		Time			Cycle	PC		Insn	Decoded instruction	Register and memory contents
          65000	         5	80000004	00000293	addi	x5,x0,0	  x0:0x00000000  x5=0x00000000
          75000	         6	80000008	00000313	addi	x6,x0,0	  x0:0x00000000  x6=0x00000000
          85000	         7	8000000c	00628263	beq	x5,x6,80000010	  x5:0x00000000  x6:0x00000000
          95000	         8	00000000	00000013	addi	x0,x0,0	  x0:0x00000000
         105000	         9	8000000c	00000013	addi	x0,x0,0	  x0:0x00000000
         115000	        10	80000010	00000917	auipc	x18,0x0	 x18=0x8000000c
         125000	        11	80000014	00c90913	addi	x18,x18,12	 x18:0x8000000c x18=0x80000018
         135000	        12	80000018	00090067	jalr	x0,x18,0	 x18:0x80000018
         145000	        13	00000000	00000013	addi	x0,x0,0	  x0:0x00000000
         155000	        14	80000018	00000013	addi	x0,x0,0	  x0:0x00000000
         165000	        15	8000001c	40000637	lui	x12,0x40000	 x12=0x40000000
         175000	        16	80000020	10060613	addi	x12,x12,256	 x12:0x40000000 x12=0x40000100
         185000	        17	80000024	00000013	addi	x0,x0,0	  x0:0x00000000
         195000	        18	80000028	0000a117	auipc	x2,0xa	  x2=0x8000a024
         205000	        19	8000002c	fa010113	addi	x2,x2,-96	  x2:0x8000a024  x2=0x80009fc4
         215000	        20	80000030	00005617	auipc	x12,0x5	 x12=0x8000502c
         225000	        21	80000034	01460613	addi	x12,x12,20	 x12:0x8000502c x12=0x80005040
         235000	        22	80000038	00166613	ori	x12,x12,1	 x12:0x80005040 x12=0x80005041
         245000	        23	8000003c	00000013	addi	x0,x0,0	  x0:0x00000000
         255000	        24	80000040	00000617	auipc	x12,0x0	 x12=0x8000003c
         265000	        25	80000044	02060613	addi	x12,x12,32	 x12:0x8000003c x12=0x8000005c
         275000	        26	80000048	00000013	addi	x0,x0,0	  x0:0x00000000
         285000	        27	8000004c	00000013	addi	x0,x0,0	  x0:0x00000000
         295000	        28	80000050	00002637	lui	x12,0x2	 x12=0x00002000
         305000	        29	80000054	80060613	addi	x12,x12,-2048	 x12:0x00002000 x12=0x00001800
         315000	        30	80000058	00000013	addi	x0,x0,0	  x0:0x00000000
         325000	        31	8000005c	00000013	addi	x0,x0,0	  x0:0x00000000
         335000	        32	80000060	f47b1037	lui	x0,0xf47b1	
         345000	        33	80000064	cfc00013	addi	x0,x0,-772	  x0:0x00000000
         355000	        34	80000068	00e00093	addi	x1,x0,14	  x0:0x00000000  x1=0x0000000e
         365000	        35	8000006c	ce6d61b7	lui	x3,0xce6d6	  x3=0xce6d6000
         375000	        36	80000070	e6818193	addi	x3,x3,-408	  x3:0xce6d6000  x3=0xce6d5e68
         385000	        37	80000074	00000293	addi	x5,x0,0	  x0:0x00000000  x5=0x00000000
         395000	        38	80000078	80000337	lui	x6,0x80000	  x6=0x80000000
         405000	        39	8000007c	00000393	addi	x7,x0,0	  x0:0x00000000  x7=0x00000000
         415000	        40	80000080	80000437	lui	x8,0x80000	  x8=0x80000000
         425000	        41	80000084	00700493	addi	x9,x0,7	  x0:0x00000000  x9=0x00000007
         435000	        42	80000088	80000537	lui	x10,0x80000	 x10=0x80000000
         445000	        43	8000008c	800005b7	lui	x11,0x80000	 x11=0x80000000
         455000	        44	80000090	80000637	lui	x12,0x80000	 x12=0x80000000
         465000	        45	80000094	00100693	addi	x13,x0,1	  x0:0x00000000 x13=0x00000001
         475000	        46	80000098	00400713	addi	x14,x0,4	  x0:0x00000000 x14=0x00000004
         485000	        47	8000009c	800007b7	lui	x15,0x80000	 x15=0x80000000
         495000	        48	800000a0	9d65e837	lui	x16,0x9d65e	 x16=0x9d65e000
         505000	        49	800000a4	54a80813	addi	x16,x16,1354	 x16:0x9d65e000 x16=0x9d65e54a
         515000	        50	800000a8	00b00893	addi	x17,x0,11	  x0:0x00000000 x17=0x0000000b
         525000	        51	800000ac	d72ac937	lui	x18,0xd72ac	 x18=0xd72ac000
         535000	        52	800000b0	a8e90913	addi	x18,x18,-1394	 x18:0xd72ac000 x18=0xd72aba8e
         545000	        53	800000b4	00600993	addi	x19,x0,6	  x0:0x00000000 x19=0x00000006
         555000	        54	800000b8	00000a13	addi	x20,x0,0	  x0:0x00000000 x20=0x00000000
         565000	        55	800000bc	00f00a93	addi	x21,x0,15	  x0:0x00000000 x21=0x0000000f
         575000	        56	800000c0	891cab37	lui	x22,0x891ca	 x22=0x891ca000
         585000	        57	800000c4	461b0b13	addi	x22,x22,1121	 x22:0x891ca000 x22=0x891ca461
         595000	        58	800000c8	00f00b93	addi	x23,x0,15	  x0:0x00000000 x23=0x0000000f
         605000	        59	800000cc	80000c37	lui	x24,0x80000	 x24=0x80000000
         615000	        60	800000d0	00000c93	addi	x25,x0,0	  x0:0x00000000 x25=0x00000000
         625000	        61	800000d4	8b95ed37	lui	x26,0x8b95e	 x26=0x8b95e000
         635000	        62	800000d8	4d6d0d13	addi	x26,x26,1238	 x26:0x8b95e000 x26=0x8b95e4d6
         645000	        63	800000dc	fab13db7	lui	x27,0xfab13	 x27=0xfab13000
         655000	        64	800000e0	8c6d8d93	addi	x27,x27,-1850	 x27:0xfab13000 x27=0xfab128c6
         665000	        65	800000e4	768b7e37	lui	x28,0x768b7	 x28=0x768b7000
         675000	        66	800000e8	017e0e13	addi	x28,x28,23	 x28:0x768b7000 x28=0x768b7017
         685000	        67	800000ec	80000eb7	lui	x29,0x80000	 x29=0x80000000
         695000	        68	800000f0	00000f13	addi	x30,x0,0	  x0:0x00000000 x30=0x00000000
         705000	        69	800000f4	00000f93	addi	x31,x0,0	  x0:0x00000000 x31=0x00000000
         715000	        70	800000f8	0000a217	auipc	x4,0xa	  x4=0x8000a0f4
         725000	        71	800000fc	e9020213	addi	x4,x4,-368	  x4:0x8000a0f4  x4=0x80009f84
         735000	        72	80000100	fe88fd13	andi	x26,x17,-24	 x17:0x0000000b x26=0x00000008
         745000	        73	80000104	011c5b93	srli	x23,x24,0x11	 x24:0x80000000 x23=0x00004000
         755000	        74	80000108	00001c17	auipc	x24,0x1	 x24=0x80001104
         765000	        75	8000010c	2c8c0c13	addi	x24,x24,712	 x24:0x80001104 x24=0x800013cc
         775000	        76	80000110	034c0c13	addi	x24,x24,52	 x24:0x800013cc x24=0x80001400
         785000	        77	80000114	01ab6cb3	or	x25,x22,x26	 x22:0x891ca461 x26:0x00000008 x25=0x891ca469
         795000	        78	80000118	01880663	beq	x16,x24,80000124	 x16:0x9d65e54a x24:0x80001400
         805000	        79	8000011c	0089dd33	srl	x26,x19,x8	 x19:0x00000006  x8:0x80000000 x26=0x00000006
         815000	        80	80000120	a4082517	auipc	x10,0xa4082	 x10=0x2408211c
         825000	        81	80000124	fccc00e7	jalr	x1,x24,-52	 x24:0x80001400  x1=0x80000124
         835000	        82	00000000	00000013	addi	x0,x0,0	  x0:0x00000000
         845000	        83	800013cc	00000013	addi	x0,x0,0	  x0:0x00000000
         855000	        84	800013d0	00527a33	and	x20,x4,x5	  x4:0x80009f84  x5:0x00000000 x20=0x00000000
         865000	        85	800013d4	40660b33	sub	x22,x12,x6	 x12:0x80000000  x6:0x80000000 x22=0x00000000
         875000	        86	800013d8	fdc20213	addi	x4,x4,-36	  x4:0x80009f84  x4=0x80009f60
         885000	        87	800013dc	40ae0b33	sub	x22,x28,x10	 x28:0x768b7017 x10:0x2408211c x22=0x52834efb
         895000	        88	800013e0	00a2ae33	slt	x28,x5,x10	  x5:0x00000000 x10:0x2408211c x28=0x00000001
         905000	        89	800013e4	40c753b3	sra	x7,x14,x12	 x14:0x00000004 x12:0x80000000  x7=0x00000004
         915000	        90	800013e8	00122223	sw	x1,4(x4)	  x4:0x80009f60  x1:0x80000124 PA:0x80009f64
         925000	        91	800013ec	3c6c5517	auipc	x10,0x3c6c5	 x10=0xbc6c63e8
         935000	        92	800013f0	be5f7317	auipc	x6,0xbe5f7	  x6=0x3e5f83ec
         945000	        93	800013f4	93aa2817	auipc	x16,0x93aa2	 x16=0x13aa33f0
         955000	        94	800013f8	41b95e33	sra	x28,x18,x27	 x18:0xd72aba8e x27:0xfab128c6 x28=0xff5caaea
         965000	        95	800013fc	0007e2b3	or	x5,x15,x0	 x15:0x80000000  x0:0x00000000  x5=0x80000000
         975000	        96	80001400	00002597	auipc	x11,0x2	 x11=0x800033fc
         985000	        97	80001404	55458593	addi	x11,x11,1364	 x11:0x800033fc x11=0x80003950
         995000	        98	80001408	d5258593	addi	x11,x11,-686	 x11:0x80003950 x11=0x800036a2
        1005000	        99	8000140c	4623c9b7	lui	x19,0x4623c	 x19=0x4623c000
        1015000	       100	80001410	01c56d33	or	x26,x10,x28	 x10:0xbc6c63e8 x28:0xff5caaea x26=0xff7cebea
        1025000	       101	80001414	01eaf863	bgeu	x21,x30,80001424	 x21:0x0000000f x30:0x00000000
        1035000	       102	00000000	00000013	addi	x0,x0,0	  x0:0x00000000
        1045000	       103	80001420	00000013	addi	x0,x0,0	  x0:0x00000000
        1055000	       104	80001424	2ae580e7	jalr	x1,x11,686	 x11:0x800036a2  x1=0x80001424
        1065000	       105	00000000	00000013	addi	x0,x0,0	  x0:0x00000000
        1075000	       106	80003950	00000013	addi	x0,x0,0	  x0:0x00000000
        1085000	       107	80003954	00ba1033	sll	x0,x20,x11	 x20:0x00000000 x11:0x800036a2
        1095000	       108	80003958	010dd533	srl	x10,x27,x16	 x27:0xfab128c6 x16:0x13aa33f0 x10=0x0000fab1
        1105000	       109	8000395c	00284a63	blt	x16,x2,80003970	 x16:0x13aa33f0  x2:0x80009fc4
        1115000	       110	80003960	764e2813	slti	x16,x28,1892	 x28:0xff5caaea x16=0x00000001
        1125000	       111	80003964	7feccb93	xori	x23,x25,2046	 x25:0x891ca469 x23=0x891ca397
        1135000	       112	80003968	010d7ab3	and	x21,x26,x16	 x26:0xff7cebea x16:0x00000001 x21=0x00000000
        1145000	       113	8000396c	d9420013	addi	x0,x4,-620	  x4:0x80009f60
        1155000	       114	80003970	fc820213	addi	x4,x4,-56	  x4:0x80009f60  x4=0x80009f28
        1165000	       115	80003974	00122223	sw	x1,4(x4)	  x4:0x80009f28  x1:0x80001424 PA:0x80009f2c
        1175000	       116	80003978	c5dfae93	slti	x29,x31,-931	 x31:0x00000000 x29=0x00000000
        1185000	       117	8000397c	00000013	addi	x0,x0,0	  x0:0x00000000
        1195000	       118	80003980	76a74393	xori	x7,x14,1898	 x14:0x00000004  x7=0x0000076e
        1205000	       119	80003984	030000ef	jal	x1,80003984	  x1=0x80003984
        1215000	       120	00000000	00000013	addi	x0,x0,0	  x0:0x00000000
        1225000	       121	800039b0	00000013	addi	x0,x0,0	  x0:0x00000000
        1235000	       122	800039b4	fddff36f	jal	x6,800039b4	  x6=0x800039b4
        1245000	       123	00000000	00000013	addi	x0,x0,0	  x0:0x00000000
        1255000	       124	8000398c	00000013	addi	x0,x0,0	  x0:0x00000000
        1265000	       125	80003990	01c000ef	jal	x1,80003990	  x1=0x80003990
        1275000	       126	00000000	00000013	addi	x0,x0,0	  x0:0x00000000
        1285000	       127	800039a8	00000013	addi	x0,x0,0	  x0:0x00000000
        1295000	       128	800039ac	ff5ff36f	jal	x6,800039ac	  x6=0x800039ac
        1305000	       129	00000000	00000013	addi	x0,x0,0	  x0:0x00000000
        1315000	       130	8000399c	00000013	addi	x0,x0,0	  x0:0x00000000
        1325000	       131	800039a0	0040056f	jal	x10,800039a0	 x10=0x800039a0
        1335000	       132	00000000	00000013	addi	x0,x0,0	  x0:0x00000000
        1345000	       133	800039a0	00000013	addi	x0,x0,0	  x0:0x00000000
        1355000	       134	800039a4	fe9ff36f	jal	x6,800039a4	  x6=0x800039a4
        1365000	       135	00000000	00000013	addi	x0,x0,0	  x0:0x00000000
        1375000	       136	80003988	00000013	addi	x0,x0,0	  x0:0x00000000
        1385000	       137	8000398c	01c000ef	jal	x1,8000398c	  x1=0x8000398c
        1395000	       138	00000000	00000013	addi	x0,x0,0	  x0:0x00000000
        1405000	       139	800039a4	00000013	addi	x0,x0,0	  x0:0x00000000
        1415000	       140	800039a8	008000ef	jal	x1,800039a8	  x1=0x800039a8
        1425000	       141	00000000	00000013	addi	x0,x0,0	  x0:0x00000000
        1435000	       142	800039ac	00000013	addi	x0,x0,0	  x0:0x00000000
        1445000	       143	800039b0	fedff8ef	jal	x17,800039b0	 x17=0x800039b0
        1455000	       144	00000000	00000013	addi	x0,x0,0	  x0:0x00000000
        1465000	       145	80003998	00000013	addi	x0,x0,0	  x0:0x00000000
        1475000	       146	8000399c	ff9ff0ef	jal	x1,8000399c	  x1=0x8000399c
        1485000	       147	00000000	00000013	addi	x0,x0,0	  x0:0x00000000
        1495000	       148	80003990	00000013	addi	x0,x0,0	  x0:0x00000000
        1505000	       149	80003994	ff5ffcef	jal	x25,80003994	 x25=0x80003994
        1515000	       150	00000000	00000013	addi	x0,x0,0	  x0:0x00000000
        1525000	       151	80003984	00000013	addi	x0,x0,0	  x0:0x00000000
        1535000	       152	80003988	010000ef	jal	x1,80003988	  x1=0x80003988
        1545000	       153	00000000	00000013	addi	x0,x0,0	  x0:0x00000000
        1555000	       154	80003994	00000013	addi	x0,x0,0	  x0:0x00000000
        1565000	       155	80003998	020000ef	jal	x1,80003998	  x1=0x80003998
        1575000	       156	00000000	00000013	addi	x0,x0,0	  x0:0x00000000
        1585000	       157	800039b4	00000013	addi	x0,x0,0	  x0:0x00000000
        1595000	       158	800039b8	00c19033	sll	x0,x3,x12	  x3:0xce6d5e68 x12:0x80000000
        1605000	       159	800039bc	038000ef	jal	x1,800039bc	  x1=0x800039bc
        1615000	       160	00000000	00000013	addi	x0,x0,0	  x0:0x00000000
        1625000	       161	800039f0	00000013	addi	x0,x0,0	  x0:0x00000000
        1635000	       162	800039f4	014000ef	jal	x1,800039f4	  x1=0x800039f4
        1645000	       163	00000000	00000013	addi	x0,x0,0	  x0:0x00000000
        1655000	       164	80003a04	00000013	addi	x0,x0,0	  x0:0x00000000
        1665000	       165	80003a08	004000ef	jal	x1,80003a08	  x1=0x80003a08
        1675000	       166	00000000	00000013	addi	x0,x0,0	  x0:0x00000000
        1685000	       167	80003a08	00000013	addi	x0,x0,0	  x0:0x00000000
        1695000	       168	80003a0c	0080036f	jal	x6,80003a0c	  x6=0x80003a0c
        1705000	       169	00000000	00000013	addi	x0,x0,0	  x0:0x00000000
        1715000	       170	80003a10	00000013	addi	x0,x0,0	  x0:0x00000000
        1725000	       171	80003a14	004000ef	jal	x1,80003a14	  x1=0x80003a14
        1735000	       172	00000000	00000013	addi	x0,x0,0	  x0:0x00000000
        1745000	       173	80003a14	00000013	addi	x0,x0,0	  x0:0x00000000
        1755000	       174	80003a18	fb9ff0ef	jal	x1,80003a18	  x1=0x80003a18
        1765000	       175	00000000	00000013	addi	x0,x0,0	  x0:0x00000000
        1775000	       176	800039cc	00000013	addi	x0,x0,0	  x0:0x00000000
        1785000	       177	800039d0	020000ef	jal	x1,800039d0	  x1=0x800039d0
        1795000	       178	00000000	00000013	addi	x0,x0,0	  x0:0x00000000
        1805000	       179	800039ec	00000013	addi	x0,x0,0	  x0:0x00000000
        1815000	       180	800039f0	00c002ef	jal	x5,800039f0	  x5=0x800039f0
        1825000	       181	00000000	00000013	addi	x0,x0,0	  x0:0x00000000
        1835000	       182	800039f8	00000013	addi	x0,x0,0	  x0:0x00000000
        1845000	       183	800039fc	fe1ff0ef	jal	x1,800039fc	  x1=0x800039fc
        1855000	       184	00000000	00000013	addi	x0,x0,0	  x0:0x00000000
        1865000	       185	800039d8	00000013	addi	x0,x0,0	  x0:0x00000000
        1875000	       186	800039dc	0400036f	jal	x6,800039dc	  x6=0x800039dc
        1885000	       187	00000000	00000013	addi	x0,x0,0	  x0:0x00000000
        1895000	       188	80003a18	00000013	addi	x0,x0,0	  x0:0x00000000
        1905000	       189	80003a1c	fa5ff56f	jal	x10,80003a1c	 x10=0x80003a1c
        1915000	       190	00000000	00000013	addi	x0,x0,0	  x0:0x00000000
        1925000	       191	800039bc	00000013	addi	x0,x0,0	  x0:0x00000000
        1935000	       192	800039c0	008000ef	jal	x1,800039c0	  x1=0x800039c0
        1945000	       193	00000000	00000013	addi	x0,x0,0	  x0:0x00000000
        1955000	       194	800039c4	00000013	addi	x0,x0,0	  x0:0x00000000
        1965000	       195	800039c8	03c0036f	jal	x6,800039c8	  x6=0x800039c8
        1975000	       196	00000000	00000013	addi	x0,x0,0	  x0:0x00000000
        1985000	       197	80003a00	00000013	addi	x0,x0,0	  x0:0x00000000
        1995000	       198	80003a04	fc1ff0ef	jal	x1,80003a04	  x1=0x80003a04
        2005000	       199	00000000	00000013	addi	x0,x0,0	  x0:0x00000000
        2015000	       200	800039c0	00000013	addi	x0,x0,0	  x0:0x00000000
        2025000	       201	800039c4	008000ef	jal	x1,800039c4	  x1=0x800039c4
        2035000	       202	00000000	00000013	addi	x0,x0,0	  x0:0x00000000
        2045000	       203	800039c8	00000013	addi	x0,x0,0	  x0:0x00000000
        2055000	       204	800039cc	008002ef	jal	x5,800039cc	  x5=0x800039cc
        2065000	       205	00000000	00000013	addi	x0,x0,0	  x0:0x00000000
        2075000	       206	800039d0	00000013	addi	x0,x0,0	  x0:0x00000000
        2085000	       207	800039d4	010000ef	jal	x1,800039d4	  x1=0x800039d4
        2095000	       208	00000000	00000013	addi	x0,x0,0	  x0:0x00000000
        2105000	       209	800039e0	00000013	addi	x0,x0,0	  x0:0x00000000
        2115000	       210	800039e4	004004ef	jal	x9,800039e4	  x9=0x800039e4
        2125000	       211	00000000	00000013	addi	x0,x0,0	  x0:0x00000000
        2135000	       212	800039e4	00000013	addi	x0,x0,0	  x0:0x00000000
        2145000	       213	800039e8	ff1ff0ef	jal	x1,800039e8	  x1=0x800039e8
        2155000	       214	00000000	00000013	addi	x0,x0,0	  x0:0x00000000
        2165000	       215	800039d4	00000013	addi	x0,x0,0	  x0:0x00000000
        2175000	       216	800039d8	02000b6f	jal	x22,800039d8	 x22=0x800039d8
        2185000	       217	00000000	00000013	addi	x0,x0,0	  x0:0x00000000
        2195000	       218	800039f4	00000013	addi	x0,x0,0	  x0:0x00000000
        2205000	       219	800039f8	008000ef	jal	x1,800039f8	  x1=0x800039f8
        2215000	       220	00000000	00000013	addi	x0,x0,0	  x0:0x00000000
        2225000	       221	800039fc	00000013	addi	x0,x0,0	  x0:0x00000000
        2235000	       222	80003a00	fe1ff6ef	jal	x13,80003a00	 x13=0x80003a00
        2245000	       223	00000000	00000013	addi	x0,x0,0	  x0:0x00000000
        2255000	       224	800039dc	00000013	addi	x0,x0,0	  x0:0x00000000
        2265000	       225	800039e0	00c000ef	jal	x1,800039e0	  x1=0x800039e0
        2275000	       226	00000000	00000013	addi	x0,x0,0	  x0:0x00000000
        2285000	       227	800039e8	00000013	addi	x0,x0,0	  x0:0x00000000
        2295000	       228	800039ec	0240086f	jal	x16,800039ec	 x16=0x800039ec
        2305000	       229	00000000	00000013	addi	x0,x0,0	  x0:0x00000000
        2315000	       230	80003a0c	00000013	addi	x0,x0,0	  x0:0x00000000
        2325000	       231	80003a10	010000ef	jal	x1,80003a10	  x1=0x80003a10
        2335000	       232	00000000	00000013	addi	x0,x0,0	  x0:0x00000000
        2345000	       233	80003a1c	00000013	addi	x0,x0,0	  x0:0x00000000
        2355000	       234	80003a20	00000013	addi	x0,x0,0	  x0:0x00000000
        2365000	       235	80003a24	00c000ef	jal	x1,80003a24	  x1=0x80003a24
        2375000	       236	00000000	00000013	addi	x0,x0,0	  x0:0x00000000
        2385000	       237	80003a2c	00000013	addi	x0,x0,0	  x0:0x00000000
        2395000	       238	80003a30	00c000ef	jal	x1,80003a30	  x1=0x80003a30
        2405000	       239	00000000	00000013	addi	x0,x0,0	  x0:0x00000000
        2415000	       240	80003a38	00000013	addi	x0,x0,0	  x0:0x00000000
        2425000	       241	80003a3c	014000ef	jal	x1,80003a3c	  x1=0x80003a3c
        2435000	       242	00000000	00000013	addi	x0,x0,0	  x0:0x00000000
        2445000	       243	80003a4c	00000013	addi	x0,x0,0	  x0:0x00000000
        2455000	       244	80003a50	0040036f	jal	x6,80003a50	  x6=0x80003a50
        2465000	       245	00000000	00000013	addi	x0,x0,0	  x0:0x00000000
        2475000	       246	80003a50	00000013	addi	x0,x0,0	  x0:0x00000000
        2485000	       247	80003a54	fd9ff2ef	jal	x5,80003a54	  x5=0x80003a54
        2495000	       248	00000000	00000013	addi	x0,x0,0	  x0:0x00000000
        2505000	       249	80003a28	00000013	addi	x0,x0,0	  x0:0x00000000
        2515000	       250	80003a2c	020000ef	jal	x1,80003a2c	  x1=0x80003a2c
        2525000	       251	00000000	00000013	addi	x0,x0,0	  x0:0x00000000
        2535000	       252	80003a48	00000013	addi	x0,x0,0	  x0:0x00000000
        2545000	       253	80003a4c	038000ef	jal	x1,80003a4c	  x1=0x80003a4c
        2555000	       254	00000000	00000013	addi	x0,x0,0	  x0:0x00000000
        2565000	       255	80003a80	00000013	addi	x0,x0,0	  x0:0x00000000
        2575000	       256	80003a84	fd5ff0ef	jal	x1,80003a84	  x1=0x80003a84
        2585000	       257	00000000	00000013	addi	x0,x0,0	  x0:0x00000000
        2595000	       258	80003a54	00000013	addi	x0,x0,0	  x0:0x00000000
        2605000	       259	80003a58	fddff0ef	jal	x1,80003a58	  x1=0x80003a58
        2615000	       260	00000000	00000013	addi	x0,x0,0	  x0:0x00000000
        2625000	       261	80003a30	00000013	addi	x0,x0,0	  x0:0x00000000
        2635000	       262	80003a34	0380036f	jal	x6,80003a34	  x6=0x80003a34
        2645000	       263	00000000	00000013	addi	x0,x0,0	  x0:0x00000000
        2655000	       264	80003a68	00000013	addi	x0,x0,0	  x0:0x00000000
        2665000	       265	80003a6c	008000ef	jal	x1,80003a6c	  x1=0x80003a6c
        2675000	       266	00000000	00000013	addi	x0,x0,0	  x0:0x00000000
        2685000	       267	80003a70	00000013	addi	x0,x0,0	  x0:0x00000000
        2695000	       268	80003a74	fb5ff0ef	jal	x1,80003a74	  x1=0x80003a74
        2705000	       269	00000000	00000013	addi	x0,x0,0	  x0:0x00000000
        2715000	       270	80003a24	00000013	addi	x0,x0,0	  x0:0x00000000
        2725000	       271	80003a28	02000d6f	jal	x26,80003a28	 x26=0x80003a28
        2735000	       272	00000000	00000013	addi	x0,x0,0	  x0:0x00000000
        2745000	       273	80003a44	00000013	addi	x0,x0,0	  x0:0x00000000
        2755000	       274	80003a48	0280036f	jal	x6,80003a48	  x6=0x80003a48
        2765000	       275	00000000	00000013	addi	x0,x0,0	  x0:0x00000000
        2775000	       276	80003a6c	00000013	addi	x0,x0,0	  x0:0x00000000
        2785000	       277	80003a70	ff1ff36f	jal	x6,80003a70	  x6=0x80003a70
        2795000	       278	00000000	00000013	addi	x0,x0,0	  x0:0x00000000
        2805000	       279	80003a5c	00000013	addi	x0,x0,0	  x0:0x00000000
        2815000	       280	80003a60	028000ef	jal	x1,80003a60	  x1=0x80003a60
        2825000	       281	00000000	00000013	addi	x0,x0,0	  x0:0x00000000
        2835000	       282	80003a84	00000013	addi	x0,x0,0	  x0:0x00000000
        2845000	       283	80003a88	fbdff1ef	jal	x3,80003a88	  x3=0x80003a88
        2855000	       284	00000000	00000013	addi	x0,x0,0	  x0:0x00000000
        2865000	       285	80003a40	00000013	addi	x0,x0,0	  x0:0x00000000
        2875000	       286	80003a44	ff5ff0ef	jal	x1,80003a44	  x1=0x80003a44
        2885000	       287	00000000	00000013	addi	x0,x0,0	  x0:0x00000000
        2895000	       288	80003a34	00000013	addi	x0,x0,0	  x0:0x00000000
        2905000	       289	80003a38	040002ef	jal	x5,80003a38	  x5=0x80003a38
        2915000	       290	00000000	00000013	addi	x0,x0,0	  x0:0x00000000
        2925000	       291	80003a74	00000013	addi	x0,x0,0	  x0:0x00000000
        2935000	       292	80003a78	fedff36f	jal	x6,80003a78	  x6=0x80003a78
        2945000	       293	00000000	00000013	addi	x0,x0,0	  x0:0x00000000
        2955000	       294	80003a60	00000013	addi	x0,x0,0	  x0:0x00000000
        2965000	       295	80003a64	fddff8ef	jal	x17,80003a64	 x17=0x80003a64
        2975000	       296	00000000	00000013	addi	x0,x0,0	  x0:0x00000000
        2985000	       297	80003a3c	00000013	addi	x0,x0,0	  x0:0x00000000
        2995000	       298	80003a40	028000ef	jal	x1,80003a40	  x1=0x80003a40
        3005000	       299	00000000	00000013	addi	x0,x0,0	  x0:0x00000000
        3015000	       300	80003a64	00000013	addi	x0,x0,0	  x0:0x00000000
        3025000	       301	80003a68	018000ef	jal	x1,80003a68	  x1=0x80003a68
        3035000	       302	00000000	00000013	addi	x0,x0,0	  x0:0x00000000
        3045000	       303	80003a7c	00000013	addi	x0,x0,0	  x0:0x00000000
        3055000	       304	80003a80	fddff5ef	jal	x11,80003a80	 x11=0x80003a80
        3065000	       305	00000000	00000013	addi	x0,x0,0	  x0:0x00000000
        3075000	       306	80003a58	00000013	addi	x0,x0,0	  x0:0x00000000
        3085000	       307	80003a5c	020000ef	jal	x1,80003a5c	  x1=0x80003a5c
        3095000	       308	00000000	00000013	addi	x0,x0,0	  x0:0x00000000
        3105000	       309	80003a78	00000013	addi	x0,x0,0	  x0:0x00000000
        3115000	       310	80003a7c	0100036f	jal	x6,80003a7c	  x6=0x80003a7c
        3125000	       311	00000000	00000013	addi	x0,x0,0	  x0:0x00000000
        3135000	       312	80003a88	00000013	addi	x0,x0,0	  x0:0x00000000
        3145000	       313	80003a8c	0078db13	srli	x22,x17,0x7	 x17:0x80003a64 x22=0x01000074
        3155000	       314	80003a90	030000ef	jal	x1,80003a90	  x1=0x80003a90
        3165000	       315	00000000	00000013	addi	x0,x0,0	  x0:0x00000000
        3175000	       316	80003abc	00000013	addi	x0,x0,0	  x0:0x00000000
        3185000	       317	80003ac0	fddff7ef	jal	x15,80003ac0	 x15=0x80003ac0
        3195000	       318	00000000	00000013	addi	x0,x0,0	  x0:0x00000000
        3205000	       319	80003a98	00000013	addi	x0,x0,0	  x0:0x00000000
        3215000	       320	80003a9c	058000ef	jal	x1,80003a9c	  x1=0x80003a9c
        3225000	       321	00000000	00000013	addi	x0,x0,0	  x0:0x00000000
        3235000	       322	80003af0	00000013	addi	x0,x0,0	  x0:0x00000000
        3245000	       323	80003af4	fbdff86f	jal	x16,80003af4	 x16=0x80003af4
        3255000	       324	00000000	00000013	addi	x0,x0,0	  x0:0x00000000
        3265000	       325	80003aac	00000013	addi	x0,x0,0	  x0:0x00000000
        3275000	       326	80003ab0	fe9ff36f	jal	x6,80003ab0	  x6=0x80003ab0
        3285000	       327	00000000	00000013	addi	x0,x0,0	  x0:0x00000000
        3295000	       328	80003a94	00000013	addi	x0,x0,0	  x0:0x00000000
        3305000	       329	80003a98	02c000ef	jal	x1,80003a98	  x1=0x80003a98
        3315000	       330	00000000	00000013	addi	x0,x0,0	  x0:0x00000000
        3325000	       331	80003ac0	00000013	addi	x0,x0,0	  x0:0x00000000
        3335000	       332	80003ac4	ff9ff76f	jal	x14,80003ac4	 x14=0x80003ac4
        3345000	       333	00000000	00000013	addi	x0,x0,0	  x0:0x00000000
        3355000	       334	80003ab8	00000013	addi	x0,x0,0	  x0:0x00000000
        3365000	       335	80003abc	02c000ef	jal	x1,80003abc	  x1=0x80003abc
        3375000	       336	00000000	00000013	addi	x0,x0,0	  x0:0x00000000
        3385000	       337	80003ae4	00000013	addi	x0,x0,0	  x0:0x00000000
        3395000	       338	80003ae8	ff5ff5ef	jal	x11,80003ae8	 x11=0x80003ae8
        3405000	       339	00000000	00000013	addi	x0,x0,0	  x0:0x00000000
        3415000	       340	80003ad8	00000013	addi	x0,x0,0	  x0:0x00000000
        3425000	       341	80003adc	008001ef	jal	x3,80003adc	  x3=0x80003adc
        3435000	       342	00000000	00000013	addi	x0,x0,0	  x0:0x00000000
        3445000	       343	80003ae0	00000013	addi	x0,x0,0	  x0:0x00000000
        3455000	       344	80003ae4	fb1ff2ef	jal	x5,80003ae4	  x5=0x80003ae4
        3465000	       345	00000000	00000013	addi	x0,x0,0	  x0:0x00000000
        3475000	       346	80003a90	00000013	addi	x0,x0,0	  x0:0x00000000
        3485000	       347	80003a94	0240036f	jal	x6,80003a94	  x6=0x80003a94
        3495000	       348	00000000	00000013	addi	x0,x0,0	  x0:0x00000000
        3505000	       349	80003ab4	00000013	addi	x0,x0,0	  x0:0x00000000
        3515000	       350	80003ab8	fe9ff0ef	jal	x1,80003ab8	  x1=0x80003ab8
        3525000	       351	00000000	00000013	addi	x0,x0,0	  x0:0x00000000
        3535000	       352	80003a9c	00000013	addi	x0,x0,0	  x0:0x00000000
        3545000	       353	80003aa0	030002ef	jal	x5,80003aa0	  x5=0x80003aa0
        3555000	       354	00000000	00000013	addi	x0,x0,0	  x0:0x00000000
        3565000	       355	80003acc	00000013	addi	x0,x0,0	  x0:0x00000000
        3575000	       356	80003ad0	0040036f	jal	x6,80003ad0	  x6=0x80003ad0
        3585000	       357	00000000	00000013	addi	x0,x0,0	  x0:0x00000000
        3595000	       358	80003ad0	00000013	addi	x0,x0,0	  x0:0x00000000
        3605000	       359	80003ad4	0040036f	jal	x6,80003ad4	  x6=0x80003ad4
        3615000	       360	00000000	00000013	addi	x0,x0,0	  x0:0x00000000
        3625000	       361	80003ad4	00000013	addi	x0,x0,0	  x0:0x00000000
        3635000	       362	80003ad8	ff1ff0ef	jal	x1,80003ad8	  x1=0x80003ad8
        3645000	       363	00000000	00000013	addi	x0,x0,0	  x0:0x00000000
        3655000	       364	80003ac4	00000013	addi	x0,x0,0	  x0:0x00000000
        3665000	       365	80003ac8	fe5ffcef	jal	x25,80003ac8	 x25=0x80003ac8
        3675000	       366	00000000	00000013	addi	x0,x0,0	  x0:0x00000000
        3685000	       367	80003aa8	00000013	addi	x0,x0,0	  x0:0x00000000
        3695000	       368	80003aac	0340036f	jal	x6,80003aac	  x6=0x80003aac
        3705000	       369	00000000	00000013	addi	x0,x0,0	  x0:0x00000000
        3715000	       370	80003adc	00000013	addi	x0,x0,0	  x0:0x00000000
        3725000	       371	80003ae0	fc9ff36f	jal	x6,80003ae0	  x6=0x80003ae0
        3735000	       372	00000000	00000013	addi	x0,x0,0	  x0:0x00000000
        3745000	       373	80003aa4	00000013	addi	x0,x0,0	  x0:0x00000000
        3755000	       374	80003aa8	00c000ef	jal	x1,80003aa8	  x1=0x80003aa8
        3765000	       375	00000000	00000013	addi	x0,x0,0	  x0:0x00000000
        3775000	       376	80003ab0	00000013	addi	x0,x0,0	  x0:0x00000000
        3785000	       377	80003ab4	0180076f	jal	x14,80003ab4	 x14=0x80003ab4
        3795000	       378	00000000	00000013	addi	x0,x0,0	  x0:0x00000000
        3805000	       379	80003ac8	00000013	addi	x0,x0,0	  x0:0x00000000
        3815000	       380	80003acc	fd9ff1ef	jal	x3,80003acc	  x3=0x80003acc
        3825000	       381	00000000	00000013	addi	x0,x0,0	  x0:0x00000000
        3835000	       382	80003aa0	00000013	addi	x0,x0,0	  x0:0x00000000
        3845000	       383	80003aa4	048001ef	jal	x3,80003aa4	  x3=0x80003aa4
        3855000	       384	00000000	00000013	addi	x0,x0,0	  x0:0x00000000
        3865000	       385	80003ae8	00000013	addi	x0,x0,0	  x0:0x00000000
        3875000	       386	80003aec	00400a6f	jal	x20,80003aec	 x20=0x80003aec
        3885000	       387	00000000	00000013	addi	x0,x0,0	  x0:0x00000000
        3895000	       388	80003aec	00000013	addi	x0,x0,0	  x0:0x00000000
        3905000	       389	80003af0	008000ef	jal	x1,80003af0	  x1=0x80003af0
        3915000	       390	00000000	00000013	addi	x0,x0,0	  x0:0x00000000
        3925000	       391	80003af4	00000013	addi	x0,x0,0	  x0:0x00000000
        3935000	       392	80003af8	00cf5d13	srli	x26,x30,0xc	 x30:0x00000000 x26=0x00000000
        3945000	       393	80003afc	044000ef	jal	x1,80003afc	  x1=0x80003afc
        3955000	       394	00000000	00000013	addi	x0,x0,0	  x0:0x00000000
        3965000	       395	80003b3c	00000013	addi	x0,x0,0	  x0:0x00000000
        3975000	       396	80003b40	fc5ff4ef	jal	x9,80003b40	  x9=0x80003b40
        3985000	       397	00000000	00000013	addi	x0,x0,0	  x0:0x00000000
        3995000	       398	80003b00	00000013	addi	x0,x0,0	  x0:0x00000000
        4005000	       399	80003b04	0440066f	jal	x12,80003b04	 x12=0x80003b04
        4015000	       400	00000000	00000013	addi	x0,x0,0	  x0:0x00000000
        4025000	       401	80003b44	00000013	addi	x0,x0,0	  x0:0x00000000
        4035000	       402	80003b48	fd1ff0ef	jal	x1,80003b48	  x1=0x80003b48
        4045000	       403	00000000	00000013	addi	x0,x0,0	  x0:0x00000000
        4055000	       404	80003b14	00000013	addi	x0,x0,0	  x0:0x00000000
        4065000	       405	80003b18	ff9ff2ef	jal	x5,80003b18	  x5=0x80003b18
        4075000	       406	00000000	00000013	addi	x0,x0,0	  x0:0x00000000
        4085000	       407	80003b0c	00000013	addi	x0,x0,0	  x0:0x00000000
        4095000	       408	80003b10	01c000ef	jal	x1,80003b10	  x1=0x80003b10
        4105000	       409	00000000	00000013	addi	x0,x0,0	  x0:0x00000000
        4115000	       410	80003b28	00000013	addi	x0,x0,0	  x0:0x00000000
        4125000	       411	80003b2c	fe1ff36f	jal	x6,80003b2c	  x6=0x80003b2c
        4135000	       412	00000000	00000013	addi	x0,x0,0	  x0:0x00000000
        4145000	       413	80003b08	00000013	addi	x0,x0,0	  x0:0x00000000
        4155000	       414	80003b0c	038002ef	jal	x5,80003b0c	  x5=0x80003b0c
        4165000	       415	00000000	00000013	addi	x0,x0,0	  x0:0x00000000
        4175000	       416	80003b40	00000013	addi	x0,x0,0	  x0:0x00000000
        4185000	       417	80003b44	ff5ff56f	jal	x10,80003b44	 x10=0x80003b44
        4195000	       418	00000000	00000013	addi	x0,x0,0	  x0:0x00000000
        4205000	       419	80003b34	00000013	addi	x0,x0,0	  x0:0x00000000
        4215000	       420	80003b38	fc9ff8ef	jal	x17,80003b38	 x17=0x80003b38
        4225000	       421	00000000	00000013	addi	x0,x0,0	  x0:0x00000000
        4235000	       422	80003afc	00000013	addi	x0,x0,0	  x0:0x00000000
        4245000	       423	80003b00	020000ef	jal	x1,80003b00	  x1=0x80003b00
        4255000	       424	00000000	00000013	addi	x0,x0,0	  x0:0x00000000
        4265000	       425	80003b1c	00000013	addi	x0,x0,0	  x0:0x00000000
        4275000	       426	80003b20	0100036f	jal	x6,80003b20	  x6=0x80003b20
        4285000	       427	00000000	00000013	addi	x0,x0,0	  x0:0x00000000
        4295000	       428	80003b2c	00000013	addi	x0,x0,0	  x0:0x00000000
        4305000	       429	80003b30	0040036f	jal	x6,80003b30	  x6=0x80003b30
        4315000	       430	00000000	00000013	addi	x0,x0,0	  x0:0x00000000
        4325000	       431	80003b30	00000013	addi	x0,x0,0	  x0:0x00000000
        4335000	       432	80003b34	ff5ff0ef	jal	x1,80003b34	  x1=0x80003b34
        4345000	       433	00000000	00000013	addi	x0,x0,0	  x0:0x00000000
        4355000	       434	80003b24	00000013	addi	x0,x0,0	  x0:0x00000000
        4365000	       435	80003b28	ffdff0ef	jal	x1,80003b28	  x1=0x80003b28
        4375000	       436	00000000	00000013	addi	x0,x0,0	  x0:0x00000000
        4385000	       437	80003b20	00000013	addi	x0,x0,0	  x0:0x00000000
        4395000	       438	80003b24	028000ef	jal	x1,80003b24	  x1=0x80003b24
        4405000	       439	00000000	00000013	addi	x0,x0,0	  x0:0x00000000
        4415000	       440	80003b48	00000013	addi	x0,x0,0	  x0:0x00000000
        4425000	       441	80003b4c	ff1ff36f	jal	x6,80003b4c	  x6=0x80003b4c
        4435000	       442	00000000	00000013	addi	x0,x0,0	  x0:0x00000000
        4445000	       443	80003b38	00000013	addi	x0,x0,0	  x0:0x00000000
        4455000	       444	80003b3c	fd9ffd6f	jal	x26,80003b3c	 x26=0x80003b3c
        4465000	       445	00000000	00000013	addi	x0,x0,0	  x0:0x00000000
        4475000	       446	80003b10	00000013	addi	x0,x0,0	  x0:0x00000000
        4485000	       447	80003b14	ff5ff2ef	jal	x5,80003b14	  x5=0x80003b14
        4495000	       448	00000000	00000013	addi	x0,x0,0	  x0:0x00000000
        4505000	       449	80003b04	00000013	addi	x0,x0,0	  x0:0x00000000
        4515000	       450	80003b08	014000ef	jal	x1,80003b08	  x1=0x80003b08
        4525000	       451	00000000	00000013	addi	x0,x0,0	  x0:0x00000000
        4535000	       452	80003b18	00000013	addi	x0,x0,0	  x0:0x00000000
        4545000	       453	80003b1c	034000ef	jal	x1,80003b1c	  x1=0x80003b1c
        4555000	       454	00000000	00000013	addi	x0,x0,0	  x0:0x00000000
        4565000	       455	80003b4c	00000013	addi	x0,x0,0	  x0:0x00000000
        4575000	       456	80003b50	00f345b3	xor	x11,x6,x15	  x6:0x80003b4c x15:0x80003ac0 x11=0x0000018c
        4585000	       457	80003b54	048000ef	jal	x1,80003b54	  x1=0x80003b54
        4595000	       458	00000000	00000013	addi	x0,x0,0	  x0:0x00000000
        4605000	       459	80003b98	00000013	addi	x0,x0,0	  x0:0x00000000
        4615000	       460	80003b9c	fedff0ef	jal	x1,80003b9c	  x1=0x80003b9c
        4625000	       461	00000000	00000013	addi	x0,x0,0	  x0:0x00000000
        4635000	       462	80003b84	00000013	addi	x0,x0,0	  x0:0x00000000
        4645000	       463	80003b88	fd5ff0ef	jal	x1,80003b88	  x1=0x80003b88
        4655000	       464	00000000	00000013	addi	x0,x0,0	  x0:0x00000000
        4665000	       465	80003b58	00000013	addi	x0,x0,0	  x0:0x00000000
        4675000	       466	80003b5c	010000ef	jal	x1,80003b5c	  x1=0x80003b5c
        4685000	       467	00000000	00000013	addi	x0,x0,0	  x0:0x00000000
        4695000	       468	80003b68	00000013	addi	x0,x0,0	  x0:0x00000000
        4705000	       469	80003b6c	05c000ef	jal	x1,80003b6c	  x1=0x80003b6c
        4715000	       470	00000000	00000013	addi	x0,x0,0	  x0:0x00000000
        4725000	       471	80003bc4	00000013	addi	x0,x0,0	  x0:0x00000000
        4735000	       472	80003bc8	ff5ffaef	jal	x21,80003bc8	 x21=0x80003bc8
        4745000	       473	00000000	00000013	addi	x0,x0,0	  x0:0x00000000
        4755000	       474	80003bb8	00000013	addi	x0,x0,0	  x0:0x00000000
        4765000	       475	80003bbc	ffdffe6f	jal	x28,80003bbc	 x28=0x80003bbc
        4775000	       476	00000000	00000013	addi	x0,x0,0	  x0:0x00000000
        4785000	       477	80003bb4	00000013	addi	x0,x0,0	  x0:0x00000000
        4795000	       478	80003bb8	fedff7ef	jal	x15,80003bb8	 x15=0x80003bb8
        4805000	       479	00000000	00000013	addi	x0,x0,0	  x0:0x00000000
        4815000	       480	80003ba0	00000013	addi	x0,x0,0	  x0:0x00000000
        4825000	       481	80003ba4	fd1ff0ef	jal	x1,80003ba4	  x1=0x80003ba4
        4835000	       482	00000000	00000013	addi	x0,x0,0	  x0:0x00000000
        4845000	       483	80003b70	00000013	addi	x0,x0,0	  x0:0x00000000
        4855000	       484	80003b74	00c000ef	jal	x1,80003b74	  x1=0x80003b74
        4865000	       485	00000000	00000013	addi	x0,x0,0	  x0:0x00000000
        4875000	       486	80003b7c	00000013	addi	x0,x0,0	  x0:0x00000000
        4885000	       487	80003b80	ff1ff0ef	jal	x1,80003b80	  x1=0x80003b80
        4895000	       488	00000000	00000013	addi	x0,x0,0	  x0:0x00000000
        4905000	       489	80003b6c	00000013	addi	x0,x0,0	  x0:0x00000000
        4915000	       490	80003b70	0380036f	jal	x6,80003b70	  x6=0x80003b70
        4925000	       491	00000000	00000013	addi	x0,x0,0	  x0:0x00000000
        4935000	       492	80003ba4	00000013	addi	x0,x0,0	  x0:0x00000000
        4945000	       493	80003ba8	fbdffdef	jal	x27,80003ba8	 x27=0x80003ba8
        4955000	       494	00000000	00000013	addi	x0,x0,0	  x0:0x00000000
        4965000	       495	80003b60	00000013	addi	x0,x0,0	  x0:0x00000000
        4975000	       496	80003b64	ffdff36f	jal	x6,80003b64	  x6=0x80003b64
        4985000	       497	00000000	00000013	addi	x0,x0,0	  x0:0x00000000
        4995000	       498	80003b5c	00000013	addi	x0,x0,0	  x0:0x00000000
        5005000	       499	80003b60	040000ef	jal	x1,80003b60	  x1=0x80003b60
        5015000	       500	00000000	00000013	addi	x0,x0,0	  x0:0x00000000
        5025000	       501	80003b9c	00000013	addi	x0,x0,0	  x0:0x00000000
        5035000	       502	80003ba0	02c000ef	jal	x1,80003ba0	  x1=0x80003ba0
        5045000	       503	00000000	00000013	addi	x0,x0,0	  x0:0x00000000
        5055000	       504	80003bc8	00000013	addi	x0,x0,0	  x0:0x00000000
        5065000	       505	80003bcc	f9dff36f	jal	x6,80003bcc	  x6=0x80003bcc
        5075000	       506	00000000	00000013	addi	x0,x0,0	  x0:0x00000000
        5085000	       507	80003b64	00000013	addi	x0,x0,0	  x0:0x00000000
        5095000	       508	80003b68	044000ef	jal	x1,80003b68	  x1=0x80003b68
        5105000	       509	00000000	00000013	addi	x0,x0,0	  x0:0x00000000
        5115000	       510	80003ba8	00000013	addi	x0,x0,0	  x0:0x00000000
        5125000	       511	80003bac	0140066f	jal	x12,80003bac	 x12=0x80003bac
        5135000	       512	00000000	00000013	addi	x0,x0,0	  x0:0x00000000
        5145000	       513	80003bbc	00000013	addi	x0,x0,0	  x0:0x00000000
        5155000	       514	80003bc0	ff5ff0ef	jal	x1,80003bc0	  x1=0x80003bc0
        5165000	       515	00000000	00000013	addi	x0,x0,0	  x0:0x00000000
        5175000	       516	80003bb0	00000013	addi	x0,x0,0	  x0:0x00000000
        5185000	       517	80003bb4	fa5ff0ef	jal	x1,80003bb4	  x1=0x80003bb4
        5195000	       518	00000000	00000013	addi	x0,x0,0	  x0:0x00000000
        5205000	       519	80003b54	00000013	addi	x0,x0,0	  x0:0x00000000
        5215000	       520	80003b58	020002ef	jal	x5,80003b58	  x5=0x80003b58
        5225000	       521	00000000	00000013	addi	x0,x0,0	  x0:0x00000000
        5235000	       522	80003b74	00000013	addi	x0,x0,0	  x0:0x00000000
        5245000	       523	80003b78	01c000ef	jal	x1,80003b78	  x1=0x80003b78
        5255000	       524	00000000	00000013	addi	x0,x0,0	  x0:0x00000000
        5265000	       525	80003b90	00000013	addi	x0,x0,0	  x0:0x00000000
        5275000	       526	80003b94	0300036f	jal	x6,80003b94	  x6=0x80003b94
        5285000	       527	00000000	00000013	addi	x0,x0,0	  x0:0x00000000
        5295000	       528	80003bc0	00000013	addi	x0,x0,0	  x0:0x00000000
        5305000	       529	80003bc4	fb9ff2ef	jal	x5,80003bc4	  x5=0x80003bc4
        5315000	       530	00000000	00000013	addi	x0,x0,0	  x0:0x00000000
        5325000	       531	80003b78	00000013	addi	x0,x0,0	  x0:0x00000000
        5335000	       532	80003b7c	01c000ef	jal	x1,80003b7c	  x1=0x80003b7c
        5345000	       533	00000000	00000013	addi	x0,x0,0	  x0:0x00000000
        5355000	       534	80003b94	00000013	addi	x0,x0,0	  x0:0x00000000
        5365000	       535	80003b98	ff5ff0ef	jal	x1,80003b98	  x1=0x80003b98
        5375000	       536	00000000	00000013	addi	x0,x0,0	  x0:0x00000000
        5385000	       537	80003b88	00000013	addi	x0,x0,0	  x0:0x00000000
        5395000	       538	80003b8c	ff9ff1ef	jal	x3,80003b8c	  x3=0x80003b8c
        5405000	       539	00000000	00000013	addi	x0,x0,0	  x0:0x00000000
        5415000	       540	80003b80	00000013	addi	x0,x0,0	  x0:0x00000000
        5425000	       541	80003b84	02c000ef	jal	x1,80003b84	  x1=0x80003b84
        5435000	       542	00000000	00000013	addi	x0,x0,0	  x0:0x00000000
        5445000	       543	80003bac	00000013	addi	x0,x0,0	  x0:0x00000000
        5455000	       544	80003bb0	fe1ff0ef	jal	x1,80003bb0	  x1=0x80003bb0
        5465000	       545	00000000	00000013	addi	x0,x0,0	  x0:0x00000000
        5475000	       546	80003b8c	00000013	addi	x0,x0,0	  x0:0x00000000
        5485000	       547	80003b90	040008ef	jal	x17,80003b90	 x17=0x80003b90
        5495000	       548	00000000	00000013	addi	x0,x0,0	  x0:0x00000000
        5505000	       549	80003bcc	00000013	addi	x0,x0,0	  x0:0x00000000
        5515000	       550	80003bd0	fab67293	andi	x5,x12,-85	 x12:0x80003bac  x5=0x80003ba8
        5525000	       551	80003bd4	008000ef	jal	x1,80003bd4	  x1=0x80003bd4
        5535000	       552	00000000	00000013	addi	x0,x0,0	  x0:0x00000000
        5545000	       553	80003bd8	00000013	addi	x0,x0,0	  x0:0x00000000
        5555000	       554	80003bdc	040000ef	jal	x1,80003bdc	  x1=0x80003bdc
        5565000	       555	00000000	00000013	addi	x0,x0,0	  x0:0x00000000
        5575000	       556	80003c18	00000013	addi	x0,x0,0	  x0:0x00000000
        5585000	       557	80003c1c	004000ef	jal	x1,80003c1c	  x1=0x80003c1c
        5595000	       558	00000000	00000013	addi	x0,x0,0	  x0:0x00000000
        5605000	       559	80003c1c	00000013	addi	x0,x0,0	  x0:0x00000000
        5615000	       560	80003c20	fc1ff0ef	jal	x1,80003c20	  x1=0x80003c20
        5625000	       561	00000000	00000013	addi	x0,x0,0	  x0:0x00000000
        5635000	       562	80003bdc	00000013	addi	x0,x0,0	  x0:0x00000000
        5645000	       563	80003be0	020009ef	jal	x19,80003be0	 x19=0x80003be0
        5655000	       564	00000000	00000013	addi	x0,x0,0	  x0:0x00000000
        5665000	       565	80003bfc	00000013	addi	x0,x0,0	  x0:0x00000000
        5675000	       566	80003c00	ffdffeef	jal	x29,80003c00	 x29=0x80003c00
        5685000	       567	00000000	00000013	addi	x0,x0,0	  x0:0x00000000
        5695000	       568	80003bf8	00000013	addi	x0,x0,0	  x0:0x00000000
        5705000	       569	80003bfc	0300036f	jal	x6,80003bfc	  x6=0x80003bfc
        5715000	       570	00000000	00000013	addi	x0,x0,0	  x0:0x00000000
        5725000	       571	80003c28	00000013	addi	x0,x0,0	  x0:0x00000000
        5735000	       572	80003c2c	fb9ffb6f	jal	x22,80003c2c	 x22=0x80003c2c
        5745000	       573	00000000	00000013	addi	x0,x0,0	  x0:0x00000000
        5755000	       574	80003be0	00000013	addi	x0,x0,0	  x0:0x00000000
        5765000	       575	80003be4	0040036f	jal	x6,80003be4	  x6=0x80003be4
        5775000	       576	00000000	00000013	addi	x0,x0,0	  x0:0x00000000
        5785000	       577	80003be4	00000013	addi	x0,x0,0	  x0:0x00000000
        5795000	       578	80003be8	01c0036f	jal	x6,80003be8	  x6=0x80003be8
        5805000	       579	00000000	00000013	addi	x0,x0,0	  x0:0x00000000
        5815000	       580	80003c00	00000013	addi	x0,x0,0	  x0:0x00000000
        5825000	       581	80003c04	fedff9ef	jal	x19,80003c04	 x19=0x80003c04
        5835000	       582	00000000	00000013	addi	x0,x0,0	  x0:0x00000000
        5845000	       583	80003bec	00000013	addi	x0,x0,0	  x0:0x00000000
        5855000	       584	80003bf0	fe9ff36f	jal	x6,80003bf0	  x6=0x80003bf0
        5865000	       585	00000000	00000013	addi	x0,x0,0	  x0:0x00000000
        5875000	       586	80003bd4	00000013	addi	x0,x0,0	  x0:0x00000000
        5885000	       587	80003bd8	050000ef	jal	x1,80003bd8	  x1=0x80003bd8
        5895000	       588	00000000	00000013	addi	x0,x0,0	  x0:0x00000000
        5905000	       589	80003c24	00000013	addi	x0,x0,0	  x0:0x00000000
        5915000	       590	80003c28	fedff0ef	jal	x1,80003c28	  x1=0x80003c28
        5925000	       591	00000000	00000013	addi	x0,x0,0	  x0:0x00000000
        5935000	       592	80003c10	00000013	addi	x0,x0,0	  x0:0x00000000
        5945000	       593	80003c14	ff9ff36f	jal	x6,80003c14	  x6=0x80003c14
        5955000	       594	00000000	00000013	addi	x0,x0,0	  x0:0x00000000
        5965000	       595	80003c08	00000013	addi	x0,x0,0	  x0:0x00000000
        5975000	       596	80003c0c	004000ef	jal	x1,80003c0c	  x1=0x80003c0c
        5985000	       597	00000000	00000013	addi	x0,x0,0	  x0:0x00000000
        5995000	       598	80003c0c	00000013	addi	x0,x0,0	  x0:0x00000000
        6005000	       599	80003c10	fddff0ef	jal	x1,80003c10	  x1=0x80003c10
        6015000	       600	00000000	00000013	addi	x0,x0,0	  x0:0x00000000
        6025000	       601	80003be8	00000013	addi	x0,x0,0	  x0:0x00000000
        6035000	       602	80003bec	038000ef	jal	x1,80003bec	  x1=0x80003bec
        6045000	       603	00000000	00000013	addi	x0,x0,0	  x0:0x00000000
        6055000	       604	80003c20	00000013	addi	x0,x0,0	  x0:0x00000000
        6065000	       605	80003c24	fd5ff0ef	jal	x1,80003c24	  x1=0x80003c24
        6075000	       606	00000000	00000013	addi	x0,x0,0	  x0:0x00000000
        6085000	       607	80003bf4	00000013	addi	x0,x0,0	  x0:0x00000000
        6095000	       608	80003bf8	038000ef	jal	x1,80003bf8	  x1=0x80003bf8
        6105000	       609	00000000	00000013	addi	x0,x0,0	  x0:0x00000000
        6115000	       610	80003c2c	00000013	addi	x0,x0,0	  x0:0x00000000
        6125000	       611	80003c30	fc5ff36f	jal	x6,80003c30	  x6=0x80003c30
        6135000	       612	00000000	00000013	addi	x0,x0,0	  x0:0x00000000
        6145000	       613	80003bf0	00000013	addi	x0,x0,0	  x0:0x00000000
        6155000	       614	80003bf4	024008ef	jal	x17,80003bf4	 x17=0x80003bf4
        6165000	       615	00000000	00000013	addi	x0,x0,0	  x0:0x00000000
        6175000	       616	80003c14	00000013	addi	x0,x0,0	  x0:0x00000000
        6185000	       617	80003c18	ff1ff36f	jal	x6,80003c18	  x6=0x80003c18
        6195000	       618	00000000	00000013	addi	x0,x0,0	  x0:0x00000000
        6205000	       619	80003c04	00000013	addi	x0,x0,0	  x0:0x00000000
        6215000	       620	80003c08	02c000ef	jal	x1,80003c08	  x1=0x80003c08
        6225000	       621	00000000	00000013	addi	x0,x0,0	  x0:0x00000000
        6235000	       622	80003c30	00000013	addi	x0,x0,0	  x0:0x00000000
        6245000	       623	80003c34	9a49b193	sltiu	x3,x19,-1628	 x19:0x80003c04  x3=0x00000001
        6255000	       624	80003c38	054000ef	jal	x1,80003c38	  x1=0x80003c38
        6265000	       625	00000000	00000013	addi	x0,x0,0	  x0:0x00000000
        6275000	       626	80003c88	00000013	addi	x0,x0,0	  x0:0x00000000
        6285000	       627	80003c8c	fcdff0ef	jal	x1,80003c8c	  x1=0x80003c8c
        6295000	       628	00000000	00000013	addi	x0,x0,0	  x0:0x00000000
        6305000	       629	80003c54	00000013	addi	x0,x0,0	  x0:0x00000000
        6315000	       630	80003c58	ff1ff0ef	jal	x1,80003c58	  x1=0x80003c58
        6325000	       631	00000000	00000013	addi	x0,x0,0	  x0:0x00000000
        6335000	       632	80003c44	00000013	addi	x0,x0,0	  x0:0x00000000
        6345000	       633	80003c48	050000ef	jal	x1,80003c48	  x1=0x80003c48
        6355000	       634	00000000	00000013	addi	x0,x0,0	  x0:0x00000000
        6365000	       635	80003c94	00000013	addi	x0,x0,0	  x0:0x00000000
        6375000	       636	80003c98	fd5ff1ef	jal	x3,80003c98	  x3=0x80003c98
        6385000	       637	00000000	00000013	addi	x0,x0,0	  x0:0x00000000
        6395000	       638	80003c68	00000013	addi	x0,x0,0	  x0:0x00000000
        6405000	       639	80003c6c	028000ef	jal	x1,80003c6c	  x1=0x80003c6c
        6415000	       640	00000000	00000013	addi	x0,x0,0	  x0:0x00000000
        6425000	       641	80003c90	00000013	addi	x0,x0,0	  x0:0x00000000
        6435000	       642	80003c94	00c000ef	jal	x1,80003c94	  x1=0x80003c94
        6445000	       643	00000000	00000013	addi	x0,x0,0	  x0:0x00000000
        6455000	       644	80003c9c	00000013	addi	x0,x0,0	  x0:0x00000000
        6465000	       645	80003ca0	008001ef	jal	x3,80003ca0	  x3=0x80003ca0
        6475000	       646	00000000	00000013	addi	x0,x0,0	  x0:0x00000000
        6485000	       647	80003ca4	00000013	addi	x0,x0,0	  x0:0x00000000
        6495000	       648	80003ca8	fd5ff36f	jal	x6,80003ca8	  x6=0x80003ca8
        6505000	       649	00000000	00000013	addi	x0,x0,0	  x0:0x00000000
        6515000	       650	80003c78	00000013	addi	x0,x0,0	  x0:0x00000000
        6525000	       651	80003c7c	fe9ff0ef	jal	x1,80003c7c	  x1=0x80003c7c
        6535000	       652	00000000	00000013	addi	x0,x0,0	  x0:0x00000000
        6545000	       653	80003c60	00000013	addi	x0,x0,0	  x0:0x00000000
        6555000	       654	80003c64	fd9ff0ef	jal	x1,80003c64	  x1=0x80003c64
        6565000	       655	00000000	00000013	addi	x0,x0,0	  x0:0x00000000
        6575000	       656	80003c38	00000013	addi	x0,x0,0	  x0:0x00000000
        6585000	       657	80003c3c	02c00bef	jal	x23,80003c3c	 x23=0x80003c3c
        6595000	       658	00000000	00000013	addi	x0,x0,0	  x0:0x00000000
        6605000	       659	80003c64	00000013	addi	x0,x0,0	  x0:0x00000000
        6615000	       660	80003c68	fe5ff36f	jal	x6,80003c68	  x6=0x80003c68
        6625000	       661	00000000	00000013	addi	x0,x0,0	  x0:0x00000000
        6635000	       662	80003c48	00000013	addi	x0,x0,0	  x0:0x00000000
        6645000	       663	80003c4c	050000ef	jal	x1,80003c4c	  x1=0x80003c4c
        6655000	       664	00000000	00000013	addi	x0,x0,0	  x0:0x00000000
        6665000	       665	80003c98	00000013	addi	x0,x0,0	  x0:0x00000000
        6675000	       666	80003c9c	008000ef	jal	x1,80003c9c	  x1=0x80003c9c
        6685000	       667	00000000	00000013	addi	x0,x0,0	  x0:0x00000000
        6695000	       668	80003ca0	00000013	addi	x0,x0,0	  x0:0x00000000
        6705000	       669	80003ca4	fb9ff9ef	jal	x19,80003ca4	 x19=0x80003ca4
        6715000	       670	00000000	00000013	addi	x0,x0,0	  x0:0x00000000
        6725000	       671	80003c58	00000013	addi	x0,x0,0	  x0:0x00000000
        6735000	       672	80003c5c	028000ef	jal	x1,80003c5c	  x1=0x80003c5c
        6745000	       673	00000000	00000013	addi	x0,x0,0	  x0:0x00000000
        6755000	       674	80003c80	00000013	addi	x0,x0,0	  x0:0x00000000
        6765000	       675	80003c84	fc1ffdef	jal	x27,80003c84	 x27=0x80003c84
        6775000	       676	00000000	00000013	addi	x0,x0,0	  x0:0x00000000
        6785000	       677	80003c40	00000013	addi	x0,x0,0	  x0:0x00000000
        6795000	       678	80003c44	044000ef	jal	x1,80003c44	  x1=0x80003c44
        6805000	       679	00000000	00000013	addi	x0,x0,0	  x0:0x00000000
        6815000	       680	80003c84	00000013	addi	x0,x0,0	  x0:0x00000000
        6825000	       681	80003c88	008000ef	jal	x1,80003c88	  x1=0x80003c88
        6835000	       682	00000000	00000013	addi	x0,x0,0	  x0:0x00000000
        6845000	       683	80003c8c	00000013	addi	x0,x0,0	  x0:0x00000000
        6855000	       684	80003c90	fd1ffbef	jal	x23,80003c90	 x23=0x80003c90
        6865000	       685	00000000	00000013	addi	x0,x0,0	  x0:0x00000000
        6875000	       686	80003c5c	00000013	addi	x0,x0,0	  x0:0x00000000
        6885000	       687	80003c60	ff1ff2ef	jal	x5,80003c60	  x5=0x80003c60
        6895000	       688	00000000	00000013	addi	x0,x0,0	  x0:0x00000000
        6905000	       689	80003c4c	00000013	addi	x0,x0,0	  x0:0x00000000
        6915000	       690	80003c50	ff1ff36f	jal	x6,80003c50	  x6=0x80003c50
        6925000	       691	00000000	00000013	addi	x0,x0,0	  x0:0x00000000
        6935000	       692	80003c3c	00000013	addi	x0,x0,0	  x0:0x00000000
        6945000	       693	80003c40	030000ef	jal	x1,80003c40	  x1=0x80003c40
        6955000	       694	00000000	00000013	addi	x0,x0,0	  x0:0x00000000
        6965000	       695	80003c6c	00000013	addi	x0,x0,0	  x0:0x00000000
        6975000	       696	80003c70	00400a6f	jal	x20,80003c70	 x20=0x80003c70
        6985000	       697	00000000	00000013	addi	x0,x0,0	  x0:0x00000000
        6995000	       698	80003c70	00000013	addi	x0,x0,0	  x0:0x00000000
        7005000	       699	80003c74	00c000ef	jal	x1,80003c74	  x1=0x80003c74
        7015000	       700	00000000	00000013	addi	x0,x0,0	  x0:0x00000000
        7025000	       701	80003c7c	00000013	addi	x0,x0,0	  x0:0x00000000
        7035000	       702	80003c80	ff9ff0ef	jal	x1,80003c80	  x1=0x80003c80
        7045000	       703	00000000	00000013	addi	x0,x0,0	  x0:0x00000000
        7055000	       704	80003c74	00000013	addi	x0,x0,0	  x0:0x00000000
        7065000	       705	80003c78	fddff36f	jal	x6,80003c78	  x6=0x80003c78
        7075000	       706	00000000	00000013	addi	x0,x0,0	  x0:0x00000000
        7085000	       707	80003c50	00000013	addi	x0,x0,0	  x0:0x00000000
        7095000	       708	80003c54	058000ef	jal	x1,80003c54	  x1=0x80003c54
        7105000	       709	00000000	00000013	addi	x0,x0,0	  x0:0x00000000
        7115000	       710	80003ca8	00000013	addi	x0,x0,0	  x0:0x00000000
        7125000	       711	80003cac	00326733	or	x14,x4,x3	  x4:0x80009f28  x3:0x80003ca0 x14=0x8000bfa8
        7135000	       712	80003cb0	041f7663	bgeu	x30,x1,80003cfc	 x30:0x00000000  x1:0x80003c54
        7145000	       713	80003cb4	67c00813	addi	x16,x0,1660	  x0:0x00000000 x16=0x0000067c
        7155000	       714	80003cb8	0332e063	bltu	x5,x19,80003cd8	  x5:0x80003c60 x19:0x80003ca4
        7165000	       715	00000000	00000013	addi	x0,x0,0	  x0:0x00000000
        7175000	       716	80003cd4	00000013	addi	x0,x0,0	  x0:0x00000000
        7185000	       717	80003cd8	01462b33	slt	x22,x12,x20	 x12:0x80003bac x20:0x80003c70 x22=0x00000001
        7195000	       718	80003cdc	01c27633	and	x12,x4,x28	  x4:0x80009f28 x28:0x80003bbc x12=0x80001b28
        7205000	       719	80003ce0	04834663	blt	x6,x8,80003d2c	  x6:0x80003c78  x8:0x80000000
        7215000	       720	80003ce4	016a9463	bne	x21,x22,80003cec	 x21:0x80003bc8 x22:0x00000001
        7225000	       721	00000000	00000013	addi	x0,x0,0	  x0:0x00000000
        7235000	       722	80003ce8	00000013	addi	x0,x0,0	  x0:0x00000000
        7245000	       723	80003cec	03fd0463	beq	x26,x31,80003d14	 x26:0x80003b3c x31:0x00000000
        7255000	       724	80003cf0	41cb8833	sub	x16,x23,x28	 x23:0x80003c90 x28:0x80003bbc x16=0x000000d4
        7265000	       725	80003cf4	0101f433	and	x8,x3,x16	  x3:0x80003ca0 x16:0x000000d4  x8=0x00000080
        7275000	       726	80003cf8	0103ccb3	xor	x25,x7,x16	  x7:0x0000076e x16:0x000000d4 x25=0x000007ba
        7285000	       727	80003cfc	003cdc93	srli	x25,x25,0x3	 x25:0x000007ba x25=0x000000f7
        7295000	       728	80003d00	02907663	bgeu	x0,x9,80003d2c	  x0:0x00000000  x9:0x80003b40
        7305000	       729	80003d04	023ae063	bltu	x21,x3,80003d24	 x21:0x80003bc8  x3:0x80003ca0
        7315000	       730	00000000	00000013	addi	x0,x0,0	  x0:0x00000000
        7325000	       731	80003d20	00000013	addi	x0,x0,0	  x0:0x00000000
        7335000	       732	80003d24	3826c813	xori	x16,x13,898	 x13:0x80003a00 x16=0x80003982
        7345000	       733	80003d28	00195613	srli	x12,x18,0x1	 x18:0xd72aba8e x12=0x6b955d47
        7355000	       734	80003d2c	00c34eb3	xor	x29,x6,x12	  x6:0x80003c78 x12:0x6b955d47 x29=0xeb95613f
        7365000	       735	80003d30	016479b3	and	x19,x8,x22	  x8:0x00000080 x22:0x00000001 x19=0x00000000
        7375000	       736	80003d34	40798033	sub	x0,x19,x7	 x19:0x00000000  x7:0x0000076e
        7385000	       737	80003d38	95478317	auipc	x6,0x95478	  x6=0x1547bd34
        7395000	       738	80003d3c	b20cff13	andi	x30,x25,-1248	 x25:0x000000f7 x30=0x00000020
        7405000	       739	80003d40	00cd9e13	slli	x28,x27,0xc	 x27:0x80003c84 x28=0x03c84000
        7415000	       740	80003d44	005ed393	srli	x7,x29,0x5	 x29:0xeb95613f  x7=0x075cab09
        7425000	       741	80003d48	019e65b3	or	x11,x28,x25	 x28:0x03c84000 x25:0x000000f7 x11=0x03c840f7
        7435000	       742	80003d4c	00415433	srl	x8,x2,x4	  x2:0x80009fc4  x4:0x80009f28  x8=0x0080009f
        7445000	       743	80003d50	03f17e63	bgeu	x2,x31,80003d8c	  x2:0x80009fc4 x31:0x00000000
        7455000	       744	00000000	00000013	addi	x0,x0,0	  x0:0x00000000
        7465000	       745	80003d88	00000013	addi	x0,x0,0	  x0:0x00000000
        7475000	       746	80003d8c	003b5f33	srl	x30,x22,x3	 x22:0x00000001  x3:0x80003ca0 x30=0x00000001
        7485000	       747	80003d90	00acdab3	srl	x21,x25,x10	 x25:0x000000f7 x10:0x80003b44 x21=0x0000000f
        7495000	       748	80003d94	01c95413	srli	x8,x18,0x1c	 x18:0xd72aba8e  x8=0x0000000d
        7505000	       749	80003d98	015b6fb3	or	x31,x22,x21	 x22:0x00000001 x21:0x0000000f x31=0x0000000f
        7515000	       750	80003d9c	77bbb393	sltiu	x7,x23,1915	 x23:0x80003c90  x7=0x00000000
        7525000	       751	80003da0	411edf13	srai	x30,x29,0x11	 x29:0xeb95613f x30=0xfffff5ca
        7535000	       752	80003da4	03c17463	bgeu	x2,x28,80003dcc	  x2:0x80009fc4 x28:0x03c84000
        7545000	       753	00000000	00000013	addi	x0,x0,0	  x0:0x00000000
        7555000	       754	80003dc8	00000013	addi	x0,x0,0	  x0:0x00000000
        7565000	       755	80003dcc	3857eb13	ori	x22,x15,901	 x15:0x80003bb8 x22=0x80003bbd
        7575000	       756	80003dd0	00824333	xor	x6,x4,x8	  x4:0x80009f28  x8:0x0000000d  x6=0x80009f25
        7585000	       757	80003dd4	03b10c63	beq	x2,x27,80003e0c	  x2:0x80009fc4 x27:0x80003c84
        7595000	       758	80003dd8	00727d33	and	x26,x4,x7	  x4:0x80009f28  x7:0x00000000 x26=0x00000000
        7605000	       759	80003ddc	41305b13	srai	x22,x0,0x13	  x0:0x00000000 x22=0x00000000
        7615000	       760	80003de0	01508a33	add	x20,x1,x21	  x1:0x80003c54 x21:0x0000000f x20=0x80003c63
        7625000	       761	80003de4	00bf1b13	slli	x22,x30,0xb	 x30:0xfffff5ca x22=0xffae5000
        7635000	       762	80003de8	05365663	bge	x12,x19,80003e34	 x12:0x6b955d47 x19:0x00000000
        7645000	       763	00000000	00000013	addi	x0,x0,0	  x0:0x00000000
        7655000	       764	80003e30	00000013	addi	x0,x0,0	  x0:0x00000000
        7665000	       765	80003e34	00541863	bne	x8,x5,80003e44	  x8:0x0000000d  x5:0x80003c60
        7675000	       766	00000000	00000013	addi	x0,x0,0	  x0:0x00000000
        7685000	       767	80003e40	00000013	addi	x0,x0,0	  x0:0x00000000
        7695000	       768	80003e44	03d4e663	bltu	x9,x29,80003e70	  x9:0x80003b40 x29:0xeb95613f
        7705000	       769	00000000	00000013	addi	x0,x0,0	  x0:0x00000000
        7715000	       770	80003e6c	00000013	addi	x0,x0,0	  x0:0x00000000
        7725000	       771	80003e70	006473b3	and	x7,x8,x6	  x8:0x0000000d  x6:0x80009f25  x7=0x00000005
        7735000	       772	80003e74	01be6bb3	or	x23,x28,x27	 x28:0x03c84000 x27:0x80003c84 x23=0x83c87c84
        7745000	       773	80003e78	40590ab3	sub	x21,x18,x5	 x18:0xd72aba8e  x5:0x80003c60 x21=0x572a7e2e
        7755000	       774	80003e7c	0557e663	bltu	x15,x21,80003ec8	 x15:0x80003bb8 x21:0x572a7e2e
        7765000	       775	80003e80	c4df7513	andi	x10,x30,-947	 x30:0xfffff5ca x10=0xfffff448
        7775000	       776	80003e84	01c5d513	srli	x10,x11,0x1c	 x11:0x03c840f7 x10=0x00000000
        7785000	       777	80003e88	00140a63	beq	x8,x1,80003e9c	  x8:0x0000000d  x1:0x80003c54
        7795000	       778	80003e8c	00d58333	add	x6,x11,x13	 x11:0x03c840f7 x13:0x80003a00  x6=0x83c87af7
        7805000	       779	80003e90	04c26263	bltu	x4,x12,80003ed4	  x4:0x80009f28 x12:0x6b955d47
        7815000	       780	80003e94	012978b3	and	x17,x18,x18	 x18:0xd72aba8e x18:0xd72aba8e x17=0xd72aba8e
        7825000	       781	80003e98	0168c3b3	xor	x7,x17,x22	 x17:0xd72aba8e x22:0xffae5000  x7=0x2884ea8e
        7835000	       782	80003e9c	0099a733	slt	x14,x19,x9	 x19:0x00000000  x9:0x80003b40 x14=0x00000000
        7845000	       783	80003ea0	01fc9013	slli	x0,x25,0x1f	 x25:0x000000f7
        7855000	       784	80003ea4	00c71f33	sll	x30,x14,x12	 x14:0x00000000 x12:0x6b955d47 x30=0x00000000
        7865000	       785	80003ea8	7e8c0393	addi	x7,x24,2024	 x24:0x80001400  x7=0x80001be8
        7875000	       786	80003eac	ba2f2f93	slti	x31,x30,-1118	 x30:0x00000000 x31=0x00000000
        7885000	       787	80003eb0	953d3193	sltiu	x3,x26,-1709	 x26:0x00000000  x3=0x00000001
        7895000	       788	80003eb4	02da8863	beq	x21,x13,80003ee4	 x21:0x572a7e2e x13:0x80003a00
        7905000	       789	80003eb8	0d822513	slti	x10,x4,216	  x4:0x80009f28 x10=0x00000001
        7915000	       790	80003ebc	40805593	srai	x11,x0,0x8	  x0:0x00000000 x11=0x00000000
        7925000	       791	80003ec0	008627b3	slt	x15,x12,x8	 x12:0x6b955d47  x8:0x0000000d x15=0x00000000
        7935000	       792	80003ec4	41d0d493	srai	x9,x1,0x1d	  x1:0x80003c54  x9=0xfffffffc
        7945000	       793	80003ec8	2ef67a13	andi	x20,x12,751	 x12:0x6b955d47 x20=0x00000047
        7955000	       794	80003ecc	00000013	addi	x0,x0,0	  x0:0x00000000
        7965000	       795	80003ed0	516c2293	slti	x5,x24,1302	 x24:0x80001400  x5=0x00000001
        7975000	       796	80003ed4	cebeea93	ori	x21,x29,-789	 x29:0xeb95613f x21=0xfffffdff
        7985000	       797	80003ed8	022c1e63	bne	x24,x2,80003f14	 x24:0x80001400  x2:0x80009fc4
        7995000	       798	00000000	00000013	addi	x0,x0,0	  x0:0x00000000
        8005000	       799	80003f10	00000013	addi	x0,x0,0	  x0:0x00000000
        8015000	       800	80003f14	e54de393	ori	x7,x27,-428	 x27:0x80003c84  x7=0xfffffed4
        8025000	       801	80003f18	f7766893	ori	x17,x12,-137	 x12:0x6b955d47 x17=0xffffff77
        8035000	       802	80003f1c	0aaf8863	beq	x31,x10,80003fcc	 x31:0x00000000 x10:0x00000001
        8045000	       803	80003f20	40c90eb3	sub	x29,x18,x12	 x18:0xd72aba8e x12:0x6b955d47 x29=0x6b955d47
        8055000	       804	80003f24	00000013	addi	x0,x0,0	  x0:0x00000000
        8065000	       805	80003f28	003910b3	sll	x1,x18,x3	 x18:0xd72aba8e  x3:0x00000001  x1=0xae55751c
        8075000	       806	80003f2c	41270cb3	sub	x25,x14,x18	 x14:0x00000000 x18:0xd72aba8e x25=0x28d54572
        8085000	       807	80003f30	4065d7b3	sra	x15,x11,x6	 x11:0x00000000  x6:0x83c87af7 x15=0x00000000
        8095000	       808	80003f34	0189f6b3	and	x13,x19,x24	 x19:0x00000000 x24:0x80001400 x13=0x00000000
        8105000	       809	80003f38	08ff7863	bgeu	x30,x15,80003fc8	 x30:0x00000000 x15:0x00000000
        8115000	       810	00000000	00000013	addi	x0,x0,0	  x0:0x00000000
        8125000	       811	80003fc4	00000013	addi	x0,x0,0	  x0:0x00000000
        8135000	       812	80003fc8	01cc1313	slli	x6,x24,0x1c	 x24:0x80001400  x6=0x00000000
        8145000	       813	80003fcc	006e4a33	xor	x20,x28,x6	 x28:0x03c84000  x6:0x00000000 x20=0x03c84000
        8155000	       814	80003fd0	0125ce63	blt	x11,x18,80003fec	 x11:0x00000000 x18:0xd72aba8e
        8165000	       815	80003fd4	c335f893	andi	x17,x11,-973	 x11:0x00000000 x17=0x00000000
        8175000	       816	80003fd8	00c18eb3	add	x29,x3,x12	  x3:0x00000001 x12:0x6b955d47 x29=0x6b955d48
        8185000	       817	80003fdc	07776663	bltu	x14,x23,80004048	 x14:0x00000000 x23:0x83c87c84
        8195000	       818	00000000	00000013	addi	x0,x0,0	  x0:0x00000000
        8205000	       819	80004044	00000013	addi	x0,x0,0	  x0:0x00000000
        8215000	       820	80004048	103ba4b7	lui	x9,0x103ba	  x9=0x103ba000
        8225000	       821	8000404c	01a125b3	slt	x11,x2,x26	  x2:0x80009fc4 x26:0x00000000 x11=0x00000001
        8235000	       822	80004050	04088263	beq	x17,x0,80004094	 x17:0x00000000  x0:0x00000000
        8245000	       823	00000000	00000013	addi	x0,x0,0	  x0:0x00000000
        8255000	       824	80004090	00000013	addi	x0,x0,0	  x0:0x00000000
        8265000	       825	80004094	014aa533	slt	x10,x21,x20	 x21:0xfffffdff x20:0x03c84000 x10=0x00000001
        8275000	       826	80004098	006c39b3	sltu	x19,x24,x6	 x24:0x80001400  x6:0x00000000 x19=0x00000000
        8285000	       827	8000409c	00f9e7b3	or	x15,x19,x15	 x19:0x00000000 x15:0x00000000 x15=0x00000000
        8295000	       828	800040a0	01b02d33	slt	x26,x0,x27	  x0:0x00000000 x27:0x80003c84 x26=0x00000000
        8305000	       829	800040a4	017a9e63	bne	x21,x23,800040c0	 x21:0xfffffdff x23:0x83c87c84
        8315000	       830	00000000	00000013	addi	x0,x0,0	  x0:0x00000000
        8325000	       831	800040bc	00000013	addi	x0,x0,0	  x0:0x00000000
        8335000	       832	800040c0	01bb7463	bgeu	x22,x27,800040c8	 x22:0xffae5000 x27:0x80003c84
        8345000	       833	00000000	00000013	addi	x0,x0,0	  x0:0x00000000
        8355000	       834	800040c4	00000013	addi	x0,x0,0	  x0:0x00000000
        8365000	       835	800040c8	00451c13	slli	x24,x10,0x4	 x10:0x00000001 x24=0x00000010
        8375000	       836	800040cc	853c6a93	ori	x21,x24,-1965	 x24:0x00000010 x21=0xfffff853
        8385000	       837	800040d0	01fe9d93	slli	x27,x29,0x1f	 x29:0x6b955d48 x27=0x00000000
        8395000	       838	800040d4	f1d5fd93	andi	x27,x11,-227	 x11:0x00000001 x27=0x00000001
        8405000	       839	800040d8	8174bf93	sltiu	x31,x9,-2025	  x9:0x103ba000 x31=0x00000001
        8415000	       840	800040dc	c7f3a437	lui	x8,0xc7f3a	  x8=0xc7f3a000
        8425000	       841	800040e0	01120db3	add	x27,x4,x17	  x4:0x80009f28 x17:0x00000000 x27=0x80009f28
        8435000	       842	800040e4	05447863	bgeu	x8,x20,80004134	  x8:0xc7f3a000 x20:0x03c84000
        8445000	       843	00000000	00000013	addi	x0,x0,0	  x0:0x00000000
        8455000	       844	80004130	00000013	addi	x0,x0,0	  x0:0x00000000
        8465000	       845	80004134	006a1a33	sll	x20,x20,x6	 x20:0x03c84000  x6:0x00000000 x20=0x03c84000
        8475000	       846	80004138	04d28663	beq	x5,x13,80004184	  x5:0x00000001 x13:0x00000000
        8485000	       847	8000413c	00000013	addi	x0,x0,0	  x0:0x00000000
        8495000	       848	80004140	7fff24b7	lui	x9,0x7fff2	  x9=0x7fff2000
        8505000	       849	80004144	d01dc093	xori	x1,x27,-767	 x27:0x80009f28  x1=0x7fff6229
        8515000	       850	80004148	129b1f17	auipc	x30,0x129b1	 x30=0x929b5144
        8525000	       851	8000414c	01653b33	sltu	x22,x10,x22	 x10:0x00000001 x22:0xffae5000 x22=0x00000001
        8535000	       852	80004150	404858b3	sra	x17,x16,x4	 x16:0x80003982  x4:0x80009f28 x17=0xff800039
        8545000	       853	80004154	00376db3	or	x27,x14,x3	 x14:0x00000000  x3:0x00000001 x27=0x00000001
        8555000	       854	80004158	00701863	bne	x0,x7,80004168	  x0:0x00000000  x7:0xfffffed4
        8565000	       855	00000000	00000013	addi	x0,x0,0	  x0:0x00000000
        8575000	       856	80004164	00000013	addi	x0,x0,0	  x0:0x00000000
        8585000	       857	80004168	40495c33	sra	x24,x18,x4	 x18:0xd72aba8e  x4:0x80009f28 x24=0xffd72aba
        8595000	       858	8000416c	007c65b3	or	x11,x24,x7	 x24:0xffd72aba  x7:0xfffffed4 x11=0xfffffefe
        8605000	       859	80004170	00000013	addi	x0,x0,0	  x0:0x00000000
        8615000	       860	80004174	01ff5263	bge	x30,x31,80004178	 x30:0x929b5144 x31:0x00000001
        8625000	       861	80004178	00809993	slli	x19,x1,0x8	  x1:0x7fff6229 x19=0xff622900
        8635000	       862	8000417c	00069713	slli	x14,x13,0x0	 x13:0x00000000 x14=0x00000000
        8645000	       863	80004180	006decb3	or	x25,x27,x6	 x27:0x00000001  x6:0x00000000 x25=0x00000001
        8655000	       864	80004184	00000013	addi	x0,x0,0	  x0:0x00000000
        8665000	       865	80004188	008848b3	xor	x17,x16,x8	 x16:0x80003982  x8:0xc7f3a000 x17=0x47f39982
        8675000	       866	8000418c	b712c613	xori	x12,x5,-1167	  x5:0x00000001 x12=0xfffffb70
        8685000	       867	80004190	c440b497	auipc	x9,0xc440b	  x9=0x4440f18c
        8695000	       868	80004194	014138b3	sltu	x17,x2,x20	  x2:0x80009fc4 x20:0x03c84000 x17=0x00000000
        8705000	       869	80004198	40025733	sra	x14,x4,x0	  x4:0x80009f28  x0:0x00000000 x14=0x80009f28
        8715000	       870	8000419c	b7d021b7	lui	x3,0xb7d02	  x3=0xb7d02000
        8725000	       871	800041a0	828eb693	sltiu	x13,x29,-2008	 x29:0x6b955d48 x13=0x00000001
        8735000	       872	800041a4	006ebab3	sltu	x21,x29,x6	 x29:0x6b955d48  x6:0x00000000 x21=0x00000000
        8745000	       873	800041a8	01391033	sll	x0,x18,x19	 x18:0xd72aba8e x19:0xff622900
        8755000	       874	800041ac	df6a0693	addi	x13,x20,-522	 x20:0x03c84000 x13=0x03c83df6
        8765000	       875	800041b0	003465b3	or	x11,x8,x3	  x8:0xc7f3a000  x3:0xb7d02000 x11=0xf7f3a000
        8775000	       876	800041b4	2afca813	slti	x16,x25,687	 x25:0x00000001 x16=0x00000001
        8785000	       877	800041b8	00000013	addi	x0,x0,0	  x0:0x00000000
        8795000	       878	800041bc	00d0ef33	or	x30,x1,x13	  x1:0x7fff6229 x13:0x03c83df6 x30=0x7fff7fff
        8805000	       879	800041c0	2e6db393	sltiu	x7,x27,742	 x27:0x00000001  x7=0x00000001
        8815000	       880	800041c4	0041bd33	sltu	x26,x3,x4	  x3:0xb7d02000  x4:0x80009f28 x26=0x00000000
        8825000	       881	800041c8	0166f6b3	and	x13,x13,x22	 x13:0x03c83df6 x22:0x00000001 x13=0x00000000
        8835000	       882	800041cc	40c42f13	slti	x30,x8,1036	  x8:0xc7f3a000 x30=0x00000001
        8845000	       883	800041d0	00dc90b3	sll	x1,x25,x13	 x25:0x00000001 x13:0x00000000  x1=0x00000001
        8855000	       884	800041d4	012a3333	sltu	x6,x20,x18	 x20:0x03c84000 x18:0xd72aba8e  x6=0x00000001
        8865000	       885	800041d8	04fb8263	beq	x23,x15,8000421c	 x23:0x83c87c84 x15:0x00000000
        8875000	       886	800041dc	0016bbb3	sltu	x23,x13,x1	 x13:0x00000000  x1:0x00000001 x23=0x00000001
        8885000	       887	800041e0	0092dc13	srli	x24,x5,0x9	  x5:0x00000001 x24=0x00000000
        8895000	       888	800041e4	88fda013	slti	x0,x27,-1905	 x27:0x00000001
        8905000	       889	800041e8	3503bc93	sltiu	x25,x7,848	  x7:0x00000001 x25=0x00000001
        8915000	       890	800041ec	05761463	bne	x12,x23,80004234	 x12:0xfffffb70 x23:0x00000001
        8925000	       891	00000000	00000013	addi	x0,x0,0	  x0:0x00000000
        8935000	       892	80004230	00000013	addi	x0,x0,0	  x0:0x00000000
        8945000	       893	80004234	7a278c93	addi	x25,x15,1954	 x15:0x00000000 x25=0x000007a2
        8955000	       894	80004238	04a57263	bgeu	x10,x10,8000427c	 x10:0x00000001 x10:0x00000001
        8965000	       895	00000000	00000013	addi	x0,x0,0	  x0:0x00000000
        8975000	       896	80004278	00000013	addi	x0,x0,0	  x0:0x00000000
        8985000	       897	8000427c	01bb3333	sltu	x6,x22,x27	 x22:0x00000001 x27:0x00000001  x6=0x00000000
        8995000	       898	80004280	015753b3	srl	x7,x14,x21	 x14:0x80009f28 x21:0x00000000  x7=0x80009f28
        9005000	       899	80004284	00756ab3	or	x21,x10,x7	 x10:0x00000001  x7:0x80009f28 x21=0x80009f29
        9015000	       900	80004288	005a3333	sltu	x6,x20,x5	 x20:0x03c84000  x5:0x00000001  x6=0x00000000
        9025000	       901	8000428c	3b9b6b13	ori	x22,x22,953	 x22:0x00000001 x22=0x000003b9
        9035000	       902	80004290	8075e093	ori	x1,x11,-2041	 x11:0xf7f3a000  x1=0xfffff807
        9045000	       903	80004294	40d7d393	srai	x7,x15,0xd	 x15:0x00000000  x7=0x00000000
        9055000	       904	80004298	01ef0463	beq	x30,x30,800042a0	 x30:0x00000001 x30:0x00000001
        9065000	       905	00000000	00000013	addi	x0,x0,0	  x0:0x00000000
        9075000	       906	8000429c	00000013	addi	x0,x0,0	  x0:0x00000000
        9085000	       907	800042a0	014261b3	or	x3,x4,x20	  x4:0x80009f28 x20:0x03c84000  x3=0x83c8df28
        9095000	       908	800042a4	00000013	addi	x0,x0,0	  x0:0x00000000
        9105000	       909	800042a8	406d8fb3	sub	x31,x27,x6	 x27:0x00000001  x6:0x00000000 x31=0x00000001
        9115000	       910	800042ac	73486193	ori	x3,x16,1844	 x16:0x00000001  x3=0x00000735
        9125000	       911	800042b0	01c1b3b3	sltu	x7,x3,x28	  x3:0x00000735 x28:0x03c84000  x7=0x00000001
        9135000	       912	800042b4	418fd433	sra	x8,x31,x24	 x31:0x00000001 x24:0x00000000  x8=0x00000001
        9145000	       913	800042b8	1205e493	ori	x9,x11,288	 x11:0xf7f3a000  x9=0xf7f3a120
        9155000	       914	800042bc	004863b3	or	x7,x16,x4	 x16:0x00000001  x4:0x80009f28  x7=0x80009f29
        9165000	       915	800042c0	00085e13	srli	x28,x16,0x0	 x16:0x00000001 x28=0x00000001
        9175000	       916	800042c4	402d5eb3	sra	x29,x26,x2	 x26:0x00000000  x2:0x80009fc4 x29=0x00000000
        9185000	       917	800042c8	b01a3a13	sltiu	x20,x20,-1279	 x20:0x03c84000 x20=0x00000001
        9195000	       918	800042cc	a0ff4637	lui	x12,0xa0ff4	 x12=0xa0ff4000
        9205000	       919	800042d0	015cc533	xor	x10,x25,x21	 x25:0x000007a2 x21:0x80009f29 x10=0x8000988b
        9215000	       920	800042d4	8d542f93	slti	x31,x8,-1835	  x8:0x00000001 x31=0x00000000
        9225000	       921	800042d8	00a07f33	and	x30,x0,x10	  x0:0x00000000 x10:0x8000988b x30=0x00000000
        9235000	       922	800042dc	02185663	bge	x16,x1,80004308	 x16:0x00000001  x1:0xfffff807
        9245000	       923	00000000	00000013	addi	x0,x0,0	  x0:0x00000000
        9255000	       924	80004304	00000013	addi	x0,x0,0	  x0:0x00000000
        9265000	       925	80004308	39628d93	addi	x27,x5,918	  x5:0x00000001 x27=0x00000397
        9275000	       926	8000430c	dd2de713	ori	x14,x27,-558	 x27:0x00000397 x14=0xffffffd7
        9285000	       927	80004310	01e7fc33	and	x24,x15,x30	 x15:0x00000000 x30:0x00000000 x24=0x00000000
        9295000	       928	80004314	01149f93	slli	x31,x9,0x11	  x9:0xf7f3a120 x31=0x42400000
        9305000	       929	80004318	013c5393	srli	x7,x24,0x13	 x24:0x00000000  x7=0x00000000
        9315000	       930	8000431c	01968033	add	x0,x13,x25	 x13:0x00000000 x25:0x000007a2
        9325000	       931	80004320	00a44ab3	xor	x21,x8,x10	  x8:0x00000001 x10:0x8000988b x21=0x8000988a
        9335000	       932	80004324	00996633	or	x12,x18,x9	 x18:0xd72aba8e  x9:0xf7f3a120 x12=0xf7fbbbae
        9345000	       933	80004328	0447f663	bgeu	x15,x4,80004374	 x15:0x00000000  x4:0x80009f28
        9355000	       934	8000432c	01870b33	add	x22,x14,x24	 x14:0xffffffd7 x24:0x00000000 x22=0xffffffd7
        9365000	       935	80004330	41108ab3	sub	x21,x1,x17	  x1:0xfffff807 x17:0x00000000 x21=0xfffff807
        9375000	       936	80004334	007ce1b3	or	x3,x25,x7	 x25:0x000007a2  x7:0x00000000  x3=0x000007a2
        9385000	       937	80004338	04067863	bgeu	x12,x0,80004388	 x12:0xf7fbbbae  x0:0x00000000
        9395000	       938	00000000	00000013	addi	x0,x0,0	  x0:0x00000000
        9405000	       939	80004384	00000013	addi	x0,x0,0	  x0:0x00000000
        9415000	       940	80004388	bdb2ee93	ori	x29,x5,-1061	  x5:0x00000001 x29=0xfffffbdb
        9425000	       941	8000438c	2a144b13	xori	x22,x8,673	  x8:0x00000001 x22=0x000002a0
        9435000	       942	80004390	40bd8db3	sub	x27,x27,x11	 x27:0x00000397 x11:0xf7f3a000 x27=0x080c6397
        9445000	       943	80004394	17cfcc13	xori	x24,x31,380	 x31:0x42400000 x24=0x4240017c
        9455000	       944	80004398	6f5bbc93	sltiu	x25,x23,1781	 x23:0x00000001 x25=0x00000001
        9465000	       945	8000439c	408605b3	sub	x11,x12,x8	 x12:0xf7fbbbae  x8:0x00000001 x11=0xf7fbbbad
        9475000	       946	800043a0	013a37b3	sltu	x15,x20,x19	 x20:0x00000001 x19:0xff622900 x15=0x00000001
        9485000	       947	800043a4	0136e6b3	or	x13,x13,x19	 x13:0x00000000 x19:0xff622900 x13=0xff622900
        9495000	       948	800043a8	0079f6b3	and	x13,x19,x7	 x19:0xff622900  x7:0x00000000 x13=0x00000000
        9505000	       949	800043ac	00d84a63	blt	x16,x13,800043c0	 x16:0x00000001 x13:0x00000000
        9515000	       950	800043b0	00a21733	sll	x14,x4,x10	  x4:0x80009f28 x10:0x8000988b x14=0x04f94000
        9525000	       951	800043b4	00233c33	sltu	x24,x6,x2	  x6:0x00000000  x2:0x80009fc4 x24=0x00000001
        9535000	       952	800043b8	06289263	bne	x17,x2,8000441c	 x17:0x00000000  x2:0x80009fc4
        9545000	       953	00000000	00000013	addi	x0,x0,0	  x0:0x00000000
        9555000	       954	80004418	00000013	addi	x0,x0,0	  x0:0x00000000
        9565000	       955	8000441c	00d04e33	xor	x28,x0,x13	  x0:0x00000000 x13:0x00000000 x28=0x00000000
        9575000	       956	80004420	041e1263	bne	x28,x1,80004464	 x28:0x00000000  x1:0xfffff807
        9585000	       957	00000000	00000013	addi	x0,x0,0	  x0:0x00000000
        9595000	       958	80004460	00000013	addi	x0,x0,0	  x0:0x00000000
        9605000	       959	80004464	987d7a93	andi	x21,x26,-1657	 x26:0x00000000 x21=0x00000000
        9615000	       960	80004468	5b050f13	addi	x30,x10,1456	 x10:0x8000988b x30=0x80009e3b
        9625000	       961	8000446c	011c5f13	srli	x30,x24,0x11	 x24:0x00000001 x30=0x00000000
        9635000	       962	80004470	515ebe93	sltiu	x29,x29,1301	 x29:0xfffffbdb x29=0x00000000
        9645000	       963	80004474	013e7d33	and	x26,x28,x19	 x28:0x00000000 x19:0xff622900 x26=0x00000000
        9655000	       964	80004478	01429e33	sll	x28,x5,x20	  x5:0x00000001 x20:0x00000001 x28=0x00000002
        9665000	       965	8000447c	00000013	addi	x0,x0,0	  x0:0x00000000
        9675000	       966	80004480	02430e63	beq	x6,x4,800044bc	  x6:0x00000000  x4:0x80009f28
        9685000	       967	80004484	a3942c13	slti	x24,x8,-1479	  x8:0x00000001 x24=0x00000000
        9695000	       968	80004488	863a4c93	xori	x25,x20,-1949	 x20:0x00000001 x25=0xfffff862
        9705000	       969	8000448c	a9f90893	addi	x17,x18,-1377	 x18:0xd72aba8e x17=0xd72ab52d
        9715000	       970	80004490	00de5813	srli	x16,x28,0xd	 x28:0x00000002 x16=0x00000000
        9725000	       971	80004494	000a8833	add	x16,x21,x0	 x21:0x00000000  x0:0x00000000 x16=0x00000000
        9735000	       972	80004498	40885c33	sra	x24,x16,x8	 x16:0x00000000  x8:0x00000001 x24=0x00000000
        9745000	       973	8000449c	04838463	beq	x7,x8,800044e4	  x7:0x00000000  x8:0x00000001
        9755000	       974	800044a0	4cf58013	addi	x0,x11,1231	 x11:0xf7fbbbad
        9765000	       975	800044a4	00800263	beq	x0,x8,800044a8	  x0:0x00000000  x8:0x00000001
        9775000	       976	800044a8	408f50b3	sra	x1,x30,x8	 x30:0x00000000  x8:0x00000001  x1=0x00000000
        9785000	       977	800044ac	e9874a13	xori	x20,x14,-360	 x14:0x04f94000 x20=0xfb06be98
        9795000	       978	800044b0	a22fa693	slti	x13,x31,-1502	 x31:0x42400000 x13=0x00000000
        9805000	       979	800044b4	0091a7b3	slt	x15,x3,x9	  x3:0x000007a2  x9:0xf7f3a120 x15=0x00000000
        9815000	       980	800044b8	421af013	andi	x0,x21,1057	 x21:0x00000000
        9825000	       981	800044bc	0086d713	srli	x14,x13,0x8	 x13:0x00000000 x14=0x00000000
        9835000	       982	800044c0	29ec6a13	ori	x20,x24,670	 x24:0x00000000 x20=0x0000029e
        9845000	       983	800044c4	0100ce33	xor	x28,x1,x16	  x1:0x00000000 x16:0x00000000 x28=0x00000000
        9855000	       984	800044c8	e82e0f93	addi	x31,x28,-382	 x28:0x00000000 x31=0xfffffe82
        9865000	       985	800044cc	00c081b3	add	x3,x1,x12	  x1:0x00000000 x12:0xf7fbbbae  x3=0xf7fbbbae
        9875000	       986	800044d0	41e75593	srai	x11,x14,0x1e	 x14:0x00000000 x11=0x00000000
        9885000	       987	800044d4	002e5ab3	srl	x21,x28,x2	 x28:0x00000000  x2:0x80009fc4 x21=0x00000000
        9895000	       988	800044d8	ea62ca37	lui	x20,0xea62c	 x20=0xea62c000
        9905000	       989	800044dc	65b62193	slti	x3,x12,1627	 x12:0xf7fbbbae  x3=0x00000001
        9915000	       990	800044e0	00c0c263	blt	x1,x12,800044e4	  x1:0x00000000 x12:0xf7fbbbae
        9925000	       991	800044e4	00683033	sltu	x0,x16,x6	 x16:0x00000000  x6:0x00000000
        9935000	       992	800044e8	01d227b3	slt	x15,x4,x29	  x4:0x80009f28 x29:0x00000000 x15=0x00000001
        9945000	       993	800044ec	00422083	lw	x1,4(x4)	  x4:0x80009f28  x1=0x80001424 PA:0x80009f2c
        9955000	       994	800044f0	03820213	addi	x4,x4,56	  x4:0x80009f28  x4=0x80009f60
        9965000	       995	800044f4	3d205ab7	lui	x21,0x3d205	 x21=0x3d205000
        9975000	       996	800044f8	00351493	slli	x9,x10,0x3	 x10:0x8000988b  x9=0x0004c458
        9985000	       997	800044fc	00008a13	addi	x20,x1,0	  x1:0x80001424 x20=0x80001424
        9995000	       998	80004500	000a0a67	jalr	x20,x20,0	 x20:0x80001424 x20=0x80004500
       10005000	       999	00000000	00000013	addi	x0,x0,0	  x0:0x00000000
       10015000	      1000	80001424	00000013	addi	x0,x0,0	  x0:0x00000000
       10025000	      1001	80001428	018000ef	jal	x1,80001428	  x1=0x80001428
       10035000	      1002	00000000	00000013	addi	x0,x0,0	  x0:0x00000000
       10045000	      1003	8000143c	00000013	addi	x0,x0,0	  x0:0x00000000
       10055000	      1004	80001440	0240086f	jal	x16,80001440	 x16=0x80001440
       10065000	      1005	00000000	00000013	addi	x0,x0,0	  x0:0x00000000
       10075000	      1006	80001460	00000013	addi	x0,x0,0	  x0:0x00000000
       10085000	      1007	80001464	ff5ff0ef	jal	x1,80001464	  x1=0x80001464
       10095000	      1008	00000000	00000013	addi	x0,x0,0	  x0:0x00000000
       10105000	      1009	80001454	00000013	addi	x0,x0,0	  x0:0x00000000
       10115000	      1010	80001458	ff5ff1ef	jal	x3,80001458	  x3=0x80001458
       10125000	      1011	00000000	00000013	addi	x0,x0,0	  x0:0x00000000
       10135000	      1012	80001448	00000013	addi	x0,x0,0	  x0:0x00000000
       10145000	      1013	8000144c	0040036f	jal	x6,8000144c	  x6=0x8000144c
       10155000	      1014	00000000	00000013	addi	x0,x0,0	  x0:0x00000000
       10165000	      1015	8000144c	00000013	addi	x0,x0,0	  x0:0x00000000
       10175000	      1016	80001450	fe9ff7ef	jal	x15,80001450	 x15=0x80001450
       10185000	      1017	00000000	00000013	addi	x0,x0,0	  x0:0x00000000
       10195000	      1018	80001434	00000013	addi	x0,x0,0	  x0:0x00000000
       10205000	      1019	80001438	004000ef	jal	x1,80001438	  x1=0x80001438
       10215000	      1020	00000000	00000013	addi	x0,x0,0	  x0:0x00000000
       10225000	      1021	80001438	00000013	addi	x0,x0,0	  x0:0x00000000
       10235000	      1022	8000143c	020000ef	jal	x1,8000143c	  x1=0x8000143c
       10245000	      1023	00000000	00000013	addi	x0,x0,0	  x0:0x00000000
       10255000	      1024	80001458	00000013	addi	x0,x0,0	  x0:0x00000000
       10265000	      1025	8000145c	fe9ffc6f	jal	x24,8000145c	 x24=0x8000145c
       10275000	      1026	00000000	00000013	addi	x0,x0,0	  x0:0x00000000
       10285000	      1027	80001440	00000013	addi	x0,x0,0	  x0:0x00000000
       10295000	      1028	80001444	fedff0ef	jal	x1,80001444	  x1=0x80001444
       10305000	      1029	00000000	00000013	addi	x0,x0,0	  x0:0x00000000
       10315000	      1030	8000142c	00000013	addi	x0,x0,0	  x0:0x00000000
       10325000	      1031	80001430	030000ef	jal	x1,80001430	  x1=0x80001430
       10335000	      1032	00000000	00000013	addi	x0,x0,0	  x0:0x00000000
       10345000	      1033	8000145c	00000013	addi	x0,x0,0	  x0:0x00000000
       10355000	      1034	80001460	ff5ff0ef	jal	x1,80001460	  x1=0x80001460
       10365000	      1035	00000000	00000013	addi	x0,x0,0	  x0:0x00000000
       10375000	      1036	80001450	00000013	addi	x0,x0,0	  x0:0x00000000
       10385000	      1037	80001454	fe1ff0ef	jal	x1,80001454	  x1=0x80001454
       10395000	      1038	00000000	00000013	addi	x0,x0,0	  x0:0x00000000
       10405000	      1039	80001430	00000013	addi	x0,x0,0	  x0:0x00000000
       10415000	      1040	80001434	ff9ff0ef	jal	x1,80001434	  x1=0x80001434
       10425000	      1041	00000000	00000013	addi	x0,x0,0	  x0:0x00000000
       10435000	      1042	80001428	00000013	addi	x0,x0,0	  x0:0x00000000
       10445000	      1043	8000142c	01c0036f	jal	x6,8000142c	  x6=0x8000142c
       10455000	      1044	00000000	00000013	addi	x0,x0,0	  x0:0x00000000
       10465000	      1045	80001444	00000013	addi	x0,x0,0	  x0:0x00000000
       10475000	      1046	80001448	020000ef	jal	x1,80001448	  x1=0x80001448
       10485000	      1047	00000000	00000013	addi	x0,x0,0	  x0:0x00000000
       10495000	      1048	80001464	00000013	addi	x0,x0,0	  x0:0x00000000
       10505000	      1049	80001468	0040036f	jal	x6,80001468	  x6=0x80001468
       10515000	      1050	00000000	00000013	addi	x0,x0,0	  x0:0x00000000
       10525000	      1051	80001468	00000013	addi	x0,x0,0	  x0:0x00000000
       10535000	      1052	8000146c	017e95b3	sll	x11,x29,x23	 x29:0x00000000 x23:0x00000001 x11=0x00000000
       10545000	      1053	80001470	028000ef	jal	x1,80001470	  x1=0x80001470
       10555000	      1054	00000000	00000013	addi	x0,x0,0	  x0:0x00000000
       10565000	      1055	80001494	00000013	addi	x0,x0,0	  x0:0x00000000
       10575000	      1056	80001498	fe1ff36f	jal	x6,80001498	  x6=0x80001498
       10585000	      1057	00000000	00000013	addi	x0,x0,0	  x0:0x00000000
       10595000	      1058	80001474	00000013	addi	x0,x0,0	  x0:0x00000000
       10605000	      1059	80001478	008000ef	jal	x1,80001478	  x1=0x80001478
       10615000	      1060	00000000	00000013	addi	x0,x0,0	  x0:0x00000000
       10625000	      1061	8000147c	00000013	addi	x0,x0,0	  x0:0x00000000
       10635000	      1062	80001480	ffdff0ef	jal	x1,80001480	  x1=0x80001480
       10645000	      1063	00000000	00000013	addi	x0,x0,0	  x0:0x00000000
       10655000	      1064	80001478	00000013	addi	x0,x0,0	  x0:0x00000000
       10665000	      1065	8000147c	0180036f	jal	x6,8000147c	  x6=0x8000147c
       10675000	      1066	00000000	00000013	addi	x0,x0,0	  x0:0x00000000
       10685000	      1067	80001490	00000013	addi	x0,x0,0	  x0:0x00000000
       10695000	      1068	80001494	ff1ff2ef	jal	x5,80001494	  x5=0x80001494
       10705000	      1069	00000000	00000013	addi	x0,x0,0	  x0:0x00000000
       10715000	      1070	80001480	00000013	addi	x0,x0,0	  x0:0x00000000
       10725000	      1071	80001484	0040036f	jal	x6,80001484	  x6=0x80001484
       10735000	      1072	00000000	00000013	addi	x0,x0,0	  x0:0x00000000
       10745000	      1073	80001484	00000013	addi	x0,x0,0	  x0:0x00000000
       10755000	      1074	80001488	0040066f	jal	x12,80001488	 x12=0x80001488
       10765000	      1075	00000000	00000013	addi	x0,x0,0	  x0:0x00000000
       10775000	      1076	80001488	00000013	addi	x0,x0,0	  x0:0x00000000
       10785000	      1077	8000148c	004000ef	jal	x1,8000148c	  x1=0x8000148c
       10795000	      1078	00000000	00000013	addi	x0,x0,0	  x0:0x00000000
       10805000	      1079	8000148c	00000013	addi	x0,x0,0	  x0:0x00000000
       10815000	      1080	80001490	fe5ff36f	jal	x6,80001490	  x6=0x80001490
       10825000	      1081	00000000	00000013	addi	x0,x0,0	  x0:0x00000000
       10835000	      1082	80001470	00000013	addi	x0,x0,0	  x0:0x00000000
       10845000	      1083	80001474	028000ef	jal	x1,80001474	  x1=0x80001474
       10855000	      1084	00000000	00000013	addi	x0,x0,0	  x0:0x00000000
       10865000	      1085	80001498	00000013	addi	x0,x0,0	  x0:0x00000000
       10875000	      1086	8000149c	004000ef	jal	x1,8000149c	  x1=0x8000149c
       10885000	      1087	00000000	00000013	addi	x0,x0,0	  x0:0x00000000
       10895000	      1088	8000149c	00000013	addi	x0,x0,0	  x0:0x00000000
       10905000	      1089	800014a0	eae9c417	auipc	x8,0xeae9c	  x8=0x6ae9d49c
       10915000	      1090	800014a4	040000ef	jal	x1,800014a4	  x1=0x800014a4
       10925000	      1091	00000000	00000013	addi	x0,x0,0	  x0:0x00000000
       10935000	      1092	800014e0	00000013	addi	x0,x0,0	  x0:0x00000000
       10945000	      1093	800014e4	00400f6f	jal	x30,800014e4	 x30=0x800014e4
       10955000	      1094	00000000	00000013	addi	x0,x0,0	  x0:0x00000000
       10965000	      1095	800014e4	00000013	addi	x0,x0,0	  x0:0x00000000
       10975000	      1096	800014e8	ff1ff56f	jal	x10,800014e8	 x10=0x800014e8
       10985000	      1097	00000000	00000013	addi	x0,x0,0	  x0:0x00000000
       10995000	      1098	800014d4	00000013	addi	x0,x0,0	  x0:0x00000000
       11005000	      1099	800014d8	fedff36f	jal	x6,800014d8	  x6=0x800014d8
       11015000	      1100	00000000	00000013	addi	x0,x0,0	  x0:0x00000000
       11025000	      1101	800014c0	00000013	addi	x0,x0,0	  x0:0x00000000
       11035000	      1102	800014c4	ff9ff0ef	jal	x1,800014c4	  x1=0x800014c4
       11045000	      1103	00000000	00000013	addi	x0,x0,0	  x0:0x00000000
       11055000	      1104	800014b8	00000013	addi	x0,x0,0	  x0:0x00000000
       11065000	      1105	800014bc	ff5ff1ef	jal	x3,800014bc	  x3=0x800014bc
       11075000	      1106	00000000	00000013	addi	x0,x0,0	  x0:0x00000000
       11085000	      1107	800014ac	00000013	addi	x0,x0,0	  x0:0x00000000
       11095000	      1108	800014b0	008000ef	jal	x1,800014b0	  x1=0x800014b0
       11105000	      1109	00000000	00000013	addi	x0,x0,0	  x0:0x00000000
       11115000	      1110	800014b4	00000013	addi	x0,x0,0	  x0:0x00000000
       11125000	      1111	800014b8	01c000ef	jal	x1,800014b8	  x1=0x800014b8
       11135000	      1112	00000000	00000013	addi	x0,x0,0	  x0:0x00000000
       11145000	      1113	800014d0	00000013	addi	x0,x0,0	  x0:0x00000000
       11155000	      1114	800014d4	020001ef	jal	x3,800014d4	  x3=0x800014d4
       11165000	      1115	00000000	00000013	addi	x0,x0,0	  x0:0x00000000
       11175000	      1116	800014f0	00000013	addi	x0,x0,0	  x0:0x00000000
       11185000	      1117	800014f4	fcdff2ef	jal	x5,800014f4	  x5=0x800014f4
       11195000	      1118	00000000	00000013	addi	x0,x0,0	  x0:0x00000000
       11205000	      1119	800014bc	00000013	addi	x0,x0,0	  x0:0x00000000
       11215000	      1120	800014c0	0200036f	jal	x6,800014c0	  x6=0x800014c0
       11225000	      1121	00000000	00000013	addi	x0,x0,0	  x0:0x00000000
       11235000	      1122	800014dc	00000013	addi	x0,x0,0	  x0:0x00000000
       11245000	      1123	800014e0	fd5ff0ef	jal	x1,800014e0	  x1=0x800014e0
       11255000	      1124	00000000	00000013	addi	x0,x0,0	  x0:0x00000000
       11265000	      1125	800014b0	00000013	addi	x0,x0,0	  x0:0x00000000
       11275000	      1126	800014b4	03c000ef	jal	x1,800014b4	  x1=0x800014b4
       11285000	      1127	00000000	00000013	addi	x0,x0,0	  x0:0x00000000
       11295000	      1128	800014ec	00000013	addi	x0,x0,0	  x0:0x00000000
       11305000	      1129	800014f0	ffdff0ef	jal	x1,800014f0	  x1=0x800014f0
       11315000	      1130	00000000	00000013	addi	x0,x0,0	  x0:0x00000000
       11325000	      1131	800014e8	00000013	addi	x0,x0,0	  x0:0x00000000
       11335000	      1132	800014ec	fbdff0ef	jal	x1,800014ec	  x1=0x800014ec
       11345000	      1133	00000000	00000013	addi	x0,x0,0	  x0:0x00000000
       11355000	      1134	800014a4	00000013	addi	x0,x0,0	  x0:0x00000000
       11365000	      1135	800014a8	004000ef	jal	x1,800014a8	  x1=0x800014a8
       11375000	      1136	00000000	00000013	addi	x0,x0,0	  x0:0x00000000
       11385000	      1137	800014a8	00000013	addi	x0,x0,0	  x0:0x00000000
       11395000	      1138	800014ac	020000ef	jal	x1,800014ac	  x1=0x800014ac
       11405000	      1139	00000000	00000013	addi	x0,x0,0	  x0:0x00000000
       11415000	      1140	800014c8	00000013	addi	x0,x0,0	  x0:0x00000000
       11425000	      1141	800014cc	0040036f	jal	x6,800014cc	  x6=0x800014cc
       11435000	      1142	00000000	00000013	addi	x0,x0,0	  x0:0x00000000
       11445000	      1143	800014cc	00000013	addi	x0,x0,0	  x0:0x00000000
       11455000	      1144	800014d0	ff9ff0ef	jal	x1,800014d0	  x1=0x800014d0
       11465000	      1145	00000000	00000013	addi	x0,x0,0	  x0:0x00000000
       11475000	      1146	800014c4	00000013	addi	x0,x0,0	  x0:0x00000000
       11485000	      1147	800014c8	01400a6f	jal	x20,800014c8	 x20=0x800014c8
       11495000	      1148	00000000	00000013	addi	x0,x0,0	  x0:0x00000000
       11505000	      1149	800014d8	00000013	addi	x0,x0,0	  x0:0x00000000
       11515000	      1150	800014dc	01c000ef	jal	x1,800014dc	  x1=0x800014dc
       11525000	      1151	00000000	00000013	addi	x0,x0,0	  x0:0x00000000
       11535000	      1152	800014f4	00000013	addi	x0,x0,0	  x0:0x00000000
       11545000	      1153	800014f8	00f67fb3	and	x31,x12,x15	 x12:0x80001488 x15:0x80001450 x31=0x80001400
       11555000	      1154	800014fc	018000ef	jal	x1,800014fc	  x1=0x800014fc
       11565000	      1155	00000000	00000013	addi	x0,x0,0	  x0:0x00000000
       11575000	      1156	80001510	00000013	addi	x0,x0,0	  x0:0x00000000
       11585000	      1157	80001514	00800def	jal	x27,80001514	 x27=0x80001514
       11595000	      1158	00000000	00000013	addi	x0,x0,0	  x0:0x00000000
       11605000	      1159	80001518	00000013	addi	x0,x0,0	  x0:0x00000000
       11615000	      1160	8000151c	fe5ff1ef	jal	x3,8000151c	  x3=0x8000151c
       11625000	      1161	00000000	00000013	addi	x0,x0,0	  x0:0x00000000
       11635000	      1162	800014fc	00000013	addi	x0,x0,0	  x0:0x00000000
       11645000	      1163	80001500	0100036f	jal	x6,80001500	  x6=0x80001500
       11655000	      1164	00000000	00000013	addi	x0,x0,0	  x0:0x00000000
       11665000	      1165	8000150c	00000013	addi	x0,x0,0	  x0:0x00000000
       11675000	      1166	80001510	ffdff8ef	jal	x17,80001510	 x17=0x80001510
       11685000	      1167	00000000	00000013	addi	x0,x0,0	  x0:0x00000000
       11695000	      1168	80001508	00000013	addi	x0,x0,0	  x0:0x00000000
       11705000	      1169	8000150c	00c000ef	jal	x1,8000150c	  x1=0x8000150c
       11715000	      1170	00000000	00000013	addi	x0,x0,0	  x0:0x00000000
       11725000	      1171	80001514	00000013	addi	x0,x0,0	  x0:0x00000000
       11735000	      1172	80001518	fedff0ef	jal	x1,80001518	  x1=0x80001518
       11745000	      1173	00000000	00000013	addi	x0,x0,0	  x0:0x00000000
       11755000	      1174	80001500	00000013	addi	x0,x0,0	  x0:0x00000000
       11765000	      1175	80001504	004000ef	jal	x1,80001504	  x1=0x80001504
       11775000	      1176	00000000	00000013	addi	x0,x0,0	  x0:0x00000000
       11785000	      1177	80001504	00000013	addi	x0,x0,0	  x0:0x00000000
       11795000	      1178	80001508	018001ef	jal	x3,80001508	  x3=0x80001508
       11805000	      1179	00000000	00000013	addi	x0,x0,0	  x0:0x00000000
       11815000	      1180	8000151c	00000013	addi	x0,x0,0	  x0:0x00000000
       11825000	      1181	80001520	004000ef	jal	x1,80001520	  x1=0x80001520
       11835000	      1182	00000000	00000013	addi	x0,x0,0	  x0:0x00000000
       11845000	      1183	80001520	00000013	addi	x0,x0,0	  x0:0x00000000
       11855000	      1184	80001524	004000ef	jal	x1,80001524	  x1=0x80001524
       11865000	      1185	00000000	00000013	addi	x0,x0,0	  x0:0x00000000
       11875000	      1186	80001524	00000013	addi	x0,x0,0	  x0:0x00000000
       11885000	      1187	80001528	40fc5533	sra	x10,x24,x15	 x24:0x8000145c x15:0x80001450 x10=0xffff8000
       11895000	      1188	8000152c	040000ef	jal	x1,8000152c	  x1=0x8000152c
       11905000	      1189	00000000	00000013	addi	x0,x0,0	  x0:0x00000000
       11915000	      1190	80001568	00000013	addi	x0,x0,0	  x0:0x00000000
       11925000	      1191	8000156c	fd5ff0ef	jal	x1,8000156c	  x1=0x8000156c
       11935000	      1192	00000000	00000013	addi	x0,x0,0	  x0:0x00000000
       11945000	      1193	8000153c	00000013	addi	x0,x0,0	  x0:0x00000000
       11955000	      1194	80001540	014000ef	jal	x1,80001540	  x1=0x80001540
       11965000	      1195	00000000	00000013	addi	x0,x0,0	  x0:0x00000000
       11975000	      1196	80001550	00000013	addi	x0,x0,0	  x0:0x00000000
       11985000	      1197	80001554	010000ef	jal	x1,80001554	  x1=0x80001554
       11995000	      1198	00000000	00000013	addi	x0,x0,0	  x0:0x00000000
       12005000	      1199	80001560	00000013	addi	x0,x0,0	  x0:0x00000000
       12015000	      1200	80001564	fe1ff36f	jal	x6,80001564	  x6=0x80001564
       12025000	      1201	00000000	00000013	addi	x0,x0,0	  x0:0x00000000
       12035000	      1202	80001540	00000013	addi	x0,x0,0	  x0:0x00000000
       12045000	      1203	80001544	004005ef	jal	x11,80001544	 x11=0x80001544
       12055000	      1204	00000000	00000013	addi	x0,x0,0	  x0:0x00000000
       12065000	      1205	80001544	00000013	addi	x0,x0,0	  x0:0x00000000
       12075000	      1206	80001548	008000ef	jal	x1,80001548	  x1=0x80001548
       12085000	      1207	00000000	00000013	addi	x0,x0,0	  x0:0x00000000
       12095000	      1208	8000154c	00000013	addi	x0,x0,0	  x0:0x00000000
       12105000	      1209	80001550	fe9ff66f	jal	x12,80001550	 x12=0x80001550
       12115000	      1210	00000000	00000013	addi	x0,x0,0	  x0:0x00000000
       12125000	      1211	80001534	00000013	addi	x0,x0,0	  x0:0x00000000
       12135000	      1212	80001538	030000ef	jal	x1,80001538	  x1=0x80001538
       12145000	      1213	00000000	00000013	addi	x0,x0,0	  x0:0x00000000
       12155000	      1214	80001564	00000013	addi	x0,x0,0	  x0:0x00000000
       12165000	      1215	80001568	ff1ff1ef	jal	x3,80001568	  x3=0x80001568
       12175000	      1216	00000000	00000013	addi	x0,x0,0	  x0:0x00000000
       12185000	      1217	80001554	00000013	addi	x0,x0,0	  x0:0x00000000
       12195000	      1218	80001558	018000ef	jal	x1,80001558	  x1=0x80001558
       12205000	      1219	00000000	00000013	addi	x0,x0,0	  x0:0x00000000
       12215000	      1220	8000156c	00000013	addi	x0,x0,0	  x0:0x00000000
       12225000	      1221	80001570	fc1ff0ef	jal	x1,80001570	  x1=0x80001570
       12235000	      1222	00000000	00000013	addi	x0,x0,0	  x0:0x00000000
       12245000	      1223	8000152c	00000013	addi	x0,x0,0	  x0:0x00000000
       12255000	      1224	80001530	02c000ef	jal	x1,80001530	  x1=0x80001530
       12265000	      1225	00000000	00000013	addi	x0,x0,0	  x0:0x00000000
       12275000	      1226	80001558	00000013	addi	x0,x0,0	  x0:0x00000000
       12285000	      1227	8000155c	fd9ff0ef	jal	x1,8000155c	  x1=0x8000155c
       12295000	      1228	00000000	00000013	addi	x0,x0,0	  x0:0x00000000
       12305000	      1229	80001530	00000013	addi	x0,x0,0	  x0:0x00000000
       12315000	      1230	80001534	0180036f	jal	x6,80001534	  x6=0x80001534
       12325000	      1231	00000000	00000013	addi	x0,x0,0	  x0:0x00000000
       12335000	      1232	80001548	00000013	addi	x0,x0,0	  x0:0x00000000
       12345000	      1233	8000154c	ff1ff0ef	jal	x1,8000154c	  x1=0x8000154c
       12355000	      1234	00000000	00000013	addi	x0,x0,0	  x0:0x00000000
       12365000	      1235	80001538	00000013	addi	x0,x0,0	  x0:0x00000000
       12375000	      1236	8000153c	024002ef	jal	x5,8000153c	  x5=0x8000153c
       12385000	      1237	00000000	00000013	addi	x0,x0,0	  x0:0x00000000
       12395000	      1238	8000155c	00000013	addi	x0,x0,0	  x0:0x00000000
       12405000	      1239	80001560	014000ef	jal	x1,80001560	  x1=0x80001560
       12415000	      1240	00000000	00000013	addi	x0,x0,0	  x0:0x00000000
       12425000	      1241	80001570	00000013	addi	x0,x0,0	  x0:0x00000000
       12435000	      1242	80001574	fa8b0893	addi	x17,x22,-88	 x22:0x000002a0 x17=0x00000248
       12445000	      1243	80001578	014000ef	jal	x1,80001578	  x1=0x80001578
       12455000	      1244	00000000	00000013	addi	x0,x0,0	  x0:0x00000000
       12465000	      1245	80001588	00000013	addi	x0,x0,0	  x0:0x00000000
       12475000	      1246	8000158c	ff5ff0ef	jal	x1,8000158c	  x1=0x8000158c
       12485000	      1247	00000000	00000013	addi	x0,x0,0	  x0:0x00000000
       12495000	      1248	8000157c	00000013	addi	x0,x0,0	  x0:0x00000000
       12505000	      1249	80001580	0040036f	jal	x6,80001580	  x6=0x80001580
       12515000	      1250	00000000	00000013	addi	x0,x0,0	  x0:0x00000000
       12525000	      1251	80001580	00000013	addi	x0,x0,0	  x0:0x00000000
       12535000	      1252	80001584	00c000ef	jal	x1,80001584	  x1=0x80001584
       12545000	      1253	00000000	00000013	addi	x0,x0,0	  x0:0x00000000
       12555000	      1254	8000158c	00000013	addi	x0,x0,0	  x0:0x00000000
       12565000	      1255	80001590	fedff36f	jal	x6,80001590	  x6=0x80001590
       12575000	      1256	00000000	00000013	addi	x0,x0,0	  x0:0x00000000
       12585000	      1257	80001578	00000013	addi	x0,x0,0	  x0:0x00000000
       12595000	      1258	8000157c	0200036f	jal	x6,8000157c	  x6=0x8000157c
       12605000	      1259	00000000	00000013	addi	x0,x0,0	  x0:0x00000000
       12615000	      1260	80001598	00000013	addi	x0,x0,0	  x0:0x00000000
       12625000	      1261	8000159c	fedff36f	jal	x6,8000159c	  x6=0x8000159c
       12635000	      1262	00000000	00000013	addi	x0,x0,0	  x0:0x00000000
       12645000	      1263	80001584	00000013	addi	x0,x0,0	  x0:0x00000000
       12655000	      1264	80001588	00c003ef	jal	x7,80001588	  x7=0x80001588
       12665000	      1265	00000000	00000013	addi	x0,x0,0	  x0:0x00000000
       12675000	      1266	80001590	00000013	addi	x0,x0,0	  x0:0x00000000
       12685000	      1267	80001594	00c00cef	jal	x25,80001594	 x25=0x80001594
       12695000	      1268	00000000	00000013	addi	x0,x0,0	  x0:0x00000000
       12705000	      1269	8000159c	00000013	addi	x0,x0,0	  x0:0x00000000
       12715000	      1270	800015a0	004000ef	jal	x1,800015a0	  x1=0x800015a0
       12725000	      1271	00000000	00000013	addi	x0,x0,0	  x0:0x00000000
       12735000	      1272	800015a0	00000013	addi	x0,x0,0	  x0:0x00000000
       12745000	      1273	800015a4	ff5ff0ef	jal	x1,800015a4	  x1=0x800015a4
       12755000	      1274	00000000	00000013	addi	x0,x0,0	  x0:0x00000000
       12765000	      1275	80001594	00000013	addi	x0,x0,0	  x0:0x00000000
       12775000	      1276	80001598	01000d6f	jal	x26,80001598	 x26=0x80001598
       12785000	      1277	00000000	00000013	addi	x0,x0,0	  x0:0x00000000
       12795000	      1278	800015a4	00000013	addi	x0,x0,0	  x0:0x00000000
       12805000	      1279	800015a8	00000013	addi	x0,x0,0	  x0:0x00000000
       12815000	      1280	800015ac	01c000ef	jal	x1,800015ac	  x1=0x800015ac
       12825000	      1281	00000000	00000013	addi	x0,x0,0	  x0:0x00000000
       12835000	      1282	800015c4	00000013	addi	x0,x0,0	  x0:0x00000000
       12845000	      1283	800015c8	ff5ff0ef	jal	x1,800015c8	  x1=0x800015c8
       12855000	      1284	00000000	00000013	addi	x0,x0,0	  x0:0x00000000
       12865000	      1285	800015b8	00000013	addi	x0,x0,0	  x0:0x00000000
       12875000	      1286	800015bc	ff9ff1ef	jal	x3,800015bc	  x3=0x800015bc
       12885000	      1287	00000000	00000013	addi	x0,x0,0	  x0:0x00000000
       12895000	      1288	800015b0	00000013	addi	x0,x0,0	  x0:0x00000000
       12905000	      1289	800015b4	00c00a6f	jal	x20,800015b4	 x20=0x800015b4
       12915000	      1290	00000000	00000013	addi	x0,x0,0	  x0:0x00000000
       12925000	      1291	800015bc	00000013	addi	x0,x0,0	  x0:0x00000000
       12935000	      1292	800015c0	ff1ff1ef	jal	x3,800015c0	  x3=0x800015c0
       12945000	      1293	00000000	00000013	addi	x0,x0,0	  x0:0x00000000
       12955000	      1294	800015ac	00000013	addi	x0,x0,0	  x0:0x00000000
       12965000	      1295	800015b0	020000ef	jal	x1,800015b0	  x1=0x800015b0
       12975000	      1296	00000000	00000013	addi	x0,x0,0	  x0:0x00000000
       12985000	      1297	800015cc	00000013	addi	x0,x0,0	  x0:0x00000000
       12995000	      1298	800015d0	008000ef	jal	x1,800015d0	  x1=0x800015d0
       13005000	      1299	00000000	00000013	addi	x0,x0,0	  x0:0x00000000
       13015000	      1300	800015d4	00000013	addi	x0,x0,0	  x0:0x00000000
       13025000	      1301	800015d8	ff5ff36f	jal	x6,800015d8	  x6=0x800015d8
       13035000	      1302	00000000	00000013	addi	x0,x0,0	  x0:0x00000000
       13045000	      1303	800015c8	00000013	addi	x0,x0,0	  x0:0x00000000
       13055000	      1304	800015cc	fedff36f	jal	x6,800015cc	  x6=0x800015cc
       13065000	      1305	00000000	00000013	addi	x0,x0,0	  x0:0x00000000
       13075000	      1306	800015b4	00000013	addi	x0,x0,0	  x0:0x00000000
       13085000	      1307	800015b8	01c000ef	jal	x1,800015b8	  x1=0x800015b8
       13095000	      1308	00000000	00000013	addi	x0,x0,0	  x0:0x00000000
       13105000	      1309	800015d0	00000013	addi	x0,x0,0	  x0:0x00000000
       13115000	      1310	800015d4	ff1ff86f	jal	x16,800015d4	 x16=0x800015d4
       13125000	      1311	00000000	00000013	addi	x0,x0,0	  x0:0x00000000
       13135000	      1312	800015c0	00000013	addi	x0,x0,0	  x0:0x00000000
       13145000	      1313	800015c4	018000ef	jal	x1,800015c4	  x1=0x800015c4
       13155000	      1314	00000000	00000013	addi	x0,x0,0	  x0:0x00000000
       13165000	      1315	800015d8	00000013	addi	x0,x0,0	  x0:0x00000000
       13175000	      1316	800015dc	0179b1b3	sltu	x3,x19,x23	 x19:0xff622900 x23:0x00000001  x3=0x00000000
       13185000	      1317	800015e0	00c000ef	jal	x1,800015e0	  x1=0x800015e0
       13195000	      1318	00000000	00000013	addi	x0,x0,0	  x0:0x00000000
       13205000	      1319	800015e8	00000013	addi	x0,x0,0	  x0:0x00000000
       13215000	      1320	800015ec	0380036f	jal	x6,800015ec	  x6=0x800015ec
       13225000	      1321	00000000	00000013	addi	x0,x0,0	  x0:0x00000000
       13235000	      1322	80001620	00000013	addi	x0,x0,0	  x0:0x00000000
       13245000	      1323	80001624	028000ef	jal	x1,80001624	  x1=0x80001624
       13255000	      1324	00000000	00000013	addi	x0,x0,0	  x0:0x00000000
       13265000	      1325	80001648	00000013	addi	x0,x0,0	  x0:0x00000000
       13275000	      1326	8000164c	ff5ff86f	jal	x16,8000164c	 x16=0x8000164c
       13285000	      1327	00000000	00000013	addi	x0,x0,0	  x0:0x00000000
       13295000	      1328	8000163c	00000013	addi	x0,x0,0	  x0:0x00000000
       13305000	      1329	80001640	fbdff0ef	jal	x1,80001640	  x1=0x80001640
       13315000	      1330	00000000	00000013	addi	x0,x0,0	  x0:0x00000000
       13325000	      1331	800015f8	00000013	addi	x0,x0,0	  x0:0x00000000
       13335000	      1332	800015fc	004000ef	jal	x1,800015fc	  x1=0x800015fc
       13345000	      1333	00000000	00000013	addi	x0,x0,0	  x0:0x00000000
       13355000	      1334	800015fc	00000013	addi	x0,x0,0	  x0:0x00000000
       13365000	      1335	80001600	ff9ff7ef	jal	x15,80001600	 x15=0x80001600
       13375000	      1336	00000000	00000013	addi	x0,x0,0	  x0:0x00000000
       13385000	      1337	800015f4	00000013	addi	x0,x0,0	  x0:0x00000000
       13395000	      1338	800015f8	04c000ef	jal	x1,800015f8	  x1=0x800015f8
       13405000	      1339	00000000	00000013	addi	x0,x0,0	  x0:0x00000000
       13415000	      1340	80001640	00000013	addi	x0,x0,0	  x0:0x00000000
       13425000	      1341	80001644	fd5ff0ef	jal	x1,80001644	  x1=0x80001644
       13435000	      1342	00000000	00000013	addi	x0,x0,0	  x0:0x00000000
       13445000	      1343	80001614	00000013	addi	x0,x0,0	  x0:0x00000000
       13455000	      1344	80001618	ff1ffcef	jal	x25,80001618	 x25=0x80001618
       13465000	      1345	00000000	00000013	addi	x0,x0,0	  x0:0x00000000
       13475000	      1346	80001604	00000013	addi	x0,x0,0	  x0:0x00000000
       13485000	      1347	80001608	0400036f	jal	x6,80001608	  x6=0x80001608
       13495000	      1348	00000000	00000013	addi	x0,x0,0	  x0:0x00000000
       13505000	      1349	80001644	00000013	addi	x0,x0,0	  x0:0x00000000
       13515000	      1350	80001648	fc5ff2ef	jal	x5,80001648	  x5=0x80001648
       13525000	      1351	00000000	00000013	addi	x0,x0,0	  x0:0x00000000
       13535000	      1352	80001608	00000013	addi	x0,x0,0	  x0:0x00000000
       13545000	      1353	8000160c	02400eef	jal	x29,8000160c	 x29=0x8000160c
       13555000	      1354	00000000	00000013	addi	x0,x0,0	  x0:0x00000000
       13565000	      1355	8000162c	00000013	addi	x0,x0,0	  x0:0x00000000
       13575000	      1356	80001630	0200036f	jal	x6,80001630	  x6=0x80001630
       13585000	      1357	00000000	00000013	addi	x0,x0,0	  x0:0x00000000
       13595000	      1358	8000164c	00000013	addi	x0,x0,0	  x0:0x00000000
       13605000	      1359	80001650	f99ff0ef	jal	x1,80001650	  x1=0x80001650
       13615000	      1360	00000000	00000013	addi	x0,x0,0	  x0:0x00000000
       13625000	      1361	800015e4	00000013	addi	x0,x0,0	  x0:0x00000000
       13635000	      1362	800015e8	ffdff0ef	jal	x1,800015e8	  x1=0x800015e8
       13645000	      1363	00000000	00000013	addi	x0,x0,0	  x0:0x00000000
       13655000	      1364	800015e0	00000013	addi	x0,x0,0	  x0:0x00000000
       13665000	      1365	800015e4	02c000ef	jal	x1,800015e4	  x1=0x800015e4
       13675000	      1366	00000000	00000013	addi	x0,x0,0	  x0:0x00000000
       13685000	      1367	8000160c	00000013	addi	x0,x0,0	  x0:0x00000000
       13695000	      1368	80001610	018000ef	jal	x1,80001610	  x1=0x80001610
       13705000	      1369	00000000	00000013	addi	x0,x0,0	  x0:0x00000000
       13715000	      1370	80001624	00000013	addi	x0,x0,0	  x0:0x00000000
       13725000	      1371	80001628	02c00c6f	jal	x24,80001628	 x24=0x80001628
       13735000	      1372	00000000	00000013	addi	x0,x0,0	  x0:0x00000000
       13745000	      1373	80001650	00000013	addi	x0,x0,0	  x0:0x00000000
       13755000	      1374	80001654	fa1ff36f	jal	x6,80001654	  x6=0x80001654
       13765000	      1375	00000000	00000013	addi	x0,x0,0	  x0:0x00000000
       13775000	      1376	800015f0	00000013	addi	x0,x0,0	  x0:0x00000000
       13785000	      1377	800015f4	040000ef	jal	x1,800015f4	  x1=0x800015f4
       13795000	      1378	00000000	00000013	addi	x0,x0,0	  x0:0x00000000
       13805000	      1379	80001630	00000013	addi	x0,x0,0	  x0:0x00000000
       13815000	      1380	80001634	fe1ff0ef	jal	x1,80001634	  x1=0x80001634
       13825000	      1381	00000000	00000013	addi	x0,x0,0	  x0:0x00000000
       13835000	      1382	80001610	00000013	addi	x0,x0,0	  x0:0x00000000
       13845000	      1383	80001614	024002ef	jal	x5,80001614	  x5=0x80001614
       13855000	      1384	00000000	00000013	addi	x0,x0,0	  x0:0x00000000
       13865000	      1385	80001634	00000013	addi	x0,x0,0	  x0:0x00000000
       13875000	      1386	80001638	fe9ff0ef	jal	x1,80001638	  x1=0x80001638
       13885000	      1387	00000000	00000013	addi	x0,x0,0	  x0:0x00000000
       13895000	      1388	8000161c	00000013	addi	x0,x0,0	  x0:0x00000000
       13905000	      1389	80001620	fe5ff1ef	jal	x3,80001620	  x3=0x80001620
       13915000	      1390	00000000	00000013	addi	x0,x0,0	  x0:0x00000000
       13925000	      1391	80001600	00000013	addi	x0,x0,0	  x0:0x00000000
       13935000	      1392	80001604	01800d6f	jal	x26,80001604	 x26=0x80001604
       13945000	      1393	00000000	00000013	addi	x0,x0,0	  x0:0x00000000
       13955000	      1394	80001618	00000013	addi	x0,x0,0	  x0:0x00000000
       13965000	      1395	8000161c	010000ef	jal	x1,8000161c	  x1=0x8000161c
       13975000	      1396	00000000	00000013	addi	x0,x0,0	  x0:0x00000000
       13985000	      1397	80001628	00000013	addi	x0,x0,0	  x0:0x00000000
       13995000	      1398	8000162c	01000cef	jal	x25,8000162c	 x25=0x8000162c
       14005000	      1399	00000000	00000013	addi	x0,x0,0	  x0:0x00000000
       14015000	      1400	80001638	00000013	addi	x0,x0,0	  x0:0x00000000
       14025000	      1401	8000163c	fb5ff2ef	jal	x5,8000163c	  x5=0x8000163c
       14035000	      1402	00000000	00000013	addi	x0,x0,0	  x0:0x00000000
       14045000	      1403	800015ec	00000013	addi	x0,x0,0	  x0:0x00000000
       14055000	      1404	800015f0	068004ef	jal	x9,800015f0	  x9=0x800015f0
       14065000	      1405	00000000	00000013	addi	x0,x0,0	  x0:0x00000000
       14075000	      1406	80001654	00000013	addi	x0,x0,0	  x0:0x00000000
       14085000	      1407	80001658	1e256297	auipc	x5,0x1e256	  x5=0x9e257654
       14095000	      1408	8000165c	030000ef	jal	x1,8000165c	  x1=0x8000165c
       14105000	      1409	00000000	00000013	addi	x0,x0,0	  x0:0x00000000
       14115000	      1410	80001688	00000013	addi	x0,x0,0	  x0:0x00000000
       14125000	      1411	8000168c	fe1ff0ef	jal	x1,8000168c	  x1=0x8000168c
       14135000	      1412	00000000	00000013	addi	x0,x0,0	  x0:0x00000000
       14145000	      1413	80001668	00000013	addi	x0,x0,0	  x0:0x00000000
       14155000	      1414	8000166c	010001ef	jal	x3,8000166c	  x3=0x8000166c
       14165000	      1415	00000000	00000013	addi	x0,x0,0	  x0:0x00000000
       14175000	      1416	80001678	00000013	addi	x0,x0,0	  x0:0x00000000
       14185000	      1417	8000167c	fe5ffeef	jal	x29,8000167c	 x29=0x8000167c
       14195000	      1418	00000000	00000013	addi	x0,x0,0	  x0:0x00000000
       14205000	      1419	8000165c	00000013	addi	x0,x0,0	  x0:0x00000000
       14215000	      1420	80001660	0300046f	jal	x8,80001660	  x8=0x80001660
       14225000	      1421	00000000	00000013	addi	x0,x0,0	  x0:0x00000000
       14235000	      1422	8000168c	00000013	addi	x0,x0,0	  x0:0x00000000
       14245000	      1423	80001690	00400eef	jal	x29,80001690	 x29=0x80001690
       14255000	      1424	00000000	00000013	addi	x0,x0,0	  x0:0x00000000
       14265000	      1425	80001690	00000013	addi	x0,x0,0	  x0:0x00000000
       14275000	      1426	80001694	fd1ff0ef	jal	x1,80001694	  x1=0x80001694
       14285000	      1427	00000000	00000013	addi	x0,x0,0	  x0:0x00000000
       14295000	      1428	80001660	00000013	addi	x0,x0,0	  x0:0x00000000
       14305000	      1429	80001664	01c000ef	jal	x1,80001664	  x1=0x80001664
       14315000	      1430	00000000	00000013	addi	x0,x0,0	  x0:0x00000000
       14325000	      1431	8000167c	00000013	addi	x0,x0,0	  x0:0x00000000
       14335000	      1432	80001680	01c0086f	jal	x16,80001680	 x16=0x80001680
       14345000	      1433	00000000	00000013	addi	x0,x0,0	  x0:0x00000000
       14355000	      1434	80001698	00000013	addi	x0,x0,0	  x0:0x00000000
       14365000	      1435	8000169c	fe9ff36f	jal	x6,8000169c	  x6=0x8000169c
       14375000	      1436	00000000	00000013	addi	x0,x0,0	  x0:0x00000000
       14385000	      1437	80001680	00000013	addi	x0,x0,0	  x0:0x00000000
       14395000	      1438	80001684	fedff0ef	jal	x1,80001684	  x1=0x80001684
       14405000	      1439	00000000	00000013	addi	x0,x0,0	  x0:0x00000000
       14415000	      1440	8000166c	00000013	addi	x0,x0,0	  x0:0x00000000
       14425000	      1441	80001670	00400e6f	jal	x28,80001670	 x28=0x80001670
       14435000	      1442	00000000	00000013	addi	x0,x0,0	  x0:0x00000000
       14445000	      1443	80001670	00000013	addi	x0,x0,0	  x0:0x00000000
       14455000	      1444	80001674	014001ef	jal	x3,80001674	  x3=0x80001674
       14465000	      1445	00000000	00000013	addi	x0,x0,0	  x0:0x00000000
       14475000	      1446	80001684	00000013	addi	x0,x0,0	  x0:0x00000000
       14485000	      1447	80001688	fe1ff36f	jal	x6,80001688	  x6=0x80001688
       14495000	      1448	00000000	00000013	addi	x0,x0,0	  x0:0x00000000
       14505000	      1449	80001664	00000013	addi	x0,x0,0	  x0:0x00000000
       14515000	      1450	80001668	010009ef	jal	x19,80001668	 x19=0x80001668
       14525000	      1451	00000000	00000013	addi	x0,x0,0	  x0:0x00000000
       14535000	      1452	80001674	00000013	addi	x0,x0,0	  x0:0x00000000
       14545000	      1453	80001678	0200036f	jal	x6,80001678	  x6=0x80001678
       14555000	      1454	00000000	00000013	addi	x0,x0,0	  x0:0x00000000
       14565000	      1455	80001694	00000013	addi	x0,x0,0	  x0:0x00000000
       14575000	      1456	80001698	008000ef	jal	x1,80001698	  x1=0x80001698
       14585000	      1457	00000000	00000013	addi	x0,x0,0	  x0:0x00000000
       14595000	      1458	8000169c	00000013	addi	x0,x0,0	  x0:0x00000000
       14605000	      1459	800016a0	01da8033	add	x0,x21,x29	 x21:0x3d205000 x29:0x80001690
       14615000	      1460	800016a4	064000ef	jal	x1,800016a4	  x1=0x800016a4
       14625000	      1461	00000000	00000013	addi	x0,x0,0	  x0:0x00000000
       14635000	      1462	80001704	00000013	addi	x0,x0,0	  x0:0x00000000
       14645000	      1463	80001708	fd9ff0ef	jal	x1,80001708	  x1=0x80001708
       14655000	      1464	00000000	00000013	addi	x0,x0,0	  x0:0x00000000
       14665000	      1465	800016dc	00000013	addi	x0,x0,0	  x0:0x00000000
       14675000	      1466	800016e0	020004ef	jal	x9,800016e0	  x9=0x800016e0
       14685000	      1467	00000000	00000013	addi	x0,x0,0	  x0:0x00000000
       14695000	      1468	800016fc	00000013	addi	x0,x0,0	  x0:0x00000000
       14705000	      1469	80001700	ffdffdef	jal	x27,80001700	 x27=0x80001700
       14715000	      1470	00000000	00000013	addi	x0,x0,0	  x0:0x00000000
       14725000	      1471	800016f8	00000013	addi	x0,x0,0	  x0:0x00000000
       14735000	      1472	800016fc	fe1ff0ef	jal	x1,800016fc	  x1=0x800016fc
       14745000	      1473	00000000	00000013	addi	x0,x0,0	  x0:0x00000000
       14755000	      1474	800016d8	00000013	addi	x0,x0,0	  x0:0x00000000
       14765000	      1475	800016dc	fe5ff0ef	jal	x1,800016dc	  x1=0x800016dc
       14775000	      1476	00000000	00000013	addi	x0,x0,0	  x0:0x00000000
       14785000	      1477	800016bc	00000013	addi	x0,x0,0	  x0:0x00000000
       14795000	      1478	800016c0	04400a6f	jal	x20,800016c0	 x20=0x800016c0
       14805000	      1479	00000000	00000013	addi	x0,x0,0	  x0:0x00000000
       14815000	      1480	80001700	00000013	addi	x0,x0,0	  x0:0x00000000
       14825000	      1481	80001704	fe1ff0ef	jal	x1,80001704	  x1=0x80001704
       14835000	      1482	00000000	00000013	addi	x0,x0,0	  x0:0x00000000
       14845000	      1483	800016e0	00000013	addi	x0,x0,0	  x0:0x00000000
       14855000	      1484	800016e4	fd9ff0ef	jal	x1,800016e4	  x1=0x800016e4
       14865000	      1485	00000000	00000013	addi	x0,x0,0	  x0:0x00000000
       14875000	      1486	800016b8	00000013	addi	x0,x0,0	  x0:0x00000000
       14885000	      1487	800016bc	018000ef	jal	x1,800016bc	  x1=0x800016bc
       14895000	      1488	00000000	00000013	addi	x0,x0,0	  x0:0x00000000
       14905000	      1489	800016d0	00000013	addi	x0,x0,0	  x0:0x00000000
       14915000	      1490	800016d4	03c008ef	jal	x17,800016d4	 x17=0x800016d4
       14925000	      1491	00000000	00000013	addi	x0,x0,0	  x0:0x00000000
       14935000	      1492	8000170c	00000013	addi	x0,x0,0	  x0:0x00000000
       14945000	      1493	80001710	fa1ff0ef	jal	x1,80001710	  x1=0x80001710
       14955000	      1494	00000000	00000013	addi	x0,x0,0	  x0:0x00000000
       14965000	      1495	800016ac	00000013	addi	x0,x0,0	  x0:0x00000000
       14975000	      1496	800016b0	018000ef	jal	x1,800016b0	  x1=0x800016b0
       14985000	      1497	00000000	00000013	addi	x0,x0,0	  x0:0x00000000
       14995000	      1498	800016c4	00000013	addi	x0,x0,0	  x0:0x00000000
       15005000	      1499	800016c8	fedffeef	jal	x29,800016c8	 x29=0x800016c8
       15015000	      1500	00000000	00000013	addi	x0,x0,0	  x0:0x00000000
       15025000	      1501	800016b0	00000013	addi	x0,x0,0	  x0:0x00000000
       15035000	      1502	800016b4	0100036f	jal	x6,800016b4	  x6=0x800016b4
       15045000	      1503	00000000	00000013	addi	x0,x0,0	  x0:0x00000000
       15055000	      1504	800016c0	00000013	addi	x0,x0,0	  x0:0x00000000
       15065000	      1505	800016c4	0540036f	jal	x6,800016c4	  x6=0x800016c4
       15075000	      1506	00000000	00000013	addi	x0,x0,0	  x0:0x00000000
       15085000	      1507	80001714	00000013	addi	x0,x0,0	  x0:0x00000000
       15095000	      1508	80001718	f91ff0ef	jal	x1,80001718	  x1=0x80001718
       15105000	      1509	00000000	00000013	addi	x0,x0,0	  x0:0x00000000
       15115000	      1510	800016a4	00000013	addi	x0,x0,0	  x0:0x00000000
       15125000	      1511	800016a8	050000ef	jal	x1,800016a8	  x1=0x800016a8
       15135000	      1512	00000000	00000013	addi	x0,x0,0	  x0:0x00000000
       15145000	      1513	800016f4	00000013	addi	x0,x0,0	  x0:0x00000000
       15155000	      1514	800016f8	ff1ff0ef	jal	x1,800016f8	  x1=0x800016f8
       15165000	      1515	00000000	00000013	addi	x0,x0,0	  x0:0x00000000
       15175000	      1516	800016e4	00000013	addi	x0,x0,0	  x0:0x00000000
       15185000	      1517	800016e8	fc5fffef	jal	x31,800016e8	 x31=0x800016e8
       15195000	      1518	00000000	00000013	addi	x0,x0,0	  x0:0x00000000
       15205000	      1519	800016a8	00000013	addi	x0,x0,0	  x0:0x00000000
       15215000	      1520	800016ac	02400b6f	jal	x22,800016ac	 x22=0x800016ac
       15225000	      1521	00000000	00000013	addi	x0,x0,0	  x0:0x00000000
       15235000	      1522	800016cc	00000013	addi	x0,x0,0	  x0:0x00000000
       15245000	      1523	800016d0	024000ef	jal	x1,800016d0	  x1=0x800016d0
       15255000	      1524	00000000	00000013	addi	x0,x0,0	  x0:0x00000000
       15265000	      1525	800016f0	00000013	addi	x0,x0,0	  x0:0x00000000
       15275000	      1526	800016f4	ff9ff0ef	jal	x1,800016f4	  x1=0x800016f4
       15285000	      1527	00000000	00000013	addi	x0,x0,0	  x0:0x00000000
       15295000	      1528	800016e8	00000013	addi	x0,x0,0	  x0:0x00000000
       15305000	      1529	800016ec	0200036f	jal	x6,800016ec	  x6=0x800016ec
       15315000	      1530	00000000	00000013	addi	x0,x0,0	  x0:0x00000000
       15325000	      1531	80001708	00000013	addi	x0,x0,0	  x0:0x00000000
       15335000	      1532	8000170c	fc1fffef	jal	x31,8000170c	 x31=0x8000170c
       15345000	      1533	00000000	00000013	addi	x0,x0,0	  x0:0x00000000
       15355000	      1534	800016c8	00000013	addi	x0,x0,0	  x0:0x00000000
       15365000	      1535	800016cc	fedff86f	jal	x16,800016cc	 x16=0x800016cc
       15375000	      1536	00000000	00000013	addi	x0,x0,0	  x0:0x00000000
       15385000	      1537	800016b4	00000013	addi	x0,x0,0	  x0:0x00000000
       15395000	      1538	800016b8	064002ef	jal	x5,800016b8	  x5=0x800016b8
       15405000	      1539	00000000	00000013	addi	x0,x0,0	  x0:0x00000000
       15415000	      1540	80001718	00000013	addi	x0,x0,0	  x0:0x00000000
       15425000	      1541	8000171c	fbdff0ef	jal	x1,8000171c	  x1=0x8000171c
       15435000	      1542	00000000	00000013	addi	x0,x0,0	  x0:0x00000000
       15445000	      1543	800016d4	00000013	addi	x0,x0,0	  x0:0x00000000
       15455000	      1544	800016d8	01800d6f	jal	x26,800016d8	 x26=0x800016d8
       15465000	      1545	00000000	00000013	addi	x0,x0,0	  x0:0x00000000
       15475000	      1546	800016ec	00000013	addi	x0,x0,0	  x0:0x00000000
       15485000	      1547	800016f0	024000ef	jal	x1,800016f0	  x1=0x800016f0
       15495000	      1548	00000000	00000013	addi	x0,x0,0	  x0:0x00000000
       15505000	      1549	80001710	00000013	addi	x0,x0,0	  x0:0x00000000
       15515000	      1550	80001714	00c000ef	jal	x1,80001714	  x1=0x80001714
       15525000	      1551	00000000	00000013	addi	x0,x0,0	  x0:0x00000000
       15535000	      1552	8000171c	00000013	addi	x0,x0,0	  x0:0x00000000
       15545000	      1553	80001720	00000013	addi	x0,x0,0	  x0:0x00000000
       15555000	      1554	80001724	024000ef	jal	x1,80001724	  x1=0x80001724
       15565000	      1555	00000000	00000013	addi	x0,x0,0	  x0:0x00000000
       15575000	      1556	80001744	00000013	addi	x0,x0,0	  x0:0x00000000
       15585000	      1557	80001748	fedff36f	jal	x6,80001748	  x6=0x80001748
       15595000	      1558	00000000	00000013	addi	x0,x0,0	  x0:0x00000000
       15605000	      1559	80001730	00000013	addi	x0,x0,0	  x0:0x00000000
       15615000	      1560	80001734	0480036f	jal	x6,80001734	  x6=0x80001734
       15625000	      1561	00000000	00000013	addi	x0,x0,0	  x0:0x00000000
       15635000	      1562	80001778	00000013	addi	x0,x0,0	  x0:0x00000000
       15645000	      1563	8000177c	004000ef	jal	x1,8000177c	  x1=0x8000177c
       15655000	      1564	00000000	00000013	addi	x0,x0,0	  x0:0x00000000
       15665000	      1565	8000177c	00000013	addi	x0,x0,0	  x0:0x00000000
       15675000	      1566	80001780	0040036f	jal	x6,80001780	  x6=0x80001780
       15685000	      1567	00000000	00000013	addi	x0,x0,0	  x0:0x00000000
       15695000	      1568	80001780	00000013	addi	x0,x0,0	  x0:0x00000000
       15705000	      1569	80001784	00c002ef	jal	x5,80001784	  x5=0x80001784
       15715000	      1570	00000000	00000013	addi	x0,x0,0	  x0:0x00000000
       15725000	      1571	8000178c	00000013	addi	x0,x0,0	  x0:0x00000000
       15735000	      1572	80001790	fa1ff36f	jal	x6,80001790	  x6=0x80001790
       15745000	      1573	00000000	00000013	addi	x0,x0,0	  x0:0x00000000
       15755000	      1574	8000172c	00000013	addi	x0,x0,0	  x0:0x00000000
       15765000	      1575	80001730	02c000ef	jal	x1,80001730	  x1=0x80001730
       15775000	      1576	00000000	00000013	addi	x0,x0,0	  x0:0x00000000
       15785000	      1577	80001758	00000013	addi	x0,x0,0	  x0:0x00000000
       15795000	      1578	8000175c	0100036f	jal	x6,8000175c	  x6=0x8000175c
       15805000	      1579	00000000	00000013	addi	x0,x0,0	  x0:0x00000000
       15815000	      1580	80001768	00000013	addi	x0,x0,0	  x0:0x00000000
       15825000	      1581	8000176c	ff5ff0ef	jal	x1,8000176c	  x1=0x8000176c
       15835000	      1582	00000000	00000013	addi	x0,x0,0	  x0:0x00000000
       15845000	      1583	8000175c	00000013	addi	x0,x0,0	  x0:0x00000000
       15855000	      1584	80001760	fd9ff36f	jal	x6,80001760	  x6=0x80001760
       15865000	      1585	00000000	00000013	addi	x0,x0,0	  x0:0x00000000
       15875000	      1586	80001734	00000013	addi	x0,x0,0	  x0:0x00000000
       15885000	      1587	80001738	0140036f	jal	x6,80001738	  x6=0x80001738
       15895000	      1588	00000000	00000013	addi	x0,x0,0	  x0:0x00000000
       15905000	      1589	80001748	00000013	addi	x0,x0,0	  x0:0x00000000
       15915000	      1590	8000174c	02c000ef	jal	x1,8000174c	  x1=0x8000174c
       15925000	      1591	00000000	00000013	addi	x0,x0,0	  x0:0x00000000
       15935000	      1592	80001774	00000013	addi	x0,x0,0	  x0:0x00000000
       15945000	      1593	80001778	fe1ff36f	jal	x6,80001778	  x6=0x80001778
       15955000	      1594	00000000	00000013	addi	x0,x0,0	  x0:0x00000000
       15965000	      1595	80001754	00000013	addi	x0,x0,0	  x0:0x00000000
       15975000	      1596	80001758	fe5ff0ef	jal	x1,80001758	  x1=0x80001758
       15985000	      1597	00000000	00000013	addi	x0,x0,0	  x0:0x00000000
       15995000	      1598	80001738	00000013	addi	x0,x0,0	  x0:0x00000000
       16005000	      1599	8000173c	058000ef	jal	x1,8000173c	  x1=0x8000173c
       16015000	      1600	00000000	00000013	addi	x0,x0,0	  x0:0x00000000
       16025000	      1601	80001790	00000013	addi	x0,x0,0	  x0:0x00000000
       16035000	      1602	80001794	fd1ff0ef	jal	x1,80001794	  x1=0x80001794
       16045000	      1603	00000000	00000013	addi	x0,x0,0	  x0:0x00000000
       16055000	      1604	80001760	00000013	addi	x0,x0,0	  x0:0x00000000
       16065000	      1605	80001764	ff1ff0ef	jal	x1,80001764	  x1=0x80001764
       16075000	      1606	00000000	00000013	addi	x0,x0,0	  x0:0x00000000
       16085000	      1607	80001750	00000013	addi	x0,x0,0	  x0:0x00000000
       16095000	      1608	80001754	01c000ef	jal	x1,80001754	  x1=0x80001754
       16105000	      1609	00000000	00000013	addi	x0,x0,0	  x0:0x00000000
       16115000	      1610	8000176c	00000013	addi	x0,x0,0	  x0:0x00000000
       16125000	      1611	80001770	fe1ff1ef	jal	x3,80001770	  x3=0x80001770
       16135000	      1612	00000000	00000013	addi	x0,x0,0	  x0:0x00000000
       16145000	      1613	8000174c	00000013	addi	x0,x0,0	  x0:0x00000000
       16155000	      1614	80001750	038000ef	jal	x1,80001750	  x1=0x80001750
       16165000	      1615	00000000	00000013	addi	x0,x0,0	  x0:0x00000000
       16175000	      1616	80001784	00000013	addi	x0,x0,0	  x0:0x00000000
       16185000	      1617	80001788	fedff0ef	jal	x1,80001788	  x1=0x80001788
       16195000	      1618	00000000	00000013	addi	x0,x0,0	  x0:0x00000000
       16205000	      1619	80001770	00000013	addi	x0,x0,0	  x0:0x00000000
       16215000	      1620	80001774	ff5ff36f	jal	x6,80001774	  x6=0x80001774
       16225000	      1621	00000000	00000013	addi	x0,x0,0	  x0:0x00000000
       16235000	      1622	80001764	00000013	addi	x0,x0,0	  x0:0x00000000
       16245000	      1623	80001768	fd9ff36f	jal	x6,80001768	  x6=0x80001768
       16255000	      1624	00000000	00000013	addi	x0,x0,0	  x0:0x00000000
       16265000	      1625	8000173c	00000013	addi	x0,x0,0	  x0:0x00000000
       16275000	      1626	80001740	fe9fff6f	jal	x30,80001740	 x30=0x80001740
       16285000	      1627	00000000	00000013	addi	x0,x0,0	  x0:0x00000000
       16295000	      1628	80001724	00000013	addi	x0,x0,0	  x0:0x00000000
       16305000	      1629	80001728	01c00f6f	jal	x30,80001728	 x30=0x80001728
       16315000	      1630	00000000	00000013	addi	x0,x0,0	  x0:0x00000000
       16325000	      1631	80001740	00000013	addi	x0,x0,0	  x0:0x00000000
       16335000	      1632	80001744	fe9ff8ef	jal	x17,80001744	 x17=0x80001744
       16345000	      1633	00000000	00000013	addi	x0,x0,0	  x0:0x00000000
       16355000	      1634	80001728	00000013	addi	x0,x0,0	  x0:0x00000000
       16365000	      1635	8000172c	060000ef	jal	x1,8000172c	  x1=0x8000172c
       16375000	      1636	00000000	00000013	addi	x0,x0,0	  x0:0x00000000
       16385000	      1637	80001788	00000013	addi	x0,x0,0	  x0:0x00000000
       16395000	      1638	8000178c	00c000ef	jal	x1,8000178c	  x1=0x8000178c
       16405000	      1639	00000000	00000013	addi	x0,x0,0	  x0:0x00000000
       16415000	      1640	80001794	00000013	addi	x0,x0,0	  x0:0x00000000
       16425000	      1641	80001798	01661c13	slli	x24,x12,0x16	 x12:0x80001550 x24=0x54000000
       16435000	      1642	8000179c	024000ef	jal	x1,8000179c	  x1=0x8000179c
       16445000	      1643	00000000	00000013	addi	x0,x0,0	  x0:0x00000000
       16455000	      1644	800017bc	00000013	addi	x0,x0,0	  x0:0x00000000
       16465000	      1645	800017c0	fedff0ef	jal	x1,800017c0	  x1=0x800017c0
       16475000	      1646	00000000	00000013	addi	x0,x0,0	  x0:0x00000000
       16485000	      1647	800017a8	00000013	addi	x0,x0,0	  x0:0x00000000
       16495000	      1648	800017ac	0080036f	jal	x6,800017ac	  x6=0x800017ac
       16505000	      1649	00000000	00000013	addi	x0,x0,0	  x0:0x00000000
       16515000	      1650	800017b0	00000013	addi	x0,x0,0	  x0:0x00000000
       16525000	      1651	800017b4	008000ef	jal	x1,800017b4	  x1=0x800017b4
       16535000	      1652	00000000	00000013	addi	x0,x0,0	  x0:0x00000000
       16545000	      1653	800017b8	00000013	addi	x0,x0,0	  x0:0x00000000
       16555000	      1654	800017bc	0080036f	jal	x6,800017bc	  x6=0x800017bc
       16565000	      1655	00000000	00000013	addi	x0,x0,0	  x0:0x00000000
       16575000	      1656	800017c0	00000013	addi	x0,x0,0	  x0:0x00000000
       16585000	      1657	800017c4	ff5ff0ef	jal	x1,800017c4	  x1=0x800017c4
       16595000	      1658	00000000	00000013	addi	x0,x0,0	  x0:0x00000000
       16605000	      1659	800017b4	00000013	addi	x0,x0,0	  x0:0x00000000
       16615000	      1660	800017b8	01000cef	jal	x25,800017b8	 x25=0x800017b8
       16625000	      1661	00000000	00000013	addi	x0,x0,0	  x0:0x00000000
       16635000	      1662	800017c4	00000013	addi	x0,x0,0	  x0:0x00000000
       16645000	      1663	800017c8	004000ef	jal	x1,800017c8	  x1=0x800017c8
       16655000	      1664	00000000	00000013	addi	x0,x0,0	  x0:0x00000000
       16665000	      1665	800017c8	00000013	addi	x0,x0,0	  x0:0x00000000
       16675000	      1666	800017cc	fe5fffef	jal	x31,800017cc	 x31=0x800017cc
       16685000	      1667	00000000	00000013	addi	x0,x0,0	  x0:0x00000000
       16695000	      1668	800017ac	00000013	addi	x0,x0,0	  x0:0x00000000
       16705000	      1669	800017b0	ff5ff36f	jal	x6,800017b0	  x6=0x800017b0
       16715000	      1670	00000000	00000013	addi	x0,x0,0	  x0:0x00000000
       16725000	      1671	800017a0	00000013	addi	x0,x0,0	  x0:0x00000000
       16735000	      1672	800017a4	02c000ef	jal	x1,800017a4	  x1=0x800017a4
       16745000	      1673	00000000	00000013	addi	x0,x0,0	  x0:0x00000000
       16755000	      1674	800017cc	00000013	addi	x0,x0,0	  x0:0x00000000
       16765000	      1675	800017d0	fd9ff0ef	jal	x1,800017d0	  x1=0x800017d0
       16775000	      1676	00000000	00000013	addi	x0,x0,0	  x0:0x00000000
       16785000	      1677	800017a4	00000013	addi	x0,x0,0	  x0:0x00000000
       16795000	      1678	800017a8	030001ef	jal	x3,800017a8	  x3=0x800017a8
       16805000	      1679	00000000	00000013	addi	x0,x0,0	  x0:0x00000000
       16815000	      1680	800017d4	00000013	addi	x0,x0,0	  x0:0x00000000
       16825000	      1681	800017d8	fc9ff0ef	jal	x1,800017d8	  x1=0x800017d8
       16835000	      1682	00000000	00000013	addi	x0,x0,0	  x0:0x00000000
       16845000	      1683	8000179c	00000013	addi	x0,x0,0	  x0:0x00000000
       16855000	      1684	800017a0	03c000ef	jal	x1,800017a0	  x1=0x800017a0
       16865000	      1685	00000000	00000013	addi	x0,x0,0	  x0:0x00000000
       16875000	      1686	800017d8	00000013	addi	x0,x0,0	  x0:0x00000000
       16885000	      1687	800017dc	ff9ff36f	jal	x6,800017dc	  x6=0x800017dc
       16895000	      1688	00000000	00000013	addi	x0,x0,0	  x0:0x00000000
       16905000	      1689	800017d0	00000013	addi	x0,x0,0	  x0:0x00000000
       16915000	      1690	800017d4	00c00cef	jal	x25,800017d4	 x25=0x800017d4
       16925000	      1691	00000000	00000013	addi	x0,x0,0	  x0:0x00000000
       16935000	      1692	800017dc	00000013	addi	x0,x0,0	  x0:0x00000000
       16945000	      1693	800017e0	68694b13	xori	x22,x18,1670	 x18:0xd72aba8e x22=0xd72abc08
       16955000	      1694	800017e4	01c000ef	jal	x1,800017e4	  x1=0x800017e4
       16965000	      1695	00000000	00000013	addi	x0,x0,0	  x0:0x00000000
       16975000	      1696	800017fc	00000013	addi	x0,x0,0	  x0:0x00000000
       16985000	      1697	80001800	ff1ff0ef	jal	x1,80001800	  x1=0x80001800
       16995000	      1698	00000000	00000013	addi	x0,x0,0	  x0:0x00000000
       17005000	      1699	800017ec	00000013	addi	x0,x0,0	  x0:0x00000000
       17015000	      1700	800017f0	0080036f	jal	x6,800017f0	  x6=0x800017f0
       17025000	      1701	00000000	00000013	addi	x0,x0,0	  x0:0x00000000
       17035000	      1702	800017f4	00000013	addi	x0,x0,0	  x0:0x00000000
       17045000	      1703	800017f8	018001ef	jal	x3,800017f8	  x3=0x800017f8
       17055000	      1704	00000000	00000013	addi	x0,x0,0	  x0:0x00000000
       17065000	      1705	8000180c	00000013	addi	x0,x0,0	  x0:0x00000000
       17075000	      1706	80001810	ffdff0ef	jal	x1,80001810	  x1=0x80001810
       17085000	      1707	00000000	00000013	addi	x0,x0,0	  x0:0x00000000
       17095000	      1708	80001808	00000013	addi	x0,x0,0	  x0:0x00000000
       17105000	      1709	8000180c	ff1ff36f	jal	x6,8000180c	  x6=0x8000180c
       17115000	      1710	00000000	00000013	addi	x0,x0,0	  x0:0x00000000
       17125000	      1711	800017f8	00000013	addi	x0,x0,0	  x0:0x00000000
       17135000	      1712	800017fc	ff9ff0ef	jal	x1,800017fc	  x1=0x800017fc
       17145000	      1713	00000000	00000013	addi	x0,x0,0	  x0:0x00000000
       17155000	      1714	800017f0	00000013	addi	x0,x0,0	  x0:0x00000000
       17165000	      1715	800017f4	ff9ff0ef	jal	x1,800017f4	  x1=0x800017f4
       17175000	      1716	00000000	00000013	addi	x0,x0,0	  x0:0x00000000
       17185000	      1717	800017e8	00000013	addi	x0,x0,0	  x0:0x00000000
       17195000	      1718	800017ec	018006ef	jal	x13,800017ec	 x13=0x800017ec
       17205000	      1719	00000000	00000013	addi	x0,x0,0	  x0:0x00000000
       17215000	      1720	80001800	00000013	addi	x0,x0,0	  x0:0x00000000
       17225000	      1721	80001804	004000ef	jal	x1,80001804	  x1=0x80001804
       17235000	      1722	00000000	00000013	addi	x0,x0,0	  x0:0x00000000
       17245000	      1723	80001804	00000013	addi	x0,x0,0	  x0:0x00000000
       17255000	      1724	80001808	fe1ff2ef	jal	x5,80001808	  x5=0x80001808
       17265000	      1725	00000000	00000013	addi	x0,x0,0	  x0:0x00000000
       17275000	      1726	800017e4	00000013	addi	x0,x0,0	  x0:0x00000000
       17285000	      1727	800017e8	02c000ef	jal	x1,800017e8	  x1=0x800017e8
       17295000	      1728	00000000	00000013	addi	x0,x0,0	  x0:0x00000000
       17305000	      1729	80001810	00000013	addi	x0,x0,0	  x0:0x00000000
       17315000	      1730	80001814	a26b4c13	xori	x24,x22,-1498	 x22:0xd72abc08 x24=0x28d5462e
       17325000	      1731	80001818	034000ef	jal	x1,80001818	  x1=0x80001818
       17335000	      1732	00000000	00000013	addi	x0,x0,0	  x0:0x00000000
       17345000	      1733	80001848	00000013	addi	x0,x0,0	  x0:0x00000000
       17355000	      1734	8000184c	008001ef	jal	x3,8000184c	  x3=0x8000184c
       17365000	      1735	00000000	00000013	addi	x0,x0,0	  x0:0x00000000
       17375000	      1736	80001850	00000013	addi	x0,x0,0	  x0:0x00000000
       17385000	      1737	80001854	fd9ff0ef	jal	x1,80001854	  x1=0x80001854
       17395000	      1738	00000000	00000013	addi	x0,x0,0	  x0:0x00000000
       17405000	      1739	80001828	00000013	addi	x0,x0,0	  x0:0x00000000
       17415000	      1740	8000182c	0040036f	jal	x6,8000182c	  x6=0x8000182c
       17425000	      1741	00000000	00000013	addi	x0,x0,0	  x0:0x00000000
       17435000	      1742	8000182c	00000013	addi	x0,x0,0	  x0:0x00000000
       17445000	      1743	80001830	004000ef	jal	x1,80001830	  x1=0x80001830
       17455000	      1744	00000000	00000013	addi	x0,x0,0	  x0:0x00000000
       17465000	      1745	80001830	00000013	addi	x0,x0,0	  x0:0x00000000
       17475000	      1746	80001834	02400c6f	jal	x24,80001834	 x24=0x80001834
       17485000	      1747	00000000	00000013	addi	x0,x0,0	  x0:0x00000000
       17495000	      1748	80001854	00000013	addi	x0,x0,0	  x0:0x00000000
       17505000	      1749	80001858	fedff36f	jal	x6,80001858	  x6=0x80001858
       17515000	      1750	00000000	00000013	addi	x0,x0,0	  x0:0x00000000
       17525000	      1751	80001840	00000013	addi	x0,x0,0	  x0:0x00000000
       17535000	      1752	80001844	fddff0ef	jal	x1,80001844	  x1=0x80001844
       17545000	      1753	00000000	00000013	addi	x0,x0,0	  x0:0x00000000
       17555000	      1754	8000181c	00000013	addi	x0,x0,0	  x0:0x00000000
       17565000	      1755	80001820	020000ef	jal	x1,80001820	  x1=0x80001820
       17575000	      1756	00000000	00000013	addi	x0,x0,0	  x0:0x00000000
       17585000	      1757	8000183c	00000013	addi	x0,x0,0	  x0:0x00000000
       17595000	      1758	80001840	008008ef	jal	x17,80001840	 x17=0x80001840
       17605000	      1759	00000000	00000013	addi	x0,x0,0	  x0:0x00000000
       17615000	      1760	80001844	00000013	addi	x0,x0,0	  x0:0x00000000
       17625000	      1761	80001848	fddff0ef	jal	x1,80001848	  x1=0x80001848
       17635000	      1762	00000000	00000013	addi	x0,x0,0	  x0:0x00000000
       17645000	      1763	80001820	00000013	addi	x0,x0,0	  x0:0x00000000
       17655000	      1764	80001824	014000ef	jal	x1,80001824	  x1=0x80001824
       17665000	      1765	00000000	00000013	addi	x0,x0,0	  x0:0x00000000
       17675000	      1766	80001834	00000013	addi	x0,x0,0	  x0:0x00000000
       17685000	      1767	80001838	004000ef	jal	x1,80001838	  x1=0x80001838
       17695000	      1768	00000000	00000013	addi	x0,x0,0	  x0:0x00000000
       17705000	      1769	80001838	00000013	addi	x0,x0,0	  x0:0x00000000
       17715000	      1770	8000183c	014000ef	jal	x1,8000183c	  x1=0x8000183c
       17725000	      1771	00000000	00000013	addi	x0,x0,0	  x0:0x00000000
       17735000	      1772	8000184c	00000013	addi	x0,x0,0	  x0:0x00000000
       17745000	      1773	80001850	00c001ef	jal	x3,80001850	  x3=0x80001850
       17755000	      1774	00000000	00000013	addi	x0,x0,0	  x0:0x00000000
       17765000	      1775	80001858	00000013	addi	x0,x0,0	  x0:0x00000000
       17775000	      1776	8000185c	fc1ff36f	jal	x6,8000185c	  x6=0x8000185c
       17785000	      1777	00000000	00000013	addi	x0,x0,0	  x0:0x00000000
       17795000	      1778	80001818	00000013	addi	x0,x0,0	  x0:0x00000000
       17805000	      1779	8000181c	00c001ef	jal	x3,8000181c	  x3=0x8000181c
       17815000	      1780	00000000	00000013	addi	x0,x0,0	  x0:0x00000000
       17825000	      1781	80001824	00000013	addi	x0,x0,0	  x0:0x00000000
       17835000	      1782	80001828	0380036f	jal	x6,80001828	  x6=0x80001828
       17845000	      1783	00000000	00000013	addi	x0,x0,0	  x0:0x00000000
       17855000	      1784	8000185c	00000013	addi	x0,x0,0	  x0:0x00000000
       17865000	      1785	80001860	00000013	addi	x0,x0,0	  x0:0x00000000
       17875000	      1786	80001864	038000ef	jal	x1,80001864	  x1=0x80001864
       17885000	      1787	00000000	00000013	addi	x0,x0,0	  x0:0x00000000
       17895000	      1788	80001898	00000013	addi	x0,x0,0	  x0:0x00000000
       17905000	      1789	8000189c	fddff0ef	jal	x1,8000189c	  x1=0x8000189c
       17915000	      1790	00000000	00000013	addi	x0,x0,0	  x0:0x00000000
       17925000	      1791	80001874	00000013	addi	x0,x0,0	  x0:0x00000000
       17935000	      1792	80001878	010000ef	jal	x1,80001878	  x1=0x80001878
       17945000	      1793	00000000	00000013	addi	x0,x0,0	  x0:0x00000000
       17955000	      1794	80001884	00000013	addi	x0,x0,0	  x0:0x00000000
       17965000	      1795	80001888	fe5ff0ef	jal	x1,80001888	  x1=0x80001888
       17975000	      1796	00000000	00000013	addi	x0,x0,0	  x0:0x00000000
       17985000	      1797	80001868	00000013	addi	x0,x0,0	  x0:0x00000000
       17995000	      1798	8000186c	008000ef	jal	x1,8000186c	  x1=0x8000186c
       18005000	      1799	00000000	00000013	addi	x0,x0,0	  x0:0x00000000
       18015000	      1800	80001870	00000013	addi	x0,x0,0	  x0:0x00000000
       18025000	      1801	80001874	ffdff8ef	jal	x17,80001874	 x17=0x80001874
       18035000	      1802	00000000	00000013	addi	x0,x0,0	  x0:0x00000000
       18045000	      1803	8000186c	00000013	addi	x0,x0,0	  x0:0x00000000
       18055000	      1804	80001870	ff9ff36f	jal	x6,80001870	  x6=0x80001870
       18065000	      1805	00000000	00000013	addi	x0,x0,0	  x0:0x00000000
       18075000	      1806	80001864	00000013	addi	x0,x0,0	  x0:0x00000000
       18085000	      1807	80001868	02c0056f	jal	x10,80001868	 x10=0x80001868
       18095000	      1808	00000000	00000013	addi	x0,x0,0	  x0:0x00000000
       18105000	      1809	80001890	00000013	addi	x0,x0,0	  x0:0x00000000
       18115000	      1810	80001894	ff1ff0ef	jal	x1,80001894	  x1=0x80001894
       18125000	      1811	00000000	00000013	addi	x0,x0,0	  x0:0x00000000
       18135000	      1812	80001880	00000013	addi	x0,x0,0	  x0:0x00000000
       18145000	      1813	80001884	ffdffd6f	jal	x26,80001884	 x26=0x80001884
       18155000	      1814	00000000	00000013	addi	x0,x0,0	  x0:0x00000000
       18165000	      1815	8000187c	00000013	addi	x0,x0,0	  x0:0x00000000
       18175000	      1816	80001880	00c0036f	jal	x6,80001880	  x6=0x80001880
       18185000	      1817	00000000	00000013	addi	x0,x0,0	  x0:0x00000000
       18195000	      1818	80001888	00000013	addi	x0,x0,0	  x0:0x00000000
       18205000	      1819	8000188c	ff1ff0ef	jal	x1,8000188c	  x1=0x8000188c
       18215000	      1820	00000000	00000013	addi	x0,x0,0	  x0:0x00000000
       18225000	      1821	80001878	00000013	addi	x0,x0,0	  x0:0x00000000
       18235000	      1822	8000187c	014000ef	jal	x1,8000187c	  x1=0x8000187c
       18245000	      1823	00000000	00000013	addi	x0,x0,0	  x0:0x00000000
       18255000	      1824	8000188c	00000013	addi	x0,x0,0	  x0:0x00000000
       18265000	      1825	80001890	008000ef	jal	x1,80001890	  x1=0x80001890
       18275000	      1826	00000000	00000013	addi	x0,x0,0	  x0:0x00000000
       18285000	      1827	80001894	00000013	addi	x0,x0,0	  x0:0x00000000
       18295000	      1828	80001898	008006ef	jal	x13,80001898	 x13=0x80001898
       18305000	      1829	00000000	00000013	addi	x0,x0,0	  x0:0x00000000
       18315000	      1830	8000189c	00000013	addi	x0,x0,0	  x0:0x00000000
       18325000	      1831	800018a0	012c6a33	or	x20,x24,x18	 x24:0x80001834 x18:0xd72aba8e x20=0xd72ababe
       18335000	      1832	800018a4	040000ef	jal	x1,800018a4	  x1=0x800018a4
       18345000	      1833	00000000	00000013	addi	x0,x0,0	  x0:0x00000000
       18355000	      1834	800018e0	00000013	addi	x0,x0,0	  x0:0x00000000
       18365000	      1835	800018e4	ff5ff0ef	jal	x1,800018e4	  x1=0x800018e4
       18375000	      1836	00000000	00000013	addi	x0,x0,0	  x0:0x00000000
       18385000	      1837	800018d4	00000013	addi	x0,x0,0	  x0:0x00000000
       18395000	      1838	800018d8	fddff36f	jal	x6,800018d8	  x6=0x800018d8
       18405000	      1839	00000000	00000013	addi	x0,x0,0	  x0:0x00000000
       18415000	      1840	800018b0	00000013	addi	x0,x0,0	  x0:0x00000000
       18425000	      1841	800018b4	0200036f	jal	x6,800018b4	  x6=0x800018b4
       18435000	      1842	00000000	00000013	addi	x0,x0,0	  x0:0x00000000
       18445000	      1843	800018d0	00000013	addi	x0,x0,0	  x0:0x00000000
       18455000	      1844	800018d4	ff9ff1ef	jal	x3,800018d4	  x3=0x800018d4
       18465000	      1845	00000000	00000013	addi	x0,x0,0	  x0:0x00000000
       18475000	      1846	800018c8	00000013	addi	x0,x0,0	  x0:0x00000000
       18485000	      1847	800018cc	01000f6f	jal	x30,800018cc	 x30=0x800018cc
       18495000	      1848	00000000	00000013	addi	x0,x0,0	  x0:0x00000000
       18505000	      1849	800018d8	00000013	addi	x0,x0,0	  x0:0x00000000
       18515000	      1850	800018dc	0040046f	jal	x8,800018dc	  x8=0x800018dc
       18525000	      1851	00000000	00000013	addi	x0,x0,0	  x0:0x00000000
       18535000	      1852	800018dc	00000013	addi	x0,x0,0	  x0:0x00000000
       18545000	      1853	800018e0	fddfff6f	jal	x30,800018e0	 x30=0x800018e0
       18555000	      1854	00000000	00000013	addi	x0,x0,0	  x0:0x00000000
       18565000	      1855	800018b8	00000013	addi	x0,x0,0	  x0:0x00000000
       18575000	      1856	800018bc	ff1ff0ef	jal	x1,800018bc	  x1=0x800018bc
       18585000	      1857	00000000	00000013	addi	x0,x0,0	  x0:0x00000000
       18595000	      1858	800018a8	00000013	addi	x0,x0,0	  x0:0x00000000
       18605000	      1859	800018ac	01800a6f	jal	x20,800018ac	 x20=0x800018ac
       18615000	      1860	00000000	00000013	addi	x0,x0,0	  x0:0x00000000
       18625000	      1861	800018c0	00000013	addi	x0,x0,0	  x0:0x00000000
       18635000	      1862	800018c4	fedff1ef	jal	x3,800018c4	  x3=0x800018c4
       18645000	      1863	00000000	00000013	addi	x0,x0,0	  x0:0x00000000
       18655000	      1864	800018ac	00000013	addi	x0,x0,0	  x0:0x00000000
       18665000	      1865	800018b0	ff9ffcef	jal	x25,800018b0	 x25=0x800018b0
       18675000	      1866	00000000	00000013	addi	x0,x0,0	  x0:0x00000000
       18685000	      1867	800018a4	00000013	addi	x0,x0,0	  x0:0x00000000
       18695000	      1868	800018a8	0400036f	jal	x6,800018a8	  x6=0x800018a8
       18705000	      1869	00000000	00000013	addi	x0,x0,0	  x0:0x00000000
       18715000	      1870	800018e4	00000013	addi	x0,x0,0	  x0:0x00000000
       18725000	      1871	800018e8	fe9ff0ef	jal	x1,800018e8	  x1=0x800018e8
       18735000	      1872	00000000	00000013	addi	x0,x0,0	  x0:0x00000000
       18745000	      1873	800018cc	00000013	addi	x0,x0,0	  x0:0x00000000
       18755000	      1874	800018d0	ff1ff36f	jal	x6,800018d0	  x6=0x800018d0
       18765000	      1875	00000000	00000013	addi	x0,x0,0	  x0:0x00000000
       18775000	      1876	800018bc	00000013	addi	x0,x0,0	  x0:0x00000000
       18785000	      1877	800018c0	ff9ff2ef	jal	x5,800018c0	  x5=0x800018c0
       18795000	      1878	00000000	00000013	addi	x0,x0,0	  x0:0x00000000
       18805000	      1879	800018b4	00000013	addi	x0,x0,0	  x0:0x00000000
       18815000	      1880	800018b8	010000ef	jal	x1,800018b8	  x1=0x800018b8
       18825000	      1881	00000000	00000013	addi	x0,x0,0	  x0:0x00000000
       18835000	      1882	800018c4	00000013	addi	x0,x0,0	  x0:0x00000000
       18845000	      1883	800018c8	024002ef	jal	x5,800018c8	  x5=0x800018c8
       18855000	      1884	00000000	00000013	addi	x0,x0,0	  x0:0x00000000
       18865000	      1885	800018e8	00000013	addi	x0,x0,0	  x0:0x00000000
       18875000	      1886	800018ec	00850f33	add	x30,x10,x8	 x10:0x80001868  x8:0x800018dc x30=0x00003144
       18885000	      1887	800018f0	018000ef	jal	x1,800018f0	  x1=0x800018f0
       18895000	      1888	00000000	00000013	addi	x0,x0,0	  x0:0x00000000
       18905000	      1889	80001904	00000013	addi	x0,x0,0	  x0:0x00000000
       18915000	      1890	80001908	00c005ef	jal	x11,80001908	 x11=0x80001908
       18925000	      1891	00000000	00000013	addi	x0,x0,0	  x0:0x00000000
       18935000	      1892	80001910	00000013	addi	x0,x0,0	  x0:0x00000000
       18945000	      1893	80001914	008001ef	jal	x3,80001914	  x3=0x80001914
       18955000	      1894	00000000	00000013	addi	x0,x0,0	  x0:0x00000000
       18965000	      1895	80001918	00000013	addi	x0,x0,0	  x0:0x00000000
       18975000	      1896	8000191c	014000ef	jal	x1,8000191c	  x1=0x8000191c
       18985000	      1897	00000000	00000013	addi	x0,x0,0	  x0:0x00000000
       18995000	      1898	8000192c	00000013	addi	x0,x0,0	  x0:0x00000000
       19005000	      1899	80001930	fe1ff86f	jal	x16,80001930	 x16=0x80001930
       19015000	      1900	00000000	00000013	addi	x0,x0,0	  x0:0x00000000
       19025000	      1901	8000190c	00000013	addi	x0,x0,0	  x0:0x00000000
       19035000	      1902	80001910	0100036f	jal	x6,80001910	  x6=0x80001910
       19045000	      1903	00000000	00000013	addi	x0,x0,0	  x0:0x00000000
       19055000	      1904	8000191c	00000013	addi	x0,x0,0	  x0:0x00000000
       19065000	      1905	80001920	fd9ff36f	jal	x6,80001920	  x6=0x80001920
       19075000	      1906	00000000	00000013	addi	x0,x0,0	  x0:0x00000000
       19085000	      1907	800018f4	00000013	addi	x0,x0,0	  x0:0x00000000
       19095000	      1908	800018f8	030000ef	jal	x1,800018f8	  x1=0x800018f8
       19105000	      1909	00000000	00000013	addi	x0,x0,0	  x0:0x00000000
       19115000	      1910	80001924	00000013	addi	x0,x0,0	  x0:0x00000000
       19125000	      1911	80001928	fd9ff0ef	jal	x1,80001928	  x1=0x80001928
       19135000	      1912	00000000	00000013	addi	x0,x0,0	  x0:0x00000000
       19145000	      1913	800018fc	00000013	addi	x0,x0,0	  x0:0x00000000
       19155000	      1914	80001900	00c00bef	jal	x23,80001900	 x23=0x80001900
       19165000	      1915	00000000	00000013	addi	x0,x0,0	  x0:0x00000000
       19175000	      1916	80001908	00000013	addi	x0,x0,0	  x0:0x00000000
       19185000	      1917	8000190c	fe9ff36f	jal	x6,8000190c	  x6=0x8000190c
       19195000	      1918	00000000	00000013	addi	x0,x0,0	  x0:0x00000000
       19205000	      1919	800018f0	00000013	addi	x0,x0,0	  x0:0x00000000
       19215000	      1920	800018f4	010000ef	jal	x1,800018f4	  x1=0x800018f4
       19225000	      1921	00000000	00000013	addi	x0,x0,0	  x0:0x00000000
       19235000	      1922	80001900	00000013	addi	x0,x0,0	  x0:0x00000000
       19245000	      1923	80001904	0200036f	jal	x6,80001904	  x6=0x80001904
       19255000	      1924	00000000	00000013	addi	x0,x0,0	  x0:0x00000000
       19265000	      1925	80001920	00000013	addi	x0,x0,0	  x0:0x00000000
       19275000	      1926	80001924	008000ef	jal	x1,80001924	  x1=0x80001924
       19285000	      1927	00000000	00000013	addi	x0,x0,0	  x0:0x00000000
       19295000	      1928	80001928	00000013	addi	x0,x0,0	  x0:0x00000000
       19305000	      1929	8000192c	fd1ff1ef	jal	x3,8000192c	  x3=0x8000192c
       19315000	      1930	00000000	00000013	addi	x0,x0,0	  x0:0x00000000
       19325000	      1931	800018f8	00000013	addi	x0,x0,0	  x0:0x00000000
       19335000	      1932	800018fc	01c0046f	jal	x8,800018fc	  x8=0x800018fc
       19345000	      1933	00000000	00000013	addi	x0,x0,0	  x0:0x00000000
       19355000	      1934	80001914	00000013	addi	x0,x0,0	  x0:0x00000000
       19365000	      1935	80001918	01c0036f	jal	x6,80001918	  x6=0x80001918
       19375000	      1936	00000000	00000013	addi	x0,x0,0	  x0:0x00000000
       19385000	      1937	80001930	00000013	addi	x0,x0,0	  x0:0x00000000
       19395000	      1938	80001934	b5167993	andi	x19,x12,-1199	 x12:0x80001550 x19=0x80001150
       19405000	      1939	80001938	030000ef	jal	x1,80001938	  x1=0x80001938
       19415000	      1940	00000000	00000013	addi	x0,x0,0	  x0:0x00000000
       19425000	      1941	80001964	00000013	addi	x0,x0,0	  x0:0x00000000
       19435000	      1942	80001968	fedff36f	jal	x6,80001968	  x6=0x80001968
       19445000	      1943	00000000	00000013	addi	x0,x0,0	  x0:0x00000000
       19455000	      1944	80001950	00000013	addi	x0,x0,0	  x0:0x00000000
       19465000	      1945	80001954	024000ef	jal	x1,80001954	  x1=0x80001954
       19475000	      1946	00000000	00000013	addi	x0,x0,0	  x0:0x00000000
       19485000	      1947	80001974	00000013	addi	x0,x0,0	  x0:0x00000000
       19495000	      1948	80001978	fe5ff0ef	jal	x1,80001978	  x1=0x80001978
       19505000	      1949	00000000	00000013	addi	x0,x0,0	  x0:0x00000000
       19515000	      1950	80001958	00000013	addi	x0,x0,0	  x0:0x00000000
       19525000	      1951	8000195c	fe1ff36f	jal	x6,8000195c	  x6=0x8000195c
       19535000	      1952	00000000	00000013	addi	x0,x0,0	  x0:0x00000000
       19545000	      1953	80001938	00000013	addi	x0,x0,0	  x0:0x00000000
       19555000	      1954	8000193c	024000ef	jal	x1,8000193c	  x1=0x8000193c
       19565000	      1955	00000000	00000013	addi	x0,x0,0	  x0:0x00000000
       19575000	      1956	8000195c	00000013	addi	x0,x0,0	  x0:0x00000000
       19585000	      1957	80001960	fedff0ef	jal	x1,80001960	  x1=0x80001960
       19595000	      1958	00000000	00000013	addi	x0,x0,0	  x0:0x00000000
       19605000	      1959	80001948	00000013	addi	x0,x0,0	  x0:0x00000000
       19615000	      1960	8000194c	03c0036f	jal	x6,8000194c	  x6=0x8000194c
       19625000	      1961	00000000	00000013	addi	x0,x0,0	  x0:0x00000000
       19635000	      1962	80001984	00000013	addi	x0,x0,0	  x0:0x00000000
       19645000	      1963	80001988	fedff0ef	jal	x1,80001988	  x1=0x80001988
       19655000	      1964	00000000	00000013	addi	x0,x0,0	  x0:0x00000000
       19665000	      1965	80001970	00000013	addi	x0,x0,0	  x0:0x00000000
       19675000	      1966	80001974	0200036f	jal	x6,80001974	  x6=0x80001974
       19685000	      1967	00000000	00000013	addi	x0,x0,0	  x0:0x00000000
       19695000	      1968	80001990	00000013	addi	x0,x0,0	  x0:0x00000000
       19705000	      1969	80001994	fc5ff0ef	jal	x1,80001994	  x1=0x80001994
       19715000	      1970	00000000	00000013	addi	x0,x0,0	  x0:0x00000000
       19725000	      1971	80001954	00000013	addi	x0,x0,0	  x0:0x00000000
       19735000	      1972	80001958	02c00fef	jal	x31,80001958	 x31=0x80001958
       19745000	      1973	00000000	00000013	addi	x0,x0,0	  x0:0x00000000
       19755000	      1974	80001980	00000013	addi	x0,x0,0	  x0:0x00000000
       19765000	      1975	80001984	ffdff36f	jal	x6,80001984	  x6=0x80001984
       19775000	      1976	00000000	00000013	addi	x0,x0,0	  x0:0x00000000
       19785000	      1977	8000197c	00000013	addi	x0,x0,0	  x0:0x00000000
       19795000	      1978	80001980	ff1ff0ef	jal	x1,80001980	  x1=0x80001980
       19805000	      1979	00000000	00000013	addi	x0,x0,0	  x0:0x00000000
       19815000	      1980	8000196c	00000013	addi	x0,x0,0	  x0:0x00000000
       19825000	      1981	80001970	020000ef	jal	x1,80001970	  x1=0x80001970
       19835000	      1982	00000000	00000013	addi	x0,x0,0	  x0:0x00000000
       19845000	      1983	8000198c	00000013	addi	x0,x0,0	  x0:0x00000000
       19855000	      1984	80001990	ffdffa6f	jal	x20,80001990	 x20=0x80001990
       19865000	      1985	00000000	00000013	addi	x0,x0,0	  x0:0x00000000
       19875000	      1986	80001988	00000013	addi	x0,x0,0	  x0:0x00000000
       19885000	      1987	8000198c	fbdff0ef	jal	x1,8000198c	  x1=0x8000198c
       19895000	      1988	00000000	00000013	addi	x0,x0,0	  x0:0x00000000
       19905000	      1989	80001944	00000013	addi	x0,x0,0	  x0:0x00000000
       19915000	      1990	80001948	01c0036f	jal	x6,80001948	  x6=0x80001948
       19925000	      1991	00000000	00000013	addi	x0,x0,0	  x0:0x00000000
       19935000	      1992	80001960	00000013	addi	x0,x0,0	  x0:0x00000000
       19945000	      1993	80001964	03400f6f	jal	x30,80001964	 x30=0x80001964
       19955000	      1994	00000000	00000013	addi	x0,x0,0	  x0:0x00000000
       19965000	      1995	80001994	00000013	addi	x0,x0,0	  x0:0x00000000
       19975000	      1996	80001998	fadffeef	jal	x29,80001998	 x29=0x80001998
       19985000	      1997	00000000	00000013	addi	x0,x0,0	  x0:0x00000000
       19995000	      1998	80001940	00000013	addi	x0,x0,0	  x0:0x00000000
       20005000	      1999	80001944	038002ef	jal	x5,80001944	  x5=0x80001944
       20015000	      2000	00000000	00000013	addi	x0,x0,0	  x0:0x00000000
       20025000	      2001	80001978	00000013	addi	x0,x0,0	  x0:0x00000000
       20035000	      2002	8000197c	ff1ff0ef	jal	x1,8000197c	  x1=0x8000197c
       20045000	      2003	00000000	00000013	addi	x0,x0,0	  x0:0x00000000
       20055000	      2004	80001968	00000013	addi	x0,x0,0	  x0:0x00000000
       20065000	      2005	8000196c	fe5fff6f	jal	x30,8000196c	 x30=0x8000196c
       20075000	      2006	00000000	00000013	addi	x0,x0,0	  x0:0x00000000
       20085000	      2007	8000194c	00000013	addi	x0,x0,0	  x0:0x00000000
       20095000	      2008	80001950	ff1ff0ef	jal	x1,80001950	  x1=0x80001950
       20105000	      2009	00000000	00000013	addi	x0,x0,0	  x0:0x00000000
       20115000	      2010	8000193c	00000013	addi	x0,x0,0	  x0:0x00000000
       20125000	      2011	80001940	05c001ef	jal	x3,80001940	  x3=0x80001940
       20135000	      2012	00000000	00000013	addi	x0,x0,0	  x0:0x00000000
       20145000	      2013	80001998	00000013	addi	x0,x0,0	  x0:0x00000000
       20155000	      2014	8000199c	01a2d0b3	srl	x1,x5,x26	  x5:0x80001944 x26:0x80001884  x1=0x08000194
       20165000	      2015	800019a0	03c000ef	jal	x1,800019a0	  x1=0x800019a0
       20175000	      2016	00000000	00000013	addi	x0,x0,0	  x0:0x00000000
       20185000	      2017	800019d8	00000013	addi	x0,x0,0	  x0:0x00000000
       20195000	      2018	800019dc	ff9ffaef	jal	x21,800019dc	 x21=0x800019dc
       20205000	      2019	00000000	00000013	addi	x0,x0,0	  x0:0x00000000
       20215000	      2020	800019d0	00000013	addi	x0,x0,0	  x0:0x00000000
       20225000	      2021	800019d4	fddffcef	jal	x25,800019d4	 x25=0x800019d4
       20235000	      2022	00000000	00000013	addi	x0,x0,0	  x0:0x00000000
       20245000	      2023	800019ac	00000013	addi	x0,x0,0	  x0:0x00000000
       20255000	      2024	800019b0	008000ef	jal	x1,800019b0	  x1=0x800019b0
       20265000	      2025	00000000	00000013	addi	x0,x0,0	  x0:0x00000000
       20275000	      2026	800019b4	00000013	addi	x0,x0,0	  x0:0x00000000
       20285000	      2027	800019b8	03800eef	jal	x29,800019b8	 x29=0x800019b8
       20295000	      2028	00000000	00000013	addi	x0,x0,0	  x0:0x00000000
       20305000	      2029	800019ec	00000013	addi	x0,x0,0	  x0:0x00000000
       20315000	      2030	800019f0	fddff0ef	jal	x1,800019f0	  x1=0x800019f0
       20325000	      2031	00000000	00000013	addi	x0,x0,0	  x0:0x00000000
       20335000	      2032	800019c8	00000013	addi	x0,x0,0	  x0:0x00000000
       20345000	      2033	800019cc	fd9ff0ef	jal	x1,800019cc	  x1=0x800019cc
       20355000	      2034	00000000	00000013	addi	x0,x0,0	  x0:0x00000000
       20365000	      2035	800019a0	00000013	addi	x0,x0,0	  x0:0x00000000
       20375000	      2036	800019a4	040000ef	jal	x1,800019a4	  x1=0x800019a4
       20385000	      2037	00000000	00000013	addi	x0,x0,0	  x0:0x00000000
       20395000	      2038	800019e0	00000013	addi	x0,x0,0	  x0:0x00000000
       20405000	      2039	800019e4	fc5ff0ef	jal	x1,800019e4	  x1=0x800019e4
       20415000	      2040	00000000	00000013	addi	x0,x0,0	  x0:0x00000000
       20425000	      2041	800019a4	00000013	addi	x0,x0,0	  x0:0x00000000
       20435000	      2042	800019a8	004000ef	jal	x1,800019a8	  x1=0x800019a8
       20445000	      2043	00000000	00000013	addi	x0,x0,0	  x0:0x00000000
       20455000	      2044	800019a8	00000013	addi	x0,x0,0	  x0:0x00000000
       20465000	      2045	800019ac	0080036f	jal	x6,800019ac	  x6=0x800019ac
       20475000	      2046	00000000	00000013	addi	x0,x0,0	  x0:0x00000000
       20485000	      2047	800019b0	00000013	addi	x0,x0,0	  x0:0x00000000
       20495000	      2048	800019b4	01400a6f	jal	x20,800019b4	 x20=0x800019b4
       20505000	      2049	00000000	00000013	addi	x0,x0,0	  x0:0x00000000
       20515000	      2050	800019c4	00000013	addi	x0,x0,0	  x0:0x00000000
       20525000	      2051	800019c8	008000ef	jal	x1,800019c8	  x1=0x800019c8
       20535000	      2052	00000000	00000013	addi	x0,x0,0	  x0:0x00000000
       20545000	      2053	800019cc	00000013	addi	x0,x0,0	  x0:0x00000000
       20555000	      2054	800019d0	fedff36f	jal	x6,800019d0	  x6=0x800019d0
       20565000	      2055	00000000	00000013	addi	x0,x0,0	  x0:0x00000000
       20575000	      2056	800019b8	00000013	addi	x0,x0,0	  x0:0x00000000
       20585000	      2057	800019bc	030000ef	jal	x1,800019bc	  x1=0x800019bc
       20595000	      2058	00000000	00000013	addi	x0,x0,0	  x0:0x00000000
       20605000	      2059	800019e8	00000013	addi	x0,x0,0	  x0:0x00000000
       20615000	      2060	800019ec	ff5ffdef	jal	x27,800019ec	 x27=0x800019ec
       20625000	      2061	00000000	00000013	addi	x0,x0,0	  x0:0x00000000
       20635000	      2062	800019dc	00000013	addi	x0,x0,0	  x0:0x00000000
       20645000	      2063	800019e0	008000ef	jal	x1,800019e0	  x1=0x800019e0
       20655000	      2064	00000000	00000013	addi	x0,x0,0	  x0:0x00000000
       20665000	      2065	800019e4	00000013	addi	x0,x0,0	  x0:0x00000000
       20675000	      2066	800019e8	fd9ff0ef	jal	x1,800019e8	  x1=0x800019e8
       20685000	      2067	00000000	00000013	addi	x0,x0,0	  x0:0x00000000
       20695000	      2068	800019bc	00000013	addi	x0,x0,0	  x0:0x00000000
       20705000	      2069	800019c0	018001ef	jal	x3,800019c0	  x3=0x800019c0
       20715000	      2070	00000000	00000013	addi	x0,x0,0	  x0:0x00000000
       20725000	      2071	800019d4	00000013	addi	x0,x0,0	  x0:0x00000000
       20735000	      2072	800019d8	fedffc6f	jal	x24,800019d8	 x24=0x800019d8
       20745000	      2073	00000000	00000013	addi	x0,x0,0	  x0:0x00000000
       20755000	      2074	800019c0	00000013	addi	x0,x0,0	  x0:0x00000000
       20765000	      2075	800019c4	0300036f	jal	x6,800019c4	  x6=0x800019c4
       20775000	      2076	00000000	00000013	addi	x0,x0,0	  x0:0x00000000
       20785000	      2077	800019f0	00000013	addi	x0,x0,0	  x0:0x00000000
       20795000	      2078	800019f4	046ae013	ori	x0,x21,70	 x21:0x800019dc
       20805000	      2079	800019f8	030000ef	jal	x1,800019f8	  x1=0x800019f8
       20815000	      2080	00000000	00000013	addi	x0,x0,0	  x0:0x00000000
       20825000	      2081	80001a24	00000013	addi	x0,x0,0	  x0:0x00000000
       20835000	      2082	80001a28	fe9ff0ef	jal	x1,80001a28	  x1=0x80001a28
       20845000	      2083	00000000	00000013	addi	x0,x0,0	  x0:0x00000000
       20855000	      2084	80001a0c	00000013	addi	x0,x0,0	  x0:0x00000000
       20865000	      2085	80001a10	fedff0ef	jal	x1,80001a10	  x1=0x80001a10
       20875000	      2086	00000000	00000013	addi	x0,x0,0	  x0:0x00000000
       20885000	      2087	800019f8	00000013	addi	x0,x0,0	  x0:0x00000000
       20895000	      2088	800019fc	010001ef	jal	x3,800019fc	  x3=0x800019fc
       20905000	      2089	00000000	00000013	addi	x0,x0,0	  x0:0x00000000
       20915000	      2090	80001a08	00000013	addi	x0,x0,0	  x0:0x00000000
       20925000	      2091	80001a0c	018008ef	jal	x17,80001a0c	 x17=0x80001a0c
       20935000	      2092	00000000	00000013	addi	x0,x0,0	  x0:0x00000000
       20945000	      2093	80001a20	00000013	addi	x0,x0,0	  x0:0x00000000
       20955000	      2094	80001a24	fddff0ef	jal	x1,80001a24	  x1=0x80001a24
       20965000	      2095	00000000	00000013	addi	x0,x0,0	  x0:0x00000000
       20975000	      2096	800019fc	00000013	addi	x0,x0,0	  x0:0x00000000
       20985000	      2097	80001a00	008004ef	jal	x9,80001a00	  x9=0x80001a00
       20995000	      2098	00000000	00000013	addi	x0,x0,0	  x0:0x00000000
       21005000	      2099	80001a04	00000013	addi	x0,x0,0	  x0:0x00000000
       21015000	      2100	80001a08	014000ef	jal	x1,80001a08	  x1=0x80001a08
       21025000	      2101	00000000	00000013	addi	x0,x0,0	  x0:0x00000000
       21035000	      2102	80001a18	00000013	addi	x0,x0,0	  x0:0x00000000
       21045000	      2103	80001a1c	004000ef	jal	x1,80001a1c	  x1=0x80001a1c
       21055000	      2104	00000000	00000013	addi	x0,x0,0	  x0:0x00000000
       21065000	      2105	80001a1c	00000013	addi	x0,x0,0	  x0:0x00000000
       21075000	      2106	80001a20	ff9ff0ef	jal	x1,80001a20	  x1=0x80001a20
       21085000	      2107	00000000	00000013	addi	x0,x0,0	  x0:0x00000000
       21095000	      2108	80001a14	00000013	addi	x0,x0,0	  x0:0x00000000
       21105000	      2109	80001a18	fedff36f	jal	x6,80001a18	  x6=0x80001a18
       21115000	      2110	00000000	00000013	addi	x0,x0,0	  x0:0x00000000
       21125000	      2111	80001a00	00000013	addi	x0,x0,0	  x0:0x00000000
       21135000	      2112	80001a04	010000ef	jal	x1,80001a04	  x1=0x80001a04
       21145000	      2113	00000000	00000013	addi	x0,x0,0	  x0:0x00000000
       21155000	      2114	80001a10	00000013	addi	x0,x0,0	  x0:0x00000000
       21165000	      2115	80001a14	0180036f	jal	x6,80001a14	  x6=0x80001a14
       21175000	      2116	00000000	00000013	addi	x0,x0,0	  x0:0x00000000
       21185000	      2117	80001a28	00000013	addi	x0,x0,0	  x0:0x00000000
       21195000	      2118	80001a2c	40430db3	sub	x27,x6,x4	  x6:0x80001a14  x4:0x80009f60 x27=0xffff7ab4
       21205000	      2119	80001a30	068000ef	jal	x1,80001a30	  x1=0x80001a30
       21215000	      2120	00000000	00000013	addi	x0,x0,0	  x0:0x00000000
       21225000	      2121	80001a94	00000013	addi	x0,x0,0	  x0:0x00000000
       21235000	      2122	80001a98	ff1ff0ef	jal	x1,80001a98	  x1=0x80001a98
       21245000	      2123	00000000	00000013	addi	x0,x0,0	  x0:0x00000000
       21255000	      2124	80001a84	00000013	addi	x0,x0,0	  x0:0x00000000
       21265000	      2125	80001a88	fedffcef	jal	x25,80001a88	 x25=0x80001a88
       21275000	      2126	00000000	00000013	addi	x0,x0,0	  x0:0x00000000
       21285000	      2127	80001a70	00000013	addi	x0,x0,0	  x0:0x00000000
       21295000	      2128	80001a74	fd9ff0ef	jal	x1,80001a74	  x1=0x80001a74
       21305000	      2129	00000000	00000013	addi	x0,x0,0	  x0:0x00000000
       21315000	      2130	80001a48	00000013	addi	x0,x0,0	  x0:0x00000000
       21325000	      2131	80001a4c	01c0036f	jal	x6,80001a4c	  x6=0x80001a4c
       21335000	      2132	00000000	00000013	addi	x0,x0,0	  x0:0x00000000
       21345000	      2133	80001a64	00000013	addi	x0,x0,0	  x0:0x00000000
       21355000	      2134	80001a68	fd5ff0ef	jal	x1,80001a68	  x1=0x80001a68
       21365000	      2135	00000000	00000013	addi	x0,x0,0	  x0:0x00000000
       21375000	      2136	80001a38	00000013	addi	x0,x0,0	  x0:0x00000000
       21385000	      2137	80001a3c	024000ef	jal	x1,80001a3c	  x1=0x80001a3c
       21395000	      2138	00000000	00000013	addi	x0,x0,0	  x0:0x00000000
       21405000	      2139	80001a5c	00000013	addi	x0,x0,0	  x0:0x00000000
       21415000	      2140	80001a60	020000ef	jal	x1,80001a60	  x1=0x80001a60
       21425000	      2141	00000000	00000013	addi	x0,x0,0	  x0:0x00000000
       21435000	      2142	80001a7c	00000013	addi	x0,x0,0	  x0:0x00000000
       21445000	      2143	80001a80	fedff36f	jal	x6,80001a80	  x6=0x80001a80
       21455000	      2144	00000000	00000013	addi	x0,x0,0	  x0:0x00000000
       21465000	      2145	80001a68	00000013	addi	x0,x0,0	  x0:0x00000000
       21475000	      2146	80001a6c	fd5ff0ef	jal	x1,80001a6c	  x1=0x80001a6c
       21485000	      2147	00000000	00000013	addi	x0,x0,0	  x0:0x00000000
       21495000	      2148	80001a3c	00000013	addi	x0,x0,0	  x0:0x00000000
       21505000	      2149	80001a40	050000ef	jal	x1,80001a40	  x1=0x80001a40
       21515000	      2150	00000000	00000013	addi	x0,x0,0	  x0:0x00000000
       21525000	      2151	80001a8c	00000013	addi	x0,x0,0	  x0:0x00000000
       21535000	      2152	80001a90	ffdff0ef	jal	x1,80001a90	  x1=0x80001a90
       21545000	      2153	00000000	00000013	addi	x0,x0,0	  x0:0x00000000
       21555000	      2154	80001a88	00000013	addi	x0,x0,0	  x0:0x00000000
       21565000	      2155	80001a8c	0180036f	jal	x6,80001a8c	  x6=0x80001a8c
       21575000	      2156	00000000	00000013	addi	x0,x0,0	  x0:0x00000000
       21585000	      2157	80001aa0	00000013	addi	x0,x0,0	  x0:0x00000000
       21595000	      2158	80001aa4	f95ff0ef	jal	x1,80001aa4	  x1=0x80001aa4
       21605000	      2159	00000000	00000013	addi	x0,x0,0	  x0:0x00000000
       21615000	      2160	80001a34	00000013	addi	x0,x0,0	  x0:0x00000000
       21625000	      2161	80001a38	05c00def	jal	x27,80001a38	 x27=0x80001a38
       21635000	      2162	00000000	00000013	addi	x0,x0,0	  x0:0x00000000
       21645000	      2163	80001a90	00000013	addi	x0,x0,0	  x0:0x00000000
       21655000	      2164	80001a94	fc1ff0ef	jal	x1,80001a94	  x1=0x80001a94
       21665000	      2165	00000000	00000013	addi	x0,x0,0	  x0:0x00000000
       21675000	      2166	80001a50	00000013	addi	x0,x0,0	  x0:0x00000000
       21685000	      2167	80001a54	04800b6f	jal	x22,80001a54	 x22=0x80001a54
       21695000	      2168	00000000	00000013	addi	x0,x0,0	  x0:0x00000000
       21705000	      2169	80001a98	00000013	addi	x0,x0,0	  x0:0x00000000
       21715000	      2170	80001a9c	fbdff0ef	jal	x1,80001a9c	  x1=0x80001a9c
       21725000	      2171	00000000	00000013	addi	x0,x0,0	  x0:0x00000000
       21735000	      2172	80001a54	00000013	addi	x0,x0,0	  x0:0x00000000
       21745000	      2173	80001a58	ff9ff36f	jal	x6,80001a58	  x6=0x80001a58
       21755000	      2174	00000000	00000013	addi	x0,x0,0	  x0:0x00000000
       21765000	      2175	80001a4c	00000013	addi	x0,x0,0	  x0:0x00000000
       21775000	      2176	80001a50	0340036f	jal	x6,80001a50	  x6=0x80001a50
       21785000	      2177	00000000	00000013	addi	x0,x0,0	  x0:0x00000000
       21795000	      2178	80001a80	00000013	addi	x0,x0,0	  x0:0x00000000
       21805000	      2179	80001a84	fedff0ef	jal	x1,80001a84	  x1=0x80001a84
       21815000	      2180	00000000	00000013	addi	x0,x0,0	  x0:0x00000000
       21825000	      2181	80001a6c	00000013	addi	x0,x0,0	  x0:0x00000000
       21835000	      2182	80001a70	fc5ff36f	jal	x6,80001a70	  x6=0x80001a70
       21845000	      2183	00000000	00000013	addi	x0,x0,0	  x0:0x00000000
       21855000	      2184	80001a30	00000013	addi	x0,x0,0	  x0:0x00000000
       21865000	      2185	80001a34	06c0036f	jal	x6,80001a34	  x6=0x80001a34
       21875000	      2186	00000000	00000013	addi	x0,x0,0	  x0:0x00000000
       21885000	      2187	80001a9c	00000013	addi	x0,x0,0	  x0:0x00000000
       21895000	      2188	80001aa0	fd9ff36f	jal	x6,80001aa0	  x6=0x80001aa0
       21905000	      2189	00000000	00000013	addi	x0,x0,0	  x0:0x00000000
       21915000	      2190	80001a74	00000013	addi	x0,x0,0	  x0:0x00000000
       21925000	      2191	80001a78	fd1ff0ef	jal	x1,80001a78	  x1=0x80001a78
       21935000	      2192	00000000	00000013	addi	x0,x0,0	  x0:0x00000000
       21945000	      2193	80001a44	00000013	addi	x0,x0,0	  x0:0x00000000
       21955000	      2194	80001a48	014000ef	jal	x1,80001a48	  x1=0x80001a48
       21965000	      2195	00000000	00000013	addi	x0,x0,0	  x0:0x00000000
       21975000	      2196	80001a58	00000013	addi	x0,x0,0	  x0:0x00000000
       21985000	      2197	80001a5c	fe9ff1ef	jal	x3,80001a5c	  x3=0x80001a5c
       21995000	      2198	00000000	00000013	addi	x0,x0,0	  x0:0x00000000
       22005000	      2199	80001a40	00000013	addi	x0,x0,0	  x0:0x00000000
       22015000	      2200	80001a44	020002ef	jal	x5,80001a44	  x5=0x80001a44
       22025000	      2201	00000000	00000013	addi	x0,x0,0	  x0:0x00000000
       22035000	      2202	80001a60	00000013	addi	x0,x0,0	  x0:0x00000000
       22045000	      2203	80001a64	0180066f	jal	x12,80001a64	 x12=0x80001a64
       22055000	      2204	00000000	00000013	addi	x0,x0,0	  x0:0x00000000
       22065000	      2205	80001a78	00000013	addi	x0,x0,0	  x0:0x00000000
       22075000	      2206	80001a7c	02c00c6f	jal	x24,80001a7c	 x24=0x80001a7c
       22085000	      2207	00000000	00000013	addi	x0,x0,0	  x0:0x00000000
       22095000	      2208	80001aa4	00000013	addi	x0,x0,0	  x0:0x00000000
       22105000	      2209	80001aa8	01b89d93	slli	x27,x17,0x1b	 x17:0x80001a0c x27=0x60000000
       22115000	      2210	80001aac	014000ef	jal	x1,80001aac	  x1=0x80001aac
       22125000	      2211	00000000	00000013	addi	x0,x0,0	  x0:0x00000000
       22135000	      2212	80001abc	00000013	addi	x0,x0,0	  x0:0x00000000
       22145000	      2213	80001ac0	018000ef	jal	x1,80001ac0	  x1=0x80001ac0
       22155000	      2214	00000000	00000013	addi	x0,x0,0	  x0:0x00000000
       22165000	      2215	80001ad4	00000013	addi	x0,x0,0	  x0:0x00000000
       22175000	      2216	80001ad8	fedff0ef	jal	x1,80001ad8	  x1=0x80001ad8
       22185000	      2217	00000000	00000013	addi	x0,x0,0	  x0:0x00000000
       22195000	      2218	80001ac0	00000013	addi	x0,x0,0	  x0:0x00000000
       22205000	      2219	80001ac4	fedff0ef	jal	x1,80001ac4	  x1=0x80001ac4
       22215000	      2220	00000000	00000013	addi	x0,x0,0	  x0:0x00000000
       22225000	      2221	80001aac	00000013	addi	x0,x0,0	  x0:0x00000000
       22235000	      2222	80001ab0	00c0036f	jal	x6,80001ab0	  x6=0x80001ab0
       22245000	      2223	00000000	00000013	addi	x0,x0,0	  x0:0x00000000
       22255000	      2224	80001ab8	00000013	addi	x0,x0,0	  x0:0x00000000
       22265000	      2225	80001abc	0140036f	jal	x6,80001abc	  x6=0x80001abc
       22275000	      2226	00000000	00000013	addi	x0,x0,0	  x0:0x00000000
       22285000	      2227	80001acc	00000013	addi	x0,x0,0	  x0:0x00000000
       22295000	      2228	80001ad0	fe5ff2ef	jal	x5,80001ad0	  x5=0x80001ad0
       22305000	      2229	00000000	00000013	addi	x0,x0,0	  x0:0x00000000
       22315000	      2230	80001ab0	00000013	addi	x0,x0,0	  x0:0x00000000
       22325000	      2231	80001ab4	014000ef	jal	x1,80001ab4	  x1=0x80001ab4
       22335000	      2232	00000000	00000013	addi	x0,x0,0	  x0:0x00000000
       22345000	      2233	80001ac4	00000013	addi	x0,x0,0	  x0:0x00000000
       22355000	      2234	80001ac8	004002ef	jal	x5,80001ac8	  x5=0x80001ac8
       22365000	      2235	00000000	00000013	addi	x0,x0,0	  x0:0x00000000
       22375000	      2236	80001ac8	00000013	addi	x0,x0,0	  x0:0x00000000
       22385000	      2237	80001acc	008000ef	jal	x1,80001acc	  x1=0x80001acc
       22395000	      2238	00000000	00000013	addi	x0,x0,0	  x0:0x00000000
       22405000	      2239	80001ad0	00000013	addi	x0,x0,0	  x0:0x00000000
       22415000	      2240	80001ad4	008000ef	jal	x1,80001ad4	  x1=0x80001ad4
       22425000	      2241	00000000	00000013	addi	x0,x0,0	  x0:0x00000000
       22435000	      2242	80001ad8	00000013	addi	x0,x0,0	  x0:0x00000000
       22445000	      2243	80001adc	004000ef	jal	x1,80001adc	  x1=0x80001adc
       22455000	      2244	00000000	00000013	addi	x0,x0,0	  x0:0x00000000
       22465000	      2245	80001adc	00000013	addi	x0,x0,0	  x0:0x00000000
       22475000	      2246	80001ae0	fd9ff36f	jal	x6,80001ae0	  x6=0x80001ae0
       22485000	      2247	00000000	00000013	addi	x0,x0,0	  x0:0x00000000
       22495000	      2248	80001ab4	00000013	addi	x0,x0,0	  x0:0x00000000
       22505000	      2249	80001ab8	02c002ef	jal	x5,80001ab8	  x5=0x80001ab8
       22515000	      2250	00000000	00000013	addi	x0,x0,0	  x0:0x00000000
       22525000	      2251	80001ae0	00000013	addi	x0,x0,0	  x0:0x00000000
       22535000	      2252	80001ae4	019eacb3	slt	x25,x29,x25	 x29:0x800019b8 x25:0x80001a88 x25=0x00000001
       22545000	      2253	80001ae8	00c000ef	jal	x1,80001ae8	  x1=0x80001ae8
       22555000	      2254	00000000	00000013	addi	x0,x0,0	  x0:0x00000000
       22565000	      2255	80001af0	00000013	addi	x0,x0,0	  x0:0x00000000
       22575000	      2256	80001af4	010000ef	jal	x1,80001af4	  x1=0x80001af4
       22585000	      2257	00000000	00000013	addi	x0,x0,0	  x0:0x00000000
       22595000	      2258	80001b00	00000013	addi	x0,x0,0	  x0:0x00000000
       22605000	      2259	80001b04	ffdff0ef	jal	x1,80001b04	  x1=0x80001b04
       22615000	      2260	00000000	00000013	addi	x0,x0,0	  x0:0x00000000
       22625000	      2261	80001afc	00000013	addi	x0,x0,0	  x0:0x00000000
       22635000	      2262	80001b00	ff9ffa6f	jal	x20,80001b00	 x20=0x80001b00
       22645000	      2263	00000000	00000013	addi	x0,x0,0	  x0:0x00000000
       22655000	      2264	80001af4	00000013	addi	x0,x0,0	  x0:0x00000000
       22665000	      2265	80001af8	010000ef	jal	x1,80001af8	  x1=0x80001af8
       22675000	      2266	00000000	00000013	addi	x0,x0,0	  x0:0x00000000
       22685000	      2267	80001b04	00000013	addi	x0,x0,0	  x0:0x00000000
       22695000	      2268	80001b08	fe9ff0ef	jal	x1,80001b08	  x1=0x80001b08
       22705000	      2269	00000000	00000013	addi	x0,x0,0	  x0:0x00000000
       22715000	      2270	80001aec	00000013	addi	x0,x0,0	  x0:0x00000000
       22725000	      2271	80001af0	01c0036f	jal	x6,80001af0	  x6=0x80001af0
       22735000	      2272	00000000	00000013	addi	x0,x0,0	  x0:0x00000000
       22745000	      2273	80001b08	00000013	addi	x0,x0,0	  x0:0x00000000
       22755000	      2274	80001b0c	fe1ff0ef	jal	x1,80001b0c	  x1=0x80001b0c
       22765000	      2275	00000000	00000013	addi	x0,x0,0	  x0:0x00000000
       22775000	      2276	80001ae8	00000013	addi	x0,x0,0	  x0:0x00000000
       22785000	      2277	80001aec	0240036f	jal	x6,80001aec	  x6=0x80001aec
       22795000	      2278	00000000	00000013	addi	x0,x0,0	  x0:0x00000000
       22805000	      2279	80001b0c	00000013	addi	x0,x0,0	  x0:0x00000000
       22815000	      2280	80001b10	fedff36f	jal	x6,80001b10	  x6=0x80001b10
       22825000	      2281	00000000	00000013	addi	x0,x0,0	  x0:0x00000000
       22835000	      2282	80001af8	00000013	addi	x0,x0,0	  x0:0x00000000
       22845000	      2283	80001afc	018000ef	jal	x1,80001afc	  x1=0x80001afc
       22855000	      2284	00000000	00000013	addi	x0,x0,0	  x0:0x00000000
       22865000	      2285	80001b10	00000013	addi	x0,x0,0	  x0:0x00000000
       22875000	      2286	80001b14	00000013	addi	x0,x0,0	  x0:0x00000000
       22885000	      2287	80001b18	00c000ef	jal	x1,80001b18	  x1=0x80001b18
       22895000	      2288	00000000	00000013	addi	x0,x0,0	  x0:0x00000000
       22905000	      2289	80001b20	00000013	addi	x0,x0,0	  x0:0x00000000
       22915000	      2290	80001b24	02c00aef	jal	x21,80001b24	 x21=0x80001b24
       22925000	      2291	00000000	00000013	addi	x0,x0,0	  x0:0x00000000
       22935000	      2292	80001b4c	00000013	addi	x0,x0,0	  x0:0x00000000
       22945000	      2293	80001b50	fe9ff36f	jal	x6,80001b50	  x6=0x80001b50
       22955000	      2294	00000000	00000013	addi	x0,x0,0	  x0:0x00000000
       22965000	      2295	80001b34	00000013	addi	x0,x0,0	  x0:0x00000000
       22975000	      2296	80001b38	008000ef	jal	x1,80001b38	  x1=0x80001b38
       22985000	      2297	00000000	00000013	addi	x0,x0,0	  x0:0x00000000
       22995000	      2298	80001b3c	00000013	addi	x0,x0,0	  x0:0x00000000
       23005000	      2299	80001b40	018000ef	jal	x1,80001b40	  x1=0x80001b40
       23015000	      2300	00000000	00000013	addi	x0,x0,0	  x0:0x00000000
       23025000	      2301	80001b54	00000013	addi	x0,x0,0	  x0:0x00000000
       23035000	      2302	80001b58	fd9ffc6f	jal	x24,80001b58	 x24=0x80001b58
       23045000	      2303	00000000	00000013	addi	x0,x0,0	  x0:0x00000000
       23055000	      2304	80001b2c	00000013	addi	x0,x0,0	  x0:0x00000000
       23065000	      2305	80001b30	01c000ef	jal	x1,80001b30	  x1=0x80001b30
       23075000	      2306	00000000	00000013	addi	x0,x0,0	  x0:0x00000000
       23085000	      2307	80001b48	00000013	addi	x0,x0,0	  x0:0x00000000
       23095000	      2308	80001b4c	ff9ff0ef	jal	x1,80001b4c	  x1=0x80001b4c
       23105000	      2309	00000000	00000013	addi	x0,x0,0	  x0:0x00000000
       23115000	      2310	80001b40	00000013	addi	x0,x0,0	  x0:0x00000000
       23125000	      2311	80001b44	01c000ef	jal	x1,80001b44	  x1=0x80001b44
       23135000	      2312	00000000	00000013	addi	x0,x0,0	  x0:0x00000000
       23145000	      2313	80001b5c	00000013	addi	x0,x0,0	  x0:0x00000000
       23155000	      2314	80001b60	fd5ff36f	jal	x6,80001b60	  x6=0x80001b60
       23165000	      2315	00000000	00000013	addi	x0,x0,0	  x0:0x00000000
       23175000	      2316	80001b30	00000013	addi	x0,x0,0	  x0:0x00000000
       23185000	      2317	80001b34	fe9ff0ef	jal	x1,80001b34	  x1=0x80001b34
       23195000	      2318	00000000	00000013	addi	x0,x0,0	  x0:0x00000000
       23205000	      2319	80001b18	00000013	addi	x0,x0,0	  x0:0x00000000
       23215000	      2320	80001b1c	038002ef	jal	x5,80001b1c	  x5=0x80001b1c
       23225000	      2321	00000000	00000013	addi	x0,x0,0	  x0:0x00000000
       23235000	      2322	80001b50	00000013	addi	x0,x0,0	  x0:0x00000000
       23245000	      2323	80001b54	fe9fff6f	jal	x30,80001b54	 x30=0x80001b54
       23255000	      2324	00000000	00000013	addi	x0,x0,0	  x0:0x00000000
       23265000	      2325	80001b38	00000013	addi	x0,x0,0	  x0:0x00000000
       23275000	      2326	80001b3c	02800c6f	jal	x24,80001b3c	 x24=0x80001b3c
       23285000	      2327	00000000	00000013	addi	x0,x0,0	  x0:0x00000000
       23295000	      2328	80001b60	00000013	addi	x0,x0,0	  x0:0x00000000
       23305000	      2329	80001b64	ff9ff36f	jal	x6,80001b64	  x6=0x80001b64
       23315000	      2330	00000000	00000013	addi	x0,x0,0	  x0:0x00000000
       23325000	      2331	80001b58	00000013	addi	x0,x0,0	  x0:0x00000000
       23335000	      2332	80001b5c	fcdff36f	jal	x6,80001b5c	  x6=0x80001b5c
       23345000	      2333	00000000	00000013	addi	x0,x0,0	  x0:0x00000000
       23355000	      2334	80001b24	00000013	addi	x0,x0,0	  x0:0x00000000
       23365000	      2335	80001b28	00400e6f	jal	x28,80001b28	 x28=0x80001b28
       23375000	      2336	00000000	00000013	addi	x0,x0,0	  x0:0x00000000
       23385000	      2337	80001b28	00000013	addi	x0,x0,0	  x0:0x00000000
       23395000	      2338	80001b2c	03c00fef	jal	x31,80001b2c	 x31=0x80001b2c
       23405000	      2339	00000000	00000013	addi	x0,x0,0	  x0:0x00000000
       23415000	      2340	80001b64	00000013	addi	x0,x0,0	  x0:0x00000000
       23425000	      2341	80001b68	fb9ff1ef	jal	x3,80001b68	  x3=0x80001b68
       23435000	      2342	00000000	00000013	addi	x0,x0,0	  x0:0x00000000
       23445000	      2343	80001b1c	00000013	addi	x0,x0,0	  x0:0x00000000
       23455000	      2344	80001b20	0280036f	jal	x6,80001b20	  x6=0x80001b20
       23465000	      2345	00000000	00000013	addi	x0,x0,0	  x0:0x00000000
       23475000	      2346	80001b44	00000013	addi	x0,x0,0	  x0:0x00000000
       23485000	      2347	80001b48	024000ef	jal	x1,80001b48	  x1=0x80001b48
       23495000	      2348	00000000	00000013	addi	x0,x0,0	  x0:0x00000000
       23505000	      2349	80001b68	00000013	addi	x0,x0,0	  x0:0x00000000
       23515000	      2350	80001b6c	004000ef	jal	x1,80001b6c	  x1=0x80001b6c
       23525000	      2351	00000000	00000013	addi	x0,x0,0	  x0:0x00000000
       23535000	      2352	80001b6c	00000013	addi	x0,x0,0	  x0:0x00000000
       23545000	      2353	80001b70	00348633	add	x12,x9,x3	  x9:0x80001a00  x3:0x80001b68 x12=0x00003568
       23555000	      2354	80001b74	01c000ef	jal	x1,80001b74	  x1=0x80001b74
       23565000	      2355	00000000	00000013	addi	x0,x0,0	  x0:0x00000000
       23575000	      2356	80001b8c	00000013	addi	x0,x0,0	  x0:0x00000000
       23585000	      2357	80001b90	ff1ffc6f	jal	x24,80001b90	 x24=0x80001b90
       23595000	      2358	00000000	00000013	addi	x0,x0,0	  x0:0x00000000
       23605000	      2359	80001b7c	00000013	addi	x0,x0,0	  x0:0x00000000
       23615000	      2360	80001b80	01c000ef	jal	x1,80001b80	  x1=0x80001b80
       23625000	      2361	00000000	00000013	addi	x0,x0,0	  x0:0x00000000
       23635000	      2362	80001b98	00000013	addi	x0,x0,0	  x0:0x00000000
       23645000	      2363	80001b9c	fe9ff36f	jal	x6,80001b9c	  x6=0x80001b9c
       23655000	      2364	00000000	00000013	addi	x0,x0,0	  x0:0x00000000
       23665000	      2365	80001b80	00000013	addi	x0,x0,0	  x0:0x00000000
       23675000	      2366	80001b84	020000ef	jal	x1,80001b84	  x1=0x80001b84
       23685000	      2367	00000000	00000013	addi	x0,x0,0	  x0:0x00000000
       23695000	      2368	80001ba0	00000013	addi	x0,x0,0	  x0:0x00000000
       23705000	      2369	80001ba4	018000ef	jal	x1,80001ba4	  x1=0x80001ba4
       23715000	      2370	00000000	00000013	addi	x0,x0,0	  x0:0x00000000
       23725000	      2371	80001bb8	00000013	addi	x0,x0,0	  x0:0x00000000
       23735000	      2372	80001bbc	fddff0ef	jal	x1,80001bbc	  x1=0x80001bbc
       23745000	      2373	00000000	00000013	addi	x0,x0,0	  x0:0x00000000
       23755000	      2374	80001b94	00000013	addi	x0,x0,0	  x0:0x00000000
       23765000	      2375	80001b98	ff1ff36f	jal	x6,80001b98	  x6=0x80001b98
       23775000	      2376	00000000	00000013	addi	x0,x0,0	  x0:0x00000000
       23785000	      2377	80001b84	00000013	addi	x0,x0,0	  x0:0x00000000
       23795000	      2378	80001b88	ff1ff0ef	jal	x1,80001b88	  x1=0x80001b88
       23805000	      2379	00000000	00000013	addi	x0,x0,0	  x0:0x00000000
       23815000	      2380	80001b74	00000013	addi	x0,x0,0	  x0:0x00000000
       23825000	      2381	80001b78	030000ef	jal	x1,80001b78	  x1=0x80001b78
       23835000	      2382	00000000	00000013	addi	x0,x0,0	  x0:0x00000000
       23845000	      2383	80001ba4	00000013	addi	x0,x0,0	  x0:0x00000000
       23855000	      2384	80001ba8	004000ef	jal	x1,80001ba8	  x1=0x80001ba8
       23865000	      2385	00000000	00000013	addi	x0,x0,0	  x0:0x00000000
       23875000	      2386	80001ba8	00000013	addi	x0,x0,0	  x0:0x00000000
       23885000	      2387	80001bac	004000ef	jal	x1,80001bac	  x1=0x80001bac
       23895000	      2388	00000000	00000013	addi	x0,x0,0	  x0:0x00000000
       23905000	      2389	80001bac	00000013	addi	x0,x0,0	  x0:0x00000000
       23915000	      2390	80001bb0	fddff0ef	jal	x1,80001bb0	  x1=0x80001bb0
       23925000	      2391	00000000	00000013	addi	x0,x0,0	  x0:0x00000000
       23935000	      2392	80001b88	00000013	addi	x0,x0,0	  x0:0x00000000
       23945000	      2393	80001b8c	028002ef	jal	x5,80001b8c	  x5=0x80001b8c
       23955000	      2394	00000000	00000013	addi	x0,x0,0	  x0:0x00000000
       23965000	      2395	80001bb0	00000013	addi	x0,x0,0	  x0:0x00000000
       23975000	      2396	80001bb4	fedff0ef	jal	x1,80001bb4	  x1=0x80001bb4
       23985000	      2397	00000000	00000013	addi	x0,x0,0	  x0:0x00000000
       23995000	      2398	80001b9c	00000013	addi	x0,x0,0	  x0:0x00000000
       24005000	      2399	80001ba0	fddffdef	jal	x27,80001ba0	 x27=0x80001ba0
       24015000	      2400	00000000	00000013	addi	x0,x0,0	  x0:0x00000000
       24025000	      2401	80001b78	00000013	addi	x0,x0,0	  x0:0x00000000
       24035000	      2402	80001b7c	0180036f	jal	x6,80001b7c	  x6=0x80001b7c
       24045000	      2403	00000000	00000013	addi	x0,x0,0	  x0:0x00000000
       24055000	      2404	80001b90	00000013	addi	x0,x0,0	  x0:0x00000000
       24065000	      2405	80001b94	024001ef	jal	x3,80001b94	  x3=0x80001b94
       24075000	      2406	00000000	00000013	addi	x0,x0,0	  x0:0x00000000
       24085000	      2407	80001bb4	00000013	addi	x0,x0,0	  x0:0x00000000
       24095000	      2408	80001bb8	0080036f	jal	x6,80001bb8	  x6=0x80001bb8
       24105000	      2409	00000000	00000013	addi	x0,x0,0	  x0:0x00000000
       24115000	      2410	80001bbc	00000013	addi	x0,x0,0	  x0:0x00000000
       24125000	      2411	80001bc0	54d5cd93	xori	x27,x11,1357	 x11:0x80001908 x27=0x80001c45
       24135000	      2412	80001bc4	413a5513	srai	x10,x20,0x13	 x20:0x80001b00 x10=0xfffff000
       24145000	      2413	80001bc8	00271a33	sll	x20,x14,x2	 x14:0x00000000  x2:0x80009fc4 x20=0x00000000
       24155000	      2414	80001bcc	02425063	bge	x4,x4,80001bec	  x4:0x80009f60  x4:0x80009f60
       24165000	      2415	00000000	00000013	addi	x0,x0,0	  x0:0x00000000
       24175000	      2416	80001be8	00000013	addi	x0,x0,0	  x0:0x00000000
       24185000	      2417	80001bec	03d29a63	bne	x5,x29,80001c20	  x5:0x80001b8c x29:0x800019b8
       24195000	      2418	00000000	00000013	addi	x0,x0,0	  x0:0x00000000
       24205000	      2419	80001c1c	00000013	addi	x0,x0,0	  x0:0x00000000
       24215000	      2420	80001c20	70b6cc13	xori	x24,x13,1803	 x13:0x80001898 x24=0x80001f93
       24225000	      2421	80001c24	414e5333	sra	x6,x28,x20	 x28:0x80001b28 x20:0x00000000  x6=0x80001b28
       24235000	      2422	80001c28	1ce90393	addi	x7,x18,462	 x18:0xd72aba8e  x7=0xd72abc5c
       24245000	      2423	80001c2c	be66bf93	sltiu	x31,x13,-1050	 x13:0x80001898 x31=0x00000001
       24255000	      2424	80001c30	012922b3	slt	x5,x18,x18	 x18:0xd72aba8e x18:0xd72aba8e  x5=0x00000000
       24265000	      2425	80001c34	00d41e63	bne	x8,x13,80001c50	  x8:0x800018fc x13:0x80001898
       24275000	      2426	00000000	00000013	addi	x0,x0,0	  x0:0x00000000
       24285000	      2427	80001c4c	00000013	addi	x0,x0,0	  x0:0x00000000
       24295000	      2428	80001c50	e236fc13	andi	x24,x13,-477	 x13:0x80001898 x24=0x80001800
       24305000	      2429	80001c54	01f956b3	srl	x13,x18,x31	 x18:0xd72aba8e x31:0x00000001 x13=0x6b955d47
       24315000	      2430	80001c58	07f18063	beq	x3,x31,80001cb8	  x3:0x80001b94 x31:0x00000001
       24325000	      2431	80001c5c	020000ef	jal	x1,80001c5c	  x1=0x80001c5c
       24335000	      2432	00000000	00000013	addi	x0,x0,0	  x0:0x00000000
       24345000	      2433	80001c78	00000013	addi	x0,x0,0	  x0:0x00000000
       24355000	      2434	80001c7c	01000def	jal	x27,80001c7c	 x27=0x80001c7c
       24365000	      2435	00000000	00000013	addi	x0,x0,0	  x0:0x00000000
       24375000	      2436	80001c88	00000013	addi	x0,x0,0	  x0:0x00000000
       24385000	      2437	80001c8c	fe5ffcef	jal	x25,80001c8c	 x25=0x80001c8c
       24395000	      2438	00000000	00000013	addi	x0,x0,0	  x0:0x00000000
       24405000	      2439	80001c6c	00000013	addi	x0,x0,0	  x0:0x00000000
       24415000	      2440	80001c70	008000ef	jal	x1,80001c70	  x1=0x80001c70
       24425000	      2441	00000000	00000013	addi	x0,x0,0	  x0:0x00000000
       24435000	      2442	80001c74	00000013	addi	x0,x0,0	  x0:0x00000000
       24445000	      2443	80001c78	fe9ff0ef	jal	x1,80001c78	  x1=0x80001c78
       24455000	      2444	00000000	00000013	addi	x0,x0,0	  x0:0x00000000
       24465000	      2445	80001c5c	00000013	addi	x0,x0,0	  x0:0x00000000
       24475000	      2446	80001c60	030001ef	jal	x3,80001c60	  x3=0x80001c60
       24485000	      2447	00000000	00000013	addi	x0,x0,0	  x0:0x00000000
       24495000	      2448	80001c8c	00000013	addi	x0,x0,0	  x0:0x00000000
       24505000	      2449	80001c90	fd5ff0ef	jal	x1,80001c90	  x1=0x80001c90
       24515000	      2450	00000000	00000013	addi	x0,x0,0	  x0:0x00000000
       24525000	      2451	80001c60	00000013	addi	x0,x0,0	  x0:0x00000000
       24535000	      2452	80001c64	0200056f	jal	x10,80001c64	 x10=0x80001c64
       24545000	      2453	00000000	00000013	addi	x0,x0,0	  x0:0x00000000
       24555000	      2454	80001c80	00000013	addi	x0,x0,0	  x0:0x00000000
       24565000	      2455	80001c84	004000ef	jal	x1,80001c84	  x1=0x80001c84
       24575000	      2456	00000000	00000013	addi	x0,x0,0	  x0:0x00000000
       24585000	      2457	80001c84	00000013	addi	x0,x0,0	  x0:0x00000000
       24595000	      2458	80001c88	fedff36f	jal	x6,80001c88	  x6=0x80001c88
       24605000	      2459	00000000	00000013	addi	x0,x0,0	  x0:0x00000000
       24615000	      2460	80001c70	00000013	addi	x0,x0,0	  x0:0x00000000
       24625000	      2461	80001c74	00c000ef	jal	x1,80001c74	  x1=0x80001c74
       24635000	      2462	00000000	00000013	addi	x0,x0,0	  x0:0x00000000
       24645000	      2463	80001c7c	00000013	addi	x0,x0,0	  x0:0x00000000
       24655000	      2464	80001c80	fedffaef	jal	x21,80001c80	 x21=0x80001c80
       24665000	      2465	00000000	00000013	addi	x0,x0,0	  x0:0x00000000
       24675000	      2466	80001c68	00000013	addi	x0,x0,0	  x0:0x00000000
       24685000	      2467	80001c6c	ffdff0ef	jal	x1,80001c6c	  x1=0x80001c6c
       24695000	      2468	00000000	00000013	addi	x0,x0,0	  x0:0x00000000
       24705000	      2469	80001c64	00000013	addi	x0,x0,0	  x0:0x00000000
       24715000	      2470	80001c68	02c0066f	jal	x12,80001c68	 x12=0x80001c68
       24725000	      2471	00000000	00000013	addi	x0,x0,0	  x0:0x00000000
       24735000	      2472	80001c90	00000013	addi	x0,x0,0	  x0:0x00000000
       24745000	      2473	80001c94	41335f93	srai	x31,x6,0x13	  x6:0x80001c88 x31=0xfffff000
       24755000	      2474	80001c98	031cc063	blt	x25,x17,80001cb8	 x25:0x80001c8c x17:0x80001a0c
       24765000	      2475	80001c9c	e198b093	sltiu	x1,x17,-487	 x17:0x80001a0c  x1=0x00000001
       24775000	      2476	80001ca0	008e9863	bne	x29,x8,80001cb0	 x29:0x800019b8  x8:0x800018fc
       24785000	      2477	00000000	00000013	addi	x0,x0,0	  x0:0x00000000
       24795000	      2478	80001cac	00000013	addi	x0,x0,0	  x0:0x00000000
       24805000	      2479	80001cb0	c8234893	xori	x17,x6,-894	  x6:0x80001c88 x17=0x7fffe00a
       24815000	      2480	80001cb4	fb23eeb7	lui	x29,0xfb23e	 x29=0xfb23e000
       24825000	      2481	80001cb8	022a6e63	bltu	x20,x2,80001cf4	 x20:0x00000000  x2:0x80009fc4
       24835000	      2482	00000000	00000013	addi	x0,x0,0	  x0:0x00000000
       24845000	      2483	80001cf0	00000013	addi	x0,x0,0	  x0:0x00000000
       24855000	      2484	80001cf4	016be7b3	or	x15,x23,x22	 x23:0x80001900 x22:0x80001a54 x15=0x80001b54
       24865000	      2485	80001cf8	ec7c6413	ori	x8,x24,-313	 x24:0x80001800  x8=0xfffffec7
       24875000	      2486	80001cfc	06cb7663	bgeu	x22,x12,80001d68	 x22:0x80001a54 x12:0x80001c68
       24885000	      2487	80001d00	008000ef	jal	x1,80001d00	  x1=0x80001d00
       24895000	      2488	00000000	00000013	addi	x0,x0,0	  x0:0x00000000
       24905000	      2489	80001d04	00000013	addi	x0,x0,0	  x0:0x00000000
       24915000	      2490	80001d08	0480036f	jal	x6,80001d08	  x6=0x80001d08
       24925000	      2491	00000000	00000013	addi	x0,x0,0	  x0:0x00000000
       24935000	      2492	80001d4c	00000013	addi	x0,x0,0	  x0:0x00000000
       24945000	      2493	80001d50	fcdff0ef	jal	x1,80001d50	  x1=0x80001d50
       24955000	      2494	00000000	00000013	addi	x0,x0,0	  x0:0x00000000
       24965000	      2495	80001d18	00000013	addi	x0,x0,0	  x0:0x00000000
       24975000	      2496	80001d1c	01c000ef	jal	x1,80001d1c	  x1=0x80001d1c
       24985000	      2497	00000000	00000013	addi	x0,x0,0	  x0:0x00000000
       24995000	      2498	80001d34	00000013	addi	x0,x0,0	  x0:0x00000000
       25005000	      2499	80001d38	fddff0ef	jal	x1,80001d38	  x1=0x80001d38
       25015000	      2500	00000000	00000013	addi	x0,x0,0	  x0:0x00000000
       25025000	      2501	80001d10	00000013	addi	x0,x0,0	  x0:0x00000000
       25035000	      2502	80001d14	0400036f	jal	x6,80001d14	  x6=0x80001d14
       25045000	      2503	00000000	00000013	addi	x0,x0,0	  x0:0x00000000
       25055000	      2504	80001d50	00000013	addi	x0,x0,0	  x0:0x00000000
       25065000	      2505	80001d54	ff1ff0ef	jal	x1,80001d54	  x1=0x80001d54
       25075000	      2506	00000000	00000013	addi	x0,x0,0	  x0:0x00000000
       25085000	      2507	80001d40	00000013	addi	x0,x0,0	  x0:0x00000000
       25095000	      2508	80001d44	fc1ff0ef	jal	x1,80001d44	  x1=0x80001d44
       25105000	      2509	00000000	00000013	addi	x0,x0,0	  x0:0x00000000
       25115000	      2510	80001d00	00000013	addi	x0,x0,0	  x0:0x00000000
       25125000	      2511	80001d04	01c00f6f	jal	x30,80001d04	 x30=0x80001d04
       25135000	      2512	00000000	00000013	addi	x0,x0,0	  x0:0x00000000
       25145000	      2513	80001d1c	00000013	addi	x0,x0,0	  x0:0x00000000
       25155000	      2514	80001d20	0200036f	jal	x6,80001d20	  x6=0x80001d20
       25165000	      2515	00000000	00000013	addi	x0,x0,0	  x0:0x00000000
       25175000	      2516	80001d3c	00000013	addi	x0,x0,0	  x0:0x00000000
       25185000	      2517	80001d40	ff1ff36f	jal	x6,80001d40	  x6=0x80001d40
       25195000	      2518	00000000	00000013	addi	x0,x0,0	  x0:0x00000000
       25205000	      2519	80001d2c	00000013	addi	x0,x0,0	  x0:0x00000000
       25215000	      2520	80001d30	fe1ff0ef	jal	x1,80001d30	  x1=0x80001d30
       25225000	      2521	00000000	00000013	addi	x0,x0,0	  x0:0x00000000
       25235000	      2522	80001d0c	00000013	addi	x0,x0,0	  x0:0x00000000
       25245000	      2523	80001d10	024000ef	jal	x1,80001d10	  x1=0x80001d10
       25255000	      2524	00000000	00000013	addi	x0,x0,0	  x0:0x00000000
       25265000	      2525	80001d30	00000013	addi	x0,x0,0	  x0:0x00000000
       25275000	      2526	80001d34	fd9ff36f	jal	x6,80001d34	  x6=0x80001d34
       25285000	      2527	00000000	00000013	addi	x0,x0,0	  x0:0x00000000
       25295000	      2528	80001d08	00000013	addi	x0,x0,0	  x0:0x00000000
       25305000	      2529	80001d0c	02000cef	jal	x25,80001d0c	 x25=0x80001d0c
       25315000	      2530	00000000	00000013	addi	x0,x0,0	  x0:0x00000000
       25325000	      2531	80001d28	00000013	addi	x0,x0,0	  x0:0x00000000
       25335000	      2532	80001d2c	020000ef	jal	x1,80001d2c	  x1=0x80001d2c
       25345000	      2533	00000000	00000013	addi	x0,x0,0	  x0:0x00000000
       25355000	      2534	80001d48	00000013	addi	x0,x0,0	  x0:0x00000000
       25365000	      2535	80001d4c	fd9ff0ef	jal	x1,80001d4c	  x1=0x80001d4c
       25375000	      2536	00000000	00000013	addi	x0,x0,0	  x0:0x00000000
       25385000	      2537	80001d20	00000013	addi	x0,x0,0	  x0:0x00000000
       25395000	      2538	80001d24	004000ef	jal	x1,80001d24	  x1=0x80001d24
       25405000	      2539	00000000	00000013	addi	x0,x0,0	  x0:0x00000000
       25415000	      2540	80001d24	00000013	addi	x0,x0,0	  x0:0x00000000
       25425000	      2541	80001d28	020000ef	jal	x1,80001d28	  x1=0x80001d28
       25435000	      2542	00000000	00000013	addi	x0,x0,0	  x0:0x00000000
       25445000	      2543	80001d44	00000013	addi	x0,x0,0	  x0:0x00000000
       25455000	      2544	80001d48	ff5ff36f	jal	x6,80001d48	  x6=0x80001d48
       25465000	      2545	00000000	00000013	addi	x0,x0,0	  x0:0x00000000
       25475000	      2546	80001d38	00000013	addi	x0,x0,0	  x0:0x00000000
       25485000	      2547	80001d3c	fddff36f	jal	x6,80001d3c	  x6=0x80001d3c
       25495000	      2548	00000000	00000013	addi	x0,x0,0	  x0:0x00000000
       25505000	      2549	80001d14	00000013	addi	x0,x0,0	  x0:0x00000000
       25515000	      2550	80001d18	040000ef	jal	x1,80001d18	  x1=0x80001d18
       25525000	      2551	00000000	00000013	addi	x0,x0,0	  x0:0x00000000
       25535000	      2552	80001d54	00000013	addi	x0,x0,0	  x0:0x00000000
       25545000	      2553	80001d58	01ec6a33	or	x20,x24,x30	 x24:0x80001800 x30:0x80001d04 x20=0x80001d04
       25555000	      2554	80001d5c	6d7b6313	ori	x6,x22,1751	 x22:0x80001a54  x6=0x80001ed7
       25565000	      2555	80001d60	dbb0af37	lui	x30,0xdbb0a	 x30=0xdbb0a000
       25575000	      2556	80001d64	017448b3	xor	x17,x8,x23	  x8:0xfffffec7 x23:0x80001900 x17=0x7fffe7c7
       25585000	      2557	80001d68	b3028d17	auipc	x26,0xb3028	 x26=0x33029d64
       25595000	      2558	80001d6c	4046d793	srai	x15,x13,0x4	 x13:0x6b955d47 x15=0x06b955d4
       25605000	      2559	80001d70	00fc4e33	xor	x28,x24,x15	 x24:0x80001800 x15:0x06b955d4 x28=0x86b94dd4
       25615000	      2560	80001d74	019d1d93	slli	x27,x26,0x19	 x26:0x33029d64 x27=0xc8000000
       25625000	      2561	80001d78	043b1263	bne	x22,x3,80001dbc	 x22:0x80001a54  x3:0x80001c60
       25635000	      2562	00000000	00000013	addi	x0,x0,0	  x0:0x00000000
       25645000	      2563	80001db8	00000013	addi	x0,x0,0	  x0:0x00000000
       25655000	      2564	80001dbc	1a59c513	xori	x10,x19,421	 x19:0x80001150 x10=0x800010f5
       25665000	      2565	80001dc0	5651b493	sltiu	x9,x3,1381	  x3:0x80001c60  x9=0x00000000
       25675000	      2566	80001dc4	01ad5e33	srl	x28,x26,x26	 x26:0x33029d64 x26:0x33029d64 x28=0x033029d6
       25685000	      2567	80001dc8	00000013	addi	x0,x0,0	  x0:0x00000000
       25695000	      2568	80001dcc	00b29a33	sll	x20,x5,x11	  x5:0x00000000 x11:0x80001908 x20=0x00000000
       25705000	      2569	80001dd0	01167bb3	and	x23,x12,x17	 x12:0x80001c68 x17:0x7fffe7c7 x23=0x00000440
       25715000	      2570	80001dd4	dc1ca193	slti	x3,x25,-575	 x25:0x80001d0c  x3=0x00000001
       25725000	      2571	80001dd8	03c1cc63	blt	x3,x28,80001e10	  x3:0x00000001 x28:0x033029d6
       25735000	      2572	00000000	00000013	addi	x0,x0,0	  x0:0x00000000
       25745000	      2573	80001e0c	00000013	addi	x0,x0,0	  x0:0x00000000
       25755000	      2574	80001e10	002cae33	slt	x28,x25,x2	 x25:0x80001d0c  x2:0x80009fc4 x28=0x00000001
       25765000	      2575	80001e14	05657463	bgeu	x10,x22,80001e5c	 x10:0x800010f5 x22:0x80001a54
       25775000	      2576	80001e18	12b7f3b7	lui	x7,0x12b7f	  x7=0x12b7f000
       25785000	      2577	80001e1c	f8794d93	xori	x27,x18,-121	 x18:0xd72aba8e x27=0x28d54509
       25795000	      2578	80001e20	ea430193	addi	x3,x6,-348	  x6:0x80001ed7  x3=0x80001d7b
       25805000	      2579	80001e24	00be9a93	slli	x21,x29,0xb	 x29:0xfb23e000 x21=0x1f000000
       25815000	      2580	80001e28	00149813	slli	x16,x9,0x1	  x9:0x00000000 x16=0x00000000
       25825000	      2581	80001e2c	004c4e33	xor	x28,x24,x4	 x24:0x80001800  x4:0x80009f60 x28=0x00008760
       25835000	      2582	80001e30	022f1863	bne	x30,x2,80001e60	 x30:0xdbb0a000  x2:0x80009fc4
       25845000	      2583	00000000	00000013	addi	x0,x0,0	  x0:0x00000000
       25855000	      2584	80001e5c	00000013	addi	x0,x0,0	  x0:0x00000000
       25865000	      2585	80001e60	f89f2e13	slti	x28,x30,-119	 x30:0xdbb0a000 x28=0x00000001
       25875000	      2586	80001e64	74ce6593	ori	x11,x28,1868	 x28:0x00000001 x11=0x0000074d
       25885000	      2587	80001e68	00699c93	slli	x25,x19,0x6	 x19:0x80001150 x25=0x00045400
       25895000	      2588	80001e6c	00000013	addi	x0,x0,0	  x0:0x00000000
       25905000	      2589	80001e70	f6686693	ori	x13,x16,-154	 x16:0x00000000 x13=0xffffff66
       25915000	      2590	80001e74	408c84b3	sub	x9,x25,x8	 x25:0x00045400  x8:0xfffffec7  x9=0x00045539
       25925000	      2591	80001e78	01de9c33	sll	x24,x29,x29	 x29:0xfb23e000 x29:0xfb23e000 x24=0xfb23e000
       25935000	      2592	80001e7c	03f24e63	blt	x4,x31,80001eb8	  x4:0x80009f60 x31:0xfffff000
       25945000	      2593	00000000	00000013	addi	x0,x0,0	  x0:0x00000000
       25955000	      2594	80001eb4	00000013	addi	x0,x0,0	  x0:0x00000000
       25965000	      2595	80001eb8	009dc2b3	xor	x5,x27,x9	 x27:0x28d54509  x9:0x00045539  x5=0x28d11030
       25975000	      2596	80001ebc	02e88863	beq	x17,x14,80001eec	 x17:0x7fffe7c7 x14:0x00000000
       25985000	      2597	80001ec0	0049db33	srl	x22,x19,x4	 x19:0x80001150  x4:0x80009f60 x22=0x80001150
       25995000	      2598	80001ec4	01931a33	sll	x20,x6,x25	  x6:0x80001ed7 x25:0x00045400 x20=0x80001ed7
       26005000	      2599	80001ec8	019ed433	srl	x8,x29,x25	 x29:0xfb23e000 x25:0x00045400  x8=0xfb23e000
       26015000	      2600	80001ecc	6a8b2713	slti	x14,x22,1704	 x22:0x80001150 x14=0x00000001
       26025000	      2601	80001ed0	413d6193	ori	x3,x26,1043	 x26:0x33029d64  x3=0x33029d77
       26035000	      2602	80001ed4	02de4c63	blt	x28,x13,80001f0c	 x28:0x00000001 x13:0xffffff66
       26045000	      2603	80001ed8	40428533	sub	x10,x5,x4	  x5:0x28d11030  x4:0x80009f60 x10=0xa8d070d0
       26055000	      2604	80001edc	00c45cb3	srl	x25,x8,x12	  x8:0xfb23e000 x12:0x80001c68 x25=0x00fb23e0
       26065000	      2605	80001ee0	dc16ae13	slti	x28,x13,-575	 x13:0xffffff66 x28=0x00000000
       26075000	      2606	80001ee4	0007e263	bltu	x15,x0,80001ee8	 x15:0x06b955d4  x0:0x00000000
       26085000	      2607	80001ee8	01819d33	sll	x26,x3,x24	  x3:0x33029d77 x24:0xfb23e000 x26=0x33029d77
       26095000	      2608	80001eec	03115463	bge	x2,x17,80001f14	  x2:0x80009fc4 x17:0x7fffe7c7
       26105000	      2609	80001ef0	40598e33	sub	x28,x19,x5	 x19:0x80001150  x5:0x28d11030 x28=0x572f0120
       26115000	      2610	80001ef4	0150b033	sltu	x0,x1,x21	  x1:0x80001d18 x21:0x1f000000
       26125000	      2611	80001ef8	9c9b2593	slti	x11,x22,-1591	 x22:0x80001150 x11=0x00000001
       26135000	      2612	80001efc	0415d463	bge	x11,x1,80001f44	 x11:0x00000001  x1:0x80001d18
       26145000	      2613	00000000	00000013	addi	x0,x0,0	  x0:0x00000000
       26155000	      2614	80001f40	00000013	addi	x0,x0,0	  x0:0x00000000
       26165000	      2615	80001f44	00000013	addi	x0,x0,0	  x0:0x00000000
       26175000	      2616	80001f48	00216263	bltu	x2,x2,80001f4c	  x2:0x80009fc4  x2:0x80009fc4
       26185000	      2617	80001f4c	01a089b3	add	x19,x1,x26	  x1:0x80001d18 x26:0x33029d77 x19=0xb302ba8f
       26195000	      2618	80001f50	401c05b3	sub	x11,x24,x1	 x24:0xfb23e000  x1:0x80001d18 x11=0x7b23c2e8
       26205000	      2619	80001f54	00000013	addi	x0,x0,0	  x0:0x00000000
       26215000	      2620	80001f58	910ebf13	sltiu	x30,x29,-1776	 x29:0xfb23e000 x30=0x00000001
       26225000	      2621	80001f5c	00333433	sltu	x8,x6,x3	  x6:0x80001ed7  x3:0x33029d77  x8=0x00000000
       26235000	      2622	80001f60	00230433	add	x8,x6,x2	  x6:0x80001ed7  x2:0x80009fc4  x8=0x0000be9b
       26245000	      2623	80001f64	40750f33	sub	x30,x10,x7	 x10:0xa8d070d0  x7:0x12b7f000 x30=0x961880d0
       26255000	      2624	80001f68	71c34293	xori	x5,x6,1820	  x6:0x80001ed7  x5=0x800019cb
       26265000	      2625	80001f6c	01391f93	slli	x31,x18,0x13	 x18:0xd72aba8e x31=0xd4700000
       26275000	      2626	80001f70	f4498b17	auipc	x22,0xf4498	 x22=0x74499f6c
       26285000	      2627	80001f74	02026e63	bltu	x4,x0,80001fb0	  x4:0x80009f60  x0:0x00000000
       26295000	      2628	80001f78	00994e63	blt	x18,x9,80001f94	 x18:0xd72aba8e  x9:0x00045539
       26305000	      2629	00000000	00000013	addi	x0,x0,0	  x0:0x00000000
       26315000	      2630	80001f90	00000013	addi	x0,x0,0	  x0:0x00000000
       26325000	      2631	80001f94	01583bb3	sltu	x23,x16,x21	 x16:0x00000000 x21:0x1f000000 x23=0x00000001
       26335000	      2632	80001f98	01150863	beq	x10,x17,80001fa8	 x10:0xa8d070d0 x17:0x7fffe7c7
       26345000	      2633	80001f9c	01eb29b3	slt	x19,x22,x30	 x22:0x74499f6c x30:0x961880d0 x19=0x00000000
       26355000	      2634	80001fa0	00000013	addi	x0,x0,0	  x0:0x00000000
       26365000	      2635	80001fa4	012319b3	sll	x19,x6,x18	  x6:0x80001ed7 x18:0xd72aba8e x19=0x07b5c000
       26375000	      2636	80001fa8	04b01263	bne	x0,x11,80001fec	  x0:0x00000000 x11:0x7b23c2e8
       26385000	      2637	00000000	00000013	addi	x0,x0,0	  x0:0x00000000
       26395000	      2638	80001fe8	00000013	addi	x0,x0,0	  x0:0x00000000
       26405000	      2639	80001fec	e3c9ed13	ori	x26,x19,-452	 x19:0x07b5c000 x26=0xfffffe3c
       26415000	      2640	80001ff0	d950ae93	slti	x29,x1,-619	  x1:0x80001d18 x29=0x00000001
       26425000	      2641	80001ff4	04085263	bge	x16,x0,80002038	 x16:0x00000000  x0:0x00000000
       26435000	      2642	00000000	00000013	addi	x0,x0,0	  x0:0x00000000
       26445000	      2643	80002034	00000013	addi	x0,x0,0	  x0:0x00000000
       26455000	      2644	80002038	014c53b3	srl	x7,x24,x20	 x24:0xfb23e000 x20:0x80001ed7  x7=0x000001f6
       26465000	      2645	8000203c	411b0033	sub	x0,x22,x17	 x22:0x74499f6c x17:0x7fffe7c7
       26475000	      2646	80002040	eb968093	addi	x1,x13,-327	 x13:0xffffff66  x1=0xfffffe1f
       26485000	      2647	80002044	41585a33	sra	x20,x16,x21	 x16:0x00000000 x21:0x1f000000 x20=0x00000000
       26495000	      2648	80002048	7b59e817	auipc	x16,0x7b59e	 x16=0xfb5a0044
       26505000	      2649	8000204c	0130f9b3	and	x19,x1,x19	  x1:0xfffffe1f x19:0x07b5c000 x19=0x07b5c000
       26515000	      2650	80002050	00edcb33	xor	x22,x27,x14	 x27:0x28d54509 x14:0x00000001 x22=0x28d54508
       26525000	      2651	80002054	01c000ef	jal	x1,80002054	  x1=0x80002054
       26535000	      2652	00000000	00000013	addi	x0,x0,0	  x0:0x00000000
       26545000	      2653	8000206c	00000013	addi	x0,x0,0	  x0:0x00000000
       26555000	      2654	80002070	00c001ef	jal	x3,80002070	  x3=0x80002070
       26565000	      2655	00000000	00000013	addi	x0,x0,0	  x0:0x00000000
       26575000	      2656	80002078	00000013	addi	x0,x0,0	  x0:0x00000000
       26585000	      2657	8000207c	fe5ff1ef	jal	x3,8000207c	  x3=0x8000207c
       26595000	      2658	00000000	00000013	addi	x0,x0,0	  x0:0x00000000
       26605000	      2659	8000205c	00000013	addi	x0,x0,0	  x0:0x00000000
       26615000	      2660	80002060	00400a6f	jal	x20,80002060	 x20=0x80002060
       26625000	      2661	00000000	00000013	addi	x0,x0,0	  x0:0x00000000
       26635000	      2662	80002060	00000013	addi	x0,x0,0	  x0:0x00000000
       26645000	      2663	80002064	ff5ff5ef	jal	x11,80002064	 x11=0x80002064
       26655000	      2664	00000000	00000013	addi	x0,x0,0	  x0:0x00000000
       26665000	      2665	80002054	00000013	addi	x0,x0,0	  x0:0x00000000
       26675000	      2666	80002058	02c000ef	jal	x1,80002058	  x1=0x80002058
       26685000	      2667	00000000	00000013	addi	x0,x0,0	  x0:0x00000000
       26695000	      2668	80002080	00000013	addi	x0,x0,0	  x0:0x00000000
       26705000	      2669	80002084	ff1ff2ef	jal	x5,80002084	  x5=0x80002084
       26715000	      2670	00000000	00000013	addi	x0,x0,0	  x0:0x00000000
       26725000	      2671	80002070	00000013	addi	x0,x0,0	  x0:0x00000000
       26735000	      2672	80002074	fe9ff0ef	jal	x1,80002074	  x1=0x80002074
       26745000	      2673	00000000	00000013	addi	x0,x0,0	  x0:0x00000000
       26755000	      2674	80002058	00000013	addi	x0,x0,0	  x0:0x00000000
       26765000	      2675	8000205c	010000ef	jal	x1,8000205c	  x1=0x8000205c
       26775000	      2676	00000000	00000013	addi	x0,x0,0	  x0:0x00000000
       26785000	      2677	80002068	00000013	addi	x0,x0,0	  x0:0x00000000
       26795000	      2678	8000206c	00c0036f	jal	x6,8000206c	  x6=0x8000206c
       26805000	      2679	00000000	00000013	addi	x0,x0,0	  x0:0x00000000
       26815000	      2680	80002074	00000013	addi	x0,x0,0	  x0:0x00000000
       26825000	      2681	80002078	008004ef	jal	x9,80002078	  x9=0x80002078
       26835000	      2682	00000000	00000013	addi	x0,x0,0	  x0:0x00000000
       26845000	      2683	8000207c	00000013	addi	x0,x0,0	  x0:0x00000000
       26855000	      2684	80002080	0080046f	jal	x8,80002080	  x8=0x80002080
       26865000	      2685	00000000	00000013	addi	x0,x0,0	  x0:0x00000000
       26875000	      2686	80002084	00000013	addi	x0,x0,0	  x0:0x00000000
       26885000	      2687	80002088	fe1ff0ef	jal	x1,80002088	  x1=0x80002088
       26895000	      2688	00000000	00000013	addi	x0,x0,0	  x0:0x00000000
       26905000	      2689	80002064	00000013	addi	x0,x0,0	  x0:0x00000000
       26915000	      2690	80002068	024000ef	jal	x1,80002068	  x1=0x80002068
       26925000	      2691	00000000	00000013	addi	x0,x0,0	  x0:0x00000000
       26935000	      2692	80002088	00000013	addi	x0,x0,0	  x0:0x00000000
       26945000	      2693	8000208c	01bd5e93	srli	x29,x26,0x1b	 x26:0xfffffe3c x29=0x0000001f
       26955000	      2694	80002090	00a3bd33	sltu	x26,x7,x10	  x7:0x000001f6 x10:0xa8d070d0 x26=0x00000001
       26965000	      2695	80002094	01b881b3	add	x3,x17,x27	 x17:0x7fffe7c7 x27:0x28d54509  x3=0xa8d52cd0
       26975000	      2696	80002098	91be76b7	lui	x13,0x91be7	 x13=0x91be7000
       26985000	      2697	8000209c	00f07a33	and	x20,x0,x15	  x0:0x00000000 x15:0x06b955d4 x20=0x00000000
       26995000	      2698	800020a0	41b2d593	srai	x11,x5,0x1b	  x5:0x80002084 x11=0xfffffff0
       27005000	      2699	800020a4	00d605b3	add	x11,x12,x13	 x12:0x80001c68 x13:0x91be7000 x11=0x11be8c68
       27015000	      2700	800020a8	01e41513	slli	x10,x8,0x1e	  x8:0x80002080 x10=0x00000000
       27025000	      2701	800020ac	04c24063	blt	x4,x12,800020ec	  x4:0x80009f60 x12:0x80001c68
       27035000	      2702	800020b0	5fdedf37	lui	x30,0x5fded	 x30=0x5fded000
       27045000	      2703	800020b4	77c56813	ori	x16,x10,1916	 x10:0x00000000 x16=0x0000077c
       27055000	      2704	800020b8	01394497	auipc	x9,0x1394	  x9=0x813960b4
       27065000	      2705	800020bc	00f33833	sltu	x16,x6,x15	  x6:0x8000206c x15:0x06b955d4 x16=0x00000000
       27075000	      2706	800020c0	01f88733	add	x14,x17,x31	 x17:0x7fffe7c7 x31:0xd4700000 x14=0x546fe7c7
       27085000	      2707	800020c4	018d7833	and	x16,x26,x24	 x26:0x00000001 x24:0xfb23e000 x16=0x00000000
       27095000	      2708	800020c8	00dca333	slt	x6,x25,x13	 x25:0x00fb23e0 x13:0x91be7000  x6=0x00000000
       27105000	      2709	800020cc	41c6dc13	srai	x24,x13,0x1c	 x13:0x91be7000 x24=0xfffffff9
       27115000	      2710	800020d0	43a7c893	xori	x17,x15,1082	 x15:0x06b955d4 x17=0x06b951ee
       27125000	      2711	800020d4	a153b093	sltiu	x1,x7,-1515	  x7:0x000001f6  x1=0x00000001
       27135000	      2712	800020d8	9d410d93	addi	x27,x2,-1580	  x2:0x80009fc4 x27=0x80009998
       27145000	      2713	800020dc	00000013	addi	x0,x0,0	  x0:0x00000000
       27155000	      2714	800020e0	417e51b3	sra	x3,x28,x23	 x28:0x572f0120 x23:0x00000001  x3=0x2b978090
       27165000	      2715	800020e4	01f5d733	srl	x14,x11,x31	 x11:0x11be8c68 x31:0xd4700000 x14=0x11be8c68
       27175000	      2716	800020e8	003fa533	slt	x10,x31,x3	 x31:0xd4700000  x3:0x2b978090 x10=0x00000001
       27185000	      2717	800020ec	41ebd393	srai	x7,x23,0x1e	 x23:0x00000001  x7=0x00000000
       27195000	      2718	800020f0	59ad0d93	addi	x27,x26,1434	 x26:0x00000001 x27=0x0000059b
       27205000	      2719	800020f4	002115b3	sll	x11,x2,x2	  x2:0x80009fc4  x2:0x80009fc4 x11=0x0009fc40
       27215000	      2720	800020f8	00265b33	srl	x22,x12,x2	 x12:0x80001c68  x2:0x80009fc4 x22=0x080001c6
       27225000	      2721	800020fc	80746813	ori	x16,x8,-2041	  x8:0x80002080 x16=0xfffff887
       27235000	      2722	80002100	0eff7793	andi	x15,x30,239	 x30:0x5fded000 x15=0x00000000
       27245000	      2723	80002104	008237b3	sltu	x15,x4,x8	  x4:0x80009f60  x8:0x80002080 x15=0x00000000
       27255000	      2724	80002108	03cbee63	bltu	x23,x28,80002144	 x23:0x00000001 x28:0x572f0120
       27265000	      2725	00000000	00000013	addi	x0,x0,0	  x0:0x00000000
       27275000	      2726	80002140	00000013	addi	x0,x0,0	  x0:0x00000000
       27285000	      2727	80002144	00b16663	bltu	x2,x11,80002150	  x2:0x80009fc4 x11:0x0009fc40
       27295000	      2728	80002148	010b9fb3	sll	x31,x23,x16	 x23:0x00000001 x16:0xfffff887 x31=0x00000080
       27305000	      2729	8000214c	001430b3	sltu	x1,x8,x1	  x8:0x80002080  x1:0x00000001  x1=0x00000000
       27315000	      2730	80002150	8e607193	andi	x3,x0,-1818	  x0:0x00000000  x3=0x00000000
       27325000	      2731	80002154	019f9613	slli	x12,x31,0x19	 x31:0x00000080 x12=0x00000000
       27335000	      2732	80002158	011f9313	slli	x6,x31,0x11	 x31:0x00000080  x6=0x01000000
       27345000	      2733	8000215c	014183b3	add	x7,x3,x20	  x3:0x00000000 x20:0x00000000  x7=0x00000000
       27355000	      2734	80002160	016e99b3	sll	x19,x29,x22	 x29:0x0000001f x22:0x080001c6 x19=0x000007c0
       27365000	      2735	80002164	002126b3	slt	x13,x2,x2	  x2:0x80009fc4  x2:0x80009fc4 x13=0x00000000
       27375000	      2736	80002168	40c1d2b3	sra	x5,x3,x12	  x3:0x00000000 x12:0x00000000  x5=0x00000000
       27385000	      2737	8000216c	002d6ab3	or	x21,x26,x2	 x26:0x00000001  x2:0x80009fc4 x21=0x80009fc5
       27395000	      2738	80002170	00bfb4b3	sltu	x9,x31,x11	 x31:0x00000080 x11:0x0009fc40  x9=0x00000001
       27405000	      2739	80002174	035e7063	bgeu	x28,x21,80002194	 x28:0x572f0120 x21:0x80009fc5
       27415000	      2740	80002178	00ee1713	slli	x14,x28,0xe	 x28:0x572f0120 x14=0xc0480000
       27425000	      2741	8000217c	00657b33	and	x22,x10,x6	 x10:0x00000001  x6:0x01000000 x22=0x00000000
       27435000	      2742	80002180	013a9f93	slli	x31,x21,0x13	 x21:0x80009fc5 x31=0xfe280000
       27445000	      2743	80002184	b3958593	addi	x11,x11,-1223	 x11:0x0009fc40 x11=0x0009f779
       27455000	      2744	80002188	00cffb33	and	x22,x31,x12	 x31:0xfe280000 x12:0x00000000 x22=0x00000000
       27465000	      2745	8000218c	40700bb3	sub	x23,x0,x7	  x0:0x00000000  x7:0x00000000 x23=0x00000000
       27475000	      2746	80002190	4156d7b3	sra	x15,x13,x21	 x13:0x00000000 x21:0x80009fc5 x15=0x00000000
       27485000	      2747	80002194	10ae4f13	xori	x30,x28,266	 x28:0x572f0120 x30=0x572f002a
       27495000	      2748	80002198	4a70b717	auipc	x14,0x4a70b	 x14=0xca70d194
       27505000	      2749	8000219c	34ed8db7	lui	x27,0x34ed8	 x27=0x34ed8000
       27515000	      2750	800021a0	02489863	bne	x17,x4,800021d0	 x17:0x06b951ee  x4:0x80009f60
       27525000	      2751	00000000	00000013	addi	x0,x0,0	  x0:0x00000000
       27535000	      2752	800021cc	00000013	addi	x0,x0,0	  x0:0x00000000
       27545000	      2753	800021d0	0151f7b3	and	x15,x3,x21	  x3:0x00000000 x21:0x80009fc5 x15=0x00000000
       27555000	      2754	800021d4	04bd7463	bgeu	x26,x11,8000221c	 x26:0x00000001 x11:0x0009f779
       27565000	      2755	800021d8	007da8b3	slt	x17,x27,x7	 x27:0x34ed8000  x7:0x00000000 x17=0x00000000
       27575000	      2756	800021dc	40f9d333	sra	x6,x19,x15	 x19:0x000007c0 x15:0x00000000  x6=0x000007c0
       27585000	      2757	800021e0	01d85a13	srli	x20,x16,0x1d	 x16:0xfffff887 x20=0x00000007
       27595000	      2758	800021e4	4101dd93	srai	x27,x3,0x10	  x3:0x00000000 x27=0x00000000
       27605000	      2759	800021e8	b6e3ee93	ori	x29,x7,-1170	  x7:0x00000000 x29=0xfffffb6e
       27615000	      2760	800021ec	004362b3	or	x5,x6,x4	  x6:0x000007c0  x4:0x80009f60  x5=0x80009fe0
       27625000	      2761	800021f0	00cb41b3	xor	x3,x22,x12	 x22:0x00000000 x12:0x00000000  x3=0x00000000
       27635000	      2762	800021f4	41450bb3	sub	x23,x10,x20	 x10:0x00000001 x20:0x00000007 x23=0xfffffffa
       27645000	      2763	800021f8	e10aff13	andi	x30,x21,-496	 x21:0x80009fc5 x30=0x80009e00
       27655000	      2764	800021fc	90d9a593	slti	x11,x19,-1779	 x19:0x000007c0 x11=0x00000000
       27665000	      2765	80002200	0095de63	bge	x11,x9,8000221c	 x11:0x00000000  x9:0x00000001
       27675000	      2766	80002204	01fad6b3	srl	x13,x21,x31	 x21:0x80009fc5 x31:0xfe280000 x13=0x80009fc5
       27685000	      2767	80002208	7b327293	andi	x5,x4,1971	  x4:0x80009f60  x5=0x00000720
       27695000	      2768	8000220c	00de1613	slli	x12,x28,0xd	 x28:0x572f0120 x12=0xe0240000
       27705000	      2769	80002210	082c4e63	blt	x24,x2,800022ac	 x24:0xfffffff9  x2:0x80009fc4
       27715000	      2770	80002214	004769b3	or	x19,x14,x4	 x14:0xca70d194  x4:0x80009f60 x19=0xca70dff4
       27725000	      2771	80002218	003fa5b3	slt	x11,x31,x3	 x31:0xfe280000  x3:0x00000000 x11=0x00000001
       27735000	      2772	8000221c	94e24813	xori	x16,x4,-1714	  x4:0x80009f60 x16=0x7fff662e
       27745000	      2773	80002220	08d4c263	blt	x9,x13,800022a4	  x9:0x00000001 x13:0x80009fc5
       27755000	      2774	80002224	01e89c93	slli	x25,x17,0x1e	 x17:0x00000000 x25=0x00000000
       27765000	      2775	80002228	0ff58c63	beq	x11,x31,80002320	 x11:0x00000001 x31:0xfe280000
       27775000	      2776	8000222c	41f85a33	sra	x20,x16,x31	 x16:0x7fff662e x31:0xfe280000 x20=0x7fff662e
       27785000	      2777	80002230	004000ef	jal	x1,80002230	  x1=0x80002230
       27795000	      2778	00000000	00000013	addi	x0,x0,0	  x0:0x00000000
       27805000	      2779	80002230	00000013	addi	x0,x0,0	  x0:0x00000000
       27815000	      2780	80002234	030000ef	jal	x1,80002234	  x1=0x80002234
       27825000	      2781	00000000	00000013	addi	x0,x0,0	  x0:0x00000000
       27835000	      2782	80002260	00000013	addi	x0,x0,0	  x0:0x00000000
       27845000	      2783	80002264	00c000ef	jal	x1,80002264	  x1=0x80002264
       27855000	      2784	00000000	00000013	addi	x0,x0,0	  x0:0x00000000
       27865000	      2785	8000226c	00000013	addi	x0,x0,0	  x0:0x00000000
       27875000	      2786	80002270	fddff0ef	jal	x1,80002270	  x1=0x80002270
       27885000	      2787	00000000	00000013	addi	x0,x0,0	  x0:0x00000000
       27895000	      2788	80002248	00000013	addi	x0,x0,0	  x0:0x00000000
       27905000	      2789	8000224c	01c0036f	jal	x6,8000224c	  x6=0x8000224c
       27915000	      2790	00000000	00000013	addi	x0,x0,0	  x0:0x00000000
       27925000	      2791	80002264	00000013	addi	x0,x0,0	  x0:0x00000000
       27935000	      2792	80002268	fe1ff0ef	jal	x1,80002268	  x1=0x80002268
       27945000	      2793	00000000	00000013	addi	x0,x0,0	  x0:0x00000000
       27955000	      2794	80002244	00000013	addi	x0,x0,0	  x0:0x00000000
       27965000	      2795	80002248	040000ef	jal	x1,80002248	  x1=0x80002248
       27975000	      2796	00000000	00000013	addi	x0,x0,0	  x0:0x00000000
       27985000	      2797	80002284	00000013	addi	x0,x0,0	  x0:0x00000000
       27995000	      2798	80002288	004000ef	jal	x1,80002288	  x1=0x80002288
       28005000	      2799	00000000	00000013	addi	x0,x0,0	  x0:0x00000000
       28015000	      2800	80002288	00000013	addi	x0,x0,0	  x0:0x00000000
       28025000	      2801	8000228c	fc5ff36f	jal	x6,8000228c	  x6=0x8000228c
       28035000	      2802	00000000	00000013	addi	x0,x0,0	  x0:0x00000000
       28045000	      2803	8000224c	00000013	addi	x0,x0,0	  x0:0x00000000
       28055000	      2804	80002250	03400eef	jal	x29,80002250	 x29=0x80002250
       28065000	      2805	00000000	00000013	addi	x0,x0,0	  x0:0x00000000
       28075000	      2806	80002280	00000013	addi	x0,x0,0	  x0:0x00000000
       28085000	      2807	80002284	fd5ff36f	jal	x6,80002284	  x6=0x80002284
       28095000	      2808	00000000	00000013	addi	x0,x0,0	  x0:0x00000000
       28105000	      2809	80002254	00000013	addi	x0,x0,0	  x0:0x00000000
       28115000	      2810	80002258	024000ef	jal	x1,80002258	  x1=0x80002258
       28125000	      2811	00000000	00000013	addi	x0,x0,0	  x0:0x00000000
       28135000	      2812	80002278	00000013	addi	x0,x0,0	  x0:0x00000000
       28145000	      2813	8000227c	ffdff0ef	jal	x1,8000227c	  x1=0x8000227c
       28155000	      2814	00000000	00000013	addi	x0,x0,0	  x0:0x00000000
       28165000	      2815	80002274	00000013	addi	x0,x0,0	  x0:0x00000000
       28175000	      2816	80002278	fc5ff0ef	jal	x1,80002278	  x1=0x80002278
       28185000	      2817	00000000	00000013	addi	x0,x0,0	  x0:0x00000000
       28195000	      2818	80002238	00000013	addi	x0,x0,0	  x0:0x00000000
       28205000	      2819	8000223c	044000ef	jal	x1,8000223c	  x1=0x8000223c
       28215000	      2820	00000000	00000013	addi	x0,x0,0	  x0:0x00000000
       28225000	      2821	8000227c	00000013	addi	x0,x0,0	  x0:0x00000000
       28235000	      2822	80002280	fc5ffeef	jal	x29,80002280	 x29=0x80002280
       28245000	      2823	00000000	00000013	addi	x0,x0,0	  x0:0x00000000
       28255000	      2824	80002240	00000013	addi	x0,x0,0	  x0:0x00000000
       28265000	      2825	80002244	01c005ef	jal	x11,80002244	 x11=0x80002244
       28275000	      2826	00000000	00000013	addi	x0,x0,0	  x0:0x00000000
       28285000	      2827	8000225c	00000013	addi	x0,x0,0	  x0:0x00000000
       28295000	      2828	80002260	fd9ff36f	jal	x6,80002260	  x6=0x80002260
       28305000	      2829	00000000	00000013	addi	x0,x0,0	  x0:0x00000000
       28315000	      2830	80002234	00000013	addi	x0,x0,0	  x0:0x00000000
       28325000	      2831	80002238	03400a6f	jal	x20,80002238	 x20=0x80002238
       28335000	      2832	00000000	00000013	addi	x0,x0,0	  x0:0x00000000
       28345000	      2833	80002268	00000013	addi	x0,x0,0	  x0:0x00000000
       28355000	      2834	8000226c	008000ef	jal	x1,8000226c	  x1=0x8000226c
       28365000	      2835	00000000	00000013	addi	x0,x0,0	  x0:0x00000000
       28375000	      2836	80002270	00000013	addi	x0,x0,0	  x0:0x00000000
       28385000	      2837	80002274	fcdff0ef	jal	x1,80002274	  x1=0x80002274
       28395000	      2838	00000000	00000013	addi	x0,x0,0	  x0:0x00000000
       28405000	      2839	8000223c	00000013	addi	x0,x0,0	  x0:0x00000000
       28415000	      2840	80002240	01c000ef	jal	x1,80002240	  x1=0x80002240
       28425000	      2841	00000000	00000013	addi	x0,x0,0	  x0:0x00000000
       28435000	      2842	80002258	00000013	addi	x0,x0,0	  x0:0x00000000
       28445000	      2843	8000225c	ff9ff0ef	jal	x1,8000225c	  x1=0x8000225c
       28455000	      2844	00000000	00000013	addi	x0,x0,0	  x0:0x00000000
       28465000	      2845	80002250	00000013	addi	x0,x0,0	  x0:0x00000000
       28475000	      2846	80002254	03c000ef	jal	x1,80002254	  x1=0x80002254
       28485000	      2847	00000000	00000013	addi	x0,x0,0	  x0:0x00000000
       28495000	      2848	8000228c	00000013	addi	x0,x0,0	  x0:0x00000000
       28505000	      2849	80002290	53fc8d13	addi	x26,x25,1343	 x25:0x00000000 x26=0x0000053f
       28515000	      2850	80002294	00d11293	slli	x5,x2,0xd	  x2:0x80009fc4  x5=0x13f88000
       28525000	      2851	80002298	00124eb3	xor	x29,x4,x1	  x4:0x80009f60  x1:0x80002254 x29=0x0000bd34
       28535000	      2852	8000229c	0a7d4a63	blt	x26,x7,80002350	 x26:0x0000053f  x7:0x00000000
       28545000	      2853	800022a0	97a3ab93	slti	x23,x7,-1670	  x7:0x00000000 x23=0x00000000
       28555000	      2854	800022a4	4040d693	srai	x13,x1,0x4	  x1:0x80002254 x13=0xf8000225
       28565000	      2855	800022a8	007b0033	add	x0,x22,x7	 x22:0x00000000  x7:0x00000000
       28575000	      2856	800022ac	159e8c13	addi	x24,x29,345	 x29:0x0000bd34 x24=0x0000be8d
       28585000	      2857	800022b0	08f29c63	bne	x5,x15,80002348	  x5:0x13f88000 x15:0x00000000
       28595000	      2858	00000000	00000013	addi	x0,x0,0	  x0:0x00000000
       28605000	      2859	80002344	00000013	addi	x0,x0,0	  x0:0x00000000
       28615000	      2860	80002348	40c85cb3	sra	x25,x16,x12	 x16:0x7fff662e x12:0xe0240000 x25=0x7fff662e
       28625000	      2861	8000234c	00a55c93	srli	x25,x10,0xa	 x10:0x00000001 x25=0x00000000
       28635000	      2862	80002350	ac42c613	xori	x12,x5,-1340	  x5:0x13f88000 x12=0xec077ac4
       28645000	      2863	80002354	522a7c93	andi	x25,x20,1314	 x20:0x80002238 x25=0x00000020
       28655000	      2864	80002358	00000013	addi	x0,x0,0	  x0:0x00000000
       28665000	      2865	8000235c	019a69b3	or	x19,x20,x25	 x20:0x80002238 x25:0x00000020 x19=0x80002238
       28675000	      2866	80002360	02eafa63	bgeu	x21,x14,80002394	 x21:0x80009fc5 x14:0xca70d194
       28685000	      2867	80002364	01bf5f93	srli	x31,x30,0x1b	 x30:0x80009e00 x31=0x00000010
       28695000	      2868	80002368	4a033693	sltiu	x13,x6,1184	  x6:0x80002260 x13=0x00000000
       28705000	      2869	8000236c	0292d463	bge	x5,x9,80002394	  x5:0x13f88000  x9:0x00000001
       28715000	      2870	00000000	00000013	addi	x0,x0,0	  x0:0x00000000
       28725000	      2871	80002390	00000013	addi	x0,x0,0	  x0:0x00000000
       28735000	      2872	80002394	8c990713	addi	x14,x18,-1847	 x18:0xd72aba8e x14=0xd72ab357
       28745000	      2873	80002398	66a74837	lui	x16,0x66a74	 x16=0x66a74000
       28755000	      2874	8000239c	84cde693	ori	x13,x27,-1972	 x27:0x00000000 x13=0xfffff84c
       28765000	      2875	800023a0	004cb6b3	sltu	x13,x25,x4	 x25:0x00000020  x4:0x80009f60 x13=0x00000001
       28775000	      2876	800023a4	6b4df893	andi	x17,x27,1716	 x27:0x00000000 x17=0x00000000
       28785000	      2877	800023a8	40300f33	sub	x30,x0,x3	  x0:0x00000000  x3:0x00000000 x30=0x00000000
       28795000	      2878	800023ac	018bba33	sltu	x20,x23,x24	 x23:0x00000000 x24:0x0000be8d x20=0x00000001
       28805000	      2879	800023b0	0114e1b3	or	x3,x9,x17	  x9:0x00000001 x17:0x00000000  x3=0x00000001
       28815000	      2880	800023b4	000dbc33	sltu	x24,x27,x0	 x27:0x00000000  x0:0x00000000 x24=0x00000000
       28825000	      2881	800023b8	006bfe63	bgeu	x23,x6,800023d4	 x23:0x00000000  x6:0x80002260
       28835000	      2882	800023bc	d3236b93	ori	x23,x6,-718	  x6:0x80002260 x23=0xffffff72
       28845000	      2883	800023c0	4146db93	srai	x23,x13,0x14	 x13:0x00000001 x23=0x00000000
       28855000	      2884	800023c4	00ee41b3	xor	x3,x28,x14	 x28:0x572f0120 x14:0xd72ab357  x3=0x8005b277
       28865000	      2885	800023c8	282b3c97	auipc	x25,0x282b3	 x25=0xa82b53c4
       28875000	      2886	800023cc	04dc1263	bne	x24,x13,80002410	 x24:0x00000000 x13:0x00000001
       28885000	      2887	00000000	00000013	addi	x0,x0,0	  x0:0x00000000
       28895000	      2888	8000240c	00000013	addi	x0,x0,0	  x0:0x00000000
       28905000	      2889	80002410	4035d013	srai	x0,x11,0x3	 x11:0x80002244
       28915000	      2890	80002414	00d08ab3	add	x21,x1,x13	  x1:0x80002254 x13:0x00000001 x21=0x80002255
       28925000	      2891	80002418	5a5b7813	andi	x16,x22,1445	 x22:0x00000000 x16=0x00000000
       28935000	      2892	8000241c	031a5e63	bge	x20,x17,80002458	 x20:0x00000001 x17:0x00000000
       28945000	      2893	00000000	00000013	addi	x0,x0,0	  x0:0x00000000
       28955000	      2894	80002454	00000013	addi	x0,x0,0	  x0:0x00000000
       28965000	      2895	80002458	52d7ee97	auipc	x29,0x52d7e	 x29=0xd2d80454
       28975000	      2896	8000245c	00000013	addi	x0,x0,0	  x0:0x00000000
       28985000	      2897	80002460	5804c797	auipc	x15,0x5804c	 x15=0xd804e45c
       28995000	      2898	80002464	414054b3	sra	x9,x0,x20	  x0:0x00000000 x20:0x00000001  x9=0x00000000
       29005000	      2899	80002468	006e6833	or	x16,x28,x6	 x28:0x572f0120  x6:0x80002260 x16=0xd72f2360
       29015000	      2900	8000246c	01c8d8b3	srl	x17,x17,x28	 x17:0x00000000 x28:0x572f0120 x17=0x00000000
       29025000	      2901	80002470	2440f1b7	lui	x3,0x2440f	  x3=0x2440f000
       29035000	      2902	80002474	01926cb3	or	x25,x4,x25	  x4:0x80009f60 x25:0xa82b53c4 x25=0xa82bdfe4
       29045000	      2903	80002478	4c7c4313	xori	x6,x24,1223	 x24:0x00000000  x6=0x000004c7
       29055000	      2904	8000247c	40725a13	srai	x20,x4,0x7	  x4:0x80009f60 x20=0xff00013e
       29065000	      2905	80002480	00ce2033	slt	x0,x28,x12	 x28:0x572f0120 x12:0xec077ac4
       29075000	      2906	80002484	03a64e63	blt	x12,x26,800024c0	 x12:0xec077ac4 x26:0x0000053f
       29085000	      2907	00000000	00000013	addi	x0,x0,0	  x0:0x00000000
       29095000	      2908	800024bc	00000013	addi	x0,x0,0	  x0:0x00000000
       29105000	      2909	800024c0	00815833	srl	x16,x2,x8	  x2:0x80009fc4  x8:0x80002080 x16=0x80009fc4
       29115000	      2910	800024c4	7e0be313	ori	x6,x23,2016	 x23:0x00000000  x6=0x000007e0
       29125000	      2911	800024c8	005dd263	bge	x27,x5,800024cc	 x27:0x00000000  x5:0x13f88000
       29135000	      2912	800024cc	01e69a33	sll	x20,x13,x30	 x13:0x00000001 x30:0x00000000 x20=0x00000001
       29145000	      2913	800024d0	64e00813	addi	x16,x0,1614	  x0:0x00000000 x16=0x0000064e
       29155000	      2914	800024d4	c31fc993	xori	x19,x31,-975	 x31:0x00000010 x19=0xfffffc21
       29165000	      2915	800024d8	b0196e93	ori	x29,x18,-1279	 x18:0xd72aba8e x29=0xfffffb8f
       29175000	      2916	800024dc	41f18633	sub	x12,x3,x31	  x3:0x2440f000 x31:0x00000010 x12=0x2440eff0
       29185000	      2917	800024e0	00ea2b33	slt	x22,x20,x14	 x20:0x00000001 x14:0xd72ab357 x22=0x00000000
       29195000	      2918	800024e4	01b4fcb3	and	x25,x9,x27	  x9:0x00000000 x27:0x00000000 x25=0x00000000
       29205000	      2919	800024e8	02c8f463	bgeu	x17,x12,80002510	 x17:0x00000000 x12:0x2440eff0
       29215000	      2920	800024ec	0197bf33	sltu	x30,x15,x25	 x15:0xd804e45c x25:0x00000000 x30=0x00000000
       29225000	      2921	800024f0	01dd4fb3	xor	x31,x26,x29	 x26:0x0000053f x29:0xfffffb8f x31=0xfffffeb0
       29235000	      2922	800024f4	9bd1f193	andi	x3,x3,-1603	  x3:0x2440f000  x3=0x2440f000
       29245000	      2923	800024f8	881b29b7	lui	x19,0x881b2	 x19=0x881b2000
       29255000	      2924	800024fc	00000013	addi	x0,x0,0	  x0:0x00000000
       29265000	      2925	80002500	3d7cea13	ori	x20,x25,983	 x25:0x00000000 x20=0x000003d7
       29275000	      2926	80002504	01186e63	bltu	x16,x17,80002520	 x16:0x0000064e x17:0x00000000
       29285000	      2927	80002508	042bf263	bgeu	x23,x2,8000254c	 x23:0x00000000  x2:0x80009fc4
       29295000	      2928	8000250c	416b59b3	sra	x19,x22,x22	 x22:0x00000000 x22:0x00000000 x19=0x00000000
       29305000	      2929	80002510	412bd1b3	sra	x3,x23,x18	 x23:0x00000000 x18:0xd72aba8e  x3=0x00000000
       29315000	      2930	80002514	00b41393	slli	x7,x8,0xb	  x8:0x80002080  x7=0x01040000
       29325000	      2931	80002518	031cc063	blt	x25,x17,80002538	 x25:0x00000000 x17:0x00000000
       29335000	      2932	8000251c	004c7033	and	x0,x24,x4	 x24:0x00000000  x4:0x80009f60
       29345000	      2933	80002520	014e1cb3	sll	x25,x28,x20	 x28:0x572f0120 x20:0x000003d7 x25=0x90000000
       29355000	      2934	80002524	0143f7b3	and	x15,x7,x20	  x7:0x01040000 x20:0x000003d7 x15=0x00000000
       29365000	      2935	80002528	008130b3	sltu	x1,x2,x8	  x2:0x80009fc4  x8:0x80002080  x1=0x00000000
       29375000	      2936	8000252c	030ee863	bltu	x29,x16,8000255c	 x29:0xfffffb8f x16:0x0000064e
       29385000	      2937	80002530	007a31b3	sltu	x3,x20,x7	 x20:0x000003d7  x7:0x01040000  x3=0x00000001
       29395000	      2938	80002534	bd4baf13	slti	x30,x23,-1068	 x23:0x00000000 x30=0x00000000
       29405000	      2939	80002538	ff8f3893	sltiu	x17,x30,-8	 x30:0x00000000 x17=0x00000001
       29415000	      2940	8000253c	03249863	bne	x9,x18,8000256c	  x9:0x00000000 x18:0xd72aba8e
       29425000	      2941	00000000	00000013	addi	x0,x0,0	  x0:0x00000000
       29435000	      2942	80002568	00000013	addi	x0,x0,0	  x0:0x00000000
       29445000	      2943	8000256c	093f1f37	lui	x30,0x93f1	 x30=0x093f1000
       29455000	      2944	80002570	02476c63	bltu	x14,x4,800025a8	 x14:0xd72ab357  x4:0x80009f60
       29465000	      2945	80002574	acad3697	auipc	x13,0xacad3	 x13=0x2cad5570
       29475000	      2946	80002578	7ab9b993	sltiu	x19,x19,1963	 x19:0x00000000 x19=0x00000001
       29485000	      2947	8000257c	02045e63	bge	x8,x0,800025b8	  x8:0x80002080  x0:0x00000000
       29495000	      2948	80002580	e721be13	sltiu	x28,x3,-398	  x3:0x00000001 x28=0x00000001
       29505000	      2949	80002584	40c65c33	sra	x24,x12,x12	 x12:0x2440eff0 x12:0x2440eff0 x24=0x00002440
       29515000	      2950	80002588	01309013	slli	x0,x1,0x13	  x1:0x00000000
       29525000	      2951	8000258c	0c518a13	addi	x20,x3,197	  x3:0x00000001 x20=0x000000c6
       29535000	      2952	80002590	27f0e613	ori	x12,x1,639	  x1:0x00000000 x12=0x0000027f
       29545000	      2953	80002594	03746c63	bltu	x8,x23,800025cc	  x8:0x80002080 x23:0x00000000
       29555000	      2954	80002598	0059eeb3	or	x29,x19,x5	 x19:0x00000001  x5:0x13f88000 x29=0x13f88001
       29565000	      2955	8000259c	400adc33	sra	x24,x21,x0	 x21:0x80002255  x0:0x00000000 x24=0x80002255
       29575000	      2956	800025a0	022a1463	bne	x20,x2,800025c8	 x20:0x000000c6  x2:0x80009fc4
       29585000	      2957	00000000	00000013	addi	x0,x0,0	  x0:0x00000000
       29595000	      2958	800025c4	00000013	addi	x0,x0,0	  x0:0x00000000
       29605000	      2959	800025c8	38726c13	ori	x24,x4,903	  x4:0x80009f60 x24=0x80009fe7
       29615000	      2960	800025cc	001eae33	slt	x28,x29,x1	 x29:0x13f88001  x1:0x00000000 x28=0x00000000
       29625000	      2961	800025d0	086f4293	xori	x5,x30,134	 x30:0x093f1000  x5=0x093f1086
       29635000	      2962	800025d4	414c8433	sub	x8,x25,x20	 x25:0x90000000 x20:0x000000c6  x8=0x8fffff3a
       29645000	      2963	800025d8	01cc5f13	srli	x30,x24,0x1c	 x24:0x80009fe7 x30=0x00000008
       29655000	      2964	800025dc	01a6de63	bge	x13,x26,800025f8	 x13:0x2cad5570 x26:0x0000053f
       29665000	      2965	00000000	00000013	addi	x0,x0,0	  x0:0x00000000
       29675000	      2966	800025f4	00000013	addi	x0,x0,0	  x0:0x00000000
       29685000	      2967	800025f8	00000013	addi	x0,x0,0	  x0:0x00000000
       29695000	      2968	800025fc	00000013	addi	x0,x0,0	  x0:0x00000000
       29705000	      2969	80002600	00f70b33	add	x22,x14,x15	 x14:0xd72ab357 x15:0x00000000 x22=0xd72ab357
       29715000	      2970	80002604	b4ee0c93	addi	x25,x28,-1202	 x28:0x00000000 x25=0xfffffb4e
       29725000	      2971	80002608	9914a197	auipc	x3,0x9914a	  x3=0x1914c604
       29735000	      2972	8000260c	005a3f33	sltu	x30,x20,x5	 x20:0x000000c6  x5:0x093f1086 x30=0x00000001
       29745000	      2973	80002610	00a663b3	or	x7,x12,x10	 x12:0x0000027f x10:0x00000001  x7=0x0000027f
       29755000	      2974	80002614	419adab3	sra	x21,x21,x25	 x21:0x80002255 x25:0xfffffb4e x21=0xfffe0000
       29765000	      2975	80002618	00a25313	srli	x6,x4,0xa	  x4:0x80009f60  x6=0x00200027
       29775000	      2976	8000261c	015837b3	sltu	x15,x16,x21	 x16:0x0000064e x21:0xfffe0000 x15=0x00000001
       29785000	      2977	80002620	41b30ab3	sub	x21,x6,x27	  x6:0x00200027 x27:0x00000000 x21=0x00200027
       29795000	      2978	80002624	4168da13	srai	x20,x17,0x16	 x17:0x00000001 x20=0x00000000
       29805000	      2979	80002628	41deddb3	sra	x27,x29,x29	 x29:0x13f88001 x29:0x13f88001 x27=0x09fc4000
       29815000	      2980	8000262c	055f4263	blt	x30,x21,80002670	 x30:0x00000001 x21:0x00200027
       29825000	      2981	00000000	00000013	addi	x0,x0,0	  x0:0x00000000
       29835000	      2982	8000266c	00000013	addi	x0,x0,0	  x0:0x00000000
       29845000	      2983	80002670	7fc59c97	auipc	x25,0x7fc59	 x25=0xffc5b66c
       29855000	      2984	80002674	01f584b3	add	x9,x11,x31	 x11:0x80002244 x31:0xfffffeb0  x9=0x800020f4
       29865000	      2985	80002678	2e6c3c13	sltiu	x24,x24,742	 x24:0x80009fe7 x24=0x00000000
       29875000	      2986	8000267c	01f04db3	xor	x27,x0,x31	  x0:0x00000000 x31:0xfffffeb0 x27=0xfffffeb0
       29885000	      2987	80002680	015fda93	srli	x21,x31,0x15	 x31:0xfffffeb0 x21=0x000007ff
       29895000	      2988	80002684	02b0c663	blt	x1,x11,800026b0	  x1:0x00000000 x11:0x80002244
       29905000	      2989	80002688	4075df13	srai	x30,x11,0x7	 x11:0x80002244 x30=0xff000044
       29915000	      2990	8000268c	007c5fb3	srl	x31,x24,x7	 x24:0x00000000  x7:0x0000027f x31=0x00000000
       29925000	      2991	80002690	d85e6093	ori	x1,x28,-635	 x28:0x00000000  x1=0xfffffd85
       29935000	      2992	80002694	ebfc0f13	addi	x30,x24,-321	 x24:0x00000000 x30=0xfffffebf
       29945000	      2993	80002698	009c1e13	slli	x28,x24,0x9	 x24:0x00000000 x28=0x00000000
       29955000	      2994	8000269c	02cbe463	bltu	x23,x12,800026c4	 x23:0x00000000 x12:0x0000027f
       29965000	      2995	00000000	00000013	addi	x0,x0,0	  x0:0x00000000
       29975000	      2996	800026c0	00000013	addi	x0,x0,0	  x0:0x00000000
       29985000	      2997	800026c4	01f97e63	bgeu	x18,x31,800026e0	 x18:0xd72aba8e x31:0x00000000
       29995000	      2998	00000000	00000013	addi	x0,x0,0	  x0:0x00000000
       30005000	      2999	800026dc	00000013	addi	x0,x0,0	  x0:0x00000000
       30015000	      3000	800026e0	032f9e63	bne	x31,x18,8000271c	 x31:0x00000000 x18:0xd72aba8e
       30025000	      3001	00000000	00000013	addi	x0,x0,0	  x0:0x00000000
       30035000	      3002	80002718	00000013	addi	x0,x0,0	  x0:0x00000000
       30045000	      3003	8000271c	c41a8e13	addi	x28,x21,-959	 x21:0x000007ff x28=0x00000440
       30055000	      3004	80002720	406f5f13	srai	x30,x30,0x6	 x30:0xfffffebf x30=0xfffffffa
       30065000	      3005	80002724	411b8a33	sub	x20,x23,x17	 x23:0x00000000 x17:0x00000001 x20=0xffffffff
       30075000	      3006	80002728	ec15ac93	slti	x25,x11,-319	 x11:0x80002244 x25=0x00000001
       30085000	      3007	8000272c	03637e63	bgeu	x6,x22,80002768	  x6:0x00200027 x22:0xd72ab357
       30095000	      3008	80002730	008a4bb3	xor	x23,x20,x8	 x20:0xffffffff  x8:0x8fffff3a x23=0x700000c5
       30105000	      3009	80002734	ba37bf93	sltiu	x31,x15,-1117	 x15:0x00000001 x31=0x00000001
       30115000	      3010	80002738	411788b3	sub	x17,x15,x17	 x15:0x00000001 x17:0x00000001 x17=0x00000000
       30125000	      3011	8000273c	01e5ce63	blt	x11,x30,80002758	 x11:0x80002244 x30:0xfffffffa
       30135000	      3012	00000000	00000013	addi	x0,x0,0	  x0:0x00000000
       30145000	      3013	80002754	00000013	addi	x0,x0,0	  x0:0x00000000
       30155000	      3014	80002758	9a10f017	auipc	x0,0x9a10f	
       30165000	      3015	8000275c	00c49db3	sll	x27,x9,x12	  x9:0x800020f4 x12:0x0000027f x27=0x00000000
       30175000	      3016	80002760	01616a33	or	x20,x2,x22	  x2:0x80009fc4 x22:0xd72ab357 x20=0xd72abfd7
       30185000	      3017	80002764	058ef463	bgeu	x29,x24,800027ac	 x29:0x13f88001 x24:0x00000000
       30195000	      3018	00000000	00000013	addi	x0,x0,0	  x0:0x00000000
       30205000	      3019	800027a8	00000013	addi	x0,x0,0	  x0:0x00000000
       30215000	      3020	800027ac	8a794513	xori	x10,x18,-1881	 x18:0xd72aba8e x10=0x28d54229
       30225000	      3021	800027b0	014a3eb3	sltu	x29,x20,x20	 x20:0xd72abfd7 x20:0xd72abfd7 x29=0x00000000
       30235000	      3022	800027b4	00000013	addi	x0,x0,0	  x0:0x00000000
       30245000	      3023	800027b8	0d8e7493	andi	x9,x28,216	 x28:0x00000440  x9=0x00000040
       30255000	      3024	800027bc	56a30313	addi	x6,x6,1386	  x6:0x00200027  x6=0x00200591
       30265000	      3025	800027c0	0291e063	bltu	x3,x9,800027e0	  x3:0x1914c604  x9:0x00000040
       30275000	      3026	800027c4	41b581b3	sub	x3,x11,x27	 x11:0x80002244 x27:0x00000000  x3=0x80002244
       30285000	      3027	800027c8	5e94bb13	sltiu	x22,x9,1513	  x9:0x00000040 x22=0x00000001
       30295000	      3028	800027cc	000bc863	blt	x23,x0,800027dc	 x23:0x700000c5  x0:0x00000000
       30305000	      3029	800027d0	403c08b3	sub	x17,x24,x3	 x24:0x00000000  x3:0x80002244 x17=0x7fffddbc
       30315000	      3030	800027d4	00e18e63	beq	x3,x14,800027f0	  x3:0x80002244 x14:0xd72ab357
       30325000	      3031	800027d8	40530c33	sub	x24,x6,x5	  x6:0x00200591  x5:0x093f1086 x24=0xf6e0f50b
       30335000	      3032	800027dc	04b95463	bge	x18,x11,80002824	 x18:0xd72aba8e x11:0x80002244
       30345000	      3033	00000000	00000013	addi	x0,x0,0	  x0:0x00000000
       30355000	      3034	80002820	00000013	addi	x0,x0,0	  x0:0x00000000
       30365000	      3035	80002824	0106d513	srli	x10,x13,0x10	 x13:0x2cad5570 x10=0x00002cad
       30375000	      3036	80002828	020af863	bgeu	x21,x0,80002858	 x21:0x000007ff  x0:0x00000000
       30385000	      3037	00000000	00000013	addi	x0,x0,0	  x0:0x00000000
       30395000	      3038	80002854	00000013	addi	x0,x0,0	  x0:0x00000000
       30405000	      3039	80002858	017d0863	beq	x26,x23,80002868	 x26:0x0000053f x23:0x700000c5
       30415000	      3040	8000285c	02a40663	beq	x8,x10,80002888	  x8:0x8fffff3a x10:0x00002cad
       30425000	      3041	80002860	01bc89b3	add	x19,x25,x27	 x25:0x00000001 x27:0x00000000 x19=0x00000001
       30435000	      3042	80002864	2a75ea93	ori	x21,x11,679	 x11:0x80002244 x21=0x800022e7
       30445000	      3043	80002868	00169733	sll	x14,x13,x1	 x13:0x2cad5570  x1:0xfffffd85 x14=0x95aaae00
       30455000	      3044	8000286c	02f31e63	bne	x6,x15,800028a8	  x6:0x00200591 x15:0x00000001
       30465000	      3045	00000000	00000013	addi	x0,x0,0	  x0:0x00000000
       30475000	      3046	800028a4	00000013	addi	x0,x0,0	  x0:0x00000000
       30485000	      3047	800028a8	00998e63	beq	x19,x9,800028c4	 x19:0x00000001  x9:0x00000040
       30495000	      3048	800028ac	01d5a533	slt	x10,x11,x29	 x11:0x80002244 x29:0x00000000 x10=0x00000001
       30505000	      3049	800028b0	403d3c37	lui	x24,0x403d3	 x24=0x403d3000
       30515000	      3050	800028b4	88a39537	lui	x10,0x88a39	 x10=0x88a39000
       30525000	      3051	800028b8	01732cb3	slt	x25,x6,x23	  x6:0x00200591 x23:0x700000c5 x25=0x00000001
       30535000	      3052	800028bc	05a70263	beq	x14,x26,80002900	 x14:0x95aaae00 x26:0x0000053f
       30545000	      3053	800028c0	014d0db3	add	x27,x26,x20	 x26:0x0000053f x20:0xd72abfd7 x27=0xd72ac516
       30555000	      3054	800028c4	00000013	addi	x0,x0,0	  x0:0x00000000
       30565000	      3055	800028c8	01e48433	add	x8,x9,x30	  x9:0x00000040 x30:0xfffffffa  x8=0x0000003a
       30575000	      3056	800028cc	037d1e63	bne	x26,x23,80002908	 x26:0x0000053f x23:0x700000c5
       30585000	      3057	00000000	00000013	addi	x0,x0,0	  x0:0x00000000
       30595000	      3058	80002904	00000013	addi	x0,x0,0	  x0:0x00000000
       30605000	      3059	80002908	dcfaec13	ori	x24,x21,-561	 x21:0x800022e7 x24=0xffffffef
       30615000	      3060	8000290c	036a8263	beq	x21,x22,80002930	 x21:0x800022e7 x22:0x00000001
       30625000	      3061	80002910	011dedb3	or	x27,x27,x17	 x27:0xd72ac516 x17:0x7fffddbc x27=0xffffddbe
       30635000	      3062	80002914	f59f0697	auipc	x13,0xf59f0	 x13=0x759f2910
       30645000	      3063	80002918	411e83b3	sub	x7,x29,x17	 x29:0x00000000 x17:0x7fffddbc  x7=0x80002244
       30655000	      3064	8000291c	04bc8063	beq	x25,x11,8000295c	 x25:0x00000001 x11:0x80002244
       30665000	      3065	80002920	0098f6b3	and	x13,x17,x9	 x17:0x7fffddbc  x9:0x00000040 x13=0x00000000
       30675000	      3066	80002924	02676c63	bltu	x14,x6,8000295c	 x14:0x95aaae00  x6:0x00200591
       30685000	      3067	80002928	79758513	addi	x10,x11,1943	 x11:0x80002244 x10=0x800029db
       30695000	      3068	8000292c	00adf263	bgeu	x27,x10,80002930	 x27:0xffffddbe x10:0x800029db
       30705000	      3069	00000000	00000013	addi	x0,x0,0	  x0:0x00000000
       30715000	      3070	8000292c	00000013	addi	x0,x0,0	  x0:0x00000000
       30725000	      3071	80002930	3fc62b17	auipc	x22,0x3fc62	 x22=0xbfc6492c
       30735000	      3072	80002934	41a60e33	sub	x28,x12,x26	 x12:0x0000027f x26:0x0000053f x28=0xfffffd40
       30745000	      3073	80002938	00bb9e13	slli	x28,x23,0xb	 x23:0x700000c5 x28=0x00062800
       30755000	      3074	8000293c	01c77633	and	x12,x14,x28	 x14:0x95aaae00 x28:0x00062800 x12=0x00022800
       30765000	      3075	80002940	00485813	srli	x16,x16,0x4	 x16:0x0000064e x16=0x00000064
       30775000	      3076	80002944	01ead713	srli	x14,x21,0x1e	 x21:0x800022e7 x14=0x00000002
       30785000	      3077	80002948	00466863	bltu	x12,x4,80002958	 x12:0x00022800  x4:0x80009f60
       30795000	      3078	00000000	00000013	addi	x0,x0,0	  x0:0x00000000
       30805000	      3079	80002954	00000013	addi	x0,x0,0	  x0:0x00000000
       30815000	      3080	80002958	ee596eb7	lui	x29,0xee596	 x29=0xee596000
       30825000	      3081	8000295c	0054fe63	bgeu	x9,x5,80002978	  x9:0x00000040  x5:0x093f1086
       30835000	      3082	80002960	01f0acb3	slt	x25,x1,x31	  x1:0xfffffd85 x31:0x00000001 x25=0x00000001
       30845000	      3083	80002964	d3c73417	auipc	x8,0xd3c73	  x8=0x53c75960
       30855000	      3084	80002968	6420e093	ori	x1,x1,1602	  x1:0xfffffd85  x1=0xffffffc7
       30865000	      3085	8000296c	01db6c33	or	x24,x22,x29	 x22:0xbfc6492c x29:0xee596000 x24=0xffdf692c
       30875000	      3086	80002970	016c1d33	sll	x26,x24,x22	 x24:0xffdf692c x22:0xbfc6492c x26=0xf692c000
       30885000	      3087	80002974	b95ea613	slti	x12,x29,-1131	 x29:0xee596000 x12=0x00000001
       30895000	      3088	80002978	03845863	bge	x8,x24,800029a8	  x8:0x53c75960 x24:0xffdf692c
       30905000	      3089	00000000	00000013	addi	x0,x0,0	  x0:0x00000000
       30915000	      3090	800029a4	00000013	addi	x0,x0,0	  x0:0x00000000
       30925000	      3091	800029a8	003234b3	sltu	x9,x4,x3	  x4:0x80009f60  x3:0x80002244  x9=0x00000000
       30935000	      3092	800029ac	00b8ec33	or	x24,x17,x11	 x17:0x7fffddbc x11:0x80002244 x24=0xfffffffc
       30945000	      3093	800029b0	402fd713	srai	x14,x31,0x2	 x31:0x00000001 x14=0x00000000
       30955000	      3094	800029b4	2ae55db7	lui	x27,0x2ae55	 x27=0x2ae55000
       30965000	      3095	800029b8	2ef42a13	slti	x20,x8,751	  x8:0x53c75960 x20=0x00000000
       30975000	      3096	800029bc	04806063	bltu	x0,x8,800029fc	  x0:0x00000000  x8:0x53c75960
       30985000	      3097	00000000	00000013	addi	x0,x0,0	  x0:0x00000000
       30995000	      3098	800029f8	00000013	addi	x0,x0,0	  x0:0x00000000
       31005000	      3099	800029fc	bdc1eb13	ori	x22,x3,-1060	  x3:0x80002244 x22=0xfffffbdc
       31015000	      3100	80002a00	0151bfb3	sltu	x31,x3,x21	  x3:0x80002244 x21:0x800022e7 x31=0x00000001
       31025000	      3101	80002a04	cba794b7	lui	x9,0xcba79	  x9=0xcba79000
       31035000	      3102	80002a08	4122d8b3	sra	x17,x5,x18	  x5:0x093f1086 x18:0xd72aba8e x17=0x000024fc
       31045000	      3103	80002a0c	c1c3f813	andi	x16,x7,-996	  x7:0x80002244 x16=0x80002004
       31055000	      3104	80002a10	c58c2813	slti	x16,x24,-936	 x24:0xfffffffc x16=0x00000000
       31065000	      3105	80002a14	00c440b3	xor	x1,x8,x12	  x8:0x53c75960 x12:0x00000001  x1=0x53c75961
       31075000	      3106	80002a18	02390063	beq	x18,x3,80002a38	 x18:0xd72aba8e  x3:0x80002244
       31085000	      3107	80002a1c	00406eb3	or	x29,x0,x4	  x0:0x00000000  x4:0x80009f60 x29=0x80009f60
       31095000	      3108	80002a20	41858cb3	sub	x25,x11,x24	 x11:0x80002244 x24:0xfffffffc x25=0x80002248
       31105000	      3109	80002a24	018f77b3	and	x15,x30,x24	 x30:0xfffffffa x24:0xfffffffc x15=0xfffffff8
       31115000	      3110	80002a28	00ad2333	slt	x6,x26,x10	 x26:0xf692c000 x10:0x800029db  x6=0x00000000
       31125000	      3111	80002a2c	00a78733	add	x14,x15,x10	 x15:0xfffffff8 x10:0x800029db x14=0x800029d3
       31135000	      3112	80002a30	0086dab3	srl	x21,x13,x8	 x13:0x00000000  x8:0x53c75960 x21=0x00000000
       31145000	      3113	80002a34	010e5333	srl	x6,x28,x16	 x28:0x00062800 x16:0x00000000  x6=0x00062800
       31155000	      3114	80002a38	095f5d37	lui	x26,0x95f5	 x26=0x095f5000
       31165000	      3115	80002a3c	411ddb93	srai	x23,x27,0x11	 x27:0x2ae55000 x23=0x00001572
       31175000	      3116	80002a40	1c94fc93	andi	x25,x9,457	  x9:0xcba79000 x25=0x00000000
       31185000	      3117	80002a44	0122efb3	or	x31,x5,x18	  x5:0x093f1086 x18:0xd72aba8e x31=0xdf3fba8e
       31195000	      3118	80002a48	00ed9a93	slli	x21,x27,0xe	 x27:0x2ae55000 x21=0x54000000
       31205000	      3119	80002a4c	00d87263	bgeu	x16,x13,80002a50	 x16:0x00000000 x13:0x00000000
       31215000	      3120	00000000	00000013	addi	x0,x0,0	  x0:0x00000000
       31225000	      3121	80002a4c	00000013	addi	x0,x0,0	  x0:0x00000000
       31235000	      3122	80002a50	423c2093	slti	x1,x24,1059	 x24:0xfffffffc  x1=0x00000001
       31245000	      3123	80002a54	01889893	slli	x17,x17,0x18	 x17:0x000024fc x17=0xfc000000
       31255000	      3124	80002a58	2065c793	xori	x15,x11,518	 x11:0x80002244 x15=0x80002042
       31265000	      3125	80002a5c	01ef98b3	sll	x17,x31,x30	 x31:0xdf3fba8e x30:0xfffffffa x17=0x38000000
       31275000	      3126	80002a60	040000ef	jal	x1,80002a60	  x1=0x80002a60
       31285000	      3127	00000000	00000013	addi	x0,x0,0	  x0:0x00000000
       31295000	      3128	80002a9c	00000013	addi	x0,x0,0	  x0:0x00000000
       31305000	      3129	80002aa0	004000ef	jal	x1,80002aa0	  x1=0x80002aa0
       31315000	      3130	00000000	00000013	addi	x0,x0,0	  x0:0x00000000
       31325000	      3131	80002aa0	00000013	addi	x0,x0,0	  x0:0x00000000
       31335000	      3132	80002aa4	fedff0ef	jal	x1,80002aa4	  x1=0x80002aa4
       31345000	      3133	00000000	00000013	addi	x0,x0,0	  x0:0x00000000
       31355000	      3134	80002a8c	00000013	addi	x0,x0,0	  x0:0x00000000
       31365000	      3135	80002a90	ff1ff0ef	jal	x1,80002a90	  x1=0x80002a90
       31375000	      3136	00000000	00000013	addi	x0,x0,0	  x0:0x00000000
       31385000	      3137	80002a7c	00000013	addi	x0,x0,0	  x0:0x00000000
       31395000	      3138	80002a80	00c00def	jal	x27,80002a80	 x27=0x80002a80
       31405000	      3139	00000000	00000013	addi	x0,x0,0	  x0:0x00000000
       31415000	      3140	80002a88	00000013	addi	x0,x0,0	  x0:0x00000000
       31425000	      3141	80002a8c	ff9ffdef	jal	x27,80002a8c	 x27=0x80002a8c
       31435000	      3142	00000000	00000013	addi	x0,x0,0	  x0:0x00000000
       31445000	      3143	80002a80	00000013	addi	x0,x0,0	  x0:0x00000000
       31455000	      3144	80002a84	044000ef	jal	x1,80002a84	  x1=0x80002a84
       31465000	      3145	00000000	00000013	addi	x0,x0,0	  x0:0x00000000
       31475000	      3146	80002ac4	00000013	addi	x0,x0,0	  x0:0x00000000
       31485000	      3147	80002ac8	ff5ff66f	jal	x12,80002ac8	 x12=0x80002ac8
       31495000	      3148	00000000	00000013	addi	x0,x0,0	  x0:0x00000000
       31505000	      3149	80002ab8	00000013	addi	x0,x0,0	  x0:0x00000000
       31515000	      3150	80002abc	fadff0ef	jal	x1,80002abc	  x1=0x80002abc
       31525000	      3151	00000000	00000013	addi	x0,x0,0	  x0:0x00000000
       31535000	      3152	80002a64	00000013	addi	x0,x0,0	  x0:0x00000000
       31545000	      3153	80002a68	02c004ef	jal	x9,80002a68	  x9=0x80002a68
       31555000	      3154	00000000	00000013	addi	x0,x0,0	  x0:0x00000000
       31565000	      3155	80002a90	00000013	addi	x0,x0,0	  x0:0x00000000
       31575000	      3156	80002a94	0140036f	jal	x6,80002a94	  x6=0x80002a94
       31585000	      3157	00000000	00000013	addi	x0,x0,0	  x0:0x00000000
       31595000	      3158	80002aa4	00000013	addi	x0,x0,0	  x0:0x00000000
       31605000	      3159	80002aa8	fbdff0ef	jal	x1,80002aa8	  x1=0x80002aa8
       31615000	      3160	00000000	00000013	addi	x0,x0,0	  x0:0x00000000
       31625000	      3161	80002a60	00000013	addi	x0,x0,0	  x0:0x00000000
       31635000	      3162	80002a64	06000eef	jal	x29,80002a64	 x29=0x80002a64
       31645000	      3163	00000000	00000013	addi	x0,x0,0	  x0:0x00000000
       31655000	      3164	80002ac0	00000013	addi	x0,x0,0	  x0:0x00000000
       31665000	      3165	80002ac4	fb5ff0ef	jal	x1,80002ac4	  x1=0x80002ac4
       31675000	      3166	00000000	00000013	addi	x0,x0,0	  x0:0x00000000
       31685000	      3167	80002a74	00000013	addi	x0,x0,0	  x0:0x00000000
       31695000	      3168	80002a78	0040036f	jal	x6,80002a78	  x6=0x80002a78
       31705000	      3169	00000000	00000013	addi	x0,x0,0	  x0:0x00000000
       31715000	      3170	80002a78	00000013	addi	x0,x0,0	  x0:0x00000000
       31725000	      3171	80002a7c	00c00f6f	jal	x30,80002a7c	 x30=0x80002a7c
       31735000	      3172	00000000	00000013	addi	x0,x0,0	  x0:0x00000000
       31745000	      3173	80002a84	00000013	addi	x0,x0,0	  x0:0x00000000
       31755000	      3174	80002a88	02c0036f	jal	x6,80002a88	  x6=0x80002a88
       31765000	      3175	00000000	00000013	addi	x0,x0,0	  x0:0x00000000
       31775000	      3176	80002ab0	00000013	addi	x0,x0,0	  x0:0x00000000
       31785000	      3177	80002ab4	01c000ef	jal	x1,80002ab4	  x1=0x80002ab4
       31795000	      3178	00000000	00000013	addi	x0,x0,0	  x0:0x00000000
       31805000	      3179	80002acc	00000013	addi	x0,x0,0	  x0:0x00000000
       31815000	      3180	80002ad0	fa1fff6f	jal	x30,80002ad0	 x30=0x80002ad0
       31825000	      3181	00000000	00000013	addi	x0,x0,0	  x0:0x00000000
       31835000	      3182	80002a6c	00000013	addi	x0,x0,0	  x0:0x00000000
       31845000	      3183	80002a70	02c00def	jal	x27,80002a70	 x27=0x80002a70
       31855000	      3184	00000000	00000013	addi	x0,x0,0	  x0:0x00000000
       31865000	      3185	80002a98	00000013	addi	x0,x0,0	  x0:0x00000000
       31875000	      3186	80002a9c	fd1ff36f	jal	x6,80002a9c	  x6=0x80002a9c
       31885000	      3187	00000000	00000013	addi	x0,x0,0	  x0:0x00000000
       31895000	      3188	80002a68	00000013	addi	x0,x0,0	  x0:0x00000000
       31905000	      3189	80002a6c	044000ef	jal	x1,80002a6c	  x1=0x80002a6c
       31915000	      3190	00000000	00000013	addi	x0,x0,0	  x0:0x00000000
       31925000	      3191	80002aac	00000013	addi	x0,x0,0	  x0:0x00000000
       31935000	      3192	80002ab0	01c000ef	jal	x1,80002ab0	  x1=0x80002ab0
       31945000	      3193	00000000	00000013	addi	x0,x0,0	  x0:0x00000000
       31955000	      3194	80002ac8	00000013	addi	x0,x0,0	  x0:0x00000000
       31965000	      3195	80002acc	fa9ff36f	jal	x6,80002acc	  x6=0x80002acc
       31975000	      3196	00000000	00000013	addi	x0,x0,0	  x0:0x00000000
       31985000	      3197	80002a70	00000013	addi	x0,x0,0	  x0:0x00000000
       31995000	      3198	80002a74	060000ef	jal	x1,80002a74	  x1=0x80002a74
       32005000	      3199	00000000	00000013	addi	x0,x0,0	  x0:0x00000000
       32015000	      3200	80002ad0	00000013	addi	x0,x0,0	  x0:0x00000000
       32025000	      3201	80002ad4	fd9ff0ef	jal	x1,80002ad4	  x1=0x80002ad4
       32035000	      3202	00000000	00000013	addi	x0,x0,0	  x0:0x00000000
       32045000	      3203	80002aa8	00000013	addi	x0,x0,0	  x0:0x00000000
       32055000	      3204	80002aac	014000ef	jal	x1,80002aac	  x1=0x80002aac
       32065000	      3205	00000000	00000013	addi	x0,x0,0	  x0:0x00000000
       32075000	      3206	80002abc	00000013	addi	x0,x0,0	  x0:0x00000000
       32085000	      3207	80002ac0	ff9ff0ef	jal	x1,80002ac0	  x1=0x80002ac0
       32095000	      3208	00000000	00000013	addi	x0,x0,0	  x0:0x00000000
       32105000	      3209	80002ab4	00000013	addi	x0,x0,0	  x0:0x00000000
       32115000	      3210	80002ab8	fe1ff0ef	jal	x1,80002ab8	  x1=0x80002ab8
       32125000	      3211	00000000	00000013	addi	x0,x0,0	  x0:0x00000000
       32135000	      3212	80002a94	00000013	addi	x0,x0,0	  x0:0x00000000
       32145000	      3213	80002a98	040000ef	jal	x1,80002a98	  x1=0x80002a98
       32155000	      3214	00000000	00000013	addi	x0,x0,0	  x0:0x00000000
       32165000	      3215	80002ad4	00000013	addi	x0,x0,0	  x0:0x00000000
       32175000	      3216	80002ad8	41a15c93	srai	x25,x2,0x1a	  x2:0x80009fc4 x25=0xffffffe0
       32185000	      3217	80002adc	00641393	slli	x7,x8,0x6	  x8:0x53c75960  x7=0xf1d65800
       32195000	      3218	80002ae0	000addb3	srl	x27,x21,x0	 x21:0x54000000  x0:0x00000000 x27=0x54000000
       32205000	      3219	80002ae4	051c1463	bne	x24,x17,80002b2c	 x24:0xfffffffc x17:0x38000000
       32215000	      3220	00000000	00000013	addi	x0,x0,0	  x0:0x00000000
       32225000	      3221	80002b28	00000013	addi	x0,x0,0	  x0:0x00000000
       32235000	      3222	80002b2c	00709bb3	sll	x23,x1,x7	  x1:0x80002a98  x7:0xf1d65800 x23=0x80002a98
       32245000	      3223	80002b30	01c7dd33	srl	x26,x15,x28	 x15:0x80002042 x28:0x00062800 x26=0x80002042
       32255000	      3224	80002b34	007adeb3	srl	x29,x21,x7	 x21:0x54000000  x7:0xf1d65800 x29=0x54000000
       32265000	      3225	80002b38	023e5a63	bge	x28,x3,80002b6c	 x28:0x00062800  x3:0x80002244
       32275000	      3226	00000000	00000013	addi	x0,x0,0	  x0:0x00000000
       32285000	      3227	80002b68	00000013	addi	x0,x0,0	  x0:0x00000000
       32295000	      3228	80002b6c	00529793	slli	x15,x5,0x5	  x5:0x093f1086 x15=0x27e210c0
       32305000	      3229	80002b70	41a8d3b3	sra	x7,x17,x26	 x17:0x38000000 x26:0x80002042  x7=0x0e000000
       32315000	      3230	80002b74	735d0313	addi	x6,x26,1845	 x26:0x80002042  x6=0x80002777
       32325000	      3231	80002b78	01f30eb3	add	x29,x6,x31	  x6:0x80002777 x31:0xdf3fba8e x29=0x5f3fe205
       32335000	      3232	80002b7c	02c21463	bne	x4,x12,80002ba4	  x4:0x80009f60 x12:0x80002ac8
       32345000	      3233	00000000	00000013	addi	x0,x0,0	  x0:0x00000000
       32355000	      3234	80002ba0	00000013	addi	x0,x0,0	  x0:0x00000000
       32365000	      3235	80002ba4	3a28e713	ori	x14,x17,930	 x17:0x38000000 x14=0x380003a2
       32375000	      3236	80002ba8	032bee63	bltu	x23,x18,80002be4	 x23:0x80002a98 x18:0xd72aba8e
       32385000	      3237	00000000	00000013	addi	x0,x0,0	  x0:0x00000000
       32395000	      3238	80002be0	00000013	addi	x0,x0,0	  x0:0x00000000
       32405000	      3239	80002be4	40845193	srai	x3,x8,0x8	  x8:0x53c75960  x3=0x0053c759
       32415000	      3240	80002be8	4076d893	srai	x17,x13,0x7	 x13:0x00000000 x17=0x00000000
       32425000	      3241	80002bec	01e9a8b3	slt	x17,x19,x30	 x19:0x00000001 x30:0x80002ad0 x17=0x00000000
       32435000	      3242	80002bf0	0dd19797	auipc	x15,0xdd19	 x15=0x8dd1bbec
       32445000	      3243	80002bf4	a3b37d13	andi	x26,x6,-1477	  x6:0x80002777 x26=0x80002233
       32455000	      3244	80002bf8	545fe893	ori	x17,x31,1349	 x31:0xdf3fba8e x17=0xdf3fbfcf
       32465000	      3245	80002bfc	00000013	addi	x0,x0,0	  x0:0x00000000
       32475000	      3246	80002c00	01627eb3	and	x29,x4,x22	  x4:0x80009f60 x22:0xfffffbdc x29=0x80009b40
       32485000	      3247	80002c04	407cdeb3	sra	x29,x25,x7	 x25:0xffffffe0  x7:0x0e000000 x29=0xffffffe0
       32495000	      3248	80002c08	00d68533	add	x10,x13,x13	 x13:0x00000000 x13:0x00000000 x10=0x00000000
       32505000	      3249	80002c0c	69fffd13	andi	x26,x31,1695	 x31:0xdf3fba8e x26=0x0000028e
       32515000	      3250	80002c10	40440db3	sub	x27,x8,x4	  x8:0x53c75960  x4:0x80009f60 x27=0xd3c6ba00
       32525000	      3251	80002c14	009fefb3	or	x31,x31,x9	 x31:0xdf3fba8e  x9:0x80002a68 x31=0xdf3fbaee
       32535000	      3252	80002c18	40e15893	srai	x17,x2,0xe	  x2:0x80009fc4 x17=0xfffe0002
       32545000	      3253	80002c1c	91054693	xori	x13,x10,-1776	 x10:0x00000000 x13=0xfffff910
       32555000	      3254	80002c20	a1cfe5b7	lui	x11,0xa1cfe	 x11=0xa1cfe000
       32565000	      3255	80002c24	6b97e817	auipc	x16,0x6b97e	 x16=0xeb980c20
       32575000	      3256	80002c28	01b3cfb3	xor	x31,x7,x27	  x7:0x0e000000 x27:0xd3c6ba00 x31=0xddc6ba00
       32585000	      3257	80002c2c	016045b3	xor	x11,x0,x22	  x0:0x00000000 x22:0xfffffbdc x11=0xfffffbdc
       32595000	      3258	80002c30	038bde63	bge	x23,x24,80002c6c	 x23:0x80002a98 x24:0xfffffffc
       32605000	      3259	80002c34	019b6bb3	or	x23,x22,x25	 x22:0xfffffbdc x25:0xffffffe0 x23=0xfffffffc
       32615000	      3260	80002c38	9d564f93	xori	x31,x12,-1579	 x12:0x80002ac8 x31=0x7fffd31d
       32625000	      3261	80002c3c	01f49093	slli	x1,x9,0x1f	  x9:0x80002a68  x1=0x00000000
       32635000	      3262	80002c40	002d6533	or	x10,x26,x2	 x26:0x0000028e  x2:0x80009fc4 x10=0x80009fce
       32645000	      3263	80002c44	df5ac613	xori	x12,x21,-523	 x21:0x54000000 x12=0xabfffdf5
       32655000	      3264	80002c48	4da82593	slti	x11,x16,1242	 x16:0xeb980c20 x11=0x00000001
       32665000	      3265	80002c4c	01334663	blt	x6,x19,80002c58	  x6:0x80002777 x19:0x00000001
       32675000	      3266	00000000	00000013	addi	x0,x0,0	  x0:0x00000000
       32685000	      3267	80002c54	00000013	addi	x0,x0,0	  x0:0x00000000
       32695000	      3268	80002c58	20590e93	addi	x29,x18,517	 x18:0xd72aba8e x29=0xd72abc93
       32705000	      3269	80002c5c	00000013	addi	x0,x0,0	  x0:0x00000000
       32715000	      3270	80002c60	781be0b7	lui	x1,0x781be	  x1=0x781be000
       32725000	      3271	80002c64	01c6f863	bgeu	x13,x28,80002c74	 x13:0xfffff910 x28:0x00062800
       32735000	      3272	00000000	00000013	addi	x0,x0,0	  x0:0x00000000
       32745000	      3273	80002c70	00000013	addi	x0,x0,0	  x0:0x00000000
       32755000	      3274	80002c74	25a1c493	xori	x9,x3,602	  x3:0x0053c759  x9=0x0053c503
       32765000	      3275	80002c78	6a59a013	slti	x0,x19,1701	 x19:0x00000001
       32775000	      3276	80002c7c	00000013	addi	x0,x0,0	  x0:0x00000000
       32785000	      3277	80002c80	c859fe93	andi	x29,x19,-891	 x19:0x00000001 x29=0x00000001
       32795000	      3278	80002c84	00a028b3	slt	x17,x0,x10	  x0:0x00000000 x10:0x80009fce x17=0x00000000
       32805000	      3279	80002c88	04dd0463	beq	x26,x13,80002cd0	 x26:0x0000028e x13:0xfffff910
       32815000	      3280	80002c8c	00f29e63	bne	x5,x15,80002ca8	  x5:0x093f1086 x15:0x8dd1bbec
       32825000	      3281	00000000	00000013	addi	x0,x0,0	  x0:0x00000000
       32835000	      3282	80002ca4	00000013	addi	x0,x0,0	  x0:0x00000000
       32845000	      3283	80002ca8	000a4863	blt	x20,x0,80002cb8	 x20:0x00000000  x0:0x00000000
       32855000	      3284	80002cac	bd444b13	xori	x22,x8,-1068	  x8:0x53c75960 x22=0xac38a2b4
       32865000	      3285	80002cb0	00000013	addi	x0,x0,0	  x0:0x00000000
       32875000	      3286	80002cb4	02147863	bgeu	x8,x1,80002ce4	  x8:0x53c75960  x1:0x781be000
       32885000	      3287	80002cb8	78127393	andi	x7,x4,1921	  x4:0x80009f60  x7=0x00000700
       32895000	      3288	80002cbc	ca210593	addi	x11,x2,-862	  x2:0x80009fc4 x11=0x80009c66
       32905000	      3289	80002cc0	0078ab33	slt	x22,x17,x7	 x17:0x00000000  x7:0x00000700 x22=0x00000001
       32915000	      3290	80002cc4	00099d13	slli	x26,x19,0x0	 x19:0x00000001 x26=0x00000001
       32925000	      3291	80002cc8	05e05063	bge	x0,x30,80002d08	  x0:0x00000000 x30:0x80002ad0
       32935000	      3292	00000000	00000013	addi	x0,x0,0	  x0:0x00000000
       32945000	      3293	80002d04	00000013	addi	x0,x0,0	  x0:0x00000000
       32955000	      3294	80002d08	3b51bb97	auipc	x23,0x3b51b	 x23=0xbb51dd04
       32965000	      3295	80002d0c	01650e33	add	x28,x10,x22	 x10:0x80009fce x22:0x00000001 x28=0x80009fcf
       32975000	      3296	80002d10	00838cb3	add	x25,x7,x8	  x7:0x00000700  x8:0x53c75960 x25=0x53c76060
       32985000	      3297	80002d14	ca906713	ori	x14,x0,-855	  x0:0x00000000 x14=0xfffffca9
       32995000	      3298	80002d18	a88efd97	auipc	x27,0xa88ef	 x27=0x288f1d14
       33005000	      3299	80002d1c	00363fb3	sltu	x31,x12,x3	 x12:0xabfffdf5  x3:0x0053c759 x31=0x00000000
       33015000	      3300	80002d20	0463e263	bltu	x7,x6,80002d64	  x7:0x00000700  x6:0x80002777
       33025000	      3301	00000000	00000013	addi	x0,x0,0	  x0:0x00000000
       33035000	      3302	80002d60	00000013	addi	x0,x0,0	  x0:0x00000000
       33045000	      3303	80002d64	046f6463	bltu	x30,x6,80002dac	 x30:0x80002ad0  x6:0x80002777
       33055000	      3304	80002d68	03e93093	sltiu	x1,x18,62	 x18:0xd72aba8e  x1=0x00000000
       33065000	      3305	80002d6c	00e62b33	slt	x22,x12,x14	 x12:0xabfffdf5 x14:0xfffffca9 x22=0x00000001
       33075000	      3306	80002d70	0026d813	srli	x16,x13,0x2	 x13:0xfffff910 x16=0x3ffffe44
       33085000	      3307	80002d74	023af663	bgeu	x21,x3,80002da0	 x21:0x54000000  x3:0x0053c759
       33095000	      3308	00000000	00000013	addi	x0,x0,0	  x0:0x00000000
       33105000	      3309	80002d9c	00000013	addi	x0,x0,0	  x0:0x00000000
       33115000	      3310	80002da0	007f4263	blt	x30,x7,80002da4	 x30:0x80002ad0  x7:0x00000700
       33125000	      3311	00000000	00000013	addi	x0,x0,0	  x0:0x00000000
       33135000	      3312	80002da0	00000013	addi	x0,x0,0	  x0:0x00000000
       33145000	      3313	80002da4	0109a3b3	slt	x7,x19,x16	 x19:0x00000001 x16:0x3ffffe44  x7=0x00000001
       33155000	      3314	80002da8	0132d193	srli	x3,x5,0x13	  x5:0x093f1086  x3=0x00000127
       33165000	      3315	80002dac	00d01db3	sll	x27,x0,x13	  x0:0x00000000 x13:0xfffff910 x27=0x00000000
       33175000	      3316	80002db0	01c6c9b3	xor	x19,x13,x28	 x13:0xfffff910 x28:0x80009fcf x19=0x7fff66df
       33185000	      3317	80002db4	00161033	sll	x0,x12,x1	 x12:0xabfffdf5  x1:0x00000000
       33195000	      3318	80002db8	0241dc63	bge	x3,x4,80002df0	  x3:0x00000127  x4:0x80009f60
       33205000	      3319	00000000	00000013	addi	x0,x0,0	  x0:0x00000000
       33215000	      3320	80002dec	00000013	addi	x0,x0,0	  x0:0x00000000
       33225000	      3321	80002df0	7af7b2b7	lui	x5,0x7af7b	  x5=0x7af7b000
       33235000	      3322	80002df4	05f0e063	bltu	x1,x31,80002e34	  x1:0x00000000 x31:0x00000000
       33245000	      3323	80002df8	03328e63	beq	x5,x19,80002e34	  x5:0x7af7b000 x19:0x7fff66df
       33255000	      3324	80002dfc	01a2fa33	and	x20,x5,x26	  x5:0x7af7b000 x26:0x00000001 x20=0x00000000
       33265000	      3325	80002e00	00b76c33	or	x24,x14,x11	 x14:0xfffffca9 x11:0x80009c66 x24=0xfffffcef
       33275000	      3326	80002e04	0ec2e393	ori	x7,x5,236	  x5:0x7af7b000  x7=0x7af7b0ec
       33285000	      3327	80002e08	03a16063	bltu	x2,x26,80002e28	  x2:0x80009fc4 x26:0x00000001
       33295000	      3328	80002e0c	65152293	slti	x5,x10,1617	 x10:0x80009fce  x5=0x00000001
       33305000	      3329	80002e10	04345463	bge	x8,x3,80002e58	  x8:0x53c75960  x3:0x00000127
       33315000	      3330	00000000	00000013	addi	x0,x0,0	  x0:0x00000000
       33325000	      3331	80002e54	00000013	addi	x0,x0,0	  x0:0x00000000
       33335000	      3332	80002e58	04cf7463	bgeu	x30,x12,80002ea0	 x30:0x80002ad0 x12:0xabfffdf5
       33345000	      3333	80002e5c	00b2c663	blt	x5,x11,80002e68	  x5:0x00000001 x11:0x80009c66
       33355000	      3334	80002e60	02237e63	bgeu	x6,x2,80002e9c	  x6:0x80002777  x2:0x80009fc4
       33365000	      3335	80002e64	046cc263	blt	x25,x6,80002ea8	 x25:0x53c76060  x6:0x80002777
       33375000	      3336	80002e68	0d3a97b7	lui	x15,0xd3a9	 x15=0x0d3a9000
       33385000	      3337	80002e6c	00000013	addi	x0,x0,0	  x0:0x00000000
       33395000	      3338	80002e70	00af9893	slli	x17,x31,0xa	 x31:0x00000000 x17=0x00000000
       33405000	      3339	80002e74	00a28e33	add	x28,x5,x10	  x5:0x00000001 x10:0x80009fce x28=0x80009fcf
       33415000	      3340	80002e78	01cdf633	and	x12,x27,x28	 x27:0x00000000 x28:0x80009fcf x12=0x00000000
       33425000	      3341	80002e7c	011fadb3	slt	x27,x31,x17	 x31:0x00000000 x17:0x00000000 x27=0x00000000
       33435000	      3342	80002e80	042bf263	bgeu	x23,x2,80002ec4	 x23:0xbb51dd04  x2:0x80009fc4
       33445000	      3343	00000000	00000013	addi	x0,x0,0	  x0:0x00000000
       33455000	      3344	80002ec0	00000013	addi	x0,x0,0	  x0:0x00000000
       33465000	      3345	80002ec4	00b62db3	slt	x27,x12,x11	 x12:0x00000000 x11:0x80009c66 x27=0x00000000
       33475000	      3346	80002ec8	ed268093	addi	x1,x13,-302	 x13:0xfffff910  x1=0xfffff7e2
       33485000	      3347	80002ecc	015a5b13	srli	x22,x20,0x15	 x20:0x00000000 x22=0x00000000
       33495000	      3348	80002ed0	41d6dbb3	sra	x23,x13,x29	 x13:0xfffff910 x29:0x00000001 x23=0xfffffc88
       33505000	      3349	80002ed4	01799cb3	sll	x25,x19,x23	 x19:0x7fff66df x23:0xfffffc88 x25=0xff66df00
       33515000	      3350	80002ed8	0191cdb3	xor	x27,x3,x25	  x3:0x00000127 x25:0xff66df00 x27=0xff66de27
       33525000	      3351	80002edc	e3326693	ori	x13,x4,-461	  x4:0x80009f60 x13=0xffffff73
       33535000	      3352	80002ee0	02ac6e63	bltu	x24,x10,80002f1c	 x24:0xfffffcef x10:0x80009fce
       33545000	      3353	80002ee4	1b5db513	sltiu	x10,x27,437	 x27:0xff66de27 x10=0x00000000
       33555000	      3354	80002ee8	00000013	addi	x0,x0,0	  x0:0x00000000
       33565000	      3355	80002eec	040e4063	blt	x28,x0,80002f2c	 x28:0x80009fcf  x0:0x00000000
       33575000	      3356	00000000	00000013	addi	x0,x0,0	  x0:0x00000000
       33585000	      3357	80002f28	00000013	addi	x0,x0,0	  x0:0x00000000
       33595000	      3358	80002f2c	015d9e63	bne	x27,x21,80002f48	 x27:0xff66de27 x21:0x54000000
       33605000	      3359	00000000	00000013	addi	x0,x0,0	  x0:0x00000000
       33615000	      3360	80002f44	00000013	addi	x0,x0,0	  x0:0x00000000
       33625000	      3361	80002f48	0021eeb3	or	x29,x3,x2	  x3:0x00000127  x2:0x80009fc4 x29=0x80009fe7
       33635000	      3362	80002f4c	00a5d9b3	srl	x19,x11,x10	 x11:0x80009c66 x10:0x00000000 x19=0x80009c66
       33645000	      3363	80002f50	ab7f3393	sltiu	x7,x30,-1353	 x30:0x80002ad0  x7=0x00000001
       33655000	      3364	80002f54	00000013	addi	x0,x0,0	  x0:0x00000000
       33665000	      3365	80002f58	23779d37	lui	x26,0x23779	 x26=0x23779000
       33675000	      3366	80002f5c	40065e33	sra	x28,x12,x0	 x12:0x00000000  x0:0x00000000 x28=0x00000000
       33685000	      3367	80002f60	000f5e63	bge	x30,x0,80002f7c	 x30:0x80002ad0  x0:0x00000000
       33695000	      3368	80002f64	23e8c713	xori	x14,x17,574	 x17:0x00000000 x14=0x0000023e
       33705000	      3369	80002f68	04508463	beq	x1,x5,80002fb0	  x1:0xfffff7e2  x5:0x00000001
       33715000	      3370	80002f6c	00df74b3	and	x9,x30,x13	 x30:0x80002ad0 x13:0xffffff73  x9=0x80002a50
       33725000	      3371	80002f70	41d908b3	sub	x17,x18,x29	 x18:0xd72aba8e x29:0x80009fe7 x17=0x572a1aa7
       33735000	      3372	80002f74	001fdb13	srli	x22,x31,0x1	 x31:0x00000000 x22=0x00000000
       33745000	      3373	80002f78	002ec0b3	xor	x1,x29,x2	 x29:0x80009fe7  x2:0x80009fc4  x1=0x00000023
       33755000	      3374	80002f7c	02a35e63	bge	x6,x10,80002fb8	  x6:0x80002777 x10:0x00000000
       33765000	      3375	80002f80	5aa63eb7	lui	x29,0x5aa63	 x29=0x5aa63000
       33775000	      3376	80002f84	00000013	addi	x0,x0,0	  x0:0x00000000
       33785000	      3377	80002f88	8df09897	auipc	x17,0x8df09	 x17=0x0df0bf84
       33795000	      3378	80002f8c	40fd4093	xori	x1,x26,1039	 x26:0x23779000  x1=0x2377940f
       33805000	      3379	80002f90	bcc9ba37	lui	x20,0xbcc9b	 x20=0xbcc9b000
       33815000	      3380	80002f94	00000013	addi	x0,x0,0	  x0:0x00000000
       33825000	      3381	80002f98	03581c63	bne	x16,x21,80002fd0	 x16:0x3ffffe44 x21:0x54000000
       33835000	      3382	00000000	00000013	addi	x0,x0,0	  x0:0x00000000
       33845000	      3383	80002fcc	00000013	addi	x0,x0,0	  x0:0x00000000
       33855000	      3384	80002fd0	0298cc63	blt	x17,x9,80003008	 x17:0x0df0bf84  x9:0x80002a50
       33865000	      3385	80002fd4	6ce50893	addi	x17,x10,1742	 x10:0x00000000 x17=0x000006ce
       33875000	      3386	80002fd8	b1979a17	auipc	x20,0xb1979	 x20=0x3197bfd4
       33885000	      3387	80002fdc	dce84713	xori	x14,x16,-562	 x16:0x3ffffe44 x14=0xc000038a
       33895000	      3388	80002fe0	02e1c463	blt	x3,x14,80003008	  x3:0x00000127 x14:0xc000038a
       33905000	      3389	80002fe4	03468863	beq	x13,x20,80003014	 x13:0xffffff73 x20:0x3197bfd4
       33915000	      3390	80002fe8	03644463	blt	x8,x22,80003010	  x8:0x53c75960 x22:0x00000000
       33925000	      3391	80002fec	02121a63	bne	x4,x1,80003020	  x4:0x80009f60  x1:0x2377940f
       33935000	      3392	00000000	00000013	addi	x0,x0,0	  x0:0x00000000
       33945000	      3393	8000301c	00000013	addi	x0,x0,0	  x0:0x00000000
       33955000	      3394	80003020	41228b33	sub	x22,x5,x18	  x5:0x00000001 x18:0xd72aba8e x22=0x28d54573
       33965000	      3395	80003024	41fddc33	sra	x24,x27,x31	 x27:0xff66de27 x31:0x00000000 x24=0xff66de27
       33975000	      3396	80003028	361dbe93	sltiu	x29,x27,865	 x27:0xff66de27 x29=0x00000000
       33985000	      3397	8000302c	01885393	srli	x7,x16,0x18	 x16:0x3ffffe44  x7=0x0000003f
       33995000	      3398	80003030	003281b3	add	x3,x5,x3	  x5:0x00000001  x3:0x00000127  x3=0x00000128
       34005000	      3399	80003034	000d7bb3	and	x23,x26,x0	 x26:0x23779000  x0:0x00000000 x23=0x00000000
       34015000	      3400	80003038	17c6d697	auipc	x13,0x17c6d	 x13=0x97c70034
       34025000	      3401	8000303c	ea46f813	andi	x16,x13,-348	 x13:0x97c70034 x16=0x97c70024
       34035000	      3402	80003040	b1d30893	addi	x17,x6,-1251	  x6:0x80002777 x17=0x80002294
       34045000	      3403	80003044	010c36b3	sltu	x13,x24,x16	 x24:0xff66de27 x16:0x97c70024 x13=0x00000000
       34055000	      3404	80003048	036b5063	bge	x22,x22,80003068	 x22:0x28d54573 x22:0x28d54573
       34065000	      3405	00000000	00000013	addi	x0,x0,0	  x0:0x00000000
       34075000	      3406	80003064	00000013	addi	x0,x0,0	  x0:0x00000000
       34085000	      3407	80003068	408ed313	srai	x6,x29,0x8	 x29:0x00000000  x6=0x00000000
       34095000	      3408	8000306c	47848993	addi	x19,x9,1144	  x9:0x80002a50 x19=0x80002ec8
       34105000	      3409	80003070	0063d793	srli	x15,x7,0x6	  x7:0x0000003f x15=0x00000000
       34115000	      3410	80003074	02c94463	blt	x18,x12,8000309c	 x18:0xd72aba8e x12:0x00000000
       34125000	      3411	00000000	00000013	addi	x0,x0,0	  x0:0x00000000
       34135000	      3412	80003098	00000013	addi	x0,x0,0	  x0:0x00000000
       34145000	      3413	8000309c	01057863	bgeu	x10,x16,800030ac	 x10:0x00000000 x16:0x97c70024
       34155000	      3414	800030a0	011513b3	sll	x7,x10,x17	 x10:0x00000000 x17:0x80002294  x7=0x00000000
       34165000	      3415	800030a4	03345e63	bge	x8,x19,800030e0	  x8:0x53c75960 x19:0x80002ec8
       34175000	      3416	00000000	00000013	addi	x0,x0,0	  x0:0x00000000
       34185000	      3417	800030dc	00000013	addi	x0,x0,0	  x0:0x00000000
       34195000	      3418	800030e0	006cecb3	or	x25,x25,x6	 x25:0xff66df00  x6:0x00000000 x25=0xff66df00
       34205000	      3419	800030e4	35ad7193	andi	x3,x26,858	 x26:0x23779000  x3=0x00000000
       34215000	      3420	800030e8	04377463	bgeu	x14,x3,80003130	 x14:0xc000038a  x3:0x00000000
       34225000	      3421	00000000	00000013	addi	x0,x0,0	  x0:0x00000000
       34235000	      3422	8000312c	00000013	addi	x0,x0,0	  x0:0x00000000
       34245000	      3423	80003130	00e90863	beq	x18,x14,80003140	 x18:0xd72aba8e x14:0xc000038a
       34255000	      3424	80003134	03e2e063	bltu	x5,x30,80003154	  x5:0x00000001 x30:0x80002ad0
       34265000	      3425	00000000	00000013	addi	x0,x0,0	  x0:0x00000000
       34275000	      3426	80003150	00000013	addi	x0,x0,0	  x0:0x00000000
       34285000	      3427	80003154	01ca5e63	bge	x20,x28,80003170	 x20:0x3197bfd4 x28:0x00000000
       34295000	      3428	00000000	00000013	addi	x0,x0,0	  x0:0x00000000
       34305000	      3429	8000316c	00000013	addi	x0,x0,0	  x0:0x00000000
       34315000	      3430	80003170	0172c433	xor	x8,x5,x23	  x5:0x00000001 x23:0x00000000  x8=0x00000001
       34325000	      3431	80003174	014085b3	add	x11,x1,x20	  x1:0x2377940f x20:0x3197bfd4 x11=0x550f53e3
       34335000	      3432	80003178	6440c8b7	lui	x17,0x6440c	 x17=0x6440c000
       34345000	      3433	8000317c	02e14c63	blt	x2,x14,800031b4	  x2:0x80009fc4 x14:0xc000038a
       34355000	      3434	00000000	00000013	addi	x0,x0,0	  x0:0x00000000
       34365000	      3435	800031b0	00000013	addi	x0,x0,0	  x0:0x00000000
       34375000	      3436	800031b4	936a0793	addi	x15,x20,-1738	 x20:0x3197bfd4 x15=0x3197b90a
       34385000	      3437	800031b8	00eb5eb3	srl	x29,x22,x14	 x22:0x28d54573 x14:0xc000038a x29=0x000a3551
       34395000	      3438	800031bc	41f0d7b3	sra	x15,x1,x31	  x1:0x2377940f x31:0x00000000 x15=0x2377940f
       34405000	      3439	800031c0	0089d733	srl	x14,x19,x8	 x19:0x80002ec8  x8:0x00000001 x14=0x40001764
       34415000	      3440	800031c4	01442033	slt	x0,x8,x20	  x8:0x00000001 x20:0x3197bfd4
       34425000	      3441	800031c8	00b91e63	bne	x18,x11,800031e4	 x18:0xd72aba8e x11:0x550f53e3
       34435000	      3442	00000000	00000013	addi	x0,x0,0	  x0:0x00000000
       34445000	      3443	800031e0	00000013	addi	x0,x0,0	  x0:0x00000000
       34455000	      3444	800031e4	dd28cf97	auipc	x31,0xdd28c	 x31=0x5d28f1e0
       34465000	      3445	800031e8	01d57663	bgeu	x10,x29,800031f4	 x10:0x00000000 x29:0x000a3551
       34475000	      3446	800031ec	05c1c463	blt	x3,x28,80003234	  x3:0x00000000 x28:0x00000000
       34485000	      3447	800031f0	003473b3	and	x7,x8,x3	  x8:0x00000001  x3:0x00000000  x7=0x00000000
       34495000	      3448	800031f4	00000013	addi	x0,x0,0	  x0:0x00000000
       34505000	      3449	800031f8	0327fe63	bgeu	x15,x18,80003234	 x15:0x2377940f x18:0xd72aba8e
       34515000	      3450	800031fc	24d3f4b7	lui	x9,0x24d3f	  x9=0x24d3f000
       34525000	      3451	80003200	01f95313	srli	x6,x18,0x1f	 x18:0xd72aba8e  x6=0x00000001
       34535000	      3452	80003204	056e4463	blt	x28,x22,8000324c	 x28:0x00000000 x22:0x28d54573
       34545000	      3453	00000000	00000013	addi	x0,x0,0	  x0:0x00000000
       34555000	      3454	80003248	00000013	addi	x0,x0,0	  x0:0x00000000
       34565000	      3455	8000324c	01c51d93	slli	x27,x10,0x1c	 x10:0x00000000 x27=0x00000000
       34575000	      3456	80003250	6fbec193	xori	x3,x29,1787	 x29:0x000a3551  x3=0x000a33aa
       34585000	      3457	80003254	02fa7863	bgeu	x20,x15,80003284	 x20:0x3197bfd4 x15:0x2377940f
       34595000	      3458	00000000	00000013	addi	x0,x0,0	  x0:0x00000000
       34605000	      3459	80003280	00000013	addi	x0,x0,0	  x0:0x00000000
       34615000	      3460	80003284	03479e63	bne	x15,x20,800032c0	 x15:0x2377940f x20:0x3197bfd4
       34625000	      3461	00000000	00000013	addi	x0,x0,0	  x0:0x00000000
       34635000	      3462	800032bc	00000013	addi	x0,x0,0	  x0:0x00000000
       34645000	      3463	800032c0	4168d493	srai	x9,x17,0x16	 x17:0x6440c000  x9=0x00000191
       34655000	      3464	800032c4	b4534717	auipc	x14,0xb4534	 x14=0x345372c0
       34665000	      3465	800032c8	9f8bb513	sltiu	x10,x23,-1544	 x23:0x00000000 x10=0x00000001
       34675000	      3466	800032cc	006148b3	xor	x17,x2,x6	  x2:0x80009fc4  x6:0x00000001 x17=0x80009fc5
       34685000	      3467	800032d0	013ca333	slt	x6,x25,x19	 x25:0xff66df00 x19:0x80002ec8  x6=0x00000000
       34695000	      3468	800032d4	41648db3	sub	x27,x9,x22	  x9:0x00000191 x22:0x28d54573 x27=0xd72abc1e
       34705000	      3469	800032d8	0b057c13	andi	x24,x10,176	 x10:0x00000001 x24=0x00000000
       34715000	      3470	800032dc	00875713	srli	x14,x14,0x8	 x14:0x345372c0 x14=0x00345372
       34725000	      3471	800032e0	013913b3	sll	x7,x18,x19	 x18:0xd72aba8e x19:0x80002ec8  x7=0x2aba8e00
       34735000	      3472	800032e4	fa012293	slti	x5,x2,-96	  x2:0x80009fc4  x5=0x00000001
       34745000	      3473	800032e8	001dc033	xor	x0,x27,x1	 x27:0xd72abc1e  x1:0x2377940f
       34755000	      3474	800032ec	f745a693	slti	x13,x11,-140	 x11:0x550f53e3 x13=0x00000000
       34765000	      3475	800032f0	004fd9b3	srl	x19,x31,x4	 x31:0x5d28f1e0  x4:0x80009f60 x19=0x5d28f1e0
       34775000	      3476	800032f4	0075ceb3	xor	x29,x11,x7	 x11:0x550f53e3  x7:0x2aba8e00 x29=0x7fb5dde3
       34785000	      3477	800032f8	402ed413	srai	x8,x29,0x2	 x29:0x7fb5dde3  x8=0x1fed7778
       34795000	      3478	800032fc	b8e55437	lui	x8,0xb8e55	  x8=0xb8e55000
       34805000	      3479	80003300	54b12593	slti	x11,x2,1355	  x2:0x80009fc4 x11=0x00000001
       34815000	      3480	80003304	00d05593	srli	x11,x0,0xd	  x0:0x00000000 x11=0x00000000
       34825000	      3481	80003308	01647533	and	x10,x8,x22	  x8:0xb8e55000 x22:0x28d54573 x10=0x28c54000
       34835000	      3482	8000330c	00f48fb3	add	x31,x9,x15	  x9:0x00000191 x15:0x2377940f x31=0x237795a0
       34845000	      3483	80003310	05d1c063	blt	x3,x29,80003350	  x3:0x000a33aa x29:0x7fb5dde3
       34855000	      3484	00000000	00000013	addi	x0,x0,0	  x0:0x00000000
       34865000	      3485	8000334c	00000013	addi	x0,x0,0	  x0:0x00000000
       34875000	      3486	80003350	008cdeb3	srl	x29,x25,x8	 x25:0xff66df00  x8:0xb8e55000 x29=0xff66df00
       34885000	      3487	80003354	41458ab3	sub	x21,x11,x20	 x11:0x00000000 x20:0x3197bfd4 x21=0xce68402c
       34895000	      3488	80003358	02820c63	beq	x4,x8,80003390	  x4:0x80009f60  x8:0xb8e55000
       34905000	      3489	8000335c	022b0c63	beq	x22,x2,80003394	 x22:0x28d54573  x2:0x80009fc4
       34915000	      3490	80003360	00e4fe63	bgeu	x9,x14,8000337c	  x9:0x00000191 x14:0x00345372
       34925000	      3491	80003364	2c328613	addi	x12,x5,707	  x5:0x00000001 x12=0x000002c4
       34935000	      3492	80003368	e3b0ba93	sltiu	x21,x1,-453	  x1:0x2377940f x21=0x00000001
       34945000	      3493	8000336c	01d67a33	and	x20,x12,x29	 x12:0x000002c4 x29:0xff66df00 x20=0x00000200
       34955000	      3494	80003370	01461f13	slli	x30,x12,0x14	 x12:0x000002c4 x30=0x2c400000
       34965000	      3495	80003374	026b5e63	bge	x22,x6,800033b0	 x22:0x28d54573  x6:0x00000000
       34975000	      3496	00000000	00000013	addi	x0,x0,0	  x0:0x00000000
       34985000	      3497	800033ac	00000013	addi	x0,x0,0	  x0:0x00000000
       34995000	      3498	800033b0	0083dab3	srl	x21,x7,x8	  x7:0x2aba8e00  x8:0xb8e55000 x21=0x2aba8e00
       35005000	      3499	800033b4	022bfa63	bgeu	x23,x2,800033e8	 x23:0x00000000  x2:0x80009fc4
       35015000	      3500	800033b8	04b76463	bltu	x14,x11,80003400	 x14:0x00345372 x11:0x00000000
       35025000	      3501	800033bc	034fd663	bge	x31,x20,800033e8	 x31:0x237795a0 x20:0x00000200
       35035000	      3502	00000000	00000013	addi	x0,x0,0	  x0:0x00000000
       35045000	      3503	800033e4	00000013	addi	x0,x0,0	  x0:0x00000000
       35055000	      3504	800033e8	0e198713	addi	x14,x19,225	 x19:0x5d28f1e0 x14=0x5d28f2c1
       35065000	      3505	800033ec	08814193	xori	x3,x2,136	  x2:0x80009fc4  x3=0x80009f4c
       35075000	      3506	800033f0	b720f813	andi	x16,x1,-1166	  x1:0x2377940f x16=0x23779002
       35085000	      3507	800033f4	00cdf033	and	x0,x27,x12	 x27:0xd72abc1e x12:0x000002c4
       35095000	      3508	800033f8	40a3d733	sra	x14,x7,x10	  x7:0x2aba8e00 x10:0x28c54000 x14=0x2aba8e00
       35105000	      3509	800033fc	01724863	blt	x4,x23,8000340c	  x4:0x80009f60 x23:0x00000000
       35115000	      3510	00000000	00000013	addi	x0,x0,0	  x0:0x00000000
       35125000	      3511	80003408	00000013	addi	x0,x0,0	  x0:0x00000000
       35135000	      3512	8000340c	c5bb3b13	sltiu	x22,x22,-933	 x22:0x28d54573 x22=0x00000001
       35145000	      3513	80003410	26342b93	slti	x23,x8,611	  x8:0xb8e55000 x23=0x00000001
       35155000	      3514	80003414	b2560513	addi	x10,x12,-1243	 x12:0x000002c4 x10=0xfffffde9
       35165000	      3515	80003418	011189b3	add	x19,x3,x17	  x3:0x80009f4c x17:0x80009fc5 x19=0x00013f11
       35175000	      3516	8000341c	14278393	addi	x7,x15,322	 x15:0x2377940f  x7=0x23779551
       35185000	      3517	80003420	de692893	slti	x17,x18,-538	 x18:0xd72aba8e x17=0x00000001
       35195000	      3518	80003424	02a5e463	bltu	x11,x10,8000344c	 x11:0x00000000 x10:0xfffffde9
       35205000	      3519	00000000	00000013	addi	x0,x0,0	  x0:0x00000000
       35215000	      3520	80003448	00000013	addi	x0,x0,0	  x0:0x00000000
       35225000	      3521	8000344c	0199b4b3	sltu	x9,x19,x25	 x19:0x00013f11 x25:0xff66df00  x9=0x00000001
       35235000	      3522	80003450	4e9218b7	lui	x17,0x4e921	 x17=0x4e921000
       35245000	      3523	80003454	01275663	bge	x14,x18,80003460	 x14:0x2aba8e00 x18:0xd72aba8e
       35255000	      3524	00000000	00000013	addi	x0,x0,0	  x0:0x00000000
       35265000	      3525	8000345c	00000013	addi	x0,x0,0	  x0:0x00000000
       35275000	      3526	80003460	4147db13	srai	x22,x15,0x14	 x15:0x2377940f x22=0x00000237
       35285000	      3527	80003464	013e9fb3	sll	x31,x29,x19	 x29:0xff66df00 x19:0x00013f11 x31=0xbe000000
       35295000	      3528	80003468	01713fb3	sltu	x31,x2,x23	  x2:0x80009fc4 x23:0x00000001 x31=0x00000000
       35305000	      3529	8000346c	041a7463	bgeu	x20,x1,800034b4	 x20:0x00000200  x1:0x2377940f
       35315000	      3530	80003470	67430293	addi	x5,x6,1652	  x6:0x00000000  x5=0x00000674
       35325000	      3531	80003474	01435a93	srli	x21,x6,0x14	  x6:0x00000000 x21=0x00000000
       35335000	      3532	80003478	02899263	bne	x19,x8,8000349c	 x19:0x00013f11  x8:0xb8e55000
       35345000	      3533	00000000	00000013	addi	x0,x0,0	  x0:0x00000000
       35355000	      3534	80003498	00000013	addi	x0,x0,0	  x0:0x00000000
       35365000	      3535	8000349c	404e5b13	srai	x22,x28,0x4	 x28:0x00000000 x22=0x00000000
       35375000	      3536	800034a0	02d9a713	slti	x14,x19,45	 x19:0x00013f11 x14=0x00000000
       35385000	      3537	800034a4	00d29a33	sll	x20,x5,x13	  x5:0x00000674 x13:0x00000000 x20=0x00000674
       35395000	      3538	800034a8	02f38863	beq	x7,x15,800034d8	  x7:0x23779551 x15:0x2377940f
       35405000	      3539	800034ac	018695b3	sll	x11,x13,x24	 x13:0x00000000 x24:0x00000000 x11=0x00000000
       35415000	      3540	800034b0	01361b13	slli	x22,x12,0x13	 x12:0x000002c4 x22=0x16200000
       35425000	      3541	800034b4	40ccd6b3	sra	x13,x25,x12	 x25:0xff66df00 x12:0x000002c4 x13=0xfff66df0
       35435000	      3542	800034b8	00cd9433	sll	x8,x27,x12	 x27:0xd72abc1e x12:0x000002c4  x8=0x72abc1e0
       35445000	      3543	800034bc	01fe54b3	srl	x9,x28,x31	 x28:0x00000000 x31:0x00000000  x9=0x00000000
       35455000	      3544	800034c0	eff429b7	lui	x19,0xeff42	 x19=0xeff42000
       35465000	      3545	800034c4	c2922a93	slti	x21,x4,-983	  x4:0x80009f60 x21=0x00000001
       35475000	      3546	800034c8	0044f7b3	and	x15,x9,x4	  x9:0x00000000  x4:0x80009f60 x15=0x00000000
       35485000	      3547	800034cc	0017d9b3	srl	x19,x15,x1	 x15:0x00000000  x1:0x2377940f x19=0x00000000
       35495000	      3548	800034d0	012d5e93	srli	x29,x26,0x12	 x26:0x23779000 x29=0x000008dd
       35505000	      3549	800034d4	011fee63	bltu	x31,x17,800034f0	 x31:0x00000000 x17:0x4e921000
       35515000	      3550	00000000	00000013	addi	x0,x0,0	  x0:0x00000000
       35525000	      3551	800034ec	00000013	addi	x0,x0,0	  x0:0x00000000
       35535000	      3552	800034f0	01f4fc33	and	x24,x9,x31	  x9:0x00000000 x31:0x00000000 x24=0x00000000
       35545000	      3553	800034f4	a2938d93	addi	x27,x7,-1495	  x7:0x23779551 x27=0x23778f7a
       35555000	      3554	800034f8	00000013	addi	x0,x0,0	  x0:0x00000000
       35565000	      3555	800034fc	00505793	srli	x15,x0,0x5	  x0:0x00000000 x15=0x00000000
       35575000	      3556	80003500	41d7ddb3	sra	x27,x15,x29	 x15:0x00000000 x29:0x000008dd x27=0x00000000
       35585000	      3557	80003504	01929293	slli	x5,x5,0x19	  x5:0x00000674  x5=0xe8000000
       35595000	      3558	80003508	5a15bf97	auipc	x31,0x5a15b	 x31=0xda15e504
       35605000	      3559	8000350c	01dfd593	srli	x11,x31,0x1d	 x31:0xda15e504 x11=0x00000006
       35615000	      3560	80003510	003e58b3	srl	x17,x28,x3	 x28:0x00000000  x3:0x80009f4c x17=0x00000000
       35625000	      3561	80003514	9445c193	xori	x3,x11,-1724	 x11:0x00000006  x3=0xfffff942
       35635000	      3562	80003518	046df463	bgeu	x27,x6,80003560	 x27:0x00000000  x6:0x00000000
       35645000	      3563	00000000	00000013	addi	x0,x0,0	  x0:0x00000000
       35655000	      3564	8000355c	00000013	addi	x0,x0,0	  x0:0x00000000
       35665000	      3565	80003560	40be5e33	sra	x28,x28,x11	 x28:0x00000000 x11:0x00000006 x28=0x00000000
       35675000	      3566	80003564	00d41733	sll	x14,x8,x13	  x8:0x72abc1e0 x13:0xfff66df0 x14=0xc1e00000
       35685000	      3567	80003568	00000013	addi	x0,x0,0	  x0:0x00000000
       35695000	      3568	8000356c	0181e633	or	x12,x3,x24	  x3:0xfffff942 x24:0x00000000 x12=0xfffff942
       35705000	      3569	80003570	015b3c33	sltu	x24,x22,x21	 x22:0x16200000 x21:0x00000001 x24=0x00000000
       35715000	      3570	80003574	cece3413	sltiu	x8,x28,-788	 x28:0x00000000  x8=0x00000001
       35725000	      3571	80003578	1d457613	andi	x12,x10,468	 x10:0xfffffde9 x12=0x000001c0
       35735000	      3572	8000357c	00014eb3	xor	x29,x2,x0	  x2:0x80009fc4  x0:0x00000000 x29=0x80009fc4
       35745000	      3573	80003580	40d35c93	srai	x25,x6,0xd	  x6:0x00000000 x25=0x00000000
       35755000	      3574	80003584	03454e63	blt	x10,x20,800035c0	 x10:0xfffffde9 x20:0x00000674
       35765000	      3575	00000000	00000013	addi	x0,x0,0	  x0:0x00000000
       35775000	      3576	800035bc	00000013	addi	x0,x0,0	  x0:0x00000000
       35785000	      3577	800035c0	01eaa3b3	slt	x7,x21,x30	 x21:0x00000001 x30:0x2c400000  x7=0x00000001
       35795000	      3578	800035c4	02b86663	bltu	x16,x11,800035f0	 x16:0x23779002 x11:0x00000006
       35805000	      3579	800035c8	41e2d193	srai	x3,x5,0x1e	  x5:0xe8000000  x3=0xffffffff
       35815000	      3580	800035cc	5698cb13	xori	x22,x17,1385	 x17:0x00000000 x22=0x00000569
       35825000	      3581	800035d0	005a3633	sltu	x12,x20,x5	 x20:0x00000674  x5:0xe8000000 x12=0x00000001
       35835000	      3582	800035d4	01876d33	or	x26,x14,x24	 x14:0xc1e00000 x24:0x00000000 x26=0xc1e00000
       35845000	      3583	800035d8	027fc063	blt	x31,x7,800035f8	 x31:0xda15e504  x7:0x00000001
       35855000	      3584	00000000	00000013	addi	x0,x0,0	  x0:0x00000000
       35865000	      3585	800035f4	00000013	addi	x0,x0,0	  x0:0x00000000
       35875000	      3586	800035f8	003b7333	and	x6,x22,x3	 x22:0x00000569  x3:0xffffffff  x6=0x00000569
       35885000	      3587	800035fc	01ef95b3	sll	x11,x31,x30	 x31:0xda15e504 x30:0x2c400000 x11=0xda15e504
       35895000	      3588	80003600	00b18633	add	x12,x3,x11	  x3:0xffffffff x11:0xda15e504 x12=0xda15e503
       35905000	      3589	80003604	04a46463	bltu	x8,x10,8000364c	  x8:0x00000001 x10:0xfffffde9
       35915000	      3590	00000000	00000013	addi	x0,x0,0	  x0:0x00000000
       35925000	      3591	80003648	00000013	addi	x0,x0,0	  x0:0x00000000
       35935000	      3592	8000364c	00000013	addi	x0,x0,0	  x0:0x00000000
       35945000	      3593	80003650	015439b3	sltu	x19,x8,x21	  x8:0x00000001 x21:0x00000001 x19=0x00000000
       35955000	      3594	80003654	00079193	slli	x3,x15,0x0	 x15:0x00000000  x3=0x00000000
       35965000	      3595	80003658	9af607b7	lui	x15,0x9af60	 x15=0x9af60000
       35975000	      3596	8000365c	25900313	addi	x6,x0,601	  x0:0x00000000  x6=0x00000259
       35985000	      3597	80003660	41b05e93	srai	x29,x0,0x1b	  x0:0x00000000 x29=0x00000000
       35995000	      3598	80003664	40495493	srai	x9,x18,0x4	 x18:0xd72aba8e  x9=0xfd72aba8
       36005000	      3599	80003668	cda0f593	andi	x11,x1,-806	  x1:0x2377940f x11=0x2377940a
       36015000	      3600	8000366c	00c1c5b3	xor	x11,x3,x12	  x3:0x00000000 x12:0xda15e503 x11=0xda15e503
       36025000	      3601	80003670	bad4a813	slti	x16,x9,-1107	  x9:0xfd72aba8 x16=0x00000001
       36035000	      3602	80003674	ca3b2b37	lui	x22,0xca3b2	 x22=0xca3b2000
       36045000	      3603	80003678	5912a397	auipc	x7,0x5912a	  x7=0xd912d674
       36055000	      3604	8000367c	0936ca63	blt	x13,x19,80003710	 x13:0xfff66df0 x19:0x00000000
       36065000	      3605	00000000	00000013	addi	x0,x0,0	  x0:0x00000000
       36075000	      3606	8000370c	00000013	addi	x0,x0,0	  x0:0x00000000
       36085000	      3607	80003710	02d54463	blt	x10,x13,80003738	 x10:0xfffffde9 x13:0xfff66df0
       36095000	      3608	80003714	dff99637	lui	x12,0xdff99	 x12=0xdff99000
       36105000	      3609	80003718	00a81013	slli	x0,x16,0xa	 x16:0x00000001
       36115000	      3610	8000371c	01fe5c13	srli	x24,x28,0x1f	 x28:0x00000000 x24=0x00000000
       36125000	      3611	80003720	00000013	addi	x0,x0,0	  x0:0x00000000
       36135000	      3612	80003724	73d93d13	sltiu	x26,x18,1853	 x18:0xd72aba8e x26=0x00000000
       36145000	      3613	80003728	00000013	addi	x0,x0,0	  x0:0x00000000
       36155000	      3614	8000372c	00000013	addi	x0,x0,0	  x0:0x00000000
       36165000	      3615	80003730	00b8da33	srl	x20,x17,x11	 x17:0x00000000 x11:0xda15e503 x20=0x00000000
       36175000	      3616	80003734	05d99063	bne	x19,x29,80003774	 x19:0x00000000 x29:0x00000000
       36185000	      3617	80003738	81f0b093	sltiu	x1,x1,-2017	  x1:0x2377940f  x1=0x00000001
       36195000	      3618	8000373c	50040493	addi	x9,x8,1280	  x8:0x00000001  x9=0x00000501
       36205000	      3619	80003740	c1a34e13	xori	x28,x6,-998	  x6:0x00000259 x28=0xfffffe43
       36215000	      3620	80003744	00000013	addi	x0,x0,0	  x0:0x00000000
       36225000	      3621	80003748	0a160863	beq	x12,x1,800037f8	 x12:0xdff99000  x1:0x00000001
       36235000	      3622	8000374c	01b25a93	srli	x21,x4,0x1b	  x4:0x80009f60 x21=0x00000010
       36245000	      3623	80003750	418bd293	srai	x5,x23,0x18	 x23:0x00000001  x5=0x00000000
       36255000	      3624	80003754	086cee63	bltu	x25,x6,800037f0	 x25:0x00000000  x6:0x00000259
       36265000	      3625	00000000	00000013	addi	x0,x0,0	  x0:0x00000000
       36275000	      3626	800037ec	00000013	addi	x0,x0,0	  x0:0x00000000
       36285000	      3627	800037f0	41618cb3	sub	x25,x3,x22	  x3:0x00000000 x22:0xca3b2000 x25=0x35c4e000
       36295000	      3628	800037f4	258d91b7	lui	x3,0x258d9	  x3=0x258d9000
       36305000	      3629	800037f8	00092733	slt	x14,x18,x0	 x18:0xd72aba8e  x0:0x00000000 x14=0x00000001
       36315000	      3630	800037fc	0543f263	bgeu	x7,x20,80003840	  x7:0xd912d674 x20:0x00000000
       36325000	      3631	00000000	00000013	addi	x0,x0,0	  x0:0x00000000
       36335000	      3632	8000383c	00000013	addi	x0,x0,0	  x0:0x00000000
       36345000	      3633	80003840	40658ab3	sub	x21,x11,x6	 x11:0xda15e503  x6:0x00000259 x21=0xda15e2aa
       36355000	      3634	80003844	1581cbb7	lui	x23,0x1581c	 x23=0x1581c000
       36365000	      3635	80003848	41458633	sub	x12,x11,x20	 x11:0xda15e503 x20:0x00000000 x12=0xda15e503
       36375000	      3636	8000384c	037d0063	beq	x26,x23,8000386c	 x26:0x00000000 x23:0x1581c000
       36385000	      3637	80003850	00f12433	slt	x8,x2,x15	  x2:0x80009fc4 x15:0x9af60000  x8=0x00000001
       36395000	      3638	80003854	d1e48f93	addi	x31,x9,-738	  x9:0x00000501 x31=0x0000021f
       36405000	      3639	80003858	01d99713	slli	x14,x19,0x1d	 x19:0x00000000 x14=0x00000000
       36415000	      3640	8000385c	00a89d33	sll	x26,x17,x10	 x17:0x00000000 x10:0xfffffde9 x26=0x00000000
       36425000	      3641	80003860	01853bb3	sltu	x23,x10,x24	 x10:0xfffffde9 x24:0x00000000 x23=0x00000000
       36435000	      3642	80003864	40b3d313	srai	x6,x7,0xb	  x7:0xd912d674  x6=0xfffb225a
       36445000	      3643	80003868	41838bb3	sub	x23,x7,x24	  x7:0xd912d674 x24:0x00000000 x23=0xd912d674
       36455000	      3644	8000386c	41a1df13	srai	x30,x3,0x1a	  x3:0x258d9000 x30=0x00000009
       36465000	      3645	80003870	03f87a63	bgeu	x16,x31,800038a4	 x16:0x00000001 x31:0x0000021f
       36475000	      3646	80003874	9c742813	slti	x16,x8,-1593	  x8:0x00000001 x16=0x00000000
       36485000	      3647	80003878	9e0dd297	auipc	x5,0x9e0dd	  x5=0x1e0e0874
       36495000	      3648	8000387c	40e209b3	sub	x19,x4,x14	  x4:0x80009f60 x14:0x00000000 x19=0x80009f60
       36505000	      3649	80003880	416907b3	sub	x15,x18,x22	 x18:0xd72aba8e x22:0xca3b2000 x15=0x0cef9a8e
       36515000	      3650	80003884	014c6863	bltu	x24,x20,80003894	 x24:0x00000000 x20:0x00000000
       36525000	      3651	80003888	01ca4b33	xor	x22,x20,x28	 x20:0x00000000 x28:0xfffffe43 x22=0xfffffe43
       36535000	      3652	8000388c	01d372b3	and	x5,x6,x29	  x6:0xfffb225a x29:0x00000000  x5=0x00000000
       36545000	      3653	80003890	58f30013	addi	x0,x6,1423	  x6:0xfffb225a
       36555000	      3654	80003894	a23d1d37	lui	x26,0xa23d1	 x26=0xa23d1000
       36565000	      3655	80003898	16ab9e37	lui	x28,0x16ab9	 x28=0x16ab9000
       36575000	      3656	8000389c	00e657b3	srl	x15,x12,x14	 x12:0xda15e503 x14:0x00000000 x15=0xda15e503
       36585000	      3657	800038a0	0037a9b3	slt	x19,x15,x3	 x15:0xda15e503  x3:0x258d9000 x19=0x00000001
       36595000	      3658	800038a4	014266b3	or	x13,x4,x20	  x4:0x80009f60 x20:0x00000000 x13=0x80009f60
       36605000	      3659	800038a8	0e863293	sltiu	x5,x12,232	 x12:0xda15e503  x5=0x00000000
       36615000	      3660	800038ac	00619b13	slli	x22,x3,0x6	  x3:0x258d9000 x22=0x63640000
       36625000	      3661	800038b0	023a9463	bne	x21,x3,800038d8	 x21:0xda15e2aa  x3:0x258d9000
       36635000	      3662	00000000	00000013	addi	x0,x0,0	  x0:0x00000000
       36645000	      3663	800038d4	00000013	addi	x0,x0,0	  x0:0x00000000
       36655000	      3664	800038d8	022ed863	bge	x29,x2,80003908	 x29:0x00000000  x2:0x80009fc4
       36665000	      3665	00000000	00000013	addi	x0,x0,0	  x0:0x00000000
       36675000	      3666	80003904	00000013	addi	x0,x0,0	  x0:0x00000000
       36685000	      3667	80003908	00ca35b3	sltu	x11,x20,x12	 x20:0x00000000 x12:0xda15e503 x11=0x00000001
       36695000	      3668	8000390c	0001feb3	and	x29,x3,x0	  x3:0x258d9000  x0:0x00000000 x29=0x00000000
       36705000	      3669	80003910	01034263	blt	x6,x16,80003914	  x6:0xfffb225a x16:0x00000000
       36715000	      3670	00000000	00000013	addi	x0,x0,0	  x0:0x00000000
       36725000	      3671	80003910	00000013	addi	x0,x0,0	  x0:0x00000000
       36735000	      3672	80003914	01765663	bge	x12,x23,80003920	 x12:0xda15e503 x23:0xd912d674
       36745000	      3673	00000000	00000013	addi	x0,x0,0	  x0:0x00000000
       36755000	      3674	8000391c	00000013	addi	x0,x0,0	  x0:0x00000000
       36765000	      3675	80003920	5083ab13	slti	x22,x7,1288	  x7:0xd912d674 x22=0x00000001
       36775000	      3676	80003924	87217d37	lui	x26,0x87217	 x26=0x87217000
       36785000	      3677	80003928	415bc513	xori	x10,x23,1045	 x23:0xd912d674 x10=0xd912d261
       36795000	      3678	8000392c	00422083	lw	x1,4(x4)	  x4:0x80009f60  x1=0x80000124 PA:0x80009f64
       36805000	      3679	80003930	41415493	srai	x9,x2,0x14	  x2:0x80009fc4  x9=0xfffff800
       36815000	      3680	80003934	67f17613	andi	x12,x2,1663	  x2:0x80009fc4 x12=0x00000644
       36825000	      3681	80003938	02420213	addi	x4,x4,36	  x4:0x80009f60  x4=0x80009f84
       36835000	      3682	8000393c	d4a5ae13	slti	x28,x11,-694	 x11:0x00000001 x28=0x00000000
       36845000	      3683	80003940	0062ca33	xor	x20,x5,x6	  x5:0x00000000  x6:0xfffb225a x20=0xfffb225a
       36855000	      3684	80003944	00891193	slli	x3,x18,0x8	 x18:0xd72aba8e  x3=0x2aba8e00
       36865000	      3685	80003948	eaf9f393	andi	x7,x19,-337	 x19:0x00000001  x7=0x00000001
       36875000	      3686	8000394c	00008693	addi	x13,x1,0	  x1:0x80000124 x13=0x80000124
       36885000	      3687	80003950	000686e7	jalr	x13,x13,0	 x13:0x80000124 x13=0x80003950
       36895000	      3688	00000000	00000013	addi	x0,x0,0	  x0:0x00000000
       36905000	      3689	80000124	00000013	addi	x0,x0,0	  x0:0x00000000
       36915000	      3690	80000128	01c000ef	jal	x1,80000128	  x1=0x80000128
       36925000	      3691	00000000	00000013	addi	x0,x0,0	  x0:0x00000000
       36935000	      3692	80000140	00000013	addi	x0,x0,0	  x0:0x00000000
       36945000	      3693	80000144	ff9ff36f	jal	x6,80000144	  x6=0x80000144
       36955000	      3694	00000000	00000013	addi	x0,x0,0	  x0:0x00000000
       36965000	      3695	80000138	00000013	addi	x0,x0,0	  x0:0x00000000
       36975000	      3696	8000013c	ff1ff36f	jal	x6,8000013c	  x6=0x8000013c
       36985000	      3697	00000000	00000013	addi	x0,x0,0	  x0:0x00000000
       36995000	      3698	80000128	00000013	addi	x0,x0,0	  x0:0x00000000
       37005000	      3699	8000012c	004000ef	jal	x1,8000012c	  x1=0x8000012c
       37015000	      3700	00000000	00000013	addi	x0,x0,0	  x0:0x00000000
       37025000	      3701	8000012c	00000013	addi	x0,x0,0	  x0:0x00000000
       37035000	      3702	80000130	0200036f	jal	x6,80000130	  x6=0x80000130
       37045000	      3703	00000000	00000013	addi	x0,x0,0	  x0:0x00000000
       37055000	      3704	8000014c	00000013	addi	x0,x0,0	  x0:0x00000000
       37065000	      3705	80000150	ff1ff2ef	jal	x5,80000150	  x5=0x80000150
       37075000	      3706	00000000	00000013	addi	x0,x0,0	  x0:0x00000000
       37085000	      3707	8000013c	00000013	addi	x0,x0,0	  x0:0x00000000
       37095000	      3708	80000140	020007ef	jal	x15,80000140	 x15=0x80000140
       37105000	      3709	00000000	00000013	addi	x0,x0,0	  x0:0x00000000
       37115000	      3710	8000015c	00000013	addi	x0,x0,0	  x0:0x00000000
       37125000	      3711	80000160	fd5ff0ef	jal	x1,80000160	  x1=0x80000160
       37135000	      3712	00000000	00000013	addi	x0,x0,0	  x0:0x00000000
       37145000	      3713	80000130	00000013	addi	x0,x0,0	  x0:0x00000000
       37155000	      3714	80000134	0280036f	jal	x6,80000134	  x6=0x80000134
       37165000	      3715	00000000	00000013	addi	x0,x0,0	  x0:0x00000000
       37175000	      3716	80000158	00000013	addi	x0,x0,0	  x0:0x00000000
       37185000	      3717	8000015c	fddff7ef	jal	x15,8000015c	 x15=0x8000015c
       37195000	      3718	00000000	00000013	addi	x0,x0,0	  x0:0x00000000
       37205000	      3719	80000134	00000013	addi	x0,x0,0	  x0:0x00000000
       37215000	      3720	80000138	01c0036f	jal	x6,80000138	  x6=0x80000138
       37225000	      3721	00000000	00000013	addi	x0,x0,0	  x0:0x00000000
       37235000	      3722	80000150	00000013	addi	x0,x0,0	  x0:0x00000000
       37245000	      3723	80000154	018000ef	jal	x1,80000154	  x1=0x80000154
       37255000	      3724	00000000	00000013	addi	x0,x0,0	  x0:0x00000000
       37265000	      3725	80000168	00000013	addi	x0,x0,0	  x0:0x00000000
       37275000	      3726	8000016c	00800f6f	jal	x30,8000016c	 x30=0x8000016c
       37285000	      3727	00000000	00000013	addi	x0,x0,0	  x0:0x00000000
       37295000	      3728	80000170	00000013	addi	x0,x0,0	  x0:0x00000000
       37305000	      3729	80000174	fe5ff36f	jal	x6,80000174	  x6=0x80000174
       37315000	      3730	00000000	00000013	addi	x0,x0,0	  x0:0x00000000
       37325000	      3731	80000154	00000013	addi	x0,x0,0	  x0:0x00000000
       37335000	      3732	80000158	ff5ff36f	jal	x6,80000158	  x6=0x80000158
       37345000	      3733	00000000	00000013	addi	x0,x0,0	  x0:0x00000000
       37355000	      3734	80000148	00000013	addi	x0,x0,0	  x0:0x00000000
       37365000	      3735	8000014c	01c004ef	jal	x9,8000014c	  x9=0x8000014c
       37375000	      3736	00000000	00000013	addi	x0,x0,0	  x0:0x00000000
       37385000	      3737	80000164	00000013	addi	x0,x0,0	  x0:0x00000000
       37395000	      3738	80000168	fe1ff56f	jal	x10,80000168	 x10=0x80000168
       37405000	      3739	00000000	00000013	addi	x0,x0,0	  x0:0x00000000
       37415000	      3740	80000144	00000013	addi	x0,x0,0	  x0:0x00000000
       37425000	      3741	80000148	01c009ef	jal	x19,80000148	 x19=0x80000148
       37435000	      3742	00000000	00000013	addi	x0,x0,0	  x0:0x00000000
       37445000	      3743	80000160	00000013	addi	x0,x0,0	  x0:0x00000000
       37455000	      3744	80000164	00c0036f	jal	x6,80000164	  x6=0x80000164
       37465000	      3745	00000000	00000013	addi	x0,x0,0	  x0:0x00000000
       37475000	      3746	8000016c	00000013	addi	x0,x0,0	  x0:0x00000000
       37485000	      3747	80000170	008000ef	jal	x1,80000170	  x1=0x80000170
       37495000	      3748	00000000	00000013	addi	x0,x0,0	  x0:0x00000000
       37505000	      3749	80000174	00000013	addi	x0,x0,0	  x0:0x00000000
       37515000	      3750	80000178	4c608b13	addi	x22,x1,1222	  x1:0x80000170 x22=0x80000636
       37525000	      3751	8000017c	0531d663	bge	x3,x19,800001c8	  x3:0x2aba8e00 x19:0x80000148
       37535000	      3752	00000000	00000013	addi	x0,x0,0	  x0:0x00000000
       37545000	      3753	800001c4	00000013	addi	x0,x0,0	  x0:0x00000000
       37555000	      3754	800001c8	41d6da13	srai	x20,x13,0x1d	 x13:0x80003950 x20=0xfffffffc
       37565000	      3755	800001cc	00000917	auipc	x18,0x0	 x18=0x800001c8
       37575000	      3756	800001d0	00c90913	addi	x18,x18,12	 x18:0x800001c8 x18=0x800001d4
       37585000	      3757	800001d4	00090067	jalr	x0,x18,0	 x18:0x800001d4
       37595000	      3758	00000000	00000013	addi	x0,x0,0	  x0:0x00000000
       37605000	      3759	800001d4	00000013	addi	x0,x0,0	  x0:0x00000000
       37615000	      3760	800001d8	00100193	addi	x3,x0,1	  x0:0x00000000  x3=0x00000001
       37625000	      3761	800001dc	00000073	ecall	
       37635000	      3762	800001e0	013d6c33	or	x24,x26,x19	 x26:0x87217000 x19:0x80000148 x24=0x87217148
