		Time			Cycle	PC		Insn	Decoded instruction	Register and memory contents
          65000	         5	80000004	00000293	addi	x5,x0,0	  x0:0x00000000  x5=0x00000000
          75000	         6	80000008	00000313	addi	x6,x0,0	  x0:0x00000000  x6=0x00000000
          85000	         7	8000000c	00628263	beq	x5,x6,80000010	  x5:0x00000000  x6:0x00000000
          95000	         8	00000000	00000013	addi	x0,x0,0	  x0:0x00000000
         105000	         9	8000000c	00000013	addi	x0,x0,0	  x0:0x00000000
         115000	        10	80000010	00000897	auipc	x17,0x0	 x17=0x8000000c
         125000	        11	80000014	00c88893	addi	x17,x17,12	 x17:0x8000000c x17=0x80000018
         135000	        12	80000018	00088067	jalr	x0,x17,0	 x17:0x80000018
         145000	        13	00000000	00000013	addi	x0,x0,0	  x0:0x00000000
         155000	        14	80000018	00000013	addi	x0,x0,0	  x0:0x00000000
         165000	        15	8000001c	400005b7	lui	x11,0x40000	 x11=0x40000000
         175000	        16	80000020	10058593	addi	x11,x11,256	 x11:0x40000000 x11=0x40000100
         185000	        17	80000024	00000013	addi	x0,x0,0	  x0:0x00000000
         195000	        18	80000028	0000ad97	auipc	x27,0xa	 x27=0x8000a024
         205000	        19	8000002c	fa0d8d93	addi	x27,x27,-96	 x27:0x8000a024 x27=0x80009fc4
         215000	        20	80000030	00004597	auipc	x11,0x4	 x11=0x8000402c
         225000	        21	80000034	69458593	addi	x11,x11,1684	 x11:0x8000402c x11=0x800046c0
         235000	        22	80000038	0005e593	ori	x11,x11,0	 x11:0x800046c0 x11=0x800046c0
         245000	        23	8000003c	00000013	addi	x0,x0,0	  x0:0x00000000
         255000	        24	80000040	00000597	auipc	x11,0x0	 x11=0x8000003c
         265000	        25	80000044	02058593	addi	x11,x11,32	 x11:0x8000003c x11=0x8000005c
         275000	        26	80000048	00000013	addi	x0,x0,0	  x0:0x00000000
         285000	        27	8000004c	00000013	addi	x0,x0,0	  x0:0x00000000
         295000	        28	80000050	000025b7	lui	x11,0x2	 x11=0x00002000
         305000	        29	80000054	80058593	addi	x11,x11,-2048	 x11:0x00002000 x11=0x00001800
         315000	        30	80000058	00000013	addi	x0,x0,0	  x0:0x00000000
         325000	        31	8000005c	00000013	addi	x0,x0,0	  x0:0x00000000
         335000	        32	80000060	00200013	addi	x0,x0,2	  x0:0x00000000
         345000	        33	80000064	00200093	addi	x1,x0,2	  x0:0x00000000  x1=0x00000002
         355000	        34	80000068	30088137	lui	x2,0x30088	  x2=0x30088000
         365000	        35	8000006c	fda10113	addi	x2,x2,-38	  x2:0x30088000  x2=0x30087fda
         375000	        36	80000070	f77031b7	lui	x3,0xf7703	  x3=0xf7703000
         385000	        37	80000074	cd818193	addi	x3,x3,-808	  x3:0xf7703000  x3=0xf7702cd8
         395000	        38	80000078	00d00213	addi	x4,x0,13	  x0:0x00000000  x4=0x0000000d
         405000	        39	8000007c	fe1b42b7	lui	x5,0xfe1b4	  x5=0xfe1b4000
         415000	        40	80000080	17628293	addi	x5,x5,374	  x5:0xfe1b4000  x5=0xfe1b4176
         425000	        41	80000084	95791337	lui	x6,0x95791	  x6=0x95791000
         435000	        42	80000088	4f630313	addi	x6,x6,1270	  x6:0x95791000  x6=0x957914f6
         445000	        43	8000008c	00000393	addi	x7,x0,0	  x0:0x00000000  x7=0x00000000
         455000	        44	80000090	80000437	lui	x8,0x80000	  x8=0x80000000
         465000	        45	80000094	00000493	addi	x9,x0,0	  x0:0x00000000  x9=0x00000000
         475000	        46	80000098	00000513	addi	x10,x0,0	  x0:0x00000000 x10=0x00000000
         485000	        47	8000009c	800005b7	lui	x11,0x80000	 x11=0x80000000
         495000	        48	800000a0	00000613	addi	x12,x0,0	  x0:0x00000000 x12=0x00000000
         505000	        49	800000a4	800006b7	lui	x13,0x80000	 x13=0x80000000
         515000	        50	800000a8	80000737	lui	x14,0x80000	 x14=0x80000000
         525000	        51	800000ac	9c25b7b7	lui	x15,0x9c25b	 x15=0x9c25b000
         535000	        52	800000b0	be978793	addi	x15,x15,-1047	 x15:0x9c25b000 x15=0x9c25abe9
         545000	        53	800000b4	e33fb837	lui	x16,0xe33fb	 x16=0xe33fb000
         555000	        54	800000b8	26980813	addi	x16,x16,617	 x16:0xe33fb000 x16=0xe33fb269
         565000	        55	800000bc	800008b7	lui	x17,0x80000	 x17=0x80000000
         575000	        56	800000c0	913dd937	lui	x18,0x913dd	 x18=0x913dd000
         585000	        57	800000c4	f8d90913	addi	x18,x18,-115	 x18:0x913dd000 x18=0x913dcf8d
         595000	        58	800000c8	80000a37	lui	x20,0x80000	 x20=0x80000000
         605000	        59	800000cc	00000a93	addi	x21,x0,0	  x0:0x00000000 x21=0x00000000
         615000	        60	800000d0	00000b13	addi	x22,x0,0	  x0:0x00000000 x22=0x00000000
         625000	        61	800000d4	00600b93	addi	x23,x0,6	  x0:0x00000000 x23=0x00000006
         635000	        62	800000d8	80000c37	lui	x24,0x80000	 x24=0x80000000
         645000	        63	800000dc	80000cb7	lui	x25,0x80000	 x25=0x80000000
         655000	        64	800000e0	80000d37	lui	x26,0x80000	 x26=0x80000000
         665000	        65	800000e4	99eb8e37	lui	x28,0x99eb8	 x28=0x99eb8000
         675000	        66	800000e8	079e0e13	addi	x28,x28,121	 x28:0x99eb8000 x28=0x99eb8079
         685000	        67	800000ec	00600e93	addi	x29,x0,6	  x0:0x00000000 x29=0x00000006
         695000	        68	800000f0	00000f13	addi	x30,x0,0	  x0:0x00000000 x30=0x00000000
         705000	        69	800000f4	80000fb7	lui	x31,0x80000	 x31=0x80000000
         715000	        70	800000f8	0000a997	auipc	x19,0xa	 x19=0x8000a0f4
         725000	        71	800000fc	e9098993	addi	x19,x19,-368	 x19:0x8000a0f4 x19=0x80009f84
         735000	        72	80000100	00ea3eb3	sltu	x29,x20,x14	 x20:0x80000000 x14:0x80000000 x29=0x00000000
         745000	        73	80000104	00002517	auipc	x10,0x2	 x10=0x80002100
         755000	        74	80000108	35450513	addi	x10,x10,852	 x10:0x80002100 x10=0x80002454
         765000	        75	8000010c	a33daf13	slti	x30,x27,-1485	 x27:0x80009fc4 x30=0x00000001
         775000	        76	80000110	c6f50513	addi	x10,x10,-913	 x10:0x80002454 x10=0x800020c3
         785000	        77	80000114	01c487b3	add	x15,x9,x28	  x9:0x00000000 x28:0x99eb8079 x15=0x99eb8079
         795000	        78	80000118	01f06663	bltu	x0,x31,80000124	  x0:0x00000000 x31:0x80000000
         805000	        79	00000000	00000013	addi	x0,x0,0	  x0:0x00000000
         815000	        80	80000120	00000013	addi	x0,x0,0	  x0:0x00000000
         825000	        81	80000124	391500e7	jalr	x1,x10,913	 x10:0x800020c3  x1=0x80000124
         835000	        82	00000000	00000013	addi	x0,x0,0	  x0:0x00000000
         845000	        83	80002454	00000013	addi	x0,x0,0	  x0:0x00000000
         855000	        84	80002458	fd898993	addi	x19,x19,-40	 x19:0x80009f84 x19=0x80009f5c
         865000	        85	8000245c	01822133	slt	x2,x4,x24	  x4:0x0000000d x24:0x80000000  x2=0x00000000
         875000	        86	80002460	41605393	srai	x7,x0,0x16	  x0:0x00000000  x7=0x00000000
         885000	        87	80002464	01b34433	xor	x8,x6,x27	  x6:0x957914f6 x27:0x80009fc4  x8=0x15798b32
         895000	        88	80002468	00d304b3	add	x9,x6,x13	  x6:0x957914f6 x13:0x80000000  x9=0x157914f6
         905000	        89	8000246c	01c432b3	sltu	x5,x8,x28	  x8:0x15798b32 x28:0x99eb8079  x5=0x00000001
         915000	        90	80002470	00000013	addi	x0,x0,0	  x0:0x00000000
         925000	        91	80002474	0019a223	sw	x1,4(x19)	 x19:0x80009f5c  x1:0x80000124 PA:0x80009f60
         935000	        92	80002478	401d5c93	srai	x25,x26,0x1	 x26:0x80000000 x25=0xc0000000
         945000	        93	8000247c	02c000ef	jal	x1,8000247c	  x1=0x8000247c
         955000	        94	00000000	00000013	addi	x0,x0,0	  x0:0x00000000
         965000	        95	800024a4	00000013	addi	x0,x0,0	  x0:0x00000000
         975000	        96	800024a8	fedff0ef	jal	x1,800024a8	  x1=0x800024a8
         985000	        97	00000000	00000013	addi	x0,x0,0	  x0:0x00000000
         995000	        98	80002490	00000013	addi	x0,x0,0	  x0:0x00000000
        1005000	        99	80002494	0100026f	jal	x4,80002494	  x4=0x80002494
        1015000	       100	00000000	00000013	addi	x0,x0,0	  x0:0x00000000
        1025000	       101	800024a0	00000013	addi	x0,x0,0	  x0:0x00000000
        1035000	       102	800024a4	fe9ff0ef	jal	x1,800024a4	  x1=0x800024a4
        1045000	       103	00000000	00000013	addi	x0,x0,0	  x0:0x00000000
        1055000	       104	80002488	00000013	addi	x0,x0,0	  x0:0x00000000
        1065000	       105	8000248c	00c000ef	jal	x1,8000248c	  x1=0x8000248c
        1075000	       106	00000000	00000013	addi	x0,x0,0	  x0:0x00000000
        1085000	       107	80002494	00000013	addi	x0,x0,0	  x0:0x00000000
        1095000	       108	80002498	008000ef	jal	x1,80002498	  x1=0x80002498
        1105000	       109	00000000	00000013	addi	x0,x0,0	  x0:0x00000000
        1115000	       110	8000249c	00000013	addi	x0,x0,0	  x0:0x00000000
        1125000	       111	800024a0	fe1ff36f	jal	x6,800024a0	  x6=0x800024a0
        1135000	       112	00000000	00000013	addi	x0,x0,0	  x0:0x00000000
        1145000	       113	8000247c	00000013	addi	x0,x0,0	  x0:0x00000000
        1155000	       114	80002480	0040046f	jal	x8,80002480	  x8=0x80002480
        1165000	       115	00000000	00000013	addi	x0,x0,0	  x0:0x00000000
        1175000	       116	80002480	00000013	addi	x0,x0,0	  x0:0x00000000
        1185000	       117	80002484	004000ef	jal	x1,80002484	  x1=0x80002484
        1195000	       118	00000000	00000013	addi	x0,x0,0	  x0:0x00000000
        1205000	       119	80002484	00000013	addi	x0,x0,0	  x0:0x00000000
        1215000	       120	80002488	008000ef	jal	x1,80002488	  x1=0x80002488
        1225000	       121	00000000	00000013	addi	x0,x0,0	  x0:0x00000000
        1235000	       122	8000248c	00000013	addi	x0,x0,0	  x0:0x00000000
        1245000	       123	80002490	01c0036f	jal	x6,80002490	  x6=0x80002490
        1255000	       124	00000000	00000013	addi	x0,x0,0	  x0:0x00000000
        1265000	       125	800024a8	00000013	addi	x0,x0,0	  x0:0x00000000
        1275000	       126	800024ac	ff1ff36f	jal	x6,800024ac	  x6=0x800024ac
        1285000	       127	00000000	00000013	addi	x0,x0,0	  x0:0x00000000
        1295000	       128	80002498	00000013	addi	x0,x0,0	  x0:0x00000000
        1305000	       129	8000249c	0180036f	jal	x6,8000249c	  x6=0x8000249c
        1315000	       130	00000000	00000013	addi	x0,x0,0	  x0:0x00000000
        1325000	       131	800024b0	00000013	addi	x0,x0,0	  x0:0x00000000
        1335000	       132	800024b4	ffdff36f	jal	x6,800024b4	  x6=0x800024b4
        1345000	       133	00000000	00000013	addi	x0,x0,0	  x0:0x00000000
        1355000	       134	800024ac	00000013	addi	x0,x0,0	  x0:0x00000000
        1365000	       135	800024b0	008002ef	jal	x5,800024b0	  x5=0x800024b0
        1375000	       136	00000000	00000013	addi	x0,x0,0	  x0:0x00000000
        1385000	       137	800024b4	00000013	addi	x0,x0,0	  x0:0x00000000
        1395000	       138	800024b8	259c7593	andi	x11,x24,601	 x24:0x80000000 x11=0x00000000
        1405000	       139	800024bc	018000ef	jal	x1,800024bc	  x1=0x800024bc
        1415000	       140	00000000	00000013	addi	x0,x0,0	  x0:0x00000000
        1425000	       141	800024d0	00000013	addi	x0,x0,0	  x0:0x00000000
        1435000	       142	800024d4	01800aef	jal	x21,800024d4	 x21=0x800024d4
        1445000	       143	00000000	00000013	addi	x0,x0,0	  x0:0x00000000
        1455000	       144	800024e8	00000013	addi	x0,x0,0	  x0:0x00000000
        1465000	       145	800024ec	00c000ef	jal	x1,800024ec	  x1=0x800024ec
        1475000	       146	00000000	00000013	addi	x0,x0,0	  x0:0x00000000
        1485000	       147	800024f4	00000013	addi	x0,x0,0	  x0:0x00000000
        1495000	       148	800024f8	fcdff36f	jal	x6,800024f8	  x6=0x800024f8
        1505000	       149	00000000	00000013	addi	x0,x0,0	  x0:0x00000000
        1515000	       150	800024c0	00000013	addi	x0,x0,0	  x0:0x00000000
        1525000	       151	800024c4	008000ef	jal	x1,800024c4	  x1=0x800024c4
        1535000	       152	00000000	00000013	addi	x0,x0,0	  x0:0x00000000
        1545000	       153	800024c8	00000013	addi	x0,x0,0	  x0:0x00000000
        1555000	       154	800024cc	03c0036f	jal	x6,800024cc	  x6=0x800024cc
        1565000	       155	00000000	00000013	addi	x0,x0,0	  x0:0x00000000
        1575000	       156	80002504	00000013	addi	x0,x0,0	  x0:0x00000000
        1585000	       157	80002508	ffdff16f	jal	x2,80002508	  x2=0x80002508
        1595000	       158	00000000	00000013	addi	x0,x0,0	  x0:0x00000000
        1605000	       159	80002500	00000013	addi	x0,x0,0	  x0:0x00000000
        1615000	       160	80002504	fc5ff36f	jal	x6,80002504	  x6=0x80002504
        1625000	       161	00000000	00000013	addi	x0,x0,0	  x0:0x00000000
        1635000	       162	800024c4	00000013	addi	x0,x0,0	  x0:0x00000000
        1645000	       163	800024c8	01800aef	jal	x21,800024c8	 x21=0x800024c8
        1655000	       164	00000000	00000013	addi	x0,x0,0	  x0:0x00000000
        1665000	       165	800024dc	00000013	addi	x0,x0,0	  x0:0x00000000
        1675000	       166	800024e0	014000ef	jal	x1,800024e0	  x1=0x800024e0
        1685000	       167	00000000	00000013	addi	x0,x0,0	  x0:0x00000000
        1695000	       168	800024f0	00000013	addi	x0,x0,0	  x0:0x00000000
        1705000	       169	800024f4	ffdff0ef	jal	x1,800024f4	  x1=0x800024f4
        1715000	       170	00000000	00000013	addi	x0,x0,0	  x0:0x00000000
        1725000	       171	800024ec	00000013	addi	x0,x0,0	  x0:0x00000000
        1735000	       172	800024f0	fedff36f	jal	x6,800024f0	  x6=0x800024f0
        1745000	       173	00000000	00000013	addi	x0,x0,0	  x0:0x00000000
        1755000	       174	800024d8	00000013	addi	x0,x0,0	  x0:0x00000000
        1765000	       175	800024dc	fe5ff0ef	jal	x1,800024dc	  x1=0x800024dc
        1775000	       176	00000000	00000013	addi	x0,x0,0	  x0:0x00000000
        1785000	       177	800024bc	00000013	addi	x0,x0,0	  x0:0x00000000
        1795000	       178	800024c0	0100026f	jal	x4,800024c0	  x4=0x800024c0
        1805000	       179	00000000	00000013	addi	x0,x0,0	  x0:0x00000000
        1815000	       180	800024cc	00000013	addi	x0,x0,0	  x0:0x00000000
        1825000	       181	800024d0	014000ef	jal	x1,800024d0	  x1=0x800024d0
        1835000	       182	00000000	00000013	addi	x0,x0,0	  x0:0x00000000
        1845000	       183	800024e0	00000013	addi	x0,x0,0	  x0:0x00000000
        1855000	       184	800024e4	01c00c6f	jal	x24,800024e4	 x24=0x800024e4
        1865000	       185	00000000	00000013	addi	x0,x0,0	  x0:0x00000000
        1875000	       186	800024fc	00000013	addi	x0,x0,0	  x0:0x00000000
        1885000	       187	80002500	fe9ff0ef	jal	x1,80002500	  x1=0x80002500
        1895000	       188	00000000	00000013	addi	x0,x0,0	  x0:0x00000000
        1905000	       189	800024e4	00000013	addi	x0,x0,0	  x0:0x00000000
        1915000	       190	800024e8	014000ef	jal	x1,800024e8	  x1=0x800024e8
        1925000	       191	00000000	00000013	addi	x0,x0,0	  x0:0x00000000
        1935000	       192	800024f8	00000013	addi	x0,x0,0	  x0:0x00000000
        1945000	       193	800024fc	fddff5ef	jal	x11,800024fc	 x11=0x800024fc
        1955000	       194	00000000	00000013	addi	x0,x0,0	  x0:0x00000000
        1965000	       195	800024d4	00000013	addi	x0,x0,0	  x0:0x00000000
        1975000	       196	800024d8	034000ef	jal	x1,800024d8	  x1=0x800024d8
        1985000	       197	00000000	00000013	addi	x0,x0,0	  x0:0x00000000
        1995000	       198	80002508	00000013	addi	x0,x0,0	  x0:0x00000000
        2005000	       199	8000250c	0040036f	jal	x6,8000250c	  x6=0x8000250c
        2015000	       200	00000000	00000013	addi	x0,x0,0	  x0:0x00000000
        2025000	       201	8000250c	00000013	addi	x0,x0,0	  x0:0x00000000
        2035000	       202	80002510	01d765b3	or	x11,x14,x29	 x14:0x80000000 x29:0x00000000 x11=0x80000000
        2045000	       203	80002514	01629f33	sll	x30,x5,x22	  x5:0x800024b0 x22:0x00000000 x30=0x800024b0
        2055000	       204	80002518	00560663	beq	x12,x5,80002524	 x12:0x00000000  x5:0x800024b0
        2065000	       205	8000251c	5c562793	slti	x15,x12,1477	 x12:0x00000000 x15=0x00000001
        2075000	       206	80002520	04e38063	beq	x7,x14,80002560	  x7:0x00000000 x14:0x80000000
        2085000	       207	80002524	00559263	bne	x11,x5,80002528	 x11:0x80000000  x5:0x800024b0
        2095000	       208	00000000	00000013	addi	x0,x0,0	  x0:0x00000000
        2105000	       209	80002524	00000013	addi	x0,x0,0	  x0:0x00000000
        2115000	       210	80002528	f835b713	sltiu	x14,x11,-125	 x11:0x80000000 x14=0x00000001
        2125000	       211	8000252c	00de9513	slli	x10,x29,0xd	 x29:0x00000000 x10=0x00000000
        2135000	       212	80002530	4664be13	sltiu	x28,x9,1126	  x9:0x157914f6 x28=0x00000000
        2145000	       213	80002534	459bc313	xori	x6,x23,1113	 x23:0x00000006  x6=0x0000045f
        2155000	       214	80002538	007d6533	or	x10,x26,x7	 x26:0x80000000  x7:0x00000000 x10=0x80000000
        2165000	       215	8000253c	03261863	bne	x12,x18,8000256c	 x12:0x00000000 x18:0x913dcf8d
        2175000	       216	00000000	00000013	addi	x0,x0,0	  x0:0x00000000
        2185000	       217	80002568	00000013	addi	x0,x0,0	  x0:0x00000000
        2195000	       218	8000256c	0118e833	or	x16,x17,x17	 x17:0x80000000 x17:0x80000000 x16=0x80000000
        2205000	       219	80002570	00101b33	sll	x22,x0,x1	  x0:0x00000000  x1:0x800024d8 x22=0x00000000
        2215000	       220	80002574	00000013	addi	x0,x0,0	  x0:0x00000000
        2225000	       221	80002578	01b8b5b3	sltu	x11,x17,x27	 x17:0x80000000 x27:0x80009fc4 x11=0x00000001
        2235000	       222	8000257c	4161dab3	sra	x21,x3,x22	  x3:0xf7702cd8 x22:0x00000000 x21=0xf7702cd8
        2245000	       223	80002580	8fdf6697	auipc	x13,0x8fdf6	 x13=0x0fdf857c
        2255000	       224	80002584	00155d13	srli	x26,x10,0x1	 x10:0x80000000 x26=0x40000000
        2265000	       225	80002588	002d3433	sltu	x8,x26,x2	 x26:0x40000000  x2:0x80002508  x8=0x00000001
        2275000	       226	8000258c	00d80e63	beq	x16,x13,800025a8	 x16:0x80000000 x13:0x0fdf857c
        2285000	       227	80002590	00841933	sll	x18,x8,x8	  x8:0x00000001  x8:0x00000001 x18=0x00000002
        2295000	       228	80002594	e6e02693	slti	x13,x0,-402	  x0:0x00000000 x13=0x00000000
        2305000	       229	80002598	0aaa0663	beq	x20,x10,80002644	 x20:0x80000000 x10:0x80000000
        2315000	       230	00000000	00000013	addi	x0,x0,0	  x0:0x00000000
        2325000	       231	80002640	00000013	addi	x0,x0,0	  x0:0x00000000
        2335000	       232	80002644	00efd113	srli	x2,x31,0xe	 x31:0x80000000  x2=0x00020000
        2345000	       233	80002648	00000013	addi	x0,x0,0	  x0:0x00000000
        2355000	       234	8000264c	00964533	xor	x10,x12,x9	 x12:0x00000000  x9:0x157914f6 x10=0x157914f6
        2365000	       235	80002650	052e4863	blt	x28,x18,800026a0	 x28:0x00000000 x18:0x00000002
        2375000	       236	00000000	00000013	addi	x0,x0,0	  x0:0x00000000
        2385000	       237	8000269c	00000013	addi	x0,x0,0	  x0:0x00000000
        2395000	       238	800026a0	408304b3	sub	x9,x6,x8	  x6:0x0000045f  x8:0x00000001  x9=0x0000045e
        2405000	       239	800026a4	2565bc37	lui	x24,0x2565b	 x24=0x2565b000
        2415000	       240	800026a8	0285f063	bgeu	x11,x8,800026c8	 x11:0x00000001  x8:0x00000001
        2425000	       241	00000000	00000013	addi	x0,x0,0	  x0:0x00000000
        2435000	       242	800026c4	00000013	addi	x0,x0,0	  x0:0x00000000
        2445000	       243	800026c8	74897d13	andi	x26,x18,1864	 x18:0x00000002 x26=0x00000000
        2455000	       244	800026cc	0102f863	bgeu	x5,x16,800026dc	  x5:0x800024b0 x16:0x80000000
        2465000	       245	00000000	00000013	addi	x0,x0,0	  x0:0x00000000
        2475000	       246	800026d8	00000013	addi	x0,x0,0	  x0:0x00000000
        2485000	       247	800026dc	007452b3	srl	x5,x8,x7	  x8:0x00000001  x7:0x00000000  x5=0x00000001
        2495000	       248	800026e0	eb302913	slti	x18,x0,-333	  x0:0x00000000 x18=0x00000000
        2505000	       249	800026e4	e0e0b313	sltiu	x6,x1,-498	  x1:0x800024d8  x6=0x00000001
        2515000	       250	800026e8	6d5ba413	slti	x8,x23,1749	 x23:0x00000006  x8=0x00000001
        2525000	       251	800026ec	00ec7c33	and	x24,x24,x14	 x24:0x2565b000 x14:0x00000001 x24=0x00000000
        2535000	       252	800026f0	04478063	beq	x15,x4,80002730	 x15:0x00000001  x4:0x800024c0
        2545000	       253	800026f4	4abb6b93	ori	x23,x22,1195	 x22:0x00000000 x23=0x000004ab
        2555000	       254	800026f8	8cbb7113	andi	x2,x22,-1845	 x22:0x00000000  x2=0x00000000
        2565000	       255	800026fc	c5664f93	xori	x31,x12,-938	 x12:0x00000000 x31=0xfffffc56
        2575000	       256	80002700	0113d413	srli	x8,x7,0x11	  x7:0x00000000  x8=0x00000000
        2585000	       257	80002704	01e5d663	bge	x11,x30,80002710	 x11:0x00000001 x30:0x800024b0
        2595000	       258	00000000	00000013	addi	x0,x0,0	  x0:0x00000000
        2605000	       259	8000270c	00000013	addi	x0,x0,0	  x0:0x00000000
        2615000	       260	80002710	5d607c13	andi	x24,x0,1494	  x0:0x00000000 x24=0x00000000
        2625000	       261	80002714	4185deb3	sra	x29,x11,x24	 x11:0x00000001 x24:0x00000000 x29=0x00000001
        2635000	       262	80002718	00000013	addi	x0,x0,0	  x0:0x00000000
        2645000	       263	8000271c	01db3933	sltu	x18,x22,x29	 x22:0x00000000 x29:0x00000001 x18=0x00000001
        2655000	       264	80002720	01d6ea33	or	x20,x13,x29	 x13:0x00000000 x29:0x00000001 x20=0x00000001
        2665000	       265	80002724	00957033	and	x0,x10,x9	 x10:0x157914f6  x9:0x0000045e
        2675000	       266	80002728	01495693	srli	x13,x18,0x14	 x18:0x00000001 x13=0x00000000
        2685000	       267	8000272c	00000013	addi	x0,x0,0	  x0:0x00000000
        2695000	       268	80002730	01fa4f33	xor	x30,x20,x31	 x20:0x00000001 x31:0xfffffc56 x30=0xfffffc57
        2705000	       269	80002734	02dcce63	blt	x25,x13,80002770	 x25:0xc0000000 x13:0x00000000
        2715000	       270	00000000	00000013	addi	x0,x0,0	  x0:0x00000000
        2725000	       271	8000276c	00000013	addi	x0,x0,0	  x0:0x00000000
        2735000	       272	80002770	9dbe5c37	lui	x24,0x9dbe5	 x24=0x9dbe5000
        2745000	       273	80002774	00000013	addi	x0,x0,0	  x0:0x00000000
        2755000	       274	80002778	40f9d033	sra	x0,x19,x15	 x19:0x80009f5c x15:0x00000001
        2765000	       275	8000277c	411ad713	srai	x14,x21,0x11	 x21:0xf7702cd8 x14=0xfffffbb8
        2775000	       276	80002780	05750463	beq	x10,x23,800027c8	 x10:0x157914f6 x23:0x000004ab
        2785000	       277	80002784	04d80f13	addi	x30,x16,77	 x16:0x80000000 x30=0x8000004d
        2795000	       278	80002788	04a08863	beq	x1,x10,800027d8	  x1:0x800024d8 x10:0x157914f6
        2805000	       279	8000278c	01e06663	bltu	x0,x30,80002798	  x0:0x00000000 x30:0x8000004d
        2815000	       280	00000000	00000013	addi	x0,x0,0	  x0:0x00000000
        2825000	       281	80002794	00000013	addi	x0,x0,0	  x0:0x00000000
        2835000	       282	80002798	00247033	and	x0,x8,x2	  x8:0x00000000  x2:0x00000000
        2845000	       283	8000279c	00023fb3	sltu	x31,x4,x0	  x4:0x800024c0  x0:0x00000000 x31=0x00000000
        2855000	       284	800027a0	018ba233	slt	x4,x23,x24	 x23:0x000004ab x24:0x9dbe5000  x4=0x00000000
        2865000	       285	800027a4	d5560493	addi	x9,x12,-683	 x12:0x00000000  x9=0xfffffd55
        2875000	       286	800027a8	00919f13	slli	x30,x3,0x9	  x3:0xf7702cd8 x30=0xe059b000
        2885000	       287	800027ac	00bdec13	ori	x24,x27,11	 x27:0x80009fc4 x24=0x80009fcf
        2895000	       288	800027b0	03c90c63	beq	x18,x28,800027e8	 x18:0x00000001 x28:0x00000000
        2905000	       289	800027b4	0043ef33	or	x30,x7,x4	  x7:0x00000000  x4:0x00000000 x30=0x00000000
        2915000	       290	800027b8	be814113	xori	x2,x2,-1048	  x2:0x00000000  x2=0xfffffbe8
        2925000	       291	800027bc	76f58113	addi	x2,x11,1903	 x11:0x00000001  x2=0x00000770
        2935000	       292	800027c0	00371863	bne	x14,x3,800027d0	 x14:0xfffffbb8  x3:0xf7702cd8
        2945000	       293	00000000	00000013	addi	x0,x0,0	  x0:0x00000000
        2955000	       294	800027cc	00000013	addi	x0,x0,0	  x0:0x00000000
        2965000	       295	800027d0	20e50293	addi	x5,x10,526	 x10:0x157914f6  x5=0x15791704
        2975000	       296	800027d4	4114d733	sra	x14,x9,x17	  x9:0xfffffd55 x17:0x80000000 x14=0xfffffd55
        2985000	       297	800027d8	01399513	slli	x10,x19,0x13	 x19:0x80009f5c x10=0xfae00000
        2995000	       298	800027dc	41268033	sub	x0,x13,x18	 x13:0x00000000 x18:0x00000001
        3005000	       299	800027e0	01600463	beq	x0,x22,800027e8	  x0:0x00000000 x22:0x00000000
        3015000	       300	00000000	00000013	addi	x0,x0,0	  x0:0x00000000
        3025000	       301	800027e4	00000013	addi	x0,x0,0	  x0:0x00000000
        3035000	       302	800027e8	d6b92c13	slti	x24,x18,-661	 x18:0x00000001 x24=0x00000000
        3045000	       303	800027ec	7895e413	ori	x8,x11,1929	 x11:0x00000001  x8=0x00000789
        3055000	       304	800027f0	0049a083	lw	x1,4(x19)	 x19:0x80009f5c  x1=0x80000124 PA:0x80009f60
        3065000	       305	800027f4	c6373b13	sltiu	x22,x14,-925	 x14:0xfffffd55 x22=0x00000000
        3075000	       306	800027f8	005dd293	srli	x5,x27,0x5	 x27:0x80009fc4  x5=0x040004fe
        3085000	       307	800027fc	01a98933	add	x18,x19,x26	 x19:0x80009f5c x26:0x00000000 x18=0x80009f5c
        3095000	       308	80002800	01231d33	sll	x26,x6,x18	  x6:0x00000001 x18:0x80009f5c x26=0x10000000
        3105000	       309	80002804	97ed7f93	andi	x31,x26,-1666	 x26:0x10000000 x31=0x10000000
        3115000	       310	80002808	002d94b3	sll	x9,x27,x2	 x27:0x80009fc4  x2:0x00000770  x9=0x9fc40000
        3125000	       311	8000280c	02898993	addi	x19,x19,40	 x19:0x80009f5c x19=0x80009f84
        3135000	       312	80002810	3c370693	addi	x13,x14,963	 x14:0xfffffd55 x13=0x00000118
        3145000	       313	80002814	401fd593	srai	x11,x31,0x1	 x31:0x10000000 x11=0x08000000
        3155000	       314	80002818	018abeb3	sltu	x29,x21,x24	 x21:0xf7702cd8 x24:0x00000000 x29=0x00000000
        3165000	       315	8000281c	00008c93	addi	x25,x1,0	  x1:0x80000124 x25=0x80000124
        3175000	       316	80002820	000c8ce7	jalr	x25,x25,0	 x25:0x80000124 x25=0x80002820
        3185000	       317	00000000	00000013	addi	x0,x0,0	  x0:0x00000000
        3195000	       318	80000124	00000013	addi	x0,x0,0	  x0:0x00000000
        3205000	       319	80000128	064000ef	jal	x1,80000128	  x1=0x80000128
        3215000	       320	00000000	00000013	addi	x0,x0,0	  x0:0x00000000
        3225000	       321	80000188	00000013	addi	x0,x0,0	  x0:0x00000000
        3235000	       322	8000018c	fa9ffbef	jal	x23,8000018c	 x23=0x8000018c
        3245000	       323	00000000	00000013	addi	x0,x0,0	  x0:0x00000000
        3255000	       324	80000130	00000013	addi	x0,x0,0	  x0:0x00000000
        3265000	       325	80000134	024000ef	jal	x1,80000134	  x1=0x80000134
        3275000	       326	00000000	00000013	addi	x0,x0,0	  x0:0x00000000
        3285000	       327	80000154	00000013	addi	x0,x0,0	  x0:0x00000000
        3295000	       328	80000158	0300056f	jal	x10,80000158	 x10=0x80000158
        3305000	       329	00000000	00000013	addi	x0,x0,0	  x0:0x00000000
        3315000	       330	80000184	00000013	addi	x0,x0,0	  x0:0x00000000
        3325000	       331	80000188	fb5ff7ef	jal	x15,80000188	 x15=0x80000188
        3335000	       332	00000000	00000013	addi	x0,x0,0	  x0:0x00000000
        3345000	       333	80000138	00000013	addi	x0,x0,0	  x0:0x00000000
        3355000	       334	8000013c	ffdff0ef	jal	x1,8000013c	  x1=0x8000013c
        3365000	       335	00000000	00000013	addi	x0,x0,0	  x0:0x00000000
        3375000	       336	80000134	00000013	addi	x0,x0,0	  x0:0x00000000
        3385000	       337	80000138	028000ef	jal	x1,80000138	  x1=0x80000138
        3395000	       338	00000000	00000013	addi	x0,x0,0	  x0:0x00000000
        3405000	       339	8000015c	00000013	addi	x0,x0,0	  x0:0x00000000
        3415000	       340	80000160	ff5ff0ef	jal	x1,80000160	  x1=0x80000160
        3425000	       341	00000000	00000013	addi	x0,x0,0	  x0:0x00000000
        3435000	       342	80000150	00000013	addi	x0,x0,0	  x0:0x00000000
        3445000	       343	80000154	01c000ef	jal	x1,80000154	  x1=0x80000154
        3455000	       344	00000000	00000013	addi	x0,x0,0	  x0:0x00000000
        3465000	       345	8000016c	00000013	addi	x0,x0,0	  x0:0x00000000
        3475000	       346	80000170	0040016f	jal	x2,80000170	  x2=0x80000170
        3485000	       347	00000000	00000013	addi	x0,x0,0	  x0:0x00000000
        3495000	       348	80000170	00000013	addi	x0,x0,0	  x0:0x00000000
        3505000	       349	80000174	fd1ff66f	jal	x12,80000174	 x12=0x80000174
        3515000	       350	00000000	00000013	addi	x0,x0,0	  x0:0x00000000
        3525000	       351	80000140	00000013	addi	x0,x0,0	  x0:0x00000000
        3535000	       352	80000144	0380026f	jal	x4,80000144	  x4=0x80000144
        3545000	       353	00000000	00000013	addi	x0,x0,0	  x0:0x00000000
        3555000	       354	80000178	00000013	addi	x0,x0,0	  x0:0x00000000
        3565000	       355	8000017c	fd5ff36f	jal	x6,8000017c	  x6=0x8000017c
        3575000	       356	00000000	00000013	addi	x0,x0,0	  x0:0x00000000
        3585000	       357	8000014c	00000013	addi	x0,x0,0	  x0:0x00000000
        3595000	       358	80000150	fe1ff0ef	jal	x1,80000150	  x1=0x80000150
        3605000	       359	00000000	00000013	addi	x0,x0,0	  x0:0x00000000
        3615000	       360	8000012c	00000013	addi	x0,x0,0	  x0:0x00000000
        3625000	       361	80000130	ffdff36f	jal	x6,80000130	  x6=0x80000130
        3635000	       362	00000000	00000013	addi	x0,x0,0	  x0:0x00000000
        3645000	       363	80000128	00000013	addi	x0,x0,0	  x0:0x00000000
        3655000	       364	8000012c	0200036f	jal	x6,8000012c	  x6=0x8000012c
        3665000	       365	00000000	00000013	addi	x0,x0,0	  x0:0x00000000
        3675000	       366	80000148	00000013	addi	x0,x0,0	  x0:0x00000000
        3685000	       367	8000014c	044000ef	jal	x1,8000014c	  x1=0x8000014c
        3695000	       368	00000000	00000013	addi	x0,x0,0	  x0:0x00000000
        3705000	       369	8000018c	00000013	addi	x0,x0,0	  x0:0x00000000
        3715000	       370	80000190	ff5ff16f	jal	x2,80000190	  x2=0x80000190
        3725000	       371	00000000	00000013	addi	x0,x0,0	  x0:0x00000000
        3735000	       372	80000180	00000013	addi	x0,x0,0	  x0:0x00000000
        3745000	       373	80000184	fbdff36f	jal	x6,80000184	  x6=0x80000184
        3755000	       374	00000000	00000013	addi	x0,x0,0	  x0:0x00000000
        3765000	       375	8000013c	00000013	addi	x0,x0,0	  x0:0x00000000
        3775000	       376	80000140	058000ef	jal	x1,80000140	  x1=0x80000140
        3785000	       377	00000000	00000013	addi	x0,x0,0	  x0:0x00000000
        3795000	       378	80000194	00000013	addi	x0,x0,0	  x0:0x00000000
        3805000	       379	80000198	fd5ff0ef	jal	x1,80000198	  x1=0x80000198
        3815000	       380	00000000	00000013	addi	x0,x0,0	  x0:0x00000000
        3825000	       381	80000168	00000013	addi	x0,x0,0	  x0:0x00000000
        3835000	       382	8000016c	00c0046f	jal	x8,8000016c	  x8=0x8000016c
        3845000	       383	00000000	00000013	addi	x0,x0,0	  x0:0x00000000
        3855000	       384	80000174	00000013	addi	x0,x0,0	  x0:0x00000000
        3865000	       385	80000178	fe5ff2ef	jal	x5,80000178	  x5=0x80000178
        3875000	       386	00000000	00000013	addi	x0,x0,0	  x0:0x00000000
        3885000	       387	80000158	00000013	addi	x0,x0,0	  x0:0x00000000
        3895000	       388	8000015c	038000ef	jal	x1,8000015c	  x1=0x8000015c
        3905000	       389	00000000	00000013	addi	x0,x0,0	  x0:0x00000000
        3915000	       390	80000190	00000013	addi	x0,x0,0	  x0:0x00000000
        3925000	       391	80000194	fd5ff66f	jal	x12,80000194	 x12=0x80000194
        3935000	       392	00000000	00000013	addi	x0,x0,0	  x0:0x00000000
        3945000	       393	80000164	00000013	addi	x0,x0,0	  x0:0x00000000
        3955000	       394	80000168	0180036f	jal	x6,80000168	  x6=0x80000168
        3965000	       395	00000000	00000013	addi	x0,x0,0	  x0:0x00000000
        3975000	       396	8000017c	00000013	addi	x0,x0,0	  x0:0x00000000
        3985000	       397	80000180	fe5ff36f	jal	x6,80000180	  x6=0x80000180
        3995000	       398	00000000	00000013	addi	x0,x0,0	  x0:0x00000000
        4005000	       399	80000160	00000013	addi	x0,x0,0	  x0:0x00000000
        4015000	       400	80000164	fe5ff36f	jal	x6,80000164	  x6=0x80000164
        4025000	       401	00000000	00000013	addi	x0,x0,0	  x0:0x00000000
        4035000	       402	80000144	00000013	addi	x0,x0,0	  x0:0x00000000
        4045000	       403	80000148	0540036f	jal	x6,80000148	  x6=0x80000148
        4055000	       404	00000000	00000013	addi	x0,x0,0	  x0:0x00000000
        4065000	       405	80000198	00000013	addi	x0,x0,0	  x0:0x00000000
        4075000	       406	8000019c	9eb33113	sltiu	x2,x6,-1557	  x6:0x80000148  x2=0x00000001
        4085000	       407	800001a0	01f8de13	srli	x28,x17,0x1f	 x17:0x80000000 x28=0x00000001
        4095000	       408	800001a4	03d98a63	beq	x19,x29,800001d8	 x19:0x80009f84 x29:0x00000000
        4105000	       409	800001a8	00165133	srl	x2,x12,x1	 x12:0x80000194  x1:0x8000015c  x2=0x00000008
        4115000	       410	800001ac	007f32b3	sltu	x5,x30,x7	 x30:0x00000000  x7:0x00000000  x5=0x00000000
        4125000	       411	800001b0	014effb3	and	x31,x29,x20	 x29:0x00000000 x20:0x00000001 x31=0x00000000
        4135000	       412	800001b4	940a0113	addi	x2,x20,-1728	 x20:0x00000001  x2=0xfffff941
        4145000	       413	800001b8	3a1ce113	ori	x2,x25,929	 x25:0x80002820  x2=0x80002ba1
        4155000	       414	800001bc	03d6c863	blt	x13,x29,800001ec	 x13:0x00000118 x29:0x00000000
        4165000	       415	800001c0	00120ab3	add	x21,x4,x1	  x4:0x80000144  x1:0x8000015c x21=0x000002a0
        4175000	       416	800001c4	3909eb93	ori	x23,x19,912	 x19:0x80009f84 x23=0x80009f94
        4185000	       417	800001c8	da4b2513	slti	x10,x22,-604	 x22:0x00000000 x10=0x00000000
        4195000	       418	800001cc	0176da13	srli	x20,x13,0x17	 x13:0x00000118 x20=0x00000000
        4205000	       419	800001d0	a1071f37	lui	x30,0xa1071	 x30=0xa1071000
        4215000	       420	800001d4	01be1533	sll	x10,x28,x27	 x28:0x00000001 x27:0x80009fc4 x10=0x00000010
        4225000	       421	800001d8	c6fcf3b7	lui	x7,0xc6fcf	  x7=0xc6fcf000
        4235000	       422	800001dc	da58c117	auipc	x2,0xda58c	  x2=0x5a58c1d8
        4245000	       423	800001e0	01932613	slti	x12,x6,25	  x6:0x80000148 x12=0x00000001
        4255000	       424	800001e4	00f61833	sll	x16,x12,x15	 x12:0x00000001 x15:0x80000188 x16=0x00000100
        4265000	       425	800001e8	050e7a63	bgeu	x28,x16,8000023c	 x28:0x00000001 x16:0x00000100
        4275000	       426	800001ec	04daf863	bgeu	x21,x13,8000023c	 x21:0x000002a0 x13:0x00000118
        4285000	       427	00000000	00000013	addi	x0,x0,0	  x0:0x00000000
        4295000	       428	80000238	00000013	addi	x0,x0,0	  x0:0x00000000
        4305000	       429	8000023c	019af133	and	x2,x21,x25	 x21:0x000002a0 x25:0x80002820  x2=0x00000020
        4315000	       430	80000240	00000897	auipc	x17,0x0	 x17=0x8000023c
        4325000	       431	80000244	00c88893	addi	x17,x17,12	 x17:0x8000023c x17=0x80000248
        4335000	       432	80000248	00088067	jalr	x0,x17,0	 x17:0x80000248
        4345000	       433	00000000	00000013	addi	x0,x0,0	  x0:0x00000000
        4355000	       434	80000248	00000013	addi	x0,x0,0	  x0:0x00000000
        4365000	       435	8000024c	00100193	addi	x3,x0,1	  x0:0x00000000  x3=0x00000001
        4375000	       436	80000250	00000073	ecall	
        4385000	       437	80000254	b040e113	ori	x2,x1,-1276	  x1:0x8000015c  x2=0xfffffb5c
