		Time			Cycle	PC		Insn	Decoded instruction	Register and memory contents
          65000	         5	80000004	00000293	addi	x5,x0,0	  x0:0x00000000  x5=0x00000000
          75000	         6	80000008	00000313	addi	x6,x0,0	  x0:0x00000000  x6=0x00000000
          85000	         7	8000000c	00628263	beq	x5,x6,80000010	  x5:0x00000000  x6:0x00000000
          95000	         8	00000000	00000013	addi	x0,x0,0	  x0:0x00000000
         105000	         9	8000000c	00000013	addi	x0,x0,0	  x0:0x00000000
         115000	        10	80000010	00000e97	auipc	x29,0x0	 x29=0x8000000c
         125000	        11	80000014	00ce8e93	addi	x29,x29,12	 x29:0x8000000c x29=0x80000018
         135000	        12	80000018	000e8067	jalr	x0,x29,0	 x29:0x80000018
         145000	        13	00000000	00000013	addi	x0,x0,0	  x0:0x00000000
         155000	        14	80000018	00000013	addi	x0,x0,0	  x0:0x00000000
         165000	        15	8000001c	40000137	lui	x2,0x40000	  x2=0x40000000
         175000	        16	80000020	10010113	addi	x2,x2,256	  x2:0x40000000  x2=0x40000100
         185000	        17	80000024	00000013	addi	x0,x0,0	  x0:0x00000000
         195000	        18	80000028	0000ab17	auipc	x22,0xa	 x22=0x8000a024
         205000	        19	8000002c	fa0b0b13	addi	x22,x22,-96	 x22:0x8000a024 x22=0x80009fc4
         215000	        20	80000030	00004117	auipc	x2,0x4	  x2=0x8000402c
         225000	        21	80000034	72c10113	addi	x2,x2,1836	  x2:0x8000402c  x2=0x80004758
         235000	        22	80000038	00016113	ori	x2,x2,0	  x2:0x80004758  x2=0x80004758
         245000	        23	8000003c	00000013	addi	x0,x0,0	  x0:0x00000000
         255000	        24	80000040	00000117	auipc	x2,0x0	  x2=0x8000003c
         265000	        25	80000044	02010113	addi	x2,x2,32	  x2:0x8000003c  x2=0x8000005c
         275000	        26	80000048	00000013	addi	x0,x0,0	  x0:0x00000000
         285000	        27	8000004c	00000013	addi	x0,x0,0	  x0:0x00000000
         295000	        28	80000050	00002137	lui	x2,0x2	  x2=0x00002000
         305000	        29	80000054	80010113	addi	x2,x2,-2048	  x2:0x00002000  x2=0x00001800
         315000	        30	80000058	00000013	addi	x0,x0,0	  x0:0x00000000
         325000	        31	8000005c	00000013	addi	x0,x0,0	  x0:0x00000000
         335000	        32	80000060	00000013	addi	x0,x0,0	  x0:0x00000000
         345000	        33	80000064	00000093	addi	x1,x0,0	  x0:0x00000000  x1=0x00000000
         355000	        34	80000068	80000137	lui	x2,0x80000	  x2=0x80000000
         365000	        35	8000006c	0234d1b7	lui	x3,0x234d	  x3=0x0234d000
         375000	        36	80000070	16f18193	addi	x3,x3,367	  x3:0x0234d000  x3=0x0234d16f
         385000	        37	80000074	00000213	addi	x4,x0,0	  x0:0x00000000  x4=0x00000000
         395000	        38	80000078	f7a022b7	lui	x5,0xf7a02	  x5=0xf7a02000
         405000	        39	8000007c	f9828293	addi	x5,x5,-104	  x5:0xf7a02000  x5=0xf7a01f98
         415000	        40	80000080	f2e91337	lui	x6,0xf2e91	  x6=0xf2e91000
         425000	        41	80000084	e9730313	addi	x6,x6,-361	  x6:0xf2e91000  x6=0xf2e90e97
         435000	        42	80000088	00900393	addi	x7,x0,9	  x0:0x00000000  x7=0x00000009
         445000	        43	8000008c	00500413	addi	x8,x0,5	  x0:0x00000000  x8=0x00000005
         455000	        44	80000090	00000493	addi	x9,x0,0	  x0:0x00000000  x9=0x00000000
         465000	        45	80000094	80000537	lui	x10,0x80000	 x10=0x80000000
         475000	        46	80000098	f9fd05b7	lui	x11,0xf9fd0	 x11=0xf9fd0000
         485000	        47	8000009c	90f58593	addi	x11,x11,-1777	 x11:0xf9fd0000 x11=0xf9fcf90f
         495000	        48	800000a0	f1491637	lui	x12,0xf1491	 x12=0xf1491000
         505000	        49	800000a4	d6360613	addi	x12,x12,-669	 x12:0xf1491000 x12=0xf1490d63
         515000	        50	800000a8	800006b7	lui	x13,0x80000	 x13=0x80000000
         525000	        51	800000ac	00900713	addi	x14,x0,9	  x0:0x00000000 x14=0x00000009
         535000	        52	800000b0	00000793	addi	x15,x0,0	  x0:0x00000000 x15=0x00000000
         545000	        53	800000b4	800008b7	lui	x17,0x80000	 x17=0x80000000
         555000	        54	800000b8	de7fd937	lui	x18,0xde7fd	 x18=0xde7fd000
         565000	        55	800000bc	07e90913	addi	x18,x18,126	 x18:0xde7fd000 x18=0xde7fd07e
         575000	        56	800000c0	700539b7	lui	x19,0x70053	 x19=0x70053000
         585000	        57	800000c4	2d298993	addi	x19,x19,722	 x19:0x70053000 x19=0x700532d2
         595000	        58	800000c8	00700a13	addi	x20,x0,7	  x0:0x00000000 x20=0x00000007
         605000	        59	800000cc	f7573ab7	lui	x21,0xf7573	 x21=0xf7573000
         615000	        60	800000d0	53ca8a93	addi	x21,x21,1340	 x21:0xf7573000 x21=0xf757353c
         625000	        61	800000d4	80000bb7	lui	x23,0x80000	 x23=0x80000000
         635000	        62	800000d8	ffa38c37	lui	x24,0xffa38	 x24=0xffa38000
         645000	        63	800000dc	623c0c13	addi	x24,x24,1571	 x24:0xffa38000 x24=0xffa38623
         655000	        64	800000e0	00100c93	addi	x25,x0,1	  x0:0x00000000 x25=0x00000001
         665000	        65	800000e4	80000d37	lui	x26,0x80000	 x26=0x80000000
         675000	        66	800000e8	4a062db7	lui	x27,0x4a062	 x27=0x4a062000
         685000	        67	800000ec	3afd8d93	addi	x27,x27,943	 x27:0x4a062000 x27=0x4a0623af
         695000	        68	800000f0	00800e13	addi	x28,x0,8	  x0:0x00000000 x28=0x00000008
         705000	        69	800000f4	00000e93	addi	x29,x0,0	  x0:0x00000000 x29=0x00000000
         715000	        70	800000f8	f3503f37	lui	x30,0xf3503	 x30=0xf3503000
         725000	        71	800000fc	3c2f0f13	addi	x30,x30,962	 x30:0xf3503000 x30=0xf35033c2
         735000	        72	80000100	00700f93	addi	x31,x0,7	  x0:0x00000000 x31=0x00000007
         745000	        73	80000104	0000a817	auipc	x16,0xa	 x16=0x8000a100
         755000	        74	80000108	e8480813	addi	x16,x16,-380	 x16:0x8000a100 x16=0x80009f84
         765000	        75	8000010c	402f5713	srai	x14,x30,0x2	 x30:0xf35033c2 x14=0xfcd40cf0
         775000	        76	80000110	40ee0533	sub	x10,x28,x14	 x28:0x00000008 x14:0xfcd40cf0 x10=0x032bf318
         785000	        77	80000114	00000197	auipc	x3,0x0	  x3=0x80000110
         795000	        78	80000118	32818193	addi	x3,x3,808	  x3:0x80000110  x3=0x80000438
         805000	        79	8000011c	0059a3b3	slt	x7,x19,x5	 x19:0x700532d2  x5:0xf7a01f98  x7=0x00000000
         815000	        80	80000120	ac66edb7	lui	x27,0xac66e	 x27=0xac66e000
         825000	        81	80000124	012a9713	slli	x14,x21,0x12	 x21:0xf757353c x14=0xd4f00000
         835000	        82	80000128	f8818193	addi	x3,x3,-120	  x3:0x80000438  x3=0x800003c0
         845000	        83	8000012c	008ef2b3	and	x5,x29,x8	 x29:0x00000000  x8:0x00000005  x5=0x00000000
         855000	        84	80000130	adadf013	andi	x0,x27,-1318	 x27:0xac66e000
         865000	        85	80000134	001f9e33	sll	x28,x31,x1	 x31:0x00000007  x1:0x00000000 x28=0x00000007
         875000	        86	80000138	0067e463	bltu	x15,x6,80000140	 x15:0x00000000  x6:0xf2e90e97
         885000	        87	00000000	00000013	addi	x0,x0,0	  x0:0x00000000
         895000	        88	8000013c	00000013	addi	x0,x0,0	  x0:0x00000000
         905000	        89	80000140	07918367	jalr	x6,x3,121	  x3:0x800003c0  x6=0x80000140
         915000	        90	00000000	00000013	addi	x0,x0,0	  x0:0x00000000
         925000	        91	80000438	00000013	addi	x0,x0,0	  x0:0x00000000
         935000	        92	8000043c	004a9a93	slli	x21,x21,0x4	 x21:0xf757353c x21=0x757353c0
         945000	        93	80000440	00ccba33	sltu	x20,x25,x12	 x25:0x00000001 x12:0xf1490d63 x20=0x00000001
         955000	        94	80000444	efb06413	ori	x8,x0,-261	  x0:0x00000000  x8=0xfffffefb
         965000	        95	80000448	0118e463	bltu	x17,x17,80000450	 x17:0x80000000 x17:0x80000000
         975000	        96	8000044c	01f624b3	slt	x9,x12,x31	 x12:0xf1490d63 x31:0x00000007  x9=0x00000001
         985000	        97	80000450	fd480813	addi	x16,x16,-44	 x16:0x80009f84 x16=0x80009f58
         995000	        98	80000454	00b99933	sll	x18,x19,x11	 x19:0x700532d2 x11:0xf9fcf90f x18=0x99690000
        1005000	        99	80000458	010c8633	add	x12,x25,x16	 x25:0x00000001 x16:0x80009f58 x12=0x80009f59
        1015000	       100	8000045c	00682223	sw	x6,4(x16)	 x16:0x80009f58  x6:0x80000140 PA:0x80009f5c
        1025000	       101	80000460	014c9033	sll	x0,x25,x20	 x25:0x00000001 x20:0x00000001
        1035000	       102	80000464	00001797	auipc	x15,0x1	 x15=0x80001460
        1045000	       103	80000468	d1478793	addi	x15,x15,-748	 x15:0x80001460 x15=0x80001174
        1055000	       104	8000046c	002c7733	and	x14,x24,x2	 x24:0xffa38623  x2:0x80000000 x14=0x80000000
        1065000	       105	80000470	a1045f97	auipc	x31,0xa1045	 x31=0x2104546c
        1075000	       106	80000474	d0778793	addi	x15,x15,-761	 x15:0x80001174 x15=0x80000e7b
        1085000	       107	80000478	8de9e413	ori	x8,x19,-1826	 x19:0x700532d2  x8=0xfffffade
        1095000	       108	8000047c	01377663	bgeu	x14,x19,80000488	 x14:0x80000000 x19:0x700532d2
        1105000	       109	00000000	00000013	addi	x0,x0,0	  x0:0x00000000
        1115000	       110	80000484	00000013	addi	x0,x0,0	  x0:0x00000000
        1125000	       111	80000488	2fa78367	jalr	x6,x15,762	 x15:0x80000e7b  x6=0x80000488
        1135000	       112	00000000	00000013	addi	x0,x0,0	  x0:0x00000000
        1145000	       113	80001174	00000013	addi	x0,x0,0	  x0:0x00000000
        1155000	       114	80001178	0177f263	bgeu	x15,x23,8000117c	 x15:0x80000e7b x23:0x80000000
        1165000	       115	00000000	00000013	addi	x0,x0,0	  x0:0x00000000
        1175000	       116	80001178	00000013	addi	x0,x0,0	  x0:0x00000000
        1185000	       117	8000117c	fe480813	addi	x16,x16,-28	 x16:0x80009f58 x16=0x80009f3c
        1195000	       118	80001180	00ac6933	or	x18,x24,x10	 x24:0xffa38623 x10:0x032bf318 x18=0xffabf73b
        1205000	       119	80001184	00682223	sw	x6,4(x16)	 x16:0x80009f3c  x6:0x80000488 PA:0x80009f40
        1215000	       120	80001188	80f9f293	andi	x5,x19,-2033	 x19:0x700532d2  x5=0x70053002
        1225000	       121	8000118c	019baf33	slt	x30,x23,x25	 x23:0x80000000 x25:0x00000001 x30=0x00000001
        1235000	       122	80001190	0040036f	jal	x6,80001190	  x6=0x80001190
        1245000	       123	00000000	00000013	addi	x0,x0,0	  x0:0x00000000
        1255000	       124	80001190	00000013	addi	x0,x0,0	  x0:0x00000000
        1265000	       125	80001194	044000ef	jal	x1,80001194	  x1=0x80001194
        1275000	       126	00000000	00000013	addi	x0,x0,0	  x0:0x00000000
        1285000	       127	800011d4	00000013	addi	x0,x0,0	  x0:0x00000000
        1295000	       128	800011d8	fc1ff0ef	jal	x1,800011d8	  x1=0x800011d8
        1305000	       129	00000000	00000013	addi	x0,x0,0	  x0:0x00000000
        1315000	       130	80001194	00000013	addi	x0,x0,0	  x0:0x00000000
        1325000	       131	80001198	00c000ef	jal	x1,80001198	  x1=0x80001198
        1335000	       132	00000000	00000013	addi	x0,x0,0	  x0:0x00000000
        1345000	       133	800011a0	00000013	addi	x0,x0,0	  x0:0x00000000
        1355000	       134	800011a4	020000ef	jal	x1,800011a4	  x1=0x800011a4
        1365000	       135	00000000	00000013	addi	x0,x0,0	  x0:0x00000000
        1375000	       136	800011c0	00000013	addi	x0,x0,0	  x0:0x00000000
        1385000	       137	800011c4	008000ef	jal	x1,800011c4	  x1=0x800011c4
        1395000	       138	00000000	00000013	addi	x0,x0,0	  x0:0x00000000
        1405000	       139	800011c8	00000013	addi	x0,x0,0	  x0:0x00000000
        1415000	       140	800011cc	fedffd6f	jal	x26,800011cc	 x26=0x800011cc
        1425000	       141	00000000	00000013	addi	x0,x0,0	  x0:0x00000000
        1435000	       142	800011b4	00000013	addi	x0,x0,0	  x0:0x00000000
        1445000	       143	800011b8	ff5fffef	jal	x31,800011b8	 x31=0x800011b8
        1455000	       144	00000000	00000013	addi	x0,x0,0	  x0:0x00000000
        1465000	       145	800011a8	00000013	addi	x0,x0,0	  x0:0x00000000
        1475000	       146	800011ac	0080066f	jal	x12,800011ac	 x12=0x800011ac
        1485000	       147	00000000	00000013	addi	x0,x0,0	  x0:0x00000000
        1495000	       148	800011b0	00000013	addi	x0,x0,0	  x0:0x00000000
        1505000	       149	800011b4	020000ef	jal	x1,800011b4	  x1=0x800011b4
        1515000	       150	00000000	00000013	addi	x0,x0,0	  x0:0x00000000
        1525000	       151	800011d0	00000013	addi	x0,x0,0	  x0:0x00000000
        1535000	       152	800011d4	fd5ff0ef	jal	x1,800011d4	  x1=0x800011d4
        1545000	       153	00000000	00000013	addi	x0,x0,0	  x0:0x00000000
        1555000	       154	800011a4	00000013	addi	x0,x0,0	  x0:0x00000000
        1565000	       155	800011a8	020000ef	jal	x1,800011a8	  x1=0x800011a8
        1575000	       156	00000000	00000013	addi	x0,x0,0	  x0:0x00000000
        1585000	       157	800011c4	00000013	addi	x0,x0,0	  x0:0x00000000
        1595000	       158	800011c8	fd9ff26f	jal	x4,800011c8	  x4=0x800011c8
        1605000	       159	00000000	00000013	addi	x0,x0,0	  x0:0x00000000
        1615000	       160	8000119c	00000013	addi	x0,x0,0	  x0:0x00000000
        1625000	       161	800011a0	ffdff0ef	jal	x1,800011a0	  x1=0x800011a0
        1635000	       162	00000000	00000013	addi	x0,x0,0	  x0:0x00000000
        1645000	       163	80001198	00000013	addi	x0,x0,0	  x0:0x00000000
        1655000	       164	8000119c	0200066f	jal	x12,8000119c	 x12=0x8000119c
        1665000	       165	00000000	00000013	addi	x0,x0,0	  x0:0x00000000
        1675000	       166	800011b8	00000013	addi	x0,x0,0	  x0:0x00000000
        1685000	       167	800011bc	004000ef	jal	x1,800011bc	  x1=0x800011bc
        1695000	       168	00000000	00000013	addi	x0,x0,0	  x0:0x00000000
        1705000	       169	800011bc	00000013	addi	x0,x0,0	  x0:0x00000000
        1715000	       170	800011c0	0100036f	jal	x6,800011c0	  x6=0x800011c0
        1725000	       171	00000000	00000013	addi	x0,x0,0	  x0:0x00000000
        1735000	       172	800011cc	00000013	addi	x0,x0,0	  x0:0x00000000
        1745000	       173	800011d0	fe1ff36f	jal	x6,800011d0	  x6=0x800011d0
        1755000	       174	00000000	00000013	addi	x0,x0,0	  x0:0x00000000
        1765000	       175	800011ac	00000013	addi	x0,x0,0	  x0:0x00000000
        1775000	       176	800011b0	02c0026f	jal	x4,800011b0	  x4=0x800011b0
        1785000	       177	00000000	00000013	addi	x0,x0,0	  x0:0x00000000
        1795000	       178	800011d8	00000013	addi	x0,x0,0	  x0:0x00000000
        1805000	       179	800011dc	00000013	addi	x0,x0,0	  x0:0x00000000
        1815000	       180	800011e0	0400036f	jal	x6,800011e0	  x6=0x800011e0
        1825000	       181	00000000	00000013	addi	x0,x0,0	  x0:0x00000000
        1835000	       182	8000121c	00000013	addi	x0,x0,0	  x0:0x00000000
        1845000	       183	80001220	fedff0ef	jal	x1,80001220	  x1=0x80001220
        1855000	       184	00000000	00000013	addi	x0,x0,0	  x0:0x00000000
        1865000	       185	80001208	00000013	addi	x0,x0,0	  x0:0x00000000
        1875000	       186	8000120c	024000ef	jal	x1,8000120c	  x1=0x8000120c
        1885000	       187	00000000	00000013	addi	x0,x0,0	  x0:0x00000000
        1895000	       188	8000122c	00000013	addi	x0,x0,0	  x0:0x00000000
        1905000	       189	80001230	fd1ff0ef	jal	x1,80001230	  x1=0x80001230
        1915000	       190	00000000	00000013	addi	x0,x0,0	  x0:0x00000000
        1925000	       191	800011fc	00000013	addi	x0,x0,0	  x0:0x00000000
        1935000	       192	80001200	ff9ff0ef	jal	x1,80001200	  x1=0x80001200
        1945000	       193	00000000	00000013	addi	x0,x0,0	  x0:0x00000000
        1955000	       194	800011f4	00000013	addi	x0,x0,0	  x0:0x00000000
        1965000	       195	800011f8	01c0026f	jal	x4,800011f8	  x4=0x800011f8
        1975000	       196	00000000	00000013	addi	x0,x0,0	  x0:0x00000000
        1985000	       197	80001210	00000013	addi	x0,x0,0	  x0:0x00000000
        1995000	       198	80001214	0140036f	jal	x6,80001214	  x6=0x80001214
        2005000	       199	00000000	00000013	addi	x0,x0,0	  x0:0x00000000
        2015000	       200	80001224	00000013	addi	x0,x0,0	  x0:0x00000000
        2025000	       201	80001228	fc9ff0ef	jal	x1,80001228	  x1=0x80001228
        2035000	       202	00000000	00000013	addi	x0,x0,0	  x0:0x00000000
        2045000	       203	800011ec	00000013	addi	x0,x0,0	  x0:0x00000000
        2055000	       204	800011f0	028000ef	jal	x1,800011f0	  x1=0x800011f0
        2065000	       205	00000000	00000013	addi	x0,x0,0	  x0:0x00000000
        2075000	       206	80001214	00000013	addi	x0,x0,0	  x0:0x00000000
        2085000	       207	80001218	014000ef	jal	x1,80001218	  x1=0x80001218
        2095000	       208	00000000	00000013	addi	x0,x0,0	  x0:0x00000000
        2105000	       209	80001228	00000013	addi	x0,x0,0	  x0:0x00000000
        2115000	       210	8000122c	008000ef	jal	x1,8000122c	  x1=0x8000122c
        2125000	       211	00000000	00000013	addi	x0,x0,0	  x0:0x00000000
        2135000	       212	80001230	00000013	addi	x0,x0,0	  x0:0x00000000
        2145000	       213	80001234	fd1ff0ef	jal	x1,80001234	  x1=0x80001234
        2155000	       214	00000000	00000013	addi	x0,x0,0	  x0:0x00000000
        2165000	       215	80001200	00000013	addi	x0,x0,0	  x0:0x00000000
        2175000	       216	80001204	fe1ff36f	jal	x6,80001204	  x6=0x80001204
        2185000	       217	00000000	00000013	addi	x0,x0,0	  x0:0x00000000
        2195000	       218	800011e0	00000013	addi	x0,x0,0	  x0:0x00000000
        2205000	       219	800011e4	008000ef	jal	x1,800011e4	  x1=0x800011e4
        2215000	       220	00000000	00000013	addi	x0,x0,0	  x0:0x00000000
        2225000	       221	800011e8	00000013	addi	x0,x0,0	  x0:0x00000000
        2235000	       222	800011ec	038000ef	jal	x1,800011ec	  x1=0x800011ec
        2245000	       223	00000000	00000013	addi	x0,x0,0	  x0:0x00000000
        2255000	       224	80001220	00000013	addi	x0,x0,0	  x0:0x00000000
        2265000	       225	80001224	fd1ff0ef	jal	x1,80001224	  x1=0x80001224
        2275000	       226	00000000	00000013	addi	x0,x0,0	  x0:0x00000000
        2285000	       227	800011f0	00000013	addi	x0,x0,0	  x0:0x00000000
        2295000	       228	800011f4	01c000ef	jal	x1,800011f4	  x1=0x800011f4
        2305000	       229	00000000	00000013	addi	x0,x0,0	  x0:0x00000000
        2315000	       230	8000120c	00000013	addi	x0,x0,0	  x0:0x00000000
        2325000	       231	80001210	00c0036f	jal	x6,80001210	  x6=0x80001210
        2335000	       232	00000000	00000013	addi	x0,x0,0	  x0:0x00000000
        2345000	       233	80001218	00000013	addi	x0,x0,0	  x0:0x00000000
        2355000	       234	8000121c	fedff0ef	jal	x1,8000121c	  x1=0x8000121c
        2365000	       235	00000000	00000013	addi	x0,x0,0	  x0:0x00000000
        2375000	       236	80001204	00000013	addi	x0,x0,0	  x0:0x00000000
        2385000	       237	80001208	ff5ff36f	jal	x6,80001208	  x6=0x80001208
        2395000	       238	00000000	00000013	addi	x0,x0,0	  x0:0x00000000
        2405000	       239	800011f8	00000013	addi	x0,x0,0	  x0:0x00000000
        2415000	       240	800011fc	fedff0ef	jal	x1,800011fc	  x1=0x800011fc
        2425000	       241	00000000	00000013	addi	x0,x0,0	  x0:0x00000000
        2435000	       242	800011e4	00000013	addi	x0,x0,0	  x0:0x00000000
        2445000	       243	800011e8	050002ef	jal	x5,800011e8	  x5=0x800011e8
        2455000	       244	00000000	00000013	addi	x0,x0,0	  x0:0x00000000
        2465000	       245	80001234	00000013	addi	x0,x0,0	  x0:0x00000000
        2475000	       246	80001238	0081fc33	and	x24,x3,x8	  x3:0x800003c0  x8:0xfffffade x24=0x800002c0
        2485000	       247	8000123c	04c0036f	jal	x6,8000123c	  x6=0x8000123c
        2495000	       248	00000000	00000013	addi	x0,x0,0	  x0:0x00000000
        2505000	       249	80001284	00000013	addi	x0,x0,0	  x0:0x00000000
        2515000	       250	80001288	fc5ff0ef	jal	x1,80001288	  x1=0x80001288
        2525000	       251	00000000	00000013	addi	x0,x0,0	  x0:0x00000000
        2535000	       252	80001248	00000013	addi	x0,x0,0	  x0:0x00000000
        2545000	       253	8000124c	ff9ff0ef	jal	x1,8000124c	  x1=0x8000124c
        2555000	       254	00000000	00000013	addi	x0,x0,0	  x0:0x00000000
        2565000	       255	80001240	00000013	addi	x0,x0,0	  x0:0x00000000
        2575000	       256	80001244	01c00fef	jal	x31,80001244	 x31=0x80001244
        2585000	       257	00000000	00000013	addi	x0,x0,0	  x0:0x00000000
        2595000	       258	8000125c	00000013	addi	x0,x0,0	  x0:0x00000000
        2605000	       259	80001260	02c0016f	jal	x2,80001260	  x2=0x80001260
        2615000	       260	00000000	00000013	addi	x0,x0,0	  x0:0x00000000
        2625000	       261	80001288	00000013	addi	x0,x0,0	  x0:0x00000000
        2635000	       262	8000128c	fc9ff0ef	jal	x1,8000128c	  x1=0x8000128c
        2645000	       263	00000000	00000013	addi	x0,x0,0	  x0:0x00000000
        2655000	       264	80001250	00000013	addi	x0,x0,0	  x0:0x00000000
        2665000	       265	80001254	0140046f	jal	x8,80001254	  x8=0x80001254
        2675000	       266	00000000	00000013	addi	x0,x0,0	  x0:0x00000000
        2685000	       267	80001264	00000013	addi	x0,x0,0	  x0:0x00000000
        2695000	       268	80001268	014000ef	jal	x1,80001268	  x1=0x80001268
        2705000	       269	00000000	00000013	addi	x0,x0,0	  x0:0x00000000
        2715000	       270	80001278	00000013	addi	x0,x0,0	  x0:0x00000000
        2725000	       271	8000127c	ffdff16f	jal	x2,8000127c	  x2=0x8000127c
        2735000	       272	00000000	00000013	addi	x0,x0,0	  x0:0x00000000
        2745000	       273	80001274	00000013	addi	x0,x0,0	  x0:0x00000000
        2755000	       274	80001278	fe5ff0ef	jal	x1,80001278	  x1=0x80001278
        2765000	       275	00000000	00000013	addi	x0,x0,0	  x0:0x00000000
        2775000	       276	80001258	00000013	addi	x0,x0,0	  x0:0x00000000
        2785000	       277	8000125c	fe5ff36f	jal	x6,8000125c	  x6=0x8000125c
        2795000	       278	00000000	00000013	addi	x0,x0,0	  x0:0x00000000
        2805000	       279	8000123c	00000013	addi	x0,x0,0	  x0:0x00000000
        2815000	       280	80001240	008000ef	jal	x1,80001240	  x1=0x80001240
        2825000	       281	00000000	00000013	addi	x0,x0,0	  x0:0x00000000
        2835000	       282	80001244	00000013	addi	x0,x0,0	  x0:0x00000000
        2845000	       283	80001248	024000ef	jal	x1,80001248	  x1=0x80001248
        2855000	       284	00000000	00000013	addi	x0,x0,0	  x0:0x00000000
        2865000	       285	80001268	00000013	addi	x0,x0,0	  x0:0x00000000
        2875000	       286	8000126c	014000ef	jal	x1,8000126c	  x1=0x8000126c
        2885000	       287	00000000	00000013	addi	x0,x0,0	  x0:0x00000000
        2895000	       288	8000127c	00000013	addi	x0,x0,0	  x0:0x00000000
        2905000	       289	80001280	004000ef	jal	x1,80001280	  x1=0x80001280
        2915000	       290	00000000	00000013	addi	x0,x0,0	  x0:0x00000000
        2925000	       291	80001280	00000013	addi	x0,x0,0	  x0:0x00000000
        2935000	       292	80001284	00c0036f	jal	x6,80001284	  x6=0x80001284
        2945000	       293	00000000	00000013	addi	x0,x0,0	  x0:0x00000000
        2955000	       294	8000128c	00000013	addi	x0,x0,0	  x0:0x00000000
        2965000	       295	80001290	fc9ff36f	jal	x6,80001290	  x6=0x80001290
        2975000	       296	00000000	00000013	addi	x0,x0,0	  x0:0x00000000
        2985000	       297	80001254	00000013	addi	x0,x0,0	  x0:0x00000000
        2995000	       298	80001258	0180016f	jal	x2,80001258	  x2=0x80001258
        3005000	       299	00000000	00000013	addi	x0,x0,0	  x0:0x00000000
        3015000	       300	8000126c	00000013	addi	x0,x0,0	  x0:0x00000000
        3025000	       301	80001270	fe1ff0ef	jal	x1,80001270	  x1=0x80001270
        3035000	       302	00000000	00000013	addi	x0,x0,0	  x0:0x00000000
        3045000	       303	8000124c	00000013	addi	x0,x0,0	  x0:0x00000000
        3055000	       304	80001250	01400fef	jal	x31,80001250	 x31=0x80001250
        3065000	       305	00000000	00000013	addi	x0,x0,0	  x0:0x00000000
        3075000	       306	80001260	00000013	addi	x0,x0,0	  x0:0x00000000
        3085000	       307	80001264	010008ef	jal	x17,80001264	 x17=0x80001264
        3095000	       308	00000000	00000013	addi	x0,x0,0	  x0:0x00000000
        3105000	       309	80001270	00000013	addi	x0,x0,0	  x0:0x00000000
        3115000	       310	80001274	020000ef	jal	x1,80001274	  x1=0x80001274
        3125000	       311	00000000	00000013	addi	x0,x0,0	  x0:0x00000000
        3135000	       312	80001290	00000013	addi	x0,x0,0	  x0:0x00000000
        3145000	       313	80001294	0033d733	srl	x14,x7,x3	  x7:0x00000000  x3:0x800003c0 x14=0x00000000
        3155000	       314	80001298	0380036f	jal	x6,80001298	  x6=0x80001298
        3165000	       315	00000000	00000013	addi	x0,x0,0	  x0:0x00000000
        3175000	       316	800012cc	00000013	addi	x0,x0,0	  x0:0x00000000
        3185000	       317	800012d0	fedff0ef	jal	x1,800012d0	  x1=0x800012d0
        3195000	       318	00000000	00000013	addi	x0,x0,0	  x0:0x00000000
        3205000	       319	800012b8	00000013	addi	x0,x0,0	  x0:0x00000000
        3215000	       320	800012bc	00c000ef	jal	x1,800012bc	  x1=0x800012bc
        3225000	       321	00000000	00000013	addi	x0,x0,0	  x0:0x00000000
        3235000	       322	800012c4	00000013	addi	x0,x0,0	  x0:0x00000000
        3245000	       323	800012c8	fe1ff0ef	jal	x1,800012c8	  x1=0x800012c8
        3255000	       324	00000000	00000013	addi	x0,x0,0	  x0:0x00000000
        3265000	       325	800012a4	00000013	addi	x0,x0,0	  x0:0x00000000
        3275000	       326	800012a8	008000ef	jal	x1,800012a8	  x1=0x800012a8
        3285000	       327	00000000	00000013	addi	x0,x0,0	  x0:0x00000000
        3295000	       328	800012ac	00000013	addi	x0,x0,0	  x0:0x00000000
        3305000	       329	800012b0	ff5ff36f	jal	x6,800012b0	  x6=0x800012b0
        3315000	       330	00000000	00000013	addi	x0,x0,0	  x0:0x00000000
        3325000	       331	800012a0	00000013	addi	x0,x0,0	  x0:0x00000000
        3335000	       332	800012a4	008002ef	jal	x5,800012a4	  x5=0x800012a4
        3345000	       333	00000000	00000013	addi	x0,x0,0	  x0:0x00000000
        3355000	       334	800012a8	00000013	addi	x0,x0,0	  x0:0x00000000
        3365000	       335	800012ac	01800d6f	jal	x26,800012ac	 x26=0x800012ac
        3375000	       336	00000000	00000013	addi	x0,x0,0	  x0:0x00000000
        3385000	       337	800012c0	00000013	addi	x0,x0,0	  x0:0x00000000
        3395000	       338	800012c4	ff1ff0ef	jal	x1,800012c4	  x1=0x800012c4
        3405000	       339	00000000	00000013	addi	x0,x0,0	  x0:0x00000000
        3415000	       340	800012b0	00000013	addi	x0,x0,0	  x0:0x00000000
        3425000	       341	800012b4	0040046f	jal	x8,800012b4	  x8=0x800012b4
        3435000	       342	00000000	00000013	addi	x0,x0,0	  x0:0x00000000
        3445000	       343	800012b4	00000013	addi	x0,x0,0	  x0:0x00000000
        3455000	       344	800012b8	01400c6f	jal	x24,800012b8	 x24=0x800012b8
        3465000	       345	00000000	00000013	addi	x0,x0,0	  x0:0x00000000
        3475000	       346	800012c8	00000013	addi	x0,x0,0	  x0:0x00000000
        3485000	       347	800012cc	ff5ff0ef	jal	x1,800012cc	  x1=0x800012cc
        3495000	       348	00000000	00000013	addi	x0,x0,0	  x0:0x00000000
        3505000	       349	800012bc	00000013	addi	x0,x0,0	  x0:0x00000000
        3515000	       350	800012c0	fddff16f	jal	x2,800012c0	  x2=0x800012c0
        3525000	       351	00000000	00000013	addi	x0,x0,0	  x0:0x00000000
        3535000	       352	80001298	00000013	addi	x0,x0,0	  x0:0x00000000
        3545000	       353	8000129c	0040066f	jal	x12,8000129c	 x12=0x8000129c
        3555000	       354	00000000	00000013	addi	x0,x0,0	  x0:0x00000000
        3565000	       355	8000129c	00000013	addi	x0,x0,0	  x0:0x00000000
        3575000	       356	800012a0	0340036f	jal	x6,800012a0	  x6=0x800012a0
        3585000	       357	00000000	00000013	addi	x0,x0,0	  x0:0x00000000
        3595000	       358	800012d0	00000013	addi	x0,x0,0	  x0:0x00000000
        3605000	       359	800012d4	0b54c417	auipc	x8,0xb54c	  x8=0x8b54d2d0
        3615000	       360	800012d8	0480036f	jal	x6,800012d8	  x6=0x800012d8
        3625000	       361	00000000	00000013	addi	x0,x0,0	  x0:0x00000000
        3635000	       362	8000131c	00000013	addi	x0,x0,0	  x0:0x00000000
        3645000	       363	80001320	fe5ff36f	jal	x6,80001320	  x6=0x80001320
        3655000	       364	00000000	00000013	addi	x0,x0,0	  x0:0x00000000
        3665000	       365	80001300	00000013	addi	x0,x0,0	  x0:0x00000000
        3675000	       366	80001304	010009ef	jal	x19,80001304	 x19=0x80001304
        3685000	       367	00000000	00000013	addi	x0,x0,0	  x0:0x00000000
        3695000	       368	80001310	00000013	addi	x0,x0,0	  x0:0x00000000
        3705000	       369	80001314	ff9ff0ef	jal	x1,80001314	  x1=0x80001314
        3715000	       370	00000000	00000013	addi	x0,x0,0	  x0:0x00000000
        3725000	       371	80001308	00000013	addi	x0,x0,0	  x0:0x00000000
        3735000	       372	8000130c	ffdff0ef	jal	x1,8000130c	  x1=0x8000130c
        3745000	       373	00000000	00000013	addi	x0,x0,0	  x0:0x00000000
        3755000	       374	80001304	00000013	addi	x0,x0,0	  x0:0x00000000
        3765000	       375	80001308	fe9ff0ef	jal	x1,80001308	  x1=0x80001308
        3775000	       376	00000000	00000013	addi	x0,x0,0	  x0:0x00000000
        3785000	       377	800012ec	00000013	addi	x0,x0,0	  x0:0x00000000
        3795000	       378	800012f0	004000ef	jal	x1,800012f0	  x1=0x800012f0
        3805000	       379	00000000	00000013	addi	x0,x0,0	  x0:0x00000000
        3815000	       380	800012f0	00000013	addi	x0,x0,0	  x0:0x00000000
        3825000	       381	800012f4	0340036f	jal	x6,800012f4	  x6=0x800012f4
        3835000	       382	00000000	00000013	addi	x0,x0,0	  x0:0x00000000
        3845000	       383	80001324	00000013	addi	x0,x0,0	  x0:0x00000000
        3855000	       384	80001328	fbdff0ef	jal	x1,80001328	  x1=0x80001328
        3865000	       385	00000000	00000013	addi	x0,x0,0	  x0:0x00000000
        3875000	       386	800012e0	00000013	addi	x0,x0,0	  x0:0x00000000
        3885000	       387	800012e4	01800d6f	jal	x26,800012e4	 x26=0x800012e4
        3895000	       388	00000000	00000013	addi	x0,x0,0	  x0:0x00000000
        3905000	       389	800012f8	00000013	addi	x0,x0,0	  x0:0x00000000
        3915000	       390	800012fc	ffdff0ef	jal	x1,800012fc	  x1=0x800012fc
        3925000	       391	00000000	00000013	addi	x0,x0,0	  x0:0x00000000
        3935000	       392	800012f4	00000013	addi	x0,x0,0	  x0:0x00000000
        3945000	       393	800012f8	fe5ff0ef	jal	x1,800012f8	  x1=0x800012f8
        3955000	       394	00000000	00000013	addi	x0,x0,0	  x0:0x00000000
        3965000	       395	800012d8	00000013	addi	x0,x0,0	  x0:0x00000000
        3975000	       396	800012dc	004000ef	jal	x1,800012dc	  x1=0x800012dc
        3985000	       397	00000000	00000013	addi	x0,x0,0	  x0:0x00000000
        3995000	       398	800012dc	00000013	addi	x0,x0,0	  x0:0x00000000
        4005000	       399	800012e0	00c000ef	jal	x1,800012e0	  x1=0x800012e0
        4015000	       400	00000000	00000013	addi	x0,x0,0	  x0:0x00000000
        4025000	       401	800012e8	00000013	addi	x0,x0,0	  x0:0x00000000
        4035000	       402	800012ec	030005ef	jal	x11,800012ec	 x11=0x800012ec
        4045000	       403	00000000	00000013	addi	x0,x0,0	  x0:0x00000000
        4055000	       404	80001318	00000013	addi	x0,x0,0	  x0:0x00000000
        4065000	       405	8000131c	008000ef	jal	x1,8000131c	  x1=0x8000131c
        4075000	       406	00000000	00000013	addi	x0,x0,0	  x0:0x00000000
        4085000	       407	80001320	00000013	addi	x0,x0,0	  x0:0x00000000
        4095000	       408	80001324	fedff0ef	jal	x1,80001324	  x1=0x80001324
        4105000	       409	00000000	00000013	addi	x0,x0,0	  x0:0x00000000
        4115000	       410	8000130c	00000013	addi	x0,x0,0	  x0:0x00000000
        4125000	       411	80001310	ff1ff36f	jal	x6,80001310	  x6=0x80001310
        4135000	       412	00000000	00000013	addi	x0,x0,0	  x0:0x00000000
        4145000	       413	800012fc	00000013	addi	x0,x0,0	  x0:0x00000000
        4155000	       414	80001300	018000ef	jal	x1,80001300	  x1=0x80001300
        4165000	       415	00000000	00000013	addi	x0,x0,0	  x0:0x00000000
        4175000	       416	80001314	00000013	addi	x0,x0,0	  x0:0x00000000
        4185000	       417	80001318	fd1ff36f	jal	x6,80001318	  x6=0x80001318
        4195000	       418	00000000	00000013	addi	x0,x0,0	  x0:0x00000000
        4205000	       419	800012e4	00000013	addi	x0,x0,0	  x0:0x00000000
        4215000	       420	800012e8	04400cef	jal	x25,800012e8	 x25=0x800012e8
        4225000	       421	00000000	00000013	addi	x0,x0,0	  x0:0x00000000
        4235000	       422	80001328	00000013	addi	x0,x0,0	  x0:0x00000000
        4245000	       423	8000132c	cc98fb93	andi	x23,x17,-823	 x17:0x80001264 x23=0x80001040
        4255000	       424	80001330	0240036f	jal	x6,80001330	  x6=0x80001330
        4265000	       425	00000000	00000013	addi	x0,x0,0	  x0:0x00000000
        4275000	       426	80001350	00000013	addi	x0,x0,0	  x0:0x00000000
        4285000	       427	80001354	ff5ff7ef	jal	x15,80001354	 x15=0x80001354
        4295000	       428	00000000	00000013	addi	x0,x0,0	  x0:0x00000000
        4305000	       429	80001344	00000013	addi	x0,x0,0	  x0:0x00000000
        4315000	       430	80001348	ff1ff7ef	jal	x15,80001348	 x15=0x80001348
        4325000	       431	00000000	00000013	addi	x0,x0,0	  x0:0x00000000
        4335000	       432	80001334	00000013	addi	x0,x0,0	  x0:0x00000000
        4345000	       433	80001338	018000ef	jal	x1,80001338	  x1=0x80001338
        4355000	       434	00000000	00000013	addi	x0,x0,0	  x0:0x00000000
        4365000	       435	8000134c	00000013	addi	x0,x0,0	  x0:0x00000000
        4375000	       436	80001350	ffdff0ef	jal	x1,80001350	  x1=0x80001350
        4385000	       437	00000000	00000013	addi	x0,x0,0	  x0:0x00000000
        4395000	       438	80001348	00000013	addi	x0,x0,0	  x0:0x00000000
        4405000	       439	8000134c	0100036f	jal	x6,8000134c	  x6=0x8000134c
        4415000	       440	00000000	00000013	addi	x0,x0,0	  x0:0x00000000
        4425000	       441	80001358	00000013	addi	x0,x0,0	  x0:0x00000000
        4435000	       442	8000135c	fe9ff36f	jal	x6,8000135c	  x6=0x8000135c
        4445000	       443	00000000	00000013	addi	x0,x0,0	  x0:0x00000000
        4455000	       444	80001340	00000013	addi	x0,x0,0	  x0:0x00000000
        4465000	       445	80001344	ff1ff0ef	jal	x1,80001344	  x1=0x80001344
        4475000	       446	00000000	00000013	addi	x0,x0,0	  x0:0x00000000
        4485000	       447	80001330	00000013	addi	x0,x0,0	  x0:0x00000000
        4495000	       448	80001334	024000ef	jal	x1,80001334	  x1=0x80001334
        4505000	       449	00000000	00000013	addi	x0,x0,0	  x0:0x00000000
        4515000	       450	80001354	00000013	addi	x0,x0,0	  x0:0x00000000
        4525000	       451	80001358	fe5ff36f	jal	x6,80001358	  x6=0x80001358
        4535000	       452	00000000	00000013	addi	x0,x0,0	  x0:0x00000000
        4545000	       453	80001338	00000013	addi	x0,x0,0	  x0:0x00000000
        4555000	       454	8000133c	004000ef	jal	x1,8000133c	  x1=0x8000133c
        4565000	       455	00000000	00000013	addi	x0,x0,0	  x0:0x00000000
        4575000	       456	8000133c	00000013	addi	x0,x0,0	  x0:0x00000000
        4585000	       457	80001340	020000ef	jal	x1,80001340	  x1=0x80001340
        4595000	       458	00000000	00000013	addi	x0,x0,0	  x0:0x00000000
        4605000	       459	8000135c	00000013	addi	x0,x0,0	  x0:0x00000000
        4615000	       460	80001360	0174c5b3	xor	x11,x9,x23	  x9:0x00000001 x23:0x80001040 x11=0x80001041
        4625000	       461	80001364	0040036f	jal	x6,80001364	  x6=0x80001364
        4635000	       462	00000000	00000013	addi	x0,x0,0	  x0:0x00000000
        4645000	       463	80001364	00000013	addi	x0,x0,0	  x0:0x00000000
        4655000	       464	80001368	050000ef	jal	x1,80001368	  x1=0x80001368
        4665000	       465	00000000	00000013	addi	x0,x0,0	  x0:0x00000000
        4675000	       466	800013b4	00000013	addi	x0,x0,0	  x0:0x00000000
        4685000	       467	800013b8	fddff0ef	jal	x1,800013b8	  x1=0x800013b8
        4695000	       468	00000000	00000013	addi	x0,x0,0	  x0:0x00000000
        4705000	       469	80001390	00000013	addi	x0,x0,0	  x0:0x00000000
        4715000	       470	80001394	fd9ff36f	jal	x6,80001394	  x6=0x80001394
        4725000	       471	00000000	00000013	addi	x0,x0,0	  x0:0x00000000
        4735000	       472	80001368	00000013	addi	x0,x0,0	  x0:0x00000000
        4745000	       473	8000136c	01c000ef	jal	x1,8000136c	  x1=0x8000136c
        4755000	       474	00000000	00000013	addi	x0,x0,0	  x0:0x00000000
        4765000	       475	80001384	00000013	addi	x0,x0,0	  x0:0x00000000
        4775000	       476	80001388	fe9ff76f	jal	x14,80001388	 x14=0x80001388
        4785000	       477	00000000	00000013	addi	x0,x0,0	  x0:0x00000000
        4795000	       478	8000136c	00000013	addi	x0,x0,0	  x0:0x00000000
        4805000	       479	80001370	020000ef	jal	x1,80001370	  x1=0x80001370
        4815000	       480	00000000	00000013	addi	x0,x0,0	  x0:0x00000000
        4825000	       481	8000138c	00000013	addi	x0,x0,0	  x0:0x00000000
        4835000	       482	80001390	ff1ff5ef	jal	x11,80001390	 x11=0x80001390
        4845000	       483	00000000	00000013	addi	x0,x0,0	  x0:0x00000000
        4855000	       484	8000137c	00000013	addi	x0,x0,0	  x0:0x00000000
        4865000	       485	80001380	00c0036f	jal	x6,80001380	  x6=0x80001380
        4875000	       486	00000000	00000013	addi	x0,x0,0	  x0:0x00000000
        4885000	       487	80001388	00000013	addi	x0,x0,0	  x0:0x00000000
        4895000	       488	8000138c	0100036f	jal	x6,8000138c	  x6=0x8000138c
        4905000	       489	00000000	00000013	addi	x0,x0,0	  x0:0x00000000
        4915000	       490	80001398	00000013	addi	x0,x0,0	  x0:0x00000000
        4925000	       491	8000139c	018000ef	jal	x1,8000139c	  x1=0x8000139c
        4935000	       492	00000000	00000013	addi	x0,x0,0	  x0:0x00000000
        4945000	       493	800013b0	00000013	addi	x0,x0,0	  x0:0x00000000
        4955000	       494	800013b4	ffdff0ef	jal	x1,800013b4	  x1=0x800013b4
        4965000	       495	00000000	00000013	addi	x0,x0,0	  x0:0x00000000
        4975000	       496	800013ac	00000013	addi	x0,x0,0	  x0:0x00000000
        4985000	       497	800013b0	fc9ff0ef	jal	x1,800013b0	  x1=0x800013b0
        4995000	       498	00000000	00000013	addi	x0,x0,0	  x0:0x00000000
        5005000	       499	80001374	00000013	addi	x0,x0,0	  x0:0x00000000
        5015000	       500	80001378	02800fef	jal	x31,80001378	 x31=0x80001378
        5025000	       501	00000000	00000013	addi	x0,x0,0	  x0:0x00000000
        5035000	       502	8000139c	00000013	addi	x0,x0,0	  x0:0x00000000
        5045000	       503	800013a0	fd5ff0ef	jal	x1,800013a0	  x1=0x800013a0
        5055000	       504	00000000	00000013	addi	x0,x0,0	  x0:0x00000000
        5065000	       505	80001370	00000013	addi	x0,x0,0	  x0:0x00000000
        5075000	       506	80001374	0340076f	jal	x14,80001374	 x14=0x80001374
        5085000	       507	00000000	00000013	addi	x0,x0,0	  x0:0x00000000
        5095000	       508	800013a4	00000013	addi	x0,x0,0	  x0:0x00000000
        5105000	       509	800013a8	fd5ff1ef	jal	x3,800013a8	  x3=0x800013a8
        5115000	       510	00000000	00000013	addi	x0,x0,0	  x0:0x00000000
        5125000	       511	80001378	00000013	addi	x0,x0,0	  x0:0x00000000
        5135000	       512	8000137c	01c0036f	jal	x6,8000137c	  x6=0x8000137c
        5145000	       513	00000000	00000013	addi	x0,x0,0	  x0:0x00000000
        5155000	       514	80001394	00000013	addi	x0,x0,0	  x0:0x00000000
        5165000	       515	80001398	0140036f	jal	x6,80001398	  x6=0x80001398
        5175000	       516	00000000	00000013	addi	x0,x0,0	  x0:0x00000000
        5185000	       517	800013a8	00000013	addi	x0,x0,0	  x0:0x00000000
        5195000	       518	800013ac	ff9ff0ef	jal	x1,800013ac	  x1=0x800013ac
        5205000	       519	00000000	00000013	addi	x0,x0,0	  x0:0x00000000
        5215000	       520	800013a0	00000013	addi	x0,x0,0	  x0:0x00000000
        5225000	       521	800013a4	fe1ff3ef	jal	x7,800013a4	  x7=0x800013a4
        5235000	       522	00000000	00000013	addi	x0,x0,0	  x0:0x00000000
        5245000	       523	80001380	00000013	addi	x0,x0,0	  x0:0x00000000
        5255000	       524	80001384	038000ef	jal	x1,80001384	  x1=0x80001384
        5265000	       525	00000000	00000013	addi	x0,x0,0	  x0:0x00000000
        5275000	       526	800013b8	00000013	addi	x0,x0,0	  x0:0x00000000
        5285000	       527	800013bc	8a2d3e13	sltiu	x28,x26,-1886	 x26:0x800012e4 x28=0x00000001
        5295000	       528	800013c0	0300036f	jal	x6,800013c0	  x6=0x800013c0
        5305000	       529	00000000	00000013	addi	x0,x0,0	  x0:0x00000000
        5315000	       530	800013ec	00000013	addi	x0,x0,0	  x0:0x00000000
        5325000	       531	800013f0	014002ef	jal	x5,800013f0	  x5=0x800013f0
        5335000	       532	00000000	00000013	addi	x0,x0,0	  x0:0x00000000
        5345000	       533	80001400	00000013	addi	x0,x0,0	  x0:0x00000000
        5355000	       534	80001404	02c0036f	jal	x6,80001404	  x6=0x80001404
        5365000	       535	00000000	00000013	addi	x0,x0,0	  x0:0x00000000
        5375000	       536	8000142c	00000013	addi	x0,x0,0	  x0:0x00000000
        5385000	       537	80001430	fe5ff0ef	jal	x1,80001430	  x1=0x80001430
        5395000	       538	00000000	00000013	addi	x0,x0,0	  x0:0x00000000
        5405000	       539	80001410	00000013	addi	x0,x0,0	  x0:0x00000000
        5415000	       540	80001414	fe9ff36f	jal	x6,80001414	  x6=0x80001414
        5425000	       541	00000000	00000013	addi	x0,x0,0	  x0:0x00000000
        5435000	       542	800013f8	00000013	addi	x0,x0,0	  x0:0x00000000
        5445000	       543	800013fc	fd1ff36f	jal	x6,800013fc	  x6=0x800013fc
        5455000	       544	00000000	00000013	addi	x0,x0,0	  x0:0x00000000
        5465000	       545	800013c8	00000013	addi	x0,x0,0	  x0:0x00000000
        5475000	       546	800013cc	054000ef	jal	x1,800013cc	  x1=0x800013cc
        5485000	       547	00000000	00000013	addi	x0,x0,0	  x0:0x00000000
        5495000	       548	8000141c	00000013	addi	x0,x0,0	  x0:0x00000000
        5505000	       549	80001420	fa5ff66f	jal	x12,80001420	 x12=0x80001420
        5515000	       550	00000000	00000013	addi	x0,x0,0	  x0:0x00000000
        5525000	       551	800013c0	00000013	addi	x0,x0,0	  x0:0x00000000
        5535000	       552	800013c4	01c000ef	jal	x1,800013c4	  x1=0x800013c4
        5545000	       553	00000000	00000013	addi	x0,x0,0	  x0:0x00000000
        5555000	       554	800013dc	00000013	addi	x0,x0,0	  x0:0x00000000
        5565000	       555	800013e0	ff9ff36f	jal	x6,800013e0	  x6=0x800013e0
        5575000	       556	00000000	00000013	addi	x0,x0,0	  x0:0x00000000
        5585000	       557	800013d4	00000013	addi	x0,x0,0	  x0:0x00000000
        5595000	       558	800013d8	040000ef	jal	x1,800013d8	  x1=0x800013d8
        5605000	       559	00000000	00000013	addi	x0,x0,0	  x0:0x00000000
        5615000	       560	80001414	00000013	addi	x0,x0,0	  x0:0x00000000
        5625000	       561	80001418	fe1ff0ef	jal	x1,80001418	  x1=0x80001418
        5635000	       562	00000000	00000013	addi	x0,x0,0	  x0:0x00000000
        5645000	       563	800013f4	00000013	addi	x0,x0,0	  x0:0x00000000
        5655000	       564	800013f8	fedff0ef	jal	x1,800013f8	  x1=0x800013f8
        5665000	       565	00000000	00000013	addi	x0,x0,0	  x0:0x00000000
        5675000	       566	800013e0	00000013	addi	x0,x0,0	  x0:0x00000000
        5685000	       567	800013e4	04800c6f	jal	x24,800013e4	 x24=0x800013e4
        5695000	       568	00000000	00000013	addi	x0,x0,0	  x0:0x00000000
        5705000	       569	80001428	00000013	addi	x0,x0,0	  x0:0x00000000
        5715000	       570	8000142c	fd5ff26f	jal	x4,8000142c	  x4=0x8000142c
        5725000	       571	00000000	00000013	addi	x0,x0,0	  x0:0x00000000
        5735000	       572	800013fc	00000013	addi	x0,x0,0	  x0:0x00000000
        5745000	       573	80001400	0240036f	jal	x6,80001400	  x6=0x80001400
        5755000	       574	00000000	00000013	addi	x0,x0,0	  x0:0x00000000
        5765000	       575	80001420	00000013	addi	x0,x0,0	  x0:0x00000000
        5775000	       576	80001424	fe5ff0ef	jal	x1,80001424	  x1=0x80001424
        5785000	       577	00000000	00000013	addi	x0,x0,0	  x0:0x00000000
        5795000	       578	80001404	00000013	addi	x0,x0,0	  x0:0x00000000
        5805000	       579	80001408	fedff36f	jal	x6,80001408	  x6=0x80001408
        5815000	       580	00000000	00000013	addi	x0,x0,0	  x0:0x00000000
        5825000	       581	800013f0	00000013	addi	x0,x0,0	  x0:0x00000000
        5835000	       582	800013f4	040000ef	jal	x1,800013f4	  x1=0x800013f4
        5845000	       583	00000000	00000013	addi	x0,x0,0	  x0:0x00000000
        5855000	       584	80001430	00000013	addi	x0,x0,0	  x0:0x00000000
        5865000	       585	80001434	004001ef	jal	x3,80001434	  x3=0x80001434
        5875000	       586	00000000	00000013	addi	x0,x0,0	  x0:0x00000000
        5885000	       587	80001434	00000013	addi	x0,x0,0	  x0:0x00000000
        5895000	       588	80001438	f99ff0ef	jal	x1,80001438	  x1=0x80001438
        5905000	       589	00000000	00000013	addi	x0,x0,0	  x0:0x00000000
        5915000	       590	800013cc	00000013	addi	x0,x0,0	  x0:0x00000000
        5925000	       591	800013d0	03c0096f	jal	x18,800013d0	 x18=0x800013d0
        5935000	       592	00000000	00000013	addi	x0,x0,0	  x0:0x00000000
        5945000	       593	80001408	00000013	addi	x0,x0,0	  x0:0x00000000
        5955000	       594	8000140c	fddff8ef	jal	x17,8000140c	 x17=0x8000140c
        5965000	       595	00000000	00000013	addi	x0,x0,0	  x0:0x00000000
        5975000	       596	800013e4	00000013	addi	x0,x0,0	  x0:0x00000000
        5985000	       597	800013e8	fe1ff0ef	jal	x1,800013e8	  x1=0x800013e8
        5995000	       598	00000000	00000013	addi	x0,x0,0	  x0:0x00000000
        6005000	       599	800013c4	00000013	addi	x0,x0,0	  x0:0x00000000
        6015000	       600	800013c8	024000ef	jal	x1,800013c8	  x1=0x800013c8
        6025000	       601	00000000	00000013	addi	x0,x0,0	  x0:0x00000000
        6035000	       602	800013e8	00000013	addi	x0,x0,0	  x0:0x00000000
        6045000	       603	800013ec	03c0016f	jal	x2,800013ec	  x2=0x800013ec
        6055000	       604	00000000	00000013	addi	x0,x0,0	  x0:0x00000000
        6065000	       605	80001424	00000013	addi	x0,x0,0	  x0:0x00000000
        6075000	       606	80001428	fe9ff36f	jal	x6,80001428	  x6=0x80001428
        6085000	       607	00000000	00000013	addi	x0,x0,0	  x0:0x00000000
        6095000	       608	8000140c	00000013	addi	x0,x0,0	  x0:0x00000000
        6105000	       609	80001410	00c0056f	jal	x10,80001410	 x10=0x80001410
        6115000	       610	00000000	00000013	addi	x0,x0,0	  x0:0x00000000
        6125000	       611	80001418	00000013	addi	x0,x0,0	  x0:0x00000000
        6135000	       612	8000141c	fc1ffd6f	jal	x26,8000141c	 x26=0x8000141c
        6145000	       613	00000000	00000013	addi	x0,x0,0	  x0:0x00000000
        6155000	       614	800013d8	00000013	addi	x0,x0,0	  x0:0x00000000
        6165000	       615	800013dc	ff9ff8ef	jal	x17,800013dc	 x17=0x800013dc
        6175000	       616	00000000	00000013	addi	x0,x0,0	  x0:0x00000000
        6185000	       617	800013d0	00000013	addi	x0,x0,0	  x0:0x00000000
        6195000	       618	800013d4	068000ef	jal	x1,800013d4	  x1=0x800013d4
        6205000	       619	00000000	00000013	addi	x0,x0,0	  x0:0x00000000
        6215000	       620	80001438	00000013	addi	x0,x0,0	  x0:0x00000000
        6225000	       621	8000143c	22220313	addi	x6,x4,546	  x4:0x8000142c  x6=0x8000164e
        6235000	       622	80001440	0600036f	jal	x6,80001440	  x6=0x80001440
        6245000	       623	00000000	00000013	addi	x0,x0,0	  x0:0x00000000
        6255000	       624	8000149c	00000013	addi	x0,x0,0	  x0:0x00000000
        6265000	       625	800014a0	fb1ff0ef	jal	x1,800014a0	  x1=0x800014a0
        6275000	       626	00000000	00000013	addi	x0,x0,0	  x0:0x00000000
        6285000	       627	8000144c	00000013	addi	x0,x0,0	  x0:0x00000000
        6295000	       628	80001450	01c0036f	jal	x6,80001450	  x6=0x80001450
        6305000	       629	00000000	00000013	addi	x0,x0,0	  x0:0x00000000
        6315000	       630	80001468	00000013	addi	x0,x0,0	  x0:0x00000000
        6325000	       631	8000146c	ffdff36f	jal	x6,8000146c	  x6=0x8000146c
        6335000	       632	00000000	00000013	addi	x0,x0,0	  x0:0x00000000
        6345000	       633	80001464	00000013	addi	x0,x0,0	  x0:0x00000000
        6355000	       634	80001468	00800f6f	jal	x30,80001468	 x30=0x80001468
        6365000	       635	00000000	00000013	addi	x0,x0,0	  x0:0x00000000
        6375000	       636	8000146c	00000013	addi	x0,x0,0	  x0:0x00000000
        6385000	       637	80001470	034000ef	jal	x1,80001470	  x1=0x80001470
        6395000	       638	00000000	00000013	addi	x0,x0,0	  x0:0x00000000
        6405000	       639	800014a0	00000013	addi	x0,x0,0	  x0:0x00000000
        6415000	       640	800014a4	fddff0ef	jal	x1,800014a4	  x1=0x800014a4
        6425000	       641	00000000	00000013	addi	x0,x0,0	  x0:0x00000000
        6435000	       642	8000147c	00000013	addi	x0,x0,0	  x0:0x00000000
        6445000	       643	80001480	ff5ffcef	jal	x25,80001480	 x25=0x80001480
        6455000	       644	00000000	00000013	addi	x0,x0,0	  x0:0x00000000
        6465000	       645	80001470	00000013	addi	x0,x0,0	  x0:0x00000000
        6475000	       646	80001474	0200036f	jal	x6,80001474	  x6=0x80001474
        6485000	       647	00000000	00000013	addi	x0,x0,0	  x0:0x00000000
        6495000	       648	80001490	00000013	addi	x0,x0,0	  x0:0x00000000
        6505000	       649	80001494	fe5ff0ef	jal	x1,80001494	  x1=0x80001494
        6515000	       650	00000000	00000013	addi	x0,x0,0	  x0:0x00000000
        6525000	       651	80001474	00000013	addi	x0,x0,0	  x0:0x00000000
        6535000	       652	80001478	0100016f	jal	x2,80001478	  x2=0x80001478
        6545000	       653	00000000	00000013	addi	x0,x0,0	  x0:0x00000000
        6555000	       654	80001484	00000013	addi	x0,x0,0	  x0:0x00000000
        6565000	       655	80001488	fd5ffbef	jal	x23,80001488	 x23=0x80001488
        6575000	       656	00000000	00000013	addi	x0,x0,0	  x0:0x00000000
        6585000	       657	80001458	00000013	addi	x0,x0,0	  x0:0x00000000
        6595000	       658	8000145c	034001ef	jal	x3,8000145c	  x3=0x8000145c
        6605000	       659	00000000	00000013	addi	x0,x0,0	  x0:0x00000000
        6615000	       660	8000148c	00000013	addi	x0,x0,0	  x0:0x00000000
        6625000	       661	80001490	fd5ffc6f	jal	x24,80001490	 x24=0x80001490
        6635000	       662	00000000	00000013	addi	x0,x0,0	  x0:0x00000000
        6645000	       663	80001460	00000013	addi	x0,x0,0	  x0:0x00000000
        6655000	       664	80001464	038001ef	jal	x3,80001464	  x3=0x80001464
        6665000	       665	00000000	00000013	addi	x0,x0,0	  x0:0x00000000
        6675000	       666	80001498	00000013	addi	x0,x0,0	  x0:0x00000000
        6685000	       667	8000149c	fa9ff0ef	jal	x1,8000149c	  x1=0x8000149c
        6695000	       668	00000000	00000013	addi	x0,x0,0	  x0:0x00000000
        6705000	       669	80001440	00000013	addi	x0,x0,0	  x0:0x00000000
        6715000	       670	80001444	0640046f	jal	x8,80001444	  x8=0x80001444
        6725000	       671	00000000	00000013	addi	x0,x0,0	  x0:0x00000000
        6735000	       672	800014a4	00000013	addi	x0,x0,0	  x0:0x00000000
        6745000	       673	800014a8	fa1ff1ef	jal	x3,800014a8	  x3=0x800014a8
        6755000	       674	00000000	00000013	addi	x0,x0,0	  x0:0x00000000
        6765000	       675	80001444	00000013	addi	x0,x0,0	  x0:0x00000000
        6775000	       676	80001448	0440016f	jal	x2,80001448	  x2=0x80001448
        6785000	       677	00000000	00000013	addi	x0,x0,0	  x0:0x00000000
        6795000	       678	80001488	00000013	addi	x0,x0,0	  x0:0x00000000
        6805000	       679	8000148c	fd5ff36f	jal	x6,8000148c	  x6=0x8000148c
        6815000	       680	00000000	00000013	addi	x0,x0,0	  x0:0x00000000
        6825000	       681	8000145c	00000013	addi	x0,x0,0	  x0:0x00000000
        6835000	       682	80001460	01c000ef	jal	x1,80001460	  x1=0x80001460
        6845000	       683	00000000	00000013	addi	x0,x0,0	  x0:0x00000000
        6855000	       684	80001478	00000013	addi	x0,x0,0	  x0:0x00000000
        6865000	       685	8000147c	008000ef	jal	x1,8000147c	  x1=0x8000147c
        6875000	       686	00000000	00000013	addi	x0,x0,0	  x0:0x00000000
        6885000	       687	80001480	00000013	addi	x0,x0,0	  x0:0x00000000
        6895000	       688	80001484	fc9ff0ef	jal	x1,80001484	  x1=0x80001484
        6905000	       689	00000000	00000013	addi	x0,x0,0	  x0:0x00000000
        6915000	       690	80001448	00000013	addi	x0,x0,0	  x0:0x00000000
        6925000	       691	8000144c	00c000ef	jal	x1,8000144c	  x1=0x8000144c
        6935000	       692	00000000	00000013	addi	x0,x0,0	  x0:0x00000000
        6945000	       693	80001454	00000013	addi	x0,x0,0	  x0:0x00000000
        6955000	       694	80001458	040000ef	jal	x1,80001458	  x1=0x80001458
        6965000	       695	00000000	00000013	addi	x0,x0,0	  x0:0x00000000
        6975000	       696	80001494	00000013	addi	x0,x0,0	  x0:0x00000000
        6985000	       697	80001498	fbdfff6f	jal	x30,80001498	 x30=0x80001498
        6995000	       698	00000000	00000013	addi	x0,x0,0	  x0:0x00000000
        7005000	       699	80001450	00000013	addi	x0,x0,0	  x0:0x00000000
        7015000	       700	80001454	058000ef	jal	x1,80001454	  x1=0x80001454
        7025000	       701	00000000	00000013	addi	x0,x0,0	  x0:0x00000000
        7035000	       702	800014a8	00000013	addi	x0,x0,0	  x0:0x00000000
        7045000	       703	800014ac	192f5a37	lui	x20,0x192f5	 x20=0x192f5000
        7055000	       704	800014b0	0380036f	jal	x6,800014b0	  x6=0x800014b0
        7065000	       705	00000000	00000013	addi	x0,x0,0	  x0:0x00000000
        7075000	       706	800014e4	00000013	addi	x0,x0,0	  x0:0x00000000
        7085000	       707	800014e8	ffdff16f	jal	x2,800014e8	  x2=0x800014e8
        7095000	       708	00000000	00000013	addi	x0,x0,0	  x0:0x00000000
        7105000	       709	800014e0	00000013	addi	x0,x0,0	  x0:0x00000000
        7115000	       710	800014e4	fe1ff0ef	jal	x1,800014e4	  x1=0x800014e4
        7125000	       711	00000000	00000013	addi	x0,x0,0	  x0:0x00000000
        7135000	       712	800014c0	00000013	addi	x0,x0,0	  x0:0x00000000
        7145000	       713	800014c4	01c0036f	jal	x6,800014c4	  x6=0x800014c4
        7155000	       714	00000000	00000013	addi	x0,x0,0	  x0:0x00000000
        7165000	       715	800014dc	00000013	addi	x0,x0,0	  x0:0x00000000
        7175000	       716	800014e0	fe1ff7ef	jal	x15,800014e0	 x15=0x800014e0
        7185000	       717	00000000	00000013	addi	x0,x0,0	  x0:0x00000000
        7195000	       718	800014bc	00000013	addi	x0,x0,0	  x0:0x00000000
        7205000	       719	800014c0	ffdff36f	jal	x6,800014c0	  x6=0x800014c0
        7215000	       720	00000000	00000013	addi	x0,x0,0	  x0:0x00000000
        7225000	       721	800014b8	00000013	addi	x0,x0,0	  x0:0x00000000
        7235000	       722	800014bc	0100036f	jal	x6,800014bc	  x6=0x800014bc
        7245000	       723	00000000	00000013	addi	x0,x0,0	  x0:0x00000000
        7255000	       724	800014c8	00000013	addi	x0,x0,0	  x0:0x00000000
        7265000	       725	800014cc	010000ef	jal	x1,800014cc	  x1=0x800014cc
        7275000	       726	00000000	00000013	addi	x0,x0,0	  x0:0x00000000
        7285000	       727	800014d8	00000013	addi	x0,x0,0	  x0:0x00000000
        7295000	       728	800014dc	ff5ff4ef	jal	x9,800014dc	  x9=0x800014dc
        7305000	       729	00000000	00000013	addi	x0,x0,0	  x0:0x00000000
        7315000	       730	800014cc	00000013	addi	x0,x0,0	  x0:0x00000000
        7325000	       731	800014d0	008000ef	jal	x1,800014d0	  x1=0x800014d0
        7335000	       732	00000000	00000013	addi	x0,x0,0	  x0:0x00000000
        7345000	       733	800014d4	00000013	addi	x0,x0,0	  x0:0x00000000
        7355000	       734	800014d8	ffdff96f	jal	x18,800014d8	 x18=0x800014d8
        7365000	       735	00000000	00000013	addi	x0,x0,0	  x0:0x00000000
        7375000	       736	800014d0	00000013	addi	x0,x0,0	  x0:0x00000000
        7385000	       737	800014d4	fe1ff0ef	jal	x1,800014d4	  x1=0x800014d4
        7395000	       738	00000000	00000013	addi	x0,x0,0	  x0:0x00000000
        7405000	       739	800014b0	00000013	addi	x0,x0,0	  x0:0x00000000
        7415000	       740	800014b4	014000ef	jal	x1,800014b4	  x1=0x800014b4
        7425000	       741	00000000	00000013	addi	x0,x0,0	  x0:0x00000000
        7435000	       742	800014c4	00000013	addi	x0,x0,0	  x0:0x00000000
        7445000	       743	800014c8	ff1ff0ef	jal	x1,800014c8	  x1=0x800014c8
        7455000	       744	00000000	00000013	addi	x0,x0,0	  x0:0x00000000
        7465000	       745	800014b4	00000013	addi	x0,x0,0	  x0:0x00000000
        7475000	       746	800014b8	0340066f	jal	x12,800014b8	 x12=0x800014b8
        7485000	       747	00000000	00000013	addi	x0,x0,0	  x0:0x00000000
        7495000	       748	800014e8	00000013	addi	x0,x0,0	  x0:0x00000000
        7505000	       749	800014ec	019aecb3	or	x25,x21,x25	 x21:0x757353c0 x25:0x80001480 x25=0xf57357c0
        7515000	       750	800014f0	022e1863	bne	x28,x2,80001520	 x28:0x00000001  x2:0x800014e8
        7525000	       751	00000000	00000013	addi	x0,x0,0	  x0:0x00000000
        7535000	       752	8000151c	00000013	addi	x0,x0,0	  x0:0x00000000
        7545000	       753	80001520	009d7933	and	x18,x26,x9	 x26:0x8000141c  x9:0x800014dc x18=0x8000141c
        7555000	       754	80001524	00b85593	srli	x11,x16,0xb	 x16:0x80009f3c x11=0x00100013
        7565000	       755	80001528	014a2333	slt	x6,x20,x20	 x20:0x192f5000 x20:0x192f5000  x6=0x00000000
        7575000	       756	8000152c	000e4c33	xor	x24,x28,x0	 x28:0x00000001  x0:0x00000000 x24=0x00000001
        7585000	       757	80001530	c8e7a793	slti	x15,x15,-882	 x15:0x800014e0 x15=0x00000001
        7595000	       758	80001534	5e850f93	addi	x31,x10,1512	 x10:0x80001410 x31=0x800019f8
        7605000	       759	80001538	783e7c13	andi	x24,x28,1923	 x28:0x00000001 x24=0x00000001
        7615000	       760	8000153c	05c75063	bge	x14,x28,8000157c	 x14:0x80001374 x28:0x00000001
        7625000	       761	80001540	408a5133	sra	x2,x20,x8	 x20:0x192f5000  x8:0x80001444  x2=0x0192f500
        7635000	       762	80001544	61f5ac13	slti	x24,x11,1567	 x11:0x00100013 x24=0x00000000
        7645000	       763	80001548	50a3bc93	sltiu	x25,x7,1290	  x7:0x800013a4 x25=0x00000000
        7655000	       764	8000154c	f61a7493	andi	x9,x20,-159	 x20:0x192f5000  x9=0x192f5000
        7665000	       765	80001550	40abdc13	srai	x24,x23,0xa	 x23:0x80001488 x24=0xffe00005
        7675000	       766	80001554	00483133	sltu	x2,x16,x4	 x16:0x80009f3c  x4:0x8000142c  x2=0x00000000
        7685000	       767	80001558	a4ecfa13	andi	x20,x25,-1458	 x25:0x00000000 x20=0x00000000
        7695000	       768	8000155c	100a3f13	sltiu	x30,x20,256	 x20:0x00000000 x30=0x00000001
        7705000	       769	80001560	05a6f063	bgeu	x13,x26,800015a0	 x13:0x80000000 x26:0x8000141c
        7715000	       770	80001564	00375d33	srl	x26,x14,x3	 x14:0x80001374  x3:0x800014a8 x26=0x00800013
        7725000	       771	80001568	027cca63	blt	x25,x7,8000159c	 x25:0x00000000  x7:0x800013a4
        7735000	       772	8000156c	01674a63	blt	x14,x22,80001580	 x14:0x80001374 x22:0x80009fc4
        7745000	       773	00000000	00000013	addi	x0,x0,0	  x0:0x00000000
        7755000	       774	8000157c	00000013	addi	x0,x0,0	  x0:0x00000000
        7765000	       775	80001580	017d1db3	sll	x27,x26,x23	 x26:0x00800013 x23:0x80001488 x27=0x80001300
        7775000	       776	80001584	426dfc13	andi	x24,x27,1062	 x27:0x80001300 x24=0x00000000
        7785000	       777	80001588	419e87b3	sub	x15,x29,x25	 x29:0x00000000 x25:0x00000000 x15=0x00000000
        7795000	       778	8000158c	01fdec33	or	x24,x27,x31	 x27:0x80001300 x31:0x800019f8 x24=0x80001bf8
        7805000	       779	80001590	3e534d13	xori	x26,x6,997	  x6:0x00000000 x26=0x000003e5
        7815000	       780	80001594	047cc663	blt	x25,x7,800015e0	 x25:0x00000000  x7:0x800013a4
        7825000	       781	80001598	014874b3	and	x9,x16,x20	 x16:0x80009f3c x20:0x00000000  x9=0x00000000
        7835000	       782	8000159c	821de413	ori	x8,x27,-2015	 x27:0x80001300  x8=0xfffffb21
        7845000	       783	800015a0	00ca9bb3	sll	x23,x21,x12	 x21:0x757353c0 x12:0x800014b8 x23=0xc0000000
        7855000	       784	800015a4	002d63b3	or	x7,x26,x2	 x26:0x000003e5  x2:0x00000000  x7=0x000003e5
        7865000	       785	800015a8	b2339637	lui	x12,0xb2339	 x12=0xb2339000
        7875000	       786	800015ac	b9dbe013	ori	x0,x23,-1123	 x23:0xc0000000
        7885000	       787	800015b0	01f60ab3	add	x21,x12,x31	 x12:0xb2339000 x31:0x800019f8 x21=0x3233a9f8
        7895000	       788	800015b4	001b6263	bltu	x22,x1,800015b8	 x22:0x80009fc4  x1:0x800014c8
        7905000	       789	800015b8	75021297	auipc	x5,0x75021	  x5=0xf50225b4
        7915000	       790	800015bc	00999463	bne	x19,x9,800015c4	 x19:0x80001304  x9:0x00000000
        7925000	       791	00000000	00000013	addi	x0,x0,0	  x0:0x00000000
        7935000	       792	800015c0	00000013	addi	x0,x0,0	  x0:0x00000000
        7945000	       793	800015c4	019b6d33	or	x26,x22,x25	 x22:0x80009fc4 x25:0x00000000 x26=0x80009fc4
        7955000	       794	800015c8	01870ab3	add	x21,x14,x24	 x14:0x80001374 x24:0x80001bf8 x21=0x00002f6c
        7965000	       795	800015cc	413889b3	sub	x19,x17,x19	 x17:0x800013dc x19:0x80001304 x19=0x000000d8
        7975000	       796	800015d0	e713ea13	ori	x20,x7,-399	  x7:0x000003e5 x20=0xfffffff5
        7985000	       797	800015d4	00000013	addi	x0,x0,0	  x0:0x00000000
        7995000	       798	800015d8	e88cd297	auipc	x5,0xe88cd	  x5=0x688ce5d4
        8005000	       799	800015dc	417d5493	srai	x9,x26,0x17	 x26:0x80009fc4  x9=0xffffff00
        8015000	       800	800015e0	01d8bab3	sltu	x21,x17,x29	 x17:0x800013dc x29:0x00000000 x21=0x00000000
        8025000	       801	800015e4	21400593	addi	x11,x0,532	  x0:0x00000000 x11=0x00000214
        8035000	       802	800015e8	015c2ab3	slt	x21,x24,x21	 x24:0x80001bf8 x21:0x00000000 x21=0x00000001
        8045000	       803	800015ec	01448433	add	x8,x9,x20	  x9:0xffffff00 x20:0xfffffff5  x8=0xfffffef5
        8055000	       804	800015f0	00d77863	bgeu	x14,x13,80001600	 x14:0x80001374 x13:0x80000000
        8065000	       805	00000000	00000013	addi	x0,x0,0	  x0:0x00000000
        8075000	       806	800015fc	00000013	addi	x0,x0,0	  x0:0x00000000
        8085000	       807	80001600	ee603913	sltiu	x18,x0,-282	  x0:0x00000000 x18=0x00000001
        8095000	       808	80001604	001c8933	add	x18,x25,x1	 x25:0x00000000  x1:0x800014c8 x18=0x800014c8
        8105000	       809	80001608	01b99e63	bne	x19,x27,80001624	 x19:0x000000d8 x27:0x80001300
        8115000	       810	00000000	00000013	addi	x0,x0,0	  x0:0x00000000
        8125000	       811	80001620	00000013	addi	x0,x0,0	  x0:0x00000000
        8135000	       812	80001624	00cc5013	srli	x0,x24,0xc	 x24:0x80001bf8
        8145000	       813	80001628	00d91093	slli	x1,x18,0xd	 x18:0x800014c8  x1=0x02990000
        8155000	       814	8000162c	fbf77093	andi	x1,x14,-65	 x14:0x80001374  x1=0x80001334
        8165000	       815	80001630	1dc5e113	ori	x2,x11,476	 x11:0x00000214  x2=0x000003dc
        8175000	       816	80001634	00119c33	sll	x24,x3,x1	  x3:0x800014a8  x1:0x80001334 x24=0x4a800000
        8185000	       817	80001638	01aa7333	and	x6,x20,x26	 x20:0xfffffff5 x26:0x80009fc4  x6=0x80009fc4
        8195000	       818	8000163c	40a7db93	srai	x23,x15,0xa	 x15:0x00000000 x23=0x00000000
        8205000	       819	80001640	0380cc63	blt	x1,x24,80001678	  x1:0x80001334 x24:0x4a800000
        8215000	       820	00000000	00000013	addi	x0,x0,0	  x0:0x00000000
        8225000	       821	80001674	00000013	addi	x0,x0,0	  x0:0x00000000
        8235000	       822	80001678	02e31a63	bne	x6,x14,800016ac	  x6:0x80009fc4 x14:0x80001374
        8245000	       823	00000000	00000013	addi	x0,x0,0	  x0:0x00000000
        8255000	       824	800016a8	00000013	addi	x0,x0,0	  x0:0x00000000
        8265000	       825	800016ac	4185d5b3	sra	x11,x11,x24	 x11:0x00000214 x24:0x4a800000 x11=0x00000214
        8275000	       826	800016b0	91eeb993	sltiu	x19,x29,-1762	 x29:0x00000000 x19=0x00000001
        8285000	       827	800016b4	0027da63	bge	x15,x2,800016c8	 x15:0x00000000  x2:0x000003dc
        8295000	       828	800016b8	41758e33	sub	x28,x11,x23	 x11:0x00000214 x23:0x00000000 x28=0x00000214
        8305000	       829	800016bc	0179a233	slt	x4,x19,x23	 x19:0x00000001 x23:0x00000000  x4=0x00000000
        8315000	       830	800016c0	018943b3	xor	x7,x18,x24	 x18:0x800014c8 x24:0x4a800000  x7=0xca8014c8
        8325000	       831	800016c4	fe6fb493	sltiu	x9,x31,-26	 x31:0x800019f8  x9=0x00000001
        8335000	       832	800016c8	7a8ae297	auipc	x5,0x7a8ae	  x5=0xfa8af6c4
        8345000	       833	800016cc	41c95a93	srai	x21,x18,0x1c	 x18:0x800014c8 x21=0xfffffff8
        8355000	       834	800016d0	00f39933	sll	x18,x7,x15	  x7:0xca8014c8 x15:0x00000000 x18=0xca8014c8
        8365000	       835	800016d4	00653933	sltu	x18,x10,x6	 x10:0x80001410  x6:0x80009fc4 x18=0x00000001
        8375000	       836	800016d8	01377333	and	x6,x14,x19	 x14:0x80001374 x19:0x00000001  x6=0x00000000
        8385000	       837	800016dc	01c2dfb3	srl	x31,x5,x28	  x5:0xfa8af6c4 x28:0x00000214 x31=0x00000fa8
        8395000	       838	800016e0	018d4463	blt	x26,x24,800016e8	 x26:0x80009fc4 x24:0x4a800000
        8405000	       839	00000000	00000013	addi	x0,x0,0	  x0:0x00000000
        8415000	       840	800016e4	00000013	addi	x0,x0,0	  x0:0x00000000
        8425000	       841	800016e8	2e85bd13	sltiu	x26,x11,744	 x11:0x00000214 x26=0x00000001
        8435000	       842	800016ec	01925bb3	srl	x23,x4,x25	  x4:0x00000000 x25:0x00000000 x23=0x00000000
        8445000	       843	800016f0	019a5a93	srli	x21,x20,0x19	 x20:0xfffffff5 x21=0x0000007f
        8455000	       844	800016f4	00bf6333	or	x6,x30,x11	 x30:0x00000001 x11:0x00000214  x6=0x00000215
        8465000	       845	800016f8	0184df13	srli	x30,x9,0x18	  x9:0x00000001 x30=0x00000000
        8475000	       846	800016fc	94713193	sltiu	x3,x2,-1721	  x2:0x000003dc  x3=0x00000001
        8485000	       847	80001700	00a65913	srli	x18,x12,0xa	 x12:0xb2339000 x18=0x002c8ce4
        8495000	       848	80001704	02397663	bgeu	x18,x3,80001730	 x18:0x002c8ce4  x3:0x00000001
        8505000	       849	00000000	00000013	addi	x0,x0,0	  x0:0x00000000
        8515000	       850	8000172c	00000013	addi	x0,x0,0	  x0:0x00000000
        8525000	       851	80001730	01a73ab3	sltu	x21,x14,x26	 x14:0x80001374 x26:0x00000001 x21=0x00000000
        8535000	       852	80001734	9ab8f913	andi	x18,x17,-1621	 x17:0x800013dc x18=0x80001188
        8545000	       853	80001738	01320ab3	add	x21,x4,x19	  x4:0x00000000 x19:0x00000001 x21=0x00000001
        8555000	       854	8000173c	019d8233	add	x4,x27,x25	 x27:0x80001300 x25:0x00000000  x4=0x80001300
        8565000	       855	80001740	5b2b7293	andi	x5,x22,1458	 x22:0x80009fc4  x5=0x00000580
        8575000	       856	80001744	00f4e033	or	x0,x9,x15	  x9:0x00000001 x15:0x00000000
        8585000	       857	80001748	01907c63	bgeu	x0,x25,80001760	  x0:0x00000000 x25:0x00000000
        8595000	       858	00000000	00000013	addi	x0,x0,0	  x0:0x00000000
        8605000	       859	8000175c	00000013	addi	x0,x0,0	  x0:0x00000000
        8615000	       860	80001760	00b59013	slli	x0,x11,0xb	 x11:0x00000214
        8625000	       861	80001764	000a9c13	slli	x24,x21,0x0	 x21:0x00000001 x24=0x00000001
        8635000	       862	80001768	00464933	xor	x18,x12,x4	 x12:0xb2339000  x4:0x80001300 x18=0x32338300
        8645000	       863	8000176c	00317e33	and	x28,x2,x3	  x2:0x000003dc  x3:0x00000001 x28=0x00000000
        8655000	       864	80001770	01701013	slli	x0,x0,0x17	  x0:0x00000000
        8665000	       865	80001774	003fe663	bltu	x31,x3,80001780	 x31:0x00000fa8  x3:0x00000001
        8675000	       866	80001778	01d4f6b3	and	x13,x9,x29	  x9:0x00000001 x29:0x00000000 x13=0x00000000
        8685000	       867	8000177c	40d18633	sub	x12,x3,x13	  x3:0x00000001 x13:0x00000000 x12=0x00000001
        8695000	       868	80001780	03a34a63	blt	x6,x26,800017b4	  x6:0x00000215 x26:0x00000001
        8705000	       869	80001784	05f99663	bne	x19,x31,800017d0	 x19:0x00000001 x31:0x00000fa8
        8715000	       870	00000000	00000013	addi	x0,x0,0	  x0:0x00000000
        8725000	       871	800017cc	00000013	addi	x0,x0,0	  x0:0x00000000
        8735000	       872	800017d0	54950613	addi	x12,x10,1353	 x10:0x80001410 x12=0x80001959
        8745000	       873	800017d4	00d95113	srli	x2,x18,0xd	 x18:0x32338300  x2=0x0001919c
        8755000	       874	800017d8	01491313	slli	x6,x18,0x14	 x18:0x32338300  x6=0x30000000
        8765000	       875	800017dc	00c0036f	jal	x6,800017dc	  x6=0x800017dc
        8775000	       876	00000000	00000013	addi	x0,x0,0	  x0:0x00000000
        8785000	       877	800017e4	00000013	addi	x0,x0,0	  x0:0x00000000
        8795000	       878	800017e8	028000ef	jal	x1,800017e8	  x1=0x800017e8
        8805000	       879	00000000	00000013	addi	x0,x0,0	  x0:0x00000000
        8815000	       880	8000180c	00000013	addi	x0,x0,0	  x0:0x00000000
        8825000	       881	80001810	0380036f	jal	x6,80001810	  x6=0x80001810
        8835000	       882	00000000	00000013	addi	x0,x0,0	  x0:0x00000000
        8845000	       883	80001844	00000013	addi	x0,x0,0	  x0:0x00000000
        8855000	       884	80001848	fd5ff0ef	jal	x1,80001848	  x1=0x80001848
        8865000	       885	00000000	00000013	addi	x0,x0,0	  x0:0x00000000
        8875000	       886	80001818	00000013	addi	x0,x0,0	  x0:0x00000000
        8885000	       887	8000181c	fedff0ef	jal	x1,8000181c	  x1=0x8000181c
        8895000	       888	00000000	00000013	addi	x0,x0,0	  x0:0x00000000
        8905000	       889	80001804	00000013	addi	x0,x0,0	  x0:0x00000000
        8915000	       890	80001808	024000ef	jal	x1,80001808	  x1=0x80001808
        8925000	       891	00000000	00000013	addi	x0,x0,0	  x0:0x00000000
        8935000	       892	80001828	00000013	addi	x0,x0,0	  x0:0x00000000
        8945000	       893	8000182c	ff5ff0ef	jal	x1,8000182c	  x1=0x8000182c
        8955000	       894	00000000	00000013	addi	x0,x0,0	  x0:0x00000000
        8965000	       895	8000181c	00000013	addi	x0,x0,0	  x0:0x00000000
        8975000	       896	80001820	01c000ef	jal	x1,80001820	  x1=0x80001820
        8985000	       897	00000000	00000013	addi	x0,x0,0	  x0:0x00000000
        8995000	       898	80001838	00000013	addi	x0,x0,0	  x0:0x00000000
        9005000	       899	8000183c	fa9ff0ef	jal	x1,8000183c	  x1=0x8000183c
        9015000	       900	00000000	00000013	addi	x0,x0,0	  x0:0x00000000
        9025000	       901	800017e0	00000013	addi	x0,x0,0	  x0:0x00000000
        9035000	       902	800017e4	06c000ef	jal	x1,800017e4	  x1=0x800017e4
        9045000	       903	00000000	00000013	addi	x0,x0,0	  x0:0x00000000
        9055000	       904	8000184c	00000013	addi	x0,x0,0	  x0:0x00000000
        9065000	       905	80001850	fe1ff0ef	jal	x1,80001850	  x1=0x80001850
        9075000	       906	00000000	00000013	addi	x0,x0,0	  x0:0x00000000
        9085000	       907	8000182c	00000013	addi	x0,x0,0	  x0:0x00000000
        9095000	       908	80001830	fe9ff0ef	jal	x1,80001830	  x1=0x80001830
        9105000	       909	00000000	00000013	addi	x0,x0,0	  x0:0x00000000
        9115000	       910	80001814	00000013	addi	x0,x0,0	  x0:0x00000000
        9125000	       911	80001818	02c000ef	jal	x1,80001818	  x1=0x80001818
        9135000	       912	00000000	00000013	addi	x0,x0,0	  x0:0x00000000
        9145000	       913	80001840	00000013	addi	x0,x0,0	  x0:0x00000000
        9155000	       914	80001844	fb9fffef	jal	x31,80001844	 x31=0x80001844
        9165000	       915	00000000	00000013	addi	x0,x0,0	  x0:0x00000000
        9175000	       916	800017f8	00000013	addi	x0,x0,0	  x0:0x00000000
        9185000	       917	800017fc	01800c6f	jal	x24,800017fc	 x24=0x800017fc
        9195000	       918	00000000	00000013	addi	x0,x0,0	  x0:0x00000000
        9205000	       919	80001810	00000013	addi	x0,x0,0	  x0:0x00000000
        9215000	       920	80001814	fe5ff0ef	jal	x1,80001814	  x1=0x80001814
        9225000	       921	00000000	00000013	addi	x0,x0,0	  x0:0x00000000
        9235000	       922	800017f4	00000013	addi	x0,x0,0	  x0:0x00000000
        9245000	       923	800017f8	ff9ff0ef	jal	x1,800017f8	  x1=0x800017f8
        9255000	       924	00000000	00000013	addi	x0,x0,0	  x0:0x00000000
        9265000	       925	800017ec	00000013	addi	x0,x0,0	  x0:0x00000000
        9275000	       926	800017f0	ff1ff36f	jal	x6,800017f0	  x6=0x800017f0
        9285000	       927	00000000	00000013	addi	x0,x0,0	  x0:0x00000000
        9295000	       928	800017dc	00000013	addi	x0,x0,0	  x0:0x00000000
        9305000	       929	800017e0	058000ef	jal	x1,800017e0	  x1=0x800017e0
        9315000	       930	00000000	00000013	addi	x0,x0,0	  x0:0x00000000
        9325000	       931	80001834	00000013	addi	x0,x0,0	  x0:0x00000000
        9335000	       932	80001838	fd5ff0ef	jal	x1,80001838	  x1=0x80001838
        9345000	       933	00000000	00000013	addi	x0,x0,0	  x0:0x00000000
        9355000	       934	80001808	00000013	addi	x0,x0,0	  x0:0x00000000
        9365000	       935	8000180c	018000ef	jal	x1,8000180c	  x1=0x8000180c
        9375000	       936	00000000	00000013	addi	x0,x0,0	  x0:0x00000000
        9385000	       937	80001820	00000013	addi	x0,x0,0	  x0:0x00000000
        9395000	       938	80001824	028000ef	jal	x1,80001824	  x1=0x80001824
        9405000	       939	00000000	00000013	addi	x0,x0,0	  x0:0x00000000
        9415000	       940	80001848	00000013	addi	x0,x0,0	  x0:0x00000000
        9425000	       941	8000184c	fa1ff0ef	jal	x1,8000184c	  x1=0x8000184c
        9435000	       942	00000000	00000013	addi	x0,x0,0	  x0:0x00000000
        9445000	       943	800017e8	00000013	addi	x0,x0,0	  x0:0x00000000
        9455000	       944	800017ec	03c0036f	jal	x6,800017ec	  x6=0x800017ec
        9465000	       945	00000000	00000013	addi	x0,x0,0	  x0:0x00000000
        9475000	       946	80001824	00000013	addi	x0,x0,0	  x0:0x00000000
        9485000	       947	80001828	fddff0ef	jal	x1,80001828	  x1=0x80001828
        9495000	       948	00000000	00000013	addi	x0,x0,0	  x0:0x00000000
        9505000	       949	80001800	00000013	addi	x0,x0,0	  x0:0x00000000
        9515000	       950	80001804	ffdff0ef	jal	x1,80001804	  x1=0x80001804
        9525000	       951	00000000	00000013	addi	x0,x0,0	  x0:0x00000000
        9535000	       952	800017fc	00000013	addi	x0,x0,0	  x0:0x00000000
        9545000	       953	80001800	ff5ffdef	jal	x27,80001800	 x27=0x80001800
        9555000	       954	00000000	00000013	addi	x0,x0,0	  x0:0x00000000
        9565000	       955	800017f0	00000013	addi	x0,x0,0	  x0:0x00000000
        9575000	       956	800017f4	040000ef	jal	x1,800017f4	  x1=0x800017f4
        9585000	       957	00000000	00000013	addi	x0,x0,0	  x0:0x00000000
        9595000	       958	80001830	00000013	addi	x0,x0,0	  x0:0x00000000
        9605000	       959	80001834	00c002ef	jal	x5,80001834	  x5=0x80001834
        9615000	       960	00000000	00000013	addi	x0,x0,0	  x0:0x00000000
        9625000	       961	8000183c	00000013	addi	x0,x0,0	  x0:0x00000000
        9635000	       962	80001840	01400aef	jal	x21,80001840	 x21=0x80001840
        9645000	       963	00000000	00000013	addi	x0,x0,0	  x0:0x00000000
        9655000	       964	80001850	00000013	addi	x0,x0,0	  x0:0x00000000
        9665000	       965	80001854	05ff6917	auipc	x18,0x5ff6	 x18=0x85ff7850
        9675000	       966	80001858	0180036f	jal	x6,80001858	  x6=0x80001858
        9685000	       967	00000000	00000013	addi	x0,x0,0	  x0:0x00000000
        9695000	       968	8000186c	00000013	addi	x0,x0,0	  x0:0x00000000
        9705000	       969	80001870	00c0036f	jal	x6,80001870	  x6=0x80001870
        9715000	       970	00000000	00000013	addi	x0,x0,0	  x0:0x00000000
        9725000	       971	80001878	00000013	addi	x0,x0,0	  x0:0x00000000
        9735000	       972	8000187c	0180036f	jal	x6,8000187c	  x6=0x8000187c
        9745000	       973	00000000	00000013	addi	x0,x0,0	  x0:0x00000000
        9755000	       974	80001890	00000013	addi	x0,x0,0	  x0:0x00000000
        9765000	       975	80001894	004000ef	jal	x1,80001894	  x1=0x80001894
        9775000	       976	00000000	00000013	addi	x0,x0,0	  x0:0x00000000
        9785000	       977	80001894	00000013	addi	x0,x0,0	  x0:0x00000000
        9795000	       978	80001898	fcdff36f	jal	x6,80001898	  x6=0x80001898
        9805000	       979	00000000	00000013	addi	x0,x0,0	  x0:0x00000000
        9815000	       980	80001860	00000013	addi	x0,x0,0	  x0:0x00000000
        9825000	       981	80001864	03800bef	jal	x23,80001864	 x23=0x80001864
        9835000	       982	00000000	00000013	addi	x0,x0,0	  x0:0x00000000
        9845000	       983	80001898	00000013	addi	x0,x0,0	  x0:0x00000000
        9855000	       984	8000189c	fcdff0ef	jal	x1,8000189c	  x1=0x8000189c
        9865000	       985	00000000	00000013	addi	x0,x0,0	  x0:0x00000000
        9875000	       986	80001864	00000013	addi	x0,x0,0	  x0:0x00000000
        9885000	       987	80001868	00c0036f	jal	x6,80001868	  x6=0x80001868
        9895000	       988	00000000	00000013	addi	x0,x0,0	  x0:0x00000000
        9905000	       989	80001870	00000013	addi	x0,x0,0	  x0:0x00000000
        9915000	       990	80001874	0100036f	jal	x6,80001874	  x6=0x80001874
        9925000	       991	00000000	00000013	addi	x0,x0,0	  x0:0x00000000
        9935000	       992	80001880	00000013	addi	x0,x0,0	  x0:0x00000000
        9945000	       993	80001884	fddff6ef	jal	x13,80001884	 x13=0x80001884
        9955000	       994	00000000	00000013	addi	x0,x0,0	  x0:0x00000000
        9965000	       995	8000185c	00000013	addi	x0,x0,0	  x0:0x00000000
        9975000	       996	80001860	02c000ef	jal	x1,80001860	  x1=0x80001860
        9985000	       997	00000000	00000013	addi	x0,x0,0	  x0:0x00000000
        9995000	       998	80001888	00000013	addi	x0,x0,0	  x0:0x00000000
       10005000	       999	8000188c	ff5ff0ef	jal	x1,8000188c	  x1=0x8000188c
       10015000	      1000	00000000	00000013	addi	x0,x0,0	  x0:0x00000000
       10025000	      1001	8000187c	00000013	addi	x0,x0,0	  x0:0x00000000
       10035000	      1002	80001880	fddff26f	jal	x4,80001880	  x4=0x80001880
       10045000	      1003	00000000	00000013	addi	x0,x0,0	  x0:0x00000000
       10055000	      1004	80001858	00000013	addi	x0,x0,0	  x0:0x00000000
       10065000	      1005	8000185c	034000ef	jal	x1,8000185c	  x1=0x8000185c
       10075000	      1006	00000000	00000013	addi	x0,x0,0	  x0:0x00000000
       10085000	      1007	8000188c	00000013	addi	x0,x0,0	  x0:0x00000000
       10095000	      1008	80001890	fddff0ef	jal	x1,80001890	  x1=0x80001890
       10105000	      1009	00000000	00000013	addi	x0,x0,0	  x0:0x00000000
       10115000	      1010	80001868	00000013	addi	x0,x0,0	  x0:0x00000000
       10125000	      1011	8000186c	00c000ef	jal	x1,8000186c	  x1=0x8000186c
       10135000	      1012	00000000	00000013	addi	x0,x0,0	  x0:0x00000000
       10145000	      1013	80001874	00000013	addi	x0,x0,0	  x0:0x00000000
       10155000	      1014	80001878	01000f6f	jal	x30,80001878	 x30=0x80001878
       10165000	      1015	00000000	00000013	addi	x0,x0,0	  x0:0x00000000
       10175000	      1016	80001884	00000013	addi	x0,x0,0	  x0:0x00000000
       10185000	      1017	80001888	0180016f	jal	x2,80001888	  x2=0x80001888
       10195000	      1018	00000000	00000013	addi	x0,x0,0	  x0:0x00000000
       10205000	      1019	8000189c	00000013	addi	x0,x0,0	  x0:0x00000000
       10215000	      1020	800018a0	0040036f	jal	x6,800018a0	  x6=0x800018a0
       10225000	      1021	00000000	00000013	addi	x0,x0,0	  x0:0x00000000
       10235000	      1022	800018a0	00000013	addi	x0,x0,0	  x0:0x00000000
       10245000	      1023	800018a4	01b41e13	slli	x28,x8,0x1b	  x8:0xfffffef5 x28=0xa8000000
       10255000	      1024	800018a8	9b9de313	ori	x6,x27,-1607	 x27:0x80001800  x6=0xfffff9b9
       10265000	      1025	800018ac	007d1cb3	sll	x25,x26,x7	 x26:0x00000001  x7:0xca8014c8 x25=0x00000100
       10275000	      1026	800018b0	6c127493	andi	x9,x4,1729	  x4:0x80001880  x9=0x00000080
       10285000	      1027	800018b4	00514263	blt	x2,x5,800018b8	  x2:0x80001888  x5:0x80001834
       10295000	      1028	800018b8	00d196b3	sll	x13,x3,x13	  x3:0x00000001 x13:0x80001884 x13=0x00000010
       10305000	      1029	800018bc	409cd133	sra	x2,x25,x9	 x25:0x00000100  x9:0x00000080  x2=0x00000100
       10315000	      1030	800018c0	00671d13	slli	x26,x14,0x6	 x14:0x80001374 x26=0x0004dd00
       10325000	      1031	800018c4	54a06993	ori	x19,x0,1354	  x0:0x00000000 x19=0x0000054a
       10335000	      1032	800018c8	002fd893	srli	x17,x31,0x2	 x31:0x80001844 x17=0x20000611
       10345000	      1033	800018cc	00f90bb3	add	x23,x18,x15	 x18:0x85ff7850 x15:0x00000000 x23=0x85ff7850
       10355000	      1034	800018d0	01ee57b3	srl	x15,x28,x30	 x28:0xa8000000 x30:0x80001878 x15=0x000000a8
       10365000	      1035	800018d4	017705b3	add	x11,x14,x23	 x14:0x80001374 x23:0x85ff7850 x11=0x05ff8bc4
       10375000	      1036	800018d8	63928d13	addi	x26,x5,1593	  x5:0x80001834 x26=0x80001e6d
       10385000	      1037	800018dc	01defab3	and	x21,x29,x29	 x29:0x00000000 x29:0x00000000 x21=0x00000000
       10395000	      1038	800018e0	0045c533	xor	x10,x11,x4	 x11:0x05ff8bc4  x4:0x80001880 x10=0x85ff9344
       10405000	      1039	800018e4	dc502a13	slti	x20,x0,-571	  x0:0x00000000 x20=0x00000000
       10415000	      1040	800018e8	da447193	andi	x3,x8,-604	  x8:0xfffffef5  x3=0xfffffca4
       10425000	      1041	800018ec	407bdf33	sra	x30,x23,x7	 x23:0x85ff7850  x7:0xca8014c8 x30=0xff85ff78
       10435000	      1042	800018f0	ccd0ff13	andi	x30,x1,-819	  x1:0x8000186c x30=0x8000184c
       10445000	      1043	800018f4	0179e463	bltu	x19,x23,800018fc	 x19:0x0000054a x23:0x85ff7850
       10455000	      1044	00000000	00000013	addi	x0,x0,0	  x0:0x00000000
       10465000	      1045	800018f8	00000013	addi	x0,x0,0	  x0:0x00000000
       10475000	      1046	800018fc	400cd713	srai	x14,x25,0x0	 x25:0x00000100 x14=0x00000100
       10485000	      1047	80001900	409f8333	sub	x6,x31,x9	 x31:0x80001844  x9:0x00000080  x6=0x800017c4
       10495000	      1048	80001904	d6d18713	addi	x14,x3,-659	  x3:0xfffffca4 x14=0xfffffa11
       10505000	      1049	80001908	0002d663	bge	x5,x0,80001914	  x5:0x80001834  x0:0x00000000
       10515000	      1050	8000190c	000465b3	or	x11,x8,x0	  x8:0xfffffef5  x0:0x00000000 x11=0xfffffef5
       10525000	      1051	80001910	00000013	addi	x0,x0,0	  x0:0x00000000
       10535000	      1052	80001914	003b5a93	srli	x21,x22,0x3	 x22:0x80009fc4 x21=0x100013f8
       10545000	      1053	80001918	0331e663	bltu	x3,x19,80001944	  x3:0xfffffca4 x19:0x0000054a
       10555000	      1054	8000191c	41e15693	srai	x13,x2,0x1e	  x2:0x00000100 x13=0x00000000
       10565000	      1055	80001920	b3080797	auipc	x15,0xb3080	 x15=0x3308191c
       10575000	      1056	80001924	80361137	lui	x2,0x80361	  x2=0x80361000
       10585000	      1057	80001928	5fe52093	slti	x1,x10,1534	 x10:0x85ff9344  x1=0x00000001
       10595000	      1058	8000192c	0009aa33	slt	x20,x19,x0	 x19:0x0000054a  x0:0x00000000 x20=0x00000000
       10605000	      1059	80001930	00e75d33	srl	x26,x14,x14	 x14:0xfffffa11 x14:0xfffffa11 x26=0x00007fff
       10615000	      1060	80001934	00464e63	blt	x12,x4,80001950	 x12:0x80001959  x4:0x80001880
       10625000	      1061	80001938	01acffb3	and	x31,x25,x26	 x25:0x00000100 x26:0x00007fff x31=0x00000100
       10635000	      1062	8000193c	027f9a63	bne	x31,x7,80001970	 x31:0x00000100  x7:0xca8014c8
       10645000	      1063	00000000	00000013	addi	x0,x0,0	  x0:0x00000000
       10655000	      1064	8000196c	00000013	addi	x0,x0,0	  x0:0x00000000
       10665000	      1065	80001970	01b91313	slli	x6,x18,0x1b	 x18:0x85ff7850  x6=0x80000000
       10675000	      1066	80001974	40638c33	sub	x24,x7,x6	  x7:0xca8014c8  x6:0x80000000 x24=0x4a8014c8
       10685000	      1067	80001978	419c8433	sub	x8,x25,x25	 x25:0x00000100 x25:0x00000100  x8=0x00000000
       10695000	      1068	8000197c	0065a4b3	slt	x9,x11,x6	 x11:0xfffffef5  x6:0x80000000  x9=0x00000000
       10705000	      1069	80001980	016d4a63	blt	x26,x22,80001994	 x26:0x00007fff x22:0x80009fc4
       10715000	      1070	80001984	00c562b3	or	x5,x10,x12	 x10:0x85ff9344 x12:0x80001959  x5=0x85ff9b5d
       10725000	      1071	80001988	791ab293	sltiu	x5,x21,1937	 x21:0x100013f8  x5=0x00000000
       10735000	      1072	8000198c	40425bb3	sra	x23,x4,x4	  x4:0x80001880  x4:0x80001880 x23=0x80001880
       10745000	      1073	80001990	00000013	addi	x0,x0,0	  x0:0x00000000
       10755000	      1074	80001994	018f1663	bne	x30,x24,800019a0	 x30:0x8000184c x24:0x4a8014c8
       10765000	      1075	00000000	00000013	addi	x0,x0,0	  x0:0x00000000
       10775000	      1076	8000199c	00000013	addi	x0,x0,0	  x0:0x00000000
       10785000	      1077	800019a0	036dca63	blt	x27,x22,800019d4	 x27:0x80001800 x22:0x80009fc4
       10795000	      1078	00000000	00000013	addi	x0,x0,0	  x0:0x00000000
       10805000	      1079	800019d0	00000013	addi	x0,x0,0	  x0:0x00000000
       10815000	      1080	800019d4	01a369b3	or	x19,x6,x26	  x6:0x80000000 x26:0x00007fff x19=0x80007fff
       10825000	      1081	800019d8	aba39fb7	lui	x31,0xaba39	 x31=0xaba39000
       10835000	      1082	800019dc	0f8e0613	addi	x12,x28,248	 x28:0xa8000000 x12=0xa80000f8
       10845000	      1083	800019e0	c9300413	addi	x8,x0,-877	  x0:0x00000000  x8=0xfffffc93
       10855000	      1084	800019e4	00738433	add	x8,x7,x7	  x7:0xca8014c8  x7:0xca8014c8  x8=0x95002990
       10865000	      1085	800019e8	00b548b3	xor	x17,x10,x11	 x10:0x85ff9344 x11:0xfffffef5 x17=0x7a006db1
       10875000	      1086	800019ec	5af84713	xori	x14,x16,1455	 x16:0x80009f3c x14=0x80009a93
       10885000	      1087	800019f0	00ef9b93	slli	x23,x31,0xe	 x31:0xaba39000 x23=0xe4000000
       10895000	      1088	800019f4	a6047293	andi	x5,x8,-1440	  x8:0x95002990  x5=0x95002800
       10905000	      1089	800019f8	000e6bb3	or	x23,x28,x0	 x28:0xa8000000  x0:0x00000000 x23=0xa8000000
       10915000	      1090	800019fc	c67a0093	addi	x1,x20,-921	 x20:0x00000000  x1=0xfffffc67
       10925000	      1091	80001a00	433bc893	xori	x17,x23,1075	 x23:0xa8000000 x17=0xa8000433
       10935000	      1092	80001a04	41d3d013	srai	x0,x7,0x1d	  x7:0xca8014c8
       10945000	      1093	80001a08	2af06f13	ori	x30,x0,687	  x0:0x00000000 x30=0x000002af
       10955000	      1094	80001a0c	23482793	slti	x15,x16,564	 x16:0x80009f3c x15=0x00000001
       10965000	      1095	80001a10	02eb4863	blt	x22,x14,80001a40	 x22:0x80009fc4 x14:0x80009a93
       10975000	      1096	80001a14	f4758f13	addi	x30,x11,-185	 x11:0xfffffef5 x30=0xfffffe3c
       10985000	      1097	80001a18	00000013	addi	x0,x0,0	  x0:0x00000000
       10995000	      1098	80001a1c	00152d33	slt	x26,x10,x1	 x10:0x85ff9344  x1:0xfffffc67 x26=0x00000001
       11005000	      1099	80001a20	02fe4c63	blt	x28,x15,80001a58	 x28:0xa8000000 x15:0x00000001
       11015000	      1100	00000000	00000013	addi	x0,x0,0	  x0:0x00000000
       11025000	      1101	80001a54	00000013	addi	x0,x0,0	  x0:0x00000000
       11035000	      1102	80001a58	01655c63	bge	x10,x22,80001a70	 x10:0x85ff9344 x22:0x80009fc4
       11045000	      1103	00000000	00000013	addi	x0,x0,0	  x0:0x00000000
       11055000	      1104	80001a6c	00000013	addi	x0,x0,0	  x0:0x00000000
       11065000	      1105	80001a70	2909bf93	sltiu	x31,x19,656	 x19:0x80007fff x31=0x00000000
       11075000	      1106	80001a74	3aad8d13	addi	x26,x27,938	 x27:0x80001800 x26=0x80001baa
       11085000	      1107	80001a78	003370b3	and	x1,x6,x3	  x6:0x80000000  x3:0xfffffca4  x1=0x80000000
       11095000	      1108	80001a7c	01375933	srl	x18,x14,x19	 x14:0x80009a93 x19:0x80007fff x18=0x00000001
       11105000	      1109	80001a80	0096d463	bge	x13,x9,80001a88	 x13:0x00000000  x9:0x00000000
       11115000	      1110	00000000	00000013	addi	x0,x0,0	  x0:0x00000000
       11125000	      1111	80001a84	00000013	addi	x0,x0,0	  x0:0x00000000
       11135000	      1112	80001a88	fc59f613	andi	x12,x19,-59	 x19:0x80007fff x12=0x80007fc5
       11145000	      1113	80001a8c	04b2e063	bltu	x5,x11,80001acc	  x5:0x95002800 x11:0xfffffef5
       11155000	      1114	00000000	00000013	addi	x0,x0,0	  x0:0x00000000
       11165000	      1115	80001ac8	00000013	addi	x0,x0,0	  x0:0x00000000
       11175000	      1116	80001acc	00894463	blt	x18,x8,80001ad4	 x18:0x00000001  x8:0x95002990
       11185000	      1117	80001ad0	018f06b3	add	x13,x30,x24	 x30:0xfffffe3c x24:0x4a8014c8 x13=0x4a801304
       11195000	      1118	80001ad4	00734463	blt	x6,x7,80001adc	  x6:0x80000000  x7:0xca8014c8
       11205000	      1119	00000000	00000013	addi	x0,x0,0	  x0:0x00000000
       11215000	      1120	80001ad8	00000013	addi	x0,x0,0	  x0:0x00000000
       11225000	      1121	80001adc	01c1cfb3	xor	x31,x3,x28	  x3:0xfffffca4 x28:0xa8000000 x31=0x57fffca4
       11235000	      1122	80001ae0	3bb4d8b7	lui	x17,0x3bb4d	 x17=0x3bb4d000
       11245000	      1123	80001ae4	d50ca613	slti	x12,x25,-688	 x25:0x00000100 x12=0x00000000
       11255000	      1124	80001ae8	00da9333	sll	x6,x21,x13	 x21:0x100013f8 x13:0x4a801304  x6=0x00013f80
       11265000	      1125	80001aec	019ecab3	xor	x21,x29,x25	 x29:0x00000000 x25:0x00000100 x21=0x00000100
       11275000	      1126	80001af0	4052d593	srai	x11,x5,0x5	  x5:0x95002800 x11=0xfca80140
       11285000	      1127	80001af4	00861113	slli	x2,x12,0x8	 x12:0x00000000  x2=0x00000000
       11295000	      1128	80001af8	87274693	xori	x13,x14,-1934	 x14:0x80009a93 x13=0x7fff62e1
       11305000	      1129	80001afc	84fe6317	auipc	x6,0x84fe6	  x6=0x04fe7af8
       11315000	      1130	80001b00	001a4263	blt	x20,x1,80001b04	 x20:0x00000000  x1:0x80000000
       11325000	      1131	80001b04	00b1b733	sltu	x14,x3,x11	  x3:0xfffffca4 x11:0xfca80140 x14=0x00000000
       11335000	      1132	80001b08	00b6c6b3	xor	x13,x13,x11	 x13:0x7fff62e1 x11:0xfca80140 x13=0x835763a1
       11345000	      1133	80001b0c	001e2a33	slt	x20,x28,x1	 x28:0xa8000000  x1:0x80000000 x20=0x00000000
       11355000	      1134	80001b10	01aa5293	srli	x5,x20,0x1a	 x20:0x00000000  x5=0x00000000
       11365000	      1135	80001b14	00d309b3	add	x19,x6,x13	  x6:0x04fe7af8 x13:0x835763a1 x19=0x8855de99
       11375000	      1136	80001b18	00000013	addi	x0,x0,0	  x0:0x00000000
       11385000	      1137	80001b1c	02361c63	bne	x12,x3,80001b54	 x12:0x00000000  x3:0xfffffca4
       11395000	      1138	00000000	00000013	addi	x0,x0,0	  x0:0x00000000
       11405000	      1139	80001b50	00000013	addi	x0,x0,0	  x0:0x00000000
       11415000	      1140	80001b54	36220913	addi	x18,x4,866	  x4:0x80001880 x18=0x80001be2
       11425000	      1141	80001b58	037e6a63	bltu	x28,x23,80001b8c	 x28:0xa8000000 x23:0xa8000000
       11435000	      1142	80001b5c	ac392613	slti	x12,x18,-1341	 x18:0x80001be2 x12=0x00000001
       11445000	      1143	80001b60	7af78113	addi	x2,x15,1967	 x15:0x00000001  x2=0x000007b0
       11455000	      1144	80001b64	41c6d133	sra	x2,x13,x28	 x13:0x835763a1 x28:0xa8000000  x2=0x835763a1
       11465000	      1145	80001b68	fbb6a793	slti	x15,x13,-69	 x13:0x835763a1 x15=0x00000001
       11475000	      1146	80001b6c	d4bde693	ori	x13,x27,-693	 x27:0x80001800 x13=0xfffffd4b
       11485000	      1147	80001b70	00365f33	srl	x30,x12,x3	 x12:0x00000001  x3:0xfffffca4 x30=0x00000000
       11495000	      1148	80001b74	010b25b3	slt	x11,x22,x16	 x22:0x80009fc4 x16:0x80009f3c x11=0x00000000
       11505000	      1149	80001b78	007c9733	sll	x14,x25,x7	 x25:0x00000100  x7:0xca8014c8 x14=0x00010000
       11515000	      1150	80001b7c	e1f5f593	andi	x11,x11,-481	 x11:0x00000000 x11=0x00000000
       11525000	      1151	80001b80	04630063	beq	x6,x6,80001bc0	  x6:0x04fe7af8  x6:0x04fe7af8
       11535000	      1152	00000000	00000013	addi	x0,x0,0	  x0:0x00000000
       11545000	      1153	80001bbc	00000013	addi	x0,x0,0	  x0:0x00000000
       11555000	      1154	80001bc0	b7f13d93	sltiu	x27,x2,-1153	  x2:0x835763a1 x27=0x00000001
       11565000	      1155	80001bc4	b053f413	andi	x8,x7,-1275	  x7:0xca8014c8  x8=0xca801000
       11575000	      1156	80001bc8	01571f33	sll	x30,x14,x21	 x14:0x00010000 x21:0x00000100 x30=0x00010000
       11585000	      1157	80001bcc	81797897	auipc	x17,0x81797	 x17=0x01798bc8
       11595000	      1158	80001bd0	0017a933	slt	x18,x15,x1	 x15:0x00000001  x1:0x80000000 x18=0x00000000
       11605000	      1159	80001bd4	c57e3213	sltiu	x4,x28,-937	 x28:0xa8000000  x4=0x00000001
       11615000	      1160	80001bd8	899e6613	ori	x12,x28,-1895	 x28:0xa8000000 x12=0xfffff899
       11625000	      1161	80001bdc	00000013	addi	x0,x0,0	  x0:0x00000000
       11635000	      1162	80001be0	01ade0b3	or	x1,x27,x26	 x27:0x00000001 x26:0x80001baa  x1=0x80001bab
       11645000	      1163	80001be4	dc9f3293	sltiu	x5,x30,-567	 x30:0x00010000  x5=0x00000001
       11655000	      1164	80001be8	01348a63	beq	x9,x19,80001bfc	  x9:0x00000000 x19:0x8855de99
       11665000	      1165	80001bec	00000013	addi	x0,x0,0	  x0:0x00000000
       11675000	      1166	80001bf0	00ec8463	beq	x25,x14,80001bf8	 x25:0x00000100 x14:0x00010000
       11685000	      1167	80001bf4	41f00e33	sub	x28,x0,x31	  x0:0x00000000 x31:0x57fffca4 x28=0xa800035c
       11695000	      1168	80001bf8	028ed663	bge	x29,x8,80001c24	 x29:0x00000000  x8:0xca801000
       11705000	      1169	00000000	00000013	addi	x0,x0,0	  x0:0x00000000
       11715000	      1170	80001c20	00000013	addi	x0,x0,0	  x0:0x00000000
       11725000	      1171	80001c24	4154da93	srai	x21,x9,0x15	  x9:0x00000000 x21=0x00000000
       11735000	      1172	80001c28	007832b3	sltu	x5,x16,x7	 x16:0x80009f3c  x7:0xca8014c8  x5=0x00000001
       11745000	      1173	80001c2c	01235663	bge	x6,x18,80001c38	  x6:0x04fe7af8 x18:0x00000000
       11755000	      1174	00000000	00000013	addi	x0,x0,0	  x0:0x00000000
       11765000	      1175	80001c34	00000013	addi	x0,x0,0	  x0:0x00000000
       11775000	      1176	80001c38	01af0a63	beq	x30,x26,80001c4c	 x30:0x00010000 x26:0x80001baa
       11785000	      1177	80001c3c	02338a63	beq	x7,x3,80001c70	  x7:0xca8014c8  x3:0xfffffca4
       11795000	      1178	80001c40	41158d33	sub	x26,x11,x17	 x11:0x00000000 x17:0x01798bc8 x26=0xfe867438
       11805000	      1179	80001c44	29b77217	auipc	x4,0x29b77	  x4=0xa9b78c40
       11815000	      1180	80001c48	00276f33	or	x30,x14,x2	 x14:0x00010000  x2:0x835763a1 x30=0x835763a1
       11825000	      1181	80001c4c	00b0e263	bltu	x1,x11,80001c50	  x1:0x80001bab x11:0x00000000
       11835000	      1182	80001c50	a410a913	slti	x18,x1,-1471	  x1:0x80001bab x18=0x00000001
       11845000	      1183	80001c54	3cf82493	slti	x9,x16,975	 x16:0x80009f3c  x9=0x00000001
       11855000	      1184	80001c58	00d519b3	sll	x19,x10,x13	 x10:0x85ff9344 x13:0xfffffd4b x19=0xfc9a2000
       11865000	      1185	80001c5c	06d95217	auipc	x4,0x6d95	  x4=0x86d96c58
       11875000	      1186	80001c60	405388b3	sub	x17,x7,x5	  x7:0xca8014c8  x5:0x00000001 x17=0xca8014c7
       11885000	      1187	80001c64	01139213	slli	x4,x7,0x11	  x7:0xca8014c8  x4=0x29900000
       11895000	      1188	80001c68	00099663	bne	x19,x0,80001c74	 x19:0xfc9a2000  x0:0x00000000
       11905000	      1189	00000000	00000013	addi	x0,x0,0	  x0:0x00000000
       11915000	      1190	80001c70	00000013	addi	x0,x0,0	  x0:0x00000000
       11925000	      1191	80001c74	059cc063	blt	x25,x25,80001cb4	 x25:0x00000100 x25:0x00000100
       11935000	      1192	80001c78	93fcb313	sltiu	x6,x25,-1729	 x25:0x00000100  x6=0x00000001
       11945000	      1193	80001c7c	eee94993	xori	x19,x18,-274	 x18:0x00000001 x19=0xfffffeef
       11955000	      1194	80001c80	02f76a63	bltu	x14,x15,80001cb4	 x14:0x00010000 x15:0x00000001
       11965000	      1195	80001c84	00bb9c63	bne	x23,x11,80001c9c	 x23:0xa8000000 x11:0x00000000
       11975000	      1196	00000000	00000013	addi	x0,x0,0	  x0:0x00000000
       11985000	      1197	80001c98	00000013	addi	x0,x0,0	  x0:0x00000000
       11995000	      1198	80001c9c	2f7f0613	addi	x12,x30,759	 x30:0x835763a1 x12=0x83576698
       12005000	      1199	80001ca0	001b1b93	slli	x23,x22,0x1	 x22:0x80009fc4 x23=0x00013f88
       12015000	      1200	80001ca4	06434c63	blt	x6,x4,80001d1c	  x6:0x00000001  x4:0x29900000
       12025000	      1201	00000000	00000013	addi	x0,x0,0	  x0:0x00000000
       12035000	      1202	80001d18	00000013	addi	x0,x0,0	  x0:0x00000000
       12045000	      1203	80001d1c	001d49b3	xor	x19,x26,x1	 x26:0xfe867438  x1:0x80001bab x19=0x7e866f93
       12055000	      1204	80001d20	0004da13	srli	x20,x9,0x0	  x9:0x00000001 x20=0x00000001
       12065000	      1205	80001d24	02c36e63	bltu	x6,x12,80001d60	  x6:0x00000001 x12:0x83576698
       12075000	      1206	00000000	00000013	addi	x0,x0,0	  x0:0x00000000
       12085000	      1207	80001d5c	00000013	addi	x0,x0,0	  x0:0x00000000
       12095000	      1208	80001d60	038bf863	bgeu	x23,x24,80001d90	 x23:0x00013f88 x24:0x4a8014c8
       12105000	      1209	80001d64	8c21d597	auipc	x11,0x8c21d	 x11=0x0c21ed60
       12115000	      1210	80001d68	4178d2b3	sra	x5,x17,x23	 x17:0xca8014c7 x23:0x00013f88  x5=0xffca8014
       12125000	      1211	80001d6c	01349d13	slli	x26,x9,0x13	  x9:0x00000001 x26=0x00080000
       12135000	      1212	80001d70	c056a4b7	lui	x9,0xc056a	  x9=0xc056a000
       12145000	      1213	80001d74	6e513593	sltiu	x11,x2,1765	  x2:0x835763a1 x11=0x00000000
       12155000	      1214	80001d78	013f9093	slli	x1,x31,0x13	 x31:0x57fffca4  x1=0xe5200000
       12165000	      1215	80001d7c	1408c593	xori	x11,x17,320	 x17:0xca8014c7 x11=0xca801587
       12175000	      1216	80001d80	014d6a33	or	x20,x26,x20	 x26:0x00080000 x20:0x00000001 x20=0x00080001
       12185000	      1217	80001d84	00d7a0b3	slt	x1,x15,x13	 x15:0x00000001 x13:0xfffffd4b  x1=0x00000000
       12195000	      1218	80001d88	91c5fa93	andi	x21,x11,-1764	 x11:0xca801587 x21=0xca801104
       12205000	      1219	80001d8c	00000013	addi	x0,x0,0	  x0:0x00000000
       12215000	      1220	80001d90	019f5fb3	srl	x31,x30,x25	 x30:0x835763a1 x25:0x00000100 x31=0x835763a1
       12225000	      1221	80001d94	01ca85b3	add	x11,x21,x28	 x21:0xca801104 x28:0xa800035c x11=0x72801460
       12235000	      1222	80001d98	01b8ca33	xor	x20,x17,x27	 x17:0xca8014c7 x27:0x00000001 x20=0xca8014c6
       12245000	      1223	80001d9c	b83e4d97	auipc	x27,0xb83e4	 x27=0x383e5d98
       12255000	      1224	80001da0	407c50b7	lui	x1,0x407c5	  x1=0x407c5000
       12265000	      1225	80001da4	009c7a63	bgeu	x24,x9,80001db8	 x24:0x4a8014c8  x9:0xc056a000
       12275000	      1226	80001da8	e0f3ce37	lui	x28,0xe0f3c	 x28=0xe0f3c000
       12285000	      1227	80001dac	009925b3	slt	x11,x18,x9	 x18:0x00000001  x9:0xc056a000 x11=0x00000000
       12295000	      1228	80001db0	01d25633	srl	x12,x4,x29	  x4:0x29900000 x29:0x00000000 x12=0x29900000
       12305000	      1229	80001db4	011403b3	add	x7,x8,x17	  x8:0xca801000 x17:0xca8014c7  x7=0x950024c7
       12315000	      1230	80001db8	034e5a63	bge	x28,x20,80001dec	 x28:0xe0f3c000 x20:0xca8014c6
       12325000	      1231	00000000	00000013	addi	x0,x0,0	  x0:0x00000000
       12335000	      1232	80001de8	00000013	addi	x0,x0,0	  x0:0x00000000
       12345000	      1233	80001dec	052e6063	bltu	x28,x18,80001e2c	 x28:0xe0f3c000 x18:0x00000001
       12355000	      1234	80001df0	03d75c63	bge	x14,x29,80001e28	 x14:0x00010000 x29:0x00000000
       12365000	      1235	00000000	00000013	addi	x0,x0,0	  x0:0x00000000
       12375000	      1236	80001e24	00000013	addi	x0,x0,0	  x0:0x00000000
       12385000	      1237	80001e28	aa3b3b93	sltiu	x23,x22,-1373	 x22:0x80009fc4 x23=0x00000001
       12395000	      1238	80001e2c	02b88263	beq	x17,x11,80001e50	 x17:0xca8014c7 x11:0x00000000
       12405000	      1239	80001e30	01d56713	ori	x14,x10,29	 x10:0x85ff9344 x14=0x85ff935d
       12415000	      1240	80001e34	01b15593	srli	x11,x2,0x1b	  x2:0x835763a1 x11=0x00000010
       12425000	      1241	80001e38	00851a63	bne	x10,x8,80001e4c	 x10:0x85ff9344  x8:0xca801000
       12435000	      1242	00000000	00000013	addi	x0,x0,0	  x0:0x00000000
       12445000	      1243	80001e48	00000013	addi	x0,x0,0	  x0:0x00000000
       12455000	      1244	80001e4c	4121d9b3	sra	x19,x3,x18	  x3:0xfffffca4 x18:0x00000001 x19=0xfffffe52
       12465000	      1245	80001e50	01c4f233	and	x4,x9,x28	  x9:0xc056a000 x28:0xe0f3c000  x4=0xc0528000
       12475000	      1246	80001e54	33e1cc93	xori	x25,x3,830	  x3:0xfffffca4 x25=0xffffff9a
       12485000	      1247	80001e58	00579313	slli	x6,x15,0x5	 x15:0x00000001  x6=0x00000020
       12495000	      1248	80001e5c	c5678a13	addi	x20,x15,-938	 x15:0x00000001 x20=0xfffffc57
       12505000	      1249	80001e60	02397863	bgeu	x18,x3,80001e90	 x18:0x00000001  x3:0xfffffca4
       12515000	      1250	80001e64	000688b3	add	x17,x13,x0	 x13:0xfffffd4b  x0:0x00000000 x17=0xfffffd4b
       12525000	      1251	80001e68	004f0663	beq	x30,x4,80001e74	 x30:0x835763a1  x4:0xc0528000
       12535000	      1252	80001e6c	013ea433	slt	x8,x29,x19	 x29:0x00000000 x19:0xfffffe52  x8=0x00000000
       12545000	      1253	80001e70	00ecec63	bltu	x25,x14,80001e88	 x25:0xffffff9a x14:0x85ff935d
       12555000	      1254	80001e74	00f596b3	sll	x13,x11,x15	 x11:0x00000010 x15:0x00000001 x13=0x00000020
       12565000	      1255	80001e78	01b11a93	slli	x21,x2,0x1b	  x2:0x835763a1 x21=0x08000000
       12575000	      1256	80001e7c	00000013	addi	x0,x0,0	  x0:0x00000000
       12585000	      1257	80001e80	0174f863	bgeu	x9,x23,80001e90	  x9:0xc056a000 x23:0x00000001
       12595000	      1258	00000000	00000013	addi	x0,x0,0	  x0:0x00000000
       12605000	      1259	80001e8c	00000013	addi	x0,x0,0	  x0:0x00000000
       12615000	      1260	80001e90	016e5a13	srli	x20,x28,0x16	 x28:0xe0f3c000 x20=0x00000383
       12625000	      1261	80001e94	414c5293	srai	x5,x24,0x14	 x24:0x4a8014c8  x5=0x000004a8
       12635000	      1262	80001e98	0093a633	slt	x12,x7,x9	  x7:0x950024c7  x9:0xc056a000 x12=0x00000001
       12645000	      1263	80001e9c	001a8863	beq	x21,x1,80001eac	 x21:0x08000000  x1:0x407c5000
       12655000	      1264	80001ea0	00316e33	or	x28,x2,x3	  x2:0x835763a1  x3:0xfffffca4 x28=0xffffffa5
       12665000	      1265	80001ea4	3a6684b7	lui	x9,0x3a668	  x9=0x3a668000
       12675000	      1266	80001ea8	04c86663	bltu	x16,x12,80001ef4	 x16:0x80009f3c x12:0x00000001
       12685000	      1267	80001eac	01ba1463	bne	x20,x27,80001eb4	 x20:0x00000383 x27:0x383e5d98
       12695000	      1268	00000000	00000013	addi	x0,x0,0	  x0:0x00000000
       12705000	      1269	80001eb0	00000013	addi	x0,x0,0	  x0:0x00000000
       12715000	      1270	80001eb4	a8ba3c13	sltiu	x24,x20,-1397	 x20:0x00000383 x24=0x00000001
       12725000	      1271	80001eb8	04884063	blt	x16,x8,80001ef8	 x16:0x80009f3c  x8:0x00000000
       12735000	      1272	00000000	00000013	addi	x0,x0,0	  x0:0x00000000
       12745000	      1273	80001ef4	00000013	addi	x0,x0,0	  x0:0x00000000
       12755000	      1274	80001ef8	0034e7b3	or	x15,x9,x3	  x9:0x3a668000  x3:0xfffffca4 x15=0xfffffca4
       12765000	      1275	80001efc	03c99a63	bne	x19,x28,80001f30	 x19:0xfffffe52 x28:0xffffffa5
       12775000	      1276	00000000	00000013	addi	x0,x0,0	  x0:0x00000000
       12785000	      1277	80001f2c	00000013	addi	x0,x0,0	  x0:0x00000000
       12795000	      1278	80001f30	00000013	addi	x0,x0,0	  x0:0x00000000
       12805000	      1279	80001f34	013e1c33	sll	x24,x28,x19	 x28:0xffffffa5 x19:0xfffffe52 x24=0xfe940000
       12815000	      1280	80001f38	41525193	srai	x3,x4,0x15	  x4:0xc0528000  x3=0xfffffe02
       12825000	      1281	80001f3c	00d45cb3	srl	x25,x8,x13	  x8:0x00000000 x13:0x00000020 x25=0x00000000
       12835000	      1282	80001f40	01a72633	slt	x12,x14,x26	 x14:0x85ff935d x26:0x00080000 x12=0x00000001
       12845000	      1283	80001f44	41e2df13	srai	x30,x5,0x1e	  x5:0x000004a8 x30=0x00000000
       12855000	      1284	80001f48	4d953c37	lui	x24,0x4d953	 x24=0x4d953000
       12865000	      1285	80001f4c	00791313	slli	x6,x18,0x7	 x18:0x00000001  x6=0x00000080
       12875000	      1286	80001f50	009e5263	bge	x28,x9,80001f54	 x28:0xffffffa5  x9:0x3a668000
       12885000	      1287	80001f54	01053633	sltu	x12,x10,x16	 x10:0x85ff9344 x16:0x80009f3c x12=0x00000000
       12895000	      1288	80001f58	01fc94b3	sll	x9,x25,x31	 x25:0x00000000 x31:0x835763a1  x9=0x00000000
       12905000	      1289	80001f5c	01f34e63	blt	x6,x31,80001f78	  x6:0x00000080 x31:0x835763a1
       12915000	      1290	80001f60	01e695b3	sll	x11,x13,x30	 x13:0x00000020 x30:0x00000000 x11=0x00000020
       12925000	      1291	80001f64	010c5993	srli	x19,x24,0x10	 x24:0x4d953000 x19=0x00004d95
       12935000	      1292	80001f68	0c120b93	addi	x23,x4,193	  x4:0xc0528000 x23=0xc05280c1
       12945000	      1293	80001f6c	41ff5fb3	sra	x31,x30,x31	 x30:0x00000000 x31:0x835763a1 x31=0x00000000
       12955000	      1294	80001f70	008c82b3	add	x5,x25,x8	 x25:0x00000000  x8:0x00000000  x5=0x00000000
       12965000	      1295	80001f74	014d9a93	slli	x21,x27,0x14	 x27:0x383e5d98 x21=0xd9800000
       12975000	      1296	80001f78	909e8413	addi	x8,x29,-1783	 x29:0x00000000  x8=0xfffff909
       12985000	      1297	80001f7c	01235433	srl	x8,x6,x18	  x6:0x00000080 x18:0x00000001  x8=0x00000040
       12995000	      1298	80001f80	53d6b913	sltiu	x18,x13,1341	 x13:0x00000020 x18=0x00000001
       13005000	      1299	80001f84	01df1133	sll	x2,x30,x29	 x30:0x00000000 x29:0x00000000  x2=0x00000000
       13015000	      1300	80001f88	00a6d5b3	srl	x11,x13,x10	 x13:0x00000020 x10:0x85ff9344 x11=0x00000002
       13025000	      1301	80001f8c	017d81b3	add	x3,x27,x23	 x27:0x383e5d98 x23:0xc05280c1  x3=0xf890de59
       13035000	      1302	80001f90	0146dc13	srli	x24,x13,0x14	 x13:0x00000020 x24=0x00000000
       13045000	      1303	80001f94	0142ec63	bltu	x5,x20,80001fac	  x5:0x00000000 x20:0x00000383
       13055000	      1304	00000000	00000013	addi	x0,x0,0	  x0:0x00000000
       13065000	      1305	80001fa8	00000013	addi	x0,x0,0	  x0:0x00000000
       13075000	      1306	80001fac	00983e33	sltu	x28,x16,x9	 x16:0x80009f3c  x9:0x00000000 x28=0x00000000
       13085000	      1307	80001fb0	41c6d9b3	sra	x19,x13,x28	 x13:0x00000020 x28:0x00000000 x19=0x00000020
       13095000	      1308	80001fb4	01a95633	srl	x12,x18,x26	 x18:0x00000001 x26:0x00080000 x12=0x00000001
       13105000	      1309	80001fb8	66540e13	addi	x28,x8,1637	  x8:0x00000040 x28=0x000006a5
       13115000	      1310	80001fbc	00381733	sll	x14,x16,x3	 x16:0x80009f3c  x3:0xf890de59 x14=0x78000000
       13125000	      1311	80001fc0	00000013	addi	x0,x0,0	  x0:0x00000000
       13135000	      1312	80001fc4	01201f93	slli	x31,x0,0x12	  x0:0x00000000 x31=0x00000000
       13145000	      1313	80001fc8	019f8633	add	x12,x31,x25	 x31:0x00000000 x25:0x00000000 x12=0x00000000
       13155000	      1314	80001fcc	01a21393	slli	x7,x4,0x1a	  x4:0xc0528000  x7=0x00000000
       13165000	      1315	80001fd0	00feb333	sltu	x6,x29,x15	 x29:0x00000000 x15:0xfffffca4  x6=0x00000001
       13175000	      1316	80001fd4	caec7d13	andi	x26,x24,-850	 x24:0x00000000 x26=0x00000000
       13185000	      1317	80001fd8	01228263	beq	x5,x18,80001fdc	  x5:0x00000000 x18:0x00000001
       13195000	      1318	80001fdc	005e2733	slt	x14,x28,x5	 x28:0x000006a5  x5:0x00000000 x14=0x00000000
       13205000	      1319	80001fe0	02ad4a63	blt	x26,x10,80002014	 x26:0x00000000 x10:0x85ff9344
       13215000	      1320	80001fe4	0132c633	xor	x12,x5,x19	  x5:0x00000000 x19:0x00000020 x12=0x00000020
       13225000	      1321	80001fe8	0091bfb3	sltu	x31,x3,x9	  x3:0xf890de59  x9:0x00000000 x31=0x00000000
       13235000	      1322	80001fec	0007d213	srli	x4,x15,0x0	 x15:0xfffffca4  x4=0xfffffca4
       13245000	      1323	80001ff0	0141bfb3	sltu	x31,x3,x20	  x3:0xf890de59 x20:0x00000383 x31=0x00000000
       13255000	      1324	80001ff4	99a0fa13	andi	x20,x1,-1638	  x1:0x407c5000 x20=0x407c5000
       13265000	      1325	80001ff8	03a21663	bne	x4,x26,80002024	  x4:0xfffffca4 x26:0x00000000
       13275000	      1326	00000000	00000013	addi	x0,x0,0	  x0:0x00000000
       13285000	      1327	80002020	00000013	addi	x0,x0,0	  x0:0x00000000
       13295000	      1328	80002024	016bca63	blt	x23,x22,80002038	 x23:0xc05280c1 x22:0x80009fc4
       13305000	      1329	80002028	00a91213	slli	x4,x18,0xa	 x18:0x00000001  x4=0x00000400
       13315000	      1330	8000202c	0308f663	bgeu	x17,x16,80002058	 x17:0xfffffd4b x16:0x80009f3c
       13325000	      1331	00000000	00000013	addi	x0,x0,0	  x0:0x00000000
       13335000	      1332	80002054	00000013	addi	x0,x0,0	  x0:0x00000000
       13345000	      1333	80002058	00c4d593	srli	x11,x9,0xc	  x9:0x00000000 x11=0x00000000
       13355000	      1334	8000205c	013b4c63	blt	x22,x19,80002074	 x22:0x80009fc4 x19:0x00000020
       13365000	      1335	00000000	00000013	addi	x0,x0,0	  x0:0x00000000
       13375000	      1336	80002070	00000013	addi	x0,x0,0	  x0:0x00000000
       13385000	      1337	80002074	402e5013	srai	x0,x28,0x2	 x28:0x000006a5
       13395000	      1338	80002078	00482303	lw	x6,4(x16)	 x16:0x80009f3c  x6=0x80000488 PA:0x80009f40
       13405000	      1339	8000207c	0184d6b3	srl	x13,x9,x24	  x9:0x00000000 x24:0x00000000 x13=0x00000000
       13415000	      1340	80002080	115b6513	ori	x10,x22,277	 x22:0x80009fc4 x10=0x80009fd5
       13425000	      1341	80002084	408dd093	srai	x1,x27,0x8	 x27:0x383e5d98  x1=0x00383e5d
       13435000	      1342	80002088	01c80813	addi	x16,x16,28	 x16:0x80009f3c x16=0x80009f58
       13445000	      1343	8000208c	d36ef113	andi	x2,x29,-714	 x29:0x00000000  x2=0x00000000
       13455000	      1344	80002090	9c837993	andi	x19,x6,-1592	  x6:0x80000488 x19=0x80000088
       13465000	      1345	80002094	cd2eb293	sltiu	x5,x29,-814	 x29:0x00000000  x5=0x00000001
       13475000	      1346	80002098	009fdd13	srli	x26,x31,0x9	 x31:0x00000000 x26=0x00000000
       13485000	      1347	8000209c	016d9e13	slli	x28,x27,0x16	 x27:0x383e5d98 x28=0x66000000
       13495000	      1348	800020a0	52c5ca93	xori	x21,x11,1324	 x11:0x00000000 x21=0x0000052c
       13505000	      1349	800020a4	00da03b3	add	x7,x20,x13	 x20:0x407c5000 x13:0x00000000  x7=0x407c5000
       13515000	      1350	800020a8	00030513	addi	x10,x6,0	  x6:0x80000488 x10=0x80000488
       13525000	      1351	800020ac	00050567	jalr	x10,x10,0	 x10:0x80000488 x10=0x800020ac
       13535000	      1352	00000000	00000013	addi	x0,x0,0	  x0:0x00000000
       13545000	      1353	80000488	00000013	addi	x0,x0,0	  x0:0x00000000
       13555000	      1354	8000048c	90fe0c13	addi	x24,x28,-1777	 x28:0x66000000 x24=0x65fff90f
       13565000	      1355	80000490	00801b93	slli	x23,x0,0x8	  x0:0x00000000 x23=0x00000000
       13575000	      1356	80000494	018bf7b3	and	x15,x23,x24	 x23:0x00000000 x24:0x65fff90f x15=0x00000000
       13585000	      1357	80000498	f785c093	xori	x1,x11,-136	 x11:0x00000000  x1=0xffffff78
       13595000	      1358	8000049c	00000d17	auipc	x26,0x0	 x26=0x80000498
       13605000	      1359	800004a0	d58d0d13	addi	x26,x26,-680	 x26:0x80000498 x26=0x800001f0
       13615000	      1360	800004a4	41640a33	sub	x20,x8,x22	  x8:0x00000040 x22:0x80009fc4 x20=0x7fff607c
       13625000	      1361	800004a8	aeeee193	ori	x3,x29,-1298	 x29:0x00000000  x3=0xfffffaee
       13635000	      1362	800004ac	41bb5a93	srai	x21,x22,0x1b	 x22:0x80009fc4 x21=0xfffffff0
       13645000	      1363	800004b0	357d0d13	addi	x26,x26,855	 x26:0x800001f0 x26=0x80000547
       13655000	      1364	800004b4	41f480b3	sub	x1,x9,x31	  x9:0x00000000 x31:0x00000000  x1=0x00000000
       13665000	      1365	800004b8	caad0367	jalr	x6,x26,-854	 x26:0x80000547  x6=0x800004b8
       13675000	      1366	00000000	00000013	addi	x0,x0,0	  x0:0x00000000
       13685000	      1367	800001f0	00000013	addi	x0,x0,0	  x0:0x00000000
       13695000	      1368	800001f4	2f903893	sltiu	x17,x0,761	  x0:0x00000000 x17=0x00000001
       13705000	      1369	800001f8	00aae133	or	x2,x21,x10	 x21:0xfffffff0 x10:0x800020ac  x2=0xfffffffc
       13715000	      1370	800001fc	018691b3	sll	x3,x13,x24	 x13:0x00000000 x24:0x65fff90f  x3=0x00000000
       13725000	      1371	80000200	00f035b3	sltu	x11,x0,x15	  x0:0x00000000 x15:0x00000000 x11=0x00000000
       13735000	      1372	80000204	00fc2fb3	slt	x31,x24,x15	 x24:0x65fff90f x15:0x00000000 x31=0x00000000
       13745000	      1373	80000208	fcc80813	addi	x16,x16,-52	 x16:0x80009f58 x16=0x80009f24
       13755000	      1374	8000020c	00682223	sw	x6,4(x16)	 x16:0x80009f24  x6:0x800004b8 PA:0x80009f28
       13765000	      1375	80000210	00598433	add	x8,x19,x5	 x19:0x80000088  x5:0x00000001  x8=0x80000089
       13775000	      1376	80000214	3a46f113	andi	x2,x13,932	 x13:0x00000000  x2=0x00000000
       13785000	      1377	80000218	ffb4ea93	ori	x21,x9,-5	  x9:0x00000000 x21=0xfffffffb
       13795000	      1378	8000021c	01c0036f	jal	x6,8000021c	  x6=0x8000021c
       13805000	      1379	00000000	00000013	addi	x0,x0,0	  x0:0x00000000
       13815000	      1380	80000234	00000013	addi	x0,x0,0	  x0:0x00000000
       13825000	      1381	80000238	010000ef	jal	x1,80000238	  x1=0x80000238
       13835000	      1382	00000000	00000013	addi	x0,x0,0	  x0:0x00000000
       13845000	      1383	80000244	00000013	addi	x0,x0,0	  x0:0x00000000
       13855000	      1384	80000248	fe1ff36f	jal	x6,80000248	  x6=0x80000248
       13865000	      1385	00000000	00000013	addi	x0,x0,0	  x0:0x00000000
       13875000	      1386	80000224	00000013	addi	x0,x0,0	  x0:0x00000000
       13885000	      1387	80000228	0180036f	jal	x6,80000228	  x6=0x80000228
       13895000	      1388	00000000	00000013	addi	x0,x0,0	  x0:0x00000000
       13905000	      1389	8000023c	00000013	addi	x0,x0,0	  x0:0x00000000
       13915000	      1390	80000240	004000ef	jal	x1,80000240	  x1=0x80000240
       13925000	      1391	00000000	00000013	addi	x0,x0,0	  x0:0x00000000
       13935000	      1392	80000240	00000013	addi	x0,x0,0	  x0:0x00000000
       13945000	      1393	80000244	ff9ff0ef	jal	x1,80000244	  x1=0x80000244
       13955000	      1394	00000000	00000013	addi	x0,x0,0	  x0:0x00000000
       13965000	      1395	80000238	00000013	addi	x0,x0,0	  x0:0x00000000
       13975000	      1396	8000023c	fe9ff36f	jal	x6,8000023c	  x6=0x8000023c
       13985000	      1397	00000000	00000013	addi	x0,x0,0	  x0:0x00000000
       13995000	      1398	80000220	00000013	addi	x0,x0,0	  x0:0x00000000
       14005000	      1399	80000224	008000ef	jal	x1,80000224	  x1=0x80000224
       14015000	      1400	00000000	00000013	addi	x0,x0,0	  x0:0x00000000
       14025000	      1401	80000228	00000013	addi	x0,x0,0	  x0:0x00000000
       14035000	      1402	8000022c	ff5ff0ef	jal	x1,8000022c	  x1=0x8000022c
       14045000	      1403	00000000	00000013	addi	x0,x0,0	  x0:0x00000000
       14055000	      1404	8000021c	00000013	addi	x0,x0,0	  x0:0x00000000
       14065000	      1405	80000220	010000ef	jal	x1,80000220	  x1=0x80000220
       14075000	      1406	00000000	00000013	addi	x0,x0,0	  x0:0x00000000
       14085000	      1407	8000022c	00000013	addi	x0,x0,0	  x0:0x00000000
       14095000	      1408	80000230	0040036f	jal	x6,80000230	  x6=0x80000230
       14105000	      1409	00000000	00000013	addi	x0,x0,0	  x0:0x00000000
       14115000	      1410	80000230	00000013	addi	x0,x0,0	  x0:0x00000000
       14125000	      1411	80000234	0180036f	jal	x6,80000234	  x6=0x80000234
       14135000	      1412	00000000	00000013	addi	x0,x0,0	  x0:0x00000000
       14145000	      1413	80000248	00000013	addi	x0,x0,0	  x0:0x00000000
       14155000	      1414	8000024c	00000013	addi	x0,x0,0	  x0:0x00000000
       14165000	      1415	80000250	014503b3	add	x7,x10,x20	 x10:0x800020ac x20:0x7fff607c  x7=0xffff8128
       14175000	      1416	80000254	a1b0ac93	slti	x25,x1,-1509	  x1:0x80000220 x25=0x00000001
       14185000	      1417	80000258	fa1eba97	auipc	x21,0xfa1eb	 x21=0x7a1eb254
       14195000	      1418	8000025c	7991aa13	slti	x20,x3,1945	  x3:0x00000000 x20=0x00000001
       14205000	      1419	80000260	f6c4b393	sltiu	x7,x9,-148	  x9:0x00000000  x7=0x00000001
       14215000	      1420	80000264	05dfe093	ori	x1,x31,93	 x31:0x00000000  x1=0x0000005d
       14225000	      1421	80000268	335b4217	auipc	x4,0x335b4	  x4=0xb35b4264
       14235000	      1422	8000026c	417d5413	srai	x8,x26,0x17	 x26:0x80000547  x8=0xffffff00
       14245000	      1423	80000270	05894063	blt	x18,x24,800002b0	 x18:0x00000001 x24:0x65fff90f
       14255000	      1424	00000000	00000013	addi	x0,x0,0	  x0:0x00000000
       14265000	      1425	800002ac	00000013	addi	x0,x0,0	  x0:0x00000000
       14275000	      1426	800002b0	c8b3f493	andi	x9,x7,-885	  x7:0x00000001  x9=0x00000001
       14285000	      1427	800002b4	64b508b7	lui	x17,0x64b50	 x17=0x64b50000
       14295000	      1428	800002b8	008b87b3	add	x15,x23,x8	 x23:0x00000000  x8:0xffffff00 x15=0xffffff00
       14305000	      1429	800002bc	00d9d733	srl	x14,x19,x13	 x19:0x80000088 x13:0x00000000 x14=0x80000088
       14315000	      1430	800002c0	01a6f0b3	and	x1,x13,x26	 x13:0x00000000 x26:0x80000547  x1=0x00000000
       14325000	      1431	800002c4	eb96f013	andi	x0,x13,-327	 x13:0x00000000
       14335000	      1432	800002c8	02494e63	blt	x18,x4,80000304	 x18:0x00000001  x4:0xb35b4264
       14345000	      1433	800002cc	03a9f263	bgeu	x19,x26,800002f0	 x19:0x80000088 x26:0x80000547
       14355000	      1434	800002d0	414b0433	sub	x8,x22,x20	 x22:0x80009fc4 x20:0x00000001  x8=0x80009fc3
       14365000	      1435	800002d4	04885863	bge	x16,x8,80000324	 x16:0x80009f24  x8:0x80009fc3
       14375000	      1436	800002d8	016bedb3	or	x27,x23,x22	 x23:0x00000000 x22:0x80009fc4 x27=0x80009fc4
       14385000	      1437	800002dc	01893533	sltu	x10,x18,x24	 x18:0x00000001 x24:0x65fff90f x10=0x00000001
       14395000	      1438	800002e0	3ebd3693	sltiu	x13,x26,1003	 x26:0x80000547 x13=0x00000000
       14405000	      1439	800002e4	e30a0e17	auipc	x28,0xe30a0	 x28=0x630a02e0
       14415000	      1440	800002e8	01aa9e13	slli	x28,x21,0x1a	 x21:0x7a1eb254 x28=0x50000000
       14425000	      1441	800002ec	010f9433	sll	x8,x31,x16	 x31:0x00000000 x16:0x80009f24  x8=0x00000000
       14435000	      1442	800002f0	01b306b3	add	x13,x6,x27	  x6:0x80000234 x27:0x80009fc4 x13=0x0000a1f8
       14445000	      1443	800002f4	e834ab93	slti	x23,x9,-381	  x9:0x00000001 x23=0x00000000
       14455000	      1444	800002f8	4199d333	sra	x6,x19,x25	 x19:0x80000088 x25:0x00000001  x6=0xc0000044
       14465000	      1445	800002fc	01b01fb3	sll	x31,x0,x27	  x0:0x00000000 x27:0x80009fc4 x31=0x00000000
       14475000	      1446	80000300	1083f497	auipc	x9,0x1083f	  x9=0x9083f2fc
       14485000	      1447	80000304	029e5a63	bge	x28,x9,80000338	 x28:0x50000000  x9:0x9083f2fc
       14495000	      1448	00000000	00000013	addi	x0,x0,0	  x0:0x00000000
       14505000	      1449	80000334	00000013	addi	x0,x0,0	  x0:0x00000000
       14515000	      1450	80000338	e27797b7	lui	x15,0xe2779	 x15=0xe2779000
       14525000	      1451	8000033c	1abbba13	sltiu	x20,x23,427	 x23:0x00000000 x20=0x00000001
       14535000	      1452	80000340	02389c63	bne	x17,x3,80000378	 x17:0x64b50000  x3:0x00000000
       14545000	      1453	00000000	00000013	addi	x0,x0,0	  x0:0x00000000
       14555000	      1454	80000374	00000013	addi	x0,x0,0	  x0:0x00000000
       14565000	      1455	80000378	00c1abb3	slt	x23,x3,x12	  x3:0x00000000 x12:0x00000020 x23=0x00000001
       14575000	      1456	8000037c	007c5db3	srl	x27,x24,x7	 x24:0x65fff90f  x7:0x00000001 x27=0x32fffc87
       14585000	      1457	80000380	00482303	lw	x6,4(x16)	 x16:0x80009f24  x6=0x800004b8 PA:0x80009f28
       14595000	      1458	80000384	41aa6217	auipc	x4,0x41aa6	  x4=0xc1aa6380
       14605000	      1459	80000388	b07bc513	xori	x10,x23,-1273	 x23:0x00000001 x10=0xfffffb06
       14615000	      1460	8000038c	e6246093	ori	x1,x8,-414	  x8:0x00000000  x1=0xfffffe62
       14625000	      1461	80000390	03480813	addi	x16,x16,52	 x16:0x80009f24 x16=0x80009f58
       14635000	      1462	80000394	01a89f13	slli	x30,x17,0x1a	 x17:0x64b50000 x30=0x00000000
       14645000	      1463	80000398	016262b3	or	x5,x4,x22	  x4:0xc1aa6380 x22:0x80009fc4  x5=0xc1aaffc4
       14655000	      1464	8000039c	00000013	addi	x0,x0,0	  x0:0x00000000
       14665000	      1465	800003a0	00130113	addi	x2,x6,1	  x6:0x800004b8  x2=0x800004b9
       14675000	      1466	800003a4	00010167	jalr	x2,x2,0	  x2:0x800004b9  x2=0x800003a4
       14685000	      1467	00000000	00000013	addi	x0,x0,0	  x0:0x00000000
       14695000	      1468	800004b8	00000013	addi	x0,x0,0	  x0:0x00000000
       14705000	      1469	800004bc	0180036f	jal	x6,800004bc	  x6=0x800004bc
       14715000	      1470	00000000	00000013	addi	x0,x0,0	  x0:0x00000000
       14725000	      1471	800004d0	00000013	addi	x0,x0,0	  x0:0x00000000
       14735000	      1472	800004d4	01000d6f	jal	x26,800004d4	 x26=0x800004d4
       14745000	      1473	00000000	00000013	addi	x0,x0,0	  x0:0x00000000
       14755000	      1474	800004e0	00000013	addi	x0,x0,0	  x0:0x00000000
       14765000	      1475	800004e4	fe9ff0ef	jal	x1,800004e4	  x1=0x800004e4
       14775000	      1476	00000000	00000013	addi	x0,x0,0	  x0:0x00000000
       14785000	      1477	800004c8	00000013	addi	x0,x0,0	  x0:0x00000000
       14795000	      1478	800004cc	0100056f	jal	x10,800004cc	 x10=0x800004cc
       14805000	      1479	00000000	00000013	addi	x0,x0,0	  x0:0x00000000
       14815000	      1480	800004d8	00000013	addi	x0,x0,0	  x0:0x00000000
       14825000	      1481	800004dc	fedff0ef	jal	x1,800004dc	  x1=0x800004dc
       14835000	      1482	00000000	00000013	addi	x0,x0,0	  x0:0x00000000
       14845000	      1483	800004c4	00000013	addi	x0,x0,0	  x0:0x00000000
       14855000	      1484	800004c8	ff9ff0ef	jal	x1,800004c8	  x1=0x800004c8
       14865000	      1485	00000000	00000013	addi	x0,x0,0	  x0:0x00000000
       14875000	      1486	800004bc	00000013	addi	x0,x0,0	  x0:0x00000000
       14885000	      1487	800004c0	004000ef	jal	x1,800004c0	  x1=0x800004c0
       14895000	      1488	00000000	00000013	addi	x0,x0,0	  x0:0x00000000
       14905000	      1489	800004c0	00000013	addi	x0,x0,0	  x0:0x00000000
       14915000	      1490	800004c4	014000ef	jal	x1,800004c4	  x1=0x800004c4
       14925000	      1491	00000000	00000013	addi	x0,x0,0	  x0:0x00000000
       14935000	      1492	800004d4	00000013	addi	x0,x0,0	  x0:0x00000000
       14945000	      1493	800004d8	0100026f	jal	x4,800004d8	  x4=0x800004d8
       14955000	      1494	00000000	00000013	addi	x0,x0,0	  x0:0x00000000
       14965000	      1495	800004e4	00000013	addi	x0,x0,0	  x0:0x00000000
       14975000	      1496	800004e8	fe9ff0ef	jal	x1,800004e8	  x1=0x800004e8
       14985000	      1497	00000000	00000013	addi	x0,x0,0	  x0:0x00000000
       14995000	      1498	800004cc	00000013	addi	x0,x0,0	  x0:0x00000000
       15005000	      1499	800004d0	010002ef	jal	x5,800004d0	  x5=0x800004d0
       15015000	      1500	00000000	00000013	addi	x0,x0,0	  x0:0x00000000
       15025000	      1501	800004dc	00000013	addi	x0,x0,0	  x0:0x00000000
       15035000	      1502	800004e0	00c00a6f	jal	x20,800004e0	 x20=0x800004e0
       15045000	      1503	00000000	00000013	addi	x0,x0,0	  x0:0x00000000
       15055000	      1504	800004e8	00000013	addi	x0,x0,0	  x0:0x00000000
       15065000	      1505	800004ec	6a5fe897	auipc	x17,0x6a5fe	 x17=0xea5fe4e8
       15075000	      1506	800004f0	0540036f	jal	x6,800004f0	  x6=0x800004f0
       15085000	      1507	00000000	00000013	addi	x0,x0,0	  x0:0x00000000
       15095000	      1508	80000540	00000013	addi	x0,x0,0	  x0:0x00000000
       15105000	      1509	80000544	fb1ffe6f	jal	x28,80000544	 x28=0x80000544
       15115000	      1510	00000000	00000013	addi	x0,x0,0	  x0:0x00000000
       15125000	      1511	800004f0	00000013	addi	x0,x0,0	  x0:0x00000000
       15135000	      1512	800004f4	048000ef	jal	x1,800004f4	  x1=0x800004f4
       15145000	      1513	00000000	00000013	addi	x0,x0,0	  x0:0x00000000
       15155000	      1514	80000538	00000013	addi	x0,x0,0	  x0:0x00000000
       15165000	      1515	8000053c	004000ef	jal	x1,8000053c	  x1=0x8000053c
       15175000	      1516	00000000	00000013	addi	x0,x0,0	  x0:0x00000000
       15185000	      1517	8000053c	00000013	addi	x0,x0,0	  x0:0x00000000
       15195000	      1518	80000540	fe5ff0ef	jal	x1,80000540	  x1=0x80000540
       15205000	      1519	00000000	00000013	addi	x0,x0,0	  x0:0x00000000
       15215000	      1520	80000520	00000013	addi	x0,x0,0	  x0:0x00000000
       15225000	      1521	80000524	ffdff3ef	jal	x7,80000524	  x7=0x80000524
       15235000	      1522	00000000	00000013	addi	x0,x0,0	  x0:0x00000000
       15245000	      1523	8000051c	00000013	addi	x0,x0,0	  x0:0x00000000
       15255000	      1524	80000520	ff9ff0ef	jal	x1,80000520	  x1=0x80000520
       15265000	      1525	00000000	00000013	addi	x0,x0,0	  x0:0x00000000
       15275000	      1526	80000514	00000013	addi	x0,x0,0	  x0:0x00000000
       15285000	      1527	80000518	018000ef	jal	x1,80000518	  x1=0x80000518
       15295000	      1528	00000000	00000013	addi	x0,x0,0	  x0:0x00000000
       15305000	      1529	8000052c	00000013	addi	x0,x0,0	  x0:0x00000000
       15315000	      1530	80000530	fd9ff0ef	jal	x1,80000530	  x1=0x80000530
       15325000	      1531	00000000	00000013	addi	x0,x0,0	  x0:0x00000000
       15335000	      1532	80000504	00000013	addi	x0,x0,0	  x0:0x00000000
       15345000	      1533	80000508	02c0036f	jal	x6,80000508	  x6=0x80000508
       15355000	      1534	00000000	00000013	addi	x0,x0,0	  x0:0x00000000
       15365000	      1535	80000530	00000013	addi	x0,x0,0	  x0:0x00000000
       15375000	      1536	80000534	fc5ff0ef	jal	x1,80000534	  x1=0x80000534
       15385000	      1537	00000000	00000013	addi	x0,x0,0	  x0:0x00000000
       15395000	      1538	800004f4	00000013	addi	x0,x0,0	  x0:0x00000000
       15405000	      1539	800004f8	0180036f	jal	x6,800004f8	  x6=0x800004f8
       15415000	      1540	00000000	00000013	addi	x0,x0,0	  x0:0x00000000
       15425000	      1541	8000050c	00000013	addi	x0,x0,0	  x0:0x00000000
       15435000	      1542	80000510	fedff36f	jal	x6,80000510	  x6=0x80000510
       15445000	      1543	00000000	00000013	addi	x0,x0,0	  x0:0x00000000
       15455000	      1544	800004f8	00000013	addi	x0,x0,0	  x0:0x00000000
       15465000	      1545	800004fc	004000ef	jal	x1,800004fc	  x1=0x800004fc
       15475000	      1546	00000000	00000013	addi	x0,x0,0	  x0:0x00000000
       15485000	      1547	800004fc	00000013	addi	x0,x0,0	  x0:0x00000000
       15495000	      1548	80000500	01c000ef	jal	x1,80000500	  x1=0x80000500
       15505000	      1549	00000000	00000013	addi	x0,x0,0	  x0:0x00000000
       15515000	      1550	80000518	00000013	addi	x0,x0,0	  x0:0x00000000
       15525000	      1551	8000051c	00c003ef	jal	x7,8000051c	  x7=0x8000051c
       15535000	      1552	00000000	00000013	addi	x0,x0,0	  x0:0x00000000
       15545000	      1553	80000524	00000013	addi	x0,x0,0	  x0:0x00000000
       15555000	      1554	80000528	004007ef	jal	x15,80000528	 x15=0x80000528
       15565000	      1555	00000000	00000013	addi	x0,x0,0	  x0:0x00000000
       15575000	      1556	80000528	00000013	addi	x0,x0,0	  x0:0x00000000
       15585000	      1557	8000052c	fe1ff1ef	jal	x3,8000052c	  x3=0x8000052c
       15595000	      1558	00000000	00000013	addi	x0,x0,0	  x0:0x00000000
       15605000	      1559	80000508	00000013	addi	x0,x0,0	  x0:0x00000000
       15615000	      1560	8000050c	008000ef	jal	x1,8000050c	  x1=0x8000050c
       15625000	      1561	00000000	00000013	addi	x0,x0,0	  x0:0x00000000
       15635000	      1562	80000510	00000013	addi	x0,x0,0	  x0:0x00000000
       15645000	      1563	80000514	024000ef	jal	x1,80000514	  x1=0x80000514
       15655000	      1564	00000000	00000013	addi	x0,x0,0	  x0:0x00000000
       15665000	      1565	80000534	00000013	addi	x0,x0,0	  x0:0x00000000
       15675000	      1566	80000538	fcdff0ef	jal	x1,80000538	  x1=0x80000538
       15685000	      1567	00000000	00000013	addi	x0,x0,0	  x0:0x00000000
       15695000	      1568	80000500	00000013	addi	x0,x0,0	  x0:0x00000000
       15705000	      1569	80000504	044000ef	jal	x1,80000504	  x1=0x80000504
       15715000	      1570	00000000	00000013	addi	x0,x0,0	  x0:0x00000000
       15725000	      1571	80000544	00000013	addi	x0,x0,0	  x0:0x00000000
       15735000	      1572	80000548	0141e9b3	or	x19,x3,x20	  x3:0x8000052c x20:0x800004e0 x19=0x800005ec
       15745000	      1573	8000054c	0280036f	jal	x6,8000054c	  x6=0x8000054c
       15755000	      1574	00000000	00000013	addi	x0,x0,0	  x0:0x00000000
       15765000	      1575	80000570	00000013	addi	x0,x0,0	  x0:0x00000000
       15775000	      1576	80000574	00400e6f	jal	x28,80000574	 x28=0x80000574
       15785000	      1577	00000000	00000013	addi	x0,x0,0	  x0:0x00000000
       15795000	      1578	80000574	00000013	addi	x0,x0,0	  x0:0x00000000
       15805000	      1579	80000578	004000ef	jal	x1,80000578	  x1=0x80000578
       15815000	      1580	00000000	00000013	addi	x0,x0,0	  x0:0x00000000
       15825000	      1581	80000578	00000013	addi	x0,x0,0	  x0:0x00000000
       15835000	      1582	8000057c	ff5ff0ef	jal	x1,8000057c	  x1=0x8000057c
       15845000	      1583	00000000	00000013	addi	x0,x0,0	  x0:0x00000000
       15855000	      1584	8000056c	00000013	addi	x0,x0,0	  x0:0x00000000
       15865000	      1585	80000570	ff1ff3ef	jal	x7,80000570	  x7=0x80000570
       15875000	      1586	00000000	00000013	addi	x0,x0,0	  x0:0x00000000
       15885000	      1587	8000055c	00000013	addi	x0,x0,0	  x0:0x00000000
       15895000	      1588	80000560	024002ef	jal	x5,80000560	  x5=0x80000560
       15905000	      1589	00000000	00000013	addi	x0,x0,0	  x0:0x00000000
       15915000	      1590	80000580	00000013	addi	x0,x0,0	  x0:0x00000000
       15925000	      1591	80000584	fcdff0ef	jal	x1,80000584	  x1=0x80000584
       15935000	      1592	00000000	00000013	addi	x0,x0,0	  x0:0x00000000
       15945000	      1593	8000054c	00000013	addi	x0,x0,0	  x0:0x00000000
       15955000	      1594	80000550	01c004ef	jal	x9,80000550	  x9=0x80000550
       15965000	      1595	00000000	00000013	addi	x0,x0,0	  x0:0x00000000
       15975000	      1596	80000568	00000013	addi	x0,x0,0	  x0:0x00000000
       15985000	      1597	8000056c	fe9ff36f	jal	x6,8000056c	  x6=0x8000056c
       15995000	      1598	00000000	00000013	addi	x0,x0,0	  x0:0x00000000
       16005000	      1599	80000550	00000013	addi	x0,x0,0	  x0:0x00000000
       16015000	      1600	80000554	0140036f	jal	x6,80000554	  x6=0x80000554
       16025000	      1601	00000000	00000013	addi	x0,x0,0	  x0:0x00000000
       16035000	      1602	80000564	00000013	addi	x0,x0,0	  x0:0x00000000
       16045000	      1603	80000568	ff5ff36f	jal	x6,80000568	  x6=0x80000568
       16055000	      1604	00000000	00000013	addi	x0,x0,0	  x0:0x00000000
       16065000	      1605	80000558	00000013	addi	x0,x0,0	  x0:0x00000000
       16075000	      1606	8000055c	008000ef	jal	x1,8000055c	  x1=0x8000055c
       16085000	      1607	00000000	00000013	addi	x0,x0,0	  x0:0x00000000
       16095000	      1608	80000560	00000013	addi	x0,x0,0	  x0:0x00000000
       16105000	      1609	80000564	01c000ef	jal	x1,80000564	  x1=0x80000564
       16115000	      1610	00000000	00000013	addi	x0,x0,0	  x0:0x00000000
       16125000	      1611	8000057c	00000013	addi	x0,x0,0	  x0:0x00000000
       16135000	      1612	80000580	0080036f	jal	x6,80000580	  x6=0x80000580
       16145000	      1613	00000000	00000013	addi	x0,x0,0	  x0:0x00000000
       16155000	      1614	80000584	00000013	addi	x0,x0,0	  x0:0x00000000
       16165000	      1615	80000588	fd1ff0ef	jal	x1,80000588	  x1=0x80000588
       16175000	      1616	00000000	00000013	addi	x0,x0,0	  x0:0x00000000
       16185000	      1617	80000554	00000013	addi	x0,x0,0	  x0:0x00000000
       16195000	      1618	80000558	0340036f	jal	x6,80000558	  x6=0x80000558
       16205000	      1619	00000000	00000013	addi	x0,x0,0	  x0:0x00000000
       16215000	      1620	80000588	00000013	addi	x0,x0,0	  x0:0x00000000
       16225000	      1621	8000058c	d4786613	ori	x12,x16,-697	 x16:0x80009f58 x12=0xffffff5f
       16235000	      1622	80000590	0500036f	jal	x6,80000590	  x6=0x80000590
       16245000	      1623	00000000	00000013	addi	x0,x0,0	  x0:0x00000000
       16255000	      1624	800005dc	00000013	addi	x0,x0,0	  x0:0x00000000
       16265000	      1625	800005e0	004000ef	jal	x1,800005e0	  x1=0x800005e0
       16275000	      1626	00000000	00000013	addi	x0,x0,0	  x0:0x00000000
       16285000	      1627	800005e0	00000013	addi	x0,x0,0	  x0:0x00000000
       16295000	      1628	800005e4	fd1ff0ef	jal	x1,800005e4	  x1=0x800005e4
       16305000	      1629	00000000	00000013	addi	x0,x0,0	  x0:0x00000000
       16315000	      1630	800005b0	00000013	addi	x0,x0,0	  x0:0x00000000
       16325000	      1631	800005b4	03c000ef	jal	x1,800005b4	  x1=0x800005b4
       16335000	      1632	00000000	00000013	addi	x0,x0,0	  x0:0x00000000
       16345000	      1633	800005ec	00000013	addi	x0,x0,0	  x0:0x00000000
       16355000	      1634	800005f0	fedff36f	jal	x6,800005f0	  x6=0x800005f0
       16365000	      1635	00000000	00000013	addi	x0,x0,0	  x0:0x00000000
       16375000	      1636	800005d8	00000013	addi	x0,x0,0	  x0:0x00000000
       16385000	      1637	800005dc	ff9ff36f	jal	x6,800005dc	  x6=0x800005dc
       16395000	      1638	00000000	00000013	addi	x0,x0,0	  x0:0x00000000
       16405000	      1639	800005d0	00000013	addi	x0,x0,0	  x0:0x00000000
       16415000	      1640	800005d4	018000ef	jal	x1,800005d4	  x1=0x800005d4
       16425000	      1641	00000000	00000013	addi	x0,x0,0	  x0:0x00000000
       16435000	      1642	800005e8	00000013	addi	x0,x0,0	  x0:0x00000000
       16445000	      1643	800005ec	fbdff7ef	jal	x15,800005ec	 x15=0x800005ec
       16455000	      1644	00000000	00000013	addi	x0,x0,0	  x0:0x00000000
       16465000	      1645	800005a4	00000013	addi	x0,x0,0	  x0:0x00000000
       16475000	      1646	800005a8	050000ef	jal	x1,800005a8	  x1=0x800005a8
       16485000	      1647	00000000	00000013	addi	x0,x0,0	  x0:0x00000000
       16495000	      1648	800005f4	00000013	addi	x0,x0,0	  x0:0x00000000
       16505000	      1649	800005f8	fadff0ef	jal	x1,800005f8	  x1=0x800005f8
       16515000	      1650	00000000	00000013	addi	x0,x0,0	  x0:0x00000000
       16525000	      1651	800005a0	00000013	addi	x0,x0,0	  x0:0x00000000
       16535000	      1652	800005a4	050000ef	jal	x1,800005a4	  x1=0x800005a4
       16545000	      1653	00000000	00000013	addi	x0,x0,0	  x0:0x00000000
       16555000	      1654	800005f0	00000013	addi	x0,x0,0	  x0:0x00000000
       16565000	      1655	800005f4	fddff0ef	jal	x1,800005f4	  x1=0x800005f4
       16575000	      1656	00000000	00000013	addi	x0,x0,0	  x0:0x00000000
       16585000	      1657	800005cc	00000013	addi	x0,x0,0	  x0:0x00000000
       16595000	      1658	800005d0	0340036f	jal	x6,800005d0	  x6=0x800005d0
       16605000	      1659	00000000	00000013	addi	x0,x0,0	  x0:0x00000000
       16615000	      1660	80000600	00000013	addi	x0,x0,0	  x0:0x00000000
       16625000	      1661	80000604	ffdff0ef	jal	x1,80000604	  x1=0x80000604
       16635000	      1662	00000000	00000013	addi	x0,x0,0	  x0:0x00000000
       16645000	      1663	800005fc	00000013	addi	x0,x0,0	  x0:0x00000000
       16655000	      1664	80000600	fc9ff0ef	jal	x1,80000600	  x1=0x80000600
       16665000	      1665	00000000	00000013	addi	x0,x0,0	  x0:0x00000000
       16675000	      1666	800005c4	00000013	addi	x0,x0,0	  x0:0x00000000
       16685000	      1667	800005c8	0340026f	jal	x4,800005c8	  x4=0x800005c8
       16695000	      1668	00000000	00000013	addi	x0,x0,0	  x0:0x00000000
       16705000	      1669	800005f8	00000013	addi	x0,x0,0	  x0:0x00000000
       16715000	      1670	800005fc	fc5ff0ef	jal	x1,800005fc	  x1=0x800005fc
       16725000	      1671	00000000	00000013	addi	x0,x0,0	  x0:0x00000000
       16735000	      1672	800005bc	00000013	addi	x0,x0,0	  x0:0x00000000
       16745000	      1673	800005c0	ffdff36f	jal	x6,800005c0	  x6=0x800005c0
       16755000	      1674	00000000	00000013	addi	x0,x0,0	  x0:0x00000000
       16765000	      1675	800005b8	00000013	addi	x0,x0,0	  x0:0x00000000
       16775000	      1676	800005bc	fe5ff36f	jal	x6,800005bc	  x6=0x800005bc
       16785000	      1677	00000000	00000013	addi	x0,x0,0	  x0:0x00000000
       16795000	      1678	8000059c	00000013	addi	x0,x0,0	  x0:0x00000000
       16805000	      1679	800005a0	048000ef	jal	x1,800005a0	  x1=0x800005a0
       16815000	      1680	00000000	00000013	addi	x0,x0,0	  x0:0x00000000
       16825000	      1681	800005e4	00000013	addi	x0,x0,0	  x0:0x00000000
       16835000	      1682	800005e8	ff1ff1ef	jal	x3,800005e8	  x3=0x800005e8
       16845000	      1683	00000000	00000013	addi	x0,x0,0	  x0:0x00000000
       16855000	      1684	800005d4	00000013	addi	x0,x0,0	  x0:0x00000000
       16865000	      1685	800005d8	fc5ff16f	jal	x2,800005d8	  x2=0x800005d8
       16875000	      1686	00000000	00000013	addi	x0,x0,0	  x0:0x00000000
       16885000	      1687	80000598	00000013	addi	x0,x0,0	  x0:0x00000000
       16895000	      1688	8000059c	06c000ef	jal	x1,8000059c	  x1=0x8000059c
       16905000	      1689	00000000	00000013	addi	x0,x0,0	  x0:0x00000000
       16915000	      1690	80000604	00000013	addi	x0,x0,0	  x0:0x00000000
       16925000	      1691	80000608	fc5ff0ef	jal	x1,80000608	  x1=0x80000608
       16935000	      1692	00000000	00000013	addi	x0,x0,0	  x0:0x00000000
       16945000	      1693	800005c8	00000013	addi	x0,x0,0	  x0:0x00000000
       16955000	      1694	800005cc	fe5ff36f	jal	x6,800005cc	  x6=0x800005cc
       16965000	      1695	00000000	00000013	addi	x0,x0,0	  x0:0x00000000
       16975000	      1696	800005ac	00000013	addi	x0,x0,0	  x0:0x00000000
       16985000	      1697	800005b0	0140036f	jal	x6,800005b0	  x6=0x800005b0
       16995000	      1698	00000000	00000013	addi	x0,x0,0	  x0:0x00000000
       17005000	      1699	800005c0	00000013	addi	x0,x0,0	  x0:0x00000000
       17015000	      1700	800005c4	fe9ff9ef	jal	x19,800005c4	 x19=0x800005c4
       17025000	      1701	00000000	00000013	addi	x0,x0,0	  x0:0x00000000
       17035000	      1702	800005a8	00000013	addi	x0,x0,0	  x0:0x00000000
       17045000	      1703	800005ac	fe9ffc6f	jal	x24,800005ac	 x24=0x800005ac
       17055000	      1704	00000000	00000013	addi	x0,x0,0	  x0:0x00000000
       17065000	      1705	80000590	00000013	addi	x0,x0,0	  x0:0x00000000
       17075000	      1706	80000594	0240036f	jal	x6,80000594	  x6=0x80000594
       17085000	      1707	00000000	00000013	addi	x0,x0,0	  x0:0x00000000
       17095000	      1708	800005b4	00000013	addi	x0,x0,0	  x0:0x00000000
       17105000	      1709	800005b8	fe1ff0ef	jal	x1,800005b8	  x1=0x800005b8
       17115000	      1710	00000000	00000013	addi	x0,x0,0	  x0:0x00000000
       17125000	      1711	80000594	00000013	addi	x0,x0,0	  x0:0x00000000
       17135000	      1712	80000598	0740036f	jal	x6,80000598	  x6=0x80000598
       17145000	      1713	00000000	00000013	addi	x0,x0,0	  x0:0x00000000
       17155000	      1714	80000608	00000013	addi	x0,x0,0	  x0:0x00000000
       17165000	      1715	8000060c	0161a233	slt	x4,x3,x22	  x3:0x800005e8 x22:0x80009fc4  x4=0x00000001
       17175000	      1716	80000610	0700036f	jal	x6,80000610	  x6=0x80000610
       17185000	      1717	00000000	00000013	addi	x0,x0,0	  x0:0x00000000
       17195000	      1718	8000067c	00000013	addi	x0,x0,0	  x0:0x00000000
       17205000	      1719	80000680	fe5ff3ef	jal	x7,80000680	  x7=0x80000680
       17215000	      1720	00000000	00000013	addi	x0,x0,0	  x0:0x00000000
       17225000	      1721	80000660	00000013	addi	x0,x0,0	  x0:0x00000000
       17235000	      1722	80000664	fb5ff2ef	jal	x5,80000664	  x5=0x80000664
       17245000	      1723	00000000	00000013	addi	x0,x0,0	  x0:0x00000000
       17255000	      1724	80000614	00000013	addi	x0,x0,0	  x0:0x00000000
       17265000	      1725	80000618	064000ef	jal	x1,80000618	  x1=0x80000618
       17275000	      1726	00000000	00000013	addi	x0,x0,0	  x0:0x00000000
       17285000	      1727	80000678	00000013	addi	x0,x0,0	  x0:0x00000000
       17295000	      1728	8000067c	f99ff0ef	jal	x1,8000067c	  x1=0x8000067c
       17305000	      1729	00000000	00000013	addi	x0,x0,0	  x0:0x00000000
       17315000	      1730	80000610	00000013	addi	x0,x0,0	  x0:0x00000000
       17325000	      1731	80000614	018000ef	jal	x1,80000614	  x1=0x80000614
       17335000	      1732	00000000	00000013	addi	x0,x0,0	  x0:0x00000000
       17345000	      1733	80000628	00000013	addi	x0,x0,0	  x0:0x00000000
       17355000	      1734	8000062c	014000ef	jal	x1,8000062c	  x1=0x8000062c
       17365000	      1735	00000000	00000013	addi	x0,x0,0	  x0:0x00000000
       17375000	      1736	8000063c	00000013	addi	x0,x0,0	  x0:0x00000000
       17385000	      1737	80000640	02c00e6f	jal	x28,80000640	 x28=0x80000640
       17395000	      1738	00000000	00000013	addi	x0,x0,0	  x0:0x00000000
       17405000	      1739	80000668	00000013	addi	x0,x0,0	  x0:0x00000000
       17415000	      1740	8000066c	fd9ff0ef	jal	x1,8000066c	  x1=0x8000066c
       17425000	      1741	00000000	00000013	addi	x0,x0,0	  x0:0x00000000
       17435000	      1742	80000640	00000013	addi	x0,x0,0	  x0:0x00000000
       17445000	      1743	80000644	ff1ff0ef	jal	x1,80000644	  x1=0x80000644
       17455000	      1744	00000000	00000013	addi	x0,x0,0	  x0:0x00000000
       17465000	      1745	80000630	00000013	addi	x0,x0,0	  x0:0x00000000
       17475000	      1746	80000634	004000ef	jal	x1,80000634	  x1=0x80000634
       17485000	      1747	00000000	00000013	addi	x0,x0,0	  x0:0x00000000
       17495000	      1748	80000634	00000013	addi	x0,x0,0	  x0:0x00000000
       17505000	      1749	80000638	020000ef	jal	x1,80000638	  x1=0x80000638
       17515000	      1750	00000000	00000013	addi	x0,x0,0	  x0:0x00000000
       17525000	      1751	80000654	00000013	addi	x0,x0,0	  x0:0x00000000
       17535000	      1752	80000658	020000ef	jal	x1,80000658	  x1=0x80000658
       17545000	      1753	00000000	00000013	addi	x0,x0,0	  x0:0x00000000
       17555000	      1754	80000674	00000013	addi	x0,x0,0	  x0:0x00000000
       17565000	      1755	80000678	ffdff36f	jal	x6,80000678	  x6=0x80000678
       17575000	      1756	00000000	00000013	addi	x0,x0,0	  x0:0x00000000
       17585000	      1757	80000670	00000013	addi	x0,x0,0	  x0:0x00000000
       17595000	      1758	80000674	ff5ff0ef	jal	x1,80000674	  x1=0x80000674
       17605000	      1759	00000000	00000013	addi	x0,x0,0	  x0:0x00000000
       17615000	      1760	80000664	00000013	addi	x0,x0,0	  x0:0x00000000
       17625000	      1761	80000668	ff9ff36f	jal	x6,80000668	  x6=0x80000668
       17635000	      1762	00000000	00000013	addi	x0,x0,0	  x0:0x00000000
       17645000	      1763	8000065c	00000013	addi	x0,x0,0	  x0:0x00000000
       17655000	      1764	80000660	fe9ff26f	jal	x4,80000660	  x4=0x80000660
       17665000	      1765	00000000	00000013	addi	x0,x0,0	  x0:0x00000000
       17675000	      1766	80000644	00000013	addi	x0,x0,0	  x0:0x00000000
       17685000	      1767	80000648	00c000ef	jal	x1,80000648	  x1=0x80000648
       17695000	      1768	00000000	00000013	addi	x0,x0,0	  x0:0x00000000
       17705000	      1769	80000650	00000013	addi	x0,x0,0	  x0:0x00000000
       17715000	      1770	80000654	ffdff3ef	jal	x7,80000654	  x7=0x80000654
       17725000	      1771	00000000	00000013	addi	x0,x0,0	  x0:0x00000000
       17735000	      1772	8000064c	00000013	addi	x0,x0,0	  x0:0x00000000
       17745000	      1773	80000650	0340066f	jal	x12,80000650	 x12=0x80000650
       17755000	      1774	00000000	00000013	addi	x0,x0,0	  x0:0x00000000
       17765000	      1775	80000680	00000013	addi	x0,x0,0	  x0:0x00000000
       17775000	      1776	80000684	fb9ff76f	jal	x14,80000684	 x14=0x80000684
       17785000	      1777	00000000	00000013	addi	x0,x0,0	  x0:0x00000000
       17795000	      1778	80000638	00000013	addi	x0,x0,0	  x0:0x00000000
       17805000	      1779	8000063c	fe5ff0ef	jal	x1,8000063c	  x1=0x8000063c
       17815000	      1780	00000000	00000013	addi	x0,x0,0	  x0:0x00000000
       17825000	      1781	8000061c	00000013	addi	x0,x0,0	  x0:0x00000000
       17835000	      1782	80000620	02c0036f	jal	x6,80000620	  x6=0x80000620
       17845000	      1783	00000000	00000013	addi	x0,x0,0	  x0:0x00000000
       17855000	      1784	80000648	00000013	addi	x0,x0,0	  x0:0x00000000
       17865000	      1785	8000064c	0240036f	jal	x6,8000064c	  x6=0x8000064c
       17875000	      1786	00000000	00000013	addi	x0,x0,0	  x0:0x00000000
       17885000	      1787	8000066c	00000013	addi	x0,x0,0	  x0:0x00000000
       17895000	      1788	80000670	fedff7ef	jal	x15,80000670	 x15=0x80000670
       17905000	      1789	00000000	00000013	addi	x0,x0,0	  x0:0x00000000
       17915000	      1790	80000658	00000013	addi	x0,x0,0	  x0:0x00000000
       17925000	      1791	8000065c	fc1ff0ef	jal	x1,8000065c	  x1=0x8000065c
       17935000	      1792	00000000	00000013	addi	x0,x0,0	  x0:0x00000000
       17945000	      1793	80000618	00000013	addi	x0,x0,0	  x0:0x00000000
       17955000	      1794	8000061c	014000ef	jal	x1,8000061c	  x1=0x8000061c
       17965000	      1795	00000000	00000013	addi	x0,x0,0	  x0:0x00000000
       17975000	      1796	8000062c	00000013	addi	x0,x0,0	  x0:0x00000000
       17985000	      1797	80000630	ff9ff0ef	jal	x1,80000630	  x1=0x80000630
       17995000	      1798	00000000	00000013	addi	x0,x0,0	  x0:0x00000000
       18005000	      1799	80000624	00000013	addi	x0,x0,0	  x0:0x00000000
       18015000	      1800	80000628	ffdff0ef	jal	x1,80000628	  x1=0x80000628
       18025000	      1801	00000000	00000013	addi	x0,x0,0	  x0:0x00000000
       18035000	      1802	80000620	00000013	addi	x0,x0,0	  x0:0x00000000
       18045000	      1803	80000624	064000ef	jal	x1,80000624	  x1=0x80000624
       18055000	      1804	00000000	00000013	addi	x0,x0,0	  x0:0x00000000
       18065000	      1805	80000684	00000013	addi	x0,x0,0	  x0:0x00000000
       18075000	      1806	80000688	00d09413	slli	x8,x1,0xd	  x1:0x80000624  x8=0x00c48000
       18085000	      1807	8000068c	0340036f	jal	x6,8000068c	  x6=0x8000068c
       18095000	      1808	00000000	00000013	addi	x0,x0,0	  x0:0x00000000
       18105000	      1809	800006bc	00000013	addi	x0,x0,0	  x0:0x00000000
       18115000	      1810	800006c0	fd5ff0ef	jal	x1,800006c0	  x1=0x800006c0
       18125000	      1811	00000000	00000013	addi	x0,x0,0	  x0:0x00000000
       18135000	      1812	80000690	00000013	addi	x0,x0,0	  x0:0x00000000
       18145000	      1813	80000694	028001ef	jal	x3,80000694	  x3=0x80000694
       18155000	      1814	00000000	00000013	addi	x0,x0,0	  x0:0x00000000
       18165000	      1815	800006b8	00000013	addi	x0,x0,0	  x0:0x00000000
       18175000	      1816	800006bc	010001ef	jal	x3,800006bc	  x3=0x800006bc
       18185000	      1817	00000000	00000013	addi	x0,x0,0	  x0:0x00000000
       18195000	      1818	800006c8	00000013	addi	x0,x0,0	  x0:0x00000000
       18205000	      1819	800006cc	fd1ff0ef	jal	x1,800006cc	  x1=0x800006cc
       18215000	      1820	00000000	00000013	addi	x0,x0,0	  x0:0x00000000
       18225000	      1821	80000698	00000013	addi	x0,x0,0	  x0:0x00000000
       18235000	      1822	8000069c	054000ef	jal	x1,8000069c	  x1=0x8000069c
       18245000	      1823	00000000	00000013	addi	x0,x0,0	  x0:0x00000000
       18255000	      1824	800006ec	00000013	addi	x0,x0,0	  x0:0x00000000
       18265000	      1825	800006f0	fa9fff6f	jal	x30,800006f0	 x30=0x800006f0
       18275000	      1826	00000000	00000013	addi	x0,x0,0	  x0:0x00000000
       18285000	      1827	80000694	00000013	addi	x0,x0,0	  x0:0x00000000
       18295000	      1828	80000698	03c000ef	jal	x1,80000698	  x1=0x80000698
       18305000	      1829	00000000	00000013	addi	x0,x0,0	  x0:0x00000000
       18315000	      1830	800006d0	00000013	addi	x0,x0,0	  x0:0x00000000
       18325000	      1831	800006d4	ff5ff0ef	jal	x1,800006d4	  x1=0x800006d4
       18335000	      1832	00000000	00000013	addi	x0,x0,0	  x0:0x00000000
       18345000	      1833	800006c4	00000013	addi	x0,x0,0	  x0:0x00000000
       18355000	      1834	800006c8	02c00f6f	jal	x30,800006c8	 x30=0x800006c8
       18365000	      1835	00000000	00000013	addi	x0,x0,0	  x0:0x00000000
       18375000	      1836	800006f0	00000013	addi	x0,x0,0	  x0:0x00000000
       18385000	      1837	800006f4	fc5ff66f	jal	x12,800006f4	 x12=0x800006f4
       18395000	      1838	00000000	00000013	addi	x0,x0,0	  x0:0x00000000
       18405000	      1839	800006b4	00000013	addi	x0,x0,0	  x0:0x00000000
       18415000	      1840	800006b8	0280076f	jal	x14,800006b8	 x14=0x800006b8
       18425000	      1841	00000000	00000013	addi	x0,x0,0	  x0:0x00000000
       18435000	      1842	800006dc	00000013	addi	x0,x0,0	  x0:0x00000000
       18445000	      1843	800006e0	fc1ff0ef	jal	x1,800006e0	  x1=0x800006e0
       18455000	      1844	00000000	00000013	addi	x0,x0,0	  x0:0x00000000
       18465000	      1845	8000069c	00000013	addi	x0,x0,0	  x0:0x00000000
       18475000	      1846	800006a0	014000ef	jal	x1,800006a0	  x1=0x800006a0
       18485000	      1847	00000000	00000013	addi	x0,x0,0	  x0:0x00000000
       18495000	      1848	800006b0	00000013	addi	x0,x0,0	  x0:0x00000000
       18505000	      1849	800006b4	0300066f	jal	x12,800006b4	 x12=0x800006b4
       18515000	      1850	00000000	00000013	addi	x0,x0,0	  x0:0x00000000
       18525000	      1851	800006e0	00000013	addi	x0,x0,0	  x0:0x00000000
       18535000	      1852	800006e4	fe1ff5ef	jal	x11,800006e4	 x11=0x800006e4
       18545000	      1853	00000000	00000013	addi	x0,x0,0	  x0:0x00000000
       18555000	      1854	800006c0	00000013	addi	x0,x0,0	  x0:0x00000000
       18565000	      1855	800006c4	014000ef	jal	x1,800006c4	  x1=0x800006c4
       18575000	      1856	00000000	00000013	addi	x0,x0,0	  x0:0x00000000
       18585000	      1857	800006d4	00000013	addi	x0,x0,0	  x0:0x00000000
       18595000	      1858	800006d8	0100036f	jal	x6,800006d8	  x6=0x800006d8
       18605000	      1859	00000000	00000013	addi	x0,x0,0	  x0:0x00000000
       18615000	      1860	800006e4	00000013	addi	x0,x0,0	  x0:0x00000000
       18625000	      1861	800006e8	004000ef	jal	x1,800006e8	  x1=0x800006e8
       18635000	      1862	00000000	00000013	addi	x0,x0,0	  x0:0x00000000
       18645000	      1863	800006e8	00000013	addi	x0,x0,0	  x0:0x00000000
       18655000	      1864	800006ec	fa5ff0ef	jal	x1,800006ec	  x1=0x800006ec
       18665000	      1865	00000000	00000013	addi	x0,x0,0	  x0:0x00000000
       18675000	      1866	8000068c	00000013	addi	x0,x0,0	  x0:0x00000000
       18685000	      1867	80000690	04000fef	jal	x31,80000690	 x31=0x80000690
       18695000	      1868	00000000	00000013	addi	x0,x0,0	  x0:0x00000000
       18705000	      1869	800006cc	00000013	addi	x0,x0,0	  x0:0x00000000
       18715000	      1870	800006d0	fddff0ef	jal	x1,800006d0	  x1=0x800006d0
       18725000	      1871	00000000	00000013	addi	x0,x0,0	  x0:0x00000000
       18735000	      1872	800006a8	00000013	addi	x0,x0,0	  x0:0x00000000
       18745000	      1873	800006ac	ff9ff36f	jal	x6,800006ac	  x6=0x800006ac
       18755000	      1874	00000000	00000013	addi	x0,x0,0	  x0:0x00000000
       18765000	      1875	800006a0	00000013	addi	x0,x0,0	  x0:0x00000000
       18775000	      1876	800006a4	004000ef	jal	x1,800006a4	  x1=0x800006a4
       18785000	      1877	00000000	00000013	addi	x0,x0,0	  x0:0x00000000
       18795000	      1878	800006a4	00000013	addi	x0,x0,0	  x0:0x00000000
       18805000	      1879	800006a8	034007ef	jal	x15,800006a8	 x15=0x800006a8
       18815000	      1880	00000000	00000013	addi	x0,x0,0	  x0:0x00000000
       18825000	      1881	800006d8	00000013	addi	x0,x0,0	  x0:0x00000000
       18835000	      1882	800006dc	fd5ff56f	jal	x10,800006dc	 x10=0x800006dc
       18845000	      1883	00000000	00000013	addi	x0,x0,0	  x0:0x00000000
       18855000	      1884	800006ac	00000013	addi	x0,x0,0	  x0:0x00000000
       18865000	      1885	800006b0	0480036f	jal	x6,800006b0	  x6=0x800006b0
       18875000	      1886	00000000	00000013	addi	x0,x0,0	  x0:0x00000000
       18885000	      1887	800006f4	00000013	addi	x0,x0,0	  x0:0x00000000
       18895000	      1888	800006f8	ec764c13	xori	x24,x12,-313	 x12:0x800006b4 x24=0x7ffff873
       18905000	      1889	800006fc	0640036f	jal	x6,800006fc	  x6=0x800006fc
       18915000	      1890	00000000	00000013	addi	x0,x0,0	  x0:0x00000000
       18925000	      1891	8000075c	00000013	addi	x0,x0,0	  x0:0x00000000
       18935000	      1892	80000760	fd9ffcef	jal	x25,80000760	 x25=0x80000760
       18945000	      1893	00000000	00000013	addi	x0,x0,0	  x0:0x00000000
       18955000	      1894	80000734	00000013	addi	x0,x0,0	  x0:0x00000000
       18965000	      1895	80000738	00c0016f	jal	x2,80000738	  x2=0x80000738
       18975000	      1896	00000000	00000013	addi	x0,x0,0	  x0:0x00000000
       18985000	      1897	80000740	00000013	addi	x0,x0,0	  x0:0x00000000
       18995000	      1898	80000744	018000ef	jal	x1,80000744	  x1=0x80000744
       19005000	      1899	00000000	00000013	addi	x0,x0,0	  x0:0x00000000
       19015000	      1900	80000758	00000013	addi	x0,x0,0	  x0:0x00000000
       19025000	      1901	8000075c	fa9ff0ef	jal	x1,8000075c	  x1=0x8000075c
       19035000	      1902	00000000	00000013	addi	x0,x0,0	  x0:0x00000000
       19045000	      1903	80000700	00000013	addi	x0,x0,0	  x0:0x00000000
       19055000	      1904	80000704	00c0036f	jal	x6,80000704	  x6=0x80000704
       19065000	      1905	00000000	00000013	addi	x0,x0,0	  x0:0x00000000
       19075000	      1906	8000070c	00000013	addi	x0,x0,0	  x0:0x00000000
       19085000	      1907	80000710	018000ef	jal	x1,80000710	  x1=0x80000710
       19095000	      1908	00000000	00000013	addi	x0,x0,0	  x0:0x00000000
       19105000	      1909	80000724	00000013	addi	x0,x0,0	  x0:0x00000000
       19115000	      1910	80000728	02c000ef	jal	x1,80000728	  x1=0x80000728
       19125000	      1911	00000000	00000013	addi	x0,x0,0	  x0:0x00000000
       19135000	      1912	80000750	00000013	addi	x0,x0,0	  x0:0x00000000
       19145000	      1913	80000754	00400aef	jal	x21,80000754	 x21=0x80000754
       19155000	      1914	00000000	00000013	addi	x0,x0,0	  x0:0x00000000
       19165000	      1915	80000754	00000013	addi	x0,x0,0	  x0:0x00000000
       19175000	      1916	80000758	fcdff0ef	jal	x1,80000758	  x1=0x80000758
       19185000	      1917	00000000	00000013	addi	x0,x0,0	  x0:0x00000000
       19195000	      1918	80000720	00000013	addi	x0,x0,0	  x0:0x00000000
       19205000	      1919	80000724	fe5ff0ef	jal	x1,80000724	  x1=0x80000724
       19215000	      1920	00000000	00000013	addi	x0,x0,0	  x0:0x00000000
       19225000	      1921	80000704	00000013	addi	x0,x0,0	  x0:0x00000000
       19235000	      1922	80000708	048000ef	jal	x1,80000708	  x1=0x80000708
       19245000	      1923	00000000	00000013	addi	x0,x0,0	  x0:0x00000000
       19255000	      1924	8000074c	00000013	addi	x0,x0,0	  x0:0x00000000
       19265000	      1925	80000750	018009ef	jal	x19,80000750	 x19=0x80000750
       19275000	      1926	00000000	00000013	addi	x0,x0,0	  x0:0x00000000
       19285000	      1927	80000764	00000013	addi	x0,x0,0	  x0:0x00000000
       19295000	      1928	80000768	ffdff0ef	jal	x1,80000768	  x1=0x80000768
       19305000	      1929	00000000	00000013	addi	x0,x0,0	  x0:0x00000000
       19315000	      1930	80000760	00000013	addi	x0,x0,0	  x0:0x00000000
       19325000	      1931	80000764	fe9ffc6f	jal	x24,80000764	 x24=0x80000764
       19335000	      1932	00000000	00000013	addi	x0,x0,0	  x0:0x00000000
       19345000	      1933	80000748	00000013	addi	x0,x0,0	  x0:0x00000000
       19355000	      1934	8000074c	fc9fff6f	jal	x30,8000074c	 x30=0x8000074c
       19365000	      1935	00000000	00000013	addi	x0,x0,0	  x0:0x00000000
       19375000	      1936	80000710	00000013	addi	x0,x0,0	  x0:0x00000000
       19385000	      1937	80000714	020000ef	jal	x1,80000714	  x1=0x80000714
       19395000	      1938	00000000	00000013	addi	x0,x0,0	  x0:0x00000000
       19405000	      1939	80000730	00000013	addi	x0,x0,0	  x0:0x00000000
       19415000	      1940	80000734	014009ef	jal	x19,80000734	 x19=0x80000734
       19425000	      1941	00000000	00000013	addi	x0,x0,0	  x0:0x00000000
       19435000	      1942	80000744	00000013	addi	x0,x0,0	  x0:0x00000000
       19445000	      1943	80000748	fe5ff0ef	jal	x1,80000748	  x1=0x80000748
       19455000	      1944	00000000	00000013	addi	x0,x0,0	  x0:0x00000000
       19465000	      1945	80000728	00000013	addi	x0,x0,0	  x0:0x00000000
       19475000	      1946	8000072c	ff5ffbef	jal	x23,8000072c	 x23=0x8000072c
       19485000	      1947	00000000	00000013	addi	x0,x0,0	  x0:0x00000000
       19495000	      1948	8000071c	00000013	addi	x0,x0,0	  x0:0x00000000
       19505000	      1949	80000720	0100026f	jal	x4,80000720	  x4=0x80000720
       19515000	      1950	00000000	00000013	addi	x0,x0,0	  x0:0x00000000
       19525000	      1951	8000072c	00000013	addi	x0,x0,0	  x0:0x00000000
       19535000	      1952	80000730	fe9ff0ef	jal	x1,80000730	  x1=0x80000730
       19545000	      1953	00000000	00000013	addi	x0,x0,0	  x0:0x00000000
       19555000	      1954	80000714	00000013	addi	x0,x0,0	  x0:0x00000000
       19565000	      1955	80000718	fe9ff2ef	jal	x5,80000718	  x5=0x80000718
       19575000	      1956	00000000	00000013	addi	x0,x0,0	  x0:0x00000000
       19585000	      1957	800006fc	00000013	addi	x0,x0,0	  x0:0x00000000
       19595000	      1958	80000700	03c000ef	jal	x1,80000700	  x1=0x80000700
       19605000	      1959	00000000	00000013	addi	x0,x0,0	  x0:0x00000000
       19615000	      1960	80000738	00000013	addi	x0,x0,0	  x0:0x00000000
       19625000	      1961	8000073c	fd1ff0ef	jal	x1,8000073c	  x1=0x8000073c
       19635000	      1962	00000000	00000013	addi	x0,x0,0	  x0:0x00000000
       19645000	      1963	80000708	00000013	addi	x0,x0,0	  x0:0x00000000
       19655000	      1964	8000070c	0100096f	jal	x18,8000070c	 x18=0x8000070c
       19665000	      1965	00000000	00000013	addi	x0,x0,0	  x0:0x00000000
       19675000	      1966	80000718	00000013	addi	x0,x0,0	  x0:0x00000000
       19685000	      1967	8000071c	0240016f	jal	x2,8000071c	  x2=0x8000071c
       19695000	      1968	00000000	00000013	addi	x0,x0,0	  x0:0x00000000
       19705000	      1969	8000073c	00000013	addi	x0,x0,0	  x0:0x00000000
       19715000	      1970	80000740	02c000ef	jal	x1,80000740	  x1=0x80000740
       19725000	      1971	00000000	00000013	addi	x0,x0,0	  x0:0x00000000
       19735000	      1972	80000768	00000013	addi	x0,x0,0	  x0:0x00000000
       19745000	      1973	8000076c	61784693	xori	x13,x16,1559	 x16:0x80009f58 x13=0x8000994f
       19755000	      1974	80000770	0180036f	jal	x6,80000770	  x6=0x80000770
       19765000	      1975	00000000	00000013	addi	x0,x0,0	  x0:0x00000000
       19775000	      1976	80000784	00000013	addi	x0,x0,0	  x0:0x00000000
       19785000	      1977	80000788	038000ef	jal	x1,80000788	  x1=0x80000788
       19795000	      1978	00000000	00000013	addi	x0,x0,0	  x0:0x00000000
       19805000	      1979	800007bc	00000013	addi	x0,x0,0	  x0:0x00000000
       19815000	      1980	800007c0	fe5ff0ef	jal	x1,800007c0	  x1=0x800007c0
       19825000	      1981	00000000	00000013	addi	x0,x0,0	  x0:0x00000000
       19835000	      1982	800007a0	00000013	addi	x0,x0,0	  x0:0x00000000
       19845000	      1983	800007a4	010001ef	jal	x3,800007a4	  x3=0x800007a4
       19855000	      1984	00000000	00000013	addi	x0,x0,0	  x0:0x00000000
       19865000	      1985	800007b0	00000013	addi	x0,x0,0	  x0:0x00000000
       19875000	      1986	800007b4	fd1ff46f	jal	x8,800007b4	  x8=0x800007b4
       19885000	      1987	00000000	00000013	addi	x0,x0,0	  x0:0x00000000
       19895000	      1988	80000780	00000013	addi	x0,x0,0	  x0:0x00000000
       19905000	      1989	80000784	04c000ef	jal	x1,80000784	  x1=0x80000784
       19915000	      1990	00000000	00000013	addi	x0,x0,0	  x0:0x00000000
       19925000	      1991	800007cc	00000013	addi	x0,x0,0	  x0:0x00000000
       19935000	      1992	800007d0	fc5ff1ef	jal	x3,800007d0	  x3=0x800007d0
       19945000	      1993	00000000	00000013	addi	x0,x0,0	  x0:0x00000000
       19955000	      1994	80000790	00000013	addi	x0,x0,0	  x0:0x00000000
       19965000	      1995	80000794	004009ef	jal	x19,80000794	 x19=0x80000794
       19975000	      1996	00000000	00000013	addi	x0,x0,0	  x0:0x00000000
       19985000	      1997	80000794	00000013	addi	x0,x0,0	  x0:0x00000000
       19995000	      1998	80000798	fe1ffe6f	jal	x28,80000798	 x28=0x80000798
       20005000	      1999	00000000	00000013	addi	x0,x0,0	  x0:0x00000000
       20015000	      2000	80000774	00000013	addi	x0,x0,0	  x0:0x00000000
       20025000	      2001	80000778	0140036f	jal	x6,80000778	  x6=0x80000778
       20035000	      2002	00000000	00000013	addi	x0,x0,0	  x0:0x00000000
       20045000	      2003	80000788	00000013	addi	x0,x0,0	  x0:0x00000000
       20055000	      2004	8000078c	02c00bef	jal	x23,8000078c	 x23=0x8000078c
       20065000	      2005	00000000	00000013	addi	x0,x0,0	  x0:0x00000000
       20075000	      2006	800007b4	00000013	addi	x0,x0,0	  x0:0x00000000
       20085000	      2007	800007b8	fc9ff0ef	jal	x1,800007b8	  x1=0x800007b8
       20095000	      2008	00000000	00000013	addi	x0,x0,0	  x0:0x00000000
       20105000	      2009	8000077c	00000013	addi	x0,x0,0	  x0:0x00000000
       20115000	      2010	80000780	04400e6f	jal	x28,80000780	 x28=0x80000780
       20125000	      2011	00000000	00000013	addi	x0,x0,0	  x0:0x00000000
       20135000	      2012	800007c0	00000013	addi	x0,x0,0	  x0:0x00000000
       20145000	      2013	800007c4	ff9ff0ef	jal	x1,800007c4	  x1=0x800007c4
       20155000	      2014	00000000	00000013	addi	x0,x0,0	  x0:0x00000000
       20165000	      2015	800007b8	00000013	addi	x0,x0,0	  x0:0x00000000
       20175000	      2016	800007bc	fedff0ef	jal	x1,800007bc	  x1=0x800007bc
       20185000	      2017	00000000	00000013	addi	x0,x0,0	  x0:0x00000000
       20195000	      2018	800007a4	00000013	addi	x0,x0,0	  x0:0x00000000
       20205000	      2019	800007a8	008000ef	jal	x1,800007a8	  x1=0x800007a8
       20215000	      2020	00000000	00000013	addi	x0,x0,0	  x0:0x00000000
       20225000	      2021	800007ac	00000013	addi	x0,x0,0	  x0:0x00000000
       20235000	      2022	800007b0	01c0036f	jal	x6,800007b0	  x6=0x800007b0
       20245000	      2023	00000000	00000013	addi	x0,x0,0	  x0:0x00000000
       20255000	      2024	800007c8	00000013	addi	x0,x0,0	  x0:0x00000000
       20265000	      2025	800007cc	fd5ff76f	jal	x14,800007cc	 x14=0x800007cc
       20275000	      2026	00000000	00000013	addi	x0,x0,0	  x0:0x00000000
       20285000	      2027	8000079c	00000013	addi	x0,x0,0	  x0:0x00000000
       20295000	      2028	800007a0	ff1ff0ef	jal	x1,800007a0	  x1=0x800007a0
       20305000	      2029	00000000	00000013	addi	x0,x0,0	  x0:0x00000000
       20315000	      2030	8000078c	00000013	addi	x0,x0,0	  x0:0x00000000
       20325000	      2031	80000790	01c0036f	jal	x6,80000790	  x6=0x80000790
       20335000	      2032	00000000	00000013	addi	x0,x0,0	  x0:0x00000000
       20345000	      2033	800007a8	00000013	addi	x0,x0,0	  x0:0x00000000
       20355000	      2034	800007ac	ff1ff36f	jal	x6,800007ac	  x6=0x800007ac
       20365000	      2035	00000000	00000013	addi	x0,x0,0	  x0:0x00000000
       20375000	      2036	80000798	00000013	addi	x0,x0,0	  x0:0x00000000
       20385000	      2037	8000079c	02c0016f	jal	x2,8000079c	  x2=0x8000079c
       20395000	      2038	00000000	00000013	addi	x0,x0,0	  x0:0x00000000
       20405000	      2039	800007c4	00000013	addi	x0,x0,0	  x0:0x00000000
       20415000	      2040	800007c8	fadff16f	jal	x2,800007c8	  x2=0x800007c8
       20425000	      2041	00000000	00000013	addi	x0,x0,0	  x0:0x00000000
       20435000	      2042	80000770	00000013	addi	x0,x0,0	  x0:0x00000000
       20445000	      2043	80000774	008009ef	jal	x19,80000774	 x19=0x80000774
       20455000	      2044	00000000	00000013	addi	x0,x0,0	  x0:0x00000000
       20465000	      2045	80000778	00000013	addi	x0,x0,0	  x0:0x00000000
       20475000	      2046	8000077c	0580036f	jal	x6,8000077c	  x6=0x8000077c
       20485000	      2047	00000000	00000013	addi	x0,x0,0	  x0:0x00000000
       20495000	      2048	800007d0	00000013	addi	x0,x0,0	  x0:0x00000000
       20505000	      2049	800007d4	4146dcb3	sra	x25,x13,x20	 x13:0x8000994f x20:0x800004e0 x25=0x8000994f
       20515000	      2050	800007d8	0300036f	jal	x6,800007d8	  x6=0x800007d8
       20525000	      2051	00000000	00000013	addi	x0,x0,0	  x0:0x00000000
       20535000	      2052	80000804	00000013	addi	x0,x0,0	  x0:0x00000000
       20545000	      2053	80000808	fddff16f	jal	x2,80000808	  x2=0x80000808
       20555000	      2054	00000000	00000013	addi	x0,x0,0	  x0:0x00000000
       20565000	      2055	800007e0	00000013	addi	x0,x0,0	  x0:0x00000000
       20575000	      2056	800007e4	054000ef	jal	x1,800007e4	  x1=0x800007e4
       20585000	      2057	00000000	00000013	addi	x0,x0,0	  x0:0x00000000
       20595000	      2058	80000834	00000013	addi	x0,x0,0	  x0:0x00000000
       20605000	      2059	80000838	fb5ff0ef	jal	x1,80000838	  x1=0x80000838
       20615000	      2060	00000000	00000013	addi	x0,x0,0	  x0:0x00000000
       20625000	      2061	800007e8	00000013	addi	x0,x0,0	  x0:0x00000000
       20635000	      2062	800007ec	0300036f	jal	x6,800007ec	  x6=0x800007ec
       20645000	      2063	00000000	00000013	addi	x0,x0,0	  x0:0x00000000
       20655000	      2064	80000818	00000013	addi	x0,x0,0	  x0:0x00000000
       20665000	      2065	8000081c	ff1ffcef	jal	x25,8000081c	 x25=0x8000081c
       20675000	      2066	00000000	00000013	addi	x0,x0,0	  x0:0x00000000
       20685000	      2067	80000808	00000013	addi	x0,x0,0	  x0:0x00000000
       20695000	      2068	8000080c	fd1ff0ef	jal	x1,8000080c	  x1=0x8000080c
       20705000	      2069	00000000	00000013	addi	x0,x0,0	  x0:0x00000000
       20715000	      2070	800007d8	00000013	addi	x0,x0,0	  x0:0x00000000
       20725000	      2071	800007dc	044009ef	jal	x19,800007dc	 x19=0x800007dc
       20735000	      2072	00000000	00000013	addi	x0,x0,0	  x0:0x00000000
       20745000	      2073	8000081c	00000013	addi	x0,x0,0	  x0:0x00000000
       20755000	      2074	80000820	00c00bef	jal	x23,80000820	 x23=0x80000820
       20765000	      2075	00000000	00000013	addi	x0,x0,0	  x0:0x00000000
       20775000	      2076	80000828	00000013	addi	x0,x0,0	  x0:0x00000000
       20785000	      2077	8000082c	fb5ff36f	jal	x6,8000082c	  x6=0x8000082c
       20795000	      2078	00000000	00000013	addi	x0,x0,0	  x0:0x00000000
       20805000	      2079	800007dc	00000013	addi	x0,x0,0	  x0:0x00000000
       20815000	      2080	800007e0	050007ef	jal	x15,800007e0	 x15=0x800007e0
       20825000	      2081	00000000	00000013	addi	x0,x0,0	  x0:0x00000000
       20835000	      2082	8000082c	00000013	addi	x0,x0,0	  x0:0x00000000
       20845000	      2083	80000830	ff5ff0ef	jal	x1,80000830	  x1=0x80000830
       20855000	      2084	00000000	00000013	addi	x0,x0,0	  x0:0x00000000
       20865000	      2085	80000820	00000013	addi	x0,x0,0	  x0:0x00000000
       20875000	      2086	80000824	fcdff36f	jal	x6,80000824	  x6=0x80000824
       20885000	      2087	00000000	00000013	addi	x0,x0,0	  x0:0x00000000
       20895000	      2088	800007ec	00000013	addi	x0,x0,0	  x0:0x00000000
       20905000	      2089	800007f0	02800e6f	jal	x28,800007f0	 x28=0x800007f0
       20915000	      2090	00000000	00000013	addi	x0,x0,0	  x0:0x00000000
       20925000	      2091	80000814	00000013	addi	x0,x0,0	  x0:0x00000000
       20935000	      2092	80000818	0100036f	jal	x6,80000818	  x6=0x80000818
       20945000	      2093	00000000	00000013	addi	x0,x0,0	  x0:0x00000000
       20955000	      2094	80000824	00000013	addi	x0,x0,0	  x0:0x00000000
       20965000	      2095	80000828	fedff0ef	jal	x1,80000828	  x1=0x80000828
       20975000	      2096	00000000	00000013	addi	x0,x0,0	  x0:0x00000000
       20985000	      2097	80000810	00000013	addi	x0,x0,0	  x0:0x00000000
       20995000	      2098	80000814	0200036f	jal	x6,80000814	  x6=0x80000814
       21005000	      2099	00000000	00000013	addi	x0,x0,0	  x0:0x00000000
       21015000	      2100	80000830	00000013	addi	x0,x0,0	  x0:0x00000000
       21025000	      2101	80000834	fc5ff0ef	jal	x1,80000834	  x1=0x80000834
       21035000	      2102	00000000	00000013	addi	x0,x0,0	  x0:0x00000000
       21045000	      2103	800007f4	00000013	addi	x0,x0,0	  x0:0x00000000
       21055000	      2104	800007f8	008000ef	jal	x1,800007f8	  x1=0x800007f8
       21065000	      2105	00000000	00000013	addi	x0,x0,0	  x0:0x00000000
       21075000	      2106	800007fc	00000013	addi	x0,x0,0	  x0:0x00000000
       21085000	      2107	80000800	ff5fffef	jal	x31,80000800	 x31=0x80000800
       21095000	      2108	00000000	00000013	addi	x0,x0,0	  x0:0x00000000
       21105000	      2109	800007f0	00000013	addi	x0,x0,0	  x0:0x00000000
       21115000	      2110	800007f4	ff5ff26f	jal	x4,800007f4	  x4=0x800007f4
       21125000	      2111	00000000	00000013	addi	x0,x0,0	  x0:0x00000000
       21135000	      2112	800007e4	00000013	addi	x0,x0,0	  x0:0x00000000
       21145000	      2113	800007e8	014000ef	jal	x1,800007e8	  x1=0x800007e8
       21155000	      2114	00000000	00000013	addi	x0,x0,0	  x0:0x00000000
       21165000	      2115	800007f8	00000013	addi	x0,x0,0	  x0:0x00000000
       21175000	      2116	800007fc	0140036f	jal	x6,800007fc	  x6=0x800007fc
       21185000	      2117	00000000	00000013	addi	x0,x0,0	  x0:0x00000000
       21195000	      2118	8000080c	00000013	addi	x0,x0,0	  x0:0x00000000
       21205000	      2119	80000810	ff5ff36f	jal	x6,80000810	  x6=0x80000810
       21215000	      2120	00000000	00000013	addi	x0,x0,0	  x0:0x00000000
       21225000	      2121	80000800	00000013	addi	x0,x0,0	  x0:0x00000000
       21235000	      2122	80000804	038000ef	jal	x1,80000804	  x1=0x80000804
       21245000	      2123	00000000	00000013	addi	x0,x0,0	  x0:0x00000000
       21255000	      2124	80000838	00000013	addi	x0,x0,0	  x0:0x00000000
       21265000	      2125	8000083c	cc1e5d97	auipc	x27,0xcc1e5	 x27=0x4c1e5838
       21275000	      2126	80000840	19e67193	andi	x3,x12,414	 x12:0x800006b4  x3=0x00000094
       21285000	      2127	80000844	015517b3	sll	x15,x10,x21	 x10:0x800006dc x21:0x80000754 x15=0x6dc00000
       21295000	      2128	80000848	414dd013	srai	x0,x27,0x14	 x27:0x4c1e5838
       21305000	      2129	8000084c	6ba71437	lui	x8,0x6ba71	  x8=0x6ba71000
       21315000	      2130	80000850	01a64bb3	xor	x23,x12,x26	 x12:0x800006b4 x26:0x800004d4 x23=0x00000260
       21325000	      2131	80000854	0169b6b3	sltu	x13,x19,x22	 x19:0x800007dc x22:0x80009fc4 x13=0x00000001
       21335000	      2132	80000858	01fdbf33	sltu	x30,x27,x31	 x27:0x4c1e5838 x31:0x80000800 x30=0x00000001
       21345000	      2133	8000085c	9d2dd9b7	lui	x19,0x9d2dd	 x19=0x9d2dd000
       21355000	      2134	80000860	e9eb8713	addi	x14,x23,-354	 x23:0x00000260 x14=0x000000fe
       21365000	      2135	80000864	40765db3	sra	x27,x12,x7	 x12:0x800006b4  x7:0x80000654 x27=0xfffff800
       21375000	      2136	80000868	0190e3b3	or	x7,x1,x25	  x1:0x80000804 x25:0x8000081c  x7=0x8000081c
       21385000	      2137	8000086c	01374663	blt	x14,x19,80000878	 x14:0x000000fe x19:0x9d2dd000
       21395000	      2138	80000870	010fd0b3	srl	x1,x31,x16	 x31:0x80000800 x16:0x80009f58  x1=0x00000080
       21405000	      2139	80000874	954d2993	slti	x19,x26,-1708	 x26:0x800004d4 x19=0x00000001
       21415000	      2140	80000878	01ebde63	bge	x23,x30,80000894	 x23:0x00000260 x30:0x00000001
       21425000	      2141	00000000	00000013	addi	x0,x0,0	  x0:0x00000000
       21435000	      2142	80000890	00000013	addi	x0,x0,0	  x0:0x00000000
       21445000	      2143	80000894	400f5933	sra	x18,x30,x0	 x30:0x00000001  x0:0x00000000 x18=0x00000001
       21455000	      2144	80000898	ece2a713	slti	x14,x5,-306	  x5:0x80000718 x14=0x00000001
       21465000	      2145	8000089c	0074f0b3	and	x1,x9,x7	  x9:0x80000550  x7:0x8000081c  x1=0x80000010
       21475000	      2146	800008a0	01226c63	bltu	x4,x18,800008b8	  x4:0x800007f4 x18:0x00000001
       21485000	      2147	800008a4	00505993	srli	x19,x0,0x5	  x0:0x00000000 x19=0x00000000
       21495000	      2148	800008a8	00000013	addi	x0,x0,0	  x0:0x00000000
       21505000	      2149	800008ac	4015d913	srai	x18,x11,0x1	 x11:0x800006e4 x18=0xc0000372
       21515000	      2150	800008b0	01100533	add	x10,x0,x17	  x0:0x00000000 x17:0xea5fe4e8 x10=0xea5fe4e8
       21525000	      2151	800008b4	00a92333	slt	x6,x18,x10	 x18:0xc0000372 x10:0xea5fe4e8  x6=0x00000001
       21535000	      2152	800008b8	01b12133	slt	x2,x2,x27	  x2:0x80000808 x27:0xfffff800  x2=0x00000001
       21545000	      2153	800008bc	00e9a0b3	slt	x1,x19,x14	 x19:0x00000000 x14:0x00000001  x1=0x00000001
       21555000	      2154	800008c0	419f57b3	sra	x15,x30,x25	 x30:0x00000001 x25:0x8000081c x15=0x00000000
       21565000	      2155	800008c4	00431433	sll	x8,x6,x4	  x6:0x00000001  x4:0x800007f4  x8=0x00100000
       21575000	      2156	800008c8	01a502b3	add	x5,x10,x26	 x10:0xea5fe4e8 x26:0x800004d4  x5=0x6a5fe9bc
       21585000	      2157	800008cc	3f8fc713	xori	x14,x31,1016	 x31:0x80000800 x14=0x80000bf8
       21595000	      2158	800008d0	004dd263	bge	x27,x4,800008d4	 x27:0xfffff800  x4:0x800007f4
       21605000	      2159	00000000	00000013	addi	x0,x0,0	  x0:0x00000000
       21615000	      2160	800008d0	00000013	addi	x0,x0,0	  x0:0x00000000
       21625000	      2161	800008d4	01628d33	add	x26,x5,x22	  x5:0x6a5fe9bc x22:0x80009fc4 x26=0xea608980
       21635000	      2162	800008d8	00b3fbb3	and	x23,x7,x11	  x7:0x8000081c x11:0x800006e4 x23=0x80000004
       21645000	      2163	800008dc	03079063	bne	x15,x16,800008fc	 x15:0x00000000 x16:0x80009f58
       21655000	      2164	00000000	00000013	addi	x0,x0,0	  x0:0x00000000
       21665000	      2165	800008f8	00000013	addi	x0,x0,0	  x0:0x00000000
       21675000	      2166	800008fc	41cf0133	sub	x2,x30,x28	 x30:0x00000001 x28:0x800007f0  x2=0x7ffff811
       21685000	      2167	80000900	6ec17013	andi	x0,x2,1772	  x2:0x7ffff811
       21695000	      2168	80000904	00669933	sll	x18,x13,x6	 x13:0x00000001  x6:0x00000001 x18=0x00000002
       21705000	      2169	80000908	5a3c8893	addi	x17,x25,1443	 x25:0x8000081c x17=0x80000dbf
       21715000	      2170	8000090c	01918263	beq	x3,x25,80000910	  x3:0x00000094 x25:0x8000081c
       21725000	      2171	80000910	022f6863	bltu	x30,x2,80000940	 x30:0x00000001  x2:0x7ffff811
       21735000	      2172	00000000	00000013	addi	x0,x0,0	  x0:0x00000000
       21745000	      2173	8000093c	00000013	addi	x0,x0,0	  x0:0x00000000
       21755000	      2174	80000940	41a906b3	sub	x13,x18,x26	 x18:0x00000002 x26:0xea608980 x13=0x159f7682
       21765000	      2175	80000944	b4288193	addi	x3,x17,-1214	 x17:0x80000dbf  x3=0x80000901
       21775000	      2176	80000948	1ecbce13	xori	x28,x23,492	 x23:0x80000004 x28=0x800001e8
       21785000	      2177	8000094c	03516063	bltu	x2,x21,8000096c	  x2:0x7ffff811 x21:0x80000754
       21795000	      2178	00000000	00000013	addi	x0,x0,0	  x0:0x00000000
       21805000	      2179	80000968	00000013	addi	x0,x0,0	  x0:0x00000000
       21815000	      2180	8000096c	416ade13	srai	x28,x21,0x16	 x21:0x80000754 x28=0xfffffe00
       21825000	      2181	80000970	402386b3	sub	x13,x7,x2	  x7:0x8000081c  x2:0x7ffff811 x13=0x0000100b
       21835000	      2182	80000974	00dcd713	srli	x14,x25,0xd	 x25:0x8000081c x14=0x00040000
       21845000	      2183	80000978	c6db2393	slti	x7,x22,-915	 x22:0x80009fc4  x7=0x00000001
       21855000	      2184	8000097c	513ab313	sltiu	x6,x21,1299	 x21:0x80000754  x6=0x00000000
       21865000	      2185	80000980	66ccc413	xori	x8,x25,1644	 x25:0x8000081c  x8=0x80000e70
       21875000	      2186	80000984	00ddc533	xor	x10,x27,x13	 x27:0xfffff800 x13:0x0000100b x10=0xffffe80b
       21885000	      2187	80000988	002ede63	bge	x29,x2,800009a4	 x29:0x00000000  x2:0x7ffff811
       21895000	      2188	8000098c	00da5013	srli	x0,x20,0xd	 x20:0x800004e0
       21905000	      2189	80000990	01a55513	srli	x10,x10,0x1a	 x10:0xffffe80b x10=0x0000003f
       21915000	      2190	80000994	b41aed17	auipc	x26,0xb41ae	 x26=0x341ae990
       21925000	      2191	80000998	403f54b3	sra	x9,x30,x3	 x30:0x00000001  x3:0x80000901  x9=0x00000000
       21935000	      2192	8000099c	00cb6fb3	or	x31,x22,x12	 x22:0x80009fc4 x12:0x800006b4 x31=0x80009ff4
       21945000	      2193	800009a0	007684b3	add	x9,x13,x7	 x13:0x0000100b  x7:0x00000001  x9=0x0000100c
       21955000	      2194	800009a4	00351913	slli	x18,x10,0x3	 x10:0x0000003f x18=0x000001f8
       21965000	      2195	800009a8	004fb033	sltu	x0,x31,x4	 x31:0x80009ff4  x4:0x800007f4
       21975000	      2196	800009ac	01dd8263	beq	x27,x29,800009b0	 x27:0xfffff800 x29:0x00000000
       21985000	      2197	800009b0	e07870b7	lui	x1,0xe0787	  x1=0xe0787000
       21995000	      2198	800009b4	038ec263	blt	x29,x24,800009d8	 x29:0x00000000 x24:0x80000764
       22005000	      2199	800009b8	69e2e713	ori	x14,x5,1694	  x5:0x6a5fe9bc x14=0x6a5fefbe
       22015000	      2200	800009bc	4044d893	srai	x17,x9,0x4	  x9:0x0000100c x17=0x00000100
       22025000	      2201	800009c0	0141ce63	blt	x3,x20,800009dc	  x3:0x80000901 x20:0x800004e0
       22035000	      2202	800009c4	dace9917	auipc	x18,0xdace9	 x18=0x5ace99c0
       22045000	      2203	800009c8	01cc9333	sll	x6,x25,x28	 x25:0x8000081c x28:0xfffffe00  x6=0x8000081c
       22055000	      2204	800009cc	01dae433	or	x8,x21,x29	 x21:0x80000754 x29:0x00000000  x8=0x80000754
       22065000	      2205	800009d0	02fd4463	blt	x26,x15,800009f8	 x26:0x341ae990 x15:0x00000000
       22075000	      2206	800009d4	018e1233	sll	x4,x28,x24	 x28:0xfffffe00 x24:0x80000764  x4=0xffffe000
       22085000	      2207	800009d8	6642e593	ori	x11,x5,1636	  x5:0x6a5fe9bc x11=0x6a5feffc
       22095000	      2208	800009dc	04ea0463	beq	x20,x14,80000a24	 x20:0x800004e0 x14:0x6a5fefbe
       22105000	      2209	800009e0	00000013	addi	x0,x0,0	  x0:0x00000000
       22115000	      2210	800009e4	00c91993	slli	x19,x18,0xc	 x18:0x5ace99c0 x19=0xe99c0000
       22125000	      2211	800009e8	03655e63	bge	x10,x22,80000a24	 x10:0x0000003f x22:0x80009fc4
       22135000	      2212	00000000	00000013	addi	x0,x0,0	  x0:0x00000000
       22145000	      2213	80000a20	00000013	addi	x0,x0,0	  x0:0x00000000
       22155000	      2214	80000a24	01d0f8b3	and	x17,x1,x29	  x1:0xe0787000 x29:0x00000000 x17=0x00000000
       22165000	      2215	80000a28	01acfab3	and	x21,x25,x26	 x25:0x8000081c x26:0x341ae990 x21=0x00000810
       22175000	      2216	80000a2c	0115d333	srl	x6,x11,x17	 x11:0x6a5feffc x17:0x00000000  x6=0x6a5feffc
       22185000	      2217	80000a30	b9973a17	auipc	x20,0xb9973	 x20=0x39973a2c
       22195000	      2218	80000a34	002fdd13	srli	x26,x31,0x2	 x31:0x80009ff4 x26=0x200027fd
       22205000	      2219	80000a38	007b34b3	sltu	x9,x22,x7	 x22:0x80009fc4  x7:0x00000001  x9=0x00000000
       22215000	      2220	80000a3c	004fe0b3	or	x1,x31,x4	 x31:0x80009ff4  x4:0xffffe000  x1=0xfffffff4
       22225000	      2221	80000a40	05b58063	beq	x11,x27,80000a80	 x11:0x6a5feffc x27:0xfffff800
       22235000	      2222	80000a44	01e01113	slli	x2,x0,0x1e	  x0:0x00000000  x2=0x00000000
       22245000	      2223	80000a48	305b0593	addi	x11,x22,773	 x22:0x80009fc4 x11=0x8000a2c9
       22255000	      2224	80000a4c	01a6da93	srli	x21,x13,0x1a	 x13:0x0000100b x21=0x00000000
       22265000	      2225	80000a50	00d6ce63	blt	x13,x13,80000a6c	 x13:0x0000100b x13:0x0000100b
       22275000	      2226	80000a54	7de76913	ori	x18,x14,2014	 x14:0x6a5fefbe x18=0x6a5feffe
       22285000	      2227	80000a58	00a81a33	sll	x20,x16,x10	 x16:0x80009f58 x10:0x0000003f x20=0x00000000
       22295000	      2228	80000a5c	02027263	bgeu	x4,x0,80000a80	  x4:0xffffe000  x0:0x00000000
       22305000	      2229	00000000	00000013	addi	x0,x0,0	  x0:0x00000000
       22315000	      2230	80000a7c	00000013	addi	x0,x0,0	  x0:0x00000000
       22325000	      2231	80000a80	00262a33	slt	x20,x12,x2	 x12:0x800006b4  x2:0x00000000 x20=0x00000001
       22335000	      2232	80000a84	435fef13	ori	x30,x31,1077	 x31:0x80009ff4 x30=0x80009ff5
       22345000	      2233	80000a88	01765793	srli	x15,x12,0x17	 x12:0x800006b4 x15=0x00000100
       22355000	      2234	80000a8c	022a4463	blt	x20,x2,80000ab4	 x20:0x00000001  x2:0x00000000
       22365000	      2235	80000a90	a5cfbe13	sltiu	x28,x31,-1444	 x31:0x80009ff4 x28=0x00000001
       22375000	      2236	80000a94	74182437	lui	x8,0x74182	  x8=0x74182000
       22385000	      2237	80000a98	7a771fb7	lui	x31,0x7a771	 x31=0x7a771000
       22395000	      2238	80000a9c	017c5633	srl	x12,x24,x23	 x24:0x80000764 x23:0x80000004 x12=0x08000076
       22405000	      2239	80000aa0	001bcfb3	xor	x31,x23,x1	 x23:0x80000004  x1:0xfffffff4 x31=0x7ffffff0
       22415000	      2240	80000aa4	01822f33	slt	x30,x4,x24	  x4:0xffffe000 x24:0x80000764 x30=0x00000000
       22425000	      2241	80000aa8	04be1997	auipc	x19,0x4be1	 x19=0x84be1aa4
       22435000	      2242	80000aac	0124bab3	sltu	x21,x9,x18	  x9:0x00000000 x18:0x6a5feffe x21=0x00000001
       22445000	      2243	80000ab0	0507c263	blt	x15,x16,80000af4	 x15:0x00000100 x16:0x80009f58
       22455000	      2244	80000ab4	54fcb613	sltiu	x12,x25,1359	 x25:0x8000081c x12=0x00000000
       22465000	      2245	80000ab8	b787bc13	sltiu	x24,x15,-1160	 x15:0x00000100 x24=0x00000001
       22475000	      2246	80000abc	01a371b3	and	x3,x6,x26	  x6:0x6a5feffc x26:0x200027fd  x3=0x200027fc
       22485000	      2247	80000ac0	5d06a493	slti	x9,x13,1488	 x13:0x0000100b  x9=0x00000000
       22495000	      2248	80000ac4	00b37a63	bgeu	x6,x11,80000ad8	  x6:0x6a5feffc x11:0x8000a2c9
       22505000	      2249	80000ac8	b52cf713	andi	x14,x25,-1198	 x25:0x8000081c x14=0x80000810
       22515000	      2250	80000acc	01873f33	sltu	x30,x14,x24	 x14:0x80000810 x24:0x00000001 x30=0x00000000
       22525000	      2251	80000ad0	017762b3	or	x5,x14,x23	 x14:0x80000810 x23:0x80000004  x5=0x80000814
       22535000	      2252	80000ad4	412450b3	sra	x1,x8,x18	  x8:0x74182000 x18:0x6a5feffe  x1=0x00000001
       22545000	      2253	80000ad8	00a3abb3	slt	x23,x7,x10	  x7:0x00000001 x10:0x0000003f x23=0x00000001
       22555000	      2254	80000adc	00000013	addi	x0,x0,0	  x0:0x00000000
       22565000	      2255	80000ae0	67fbcf93	xori	x31,x23,1663	 x23:0x00000001 x31=0x0000067e
       22575000	      2256	80000ae4	402282b3	sub	x5,x5,x2	  x5:0x80000814  x2:0x00000000  x5=0x80000814
       22585000	      2257	80000ae8	b5edf493	andi	x9,x27,-1186	 x27:0xfffff800  x9=0xfffff800
       22595000	      2258	80000aec	41b55bb3	sra	x23,x10,x27	 x10:0x0000003f x27:0xfffff800 x23=0x0000003f
       22605000	      2259	80000af0	008a7233	and	x4,x20,x8	 x20:0x00000001  x8:0x74182000  x4=0x00000000
       22615000	      2260	80000af4	60b83f13	sltiu	x30,x16,1547	 x16:0x80009f58 x30=0x00000000
       22625000	      2261	80000af8	f8aeb113	sltiu	x2,x29,-118	 x29:0x00000000  x2=0x00000001
       22635000	      2262	80000afc	01705693	srli	x13,x0,0x17	  x0:0x00000000 x13=0x00000000
       22645000	      2263	80000b00	01145a13	srli	x20,x8,0x11	  x8:0x74182000 x20=0x00003a0c
       22655000	      2264	80000b04	02be8463	beq	x29,x11,80000b2c	 x29:0x00000000 x11:0x8000a2c9
       22665000	      2265	80000b08	01546263	bltu	x8,x21,80000b0c	  x8:0x74182000 x21:0x00000001
       22675000	      2266	80000b0c	d3363593	sltiu	x11,x12,-717	 x12:0x00000000 x11=0x00000001
       22685000	      2267	80000b10	0071f5b3	and	x11,x3,x7	  x3:0x200027fc  x7:0x00000001 x11=0x00000000
       22695000	      2268	80000b14	36dec113	xori	x2,x29,877	 x29:0x00000000  x2=0x0000036d
       22705000	      2269	80000b18	40f7d333	sra	x6,x15,x15	 x15:0x00000100 x15:0x00000100  x6=0x00000100
       22715000	      2270	80000b1c	00461263	bne	x12,x4,80000b20	 x12:0x00000000  x4:0x00000000
       22725000	      2271	80000b20	04504063	blt	x0,x5,80000b60	  x0:0x00000000  x5:0x80000814
       22735000	      2272	80000b24	01339333	sll	x6,x7,x19	  x7:0x00000001 x19:0x84be1aa4  x6=0x00000010
       22745000	      2273	80000b28	00c75d13	srli	x26,x14,0xc	 x14:0x80000810 x26=0x00080000
       22755000	      2274	80000b2c	005ab433	sltu	x8,x21,x5	 x21:0x00000001  x5:0x80000814  x8=0x00000001
       22765000	      2275	80000b30	0070d7b3	srl	x15,x1,x7	  x1:0x00000001  x7:0x00000001 x15=0x00000000
       22775000	      2276	80000b34	010bf933	and	x18,x23,x16	 x23:0x0000003f x16:0x80009f58 x18=0x00000018
       22785000	      2277	80000b38	38d03093	sltiu	x1,x0,909	  x0:0x00000000  x1=0x00000001
       22795000	      2278	80000b3c	006a0233	add	x4,x20,x6	 x20:0x00003a0c  x6:0x00000010  x4=0x00003a1c
       22805000	      2279	80000b40	3bcfe893	ori	x17,x31,956	 x31:0x0000067e x17=0x000007fe
       22815000	      2280	80000b44	cf6fa313	slti	x6,x31,-778	 x31:0x0000067e  x6=0x00000000
       22825000	      2281	80000b48	02ff9e63	bne	x31,x15,80000b84	 x31:0x0000067e x15:0x00000000
       22835000	      2282	00000000	00000013	addi	x0,x0,0	  x0:0x00000000
       22845000	      2283	80000b80	00000013	addi	x0,x0,0	  x0:0x00000000
       22855000	      2284	80000b84	408083b3	sub	x7,x1,x8	  x1:0x00000001  x8:0x00000001  x7=0x00000000
       22865000	      2285	80000b88	01a659b3	srl	x19,x12,x26	 x12:0x00000000 x26:0x00080000 x19=0x00000000
       22875000	      2286	80000b8c	03b09863	bne	x1,x27,80000bbc	  x1:0x00000001 x27:0xfffff800
       22885000	      2287	00000000	00000013	addi	x0,x0,0	  x0:0x00000000
       22895000	      2288	80000bb8	00000013	addi	x0,x0,0	  x0:0x00000000
       22905000	      2289	80000bbc	00000013	addi	x0,x0,0	  x0:0x00000000
       22915000	      2290	80000bc0	01f5ee33	or	x28,x11,x31	 x11:0x00000000 x31:0x0000067e x28=0x0000067e
       22925000	      2291	80000bc4	314fb913	sltiu	x18,x31,788	 x31:0x0000067e x18=0x00000000
       22935000	      2292	80000bc8	030b4c63	blt	x22,x16,80000c00	 x22:0x80009fc4 x16:0x80009f58
       22945000	      2293	80000bcc	01238e63	beq	x7,x18,80000be8	  x7:0x00000000 x18:0x00000000
       22955000	      2294	00000000	00000013	addi	x0,x0,0	  x0:0x00000000
       22965000	      2295	80000be4	00000013	addi	x0,x0,0	  x0:0x00000000
       22975000	      2296	80000be8	00000013	addi	x0,x0,0	  x0:0x00000000
       22985000	      2297	80000bec	a0a0dc17	auipc	x24,0xa0a0d	 x24=0x20a0dbe8
       22995000	      2298	80000bf0	05bc8863	beq	x25,x27,80000c40	 x25:0x8000081c x27:0xfffff800
       23005000	      2299	80000bf4	00279733	sll	x14,x15,x2	 x15:0x00000000  x2:0x0000036d x14=0x00000000
       23015000	      2300	80000bf8	033d9063	bne	x27,x19,80000c18	 x27:0xfffff800 x19:0x00000000
       23025000	      2301	00000000	00000013	addi	x0,x0,0	  x0:0x00000000
       23035000	      2302	80000c14	00000013	addi	x0,x0,0	  x0:0x00000000
       23045000	      2303	80000c18	01cdea33	or	x20,x27,x28	 x27:0xfffff800 x28:0x0000067e x20=0xfffffe7e
       23055000	      2304	80000c1c	410251b3	sra	x3,x4,x16	  x4:0x00003a1c x16:0x80009f58  x3=0x00000000
       23065000	      2305	80000c20	004d6933	or	x18,x26,x4	 x26:0x00080000  x4:0x00003a1c x18=0x00083a1c
       23075000	      2306	80000c24	00ce1033	sll	x0,x28,x12	 x28:0x0000067e x12:0x00000000
       23085000	      2307	80000c28	3cfa7313	andi	x6,x20,975	 x20:0xfffffe7e  x6=0x0000024e
       23095000	      2308	80000c2c	7ff08793	addi	x15,x1,2047	  x1:0x00000001 x15=0x00000800
       23105000	      2309	80000c30	02f58063	beq	x11,x15,80000c50	 x11:0x00000000 x15:0x00000800
       23115000	      2310	80000c34	00000013	addi	x0,x0,0	  x0:0x00000000
       23125000	      2311	80000c38	95d9ee13	ori	x28,x19,-1699	 x19:0x00000000 x28=0xfffff95d
       23135000	      2312	80000c3c	416cd0b3	sra	x1,x25,x22	 x25:0x8000081c x22:0x80009fc4  x1=0xf8000081
       23145000	      2313	80000c40	01b8d113	srli	x2,x17,0x1b	 x17:0x000007fe  x2=0x00000000
       23155000	      2314	80000c44	00000013	addi	x0,x0,0	  x0:0x00000000
       23165000	      2315	80000c48	0011f133	and	x2,x3,x1	  x3:0x00000000  x1:0xf8000081  x2=0x00000000
       23175000	      2316	80000c4c	01e015b3	sll	x11,x0,x30	  x0:0x00000000 x30:0x00000000 x11=0x00000000
       23185000	      2317	80000c50	01999db3	sll	x27,x19,x25	 x19:0x00000000 x25:0x8000081c x27=0x00000000
       23195000	      2318	80000c54	01d0f663	bgeu	x1,x29,80000c60	  x1:0xf8000081 x29:0x00000000
       23205000	      2319	00000000	00000013	addi	x0,x0,0	  x0:0x00000000
       23215000	      2320	80000c5c	00000013	addi	x0,x0,0	  x0:0x00000000
       23225000	      2321	80000c60	4166d3b3	sra	x7,x13,x22	 x13:0x00000000 x22:0x80009fc4  x7=0x00000000
       23235000	      2322	80000c64	03c80263	beq	x16,x28,80000c88	 x16:0x80009f58 x28:0xfffff95d
       23245000	      2323	80000c68	002fd263	bge	x31,x2,80000c6c	 x31:0x0000067e  x2:0x00000000
       23255000	      2324	00000000	00000013	addi	x0,x0,0	  x0:0x00000000
       23265000	      2325	80000c68	00000013	addi	x0,x0,0	  x0:0x00000000
       23275000	      2326	80000c6c	016c0663	beq	x24,x22,80000c78	 x24:0x20a0dbe8 x22:0x80009fc4
       23285000	      2327	80000c70	02e86063	bltu	x16,x14,80000c90	 x16:0x80009f58 x14:0x00000000
       23295000	      2328	80000c74	00000013	addi	x0,x0,0	  x0:0x00000000
       23305000	      2329	80000c78	01562733	slt	x14,x12,x21	 x12:0x00000000 x21:0x00000001 x14=0x00000001
       23315000	      2330	80000c7c	415edbb3	sra	x23,x29,x21	 x29:0x00000000 x21:0x00000001 x23=0x00000000
       23325000	      2331	80000c80	01ea6e63	bltu	x20,x30,80000c9c	 x20:0xfffffe7e x30:0x00000000
       23335000	      2332	80000c84	00da2533	slt	x10,x20,x13	 x20:0xfffffe7e x13:0x00000000 x10=0x00000001
       23345000	      2333	80000c88	f1038413	addi	x8,x7,-240	  x7:0x00000000  x8=0xffffff10
       23355000	      2334	80000c8c	011bd933	srl	x18,x23,x17	 x23:0x00000000 x17:0x000007fe x18=0x00000000
       23365000	      2335	80000c90	881e2c97	auipc	x25,0x881e2	 x25=0x081e2c8c
       23375000	      2336	80000c94	00000013	addi	x0,x0,0	  x0:0x00000000
       23385000	      2337	80000c98	0184fe33	and	x28,x9,x24	  x9:0xfffff800 x24:0x20a0dbe8 x28=0x20a0d800
       23395000	      2338	80000c9c	52c82993	slti	x19,x16,1324	 x16:0x80009f58 x19=0x00000001
       23405000	      2339	80000ca0	1142cc13	xori	x24,x5,276	  x5:0x80000814 x24=0x80000900
       23415000	      2340	80000ca4	00c082b3	add	x5,x1,x12	  x1:0xf8000081 x12:0x00000000  x5=0xf8000081
       23425000	      2341	80000ca8	404c5cb3	sra	x25,x24,x4	 x24:0x80000900  x4:0x00003a1c x25=0xfffffff8
       23435000	      2342	80000cac	414c5513	srai	x10,x24,0x14	 x24:0x80000900 x10=0xfffff800
       23445000	      2343	80000cb0	00d51cb3	sll	x25,x10,x13	 x10:0xfffff800 x13:0x00000000 x25=0xfffff800
       23455000	      2344	80000cb4	02719263	bne	x3,x7,80000cd8	  x3:0x00000000  x7:0x00000000
       23465000	      2345	80000cb8	6804cc93	xori	x25,x9,1664	  x9:0xfffff800 x25=0xfffffe80
       23475000	      2346	80000cbc	acb8ec13	ori	x24,x17,-1333	 x17:0x000007fe x24=0xffffffff
       23485000	      2347	80000cc0	01e5b333	sltu	x6,x11,x30	 x11:0x00000000 x30:0x00000000  x6=0x00000000
       23495000	      2348	80000cc4	41e73793	sltiu	x15,x14,1054	 x14:0x00000001 x15=0x00000001
       23505000	      2349	80000cc8	011c4c33	xor	x24,x24,x17	 x24:0xffffffff x17:0x000007fe x24=0xfffff801
       23515000	      2350	80000ccc	44186713	ori	x14,x16,1089	 x16:0x80009f58 x14=0x80009f59
       23525000	      2351	80000cd0	4d48a613	slti	x12,x17,1236	 x17:0x000007fe x12=0x00000000
       23535000	      2352	80000cd4	01ae9493	slli	x9,x29,0x1a	 x29:0x00000000  x9=0x00000000
       23545000	      2353	80000cd8	009bfc63	bgeu	x23,x9,80000cf0	 x23:0x00000000  x9:0x00000000
       23555000	      2354	00000000	00000013	addi	x0,x0,0	  x0:0x00000000
       23565000	      2355	80000cec	00000013	addi	x0,x0,0	  x0:0x00000000
       23575000	      2356	80000cf0	3d24e513	ori	x10,x9,978	  x9:0x00000000 x10=0x000003d2
       23585000	      2357	80000cf4	00fb9693	slli	x13,x23,0xf	 x23:0x00000000 x13=0x00000000
       23595000	      2358	80000cf8	39efc293	xori	x5,x31,926	 x31:0x0000067e  x5=0x000005e0
       23605000	      2359	80000cfc	00ee9213	slli	x4,x29,0xe	 x29:0x00000000  x4=0x00000000
       23615000	      2360	80000d00	408258b3	sra	x17,x4,x8	  x4:0x00000000  x8:0xffffff10 x17=0x00000000
       23625000	      2361	80000d04	021b4063	blt	x22,x1,80000d24	 x22:0x80009fc4  x1:0xf8000081
       23635000	      2362	00000000	00000013	addi	x0,x0,0	  x0:0x00000000
       23645000	      2363	80000d20	00000013	addi	x0,x0,0	  x0:0x00000000
       23655000	      2364	80000d24	40fdd1b3	sra	x3,x27,x15	 x27:0x00000000 x15:0x00000001  x3=0x00000000
       23665000	      2365	80000d28	86948f13	addi	x30,x9,-1943	  x9:0x00000000 x30=0xfffff869
       23675000	      2366	80000d2c	011c4cb3	xor	x25,x24,x17	 x24:0xfffff801 x17:0x00000000 x25=0xfffff801
       23685000	      2367	80000d30	00220e63	beq	x4,x2,80000d4c	  x4:0x00000000  x2:0x00000000
       23695000	      2368	00000000	00000013	addi	x0,x0,0	  x0:0x00000000
       23705000	      2369	80000d48	00000013	addi	x0,x0,0	  x0:0x00000000
       23715000	      2370	80000d4c	0036f8b3	and	x17,x13,x3	 x13:0x00000000  x3:0x00000000 x17=0x00000000
       23725000	      2371	80000d50	00011a93	slli	x21,x2,0x0	  x2:0x00000000 x21=0x00000000
       23735000	      2372	80000d54	1f11fc93	andi	x25,x3,497	  x3:0x00000000 x25=0x00000000
       23745000	      2373	80000d58	00d97e33	and	x28,x18,x13	 x18:0x00000000 x13:0x00000000 x28=0x00000000
       23755000	      2374	80000d5c	f7c98017	auipc	x0,0xf7c98	
       23765000	      2375	80000d60	00fcf263	bgeu	x25,x15,80000d64	 x25:0x00000000 x15:0x00000001
       23775000	      2376	80000d64	03305e63	bge	x0,x19,80000da0	  x0:0x00000000 x19:0x00000001
       23785000	      2377	80000d68	007e5293	srli	x5,x28,0x7	 x28:0x00000000  x5=0x00000000
       23795000	      2378	80000d6c	01975493	srli	x9,x14,0x19	 x14:0x80009f59  x9=0x00000040
       23805000	      2379	80000d70	fa10c113	xori	x2,x1,-95	  x1:0xf8000081  x2=0x07ffff20
       23815000	      2380	80000d74	033a6263	bltu	x20,x19,80000d98	 x20:0xfffffe7e x19:0x00000001
       23825000	      2381	80000d78	06579e63	bne	x15,x5,80000df4	 x15:0x00000001  x5:0x00000000
       23835000	      2382	00000000	00000013	addi	x0,x0,0	  x0:0x00000000
       23845000	      2383	80000df0	00000013	addi	x0,x0,0	  x0:0x00000000
       23855000	      2384	80000df4	3cbb4a13	xori	x20,x22,971	 x22:0x80009fc4 x20=0x80009c0f
       23865000	      2385	80000df8	f5c23193	sltiu	x3,x4,-164	  x4:0x00000000  x3=0x00000001
       23875000	      2386	80000dfc	0144f0b3	and	x1,x9,x20	  x9:0x00000040 x20:0x80009c0f  x1=0x00000000
       23885000	      2387	80000e00	022f6863	bltu	x30,x2,80000e30	 x30:0xfffff869  x2:0x07ffff20
       23895000	      2388	80000e04	006588b3	add	x17,x11,x6	 x11:0x00000000  x6:0x00000000 x17=0x00000000
       23905000	      2389	80000e08	a9a5c893	xori	x17,x11,-1382	 x11:0x00000000 x17=0xfffffa9a
       23915000	      2390	80000e0c	011d84b3	add	x9,x27,x17	 x27:0x00000000 x17:0xfffffa9a  x9=0xfffffa9a
       23925000	      2391	80000e10	00000013	addi	x0,x0,0	  x0:0x00000000
       23935000	      2392	80000e14	66b1f717	auipc	x14,0x66b1f	 x14=0xe6b1fe10
       23945000	      2393	80000e18	362ba113	slti	x2,x23,866	 x23:0x00000000  x2=0x00000001
       23955000	      2394	80000e1c	4db9f293	andi	x5,x19,1243	 x19:0x00000001  x5=0x00000001
       23965000	      2395	80000e20	01f9da63	bge	x19,x31,80000e34	 x19:0x00000001 x31:0x0000067e
       23975000	      2396	80000e24	01c39e63	bne	x7,x28,80000e40	  x7:0x00000000 x28:0x00000000
       23985000	      2397	80000e28	00000013	addi	x0,x0,0	  x0:0x00000000
       23995000	      2398	80000e2c	00000013	addi	x0,x0,0	  x0:0x00000000
       24005000	      2399	80000e30	f18db493	sltiu	x9,x27,-232	 x27:0x00000000  x9=0x00000001
       24015000	      2400	80000e34	02190463	beq	x18,x1,80000e5c	 x18:0x00000000  x1:0x00000000
       24025000	      2401	00000000	00000013	addi	x0,x0,0	  x0:0x00000000
       24035000	      2402	80000e58	00000013	addi	x0,x0,0	  x0:0x00000000
       24045000	      2403	80000e5c	00000013	addi	x0,x0,0	  x0:0x00000000
       24055000	      2404	80000e60	076dc463	blt	x27,x22,80000ec8	 x27:0x00000000 x22:0x80009fc4
       24065000	      2405	80000e64	009945b3	xor	x11,x18,x9	 x18:0x00000000  x9:0x00000001 x11=0x00000001
       24075000	      2406	80000e68	05d2e063	bltu	x5,x29,80000ea8	  x5:0x00000001 x29:0x00000000
       24085000	      2407	80000e6c	fffff097	auipc	x1,0xfffff	  x1=0x7ffffe68
       24095000	      2408	80000e70	53c08093	addi	x1,x1,1340	  x1:0x7ffffe68  x1=0x800003a4
       24105000	      2409	80000e74	d3c08093	addi	x1,x1,-708	  x1:0x800003a4  x1=0x800000e0
       24115000	      2410	80000e78	78bd7c93	andi	x25,x26,1931	 x26:0x00080000 x25=0x00000000
       24125000	      2411	80000e7c	ab94e613	ori	x12,x9,-1351	  x9:0x00000001 x12=0xfffffab9
       24135000	      2412	80000e80	00000013	addi	x0,x0,0	  x0:0x00000000
       24145000	      2413	80000e84	5bd9fd13	andi	x26,x19,1469	 x19:0x00000001 x26=0x00000001
       24155000	      2414	80000e88	011cd463	bge	x25,x17,80000e90	 x25:0x00000000 x17:0xfffffa9a
       24165000	      2415	00000000	00000013	addi	x0,x0,0	  x0:0x00000000
       24175000	      2416	80000e8c	00000013	addi	x0,x0,0	  x0:0x00000000
       24185000	      2417	80000e90	2c508367	jalr	x6,x1,709	  x1:0x800000e0  x6=0x80000e90
       24195000	      2418	00000000	00000013	addi	x0,x0,0	  x0:0x00000000
       24205000	      2419	800003a4	00000013	addi	x0,x0,0	  x0:0x00000000
       24215000	      2420	800003a8	00ee7263	bgeu	x28,x14,800003ac	 x28:0x00000000 x14:0xe6b1fe10
       24225000	      2421	800003ac	ff880813	addi	x16,x16,-8	 x16:0x80009f58 x16=0x80009f50
       24235000	      2422	800003b0	67eb3c93	sltiu	x25,x22,1662	 x22:0x80009fc4 x25=0x00000000
       24245000	      2423	800003b4	cd296a97	auipc	x21,0xcd296	 x21=0x4d2963b0
       24255000	      2424	800003b8	00682223	sw	x6,4(x16)	 x16:0x80009f50  x6:0x80000e90 PA:0x80009f54
       24265000	      2425	800003bc	01b616b3	sll	x13,x12,x27	 x12:0xfffffab9 x27:0x00000000 x13=0xfffffab9
       24275000	      2426	800003c0	00000013	addi	x0,x0,0	  x0:0x00000000
       24285000	      2427	800003c4	00c79713	slli	x14,x15,0xc	 x15:0x00000001 x14=0x00001000
       24295000	      2428	800003c8	03720a63	beq	x4,x23,800003fc	  x4:0x00000000 x23:0x00000000
       24305000	      2429	00000000	00000013	addi	x0,x0,0	  x0:0x00000000
       24315000	      2430	800003f8	00000013	addi	x0,x0,0	  x0:0x00000000
       24325000	      2431	800003fc	019b1263	bne	x22,x25,80000400	 x22:0x80009fc4 x25:0x00000000
       24335000	      2432	00000000	00000013	addi	x0,x0,0	  x0:0x00000000
       24345000	      2433	800003fc	00000013	addi	x0,x0,0	  x0:0x00000000
       24355000	      2434	80000400	009b5593	srli	x11,x22,0x9	 x22:0x80009fc4 x11=0x0040004f
       24365000	      2435	80000404	001f6433	or	x8,x30,x1	 x30:0xfffff869  x1:0x800000e0  x8=0xfffff8e9
       24375000	      2436	80000408	00a7c4b3	xor	x9,x15,x10	 x15:0x00000001 x10:0x000003d2  x9=0x000003d3
       24385000	      2437	8000040c	00482303	lw	x6,4(x16)	 x16:0x80009f50  x6=0x80000e90 PA:0x80009f54
       24395000	      2438	80000410	a30fb397	auipc	x7,0xa30fb	  x7=0x230fb40c
       24405000	      2439	80000414	408a5db3	sra	x27,x20,x8	 x20:0x80009c0f  x8:0xfffff8e9 x27=0xffc0004e
       24415000	      2440	80000418	dbc2b113	sltiu	x2,x5,-580	  x5:0x00000001  x2=0x00000001
       24425000	      2441	8000041c	82113697	auipc	x13,0x82113	 x13=0x02113418
       24435000	      2442	80000420	00880813	addi	x16,x16,8	 x16:0x80009f50 x16=0x80009f58
       24445000	      2443	80000424	40ca5093	srai	x1,x20,0xc	 x20:0x80009c0f  x1=0xfff80009
       24455000	      2444	80000428	00658c33	add	x24,x11,x6	 x11:0x0040004f  x6:0x80000e90 x24=0x80400edf
       24465000	      2445	8000042c	efc6d397	auipc	x7,0xefc6d	  x7=0x6fc6d428
       24475000	      2446	80000430	012b1713	slli	x14,x22,0x12	 x22:0x80009fc4 x14=0x7f100000
       24485000	      2447	80000434	00030593	addi	x11,x6,0	  x6:0x80000e90 x11=0x80000e90
       24495000	      2448	80000438	000585e7	jalr	x11,x11,0	 x11:0x80000e90 x11=0x80000438
       24505000	      2449	00000000	00000013	addi	x0,x0,0	  x0:0x00000000
       24515000	      2450	80000e90	00000013	addi	x0,x0,0	  x0:0x00000000
       24525000	      2451	80000e94	033fec63	bltu	x31,x19,80000ecc	 x31:0x0000067e x19:0x00000001
       24535000	      2452	80000e98	0157f2b3	and	x5,x15,x21	 x15:0x00000001 x21:0x4d2963b0  x5=0x00000000
       24545000	      2453	80000e9c	01383d33	sltu	x26,x16,x19	 x16:0x80009f58 x19:0x00000001 x26=0x00000000
       24555000	      2454	80000ea0	71c37d93	andi	x27,x6,1820	  x6:0x80000e90 x27=0x00000610
       24565000	      2455	80000ea4	0085f663	bgeu	x11,x8,80000eb0	 x11:0x80000438  x8:0xfffff8e9
       24575000	      2456	80000ea8	002053b3	srl	x7,x0,x2	  x0:0x00000000  x2:0x00000001  x7=0x00000000
       24585000	      2457	80000eac	01cab0b3	sltu	x1,x21,x28	 x21:0x4d2963b0 x28:0x00000000  x1=0x00000000
       24595000	      2458	80000eb0	01a87ab3	and	x21,x16,x26	 x16:0x80009f58 x26:0x00000000 x21=0x00000000
       24605000	      2459	80000eb4	004e0933	add	x18,x28,x4	 x28:0x00000000  x4:0x00000000 x18=0x00000000
       24615000	      2460	80000eb8	00000013	addi	x0,x0,0	  x0:0x00000000
       24625000	      2461	80000ebc	01ead1b3	srl	x3,x21,x30	 x21:0x00000000 x30:0xfffff869  x3=0x00000000
       24635000	      2462	80000ec0	01fa1c63	bne	x20,x31,80000ed8	 x20:0x80009c0f x31:0x0000067e
       24645000	      2463	00000000	00000013	addi	x0,x0,0	  x0:0x00000000
       24655000	      2464	80000ed4	00000013	addi	x0,x0,0	  x0:0x00000000
       24665000	      2465	80000ed8	00621c13	slli	x24,x4,0x6	  x4:0x00000000 x24=0x00000000
       24675000	      2466	80000edc	b1e75437	lui	x8,0xb1e75	  x8=0xb1e75000
       24685000	      2467	80000ee0	014a1ab3	sll	x21,x20,x20	 x20:0x80009c0f x20:0x80009c0f x21=0x4e078000
       24695000	      2468	80000ee4	002eb8b3	sltu	x17,x29,x2	 x29:0x00000000  x2:0x00000001 x17=0x00000001
       24705000	      2469	80000ee8	00000013	addi	x0,x0,0	  x0:0x00000000
       24715000	      2470	80000eec	02146063	bltu	x8,x1,80000f0c	  x8:0xb1e75000  x1:0x00000000
       24725000	      2471	80000ef0	40580cb3	sub	x25,x16,x5	 x16:0x80009f58  x5:0x00000000 x25=0x80009f58
       24735000	      2472	80000ef4	01dc5263	bge	x24,x29,80000ef8	 x24:0x00000000 x29:0x00000000
       24745000	      2473	00000000	00000013	addi	x0,x0,0	  x0:0x00000000
       24755000	      2474	80000ef4	00000013	addi	x0,x0,0	  x0:0x00000000
       24765000	      2475	80000ef8	40940e33	sub	x28,x8,x9	  x8:0xb1e75000  x9:0x000003d3 x28=0xb1e74c2d
       24775000	      2476	80000efc	41ee0033	sub	x0,x28,x30	 x28:0xb1e74c2d x30:0xfffff869
       24785000	      2477	80000f00	01f65d93	srli	x27,x12,0x1f	 x12:0xfffffab9 x27=0x00000001
       24795000	      2478	80000f04	00177a63	bgeu	x14,x1,80000f18	 x14:0x7f100000  x1:0x00000000
       24805000	      2479	00000000	00000013	addi	x0,x0,0	  x0:0x00000000
       24815000	      2480	80000f14	00000013	addi	x0,x0,0	  x0:0x00000000
       24825000	      2481	80000f18	417b0e33	sub	x28,x22,x23	 x22:0x80009fc4 x23:0x00000000 x28=0x80009fc4
       24835000	      2482	80000f1c	01a8ef33	or	x30,x17,x26	 x17:0x00000001 x26:0x00000000 x30=0x00000001
       24845000	      2483	80000f20	b4f94f93	xori	x31,x18,-1201	 x18:0x00000000 x31=0xfffffb4f
       24855000	      2484	80000f24	01201993	slli	x19,x0,0x12	  x0:0x00000000 x19=0x00000000
       24865000	      2485	80000f28	00e71e63	bne	x14,x14,80000f44	 x14:0x7f100000 x14:0x7f100000
       24875000	      2486	80000f2c	ef20ba17	auipc	x20,0xef20b	 x20=0x6f20bf28
       24885000	      2487	80000f30	3b6d7cb7	lui	x25,0x3b6d7	 x25=0x3b6d7000
       24895000	      2488	80000f34	402cd013	srai	x0,x25,0x2	 x25:0x3b6d7000
       24905000	      2489	80000f38	050a5863	bge	x20,x16,80000f88	 x20:0x6f20bf28 x16:0x80009f58
       24915000	      2490	00000000	00000013	addi	x0,x0,0	  x0:0x00000000
       24925000	      2491	80000f84	00000013	addi	x0,x0,0	  x0:0x00000000
       24935000	      2492	80000f88	411ad013	srai	x0,x21,0x11	 x21:0x4e078000
       24945000	      2493	80000f8c	0306f263	bgeu	x13,x16,80000fb0	 x13:0x02113418 x16:0x80009f58
       24955000	      2494	80000f90	01fb6db3	or	x27,x22,x31	 x22:0x80009fc4 x31:0xfffffb4f x27=0xffffffcf
       24965000	      2495	80000f94	01928663	beq	x5,x25,80000fa0	  x5:0x00000000 x25:0x3b6d7000
       24975000	      2496	80000f98	0083db93	srli	x23,x7,0x8	  x7:0x00000000 x23=0x00000000
       24985000	      2497	80000f9c	0080dcb3	srl	x25,x1,x8	  x1:0x00000000  x8:0xb1e75000 x25=0x00000000
       24995000	      2498	80000fa0	00c52533	slt	x10,x10,x12	 x10:0x000003d2 x12:0xfffffab9 x10=0x00000000
       25005000	      2499	80000fa4	13a3ba93	sltiu	x21,x7,314	  x7:0x00000000 x21=0x00000001
       25015000	      2500	80000fa8	005e1793	slli	x15,x28,0x5	 x28:0x80009fc4 x15=0x0013f880
       25025000	      2501	80000fac	9f0c7f37	lui	x30,0x9f0c7	 x30=0x9f0c7000
       25035000	      2502	80000fb0	00af9413	slli	x8,x31,0xa	 x31:0xfffffb4f  x8=0xffed3c00
       25045000	      2503	80000fb4	bae864b7	lui	x9,0xbae86	  x9=0xbae86000
       25055000	      2504	80000fb8	4185dc93	srai	x25,x11,0x18	 x11:0x80000438 x25=0xffffff80
       25065000	      2505	80000fbc	bee6ce13	xori	x28,x13,-1042	 x13:0x02113418 x28=0xfdeecff6
       25075000	      2506	80000fc0	5fc22313	slti	x6,x4,1532	  x4:0x00000000  x6=0x00000001
       25085000	      2507	80000fc4	5687c193	xori	x3,x15,1384	 x15:0x0013f880  x3=0x0013fde8
       25095000	      2508	80000fc8	009c5d33	srl	x26,x24,x9	 x24:0x00000000  x9:0xbae86000 x26=0x00000000
       25105000	      2509	80000fcc	5b127c93	andi	x25,x4,1457	  x4:0x00000000 x25=0x00000000
       25115000	      2510	80000fd0	40948433	sub	x8,x9,x9	  x9:0xbae86000  x9:0xbae86000  x8=0x00000000
       25125000	      2511	80000fd4	bb50ea93	ori	x21,x1,-1099	  x1:0x00000000 x21=0xfffffbb5
       25135000	      2512	80000fd8	01758ab3	add	x21,x11,x23	 x11:0x80000438 x23:0x00000000 x21=0x80000438
       25145000	      2513	80000fdc	05f8f063	bgeu	x17,x31,8000101c	 x17:0x00000001 x31:0xfffffb4f
       25155000	      2514	80000fe0	00c8e733	or	x14,x17,x12	 x17:0x00000001 x12:0xfffffab9 x14=0xfffffab9
       25165000	      2515	80000fe4	87acf093	andi	x1,x25,-1926	 x25:0x00000000  x1=0x00000000
       25175000	      2516	80000fe8	03b7d063	bge	x15,x27,80001008	 x15:0x0013f880 x27:0xffffffcf
       25185000	      2517	00000000	00000013	addi	x0,x0,0	  x0:0x00000000
       25195000	      2518	80001004	00000013	addi	x0,x0,0	  x0:0x00000000
       25205000	      2519	80001008	22598313	addi	x6,x19,549	 x19:0x00000000  x6=0x00000225
       25215000	      2520	8000100c	00d333b3	sltu	x7,x6,x13	  x6:0x00000225 x13:0x02113418  x7=0x00000001
       25225000	      2521	80001010	40925db3	sra	x27,x4,x9	  x4:0x00000000  x9:0xbae86000 x27=0x00000000
       25235000	      2522	80001014	336bf317	auipc	x6,0x336bf	  x6=0xb36c0010
       25245000	      2523	80001018	009a5213	srli	x4,x20,0x9	 x20:0x6f20bf28  x4=0x0037905f
       25255000	      2524	8000101c	3c5d1117	auipc	x2,0x3c5d1	  x2=0xbc5d2018
       25265000	      2525	80001020	019f8233	add	x4,x31,x25	 x31:0xfffffb4f x25:0x00000000  x4=0xfffffb4f
       25275000	      2526	80001024	04901863	bne	x0,x9,80001074	  x0:0x00000000  x9:0xbae86000
       25285000	      2527	00000000	00000013	addi	x0,x0,0	  x0:0x00000000
       25295000	      2528	80001070	00000013	addi	x0,x0,0	  x0:0x00000000
       25305000	      2529	80001074	9c3ebf37	lui	x30,0x9c3eb	 x30=0x9c3eb000
       25315000	      2530	80001078	02e7ee63	bltu	x15,x14,800010b4	 x15:0x0013f880 x14:0xfffffab9
       25325000	      2531	00000000	00000013	addi	x0,x0,0	  x0:0x00000000
       25335000	      2532	800010b0	00000013	addi	x0,x0,0	  x0:0x00000000
       25345000	      2533	800010b4	92f67c93	andi	x25,x12,-1745	 x12:0xfffffab9 x25=0xfffff829
       25355000	      2534	800010b8	0dc7f993	andi	x19,x15,220	 x15:0x0013f880 x19=0x00000080
       25365000	      2535	800010bc	40ae5193	srai	x3,x28,0xa	 x28:0xfdeecff6  x3=0xffff7bb3
       25375000	      2536	800010c0	01a51263	bne	x10,x26,800010c4	 x10:0x00000000 x26:0x00000000
       25385000	      2537	800010c4	09509663	bne	x1,x21,80001150	  x1:0x00000000 x21:0x80000438
       25395000	      2538	00000000	00000013	addi	x0,x0,0	  x0:0x00000000
       25405000	      2539	8000114c	00000013	addi	x0,x0,0	  x0:0x00000000
       25415000	      2540	80001150	4ccee693	ori	x13,x29,1228	 x29:0x00000000 x13=0x000004cc
       25425000	      2541	80001154	41eb8ab3	sub	x21,x23,x30	 x23:0x00000000 x30:0x9c3eb000 x21=0x63c15000
       25435000	      2542	80001158	00482303	lw	x6,4(x16)	 x16:0x80009f58  x6=0x80000140 PA:0x80009f5c
       25445000	      2543	8000115c	00000013	addi	x0,x0,0	  x0:0x00000000
       25455000	      2544	80001160	02c80813	addi	x16,x16,44	 x16:0x80009f58 x16=0x80009f84
       25465000	      2545	80001164	002bdc93	srli	x25,x23,0x2	 x23:0x00000000 x25=0x00000000
       25475000	      2546	80001168	49a78c13	addi	x24,x15,1178	 x15:0x0013f880 x24=0x0013fd1a
       25485000	      2547	8000116c	7219fe13	andi	x28,x19,1825	 x19:0x00000080 x28=0x00000000
       25495000	      2548	80001170	00130093	addi	x1,x6,1	  x6:0x80000140  x1=0x80000141
       25505000	      2549	80001174	000080e7	jalr	x1,x1,0	  x1:0x80000141  x1=0x80001174
       25515000	      2550	00000000	00000013	addi	x0,x0,0	  x0:0x00000000
       25525000	      2551	80000140	00000013	addi	x0,x0,0	  x0:0x00000000
       25535000	      2552	80000144	0200036f	jal	x6,80000144	  x6=0x80000144
       25545000	      2553	00000000	00000013	addi	x0,x0,0	  x0:0x00000000
       25555000	      2554	80000160	00000013	addi	x0,x0,0	  x0:0x00000000
       25565000	      2555	80000164	fe9ff0ef	jal	x1,80000164	  x1=0x80000164
       25575000	      2556	00000000	00000013	addi	x0,x0,0	  x0:0x00000000
       25585000	      2557	80000148	00000013	addi	x0,x0,0	  x0:0x00000000
       25595000	      2558	8000014c	008000ef	jal	x1,8000014c	  x1=0x8000014c
       25605000	      2559	00000000	00000013	addi	x0,x0,0	  x0:0x00000000
       25615000	      2560	80000150	00000013	addi	x0,x0,0	  x0:0x00000000
       25625000	      2561	80000154	00c000ef	jal	x1,80000154	  x1=0x80000154
       25635000	      2562	00000000	00000013	addi	x0,x0,0	  x0:0x00000000
       25645000	      2563	8000015c	00000013	addi	x0,x0,0	  x0:0x00000000
       25655000	      2564	80000160	ffdff0ef	jal	x1,80000160	  x1=0x80000160
       25665000	      2565	00000000	00000013	addi	x0,x0,0	  x0:0x00000000
       25675000	      2566	80000158	00000013	addi	x0,x0,0	  x0:0x00000000
       25685000	      2567	8000015c	010000ef	jal	x1,8000015c	  x1=0x8000015c
       25695000	      2568	00000000	00000013	addi	x0,x0,0	  x0:0x00000000
       25705000	      2569	80000168	00000013	addi	x0,x0,0	  x0:0x00000000
       25715000	      2570	8000016c	ffdff0ef	jal	x1,8000016c	  x1=0x8000016c
       25725000	      2571	00000000	00000013	addi	x0,x0,0	  x0:0x00000000
       25735000	      2572	80000164	00000013	addi	x0,x0,0	  x0:0x00000000
       25745000	      2573	80000168	fe9ff36f	jal	x6,80000168	  x6=0x80000168
       25755000	      2574	00000000	00000013	addi	x0,x0,0	  x0:0x00000000
       25765000	      2575	8000014c	00000013	addi	x0,x0,0	  x0:0x00000000
       25775000	      2576	80000150	0080036f	jal	x6,80000150	  x6=0x80000150
       25785000	      2577	00000000	00000013	addi	x0,x0,0	  x0:0x00000000
       25795000	      2578	80000154	00000013	addi	x0,x0,0	  x0:0x00000000
       25805000	      2579	80000158	ff1ff0ef	jal	x1,80000158	  x1=0x80000158
       25815000	      2580	00000000	00000013	addi	x0,x0,0	  x0:0x00000000
       25825000	      2581	80000144	00000013	addi	x0,x0,0	  x0:0x00000000
       25835000	      2582	80000148	028000ef	jal	x1,80000148	  x1=0x80000148
       25845000	      2583	00000000	00000013	addi	x0,x0,0	  x0:0x00000000
       25855000	      2584	8000016c	00000013	addi	x0,x0,0	  x0:0x00000000
       25865000	      2585	80000170	01d29f33	sll	x30,x5,x29	  x5:0x00000000 x29:0x00000000 x30=0x00000000
       25875000	      2586	80000174	013fa233	slt	x4,x31,x19	 x31:0xfffffb4f x19:0x00000080  x4=0x00000001
       25885000	      2587	80000178	ee4e0597	auipc	x11,0xee4e0	 x11=0x6e4e0174
       25895000	      2588	8000017c	0136df93	srli	x31,x13,0x13	 x13:0x000004cc x31=0x00000000
       25905000	      2589	80000180	00000013	addi	x0,x0,0	  x0:0x00000000
       25915000	      2590	80000184	00895e13	srli	x28,x18,0x8	 x18:0x00000000 x28=0x00000000
       25925000	      2591	80000188	04b39263	bne	x7,x11,800001cc	  x7:0x00000001 x11:0x6e4e0174
       25935000	      2592	00000000	00000013	addi	x0,x0,0	  x0:0x00000000
       25945000	      2593	800001c8	00000013	addi	x0,x0,0	  x0:0x00000000
       25955000	      2594	800001cc	cc520493	addi	x9,x4,-827	  x4:0x00000001  x9=0xfffffcc6
       25965000	      2595	800001d0	01c40663	beq	x8,x28,800001dc	  x8:0x00000000 x28:0x00000000
       25975000	      2596	00000000	00000013	addi	x0,x0,0	  x0:0x00000000
       25985000	      2597	800001d8	00000013	addi	x0,x0,0	  x0:0x00000000
       25995000	      2598	800001dc	41525113	srai	x2,x4,0x15	  x4:0x00000001  x2=0x00000000
       26005000	      2599	800001e0	00000e97	auipc	x29,0x0	 x29=0x800001dc
       26015000	      2600	800001e4	00ce8e93	addi	x29,x29,12	 x29:0x800001dc x29=0x800001e8
       26025000	      2601	800001e8	000e8067	jalr	x0,x29,0	 x29:0x800001e8
       26035000	      2602	00000000	00000013	addi	x0,x0,0	  x0:0x00000000
       26045000	      2603	800001e8	00000013	addi	x0,x0,0	  x0:0x00000000
       26055000	      2604	800001ec	00100193	addi	x3,x0,1	  x0:0x00000000  x3=0x00000001
       26065000	      2605	800001f0	00000073	ecall	
       26075000	      2606	800001f4	2f903893	sltiu	x17,x0,761	  x0:0x00000000 x17=0x00000001
