		Time			Cycle	PC		Insn	Decoded instruction	Register and memory contents
          65000	         5	80000004	00000293	addi	x5,x0,0	  x0:0x00000000  x5=0x00000000
          75000	         6	80000008	00000313	addi	x6,x0,0	  x0:0x00000000  x6=0x00000000
          85000	         7	8000000c	00628263	beq	x5,x6,80000010	  x5:0x00000000  x6:0x00000000
          95000	         8	00000000	00000013	addi	x0,x0,0	  x0:0x00000000
         105000	         9	8000000c	00000013	addi	x0,x0,0	  x0:0x00000000
         115000	        10	80000010	00000717	auipc	x14,0x0	 x14=0x8000000c
         125000	        11	80000014	00c70713	addi	x14,x14,12	 x14:0x8000000c x14=0x80000018
         135000	        12	80000018	00070067	jalr	x0,x14,0	 x14:0x80000018
         145000	        13	00000000	00000013	addi	x0,x0,0	  x0:0x00000000
         155000	        14	80000018	00000013	addi	x0,x0,0	  x0:0x00000000
         165000	        15	8000001c	40000937	lui	x18,0x40000	 x18=0x40000000
         175000	        16	80000020	10090913	addi	x18,x18,256	 x18:0x40000000 x18=0x40000100
         185000	        17	80000024	00000013	addi	x0,x0,0	  x0:0x00000000
         195000	        18	80000028	0000a117	auipc	x2,0xa	  x2=0x8000a024
         205000	        19	8000002c	fa010113	addi	x2,x2,-96	  x2:0x8000a024  x2=0x80009fc4
         215000	        20	80000030	00004917	auipc	x18,0x4	 x18=0x8000402c
         225000	        21	80000034	6cc90913	addi	x18,x18,1740	 x18:0x8000402c x18=0x800046f8
         235000	        22	80000038	00096913	ori	x18,x18,0	 x18:0x800046f8 x18=0x800046f8
         245000	        23	8000003c	00000013	addi	x0,x0,0	  x0:0x00000000
         255000	        24	80000040	00000917	auipc	x18,0x0	 x18=0x8000003c
         265000	        25	80000044	02090913	addi	x18,x18,32	 x18:0x8000003c x18=0x8000005c
         275000	        26	80000048	00000013	addi	x0,x0,0	  x0:0x00000000
         285000	        27	8000004c	00000013	addi	x0,x0,0	  x0:0x00000000
         295000	        28	80000050	00002937	lui	x18,0x2	 x18=0x00002000
         305000	        29	80000054	80090913	addi	x18,x18,-2048	 x18:0x00002000 x18=0x00001800
         315000	        30	80000058	00000013	addi	x0,x0,0	  x0:0x00000000
         325000	        31	8000005c	00000013	addi	x0,x0,0	  x0:0x00000000
         335000	        32	80000060	00000013	addi	x0,x0,0	  x0:0x00000000
         345000	        33	80000064	00000093	addi	x1,x0,0	  x0:0x00000000  x1=0x00000000
         355000	        34	80000068	3e85a1b7	lui	x3,0x3e85a	  x3=0x3e85a000
         365000	        35	8000006c	45818193	addi	x3,x3,1112	  x3:0x3e85a000  x3=0x3e85a458
         375000	        36	80000070	100b4237	lui	x4,0x100b4	  x4=0x100b4000
         385000	        37	80000074	91920213	addi	x4,x4,-1767	  x4:0x100b4000  x4=0x100b3919
         395000	        38	80000078	800002b7	lui	x5,0x80000	  x5=0x80000000
         405000	        39	8000007c	f84ed337	lui	x6,0xf84ed	  x6=0xf84ed000
         415000	        40	80000080	cc730313	addi	x6,x6,-825	  x6:0xf84ed000  x6=0xf84eccc7
         425000	        41	80000084	00000393	addi	x7,x0,0	  x0:0x00000000  x7=0x00000000
         435000	        42	80000088	fcb8a437	lui	x8,0xfcb8a	  x8=0xfcb8a000
         445000	        43	8000008c	cb140413	addi	x8,x8,-847	  x8:0xfcb8a000  x8=0xfcb89cb1
         455000	        44	80000090	00000493	addi	x9,x0,0	  x0:0x00000000  x9=0x00000000
         465000	        45	80000094	80000537	lui	x10,0x80000	 x10=0x80000000
         475000	        46	80000098	800005b7	lui	x11,0x80000	 x11=0x80000000
         485000	        47	8000009c	00f00613	addi	x12,x0,15	  x0:0x00000000 x12=0x0000000f
         495000	        48	800000a0	800006b7	lui	x13,0x80000	 x13=0x80000000
         505000	        49	800000a4	80000737	lui	x14,0x80000	 x14=0x80000000
         515000	        50	800000a8	36e877b7	lui	x15,0x36e87	 x15=0x36e87000
         525000	        51	800000ac	63078793	addi	x15,x15,1584	 x15:0x36e87000 x15=0x36e87630
         535000	        52	800000b0	80000837	lui	x16,0x80000	 x16=0x80000000
         545000	        53	800000b4	800008b7	lui	x17,0x80000	 x17=0x80000000
         555000	        54	800000b8	00000913	addi	x18,x0,0	  x0:0x00000000 x18=0x00000000
         565000	        55	800000bc	fd6f19b7	lui	x19,0xfd6f1	 x19=0xfd6f1000
         575000	        56	800000c0	1fc98993	addi	x19,x19,508	 x19:0xfd6f1000 x19=0xfd6f11fc
         585000	        57	800000c4	00100a13	addi	x20,x0,1	  x0:0x00000000 x20=0x00000001
         595000	        58	800000c8	ffb92ab7	lui	x21,0xffb92	 x21=0xffb92000
         605000	        59	800000cc	77ba8a93	addi	x21,x21,1915	 x21:0xffb92000 x21=0xffb9277b
         615000	        60	800000d0	e7175b37	lui	x22,0xe7175	 x22=0xe7175000
         625000	        61	800000d4	86bb0b13	addi	x22,x22,-1941	 x22:0xe7175000 x22=0xe717486b
         635000	        62	800000d8	f2b12bb7	lui	x23,0xf2b12	 x23=0xf2b12000
         645000	        63	800000dc	c9eb8b93	addi	x23,x23,-866	 x23:0xf2b12000 x23=0xf2b11c9e
         655000	        64	800000e0	00000c13	addi	x24,x0,0	  x0:0x00000000 x24=0x00000000
         665000	        65	800000e4	f61c5cb7	lui	x25,0xf61c5	 x25=0xf61c5000
         675000	        66	800000e8	4a7c8c93	addi	x25,x25,1191	 x25:0xf61c5000 x25=0xf61c54a7
         685000	        67	800000ec	00000d13	addi	x26,x0,0	  x0:0x00000000 x26=0x00000000
         695000	        68	800000f0	fc64ce37	lui	x28,0xfc64c	 x28=0xfc64c000
         705000	        69	800000f4	b20e0e13	addi	x28,x28,-1248	 x28:0xfc64c000 x28=0xfc64bb20
         715000	        70	800000f8	00000e93	addi	x29,x0,0	  x0:0x00000000 x29=0x00000000
         725000	        71	800000fc	00000f13	addi	x30,x0,0	  x0:0x00000000 x30=0x00000000
         735000	        72	80000100	00000f93	addi	x31,x0,0	  x0:0x00000000 x31=0x00000000
         745000	        73	80000104	0000ad97	auipc	x27,0xa	 x27=0x8000a100
         755000	        74	80000108	e84d8d93	addi	x27,x27,-380	 x27:0x8000a100 x27=0x80009f84
         765000	        75	8000010c	0008af33	slt	x30,x17,x0	 x17:0x80000000  x0:0x00000000 x30=0x00000001
         775000	        76	80000110	01c79293	slli	x5,x15,0x1c	 x15:0x36e87630  x5=0x00000000
         785000	        77	80000114	00004e97	auipc	x29,0x4	 x29=0x80004110
         795000	        78	80000118	f30e8e93	addi	x29,x29,-208	 x29:0x80004110 x29=0x80004040
         805000	        79	8000011c	3e2f8593	addi	x11,x31,994	 x31:0x00000000 x11=0x000003e2
         815000	        80	80000120	009df233	and	x4,x27,x9	 x27:0x80009f84  x9:0x00000000  x4=0x00000000
         825000	        81	80000124	014acc33	xor	x24,x21,x20	 x21:0xffb9277b x20:0x00000001 x24=0xffb9277a
         835000	        82	80000128	00f10533	add	x10,x2,x15	  x2:0x80009fc4 x15:0x36e87630 x10=0xb6e915f4
         845000	        83	8000012c	042e8e93	addi	x29,x29,66	 x29:0x80004040 x29=0x80004082
         855000	        84	80000130	01cca3b3	slt	x7,x25,x28	 x25:0xf61c54a7 x28:0xfc64bb20  x7=0x00000001
         865000	        85	80000134	01bc87b3	add	x15,x25,x27	 x25:0xf61c54a7 x27:0x80009f84 x15=0x761cf42b
         875000	        86	80000138	01fb1663	bne	x22,x31,80000144	 x22:0xe717486b x31:0x00000000
         885000	        87	00000000	00000013	addi	x0,x0,0	  x0:0x00000000
         895000	        88	80000140	00000013	addi	x0,x0,0	  x0:0x00000000
         905000	        89	80000144	fbfe8267	jalr	x4,x29,-65	 x29:0x80004082  x4=0x80000144
         915000	        90	00000000	00000013	addi	x0,x0,0	  x0:0x00000000
         925000	        91	80004040	00000013	addi	x0,x0,0	  x0:0x00000000
         935000	        92	80004044	f7ab7e13	andi	x28,x22,-134	 x22:0xe717486b x28=0xe717486a
         945000	        93	80004048	007dd993	srli	x19,x27,0x7	 x27:0x80009f84 x19=0x0100013f
         955000	        94	8000404c	41315cb3	sra	x25,x2,x19	  x2:0x80009fc4 x19:0x0100013f x25=0xffffffff
         965000	        95	80004050	41578b33	sub	x22,x15,x21	 x15:0x761cf42b x21:0xffb9277b x22=0x7663ccb0
         975000	        96	80004054	0348af37	lui	x30,0x348a	 x30=0x0348a000
         985000	        97	80004058	fd0d8d93	addi	x27,x27,-48	 x27:0x80009f84 x27=0x80009f54
         995000	        98	8000405c	004da223	sw	x4,4(x27)	 x27:0x80009f54  x4:0x80000144 PA:0x80009f58
        1005000	        99	80004060	33be8193	addi	x3,x29,827	 x29:0x80004082  x3=0x800043bd
        1015000	       100	80004064	016087b3	add	x15,x1,x22	  x1:0x00000000 x22:0x7663ccb0 x15=0x7663ccb0
        1025000	       101	80004068	7e217913	andi	x18,x2,2018	  x2:0x80009fc4 x18=0x000007c0
        1035000	       102	8000406c	fffff197	auipc	x3,0xfffff	  x3=0x80003068
        1045000	       103	80004070	f6c18193	addi	x3,x3,-148	  x3:0x80003068  x3=0x80002fd4
        1055000	       104	80004074	419f0233	sub	x4,x30,x25	 x30:0x0348a000 x25:0xffffffff  x4=0x0348a001
        1065000	       105	80004078	00000013	addi	x0,x0,0	  x0:0x00000000
        1075000	       106	8000407c	017d9b13	slli	x22,x27,0x17	 x27:0x80009f54 x22=0xaa000000
        1085000	       107	80004080	1a918193	addi	x3,x3,425	  x3:0x80002fd4  x3=0x8000317d
        1095000	       108	80004084	b1d52b93	slti	x23,x10,-1251	 x10:0xb6e915f4 x23=0x00000001
        1105000	       109	80004088	388b7a13	andi	x20,x22,904	 x22:0xaa000000 x20=0x00000000
        1115000	       110	8000408c	01315463	bge	x2,x19,80004094	  x2:0x80009fc4 x19:0x0100013f
        1125000	       111	80004090	01fc4533	xor	x10,x24,x31	 x24:0xffb9277a x31:0x00000000 x10=0xffb9277a
        1135000	       112	80004094	e5818267	jalr	x4,x3,-424	  x3:0x8000317d  x4=0x80004094
        1145000	       113	00000000	00000013	addi	x0,x0,0	  x0:0x00000000
        1155000	       114	80002fd4	00000013	addi	x0,x0,0	  x0:0x00000000
        1165000	       115	80002fd8	00874533	xor	x10,x14,x8	 x14:0x80000000  x8:0xfcb89cb1 x10=0x7cb89cb1
        1175000	       116	80002fdc	00000013	addi	x0,x0,0	  x0:0x00000000
        1185000	       117	80002fe0	ff0d8d93	addi	x27,x27,-16	 x27:0x80009f54 x27=0x80009f44
        1195000	       118	80002fe4	01e53533	sltu	x10,x10,x30	 x10:0x7cb89cb1 x30:0x0348a000 x10=0x00000000
        1205000	       119	80002fe8	004da223	sw	x4,4(x27)	 x27:0x80009f44  x4:0x80004094 PA:0x80009f48
        1215000	       120	80002fec	403bdc93	srai	x25,x23,0x3	 x23:0x00000001 x25=0x00000000
        1225000	       121	80002ff0	00000013	addi	x0,x0,0	  x0:0x00000000
        1235000	       122	80002ff4	476e2c93	slti	x25,x28,1142	 x28:0xe717486a x25=0x00000001
        1245000	       123	80002ff8	00d05933	srl	x18,x0,x13	  x0:0x00000000 x13:0x80000000 x18=0x00000000
        1255000	       124	80002ffc	00a8b333	sltu	x6,x17,x10	 x17:0x80000000 x10:0x00000000  x6=0x00000000
        1265000	       125	80003000	01b01013	slli	x0,x0,0x1b	  x0:0x00000000
        1275000	       126	80003004	014fa4b3	slt	x9,x31,x20	 x31:0x00000000 x20:0x00000000  x9=0x00000000
        1285000	       127	80003008	e7840393	addi	x7,x8,-392	  x8:0xfcb89cb1  x7=0xfcb89b29
        1295000	       128	8000300c	d7e82793	slti	x15,x16,-642	 x16:0x80000000 x15=0x00000001
        1305000	       129	80003010	d477d037	lui	x0,0xd477d	
        1315000	       130	80003014	00000013	addi	x0,x0,0	  x0:0x00000000
        1325000	       131	80003018	01396c63	bltu	x18,x19,80003030	 x18:0x00000000 x19:0x0100013f
        1335000	       132	00000000	00000013	addi	x0,x0,0	  x0:0x00000000
        1345000	       133	8000302c	00000013	addi	x0,x0,0	  x0:0x00000000
        1355000	       134	80003030	b395f413	andi	x8,x11,-1223	 x11:0x000003e2  x8=0x00000320
        1365000	       135	80003034	03654e63	blt	x10,x22,80003070	 x10:0x00000000 x22:0xaa000000
        1375000	       136	80003038	c7e48613	addi	x12,x9,-898	  x9:0x00000000 x12=0xfffffc7e
        1385000	       137	8000303c	017746b3	xor	x13,x14,x23	 x14:0x80000000 x23:0x00000001 x13=0x80000001
        1395000	       138	80003040	01dbc463	blt	x23,x29,80003048	 x23:0x00000001 x29:0x80004082
        1405000	       139	80003044	4174dbb3	sra	x23,x9,x23	  x9:0x00000000 x23:0x00000001 x23=0x00000000
        1415000	       140	80003048	0093a333	slt	x6,x7,x9	  x7:0xfcb89b29  x9:0x00000000  x6=0x00000001
        1425000	       141	8000304c	03d7e263	bltu	x15,x29,80003070	 x15:0x00000001 x29:0x80004082
        1435000	       142	00000000	00000013	addi	x0,x0,0	  x0:0x00000000
        1445000	       143	8000306c	00000013	addi	x0,x0,0	  x0:0x00000000
        1455000	       144	80003070	10f68193	addi	x3,x13,271	 x13:0x80000001  x3=0x80000110
        1465000	       145	80003074	001bc5b3	xor	x11,x23,x1	 x23:0x00000000  x1:0x00000000 x11=0x00000000
        1475000	       146	80003078	0129d433	srl	x8,x19,x18	 x19:0x0100013f x18:0x00000000  x8=0x0100013f
        1485000	       147	8000307c	17210c13	addi	x24,x2,370	  x2:0x80009fc4 x24=0x8000a136
        1495000	       148	80003080	c6e57a93	andi	x21,x10,-914	 x10:0x00000000 x21=0x00000000
        1505000	       149	80003084	40b15013	srai	x0,x2,0xb	  x2:0x80009fc4
        1515000	       150	80003088	41fbdd13	srai	x26,x23,0x1f	 x23:0x00000000 x26=0x00000000
        1525000	       151	8000308c	004da203	lw	x4,4(x27)	 x27:0x80009f44  x4=0x80004094 PA:0x80009f48
        1535000	       152	80003090	01bb43b3	xor	x7,x22,x27	 x22:0xaa000000 x27:0x80009f44  x7=0x2a009f44
        1545000	       153	80003094	010d8d93	addi	x27,x27,16	 x27:0x80009f44 x27=0x80009f54
        1555000	       154	80003098	e1b66093	ori	x1,x12,-485	 x12:0xfffffc7e  x1=0xfffffe7f
        1565000	       155	8000309c	00120493	addi	x9,x4,1	  x4:0x80004094  x9=0x80004095
        1575000	       156	800030a0	000484e7	jalr	x9,x9,0	  x9:0x80004095  x9=0x800030a0
        1585000	       157	00000000	00000013	addi	x0,x0,0	  x0:0x00000000
        1595000	       158	80004094	00000013	addi	x0,x0,0	  x0:0x00000000
        1605000	       159	80004098	02c0026f	jal	x4,80004098	  x4=0x80004098
        1615000	       160	00000000	00000013	addi	x0,x0,0	  x0:0x00000000
        1625000	       161	800040c0	00000013	addi	x0,x0,0	  x0:0x00000000
        1635000	       162	800040c4	0100036f	jal	x6,800040c4	  x6=0x800040c4
        1645000	       163	00000000	00000013	addi	x0,x0,0	  x0:0x00000000
        1655000	       164	800040d0	00000013	addi	x0,x0,0	  x0:0x00000000
        1665000	       165	800040d4	ff5ff8ef	jal	x17,800040d4	 x17=0x800040d4
        1675000	       166	00000000	00000013	addi	x0,x0,0	  x0:0x00000000
        1685000	       167	800040c4	00000013	addi	x0,x0,0	  x0:0x00000000
        1695000	       168	800040c8	fe9ff0ef	jal	x1,800040c8	  x1=0x800040c8
        1705000	       169	00000000	00000013	addi	x0,x0,0	  x0:0x00000000
        1715000	       170	800040ac	00000013	addi	x0,x0,0	  x0:0x00000000
        1725000	       171	800040b0	028002ef	jal	x5,800040b0	  x5=0x800040b0
        1735000	       172	00000000	00000013	addi	x0,x0,0	  x0:0x00000000
        1745000	       173	800040d4	00000013	addi	x0,x0,0	  x0:0x00000000
        1755000	       174	800040d8	fd1ff0ef	jal	x1,800040d8	  x1=0x800040d8
        1765000	       175	00000000	00000013	addi	x0,x0,0	  x0:0x00000000
        1775000	       176	800040a4	00000013	addi	x0,x0,0	  x0:0x00000000
        1785000	       177	800040a8	0180036f	jal	x6,800040a8	  x6=0x800040a8
        1795000	       178	00000000	00000013	addi	x0,x0,0	  x0:0x00000000
        1805000	       179	800040bc	00000013	addi	x0,x0,0	  x0:0x00000000
        1815000	       180	800040c0	01c000ef	jal	x1,800040c0	  x1=0x800040c0
        1825000	       181	00000000	00000013	addi	x0,x0,0	  x0:0x00000000
        1835000	       182	800040d8	00000013	addi	x0,x0,0	  x0:0x00000000
        1845000	       183	800040dc	fddff0ef	jal	x1,800040dc	  x1=0x800040dc
        1855000	       184	00000000	00000013	addi	x0,x0,0	  x0:0x00000000
        1865000	       185	800040b4	00000013	addi	x0,x0,0	  x0:0x00000000
        1875000	       186	800040b8	004000ef	jal	x1,800040b8	  x1=0x800040b8
        1885000	       187	00000000	00000013	addi	x0,x0,0	  x0:0x00000000
        1895000	       188	800040b8	00000013	addi	x0,x0,0	  x0:0x00000000
        1905000	       189	800040bc	fe1ffb6f	jal	x22,800040bc	 x22=0x800040bc
        1915000	       190	00000000	00000013	addi	x0,x0,0	  x0:0x00000000
        1925000	       191	80004098	00000013	addi	x0,x0,0	  x0:0x00000000
        1935000	       192	8000409c	0100066f	jal	x12,8000409c	 x12=0x8000409c
        1945000	       193	00000000	00000013	addi	x0,x0,0	  x0:0x00000000
        1955000	       194	800040a8	00000013	addi	x0,x0,0	  x0:0x00000000
        1965000	       195	800040ac	ff5ff0ef	jal	x1,800040ac	  x1=0x800040ac
        1975000	       196	00000000	00000013	addi	x0,x0,0	  x0:0x00000000
        1985000	       197	8000409c	00000013	addi	x0,x0,0	  x0:0x00000000
        1995000	       198	800040a0	02c000ef	jal	x1,800040a0	  x1=0x800040a0
        2005000	       199	00000000	00000013	addi	x0,x0,0	  x0:0x00000000
        2015000	       200	800040c8	00000013	addi	x0,x0,0	  x0:0x00000000
        2025000	       201	800040cc	fd9ff2ef	jal	x5,800040cc	  x5=0x800040cc
        2035000	       202	00000000	00000013	addi	x0,x0,0	  x0:0x00000000
        2045000	       203	800040a0	00000013	addi	x0,x0,0	  x0:0x00000000
        2055000	       204	800040a4	02c002ef	jal	x5,800040a4	  x5=0x800040a4
        2065000	       205	00000000	00000013	addi	x0,x0,0	  x0:0x00000000
        2075000	       206	800040cc	00000013	addi	x0,x0,0	  x0:0x00000000
        2085000	       207	800040d0	fe5ffd6f	jal	x26,800040d0	 x26=0x800040d0
        2095000	       208	00000000	00000013	addi	x0,x0,0	  x0:0x00000000
        2105000	       209	800040b0	00000013	addi	x0,x0,0	  x0:0x00000000
        2115000	       210	800040b4	02c000ef	jal	x1,800040b4	  x1=0x800040b4
        2125000	       211	00000000	00000013	addi	x0,x0,0	  x0:0x00000000
        2135000	       212	800040dc	00000013	addi	x0,x0,0	  x0:0x00000000
        2145000	       213	800040e0	b0ea0313	addi	x6,x20,-1266	 x20:0x00000000  x6=0xfffffb0e
        2155000	       214	800040e4	0100026f	jal	x4,800040e4	  x4=0x800040e4
        2165000	       215	00000000	00000013	addi	x0,x0,0	  x0:0x00000000
        2175000	       216	800040f0	00000013	addi	x0,x0,0	  x0:0x00000000
        2185000	       217	800040f4	0080026f	jal	x4,800040f4	  x4=0x800040f4
        2195000	       218	00000000	00000013	addi	x0,x0,0	  x0:0x00000000
        2205000	       219	800040f8	00000013	addi	x0,x0,0	  x0:0x00000000
        2215000	       220	800040fc	014000ef	jal	x1,800040fc	  x1=0x800040fc
        2225000	       221	00000000	00000013	addi	x0,x0,0	  x0:0x00000000
        2235000	       222	8000410c	00000013	addi	x0,x0,0	  x0:0x00000000
        2245000	       223	80004110	ffdff4ef	jal	x9,80004110	  x9=0x80004110
        2255000	       224	00000000	00000013	addi	x0,x0,0	  x0:0x00000000
        2265000	       225	80004108	00000013	addi	x0,x0,0	  x0:0x00000000
        2275000	       226	8000410c	fe1ff1ef	jal	x3,8000410c	  x3=0x8000410c
        2285000	       227	00000000	00000013	addi	x0,x0,0	  x0:0x00000000
        2295000	       228	800040e8	00000013	addi	x0,x0,0	  x0:0x00000000
        2305000	       229	800040ec	01c000ef	jal	x1,800040ec	  x1=0x800040ec
        2315000	       230	00000000	00000013	addi	x0,x0,0	  x0:0x00000000
        2325000	       231	80004104	00000013	addi	x0,x0,0	  x0:0x00000000
        2335000	       232	80004108	fe1ffb6f	jal	x22,80004108	 x22=0x80004108
        2345000	       233	00000000	00000013	addi	x0,x0,0	  x0:0x00000000
        2355000	       234	800040e4	00000013	addi	x0,x0,0	  x0:0x00000000
        2365000	       235	800040e8	010000ef	jal	x1,800040e8	  x1=0x800040e8
        2375000	       236	00000000	00000013	addi	x0,x0,0	  x0:0x00000000
        2385000	       237	800040f4	00000013	addi	x0,x0,0	  x0:0x00000000
        2395000	       238	800040f8	ff9ff26f	jal	x4,800040f8	  x4=0x800040f8
        2405000	       239	00000000	00000013	addi	x0,x0,0	  x0:0x00000000
        2415000	       240	800040ec	00000013	addi	x0,x0,0	  x0:0x00000000
        2425000	       241	800040f0	010000ef	jal	x1,800040f0	  x1=0x800040f0
        2435000	       242	00000000	00000013	addi	x0,x0,0	  x0:0x00000000
        2445000	       243	800040fc	00000013	addi	x0,x0,0	  x0:0x00000000
        2455000	       244	80004100	004002ef	jal	x5,80004100	  x5=0x80004100
        2465000	       245	00000000	00000013	addi	x0,x0,0	  x0:0x00000000
        2475000	       246	80004100	00000013	addi	x0,x0,0	  x0:0x00000000
        2485000	       247	80004104	010000ef	jal	x1,80004104	  x1=0x80004104
        2495000	       248	00000000	00000013	addi	x0,x0,0	  x0:0x00000000
        2505000	       249	80004110	00000013	addi	x0,x0,0	  x0:0x00000000
        2515000	       250	80004114	00653fb3	sltu	x31,x10,x6	 x10:0x00000000  x6:0xfffffb0e x31=0x00000001
        2525000	       251	80004118	0500026f	jal	x4,80004118	  x4=0x80004118
        2535000	       252	00000000	00000013	addi	x0,x0,0	  x0:0x00000000
        2545000	       253	80004164	00000013	addi	x0,x0,0	  x0:0x00000000
        2555000	       254	80004168	fb9ff0ef	jal	x1,80004168	  x1=0x80004168
        2565000	       255	00000000	00000013	addi	x0,x0,0	  x0:0x00000000
        2575000	       256	8000411c	00000013	addi	x0,x0,0	  x0:0x00000000
        2585000	       257	80004120	02c000ef	jal	x1,80004120	  x1=0x80004120
        2595000	       258	00000000	00000013	addi	x0,x0,0	  x0:0x00000000
        2605000	       259	80004148	00000013	addi	x0,x0,0	  x0:0x00000000
        2615000	       260	8000414c	008000ef	jal	x1,8000414c	  x1=0x8000414c
        2625000	       261	00000000	00000013	addi	x0,x0,0	  x0:0x00000000
        2635000	       262	80004150	00000013	addi	x0,x0,0	  x0:0x00000000
        2645000	       263	80004154	fe9ff0ef	jal	x1,80004154	  x1=0x80004154
        2655000	       264	00000000	00000013	addi	x0,x0,0	  x0:0x00000000
        2665000	       265	80004138	00000013	addi	x0,x0,0	  x0:0x00000000
        2675000	       266	8000413c	ffdff0ef	jal	x1,8000413c	  x1=0x8000413c
        2685000	       267	00000000	00000013	addi	x0,x0,0	  x0:0x00000000
        2695000	       268	80004134	00000013	addi	x0,x0,0	  x0:0x00000000
        2705000	       269	80004138	00c00bef	jal	x23,80004138	 x23=0x80004138
        2715000	       270	00000000	00000013	addi	x0,x0,0	  x0:0x00000000
        2725000	       271	80004140	00000013	addi	x0,x0,0	  x0:0x00000000
        2735000	       272	80004144	02c0056f	jal	x10,80004144	 x10=0x80004144
        2745000	       273	00000000	00000013	addi	x0,x0,0	  x0:0x00000000
        2755000	       274	8000416c	00000013	addi	x0,x0,0	  x0:0x00000000
        2765000	       275	80004170	fadffcef	jal	x25,80004170	 x25=0x80004170
        2775000	       276	00000000	00000013	addi	x0,x0,0	  x0:0x00000000
        2785000	       277	80004118	00000013	addi	x0,x0,0	  x0:0x00000000
        2795000	       278	8000411c	00c0036f	jal	x6,8000411c	  x6=0x8000411c
        2805000	       279	00000000	00000013	addi	x0,x0,0	  x0:0x00000000
        2815000	       280	80004124	00000013	addi	x0,x0,0	  x0:0x00000000
        2825000	       281	80004128	0500096f	jal	x18,80004128	 x18=0x80004128
        2835000	       282	00000000	00000013	addi	x0,x0,0	  x0:0x00000000
        2845000	       283	80004174	00000013	addi	x0,x0,0	  x0:0x00000000
        2855000	       284	80004178	fe9ff0ef	jal	x1,80004178	  x1=0x80004178
        2865000	       285	00000000	00000013	addi	x0,x0,0	  x0:0x00000000
        2875000	       286	8000415c	00000013	addi	x0,x0,0	  x0:0x00000000
        2885000	       287	80004160	ff1ff0ef	jal	x1,80004160	  x1=0x80004160
        2895000	       288	00000000	00000013	addi	x0,x0,0	  x0:0x00000000
        2905000	       289	8000414c	00000013	addi	x0,x0,0	  x0:0x00000000
        2915000	       290	80004150	fddff0ef	jal	x1,80004150	  x1=0x80004150
        2925000	       291	00000000	00000013	addi	x0,x0,0	  x0:0x00000000
        2935000	       292	80004128	00000013	addi	x0,x0,0	  x0:0x00000000
        2945000	       293	8000412c	048000ef	jal	x1,8000412c	  x1=0x8000412c
        2955000	       294	00000000	00000013	addi	x0,x0,0	  x0:0x00000000
        2965000	       295	80004170	00000013	addi	x0,x0,0	  x0:0x00000000
        2975000	       296	80004174	fe5ff0ef	jal	x1,80004174	  x1=0x80004174
        2985000	       297	00000000	00000013	addi	x0,x0,0	  x0:0x00000000
        2995000	       298	80004154	00000013	addi	x0,x0,0	  x0:0x00000000
        3005000	       299	80004158	fddff0ef	jal	x1,80004158	  x1=0x80004158
        3015000	       300	00000000	00000013	addi	x0,x0,0	  x0:0x00000000
        3025000	       301	80004130	00000013	addi	x0,x0,0	  x0:0x00000000
        3035000	       302	80004134	030004ef	jal	x9,80004134	  x9=0x80004134
        3045000	       303	00000000	00000013	addi	x0,x0,0	  x0:0x00000000
        3055000	       304	80004160	00000013	addi	x0,x0,0	  x0:0x00000000
        3065000	       305	80004164	fe5ff2ef	jal	x5,80004164	  x5=0x80004164
        3075000	       306	00000000	00000013	addi	x0,x0,0	  x0:0x00000000
        3085000	       307	80004144	00000013	addi	x0,x0,0	  x0:0x00000000
        3095000	       308	80004148	024000ef	jal	x1,80004148	  x1=0x80004148
        3105000	       309	00000000	00000013	addi	x0,x0,0	  x0:0x00000000
        3115000	       310	80004168	00000013	addi	x0,x0,0	  x0:0x00000000
        3125000	       311	8000416c	fd5ff56f	jal	x10,8000416c	 x10=0x8000416c
        3135000	       312	00000000	00000013	addi	x0,x0,0	  x0:0x00000000
        3145000	       313	8000413c	00000013	addi	x0,x0,0	  x0:0x00000000
        3155000	       314	80004140	01c000ef	jal	x1,80004140	  x1=0x80004140
        3165000	       315	00000000	00000013	addi	x0,x0,0	  x0:0x00000000
        3175000	       316	80004158	00000013	addi	x0,x0,0	  x0:0x00000000
        3185000	       317	8000415c	fd5ff0ef	jal	x1,8000415c	  x1=0x8000415c
        3195000	       318	00000000	00000013	addi	x0,x0,0	  x0:0x00000000
        3205000	       319	8000412c	00000013	addi	x0,x0,0	  x0:0x00000000
        3215000	       320	80004130	ff5ff0ef	jal	x1,80004130	  x1=0x80004130
        3225000	       321	00000000	00000013	addi	x0,x0,0	  x0:0x00000000
        3235000	       322	80004120	00000013	addi	x0,x0,0	  x0:0x00000000
        3245000	       323	80004124	058000ef	jal	x1,80004124	  x1=0x80004124
        3255000	       324	00000000	00000013	addi	x0,x0,0	  x0:0x00000000
        3265000	       325	80004178	00000013	addi	x0,x0,0	  x0:0x00000000
        3275000	       326	8000417c	41a43f93	sltiu	x31,x8,1050	  x8:0x0100013f x31=0x00000000
        3285000	       327	80004180	0040026f	jal	x4,80004180	  x4=0x80004180
        3295000	       328	00000000	00000013	addi	x0,x0,0	  x0:0x00000000
        3305000	       329	80004180	00000013	addi	x0,x0,0	  x0:0x00000000
        3315000	       330	80004184	01c0036f	jal	x6,80004184	  x6=0x80004184
        3325000	       331	00000000	00000013	addi	x0,x0,0	  x0:0x00000000
        3335000	       332	8000419c	00000013	addi	x0,x0,0	  x0:0x00000000
        3345000	       333	800041a0	fe9ff0ef	jal	x1,800041a0	  x1=0x800041a0
        3355000	       334	00000000	00000013	addi	x0,x0,0	  x0:0x00000000
        3365000	       335	80004184	00000013	addi	x0,x0,0	  x0:0x00000000
        3375000	       336	80004188	03c001ef	jal	x3,80004188	  x3=0x80004188
        3385000	       337	00000000	00000013	addi	x0,x0,0	  x0:0x00000000
        3395000	       338	800041c0	00000013	addi	x0,x0,0	  x0:0x00000000
        3405000	       339	800041c4	ffdff0ef	jal	x1,800041c4	  x1=0x800041c4
        3415000	       340	00000000	00000013	addi	x0,x0,0	  x0:0x00000000
        3425000	       341	800041bc	00000013	addi	x0,x0,0	  x0:0x00000000
        3435000	       342	800041c0	024000ef	jal	x1,800041c0	  x1=0x800041c0
        3445000	       343	00000000	00000013	addi	x0,x0,0	  x0:0x00000000
        3455000	       344	800041e0	00000013	addi	x0,x0,0	  x0:0x00000000
        3465000	       345	800041e4	fc1ff36f	jal	x6,800041e4	  x6=0x800041e4
        3475000	       346	00000000	00000013	addi	x0,x0,0	  x0:0x00000000
        3485000	       347	800041a0	00000013	addi	x0,x0,0	  x0:0x00000000
        3495000	       348	800041a4	0280026f	jal	x4,800041a4	  x4=0x800041a4
        3505000	       349	00000000	00000013	addi	x0,x0,0	  x0:0x00000000
        3515000	       350	800041c8	00000013	addi	x0,x0,0	  x0:0x00000000
        3525000	       351	800041cc	fe9ffa6f	jal	x20,800041cc	 x20=0x800041cc
        3535000	       352	00000000	00000013	addi	x0,x0,0	  x0:0x00000000
        3545000	       353	800041b0	00000013	addi	x0,x0,0	  x0:0x00000000
        3555000	       354	800041b4	ffdff0ef	jal	x1,800041b4	  x1=0x800041b4
        3565000	       355	00000000	00000013	addi	x0,x0,0	  x0:0x00000000
        3575000	       356	800041ac	00000013	addi	x0,x0,0	  x0:0x00000000
        3585000	       357	800041b0	008005ef	jal	x11,800041b0	 x11=0x800041b0
        3595000	       358	00000000	00000013	addi	x0,x0,0	  x0:0x00000000
        3605000	       359	800041b4	00000013	addi	x0,x0,0	  x0:0x00000000
        3615000	       360	800041b8	018000ef	jal	x1,800041b8	  x1=0x800041b8
        3625000	       361	00000000	00000013	addi	x0,x0,0	  x0:0x00000000
        3635000	       362	800041cc	00000013	addi	x0,x0,0	  x0:0x00000000
        3645000	       363	800041d0	fddff36f	jal	x6,800041d0	  x6=0x800041d0
        3655000	       364	00000000	00000013	addi	x0,x0,0	  x0:0x00000000
        3665000	       365	800041a8	00000013	addi	x0,x0,0	  x0:0x00000000
        3675000	       366	800041ac	fedff2ef	jal	x5,800041ac	  x5=0x800041ac
        3685000	       367	00000000	00000013	addi	x0,x0,0	  x0:0x00000000
        3695000	       368	80004194	00000013	addi	x0,x0,0	  x0:0x00000000
        3705000	       369	80004198	048000ef	jal	x1,80004198	  x1=0x80004198
        3715000	       370	00000000	00000013	addi	x0,x0,0	  x0:0x00000000
        3725000	       371	800041dc	00000013	addi	x0,x0,0	  x0:0x00000000
        3735000	       372	800041e0	fc9ffbef	jal	x23,800041e0	 x23=0x800041e0
        3745000	       373	00000000	00000013	addi	x0,x0,0	  x0:0x00000000
        3755000	       374	800041a4	00000013	addi	x0,x0,0	  x0:0x00000000
        3765000	       375	800041a8	030000ef	jal	x1,800041a8	  x1=0x800041a8
        3775000	       376	00000000	00000013	addi	x0,x0,0	  x0:0x00000000
        3785000	       377	800041d4	00000013	addi	x0,x0,0	  x0:0x00000000
        3795000	       378	800041d8	fe5ff26f	jal	x4,800041d8	  x4=0x800041d8
        3805000	       379	00000000	00000013	addi	x0,x0,0	  x0:0x00000000
        3815000	       380	800041b8	00000013	addi	x0,x0,0	  x0:0x00000000
        3825000	       381	800041bc	02c0036f	jal	x6,800041bc	  x6=0x800041bc
        3835000	       382	00000000	00000013	addi	x0,x0,0	  x0:0x00000000
        3845000	       383	800041e4	00000013	addi	x0,x0,0	  x0:0x00000000
        3855000	       384	800041e8	fb5ff0ef	jal	x1,800041e8	  x1=0x800041e8
        3865000	       385	00000000	00000013	addi	x0,x0,0	  x0:0x00000000
        3875000	       386	80004198	00000013	addi	x0,x0,0	  x0:0x00000000
        3885000	       387	8000419c	ff9ff0ef	jal	x1,8000419c	  x1=0x8000419c
        3895000	       388	00000000	00000013	addi	x0,x0,0	  x0:0x00000000
        3905000	       389	80004190	00000013	addi	x0,x0,0	  x0:0x00000000
        3915000	       390	80004194	ff9ff36f	jal	x6,80004194	  x6=0x80004194
        3925000	       391	00000000	00000013	addi	x0,x0,0	  x0:0x00000000
        3935000	       392	80004188	00000013	addi	x0,x0,0	  x0:0x00000000
        3945000	       393	8000418c	03c000ef	jal	x1,8000418c	  x1=0x8000418c
        3955000	       394	00000000	00000013	addi	x0,x0,0	  x0:0x00000000
        3965000	       395	800041c4	00000013	addi	x0,x0,0	  x0:0x00000000
        3975000	       396	800041c8	014000ef	jal	x1,800041c8	  x1=0x800041c8
        3985000	       397	00000000	00000013	addi	x0,x0,0	  x0:0x00000000
        3995000	       398	800041d8	00000013	addi	x0,x0,0	  x0:0x00000000
        4005000	       399	800041dc	fb5ff4ef	jal	x9,800041dc	  x9=0x800041dc
        4015000	       400	00000000	00000013	addi	x0,x0,0	  x0:0x00000000
        4025000	       401	8000418c	00000013	addi	x0,x0,0	  x0:0x00000000
        4035000	       402	80004190	044000ef	jal	x1,80004190	  x1=0x80004190
        4045000	       403	00000000	00000013	addi	x0,x0,0	  x0:0x00000000
        4055000	       404	800041d0	00000013	addi	x0,x0,0	  x0:0x00000000
        4065000	       405	800041d4	0180036f	jal	x6,800041d4	  x6=0x800041d4
        4075000	       406	00000000	00000013	addi	x0,x0,0	  x0:0x00000000
        4085000	       407	800041e8	00000013	addi	x0,x0,0	  x0:0x00000000
        4095000	       408	800041ec	0a8a8e93	addi	x29,x21,168	 x21:0x00000000 x29=0x000000a8
        4105000	       409	800041f0	dd7b3313	sltiu	x6,x22,-553	 x22:0x80004108  x6=0x00000001
        4115000	       410	800041f4	01459863	bne	x11,x20,80004204	 x11:0x800041b0 x20:0x800041cc
        4125000	       411	00000000	00000013	addi	x0,x0,0	  x0:0x00000000
        4135000	       412	80004200	00000013	addi	x0,x0,0	  x0:0x00000000
        4145000	       413	80004204	0010ca63	blt	x1,x1,80004218	  x1:0x80004190  x1:0x80004190
        4155000	       414	80004208	04e78063	beq	x15,x14,80004248	 x15:0x00000001 x14:0x80000000
        4165000	       415	8000420c	e8a7e913	ori	x18,x15,-374	 x15:0x00000001 x18=0xfffffe8b
        4175000	       416	80004210	9bb1ea13	ori	x20,x3,-1605	  x3:0x80004188 x20=0xfffff9bb
        4185000	       417	80004214	02091063	bne	x18,x0,80004234	 x18:0xfffffe8b  x0:0x00000000
        4195000	       418	00000000	00000013	addi	x0,x0,0	  x0:0x00000000
        4205000	       419	80004230	00000013	addi	x0,x0,0	  x0:0x00000000
        4215000	       420	80004234	b1b98593	addi	x11,x19,-1253	 x19:0x0100013f x11=0x00fffc5a
        4225000	       421	80004238	4062d293	srai	x5,x5,0x6	  x5:0x800041ac  x5=0xfe000106
        4235000	       422	8000423c	c0b1d517	auipc	x10,0xc0b1d	 x10=0x40b21238
        4245000	       423	80004240	e5dcc493	xori	x9,x25,-419	 x25:0x80004170  x9=0x7fffbf2d
        4255000	       424	80004244	8e99eb13	ori	x22,x19,-1815	 x19:0x0100013f x22=0xfffff9ff
        4265000	       425	80004248	e55fc893	xori	x17,x31,-427	 x31:0x00000000 x17=0xfffffe55
        4275000	       426	8000424c	04134063	blt	x6,x1,8000428c	  x6:0x00000001  x1:0x80004190
        4285000	       427	80004250	5beec317	auipc	x6,0x5beec	  x6=0xdbef024c
        4295000	       428	80004254	3ab04913	xori	x18,x0,939	  x0:0x00000000 x18=0x000003ab
        4305000	       429	80004258	ce10fe93	andi	x29,x1,-799	  x1:0x80004190 x29=0x80004080
        4315000	       430	8000425c	b0a78a13	addi	x20,x15,-1270	 x15:0x00000001 x20=0xfffffb0b
        4325000	       431	80004260	41a104b3	sub	x9,x2,x26	  x2:0x80009fc4 x26:0x800040d0  x9=0x00005ef4
        4335000	       432	80004264	82f93893	sltiu	x17,x18,-2001	 x18:0x000003ab x17=0x00000001
        4345000	       433	80004268	b4e1a893	slti	x17,x3,-1202	  x3:0x80004188 x17=0x00000001
        4355000	       434	8000426c	0440f063	bgeu	x1,x4,800042ac	  x1:0x80004190  x4:0x800041d8
        4365000	       435	80004270	016c7033	and	x0,x24,x22	 x24:0x8000a136 x22:0xfffff9ff
        4375000	       436	80004274	004c5893	srli	x17,x24,0x4	 x24:0x8000a136 x17=0x08000a13
        4385000	       437	80004278	abf32f13	slti	x30,x6,-1345	  x6:0xdbef024c x30=0x00000001
        4395000	       438	8000427c	03ac4463	blt	x24,x26,800042a4	 x24:0x8000a136 x26:0x800040d0
        4405000	       439	80004280	013e16b3	sll	x13,x28,x19	 x28:0xe717486a x19:0x0100013f x13=0x00000000
        4415000	       440	80004284	036f6863	bltu	x30,x22,800042b4	 x30:0x00000001 x22:0xfffff9ff
        4425000	       441	00000000	00000013	addi	x0,x0,0	  x0:0x00000000
        4435000	       442	800042b0	00000013	addi	x0,x0,0	  x0:0x00000000
        4445000	       443	800042b4	40cf50b3	sra	x1,x30,x12	 x30:0x00000001 x12:0x8000409c  x1=0x00000000
        4455000	       444	800042b8	baa734b7	lui	x9,0xbaa73	  x9=0xbaa73000
        4465000	       445	800042bc	01b2f233	and	x4,x5,x27	  x5:0xfe000106 x27:0x80009f54  x4=0x80000104
        4475000	       446	800042c0	5dc7fb93	andi	x23,x15,1500	 x15:0x00000001 x23=0x00000000
        4485000	       447	800042c4	00991613	slli	x12,x18,0x9	 x18:0x000003ab x12=0x00075600
        4495000	       448	800042c8	df87c213	xori	x4,x15,-520	 x15:0x00000001  x4=0xfffffdf9
        4505000	       449	800042cc	01f1de93	srli	x29,x3,0x1f	  x3:0x80004188 x29=0x00000001
        4515000	       450	800042d0	001038b3	sltu	x17,x0,x1	  x0:0x00000000  x1:0x00000000 x17=0x00000000
        4525000	       451	800042d4	6b993293	sltiu	x5,x18,1721	 x18:0x000003ab  x5=0x00000001
        4535000	       452	800042d8	01f3cb33	xor	x22,x7,x31	  x7:0x2a009f44 x31:0x00000000 x22=0x2a009f44
        4545000	       453	800042dc	01bd1493	slli	x9,x26,0x1b	 x26:0x800040d0  x9=0x80000000
        4555000	       454	800042e0	022d6263	bltu	x26,x2,80004304	 x26:0x800040d0  x2:0x80009fc4
        4565000	       455	00000000	00000013	addi	x0,x0,0	  x0:0x00000000
        4575000	       456	80004300	00000013	addi	x0,x0,0	  x0:0x00000000
        4585000	       457	80004304	000fd693	srli	x13,x31,0x0	 x31:0x00000000 x13=0x00000000
        4595000	       458	80004308	01a89933	sll	x18,x17,x26	 x17:0x00000000 x26:0x800040d0 x18=0x00000000
        4605000	       459	8000430c	411387b3	sub	x15,x7,x17	  x7:0x2a009f44 x17:0x00000000 x15=0x2a009f44
        4615000	       460	80004310	01fcd463	bge	x25,x31,80004318	 x25:0x80004170 x31:0x00000000
        4625000	       461	80004314	01e280b3	add	x1,x5,x30	  x5:0x00000001 x30:0x00000001  x1=0x00000002
        4635000	       462	80004318	41fc0f33	sub	x30,x24,x31	 x24:0x8000a136 x31:0x00000000 x30=0x8000a136
        4645000	       463	8000431c	004d79b3	and	x19,x26,x4	 x26:0x800040d0  x4:0xfffffdf9 x19=0x800040d0
        4655000	       464	80004320	03cd9663	bne	x27,x28,8000434c	 x27:0x80009f54 x28:0xe717486a
        4665000	       465	00000000	00000013	addi	x0,x0,0	  x0:0x00000000
        4675000	       466	80004348	00000013	addi	x0,x0,0	  x0:0x00000000
        4685000	       467	8000434c	00ae7033	and	x0,x28,x10	 x28:0xe717486a x10:0x40b21238
        4695000	       468	80004350	003c0bb3	add	x23,x24,x3	 x24:0x8000a136  x3:0x80004188 x23=0x0000e2be
        4705000	       469	80004354	49887d13	andi	x26,x16,1176	 x16:0x80000000 x26=0x00000000
        4715000	       470	80004358	c5af2d37	lui	x26,0xc5af2	 x26=0xc5af2000
        4725000	       471	8000435c	000a1eb3	sll	x29,x20,x0	 x20:0xfffffb0b  x0:0x00000000 x29=0xfffffb0b
        4735000	       472	80004360	01fceeb3	or	x29,x25,x31	 x25:0x80004170 x31:0x00000000 x29=0x80004170
        4745000	       473	80004364	f09b6193	ori	x3,x22,-247	 x22:0x2a009f44  x3=0xffffff4d
        4755000	       474	80004368	01446a33	or	x20,x8,x20	  x8:0x0100013f x20:0xfffffb0b x20=0xfffffb3f
        4765000	       475	8000436c	402f59b3	sra	x19,x30,x2	 x30:0x8000a136  x2:0x80009fc4 x19=0xf8000a13
        4775000	       476	80004370	40c05293	srai	x5,x0,0xc	  x0:0x00000000  x5=0x00000000
        4785000	       477	80004374	402303b3	sub	x7,x6,x2	  x6:0xdbef024c  x2:0x80009fc4  x7=0x5bee6288
        4795000	       478	80004378	3d6caa93	slti	x21,x25,982	 x25:0x80004170 x21=0x00000001
        4805000	       479	8000437c	003a1e63	bne	x20,x3,80004398	 x20:0xfffffb3f  x3:0xffffff4d
        4815000	       480	00000000	00000013	addi	x0,x0,0	  x0:0x00000000
        4825000	       481	80004394	00000013	addi	x0,x0,0	  x0:0x00000000
        4835000	       482	80004398	dcccefb7	lui	x31,0xdccce	 x31=0xdccce000
        4845000	       483	8000439c	400dda93	srai	x21,x27,0x0	 x27:0x80009f54 x21=0x80009f54
        4855000	       484	800043a0	01621463	bne	x4,x22,800043a8	  x4:0xfffffdf9 x22:0x2a009f44
        4865000	       485	00000000	00000013	addi	x0,x0,0	  x0:0x00000000
        4875000	       486	800043a4	00000013	addi	x0,x0,0	  x0:0x00000000
        4885000	       487	800043a8	00935a33	srl	x20,x6,x9	  x6:0xdbef024c  x9:0x80000000 x20=0xdbef024c
        4895000	       488	800043ac	001f1393	slli	x7,x30,0x1	 x30:0x8000a136  x7=0x0001426c
        4905000	       489	800043b0	01785493	srli	x9,x16,0x17	 x16:0x80000000  x9=0x00000100
        4915000	       490	800043b4	03120863	beq	x4,x17,800043e4	  x4:0xfffffdf9 x17:0x00000000
        4925000	       491	800043b8	eb187293	andi	x5,x16,-335	 x16:0x80000000  x5=0x80000000
        4935000	       492	800043bc	08ed3f13	sltiu	x30,x26,142	 x26:0xc5af2000 x30=0x00000000
        4945000	       493	800043c0	000462b3	or	x5,x8,x0	  x8:0x0100013f  x0:0x00000000  x5=0x0100013f
        4955000	       494	800043c4	01f47cb3	and	x25,x8,x31	  x8:0x0100013f x31:0xdccce000 x25=0x00000000
        4965000	       495	800043c8	003912b3	sll	x5,x18,x3	 x18:0x00000000  x3:0xffffff4d  x5=0x00000000
        4975000	       496	800043cc	60bae313	ori	x6,x21,1547	 x21:0x80009f54  x6=0x80009f5f
        4985000	       497	800043d0	00d5db13	srli	x22,x11,0xd	 x11:0x00fffc5a x22=0x000007ff
        4995000	       498	800043d4	01d86333	or	x6,x16,x29	 x16:0x80000000 x29:0x80004170  x6=0x80004170
        5005000	       499	800043d8	40acd913	srai	x18,x25,0xa	 x25:0x00000000 x18=0x00000000
        5015000	       500	800043dc	00000013	addi	x0,x0,0	  x0:0x00000000
        5025000	       501	800043e0	fb534237	lui	x4,0xfb534	  x4=0xfb534000
        5035000	       502	800043e4	b7524f93	xori	x31,x4,-1163	  x4:0xfb534000 x31=0x04acbb75
        5045000	       503	800043e8	0109ee33	or	x28,x19,x16	 x19:0xf8000a13 x16:0x80000000 x28=0xf8000a13
        5055000	       504	800043ec	005f0c63	beq	x30,x5,80004404	 x30:0x00000000  x5:0x00000000
        5065000	       505	00000000	00000013	addi	x0,x0,0	  x0:0x00000000
        5075000	       506	80004400	00000013	addi	x0,x0,0	  x0:0x00000000
        5085000	       507	80004404	eb08ae93	slti	x29,x17,-336	 x17:0x00000000 x29=0x00000000
        5095000	       508	80004408	41fd0d33	sub	x26,x26,x31	 x26:0xc5af2000 x31:0x04acbb75 x26=0xc102648b
        5105000	       509	8000440c	027ec663	blt	x29,x7,80004438	 x29:0x00000000  x7:0x0001426c
        5115000	       510	00000000	00000013	addi	x0,x0,0	  x0:0x00000000
        5125000	       511	80004434	00000013	addi	x0,x0,0	  x0:0x00000000
        5135000	       512	80004438	ef25b513	sltiu	x10,x11,-270	 x11:0x00fffc5a x10=0x00000001
        5145000	       513	8000443c	12083693	sltiu	x13,x16,288	 x16:0x80000000 x13=0x00000000
        5155000	       514	80004440	055f1063	bne	x30,x21,80004480	 x30:0x00000000 x21:0x80009f54
        5165000	       515	00000000	00000013	addi	x0,x0,0	  x0:0x00000000
        5175000	       516	8000447c	00000013	addi	x0,x0,0	  x0:0x00000000
        5185000	       517	80004480	69ac8093	addi	x1,x25,1690	 x25:0x00000000  x1=0x0000069a
        5195000	       518	80004484	01c57c33	and	x24,x10,x28	 x10:0x00000001 x28:0xf8000a13 x24=0x00000001
        5205000	       519	80004488	027d6263	bltu	x26,x7,800044ac	 x26:0xc102648b  x7:0x0001426c
        5215000	       520	8000448c	0147d233	srl	x4,x15,x20	 x15:0x2a009f44 x20:0xdbef024c  x4=0x0002a009
        5225000	       521	80004490	017b9313	slli	x6,x23,0x17	 x23:0x0000e2be  x6=0x5f000000
        5235000	       522	80004494	0aa68863	beq	x13,x10,80004544	 x13:0x00000000 x10:0x00000001
        5245000	       523	80004498	00ac39b3	sltu	x19,x24,x10	 x24:0x00000001 x10:0x00000001 x19=0x00000000
        5255000	       524	8000449c	017b0e63	beq	x22,x23,800044b8	 x22:0x000007ff x23:0x0000e2be
        5265000	       525	800044a0	20d93293	sltiu	x5,x18,525	 x18:0x00000000  x5=0x00000001
        5275000	       526	800044a4	a6e1f413	andi	x8,x3,-1426	  x3:0xffffff4d  x8=0xfffffa4c
        5285000	       527	800044a8	0d866063	bltu	x12,x24,80004568	 x12:0x00075600 x24:0x00000001
        5295000	       528	800044ac	0115fcb3	and	x25,x11,x17	 x11:0x00fffc5a x17:0x00000000 x25=0x00000000
        5305000	       529	800044b0	8a788993	addi	x19,x17,-1881	 x17:0x00000000 x19=0xfffff8a7
        5315000	       530	800044b4	40625c93	srai	x25,x4,0x6	  x4:0x0002a009 x25=0x00000a80
        5325000	       531	800044b8	2323e893	ori	x17,x7,562	  x7:0x0001426c x17=0x0001427e
        5335000	       532	800044bc	00e3db33	srl	x22,x7,x14	  x7:0x0001426c x14:0x80000000 x22=0x0001426c
        5345000	       533	800044c0	00000013	addi	x0,x0,0	  x0:0x00000000
        5355000	       534	800044c4	7548ab13	slti	x22,x17,1876	 x17:0x0001427e x22=0x00000000
        5365000	       535	800044c8	01a48633	add	x12,x9,x26	  x9:0x00000100 x26:0xc102648b x12=0xc102658b
        5375000	       536	800044cc	0040026f	jal	x4,800044cc	  x4=0x800044cc
        5385000	       537	00000000	00000013	addi	x0,x0,0	  x0:0x00000000
        5395000	       538	800044cc	00000013	addi	x0,x0,0	  x0:0x00000000
        5405000	       539	800044d0	060000ef	jal	x1,800044d0	  x1=0x800044d0
        5415000	       540	00000000	00000013	addi	x0,x0,0	  x0:0x00000000
        5425000	       541	8000452c	00000013	addi	x0,x0,0	  x0:0x00000000
        5435000	       542	80004530	fcdff0ef	jal	x1,80004530	  x1=0x80004530
        5445000	       543	00000000	00000013	addi	x0,x0,0	  x0:0x00000000
        5455000	       544	800044f8	00000013	addi	x0,x0,0	  x0:0x00000000
        5465000	       545	800044fc	024000ef	jal	x1,800044fc	  x1=0x800044fc
        5475000	       546	00000000	00000013	addi	x0,x0,0	  x0:0x00000000
        5485000	       547	8000451c	00000013	addi	x0,x0,0	  x0:0x00000000
        5495000	       548	80004520	fbdff0ef	jal	x1,80004520	  x1=0x80004520
        5505000	       549	00000000	00000013	addi	x0,x0,0	  x0:0x00000000
        5515000	       550	800044d8	00000013	addi	x0,x0,0	  x0:0x00000000
        5525000	       551	800044dc	04c00eef	jal	x29,800044dc	 x29=0x800044dc
        5535000	       552	00000000	00000013	addi	x0,x0,0	  x0:0x00000000
        5545000	       553	80004524	00000013	addi	x0,x0,0	  x0:0x00000000
        5555000	       554	80004528	fc9ff36f	jal	x6,80004528	  x6=0x80004528
        5565000	       555	00000000	00000013	addi	x0,x0,0	  x0:0x00000000
        5575000	       556	800044ec	00000013	addi	x0,x0,0	  x0:0x00000000
        5585000	       557	800044f0	fe5ff36f	jal	x6,800044f0	  x6=0x800044f0
        5595000	       558	00000000	00000013	addi	x0,x0,0	  x0:0x00000000
        5605000	       559	800044d0	00000013	addi	x0,x0,0	  x0:0x00000000
        5615000	       560	800044d4	03c000ef	jal	x1,800044d4	  x1=0x800044d4
        5625000	       561	00000000	00000013	addi	x0,x0,0	  x0:0x00000000
        5635000	       562	8000450c	00000013	addi	x0,x0,0	  x0:0x00000000
        5645000	       563	80004510	ff1ff0ef	jal	x1,80004510	  x1=0x80004510
        5655000	       564	00000000	00000013	addi	x0,x0,0	  x0:0x00000000
        5665000	       565	800044fc	00000013	addi	x0,x0,0	  x0:0x00000000
        5675000	       566	80004500	ff9ff0ef	jal	x1,80004500	  x1=0x80004500
        5685000	       567	00000000	00000013	addi	x0,x0,0	  x0:0x00000000
        5695000	       568	800044f4	00000013	addi	x0,x0,0	  x0:0x00000000
        5705000	       569	800044f8	00c0036f	jal	x6,800044f8	  x6=0x800044f8
        5715000	       570	00000000	00000013	addi	x0,x0,0	  x0:0x00000000
        5725000	       571	80004500	00000013	addi	x0,x0,0	  x0:0x00000000
        5735000	       572	80004504	0280056f	jal	x10,80004504	 x10=0x80004504
        5745000	       573	00000000	00000013	addi	x0,x0,0	  x0:0x00000000
        5755000	       574	80004528	00000013	addi	x0,x0,0	  x0:0x00000000
        5765000	       575	8000452c	fedff36f	jal	x6,8000452c	  x6=0x8000452c
        5775000	       576	00000000	00000013	addi	x0,x0,0	  x0:0x00000000
        5785000	       577	80004514	00000013	addi	x0,x0,0	  x0:0x00000000
        5795000	       578	80004518	fc1ffc6f	jal	x24,80004518	 x24=0x80004518
        5805000	       579	00000000	00000013	addi	x0,x0,0	  x0:0x00000000
        5815000	       580	800044d4	00000013	addi	x0,x0,0	  x0:0x00000000
        5825000	       581	800044d8	03c0046f	jal	x8,800044d8	  x8=0x800044d8
        5835000	       582	00000000	00000013	addi	x0,x0,0	  x0:0x00000000
        5845000	       583	80004510	00000013	addi	x0,x0,0	  x0:0x00000000
        5855000	       584	80004514	fd5ff36f	jal	x6,80004514	  x6=0x80004514
        5865000	       585	00000000	00000013	addi	x0,x0,0	  x0:0x00000000
        5875000	       586	800044e4	00000013	addi	x0,x0,0	  x0:0x00000000
        5885000	       587	800044e8	00c000ef	jal	x1,800044e8	  x1=0x800044e8
        5895000	       588	00000000	00000013	addi	x0,x0,0	  x0:0x00000000
        5905000	       589	800044f0	00000013	addi	x0,x0,0	  x0:0x00000000
        5915000	       590	800044f4	0280026f	jal	x4,800044f4	  x4=0x800044f4
        5925000	       591	00000000	00000013	addi	x0,x0,0	  x0:0x00000000
        5935000	       592	80004518	00000013	addi	x0,x0,0	  x0:0x00000000
        5945000	       593	8000451c	fc5ff0ef	jal	x1,8000451c	  x1=0x8000451c
        5955000	       594	00000000	00000013	addi	x0,x0,0	  x0:0x00000000
        5965000	       595	800044dc	00000013	addi	x0,x0,0	  x0:0x00000000
        5975000	       596	800044e0	028000ef	jal	x1,800044e0	  x1=0x800044e0
        5985000	       597	00000000	00000013	addi	x0,x0,0	  x0:0x00000000
        5995000	       598	80004504	00000013	addi	x0,x0,0	  x0:0x00000000
        6005000	       599	80004508	fddff36f	jal	x6,80004508	  x6=0x80004508
        6015000	       600	00000000	00000013	addi	x0,x0,0	  x0:0x00000000
        6025000	       601	800044e0	00000013	addi	x0,x0,0	  x0:0x00000000
        6035000	       602	800044e4	008000ef	jal	x1,800044e4	  x1=0x800044e4
        6045000	       603	00000000	00000013	addi	x0,x0,0	  x0:0x00000000
        6055000	       604	800044e8	00000013	addi	x0,x0,0	  x0:0x00000000
        6065000	       605	800044ec	03800e6f	jal	x28,800044ec	 x28=0x800044ec
        6075000	       606	00000000	00000013	addi	x0,x0,0	  x0:0x00000000
        6085000	       607	80004520	00000013	addi	x0,x0,0	  x0:0x00000000
        6095000	       608	80004524	fe9ff36f	jal	x6,80004524	  x6=0x80004524
        6105000	       609	00000000	00000013	addi	x0,x0,0	  x0:0x00000000
        6115000	       610	80004508	00000013	addi	x0,x0,0	  x0:0x00000000
        6125000	       611	8000450c	0280036f	jal	x6,8000450c	  x6=0x8000450c
        6135000	       612	00000000	00000013	addi	x0,x0,0	  x0:0x00000000
        6145000	       613	80004530	00000013	addi	x0,x0,0	  x0:0x00000000
        6155000	       614	80004534	004000ef	jal	x1,80004534	  x1=0x80004534
        6165000	       615	00000000	00000013	addi	x0,x0,0	  x0:0x00000000
        6175000	       616	80004534	00000013	addi	x0,x0,0	  x0:0x00000000
        6185000	       617	80004538	00000013	addi	x0,x0,0	  x0:0x00000000
        6195000	       618	8000453c	40be5513	srai	x10,x28,0xb	 x28:0x800044ec x10=0xfff00008
        6205000	       619	80004540	005c52b3	srl	x5,x24,x5	 x24:0x80004518  x5:0x00000001  x5=0x4000228c
        6215000	       620	80004544	8cd30513	addi	x10,x6,-1843	  x6:0x8000450c x10=0x80003dd9
        6225000	       621	80004548	01822533	slt	x10,x4,x24	  x4:0x800044f4 x24:0x80004518 x10=0x00000001
        6235000	       622	8000454c	6782bc13	sltiu	x24,x5,1656	  x5:0x4000228c x24=0x00000000
        6245000	       623	80004550	01d91c13	slli	x24,x18,0x1d	 x18:0x00000000 x24=0x00000000
        6255000	       624	80004554	0055ad33	slt	x26,x11,x5	 x11:0x00fffc5a  x5:0x4000228c x26=0x00000001
        6265000	       625	80004558	05859063	bne	x11,x24,80004598	 x11:0x00fffc5a x24:0x00000000
        6275000	       626	00000000	00000013	addi	x0,x0,0	  x0:0x00000000
        6285000	       627	80004594	00000013	addi	x0,x0,0	  x0:0x00000000
        6295000	       628	80004598	00162fb3	slt	x31,x12,x1	 x12:0xc102658b  x1:0x80004534 x31=0x00000000
        6305000	       629	8000459c	05f38063	beq	x7,x31,800045dc	  x7:0x0001426c x31:0x00000000
        6315000	       630	800045a0	01dcd693	srli	x13,x25,0x1d	 x25:0x00000a80 x13=0x00000000
        6325000	       631	800045a4	00ddfbb3	and	x23,x27,x13	 x27:0x80009f54 x13:0x00000000 x23=0x00000000
        6335000	       632	800045a8	49dc7993	andi	x19,x24,1181	 x24:0x00000000 x19=0x00000000
        6345000	       633	800045ac	742b0813	addi	x16,x22,1858	 x22:0x00000000 x16=0x00000742
        6355000	       634	800045b0	fb473e93	sltiu	x29,x14,-76	 x14:0x80000000 x29=0x00000001
        6365000	       635	800045b4	cbd1f993	andi	x19,x3,-835	  x3:0xffffff4d x19=0xfffffc0d
        6375000	       636	800045b8	00edce33	xor	x28,x27,x14	 x27:0x80009f54 x14:0x80000000 x28=0x00009f54
        6385000	       637	800045bc	01ea1c63	bne	x20,x30,800045d4	 x20:0xdbef024c x30:0x00000000
        6395000	       638	00000000	00000013	addi	x0,x0,0	  x0:0x00000000
        6405000	       639	800045d0	00000013	addi	x0,x0,0	  x0:0x00000000
        6415000	       640	800045d4	005a8663	beq	x21,x5,800045e0	 x21:0x80009f54  x5:0x4000228c
        6425000	       641	800045d8	41515593	srai	x11,x2,0x15	  x2:0x80009fc4 x11=0xfffffc00
        6435000	       642	800045dc	010a7a63	bgeu	x20,x16,800045f0	 x20:0xdbef024c x16:0x00000742
        6445000	       643	00000000	00000013	addi	x0,x0,0	  x0:0x00000000
        6455000	       644	800045ec	00000013	addi	x0,x0,0	  x0:0x00000000
        6465000	       645	800045f0	01289d33	sll	x26,x17,x18	 x17:0x0001427e x18:0x00000000 x26=0x0001427e
        6475000	       646	800045f4	04220063	beq	x4,x2,80004634	  x4:0x800044f4  x2:0x80009fc4
        6485000	       647	800045f8	013f4c63	blt	x30,x19,80004610	 x30:0x00000000 x19:0xfffffc0d
        6495000	       648	800045fc	000f1893	slli	x17,x30,0x0	 x30:0x00000000 x17=0x00000000
        6505000	       649	80004600	0388f263	bgeu	x17,x24,80004624	 x17:0x00000000 x24:0x00000000
        6515000	       650	00000000	00000013	addi	x0,x0,0	  x0:0x00000000
        6525000	       651	80004620	00000013	addi	x0,x0,0	  x0:0x00000000
        6535000	       652	80004624	00000013	addi	x0,x0,0	  x0:0x00000000
        6545000	       653	80004628	00a4fab3	and	x21,x9,x10	  x9:0x00000100 x10:0x00000001 x21=0x00000000
        6555000	       654	8000462c	5ba4e913	ori	x18,x9,1466	  x9:0x00000100 x18=0x000005ba
        6565000	       655	80004630	94fcbc93	sltiu	x25,x25,-1713	 x25:0x00000a80 x25=0x00000001
        6575000	       656	80004634	002f9333	sll	x6,x31,x2	 x31:0x00000000  x2:0x80009fc4  x6=0x00000000
        6585000	       657	80004638	c0f8b913	sltiu	x18,x17,-1009	 x17:0x00000000 x18=0x00000001
        6595000	       658	8000463c	031f7463	bgeu	x30,x17,80004664	 x30:0x00000000 x17:0x00000000
        6605000	       659	00000000	00000013	addi	x0,x0,0	  x0:0x00000000
        6615000	       660	80004660	00000013	addi	x0,x0,0	  x0:0x00000000
        6625000	       661	80004664	41cdd1b3	sra	x3,x27,x28	 x27:0x80009f54 x28:0x00009f54  x3=0xfffff800
        6635000	       662	80004668	403d5433	sra	x8,x26,x3	 x26:0x0001427e  x3:0xfffff800  x8=0x0001427e
        6645000	       663	8000466c	41c05e13	srai	x28,x0,0x1c	  x0:0x00000000 x28=0x00000000
        6655000	       664	80004670	0159d313	srli	x6,x19,0x15	 x19:0xfffffc0d  x6=0x000007ff
        6665000	       665	80004674	001ac9b3	xor	x19,x21,x1	 x21:0x00000000  x1:0x80004534 x19=0x80004534
        6675000	       666	80004678	8a8972b7	lui	x5,0x8a897	  x5=0x8a897000
        6685000	       667	8000467c	01a4f3b3	and	x7,x9,x26	  x9:0x00000100 x26:0x0001427e  x7=0x00000000
        6695000	       668	80004680	00341a63	bne	x8,x3,80004694	  x8:0x0001427e  x3:0xfffff800
        6705000	       669	00000000	00000013	addi	x0,x0,0	  x0:0x00000000
        6715000	       670	80004690	00000013	addi	x0,x0,0	  x0:0x00000000
        6725000	       671	80004694	0307d063	bge	x15,x16,800046b4	 x15:0x2a009f44 x16:0x00000742
        6735000	       672	00000000	00000013	addi	x0,x0,0	  x0:0x00000000
        6745000	       673	800046b0	00000013	addi	x0,x0,0	  x0:0x00000000
        6755000	       674	800046b4	00ace1b3	or	x3,x25,x10	 x25:0x00000001 x10:0x00000001  x3=0x00000001
        6765000	       675	800046b8	004da203	lw	x4,4(x27)	 x27:0x80009f54  x4=0x80000144 PA:0x80009f58
        6775000	       676	00000000	00000013	addi	x0,x0,0	  x0:0x00000000
        6785000	       677	800046bc	01c23cb3	sltu	x25,x4,x28	  x4:0x80000144 x28:0x00000000 x25=0x00000000
        6795000	       678	800046c0	414a8ab3	sub	x21,x21,x20	 x21:0x00000000 x20:0xdbef024c x21=0x2410fdb4
        6805000	       679	800046c4	01e461b3	or	x3,x8,x30	  x8:0x0001427e x30:0x00000000  x3=0x0001427e
        6815000	       680	800046c8	00000013	addi	x0,x0,0	  x0:0x00000000
        6825000	       681	800046cc	006f1ab3	sll	x21,x30,x6	 x30:0x00000000  x6:0x000007ff x21=0x00000000
        6835000	       682	800046d0	7761c793	xori	x15,x3,1910	  x3:0x0001427e x15=0x00014508
        6845000	       683	800046d4	0010c2b3	xor	x5,x1,x1	  x1:0x80004534  x1:0x80004534  x5=0x00000000
        6855000	       684	800046d8	030d8d93	addi	x27,x27,48	 x27:0x80009f54 x27=0x80009f84
        6865000	       685	800046dc	414b54b3	sra	x9,x22,x20	 x22:0x00000000 x20:0xdbef024c  x9=0x00000000
        6875000	       686	800046e0	864dc093	xori	x1,x27,-1948	 x27:0x80009f84  x1=0x7fff67e0
        6885000	       687	800046e4	00020a93	addi	x21,x4,0	  x4:0x80000144 x21=0x80000144
        6895000	       688	800046e8	000a8ae7	jalr	x21,x21,0	 x21:0x80000144 x21=0x800046e8
        6905000	       689	00000000	00000013	addi	x0,x0,0	  x0:0x00000000
        6915000	       690	80000144	00000013	addi	x0,x0,0	  x0:0x00000000
        6925000	       691	80000148	0540026f	jal	x4,80000148	  x4=0x80000148
        6935000	       692	00000000	00000013	addi	x0,x0,0	  x0:0x00000000
        6945000	       693	80000198	00000013	addi	x0,x0,0	  x0:0x00000000
        6955000	       694	8000019c	ffdff0ef	jal	x1,8000019c	  x1=0x8000019c
        6965000	       695	00000000	00000013	addi	x0,x0,0	  x0:0x00000000
        6975000	       696	80000194	00000013	addi	x0,x0,0	  x0:0x00000000
        6985000	       697	80000198	00800cef	jal	x25,80000198	 x25=0x80000198
        6995000	       698	00000000	00000013	addi	x0,x0,0	  x0:0x00000000
        7005000	       699	8000019c	00000013	addi	x0,x0,0	  x0:0x00000000
        7015000	       700	800001a0	fe1ff0ef	jal	x1,800001a0	  x1=0x800001a0
        7025000	       701	00000000	00000013	addi	x0,x0,0	  x0:0x00000000
        7035000	       702	8000017c	00000013	addi	x0,x0,0	  x0:0x00000000
        7045000	       703	80000180	fd9ff0ef	jal	x1,80000180	  x1=0x80000180
        7055000	       704	00000000	00000013	addi	x0,x0,0	  x0:0x00000000
        7065000	       705	80000154	00000013	addi	x0,x0,0	  x0:0x00000000
        7075000	       706	80000158	038000ef	jal	x1,80000158	  x1=0x80000158
        7085000	       707	00000000	00000013	addi	x0,x0,0	  x0:0x00000000
        7095000	       708	8000018c	00000013	addi	x0,x0,0	  x0:0x00000000
        7105000	       709	80000190	ff9ffb6f	jal	x22,80000190	 x22=0x80000190
        7115000	       710	00000000	00000013	addi	x0,x0,0	  x0:0x00000000
        7125000	       711	80000184	00000013	addi	x0,x0,0	  x0:0x00000000
        7135000	       712	80000188	020000ef	jal	x1,80000188	  x1=0x80000188
        7145000	       713	00000000	00000013	addi	x0,x0,0	  x0:0x00000000
        7155000	       714	800001a4	00000013	addi	x0,x0,0	  x0:0x00000000
        7165000	       715	800001a8	fd5ff0ef	jal	x1,800001a8	  x1=0x800001a8
        7175000	       716	00000000	00000013	addi	x0,x0,0	  x0:0x00000000
        7185000	       717	80000178	00000013	addi	x0,x0,0	  x0:0x00000000
        7195000	       718	8000017c	ffdff2ef	jal	x5,8000017c	  x5=0x8000017c
        7205000	       719	00000000	00000013	addi	x0,x0,0	  x0:0x00000000
        7215000	       720	80000174	00000013	addi	x0,x0,0	  x0:0x00000000
        7225000	       721	80000178	02c00cef	jal	x25,80000178	 x25=0x80000178
        7235000	       722	00000000	00000013	addi	x0,x0,0	  x0:0x00000000
        7245000	       723	800001a0	00000013	addi	x0,x0,0	  x0:0x00000000
        7255000	       724	800001a4	fc5ff36f	jal	x6,800001a4	  x6=0x800001a4
        7265000	       725	00000000	00000013	addi	x0,x0,0	  x0:0x00000000
        7275000	       726	80000164	00000013	addi	x0,x0,0	  x0:0x00000000
        7285000	       727	80000168	0440036f	jal	x6,80000168	  x6=0x80000168
        7295000	       728	00000000	00000013	addi	x0,x0,0	  x0:0x00000000
        7305000	       729	800001a8	00000013	addi	x0,x0,0	  x0:0x00000000
        7315000	       730	800001ac	fb9ff0ef	jal	x1,800001ac	  x1=0x800001ac
        7325000	       731	00000000	00000013	addi	x0,x0,0	  x0:0x00000000
        7335000	       732	80000160	00000013	addi	x0,x0,0	  x0:0x00000000
        7345000	       733	80000164	fe9ff0ef	jal	x1,80000164	  x1=0x80000164
        7355000	       734	00000000	00000013	addi	x0,x0,0	  x0:0x00000000
        7365000	       735	80000148	00000013	addi	x0,x0,0	  x0:0x00000000
        7375000	       736	8000014c	020000ef	jal	x1,8000014c	  x1=0x8000014c
        7385000	       737	00000000	00000013	addi	x0,x0,0	  x0:0x00000000
        7395000	       738	80000168	00000013	addi	x0,x0,0	  x0:0x00000000
        7405000	       739	8000016c	ff5ff0ef	jal	x1,8000016c	  x1=0x8000016c
        7415000	       740	00000000	00000013	addi	x0,x0,0	  x0:0x00000000
        7425000	       741	8000015c	00000013	addi	x0,x0,0	  x0:0x00000000
        7435000	       742	80000160	ff5ff0ef	jal	x1,80000160	  x1=0x80000160
        7445000	       743	00000000	00000013	addi	x0,x0,0	  x0:0x00000000
        7455000	       744	80000150	00000013	addi	x0,x0,0	  x0:0x00000000
        7465000	       745	80000154	038007ef	jal	x15,80000154	 x15=0x80000154
        7475000	       746	00000000	00000013	addi	x0,x0,0	  x0:0x00000000
        7485000	       747	80000188	00000013	addi	x0,x0,0	  x0:0x00000000
        7495000	       748	8000018c	ff9ff36f	jal	x6,8000018c	  x6=0x8000018c
        7505000	       749	00000000	00000013	addi	x0,x0,0	  x0:0x00000000
        7515000	       750	80000180	00000013	addi	x0,x0,0	  x0:0x00000000
        7525000	       751	80000184	ff1ff66f	jal	x12,80000184	 x12=0x80000184
        7535000	       752	00000000	00000013	addi	x0,x0,0	  x0:0x00000000
        7545000	       753	80000170	00000013	addi	x0,x0,0	  x0:0x00000000
        7555000	       754	80000174	fe9ff0ef	jal	x1,80000174	  x1=0x80000174
        7565000	       755	00000000	00000013	addi	x0,x0,0	  x0:0x00000000
        7575000	       756	80000158	00000013	addi	x0,x0,0	  x0:0x00000000
        7585000	       757	8000015c	054000ef	jal	x1,8000015c	  x1=0x8000015c
        7595000	       758	00000000	00000013	addi	x0,x0,0	  x0:0x00000000
        7605000	       759	800001ac	00000013	addi	x0,x0,0	  x0:0x00000000
        7615000	       760	800001b0	fa1ff0ef	jal	x1,800001b0	  x1=0x800001b0
        7625000	       761	00000000	00000013	addi	x0,x0,0	  x0:0x00000000
        7635000	       762	8000014c	00000013	addi	x0,x0,0	  x0:0x00000000
        7645000	       763	80000150	044001ef	jal	x3,80000150	  x3=0x80000150
        7655000	       764	00000000	00000013	addi	x0,x0,0	  x0:0x00000000
        7665000	       765	80000190	00000013	addi	x0,x0,0	  x0:0x00000000
        7675000	       766	80000194	fddff1ef	jal	x3,80000194	  x3=0x80000194
        7685000	       767	00000000	00000013	addi	x0,x0,0	  x0:0x00000000
        7695000	       768	8000016c	00000013	addi	x0,x0,0	  x0:0x00000000
        7705000	       769	80000170	04400eef	jal	x29,80000170	 x29=0x80000170
        7715000	       770	00000000	00000013	addi	x0,x0,0	  x0:0x00000000
        7725000	       771	800001b0	00000013	addi	x0,x0,0	  x0:0x00000000
        7735000	       772	800001b4	a9386593	ori	x11,x16,-1389	 x16:0x00000742 x11=0xffffffd3
        7745000	       773	800001b8	0680026f	jal	x4,800001b8	  x4=0x800001b8
        7755000	       774	00000000	00000013	addi	x0,x0,0	  x0:0x00000000
        7765000	       775	8000021c	00000013	addi	x0,x0,0	  x0:0x00000000
        7775000	       776	80000220	fd9ffc6f	jal	x24,80000220	 x24=0x80000220
        7785000	       777	00000000	00000013	addi	x0,x0,0	  x0:0x00000000
        7795000	       778	800001f4	00000013	addi	x0,x0,0	  x0:0x00000000
        7805000	       779	800001f8	008000ef	jal	x1,800001f8	  x1=0x800001f8
        7815000	       780	00000000	00000013	addi	x0,x0,0	  x0:0x00000000
        7825000	       781	800001fc	00000013	addi	x0,x0,0	  x0:0x00000000
        7835000	       782	80000200	fc1ff0ef	jal	x1,80000200	  x1=0x80000200
        7845000	       783	00000000	00000013	addi	x0,x0,0	  x0:0x00000000
        7855000	       784	800001bc	00000013	addi	x0,x0,0	  x0:0x00000000
        7865000	       785	800001c0	04c000ef	jal	x1,800001c0	  x1=0x800001c0
        7875000	       786	00000000	00000013	addi	x0,x0,0	  x0:0x00000000
        7885000	       787	80000208	00000013	addi	x0,x0,0	  x0:0x00000000
        7895000	       788	8000020c	0100036f	jal	x6,8000020c	  x6=0x8000020c
        7905000	       789	00000000	00000013	addi	x0,x0,0	  x0:0x00000000
        7915000	       790	80000218	00000013	addi	x0,x0,0	  x0:0x00000000
        7925000	       791	8000021c	fb9ff2ef	jal	x5,8000021c	  x5=0x8000021c
        7935000	       792	00000000	00000013	addi	x0,x0,0	  x0:0x00000000
        7945000	       793	800001d0	00000013	addi	x0,x0,0	  x0:0x00000000
        7955000	       794	800001d4	028000ef	jal	x1,800001d4	  x1=0x800001d4
        7965000	       795	00000000	00000013	addi	x0,x0,0	  x0:0x00000000
        7975000	       796	800001f8	00000013	addi	x0,x0,0	  x0:0x00000000
        7985000	       797	800001fc	fc9ff0ef	jal	x1,800001fc	  x1=0x800001fc
        7995000	       798	00000000	00000013	addi	x0,x0,0	  x0:0x00000000
        8005000	       799	800001c0	00000013	addi	x0,x0,0	  x0:0x00000000
        8015000	       800	800001c4	044000ef	jal	x1,800001c4	  x1=0x800001c4
        8025000	       801	00000000	00000013	addi	x0,x0,0	  x0:0x00000000
        8035000	       802	80000204	00000013	addi	x0,x0,0	  x0:0x00000000
        8045000	       803	80000208	008000ef	jal	x1,80000208	  x1=0x80000208
        8055000	       804	00000000	00000013	addi	x0,x0,0	  x0:0x00000000
        8065000	       805	8000020c	00000013	addi	x0,x0,0	  x0:0x00000000
        8075000	       806	80000210	fd5ff0ef	jal	x1,80000210	  x1=0x80000210
        8085000	       807	00000000	00000013	addi	x0,x0,0	  x0:0x00000000
        8095000	       808	800001e0	00000013	addi	x0,x0,0	  x0:0x00000000
        8105000	       809	800001e4	048000ef	jal	x1,800001e4	  x1=0x800001e4
        8115000	       810	00000000	00000013	addi	x0,x0,0	  x0:0x00000000
        8125000	       811	80000228	00000013	addi	x0,x0,0	  x0:0x00000000
        8135000	       812	8000022c	fb1ff0ef	jal	x1,8000022c	  x1=0x8000022c
        8145000	       813	00000000	00000013	addi	x0,x0,0	  x0:0x00000000
        8155000	       814	800001d8	00000013	addi	x0,x0,0	  x0:0x00000000
        8165000	       815	800001dc	ff1ff36f	jal	x6,800001dc	  x6=0x800001dc
        8175000	       816	00000000	00000013	addi	x0,x0,0	  x0:0x00000000
        8185000	       817	800001c8	00000013	addi	x0,x0,0	  x0:0x00000000
        8195000	       818	800001cc	028000ef	jal	x1,800001cc	  x1=0x800001cc
        8205000	       819	00000000	00000013	addi	x0,x0,0	  x0:0x00000000
        8215000	       820	800001f0	00000013	addi	x0,x0,0	  x0:0x00000000
        8225000	       821	800001f4	fe5ff36f	jal	x6,800001f4	  x6=0x800001f4
        8235000	       822	00000000	00000013	addi	x0,x0,0	  x0:0x00000000
        8245000	       823	800001d4	00000013	addi	x0,x0,0	  x0:0x00000000
        8255000	       824	800001d8	fe5ff66f	jal	x12,800001d8	 x12=0x800001d8
        8265000	       825	00000000	00000013	addi	x0,x0,0	  x0:0x00000000
        8275000	       826	800001b8	00000013	addi	x0,x0,0	  x0:0x00000000
        8285000	       827	800001bc	01400b6f	jal	x22,800001bc	 x22=0x800001bc
        8295000	       828	00000000	00000013	addi	x0,x0,0	  x0:0x00000000
        8305000	       829	800001cc	00000013	addi	x0,x0,0	  x0:0x00000000
        8315000	       830	800001d0	0480056f	jal	x10,800001d0	 x10=0x800001d0
        8325000	       831	00000000	00000013	addi	x0,x0,0	  x0:0x00000000
        8335000	       832	80000214	00000013	addi	x0,x0,0	  x0:0x00000000
        8345000	       833	80000218	01800a6f	jal	x20,80000218	 x20=0x80000218
        8355000	       834	00000000	00000013	addi	x0,x0,0	  x0:0x00000000
        8365000	       835	8000022c	00000013	addi	x0,x0,0	  x0:0x00000000
        8375000	       836	80000230	ff9ff36f	jal	x6,80000230	  x6=0x80000230
        8385000	       837	00000000	00000013	addi	x0,x0,0	  x0:0x00000000
        8395000	       838	80000224	00000013	addi	x0,x0,0	  x0:0x00000000
        8405000	       839	80000228	fddff0ef	jal	x1,80000228	  x1=0x80000228
        8415000	       840	00000000	00000013	addi	x0,x0,0	  x0:0x00000000
        8425000	       841	80000200	00000013	addi	x0,x0,0	  x0:0x00000000
        8435000	       842	80000204	fedff96f	jal	x18,80000204	 x18=0x80000204
        8445000	       843	00000000	00000013	addi	x0,x0,0	  x0:0x00000000
        8455000	       844	800001ec	00000013	addi	x0,x0,0	  x0:0x00000000
        8465000	       845	800001f0	ff9ff0ef	jal	x1,800001f0	  x1=0x800001f0
        8475000	       846	00000000	00000013	addi	x0,x0,0	  x0:0x00000000
        8485000	       847	800001e4	00000013	addi	x0,x0,0	  x0:0x00000000
        8495000	       848	800001e8	03c001ef	jal	x3,800001e8	  x3=0x800001e8
        8505000	       849	00000000	00000013	addi	x0,x0,0	  x0:0x00000000
        8515000	       850	80000220	00000013	addi	x0,x0,0	  x0:0x00000000
        8525000	       851	80000224	ff1ff0ef	jal	x1,80000224	  x1=0x80000224
        8535000	       852	00000000	00000013	addi	x0,x0,0	  x0:0x00000000
        8545000	       853	80000210	00000013	addi	x0,x0,0	  x0:0x00000000
        8555000	       854	80000214	fcdff2ef	jal	x5,80000214	  x5=0x80000214
        8565000	       855	00000000	00000013	addi	x0,x0,0	  x0:0x00000000
        8575000	       856	800001dc	00000013	addi	x0,x0,0	  x0:0x00000000
        8585000	       857	800001e0	00c0026f	jal	x4,800001e0	  x4=0x800001e0
        8595000	       858	00000000	00000013	addi	x0,x0,0	  x0:0x00000000
        8605000	       859	800001e8	00000013	addi	x0,x0,0	  x0:0x00000000
        8615000	       860	800001ec	fddff36f	jal	x6,800001ec	  x6=0x800001ec
        8625000	       861	00000000	00000013	addi	x0,x0,0	  x0:0x00000000
        8635000	       862	800001c4	00000013	addi	x0,x0,0	  x0:0x00000000
        8645000	       863	800001c8	06c000ef	jal	x1,800001c8	  x1=0x800001c8
        8655000	       864	00000000	00000013	addi	x0,x0,0	  x0:0x00000000
        8665000	       865	80000230	00000013	addi	x0,x0,0	  x0:0x00000000
        8675000	       866	80000234	01182bb3	slt	x23,x16,x17	 x16:0x00000742 x17:0x00000000 x23=0x00000000
        8685000	       867	80000238	08b1e513	ori	x10,x3,139	  x3:0x800001e8 x10=0x800001eb
        8695000	       868	8000023c	41e251b3	sra	x3,x4,x30	  x4:0x800001e0 x30:0x00000000  x3=0x800001e0
        8705000	       869	80000240	01cfa9b3	slt	x19,x31,x28	 x31:0x00000000 x28:0x00000000 x19=0x00000000
        8715000	       870	80000244	0298e063	bltu	x17,x9,80000264	 x17:0x00000000  x9:0x00000000
        8725000	       871	80000248	0508d463	bge	x17,x16,80000290	 x17:0x00000000 x16:0x00000742
        8735000	       872	8000024c	051c5463	bge	x24,x17,80000294	 x24:0x80000220 x17:0x00000000
        8745000	       873	80000250	01913033	sltu	x0,x2,x25	  x2:0x80009fc4 x25:0x80000178
        8755000	       874	80000254	abc87093	andi	x1,x16,-1348	 x16:0x00000742  x1=0x00000200
        8765000	       875	80000258	006330b3	sltu	x1,x6,x6	  x6:0x800001ec  x6:0x800001ec  x1=0x00000000
        8775000	       876	8000025c	0197ebb3	or	x23,x15,x25	 x15:0x80000154 x25:0x80000178 x23=0x8000017c
        8785000	       877	80000260	41510b13	addi	x22,x2,1045	  x2:0x80009fc4 x22=0x8000a3d9
        8795000	       878	80000264	01dc1c33	sll	x24,x24,x29	 x24:0x80000220 x29:0x80000170 x24=0x02200000
        8805000	       879	80000268	0242cc63	blt	x5,x4,800002a0	  x5:0x80000214  x4:0x800001e0
        8815000	       880	8000026c	fd6bed13	ori	x26,x23,-42	 x23:0x8000017c x26=0xfffffffe
        8825000	       881	80000270	01f9a833	slt	x16,x19,x31	 x19:0x00000000 x31:0x00000000 x16=0x00000000
        8835000	       882	80000274	8f5cc693	xori	x13,x25,-1803	 x25:0x80000178 x13=0x7ffff98d
        8845000	       883	80000278	56ac3293	sltiu	x5,x24,1386	 x24:0x02200000  x5=0x00000000
        8855000	       884	8000027c	005ebc33	sltu	x24,x29,x5	 x29:0x80000170  x5:0x00000000 x24=0x00000000
        8865000	       885	80000280	41c45493	srai	x9,x8,0x1c	  x8:0x0001427e  x9=0x00000000
        8875000	       886	80000284	40095f33	sra	x30,x18,x0	 x18:0x80000204  x0:0x00000000 x30=0x80000204
        8885000	       887	80000288	1162af13	slti	x30,x5,278	  x5:0x00000000 x30=0x00000001
        8895000	       888	8000028c	0586c413	xori	x8,x13,88	 x13:0x7ffff98d  x8=0x7ffff9d5
        8905000	       889	80000290	b17da4b7	lui	x9,0xb17da	  x9=0xb17da000
        8915000	       890	80000294	942fac93	slti	x25,x31,-1726	 x31:0x00000000 x25=0x00000000
        8925000	       891	80000298	0088ca63	blt	x17,x8,800002ac	 x17:0x00000000  x8:0x7ffff9d5
        8935000	       892	00000000	00000013	addi	x0,x0,0	  x0:0x00000000
        8945000	       893	800002a8	00000013	addi	x0,x0,0	  x0:0x00000000
        8955000	       894	800002ac	fcefc993	xori	x19,x31,-50	 x31:0x00000000 x19=0xffffffce
        8965000	       895	800002b0	00e4cc63	blt	x9,x14,800002c8	  x9:0xb17da000 x14:0x80000000
        8975000	       896	800002b4	8acd0e13	addi	x28,x26,-1876	 x26:0xfffffffe x28=0xfffff8aa
        8985000	       897	800002b8	01dd5f13	srli	x30,x26,0x1d	 x26:0xfffffffe x30=0x00000007
        8995000	       898	800002bc	00000013	addi	x0,x0,0	  x0:0x00000000
        9005000	       899	800002c0	bcf28293	addi	x5,x5,-1073	  x5:0x00000000  x5=0xfffffbcf
        9015000	       900	800002c4	00c12333	slt	x6,x2,x12	  x2:0x80009fc4 x12:0x800001d8  x6=0x00000000
        9025000	       901	800002c8	bb0ef0b7	lui	x1,0xbb0ef	  x1=0xbb0ef000
        9035000	       902	800002cc	011d7c63	bgeu	x26,x17,800002e4	 x26:0xfffffffe x17:0x00000000
        9045000	       903	00000000	00000013	addi	x0,x0,0	  x0:0x00000000
        9055000	       904	800002e0	00000013	addi	x0,x0,0	  x0:0x00000000
        9065000	       905	800002e4	05f81063	bne	x16,x31,80000324	 x16:0x00000000 x31:0x00000000
        9075000	       906	800002e8	01c35a13	srli	x20,x6,0x1c	  x6:0x00000000 x20=0x00000000
        9085000	       907	800002ec	2dcb0f93	addi	x31,x22,732	 x22:0x8000a3d9 x31=0x8000a6b5
        9095000	       908	800002f0	01ab4f33	xor	x30,x22,x26	 x22:0x8000a3d9 x26:0xfffffffe x30=0x7fff5c27
        9105000	       909	800002f4	00b70033	add	x0,x14,x11	 x14:0x80000000 x11:0xffffffd3
        9115000	       910	800002f8	9e875d17	auipc	x26,0x9e875	 x26=0x1e8752f4
        9125000	       911	800002fc	00000013	addi	x0,x0,0	  x0:0x00000000
        9135000	       912	80000300	f0493c17	auipc	x24,0xf0493	 x24=0x704932fc
        9145000	       913	80000304	00b2da13	srli	x20,x5,0xb	  x5:0xfffffbcf x20=0x001fffff
        9155000	       914	80000308	88f3af13	slti	x30,x7,-1905	  x7:0x00000000 x30=0x00000000
        9165000	       915	8000030c	017e5413	srli	x8,x28,0x17	 x28:0xfffff8aa  x8=0x000001ff
        9175000	       916	80000310	555ec693	xori	x13,x29,1365	 x29:0x80000170 x13=0x80000425
        9185000	       917	80000314	05b24e63	blt	x4,x27,80000370	  x4:0x800001e0 x27:0x80009f84
        9195000	       918	00000000	00000013	addi	x0,x0,0	  x0:0x00000000
        9205000	       919	8000036c	00000013	addi	x0,x0,0	  x0:0x00000000
        9215000	       920	80000370	012c6933	or	x18,x24,x18	 x24:0x704932fc x18:0x80000204 x18=0xf04932fc
        9225000	       921	80000374	41115033	sra	x0,x2,x17	  x2:0x80009fc4 x17:0x00000000
        9235000	       922	80000378	414a0533	sub	x10,x20,x20	 x20:0x001fffff x20:0x001fffff x10=0x00000000
        9245000	       923	8000037c	01cb40b3	xor	x1,x22,x28	 x22:0x8000a3d9 x28:0xfffff8aa  x1=0x7fff5b73
        9255000	       924	80000380	01b750b3	srl	x1,x14,x27	 x14:0x80000000 x27:0x80009f84  x1=0x08000000
        9265000	       925	80000384	0043a6b3	slt	x13,x7,x4	  x7:0x00000000  x4:0x800001e0 x13=0x00000000
        9275000	       926	80000388	779bf013	andi	x0,x23,1913	 x23:0x8000017c
        9285000	       927	8000038c	00e9d093	srli	x1,x19,0xe	 x19:0xffffffce  x1=0x0003ffff
        9295000	       928	80000390	02d65463	bge	x12,x13,800003b8	 x12:0x800001d8 x13:0x00000000
        9305000	       929	80000394	0108c8b3	xor	x17,x17,x16	 x17:0x00000000 x16:0x00000000 x17=0x00000000
        9315000	       930	80000398	02549863	bne	x9,x5,800003c8	  x9:0xb17da000  x5:0xfffffbcf
        9325000	       931	00000000	00000013	addi	x0,x0,0	  x0:0x00000000
        9335000	       932	800003c4	00000013	addi	x0,x0,0	  x0:0x00000000
        9345000	       933	800003c8	014f4263	blt	x30,x20,800003cc	 x30:0x00000000 x20:0x001fffff
        9355000	       934	00000000	00000013	addi	x0,x0,0	  x0:0x00000000
        9365000	       935	800003c8	00000013	addi	x0,x0,0	  x0:0x00000000
        9375000	       936	800003cc	4086da13	srai	x20,x13,0x8	 x13:0x00000000 x20=0x00000000
        9385000	       937	800003d0	000fd3b3	srl	x7,x31,x0	 x31:0x8000a6b5  x0:0x00000000  x7=0x8000a6b5
        9395000	       938	800003d4	00dcd413	srli	x8,x25,0xd	 x25:0x00000000  x8=0x00000000
        9405000	       939	800003d8	3b152b93	slti	x23,x10,945	 x10:0x00000000 x23=0x00000001
        9415000	       940	800003dc	4da03613	sltiu	x12,x0,1242	  x0:0x00000000 x12=0x00000001
        9425000	       941	800003e0	03078663	beq	x15,x16,8000040c	 x15:0x80000154 x16:0x00000000
        9435000	       942	800003e4	05c39463	bne	x7,x28,8000042c	  x7:0x8000a6b5 x28:0xfffff8aa
        9445000	       943	00000000	00000013	addi	x0,x0,0	  x0:0x00000000
        9455000	       944	80000428	00000013	addi	x0,x0,0	  x0:0x00000000
        9465000	       945	8000042c	d0f2b193	sltiu	x3,x5,-753	  x5:0xfffffbcf  x3=0x00000001
        9475000	       946	80000430	00c21893	slli	x17,x4,0xc	  x4:0x800001e0 x17=0x001e0000
        9485000	       947	80000434	003f8833	add	x16,x31,x3	 x31:0x8000a6b5  x3:0x00000001 x16=0x8000a6b6
        9495000	       948	80000438	40665333	sra	x6,x12,x6	 x12:0x00000001  x6:0x00000000  x6=0x00000001
        9505000	       949	8000043c	000a0933	add	x18,x20,x0	 x20:0x00000000  x0:0x00000000 x18=0x00000000
        9515000	       950	80000440	d5e04e37	lui	x28,0xd5e04	 x28=0xd5e04000
        9525000	       951	80000444	da82c893	xori	x17,x5,-600	  x5:0xfffffbcf x17=0x00000667
        9535000	       952	80000448	af8ec793	xori	x15,x29,-1288	 x29:0x80000170 x15=0x7ffffb88
        9545000	       953	8000044c	0153feb3	and	x29,x7,x21	  x7:0x8000a6b5 x21:0x800046e8 x29=0x800006a0
        9555000	       954	80000450	e40f4493	xori	x9,x30,-448	 x30:0x00000000  x9=0xfffffe40
        9565000	       955	80000454	01f40033	add	x0,x8,x31	  x8:0x00000000 x31:0x8000a6b5
        9575000	       956	80000458	b074f693	andi	x13,x9,-1273	  x9:0xfffffe40 x13=0xfffffa00
        9585000	       957	8000045c	00053b33	sltu	x22,x10,x0	 x10:0x00000000  x0:0x00000000 x22=0x00000000
        9595000	       958	80000460	00000717	auipc	x14,0x0	 x14=0x8000045c
        9605000	       959	80000464	00c70713	addi	x14,x14,12	 x14:0x8000045c x14=0x80000468
        9615000	       960	80000468	00070067	jalr	x0,x14,0	 x14:0x80000468
        9625000	       961	00000000	00000013	addi	x0,x0,0	  x0:0x00000000
        9635000	       962	80000468	00000013	addi	x0,x0,0	  x0:0x00000000
        9645000	       963	8000046c	00100193	addi	x3,x0,1	  x0:0x00000000  x3=0x00000001
        9655000	       964	80000470	00000073	ecall	
        9665000	       965	80000474	68ddd937	lui	x18,0x68ddd	 x18=0x68ddd000
