		Time			Cycle	PC		Insn	Decoded instruction	Register and memory contents
          65000	         5	80000004	00000293	addi	x5,x0,0	  x0:0x00000000  x5=0x00000000
          75000	         6	80000008	00000313	addi	x6,x0,0	  x0:0x00000000  x6=0x00000000
          85000	         7	8000000c	00628263	beq	x5,x6,80000010	  x5:0x00000000  x6:0x00000000
          95000	         8	00000000	00000013	addi	x0,x0,0	  x0:0x00000000
         105000	         9	8000000c	00000013	addi	x0,x0,0	  x0:0x00000000
         115000	        10	80000010	00000e17	auipc	x28,0x0	 x28=0x8000000c
         125000	        11	80000014	00ce0e13	addi	x28,x28,12	 x28:0x8000000c x28=0x80000018
         135000	        12	80000018	000e0067	jalr	x0,x28,0	 x28:0x80000018
         145000	        13	00000000	00000013	addi	x0,x0,0	  x0:0x00000000
         155000	        14	80000018	00000013	addi	x0,x0,0	  x0:0x00000000
         165000	        15	8000001c	40000d37	lui	x26,0x40000	 x26=0x40000000
         175000	        16	80000020	100d0d13	addi	x26,x26,256	 x26:0x40000000 x26=0x40000100
         185000	        17	80000024	00000013	addi	x0,x0,0	  x0:0x00000000
         195000	        18	80000028	0000a397	auipc	x7,0xa	  x7=0x8000a024
         205000	        19	8000002c	fa038393	addi	x7,x7,-96	  x7:0x8000a024  x7=0x80009fc4
         215000	        20	80000030	00005d17	auipc	x26,0x5	 x26=0x8000502c
         225000	        21	80000034	ee4d0d13	addi	x26,x26,-284	 x26:0x8000502c x26=0x80004f10
         235000	        22	80000038	001d6d13	ori	x26,x26,1	 x26:0x80004f10 x26=0x80004f11
         245000	        23	8000003c	00000013	addi	x0,x0,0	  x0:0x00000000
         255000	        24	80000040	00000d17	auipc	x26,0x0	 x26=0x8000003c
         265000	        25	80000044	020d0d13	addi	x26,x26,32	 x26:0x8000003c x26=0x8000005c
         275000	        26	80000048	00000013	addi	x0,x0,0	  x0:0x00000000
         285000	        27	8000004c	00000013	addi	x0,x0,0	  x0:0x00000000
         295000	        28	80000050	00002d37	lui	x26,0x2	 x26=0x00002000
         305000	        29	80000054	800d0d13	addi	x26,x26,-2048	 x26:0x00002000 x26=0x00001800
         315000	        30	80000058	00000013	addi	x0,x0,0	  x0:0x00000000
         325000	        31	8000005c	00000013	addi	x0,x0,0	  x0:0x00000000
         335000	        32	80000060	00000013	addi	x0,x0,0	  x0:0x00000000
         345000	        33	80000064	fbe080b7	lui	x1,0xfbe08	  x1=0xfbe08000
         355000	        34	80000068	72f08093	addi	x1,x1,1839	  x1:0xfbe08000  x1=0xfbe0872f
         365000	        35	8000006c	80000137	lui	x2,0x80000	  x2=0x80000000
         375000	        36	80000070	800001b7	lui	x3,0x80000	  x3=0x80000000
         385000	        37	80000074	00900213	addi	x4,x0,9	  x0:0x00000000  x4=0x00000009
         395000	        38	80000078	00f00293	addi	x5,x0,15	  x0:0x00000000  x5=0x0000000f
         405000	        39	8000007c	00600313	addi	x6,x0,6	  x0:0x00000000  x6=0x00000006
         415000	        40	80000080	00000413	addi	x8,x0,0	  x0:0x00000000  x8=0x00000000
         425000	        41	80000084	800004b7	lui	x9,0x80000	  x9=0x80000000
         435000	        42	80000088	f9f26537	lui	x10,0xf9f26	 x10=0xf9f26000
         445000	        43	8000008c	daf50513	addi	x10,x10,-593	 x10:0xf9f26000 x10=0xf9f25daf
         455000	        44	80000090	800005b7	lui	x11,0x80000	 x11=0x80000000
         465000	        45	80000094	00a00613	addi	x12,x0,10	  x0:0x00000000 x12=0x0000000a
         475000	        46	80000098	fc07d6b7	lui	x13,0xfc07d	 x13=0xfc07d000
         485000	        47	8000009c	36968693	addi	x13,x13,873	 x13:0xfc07d000 x13=0xfc07d369
         495000	        48	800000a0	f00a4737	lui	x14,0xf00a4	 x14=0xf00a4000
         505000	        49	800000a4	05670713	addi	x14,x14,86	 x14:0xf00a4000 x14=0xf00a4056
         515000	        50	800000a8	800007b7	lui	x15,0x80000	 x15=0x80000000
         525000	        51	800000ac	f55f3837	lui	x16,0xf55f3	 x16=0xf55f3000
         535000	        52	800000b0	70580813	addi	x16,x16,1797	 x16:0xf55f3000 x16=0xf55f3705
         545000	        53	800000b4	dacba8b7	lui	x17,0xdacba	 x17=0xdacba000
         555000	        54	800000b8	36788893	addi	x17,x17,871	 x17:0xdacba000 x17=0xdacba367
         565000	        55	800000bc	00000913	addi	x18,x0,0	  x0:0x00000000 x18=0x00000000
         575000	        56	800000c0	00500993	addi	x19,x0,5	  x0:0x00000000 x19=0x00000005
         585000	        57	800000c4	00000a13	addi	x20,x0,0	  x0:0x00000000 x20=0x00000000
         595000	        58	800000c8	80000ab7	lui	x21,0x80000	 x21=0x80000000
         605000	        59	800000cc	00600b13	addi	x22,x0,6	  x0:0x00000000 x22=0x00000006
         615000	        60	800000d0	5fdafc37	lui	x24,0x5fdaf	 x24=0x5fdaf000
         625000	        61	800000d4	0bfc0c13	addi	x24,x24,191	 x24:0x5fdaf000 x24=0x5fdaf0bf
         635000	        62	800000d8	00000c93	addi	x25,x0,0	  x0:0x00000000 x25=0x00000000
         645000	        63	800000dc	00000d13	addi	x26,x0,0	  x0:0x00000000 x26=0x00000000
         655000	        64	800000e0	f57a7db7	lui	x27,0xf57a7	 x27=0xf57a7000
         665000	        65	800000e4	255d8d93	addi	x27,x27,597	 x27:0xf57a7000 x27=0xf57a7255
         675000	        66	800000e8	fb061e37	lui	x28,0xfb061	 x28=0xfb061000
         685000	        67	800000ec	b8fe0e13	addi	x28,x28,-1137	 x28:0xfb061000 x28=0xfb060b8f
         695000	        68	800000f0	fad6ceb7	lui	x29,0xfad6c	 x29=0xfad6c000
         705000	        69	800000f4	bc2e8e93	addi	x29,x29,-1086	 x29:0xfad6c000 x29=0xfad6bbc2
         715000	        70	800000f8	80000f37	lui	x30,0x80000	 x30=0x80000000
         725000	        71	800000fc	00e00f93	addi	x31,x0,14	  x0:0x00000000 x31=0x0000000e
         735000	        72	80000100	0000ab97	auipc	x23,0xa	 x23=0x8000a0fc
         745000	        73	80000104	e88b8b93	addi	x23,x23,-376	 x23:0x8000a0fc x23=0x80009f84
         755000	        74	80000108	00003117	auipc	x2,0x3	  x2=0x80003104
         765000	        75	8000010c	d1810113	addi	x2,x2,-744	  x2:0x80003104  x2=0x80002e1c
         775000	        76	80000110	16b40993	addi	x19,x8,363	  x8:0x00000000 x19=0x0000016b
         785000	        77	80000114	cbe10113	addi	x2,x2,-834	  x2:0x80002e1c  x2=0x80002ada
         795000	        78	80000118	d217f613	andi	x12,x15,-735	 x15:0x80000000 x12=0x80000000
         805000	        79	8000011c	0062ec63	bltu	x5,x6,80000134	  x5:0x0000000f  x6:0x00000006
         815000	        80	80000120	5790c593	xori	x11,x1,1401	  x1:0xfbe0872f x11=0xfbe08256
         825000	        81	80000124	a6ff7213	andi	x4,x30,-1425	 x30:0x80000000  x4=0x80000000
         835000	        82	80000128	a8e03c17	auipc	x24,0xa8e03	 x24=0x28e03124
         845000	        83	8000012c	00be19b3	sll	x19,x28,x11	 x28:0xfb060b8f x11:0xfbe08256 x19=0xe3c00000
         855000	        84	80000130	417bdf93	srai	x31,x23,0x17	 x23:0x80009f84 x31=0xffffff00
         865000	        85	80000134	34210367	jalr	x6,x2,834	  x2:0x80002ada  x6=0x80000134
         875000	        86	00000000	00000013	addi	x0,x0,0	  x0:0x00000000
         885000	        87	80002e1c	00000013	addi	x0,x0,0	  x0:0x00000000
         895000	        88	80002e20	fecb8b93	addi	x23,x23,-20	 x23:0x80009f84 x23=0x80009f70
         905000	        89	80002e24	18a93a13	sltiu	x20,x18,394	 x18:0x00000000 x20=0x00000001
         915000	        90	80002e28	006ba223	sw	x6,4(x23)	 x23:0x80009f70  x6:0x80000134 PA:0x80009f74
         925000	        91	80002e2c	009d1d13	slli	x26,x26,0x9	 x26:0x00000000 x26=0x00000000
         935000	        92	80002e30	a63b0813	addi	x16,x22,-1437	 x22:0x00000006 x16=0xfffffa69
         945000	        93	80002e34	02c0036f	jal	x6,80002e34	  x6=0x80002e34
         955000	        94	00000000	00000013	addi	x0,x0,0	  x0:0x00000000
         965000	        95	80002e5c	00000013	addi	x0,x0,0	  x0:0x00000000
         975000	        96	80002e60	ff9ff0ef	jal	x1,80002e60	  x1=0x80002e60
         985000	        97	00000000	00000013	addi	x0,x0,0	  x0:0x00000000
         995000	        98	80002e54	00000013	addi	x0,x0,0	  x0:0x00000000
        1005000	        99	80002e58	0100036f	jal	x6,80002e58	  x6=0x80002e58
        1015000	       100	00000000	00000013	addi	x0,x0,0	  x0:0x00000000
        1025000	       101	80002e64	00000013	addi	x0,x0,0	  x0:0x00000000
        1035000	       102	80002e68	fd9ff1ef	jal	x3,80002e68	  x3=0x80002e68
        1045000	       103	00000000	00000013	addi	x0,x0,0	  x0:0x00000000
        1055000	       104	80002e3c	00000013	addi	x0,x0,0	  x0:0x00000000
        1065000	       105	80002e40	ff9ff36f	jal	x6,80002e40	  x6=0x80002e40
        1075000	       106	00000000	00000013	addi	x0,x0,0	  x0:0x00000000
        1085000	       107	80002e34	00000013	addi	x0,x0,0	  x0:0x00000000
        1095000	       108	80002e38	03c0086f	jal	x16,80002e38	 x16=0x80002e38
        1105000	       109	00000000	00000013	addi	x0,x0,0	  x0:0x00000000
        1115000	       110	80002e70	00000013	addi	x0,x0,0	  x0:0x00000000
        1125000	       111	80002e74	004000ef	jal	x1,80002e74	  x1=0x80002e74
        1135000	       112	00000000	00000013	addi	x0,x0,0	  x0:0x00000000
        1145000	       113	80002e74	00000013	addi	x0,x0,0	  x0:0x00000000
        1155000	       114	80002e78	ff9ff1ef	jal	x3,80002e78	  x3=0x80002e78
        1165000	       115	00000000	00000013	addi	x0,x0,0	  x0:0x00000000
        1175000	       116	80002e6c	00000013	addi	x0,x0,0	  x0:0x00000000
        1185000	       117	80002e70	ffdff0ef	jal	x1,80002e70	  x1=0x80002e70
        1195000	       118	00000000	00000013	addi	x0,x0,0	  x0:0x00000000
        1205000	       119	80002e68	00000013	addi	x0,x0,0	  x0:0x00000000
        1215000	       120	80002e6c	fe9ff0ef	jal	x1,80002e6c	  x1=0x80002e6c
        1225000	       121	00000000	00000013	addi	x0,x0,0	  x0:0x00000000
        1235000	       122	80002e50	00000013	addi	x0,x0,0	  x0:0x00000000
        1245000	       123	80002e54	ff9ff0ef	jal	x1,80002e54	  x1=0x80002e54
        1255000	       124	00000000	00000013	addi	x0,x0,0	  x0:0x00000000
        1265000	       125	80002e48	00000013	addi	x0,x0,0	  x0:0x00000000
        1275000	       126	80002e4c	010008ef	jal	x17,80002e4c	 x17=0x80002e4c
        1285000	       127	00000000	00000013	addi	x0,x0,0	  x0:0x00000000
        1295000	       128	80002e58	00000013	addi	x0,x0,0	  x0:0x00000000
        1305000	       129	80002e5c	ff5ffd6f	jal	x26,80002e5c	 x26=0x80002e5c
        1315000	       130	00000000	00000013	addi	x0,x0,0	  x0:0x00000000
        1325000	       131	80002e4c	00000013	addi	x0,x0,0	  x0:0x00000000
        1335000	       132	80002e50	0140026f	jal	x4,80002e50	  x4=0x80002e50
        1345000	       133	00000000	00000013	addi	x0,x0,0	  x0:0x00000000
        1355000	       134	80002e60	00000013	addi	x0,x0,0	  x0:0x00000000
        1365000	       135	80002e64	0180036f	jal	x6,80002e64	  x6=0x80002e64
        1375000	       136	00000000	00000013	addi	x0,x0,0	  x0:0x00000000
        1385000	       137	80002e78	00000013	addi	x0,x0,0	  x0:0x00000000
        1395000	       138	80002e7c	fc9ff0ef	jal	x1,80002e7c	  x1=0x80002e7c
        1405000	       139	00000000	00000013	addi	x0,x0,0	  x0:0x00000000
        1415000	       140	80002e40	00000013	addi	x0,x0,0	  x0:0x00000000
        1425000	       141	80002e44	0040036f	jal	x6,80002e44	  x6=0x80002e44
        1435000	       142	00000000	00000013	addi	x0,x0,0	  x0:0x00000000
        1445000	       143	80002e44	00000013	addi	x0,x0,0	  x0:0x00000000
        1455000	       144	80002e48	ff5ff0ef	jal	x1,80002e48	  x1=0x80002e48
        1465000	       145	00000000	00000013	addi	x0,x0,0	  x0:0x00000000
        1475000	       146	80002e38	00000013	addi	x0,x0,0	  x0:0x00000000
        1485000	       147	80002e3c	044000ef	jal	x1,80002e3c	  x1=0x80002e3c
        1495000	       148	00000000	00000013	addi	x0,x0,0	  x0:0x00000000
        1505000	       149	80002e7c	00000013	addi	x0,x0,0	  x0:0x00000000
        1515000	       150	80002e80	01a31793	slli	x15,x6,0x1a	  x6:0x80002e44 x15=0x10000000
        1525000	       151	80002e84	0180036f	jal	x6,80002e84	  x6=0x80002e84
        1535000	       152	00000000	00000013	addi	x0,x0,0	  x0:0x00000000
        1545000	       153	80002e98	00000013	addi	x0,x0,0	  x0:0x00000000
        1555000	       154	80002e9c	fedfff6f	jal	x30,80002e9c	 x30=0x80002e9c
        1565000	       155	00000000	00000013	addi	x0,x0,0	  x0:0x00000000
        1575000	       156	80002e84	00000013	addi	x0,x0,0	  x0:0x00000000
        1585000	       157	80002e88	030006ef	jal	x13,80002e88	 x13=0x80002e88
        1595000	       158	00000000	00000013	addi	x0,x0,0	  x0:0x00000000
        1605000	       159	80002eb4	00000013	addi	x0,x0,0	  x0:0x00000000
        1615000	       160	80002eb8	fd5ff66f	jal	x12,80002eb8	 x12=0x80002eb8
        1625000	       161	00000000	00000013	addi	x0,x0,0	  x0:0x00000000
        1635000	       162	80002e88	00000013	addi	x0,x0,0	  x0:0x00000000
        1645000	       163	80002e8c	0040056f	jal	x10,80002e8c	 x10=0x80002e8c
        1655000	       164	00000000	00000013	addi	x0,x0,0	  x0:0x00000000
        1665000	       165	80002e8c	00000013	addi	x0,x0,0	  x0:0x00000000
        1675000	       166	80002e90	02c0026f	jal	x4,80002e90	  x4=0x80002e90
        1685000	       167	00000000	00000013	addi	x0,x0,0	  x0:0x00000000
        1695000	       168	80002eb8	00000013	addi	x0,x0,0	  x0:0x00000000
        1705000	       169	80002ebc	ff9ff0ef	jal	x1,80002ebc	  x1=0x80002ebc
        1715000	       170	00000000	00000013	addi	x0,x0,0	  x0:0x00000000
        1725000	       171	80002eb0	00000013	addi	x0,x0,0	  x0:0x00000000
        1735000	       172	80002eb4	ffdff2ef	jal	x5,80002eb4	  x5=0x80002eb4
        1745000	       173	00000000	00000013	addi	x0,x0,0	  x0:0x00000000
        1755000	       174	80002eac	00000013	addi	x0,x0,0	  x0:0x00000000
        1765000	       175	80002eb0	ff9ff16f	jal	x2,80002eb0	  x2=0x80002eb0
        1775000	       176	00000000	00000013	addi	x0,x0,0	  x0:0x00000000
        1785000	       177	80002ea4	00000013	addi	x0,x0,0	  x0:0x00000000
        1795000	       178	80002ea8	00400cef	jal	x25,80002ea8	 x25=0x80002ea8
        1805000	       179	00000000	00000013	addi	x0,x0,0	  x0:0x00000000
        1815000	       180	80002ea8	00000013	addi	x0,x0,0	  x0:0x00000000
        1825000	       181	80002eac	ff5ffdef	jal	x27,80002eac	 x27=0x80002eac
        1835000	       182	00000000	00000013	addi	x0,x0,0	  x0:0x00000000
        1845000	       183	80002e9c	00000013	addi	x0,x0,0	  x0:0x00000000
        1855000	       184	80002ea0	ff5ff0ef	jal	x1,80002ea0	  x1=0x80002ea0
        1865000	       185	00000000	00000013	addi	x0,x0,0	  x0:0x00000000
        1875000	       186	80002e90	00000013	addi	x0,x0,0	  x0:0x00000000
        1885000	       187	80002e94	010000ef	jal	x1,80002e94	  x1=0x80002e94
        1895000	       188	00000000	00000013	addi	x0,x0,0	  x0:0x00000000
        1905000	       189	80002ea0	00000013	addi	x0,x0,0	  x0:0x00000000
        1915000	       190	80002ea4	ff5ff8ef	jal	x17,80002ea4	 x17=0x80002ea4
        1925000	       191	00000000	00000013	addi	x0,x0,0	  x0:0x00000000
        1935000	       192	80002e94	00000013	addi	x0,x0,0	  x0:0x00000000
        1945000	       193	80002e98	0280036f	jal	x6,80002e98	  x6=0x80002e98
        1955000	       194	00000000	00000013	addi	x0,x0,0	  x0:0x00000000
        1965000	       195	80002ebc	00000013	addi	x0,x0,0	  x0:0x00000000
        1975000	       196	80002ec0	00000013	addi	x0,x0,0	  x0:0x00000000
        1985000	       197	80002ec4	0100036f	jal	x6,80002ec4	  x6=0x80002ec4
        1995000	       198	00000000	00000013	addi	x0,x0,0	  x0:0x00000000
        2005000	       199	80002ed0	00000013	addi	x0,x0,0	  x0:0x00000000
        2015000	       200	80002ed4	ff5ff9ef	jal	x19,80002ed4	 x19=0x80002ed4
        2025000	       201	00000000	00000013	addi	x0,x0,0	  x0:0x00000000
        2035000	       202	80002ec4	00000013	addi	x0,x0,0	  x0:0x00000000
        2045000	       203	80002ec8	0040076f	jal	x14,80002ec8	 x14=0x80002ec8
        2055000	       204	00000000	00000013	addi	x0,x0,0	  x0:0x00000000
        2065000	       205	80002ec8	00000013	addi	x0,x0,0	  x0:0x00000000
        2075000	       206	80002ecc	0180016f	jal	x2,80002ecc	  x2=0x80002ecc
        2085000	       207	00000000	00000013	addi	x0,x0,0	  x0:0x00000000
        2095000	       208	80002ee0	00000013	addi	x0,x0,0	  x0:0x00000000
        2105000	       209	80002ee4	ff9ff0ef	jal	x1,80002ee4	  x1=0x80002ee4
        2115000	       210	00000000	00000013	addi	x0,x0,0	  x0:0x00000000
        2125000	       211	80002ed8	00000013	addi	x0,x0,0	  x0:0x00000000
        2135000	       212	80002edc	018000ef	jal	x1,80002edc	  x1=0x80002edc
        2145000	       213	00000000	00000013	addi	x0,x0,0	  x0:0x00000000
        2155000	       214	80002ef0	00000013	addi	x0,x0,0	  x0:0x00000000
        2165000	       215	80002ef4	ff5ff0ef	jal	x1,80002ef4	  x1=0x80002ef4
        2175000	       216	00000000	00000013	addi	x0,x0,0	  x0:0x00000000
        2185000	       217	80002ee4	00000013	addi	x0,x0,0	  x0:0x00000000
        2195000	       218	80002ee8	0080056f	jal	x10,80002ee8	 x10=0x80002ee8
        2205000	       219	00000000	00000013	addi	x0,x0,0	  x0:0x00000000
        2215000	       220	80002eec	00000013	addi	x0,x0,0	  x0:0x00000000
        2225000	       221	80002ef0	ffdffeef	jal	x29,80002ef0	 x29=0x80002ef0
        2235000	       222	00000000	00000013	addi	x0,x0,0	  x0:0x00000000
        2245000	       223	80002ee8	00000013	addi	x0,x0,0	  x0:0x00000000
        2255000	       224	80002eec	ff5fffef	jal	x31,80002eec	 x31=0x80002eec
        2265000	       225	00000000	00000013	addi	x0,x0,0	  x0:0x00000000
        2275000	       226	80002edc	00000013	addi	x0,x0,0	  x0:0x00000000
        2285000	       227	80002ee0	ff9ff36f	jal	x6,80002ee0	  x6=0x80002ee0
        2295000	       228	00000000	00000013	addi	x0,x0,0	  x0:0x00000000
        2305000	       229	80002ed4	00000013	addi	x0,x0,0	  x0:0x00000000
        2315000	       230	80002ed8	ff9ff0ef	jal	x1,80002ed8	  x1=0x80002ed8
        2325000	       231	00000000	00000013	addi	x0,x0,0	  x0:0x00000000
        2335000	       232	80002ecc	00000013	addi	x0,x0,0	  x0:0x00000000
        2345000	       233	80002ed0	028000ef	jal	x1,80002ed0	  x1=0x80002ed0
        2355000	       234	00000000	00000013	addi	x0,x0,0	  x0:0x00000000
        2365000	       235	80002ef4	00000013	addi	x0,x0,0	  x0:0x00000000
        2375000	       236	80002ef8	76d6fc37	lui	x24,0x76d6f	 x24=0x76d6f000
        2385000	       237	80002efc	0280036f	jal	x6,80002efc	  x6=0x80002efc
        2395000	       238	00000000	00000013	addi	x0,x0,0	  x0:0x00000000
        2405000	       239	80002f20	00000013	addi	x0,x0,0	  x0:0x00000000
        2415000	       240	80002f24	fe1ff0ef	jal	x1,80002f24	  x1=0x80002f24
        2425000	       241	00000000	00000013	addi	x0,x0,0	  x0:0x00000000
        2435000	       242	80002f00	00000013	addi	x0,x0,0	  x0:0x00000000
        2445000	       243	80002f04	00c00fef	jal	x31,80002f04	 x31=0x80002f04
        2455000	       244	00000000	00000013	addi	x0,x0,0	  x0:0x00000000
        2465000	       245	80002f0c	00000013	addi	x0,x0,0	  x0:0x00000000
        2475000	       246	80002f10	0100086f	jal	x16,80002f10	 x16=0x80002f10
        2485000	       247	00000000	00000013	addi	x0,x0,0	  x0:0x00000000
        2495000	       248	80002f1c	00000013	addi	x0,x0,0	  x0:0x00000000
        2505000	       249	80002f20	00800c6f	jal	x24,80002f20	 x24=0x80002f20
        2515000	       250	00000000	00000013	addi	x0,x0,0	  x0:0x00000000
        2525000	       251	80002f24	00000013	addi	x0,x0,0	  x0:0x00000000
        2535000	       252	80002f28	fd9ff36f	jal	x6,80002f28	  x6=0x80002f28
        2545000	       253	00000000	00000013	addi	x0,x0,0	  x0:0x00000000
        2555000	       254	80002efc	00000013	addi	x0,x0,0	  x0:0x00000000
        2565000	       255	80002f00	018000ef	jal	x1,80002f00	  x1=0x80002f00
        2575000	       256	00000000	00000013	addi	x0,x0,0	  x0:0x00000000
        2585000	       257	80002f14	00000013	addi	x0,x0,0	  x0:0x00000000
        2595000	       258	80002f18	ff5ff2ef	jal	x5,80002f18	  x5=0x80002f18
        2605000	       259	00000000	00000013	addi	x0,x0,0	  x0:0x00000000
        2615000	       260	80002f08	00000013	addi	x0,x0,0	  x0:0x00000000
        2625000	       261	80002f0c	ffdffcef	jal	x25,80002f0c	 x25=0x80002f0c
        2635000	       262	00000000	00000013	addi	x0,x0,0	  x0:0x00000000
        2645000	       263	80002f04	00000013	addi	x0,x0,0	  x0:0x00000000
        2655000	       264	80002f08	014000ef	jal	x1,80002f08	  x1=0x80002f08
        2665000	       265	00000000	00000013	addi	x0,x0,0	  x0:0x00000000
        2675000	       266	80002f18	00000013	addi	x0,x0,0	  x0:0x00000000
        2685000	       267	80002f1c	ff9ff0ef	jal	x1,80002f1c	  x1=0x80002f1c
        2695000	       268	00000000	00000013	addi	x0,x0,0	  x0:0x00000000
        2705000	       269	80002f10	00000013	addi	x0,x0,0	  x0:0x00000000
        2715000	       270	80002f14	0180036f	jal	x6,80002f14	  x6=0x80002f14
        2725000	       271	00000000	00000013	addi	x0,x0,0	  x0:0x00000000
        2735000	       272	80002f28	00000013	addi	x0,x0,0	  x0:0x00000000
        2745000	       273	80002f2c	41f85593	srai	x11,x16,0x1f	 x16:0x80002f10 x11=0xffffffff
        2755000	       274	80002f30	0280036f	jal	x6,80002f30	  x6=0x80002f30
        2765000	       275	00000000	00000013	addi	x0,x0,0	  x0:0x00000000
        2775000	       276	80002f54	00000013	addi	x0,x0,0	  x0:0x00000000
        2785000	       277	80002f58	02800a6f	jal	x20,80002f58	 x20=0x80002f58
        2795000	       278	00000000	00000013	addi	x0,x0,0	  x0:0x00000000
        2805000	       279	80002f7c	00000013	addi	x0,x0,0	  x0:0x00000000
        2815000	       280	80002f80	fc1ff36f	jal	x6,80002f80	  x6=0x80002f80
        2825000	       281	00000000	00000013	addi	x0,x0,0	  x0:0x00000000
        2835000	       282	80002f3c	00000013	addi	x0,x0,0	  x0:0x00000000
        2845000	       283	80002f40	0100096f	jal	x18,80002f40	 x18=0x80002f40
        2855000	       284	00000000	00000013	addi	x0,x0,0	  x0:0x00000000
        2865000	       285	80002f4c	00000013	addi	x0,x0,0	  x0:0x00000000
        2875000	       286	80002f50	028000ef	jal	x1,80002f50	  x1=0x80002f50
        2885000	       287	00000000	00000013	addi	x0,x0,0	  x0:0x00000000
        2895000	       288	80002f74	00000013	addi	x0,x0,0	  x0:0x00000000
        2905000	       289	80002f78	010000ef	jal	x1,80002f78	  x1=0x80002f78
        2915000	       290	00000000	00000013	addi	x0,x0,0	  x0:0x00000000
        2925000	       291	80002f84	00000013	addi	x0,x0,0	  x0:0x00000000
        2935000	       292	80002f88	008000ef	jal	x1,80002f88	  x1=0x80002f88
        2945000	       293	00000000	00000013	addi	x0,x0,0	  x0:0x00000000
        2955000	       294	80002f8c	00000013	addi	x0,x0,0	  x0:0x00000000
        2965000	       295	80002f90	fa5ff0ef	jal	x1,80002f90	  x1=0x80002f90
        2975000	       296	00000000	00000013	addi	x0,x0,0	  x0:0x00000000
        2985000	       297	80002f30	00000013	addi	x0,x0,0	  x0:0x00000000
        2995000	       298	80002f34	034000ef	jal	x1,80002f34	  x1=0x80002f34
        3005000	       299	00000000	00000013	addi	x0,x0,0	  x0:0x00000000
        3015000	       300	80002f64	00000013	addi	x0,x0,0	  x0:0x00000000
        3025000	       301	80002f68	fd5ff36f	jal	x6,80002f68	  x6=0x80002f68
        3035000	       302	00000000	00000013	addi	x0,x0,0	  x0:0x00000000
        3045000	       303	80002f38	00000013	addi	x0,x0,0	  x0:0x00000000
        3055000	       304	80002f3c	038000ef	jal	x1,80002f3c	  x1=0x80002f3c
        3065000	       305	00000000	00000013	addi	x0,x0,0	  x0:0x00000000
        3075000	       306	80002f70	00000013	addi	x0,x0,0	  x0:0x00000000
        3085000	       307	80002f74	fd9ff0ef	jal	x1,80002f74	  x1=0x80002f74
        3095000	       308	00000000	00000013	addi	x0,x0,0	  x0:0x00000000
        3105000	       309	80002f48	00000013	addi	x0,x0,0	  x0:0x00000000
        3115000	       310	80002f4c	020000ef	jal	x1,80002f4c	  x1=0x80002f4c
        3125000	       311	00000000	00000013	addi	x0,x0,0	  x0:0x00000000
        3135000	       312	80002f68	00000013	addi	x0,x0,0	  x0:0x00000000
        3145000	       313	80002f6c	01000c6f	jal	x24,80002f6c	 x24=0x80002f6c
        3155000	       314	00000000	00000013	addi	x0,x0,0	  x0:0x00000000
        3165000	       315	80002f78	00000013	addi	x0,x0,0	  x0:0x00000000
        3175000	       316	80002f7c	fe9ff0ef	jal	x1,80002f7c	  x1=0x80002f7c
        3185000	       317	00000000	00000013	addi	x0,x0,0	  x0:0x00000000
        3195000	       318	80002f60	00000013	addi	x0,x0,0	  x0:0x00000000
        3205000	       319	80002f64	ffdff36f	jal	x6,80002f64	  x6=0x80002f64
        3215000	       320	00000000	00000013	addi	x0,x0,0	  x0:0x00000000
        3225000	       321	80002f5c	00000013	addi	x0,x0,0	  x0:0x00000000
        3235000	       322	80002f60	02c0036f	jal	x6,80002f60	  x6=0x80002f60
        3245000	       323	00000000	00000013	addi	x0,x0,0	  x0:0x00000000
        3255000	       324	80002f88	00000013	addi	x0,x0,0	  x0:0x00000000
        3265000	       325	80002f8c	fbdff36f	jal	x6,80002f8c	  x6=0x80002f8c
        3275000	       326	00000000	00000013	addi	x0,x0,0	  x0:0x00000000
        3285000	       327	80002f44	00000013	addi	x0,x0,0	  x0:0x00000000
        3295000	       328	80002f48	028000ef	jal	x1,80002f48	  x1=0x80002f48
        3305000	       329	00000000	00000013	addi	x0,x0,0	  x0:0x00000000
        3315000	       330	80002f6c	00000013	addi	x0,x0,0	  x0:0x00000000
        3325000	       331	80002f70	0140036f	jal	x6,80002f70	  x6=0x80002f70
        3335000	       332	00000000	00000013	addi	x0,x0,0	  x0:0x00000000
        3345000	       333	80002f80	00000013	addi	x0,x0,0	  x0:0x00000000
        3355000	       334	80002f84	fd9ff0ef	jal	x1,80002f84	  x1=0x80002f84
        3365000	       335	00000000	00000013	addi	x0,x0,0	  x0:0x00000000
        3375000	       336	80002f58	00000013	addi	x0,x0,0	  x0:0x00000000
        3385000	       337	80002f5c	ff9ff0ef	jal	x1,80002f5c	  x1=0x80002f5c
        3395000	       338	00000000	00000013	addi	x0,x0,0	  x0:0x00000000
        3405000	       339	80002f50	00000013	addi	x0,x0,0	  x0:0x00000000
        3415000	       340	80002f54	ff1ffeef	jal	x29,80002f54	 x29=0x80002f54
        3425000	       341	00000000	00000013	addi	x0,x0,0	  x0:0x00000000
        3435000	       342	80002f40	00000013	addi	x0,x0,0	  x0:0x00000000
        3445000	       343	80002f44	ff5ff2ef	jal	x5,80002f44	  x5=0x80002f44
        3455000	       344	00000000	00000013	addi	x0,x0,0	  x0:0x00000000
        3465000	       345	80002f34	00000013	addi	x0,x0,0	  x0:0x00000000
        3475000	       346	80002f38	05c001ef	jal	x3,80002f38	  x3=0x80002f38
        3485000	       347	00000000	00000013	addi	x0,x0,0	  x0:0x00000000
        3495000	       348	80002f90	00000013	addi	x0,x0,0	  x0:0x00000000
        3505000	       349	80002f94	00d2fcb3	and	x25,x5,x13	  x5:0x80002f44 x13:0x80002e88 x25=0x80002e00
        3515000	       350	80002f98	a8b6c593	xori	x11,x13,-1397	 x13:0x80002e88 x11=0x7fffd403
        3525000	       351	80002f9c	afe31217	auipc	x4,0xafe31	  x4=0x2fe33f98
        3535000	       352	80002fa0	00000013	addi	x0,x0,0	  x0:0x00000000
        3545000	       353	80002fa4	0138c033	xor	x0,x17,x19	 x17:0x80002ea4 x19:0x80002ed4
        3555000	       354	80002fa8	01451f33	sll	x30,x10,x20	 x10:0x80002ee8 x20:0x80002f58 x30=0xe8000000
        3565000	       355	80002fac	301e8893	addi	x17,x29,769	 x29:0x80002f54 x17=0x80003255
        3575000	       356	80002fb0	069ee863	bltu	x29,x9,80003020	 x29:0x80002f54  x9:0x80000000
        3585000	       357	80002fb4	05c89e63	bne	x17,x28,80003010	 x17:0x80003255 x28:0xfb060b8f
        3595000	       358	00000000	00000013	addi	x0,x0,0	  x0:0x00000000
        3605000	       359	8000300c	00000013	addi	x0,x0,0	  x0:0x00000000
        3615000	       360	80003010	01c000ef	jal	x1,80003010	  x1=0x80003010
        3625000	       361	00000000	00000013	addi	x0,x0,0	  x0:0x00000000
        3635000	       362	80003028	00000013	addi	x0,x0,0	  x0:0x00000000
        3645000	       363	8000302c	fb1ff36f	jal	x6,8000302c	  x6=0x8000302c
        3655000	       364	00000000	00000013	addi	x0,x0,0	  x0:0x00000000
        3665000	       365	80002fd8	00000013	addi	x0,x0,0	  x0:0x00000000
        3675000	       366	80002fdc	014000ef	jal	x1,80002fdc	  x1=0x80002fdc
        3685000	       367	00000000	00000013	addi	x0,x0,0	  x0:0x00000000
        3695000	       368	80002fec	00000013	addi	x0,x0,0	  x0:0x00000000
        3705000	       369	80002ff0	014000ef	jal	x1,80002ff0	  x1=0x80002ff0
        3715000	       370	00000000	00000013	addi	x0,x0,0	  x0:0x00000000
        3725000	       371	80003000	00000013	addi	x0,x0,0	  x0:0x00000000
        3735000	       372	80003004	fe9ff36f	jal	x6,80003004	  x6=0x80003004
        3745000	       373	00000000	00000013	addi	x0,x0,0	  x0:0x00000000
        3755000	       374	80002fe8	00000013	addi	x0,x0,0	  x0:0x00000000
        3765000	       375	80002fec	01c000ef	jal	x1,80002fec	  x1=0x80002fec
        3775000	       376	00000000	00000013	addi	x0,x0,0	  x0:0x00000000
        3785000	       377	80003004	00000013	addi	x0,x0,0	  x0:0x00000000
        3795000	       378	80003008	fcdff0ef	jal	x1,80003008	  x1=0x80003008
        3805000	       379	00000000	00000013	addi	x0,x0,0	  x0:0x00000000
        3815000	       380	80002fd0	00000013	addi	x0,x0,0	  x0:0x00000000
        3825000	       381	80002fd4	02c002ef	jal	x5,80002fd4	  x5=0x80002fd4
        3835000	       382	00000000	00000013	addi	x0,x0,0	  x0:0x00000000
        3845000	       383	80002ffc	00000013	addi	x0,x0,0	  x0:0x00000000
        3855000	       384	80003000	01c000ef	jal	x1,80003000	  x1=0x80003000
        3865000	       385	00000000	00000013	addi	x0,x0,0	  x0:0x00000000
        3875000	       386	80003018	00000013	addi	x0,x0,0	  x0:0x00000000
        3885000	       387	8000301c	fe1ff0ef	jal	x1,8000301c	  x1=0x8000301c
        3895000	       388	00000000	00000013	addi	x0,x0,0	  x0:0x00000000
        3905000	       389	80002ff8	00000013	addi	x0,x0,0	  x0:0x00000000
        3915000	       390	80002ffc	fe9ff36f	jal	x6,80002ffc	  x6=0x80002ffc
        3925000	       391	00000000	00000013	addi	x0,x0,0	  x0:0x00000000
        3935000	       392	80002fe0	00000013	addi	x0,x0,0	  x0:0x00000000
        3945000	       393	80002fe4	030000ef	jal	x1,80002fe4	  x1=0x80002fe4
        3955000	       394	00000000	00000013	addi	x0,x0,0	  x0:0x00000000
        3965000	       395	80003010	00000013	addi	x0,x0,0	  x0:0x00000000
        3975000	       396	80003014	fe1ff0ef	jal	x1,80003014	  x1=0x80003014
        3985000	       397	00000000	00000013	addi	x0,x0,0	  x0:0x00000000
        3995000	       398	80002ff0	00000013	addi	x0,x0,0	  x0:0x00000000
        4005000	       399	80002ff4	ff5ff0ef	jal	x1,80002ff4	  x1=0x80002ff4
        4015000	       400	00000000	00000013	addi	x0,x0,0	  x0:0x00000000
        4025000	       401	80002fe4	00000013	addi	x0,x0,0	  x0:0x00000000
        4035000	       402	80002fe8	0240056f	jal	x10,80002fe8	 x10=0x80002fe8
        4045000	       403	00000000	00000013	addi	x0,x0,0	  x0:0x00000000
        4055000	       404	80003008	00000013	addi	x0,x0,0	  x0:0x00000000
        4065000	       405	8000300c	014008ef	jal	x17,8000300c	 x17=0x8000300c
        4075000	       406	00000000	00000013	addi	x0,x0,0	  x0:0x00000000
        4085000	       407	8000301c	00000013	addi	x0,x0,0	  x0:0x00000000
        4095000	       408	80003020	0040026f	jal	x4,80003020	  x4=0x80003020
        4105000	       409	00000000	00000013	addi	x0,x0,0	  x0:0x00000000
        4115000	       410	80003020	00000013	addi	x0,x0,0	  x0:0x00000000
        4125000	       411	80003024	fd5ff0ef	jal	x1,80003024	  x1=0x80003024
        4135000	       412	00000000	00000013	addi	x0,x0,0	  x0:0x00000000
        4145000	       413	80002ff4	00000013	addi	x0,x0,0	  x0:0x00000000
        4155000	       414	80002ff8	020000ef	jal	x1,80002ff8	  x1=0x80002ff8
        4165000	       415	00000000	00000013	addi	x0,x0,0	  x0:0x00000000
        4175000	       416	80003014	00000013	addi	x0,x0,0	  x0:0x00000000
        4185000	       417	80003018	01800a6f	jal	x20,80003018	 x20=0x80003018
        4195000	       418	00000000	00000013	addi	x0,x0,0	  x0:0x00000000
        4205000	       419	8000302c	00000013	addi	x0,x0,0	  x0:0x00000000
        4215000	       420	80003030	006ab0b3	sltu	x1,x21,x6	 x21:0x80000000  x6:0x80002ffc  x1=0x00000001
        4225000	       421	80003034	934fc113	xori	x2,x31,-1740	 x31:0x80002f04  x2=0x7fffd630
        4235000	       422	80003038	03269463	bne	x13,x18,80003060	 x13:0x80002e88 x18:0x80002f40
        4245000	       423	00000000	00000013	addi	x0,x0,0	  x0:0x00000000
        4255000	       424	8000305c	00000013	addi	x0,x0,0	  x0:0x00000000
        4265000	       425	80003060	4522c493	xori	x9,x5,1106	  x5:0x80002fd4  x9=0x80002b86
        4275000	       426	80003064	02c0036f	jal	x6,80003064	  x6=0x80003064
        4285000	       427	00000000	00000013	addi	x0,x0,0	  x0:0x00000000
        4295000	       428	8000308c	00000013	addi	x0,x0,0	  x0:0x00000000
        4305000	       429	80003090	ffdff0ef	jal	x1,80003090	  x1=0x80003090
        4315000	       430	00000000	00000013	addi	x0,x0,0	  x0:0x00000000
        4325000	       431	80003088	00000013	addi	x0,x0,0	  x0:0x00000000
        4335000	       432	8000308c	fe9ff0ef	jal	x1,8000308c	  x1=0x8000308c
        4345000	       433	00000000	00000013	addi	x0,x0,0	  x0:0x00000000
        4355000	       434	80003070	00000013	addi	x0,x0,0	  x0:0x00000000
        4365000	       435	80003074	020000ef	jal	x1,80003074	  x1=0x80003074
        4375000	       436	00000000	00000013	addi	x0,x0,0	  x0:0x00000000
        4385000	       437	80003090	00000013	addi	x0,x0,0	  x0:0x00000000
        4395000	       438	80003094	008000ef	jal	x1,80003094	  x1=0x80003094
        4405000	       439	00000000	00000013	addi	x0,x0,0	  x0:0x00000000
        4415000	       440	80003098	00000013	addi	x0,x0,0	  x0:0x00000000
        4425000	       441	8000309c	fe1ff36f	jal	x6,8000309c	  x6=0x8000309c
        4435000	       442	00000000	00000013	addi	x0,x0,0	  x0:0x00000000
        4445000	       443	80003078	00000013	addi	x0,x0,0	  x0:0x00000000
        4455000	       444	8000307c	fedff0ef	jal	x1,8000307c	  x1=0x8000307c
        4465000	       445	00000000	00000013	addi	x0,x0,0	  x0:0x00000000
        4475000	       446	80003064	00000013	addi	x0,x0,0	  x0:0x00000000
        4485000	       447	80003068	0400036f	jal	x6,80003068	  x6=0x80003068
        4495000	       448	00000000	00000013	addi	x0,x0,0	  x0:0x00000000
        4505000	       449	800030a4	00000013	addi	x0,x0,0	  x0:0x00000000
        4515000	       450	800030a8	fe1ff0ef	jal	x1,800030a8	  x1=0x800030a8
        4525000	       451	00000000	00000013	addi	x0,x0,0	  x0:0x00000000
        4535000	       452	80003084	00000013	addi	x0,x0,0	  x0:0x00000000
        4545000	       453	80003088	0240066f	jal	x12,80003088	 x12=0x80003088
        4555000	       454	00000000	00000013	addi	x0,x0,0	  x0:0x00000000
        4565000	       455	800030a8	00000013	addi	x0,x0,0	  x0:0x00000000
        4575000	       456	800030ac	fd9ff36f	jal	x6,800030ac	  x6=0x800030ac
        4585000	       457	00000000	00000013	addi	x0,x0,0	  x0:0x00000000
        4595000	       458	80003080	00000013	addi	x0,x0,0	  x0:0x00000000
        4605000	       459	80003084	fe9ff0ef	jal	x1,80003084	  x1=0x80003084
        4615000	       460	00000000	00000013	addi	x0,x0,0	  x0:0x00000000
        4625000	       461	80003068	00000013	addi	x0,x0,0	  x0:0x00000000
        4635000	       462	8000306c	044000ef	jal	x1,8000306c	  x1=0x8000306c
        4645000	       463	00000000	00000013	addi	x0,x0,0	  x0:0x00000000
        4655000	       464	800030ac	00000013	addi	x0,x0,0	  x0:0x00000000
        4665000	       465	800030b0	ff1ff0ef	jal	x1,800030b0	  x1=0x800030b0
        4675000	       466	00000000	00000013	addi	x0,x0,0	  x0:0x00000000
        4685000	       467	8000309c	00000013	addi	x0,x0,0	  x0:0x00000000
        4695000	       468	800030a0	fe1ff36f	jal	x6,800030a0	  x6=0x800030a0
        4705000	       469	00000000	00000013	addi	x0,x0,0	  x0:0x00000000
        4715000	       470	8000307c	00000013	addi	x0,x0,0	  x0:0x00000000
        4725000	       471	80003080	0240036f	jal	x6,80003080	  x6=0x80003080
        4735000	       472	00000000	00000013	addi	x0,x0,0	  x0:0x00000000
        4745000	       473	800030a0	00000013	addi	x0,x0,0	  x0:0x00000000
        4755000	       474	800030a4	ff5ff0ef	jal	x1,800030a4	  x1=0x800030a4
        4765000	       475	00000000	00000013	addi	x0,x0,0	  x0:0x00000000
        4775000	       476	80003094	00000013	addi	x0,x0,0	  x0:0x00000000
        4785000	       477	80003098	fe1ff0ef	jal	x1,80003098	  x1=0x80003098
        4795000	       478	00000000	00000013	addi	x0,x0,0	  x0:0x00000000
        4805000	       479	80003074	00000013	addi	x0,x0,0	  x0:0x00000000
        4815000	       480	80003078	ff9ff0ef	jal	x1,80003078	  x1=0x80003078
        4825000	       481	00000000	00000013	addi	x0,x0,0	  x0:0x00000000
        4835000	       482	8000306c	00000013	addi	x0,x0,0	  x0:0x00000000
        4845000	       483	80003070	044000ef	jal	x1,80003070	  x1=0x80003070
        4855000	       484	00000000	00000013	addi	x0,x0,0	  x0:0x00000000
        4865000	       485	800030b0	00000013	addi	x0,x0,0	  x0:0x00000000
        4875000	       486	800030b4	004000ef	jal	x1,800030b4	  x1=0x800030b4
        4885000	       487	00000000	00000013	addi	x0,x0,0	  x0:0x00000000
        4895000	       488	800030b4	00000013	addi	x0,x0,0	  x0:0x00000000
        4905000	       489	800030b8	004000ef	jal	x1,800030b8	  x1=0x800030b8
        4915000	       490	00000000	00000013	addi	x0,x0,0	  x0:0x00000000
        4925000	       491	800030b8	00000013	addi	x0,x0,0	  x0:0x00000000
        4935000	       492	800030bc	008e7cb3	and	x25,x28,x8	 x28:0xfb060b8f  x8:0x00000000 x25=0x00000000
        4945000	       493	800030c0	410ad993	srai	x19,x21,0x10	 x21:0x80000000 x19=0xffff8000
        4955000	       494	800030c4	5bd8ff93	andi	x31,x17,1469	 x17:0x8000300c x31=0x0000000c
        4965000	       495	800030c8	029a8863	beq	x21,x9,800030f8	 x21:0x80000000  x9:0x80002b86
        4975000	       496	800030cc	00000013	addi	x0,x0,0	  x0:0x00000000
        4985000	       497	800030d0	00240433	add	x8,x8,x2	  x8:0x00000000  x2:0x7fffd630  x8=0x7fffd630
        4995000	       498	800030d4	684e7e93	andi	x29,x28,1668	 x28:0xfb060b8f x29=0x00000284
        5005000	       499	800030d8	01971233	sll	x4,x14,x25	 x14:0x80002ec8 x25:0x00000000  x4=0x80002ec8
        5015000	       500	800030dc	01d1e4b3	or	x9,x3,x29	  x3:0x80002f38 x29:0x00000284  x9=0x80002fbc
        5025000	       501	800030e0	00898463	beq	x19,x8,800030e8	 x19:0xffff8000  x8:0x7fffd630
        5035000	       502	800030e4	98c18413	addi	x8,x3,-1652	  x3:0x80002f38  x8=0x800028c4
        5045000	       503	800030e8	eb81ed93	ori	x27,x3,-328	  x3:0x80002f38 x27=0xffffffb8
        5055000	       504	800030ec	416251b3	sra	x3,x4,x22	  x4:0x80002ec8 x22:0x00000006  x3=0xfe0000bb
        5065000	       505	800030f0	01b11663	bne	x2,x27,800030fc	  x2:0x7fffd630 x27:0xffffffb8
        5075000	       506	00000000	00000013	addi	x0,x0,0	  x0:0x00000000
        5085000	       507	800030f8	00000013	addi	x0,x0,0	  x0:0x00000000
        5095000	       508	800030fc	01f99113	slli	x2,x19,0x1f	 x19:0xffff8000  x2=0x00000000
        5105000	       509	80003100	00000013	addi	x0,x0,0	  x0:0x00000000
        5115000	       510	80003104	01885493	srli	x9,x16,0x18	 x16:0x80002f10  x9=0x00000080
        5125000	       511	80003108	408609b3	sub	x19,x12,x8	 x12:0x80003088  x8:0x800028c4 x19=0x000007c4
        5135000	       512	8000310c	0136b133	sltu	x2,x13,x19	 x13:0x80002e88 x19:0x000007c4  x2=0x00000000
        5145000	       513	80003110	01b4dd13	srli	x26,x9,0x1b	  x9:0x00000080 x26=0x00000000
        5155000	       514	80003114	005801b3	add	x3,x16,x5	 x16:0x80002f10  x5:0x80002fd4  x3=0x00005ee4
        5165000	       515	80003118	01b5dab3	srl	x21,x11,x27	 x11:0x7fffd403 x27:0xffffffb8 x21=0x0000007f
        5175000	       516	8000311c	7a929797	auipc	x15,0x7a929	 x15=0xfa92c118
        5185000	       517	80003120	00526c63	bltu	x4,x5,80003138	  x4:0x80002ec8  x5:0x80002fd4
        5195000	       518	00000000	00000013	addi	x0,x0,0	  x0:0x00000000
        5205000	       519	80003134	00000013	addi	x0,x0,0	  x0:0x00000000
        5215000	       520	80003138	01abc633	xor	x12,x23,x26	 x23:0x80009f70 x26:0x00000000 x12=0x80009f70
        5225000	       521	8000313c	02835463	bge	x6,x8,80003164	  x6:0x80003080  x8:0x800028c4
        5235000	       522	00000000	00000013	addi	x0,x0,0	  x0:0x00000000
        5245000	       523	80003160	00000013	addi	x0,x0,0	  x0:0x00000000
        5255000	       524	80003164	72b0af13	slti	x30,x1,1835	  x1:0x800030b8 x30=0x00000001
        5265000	       525	80003168	a3646f93	ori	x31,x8,-1482	  x8:0x800028c4 x31=0xfffffaf6
        5275000	       526	8000316c	9cf17f37	lui	x30,0x9cf17	 x30=0x9cf17000
        5285000	       527	80003170	01fd41b3	xor	x3,x26,x31	 x26:0x00000000 x31:0xfffffaf6  x3=0xfffffaf6
        5295000	       528	80003174	48fd76b7	lui	x13,0x48fd7	 x13=0x48fd7000
        5305000	       529	80003178	00ae5793	srli	x15,x28,0xa	 x28:0xfb060b8f x15=0x003ec182
        5315000	       530	8000317c	046a0063	beq	x20,x6,800031bc	 x20:0x80003018  x6:0x80003080
        5325000	       531	80003180	004369b3	or	x19,x6,x4	  x6:0x80003080  x4:0x80002ec8 x19=0x80003ec8
        5335000	       532	80003184	045ce663	bltu	x25,x5,800031d0	 x25:0x00000000  x5:0x80002fd4
        5345000	       533	00000000	00000013	addi	x0,x0,0	  x0:0x00000000
        5355000	       534	800031cc	00000013	addi	x0,x0,0	  x0:0x00000000
        5365000	       535	800031d0	00f2ab33	slt	x22,x5,x15	  x5:0x80002fd4 x15:0x003ec182 x22=0x00000001
        5375000	       536	800031d4	7fb23313	sltiu	x6,x4,2043	  x4:0x80002ec8  x6=0x00000000
        5385000	       537	800031d8	402ada13	srai	x20,x21,0x2	 x21:0x0000007f x20=0x0000001f
        5395000	       538	800031dc	00ec3b33	sltu	x22,x24,x14	 x24:0x80002f6c x14:0x80002ec8 x22=0x00000000
        5405000	       539	800031e0	000d0c63	beq	x26,x0,800031f8	 x26:0x00000000  x0:0x00000000
        5415000	       540	00000000	00000013	addi	x0,x0,0	  x0:0x00000000
        5425000	       541	800031f4	00000013	addi	x0,x0,0	  x0:0x00000000
        5435000	       542	800031f8	02d80a63	beq	x16,x13,8000322c	 x16:0x80002f10 x13:0x48fd7000
        5445000	       543	800031fc	8cc91097	auipc	x1,0x8cc91	  x1=0x0cc941f8
        5455000	       544	80003200	41725993	srai	x19,x4,0x17	  x4:0x80002ec8 x19=0xffffff00
        5465000	       545	80003204	988b7d13	andi	x26,x22,-1656	 x22:0x00000000 x26=0x00000000
        5475000	       546	80003208	00935513	srli	x10,x6,0x9	  x6:0x00000000 x10=0x00000000
        5485000	       547	8000320c	01a6a433	slt	x8,x13,x26	 x13:0x48fd7000 x26:0x00000000  x8=0x00000000
        5495000	       548	80003210	79333313	sltiu	x6,x6,1939	  x6:0x00000000  x6=0x00000001
        5505000	       549	80003214	03aa8863	beq	x21,x26,80003244	 x21:0x0000007f x26:0x00000000
        5515000	       550	80003218	00d06533	or	x10,x0,x13	  x0:0x00000000 x13:0x48fd7000 x10=0x48fd7000
        5525000	       551	8000321c	13c3ab13	slti	x22,x7,316	  x7:0x80009fc4 x22=0x00000001
        5535000	       552	80003220	025e8263	beq	x29,x5,80003244	 x29:0x00000284  x5:0x80002fd4
        5545000	       553	80003224	64702593	slti	x11,x0,1607	  x0:0x00000000 x11=0x00000001
        5555000	       554	80003228	0157fdb3	and	x27,x15,x21	 x15:0x003ec182 x21:0x0000007f x27=0x00000002
        5565000	       555	8000322c	00287463	bgeu	x16,x2,80003234	 x16:0x80002f10  x2:0x00000000
        5575000	       556	00000000	00000013	addi	x0,x0,0	  x0:0x00000000
        5585000	       557	80003230	00000013	addi	x0,x0,0	  x0:0x00000000
        5595000	       558	80003234	0078cb33	xor	x22,x17,x7	 x17:0x8000300c  x7:0x80009fc4 x22=0x0000afc8
        5605000	       559	80003238	01ab66b3	or	x13,x22,x26	 x22:0x0000afc8 x26:0x00000000 x13=0x0000afc8
        5615000	       560	8000323c	93803fb7	lui	x31,0x93803	 x31=0x93803000
        5625000	       561	80003240	40255c93	srai	x25,x10,0x2	 x10:0x48fd7000 x25=0x123f5c00
        5635000	       562	80003244	00666663	bltu	x12,x6,80003250	 x12:0x80009f70  x6:0x00000001
        5645000	       563	80003248	08e47413	andi	x8,x8,142	  x8:0x00000000  x8=0x00000000
        5655000	       564	8000324c	02611463	bne	x2,x6,80003274	  x2:0x00000000  x6:0x00000001
        5665000	       565	00000000	00000013	addi	x0,x0,0	  x0:0x00000000
        5675000	       566	80003270	00000013	addi	x0,x0,0	  x0:0x00000000
        5685000	       567	80003274	009a2fb3	slt	x31,x20,x9	 x20:0x0000001f  x9:0x00000080 x31=0x00000001
        5695000	       568	80003278	0cadc713	xori	x14,x27,202	 x27:0x00000002 x14=0x000000c8
        5705000	       569	8000327c	01d0aa33	slt	x20,x1,x29	  x1:0x0cc941f8 x29:0x00000284 x20=0x00000000
        5715000	       570	80003280	01fd4b33	xor	x22,x26,x31	 x26:0x00000000 x31:0x00000001 x22=0x00000001
        5725000	       571	80003284	0027c7b3	xor	x15,x15,x2	 x15:0x003ec182  x2:0x00000000 x15=0x003ec182
        5735000	       572	80003288	008c5db3	srl	x27,x24,x8	 x24:0x80002f6c  x8:0x00000000 x27=0x80002f6c
        5745000	       573	8000328c	ecf62db7	lui	x27,0xecf62	 x27=0xecf62000
        5755000	       574	80003290	03e7c463	blt	x15,x30,800032b8	 x15:0x003ec182 x30:0x9cf17000
        5765000	       575	80003294	0146d813	srli	x16,x13,0x14	 x13:0x0000afc8 x16=0x00000000
        5775000	       576	80003298	02f49263	bne	x9,x15,800032bc	  x9:0x00000080 x15:0x003ec182
        5785000	       577	00000000	00000013	addi	x0,x0,0	  x0:0x00000000
        5795000	       578	800032b8	00000013	addi	x0,x0,0	  x0:0x00000000
        5805000	       579	800032bc	0036f433	and	x8,x13,x3	 x13:0x0000afc8  x3:0xfffffaf6  x8=0x0000aac0
        5815000	       580	800032c0	007879b3	and	x19,x16,x7	 x16:0x00000000  x7:0x80009fc4 x19=0x00000000
        5825000	       581	800032c4	872d49b7	lui	x19,0x872d4	 x19=0x872d4000
        5835000	       582	800032c8	1817a193	slti	x3,x15,385	 x15:0x003ec182  x3=0x00000000
        5845000	       583	800032cc	00e5e1b3	or	x3,x11,x14	 x11:0x00000001 x14:0x000000c8  x3=0x000000c9
        5855000	       584	800032d0	00ee9863	bne	x29,x14,800032e0	 x29:0x00000284 x14:0x000000c8
        5865000	       585	00000000	00000013	addi	x0,x0,0	  x0:0x00000000
        5875000	       586	800032dc	00000013	addi	x0,x0,0	  x0:0x00000000
        5885000	       587	800032e0	00e975b3	and	x11,x18,x14	 x18:0x80002f40 x14:0x000000c8 x11=0x00000040
        5895000	       588	800032e4	b54f3c13	sltiu	x24,x30,-1196	 x30:0x9cf17000 x24=0x00000001
        5905000	       589	800032e8	01c01633	sll	x12,x0,x28	  x0:0x00000000 x28:0xfb060b8f x12=0x00000000
        5915000	       590	800032ec	00ca0db3	add	x27,x20,x12	 x20:0x00000000 x12:0x00000000 x27=0x00000000
        5925000	       591	800032f0	be822513	slti	x10,x4,-1048	  x4:0x80002ec8 x10=0x00000001
        5935000	       592	800032f4	01b4e933	or	x18,x9,x27	  x9:0x00000080 x27:0x00000000 x18=0x00000080
        5945000	       593	800032f8	00ea7d33	and	x26,x20,x14	 x20:0x00000000 x14:0x000000c8 x26=0x00000000
        5955000	       594	800032fc	0109d733	srl	x14,x19,x16	 x19:0x872d4000 x16:0x00000000 x14=0x872d4000
        5965000	       595	80003300	000f14b3	sll	x9,x30,x0	 x30:0x9cf17000  x0:0x00000000  x9=0x9cf17000
        5975000	       596	80003304	8e59dfb7	lui	x31,0x8e59d	 x31=0x8e59d000
        5985000	       597	80003308	00814633	xor	x12,x2,x8	  x2:0x00000000  x8:0x0000aac0 x12=0x0000aac0
        5995000	       598	8000330c	0189c463	blt	x19,x24,80003314	 x19:0x872d4000 x24:0x00000001
        6005000	       599	00000000	00000013	addi	x0,x0,0	  x0:0x00000000
        6015000	       600	80003310	00000013	addi	x0,x0,0	  x0:0x00000000
        6025000	       601	80003314	00000013	addi	x0,x0,0	  x0:0x00000000
        6035000	       602	80003318	02c09a63	bne	x1,x12,8000334c	  x1:0x0cc941f8 x12:0x0000aac0
        6045000	       603	00000000	00000013	addi	x0,x0,0	  x0:0x00000000
        6055000	       604	80003348	00000013	addi	x0,x0,0	  x0:0x00000000
        6065000	       605	8000334c	a97dbd93	sltiu	x27,x27,-1385	 x27:0x00000000 x27=0x00000001
        6075000	       606	80003350	e649a993	slti	x19,x19,-412	 x19:0x872d4000 x19=0x00000001
        6085000	       607	80003354	b5bc3313	sltiu	x6,x24,-1189	 x24:0x00000001  x6=0x00000001
        6095000	       608	80003358	0185a8b3	slt	x17,x11,x24	 x11:0x00000040 x24:0x00000001 x17=0x00000000
        6105000	       609	8000335c	000fa7b3	slt	x15,x31,x0	 x31:0x8e59d000  x0:0x00000000 x15=0x00000001
        6115000	       610	80003360	411ad933	sra	x18,x21,x17	 x21:0x0000007f x17:0x00000000 x18=0x0000007f
        6125000	       611	80003364	40a25033	sra	x0,x4,x10	  x4:0x80002ec8 x10:0x00000001
        6135000	       612	80003368	009fd863	bge	x31,x9,80003378	 x31:0x8e59d000  x9:0x9cf17000
        6145000	       613	8000336c	0552f063	bgeu	x5,x21,800033ac	  x5:0x80002fd4 x21:0x0000007f
        6155000	       614	00000000	00000013	addi	x0,x0,0	  x0:0x00000000
        6165000	       615	800033a8	00000013	addi	x0,x0,0	  x0:0x00000000
        6175000	       616	800033ac	047ed863	bge	x29,x7,800033fc	 x29:0x00000284  x7:0x80009fc4
        6185000	       617	00000000	00000013	addi	x0,x0,0	  x0:0x00000000
        6195000	       618	800033f8	00000013	addi	x0,x0,0	  x0:0x00000000
        6205000	       619	800033fc	00c134b3	sltu	x9,x2,x12	  x2:0x00000000 x12:0x0000aac0  x9=0x00000001
        6215000	       620	80003400	00680f33	add	x30,x16,x6	 x16:0x00000000  x6:0x00000001 x30=0x00000001
        6225000	       621	80003404	009f7433	and	x8,x30,x9	 x30:0x00000001  x9:0x00000001  x8=0x00000001
        6235000	       622	80003408	40fe80b3	sub	x1,x29,x15	 x29:0x00000284 x15:0x00000001  x1=0x00000283
        6245000	       623	8000340c	c57329b7	lui	x19,0xc5732	 x19=0xc5732000
        6255000	       624	80003410	038d7863	bgeu	x26,x24,80003440	 x26:0x00000000 x24:0x00000001
        6265000	       625	80003414	f7f1ff93	andi	x31,x3,-129	  x3:0x000000c9 x31=0x00000049
        6275000	       626	80003418	02101a63	bne	x0,x1,8000344c	  x0:0x00000000  x1:0x00000283
        6285000	       627	00000000	00000013	addi	x0,x0,0	  x0:0x00000000
        6295000	       628	80003448	00000013	addi	x0,x0,0	  x0:0x00000000
        6305000	       629	8000344c	41058fb3	sub	x31,x11,x16	 x11:0x00000040 x16:0x00000000 x31=0x00000040
        6315000	       630	80003450	0141cc63	blt	x3,x20,80003468	  x3:0x000000c9 x20:0x00000000
        6325000	       631	80003454	cbc02413	slti	x8,x0,-836	  x0:0x00000000  x8=0x00000000
        6335000	       632	80003458	00e24833	xor	x16,x4,x14	  x4:0x80002ec8 x14:0x872d4000 x16=0x072d6ec8
        6345000	       633	8000345c	ad75b197	auipc	x3,0xad75b	  x3=0x2d75e458
        6355000	       634	80003460	e8792a93	slti	x21,x18,-377	 x18:0x0000007f x21=0x00000000
        6365000	       635	80003464	01edc433	xor	x8,x27,x30	 x27:0x00000001 x30:0x00000001  x8=0x00000000
        6375000	       636	80003468	014fd863	bge	x31,x20,80003478	 x31:0x00000040 x20:0x00000000
        6385000	       637	00000000	00000013	addi	x0,x0,0	  x0:0x00000000
        6395000	       638	80003474	00000013	addi	x0,x0,0	  x0:0x00000000
        6405000	       639	80003478	00121513	slli	x10,x4,0x1	  x4:0x80002ec8 x10=0x00005d90
        6415000	       640	8000347c	01781093	slli	x1,x16,0x17	 x16:0x072d6ec8  x1=0x64000000
        6425000	       641	80003480	022f7a63	bgeu	x30,x2,800034b4	 x30:0x00000001  x2:0x00000000
        6435000	       642	00000000	00000013	addi	x0,x0,0	  x0:0x00000000
        6445000	       643	800034b0	00000013	addi	x0,x0,0	  x0:0x00000000
        6455000	       644	800034b4	41b7d833	sra	x16,x15,x27	 x15:0x00000001 x27:0x00000001 x16=0x00000000
        6465000	       645	800034b8	00e1cc33	xor	x24,x3,x14	  x3:0x2d75e458 x14:0x872d4000 x24=0xaa58a458
        6475000	       646	800034bc	03a9da63	bge	x19,x26,800034f0	 x19:0xc5732000 x26:0x00000000
        6485000	       647	800034c0	401b0833	sub	x16,x22,x1	 x22:0x00000001  x1:0x64000000 x16=0x9c000001
        6495000	       648	800034c4	40575933	sra	x18,x14,x5	 x14:0x872d4000  x5:0x80002fd4 x18=0xfffff872
        6505000	       649	800034c8	005b52b3	srl	x5,x22,x5	 x22:0x00000001  x5:0x80002fd4  x5=0x00000000
        6515000	       650	800034cc	409f0f33	sub	x30,x30,x9	 x30:0x00000001  x9:0x00000001 x30=0x00000000
        6525000	       651	800034d0	0131f033	and	x0,x3,x19	  x3:0x2d75e458 x19:0xc5732000
        6535000	       652	800034d4	402ddb13	srai	x22,x27,0x2	 x27:0x00000001 x22=0x00000000
        6545000	       653	800034d8	01629713	slli	x14,x5,0x16	  x5:0x00000000 x14=0x00000000
        6555000	       654	800034dc	02c49a63	bne	x9,x12,80003510	  x9:0x00000001 x12:0x0000aac0
        6565000	       655	00000000	00000013	addi	x0,x0,0	  x0:0x00000000
        6575000	       656	8000350c	00000013	addi	x0,x0,0	  x0:0x00000000
        6585000	       657	80003510	00521a63	bne	x4,x5,80003524	  x4:0x80002ec8  x5:0x00000000
        6595000	       658	00000000	00000013	addi	x0,x0,0	  x0:0x00000000
        6605000	       659	80003520	00000013	addi	x0,x0,0	  x0:0x00000000
        6615000	       660	80003524	00e288b3	add	x17,x5,x14	  x5:0x00000000 x14:0x00000000 x17=0x00000000
        6625000	       661	80003528	bdefa213	slti	x4,x31,-1058	 x31:0x00000040  x4=0x00000000
        6635000	       662	8000352c	04648463	beq	x9,x6,80003574	  x9:0x00000001  x6:0x00000001
        6645000	       663	00000000	00000013	addi	x0,x0,0	  x0:0x00000000
        6655000	       664	80003570	00000013	addi	x0,x0,0	  x0:0x00000000
        6665000	       665	80003574	01941fb3	sll	x31,x8,x25	  x8:0x00000000 x25:0x123f5c00 x31=0x00000000
        6675000	       666	80003578	00199933	sll	x18,x19,x1	 x19:0xc5732000  x1:0x64000000 x18=0xc5732000
        6685000	       667	8000357c	011d4863	blt	x26,x17,8000358c	 x26:0x00000000 x17:0x00000000
        6695000	       668	80003580	41985933	sra	x18,x16,x25	 x16:0x9c000001 x25:0x123f5c00 x18=0x9c000001
        6705000	       669	80003584	d520c313	xori	x6,x1,-686	  x1:0x64000000  x6=0x9bfffd52
        6715000	       670	80003588	19244693	xori	x13,x8,402	  x8:0x00000000 x13=0x00000192
        6725000	       671	8000358c	00819413	slli	x8,x3,0x8	  x3:0x2d75e458  x8=0x75e45800
        6735000	       672	80003590	32ba0117	auipc	x2,0x32ba0	  x2=0xb2ba358c
        6745000	       673	80003594	012852b3	srl	x5,x16,x18	 x16:0x9c000001 x18:0x9c000001  x5=0x4e000000
        6755000	       674	80003598	30f27a13	andi	x20,x4,783	  x4:0x00000000 x20=0x00000000
        6765000	       675	8000359c	00000013	addi	x0,x0,0	  x0:0x00000000
        6775000	       676	800035a0	05579863	bne	x15,x21,800035f0	 x15:0x00000001 x21:0x00000000
        6785000	       677	00000000	00000013	addi	x0,x0,0	  x0:0x00000000
        6795000	       678	800035ec	00000013	addi	x0,x0,0	  x0:0x00000000
        6805000	       679	800035f0	01089093	slli	x1,x17,0x10	 x17:0x00000000  x1=0x00000000
        6815000	       680	800035f4	01c0036f	jal	x6,800035f4	  x6=0x800035f4
        6825000	       681	00000000	00000013	addi	x0,x0,0	  x0:0x00000000
        6835000	       682	8000360c	00000013	addi	x0,x0,0	  x0:0x00000000
        6845000	       683	80003610	008000ef	jal	x1,80003610	  x1=0x80003610
        6855000	       684	00000000	00000013	addi	x0,x0,0	  x0:0x00000000
        6865000	       685	80003614	00000013	addi	x0,x0,0	  x0:0x00000000
        6875000	       686	80003618	ff5ff26f	jal	x4,80003618	  x4=0x80003618
        6885000	       687	00000000	00000013	addi	x0,x0,0	  x0:0x00000000
        6895000	       688	80003608	00000013	addi	x0,x0,0	  x0:0x00000000
        6905000	       689	8000360c	014000ef	jal	x1,8000360c	  x1=0x8000360c
        6915000	       690	00000000	00000013	addi	x0,x0,0	  x0:0x00000000
        6925000	       691	8000361c	00000013	addi	x0,x0,0	  x0:0x00000000
        6935000	       692	80003620	fe5ff0ef	jal	x1,80003620	  x1=0x80003620
        6945000	       693	00000000	00000013	addi	x0,x0,0	  x0:0x00000000
        6955000	       694	80003600	00000013	addi	x0,x0,0	  x0:0x00000000
        6965000	       695	80003604	0100086f	jal	x16,80003604	 x16=0x80003604
        6975000	       696	00000000	00000013	addi	x0,x0,0	  x0:0x00000000
        6985000	       697	80003610	00000013	addi	x0,x0,0	  x0:0x00000000
        6995000	       698	80003614	ff5ff0ef	jal	x1,80003614	  x1=0x80003614
        7005000	       699	00000000	00000013	addi	x0,x0,0	  x0:0x00000000
        7015000	       700	80003604	00000013	addi	x0,x0,0	  x0:0x00000000
        7025000	       701	80003608	ff9ff0ef	jal	x1,80003608	  x1=0x80003608
        7035000	       702	00000000	00000013	addi	x0,x0,0	  x0:0x00000000
        7045000	       703	800035fc	00000013	addi	x0,x0,0	  x0:0x00000000
        7055000	       704	80003600	024000ef	jal	x1,80003600	  x1=0x80003600
        7065000	       705	00000000	00000013	addi	x0,x0,0	  x0:0x00000000
        7075000	       706	80003620	00000013	addi	x0,x0,0	  x0:0x00000000
        7085000	       707	80003624	fd9ff0ef	jal	x1,80003624	  x1=0x80003624
        7095000	       708	00000000	00000013	addi	x0,x0,0	  x0:0x00000000
        7105000	       709	800035f8	00000013	addi	x0,x0,0	  x0:0x00000000
        7115000	       710	800035fc	020000ef	jal	x1,800035fc	  x1=0x800035fc
        7125000	       711	00000000	00000013	addi	x0,x0,0	  x0:0x00000000
        7135000	       712	80003618	00000013	addi	x0,x0,0	  x0:0x00000000
        7145000	       713	8000361c	fddff36f	jal	x6,8000361c	  x6=0x8000361c
        7155000	       714	00000000	00000013	addi	x0,x0,0	  x0:0x00000000
        7165000	       715	800035f4	00000013	addi	x0,x0,0	  x0:0x00000000
        7175000	       716	800035f8	030000ef	jal	x1,800035f8	  x1=0x800035f8
        7185000	       717	00000000	00000013	addi	x0,x0,0	  x0:0x00000000
        7195000	       718	80003624	00000013	addi	x0,x0,0	  x0:0x00000000
        7205000	       719	80003628	0040046f	jal	x8,80003628	  x8=0x80003628
        7215000	       720	00000000	00000013	addi	x0,x0,0	  x0:0x00000000
        7225000	       721	80003628	00000013	addi	x0,x0,0	  x0:0x00000000
        7235000	       722	8000362c	c3bfec93	ori	x25,x31,-965	 x31:0x00000000 x25=0xfffffc3b
        7245000	       723	80003630	6ef04613	xori	x12,x0,1775	  x0:0x00000000 x12=0x000006ef
        7255000	       724	80003634	01af1033	sll	x0,x30,x26	 x30:0x00000000 x26:0x00000000
        7265000	       725	80003638	01506b33	or	x22,x0,x21	  x0:0x00000000 x21:0x00000000 x22=0x00000000
        7275000	       726	8000363c	40d3df93	srai	x31,x7,0xd	  x7:0x80009fc4 x31=0xfffc0004
        7285000	       727	80003640	02efe663	bltu	x31,x14,8000366c	 x31:0xfffc0004 x14:0x00000000
        7295000	       728	80003644	418e85b3	sub	x11,x29,x24	 x29:0x00000284 x24:0xaa58a458 x11=0x55a75e2c
        7305000	       729	80003648	01c7fdb3	and	x27,x15,x28	 x15:0x00000001 x28:0xfb060b8f x27=0x00000001
        7315000	       730	8000364c	0048a2b3	slt	x5,x17,x4	 x17:0x00000000  x4:0x80003618  x5=0x00000000
        7325000	       731	80003650	8a4cbf93	sltiu	x31,x25,-1884	 x25:0xfffffc3b x31=0x00000000
        7335000	       732	80003654	000a0863	beq	x20,x0,80003664	 x20:0x00000000  x0:0x00000000
        7345000	       733	00000000	00000013	addi	x0,x0,0	  x0:0x00000000
        7355000	       734	80003660	00000013	addi	x0,x0,0	  x0:0x00000000
        7365000	       735	80003664	98736593	ori	x11,x6,-1657	  x6:0x8000361c x11=0xffffff9f
        7375000	       736	80003668	618eab13	slti	x22,x29,1560	 x29:0x00000284 x22=0x00000001
        7385000	       737	8000366c	0249f863	bgeu	x19,x4,8000369c	 x19:0xc5732000  x4:0x80003618
        7395000	       738	00000000	00000013	addi	x0,x0,0	  x0:0x00000000
        7405000	       739	80003698	00000013	addi	x0,x0,0	  x0:0x00000000
        7415000	       740	8000369c	00000013	addi	x0,x0,0	  x0:0x00000000
        7425000	       741	800036a0	02188263	beq	x17,x1,800036c4	 x17:0x00000000  x1:0x800035f8
        7435000	       742	800036a4	0189fc63	bgeu	x19,x24,800036bc	 x19:0xc5732000 x24:0xaa58a458
        7445000	       743	00000000	00000013	addi	x0,x0,0	  x0:0x00000000
        7455000	       744	800036b8	00000013	addi	x0,x0,0	  x0:0x00000000
        7465000	       745	800036bc	01245a63	bge	x8,x18,800036d0	  x8:0x80003628 x18:0x9c000001
        7475000	       746	800036c0	006ef133	and	x2,x29,x6	 x29:0x00000284  x6:0x8000361c  x2=0x00000204
        7485000	       747	800036c4	664e6f13	ori	x30,x28,1636	 x28:0xfb060b8f x30=0xfb060fef
        7495000	       748	800036c8	010c8463	beq	x25,x16,800036d0	 x25:0xfffffc3b x16:0x80003604
        7505000	       749	800036cc	01d3e263	bltu	x7,x29,800036d0	  x7:0x80009fc4 x29:0x00000284
        7515000	       750	800036d0	01ed1b33	sll	x22,x26,x30	 x26:0x00000000 x30:0xfb060fef x22=0x00000000
        7525000	       751	800036d4	014b6cb3	or	x25,x22,x20	 x22:0x00000000 x20:0x00000000 x25=0x00000000
        7535000	       752	800036d8	baccea93	ori	x21,x25,-1108	 x25:0x00000000 x21=0xfffffbac
        7545000	       753	800036dc	5f27f293	andi	x5,x15,1522	 x15:0x00000001  x5=0x00000000
        7555000	       754	800036e0	9da1d1b7	lui	x3,0x9da1d	  x3=0x9da1d000
        7565000	       755	800036e4	0126da33	srl	x20,x13,x18	 x13:0x00000192 x18:0x9c000001 x20=0x000000c9
        7575000	       756	800036e8	01879db3	sll	x27,x15,x24	 x15:0x00000001 x24:0xaa58a458 x27=0x01000000
        7585000	       757	800036ec	004ba303	lw	x6,4(x23)	 x23:0x80009f70  x6=0x80000134 PA:0x80009f74
        7595000	       758	800036f0	b5798137	lui	x2,0xb5798	  x2=0xb5798000
        7605000	       759	800036f4	014b8b93	addi	x23,x23,20	 x23:0x80009f70 x23=0x80009f84
        7615000	       760	800036f8	a84bb013	sltiu	x0,x23,-1404	 x23:0x80009f84
        7625000	       761	800036fc	00130793	addi	x15,x6,1	  x6:0x80000134 x15=0x80000135
        7635000	       762	80003700	000787e7	jalr	x15,x15,0	 x15:0x80000135 x15=0x80003700
        7645000	       763	00000000	00000013	addi	x0,x0,0	  x0:0x00000000
        7655000	       764	80000134	00000013	addi	x0,x0,0	  x0:0x00000000
        7665000	       765	80000138	00cadf33	srl	x30,x21,x12	 x21:0xfffffbac x12:0x000006ef x30=0x0001ffff
        7675000	       766	8000013c	00000897	auipc	x17,0x0	 x17=0x80000138
        7685000	       767	80000140	3a888893	addi	x17,x17,936	 x17:0x80000138 x17=0x800004e0
        7695000	       768	80000144	c1e88893	addi	x17,x17,-994	 x17:0x800004e0 x17=0x800000fe
        7705000	       769	80000148	22cc3997	auipc	x19,0x22cc3	 x19=0xa2cc3144
        7715000	       770	8000014c	8380ab13	slti	x22,x1,-1992	  x1:0x800035f8 x22=0x00000001
        7725000	       771	80000150	010fb233	sltu	x4,x31,x16	 x31:0x00000000 x16:0x80003604  x4=0x00000001
        7735000	       772	80000154	01594863	blt	x18,x21,80000164	 x18:0x9c000001 x21:0xfffffbac
        7745000	       773	00000000	00000013	addi	x0,x0,0	  x0:0x00000000
        7755000	       774	80000160	00000013	addi	x0,x0,0	  x0:0x00000000
        7765000	       775	80000164	3e288367	jalr	x6,x17,994	 x17:0x800000fe  x6=0x80000164
        7775000	       776	00000000	00000013	addi	x0,x0,0	  x0:0x00000000
        7785000	       777	800004e0	00000013	addi	x0,x0,0	  x0:0x00000000
        7795000	       778	800004e4	00ab47b3	xor	x15,x22,x10	 x22:0x00000001 x10:0x00005d90 x15=0x00005d91
        7805000	       779	800004e8	00000013	addi	x0,x0,0	  x0:0x00000000
        7815000	       780	800004ec	00000013	addi	x0,x0,0	  x0:0x00000000
        7825000	       781	800004f0	001b9263	bne	x23,x1,800004f4	 x23:0x80009f84  x1:0x800035f8
        7835000	       782	00000000	00000013	addi	x0,x0,0	  x0:0x00000000
        7845000	       783	800004f0	00000013	addi	x0,x0,0	  x0:0x00000000
        7855000	       784	800004f4	fd8b8b93	addi	x23,x23,-40	 x23:0x80009f84 x23=0x80009f5c
        7865000	       785	800004f8	006ba223	sw	x6,4(x23)	 x23:0x80009f5c  x6:0x80000164 PA:0x80009f60
        7875000	       786	800004fc	71717a13	andi	x20,x2,1815	  x2:0xb5798000 x20=0x00000000
        7885000	       787	80000500	69847693	andi	x13,x8,1688	  x8:0x80003628 x13=0x00000608
        7895000	       788	80000504	0108ab33	slt	x22,x17,x16	 x17:0x800000fe x16:0x80003604 x22=0x00000001
        7905000	       789	80000508	de2cfc17	auipc	x24,0xde2cf	 x24=0x5e2cf504
        7915000	       790	8000050c	0280036f	jal	x6,8000050c	  x6=0x8000050c
        7925000	       791	00000000	00000013	addi	x0,x0,0	  x0:0x00000000
        7935000	       792	80000530	00000013	addi	x0,x0,0	  x0:0x00000000
        7945000	       793	80000534	008000ef	jal	x1,80000534	  x1=0x80000534
        7955000	       794	00000000	00000013	addi	x0,x0,0	  x0:0x00000000
        7965000	       795	80000538	00000013	addi	x0,x0,0	  x0:0x00000000
        7975000	       796	8000053c	03c0036f	jal	x6,8000053c	  x6=0x8000053c
        7985000	       797	00000000	00000013	addi	x0,x0,0	  x0:0x00000000
        7995000	       798	80000574	00000013	addi	x0,x0,0	  x0:0x00000000
        8005000	       799	80000578	fedff36f	jal	x6,80000578	  x6=0x80000578
        8015000	       800	00000000	00000013	addi	x0,x0,0	  x0:0x00000000
        8025000	       801	80000560	00000013	addi	x0,x0,0	  x0:0x00000000
        8035000	       802	80000564	fe9ff0ef	jal	x1,80000564	  x1=0x80000564
        8045000	       803	00000000	00000013	addi	x0,x0,0	  x0:0x00000000
        8055000	       804	80000548	00000013	addi	x0,x0,0	  x0:0x00000000
        8065000	       805	8000054c	fddff0ef	jal	x1,8000054c	  x1=0x8000054c
        8075000	       806	00000000	00000013	addi	x0,x0,0	  x0:0x00000000
        8085000	       807	80000524	00000013	addi	x0,x0,0	  x0:0x00000000
        8095000	       808	80000528	048000ef	jal	x1,80000528	  x1=0x80000528
        8105000	       809	00000000	00000013	addi	x0,x0,0	  x0:0x00000000
        8115000	       810	8000056c	00000013	addi	x0,x0,0	  x0:0x00000000
        8125000	       811	80000570	fd5ff2ef	jal	x5,80000570	  x5=0x80000570
        8135000	       812	00000000	00000013	addi	x0,x0,0	  x0:0x00000000
        8145000	       813	80000540	00000013	addi	x0,x0,0	  x0:0x00000000
        8155000	       814	80000544	030000ef	jal	x1,80000544	  x1=0x80000544
        8165000	       815	00000000	00000013	addi	x0,x0,0	  x0:0x00000000
        8175000	       816	80000570	00000013	addi	x0,x0,0	  x0:0x00000000
        8185000	       817	80000574	fa1ff36f	jal	x6,80000574	  x6=0x80000574
        8195000	       818	00000000	00000013	addi	x0,x0,0	  x0:0x00000000
        8205000	       819	80000510	00000013	addi	x0,x0,0	  x0:0x00000000
        8215000	       820	80000514	0440036f	jal	x6,80000514	  x6=0x80000514
        8225000	       821	00000000	00000013	addi	x0,x0,0	  x0:0x00000000
        8235000	       822	80000554	00000013	addi	x0,x0,0	  x0:0x00000000
        8245000	       823	80000558	fc9ff0ef	jal	x1,80000558	  x1=0x80000558
        8255000	       824	00000000	00000013	addi	x0,x0,0	  x0:0x00000000
        8265000	       825	8000051c	00000013	addi	x0,x0,0	  x0:0x00000000
        8275000	       826	80000520	03c0036f	jal	x6,80000520	  x6=0x80000520
        8285000	       827	00000000	00000013	addi	x0,x0,0	  x0:0x00000000
        8295000	       828	80000558	00000013	addi	x0,x0,0	  x0:0x00000000
        8305000	       829	8000055c	004000ef	jal	x1,8000055c	  x1=0x8000055c
        8315000	       830	00000000	00000013	addi	x0,x0,0	  x0:0x00000000
        8325000	       831	8000055c	00000013	addi	x0,x0,0	  x0:0x00000000
        8335000	       832	80000560	fcdff0ef	jal	x1,80000560	  x1=0x80000560
        8345000	       833	00000000	00000013	addi	x0,x0,0	  x0:0x00000000
        8355000	       834	80000528	00000013	addi	x0,x0,0	  x0:0x00000000
        8365000	       835	8000052c	0140066f	jal	x12,8000052c	 x12=0x8000052c
        8375000	       836	00000000	00000013	addi	x0,x0,0	  x0:0x00000000
        8385000	       837	8000053c	00000013	addi	x0,x0,0	  x0:0x00000000
        8395000	       838	80000540	014002ef	jal	x5,80000540	  x5=0x80000540
        8405000	       839	00000000	00000013	addi	x0,x0,0	  x0:0x00000000
        8415000	       840	80000550	00000013	addi	x0,x0,0	  x0:0x00000000
        8425000	       841	80000554	fbdff36f	jal	x6,80000554	  x6=0x80000554
        8435000	       842	00000000	00000013	addi	x0,x0,0	  x0:0x00000000
        8445000	       843	8000050c	00000013	addi	x0,x0,0	  x0:0x00000000
        8455000	       844	80000510	040002ef	jal	x5,80000510	  x5=0x80000510
        8465000	       845	00000000	00000013	addi	x0,x0,0	  x0:0x00000000
        8475000	       846	8000054c	00000013	addi	x0,x0,0	  x0:0x00000000
        8485000	       847	80000550	fe1ff0ef	jal	x1,80000550	  x1=0x80000550
        8495000	       848	00000000	00000013	addi	x0,x0,0	  x0:0x00000000
        8505000	       849	8000052c	00000013	addi	x0,x0,0	  x0:0x00000000
        8515000	       850	80000530	ff5ff0ef	jal	x1,80000530	  x1=0x80000530
        8525000	       851	00000000	00000013	addi	x0,x0,0	  x0:0x00000000
        8535000	       852	80000520	00000013	addi	x0,x0,0	  x0:0x00000000
        8545000	       853	80000524	ff9ff0ef	jal	x1,80000524	  x1=0x80000524
        8555000	       854	00000000	00000013	addi	x0,x0,0	  x0:0x00000000
        8565000	       855	80000518	00000013	addi	x0,x0,0	  x0:0x00000000
        8575000	       856	8000051c	04c001ef	jal	x3,8000051c	  x3=0x8000051c
        8585000	       857	00000000	00000013	addi	x0,x0,0	  x0:0x00000000
        8595000	       858	80000564	00000013	addi	x0,x0,0	  x0:0x00000000
        8605000	       859	80000568	fe1ff0ef	jal	x1,80000568	  x1=0x80000568
        8615000	       860	00000000	00000013	addi	x0,x0,0	  x0:0x00000000
        8625000	       861	80000544	00000013	addi	x0,x0,0	  x0:0x00000000
        8635000	       862	80000548	ff1ff0ef	jal	x1,80000548	  x1=0x80000548
        8645000	       863	00000000	00000013	addi	x0,x0,0	  x0:0x00000000
        8655000	       864	80000534	00000013	addi	x0,x0,0	  x0:0x00000000
        8665000	       865	80000538	0340036f	jal	x6,80000538	  x6=0x80000538
        8675000	       866	00000000	00000013	addi	x0,x0,0	  x0:0x00000000
        8685000	       867	80000568	00000013	addi	x0,x0,0	  x0:0x00000000
        8695000	       868	8000056c	fadff36f	jal	x6,8000056c	  x6=0x8000056c
        8705000	       869	00000000	00000013	addi	x0,x0,0	  x0:0x00000000
        8715000	       870	80000514	00000013	addi	x0,x0,0	  x0:0x00000000
        8725000	       871	80000518	0640036f	jal	x6,80000518	  x6=0x80000518
        8735000	       872	00000000	00000013	addi	x0,x0,0	  x0:0x00000000
        8745000	       873	80000578	00000013	addi	x0,x0,0	  x0:0x00000000
        8755000	       874	8000057c	4271b993	sltiu	x19,x3,1063	  x3:0x8000051c x19=0x00000000
        8765000	       875	80000580	0100036f	jal	x6,80000580	  x6=0x80000580
        8775000	       876	00000000	00000013	addi	x0,x0,0	  x0:0x00000000
        8785000	       877	8000058c	00000013	addi	x0,x0,0	  x0:0x00000000
        8795000	       878	80000590	0200076f	jal	x14,80000590	 x14=0x80000590
        8805000	       879	00000000	00000013	addi	x0,x0,0	  x0:0x00000000
        8815000	       880	800005ac	00000013	addi	x0,x0,0	  x0:0x00000000
        8825000	       881	800005b0	fedfff6f	jal	x30,800005b0	 x30=0x800005b0
        8835000	       882	00000000	00000013	addi	x0,x0,0	  x0:0x00000000
        8845000	       883	80000598	00000013	addi	x0,x0,0	  x0:0x00000000
        8855000	       884	8000059c	ff9ff0ef	jal	x1,8000059c	  x1=0x8000059c
        8865000	       885	00000000	00000013	addi	x0,x0,0	  x0:0x00000000
        8875000	       886	80000590	00000013	addi	x0,x0,0	  x0:0x00000000
        8885000	       887	80000594	00c0036f	jal	x6,80000594	  x6=0x80000594
        8895000	       888	00000000	00000013	addi	x0,x0,0	  x0:0x00000000
        8905000	       889	8000059c	00000013	addi	x0,x0,0	  x0:0x00000000
        8915000	       890	800005a0	fedff36f	jal	x6,800005a0	  x6=0x800005a0
        8925000	       891	00000000	00000013	addi	x0,x0,0	  x0:0x00000000
        8935000	       892	80000588	00000013	addi	x0,x0,0	  x0:0x00000000
        8945000	       893	8000058c	ffdff36f	jal	x6,8000058c	  x6=0x8000058c
        8955000	       894	00000000	00000013	addi	x0,x0,0	  x0:0x00000000
        8965000	       895	80000584	00000013	addi	x0,x0,0	  x0:0x00000000
        8975000	       896	80000588	024000ef	jal	x1,80000588	  x1=0x80000588
        8985000	       897	00000000	00000013	addi	x0,x0,0	  x0:0x00000000
        8995000	       898	800005a8	00000013	addi	x0,x0,0	  x0:0x00000000
        9005000	       899	800005ac	fedff0ef	jal	x1,800005ac	  x1=0x800005ac
        9015000	       900	00000000	00000013	addi	x0,x0,0	  x0:0x00000000
        9025000	       901	80000594	00000013	addi	x0,x0,0	  x0:0x00000000
        9035000	       902	80000598	fedff0ef	jal	x1,80000598	  x1=0x80000598
        9045000	       903	00000000	00000013	addi	x0,x0,0	  x0:0x00000000
        9055000	       904	80000580	00000013	addi	x0,x0,0	  x0:0x00000000
        9065000	       905	80000584	020005ef	jal	x11,80000584	 x11=0x80000584
        9075000	       906	00000000	00000013	addi	x0,x0,0	  x0:0x00000000
        9085000	       907	800005a0	00000013	addi	x0,x0,0	  x0:0x00000000
        9095000	       908	800005a4	0040036f	jal	x6,800005a4	  x6=0x800005a4
        9105000	       909	00000000	00000013	addi	x0,x0,0	  x0:0x00000000
        9115000	       910	800005a4	00000013	addi	x0,x0,0	  x0:0x00000000
        9125000	       911	800005a8	00c00c6f	jal	x24,800005a8	 x24=0x800005a8
        9135000	       912	00000000	00000013	addi	x0,x0,0	  x0:0x00000000
        9145000	       913	800005b0	00000013	addi	x0,x0,0	  x0:0x00000000
        9155000	       914	800005b4	004000ef	jal	x1,800005b4	  x1=0x800005b4
        9165000	       915	00000000	00000013	addi	x0,x0,0	  x0:0x00000000
        9175000	       916	800005b4	00000013	addi	x0,x0,0	  x0:0x00000000
        9185000	       917	800005b8	00036133	or	x2,x6,x0	  x6:0x800005a4  x0:0x00000000  x2=0x800005a4
        9195000	       918	800005bc	0280036f	jal	x6,800005bc	  x6=0x800005bc
        9205000	       919	00000000	00000013	addi	x0,x0,0	  x0:0x00000000
        9215000	       920	800005e0	00000013	addi	x0,x0,0	  x0:0x00000000
        9225000	       921	800005e4	fe5ff36f	jal	x6,800005e4	  x6=0x800005e4
        9235000	       922	00000000	00000013	addi	x0,x0,0	  x0:0x00000000
        9245000	       923	800005c4	00000013	addi	x0,x0,0	  x0:0x00000000
        9255000	       924	800005c8	050001ef	jal	x3,800005c8	  x3=0x800005c8
        9265000	       925	00000000	00000013	addi	x0,x0,0	  x0:0x00000000
        9275000	       926	80000614	00000013	addi	x0,x0,0	  x0:0x00000000
        9285000	       927	80000618	fbdff36f	jal	x6,80000618	  x6=0x80000618
        9295000	       928	00000000	00000013	addi	x0,x0,0	  x0:0x00000000
        9305000	       929	800005d0	00000013	addi	x0,x0,0	  x0:0x00000000
        9315000	       930	800005d4	030000ef	jal	x1,800005d4	  x1=0x800005d4
        9325000	       931	00000000	00000013	addi	x0,x0,0	  x0:0x00000000
        9335000	       932	80000600	00000013	addi	x0,x0,0	  x0:0x00000000
        9345000	       933	80000604	02000eef	jal	x29,80000604	 x29=0x80000604
        9355000	       934	00000000	00000013	addi	x0,x0,0	  x0:0x00000000
        9365000	       935	80000620	00000013	addi	x0,x0,0	  x0:0x00000000
        9375000	       936	80000624	fc9ff0ef	jal	x1,80000624	  x1=0x80000624
        9385000	       937	00000000	00000013	addi	x0,x0,0	  x0:0x00000000
        9395000	       938	800005e8	00000013	addi	x0,x0,0	  x0:0x00000000
        9405000	       939	800005ec	014000ef	jal	x1,800005ec	  x1=0x800005ec
        9415000	       940	00000000	00000013	addi	x0,x0,0	  x0:0x00000000
        9425000	       941	800005fc	00000013	addi	x0,x0,0	  x0:0x00000000
        9435000	       942	80000600	ff1ff0ef	jal	x1,80000600	  x1=0x80000600
        9445000	       943	00000000	00000013	addi	x0,x0,0	  x0:0x00000000
        9455000	       944	800005ec	00000013	addi	x0,x0,0	  x0:0x00000000
        9465000	       945	800005f0	01c000ef	jal	x1,800005f0	  x1=0x800005f0
        9475000	       946	00000000	00000013	addi	x0,x0,0	  x0:0x00000000
        9485000	       947	80000608	00000013	addi	x0,x0,0	  x0:0x00000000
        9495000	       948	8000060c	01c000ef	jal	x1,8000060c	  x1=0x8000060c
        9505000	       949	00000000	00000013	addi	x0,x0,0	  x0:0x00000000
        9515000	       950	80000624	00000013	addi	x0,x0,0	  x0:0x00000000
        9525000	       951	80000628	fcdff0ef	jal	x1,80000628	  x1=0x80000628
        9535000	       952	00000000	00000013	addi	x0,x0,0	  x0:0x00000000
        9545000	       953	800005f0	00000013	addi	x0,x0,0	  x0:0x00000000
        9555000	       954	800005f4	ff5ff9ef	jal	x19,800005f4	 x19=0x800005f4
        9565000	       955	00000000	00000013	addi	x0,x0,0	  x0:0x00000000
        9575000	       956	800005e4	00000013	addi	x0,x0,0	  x0:0x00000000
        9585000	       957	800005e8	fd9ff0ef	jal	x1,800005e8	  x1=0x800005e8
        9595000	       958	00000000	00000013	addi	x0,x0,0	  x0:0x00000000
        9605000	       959	800005bc	00000013	addi	x0,x0,0	  x0:0x00000000
        9615000	       960	800005c0	020002ef	jal	x5,800005c0	  x5=0x800005c0
        9625000	       961	00000000	00000013	addi	x0,x0,0	  x0:0x00000000
        9635000	       962	800005dc	00000013	addi	x0,x0,0	  x0:0x00000000
        9645000	       963	800005e0	034000ef	jal	x1,800005e0	  x1=0x800005e0
        9655000	       964	00000000	00000013	addi	x0,x0,0	  x0:0x00000000
        9665000	       965	80000610	00000013	addi	x0,x0,0	  x0:0x00000000
        9675000	       966	80000614	fc9ff9ef	jal	x19,80000614	 x19=0x80000614
        9685000	       967	00000000	00000013	addi	x0,x0,0	  x0:0x00000000
        9695000	       968	800005d8	00000013	addi	x0,x0,0	  x0:0x00000000
        9705000	       969	800005dc	ff1fff6f	jal	x30,800005dc	 x30=0x800005dc
        9715000	       970	00000000	00000013	addi	x0,x0,0	  x0:0x00000000
        9725000	       971	800005c8	00000013	addi	x0,x0,0	  x0:0x00000000
        9735000	       972	800005cc	0540036f	jal	x6,800005cc	  x6=0x800005cc
        9745000	       973	00000000	00000013	addi	x0,x0,0	  x0:0x00000000
        9755000	       974	8000061c	00000013	addi	x0,x0,0	  x0:0x00000000
        9765000	       975	80000620	fb9ff0ef	jal	x1,80000620	  x1=0x80000620
        9775000	       976	00000000	00000013	addi	x0,x0,0	  x0:0x00000000
        9785000	       977	800005d4	00000013	addi	x0,x0,0	  x0:0x00000000
        9795000	       978	800005d8	044000ef	jal	x1,800005d8	  x1=0x800005d8
        9805000	       979	00000000	00000013	addi	x0,x0,0	  x0:0x00000000
        9815000	       980	80000618	00000013	addi	x0,x0,0	  x0:0x00000000
        9825000	       981	8000061c	fedfffef	jal	x31,8000061c	 x31=0x8000061c
        9835000	       982	00000000	00000013	addi	x0,x0,0	  x0:0x00000000
        9845000	       983	80000604	00000013	addi	x0,x0,0	  x0:0x00000000
        9855000	       984	80000608	ff1ff0ef	jal	x1,80000608	  x1=0x80000608
        9865000	       985	00000000	00000013	addi	x0,x0,0	  x0:0x00000000
        9875000	       986	800005f4	00000013	addi	x0,x0,0	  x0:0x00000000
        9885000	       987	800005f8	018000ef	jal	x1,800005f8	  x1=0x800005f8
        9895000	       988	00000000	00000013	addi	x0,x0,0	  x0:0x00000000
        9905000	       989	8000060c	00000013	addi	x0,x0,0	  x0:0x00000000
        9915000	       990	80000610	fc1ff0ef	jal	x1,80000610	  x1=0x80000610
        9925000	       991	00000000	00000013	addi	x0,x0,0	  x0:0x00000000
        9935000	       992	800005cc	00000013	addi	x0,x0,0	  x0:0x00000000
        9945000	       993	800005d0	02c0086f	jal	x16,800005d0	 x16=0x800005d0
        9955000	       994	00000000	00000013	addi	x0,x0,0	  x0:0x00000000
        9965000	       995	800005f8	00000013	addi	x0,x0,0	  x0:0x00000000
        9975000	       996	800005fc	fc9ff0ef	jal	x1,800005fc	  x1=0x800005fc
        9985000	       997	00000000	00000013	addi	x0,x0,0	  x0:0x00000000
        9995000	       998	800005c0	00000013	addi	x0,x0,0	  x0:0x00000000
       10005000	       999	800005c4	068000ef	jal	x1,800005c4	  x1=0x800005c4
       10015000	      1000	00000000	00000013	addi	x0,x0,0	  x0:0x00000000
       10025000	      1001	80000628	00000013	addi	x0,x0,0	  x0:0x00000000
       10035000	      1002	8000062c	00000013	addi	x0,x0,0	  x0:0x00000000
       10045000	      1003	80000630	02c0036f	jal	x6,80000630	  x6=0x80000630
       10055000	      1004	00000000	00000013	addi	x0,x0,0	  x0:0x00000000
       10065000	      1005	80000658	00000013	addi	x0,x0,0	  x0:0x00000000
       10075000	      1006	8000065c	004000ef	jal	x1,8000065c	  x1=0x8000065c
       10085000	      1007	00000000	00000013	addi	x0,x0,0	  x0:0x00000000
       10095000	      1008	8000065c	00000013	addi	x0,x0,0	  x0:0x00000000
       10105000	      1009	80000660	0280036f	jal	x6,80000660	  x6=0x80000660
       10115000	      1010	00000000	00000013	addi	x0,x0,0	  x0:0x00000000
       10125000	      1011	80000684	00000013	addi	x0,x0,0	  x0:0x00000000
       10135000	      1012	80000688	fe5ff0ef	jal	x1,80000688	  x1=0x80000688
       10145000	      1013	00000000	00000013	addi	x0,x0,0	  x0:0x00000000
       10155000	      1014	80000668	00000013	addi	x0,x0,0	  x0:0x00000000
       10165000	      1015	8000066c	fedff9ef	jal	x19,8000066c	 x19=0x8000066c
       10175000	      1016	00000000	00000013	addi	x0,x0,0	  x0:0x00000000
       10185000	      1017	80000654	00000013	addi	x0,x0,0	  x0:0x00000000
       10195000	      1018	80000658	034002ef	jal	x5,80000658	  x5=0x80000658
       10205000	      1019	00000000	00000013	addi	x0,x0,0	  x0:0x00000000
       10215000	      1020	80000688	00000013	addi	x0,x0,0	  x0:0x00000000
       10225000	      1021	8000068c	fb5ff16f	jal	x2,8000068c	  x2=0x8000068c
       10235000	      1022	00000000	00000013	addi	x0,x0,0	  x0:0x00000000
       10245000	      1023	8000063c	00000013	addi	x0,x0,0	  x0:0x00000000
       10255000	      1024	80000640	ff5ff0ef	jal	x1,80000640	  x1=0x80000640
       10265000	      1025	00000000	00000013	addi	x0,x0,0	  x0:0x00000000
       10275000	      1026	80000630	00000013	addi	x0,x0,0	  x0:0x00000000
       10285000	      1027	80000634	04000a6f	jal	x20,80000634	 x20=0x80000634
       10295000	      1028	00000000	00000013	addi	x0,x0,0	  x0:0x00000000
       10305000	      1029	80000670	00000013	addi	x0,x0,0	  x0:0x00000000
       10315000	      1030	80000674	fe1ff0ef	jal	x1,80000674	  x1=0x80000674
       10325000	      1031	00000000	00000013	addi	x0,x0,0	  x0:0x00000000
       10335000	      1032	80000650	00000013	addi	x0,x0,0	  x0:0x00000000
       10345000	      1033	80000654	028000ef	jal	x1,80000654	  x1=0x80000654
       10355000	      1034	00000000	00000013	addi	x0,x0,0	  x0:0x00000000
       10365000	      1035	80000678	00000013	addi	x0,x0,0	  x0:0x00000000
       10375000	      1036	8000067c	ff5ff0ef	jal	x1,8000067c	  x1=0x8000067c
       10385000	      1037	00000000	00000013	addi	x0,x0,0	  x0:0x00000000
       10395000	      1038	8000066c	00000013	addi	x0,x0,0	  x0:0x00000000
       10405000	      1039	80000670	ff9ff0ef	jal	x1,80000670	  x1=0x80000670
       10415000	      1040	00000000	00000013	addi	x0,x0,0	  x0:0x00000000
       10425000	      1041	80000664	00000013	addi	x0,x0,0	  x0:0x00000000
       10435000	      1042	80000668	fe5ff0ef	jal	x1,80000668	  x1=0x80000668
       10445000	      1043	00000000	00000013	addi	x0,x0,0	  x0:0x00000000
       10455000	      1044	80000648	00000013	addi	x0,x0,0	  x0:0x00000000
       10465000	      1045	8000064c	004000ef	jal	x1,8000064c	  x1=0x8000064c
       10475000	      1046	00000000	00000013	addi	x0,x0,0	  x0:0x00000000
       10485000	      1047	8000064c	00000013	addi	x0,x0,0	  x0:0x00000000
       10495000	      1048	80000650	01400aef	jal	x21,80000650	 x21=0x80000650
       10505000	      1049	00000000	00000013	addi	x0,x0,0	  x0:0x00000000
       10515000	      1050	80000660	00000013	addi	x0,x0,0	  x0:0x00000000
       10525000	      1051	80000664	014000ef	jal	x1,80000664	  x1=0x80000664
       10535000	      1052	00000000	00000013	addi	x0,x0,0	  x0:0x00000000
       10545000	      1053	80000674	00000013	addi	x0,x0,0	  x0:0x00000000
       10555000	      1054	80000678	fc1ff0ef	jal	x1,80000678	  x1=0x80000678
       10565000	      1055	00000000	00000013	addi	x0,x0,0	  x0:0x00000000
       10575000	      1056	80000634	00000013	addi	x0,x0,0	  x0:0x00000000
       10585000	      1057	80000638	0480036f	jal	x6,80000638	  x6=0x80000638
       10595000	      1058	00000000	00000013	addi	x0,x0,0	  x0:0x00000000
       10605000	      1059	8000067c	00000013	addi	x0,x0,0	  x0:0x00000000
       10615000	      1060	80000680	fbdff0ef	jal	x1,80000680	  x1=0x80000680
       10625000	      1061	00000000	00000013	addi	x0,x0,0	  x0:0x00000000
       10635000	      1062	80000638	00000013	addi	x0,x0,0	  x0:0x00000000
       10645000	      1063	8000063c	00c002ef	jal	x5,8000063c	  x5=0x8000063c
       10655000	      1064	00000000	00000013	addi	x0,x0,0	  x0:0x00000000
       10665000	      1065	80000644	00000013	addi	x0,x0,0	  x0:0x00000000
       10675000	      1066	80000648	ffdff0ef	jal	x1,80000648	  x1=0x80000648
       10685000	      1067	00000000	00000013	addi	x0,x0,0	  x0:0x00000000
       10695000	      1068	80000640	00000013	addi	x0,x0,0	  x0:0x00000000
       10705000	      1069	80000644	040002ef	jal	x5,80000644	  x5=0x80000644
       10715000	      1070	00000000	00000013	addi	x0,x0,0	  x0:0x00000000
       10725000	      1071	80000680	00000013	addi	x0,x0,0	  x0:0x00000000
       10735000	      1072	80000684	00c007ef	jal	x15,80000684	 x15=0x80000684
       10745000	      1073	00000000	00000013	addi	x0,x0,0	  x0:0x00000000
       10755000	      1074	8000068c	00000013	addi	x0,x0,0	  x0:0x00000000
       10765000	      1075	80000690	00000013	addi	x0,x0,0	  x0:0x00000000
       10775000	      1076	80000694	00c0036f	jal	x6,80000694	  x6=0x80000694
       10785000	      1077	00000000	00000013	addi	x0,x0,0	  x0:0x00000000
       10795000	      1078	8000069c	00000013	addi	x0,x0,0	  x0:0x00000000
       10805000	      1079	800006a0	ff9ff36f	jal	x6,800006a0	  x6=0x800006a0
       10815000	      1080	00000000	00000013	addi	x0,x0,0	  x0:0x00000000
       10825000	      1081	80000694	00000013	addi	x0,x0,0	  x0:0x00000000
       10835000	      1082	80000698	040000ef	jal	x1,80000698	  x1=0x80000698
       10845000	      1083	00000000	00000013	addi	x0,x0,0	  x0:0x00000000
       10855000	      1084	800006d4	00000013	addi	x0,x0,0	  x0:0x00000000
       10865000	      1085	800006d8	00c006ef	jal	x13,800006d8	 x13=0x800006d8
       10875000	      1086	00000000	00000013	addi	x0,x0,0	  x0:0x00000000
       10885000	      1087	800006e0	00000013	addi	x0,x0,0	  x0:0x00000000
       10895000	      1088	800006e4	ff9ff16f	jal	x2,800006e4	  x2=0x800006e4
       10905000	      1089	00000000	00000013	addi	x0,x0,0	  x0:0x00000000
       10915000	      1090	800006d8	00000013	addi	x0,x0,0	  x0:0x00000000
       10925000	      1091	800006dc	fd9ff0ef	jal	x1,800006dc	  x1=0x800006dc
       10935000	      1092	00000000	00000013	addi	x0,x0,0	  x0:0x00000000
       10945000	      1093	800006b0	00000013	addi	x0,x0,0	  x0:0x00000000
       10955000	      1094	800006b4	018000ef	jal	x1,800006b4	  x1=0x800006b4
       10965000	      1095	00000000	00000013	addi	x0,x0,0	  x0:0x00000000
       10975000	      1096	800006c8	00000013	addi	x0,x0,0	  x0:0x00000000
       10985000	      1097	800006cc	ff5ff0ef	jal	x1,800006cc	  x1=0x800006cc
       10995000	      1098	00000000	00000013	addi	x0,x0,0	  x0:0x00000000
       11005000	      1099	800006bc	00000013	addi	x0,x0,0	  x0:0x00000000
       11015000	      1100	800006c0	fe5ff0ef	jal	x1,800006c0	  x1=0x800006c0
       11025000	      1101	00000000	00000013	addi	x0,x0,0	  x0:0x00000000
       11035000	      1102	800006a0	00000013	addi	x0,x0,0	  x0:0x00000000
       11045000	      1103	800006a4	00c000ef	jal	x1,800006a4	  x1=0x800006a4
       11055000	      1104	00000000	00000013	addi	x0,x0,0	  x0:0x00000000
       11065000	      1105	800006ac	00000013	addi	x0,x0,0	  x0:0x00000000
       11075000	      1106	800006b0	fedff2ef	jal	x5,800006b0	  x5=0x800006b0
       11085000	      1107	00000000	00000013	addi	x0,x0,0	  x0:0x00000000
       11095000	      1108	80000698	00000013	addi	x0,x0,0	  x0:0x00000000
       11105000	      1109	8000069c	00c000ef	jal	x1,8000069c	  x1=0x8000069c
       11115000	      1110	00000000	00000013	addi	x0,x0,0	  x0:0x00000000
       11125000	      1111	800006a4	00000013	addi	x0,x0,0	  x0:0x00000000
       11135000	      1112	800006a8	010000ef	jal	x1,800006a8	  x1=0x800006a8
       11145000	      1113	00000000	00000013	addi	x0,x0,0	  x0:0x00000000
       11155000	      1114	800006b4	00000013	addi	x0,x0,0	  x0:0x00000000
       11165000	      1115	800006b8	00c00aef	jal	x21,800006b8	 x21=0x800006b8
       11175000	      1116	00000000	00000013	addi	x0,x0,0	  x0:0x00000000
       11185000	      1117	800006c0	00000013	addi	x0,x0,0	  x0:0x00000000
       11195000	      1118	800006c4	00c000ef	jal	x1,800006c4	  x1=0x800006c4
       11205000	      1119	00000000	00000013	addi	x0,x0,0	  x0:0x00000000
       11215000	      1120	800006cc	00000013	addi	x0,x0,0	  x0:0x00000000
       11225000	      1121	800006d0	004000ef	jal	x1,800006d0	  x1=0x800006d0
       11235000	      1122	00000000	00000013	addi	x0,x0,0	  x0:0x00000000
       11245000	      1123	800006d0	00000013	addi	x0,x0,0	  x0:0x00000000
       11255000	      1124	800006d4	fe9ff0ef	jal	x1,800006d4	  x1=0x800006d4
       11265000	      1125	00000000	00000013	addi	x0,x0,0	  x0:0x00000000
       11275000	      1126	800006b8	00000013	addi	x0,x0,0	  x0:0x00000000
       11285000	      1127	800006bc	00c000ef	jal	x1,800006bc	  x1=0x800006bc
       11295000	      1128	00000000	00000013	addi	x0,x0,0	  x0:0x00000000
       11305000	      1129	800006c4	00000013	addi	x0,x0,0	  x0:0x00000000
       11315000	      1130	800006c8	fe5ff36f	jal	x6,800006c8	  x6=0x800006c8
       11325000	      1131	00000000	00000013	addi	x0,x0,0	  x0:0x00000000
       11335000	      1132	800006a8	00000013	addi	x0,x0,0	  x0:0x00000000
       11345000	      1133	800006ac	03c000ef	jal	x1,800006ac	  x1=0x800006ac
       11355000	      1134	00000000	00000013	addi	x0,x0,0	  x0:0x00000000
       11365000	      1135	800006e4	00000013	addi	x0,x0,0	  x0:0x00000000
       11375000	      1136	800006e8	ff9ffd6f	jal	x26,800006e8	 x26=0x800006e8
       11385000	      1137	00000000	00000013	addi	x0,x0,0	  x0:0x00000000
       11395000	      1138	800006dc	00000013	addi	x0,x0,0	  x0:0x00000000
       11405000	      1139	800006e0	00c000ef	jal	x1,800006e0	  x1=0x800006e0
       11415000	      1140	00000000	00000013	addi	x0,x0,0	  x0:0x00000000
       11425000	      1141	800006e8	00000013	addi	x0,x0,0	  x0:0x00000000
       11435000	      1142	800006ec	004000ef	jal	x1,800006ec	  x1=0x800006ec
       11445000	      1143	00000000	00000013	addi	x0,x0,0	  x0:0x00000000
       11455000	      1144	800006ec	00000013	addi	x0,x0,0	  x0:0x00000000
       11465000	      1145	800006f0	ba3d4513	xori	x10,x26,-1117	 x26:0x800006e8 x10=0x7ffffd4b
       11475000	      1146	800006f4	410a00b3	sub	x1,x20,x16	 x20:0x80000634 x16:0x800005d0  x1=0x00000064
       11485000	      1147	800006f8	013cec63	bltu	x25,x19,80000710	 x25:0x00000000 x19:0x8000066c
       11495000	      1148	00000000	00000013	addi	x0,x0,0	  x0:0x00000000
       11505000	      1149	8000070c	00000013	addi	x0,x0,0	  x0:0x00000000
       11515000	      1150	80000710	01ae7c33	and	x24,x28,x26	 x28:0xfb060b8f x26:0x800006e8 x24=0x80000288
       11525000	      1151	80000714	59178a13	addi	x20,x15,1425	 x15:0x80000684 x20=0x80000c15
       11535000	      1152	80000718	011779b3	and	x19,x14,x17	 x14:0x80000590 x17:0x800000fe x19=0x80000090
       11545000	      1153	8000071c	bd174713	xori	x14,x14,-1071	 x14:0x80000590 x14=0x7ffffe41
       11555000	      1154	80000720	ce76a993	slti	x19,x13,-793	 x13:0x800006d8 x19=0x00000001
       11565000	      1155	80000724	c310ea93	ori	x21,x1,-975	  x1:0x00000064 x21=0xfffffc75
       11575000	      1156	80000728	000dda93	srli	x21,x27,0x0	 x27:0x01000000 x21=0x01000000
       11585000	      1157	8000072c	0004c633	xor	x12,x9,x0	  x9:0x00000001  x0:0x00000000 x12=0x00000001
       11595000	      1158	80000730	41cb5a13	srai	x20,x22,0x1c	 x22:0x00000001 x20=0x00000000
       11605000	      1159	80000734	61063e93	sltiu	x29,x12,1552	 x12:0x00000001 x29=0x00000001
       11615000	      1160	80000738	007f9e93	slli	x29,x31,0x7	 x31:0x8000061c x29=0x00030e00
       11625000	      1161	8000073c	a47d7593	andi	x11,x26,-1465	 x26:0x800006e8 x11=0x80000240
       11635000	      1162	80000740	6218b313	sltiu	x6,x17,1569	 x17:0x800000fe  x6=0x00000000
       11645000	      1163	80000744	03c24c63	blt	x4,x28,8000077c	  x4:0x00000001 x28:0xfb060b8f
       11655000	      1164	80000748	00e28c33	add	x24,x5,x14	  x5:0x800006b0 x14:0x7ffffe41 x24=0x000004f1
       11665000	      1165	8000074c	19a90a93	addi	x21,x18,410	 x18:0x9c000001 x21=0x9c00019b
       11675000	      1166	80000750	011d9013	slli	x0,x27,0x11	 x27:0x01000000
       11685000	      1167	80000754	00b3f463	bgeu	x7,x11,8000075c	  x7:0x80009fc4 x11:0x80000240
       11695000	      1168	00000000	00000013	addi	x0,x0,0	  x0:0x00000000
       11705000	      1169	80000758	00000013	addi	x0,x0,0	  x0:0x00000000
       11715000	      1170	8000075c	011e6f33	or	x30,x28,x17	 x28:0xfb060b8f x17:0x800000fe x30=0xfb060bff
       11725000	      1171	80000760	06300293	addi	x5,x0,99	  x0:0x00000000  x5=0x00000063
       11735000	      1172	80000764	cab65997	auipc	x19,0xcab65	 x19=0x4ab65760
       11745000	      1173	80000768	03f8fe63	bgeu	x17,x31,800007a4	 x17:0x800000fe x31:0x8000061c
       11755000	      1174	8000076c	40d55db3	sra	x27,x10,x13	 x10:0x7ffffd4b x13:0x800006d8 x27=0x0000007f
       11765000	      1175	80000770	004afa63	bgeu	x21,x4,80000784	 x21:0x9c00019b  x4:0x00000001
       11775000	      1176	00000000	00000013	addi	x0,x0,0	  x0:0x00000000
       11785000	      1177	80000780	00000013	addi	x0,x0,0	  x0:0x00000000
       11795000	      1178	80000784	f7317213	andi	x4,x2,-141	  x2:0x800006e4  x4=0x80000660
       11805000	      1179	80000788	00000013	addi	x0,x0,0	  x0:0x00000000
       11815000	      1180	8000078c	003a0d33	add	x26,x20,x3	 x20:0x00000000  x3:0x800005c8 x26=0x800005c8
       11825000	      1181	80000790	34b30693	addi	x13,x6,843	  x6:0x00000000 x13=0x0000034b
       11835000	      1182	80000794	ad906913	ori	x18,x0,-1319	  x0:0x00000000 x18=0xfffffad9
       11845000	      1183	80000798	01038933	add	x18,x7,x16	  x7:0x80009fc4 x16:0x800005d0 x18=0x0000a594
       11855000	      1184	8000079c	013ac0b3	xor	x1,x21,x19	 x21:0x9c00019b x19:0x4ab65760  x1=0xd6b656fb
       11865000	      1185	800007a0	0059ee63	bltu	x19,x5,800007bc	 x19:0x4ab65760  x5:0x00000063
       11875000	      1186	800007a4	106f5517	auipc	x10,0x106f5	 x10=0x906f57a0
       11885000	      1187	800007a8	036a4663	blt	x20,x22,800007d4	 x20:0x00000000 x22:0x00000001
       11895000	      1188	00000000	00000013	addi	x0,x0,0	  x0:0x00000000
       11905000	      1189	800007d0	00000013	addi	x0,x0,0	  x0:0x00000000
       11915000	      1190	800007d4	404207b3	sub	x15,x4,x4	  x4:0x80000660  x4:0x80000660 x15=0x00000000
       11925000	      1191	800007d8	0140b833	sltu	x16,x1,x20	  x1:0xd6b656fb x20:0x00000000 x16=0x00000000
       11935000	      1192	800007dc	011fe033	or	x0,x31,x17	 x31:0x8000061c x17:0x800000fe
       11945000	      1193	800007e0	03afe063	bltu	x31,x26,80000800	 x31:0x8000061c x26:0x800005c8
       11955000	      1194	800007e4	015e5663	bge	x28,x21,800007f0	 x28:0xfb060b8f x21:0x9c00019b
       11965000	      1195	00000000	00000013	addi	x0,x0,0	  x0:0x00000000
       11975000	      1196	800007ec	00000013	addi	x0,x0,0	  x0:0x00000000
       11985000	      1197	800007f0	001ff463	bgeu	x31,x1,800007f8	 x31:0x8000061c  x1:0xd6b656fb
       11995000	      1198	800007f4	01831233	sll	x4,x6,x24	  x6:0x00000000 x24:0x000004f1  x4=0x00000000
       12005000	      1199	800007f8	00065593	srli	x11,x12,0x0	 x12:0x00000001 x11=0x00000001
       12015000	      1200	800007fc	00df5033	srl	x0,x30,x13	 x30:0xfb060bff x13:0x0000034b
       12025000	      1201	80000800	01c01793	slli	x15,x0,0x1c	  x0:0x00000000 x15=0x00000000
       12035000	      1202	80000804	1b8a6f93	ori	x31,x20,440	 x20:0x00000000 x31=0x000001b8
       12045000	      1203	80000808	01ce8c63	beq	x29,x28,80000820	 x29:0x00030e00 x28:0xfb060b8f
       12055000	      1204	8000080c	01018433	add	x8,x3,x16	  x3:0x800005c8 x16:0x00000000  x8=0x800005c8
       12065000	      1205	80000810	3f155d37	lui	x26,0x3f155	 x26=0x3f155000
       12075000	      1206	80000814	00000013	addi	x0,x0,0	  x0:0x00000000
       12085000	      1207	80000818	01116d33	or	x26,x2,x17	  x2:0x800006e4 x17:0x800000fe x26=0x800006fe
       12095000	      1208	8000081c	057d6063	bltu	x26,x23,8000085c	 x26:0x800006fe x23:0x80009f5c
       12105000	      1209	00000000	00000013	addi	x0,x0,0	  x0:0x00000000
       12115000	      1210	80000858	00000013	addi	x0,x0,0	  x0:0x00000000
       12125000	      1211	8000085c	00d8aa33	slt	x20,x17,x13	 x17:0x800000fe x13:0x0000034b x20=0x00000001
       12135000	      1212	80000860	41d657b3	sra	x15,x12,x29	 x12:0x00000001 x29:0x00030e00 x15=0x00000001
       12145000	      1213	80000864	18707213	andi	x4,x0,391	  x0:0x00000000  x4=0x00000000
       12155000	      1214	80000868	4058dfb3	sra	x31,x17,x5	 x17:0x800000fe  x5:0x00000063 x31=0xf000001f
       12165000	      1215	8000086c	005620b3	slt	x1,x12,x5	 x12:0x00000001  x5:0x00000063  x1=0x00000001
       12175000	      1216	80000870	01d26e63	bltu	x4,x29,8000088c	  x4:0x00000000 x29:0x00030e00
       12185000	      1217	00000000	00000013	addi	x0,x0,0	  x0:0x00000000
       12195000	      1218	80000888	00000013	addi	x0,x0,0	  x0:0x00000000
       12205000	      1219	8000088c	afe6f693	andi	x13,x13,-1282	 x13:0x0000034b x13=0x0000024a
       12215000	      1220	80000890	403a0433	sub	x8,x20,x3	 x20:0x00000001  x3:0x800005c8  x8=0x7ffffa39
       12225000	      1221	80000894	04aab693	sltiu	x13,x21,74	 x21:0x9c00019b x13=0x00000000
       12235000	      1222	80000898	00f24fb3	xor	x31,x4,x15	  x4:0x00000000 x15:0x00000001 x31=0x00000001
       12245000	      1223	8000089c	04155463	bge	x10,x1,800008e4	 x10:0x906f57a0  x1:0x00000001
       12255000	      1224	800008a0	00535eb3	srl	x29,x6,x5	  x6:0x00000000  x5:0x00000063 x29=0x00000000
       12265000	      1225	800008a4	00b286b3	add	x13,x5,x11	  x5:0x00000063 x11:0x00000001 x13=0x00000064
       12275000	      1226	800008a8	03127063	bgeu	x4,x17,800008c8	  x4:0x00000000 x17:0x800000fe
       12285000	      1227	800008ac	02696863	bltu	x18,x6,800008dc	 x18:0x0000a594  x6:0x00000000
       12295000	      1228	800008b0	41b10933	sub	x18,x2,x27	  x2:0x800006e4 x27:0x0000007f x18=0x80000665
       12305000	      1229	800008b4	03c9d663	bge	x19,x28,800008e0	 x19:0x4ab65760 x28:0xfb060b8f
       12315000	      1230	00000000	00000013	addi	x0,x0,0	  x0:0x00000000
       12325000	      1231	800008dc	00000013	addi	x0,x0,0	  x0:0x00000000
       12335000	      1232	800008e0	414bd113	srai	x2,x23,0x14	 x23:0x80009f5c  x2=0xfffff800
       12345000	      1233	800008e4	04ba6063	bltu	x20,x11,80000924	 x20:0x00000001 x11:0x00000001
       12355000	      1234	800008e8	401e8133	sub	x2,x29,x1	 x29:0x00000000  x1:0x00000001  x2=0xffffffff
       12365000	      1235	800008ec	0138c263	blt	x17,x19,800008f0	 x17:0x800000fe x19:0x4ab65760
       12375000	      1236	00000000	00000013	addi	x0,x0,0	  x0:0x00000000
       12385000	      1237	800008ec	00000013	addi	x0,x0,0	  x0:0x00000000
       12395000	      1238	800008f0	00000013	addi	x0,x0,0	  x0:0x00000000
       12405000	      1239	800008f4	02e00663	beq	x0,x14,80000920	  x0:0x00000000 x14:0x7ffffe41
       12415000	      1240	800008f8	0353c063	blt	x7,x21,80000918	  x7:0x80009fc4 x21:0x9c00019b
       12425000	      1241	00000000	00000013	addi	x0,x0,0	  x0:0x00000000
       12435000	      1242	80000914	00000013	addi	x0,x0,0	  x0:0x00000000
       12445000	      1243	80000918	418957b3	sra	x15,x18,x24	 x18:0x80000665 x24:0x000004f1 x15=0xffffc000
       12455000	      1244	8000091c	01191f13	slli	x30,x18,0x11	 x18:0x80000665 x30=0x0cca0000
       12465000	      1245	80000920	01da0fb3	add	x31,x20,x29	 x20:0x00000001 x29:0x00000000 x31=0x00000001
       12475000	      1246	80000924	9835f193	andi	x3,x11,-1661	 x11:0x00000001  x3=0x00000001
       12485000	      1247	80000928	00000013	addi	x0,x0,0	  x0:0x00000000
       12495000	      1248	8000092c	0163da63	bge	x7,x22,80000940	  x7:0x80009fc4 x22:0x00000001
       12505000	      1249	80000930	40888db3	sub	x27,x17,x8	 x17:0x800000fe  x8:0x7ffffa39 x27=0x000006c5
       12515000	      1250	80000934	408d5f13	srai	x30,x26,0x8	 x26:0x800006fe x30=0xff800006
       12525000	      1251	80000938	41bfd1b3	sra	x3,x31,x27	 x31:0x00000001 x27:0x000006c5  x3=0x00000000
       12535000	      1252	8000093c	412a5013	srai	x0,x20,0x12	 x20:0x00000001
       12545000	      1253	80000940	015c3033	sltu	x0,x24,x21	 x24:0x000004f1 x21:0x9c00019b
       12555000	      1254	80000944	f9386093	ori	x1,x16,-109	 x16:0x00000000  x1=0xffffff93
       12565000	      1255	80000948	0007d7b3	srl	x15,x15,x0	 x15:0xffffc000  x0:0x00000000 x15=0xffffc000
       12575000	      1256	8000094c	006edd33	srl	x26,x29,x6	 x29:0x00000000  x6:0x00000000 x26=0x00000000
       12585000	      1257	80000950	40430633	sub	x12,x6,x4	  x6:0x00000000  x4:0x00000000 x12=0x00000000
       12595000	      1258	80000954	0c1cec13	ori	x24,x25,193	 x25:0x00000000 x24=0x000000c1
       12605000	      1259	80000958	d00a3f13	sltiu	x30,x20,-768	 x20:0x00000001 x30=0x00000001
       12615000	      1260	8000095c	00000013	addi	x0,x0,0	  x0:0x00000000
       12625000	      1261	80000960	010d77b3	and	x15,x26,x16	 x26:0x00000000 x16:0x00000000 x15=0x00000000
       12635000	      1262	80000964	41905293	srai	x5,x0,0x19	  x0:0x00000000  x5=0x00000000
       12645000	      1263	80000968	2fdb3293	sltiu	x5,x22,765	 x22:0x00000001  x5=0x00000001
       12655000	      1264	8000096c	0125aa33	slt	x20,x11,x18	 x11:0x00000001 x18:0x80000665 x20=0x00000000
       12665000	      1265	80000970	cb243113	sltiu	x2,x8,-846	  x8:0x7ffffa39  x2=0x00000001
       12675000	      1266	80000974	00595c33	srl	x24,x18,x5	 x18:0x80000665  x5:0x00000001 x24=0x40000332
       12685000	      1267	80000978	00e92633	slt	x12,x18,x14	 x18:0x80000665 x14:0x7ffffe41 x12=0x00000001
       12695000	      1268	8000097c	01db3233	sltu	x4,x22,x29	 x22:0x00000001 x29:0x00000000  x4=0x00000000
       12705000	      1269	80000980	4262a493	slti	x9,x5,1062	  x5:0x00000001  x9=0x00000001
       12715000	      1270	80000984	014710b3	sll	x1,x14,x20	 x14:0x7ffffe41 x20:0x00000000  x1=0x7ffffe41
       12725000	      1271	80000988	003c8533	add	x10,x25,x3	 x25:0x00000000  x3:0x00000000 x10=0x00000000
       12735000	      1272	8000098c	00000013	addi	x0,x0,0	  x0:0x00000000
       12745000	      1273	80000990	003a6eb3	or	x29,x20,x3	 x20:0x00000000  x3:0x00000000 x29=0x00000000
       12755000	      1274	80000994	586f0b37	lui	x22,0x586f0	 x22=0x586f0000
       12765000	      1275	80000998	3a3dfa13	andi	x20,x27,931	 x27:0x000006c5 x20=0x00000281
       12775000	      1276	8000099c	0323d263	bge	x7,x18,800009c0	  x7:0x80009fc4 x18:0x80000665
       12785000	      1277	00000000	00000013	addi	x0,x0,0	  x0:0x00000000
       12795000	      1278	800009bc	00000013	addi	x0,x0,0	  x0:0x00000000
       12805000	      1279	800009c0	01b9fb33	and	x22,x19,x27	 x19:0x4ab65760 x27:0x000006c5 x22=0x00000640
       12815000	      1280	800009c4	00000013	addi	x0,x0,0	  x0:0x00000000
       12825000	      1281	800009c8	da36fb13	andi	x22,x13,-605	 x13:0x00000064 x22=0x00000020
       12835000	      1282	800009cc	00000013	addi	x0,x0,0	  x0:0x00000000
       12845000	      1283	800009d0	01605ab3	srl	x21,x0,x22	  x0:0x00000000 x22:0x00000020 x21=0x00000000
       12855000	      1284	800009d4	ff9ebc93	sltiu	x25,x29,-7	 x29:0x00000000 x25=0x00000001
       12865000	      1285	800009d8	4098d713	srai	x14,x17,0x9	 x17:0x800000fe x14=0xffc00000
       12875000	      1286	800009dc	01531713	slli	x14,x6,0x15	  x6:0x00000000 x14=0x00000000
       12885000	      1287	800009e0	01f8ed33	or	x26,x17,x31	 x17:0x800000fe x31:0x00000001 x26=0x800000ff
       12895000	      1288	800009e4	418b5793	srai	x15,x22,0x18	 x22:0x00000020 x15=0x00000000
       12905000	      1289	800009e8	c99f1cb7	lui	x25,0xc99f1	 x25=0xc99f1000
       12915000	      1290	800009ec	00f5a7b3	slt	x15,x11,x15	 x11:0x00000001 x15:0x00000000 x15=0x00000000
       12925000	      1291	800009f0	40afd8b3	sra	x17,x31,x10	 x31:0x00000001 x10:0x00000000 x17=0x00000001
       12935000	      1292	800009f4	03c4ee63	bltu	x9,x28,80000a30	  x9:0x00000001 x28:0xfb060b8f
       12945000	      1293	00000000	00000013	addi	x0,x0,0	  x0:0x00000000
       12955000	      1294	80000a2c	00000013	addi	x0,x0,0	  x0:0x00000000
       12965000	      1295	80000a30	fd47eb13	ori	x22,x15,-44	 x15:0x00000000 x22=0xffffffd4
       12975000	      1296	80000a34	7af8e613	ori	x12,x17,1967	 x17:0x00000001 x12=0x000007af
       12985000	      1297	80000a38	a0c58617	auipc	x12,0xa0c58	 x12=0x20c58a34
       12995000	      1298	80000a3c	55a80813	addi	x16,x16,1370	 x16:0x00000000 x16=0x0000055a
       13005000	      1299	80000a40	01b30463	beq	x6,x27,80000a48	  x6:0x00000000 x27:0x000006c5
       13015000	      1300	80000a44	35983513	sltiu	x10,x16,857	 x16:0x0000055a x10=0x00000000
       13025000	      1301	80000a48	333a7713	andi	x14,x20,819	 x20:0x00000281 x14=0x00000201
       13035000	      1302	80000a4c	1376b813	sltiu	x16,x13,311	 x13:0x00000064 x16=0x00000001
       13045000	      1303	80000a50	049be263	bltu	x23,x9,80000a94	 x23:0x80009f5c  x9:0x00000001
       13055000	      1304	80000a54	04439063	bne	x7,x4,80000a94	  x7:0x80009fc4  x4:0x00000000
       13065000	      1305	00000000	00000013	addi	x0,x0,0	  x0:0x00000000
       13075000	      1306	80000a90	00000013	addi	x0,x0,0	  x0:0x00000000
       13085000	      1307	80000a94	40a20fb3	sub	x31,x4,x10	  x4:0x00000000 x10:0x00000000 x31=0x00000000
       13095000	      1308	80000a98	01ed1313	slli	x6,x26,0x1e	 x26:0x800000ff  x6=0xc0000000
       13105000	      1309	80000a9c	00518863	beq	x3,x5,80000aac	  x3:0x00000000  x5:0x00000001
       13115000	      1310	80000aa0	00daf533	and	x10,x21,x13	 x21:0x00000000 x13:0x00000064 x10=0x00000000
       13125000	      1311	80000aa4	01e50f33	add	x30,x10,x30	 x10:0x00000000 x30:0x00000001 x30=0x00000001
       13135000	      1312	80000aa8	00c07c63	bgeu	x0,x12,80000ac0	  x0:0x00000000 x12:0x20c58a34
       13145000	      1313	80000aac	bc33c793	xori	x15,x7,-1085	  x7:0x80009fc4 x15=0x7fff6407
       13155000	      1314	80000ab0	40c05b13	srai	x22,x0,0xc	  x0:0x00000000 x22=0x00000000
       13165000	      1315	80000ab4	833bbf93	sltiu	x31,x23,-1997	 x23:0x80009f5c x31=0x00000001
       13175000	      1316	80000ab8	eee53313	sltiu	x6,x10,-274	 x10:0x00000000  x6=0x00000001
       13185000	      1317	80000abc	027b7663	bgeu	x22,x7,80000ae8	 x22:0x00000000  x7:0x80009fc4
       13195000	      1318	80000ac0	418b81b3	sub	x3,x23,x24	 x23:0x80009f5c x24:0x40000332  x3=0x40009c2a
       13205000	      1319	80000ac4	00ce5813	srli	x16,x28,0xc	 x28:0xfb060b8f x16=0x000fb060
       13215000	      1320	80000ac8	00000013	addi	x0,x0,0	  x0:0x00000000
       13225000	      1321	80000acc	010522b3	slt	x5,x10,x16	 x10:0x00000000 x16:0x000fb060  x5=0x00000001
       13235000	      1322	80000ad0	0018fd33	and	x26,x17,x1	 x17:0x00000001  x1:0x7ffffe41 x26=0x00000001
       13245000	      1323	80000ad4	00000013	addi	x0,x0,0	  x0:0x00000000
       13255000	      1324	80000ad8	c4a56a13	ori	x20,x10,-950	 x10:0x00000000 x20=0xfffffc4a
       13265000	      1325	80000adc	01c57933	and	x18,x10,x28	 x10:0x00000000 x28:0xfb060b8f x18=0x00000000
       13275000	      1326	80000ae0	015aac33	slt	x24,x21,x21	 x21:0x00000000 x21:0x00000000 x24=0x00000000
       13285000	      1327	80000ae4	00000013	addi	x0,x0,0	  x0:0x00000000
       13295000	      1328	80000ae8	02726263	bltu	x4,x7,80000b0c	  x4:0x00000000  x7:0x80009fc4
       13305000	      1329	00000000	00000013	addi	x0,x0,0	  x0:0x00000000
       13315000	      1330	80000b08	00000013	addi	x0,x0,0	  x0:0x00000000
       13325000	      1331	80000b0c	00f52f33	slt	x30,x10,x15	 x10:0x00000000 x15:0x7fff6407 x30=0x00000001
       13335000	      1332	80000b10	59feb913	sltiu	x18,x29,1439	 x29:0x00000000 x18=0x00000001
       13345000	      1333	80000b14	40415333	sra	x6,x2,x4	  x2:0x00000001  x4:0x00000000  x6=0x00000001
       13355000	      1334	80000b18	002371b3	and	x3,x6,x2	  x6:0x00000001  x2:0x00000001  x3=0x00000001
       13365000	      1335	80000b1c	004485b3	add	x11,x9,x4	  x9:0x00000001  x4:0x00000000 x11=0x00000001
       13375000	      1336	80000b20	402b50b3	sra	x1,x22,x2	 x22:0x00000000  x2:0x00000001  x1=0x00000000
       13385000	      1337	80000b24	f9a18f13	addi	x30,x3,-102	  x3:0x00000001 x30=0xffffff9b
       13395000	      1338	80000b28	01712933	slt	x18,x2,x23	  x2:0x00000001 x23:0x80009f5c x18=0x00000000
       13405000	      1339	80000b2c	01451463	bne	x10,x20,80000b34	 x10:0x00000000 x20:0xfffffc4a
       13415000	      1340	00000000	00000013	addi	x0,x0,0	  x0:0x00000000
       13425000	      1341	80000b30	00000013	addi	x0,x0,0	  x0:0x00000000
       13435000	      1342	80000b34	7864f417	auipc	x8,0x7864f	  x8=0xf864fb30
       13445000	      1343	80000b38	41e559b3	sra	x19,x10,x30	 x10:0x00000000 x30:0xffffff9b x19=0x00000000
       13455000	      1344	80000b3c	00000013	addi	x0,x0,0	  x0:0x00000000
       13465000	      1345	80000b40	86303d13	sltiu	x26,x0,-1949	  x0:0x00000000 x26=0x00000001
       13475000	      1346	80000b44	006d5a63	bge	x26,x6,80000b58	 x26:0x00000001  x6:0x00000001
       13485000	      1347	00000000	00000013	addi	x0,x0,0	  x0:0x00000000
       13495000	      1348	80000b54	00000013	addi	x0,x0,0	  x0:0x00000000
       13505000	      1349	80000b58	01f1a433	slt	x8,x3,x31	  x3:0x00000001 x31:0x00000001  x8=0x00000000
       13515000	      1350	80000b5c	00a20e63	beq	x4,x10,80000b78	  x4:0x00000000 x10:0x00000000
       13525000	      1351	00000000	00000013	addi	x0,x0,0	  x0:0x00000000
       13535000	      1352	80000b74	00000013	addi	x0,x0,0	  x0:0x00000000
       13545000	      1353	80000b78	00976db3	or	x27,x14,x9	 x14:0x00000201  x9:0x00000001 x27=0x00000201
       13555000	      1354	80000b7c	ff24c313	xori	x6,x9,-14	  x9:0x00000001  x6=0xfffffff3
       13565000	      1355	80000b80	ad3d7693	andi	x13,x26,-1325	 x26:0x00000001 x13=0x00000001
       13575000	      1356	80000b84	019c0db3	add	x27,x24,x25	 x24:0x00000000 x25:0xc99f1000 x27=0xc99f1000
       13585000	      1357	80000b88	e0afbe93	sltiu	x29,x31,-502	 x31:0x00000001 x29=0x00000001
       13595000	      1358	80000b8c	004ba303	lw	x6,4(x23)	 x23:0x80009f5c  x6=0x80000164 PA:0x80009f60
       13605000	      1359	80000b90	e305f293	andi	x5,x11,-464	 x11:0x00000001  x5=0x00000000
       13615000	      1360	80000b94	416c55b3	sra	x11,x24,x22	 x24:0x00000000 x22:0x00000000 x11=0x00000000
       13625000	      1361	80000b98	028b8b93	addi	x23,x23,40	 x23:0x80009f5c x23=0x80009f84
       13635000	      1362	80000b9c	91b0e713	ori	x14,x1,-1765	  x1:0x00000000 x14=0xfffff91b
       13645000	      1363	80000ba0	4149df33	sra	x30,x19,x20	 x19:0x00000000 x20:0xfffffc4a x30=0x00000000
       13655000	      1364	80000ba4	410caa93	slti	x21,x25,1040	 x25:0xc99f1000 x21=0x00000001
       13665000	      1365	80000ba8	41a006b3	sub	x13,x0,x26	  x0:0x00000000 x26:0x00000001 x13=0xffffffff
       13675000	      1366	80000bac	000c9b13	slli	x22,x25,0x0	 x25:0xc99f1000 x22=0xc99f1000
       13685000	      1367	80000bb0	01d21513	slli	x10,x4,0x1d	  x4:0x00000000 x10=0x00000000
       13695000	      1368	80000bb4	402e01b3	sub	x3,x28,x2	 x28:0xfb060b8f  x2:0x00000001  x3=0xfb060b8e
       13705000	      1369	80000bb8	00130193	addi	x3,x6,1	  x6:0x80000164  x3=0x80000165
       13715000	      1370	80000bbc	000181e7	jalr	x3,x3,0	  x3:0x80000165  x3=0x80000bbc
       13725000	      1371	00000000	00000013	addi	x0,x0,0	  x0:0x00000000
       13735000	      1372	80000164	00000013	addi	x0,x0,0	  x0:0x00000000
       13745000	      1373	80000168	99480d17	auipc	x26,0x99480	 x26=0x19480164
       13755000	      1374	8000016c	adbcfc13	andi	x24,x25,-1317	 x25:0xc99f1000 x24=0xc99f1000
       13765000	      1375	80000170	409c09b3	sub	x19,x24,x9	 x24:0xc99f1000  x9:0x00000001 x19=0xc99f0fff
       13775000	      1376	80000174	00004d97	auipc	x27,0x4	 x27=0x80004170
       13785000	      1377	80000178	35cd8d93	addi	x27,x27,860	 x27:0x80004170 x27=0x800044cc
       13795000	      1378	8000017c	1905b813	sltiu	x16,x11,400	 x11:0x00000000 x16=0x00000001
       13805000	      1379	80000180	01c70133	add	x2,x14,x28	 x14:0xfffff91b x28:0xfb060b8f  x2=0xfb0604aa
       13815000	      1380	80000184	1a6d8d93	addi	x27,x27,422	 x27:0x800044cc x27=0x80004672
       13825000	      1381	80000188	00a0efb3	or	x31,x1,x10	  x1:0x00000000 x10:0x00000000 x31=0x00000000
       13835000	      1382	8000018c	e5ad8367	jalr	x6,x27,-422	 x27:0x80004672  x6=0x8000018c
       13845000	      1383	00000000	00000013	addi	x0,x0,0	  x0:0x00000000
       13855000	      1384	800044cc	00000013	addi	x0,x0,0	  x0:0x00000000
       13865000	      1385	800044d0	fccb8b93	addi	x23,x23,-52	 x23:0x80009f84 x23=0x80009f50
       13875000	      1386	800044d4	003f9c13	slli	x24,x31,0x3	 x31:0x00000000 x24=0x00000000
       13885000	      1387	800044d8	6b2c0d13	addi	x26,x24,1714	 x24:0x00000000 x26=0x000006b2
       13895000	      1388	800044dc	00000013	addi	x0,x0,0	  x0:0x00000000
       13905000	      1389	800044e0	013f1113	slli	x2,x30,0x13	 x30:0x00000000  x2=0x00000000
       13915000	      1390	800044e4	01ba79b3	and	x19,x20,x27	 x20:0xfffffc4a x27:0x80004672 x19=0x80004442
       13925000	      1391	800044e8	ca0a2c93	slti	x25,x20,-864	 x20:0xfffffc4a x25=0x00000001
       13935000	      1392	800044ec	006ba223	sw	x6,4(x23)	 x23:0x80009f50  x6:0x8000018c PA:0x80009f54
       13945000	      1393	800044f0	00a5d433	srl	x8,x11,x10	 x11:0x00000000 x10:0x00000000  x8=0x00000000
       13955000	      1394	800044f4	0822a2b7	lui	x5,0x822a	  x5=0x0822a000
       13965000	      1395	800044f8	02021863	bne	x4,x0,80004528	  x4:0x00000000  x0:0x00000000
       13975000	      1396	800044fc	010aec63	bltu	x21,x16,80004514	 x21:0x00000001 x16:0x00000001
       13985000	      1397	80004500	74d80313	addi	x6,x16,1869	 x16:0x00000001  x6=0x0000074e
       13995000	      1398	80004504	416d5733	sra	x14,x26,x22	 x26:0x000006b2 x22:0xc99f1000 x14=0x000006b2
       14005000	      1399	80004508	00cee033	or	x0,x29,x12	 x29:0x00000001 x12:0x20c58a34
       14015000	      1400	8000450c	461d0293	addi	x5,x26,1121	 x26:0x000006b2  x5=0x00000b13
       14025000	      1401	80004510	05860263	beq	x12,x24,80004554	 x12:0x20c58a34 x24:0x00000000
       14035000	      1402	80004514	01b08a63	beq	x1,x27,80004528	  x1:0x00000000 x27:0x80004672
       14045000	      1403	80004518	00ac5c63	bge	x24,x10,80004530	 x24:0x00000000 x10:0x00000000
       14055000	      1404	00000000	00000013	addi	x0,x0,0	  x0:0x00000000
       14065000	      1405	8000452c	00000013	addi	x0,x0,0	  x0:0x00000000
       14075000	      1406	80004530	00427fb3	and	x31,x4,x4	  x4:0x00000000  x4:0x00000000 x31=0x00000000
       14085000	      1407	80004534	672bc193	xori	x3,x23,1650	 x23:0x80009f50  x3=0x80009922
       14095000	      1408	80004538	006cd8b3	srl	x17,x25,x6	 x25:0x00000001  x6:0x0000074e x17=0x00000000
       14105000	      1409	8000453c	00fc9cb3	sll	x25,x25,x15	 x25:0x00000001 x15:0x7fff6407 x25=0x00000080
       14115000	      1410	80004540	41c78d33	sub	x26,x15,x28	 x15:0x7fff6407 x28:0xfb060b8f x26=0x84f95878
       14125000	      1411	80004544	01149093	slli	x1,x9,0x11	  x9:0x00000001  x1=0x00020000
       14135000	      1412	80004548	01c01e93	slli	x29,x0,0x1c	  x0:0x00000000 x29=0x00000000
       14145000	      1413	8000454c	003b9d33	sll	x26,x23,x3	 x23:0x80009f50  x3:0x80009922 x26=0x00027d40
       14155000	      1414	80004550	f26a0a93	addi	x21,x20,-218	 x20:0xfffffc4a x21=0xfffffb70
       14165000	      1415	80004554	814e2f13	slti	x30,x28,-2028	 x28:0xfb060b8f x30=0x00000001
       14175000	      1416	80004558	03cdc063	blt	x27,x28,80004578	 x27:0x80004672 x28:0xfb060b8f
       14185000	      1417	00000000	00000013	addi	x0,x0,0	  x0:0x00000000
       14195000	      1418	80004574	00000013	addi	x0,x0,0	  x0:0x00000000
       14205000	      1419	80004578	7c170613	addi	x12,x14,1985	 x14:0x000006b2 x12=0x00000e73
       14215000	      1420	8000457c	004ba303	lw	x6,4(x23)	 x23:0x80009f50  x6=0x8000018c PA:0x80009f54
       14225000	      1421	80004580	034b8b93	addi	x23,x23,52	 x23:0x80009f50 x23=0x80009f84
       14235000	      1422	80004584	01feb9b3	sltu	x19,x29,x31	 x29:0x00000000 x31:0x00000000 x19=0x00000000
       14245000	      1423	80004588	003a6733	or	x14,x20,x3	 x20:0xfffffc4a  x3:0x80009922 x14=0xfffffd6a
       14255000	      1424	8000458c	002c1033	sll	x0,x24,x2	 x24:0x00000000  x2:0x00000000
       14265000	      1425	80004590	00030d13	addi	x26,x6,0	  x6:0x8000018c x26=0x8000018c
       14275000	      1426	80004594	000d0d67	jalr	x26,x26,0	 x26:0x8000018c x26=0x80004594
       14285000	      1427	00000000	00000013	addi	x0,x0,0	  x0:0x00000000
       14295000	      1428	8000018c	00000013	addi	x0,x0,0	  x0:0x00000000
       14305000	      1429	80000190	0180036f	jal	x6,80000190	  x6=0x80000190
       14315000	      1430	00000000	00000013	addi	x0,x0,0	  x0:0x00000000
       14325000	      1431	800001a4	00000013	addi	x0,x0,0	  x0:0x00000000
       14335000	      1432	800001a8	fedff0ef	jal	x1,800001a8	  x1=0x800001a8
       14345000	      1433	00000000	00000013	addi	x0,x0,0	  x0:0x00000000
       14355000	      1434	80000190	00000013	addi	x0,x0,0	  x0:0x00000000
       14365000	      1435	80000194	00800a6f	jal	x20,80000194	 x20=0x80000194
       14375000	      1436	00000000	00000013	addi	x0,x0,0	  x0:0x00000000
       14385000	      1437	80000198	00000013	addi	x0,x0,0	  x0:0x00000000
       14395000	      1438	8000019c	018004ef	jal	x9,8000019c	  x9=0x8000019c
       14405000	      1439	00000000	00000013	addi	x0,x0,0	  x0:0x00000000
       14415000	      1440	800001b0	00000013	addi	x0,x0,0	  x0:0x00000000
       14425000	      1441	800001b4	ff1ff36f	jal	x6,800001b4	  x6=0x800001b4
       14435000	      1442	00000000	00000013	addi	x0,x0,0	  x0:0x00000000
       14445000	      1443	800001a0	00000013	addi	x0,x0,0	  x0:0x00000000
       14455000	      1444	800001a4	018002ef	jal	x5,800001a4	  x5=0x800001a4
       14465000	      1445	00000000	00000013	addi	x0,x0,0	  x0:0x00000000
       14475000	      1446	800001b8	00000013	addi	x0,x0,0	  x0:0x00000000
       14485000	      1447	800001bc	fddff0ef	jal	x1,800001bc	  x1=0x800001bc
       14495000	      1448	00000000	00000013	addi	x0,x0,0	  x0:0x00000000
       14505000	      1449	80000194	00000013	addi	x0,x0,0	  x0:0x00000000
       14515000	      1450	80000198	014000ef	jal	x1,80000198	  x1=0x80000198
       14525000	      1451	00000000	00000013	addi	x0,x0,0	  x0:0x00000000
       14535000	      1452	800001a8	00000013	addi	x0,x0,0	  x0:0x00000000
       14545000	      1453	800001ac	ff5ff0ef	jal	x1,800001ac	  x1=0x800001ac
       14555000	      1454	00000000	00000013	addi	x0,x0,0	  x0:0x00000000
       14565000	      1455	8000019c	00000013	addi	x0,x0,0	  x0:0x00000000
       14575000	      1456	800001a0	020000ef	jal	x1,800001a0	  x1=0x800001a0
       14585000	      1457	00000000	00000013	addi	x0,x0,0	  x0:0x00000000
       14595000	      1458	800001bc	00000013	addi	x0,x0,0	  x0:0x00000000
       14605000	      1459	800001c0	ff1ff4ef	jal	x9,800001c0	  x9=0x800001c0
       14615000	      1460	00000000	00000013	addi	x0,x0,0	  x0:0x00000000
       14625000	      1461	800001ac	00000013	addi	x0,x0,0	  x0:0x00000000
       14635000	      1462	800001b0	008000ef	jal	x1,800001b0	  x1=0x800001b0
       14645000	      1463	00000000	00000013	addi	x0,x0,0	  x0:0x00000000
       14655000	      1464	800001b4	00000013	addi	x0,x0,0	  x0:0x00000000
       14665000	      1465	800001b8	00c0086f	jal	x16,800001b8	 x16=0x800001b8
       14675000	      1466	00000000	00000013	addi	x0,x0,0	  x0:0x00000000
       14685000	      1467	800001c0	00000013	addi	x0,x0,0	  x0:0x00000000
       14695000	      1468	800001c4	001d3633	sltu	x12,x26,x1	 x26:0x80004594  x1:0x800001b0 x12=0x00000000
       14705000	      1469	800001c8	0340036f	jal	x6,800001c8	  x6=0x800001c8
       14715000	      1470	00000000	00000013	addi	x0,x0,0	  x0:0x00000000
       14725000	      1471	800001f8	00000013	addi	x0,x0,0	  x0:0x00000000
       14735000	      1472	800001fc	fe9ff0ef	jal	x1,800001fc	  x1=0x800001fc
       14745000	      1473	00000000	00000013	addi	x0,x0,0	  x0:0x00000000
       14755000	      1474	800001e0	00000013	addi	x0,x0,0	  x0:0x00000000
       14765000	      1475	800001e4	ff9ff36f	jal	x6,800001e4	  x6=0x800001e4
       14775000	      1476	00000000	00000013	addi	x0,x0,0	  x0:0x00000000
       14785000	      1477	800001d8	00000013	addi	x0,x0,0	  x0:0x00000000
       14795000	      1478	800001dc	060000ef	jal	x1,800001dc	  x1=0x800001dc
       14805000	      1479	00000000	00000013	addi	x0,x0,0	  x0:0x00000000
       14815000	      1480	80000238	00000013	addi	x0,x0,0	  x0:0x00000000
       14825000	      1481	8000023c	fcdff36f	jal	x6,8000023c	  x6=0x8000023c
       14835000	      1482	00000000	00000013	addi	x0,x0,0	  x0:0x00000000
       14845000	      1483	80000204	00000013	addi	x0,x0,0	  x0:0x00000000
       14855000	      1484	80000208	fe5ff5ef	jal	x11,80000208	 x11=0x80000208
       14865000	      1485	00000000	00000013	addi	x0,x0,0	  x0:0x00000000
       14875000	      1486	800001e8	00000013	addi	x0,x0,0	  x0:0x00000000
       14885000	      1487	800001ec	0400036f	jal	x6,800001ec	  x6=0x800001ec
       14895000	      1488	00000000	00000013	addi	x0,x0,0	  x0:0x00000000
       14905000	      1489	80000228	00000013	addi	x0,x0,0	  x0:0x00000000
       14915000	      1490	8000022c	014000ef	jal	x1,8000022c	  x1=0x8000022c
       14925000	      1491	00000000	00000013	addi	x0,x0,0	  x0:0x00000000
       14935000	      1492	8000023c	00000013	addi	x0,x0,0	  x0:0x00000000
       14945000	      1493	80000240	ff9ff36f	jal	x6,80000240	  x6=0x80000240
       14955000	      1494	00000000	00000013	addi	x0,x0,0	  x0:0x00000000
       14965000	      1495	80000234	00000013	addi	x0,x0,0	  x0:0x00000000
       14975000	      1496	80000238	fc9ff0ef	jal	x1,80000238	  x1=0x80000238
       14985000	      1497	00000000	00000013	addi	x0,x0,0	  x0:0x00000000
       14995000	      1498	800001fc	00000013	addi	x0,x0,0	  x0:0x00000000
       15005000	      1499	80000200	024000ef	jal	x1,80000200	  x1=0x80000200
       15015000	      1500	00000000	00000013	addi	x0,x0,0	  x0:0x00000000
       15025000	      1501	80000220	00000013	addi	x0,x0,0	  x0:0x00000000
       15035000	      1502	80000224	fe1ff0ef	jal	x1,80000224	  x1=0x80000224
       15045000	      1503	00000000	00000013	addi	x0,x0,0	  x0:0x00000000
       15055000	      1504	80000200	00000013	addi	x0,x0,0	  x0:0x00000000
       15065000	      1505	80000204	ff5ff36f	jal	x6,80000204	  x6=0x80000204
       15075000	      1506	00000000	00000013	addi	x0,x0,0	  x0:0x00000000
       15085000	      1507	800001f4	00000013	addi	x0,x0,0	  x0:0x00000000
       15095000	      1508	800001f8	0280036f	jal	x6,800001f8	  x6=0x800001f8
       15105000	      1509	00000000	00000013	addi	x0,x0,0	  x0:0x00000000
       15115000	      1510	8000021c	00000013	addi	x0,x0,0	  x0:0x00000000
       15125000	      1511	80000220	fedff36f	jal	x6,80000220	  x6=0x80000220
       15135000	      1512	00000000	00000013	addi	x0,x0,0	  x0:0x00000000
       15145000	      1513	80000208	00000013	addi	x0,x0,0	  x0:0x00000000
       15155000	      1514	8000020c	fc1ff0ef	jal	x1,8000020c	  x1=0x8000020c
       15165000	      1515	00000000	00000013	addi	x0,x0,0	  x0:0x00000000
       15175000	      1516	800001c8	00000013	addi	x0,x0,0	  x0:0x00000000
       15185000	      1517	800001cc	02800def	jal	x27,800001cc	 x27=0x800001cc
       15195000	      1518	00000000	00000013	addi	x0,x0,0	  x0:0x00000000
       15205000	      1519	800001f0	00000013	addi	x0,x0,0	  x0:0x00000000
       15215000	      1520	800001f4	028006ef	jal	x13,800001f4	 x13=0x800001f4
       15225000	      1521	00000000	00000013	addi	x0,x0,0	  x0:0x00000000
       15235000	      1522	80000218	00000013	addi	x0,x0,0	  x0:0x00000000
       15245000	      1523	8000021c	fcdff26f	jal	x4,8000021c	  x4=0x8000021c
       15255000	      1524	00000000	00000013	addi	x0,x0,0	  x0:0x00000000
       15265000	      1525	800001e4	00000013	addi	x0,x0,0	  x0:0x00000000
       15275000	      1526	800001e8	02c000ef	jal	x1,800001e8	  x1=0x800001e8
       15285000	      1527	00000000	00000013	addi	x0,x0,0	  x0:0x00000000
       15295000	      1528	80000210	00000013	addi	x0,x0,0	  x0:0x00000000
       15305000	      1529	80000214	fcdff36f	jal	x6,80000214	  x6=0x80000214
       15315000	      1530	00000000	00000013	addi	x0,x0,0	  x0:0x00000000
       15325000	      1531	800001dc	00000013	addi	x0,x0,0	  x0:0x00000000
       15335000	      1532	800001e0	0100086f	jal	x16,800001e0	 x16=0x800001e0
       15345000	      1533	00000000	00000013	addi	x0,x0,0	  x0:0x00000000
       15355000	      1534	800001ec	00000013	addi	x0,x0,0	  x0:0x00000000
       15365000	      1535	800001f0	040000ef	jal	x1,800001f0	  x1=0x800001f0
       15375000	      1536	00000000	00000013	addi	x0,x0,0	  x0:0x00000000
       15385000	      1537	8000022c	00000013	addi	x0,x0,0	  x0:0x00000000
       15395000	      1538	80000230	fa5ffcef	jal	x25,80000230	 x25=0x80000230
       15405000	      1539	00000000	00000013	addi	x0,x0,0	  x0:0x00000000
       15415000	      1540	800001d0	00000013	addi	x0,x0,0	  x0:0x00000000
       15425000	      1541	800001d4	044000ef	jal	x1,800001d4	  x1=0x800001d4
       15435000	      1542	00000000	00000013	addi	x0,x0,0	  x0:0x00000000
       15445000	      1543	80000214	00000013	addi	x0,x0,0	  x0:0x00000000
       15455000	      1544	80000218	ff9ff0ef	jal	x1,80000218	  x1=0x80000218
       15465000	      1545	00000000	00000013	addi	x0,x0,0	  x0:0x00000000
       15475000	      1546	8000020c	00000013	addi	x0,x0,0	  x0:0x00000000
       15485000	      1547	80000210	018000ef	jal	x1,80000210	  x1=0x80000210
       15495000	      1548	00000000	00000013	addi	x0,x0,0	  x0:0x00000000
       15505000	      1549	80000224	00000013	addi	x0,x0,0	  x0:0x00000000
       15515000	      1550	80000228	fb1ff2ef	jal	x5,80000228	  x5=0x80000228
       15525000	      1551	00000000	00000013	addi	x0,x0,0	  x0:0x00000000
       15535000	      1552	800001d4	00000013	addi	x0,x0,0	  x0:0x00000000
       15545000	      1553	800001d8	ff9ff46f	jal	x8,800001d8	  x8=0x800001d8
       15555000	      1554	00000000	00000013	addi	x0,x0,0	  x0:0x00000000
       15565000	      1555	800001cc	00000013	addi	x0,x0,0	  x0:0x00000000
       15575000	      1556	800001d0	0640036f	jal	x6,800001d0	  x6=0x800001d0
       15585000	      1557	00000000	00000013	addi	x0,x0,0	  x0:0x00000000
       15595000	      1558	80000230	00000013	addi	x0,x0,0	  x0:0x00000000
       15605000	      1559	80000234	010000ef	jal	x1,80000234	  x1=0x80000234
       15615000	      1560	00000000	00000013	addi	x0,x0,0	  x0:0x00000000
       15625000	      1561	80000240	00000013	addi	x0,x0,0	  x0:0x00000000
       15635000	      1562	80000244	40615013	srai	x0,x2,0x6	  x2:0x00000000
       15645000	      1563	80000248	53143113	sltiu	x2,x8,1329	  x8:0x800001d8  x2=0x00000000
       15655000	      1564	8000024c	13c1a193	slti	x3,x3,316	  x3:0x80009922  x3=0x00000001
       15665000	      1565	80000250	01a377b3	and	x15,x6,x26	  x6:0x800001d0 x26:0x80004594 x15=0x80000190
       15675000	      1566	80000254	00256233	or	x4,x10,x2	 x10:0x00000000  x2:0x00000000  x4=0x00000000
       15685000	      1567	80000258	4013d1b3	sra	x3,x7,x1	  x7:0x80009fc4  x1:0x80000234  x3=0xfffff800
       15695000	      1568	8000025c	1f73b837	lui	x16,0x1f73b	 x16=0x1f73b000
       15705000	      1569	80000260	03237c63	bgeu	x6,x18,80000298	  x6:0x800001d0 x18:0x00000000
       15715000	      1570	00000000	00000013	addi	x0,x0,0	  x0:0x00000000
       15725000	      1571	80000294	00000013	addi	x0,x0,0	  x0:0x00000000
       15735000	      1572	80000298	03f61663	bne	x12,x31,800002c4	 x12:0x00000000 x31:0x00000000
       15745000	      1573	8000029c	2c20d497	auipc	x9,0x2c20d	  x9=0xac20d298
       15755000	      1574	800002a0	01ee4a33	xor	x20,x28,x30	 x28:0xfb060b8f x30:0x00000001 x20=0xfb060b8e
       15765000	      1575	800002a4	01f48a63	beq	x9,x31,800002b8	  x9:0xac20d298 x31:0x00000000
       15775000	      1576	800002a8	0041d293	srli	x5,x3,0x4	  x3:0xfffff800  x5=0x0fffff80
       15785000	      1577	800002ac	00f66663	bltu	x12,x15,800002b8	 x12:0x00000000 x15:0x80000190
       15795000	      1578	00000000	00000013	addi	x0,x0,0	  x0:0x00000000
       15805000	      1579	800002b4	00000013	addi	x0,x0,0	  x0:0x00000000
       15815000	      1580	800002b8	014d5c63	bge	x26,x20,800002d0	 x26:0x80004594 x20:0xfb060b8e
       15825000	      1581	800002bc	00b00733	add	x14,x0,x11	  x0:0x00000000 x11:0x80000208 x14=0x80000208
       15835000	      1582	800002c0	c1c48993	addi	x19,x9,-996	  x9:0xac20d298 x19=0xac20ceb4
       15845000	      1583	800002c4	9681b113	sltiu	x2,x3,-1688	  x3:0xfffff800  x2=0x00000001
       15855000	      1584	800002c8	41a00eb3	sub	x29,x0,x26	  x0:0x00000000 x26:0x80004594 x29=0x7fffba6c
       15865000	      1585	800002cc	03d24a63	blt	x4,x29,80000300	  x4:0x00000000 x29:0x7fffba6c
       15875000	      1586	00000000	00000013	addi	x0,x0,0	  x0:0x00000000
       15885000	      1587	800002fc	00000013	addi	x0,x0,0	  x0:0x00000000
       15895000	      1588	80000300	012f9a63	bne	x31,x18,80000314	 x31:0x00000000 x18:0x00000000
       15905000	      1589	80000304	01e8e6b3	or	x13,x17,x30	 x17:0x00000000 x30:0x00000001 x13=0x00000001
       15915000	      1590	80000308	a1444993	xori	x19,x8,-1516	  x8:0x800001d8 x19=0x7ffffbcc
       15925000	      1591	8000030c	2cfe3c13	sltiu	x24,x28,719	 x28:0xfb060b8f x24=0x00000000
       15935000	      1592	80000310	b6b18c93	addi	x25,x3,-1173	  x3:0xfffff800 x25=0xfffff36b
       15945000	      1593	80000314	015d4263	blt	x26,x21,80000318	 x26:0x80004594 x21:0xfffffb70
       15955000	      1594	00000000	00000013	addi	x0,x0,0	  x0:0x00000000
       15965000	      1595	80000314	00000013	addi	x0,x0,0	  x0:0x00000000
       15975000	      1596	80000318	003db833	sltu	x16,x27,x3	 x27:0x800001cc  x3:0xfffff800 x16=0x00000001
       15985000	      1597	8000031c	bccbb493	sltiu	x9,x23,-1076	 x23:0x80009f84  x9=0x00000001
       15995000	      1598	80000320	00003097	auipc	x1,0x3	  x1=0x8000331c
       16005000	      1599	80000324	3e408093	addi	x1,x1,996	  x1:0x8000331c  x1=0x80003700
       16015000	      1600	80000328	c34b0b17	auipc	x22,0xc34b0	 x22=0x434b0324
       16025000	      1601	8000032c	0a908093	addi	x1,x1,169	  x1:0x80003700  x1=0x800037a9
       16035000	      1602	80000330	0177ea63	bltu	x15,x23,80000344	 x15:0x80000190 x23:0x80009f84
       16045000	      1603	00000000	00000013	addi	x0,x0,0	  x0:0x00000000
       16055000	      1604	80000340	00000013	addi	x0,x0,0	  x0:0x00000000
       16065000	      1605	80000344	f5808367	jalr	x6,x1,-168	  x1:0x800037a9  x6=0x80000344
       16075000	      1606	00000000	00000013	addi	x0,x0,0	  x0:0x00000000
       16085000	      1607	80003700	00000013	addi	x0,x0,0	  x0:0x00000000
       16095000	      1608	80003704	ff4b8b93	addi	x23,x23,-12	 x23:0x80009f84 x23=0x80009f78
       16105000	      1609	80003708	67854a13	xori	x20,x10,1656	 x10:0x00000000 x20=0x00000678
       16115000	      1610	8000370c	4136d493	srai	x9,x13,0x13	 x13:0x00000001  x9=0x00000000
       16125000	      1611	80003710	c3a1f193	andi	x3,x3,-966	  x3:0xfffff800  x3=0xfffff800
       16135000	      1612	80003714	006ba223	sw	x6,4(x23)	 x23:0x80009f78  x6:0x80000344 PA:0x80009f7c
       16145000	      1613	80003718	2af14d13	xori	x26,x2,687	  x2:0x00000001 x26=0x000002ae
       16155000	      1614	8000371c	02c0036f	jal	x6,8000371c	  x6=0x8000371c
       16165000	      1615	00000000	00000013	addi	x0,x0,0	  x0:0x00000000
       16175000	      1616	80003744	00000013	addi	x0,x0,0	  x0:0x00000000
       16185000	      1617	80003748	004000ef	jal	x1,80003748	  x1=0x80003748
       16195000	      1618	00000000	00000013	addi	x0,x0,0	  x0:0x00000000
       16205000	      1619	80003748	00000013	addi	x0,x0,0	  x0:0x00000000
       16215000	      1620	8000374c	038000ef	jal	x1,8000374c	  x1=0x8000374c
       16225000	      1621	00000000	00000013	addi	x0,x0,0	  x0:0x00000000
       16235000	      1622	80003780	00000013	addi	x0,x0,0	  x0:0x00000000
       16245000	      1623	80003784	ff5ffcef	jal	x25,80003784	 x25=0x80003784
       16255000	      1624	00000000	00000013	addi	x0,x0,0	  x0:0x00000000
       16265000	      1625	80003774	00000013	addi	x0,x0,0	  x0:0x00000000
       16275000	      1626	80003778	fcdff0ef	jal	x1,80003778	  x1=0x80003778
       16285000	      1627	00000000	00000013	addi	x0,x0,0	  x0:0x00000000
       16295000	      1628	80003740	00000013	addi	x0,x0,0	  x0:0x00000000
       16305000	      1629	80003744	ff9ff16f	jal	x2,80003744	  x2=0x80003744
       16315000	      1630	00000000	00000013	addi	x0,x0,0	  x0:0x00000000
       16325000	      1631	80003738	00000013	addi	x0,x0,0	  x0:0x00000000
       16335000	      1632	8000373c	ff9fffef	jal	x31,8000373c	 x31=0x8000373c
       16345000	      1633	00000000	00000013	addi	x0,x0,0	  x0:0x00000000
       16355000	      1634	80003730	00000013	addi	x0,x0,0	  x0:0x00000000
       16365000	      1635	80003734	004000ef	jal	x1,80003734	  x1=0x80003734
       16375000	      1636	00000000	00000013	addi	x0,x0,0	  x0:0x00000000
       16385000	      1637	80003734	00000013	addi	x0,x0,0	  x0:0x00000000
       16395000	      1638	80003738	028002ef	jal	x5,80003738	  x5=0x80003738
       16405000	      1639	00000000	00000013	addi	x0,x0,0	  x0:0x00000000
       16415000	      1640	8000375c	00000013	addi	x0,x0,0	  x0:0x00000000
       16425000	      1641	80003760	fc1ff0ef	jal	x1,80003760	  x1=0x80003760
       16435000	      1642	00000000	00000013	addi	x0,x0,0	  x0:0x00000000
       16445000	      1643	8000371c	00000013	addi	x0,x0,0	  x0:0x00000000
       16455000	      1644	80003720	04800cef	jal	x25,80003720	 x25=0x80003720
       16465000	      1645	00000000	00000013	addi	x0,x0,0	  x0:0x00000000
       16475000	      1646	80003764	00000013	addi	x0,x0,0	  x0:0x00000000
       16485000	      1647	80003768	fbdff36f	jal	x6,80003768	  x6=0x80003768
       16495000	      1648	00000000	00000013	addi	x0,x0,0	  x0:0x00000000
       16505000	      1649	80003720	00000013	addi	x0,x0,0	  x0:0x00000000
       16515000	      1650	80003724	01c000ef	jal	x1,80003724	  x1=0x80003724
       16525000	      1651	00000000	00000013	addi	x0,x0,0	  x0:0x00000000
       16535000	      1652	8000373c	00000013	addi	x0,x0,0	  x0:0x00000000
       16545000	      1653	80003740	0240036f	jal	x6,80003740	  x6=0x80003740
       16555000	      1654	00000000	00000013	addi	x0,x0,0	  x0:0x00000000
       16565000	      1655	80003760	00000013	addi	x0,x0,0	  x0:0x00000000
       16575000	      1656	80003764	ff5ff16f	jal	x2,80003764	  x2=0x80003764
       16585000	      1657	00000000	00000013	addi	x0,x0,0	  x0:0x00000000
       16595000	      1658	80003754	00000013	addi	x0,x0,0	  x0:0x00000000
       16605000	      1659	80003758	030000ef	jal	x1,80003758	  x1=0x80003758
       16615000	      1660	00000000	00000013	addi	x0,x0,0	  x0:0x00000000
       16625000	      1661	80003784	00000013	addi	x0,x0,0	  x0:0x00000000
       16635000	      1662	80003788	fedff0ef	jal	x1,80003788	  x1=0x80003788
       16645000	      1663	00000000	00000013	addi	x0,x0,0	  x0:0x00000000
       16655000	      1664	80003770	00000013	addi	x0,x0,0	  x0:0x00000000
       16665000	      1665	80003774	fb9ff0ef	jal	x1,80003774	  x1=0x80003774
       16675000	      1666	00000000	00000013	addi	x0,x0,0	  x0:0x00000000
       16685000	      1667	80003728	00000013	addi	x0,x0,0	  x0:0x00000000
       16695000	      1668	8000372c	03000def	jal	x27,8000372c	 x27=0x8000372c
       16705000	      1669	00000000	00000013	addi	x0,x0,0	  x0:0x00000000
       16715000	      1670	80003758	00000013	addi	x0,x0,0	  x0:0x00000000
       16725000	      1671	8000375c	ff9ff0ef	jal	x1,8000375c	  x1=0x8000375c
       16735000	      1672	00000000	00000013	addi	x0,x0,0	  x0:0x00000000
       16745000	      1673	80003750	00000013	addi	x0,x0,0	  x0:0x00000000
       16755000	      1674	80003754	0180046f	jal	x8,80003754	  x8=0x80003754
       16765000	      1675	00000000	00000013	addi	x0,x0,0	  x0:0x00000000
       16775000	      1676	80003768	00000013	addi	x0,x0,0	  x0:0x00000000
       16785000	      1677	8000376c	fc5ff0ef	jal	x1,8000376c	  x1=0x8000376c
       16795000	      1678	00000000	00000013	addi	x0,x0,0	  x0:0x00000000
       16805000	      1679	8000372c	00000013	addi	x0,x0,0	  x0:0x00000000
       16815000	      1680	80003730	0200036f	jal	x6,80003730	  x6=0x80003730
       16825000	      1681	00000000	00000013	addi	x0,x0,0	  x0:0x00000000
       16835000	      1682	8000374c	00000013	addi	x0,x0,0	  x0:0x00000000
       16845000	      1683	80003750	02c0026f	jal	x4,80003750	  x4=0x80003750
       16855000	      1684	00000000	00000013	addi	x0,x0,0	  x0:0x00000000
       16865000	      1685	80003778	00000013	addi	x0,x0,0	  x0:0x00000000
       16875000	      1686	8000377c	ff5ff36f	jal	x6,8000377c	  x6=0x8000377c
       16885000	      1687	00000000	00000013	addi	x0,x0,0	  x0:0x00000000
       16895000	      1688	8000376c	00000013	addi	x0,x0,0	  x0:0x00000000
       16905000	      1689	80003770	0100036f	jal	x6,80003770	  x6=0x80003770
       16915000	      1690	00000000	00000013	addi	x0,x0,0	  x0:0x00000000
       16925000	      1691	8000377c	00000013	addi	x0,x0,0	  x0:0x00000000
       16935000	      1692	80003780	fa9ff9ef	jal	x19,80003780	 x19=0x80003780
       16945000	      1693	00000000	00000013	addi	x0,x0,0	  x0:0x00000000
       16955000	      1694	80003724	00000013	addi	x0,x0,0	  x0:0x00000000
       16965000	      1695	80003728	06400b6f	jal	x22,80003728	 x22=0x80003728
       16975000	      1696	00000000	00000013	addi	x0,x0,0	  x0:0x00000000
       16985000	      1697	80003788	00000013	addi	x0,x0,0	  x0:0x00000000
       16995000	      1698	8000378c	0073d333	srl	x6,x7,x7	  x7:0x80009fc4  x7:0x80009fc4  x6=0x080009fc
       17005000	      1699	80003790	0300036f	jal	x6,80003790	  x6=0x80003790
       17015000	      1700	00000000	00000013	addi	x0,x0,0	  x0:0x00000000
       17025000	      1701	800037bc	00000013	addi	x0,x0,0	  x0:0x00000000
       17035000	      1702	800037c0	ff5ff0ef	jal	x1,800037c0	  x1=0x800037c0
       17045000	      1703	00000000	00000013	addi	x0,x0,0	  x0:0x00000000
       17055000	      1704	800037b0	00000013	addi	x0,x0,0	  x0:0x00000000
       17065000	      1705	800037b4	010000ef	jal	x1,800037b4	  x1=0x800037b4
       17075000	      1706	00000000	00000013	addi	x0,x0,0	  x0:0x00000000
       17085000	      1707	800037c0	00000013	addi	x0,x0,0	  x0:0x00000000
       17095000	      1708	800037c4	ff5fffef	jal	x31,800037c4	 x31=0x800037c4
       17105000	      1709	00000000	00000013	addi	x0,x0,0	  x0:0x00000000
       17115000	      1710	800037b4	00000013	addi	x0,x0,0	  x0:0x00000000
       17125000	      1711	800037b8	01400cef	jal	x25,800037b8	 x25=0x800037b8
       17135000	      1712	00000000	00000013	addi	x0,x0,0	  x0:0x00000000
       17145000	      1713	800037c8	00000013	addi	x0,x0,0	  x0:0x00000000
       17155000	      1714	800037cc	fd9ff1ef	jal	x3,800037cc	  x3=0x800037cc
       17165000	      1715	00000000	00000013	addi	x0,x0,0	  x0:0x00000000
       17175000	      1716	800037a0	00000013	addi	x0,x0,0	  x0:0x00000000
       17185000	      1717	800037a4	008000ef	jal	x1,800037a4	  x1=0x800037a4
       17195000	      1718	00000000	00000013	addi	x0,x0,0	  x0:0x00000000
       17205000	      1719	800037a8	00000013	addi	x0,x0,0	  x0:0x00000000
       17215000	      1720	800037ac	004000ef	jal	x1,800037ac	  x1=0x800037ac
       17225000	      1721	00000000	00000013	addi	x0,x0,0	  x0:0x00000000
       17235000	      1722	800037ac	00000013	addi	x0,x0,0	  x0:0x00000000
       17245000	      1723	800037b0	ff9ff0ef	jal	x1,800037b0	  x1=0x800037b0
       17255000	      1724	00000000	00000013	addi	x0,x0,0	  x0:0x00000000
       17265000	      1725	800037a4	00000013	addi	x0,x0,0	  x0:0x00000000
       17275000	      1726	800037a8	ff9ffcef	jal	x25,800037a8	 x25=0x800037a8
       17285000	      1727	00000000	00000013	addi	x0,x0,0	  x0:0x00000000
       17295000	      1728	8000379c	00000013	addi	x0,x0,0	  x0:0x00000000
       17305000	      1729	800037a0	ffdff0ef	jal	x1,800037a0	  x1=0x800037a0
       17315000	      1730	00000000	00000013	addi	x0,x0,0	  x0:0x00000000
       17325000	      1731	80003798	00000013	addi	x0,x0,0	  x0:0x00000000
       17335000	      1732	8000379c	02c005ef	jal	x11,8000379c	 x11=0x8000379c
       17345000	      1733	00000000	00000013	addi	x0,x0,0	  x0:0x00000000
       17355000	      1734	800037c4	00000013	addi	x0,x0,0	  x0:0x00000000
       17365000	      1735	800037c8	fd1ff2ef	jal	x5,800037c8	  x5=0x800037c8
       17375000	      1736	00000000	00000013	addi	x0,x0,0	  x0:0x00000000
       17385000	      1737	80003794	00000013	addi	x0,x0,0	  x0:0x00000000
       17395000	      1738	80003798	0240036f	jal	x6,80003798	  x6=0x80003798
       17405000	      1739	00000000	00000013	addi	x0,x0,0	  x0:0x00000000
       17415000	      1740	800037b8	00000013	addi	x0,x0,0	  x0:0x00000000
       17425000	      1741	800037bc	fd9ff36f	jal	x6,800037bc	  x6=0x800037bc
       17435000	      1742	00000000	00000013	addi	x0,x0,0	  x0:0x00000000
       17445000	      1743	80003790	00000013	addi	x0,x0,0	  x0:0x00000000
       17455000	      1744	80003794	03c000ef	jal	x1,80003794	  x1=0x80003794
       17465000	      1745	00000000	00000013	addi	x0,x0,0	  x0:0x00000000
       17475000	      1746	800037cc	00000013	addi	x0,x0,0	  x0:0x00000000
       17485000	      1747	800037d0	010e1293	slli	x5,x28,0x10	 x28:0xfb060b8f  x5=0x0b8f0000
       17495000	      1748	800037d4	0300036f	jal	x6,800037d4	  x6=0x800037d4
       17505000	      1749	00000000	00000013	addi	x0,x0,0	  x0:0x00000000
       17515000	      1750	80003800	00000013	addi	x0,x0,0	  x0:0x00000000
       17525000	      1751	80003804	fddff1ef	jal	x3,80003804	  x3=0x80003804
       17535000	      1752	00000000	00000013	addi	x0,x0,0	  x0:0x00000000
       17545000	      1753	800037dc	00000013	addi	x0,x0,0	  x0:0x00000000
       17555000	      1754	800037e0	00c000ef	jal	x1,800037e0	  x1=0x800037e0
       17565000	      1755	00000000	00000013	addi	x0,x0,0	  x0:0x00000000
       17575000	      1756	800037e8	00000013	addi	x0,x0,0	  x0:0x00000000
       17585000	      1757	800037ec	01c00f6f	jal	x30,800037ec	 x30=0x800037ec
       17595000	      1758	00000000	00000013	addi	x0,x0,0	  x0:0x00000000
       17605000	      1759	80003804	00000013	addi	x0,x0,0	  x0:0x00000000
       17615000	      1760	80003808	ff9ff0ef	jal	x1,80003808	  x1=0x80003808
       17625000	      1761	00000000	00000013	addi	x0,x0,0	  x0:0x00000000
       17635000	      1762	800037fc	00000013	addi	x0,x0,0	  x0:0x00000000
       17645000	      1763	80003800	fd9ff0ef	jal	x1,80003800	  x1=0x80003800
       17655000	      1764	00000000	00000013	addi	x0,x0,0	  x0:0x00000000
       17665000	      1765	800037d4	00000013	addi	x0,x0,0	  x0:0x00000000
       17675000	      1766	800037d8	00c000ef	jal	x1,800037d8	  x1=0x800037d8
       17685000	      1767	00000000	00000013	addi	x0,x0,0	  x0:0x00000000
       17695000	      1768	800037e0	00000013	addi	x0,x0,0	  x0:0x00000000
       17705000	      1769	800037e4	00c000ef	jal	x1,800037e4	  x1=0x800037e4
       17715000	      1770	00000000	00000013	addi	x0,x0,0	  x0:0x00000000
       17725000	      1771	800037ec	00000013	addi	x0,x0,0	  x0:0x00000000
       17735000	      1772	800037f0	ff9ff0ef	jal	x1,800037f0	  x1=0x800037f0
       17745000	      1773	00000000	00000013	addi	x0,x0,0	  x0:0x00000000
       17755000	      1774	800037e4	00000013	addi	x0,x0,0	  x0:0x00000000
       17765000	      1775	800037e8	00c0036f	jal	x6,800037e8	  x6=0x800037e8
       17775000	      1776	00000000	00000013	addi	x0,x0,0	  x0:0x00000000
       17785000	      1777	800037f0	00000013	addi	x0,x0,0	  x0:0x00000000
       17795000	      1778	800037f4	0080036f	jal	x6,800037f4	  x6=0x800037f4
       17805000	      1779	00000000	00000013	addi	x0,x0,0	  x0:0x00000000
       17815000	      1780	800037f8	00000013	addi	x0,x0,0	  x0:0x00000000
       17825000	      1781	800037fc	fe1ff8ef	jal	x17,800037fc	 x17=0x800037fc
       17835000	      1782	00000000	00000013	addi	x0,x0,0	  x0:0x00000000
       17845000	      1783	800037d8	00000013	addi	x0,x0,0	  x0:0x00000000
       17855000	      1784	800037dc	01c005ef	jal	x11,800037dc	 x11=0x800037dc
       17865000	      1785	00000000	00000013	addi	x0,x0,0	  x0:0x00000000
       17875000	      1786	800037f4	00000013	addi	x0,x0,0	  x0:0x00000000
       17885000	      1787	800037f8	014000ef	jal	x1,800037f8	  x1=0x800037f8
       17895000	      1788	00000000	00000013	addi	x0,x0,0	  x0:0x00000000
       17905000	      1789	80003808	00000013	addi	x0,x0,0	  x0:0x00000000
       17915000	      1790	8000380c	d817ea93	ori	x21,x15,-639	 x15:0x80000190 x21=0xfffffd91
       17925000	      1791	80003810	0540036f	jal	x6,80003810	  x6=0x80003810
       17935000	      1792	00000000	00000013	addi	x0,x0,0	  x0:0x00000000
       17945000	      1793	80003860	00000013	addi	x0,x0,0	  x0:0x00000000
       17955000	      1794	80003864	0100026f	jal	x4,80003864	  x4=0x80003864
       17965000	      1795	00000000	00000013	addi	x0,x0,0	  x0:0x00000000
       17975000	      1796	80003870	00000013	addi	x0,x0,0	  x0:0x00000000
       17985000	      1797	80003874	fc5ff36f	jal	x6,80003874	  x6=0x80003874
       17995000	      1798	00000000	00000013	addi	x0,x0,0	  x0:0x00000000
       18005000	      1799	80003834	00000013	addi	x0,x0,0	  x0:0x00000000
       18015000	      1800	80003838	fddffaef	jal	x21,80003838	 x21=0x80003838
       18025000	      1801	00000000	00000013	addi	x0,x0,0	  x0:0x00000000
       18035000	      1802	80003810	00000013	addi	x0,x0,0	  x0:0x00000000
       18045000	      1803	80003814	0380036f	jal	x6,80003814	  x6=0x80003814
       18055000	      1804	00000000	00000013	addi	x0,x0,0	  x0:0x00000000
       18065000	      1805	80003848	00000013	addi	x0,x0,0	  x0:0x00000000
       18075000	      1806	8000384c	03800f6f	jal	x30,8000384c	 x30=0x8000384c
       18085000	      1807	00000000	00000013	addi	x0,x0,0	  x0:0x00000000
       18095000	      1808	80003880	00000013	addi	x0,x0,0	  x0:0x00000000
       18105000	      1809	80003884	fa9ff0ef	jal	x1,80003884	  x1=0x80003884
       18115000	      1810	00000000	00000013	addi	x0,x0,0	  x0:0x00000000
       18125000	      1811	80003828	00000013	addi	x0,x0,0	  x0:0x00000000
       18135000	      1812	8000382c	fedffc6f	jal	x24,8000382c	 x24=0x8000382c
       18145000	      1813	00000000	00000013	addi	x0,x0,0	  x0:0x00000000
       18155000	      1814	80003814	00000013	addi	x0,x0,0	  x0:0x00000000
       18165000	      1815	80003818	060000ef	jal	x1,80003818	  x1=0x80003818
       18175000	      1816	00000000	00000013	addi	x0,x0,0	  x0:0x00000000
       18185000	      1817	80003874	00000013	addi	x0,x0,0	  x0:0x00000000
       18195000	      1818	80003878	fddff9ef	jal	x19,80003878	 x19=0x80003878
       18205000	      1819	00000000	00000013	addi	x0,x0,0	  x0:0x00000000
       18215000	      1820	80003850	00000013	addi	x0,x0,0	  x0:0x00000000
       18225000	      1821	80003854	fddff2ef	jal	x5,80003854	  x5=0x80003854
       18235000	      1822	00000000	00000013	addi	x0,x0,0	  x0:0x00000000
       18245000	      1823	8000382c	00000013	addi	x0,x0,0	  x0:0x00000000
       18255000	      1824	80003830	018000ef	jal	x1,80003830	  x1=0x80003830
       18265000	      1825	00000000	00000013	addi	x0,x0,0	  x0:0x00000000
       18275000	      1826	80003844	00000013	addi	x0,x0,0	  x0:0x00000000
       18285000	      1827	80003848	ff5ff0ef	jal	x1,80003848	  x1=0x80003848
       18295000	      1828	00000000	00000013	addi	x0,x0,0	  x0:0x00000000
       18305000	      1829	80003838	00000013	addi	x0,x0,0	  x0:0x00000000
       18315000	      1830	8000383c	02c000ef	jal	x1,8000383c	  x1=0x8000383c
       18325000	      1831	00000000	00000013	addi	x0,x0,0	  x0:0x00000000
       18335000	      1832	80003864	00000013	addi	x0,x0,0	  x0:0x00000000
       18345000	      1833	80003868	ff1ff36f	jal	x6,80003868	  x6=0x80003868
       18355000	      1834	00000000	00000013	addi	x0,x0,0	  x0:0x00000000
       18365000	      1835	80003854	00000013	addi	x0,x0,0	  x0:0x00000000
       18375000	      1836	80003858	fedff0ef	jal	x1,80003858	  x1=0x80003858
       18385000	      1837	00000000	00000013	addi	x0,x0,0	  x0:0x00000000
       18395000	      1838	80003840	00000013	addi	x0,x0,0	  x0:0x00000000
       18405000	      1839	80003844	02c0036f	jal	x6,80003844	  x6=0x80003844
       18415000	      1840	00000000	00000013	addi	x0,x0,0	  x0:0x00000000
       18425000	      1841	8000386c	00000013	addi	x0,x0,0	  x0:0x00000000
       18435000	      1842	80003870	fedff0ef	jal	x1,80003870	  x1=0x80003870
       18445000	      1843	00000000	00000013	addi	x0,x0,0	  x0:0x00000000
       18455000	      1844	80003858	00000013	addi	x0,x0,0	  x0:0x00000000
       18465000	      1845	8000385c	fc9ff5ef	jal	x11,8000385c	 x11=0x8000385c
       18475000	      1846	00000000	00000013	addi	x0,x0,0	  x0:0x00000000
       18485000	      1847	80003820	00000013	addi	x0,x0,0	  x0:0x00000000
       18495000	      1848	80003824	048000ef	jal	x1,80003824	  x1=0x80003824
       18505000	      1849	00000000	00000013	addi	x0,x0,0	  x0:0x00000000
       18515000	      1850	80003868	00000013	addi	x0,x0,0	  x0:0x00000000
       18525000	      1851	8000386c	fe5ff0ef	jal	x1,8000386c	  x1=0x8000386c
       18535000	      1852	00000000	00000013	addi	x0,x0,0	  x0:0x00000000
       18545000	      1853	8000384c	00000013	addi	x0,x0,0	  x0:0x00000000
       18555000	      1854	80003850	fcdff0ef	jal	x1,80003850	  x1=0x80003850
       18565000	      1855	00000000	00000013	addi	x0,x0,0	  x0:0x00000000
       18575000	      1856	80003818	00000013	addi	x0,x0,0	  x0:0x00000000
       18585000	      1857	8000381c	00c000ef	jal	x1,8000381c	  x1=0x8000381c
       18595000	      1858	00000000	00000013	addi	x0,x0,0	  x0:0x00000000
       18605000	      1859	80003824	00000013	addi	x0,x0,0	  x0:0x00000000
       18615000	      1860	80003828	054000ef	jal	x1,80003828	  x1=0x80003828
       18625000	      1861	00000000	00000013	addi	x0,x0,0	  x0:0x00000000
       18635000	      1862	80003878	00000013	addi	x0,x0,0	  x0:0x00000000
       18645000	      1863	8000387c	fe5ff0ef	jal	x1,8000387c	  x1=0x8000387c
       18655000	      1864	00000000	00000013	addi	x0,x0,0	  x0:0x00000000
       18665000	      1865	8000385c	00000013	addi	x0,x0,0	  x0:0x00000000
       18675000	      1866	80003860	fc1ff26f	jal	x4,80003860	  x4=0x80003860
       18685000	      1867	00000000	00000013	addi	x0,x0,0	  x0:0x00000000
       18695000	      1868	8000381c	00000013	addi	x0,x0,0	  x0:0x00000000
       18705000	      1869	80003820	060000ef	jal	x1,80003820	  x1=0x80003820
       18715000	      1870	00000000	00000013	addi	x0,x0,0	  x0:0x00000000
       18725000	      1871	8000387c	00000013	addi	x0,x0,0	  x0:0x00000000
       18735000	      1872	80003880	fc1ff0ef	jal	x1,80003880	  x1=0x80003880
       18745000	      1873	00000000	00000013	addi	x0,x0,0	  x0:0x00000000
       18755000	      1874	8000383c	00000013	addi	x0,x0,0	  x0:0x00000000
       18765000	      1875	80003840	ff5ff2ef	jal	x5,80003840	  x5=0x80003840
       18775000	      1876	00000000	00000013	addi	x0,x0,0	  x0:0x00000000
       18785000	      1877	80003830	00000013	addi	x0,x0,0	  x0:0x00000000
       18795000	      1878	80003834	054000ef	jal	x1,80003834	  x1=0x80003834
       18805000	      1879	00000000	00000013	addi	x0,x0,0	  x0:0x00000000
       18815000	      1880	80003884	00000013	addi	x0,x0,0	  x0:0x00000000
       18825000	      1881	80003888	4199bc13	sltiu	x24,x19,1049	 x19:0x80003878 x24=0x00000000
       18835000	      1882	8000388c	00c0036f	jal	x6,8000388c	  x6=0x8000388c
       18845000	      1883	00000000	00000013	addi	x0,x0,0	  x0:0x00000000
       18855000	      1884	80003894	00000013	addi	x0,x0,0	  x0:0x00000000
       18865000	      1885	80003898	0080036f	jal	x6,80003898	  x6=0x80003898
       18875000	      1886	00000000	00000013	addi	x0,x0,0	  x0:0x00000000
       18885000	      1887	8000389c	00000013	addi	x0,x0,0	  x0:0x00000000
       18895000	      1888	800038a0	ffdff0ef	jal	x1,800038a0	  x1=0x800038a0
       18905000	      1889	00000000	00000013	addi	x0,x0,0	  x0:0x00000000
       18915000	      1890	80003898	00000013	addi	x0,x0,0	  x0:0x00000000
       18925000	      1891	8000389c	0280046f	jal	x8,8000389c	  x8=0x8000389c
       18935000	      1892	00000000	00000013	addi	x0,x0,0	  x0:0x00000000
       18945000	      1893	800038c0	00000013	addi	x0,x0,0	  x0:0x00000000
       18955000	      1894	800038c4	0140076f	jal	x14,800038c4	 x14=0x800038c4
       18965000	      1895	00000000	00000013	addi	x0,x0,0	  x0:0x00000000
       18975000	      1896	800038d4	00000013	addi	x0,x0,0	  x0:0x00000000
       18985000	      1897	800038d8	004007ef	jal	x15,800038d8	 x15=0x800038d8
       18995000	      1898	00000000	00000013	addi	x0,x0,0	  x0:0x00000000
       19005000	      1899	800038d8	00000013	addi	x0,x0,0	  x0:0x00000000
       19015000	      1900	800038dc	fe1ff0ef	jal	x1,800038dc	  x1=0x800038dc
       19025000	      1901	00000000	00000013	addi	x0,x0,0	  x0:0x00000000
       19035000	      1902	800038b8	00000013	addi	x0,x0,0	  x0:0x00000000
       19045000	      1903	800038bc	018000ef	jal	x1,800038bc	  x1=0x800038bc
       19055000	      1904	00000000	00000013	addi	x0,x0,0	  x0:0x00000000
       19065000	      1905	800038d0	00000013	addi	x0,x0,0	  x0:0x00000000
       19075000	      1906	800038d4	fd1ff0ef	jal	x1,800038d4	  x1=0x800038d4
       19085000	      1907	00000000	00000013	addi	x0,x0,0	  x0:0x00000000
       19095000	      1908	800038a0	00000013	addi	x0,x0,0	  x0:0x00000000
       19105000	      1909	800038a4	00c000ef	jal	x1,800038a4	  x1=0x800038a4
       19115000	      1910	00000000	00000013	addi	x0,x0,0	  x0:0x00000000
       19125000	      1911	800038ac	00000013	addi	x0,x0,0	  x0:0x00000000
       19135000	      1912	800038b0	004000ef	jal	x1,800038b0	  x1=0x800038b0
       19145000	      1913	00000000	00000013	addi	x0,x0,0	  x0:0x00000000
       19155000	      1914	800038b0	00000013	addi	x0,x0,0	  x0:0x00000000
       19165000	      1915	800038b4	00c0036f	jal	x6,800038b4	  x6=0x800038b4
       19175000	      1916	00000000	00000013	addi	x0,x0,0	  x0:0x00000000
       19185000	      1917	800038bc	00000013	addi	x0,x0,0	  x0:0x00000000
       19195000	      1918	800038c0	fd1ff56f	jal	x10,800038c0	 x10=0x800038c0
       19205000	      1919	00000000	00000013	addi	x0,x0,0	  x0:0x00000000
       19215000	      1920	8000388c	00000013	addi	x0,x0,0	  x0:0x00000000
       19225000	      1921	80003890	050005ef	jal	x11,80003890	 x11=0x80003890
       19235000	      1922	00000000	00000013	addi	x0,x0,0	  x0:0x00000000
       19245000	      1923	800038dc	00000013	addi	x0,x0,0	  x0:0x00000000
       19255000	      1924	800038e0	ff1ffaef	jal	x21,800038e0	 x21=0x800038e0
       19265000	      1925	00000000	00000013	addi	x0,x0,0	  x0:0x00000000
       19275000	      1926	800038cc	00000013	addi	x0,x0,0	  x0:0x00000000
       19285000	      1927	800038d0	fddffb6f	jal	x22,800038d0	 x22=0x800038d0
       19295000	      1928	00000000	00000013	addi	x0,x0,0	  x0:0x00000000
       19305000	      1929	800038a8	00000013	addi	x0,x0,0	  x0:0x00000000
       19315000	      1930	800038ac	0200036f	jal	x6,800038ac	  x6=0x800038ac
       19325000	      1931	00000000	00000013	addi	x0,x0,0	  x0:0x00000000
       19335000	      1932	800038c8	00000013	addi	x0,x0,0	  x0:0x00000000
       19345000	      1933	800038cc	fddff36f	jal	x6,800038cc	  x6=0x800038cc
       19355000	      1934	00000000	00000013	addi	x0,x0,0	  x0:0x00000000
       19365000	      1935	800038a4	00000013	addi	x0,x0,0	  x0:0x00000000
       19375000	      1936	800038a8	fedff2ef	jal	x5,800038a8	  x5=0x800038a8
       19385000	      1937	00000000	00000013	addi	x0,x0,0	  x0:0x00000000
       19395000	      1938	80003890	00000013	addi	x0,x0,0	  x0:0x00000000
       19405000	      1939	80003894	0240076f	jal	x14,80003894	 x14=0x80003894
       19415000	      1940	00000000	00000013	addi	x0,x0,0	  x0:0x00000000
       19425000	      1941	800038b4	00000013	addi	x0,x0,0	  x0:0x00000000
       19435000	      1942	800038b8	010000ef	jal	x1,800038b8	  x1=0x800038b8
       19445000	      1943	00000000	00000013	addi	x0,x0,0	  x0:0x00000000
       19455000	      1944	800038c4	00000013	addi	x0,x0,0	  x0:0x00000000
       19465000	      1945	800038c8	01c000ef	jal	x1,800038c8	  x1=0x800038c8
       19475000	      1946	00000000	00000013	addi	x0,x0,0	  x0:0x00000000
       19485000	      1947	800038e0	00000013	addi	x0,x0,0	  x0:0x00000000
       19495000	      1948	800038e4	69da7c13	andi	x24,x20,1693	 x20:0x00000678 x24=0x00000618
       19505000	      1949	800038e8	02c0036f	jal	x6,800038e8	  x6=0x800038e8
       19515000	      1950	00000000	00000013	addi	x0,x0,0	  x0:0x00000000
       19525000	      1951	80003910	00000013	addi	x0,x0,0	  x0:0x00000000
       19535000	      1952	80003914	fddff36f	jal	x6,80003914	  x6=0x80003914
       19545000	      1953	00000000	00000013	addi	x0,x0,0	  x0:0x00000000
       19555000	      1954	800038ec	00000013	addi	x0,x0,0	  x0:0x00000000
       19565000	      1955	800038f0	ffdff36f	jal	x6,800038f0	  x6=0x800038f0
       19575000	      1956	00000000	00000013	addi	x0,x0,0	  x0:0x00000000
       19585000	      1957	800038e8	00000013	addi	x0,x0,0	  x0:0x00000000
       19595000	      1958	800038ec	020000ef	jal	x1,800038ec	  x1=0x800038ec
       19605000	      1959	00000000	00000013	addi	x0,x0,0	  x0:0x00000000
       19615000	      1960	80003908	00000013	addi	x0,x0,0	  x0:0x00000000
       19625000	      1961	8000390c	004000ef	jal	x1,8000390c	  x1=0x8000390c
       19635000	      1962	00000000	00000013	addi	x0,x0,0	  x0:0x00000000
       19645000	      1963	8000390c	00000013	addi	x0,x0,0	  x0:0x00000000
       19655000	      1964	80003910	fe9ff36f	jal	x6,80003910	  x6=0x80003910
       19665000	      1965	00000000	00000013	addi	x0,x0,0	  x0:0x00000000
       19675000	      1966	800038f4	00000013	addi	x0,x0,0	  x0:0x00000000
       19685000	      1967	800038f8	004000ef	jal	x1,800038f8	  x1=0x800038f8
       19695000	      1968	00000000	00000013	addi	x0,x0,0	  x0:0x00000000
       19705000	      1969	800038f8	00000013	addi	x0,x0,0	  x0:0x00000000
       19715000	      1970	800038fc	00c0036f	jal	x6,800038fc	  x6=0x800038fc
       19725000	      1971	00000000	00000013	addi	x0,x0,0	  x0:0x00000000
       19735000	      1972	80003904	00000013	addi	x0,x0,0	  x0:0x00000000
       19745000	      1973	80003908	ff9ff0ef	jal	x1,80003908	  x1=0x80003908
       19755000	      1974	00000000	00000013	addi	x0,x0,0	  x0:0x00000000
       19765000	      1975	800038fc	00000013	addi	x0,x0,0	  x0:0x00000000
       19775000	      1976	80003900	ff5ff0ef	jal	x1,80003900	  x1=0x80003900
       19785000	      1977	00000000	00000013	addi	x0,x0,0	  x0:0x00000000
       19795000	      1978	800038f0	00000013	addi	x0,x0,0	  x0:0x00000000
       19805000	      1979	800038f4	010000ef	jal	x1,800038f4	  x1=0x800038f4
       19815000	      1980	00000000	00000013	addi	x0,x0,0	  x0:0x00000000
       19825000	      1981	80003900	00000013	addi	x0,x0,0	  x0:0x00000000
       19835000	      1982	80003904	018000ef	jal	x1,80003904	  x1=0x80003904
       19845000	      1983	00000000	00000013	addi	x0,x0,0	  x0:0x00000000
       19855000	      1984	80003918	00000013	addi	x0,x0,0	  x0:0x00000000
       19865000	      1985	8000391c	ffdff0ef	jal	x1,8000391c	  x1=0x8000391c
       19875000	      1986	00000000	00000013	addi	x0,x0,0	  x0:0x00000000
       19885000	      1987	80003914	00000013	addi	x0,x0,0	  x0:0x00000000
       19895000	      1988	80003918	0080016f	jal	x2,80003918	  x2=0x80003918
       19905000	      1989	00000000	00000013	addi	x0,x0,0	  x0:0x00000000
       19915000	      1990	8000391c	00000013	addi	x0,x0,0	  x0:0x00000000
       19925000	      1991	80003920	31c8ae93	slti	x29,x17,796	 x17:0x800037fc x29=0x00000001
       19935000	      1992	80003924	0040036f	jal	x6,80003924	  x6=0x80003924
       19945000	      1993	00000000	00000013	addi	x0,x0,0	  x0:0x00000000
       19955000	      1994	80003924	00000013	addi	x0,x0,0	  x0:0x00000000
       19965000	      1995	80003928	028001ef	jal	x3,80003928	  x3=0x80003928
       19975000	      1996	00000000	00000013	addi	x0,x0,0	  x0:0x00000000
       19985000	      1997	8000394c	00000013	addi	x0,x0,0	  x0:0x00000000
       19995000	      1998	80003950	ff5ff36f	jal	x6,80003950	  x6=0x80003950
       20005000	      1999	00000000	00000013	addi	x0,x0,0	  x0:0x00000000
       20015000	      2000	80003940	00000013	addi	x0,x0,0	  x0:0x00000000
       20025000	      2001	80003944	ff5ff0ef	jal	x1,80003944	  x1=0x80003944
       20035000	      2002	00000000	00000013	addi	x0,x0,0	  x0:0x00000000
       20045000	      2003	80003934	00000013	addi	x0,x0,0	  x0:0x00000000
       20055000	      2004	80003938	0200036f	jal	x6,80003938	  x6=0x80003938
       20065000	      2005	00000000	00000013	addi	x0,x0,0	  x0:0x00000000
       20075000	      2006	80003954	00000013	addi	x0,x0,0	  x0:0x00000000
       20085000	      2007	80003958	fe9ff36f	jal	x6,80003958	  x6=0x80003958
       20095000	      2008	00000000	00000013	addi	x0,x0,0	  x0:0x00000000
       20105000	      2009	8000393c	00000013	addi	x0,x0,0	  x0:0x00000000
       20115000	      2010	80003940	ff1ff0ef	jal	x1,80003940	  x1=0x80003940
       20125000	      2011	00000000	00000013	addi	x0,x0,0	  x0:0x00000000
       20135000	      2012	8000392c	00000013	addi	x0,x0,0	  x0:0x00000000
       20145000	      2013	80003930	024000ef	jal	x1,80003930	  x1=0x80003930
       20155000	      2014	00000000	00000013	addi	x0,x0,0	  x0:0x00000000
       20165000	      2015	80003950	00000013	addi	x0,x0,0	  x0:0x00000000
       20175000	      2016	80003954	ff9ff0ef	jal	x1,80003954	  x1=0x80003954
       20185000	      2017	00000000	00000013	addi	x0,x0,0	  x0:0x00000000
       20195000	      2018	80003948	00000013	addi	x0,x0,0	  x0:0x00000000
       20205000	      2019	8000394c	fe1ff0ef	jal	x1,8000394c	  x1=0x8000394c
       20215000	      2020	00000000	00000013	addi	x0,x0,0	  x0:0x00000000
       20225000	      2021	80003928	00000013	addi	x0,x0,0	  x0:0x00000000
       20235000	      2022	8000392c	01c0036f	jal	x6,8000392c	  x6=0x8000392c
       20245000	      2023	00000000	00000013	addi	x0,x0,0	  x0:0x00000000
       20255000	      2024	80003944	00000013	addi	x0,x0,0	  x0:0x00000000
       20265000	      2025	80003948	fedfff6f	jal	x30,80003948	 x30=0x80003948
       20275000	      2026	00000000	00000013	addi	x0,x0,0	  x0:0x00000000
       20285000	      2027	80003930	00000013	addi	x0,x0,0	  x0:0x00000000
       20295000	      2028	80003934	008000ef	jal	x1,80003934	  x1=0x80003934
       20305000	      2029	00000000	00000013	addi	x0,x0,0	  x0:0x00000000
       20315000	      2030	80003938	00000013	addi	x0,x0,0	  x0:0x00000000
       20325000	      2031	8000393c	020000ef	jal	x1,8000393c	  x1=0x8000393c
       20335000	      2032	00000000	00000013	addi	x0,x0,0	  x0:0x00000000
       20345000	      2033	80003958	00000013	addi	x0,x0,0	  x0:0x00000000
       20355000	      2034	8000395c	017d7eb3	and	x29,x26,x23	 x26:0x000002ae x23:0x80009f78 x29=0x00000228
       20365000	      2035	80003960	04c0036f	jal	x6,80003960	  x6=0x80003960
       20375000	      2036	00000000	00000013	addi	x0,x0,0	  x0:0x00000000
       20385000	      2037	800039a8	00000013	addi	x0,x0,0	  x0:0x00000000
       20395000	      2038	800039ac	ff5ff0ef	jal	x1,800039ac	  x1=0x800039ac
       20405000	      2039	00000000	00000013	addi	x0,x0,0	  x0:0x00000000
       20415000	      2040	8000399c	00000013	addi	x0,x0,0	  x0:0x00000000
       20425000	      2041	800039a0	004004ef	jal	x9,800039a0	  x9=0x800039a0
       20435000	      2042	00000000	00000013	addi	x0,x0,0	  x0:0x00000000
       20445000	      2043	800039a0	00000013	addi	x0,x0,0	  x0:0x00000000
       20455000	      2044	800039a4	ff5ff86f	jal	x16,800039a4	 x16=0x800039a4
       20465000	      2045	00000000	00000013	addi	x0,x0,0	  x0:0x00000000
       20475000	      2046	80003994	00000013	addi	x0,x0,0	  x0:0x00000000
       20485000	      2047	80003998	ffdff5ef	jal	x11,80003998	 x11=0x80003998
       20495000	      2048	00000000	00000013	addi	x0,x0,0	  x0:0x00000000
       20505000	      2049	80003990	00000013	addi	x0,x0,0	  x0:0x00000000
       20515000	      2050	80003994	fd9ff0ef	jal	x1,80003994	  x1=0x80003994
       20525000	      2051	00000000	00000013	addi	x0,x0,0	  x0:0x00000000
       20535000	      2052	80003968	00000013	addi	x0,x0,0	  x0:0x00000000
       20545000	      2053	8000396c	02400aef	jal	x21,8000396c	 x21=0x8000396c
       20555000	      2054	00000000	00000013	addi	x0,x0,0	  x0:0x00000000
       20565000	      2055	8000398c	00000013	addi	x0,x0,0	  x0:0x00000000
       20575000	      2056	80003990	fe5ff36f	jal	x6,80003990	  x6=0x80003990
       20585000	      2057	00000000	00000013	addi	x0,x0,0	  x0:0x00000000
       20595000	      2058	80003970	00000013	addi	x0,x0,0	  x0:0x00000000
       20605000	      2059	80003974	0080036f	jal	x6,80003974	  x6=0x80003974
       20615000	      2060	00000000	00000013	addi	x0,x0,0	  x0:0x00000000
       20625000	      2061	80003978	00000013	addi	x0,x0,0	  x0:0x00000000
       20635000	      2062	8000397c	ff5ff36f	jal	x6,8000397c	  x6=0x8000397c
       20645000	      2063	00000000	00000013	addi	x0,x0,0	  x0:0x00000000
       20655000	      2064	8000396c	00000013	addi	x0,x0,0	  x0:0x00000000
       20665000	      2065	80003970	01c000ef	jal	x1,80003970	  x1=0x80003970
       20675000	      2066	00000000	00000013	addi	x0,x0,0	  x0:0x00000000
       20685000	      2067	80003988	00000013	addi	x0,x0,0	  x0:0x00000000
       20695000	      2068	8000398c	01c0096f	jal	x18,8000398c	 x18=0x8000398c
       20705000	      2069	00000000	00000013	addi	x0,x0,0	  x0:0x00000000
       20715000	      2070	800039a4	00000013	addi	x0,x0,0	  x0:0x00000000
       20725000	      2071	800039a8	00c000ef	jal	x1,800039a8	  x1=0x800039a8
       20735000	      2072	00000000	00000013	addi	x0,x0,0	  x0:0x00000000
       20745000	      2073	800039b0	00000013	addi	x0,x0,0	  x0:0x00000000
       20755000	      2074	800039b4	fb1ff26f	jal	x4,800039b4	  x4=0x800039b4
       20765000	      2075	00000000	00000013	addi	x0,x0,0	  x0:0x00000000
       20775000	      2076	80003960	00000013	addi	x0,x0,0	  x0:0x00000000
       20785000	      2077	80003964	020000ef	jal	x1,80003964	  x1=0x80003964
       20795000	      2078	00000000	00000013	addi	x0,x0,0	  x0:0x00000000
       20805000	      2079	80003980	00000013	addi	x0,x0,0	  x0:0x00000000
       20815000	      2080	80003984	02c000ef	jal	x1,80003984	  x1=0x80003984
       20825000	      2081	00000000	00000013	addi	x0,x0,0	  x0:0x00000000
       20835000	      2082	800039ac	00000013	addi	x0,x0,0	  x0:0x00000000
       20845000	      2083	800039b0	fd1ff0ef	jal	x1,800039b0	  x1=0x800039b0
       20855000	      2084	00000000	00000013	addi	x0,x0,0	  x0:0x00000000
       20865000	      2085	8000397c	00000013	addi	x0,x0,0	  x0:0x00000000
       20875000	      2086	80003980	ff9ff16f	jal	x2,80003980	  x2=0x80003980
       20885000	      2087	00000000	00000013	addi	x0,x0,0	  x0:0x00000000
       20895000	      2088	80003974	00000013	addi	x0,x0,0	  x0:0x00000000
       20905000	      2089	80003978	0240026f	jal	x4,80003978	  x4=0x80003978
       20915000	      2090	00000000	00000013	addi	x0,x0,0	  x0:0x00000000
       20925000	      2091	80003998	00000013	addi	x0,x0,0	  x0:0x00000000
       20935000	      2092	8000399c	fedff36f	jal	x6,8000399c	  x6=0x8000399c
       20945000	      2093	00000000	00000013	addi	x0,x0,0	  x0:0x00000000
       20955000	      2094	80003984	00000013	addi	x0,x0,0	  x0:0x00000000
       20965000	      2095	80003988	fe1ff0ef	jal	x1,80003988	  x1=0x80003988
       20975000	      2096	00000000	00000013	addi	x0,x0,0	  x0:0x00000000
       20985000	      2097	80003964	00000013	addi	x0,x0,0	  x0:0x00000000
       20995000	      2098	80003968	05000f6f	jal	x30,80003968	 x30=0x80003968
       21005000	      2099	00000000	00000013	addi	x0,x0,0	  x0:0x00000000
       21015000	      2100	800039b4	00000013	addi	x0,x0,0	  x0:0x00000000
       21025000	      2101	800039b8	01ec3133	sltu	x2,x24,x30	 x24:0x00000618 x30:0x80003968  x2=0x00000001
       21035000	      2102	800039bc	0080036f	jal	x6,800039bc	  x6=0x800039bc
       21045000	      2103	00000000	00000013	addi	x0,x0,0	  x0:0x00000000
       21055000	      2104	800039c0	00000013	addi	x0,x0,0	  x0:0x00000000
       21065000	      2105	800039c4	0280036f	jal	x6,800039c4	  x6=0x800039c4
       21075000	      2106	00000000	00000013	addi	x0,x0,0	  x0:0x00000000
       21085000	      2107	800039e8	00000013	addi	x0,x0,0	  x0:0x00000000
       21095000	      2108	800039ec	020006ef	jal	x13,800039ec	 x13=0x800039ec
       21105000	      2109	00000000	00000013	addi	x0,x0,0	  x0:0x00000000
       21115000	      2110	80003a08	00000013	addi	x0,x0,0	  x0:0x00000000
       21125000	      2111	80003a0c	fc5ff0ef	jal	x1,80003a0c	  x1=0x80003a0c
       21135000	      2112	00000000	00000013	addi	x0,x0,0	  x0:0x00000000
       21145000	      2113	800039cc	00000013	addi	x0,x0,0	  x0:0x00000000
       21155000	      2114	800039d0	ff1ff1ef	jal	x3,800039d0	  x3=0x800039d0
       21165000	      2115	00000000	00000013	addi	x0,x0,0	  x0:0x00000000
       21175000	      2116	800039bc	00000013	addi	x0,x0,0	  x0:0x00000000
       21185000	      2117	800039c0	0440036f	jal	x6,800039c0	  x6=0x800039c0
       21195000	      2118	00000000	00000013	addi	x0,x0,0	  x0:0x00000000
       21205000	      2119	80003a00	00000013	addi	x0,x0,0	  x0:0x00000000
       21215000	      2120	80003a04	fc9ff0ef	jal	x1,80003a04	  x1=0x80003a04
       21225000	      2121	00000000	00000013	addi	x0,x0,0	  x0:0x00000000
       21235000	      2122	800039c8	00000013	addi	x0,x0,0	  x0:0x00000000
       21245000	      2123	800039cc	0300056f	jal	x10,800039cc	 x10=0x800039cc
       21255000	      2124	00000000	00000013	addi	x0,x0,0	  x0:0x00000000
       21265000	      2125	800039f8	00000013	addi	x0,x0,0	  x0:0x00000000
       21275000	      2126	800039fc	fd9ff0ef	jal	x1,800039fc	  x1=0x800039fc
       21285000	      2127	00000000	00000013	addi	x0,x0,0	  x0:0x00000000
       21295000	      2128	800039d0	00000013	addi	x0,x0,0	  x0:0x00000000
       21305000	      2129	800039d4	020007ef	jal	x15,800039d4	 x15=0x800039d4
       21315000	      2130	00000000	00000013	addi	x0,x0,0	  x0:0x00000000
       21325000	      2131	800039f0	00000013	addi	x0,x0,0	  x0:0x00000000
       21335000	      2132	800039f4	fe9ff36f	jal	x6,800039f4	  x6=0x800039f4
       21345000	      2133	00000000	00000013	addi	x0,x0,0	  x0:0x00000000
       21355000	      2134	800039d8	00000013	addi	x0,x0,0	  x0:0x00000000
       21365000	      2135	800039dc	00c000ef	jal	x1,800039dc	  x1=0x800039dc
       21375000	      2136	00000000	00000013	addi	x0,x0,0	  x0:0x00000000
       21385000	      2137	800039e4	00000013	addi	x0,x0,0	  x0:0x00000000
       21395000	      2138	800039e8	0100056f	jal	x10,800039e8	 x10=0x800039e8
       21405000	      2139	00000000	00000013	addi	x0,x0,0	  x0:0x00000000
       21415000	      2140	800039f4	00000013	addi	x0,x0,0	  x0:0x00000000
       21425000	      2141	800039f8	0180036f	jal	x6,800039f8	  x6=0x800039f8
       21435000	      2142	00000000	00000013	addi	x0,x0,0	  x0:0x00000000
       21445000	      2143	80003a0c	00000013	addi	x0,x0,0	  x0:0x00000000
       21455000	      2144	80003a10	ff1ff16f	jal	x2,80003a10	  x2=0x80003a10
       21465000	      2145	00000000	00000013	addi	x0,x0,0	  x0:0x00000000
       21475000	      2146	800039fc	00000013	addi	x0,x0,0	  x0:0x00000000
       21485000	      2147	80003a00	ff1ff0ef	jal	x1,80003a00	  x1=0x80003a00
       21495000	      2148	00000000	00000013	addi	x0,x0,0	  x0:0x00000000
       21505000	      2149	800039ec	00000013	addi	x0,x0,0	  x0:0x00000000
       21515000	      2150	800039f0	fd9ff0ef	jal	x1,800039f0	  x1=0x800039f0
       21525000	      2151	00000000	00000013	addi	x0,x0,0	  x0:0x00000000
       21535000	      2152	800039c4	00000013	addi	x0,x0,0	  x0:0x00000000
       21545000	      2153	800039c8	0180036f	jal	x6,800039c8	  x6=0x800039c8
       21555000	      2154	00000000	00000013	addi	x0,x0,0	  x0:0x00000000
       21565000	      2155	800039dc	00000013	addi	x0,x0,0	  x0:0x00000000
       21575000	      2156	800039e0	ff9ff0ef	jal	x1,800039e0	  x1=0x800039e0
       21585000	      2157	00000000	00000013	addi	x0,x0,0	  x0:0x00000000
       21595000	      2158	800039d4	00000013	addi	x0,x0,0	  x0:0x00000000
       21605000	      2159	800039d8	0300036f	jal	x6,800039d8	  x6=0x800039d8
       21615000	      2160	00000000	00000013	addi	x0,x0,0	  x0:0x00000000
       21625000	      2161	80003a04	00000013	addi	x0,x0,0	  x0:0x00000000
       21635000	      2162	80003a08	fddff0ef	jal	x1,80003a08	  x1=0x80003a08
       21645000	      2163	00000000	00000013	addi	x0,x0,0	  x0:0x00000000
       21655000	      2164	800039e0	00000013	addi	x0,x0,0	  x0:0x00000000
       21665000	      2165	800039e4	030000ef	jal	x1,800039e4	  x1=0x800039e4
       21675000	      2166	00000000	00000013	addi	x0,x0,0	  x0:0x00000000
       21685000	      2167	80003a10	00000013	addi	x0,x0,0	  x0:0x00000000
       21695000	      2168	80003a14	003caf33	slt	x30,x25,x3	 x25:0x800037a8  x3:0x800039d0 x30=0x00000001
       21705000	      2169	80003a18	04c0036f	jal	x6,80003a18	  x6=0x80003a18
       21715000	      2170	00000000	00000013	addi	x0,x0,0	  x0:0x00000000
       21725000	      2171	80003a60	00000013	addi	x0,x0,0	  x0:0x00000000
       21735000	      2172	80003a64	fc9ff0ef	jal	x1,80003a64	  x1=0x80003a64
       21745000	      2173	00000000	00000013	addi	x0,x0,0	  x0:0x00000000
       21755000	      2174	80003a28	00000013	addi	x0,x0,0	  x0:0x00000000
       21765000	      2175	80003a2c	01c0016f	jal	x2,80003a2c	  x2=0x80003a2c
       21775000	      2176	00000000	00000013	addi	x0,x0,0	  x0:0x00000000
       21785000	      2177	80003a44	00000013	addi	x0,x0,0	  x0:0x00000000
       21795000	      2178	80003a48	018000ef	jal	x1,80003a48	  x1=0x80003a48
       21805000	      2179	00000000	00000013	addi	x0,x0,0	  x0:0x00000000
       21815000	      2180	80003a5c	00000013	addi	x0,x0,0	  x0:0x00000000
       21825000	      2181	80003a60	fd9ffb6f	jal	x22,80003a60	 x22=0x80003a60
       21835000	      2182	00000000	00000013	addi	x0,x0,0	  x0:0x00000000
       21845000	      2183	80003a34	00000013	addi	x0,x0,0	  x0:0x00000000
       21855000	      2184	80003a38	018000ef	jal	x1,80003a38	  x1=0x80003a38
       21865000	      2185	00000000	00000013	addi	x0,x0,0	  x0:0x00000000
       21875000	      2186	80003a4c	00000013	addi	x0,x0,0	  x0:0x00000000
       21885000	      2187	80003a50	ff5ff0ef	jal	x1,80003a50	  x1=0x80003a50
       21895000	      2188	00000000	00000013	addi	x0,x0,0	  x0:0x00000000
       21905000	      2189	80003a40	00000013	addi	x0,x0,0	  x0:0x00000000
       21915000	      2190	80003a44	ffdff36f	jal	x6,80003a44	  x6=0x80003a44
       21925000	      2191	00000000	00000013	addi	x0,x0,0	  x0:0x00000000
       21935000	      2192	80003a3c	00000013	addi	x0,x0,0	  x0:0x00000000
       21945000	      2193	80003a40	fe1ff36f	jal	x6,80003a40	  x6=0x80003a40
       21955000	      2194	00000000	00000013	addi	x0,x0,0	  x0:0x00000000
       21965000	      2195	80003a1c	00000013	addi	x0,x0,0	  x0:0x00000000
       21975000	      2196	80003a20	0480036f	jal	x6,80003a20	  x6=0x80003a20
       21985000	      2197	00000000	00000013	addi	x0,x0,0	  x0:0x00000000
       21995000	      2198	80003a64	00000013	addi	x0,x0,0	  x0:0x00000000
       22005000	      2199	80003a68	fc1ff36f	jal	x6,80003a68	  x6=0x80003a68
       22015000	      2200	00000000	00000013	addi	x0,x0,0	  x0:0x00000000
       22025000	      2201	80003a24	00000013	addi	x0,x0,0	  x0:0x00000000
       22035000	      2202	80003a28	044000ef	jal	x1,80003a28	  x1=0x80003a28
       22045000	      2203	00000000	00000013	addi	x0,x0,0	  x0:0x00000000
       22055000	      2204	80003a68	00000013	addi	x0,x0,0	  x0:0x00000000
       22065000	      2205	80003a6c	fe1ff16f	jal	x2,80003a6c	  x2=0x80003a6c
       22075000	      2206	00000000	00000013	addi	x0,x0,0	  x0:0x00000000
       22085000	      2207	80003a48	00000013	addi	x0,x0,0	  x0:0x00000000
       22095000	      2208	80003a4c	00800a6f	jal	x20,80003a4c	 x20=0x80003a4c
       22105000	      2209	00000000	00000013	addi	x0,x0,0	  x0:0x00000000
       22115000	      2210	80003a50	00000013	addi	x0,x0,0	  x0:0x00000000
       22125000	      2211	80003a54	fe1ff0ef	jal	x1,80003a54	  x1=0x80003a54
       22135000	      2212	00000000	00000013	addi	x0,x0,0	  x0:0x00000000
       22145000	      2213	80003a30	00000013	addi	x0,x0,0	  x0:0x00000000
       22155000	      2214	80003a34	028008ef	jal	x17,80003a34	 x17=0x80003a34
       22165000	      2215	00000000	00000013	addi	x0,x0,0	  x0:0x00000000
       22175000	      2216	80003a58	00000013	addi	x0,x0,0	  x0:0x00000000
       22185000	      2217	80003a5c	fe1ff36f	jal	x6,80003a5c	  x6=0x80003a5c
       22195000	      2218	00000000	00000013	addi	x0,x0,0	  x0:0x00000000
       22205000	      2219	80003a38	00000013	addi	x0,x0,0	  x0:0x00000000
       22215000	      2220	80003a3c	fe1ff2ef	jal	x5,80003a3c	  x5=0x80003a3c
       22225000	      2221	00000000	00000013	addi	x0,x0,0	  x0:0x00000000
       22235000	      2222	80003a18	00000013	addi	x0,x0,0	  x0:0x00000000
       22245000	      2223	80003a1c	0140036f	jal	x6,80003a1c	  x6=0x80003a1c
       22255000	      2224	00000000	00000013	addi	x0,x0,0	  x0:0x00000000
       22265000	      2225	80003a2c	00000013	addi	x0,x0,0	  x0:0x00000000
       22275000	      2226	80003a30	ff5ff0ef	jal	x1,80003a30	  x1=0x80003a30
       22285000	      2227	00000000	00000013	addi	x0,x0,0	  x0:0x00000000
       22295000	      2228	80003a20	00000013	addi	x0,x0,0	  x0:0x00000000
       22305000	      2229	80003a24	034005ef	jal	x11,80003a24	 x11=0x80003a24
       22315000	      2230	00000000	00000013	addi	x0,x0,0	  x0:0x00000000
       22325000	      2231	80003a54	00000013	addi	x0,x0,0	  x0:0x00000000
       22335000	      2232	80003a58	018000ef	jal	x1,80003a58	  x1=0x80003a58
       22345000	      2233	00000000	00000013	addi	x0,x0,0	  x0:0x00000000
       22355000	      2234	80003a6c	00000013	addi	x0,x0,0	  x0:0x00000000
       22365000	      2235	80003a70	40095633	sra	x12,x18,x0	 x18:0x8000398c  x0:0x00000000 x12=0x8000398c
       22375000	      2236	80003a74	58760793	addi	x15,x12,1415	 x12:0x8000398c x15=0x80003f13
       22385000	      2237	80003a78	08ba8a63	beq	x21,x11,80003b0c	 x21:0x8000396c x11:0x80003a24
       22395000	      2238	80003a7c	02156e63	bltu	x10,x1,80003ab8	 x10:0x800039e8  x1:0x80003a58
       22405000	      2239	00000000	00000013	addi	x0,x0,0	  x0:0x00000000
       22415000	      2240	80003ab4	00000013	addi	x0,x0,0	  x0:0x00000000
       22425000	      2241	80003ab8	4144d833	sra	x16,x9,x20	  x9:0x800039a0 x20:0x80003a4c x16=0xfff80003
       22435000	      2242	80003abc	dd253297	auipc	x5,0xdd253	  x5=0x5d256ab8
       22445000	      2243	80003ac0	01ac69b3	or	x19,x24,x26	 x24:0x00000618 x26:0x000002ae x19=0x000006be
       22455000	      2244	80003ac4	01e371b3	and	x3,x6,x30	  x6:0x80003a1c x30:0x00000001  x3=0x00000000
       22465000	      2245	80003ac8	0080036f	jal	x6,80003ac8	  x6=0x80003ac8
       22475000	      2246	00000000	00000013	addi	x0,x0,0	  x0:0x00000000
       22485000	      2247	80003acc	00000013	addi	x0,x0,0	  x0:0x00000000
       22495000	      2248	80003ad0	008000ef	jal	x1,80003ad0	  x1=0x80003ad0
       22505000	      2249	00000000	00000013	addi	x0,x0,0	  x0:0x00000000
       22515000	      2250	80003ad4	00000013	addi	x0,x0,0	  x0:0x00000000
       22525000	      2251	80003ad8	01c000ef	jal	x1,80003ad8	  x1=0x80003ad8
       22535000	      2252	00000000	00000013	addi	x0,x0,0	  x0:0x00000000
       22545000	      2253	80003af0	00000013	addi	x0,x0,0	  x0:0x00000000
       22555000	      2254	80003af4	ff9ffcef	jal	x25,80003af4	 x25=0x80003af4
       22565000	      2255	00000000	00000013	addi	x0,x0,0	  x0:0x00000000
       22575000	      2256	80003ae8	00000013	addi	x0,x0,0	  x0:0x00000000
       22585000	      2257	80003aec	fe1ff0ef	jal	x1,80003aec	  x1=0x80003aec
       22595000	      2258	00000000	00000013	addi	x0,x0,0	  x0:0x00000000
       22605000	      2259	80003ac8	00000013	addi	x0,x0,0	  x0:0x00000000
       22615000	      2260	80003acc	034000ef	jal	x1,80003acc	  x1=0x80003acc
       22625000	      2261	00000000	00000013	addi	x0,x0,0	  x0:0x00000000
       22635000	      2262	80003afc	00000013	addi	x0,x0,0	  x0:0x00000000
       22645000	      2263	80003b00	fddffdef	jal	x27,80003b00	 x27=0x80003b00
       22655000	      2264	00000000	00000013	addi	x0,x0,0	  x0:0x00000000
       22665000	      2265	80003ad8	00000013	addi	x0,x0,0	  x0:0x00000000
       22675000	      2266	80003adc	004009ef	jal	x19,80003adc	 x19=0x80003adc
       22685000	      2267	00000000	00000013	addi	x0,x0,0	  x0:0x00000000
       22695000	      2268	80003adc	00000013	addi	x0,x0,0	  x0:0x00000000
       22705000	      2269	80003ae0	01c000ef	jal	x1,80003ae0	  x1=0x80003ae0
       22715000	      2270	00000000	00000013	addi	x0,x0,0	  x0:0x00000000
       22725000	      2271	80003af8	00000013	addi	x0,x0,0	  x0:0x00000000
       22735000	      2272	80003afc	008000ef	jal	x1,80003afc	  x1=0x80003afc
       22745000	      2273	00000000	00000013	addi	x0,x0,0	  x0:0x00000000
       22755000	      2274	80003b00	00000013	addi	x0,x0,0	  x0:0x00000000
       22765000	      2275	80003b04	fd1ff0ef	jal	x1,80003b04	  x1=0x80003b04
       22775000	      2276	00000000	00000013	addi	x0,x0,0	  x0:0x00000000
       22785000	      2277	80003ad0	00000013	addi	x0,x0,0	  x0:0x00000000
       22795000	      2278	80003ad4	010002ef	jal	x5,80003ad4	  x5=0x80003ad4
       22805000	      2279	00000000	00000013	addi	x0,x0,0	  x0:0x00000000
       22815000	      2280	80003ae0	00000013	addi	x0,x0,0	  x0:0x00000000
       22825000	      2281	80003ae4	00c001ef	jal	x3,80003ae4	  x3=0x80003ae4
       22835000	      2282	00000000	00000013	addi	x0,x0,0	  x0:0x00000000
       22845000	      2283	80003aec	00000013	addi	x0,x0,0	  x0:0x00000000
       22855000	      2284	80003af0	ff9ff36f	jal	x6,80003af0	  x6=0x80003af0
       22865000	      2285	00000000	00000013	addi	x0,x0,0	  x0:0x00000000
       22875000	      2286	80003ae4	00000013	addi	x0,x0,0	  x0:0x00000000
       22885000	      2287	80003ae8	01000def	jal	x27,80003ae8	 x27=0x80003ae8
       22895000	      2288	00000000	00000013	addi	x0,x0,0	  x0:0x00000000
       22905000	      2289	80003af4	00000013	addi	x0,x0,0	  x0:0x00000000
       22915000	      2290	80003af8	010000ef	jal	x1,80003af8	  x1=0x80003af8
       22925000	      2291	00000000	00000013	addi	x0,x0,0	  x0:0x00000000
       22935000	      2292	80003b04	00000013	addi	x0,x0,0	  x0:0x00000000
       22945000	      2293	80003b08	402bdb33	sra	x22,x23,x2	 x23:0x80009f78  x2:0x80003a6c x22=0xfff80009
       22955000	      2294	80003b0c	025c5063	bge	x24,x5,80003b2c	 x24:0x00000618  x5:0x80003ad4
       22965000	      2295	00000000	00000013	addi	x0,x0,0	  x0:0x00000000
       22975000	      2296	80003b28	00000013	addi	x0,x0,0	  x0:0x00000000
       22985000	      2297	80003b2c	015f1413	slli	x8,x30,0x15	 x30:0x00000001  x8=0x00200000
       22995000	      2298	80003b30	01c0d2b3	srl	x5,x1,x28	  x1:0x80003af8 x28:0xfb060b8f  x5=0x00010000
       23005000	      2299	80003b34	62844d13	xori	x26,x8,1576	  x8:0x00200000 x26=0x00200628
       23015000	      2300	80003b38	00fa5293	srli	x5,x20,0xf	 x20:0x80003a4c  x5=0x00010000
       23025000	      2301	80003b3c	02c80e63	beq	x16,x12,80003b78	 x16:0xfff80003 x12:0x8000398c
       23035000	      2302	80003b40	40175333	sra	x6,x14,x1	 x14:0x80003894  x1:0x80003af8  x6=0xffffff80
       23045000	      2303	80003b44	004f7333	and	x6,x30,x4	 x30:0x00000001  x4:0x80003978  x6=0x00000000
       23055000	      2304	80003b48	41cd5933	sra	x18,x26,x28	 x26:0x00200628 x28:0xfb060b8f x18=0x00000040
       23065000	      2305	80003b4c	000c0533	add	x10,x24,x0	 x24:0x00000618  x0:0x00000000 x10=0x00000618
       23075000	      2306	80003b50	51e9a113	slti	x2,x19,1310	 x19:0x80003adc  x2=0x00000001
       23085000	      2307	80003b54	02317263	bgeu	x2,x3,80003b78	  x2:0x00000001  x3:0x80003ae4
       23095000	      2308	80003b58	02a21863	bne	x4,x10,80003b88	  x4:0x80003978 x10:0x00000618
       23105000	      2309	00000000	00000013	addi	x0,x0,0	  x0:0x00000000
       23115000	      2310	80003b84	00000013	addi	x0,x0,0	  x0:0x00000000
       23125000	      2311	80003b88	005c4933	xor	x18,x24,x5	 x24:0x00000618  x5:0x00010000 x18=0x00010618
       23135000	      2312	80003b8c	00bd1233	sll	x4,x26,x11	 x26:0x00200628 x11:0x80003a24  x4=0x02006280
       23145000	      2313	80003b90	0029d463	bge	x19,x2,80003b98	 x19:0x80003adc  x2:0x00000001
       23155000	      2314	80003b94	010c3eb3	sltu	x29,x24,x16	 x24:0x00000618 x16:0xfff80003 x29=0x00000001
       23165000	      2315	80003b98	41cc8133	sub	x2,x25,x28	 x25:0x80003af4 x28:0xfb060b8f  x2=0x84fa2f65
       23175000	      2316	80003b9c	00d29433	sll	x8,x5,x13	  x5:0x00010000 x13:0x800039ec  x8=0x10000000
       23185000	      2317	80003ba0	00c65033	srl	x0,x12,x12	 x12:0x8000398c x12:0x8000398c
       23195000	      2318	80003ba4	010680b3	add	x1,x13,x16	 x13:0x800039ec x16:0xfff80003  x1=0x7ff839ef
       23205000	      2319	80003ba8	036b4063	blt	x22,x22,80003bc8	 x22:0xfff80009 x22:0xfff80009
       23215000	      2320	80003bac	00707d33	and	x26,x0,x7	  x0:0x00000000  x7:0x80009fc4 x26=0x00000000
       23225000	      2321	80003bb0	00c38933	add	x18,x7,x12	  x7:0x80009fc4 x12:0x8000398c x18=0x0000d950
       23235000	      2322	80003bb4	04507263	bgeu	x0,x5,80003bf8	  x0:0x00000000  x5:0x00010000
       23245000	      2323	80003bb8	0328d663	bge	x17,x18,80003be4	 x17:0x80003a34 x18:0x0000d950
       23255000	      2324	80003bbc	a6a1adb7	lui	x27,0xa6a1a	 x27=0xa6a1a000
       23265000	      2325	80003bc0	00351493	slli	x9,x10,0x3	 x10:0x00000618  x9=0x000030c0
       23275000	      2326	80003bc4	04f09863	bne	x1,x15,80003c14	  x1:0x7ff839ef x15:0x80003f13
       23285000	      2327	00000000	00000013	addi	x0,x0,0	  x0:0x00000000
       23295000	      2328	80003c10	00000013	addi	x0,x0,0	  x0:0x00000000
       23305000	      2329	80003c14	015eea63	bltu	x29,x21,80003c28	 x29:0x00000001 x21:0x8000396c
       23315000	      2330	00000000	00000013	addi	x0,x0,0	  x0:0x00000000
       23325000	      2331	80003c24	00000013	addi	x0,x0,0	  x0:0x00000000
       23335000	      2332	80003c28	0087e933	or	x18,x15,x8	 x15:0x80003f13  x8:0x10000000 x18=0x90003f13
       23345000	      2333	80003c2c	41ba5f93	srai	x31,x20,0x1b	 x20:0x80003a4c x31=0xfffffff0
       23355000	      2334	80003c30	41fe5313	srai	x6,x28,0x1f	 x28:0xfb060b8f  x6=0xffffffff
       23365000	      2335	80003c34	d6c5b593	sltiu	x11,x11,-660	 x11:0x80003a24 x11=0x00000001
       23375000	      2336	80003c38	019a0c33	add	x24,x20,x25	 x20:0x80003a4c x25:0x80003af4 x24=0x00007540
       23385000	      2337	80003c3c	01201ab3	sll	x21,x0,x18	  x0:0x00000000 x18:0x90003f13 x21=0x00000000
       23395000	      2338	80003c40	18447f13	andi	x30,x8,388	  x8:0x10000000 x30=0x00000000
       23405000	      2339	80003c44	00000013	addi	x0,x0,0	  x0:0x00000000
       23415000	      2340	80003c48	02c07e63	bgeu	x0,x12,80003c84	  x0:0x00000000 x12:0x8000398c
       23425000	      2341	80003c4c	01506833	or	x16,x0,x21	  x0:0x00000000 x21:0x00000000 x16=0x00000000
       23435000	      2342	80003c50	01f90e63	beq	x18,x31,80003c6c	 x18:0x90003f13 x31:0xfffffff0
       23445000	      2343	80003c54	01697333	and	x6,x18,x22	 x18:0x90003f13 x22:0xfff80009  x6=0x90000001
       23455000	      2344	80003c58	616ef917	auipc	x18,0x616ef	 x18=0xe16f2c54
       23465000	      2345	80003c5c	01b598b3	sll	x17,x11,x27	 x11:0x00000001 x27:0xa6a1a000 x17=0x00000001
       23475000	      2346	80003c60	40e52193	slti	x3,x10,1038	 x10:0x00000618  x3=0x00000000
       23485000	      2347	80003c64	04e18663	beq	x3,x14,80003cb0	  x3:0x00000000 x14:0x80003894
       23495000	      2348	80003c68	01fe35b3	sltu	x11,x28,x31	 x28:0xfb060b8f x31:0xfffffff0 x11=0x00000001
       23505000	      2349	80003c6c	004669b3	or	x19,x12,x4	 x12:0x8000398c  x4:0x02006280 x19=0x82007b8c
       23515000	      2350	80003c70	03637a63	bgeu	x6,x22,80003ca4	  x6:0x90000001 x22:0xfff80009
       23525000	      2351	80003c74	01b29293	slli	x5,x5,0x1b	  x5:0x00010000  x5=0x00000000
       23535000	      2352	80003c78	41080a33	sub	x20,x16,x16	 x16:0x00000000 x16:0x00000000 x20=0x00000000
       23545000	      2353	80003c7c	21d9b193	sltiu	x3,x19,541	 x19:0x82007b8c  x3=0x00000000
       23555000	      2354	80003c80	f9684197	auipc	x3,0xf9684	  x3=0x79687c7c
       23565000	      2355	80003c84	139f2cb7	lui	x25,0x139f2	 x25=0x139f2000
       23575000	      2356	80003c88	019ca4b3	slt	x9,x25,x25	 x25:0x139f2000 x25:0x139f2000  x9=0x00000000
       23585000	      2357	80003c8c	ea6e7f13	andi	x30,x28,-346	 x28:0xfb060b8f x30=0xfb060a86
       23595000	      2358	80003c90	37d22613	slti	x12,x4,893	  x4:0x02006280 x12=0x00000000
       23605000	      2359	80003c94	01cbc7b3	xor	x15,x23,x28	 x23:0x80009f78 x28:0xfb060b8f x15=0x7b0694f7
       23615000	      2360	80003c98	002f9ab3	sll	x21,x31,x2	 x31:0xfffffff0  x2:0x84fa2f65 x21=0xfffffe00
       23625000	      2361	80003c9c	00f13f33	sltu	x30,x2,x15	  x2:0x84fa2f65 x15:0x7b0694f7 x30=0x00000000
       23635000	      2362	80003ca0	004fb833	sltu	x16,x31,x4	 x31:0xfffffff0  x4:0x02006280 x16=0x00000000
       23645000	      2363	80003ca4	03217e63	bgeu	x2,x18,80003ce0	  x2:0x84fa2f65 x18:0xe16f2c54
       23655000	      2364	80003ca8	d2f86913	ori	x18,x16,-721	 x16:0x00000000 x18=0xfffffd2f
       23665000	      2365	80003cac	00f44863	blt	x8,x15,80003cbc	  x8:0x10000000 x15:0x7b0694f7
       23675000	      2366	00000000	00000013	addi	x0,x0,0	  x0:0x00000000
       23685000	      2367	80003cb8	00000013	addi	x0,x0,0	  x0:0x00000000
       23695000	      2368	80003cbc	009637b3	sltu	x15,x12,x9	 x12:0x00000000  x9:0x00000000 x15=0x00000000
       23705000	      2369	80003cc0	0070b2b3	sltu	x5,x1,x7	  x1:0x7ff839ef  x7:0x80009fc4  x5=0x00000001
       23715000	      2370	80003cc4	00c1a133	slt	x2,x3,x12	  x3:0x79687c7c x12:0x00000000  x2=0x00000000
       23725000	      2371	80003cc8	04b89463	bne	x17,x11,80003d10	 x17:0x00000001 x11:0x00000001
       23735000	      2372	80003ccc	01e9c6b3	xor	x13,x19,x30	 x19:0x82007b8c x30:0x00000000 x13=0x82007b8c
       23745000	      2373	80003cd0	05abf263	bgeu	x23,x26,80003d14	 x23:0x80009f78 x26:0x00000000
       23755000	      2374	00000000	00000013	addi	x0,x0,0	  x0:0x00000000
       23765000	      2375	80003d10	00000013	addi	x0,x0,0	  x0:0x00000000
       23775000	      2376	80003d14	00e35013	srli	x0,x6,0xe	  x6:0x90000001
       23785000	      2377	80003d18	00000013	addi	x0,x0,0	  x0:0x00000000
       23795000	      2378	80003d1c	01edd733	srl	x14,x27,x30	 x27:0xa6a1a000 x30:0x00000000 x14=0xa6a1a000
       23805000	      2379	80003d20	03050663	beq	x10,x16,80003d4c	 x10:0x00000618 x16:0x00000000
       23815000	      2380	80003d24	0f82c613	xori	x12,x5,248	  x5:0x00000001 x12=0x000000f9
       23825000	      2381	80003d28	809ac293	xori	x5,x21,-2039	 x21:0xfffffe00  x5=0x00000609
       23835000	      2382	80003d2c	007cc533	xor	x10,x25,x7	 x25:0x139f2000  x7:0x80009fc4 x10=0x939fbfc4
       23845000	      2383	80003d30	01287463	bgeu	x16,x18,80003d38	 x16:0x00000000 x18:0xfffffd2f
       23855000	      2384	80003d34	94ca0113	addi	x2,x20,-1716	 x20:0x00000000  x2=0xfffff94c
       23865000	      2385	80003d38	01669d13	slli	x26,x13,0x16	 x13:0x82007b8c x26=0xe3000000
       23875000	      2386	80003d3c	038e0063	beq	x28,x24,80003d5c	 x28:0xfb060b8f x24:0x00007540
       23885000	      2387	80003d40	41325093	srai	x1,x4,0x13	  x4:0x02006280  x1=0x00000040
       23895000	      2388	80003d44	527f8813	addi	x16,x31,1319	 x31:0xfffffff0 x16=0x00000517
       23905000	      2389	80003d48	41bc86b3	sub	x13,x25,x27	 x25:0x139f2000 x27:0xa6a1a000 x13=0x6cfd8000
       23915000	      2390	80003d4c	015f5493	srli	x9,x30,0x15	 x30:0x00000000  x9=0x00000000
       23925000	      2391	80003d50	0066af33	slt	x30,x13,x6	 x13:0x6cfd8000  x6:0x90000001 x30=0x00000000
       23935000	      2392	80003d54	40e80db3	sub	x27,x16,x14	 x16:0x00000517 x14:0xa6a1a000 x27=0x595e6517
       23945000	      2393	80003d58	40a5d593	srai	x11,x11,0xa	 x11:0x00000001 x11=0x00000000
       23955000	      2394	80003d5c	00c54863	blt	x10,x12,80003d6c	 x10:0x939fbfc4 x12:0x000000f9
       23965000	      2395	00000000	00000013	addi	x0,x0,0	  x0:0x00000000
       23975000	      2396	80003d68	00000013	addi	x0,x0,0	  x0:0x00000000
       23985000	      2397	80003d6c	7135c293	xori	x5,x11,1811	 x11:0x00000000  x5=0x00000713
       23995000	      2398	80003d70	027cc263	blt	x25,x7,80003d94	 x25:0x139f2000  x7:0x80009fc4
       24005000	      2399	80003d74	0287d863	bge	x15,x8,80003da4	 x15:0x00000000  x8:0x10000000
       24015000	      2400	80003d78	0b6c3013	sltiu	x0,x24,182	 x24:0x00007540
       24025000	      2401	80003d7c	40d18133	sub	x2,x3,x13	  x3:0x79687c7c x13:0x6cfd8000  x2=0x0c6afc7c
       24035000	      2402	80003d80	41d48fb3	sub	x31,x9,x29	  x9:0x00000000 x29:0x00000001 x31=0xffffffff
       24045000	      2403	80003d84	015c2b33	slt	x22,x24,x21	 x24:0x00007540 x21:0xfffffe00 x22=0x00000000
       24055000	      2404	80003d88	4a0dfc93	andi	x25,x27,1184	 x27:0x595e6517 x25=0x00000400
       24065000	      2405	80003d8c	41dc8ab3	sub	x21,x25,x29	 x25:0x00000400 x29:0x00000001 x21=0x000003ff
       24075000	      2406	80003d90	ba74dc17	auipc	x24,0xba74d	 x24=0x3a750d8c
       24085000	      2407	80003d94	e5708193	addi	x3,x1,-425	  x1:0x00000040  x3=0xfffffe97
       24095000	      2408	80003d98	010a1493	slli	x9,x20,0x10	 x20:0x00000000  x9=0x00000000
       24105000	      2409	80003d9c	41e9d013	srai	x0,x19,0x1e	 x19:0x82007b8c
       24115000	      2410	80003da0	a7ee3137	lui	x2,0xa7ee3	  x2=0xa7ee3000
       24125000	      2411	80003da4	02f6de63	bge	x13,x15,80003de0	 x13:0x6cfd8000 x15:0x00000000
       24135000	      2412	00000000	00000013	addi	x0,x0,0	  x0:0x00000000
       24145000	      2413	80003ddc	00000013	addi	x0,x0,0	  x0:0x00000000
       24155000	      2414	80003de0	01d77cb3	and	x25,x14,x29	 x14:0xa6a1a000 x29:0x00000001 x25=0x00000000
       24165000	      2415	80003de4	00000013	addi	x0,x0,0	  x0:0x00000000
       24175000	      2416	80003de8	d8294893	xori	x17,x18,-638	 x18:0xfffffd2f x17=0x000000ad
       24185000	      2417	80003dec	04e97863	bgeu	x18,x14,80003e3c	 x18:0xfffffd2f x14:0xa6a1a000
       24195000	      2418	00000000	00000013	addi	x0,x0,0	  x0:0x00000000
       24205000	      2419	80003e38	00000013	addi	x0,x0,0	  x0:0x00000000
       24215000	      2420	80003e3c	037f9e63	bne	x31,x23,80003e78	 x31:0xffffffff x23:0x80009f78
       24225000	      2421	00000000	00000013	addi	x0,x0,0	  x0:0x00000000
       24235000	      2422	80003e74	00000013	addi	x0,x0,0	  x0:0x00000000
       24245000	      2423	80003e78	01129b33	sll	x22,x5,x17	  x5:0x00000713 x17:0x000000ad x22=0x00e26000
       24255000	      2424	80003e7c	423f2b37	lui	x22,0x423f2	 x22=0x423f2000
       24265000	      2425	80003e80	00a73fb3	sltu	x31,x14,x10	 x14:0xa6a1a000 x10:0x939fbfc4 x31=0x00000000
       24275000	      2426	80003e84	74c4f193	andi	x3,x9,1868	  x9:0x00000000  x3=0x00000000
       24285000	      2427	80003e88	e95be8b7	lui	x17,0xe95be	 x17=0xe95be000
       24295000	      2428	80003e8c	0047d593	srli	x11,x15,0x4	 x15:0x00000000 x11=0x00000000
       24305000	      2429	80003e90	01037433	and	x8,x6,x16	  x6:0x90000001 x16:0x00000517  x8=0x00000001
       24315000	      2430	80003e94	ba6205b7	lui	x11,0xba620	 x11=0xba620000
       24325000	      2431	80003e98	e1538113	addi	x2,x7,-491	  x7:0x80009fc4  x2=0x80009dd9
       24335000	      2432	80003e9c	e3633193	sltiu	x3,x6,-458	  x6:0x90000001  x3=0x00000001
       24345000	      2433	80003ea0	41e958b3	sra	x17,x18,x30	 x18:0xfffffd2f x30:0x00000000 x17=0xfffffd2f
       24355000	      2434	80003ea4	8bf77893	andi	x17,x14,-1857	 x14:0xa6a1a000 x17=0xa6a1a000
       24365000	      2435	80003ea8	bfc2c9b7	lui	x19,0xbfc2c	 x19=0xbfc2c000
       24375000	      2436	80003eac	0040e463	bltu	x1,x4,80003eb4	  x1:0x00000040  x4:0x02006280
       24385000	      2437	00000000	00000013	addi	x0,x0,0	  x0:0x00000000
       24395000	      2438	80003eb0	00000013	addi	x0,x0,0	  x0:0x00000000
       24405000	      2439	80003eb4	00cb1863	bne	x22,x12,80003ec4	 x22:0x423f2000 x12:0x000000f9
       24415000	      2440	00000000	00000013	addi	x0,x0,0	  x0:0x00000000
       24425000	      2441	80003ec0	00000013	addi	x0,x0,0	  x0:0x00000000
       24435000	      2442	80003ec4	00fd7533	and	x10,x26,x15	 x26:0xe3000000 x15:0x00000000 x10=0x00000000
       24445000	      2443	80003ec8	6da73a93	sltiu	x21,x14,1754	 x14:0xa6a1a000 x21=0x00000000
       24455000	      2444	80003ecc	54a12b13	slti	x22,x2,1354	  x2:0x80009dd9 x22=0x00000001
       24465000	      2445	80003ed0	01ea1733	sll	x14,x20,x30	 x20:0x00000000 x30:0x00000000 x14=0x00000000
       24475000	      2446	80003ed4	0352d263	bge	x5,x21,80003ef8	  x5:0x00000713 x21:0x00000000
       24485000	      2447	00000000	00000013	addi	x0,x0,0	  x0:0x00000000
       24495000	      2448	80003ef4	00000013	addi	x0,x0,0	  x0:0x00000000
       24505000	      2449	80003ef8	00386333	or	x6,x16,x3	 x16:0x00000517  x3:0x00000001  x6=0x00000517
       24515000	      2450	80003efc	05be9263	bne	x29,x27,80003f40	 x29:0x00000001 x27:0x595e6517
       24525000	      2451	00000000	00000013	addi	x0,x0,0	  x0:0x00000000
       24535000	      2452	80003f3c	00000013	addi	x0,x0,0	  x0:0x00000000
       24545000	      2453	80003f40	19296a93	ori	x21,x18,402	 x18:0xfffffd2f x21=0xfffffdbf
       24555000	      2454	80003f44	8ec90293	addi	x5,x18,-1812	 x18:0xfffffd2f  x5=0xfffff61b
       24565000	      2455	80003f48	6c004017	auipc	x0,0x6c004	
       24575000	      2456	80003f4c	0402e663	bltu	x5,x0,80003f98	  x5:0xfffff61b  x0:0x00000000
       24585000	      2457	80003f50	018f3f33	sltu	x30,x30,x24	 x30:0x00000000 x24:0x3a750d8c x30=0x00000001
       24595000	      2458	80003f54	64f30913	addi	x18,x6,1615	  x6:0x00000517 x18=0x00000b66
       24605000	      2459	80003f58	1f7da693	slti	x13,x27,503	 x27:0x595e6517 x13=0x00000000
       24615000	      2460	80003f5c	01641c93	slli	x25,x8,0x16	  x8:0x00000001 x25=0x00400000
       24625000	      2461	80003f60	02cf7a63	bgeu	x30,x12,80003f94	 x30:0x00000001 x12:0x000000f9
       24635000	      2462	80003f64	6e6b7c13	andi	x24,x22,1766	 x22:0x00000001 x24=0x00000000
       24645000	      2463	80003f68	1ade2593	slti	x11,x28,429	 x28:0xfb060b8f x11=0x00000001
       24655000	      2464	80003f6c	00f96463	bltu	x18,x15,80003f74	 x18:0x00000b66 x15:0x00000000
       24665000	      2465	80003f70	01ce57b3	srl	x15,x28,x28	 x28:0xfb060b8f x28:0xfb060b8f x15=0x0001f60c
       24675000	      2466	80003f74	f191a113	slti	x2,x3,-231	  x3:0x00000001  x2=0x00000000
       24685000	      2467	80003f78	014fcd33	xor	x26,x31,x20	 x31:0x00000000 x20:0x00000000 x26=0x00000000
       24695000	      2468	80003f7c	86e038b7	lui	x17,0x86e03	 x17=0x86e03000
       24705000	      2469	80003f80	049b4263	blt	x22,x9,80003fc4	 x22:0x00000001  x9:0x00000000
       24715000	      2470	80003f84	02166c63	bltu	x12,x1,80003fbc	 x12:0x000000f9  x1:0x00000040
       24725000	      2471	80003f88	41155813	srai	x16,x10,0x11	 x10:0x00000000 x16=0x00000000
       24735000	      2472	80003f8c	4086dd33	sra	x26,x13,x8	 x13:0x00000000  x8:0x00000001 x26=0x00000000
       24745000	      2473	80003f90	402856b3	sra	x13,x16,x2	 x16:0x00000000  x2:0x00000000 x13=0x00000000
       24755000	      2474	80003f94	00d311b3	sll	x3,x6,x13	  x6:0x00000517 x13:0x00000000  x3=0x00000517
       24765000	      2475	80003f98	00e2feb3	and	x29,x5,x14	  x5:0xfffff61b x14:0x00000000 x29=0x00000000
       24775000	      2476	80003f9c	00ced5b3	srl	x11,x29,x12	 x29:0x00000000 x12:0x000000f9 x11=0x00000000
       24785000	      2477	80003fa0	4f113113	sltiu	x2,x2,1265	  x2:0x00000000  x2=0x00000001
       24795000	      2478	80003fa4	00c8d093	srli	x1,x17,0xc	 x17:0x86e03000  x1=0x00086e03
       24805000	      2479	80003fa8	01b11093	slli	x1,x2,0x1b	  x2:0x00000001  x1=0x08000000
       24815000	      2480	80003fac	6475ed97	auipc	x27,0x6475e	 x27=0xe4761fa8
       24825000	      2481	80003fb0	00795093	srli	x1,x18,0x7	 x18:0x00000b66  x1=0x00000016
       24835000	      2482	80003fb4	00898933	add	x18,x19,x8	 x19:0xbfc2c000  x8:0x00000001 x18=0xbfc2c001
       24845000	      2483	80003fb8	000ac1b3	xor	x3,x21,x0	 x21:0xfffffdbf  x0:0x00000000  x3=0xfffffdbf
       24855000	      2484	80003fbc	00000013	addi	x0,x0,0	  x0:0x00000000
       24865000	      2485	80003fc0	2f7e4613	xori	x12,x28,759	 x28:0xfb060b8f x12=0xfb060978
       24875000	      2486	80003fc4	04820863	beq	x4,x8,80004014	  x4:0x02006280  x8:0x00000001
       24885000	      2487	80003fc8	4af9cf17	auipc	x30,0x4af9c	 x30=0xcaf9ffc4
       24895000	      2488	80003fcc	cf966193	ori	x3,x12,-775	 x12:0xfb060978  x3=0xfffffdf9
       24905000	      2489	80003fd0	01ae79b3	and	x19,x28,x26	 x28:0xfb060b8f x26:0x00000000 x19=0x00000000
       24915000	      2490	80003fd4	48987097	auipc	x1,0x48987	  x1=0xc898afd0
       24925000	      2491	80003fd8	02335063	bge	x6,x3,80003ff8	  x6:0x00000517  x3:0xfffffdf9
       24935000	      2492	00000000	00000013	addi	x0,x0,0	  x0:0x00000000
       24945000	      2493	80003ff4	00000013	addi	x0,x0,0	  x0:0x00000000
       24955000	      2494	80003ff8	01533533	sltu	x10,x6,x21	  x6:0x00000517 x21:0xfffffdbf x10=0x00000001
       24965000	      2495	80003ffc	01f65cb3	srl	x25,x12,x31	 x12:0xfb060978 x31:0x00000000 x25=0xfb060978
       24975000	      2496	80004000	84396f93	ori	x31,x18,-1981	 x18:0xbfc2c001 x31=0xfffff843
       24985000	      2497	80004004	416b0133	sub	x2,x22,x22	 x22:0x00000001 x22:0x00000001  x2=0x00000000
       24995000	      2498	80004008	00000013	addi	x0,x0,0	  x0:0x00000000
       25005000	      2499	8000400c	d5e10513	addi	x10,x2,-674	  x2:0x00000000 x10=0xfffffd5e
       25015000	      2500	80004010	40ac5733	sra	x14,x24,x10	 x24:0x00000000 x10:0xfffffd5e x14=0x00000000
       25025000	      2501	80004014	417a5f13	srai	x30,x20,0x17	 x20:0x00000000 x30=0x00000000
       25035000	      2502	80004018	014212b3	sll	x5,x4,x20	  x4:0x02006280 x20:0x00000000  x5=0x02006280
       25045000	      2503	8000401c	00aa8cb3	add	x25,x21,x10	 x21:0xfffffdbf x10:0xfffffd5e x25=0xfffffb1d
       25055000	      2504	80004020	00706a63	bltu	x0,x7,80004034	  x0:0x00000000  x7:0x80009fc4
       25065000	      2505	00000000	00000013	addi	x0,x0,0	  x0:0x00000000
       25075000	      2506	80004030	00000013	addi	x0,x0,0	  x0:0x00000000
       25085000	      2507	80004034	00000013	addi	x0,x0,0	  x0:0x00000000
       25095000	      2508	80004038	3da43193	sltiu	x3,x8,986	  x8:0x00000001  x3=0x00000001
       25105000	      2509	8000403c	015bfdb3	and	x27,x23,x21	 x23:0x80009f78 x21:0xfffffdbf x27=0x80009d38
       25115000	      2510	80004040	524b4313	xori	x6,x22,1316	 x22:0x00000001  x6=0x00000525
       25125000	      2511	80004044	9bb13d13	sltiu	x26,x2,-1605	  x2:0x00000000 x26=0x00000001
       25135000	      2512	80004048	70fa4113	xori	x2,x20,1807	 x20:0x00000000  x2=0x0000070f
       25145000	      2513	8000404c	0140036f	jal	x6,8000404c	  x6=0x8000404c
       25155000	      2514	00000000	00000013	addi	x0,x0,0	  x0:0x00000000
       25165000	      2515	8000405c	00000013	addi	x0,x0,0	  x0:0x00000000
       25175000	      2516	80004060	004000ef	jal	x1,80004060	  x1=0x80004060
       25185000	      2517	00000000	00000013	addi	x0,x0,0	  x0:0x00000000
       25195000	      2518	80004060	00000013	addi	x0,x0,0	  x0:0x00000000
       25205000	      2519	80004064	01c0036f	jal	x6,80004064	  x6=0x80004064
       25215000	      2520	00000000	00000013	addi	x0,x0,0	  x0:0x00000000
       25225000	      2521	8000407c	00000013	addi	x0,x0,0	  x0:0x00000000
       25235000	      2522	80004080	00c000ef	jal	x1,80004080	  x1=0x80004080
       25245000	      2523	00000000	00000013	addi	x0,x0,0	  x0:0x00000000
       25255000	      2524	80004088	00000013	addi	x0,x0,0	  x0:0x00000000
       25265000	      2525	8000408c	fe9ff1ef	jal	x3,8000408c	  x3=0x8000408c
       25275000	      2526	00000000	00000013	addi	x0,x0,0	  x0:0x00000000
       25285000	      2527	80004070	00000013	addi	x0,x0,0	  x0:0x00000000
       25295000	      2528	80004074	008000ef	jal	x1,80004074	  x1=0x80004074
       25305000	      2529	00000000	00000013	addi	x0,x0,0	  x0:0x00000000
       25315000	      2530	80004078	00000013	addi	x0,x0,0	  x0:0x00000000
       25325000	      2531	8000407c	fddff0ef	jal	x1,8000407c	  x1=0x8000407c
       25335000	      2532	00000000	00000013	addi	x0,x0,0	  x0:0x00000000
       25345000	      2533	80004054	00000013	addi	x0,x0,0	  x0:0x00000000
       25355000	      2534	80004058	0100036f	jal	x6,80004058	  x6=0x80004058
       25365000	      2535	00000000	00000013	addi	x0,x0,0	  x0:0x00000000
       25375000	      2536	80004064	00000013	addi	x0,x0,0	  x0:0x00000000
       25385000	      2537	80004068	ff5ff0ef	jal	x1,80004068	  x1=0x80004068
       25395000	      2538	00000000	00000013	addi	x0,x0,0	  x0:0x00000000
       25405000	      2539	80004058	00000013	addi	x0,x0,0	  x0:0x00000000
       25415000	      2540	8000405c	014000ef	jal	x1,8000405c	  x1=0x8000405c
       25425000	      2541	00000000	00000013	addi	x0,x0,0	  x0:0x00000000
       25435000	      2542	8000406c	00000013	addi	x0,x0,0	  x0:0x00000000
       25445000	      2543	80004070	014000ef	jal	x1,80004070	  x1=0x80004070
       25455000	      2544	00000000	00000013	addi	x0,x0,0	  x0:0x00000000
       25465000	      2545	80004080	00000013	addi	x0,x0,0	  x0:0x00000000
       25475000	      2546	80004084	fcdff0ef	jal	x1,80004084	  x1=0x80004084
       25485000	      2547	00000000	00000013	addi	x0,x0,0	  x0:0x00000000
       25495000	      2548	8000404c	00000013	addi	x0,x0,0	  x0:0x00000000
       25505000	      2549	80004050	038000ef	jal	x1,80004050	  x1=0x80004050
       25515000	      2550	00000000	00000013	addi	x0,x0,0	  x0:0x00000000
       25525000	      2551	80004084	00000013	addi	x0,x0,0	  x0:0x00000000
       25535000	      2552	80004088	fcdff0ef	jal	x1,80004088	  x1=0x80004088
       25545000	      2553	00000000	00000013	addi	x0,x0,0	  x0:0x00000000
       25555000	      2554	80004050	00000013	addi	x0,x0,0	  x0:0x00000000
       25565000	      2555	80004054	024000ef	jal	x1,80004054	  x1=0x80004054
       25575000	      2556	00000000	00000013	addi	x0,x0,0	  x0:0x00000000
       25585000	      2557	80004074	00000013	addi	x0,x0,0	  x0:0x00000000
       25595000	      2558	80004078	ff5ff0ef	jal	x1,80004078	  x1=0x80004078
       25605000	      2559	00000000	00000013	addi	x0,x0,0	  x0:0x00000000
       25615000	      2560	80004068	00000013	addi	x0,x0,0	  x0:0x00000000
       25625000	      2561	8000406c	024000ef	jal	x1,8000406c	  x1=0x8000406c
       25635000	      2562	00000000	00000013	addi	x0,x0,0	  x0:0x00000000
       25645000	      2563	8000408c	00000013	addi	x0,x0,0	  x0:0x00000000
       25655000	      2564	80004090	6bcf00b7	lui	x1,0x6bcf0	  x1=0x6bcf0000
       25665000	      2565	80004094	40575fb3	sra	x31,x14,x5	 x14:0x00000000  x5:0x02006280 x31=0x00000000
       25675000	      2566	80004098	d1bd4f93	xori	x31,x26,-741	 x26:0x00000001 x31=0xfffffd1a
       25685000	      2567	8000409c	00a30e63	beq	x6,x10,800040b8	  x6:0x80004058 x10:0xfffffd5e
       25695000	      2568	800040a0	02325e63	bge	x4,x3,800040dc	  x4:0x02006280  x3:0x8000408c
       25705000	      2569	00000000	00000013	addi	x0,x0,0	  x0:0x00000000
       25715000	      2570	800040d8	00000013	addi	x0,x0,0	  x0:0x00000000
       25725000	      2571	800040dc	27b3ec13	ori	x24,x7,635	  x7:0x80009fc4 x24=0x80009fff
       25735000	      2572	800040e0	016b0a63	beq	x22,x22,800040f4	 x22:0x00000001 x22:0x00000001
       25745000	      2573	00000000	00000013	addi	x0,x0,0	  x0:0x00000000
       25755000	      2574	800040f0	00000013	addi	x0,x0,0	  x0:0x00000000
       25765000	      2575	800040f4	01c92133	slt	x2,x18,x28	 x18:0xbfc2c001 x28:0xfb060b8f  x2=0x00000001
       25775000	      2576	800040f8	03d25e63	bge	x4,x29,80004134	  x4:0x02006280 x29:0x00000000
       25785000	      2577	00000000	00000013	addi	x0,x0,0	  x0:0x00000000
       25795000	      2578	80004130	00000013	addi	x0,x0,0	  x0:0x00000000
       25805000	      2579	80004134	025e1263	bne	x28,x5,80004158	 x28:0xfb060b8f  x5:0x02006280
       25815000	      2580	00000000	00000013	addi	x0,x0,0	  x0:0x00000000
       25825000	      2581	80004154	00000013	addi	x0,x0,0	  x0:0x00000000
       25835000	      2582	80004158	41f70db3	sub	x27,x14,x31	 x14:0x00000000 x31:0xfffffd1a x27=0x000002e6
       25845000	      2583	8000415c	013b91b3	sll	x3,x23,x19	 x23:0x80009f78 x19:0x00000000  x3=0x80009f78
       25855000	      2584	80004160	30bb2993	slti	x19,x22,779	 x22:0x00000001 x19=0x00000001
       25865000	      2585	80004164	9d08bf13	sltiu	x30,x17,-1584	 x17:0x86e03000 x30=0x00000001
       25875000	      2586	80004168	007aacb3	slt	x25,x21,x7	 x21:0xfffffdbf  x7:0x80009fc4 x25=0x00000000
       25885000	      2587	8000416c	00021d33	sll	x26,x4,x0	  x4:0x02006280  x0:0x00000000 x26=0x02006280
       25895000	      2588	80004170	82578c13	addi	x24,x15,-2011	 x15:0x0001f60c x24=0x0001ee31
       25905000	      2589	80004174	01446cb3	or	x25,x8,x20	  x8:0x00000001 x20:0x00000000 x25=0x00000001
       25915000	      2590	80004178	40e20433	sub	x8,x4,x14	  x4:0x02006280 x14:0x00000000  x8=0x02006280
       25925000	      2591	8000417c	04b7e863	bltu	x15,x11,800041cc	 x15:0x0001f60c x11:0x00000000
       25935000	      2592	80004180	0176de93	srli	x29,x13,0x17	 x13:0x00000000 x29=0x00000000
       25945000	      2593	80004184	05be7863	bgeu	x28,x27,800041d4	 x28:0xfb060b8f x27:0x000002e6
       25955000	      2594	00000000	00000013	addi	x0,x0,0	  x0:0x00000000
       25965000	      2595	800041d0	00000013	addi	x0,x0,0	  x0:0x00000000
       25975000	      2596	800041d4	01145533	srl	x10,x8,x17	  x8:0x02006280 x17:0x86e03000 x10=0x02006280
       25985000	      2597	800041d8	49498693	addi	x13,x19,1172	 x19:0x00000001 x13=0x00000495
       25995000	      2598	800041dc	f8e8b813	sltiu	x16,x17,-114	 x17:0x86e03000 x16=0x00000001
       26005000	      2599	800041e0	00933ab3	sltu	x21,x6,x9	  x6:0x80004058  x9:0x00000000 x21=0x00000000
       26015000	      2600	800041e4	0127d813	srli	x16,x15,0x12	 x15:0x0001f60c x16=0x00000000
       26025000	      2601	800041e8	01298433	add	x8,x19,x18	 x19:0x00000001 x18:0xbfc2c001  x8=0xbfc2c002
       26035000	      2602	800041ec	41bb8fb3	sub	x31,x23,x27	 x23:0x80009f78 x27:0x000002e6 x31=0x80009c92
       26045000	      2603	800041f0	9fdd8413	addi	x8,x27,-1539	 x27:0x000002e6  x8=0xfffffce3
       26055000	      2604	800041f4	d0fe8637	lui	x12,0xd0fe8	 x12=0xd0fe8000
       26065000	      2605	800041f8	22496613	ori	x12,x18,548	 x18:0xbfc2c001 x12=0xbfc2c225
       26075000	      2606	800041fc	04e64463	blt	x12,x14,80004244	 x12:0xbfc2c225 x14:0x00000000
       26085000	      2607	00000000	00000013	addi	x0,x0,0	  x0:0x00000000
       26095000	      2608	80004240	00000013	addi	x0,x0,0	  x0:0x00000000
       26105000	      2609	80004244	883e0713	addi	x14,x28,-1917	 x28:0xfb060b8f x14=0xfb060412
       26115000	      2610	80004248	410cd133	sra	x2,x25,x16	 x25:0x00000001 x16:0x00000000  x2=0x00000001
       26125000	      2611	8000424c	00428933	add	x18,x5,x4	  x5:0x02006280  x4:0x02006280 x18=0x0400c500
       26135000	      2612	80004250	ee6d2593	slti	x11,x26,-282	 x26:0x02006280 x11=0x00000000
       26145000	      2613	80004254	417c5217	auipc	x4,0x417c5	  x4=0xc17c9250
       26155000	      2614	80004258	023a6263	bltu	x20,x3,8000427c	 x20:0x00000000  x3:0x80009f78
       26165000	      2615	00000000	00000013	addi	x0,x0,0	  x0:0x00000000
       26175000	      2616	80004278	00000013	addi	x0,x0,0	  x0:0x00000000
       26185000	      2617	8000427c	00000013	addi	x0,x0,0	  x0:0x00000000
       26195000	      2618	80004280	013cc463	blt	x25,x19,80004288	 x25:0x00000001 x19:0x00000001
       26205000	      2619	80004284	00564133	xor	x2,x12,x5	 x12:0xbfc2c225  x5:0x02006280  x2=0xbdc2a0a5
       26215000	      2620	80004288	01da1933	sll	x18,x20,x29	 x20:0x00000000 x29:0x00000000 x18=0x00000000
       26225000	      2621	8000428c	023d5e63	bge	x26,x3,800042c8	 x26:0x02006280  x3:0x80009f78
       26235000	      2622	00000000	00000013	addi	x0,x0,0	  x0:0x00000000
       26245000	      2623	800042c4	00000013	addi	x0,x0,0	  x0:0x00000000
       26255000	      2624	800042c8	aa6bfa93	andi	x21,x23,-1370	 x23:0x80009f78 x21=0x80009a20
       26265000	      2625	800042cc	eb266d13	ori	x26,x12,-334	 x12:0xbfc2c225 x26=0xfffffeb7
       26275000	      2626	800042d0	88c84193	xori	x3,x16,-1908	 x16:0x00000000  x3=0xfffff88c
       26285000	      2627	800042d4	9d54a217	auipc	x4,0x9d54a	  x4=0x1d54e2d0
       26295000	      2628	800042d8	0108d513	srli	x10,x17,0x10	 x17:0x86e03000 x10=0x000086e0
       26305000	      2629	800042dc	03cc4663	blt	x24,x28,80004308	 x24:0x0001ee31 x28:0xfb060b8f
       26315000	      2630	800042e0	00c51733	sll	x14,x10,x12	 x10:0x000086e0 x12:0xbfc2c225 x14=0x0010dc00
       26325000	      2631	800042e4	002f6033	or	x0,x30,x2	 x30:0x00000001  x2:0xbdc2a0a5
       26335000	      2632	800042e8	03fa5e63	bge	x20,x31,80004324	 x20:0x00000000 x31:0x80009c92
       26345000	      2633	00000000	00000013	addi	x0,x0,0	  x0:0x00000000
       26355000	      2634	80004320	00000013	addi	x0,x0,0	  x0:0x00000000
       26365000	      2635	80004324	03a55e63	bge	x10,x26,80004360	 x10:0x000086e0 x26:0xfffffeb7
       26375000	      2636	00000000	00000013	addi	x0,x0,0	  x0:0x00000000
       26385000	      2637	8000435c	00000013	addi	x0,x0,0	  x0:0x00000000
       26395000	      2638	80004360	00421633	sll	x12,x4,x4	  x4:0x1d54e2d0  x4:0x1d54e2d0 x12=0xe2d00000
       26405000	      2639	80004364	44a53713	sltiu	x14,x10,1098	 x10:0x000086e0 x14=0x00000000
       26415000	      2640	80004368	41fd55b3	sra	x11,x26,x31	 x26:0xfffffeb7 x31:0x80009c92 x11=0xffffffff
       26425000	      2641	8000436c	036f8063	beq	x31,x22,8000438c	 x31:0x80009c92 x22:0x00000001
       26435000	      2642	80004370	00c71613	slli	x12,x14,0xc	 x14:0x00000000 x12=0x00000000
       26445000	      2643	80004374	01421213	slli	x4,x4,0x14	  x4:0x1d54e2d0  x4=0x2d000000
       26455000	      2644	80004378	1589cd13	xori	x26,x19,344	 x19:0x00000001 x26=0x00000159
       26465000	      2645	8000437c	a452ad93	slti	x27,x5,-1467	  x5:0x02006280 x27=0x00000000
       26475000	      2646	80004380	00ea5e63	bge	x20,x14,8000439c	 x20:0x00000000 x14:0x00000000
       26485000	      2647	00000000	00000013	addi	x0,x0,0	  x0:0x00000000
       26495000	      2648	80004398	00000013	addi	x0,x0,0	  x0:0x00000000
       26505000	      2649	8000439c	01e54ab3	xor	x21,x10,x30	 x10:0x000086e0 x30:0x00000001 x21=0x000086e1
       26515000	      2650	800043a0	0465c463	blt	x11,x6,800043e8	 x11:0xffffffff  x6:0x80004058
       26525000	      2651	800043a4	018b34b3	sltu	x9,x22,x24	 x22:0x00000001 x24:0x0001ee31  x9=0x00000001
       26535000	      2652	800043a8	4086d113	srai	x2,x13,0x8	 x13:0x00000495  x2=0x00000004
       26545000	      2653	800043ac	0156b6b3	sltu	x13,x13,x21	 x13:0x00000495 x21:0x000086e1 x13=0x00000001
       26555000	      2654	800043b0	eeeca413	slti	x8,x25,-274	 x25:0x00000001  x8=0x00000000
       26565000	      2655	800043b4	0157feb3	and	x29,x15,x21	 x15:0x0001f60c x21:0x000086e1 x29=0x00008600
       26575000	      2656	800043b8	01b1c233	xor	x4,x3,x27	  x3:0xfffff88c x27:0x00000000  x4=0xfffff88c
       26585000	      2657	800043bc	413204b3	sub	x9,x4,x19	  x4:0xfffff88c x19:0x00000001  x9=0xfffff88b
       26595000	      2658	800043c0	0078cf33	xor	x30,x17,x7	 x17:0x86e03000  x7:0x80009fc4 x30=0x06e0afc4
       26605000	      2659	800043c4	45b50113	addi	x2,x10,1115	 x10:0x000086e0  x2=0x00008b3b
       26615000	      2660	800043c8	41060ab3	sub	x21,x12,x16	 x12:0x00000000 x16:0x00000000 x21=0x00000000
       26625000	      2661	800043cc	00000013	addi	x0,x0,0	  x0:0x00000000
       26635000	      2662	800043d0	0943cf93	xori	x31,x7,148	  x7:0x80009fc4 x31=0x80009f50
       26645000	      2663	800043d4	bfca2c93	slti	x25,x20,-1028	 x20:0x00000000 x25=0x00000000
       26655000	      2664	800043d8	04bf7863	bgeu	x30,x11,80004428	 x30:0x06e0afc4 x11:0xffffffff
       26665000	      2665	800043dc	82fecd13	xori	x26,x29,-2001	 x29:0x00008600 x26=0xffff7e2f
       26675000	      2666	800043e0	0123a233	slt	x4,x7,x18	  x7:0x80009fc4 x18:0x00000000  x4=0x00000001
       26685000	      2667	800043e4	010c1113	slli	x2,x24,0x10	 x24:0x0001ee31  x2=0xee310000
       26695000	      2668	800043e8	055d6663	bltu	x26,x21,80004434	 x26:0xffff7e2f x21:0x00000000
       26705000	      2669	800043ec	01529a13	slli	x20,x5,0x15	  x5:0x02006280 x20=0x50000000
       26715000	      2670	800043f0	b6556693	ori	x13,x10,-1179	 x10:0x000086e0 x13=0xffffffe5
       26725000	      2671	800043f4	4065df33	sra	x30,x11,x6	 x11:0xffffffff  x6:0x80004058 x30=0xffffffff
       26735000	      2672	800043f8	a45aa513	slti	x10,x21,-1467	 x21:0x00000000 x10=0x00000000
       26745000	      2673	800043fc	40a55613	srai	x12,x10,0xa	 x10:0x00000000 x12=0x00000000
       26755000	      2674	80004400	fb392593	slti	x11,x18,-77	 x18:0x00000000 x11=0x00000000
       26765000	      2675	80004404	01508333	add	x6,x1,x21	  x1:0x6bcf0000 x21:0x00000000  x6=0x6bcf0000
       26775000	      2676	80004408	118fda37	lui	x20,0x118fd	 x20=0x118fd000
       26785000	      2677	8000440c	02d60e63	beq	x12,x13,80004448	 x12:0x00000000 x13:0xffffffe5
       26795000	      2678	80004410	f027e693	ori	x13,x15,-254	 x15:0x0001f60c x13=0xffffff0e
       26805000	      2679	80004414	c74f2c13	slti	x24,x30,-908	 x30:0xffffffff x24=0x00000000
       26815000	      2680	80004418	409a5d13	srai	x26,x20,0x9	 x20:0x118fd000 x26=0x0008c7e8
       26825000	      2681	8000441c	015112b3	sll	x5,x2,x21	  x2:0xee310000 x21:0x00000000  x5=0xee310000
       26835000	      2682	80004420	044f7263	bgeu	x30,x4,80004464	 x30:0xffffffff  x4:0x00000001
       26845000	      2683	00000000	00000013	addi	x0,x0,0	  x0:0x00000000
       26855000	      2684	80004460	00000013	addi	x0,x0,0	  x0:0x00000000
       26865000	      2685	80004464	fad90913	addi	x18,x18,-83	 x18:0x00000000 x18=0xffffffad
       26875000	      2686	80004468	6c5ecf93	xori	x31,x29,1733	 x29:0x00008600 x31=0x000080c5
       26885000	      2687	8000446c	00367463	bgeu	x12,x3,80004474	 x12:0x00000000  x3:0xfffff88c
       26895000	      2688	80004470	008e5533	srl	x10,x28,x8	 x28:0xfb060b8f  x8:0x00000000 x10=0xfb060b8f
       26905000	      2689	80004474	010d1813	slli	x16,x26,0x10	 x26:0x0008c7e8 x16=0xc7e80000
       26915000	      2690	80004478	012e0233	add	x4,x28,x18	 x28:0xfb060b8f x18:0xffffffad  x4=0xfb060b3c
       26925000	      2691	8000447c	01379993	slli	x19,x15,0x13	 x15:0x0001f60c x19=0xb0600000
       26935000	      2692	80004480	b687f293	andi	x5,x15,-1176	 x15:0x0001f60c  x5=0x0001f208
       26945000	      2693	80004484	036fe463	bltu	x31,x22,800044ac	 x31:0x000080c5 x22:0x00000001
       26955000	      2694	80004488	d125a993	slti	x19,x11,-750	 x11:0x00000000 x19=0x00000000
       26965000	      2695	8000448c	4a22ce93	xori	x29,x5,1186	  x5:0x0001f208 x29=0x0001f6aa
       26975000	      2696	80004490	26fa7f93	andi	x31,x20,623	 x20:0x118fd000 x31=0x00000000
       26985000	      2697	80004494	bc55a813	slti	x16,x11,-1083	 x11:0x00000000 x16=0x00000000
       26995000	      2698	80004498	01461a63	bne	x12,x20,800044ac	 x12:0x00000000 x20:0x118fd000
       27005000	      2699	00000000	00000013	addi	x0,x0,0	  x0:0x00000000
       27015000	      2700	800044a8	00000013	addi	x0,x0,0	  x0:0x00000000
       27025000	      2701	800044ac	0021db13	srli	x22,x3,0x2	  x3:0xfffff88c x22=0x3ffffe23
       27035000	      2702	800044b0	004ba303	lw	x6,4(x23)	 x23:0x80009f78  x6=0x80000344 PA:0x80009f7c
       27045000	      2703	800044b4	c4d7e537	lui	x10,0xc4d7e	 x10=0xc4d7e000
       27055000	      2704	800044b8	941b2013	slti	x0,x22,-1727	 x22:0x3ffffe23
       27065000	      2705	800044bc	00e8dc13	srli	x24,x17,0xe	 x17:0x86e03000 x24=0x00021b80
       27075000	      2706	800044c0	00cb8b93	addi	x23,x23,12	 x23:0x80009f78 x23=0x80009f84
       27085000	      2707	800044c4	0195a633	slt	x12,x11,x25	 x11:0x00000000 x25:0x00000000 x12=0x00000000
       27095000	      2708	800044c8	00130593	addi	x11,x6,1	  x6:0x80000344 x11=0x80000345
       27105000	      2709	800044cc	000585e7	jalr	x11,x11,0	 x11:0x80000345 x11=0x800044cc
       27115000	      2710	00000000	00000013	addi	x0,x0,0	  x0:0x00000000
       27125000	      2711	80000344	00000013	addi	x0,x0,0	  x0:0x00000000
       27135000	      2712	80000348	003b5033	srl	x0,x22,x3	 x22:0x3ffffe23  x3:0xfffff88c
       27145000	      2713	8000034c	228e3113	sltiu	x2,x28,552	 x28:0xfb060b8f  x2=0x00000000
       27155000	      2714	80000350	019389b3	add	x19,x7,x25	  x7:0x80009fc4 x25:0x00000000 x19=0x80009fc4
       27165000	      2715	80000354	71206f93	ori	x31,x0,1810	  x0:0x00000000 x31=0x00000712
       27175000	      2716	80000358	00301613	slli	x12,x0,0x3	  x0:0x00000000 x12=0x00000000
       27185000	      2717	8000035c	00eff463	bgeu	x31,x14,80000364	 x31:0x00000712 x14:0x00000000
       27195000	      2718	00000000	00000013	addi	x0,x0,0	  x0:0x00000000
       27205000	      2719	80000360	00000013	addi	x0,x0,0	  x0:0x00000000
       27215000	      2720	80000364	008ed533	srl	x10,x29,x8	 x29:0x0001f6aa  x8:0x00000000 x10=0x0001f6aa
       27225000	      2721	80000368	f55f6817	auipc	x16,0xf55f6	 x16=0x755f6364
       27235000	      2722	8000036c	28c3b293	sltiu	x5,x7,652	  x7:0x80009fc4  x5=0x00000000
       27245000	      2723	80000370	01373a33	sltu	x20,x14,x19	 x14:0x00000000 x19:0x80009fc4 x20=0x00000001
       27255000	      2724	80000374	017137b3	sltu	x15,x2,x23	  x2:0x00000000 x23:0x80009f84 x15=0x00000001
       27265000	      2725	80000378	00d189b3	add	x19,x3,x13	  x3:0xfffff88c x13:0xffffff0e x19=0xfffff79a
       27275000	      2726	8000037c	40ca5133	sra	x2,x20,x12	 x20:0x00000001 x12:0x00000000  x2=0x00000001
       27285000	      2727	80000380	00000013	addi	x0,x0,0	  x0:0x00000000
       27295000	      2728	80000384	01847c63	bgeu	x8,x24,8000039c	  x8:0x00000000 x24:0x00021b80
       27305000	      2729	80000388	01498ab3	add	x21,x19,x20	 x19:0xfffff79a x20:0x00000001 x21=0xfffff79b
       27315000	      2730	8000038c	586ac813	xori	x16,x21,1414	 x21:0xfffff79b x16=0xfffff21d
       27325000	      2731	80000390	094a8793	addi	x15,x21,148	 x21:0xfffff79b x15=0xfffff82f
       27335000	      2732	80000394	40835813	srai	x16,x6,0x8	  x6:0x80000344 x16=0xff800003
       27345000	      2733	80000398	00000013	addi	x0,x0,0	  x0:0x00000000
       27355000	      2734	8000039c	2e73cc93	xori	x25,x7,743	  x7:0x80009fc4 x25=0x80009d23
       27365000	      2735	800003a0	01841c33	sll	x24,x8,x24	  x8:0x00000000 x24:0x00021b80 x24=0x00000000
       27375000	      2736	800003a4	000586b3	add	x13,x11,x0	 x11:0x800044cc  x0:0x00000000 x13=0x800044cc
       27385000	      2737	800003a8	009b9493	slli	x9,x23,0x9	 x23:0x80009f84  x9=0x013f0800
       27395000	      2738	800003ac	012be233	or	x4,x23,x18	 x23:0x80009f84 x18:0xffffffad  x4=0xffffffad
       27405000	      2739	800003b0	9a7599b7	lui	x19,0x9a759	 x19=0x9a759000
       27415000	      2740	800003b4	00f61133	sll	x2,x12,x15	 x12:0x00000000 x15:0xfffff82f  x2=0x00000000
       27425000	      2741	800003b8	00000013	addi	x0,x0,0	  x0:0x00000000
       27435000	      2742	800003bc	02211863	bne	x2,x2,800003ec	  x2:0x00000000  x2:0x00000000
       27445000	      2743	800003c0	031ace63	blt	x21,x17,800003fc	 x21:0xfffff79b x17:0x86e03000
       27455000	      2744	800003c4	02ff7263	bgeu	x30,x15,800003e8	 x30:0xffffffff x15:0xfffff82f
       27465000	      2745	00000000	00000013	addi	x0,x0,0	  x0:0x00000000
       27475000	      2746	800003e4	00000013	addi	x0,x0,0	  x0:0x00000000
       27485000	      2747	800003e8	6e640317	auipc	x6,0x6e640	  x6=0xee6403e4
       27495000	      2748	800003ec	98bc1837	lui	x16,0x98bc1	 x16=0x98bc1000
       27505000	      2749	800003f0	009b5093	srli	x1,x22,0x9	 x22:0x3ffffe23  x1=0x001fffff
       27515000	      2750	800003f4	47d6c813	xori	x16,x13,1149	 x13:0x800044cc x16=0x800040b1
       27525000	      2751	800003f8	039a7863	bgeu	x20,x25,80000428	 x20:0x00000001 x25:0x80009d23
       27535000	      2752	800003fc	00cb0c63	beq	x22,x12,80000414	 x22:0x3ffffe23 x12:0x00000000
       27545000	      2753	80000400	005b9713	slli	x14,x23,0x5	 x23:0x80009f84 x14=0x0013f080
       27555000	      2754	80000404	0e27ea13	ori	x20,x15,226	 x15:0xfffff82f x20=0xfffff8ef
       27565000	      2755	80000408	00fdd033	srl	x0,x27,x15	 x27:0x00000000 x15:0xfffff82f
       27575000	      2756	8000040c	019f0663	beq	x30,x25,80000418	 x30:0xffffffff x25:0x80009d23
       27585000	      2757	80000410	00267eb3	and	x29,x12,x2	 x12:0x00000000  x2:0x00000000 x29=0x00000000
       27595000	      2758	80000414	06d70263	beq	x14,x13,80000478	 x14:0x0013f080 x13:0x800044cc
       27605000	      2759	80000418	079c6663	bltu	x24,x25,80000484	 x24:0x00000000 x25:0x80009d23
       27615000	      2760	00000000	00000013	addi	x0,x0,0	  x0:0x00000000
       27625000	      2761	80000480	00000013	addi	x0,x0,0	  x0:0x00000000
       27635000	      2762	80000484	f5723437	lui	x8,0xf5723	  x8=0xf5723000
       27645000	      2763	80000488	009396b3	sll	x13,x7,x9	  x7:0x80009fc4  x9:0x013f0800 x13=0x80009fc4
       27655000	      2764	8000048c	bffa6293	ori	x5,x20,-1025	 x20:0xfffff8ef  x5=0xfffffbff
       27665000	      2765	80000490	010f1cb3	sll	x25,x30,x16	 x30:0xffffffff x16:0x800040b1 x25=0xfffe0000
       27675000	      2766	80000494	c5e8ae93	slti	x29,x17,-930	 x17:0x86e03000 x29=0x00000001
       27685000	      2767	80000498	02254a63	blt	x10,x2,800004cc	 x10:0x0001f6aa  x2:0x00000000
       27695000	      2768	8000049c	014c1d93	slli	x27,x24,0x14	 x24:0x00000000 x27=0x00000000
       27705000	      2769	800004a0	01a049b3	xor	x19,x0,x26	  x0:0x00000000 x26:0x0008c7e8 x19=0x0008c7e8
       27715000	      2770	800004a4	00000013	addi	x0,x0,0	  x0:0x00000000
       27725000	      2771	800004a8	00022d33	slt	x26,x4,x0	  x4:0xffffffad  x0:0x00000000 x26=0x00000001
       27735000	      2772	800004ac	00ff2833	slt	x16,x30,x15	 x30:0xffffffff x15:0xfffff82f x16=0x00000000
       27745000	      2773	800004b0	5fbc6e93	ori	x29,x24,1531	 x24:0x00000000 x29=0x000005fb
       27755000	      2774	800004b4	009f6233	or	x4,x30,x9	 x30:0xffffffff  x9:0x013f0800  x4=0xffffffff
       27765000	      2775	800004b8	79f51597	auipc	x11,0x79f51	 x11=0xf9f514b4
       27775000	      2776	800004bc	00b1f263	bgeu	x3,x11,800004c0	  x3:0xfffff88c x11:0xf9f514b4
       27785000	      2777	00000000	00000013	addi	x0,x0,0	  x0:0x00000000
       27795000	      2778	800004bc	00000013	addi	x0,x0,0	  x0:0x00000000
       27805000	      2779	800004c0	01d3f333	and	x6,x7,x29	  x7:0x80009fc4 x29:0x000005fb  x6=0x000005c0
       27815000	      2780	800004c4	b1f1aa13	slti	x20,x3,-1249	  x3:0xfffff88c x20=0x00000001
       27825000	      2781	800004c8	008d6263	bltu	x26,x8,800004cc	 x26:0x00000001  x8:0xf5723000
       27835000	      2782	00000000	00000013	addi	x0,x0,0	  x0:0x00000000
       27845000	      2783	800004c8	00000013	addi	x0,x0,0	  x0:0x00000000
       27855000	      2784	800004cc	4f5aa693	slti	x13,x21,1269	 x21:0xfffff79b x13=0x00000001
       27865000	      2785	800004d0	00000e17	auipc	x28,0x0	 x28=0x800004cc
       27875000	      2786	800004d4	00ce0e13	addi	x28,x28,12	 x28:0x800004cc x28=0x800004d8
       27885000	      2787	800004d8	000e0067	jalr	x0,x28,0	 x28:0x800004d8
       27895000	      2788	00000000	00000013	addi	x0,x0,0	  x0:0x00000000
       27905000	      2789	800004d8	00000013	addi	x0,x0,0	  x0:0x00000000
       27915000	      2790	800004dc	00100193	addi	x3,x0,1	  x0:0x00000000  x3=0x00000001
       27925000	      2791	800004e0	00000073	ecall	
       27935000	      2792	800004e4	00ab47b3	xor	x15,x22,x10	 x22:0x3ffffe23 x10:0x0001f6aa x15=0x3ffe0889
