		Time			Cycle	PC		Insn	Decoded instruction	Register and memory contents
          65000	         5	80000004	00000293	addi	x5,x0,0	  x0:0x00000000  x5=0x00000000
          75000	         6	80000008	00000313	addi	x6,x0,0	  x0:0x00000000  x6=0x00000000
          85000	         7	8000000c	00628263	beq	x5,x6,80000010	  x5:0x00000000  x6:0x00000000
          95000	         8	00000000	00000013	addi	x0,x0,0	  x0:0x00000000
         105000	         9	8000000c	00000013	addi	x0,x0,0	  x0:0x00000000
         115000	        10	80000010	00000897	auipc	x17,0x0	 x17=0x8000000c
         125000	        11	80000014	00c88893	addi	x17,x17,12	 x17:0x8000000c x17=0x80000018
         135000	        12	80000018	00088067	jalr	x0,x17,0	 x17:0x80000018
         145000	        13	00000000	00000013	addi	x0,x0,0	  x0:0x00000000
         155000	        14	80000018	00000013	addi	x0,x0,0	  x0:0x00000000
         165000	        15	8000001c	40000837	lui	x16,0x40000	 x16=0x40000000
         175000	        16	80000020	10080813	addi	x16,x16,256	 x16:0x40000000 x16=0x40000100
         185000	        17	80000024	00000013	addi	x0,x0,0	  x0:0x00000000
         195000	        18	80000028	0000ab17	auipc	x22,0xa	 x22=0x8000a024
         205000	        19	8000002c	fa0b0b13	addi	x22,x22,-96	 x22:0x8000a024 x22=0x80009fc4
         215000	        20	80000030	00005817	auipc	x16,0x5	 x16=0x8000502c
         225000	        21	80000034	e6480813	addi	x16,x16,-412	 x16:0x8000502c x16=0x80004e90
         235000	        22	80000038	00186813	ori	x16,x16,1	 x16:0x80004e90 x16=0x80004e91
         245000	        23	8000003c	00000013	addi	x0,x0,0	  x0:0x00000000
         255000	        24	80000040	00000817	auipc	x16,0x0	 x16=0x8000003c
         265000	        25	80000044	02080813	addi	x16,x16,32	 x16:0x8000003c x16=0x8000005c
         275000	        26	80000048	00000013	addi	x0,x0,0	  x0:0x00000000
         285000	        27	8000004c	00000013	addi	x0,x0,0	  x0:0x00000000
         295000	        28	80000050	00002837	lui	x16,0x2	 x16=0x00002000
         305000	        29	80000054	80080813	addi	x16,x16,-2048	 x16:0x00002000 x16=0x00001800
         315000	        30	80000058	00000013	addi	x0,x0,0	  x0:0x00000000
         325000	        31	8000005c	00000013	addi	x0,x0,0	  x0:0x00000000
         335000	        32	80000060	f42fb037	lui	x0,0xf42fb	
         345000	        33	80000064	97c00013	addi	x0,x0,-1668	  x0:0x00000000
         355000	        34	80000068	fb2ea0b7	lui	x1,0xfb2ea	  x1=0xfb2ea000
         365000	        35	8000006c	eca08093	addi	x1,x1,-310	  x1:0xfb2ea000  x1=0xfb2e9eca
         375000	        36	80000070	a7db5137	lui	x2,0xa7db5	  x2=0xa7db5000
         385000	        37	80000074	33610113	addi	x2,x2,822	  x2:0xa7db5000  x2=0xa7db5336
         395000	        38	80000078	00c00193	addi	x3,x0,12	  x0:0x00000000  x3=0x0000000c
         405000	        39	8000007c	00100213	addi	x4,x0,1	  x0:0x00000000  x4=0x00000001
         415000	        40	80000080	00b00293	addi	x5,x0,11	  x0:0x00000000  x5=0x0000000b
         425000	        41	80000084	fb0dd3b7	lui	x7,0xfb0dd	  x7=0xfb0dd000
         435000	        42	80000088	c9138393	addi	x7,x7,-879	  x7:0xfb0dd000  x7=0xfb0dcc91
         445000	        43	8000008c	00000413	addi	x8,x0,0	  x0:0x00000000  x8=0x00000000
         455000	        44	80000090	00b00493	addi	x9,x0,11	  x0:0x00000000  x9=0x0000000b
         465000	        45	80000094	f0214537	lui	x10,0xf0214	 x10=0xf0214000
         475000	        46	80000098	0a450513	addi	x10,x10,164	 x10:0xf0214000 x10=0xf02140a4
         485000	        47	8000009c	00000593	addi	x11,x0,0	  x0:0x00000000 x11=0x00000000
         495000	        48	800000a0	00000613	addi	x12,x0,0	  x0:0x00000000 x12=0x00000000
         505000	        49	800000a4	f628f6b7	lui	x13,0xf628f	 x13=0xf628f000
         515000	        50	800000a8	1ca68693	addi	x13,x13,458	 x13:0xf628f000 x13=0xf628f1ca
         525000	        51	800000ac	f9cd3737	lui	x14,0xf9cd3	 x14=0xf9cd3000
         535000	        52	800000b0	b6a70713	addi	x14,x14,-1174	 x14:0xf9cd3000 x14=0xf9cd2b6a
         545000	        53	800000b4	00000793	addi	x15,x0,0	  x0:0x00000000 x15=0x00000000
         555000	        54	800000b8	00c00813	addi	x16,x0,12	  x0:0x00000000 x16=0x0000000c
         565000	        55	800000bc	00e00893	addi	x17,x0,14	  x0:0x00000000 x17=0x0000000e
         575000	        56	800000c0	6cc62937	lui	x18,0x6cc62	 x18=0x6cc62000
         585000	        57	800000c4	aa190913	addi	x18,x18,-1375	 x18:0x6cc62000 x18=0x6cc61aa1
         595000	        58	800000c8	800009b7	lui	x19,0x80000	 x19=0x80000000
         605000	        59	800000cc	00000a13	addi	x20,x0,0	  x0:0x00000000 x20=0x00000000
         615000	        60	800000d0	9d4b7ab7	lui	x21,0x9d4b7	 x21=0x9d4b7000
         625000	        61	800000d4	981a8a93	addi	x21,x21,-1663	 x21:0x9d4b7000 x21=0x9d4b6981
         635000	        62	800000d8	f1cbfbb7	lui	x23,0xf1cbf	 x23=0xf1cbf000
         645000	        63	800000dc	f35b8b93	addi	x23,x23,-203	 x23:0xf1cbf000 x23=0xf1cbef35
         655000	        64	800000e0	00900c13	addi	x24,x0,9	  x0:0x00000000 x24=0x00000009
         665000	        65	800000e4	00500c93	addi	x25,x0,5	  x0:0x00000000 x25=0x00000005
         675000	        66	800000e8	fbf8ed37	lui	x26,0xfbf8e	 x26=0xfbf8e000
         685000	        67	800000ec	261d0d13	addi	x26,x26,609	 x26:0xfbf8e000 x26=0xfbf8e261
         695000	        68	800000f0	80000db7	lui	x27,0x80000	 x27=0x80000000
         705000	        69	800000f4	00500e13	addi	x28,x0,5	  x0:0x00000000 x28=0x00000005
         715000	        70	800000f8	00100e93	addi	x29,x0,1	  x0:0x00000000 x29=0x00000001
         725000	        71	800000fc	c4e22f37	lui	x30,0xc4e22	 x30=0xc4e22000
         735000	        72	80000100	1f6f0f13	addi	x30,x30,502	 x30:0xc4e22000 x30=0xc4e221f6
         745000	        73	80000104	80000fb7	lui	x31,0x80000	 x31=0x80000000
         755000	        74	80000108	0000a317	auipc	x6,0xa	  x6=0x8000a104
         765000	        75	8000010c	e8030313	addi	x6,x6,-384	  x6:0x8000a104  x6=0x80009f84
         775000	        76	80000110	010000ef	jal	x1,80000110	  x1=0x80000110
         785000	        77	00000000	00000013	addi	x0,x0,0	  x0:0x00000000
         795000	        78	8000011c	00000013	addi	x0,x0,0	  x0:0x00000000
         805000	        79	80000120	00c000ef	jal	x1,80000120	  x1=0x80000120
         815000	        80	00000000	00000013	addi	x0,x0,0	  x0:0x00000000
         825000	        81	80000128	00000013	addi	x0,x0,0	  x0:0x00000000
         835000	        82	8000012c	01000bef	jal	x23,8000012c	 x23=0x8000012c
         845000	        83	00000000	00000013	addi	x0,x0,0	  x0:0x00000000
         855000	        84	80000138	00000013	addi	x0,x0,0	  x0:0x00000000
         865000	        85	8000013c	004000ef	jal	x1,8000013c	  x1=0x8000013c
         875000	        86	00000000	00000013	addi	x0,x0,0	  x0:0x00000000
         885000	        87	8000013c	00000013	addi	x0,x0,0	  x0:0x00000000
         895000	        88	80000140	ff9ff0ef	jal	x1,80000140	  x1=0x80000140
         905000	        89	00000000	00000013	addi	x0,x0,0	  x0:0x00000000
         915000	        90	80000134	00000013	addi	x0,x0,0	  x0:0x00000000
         925000	        91	80000138	fe1ff0ef	jal	x1,80000138	  x1=0x80000138
         935000	        92	00000000	00000013	addi	x0,x0,0	  x0:0x00000000
         945000	        93	80000114	00000013	addi	x0,x0,0	  x0:0x00000000
         955000	        94	80000118	01c000ef	jal	x1,80000118	  x1=0x80000118
         965000	        95	00000000	00000013	addi	x0,x0,0	  x0:0x00000000
         975000	        96	80000130	00000013	addi	x0,x0,0	  x0:0x00000000
         985000	        97	80000134	fe9ff0ef	jal	x1,80000134	  x1=0x80000134
         995000	        98	00000000	00000013	addi	x0,x0,0	  x0:0x00000000
        1005000	        99	80000118	00000013	addi	x0,x0,0	  x0:0x00000000
        1015000	       100	8000011c	00c0046f	jal	x8,8000011c	  x8=0x8000011c
        1025000	       101	00000000	00000013	addi	x0,x0,0	  x0:0x00000000
        1035000	       102	80000124	00000013	addi	x0,x0,0	  x0:0x00000000
        1045000	       103	80000128	008000ef	jal	x1,80000128	  x1=0x80000128
        1055000	       104	00000000	00000013	addi	x0,x0,0	  x0:0x00000000
        1065000	       105	8000012c	00000013	addi	x0,x0,0	  x0:0x00000000
        1075000	       106	80000130	ff5ff0ef	jal	x1,80000130	  x1=0x80000130
        1085000	       107	00000000	00000013	addi	x0,x0,0	  x0:0x00000000
        1095000	       108	80000120	00000013	addi	x0,x0,0	  x0:0x00000000
        1105000	       109	80000124	020001ef	jal	x3,80000124	  x3=0x80000124
        1115000	       110	00000000	00000013	addi	x0,x0,0	  x0:0x00000000
        1125000	       111	80000140	00000013	addi	x0,x0,0	  x0:0x00000000
        1135000	       112	80000144	fd1ff0ef	jal	x1,80000144	  x1=0x80000144
        1145000	       113	00000000	00000013	addi	x0,x0,0	  x0:0x00000000
        1155000	       114	80000110	00000013	addi	x0,x0,0	  x0:0x00000000
        1165000	       115	80000114	03400cef	jal	x25,80000114	 x25=0x80000114
        1175000	       116	00000000	00000013	addi	x0,x0,0	  x0:0x00000000
        1185000	       117	80000144	00000013	addi	x0,x0,0	  x0:0x00000000
        1195000	       118	80000148	48331737	lui	x14,0x48331	 x14=0x48331000
        1205000	       119	8000014c	030000ef	jal	x1,8000014c	  x1=0x8000014c
        1215000	       120	00000000	00000013	addi	x0,x0,0	  x0:0x00000000
        1225000	       121	80000178	00000013	addi	x0,x0,0	  x0:0x00000000
        1235000	       122	8000017c	00c000ef	jal	x1,8000017c	  x1=0x8000017c
        1245000	       123	00000000	00000013	addi	x0,x0,0	  x0:0x00000000
        1255000	       124	80000184	00000013	addi	x0,x0,0	  x0:0x00000000
        1265000	       125	80000188	fe5ff46f	jal	x8,80000188	  x8=0x80000188
        1275000	       126	00000000	00000013	addi	x0,x0,0	  x0:0x00000000
        1285000	       127	80000168	00000013	addi	x0,x0,0	  x0:0x00000000
        1295000	       128	8000016c	024000ef	jal	x1,8000016c	  x1=0x8000016c
        1305000	       129	00000000	00000013	addi	x0,x0,0	  x0:0x00000000
        1315000	       130	8000018c	00000013	addi	x0,x0,0	  x0:0x00000000
        1325000	       131	80000190	ff1ff66f	jal	x12,80000190	 x12=0x80000190
        1335000	       132	00000000	00000013	addi	x0,x0,0	  x0:0x00000000
        1345000	       133	8000017c	00000013	addi	x0,x0,0	  x0:0x00000000
        1355000	       134	80000180	00c0016f	jal	x2,80000180	  x2=0x80000180
        1365000	       135	00000000	00000013	addi	x0,x0,0	  x0:0x00000000
        1375000	       136	80000188	00000013	addi	x0,x0,0	  x0:0x00000000
        1385000	       137	8000018c	fc9ff56f	jal	x10,8000018c	 x10=0x8000018c
        1395000	       138	00000000	00000013	addi	x0,x0,0	  x0:0x00000000
        1405000	       139	80000150	00000013	addi	x0,x0,0	  x0:0x00000000
        1415000	       140	80000154	00c007ef	jal	x15,80000154	 x15=0x80000154
        1425000	       141	00000000	00000013	addi	x0,x0,0	  x0:0x00000000
        1435000	       142	8000015c	00000013	addi	x0,x0,0	  x0:0x00000000
        1445000	       143	80000160	018005ef	jal	x11,80000160	 x11=0x80000160
        1455000	       144	00000000	00000013	addi	x0,x0,0	  x0:0x00000000
        1465000	       145	80000174	00000013	addi	x0,x0,0	  x0:0x00000000
        1475000	       146	80000178	ff9ffdef	jal	x27,80000178	 x27=0x80000178
        1485000	       147	00000000	00000013	addi	x0,x0,0	  x0:0x00000000
        1495000	       148	8000016c	00000013	addi	x0,x0,0	  x0:0x00000000
        1505000	       149	80000170	004002ef	jal	x5,80000170	  x5=0x80000170
        1515000	       150	00000000	00000013	addi	x0,x0,0	  x0:0x00000000
        1525000	       151	80000170	00000013	addi	x0,x0,0	  x0:0x00000000
        1535000	       152	80000174	ff5ff0ef	jal	x1,80000174	  x1=0x80000174
        1545000	       153	00000000	00000013	addi	x0,x0,0	  x0:0x00000000
        1555000	       154	80000164	00000013	addi	x0,x0,0	  x0:0x00000000
        1565000	       155	80000168	ffdff16f	jal	x2,80000168	  x2=0x80000168
        1575000	       156	00000000	00000013	addi	x0,x0,0	  x0:0x00000000
        1585000	       157	80000160	00000013	addi	x0,x0,0	  x0:0x00000000
        1595000	       158	80000164	ff9ff0ef	jal	x1,80000164	  x1=0x80000164
        1605000	       159	00000000	00000013	addi	x0,x0,0	  x0:0x00000000
        1615000	       160	80000158	00000013	addi	x0,x0,0	  x0:0x00000000
        1625000	       161	8000015c	ffdff0ef	jal	x1,8000015c	  x1=0x8000015c
        1635000	       162	00000000	00000013	addi	x0,x0,0	  x0:0x00000000
        1645000	       163	80000154	00000013	addi	x0,x0,0	  x0:0x00000000
        1655000	       164	80000158	02c005ef	jal	x11,80000158	 x11=0x80000158
        1665000	       165	00000000	00000013	addi	x0,x0,0	  x0:0x00000000
        1675000	       166	80000180	00000013	addi	x0,x0,0	  x0:0x00000000
        1685000	       167	80000184	fcdff0ef	jal	x1,80000184	  x1=0x80000184
        1695000	       168	00000000	00000013	addi	x0,x0,0	  x0:0x00000000
        1705000	       169	8000014c	00000013	addi	x0,x0,0	  x0:0x00000000
        1715000	       170	80000150	044000ef	jal	x1,80000150	  x1=0x80000150
        1725000	       171	00000000	00000013	addi	x0,x0,0	  x0:0x00000000
        1735000	       172	80000190	00000013	addi	x0,x0,0	  x0:0x00000000
        1745000	       173	80000194	39244a93	xori	x21,x8,914	  x8:0x80000188 x21=0x8000021a
        1755000	       174	80000198	024000ef	jal	x1,80000198	  x1=0x80000198
        1765000	       175	00000000	00000013	addi	x0,x0,0	  x0:0x00000000
        1775000	       176	800001b8	00000013	addi	x0,x0,0	  x0:0x00000000
        1785000	       177	800001bc	03c000ef	jal	x1,800001bc	  x1=0x800001bc
        1795000	       178	00000000	00000013	addi	x0,x0,0	  x0:0x00000000
        1805000	       179	800001f4	00000013	addi	x0,x0,0	  x0:0x00000000
        1815000	       180	800001f8	fd5ff0ef	jal	x1,800001f8	  x1=0x800001f8
        1825000	       181	00000000	00000013	addi	x0,x0,0	  x0:0x00000000
        1835000	       182	800001c8	00000013	addi	x0,x0,0	  x0:0x00000000
        1845000	       183	800001cc	03c000ef	jal	x1,800001cc	  x1=0x800001cc
        1855000	       184	00000000	00000013	addi	x0,x0,0	  x0:0x00000000
        1865000	       185	80000204	00000013	addi	x0,x0,0	  x0:0x00000000
        1875000	       186	80000208	fc9ff0ef	jal	x1,80000208	  x1=0x80000208
        1885000	       187	00000000	00000013	addi	x0,x0,0	  x0:0x00000000
        1895000	       188	800001cc	00000013	addi	x0,x0,0	  x0:0x00000000
        1905000	       189	800001d0	004000ef	jal	x1,800001d0	  x1=0x800001d0
        1915000	       190	00000000	00000013	addi	x0,x0,0	  x0:0x00000000
        1925000	       191	800001d0	00000013	addi	x0,x0,0	  x0:0x00000000
        1935000	       192	800001d4	fd5ff0ef	jal	x1,800001d4	  x1=0x800001d4
        1945000	       193	00000000	00000013	addi	x0,x0,0	  x0:0x00000000
        1955000	       194	800001a4	00000013	addi	x0,x0,0	  x0:0x00000000
        1965000	       195	800001a8	00c000ef	jal	x1,800001a8	  x1=0x800001a8
        1975000	       196	00000000	00000013	addi	x0,x0,0	  x0:0x00000000
        1985000	       197	800001b0	00000013	addi	x0,x0,0	  x0:0x00000000
        1995000	       198	800001b4	ffdffdef	jal	x27,800001b4	 x27=0x800001b4
        2005000	       199	00000000	00000013	addi	x0,x0,0	  x0:0x00000000
        2015000	       200	800001ac	00000013	addi	x0,x0,0	  x0:0x00000000
        2025000	       201	800001b0	050000ef	jal	x1,800001b0	  x1=0x800001b0
        2035000	       202	00000000	00000013	addi	x0,x0,0	  x0:0x00000000
        2045000	       203	800001fc	00000013	addi	x0,x0,0	  x0:0x00000000
        2055000	       204	80000200	ffdff7ef	jal	x15,80000200	 x15=0x80000200
        2065000	       205	00000000	00000013	addi	x0,x0,0	  x0:0x00000000
        2075000	       206	800001f8	00000013	addi	x0,x0,0	  x0:0x00000000
        2085000	       207	800001fc	fe9ff0ef	jal	x1,800001fc	  x1=0x800001fc
        2095000	       208	00000000	00000013	addi	x0,x0,0	  x0:0x00000000
        2105000	       209	800001e0	00000013	addi	x0,x0,0	  x0:0x00000000
        2115000	       210	800001e4	028000ef	jal	x1,800001e4	  x1=0x800001e4
        2125000	       211	00000000	00000013	addi	x0,x0,0	  x0:0x00000000
        2135000	       212	80000208	00000013	addi	x0,x0,0	  x0:0x00000000
        2145000	       213	8000020c	fddffdef	jal	x27,8000020c	 x27=0x8000020c
        2155000	       214	00000000	00000013	addi	x0,x0,0	  x0:0x00000000
        2165000	       215	800001e4	00000013	addi	x0,x0,0	  x0:0x00000000
        2175000	       216	800001e8	00c000ef	jal	x1,800001e8	  x1=0x800001e8
        2185000	       217	00000000	00000013	addi	x0,x0,0	  x0:0x00000000
        2195000	       218	800001f0	00000013	addi	x0,x0,0	  x0:0x00000000
        2205000	       219	800001f4	fb9ff0ef	jal	x1,800001f4	  x1=0x800001f4
        2215000	       220	00000000	00000013	addi	x0,x0,0	  x0:0x00000000
        2225000	       221	800001a8	00000013	addi	x0,x0,0	  x0:0x00000000
        2235000	       222	800001ac	044000ef	jal	x1,800001ac	  x1=0x800001ac
        2245000	       223	00000000	00000013	addi	x0,x0,0	  x0:0x00000000
        2255000	       224	800001ec	00000013	addi	x0,x0,0	  x0:0x00000000
        2265000	       225	800001f0	ff1ff4ef	jal	x9,800001f0	  x9=0x800001f0
        2275000	       226	00000000	00000013	addi	x0,x0,0	  x0:0x00000000
        2285000	       227	800001dc	00000013	addi	x0,x0,0	  x0:0x00000000
        2295000	       228	800001e0	030000ef	jal	x1,800001e0	  x1=0x800001e0
        2305000	       229	00000000	00000013	addi	x0,x0,0	  x0:0x00000000
        2315000	       230	8000020c	00000013	addi	x0,x0,0	  x0:0x00000000
        2325000	       231	80000210	f95ff0ef	jal	x1,80000210	  x1=0x80000210
        2335000	       232	00000000	00000013	addi	x0,x0,0	  x0:0x00000000
        2345000	       233	800001a0	00000013	addi	x0,x0,0	  x0:0x00000000
        2355000	       234	800001a4	ffdffa6f	jal	x20,800001a4	 x20=0x800001a4
        2365000	       235	00000000	00000013	addi	x0,x0,0	  x0:0x00000000
        2375000	       236	8000019c	00000013	addi	x0,x0,0	  x0:0x00000000
        2385000	       237	800001a0	0380016f	jal	x2,800001a0	  x2=0x800001a0
        2395000	       238	00000000	00000013	addi	x0,x0,0	  x0:0x00000000
        2405000	       239	800001d4	00000013	addi	x0,x0,0	  x0:0x00000000
        2415000	       240	800001d8	0040016f	jal	x2,800001d8	  x2=0x800001d8
        2425000	       241	00000000	00000013	addi	x0,x0,0	  x0:0x00000000
        2435000	       242	800001d8	00000013	addi	x0,x0,0	  x0:0x00000000
        2445000	       243	800001dc	fedff26f	jal	x4,800001dc	  x4=0x800001dc
        2455000	       244	00000000	00000013	addi	x0,x0,0	  x0:0x00000000
        2465000	       245	800001c4	00000013	addi	x0,x0,0	  x0:0x00000000
        2475000	       246	800001c8	024000ef	jal	x1,800001c8	  x1=0x800001c8
        2485000	       247	00000000	00000013	addi	x0,x0,0	  x0:0x00000000
        2495000	       248	800001e8	00000013	addi	x0,x0,0	  x0:0x00000000
        2505000	       249	800001ec	fcdff0ef	jal	x1,800001ec	  x1=0x800001ec
        2515000	       250	00000000	00000013	addi	x0,x0,0	  x0:0x00000000
        2525000	       251	800001b4	00000013	addi	x0,x0,0	  x0:0x00000000
        2535000	       252	800001b8	008000ef	jal	x1,800001b8	  x1=0x800001b8
        2545000	       253	00000000	00000013	addi	x0,x0,0	  x0:0x00000000
        2555000	       254	800001bc	00000013	addi	x0,x0,0	  x0:0x00000000
        2565000	       255	800001c0	004000ef	jal	x1,800001c0	  x1=0x800001c0
        2575000	       256	00000000	00000013	addi	x0,x0,0	  x0:0x00000000
        2585000	       257	800001c0	00000013	addi	x0,x0,0	  x0:0x00000000
        2595000	       258	800001c4	040000ef	jal	x1,800001c4	  x1=0x800001c4
        2605000	       259	00000000	00000013	addi	x0,x0,0	  x0:0x00000000
        2615000	       260	80000200	00000013	addi	x0,x0,0	  x0:0x00000000
        2625000	       261	80000204	f99ff0ef	jal	x1,80000204	  x1=0x80000204
        2635000	       262	00000000	00000013	addi	x0,x0,0	  x0:0x00000000
        2645000	       263	80000198	00000013	addi	x0,x0,0	  x0:0x00000000
        2655000	       264	8000019c	078000ef	jal	x1,8000019c	  x1=0x8000019c
        2665000	       265	00000000	00000013	addi	x0,x0,0	  x0:0x00000000
        2675000	       266	80000210	00000013	addi	x0,x0,0	  x0:0x00000000
        2685000	       267	80000214	0019e833	or	x16,x19,x1	 x19:0x80000000  x1:0x8000019c x16=0x8000019c
        2695000	       268	80000218	054000ef	jal	x1,80000218	  x1=0x80000218
        2705000	       269	00000000	00000013	addi	x0,x0,0	  x0:0x00000000
        2715000	       270	80000268	00000013	addi	x0,x0,0	  x0:0x00000000
        2725000	       271	8000026c	fb5fff6f	jal	x30,8000026c	 x30=0x8000026c
        2735000	       272	00000000	00000013	addi	x0,x0,0	  x0:0x00000000
        2745000	       273	8000021c	00000013	addi	x0,x0,0	  x0:0x00000000
        2755000	       274	80000220	01c000ef	jal	x1,80000220	  x1=0x80000220
        2765000	       275	00000000	00000013	addi	x0,x0,0	  x0:0x00000000
        2775000	       276	80000238	00000013	addi	x0,x0,0	  x0:0x00000000
        2785000	       277	8000023c	ff9ff86f	jal	x16,8000023c	 x16=0x8000023c
        2795000	       278	00000000	00000013	addi	x0,x0,0	  x0:0x00000000
        2805000	       279	80000230	00000013	addi	x0,x0,0	  x0:0x00000000
        2815000	       280	80000234	030001ef	jal	x3,80000234	  x3=0x80000234
        2825000	       281	00000000	00000013	addi	x0,x0,0	  x0:0x00000000
        2835000	       282	80000260	00000013	addi	x0,x0,0	  x0:0x00000000
        2845000	       283	80000264	fe1ff5ef	jal	x11,80000264	 x11=0x80000264
        2855000	       284	00000000	00000013	addi	x0,x0,0	  x0:0x00000000
        2865000	       285	80000240	00000013	addi	x0,x0,0	  x0:0x00000000
        2875000	       286	80000244	fedffd6f	jal	x26,80000244	 x26=0x80000244
        2885000	       287	00000000	00000013	addi	x0,x0,0	  x0:0x00000000
        2895000	       288	8000022c	00000013	addi	x0,x0,0	  x0:0x00000000
        2905000	       289	80000230	024000ef	jal	x1,80000230	  x1=0x80000230
        2915000	       290	00000000	00000013	addi	x0,x0,0	  x0:0x00000000
        2925000	       291	80000250	00000013	addi	x0,x0,0	  x0:0x00000000
        2935000	       292	80000254	028000ef	jal	x1,80000254	  x1=0x80000254
        2945000	       293	00000000	00000013	addi	x0,x0,0	  x0:0x00000000
        2955000	       294	80000278	00000013	addi	x0,x0,0	  x0:0x00000000
        2965000	       295	8000027c	fedff0ef	jal	x1,8000027c	  x1=0x8000027c
        2975000	       296	00000000	00000013	addi	x0,x0,0	  x0:0x00000000
        2985000	       297	80000264	00000013	addi	x0,x0,0	  x0:0x00000000
        2995000	       298	80000268	fd9ff0ef	jal	x1,80000268	  x1=0x80000268
        3005000	       299	00000000	00000013	addi	x0,x0,0	  x0:0x00000000
        3015000	       300	8000023c	00000013	addi	x0,x0,0	  x0:0x00000000
        3025000	       301	80000240	0200016f	jal	x2,80000240	  x2=0x80000240
        3035000	       302	00000000	00000013	addi	x0,x0,0	  x0:0x00000000
        3045000	       303	8000025c	00000013	addi	x0,x0,0	  x0:0x00000000
        3055000	       304	80000260	014000ef	jal	x1,80000260	  x1=0x80000260
        3065000	       305	00000000	00000013	addi	x0,x0,0	  x0:0x00000000
        3075000	       306	80000270	00000013	addi	x0,x0,0	  x0:0x00000000
        3085000	       307	80000274	fe9ff0ef	jal	x1,80000274	  x1=0x80000274
        3095000	       308	00000000	00000013	addi	x0,x0,0	  x0:0x00000000
        3105000	       309	80000258	00000013	addi	x0,x0,0	  x0:0x00000000
        3115000	       310	8000025c	fddff0ef	jal	x1,8000025c	  x1=0x8000025c
        3125000	       311	00000000	00000013	addi	x0,x0,0	  x0:0x00000000
        3135000	       312	80000234	00000013	addi	x0,x0,0	  x0:0x00000000
        3145000	       313	80000238	010000ef	jal	x1,80000238	  x1=0x80000238
        3155000	       314	00000000	00000013	addi	x0,x0,0	  x0:0x00000000
        3165000	       315	80000244	00000013	addi	x0,x0,0	  x0:0x00000000
        3175000	       316	80000248	fd5ff2ef	jal	x5,80000248	  x5=0x80000248
        3185000	       317	00000000	00000013	addi	x0,x0,0	  x0:0x00000000
        3195000	       318	80000218	00000013	addi	x0,x0,0	  x0:0x00000000
        3205000	       319	8000021c	05c000ef	jal	x1,8000021c	  x1=0x8000021c
        3215000	       320	00000000	00000013	addi	x0,x0,0	  x0:0x00000000
        3225000	       321	80000274	00000013	addi	x0,x0,0	  x0:0x00000000
        3235000	       322	80000278	fd5ff0ef	jal	x1,80000278	  x1=0x80000278
        3245000	       323	00000000	00000013	addi	x0,x0,0	  x0:0x00000000
        3255000	       324	80000248	00000013	addi	x0,x0,0	  x0:0x00000000
        3265000	       325	8000024c	024000ef	jal	x1,8000024c	  x1=0x8000024c
        3275000	       326	00000000	00000013	addi	x0,x0,0	  x0:0x00000000
        3285000	       327	8000026c	00000013	addi	x0,x0,0	  x0:0x00000000
        3295000	       328	80000270	fe9ff4ef	jal	x9,80000270	  x9=0x80000270
        3305000	       329	00000000	00000013	addi	x0,x0,0	  x0:0x00000000
        3315000	       330	80000254	00000013	addi	x0,x0,0	  x0:0x00000000
        3325000	       331	80000258	fd5ff0ef	jal	x1,80000258	  x1=0x80000258
        3335000	       332	00000000	00000013	addi	x0,x0,0	  x0:0x00000000
        3345000	       333	80000228	00000013	addi	x0,x0,0	  x0:0x00000000
        3355000	       334	8000022c	024000ef	jal	x1,8000022c	  x1=0x8000022c
        3365000	       335	00000000	00000013	addi	x0,x0,0	  x0:0x00000000
        3375000	       336	8000024c	00000013	addi	x0,x0,0	  x0:0x00000000
        3385000	       337	80000250	fd9ff0ef	jal	x1,80000250	  x1=0x80000250
        3395000	       338	00000000	00000013	addi	x0,x0,0	  x0:0x00000000
        3405000	       339	80000224	00000013	addi	x0,x0,0	  x0:0x00000000
        3415000	       340	80000228	ffdff0ef	jal	x1,80000228	  x1=0x80000228
        3425000	       341	00000000	00000013	addi	x0,x0,0	  x0:0x00000000
        3435000	       342	80000220	00000013	addi	x0,x0,0	  x0:0x00000000
        3445000	       343	80000224	05c000ef	jal	x1,80000224	  x1=0x80000224
        3455000	       344	00000000	00000013	addi	x0,x0,0	  x0:0x00000000
        3465000	       345	8000027c	00000013	addi	x0,x0,0	  x0:0x00000000
        3475000	       346	80000280	01520fb3	add	x31,x4,x21	  x4:0x800001dc x21:0x8000021a x31=0x000003f6
        3485000	       347	80000284	020000ef	jal	x1,80000284	  x1=0x80000284
        3495000	       348	00000000	00000013	addi	x0,x0,0	  x0:0x00000000
        3505000	       349	800002a0	00000013	addi	x0,x0,0	  x0:0x00000000
        3515000	       350	800002a4	00c0076f	jal	x14,800002a4	 x14=0x800002a4
        3525000	       351	00000000	00000013	addi	x0,x0,0	  x0:0x00000000
        3535000	       352	800002ac	00000013	addi	x0,x0,0	  x0:0x00000000
        3545000	       353	800002b0	00c00fef	jal	x31,800002b0	 x31=0x800002b0
        3555000	       354	00000000	00000013	addi	x0,x0,0	  x0:0x00000000
        3565000	       355	800002b8	00000013	addi	x0,x0,0	  x0:0x00000000
        3575000	       356	800002bc	fe1ff0ef	jal	x1,800002bc	  x1=0x800002bc
        3585000	       357	00000000	00000013	addi	x0,x0,0	  x0:0x00000000
        3595000	       358	80000298	00000013	addi	x0,x0,0	  x0:0x00000000
        3605000	       359	8000029c	ff5ff16f	jal	x2,8000029c	  x2=0x8000029c
        3615000	       360	00000000	00000013	addi	x0,x0,0	  x0:0x00000000
        3625000	       361	8000028c	00000013	addi	x0,x0,0	  x0:0x00000000
        3635000	       362	80000290	ffdff0ef	jal	x1,80000290	  x1=0x80000290
        3645000	       363	00000000	00000013	addi	x0,x0,0	  x0:0x00000000
        3655000	       364	80000288	00000013	addi	x0,x0,0	  x0:0x00000000
        3665000	       365	8000028c	01c000ef	jal	x1,8000028c	  x1=0x8000028c
        3675000	       366	00000000	00000013	addi	x0,x0,0	  x0:0x00000000
        3685000	       367	800002a4	00000013	addi	x0,x0,0	  x0:0x00000000
        3695000	       368	800002a8	ff9ff0ef	jal	x1,800002a8	  x1=0x800002a8
        3705000	       369	00000000	00000013	addi	x0,x0,0	  x0:0x00000000
        3715000	       370	8000029c	00000013	addi	x0,x0,0	  x0:0x00000000
        3725000	       371	800002a0	fe9ffaef	jal	x21,800002a0	 x21=0x800002a0
        3735000	       372	00000000	00000013	addi	x0,x0,0	  x0:0x00000000
        3745000	       373	80000284	00000013	addi	x0,x0,0	  x0:0x00000000
        3755000	       374	80000288	02c000ef	jal	x1,80000288	  x1=0x80000288
        3765000	       375	00000000	00000013	addi	x0,x0,0	  x0:0x00000000
        3775000	       376	800002b0	00000013	addi	x0,x0,0	  x0:0x00000000
        3785000	       377	800002b4	004001ef	jal	x3,800002b4	  x3=0x800002b4
        3795000	       378	00000000	00000013	addi	x0,x0,0	  x0:0x00000000
        3805000	       379	800002b4	00000013	addi	x0,x0,0	  x0:0x00000000
        3815000	       380	800002b8	fe1ff0ef	jal	x1,800002b8	  x1=0x800002b8
        3825000	       381	00000000	00000013	addi	x0,x0,0	  x0:0x00000000
        3835000	       382	80000294	00000013	addi	x0,x0,0	  x0:0x00000000
        3845000	       383	80000298	0140096f	jal	x18,80000298	 x18=0x80000298
        3855000	       384	00000000	00000013	addi	x0,x0,0	  x0:0x00000000
        3865000	       385	800002a8	00000013	addi	x0,x0,0	  x0:0x00000000
        3875000	       386	800002ac	fe9ff0ef	jal	x1,800002ac	  x1=0x800002ac
        3885000	       387	00000000	00000013	addi	x0,x0,0	  x0:0x00000000
        3895000	       388	80000290	00000013	addi	x0,x0,0	  x0:0x00000000
        3905000	       389	80000294	02c000ef	jal	x1,80000294	  x1=0x80000294
        3915000	       390	00000000	00000013	addi	x0,x0,0	  x0:0x00000000
        3925000	       391	800002bc	00000013	addi	x0,x0,0	  x0:0x00000000
        3935000	       392	800002c0	41d3d213	srai	x4,x7,0x1d	  x7:0xfb0dcc91  x4=0xffffffff
        3945000	       393	800002c4	024000ef	jal	x1,800002c4	  x1=0x800002c4
        3955000	       394	00000000	00000013	addi	x0,x0,0	  x0:0x00000000
        3965000	       395	800002e4	00000013	addi	x0,x0,0	  x0:0x00000000
        3975000	       396	800002e8	024001ef	jal	x3,800002e8	  x3=0x800002e8
        3985000	       397	00000000	00000013	addi	x0,x0,0	  x0:0x00000000
        3995000	       398	80000308	00000013	addi	x0,x0,0	  x0:0x00000000
        4005000	       399	8000030c	fc5ff0ef	jal	x1,8000030c	  x1=0x8000030c
        4015000	       400	00000000	00000013	addi	x0,x0,0	  x0:0x00000000
        4025000	       401	800002cc	00000013	addi	x0,x0,0	  x0:0x00000000
        4035000	       402	800002d0	ffdfff6f	jal	x30,800002d0	 x30=0x800002d0
        4045000	       403	00000000	00000013	addi	x0,x0,0	  x0:0x00000000
        4055000	       404	800002c8	00000013	addi	x0,x0,0	  x0:0x00000000
        4065000	       405	800002cc	028000ef	jal	x1,800002cc	  x1=0x800002cc
        4075000	       406	00000000	00000013	addi	x0,x0,0	  x0:0x00000000
        4085000	       407	800002f0	00000013	addi	x0,x0,0	  x0:0x00000000
        4095000	       408	800002f4	fe9ff0ef	jal	x1,800002f4	  x1=0x800002f4
        4105000	       409	00000000	00000013	addi	x0,x0,0	  x0:0x00000000
        4115000	       410	800002d8	00000013	addi	x0,x0,0	  x0:0x00000000
        4125000	       411	800002dc	01c00eef	jal	x29,800002dc	 x29=0x800002dc
        4135000	       412	00000000	00000013	addi	x0,x0,0	  x0:0x00000000
        4145000	       413	800002f4	00000013	addi	x0,x0,0	  x0:0x00000000
        4155000	       414	800002f8	004000ef	jal	x1,800002f8	  x1=0x800002f8
        4165000	       415	00000000	00000013	addi	x0,x0,0	  x0:0x00000000
        4175000	       416	800002f8	00000013	addi	x0,x0,0	  x0:0x00000000
        4185000	       417	800002fc	fddff0ef	jal	x1,800002fc	  x1=0x800002fc
        4195000	       418	00000000	00000013	addi	x0,x0,0	  x0:0x00000000
        4205000	       419	800002d4	00000013	addi	x0,x0,0	  x0:0x00000000
        4215000	       420	800002d8	00c000ef	jal	x1,800002d8	  x1=0x800002d8
        4225000	       421	00000000	00000013	addi	x0,x0,0	  x0:0x00000000
        4235000	       422	800002e0	00000013	addi	x0,x0,0	  x0:0x00000000
        4245000	       423	800002e4	008000ef	jal	x1,800002e4	  x1=0x800002e4
        4255000	       424	00000000	00000013	addi	x0,x0,0	  x0:0x00000000
        4265000	       425	800002e8	00000013	addi	x0,x0,0	  x0:0x00000000
        4275000	       426	800002ec	fe9ff0ef	jal	x1,800002ec	  x1=0x800002ec
        4285000	       427	00000000	00000013	addi	x0,x0,0	  x0:0x00000000
        4295000	       428	800002d0	00000013	addi	x0,x0,0	  x0:0x00000000
        4305000	       429	800002d4	01c000ef	jal	x1,800002d4	  x1=0x800002d4
        4315000	       430	00000000	00000013	addi	x0,x0,0	  x0:0x00000000
        4325000	       431	800002ec	00000013	addi	x0,x0,0	  x0:0x00000000
        4335000	       432	800002f0	020000ef	jal	x1,800002f0	  x1=0x800002f0
        4345000	       433	00000000	00000013	addi	x0,x0,0	  x0:0x00000000
        4355000	       434	8000030c	00000013	addi	x0,x0,0	  x0:0x00000000
        4365000	       435	80000310	fb9fffef	jal	x31,80000310	 x31=0x80000310
        4375000	       436	00000000	00000013	addi	x0,x0,0	  x0:0x00000000
        4385000	       437	800002c4	00000013	addi	x0,x0,0	  x0:0x00000000
        4395000	       438	800002c8	040000ef	jal	x1,800002c8	  x1=0x800002c8
        4405000	       439	00000000	00000013	addi	x0,x0,0	  x0:0x00000000
        4415000	       440	80000304	00000013	addi	x0,x0,0	  x0:0x00000000
        4425000	       441	80000308	ff9ff0ef	jal	x1,80000308	  x1=0x80000308
        4435000	       442	00000000	00000013	addi	x0,x0,0	  x0:0x00000000
        4445000	       443	800002fc	00000013	addi	x0,x0,0	  x0:0x00000000
        4455000	       444	80000300	fe1ff86f	jal	x16,80000300	 x16=0x80000300
        4465000	       445	00000000	00000013	addi	x0,x0,0	  x0:0x00000000
        4475000	       446	800002dc	00000013	addi	x0,x0,0	  x0:0x00000000
        4485000	       447	800002e0	024007ef	jal	x15,800002e0	 x15=0x800002e0
        4495000	       448	00000000	00000013	addi	x0,x0,0	  x0:0x00000000
        4505000	       449	80000300	00000013	addi	x0,x0,0	  x0:0x00000000
        4515000	       450	80000304	010000ef	jal	x1,80000304	  x1=0x80000304
        4525000	       451	00000000	00000013	addi	x0,x0,0	  x0:0x00000000
        4535000	       452	80000310	00000013	addi	x0,x0,0	  x0:0x00000000
        4545000	       453	80000314	41e85a13	srai	x20,x16,0x1e	 x16:0x80000300 x20=0xfffffffe
        4555000	       454	80000318	044000ef	jal	x1,80000318	  x1=0x80000318
        4565000	       455	00000000	00000013	addi	x0,x0,0	  x0:0x00000000
        4575000	       456	80000358	00000013	addi	x0,x0,0	  x0:0x00000000
        4585000	       457	8000035c	fcdffcef	jal	x25,8000035c	 x25=0x8000035c
        4595000	       458	00000000	00000013	addi	x0,x0,0	  x0:0x00000000
        4605000	       459	80000324	00000013	addi	x0,x0,0	  x0:0x00000000
        4615000	       460	80000328	018000ef	jal	x1,80000328	  x1=0x80000328
        4625000	       461	00000000	00000013	addi	x0,x0,0	  x0:0x00000000
        4635000	       462	8000033c	00000013	addi	x0,x0,0	  x0:0x00000000
        4645000	       463	80000340	01400e6f	jal	x28,80000340	 x28=0x80000340
        4655000	       464	00000000	00000013	addi	x0,x0,0	  x0:0x00000000
        4665000	       465	80000350	00000013	addi	x0,x0,0	  x0:0x00000000
        4675000	       466	80000354	ffdff66f	jal	x12,80000354	 x12=0x80000354
        4685000	       467	00000000	00000013	addi	x0,x0,0	  x0:0x00000000
        4695000	       468	8000034c	00000013	addi	x0,x0,0	  x0:0x00000000
        4705000	       469	80000350	ff9ff96f	jal	x18,80000350	 x18=0x80000350
        4715000	       470	00000000	00000013	addi	x0,x0,0	  x0:0x00000000
        4725000	       471	80000344	00000013	addi	x0,x0,0	  x0:0x00000000
        4735000	       472	80000348	ffdffdef	jal	x27,80000348	 x27=0x80000348
        4745000	       473	00000000	00000013	addi	x0,x0,0	  x0:0x00000000
        4755000	       474	80000340	00000013	addi	x0,x0,0	  x0:0x00000000
        4765000	       475	80000344	fddff7ef	jal	x15,80000344	 x15=0x80000344
        4775000	       476	00000000	00000013	addi	x0,x0,0	  x0:0x00000000
        4785000	       477	8000031c	00000013	addi	x0,x0,0	  x0:0x00000000
        4795000	       478	80000320	02c000ef	jal	x1,80000320	  x1=0x80000320
        4805000	       479	00000000	00000013	addi	x0,x0,0	  x0:0x00000000
        4815000	       480	80000348	00000013	addi	x0,x0,0	  x0:0x00000000
        4825000	       481	8000034c	0140026f	jal	x4,8000034c	  x4=0x8000034c
        4835000	       482	00000000	00000013	addi	x0,x0,0	  x0:0x00000000
        4845000	       483	8000035c	00000013	addi	x0,x0,0	  x0:0x00000000
        4855000	       484	80000360	ff9ff0ef	jal	x1,80000360	  x1=0x80000360
        4865000	       485	00000000	00000013	addi	x0,x0,0	  x0:0x00000000
        4875000	       486	80000354	00000013	addi	x0,x0,0	  x0:0x00000000
        4885000	       487	80000358	fcdff0ef	jal	x1,80000358	  x1=0x80000358
        4895000	       488	00000000	00000013	addi	x0,x0,0	  x0:0x00000000
        4905000	       489	80000320	00000013	addi	x0,x0,0	  x0:0x00000000
        4915000	       490	80000324	04400def	jal	x27,80000324	 x27=0x80000324
        4925000	       491	00000000	00000013	addi	x0,x0,0	  x0:0x00000000
        4935000	       492	80000364	00000013	addi	x0,x0,0	  x0:0x00000000
        4945000	       493	80000368	ffdfffef	jal	x31,80000368	 x31=0x80000368
        4955000	       494	00000000	00000013	addi	x0,x0,0	  x0:0x00000000
        4965000	       495	80000360	00000013	addi	x0,x0,0	  x0:0x00000000
        4975000	       496	80000364	fd9ff0ef	jal	x1,80000364	  x1=0x80000364
        4985000	       497	00000000	00000013	addi	x0,x0,0	  x0:0x00000000
        4995000	       498	80000338	00000013	addi	x0,x0,0	  x0:0x00000000
        5005000	       499	8000033c	ffdff0ef	jal	x1,8000033c	  x1=0x8000033c
        5015000	       500	00000000	00000013	addi	x0,x0,0	  x0:0x00000000
        5025000	       501	80000334	00000013	addi	x0,x0,0	  x0:0x00000000
        5035000	       502	80000338	fe5ff3ef	jal	x7,80000338	  x7=0x80000338
        5045000	       503	00000000	00000013	addi	x0,x0,0	  x0:0x00000000
        5055000	       504	80000318	00000013	addi	x0,x0,0	  x0:0x00000000
        5065000	       505	8000031c	01000aef	jal	x21,8000031c	 x21=0x8000031c
        5075000	       506	00000000	00000013	addi	x0,x0,0	  x0:0x00000000
        5085000	       507	80000328	00000013	addi	x0,x0,0	  x0:0x00000000
        5095000	       508	8000032c	040000ef	jal	x1,8000032c	  x1=0x8000032c
        5105000	       509	00000000	00000013	addi	x0,x0,0	  x0:0x00000000
        5115000	       510	80000368	00000013	addi	x0,x0,0	  x0:0x00000000
        5125000	       511	8000036c	fc5ff0ef	jal	x1,8000036c	  x1=0x8000036c
        5135000	       512	00000000	00000013	addi	x0,x0,0	  x0:0x00000000
        5145000	       513	8000032c	00000013	addi	x0,x0,0	  x0:0x00000000
        5155000	       514	80000330	004000ef	jal	x1,80000330	  x1=0x80000330
        5165000	       515	00000000	00000013	addi	x0,x0,0	  x0:0x00000000
        5175000	       516	80000330	00000013	addi	x0,x0,0	  x0:0x00000000
        5185000	       517	80000334	03c000ef	jal	x1,80000334	  x1=0x80000334
        5195000	       518	00000000	00000013	addi	x0,x0,0	  x0:0x00000000
        5205000	       519	8000036c	00000013	addi	x0,x0,0	  x0:0x00000000
        5215000	       520	80000370	01951193	slli	x3,x10,0x19	 x10:0x8000018c  x3=0x18000000
        5225000	       521	80000374	04c000ef	jal	x1,80000374	  x1=0x80000374
        5235000	       522	00000000	00000013	addi	x0,x0,0	  x0:0x00000000
        5245000	       523	800003bc	00000013	addi	x0,x0,0	  x0:0x00000000
        5255000	       524	800003c0	fd9ff0ef	jal	x1,800003c0	  x1=0x800003c0
        5265000	       525	00000000	00000013	addi	x0,x0,0	  x0:0x00000000
        5275000	       526	80000394	00000013	addi	x0,x0,0	  x0:0x00000000
        5285000	       527	80000398	02c009ef	jal	x19,80000398	 x19=0x80000398
        5295000	       528	00000000	00000013	addi	x0,x0,0	  x0:0x00000000
        5305000	       529	800003c0	00000013	addi	x0,x0,0	  x0:0x00000000
        5315000	       530	800003c4	fc9ff0ef	jal	x1,800003c4	  x1=0x800003c4
        5325000	       531	00000000	00000013	addi	x0,x0,0	  x0:0x00000000
        5335000	       532	80000388	00000013	addi	x0,x0,0	  x0:0x00000000
        5345000	       533	8000038c	01c000ef	jal	x1,8000038c	  x1=0x8000038c
        5355000	       534	00000000	00000013	addi	x0,x0,0	  x0:0x00000000
        5365000	       535	800003a4	00000013	addi	x0,x0,0	  x0:0x00000000
        5375000	       536	800003a8	fe9ff86f	jal	x16,800003a8	 x16=0x800003a8
        5385000	       537	00000000	00000013	addi	x0,x0,0	  x0:0x00000000
        5395000	       538	8000038c	00000013	addi	x0,x0,0	  x0:0x00000000
        5405000	       539	80000390	010000ef	jal	x1,80000390	  x1=0x80000390
        5415000	       540	00000000	00000013	addi	x0,x0,0	  x0:0x00000000
        5425000	       541	8000039c	00000013	addi	x0,x0,0	  x0:0x00000000
        5435000	       542	800003a0	fe5ff26f	jal	x4,800003a0	  x4=0x800003a0
        5445000	       543	00000000	00000013	addi	x0,x0,0	  x0:0x00000000
        5455000	       544	80000380	00000013	addi	x0,x0,0	  x0:0x00000000
        5465000	       545	80000384	ff5fffef	jal	x31,80000384	 x31=0x80000384
        5475000	       546	00000000	00000013	addi	x0,x0,0	  x0:0x00000000
        5485000	       547	80000374	00000013	addi	x0,x0,0	  x0:0x00000000
        5495000	       548	80000378	03c000ef	jal	x1,80000378	  x1=0x80000378
        5505000	       549	00000000	00000013	addi	x0,x0,0	  x0:0x00000000
        5515000	       550	800003b0	00000013	addi	x0,x0,0	  x0:0x00000000
        5525000	       551	800003b4	004000ef	jal	x1,800003b4	  x1=0x800003b4
        5535000	       552	00000000	00000013	addi	x0,x0,0	  x0:0x00000000
        5545000	       553	800003b4	00000013	addi	x0,x0,0	  x0:0x00000000
        5555000	       554	800003b8	0240016f	jal	x2,800003b8	  x2=0x800003b8
        5565000	       555	00000000	00000013	addi	x0,x0,0	  x0:0x00000000
        5575000	       556	800003d8	00000013	addi	x0,x0,0	  x0:0x00000000
        5585000	       557	800003dc	fb9ff26f	jal	x4,800003dc	  x4=0x800003dc
        5595000	       558	00000000	00000013	addi	x0,x0,0	  x0:0x00000000
        5605000	       559	80000390	00000013	addi	x0,x0,0	  x0:0x00000000
        5615000	       560	80000394	03c000ef	jal	x1,80000394	  x1=0x80000394
        5625000	       561	00000000	00000013	addi	x0,x0,0	  x0:0x00000000
        5635000	       562	800003cc	00000013	addi	x0,x0,0	  x0:0x00000000
        5645000	       563	800003d0	fcdff0ef	jal	x1,800003d0	  x1=0x800003d0
        5655000	       564	00000000	00000013	addi	x0,x0,0	  x0:0x00000000
        5665000	       565	80000398	00000013	addi	x0,x0,0	  x0:0x00000000
        5675000	       566	8000039c	038000ef	jal	x1,8000039c	  x1=0x8000039c
        5685000	       567	00000000	00000013	addi	x0,x0,0	  x0:0x00000000
        5695000	       568	800003d0	00000013	addi	x0,x0,0	  x0:0x00000000
        5705000	       569	800003d4	fadff3ef	jal	x7,800003d4	  x7=0x800003d4
        5715000	       570	00000000	00000013	addi	x0,x0,0	  x0:0x00000000
        5725000	       571	8000037c	00000013	addi	x0,x0,0	  x0:0x00000000
        5735000	       572	80000380	ffdff6ef	jal	x13,80000380	 x13=0x80000380
        5745000	       573	00000000	00000013	addi	x0,x0,0	  x0:0x00000000
        5755000	       574	80000378	00000013	addi	x0,x0,0	  x0:0x00000000
        5765000	       575	8000037c	05c000ef	jal	x1,8000037c	  x1=0x8000037c
        5775000	       576	00000000	00000013	addi	x0,x0,0	  x0:0x00000000
        5785000	       577	800003d4	00000013	addi	x0,x0,0	  x0:0x00000000
        5795000	       578	800003d8	ff1ff0ef	jal	x1,800003d8	  x1=0x800003d8
        5805000	       579	00000000	00000013	addi	x0,x0,0	  x0:0x00000000
        5815000	       580	800003c4	00000013	addi	x0,x0,0	  x0:0x00000000
        5825000	       581	800003c8	ff5ff0ef	jal	x1,800003c8	  x1=0x800003c8
        5835000	       582	00000000	00000013	addi	x0,x0,0	  x0:0x00000000
        5845000	       583	800003b8	00000013	addi	x0,x0,0	  x0:0x00000000
        5855000	       584	800003bc	010000ef	jal	x1,800003bc	  x1=0x800003bc
        5865000	       585	00000000	00000013	addi	x0,x0,0	  x0:0x00000000
        5875000	       586	800003c8	00000013	addi	x0,x0,0	  x0:0x00000000
        5885000	       587	800003cc	fe5ff0ef	jal	x1,800003cc	  x1=0x800003cc
        5895000	       588	00000000	00000013	addi	x0,x0,0	  x0:0x00000000
        5905000	       589	800003ac	00000013	addi	x0,x0,0	  x0:0x00000000
        5915000	       590	800003b0	ff5ff26f	jal	x4,800003b0	  x4=0x800003b0
        5925000	       591	00000000	00000013	addi	x0,x0,0	  x0:0x00000000
        5935000	       592	800003a0	00000013	addi	x0,x0,0	  x0:0x00000000
        5945000	       593	800003a4	fe5ff0ef	jal	x1,800003a4	  x1=0x800003a4
        5955000	       594	00000000	00000013	addi	x0,x0,0	  x0:0x00000000
        5965000	       595	80000384	00000013	addi	x0,x0,0	  x0:0x00000000
        5975000	       596	80000388	0240016f	jal	x2,80000388	  x2=0x80000388
        5985000	       597	00000000	00000013	addi	x0,x0,0	  x0:0x00000000
        5995000	       598	800003a8	00000013	addi	x0,x0,0	  x0:0x00000000
        6005000	       599	800003ac	034000ef	jal	x1,800003ac	  x1=0x800003ac
        6015000	       600	00000000	00000013	addi	x0,x0,0	  x0:0x00000000
        6025000	       601	800003dc	00000013	addi	x0,x0,0	  x0:0x00000000
        6035000	       602	800003e0	88cab7b7	lui	x15,0x88cab	 x15=0x88cab000
        6045000	       603	800003e4	00c000ef	jal	x1,800003e4	  x1=0x800003e4
        6055000	       604	00000000	00000013	addi	x0,x0,0	  x0:0x00000000
        6065000	       605	800003ec	00000013	addi	x0,x0,0	  x0:0x00000000
        6075000	       606	800003f0	028000ef	jal	x1,800003f0	  x1=0x800003f0
        6085000	       607	00000000	00000013	addi	x0,x0,0	  x0:0x00000000
        6095000	       608	80000414	00000013	addi	x0,x0,0	  x0:0x00000000
        6105000	       609	80000418	ffdff96f	jal	x18,80000418	 x18=0x80000418
        6115000	       610	00000000	00000013	addi	x0,x0,0	  x0:0x00000000
        6125000	       611	80000410	00000013	addi	x0,x0,0	  x0:0x00000000
        6135000	       612	80000414	fd5ff0ef	jal	x1,80000414	  x1=0x80000414
        6145000	       613	00000000	00000013	addi	x0,x0,0	  x0:0x00000000
        6155000	       614	800003e4	00000013	addi	x0,x0,0	  x0:0x00000000
        6165000	       615	800003e8	024006ef	jal	x13,800003e8	 x13=0x800003e8
        6175000	       616	00000000	00000013	addi	x0,x0,0	  x0:0x00000000
        6185000	       617	80000408	00000013	addi	x0,x0,0	  x0:0x00000000
        6195000	       618	8000040c	ff5ff0ef	jal	x1,8000040c	  x1=0x8000040c
        6205000	       619	00000000	00000013	addi	x0,x0,0	  x0:0x00000000
        6215000	       620	800003fc	00000013	addi	x0,x0,0	  x0:0x00000000
        6225000	       621	80000400	ff9ff0ef	jal	x1,80000400	  x1=0x80000400
        6235000	       622	00000000	00000013	addi	x0,x0,0	  x0:0x00000000
        6245000	       623	800003f4	00000013	addi	x0,x0,0	  x0:0x00000000
        6255000	       624	800003f8	028000ef	jal	x1,800003f8	  x1=0x800003f8
        6265000	       625	00000000	00000013	addi	x0,x0,0	  x0:0x00000000
        6275000	       626	8000041c	00000013	addi	x0,x0,0	  x0:0x00000000
        6285000	       627	80000420	fddff46f	jal	x8,80000420	  x8=0x80000420
        6295000	       628	00000000	00000013	addi	x0,x0,0	  x0:0x00000000
        6305000	       629	800003f8	00000013	addi	x0,x0,0	  x0:0x00000000
        6315000	       630	800003fc	00800fef	jal	x31,800003fc	 x31=0x800003fc
        6325000	       631	00000000	00000013	addi	x0,x0,0	  x0:0x00000000
        6335000	       632	80000400	00000013	addi	x0,x0,0	  x0:0x00000000
        6345000	       633	80000404	ff1ff5ef	jal	x11,80000404	 x11=0x80000404
        6355000	       634	00000000	00000013	addi	x0,x0,0	  x0:0x00000000
        6365000	       635	800003f0	00000013	addi	x0,x0,0	  x0:0x00000000
        6375000	       636	800003f4	028000ef	jal	x1,800003f4	  x1=0x800003f4
        6385000	       637	00000000	00000013	addi	x0,x0,0	  x0:0x00000000
        6395000	       638	80000418	00000013	addi	x0,x0,0	  x0:0x00000000
        6405000	       639	8000041c	fd1ff76f	jal	x14,8000041c	 x14=0x8000041c
        6415000	       640	00000000	00000013	addi	x0,x0,0	  x0:0x00000000
        6425000	       641	800003e8	00000013	addi	x0,x0,0	  x0:0x00000000
        6435000	       642	800003ec	024000ef	jal	x1,800003ec	  x1=0x800003ec
        6445000	       643	00000000	00000013	addi	x0,x0,0	  x0:0x00000000
        6455000	       644	8000040c	00000013	addi	x0,x0,0	  x0:0x00000000
        6465000	       645	80000410	ff9ff0ef	jal	x1,80000410	  x1=0x80000410
        6475000	       646	00000000	00000013	addi	x0,x0,0	  x0:0x00000000
        6485000	       647	80000404	00000013	addi	x0,x0,0	  x0:0x00000000
        6495000	       648	80000408	01c000ef	jal	x1,80000408	  x1=0x80000408
        6505000	       649	00000000	00000013	addi	x0,x0,0	  x0:0x00000000
        6515000	       650	80000420	00000013	addi	x0,x0,0	  x0:0x00000000
        6525000	       651	80000424	00b2b6b3	sltu	x13,x5,x11	  x5:0x80000248 x11:0x80000404 x13=0x00000001
        6535000	       652	80000428	038000ef	jal	x1,80000428	  x1=0x80000428
        6545000	       653	00000000	00000013	addi	x0,x0,0	  x0:0x00000000
        6555000	       654	8000045c	00000013	addi	x0,x0,0	  x0:0x00000000
        6565000	       655	80000460	fd1ff0ef	jal	x1,80000460	  x1=0x80000460
        6575000	       656	00000000	00000013	addi	x0,x0,0	  x0:0x00000000
        6585000	       657	8000042c	00000013	addi	x0,x0,0	  x0:0x00000000
        6595000	       658	80000430	004000ef	jal	x1,80000430	  x1=0x80000430
        6605000	       659	00000000	00000013	addi	x0,x0,0	  x0:0x00000000
        6615000	       660	80000430	00000013	addi	x0,x0,0	  x0:0x00000000
        6625000	       661	80000434	02400cef	jal	x25,80000434	 x25=0x80000434
        6635000	       662	00000000	00000013	addi	x0,x0,0	  x0:0x00000000
        6645000	       663	80000454	00000013	addi	x0,x0,0	  x0:0x00000000
        6655000	       664	80000458	fedff0ef	jal	x1,80000458	  x1=0x80000458
        6665000	       665	00000000	00000013	addi	x0,x0,0	  x0:0x00000000
        6675000	       666	80000440	00000013	addi	x0,x0,0	  x0:0x00000000
        6685000	       667	80000444	ff9ff3ef	jal	x7,80000444	  x7=0x80000444
        6695000	       668	00000000	00000013	addi	x0,x0,0	  x0:0x00000000
        6705000	       669	80000438	00000013	addi	x0,x0,0	  x0:0x00000000
        6715000	       670	8000043c	010000ef	jal	x1,8000043c	  x1=0x8000043c
        6725000	       671	00000000	00000013	addi	x0,x0,0	  x0:0x00000000
        6735000	       672	80000448	00000013	addi	x0,x0,0	  x0:0x00000000
        6745000	       673	8000044c	010000ef	jal	x1,8000044c	  x1=0x8000044c
        6755000	       674	00000000	00000013	addi	x0,x0,0	  x0:0x00000000
        6765000	       675	80000458	00000013	addi	x0,x0,0	  x0:0x00000000
        6775000	       676	8000045c	fd1ff0ef	jal	x1,8000045c	  x1=0x8000045c
        6785000	       677	00000000	00000013	addi	x0,x0,0	  x0:0x00000000
        6795000	       678	80000428	00000013	addi	x0,x0,0	  x0:0x00000000
        6805000	       679	8000042c	03c000ef	jal	x1,8000042c	  x1=0x8000042c
        6815000	       680	00000000	00000013	addi	x0,x0,0	  x0:0x00000000
        6825000	       681	80000464	00000013	addi	x0,x0,0	  x0:0x00000000
        6835000	       682	80000468	fedff0ef	jal	x1,80000468	  x1=0x80000468
        6845000	       683	00000000	00000013	addi	x0,x0,0	  x0:0x00000000
        6855000	       684	80000450	00000013	addi	x0,x0,0	  x0:0x00000000
        6865000	       685	80000454	ff5ff0ef	jal	x1,80000454	  x1=0x80000454
        6875000	       686	00000000	00000013	addi	x0,x0,0	  x0:0x00000000
        6885000	       687	80000444	00000013	addi	x0,x0,0	  x0:0x00000000
        6895000	       688	80000448	024000ef	jal	x1,80000448	  x1=0x80000448
        6905000	       689	00000000	00000013	addi	x0,x0,0	  x0:0x00000000
        6915000	       690	80000468	00000013	addi	x0,x0,0	  x0:0x00000000
        6925000	       691	8000046c	004000ef	jal	x1,8000046c	  x1=0x8000046c
        6935000	       692	00000000	00000013	addi	x0,x0,0	  x0:0x00000000
        6945000	       693	8000046c	00000013	addi	x0,x0,0	  x0:0x00000000
        6955000	       694	80000470	fc9ff0ef	jal	x1,80000470	  x1=0x80000470
        6965000	       695	00000000	00000013	addi	x0,x0,0	  x0:0x00000000
        6975000	       696	80000434	00000013	addi	x0,x0,0	  x0:0x00000000
        6985000	       697	80000438	01800f6f	jal	x30,80000438	 x30=0x80000438
        6995000	       698	00000000	00000013	addi	x0,x0,0	  x0:0x00000000
        7005000	       699	8000044c	00000013	addi	x0,x0,0	  x0:0x00000000
        7015000	       700	80000450	ff1ff66f	jal	x12,80000450	 x12=0x80000450
        7025000	       701	00000000	00000013	addi	x0,x0,0	  x0:0x00000000
        7035000	       702	8000043c	00000013	addi	x0,x0,0	  x0:0x00000000
        7045000	       703	80000440	024000ef	jal	x1,80000440	  x1=0x80000440
        7055000	       704	00000000	00000013	addi	x0,x0,0	  x0:0x00000000
        7065000	       705	80000460	00000013	addi	x0,x0,0	  x0:0x00000000
        7075000	       706	80000464	010000ef	jal	x1,80000464	  x1=0x80000464
        7085000	       707	00000000	00000013	addi	x0,x0,0	  x0:0x00000000
        7095000	       708	80000470	00000013	addi	x0,x0,0	  x0:0x00000000
        7105000	       709	80000474	00e7d533	srl	x10,x15,x14	 x15:0x88cab000 x14:0x8000041c x10=0x00000008
        7115000	       710	80000478	030000ef	jal	x1,80000478	  x1=0x80000478
        7125000	       711	00000000	00000013	addi	x0,x0,0	  x0:0x00000000
        7135000	       712	800004a4	00000013	addi	x0,x0,0	  x0:0x00000000
        7145000	       713	800004a8	fe5ff0ef	jal	x1,800004a8	  x1=0x800004a8
        7155000	       714	00000000	00000013	addi	x0,x0,0	  x0:0x00000000
        7165000	       715	80000488	00000013	addi	x0,x0,0	  x0:0x00000000
        7175000	       716	8000048c	038000ef	jal	x1,8000048c	  x1=0x8000048c
        7185000	       717	00000000	00000013	addi	x0,x0,0	  x0:0x00000000
        7195000	       718	800004c0	00000013	addi	x0,x0,0	  x0:0x00000000
        7205000	       719	800004c4	ff5ff0ef	jal	x1,800004c4	  x1=0x800004c4
        7215000	       720	00000000	00000013	addi	x0,x0,0	  x0:0x00000000
        7225000	       721	800004b4	00000013	addi	x0,x0,0	  x0:0x00000000
        7235000	       722	800004b8	ff9fff6f	jal	x30,800004b8	 x30=0x800004b8
        7245000	       723	00000000	00000013	addi	x0,x0,0	  x0:0x00000000
        7255000	       724	800004ac	00000013	addi	x0,x0,0	  x0:0x00000000
        7265000	       725	800004b0	010001ef	jal	x3,800004b0	  x3=0x800004b0
        7275000	       726	00000000	00000013	addi	x0,x0,0	  x0:0x00000000
        7285000	       727	800004bc	00000013	addi	x0,x0,0	  x0:0x00000000
        7295000	       728	800004c0	fddff0ef	jal	x1,800004c0	  x1=0x800004c0
        7305000	       729	00000000	00000013	addi	x0,x0,0	  x0:0x00000000
        7315000	       730	80000498	00000013	addi	x0,x0,0	  x0:0x00000000
        7325000	       731	8000049c	01000fef	jal	x31,8000049c	 x31=0x8000049c
        7335000	       732	00000000	00000013	addi	x0,x0,0	  x0:0x00000000
        7345000	       733	800004a8	00000013	addi	x0,x0,0	  x0:0x00000000
        7355000	       734	800004ac	fd5ff56f	jal	x10,800004ac	 x10=0x800004ac
        7365000	       735	00000000	00000013	addi	x0,x0,0	  x0:0x00000000
        7375000	       736	8000047c	00000013	addi	x0,x0,0	  x0:0x00000000
        7385000	       737	80000480	034000ef	jal	x1,80000480	  x1=0x80000480
        7395000	       738	00000000	00000013	addi	x0,x0,0	  x0:0x00000000
        7405000	       739	800004b0	00000013	addi	x0,x0,0	  x0:0x00000000
        7415000	       740	800004b4	fddfffef	jal	x31,800004b4	 x31=0x800004b4
        7425000	       741	00000000	00000013	addi	x0,x0,0	  x0:0x00000000
        7435000	       742	8000048c	00000013	addi	x0,x0,0	  x0:0x00000000
        7445000	       743	80000490	03800eef	jal	x29,80000490	 x29=0x80000490
        7455000	       744	00000000	00000013	addi	x0,x0,0	  x0:0x00000000
        7465000	       745	800004c4	00000013	addi	x0,x0,0	  x0:0x00000000
        7475000	       746	800004c8	fd9ff0ef	jal	x1,800004c8	  x1=0x800004c8
        7485000	       747	00000000	00000013	addi	x0,x0,0	  x0:0x00000000
        7495000	       748	8000049c	00000013	addi	x0,x0,0	  x0:0x00000000
        7505000	       749	800004a0	02c000ef	jal	x1,800004a0	  x1=0x800004a0
        7515000	       750	00000000	00000013	addi	x0,x0,0	  x0:0x00000000
        7525000	       751	800004c8	00000013	addi	x0,x0,0	  x0:0x00000000
        7535000	       752	800004cc	fbdff0ef	jal	x1,800004cc	  x1=0x800004cc
        7545000	       753	00000000	00000013	addi	x0,x0,0	  x0:0x00000000
        7555000	       754	80000484	00000013	addi	x0,x0,0	  x0:0x00000000
        7565000	       755	80000488	00c000ef	jal	x1,80000488	  x1=0x80000488
        7575000	       756	00000000	00000013	addi	x0,x0,0	  x0:0x00000000
        7585000	       757	80000490	00000013	addi	x0,x0,0	  x0:0x00000000
        7595000	       758	80000494	0040066f	jal	x12,80000494	 x12=0x80000494
        7605000	       759	00000000	00000013	addi	x0,x0,0	  x0:0x00000000
        7615000	       760	80000494	00000013	addi	x0,x0,0	  x0:0x00000000
        7625000	       761	80000498	fedffe6f	jal	x28,80000498	 x28=0x80000498
        7635000	       762	00000000	00000013	addi	x0,x0,0	  x0:0x00000000
        7645000	       763	80000480	00000013	addi	x0,x0,0	  x0:0x00000000
        7655000	       764	80000484	038000ef	jal	x1,80000484	  x1=0x80000484
        7665000	       765	00000000	00000013	addi	x0,x0,0	  x0:0x00000000
        7675000	       766	800004b8	00000013	addi	x0,x0,0	  x0:0x00000000
        7685000	       767	800004bc	fc1ff0ef	jal	x1,800004bc	  x1=0x800004bc
        7695000	       768	00000000	00000013	addi	x0,x0,0	  x0:0x00000000
        7705000	       769	80000478	00000013	addi	x0,x0,0	  x0:0x00000000
        7715000	       770	8000047c	028000ef	jal	x1,8000047c	  x1=0x8000047c
        7725000	       771	00000000	00000013	addi	x0,x0,0	  x0:0x00000000
        7735000	       772	800004a0	00000013	addi	x0,x0,0	  x0:0x00000000
        7745000	       773	800004a4	02c000ef	jal	x1,800004a4	  x1=0x800004a4
        7755000	       774	00000000	00000013	addi	x0,x0,0	  x0:0x00000000
        7765000	       775	800004cc	00000013	addi	x0,x0,0	  x0:0x00000000
        7775000	       776	800004d0	40015f93	srai	x31,x2,0x0	  x2:0x80000388 x31=0x80000388
        7785000	       777	800004d4	040000ef	jal	x1,800004d4	  x1=0x800004d4
        7795000	       778	00000000	00000013	addi	x0,x0,0	  x0:0x00000000
        7805000	       779	80000510	00000013	addi	x0,x0,0	  x0:0x00000000
        7815000	       780	80000514	fd1ff0ef	jal	x1,80000514	  x1=0x80000514
        7825000	       781	00000000	00000013	addi	x0,x0,0	  x0:0x00000000
        7835000	       782	800004e0	00000013	addi	x0,x0,0	  x0:0x00000000
        7845000	       783	800004e4	008000ef	jal	x1,800004e4	  x1=0x800004e4
        7855000	       784	00000000	00000013	addi	x0,x0,0	  x0:0x00000000
        7865000	       785	800004e8	00000013	addi	x0,x0,0	  x0:0x00000000
        7875000	       786	800004ec	fedff0ef	jal	x1,800004ec	  x1=0x800004ec
        7885000	       787	00000000	00000013	addi	x0,x0,0	  x0:0x00000000
        7895000	       788	800004d4	00000013	addi	x0,x0,0	  x0:0x00000000
        7905000	       789	800004d8	050000ef	jal	x1,800004d8	  x1=0x800004d8
        7915000	       790	00000000	00000013	addi	x0,x0,0	  x0:0x00000000
        7925000	       791	80000524	00000013	addi	x0,x0,0	  x0:0x00000000
        7935000	       792	80000528	fd1ff0ef	jal	x1,80000528	  x1=0x80000528
        7945000	       793	00000000	00000013	addi	x0,x0,0	  x0:0x00000000
        7955000	       794	800004f4	00000013	addi	x0,x0,0	  x0:0x00000000
        7965000	       795	800004f8	ff9ff26f	jal	x4,800004f8	  x4=0x800004f8
        7975000	       796	00000000	00000013	addi	x0,x0,0	  x0:0x00000000
        7985000	       797	800004ec	00000013	addi	x0,x0,0	  x0:0x00000000
        7995000	       798	800004f0	ff1ff0ef	jal	x1,800004f0	  x1=0x800004f0
        8005000	       799	00000000	00000013	addi	x0,x0,0	  x0:0x00000000
        8015000	       800	800004dc	00000013	addi	x0,x0,0	  x0:0x00000000
        8025000	       801	800004e0	028000ef	jal	x1,800004e0	  x1=0x800004e0
        8035000	       802	00000000	00000013	addi	x0,x0,0	  x0:0x00000000
        8045000	       803	80000504	00000013	addi	x0,x0,0	  x0:0x00000000
        8055000	       804	80000508	01c00eef	jal	x29,80000508	 x29=0x80000508
        8065000	       805	00000000	00000013	addi	x0,x0,0	  x0:0x00000000
        8075000	       806	80000520	00000013	addi	x0,x0,0	  x0:0x00000000
        8085000	       807	80000524	fc5ff0ef	jal	x1,80000524	  x1=0x80000524
        8095000	       808	00000000	00000013	addi	x0,x0,0	  x0:0x00000000
        8105000	       809	800004e4	00000013	addi	x0,x0,0	  x0:0x00000000
        8115000	       810	800004e8	ff5ff0ef	jal	x1,800004e8	  x1=0x800004e8
        8125000	       811	00000000	00000013	addi	x0,x0,0	  x0:0x00000000
        8135000	       812	800004d8	00000013	addi	x0,x0,0	  x0:0x00000000
        8145000	       813	800004dc	02800d6f	jal	x26,800004dc	 x26=0x800004dc
        8155000	       814	00000000	00000013	addi	x0,x0,0	  x0:0x00000000
        8165000	       815	80000500	00000013	addi	x0,x0,0	  x0:0x00000000
        8175000	       816	80000504	ff9ff0ef	jal	x1,80000504	  x1=0x80000504
        8185000	       817	00000000	00000013	addi	x0,x0,0	  x0:0x00000000
        8195000	       818	800004f8	00000013	addi	x0,x0,0	  x0:0x00000000
        8205000	       819	800004fc	010000ef	jal	x1,800004fc	  x1=0x800004fc
        8215000	       820	00000000	00000013	addi	x0,x0,0	  x0:0x00000000
        8225000	       821	80000508	00000013	addi	x0,x0,0	  x0:0x00000000
        8235000	       822	8000050c	014000ef	jal	x1,8000050c	  x1=0x8000050c
        8245000	       823	00000000	00000013	addi	x0,x0,0	  x0:0x00000000
        8255000	       824	8000051c	00000013	addi	x0,x0,0	  x0:0x00000000
        8265000	       825	80000520	ffdff0ef	jal	x1,80000520	  x1=0x80000520
        8275000	       826	00000000	00000013	addi	x0,x0,0	  x0:0x00000000
        8285000	       827	80000518	00000013	addi	x0,x0,0	  x0:0x00000000
        8295000	       828	8000051c	ffdffcef	jal	x25,8000051c	 x25=0x8000051c
        8305000	       829	00000000	00000013	addi	x0,x0,0	  x0:0x00000000
        8315000	       830	80000514	00000013	addi	x0,x0,0	  x0:0x00000000
        8325000	       831	80000518	fe9ff0ef	jal	x1,80000518	  x1=0x80000518
        8335000	       832	00000000	00000013	addi	x0,x0,0	  x0:0x00000000
        8345000	       833	800004fc	00000013	addi	x0,x0,0	  x0:0x00000000
        8355000	       834	80000500	010001ef	jal	x3,80000500	  x3=0x80000500
        8365000	       835	00000000	00000013	addi	x0,x0,0	  x0:0x00000000
        8375000	       836	8000050c	00000013	addi	x0,x0,0	  x0:0x00000000
        8385000	       837	80000510	fe5ff0ef	jal	x1,80000510	  x1=0x80000510
        8395000	       838	00000000	00000013	addi	x0,x0,0	  x0:0x00000000
        8405000	       839	800004f0	00000013	addi	x0,x0,0	  x0:0x00000000
        8415000	       840	800004f4	038000ef	jal	x1,800004f4	  x1=0x800004f4
        8425000	       841	00000000	00000013	addi	x0,x0,0	  x0:0x00000000
        8435000	       842	80000528	00000013	addi	x0,x0,0	  x0:0x00000000
        8445000	       843	8000052c	e275ca37	lui	x20,0xe275c	 x20=0xe275c000
        8455000	       844	80000530	034000ef	jal	x1,80000530	  x1=0x80000530
        8465000	       845	00000000	00000013	addi	x0,x0,0	  x0:0x00000000
        8475000	       846	80000560	00000013	addi	x0,x0,0	  x0:0x00000000
        8485000	       847	80000564	fd5ff0ef	jal	x1,80000564	  x1=0x80000564
        8495000	       848	00000000	00000013	addi	x0,x0,0	  x0:0x00000000
        8505000	       849	80000534	00000013	addi	x0,x0,0	  x0:0x00000000
        8515000	       850	80000538	028000ef	jal	x1,80000538	  x1=0x80000538
        8525000	       851	00000000	00000013	addi	x0,x0,0	  x0:0x00000000
        8535000	       852	8000055c	00000013	addi	x0,x0,0	  x0:0x00000000
        8545000	       853	80000560	fddff0ef	jal	x1,80000560	  x1=0x80000560
        8555000	       854	00000000	00000013	addi	x0,x0,0	  x0:0x00000000
        8565000	       855	80000538	00000013	addi	x0,x0,0	  x0:0x00000000
        8575000	       856	8000053c	020000ef	jal	x1,8000053c	  x1=0x8000053c
        8585000	       857	00000000	00000013	addi	x0,x0,0	  x0:0x00000000
        8595000	       858	80000558	00000013	addi	x0,x0,0	  x0:0x00000000
        8605000	       859	8000055c	fd9ff0ef	jal	x1,8000055c	  x1=0x8000055c
        8615000	       860	00000000	00000013	addi	x0,x0,0	  x0:0x00000000
        8625000	       861	80000530	00000013	addi	x0,x0,0	  x0:0x00000000
        8635000	       862	80000534	024000ef	jal	x1,80000534	  x1=0x80000534
        8645000	       863	00000000	00000013	addi	x0,x0,0	  x0:0x00000000
        8655000	       864	80000554	00000013	addi	x0,x0,0	  x0:0x00000000
        8665000	       865	80000558	ff5ff0ef	jal	x1,80000558	  x1=0x80000558
        8675000	       866	00000000	00000013	addi	x0,x0,0	  x0:0x00000000
        8685000	       867	80000548	00000013	addi	x0,x0,0	  x0:0x00000000
        8695000	       868	8000054c	ff5ff7ef	jal	x15,8000054c	 x15=0x8000054c
        8705000	       869	00000000	00000013	addi	x0,x0,0	  x0:0x00000000
        8715000	       870	8000053c	00000013	addi	x0,x0,0	  x0:0x00000000
        8725000	       871	80000540	02c005ef	jal	x11,80000540	 x11=0x80000540
        8735000	       872	00000000	00000013	addi	x0,x0,0	  x0:0x00000000
        8745000	       873	80000568	00000013	addi	x0,x0,0	  x0:0x00000000
        8755000	       874	8000056c	fddff0ef	jal	x1,8000056c	  x1=0x8000056c
        8765000	       875	00000000	00000013	addi	x0,x0,0	  x0:0x00000000
        8775000	       876	80000544	00000013	addi	x0,x0,0	  x0:0x00000000
        8785000	       877	80000548	00c000ef	jal	x1,80000548	  x1=0x80000548
        8795000	       878	00000000	00000013	addi	x0,x0,0	  x0:0x00000000
        8805000	       879	80000550	00000013	addi	x0,x0,0	  x0:0x00000000
        8815000	       880	80000554	0140016f	jal	x2,80000554	  x2=0x80000554
        8825000	       881	00000000	00000013	addi	x0,x0,0	  x0:0x00000000
        8835000	       882	80000564	00000013	addi	x0,x0,0	  x0:0x00000000
        8845000	       883	80000568	fddffeef	jal	x29,80000568	 x29=0x80000568
        8855000	       884	00000000	00000013	addi	x0,x0,0	  x0:0x00000000
        8865000	       885	80000540	00000013	addi	x0,x0,0	  x0:0x00000000
        8875000	       886	80000544	00c000ef	jal	x1,80000544	  x1=0x80000544
        8885000	       887	00000000	00000013	addi	x0,x0,0	  x0:0x00000000
        8895000	       888	8000054c	00000013	addi	x0,x0,0	  x0:0x00000000
        8905000	       889	80000550	0200076f	jal	x14,80000550	 x14=0x80000550
        8915000	       890	00000000	00000013	addi	x0,x0,0	  x0:0x00000000
        8925000	       891	8000056c	00000013	addi	x0,x0,0	  x0:0x00000000
        8935000	       892	80000570	00197fb3	and	x31,x18,x1	 x18:0x80000418  x1:0x80000544 x31=0x80000400
        8945000	       893	80000574	034000ef	jal	x1,80000574	  x1=0x80000574
        8955000	       894	00000000	00000013	addi	x0,x0,0	  x0:0x00000000
        8965000	       895	800005a4	00000013	addi	x0,x0,0	  x0:0x00000000
        8975000	       896	800005a8	fe1ff0ef	jal	x1,800005a8	  x1=0x800005a8
        8985000	       897	00000000	00000013	addi	x0,x0,0	  x0:0x00000000
        8995000	       898	80000584	00000013	addi	x0,x0,0	  x0:0x00000000
        9005000	       899	80000588	008002ef	jal	x5,80000588	  x5=0x80000588
        9015000	       900	00000000	00000013	addi	x0,x0,0	  x0:0x00000000
        9025000	       901	8000058c	00000013	addi	x0,x0,0	  x0:0x00000000
        9035000	       902	80000590	014000ef	jal	x1,80000590	  x1=0x80000590
        9045000	       903	00000000	00000013	addi	x0,x0,0	  x0:0x00000000
        9055000	       904	800005a0	00000013	addi	x0,x0,0	  x0:0x00000000
        9065000	       905	800005a4	fe1ff0ef	jal	x1,800005a4	  x1=0x800005a4
        9075000	       906	00000000	00000013	addi	x0,x0,0	  x0:0x00000000
        9085000	       907	80000580	00000013	addi	x0,x0,0	  x0:0x00000000
        9095000	       908	80000584	008000ef	jal	x1,80000584	  x1=0x80000584
        9105000	       909	00000000	00000013	addi	x0,x0,0	  x0:0x00000000
        9115000	       910	80000588	00000013	addi	x0,x0,0	  x0:0x00000000
        9125000	       911	8000058c	ff5ff0ef	jal	x1,8000058c	  x1=0x8000058c
        9135000	       912	00000000	00000013	addi	x0,x0,0	  x0:0x00000000
        9145000	       913	8000057c	00000013	addi	x0,x0,0	  x0:0x00000000
        9155000	       914	80000580	018002ef	jal	x5,80000580	  x5=0x80000580
        9165000	       915	00000000	00000013	addi	x0,x0,0	  x0:0x00000000
        9175000	       916	80000594	00000013	addi	x0,x0,0	  x0:0x00000000
        9185000	       917	80000598	fe1ff0ef	jal	x1,80000598	  x1=0x80000598
        9195000	       918	00000000	00000013	addi	x0,x0,0	  x0:0x00000000
        9205000	       919	80000574	00000013	addi	x0,x0,0	  x0:0x00000000
        9215000	       920	80000578	01c000ef	jal	x1,80000578	  x1=0x80000578
        9225000	       921	00000000	00000013	addi	x0,x0,0	  x0:0x00000000
        9235000	       922	80000590	00000013	addi	x0,x0,0	  x0:0x00000000
        9245000	       923	80000594	fe9ff0ef	jal	x1,80000594	  x1=0x80000594
        9255000	       924	00000000	00000013	addi	x0,x0,0	  x0:0x00000000
        9265000	       925	80000578	00000013	addi	x0,x0,0	  x0:0x00000000
        9275000	       926	8000057c	020000ef	jal	x1,8000057c	  x1=0x8000057c
        9285000	       927	00000000	00000013	addi	x0,x0,0	  x0:0x00000000
        9295000	       928	80000598	00000013	addi	x0,x0,0	  x0:0x00000000
        9305000	       929	8000059c	004009ef	jal	x19,8000059c	 x19=0x8000059c
        9315000	       930	00000000	00000013	addi	x0,x0,0	  x0:0x00000000
        9325000	       931	8000059c	00000013	addi	x0,x0,0	  x0:0x00000000
        9335000	       932	800005a0	00c000ef	jal	x1,800005a0	  x1=0x800005a0
        9345000	       933	00000000	00000013	addi	x0,x0,0	  x0:0x00000000
        9355000	       934	800005a8	00000013	addi	x0,x0,0	  x0:0x00000000
        9365000	       935	800005ac	01274d33	xor	x26,x14,x18	 x14:0x80000550 x18:0x80000418 x26=0x00000148
        9375000	       936	800005b0	01c000ef	jal	x1,800005b0	  x1=0x800005b0
        9385000	       937	00000000	00000013	addi	x0,x0,0	  x0:0x00000000
        9395000	       938	800005c8	00000013	addi	x0,x0,0	  x0:0x00000000
        9405000	       939	800005cc	ffdff0ef	jal	x1,800005cc	  x1=0x800005cc
        9415000	       940	00000000	00000013	addi	x0,x0,0	  x0:0x00000000
        9425000	       941	800005c4	00000013	addi	x0,x0,0	  x0:0x00000000
        9435000	       942	800005c8	014000ef	jal	x1,800005c8	  x1=0x800005c8
        9445000	       943	00000000	00000013	addi	x0,x0,0	  x0:0x00000000
        9455000	       944	800005d8	00000013	addi	x0,x0,0	  x0:0x00000000
        9465000	       945	800005dc	fe1ff0ef	jal	x1,800005dc	  x1=0x800005dc
        9475000	       946	00000000	00000013	addi	x0,x0,0	  x0:0x00000000
        9485000	       947	800005b8	00000013	addi	x0,x0,0	  x0:0x00000000
        9495000	       948	800005bc	0140096f	jal	x18,800005bc	 x18=0x800005bc
        9505000	       949	00000000	00000013	addi	x0,x0,0	  x0:0x00000000
        9515000	       950	800005cc	00000013	addi	x0,x0,0	  x0:0x00000000
        9525000	       951	800005d0	ff1ff0ef	jal	x1,800005d0	  x1=0x800005d0
        9535000	       952	00000000	00000013	addi	x0,x0,0	  x0:0x00000000
        9545000	       953	800005bc	00000013	addi	x0,x0,0	  x0:0x00000000
        9555000	       954	800005c0	020000ef	jal	x1,800005c0	  x1=0x800005c0
        9565000	       955	00000000	00000013	addi	x0,x0,0	  x0:0x00000000
        9575000	       956	800005dc	00000013	addi	x0,x0,0	  x0:0x00000000
        9585000	       957	800005e0	fd5ff0ef	jal	x1,800005e0	  x1=0x800005e0
        9595000	       958	00000000	00000013	addi	x0,x0,0	  x0:0x00000000
        9605000	       959	800005b0	00000013	addi	x0,x0,0	  x0:0x00000000
        9615000	       960	800005b4	010000ef	jal	x1,800005b4	  x1=0x800005b4
        9625000	       961	00000000	00000013	addi	x0,x0,0	  x0:0x00000000
        9635000	       962	800005c0	00000013	addi	x0,x0,0	  x0:0x00000000
        9645000	       963	800005c4	ff5ff0ef	jal	x1,800005c4	  x1=0x800005c4
        9655000	       964	00000000	00000013	addi	x0,x0,0	  x0:0x00000000
        9665000	       965	800005b4	00000013	addi	x0,x0,0	  x0:0x00000000
        9675000	       966	800005b8	01c000ef	jal	x1,800005b8	  x1=0x800005b8
        9685000	       967	00000000	00000013	addi	x0,x0,0	  x0:0x00000000
        9695000	       968	800005d0	00000013	addi	x0,x0,0	  x0:0x00000000
        9705000	       969	800005d4	004000ef	jal	x1,800005d4	  x1=0x800005d4
        9715000	       970	00000000	00000013	addi	x0,x0,0	  x0:0x00000000
        9725000	       971	800005d4	00000013	addi	x0,x0,0	  x0:0x00000000
        9735000	       972	800005d8	00c002ef	jal	x5,800005d8	  x5=0x800005d8
        9745000	       973	00000000	00000013	addi	x0,x0,0	  x0:0x00000000
        9755000	       974	800005e0	00000013	addi	x0,x0,0	  x0:0x00000000
        9765000	       975	800005e4	7d50c393	xori	x7,x1,2005	  x1:0x800005d4  x7=0x80000201
        9775000	       976	800005e8	02c000ef	jal	x1,800005e8	  x1=0x800005e8
        9785000	       977	00000000	00000013	addi	x0,x0,0	  x0:0x00000000
        9795000	       978	80000610	00000013	addi	x0,x0,0	  x0:0x00000000
        9805000	       979	80000614	ff5ff26f	jal	x4,80000614	  x4=0x80000614
        9815000	       980	00000000	00000013	addi	x0,x0,0	  x0:0x00000000
        9825000	       981	80000604	00000013	addi	x0,x0,0	  x0:0x00000000
        9835000	       982	80000608	ffdff0ef	jal	x1,80000608	  x1=0x80000608
        9845000	       983	00000000	00000013	addi	x0,x0,0	  x0:0x00000000
        9855000	       984	80000600	00000013	addi	x0,x0,0	  x0:0x00000000
        9865000	       985	80000604	020000ef	jal	x1,80000604	  x1=0x80000604
        9875000	       986	00000000	00000013	addi	x0,x0,0	  x0:0x00000000
        9885000	       987	80000620	00000013	addi	x0,x0,0	  x0:0x00000000
        9895000	       988	80000624	00c000ef	jal	x1,80000624	  x1=0x80000624
        9905000	       989	00000000	00000013	addi	x0,x0,0	  x0:0x00000000
        9915000	       990	8000062c	00000013	addi	x0,x0,0	  x0:0x00000000
        9925000	       991	80000630	ff1ff0ef	jal	x1,80000630	  x1=0x80000630
        9935000	       992	00000000	00000013	addi	x0,x0,0	  x0:0x00000000
        9945000	       993	8000061c	00000013	addi	x0,x0,0	  x0:0x00000000
        9955000	       994	80000620	ffdff0ef	jal	x1,80000620	  x1=0x80000620
        9965000	       995	00000000	00000013	addi	x0,x0,0	  x0:0x00000000
        9975000	       996	80000618	00000013	addi	x0,x0,0	  x0:0x00000000
        9985000	       997	8000061c	fddff0ef	jal	x1,8000061c	  x1=0x8000061c
        9995000	       998	00000000	00000013	addi	x0,x0,0	  x0:0x00000000
       10005000	       999	800005f4	00000013	addi	x0,x0,0	  x0:0x00000000
       10015000	      1000	800005f8	030001ef	jal	x3,800005f8	  x3=0x800005f8
       10025000	      1001	00000000	00000013	addi	x0,x0,0	  x0:0x00000000
       10035000	      1002	80000624	00000013	addi	x0,x0,0	  x0:0x00000000
       10045000	      1003	80000628	fd5ff0ef	jal	x1,80000628	  x1=0x80000628
       10055000	      1004	00000000	00000013	addi	x0,x0,0	  x0:0x00000000
       10065000	      1005	800005f8	00000013	addi	x0,x0,0	  x0:0x00000000
       10075000	      1006	800005fc	ff9ff0ef	jal	x1,800005fc	  x1=0x800005fc
       10085000	      1007	00000000	00000013	addi	x0,x0,0	  x0:0x00000000
       10095000	      1008	800005f0	00000013	addi	x0,x0,0	  x0:0x00000000
       10105000	      1009	800005f4	018000ef	jal	x1,800005f4	  x1=0x800005f4
       10115000	      1010	00000000	00000013	addi	x0,x0,0	  x0:0x00000000
       10125000	      1011	80000608	00000013	addi	x0,x0,0	  x0:0x00000000
       10135000	      1012	8000060c	fe1ff0ef	jal	x1,8000060c	  x1=0x8000060c
       10145000	      1013	00000000	00000013	addi	x0,x0,0	  x0:0x00000000
       10155000	      1014	800005e8	00000013	addi	x0,x0,0	  x0:0x00000000
       10165000	      1015	800005ec	014000ef	jal	x1,800005ec	  x1=0x800005ec
       10175000	      1016	00000000	00000013	addi	x0,x0,0	  x0:0x00000000
       10185000	      1017	800005fc	00000013	addi	x0,x0,0	  x0:0x00000000
       10195000	      1018	80000600	010009ef	jal	x19,80000600	 x19=0x80000600
       10205000	      1019	00000000	00000013	addi	x0,x0,0	  x0:0x00000000
       10215000	      1020	8000060c	00000013	addi	x0,x0,0	  x0:0x00000000
       10225000	      1021	80000610	fe1ff26f	jal	x4,80000610	  x4=0x80000610
       10235000	      1022	00000000	00000013	addi	x0,x0,0	  x0:0x00000000
       10245000	      1023	800005ec	00000013	addi	x0,x0,0	  x0:0x00000000
       10255000	      1024	800005f0	028000ef	jal	x1,800005f0	  x1=0x800005f0
       10265000	      1025	00000000	00000013	addi	x0,x0,0	  x0:0x00000000
       10275000	      1026	80000614	00000013	addi	x0,x0,0	  x0:0x00000000
       10285000	      1027	80000618	01400def	jal	x27,80000618	 x27=0x80000618
       10295000	      1028	00000000	00000013	addi	x0,x0,0	  x0:0x00000000
       10305000	      1029	80000628	00000013	addi	x0,x0,0	  x0:0x00000000
       10315000	      1030	8000062c	008003ef	jal	x7,8000062c	  x7=0x8000062c
       10325000	      1031	00000000	00000013	addi	x0,x0,0	  x0:0x00000000
       10335000	      1032	80000630	00000013	addi	x0,x0,0	  x0:0x00000000
       10345000	      1033	80000634	00dc1693	slli	x13,x24,0xd	 x24:0x00000009 x13=0x00012000
       10355000	      1034	80000638	034000ef	jal	x1,80000638	  x1=0x80000638
       10365000	      1035	00000000	00000013	addi	x0,x0,0	  x0:0x00000000
       10375000	      1036	80000668	00000013	addi	x0,x0,0	  x0:0x00000000
       10385000	      1037	8000066c	fedff46f	jal	x8,8000066c	  x8=0x8000066c
       10395000	      1038	00000000	00000013	addi	x0,x0,0	  x0:0x00000000
       10405000	      1039	80000654	00000013	addi	x0,x0,0	  x0:0x00000000
       10415000	      1040	80000658	008000ef	jal	x1,80000658	  x1=0x80000658
       10425000	      1041	00000000	00000013	addi	x0,x0,0	  x0:0x00000000
       10435000	      1042	8000065c	00000013	addi	x0,x0,0	  x0:0x00000000
       10445000	      1043	80000660	fe9ff0ef	jal	x1,80000660	  x1=0x80000660
       10455000	      1044	00000000	00000013	addi	x0,x0,0	  x0:0x00000000
       10465000	      1045	80000644	00000013	addi	x0,x0,0	  x0:0x00000000
       10475000	      1046	80000648	008000ef	jal	x1,80000648	  x1=0x80000648
       10485000	      1047	00000000	00000013	addi	x0,x0,0	  x0:0x00000000
       10495000	      1048	8000064c	00000013	addi	x0,x0,0	  x0:0x00000000
       10505000	      1049	80000650	ff1ff0ef	jal	x1,80000650	  x1=0x80000650
       10515000	      1050	00000000	00000013	addi	x0,x0,0	  x0:0x00000000
       10525000	      1051	8000063c	00000013	addi	x0,x0,0	  x0:0x00000000
       10535000	      1052	80000640	028000ef	jal	x1,80000640	  x1=0x80000640
       10545000	      1053	00000000	00000013	addi	x0,x0,0	  x0:0x00000000
       10555000	      1054	80000664	00000013	addi	x0,x0,0	  x0:0x00000000
       10565000	      1055	80000668	fddff1ef	jal	x3,80000668	  x3=0x80000668
       10575000	      1056	00000000	00000013	addi	x0,x0,0	  x0:0x00000000
       10585000	      1057	80000640	00000013	addi	x0,x0,0	  x0:0x00000000
       10595000	      1058	80000644	010000ef	jal	x1,80000644	  x1=0x80000644
       10605000	      1059	00000000	00000013	addi	x0,x0,0	  x0:0x00000000
       10615000	      1060	80000650	00000013	addi	x0,x0,0	  x0:0x00000000
       10625000	      1061	80000654	010000ef	jal	x1,80000654	  x1=0x80000654
       10635000	      1062	00000000	00000013	addi	x0,x0,0	  x0:0x00000000
       10645000	      1063	80000660	00000013	addi	x0,x0,0	  x0:0x00000000
       10655000	      1064	80000664	fe9ff0ef	jal	x1,80000664	  x1=0x80000664
       10665000	      1065	00000000	00000013	addi	x0,x0,0	  x0:0x00000000
       10675000	      1066	80000648	00000013	addi	x0,x0,0	  x0:0x00000000
       10685000	      1067	8000064c	02400f6f	jal	x30,8000064c	 x30=0x8000064c
       10695000	      1068	00000000	00000013	addi	x0,x0,0	  x0:0x00000000
       10705000	      1069	8000066c	00000013	addi	x0,x0,0	  x0:0x00000000
       10715000	      1070	80000670	fcdff0ef	jal	x1,80000670	  x1=0x80000670
       10725000	      1071	00000000	00000013	addi	x0,x0,0	  x0:0x00000000
       10735000	      1072	80000638	00000013	addi	x0,x0,0	  x0:0x00000000
       10745000	      1073	8000063c	0200046f	jal	x8,8000063c	  x8=0x8000063c
       10755000	      1074	00000000	00000013	addi	x0,x0,0	  x0:0x00000000
       10765000	      1075	80000658	00000013	addi	x0,x0,0	  x0:0x00000000
       10775000	      1076	8000065c	01800d6f	jal	x26,8000065c	 x26=0x8000065c
       10785000	      1077	00000000	00000013	addi	x0,x0,0	  x0:0x00000000
       10795000	      1078	80000670	00000013	addi	x0,x0,0	  x0:0x00000000
       10805000	      1079	80000674	40cb0833	sub	x16,x22,x12	 x22:0x80009fc4 x12:0x80000494 x16=0x00009b30
       10815000	      1080	80000678	010000ef	jal	x1,80000678	  x1=0x80000678
       10825000	      1081	00000000	00000013	addi	x0,x0,0	  x0:0x00000000
       10835000	      1082	80000684	00000013	addi	x0,x0,0	  x0:0x00000000
       10845000	      1083	80000688	01c000ef	jal	x1,80000688	  x1=0x80000688
       10855000	      1084	00000000	00000013	addi	x0,x0,0	  x0:0x00000000
       10865000	      1085	800006a0	00000013	addi	x0,x0,0	  x0:0x00000000
       10875000	      1086	800006a4	ffdff0ef	jal	x1,800006a4	  x1=0x800006a4
       10885000	      1087	00000000	00000013	addi	x0,x0,0	  x0:0x00000000
       10895000	      1088	8000069c	00000013	addi	x0,x0,0	  x0:0x00000000
       10905000	      1089	800006a0	fe1ff0ef	jal	x1,800006a0	  x1=0x800006a0
       10915000	      1090	00000000	00000013	addi	x0,x0,0	  x0:0x00000000
       10925000	      1091	8000067c	00000013	addi	x0,x0,0	  x0:0x00000000
       10935000	      1092	80000680	00c000ef	jal	x1,80000680	  x1=0x80000680
       10945000	      1093	00000000	00000013	addi	x0,x0,0	  x0:0x00000000
       10955000	      1094	80000688	00000013	addi	x0,x0,0	  x0:0x00000000
       10965000	      1095	8000068c	004000ef	jal	x1,8000068c	  x1=0x8000068c
       10975000	      1096	00000000	00000013	addi	x0,x0,0	  x0:0x00000000
       10985000	      1097	8000068c	00000013	addi	x0,x0,0	  x0:0x00000000
       10995000	      1098	80000690	018000ef	jal	x1,80000690	  x1=0x80000690
       11005000	      1099	00000000	00000013	addi	x0,x0,0	  x0:0x00000000
       11015000	      1100	800006a4	00000013	addi	x0,x0,0	  x0:0x00000000
       11025000	      1101	800006a8	fd5ff0ef	jal	x1,800006a8	  x1=0x800006a8
       11035000	      1102	00000000	00000013	addi	x0,x0,0	  x0:0x00000000
       11045000	      1103	80000678	00000013	addi	x0,x0,0	  x0:0x00000000
       11055000	      1104	8000067c	01c000ef	jal	x1,8000067c	  x1=0x8000067c
       11065000	      1105	00000000	00000013	addi	x0,x0,0	  x0:0x00000000
       11075000	      1106	80000694	00000013	addi	x0,x0,0	  x0:0x00000000
       11085000	      1107	80000698	ffdff9ef	jal	x19,80000698	 x19=0x80000698
       11095000	      1108	00000000	00000013	addi	x0,x0,0	  x0:0x00000000
       11105000	      1109	80000690	00000013	addi	x0,x0,0	  x0:0x00000000
       11115000	      1110	80000694	008000ef	jal	x1,80000694	  x1=0x80000694
       11125000	      1111	00000000	00000013	addi	x0,x0,0	  x0:0x00000000
       11135000	      1112	80000698	00000013	addi	x0,x0,0	  x0:0x00000000
       11145000	      1113	8000069c	fe9ff0ef	jal	x1,8000069c	  x1=0x8000069c
       11155000	      1114	00000000	00000013	addi	x0,x0,0	  x0:0x00000000
       11165000	      1115	80000680	00000013	addi	x0,x0,0	  x0:0x00000000
       11175000	      1116	80000684	028000ef	jal	x1,80000684	  x1=0x80000684
       11185000	      1117	00000000	00000013	addi	x0,x0,0	  x0:0x00000000
       11195000	      1118	800006a8	00000013	addi	x0,x0,0	  x0:0x00000000
       11205000	      1119	800006ac	01f90d33	add	x26,x18,x31	 x18:0x800005bc x31:0x80000400 x26=0x000009bc
       11215000	      1120	800006b0	034000ef	jal	x1,800006b0	  x1=0x800006b0
       11225000	      1121	00000000	00000013	addi	x0,x0,0	  x0:0x00000000
       11235000	      1122	800006e0	00000013	addi	x0,x0,0	  x0:0x00000000
       11245000	      1123	800006e4	020004ef	jal	x9,800006e4	  x9=0x800006e4
       11255000	      1124	00000000	00000013	addi	x0,x0,0	  x0:0x00000000
       11265000	      1125	80000700	00000013	addi	x0,x0,0	  x0:0x00000000
       11275000	      1126	80000704	ff5ffdef	jal	x27,80000704	 x27=0x80000704
       11285000	      1127	00000000	00000013	addi	x0,x0,0	  x0:0x00000000
       11295000	      1128	800006f4	00000013	addi	x0,x0,0	  x0:0x00000000
       11305000	      1129	800006f8	fe1ff0ef	jal	x1,800006f8	  x1=0x800006f8
       11315000	      1130	00000000	00000013	addi	x0,x0,0	  x0:0x00000000
       11325000	      1131	800006d4	00000013	addi	x0,x0,0	  x0:0x00000000
       11335000	      1132	800006d8	fe1ff0ef	jal	x1,800006d8	  x1=0x800006d8
       11345000	      1133	00000000	00000013	addi	x0,x0,0	  x0:0x00000000
       11355000	      1134	800006b4	00000013	addi	x0,x0,0	  x0:0x00000000
       11365000	      1135	800006b8	018000ef	jal	x1,800006b8	  x1=0x800006b8
       11375000	      1136	00000000	00000013	addi	x0,x0,0	  x0:0x00000000
       11385000	      1137	800006cc	00000013	addi	x0,x0,0	  x0:0x00000000
       11395000	      1138	800006d0	ff1ff16f	jal	x2,800006d0	  x2=0x800006d0
       11405000	      1139	00000000	00000013	addi	x0,x0,0	  x0:0x00000000
       11415000	      1140	800006bc	00000013	addi	x0,x0,0	  x0:0x00000000
       11425000	      1141	800006c0	ff5ff1ef	jal	x3,800006c0	  x3=0x800006c0
       11435000	      1142	00000000	00000013	addi	x0,x0,0	  x0:0x00000000
       11445000	      1143	800006b0	00000013	addi	x0,x0,0	  x0:0x00000000
       11455000	      1144	800006b4	040001ef	jal	x3,800006b4	  x3=0x800006b4
       11465000	      1145	00000000	00000013	addi	x0,x0,0	  x0:0x00000000
       11475000	      1146	800006f0	00000013	addi	x0,x0,0	  x0:0x00000000
       11485000	      1147	800006f4	ff9ff2ef	jal	x5,800006f4	  x5=0x800006f4
       11495000	      1148	00000000	00000013	addi	x0,x0,0	  x0:0x00000000
       11505000	      1149	800006e8	00000013	addi	x0,x0,0	  x0:0x00000000
       11515000	      1150	800006ec	ff5ff0ef	jal	x1,800006ec	  x1=0x800006ec
       11525000	      1151	00000000	00000013	addi	x0,x0,0	  x0:0x00000000
       11535000	      1152	800006dc	00000013	addi	x0,x0,0	  x0:0x00000000
       11545000	      1153	800006e0	fe5ff86f	jal	x16,800006e0	 x16=0x800006e0
       11555000	      1154	00000000	00000013	addi	x0,x0,0	  x0:0x00000000
       11565000	      1155	800006c0	00000013	addi	x0,x0,0	  x0:0x00000000
       11575000	      1156	800006c4	ff9ff0ef	jal	x1,800006c4	  x1=0x800006c4
       11585000	      1157	00000000	00000013	addi	x0,x0,0	  x0:0x00000000
       11595000	      1158	800006b8	00000013	addi	x0,x0,0	  x0:0x00000000
       11605000	      1159	800006bc	0200056f	jal	x10,800006bc	 x10=0x800006bc
       11615000	      1160	00000000	00000013	addi	x0,x0,0	  x0:0x00000000
       11625000	      1161	800006d8	00000013	addi	x0,x0,0	  x0:0x00000000
       11635000	      1162	800006dc	00c000ef	jal	x1,800006dc	  x1=0x800006dc
       11645000	      1163	00000000	00000013	addi	x0,x0,0	  x0:0x00000000
       11655000	      1164	800006e4	00000013	addi	x0,x0,0	  x0:0x00000000
       11665000	      1165	800006e8	fedff0ef	jal	x1,800006e8	  x1=0x800006e8
       11675000	      1166	00000000	00000013	addi	x0,x0,0	  x0:0x00000000
       11685000	      1167	800006d0	00000013	addi	x0,x0,0	  x0:0x00000000
       11695000	      1168	800006d4	028000ef	jal	x1,800006d4	  x1=0x800006d4
       11705000	      1169	00000000	00000013	addi	x0,x0,0	  x0:0x00000000
       11715000	      1170	800006f8	00000013	addi	x0,x0,0	  x0:0x00000000
       11725000	      1171	800006fc	fcdff0ef	jal	x1,800006fc	  x1=0x800006fc
       11735000	      1172	00000000	00000013	addi	x0,x0,0	  x0:0x00000000
       11745000	      1173	800006c4	00000013	addi	x0,x0,0	  x0:0x00000000
       11755000	      1174	800006c8	038000ef	jal	x1,800006c8	  x1=0x800006c8
       11765000	      1175	00000000	00000013	addi	x0,x0,0	  x0:0x00000000
       11775000	      1176	800006fc	00000013	addi	x0,x0,0	  x0:0x00000000
       11785000	      1177	80000700	ff1fffef	jal	x31,80000700	 x31=0x80000700
       11795000	      1178	00000000	00000013	addi	x0,x0,0	  x0:0x00000000
       11805000	      1179	800006ec	00000013	addi	x0,x0,0	  x0:0x00000000
       11815000	      1180	800006f0	fddff0ef	jal	x1,800006f0	  x1=0x800006f0
       11825000	      1181	00000000	00000013	addi	x0,x0,0	  x0:0x00000000
       11835000	      1182	800006c8	00000013	addi	x0,x0,0	  x0:0x00000000
       11845000	      1183	800006cc	03c009ef	jal	x19,800006cc	 x19=0x800006cc
       11855000	      1184	00000000	00000013	addi	x0,x0,0	  x0:0x00000000
       11865000	      1185	80000704	00000013	addi	x0,x0,0	  x0:0x00000000
       11875000	      1186	80000708	00439bb3	sll	x23,x7,x4	  x7:0x8000062c  x4:0x80000610 x23=0x062c0000
       11885000	      1187	8000070c	030000ef	jal	x1,8000070c	  x1=0x8000070c
       11895000	      1188	00000000	00000013	addi	x0,x0,0	  x0:0x00000000
       11905000	      1189	80000738	00000013	addi	x0,x0,0	  x0:0x00000000
       11915000	      1190	8000073c	fd9ff6ef	jal	x13,8000073c	 x13=0x8000073c
       11925000	      1191	00000000	00000013	addi	x0,x0,0	  x0:0x00000000
       11935000	      1192	80000710	00000013	addi	x0,x0,0	  x0:0x00000000
       11945000	      1193	80000714	04c000ef	jal	x1,80000714	  x1=0x80000714
       11955000	      1194	00000000	00000013	addi	x0,x0,0	  x0:0x00000000
       11965000	      1195	8000075c	00000013	addi	x0,x0,0	  x0:0x00000000
       11975000	      1196	80000760	fc5ffcef	jal	x25,80000760	 x25=0x80000760
       11985000	      1197	00000000	00000013	addi	x0,x0,0	  x0:0x00000000
       11995000	      1198	80000720	00000013	addi	x0,x0,0	  x0:0x00000000
       12005000	      1199	80000724	004000ef	jal	x1,80000724	  x1=0x80000724
       12015000	      1200	00000000	00000013	addi	x0,x0,0	  x0:0x00000000
       12025000	      1201	80000724	00000013	addi	x0,x0,0	  x0:0x00000000
       12035000	      1202	80000728	028000ef	jal	x1,80000728	  x1=0x80000728
       12045000	      1203	00000000	00000013	addi	x0,x0,0	  x0:0x00000000
       12055000	      1204	8000074c	00000013	addi	x0,x0,0	  x0:0x00000000
       12065000	      1205	80000750	fd1ff86f	jal	x16,80000750	 x16=0x80000750
       12075000	      1206	00000000	00000013	addi	x0,x0,0	  x0:0x00000000
       12085000	      1207	8000071c	00000013	addi	x0,x0,0	  x0:0x00000000
       12095000	      1208	80000720	014000ef	jal	x1,80000720	  x1=0x80000720
       12105000	      1209	00000000	00000013	addi	x0,x0,0	  x0:0x00000000
       12115000	      1210	80000730	00000013	addi	x0,x0,0	  x0:0x00000000
       12125000	      1211	80000734	0300096f	jal	x18,80000734	 x18=0x80000734
       12135000	      1212	00000000	00000013	addi	x0,x0,0	  x0:0x00000000
       12145000	      1213	80000760	00000013	addi	x0,x0,0	  x0:0x00000000
       12155000	      1214	80000764	fadff0ef	jal	x1,80000764	  x1=0x80000764
       12165000	      1215	00000000	00000013	addi	x0,x0,0	  x0:0x00000000
       12175000	      1216	8000070c	00000013	addi	x0,x0,0	  x0:0x00000000
       12185000	      1217	80000710	034009ef	jal	x19,80000710	 x19=0x80000710
       12195000	      1218	00000000	00000013	addi	x0,x0,0	  x0:0x00000000
       12205000	      1219	80000740	00000013	addi	x0,x0,0	  x0:0x00000000
       12215000	      1220	80000744	ff5ff0ef	jal	x1,80000744	  x1=0x80000744
       12225000	      1221	00000000	00000013	addi	x0,x0,0	  x0:0x00000000
       12235000	      1222	80000734	00000013	addi	x0,x0,0	  x0:0x00000000
       12245000	      1223	80000738	ff9ff0ef	jal	x1,80000738	  x1=0x80000738
       12255000	      1224	00000000	00000013	addi	x0,x0,0	  x0:0x00000000
       12265000	      1225	8000072c	00000013	addi	x0,x0,0	  x0:0x00000000
       12275000	      1226	80000730	0180026f	jal	x4,80000730	  x4=0x80000730
       12285000	      1227	00000000	00000013	addi	x0,x0,0	  x0:0x00000000
       12295000	      1228	80000744	00000013	addi	x0,x0,0	  x0:0x00000000
       12305000	      1229	80000748	014000ef	jal	x1,80000748	  x1=0x80000748
       12315000	      1230	00000000	00000013	addi	x0,x0,0	  x0:0x00000000
       12325000	      1231	80000758	00000013	addi	x0,x0,0	  x0:0x00000000
       12335000	      1232	8000075c	fd1ff0ef	jal	x1,8000075c	  x1=0x8000075c
       12345000	      1233	00000000	00000013	addi	x0,x0,0	  x0:0x00000000
       12355000	      1234	80000728	00000013	addi	x0,x0,0	  x0:0x00000000
       12365000	      1235	8000072c	020006ef	jal	x13,8000072c	 x13=0x8000072c
       12375000	      1236	00000000	00000013	addi	x0,x0,0	  x0:0x00000000
       12385000	      1237	80000748	00000013	addi	x0,x0,0	  x0:0x00000000
       12395000	      1238	8000074c	fd1ff0ef	jal	x1,8000074c	  x1=0x8000074c
       12405000	      1239	00000000	00000013	addi	x0,x0,0	  x0:0x00000000
       12415000	      1240	80000718	00000013	addi	x0,x0,0	  x0:0x00000000
       12425000	      1241	8000071c	03c0056f	jal	x10,8000071c	 x10=0x8000071c
       12435000	      1242	00000000	00000013	addi	x0,x0,0	  x0:0x00000000
       12445000	      1243	80000754	00000013	addi	x0,x0,0	  x0:0x00000000
       12455000	      1244	80000758	fc1ff0ef	jal	x1,80000758	  x1=0x80000758
       12465000	      1245	00000000	00000013	addi	x0,x0,0	  x0:0x00000000
       12475000	      1246	80000714	00000013	addi	x0,x0,0	  x0:0x00000000
       12485000	      1247	80000718	03c000ef	jal	x1,80000718	  x1=0x80000718
       12495000	      1248	00000000	00000013	addi	x0,x0,0	  x0:0x00000000
       12505000	      1249	80000750	00000013	addi	x0,x0,0	  x0:0x00000000
       12515000	      1250	80000754	fedff0ef	jal	x1,80000754	  x1=0x80000754
       12525000	      1251	00000000	00000013	addi	x0,x0,0	  x0:0x00000000
       12535000	      1252	8000073c	00000013	addi	x0,x0,0	  x0:0x00000000
       12545000	      1253	80000740	028000ef	jal	x1,80000740	  x1=0x80000740
       12555000	      1254	00000000	00000013	addi	x0,x0,0	  x0:0x00000000
       12565000	      1255	80000764	00000013	addi	x0,x0,0	  x0:0x00000000
       12575000	      1256	80000768	00000013	addi	x0,x0,0	  x0:0x00000000
       12585000	      1257	8000076c	030000ef	jal	x1,8000076c	  x1=0x8000076c
       12595000	      1258	00000000	00000013	addi	x0,x0,0	  x0:0x00000000
       12605000	      1259	80000798	00000013	addi	x0,x0,0	  x0:0x00000000
       12615000	      1260	8000079c	fd5ff0ef	jal	x1,8000079c	  x1=0x8000079c
       12625000	      1261	00000000	00000013	addi	x0,x0,0	  x0:0x00000000
       12635000	      1262	8000076c	00000013	addi	x0,x0,0	  x0:0x00000000
       12645000	      1263	80000770	038000ef	jal	x1,80000770	  x1=0x80000770
       12655000	      1264	00000000	00000013	addi	x0,x0,0	  x0:0x00000000
       12665000	      1265	800007a4	00000013	addi	x0,x0,0	  x0:0x00000000
       12675000	      1266	800007a8	fd9ffa6f	jal	x20,800007a8	 x20=0x800007a8
       12685000	      1267	00000000	00000013	addi	x0,x0,0	  x0:0x00000000
       12695000	      1268	8000077c	00000013	addi	x0,x0,0	  x0:0x00000000
       12705000	      1269	80000780	020000ef	jal	x1,80000780	  x1=0x80000780
       12715000	      1270	00000000	00000013	addi	x0,x0,0	  x0:0x00000000
       12725000	      1271	8000079c	00000013	addi	x0,x0,0	  x0:0x00000000
       12735000	      1272	800007a0	00c000ef	jal	x1,800007a0	  x1=0x800007a0
       12745000	      1273	00000000	00000013	addi	x0,x0,0	  x0:0x00000000
       12755000	      1274	800007a8	00000013	addi	x0,x0,0	  x0:0x00000000
       12765000	      1275	800007ac	ff9ff2ef	jal	x5,800007ac	  x5=0x800007ac
       12775000	      1276	00000000	00000013	addi	x0,x0,0	  x0:0x00000000
       12785000	      1277	800007a0	00000013	addi	x0,x0,0	  x0:0x00000000
       12795000	      1278	800007a4	fd1ff0ef	jal	x1,800007a4	  x1=0x800007a4
       12805000	      1279	00000000	00000013	addi	x0,x0,0	  x0:0x00000000
       12815000	      1280	80000770	00000013	addi	x0,x0,0	  x0:0x00000000
       12825000	      1281	80000774	008000ef	jal	x1,80000774	  x1=0x80000774
       12835000	      1282	00000000	00000013	addi	x0,x0,0	  x0:0x00000000
       12845000	      1283	80000778	00000013	addi	x0,x0,0	  x0:0x00000000
       12855000	      1284	8000077c	0140056f	jal	x10,8000077c	 x10=0x8000077c
       12865000	      1285	00000000	00000013	addi	x0,x0,0	  x0:0x00000000
       12875000	      1286	8000078c	00000013	addi	x0,x0,0	  x0:0x00000000
       12885000	      1287	80000790	00400e6f	jal	x28,80000790	 x28=0x80000790
       12895000	      1288	00000000	00000013	addi	x0,x0,0	  x0:0x00000000
       12905000	      1289	80000790	00000013	addi	x0,x0,0	  x0:0x00000000
       12915000	      1290	80000794	ff1ff0ef	jal	x1,80000794	  x1=0x80000794
       12925000	      1291	00000000	00000013	addi	x0,x0,0	  x0:0x00000000
       12935000	      1292	80000780	00000013	addi	x0,x0,0	  x0:0x00000000
       12945000	      1293	80000784	ff5ff1ef	jal	x3,80000784	  x3=0x80000784
       12955000	      1294	00000000	00000013	addi	x0,x0,0	  x0:0x00000000
       12965000	      1295	80000774	00000013	addi	x0,x0,0	  x0:0x00000000
       12975000	      1296	80000778	014001ef	jal	x3,80000778	  x3=0x80000778
       12985000	      1297	00000000	00000013	addi	x0,x0,0	  x0:0x00000000
       12995000	      1298	80000788	00000013	addi	x0,x0,0	  x0:0x00000000
       13005000	      1299	8000078c	ffdff0ef	jal	x1,8000078c	  x1=0x8000078c
       13015000	      1300	00000000	00000013	addi	x0,x0,0	  x0:0x00000000
       13025000	      1301	80000784	00000013	addi	x0,x0,0	  x0:0x00000000
       13035000	      1302	80000788	0100026f	jal	x4,80000788	  x4=0x80000788
       13045000	      1303	00000000	00000013	addi	x0,x0,0	  x0:0x00000000
       13055000	      1304	80000794	00000013	addi	x0,x0,0	  x0:0x00000000
       13065000	      1305	80000798	018000ef	jal	x1,80000798	  x1=0x80000798
       13075000	      1306	00000000	00000013	addi	x0,x0,0	  x0:0x00000000
       13085000	      1307	800007ac	00000013	addi	x0,x0,0	  x0:0x00000000
       13095000	      1308	800007b0	41d75113	srai	x2,x14,0x1d	 x14:0x80000550  x2=0xfffffffc
       13105000	      1309	800007b4	003a9033	sll	x0,x21,x3	 x21:0x8000031c  x3:0x80000778
       13115000	      1310	800007b8	402551b3	sra	x3,x10,x2	 x10:0x8000077c  x2:0xfffffffc  x3=0xfffffff8
       13125000	      1311	800007bc	65633c93	sltiu	x25,x6,1622	  x6:0x80009f84 x25=0x00000000
       13135000	      1312	800007c0	405e5393	srai	x7,x28,0x5	 x28:0x80000790  x7=0xfc00003c
       13145000	      1313	800007c4	7f44e237	lui	x4,0x7f44e	  x4=0x7f44e000
       13155000	      1314	800007c8	00b0a733	slt	x14,x1,x11	  x1:0x80000798 x11:0x80000540 x14=0x00000000
       13165000	      1315	800007cc	1aa37a17	auipc	x20,0x1aa37	 x20=0x9aa377c8
       13175000	      1316	800007d0	044d7863	bgeu	x26,x4,80000820	 x26:0x000009bc  x4:0x7f44e000
       13185000	      1317	800007d4	0180b133	sltu	x2,x1,x24	  x1:0x80000798 x24:0x00000009  x2=0x00000000
       13195000	      1318	800007d8	014f9613	slli	x12,x31,0x14	 x31:0x80000700 x12=0x70000000
       13205000	      1319	800007dc	007206b3	add	x13,x4,x7	  x4:0x7f44e000  x7:0xfc00003c x13=0x7b44e03c
       13215000	      1320	800007e0	01be9e13	slli	x28,x29,0x1b	 x29:0x80000568 x28=0x40000000
       13225000	      1321	800007e4	40cf5413	srai	x8,x30,0xc	 x30:0x8000064c  x8=0xfff80000
       13235000	      1322	800007e8	41345f93	srai	x31,x8,0x13	  x8:0xfff80000 x31=0xffffffff
       13245000	      1323	800007ec	00c65863	bge	x12,x12,800007fc	 x12:0x70000000 x12:0x70000000
       13255000	      1324	00000000	00000013	addi	x0,x0,0	  x0:0x00000000
       13265000	      1325	800007f8	00000013	addi	x0,x0,0	  x0:0x00000000
       13275000	      1326	800007fc	009e3e33	sltu	x28,x28,x9	 x28:0x40000000  x9:0x800006e4 x28=0x00000001
       13285000	      1327	80000800	e10bb993	sltiu	x19,x23,-496	 x23:0x062c0000 x19=0x00000001
       13295000	      1328	80000804	01c2da63	bge	x5,x28,80000818	  x5:0x800007ac x28:0x00000001
       13305000	      1329	80000808	adbb1f17	auipc	x30,0xadbb1	 x30=0x2dbb1804
       13315000	      1330	8000080c	00745a93	srli	x21,x8,0x7	  x8:0xfff80000 x21=0x01fff000
       13325000	      1331	80000810	bc9f2f13	slti	x30,x30,-1079	 x30:0x2dbb1804 x30=0x00000000
       13335000	      1332	80000814	004d5733	srl	x14,x26,x4	 x26:0x000009bc  x4:0x7f44e000 x14=0x000009bc
       13345000	      1333	80000818	00d85533	srl	x10,x16,x13	 x16:0x80000750 x13:0x7b44e03c x10=0x00000008
       13355000	      1334	8000081c	bdfb3c93	sltiu	x25,x22,-1057	 x22:0x80009fc4 x25=0x00000001
       13365000	      1335	80000820	d5463b97	auipc	x23,0xd5463	 x23=0x5546381c
       13375000	      1336	80000824	02211663	bne	x2,x2,80000850	  x2:0x00000000  x2:0x00000000
       13385000	      1337	80000828	008fd533	srl	x10,x31,x8	 x31:0xffffffff  x8:0xfff80000 x10=0xffffffff
       13395000	      1338	8000082c	015babb3	slt	x23,x23,x21	 x23:0x5546381c x21:0x01fff000 x23=0x00000000
       13405000	      1339	80000830	04867063	bgeu	x12,x8,80000870	 x12:0x70000000  x8:0xfff80000
       13415000	      1340	80000834	0017de33	srl	x28,x15,x1	 x15:0x8000054c  x1:0x80000798 x28=0x00000080
       13425000	      1341	80000838	00ea5663	bge	x20,x14,80000844	 x20:0x9aa377c8 x14:0x000009bc
       13435000	      1342	8000083c	03c15863	bge	x2,x28,8000086c	  x2:0x00000000 x28:0x00000080
       13445000	      1343	80000840	015ba2b3	slt	x5,x23,x21	 x23:0x00000000 x21:0x01fff000  x5=0x00000001
       13455000	      1344	80000844	00871c13	slli	x24,x14,0x8	 x14:0x000009bc x24=0x0009bc00
       13465000	      1345	80000848	41690633	sub	x12,x18,x22	 x18:0x80000734 x22:0x80009fc4 x12=0xffff6770
       13475000	      1346	8000084c	00000013	addi	x0,x0,0	  x0:0x00000000
       13485000	      1347	80000850	0360ce63	blt	x1,x22,8000088c	  x1:0x80000798 x22:0x80009fc4
       13495000	      1348	00000000	00000013	addi	x0,x0,0	  x0:0x00000000
       13505000	      1349	80000888	00000013	addi	x0,x0,0	  x0:0x00000000
       13515000	      1350	8000088c	00ebe2b3	or	x5,x23,x14	 x23:0x00000000 x14:0x000009bc  x5=0x000009bc
       13525000	      1351	80000890	05c91263	bne	x18,x28,800008d4	 x18:0x80000734 x28:0x00000080
       13535000	      1352	00000000	00000013	addi	x0,x0,0	  x0:0x00000000
       13545000	      1353	800008d0	00000013	addi	x0,x0,0	  x0:0x00000000
       13555000	      1354	800008d4	41a45c93	srai	x25,x8,0x1a	  x8:0xfff80000 x25=0xffffffff
       13565000	      1355	800008d8	03a74063	blt	x14,x26,800008f8	 x14:0x000009bc x26:0x000009bc
       13575000	      1356	800008dc	ef63b693	sltiu	x13,x7,-266	  x7:0xfc00003c x13=0x00000001
       13585000	      1357	800008e0	002c6a63	bltu	x24,x2,800008f4	 x24:0x0009bc00  x2:0x00000000
       13595000	      1358	800008e4	b3ce7b97	auipc	x23,0xb3ce7	 x23=0x33ce78e0
       13605000	      1359	800008e8	01409913	slli	x18,x1,0x14	  x1:0x80000798 x18=0x79800000
       13615000	      1360	800008ec	0112e663	bltu	x5,x17,800008f8	  x5:0x000009bc x17:0x0000000e
       13625000	      1361	800008f0	01b04db3	xor	x27,x0,x27	  x0:0x00000000 x27:0x80000704 x27=0x80000704
       13635000	      1362	800008f4	00ed6863	bltu	x26,x14,80000904	 x26:0x000009bc x14:0x000009bc
       13645000	      1363	800008f8	62bd3693	sltiu	x13,x26,1579	 x26:0x000009bc x13=0x00000000
       13655000	      1364	800008fc	01e6dd33	srl	x26,x13,x30	 x13:0x00000000 x30:0x00000000 x26=0x00000000
       13665000	      1365	80000900	2e555737	lui	x14,0x2e555	 x14=0x2e555000
       13675000	      1366	80000904	0090d2b3	srl	x5,x1,x9	  x1:0x80000798  x9:0x800006e4  x5=0x08000079
       13685000	      1367	80000908	14f46037	lui	x0,0x14f46	
       13695000	      1368	8000090c	00d61c33	sll	x24,x12,x13	 x12:0xffff6770 x13:0x00000000 x24=0xffff6770
       13705000	      1369	80000910	01288d33	add	x26,x17,x18	 x17:0x0000000e x18:0x79800000 x26=0x7980000e
       13715000	      1370	80000914	0097bcb3	sltu	x25,x15,x9	 x15:0x8000054c  x9:0x800006e4 x25=0x00000001
       13725000	      1371	80000918	15fc4113	xori	x2,x24,351	 x24:0xffff6770  x2=0xffff662f
       13735000	      1372	8000091c	d1624813	xori	x16,x4,-746	  x4:0x7f44e000 x16=0x80bb1d16
       13745000	      1373	80000920	01b3acb3	slt	x25,x7,x27	  x7:0xfc00003c x27:0x80000704 x25=0x00000000
       13755000	      1374	80000924	339f2b93	slti	x23,x30,825	 x30:0x00000000 x23=0x00000001
       13765000	      1375	80000928	05500263	beq	x0,x21,8000096c	  x0:0x00000000 x21:0x01fff000
       13775000	      1376	8000092c	01949e33	sll	x28,x9,x25	  x9:0x800006e4 x25:0x00000000 x28=0x800006e4
       13785000	      1377	80000930	01bdd3b3	srl	x7,x27,x27	 x27:0x80000704 x27:0x80000704  x7=0x08000070
       13795000	      1378	80000934	009c0db3	add	x27,x24,x9	 x24:0xffff6770  x9:0x800006e4 x27=0x7fff6e54
       13805000	      1379	80000938	00421993	slli	x19,x4,0x4	  x4:0x7f44e000 x19=0xf44e0000
       13815000	      1380	8000093c	8ed75737	lui	x14,0x8ed75	 x14=0x8ed75000
       13825000	      1381	80000940	006df3b3	and	x7,x27,x6	 x27:0x7fff6e54  x6:0x80009f84  x7=0x00000e04
       13835000	      1382	80000944	01694c63	blt	x18,x22,8000095c	 x18:0x79800000 x22:0x80009fc4
       13845000	      1383	80000948	4133de13	srai	x28,x7,0x13	  x7:0x00000e04 x28=0x00000000
       13855000	      1384	8000094c	41e60d33	sub	x26,x12,x30	 x12:0xffff6770 x30:0x00000000 x26=0xffff6770
       13865000	      1385	80000950	7a08ae13	slti	x28,x17,1952	 x17:0x0000000e x28=0x00000001
       13875000	      1386	80000954	0124dd93	srli	x27,x9,0x12	  x9:0x800006e4 x27=0x00002000
       13885000	      1387	80000958	1febba37	lui	x20,0x1febb	 x20=0x1febb000
       13895000	      1388	8000095c	01715d13	srli	x26,x2,0x17	  x2:0xffff662f x26=0x000001ff
       13905000	      1389	80000960	0e5991b7	lui	x3,0xe599	  x3=0x0e599000
       13915000	      1390	80000964	706d8113	addi	x2,x27,1798	 x27:0x00002000  x2=0x00002706
       13925000	      1391	80000968	03ba7c63	bgeu	x20,x27,800009a0	 x20:0x1febb000 x27:0x00002000
       13935000	      1392	00000000	00000013	addi	x0,x0,0	  x0:0x00000000
       13945000	      1393	8000099c	00000013	addi	x0,x0,0	  x0:0x00000000
       13955000	      1394	800009a0	1bf62d13	slti	x26,x12,447	 x12:0xffff6770 x26=0x00000001
       13965000	      1395	800009a4	07c07b93	andi	x23,x0,124	  x0:0x00000000 x23=0x00000000
       13975000	      1396	800009a8	00a08d33	add	x26,x1,x10	  x1:0x80000798 x10:0xffffffff x26=0x80000797
       13985000	      1397	800009ac	2c87f013	andi	x0,x15,712	 x15:0x8000054c
       13995000	      1398	800009b0	03228663	beq	x5,x18,800009dc	  x5:0x08000079 x18:0x79800000
       14005000	      1399	800009b4	010dca63	blt	x27,x16,800009c8	 x27:0x00002000 x16:0x80bb1d16
       14015000	      1400	800009b8	00236e63	bltu	x6,x2,800009d4	  x6:0x80009f84  x2:0x00002706
       14025000	      1401	800009bc	4014dbb3	sra	x23,x9,x1	  x9:0x800006e4  x1:0x80000798 x23=0xffffff80
       14035000	      1402	800009c0	00000013	addi	x0,x0,0	  x0:0x00000000
       14045000	      1403	800009c4	01469bb3	sll	x23,x13,x20	 x13:0x00000000 x20:0x1febb000 x23=0x00000000
       14055000	      1404	800009c8	e4c81ab7	lui	x21,0xe4c81	 x21=0xe4c81000
       14065000	      1405	800009cc	40518a33	sub	x20,x3,x5	  x3:0x0e599000  x5:0x08000079 x20=0x06598f87
       14075000	      1406	800009d0	01a55c63	bge	x10,x26,800009e8	 x10:0xffffffff x26:0x80000797
       14085000	      1407	00000000	00000013	addi	x0,x0,0	  x0:0x00000000
       14095000	      1408	800009e4	00000013	addi	x0,x0,0	  x0:0x00000000
       14105000	      1409	800009e8	31076b97	auipc	x23,0x31076	 x23=0xb10769e4
       14115000	      1410	800009ec	3d7da797	auipc	x15,0x3d7da	 x15=0xbd7da9e8
       14125000	      1411	800009f0	417adf93	srai	x31,x21,0x17	 x21:0xe4c81000 x31=0xffffffc9
       14135000	      1412	800009f4	003e9c63	bne	x29,x3,80000a0c	 x29:0x80000568  x3:0x0e599000
       14145000	      1413	00000000	00000013	addi	x0,x0,0	  x0:0x00000000
       14155000	      1414	80000a08	00000013	addi	x0,x0,0	  x0:0x00000000
       14165000	      1415	80000a0c	1946bc37	lui	x24,0x1946b	 x24=0x1946b000
       14175000	      1416	80000a10	00006eb3	or	x29,x0,x0	  x0:0x00000000  x0:0x00000000 x29=0x00000000
       14185000	      1417	80000a14	01fc5e13	srli	x28,x24,0x1f	 x24:0x1946b000 x28=0x00000000
       14195000	      1418	80000a18	b1987613	andi	x12,x16,-1255	 x16:0x80bb1d16 x12=0x80bb1910
       14205000	      1419	80000a1c	41c35833	sra	x16,x6,x28	  x6:0x80009f84 x28:0x00000000 x16=0x80009f84
       14215000	      1420	80000a20	403edc33	sra	x24,x29,x3	 x29:0x00000000  x3:0x0e599000 x24=0x00000000
       14225000	      1421	80000a24	403387b3	sub	x15,x7,x3	  x7:0x00000e04  x3:0x0e599000 x15=0xf1a67e04
       14235000	      1422	80000a28	02517863	bgeu	x2,x5,80000a58	  x2:0x00002706  x5:0x08000079
       14245000	      1423	80000a2c	89214393	xori	x7,x2,-1902	  x2:0x00002706  x7=0xffffdf94
       14255000	      1424	80000a30	00513e33	sltu	x28,x2,x5	  x2:0x00002706  x5:0x08000079 x28=0x00000001
       14265000	      1425	80000a34	02e47e63	bgeu	x8,x14,80000a70	  x8:0xfff80000 x14:0x8ed75000
       14275000	      1426	00000000	00000013	addi	x0,x0,0	  x0:0x00000000
       14285000	      1427	80000a6c	00000013	addi	x0,x0,0	  x0:0x00000000
       14295000	      1428	80000a70	731fe413	ori	x8,x31,1841	 x31:0xffffffc9  x8=0xfffffff9
       14305000	      1429	80000a74	00ea9463	bne	x21,x14,80000a7c	 x21:0xe4c81000 x14:0x8ed75000
       14315000	      1430	00000000	00000013	addi	x0,x0,0	  x0:0x00000000
       14325000	      1431	80000a78	00000013	addi	x0,x0,0	  x0:0x00000000
       14335000	      1432	80000a7c	01385cb3	srl	x25,x16,x19	 x16:0x80009f84 x19:0xf44e0000 x25=0x80009f84
       14345000	      1433	80000a80	00b6dfb3	srl	x31,x13,x11	 x13:0x00000000 x11:0x80000540 x31=0x00000000
       14355000	      1434	80000a84	96909c97	auipc	x25,0x96909	 x25=0x16909a80
       14365000	      1435	80000a88	1c321517	auipc	x10,0x1c321	 x10=0x9c321a84
       14375000	      1436	80000a8c	6fd06293	ori	x5,x0,1789	  x0:0x00000000  x5=0x000006fd
       14385000	      1437	80000a90	01046e33	or	x28,x8,x16	  x8:0xfffffff9 x16:0x80009f84 x28=0xfffffffd
       14395000	      1438	80000a94	011d52b3	srl	x5,x26,x17	 x26:0x80000797 x17:0x0000000e  x5=0x00020000
       14405000	      1439	80000a98	41428eb3	sub	x29,x5,x20	  x5:0x00020000 x20:0x06598f87 x29=0xf9a87079
       14415000	      1440	80000a9c	d38d0d17	auipc	x26,0xd38d0	 x26=0x538d0a98
       14425000	      1441	80000aa0	00945a63	bge	x8,x9,80000ab4	  x8:0xfffffff9  x9:0x800006e4
       14435000	      1442	00000000	00000013	addi	x0,x0,0	  x0:0x00000000
       14445000	      1443	80000ab0	00000013	addi	x0,x0,0	  x0:0x00000000
       14455000	      1444	80000ab4	00d90133	add	x2,x18,x13	 x18:0x79800000 x13:0x00000000  x2=0x79800000
       14465000	      1445	80000ab8	00000013	addi	x0,x0,0	  x0:0x00000000
       14475000	      1446	80000abc	bdbfa693	slti	x13,x31,-1061	 x31:0x00000000 x13=0x00000000
       14485000	      1447	80000ac0	007839b3	sltu	x19,x16,x7	 x16:0x80009f84  x7:0xffffdf94 x19=0x00000001
       14495000	      1448	80000ac4	01850663	beq	x10,x24,80000ad0	 x10:0x9c321a84 x24:0x00000000
       14505000	      1449	80000ac8	001f89b3	add	x19,x31,x1	 x31:0x00000000  x1:0x80000798 x19=0x80000798
       14515000	      1450	80000acc	01f99a63	bne	x19,x31,80000ae0	 x19:0x80000798 x31:0x00000000
       14525000	      1451	00000000	00000013	addi	x0,x0,0	  x0:0x00000000
       14535000	      1452	80000adc	00000013	addi	x0,x0,0	  x0:0x00000000
       14545000	      1453	80000ae0	02413713	sltiu	x14,x2,36	  x2:0x79800000 x14=0x00000000
       14555000	      1454	80000ae4	6825be13	sltiu	x28,x11,1666	 x11:0x80000540 x28=0x00000000
       14565000	      1455	80000ae8	00d3e0b3	or	x1,x7,x13	  x7:0xffffdf94 x13:0x00000000  x1=0xffffdf94
       14575000	      1456	80000aec	009f9a33	sll	x20,x31,x9	 x31:0x00000000  x9:0x800006e4 x20=0x00000000
       14585000	      1457	80000af0	00258e33	add	x28,x11,x2	 x11:0x80000540  x2:0x79800000 x28=0xf9800540
       14595000	      1458	80000af4	01502eb3	slt	x29,x0,x21	  x0:0x00000000 x21:0xe4c81000 x29=0x00000000
       14605000	      1459	80000af8	02f6ee63	bltu	x13,x15,80000b34	 x13:0x00000000 x15:0xf1a67e04
       14615000	      1460	00000000	00000013	addi	x0,x0,0	  x0:0x00000000
       14625000	      1461	80000b30	00000013	addi	x0,x0,0	  x0:0x00000000
       14635000	      1462	80000b34	40580c33	sub	x24,x16,x5	 x16:0x80009f84  x5:0x00020000 x24=0x7ffe9f84
       14645000	      1463	80000b38	64c8b393	sltiu	x7,x17,1612	 x17:0x0000000e  x7=0x00000001
       14655000	      1464	80000b3c	081aec63	bltu	x21,x1,80000bd4	 x21:0xe4c81000  x1:0xffffdf94
       14665000	      1465	00000000	00000013	addi	x0,x0,0	  x0:0x00000000
       14675000	      1466	80000bd0	00000013	addi	x0,x0,0	  x0:0x00000000
       14685000	      1467	80000bd4	0995fa93	andi	x21,x11,153	 x11:0x80000540 x21=0x00000000
       14695000	      1468	80000bd8	38267793	andi	x15,x12,898	 x12:0x80bb1910 x15=0x00000100
       14705000	      1469	80000bdc	00021a33	sll	x20,x4,x0	  x4:0x7f44e000  x0:0x00000000 x20=0x7f44e000
       14715000	      1470	80000be0	016dd633	srl	x12,x27,x22	 x27:0x00002000 x22:0x80009fc4 x12=0x00000200
       14725000	      1471	80000be4	03880063	beq	x16,x24,80000c04	 x16:0x80009f84 x24:0x7ffe9f84
       14735000	      1472	80000be8	aab9b3b7	lui	x7,0xaab9b	  x7=0xaab9b000
       14745000	      1473	80000bec	01a9c863	blt	x19,x26,80000bfc	 x19:0x80000798 x26:0x538d0a98
       14755000	      1474	00000000	00000013	addi	x0,x0,0	  x0:0x00000000
       14765000	      1475	80000bf8	00000013	addi	x0,x0,0	  x0:0x00000000
       14775000	      1476	80000bfc	40878fb3	sub	x31,x15,x8	 x15:0x00000100  x8:0xfffffff9 x31=0x00000107
       14785000	      1477	80000c00	6196f393	andi	x7,x13,1561	 x13:0x00000000  x7=0x00000000
       14795000	      1478	80000c04	40d404b3	sub	x9,x8,x13	  x8:0xfffffff9 x13:0x00000000  x9=0xfffffff9
       14805000	      1479	80000c08	02056863	bltu	x10,x0,80000c38	 x10:0x9c321a84  x0:0x00000000
       14815000	      1480	80000c0c	01f0a133	slt	x2,x1,x31	  x1:0xffffdf94 x31:0x00000107  x2=0x00000001
       14825000	      1481	80000c10	af588917	auipc	x18,0xaf588	 x18=0x2f588c0c
       14835000	      1482	80000c14	2fcfba93	sltiu	x21,x31,764	 x31:0x00000107 x21=0x00000001
       14845000	      1483	80000c18	0004cbb3	xor	x23,x9,x0	  x9:0xfffffff9  x0:0x00000000 x23=0xfffffff9
       14855000	      1484	80000c1c	ad483193	sltiu	x3,x16,-1324	 x16:0x80009f84  x3=0x00000001
       14865000	      1485	80000c20	69f03f13	sltiu	x30,x0,1695	  x0:0x00000000 x30=0x00000001
       14875000	      1486	80000c24	0321f663	bgeu	x3,x18,80000c50	  x3:0x00000001 x18:0x2f588c0c
       14885000	      1487	80000c28	019bbeb3	sltu	x29,x23,x25	 x23:0xfffffff9 x25:0x16909a80 x29=0x00000000
       14895000	      1488	80000c2c	402756b3	sra	x13,x14,x2	 x14:0x00000000  x2:0x00000001 x13=0x00000000
       14905000	      1489	80000c30	a8609db7	lui	x27,0xa8609	 x27=0xa8609000
       14915000	      1490	80000c34	02b4ce63	blt	x9,x11,80000c70	  x9:0xfffffff9 x11:0x80000540
       14925000	      1491	80000c38	00680633	add	x12,x16,x6	 x16:0x80009f84  x6:0x80009f84 x12=0x00013f08
       14935000	      1492	80000c3c	bdf6e993	ori	x19,x13,-1057	 x13:0x00000000 x19=0xfffffbdf
       14945000	      1493	80000c40	42640d13	addi	x26,x8,1062	  x8:0xfffffff9 x26=0x0000041f
       14955000	      1494	80000c44	00add463	bge	x27,x10,80000c4c	 x27:0xa8609000 x10:0x9c321a84
       14965000	      1495	00000000	00000013	addi	x0,x0,0	  x0:0x00000000
       14975000	      1496	80000c48	00000013	addi	x0,x0,0	  x0:0x00000000
       14985000	      1497	80000c4c	00094833	xor	x16,x18,x0	 x18:0x2f588c0c  x0:0x00000000 x16=0x2f588c0c
       14995000	      1498	80000c50	00961633	sll	x12,x12,x9	 x12:0x00013f08  x9:0xfffffff9 x12=0x10000000
       15005000	      1499	80000c54	06d5f513	andi	x10,x11,109	 x11:0x80000540 x10=0x00000040
       15015000	      1500	80000c58	016683b3	add	x7,x13,x22	 x13:0x00000000 x22:0x80009fc4  x7=0x80009fc4
       15025000	      1501	80000c5c	007c1bb3	sll	x23,x24,x7	 x24:0x7ffe9f84  x7:0x80009fc4 x23=0xffe9f840
       15035000	      1502	80000c60	01430d33	add	x26,x6,x20	  x6:0x80009f84 x20:0x7f44e000 x26=0xff457f84
       15045000	      1503	80000c64	01f09113	slli	x2,x1,0x1f	  x1:0xffffdf94  x2=0x00000000
       15055000	      1504	80000c68	03891063	bne	x18,x24,80000c88	 x18:0x2f588c0c x24:0x7ffe9f84
       15065000	      1505	00000000	00000013	addi	x0,x0,0	  x0:0x00000000
       15075000	      1506	80000c84	00000013	addi	x0,x0,0	  x0:0x00000000
       15085000	      1507	80000c88	b121f193	andi	x3,x3,-1262	  x3:0x00000001  x3=0x00000000
       15095000	      1508	80000c8c	f3343f97	auipc	x31,0xf3343	 x31=0x73343c88
       15105000	      1509	80000c90	1ca92d97	auipc	x27,0x1ca92	 x27=0x9ca92c8c
       15115000	      1510	80000c94	405ada93	srai	x21,x21,0x5	 x21:0x00000001 x21=0x00000000
       15125000	      1511	80000c98	0196dab3	srl	x21,x13,x25	 x13:0x00000000 x25:0x16909a80 x21=0x00000000
       15135000	      1512	80000c9c	09e94e93	xori	x29,x18,158	 x18:0x2f588c0c x29=0x2f588c92
       15145000	      1513	80000ca0	985c8513	addi	x10,x25,-1659	 x25:0x16909a80 x10=0x16909405
       15155000	      1514	80000ca4	ffda6b93	ori	x23,x20,-3	 x20:0x7f44e000 x23=0xfffffffd
       15165000	      1515	80000ca8	03c66263	bltu	x12,x28,80000ccc	 x12:0x10000000 x28:0xf9800540
       15175000	      1516	00000000	00000013	addi	x0,x0,0	  x0:0x00000000
       15185000	      1517	80000cc8	00000013	addi	x0,x0,0	  x0:0x00000000
       15195000	      1518	80000ccc	01461713	slli	x14,x12,0x14	 x12:0x10000000 x14=0x00000000
       15205000	      1519	80000cd0	33ad3413	sltiu	x8,x26,826	 x26:0xff457f84  x8=0x00000000
       15215000	      1520	80000cd4	042d5063	bge	x26,x2,80000d14	 x26:0xff457f84  x2:0x00000000
       15225000	      1521	80000cd8	008d8fb3	add	x31,x27,x8	 x27:0x9ca92c8c  x8:0x00000000 x31=0x9ca92c8c
       15235000	      1522	80000cdc	03125063	bge	x4,x17,80000cfc	  x4:0x7f44e000 x17:0x0000000e
       15245000	      1523	00000000	00000013	addi	x0,x0,0	  x0:0x00000000
       15255000	      1524	80000cf8	00000013	addi	x0,x0,0	  x0:0x00000000
       15265000	      1525	80000cfc	00c43833	sltu	x16,x8,x12	  x8:0x00000000 x12:0x10000000 x16=0x00000001
       15275000	      1526	80000d00	01f111b3	sll	x3,x2,x31	  x2:0x00000000 x31:0x9ca92c8c  x3=0x00000000
       15285000	      1527	80000d04	47ddbc13	sltiu	x24,x27,1149	 x27:0x9ca92c8c x24=0x00000000
       15295000	      1528	80000d08	e4544a93	xori	x21,x8,-443	  x8:0x00000000 x21=0xfffffe45
       15305000	      1529	80000d0c	1cedc013	xori	x0,x27,462	 x27:0x9ca92c8c
       15315000	      1530	80000d10	01f10863	beq	x2,x31,80000d20	  x2:0x00000000 x31:0x9ca92c8c
       15325000	      1531	80000d14	004ed413	srli	x8,x29,0x4	 x29:0x2f588c92  x8=0x02f588c9
       15335000	      1532	80000d18	01f7fe63	bgeu	x15,x31,80000d34	 x15:0x00000100 x31:0x9ca92c8c
       15345000	      1533	80000d1c	00e4fc33	and	x24,x9,x14	  x9:0xfffffff9 x14:0x00000000 x24=0x00000000
       15355000	      1534	80000d20	dc8b2a13	slti	x20,x22,-568	 x22:0x80009fc4 x20=0x00000001
       15365000	      1535	80000d24	70980993	addi	x19,x16,1801	 x16:0x00000001 x19=0x0000070a
       15375000	      1536	80000d28	0148a6b3	slt	x13,x17,x20	 x17:0x0000000e x20:0x00000001 x13=0x00000000
       15385000	      1537	80000d2c	003e5113	srli	x2,x28,0x3	 x28:0xf9800540  x2=0x1f3000a8
       15395000	      1538	80000d30	018f9993	slli	x19,x31,0x18	 x31:0x9ca92c8c x19=0x8c000000
       15405000	      1539	80000d34	e8fb8537	lui	x10,0xe8fb8	 x10=0xe8fb8000
       15415000	      1540	80000d38	bbf57793	andi	x15,x10,-1089	 x10:0xe8fb8000 x15=0xe8fb8000
       15425000	      1541	80000d3c	7768e513	ori	x10,x17,1910	 x17:0x0000000e x10=0x0000077e
       15435000	      1542	80000d40	011f8db3	add	x27,x31,x17	 x31:0x9ca92c8c x17:0x0000000e x27=0x9ca92c9a
       15445000	      1543	80000d44	b317deb7	lui	x29,0xb317d	 x29=0xb317d000
       15455000	      1544	80000d48	05e37863	bgeu	x6,x30,80000d98	  x6:0x80009f84 x30:0x00000001
       15465000	      1545	00000000	00000013	addi	x0,x0,0	  x0:0x00000000
       15475000	      1546	80000d94	00000013	addi	x0,x0,0	  x0:0x00000000
       15485000	      1547	80000d98	07460c63	beq	x12,x20,80000e10	 x12:0x10000000 x20:0x00000001
       15495000	      1548	80000d9c	7fff8093	addi	x1,x31,2047	 x31:0x9ca92c8c  x1=0x9ca9348b
       15505000	      1549	80000da0	99a0fc93	andi	x25,x1,-1638	  x1:0x9ca9348b x25=0x9ca9308a
       15515000	      1550	80000da4	019acfb3	xor	x31,x21,x25	 x21:0xfffffe45 x25:0x9ca9308a x31=0x6356cecf
       15525000	      1551	80000da8	2e98ea13	ori	x20,x17,745	 x17:0x0000000e x20=0x000002ef
       15535000	      1552	80000dac	07f3da63	bge	x7,x31,80000e20	  x7:0x80009fc4 x31:0x6356cecf
       15545000	      1553	80000db0	04d04863	blt	x0,x13,80000e00	  x0:0x00000000 x13:0x00000000
       15555000	      1554	80000db4	40e587b3	sub	x15,x11,x14	 x11:0x80000540 x14:0x00000000 x15=0x80000540
       15565000	      1555	80000db8	4b1da013	slti	x0,x27,1201	 x27:0x9ca92c9a
       15575000	      1556	80000dbc	028000ef	jal	x1,80000dbc	  x1=0x80000dbc
       15585000	      1557	00000000	00000013	addi	x0,x0,0	  x0:0x00000000
       15595000	      1558	80000de0	00000013	addi	x0,x0,0	  x0:0x00000000
       15605000	      1559	80000de4	ff5ff0ef	jal	x1,80000de4	  x1=0x80000de4
       15615000	      1560	00000000	00000013	addi	x0,x0,0	  x0:0x00000000
       15625000	      1561	80000dd4	00000013	addi	x0,x0,0	  x0:0x00000000
       15635000	      1562	80000dd8	ff1ff0ef	jal	x1,80000dd8	  x1=0x80000dd8
       15645000	      1563	00000000	00000013	addi	x0,x0,0	  x0:0x00000000
       15655000	      1564	80000dc4	00000013	addi	x0,x0,0	  x0:0x00000000
       15665000	      1565	80000dc8	024000ef	jal	x1,80000dc8	  x1=0x80000dc8
       15675000	      1566	00000000	00000013	addi	x0,x0,0	  x0:0x00000000
       15685000	      1567	80000de8	00000013	addi	x0,x0,0	  x0:0x00000000
       15695000	      1568	80000dec	ffdff0ef	jal	x1,80000dec	  x1=0x80000dec
       15705000	      1569	00000000	00000013	addi	x0,x0,0	  x0:0x00000000
       15715000	      1570	80000de4	00000013	addi	x0,x0,0	  x0:0x00000000
       15725000	      1571	80000de8	fedff16f	jal	x2,80000de8	  x2=0x80000de8
       15735000	      1572	00000000	00000013	addi	x0,x0,0	  x0:0x00000000
       15745000	      1573	80000dd0	00000013	addi	x0,x0,0	  x0:0x00000000
       15755000	      1574	80000dd4	00c000ef	jal	x1,80000dd4	  x1=0x80000dd4
       15765000	      1575	00000000	00000013	addi	x0,x0,0	  x0:0x00000000
       15775000	      1576	80000ddc	00000013	addi	x0,x0,0	  x0:0x00000000
       15785000	      1577	80000de0	010000ef	jal	x1,80000de0	  x1=0x80000de0
       15795000	      1578	00000000	00000013	addi	x0,x0,0	  x0:0x00000000
       15805000	      1579	80000dec	00000013	addi	x0,x0,0	  x0:0x00000000
       15815000	      1580	80000df0	fd5ffbef	jal	x23,80000df0	 x23=0x80000df0
       15825000	      1581	00000000	00000013	addi	x0,x0,0	  x0:0x00000000
       15835000	      1582	80000dc0	00000013	addi	x0,x0,0	  x0:0x00000000
       15845000	      1583	80000dc4	018000ef	jal	x1,80000dc4	  x1=0x80000dc4
       15855000	      1584	00000000	00000013	addi	x0,x0,0	  x0:0x00000000
       15865000	      1585	80000dd8	00000013	addi	x0,x0,0	  x0:0x00000000
       15875000	      1586	80000ddc	fe5ff0ef	jal	x1,80000ddc	  x1=0x80000ddc
       15885000	      1587	00000000	00000013	addi	x0,x0,0	  x0:0x00000000
       15895000	      1588	80000dbc	00000013	addi	x0,x0,0	  x0:0x00000000
       15905000	      1589	80000dc0	00c000ef	jal	x1,80000dc0	  x1=0x80000dc0
       15915000	      1590	00000000	00000013	addi	x0,x0,0	  x0:0x00000000
       15925000	      1591	80000dc8	00000013	addi	x0,x0,0	  x0:0x00000000
       15935000	      1592	80000dcc	004000ef	jal	x1,80000dcc	  x1=0x80000dcc
       15945000	      1593	00000000	00000013	addi	x0,x0,0	  x0:0x00000000
       15955000	      1594	80000dcc	00000013	addi	x0,x0,0	  x0:0x00000000
       15965000	      1595	80000dd0	02400f6f	jal	x30,80000dd0	 x30=0x80000dd0
       15975000	      1596	00000000	00000013	addi	x0,x0,0	  x0:0x00000000
       15985000	      1597	80000df0	00000013	addi	x0,x0,0	  x0:0x00000000
       15995000	      1598	80000df4	009bd993	srli	x19,x23,0x9	 x23:0x80000df0 x19=0x00400006
       16005000	      1599	80000df8	01ceea63	bltu	x29,x28,80000e0c	 x29:0xb317d000 x28:0xf9800540
       16015000	      1600	00000000	00000013	addi	x0,x0,0	  x0:0x00000000
       16025000	      1601	80000e08	00000013	addi	x0,x0,0	  x0:0x00000000
       16035000	      1602	80000e0c	2924bc93	sltiu	x25,x9,658	  x9:0xfffffff9 x25=0x00000000
       16045000	      1603	80000e10	005dd6b3	srl	x13,x27,x5	 x27:0x9ca92c9a  x5:0x00020000 x13=0x9ca92c9a
       16055000	      1604	80000e14	55356fb7	lui	x31,0x55356	 x31=0x55356000
       16065000	      1605	80000e18	0db80063	beq	x16,x27,80000ed8	 x16:0x00000001 x27:0x9ca92c9a
       16075000	      1606	80000e1c	00c7dd13	srli	x26,x15,0xc	 x15:0x80000540 x26=0x00080000
       16085000	      1607	80000e20	0b8b6063	bltu	x22,x24,80000ec0	 x22:0x80009fc4 x24:0x00000000
       16095000	      1608	80000e24	0c198663	beq	x19,x1,80000ef0	 x19:0x00400006  x1:0x80000dcc
       16105000	      1609	80000e28	074000ef	jal	x1,80000e28	  x1=0x80000e28
       16115000	      1610	00000000	00000013	addi	x0,x0,0	  x0:0x00000000
       16125000	      1611	80000e98	00000013	addi	x0,x0,0	  x0:0x00000000
       16135000	      1612	80000e9c	fd1ff16f	jal	x2,80000e9c	  x2=0x80000e9c
       16145000	      1613	00000000	00000013	addi	x0,x0,0	  x0:0x00000000
       16155000	      1614	80000e68	00000013	addi	x0,x0,0	  x0:0x00000000
       16165000	      1615	80000e6c	fd5ff0ef	jal	x1,80000e6c	  x1=0x80000e6c
       16175000	      1616	00000000	00000013	addi	x0,x0,0	  x0:0x00000000
       16185000	      1617	80000e3c	00000013	addi	x0,x0,0	  x0:0x00000000
       16195000	      1618	80000e40	020000ef	jal	x1,80000e40	  x1=0x80000e40
       16205000	      1619	00000000	00000013	addi	x0,x0,0	  x0:0x00000000
       16215000	      1620	80000e5c	00000013	addi	x0,x0,0	  x0:0x00000000
       16225000	      1621	80000e60	fd1ff0ef	jal	x1,80000e60	  x1=0x80000e60
       16235000	      1622	00000000	00000013	addi	x0,x0,0	  x0:0x00000000
       16245000	      1623	80000e2c	00000013	addi	x0,x0,0	  x0:0x00000000
       16255000	      1624	80000e30	0640016f	jal	x2,80000e30	  x2=0x80000e30
       16265000	      1625	00000000	00000013	addi	x0,x0,0	  x0:0x00000000
       16275000	      1626	80000e90	00000013	addi	x0,x0,0	  x0:0x00000000
       16285000	      1627	80000e94	fedff0ef	jal	x1,80000e94	  x1=0x80000e94
       16295000	      1628	00000000	00000013	addi	x0,x0,0	  x0:0x00000000
       16305000	      1629	80000e7c	00000013	addi	x0,x0,0	  x0:0x00000000
       16315000	      1630	80000e80	ff1ff0ef	jal	x1,80000e80	  x1=0x80000e80
       16325000	      1631	00000000	00000013	addi	x0,x0,0	  x0:0x00000000
       16335000	      1632	80000e6c	00000013	addi	x0,x0,0	  x0:0x00000000
       16345000	      1633	80000e70	ff5ff26f	jal	x4,80000e70	  x4=0x80000e70
       16355000	      1634	00000000	00000013	addi	x0,x0,0	  x0:0x00000000
       16365000	      1635	80000e60	00000013	addi	x0,x0,0	  x0:0x00000000
       16375000	      1636	80000e64	014000ef	jal	x1,80000e64	  x1=0x80000e64
       16385000	      1637	00000000	00000013	addi	x0,x0,0	  x0:0x00000000
       16395000	      1638	80000e74	00000013	addi	x0,x0,0	  x0:0x00000000
       16405000	      1639	80000e78	fd5ff0ef	jal	x1,80000e78	  x1=0x80000e78
       16415000	      1640	00000000	00000013	addi	x0,x0,0	  x0:0x00000000
       16425000	      1641	80000e48	00000013	addi	x0,x0,0	  x0:0x00000000
       16435000	      1642	80000e4c	03c000ef	jal	x1,80000e4c	  x1=0x80000e4c
       16445000	      1643	00000000	00000013	addi	x0,x0,0	  x0:0x00000000
       16455000	      1644	80000e84	00000013	addi	x0,x0,0	  x0:0x00000000
       16465000	      1645	80000e88	0100086f	jal	x16,80000e88	 x16=0x80000e88
       16475000	      1646	00000000	00000013	addi	x0,x0,0	  x0:0x00000000
       16485000	      1647	80000e94	00000013	addi	x0,x0,0	  x0:0x00000000
       16495000	      1648	80000e98	fbdff56f	jal	x10,80000e98	 x10=0x80000e98
       16505000	      1649	00000000	00000013	addi	x0,x0,0	  x0:0x00000000
       16515000	      1650	80000e50	00000013	addi	x0,x0,0	  x0:0x00000000
       16525000	      1651	80000e54	ff5ff5ef	jal	x11,80000e54	 x11=0x80000e54
       16535000	      1652	00000000	00000013	addi	x0,x0,0	  x0:0x00000000
       16545000	      1653	80000e44	00000013	addi	x0,x0,0	  x0:0x00000000
       16555000	      1654	80000e48	fe5ff86f	jal	x16,80000e48	 x16=0x80000e48
       16565000	      1655	00000000	00000013	addi	x0,x0,0	  x0:0x00000000
       16575000	      1656	80000e28	00000013	addi	x0,x0,0	  x0:0x00000000
       16585000	      1657	80000e2c	00c000ef	jal	x1,80000e2c	  x1=0x80000e2c
       16595000	      1658	00000000	00000013	addi	x0,x0,0	  x0:0x00000000
       16605000	      1659	80000e34	00000013	addi	x0,x0,0	  x0:0x00000000
       16615000	      1660	80000e38	020001ef	jal	x3,80000e38	  x3=0x80000e38
       16625000	      1661	00000000	00000013	addi	x0,x0,0	  x0:0x00000000
       16635000	      1662	80000e54	00000013	addi	x0,x0,0	  x0:0x00000000
       16645000	      1663	80000e58	ff9ff0ef	jal	x1,80000e58	  x1=0x80000e58
       16655000	      1664	00000000	00000013	addi	x0,x0,0	  x0:0x00000000
       16665000	      1665	80000e4c	00000013	addi	x0,x0,0	  x0:0x00000000
       16675000	      1666	80000e50	03c000ef	jal	x1,80000e50	  x1=0x80000e50
       16685000	      1667	00000000	00000013	addi	x0,x0,0	  x0:0x00000000
       16695000	      1668	80000e88	00000013	addi	x0,x0,0	  x0:0x00000000
       16705000	      1669	80000e8c	fd1ff2ef	jal	x5,80000e8c	  x5=0x80000e8c
       16715000	      1670	00000000	00000013	addi	x0,x0,0	  x0:0x00000000
       16725000	      1671	80000e58	00000013	addi	x0,x0,0	  x0:0x00000000
       16735000	      1672	80000e5c	028000ef	jal	x1,80000e5c	  x1=0x80000e5c
       16745000	      1673	00000000	00000013	addi	x0,x0,0	  x0:0x00000000
       16755000	      1674	80000e80	00000013	addi	x0,x0,0	  x0:0x00000000
       16765000	      1675	80000e84	ff1ff0ef	jal	x1,80000e84	  x1=0x80000e84
       16775000	      1676	00000000	00000013	addi	x0,x0,0	  x0:0x00000000
       16785000	      1677	80000e70	00000013	addi	x0,x0,0	  x0:0x00000000
       16795000	      1678	80000e74	fc9ff2ef	jal	x5,80000e74	  x5=0x80000e74
       16805000	      1679	00000000	00000013	addi	x0,x0,0	  x0:0x00000000
       16815000	      1680	80000e38	00000013	addi	x0,x0,0	  x0:0x00000000
       16825000	      1681	80000e3c	054003ef	jal	x7,80000e3c	  x7=0x80000e3c
       16835000	      1682	00000000	00000013	addi	x0,x0,0	  x0:0x00000000
       16845000	      1683	80000e8c	00000013	addi	x0,x0,0	  x0:0x00000000
       16855000	      1684	80000e90	fb5ff0ef	jal	x1,80000e90	  x1=0x80000e90
       16865000	      1685	00000000	00000013	addi	x0,x0,0	  x0:0x00000000
       16875000	      1686	80000e40	00000013	addi	x0,x0,0	  x0:0x00000000
       16885000	      1687	80000e44	ff1ff0ef	jal	x1,80000e44	  x1=0x80000e44
       16895000	      1688	00000000	00000013	addi	x0,x0,0	  x0:0x00000000
       16905000	      1689	80000e30	00000013	addi	x0,x0,0	  x0:0x00000000
       16915000	      1690	80000e34	048000ef	jal	x1,80000e34	  x1=0x80000e34
       16925000	      1691	00000000	00000013	addi	x0,x0,0	  x0:0x00000000
       16935000	      1692	80000e78	00000013	addi	x0,x0,0	  x0:0x00000000
       16945000	      1693	80000e7c	fedff0ef	jal	x1,80000e7c	  x1=0x80000e7c
       16955000	      1694	00000000	00000013	addi	x0,x0,0	  x0:0x00000000
       16965000	      1695	80000e64	00000013	addi	x0,x0,0	  x0:0x00000000
       16975000	      1696	80000e68	0380046f	jal	x8,80000e68	  x8=0x80000e68
       16985000	      1697	00000000	00000013	addi	x0,x0,0	  x0:0x00000000
       16995000	      1698	80000e9c	00000013	addi	x0,x0,0	  x0:0x00000000
       17005000	      1699	80000ea0	01808833	add	x16,x1,x24	  x1:0x80000e7c x24:0x00000000 x16=0x80000e7c
       17015000	      1700	80000ea4	00000013	addi	x0,x0,0	  x0:0x00000000
       17025000	      1701	80000ea8	00e6d293	srli	x5,x13,0xe	 x13:0x9ca92c9a  x5=0x000272a4
       17035000	      1702	80000eac	4046deb3	sra	x29,x13,x4	 x13:0x9ca92c9a  x4:0x80000e70 x29=0xffff9ca9
       17045000	      1703	80000eb0	0104bbb3	sltu	x23,x9,x16	  x9:0xfffffff9 x16:0x80000e7c x23=0x00000000
       17055000	      1704	80000eb4	08ae0593	addi	x11,x28,138	 x28:0xf9800540 x11=0xf98005ca
       17065000	      1705	80000eb8	000b06b3	add	x13,x22,x0	 x22:0x80009fc4  x0:0x00000000 x13=0x80009fc4
       17075000	      1706	80000ebc	01fee433	or	x8,x29,x31	 x29:0xffff9ca9 x31:0x55356000  x8=0xfffffca9
       17085000	      1707	80000ec0	b6c78f13	addi	x30,x15,-1172	 x15:0x80000540 x30=0x800000ac
       17095000	      1708	80000ec4	016e4833	xor	x16,x28,x22	 x28:0xf9800540 x22:0x80009fc4 x16=0x79809a84
       17105000	      1709	80000ec8	017bcc63	blt	x23,x23,80000ee0	 x23:0x00000000 x23:0x00000000
       17115000	      1710	80000ecc	00000013	addi	x0,x0,0	  x0:0x00000000
       17125000	      1711	80000ed0	03936463	bltu	x6,x25,80000ef8	  x6:0x80009f84 x25:0x00000000
       17135000	      1712	80000ed4	01e5f263	bgeu	x11,x30,80000ed8	 x11:0xf98005ca x30:0x800000ac
       17145000	      1713	00000000	00000013	addi	x0,x0,0	  x0:0x00000000
       17155000	      1714	80000ed4	00000013	addi	x0,x0,0	  x0:0x00000000
       17165000	      1715	80000ed8	000ed6b3	srl	x13,x29,x0	 x29:0xffff9ca9  x0:0x00000000 x13=0xffff9ca9
       17175000	      1716	80000edc	0151d933	srl	x18,x3,x21	  x3:0x80000e38 x21:0xfffffe45 x18=0x04000071
       17185000	      1717	80000ee0	01ec7863	bgeu	x24,x30,80000ef0	 x24:0x00000000 x30:0x800000ac
       17195000	      1718	80000ee4	021e0663	beq	x28,x1,80000f10	 x28:0xf9800540  x1:0x80000e7c
       17205000	      1719	80000ee8	00e8a4b3	slt	x9,x17,x14	 x17:0x0000000e x14:0x00000000  x9=0x00000000
       17215000	      1720	80000eec	00a2ec63	bltu	x5,x10,80000f04	  x5:0x000272a4 x10:0x80000e98
       17225000	      1721	00000000	00000013	addi	x0,x0,0	  x0:0x00000000
       17235000	      1722	80000f00	00000013	addi	x0,x0,0	  x0:0x00000000
       17245000	      1723	80000f04	00000013	addi	x0,x0,0	  x0:0x00000000
       17255000	      1724	80000f08	a9a78f13	addi	x30,x15,-1382	 x15:0x80000540 x30=0x7fffffda
       17265000	      1725	80000f0c	05e6e263	bltu	x13,x30,80000f50	 x13:0xffff9ca9 x30:0x7fffffda
       17275000	      1726	80000f10	000d8213	addi	x4,x27,0	 x27:0x9ca92c9a  x4=0x9ca92c9a
       17285000	      1727	80000f14	28645137	lui	x2,0x28645	  x2=0x28645000
       17295000	      1728	80000f18	0106d193	srli	x3,x13,0x10	 x13:0xffff9ca9  x3=0x0000ffff
       17305000	      1729	80000f1c	00de7a63	bgeu	x28,x13,80000f30	 x28:0xf9800540 x13:0xffff9ca9
       17315000	      1730	80000f20	01fab6b3	sltu	x13,x21,x31	 x21:0xfffffe45 x31:0x55356000 x13=0x00000000
       17325000	      1731	80000f24	016625b3	slt	x11,x12,x22	 x12:0x10000000 x22:0x80009fc4 x11=0x00000000
       17335000	      1732	80000f28	02547863	bgeu	x8,x5,80000f58	  x8:0xfffffca9  x5:0x000272a4
       17345000	      1733	00000000	00000013	addi	x0,x0,0	  x0:0x00000000
       17355000	      1734	80000f54	00000013	addi	x0,x0,0	  x0:0x00000000
       17365000	      1735	80000f58	021ade63	bge	x21,x1,80000f94	 x21:0xfffffe45  x1:0x80000e7c
       17375000	      1736	00000000	00000013	addi	x0,x0,0	  x0:0x00000000
       17385000	      1737	80000f90	00000013	addi	x0,x0,0	  x0:0x00000000
       17395000	      1738	80000f94	00764d33	xor	x26,x12,x7	 x12:0x10000000  x7:0x80000e3c x26=0x90000e3c
       17405000	      1739	80000f98	026d0863	beq	x26,x6,80000fc8	 x26:0x90000e3c  x6:0x80009f84
       17415000	      1740	80000f9c	41615833	sra	x16,x2,x22	  x2:0x28645000 x22:0x80009fc4 x16=0x02864500
       17425000	      1741	80000fa0	41d686b3	sub	x13,x13,x29	 x13:0x00000000 x29:0xffff9ca9 x13=0x00006357
       17435000	      1742	80000fa4	004cb733	sltu	x14,x25,x4	 x25:0x00000000  x4:0x9ca92c9a x14=0x00000001
       17445000	      1743	80000fa8	01675663	bge	x14,x22,80000fb4	 x14:0x00000001 x22:0x80009fc4
       17455000	      1744	00000000	00000013	addi	x0,x0,0	  x0:0x00000000
       17465000	      1745	80000fb0	00000013	addi	x0,x0,0	  x0:0x00000000
       17475000	      1746	80000fb4	4f983493	sltiu	x9,x16,1273	 x16:0x02864500  x9=0x00000000
       17485000	      1747	80000fb8	8716c693	xori	x13,x13,-1935	 x13:0x00006357 x13=0xffff9b26
       17495000	      1748	80000fbc	d6540513	addi	x10,x8,-667	  x8:0xfffffca9 x10=0xfffffa0e
       17505000	      1749	80000fc0	021f0c63	beq	x30,x1,80000ff8	 x30:0x7fffffda  x1:0x80000e7c
       17515000	      1750	80000fc4	b9c9e793	ori	x15,x19,-1124	 x19:0x00400006 x15=0xfffffb9e
       17525000	      1751	80000fc8	401659b3	sra	x19,x12,x1	 x12:0x10000000  x1:0x80000e7c x19=0x00000001
       17535000	      1752	80000fcc	41d3da33	sra	x20,x7,x29	  x7:0x80000e3c x29:0xffff9ca9 x20=0xffc00007
       17545000	      1753	80000fd0	011aa0b3	slt	x1,x21,x17	 x21:0xfffffe45 x17:0x0000000e  x1=0x00000001
       17555000	      1754	80000fd4	011b5813	srli	x16,x22,0x11	 x22:0x80009fc4 x16=0x00004000
       17565000	      1755	80000fd8	19a5bc13	sltiu	x24,x11,410	 x11:0x00000000 x24=0x00000001
       17575000	      1756	80000fdc	014f3fb3	sltu	x31,x30,x20	 x30:0x7fffffda x20:0xffc00007 x31=0x00000001
       17585000	      1757	80000fe0	01bed713	srli	x14,x29,0x1b	 x29:0xffff9ca9 x14=0x0000001f
       17595000	      1758	80000fe4	00dafa63	bgeu	x21,x13,80000ff8	 x21:0xfffffe45 x13:0xffff9b26
       17605000	      1759	00000000	00000013	addi	x0,x0,0	  x0:0x00000000
       17615000	      1760	80000ff4	00000013	addi	x0,x0,0	  x0:0x00000000
       17625000	      1761	80000ff8	00161013	slli	x0,x12,0x1	 x12:0x10000000
       17635000	      1762	80000ffc	b3e1fd13	andi	x26,x3,-1218	  x3:0x0000ffff x26=0x0000fb3e
       17645000	      1763	80001000	694d3a93	sltiu	x21,x26,1684	 x26:0x0000fb3e x21=0x00000000
       17655000	      1764	80001004	8a138393	addi	x7,x7,-1887	  x7:0x80000e3c  x7=0x800006dd
       17665000	      1765	80001008	01ae5d93	srli	x27,x28,0x1a	 x28:0xf9800540 x27=0x0000003e
       17675000	      1766	8000100c	007ad993	srli	x19,x21,0x7	 x21:0x00000000 x19=0x00000000
       17685000	      1767	80001010	01b44393	xori	x7,x8,27	  x8:0xfffffca9  x7=0xfffffcb2
       17695000	      1768	80001014	0322f063	bgeu	x5,x18,80001034	  x5:0x000272a4 x18:0x04000071
       17705000	      1769	80001018	4f208393	addi	x7,x1,1266	  x1:0x00000001  x7=0x000004f3
       17715000	      1770	8000101c	859d4293	xori	x5,x26,-1959	 x26:0x0000fb3e  x5=0xffff0367
       17725000	      1771	80001020	75dcc513	xori	x10,x25,1885	 x25:0x00000000 x10=0x0000075d
       17735000	      1772	80001024	014582b3	add	x5,x11,x20	 x11:0x00000000 x20:0xffc00007  x5=0xffc00007
       17745000	      1773	80001028	42c5cfb7	lui	x31,0x42c5c	 x31=0x42c5c000
       17755000	      1774	8000102c	04138263	beq	x7,x1,80001070	  x7:0x000004f3  x1:0x00000001
       17765000	      1775	80001030	4675ee13	ori	x28,x11,1127	 x11:0x00000000 x28=0x00000467
       17775000	      1776	80001034	03a31263	bne	x6,x26,80001058	  x6:0x80009f84 x26:0x0000fb3e
       17785000	      1777	00000000	00000013	addi	x0,x0,0	  x0:0x00000000
       17795000	      1778	80001054	00000013	addi	x0,x0,0	  x0:0x00000000
       17805000	      1779	80001058	0325fe63	bgeu	x11,x18,80001094	 x11:0x00000000 x18:0x04000071
       17815000	      1780	8000105c	d0c285b7	lui	x11,0xd0c28	 x11=0xd0c28000
       17825000	      1781	80001060	016e1413	slli	x8,x28,0x16	 x28:0x00000467  x8=0x19c00000
       17835000	      1782	80001064	01ccae33	slt	x28,x25,x28	 x25:0x00000000 x28:0x00000467 x28=0x00000001
       17845000	      1783	80001068	0167d733	srl	x14,x15,x22	 x15:0xfffffb9e x22:0x80009fc4 x14=0x0fffffb9
       17855000	      1784	8000106c	00000013	addi	x0,x0,0	  x0:0x00000000
       17865000	      1785	80001070	f65d3393	sltiu	x7,x26,-155	 x26:0x0000fb3e  x7=0x00000001
       17875000	      1786	80001074	0333e663	bltu	x7,x19,800010a0	  x7:0x00000001 x19:0x00000000
       17885000	      1787	80001078	414ad213	srai	x4,x21,0x14	 x21:0x00000000  x4=0x00000000
       17895000	      1788	8000107c	788c6813	ori	x16,x24,1928	 x24:0x00000001 x16=0x00000789
       17905000	      1789	80001080	00ff2f33	slt	x30,x30,x15	 x30:0x7fffffda x15:0xfffffb9e x30=0x00000000
       17915000	      1790	80001084	d5db8597	auipc	x11,0xd5db8	 x11=0x55db9080
       17925000	      1791	80001088	17d54113	xori	x2,x10,381	 x10:0x0000075d  x2=0x00000620
       17935000	      1792	8000108c	00f1d033	srl	x0,x3,x15	  x3:0x0000ffff x15:0xfffffb9e
       17945000	      1793	80001090	41f78d33	sub	x26,x15,x31	 x15:0xfffffb9e x31:0x42c5c000 x26=0xbd3a3b9e
       17955000	      1794	80001094	00df69b3	or	x19,x30,x13	 x30:0x00000000 x13:0xffff9b26 x19=0xffff9b26
       17965000	      1795	80001098	5d570493	addi	x9,x14,1493	 x14:0x0fffffb9  x9=0x1000058e
       17975000	      1796	8000109c	a6c8ce97	auipc	x29,0xa6c8c	 x29=0x26c8d098
       17985000	      1797	800010a0	0082ff33	and	x30,x5,x8	  x5:0xffc00007  x8:0x19c00000 x30=0x19c00000
       17995000	      1798	800010a4	01285f33	srl	x30,x16,x18	 x16:0x00000789 x18:0x04000071 x30=0x00000000
       18005000	      1799	800010a8	00e8a5b3	slt	x11,x17,x14	 x17:0x0000000e x14:0x0fffffb9 x11=0x00000001
       18015000	      1800	800010ac	01dc9c13	slli	x24,x25,0x1d	 x25:0x00000000 x24=0x00000000
       18025000	      1801	800010b0	00f28bb3	add	x23,x5,x15	  x5:0xffc00007 x15:0xfffffb9e x23=0xffbffba5
       18035000	      1802	800010b4	c1084913	xori	x18,x16,-1008	 x16:0x00000789 x18=0xfffffb99
       18045000	      1803	800010b8	038f9517	auipc	x10,0x38f9	 x10=0x838fa0b4
       18055000	      1804	800010bc	00000013	addi	x0,x0,0	  x0:0x00000000
       18065000	      1805	800010c0	00105d93	srli	x27,x0,0x1	  x0:0x00000000 x27=0x00000000
       18075000	      1806	800010c4	01a56eb3	or	x29,x10,x26	 x10:0x838fa0b4 x26:0xbd3a3b9e x29=0xbfbfbbbe
       18085000	      1807	800010c8	40d65033	sra	x0,x12,x13	 x12:0x10000000 x13:0xffff9b26
       18095000	      1808	800010cc	00f480b3	add	x1,x9,x15	  x9:0x1000058e x15:0xfffffb9e  x1=0x1000012c
       18105000	      1809	800010d0	29457513	andi	x10,x10,660	 x10:0x838fa0b4 x10=0x00000094
       18115000	      1810	800010d4	00c86933	or	x18,x16,x12	 x16:0x00000789 x12:0x10000000 x18=0x10000789
       18125000	      1811	800010d8	017f6633	or	x12,x30,x23	 x30:0x00000000 x23:0xffbffba5 x12=0xffbffba5
       18135000	      1812	800010dc	00599bb3	sll	x23,x19,x5	 x19:0xffff9b26  x5:0xffc00007 x23=0xffcd9300
       18145000	      1813	800010e0	abcd0113	addi	x2,x26,-1348	 x26:0xbd3a3b9e  x2=0xbd3a365a
       18155000	      1814	800010e4	01d9c233	xor	x4,x19,x29	 x19:0xffff9b26 x29:0xbfbfbbbe  x4=0x40402098
       18165000	      1815	800010e8	00018cb3	add	x25,x3,x0	  x3:0x0000ffff  x0:0x00000000 x25=0x0000ffff
       18175000	      1816	800010ec	0089d863	bge	x19,x8,800010fc	 x19:0xffff9b26  x8:0x19c00000
       18185000	      1817	800010f0	01775993	srli	x19,x14,0x17	 x14:0x0fffffb9 x19=0x0000001f
       18195000	      1818	800010f4	00b9a6b3	slt	x13,x19,x11	 x19:0x0000001f x11:0x00000001 x13=0x00000000
       18205000	      1819	800010f8	008de933	or	x18,x27,x8	 x27:0x00000000  x8:0x19c00000 x18=0x19c00000
       18215000	      1820	800010fc	00bd9133	sll	x2,x27,x11	 x27:0x00000000 x11:0x00000001  x2=0x00000000
       18225000	      1821	80001100	04f0d263	bge	x1,x15,80001144	  x1:0x1000012c x15:0xfffffb9e
       18235000	      1822	00000000	00000013	addi	x0,x0,0	  x0:0x00000000
       18245000	      1823	80001140	00000013	addi	x0,x0,0	  x0:0x00000000
       18255000	      1824	80001144	93e50213	addi	x4,x10,-1730	 x10:0x00000094  x4=0xfffff9d2
       18265000	      1825	80001148	011d5e13	srli	x28,x26,0x11	 x26:0xbd3a3b9e x28=0x00005e9d
       18275000	      1826	8000114c	40d28633	sub	x12,x5,x13	  x5:0xffc00007 x13:0x00000000 x12=0xffc00007
       18285000	      1827	80001150	4528be93	sltiu	x29,x17,1106	 x17:0x0000000e x29=0x00000001
       18295000	      1828	80001154	9cd78013	addi	x0,x15,-1587	 x15:0xfffffb9e
       18305000	      1829	80001158	01bbf7b3	and	x15,x23,x27	 x23:0xffcd9300 x27:0x00000000 x15=0x00000000
       18315000	      1830	8000115c	23910993	addi	x19,x2,569	  x2:0x00000000 x19=0x00000239
       18325000	      1831	80001160	b7833d93	sltiu	x27,x6,-1160	  x6:0x80009f84 x27=0x00000001
       18335000	      1832	80001164	e8896513	ori	x10,x18,-376	 x18:0x19c00000 x10=0xfffffe88
       18345000	      1833	80001168	05c000ef	jal	x1,80001168	  x1=0x80001168
       18355000	      1834	00000000	00000013	addi	x0,x0,0	  x0:0x00000000
       18365000	      1835	800011c0	00000013	addi	x0,x0,0	  x0:0x00000000
       18375000	      1836	800011c4	fb1ff0ef	jal	x1,800011c4	  x1=0x800011c4
       18385000	      1837	00000000	00000013	addi	x0,x0,0	  x0:0x00000000
       18395000	      1838	80001170	00000013	addi	x0,x0,0	  x0:0x00000000
       18405000	      1839	80001174	030009ef	jal	x19,80001174	 x19=0x80001174
       18415000	      1840	00000000	00000013	addi	x0,x0,0	  x0:0x00000000
       18425000	      1841	800011a0	00000013	addi	x0,x0,0	  x0:0x00000000
       18435000	      1842	800011a4	fedff0ef	jal	x1,800011a4	  x1=0x800011a4
       18445000	      1843	00000000	00000013	addi	x0,x0,0	  x0:0x00000000
       18455000	      1844	8000118c	00000013	addi	x0,x0,0	  x0:0x00000000
       18465000	      1845	80001190	03c000ef	jal	x1,80001190	  x1=0x80001190
       18475000	      1846	00000000	00000013	addi	x0,x0,0	  x0:0x00000000
       18485000	      1847	800011c8	00000013	addi	x0,x0,0	  x0:0x00000000
       18495000	      1848	800011cc	fc1ff0ef	jal	x1,800011cc	  x1=0x800011cc
       18505000	      1849	00000000	00000013	addi	x0,x0,0	  x0:0x00000000
       18515000	      1850	80001188	00000013	addi	x0,x0,0	  x0:0x00000000
       18525000	      1851	8000118c	028000ef	jal	x1,8000118c	  x1=0x8000118c
       18535000	      1852	00000000	00000013	addi	x0,x0,0	  x0:0x00000000
       18545000	      1853	800011b0	00000013	addi	x0,x0,0	  x0:0x00000000
       18555000	      1854	800011b4	fd1ff2ef	jal	x5,800011b4	  x5=0x800011b4
       18565000	      1855	00000000	00000013	addi	x0,x0,0	  x0:0x00000000
       18575000	      1856	80001180	00000013	addi	x0,x0,0	  x0:0x00000000
       18585000	      1857	80001184	028000ef	jal	x1,80001184	  x1=0x80001184
       18595000	      1858	00000000	00000013	addi	x0,x0,0	  x0:0x00000000
       18605000	      1859	800011a8	00000013	addi	x0,x0,0	  x0:0x00000000
       18615000	      1860	800011ac	01c000ef	jal	x1,800011ac	  x1=0x800011ac
       18625000	      1861	00000000	00000013	addi	x0,x0,0	  x0:0x00000000
       18635000	      1862	800011c4	00000013	addi	x0,x0,0	  x0:0x00000000
       18645000	      1863	800011c8	ff9fff6f	jal	x30,800011c8	 x30=0x800011c8
       18655000	      1864	00000000	00000013	addi	x0,x0,0	  x0:0x00000000
       18665000	      1865	800011bc	00000013	addi	x0,x0,0	  x0:0x00000000
       18675000	      1866	800011c0	fd5ff0ef	jal	x1,800011c0	  x1=0x800011c0
       18685000	      1867	00000000	00000013	addi	x0,x0,0	  x0:0x00000000
       18695000	      1868	80001190	00000013	addi	x0,x0,0	  x0:0x00000000
       18705000	      1869	80001194	fedff2ef	jal	x5,80001194	  x5=0x80001194
       18715000	      1870	00000000	00000013	addi	x0,x0,0	  x0:0x00000000
       18725000	      1871	8000117c	00000013	addi	x0,x0,0	  x0:0x00000000
       18735000	      1872	80001180	028000ef	jal	x1,80001180	  x1=0x80001180
       18745000	      1873	00000000	00000013	addi	x0,x0,0	  x0:0x00000000
       18755000	      1874	800011a4	00000013	addi	x0,x0,0	  x0:0x00000000
       18765000	      1875	800011a8	01400aef	jal	x21,800011a8	 x21=0x800011a8
       18775000	      1876	00000000	00000013	addi	x0,x0,0	  x0:0x00000000
       18785000	      1877	800011b8	00000013	addi	x0,x0,0	  x0:0x00000000
       18795000	      1878	800011bc	fb5ff26f	jal	x4,800011bc	  x4=0x800011bc
       18805000	      1879	00000000	00000013	addi	x0,x0,0	  x0:0x00000000
       18815000	      1880	8000116c	00000013	addi	x0,x0,0	  x0:0x00000000
       18825000	      1881	80001170	02c000ef	jal	x1,80001170	  x1=0x80001170
       18835000	      1882	00000000	00000013	addi	x0,x0,0	  x0:0x00000000
       18845000	      1883	80001198	00000013	addi	x0,x0,0	  x0:0x00000000
       18855000	      1884	8000119c	014002ef	jal	x5,8000119c	  x5=0x8000119c
       18865000	      1885	00000000	00000013	addi	x0,x0,0	  x0:0x00000000
       18875000	      1886	800011ac	00000013	addi	x0,x0,0	  x0:0x00000000
       18885000	      1887	800011b0	ff1ff0ef	jal	x1,800011b0	  x1=0x800011b0
       18895000	      1888	00000000	00000013	addi	x0,x0,0	  x0:0x00000000
       18905000	      1889	8000119c	00000013	addi	x0,x0,0	  x0:0x00000000
       18915000	      1890	800011a0	fcdff0ef	jal	x1,800011a0	  x1=0x800011a0
       18925000	      1891	00000000	00000013	addi	x0,x0,0	  x0:0x00000000
       18935000	      1892	80001168	00000013	addi	x0,x0,0	  x0:0x00000000
       18945000	      1893	8000116c	0100026f	jal	x4,8000116c	  x4=0x8000116c
       18955000	      1894	00000000	00000013	addi	x0,x0,0	  x0:0x00000000
       18965000	      1895	80001178	00000013	addi	x0,x0,0	  x0:0x00000000
       18975000	      1896	8000117c	03c000ef	jal	x1,8000117c	  x1=0x8000117c
       18985000	      1897	00000000	00000013	addi	x0,x0,0	  x0:0x00000000
       18995000	      1898	800011b4	00000013	addi	x0,x0,0	  x0:0x00000000
       19005000	      1899	800011b8	fd1ff0ef	jal	x1,800011b8	  x1=0x800011b8
       19015000	      1900	00000000	00000013	addi	x0,x0,0	  x0:0x00000000
       19025000	      1901	80001184	00000013	addi	x0,x0,0	  x0:0x00000000
       19035000	      1902	80001188	010000ef	jal	x1,80001188	  x1=0x80001188
       19045000	      1903	00000000	00000013	addi	x0,x0,0	  x0:0x00000000
       19055000	      1904	80001194	00000013	addi	x0,x0,0	  x0:0x00000000
       19065000	      1905	80001198	fe1ff26f	jal	x4,80001198	  x4=0x80001198
       19075000	      1906	00000000	00000013	addi	x0,x0,0	  x0:0x00000000
       19085000	      1907	80001174	00000013	addi	x0,x0,0	  x0:0x00000000
       19095000	      1908	80001178	05800fef	jal	x31,80001178	 x31=0x80001178
       19105000	      1909	00000000	00000013	addi	x0,x0,0	  x0:0x00000000
       19115000	      1910	800011cc	00000013	addi	x0,x0,0	  x0:0x00000000
       19125000	      1911	800011d0	d2a76013	ori	x0,x14,-726	 x14:0x0fffffb9
       19135000	      1912	800011d4	03e89663	bne	x17,x30,80001200	 x17:0x0000000e x30:0x800011c8
       19145000	      1913	00000000	00000013	addi	x0,x0,0	  x0:0x00000000
       19155000	      1914	800011fc	00000013	addi	x0,x0,0	  x0:0x00000000
       19165000	      1915	80001200	00a416b3	sll	x13,x8,x10	  x8:0x19c00000 x10:0xfffffe88 x13=0xc0000000
       19175000	      1916	80001204	1220ec13	ori	x24,x1,290	  x1:0x80001188 x24=0x800011aa
       19185000	      1917	80001208	00514e33	xor	x28,x2,x5	  x2:0x00000000  x5:0x8000119c x28=0x8000119c
       19195000	      1918	8000120c	417f8d33	sub	x26,x31,x23	 x31:0x80001178 x23:0xffcd9300 x26=0x80327e78
       19205000	      1919	80001210	094a7463	bgeu	x20,x20,80001298	 x20:0xffc00007 x20:0xffc00007
       19215000	      1920	00000000	00000013	addi	x0,x0,0	  x0:0x00000000
       19225000	      1921	80001294	00000013	addi	x0,x0,0	  x0:0x00000000
       19235000	      1922	80001298	40945e93	srai	x29,x8,0x9	  x8:0x19c00000 x29=0x000ce000
       19245000	      1923	8000129c	83c41137	lui	x2,0x83c41	  x2=0x83c41000
       19255000	      1924	800012a0	222bee93	ori	x29,x23,546	 x23:0xffcd9300 x29=0xffcd9322
       19265000	      1925	800012a4	ade393b7	lui	x7,0xade39	  x7=0xade39000
       19275000	      1926	800012a8	013cff33	and	x30,x25,x19	 x25:0x0000ffff x19:0x80001174 x30=0x00001174
       19285000	      1927	800012ac	02d8e263	bltu	x17,x13,800012d0	 x17:0x0000000e x13:0xc0000000
       19295000	      1928	00000000	00000013	addi	x0,x0,0	  x0:0x00000000
       19305000	      1929	800012cc	00000013	addi	x0,x0,0	  x0:0x00000000
       19315000	      1930	800012d0	41458033	sub	x0,x11,x20	 x11:0x00000001 x20:0xffc00007
       19325000	      1931	800012d4	01614a63	blt	x2,x22,800012e8	  x2:0x83c41000 x22:0x80009fc4
       19335000	      1932	800012d8	a9930713	addi	x14,x6,-1383	  x6:0x80009f84 x14=0x80009a1d
       19345000	      1933	800012dc	00d12e33	slt	x28,x2,x13	  x2:0x83c41000 x13:0xc0000000 x28=0x00000001
       19355000	      1934	800012e0	8293cf13	xori	x30,x7,-2007	  x7:0xade39000 x30=0x521c6829
       19365000	      1935	800012e4	0149f433	and	x8,x19,x20	 x19:0x80001174 x20:0xffc00007  x8=0x80000004
       19375000	      1936	800012e8	5b8e6f13	ori	x30,x28,1464	 x28:0x00000001 x30=0x000005b9
       19385000	      1937	800012ec	00cc9f13	slli	x30,x25,0xc	 x25:0x0000ffff x30=0x0ffff000
       19395000	      1938	800012f0	573b1397	auipc	x7,0x573b1	  x7=0xd73b22ec
       19405000	      1939	800012f4	003ddd93	srli	x27,x27,0x3	 x27:0x00000001 x27=0x00000000
       19415000	      1940	800012f8	005b72b3	and	x5,x22,x5	 x22:0x80009fc4  x5:0x8000119c  x5=0x80001184
       19425000	      1941	800012fc	5e7efa37	lui	x20,0x5e7ef	 x20=0x5e7ef000
       19435000	      1942	80001300	00b32c13	slti	x24,x6,11	  x6:0x80009f84 x24=0x00000001
       19445000	      1943	80001304	03eed463	bge	x29,x30,8000132c	 x29:0xffcd9322 x30:0x0ffff000
       19455000	      1944	80001308	41488bb3	sub	x23,x17,x20	 x17:0x0000000e x20:0x5e7ef000 x23=0xa181100e
       19465000	      1945	8000130c	006f9863	bne	x31,x6,8000131c	 x31:0x80001178  x6:0x80009f84
       19475000	      1946	00000000	00000013	addi	x0,x0,0	  x0:0x00000000
       19485000	      1947	80001318	00000013	addi	x0,x0,0	  x0:0x00000000
       19495000	      1948	8000131c	8996f3b7	lui	x7,0x8996f	  x7=0x8996f000
       19505000	      1949	80001320	031ee063	bltu	x29,x17,80001340	 x29:0xffcd9322 x17:0x0000000e
       19515000	      1950	80001324	01efb933	sltu	x18,x31,x30	 x31:0x80001178 x30:0x0ffff000 x18=0x00000000
       19525000	      1951	80001328	008b1b93	slli	x23,x22,0x8	 x22:0x80009fc4 x23=0x009fc400
       19535000	      1952	8000132c	0bd2efb7	lui	x31,0xbd2e	 x31=0x0bd2e000
       19545000	      1953	80001330	3e9a9f97	auipc	x31,0x3e9a9	 x31=0xbe9aa32c
       19555000	      1954	80001334	00af5213	srli	x4,x30,0xa	 x30:0x0ffff000  x4=0x0003fffc
       19565000	      1955	80001338	25e10a13	addi	x20,x2,606	  x2:0x83c41000 x20=0x83c4125e
       19575000	      1956	8000133c	2623f7b7	lui	x15,0x2623f	 x15=0x2623f000
       19585000	      1957	80001340	41c6de13	srai	x28,x13,0x1c	 x13:0xc0000000 x28=0xfffffffc
       19595000	      1958	80001344	015e9e93	slli	x29,x29,0x15	 x29:0xffcd9322 x29=0x64400000
       19605000	      1959	80001348	01f8d093	srli	x1,x17,0x1f	 x17:0x0000000e  x1=0x00000000
       19615000	      1960	8000134c	0240dc63	bge	x1,x4,80001384	  x1:0x00000000  x4:0x0003fffc
       19625000	      1961	80001350	03d6f663	bgeu	x13,x29,8000137c	 x13:0xc0000000 x29:0x64400000
       19635000	      1962	00000000	00000013	addi	x0,x0,0	  x0:0x00000000
       19645000	      1963	80001378	00000013	addi	x0,x0,0	  x0:0x00000000
       19655000	      1964	8000137c	409103b3	sub	x7,x2,x9	  x2:0x83c41000  x9:0x1000058e  x7=0x73c40a72
       19665000	      1965	80001380	8c03c793	xori	x15,x7,-1856	  x7:0x73c40a72 x15=0x8c3bf2b2
       19675000	      1966	80001384	c6348b93	addi	x23,x9,-925	  x9:0x1000058e x23=0x100001f1
       19685000	      1967	80001388	011d00b3	add	x1,x26,x17	 x26:0x80327e78 x17:0x0000000e  x1=0x80327e86
       19695000	      1968	8000138c	40845d13	srai	x26,x8,0x8	  x8:0x80000004 x26=0xff800000
       19705000	      1969	80001390	00b45413	srli	x8,x8,0xb	  x8:0x80000004  x8=0x00100000
       19715000	      1970	80001394	2c044913	xori	x18,x8,704	  x8:0x00100000 x18=0x001002c0
       19725000	      1971	80001398	6575cb93	xori	x23,x11,1623	 x11:0x00000001 x23=0x00000656
       19735000	      1972	8000139c	d322b393	sltiu	x7,x5,-718	  x5:0x80001184  x7=0x00000001
       19745000	      1973	800013a0	002cce33	xor	x28,x25,x2	 x25:0x0000ffff  x2:0x83c41000 x28=0x83c4efff
       19755000	      1974	800013a4	01e6f933	and	x18,x13,x30	 x13:0xc0000000 x30:0x0ffff000 x18=0x00000000
       19765000	      1975	800013a8	002c5213	srli	x4,x24,0x2	 x24:0x00000001  x4=0x00000000
       19775000	      1976	800013ac	088bc493	xori	x9,x23,136	 x23:0x00000656  x9=0x000006de
       19785000	      1977	800013b0	0159b3b3	sltu	x7,x19,x21	 x19:0x80001174 x21:0x800011a8  x7=0x00000001
       19795000	      1978	800013b4	5a710a13	addi	x20,x2,1447	  x2:0x83c41000 x20=0x83c415a7
       19805000	      1979	800013b8	feabef93	ori	x31,x23,-22	 x23:0x00000656 x31=0xfffffffe
       19815000	      1980	800013bc	001bf633	and	x12,x23,x1	 x23:0x00000656  x1:0x80327e86 x12=0x00000606
       19825000	      1981	800013c0	01bb13b3	sll	x7,x22,x27	 x22:0x80009fc4 x27:0x00000000  x7=0x80009fc4
       19835000	      1982	800013c4	00ffa633	slt	x12,x31,x15	 x31:0xfffffffe x15:0x8c3bf2b2 x12=0x00000000
       19845000	      1983	800013c8	01e3a5b3	slt	x11,x7,x30	  x7:0x80009fc4 x30:0x0ffff000 x11=0x00000001
       19855000	      1984	800013cc	010969b3	or	x19,x18,x16	 x18:0x00000000 x16:0x00000789 x19=0x00000789
       19865000	      1985	800013d0	01a20a63	beq	x4,x26,800013e4	  x4:0x00000000 x26:0xff800000
       19875000	      1986	800013d4	005da6b3	slt	x13,x27,x5	 x27:0x00000000  x5:0x80001184 x13=0x00000000
       19885000	      1987	800013d8	01ae62b3	or	x5,x28,x26	 x28:0x83c4efff x26:0xff800000  x5=0xffc4efff
       19895000	      1988	800013dc	6cc24793	xori	x15,x4,1740	  x4:0x00000000 x15=0x000006cc
       19905000	      1989	800013e0	f0f28693	addi	x13,x5,-241	  x5:0xffc4efff x13=0xffc4ef0e
       19915000	      1990	800013e4	01d583b3	add	x7,x11,x29	 x11:0x00000001 x29:0x64400000  x7=0x64400001
       19925000	      1991	800013e8	15f77d13	andi	x26,x14,351	 x14:0x80009a1d x26=0x0000001d
       19935000	      1992	800013ec	00df3733	sltu	x14,x30,x13	 x30:0x0ffff000 x13:0xffc4ef0e x14=0x00000001
       19945000	      1993	800013f0	011d9433	sll	x8,x27,x17	 x27:0x00000000 x17:0x0000000e  x8=0x00000000
       19955000	      1994	800013f4	013bd493	srli	x9,x23,0x13	 x23:0x00000656  x9=0x00000000
       19965000	      1995	800013f8	025a0863	beq	x20,x5,80001428	 x20:0x83c415a7  x5:0xffc4efff
       19975000	      1996	800013fc	03726e63	bltu	x4,x23,80001438	  x4:0x00000000 x23:0x00000656
       19985000	      1997	00000000	00000013	addi	x0,x0,0	  x0:0x00000000
       19995000	      1998	80001434	00000013	addi	x0,x0,0	  x0:0x00000000
       20005000	      1999	80001438	3b9d2c93	slti	x25,x26,953	 x26:0x0000001d x25=0x00000001
       20015000	      2000	8000143c	031b7663	bgeu	x22,x17,80001468	 x22:0x80009fc4 x17:0x0000000e
       20025000	      2001	00000000	00000013	addi	x0,x0,0	  x0:0x00000000
       20035000	      2002	80001464	00000013	addi	x0,x0,0	  x0:0x00000000
       20045000	      2003	80001468	00b94d33	xor	x26,x18,x11	 x18:0x00000000 x11:0x00000001 x26=0x00000001
       20055000	      2004	8000146c	0023ec33	or	x24,x7,x2	  x7:0x64400001  x2:0x83c41000 x24=0xe7c41001
       20065000	      2005	80001470	4140deb3	sra	x29,x1,x20	  x1:0x80327e86 x20:0x83c415a7 x29=0xff0064fd
       20075000	      2006	80001474	f43cbd97	auipc	x27,0xf43cb	 x27=0x743cc470
       20085000	      2007	80001478	f100b713	sltiu	x14,x1,-240	  x1:0x80327e86 x14=0x00000001
       20095000	      2008	8000147c	00000013	addi	x0,x0,0	  x0:0x00000000
       20105000	      2009	80001480	02517c63	bgeu	x2,x5,800014b8	  x2:0x83c41000  x5:0xffc4efff
       20115000	      2010	80001484	2075bf93	sltiu	x31,x11,519	 x11:0x00000001 x31=0x00000001
       20125000	      2011	80001488	724800b7	lui	x1,0x72480	  x1=0x72480000
       20135000	      2012	8000148c	1bda3213	sltiu	x4,x20,445	 x20:0x83c415a7  x4=0x00000000
       20145000	      2013	80001490	0036deb3	srl	x29,x13,x3	 x13:0xffc4ef0e  x3:0x0000ffff x29=0x00000001
       20155000	      2014	80001494	20534e13	xori	x28,x6,517	  x6:0x80009f84 x28=0x80009d81
       20165000	      2015	80001498	0c731197	auipc	x3,0xc731	  x3=0x8c732494
       20175000	      2016	8000149c	b7ad6413	ori	x8,x26,-1158	 x26:0x00000001  x8=0xfffffb7b
       20185000	      2017	800014a0	40125f13	srai	x30,x4,0x1	  x4:0x00000000 x30=0x00000000
       20195000	      2018	800014a4	f7eaf693	andi	x13,x21,-130	 x21:0x800011a8 x13=0x80001128
       20205000	      2019	800014a8	013fd233	srl	x4,x31,x19	 x31:0x00000001 x19:0x00000789  x4=0x00000000
       20215000	      2020	800014ac	013c9693	slli	x13,x25,0x13	 x25:0x00000001 x13=0x00080000
       20225000	      2021	800014b0	00da4ab3	xor	x21,x20,x13	 x20:0x83c415a7 x13:0x00080000 x21=0x83cc15a7
       20235000	      2022	800014b4	007a3fb3	sltu	x31,x20,x7	 x20:0x83c415a7  x7:0x64400001 x31=0x00000000
       20245000	      2023	800014b8	40f55e13	srai	x28,x10,0xf	 x10:0xfffffe88 x28=0xffffffff
       20255000	      2024	800014bc	03699463	bne	x19,x22,800014e4	 x19:0x00000789 x22:0x80009fc4
       20265000	      2025	00000000	00000013	addi	x0,x0,0	  x0:0x00000000
       20275000	      2026	800014e0	00000013	addi	x0,x0,0	  x0:0x00000000
       20285000	      2027	800014e4	403dd813	srai	x16,x27,0x3	 x27:0x743cc470 x16=0x0e87988e
       20295000	      2028	800014e8	00e666b3	or	x13,x12,x14	 x12:0x00000000 x14:0x00000001 x13=0x00000001
       20305000	      2029	800014ec	ebf36613	ori	x12,x6,-321	  x6:0x80009f84 x12=0xffffffbf
       20315000	      2030	800014f0	0453e263	bltu	x7,x5,80001534	  x7:0x64400001  x5:0xffc4efff
       20325000	      2031	00000000	00000013	addi	x0,x0,0	  x0:0x00000000
       20335000	      2032	80001530	00000013	addi	x0,x0,0	  x0:0x00000000
       20345000	      2033	80001534	411d5493	srai	x9,x26,0x11	 x26:0x00000001  x9=0x00000000
       20355000	      2034	80001538	01c9e9b3	or	x19,x19,x28	 x19:0x00000789 x28:0xffffffff x19=0xffffffff
       20365000	      2035	8000153c	00000013	addi	x0,x0,0	  x0:0x00000000
       20375000	      2036	80001540	01797533	and	x10,x18,x23	 x18:0x00000000 x23:0x00000656 x10=0x00000000
       20385000	      2037	80001544	0043fe33	and	x28,x7,x4	  x7:0x64400001  x4:0x00000000 x28=0x00000000
       20395000	      2038	80001548	00e05793	srli	x15,x0,0xe	  x0:0x00000000 x15=0x00000000
       20405000	      2039	8000154c	00218db3	add	x27,x3,x2	  x3:0x8c732494  x2:0x83c41000 x27=0x10373494
       20415000	      2040	80001550	012c5eb3	srl	x29,x24,x18	 x24:0xe7c41001 x18:0x00000000 x29=0xe7c41001
       20425000	      2041	80001554	50594813	xori	x16,x18,1285	 x18:0x00000000 x16=0x00000505
       20435000	      2042	80001558	6d173c97	auipc	x25,0x6d173	 x25=0xed174554
       20445000	      2043	8000155c	00b281b3	add	x3,x5,x11	  x5:0xffc4efff x11:0x00000001  x3=0xffc4f000
       20455000	      2044	80001560	01ff8863	beq	x31,x31,80001570	 x31:0x00000000 x31:0x00000000
       20465000	      2045	00000000	00000013	addi	x0,x0,0	  x0:0x00000000
       20475000	      2046	8000156c	00000013	addi	x0,x0,0	  x0:0x00000000
       20485000	      2047	80001570	00000013	addi	x0,x0,0	  x0:0x00000000
       20495000	      2048	80001574	0013bdb3	sltu	x27,x7,x1	  x7:0x64400001  x1:0x72480000 x27=0x00000001
       20505000	      2049	80001578	00c99c63	bne	x19,x12,80001590	 x19:0xffffffff x12:0xffffffbf
       20515000	      2050	00000000	00000013	addi	x0,x0,0	  x0:0x00000000
       20525000	      2051	8000158c	00000013	addi	x0,x0,0	  x0:0x00000000
       20535000	      2052	80001590	40f05633	sra	x12,x0,x15	  x0:0x00000000 x15:0x00000000 x12=0x00000000
       20545000	      2053	80001594	780a2837	lui	x16,0x780a2	 x16=0x780a2000
       20555000	      2054	80001598	019d76b3	and	x13,x26,x25	 x26:0x00000001 x25:0xed174554 x13=0x00000000
       20565000	      2055	8000159c	ec960a93	addi	x21,x12,-311	 x12:0x00000000 x21=0xfffffec9
       20575000	      2056	800015a0	02fc9663	bne	x25,x15,800015cc	 x25:0xed174554 x15:0x00000000
       20585000	      2057	00000000	00000013	addi	x0,x0,0	  x0:0x00000000
       20595000	      2058	800015c8	00000013	addi	x0,x0,0	  x0:0x00000000
       20605000	      2059	800015cc	c1d51717	auipc	x14,0xc1d51	 x14=0x41d525c8
       20615000	      2060	800015d0	002d3133	sltu	x2,x26,x2	 x26:0x00000001  x2:0x83c41000  x2=0x00000001
       20625000	      2061	800015d4	00ada133	slt	x2,x27,x10	 x27:0x00000001 x10:0x00000000  x2=0x00000000
       20635000	      2062	800015d8	005a90b3	sll	x1,x21,x5	 x21:0xfffffec9  x5:0xffc4efff  x1=0x80000000
       20645000	      2063	800015dc	00f2ec63	bltu	x5,x15,800015f4	  x5:0xffc4efff x15:0x00000000
       20655000	      2064	800015e0	00000013	addi	x0,x0,0	  x0:0x00000000
       20665000	      2065	800015e4	01c1f863	bgeu	x3,x28,800015f4	  x3:0xffc4f000 x28:0x00000000
       20675000	      2066	00000000	00000013	addi	x0,x0,0	  x0:0x00000000
       20685000	      2067	800015f0	00000013	addi	x0,x0,0	  x0:0x00000000
       20695000	      2068	800015f4	04cde863	bltu	x27,x12,80001644	 x27:0x00000001 x12:0x00000000
       20705000	      2069	800015f8	8d961297	auipc	x5,0x8d961	  x5=0x0d9625f4
       20715000	      2070	800015fc	0086abb3	slt	x23,x13,x8	 x13:0x00000000  x8:0xfffffb7b x23=0x00000000
       20725000	      2071	80001600	7b7f7813	andi	x16,x30,1975	 x30:0x00000000 x16=0x00000000
       20735000	      2072	80001604	00ca4e63	blt	x20,x12,80001620	 x20:0x83c415a7 x12:0x00000000
       20745000	      2073	00000000	00000013	addi	x0,x0,0	  x0:0x00000000
       20755000	      2074	8000161c	00000013	addi	x0,x0,0	  x0:0x00000000
       20765000	      2075	80001620	00be64b3	or	x9,x28,x11	 x28:0x00000000 x11:0x00000001  x9=0x00000001
       20775000	      2076	80001624	02779263	bne	x15,x7,80001648	 x15:0x00000000  x7:0x64400001
       20785000	      2077	00000000	00000013	addi	x0,x0,0	  x0:0x00000000
       20795000	      2078	80001644	00000013	addi	x0,x0,0	  x0:0x00000000
       20805000	      2079	80001648	065e3f13	sltiu	x30,x28,101	 x28:0x00000000 x30=0x00000001
       20815000	      2080	8000164c	3735fb93	andi	x23,x11,883	 x11:0x00000001 x23=0x00000001
       20825000	      2081	80001650	41efda13	srai	x20,x31,0x1e	 x31:0x00000000 x20=0x00000000
       20835000	      2082	80001654	417fd093	srai	x1,x31,0x17	 x31:0x00000000  x1=0x00000000
       20845000	      2083	80001658	00000013	addi	x0,x0,0	  x0:0x00000000
       20855000	      2084	8000165c	3d1b2813	slti	x16,x22,977	 x22:0x80009fc4 x16=0x00000001
       20865000	      2085	80001660	02091e63	bne	x18,x0,8000169c	 x18:0x00000000  x0:0x00000000
       20875000	      2086	80001664	01ff9013	slli	x0,x31,0x1f	 x31:0x00000000
       20885000	      2087	80001668	fa2cf513	andi	x10,x25,-94	 x25:0xed174554 x10=0xed174500
       20895000	      2088	8000166c	0328d863	bge	x17,x18,8000169c	 x17:0x0000000e x18:0x00000000
       20905000	      2089	00000000	00000013	addi	x0,x0,0	  x0:0x00000000
       20915000	      2090	80001698	00000013	addi	x0,x0,0	  x0:0x00000000
       20925000	      2091	8000169c	013b9633	sll	x12,x23,x19	 x23:0x00000001 x19:0xffffffff x12=0x80000000
       20935000	      2092	800016a0	012e76b3	and	x13,x28,x18	 x28:0x00000000 x18:0x00000000 x13=0x00000000
       20945000	      2093	800016a4	fcf6f913	andi	x18,x13,-49	 x13:0x00000000 x18=0x00000000
       20955000	      2094	800016a8	00ec4663	blt	x24,x14,800016b4	 x24:0xe7c41001 x14:0x41d525c8
       20965000	      2095	00000000	00000013	addi	x0,x0,0	  x0:0x00000000
       20975000	      2096	800016b0	00000013	addi	x0,x0,0	  x0:0x00000000
       20985000	      2097	800016b4	00099433	sll	x8,x19,x0	 x19:0xffffffff  x0:0x00000000  x8=0xffffffff
       20995000	      2098	800016b8	e720fe37	lui	x28,0xe720f	 x28=0xe720f000
       21005000	      2099	800016bc	b8710f93	addi	x31,x2,-1145	  x2:0x00000000 x31=0xfffffb87
       21015000	      2100	800016c0	01725093	srli	x1,x4,0x17	  x4:0x00000000  x1=0x00000000
       21025000	      2101	800016c4	01a15013	srli	x0,x2,0x1a	  x2:0x00000000
       21035000	      2102	800016c8	01977233	and	x4,x14,x25	 x14:0x41d525c8 x25:0xed174554  x4=0x41150540
       21045000	      2103	800016cc	ce94e993	ori	x19,x9,-791	  x9:0x00000001 x19=0xfffffce9
       21055000	      2104	800016d0	00dda7b3	slt	x15,x27,x13	 x27:0x00000001 x13:0x00000000 x15=0x00000000
       21065000	      2105	800016d4	bf8b4213	xori	x4,x22,-1032	 x22:0x80009fc4  x4=0x7fff643c
       21075000	      2106	800016d8	00ed0a63	beq	x26,x14,800016ec	 x26:0x00000001 x14:0x41d525c8
       21085000	      2107	800016dc	00cb5263	bge	x22,x12,800016e0	 x22:0x80009fc4 x12:0x80000000
       21095000	      2108	00000000	00000013	addi	x0,x0,0	  x0:0x00000000
       21105000	      2109	800016dc	00000013	addi	x0,x0,0	  x0:0x00000000
       21115000	      2110	800016e0	4097d713	srai	x14,x15,0x9	 x15:0x00000000 x14=0x00000000
       21125000	      2111	800016e4	0087b7b3	sltu	x15,x15,x8	 x15:0x00000000  x8:0xffffffff x15=0x00000001
       21135000	      2112	800016e8	00f5b533	sltu	x10,x11,x15	 x11:0x00000001 x15:0x00000001 x10=0x00000000
       21145000	      2113	800016ec	01f9da63	bge	x19,x31,80001700	 x19:0xfffffce9 x31:0xfffffb87
       21155000	      2114	00000000	00000013	addi	x0,x0,0	  x0:0x00000000
       21165000	      2115	800016fc	00000013	addi	x0,x0,0	  x0:0x00000000
       21175000	      2116	80001700	4e123b93	sltiu	x23,x4,1249	  x4:0x7fff643c x23=0x00000000
       21185000	      2117	80001704	00119593	slli	x11,x3,0x1	  x3:0xffc4f000 x11=0xff89e000
       21195000	      2118	80001708	0438c263	blt	x17,x3,8000174c	 x17:0x0000000e  x3:0xffc4f000
       21205000	      2119	8000170c	045b7263	bgeu	x22,x5,80001750	 x22:0x80009fc4  x5:0x0d9625f4
       21215000	      2120	00000000	00000013	addi	x0,x0,0	  x0:0x00000000
       21225000	      2121	8000174c	00000013	addi	x0,x0,0	  x0:0x00000000
       21235000	      2122	80001750	417489b3	sub	x19,x9,x23	  x9:0x00000001 x23:0x00000000 x19=0x00000001
       21245000	      2123	80001754	00b5c9b3	xor	x19,x11,x11	 x11:0xff89e000 x11:0xff89e000 x19=0x00000000
       21255000	      2124	80001758	41bad193	srai	x3,x21,0x1b	 x21:0xfffffec9  x3=0xffffffff
       21265000	      2125	8000175c	67274193	xori	x3,x14,1650	 x14:0x00000000  x3=0x00000672
       21275000	      2126	80001760	00841a93	slli	x21,x8,0x8	  x8:0xffffffff x21=0xffffff00
       21285000	      2127	80001764	0043d6b3	srl	x13,x7,x4	  x7:0x64400001  x4:0x7fff643c x13=0x00000006
       21295000	      2128	80001768	8b423a13	sltiu	x20,x4,-1868	  x4:0x7fff643c x20=0x00000001
       21305000	      2129	8000176c	3ab8ca93	xori	x21,x17,939	 x17:0x0000000e x21=0x000003a5
       21315000	      2130	80001770	00ac9813	slli	x16,x25,0xa	 x25:0xed174554 x16=0x5d155000
       21325000	      2131	80001774	02854e63	blt	x10,x8,800017b0	 x10:0x00000000  x8:0xffffffff
       21335000	      2132	80001778	030b7263	bgeu	x22,x16,8000179c	 x22:0x80009fc4 x16:0x5d155000
       21345000	      2133	00000000	00000013	addi	x0,x0,0	  x0:0x00000000
       21355000	      2134	80001798	00000013	addi	x0,x0,0	  x0:0x00000000
       21365000	      2135	8000179c	012f9593	slli	x11,x31,0x12	 x31:0xfffffb87 x11=0xee1c0000
       21375000	      2136	800017a0	6b42ae93	slti	x29,x5,1716	  x5:0x0d9625f4 x29=0x00000000
       21385000	      2137	800017a4	0d043e37	lui	x28,0xd043	 x28=0x0d043000
       21395000	      2138	800017a8	24797693	andi	x13,x18,583	 x18:0x00000000 x13=0x00000000
       21405000	      2139	800017ac	3939f913	andi	x18,x19,915	 x19:0x00000000 x18=0x00000000
       21415000	      2140	800017b0	03f91263	bne	x18,x31,800017d4	 x18:0x00000000 x31:0xfffffb87
       21425000	      2141	00000000	00000013	addi	x0,x0,0	  x0:0x00000000
       21435000	      2142	800017d0	00000013	addi	x0,x0,0	  x0:0x00000000
       21445000	      2143	800017d4	0159d863	bge	x19,x21,800017e4	 x19:0x00000000 x21:0x000003a5
       21455000	      2144	800017d8	00491bb3	sll	x23,x18,x4	 x18:0x00000000  x4:0x7fff643c x23=0x00000000
       21465000	      2145	800017dc	a0e86f93	ori	x31,x16,-1522	 x16:0x5d155000 x31=0xfffffa0e
       21475000	      2146	800017e0	001439b3	sltu	x19,x8,x1	  x8:0xffffffff  x1:0x00000000 x19=0x00000000
       21485000	      2147	800017e4	409b54b3	sra	x9,x22,x9	 x22:0x80009fc4  x9:0x00000001  x9=0xc0004fe2
       21495000	      2148	800017e8	00d5b733	sltu	x14,x11,x13	 x11:0xee1c0000 x13:0x00000000 x14=0x00000000
       21505000	      2149	800017ec	00b7da33	srl	x20,x15,x11	 x15:0x00000001 x11:0xee1c0000 x20=0x00000001
       21515000	      2150	800017f0	01993633	sltu	x12,x18,x25	 x18:0x00000000 x25:0xed174554 x12=0x00000001
       21525000	      2151	800017f4	00720a63	beq	x4,x7,80001808	  x4:0x7fff643c  x7:0x64400001
       21535000	      2152	800017f8	00000013	addi	x0,x0,0	  x0:0x00000000
       21545000	      2153	800017fc	418855b3	sra	x11,x16,x24	 x16:0x5d155000 x24:0xe7c41001 x11=0x2e8aa800
       21555000	      2154	80001800	0123d993	srli	x19,x7,0x12	  x7:0x64400001 x19=0x00001910
       21565000	      2155	80001804	01b682b3	add	x5,x13,x27	 x13:0x00000000 x27:0x00000001  x5=0x00000001
       21575000	      2156	80001808	01c01433	sll	x8,x0,x28	  x0:0x00000000 x28:0x0d043000  x8=0x00000000
       21585000	      2157	8000180c	05ece263	bltu	x25,x30,80001850	 x25:0xed174554 x30:0x00000001
       21595000	      2158	80001810	fdce7393	andi	x7,x28,-36	 x28:0x0d043000  x7=0x0d043000
       21605000	      2159	80001814	001e5733	srl	x14,x28,x1	 x28:0x0d043000  x1:0x00000000 x14=0x0d043000
       21615000	      2160	80001818	00ed83b3	add	x7,x27,x14	 x27:0x00000001 x14:0x0d043000  x7=0x0d043001
       21625000	      2161	8000181c	009ec5b3	xor	x11,x29,x9	 x29:0x00000000  x9:0xc0004fe2 x11=0xc0004fe2
       21635000	      2162	80001820	01471813	slli	x16,x14,0x14	 x14:0x0d043000 x16=0x00000000
       21645000	      2163	80001824	05cae263	bltu	x21,x28,80001868	 x21:0x000003a5 x28:0x0d043000
       21655000	      2164	00000000	00000013	addi	x0,x0,0	  x0:0x00000000
       21665000	      2165	80001864	00000013	addi	x0,x0,0	  x0:0x00000000
       21675000	      2166	80001868	01455993	srli	x19,x10,0x14	 x10:0x00000000 x19=0x00000000
       21685000	      2167	8000186c	40d35e93	srai	x29,x6,0xd	  x6:0x80009f84 x29=0xfffc0004
       21695000	      2168	80001870	ddf4a417	auipc	x8,0xddf4a	  x8=0x5df4b86c
       21705000	      2169	80001874	5c1e0b93	addi	x23,x28,1473	 x28:0x0d043000 x23=0x0d0435c1
       21715000	      2170	80001878	0121c2b3	xor	x5,x3,x18	  x3:0x00000672 x18:0x00000000  x5=0x00000672
       21725000	      2171	8000187c	41fc5b93	srai	x23,x24,0x1f	 x24:0xe7c41001 x23=0xffffffff
       21735000	      2172	80001880	00c27a63	bgeu	x4,x12,80001894	  x4:0x7fff643c x12:0x00000001
       21745000	      2173	00000000	00000013	addi	x0,x0,0	  x0:0x00000000
       21755000	      2174	80001890	00000013	addi	x0,x0,0	  x0:0x00000000
       21765000	      2175	80001894	00b0ddb3	srl	x27,x1,x11	  x1:0x00000000 x11:0xc0004fe2 x27=0x00000000
       21775000	      2176	80001898	01a49c13	slli	x24,x9,0x1a	  x9:0xc0004fe2 x24=0x88000000
       21785000	      2177	8000189c	0036a033	slt	x0,x13,x3	 x13:0x00000000  x3:0x00000672
       21795000	      2178	800018a0	b89f3d93	sltiu	x27,x30,-1143	 x30:0x00000001 x27=0x00000001
       21805000	      2179	800018a4	9c0a2c93	slti	x25,x20,-1600	 x20:0x00000001 x25=0x00000000
       21815000	      2180	800018a8	d4865bb7	lui	x23,0xd4865	 x23=0xd4865000
       21825000	      2181	800018ac	084fc113	xori	x2,x31,132	 x31:0xfffffa0e  x2=0xfffffa8a
       21835000	      2182	800018b0	bf15b213	sltiu	x4,x11,-1039	 x11:0xc0004fe2  x4=0x00000001
       21845000	      2183	800018b4	007cd833	srl	x16,x25,x7	 x25:0x00000000  x7:0x0d043001 x16=0x00000000
       21855000	      2184	800018b8	002e3033	sltu	x0,x28,x2	 x28:0x0d043000  x2:0xfffffa8a
       21865000	      2185	800018bc	f9993f17	auipc	x30,0xf9993	 x30=0x799948b8
       21875000	      2186	800018c0	41e90d33	sub	x26,x18,x30	 x18:0x00000000 x30:0x799948b8 x26=0x8666b748
       21885000	      2187	800018c4	f7c27513	andi	x10,x4,-132	  x4:0x00000001 x10=0x00000000
       21895000	      2188	800018c8	026f4e63	blt	x30,x6,80001904	 x30:0x799948b8  x6:0x80009f84
       21905000	      2189	800018cc	2d7a2a37	lui	x20,0x2d7a2	 x20=0x2d7a2000
       21915000	      2190	800018d0	75ace113	ori	x2,x25,1882	 x25:0x00000000  x2=0x0000075a
       21925000	      2191	800018d4	002bfcb3	and	x25,x23,x2	 x23:0xd4865000  x2:0x0000075a x25=0x00000000
       21935000	      2192	800018d8	00864e33	xor	x28,x12,x8	 x12:0x00000001  x8:0x5df4b86c x28=0x5df4b86d
       21945000	      2193	800018dc	00e9d713	srli	x14,x19,0xe	 x19:0x00000000 x14=0x00000000
       21955000	      2194	800018e0	00ac2833	slt	x16,x24,x10	 x24:0x88000000 x10:0x00000000 x16=0x00000001
       21965000	      2195	800018e4	00c50db3	add	x27,x10,x12	 x10:0x00000000 x12:0x00000001 x27=0x00000001
       21975000	      2196	800018e8	02be0663	beq	x28,x11,80001914	 x28:0x5df4b86d x11:0xc0004fe2
       21985000	      2197	800018ec	00a90233	add	x4,x18,x10	 x18:0x00000000 x10:0x00000000  x4=0x00000000
       21995000	      2198	800018f0	6580fb93	andi	x23,x1,1624	  x1:0x00000000 x23=0x00000000
       22005000	      2199	800018f4	01c2e733	or	x14,x5,x28	  x5:0x00000672 x28:0x5df4b86d x14=0x5df4be7f
       22015000	      2200	800018f8	41fb0033	sub	x0,x22,x31	 x22:0x80009fc4 x31:0xfffffa0e
       22025000	      2201	800018fc	00000013	addi	x0,x0,0	  x0:0x00000000
       22035000	      2202	80001900	03d3c063	blt	x7,x29,80001920	  x7:0x0d043001 x29:0xfffc0004
       22045000	      2203	80001904	409ad693	srai	x13,x21,0x9	 x21:0x000003a5 x13=0x00000001
       22055000	      2204	80001908	41a9dab3	sra	x21,x19,x26	 x19:0x00000000 x26:0x8666b748 x21=0x00000000
       22065000	      2205	8000190c	01617ab3	and	x21,x2,x22	  x2:0x0000075a x22:0x80009fc4 x21=0x00000740
       22075000	      2206	80001910	902fb293	sltiu	x5,x31,-1790	 x31:0xfffffa0e  x5=0x00000000
       22085000	      2207	80001914	00d2dd13	srli	x26,x5,0xd	  x5:0x00000000 x26=0x00000000
       22095000	      2208	80001918	04afd863	bge	x31,x10,80001968	 x31:0xfffffa0e x10:0x00000000
       22105000	      2209	8000191c	00a794b3	sll	x9,x15,x10	 x15:0x00000001 x10:0x00000000  x9=0x00000001
       22115000	      2210	80001920	9915fe37	lui	x28,0x9915f	 x28=0x9915f000
       22125000	      2211	80001924	adb88813	addi	x16,x17,-1317	 x17:0x0000000e x16=0xfffffae9
       22135000	      2212	80001928	00000013	addi	x0,x0,0	  x0:0x00000000
       22145000	      2213	8000192c	0379e263	bltu	x19,x23,80001950	 x19:0x00000000 x23:0x00000000
       22155000	      2214	80001930	5f97e613	ori	x12,x15,1529	 x15:0x00000001 x12=0x000005f9
       22165000	      2215	80001934	40680fb3	sub	x31,x16,x6	 x16:0xfffffae9  x6:0x80009f84 x31=0x7fff5b65
       22175000	      2216	80001938	01dd7d33	and	x26,x26,x29	 x26:0x00000000 x29:0xfffc0004 x26=0x00000000
       22185000	      2217	8000193c	5d3c3213	sltiu	x4,x24,1491	 x24:0x88000000  x4=0x00000000
       22195000	      2218	80001940	d6c43813	sltiu	x16,x8,-660	  x8:0x5df4b86c x16=0x00000001
       22205000	      2219	80001944	400b0bb3	sub	x23,x22,x0	 x22:0x80009fc4  x0:0x00000000 x23=0x80009fc4
       22215000	      2220	80001948	05fd5263	bge	x26,x31,8000198c	 x26:0x00000000 x31:0x7fff5b65
       22225000	      2221	8000194c	1351a913	slti	x18,x3,309	  x3:0x00000672 x18=0x00000000
       22235000	      2222	80001950	045e1263	bne	x28,x5,80001994	 x28:0x9915f000  x5:0x00000000
       22245000	      2223	00000000	00000013	addi	x0,x0,0	  x0:0x00000000
       22255000	      2224	80001990	00000013	addi	x0,x0,0	  x0:0x00000000
       22265000	      2225	80001994	00f26bb3	or	x23,x4,x15	  x4:0x00000000 x15:0x00000001 x23=0x00000001
       22275000	      2226	80001998	0c3a7f93	andi	x31,x20,195	 x20:0x2d7a2000 x31=0x00000000
       22285000	      2227	8000199c	baf4e813	ori	x16,x9,-1105	  x9:0x00000001 x16=0xfffffbaf
       22295000	      2228	800019a0	01404e63	blt	x0,x20,800019bc	  x0:0x00000000 x20:0x2d7a2000
       22305000	      2229	00000000	00000013	addi	x0,x0,0	  x0:0x00000000
       22315000	      2230	800019b8	00000013	addi	x0,x0,0	  x0:0x00000000
       22325000	      2231	800019bc	612c0d13	addi	x26,x24,1554	 x24:0x88000000 x26=0x88000612
       22335000	      2232	800019c0	00638233	add	x4,x7,x6	  x7:0x0d043001  x6:0x80009f84  x4=0x8d04cf85
       22345000	      2233	800019c4	34d27293	andi	x5,x4,845	  x4:0x8d04cf85  x5=0x00000305
       22355000	      2234	800019c8	00609293	slli	x5,x1,0x6	  x1:0x00000000  x5=0x00000000
       22365000	      2235	800019cc	188ec793	xori	x15,x29,392	 x29:0xfffc0004 x15=0xfffc018c
       22375000	      2236	800019d0	5ccd8093	addi	x1,x27,1484	 x27:0x00000001  x1=0x000005cd
       22385000	      2237	800019d4	00919e33	sll	x28,x3,x9	  x3:0x00000672  x9:0x00000001 x28=0x00000ce4
       22395000	      2238	800019d8	41165133	sra	x2,x12,x17	 x12:0x000005f9 x17:0x0000000e  x2=0x00000000
       22405000	      2239	800019dc	641f6013	ori	x0,x30,1601	 x30:0x799948b8
       22415000	      2240	800019e0	03170663	beq	x14,x17,80001a0c	 x14:0x5df4be7f x17:0x0000000e
       22425000	      2241	800019e4	00b342b3	xor	x5,x6,x11	  x6:0x80009f84 x11:0xc0004fe2  x5=0x4000d066
       22435000	      2242	800019e8	03de1263	bne	x28,x29,80001a0c	 x28:0x00000ce4 x29:0xfffc0004
       22445000	      2243	00000000	00000013	addi	x0,x0,0	  x0:0x00000000
       22455000	      2244	80001a08	00000013	addi	x0,x0,0	  x0:0x00000000
       22465000	      2245	80001a0c	a1b58713	addi	x14,x11,-1509	 x11:0xc0004fe2 x14=0xc00049fd
       22475000	      2246	80001a10	71bda913	slti	x18,x27,1819	 x27:0x00000001 x18=0x00000001
       22485000	      2247	80001a14	01359c13	slli	x24,x11,0x13	 x11:0xc0004fe2 x24=0x7f100000
       22495000	      2248	80001a18	f5e5a013	slti	x0,x11,-162	 x11:0xc0004fe2
       22505000	      2249	80001a1c	01796db3	or	x27,x18,x23	 x18:0x00000001 x23:0x00000001 x27=0x00000001
       22515000	      2250	80001a20	01d91513	slli	x10,x18,0x1d	 x18:0x00000001 x10=0x20000000
       22525000	      2251	80001a24	008fca63	blt	x31,x8,80001a38	 x31:0x00000000  x8:0x5df4b86c
       22535000	      2252	00000000	00000013	addi	x0,x0,0	  x0:0x00000000
       22545000	      2253	80001a34	00000013	addi	x0,x0,0	  x0:0x00000000
       22555000	      2254	80001a38	01751ab3	sll	x21,x10,x23	 x10:0x20000000 x23:0x00000001 x21=0x40000000
       22565000	      2255	80001a3c	40225c93	srai	x25,x4,0x2	  x4:0x8d04cf85 x25=0xe34133e1
       22575000	      2256	80001a40	00000013	addi	x0,x0,0	  x0:0x00000000
       22585000	      2257	80001a44	001743b3	xor	x7,x14,x1	 x14:0xc00049fd  x1:0x000005cd  x7=0xc0004c30
       22595000	      2258	80001a48	01be3a33	sltu	x20,x28,x27	 x28:0x00000ce4 x27:0x00000001 x20=0x00000000
       22605000	      2259	80001a4c	0d922d93	slti	x27,x4,217	  x4:0x8d04cf85 x27=0x00000001
       22615000	      2260	80001a50	00945793	srli	x15,x8,0x9	  x8:0x5df4b86c x15=0x002efa5c
       22625000	      2261	80001a54	01d51b93	slli	x23,x10,0x1d	 x10:0x20000000 x23=0x00000000
       22635000	      2262	80001a58	6527ee17	auipc	x28,0x6527e	 x28=0xe527fa54
       22645000	      2263	80001a5c	3cb32637	lui	x12,0x3cb32	 x12=0x3cb32000
       22655000	      2264	80001a60	02a45e63	bge	x8,x10,80001a9c	  x8:0x5df4b86c x10:0x20000000
       22665000	      2265	00000000	00000013	addi	x0,x0,0	  x0:0x00000000
       22675000	      2266	80001a98	00000013	addi	x0,x0,0	  x0:0x00000000
       22685000	      2267	80001a9c	0103c3b3	xor	x7,x7,x16	  x7:0xc0004c30 x16:0xfffffbaf  x7=0x3fffb79f
       22695000	      2268	80001aa0	00e58c63	beq	x11,x14,80001ab8	 x11:0xc0004fe2 x14:0xc00049fd
       22705000	      2269	80001aa4	036e9c63	bne	x29,x22,80001adc	 x29:0xfffc0004 x22:0x80009fc4
       22715000	      2270	00000000	00000013	addi	x0,x0,0	  x0:0x00000000
       22725000	      2271	80001ad8	00000013	addi	x0,x0,0	  x0:0x00000000
       22735000	      2272	80001adc	00098463	beq	x19,x0,80001ae4	 x19:0x00000000  x0:0x00000000
       22745000	      2273	00000000	00000013	addi	x0,x0,0	  x0:0x00000000
       22755000	      2274	80001ae0	00000013	addi	x0,x0,0	  x0:0x00000000
       22765000	      2275	80001ae4	6b16a793	slti	x15,x13,1713	 x13:0x00000001 x15=0x00000001
       22775000	      2276	80001ae8	ed014417	auipc	x8,0xed014	  x8=0x6d015ae4
       22785000	      2277	80001aec	015af663	bgeu	x21,x21,80001af8	 x21:0x40000000 x21:0x40000000
       22795000	      2278	00000000	00000013	addi	x0,x0,0	  x0:0x00000000
       22805000	      2279	80001af4	00000013	addi	x0,x0,0	  x0:0x00000000
       22815000	      2280	80001af8	010022b3	slt	x5,x0,x16	  x0:0x00000000 x16:0xfffffbaf  x5=0x00000000
       22825000	      2281	80001afc	01a18db3	add	x27,x3,x26	  x3:0x00000672 x26:0x88000612 x27=0x88000c84
       22835000	      2282	80001b00	e22eed13	ori	x26,x29,-478	 x29:0xfffc0004 x26=0xfffffe26
       22845000	      2283	80001b04	006c1f13	slli	x30,x24,0x6	 x24:0x7f100000 x30=0xc4000000
       22855000	      2284	80001b08	40588fb3	sub	x31,x17,x5	 x17:0x0000000e  x5:0x00000000 x31=0x0000000e
       22865000	      2285	80001b0c	022be463	bltu	x23,x2,80001b34	 x23:0x00000000  x2:0x00000000
       22875000	      2286	80001b10	00dcac33	slt	x24,x25,x13	 x25:0xe34133e1 x13:0x00000001 x24=0x00000001
       22885000	      2287	80001b14	01b524b3	slt	x9,x10,x27	 x10:0x20000000 x27:0x88000c84  x9=0x00000000
       22895000	      2288	80001b18	00a472b3	and	x5,x8,x10	  x8:0x6d015ae4 x10:0x20000000  x5=0x20000000
       22905000	      2289	80001b1c	017a49b3	xor	x19,x20,x23	 x20:0x00000000 x23:0x00000000 x19=0x00000000
       22915000	      2290	80001b20	41c35e93	srai	x29,x6,0x1c	  x6:0x80009f84 x29=0xfffffff8
       22925000	      2291	80001b24	03b25663	bge	x4,x27,80001b50	  x4:0x8d04cf85 x27:0x88000c84
       22935000	      2292	00000000	00000013	addi	x0,x0,0	  x0:0x00000000
       22945000	      2293	80001b4c	00000013	addi	x0,x0,0	  x0:0x00000000
       22955000	      2294	80001b50	416a0633	sub	x12,x20,x22	 x20:0x00000000 x22:0x80009fc4 x12=0x7fff603c
       22965000	      2295	80001b54	01991d33	sll	x26,x18,x25	 x18:0x00000001 x25:0xe34133e1 x26=0x00000002
       22975000	      2296	80001b58	3d5f6793	ori	x15,x30,981	 x30:0xc4000000 x15=0xc40003d5
       22985000	      2297	80001b5c	00bd9e63	bne	x27,x11,80001b78	 x27:0x88000c84 x11:0xc0004fe2
       22995000	      2298	00000000	00000013	addi	x0,x0,0	  x0:0x00000000
       23005000	      2299	80001b74	00000013	addi	x0,x0,0	  x0:0x00000000
       23015000	      2300	80001b78	041dd263	bge	x27,x1,80001bbc	 x27:0x88000c84  x1:0x000005cd
       23025000	      2301	80001b7c	40255e33	sra	x28,x10,x2	 x10:0x20000000  x2:0x00000000 x28=0x20000000
       23035000	      2302	80001b80	5fa59d17	auipc	x26,0x5fa59	 x26=0xdfa5ab7c
       23045000	      2303	80001b84	011096b3	sll	x13,x1,x17	  x1:0x000005cd x17:0x0000000e x13=0x01734000
       23055000	      2304	80001b88	011251b3	srl	x3,x4,x17	  x4:0x8d04cf85 x17:0x0000000e  x3=0x00023413
       23065000	      2305	80001b8c	533ac013	xori	x0,x21,1331	 x21:0x40000000
       23075000	      2306	80001b90	f6a6ce13	xori	x28,x13,-150	 x13:0x01734000 x28=0xfe8cbf6a
       23085000	      2307	80001b94	40bbd3b3	sra	x7,x23,x11	 x23:0x00000000 x11:0xc0004fe2  x7=0x00000000
       23095000	      2308	80001b98	04504263	blt	x0,x5,80001bdc	  x0:0x00000000  x5:0x20000000
       23105000	      2309	00000000	00000013	addi	x0,x0,0	  x0:0x00000000
       23115000	      2310	80001bd8	00000013	addi	x0,x0,0	  x0:0x00000000
       23125000	      2311	80001bdc	d48e0013	addi	x0,x28,-696	 x28:0xfe8cbf6a
       23135000	      2312	80001be0	40565513	srai	x10,x12,0x5	 x12:0x7fff603c x10=0x03fffb01
       23145000	      2313	80001be4	5b864ab7	lui	x21,0x5b864	 x21=0x5b864000
       23155000	      2314	80001be8	41e107b3	sub	x15,x2,x30	  x2:0x00000000 x30:0xc4000000 x15=0x3c000000
       23165000	      2315	80001bec	00000013	addi	x0,x0,0	  x0:0x00000000
       23175000	      2316	80001bf0	0128f0b3	and	x1,x17,x18	 x17:0x0000000e x18:0x00000001  x1=0x00000000
       23185000	      2317	80001bf4	0008d293	srli	x5,x17,0x0	 x17:0x0000000e  x5=0x0000000e
       23195000	      2318	80001bf8	6a2ac813	xori	x16,x21,1698	 x21:0x5b864000 x16=0x5b8646a2
       23205000	      2319	80001bfc	02037663	bgeu	x6,x0,80001c28	  x6:0x80009f84  x0:0x00000000
       23215000	      2320	00000000	00000013	addi	x0,x0,0	  x0:0x00000000
       23225000	      2321	80001c24	00000013	addi	x0,x0,0	  x0:0x00000000
       23235000	      2322	80001c28	40b1da93	srai	x21,x3,0xb	  x3:0x00023413 x21=0x00000046
       23245000	      2323	80001c2c	01de6633	or	x12,x28,x29	 x28:0xfe8cbf6a x29:0xfffffff8 x12=0xfffffffa
       23255000	      2324	80001c30	0a9ac697	auipc	x13,0xa9ac	 x13=0x8a9adc2c
       23265000	      2325	80001c34	005cccb3	xor	x25,x25,x5	 x25:0xe34133e1  x5:0x0000000e x25=0xe34133ef
       23275000	      2326	80001c38	015fb5b3	sltu	x11,x31,x21	 x31:0x0000000e x21:0x00000046 x11=0x00000001
       23285000	      2327	80001c3c	0488f263	bgeu	x17,x8,80001c80	 x17:0x0000000e  x8:0x6d015ae4
       23295000	      2328	80001c40	db024137	lui	x2,0xdb024	  x2=0xdb024000
       23305000	      2329	80001c44	004b1663	bne	x22,x4,80001c50	 x22:0x80009fc4  x4:0x8d04cf85
       23315000	      2330	00000000	00000013	addi	x0,x0,0	  x0:0x00000000
       23325000	      2331	80001c4c	00000013	addi	x0,x0,0	  x0:0x00000000
       23335000	      2332	80001c50	9b64b197	auipc	x3,0x9b64b	  x3=0x1b64cc4c
       23345000	      2333	80001c54	013d5ab3	srl	x21,x26,x19	 x26:0xdfa5ab7c x19:0x00000000 x21=0xdfa5ab7c
       23355000	      2334	80001c58	ba0a0393	addi	x7,x20,-1120	 x20:0x00000000  x7=0xfffffba0
       23365000	      2335	80001c5c	3a7a3913	sltiu	x18,x20,935	 x20:0x00000000 x18=0x00000001
       23375000	      2336	80001c60	90fbe7b7	lui	x15,0x90fbe	 x15=0x90fbe000
       23385000	      2337	80001c64	012de033	or	x0,x27,x18	 x27:0x88000c84 x18:0x00000001
       23395000	      2338	80001c68	010ac463	blt	x21,x16,80001c70	 x21:0xdfa5ab7c x16:0x5b8646a2
       23405000	      2339	00000000	00000013	addi	x0,x0,0	  x0:0x00000000
       23415000	      2340	80001c6c	00000013	addi	x0,x0,0	  x0:0x00000000
       23425000	      2341	80001c70	ebff2493	slti	x9,x30,-321	 x30:0xc4000000  x9=0x00000001
       23435000	      2342	80001c74	05451063	bne	x10,x20,80001cb4	 x10:0x03fffb01 x20:0x00000000
       23445000	      2343	00000000	00000013	addi	x0,x0,0	  x0:0x00000000
       23455000	      2344	80001cb0	00000013	addi	x0,x0,0	  x0:0x00000000
       23465000	      2345	80001cb4	03f94263	blt	x18,x31,80001cd8	 x18:0x00000001 x31:0x0000000e
       23475000	      2346	00000000	00000013	addi	x0,x0,0	  x0:0x00000000
       23485000	      2347	80001cd4	00000013	addi	x0,x0,0	  x0:0x00000000
       23495000	      2348	80001cd8	01d4a2b3	slt	x5,x9,x29	  x9:0x00000001 x29:0xfffffff8  x5=0x00000000
       23505000	      2349	80001cdc	000abf33	sltu	x30,x21,x0	 x21:0xdfa5ab7c  x0:0x00000000 x30=0x00000000
       23515000	      2350	80001ce0	01732e33	slt	x28,x6,x23	  x6:0x80009f84 x23:0x00000000 x28=0x00000001
       23525000	      2351	80001ce4	05d26263	bltu	x4,x29,80001d28	  x4:0x8d04cf85 x29:0xfffffff8
       23535000	      2352	00000000	00000013	addi	x0,x0,0	  x0:0x00000000
       23545000	      2353	80001d24	00000013	addi	x0,x0,0	  x0:0x00000000
       23555000	      2354	80001d28	0040dd93	srli	x27,x1,0x4	  x1:0x00000000 x27=0x00000000
       23565000	      2355	80001d2c	00f4bf33	sltu	x30,x9,x15	  x9:0x00000001 x15:0x90fbe000 x30=0x00000001
       23575000	      2356	80001d30	01b26113	ori	x2,x4,27	  x4:0x8d04cf85  x2=0x8d04cf9f
       23585000	      2357	80001d34	09299663	bne	x19,x18,80001dc0	 x19:0x00000000 x18:0x00000001
       23595000	      2358	00000000	00000013	addi	x0,x0,0	  x0:0x00000000
       23605000	      2359	80001dbc	00000013	addi	x0,x0,0	  x0:0x00000000
       23615000	      2360	80001dc0	00bc5113	srli	x2,x24,0xb	 x24:0x00000001  x2=0x00000000
       23625000	      2361	80001dc4	013ba133	slt	x2,x23,x19	 x23:0x00000000 x19:0x00000000  x2=0x00000000
       23635000	      2362	80001dc8	010ac7b3	xor	x15,x21,x16	 x21:0xdfa5ab7c x16:0x5b8646a2 x15=0x8423edde
       23645000	      2363	80001dcc	00af1433	sll	x8,x30,x10	 x30:0x00000001 x10:0x03fffb01  x8=0x00000002
       23655000	      2364	80001dd0	019ceeb3	or	x29,x25,x25	 x25:0xe34133ef x25:0xe34133ef x29=0xe34133ef
       23665000	      2365	80001dd4	03d36463	bltu	x6,x29,80001dfc	  x6:0x80009f84 x29:0xe34133ef
       23675000	      2366	00000000	00000013	addi	x0,x0,0	  x0:0x00000000
       23685000	      2367	80001df8	00000013	addi	x0,x0,0	  x0:0x00000000
       23695000	      2368	80001dfc	004a7a33	and	x20,x20,x4	 x20:0x00000000  x4:0x8d04cf85 x20=0x00000000
       23705000	      2369	80001e00	e9946993	ori	x19,x8,-359	  x8:0x00000002 x19=0xfffffe9b
       23715000	      2370	80001e04	01e09c63	bne	x1,x30,80001e1c	  x1:0x00000000 x30:0x00000001
       23725000	      2371	00000000	00000013	addi	x0,x0,0	  x0:0x00000000
       23735000	      2372	80001e18	00000013	addi	x0,x0,0	  x0:0x00000000
       23745000	      2373	80001e1c	00fe2433	slt	x8,x28,x15	 x28:0x00000001 x15:0x8423edde  x8=0x00000000
       23755000	      2374	80001e20	03c5a213	slti	x4,x11,60	 x11:0x00000001  x4=0x00000001
       23765000	      2375	80001e24	40d8d113	srai	x2,x17,0xd	 x17:0x0000000e  x2=0x00000000
       23775000	      2376	80001e28	41e98e33	sub	x28,x19,x30	 x19:0xfffffe9b x30:0x00000001 x28=0xfffffe9a
       23785000	      2377	80001e2c	00fce5b3	or	x11,x25,x15	 x25:0xe34133ef x15:0x8423edde x11=0xe763ffff
       23795000	      2378	80001e30	00452533	slt	x10,x10,x4	 x10:0x03fffb01  x4:0x00000001 x10=0x00000000
       23805000	      2379	80001e34	030bf663	bgeu	x23,x16,80001e60	 x23:0x00000000 x16:0x5b8646a2
       23815000	      2380	80001e38	40d30633	sub	x12,x6,x13	  x6:0x80009f84 x13:0x8a9adc2c x12=0xf565c358
       23825000	      2381	80001e3c	01dc2c33	slt	x24,x24,x29	 x24:0x00000001 x29:0xe34133ef x24=0x00000000
       23835000	      2382	80001e40	bbc5e593	ori	x11,x11,-1092	 x11:0xe763ffff x11=0xffffffff
       23845000	      2383	80001e44	2abd0613	addi	x12,x26,683	 x26:0xdfa5ab7c x12=0xdfa5ae27
       23855000	      2384	80001e48	006c9713	slli	x14,x25,0x6	 x25:0xe34133ef x14=0xd04cfbc0
       23865000	      2385	80001e4c	02391663	bne	x18,x3,80001e78	 x18:0x00000001  x3:0x1b64cc4c
       23875000	      2386	00000000	00000013	addi	x0,x0,0	  x0:0x00000000
       23885000	      2387	80001e74	00000013	addi	x0,x0,0	  x0:0x00000000
       23895000	      2388	80001e78	41f0d113	srai	x2,x1,0x1f	  x1:0x00000000  x2=0x00000000
       23905000	      2389	80001e7c	9822b993	sltiu	x19,x5,-1662	  x5:0x00000000 x19=0x00000001
       23915000	      2390	80001e80	b719c213	xori	x4,x19,-1167	 x19:0x00000001  x4=0xfffffb70
       23925000	      2391	80001e84	0132c2b3	xor	x5,x5,x19	  x5:0x00000000 x19:0x00000001  x5=0x00000001
       23935000	      2392	80001e88	0198df93	srli	x31,x17,0x19	 x17:0x0000000e x31=0x00000000
       23945000	      2393	80001e8c	00f8f033	and	x0,x17,x15	 x17:0x0000000e x15:0x8423edde
       23955000	      2394	80001e90	718b6093	ori	x1,x22,1816	 x22:0x80009fc4  x1=0x80009fdc
       23965000	      2395	80001e94	f2fb2c13	slti	x24,x22,-209	 x22:0x80009fc4 x24=0x00000001
       23975000	      2396	80001e98	405d5533	sra	x10,x26,x5	 x26:0xdfa5ab7c  x5:0x00000001 x10=0xefd2d5be
       23985000	      2397	80001e9c	03d22e17	auipc	x28,0x3d22	 x28=0x83d23e98
       23995000	      2398	80001ea0	00bb5433	srl	x8,x22,x11	 x22:0x80009fc4 x11:0xffffffff  x8=0x00000001
       24005000	      2399	80001ea4	01199db3	sll	x27,x19,x17	 x19:0x00000001 x17:0x0000000e x27=0x00004000
       24015000	      2400	80001ea8	41a889b3	sub	x19,x17,x26	 x17:0x0000000e x26:0xdfa5ab7c x19=0x205a5492
       24025000	      2401	80001eac	dfb2da37	lui	x20,0xdfb2d	 x20=0xdfb2d000
       24035000	      2402	80001eb0	00bc9663	bne	x25,x11,80001ebc	 x25:0xe34133ef x11:0xffffffff
       24045000	      2403	00000000	00000013	addi	x0,x0,0	  x0:0x00000000
       24055000	      2404	80001eb8	00000013	addi	x0,x0,0	  x0:0x00000000
       24065000	      2405	80001ebc	017ff7b3	and	x15,x31,x23	 x31:0x00000000 x23:0x00000000 x15=0x00000000
       24075000	      2406	80001ec0	00000897	auipc	x17,0x0	 x17=0x80001ebc
       24085000	      2407	80001ec4	00c88893	addi	x17,x17,12	 x17:0x80001ebc x17=0x80001ec8
       24095000	      2408	80001ec8	00088067	jalr	x0,x17,0	 x17:0x80001ec8
       24105000	      2409	00000000	00000013	addi	x0,x0,0	  x0:0x00000000
       24115000	      2410	80001ec8	00000013	addi	x0,x0,0	  x0:0x00000000
       24125000	      2411	80001ecc	00100193	addi	x3,x0,1	  x0:0x00000000  x3=0x00000001
       24135000	      2412	80001ed0	00000073	ecall	
       24145000	      2413	80001ed4	fd030313	addi	x6,x6,-48	  x6:0x80009f84  x6=0x80009f54
