		Time			Cycle	PC		Insn	Decoded instruction	Register and memory contents
          65000	         5	80000004	00000293	addi	x5,x0,0	  x0:0x00000000  x5=0x00000000
          75000	         6	80000008	00000313	addi	x6,x0,0	  x0:0x00000000  x6=0x00000000
          85000	         7	8000000c	00628263	beq	x5,x6,80000010	  x5:0x00000000  x6:0x00000000
          95000	         8	00000000	00000013	addi	x0,x0,0	  x0:0x00000000
         105000	         9	8000000c	00000013	addi	x0,x0,0	  x0:0x00000000
         115000	        10	80000010	00000697	auipc	x13,0x0	 x13=0x8000000c
         125000	        11	80000014	00c68693	addi	x13,x13,12	 x13:0x8000000c x13=0x80000018
         135000	        12	80000018	00068067	jalr	x0,x13,0	 x13:0x80000018
         145000	        13	00000000	00000013	addi	x0,x0,0	  x0:0x00000000
         155000	        14	80000018	00000013	addi	x0,x0,0	  x0:0x00000000
         165000	        15	8000001c	400009b7	lui	x19,0x40000	 x19=0x40000000
         175000	        16	80000020	10098993	addi	x19,x19,256	 x19:0x40000000 x19=0x40000100
         185000	        17	80000024	00000013	addi	x0,x0,0	  x0:0x00000000
         195000	        18	80000028	0000af97	auipc	x31,0xa	 x31=0x8000a024
         205000	        19	8000002c	fa0f8f93	addi	x31,x31,-96	 x31:0x8000a024 x31=0x80009fc4
         215000	        20	80000030	00004997	auipc	x19,0x4	 x19=0x8000402c
         225000	        21	80000034	5ac98993	addi	x19,x19,1452	 x19:0x8000402c x19=0x800045d8
         235000	        22	80000038	0009e993	ori	x19,x19,0	 x19:0x800045d8 x19=0x800045d8
         245000	        23	8000003c	00000013	addi	x0,x0,0	  x0:0x00000000
         255000	        24	80000040	00000997	auipc	x19,0x0	 x19=0x8000003c
         265000	        25	80000044	02098993	addi	x19,x19,32	 x19:0x8000003c x19=0x8000005c
         275000	        26	80000048	00000013	addi	x0,x0,0	  x0:0x00000000
         285000	        27	8000004c	00000013	addi	x0,x0,0	  x0:0x00000000
         295000	        28	80000050	000029b7	lui	x19,0x2	 x19=0x00002000
         305000	        29	80000054	80098993	addi	x19,x19,-2048	 x19:0x00002000 x19=0x00001800
         315000	        30	80000058	00000013	addi	x0,x0,0	  x0:0x00000000
         325000	        31	8000005c	00000013	addi	x0,x0,0	  x0:0x00000000
         335000	        32	80000060	00000013	addi	x0,x0,0	  x0:0x00000000
         345000	        33	80000064	00000093	addi	x1,x0,0	  x0:0x00000000  x1=0x00000000
         355000	        34	80000068	00000113	addi	x2,x0,0	  x0:0x00000000  x2=0x00000000
         365000	        35	8000006c	800001b7	lui	x3,0x80000	  x3=0x80000000
         375000	        36	80000070	f25d9237	lui	x4,0xf25d9	  x4=0xf25d9000
         385000	        37	80000074	4df20213	addi	x4,x4,1247	  x4:0xf25d9000  x4=0xf25d94df
         395000	        38	80000078	f7e942b7	lui	x5,0xf7e94	  x5=0xf7e94000
         405000	        39	8000007c	91428293	addi	x5,x5,-1772	  x5:0xf7e94000  x5=0xf7e93914
         415000	        40	80000080	f0278337	lui	x6,0xf0278	  x6=0xf0278000
         425000	        41	80000084	34630313	addi	x6,x6,838	  x6:0xf0278000  x6=0xf0278346
         435000	        42	80000088	00000393	addi	x7,x0,0	  x0:0x00000000  x7=0x00000000
         445000	        43	8000008c	80000437	lui	x8,0x80000	  x8=0x80000000
         455000	        44	80000090	2f7464b7	lui	x9,0x2f746	  x9=0x2f746000
         465000	        45	80000094	20f48493	addi	x9,x9,527	  x9:0x2f746000  x9=0x2f74620f
         475000	        46	80000098	00b00513	addi	x10,x0,11	  x0:0x00000000 x10=0x0000000b
         485000	        47	8000009c	61b955b7	lui	x11,0x61b95	 x11=0x61b95000
         495000	        48	800000a0	17858593	addi	x11,x11,376	 x11:0x61b95000 x11=0x61b95178
         505000	        49	800000a4	00000613	addi	x12,x0,0	  x0:0x00000000 x12=0x00000000
         515000	        50	800000a8	ff16c6b7	lui	x13,0xff16c	 x13=0xff16c000
         525000	        51	800000ac	31068693	addi	x13,x13,784	 x13:0xff16c000 x13=0xff16c310
         535000	        52	800000b0	80000737	lui	x14,0x80000	 x14=0x80000000
         545000	        53	800000b4	816bd7b7	lui	x15,0x816bd	 x15=0x816bd000
         555000	        54	800000b8	1c378793	addi	x15,x15,451	 x15:0x816bd000 x15=0x816bd1c3
         565000	        55	800000bc	f081d837	lui	x16,0xf081d	 x16=0xf081d000
         575000	        56	800000c0	92b80813	addi	x16,x16,-1749	 x16:0xf081d000 x16=0xf081c92b
         585000	        57	800000c4	00c00913	addi	x18,x0,12	  x0:0x00000000 x18=0x0000000c
         595000	        58	800000c8	325e29b7	lui	x19,0x325e2	 x19=0x325e2000
         605000	        59	800000cc	cad98993	addi	x19,x19,-851	 x19:0x325e2000 x19=0x325e1cad
         615000	        60	800000d0	f1df4a37	lui	x20,0xf1df4	 x20=0xf1df4000
         625000	        61	800000d4	17ea0a13	addi	x20,x20,382	 x20:0xf1df4000 x20=0xf1df417e
         635000	        62	800000d8	8b7b9ab7	lui	x21,0x8b7b9	 x21=0x8b7b9000
         645000	        63	800000dc	1c2a8a93	addi	x21,x21,450	 x21:0x8b7b9000 x21=0x8b7b91c2
         655000	        64	800000e0	faf69b37	lui	x22,0xfaf69	 x22=0xfaf69000
         665000	        65	800000e4	0b1b0b13	addi	x22,x22,177	 x22:0xfaf69000 x22=0xfaf690b1
         675000	        66	800000e8	80000bb7	lui	x23,0x80000	 x23=0x80000000
         685000	        67	800000ec	00a00c13	addi	x24,x0,10	  x0:0x00000000 x24=0x0000000a
         695000	        68	800000f0	00000c93	addi	x25,x0,0	  x0:0x00000000 x25=0x00000000
         705000	        69	800000f4	cda0ed37	lui	x26,0xcda0e	 x26=0xcda0e000
         715000	        70	800000f8	ffcd0d13	addi	x26,x26,-4	 x26:0xcda0e000 x26=0xcda0dffc
         725000	        71	800000fc	80000db7	lui	x27,0x80000	 x27=0x80000000
         735000	        72	80000100	21d08e37	lui	x28,0x21d08	 x28=0x21d08000
         745000	        73	80000104	71ae0e13	addi	x28,x28,1818	 x28:0x21d08000 x28=0x21d0871a
         755000	        74	80000108	80000eb7	lui	x29,0x80000	 x29=0x80000000
         765000	        75	8000010c	80000f37	lui	x30,0x80000	 x30=0x80000000
         775000	        76	80000110	0000a897	auipc	x17,0xa	 x17=0x8000a10c
         785000	        77	80000114	e7888893	addi	x17,x17,-392	 x17:0x8000a10c x17=0x80009f84
         795000	        78	80000118	0280036f	jal	x6,80000118	  x6=0x80000118
         805000	        79	00000000	00000013	addi	x0,x0,0	  x0:0x00000000
         815000	        80	8000013c	00000013	addi	x0,x0,0	  x0:0x00000000
         825000	        81	80000140	fddff16f	jal	x2,80000140	  x2=0x80000140
         835000	        82	00000000	00000013	addi	x0,x0,0	  x0:0x00000000
         845000	        83	80000118	00000013	addi	x0,x0,0	  x0:0x00000000
         855000	        84	8000011c	004000ef	jal	x1,8000011c	  x1=0x8000011c
         865000	        85	00000000	00000013	addi	x0,x0,0	  x0:0x00000000
         875000	        86	8000011c	00000013	addi	x0,x0,0	  x0:0x00000000
         885000	        87	80000120	008000ef	jal	x1,80000120	  x1=0x80000120
         895000	        88	00000000	00000013	addi	x0,x0,0	  x0:0x00000000
         905000	        89	80000124	00000013	addi	x0,x0,0	  x0:0x00000000
         915000	        90	80000128	00c0016f	jal	x2,80000128	  x2=0x80000128
         925000	        91	00000000	00000013	addi	x0,x0,0	  x0:0x00000000
         935000	        92	80000130	00000013	addi	x0,x0,0	  x0:0x00000000
         945000	        93	80000134	ffdff36f	jal	x6,80000134	  x6=0x80000134
         955000	        94	00000000	00000013	addi	x0,x0,0	  x0:0x00000000
         965000	        95	8000012c	00000013	addi	x0,x0,0	  x0:0x00000000
         975000	        96	80000130	ff5ff0ef	jal	x1,80000130	  x1=0x80000130
         985000	        97	00000000	00000013	addi	x0,x0,0	  x0:0x00000000
         995000	        98	80000120	00000013	addi	x0,x0,0	  x0:0x00000000
        1005000	        99	80000124	014000ef	jal	x1,80000124	  x1=0x80000124
        1015000	       100	00000000	00000013	addi	x0,x0,0	  x0:0x00000000
        1025000	       101	80000134	00000013	addi	x0,x0,0	  x0:0x00000000
        1035000	       102	80000138	0040036f	jal	x6,80000138	  x6=0x80000138
        1045000	       103	00000000	00000013	addi	x0,x0,0	  x0:0x00000000
        1055000	       104	80000138	00000013	addi	x0,x0,0	  x0:0x00000000
        1065000	       105	8000013c	ff1ff16f	jal	x2,8000013c	  x2=0x8000013c
        1075000	       106	00000000	00000013	addi	x0,x0,0	  x0:0x00000000
        1085000	       107	80000128	00000013	addi	x0,x0,0	  x0:0x00000000
        1095000	       108	8000012c	01c00a6f	jal	x20,8000012c	 x20=0x8000012c
        1105000	       109	00000000	00000013	addi	x0,x0,0	  x0:0x00000000
        1115000	       110	80000144	00000013	addi	x0,x0,0	  x0:0x00000000
        1125000	       111	80000148	ffdff36f	jal	x6,80000148	  x6=0x80000148
        1135000	       112	00000000	00000013	addi	x0,x0,0	  x0:0x00000000
        1145000	       113	80000140	00000013	addi	x0,x0,0	  x0:0x00000000
        1155000	       114	80000144	00800f6f	jal	x30,80000144	 x30=0x80000144
        1165000	       115	00000000	00000013	addi	x0,x0,0	  x0:0x00000000
        1175000	       116	80000148	00000013	addi	x0,x0,0	  x0:0x00000000
        1185000	       117	8000014c	00441e93	slli	x29,x8,0x4	  x8:0x80000000 x29=0x00000000
        1195000	       118	80000150	0640036f	jal	x6,80000150	  x6=0x80000150
        1205000	       119	00000000	00000013	addi	x0,x0,0	  x0:0x00000000
        1215000	       120	800001b0	00000013	addi	x0,x0,0	  x0:0x00000000
        1225000	       121	800001b4	fc5ff0ef	jal	x1,800001b4	  x1=0x800001b4
        1235000	       122	00000000	00000013	addi	x0,x0,0	  x0:0x00000000
        1245000	       123	80000174	00000013	addi	x0,x0,0	  x0:0x00000000
        1255000	       124	80000178	028000ef	jal	x1,80000178	  x1=0x80000178
        1265000	       125	00000000	00000013	addi	x0,x0,0	  x0:0x00000000
        1275000	       126	8000019c	00000013	addi	x0,x0,0	  x0:0x00000000
        1285000	       127	800001a0	ffdff0ef	jal	x1,800001a0	  x1=0x800001a0
        1295000	       128	00000000	00000013	addi	x0,x0,0	  x0:0x00000000
        1305000	       129	80000198	00000013	addi	x0,x0,0	  x0:0x00000000
        1315000	       130	8000019c	fc1ff0ef	jal	x1,8000019c	  x1=0x8000019c
        1325000	       131	00000000	00000013	addi	x0,x0,0	  x0:0x00000000
        1335000	       132	80000158	00000013	addi	x0,x0,0	  x0:0x00000000
        1345000	       133	8000015c	00c0036f	jal	x6,8000015c	  x6=0x8000015c
        1355000	       134	00000000	00000013	addi	x0,x0,0	  x0:0x00000000
        1365000	       135	80000164	00000013	addi	x0,x0,0	  x0:0x00000000
        1375000	       136	80000168	050000ef	jal	x1,80000168	  x1=0x80000168
        1385000	       137	00000000	00000013	addi	x0,x0,0	  x0:0x00000000
        1395000	       138	800001b4	00000013	addi	x0,x0,0	  x0:0x00000000
        1405000	       139	800001b8	fa1ff0ef	jal	x1,800001b8	  x1=0x800001b8
        1415000	       140	00000000	00000013	addi	x0,x0,0	  x0:0x00000000
        1425000	       141	80000154	00000013	addi	x0,x0,0	  x0:0x00000000
        1435000	       142	80000158	04c0036f	jal	x6,80000158	  x6=0x80000158
        1445000	       143	00000000	00000013	addi	x0,x0,0	  x0:0x00000000
        1455000	       144	800001a0	00000013	addi	x0,x0,0	  x0:0x00000000
        1465000	       145	800001a4	00c0036f	jal	x6,800001a4	  x6=0x800001a4
        1475000	       146	00000000	00000013	addi	x0,x0,0	  x0:0x00000000
        1485000	       147	800001ac	00000013	addi	x0,x0,0	  x0:0x00000000
        1495000	       148	800001b0	fb5ff0ef	jal	x1,800001b0	  x1=0x800001b0
        1505000	       149	00000000	00000013	addi	x0,x0,0	  x0:0x00000000
        1515000	       150	80000160	00000013	addi	x0,x0,0	  x0:0x00000000
        1525000	       151	80000164	0440036f	jal	x6,80000164	  x6=0x80000164
        1535000	       152	00000000	00000013	addi	x0,x0,0	  x0:0x00000000
        1545000	       153	800001a4	00000013	addi	x0,x0,0	  x0:0x00000000
        1555000	       154	800001a8	fedff36f	jal	x6,800001a8	  x6=0x800001a8
        1565000	       155	00000000	00000013	addi	x0,x0,0	  x0:0x00000000
        1575000	       156	80000190	00000013	addi	x0,x0,0	  x0:0x00000000
        1585000	       157	80000194	00400a6f	jal	x20,80000194	 x20=0x80000194
        1595000	       158	00000000	00000013	addi	x0,x0,0	  x0:0x00000000
        1605000	       159	80000194	00000013	addi	x0,x0,0	  x0:0x00000000
        1615000	       160	80000198	fe5ff36f	jal	x6,80000198	  x6=0x80000198
        1625000	       161	00000000	00000013	addi	x0,x0,0	  x0:0x00000000
        1635000	       162	80000178	00000013	addi	x0,x0,0	  x0:0x00000000
        1645000	       163	8000017c	ff9ff0ef	jal	x1,8000017c	  x1=0x8000017c
        1655000	       164	00000000	00000013	addi	x0,x0,0	  x0:0x00000000
        1665000	       165	80000170	00000013	addi	x0,x0,0	  x0:0x00000000
        1675000	       166	80000174	ffdff2ef	jal	x5,80000174	  x5=0x80000174
        1685000	       167	00000000	00000013	addi	x0,x0,0	  x0:0x00000000
        1695000	       168	8000016c	00000013	addi	x0,x0,0	  x0:0x00000000
        1705000	       169	80000170	014001ef	jal	x3,80000170	  x3=0x80000170
        1715000	       170	00000000	00000013	addi	x0,x0,0	  x0:0x00000000
        1725000	       171	80000180	00000013	addi	x0,x0,0	  x0:0x00000000
        1735000	       172	80000184	fe9ff0ef	jal	x1,80000184	  x1=0x80000184
        1745000	       173	00000000	00000013	addi	x0,x0,0	  x0:0x00000000
        1755000	       174	80000168	00000013	addi	x0,x0,0	  x0:0x00000000
        1765000	       175	8000016c	014001ef	jal	x3,8000016c	  x3=0x8000016c
        1775000	       176	00000000	00000013	addi	x0,x0,0	  x0:0x00000000
        1785000	       177	8000017c	00000013	addi	x0,x0,0	  x0:0x00000000
        1795000	       178	80000180	01000eef	jal	x29,80000180	 x29=0x80000180
        1805000	       179	00000000	00000013	addi	x0,x0,0	  x0:0x00000000
        1815000	       180	8000018c	00000013	addi	x0,x0,0	  x0:0x00000000
        1825000	       181	80000190	fc5ff0ef	jal	x1,80000190	  x1=0x80000190
        1835000	       182	00000000	00000013	addi	x0,x0,0	  x0:0x00000000
        1845000	       183	80000150	00000013	addi	x0,x0,0	  x0:0x00000000
        1855000	       184	80000154	058001ef	jal	x3,80000154	  x3=0x80000154
        1865000	       185	00000000	00000013	addi	x0,x0,0	  x0:0x00000000
        1875000	       186	800001a8	00000013	addi	x0,x0,0	  x0:0x00000000
        1885000	       187	800001ac	fb5ff0ef	jal	x1,800001ac	  x1=0x800001ac
        1895000	       188	00000000	00000013	addi	x0,x0,0	  x0:0x00000000
        1905000	       189	8000015c	00000013	addi	x0,x0,0	  x0:0x00000000
        1915000	       190	80000160	0280036f	jal	x6,80000160	  x6=0x80000160
        1925000	       191	00000000	00000013	addi	x0,x0,0	  x0:0x00000000
        1935000	       192	80000184	00000013	addi	x0,x0,0	  x0:0x00000000
        1945000	       193	80000188	034000ef	jal	x1,80000188	  x1=0x80000188
        1955000	       194	00000000	00000013	addi	x0,x0,0	  x0:0x00000000
        1965000	       195	800001b8	00000013	addi	x0,x0,0	  x0:0x00000000
        1975000	       196	800001bc	fd1ff0ef	jal	x1,800001bc	  x1=0x800001bc
        1985000	       197	00000000	00000013	addi	x0,x0,0	  x0:0x00000000
        1995000	       198	80000188	00000013	addi	x0,x0,0	  x0:0x00000000
        2005000	       199	8000018c	034000ef	jal	x1,8000018c	  x1=0x8000018c
        2015000	       200	00000000	00000013	addi	x0,x0,0	  x0:0x00000000
        2025000	       201	800001bc	00000013	addi	x0,x0,0	  x0:0x00000000
        2035000	       202	800001c0	00047133	and	x2,x8,x0	  x8:0x80000000  x0:0x00000000  x2=0x00000000
        2045000	       203	800001c4	0100036f	jal	x6,800001c4	  x6=0x800001c4
        2055000	       204	00000000	00000013	addi	x0,x0,0	  x0:0x00000000
        2065000	       205	800001d0	00000013	addi	x0,x0,0	  x0:0x00000000
        2075000	       206	800001d4	ff9ff36f	jal	x6,800001d4	  x6=0x800001d4
        2085000	       207	00000000	00000013	addi	x0,x0,0	  x0:0x00000000
        2095000	       208	800001c8	00000013	addi	x0,x0,0	  x0:0x00000000
        2105000	       209	800001cc	0140036f	jal	x6,800001cc	  x6=0x800001cc
        2115000	       210	00000000	00000013	addi	x0,x0,0	  x0:0x00000000
        2125000	       211	800001dc	00000013	addi	x0,x0,0	  x0:0x00000000
        2135000	       212	800001e0	fe9ff36f	jal	x6,800001e0	  x6=0x800001e0
        2145000	       213	00000000	00000013	addi	x0,x0,0	  x0:0x00000000
        2155000	       214	800001c4	00000013	addi	x0,x0,0	  x0:0x00000000
        2165000	       215	800001c8	020009ef	jal	x19,800001c8	 x19=0x800001c8
        2175000	       216	00000000	00000013	addi	x0,x0,0	  x0:0x00000000
        2185000	       217	800001e4	00000013	addi	x0,x0,0	  x0:0x00000000
        2195000	       218	800001e8	008000ef	jal	x1,800001e8	  x1=0x800001e8
        2205000	       219	00000000	00000013	addi	x0,x0,0	  x0:0x00000000
        2215000	       220	800001ec	00000013	addi	x0,x0,0	  x0:0x00000000
        2225000	       221	800001f0	ffdff0ef	jal	x1,800001f0	  x1=0x800001f0
        2235000	       222	00000000	00000013	addi	x0,x0,0	  x0:0x00000000
        2245000	       223	800001e8	00000013	addi	x0,x0,0	  x0:0x00000000
        2255000	       224	800001ec	fe5ffaef	jal	x21,800001ec	 x21=0x800001ec
        2265000	       225	00000000	00000013	addi	x0,x0,0	  x0:0x00000000
        2275000	       226	800001cc	00000013	addi	x0,x0,0	  x0:0x00000000
        2285000	       227	800001d0	008000ef	jal	x1,800001d0	  x1=0x800001d0
        2295000	       228	00000000	00000013	addi	x0,x0,0	  x0:0x00000000
        2305000	       229	800001d4	00000013	addi	x0,x0,0	  x0:0x00000000
        2315000	       230	800001d8	0240026f	jal	x4,800001d8	  x4=0x800001d8
        2325000	       231	00000000	00000013	addi	x0,x0,0	  x0:0x00000000
        2335000	       232	800001f8	00000013	addi	x0,x0,0	  x0:0x00000000
        2345000	       233	800001fc	fe1ff0ef	jal	x1,800001fc	  x1=0x800001fc
        2355000	       234	00000000	00000013	addi	x0,x0,0	  x0:0x00000000
        2365000	       235	800001d8	00000013	addi	x0,x0,0	  x0:0x00000000
        2375000	       236	800001dc	01c000ef	jal	x1,800001dc	  x1=0x800001dc
        2385000	       237	00000000	00000013	addi	x0,x0,0	  x0:0x00000000
        2395000	       238	800001f4	00000013	addi	x0,x0,0	  x0:0x00000000
        2405000	       239	800001f8	fedff0ef	jal	x1,800001f8	  x1=0x800001f8
        2415000	       240	00000000	00000013	addi	x0,x0,0	  x0:0x00000000
        2425000	       241	800001e0	00000013	addi	x0,x0,0	  x0:0x00000000
        2435000	       242	800001e4	010000ef	jal	x1,800001e4	  x1=0x800001e4
        2445000	       243	00000000	00000013	addi	x0,x0,0	  x0:0x00000000
        2455000	       244	800001f0	00000013	addi	x0,x0,0	  x0:0x00000000
        2465000	       245	800001f4	00c000ef	jal	x1,800001f4	  x1=0x800001f4
        2475000	       246	00000000	00000013	addi	x0,x0,0	  x0:0x00000000
        2485000	       247	800001fc	00000013	addi	x0,x0,0	  x0:0x00000000
        2495000	       248	80000200	00a420b3	slt	x1,x8,x10	  x8:0x80000000 x10:0x0000000b  x1=0x00000001
        2505000	       249	80000204	0440036f	jal	x6,80000204	  x6=0x80000204
        2515000	       250	00000000	00000013	addi	x0,x0,0	  x0:0x00000000
        2525000	       251	80000244	00000013	addi	x0,x0,0	  x0:0x00000000
        2535000	       252	80000248	008000ef	jal	x1,80000248	  x1=0x80000248
        2545000	       253	00000000	00000013	addi	x0,x0,0	  x0:0x00000000
        2555000	       254	8000024c	00000013	addi	x0,x0,0	  x0:0x00000000
        2565000	       255	80000250	fcdff7ef	jal	x15,80000250	 x15=0x80000250
        2575000	       256	00000000	00000013	addi	x0,x0,0	  x0:0x00000000
        2585000	       257	80000218	00000013	addi	x0,x0,0	  x0:0x00000000
        2595000	       258	8000021c	008007ef	jal	x15,8000021c	 x15=0x8000021c
        2605000	       259	00000000	00000013	addi	x0,x0,0	  x0:0x00000000
        2615000	       260	80000220	00000013	addi	x0,x0,0	  x0:0x00000000
        2625000	       261	80000224	fedffaef	jal	x21,80000224	 x21=0x80000224
        2635000	       262	00000000	00000013	addi	x0,x0,0	  x0:0x00000000
        2645000	       263	8000020c	00000013	addi	x0,x0,0	  x0:0x00000000
        2655000	       264	80000210	0300036f	jal	x6,80000210	  x6=0x80000210
        2665000	       265	00000000	00000013	addi	x0,x0,0	  x0:0x00000000
        2675000	       266	8000023c	00000013	addi	x0,x0,0	  x0:0x00000000
        2685000	       267	80000240	ff9ff0ef	jal	x1,80000240	  x1=0x80000240
        2695000	       268	00000000	00000013	addi	x0,x0,0	  x0:0x00000000
        2705000	       269	80000234	00000013	addi	x0,x0,0	  x0:0x00000000
        2715000	       270	80000238	fd1ff16f	jal	x2,80000238	  x2=0x80000238
        2725000	       271	00000000	00000013	addi	x0,x0,0	  x0:0x00000000
        2735000	       272	80000204	00000013	addi	x0,x0,0	  x0:0x00000000
        2745000	       273	80000208	01800a6f	jal	x20,80000208	 x20=0x80000208
        2755000	       274	00000000	00000013	addi	x0,x0,0	  x0:0x00000000
        2765000	       275	8000021c	00000013	addi	x0,x0,0	  x0:0x00000000
        2775000	       276	80000220	fedff0ef	jal	x1,80000220	  x1=0x80000220
        2785000	       277	00000000	00000013	addi	x0,x0,0	  x0:0x00000000
        2795000	       278	80000208	00000013	addi	x0,x0,0	  x0:0x00000000
        2805000	       279	8000020c	04c000ef	jal	x1,8000020c	  x1=0x8000020c
        2815000	       280	00000000	00000013	addi	x0,x0,0	  x0:0x00000000
        2825000	       281	80000254	00000013	addi	x0,x0,0	  x0:0x00000000
        2835000	       282	80000258	0040036f	jal	x6,80000258	  x6=0x80000258
        2845000	       283	00000000	00000013	addi	x0,x0,0	  x0:0x00000000
        2855000	       284	80000258	00000013	addi	x0,x0,0	  x0:0x00000000
        2865000	       285	8000025c	fcdff2ef	jal	x5,8000025c	  x5=0x8000025c
        2875000	       286	00000000	00000013	addi	x0,x0,0	  x0:0x00000000
        2885000	       287	80000224	00000013	addi	x0,x0,0	  x0:0x00000000
        2895000	       288	80000228	0040016f	jal	x2,80000228	  x2=0x80000228
        2905000	       289	00000000	00000013	addi	x0,x0,0	  x0:0x00000000
        2915000	       290	80000228	00000013	addi	x0,x0,0	  x0:0x00000000
        2925000	       291	8000022c	fe9ff0ef	jal	x1,8000022c	  x1=0x8000022c
        2935000	       292	00000000	00000013	addi	x0,x0,0	  x0:0x00000000
        2945000	       293	80000210	00000013	addi	x0,x0,0	  x0:0x00000000
        2955000	       294	80000214	0280036f	jal	x6,80000214	  x6=0x80000214
        2965000	       295	00000000	00000013	addi	x0,x0,0	  x0:0x00000000
        2975000	       296	80000238	00000013	addi	x0,x0,0	  x0:0x00000000
        2985000	       297	8000023c	024000ef	jal	x1,8000023c	  x1=0x8000023c
        2995000	       298	00000000	00000013	addi	x0,x0,0	  x0:0x00000000
        3005000	       299	8000025c	00000013	addi	x0,x0,0	  x0:0x00000000
        3015000	       300	80000260	fb9ff0ef	jal	x1,80000260	  x1=0x80000260
        3025000	       301	00000000	00000013	addi	x0,x0,0	  x0:0x00000000
        3035000	       302	80000214	00000013	addi	x0,x0,0	  x0:0x00000000
        3045000	       303	80000218	0340036f	jal	x6,80000218	  x6=0x80000218
        3055000	       304	00000000	00000013	addi	x0,x0,0	  x0:0x00000000
        3065000	       305	80000248	00000013	addi	x0,x0,0	  x0:0x00000000
        3075000	       306	8000024c	ff9ff0ef	jal	x1,8000024c	  x1=0x8000024c
        3085000	       307	00000000	00000013	addi	x0,x0,0	  x0:0x00000000
        3095000	       308	80000240	00000013	addi	x0,x0,0	  x0:0x00000000
        3105000	       309	80000244	ff1ff0ef	jal	x1,80000244	  x1=0x80000244
        3115000	       310	00000000	00000013	addi	x0,x0,0	  x0:0x00000000
        3125000	       311	80000230	00000013	addi	x0,x0,0	  x0:0x00000000
        3135000	       312	80000234	020001ef	jal	x3,80000234	  x3=0x80000234
        3145000	       313	00000000	00000013	addi	x0,x0,0	  x0:0x00000000
        3155000	       314	80000250	00000013	addi	x0,x0,0	  x0:0x00000000
        3165000	       315	80000254	fddffb6f	jal	x22,80000254	 x22=0x80000254
        3175000	       316	00000000	00000013	addi	x0,x0,0	  x0:0x00000000
        3185000	       317	8000022c	00000013	addi	x0,x0,0	  x0:0x00000000
        3195000	       318	80000230	034000ef	jal	x1,80000230	  x1=0x80000230
        3205000	       319	00000000	00000013	addi	x0,x0,0	  x0:0x00000000
        3215000	       320	80000260	00000013	addi	x0,x0,0	  x0:0x00000000
        3225000	       321	80000264	e0567a97	auipc	x21,0xe0567	 x21=0x60567260
        3235000	       322	80000268	0380036f	jal	x6,80000268	  x6=0x80000268
        3245000	       323	00000000	00000013	addi	x0,x0,0	  x0:0x00000000
        3255000	       324	8000029c	00000013	addi	x0,x0,0	  x0:0x00000000
        3265000	       325	800002a0	008007ef	jal	x15,800002a0	 x15=0x800002a0
        3275000	       326	00000000	00000013	addi	x0,x0,0	  x0:0x00000000
        3285000	       327	800002a4	00000013	addi	x0,x0,0	  x0:0x00000000
        3295000	       328	800002a8	fddff36f	jal	x6,800002a8	  x6=0x800002a8
        3305000	       329	00000000	00000013	addi	x0,x0,0	  x0:0x00000000
        3315000	       330	80000280	00000013	addi	x0,x0,0	  x0:0x00000000
        3325000	       331	80000284	01400e6f	jal	x28,80000284	 x28=0x80000284
        3335000	       332	00000000	00000013	addi	x0,x0,0	  x0:0x00000000
        3345000	       333	80000294	00000013	addi	x0,x0,0	  x0:0x00000000
        3355000	       334	80000298	ff1ff26f	jal	x4,80000298	  x4=0x80000298
        3365000	       335	00000000	00000013	addi	x0,x0,0	  x0:0x00000000
        3375000	       336	80000284	00000013	addi	x0,x0,0	  x0:0x00000000
        3385000	       337	80000288	fedff0ef	jal	x1,80000288	  x1=0x80000288
        3395000	       338	00000000	00000013	addi	x0,x0,0	  x0:0x00000000
        3405000	       339	80000270	00000013	addi	x0,x0,0	  x0:0x00000000
        3415000	       340	80000274	ffdff0ef	jal	x1,80000274	  x1=0x80000274
        3425000	       341	00000000	00000013	addi	x0,x0,0	  x0:0x00000000
        3435000	       342	8000026c	00000013	addi	x0,x0,0	  x0:0x00000000
        3445000	       343	80000270	040000ef	jal	x1,80000270	  x1=0x80000270
        3455000	       344	00000000	00000013	addi	x0,x0,0	  x0:0x00000000
        3465000	       345	800002ac	00000013	addi	x0,x0,0	  x0:0x00000000
        3475000	       346	800002b0	fcdff0ef	jal	x1,800002b0	  x1=0x800002b0
        3485000	       347	00000000	00000013	addi	x0,x0,0	  x0:0x00000000
        3495000	       348	80000278	00000013	addi	x0,x0,0	  x0:0x00000000
        3505000	       349	8000027c	020007ef	jal	x15,8000027c	 x15=0x8000027c
        3515000	       350	00000000	00000013	addi	x0,x0,0	  x0:0x00000000
        3525000	       351	80000298	00000013	addi	x0,x0,0	  x0:0x00000000
        3535000	       352	8000029c	ff9ff36f	jal	x6,8000029c	  x6=0x8000029c
        3545000	       353	00000000	00000013	addi	x0,x0,0	  x0:0x00000000
        3555000	       354	80000290	00000013	addi	x0,x0,0	  x0:0x00000000
        3565000	       355	80000294	0240036f	jal	x6,80000294	  x6=0x80000294
        3575000	       356	00000000	00000013	addi	x0,x0,0	  x0:0x00000000
        3585000	       357	800002b4	00000013	addi	x0,x0,0	  x0:0x00000000
        3595000	       358	800002b8	fedff0ef	jal	x1,800002b8	  x1=0x800002b8
        3605000	       359	00000000	00000013	addi	x0,x0,0	  x0:0x00000000
        3615000	       360	800002a0	00000013	addi	x0,x0,0	  x0:0x00000000
        3625000	       361	800002a4	fddff5ef	jal	x11,800002a4	 x11=0x800002a4
        3635000	       362	00000000	00000013	addi	x0,x0,0	  x0:0x00000000
        3645000	       363	8000027c	00000013	addi	x0,x0,0	  x0:0x00000000
        3655000	       364	80000280	00c000ef	jal	x1,80000280	  x1=0x80000280
        3665000	       365	00000000	00000013	addi	x0,x0,0	  x0:0x00000000
        3675000	       366	80000288	00000013	addi	x0,x0,0	  x0:0x00000000
        3685000	       367	8000028c	020000ef	jal	x1,8000028c	  x1=0x8000028c
        3695000	       368	00000000	00000013	addi	x0,x0,0	  x0:0x00000000
        3705000	       369	800002a8	00000013	addi	x0,x0,0	  x0:0x00000000
        3715000	       370	800002ac	00800eef	jal	x29,800002ac	 x29=0x800002ac
        3725000	       371	00000000	00000013	addi	x0,x0,0	  x0:0x00000000
        3735000	       372	800002b0	00000013	addi	x0,x0,0	  x0:0x00000000
        3745000	       373	800002b4	fb9ffaef	jal	x21,800002b4	 x21=0x800002b4
        3755000	       374	00000000	00000013	addi	x0,x0,0	  x0:0x00000000
        3765000	       375	80000268	00000013	addi	x0,x0,0	  x0:0x00000000
        3775000	       376	8000026c	0240096f	jal	x18,8000026c	 x18=0x8000026c
        3785000	       377	00000000	00000013	addi	x0,x0,0	  x0:0x00000000
        3795000	       378	8000028c	00000013	addi	x0,x0,0	  x0:0x00000000
        3805000	       379	80000290	fe9ff0ef	jal	x1,80000290	  x1=0x80000290
        3815000	       380	00000000	00000013	addi	x0,x0,0	  x0:0x00000000
        3825000	       381	80000274	00000013	addi	x0,x0,0	  x0:0x00000000
        3835000	       382	80000278	0440036f	jal	x6,80000278	  x6=0x80000278
        3845000	       383	00000000	00000013	addi	x0,x0,0	  x0:0x00000000
        3855000	       384	800002b8	00000013	addi	x0,x0,0	  x0:0x00000000
        3865000	       385	800002bc	0126da93	srli	x21,x13,0x12	 x13:0xff16c310 x21=0x00003fc5
        3875000	       386	800002c0	03c0036f	jal	x6,800002c0	  x6=0x800002c0
        3885000	       387	00000000	00000013	addi	x0,x0,0	  x0:0x00000000
        3895000	       388	800002f8	00000013	addi	x0,x0,0	  x0:0x00000000
        3905000	       389	800002fc	fd1ff0ef	jal	x1,800002fc	  x1=0x800002fc
        3915000	       390	00000000	00000013	addi	x0,x0,0	  x0:0x00000000
        3925000	       391	800002c8	00000013	addi	x0,x0,0	  x0:0x00000000
        3935000	       392	800002cc	004000ef	jal	x1,800002cc	  x1=0x800002cc
        3945000	       393	00000000	00000013	addi	x0,x0,0	  x0:0x00000000
        3955000	       394	800002cc	00000013	addi	x0,x0,0	  x0:0x00000000
        3965000	       395	800002d0	0140036f	jal	x6,800002d0	  x6=0x800002d0
        3975000	       396	00000000	00000013	addi	x0,x0,0	  x0:0x00000000
        3985000	       397	800002e0	00000013	addi	x0,x0,0	  x0:0x00000000
        3995000	       398	800002e4	ff5ff26f	jal	x4,800002e4	  x4=0x800002e4
        4005000	       399	00000000	00000013	addi	x0,x0,0	  x0:0x00000000
        4015000	       400	800002d4	00000013	addi	x0,x0,0	  x0:0x00000000
        4025000	       401	800002d8	030000ef	jal	x1,800002d8	  x1=0x800002d8
        4035000	       402	00000000	00000013	addi	x0,x0,0	  x0:0x00000000
        4045000	       403	80000304	00000013	addi	x0,x0,0	  x0:0x00000000
        4055000	       404	80000308	fc1ff0ef	jal	x1,80000308	  x1=0x80000308
        4065000	       405	00000000	00000013	addi	x0,x0,0	  x0:0x00000000
        4075000	       406	800002c4	00000013	addi	x0,x0,0	  x0:0x00000000
        4085000	       407	800002c8	02c00f6f	jal	x30,800002c8	 x30=0x800002c8
        4095000	       408	00000000	00000013	addi	x0,x0,0	  x0:0x00000000
        4105000	       409	800002f0	00000013	addi	x0,x0,0	  x0:0x00000000
        4115000	       410	800002f4	004000ef	jal	x1,800002f4	  x1=0x800002f4
        4125000	       411	00000000	00000013	addi	x0,x0,0	  x0:0x00000000
        4135000	       412	800002f4	00000013	addi	x0,x0,0	  x0:0x00000000
        4145000	       413	800002f8	fe9ff16f	jal	x2,800002f8	  x2=0x800002f8
        4155000	       414	00000000	00000013	addi	x0,x0,0	  x0:0x00000000
        4165000	       415	800002dc	00000013	addi	x0,x0,0	  x0:0x00000000
        4175000	       416	800002e0	00c0016f	jal	x2,800002e0	  x2=0x800002e0
        4185000	       417	00000000	00000013	addi	x0,x0,0	  x0:0x00000000
        4195000	       418	800002e8	00000013	addi	x0,x0,0	  x0:0x00000000
        4205000	       419	800002ec	0040036f	jal	x6,800002ec	  x6=0x800002ec
        4215000	       420	00000000	00000013	addi	x0,x0,0	  x0:0x00000000
        4225000	       421	800002ec	00000013	addi	x0,x0,0	  x0:0x00000000
        4235000	       422	800002f0	01c000ef	jal	x1,800002f0	  x1=0x800002f0
        4245000	       423	00000000	00000013	addi	x0,x0,0	  x0:0x00000000
        4255000	       424	80000308	00000013	addi	x0,x0,0	  x0:0x00000000
        4265000	       425	8000030c	ff9ff0ef	jal	x1,8000030c	  x1=0x8000030c
        4275000	       426	00000000	00000013	addi	x0,x0,0	  x0:0x00000000
        4285000	       427	80000300	00000013	addi	x0,x0,0	  x0:0x00000000
        4295000	       428	80000304	fd9ff16f	jal	x2,80000304	  x2=0x80000304
        4305000	       429	00000000	00000013	addi	x0,x0,0	  x0:0x00000000
        4315000	       430	800002d8	00000013	addi	x0,x0,0	  x0:0x00000000
        4325000	       431	800002dc	024000ef	jal	x1,800002dc	  x1=0x800002dc
        4335000	       432	00000000	00000013	addi	x0,x0,0	  x0:0x00000000
        4345000	       433	800002fc	00000013	addi	x0,x0,0	  x0:0x00000000
        4355000	       434	80000300	fd5ffcef	jal	x25,80000300	 x25=0x80000300
        4365000	       435	00000000	00000013	addi	x0,x0,0	  x0:0x00000000
        4375000	       436	800002d0	00000013	addi	x0,x0,0	  x0:0x00000000
        4385000	       437	800002d4	ff1ffe6f	jal	x28,800002d4	 x28=0x800002d4
        4395000	       438	00000000	00000013	addi	x0,x0,0	  x0:0x00000000
        4405000	       439	800002c0	00000013	addi	x0,x0,0	  x0:0x00000000
        4415000	       440	800002c4	024000ef	jal	x1,800002c4	  x1=0x800002c4
        4425000	       441	00000000	00000013	addi	x0,x0,0	  x0:0x00000000
        4435000	       442	800002e4	00000013	addi	x0,x0,0	  x0:0x00000000
        4445000	       443	800002e8	0280036f	jal	x6,800002e8	  x6=0x800002e8
        4455000	       444	00000000	00000013	addi	x0,x0,0	  x0:0x00000000
        4465000	       445	8000030c	00000013	addi	x0,x0,0	  x0:0x00000000
        4475000	       446	80000310	e6f67213	andi	x4,x12,-401	 x12:0x00000000  x4=0x00000000
        4485000	       447	80000314	00c0036f	jal	x6,80000314	  x6=0x80000314
        4495000	       448	00000000	00000013	addi	x0,x0,0	  x0:0x00000000
        4505000	       449	8000031c	00000013	addi	x0,x0,0	  x0:0x00000000
        4515000	       450	80000320	0140036f	jal	x6,80000320	  x6=0x80000320
        4525000	       451	00000000	00000013	addi	x0,x0,0	  x0:0x00000000
        4535000	       452	80000330	00000013	addi	x0,x0,0	  x0:0x00000000
        4545000	       453	80000334	028000ef	jal	x1,80000334	  x1=0x80000334
        4555000	       454	00000000	00000013	addi	x0,x0,0	  x0:0x00000000
        4565000	       455	80000358	00000013	addi	x0,x0,0	  x0:0x00000000
        4575000	       456	8000035c	fddff0ef	jal	x1,8000035c	  x1=0x8000035c
        4585000	       457	00000000	00000013	addi	x0,x0,0	  x0:0x00000000
        4595000	       458	80000334	00000013	addi	x0,x0,0	  x0:0x00000000
        4605000	       459	80000338	fe5ff76f	jal	x14,80000338	 x14=0x80000338
        4615000	       460	00000000	00000013	addi	x0,x0,0	  x0:0x00000000
        4625000	       461	80000318	00000013	addi	x0,x0,0	  x0:0x00000000
        4635000	       462	8000031c	0100036f	jal	x6,8000031c	  x6=0x8000031c
        4645000	       463	00000000	00000013	addi	x0,x0,0	  x0:0x00000000
        4655000	       464	80000328	00000013	addi	x0,x0,0	  x0:0x00000000
        4665000	       465	8000032c	014000ef	jal	x1,8000032c	  x1=0x8000032c
        4675000	       466	00000000	00000013	addi	x0,x0,0	  x0:0x00000000
        4685000	       467	8000033c	00000013	addi	x0,x0,0	  x0:0x00000000
        4695000	       468	80000340	fe9ff0ef	jal	x1,80000340	  x1=0x80000340
        4705000	       469	00000000	00000013	addi	x0,x0,0	  x0:0x00000000
        4715000	       470	80000324	00000013	addi	x0,x0,0	  x0:0x00000000
        4725000	       471	80000328	ffdff2ef	jal	x5,80000328	  x5=0x80000328
        4735000	       472	00000000	00000013	addi	x0,x0,0	  x0:0x00000000
        4745000	       473	80000320	00000013	addi	x0,x0,0	  x0:0x00000000
        4755000	       474	80000324	024000ef	jal	x1,80000324	  x1=0x80000324
        4765000	       475	00000000	00000013	addi	x0,x0,0	  x0:0x00000000
        4775000	       476	80000344	00000013	addi	x0,x0,0	  x0:0x00000000
        4785000	       477	80000348	0080036f	jal	x6,80000348	  x6=0x80000348
        4795000	       478	00000000	00000013	addi	x0,x0,0	  x0:0x00000000
        4805000	       479	8000034c	00000013	addi	x0,x0,0	  x0:0x00000000
        4815000	       480	80000350	0040036f	jal	x6,80000350	  x6=0x80000350
        4825000	       481	00000000	00000013	addi	x0,x0,0	  x0:0x00000000
        4835000	       482	80000350	00000013	addi	x0,x0,0	  x0:0x00000000
        4845000	       483	80000354	0040036f	jal	x6,80000354	  x6=0x80000354
        4855000	       484	00000000	00000013	addi	x0,x0,0	  x0:0x00000000
        4865000	       485	80000354	00000013	addi	x0,x0,0	  x0:0x00000000
        4875000	       486	80000358	fc1ff0ef	jal	x1,80000358	  x1=0x80000358
        4885000	       487	00000000	00000013	addi	x0,x0,0	  x0:0x00000000
        4895000	       488	80000314	00000013	addi	x0,x0,0	  x0:0x00000000
        4905000	       489	80000318	0240096f	jal	x18,80000318	 x18=0x80000318
        4915000	       490	00000000	00000013	addi	x0,x0,0	  x0:0x00000000
        4925000	       491	80000338	00000013	addi	x0,x0,0	  x0:0x00000000
        4935000	       492	8000033c	0100036f	jal	x6,8000033c	  x6=0x8000033c
        4945000	       493	00000000	00000013	addi	x0,x0,0	  x0:0x00000000
        4955000	       494	80000348	00000013	addi	x0,x0,0	  x0:0x00000000
        4965000	       495	8000034c	ff9ff5ef	jal	x11,8000034c	 x11=0x8000034c
        4975000	       496	00000000	00000013	addi	x0,x0,0	  x0:0x00000000
        4985000	       497	80000340	00000013	addi	x0,x0,0	  x0:0x00000000
        4995000	       498	80000344	fedff0ef	jal	x1,80000344	  x1=0x80000344
        5005000	       499	00000000	00000013	addi	x0,x0,0	  x0:0x00000000
        5015000	       500	8000032c	00000013	addi	x0,x0,0	  x0:0x00000000
        5025000	       501	80000330	03000eef	jal	x29,80000330	 x29=0x80000330
        5035000	       502	00000000	00000013	addi	x0,x0,0	  x0:0x00000000
        5045000	       503	8000035c	00000013	addi	x0,x0,0	  x0:0x00000000
        5055000	       504	80000360	01f96f33	or	x30,x18,x31	 x18:0x80000318 x31:0x80009fc4 x30=0x80009fdc
        5065000	       505	80000364	02c0036f	jal	x6,80000364	  x6=0x80000364
        5075000	       506	00000000	00000013	addi	x0,x0,0	  x0:0x00000000
        5085000	       507	8000038c	00000013	addi	x0,x0,0	  x0:0x00000000
        5095000	       508	80000390	0380026f	jal	x4,80000390	  x4=0x80000390
        5105000	       509	00000000	00000013	addi	x0,x0,0	  x0:0x00000000
        5115000	       510	800003c4	00000013	addi	x0,x0,0	  x0:0x00000000
        5125000	       511	800003c8	fe9ff36f	jal	x6,800003c8	  x6=0x800003c8
        5135000	       512	00000000	00000013	addi	x0,x0,0	  x0:0x00000000
        5145000	       513	800003ac	00000013	addi	x0,x0,0	  x0:0x00000000
        5155000	       514	800003b0	fd5ffb6f	jal	x22,800003b0	 x22=0x800003b0
        5165000	       515	00000000	00000013	addi	x0,x0,0	  x0:0x00000000
        5175000	       516	80000380	00000013	addi	x0,x0,0	  x0:0x00000000
        5185000	       517	80000384	ff5ff96f	jal	x18,80000384	 x18=0x80000384
        5195000	       518	00000000	00000013	addi	x0,x0,0	  x0:0x00000000
        5205000	       519	80000374	00000013	addi	x0,x0,0	  x0:0x00000000
        5215000	       520	80000378	01c000ef	jal	x1,80000378	  x1=0x80000378
        5225000	       521	00000000	00000013	addi	x0,x0,0	  x0:0x00000000
        5235000	       522	80000390	00000013	addi	x0,x0,0	  x0:0x00000000
        5245000	       523	80000394	0180076f	jal	x14,80000394	 x14=0x80000394
        5255000	       524	00000000	00000013	addi	x0,x0,0	  x0:0x00000000
        5265000	       525	800003a8	00000013	addi	x0,x0,0	  x0:0x00000000
        5275000	       526	800003ac	fc9ff16f	jal	x2,800003ac	  x2=0x800003ac
        5285000	       527	00000000	00000013	addi	x0,x0,0	  x0:0x00000000
        5295000	       528	80000370	00000013	addi	x0,x0,0	  x0:0x00000000
        5305000	       529	80000374	008000ef	jal	x1,80000374	  x1=0x80000374
        5315000	       530	00000000	00000013	addi	x0,x0,0	  x0:0x00000000
        5325000	       531	80000378	00000013	addi	x0,x0,0	  x0:0x00000000
        5335000	       532	8000037c	020000ef	jal	x1,8000037c	  x1=0x8000037c
        5345000	       533	00000000	00000013	addi	x0,x0,0	  x0:0x00000000
        5355000	       534	80000398	00000013	addi	x0,x0,0	  x0:0x00000000
        5365000	       535	8000039c	fd1ff0ef	jal	x1,8000039c	  x1=0x8000039c
        5375000	       536	00000000	00000013	addi	x0,x0,0	  x0:0x00000000
        5385000	       537	80000368	00000013	addi	x0,x0,0	  x0:0x00000000
        5395000	       538	8000036c	0680026f	jal	x4,8000036c	  x4=0x8000036c
        5405000	       539	00000000	00000013	addi	x0,x0,0	  x0:0x00000000
        5415000	       540	800003d0	00000013	addi	x0,x0,0	  x0:0x00000000
        5425000	       541	800003d4	fd1ff36f	jal	x6,800003d4	  x6=0x800003d4
        5435000	       542	00000000	00000013	addi	x0,x0,0	  x0:0x00000000
        5445000	       543	800003a0	00000013	addi	x0,x0,0	  x0:0x00000000
        5455000	       544	800003a4	028000ef	jal	x1,800003a4	  x1=0x800003a4
        5465000	       545	00000000	00000013	addi	x0,x0,0	  x0:0x00000000
        5475000	       546	800003c8	00000013	addi	x0,x0,0	  x0:0x00000000
        5485000	       547	800003cc	f9dff0ef	jal	x1,800003cc	  x1=0x800003cc
        5495000	       548	00000000	00000013	addi	x0,x0,0	  x0:0x00000000
        5505000	       549	80000364	00000013	addi	x0,x0,0	  x0:0x00000000
        5515000	       550	80000368	04c000ef	jal	x1,80000368	  x1=0x80000368
        5525000	       551	00000000	00000013	addi	x0,x0,0	  x0:0x00000000
        5535000	       552	800003b0	00000013	addi	x0,x0,0	  x0:0x00000000
        5545000	       553	800003b4	00c000ef	jal	x1,800003b4	  x1=0x800003b4
        5555000	       554	00000000	00000013	addi	x0,x0,0	  x0:0x00000000
        5565000	       555	800003bc	00000013	addi	x0,x0,0	  x0:0x00000000
        5575000	       556	800003c0	fe9ff0ef	jal	x1,800003c0	  x1=0x800003c0
        5585000	       557	00000000	00000013	addi	x0,x0,0	  x0:0x00000000
        5595000	       558	800003a4	00000013	addi	x0,x0,0	  x0:0x00000000
        5605000	       559	800003a8	01c007ef	jal	x15,800003a8	 x15=0x800003a8
        5615000	       560	00000000	00000013	addi	x0,x0,0	  x0:0x00000000
        5625000	       561	800003c0	00000013	addi	x0,x0,0	  x0:0x00000000
        5635000	       562	800003c4	ff5ff36f	jal	x6,800003c4	  x6=0x800003c4
        5645000	       563	00000000	00000013	addi	x0,x0,0	  x0:0x00000000
        5655000	       564	800003b4	00000013	addi	x0,x0,0	  x0:0x00000000
        5665000	       565	800003b8	fb9ff36f	jal	x6,800003b8	  x6=0x800003b8
        5675000	       566	00000000	00000013	addi	x0,x0,0	  x0:0x00000000
        5685000	       567	8000036c	00000013	addi	x0,x0,0	  x0:0x00000000
        5695000	       568	80000370	01000b6f	jal	x22,80000370	 x22=0x80000370
        5705000	       569	00000000	00000013	addi	x0,x0,0	  x0:0x00000000
        5715000	       570	8000037c	00000013	addi	x0,x0,0	  x0:0x00000000
        5725000	       571	80000380	008000ef	jal	x1,80000380	  x1=0x80000380
        5735000	       572	00000000	00000013	addi	x0,x0,0	  x0:0x00000000
        5745000	       573	80000384	00000013	addi	x0,x0,0	  x0:0x00000000
        5755000	       574	80000388	034000ef	jal	x1,80000388	  x1=0x80000388
        5765000	       575	00000000	00000013	addi	x0,x0,0	  x0:0x00000000
        5775000	       576	800003b8	00000013	addi	x0,x0,0	  x0:0x00000000
        5785000	       577	800003bc	fddff16f	jal	x2,800003bc	  x2=0x800003bc
        5795000	       578	00000000	00000013	addi	x0,x0,0	  x0:0x00000000
        5805000	       579	80000394	00000013	addi	x0,x0,0	  x0:0x00000000
        5815000	       580	80000398	008000ef	jal	x1,80000398	  x1=0x80000398
        5825000	       581	00000000	00000013	addi	x0,x0,0	  x0:0x00000000
        5835000	       582	8000039c	00000013	addi	x0,x0,0	  x0:0x00000000
        5845000	       583	800003a0	0300026f	jal	x4,800003a0	  x4=0x800003a0
        5855000	       584	00000000	00000013	addi	x0,x0,0	  x0:0x00000000
        5865000	       585	800003cc	00000013	addi	x0,x0,0	  x0:0x00000000
        5875000	       586	800003d0	fbdff36f	jal	x6,800003d0	  x6=0x800003d0
        5885000	       587	00000000	00000013	addi	x0,x0,0	  x0:0x00000000
        5895000	       588	80000388	00000013	addi	x0,x0,0	  x0:0x00000000
        5905000	       589	8000038c	04c0036f	jal	x6,8000038c	  x6=0x8000038c
        5915000	       590	00000000	00000013	addi	x0,x0,0	  x0:0x00000000
        5925000	       591	800003d4	00000013	addi	x0,x0,0	  x0:0x00000000
        5935000	       592	800003d8	00000013	addi	x0,x0,0	  x0:0x00000000
        5945000	       593	800003dc	0380036f	jal	x6,800003dc	  x6=0x800003dc
        5955000	       594	00000000	00000013	addi	x0,x0,0	  x0:0x00000000
        5965000	       595	80000410	00000013	addi	x0,x0,0	  x0:0x00000000
        5975000	       596	80000414	fddffc6f	jal	x24,80000414	 x24=0x80000414
        5985000	       597	00000000	00000013	addi	x0,x0,0	  x0:0x00000000
        5995000	       598	800003ec	00000013	addi	x0,x0,0	  x0:0x00000000
        6005000	       599	800003f0	018000ef	jal	x1,800003f0	  x1=0x800003f0
        6015000	       600	00000000	00000013	addi	x0,x0,0	  x0:0x00000000
        6025000	       601	80000404	00000013	addi	x0,x0,0	  x0:0x00000000
        6035000	       602	80000408	fd9ff0ef	jal	x1,80000408	  x1=0x80000408
        6045000	       603	00000000	00000013	addi	x0,x0,0	  x0:0x00000000
        6055000	       604	800003dc	00000013	addi	x0,x0,0	  x0:0x00000000
        6065000	       605	800003e0	00800e6f	jal	x28,800003e0	 x28=0x800003e0
        6075000	       606	00000000	00000013	addi	x0,x0,0	  x0:0x00000000
        6085000	       607	800003e4	00000013	addi	x0,x0,0	  x0:0x00000000
        6095000	       608	800003e8	0140026f	jal	x4,800003e8	  x4=0x800003e8
        6105000	       609	00000000	00000013	addi	x0,x0,0	  x0:0x00000000
        6115000	       610	800003f8	00000013	addi	x0,x0,0	  x0:0x00000000
        6125000	       611	800003fc	ffdff36f	jal	x6,800003fc	  x6=0x800003fc
        6135000	       612	00000000	00000013	addi	x0,x0,0	  x0:0x00000000
        6145000	       613	800003f4	00000013	addi	x0,x0,0	  x0:0x00000000
        6155000	       614	800003f8	018000ef	jal	x1,800003f8	  x1=0x800003f8
        6165000	       615	00000000	00000013	addi	x0,x0,0	  x0:0x00000000
        6175000	       616	8000040c	00000013	addi	x0,x0,0	  x0:0x00000000
        6185000	       617	80000410	ffdff0ef	jal	x1,80000410	  x1=0x80000410
        6195000	       618	00000000	00000013	addi	x0,x0,0	  x0:0x00000000
        6205000	       619	80000408	00000013	addi	x0,x0,0	  x0:0x00000000
        6215000	       620	8000040c	fe1ff36f	jal	x6,8000040c	  x6=0x8000040c
        6225000	       621	00000000	00000013	addi	x0,x0,0	  x0:0x00000000
        6235000	       622	800003e8	00000013	addi	x0,x0,0	  x0:0x00000000
        6245000	       623	800003ec	018000ef	jal	x1,800003ec	  x1=0x800003ec
        6255000	       624	00000000	00000013	addi	x0,x0,0	  x0:0x00000000
        6265000	       625	80000400	00000013	addi	x0,x0,0	  x0:0x00000000
        6275000	       626	80000404	ff1ff0ef	jal	x1,80000404	  x1=0x80000404
        6285000	       627	00000000	00000013	addi	x0,x0,0	  x0:0x00000000
        6295000	       628	800003f0	00000013	addi	x0,x0,0	  x0:0x00000000
        6305000	       629	800003f4	ff1ff36f	jal	x6,800003f4	  x6=0x800003f4
        6315000	       630	00000000	00000013	addi	x0,x0,0	  x0:0x00000000
        6325000	       631	800003e0	00000013	addi	x0,x0,0	  x0:0x00000000
        6335000	       632	800003e4	01c001ef	jal	x3,800003e4	  x3=0x800003e4
        6345000	       633	00000000	00000013	addi	x0,x0,0	  x0:0x00000000
        6355000	       634	800003fc	00000013	addi	x0,x0,0	  x0:0x00000000
        6365000	       635	80000400	018000ef	jal	x1,80000400	  x1=0x80000400
        6375000	       636	00000000	00000013	addi	x0,x0,0	  x0:0x00000000
        6385000	       637	80000414	00000013	addi	x0,x0,0	  x0:0x00000000
        6395000	       638	80000418	008f8033	add	x0,x31,x8	 x31:0x80009fc4  x8:0x80000000
        6405000	       639	8000041c	0040036f	jal	x6,8000041c	  x6=0x8000041c
        6415000	       640	00000000	00000013	addi	x0,x0,0	  x0:0x00000000
        6425000	       641	8000041c	00000013	addi	x0,x0,0	  x0:0x00000000
        6435000	       642	80000420	034000ef	jal	x1,80000420	  x1=0x80000420
        6445000	       643	00000000	00000013	addi	x0,x0,0	  x0:0x00000000
        6455000	       644	80000450	00000013	addi	x0,x0,0	  x0:0x00000000
        6465000	       645	80000454	008000ef	jal	x1,80000454	  x1=0x80000454
        6475000	       646	00000000	00000013	addi	x0,x0,0	  x0:0x00000000
        6485000	       647	80000458	00000013	addi	x0,x0,0	  x0:0x00000000
        6495000	       648	8000045c	fe9ff36f	jal	x6,8000045c	  x6=0x8000045c
        6505000	       649	00000000	00000013	addi	x0,x0,0	  x0:0x00000000
        6515000	       650	80000440	00000013	addi	x0,x0,0	  x0:0x00000000
        6525000	       651	80000444	ff9ffeef	jal	x29,80000444	 x29=0x80000444
        6535000	       652	00000000	00000013	addi	x0,x0,0	  x0:0x00000000
        6545000	       653	80000438	00000013	addi	x0,x0,0	  x0:0x00000000
        6555000	       654	8000043c	ff1ff36f	jal	x6,8000043c	  x6=0x8000043c
        6565000	       655	00000000	00000013	addi	x0,x0,0	  x0:0x00000000
        6575000	       656	80000428	00000013	addi	x0,x0,0	  x0:0x00000000
        6585000	       657	8000042c	014000ef	jal	x1,8000042c	  x1=0x8000042c
        6595000	       658	00000000	00000013	addi	x0,x0,0	  x0:0x00000000
        6605000	       659	8000043c	00000013	addi	x0,x0,0	  x0:0x00000000
        6615000	       660	80000440	018000ef	jal	x1,80000440	  x1=0x80000440
        6625000	       661	00000000	00000013	addi	x0,x0,0	  x0:0x00000000
        6635000	       662	80000454	00000013	addi	x0,x0,0	  x0:0x00000000
        6645000	       663	80000458	008000ef	jal	x1,80000458	  x1=0x80000458
        6655000	       664	00000000	00000013	addi	x0,x0,0	  x0:0x00000000
        6665000	       665	8000045c	00000013	addi	x0,x0,0	  x0:0x00000000
        6675000	       666	80000460	fd1ffc6f	jal	x24,80000460	 x24=0x80000460
        6685000	       667	00000000	00000013	addi	x0,x0,0	  x0:0x00000000
        6695000	       668	8000042c	00000013	addi	x0,x0,0	  x0:0x00000000
        6705000	       669	80000430	ff5ff0ef	jal	x1,80000430	  x1=0x80000430
        6715000	       670	00000000	00000013	addi	x0,x0,0	  x0:0x00000000
        6725000	       671	80000420	00000013	addi	x0,x0,0	  x0:0x00000000
        6735000	       672	80000424	01000b6f	jal	x22,80000424	 x22=0x80000424
        6745000	       673	00000000	00000013	addi	x0,x0,0	  x0:0x00000000
        6755000	       674	80000430	00000013	addi	x0,x0,0	  x0:0x00000000
        6765000	       675	80000434	ff5ffaef	jal	x21,80000434	 x21=0x80000434
        6775000	       676	00000000	00000013	addi	x0,x0,0	  x0:0x00000000
        6785000	       677	80000424	00000013	addi	x0,x0,0	  x0:0x00000000
        6795000	       678	80000428	02400f6f	jal	x30,80000428	 x30=0x80000428
        6805000	       679	00000000	00000013	addi	x0,x0,0	  x0:0x00000000
        6815000	       680	80000448	00000013	addi	x0,x0,0	  x0:0x00000000
        6825000	       681	8000044c	ffdff36f	jal	x6,8000044c	  x6=0x8000044c
        6835000	       682	00000000	00000013	addi	x0,x0,0	  x0:0x00000000
        6845000	       683	80000444	00000013	addi	x0,x0,0	  x0:0x00000000
        6855000	       684	80000448	ff1ff0ef	jal	x1,80000448	  x1=0x80000448
        6865000	       685	00000000	00000013	addi	x0,x0,0	  x0:0x00000000
        6875000	       686	80000434	00000013	addi	x0,x0,0	  x0:0x00000000
        6885000	       687	80000438	018000ef	jal	x1,80000438	  x1=0x80000438
        6895000	       688	00000000	00000013	addi	x0,x0,0	  x0:0x00000000
        6905000	       689	8000044c	00000013	addi	x0,x0,0	  x0:0x00000000
        6915000	       690	80000450	014000ef	jal	x1,80000450	  x1=0x80000450
        6925000	       691	00000000	00000013	addi	x0,x0,0	  x0:0x00000000
        6935000	       692	80000460	00000013	addi	x0,x0,0	  x0:0x00000000
        6945000	       693	80000464	41ac4e13	xori	x28,x24,1050	 x24:0x80000460 x28=0x8000007a
        6955000	       694	80000468	04c0036f	jal	x6,80000468	  x6=0x80000468
        6965000	       695	00000000	00000013	addi	x0,x0,0	  x0:0x00000000
        6975000	       696	800004b0	00000013	addi	x0,x0,0	  x0:0x00000000
        6985000	       697	800004b4	fedff0ef	jal	x1,800004b4	  x1=0x800004b4
        6995000	       698	00000000	00000013	addi	x0,x0,0	  x0:0x00000000
        7005000	       699	8000049c	00000013	addi	x0,x0,0	  x0:0x00000000
        7015000	       700	800004a0	00c000ef	jal	x1,800004a0	  x1=0x800004a0
        7025000	       701	00000000	00000013	addi	x0,x0,0	  x0:0x00000000
        7035000	       702	800004a8	00000013	addi	x0,x0,0	  x0:0x00000000
        7045000	       703	800004ac	0040026f	jal	x4,800004ac	  x4=0x800004ac
        7055000	       704	00000000	00000013	addi	x0,x0,0	  x0:0x00000000
        7065000	       705	800004ac	00000013	addi	x0,x0,0	  x0:0x00000000
        7075000	       706	800004b0	024000ef	jal	x1,800004b0	  x1=0x800004b0
        7085000	       707	00000000	00000013	addi	x0,x0,0	  x0:0x00000000
        7095000	       708	800004d0	00000013	addi	x0,x0,0	  x0:0x00000000
        7105000	       709	800004d4	fc9fff6f	jal	x30,800004d4	 x30=0x800004d4
        7115000	       710	00000000	00000013	addi	x0,x0,0	  x0:0x00000000
        7125000	       711	80000498	00000013	addi	x0,x0,0	  x0:0x00000000
        7135000	       712	8000049c	fedff0ef	jal	x1,8000049c	  x1=0x8000049c
        7145000	       713	00000000	00000013	addi	x0,x0,0	  x0:0x00000000
        7155000	       714	80000484	00000013	addi	x0,x0,0	  x0:0x00000000
        7165000	       715	80000488	ff5ff76f	jal	x14,80000488	 x14=0x80000488
        7175000	       716	00000000	00000013	addi	x0,x0,0	  x0:0x00000000
        7185000	       717	80000478	00000013	addi	x0,x0,0	  x0:0x00000000
        7195000	       718	8000047c	048000ef	jal	x1,8000047c	  x1=0x8000047c
        7205000	       719	00000000	00000013	addi	x0,x0,0	  x0:0x00000000
        7215000	       720	800004c0	00000013	addi	x0,x0,0	  x0:0x00000000
        7225000	       721	800004c4	ff9ff76f	jal	x14,800004c4	 x14=0x800004c4
        7235000	       722	00000000	00000013	addi	x0,x0,0	  x0:0x00000000
        7245000	       723	800004b8	00000013	addi	x0,x0,0	  x0:0x00000000
        7255000	       724	800004bc	010000ef	jal	x1,800004bc	  x1=0x800004bc
        7265000	       725	00000000	00000013	addi	x0,x0,0	  x0:0x00000000
        7275000	       726	800004c8	00000013	addi	x0,x0,0	  x0:0x00000000
        7285000	       727	800004cc	fb5ff0ef	jal	x1,800004cc	  x1=0x800004cc
        7295000	       728	00000000	00000013	addi	x0,x0,0	  x0:0x00000000
        7305000	       729	8000047c	00000013	addi	x0,x0,0	  x0:0x00000000
        7315000	       730	80000480	010005ef	jal	x11,80000480	 x11=0x80000480
        7325000	       731	00000000	00000013	addi	x0,x0,0	  x0:0x00000000
        7335000	       732	8000048c	00000013	addi	x0,x0,0	  x0:0x00000000
        7345000	       733	80000490	fe9ff66f	jal	x12,80000490	 x12=0x80000490
        7355000	       734	00000000	00000013	addi	x0,x0,0	  x0:0x00000000
        7365000	       735	80000474	00000013	addi	x0,x0,0	  x0:0x00000000
        7375000	       736	80000478	ff5ff0ef	jal	x1,80000478	  x1=0x80000478
        7385000	       737	00000000	00000013	addi	x0,x0,0	  x0:0x00000000
        7395000	       738	80000468	00000013	addi	x0,x0,0	  x0:0x00000000
        7405000	       739	8000046c	004000ef	jal	x1,8000046c	  x1=0x8000046c
        7415000	       740	00000000	00000013	addi	x0,x0,0	  x0:0x00000000
        7425000	       741	8000046c	00000013	addi	x0,x0,0	  x0:0x00000000
        7435000	       742	80000470	060002ef	jal	x5,80000470	  x5=0x80000470
        7445000	       743	00000000	00000013	addi	x0,x0,0	  x0:0x00000000
        7455000	       744	800004cc	00000013	addi	x0,x0,0	  x0:0x00000000
        7465000	       745	800004d0	fbdff36f	jal	x6,800004d0	  x6=0x800004d0
        7475000	       746	00000000	00000013	addi	x0,x0,0	  x0:0x00000000
        7485000	       747	80000488	00000013	addi	x0,x0,0	  x0:0x00000000
        7495000	       748	8000048c	fe9ff16f	jal	x2,8000048c	  x2=0x8000048c
        7505000	       749	00000000	00000013	addi	x0,x0,0	  x0:0x00000000
        7515000	       750	80000470	00000013	addi	x0,x0,0	  x0:0x00000000
        7525000	       751	80000474	054000ef	jal	x1,80000474	  x1=0x80000474
        7535000	       752	00000000	00000013	addi	x0,x0,0	  x0:0x00000000
        7545000	       753	800004c4	00000013	addi	x0,x0,0	  x0:0x00000000
        7555000	       754	800004c8	fcdffaef	jal	x21,800004c8	 x21=0x800004c8
        7565000	       755	00000000	00000013	addi	x0,x0,0	  x0:0x00000000
        7575000	       756	80000490	00000013	addi	x0,x0,0	  x0:0x00000000
        7585000	       757	80000494	004001ef	jal	x3,80000494	  x3=0x80000494
        7595000	       758	00000000	00000013	addi	x0,x0,0	  x0:0x00000000
        7605000	       759	80000494	00000013	addi	x0,x0,0	  x0:0x00000000
        7615000	       760	80000498	fedff66f	jal	x12,80000498	 x12=0x80000498
        7625000	       761	00000000	00000013	addi	x0,x0,0	  x0:0x00000000
        7635000	       762	80000480	00000013	addi	x0,x0,0	  x0:0x00000000
        7645000	       763	80000484	020000ef	jal	x1,80000484	  x1=0x80000484
        7655000	       764	00000000	00000013	addi	x0,x0,0	  x0:0x00000000
        7665000	       765	800004a0	00000013	addi	x0,x0,0	  x0:0x00000000
        7675000	       766	800004a4	01c003ef	jal	x7,800004a4	  x7=0x800004a4
        7685000	       767	00000000	00000013	addi	x0,x0,0	  x0:0x00000000
        7695000	       768	800004bc	00000013	addi	x0,x0,0	  x0:0x00000000
        7705000	       769	800004c0	ff9ff0ef	jal	x1,800004c0	  x1=0x800004c0
        7715000	       770	00000000	00000013	addi	x0,x0,0	  x0:0x00000000
        7725000	       771	800004b4	00000013	addi	x0,x0,0	  x0:0x00000000
        7735000	       772	800004b8	ff1ff16f	jal	x2,800004b8	  x2=0x800004b8
        7745000	       773	00000000	00000013	addi	x0,x0,0	  x0:0x00000000
        7755000	       774	800004a4	00000013	addi	x0,x0,0	  x0:0x00000000
        7765000	       775	800004a8	030000ef	jal	x1,800004a8	  x1=0x800004a8
        7775000	       776	00000000	00000013	addi	x0,x0,0	  x0:0x00000000
        7785000	       777	800004d4	00000013	addi	x0,x0,0	  x0:0x00000000
        7795000	       778	800004d8	582aac13	slti	x24,x21,1410	 x21:0x800004c8 x24=0x00000001
        7805000	       779	800004dc	0680036f	jal	x6,800004dc	  x6=0x800004dc
        7815000	       780	00000000	00000013	addi	x0,x0,0	  x0:0x00000000
        7825000	       781	80000540	00000013	addi	x0,x0,0	  x0:0x00000000
        7835000	       782	80000544	fa9ff0ef	jal	x1,80000544	  x1=0x80000544
        7845000	       783	00000000	00000013	addi	x0,x0,0	  x0:0x00000000
        7855000	       784	800004e8	00000013	addi	x0,x0,0	  x0:0x00000000
        7865000	       785	800004ec	00c00def	jal	x27,800004ec	 x27=0x800004ec
        7875000	       786	00000000	00000013	addi	x0,x0,0	  x0:0x00000000
        7885000	       787	800004f4	00000013	addi	x0,x0,0	  x0:0x00000000
        7895000	       788	800004f8	02c000ef	jal	x1,800004f8	  x1=0x800004f8
        7905000	       789	00000000	00000013	addi	x0,x0,0	  x0:0x00000000
        7915000	       790	80000520	00000013	addi	x0,x0,0	  x0:0x00000000
        7925000	       791	80000524	02c000ef	jal	x1,80000524	  x1=0x80000524
        7935000	       792	00000000	00000013	addi	x0,x0,0	  x0:0x00000000
        7945000	       793	8000054c	00000013	addi	x0,x0,0	  x0:0x00000000
        7955000	       794	80000550	fbdff36f	jal	x6,80000550	  x6=0x80000550
        7965000	       795	00000000	00000013	addi	x0,x0,0	  x0:0x00000000
        7975000	       796	80000508	00000013	addi	x0,x0,0	  x0:0x00000000
        7985000	       797	8000050c	03c0066f	jal	x12,8000050c	 x12=0x8000050c
        7995000	       798	00000000	00000013	addi	x0,x0,0	  x0:0x00000000
        8005000	       799	80000544	00000013	addi	x0,x0,0	  x0:0x00000000
        8015000	       800	80000548	fd1ff36f	jal	x6,80000548	  x6=0x80000548
        8025000	       801	00000000	00000013	addi	x0,x0,0	  x0:0x00000000
        8035000	       802	80000514	00000013	addi	x0,x0,0	  x0:0x00000000
        8045000	       803	80000518	008002ef	jal	x5,80000518	  x5=0x80000518
        8055000	       804	00000000	00000013	addi	x0,x0,0	  x0:0x00000000
        8065000	       805	8000051c	00000013	addi	x0,x0,0	  x0:0x00000000
        8075000	       806	80000520	0200016f	jal	x2,80000520	  x2=0x80000520
        8085000	       807	00000000	00000013	addi	x0,x0,0	  x0:0x00000000
        8095000	       808	8000053c	00000013	addi	x0,x0,0	  x0:0x00000000
        8105000	       809	80000540	fedff66f	jal	x12,80000540	 x12=0x80000540
        8115000	       810	00000000	00000013	addi	x0,x0,0	  x0:0x00000000
        8125000	       811	80000528	00000013	addi	x0,x0,0	  x0:0x00000000
        8135000	       812	8000052c	008002ef	jal	x5,8000052c	  x5=0x8000052c
        8145000	       813	00000000	00000013	addi	x0,x0,0	  x0:0x00000000
        8155000	       814	80000530	00000013	addi	x0,x0,0	  x0:0x00000000
        8165000	       815	80000534	fc1ff0ef	jal	x1,80000534	  x1=0x80000534
        8175000	       816	00000000	00000013	addi	x0,x0,0	  x0:0x00000000
        8185000	       817	800004f0	00000013	addi	x0,x0,0	  x0:0x00000000
        8195000	       818	800004f4	048000ef	jal	x1,800004f4	  x1=0x800004f4
        8205000	       819	00000000	00000013	addi	x0,x0,0	  x0:0x00000000
        8215000	       820	80000538	00000013	addi	x0,x0,0	  x0:0x00000000
        8225000	       821	8000053c	fe1ff4ef	jal	x9,8000053c	  x9=0x8000053c
        8235000	       822	00000000	00000013	addi	x0,x0,0	  x0:0x00000000
        8245000	       823	80000518	00000013	addi	x0,x0,0	  x0:0x00000000
        8255000	       824	8000051c	fd5ff46f	jal	x8,8000051c	  x8=0x8000051c
        8265000	       825	00000000	00000013	addi	x0,x0,0	  x0:0x00000000
        8275000	       826	800004ec	00000013	addi	x0,x0,0	  x0:0x00000000
        8285000	       827	800004f0	0400036f	jal	x6,800004f0	  x6=0x800004f0
        8295000	       828	00000000	00000013	addi	x0,x0,0	  x0:0x00000000
        8305000	       829	8000052c	00000013	addi	x0,x0,0	  x0:0x00000000
        8315000	       830	80000530	fb1ff0ef	jal	x1,80000530	  x1=0x80000530
        8325000	       831	00000000	00000013	addi	x0,x0,0	  x0:0x00000000
        8335000	       832	800004dc	00000013	addi	x0,x0,0	  x0:0x00000000
        8345000	       833	800004e0	0300036f	jal	x6,800004e0	  x6=0x800004e0
        8355000	       834	00000000	00000013	addi	x0,x0,0	  x0:0x00000000
        8365000	       835	8000050c	00000013	addi	x0,x0,0	  x0:0x00000000
        8375000	       836	80000510	018000ef	jal	x1,80000510	  x1=0x80000510
        8385000	       837	00000000	00000013	addi	x0,x0,0	  x0:0x00000000
        8395000	       838	80000524	00000013	addi	x0,x0,0	  x0:0x00000000
        8405000	       839	80000528	fc1ffeef	jal	x29,80000528	 x29=0x80000528
        8415000	       840	00000000	00000013	addi	x0,x0,0	  x0:0x00000000
        8425000	       841	800004e4	00000013	addi	x0,x0,0	  x0:0x00000000
        8435000	       842	800004e8	02c001ef	jal	x3,800004e8	  x3=0x800004e8
        8445000	       843	00000000	00000013	addi	x0,x0,0	  x0:0x00000000
        8455000	       844	80000510	00000013	addi	x0,x0,0	  x0:0x00000000
        8465000	       845	80000514	ff1ff36f	jal	x6,80000514	  x6=0x80000514
        8475000	       846	00000000	00000013	addi	x0,x0,0	  x0:0x00000000
        8485000	       847	80000500	00000013	addi	x0,x0,0	  x0:0x00000000
        8495000	       848	80000504	ff9ff16f	jal	x2,80000504	  x2=0x80000504
        8505000	       849	00000000	00000013	addi	x0,x0,0	  x0:0x00000000
        8515000	       850	800004f8	00000013	addi	x0,x0,0	  x0:0x00000000
        8525000	       851	800004fc	050000ef	jal	x1,800004fc	  x1=0x800004fc
        8535000	       852	00000000	00000013	addi	x0,x0,0	  x0:0x00000000
        8545000	       853	80000548	00000013	addi	x0,x0,0	  x0:0x00000000
        8555000	       854	8000054c	fedff0ef	jal	x1,8000054c	  x1=0x8000054c
        8565000	       855	00000000	00000013	addi	x0,x0,0	  x0:0x00000000
        8575000	       856	80000534	00000013	addi	x0,x0,0	  x0:0x00000000
        8585000	       857	80000538	fadff46f	jal	x8,80000538	  x8=0x80000538
        8595000	       858	00000000	00000013	addi	x0,x0,0	  x0:0x00000000
        8605000	       859	800004e0	00000013	addi	x0,x0,0	  x0:0x00000000
        8615000	       860	800004e4	0240036f	jal	x6,800004e4	  x6=0x800004e4
        8625000	       861	00000000	00000013	addi	x0,x0,0	  x0:0x00000000
        8635000	       862	80000504	00000013	addi	x0,x0,0	  x0:0x00000000
        8645000	       863	80000508	ff9ff0ef	jal	x1,80000508	  x1=0x80000508
        8655000	       864	00000000	00000013	addi	x0,x0,0	  x0:0x00000000
        8665000	       865	800004fc	00000013	addi	x0,x0,0	  x0:0x00000000
        8675000	       866	80000500	054003ef	jal	x7,80000500	  x7=0x80000500
        8685000	       867	00000000	00000013	addi	x0,x0,0	  x0:0x00000000
        8695000	       868	80000550	00000013	addi	x0,x0,0	  x0:0x00000000
        8705000	       869	80000554	00000013	addi	x0,x0,0	  x0:0x00000000
        8715000	       870	80000558	0240036f	jal	x6,80000558	  x6=0x80000558
        8725000	       871	00000000	00000013	addi	x0,x0,0	  x0:0x00000000
        8735000	       872	80000578	00000013	addi	x0,x0,0	  x0:0x00000000
        8745000	       873	8000057c	ff9ff36f	jal	x6,8000057c	  x6=0x8000057c
        8755000	       874	00000000	00000013	addi	x0,x0,0	  x0:0x00000000
        8765000	       875	80000570	00000013	addi	x0,x0,0	  x0:0x00000000
        8775000	       876	80000574	028000ef	jal	x1,80000574	  x1=0x80000574
        8785000	       877	00000000	00000013	addi	x0,x0,0	  x0:0x00000000
        8795000	       878	80000598	00000013	addi	x0,x0,0	  x0:0x00000000
        8805000	       879	8000059c	fedff0ef	jal	x1,8000059c	  x1=0x8000059c
        8815000	       880	00000000	00000013	addi	x0,x0,0	  x0:0x00000000
        8825000	       881	80000584	00000013	addi	x0,x0,0	  x0:0x00000000
        8835000	       882	80000588	00800a6f	jal	x20,80000588	 x20=0x80000588
        8845000	       883	00000000	00000013	addi	x0,x0,0	  x0:0x00000000
        8855000	       884	8000058c	00000013	addi	x0,x0,0	  x0:0x00000000
        8865000	       885	80000590	fe1ff36f	jal	x6,80000590	  x6=0x80000590
        8875000	       886	00000000	00000013	addi	x0,x0,0	  x0:0x00000000
        8885000	       887	8000056c	00000013	addi	x0,x0,0	  x0:0x00000000
        8895000	       888	80000570	ff9ff7ef	jal	x15,80000570	 x15=0x80000570
        8905000	       889	00000000	00000013	addi	x0,x0,0	  x0:0x00000000
        8915000	       890	80000564	00000013	addi	x0,x0,0	  x0:0x00000000
        8925000	       891	80000568	03000b6f	jal	x22,80000568	 x22=0x80000568
        8935000	       892	00000000	00000013	addi	x0,x0,0	  x0:0x00000000
        8945000	       893	80000594	00000013	addi	x0,x0,0	  x0:0x00000000
        8955000	       894	80000598	fedff36f	jal	x6,80000598	  x6=0x80000598
        8965000	       895	00000000	00000013	addi	x0,x0,0	  x0:0x00000000
        8975000	       896	80000580	00000013	addi	x0,x0,0	  x0:0x00000000
        8985000	       897	80000584	fd9ff0ef	jal	x1,80000584	  x1=0x80000584
        8995000	       898	00000000	00000013	addi	x0,x0,0	  x0:0x00000000
        9005000	       899	80000558	00000013	addi	x0,x0,0	  x0:0x00000000
        9015000	       900	8000055c	030000ef	jal	x1,8000055c	  x1=0x8000055c
        9025000	       901	00000000	00000013	addi	x0,x0,0	  x0:0x00000000
        9035000	       902	80000588	00000013	addi	x0,x0,0	  x0:0x00000000
        9045000	       903	8000058c	014000ef	jal	x1,8000058c	  x1=0x8000058c
        9055000	       904	00000000	00000013	addi	x0,x0,0	  x0:0x00000000
        9065000	       905	8000059c	00000013	addi	x0,x0,0	  x0:0x00000000
        9075000	       906	800005a0	fcdffbef	jal	x23,800005a0	 x23=0x800005a0
        9085000	       907	00000000	00000013	addi	x0,x0,0	  x0:0x00000000
        9095000	       908	80000568	00000013	addi	x0,x0,0	  x0:0x00000000
        9105000	       909	8000056c	00c00c6f	jal	x24,8000056c	 x24=0x8000056c
        9115000	       910	00000000	00000013	addi	x0,x0,0	  x0:0x00000000
        9125000	       911	80000574	00000013	addi	x0,x0,0	  x0:0x00000000
        9135000	       912	80000578	0080056f	jal	x10,80000578	 x10=0x80000578
        9145000	       913	00000000	00000013	addi	x0,x0,0	  x0:0x00000000
        9155000	       914	8000057c	00000013	addi	x0,x0,0	  x0:0x00000000
        9165000	       915	80000580	fe5ff16f	jal	x2,80000580	  x2=0x80000580
        9175000	       916	00000000	00000013	addi	x0,x0,0	  x0:0x00000000
        9185000	       917	80000560	00000013	addi	x0,x0,0	  x0:0x00000000
        9195000	       918	80000564	030000ef	jal	x1,80000564	  x1=0x80000564
        9205000	       919	00000000	00000013	addi	x0,x0,0	  x0:0x00000000
        9215000	       920	80000590	00000013	addi	x0,x0,0	  x0:0x00000000
        9225000	       921	80000594	0100036f	jal	x6,80000594	  x6=0x80000594
        9235000	       922	00000000	00000013	addi	x0,x0,0	  x0:0x00000000
        9245000	       923	800005a0	00000013	addi	x0,x0,0	  x0:0x00000000
        9255000	       924	800005a4	fbdff0ef	jal	x1,800005a4	  x1=0x800005a4
        9265000	       925	00000000	00000013	addi	x0,x0,0	  x0:0x00000000
        9275000	       926	8000055c	00000013	addi	x0,x0,0	  x0:0x00000000
        9285000	       927	80000560	048002ef	jal	x5,80000560	  x5=0x80000560
        9295000	       928	00000000	00000013	addi	x0,x0,0	  x0:0x00000000
        9305000	       929	800005a4	00000013	addi	x0,x0,0	  x0:0x00000000
        9315000	       930	800005a8	42774513	xori	x10,x14,1063	 x14:0x800004c4 x10=0x800000e3
        9325000	       931	800005ac	0280036f	jal	x6,800005ac	  x6=0x800005ac
        9335000	       932	00000000	00000013	addi	x0,x0,0	  x0:0x00000000
        9345000	       933	800005d0	00000013	addi	x0,x0,0	  x0:0x00000000
        9355000	       934	800005d4	fedff16f	jal	x2,800005d4	  x2=0x800005d4
        9365000	       935	00000000	00000013	addi	x0,x0,0	  x0:0x00000000
        9375000	       936	800005bc	00000013	addi	x0,x0,0	  x0:0x00000000
        9385000	       937	800005c0	ff9ffa6f	jal	x20,800005c0	 x20=0x800005c0
        9395000	       938	00000000	00000013	addi	x0,x0,0	  x0:0x00000000
        9405000	       939	800005b4	00000013	addi	x0,x0,0	  x0:0x00000000
        9415000	       940	800005b8	010001ef	jal	x3,800005b8	  x3=0x800005b8
        9425000	       941	00000000	00000013	addi	x0,x0,0	  x0:0x00000000
        9435000	       942	800005c4	00000013	addi	x0,x0,0	  x0:0x00000000
        9445000	       943	800005c8	ffdff0ef	jal	x1,800005c8	  x1=0x800005c8
        9455000	       944	00000000	00000013	addi	x0,x0,0	  x0:0x00000000
        9465000	       945	800005c0	00000013	addi	x0,x0,0	  x0:0x00000000
        9475000	       946	800005c4	fedff0ef	jal	x1,800005c4	  x1=0x800005c4
        9485000	       947	00000000	00000013	addi	x0,x0,0	  x0:0x00000000
        9495000	       948	800005ac	00000013	addi	x0,x0,0	  x0:0x00000000
        9505000	       949	800005b0	0040096f	jal	x18,800005b0	 x18=0x800005b0
        9515000	       950	00000000	00000013	addi	x0,x0,0	  x0:0x00000000
        9525000	       951	800005b0	00000013	addi	x0,x0,0	  x0:0x00000000
        9535000	       952	800005b4	0080036f	jal	x6,800005b4	  x6=0x800005b4
        9545000	       953	00000000	00000013	addi	x0,x0,0	  x0:0x00000000
        9555000	       954	800005b8	00000013	addi	x0,x0,0	  x0:0x00000000
        9565000	       955	800005bc	010000ef	jal	x1,800005bc	  x1=0x800005bc
        9575000	       956	00000000	00000013	addi	x0,x0,0	  x0:0x00000000
        9585000	       957	800005c8	00000013	addi	x0,x0,0	  x0:0x00000000
        9595000	       958	800005cc	0040036f	jal	x6,800005cc	  x6=0x800005cc
        9605000	       959	00000000	00000013	addi	x0,x0,0	  x0:0x00000000
        9615000	       960	800005cc	00000013	addi	x0,x0,0	  x0:0x00000000
        9625000	       961	800005d0	0080036f	jal	x6,800005d0	  x6=0x800005d0
        9635000	       962	00000000	00000013	addi	x0,x0,0	  x0:0x00000000
        9645000	       963	800005d4	00000013	addi	x0,x0,0	  x0:0x00000000
        9655000	       964	800005d8	01dd81b3	add	x3,x27,x29	 x27:0x800004ec x29:0x80000528  x3=0x00000a14
        9665000	       965	800005dc	0640036f	jal	x6,800005dc	  x6=0x800005dc
        9675000	       966	00000000	00000013	addi	x0,x0,0	  x0:0x00000000
        9685000	       967	8000063c	00000013	addi	x0,x0,0	  x0:0x00000000
        9695000	       968	80000640	fa9ff0ef	jal	x1,80000640	  x1=0x80000640
        9705000	       969	00000000	00000013	addi	x0,x0,0	  x0:0x00000000
        9715000	       970	800005e4	00000013	addi	x0,x0,0	  x0:0x00000000
        9725000	       971	800005e8	020000ef	jal	x1,800005e8	  x1=0x800005e8
        9735000	       972	00000000	00000013	addi	x0,x0,0	  x0:0x00000000
        9745000	       973	80000604	00000013	addi	x0,x0,0	  x0:0x00000000
        9755000	       974	80000608	0440036f	jal	x6,80000608	  x6=0x80000608
        9765000	       975	00000000	00000013	addi	x0,x0,0	  x0:0x00000000
        9775000	       976	80000648	00000013	addi	x0,x0,0	  x0:0x00000000
        9785000	       977	8000064c	f99ff56f	jal	x10,8000064c	 x10=0x8000064c
        9795000	       978	00000000	00000013	addi	x0,x0,0	  x0:0x00000000
        9805000	       979	800005e0	00000013	addi	x0,x0,0	  x0:0x00000000
        9815000	       980	800005e4	020001ef	jal	x3,800005e4	  x3=0x800005e4
        9825000	       981	00000000	00000013	addi	x0,x0,0	  x0:0x00000000
        9835000	       982	80000600	00000013	addi	x0,x0,0	  x0:0x00000000
        9845000	       983	80000604	0280016f	jal	x2,80000604	  x2=0x80000604
        9855000	       984	00000000	00000013	addi	x0,x0,0	  x0:0x00000000
        9865000	       985	80000628	00000013	addi	x0,x0,0	  x0:0x00000000
        9875000	       986	8000062c	01c000ef	jal	x1,8000062c	  x1=0x8000062c
        9885000	       987	00000000	00000013	addi	x0,x0,0	  x0:0x00000000
        9895000	       988	80000644	00000013	addi	x0,x0,0	  x0:0x00000000
        9905000	       989	80000648	fcdff0ef	jal	x1,80000648	  x1=0x80000648
        9915000	       990	00000000	00000013	addi	x0,x0,0	  x0:0x00000000
        9925000	       991	80000610	00000013	addi	x0,x0,0	  x0:0x00000000
        9935000	       992	80000614	0280016f	jal	x2,80000614	  x2=0x80000614
        9945000	       993	00000000	00000013	addi	x0,x0,0	  x0:0x00000000
        9955000	       994	80000638	00000013	addi	x0,x0,0	  x0:0x00000000
        9965000	       995	8000063c	fb5ff36f	jal	x6,8000063c	  x6=0x8000063c
        9975000	       996	00000000	00000013	addi	x0,x0,0	  x0:0x00000000
        9985000	       997	800005ec	00000013	addi	x0,x0,0	  x0:0x00000000
        9995000	       998	800005f0	ff1ff0ef	jal	x1,800005f0	  x1=0x800005f0
       10005000	       999	00000000	00000013	addi	x0,x0,0	  x0:0x00000000
       10015000	      1000	800005dc	00000013	addi	x0,x0,0	  x0:0x00000000
       10025000	      1001	800005e0	0440036f	jal	x6,800005e0	  x6=0x800005e0
       10035000	      1002	00000000	00000013	addi	x0,x0,0	  x0:0x00000000
       10045000	      1003	80000620	00000013	addi	x0,x0,0	  x0:0x00000000
       10055000	      1004	80000624	0140036f	jal	x6,80000624	  x6=0x80000624
       10065000	      1005	00000000	00000013	addi	x0,x0,0	  x0:0x00000000
       10075000	      1006	80000634	00000013	addi	x0,x0,0	  x0:0x00000000
       10085000	      1007	80000638	fd5ff0ef	jal	x1,80000638	  x1=0x80000638
       10095000	      1008	00000000	00000013	addi	x0,x0,0	  x0:0x00000000
       10105000	      1009	80000608	00000013	addi	x0,x0,0	  x0:0x00000000
       10115000	      1010	8000060c	fe9ff36f	jal	x6,8000060c	  x6=0x8000060c
       10125000	      1011	00000000	00000013	addi	x0,x0,0	  x0:0x00000000
       10135000	      1012	800005f0	00000013	addi	x0,x0,0	  x0:0x00000000
       10145000	      1013	800005f4	008002ef	jal	x5,800005f4	  x5=0x800005f4
       10155000	      1014	00000000	00000013	addi	x0,x0,0	  x0:0x00000000
       10165000	      1015	800005f8	00000013	addi	x0,x0,0	  x0:0x00000000
       10175000	      1016	800005fc	004000ef	jal	x1,800005fc	  x1=0x800005fc
       10185000	      1017	00000000	00000013	addi	x0,x0,0	  x0:0x00000000
       10195000	      1018	800005fc	00000013	addi	x0,x0,0	  x0:0x00000000
       10205000	      1019	80000600	010000ef	jal	x1,80000600	  x1=0x80000600
       10215000	      1020	00000000	00000013	addi	x0,x0,0	  x0:0x00000000
       10225000	      1021	8000060c	00000013	addi	x0,x0,0	  x0:0x00000000
       10235000	      1022	80000610	0100036f	jal	x6,80000610	  x6=0x80000610
       10245000	      1023	00000000	00000013	addi	x0,x0,0	  x0:0x00000000
       10255000	      1024	8000061c	00000013	addi	x0,x0,0	  x0:0x00000000
       10265000	      1025	80000620	ffdff36f	jal	x6,80000620	  x6=0x80000620
       10275000	      1026	00000000	00000013	addi	x0,x0,0	  x0:0x00000000
       10285000	      1027	80000618	00000013	addi	x0,x0,0	  x0:0x00000000
       10295000	      1028	8000061c	fd1ff0ef	jal	x1,8000061c	  x1=0x8000061c
       10305000	      1029	00000000	00000013	addi	x0,x0,0	  x0:0x00000000
       10315000	      1030	800005e8	00000013	addi	x0,x0,0	  x0:0x00000000
       10325000	      1031	800005ec	03c000ef	jal	x1,800005ec	  x1=0x800005ec
       10335000	      1032	00000000	00000013	addi	x0,x0,0	  x0:0x00000000
       10345000	      1033	80000624	00000013	addi	x0,x0,0	  x0:0x00000000
       10355000	      1034	80000628	01c000ef	jal	x1,80000628	  x1=0x80000628
       10365000	      1035	00000000	00000013	addi	x0,x0,0	  x0:0x00000000
       10375000	      1036	80000640	00000013	addi	x0,x0,0	  x0:0x00000000
       10385000	      1037	80000644	fd5ff36f	jal	x6,80000644	  x6=0x80000644
       10395000	      1038	00000000	00000013	addi	x0,x0,0	  x0:0x00000000
       10405000	      1039	80000614	00000013	addi	x0,x0,0	  x0:0x00000000
       10415000	      1040	80000618	fe1ff36f	jal	x6,80000618	  x6=0x80000618
       10425000	      1041	00000000	00000013	addi	x0,x0,0	  x0:0x00000000
       10435000	      1042	800005f4	00000013	addi	x0,x0,0	  x0:0x00000000
       10445000	      1043	800005f8	038000ef	jal	x1,800005f8	  x1=0x800005f8
       10455000	      1044	00000000	00000013	addi	x0,x0,0	  x0:0x00000000
       10465000	      1045	8000062c	00000013	addi	x0,x0,0	  x0:0x00000000
       10475000	      1046	80000630	004000ef	jal	x1,80000630	  x1=0x80000630
       10485000	      1047	00000000	00000013	addi	x0,x0,0	  x0:0x00000000
       10495000	      1048	80000630	00000013	addi	x0,x0,0	  x0:0x00000000
       10505000	      1049	80000634	01c007ef	jal	x15,80000634	 x15=0x80000634
       10515000	      1050	00000000	00000013	addi	x0,x0,0	  x0:0x00000000
       10525000	      1051	8000064c	00000013	addi	x0,x0,0	  x0:0x00000000
       10535000	      1052	80000650	24884e93	xori	x29,x16,584	 x16:0xf081c92b x29=0xf081cb63
       10545000	      1053	80000654	0140036f	jal	x6,80000654	  x6=0x80000654
       10555000	      1054	00000000	00000013	addi	x0,x0,0	  x0:0x00000000
       10565000	      1055	80000664	00000013	addi	x0,x0,0	  x0:0x00000000
       10575000	      1056	80000668	044000ef	jal	x1,80000668	  x1=0x80000668
       10585000	      1057	00000000	00000013	addi	x0,x0,0	  x0:0x00000000
       10595000	      1058	800006a8	00000013	addi	x0,x0,0	  x0:0x00000000
       10605000	      1059	800006ac	fe5ff0ef	jal	x1,800006ac	  x1=0x800006ac
       10615000	      1060	00000000	00000013	addi	x0,x0,0	  x0:0x00000000
       10625000	      1061	8000068c	00000013	addi	x0,x0,0	  x0:0x00000000
       10635000	      1062	80000690	03400def	jal	x27,80000690	 x27=0x80000690
       10645000	      1063	00000000	00000013	addi	x0,x0,0	  x0:0x00000000
       10655000	      1064	800006c0	00000013	addi	x0,x0,0	  x0:0x00000000
       10665000	      1065	800006c4	fb1ff0ef	jal	x1,800006c4	  x1=0x800006c4
       10675000	      1066	00000000	00000013	addi	x0,x0,0	  x0:0x00000000
       10685000	      1067	80000670	00000013	addi	x0,x0,0	  x0:0x00000000
       10695000	      1068	80000674	044000ef	jal	x1,80000674	  x1=0x80000674
       10705000	      1069	00000000	00000013	addi	x0,x0,0	  x0:0x00000000
       10715000	      1070	800006b4	00000013	addi	x0,x0,0	  x0:0x00000000
       10725000	      1071	800006b8	fe5ff36f	jal	x6,800006b8	  x6=0x800006b8
       10735000	      1072	00000000	00000013	addi	x0,x0,0	  x0:0x00000000
       10745000	      1073	80000698	00000013	addi	x0,x0,0	  x0:0x00000000
       10755000	      1074	8000069c	020007ef	jal	x15,8000069c	 x15=0x8000069c
       10765000	      1075	00000000	00000013	addi	x0,x0,0	  x0:0x00000000
       10775000	      1076	800006b8	00000013	addi	x0,x0,0	  x0:0x00000000
       10785000	      1077	800006bc	fc9ff0ef	jal	x1,800006bc	  x1=0x800006bc
       10795000	      1078	00000000	00000013	addi	x0,x0,0	  x0:0x00000000
       10805000	      1079	80000680	00000013	addi	x0,x0,0	  x0:0x00000000
       10815000	      1080	80000684	ff9ff2ef	jal	x5,80000684	  x5=0x80000684
       10825000	      1081	00000000	00000013	addi	x0,x0,0	  x0:0x00000000
       10835000	      1082	80000678	00000013	addi	x0,x0,0	  x0:0x00000000
       10845000	      1083	8000067c	fe5ff0ef	jal	x1,8000067c	  x1=0x8000067c
       10855000	      1084	00000000	00000013	addi	x0,x0,0	  x0:0x00000000
       10865000	      1085	8000065c	00000013	addi	x0,x0,0	  x0:0x00000000
       10875000	      1086	80000660	0200036f	jal	x6,80000660	  x6=0x80000660
       10885000	      1087	00000000	00000013	addi	x0,x0,0	  x0:0x00000000
       10895000	      1088	8000067c	00000013	addi	x0,x0,0	  x0:0x00000000
       10905000	      1089	80000680	014000ef	jal	x1,80000680	  x1=0x80000680
       10915000	      1090	00000000	00000013	addi	x0,x0,0	  x0:0x00000000
       10925000	      1091	80000690	00000013	addi	x0,x0,0	  x0:0x00000000
       10935000	      1092	80000694	01c000ef	jal	x1,80000694	  x1=0x80000694
       10945000	      1093	00000000	00000013	addi	x0,x0,0	  x0:0x00000000
       10955000	      1094	800006ac	00000013	addi	x0,x0,0	  x0:0x00000000
       10965000	      1095	800006b0	fbdff0ef	jal	x1,800006b0	  x1=0x800006b0
       10975000	      1096	00000000	00000013	addi	x0,x0,0	  x0:0x00000000
       10985000	      1097	80000668	00000013	addi	x0,x0,0	  x0:0x00000000
       10995000	      1098	8000066c	00c0036f	jal	x6,8000066c	  x6=0x8000066c
       11005000	      1099	00000000	00000013	addi	x0,x0,0	  x0:0x00000000
       11015000	      1100	80000674	00000013	addi	x0,x0,0	  x0:0x00000000
       11025000	      1101	80000678	fe5ff36f	jal	x6,80000678	  x6=0x80000678
       11035000	      1102	00000000	00000013	addi	x0,x0,0	  x0:0x00000000
       11045000	      1103	80000658	00000013	addi	x0,x0,0	  x0:0x00000000
       11055000	      1104	8000065c	048000ef	jal	x1,8000065c	  x1=0x8000065c
       11065000	      1105	00000000	00000013	addi	x0,x0,0	  x0:0x00000000
       11075000	      1106	800006a0	00000013	addi	x0,x0,0	  x0:0x00000000
       11085000	      1107	800006a4	fe5ff0ef	jal	x1,800006a4	  x1=0x800006a4
       11095000	      1108	00000000	00000013	addi	x0,x0,0	  x0:0x00000000
       11105000	      1109	80000684	00000013	addi	x0,x0,0	  x0:0x00000000
       11115000	      1110	80000688	fddff0ef	jal	x1,80000688	  x1=0x80000688
       11125000	      1111	00000000	00000013	addi	x0,x0,0	  x0:0x00000000
       11135000	      1112	80000660	00000013	addi	x0,x0,0	  x0:0x00000000
       11145000	      1113	80000664	028000ef	jal	x1,80000664	  x1=0x80000664
       11155000	      1114	00000000	00000013	addi	x0,x0,0	  x0:0x00000000
       11165000	      1115	80000688	00000013	addi	x0,x0,0	  x0:0x00000000
       11175000	      1116	8000068c	00c0036f	jal	x6,8000068c	  x6=0x8000068c
       11185000	      1117	00000000	00000013	addi	x0,x0,0	  x0:0x00000000
       11195000	      1118	80000694	00000013	addi	x0,x0,0	  x0:0x00000000
       11205000	      1119	80000698	008000ef	jal	x1,80000698	  x1=0x80000698
       11215000	      1120	00000000	00000013	addi	x0,x0,0	  x0:0x00000000
       11225000	      1121	8000069c	00000013	addi	x0,x0,0	  x0:0x00000000
       11235000	      1122	800006a0	020000ef	jal	x1,800006a0	  x1=0x800006a0
       11245000	      1123	00000000	00000013	addi	x0,x0,0	  x0:0x00000000
       11255000	      1124	800006bc	00000013	addi	x0,x0,0	  x0:0x00000000
       11265000	      1125	800006c0	fe9ff66f	jal	x12,800006c0	 x12=0x800006c0
       11275000	      1126	00000000	00000013	addi	x0,x0,0	  x0:0x00000000
       11285000	      1127	800006a4	00000013	addi	x0,x0,0	  x0:0x00000000
       11295000	      1128	800006a8	fb1ff36f	jal	x6,800006a8	  x6=0x800006a8
       11305000	      1129	00000000	00000013	addi	x0,x0,0	  x0:0x00000000
       11315000	      1130	80000654	00000013	addi	x0,x0,0	  x0:0x00000000
       11325000	      1131	80000658	01800f6f	jal	x30,80000658	 x30=0x80000658
       11335000	      1132	00000000	00000013	addi	x0,x0,0	  x0:0x00000000
       11345000	      1133	8000066c	00000013	addi	x0,x0,0	  x0:0x00000000
       11355000	      1134	80000670	044000ef	jal	x1,80000670	  x1=0x80000670
       11365000	      1135	00000000	00000013	addi	x0,x0,0	  x0:0x00000000
       11375000	      1136	800006b0	00000013	addi	x0,x0,0	  x0:0x00000000
       11385000	      1137	800006b4	0140036f	jal	x6,800006b4	  x6=0x800006b4
       11395000	      1138	00000000	00000013	addi	x0,x0,0	  x0:0x00000000
       11405000	      1139	800006c4	00000013	addi	x0,x0,0	  x0:0x00000000
       11415000	      1140	800006c8	418ad513	srai	x10,x21,0x18	 x21:0x800004c8 x10=0xffffff80
       11425000	      1141	800006cc	0400036f	jal	x6,800006cc	  x6=0x800006cc
       11435000	      1142	00000000	00000013	addi	x0,x0,0	  x0:0x00000000
       11445000	      1143	80000708	00000013	addi	x0,x0,0	  x0:0x00000000
       11455000	      1144	8000070c	fe5ffe6f	jal	x28,8000070c	 x28=0x8000070c
       11465000	      1145	00000000	00000013	addi	x0,x0,0	  x0:0x00000000
       11475000	      1146	800006ec	00000013	addi	x0,x0,0	  x0:0x00000000
       11485000	      1147	800006f0	ffdff0ef	jal	x1,800006f0	  x1=0x800006f0
       11495000	      1148	00000000	00000013	addi	x0,x0,0	  x0:0x00000000
       11505000	      1149	800006e8	00000013	addi	x0,x0,0	  x0:0x00000000
       11515000	      1150	800006ec	01400def	jal	x27,800006ec	 x27=0x800006ec
       11525000	      1151	00000000	00000013	addi	x0,x0,0	  x0:0x00000000
       11535000	      1152	800006fc	00000013	addi	x0,x0,0	  x0:0x00000000
       11545000	      1153	80000700	fe9ff0ef	jal	x1,80000700	  x1=0x80000700
       11555000	      1154	00000000	00000013	addi	x0,x0,0	  x0:0x00000000
       11565000	      1155	800006e4	00000013	addi	x0,x0,0	  x0:0x00000000
       11575000	      1156	800006e8	020000ef	jal	x1,800006e8	  x1=0x800006e8
       11585000	      1157	00000000	00000013	addi	x0,x0,0	  x0:0x00000000
       11595000	      1158	80000704	00000013	addi	x0,x0,0	  x0:0x00000000
       11605000	      1159	80000708	fc9ff0ef	jal	x1,80000708	  x1=0x80000708
       11615000	      1160	00000000	00000013	addi	x0,x0,0	  x0:0x00000000
       11625000	      1161	800006cc	00000013	addi	x0,x0,0	  x0:0x00000000
       11635000	      1162	800006d0	02c000ef	jal	x1,800006d0	  x1=0x800006d0
       11645000	      1163	00000000	00000013	addi	x0,x0,0	  x0:0x00000000
       11655000	      1164	800006f8	00000013	addi	x0,x0,0	  x0:0x00000000
       11665000	      1165	800006fc	fe1ff0ef	jal	x1,800006fc	  x1=0x800006fc
       11675000	      1166	00000000	00000013	addi	x0,x0,0	  x0:0x00000000
       11685000	      1167	800006d8	00000013	addi	x0,x0,0	  x0:0x00000000
       11695000	      1168	800006dc	ff9ff0ef	jal	x1,800006dc	  x1=0x800006dc
       11705000	      1169	00000000	00000013	addi	x0,x0,0	  x0:0x00000000
       11715000	      1170	800006d0	00000013	addi	x0,x0,0	  x0:0x00000000
       11725000	      1171	800006d4	024000ef	jal	x1,800006d4	  x1=0x800006d4
       11735000	      1172	00000000	00000013	addi	x0,x0,0	  x0:0x00000000
       11745000	      1173	800006f4	00000013	addi	x0,x0,0	  x0:0x00000000
       11755000	      1174	800006f8	ffdff36f	jal	x6,800006f8	  x6=0x800006f8
       11765000	      1175	00000000	00000013	addi	x0,x0,0	  x0:0x00000000
       11775000	      1176	800006f0	00000013	addi	x0,x0,0	  x0:0x00000000
       11785000	      1177	800006f4	fedff4ef	jal	x9,800006f4	  x9=0x800006f4
       11795000	      1178	00000000	00000013	addi	x0,x0,0	  x0:0x00000000
       11805000	      1179	800006dc	00000013	addi	x0,x0,0	  x0:0x00000000
       11815000	      1180	800006e0	0040066f	jal	x12,800006e0	 x12=0x800006e0
       11825000	      1181	00000000	00000013	addi	x0,x0,0	  x0:0x00000000
       11835000	      1182	800006e0	00000013	addi	x0,x0,0	  x0:0x00000000
       11845000	      1183	800006e4	020000ef	jal	x1,800006e4	  x1=0x800006e4
       11855000	      1184	00000000	00000013	addi	x0,x0,0	  x0:0x00000000
       11865000	      1185	80000700	00000013	addi	x0,x0,0	  x0:0x00000000
       11875000	      1186	80000704	fd5ffa6f	jal	x20,80000704	 x20=0x80000704
       11885000	      1187	00000000	00000013	addi	x0,x0,0	  x0:0x00000000
       11895000	      1188	800006d4	00000013	addi	x0,x0,0	  x0:0x00000000
       11905000	      1189	800006d8	038000ef	jal	x1,800006d8	  x1=0x800006d8
       11915000	      1190	00000000	00000013	addi	x0,x0,0	  x0:0x00000000
       11925000	      1191	8000070c	00000013	addi	x0,x0,0	  x0:0x00000000
       11935000	      1192	80000710	009ec9b3	xor	x19,x29,x9	 x29:0xf081cb63  x9:0x800006f4 x19=0x7081cd97
       11945000	      1193	80000714	0080036f	jal	x6,80000714	  x6=0x80000714
       11955000	      1194	00000000	00000013	addi	x0,x0,0	  x0:0x00000000
       11965000	      1195	80000718	00000013	addi	x0,x0,0	  x0:0x00000000
       11975000	      1196	8000071c	0100036f	jal	x6,8000071c	  x6=0x8000071c
       11985000	      1197	00000000	00000013	addi	x0,x0,0	  x0:0x00000000
       11995000	      1198	80000728	00000013	addi	x0,x0,0	  x0:0x00000000
       12005000	      1199	8000072c	02c000ef	jal	x1,8000072c	  x1=0x8000072c
       12015000	      1200	00000000	00000013	addi	x0,x0,0	  x0:0x00000000
       12025000	      1201	80000754	00000013	addi	x0,x0,0	  x0:0x00000000
       12035000	      1202	80000758	fc9ff0ef	jal	x1,80000758	  x1=0x80000758
       12045000	      1203	00000000	00000013	addi	x0,x0,0	  x0:0x00000000
       12055000	      1204	8000071c	00000013	addi	x0,x0,0	  x0:0x00000000
       12065000	      1205	80000720	004000ef	jal	x1,80000720	  x1=0x80000720
       12075000	      1206	00000000	00000013	addi	x0,x0,0	  x0:0x00000000
       12085000	      1207	80000720	00000013	addi	x0,x0,0	  x0:0x00000000
       12095000	      1208	80000724	01000aef	jal	x21,80000724	 x21=0x80000724
       12105000	      1209	00000000	00000013	addi	x0,x0,0	  x0:0x00000000
       12115000	      1210	80000730	00000013	addi	x0,x0,0	  x0:0x00000000
       12125000	      1211	80000734	03400cef	jal	x25,80000734	 x25=0x80000734
       12135000	      1212	00000000	00000013	addi	x0,x0,0	  x0:0x00000000
       12145000	      1213	80000764	00000013	addi	x0,x0,0	  x0:0x00000000
       12155000	      1214	80000768	fe9ff36f	jal	x6,80000768	  x6=0x80000768
       12165000	      1215	00000000	00000013	addi	x0,x0,0	  x0:0x00000000
       12175000	      1216	8000074c	00000013	addi	x0,x0,0	  x0:0x00000000
       12185000	      1217	80000750	fe9ff26f	jal	x4,80000750	  x4=0x80000750
       12195000	      1218	00000000	00000013	addi	x0,x0,0	  x0:0x00000000
       12205000	      1219	80000734	00000013	addi	x0,x0,0	  x0:0x00000000
       12215000	      1220	80000738	02c000ef	jal	x1,80000738	  x1=0x80000738
       12225000	      1221	00000000	00000013	addi	x0,x0,0	  x0:0x00000000
       12235000	      1222	80000760	00000013	addi	x0,x0,0	  x0:0x00000000
       12245000	      1223	80000764	fb5ff0ef	jal	x1,80000764	  x1=0x80000764
       12255000	      1224	00000000	00000013	addi	x0,x0,0	  x0:0x00000000
       12265000	      1225	80000714	00000013	addi	x0,x0,0	  x0:0x00000000
       12275000	      1226	80000718	058000ef	jal	x1,80000718	  x1=0x80000718
       12285000	      1227	00000000	00000013	addi	x0,x0,0	  x0:0x00000000
       12295000	      1228	8000076c	00000013	addi	x0,x0,0	  x0:0x00000000
       12305000	      1229	80000770	fd5ff36f	jal	x6,80000770	  x6=0x80000770
       12315000	      1230	00000000	00000013	addi	x0,x0,0	  x0:0x00000000
       12325000	      1231	80000740	00000013	addi	x0,x0,0	  x0:0x00000000
       12335000	      1232	80000744	0040036f	jal	x6,80000744	  x6=0x80000744
       12345000	      1233	00000000	00000013	addi	x0,x0,0	  x0:0x00000000
       12355000	      1234	80000744	00000013	addi	x0,x0,0	  x0:0x00000000
       12365000	      1235	80000748	fe1ff0ef	jal	x1,80000748	  x1=0x80000748
       12375000	      1236	00000000	00000013	addi	x0,x0,0	  x0:0x00000000
       12385000	      1237	80000724	00000013	addi	x0,x0,0	  x0:0x00000000
       12395000	      1238	80000728	02c0036f	jal	x6,80000728	  x6=0x80000728
       12405000	      1239	00000000	00000013	addi	x0,x0,0	  x0:0x00000000
       12415000	      1240	80000750	00000013	addi	x0,x0,0	  x0:0x00000000
       12425000	      1241	80000754	00c000ef	jal	x1,80000754	  x1=0x80000754
       12435000	      1242	00000000	00000013	addi	x0,x0,0	  x0:0x00000000
       12445000	      1243	8000075c	00000013	addi	x0,x0,0	  x0:0x00000000
       12455000	      1244	80000760	ffdff0ef	jal	x1,80000760	  x1=0x80000760
       12465000	      1245	00000000	00000013	addi	x0,x0,0	  x0:0x00000000
       12475000	      1246	80000758	00000013	addi	x0,x0,0	  x0:0x00000000
       12485000	      1247	8000075c	ff1ff0ef	jal	x1,8000075c	  x1=0x8000075c
       12495000	      1248	00000000	00000013	addi	x0,x0,0	  x0:0x00000000
       12505000	      1249	80000748	00000013	addi	x0,x0,0	  x0:0x00000000
       12515000	      1250	8000074c	020005ef	jal	x11,8000074c	 x11=0x8000074c
       12525000	      1251	00000000	00000013	addi	x0,x0,0	  x0:0x00000000
       12535000	      1252	80000768	00000013	addi	x0,x0,0	  x0:0x00000000
       12545000	      1253	8000076c	fd1ff2ef	jal	x5,8000076c	  x5=0x8000076c
       12555000	      1254	00000000	00000013	addi	x0,x0,0	  x0:0x00000000
       12565000	      1255	80000738	00000013	addi	x0,x0,0	  x0:0x00000000
       12575000	      1256	8000073c	ff5ff0ef	jal	x1,8000073c	  x1=0x8000073c
       12585000	      1257	00000000	00000013	addi	x0,x0,0	  x0:0x00000000
       12595000	      1258	8000072c	00000013	addi	x0,x0,0	  x0:0x00000000
       12605000	      1259	80000730	0100026f	jal	x4,80000730	  x4=0x80000730
       12615000	      1260	00000000	00000013	addi	x0,x0,0	  x0:0x00000000
       12625000	      1261	8000073c	00000013	addi	x0,x0,0	  x0:0x00000000
       12635000	      1262	80000740	034000ef	jal	x1,80000740	  x1=0x80000740
       12645000	      1263	00000000	00000013	addi	x0,x0,0	  x0:0x00000000
       12655000	      1264	80000770	00000013	addi	x0,x0,0	  x0:0x00000000
       12665000	      1265	80000774	297ab417	auipc	x8,0x297ab	  x8=0xa97ab770
       12675000	      1266	80000778	0240036f	jal	x6,80000778	  x6=0x80000778
       12685000	      1267	00000000	00000013	addi	x0,x0,0	  x0:0x00000000
       12695000	      1268	80000798	00000013	addi	x0,x0,0	  x0:0x00000000
       12705000	      1269	8000079c	008000ef	jal	x1,8000079c	  x1=0x8000079c
       12715000	      1270	00000000	00000013	addi	x0,x0,0	  x0:0x00000000
       12725000	      1271	800007a0	00000013	addi	x0,x0,0	  x0:0x00000000
       12735000	      1272	800007a4	ffdff0ef	jal	x1,800007a4	  x1=0x800007a4
       12745000	      1273	00000000	00000013	addi	x0,x0,0	  x0:0x00000000
       12755000	      1274	8000079c	00000013	addi	x0,x0,0	  x0:0x00000000
       12765000	      1275	800007a0	008000ef	jal	x1,800007a0	  x1=0x800007a0
       12775000	      1276	00000000	00000013	addi	x0,x0,0	  x0:0x00000000
       12785000	      1277	800007a4	00000013	addi	x0,x0,0	  x0:0x00000000
       12795000	      1278	800007a8	fd5ff0ef	jal	x1,800007a8	  x1=0x800007a8
       12805000	      1279	00000000	00000013	addi	x0,x0,0	  x0:0x00000000
       12815000	      1280	80000778	00000013	addi	x0,x0,0	  x0:0x00000000
       12825000	      1281	8000077c	0180036f	jal	x6,8000077c	  x6=0x8000077c
       12835000	      1282	00000000	00000013	addi	x0,x0,0	  x0:0x00000000
       12845000	      1283	80000790	00000013	addi	x0,x0,0	  x0:0x00000000
       12855000	      1284	80000794	ff9ff0ef	jal	x1,80000794	  x1=0x80000794
       12865000	      1285	00000000	00000013	addi	x0,x0,0	  x0:0x00000000
       12875000	      1286	80000788	00000013	addi	x0,x0,0	  x0:0x00000000
       12885000	      1287	8000078c	ff5ff36f	jal	x6,8000078c	  x6=0x8000078c
       12895000	      1288	00000000	00000013	addi	x0,x0,0	  x0:0x00000000
       12905000	      1289	8000077c	00000013	addi	x0,x0,0	  x0:0x00000000
       12915000	      1290	80000780	018000ef	jal	x1,80000780	  x1=0x80000780
       12925000	      1291	00000000	00000013	addi	x0,x0,0	  x0:0x00000000
       12935000	      1292	80000794	00000013	addi	x0,x0,0	  x0:0x00000000
       12945000	      1293	80000798	ff9ff0ef	jal	x1,80000798	  x1=0x80000798
       12955000	      1294	00000000	00000013	addi	x0,x0,0	  x0:0x00000000
       12965000	      1295	8000078c	00000013	addi	x0,x0,0	  x0:0x00000000
       12975000	      1296	80000790	ff5ff0ef	jal	x1,80000790	  x1=0x80000790
       12985000	      1297	00000000	00000013	addi	x0,x0,0	  x0:0x00000000
       12995000	      1298	80000780	00000013	addi	x0,x0,0	  x0:0x00000000
       13005000	      1299	80000784	004000ef	jal	x1,80000784	  x1=0x80000784
       13015000	      1300	00000000	00000013	addi	x0,x0,0	  x0:0x00000000
       13025000	      1301	80000784	00000013	addi	x0,x0,0	  x0:0x00000000
       13035000	      1302	80000788	024000ef	jal	x1,80000788	  x1=0x80000788
       13045000	      1303	00000000	00000013	addi	x0,x0,0	  x0:0x00000000
       13055000	      1304	800007a8	00000013	addi	x0,x0,0	  x0:0x00000000
       13065000	      1305	800007ac	ced10e13	addi	x28,x2,-787	  x2:0x80000614 x28=0x80000301
       13075000	      1306	800007b0	01feb933	sltu	x18,x29,x31	 x29:0xf081cb63 x31:0x80009fc4 x18=0x00000000
       13085000	      1307	800007b4	ee6bb913	sltiu	x18,x23,-282	 x23:0x800005a0 x18=0x00000001
       13095000	      1308	800007b8	02ab6463	bltu	x22,x10,800007e0	 x22:0x80000568 x10:0xffffff80
       13105000	      1309	00000000	00000013	addi	x0,x0,0	  x0:0x00000000
       13115000	      1310	800007dc	00000013	addi	x0,x0,0	  x0:0x00000000
       13125000	      1311	800007e0	1e0d7c13	andi	x24,x26,480	 x26:0xcda0dffc x24=0x000001e0
       13135000	      1312	800007e4	6f297e13	andi	x28,x18,1778	 x18:0x00000001 x28=0x00000000
       13145000	      1313	800007e8	40675093	srai	x1,x14,0x6	 x14:0x800004c4  x1=0xfe000013
       13155000	      1314	800007ec	02c4c063	blt	x9,x12,8000080c	  x9:0x800006f4 x12:0x800006e0
       13165000	      1315	800007f0	00bc0663	beq	x24,x11,800007fc	 x24:0x000001e0 x11:0x8000074c
       13175000	      1316	800007f4	418a5593	srai	x11,x20,0x18	 x20:0x80000704 x11=0xffffff80
       13185000	      1317	800007f8	00000013	addi	x0,x0,0	  x0:0x00000000
       13195000	      1318	800007fc	01ed7333	and	x6,x26,x30	 x26:0xcda0dffc x30:0x80000658  x6=0x80000658
       13205000	      1319	80000800	9d9de593	ori	x11,x27,-1575	 x27:0x800006ec x11=0xfffffffd
       13215000	      1320	80000804	41680433	sub	x8,x16,x22	 x16:0xf081c92b x22:0x80000568  x8=0x7081c3c3
       13225000	      1321	80000808	04c94263	blt	x18,x12,8000084c	 x18:0x00000001 x12:0x800006e0
       13235000	      1322	8000080c	0ef22013	slti	x0,x4,239	  x4:0x80000730
       13245000	      1323	80000810	40770e33	sub	x28,x14,x7	 x14:0x800004c4  x7:0x80000500 x28=0xffffffc4
       13255000	      1324	80000814	01b39f13	slli	x30,x7,0x1b	  x7:0x80000500 x30=0x00000000
       13265000	      1325	80000818	00825db3	srl	x27,x4,x8	  x4:0x80000730  x8:0x7081c3c3 x27=0x100000e6
       13275000	      1326	8000081c	04928263	beq	x5,x9,80000860	  x5:0x8000076c  x9:0x800006f4
       13285000	      1327	80000820	02019a63	bne	x3,x0,80000854	  x3:0x800005e4  x0:0x00000000
       13295000	      1328	00000000	00000013	addi	x0,x0,0	  x0:0x00000000
       13305000	      1329	80000850	00000013	addi	x0,x0,0	  x0:0x00000000
       13315000	      1330	80000854	41ba0033	sub	x0,x20,x27	 x20:0x80000704 x27:0x100000e6
       13325000	      1331	80000858	03fb9263	bne	x23,x31,8000087c	 x23:0x800005a0 x31:0x80009fc4
       13335000	      1332	00000000	00000013	addi	x0,x0,0	  x0:0x00000000
       13345000	      1333	80000878	00000013	addi	x0,x0,0	  x0:0x00000000
       13355000	      1334	8000087c	0156c2b3	xor	x5,x13,x21	 x13:0xff16c310 x21:0x80000724  x5=0x7f16c434
       13365000	      1335	80000880	00624db3	xor	x27,x4,x6	  x4:0x80000730  x6:0x80000658 x27=0x00000168
       13375000	      1336	80000884	00f34863	blt	x6,x15,80000894	  x6:0x80000658 x15:0x8000069c
       13385000	      1337	00000000	00000013	addi	x0,x0,0	  x0:0x00000000
       13395000	      1338	80000890	00000013	addi	x0,x0,0	  x0:0x00000000
       13405000	      1339	80000894	0357ee63	bltu	x15,x21,800008d0	 x15:0x8000069c x21:0x80000724
       13415000	      1340	00000000	00000013	addi	x0,x0,0	  x0:0x00000000
       13425000	      1341	800008cc	00000013	addi	x0,x0,0	  x0:0x00000000
       13435000	      1342	800008d0	4038d433	sra	x8,x17,x3	 x17:0x80009f84  x3:0x800005e4  x8=0xf80009f8
       13445000	      1343	800008d4	007d0333	add	x6,x26,x7	 x26:0xcda0dffc  x7:0x80000500  x6=0x4da0e4fc
       13455000	      1344	800008d8	01b5fab3	and	x21,x11,x27	 x11:0xfffffffd x27:0x00000168 x21=0x00000168
       13465000	      1345	800008dc	4d3cb793	sltiu	x15,x25,1235	 x25:0x80000734 x15=0x00000000
       13475000	      1346	800008e0	9404b3b7	lui	x7,0x9404b	  x7=0x9404b000
       13485000	      1347	800008e4	40e0df33	sra	x30,x1,x14	  x1:0xfe000013 x14:0x800004c4 x30=0xffe00001
       13495000	      1348	800008e8	3f754a93	xori	x21,x10,1015	 x10:0xffffff80 x21=0xfffffc77
       13505000	      1349	800008ec	03811663	bne	x2,x24,80000918	  x2:0x80000614 x24:0x000001e0
       13515000	      1350	00000000	00000013	addi	x0,x0,0	  x0:0x00000000
       13525000	      1351	80000914	00000013	addi	x0,x0,0	  x0:0x00000000
       13535000	      1352	80000918	50e4c013	xori	x0,x9,1294	  x9:0x800006f4
       13545000	      1353	8000091c	b6936513	ori	x10,x6,-1175	  x6:0x4da0e4fc x10=0xfffffffd
       13555000	      1354	80000920	01239463	bne	x7,x18,80000928	  x7:0x9404b000 x18:0x00000001
       13565000	      1355	00000000	00000013	addi	x0,x0,0	  x0:0x00000000
       13575000	      1356	80000924	00000013	addi	x0,x0,0	  x0:0x00000000
       13585000	      1357	80000928	014e4c63	blt	x28,x20,80000940	 x28:0xffffffc4 x20:0x80000704
       13595000	      1358	8000092c	01647733	and	x14,x8,x22	  x8:0xf80009f8 x22:0x80000568 x14=0x80000168
       13605000	      1359	80000930	00e54c63	blt	x10,x14,80000948	 x10:0xfffffffd x14:0x80000168
       13615000	      1360	80000934	001a0e63	beq	x20,x1,80000950	 x20:0x80000704  x1:0xfe000013
       13625000	      1361	80000938	009aa733	slt	x14,x21,x9	 x21:0xfffffc77  x9:0x800006f4 x14=0x00000000
       13635000	      1362	8000093c	00d39913	slli	x18,x7,0xd	  x7:0x9404b000 x18=0x96000000
       13645000	      1363	80000940	023fd263	bge	x31,x3,80000964	 x31:0x80009fc4  x3:0x800005e4
       13655000	      1364	00000000	00000013	addi	x0,x0,0	  x0:0x00000000
       13665000	      1365	80000960	00000013	addi	x0,x0,0	  x0:0x00000000
       13675000	      1366	80000964	013827b3	slt	x15,x16,x19	 x16:0xf081c92b x19:0x7081cd97 x15=0x00000001
       13685000	      1367	80000968	4055d913	srai	x18,x11,0x5	 x11:0xfffffffd x18=0xffffffff
       13695000	      1368	8000096c	011c51b3	srl	x3,x24,x17	 x24:0x000001e0 x17:0x80009f84  x3=0x0000001e
       13705000	      1369	80000970	02cbce63	blt	x23,x12,800009ac	 x23:0x800005a0 x12:0x800006e0
       13715000	      1370	00000000	00000013	addi	x0,x0,0	  x0:0x00000000
       13725000	      1371	800009a8	00000013	addi	x0,x0,0	  x0:0x00000000
       13735000	      1372	800009ac	01b945b3	xor	x11,x18,x27	 x18:0xffffffff x27:0x00000168 x11=0xfffffe97
       13745000	      1373	800009b0	89e72313	slti	x6,x14,-1890	 x14:0x00000000  x6=0x00000000
       13755000	      1374	800009b4	000873b3	and	x7,x16,x0	 x16:0xf081c92b  x0:0x00000000  x7=0x00000000
       13765000	      1375	800009b8	00000013	addi	x0,x0,0	  x0:0x00000000
       13775000	      1376	800009bc	40565993	srai	x19,x12,0x5	 x12:0x800006e0 x19=0xfc000037
       13785000	      1377	800009c0	0103dd33	srl	x26,x7,x16	  x7:0x00000000 x16:0xf081c92b x26=0x00000000
       13795000	      1378	800009c4	01beabb3	slt	x23,x29,x27	 x29:0xf081cb63 x27:0x00000168 x23=0x00000001
       13805000	      1379	800009c8	00ceec63	bltu	x29,x12,800009e0	 x29:0xf081cb63 x12:0x800006e0
       13815000	      1380	800009cc	00ab6c63	bltu	x22,x10,800009e4	 x22:0x80000568 x10:0xfffffffd
       13825000	      1381	00000000	00000013	addi	x0,x0,0	  x0:0x00000000
       13835000	      1382	800009e0	00000013	addi	x0,x0,0	  x0:0x00000000
       13845000	      1383	800009e4	004f9793	slli	x15,x31,0x4	 x31:0x80009fc4 x15=0x0009fc40
       13855000	      1384	800009e8	00535933	srl	x18,x6,x5	  x6:0x00000000  x5:0x7f16c434 x18=0x00000000
       13865000	      1385	800009ec	009e10b3	sll	x1,x28,x9	 x28:0xffffffc4  x9:0x800006f4  x1=0xfc400000
       13875000	      1386	800009f0	01229e33	sll	x28,x5,x18	  x5:0x7f16c434 x18:0x00000000 x28=0x7f16c434
       13885000	      1387	800009f4	4a7d4413	xori	x8,x26,1191	 x26:0x00000000  x8=0x000004a7
       13895000	      1388	800009f8	40ee5933	sra	x18,x28,x14	 x28:0x7f16c434 x14:0x00000000 x18=0x7f16c434
       13905000	      1389	800009fc	02a7f263	bgeu	x15,x10,80000a20	 x15:0x0009fc40 x10:0xfffffffd
       13915000	      1390	80000a00	02651a63	bne	x10,x6,80000a34	 x10:0xfffffffd  x6:0x00000000
       13925000	      1391	00000000	00000013	addi	x0,x0,0	  x0:0x00000000
       13935000	      1392	80000a30	00000013	addi	x0,x0,0	  x0:0x00000000
       13945000	      1393	80000a34	41365993	srai	x19,x12,0x13	 x12:0x800006e0 x19=0xfffff000
       13955000	      1394	80000a38	fd5a1b97	auipc	x23,0xfd5a1	 x23=0x7d5a1a34
       13965000	      1395	80000a3c	008101b3	add	x3,x2,x8	  x2:0x80000614  x8:0x000004a7  x3=0x80000abb
       13975000	      1396	80000a40	d9b13d13	sltiu	x26,x2,-613	  x2:0x80000614 x26=0x00000001
       13985000	      1397	80000a44	04710863	beq	x2,x7,80000a94	  x2:0x80000614  x7:0x00000000
       13995000	      1398	80000a48	02f50063	beq	x10,x15,80000a68	 x10:0xfffffffd x15:0x0009fc40
       14005000	      1399	80000a4c	01190eb3	add	x29,x18,x17	 x18:0x7f16c434 x17:0x80009f84 x29=0xff1763b8
       14015000	      1400	80000a50	31d7e213	ori	x4,x15,797	 x15:0x0009fc40  x4=0x0009ff5d
       14025000	      1401	80000a54	018f4e63	blt	x30,x24,80000a70	 x30:0xffe00001 x24:0x000001e0
       14035000	      1402	00000000	00000013	addi	x0,x0,0	  x0:0x00000000
       14045000	      1403	80000a6c	00000013	addi	x0,x0,0	  x0:0x00000000
       14055000	      1404	80000a70	eb8d2a37	lui	x20,0xeb8d2	 x20=0xeb8d2000
       14065000	      1405	80000a74	245eab17	auipc	x22,0x245ea	 x22=0xa45eaa70
       14075000	      1406	80000a78	00a7aa33	slt	x20,x15,x10	 x15:0x0009fc40 x10:0xfffffffd x20=0x00000000
       14085000	      1407	80000a7c	00000013	addi	x0,x0,0	  x0:0x00000000
       14095000	      1408	80000a80	64c1ec93	ori	x25,x3,1612	  x3:0x80000abb x25=0x80000eff
       14105000	      1409	80000a84	40875533	sra	x10,x14,x8	 x14:0x00000000  x8:0x000004a7 x10=0x00000000
       14115000	      1410	80000a88	561d2213	slti	x4,x26,1377	 x26:0x00000001  x4=0x00000001
       14125000	      1411	80000a8c	007a34b3	sltu	x9,x20,x7	 x20:0x00000000  x7:0x00000000  x9=0x00000000
       14135000	      1412	80000a90	40c00c33	sub	x24,x0,x12	  x0:0x00000000 x12:0x800006e0 x24=0x7ffff920
       14145000	      1413	80000a94	bc2f8f13	addi	x30,x31,-1086	 x31:0x80009fc4 x30=0x80009b86
       14155000	      1414	80000a98	013f93b3	sll	x7,x31,x19	 x31:0x80009fc4 x19:0xfffff000  x7=0x80009fc4
       14165000	      1415	80000a9c	37530713	addi	x14,x6,885	  x6:0x00000000 x14=0x00000375
       14175000	      1416	80000aa0	407e5933	sra	x18,x28,x7	 x28:0x7f16c434  x7:0x80009fc4 x18=0x07f16c43
       14185000	      1417	80000aa4	0014ea63	bltu	x9,x1,80000ab8	  x9:0x00000000  x1:0xfc400000
       14195000	      1418	00000000	00000013	addi	x0,x0,0	  x0:0x00000000
       14205000	      1419	80000ab4	00000013	addi	x0,x0,0	  x0:0x00000000
       14215000	      1420	80000ab8	02e89463	bne	x17,x14,80000ae0	 x17:0x80009f84 x14:0x00000375
       14225000	      1421	00000000	00000013	addi	x0,x0,0	  x0:0x00000000
       14235000	      1422	80000adc	00000013	addi	x0,x0,0	  x0:0x00000000
       14245000	      1423	80000ae0	a8d7f113	andi	x2,x15,-1395	 x15:0x0009fc40  x2=0x0009f800
       14255000	      1424	80000ae4	7ddc3313	sltiu	x6,x24,2013	 x24:0x7ffff920  x6=0x00000000
       14265000	      1425	80000ae8	d7ef6613	ori	x12,x30,-642	 x30:0x80009b86 x12=0xfffffffe
       14275000	      1426	80000aec	00ac7733	and	x14,x24,x10	 x24:0x7ffff920 x10:0x00000000 x14=0x00000000
       14285000	      1427	80000af0	00000013	addi	x0,x0,0	  x0:0x00000000
       14295000	      1428	80000af4	e4da8093	addi	x1,x21,-435	 x21:0xfffffc77  x1=0xfffffac4
       14305000	      1429	80000af8	024a6263	bltu	x20,x4,80000b1c	 x20:0x00000000  x4:0x00000001
       14315000	      1430	00000000	00000013	addi	x0,x0,0	  x0:0x00000000
       14325000	      1431	80000b18	00000013	addi	x0,x0,0	  x0:0x00000000
       14335000	      1432	80000b1c	c5be8497	auipc	x9,0xc5be8	  x9=0x45be8b18
       14345000	      1433	80000b20	01458a63	beq	x11,x20,80000b34	 x11:0xfffffe97 x20:0x00000000
       14355000	      1434	80000b24	9b5bbe13	sltiu	x28,x23,-1611	 x23:0x7d5a1a34 x28=0x00000001
       14365000	      1435	80000b28	005a1463	bne	x20,x5,80000b30	 x20:0x00000000  x5:0x7f16c434
       14375000	      1436	00000000	00000013	addi	x0,x0,0	  x0:0x00000000
       14385000	      1437	80000b2c	00000013	addi	x0,x0,0	  x0:0x00000000
       14395000	      1438	80000b30	d5a57193	andi	x3,x10,-678	 x10:0x00000000  x3=0x00000000
       14405000	      1439	80000b34	011b5c63	bge	x22,x17,80000b4c	 x22:0xa45eaa70 x17:0x80009f84
       14415000	      1440	00000000	00000013	addi	x0,x0,0	  x0:0x00000000
       14425000	      1441	80000b48	00000013	addi	x0,x0,0	  x0:0x00000000
       14435000	      1442	80000b4c	01a460b3	or	x1,x8,x26	  x8:0x000004a7 x26:0x00000001  x1=0x000004a7
       14445000	      1443	80000b50	41d05f13	srai	x30,x0,0x1d	  x0:0x00000000 x30=0x00000000
       14455000	      1444	80000b54	01dbf233	and	x4,x23,x29	 x23:0x7d5a1a34 x29:0xff1763b8  x4=0x7d120230
       14465000	      1445	80000b58	f858ae17	auipc	x28,0xf858a	 x28=0x7858ab54
       14475000	      1446	80000b5c	c5645db7	lui	x27,0xc5645	 x27=0xc5645000
       14485000	      1447	80000b60	23edf293	andi	x5,x27,574	 x27:0xc5645000  x5=0x00000000
       14495000	      1448	80000b64	02996263	bltu	x18,x9,80000b88	 x18:0x07f16c43  x9:0x45be8b18
       14505000	      1449	00000000	00000013	addi	x0,x0,0	  x0:0x00000000
       14515000	      1450	80000b84	00000013	addi	x0,x0,0	  x0:0x00000000
       14525000	      1451	80000b88	41658333	sub	x6,x11,x22	 x11:0xfffffe97 x22:0xa45eaa70  x6=0x5ba15427
       14535000	      1452	80000b8c	24ca2513	slti	x10,x20,588	 x20:0x00000000 x10=0x00000001
       14545000	      1453	80000b90	01931eb3	sll	x29,x6,x25	  x6:0x5ba15427 x25:0x80000eff x29=0x80000000
       14555000	      1454	80000b94	68b90493	addi	x9,x18,1675	 x18:0x07f16c43  x9=0x07f172ce
       14565000	      1455	80000b98	007f45b3	xor	x11,x30,x7	 x30:0x00000000  x7:0x80009fc4 x11=0x80009fc4
       14575000	      1456	80000b9c	c80cce37	lui	x28,0xc80cc	 x28=0xc80cc000
       14585000	      1457	80000ba0	bf024e13	xori	x28,x4,-1040	  x4:0x7d120230 x28=0x82edf9c0
       14595000	      1458	80000ba4	01c8b133	sltu	x2,x17,x28	 x17:0x80009f84 x28:0x82edf9c0  x2=0x00000001
       14605000	      1459	80000ba8	ff4adc97	auipc	x25,0xff4ad	 x25=0x7f4adba4
       14615000	      1460	80000bac	71b3cb93	xori	x23,x7,1819	  x7:0x80009fc4 x23=0x800098df
       14625000	      1461	80000bb0	02667863	bgeu	x12,x6,80000be0	 x12:0xfffffffe  x6:0x5ba15427
       14635000	      1462	00000000	00000013	addi	x0,x0,0	  x0:0x00000000
       14645000	      1463	80000bdc	00000013	addi	x0,x0,0	  x0:0x00000000
       14655000	      1464	80000be0	f67c55b7	lui	x11,0xf67c5	 x11=0xf67c5000
       14665000	      1465	80000be4	0100e033	or	x0,x1,x16	  x1:0x000004a7 x16:0xf081c92b
       14675000	      1466	80000be8	00000013	addi	x0,x0,0	  x0:0x00000000
       14685000	      1467	80000bec	aaf34513	xori	x10,x6,-1361	  x6:0x5ba15427 x10=0xa45eae88
       14695000	      1468	80000bf0	839a9997	auipc	x19,0x839a9	 x19=0x039a9bec
       14705000	      1469	80000bf4	415984b3	sub	x9,x19,x21	 x19:0x039a9bec x21:0xfffffc77  x9=0x039a9f75
       14715000	      1470	80000bf8	7c34ac37	lui	x24,0x7c34a	 x24=0x7c34a000
       14725000	      1471	80000bfc	00732f33	slt	x30,x6,x7	  x6:0x5ba15427  x7:0x80009fc4 x30=0x00000000
       14735000	      1472	80000c00	03064263	blt	x12,x16,80000c24	 x12:0xfffffffe x16:0xf081c92b
       14745000	      1473	80000c04	0113d093	srli	x1,x7,0x11	  x7:0x80009fc4  x1=0x00004000
       14755000	      1474	80000c08	c657c213	xori	x4,x15,-923	 x15:0x0009fc40  x4=0xfff60025
       14765000	      1475	80000c0c	c934c913	xori	x18,x9,-877	  x9:0x039a9f75 x18=0xfc6563e6
       14775000	      1476	80000c10	66d4b213	sltiu	x4,x9,1645	  x9:0x039a9f75  x4=0x00000000
       14785000	      1477	80000c14	8d7e4d13	xori	x26,x28,-1833	 x28:0x82edf9c0 x26=0x7d120117
       14795000	      1478	80000c18	7d31ee13	ori	x28,x3,2003	  x3:0x00000000 x28=0x000007d3
       14805000	      1479	80000c1c	01535133	srl	x2,x6,x21	  x6:0x5ba15427 x21:0xfffffc77  x2=0x000000b7
       14815000	      1480	80000c20	411652b3	sra	x5,x12,x17	 x12:0xfffffffe x17:0x80009f84  x5=0xffffffff
       14825000	      1481	80000c24	0312cf13	xori	x30,x5,49	  x5:0xffffffff x30=0xffffffce
       14835000	      1482	80000c28	41f303b3	sub	x7,x6,x31	  x6:0x5ba15427 x31:0x80009fc4  x7=0xdba0b463
       14845000	      1483	80000c2c	00731c63	bne	x6,x7,80000c44	  x6:0x5ba15427  x7:0xdba0b463
       14855000	      1484	00000000	00000013	addi	x0,x0,0	  x0:0x00000000
       14865000	      1485	80000c40	00000013	addi	x0,x0,0	  x0:0x00000000
       14875000	      1486	80000c44	3177d237	lui	x4,0x3177d	  x4=0x3177d000
       14885000	      1487	80000c48	00d16e63	bltu	x2,x13,80000c64	  x2:0x000000b7 x13:0xff16c310
       14895000	      1488	00000000	00000013	addi	x0,x0,0	  x0:0x00000000
       14905000	      1489	80000c60	00000013	addi	x0,x0,0	  x0:0x00000000
       14915000	      1490	80000c64	408f5493	srai	x9,x30,0x8	 x30:0xffffffce  x9=0xffffffff
       14925000	      1491	80000c68	006f5663	bge	x30,x6,80000c74	 x30:0xffffffce  x6:0x5ba15427
       14935000	      1492	80000c6c	e2617493	andi	x9,x2,-474	  x2:0x000000b7  x9=0x00000026
       14945000	      1493	80000c70	015d82b3	add	x5,x27,x21	 x27:0xc5645000 x21:0xfffffc77  x5=0xc5644c77
       14955000	      1494	80000c74	05d39863	bne	x7,x29,80000cc4	  x7:0xdba0b463 x29:0x80000000
       14965000	      1495	00000000	00000013	addi	x0,x0,0	  x0:0x00000000
       14975000	      1496	80000cc0	00000013	addi	x0,x0,0	  x0:0x00000000
       14985000	      1497	80000cc4	400f8133	sub	x2,x31,x0	 x31:0x80009fc4  x0:0x00000000  x2=0x80009fc4
       14995000	      1498	80000cc8	41a752b3	sra	x5,x14,x26	 x14:0x00000000 x26:0x7d120117  x5=0x00000000
       15005000	      1499	80000ccc	41d35793	srai	x15,x6,0x1d	  x6:0x5ba15427 x15=0x00000002
       15015000	      1500	80000cd0	41e450b3	sra	x1,x8,x30	  x8:0x000004a7 x30:0xffffffce  x1=0x00000000
       15025000	      1501	80000cd4	03227e63	bgeu	x4,x18,80000d10	  x4:0x3177d000 x18:0xfc6563e6
       15035000	      1502	80000cd8	f4698493	addi	x9,x19,-186	 x19:0x039a9bec  x9=0x039a9b32
       15045000	      1503	80000cdc	13c72113	slti	x2,x14,316	 x14:0x00000000  x2=0x00000001
       15055000	      1504	80000ce0	04d19263	bne	x3,x13,80000d24	  x3:0x00000000 x13:0xff16c310
       15065000	      1505	00000000	00000013	addi	x0,x0,0	  x0:0x00000000
       15075000	      1506	80000d20	00000013	addi	x0,x0,0	  x0:0x00000000
       15085000	      1507	80000d24	00729113	slli	x2,x5,0x7	  x5:0x00000000  x2=0x00000000
       15095000	      1508	80000d28	40e5da33	sra	x20,x11,x14	 x11:0xf67c5000 x14:0x00000000 x20=0xf67c5000
       15105000	      1509	80000d2c	00c86cb3	or	x25,x16,x12	 x16:0xf081c92b x12:0xfffffffe x25=0xffffffff
       15115000	      1510	80000d30	67160113	addi	x2,x12,1649	 x12:0xfffffffe  x2=0x0000066f
       15125000	      1511	80000d34	0076b933	sltu	x18,x13,x7	 x13:0xff16c310  x7:0xdba0b463 x18=0x00000000
       15135000	      1512	80000d38	00fa5393	srli	x7,x20,0xf	 x20:0xf67c5000  x7=0x0001ecf8
       15145000	      1513	80000d3c	030eca63	blt	x29,x16,80000d70	 x29:0x80000000 x16:0xf081c92b
       15155000	      1514	00000000	00000013	addi	x0,x0,0	  x0:0x00000000
       15165000	      1515	80000d6c	00000013	addi	x0,x0,0	  x0:0x00000000
       15175000	      1516	80000d70	4066d3b3	sra	x7,x13,x6	 x13:0xff16c310  x6:0x5ba15427  x7=0xfffe2d86
       15185000	      1517	80000d74	e2b3f293	andi	x5,x7,-469	  x7:0xfffe2d86  x5=0xfffe2c02
       15195000	      1518	80000d78	00000013	addi	x0,x0,0	  x0:0x00000000
       15205000	      1519	80000d7c	003f7263	bgeu	x30,x3,80000d80	 x30:0xffffffce  x3:0x00000000
       15215000	      1520	00000000	00000013	addi	x0,x0,0	  x0:0x00000000
       15225000	      1521	80000d7c	00000013	addi	x0,x0,0	  x0:0x00000000
       15235000	      1522	80000d80	413889b3	sub	x19,x17,x19	 x17:0x80009f84 x19:0x039a9bec x19=0x7c660398
       15245000	      1523	80000d84	01d59713	slli	x14,x11,0x1d	 x11:0xf67c5000 x14=0x00000000
       15255000	      1524	80000d88	005c9a13	slli	x20,x25,0x5	 x25:0xffffffff x20=0xffffffe0
       15265000	      1525	80000d8c	0174f863	bgeu	x9,x23,80000d9c	  x9:0x039a9b32 x23:0x800098df
       15275000	      1526	80000d90	04b7e863	bltu	x15,x11,80000de0	 x15:0x00000002 x11:0xf67c5000
       15285000	      1527	00000000	00000013	addi	x0,x0,0	  x0:0x00000000
       15295000	      1528	80000ddc	00000013	addi	x0,x0,0	  x0:0x00000000
       15305000	      1529	80000de0	40f452b3	sra	x5,x8,x15	  x8:0x000004a7 x15:0x00000002  x5=0x00000129
       15315000	      1530	80000de4	01bb5ab3	srl	x21,x22,x27	 x22:0xa45eaa70 x27:0xc5645000 x21=0xa45eaa70
       15325000	      1531	80000de8	42804293	xori	x5,x0,1064	  x0:0x00000000  x5=0x00000428
       15335000	      1532	80000dec	0253ea63	bltu	x7,x5,80000e20	  x7:0xfffe2d86  x5:0x00000428
       15345000	      1533	80000df0	01025b13	srli	x22,x4,0x10	  x4:0x3177d000 x22=0x00003177
       15355000	      1534	80000df4	00d28233	add	x4,x5,x13	  x5:0x00000428 x13:0xff16c310  x4=0xff16c738
       15365000	      1535	80000df8	00000013	addi	x0,x0,0	  x0:0x00000000
       15375000	      1536	80000dfc	22342a93	slti	x21,x8,547	  x8:0x000004a7 x21=0x00000000
       15385000	      1537	80000e00	01086eb3	or	x29,x16,x16	 x16:0xf081c92b x16:0xf081c92b x29=0xf081c92b
       15395000	      1538	80000e04	61b8c993	xori	x19,x17,1563	 x17:0x80009f84 x19=0x8000999f
       15405000	      1539	80000e08	97232e93	slti	x29,x6,-1678	  x6:0x5ba15427 x29=0x00000000
       15415000	      1540	80000e0c	0120ec33	or	x24,x1,x18	  x1:0x00000000 x18:0x00000000 x24=0x00000000
       15425000	      1541	80000e10	017e1f33	sll	x30,x28,x23	 x28:0x000007d3 x23:0x800098df x30=0x80000000
       15435000	      1542	80000e14	c4ac7213	andi	x4,x24,-950	 x24:0x00000000  x4=0x00000000
       15445000	      1543	80000e18	cde4f097	auipc	x1,0xcde4f	  x1=0x4de4fe14
       15455000	      1544	80000e1c	53cbe213	ori	x4,x23,1340	 x23:0x800098df  x4=0x80009dff
       15465000	      1545	80000e20	017f5c13	srli	x24,x30,0x17	 x30:0x80000000 x24=0x00000100
       15475000	      1546	80000e24	04f48863	beq	x9,x15,80000e74	  x9:0x039a9b32 x15:0x00000002
       15485000	      1547	80000e28	e7f46813	ori	x16,x8,-385	  x8:0x000004a7 x16=0xfffffeff
       15495000	      1548	80000e2c	014dc033	xor	x0,x27,x20	 x27:0xc5645000 x20:0xffffffe0
       15505000	      1549	80000e30	bf65c993	xori	x19,x11,-1034	 x11:0xf67c5000 x19=0x0983abf6
       15515000	      1550	80000e34	402c5833	sra	x16,x24,x2	 x24:0x00000100  x2:0x0000066f x16=0x00000000
       15525000	      1551	80000e38	00cd9493	slli	x9,x27,0xc	 x27:0xc5645000  x9=0x45000000
       15535000	      1552	80000e3c	4196d933	sra	x18,x13,x25	 x13:0xff16c310 x25:0xffffffff x18=0xffffffff
       15545000	      1553	80000e40	08a1be13	sltiu	x28,x3,138	  x3:0x00000000 x28=0x00000001
       15555000	      1554	80000e44	ee930f37	lui	x30,0xee930	 x30=0xee930000
       15565000	      1555	80000e48	016ced33	or	x26,x25,x22	 x25:0xffffffff x22:0x00003177 x26=0xffffffff
       15575000	      1556	80000e4c	02c1e263	bltu	x3,x12,80000e70	  x3:0x00000000 x12:0xfffffffe
       15585000	      1557	00000000	00000013	addi	x0,x0,0	  x0:0x00000000
       15595000	      1558	80000e6c	00000013	addi	x0,x0,0	  x0:0x00000000
       15605000	      1559	80000e70	01d2c1b3	xor	x3,x5,x29	  x5:0x00000428 x29:0x00000000  x3=0x00000428
       15615000	      1560	80000e74	01ac55b3	srl	x11,x24,x26	 x24:0x00000100 x26:0xffffffff x11=0x00000000
       15625000	      1561	80000e78	00cd4333	xor	x6,x26,x12	 x26:0xffffffff x12:0xfffffffe  x6=0x00000001
       15635000	      1562	80000e7c	40fb5513	srai	x10,x22,0xf	 x22:0x00003177 x10=0x00000000
       15645000	      1563	80000e80	04e17e63	bgeu	x2,x14,80000edc	  x2:0x0000066f x14:0x00000000
       15655000	      1564	00000000	00000013	addi	x0,x0,0	  x0:0x00000000
       15665000	      1565	80000ed8	00000013	addi	x0,x0,0	  x0:0x00000000
       15675000	      1566	80000edc	416e8f33	sub	x30,x29,x22	 x29:0x00000000 x22:0x00003177 x30=0xffffce89
       15685000	      1567	80000ee0	00955733	srl	x14,x10,x9	 x10:0x00000000  x9:0x45000000 x14=0x00000000
       15695000	      1568	80000ee4	0021ea13	ori	x20,x3,2	  x3:0x00000428 x20=0x0000042a
       15705000	      1569	80000ee8	014c73b3	and	x7,x24,x20	 x24:0x00000100 x20:0x0000042a  x7=0x00000000
       15715000	      1570	80000eec	974cc617	auipc	x12,0x974cc	 x12=0x174ccee8
       15725000	      1571	80000ef0	007732b3	sltu	x5,x14,x7	 x14:0x00000000  x7:0x00000000  x5=0x00000000
       15735000	      1572	80000ef4	415bddb3	sra	x27,x23,x21	 x23:0x800098df x21:0x00000000 x27=0x800098df
       15745000	      1573	80000ef8	f2940f13	addi	x30,x8,-215	  x8:0x000004a7 x30=0x000003d0
       15755000	      1574	80000efc	015e5213	srli	x4,x28,0x15	 x28:0x00000001  x4=0x00000000
       15765000	      1575	80000f00	03f67a63	bgeu	x12,x31,80000f34	 x12:0x174ccee8 x31:0x80009fc4
       15775000	      1576	80000f04	02377913	andi	x18,x14,35	 x14:0x00000000 x18=0x00000000
       15785000	      1577	80000f08	00619a63	bne	x3,x6,80000f1c	  x3:0x00000428  x6:0x00000001
       15795000	      1578	00000000	00000013	addi	x0,x0,0	  x0:0x00000000
       15805000	      1579	80000f18	00000013	addi	x0,x0,0	  x0:0x00000000
       15815000	      1580	80000f1c	007bdc63	bge	x23,x7,80000f34	 x23:0x800098df  x7:0x00000000
       15825000	      1581	80000f20	76b1e713	ori	x14,x3,1899	  x3:0x00000428 x14=0x0000076b
       15835000	      1582	80000f24	018dc433	xor	x8,x27,x24	 x27:0x800098df x24:0x00000100  x8=0x800099df
       15845000	      1583	80000f28	00ba5463	bge	x20,x11,80000f30	 x20:0x0000042a x11:0x00000000
       15855000	      1584	00000000	00000013	addi	x0,x0,0	  x0:0x00000000
       15865000	      1585	80000f2c	00000013	addi	x0,x0,0	  x0:0x00000000
       15875000	      1586	80000f30	005297b3	sll	x15,x5,x5	  x5:0x00000000  x5:0x00000000 x15=0x00000000
       15885000	      1587	80000f34	053e5263	bge	x28,x19,80000f78	 x28:0x00000001 x19:0x0983abf6
       15895000	      1588	80000f38	00fedc33	srl	x24,x29,x15	 x29:0x00000000 x15:0x00000000 x24=0x00000000
       15905000	      1589	80000f3c	01db4a63	blt	x22,x29,80000f50	 x22:0x00003177 x29:0x00000000
       15915000	      1590	80000f40	b332f613	andi	x12,x5,-1229	  x5:0x00000000 x12=0x00000000
       15925000	      1591	80000f44	dd441a17	auipc	x20,0xdd441	 x20=0x5d441f40
       15935000	      1592	80000f48	00755d33	srl	x26,x10,x7	 x10:0x00000000  x7:0x00000000 x26=0x00000000
       15945000	      1593	80000f4c	4e794a93	xori	x21,x18,1255	 x18:0x00000000 x21=0x000004e7
       15955000	      1594	80000f50	ea97c417	auipc	x8,0xea97c	  x8=0x6a97cf4c
       15965000	      1595	80000f54	00000013	addi	x0,x0,0	  x0:0x00000000
       15975000	      1596	80000f58	5e17f213	andi	x4,x15,1505	 x15:0x00000000  x4=0x00000000
       15985000	      1597	80000f5c	001a6a33	or	x20,x20,x1	 x20:0x5d441f40  x1:0x4de4fe14 x20=0x5de4ff54
       15995000	      1598	80000f60	01eb27b3	slt	x15,x22,x30	 x22:0x00003177 x30:0x000003d0 x15=0x00000000
       16005000	      1599	80000f64	005aca33	xor	x20,x21,x5	 x21:0x000004e7  x5:0x00000000 x20=0x000004e7
       16015000	      1600	80000f68	01e52b33	slt	x22,x10,x30	 x10:0x00000000 x30:0x000003d0 x22=0x00000001
       16025000	      1601	80000f6c	006bee33	or	x28,x23,x6	 x23:0x800098df  x6:0x00000001 x28=0x800098df
       16035000	      1602	80000f70	00fc37b3	sltu	x15,x24,x15	 x24:0x00000000 x15:0x00000000 x15=0x00000000
       16045000	      1603	80000f74	0154c533	xor	x10,x9,x21	  x9:0x45000000 x21:0x000004e7 x10=0x450004e7
       16055000	      1604	80000f78	00ed1233	sll	x4,x26,x14	 x26:0x00000000 x14:0x0000076b  x4=0x00000000
       16065000	      1605	80000f7c	015b1333	sll	x6,x22,x21	 x22:0x00000001 x21:0x000004e7  x6=0x00000080
       16075000	      1606	80000f80	413ed633	sra	x12,x29,x19	 x29:0x00000000 x19:0x0983abf6 x12=0x00000000
       16085000	      1607	80000f84	011b85b3	add	x11,x23,x17	 x23:0x800098df x17:0x80009f84 x11=0x00013863
       16095000	      1608	80000f88	41928cb3	sub	x25,x5,x25	  x5:0x00000000 x25:0xffffffff x25=0x00000001
       16105000	      1609	80000f8c	02314063	blt	x2,x3,80000fac	  x2:0x0000066f  x3:0x00000428
       16115000	      1610	80000f90	b5b070b7	lui	x1,0xb5b07	  x1=0xb5b07000
       16125000	      1611	80000f94	01116db3	or	x27,x2,x17	  x2:0x0000066f x17:0x80009f84 x27=0x80009fef
       16135000	      1612	80000f98	6162b513	sltiu	x10,x5,1558	  x5:0x00000000 x10=0x00000001
       16145000	      1613	80000f9c	014f0033	add	x0,x30,x20	 x30:0x000003d0 x20:0x000004e7
       16155000	      1614	80000fa0	017dd733	srl	x14,x27,x23	 x27:0x80009fef x23:0x800098df x14=0x00000001
       16165000	      1615	80000fa4	bde62e93	slti	x29,x12,-1058	 x12:0x00000000 x29=0x00000000
       16175000	      1616	80000fa8	02c44463	blt	x8,x12,80000fd0	  x8:0x6a97cf4c x12:0x00000000
       16185000	      1617	80000fac	04f05263	bge	x0,x15,80000ff0	  x0:0x00000000 x15:0x00000000
       16195000	      1618	00000000	00000013	addi	x0,x0,0	  x0:0x00000000
       16205000	      1619	80000fec	00000013	addi	x0,x0,0	  x0:0x00000000
       16215000	      1620	80000ff0	02f57e63	bgeu	x10,x15,8000102c	 x10:0x00000001 x15:0x00000000
       16225000	      1621	00000000	00000013	addi	x0,x0,0	  x0:0x00000000
       16235000	      1622	80001028	00000013	addi	x0,x0,0	  x0:0x00000000
       16245000	      1623	8000102c	0141f833	and	x16,x3,x20	  x3:0x00000428 x20:0x000004e7 x16=0x00000420
       16255000	      1624	80001030	41c55793	srai	x15,x10,0x1c	 x10:0x00000001 x15=0x00000000
       16265000	      1625	80001034	59a82113	slti	x2,x16,1434	 x16:0x00000420  x2=0x00000001
       16275000	      1626	80001038	415ed3b3	sra	x7,x29,x21	 x29:0x00000000 x21:0x000004e7  x7=0x00000000
       16285000	      1627	8000103c	02148263	beq	x9,x1,80001060	  x9:0x45000000  x1:0xb5b07000
       16295000	      1628	80001040	017d1e63	bne	x26,x23,8000105c	 x26:0x00000000 x23:0x800098df
       16305000	      1629	00000000	00000013	addi	x0,x0,0	  x0:0x00000000
       16315000	      1630	80001058	00000013	addi	x0,x0,0	  x0:0x00000000
       16325000	      1631	8000105c	81012d37	lui	x26,0x81012	 x26=0x81012000
       16335000	      1632	80001060	41810833	sub	x16,x2,x24	  x2:0x00000001 x24:0x00000000 x16=0x00000001
       16345000	      1633	80001064	474cfa13	andi	x20,x25,1140	 x25:0x00000001 x20=0x00000000
       16355000	      1634	80001068	01b85e13	srli	x28,x16,0x1b	 x16:0x00000001 x28=0x00000000
       16365000	      1635	8000106c	3e302e13	slti	x28,x0,995	  x0:0x00000000 x28=0x00000001
       16375000	      1636	80001070	01239233	sll	x4,x7,x18	  x7:0x00000000 x18:0x00000000  x4=0x00000000
       16385000	      1637	80001074	0041da13	srli	x20,x3,0x4	  x3:0x00000428 x20=0x00000042
       16395000	      1638	80001078	f4ac7013	andi	x0,x24,-182	 x24:0x00000000
       16405000	      1639	8000107c	4fe5e213	ori	x4,x11,1278	 x11:0x00013863  x4=0x00013cff
       16415000	      1640	80001080	01f19933	sll	x18,x3,x31	  x3:0x00000428 x31:0x80009fc4 x18=0x00004280
       16425000	      1641	80001084	fbc96b93	ori	x23,x18,-68	 x18:0x00004280 x23=0xffffffbc
       16435000	      1642	80001088	d1514293	xori	x5,x2,-747	  x2:0x00000001  x5=0xfffffd14
       16445000	      1643	8000108c	40e480b3	sub	x1,x9,x14	  x9:0x45000000 x14:0x00000001  x1=0x44ffffff
       16455000	      1644	80001090	d14b4413	xori	x8,x22,-748	 x22:0x00000001  x8=0xfffffd15
       16465000	      1645	80001094	09407e63	bgeu	x0,x20,80001130	  x0:0x00000000 x20:0x00000042
       16475000	      1646	80001098	00000013	addi	x0,x0,0	  x0:0x00000000
       16485000	      1647	8000109c	0480036f	jal	x6,8000109c	  x6=0x8000109c
       16495000	      1648	00000000	00000013	addi	x0,x0,0	  x0:0x00000000
       16505000	      1649	800010e0	00000013	addi	x0,x0,0	  x0:0x00000000
       16515000	      1650	800010e4	fc1ff36f	jal	x6,800010e4	  x6=0x800010e4
       16525000	      1651	00000000	00000013	addi	x0,x0,0	  x0:0x00000000
       16535000	      1652	800010a0	00000013	addi	x0,x0,0	  x0:0x00000000
       16545000	      1653	800010a4	03c000ef	jal	x1,800010a4	  x1=0x800010a4
       16555000	      1654	00000000	00000013	addi	x0,x0,0	  x0:0x00000000
       16565000	      1655	800010dc	00000013	addi	x0,x0,0	  x0:0x00000000
       16575000	      1656	800010e0	fe1ff1ef	jal	x3,800010e0	  x3=0x800010e0
       16585000	      1657	00000000	00000013	addi	x0,x0,0	  x0:0x00000000
       16595000	      1658	800010bc	00000013	addi	x0,x0,0	  x0:0x00000000
       16605000	      1659	800010c0	0180036f	jal	x6,800010c0	  x6=0x800010c0
       16615000	      1660	00000000	00000013	addi	x0,x0,0	  x0:0x00000000
       16625000	      1661	800010d4	00000013	addi	x0,x0,0	  x0:0x00000000
       16635000	      1662	800010d8	fd5ff0ef	jal	x1,800010d8	  x1=0x800010d8
       16645000	      1663	00000000	00000013	addi	x0,x0,0	  x0:0x00000000
       16655000	      1664	800010a8	00000013	addi	x0,x0,0	  x0:0x00000000
       16665000	      1665	800010ac	020000ef	jal	x1,800010ac	  x1=0x800010ac
       16675000	      1666	00000000	00000013	addi	x0,x0,0	  x0:0x00000000
       16685000	      1667	800010c8	00000013	addi	x0,x0,0	  x0:0x00000000
       16695000	      1668	800010cc	ff1ff0ef	jal	x1,800010cc	  x1=0x800010cc
       16705000	      1669	00000000	00000013	addi	x0,x0,0	  x0:0x00000000
       16715000	      1670	800010b8	00000013	addi	x0,x0,0	  x0:0x00000000
       16725000	      1671	800010bc	008000ef	jal	x1,800010bc	  x1=0x800010bc
       16735000	      1672	00000000	00000013	addi	x0,x0,0	  x0:0x00000000
       16745000	      1673	800010c0	00000013	addi	x0,x0,0	  x0:0x00000000
       16755000	      1674	800010c4	02c0036f	jal	x6,800010c4	  x6=0x800010c4
       16765000	      1675	00000000	00000013	addi	x0,x0,0	  x0:0x00000000
       16775000	      1676	800010ec	00000013	addi	x0,x0,0	  x0:0x00000000
       16785000	      1677	800010f0	fc1ff2ef	jal	x5,800010f0	  x5=0x800010f0
       16795000	      1678	00000000	00000013	addi	x0,x0,0	  x0:0x00000000
       16805000	      1679	800010ac	00000013	addi	x0,x0,0	  x0:0x00000000
       16815000	      1680	800010b0	05c000ef	jal	x1,800010b0	  x1=0x800010b0
       16825000	      1681	00000000	00000013	addi	x0,x0,0	  x0:0x00000000
       16835000	      1682	80001108	00000013	addi	x0,x0,0	  x0:0x00000000
       16845000	      1683	8000110c	fedff2ef	jal	x5,8000110c	  x5=0x8000110c
       16855000	      1684	00000000	00000013	addi	x0,x0,0	  x0:0x00000000
       16865000	      1685	800010f4	00000013	addi	x0,x0,0	  x0:0x00000000
       16875000	      1686	800010f8	ff1ff0ef	jal	x1,800010f8	  x1=0x800010f8
       16885000	      1687	00000000	00000013	addi	x0,x0,0	  x0:0x00000000
       16895000	      1688	800010e4	00000013	addi	x0,x0,0	  x0:0x00000000
       16905000	      1689	800010e8	fb9ff36f	jal	x6,800010e8	  x6=0x800010e8
       16915000	      1690	00000000	00000013	addi	x0,x0,0	  x0:0x00000000
       16925000	      1691	8000109c	00000013	addi	x0,x0,0	  x0:0x00000000
       16935000	      1692	800010a0	01400a6f	jal	x20,800010a0	 x20=0x800010a0
       16945000	      1693	00000000	00000013	addi	x0,x0,0	  x0:0x00000000
       16955000	      1694	800010b0	00000013	addi	x0,x0,0	  x0:0x00000000
       16965000	      1695	800010b4	054000ef	jal	x1,800010b4	  x1=0x800010b4
       16975000	      1696	00000000	00000013	addi	x0,x0,0	  x0:0x00000000
       16985000	      1697	80001104	00000013	addi	x0,x0,0	  x0:0x00000000
       16995000	      1698	80001108	fcdff3ef	jal	x7,80001108	  x7=0x80001108
       17005000	      1699	00000000	00000013	addi	x0,x0,0	  x0:0x00000000
       17015000	      1700	800010d0	00000013	addi	x0,x0,0	  x0:0x00000000
       17025000	      1701	800010d4	01800def	jal	x27,800010d4	 x27=0x800010d4
       17035000	      1702	00000000	00000013	addi	x0,x0,0	  x0:0x00000000
       17045000	      1703	800010e8	00000013	addi	x0,x0,0	  x0:0x00000000
       17055000	      1704	800010ec	fe5ff0ef	jal	x1,800010ec	  x1=0x800010ec
       17065000	      1705	00000000	00000013	addi	x0,x0,0	  x0:0x00000000
       17075000	      1706	800010cc	00000013	addi	x0,x0,0	  x0:0x00000000
       17085000	      1707	800010d0	00c002ef	jal	x5,800010d0	  x5=0x800010d0
       17095000	      1708	00000000	00000013	addi	x0,x0,0	  x0:0x00000000
       17105000	      1709	800010d8	00000013	addi	x0,x0,0	  x0:0x00000000
       17115000	      1710	800010dc	fddff36f	jal	x6,800010dc	  x6=0x800010dc
       17125000	      1711	00000000	00000013	addi	x0,x0,0	  x0:0x00000000
       17135000	      1712	800010b4	00000013	addi	x0,x0,0	  x0:0x00000000
       17145000	      1713	800010b8	03c0026f	jal	x4,800010b8	  x4=0x800010b8
       17155000	      1714	00000000	00000013	addi	x0,x0,0	  x0:0x00000000
       17165000	      1715	800010f0	00000013	addi	x0,x0,0	  x0:0x00000000
       17175000	      1716	800010f4	010000ef	jal	x1,800010f4	  x1=0x800010f4
       17185000	      1717	00000000	00000013	addi	x0,x0,0	  x0:0x00000000
       17195000	      1718	80001100	00000013	addi	x0,x0,0	  x0:0x00000000
       17205000	      1719	80001104	fa5ff36f	jal	x6,80001104	  x6=0x80001104
       17215000	      1720	00000000	00000013	addi	x0,x0,0	  x0:0x00000000
       17225000	      1721	800010a4	00000013	addi	x0,x0,0	  x0:0x00000000
       17235000	      1722	800010a8	058000ef	jal	x1,800010a8	  x1=0x800010a8
       17245000	      1723	00000000	00000013	addi	x0,x0,0	  x0:0x00000000
       17255000	      1724	800010fc	00000013	addi	x0,x0,0	  x0:0x00000000
       17265000	      1725	80001100	ffdff0ef	jal	x1,80001100	  x1=0x80001100
       17275000	      1726	00000000	00000013	addi	x0,x0,0	  x0:0x00000000
       17285000	      1727	800010f8	00000013	addi	x0,x0,0	  x0:0x00000000
       17295000	      1728	800010fc	fcdff2ef	jal	x5,800010fc	  x5=0x800010fc
       17305000	      1729	00000000	00000013	addi	x0,x0,0	  x0:0x00000000
       17315000	      1730	800010c4	00000013	addi	x0,x0,0	  x0:0x00000000
       17325000	      1731	800010c8	048000ef	jal	x1,800010c8	  x1=0x800010c8
       17335000	      1732	00000000	00000013	addi	x0,x0,0	  x0:0x00000000
       17345000	      1733	8000110c	00000013	addi	x0,x0,0	  x0:0x00000000
       17355000	      1734	80001110	00e91633	sll	x12,x18,x14	 x18:0x00004280 x14:0x00000001 x12=0x00008500
       17365000	      1735	80001114	01773ab3	sltu	x21,x14,x23	 x14:0x00000001 x23:0xffffffbc x21=0x00000001
       17375000	      1736	80001118	02d92913	slti	x18,x18,45	 x18:0x00004280 x18=0x00000000
       17385000	      1737	8000111c	88c00a37	lui	x20,0x88c00	 x20=0x88c00000
       17395000	      1738	80001120	bb034793	xori	x15,x6,-1104	  x6:0x80001104 x15=0x7fffeab4
       17405000	      1739	80001124	00e58f33	add	x30,x11,x14	 x11:0x00013863 x14:0x00000001 x30=0x00013864
       17415000	      1740	80001128	a5c01a37	lui	x20,0xa5c01	 x20=0xa5c01000
       17425000	      1741	8000112c	d6dfa493	slti	x9,x31,-659	 x31:0x80009fc4  x9=0x00000001
       17435000	      1742	80001130	01a7e933	or	x18,x15,x26	 x15:0x7fffeab4 x26:0x81012000 x18=0xffffeab4
       17445000	      1743	80001134	47c98313	addi	x6,x19,1148	 x19:0x0983abf6  x6=0x0983b072
       17455000	      1744	80001138	f6e00f37	lui	x30,0xf6e00	 x30=0xf6e00000
       17465000	      1745	8000113c	f2876593	ori	x11,x14,-216	 x14:0x00000001 x11=0xffffff29
       17475000	      1746	80001140	aa85c013	xori	x0,x11,-1368	 x11:0xffffff29
       17485000	      1747	80001144	d0206213	ori	x4,x0,-766	  x0:0x00000000  x4=0xfffffd02
       17495000	      1748	80001148	00da81b3	add	x3,x21,x13	 x21:0x00000001 x13:0xff16c310  x3=0xff16c311
       17505000	      1749	8000114c	019889b3	add	x19,x17,x25	 x17:0x80009f84 x25:0x00000001 x19=0x80009f85
       17515000	      1750	80001150	02bdf263	bgeu	x27,x11,80001174	 x27:0x800010d4 x11:0xffffff29
       17525000	      1751	80001154	41aed0b3	sra	x1,x29,x26	 x29:0x00000000 x26:0x81012000  x1=0x00000000
       17535000	      1752	80001158	ae79f397	auipc	x7,0xae79f	  x7=0x2e7a0154
       17545000	      1753	8000115c	01799013	slli	x0,x19,0x17	 x19:0x80009f85
       17555000	      1754	80001160	007883b3	add	x7,x17,x7	 x17:0x80009f84  x7:0x2e7a0154  x7=0xae7aa0d8
       17565000	      1755	80001164	01240c63	beq	x8,x18,8000117c	  x8:0xfffffd15 x18:0xffffeab4
       17575000	      1756	80001168	012a2f33	slt	x30,x20,x18	 x20:0xa5c01000 x18:0xffffeab4 x30=0x00000001
       17585000	      1757	8000116c	6b182293	slti	x5,x16,1713	 x16:0x00000001  x5=0x00000001
       17595000	      1758	80001170	a89a3013	sltiu	x0,x20,-1399	 x20:0xa5c01000
       17605000	      1759	80001174	82047337	lui	x6,0x82047	  x6=0x82047000
       17615000	      1760	80001178	00be1e93	slli	x29,x28,0xb	 x28:0x00000001 x29=0x00000800
       17625000	      1761	8000117c	04d7f263	bgeu	x15,x13,800011c0	 x15:0x7fffeab4 x13:0xff16c310
       17635000	      1762	80001180	419d5513	srai	x10,x26,0x19	 x26:0x81012000 x10=0xffffffc0
       17645000	      1763	80001184	94a5a713	slti	x14,x11,-1718	 x11:0xffffff29 x14=0x00000000
       17655000	      1764	80001188	00282133	slt	x2,x16,x2	 x16:0x00000001  x2:0x00000001  x2=0x00000000
       17665000	      1765	8000118c	01b84833	xor	x16,x16,x27	 x16:0x00000001 x27:0x800010d4 x16=0x800010d5
       17675000	      1766	80001190	40778433	sub	x8,x15,x7	 x15:0x7fffeab4  x7:0xae7aa0d8  x8=0xd18549dc
       17685000	      1767	80001194	402ad133	sra	x2,x21,x2	 x21:0x00000001  x2:0x00000000  x2=0x00000001
       17695000	      1768	80001198	055bf863	bgeu	x23,x21,800011e8	 x23:0xffffffbc x21:0x00000001
       17705000	      1769	00000000	00000013	addi	x0,x0,0	  x0:0x00000000
       17715000	      1770	800011e4	00000013	addi	x0,x0,0	  x0:0x00000000
       17725000	      1771	800011e8	747d2197	auipc	x3,0x747d2	  x3=0xf47d31e4
       17735000	      1772	800011ec	00000013	addi	x0,x0,0	  x0:0x00000000
       17745000	      1773	800011f0	40725bb3	sra	x23,x4,x7	  x4:0xfffffd02  x7:0xae7aa0d8 x23=0xffffffff
       17755000	      1774	800011f4	0382ca63	blt	x5,x24,80001228	  x5:0x00000001 x24:0x00000000
       17765000	      1775	800011f8	00885133	srl	x2,x16,x8	 x16:0x800010d5  x8:0xd18549dc  x2=0x00000008
       17775000	      1776	800011fc	005637b3	sltu	x15,x12,x5	 x12:0x00008500  x5:0x00000001 x15=0x00000000
       17785000	      1777	80001200	01b49313	slli	x6,x9,0x1b	  x9:0x00000001  x6=0x08000000
       17795000	      1778	80001204	5a3f8197	auipc	x3,0x5a3f8	  x3=0xda3f9200
       17805000	      1779	80001208	01dbc7b3	xor	x15,x23,x29	 x23:0xffffffff x29:0x00000800 x15=0xfffff7ff
       17815000	      1780	8000120c	0338da63	bge	x17,x19,80001240	 x17:0x80009f84 x19:0x80009f85
       17825000	      1781	80001210	03379663	bne	x15,x19,8000123c	 x15:0xfffff7ff x19:0x80009f85
       17835000	      1782	00000000	00000013	addi	x0,x0,0	  x0:0x00000000
       17845000	      1783	80001238	00000013	addi	x0,x0,0	  x0:0x00000000
       17855000	      1784	8000123c	05de5263	bge	x28,x29,80001280	 x28:0x00000001 x29:0x00000800
       17865000	      1785	80001240	0078ef33	or	x30,x17,x7	 x17:0x80009f84  x7:0xae7aa0d8 x30=0xae7abfdc
       17875000	      1786	80001244	01115813	srli	x16,x2,0x11	  x2:0x00000008 x16=0x00000000
       17885000	      1787	80001248	52892217	auipc	x4,0x52892	  x4=0xd2893244
       17895000	      1788	8000124c	a1617213	andi	x4,x2,-1514	  x2:0x00000008  x4=0x00000000
       17905000	      1789	80001250	002bca33	xor	x20,x23,x2	 x23:0xffffffff  x2:0x00000008 x20=0xfffffff7
       17915000	      1790	80001254	016177b3	and	x15,x2,x22	  x2:0x00000008 x22:0x00000001 x15=0x00000000
       17925000	      1791	80001258	01004c63	blt	x0,x16,80001270	  x0:0x00000000 x16:0x00000000
       17935000	      1792	8000125c	01bb20b3	slt	x1,x22,x27	 x22:0x00000001 x27:0x800010d4  x1=0x00000000
       17945000	      1793	80001260	33312993	slti	x19,x2,819	  x2:0x00000008 x19=0x00000001
       17955000	      1794	80001264	40695813	srai	x16,x18,0x6	 x18:0xffffeab4 x16=0xffffffaa
       17965000	      1795	80001268	017a1c93	slli	x25,x20,0x17	 x20:0xfffffff7 x25=0xfb800000
       17975000	      1796	8000126c	41fe87b3	sub	x15,x29,x31	 x29:0x00000800 x31:0x80009fc4 x15=0x7fff683c
       17985000	      1797	80001270	a1903c93	sltiu	x25,x0,-1511	  x0:0x00000000 x25=0x00000001
       17995000	      1798	80001274	00000013	addi	x0,x0,0	  x0:0x00000000
       18005000	      1799	80001278	01f59db3	sll	x27,x11,x31	 x11:0xffffff29 x31:0x80009fc4 x27=0xfffff290
       18015000	      1800	8000127c	03124263	blt	x4,x17,800012a0	  x4:0x00000000 x17:0x80009f84
       18025000	      1801	80001280	cc7fca13	xori	x20,x31,-825	 x31:0x80009fc4 x20=0x7fff6303
       18035000	      1802	80001284	01bc9233	sll	x4,x25,x27	 x25:0x00000001 x27:0xfffff290  x4=0x00010000
       18045000	      1803	80001288	d641c993	xori	x19,x3,-668	  x3:0xda3f9200 x19=0x25c06f64
       18055000	      1804	8000128c	01d89d13	slli	x26,x17,0x1d	 x17:0x80009f84 x26=0x80000000
       18065000	      1805	80001290	03508263	beq	x1,x21,800012b4	  x1:0x00000000 x21:0x00000001
       18075000	      1806	80001294	00000013	addi	x0,x0,0	  x0:0x00000000
       18085000	      1807	80001298	7821b593	sltiu	x11,x3,1922	  x3:0xda3f9200 x11=0x00000000
       18095000	      1808	8000129c	86f05e17	auipc	x28,0x86f05	 x28=0x06f06298
       18105000	      1809	800012a0	00000013	addi	x0,x0,0	  x0:0x00000000
       18115000	      1810	800012a4	03bff863	bgeu	x31,x27,800012d4	 x31:0x80009fc4 x27:0xfffff290
       18125000	      1811	800012a8	02529a63	bne	x5,x5,800012dc	  x5:0x00000001  x5:0x00000001
       18135000	      1812	800012ac	41935733	sra	x14,x6,x25	  x6:0x08000000 x25:0x00000001 x14=0x04000000
       18145000	      1813	800012b0	540f90b7	lui	x1,0x540f9	  x1=0x540f9000
       18155000	      1814	800012b4	27df2c13	slti	x24,x30,637	 x30:0xae7abfdc x24=0x00000001
       18165000	      1815	800012b8	00c66633	or	x12,x12,x12	 x12:0x00008500 x12:0x00008500 x12=0x00008500
       18175000	      1816	800012bc	0130d013	srli	x0,x1,0x13	  x1:0x540f9000
       18185000	      1817	800012c0	ba932e93	slti	x29,x6,-1111	  x6:0x08000000 x29=0x00000000
       18195000	      1818	800012c4	017e5393	srli	x7,x28,0x17	 x28:0x06f06298  x7=0x0000000d
       18205000	      1819	800012c8	01a29e13	slli	x28,x5,0x1a	  x5:0x00000001 x28=0x04000000
       18215000	      1820	800012cc	00f94a63	blt	x18,x15,800012e0	 x18:0xffffeab4 x15:0x7fff683c
       18225000	      1821	00000000	00000013	addi	x0,x0,0	  x0:0x00000000
       18235000	      1822	800012dc	00000013	addi	x0,x0,0	  x0:0x00000000
       18245000	      1823	800012e0	0162f1b3	and	x3,x5,x22	  x5:0x00000001 x22:0x00000001  x3=0x00000001
       18255000	      1824	800012e4	05ca4a93	xori	x21,x20,92	 x20:0x7fff6303 x21=0x7fff635f
       18265000	      1825	800012e8	76a6fe13	andi	x28,x13,1898	 x13:0xff16c310 x28=0x00000300
       18275000	      1826	800012ec	b5703297	auipc	x5,0xb5703	  x5=0x357042e8
       18285000	      1827	800012f0	000e9a33	sll	x20,x29,x0	 x29:0x00000000  x0:0x00000000 x20=0x00000000
       18295000	      1828	800012f4	7636f293	andi	x5,x13,1891	 x13:0xff16c310  x5=0x00000300
       18305000	      1829	800012f8	012cd233	srl	x4,x25,x18	 x25:0x00000001 x18:0xffffeab4  x4=0x00000000
       18315000	      1830	800012fc	01b65463	bge	x12,x27,80001304	 x12:0x00008500 x27:0xfffff290
       18325000	      1831	00000000	00000013	addi	x0,x0,0	  x0:0x00000000
       18335000	      1832	80001300	00000013	addi	x0,x0,0	  x0:0x00000000
       18345000	      1833	80001304	0032ca63	blt	x5,x3,80001318	  x5:0x00000300  x3:0x00000001
       18355000	      1834	80001308	058f4263	blt	x30,x24,8000134c	 x30:0xae7abfdc x24:0x00000001
       18365000	      1835	00000000	00000013	addi	x0,x0,0	  x0:0x00000000
       18375000	      1836	80001348	00000013	addi	x0,x0,0	  x0:0x00000000
       18385000	      1837	8000134c	41640233	sub	x4,x8,x22	  x8:0xd18549dc x22:0x00000001  x4=0xd18549db
       18395000	      1838	80001350	407f8233	sub	x4,x31,x7	 x31:0x80009fc4  x7:0x0000000d  x4=0x80009fb7
       18405000	      1839	80001354	71d12613	slti	x12,x2,1821	  x2:0x00000008 x12=0x00000001
       18415000	      1840	80001358	417d8d33	sub	x26,x27,x23	 x27:0xfffff290 x23:0xffffffff x26=0xfffff291
       18425000	      1841	8000135c	1973b213	sltiu	x4,x7,407	  x7:0x0000000d  x4=0x00000001
       18435000	      1842	80001360	003f1913	slli	x18,x30,0x3	 x30:0xae7abfdc x18=0x73d5fee0
       18445000	      1843	80001364	01d4d3b3	srl	x7,x9,x29	  x9:0x00000001 x29:0x00000000  x7=0x00000001
       18455000	      1844	80001368	ca196293	ori	x5,x18,-863	 x18:0x73d5fee0  x5=0xfffffee1
       18465000	      1845	8000136c	95a1c413	xori	x8,x3,-1702	  x3:0x00000001  x8=0xfffff95b
       18475000	      1846	80001370	00917863	bgeu	x2,x9,80001380	  x2:0x00000008  x9:0x00000001
       18485000	      1847	00000000	00000013	addi	x0,x0,0	  x0:0x00000000
       18495000	      1848	8000137c	00000013	addi	x0,x0,0	  x0:0x00000000
       18505000	      1849	80001380	016b9713	slli	x14,x23,0x16	 x23:0xffffffff x14=0xffc00000
       18515000	      1850	80001384	40dcdb13	srai	x22,x25,0xd	 x25:0x00000001 x22=0x00000000
       18525000	      1851	80001388	9000a617	auipc	x12,0x9000a	 x12=0x1000b384
       18535000	      1852	8000138c	251bca93	xori	x21,x23,593	 x23:0xffffffff x21=0xfffffdae
       18545000	      1853	80001390	0029e2b3	or	x5,x19,x2	 x19:0x25c06f64  x2:0x00000008  x5=0x25c06f6c
       18555000	      1854	80001394	015c5433	srl	x8,x24,x21	 x24:0x00000001 x21:0xfffffdae  x8=0x00000000
       18565000	      1855	80001398	01516cb3	or	x25,x2,x21	  x2:0x00000008 x21:0xfffffdae x25=0xfffffdae
       18575000	      1856	8000139c	008d3eb3	sltu	x29,x26,x8	 x26:0xfffff291  x8:0x00000000 x29=0x00000000
       18585000	      1857	800013a0	13e54c17	auipc	x24,0x13e54	 x24=0x93e5539c
       18595000	      1858	800013a4	41c3d313	srai	x6,x7,0x1c	  x7:0x00000001  x6=0x00000000
       18605000	      1859	800013a8	035bf063	bgeu	x23,x21,800013c8	 x23:0xffffffff x21:0xfffffdae
       18615000	      1860	00000000	00000013	addi	x0,x0,0	  x0:0x00000000
       18625000	      1861	800013c4	00000013	addi	x0,x0,0	  x0:0x00000000
       18635000	      1862	800013c8	403f5bb3	sra	x23,x30,x3	 x30:0xae7abfdc  x3:0x00000001 x23=0xd73d5fee
       18645000	      1863	800013cc	04414863	blt	x2,x4,8000141c	  x2:0x00000008  x4:0x00000001
       18655000	      1864	800013d0	405ad9b3	sra	x19,x21,x5	 x21:0xfffffdae  x5:0x25c06f6c x19=0xffffffff
       18665000	      1865	800013d4	018baa33	slt	x20,x23,x24	 x23:0xd73d5fee x24:0x93e5539c x20=0x00000000
       18675000	      1866	800013d8	0354c263	blt	x9,x21,800013fc	  x9:0x00000001 x21:0xfffffdae
       18685000	      1867	800013dc	03325263	bge	x4,x19,80001400	  x4:0x00000001 x19:0xffffffff
       18695000	      1868	00000000	00000013	addi	x0,x0,0	  x0:0x00000000
       18705000	      1869	800013fc	00000013	addi	x0,x0,0	  x0:0x00000000
       18715000	      1870	80001400	032fd263	bge	x31,x18,80001424	 x31:0x80009fc4 x18:0x73d5fee0
       18725000	      1871	80001404	01def133	and	x2,x29,x29	 x29:0x00000000 x29:0x00000000  x2=0x00000000
       18735000	      1872	80001408	010e7db3	and	x27,x28,x16	 x28:0x00000300 x16:0xffffffaa x27=0x00000300
       18745000	      1873	8000140c	01bcfc33	and	x24,x25,x27	 x25:0xfffffdae x27:0x00000300 x24=0x00000100
       18755000	      1874	80001410	035cee63	bltu	x25,x21,8000144c	 x25:0xfffffdae x21:0xfffffdae
       18765000	      1875	80001414	01aede33	srl	x28,x29,x26	 x29:0x00000000 x26:0xfffff291 x28=0x00000000
       18775000	      1876	80001418	40de5413	srai	x8,x28,0xd	 x28:0x00000000  x8=0x00000000
       18785000	      1877	8000141c	55032a93	slti	x21,x6,1360	  x6:0x00000000 x21=0x00000001
       18795000	      1878	80001420	00bd5533	srl	x10,x26,x11	 x26:0xfffff291 x11:0x00000000 x10=0xfffff291
       18805000	      1879	80001424	020b4c63	blt	x22,x0,8000145c	 x22:0x00000000  x0:0x00000000
       18815000	      1880	80001428	005e6cb3	or	x25,x28,x5	 x28:0x00000000  x5:0x25c06f6c x25=0x25c06f6c
       18825000	      1881	8000142c	00ac8c63	beq	x25,x10,80001444	 x25:0x25c06f6c x10:0xfffff291
       18835000	      1882	80001430	0050b7b3	sltu	x15,x1,x5	  x1:0x540f9000  x5:0x25c06f6c x15=0x00000000
       18845000	      1883	80001434	00b89793	slli	x15,x17,0xb	 x17:0x80009f84 x15=0x04fc2000
       18855000	      1884	80001438	e35d6e17	auipc	x28,0xe35d6	 x28=0x635d7434
       18865000	      1885	8000143c	032c1663	bne	x24,x18,80001468	 x24:0x00000100 x18:0x73d5fee0
       18875000	      1886	00000000	00000013	addi	x0,x0,0	  x0:0x00000000
       18885000	      1887	80001464	00000013	addi	x0,x0,0	  x0:0x00000000
       18895000	      1888	80001468	07d07463	bgeu	x0,x29,800014d0	  x0:0x00000000 x29:0x00000000
       18905000	      1889	00000000	00000013	addi	x0,x0,0	  x0:0x00000000
       18915000	      1890	800014cc	00000013	addi	x0,x0,0	  x0:0x00000000
       18925000	      1891	800014d0	b1ac3313	sltiu	x6,x24,-1254	 x24:0x00000100  x6=0x00000001
       18935000	      1892	800014d4	00def463	bgeu	x29,x13,800014dc	 x29:0x00000000 x13:0xff16c310
       18945000	      1893	800014d8	00d86b33	or	x22,x16,x13	 x16:0xffffffaa x13:0xff16c310 x22=0xffffffba
       18955000	      1894	800014dc	03891263	bne	x18,x24,80001500	 x18:0x73d5fee0 x24:0x00000100
       18965000	      1895	00000000	00000013	addi	x0,x0,0	  x0:0x00000000
       18975000	      1896	800014fc	00000013	addi	x0,x0,0	  x0:0x00000000
       18985000	      1897	80001500	03941863	bne	x8,x25,80001530	  x8:0x00000000 x25:0x25c06f6c
       18995000	      1898	00000000	00000013	addi	x0,x0,0	  x0:0x00000000
       19005000	      1899	8000152c	00000013	addi	x0,x0,0	  x0:0x00000000
       19015000	      1900	80001530	01098433	add	x8,x19,x16	 x19:0xffffffff x16:0xffffffaa  x8=0xffffffa9
       19025000	      1901	80001534	9bed2817	auipc	x16,0x9bed2	 x16=0x1bed3530
       19035000	      1902	80001538	c96a6513	ori	x10,x20,-874	 x20:0x00000000 x10=0xfffffc96
       19045000	      1903	8000153c	c4480b93	addi	x23,x16,-956	 x16:0x1bed3530 x23=0x1bed3174
       19055000	      1904	80001540	03da0663	beq	x20,x29,8000156c	 x20:0x00000000 x29:0x00000000
       19065000	      1905	00000000	00000013	addi	x0,x0,0	  x0:0x00000000
       19075000	      1906	80001568	00000013	addi	x0,x0,0	  x0:0x00000000
       19085000	      1907	8000156c	00af4a63	blt	x30,x10,80001580	 x30:0xae7abfdc x10:0xfffffc96
       19095000	      1908	00000000	00000013	addi	x0,x0,0	  x0:0x00000000
       19105000	      1909	8000157c	00000013	addi	x0,x0,0	  x0:0x00000000
       19115000	      1910	80001580	0177a633	slt	x12,x15,x23	 x15:0x04fc2000 x23:0x1bed3174 x12=0x00000001
       19125000	      1911	80001584	0030d313	srli	x6,x1,0x3	  x1:0x540f9000  x6=0x0a81f200
       19135000	      1912	80001588	00555a13	srli	x20,x10,0x5	 x10:0xfffffc96 x20=0x07ffffe4
       19145000	      1913	8000158c	00a65663	bge	x12,x10,80001598	 x12:0x00000001 x10:0xfffffc96
       19155000	      1914	00000000	00000013	addi	x0,x0,0	  x0:0x00000000
       19165000	      1915	80001594	00000013	addi	x0,x0,0	  x0:0x00000000
       19175000	      1916	80001598	4049d833	sra	x16,x19,x4	 x19:0xffffffff  x4:0x00000001 x16=0xffffffff
       19185000	      1917	8000159c	00000013	addi	x0,x0,0	  x0:0x00000000
       19195000	      1918	800015a0	00031ab3	sll	x21,x6,x0	  x6:0x0a81f200  x0:0x00000000 x21=0x0a81f200
       19205000	      1919	800015a4	00f367b3	or	x15,x6,x15	  x6:0x0a81f200 x15:0x04fc2000 x15=0x0efdf200
       19215000	      1920	800015a8	9c332a13	slti	x20,x6,-1597	  x6:0x0a81f200 x20=0x00000000
       19225000	      1921	800015ac	2879cc13	xori	x24,x19,647	 x19:0xffffffff x24=0xfffffd78
       19235000	      1922	800015b0	29a37e93	andi	x29,x6,666	  x6:0x0a81f200 x29=0x00000200
       19245000	      1923	800015b4	01953cb3	sltu	x25,x10,x25	 x10:0xfffffc96 x25:0x25c06f6c x25=0x00000000
       19255000	      1924	800015b8	64c44c13	xori	x24,x8,1612	  x8:0xffffffa9 x24=0xfffff9e5
       19265000	      1925	800015bc	0033af33	slt	x30,x7,x3	  x7:0x00000001  x3:0x00000001 x30=0x00000000
       19275000	      1926	800015c0	00af39b3	sltu	x19,x30,x10	 x30:0x00000000 x10:0xfffffc96 x19=0x00000001
       19285000	      1927	800015c4	59866293	ori	x5,x12,1432	 x12:0x00000001  x5=0x00000599
       19295000	      1928	800015c8	35db4a13	xori	x20,x22,861	 x22:0xffffffba x20=0xfffffce7
       19305000	      1929	800015cc	013df5b3	and	x11,x27,x19	 x27:0x00000300 x19:0x00000001 x11=0x00000000
       19315000	      1930	800015d0	016c04b3	add	x9,x24,x22	 x24:0xfffff9e5 x22:0xffffffba  x9=0xfffff99f
       19325000	      1931	800015d4	04b8f863	bgeu	x17,x11,80001624	 x17:0x80009f84 x11:0x00000000
       19335000	      1932	00000000	00000013	addi	x0,x0,0	  x0:0x00000000
       19345000	      1933	80001620	00000013	addi	x0,x0,0	  x0:0x00000000
       19355000	      1934	80001624	00d51e33	sll	x28,x10,x13	 x10:0xfffffc96 x13:0xff16c310 x28=0xfc960000
       19365000	      1935	80001628	03609463	bne	x1,x22,80001650	  x1:0x540f9000 x22:0xffffffba
       19375000	      1936	00000000	00000013	addi	x0,x0,0	  x0:0x00000000
       19385000	      1937	8000164c	00000013	addi	x0,x0,0	  x0:0x00000000
       19395000	      1938	80001650	b94edd17	auipc	x26,0xb94ed	 x26=0x394ee64c
       19405000	      1939	80001654	01996eb3	or	x29,x18,x25	 x18:0x73d5fee0 x25:0x00000000 x29=0x73d5fee0
       19415000	      1940	80001658	01b35c93	srli	x25,x6,0x1b	  x6:0x0a81f200 x25=0x00000001
       19425000	      1941	8000165c	011be2b3	or	x5,x23,x17	 x23:0x1bed3174 x17:0x80009f84  x5=0x9bedbff4
       19435000	      1942	80001660	3c316b93	ori	x23,x2,963	  x2:0x00000000 x23=0x000003c3
       19445000	      1943	80001664	2a418193	addi	x3,x3,676	  x3:0x00000001  x3=0x000002a5
       19455000	      1944	80001668	03dd6c63	bltu	x26,x29,800016a0	 x26:0x394ee64c x29:0x73d5fee0
       19465000	      1945	00000000	00000013	addi	x0,x0,0	  x0:0x00000000
       19475000	      1946	8000169c	00000013	addi	x0,x0,0	  x0:0x00000000
       19485000	      1947	800016a0	024d9063	bne	x27,x4,800016c0	 x27:0x00000300  x4:0x00000001
       19495000	      1948	00000000	00000013	addi	x0,x0,0	  x0:0x00000000
       19505000	      1949	800016bc	00000013	addi	x0,x0,0	  x0:0x00000000
       19515000	      1950	800016c0	0ae58063	beq	x11,x14,80001760	 x11:0x00000000 x14:0xffc00000
       19525000	      1951	800016c4	a4180213	addi	x4,x16,-1471	 x16:0xffffffff  x4=0xfffffa40
       19535000	      1952	800016c8	01d3d593	srli	x11,x7,0x1d	  x7:0x00000001 x11=0x00000000
       19545000	      1953	800016cc	01c45733	srl	x14,x8,x28	  x8:0xffffffa9 x28:0xfc960000 x14=0xffffffa9
       19555000	      1954	800016d0	00de1cb3	sll	x25,x28,x13	 x28:0xfc960000 x13:0xff16c310 x25=0x00000000
       19565000	      1955	800016d4	0480036f	jal	x6,800016d4	  x6=0x800016d4
       19575000	      1956	00000000	00000013	addi	x0,x0,0	  x0:0x00000000
       19585000	      1957	80001718	00000013	addi	x0,x0,0	  x0:0x00000000
       19595000	      1958	8000171c	fc5ff0ef	jal	x1,8000171c	  x1=0x8000171c
       19605000	      1959	00000000	00000013	addi	x0,x0,0	  x0:0x00000000
       19615000	      1960	800016dc	00000013	addi	x0,x0,0	  x0:0x00000000
       19625000	      1961	800016e0	038005ef	jal	x11,800016e0	 x11=0x800016e0
       19635000	      1962	00000000	00000013	addi	x0,x0,0	  x0:0x00000000
       19645000	      1963	80001714	00000013	addi	x0,x0,0	  x0:0x00000000
       19655000	      1964	80001718	ff5ff0ef	jal	x1,80001718	  x1=0x80001718
       19665000	      1965	00000000	00000013	addi	x0,x0,0	  x0:0x00000000
       19675000	      1966	80001708	00000013	addi	x0,x0,0	  x0:0x00000000
       19685000	      1967	8000170c	ffdff16f	jal	x2,8000170c	  x2=0x8000170c
       19695000	      1968	00000000	00000013	addi	x0,x0,0	  x0:0x00000000
       19705000	      1969	80001704	00000013	addi	x0,x0,0	  x0:0x00000000
       19715000	      1970	80001708	ff1ff2ef	jal	x5,80001708	  x5=0x80001708
       19725000	      1971	00000000	00000013	addi	x0,x0,0	  x0:0x00000000
       19735000	      1972	800016f4	00000013	addi	x0,x0,0	  x0:0x00000000
       19745000	      1973	800016f8	00c0036f	jal	x6,800016f8	  x6=0x800016f8
       19755000	      1974	00000000	00000013	addi	x0,x0,0	  x0:0x00000000
       19765000	      1975	80001700	00000013	addi	x0,x0,0	  x0:0x00000000
       19775000	      1976	80001704	00c00e6f	jal	x28,80001704	 x28=0x80001704
       19785000	      1977	00000000	00000013	addi	x0,x0,0	  x0:0x00000000
       19795000	      1978	8000170c	00000013	addi	x0,x0,0	  x0:0x00000000
       19805000	      1979	80001710	fe1ff0ef	jal	x1,80001710	  x1=0x80001710
       19815000	      1980	00000000	00000013	addi	x0,x0,0	  x0:0x00000000
       19825000	      1981	800016ec	00000013	addi	x0,x0,0	  x0:0x00000000
       19835000	      1982	800016f0	00c0036f	jal	x6,800016f0	  x6=0x800016f0
       19845000	      1983	00000000	00000013	addi	x0,x0,0	  x0:0x00000000
       19855000	      1984	800016f8	00000013	addi	x0,x0,0	  x0:0x00000000
       19865000	      1985	800016fc	fddff36f	jal	x6,800016fc	  x6=0x800016fc
       19875000	      1986	00000000	00000013	addi	x0,x0,0	  x0:0x00000000
       19885000	      1987	800016d4	00000013	addi	x0,x0,0	  x0:0x00000000
       19895000	      1988	800016d8	01c000ef	jal	x1,800016d8	  x1=0x800016d8
       19905000	      1989	00000000	00000013	addi	x0,x0,0	  x0:0x00000000
       19915000	      1990	800016f0	00000013	addi	x0,x0,0	  x0:0x00000000
       19925000	      1991	800016f4	ff5ff36f	jal	x6,800016f4	  x6=0x800016f4
       19935000	      1992	00000000	00000013	addi	x0,x0,0	  x0:0x00000000
       19945000	      1993	800016e4	00000013	addi	x0,x0,0	  x0:0x00000000
       19955000	      1994	800016e8	02c003ef	jal	x7,800016e8	  x7=0x800016e8
       19965000	      1995	00000000	00000013	addi	x0,x0,0	  x0:0x00000000
       19975000	      1996	80001710	00000013	addi	x0,x0,0	  x0:0x00000000
       19985000	      1997	80001714	fd9ff26f	jal	x4,80001714	  x4=0x80001714
       19995000	      1998	00000000	00000013	addi	x0,x0,0	  x0:0x00000000
       20005000	      1999	800016e8	00000013	addi	x0,x0,0	  x0:0x00000000
       20015000	      2000	800016ec	ff1ffdef	jal	x27,800016ec	 x27=0x800016ec
       20025000	      2001	00000000	00000013	addi	x0,x0,0	  x0:0x00000000
       20035000	      2002	800016d8	00000013	addi	x0,x0,0	  x0:0x00000000
       20045000	      2003	800016dc	008000ef	jal	x1,800016dc	  x1=0x800016dc
       20055000	      2004	00000000	00000013	addi	x0,x0,0	  x0:0x00000000
       20065000	      2005	800016e0	00000013	addi	x0,x0,0	  x0:0x00000000
       20075000	      2006	800016e4	01c000ef	jal	x1,800016e4	  x1=0x800016e4
       20085000	      2007	00000000	00000013	addi	x0,x0,0	  x0:0x00000000
       20095000	      2008	800016fc	00000013	addi	x0,x0,0	  x0:0x00000000
       20105000	      2009	80001700	020000ef	jal	x1,80001700	  x1=0x80001700
       20115000	      2010	00000000	00000013	addi	x0,x0,0	  x0:0x00000000
       20125000	      2011	8000171c	00000013	addi	x0,x0,0	  x0:0x00000000
       20135000	      2012	80001720	004e9c33	sll	x24,x29,x4	 x29:0x73d5fee0  x4:0x80001714 x24=0xee000000
       20145000	      2013	80001724	40e98633	sub	x12,x19,x14	 x19:0x00000001 x14:0xffffffa9 x12=0x00000058
       20155000	      2014	80001728	047cd863	bge	x25,x7,80001778	 x25:0x00000000  x7:0x800016e8
       20165000	      2015	00000000	00000013	addi	x0,x0,0	  x0:0x00000000
       20175000	      2016	80001774	00000013	addi	x0,x0,0	  x0:0x00000000
       20185000	      2017	80001778	0b405463	bge	x0,x20,80001820	  x0:0x00000000 x20:0xfffffce7
       20195000	      2018	00000000	00000013	addi	x0,x0,0	  x0:0x00000000
       20205000	      2019	8000181c	00000013	addi	x0,x0,0	  x0:0x00000000
       20215000	      2020	80001820	035a6263	bltu	x20,x21,80001844	 x20:0xfffffce7 x21:0x0a81f200
       20225000	      2021	80001824	00000013	addi	x0,x0,0	  x0:0x00000000
       20235000	      2022	80001828	40185ab3	sra	x21,x16,x1	 x16:0xffffffff  x1:0x80001700 x21=0xffffffff
       20245000	      2023	8000182c	ba208997	auipc	x19,0xba208	 x19=0x3a209828
       20255000	      2024	80001830	032c6463	bltu	x24,x18,80001858	 x24:0xee000000 x18:0x73d5fee0
       20265000	      2025	80001834	24127c37	lui	x24,0x24127	 x24=0x24127000
       20275000	      2026	80001838	00579c63	bne	x15,x5,80001850	 x15:0x0efdf200  x5:0x80001708
       20285000	      2027	00000000	00000013	addi	x0,x0,0	  x0:0x00000000
       20295000	      2028	8000184c	00000013	addi	x0,x0,0	  x0:0x00000000
       20305000	      2029	80001850	0050abb3	slt	x23,x1,x5	  x1:0x80001700  x5:0x80001708 x23=0x00000001
       20315000	      2030	80001854	672b6c17	auipc	x24,0x672b6	 x24=0xe72b7850
       20325000	      2031	80001858	0312fe63	bgeu	x5,x17,80001894	  x5:0x80001708 x17:0x80009f84
       20335000	      2032	8000185c	a1f4cd13	xori	x26,x9,-1505	  x9:0xfffff99f x26=0x00000380
       20345000	      2033	80001860	41f55913	srai	x18,x10,0x1f	 x10:0xfffffc96 x18=0xffffffff
       20355000	      2034	80001864	026fda63	bge	x31,x6,80001898	 x31:0x80009fc4  x6:0x800016f4
       20365000	      2035	00000000	00000013	addi	x0,x0,0	  x0:0x00000000
       20375000	      2036	80001894	00000013	addi	x0,x0,0	  x0:0x00000000
       20385000	      2037	80001898	00196333	or	x6,x18,x1	 x18:0xffffffff  x1:0x80001700  x6=0xffffffff
       20395000	      2038	8000189c	0035bab3	sltu	x21,x11,x3	 x11:0x800016e0  x3:0x000002a5 x21=0x00000000
       20405000	      2039	800018a0	002e1133	sll	x2,x28,x2	 x28:0x80001704  x2:0x8000170c  x2=0x01704000
       20415000	      2040	800018a4	03ed4263	blt	x26,x30,800018c8	 x26:0x00000380 x30:0x00000000
       20425000	      2041	800018a8	00000013	addi	x0,x0,0	  x0:0x00000000
       20435000	      2042	800018ac	0e973813	sltiu	x16,x14,233	 x14:0xffffffa9 x16=0x00000000
       20445000	      2043	800018b0	01179493	slli	x9,x15,0x11	 x15:0x0efdf200  x9=0xe4000000
       20455000	      2044	800018b4	00e3ee63	bltu	x7,x14,800018d0	  x7:0x800016e8 x14:0xffffffa9
       20465000	      2045	00000000	00000013	addi	x0,x0,0	  x0:0x00000000
       20475000	      2046	800018cc	00000013	addi	x0,x0,0	  x0:0x00000000
       20485000	      2047	800018d0	00d680b3	add	x1,x13,x13	 x13:0xff16c310 x13:0xff16c310  x1=0xfe2d8620
       20495000	      2048	800018d4	009623b3	slt	x7,x12,x9	 x12:0x00000058  x9:0xe4000000  x7=0x00000000
       20505000	      2049	800018d8	572f7437	lui	x8,0x572f7	  x8=0x572f7000
       20515000	      2050	800018dc	11f3bf13	sltiu	x30,x7,287	  x7:0x00000000 x30=0x00000001
       20525000	      2051	800018e0	6369a013	slti	x0,x19,1590	 x19:0x3a209828
       20535000	      2052	800018e4	fa05ac13	slti	x24,x11,-96	 x11:0x800016e0 x24=0x00000001
       20545000	      2053	800018e8	019537b3	sltu	x15,x10,x25	 x10:0xfffffc96 x25:0x00000000 x15=0x00000000
       20555000	      2054	800018ec	0071ee33	or	x28,x3,x7	  x3:0x000002a5  x7:0x00000000 x28=0x000002a5
       20565000	      2055	800018f0	01fbdc33	srl	x24,x23,x31	 x23:0x00000001 x31:0x80009fc4 x24=0x00000000
       20575000	      2056	800018f4	0156d393	srli	x7,x13,0x15	 x13:0xff16c310  x7=0x000007f8
       20585000	      2057	800018f8	41625a93	srai	x21,x4,0x16	  x4:0x80001714 x21=0xfffffe00
       20595000	      2058	800018fc	04664263	blt	x12,x6,80001940	 x12:0x00000058  x6:0xffffffff
       20605000	      2059	80001900	978dcc17	auipc	x24,0x978dc	 x24=0x178dd8fc
       20615000	      2060	80001904	41468ab3	sub	x21,x13,x20	 x13:0xff16c310 x20:0xfffffce7 x21=0xff16c629
       20625000	      2061	80001908	20bbcd93	xori	x27,x23,523	 x23:0x00000001 x27=0x0000020a
       20635000	      2062	8000190c	401ed233	sra	x4,x29,x1	 x29:0x73d5fee0  x1:0xfe2d8620  x4=0x73d5fee0
       20645000	      2063	80001910	01add863	bge	x27,x26,80001920	 x27:0x0000020a x26:0x00000380
       20655000	      2064	80001914	00000013	addi	x0,x0,0	  x0:0x00000000
       20665000	      2065	80001918	00e4c863	blt	x9,x14,80001928	  x9:0xe4000000 x14:0xffffffa9
       20675000	      2066	00000000	00000013	addi	x0,x0,0	  x0:0x00000000
       20685000	      2067	80001924	00000013	addi	x0,x0,0	  x0:0x00000000
       20695000	      2068	80001928	020f0863	beq	x30,x0,80001958	 x30:0x00000001  x0:0x00000000
       20705000	      2069	8000192c	beee4113	xori	x2,x28,-1042	 x28:0x000002a5  x2=0xfffff94b
       20715000	      2070	80001930	e1053113	sltiu	x2,x10,-496	 x10:0xfffffc96  x2=0x00000001
       20725000	      2071	80001934	0747e613	ori	x12,x15,116	 x15:0x00000000 x12=0x00000074
       20735000	      2072	80001938	5b176213	ori	x4,x14,1457	 x14:0xffffffa9  x4=0xffffffb9
       20745000	      2073	8000193c	c2472593	slti	x11,x14,-988	 x14:0xffffffa9 x11=0x00000000
       20755000	      2074	80001940	00000013	addi	x0,x0,0	  x0:0x00000000
       20765000	      2075	80001944	0525d263	bge	x11,x18,80001988	 x11:0x00000000 x18:0xffffffff
       20775000	      2076	00000000	00000013	addi	x0,x0,0	  x0:0x00000000
       20785000	      2077	80001984	00000013	addi	x0,x0,0	  x0:0x00000000
       20795000	      2078	80001988	011a2bb3	slt	x23,x20,x17	 x20:0xfffffce7 x17:0x80009f84 x23=0x00000000
       20805000	      2079	8000198c	00011293	slli	x5,x2,0x0	  x2:0x00000001  x5=0x00000001
       20815000	      2080	80001990	01599a63	bne	x19,x21,800019a4	 x19:0x3a209828 x21:0xff16c629
       20825000	      2081	00000000	00000013	addi	x0,x0,0	  x0:0x00000000
       20835000	      2082	800019a0	00000013	addi	x0,x0,0	  x0:0x00000000
       20845000	      2083	800019a4	00688333	add	x6,x17,x6	 x17:0x80009f84  x6:0xffffffff  x6=0x80009f83
       20855000	      2084	800019a8	384ea393	slti	x7,x29,900	 x29:0x73d5fee0  x7=0x00000000
       20865000	      2085	800019ac	002ed9b3	srl	x19,x29,x2	 x29:0x73d5fee0  x2:0x00000001 x19=0x39eaff70
       20875000	      2086	800019b0	02f71a63	bne	x14,x15,800019e4	 x14:0xffffffa9 x15:0x00000000
       20885000	      2087	00000000	00000013	addi	x0,x0,0	  x0:0x00000000
       20895000	      2088	800019e0	00000013	addi	x0,x0,0	  x0:0x00000000
       20905000	      2089	800019e4	6ca16f13	ori	x30,x2,1738	  x2:0x00000001 x30=0x000006cb
       20915000	      2090	800019e8	41d184b3	sub	x9,x3,x29	  x3:0x000002a5 x29:0x73d5fee0  x9=0x8c2a03c5
       20925000	      2091	800019ec	017ed813	srli	x16,x29,0x17	 x29:0x73d5fee0 x16=0x000000e7
       20935000	      2092	800019f0	07c3e663	bltu	x7,x28,80001a5c	  x7:0x00000000 x28:0x000002a5
       20945000	      2093	00000000	00000013	addi	x0,x0,0	  x0:0x00000000
       20955000	      2094	80001a58	00000013	addi	x0,x0,0	  x0:0x00000000
       20965000	      2095	80001a5c	0027a833	slt	x16,x15,x2	 x15:0x00000000  x2:0x00000001 x16=0x00000001
       20975000	      2096	80001a60	bde7ce13	xori	x28,x15,-1058	 x15:0x00000000 x28=0xfffffbde
       20985000	      2097	80001a64	016334b3	sltu	x9,x6,x22	  x6:0x80009f83 x22:0xffffffba  x9=0x00000001
       20995000	      2098	80001a68	4819a113	slti	x2,x19,1153	 x19:0x39eaff70  x2=0x00000000
       21005000	      2099	80001a6c	02cb5863	bge	x22,x12,80001a9c	 x22:0xffffffba x12:0x00000074
       21015000	      2100	80001a70	008d8263	beq	x27,x8,80001a74	 x27:0x0000020a  x8:0x572f7000
       21025000	      2101	80001a74	019be333	or	x6,x23,x25	 x23:0x00000000 x25:0x00000000  x6=0x00000000
       21035000	      2102	80001a78	01d78d33	add	x26,x15,x29	 x15:0x00000000 x29:0x73d5fee0 x26=0x73d5fee0
       21045000	      2103	80001a7c	007a5f33	srl	x30,x20,x7	 x20:0xfffffce7  x7:0x00000000 x30=0xfffffce7
       21055000	      2104	80001a80	0006ccb3	xor	x25,x13,x0	 x13:0xff16c310  x0:0x00000000 x25=0xff16c310
       21065000	      2105	80001a84	01ed14b3	sll	x9,x26,x30	 x26:0x73d5fee0 x30:0xfffffce7  x9=0xeaff7000
       21075000	      2106	80001a88	2a828b93	addi	x23,x5,680	  x5:0x00000001 x23=0x000002a9
       21085000	      2107	80001a8c	05d80263	beq	x16,x29,80001ad0	 x16:0x00000001 x29:0x73d5fee0
       21095000	      2108	80001a90	40d78333	sub	x6,x15,x13	 x15:0x00000000 x13:0xff16c310  x6=0x00e93cf0
       21105000	      2109	80001a94	00c2d863	bge	x5,x12,80001aa4	  x5:0x00000001 x12:0x00000074
       21115000	      2110	80001a98	f0964613	xori	x12,x12,-247	 x12:0x00000074 x12=0xffffff7d
       21125000	      2111	80001a9c	4005d093	srai	x1,x11,0x0	 x11:0x00000000  x1=0x00000000
       21135000	      2112	80001aa0	0038dc13	srli	x24,x17,0x3	 x17:0x80009f84 x24=0x100013f0
       21145000	      2113	80001aa4	b3e1bc93	sltiu	x25,x3,-1218	  x3:0x000002a5 x25=0x00000001
       21155000	      2114	80001aa8	db8efb13	andi	x22,x29,-584	 x29:0x73d5fee0 x22=0x73d5fca0
       21165000	      2115	80001aac	5131c793	xori	x15,x3,1299	  x3:0x000002a5 x15=0x000007b6
       21175000	      2116	80001ab0	01585c33	srl	x24,x16,x21	 x16:0x00000001 x21:0xff16c629 x24=0x00000000
       21185000	      2117	80001ab4	401bde93	srai	x29,x23,0x1	 x23:0x000002a9 x29=0x00000154
       21195000	      2118	80001ab8	40a150b3	sra	x1,x2,x10	  x2:0x00000000 x10:0xfffffc96  x1=0x00000000
       21205000	      2119	80001abc	00527463	bgeu	x4,x5,80001ac4	  x4:0xffffffb9  x5:0x00000001
       21215000	      2120	00000000	00000013	addi	x0,x0,0	  x0:0x00000000
       21225000	      2121	80001ac0	00000013	addi	x0,x0,0	  x0:0x00000000
       21235000	      2122	80001ac4	56cb7293	andi	x5,x22,1388	 x22:0x73d5fca0  x5=0x00000420
       21245000	      2123	80001ac8	403cd2b3	sra	x5,x25,x3	 x25:0x00000001  x3:0x000002a5  x5=0x00000000
       21255000	      2124	80001acc	01f29c93	slli	x25,x5,0x1f	  x5:0x00000000 x25=0x00000000
       21265000	      2125	80001ad0	00b72cb3	slt	x25,x14,x11	 x14:0xffffffa9 x11:0x00000000 x25=0x00000001
       21275000	      2126	80001ad4	01b000b3	add	x1,x0,x27	  x0:0x00000000 x27:0x0000020a  x1=0x0000020a
       21285000	      2127	80001ad8	07f38a63	beq	x7,x31,80001b4c	  x7:0x00000000 x31:0x80009fc4
       21295000	      2128	80001adc	c9664c13	xori	x24,x12,-874	 x12:0xffffff7d x24=0x000003eb
       21305000	      2129	80001ae0	4062d433	sra	x8,x5,x6	  x5:0x00000000  x6:0x00e93cf0  x8=0x00000000
       21315000	      2130	80001ae4	178fc293	xori	x5,x31,376	 x31:0x80009fc4  x5=0x80009ebc
       21325000	      2131	80001ae8	01d2c433	xor	x8,x5,x29	  x5:0x80009ebc x29:0x00000154  x8=0x80009fe8
       21335000	      2132	80001aec	287df293	andi	x5,x27,647	 x27:0x0000020a  x5=0x00000202
       21345000	      2133	80001af0	01fe4eb3	xor	x29,x28,x31	 x28:0xfffffbde x31:0x80009fc4 x29=0x7fff641a
       21355000	      2134	80001af4	016ed613	srli	x12,x29,0x16	 x29:0x7fff641a x12=0x000001ff
       21365000	      2135	80001af8	0380036f	jal	x6,80001af8	  x6=0x80001af8
       21375000	      2136	00000000	00000013	addi	x0,x0,0	  x0:0x00000000
       21385000	      2137	80001b2c	00000013	addi	x0,x0,0	  x0:0x00000000
       21395000	      2138	80001b30	fe5ff36f	jal	x6,80001b30	  x6=0x80001b30
       21405000	      2139	00000000	00000013	addi	x0,x0,0	  x0:0x00000000
       21415000	      2140	80001b10	00000013	addi	x0,x0,0	  x0:0x00000000
       21425000	      2141	80001b14	fe9ff36f	jal	x6,80001b14	  x6=0x80001b14
       21435000	      2142	00000000	00000013	addi	x0,x0,0	  x0:0x00000000
       21445000	      2143	80001af8	00000013	addi	x0,x0,0	  x0:0x00000000
       21455000	      2144	80001afc	00c0036f	jal	x6,80001afc	  x6=0x80001afc
       21465000	      2145	00000000	00000013	addi	x0,x0,0	  x0:0x00000000
       21475000	      2146	80001b04	00000013	addi	x0,x0,0	  x0:0x00000000
       21485000	      2147	80001b08	030002ef	jal	x5,80001b08	  x5=0x80001b08
       21495000	      2148	00000000	00000013	addi	x0,x0,0	  x0:0x00000000
       21505000	      2149	80001b34	00000013	addi	x0,x0,0	  x0:0x00000000
       21515000	      2150	80001b38	00c0076f	jal	x14,80001b38	 x14=0x80001b38
       21525000	      2151	00000000	00000013	addi	x0,x0,0	  x0:0x00000000
       21535000	      2152	80001b40	00000013	addi	x0,x0,0	  x0:0x00000000
       21545000	      2153	80001b44	fc1ff0ef	jal	x1,80001b44	  x1=0x80001b44
       21555000	      2154	00000000	00000013	addi	x0,x0,0	  x0:0x00000000
       21565000	      2155	80001b00	00000013	addi	x0,x0,0	  x0:0x00000000
       21575000	      2156	80001b04	0080026f	jal	x4,80001b04	  x4=0x80001b04
       21585000	      2157	00000000	00000013	addi	x0,x0,0	  x0:0x00000000
       21595000	      2158	80001b08	00000013	addi	x0,x0,0	  x0:0x00000000
       21605000	      2159	80001b0c	00c000ef	jal	x1,80001b0c	  x1=0x80001b0c
       21615000	      2160	00000000	00000013	addi	x0,x0,0	  x0:0x00000000
       21625000	      2161	80001b14	00000013	addi	x0,x0,0	  x0:0x00000000
       21635000	      2162	80001b18	fe9ff0ef	jal	x1,80001b18	  x1=0x80001b18
       21645000	      2163	00000000	00000013	addi	x0,x0,0	  x0:0x00000000
       21655000	      2164	80001afc	00000013	addi	x0,x0,0	  x0:0x00000000
       21665000	      2165	80001b00	0240036f	jal	x6,80001b00	  x6=0x80001b00
       21675000	      2166	00000000	00000013	addi	x0,x0,0	  x0:0x00000000
       21685000	      2167	80001b20	00000013	addi	x0,x0,0	  x0:0x00000000
       21695000	      2168	80001b24	01c00aef	jal	x21,80001b24	 x21=0x80001b24
       21705000	      2169	00000000	00000013	addi	x0,x0,0	  x0:0x00000000
       21715000	      2170	80001b3c	00000013	addi	x0,x0,0	  x0:0x00000000
       21725000	      2171	80001b40	fedff36f	jal	x6,80001b40	  x6=0x80001b40
       21735000	      2172	00000000	00000013	addi	x0,x0,0	  x0:0x00000000
       21745000	      2173	80001b28	00000013	addi	x0,x0,0	  x0:0x00000000
       21755000	      2174	80001b2c	ff1ff0ef	jal	x1,80001b2c	  x1=0x80001b2c
       21765000	      2175	00000000	00000013	addi	x0,x0,0	  x0:0x00000000
       21775000	      2176	80001b18	00000013	addi	x0,x0,0	  x0:0x00000000
       21785000	      2177	80001b1c	00400eef	jal	x29,80001b1c	 x29=0x80001b1c
       21795000	      2178	00000000	00000013	addi	x0,x0,0	  x0:0x00000000
       21805000	      2179	80001b1c	00000013	addi	x0,x0,0	  x0:0x00000000
       21815000	      2180	80001b20	014000ef	jal	x1,80001b20	  x1=0x80001b20
       21825000	      2181	00000000	00000013	addi	x0,x0,0	  x0:0x00000000
       21835000	      2182	80001b30	00000013	addi	x0,x0,0	  x0:0x00000000
       21845000	      2183	80001b34	ff5ff0ef	jal	x1,80001b34	  x1=0x80001b34
       21855000	      2184	00000000	00000013	addi	x0,x0,0	  x0:0x00000000
       21865000	      2185	80001b24	00000013	addi	x0,x0,0	  x0:0x00000000
       21875000	      2186	80001b28	fe9ff36f	jal	x6,80001b28	  x6=0x80001b28
       21885000	      2187	00000000	00000013	addi	x0,x0,0	  x0:0x00000000
       21895000	      2188	80001b0c	00000013	addi	x0,x0,0	  x0:0x00000000
       21905000	      2189	80001b10	02c00c6f	jal	x24,80001b10	 x24=0x80001b10
       21915000	      2190	00000000	00000013	addi	x0,x0,0	  x0:0x00000000
       21925000	      2191	80001b38	00000013	addi	x0,x0,0	  x0:0x00000000
       21935000	      2192	80001b3c	00c000ef	jal	x1,80001b3c	  x1=0x80001b3c
       21945000	      2193	00000000	00000013	addi	x0,x0,0	  x0:0x00000000
       21955000	      2194	80001b44	00000013	addi	x0,x0,0	  x0:0x00000000
       21965000	      2195	80001b48	ebb0ac93	slti	x25,x1,-325	  x1:0x80001b3c x25=0x00000001
       21975000	      2196	80001b4c	01185e93	srli	x29,x16,0x11	 x16:0x00000001 x29=0x00000000
       21985000	      2197	80001b50	01605213	srli	x4,x0,0x16	  x0:0x00000000  x4=0x00000000
       21995000	      2198	80001b54	031d4263	blt	x26,x17,80001b78	 x26:0x73d5fee0 x17:0x80009f84
       22005000	      2199	80001b58	8faa6213	ori	x4,x20,-1798	 x20:0xfffffce7  x4=0xfffffcff
       22015000	      2200	80001b5c	006edc63	bge	x29,x6,80001b74	 x29:0x00000000  x6:0x80001b28
       22025000	      2201	00000000	00000013	addi	x0,x0,0	  x0:0x00000000
       22035000	      2202	80001b70	00000013	addi	x0,x0,0	  x0:0x00000000
       22045000	      2203	80001b74	01ebdc63	bge	x23,x30,80001b8c	 x23:0x000002a9 x30:0xfffffce7
       22055000	      2204	00000000	00000013	addi	x0,x0,0	  x0:0x00000000
       22065000	      2205	80001b88	00000013	addi	x0,x0,0	  x0:0x00000000
       22075000	      2206	80001b8c	01504d33	xor	x26,x0,x21	  x0:0x00000000 x21:0x80001b24 x26=0x80001b24
       22085000	      2207	80001b90	00566733	or	x14,x12,x5	 x12:0x000001ff  x5:0x80001b08 x14=0x80001bff
       22095000	      2208	80001b94	01316a33	or	x20,x2,x19	  x2:0x00000000 x19:0x39eaff70 x20=0x39eaff70
       22105000	      2209	80001b98	009bc4b3	xor	x9,x23,x9	 x23:0x000002a9  x9:0xeaff7000  x9=0xeaff72a9
       22115000	      2210	80001b9c	016c4733	xor	x14,x24,x22	 x24:0x80001b10 x22:0x73d5fca0 x14=0xf3d5e7b0
       22125000	      2211	80001ba0	4177d213	srai	x4,x15,0x17	 x15:0x000007b6  x4=0x00000000
       22135000	      2212	80001ba4	4190de13	srai	x28,x1,0x19	  x1:0x80001b3c x28=0xffffffc0
       22145000	      2213	80001ba8	eb672013	slti	x0,x14,-330	 x14:0xf3d5e7b0
       22155000	      2214	80001bac	82e93793	sltiu	x15,x18,-2002	 x18:0xffffffff x15=0x00000000
       22165000	      2215	80001bb0	014c1033	sll	x0,x24,x20	 x24:0x80001b10 x20:0x39eaff70
       22175000	      2216	80001bb4	41b75e13	srai	x28,x14,0x1b	 x14:0xf3d5e7b0 x28=0xfffffffe
       22185000	      2217	80001bb8	01850663	beq	x10,x24,80001bc4	 x10:0xfffffc96 x24:0x80001b10
       22195000	      2218	80001bbc	01ded833	srl	x16,x29,x29	 x29:0x00000000 x29:0x00000000 x16=0x00000000
       22205000	      2219	80001bc0	004850b3	srl	x1,x16,x4	 x16:0x00000000  x4:0x00000000  x1=0x00000000
       22215000	      2220	80001bc4	cecce793	ori	x15,x25,-788	 x25:0x00000001 x15=0xfffffced
       22225000	      2221	80001bc8	02341263	bne	x8,x3,80001bec	  x8:0x80009fe8  x3:0x000002a5
       22235000	      2222	00000000	00000013	addi	x0,x0,0	  x0:0x00000000
       22245000	      2223	80001be8	00000013	addi	x0,x0,0	  x0:0x00000000
       22255000	      2224	80001bec	f4218093	addi	x1,x3,-190	  x3:0x000002a5  x1=0x000001e7
       22265000	      2225	80001bf0	96601237	lui	x4,0x96601	  x4=0x96601000
       22275000	      2226	80001bf4	407d0ab3	sub	x21,x26,x7	 x26:0x80001b24  x7:0x00000000 x21=0x80001b24
       22285000	      2227	80001bf8	01483433	sltu	x8,x16,x20	 x16:0x00000000 x20:0x39eaff70  x8=0x00000001
       22295000	      2228	80001bfc	02557263	bgeu	x10,x5,80001c20	 x10:0xfffffc96  x5:0x80001b08
       22305000	      2229	00000000	00000013	addi	x0,x0,0	  x0:0x00000000
       22315000	      2230	80001c1c	00000013	addi	x0,x0,0	  x0:0x00000000
       22325000	      2231	80001c20	01cdea63	bltu	x27,x28,80001c34	 x27:0x0000020a x28:0xfffffffe
       22335000	      2232	00000000	00000013	addi	x0,x0,0	  x0:0x00000000
       22345000	      2233	80001c30	00000013	addi	x0,x0,0	  x0:0x00000000
       22355000	      2234	80001c34	08046663	bltu	x8,x0,80001cc0	  x8:0x00000001  x0:0x00000000
       22365000	      2235	80001c38	005e95b3	sll	x11,x29,x5	 x29:0x00000000  x5:0x80001b08 x11=0x00000000
       22375000	      2236	80001c3c	09d56863	bltu	x10,x29,80001ccc	 x10:0xfffffc96 x29:0x00000000
       22385000	      2237	80001c40	085fcc63	blt	x31,x5,80001cd8	 x31:0x80009fc4  x5:0x80001b08
       22395000	      2238	80001c44	2f02b5b7	lui	x11,0x2f02b	 x11=0x2f02b000
       22405000	      2239	80001c48	015d6933	or	x18,x26,x21	 x26:0x80001b24 x21:0x80001b24 x18=0x80001b24
       22415000	      2240	80001c4c	0064a433	slt	x8,x9,x6	  x9:0xeaff72a9  x6:0x80001b28  x8=0x00000000
       22425000	      2241	80001c50	0101e333	or	x6,x3,x16	  x3:0x000002a5 x16:0x00000000  x6=0x000002a5
       22435000	      2242	80001c54	88bc0393	addi	x7,x24,-1909	 x24:0x80001b10  x7=0x8000139b
       22445000	      2243	80001c58	0480036f	jal	x6,80001c58	  x6=0x80001c58
       22455000	      2244	00000000	00000013	addi	x0,x0,0	  x0:0x00000000
       22465000	      2245	80001c9c	00000013	addi	x0,x0,0	  x0:0x00000000
       22475000	      2246	80001ca0	fedff0ef	jal	x1,80001ca0	  x1=0x80001ca0
       22485000	      2247	00000000	00000013	addi	x0,x0,0	  x0:0x00000000
       22495000	      2248	80001c88	00000013	addi	x0,x0,0	  x0:0x00000000
       22505000	      2249	80001c8c	020000ef	jal	x1,80001c8c	  x1=0x80001c8c
       22515000	      2250	00000000	00000013	addi	x0,x0,0	  x0:0x00000000
       22525000	      2251	80001ca8	00000013	addi	x0,x0,0	  x0:0x00000000
       22535000	      2252	80001cac	fb1ff0ef	jal	x1,80001cac	  x1=0x80001cac
       22545000	      2253	00000000	00000013	addi	x0,x0,0	  x0:0x00000000
       22555000	      2254	80001c58	00000013	addi	x0,x0,0	  x0:0x00000000
       22565000	      2255	80001c5c	024000ef	jal	x1,80001c5c	  x1=0x80001c5c
       22575000	      2256	00000000	00000013	addi	x0,x0,0	  x0:0x00000000
       22585000	      2257	80001c7c	00000013	addi	x0,x0,0	  x0:0x00000000
       22595000	      2258	80001c80	010000ef	jal	x1,80001c80	  x1=0x80001c80
       22605000	      2259	00000000	00000013	addi	x0,x0,0	  x0:0x00000000
       22615000	      2260	80001c8c	00000013	addi	x0,x0,0	  x0:0x00000000
       22625000	      2261	80001c90	00c00cef	jal	x25,80001c90	 x25=0x80001c90
       22635000	      2262	00000000	00000013	addi	x0,x0,0	  x0:0x00000000
       22645000	      2263	80001c98	00000013	addi	x0,x0,0	  x0:0x00000000
       22655000	      2264	80001c9c	ff9ff36f	jal	x6,80001c9c	  x6=0x80001c9c
       22665000	      2265	00000000	00000013	addi	x0,x0,0	  x0:0x00000000
       22675000	      2266	80001c90	00000013	addi	x0,x0,0	  x0:0x00000000
       22685000	      2267	80001c94	fe9ff0ef	jal	x1,80001c94	  x1=0x80001c94
       22695000	      2268	00000000	00000013	addi	x0,x0,0	  x0:0x00000000
       22705000	      2269	80001c78	00000013	addi	x0,x0,0	  x0:0x00000000
       22715000	      2270	80001c7c	ff9ff0ef	jal	x1,80001c7c	  x1=0x80001c7c
       22725000	      2271	00000000	00000013	addi	x0,x0,0	  x0:0x00000000
       22735000	      2272	80001c70	00000013	addi	x0,x0,0	  x0:0x00000000
       22745000	      2273	80001c74	00400eef	jal	x29,80001c74	 x29=0x80001c74
       22755000	      2274	00000000	00000013	addi	x0,x0,0	  x0:0x00000000
       22765000	      2275	80001c74	00000013	addi	x0,x0,0	  x0:0x00000000
       22775000	      2276	80001c78	ff5ff36f	jal	x6,80001c78	  x6=0x80001c78
       22785000	      2277	00000000	00000013	addi	x0,x0,0	  x0:0x00000000
       22795000	      2278	80001c68	00000013	addi	x0,x0,0	  x0:0x00000000
       22805000	      2279	80001c6c	ffdff36f	jal	x6,80001c6c	  x6=0x80001c6c
       22815000	      2280	00000000	00000013	addi	x0,x0,0	  x0:0x00000000
       22825000	      2281	80001c64	00000013	addi	x0,x0,0	  x0:0x00000000
       22835000	      2282	80001c68	ffdff9ef	jal	x19,80001c68	 x19=0x80001c68
       22845000	      2283	00000000	00000013	addi	x0,x0,0	  x0:0x00000000
       22855000	      2284	80001c60	00000013	addi	x0,x0,0	  x0:0x00000000
       22865000	      2285	80001c64	0400036f	jal	x6,80001c64	  x6=0x80001c64
       22875000	      2286	00000000	00000013	addi	x0,x0,0	  x0:0x00000000
       22885000	      2287	80001ca0	00000013	addi	x0,x0,0	  x0:0x00000000
       22895000	      2288	80001ca4	fbdff0ef	jal	x1,80001ca4	  x1=0x80001ca4
       22905000	      2289	00000000	00000013	addi	x0,x0,0	  x0:0x00000000
       22915000	      2290	80001c5c	00000013	addi	x0,x0,0	  x0:0x00000000
       22925000	      2291	80001c60	038000ef	jal	x1,80001c60	  x1=0x80001c60
       22935000	      2292	00000000	00000013	addi	x0,x0,0	  x0:0x00000000
       22945000	      2293	80001c94	00000013	addi	x0,x0,0	  x0:0x00000000
       22955000	      2294	80001c98	ff1ff2ef	jal	x5,80001c98	  x5=0x80001c98
       22965000	      2295	00000000	00000013	addi	x0,x0,0	  x0:0x00000000
       22975000	      2296	80001c84	00000013	addi	x0,x0,0	  x0:0x00000000
       22985000	      2297	80001c88	fe9ff26f	jal	x4,80001c88	  x4=0x80001c88
       22995000	      2298	00000000	00000013	addi	x0,x0,0	  x0:0x00000000
       23005000	      2299	80001c6c	00000013	addi	x0,x0,0	  x0:0x00000000
       23015000	      2300	80001c70	014000ef	jal	x1,80001c70	  x1=0x80001c70
       23025000	      2301	00000000	00000013	addi	x0,x0,0	  x0:0x00000000
       23035000	      2302	80001c80	00000013	addi	x0,x0,0	  x0:0x00000000
       23045000	      2303	80001c84	024000ef	jal	x1,80001c84	  x1=0x80001c84
       23055000	      2304	00000000	00000013	addi	x0,x0,0	  x0:0x00000000
       23065000	      2305	80001ca4	00000013	addi	x0,x0,0	  x0:0x00000000
       23075000	      2306	80001ca8	00800e6f	jal	x28,80001ca8	 x28=0x80001ca8
       23085000	      2307	00000000	00000013	addi	x0,x0,0	  x0:0x00000000
       23095000	      2308	80001cac	00000013	addi	x0,x0,0	  x0:0x00000000
       23105000	      2309	80001cb0	00000013	addi	x0,x0,0	  x0:0x00000000
       23115000	      2310	80001cb4	030cf463	bgeu	x25,x16,80001cdc	 x25:0x80001c90 x16:0x00000000
       23125000	      2311	00000000	00000013	addi	x0,x0,0	  x0:0x00000000
       23135000	      2312	80001cd8	00000013	addi	x0,x0,0	  x0:0x00000000
       23145000	      2313	80001cdc	eac0aa93	slti	x21,x1,-340	  x1:0x80001c84 x21=0x00000001
       23155000	      2314	80001ce0	009f37b3	sltu	x15,x30,x9	 x30:0xfffffce7  x9:0xeaff72a9 x15=0x00000000
       23165000	      2315	80001ce4	02dcc263	blt	x25,x13,80001d08	 x25:0x80001c90 x13:0xff16c310
       23175000	      2316	00000000	00000013	addi	x0,x0,0	  x0:0x00000000
       23185000	      2317	80001d04	00000013	addi	x0,x0,0	  x0:0x00000000
       23195000	      2318	80001d08	007b9c63	bne	x23,x7,80001d20	 x23:0x000002a9  x7:0x8000139b
       23205000	      2319	00000000	00000013	addi	x0,x0,0	  x0:0x00000000
       23215000	      2320	80001d1c	00000013	addi	x0,x0,0	  x0:0x00000000
       23225000	      2321	80001d20	00505863	bge	x0,x5,80001d30	  x0:0x00000000  x5:0x80001c98
       23235000	      2322	00000000	00000013	addi	x0,x0,0	  x0:0x00000000
       23245000	      2323	80001d2c	00000013	addi	x0,x0,0	  x0:0x00000000
       23255000	      2324	80001d30	0ad26063	bltu	x4,x13,80001dd0	  x4:0x80001c88 x13:0xff16c310
       23265000	      2325	00000000	00000013	addi	x0,x0,0	  x0:0x00000000
       23275000	      2326	80001dcc	00000013	addi	x0,x0,0	  x0:0x00000000
       23285000	      2327	80001dd0	010e9033	sll	x0,x29,x16	 x29:0x80001c74 x16:0x00000000
       23295000	      2328	80001dd4	01333cb3	sltu	x25,x6,x19	  x6:0x80001c64 x19:0x80001c68 x25=0x00000001
       23305000	      2329	80001dd8	017ade13	srli	x28,x21,0x17	 x21:0x00000001 x28=0x00000000
       23315000	      2330	80001ddc	948da293	slti	x5,x27,-1720	 x27:0x0000020a  x5=0x00000000
       23325000	      2331	80001de0	80927493	andi	x9,x4,-2039	  x4:0x80001c88  x9=0x80001808
       23335000	      2332	80001de4	41905a93	srai	x21,x0,0x19	  x0:0x00000000 x21=0x00000000
       23345000	      2333	80001de8	40895093	srai	x1,x18,0x8	 x18:0x80001b24  x1=0xff80001b
       23355000	      2334	80001dec	005ad3b3	srl	x7,x21,x5	 x21:0x00000000  x5:0x00000000  x7=0x00000000
       23365000	      2335	80001df0	01b51c63	bne	x10,x27,80001e08	 x10:0xfffffc96 x27:0x0000020a
       23375000	      2336	00000000	00000013	addi	x0,x0,0	  x0:0x00000000
       23385000	      2337	80001e04	00000013	addi	x0,x0,0	  x0:0x00000000
       23395000	      2338	80001e08	016c7e63	bgeu	x24,x22,80001e24	 x24:0x80001b10 x22:0x73d5fca0
       23405000	      2339	00000000	00000013	addi	x0,x0,0	  x0:0x00000000
       23415000	      2340	80001e20	00000013	addi	x0,x0,0	  x0:0x00000000
       23425000	      2341	80001e24	2f213993	sltiu	x19,x2,754	  x2:0x00000000 x19=0x00000001
       23435000	      2342	80001e28	015b05b3	add	x11,x22,x21	 x22:0x73d5fca0 x21:0x00000000 x11=0x73d5fca0
       23445000	      2343	80001e2c	016f8d33	add	x26,x31,x22	 x31:0x80009fc4 x22:0x73d5fca0 x26=0xf3d69c64
       23455000	      2344	80001e30	00000013	addi	x0,x0,0	  x0:0x00000000
       23465000	      2345	80001e34	00000697	auipc	x13,0x0	 x13=0x80001e30
       23475000	      2346	80001e38	00c68693	addi	x13,x13,12	 x13:0x80001e30 x13=0x80001e3c
       23485000	      2347	80001e3c	00068067	jalr	x0,x13,0	 x13:0x80001e3c
       23495000	      2348	00000000	00000013	addi	x0,x0,0	  x0:0x00000000
       23505000	      2349	80001e3c	00000013	addi	x0,x0,0	  x0:0x00000000
       23515000	      2350	80001e40	00100193	addi	x3,x0,1	  x0:0x00000000  x3=0x00000001
       23525000	      2351	80001e44	00000073	ecall	
       23535000	      2352	80001e48	5d2b2713	slti	x14,x22,1490	 x22:0x73d5fca0 x14=0x00000000
