		Time			Cycle	PC		Insn	Decoded instruction	Register and memory contents
          65000	         5	80000004	00000293	addi	x5,x0,0	  x0:0x00000000  x5=0x00000000
          75000	         6	80000008	00000313	addi	x6,x0,0	  x0:0x00000000  x6=0x00000000
          85000	         7	8000000c	00628263	beq	x5,x6,80000010	  x5:0x00000000  x6:0x00000000
          95000	         8	00000000	00000013	addi	x0,x0,0	  x0:0x00000000
         105000	         9	8000000c	00000013	addi	x0,x0,0	  x0:0x00000000
         115000	        10	80000010	00000f97	auipc	x31,0x0	 x31=0x8000000c
         125000	        11	80000014	00cf8f93	addi	x31,x31,12	 x31:0x8000000c x31=0x80000018
         135000	        12	80000018	000f8067	jalr	x0,x31,0	 x31:0x80000018
         145000	        13	00000000	00000013	addi	x0,x0,0	  x0:0x00000000
         155000	        14	80000018	00000013	addi	x0,x0,0	  x0:0x00000000
         165000	        15	8000001c	400003b7	lui	x7,0x40000	  x7=0x40000000
         175000	        16	80000020	10038393	addi	x7,x7,256	  x7:0x40000000  x7=0x40000100
         185000	        17	80000024	00000013	addi	x0,x0,0	  x0:0x00000000
         195000	        18	80000028	0000a597	auipc	x11,0xa	 x11=0x8000a024
         205000	        19	8000002c	fa058593	addi	x11,x11,-96	 x11:0x8000a024 x11=0x80009fc4
         215000	        20	80000030	00005397	auipc	x7,0x5	  x7=0x8000502c
         225000	        21	80000034	00438393	addi	x7,x7,4	  x7:0x8000502c  x7=0x80005030
         235000	        22	80000038	0013e393	ori	x7,x7,1	  x7:0x80005030  x7=0x80005031
         245000	        23	8000003c	00000013	addi	x0,x0,0	  x0:0x00000000
         255000	        24	80000040	00000397	auipc	x7,0x0	  x7=0x8000003c
         265000	        25	80000044	02038393	addi	x7,x7,32	  x7:0x8000003c  x7=0x8000005c
         275000	        26	80000048	00000013	addi	x0,x0,0	  x0:0x00000000
         285000	        27	8000004c	00000013	addi	x0,x0,0	  x0:0x00000000
         295000	        28	80000050	000023b7	lui	x7,0x2	  x7=0x00002000
         305000	        29	80000054	80038393	addi	x7,x7,-2048	  x7:0x00002000  x7=0x00001800
         315000	        30	80000058	00000013	addi	x0,x0,0	  x0:0x00000000
         325000	        31	8000005c	00000013	addi	x0,x0,0	  x0:0x00000000
         335000	        32	80000060	fdfc7037	lui	x0,0xfdfc7	
         345000	        33	80000064	aeb00013	addi	x0,x0,-1301	  x0:0x00000000
         355000	        34	80000068	00000093	addi	x1,x0,0	  x0:0x00000000  x1=0x00000000
         365000	        35	8000006c	f20ec137	lui	x2,0xf20ec	  x2=0xf20ec000
         375000	        36	80000070	53110113	addi	x2,x2,1329	  x2:0xf20ec000  x2=0xf20ec531
         385000	        37	80000074	d30471b7	lui	x3,0xd3047	  x3=0xd3047000
         395000	        38	80000078	24518193	addi	x3,x3,581	  x3:0xd3047000  x3=0xd3047245
         405000	        39	8000007c	80000237	lui	x4,0x80000	  x4=0x80000000
         415000	        40	80000080	fe3c32b7	lui	x5,0xfe3c3	  x5=0xfe3c3000
         425000	        41	80000084	d6b28293	addi	x5,x5,-661	  x5:0xfe3c3000  x5=0xfe3c2d6b
         435000	        42	80000088	80000337	lui	x6,0x80000	  x6=0x80000000
         445000	        43	8000008c	800003b7	lui	x7,0x80000	  x7=0x80000000
         455000	        44	80000090	ddd76437	lui	x8,0xddd76	  x8=0xddd76000
         465000	        45	80000094	1a740413	addi	x8,x8,423	  x8:0xddd76000  x8=0xddd761a7
         475000	        46	80000098	fed654b7	lui	x9,0xfed65	  x9=0xfed65000
         485000	        47	8000009c	a8448493	addi	x9,x9,-1404	  x9:0xfed65000  x9=0xfed64a84
         495000	        48	800000a0	00a00513	addi	x10,x0,10	  x0:0x00000000 x10=0x0000000a
         505000	        49	800000a4	00200693	addi	x13,x0,2	  x0:0x00000000 x13=0x00000002
         515000	        50	800000a8	00000713	addi	x14,x0,0	  x0:0x00000000 x14=0x00000000
         525000	        51	800000ac	ed3a37b7	lui	x15,0xed3a3	 x15=0xed3a3000
         535000	        52	800000b0	c8f78793	addi	x15,x15,-881	 x15:0xed3a3000 x15=0xed3a2c8f
         545000	        53	800000b4	00854837	lui	x16,0x854	 x16=0x00854000
         555000	        54	800000b8	3d480813	addi	x16,x16,980	 x16:0x00854000 x16=0x008543d4
         565000	        55	800000bc	00000893	addi	x17,x0,0	  x0:0x00000000 x17=0x00000000
         575000	        56	800000c0	ea646937	lui	x18,0xea646	 x18=0xea646000
         585000	        57	800000c4	bf190913	addi	x18,x18,-1039	 x18:0xea646000 x18=0xea645bf1
         595000	        58	800000c8	00000993	addi	x19,x0,0	  x0:0x00000000 x19=0x00000000
         605000	        59	800000cc	00700a13	addi	x20,x0,7	  x0:0x00000000 x20=0x00000007
         615000	        60	800000d0	80000ab7	lui	x21,0x80000	 x21=0x80000000
         625000	        61	800000d4	80000b37	lui	x22,0x80000	 x22=0x80000000
         635000	        62	800000d8	f3bb6bb7	lui	x23,0xf3bb6	 x23=0xf3bb6000
         645000	        63	800000dc	767b8b93	addi	x23,x23,1895	 x23:0xf3bb6000 x23=0xf3bb6767
         655000	        64	800000e0	00000c13	addi	x24,x0,0	  x0:0x00000000 x24=0x00000000
         665000	        65	800000e4	ff107cb7	lui	x25,0xff107	 x25=0xff107000
         675000	        66	800000e8	773c8c93	addi	x25,x25,1907	 x25:0xff107000 x25=0xff107773
         685000	        67	800000ec	00c00d13	addi	x26,x0,12	  x0:0x00000000 x26=0x0000000c
         695000	        68	800000f0	80000db7	lui	x27,0x80000	 x27=0x80000000
         705000	        69	800000f4	09928e37	lui	x28,0x9928	 x28=0x09928000
         715000	        70	800000f8	dcbe0e13	addi	x28,x28,-565	 x28:0x09928000 x28=0x09927dcb
         725000	        71	800000fc	00500e93	addi	x29,x0,5	  x0:0x00000000 x29=0x00000005
         735000	        72	80000100	00000f13	addi	x30,x0,0	  x0:0x00000000 x30=0x00000000
         745000	        73	80000104	00600f93	addi	x31,x0,6	  x0:0x00000000 x31=0x00000006
         755000	        74	80000108	0000a617	auipc	x12,0xa	 x12=0x8000a104
         765000	        75	8000010c	e8060613	addi	x12,x12,-384	 x12:0x8000a104 x12=0x80009f84
         775000	        76	80000110	00c002ef	jal	x5,80000110	  x5=0x80000110
         785000	        77	00000000	00000013	addi	x0,x0,0	  x0:0x00000000
         795000	        78	80000118	00000013	addi	x0,x0,0	  x0:0x00000000
         805000	        79	8000011c	01c001ef	jal	x3,8000011c	  x3=0x8000011c
         815000	        80	00000000	00000013	addi	x0,x0,0	  x0:0x00000000
         825000	        81	80000134	00000013	addi	x0,x0,0	  x0:0x00000000
         835000	        82	80000138	004000ef	jal	x1,80000138	  x1=0x80000138
         845000	        83	00000000	00000013	addi	x0,x0,0	  x0:0x00000000
         855000	        84	80000138	00000013	addi	x0,x0,0	  x0:0x00000000
         865000	        85	8000013c	fddff36f	jal	x6,8000013c	  x6=0x8000013c
         875000	        86	00000000	00000013	addi	x0,x0,0	  x0:0x00000000
         885000	        87	80000114	00000013	addi	x0,x0,0	  x0:0x00000000
         895000	        88	80000118	0580026f	jal	x4,80000118	  x4=0x80000118
         905000	        89	00000000	00000013	addi	x0,x0,0	  x0:0x00000000
         915000	        90	8000016c	00000013	addi	x0,x0,0	  x0:0x00000000
         925000	        91	80000170	fe9ff0ef	jal	x1,80000170	  x1=0x80000170
         935000	        92	00000000	00000013	addi	x0,x0,0	  x0:0x00000000
         945000	        93	80000154	00000013	addi	x0,x0,0	  x0:0x00000000
         955000	        94	80000158	014000ef	jal	x1,80000158	  x1=0x80000158
         965000	        95	00000000	00000013	addi	x0,x0,0	  x0:0x00000000
         975000	        96	80000168	00000013	addi	x0,x0,0	  x0:0x00000000
         985000	        97	8000016c	fd9ff16f	jal	x2,8000016c	  x2=0x8000016c
         995000	        98	00000000	00000013	addi	x0,x0,0	  x0:0x00000000
        1005000	        99	80000140	00000013	addi	x0,x0,0	  x0:0x00000000
        1015000	       100	80000144	018000ef	jal	x1,80000144	  x1=0x80000144
        1025000	       101	00000000	00000013	addi	x0,x0,0	  x0:0x00000000
        1035000	       102	80000158	00000013	addi	x0,x0,0	  x0:0x00000000
        1045000	       103	8000015c	00c000ef	jal	x1,8000015c	  x1=0x8000015c
        1055000	       104	00000000	00000013	addi	x0,x0,0	  x0:0x00000000
        1065000	       105	80000164	00000013	addi	x0,x0,0	  x0:0x00000000
        1075000	       106	80000168	fc5ff0ef	jal	x1,80000168	  x1=0x80000168
        1085000	       107	00000000	00000013	addi	x0,x0,0	  x0:0x00000000
        1095000	       108	80000128	00000013	addi	x0,x0,0	  x0:0x00000000
        1105000	       109	8000012c	038003ef	jal	x7,8000012c	  x7=0x8000012c
        1115000	       110	00000000	00000013	addi	x0,x0,0	  x0:0x00000000
        1125000	       111	80000160	00000013	addi	x0,x0,0	  x0:0x00000000
        1135000	       112	80000164	fe9ffaef	jal	x21,80000164	 x21=0x80000164
        1145000	       113	00000000	00000013	addi	x0,x0,0	  x0:0x00000000
        1155000	       114	80000148	00000013	addi	x0,x0,0	  x0:0x00000000
        1165000	       115	8000014c	fd5ff36f	jal	x6,8000014c	  x6=0x8000014c
        1175000	       116	00000000	00000013	addi	x0,x0,0	  x0:0x00000000
        1185000	       117	8000011c	00000013	addi	x0,x0,0	  x0:0x00000000
        1195000	       118	80000120	ff5ff2ef	jal	x5,80000120	  x5=0x80000120
        1205000	       119	00000000	00000013	addi	x0,x0,0	  x0:0x00000000
        1215000	       120	80000110	00000013	addi	x0,x0,0	  x0:0x00000000
        1225000	       121	80000114	060000ef	jal	x1,80000114	  x1=0x80000114
        1235000	       122	00000000	00000013	addi	x0,x0,0	  x0:0x00000000
        1245000	       123	80000170	00000013	addi	x0,x0,0	  x0:0x00000000
        1255000	       124	80000174	fddff36f	jal	x6,80000174	  x6=0x80000174
        1265000	       125	00000000	00000013	addi	x0,x0,0	  x0:0x00000000
        1275000	       126	8000014c	00000013	addi	x0,x0,0	  x0:0x00000000
        1285000	       127	80000150	034000ef	jal	x1,80000150	  x1=0x80000150
        1295000	       128	00000000	00000013	addi	x0,x0,0	  x0:0x00000000
        1305000	       129	80000180	00000013	addi	x0,x0,0	  x0:0x00000000
        1315000	       130	80000184	fddff0ef	jal	x1,80000184	  x1=0x80000184
        1325000	       131	00000000	00000013	addi	x0,x0,0	  x0:0x00000000
        1335000	       132	8000015c	00000013	addi	x0,x0,0	  x0:0x00000000
        1345000	       133	80000160	ff5ff3ef	jal	x7,80000160	  x7=0x80000160
        1355000	       134	00000000	00000013	addi	x0,x0,0	  x0:0x00000000
        1365000	       135	80000150	00000013	addi	x0,x0,0	  x0:0x00000000
        1375000	       136	80000154	0240036f	jal	x6,80000154	  x6=0x80000154
        1385000	       137	00000000	00000013	addi	x0,x0,0	  x0:0x00000000
        1395000	       138	80000174	00000013	addi	x0,x0,0	  x0:0x00000000
        1405000	       139	80000178	fd1ff0ef	jal	x1,80000178	  x1=0x80000178
        1415000	       140	00000000	00000013	addi	x0,x0,0	  x0:0x00000000
        1425000	       141	80000144	00000013	addi	x0,x0,0	  x0:0x00000000
        1435000	       142	80000148	fedff0ef	jal	x1,80000148	  x1=0x80000148
        1445000	       143	00000000	00000013	addi	x0,x0,0	  x0:0x00000000
        1455000	       144	80000130	00000013	addi	x0,x0,0	  x0:0x00000000
        1465000	       145	80000134	ff5ff36f	jal	x6,80000134	  x6=0x80000134
        1475000	       146	00000000	00000013	addi	x0,x0,0	  x0:0x00000000
        1485000	       147	80000124	00000013	addi	x0,x0,0	  x0:0x00000000
        1495000	       148	80000128	018000ef	jal	x1,80000128	  x1=0x80000128
        1505000	       149	00000000	00000013	addi	x0,x0,0	  x0:0x00000000
        1515000	       150	8000013c	00000013	addi	x0,x0,0	  x0:0x00000000
        1525000	       151	80000140	040000ef	jal	x1,80000140	  x1=0x80000140
        1535000	       152	00000000	00000013	addi	x0,x0,0	  x0:0x00000000
        1545000	       153	8000017c	00000013	addi	x0,x0,0	  x0:0x00000000
        1555000	       154	80000180	fb1ff0ef	jal	x1,80000180	  x1=0x80000180
        1565000	       155	00000000	00000013	addi	x0,x0,0	  x0:0x00000000
        1575000	       156	8000012c	00000013	addi	x0,x0,0	  x0:0x00000000
        1585000	       157	80000130	04c0036f	jal	x6,80000130	  x6=0x80000130
        1595000	       158	00000000	00000013	addi	x0,x0,0	  x0:0x00000000
        1605000	       159	80000178	00000013	addi	x0,x0,0	  x0:0x00000000
        1615000	       160	8000017c	fa9ff36f	jal	x6,8000017c	  x6=0x8000017c
        1625000	       161	00000000	00000013	addi	x0,x0,0	  x0:0x00000000
        1635000	       162	80000120	00000013	addi	x0,x0,0	  x0:0x00000000
        1645000	       163	80000124	0640036f	jal	x6,80000124	  x6=0x80000124
        1655000	       164	00000000	00000013	addi	x0,x0,0	  x0:0x00000000
        1665000	       165	80000184	00000013	addi	x0,x0,0	  x0:0x00000000
        1675000	       166	80000188	00000013	addi	x0,x0,0	  x0:0x00000000
        1685000	       167	8000018c	c45ace93	xori	x29,x21,-955	 x21:0x80000164 x29=0x7ffffd21
        1695000	       168	80000190	01122cb3	slt	x25,x4,x17	  x4:0x80000118 x17:0x00000000 x25=0x00000001
        1705000	       169	80000194	86047c93	andi	x25,x8,-1952	  x8:0xddd761a7 x25=0xddd76020
        1715000	       170	80000198	41515233	sra	x4,x2,x21	  x2:0x8000016c x21:0x80000164  x4=0xf8000016
        1725000	       171	8000019c	008e4933	xor	x18,x28,x8	 x28:0x09927dcb  x8:0xddd761a7 x18=0xd4451c6c
        1735000	       172	800001a0	011b7f33	and	x30,x22,x17	 x22:0x80000000 x17:0x00000000 x30=0x00000000
        1745000	       173	800001a4	01ee1833	sll	x16,x28,x30	 x28:0x09927dcb x30:0x00000000 x16=0x09927dcb
        1755000	       174	800001a8	021ae663	bltu	x21,x1,800001d4	 x21:0x80000164  x1:0x80000180
        1765000	       175	00000000	00000013	addi	x0,x0,0	  x0:0x00000000
        1775000	       176	800001d0	00000013	addi	x0,x0,0	  x0:0x00000000
        1785000	       177	800001d4	4da92c93	slti	x25,x18,1242	 x18:0xd4451c6c x25=0x00000001
        1795000	       178	800001d8	a780ba13	sltiu	x20,x1,-1416	  x1:0x80000180 x20=0x00000001
        1805000	       179	800001dc	023e6063	bltu	x28,x3,800001fc	 x28:0x09927dcb  x3:0x8000011c
        1815000	       180	00000000	00000013	addi	x0,x0,0	  x0:0x00000000
        1825000	       181	800001f8	00000013	addi	x0,x0,0	  x0:0x00000000
        1835000	       182	800001fc	2fbab893	sltiu	x17,x21,763	 x21:0x80000164 x17=0x00000000
        1845000	       183	80000200	d05dc113	xori	x2,x27,-763	 x27:0x80000000  x2=0x7ffffd05
        1855000	       184	80000204	007ed113	srli	x2,x29,0x7	 x29:0x7ffffd21  x2=0x00fffffa
        1865000	       185	80000208	035d9e63	bne	x27,x21,80000244	 x27:0x80000000 x21:0x80000164
        1875000	       186	00000000	00000013	addi	x0,x0,0	  x0:0x00000000
        1885000	       187	80000240	00000013	addi	x0,x0,0	  x0:0x00000000
        1895000	       188	80000244	01535893	srli	x17,x6,0x15	  x6:0x80000124 x17=0x00000400
        1905000	       189	80000248	01ecd7b3	srl	x15,x25,x30	 x25:0x00000001 x30:0x00000000 x15=0x00000001
        1915000	       190	8000024c	40a98cb3	sub	x25,x19,x10	 x19:0x00000000 x10:0x0000000a x25=0xfffffff6
        1925000	       191	80000250	005f5b93	srli	x23,x30,0x5	 x30:0x00000000 x23=0x00000000
        1935000	       192	80000254	045c1663	bne	x24,x5,800002a0	 x24:0x00000000  x5:0x80000120
        1945000	       193	00000000	00000013	addi	x0,x0,0	  x0:0x00000000
        1955000	       194	8000029c	00000013	addi	x0,x0,0	  x0:0x00000000
        1965000	       195	800002a0	fdec7d93	andi	x27,x24,-34	 x24:0x00000000 x27=0x00000000
        1975000	       196	800002a4	001754b3	srl	x9,x14,x1	 x14:0x00000000  x1:0x80000180  x9=0x00000000
        1985000	       197	800002a8	01e79c93	slli	x25,x15,0x1e	 x15:0x00000001 x25=0x40000000
        1995000	       198	800002ac	01031bb3	sll	x23,x6,x16	  x6:0x80000124 x16:0x09927dcb x23=0x00092000
        2005000	       199	800002b0	00000f97	auipc	x31,0x0	 x31=0x800002ac
        2015000	       200	800002b4	00cf8f93	addi	x31,x31,12	 x31:0x800002ac x31=0x800002b8
        2025000	       201	800002b8	000f8067	jalr	x0,x31,0	 x31:0x800002b8
        2035000	       202	00000000	00000013	addi	x0,x0,0	  x0:0x00000000
        2045000	       203	800002b8	00000013	addi	x0,x0,0	  x0:0x00000000
        2055000	       204	800002bc	00100193	addi	x3,x0,1	  x0:0x00000000  x3=0x00000001
        2065000	       205	800002c0	00000073	ecall	
        2075000	       206	800002c4	3031f513	andi	x10,x3,771	  x3:0x00000001 x10=0x00000001
