		Time			Cycle	PC		Insn	Decoded instruction	Register and memory contents
          65000	         5	80000004	00000293	addi	x5,x0,0	  x0:0x00000000  x5=0x00000000
          75000	         6	80000008	00000313	addi	x6,x0,0	  x0:0x00000000  x6=0x00000000
          85000	         7	8000000c	00628263	beq	x5,x6,80000010	  x5:0x00000000  x6:0x00000000
          95000	         8	00000000	00000013	addi	x0,x0,0	  x0:0x00000000
         105000	         9	8000000c	00000013	addi	x0,x0,0	  x0:0x00000000
         115000	        10	80000010	00000b17	auipc	x22,0x0	 x22=0x8000000c
         125000	        11	80000014	00cb0b13	addi	x22,x22,12	 x22:0x8000000c x22=0x80000018
         135000	        12	80000018	000b0067	jalr	x0,x22,0	 x22:0x80000018
         145000	        13	00000000	00000013	addi	x0,x0,0	  x0:0x00000000
         155000	        14	80000018	00000013	addi	x0,x0,0	  x0:0x00000000
         165000	        15	8000001c	40000437	lui	x8,0x40000	  x8=0x40000000
         175000	        16	80000020	10040413	addi	x8,x8,256	  x8:0x40000000  x8=0x40000100
         185000	        17	80000024	00000013	addi	x0,x0,0	  x0:0x00000000
         195000	        18	80000028	0000a897	auipc	x17,0xa	 x17=0x8000a024
         205000	        19	8000002c	fa088893	addi	x17,x17,-96	 x17:0x8000a024 x17=0x80009fc4
         215000	        20	80000030	00005417	auipc	x8,0x5	  x8=0x8000502c
         225000	        21	80000034	f1440413	addi	x8,x8,-236	  x8:0x8000502c  x8=0x80004f40
         235000	        22	80000038	00146413	ori	x8,x8,1	  x8:0x80004f40  x8=0x80004f41
         245000	        23	8000003c	00000013	addi	x0,x0,0	  x0:0x00000000
         255000	        24	80000040	00000417	auipc	x8,0x0	  x8=0x8000003c
         265000	        25	80000044	02040413	addi	x8,x8,32	  x8:0x8000003c  x8=0x8000005c
         275000	        26	80000048	00000013	addi	x0,x0,0	  x0:0x00000000
         285000	        27	8000004c	00000013	addi	x0,x0,0	  x0:0x00000000
         295000	        28	80000050	00002437	lui	x8,0x2	  x8=0x00002000
         305000	        29	80000054	80040413	addi	x8,x8,-2048	  x8:0x00002000  x8=0x00001800
         315000	        30	80000058	00000013	addi	x0,x0,0	  x0:0x00000000
         325000	        31	8000005c	00000013	addi	x0,x0,0	  x0:0x00000000
         335000	        32	80000060	f6325037	lui	x0,0xf6325	
         345000	        33	80000064	90700013	addi	x0,x0,-1785	  x0:0x00000000
         355000	        34	80000068	00400093	addi	x1,x0,4	  x0:0x00000000  x1=0x00000004
         365000	        35	8000006c	fe552137	lui	x2,0xfe552	  x2=0xfe552000
         375000	        36	80000070	e5410113	addi	x2,x2,-428	  x2:0xfe552000  x2=0xfe551e54
         385000	        37	80000074	00300193	addi	x3,x0,3	  x0:0x00000000  x3=0x00000003
         395000	        38	80000078	00000213	addi	x4,x0,0	  x0:0x00000000  x4=0x00000000
         405000	        39	8000007c	f8b042b7	lui	x5,0xf8b04	  x5=0xf8b04000
         415000	        40	80000080	65428293	addi	x5,x5,1620	  x5:0xf8b04000  x5=0xf8b04654
         425000	        41	80000084	cafff337	lui	x6,0xcafff	  x6=0xcafff000
         435000	        42	80000088	53830313	addi	x6,x6,1336	  x6:0xcafff000  x6=0xcafff538
         445000	        43	8000008c	00000393	addi	x7,x0,0	  x0:0x00000000  x7=0x00000000
         455000	        44	80000090	00200413	addi	x8,x0,2	  x0:0x00000000  x8=0x00000002
         465000	        45	80000094	00000493	addi	x9,x0,0	  x0:0x00000000  x9=0x00000000
         475000	        46	80000098	6064a537	lui	x10,0x6064a	 x10=0x6064a000
         485000	        47	8000009c	b0950513	addi	x10,x10,-1271	 x10:0x6064a000 x10=0x60649b09
         495000	        48	800000a0	00800593	addi	x11,x0,8	  x0:0x00000000 x11=0x00000008
         505000	        49	800000a4	fd716637	lui	x12,0xfd716	 x12=0xfd716000
         515000	        50	800000a8	93460613	addi	x12,x12,-1740	 x12:0xfd716000 x12=0xfd715934
         525000	        51	800000ac	800006b7	lui	x13,0x80000	 x13=0x80000000
         535000	        52	800000b0	f771f737	lui	x14,0xf771f	 x14=0xf771f000
         545000	        53	800000b4	9f870713	addi	x14,x14,-1544	 x14:0xf771f000 x14=0xf771e9f8
         555000	        54	800000b8	00000793	addi	x15,x0,0	  x0:0x00000000 x15=0x00000000
         565000	        55	800000bc	00600813	addi	x16,x0,6	  x0:0x00000000 x16=0x00000006
         575000	        56	800000c0	00500913	addi	x18,x0,5	  x0:0x00000000 x18=0x00000005
         585000	        57	800000c4	f7a709b7	lui	x19,0xf7a70	 x19=0xf7a70000
         595000	        58	800000c8	94498993	addi	x19,x19,-1724	 x19:0xf7a70000 x19=0xf7a6f944
         605000	        59	800000cc	80000a37	lui	x20,0x80000	 x20=0x80000000
         615000	        60	800000d0	f8cc7ab7	lui	x21,0xf8cc7	 x21=0xf8cc7000
         625000	        61	800000d4	270a8a93	addi	x21,x21,624	 x21:0xf8cc7000 x21=0xf8cc7270
         635000	        62	800000d8	ec173b37	lui	x22,0xec173	 x22=0xec173000
         645000	        63	800000dc	ddab0b13	addi	x22,x22,-550	 x22:0xec173000 x22=0xec172dda
         655000	        64	800000e0	841a5bb7	lui	x23,0x841a5	 x23=0x841a5000
         665000	        65	800000e4	43ab8b93	addi	x23,x23,1082	 x23:0x841a5000 x23=0x841a543a
         675000	        66	800000e8	f1a3ccb7	lui	x25,0xf1a3c	 x25=0xf1a3c000
         685000	        67	800000ec	65bc8c93	addi	x25,x25,1627	 x25:0xf1a3c000 x25=0xf1a3c65b
         695000	        68	800000f0	00500d13	addi	x26,x0,5	  x0:0x00000000 x26=0x00000005
         705000	        69	800000f4	00000d93	addi	x27,x0,0	  x0:0x00000000 x27=0x00000000
         715000	        70	800000f8	00c00e13	addi	x28,x0,12	  x0:0x00000000 x28=0x0000000c
         725000	        71	800000fc	80000eb7	lui	x29,0x80000	 x29=0x80000000
         735000	        72	80000100	00100f13	addi	x30,x0,1	  x0:0x00000000 x30=0x00000001
         745000	        73	80000104	80000fb7	lui	x31,0x80000	 x31=0x80000000
         755000	        74	80000108	0000ac17	auipc	x24,0xa	 x24=0x8000a104
         765000	        75	8000010c	e80c0c13	addi	x24,x24,-384	 x24:0x8000a104 x24=0x80009f84
         775000	        76	80000110	05800cef	jal	x25,80000110	 x25=0x80000110
         785000	        77	00000000	00000013	addi	x0,x0,0	  x0:0x00000000
         795000	        78	80000164	00000013	addi	x0,x0,0	  x0:0x00000000
         805000	        79	80000168	fbdff0ef	jal	x1,80000168	  x1=0x80000168
         815000	        80	00000000	00000013	addi	x0,x0,0	  x0:0x00000000
         825000	        81	80000120	00000013	addi	x0,x0,0	  x0:0x00000000
         835000	        82	80000124	00c0016f	jal	x2,80000124	  x2=0x80000124
         845000	        83	00000000	00000013	addi	x0,x0,0	  x0:0x00000000
         855000	        84	8000012c	00000013	addi	x0,x0,0	  x0:0x00000000
         865000	        85	80000130	0040036f	jal	x6,80000130	  x6=0x80000130
         875000	        86	00000000	00000013	addi	x0,x0,0	  x0:0x00000000
         885000	        87	80000130	00000013	addi	x0,x0,0	  x0:0x00000000
         895000	        88	80000134	024000ef	jal	x1,80000134	  x1=0x80000134
         905000	        89	00000000	00000013	addi	x0,x0,0	  x0:0x00000000
         915000	        90	80000154	00000013	addi	x0,x0,0	  x0:0x00000000
         925000	        91	80000158	ff1ff66f	jal	x12,80000158	 x12=0x80000158
         935000	        92	00000000	00000013	addi	x0,x0,0	  x0:0x00000000
         945000	        93	80000144	00000013	addi	x0,x0,0	  x0:0x00000000
         955000	        94	80000148	004001ef	jal	x3,80000148	  x3=0x80000148
         965000	        95	00000000	00000013	addi	x0,x0,0	  x0:0x00000000
         975000	        96	80000148	00000013	addi	x0,x0,0	  x0:0x00000000
         985000	        97	8000014c	fd5ff2ef	jal	x5,8000014c	  x5=0x8000014c
         995000	        98	00000000	00000013	addi	x0,x0,0	  x0:0x00000000
        1005000	        99	8000011c	00000013	addi	x0,x0,0	  x0:0x00000000
        1015000	       100	80000120	03c000ef	jal	x1,80000120	  x1=0x80000120
        1025000	       101	00000000	00000013	addi	x0,x0,0	  x0:0x00000000
        1035000	       102	80000158	00000013	addi	x0,x0,0	  x0:0x00000000
        1045000	       103	8000015c	fddff36f	jal	x6,8000015c	  x6=0x8000015c
        1055000	       104	00000000	00000013	addi	x0,x0,0	  x0:0x00000000
        1065000	       105	80000134	00000013	addi	x0,x0,0	  x0:0x00000000
        1075000	       106	80000138	fe1ff0ef	jal	x1,80000138	  x1=0x80000138
        1085000	       107	00000000	00000013	addi	x0,x0,0	  x0:0x00000000
        1095000	       108	80000114	00000013	addi	x0,x0,0	  x0:0x00000000
        1105000	       109	80000118	048000ef	jal	x1,80000118	  x1=0x80000118
        1115000	       110	00000000	00000013	addi	x0,x0,0	  x0:0x00000000
        1125000	       111	8000015c	00000013	addi	x0,x0,0	  x0:0x00000000
        1135000	       112	80000160	ff5ff36f	jal	x6,80000160	  x6=0x80000160
        1145000	       113	00000000	00000013	addi	x0,x0,0	  x0:0x00000000
        1155000	       114	80000150	00000013	addi	x0,x0,0	  x0:0x00000000
        1165000	       115	80000154	0100036f	jal	x6,80000154	  x6=0x80000154
        1175000	       116	00000000	00000013	addi	x0,x0,0	  x0:0x00000000
        1185000	       117	80000160	00000013	addi	x0,x0,0	  x0:0x00000000
        1195000	       118	80000164	fb9ff0ef	jal	x1,80000164	  x1=0x80000164
        1205000	       119	00000000	00000013	addi	x0,x0,0	  x0:0x00000000
        1215000	       120	80000118	00000013	addi	x0,x0,0	  x0:0x00000000
        1225000	       121	8000011c	0100036f	jal	x6,8000011c	  x6=0x8000011c
        1235000	       122	00000000	00000013	addi	x0,x0,0	  x0:0x00000000
        1245000	       123	80000128	00000013	addi	x0,x0,0	  x0:0x00000000
        1255000	       124	8000012c	ffdff0ef	jal	x1,8000012c	  x1=0x8000012c
        1265000	       125	00000000	00000013	addi	x0,x0,0	  x0:0x00000000
        1275000	       126	80000124	00000013	addi	x0,x0,0	  x0:0x00000000
        1285000	       127	80000128	01c000ef	jal	x1,80000128	  x1=0x80000128
        1295000	       128	00000000	00000013	addi	x0,x0,0	  x0:0x00000000
        1305000	       129	80000140	00000013	addi	x0,x0,0	  x0:0x00000000
        1315000	       130	80000144	ff9ff2ef	jal	x5,80000144	  x5=0x80000144
        1325000	       131	00000000	00000013	addi	x0,x0,0	  x0:0x00000000
        1335000	       132	80000138	00000013	addi	x0,x0,0	  x0:0x00000000
        1345000	       133	8000013c	004000ef	jal	x1,8000013c	  x1=0x8000013c
        1355000	       134	00000000	00000013	addi	x0,x0,0	  x0:0x00000000
        1365000	       135	8000013c	00000013	addi	x0,x0,0	  x0:0x00000000
        1375000	       136	80000140	010000ef	jal	x1,80000140	  x1=0x80000140
        1385000	       137	00000000	00000013	addi	x0,x0,0	  x0:0x00000000
        1395000	       138	8000014c	00000013	addi	x0,x0,0	  x0:0x00000000
        1405000	       139	80000150	fc5ff4ef	jal	x9,80000150	  x9=0x80000150
        1415000	       140	00000000	00000013	addi	x0,x0,0	  x0:0x00000000
        1425000	       141	80000110	00000013	addi	x0,x0,0	  x0:0x00000000
        1435000	       142	80000114	058000ef	jal	x1,80000114	  x1=0x80000114
        1445000	       143	00000000	00000013	addi	x0,x0,0	  x0:0x00000000
        1455000	       144	80000168	00000013	addi	x0,x0,0	  x0:0x00000000
        1465000	       145	8000016c	002ff233	and	x4,x31,x2	 x31:0x80000000  x2:0x80000124  x4=0x80000000
        1475000	       146	80000170	01000cef	jal	x25,80000170	 x25=0x80000170
        1485000	       147	00000000	00000013	addi	x0,x0,0	  x0:0x00000000
        1495000	       148	8000017c	00000013	addi	x0,x0,0	  x0:0x00000000
        1505000	       149	80000180	044000ef	jal	x1,80000180	  x1=0x80000180
        1515000	       150	00000000	00000013	addi	x0,x0,0	  x0:0x00000000
        1525000	       151	800001c0	00000013	addi	x0,x0,0	  x0:0x00000000
        1535000	       152	800001c4	fe5ff0ef	jal	x1,800001c4	  x1=0x800001c4
        1545000	       153	00000000	00000013	addi	x0,x0,0	  x0:0x00000000
        1555000	       154	800001a4	00000013	addi	x0,x0,0	  x0:0x00000000
        1565000	       155	800001a8	010000ef	jal	x1,800001a8	  x1=0x800001a8
        1575000	       156	00000000	00000013	addi	x0,x0,0	  x0:0x00000000
        1585000	       157	800001b4	00000013	addi	x0,x0,0	  x0:0x00000000
        1595000	       158	800001b8	ff9ff36f	jal	x6,800001b8	  x6=0x800001b8
        1605000	       159	00000000	00000013	addi	x0,x0,0	  x0:0x00000000
        1615000	       160	800001ac	00000013	addi	x0,x0,0	  x0:0x00000000
        1625000	       161	800001b0	00c0036f	jal	x6,800001b0	  x6=0x800001b0
        1635000	       162	00000000	00000013	addi	x0,x0,0	  x0:0x00000000
        1645000	       163	800001b8	00000013	addi	x0,x0,0	  x0:0x00000000
        1655000	       164	800001bc	fb9ff36f	jal	x6,800001bc	  x6=0x800001bc
        1665000	       165	00000000	00000013	addi	x0,x0,0	  x0:0x00000000
        1675000	       166	80000170	00000013	addi	x0,x0,0	  x0:0x00000000
        1685000	       167	80000174	04c000ef	jal	x1,80000174	  x1=0x80000174
        1695000	       168	00000000	00000013	addi	x0,x0,0	  x0:0x00000000
        1705000	       169	800001bc	00000013	addi	x0,x0,0	  x0:0x00000000
        1715000	       170	800001c0	ff5ff0ef	jal	x1,800001c0	  x1=0x800001c0
        1725000	       171	00000000	00000013	addi	x0,x0,0	  x0:0x00000000
        1735000	       172	800001b0	00000013	addi	x0,x0,0	  x0:0x00000000
        1745000	       173	800001b4	fe5ff0ef	jal	x1,800001b4	  x1=0x800001b4
        1755000	       174	00000000	00000013	addi	x0,x0,0	  x0:0x00000000
        1765000	       175	80000194	00000013	addi	x0,x0,0	  x0:0x00000000
        1775000	       176	80000198	fe1ff16f	jal	x2,80000198	  x2=0x80000198
        1785000	       177	00000000	00000013	addi	x0,x0,0	  x0:0x00000000
        1795000	       178	80000174	00000013	addi	x0,x0,0	  x0:0x00000000
        1805000	       179	80000178	0500036f	jal	x6,80000178	  x6=0x80000178
        1815000	       180	00000000	00000013	addi	x0,x0,0	  x0:0x00000000
        1825000	       181	800001c4	00000013	addi	x0,x0,0	  x0:0x00000000
        1835000	       182	800001c8	fd5ffbef	jal	x23,800001c8	 x23=0x800001c8
        1845000	       183	00000000	00000013	addi	x0,x0,0	  x0:0x00000000
        1855000	       184	80000198	00000013	addi	x0,x0,0	  x0:0x00000000
        1865000	       185	8000019c	fe1ff36f	jal	x6,8000019c	  x6=0x8000019c
        1875000	       186	00000000	00000013	addi	x0,x0,0	  x0:0x00000000
        1885000	       187	80000178	00000013	addi	x0,x0,0	  x0:0x00000000
        1895000	       188	8000017c	008004ef	jal	x9,8000017c	  x9=0x8000017c
        1905000	       189	00000000	00000013	addi	x0,x0,0	  x0:0x00000000
        1915000	       190	80000180	00000013	addi	x0,x0,0	  x0:0x00000000
        1925000	       191	80000184	020006ef	jal	x13,80000184	 x13=0x80000184
        1935000	       192	00000000	00000013	addi	x0,x0,0	  x0:0x00000000
        1945000	       193	800001a0	00000013	addi	x0,x0,0	  x0:0x00000000
        1955000	       194	800001a4	fedff2ef	jal	x5,800001a4	  x5=0x800001a4
        1965000	       195	00000000	00000013	addi	x0,x0,0	  x0:0x00000000
        1975000	       196	8000018c	00000013	addi	x0,x0,0	  x0:0x00000000
        1985000	       197	80000190	01c000ef	jal	x1,80000190	  x1=0x80000190
        1995000	       198	00000000	00000013	addi	x0,x0,0	  x0:0x00000000
        2005000	       199	800001a8	00000013	addi	x0,x0,0	  x0:0x00000000
        2015000	       200	800001ac	fe1ff0ef	jal	x1,800001ac	  x1=0x800001ac
        2025000	       201	00000000	00000013	addi	x0,x0,0	  x0:0x00000000
        2035000	       202	80000188	00000013	addi	x0,x0,0	  x0:0x00000000
        2045000	       203	8000018c	008000ef	jal	x1,8000018c	  x1=0x8000018c
        2055000	       204	00000000	00000013	addi	x0,x0,0	  x0:0x00000000
        2065000	       205	80000190	00000013	addi	x0,x0,0	  x0:0x00000000
        2075000	       206	80000194	ff5ff0ef	jal	x1,80000194	  x1=0x80000194
        2085000	       207	00000000	00000013	addi	x0,x0,0	  x0:0x00000000
        2095000	       208	80000184	00000013	addi	x0,x0,0	  x0:0x00000000
        2105000	       209	80000188	018000ef	jal	x1,80000188	  x1=0x80000188
        2115000	       210	00000000	00000013	addi	x0,x0,0	  x0:0x00000000
        2125000	       211	8000019c	00000013	addi	x0,x0,0	  x0:0x00000000
        2135000	       212	800001a0	02c004ef	jal	x9,800001a0	  x9=0x800001a0
        2145000	       213	00000000	00000013	addi	x0,x0,0	  x0:0x00000000
        2155000	       214	800001c8	00000013	addi	x0,x0,0	  x0:0x00000000
        2165000	       215	800001cc	41d70633	sub	x12,x14,x29	 x14:0xf771e9f8 x29:0x80000000 x12=0x7771e9f8
        2175000	       216	800001d0	02400cef	jal	x25,800001d0	 x25=0x800001d0
        2185000	       217	00000000	00000013	addi	x0,x0,0	  x0:0x00000000
        2195000	       218	800001f0	00000013	addi	x0,x0,0	  x0:0x00000000
        2205000	       219	800001f4	ff1ff36f	jal	x6,800001f4	  x6=0x800001f4
        2215000	       220	00000000	00000013	addi	x0,x0,0	  x0:0x00000000
        2225000	       221	800001e0	00000013	addi	x0,x0,0	  x0:0x00000000
        2235000	       222	800001e4	ffdff36f	jal	x6,800001e4	  x6=0x800001e4
        2245000	       223	00000000	00000013	addi	x0,x0,0	  x0:0x00000000
        2255000	       224	800001dc	00000013	addi	x0,x0,0	  x0:0x00000000
        2265000	       225	800001e0	00c000ef	jal	x1,800001e0	  x1=0x800001e0
        2275000	       226	00000000	00000013	addi	x0,x0,0	  x0:0x00000000
        2285000	       227	800001e8	00000013	addi	x0,x0,0	  x0:0x00000000
        2295000	       228	800001ec	018007ef	jal	x15,800001ec	 x15=0x800001ec
        2305000	       229	00000000	00000013	addi	x0,x0,0	  x0:0x00000000
        2315000	       230	80000200	00000013	addi	x0,x0,0	  x0:0x00000000
        2325000	       231	80000204	fe5ff36f	jal	x6,80000204	  x6=0x80000204
        2335000	       232	00000000	00000013	addi	x0,x0,0	  x0:0x00000000
        2345000	       233	800001e4	00000013	addi	x0,x0,0	  x0:0x00000000
        2355000	       234	800001e8	0280036f	jal	x6,800001e8	  x6=0x800001e8
        2365000	       235	00000000	00000013	addi	x0,x0,0	  x0:0x00000000
        2375000	       236	8000020c	00000013	addi	x0,x0,0	  x0:0x00000000
        2385000	       237	80000210	ff1ff96f	jal	x18,80000210	 x18=0x80000210
        2395000	       238	00000000	00000013	addi	x0,x0,0	  x0:0x00000000
        2405000	       239	800001fc	00000013	addi	x0,x0,0	  x0:0x00000000
        2415000	       240	80000200	ff9ff0ef	jal	x1,80000200	  x1=0x80000200
        2425000	       241	00000000	00000013	addi	x0,x0,0	  x0:0x00000000
        2435000	       242	800001f4	00000013	addi	x0,x0,0	  x0:0x00000000
        2445000	       243	800001f8	ff9ff0ef	jal	x1,800001f8	  x1=0x800001f8
        2455000	       244	00000000	00000013	addi	x0,x0,0	  x0:0x00000000
        2465000	       245	800001ec	00000013	addi	x0,x0,0	  x0:0x00000000
        2475000	       246	800001f0	00c000ef	jal	x1,800001f0	  x1=0x800001f0
        2485000	       247	00000000	00000013	addi	x0,x0,0	  x0:0x00000000
        2495000	       248	800001f8	00000013	addi	x0,x0,0	  x0:0x00000000
        2505000	       249	800001fc	00c00fef	jal	x31,800001fc	 x31=0x800001fc
        2515000	       250	00000000	00000013	addi	x0,x0,0	  x0:0x00000000
        2525000	       251	80000204	00000013	addi	x0,x0,0	  x0:0x00000000
        2535000	       252	80000208	fcdff46f	jal	x8,80000208	  x8=0x80000208
        2545000	       253	00000000	00000013	addi	x0,x0,0	  x0:0x00000000
        2555000	       254	800001d0	00000013	addi	x0,x0,0	  x0:0x00000000
        2565000	       255	800001d4	038000ef	jal	x1,800001d4	  x1=0x800001d4
        2575000	       256	00000000	00000013	addi	x0,x0,0	  x0:0x00000000
        2585000	       257	80000208	00000013	addi	x0,x0,0	  x0:0x00000000
        2595000	       258	8000020c	fcdff36f	jal	x6,8000020c	  x6=0x8000020c
        2605000	       259	00000000	00000013	addi	x0,x0,0	  x0:0x00000000
        2615000	       260	800001d4	00000013	addi	x0,x0,0	  x0:0x00000000
        2625000	       261	800001d8	004006ef	jal	x13,800001d8	 x13=0x800001d8
        2635000	       262	00000000	00000013	addi	x0,x0,0	  x0:0x00000000
        2645000	       263	800001d8	00000013	addi	x0,x0,0	  x0:0x00000000
        2655000	       264	800001dc	038000ef	jal	x1,800001dc	  x1=0x800001dc
        2665000	       265	00000000	00000013	addi	x0,x0,0	  x0:0x00000000
        2675000	       266	80000210	00000013	addi	x0,x0,0	  x0:0x00000000
        2685000	       267	80000214	00dcc033	xor	x0,x25,x13	 x25:0x800001d0 x13:0x800001d8
        2695000	       268	80000218	05000cef	jal	x25,80000218	 x25=0x80000218
        2705000	       269	00000000	00000013	addi	x0,x0,0	  x0:0x00000000
        2715000	       270	80000264	00000013	addi	x0,x0,0	  x0:0x00000000
        2725000	       271	80000268	fbdffa6f	jal	x20,80000268	 x20=0x80000268
        2735000	       272	00000000	00000013	addi	x0,x0,0	  x0:0x00000000
        2745000	       273	80000220	00000013	addi	x0,x0,0	  x0:0x00000000
        2755000	       274	80000224	ffdfffef	jal	x31,80000224	 x31=0x80000224
        2765000	       275	00000000	00000013	addi	x0,x0,0	  x0:0x00000000
        2775000	       276	8000021c	00000013	addi	x0,x0,0	  x0:0x00000000
        2785000	       277	80000220	01000d6f	jal	x26,80000220	 x26=0x80000220
        2795000	       278	00000000	00000013	addi	x0,x0,0	  x0:0x00000000
        2805000	       279	8000022c	00000013	addi	x0,x0,0	  x0:0x00000000
        2815000	       280	80000230	04c000ef	jal	x1,80000230	  x1=0x80000230
        2825000	       281	00000000	00000013	addi	x0,x0,0	  x0:0x00000000
        2835000	       282	80000278	00000013	addi	x0,x0,0	  x0:0x00000000
        2845000	       283	8000027c	fd9ffbef	jal	x23,8000027c	 x23=0x8000027c
        2855000	       284	00000000	00000013	addi	x0,x0,0	  x0:0x00000000
        2865000	       285	80000250	00000013	addi	x0,x0,0	  x0:0x00000000
        2875000	       286	80000254	024000ef	jal	x1,80000254	  x1=0x80000254
        2885000	       287	00000000	00000013	addi	x0,x0,0	  x0:0x00000000
        2895000	       288	80000274	00000013	addi	x0,x0,0	  x0:0x00000000
        2905000	       289	80000278	fbdff5ef	jal	x11,80000278	 x11=0x80000278
        2915000	       290	00000000	00000013	addi	x0,x0,0	  x0:0x00000000
        2925000	       291	80000230	00000013	addi	x0,x0,0	  x0:0x00000000
        2935000	       292	80000234	04c0036f	jal	x6,80000234	  x6=0x80000234
        2945000	       293	00000000	00000013	addi	x0,x0,0	  x0:0x00000000
        2955000	       294	8000027c	00000013	addi	x0,x0,0	  x0:0x00000000
        2965000	       295	80000280	fc1ff36f	jal	x6,80000280	  x6=0x80000280
        2975000	       296	00000000	00000013	addi	x0,x0,0	  x0:0x00000000
        2985000	       297	8000023c	00000013	addi	x0,x0,0	  x0:0x00000000
        2995000	       298	80000240	fedff0ef	jal	x1,80000240	  x1=0x80000240
        3005000	       299	00000000	00000013	addi	x0,x0,0	  x0:0x00000000
        3015000	       300	80000228	00000013	addi	x0,x0,0	  x0:0x00000000
        3025000	       301	8000022c	01c0036f	jal	x6,8000022c	  x6=0x8000022c
        3035000	       302	00000000	00000013	addi	x0,x0,0	  x0:0x00000000
        3045000	       303	80000244	00000013	addi	x0,x0,0	  x0:0x00000000
        3055000	       304	80000248	0180016f	jal	x2,80000248	  x2=0x80000248
        3065000	       305	00000000	00000013	addi	x0,x0,0	  x0:0x00000000
        3075000	       306	8000025c	00000013	addi	x0,x0,0	  x0:0x00000000
        3085000	       307	80000260	014000ef	jal	x1,80000260	  x1=0x80000260
        3095000	       308	00000000	00000013	addi	x0,x0,0	  x0:0x00000000
        3105000	       309	80000270	00000013	addi	x0,x0,0	  x0:0x00000000
        3115000	       310	80000274	014000ef	jal	x1,80000274	  x1=0x80000274
        3125000	       311	00000000	00000013	addi	x0,x0,0	  x0:0x00000000
        3135000	       312	80000284	00000013	addi	x0,x0,0	  x0:0x00000000
        3145000	       313	80000288	fddff36f	jal	x6,80000288	  x6=0x80000288
        3155000	       314	00000000	00000013	addi	x0,x0,0	  x0:0x00000000
        3165000	       315	80000260	00000013	addi	x0,x0,0	  x0:0x00000000
        3175000	       316	80000264	ff9ffbef	jal	x23,80000264	 x23=0x80000264
        3185000	       317	00000000	00000013	addi	x0,x0,0	  x0:0x00000000
        3195000	       318	80000258	00000013	addi	x0,x0,0	  x0:0x00000000
        3205000	       319	8000025c	fe1ff36f	jal	x6,8000025c	  x6=0x8000025c
        3215000	       320	00000000	00000013	addi	x0,x0,0	  x0:0x00000000
        3225000	       321	80000238	00000013	addi	x0,x0,0	  x0:0x00000000
        3235000	       322	8000023c	0300066f	jal	x12,8000023c	 x12=0x8000023c
        3245000	       323	00000000	00000013	addi	x0,x0,0	  x0:0x00000000
        3255000	       324	80000268	00000013	addi	x0,x0,0	  x0:0x00000000
        3265000	       325	8000026c	0040036f	jal	x6,8000026c	  x6=0x8000026c
        3275000	       326	00000000	00000013	addi	x0,x0,0	  x0:0x00000000
        3285000	       327	8000026c	00000013	addi	x0,x0,0	  x0:0x00000000
        3295000	       328	80000270	fd5ff0ef	jal	x1,80000270	  x1=0x80000270
        3305000	       329	00000000	00000013	addi	x0,x0,0	  x0:0x00000000
        3315000	       330	80000240	00000013	addi	x0,x0,0	  x0:0x00000000
        3325000	       331	80000244	008004ef	jal	x9,80000244	  x9=0x80000244
        3335000	       332	00000000	00000013	addi	x0,x0,0	  x0:0x00000000
        3345000	       333	80000248	00000013	addi	x0,x0,0	  x0:0x00000000
        3355000	       334	8000024c	fddff0ef	jal	x1,8000024c	  x1=0x8000024c
        3365000	       335	00000000	00000013	addi	x0,x0,0	  x0:0x00000000
        3375000	       336	80000224	00000013	addi	x0,x0,0	  x0:0x00000000
        3385000	       337	80000228	ff5ff0ef	jal	x1,80000228	  x1=0x80000228
        3395000	       338	00000000	00000013	addi	x0,x0,0	  x0:0x00000000
        3405000	       339	80000218	00000013	addi	x0,x0,0	  x0:0x00000000
        3415000	       340	8000021c	0680046f	jal	x8,8000021c	  x8=0x8000021c
        3425000	       341	00000000	00000013	addi	x0,x0,0	  x0:0x00000000
        3435000	       342	80000280	00000013	addi	x0,x0,0	  x0:0x00000000
        3445000	       343	80000284	fb5ff0ef	jal	x1,80000284	  x1=0x80000284
        3455000	       344	00000000	00000013	addi	x0,x0,0	  x0:0x00000000
        3465000	       345	80000234	00000013	addi	x0,x0,0	  x0:0x00000000
        3475000	       346	80000238	0180076f	jal	x14,80000238	 x14=0x80000238
        3485000	       347	00000000	00000013	addi	x0,x0,0	  x0:0x00000000
        3495000	       348	8000024c	00000013	addi	x0,x0,0	  x0:0x00000000
        3505000	       349	80000250	008000ef	jal	x1,80000250	  x1=0x80000250
        3515000	       350	00000000	00000013	addi	x0,x0,0	  x0:0x00000000
        3525000	       351	80000254	00000013	addi	x0,x0,0	  x0:0x00000000
        3535000	       352	80000258	034000ef	jal	x1,80000258	  x1=0x80000258
        3545000	       353	00000000	00000013	addi	x0,x0,0	  x0:0x00000000
        3555000	       354	80000288	00000013	addi	x0,x0,0	  x0:0x00000000
        3565000	       355	8000028c	40fcdc93	srai	x25,x25,0xf	 x25:0x80000218 x25=0xffff0000
        3575000	       356	80000290	00800cef	jal	x25,80000290	 x25=0x80000290
        3585000	       357	00000000	00000013	addi	x0,x0,0	  x0:0x00000000
        3595000	       358	80000294	00000013	addi	x0,x0,0	  x0:0x00000000
        3605000	       359	80000298	020000ef	jal	x1,80000298	  x1=0x80000298
        3615000	       360	00000000	00000013	addi	x0,x0,0	  x0:0x00000000
        3625000	       361	800002b4	00000013	addi	x0,x0,0	  x0:0x00000000
        3635000	       362	800002b8	fedff0ef	jal	x1,800002b8	  x1=0x800002b8
        3645000	       363	00000000	00000013	addi	x0,x0,0	  x0:0x00000000
        3655000	       364	800002a0	00000013	addi	x0,x0,0	  x0:0x00000000
        3665000	       365	800002a4	ffdff0ef	jal	x1,800002a4	  x1=0x800002a4
        3675000	       366	00000000	00000013	addi	x0,x0,0	  x0:0x00000000
        3685000	       367	8000029c	00000013	addi	x0,x0,0	  x0:0x00000000
        3695000	       368	800002a0	00c0026f	jal	x4,800002a0	  x4=0x800002a0
        3705000	       369	00000000	00000013	addi	x0,x0,0	  x0:0x00000000
        3715000	       370	800002a8	00000013	addi	x0,x0,0	  x0:0x00000000
        3725000	       371	800002ac	004000ef	jal	x1,800002ac	  x1=0x800002ac
        3735000	       372	00000000	00000013	addi	x0,x0,0	  x0:0x00000000
        3745000	       373	800002ac	00000013	addi	x0,x0,0	  x0:0x00000000
        3755000	       374	800002b0	0040036f	jal	x6,800002b0	  x6=0x800002b0
        3765000	       375	00000000	00000013	addi	x0,x0,0	  x0:0x00000000
        3775000	       376	800002b0	00000013	addi	x0,x0,0	  x0:0x00000000
        3785000	       377	800002b4	fe1ff0ef	jal	x1,800002b4	  x1=0x800002b4
        3795000	       378	00000000	00000013	addi	x0,x0,0	  x0:0x00000000
        3805000	       379	80000290	00000013	addi	x0,x0,0	  x0:0x00000000
        3815000	       380	80000294	014000ef	jal	x1,80000294	  x1=0x80000294
        3825000	       381	00000000	00000013	addi	x0,x0,0	  x0:0x00000000
        3835000	       382	800002a4	00000013	addi	x0,x0,0	  x0:0x00000000
        3845000	       383	800002a8	ff5ff36f	jal	x6,800002a8	  x6=0x800002a8
        3855000	       384	00000000	00000013	addi	x0,x0,0	  x0:0x00000000
        3865000	       385	80000298	00000013	addi	x0,x0,0	  x0:0x00000000
        3875000	       386	8000029c	02000e6f	jal	x28,8000029c	 x28=0x8000029c
        3885000	       387	00000000	00000013	addi	x0,x0,0	  x0:0x00000000
        3895000	       388	800002b8	00000013	addi	x0,x0,0	  x0:0x00000000
        3905000	       389	800002bc	00afd7b3	srl	x15,x31,x10	 x31:0x80000224 x10:0x60649b09 x15=0x00400001
        3915000	       390	800002c0	04800cef	jal	x25,800002c0	 x25=0x800002c0
        3925000	       391	00000000	00000013	addi	x0,x0,0	  x0:0x00000000
        3935000	       392	80000304	00000013	addi	x0,x0,0	  x0:0x00000000
        3945000	       393	80000308	fc9ffeef	jal	x29,80000308	 x29=0x80000308
        3955000	       394	00000000	00000013	addi	x0,x0,0	  x0:0x00000000
        3965000	       395	800002cc	00000013	addi	x0,x0,0	  x0:0x00000000
        3975000	       396	800002d0	ff9ff0ef	jal	x1,800002d0	  x1=0x800002d0
        3985000	       397	00000000	00000013	addi	x0,x0,0	  x0:0x00000000
        3995000	       398	800002c4	00000013	addi	x0,x0,0	  x0:0x00000000
        4005000	       399	800002c8	024001ef	jal	x3,800002c8	  x3=0x800002c8
        4015000	       400	00000000	00000013	addi	x0,x0,0	  x0:0x00000000
        4025000	       401	800002e8	00000013	addi	x0,x0,0	  x0:0x00000000
        4035000	       402	800002ec	028001ef	jal	x3,800002ec	  x3=0x800002ec
        4045000	       403	00000000	00000013	addi	x0,x0,0	  x0:0x00000000
        4055000	       404	80000310	00000013	addi	x0,x0,0	  x0:0x00000000
        4065000	       405	80000314	fe9ff0ef	jal	x1,80000314	  x1=0x80000314
        4075000	       406	00000000	00000013	addi	x0,x0,0	  x0:0x00000000
        4085000	       407	800002f8	00000013	addi	x0,x0,0	  x0:0x00000000
        4095000	       408	800002fc	fe1ff26f	jal	x4,800002fc	  x4=0x800002fc
        4105000	       409	00000000	00000013	addi	x0,x0,0	  x0:0x00000000
        4115000	       410	800002d8	00000013	addi	x0,x0,0	  x0:0x00000000
        4125000	       411	800002dc	004004ef	jal	x9,800002dc	  x9=0x800002dc
        4135000	       412	00000000	00000013	addi	x0,x0,0	  x0:0x00000000
        4145000	       413	800002dc	00000013	addi	x0,x0,0	  x0:0x00000000
        4155000	       414	800002e0	ff9ffbef	jal	x23,800002e0	 x23=0x800002e0
        4165000	       415	00000000	00000013	addi	x0,x0,0	  x0:0x00000000
        4175000	       416	800002d4	00000013	addi	x0,x0,0	  x0:0x00000000
        4185000	       417	800002d8	fedff0ef	jal	x1,800002d8	  x1=0x800002d8
        4195000	       418	00000000	00000013	addi	x0,x0,0	  x0:0x00000000
        4205000	       419	800002c0	00000013	addi	x0,x0,0	  x0:0x00000000
        4215000	       420	800002c4	008000ef	jal	x1,800002c4	  x1=0x800002c4
        4225000	       421	00000000	00000013	addi	x0,x0,0	  x0:0x00000000
        4235000	       422	800002c8	00000013	addi	x0,x0,0	  x0:0x00000000
        4245000	       423	800002cc	034000ef	jal	x1,800002cc	  x1=0x800002cc
        4255000	       424	00000000	00000013	addi	x0,x0,0	  x0:0x00000000
        4265000	       425	800002fc	00000013	addi	x0,x0,0	  x0:0x00000000
        4275000	       426	80000300	fe5ff0ef	jal	x1,80000300	  x1=0x80000300
        4285000	       427	00000000	00000013	addi	x0,x0,0	  x0:0x00000000
        4295000	       428	800002e0	00000013	addi	x0,x0,0	  x0:0x00000000
        4305000	       429	800002e4	0040056f	jal	x10,800002e4	 x10=0x800002e4
        4315000	       430	00000000	00000013	addi	x0,x0,0	  x0:0x00000000
        4325000	       431	800002e4	00000013	addi	x0,x0,0	  x0:0x00000000
        4335000	       432	800002e8	008000ef	jal	x1,800002e8	  x1=0x800002e8
        4345000	       433	00000000	00000013	addi	x0,x0,0	  x0:0x00000000
        4355000	       434	800002ec	00000013	addi	x0,x0,0	  x0:0x00000000
        4365000	       435	800002f0	008000ef	jal	x1,800002f0	  x1=0x800002f0
        4375000	       436	00000000	00000013	addi	x0,x0,0	  x0:0x00000000
        4385000	       437	800002f4	00000013	addi	x0,x0,0	  x0:0x00000000
        4395000	       438	800002f8	ffdff0ef	jal	x1,800002f8	  x1=0x800002f8
        4405000	       439	00000000	00000013	addi	x0,x0,0	  x0:0x00000000
        4415000	       440	800002f0	00000013	addi	x0,x0,0	  x0:0x00000000
        4425000	       441	800002f4	01c000ef	jal	x1,800002f4	  x1=0x800002f4
        4435000	       442	00000000	00000013	addi	x0,x0,0	  x0:0x00000000
        4445000	       443	8000030c	00000013	addi	x0,x0,0	  x0:0x00000000
        4455000	       444	80000310	fc5ffe6f	jal	x28,80000310	 x28=0x80000310
        4465000	       445	00000000	00000013	addi	x0,x0,0	  x0:0x00000000
        4475000	       446	800002d0	00000013	addi	x0,x0,0	  x0:0x00000000
        4485000	       447	800002d4	030000ef	jal	x1,800002d4	  x1=0x800002d4
        4495000	       448	00000000	00000013	addi	x0,x0,0	  x0:0x00000000
        4505000	       449	80000300	00000013	addi	x0,x0,0	  x0:0x00000000
        4515000	       450	80000304	0080036f	jal	x6,80000304	  x6=0x80000304
        4525000	       451	00000000	00000013	addi	x0,x0,0	  x0:0x00000000
        4535000	       452	80000308	00000013	addi	x0,x0,0	  x0:0x00000000
        4545000	       453	8000030c	00c0056f	jal	x10,8000030c	 x10=0x8000030c
        4555000	       454	00000000	00000013	addi	x0,x0,0	  x0:0x00000000
        4565000	       455	80000314	00000013	addi	x0,x0,0	  x0:0x00000000
        4575000	       456	80000318	00f05233	srl	x4,x0,x15	  x0:0x00000000 x15:0x00400001  x4=0x00000000
        4585000	       457	8000031c	06400cef	jal	x25,8000031c	 x25=0x8000031c
        4595000	       458	00000000	00000013	addi	x0,x0,0	  x0:0x00000000
        4605000	       459	8000037c	00000013	addi	x0,x0,0	  x0:0x00000000
        4615000	       460	80000380	ffdff36f	jal	x6,80000380	  x6=0x80000380
        4625000	       461	00000000	00000013	addi	x0,x0,0	  x0:0x00000000
        4635000	       462	80000378	00000013	addi	x0,x0,0	  x0:0x00000000
        4645000	       463	8000037c	fb1ff0ef	jal	x1,8000037c	  x1=0x8000037c
        4655000	       464	00000000	00000013	addi	x0,x0,0	  x0:0x00000000
        4665000	       465	80000328	00000013	addi	x0,x0,0	  x0:0x00000000
        4675000	       466	8000032c	00400eef	jal	x29,8000032c	 x29=0x8000032c
        4685000	       467	00000000	00000013	addi	x0,x0,0	  x0:0x00000000
        4695000	       468	8000032c	00000013	addi	x0,x0,0	  x0:0x00000000
        4705000	       469	80000330	01c0036f	jal	x6,80000330	  x6=0x80000330
        4715000	       470	00000000	00000013	addi	x0,x0,0	  x0:0x00000000
        4725000	       471	80000348	00000013	addi	x0,x0,0	  x0:0x00000000
        4735000	       472	8000034c	018001ef	jal	x3,8000034c	  x3=0x8000034c
        4745000	       473	00000000	00000013	addi	x0,x0,0	  x0:0x00000000
        4755000	       474	80000360	00000013	addi	x0,x0,0	  x0:0x00000000
        4765000	       475	80000364	fd5ff0ef	jal	x1,80000364	  x1=0x80000364
        4775000	       476	00000000	00000013	addi	x0,x0,0	  x0:0x00000000
        4785000	       477	80000334	00000013	addi	x0,x0,0	  x0:0x00000000
        4795000	       478	80000338	00c000ef	jal	x1,80000338	  x1=0x80000338
        4805000	       479	00000000	00000013	addi	x0,x0,0	  x0:0x00000000
        4815000	       480	80000340	00000013	addi	x0,x0,0	  x0:0x00000000
        4825000	       481	80000344	fe1ff0ef	jal	x1,80000344	  x1=0x80000344
        4835000	       482	00000000	00000013	addi	x0,x0,0	  x0:0x00000000
        4845000	       483	80000320	00000013	addi	x0,x0,0	  x0:0x00000000
        4855000	       484	80000324	054000ef	jal	x1,80000324	  x1=0x80000324
        4865000	       485	00000000	00000013	addi	x0,x0,0	  x0:0x00000000
        4875000	       486	80000374	00000013	addi	x0,x0,0	  x0:0x00000000
        4885000	       487	80000378	ffdff2ef	jal	x5,80000378	  x5=0x80000378
        4895000	       488	00000000	00000013	addi	x0,x0,0	  x0:0x00000000
        4905000	       489	80000370	00000013	addi	x0,x0,0	  x0:0x00000000
        4915000	       490	80000374	ff5ff0ef	jal	x1,80000374	  x1=0x80000374
        4925000	       491	00000000	00000013	addi	x0,x0,0	  x0:0x00000000
        4935000	       492	80000364	00000013	addi	x0,x0,0	  x0:0x00000000
        4945000	       493	80000368	ff1ff0ef	jal	x1,80000368	  x1=0x80000368
        4955000	       494	00000000	00000013	addi	x0,x0,0	  x0:0x00000000
        4965000	       495	80000354	00000013	addi	x0,x0,0	  x0:0x00000000
        4975000	       496	80000358	fddff56f	jal	x10,80000358	 x10=0x80000358
        4985000	       497	00000000	00000013	addi	x0,x0,0	  x0:0x00000000
        4995000	       498	80000330	00000013	addi	x0,x0,0	  x0:0x00000000
        5005000	       499	80000334	020000ef	jal	x1,80000334	  x1=0x80000334
        5015000	       500	00000000	00000013	addi	x0,x0,0	  x0:0x00000000
        5025000	       501	80000350	00000013	addi	x0,x0,0	  x0:0x00000000
        5035000	       502	80000354	018000ef	jal	x1,80000354	  x1=0x80000354
        5045000	       503	00000000	00000013	addi	x0,x0,0	  x0:0x00000000
        5055000	       504	80000368	00000013	addi	x0,x0,0	  x0:0x00000000
        5065000	       505	8000036c	fddff36f	jal	x6,8000036c	  x6=0x8000036c
        5075000	       506	00000000	00000013	addi	x0,x0,0	  x0:0x00000000
        5085000	       507	80000344	00000013	addi	x0,x0,0	  x0:0x00000000
        5095000	       508	80000348	0080036f	jal	x6,80000348	  x6=0x80000348
        5105000	       509	00000000	00000013	addi	x0,x0,0	  x0:0x00000000
        5115000	       510	8000034c	00000013	addi	x0,x0,0	  x0:0x00000000
        5125000	       511	80000350	ff1ff0ef	jal	x1,80000350	  x1=0x80000350
        5135000	       512	00000000	00000013	addi	x0,x0,0	  x0:0x00000000
        5145000	       513	8000033c	00000013	addi	x0,x0,0	  x0:0x00000000
        5155000	       514	80000340	fe9ff36f	jal	x6,80000340	  x6=0x80000340
        5165000	       515	00000000	00000013	addi	x0,x0,0	  x0:0x00000000
        5175000	       516	80000324	00000013	addi	x0,x0,0	  x0:0x00000000
        5185000	       517	80000328	038000ef	jal	x1,80000328	  x1=0x80000328
        5195000	       518	00000000	00000013	addi	x0,x0,0	  x0:0x00000000
        5205000	       519	8000035c	00000013	addi	x0,x0,0	  x0:0x00000000
        5215000	       520	80000360	ffdff36f	jal	x6,80000360	  x6=0x80000360
        5225000	       521	00000000	00000013	addi	x0,x0,0	  x0:0x00000000
        5235000	       522	80000358	00000013	addi	x0,x0,0	  x0:0x00000000
        5245000	       523	8000035c	fe1ff0ef	jal	x1,8000035c	  x1=0x8000035c
        5255000	       524	00000000	00000013	addi	x0,x0,0	  x0:0x00000000
        5265000	       525	80000338	00000013	addi	x0,x0,0	  x0:0x00000000
        5275000	       526	8000033c	0340036f	jal	x6,8000033c	  x6=0x8000033c
        5285000	       527	00000000	00000013	addi	x0,x0,0	  x0:0x00000000
        5295000	       528	8000036c	00000013	addi	x0,x0,0	  x0:0x00000000
        5305000	       529	80000370	fb1ff2ef	jal	x5,80000370	  x5=0x80000370
        5315000	       530	00000000	00000013	addi	x0,x0,0	  x0:0x00000000
        5325000	       531	8000031c	00000013	addi	x0,x0,0	  x0:0x00000000
        5335000	       532	80000320	064000ef	jal	x1,80000320	  x1=0x80000320
        5345000	       533	00000000	00000013	addi	x0,x0,0	  x0:0x00000000
        5355000	       534	80000380	00000013	addi	x0,x0,0	  x0:0x00000000
        5365000	       535	80000384	00000013	addi	x0,x0,0	  x0:0x00000000
        5375000	       536	80000388	05000cef	jal	x25,80000388	 x25=0x80000388
        5385000	       537	00000000	00000013	addi	x0,x0,0	  x0:0x00000000
        5395000	       538	800003d4	00000013	addi	x0,x0,0	  x0:0x00000000
        5405000	       539	800003d8	00c000ef	jal	x1,800003d8	  x1=0x800003d8
        5415000	       540	00000000	00000013	addi	x0,x0,0	  x0:0x00000000
        5425000	       541	800003e0	00000013	addi	x0,x0,0	  x0:0x00000000
        5435000	       542	800003e4	0040026f	jal	x4,800003e4	  x4=0x800003e4
        5445000	       543	00000000	00000013	addi	x0,x0,0	  x0:0x00000000
        5455000	       544	800003e4	00000013	addi	x0,x0,0	  x0:0x00000000
        5465000	       545	800003e8	fd5ff16f	jal	x2,800003e8	  x2=0x800003e8
        5475000	       546	00000000	00000013	addi	x0,x0,0	  x0:0x00000000
        5485000	       547	800003b8	00000013	addi	x0,x0,0	  x0:0x00000000
        5495000	       548	800003bc	fe5ff36f	jal	x6,800003bc	  x6=0x800003bc
        5505000	       549	00000000	00000013	addi	x0,x0,0	  x0:0x00000000
        5515000	       550	8000039c	00000013	addi	x0,x0,0	  x0:0x00000000
        5525000	       551	800003a0	014000ef	jal	x1,800003a0	  x1=0x800003a0
        5535000	       552	00000000	00000013	addi	x0,x0,0	  x0:0x00000000
        5545000	       553	800003b0	00000013	addi	x0,x0,0	  x0:0x00000000
        5555000	       554	800003b4	0380086f	jal	x16,800003b4	 x16=0x800003b4
        5565000	       555	00000000	00000013	addi	x0,x0,0	  x0:0x00000000
        5575000	       556	800003e8	00000013	addi	x0,x0,0	  x0:0x00000000
        5585000	       557	800003ec	fd5ff0ef	jal	x1,800003ec	  x1=0x800003ec
        5595000	       558	00000000	00000013	addi	x0,x0,0	  x0:0x00000000
        5605000	       559	800003bc	00000013	addi	x0,x0,0	  x0:0x00000000
        5615000	       560	800003c0	fe9ff0ef	jal	x1,800003c0	  x1=0x800003c0
        5625000	       561	00000000	00000013	addi	x0,x0,0	  x0:0x00000000
        5635000	       562	800003a4	00000013	addi	x0,x0,0	  x0:0x00000000
        5645000	       563	800003a8	0380036f	jal	x6,800003a8	  x6=0x800003a8
        5655000	       564	00000000	00000013	addi	x0,x0,0	  x0:0x00000000
        5665000	       565	800003dc	00000013	addi	x0,x0,0	  x0:0x00000000
        5675000	       566	800003e0	fe5ff2ef	jal	x5,800003e0	  x5=0x800003e0
        5685000	       567	00000000	00000013	addi	x0,x0,0	  x0:0x00000000
        5695000	       568	800003c0	00000013	addi	x0,x0,0	  x0:0x00000000
        5705000	       569	800003c4	fc9ff0ef	jal	x1,800003c4	  x1=0x800003c4
        5715000	       570	00000000	00000013	addi	x0,x0,0	  x0:0x00000000
        5725000	       571	80000388	00000013	addi	x0,x0,0	  x0:0x00000000
        5735000	       572	8000038c	050000ef	jal	x1,8000038c	  x1=0x8000038c
        5745000	       573	00000000	00000013	addi	x0,x0,0	  x0:0x00000000
        5755000	       574	800003d8	00000013	addi	x0,x0,0	  x0:0x00000000
        5765000	       575	800003dc	fb9ff36f	jal	x6,800003dc	  x6=0x800003dc
        5775000	       576	00000000	00000013	addi	x0,x0,0	  x0:0x00000000
        5785000	       577	80000390	00000013	addi	x0,x0,0	  x0:0x00000000
        5795000	       578	80000394	038004ef	jal	x9,80000394	  x9=0x80000394
        5805000	       579	00000000	00000013	addi	x0,x0,0	  x0:0x00000000
        5815000	       580	800003c8	00000013	addi	x0,x0,0	  x0:0x00000000
        5825000	       581	800003cc	fd9ff0ef	jal	x1,800003cc	  x1=0x800003cc
        5835000	       582	00000000	00000013	addi	x0,x0,0	  x0:0x00000000
        5845000	       583	800003a0	00000013	addi	x0,x0,0	  x0:0x00000000
        5855000	       584	800003a4	00c00bef	jal	x23,800003a4	 x23=0x800003a4
        5865000	       585	00000000	00000013	addi	x0,x0,0	  x0:0x00000000
        5875000	       586	800003ac	00000013	addi	x0,x0,0	  x0:0x00000000
        5885000	       587	800003b0	0200036f	jal	x6,800003b0	  x6=0x800003b0
        5895000	       588	00000000	00000013	addi	x0,x0,0	  x0:0x00000000
        5905000	       589	800003cc	00000013	addi	x0,x0,0	  x0:0x00000000
        5915000	       590	800003d0	fe9ff36f	jal	x6,800003d0	  x6=0x800003d0
        5925000	       591	00000000	00000013	addi	x0,x0,0	  x0:0x00000000
        5935000	       592	800003b4	00000013	addi	x0,x0,0	  x0:0x00000000
        5945000	       593	800003b8	fd9ff0ef	jal	x1,800003b8	  x1=0x800003b8
        5955000	       594	00000000	00000013	addi	x0,x0,0	  x0:0x00000000
        5965000	       595	8000038c	00000013	addi	x0,x0,0	  x0:0x00000000
        5975000	       596	80000390	01c006ef	jal	x13,80000390	 x13=0x80000390
        5985000	       597	00000000	00000013	addi	x0,x0,0	  x0:0x00000000
        5995000	       598	800003a8	00000013	addi	x0,x0,0	  x0:0x00000000
        6005000	       599	800003ac	01c003ef	jal	x7,800003ac	  x7=0x800003ac
        6015000	       600	00000000	00000013	addi	x0,x0,0	  x0:0x00000000
        6025000	       601	800003c4	00000013	addi	x0,x0,0	  x0:0x00000000
        6035000	       602	800003c8	fd5ff36f	jal	x6,800003c8	  x6=0x800003c8
        6045000	       603	00000000	00000013	addi	x0,x0,0	  x0:0x00000000
        6055000	       604	80000398	00000013	addi	x0,x0,0	  x0:0x00000000
        6065000	       605	8000039c	038000ef	jal	x1,8000039c	  x1=0x8000039c
        6075000	       606	00000000	00000013	addi	x0,x0,0	  x0:0x00000000
        6085000	       607	800003d0	00000013	addi	x0,x0,0	  x0:0x00000000
        6095000	       608	800003d4	fc5ff16f	jal	x2,800003d4	  x2=0x800003d4
        6105000	       609	00000000	00000013	addi	x0,x0,0	  x0:0x00000000
        6115000	       610	80000394	00000013	addi	x0,x0,0	  x0:0x00000000
        6125000	       611	80000398	058000ef	jal	x1,80000398	  x1=0x80000398
        6135000	       612	00000000	00000013	addi	x0,x0,0	  x0:0x00000000
        6145000	       613	800003ec	00000013	addi	x0,x0,0	  x0:0x00000000
        6155000	       614	800003f0	0121bf33	sltu	x30,x3,x18	  x3:0x8000034c x18:0x80000210 x30=0x00000000
        6165000	       615	800003f4	03000cef	jal	x25,800003f4	 x25=0x800003f4
        6175000	       616	00000000	00000013	addi	x0,x0,0	  x0:0x00000000
        6185000	       617	80000420	00000013	addi	x0,x0,0	  x0:0x00000000
        6195000	       618	80000424	fddff0ef	jal	x1,80000424	  x1=0x80000424
        6205000	       619	00000000	00000013	addi	x0,x0,0	  x0:0x00000000
        6215000	       620	800003fc	00000013	addi	x0,x0,0	  x0:0x00000000
        6225000	       621	80000400	028002ef	jal	x5,80000400	  x5=0x80000400
        6235000	       622	00000000	00000013	addi	x0,x0,0	  x0:0x00000000
        6245000	       623	80000424	00000013	addi	x0,x0,0	  x0:0x00000000
        6255000	       624	80000428	01c0036f	jal	x6,80000428	  x6=0x80000428
        6265000	       625	00000000	00000013	addi	x0,x0,0	  x0:0x00000000
        6275000	       626	80000440	00000013	addi	x0,x0,0	  x0:0x00000000
        6285000	       627	80000444	ff5ff36f	jal	x6,80000444	  x6=0x80000444
        6295000	       628	00000000	00000013	addi	x0,x0,0	  x0:0x00000000
        6305000	       629	80000434	00000013	addi	x0,x0,0	  x0:0x00000000
        6315000	       630	80000438	ff9ff0ef	jal	x1,80000438	  x1=0x80000438
        6325000	       631	00000000	00000013	addi	x0,x0,0	  x0:0x00000000
        6335000	       632	8000042c	00000013	addi	x0,x0,0	  x0:0x00000000
        6345000	       633	80000430	fe1ff46f	jal	x8,80000430	  x8=0x80000430
        6355000	       634	00000000	00000013	addi	x0,x0,0	  x0:0x00000000
        6365000	       635	8000040c	00000013	addi	x0,x0,0	  x0:0x00000000
        6375000	       636	80000410	0040036f	jal	x6,80000410	  x6=0x80000410
        6385000	       637	00000000	00000013	addi	x0,x0,0	  x0:0x00000000
        6395000	       638	80000410	00000013	addi	x0,x0,0	  x0:0x00000000
        6405000	       639	80000414	020000ef	jal	x1,80000414	  x1=0x80000414
        6415000	       640	00000000	00000013	addi	x0,x0,0	  x0:0x00000000
        6425000	       641	80000430	00000013	addi	x0,x0,0	  x0:0x00000000
        6435000	       642	80000434	ff9ff0ef	jal	x1,80000434	  x1=0x80000434
        6445000	       643	00000000	00000013	addi	x0,x0,0	  x0:0x00000000
        6455000	       644	80000428	00000013	addi	x0,x0,0	  x0:0x00000000
        6465000	       645	8000042c	ff1ff0ef	jal	x1,8000042c	  x1=0x8000042c
        6475000	       646	00000000	00000013	addi	x0,x0,0	  x0:0x00000000
        6485000	       647	80000418	00000013	addi	x0,x0,0	  x0:0x00000000
        6495000	       648	8000041c	020000ef	jal	x1,8000041c	  x1=0x8000041c
        6505000	       649	00000000	00000013	addi	x0,x0,0	  x0:0x00000000
        6515000	       650	80000438	00000013	addi	x0,x0,0	  x0:0x00000000
        6525000	       651	8000043c	fd1ff0ef	jal	x1,8000043c	  x1=0x8000043c
        6535000	       652	00000000	00000013	addi	x0,x0,0	  x0:0x00000000
        6545000	       653	80000408	00000013	addi	x0,x0,0	  x0:0x00000000
        6555000	       654	8000040c	0340036f	jal	x6,8000040c	  x6=0x8000040c
        6565000	       655	00000000	00000013	addi	x0,x0,0	  x0:0x00000000
        6575000	       656	8000043c	00000013	addi	x0,x0,0	  x0:0x00000000
        6585000	       657	80000440	fb9ff0ef	jal	x1,80000440	  x1=0x80000440
        6595000	       658	00000000	00000013	addi	x0,x0,0	  x0:0x00000000
        6605000	       659	800003f4	00000013	addi	x0,x0,0	  x0:0x00000000
        6615000	       660	800003f8	010000ef	jal	x1,800003f8	  x1=0x800003f8
        6625000	       661	00000000	00000013	addi	x0,x0,0	  x0:0x00000000
        6635000	       662	80000404	00000013	addi	x0,x0,0	  x0:0x00000000
        6645000	       663	80000408	010005ef	jal	x11,80000408	 x11=0x80000408
        6655000	       664	00000000	00000013	addi	x0,x0,0	  x0:0x00000000
        6665000	       665	80000414	00000013	addi	x0,x0,0	  x0:0x00000000
        6675000	       666	80000418	00800bef	jal	x23,80000418	 x23=0x80000418
        6685000	       667	00000000	00000013	addi	x0,x0,0	  x0:0x00000000
        6695000	       668	8000041c	00000013	addi	x0,x0,0	  x0:0x00000000
        6705000	       669	80000420	fe5ff36f	jal	x6,80000420	  x6=0x80000420
        6715000	       670	00000000	00000013	addi	x0,x0,0	  x0:0x00000000
        6725000	       671	80000400	00000013	addi	x0,x0,0	  x0:0x00000000
        6735000	       672	80000404	ff9ff36f	jal	x6,80000404	  x6=0x80000404
        6745000	       673	00000000	00000013	addi	x0,x0,0	  x0:0x00000000
        6755000	       674	800003f8	00000013	addi	x0,x0,0	  x0:0x00000000
        6765000	       675	800003fc	04c00aef	jal	x21,800003fc	 x21=0x800003fc
        6775000	       676	00000000	00000013	addi	x0,x0,0	  x0:0x00000000
        6785000	       677	80000444	00000013	addi	x0,x0,0	  x0:0x00000000
        6795000	       678	80000448	012be4b3	or	x9,x23,x18	 x23:0x80000418 x18:0x80000210  x9=0x80000618
        6805000	       679	8000044c	02400cef	jal	x25,8000044c	 x25=0x8000044c
        6815000	       680	00000000	00000013	addi	x0,x0,0	  x0:0x00000000
        6825000	       681	8000046c	00000013	addi	x0,x0,0	  x0:0x00000000
        6835000	       682	80000470	02c0026f	jal	x4,80000470	  x4=0x80000470
        6845000	       683	00000000	00000013	addi	x0,x0,0	  x0:0x00000000
        6855000	       684	80000498	00000013	addi	x0,x0,0	  x0:0x00000000
        6865000	       685	8000049c	ff1ff0ef	jal	x1,8000049c	  x1=0x8000049c
        6875000	       686	00000000	00000013	addi	x0,x0,0	  x0:0x00000000
        6885000	       687	80000488	00000013	addi	x0,x0,0	  x0:0x00000000
        6895000	       688	8000048c	fd9ff36f	jal	x6,8000048c	  x6=0x8000048c
        6905000	       689	00000000	00000013	addi	x0,x0,0	  x0:0x00000000
        6915000	       690	80000460	00000013	addi	x0,x0,0	  x0:0x00000000
        6925000	       691	80000464	030000ef	jal	x1,80000464	  x1=0x80000464
        6935000	       692	00000000	00000013	addi	x0,x0,0	  x0:0x00000000
        6945000	       693	80000490	00000013	addi	x0,x0,0	  x0:0x00000000
        6955000	       694	80000494	ff1ff0ef	jal	x1,80000494	  x1=0x80000494
        6965000	       695	00000000	00000013	addi	x0,x0,0	  x0:0x00000000
        6975000	       696	80000480	00000013	addi	x0,x0,0	  x0:0x00000000
        6985000	       697	80000484	01c005ef	jal	x11,80000484	 x11=0x80000484
        6995000	       698	00000000	00000013	addi	x0,x0,0	  x0:0x00000000
        7005000	       699	8000049c	00000013	addi	x0,x0,0	  x0:0x00000000
        7015000	       700	800004a0	fddff26f	jal	x4,800004a0	  x4=0x800004a0
        7025000	       701	00000000	00000013	addi	x0,x0,0	  x0:0x00000000
        7035000	       702	80000478	00000013	addi	x0,x0,0	  x0:0x00000000
        7045000	       703	8000047c	fe5ff0ef	jal	x1,8000047c	  x1=0x8000047c
        7055000	       704	00000000	00000013	addi	x0,x0,0	  x0:0x00000000
        7065000	       705	8000045c	00000013	addi	x0,x0,0	  x0:0x00000000
        7075000	       706	80000460	008000ef	jal	x1,80000460	  x1=0x80000460
        7085000	       707	00000000	00000013	addi	x0,x0,0	  x0:0x00000000
        7095000	       708	80000464	00000013	addi	x0,x0,0	  x0:0x00000000
        7105000	       709	80000468	020004ef	jal	x9,80000468	  x9=0x80000468
        7115000	       710	00000000	00000013	addi	x0,x0,0	  x0:0x00000000
        7125000	       711	80000484	00000013	addi	x0,x0,0	  x0:0x00000000
        7135000	       712	80000488	fcdff86f	jal	x16,80000488	 x16=0x80000488
        7145000	       713	00000000	00000013	addi	x0,x0,0	  x0:0x00000000
        7155000	       714	80000450	00000013	addi	x0,x0,0	  x0:0x00000000
        7165000	       715	80000454	050000ef	jal	x1,80000454	  x1=0x80000454
        7175000	       716	00000000	00000013	addi	x0,x0,0	  x0:0x00000000
        7185000	       717	800004a0	00000013	addi	x0,x0,0	  x0:0x00000000
        7195000	       718	800004a4	fedff2ef	jal	x5,800004a4	  x5=0x800004a4
        7205000	       719	00000000	00000013	addi	x0,x0,0	  x0:0x00000000
        7215000	       720	8000048c	00000013	addi	x0,x0,0	  x0:0x00000000
        7225000	       721	80000490	008000ef	jal	x1,80000490	  x1=0x80000490
        7235000	       722	00000000	00000013	addi	x0,x0,0	  x0:0x00000000
        7245000	       723	80000494	00000013	addi	x0,x0,0	  x0:0x00000000
        7255000	       724	80000498	fddff66f	jal	x12,80000498	 x12=0x80000498
        7265000	       725	00000000	00000013	addi	x0,x0,0	  x0:0x00000000
        7275000	       726	80000470	00000013	addi	x0,x0,0	  x0:0x00000000
        7285000	       727	80000474	fddff36f	jal	x6,80000474	  x6=0x80000474
        7295000	       728	00000000	00000013	addi	x0,x0,0	  x0:0x00000000
        7305000	       729	8000044c	00000013	addi	x0,x0,0	  x0:0x00000000
        7315000	       730	80000450	0080036f	jal	x6,80000450	  x6=0x80000450
        7325000	       731	00000000	00000013	addi	x0,x0,0	  x0:0x00000000
        7335000	       732	80000454	00000013	addi	x0,x0,0	  x0:0x00000000
        7345000	       733	80000458	004000ef	jal	x1,80000458	  x1=0x80000458
        7355000	       734	00000000	00000013	addi	x0,x0,0	  x0:0x00000000
        7365000	       735	80000458	00000013	addi	x0,x0,0	  x0:0x00000000
        7375000	       736	8000045c	024000ef	jal	x1,8000045c	  x1=0x8000045c
        7385000	       737	00000000	00000013	addi	x0,x0,0	  x0:0x00000000
        7395000	       738	8000047c	00000013	addi	x0,x0,0	  x0:0x00000000
        7405000	       739	80000480	fedff46f	jal	x8,80000480	  x8=0x80000480
        7415000	       740	00000000	00000013	addi	x0,x0,0	  x0:0x00000000
        7425000	       741	80000468	00000013	addi	x0,x0,0	  x0:0x00000000
        7435000	       742	8000046c	00c000ef	jal	x1,8000046c	  x1=0x8000046c
        7445000	       743	00000000	00000013	addi	x0,x0,0	  x0:0x00000000
        7455000	       744	80000474	00000013	addi	x0,x0,0	  x0:0x00000000
        7465000	       745	80000478	030000ef	jal	x1,80000478	  x1=0x80000478
        7475000	       746	00000000	00000013	addi	x0,x0,0	  x0:0x00000000
        7485000	       747	800004a4	00000013	addi	x0,x0,0	  x0:0x00000000
        7495000	       748	800004a8	e3f12f13	slti	x30,x2,-449	  x2:0x800003d4 x30=0x00000001
        7505000	       749	800004ac	00800cef	jal	x25,800004ac	 x25=0x800004ac
        7515000	       750	00000000	00000013	addi	x0,x0,0	  x0:0x00000000
        7525000	       751	800004b0	00000013	addi	x0,x0,0	  x0:0x00000000
        7535000	       752	800004b4	ffdff36f	jal	x6,800004b4	  x6=0x800004b4
        7545000	       753	00000000	00000013	addi	x0,x0,0	  x0:0x00000000
        7555000	       754	800004ac	00000013	addi	x0,x0,0	  x0:0x00000000
        7565000	       755	800004b0	020000ef	jal	x1,800004b0	  x1=0x800004b0
        7575000	       756	00000000	00000013	addi	x0,x0,0	  x0:0x00000000
        7585000	       757	800004cc	00000013	addi	x0,x0,0	  x0:0x00000000
        7595000	       758	800004d0	ff9ffbef	jal	x23,800004d0	 x23=0x800004d0
        7605000	       759	00000000	00000013	addi	x0,x0,0	  x0:0x00000000
        7615000	       760	800004c4	00000013	addi	x0,x0,0	  x0:0x00000000
        7625000	       761	800004c8	ff5ff16f	jal	x2,800004c8	  x2=0x800004c8
        7635000	       762	00000000	00000013	addi	x0,x0,0	  x0:0x00000000
        7645000	       763	800004b8	00000013	addi	x0,x0,0	  x0:0x00000000
        7655000	       764	800004bc	01800e6f	jal	x28,800004bc	 x28=0x800004bc
        7665000	       765	00000000	00000013	addi	x0,x0,0	  x0:0x00000000
        7675000	       766	800004d0	00000013	addi	x0,x0,0	  x0:0x00000000
        7685000	       767	800004d4	ff1ff0ef	jal	x1,800004d4	  x1=0x800004d4
        7695000	       768	00000000	00000013	addi	x0,x0,0	  x0:0x00000000
        7705000	       769	800004c0	00000013	addi	x0,x0,0	  x0:0x00000000
        7715000	       770	800004c4	ffdff0ef	jal	x1,800004c4	  x1=0x800004c4
        7725000	       771	00000000	00000013	addi	x0,x0,0	  x0:0x00000000
        7735000	       772	800004bc	00000013	addi	x0,x0,0	  x0:0x00000000
        7745000	       773	800004c0	ff9ffaef	jal	x21,800004c0	 x21=0x800004c0
        7755000	       774	00000000	00000013	addi	x0,x0,0	  x0:0x00000000
        7765000	       775	800004b4	00000013	addi	x0,x0,0	  x0:0x00000000
        7775000	       776	800004b8	014000ef	jal	x1,800004b8	  x1=0x800004b8
        7785000	       777	00000000	00000013	addi	x0,x0,0	  x0:0x00000000
        7795000	       778	800004c8	00000013	addi	x0,x0,0	  x0:0x00000000
        7805000	       779	800004cc	00c000ef	jal	x1,800004cc	  x1=0x800004cc
        7815000	       780	00000000	00000013	addi	x0,x0,0	  x0:0x00000000
        7825000	       781	800004d4	00000013	addi	x0,x0,0	  x0:0x00000000
        7835000	       782	800004d8	017000b3	add	x1,x0,x23	  x0:0x00000000 x23:0x800004d0  x1=0x800004d0
        7845000	       783	800004dc	00c00cef	jal	x25,800004dc	 x25=0x800004dc
        7855000	       784	00000000	00000013	addi	x0,x0,0	  x0:0x00000000
        7865000	       785	800004e4	00000013	addi	x0,x0,0	  x0:0x00000000
        7875000	       786	800004e8	01800def	jal	x27,800004e8	 x27=0x800004e8
        7885000	       787	00000000	00000013	addi	x0,x0,0	  x0:0x00000000
        7895000	       788	800004fc	00000013	addi	x0,x0,0	  x0:0x00000000
        7905000	       789	80000500	fedff36f	jal	x6,80000500	  x6=0x80000500
        7915000	       790	00000000	00000013	addi	x0,x0,0	  x0:0x00000000
        7925000	       791	800004e8	00000013	addi	x0,x0,0	  x0:0x00000000
        7935000	       792	800004ec	030000ef	jal	x1,800004ec	  x1=0x800004ec
        7945000	       793	00000000	00000013	addi	x0,x0,0	  x0:0x00000000
        7955000	       794	80000518	00000013	addi	x0,x0,0	  x0:0x00000000
        7965000	       795	8000051c	fc9ff36f	jal	x6,8000051c	  x6=0x8000051c
        7975000	       796	00000000	00000013	addi	x0,x0,0	  x0:0x00000000
        7985000	       797	800004e0	00000013	addi	x0,x0,0	  x0:0x00000000
        7995000	       798	800004e4	034000ef	jal	x1,800004e4	  x1=0x800004e4
        8005000	       799	00000000	00000013	addi	x0,x0,0	  x0:0x00000000
        8015000	       800	80000514	00000013	addi	x0,x0,0	  x0:0x00000000
        8025000	       801	80000518	ff9ff0ef	jal	x1,80000518	  x1=0x80000518
        8035000	       802	00000000	00000013	addi	x0,x0,0	  x0:0x00000000
        8045000	       803	8000050c	00000013	addi	x0,x0,0	  x0:0x00000000
        8055000	       804	80000510	ff5ff36f	jal	x6,80000510	  x6=0x80000510
        8065000	       805	00000000	00000013	addi	x0,x0,0	  x0:0x00000000
        8075000	       806	80000500	00000013	addi	x0,x0,0	  x0:0x00000000
        8085000	       807	80000504	02400eef	jal	x29,80000504	 x29=0x80000504
        8095000	       808	00000000	00000013	addi	x0,x0,0	  x0:0x00000000
        8105000	       809	80000524	00000013	addi	x0,x0,0	  x0:0x00000000
        8115000	       810	80000528	fb9ff36f	jal	x6,80000528	  x6=0x80000528
        8125000	       811	00000000	00000013	addi	x0,x0,0	  x0:0x00000000
        8135000	       812	800004dc	00000013	addi	x0,x0,0	  x0:0x00000000
        8145000	       813	800004e0	050002ef	jal	x5,800004e0	  x5=0x800004e0
        8155000	       814	00000000	00000013	addi	x0,x0,0	  x0:0x00000000
        8165000	       815	8000052c	00000013	addi	x0,x0,0	  x0:0x00000000
        8175000	       816	80000530	ff5ff86f	jal	x16,80000530	 x16=0x80000530
        8185000	       817	00000000	00000013	addi	x0,x0,0	  x0:0x00000000
        8195000	       818	80000520	00000013	addi	x0,x0,0	  x0:0x00000000
        8205000	       819	80000524	ff1ff1ef	jal	x3,80000524	  x3=0x80000524
        8215000	       820	00000000	00000013	addi	x0,x0,0	  x0:0x00000000
        8225000	       821	80000510	00000013	addi	x0,x0,0	  x0:0x00000000
        8235000	       822	80000514	ff5ff9ef	jal	x19,80000514	 x19=0x80000514
        8245000	       823	00000000	00000013	addi	x0,x0,0	  x0:0x00000000
        8255000	       824	80000504	00000013	addi	x0,x0,0	  x0:0x00000000
        8265000	       825	80000508	fedff5ef	jal	x11,80000508	 x11=0x80000508
        8275000	       826	00000000	00000013	addi	x0,x0,0	  x0:0x00000000
        8285000	       827	800004f0	00000013	addi	x0,x0,0	  x0:0x00000000
        8295000	       828	800004f4	04400fef	jal	x31,800004f4	 x31=0x800004f4
        8305000	       829	00000000	00000013	addi	x0,x0,0	  x0:0x00000000
        8315000	       830	80000534	00000013	addi	x0,x0,0	  x0:0x00000000
        8325000	       831	80000538	ff5ff0ef	jal	x1,80000538	  x1=0x80000538
        8335000	       832	00000000	00000013	addi	x0,x0,0	  x0:0x00000000
        8345000	       833	80000528	00000013	addi	x0,x0,0	  x0:0x00000000
        8355000	       834	8000052c	fcdff36f	jal	x6,8000052c	  x6=0x8000052c
        8365000	       835	00000000	00000013	addi	x0,x0,0	  x0:0x00000000
        8375000	       836	800004f4	00000013	addi	x0,x0,0	  x0:0x00000000
        8385000	       837	800004f8	014000ef	jal	x1,800004f8	  x1=0x800004f8
        8395000	       838	00000000	00000013	addi	x0,x0,0	  x0:0x00000000
        8405000	       839	80000508	00000013	addi	x0,x0,0	  x0:0x00000000
        8415000	       840	8000050c	fe5ffeef	jal	x29,8000050c	 x29=0x8000050c
        8425000	       841	00000000	00000013	addi	x0,x0,0	  x0:0x00000000
        8435000	       842	800004ec	00000013	addi	x0,x0,0	  x0:0x00000000
        8445000	       843	800004f0	00c000ef	jal	x1,800004f0	  x1=0x800004f0
        8455000	       844	00000000	00000013	addi	x0,x0,0	  x0:0x00000000
        8465000	       845	800004f8	00000013	addi	x0,x0,0	  x0:0x00000000
        8475000	       846	800004fc	024000ef	jal	x1,800004fc	  x1=0x800004fc
        8485000	       847	00000000	00000013	addi	x0,x0,0	  x0:0x00000000
        8495000	       848	8000051c	00000013	addi	x0,x0,0	  x0:0x00000000
        8505000	       849	80000520	014000ef	jal	x1,80000520	  x1=0x80000520
        8515000	       850	00000000	00000013	addi	x0,x0,0	  x0:0x00000000
        8525000	       851	80000530	00000013	addi	x0,x0,0	  x0:0x00000000
        8535000	       852	80000534	008000ef	jal	x1,80000534	  x1=0x80000534
        8545000	       853	00000000	00000013	addi	x0,x0,0	  x0:0x00000000
        8555000	       854	80000538	00000013	addi	x0,x0,0	  x0:0x00000000
        8565000	       855	8000053c	0084e133	or	x2,x9,x8	  x9:0x80000468  x8:0x80000480  x2=0x800004e8
        8575000	       856	80000540	02400cef	jal	x25,80000540	 x25=0x80000540
        8585000	       857	00000000	00000013	addi	x0,x0,0	  x0:0x00000000
        8595000	       858	80000560	00000013	addi	x0,x0,0	  x0:0x00000000
        8605000	       859	80000564	ff5ff0ef	jal	x1,80000564	  x1=0x80000564
        8615000	       860	00000000	00000013	addi	x0,x0,0	  x0:0x00000000
        8625000	       861	80000554	00000013	addi	x0,x0,0	  x0:0x00000000
        8635000	       862	80000558	fedff1ef	jal	x3,80000558	  x3=0x80000558
        8645000	       863	00000000	00000013	addi	x0,x0,0	  x0:0x00000000
        8655000	       864	80000540	00000013	addi	x0,x0,0	  x0:0x00000000
        8665000	       865	80000544	02400fef	jal	x31,80000544	 x31=0x80000544
        8675000	       866	00000000	00000013	addi	x0,x0,0	  x0:0x00000000
        8685000	       867	80000564	00000013	addi	x0,x0,0	  x0:0x00000000
        8695000	       868	80000568	fe5ff36f	jal	x6,80000568	  x6=0x80000568
        8705000	       869	00000000	00000013	addi	x0,x0,0	  x0:0x00000000
        8715000	       870	80000548	00000013	addi	x0,x0,0	  x0:0x00000000
        8725000	       871	8000054c	ffdff0ef	jal	x1,8000054c	  x1=0x8000054c
        8735000	       872	00000000	00000013	addi	x0,x0,0	  x0:0x00000000
        8745000	       873	80000544	00000013	addi	x0,x0,0	  x0:0x00000000
        8755000	       874	80000548	014000ef	jal	x1,80000548	  x1=0x80000548
        8765000	       875	00000000	00000013	addi	x0,x0,0	  x0:0x00000000
        8775000	       876	80000558	00000013	addi	x0,x0,0	  x0:0x00000000
        8785000	       877	8000055c	ff5ff36f	jal	x6,8000055c	  x6=0x8000055c
        8795000	       878	00000000	00000013	addi	x0,x0,0	  x0:0x00000000
        8805000	       879	8000054c	00000013	addi	x0,x0,0	  x0:0x00000000
        8815000	       880	80000550	004000ef	jal	x1,80000550	  x1=0x80000550
        8825000	       881	00000000	00000013	addi	x0,x0,0	  x0:0x00000000
        8835000	       882	80000550	00000013	addi	x0,x0,0	  x0:0x00000000
        8845000	       883	80000554	00c000ef	jal	x1,80000554	  x1=0x80000554
        8855000	       884	00000000	00000013	addi	x0,x0,0	  x0:0x00000000
        8865000	       885	8000055c	00000013	addi	x0,x0,0	  x0:0x00000000
        8875000	       886	80000560	00c000ef	jal	x1,80000560	  x1=0x80000560
        8885000	       887	00000000	00000013	addi	x0,x0,0	  x0:0x00000000
        8895000	       888	80000568	00000013	addi	x0,x0,0	  x0:0x00000000
        8905000	       889	8000056c	0a634f93	xori	x31,x6,166	  x6:0x8000055c x31=0x800005fa
        8915000	       890	80000570	05b1c863	blt	x3,x27,800005c0	  x3:0x80000558 x27:0x800004e8
        8925000	       891	80000574	0044c663	blt	x9,x4,80000580	  x9:0x80000468  x4:0x800004a0
        8935000	       892	00000000	00000013	addi	x0,x0,0	  x0:0x00000000
        8945000	       893	8000057c	00000013	addi	x0,x0,0	  x0:0x00000000
        8955000	       894	80000580	01bc0733	add	x14,x24,x27	 x24:0x80009f84 x27:0x800004e8 x14=0x0000a46c
        8965000	       895	80000584	40ce5913	srai	x18,x28,0xc	 x28:0x800004bc x18=0xfff80000
        8975000	       896	80000588	00a59263	bne	x11,x10,8000058c	 x11:0x80000508 x10:0x80000358
        8985000	       897	00000000	00000013	addi	x0,x0,0	  x0:0x00000000
        8995000	       898	80000588	00000013	addi	x0,x0,0	  x0:0x00000000
        9005000	       899	8000058c	d3631a17	auipc	x20,0xd3631	 x20=0x53631588
        9015000	       900	80000590	01c6bfb3	sltu	x31,x13,x28	 x13:0x80000390 x28:0x800004bc x31=0x00000001
        9025000	       901	80000594	d3404913	xori	x18,x0,-716	  x0:0x00000000 x18=0xfffffd34
        9035000	       902	80000598	01c41613	slli	x12,x8,0x1c	  x8:0x80000480 x12=0x00000000
        9045000	       903	8000059c	41b2d533	sra	x10,x5,x27	  x5:0x800004e0 x27:0x800004e8 x10=0xff800004
        9055000	       904	800005a0	51a02993	slti	x19,x0,1306	  x0:0x00000000 x19=0x00000001
        9065000	       905	800005a4	003d3633	sltu	x12,x26,x3	 x26:0x80000220  x3:0x80000558 x12=0x00000001
        9075000	       906	800005a8	073d2337	lui	x6,0x73d2	  x6=0x073d2000
        9085000	       907	800005ac	04a11063	bne	x2,x10,800005ec	  x2:0x800004e8 x10:0xff800004
        9095000	       908	00000000	00000013	addi	x0,x0,0	  x0:0x00000000
        9105000	       909	800005e8	00000013	addi	x0,x0,0	  x0:0x00000000
        9115000	       910	800005ec	014fa433	slt	x8,x31,x20	 x31:0x00000001 x20:0x53631588  x8=0x00000001
        9125000	       911	800005f0	015632b3	sltu	x5,x12,x21	 x12:0x00000001 x21:0x800004c0  x5=0x00000001
        9135000	       912	800005f4	002be7b3	or	x15,x23,x2	 x23:0x800004d0  x2:0x800004e8 x15=0x800004f8
        9145000	       913	800005f8	01471663	bne	x14,x20,80000604	 x14:0x0000a46c x20:0x53631588
        9155000	       914	00000000	00000013	addi	x0,x0,0	  x0:0x00000000
        9165000	       915	80000600	00000013	addi	x0,x0,0	  x0:0x00000000
        9175000	       916	80000604	695db093	sltiu	x1,x27,1685	 x27:0x800004e8  x1=0x00000000
        9185000	       917	80000608	c1873d13	sltiu	x26,x14,-1000	 x14:0x0000a46c x26=0x00000001
        9195000	       918	8000060c	0150f263	bgeu	x1,x21,80000610	  x1:0x00000000 x21:0x800004c0
        9205000	       919	80000610	0281cc63	blt	x3,x8,80000648	  x3:0x80000558  x8:0x00000001
        9215000	       920	00000000	00000013	addi	x0,x0,0	  x0:0x00000000
        9225000	       921	80000644	00000013	addi	x0,x0,0	  x0:0x00000000
        9235000	       922	80000648	41c656b3	sra	x13,x12,x28	 x12:0x00000001 x28:0x800004bc x13=0x00000000
        9245000	       923	8000064c	befc0693	addi	x13,x24,-1041	 x24:0x80009f84 x13=0x80009b73
        9255000	       924	80000650	4930d317	auipc	x6,0x4930d	  x6=0xc930d64c
        9265000	       925	80000654	015aae33	slt	x28,x21,x21	 x21:0x800004c0 x21:0x800004c0 x28=0x00000000
        9275000	       926	80000658	00e0e233	or	x4,x1,x14	  x1:0x00000000 x14:0x0000a46c  x4=0x0000a46c
        9285000	       927	8000065c	023d5463	bge	x26,x3,80000684	 x26:0x00000001  x3:0x80000558
        9295000	       928	00000000	00000013	addi	x0,x0,0	  x0:0x00000000
        9305000	       929	80000680	00000013	addi	x0,x0,0	  x0:0x00000000
        9315000	       930	80000684	01ed9bb3	sll	x23,x27,x30	 x27:0x800004e8 x30:0x00000001 x23=0x000009d0
        9325000	       931	80000688	024e1263	bne	x28,x4,800006ac	 x28:0x00000000  x4:0x0000a46c
        9335000	       932	00000000	00000013	addi	x0,x0,0	  x0:0x00000000
        9345000	       933	800006a8	00000013	addi	x0,x0,0	  x0:0x00000000
        9355000	       934	800006ac	a891c097	auipc	x1,0xa891c	  x1=0x2891c6a8
        9365000	       935	800006b0	01479ab3	sll	x21,x15,x20	 x15:0x800004f8 x20:0x53631588 x21=0x0004f800
        9375000	       936	800006b4	ceb52113	slti	x2,x10,-789	 x10:0xff800004  x2=0x00000001
        9385000	       937	800006b8	01b79ab3	sll	x21,x15,x27	 x15:0x800004f8 x27:0x800004e8 x21=0x0004f800
        9395000	       938	800006bc	c0146f93	ori	x31,x8,-1023	  x8:0x00000001 x31=0xfffffc01
        9405000	       939	800006c0	0285c663	blt	x11,x8,800006ec	 x11:0x80000508  x8:0x00000001
        9415000	       940	00000000	00000013	addi	x0,x0,0	  x0:0x00000000
        9425000	       941	800006e8	00000013	addi	x0,x0,0	  x0:0x00000000
        9435000	       942	800006ec	3bea0e93	addi	x29,x20,958	 x20:0x53631588 x29=0x53631946
        9445000	       943	800006f0	00ef7133	and	x2,x30,x14	 x30:0x00000001 x14:0x0000a46c  x2=0x00000000
        9455000	       944	800006f4	006ce0b3	or	x1,x25,x6	 x25:0x80000540  x6:0xc930d64c  x1=0xc930d74c
        9465000	       945	800006f8	00000013	addi	x0,x0,0	  x0:0x00000000
        9475000	       946	800006fc	6b64e593	ori	x11,x9,1718	  x9:0x80000468 x11=0x800006fe
        9485000	       947	80000700	04be1463	bne	x28,x11,80000748	 x28:0x00000000 x11:0x800006fe
        9495000	       948	00000000	00000013	addi	x0,x0,0	  x0:0x00000000
        9505000	       949	80000744	00000013	addi	x0,x0,0	  x0:0x00000000
        9515000	       950	80000748	06b36a63	bltu	x6,x11,800007bc	  x6:0xc930d64c x11:0x800006fe
        9525000	       951	8000074c	fb72f713	andi	x14,x5,-73	  x5:0x00000001 x14=0x00000001
        9535000	       952	80000750	f5fcbc93	sltiu	x25,x25,-161	 x25:0x80000540 x25=0x00000001
        9545000	       953	80000754	00003197	auipc	x3,0x3	  x3=0x80003750
        9555000	       954	80000758	aec18193	addi	x3,x3,-1300	  x3:0x80003750  x3=0x8000323c
        9565000	       955	8000075c	01f68ab3	add	x21,x13,x31	 x13:0x80009b73 x31:0xfffffc01 x21=0x80009774
        9575000	       956	80000760	01959413	slli	x8,x11,0x19	 x11:0x800006fe  x8=0xfc000000
        9585000	       957	80000764	df618193	addi	x3,x3,-522	  x3:0x8000323c  x3=0x80003032
        9595000	       958	80000768	c6497093	andi	x1,x18,-924	 x18:0xfffffd34  x1=0xfffffc24
        9605000	       959	8000076c	051c5f37	lui	x30,0x51c5	 x30=0x051c5000
        9615000	       960	80000770	01e76133	or	x2,x14,x30	 x14:0x00000001 x30:0x051c5000  x2=0x051c5001
        9625000	       961	80000774	75e98113	addi	x2,x19,1886	 x19:0x00000001  x2=0x0000075f
        9635000	       962	80000778	20a18ce7	jalr	x25,x3,522	  x3:0x80003032 x25=0x80000778
        9645000	       963	00000000	00000013	addi	x0,x0,0	  x0:0x00000000
        9655000	       964	8000323c	00000013	addi	x0,x0,0	  x0:0x00000000
        9665000	       965	80003240	010b5463	bge	x22,x16,80003248	 x22:0xec172dda x16:0x80000530
        9675000	       966	00000000	00000013	addi	x0,x0,0	  x0:0x00000000
        9685000	       967	80003244	00000013	addi	x0,x0,0	  x0:0x00000000
        9695000	       968	80003248	fecc0c13	addi	x24,x24,-20	 x24:0x80009f84 x24=0x80009f70
        9705000	       969	8000324c	01c2eeb3	or	x29,x5,x28	  x5:0x00000001 x28:0x00000000 x29=0x00000001
        9715000	       970	80003250	019c2223	sw	x25,4(x24)	 x24:0x80009f70 x25:0x80000778 PA:0x80009f74
        9725000	       971	80003254	52797493	andi	x9,x18,1319	 x18:0xfffffd34  x9=0x00000524
        9735000	       972	80003258	60236b93	ori	x23,x6,1538	  x6:0xc930d64c x23=0xc930d64e
        9745000	       973	8000325c	0019f533	and	x10,x19,x1	 x19:0x00000001  x1:0xfffffc24 x10=0x00000000
        9755000	       974	80003260	00000013	addi	x0,x0,0	  x0:0x00000000
        9765000	       975	80003264	c5c73913	sltiu	x18,x14,-932	 x14:0x00000001 x18=0x00000001
        9775000	       976	80003268	0060b933	sltu	x18,x1,x6	  x1:0xfffffc24  x6:0xc930d64c x18=0x00000000
        9785000	       977	8000326c	010e1b93	slli	x23,x28,0x10	 x28:0x00000000 x23=0x00000000
        9795000	       978	80003270	014b0db3	add	x27,x22,x20	 x22:0xec172dda x20:0x53631588 x27=0x3f7a4362
        9805000	       979	80003274	00dba2b3	slt	x5,x23,x13	 x23:0x00000000 x13:0x80009b73  x5=0x00000000
        9815000	       980	80003278	009206b3	add	x13,x4,x9	  x4:0x0000a46c  x9:0x00000524 x13=0x0000a990
        9825000	       981	8000327c	00000013	addi	x0,x0,0	  x0:0x00000000
        9835000	       982	80003280	07117f17	auipc	x30,0x7117	 x30=0x8711a27c
        9845000	       983	80003284	00afe863	bltu	x31,x10,80003294	 x31:0xfffffc01 x10:0x00000000
        9855000	       984	80003288	b72d2f13	slti	x30,x26,-1166	 x26:0x00000001 x30=0x00000000
        9865000	       985	8000328c	ab936293	ori	x5,x6,-1351	  x6:0xc930d64c  x5=0xfffffefd
        9875000	       986	80003290	0055e233	or	x4,x11,x5	 x11:0x800006fe  x5:0xfffffefd  x4=0xfffffeff
        9885000	       987	80003294	bd5ffcef	jal	x25,80003294	 x25=0x80003294
        9895000	       988	00000000	00000013	addi	x0,x0,0	  x0:0x00000000
        9905000	       989	80002e64	00000013	addi	x0,x0,0	  x0:0x00000000
        9915000	       990	80002e68	bc0aff13	andi	x30,x21,-1088	 x21:0x80009774 x30=0x80009340
        9925000	       991	80002e6c	00000013	addi	x0,x0,0	  x0:0x00000000
        9935000	       992	80002e70	41690db3	sub	x27,x18,x22	 x18:0x00000000 x22:0xec172dda x27=0x13e8d226
        9945000	       993	80002e74	00141663	bne	x8,x1,80002e80	  x8:0xfc000000  x1:0xfffffc24
        9955000	       994	00000000	00000013	addi	x0,x0,0	  x0:0x00000000
        9965000	       995	80002e7c	00000013	addi	x0,x0,0	  x0:0x00000000
        9975000	       996	80002e80	fe8c0c13	addi	x24,x24,-24	 x24:0x80009f70 x24=0x80009f58
        9985000	       997	80002e84	00979933	sll	x18,x15,x9	 x15:0x800004f8  x9:0x00000524 x18=0x00004f80
        9995000	       998	80002e88	e7abb213	sltiu	x4,x23,-390	 x23:0x00000000  x4=0x00000001
       10005000	       999	80002e8c	c7322393	slti	x7,x4,-909	  x4:0x00000001  x7=0x00000000
       10015000	      1000	80002e90	01447633	and	x12,x8,x20	  x8:0xfc000000 x20:0x53631588 x12=0x50000000
       10025000	      1001	80002e94	019c2223	sw	x25,4(x24)	 x24:0x80009f58 x25:0x80003294 PA:0x80009f5c
       10035000	      1002	80002e98	01777333	and	x6,x14,x23	 x14:0x00000001 x23:0x00000000  x6=0x00000000
       10045000	      1003	80002e9c	002e31b3	sltu	x3,x28,x2	 x28:0x00000000  x2:0x0000075f  x3=0x00000001
       10055000	      1004	80002ea0	40778e33	sub	x28,x15,x7	 x15:0x800004f8  x7:0x00000000 x28=0x800004f8
       10065000	      1005	80002ea4	ec624093	xori	x1,x4,-314	  x4:0x00000001  x1=0xfffffec7
       10075000	      1006	80002ea8	17bb7913	andi	x18,x22,379	 x22:0xec172dda x18=0x0000015a
       10085000	      1007	80002eac	014b5813	srli	x16,x22,0x14	 x22:0xec172dda x16=0x00000ec1
       10095000	      1008	80002eb0	c0cfecef	jal	x25,80002eb0	 x25=0x80002eb0
       10105000	      1009	00000000	00000013	addi	x0,x0,0	  x0:0x00000000
       10115000	      1010	800012b8	00000013	addi	x0,x0,0	  x0:0x00000000
       10125000	      1011	800012bc	fe0c0c13	addi	x24,x24,-32	 x24:0x80009f58 x24=0x80009f38
       10135000	      1012	800012c0	9e8caa93	slti	x21,x25,-1560	 x25:0x80002eb0 x21=0x00000001
       10145000	      1013	800012c4	d1523f13	sltiu	x30,x4,-747	  x4:0x00000001 x30=0x00000001
       10155000	      1014	800012c8	019c2223	sw	x25,4(x24)	 x24:0x80009f38 x25:0x80002eb0 PA:0x80009f3c
       10165000	      1015	800012cc	97b10f13	addi	x30,x2,-1669	  x2:0x0000075f x30=0x000000da
       10175000	      1016	800012d0	011d59b3	srl	x19,x26,x17	 x26:0x00000001 x17:0x80009fc4 x19=0x00000000
       10185000	      1017	800012d4	0035e5b3	or	x11,x11,x3	 x11:0x800006fe  x3:0x00000001 x11=0x800006ff
       10195000	      1018	800012d8	00018db3	add	x27,x3,x0	  x3:0x00000001  x0:0x00000000 x27=0x00000001
       10205000	      1019	800012dc	a2fee913	ori	x18,x29,-1489	 x29:0x00000001 x18=0xfffffa2f
       10215000	      1020	800012e0	7489fb93	andi	x23,x19,1864	 x19:0x00000000 x23=0x00000000
       10225000	      1021	800012e4	03800cef	jal	x25,800012e4	 x25=0x800012e4
       10235000	      1022	00000000	00000013	addi	x0,x0,0	  x0:0x00000000
       10245000	      1023	80001318	00000013	addi	x0,x0,0	  x0:0x00000000
       10255000	      1024	8000131c	fe5ff2ef	jal	x5,8000131c	  x5=0x8000131c
       10265000	      1025	00000000	00000013	addi	x0,x0,0	  x0:0x00000000
       10275000	      1026	800012fc	00000013	addi	x0,x0,0	  x0:0x00000000
       10285000	      1027	80001300	ff5ff0ef	jal	x1,80001300	  x1=0x80001300
       10295000	      1028	00000000	00000013	addi	x0,x0,0	  x0:0x00000000
       10305000	      1029	800012f0	00000013	addi	x0,x0,0	  x0:0x00000000
       10315000	      1030	800012f4	ff9ff0ef	jal	x1,800012f4	  x1=0x800012f4
       10325000	      1031	00000000	00000013	addi	x0,x0,0	  x0:0x00000000
       10335000	      1032	800012e8	00000013	addi	x0,x0,0	  x0:0x00000000
       10345000	      1033	800012ec	03c000ef	jal	x1,800012ec	  x1=0x800012ec
       10355000	      1034	00000000	00000013	addi	x0,x0,0	  x0:0x00000000
       10365000	      1035	80001324	00000013	addi	x0,x0,0	  x0:0x00000000
       10375000	      1036	80001328	00c0066f	jal	x12,80001328	 x12=0x80001328
       10385000	      1037	00000000	00000013	addi	x0,x0,0	  x0:0x00000000
       10395000	      1038	80001330	00000013	addi	x0,x0,0	  x0:0x00000000
       10405000	      1039	80001334	00c000ef	jal	x1,80001334	  x1=0x80001334
       10415000	      1040	00000000	00000013	addi	x0,x0,0	  x0:0x00000000
       10425000	      1041	8000133c	00000013	addi	x0,x0,0	  x0:0x00000000
       10435000	      1042	80001340	fcdff0ef	jal	x1,80001340	  x1=0x80001340
       10445000	      1043	00000000	00000013	addi	x0,x0,0	  x0:0x00000000
       10455000	      1044	80001308	00000013	addi	x0,x0,0	  x0:0x00000000
       10465000	      1045	8000130c	ff9ff2ef	jal	x5,8000130c	  x5=0x8000130c
       10475000	      1046	00000000	00000013	addi	x0,x0,0	  x0:0x00000000
       10485000	      1047	80001300	00000013	addi	x0,x0,0	  x0:0x00000000
       10495000	      1048	80001304	00c00a6f	jal	x20,80001304	 x20=0x80001304
       10505000	      1049	00000000	00000013	addi	x0,x0,0	  x0:0x00000000
       10515000	      1050	8000130c	00000013	addi	x0,x0,0	  x0:0x00000000
       10525000	      1051	80001310	02800cef	jal	x25,80001310	 x25=0x80001310
       10535000	      1052	00000000	00000013	addi	x0,x0,0	  x0:0x00000000
       10545000	      1053	80001334	00000013	addi	x0,x0,0	  x0:0x00000000
       10555000	      1054	80001338	fb9ff7ef	jal	x15,80001338	 x15=0x80001338
       10565000	      1055	00000000	00000013	addi	x0,x0,0	  x0:0x00000000
       10575000	      1056	800012ec	00000013	addi	x0,x0,0	  x0:0x00000000
       10585000	      1057	800012f0	0180056f	jal	x10,800012f0	 x10=0x800012f0
       10595000	      1058	00000000	00000013	addi	x0,x0,0	  x0:0x00000000
       10605000	      1059	80001304	00000013	addi	x0,x0,0	  x0:0x00000000
       10615000	      1060	80001308	0100036f	jal	x6,80001308	  x6=0x80001308
       10625000	      1061	00000000	00000013	addi	x0,x0,0	  x0:0x00000000
       10635000	      1062	80001314	00000013	addi	x0,x0,0	  x0:0x00000000
       10645000	      1063	80001318	00c0036f	jal	x6,80001318	  x6=0x80001318
       10655000	      1064	00000000	00000013	addi	x0,x0,0	  x0:0x00000000
       10665000	      1065	80001320	00000013	addi	x0,x0,0	  x0:0x00000000
       10675000	      1066	80001324	00c006ef	jal	x13,80001324	 x13=0x80001324
       10685000	      1067	00000000	00000013	addi	x0,x0,0	  x0:0x00000000
       10695000	      1068	8000132c	00000013	addi	x0,x0,0	  x0:0x00000000
       10705000	      1069	80001330	fcdff3ef	jal	x7,80001330	  x7=0x80001330
       10715000	      1070	00000000	00000013	addi	x0,x0,0	  x0:0x00000000
       10725000	      1071	800012f8	00000013	addi	x0,x0,0	  x0:0x00000000
       10735000	      1072	800012fc	040000ef	jal	x1,800012fc	  x1=0x800012fc
       10745000	      1073	00000000	00000013	addi	x0,x0,0	  x0:0x00000000
       10755000	      1074	80001338	00000013	addi	x0,x0,0	  x0:0x00000000
       10765000	      1075	8000133c	fd9ff36f	jal	x6,8000133c	  x6=0x8000133c
       10775000	      1076	00000000	00000013	addi	x0,x0,0	  x0:0x00000000
       10785000	      1077	80001310	00000013	addi	x0,x0,0	  x0:0x00000000
       10795000	      1078	80001314	fe5ff26f	jal	x4,80001314	  x4=0x80001314
       10805000	      1079	00000000	00000013	addi	x0,x0,0	  x0:0x00000000
       10815000	      1080	800012f4	00000013	addi	x0,x0,0	  x0:0x00000000
       10825000	      1081	800012f8	05000e6f	jal	x28,800012f8	 x28=0x800012f8
       10835000	      1082	00000000	00000013	addi	x0,x0,0	  x0:0x00000000
       10845000	      1083	80001344	00000013	addi	x0,x0,0	  x0:0x00000000
       10855000	      1084	80001348	fe5ff4ef	jal	x9,80001348	  x9=0x80001348
       10865000	      1085	00000000	00000013	addi	x0,x0,0	  x0:0x00000000
       10875000	      1086	80001328	00000013	addi	x0,x0,0	  x0:0x00000000
       10885000	      1087	8000132c	0180036f	jal	x6,8000132c	  x6=0x8000132c
       10895000	      1088	00000000	00000013	addi	x0,x0,0	  x0:0x00000000
       10905000	      1089	80001340	00000013	addi	x0,x0,0	  x0:0x00000000
       10915000	      1090	80001344	fa5ff36f	jal	x6,80001344	  x6=0x80001344
       10925000	      1091	00000000	00000013	addi	x0,x0,0	  x0:0x00000000
       10935000	      1092	800012e4	00000013	addi	x0,x0,0	  x0:0x00000000
       10945000	      1093	800012e8	0640026f	jal	x4,800012e8	  x4=0x800012e8
       10955000	      1094	00000000	00000013	addi	x0,x0,0	  x0:0x00000000
       10965000	      1095	80001348	00000013	addi	x0,x0,0	  x0:0x00000000
       10975000	      1096	8000134c	fd5ff2ef	jal	x5,8000134c	  x5=0x8000134c
       10985000	      1097	00000000	00000013	addi	x0,x0,0	  x0:0x00000000
       10995000	      1098	8000131c	00000013	addi	x0,x0,0	  x0:0x00000000
       11005000	      1099	80001320	0300036f	jal	x6,80001320	  x6=0x80001320
       11015000	      1100	00000000	00000013	addi	x0,x0,0	  x0:0x00000000
       11025000	      1101	8000134c	00000013	addi	x0,x0,0	  x0:0x00000000
       11035000	      1102	80001350	406183b3	sub	x7,x3,x6	  x3:0x00000001  x6:0x80001320  x7=0x7fffece1
       11045000	      1103	80001354	02400cef	jal	x25,80001354	 x25=0x80001354
       11055000	      1104	00000000	00000013	addi	x0,x0,0	  x0:0x00000000
       11065000	      1105	80001374	00000013	addi	x0,x0,0	  x0:0x00000000
       11075000	      1106	80001378	038000ef	jal	x1,80001378	  x1=0x80001378
       11085000	      1107	00000000	00000013	addi	x0,x0,0	  x0:0x00000000
       11095000	      1108	800013ac	00000013	addi	x0,x0,0	  x0:0x00000000
       11105000	      1109	800013b0	ffdff36f	jal	x6,800013b0	  x6=0x800013b0
       11115000	      1110	00000000	00000013	addi	x0,x0,0	  x0:0x00000000
       11125000	      1111	800013a8	00000013	addi	x0,x0,0	  x0:0x00000000
       11135000	      1112	800013ac	fe1ff0ef	jal	x1,800013ac	  x1=0x800013ac
       11145000	      1113	00000000	00000013	addi	x0,x0,0	  x0:0x00000000
       11155000	      1114	80001388	00000013	addi	x0,x0,0	  x0:0x00000000
       11165000	      1115	8000138c	ff5ff0ef	jal	x1,8000138c	  x1=0x8000138c
       11175000	      1116	00000000	00000013	addi	x0,x0,0	  x0:0x00000000
       11185000	      1117	8000137c	00000013	addi	x0,x0,0	  x0:0x00000000
       11195000	      1118	80001380	fedff0ef	jal	x1,80001380	  x1=0x80001380
       11205000	      1119	00000000	00000013	addi	x0,x0,0	  x0:0x00000000
       11215000	      1120	80001368	00000013	addi	x0,x0,0	  x0:0x00000000
       11225000	      1121	8000136c	018000ef	jal	x1,8000136c	  x1=0x8000136c
       11235000	      1122	00000000	00000013	addi	x0,x0,0	  x0:0x00000000
       11245000	      1123	80001380	00000013	addi	x0,x0,0	  x0:0x00000000
       11255000	      1124	80001384	fedff36f	jal	x6,80001384	  x6=0x80001384
       11265000	      1125	00000000	00000013	addi	x0,x0,0	  x0:0x00000000
       11275000	      1126	8000136c	00000013	addi	x0,x0,0	  x0:0x00000000
       11285000	      1127	80001370	0200036f	jal	x6,80001370	  x6=0x80001370
       11295000	      1128	00000000	00000013	addi	x0,x0,0	  x0:0x00000000
       11305000	      1129	8000138c	00000013	addi	x0,x0,0	  x0:0x00000000
       11315000	      1130	80001390	0280036f	jal	x6,80001390	  x6=0x80001390
       11325000	      1131	00000000	00000013	addi	x0,x0,0	  x0:0x00000000
       11335000	      1132	800013b4	00000013	addi	x0,x0,0	  x0:0x00000000
       11345000	      1133	800013b8	fd1ff36f	jal	x6,800013b8	  x6=0x800013b8
       11355000	      1134	00000000	00000013	addi	x0,x0,0	  x0:0x00000000
       11365000	      1135	80001384	00000013	addi	x0,x0,0	  x0:0x00000000
       11375000	      1136	80001388	fd9ff36f	jal	x6,80001388	  x6=0x80001388
       11385000	      1137	00000000	00000013	addi	x0,x0,0	  x0:0x00000000
       11395000	      1138	8000135c	00000013	addi	x0,x0,0	  x0:0x00000000
       11405000	      1139	80001360	00400eef	jal	x29,80001360	 x29=0x80001360
       11415000	      1140	00000000	00000013	addi	x0,x0,0	  x0:0x00000000
       11425000	      1141	80001360	00000013	addi	x0,x0,0	  x0:0x00000000
       11435000	      1142	80001364	030000ef	jal	x1,80001364	  x1=0x80001364
       11445000	      1143	00000000	00000013	addi	x0,x0,0	  x0:0x00000000
       11455000	      1144	80001390	00000013	addi	x0,x0,0	  x0:0x00000000
       11465000	      1145	80001394	fe1ff16f	jal	x2,80001394	  x2=0x80001394
       11475000	      1146	00000000	00000013	addi	x0,x0,0	  x0:0x00000000
       11485000	      1147	80001370	00000013	addi	x0,x0,0	  x0:0x00000000
       11495000	      1148	80001374	02c000ef	jal	x1,80001374	  x1=0x80001374
       11505000	      1149	00000000	00000013	addi	x0,x0,0	  x0:0x00000000
       11515000	      1150	8000139c	00000013	addi	x0,x0,0	  x0:0x00000000
       11525000	      1151	800013a0	fb9ff0ef	jal	x1,800013a0	  x1=0x800013a0
       11535000	      1152	00000000	00000013	addi	x0,x0,0	  x0:0x00000000
       11545000	      1153	80001354	00000013	addi	x0,x0,0	  x0:0x00000000
       11555000	      1154	80001358	024000ef	jal	x1,80001358	  x1=0x80001358
       11565000	      1155	00000000	00000013	addi	x0,x0,0	  x0:0x00000000
       11575000	      1156	80001378	00000013	addi	x0,x0,0	  x0:0x00000000
       11585000	      1157	8000137c	028000ef	jal	x1,8000137c	  x1=0x8000137c
       11595000	      1158	00000000	00000013	addi	x0,x0,0	  x0:0x00000000
       11605000	      1159	800013a0	00000013	addi	x0,x0,0	  x0:0x00000000
       11615000	      1160	800013a4	ff9ff86f	jal	x16,800013a4	 x16=0x800013a4
       11625000	      1161	00000000	00000013	addi	x0,x0,0	  x0:0x00000000
       11635000	      1162	80001398	00000013	addi	x0,x0,0	  x0:0x00000000
       11645000	      1163	8000139c	00c0036f	jal	x6,8000139c	  x6=0x8000139c
       11655000	      1164	00000000	00000013	addi	x0,x0,0	  x0:0x00000000
       11665000	      1165	800013a4	00000013	addi	x0,x0,0	  x0:0x00000000
       11675000	      1166	800013a8	fb5ff0ef	jal	x1,800013a8	  x1=0x800013a8
       11685000	      1167	00000000	00000013	addi	x0,x0,0	  x0:0x00000000
       11695000	      1168	80001358	00000013	addi	x0,x0,0	  x0:0x00000000
       11705000	      1169	8000135c	00c0036f	jal	x6,8000135c	  x6=0x8000135c
       11715000	      1170	00000000	00000013	addi	x0,x0,0	  x0:0x00000000
       11725000	      1171	80001364	00000013	addi	x0,x0,0	  x0:0x00000000
       11735000	      1172	80001368	030000ef	jal	x1,80001368	  x1=0x80001368
       11745000	      1173	00000000	00000013	addi	x0,x0,0	  x0:0x00000000
       11755000	      1174	80001394	00000013	addi	x0,x0,0	  x0:0x00000000
       11765000	      1175	80001398	01c0036f	jal	x6,80001398	  x6=0x80001398
       11775000	      1176	00000000	00000013	addi	x0,x0,0	  x0:0x00000000
       11785000	      1177	800013b0	00000013	addi	x0,x0,0	  x0:0x00000000
       11795000	      1178	800013b4	008000ef	jal	x1,800013b4	  x1=0x800013b4
       11805000	      1179	00000000	00000013	addi	x0,x0,0	  x0:0x00000000
       11815000	      1180	800013b8	00000013	addi	x0,x0,0	  x0:0x00000000
       11825000	      1181	800013bc	919cb213	sltiu	x4,x25,-1767	 x25:0x80001354  x4=0x00000001
       11835000	      1182	800013c0	03400cef	jal	x25,800013c0	 x25=0x800013c0
       11845000	      1183	00000000	00000013	addi	x0,x0,0	  x0:0x00000000
       11855000	      1184	800013f0	00000013	addi	x0,x0,0	  x0:0x00000000
       11865000	      1185	800013f4	fe1ff0ef	jal	x1,800013f4	  x1=0x800013f4
       11875000	      1186	00000000	00000013	addi	x0,x0,0	  x0:0x00000000
       11885000	      1187	800013d0	00000013	addi	x0,x0,0	  x0:0x00000000
       11895000	      1188	800013d4	02c0096f	jal	x18,800013d4	 x18=0x800013d4
       11905000	      1189	00000000	00000013	addi	x0,x0,0	  x0:0x00000000
       11915000	      1190	800013fc	00000013	addi	x0,x0,0	  x0:0x00000000
       11925000	      1191	80001400	fddff0ef	jal	x1,80001400	  x1=0x80001400
       11935000	      1192	00000000	00000013	addi	x0,x0,0	  x0:0x00000000
       11945000	      1193	800013d8	00000013	addi	x0,x0,0	  x0:0x00000000
       11955000	      1194	800013dc	008000ef	jal	x1,800013dc	  x1=0x800013dc
       11965000	      1195	00000000	00000013	addi	x0,x0,0	  x0:0x00000000
       11975000	      1196	800013e0	00000013	addi	x0,x0,0	  x0:0x00000000
       11985000	      1197	800013e4	018002ef	jal	x5,800013e4	  x5=0x800013e4
       11995000	      1198	00000000	00000013	addi	x0,x0,0	  x0:0x00000000
       12005000	      1199	800013f8	00000013	addi	x0,x0,0	  x0:0x00000000
       12015000	      1200	800013fc	00c002ef	jal	x5,800013fc	  x5=0x800013fc
       12025000	      1201	00000000	00000013	addi	x0,x0,0	  x0:0x00000000
       12035000	      1202	80001404	00000013	addi	x0,x0,0	  x0:0x00000000
       12045000	      1203	80001408	ffdff0ef	jal	x1,80001408	  x1=0x80001408
       12055000	      1204	00000000	00000013	addi	x0,x0,0	  x0:0x00000000
       12065000	      1205	80001400	00000013	addi	x0,x0,0	  x0:0x00000000
       12075000	      1206	80001404	fc5ff0ef	jal	x1,80001404	  x1=0x80001404
       12085000	      1207	00000000	00000013	addi	x0,x0,0	  x0:0x00000000
       12095000	      1208	800013c4	00000013	addi	x0,x0,0	  x0:0x00000000
       12105000	      1209	800013c8	010000ef	jal	x1,800013c8	  x1=0x800013c8
       12115000	      1210	00000000	00000013	addi	x0,x0,0	  x0:0x00000000
       12125000	      1211	800013d4	00000013	addi	x0,x0,0	  x0:0x00000000
       12135000	      1212	800013d8	034000ef	jal	x1,800013d8	  x1=0x800013d8
       12145000	      1213	00000000	00000013	addi	x0,x0,0	  x0:0x00000000
       12155000	      1214	80001408	00000013	addi	x0,x0,0	  x0:0x00000000
       12165000	      1215	8000140c	fe1ff0ef	jal	x1,8000140c	  x1=0x8000140c
       12175000	      1216	00000000	00000013	addi	x0,x0,0	  x0:0x00000000
       12185000	      1217	800013e8	00000013	addi	x0,x0,0	  x0:0x00000000
       12195000	      1218	800013ec	fe5ff0ef	jal	x1,800013ec	  x1=0x800013ec
       12205000	      1219	00000000	00000013	addi	x0,x0,0	  x0:0x00000000
       12215000	      1220	800013cc	00000013	addi	x0,x0,0	  x0:0x00000000
       12225000	      1221	800013d0	010000ef	jal	x1,800013d0	  x1=0x800013d0
       12235000	      1222	00000000	00000013	addi	x0,x0,0	  x0:0x00000000
       12245000	      1223	800013dc	00000013	addi	x0,x0,0	  x0:0x00000000
       12255000	      1224	800013e0	fedff0ef	jal	x1,800013e0	  x1=0x800013e0
       12265000	      1225	00000000	00000013	addi	x0,x0,0	  x0:0x00000000
       12275000	      1226	800013c8	00000013	addi	x0,x0,0	  x0:0x00000000
       12285000	      1227	800013cc	ff9ff0ef	jal	x1,800013cc	  x1=0x800013cc
       12295000	      1228	00000000	00000013	addi	x0,x0,0	  x0:0x00000000
       12305000	      1229	800013c0	00000013	addi	x0,x0,0	  x0:0x00000000
       12315000	      1230	800013c4	02c00def	jal	x27,800013c4	 x27=0x800013c4
       12325000	      1231	00000000	00000013	addi	x0,x0,0	  x0:0x00000000
       12335000	      1232	800013ec	00000013	addi	x0,x0,0	  x0:0x00000000
       12345000	      1233	800013f0	008001ef	jal	x3,800013f0	  x3=0x800013f0
       12355000	      1234	00000000	00000013	addi	x0,x0,0	  x0:0x00000000
       12365000	      1235	800013f4	00000013	addi	x0,x0,0	  x0:0x00000000
       12375000	      1236	800013f8	ff1ff0ef	jal	x1,800013f8	  x1=0x800013f8
       12385000	      1237	00000000	00000013	addi	x0,x0,0	  x0:0x00000000
       12395000	      1238	800013e4	00000013	addi	x0,x0,0	  x0:0x00000000
       12405000	      1239	800013e8	028000ef	jal	x1,800013e8	  x1=0x800013e8
       12415000	      1240	00000000	00000013	addi	x0,x0,0	  x0:0x00000000
       12425000	      1241	8000140c	00000013	addi	x0,x0,0	  x0:0x00000000
       12435000	      1242	80001410	00c1f5b3	and	x11,x3,x12	  x3:0x800013f0 x12:0x80001328 x11=0x80001320
       12445000	      1243	80001414	00400cef	jal	x25,80001414	 x25=0x80001414
       12455000	      1244	00000000	00000013	addi	x0,x0,0	  x0:0x00000000
       12465000	      1245	80001414	00000013	addi	x0,x0,0	  x0:0x00000000
       12475000	      1246	80001418	02c000ef	jal	x1,80001418	  x1=0x80001418
       12485000	      1247	00000000	00000013	addi	x0,x0,0	  x0:0x00000000
       12495000	      1248	80001440	00000013	addi	x0,x0,0	  x0:0x00000000
       12505000	      1249	80001444	fd9ff36f	jal	x6,80001444	  x6=0x80001444
       12515000	      1250	00000000	00000013	addi	x0,x0,0	  x0:0x00000000
       12525000	      1251	80001418	00000013	addi	x0,x0,0	  x0:0x00000000
       12535000	      1252	8000141c	030002ef	jal	x5,8000141c	  x5=0x8000141c
       12545000	      1253	00000000	00000013	addi	x0,x0,0	  x0:0x00000000
       12555000	      1254	80001448	00000013	addi	x0,x0,0	  x0:0x00000000
       12565000	      1255	8000144c	fd9ff36f	jal	x6,8000144c	  x6=0x8000144c
       12575000	      1256	00000000	00000013	addi	x0,x0,0	  x0:0x00000000
       12585000	      1257	80001420	00000013	addi	x0,x0,0	  x0:0x00000000
       12595000	      1258	80001424	01000aef	jal	x21,80001424	 x21=0x80001424
       12605000	      1259	00000000	00000013	addi	x0,x0,0	  x0:0x00000000
       12615000	      1260	80001430	00000013	addi	x0,x0,0	  x0:0x00000000
       12625000	      1261	80001434	fedff16f	jal	x2,80001434	  x2=0x80001434
       12635000	      1262	00000000	00000013	addi	x0,x0,0	  x0:0x00000000
       12645000	      1263	8000141c	00000013	addi	x0,x0,0	  x0:0x00000000
       12655000	      1264	80001420	008001ef	jal	x3,80001420	  x3=0x80001420
       12665000	      1265	00000000	00000013	addi	x0,x0,0	  x0:0x00000000
       12675000	      1266	80001424	00000013	addi	x0,x0,0	  x0:0x00000000
       12685000	      1267	80001428	028000ef	jal	x1,80001428	  x1=0x80001428
       12695000	      1268	00000000	00000013	addi	x0,x0,0	  x0:0x00000000
       12705000	      1269	8000144c	00000013	addi	x0,x0,0	  x0:0x00000000
       12715000	      1270	80001450	ff9ff56f	jal	x10,80001450	 x10=0x80001450
       12725000	      1271	00000000	00000013	addi	x0,x0,0	  x0:0x00000000
       12735000	      1272	80001444	00000013	addi	x0,x0,0	  x0:0x00000000
       12745000	      1273	80001448	fe9ff0ef	jal	x1,80001448	  x1=0x80001448
       12755000	      1274	00000000	00000013	addi	x0,x0,0	  x0:0x00000000
       12765000	      1275	8000142c	00000013	addi	x0,x0,0	  x0:0x00000000
       12775000	      1276	80001430	0080036f	jal	x6,80001430	  x6=0x80001430
       12785000	      1277	00000000	00000013	addi	x0,x0,0	  x0:0x00000000
       12795000	      1278	80001434	00000013	addi	x0,x0,0	  x0:0x00000000
       12805000	      1279	80001438	0040046f	jal	x8,80001438	  x8=0x80001438
       12815000	      1280	00000000	00000013	addi	x0,x0,0	  x0:0x00000000
       12825000	      1281	80001438	00000013	addi	x0,x0,0	  x0:0x00000000
       12835000	      1282	8000143c	ff1ff16f	jal	x2,8000143c	  x2=0x8000143c
       12845000	      1283	00000000	00000013	addi	x0,x0,0	  x0:0x00000000
       12855000	      1284	80001428	00000013	addi	x0,x0,0	  x0:0x00000000
       12865000	      1285	8000142c	014000ef	jal	x1,8000142c	  x1=0x8000142c
       12875000	      1286	00000000	00000013	addi	x0,x0,0	  x0:0x00000000
       12885000	      1287	8000143c	00000013	addi	x0,x0,0	  x0:0x00000000
       12895000	      1288	80001440	014000ef	jal	x1,80001440	  x1=0x80001440
       12905000	      1289	00000000	00000013	addi	x0,x0,0	  x0:0x00000000
       12915000	      1290	80001450	00000013	addi	x0,x0,0	  x0:0x00000000
       12925000	      1291	80001454	71402013	slti	x0,x0,1812	  x0:0x00000000
       12935000	      1292	80001458	03400cef	jal	x25,80001458	 x25=0x80001458
       12945000	      1293	00000000	00000013	addi	x0,x0,0	  x0:0x00000000
       12955000	      1294	80001488	00000013	addi	x0,x0,0	  x0:0x00000000
       12965000	      1295	8000148c	0300086f	jal	x16,8000148c	 x16=0x8000148c
       12975000	      1296	00000000	00000013	addi	x0,x0,0	  x0:0x00000000
       12985000	      1297	800014b8	00000013	addi	x0,x0,0	  x0:0x00000000
       12995000	      1298	800014bc	ff5ff56f	jal	x10,800014bc	 x10=0x800014bc
       13005000	      1299	00000000	00000013	addi	x0,x0,0	  x0:0x00000000
       13015000	      1300	800014ac	00000013	addi	x0,x0,0	  x0:0x00000000
       13025000	      1301	800014b0	fe5ff0ef	jal	x1,800014b0	  x1=0x800014b0
       13035000	      1302	00000000	00000013	addi	x0,x0,0	  x0:0x00000000
       13045000	      1303	80001490	00000013	addi	x0,x0,0	  x0:0x00000000
       13055000	      1304	80001494	ffdffaef	jal	x21,80001494	 x21=0x80001494
       13065000	      1305	00000000	00000013	addi	x0,x0,0	  x0:0x00000000
       13075000	      1306	8000148c	00000013	addi	x0,x0,0	  x0:0x00000000
       13085000	      1307	80001490	008000ef	jal	x1,80001490	  x1=0x80001490
       13095000	      1308	00000000	00000013	addi	x0,x0,0	  x0:0x00000000
       13105000	      1309	80001494	00000013	addi	x0,x0,0	  x0:0x00000000
       13115000	      1310	80001498	fd5ff3ef	jal	x7,80001498	  x7=0x80001498
       13125000	      1311	00000000	00000013	addi	x0,x0,0	  x0:0x00000000
       13135000	      1312	80001468	00000013	addi	x0,x0,0	  x0:0x00000000
       13145000	      1313	8000146c	00400bef	jal	x23,8000146c	 x23=0x8000146c
       13155000	      1314	00000000	00000013	addi	x0,x0,0	  x0:0x00000000
       13165000	      1315	8000146c	00000013	addi	x0,x0,0	  x0:0x00000000
       13175000	      1316	80001470	ff1ff36f	jal	x6,80001470	  x6=0x80001470
       13185000	      1317	00000000	00000013	addi	x0,x0,0	  x0:0x00000000
       13195000	      1318	8000145c	00000013	addi	x0,x0,0	  x0:0x00000000
       13205000	      1319	80001460	048000ef	jal	x1,80001460	  x1=0x80001460
       13215000	      1320	00000000	00000013	addi	x0,x0,0	  x0:0x00000000
       13225000	      1321	800014a4	00000013	addi	x0,x0,0	  x0:0x00000000
       13235000	      1322	800014a8	fbdff36f	jal	x6,800014a8	  x6=0x800014a8
       13245000	      1323	00000000	00000013	addi	x0,x0,0	  x0:0x00000000
       13255000	      1324	80001460	00000013	addi	x0,x0,0	  x0:0x00000000
       13265000	      1325	80001464	048000ef	jal	x1,80001464	  x1=0x80001464
       13275000	      1326	00000000	00000013	addi	x0,x0,0	  x0:0x00000000
       13285000	      1327	800014a8	00000013	addi	x0,x0,0	  x0:0x00000000
       13295000	      1328	800014ac	fddff36f	jal	x6,800014ac	  x6=0x800014ac
       13305000	      1329	00000000	00000013	addi	x0,x0,0	  x0:0x00000000
       13315000	      1330	80001484	00000013	addi	x0,x0,0	  x0:0x00000000
       13325000	      1331	80001488	030000ef	jal	x1,80001488	  x1=0x80001488
       13335000	      1332	00000000	00000013	addi	x0,x0,0	  x0:0x00000000
       13345000	      1333	800014b4	00000013	addi	x0,x0,0	  x0:0x00000000
       13355000	      1334	800014b8	fa5ff0ef	jal	x1,800014b8	  x1=0x800014b8
       13365000	      1335	00000000	00000013	addi	x0,x0,0	  x0:0x00000000
       13375000	      1336	80001458	00000013	addi	x0,x0,0	  x0:0x00000000
       13385000	      1337	8000145c	024000ef	jal	x1,8000145c	  x1=0x8000145c
       13395000	      1338	00000000	00000013	addi	x0,x0,0	  x0:0x00000000
       13405000	      1339	8000147c	00000013	addi	x0,x0,0	  x0:0x00000000
       13415000	      1340	80001480	004000ef	jal	x1,80001480	  x1=0x80001480
       13425000	      1341	00000000	00000013	addi	x0,x0,0	  x0:0x00000000
       13435000	      1342	80001480	00000013	addi	x0,x0,0	  x0:0x00000000
       13445000	      1343	80001484	fe5ff0ef	jal	x1,80001484	  x1=0x80001484
       13455000	      1344	00000000	00000013	addi	x0,x0,0	  x0:0x00000000
       13465000	      1345	80001464	00000013	addi	x0,x0,0	  x0:0x00000000
       13475000	      1346	80001468	0140036f	jal	x6,80001468	  x6=0x80001468
       13485000	      1347	00000000	00000013	addi	x0,x0,0	  x0:0x00000000
       13495000	      1348	80001478	00000013	addi	x0,x0,0	  x0:0x00000000
       13505000	      1349	8000147c	028000ef	jal	x1,8000147c	  x1=0x8000147c
       13515000	      1350	00000000	00000013	addi	x0,x0,0	  x0:0x00000000
       13525000	      1351	800014a0	00000013	addi	x0,x0,0	  x0:0x00000000
       13535000	      1352	800014a4	fd5ff9ef	jal	x19,800014a4	 x19=0x800014a4
       13545000	      1353	00000000	00000013	addi	x0,x0,0	  x0:0x00000000
       13555000	      1354	80001474	00000013	addi	x0,x0,0	  x0:0x00000000
       13565000	      1355	80001478	ffdff0ef	jal	x1,80001478	  x1=0x80001478
       13575000	      1356	00000000	00000013	addi	x0,x0,0	  x0:0x00000000
       13585000	      1357	80001470	00000013	addi	x0,x0,0	  x0:0x00000000
       13595000	      1358	80001474	040000ef	jal	x1,80001474	  x1=0x80001474
       13605000	      1359	00000000	00000013	addi	x0,x0,0	  x0:0x00000000
       13615000	      1360	800014b0	00000013	addi	x0,x0,0	  x0:0x00000000
       13625000	      1361	800014b4	00c000ef	jal	x1,800014b4	  x1=0x800014b4
       13635000	      1362	00000000	00000013	addi	x0,x0,0	  x0:0x00000000
       13645000	      1363	800014bc	00000013	addi	x0,x0,0	  x0:0x00000000
       13655000	      1364	800014c0	fe1ff0ef	jal	x1,800014c0	  x1=0x800014c0
       13665000	      1365	00000000	00000013	addi	x0,x0,0	  x0:0x00000000
       13675000	      1366	8000149c	00000013	addi	x0,x0,0	  x0:0x00000000
       13685000	      1367	800014a0	ffdff0ef	jal	x1,800014a0	  x1=0x800014a0
       13695000	      1368	00000000	00000013	addi	x0,x0,0	  x0:0x00000000
       13705000	      1369	80001498	00000013	addi	x0,x0,0	  x0:0x00000000
       13715000	      1370	8000149c	028000ef	jal	x1,8000149c	  x1=0x8000149c
       13725000	      1371	00000000	00000013	addi	x0,x0,0	  x0:0x00000000
       13735000	      1372	800014c0	00000013	addi	x0,x0,0	  x0:0x00000000
       13745000	      1373	800014c4	da9aa413	slti	x8,x21,-599	 x21:0x80001494  x8=0x00000001
       13755000	      1374	800014c8	01135863	bge	x6,x17,800014d8	  x6:0x80001468 x17:0x80009fc4
       13765000	      1375	800014cc	015c9193	slli	x3,x25,0x15	 x25:0x80001458  x3=0x8b000000
       13775000	      1376	800014d0	019ad133	srl	x2,x21,x25	 x21:0x80001494 x25:0x80001458  x2=0x00000080
       13785000	      1377	800014d4	e9dfab93	slti	x23,x31,-355	 x31:0xfffffc01 x23=0x00000001
       13795000	      1378	800014d8	00000013	addi	x0,x0,0	  x0:0x00000000
       13805000	      1379	800014dc	9641c813	xori	x16,x3,-1692	  x3:0x8b000000 x16=0x74fff964
       13815000	      1380	800014e0	b27b4513	xori	x10,x22,-1241	 x22:0xec172dda x10=0x13e8d6fd
       13825000	      1381	800014e4	bf824217	auipc	x4,0xbf824	  x4=0x3f8254e0
       13835000	      1382	800014e8	015bda33	srl	x20,x23,x21	 x23:0x00000001 x21:0x80001494 x20=0x00000000
       13845000	      1383	800014ec	00688263	beq	x17,x6,800014f0	 x17:0x80009fc4  x6:0x80001468
       13855000	      1384	800014f0	002fc663	blt	x31,x2,800014fc	 x31:0xfffffc01  x2:0x00000080
       13865000	      1385	00000000	00000013	addi	x0,x0,0	  x0:0x00000000
       13875000	      1386	800014f8	00000013	addi	x0,x0,0	  x0:0x00000000
       13885000	      1387	800014fc	f79aae17	auipc	x28,0xf79aa	 x28=0x779ab4f8
       13895000	      1388	80001500	014ce833	or	x16,x25,x20	 x25:0x80001458 x20:0x00000000 x16=0x80001458
       13905000	      1389	80001504	40c45a33	sra	x20,x8,x12	  x8:0x00000001 x12:0x80001328 x20=0x00000000
       13915000	      1390	80001508	011f5613	srli	x12,x30,0x11	 x30:0x000000da x12=0x00000000
       13925000	      1391	8000150c	d07b0193	addi	x3,x22,-761	 x22:0xec172dda  x3=0xec172ae1
       13935000	      1392	80001510	08137993	andi	x19,x6,129	  x6:0x80001468 x19=0x00000000
       13945000	      1393	80001514	01050f33	add	x30,x10,x16	 x10:0x13e8d6fd x16:0x80001458 x30=0x93e8eb55
       13955000	      1394	80001518	07514613	xori	x12,x2,117	  x2:0x00000080 x12=0x000000f5
       13965000	      1395	8000151c	005fc933	xor	x18,x31,x5	 x31:0xfffffc01  x5:0x8000141c x18=0x7fffe81d
       13975000	      1396	80001520	41b8d493	srai	x9,x17,0x1b	 x17:0x80009fc4  x9=0xfffffff0
       13985000	      1397	80001524	01e2fab3	and	x21,x5,x30	  x5:0x8000141c x30:0x93e8eb55 x21=0x80000014
       13995000	      1398	80001528	01a75d33	srl	x26,x14,x26	 x14:0x00000001 x26:0x00000001 x26=0x00000000
       14005000	      1399	8000152c	01655e63	bge	x10,x22,80001548	 x10:0x13e8d6fd x22:0xec172dda
       14015000	      1400	00000000	00000013	addi	x0,x0,0	  x0:0x00000000
       14025000	      1401	80001544	00000013	addi	x0,x0,0	  x0:0x00000000
       14035000	      1402	80001548	0199ce63	blt	x19,x25,80001564	 x19:0x00000000 x25:0x80001458
       14045000	      1403	8000154c	01591293	slli	x5,x18,0x15	 x18:0x7fffe81d  x5=0x03a00000
       14055000	      1404	80001550	00e40db3	add	x27,x8,x14	  x8:0x00000001 x14:0x00000001 x27=0x00000002
       14065000	      1405	80001554	01055033	srl	x0,x10,x16	 x10:0x13e8d6fd x16:0x80001458
       14075000	      1406	80001558	001f55b3	srl	x11,x30,x1	 x30:0x93e8eb55  x1:0x8000149c x11=0x00000009
       14085000	      1407	8000155c	536a9837	lui	x16,0x536a9	 x16=0x536a9000
       14095000	      1408	80001560	9f86fd13	andi	x26,x13,-1544	 x13:0x80001324 x26=0x80001120
       14105000	      1409	80001564	01dfc533	xor	x10,x31,x29	 x31:0xfffffc01 x29:0x80001360 x10=0x7fffef61
       14115000	      1410	80001568	04b31863	bne	x6,x11,800015b8	  x6:0x80001468 x11:0x00000009
       14125000	      1411	00000000	00000013	addi	x0,x0,0	  x0:0x00000000
       14135000	      1412	800015b4	00000013	addi	x0,x0,0	  x0:0x00000000
       14145000	      1413	800015b8	01308f33	add	x30,x1,x19	  x1:0x8000149c x19:0x00000000 x30=0x8000149c
       14155000	      1414	800015bc	00ee0733	add	x14,x28,x14	 x28:0x779ab4f8 x14:0x00000001 x14=0x779ab4f9
       14165000	      1415	800015c0	40b35613	srai	x12,x6,0xb	  x6:0x80001468 x12=0xfff00002
       14175000	      1416	800015c4	a0e22a93	slti	x21,x4,-1522	  x4:0x3f8254e0 x21=0x00000000
       14185000	      1417	800015c8	04d20717	auipc	x14,0x4d20	 x14=0x84d215c4
       14195000	      1418	800015cc	41060e33	sub	x28,x12,x16	 x12:0xfff00002 x16:0x536a9000 x28=0xac857002
       14205000	      1419	800015d0	f70a3293	sltiu	x5,x20,-144	 x20:0x00000000  x5=0x00000001
       14215000	      1420	800015d4	fc796e93	ori	x29,x18,-57	 x18:0x7fffe81d x29=0xffffffdf
       14225000	      1421	800015d8	000ef9b3	and	x19,x29,x0	 x29:0xffffffdf  x0:0x00000000 x19=0x00000000
       14235000	      1422	800015dc	01f5d633	srl	x12,x11,x31	 x11:0x00000009 x31:0xfffffc01 x12=0x00000004
       14245000	      1423	800015e0	035c5463	bge	x24,x21,80001608	 x24:0x80009f38 x21:0x00000000
       14255000	      1424	800015e4	015022b3	slt	x5,x0,x21	  x0:0x00000000 x21:0x00000000  x5=0x00000000
       14265000	      1425	800015e8	013c9133	sll	x2,x25,x19	 x25:0x80001458 x19:0x00000000  x2=0x80001458
       14275000	      1426	800015ec	00f9d733	srl	x14,x19,x15	 x19:0x00000000 x15:0x80001338 x14=0x00000000
       14285000	      1427	800015f0	006e8633	add	x12,x29,x6	 x29:0xffffffdf  x6:0x80001468 x12=0x80001447
       14295000	      1428	800015f4	ba5c7e13	andi	x28,x24,-1115	 x24:0x80009f38 x28=0x80009b20
       14305000	      1429	800015f8	00569793	slli	x15,x13,0x5	 x13:0x80001324 x15=0x00026480
       14315000	      1430	800015fc	03ce4863	blt	x28,x28,8000162c	 x28:0x80009b20 x28:0x80009b20
       14325000	      1431	80001600	00ec7733	and	x14,x24,x14	 x24:0x80009f38 x14:0x00000000 x14=0x00000000
       14335000	      1432	80001604	004adf13	srli	x30,x21,0x4	 x21:0x00000000 x30=0x00000000
       14345000	      1433	80001608	4076df93	srai	x31,x13,0x7	 x13:0x80001324 x31=0xff000026
       14355000	      1434	8000160c	00000013	addi	x0,x0,0	  x0:0x00000000
       14365000	      1435	80001610	836e8a93	addi	x21,x29,-1994	 x29:0xffffffdf x21=0xfffff815
       14375000	      1436	80001614	04227863	bgeu	x4,x2,80001664	  x4:0x3f8254e0  x2:0x80001458
       14385000	      1437	80001618	013cd793	srli	x15,x25,0x13	 x25:0x80001458 x15=0x00001000
       14395000	      1438	8000161c	008d0cb3	add	x25,x26,x8	 x26:0x80001120  x8:0x00000001 x25=0x80001121
       14405000	      1439	80001620	410a0133	sub	x2,x20,x16	 x20:0x00000000 x16:0x536a9000  x2=0xac957000
       14415000	      1440	80001624	69f1d797	auipc	x15,0x69f1d	 x15=0xe9f1e620
       14425000	      1441	80001628	db94ce97	auipc	x29,0xdb94c	 x29=0x5b94d624
       14435000	      1442	8000162c	00000013	addi	x0,x0,0	  x0:0x00000000
       14445000	      1443	80001630	03cffe63	bgeu	x31,x28,8000166c	 x31:0xff000026 x28:0x80009b20
       14455000	      1444	00000000	00000013	addi	x0,x0,0	  x0:0x00000000
       14465000	      1445	80001668	00000013	addi	x0,x0,0	  x0:0x00000000
       14475000	      1446	8000166c	41c18033	sub	x0,x3,x28	  x3:0xec172ae1 x28:0x80009b20
       14485000	      1447	80001670	02491663	bne	x18,x4,8000169c	 x18:0x7fffe81d  x4:0x3f8254e0
       14495000	      1448	00000000	00000013	addi	x0,x0,0	  x0:0x00000000
       14505000	      1449	80001698	00000013	addi	x0,x0,0	  x0:0x00000000
       14515000	      1450	8000169c	012d64b3	or	x9,x26,x18	 x26:0x80001120 x18:0x7fffe81d  x9=0xfffff93d
       14525000	      1451	800016a0	40a6d493	srai	x9,x13,0xa	 x13:0x80001324  x9=0xffe00004
       14535000	      1452	800016a4	0185e263	bltu	x11,x24,800016a8	 x11:0x00000009 x24:0x80009f38
       14545000	      1453	00000000	00000013	addi	x0,x0,0	  x0:0x00000000
       14555000	      1454	800016a4	00000013	addi	x0,x0,0	  x0:0x00000000
       14565000	      1455	800016a8	0178ee63	bltu	x17,x23,800016c4	 x17:0x80009fc4 x23:0x00000001
       14575000	      1456	800016ac	01005593	srli	x11,x0,0x10	  x0:0x00000000 x11=0x00000000
       14585000	      1457	800016b0	019107b3	add	x15,x2,x25	  x2:0xac957000 x25:0x80001121 x15=0x2c958121
       14595000	      1458	800016b4	a9b5aa13	slti	x20,x11,-1381	 x11:0x00000000 x20=0x00000000
       14605000	      1459	800016b8	00000013	addi	x0,x0,0	  x0:0x00000000
       14615000	      1460	800016bc	9b562313	slti	x6,x12,-1611	 x12:0x80001447  x6=0x00000001
       14625000	      1461	800016c0	f04db913	sltiu	x18,x27,-252	 x27:0x00000002 x18=0x00000001
       14635000	      1462	800016c4	16cfe193	ori	x3,x31,364	 x31:0xff000026  x3=0xff00016e
       14645000	      1463	800016c8	7b213393	sltiu	x7,x2,1970	  x2:0xac957000  x7=0x00000000
       14655000	      1464	800016cc	034ffc63	bgeu	x31,x20,80001704	 x31:0xff000026 x20:0x00000000
       14665000	      1465	00000000	00000013	addi	x0,x0,0	  x0:0x00000000
       14675000	      1466	80001700	00000013	addi	x0,x0,0	  x0:0x00000000
       14685000	      1467	80001704	016f9ab3	sll	x21,x31,x22	 x31:0xff000026 x22:0xec172dda x21=0x98000000
       14695000	      1468	80001708	00858263	beq	x11,x8,8000170c	 x11:0x00000000  x8:0x00000001
       14705000	      1469	8000170c	74b1b993	sltiu	x19,x3,1867	  x3:0xff00016e x19=0x00000000
       14715000	      1470	80001710	029d5e63	bge	x26,x9,8000174c	 x26:0x80001120  x9:0xffe00004
       14725000	      1471	80001714	40c95eb3	sra	x29,x18,x12	 x18:0x00000001 x12:0x80001447 x29=0x00000000
       14735000	      1472	80001718	04dee663	bltu	x29,x13,80001764	 x29:0x00000000 x13:0x80001324
       14745000	      1473	00000000	00000013	addi	x0,x0,0	  x0:0x00000000
       14755000	      1474	80001760	00000013	addi	x0,x0,0	  x0:0x00000000
       14765000	      1475	80001764	f5cc2593	slti	x11,x24,-164	 x24:0x80009f38 x11=0x00000001
       14775000	      1476	80001768	3098be13	sltiu	x28,x17,777	 x17:0x80009fc4 x28=0x00000000
       14785000	      1477	8000176c	00de6433	or	x8,x28,x13	 x28:0x00000000 x13:0x80001324  x8=0x80001324
       14795000	      1478	80001770	0118f433	and	x8,x17,x17	 x17:0x80009fc4 x17:0x80009fc4  x8=0x80009fc4
       14805000	      1479	80001774	41e0dd93	srai	x27,x1,0x1e	  x1:0x8000149c x27=0xfffffffe
       14815000	      1480	80001778	2fba41b7	lui	x3,0x2fba4	  x3=0x2fba4000
       14825000	      1481	8000177c	007cdeb3	srl	x29,x25,x7	 x25:0x80001121  x7:0x00000000 x29=0x80001121
       14835000	      1482	80001780	05479863	bne	x15,x20,800017d0	 x15:0x2c958121 x20:0x00000000
       14845000	      1483	00000000	00000013	addi	x0,x0,0	  x0:0x00000000
       14855000	      1484	800017cc	00000013	addi	x0,x0,0	  x0:0x00000000
       14865000	      1485	800017d0	6b02b293	sltiu	x5,x5,1712	  x5:0x00000000  x5=0x00000001
       14875000	      1486	800017d4	1680f993	andi	x19,x1,360	  x1:0x8000149c x19=0x00000008
       14885000	      1487	800017d8	01d24033	xor	x0,x4,x29	  x4:0x3f8254e0 x29:0x80001121
       14895000	      1488	800017dc	41d5d813	srai	x16,x11,0x1d	 x11:0x00000001 x16=0x00000000
       14905000	      1489	800017e0	415e51b3	sra	x3,x28,x21	 x28:0x00000000 x21:0x98000000  x3=0x00000000
       14915000	      1490	800017e4	01876433	or	x8,x14,x24	 x14:0x00000000 x24:0x80009f38  x8=0x80009f38
       14925000	      1491	800017e8	03899e63	bne	x19,x24,80001824	 x19:0x00000008 x24:0x80009f38
       14935000	      1492	00000000	00000013	addi	x0,x0,0	  x0:0x00000000
       14945000	      1493	80001820	00000013	addi	x0,x0,0	  x0:0x00000000
       14955000	      1494	80001824	00f5feb3	and	x29,x11,x15	 x11:0x00000001 x15:0x2c958121 x29=0x00000001
       14965000	      1495	80001828	005eb033	sltu	x0,x29,x5	 x29:0x00000001  x5:0x00000001
       14975000	      1496	8000182c	68a0f113	andi	x2,x1,1674	  x1:0x8000149c  x2=0x00000488
       14985000	      1497	80001830	60e0e813	ori	x16,x1,1550	  x1:0x8000149c x16=0x8000169e
       14995000	      1498	80001834	011bfeb3	and	x29,x23,x17	 x23:0x00000001 x17:0x80009fc4 x29=0x00000000
       15005000	      1499	80001838	83a387b7	lui	x15,0x83a38	 x15=0x83a38000
       15015000	      1500	8000183c	13aa6d13	ori	x26,x20,314	 x20:0x00000000 x26=0x0000013a
       15025000	      1501	80001840	00000013	addi	x0,x0,0	  x0:0x00000000
       15035000	      1502	80001844	0158c663	blt	x17,x21,80001850	 x17:0x80009fc4 x21:0x98000000
       15045000	      1503	00000000	00000013	addi	x0,x0,0	  x0:0x00000000
       15055000	      1504	8000184c	00000013	addi	x0,x0,0	  x0:0x00000000
       15065000	      1505	80001850	01b3da33	srl	x20,x7,x27	  x7:0x00000000 x27:0xfffffffe x20=0x00000000
       15075000	      1506	80001854	004d5e93	srli	x29,x26,0x4	 x26:0x0000013a x29=0x00000013
       15085000	      1507	80001858	04326263	bltu	x4,x3,8000189c	  x4:0x3f8254e0  x3:0x00000000
       15095000	      1508	8000185c	41590533	sub	x10,x18,x21	 x18:0x00000001 x21:0x98000000 x10=0x68000001
       15105000	      1509	80001860	04560663	beq	x12,x5,800018ac	 x12:0x80001447  x5:0x00000001
       15115000	      1510	80001864	009823b3	slt	x7,x16,x9	 x16:0x8000169e  x9:0xffe00004  x7=0x00000001
       15125000	      1511	80001868	b49bc913	xori	x18,x23,-1207	 x23:0x00000001 x18=0xfffffb48
       15135000	      1512	8000186c	01471263	bne	x14,x20,80001870	 x14:0x00000000 x20:0x00000000
       15145000	      1513	80001870	a1127013	andi	x0,x4,-1519	  x4:0x3f8254e0
       15155000	      1514	80001874	40c4d3b3	sra	x7,x9,x12	  x9:0xffe00004 x12:0x80001447  x7=0xffffc000
       15165000	      1515	80001878	8cd92793	slti	x15,x18,-1843	 x18:0xfffffb48 x15=0x00000000
       15175000	      1516	8000187c	013c85b3	add	x11,x25,x19	 x25:0x80001121 x19:0x00000008 x11=0x80001129
       15185000	      1517	80001880	410ad493	srai	x9,x21,0x10	 x21:0x98000000  x9=0xffff9800
       15195000	      1518	80001884	3d56c113	xori	x2,x13,981	 x13:0x80001324  x2=0x800010f1
       15205000	      1519	80001888	6745c213	xori	x4,x11,1652	 x11:0x80001129  x4=0x8000175d
       15215000	      1520	8000188c	00000013	addi	x0,x0,0	  x0:0x00000000
       15225000	      1521	80001890	f134a613	slti	x12,x9,-237	  x9:0xffff9800 x12=0x00000001
       15235000	      1522	80001894	0181ea33	or	x20,x3,x24	  x3:0x00000000 x24:0x80009f38 x20=0x80009f38
       15245000	      1523	80001898	02bc6c63	bltu	x24,x11,800018d0	 x24:0x80009f38 x11:0x80001129
       15255000	      1524	8000189c	01e07933	and	x18,x0,x30	  x0:0x00000000 x30:0x00000000 x18=0x00000000
       15265000	      1525	800018a0	17c80993	addi	x19,x16,380	 x16:0x8000169e x19=0x8000181a
       15275000	      1526	800018a4	01159e33	sll	x28,x11,x17	 x11:0x80001129 x17:0x80009fc4 x28=0x00011290
       15285000	      1527	800018a8	004e5863	bge	x28,x4,800018b8	 x28:0x00011290  x4:0x8000175d
       15295000	      1528	00000000	00000013	addi	x0,x0,0	  x0:0x00000000
       15305000	      1529	800018b4	00000013	addi	x0,x0,0	  x0:0x00000000
       15315000	      1530	800018b8	407585b3	sub	x11,x11,x7	 x11:0x80001129  x7:0xffffc000 x11=0x80005129
       15325000	      1531	800018bc	00711e63	bne	x2,x7,800018d8	  x2:0x800010f1  x7:0xffffc000
       15335000	      1532	00000000	00000013	addi	x0,x0,0	  x0:0x00000000
       15345000	      1533	800018d4	00000013	addi	x0,x0,0	  x0:0x00000000
       15355000	      1534	800018d8	412e05b3	sub	x11,x28,x18	 x28:0x00011290 x18:0x00000000 x11=0x00011290
       15365000	      1535	800018dc	0014fe33	and	x28,x9,x1	  x9:0xffff9800  x1:0x8000149c x28=0x80001000
       15375000	      1536	800018e0	1657f013	andi	x0,x15,357	 x15:0x00000000
       15385000	      1537	800018e4	00029433	sll	x8,x5,x0	  x5:0x00000001  x0:0x00000000  x8=0x00000001
       15395000	      1538	800018e8	403b5133	sra	x2,x22,x3	 x22:0xec172dda  x3:0x00000000  x2=0xec172dda
       15405000	      1539	800018ec	0eae0213	addi	x4,x28,234	 x28:0x80001000  x4=0x800010ea
       15415000	      1540	800018f0	020f1263	bne	x30,x0,80001914	 x30:0x00000000  x0:0x00000000
       15425000	      1541	800018f4	05adf863	bgeu	x27,x26,80001944	 x27:0xfffffffe x26:0x0000013a
       15435000	      1542	00000000	00000013	addi	x0,x0,0	  x0:0x00000000
       15445000	      1543	80001940	00000013	addi	x0,x0,0	  x0:0x00000000
       15455000	      1544	80001944	bb62cd37	lui	x26,0xbb62c	 x26=0xbb62c000
       15465000	      1545	80001948	eefe3913	sltiu	x18,x28,-273	 x28:0x80001000 x18=0x00000001
       15475000	      1546	8000194c	a7e0a213	slti	x4,x1,-1410	  x1:0x8000149c  x4=0x00000001
       15485000	      1547	80001950	41a109b3	sub	x19,x2,x26	  x2:0xec172dda x26:0xbb62c000 x19=0x30b46dda
       15495000	      1548	80001954	0131beb3	sltu	x29,x3,x19	  x3:0x00000000 x19:0x30b46dda x29=0x00000001
       15505000	      1549	80001958	0197e3b3	or	x7,x15,x25	 x15:0x00000000 x25:0x80001121  x7=0x80001121
       15515000	      1550	8000195c	003a7bb3	and	x23,x20,x3	 x20:0x80009f38  x3:0x00000000 x23=0x00000000
       15525000	      1551	80001960	02c00cef	jal	x25,80001960	 x25=0x80001960
       15535000	      1552	00000000	00000013	addi	x0,x0,0	  x0:0x00000000
       15545000	      1553	80001988	00000013	addi	x0,x0,0	  x0:0x00000000
       15555000	      1554	8000198c	fe1ff0ef	jal	x1,8000198c	  x1=0x8000198c
       15565000	      1555	00000000	00000013	addi	x0,x0,0	  x0:0x00000000
       15575000	      1556	80001968	00000013	addi	x0,x0,0	  x0:0x00000000
       15585000	      1557	8000196c	014000ef	jal	x1,8000196c	  x1=0x8000196c
       15595000	      1558	00000000	00000013	addi	x0,x0,0	  x0:0x00000000
       15605000	      1559	8000197c	00000013	addi	x0,x0,0	  x0:0x00000000
       15615000	      1560	80001980	fe5fffef	jal	x31,80001980	 x31=0x80001980
       15625000	      1561	00000000	00000013	addi	x0,x0,0	  x0:0x00000000
       15635000	      1562	80001960	00000013	addi	x0,x0,0	  x0:0x00000000
       15645000	      1563	80001964	020000ef	jal	x1,80001964	  x1=0x80001964
       15655000	      1564	00000000	00000013	addi	x0,x0,0	  x0:0x00000000
       15665000	      1565	80001980	00000013	addi	x0,x0,0	  x0:0x00000000
       15675000	      1566	80001984	004000ef	jal	x1,80001984	  x1=0x80001984
       15685000	      1567	00000000	00000013	addi	x0,x0,0	  x0:0x00000000
       15695000	      1568	80001984	00000013	addi	x0,x0,0	  x0:0x00000000
       15705000	      1569	80001988	02c000ef	jal	x1,80001988	  x1=0x80001988
       15715000	      1570	00000000	00000013	addi	x0,x0,0	  x0:0x00000000
       15725000	      1571	800019b0	00000013	addi	x0,x0,0	  x0:0x00000000
       15735000	      1572	800019b4	fe9ff0ef	jal	x1,800019b4	  x1=0x800019b4
       15745000	      1573	00000000	00000013	addi	x0,x0,0	  x0:0x00000000
       15755000	      1574	80001998	00000013	addi	x0,x0,0	  x0:0x00000000
       15765000	      1575	8000199c	fd9ff26f	jal	x4,8000199c	  x4=0x8000199c
       15775000	      1576	00000000	00000013	addi	x0,x0,0	  x0:0x00000000
       15785000	      1577	80001970	00000013	addi	x0,x0,0	  x0:0x00000000
       15795000	      1578	80001974	01c000ef	jal	x1,80001974	  x1=0x80001974
       15805000	      1579	00000000	00000013	addi	x0,x0,0	  x0:0x00000000
       15815000	      1580	8000198c	00000013	addi	x0,x0,0	  x0:0x00000000
       15825000	      1581	80001990	008000ef	jal	x1,80001990	  x1=0x80001990
       15835000	      1582	00000000	00000013	addi	x0,x0,0	  x0:0x00000000
       15845000	      1583	80001994	00000013	addi	x0,x0,0	  x0:0x00000000
       15855000	      1584	80001998	0080036f	jal	x6,80001998	  x6=0x80001998
       15865000	      1585	00000000	00000013	addi	x0,x0,0	  x0:0x00000000
       15875000	      1586	8000199c	00000013	addi	x0,x0,0	  x0:0x00000000
       15885000	      1587	800019a0	fd1ff0ef	jal	x1,800019a0	  x1=0x800019a0
       15895000	      1588	00000000	00000013	addi	x0,x0,0	  x0:0x00000000
       15905000	      1589	8000196c	00000013	addi	x0,x0,0	  x0:0x00000000
       15915000	      1590	80001970	038000ef	jal	x1,80001970	  x1=0x80001970
       15925000	      1591	00000000	00000013	addi	x0,x0,0	  x0:0x00000000
       15935000	      1592	800019a4	00000013	addi	x0,x0,0	  x0:0x00000000
       15945000	      1593	800019a8	fc1ff0ef	jal	x1,800019a8	  x1=0x800019a8
       15955000	      1594	00000000	00000013	addi	x0,x0,0	  x0:0x00000000
       15965000	      1595	80001964	00000013	addi	x0,x0,0	  x0:0x00000000
       15975000	      1596	80001968	010000ef	jal	x1,80001968	  x1=0x80001968
       15985000	      1597	00000000	00000013	addi	x0,x0,0	  x0:0x00000000
       15995000	      1598	80001974	00000013	addi	x0,x0,0	  x0:0x00000000
       16005000	      1599	80001978	038000ef	jal	x1,80001978	  x1=0x80001978
       16015000	      1600	00000000	00000013	addi	x0,x0,0	  x0:0x00000000
       16025000	      1601	800019ac	00000013	addi	x0,x0,0	  x0:0x00000000
       16035000	      1602	800019b0	fcdff0ef	jal	x1,800019b0	  x1=0x800019b0
       16045000	      1603	00000000	00000013	addi	x0,x0,0	  x0:0x00000000
       16055000	      1604	80001978	00000013	addi	x0,x0,0	  x0:0x00000000
       16065000	      1605	8000197c	030000ef	jal	x1,8000197c	  x1=0x8000197c
       16075000	      1606	00000000	00000013	addi	x0,x0,0	  x0:0x00000000
       16085000	      1607	800019a8	00000013	addi	x0,x0,0	  x0:0x00000000
       16095000	      1608	800019ac	ff9fff6f	jal	x30,800019ac	 x30=0x800019ac
       16105000	      1609	00000000	00000013	addi	x0,x0,0	  x0:0x00000000
       16115000	      1610	800019a0	00000013	addi	x0,x0,0	  x0:0x00000000
       16125000	      1611	800019a4	ff1ff36f	jal	x6,800019a4	  x6=0x800019a4
       16135000	      1612	00000000	00000013	addi	x0,x0,0	  x0:0x00000000
       16145000	      1613	80001990	00000013	addi	x0,x0,0	  x0:0x00000000
       16155000	      1614	80001994	024000ef	jal	x1,80001994	  x1=0x80001994
       16165000	      1615	00000000	00000013	addi	x0,x0,0	  x0:0x00000000
       16175000	      1616	800019b4	00000013	addi	x0,x0,0	  x0:0x00000000
       16185000	      1617	800019b8	af324213	xori	x4,x4,-1293	  x4:0x8000199c  x4=0x7fffe36f
       16195000	      1618	800019bc	0101a133	slt	x2,x3,x16	  x3:0x00000000 x16:0x8000169e  x2=0x00000000
       16205000	      1619	800019c0	02d5ce63	blt	x11,x13,800019fc	 x11:0x00011290 x13:0x80001324
       16215000	      1620	800019c4	5fd6f293	andi	x5,x13,1533	 x13:0x80001324  x5=0x00000124
       16225000	      1621	800019c8	05cf0463	beq	x30,x28,80001a10	 x30:0x800019ac x28:0x80001000
       16235000	      1622	800019cc	00221a13	slli	x20,x4,0x2	  x4:0x7fffe36f x20=0xffff8dbc
       16245000	      1623	800019d0	4012d813	srai	x16,x5,0x1	  x5:0x00000124 x16=0x00000092
       16255000	      1624	800019d4	e6288d93	addi	x27,x17,-414	 x17:0x80009fc4 x27=0x80009e26
       16265000	      1625	800019d8	00166233	or	x4,x12,x1	 x12:0x00000001  x1:0x80001994  x4=0x80001995
       16275000	      1626	800019dc	79c87593	andi	x11,x16,1948	 x16:0x00000092 x11=0x00000090
       16285000	      1627	800019e0	00feccb3	xor	x25,x29,x15	 x29:0x00000001 x15:0x00000000 x25=0x00000001
       16295000	      1628	800019e4	4089d833	sra	x16,x19,x8	 x19:0x30b46dda  x8:0x00000001 x16=0x185a36ed
       16305000	      1629	800019e8	6806f613	andi	x12,x13,1664	 x13:0x80001324 x12=0x00000200
       16315000	      1630	800019ec	41215513	srai	x10,x2,0x12	  x2:0x00000000 x10=0x00000000
       16325000	      1631	800019f0	01abebb3	or	x23,x23,x26	 x23:0x00000000 x26:0xbb62c000 x23=0xbb62c000
       16335000	      1632	800019f4	00cd8433	add	x8,x27,x12	 x27:0x80009e26 x12:0x00000200  x8=0x8000a026
       16345000	      1633	800019f8	338d7313	andi	x6,x26,824	 x26:0xbb62c000  x6=0x00000000
       16355000	      1634	800019fc	0014e433	or	x8,x9,x1	  x9:0xffff9800  x1:0x80001994  x8=0xffff9994
       16365000	      1635	80001a00	fd8b7693	andi	x13,x22,-40	 x22:0xec172dda x13=0xec172dd8
       16375000	      1636	80001a04	00758263	beq	x11,x7,80001a08	 x11:0x00000090  x7:0x80001121
       16385000	      1637	80001a08	cdf16013	ori	x0,x2,-801	  x2:0x00000000
       16395000	      1638	80001a0c	60203e93	sltiu	x29,x0,1538	  x0:0x00000000 x29=0x00000001
       16405000	      1639	80001a10	40a08d33	sub	x26,x1,x10	  x1:0x80001994 x10:0x00000000 x26=0x80001994
       16415000	      1640	80001a14	016f1913	slli	x18,x30,0x16	 x30:0x800019ac x18=0x6b000000
       16425000	      1641	80001a18	b936ed93	ori	x27,x13,-1133	 x13:0xec172dd8 x27=0xffffffdb
       16435000	      1642	80001a1c	733d8f37	lui	x30,0x733d8	 x30=0x733d8000
       16445000	      1643	80001a20	004c2c83	lw	x25,4(x24)	 x24:0x80009f38 x25=0x80002eb0 PA:0x80009f3c
       16455000	      1644	80001a24	01da8933	add	x18,x21,x29	 x21:0x98000000 x29:0x00000001 x18=0x98000001
       16465000	      1645	80001a28	020c0c13	addi	x24,x24,32	 x24:0x80009f38 x24=0x80009f58
       16475000	      1646	80001a2c	3a3952b7	lui	x5,0x3a395	  x5=0x3a395000
       16485000	      1647	80001a30	001c8d93	addi	x27,x25,1	 x25:0x80002eb0 x27=0x80002eb1
       16495000	      1648	80001a34	000d8de7	jalr	x27,x27,0	 x27:0x80002eb1 x27=0x80001a34
       16505000	      1649	00000000	00000013	addi	x0,x0,0	  x0:0x00000000
       16515000	      1650	80002eb0	00000013	addi	x0,x0,0	  x0:0x00000000
       16525000	      1651	80002eb4	00400cef	jal	x25,80002eb4	 x25=0x80002eb4
       16535000	      1652	00000000	00000013	addi	x0,x0,0	  x0:0x00000000
       16545000	      1653	80002eb4	00000013	addi	x0,x0,0	  x0:0x00000000
       16555000	      1654	80002eb8	030006ef	jal	x13,80002eb8	 x13=0x80002eb8
       16565000	      1655	00000000	00000013	addi	x0,x0,0	  x0:0x00000000
       16575000	      1656	80002ee4	00000013	addi	x0,x0,0	  x0:0x00000000
       16585000	      1657	80002ee8	ff5ff0ef	jal	x1,80002ee8	  x1=0x80002ee8
       16595000	      1658	00000000	00000013	addi	x0,x0,0	  x0:0x00000000
       16605000	      1659	80002ed8	00000013	addi	x0,x0,0	  x0:0x00000000
       16615000	      1660	80002edc	00400def	jal	x27,80002edc	 x27=0x80002edc
       16625000	      1661	00000000	00000013	addi	x0,x0,0	  x0:0x00000000
       16635000	      1662	80002edc	00000013	addi	x0,x0,0	  x0:0x00000000
       16645000	      1663	80002ee0	fe9ffbef	jal	x23,80002ee0	 x23=0x80002ee0
       16655000	      1664	00000000	00000013	addi	x0,x0,0	  x0:0x00000000
       16665000	      1665	80002ec4	00000013	addi	x0,x0,0	  x0:0x00000000
       16675000	      1666	80002ec8	008000ef	jal	x1,80002ec8	  x1=0x80002ec8
       16685000	      1667	00000000	00000013	addi	x0,x0,0	  x0:0x00000000
       16695000	      1668	80002ecc	00000013	addi	x0,x0,0	  x0:0x00000000
       16705000	      1669	80002ed0	ff1ff0ef	jal	x1,80002ed0	  x1=0x80002ed0
       16715000	      1670	00000000	00000013	addi	x0,x0,0	  x0:0x00000000
       16725000	      1671	80002ebc	00000013	addi	x0,x0,0	  x0:0x00000000
       16735000	      1672	80002ec0	0240036f	jal	x6,80002ec0	  x6=0x80002ec0
       16745000	      1673	00000000	00000013	addi	x0,x0,0	  x0:0x00000000
       16755000	      1674	80002ee0	00000013	addi	x0,x0,0	  x0:0x00000000
       16765000	      1675	80002ee4	ff5ff0ef	jal	x1,80002ee4	  x1=0x80002ee4
       16775000	      1676	00000000	00000013	addi	x0,x0,0	  x0:0x00000000
       16785000	      1677	80002ed4	00000013	addi	x0,x0,0	  x0:0x00000000
       16795000	      1678	80002ed8	fedff4ef	jal	x9,80002ed8	  x9=0x80002ed8
       16805000	      1679	00000000	00000013	addi	x0,x0,0	  x0:0x00000000
       16815000	      1680	80002ec0	00000013	addi	x0,x0,0	  x0:0x00000000
       16825000	      1681	80002ec4	008001ef	jal	x3,80002ec4	  x3=0x80002ec4
       16835000	      1682	00000000	00000013	addi	x0,x0,0	  x0:0x00000000
       16845000	      1683	80002ec8	00000013	addi	x0,x0,0	  x0:0x00000000
       16855000	      1684	80002ecc	008000ef	jal	x1,80002ecc	  x1=0x80002ecc
       16865000	      1685	00000000	00000013	addi	x0,x0,0	  x0:0x00000000
       16875000	      1686	80002ed0	00000013	addi	x0,x0,0	  x0:0x00000000
       16885000	      1687	80002ed4	fe9ff1ef	jal	x3,80002ed4	  x3=0x80002ed4
       16895000	      1688	00000000	00000013	addi	x0,x0,0	  x0:0x00000000
       16905000	      1689	80002eb8	00000013	addi	x0,x0,0	  x0:0x00000000
       16915000	      1690	80002ebc	030006ef	jal	x13,80002ebc	 x13=0x80002ebc
       16925000	      1691	00000000	00000013	addi	x0,x0,0	  x0:0x00000000
       16935000	      1692	80002ee8	00000013	addi	x0,x0,0	  x0:0x00000000
       16945000	      1693	80002eec	da260913	addi	x18,x12,-606	 x12:0x00000200 x18=0xffffffa2
       16955000	      1694	80002ef0	02000cef	jal	x25,80002ef0	 x25=0x80002ef0
       16965000	      1695	00000000	00000013	addi	x0,x0,0	  x0:0x00000000
       16975000	      1696	80002f0c	00000013	addi	x0,x0,0	  x0:0x00000000
       16985000	      1697	80002f10	fe5ff36f	jal	x6,80002f10	  x6=0x80002f10
       16995000	      1698	00000000	00000013	addi	x0,x0,0	  x0:0x00000000
       17005000	      1699	80002ef0	00000013	addi	x0,x0,0	  x0:0x00000000
       17015000	      1700	80002ef4	0600036f	jal	x6,80002ef4	  x6=0x80002ef4
       17025000	      1701	00000000	00000013	addi	x0,x0,0	  x0:0x00000000
       17035000	      1702	80002f50	00000013	addi	x0,x0,0	  x0:0x00000000
       17045000	      1703	80002f54	fa9ff0ef	jal	x1,80002f54	  x1=0x80002f54
       17055000	      1704	00000000	00000013	addi	x0,x0,0	  x0:0x00000000
       17065000	      1705	80002ef8	00000013	addi	x0,x0,0	  x0:0x00000000
       17075000	      1706	80002efc	03c0036f	jal	x6,80002efc	  x6=0x80002efc
       17085000	      1707	00000000	00000013	addi	x0,x0,0	  x0:0x00000000
       17095000	      1708	80002f34	00000013	addi	x0,x0,0	  x0:0x00000000
       17105000	      1709	80002f38	ffdff0ef	jal	x1,80002f38	  x1=0x80002f38
       17115000	      1710	00000000	00000013	addi	x0,x0,0	  x0:0x00000000
       17125000	      1711	80002f30	00000013	addi	x0,x0,0	  x0:0x00000000
       17135000	      1712	80002f34	fcdff5ef	jal	x11,80002f34	 x11=0x80002f34
       17145000	      1713	00000000	00000013	addi	x0,x0,0	  x0:0x00000000
       17155000	      1714	80002efc	00000013	addi	x0,x0,0	  x0:0x00000000
       17165000	      1715	80002f00	018001ef	jal	x3,80002f00	  x3=0x80002f00
       17175000	      1716	00000000	00000013	addi	x0,x0,0	  x0:0x00000000
       17185000	      1717	80002f14	00000013	addi	x0,x0,0	  x0:0x00000000
       17195000	      1718	80002f18	014000ef	jal	x1,80002f18	  x1=0x80002f18
       17205000	      1719	00000000	00000013	addi	x0,x0,0	  x0:0x00000000
       17215000	      1720	80002f28	00000013	addi	x0,x0,0	  x0:0x00000000
       17225000	      1721	80002f2c	0240096f	jal	x18,80002f2c	 x18=0x80002f2c
       17235000	      1722	00000000	00000013	addi	x0,x0,0	  x0:0x00000000
       17245000	      1723	80002f4c	00000013	addi	x0,x0,0	  x0:0x00000000
       17255000	      1724	80002f50	fbdff46f	jal	x8,80002f50	  x8=0x80002f50
       17265000	      1725	00000000	00000013	addi	x0,x0,0	  x0:0x00000000
       17275000	      1726	80002f08	00000013	addi	x0,x0,0	  x0:0x00000000
       17285000	      1727	80002f0c	03c0016f	jal	x2,80002f0c	  x2=0x80002f0c
       17295000	      1728	00000000	00000013	addi	x0,x0,0	  x0:0x00000000
       17305000	      1729	80002f44	00000013	addi	x0,x0,0	  x0:0x00000000
       17315000	      1730	80002f48	fc1ff36f	jal	x6,80002f48	  x6=0x80002f48
       17325000	      1731	00000000	00000013	addi	x0,x0,0	  x0:0x00000000
       17335000	      1732	80002f04	00000013	addi	x0,x0,0	  x0:0x00000000
       17345000	      1733	80002f08	014009ef	jal	x19,80002f08	 x19=0x80002f08
       17355000	      1734	00000000	00000013	addi	x0,x0,0	  x0:0x00000000
       17365000	      1735	80002f18	00000013	addi	x0,x0,0	  x0:0x00000000
       17375000	      1736	80002f1c	004000ef	jal	x1,80002f1c	  x1=0x80002f1c
       17385000	      1737	00000000	00000013	addi	x0,x0,0	  x0:0x00000000
       17395000	      1738	80002f1c	00000013	addi	x0,x0,0	  x0:0x00000000
       17405000	      1739	80002f20	fe5ff0ef	jal	x1,80002f20	  x1=0x80002f20
       17415000	      1740	00000000	00000013	addi	x0,x0,0	  x0:0x00000000
       17425000	      1741	80002f00	00000013	addi	x0,x0,0	  x0:0x00000000
       17435000	      1742	80002f04	024000ef	jal	x1,80002f04	  x1=0x80002f04
       17445000	      1743	00000000	00000013	addi	x0,x0,0	  x0:0x00000000
       17455000	      1744	80002f24	00000013	addi	x0,x0,0	  x0:0x00000000
       17465000	      1745	80002f28	ffdff0ef	jal	x1,80002f28	  x1=0x80002f28
       17475000	      1746	00000000	00000013	addi	x0,x0,0	  x0:0x00000000
       17485000	      1747	80002f20	00000013	addi	x0,x0,0	  x0:0x00000000
       17495000	      1748	80002f24	020005ef	jal	x11,80002f24	 x11=0x80002f24
       17505000	      1749	00000000	00000013	addi	x0,x0,0	  x0:0x00000000
       17515000	      1750	80002f40	00000013	addi	x0,x0,0	  x0:0x00000000
       17525000	      1751	80002f44	fedff36f	jal	x6,80002f44	  x6=0x80002f44
       17535000	      1752	00000000	00000013	addi	x0,x0,0	  x0:0x00000000
       17545000	      1753	80002f2c	00000013	addi	x0,x0,0	  x0:0x00000000
       17555000	      1754	80002f30	00c000ef	jal	x1,80002f30	  x1=0x80002f30
       17565000	      1755	00000000	00000013	addi	x0,x0,0	  x0:0x00000000
       17575000	      1756	80002f38	00000013	addi	x0,x0,0	  x0:0x00000000
       17585000	      1757	80002f3c	0040036f	jal	x6,80002f3c	  x6=0x80002f3c
       17595000	      1758	00000000	00000013	addi	x0,x0,0	  x0:0x00000000
       17605000	      1759	80002f3c	00000013	addi	x0,x0,0	  x0:0x00000000
       17615000	      1760	80002f40	00c000ef	jal	x1,80002f40	  x1=0x80002f40
       17625000	      1761	00000000	00000013	addi	x0,x0,0	  x0:0x00000000
       17635000	      1762	80002f48	00000013	addi	x0,x0,0	  x0:0x00000000
       17645000	      1763	80002f4c	fc9ff36f	jal	x6,80002f4c	  x6=0x80002f4c
       17655000	      1764	00000000	00000013	addi	x0,x0,0	  x0:0x00000000
       17665000	      1765	80002f10	00000013	addi	x0,x0,0	  x0:0x00000000
       17675000	      1766	80002f14	fe5ff3ef	jal	x7,80002f14	  x7=0x80002f14
       17685000	      1767	00000000	00000013	addi	x0,x0,0	  x0:0x00000000
       17695000	      1768	80002ef4	00000013	addi	x0,x0,0	  x0:0x00000000
       17705000	      1769	80002ef8	060000ef	jal	x1,80002ef8	  x1=0x80002ef8
       17715000	      1770	00000000	00000013	addi	x0,x0,0	  x0:0x00000000
       17725000	      1771	80002f54	00000013	addi	x0,x0,0	  x0:0x00000000
       17735000	      1772	80002f58	00eb5133	srl	x2,x22,x14	 x22:0xec172dda x14:0x00000000  x2=0xec172dda
       17745000	      1773	80002f5c	03000cef	jal	x25,80002f5c	 x25=0x80002f5c
       17755000	      1774	00000000	00000013	addi	x0,x0,0	  x0:0x00000000
       17765000	      1775	80002f88	00000013	addi	x0,x0,0	  x0:0x00000000
       17775000	      1776	80002f8c	fe9ff36f	jal	x6,80002f8c	  x6=0x80002f8c
       17785000	      1777	00000000	00000013	addi	x0,x0,0	  x0:0x00000000
       17795000	      1778	80002f70	00000013	addi	x0,x0,0	  x0:0x00000000
       17805000	      1779	80002f74	0380036f	jal	x6,80002f74	  x6=0x80002f74
       17815000	      1780	00000000	00000013	addi	x0,x0,0	  x0:0x00000000
       17825000	      1781	80002fa8	00000013	addi	x0,x0,0	  x0:0x00000000
       17835000	      1782	80002fac	fbdff0ef	jal	x1,80002fac	  x1=0x80002fac
       17845000	      1783	00000000	00000013	addi	x0,x0,0	  x0:0x00000000
       17855000	      1784	80002f64	00000013	addi	x0,x0,0	  x0:0x00000000
       17865000	      1785	80002f68	0080016f	jal	x2,80002f68	  x2=0x80002f68
       17875000	      1786	00000000	00000013	addi	x0,x0,0	  x0:0x00000000
       17885000	      1787	80002f6c	00000013	addi	x0,x0,0	  x0:0x00000000
       17895000	      1788	80002f70	008000ef	jal	x1,80002f70	  x1=0x80002f70
       17905000	      1789	00000000	00000013	addi	x0,x0,0	  x0:0x00000000
       17915000	      1790	80002f74	00000013	addi	x0,x0,0	  x0:0x00000000
       17925000	      1791	80002f78	0200026f	jal	x4,80002f78	  x4=0x80002f78
       17935000	      1792	00000000	00000013	addi	x0,x0,0	  x0:0x00000000
       17945000	      1793	80002f94	00000013	addi	x0,x0,0	  x0:0x00000000
       17955000	      1794	80002f98	fe5ff0ef	jal	x1,80002f98	  x1=0x80002f98
       17965000	      1795	00000000	00000013	addi	x0,x0,0	  x0:0x00000000
       17975000	      1796	80002f78	00000013	addi	x0,x0,0	  x0:0x00000000
       17985000	      1797	80002f7c	014000ef	jal	x1,80002f7c	  x1=0x80002f7c
       17995000	      1798	00000000	00000013	addi	x0,x0,0	  x0:0x00000000
       18005000	      1799	80002f8c	00000013	addi	x0,x0,0	  x0:0x00000000
       18015000	      1800	80002f90	01000d6f	jal	x26,80002f90	 x26=0x80002f90
       18025000	      1801	00000000	00000013	addi	x0,x0,0	  x0:0x00000000
       18035000	      1802	80002f9c	00000013	addi	x0,x0,0	  x0:0x00000000
       18045000	      1803	80002fa0	004000ef	jal	x1,80002fa0	  x1=0x80002fa0
       18055000	      1804	00000000	00000013	addi	x0,x0,0	  x0:0x00000000
       18065000	      1805	80002fa0	00000013	addi	x0,x0,0	  x0:0x00000000
       18075000	      1806	80002fa4	004000ef	jal	x1,80002fa4	  x1=0x80002fa4
       18085000	      1807	00000000	00000013	addi	x0,x0,0	  x0:0x00000000
       18095000	      1808	80002fa4	00000013	addi	x0,x0,0	  x0:0x00000000
       18105000	      1809	80002fa8	fb9ff0ef	jal	x1,80002fa8	  x1=0x80002fa8
       18115000	      1810	00000000	00000013	addi	x0,x0,0	  x0:0x00000000
       18125000	      1811	80002f5c	00000013	addi	x0,x0,0	  x0:0x00000000
       18135000	      1812	80002f60	0240036f	jal	x6,80002f60	  x6=0x80002f60
       18145000	      1813	00000000	00000013	addi	x0,x0,0	  x0:0x00000000
       18155000	      1814	80002f80	00000013	addi	x0,x0,0	  x0:0x00000000
       18165000	      1815	80002f84	018005ef	jal	x11,80002f84	 x11=0x80002f84
       18175000	      1816	00000000	00000013	addi	x0,x0,0	  x0:0x00000000
       18185000	      1817	80002f98	00000013	addi	x0,x0,0	  x0:0x00000000
       18195000	      1818	80002f9c	fe5ff0ef	jal	x1,80002f9c	  x1=0x80002f9c
       18205000	      1819	00000000	00000013	addi	x0,x0,0	  x0:0x00000000
       18215000	      1820	80002f7c	00000013	addi	x0,x0,0	  x0:0x00000000
       18225000	      1821	80002f80	fedff16f	jal	x2,80002f80	  x2=0x80002f80
       18235000	      1822	00000000	00000013	addi	x0,x0,0	  x0:0x00000000
       18245000	      1823	80002f68	00000013	addi	x0,x0,0	  x0:0x00000000
       18255000	      1824	80002f6c	028000ef	jal	x1,80002f6c	  x1=0x80002f6c
       18265000	      1825	00000000	00000013	addi	x0,x0,0	  x0:0x00000000
       18275000	      1826	80002f90	00000013	addi	x0,x0,0	  x0:0x00000000
       18285000	      1827	80002f94	ff5ff0ef	jal	x1,80002f94	  x1=0x80002f94
       18295000	      1828	00000000	00000013	addi	x0,x0,0	  x0:0x00000000
       18305000	      1829	80002f84	00000013	addi	x0,x0,0	  x0:0x00000000
       18315000	      1830	80002f88	fddff36f	jal	x6,80002f88	  x6=0x80002f88
       18325000	      1831	00000000	00000013	addi	x0,x0,0	  x0:0x00000000
       18335000	      1832	80002f60	00000013	addi	x0,x0,0	  x0:0x00000000
       18345000	      1833	80002f64	04c0026f	jal	x4,80002f64	  x4=0x80002f64
       18355000	      1834	00000000	00000013	addi	x0,x0,0	  x0:0x00000000
       18365000	      1835	80002fac	00000013	addi	x0,x0,0	  x0:0x00000000
       18375000	      1836	80002fb0	01351413	slli	x8,x10,0x13	 x10:0x00000000  x8=0x00000000
       18385000	      1837	80002fb4	00d34eb3	xor	x29,x6,x13	  x6:0x80002f88 x13:0x80002ebc x29=0x00000134
       18395000	      1838	80002fb8	01265a13	srli	x20,x12,0x12	 x12:0x00000200 x20=0x00000000
       18405000	      1839	80002fbc	03348463	beq	x9,x19,80002fe4	  x9:0x80002ed8 x19:0x80002f08
       18415000	      1840	80002fc0	01b7ca63	blt	x15,x27,80002fd4	 x15:0x00000000 x27:0x80002edc
       18425000	      1841	80002fc4	005f2eb3	slt	x29,x30,x5	 x30:0x733d8000  x5:0x3a395000 x29=0x00000000
       18435000	      1842	80002fc8	00c8bfb3	sltu	x31,x17,x12	 x17:0x80009fc4 x12:0x00000200 x31=0x00000000
       18445000	      1843	80002fcc	00000013	addi	x0,x0,0	  x0:0x00000000
       18455000	      1844	80002fd0	01196bb3	or	x23,x18,x17	 x18:0x80002f2c x17:0x80009fc4 x23=0x8000bfec
       18465000	      1845	80002fd4	d32d6113	ori	x2,x26,-718	 x26:0x80002f90  x2=0xffffffb2
       18475000	      1846	80002fd8	41d8ddb3	sra	x27,x17,x29	 x17:0x80009fc4 x29:0x00000000 x27=0x80009fc4
       18485000	      1847	80002fdc	01adf5b3	and	x11,x27,x26	 x27:0x80009fc4 x26:0x80002f90 x11=0x80000f80
       18495000	      1848	80002fe0	4167d6b3	sra	x13,x15,x22	 x15:0x00000000 x22:0xec172dda x13=0x00000000
       18505000	      1849	80002fe4	016a1263	bne	x20,x22,80002fe8	 x20:0x00000000 x22:0xec172dda
       18515000	      1850	00000000	00000013	addi	x0,x0,0	  x0:0x00000000
       18525000	      1851	80002fe4	00000013	addi	x0,x0,0	  x0:0x00000000
       18535000	      1852	80002fe8	02adc463	blt	x27,x10,80003010	 x27:0x80009fc4 x10:0x00000000
       18545000	      1853	00000000	00000013	addi	x0,x0,0	  x0:0x00000000
       18555000	      1854	8000300c	00000013	addi	x0,x0,0	  x0:0x00000000
       18565000	      1855	80003010	40d55013	srai	x0,x10,0xd	 x10:0x00000000
       18575000	      1856	80003014	01bc1333	sll	x6,x24,x27	 x24:0x80009f58 x27:0x80009fc4  x6=0x0009f580
       18585000	      1857	80003018	00d942b3	xor	x5,x18,x13	 x18:0x80002f2c x13:0x00000000  x5=0x80002f2c
       18595000	      1858	8000301c	00f46f33	or	x30,x8,x15	  x8:0x00000000 x15:0x00000000 x30=0x00000000
       18605000	      1859	80003020	01461f93	slli	x31,x12,0x14	 x12:0x00000200 x31=0x20000000
       18615000	      1860	80003024	019042b3	xor	x5,x0,x25	  x0:0x00000000 x25:0x80002f5c  x5=0x80002f5c
       18625000	      1861	80003028	00c0b333	sltu	x6,x1,x12	  x1:0x80002f94 x12:0x00000200  x6=0x00000000
       18635000	      1862	8000302c	4045d793	srai	x15,x11,0x4	 x11:0x80000f80 x15=0xf80000f8
       18645000	      1863	80003030	41ed53b3	sra	x7,x26,x30	 x26:0x80002f90 x30:0x00000000  x7=0x80002f90
       18655000	      1864	80003034	26104e93	xori	x29,x0,609	  x0:0x00000000 x29=0x00000261
       18665000	      1865	80003038	0382c663	blt	x5,x24,80003064	  x5:0x80002f5c x24:0x80009f58
       18675000	      1866	00000000	00000013	addi	x0,x0,0	  x0:0x00000000
       18685000	      1867	80003060	00000013	addi	x0,x0,0	  x0:0x00000000
       18695000	      1868	80003064	9f4dc413	xori	x8,x27,-1548	 x27:0x80009fc4  x8=0x7fff6630
       18705000	      1869	80003068	45fe4b93	xori	x23,x28,1119	 x28:0x80001000 x23=0x8000145f
       18715000	      1870	8000306c	a9a4a713	slti	x14,x9,-1382	  x9:0x80002ed8 x14=0x00000001
       18725000	      1871	80003070	01d7d9b3	srl	x19,x15,x29	 x15:0xf80000f8 x29:0x00000261 x19=0x7c00007c
       18735000	      1872	80003074	eb816493	ori	x9,x2,-328	  x2:0xffffffb2  x9=0xffffffba
       18745000	      1873	80003078	002f72b3	and	x5,x30,x2	 x30:0x00000000  x2:0xffffffb2  x5=0x00000000
       18755000	      1874	8000307c	00fe1eb3	sll	x29,x28,x15	 x28:0x80001000 x15:0xf80000f8 x29=0x00000000
       18765000	      1875	80003080	9f357613	andi	x12,x10,-1549	 x10:0x00000000 x12=0x00000000
       18775000	      1876	80003084	01cdb3b3	sltu	x7,x27,x28	 x27:0x80009fc4 x28:0x80001000  x7=0x00000000
       18785000	      1877	80003088	e1d46c93	ori	x25,x8,-483	  x8:0x7fff6630 x25=0xfffffe3d
       18795000	      1878	8000308c	3818f313	andi	x6,x17,897	 x17:0x80009fc4  x6=0x00000380
       18805000	      1879	80003090	02d1dc63	bge	x3,x13,800030c8	  x3:0x80002f00 x13:0x00000000
       18815000	      1880	80003094	018191b3	sll	x3,x3,x24	  x3:0x80002f00 x24:0x80009f58  x3=0x00000000
       18825000	      1881	80003098	0431d263	bge	x3,x3,800030dc	  x3:0x00000000  x3:0x00000000
       18835000	      1882	00000000	00000013	addi	x0,x0,0	  x0:0x00000000
       18845000	      1883	800030d8	00000013	addi	x0,x0,0	  x0:0x00000000
       18855000	      1884	800030dc	5ba5e113	ori	x2,x11,1466	 x11:0x80000f80  x2=0x80000fba
       18865000	      1885	800030e0	400f5533	sra	x10,x30,x0	 x30:0x00000000  x0:0x00000000 x10=0x00000000
       18875000	      1886	800030e4	11f16013	ori	x0,x2,287	  x2:0x80000fba
       18885000	      1887	800030e8	36d1ffb7	lui	x31,0x36d1f	 x31=0x36d1f000
       18895000	      1888	800030ec	3d6ba593	slti	x11,x23,982	 x23:0x8000145f x11=0x00000001
       18905000	      1889	800030f0	01e45233	srl	x4,x8,x30	  x8:0x7fff6630 x30:0x00000000  x4=0x7fff6630
       18915000	      1890	800030f4	00563d33	sltu	x26,x12,x5	 x12:0x00000000  x5:0x00000000 x26=0x00000000
       18925000	      1891	800030f8	70e70413	addi	x8,x14,1806	 x14:0x00000001  x8=0x0000070f
       18935000	      1892	800030fc	22e29217	auipc	x4,0x22e29	  x4=0xa2e2c0f8
       18945000	      1893	80003100	40035db3	sra	x27,x6,x0	  x6:0x00000380  x0:0x00000000 x27=0x00000380
       18955000	      1894	80003104	01799e93	slli	x29,x19,0x17	 x19:0x7c00007c x29=0x3e000000
       18965000	      1895	80003108	005fcab3	xor	x21,x31,x5	 x31:0x36d1f000  x5:0x00000000 x21=0x36d1f000
       18975000	      1896	8000310c	016b6733	or	x14,x22,x22	 x22:0xec172dda x22:0xec172dda x14=0xec172dda
       18985000	      1897	80003110	009bd393	srli	x7,x23,0x9	 x23:0x8000145f  x7=0x0040000a
       18995000	      1898	80003114	0177d863	bge	x15,x23,80003124	 x15:0xf80000f8 x23:0x8000145f
       19005000	      1899	00000000	00000013	addi	x0,x0,0	  x0:0x00000000
       19015000	      1900	80003120	00000013	addi	x0,x0,0	  x0:0x00000000
       19025000	      1901	80003124	01f6f7b3	and	x15,x13,x31	 x13:0x00000000 x31:0x36d1f000 x15=0x00000000
       19035000	      1902	80003128	c780ef37	lui	x30,0xc780e	 x30=0xc780e000
       19045000	      1903	8000312c	42943e93	sltiu	x29,x8,1065	  x8:0x0000070f x29=0x00000000
       19055000	      1904	80003130	00969863	bne	x13,x9,80003140	 x13:0x00000000  x9:0xffffffba
       19065000	      1905	00000000	00000013	addi	x0,x0,0	  x0:0x00000000
       19075000	      1906	8000313c	00000013	addi	x0,x0,0	  x0:0x00000000
       19085000	      1907	80003140	00a78bb3	add	x23,x15,x10	 x15:0x00000000 x10:0x00000000 x23=0x00000000
       19095000	      1908	80003144	90933fb7	lui	x31,0x90933	 x31=0x90933000
       19105000	      1909	80003148	05380663	beq	x16,x19,80003194	 x16:0x185a36ed x19:0x7c00007c
       19115000	      1910	8000314c	96422117	auipc	x2,0x96422	  x2=0x16425148
       19125000	      1911	80003150	00b07c63	bgeu	x0,x11,80003168	  x0:0x00000000 x11:0x00000001
       19135000	      1912	80003154	9c5cf813	andi	x16,x25,-1595	 x25:0xfffffe3d x16=0xfffff805
       19145000	      1913	80003158	0586e663	bltu	x13,x24,800031a4	 x13:0x00000000 x24:0x80009f58
       19155000	      1914	00000000	00000013	addi	x0,x0,0	  x0:0x00000000
       19165000	      1915	800031a0	00000013	addi	x0,x0,0	  x0:0x00000000
       19175000	      1916	800031a4	012b6ab3	or	x21,x22,x18	 x22:0xec172dda x18:0x80002f2c x21=0xec172ffe
       19185000	      1917	800031a8	410959b3	sra	x19,x18,x16	 x18:0x80002f2c x16:0xfffff805 x19=0xfc000179
       19195000	      1918	800031ac	3f78f793	andi	x15,x17,1015	 x17:0x80009fc4 x15=0x000003c4
       19205000	      1919	800031b0	01944ab3	xor	x21,x8,x25	  x8:0x0000070f x25:0xfffffe3d x21=0xfffff932
       19215000	      1920	800031b4	00e68663	beq	x13,x14,800031c0	 x13:0x00000000 x14:0xec172dda
       19225000	      1921	800031b8	02fdf463	bgeu	x27,x15,800031e0	 x27:0x00000380 x15:0x000003c4
       19235000	      1922	800031bc	b46e4293	xori	x5,x28,-1210	 x28:0x80001000  x5=0x7fffeb46
       19245000	      1923	800031c0	40b0d833	sra	x16,x1,x11	  x1:0x80002f94 x11:0x00000001 x16=0xc00017ca
       19255000	      1924	800031c4	c67b0113	addi	x2,x22,-921	 x22:0xec172dda  x2=0xec172a41
       19265000	      1925	800031c8	88139a17	auipc	x20,0x88139	 x20=0x0813c1c4
       19275000	      1926	800031cc	00651513	slli	x10,x10,0x6	 x10:0x00000000 x10=0x00000000
       19285000	      1927	800031d0	80378693	addi	x13,x15,-2045	 x15:0x000003c4 x13=0xfffffbc7
       19295000	      1928	800031d4	baa7b793	sltiu	x15,x15,-1110	 x15:0x000003c4 x15=0x00000001
       19305000	      1929	800031d8	40fdd7b3	sra	x15,x27,x15	 x27:0x00000380 x15:0x00000001 x15=0x000001c0
       19315000	      1930	800031dc	94e73313	sltiu	x6,x14,-1714	 x14:0xec172dda  x6=0x00000001
       19325000	      1931	800031e0	fdf03697	auipc	x13,0xfdf03	 x13=0x7df061dc
       19335000	      1932	800031e4	01a45fb3	srl	x31,x8,x26	  x8:0x0000070f x26:0x00000000 x31=0x0000070f
       19345000	      1933	800031e8	0176f863	bgeu	x13,x23,800031f8	 x13:0x7df061dc x23:0x00000000
       19355000	      1934	00000000	00000013	addi	x0,x0,0	  x0:0x00000000
       19365000	      1935	800031f4	00000013	addi	x0,x0,0	  x0:0x00000000
       19375000	      1936	800031f8	00ad5793	srli	x15,x26,0xa	 x26:0x00000000 x15=0x00000000
       19385000	      1937	800031fc	41b1d533	sra	x10,x3,x27	  x3:0x00000000 x27:0x00000380 x10=0x00000000
       19395000	      1938	80003200	de5cfc93	andi	x25,x25,-539	 x25:0xfffffe3d x25=0xfffffc25
       19405000	      1939	80003204	41e90833	sub	x16,x18,x30	 x18:0x80002f2c x30:0xc780e000 x16=0xb87f4f2c
       19415000	      1940	80003208	71744f13	xori	x30,x8,1815	  x8:0x0000070f x30=0x00000018
       19425000	      1941	8000320c	94fc6813	ori	x16,x24,-1713	 x24:0x80009f58 x16=0xffffff5f
       19435000	      1942	80003210	01251793	slli	x15,x10,0x12	 x10:0x00000000 x15=0x00000000
       19445000	      1943	80003214	004c2c83	lw	x25,4(x24)	 x24:0x80009f58 x25=0x80003294 PA:0x80009f5c
       19455000	      1944	80003218	9bc2cd13	xori	x26,x5,-1604	  x5:0x7fffeb46 x26=0x800012fa
       19465000	      1945	8000321c	01b0c233	xor	x4,x1,x27	  x1:0x80002f94 x27:0x00000380  x4=0x80002c14
       19475000	      1946	80003220	01e20f33	add	x30,x4,x30	  x4:0x80002c14 x30:0x00000018 x30=0x80002c2c
       19485000	      1947	80003224	018c0c13	addi	x24,x24,24	 x24:0x80009f58 x24=0x80009f70
       19495000	      1948	80003228	41ff80b3	sub	x1,x31,x31	 x31:0x0000070f x31:0x0000070f  x1=0x00000000
       19505000	      1949	8000322c	a2eb8213	addi	x4,x23,-1490	 x23:0x00000000  x4=0xfffffa2e
       19515000	      1950	80003230	01a59e33	sll	x28,x11,x26	 x11:0x00000001 x26:0x800012fa x28=0x04000000
       19525000	      1951	80003234	40fc5e93	srai	x29,x24,0xf	 x24:0x80009f70 x29=0xffff0001
       19535000	      1952	80003238	001c8113	addi	x2,x25,1	 x25:0x80003294  x2=0x80003295
       19545000	      1953	8000323c	00010167	jalr	x2,x2,0	  x2:0x80003295  x2=0x8000323c
       19555000	      1954	00000000	00000013	addi	x0,x0,0	  x0:0x00000000
       19565000	      1955	80003294	00000013	addi	x0,x0,0	  x0:0x00000000
       19575000	      1956	80003298	06000cef	jal	x25,80003298	 x25=0x80003298
       19585000	      1957	00000000	00000013	addi	x0,x0,0	  x0:0x00000000
       19595000	      1958	800032f4	00000013	addi	x0,x0,0	  x0:0x00000000
       19605000	      1959	800032f8	fe1ff2ef	jal	x5,800032f8	  x5=0x800032f8
       19615000	      1960	00000000	00000013	addi	x0,x0,0	  x0:0x00000000
       19625000	      1961	800032d4	00000013	addi	x0,x0,0	  x0:0x00000000
       19635000	      1962	800032d8	0280036f	jal	x6,800032d8	  x6=0x800032d8
       19645000	      1963	00000000	00000013	addi	x0,x0,0	  x0:0x00000000
       19655000	      1964	800032fc	00000013	addi	x0,x0,0	  x0:0x00000000
       19665000	      1965	80003300	fe9fff6f	jal	x30,80003300	 x30=0x80003300
       19675000	      1966	00000000	00000013	addi	x0,x0,0	  x0:0x00000000
       19685000	      1967	800032e4	00000013	addi	x0,x0,0	  x0:0x00000000
       19695000	      1968	800032e8	fc5ffa6f	jal	x20,800032e8	 x20=0x800032e8
       19705000	      1969	00000000	00000013	addi	x0,x0,0	  x0:0x00000000
       19715000	      1970	800032a8	00000013	addi	x0,x0,0	  x0:0x00000000
       19725000	      1971	800032ac	058005ef	jal	x11,800032ac	 x11=0x800032ac
       19735000	      1972	00000000	00000013	addi	x0,x0,0	  x0:0x00000000
       19745000	      1973	80003300	00000013	addi	x0,x0,0	  x0:0x00000000
       19755000	      1974	80003304	fb9ff0ef	jal	x1,80003304	  x1=0x80003304
       19765000	      1975	00000000	00000013	addi	x0,x0,0	  x0:0x00000000
       19775000	      1976	800032b8	00000013	addi	x0,x0,0	  x0:0x00000000
       19785000	      1977	800032bc	0380016f	jal	x2,800032bc	  x2=0x800032bc
       19795000	      1978	00000000	00000013	addi	x0,x0,0	  x0:0x00000000
       19805000	      1979	800032f0	00000013	addi	x0,x0,0	  x0:0x00000000
       19815000	      1980	800032f4	008000ef	jal	x1,800032f4	  x1=0x800032f4
       19825000	      1981	00000000	00000013	addi	x0,x0,0	  x0:0x00000000
       19835000	      1982	800032f8	00000013	addi	x0,x0,0	  x0:0x00000000
       19845000	      1983	800032fc	00c000ef	jal	x1,800032fc	  x1=0x800032fc
       19855000	      1984	00000000	00000013	addi	x0,x0,0	  x0:0x00000000
       19865000	      1985	80003304	00000013	addi	x0,x0,0	  x0:0x00000000
       19875000	      1986	80003308	fc9fff6f	jal	x30,80003308	 x30=0x80003308
       19885000	      1987	00000000	00000013	addi	x0,x0,0	  x0:0x00000000
       19895000	      1988	800032cc	00000013	addi	x0,x0,0	  x0:0x00000000
       19905000	      1989	800032d0	ffdff0ef	jal	x1,800032d0	  x1=0x800032d0
       19915000	      1990	00000000	00000013	addi	x0,x0,0	  x0:0x00000000
       19925000	      1991	800032c8	00000013	addi	x0,x0,0	  x0:0x00000000
       19935000	      1992	800032cc	008000ef	jal	x1,800032cc	  x1=0x800032cc
       19945000	      1993	00000000	00000013	addi	x0,x0,0	  x0:0x00000000
       19955000	      1994	800032d0	00000013	addi	x0,x0,0	  x0:0x00000000
       19965000	      1995	800032d4	ff1ff36f	jal	x6,800032d4	  x6=0x800032d4
       19975000	      1996	00000000	00000013	addi	x0,x0,0	  x0:0x00000000
       19985000	      1997	800032c0	00000013	addi	x0,x0,0	  x0:0x00000000
       19995000	      1998	800032c4	0180046f	jal	x8,800032c4	  x8=0x800032c4
       20005000	      1999	00000000	00000013	addi	x0,x0,0	  x0:0x00000000
       20015000	      2000	800032d8	00000013	addi	x0,x0,0	  x0:0x00000000
       20025000	      2001	800032dc	fc1ff3ef	jal	x7,800032dc	  x7=0x800032dc
       20035000	      2002	00000000	00000013	addi	x0,x0,0	  x0:0x00000000
       20045000	      2003	80003298	00000013	addi	x0,x0,0	  x0:0x00000000
       20055000	      2004	8000329c	050000ef	jal	x1,8000329c	  x1=0x8000329c
       20065000	      2005	00000000	00000013	addi	x0,x0,0	  x0:0x00000000
       20075000	      2006	800032e8	00000013	addi	x0,x0,0	  x0:0x00000000
       20085000	      2007	800032ec	fcdff2ef	jal	x5,800032ec	  x5=0x800032ec
       20095000	      2008	00000000	00000013	addi	x0,x0,0	  x0:0x00000000
       20105000	      2009	800032b4	00000013	addi	x0,x0,0	  x0:0x00000000
       20115000	      2010	800032b8	0080096f	jal	x18,800032b8	 x18=0x800032b8
       20125000	      2011	00000000	00000013	addi	x0,x0,0	  x0:0x00000000
       20135000	      2012	800032bc	00000013	addi	x0,x0,0	  x0:0x00000000
       20145000	      2013	800032c0	0200036f	jal	x6,800032c0	  x6=0x800032c0
       20155000	      2014	00000000	00000013	addi	x0,x0,0	  x0:0x00000000
       20165000	      2015	800032dc	00000013	addi	x0,x0,0	  x0:0x00000000
       20175000	      2016	800032e0	fd1ff0ef	jal	x1,800032e0	  x1=0x800032e0
       20185000	      2017	00000000	00000013	addi	x0,x0,0	  x0:0x00000000
       20195000	      2018	800032ac	00000013	addi	x0,x0,0	  x0:0x00000000
       20205000	      2019	800032b0	0340036f	jal	x6,800032b0	  x6=0x800032b0
       20215000	      2020	00000000	00000013	addi	x0,x0,0	  x0:0x00000000
       20225000	      2021	800032e0	00000013	addi	x0,x0,0	  x0:0x00000000
       20235000	      2022	800032e4	fd1ff0ef	jal	x1,800032e4	  x1=0x800032e4
       20245000	      2023	00000000	00000013	addi	x0,x0,0	  x0:0x00000000
       20255000	      2024	800032b0	00000013	addi	x0,x0,0	  x0:0x00000000
       20265000	      2025	800032b4	0140066f	jal	x12,800032b4	 x12=0x800032b4
       20275000	      2026	00000000	00000013	addi	x0,x0,0	  x0:0x00000000
       20285000	      2027	800032c4	00000013	addi	x0,x0,0	  x0:0x00000000
       20295000	      2028	800032c8	028000ef	jal	x1,800032c8	  x1=0x800032c8
       20305000	      2029	00000000	00000013	addi	x0,x0,0	  x0:0x00000000
       20315000	      2030	800032ec	00000013	addi	x0,x0,0	  x0:0x00000000
       20325000	      2031	800032f0	fb1ff36f	jal	x6,800032f0	  x6=0x800032f0
       20335000	      2032	00000000	00000013	addi	x0,x0,0	  x0:0x00000000
       20345000	      2033	8000329c	00000013	addi	x0,x0,0	  x0:0x00000000
       20355000	      2034	800032a0	004000ef	jal	x1,800032a0	  x1=0x800032a0
       20365000	      2035	00000000	00000013	addi	x0,x0,0	  x0:0x00000000
       20375000	      2036	800032a0	00000013	addi	x0,x0,0	  x0:0x00000000
       20385000	      2037	800032a4	004000ef	jal	x1,800032a4	  x1=0x800032a4
       20395000	      2038	00000000	00000013	addi	x0,x0,0	  x0:0x00000000
       20405000	      2039	800032a4	00000013	addi	x0,x0,0	  x0:0x00000000
       20415000	      2040	800032a8	0640036f	jal	x6,800032a8	  x6=0x800032a8
       20425000	      2041	00000000	00000013	addi	x0,x0,0	  x0:0x00000000
       20435000	      2042	80003308	00000013	addi	x0,x0,0	  x0:0x00000000
       20445000	      2043	8000330c	01d95193	srli	x3,x18,0x1d	 x18:0x800032b8  x3=0x00000004
       20455000	      2044	80003310	02400cef	jal	x25,80003310	 x25=0x80003310
       20465000	      2045	00000000	00000013	addi	x0,x0,0	  x0:0x00000000
       20475000	      2046	80003330	00000013	addi	x0,x0,0	  x0:0x00000000
       20485000	      2047	80003334	0300016f	jal	x2,80003334	  x2=0x80003334
       20495000	      2048	00000000	00000013	addi	x0,x0,0	  x0:0x00000000
       20505000	      2049	80003360	00000013	addi	x0,x0,0	  x0:0x00000000
       20515000	      2050	80003364	fbdffeef	jal	x29,80003364	 x29=0x80003364
       20525000	      2051	00000000	00000013	addi	x0,x0,0	  x0:0x00000000
       20535000	      2052	8000331c	00000013	addi	x0,x0,0	  x0:0x00000000
       20545000	      2053	80003320	040000ef	jal	x1,80003320	  x1=0x80003320
       20555000	      2054	00000000	00000013	addi	x0,x0,0	  x0:0x00000000
       20565000	      2055	8000335c	00000013	addi	x0,x0,0	  x0:0x00000000
       20575000	      2056	80003360	fe5ff0ef	jal	x1,80003360	  x1=0x80003360
       20585000	      2057	00000000	00000013	addi	x0,x0,0	  x0:0x00000000
       20595000	      2058	80003340	00000013	addi	x0,x0,0	  x0:0x00000000
       20605000	      2059	80003344	fe1ff0ef	jal	x1,80003344	  x1=0x80003344
       20615000	      2060	00000000	00000013	addi	x0,x0,0	  x0:0x00000000
       20625000	      2061	80003320	00000013	addi	x0,x0,0	  x0:0x00000000
       20635000	      2062	80003324	030002ef	jal	x5,80003324	  x5=0x80003324
       20645000	      2063	00000000	00000013	addi	x0,x0,0	  x0:0x00000000
       20655000	      2064	80003350	00000013	addi	x0,x0,0	  x0:0x00000000
       20665000	      2065	80003354	fc1ff0ef	jal	x1,80003354	  x1=0x80003354
       20675000	      2066	00000000	00000013	addi	x0,x0,0	  x0:0x00000000
       20685000	      2067	80003310	00000013	addi	x0,x0,0	  x0:0x00000000
       20695000	      2068	80003314	04400bef	jal	x23,80003314	 x23=0x80003314
       20705000	      2069	00000000	00000013	addi	x0,x0,0	  x0:0x00000000
       20715000	      2070	80003354	00000013	addi	x0,x0,0	  x0:0x00000000
       20725000	      2071	80003358	ff9ff66f	jal	x12,80003358	 x12=0x80003358
       20735000	      2072	00000000	00000013	addi	x0,x0,0	  x0:0x00000000
       20745000	      2073	8000334c	00000013	addi	x0,x0,0	  x0:0x00000000
       20755000	      2074	80003350	00c0036f	jal	x6,80003350	  x6=0x80003350
       20765000	      2075	00000000	00000013	addi	x0,x0,0	  x0:0x00000000
       20775000	      2076	80003358	00000013	addi	x0,x0,0	  x0:0x00000000
       20785000	      2077	8000335c	fd5ff0ef	jal	x1,8000335c	  x1=0x8000335c
       20795000	      2078	00000000	00000013	addi	x0,x0,0	  x0:0x00000000
       20805000	      2079	8000332c	00000013	addi	x0,x0,0	  x0:0x00000000
       20815000	      2080	80003330	ff9ff0ef	jal	x1,80003330	  x1=0x80003330
       20825000	      2081	00000000	00000013	addi	x0,x0,0	  x0:0x00000000
       20835000	      2082	80003324	00000013	addi	x0,x0,0	  x0:0x00000000
       20845000	      2083	80003328	ff1ff0ef	jal	x1,80003328	  x1=0x80003328
       20855000	      2084	00000000	00000013	addi	x0,x0,0	  x0:0x00000000
       20865000	      2085	80003314	00000013	addi	x0,x0,0	  x0:0x00000000
       20875000	      2086	80003318	0200036f	jal	x6,80003318	  x6=0x80003318
       20885000	      2087	00000000	00000013	addi	x0,x0,0	  x0:0x00000000
       20895000	      2088	80003334	00000013	addi	x0,x0,0	  x0:0x00000000
       20905000	      2089	80003338	ff5ff16f	jal	x2,80003338	  x2=0x80003338
       20915000	      2090	00000000	00000013	addi	x0,x0,0	  x0:0x00000000
       20925000	      2091	80003328	00000013	addi	x0,x0,0	  x0:0x00000000
       20935000	      2092	8000332c	020003ef	jal	x7,8000332c	  x7=0x8000332c
       20945000	      2093	00000000	00000013	addi	x0,x0,0	  x0:0x00000000
       20955000	      2094	80003348	00000013	addi	x0,x0,0	  x0:0x00000000
       20965000	      2095	8000334c	fd1ff0ef	jal	x1,8000334c	  x1=0x8000334c
       20975000	      2096	00000000	00000013	addi	x0,x0,0	  x0:0x00000000
       20985000	      2097	80003318	00000013	addi	x0,x0,0	  x0:0x00000000
       20995000	      2098	8000331c	020000ef	jal	x1,8000331c	  x1=0x8000331c
       21005000	      2099	00000000	00000013	addi	x0,x0,0	  x0:0x00000000
       21015000	      2100	80003338	00000013	addi	x0,x0,0	  x0:0x00000000
       21025000	      2101	8000333c	004000ef	jal	x1,8000333c	  x1=0x8000333c
       21035000	      2102	00000000	00000013	addi	x0,x0,0	  x0:0x00000000
       21045000	      2103	8000333c	00000013	addi	x0,x0,0	  x0:0x00000000
       21055000	      2104	80003340	0080016f	jal	x2,80003340	  x2=0x80003340
       21065000	      2105	00000000	00000013	addi	x0,x0,0	  x0:0x00000000
       21075000	      2106	80003344	00000013	addi	x0,x0,0	  x0:0x00000000
       21085000	      2107	80003348	0200036f	jal	x6,80003348	  x6=0x80003348
       21095000	      2108	00000000	00000013	addi	x0,x0,0	  x0:0x00000000
       21105000	      2109	80003364	00000013	addi	x0,x0,0	  x0:0x00000000
       21115000	      2110	80003368	401dd133	sra	x2,x27,x1	 x27:0x00000380  x1:0x8000333c  x2=0x00000000
       21125000	      2111	8000336c	02c00cef	jal	x25,8000336c	 x25=0x8000336c
       21135000	      2112	00000000	00000013	addi	x0,x0,0	  x0:0x00000000
       21145000	      2113	80003394	00000013	addi	x0,x0,0	  x0:0x00000000
       21155000	      2114	80003398	fedff0ef	jal	x1,80003398	  x1=0x80003398
       21165000	      2115	00000000	00000013	addi	x0,x0,0	  x0:0x00000000
       21175000	      2116	80003380	00000013	addi	x0,x0,0	  x0:0x00000000
       21185000	      2117	80003384	030000ef	jal	x1,80003384	  x1=0x80003384
       21195000	      2118	00000000	00000013	addi	x0,x0,0	  x0:0x00000000
       21205000	      2119	800033b0	00000013	addi	x0,x0,0	  x0:0x00000000
       21215000	      2120	800033b4	fd5ffe6f	jal	x28,800033b4	 x28=0x800033b4
       21225000	      2121	00000000	00000013	addi	x0,x0,0	  x0:0x00000000
       21235000	      2122	80003384	00000013	addi	x0,x0,0	  x0:0x00000000
       21245000	      2123	80003388	ff9ff0ef	jal	x1,80003388	  x1=0x80003388
       21255000	      2124	00000000	00000013	addi	x0,x0,0	  x0:0x00000000
       21265000	      2125	8000337c	00000013	addi	x0,x0,0	  x0:0x00000000
       21275000	      2126	80003380	ffdff0ef	jal	x1,80003380	  x1=0x80003380
       21285000	      2127	00000000	00000013	addi	x0,x0,0	  x0:0x00000000
       21295000	      2128	80003378	00000013	addi	x0,x0,0	  x0:0x00000000
       21305000	      2129	8000337c	0280026f	jal	x4,8000337c	  x4=0x8000337c
       21315000	      2130	00000000	00000013	addi	x0,x0,0	  x0:0x00000000
       21325000	      2131	800033a0	00000013	addi	x0,x0,0	  x0:0x00000000
       21335000	      2132	800033a4	018000ef	jal	x1,800033a4	  x1=0x800033a4
       21345000	      2133	00000000	00000013	addi	x0,x0,0	  x0:0x00000000
       21355000	      2134	800033b8	00000013	addi	x0,x0,0	  x0:0x00000000
       21365000	      2135	800033bc	fd9fffef	jal	x31,800033bc	 x31=0x800033bc
       21375000	      2136	00000000	00000013	addi	x0,x0,0	  x0:0x00000000
       21385000	      2137	80003390	00000013	addi	x0,x0,0	  x0:0x00000000
       21395000	      2138	80003394	0140036f	jal	x6,80003394	  x6=0x80003394
       21405000	      2139	00000000	00000013	addi	x0,x0,0	  x0:0x00000000
       21415000	      2140	800033a4	00000013	addi	x0,x0,0	  x0:0x00000000
       21425000	      2141	800033a8	fe5ff36f	jal	x6,800033a8	  x6=0x800033a8
       21435000	      2142	00000000	00000013	addi	x0,x0,0	  x0:0x00000000
       21445000	      2143	80003388	00000013	addi	x0,x0,0	  x0:0x00000000
       21455000	      2144	8000338c	0340016f	jal	x2,8000338c	  x2=0x8000338c
       21465000	      2145	00000000	00000013	addi	x0,x0,0	  x0:0x00000000
       21475000	      2146	800033bc	00000013	addi	x0,x0,0	  x0:0x00000000
       21485000	      2147	800033c0	fedffd6f	jal	x26,800033c0	 x26=0x800033c0
       21495000	      2148	00000000	00000013	addi	x0,x0,0	  x0:0x00000000
       21505000	      2149	800033a8	00000013	addi	x0,x0,0	  x0:0x00000000
       21515000	      2150	800033ac	fc9ff36f	jal	x6,800033ac	  x6=0x800033ac
       21525000	      2151	00000000	00000013	addi	x0,x0,0	  x0:0x00000000
       21535000	      2152	80003370	00000013	addi	x0,x0,0	  x0:0x00000000
       21545000	      2153	80003374	00400fef	jal	x31,80003374	 x31=0x80003374
       21555000	      2154	00000000	00000013	addi	x0,x0,0	  x0:0x00000000
       21565000	      2155	80003374	00000013	addi	x0,x0,0	  x0:0x00000000
       21575000	      2156	80003378	038000ef	jal	x1,80003378	  x1=0x80003378
       21585000	      2157	00000000	00000013	addi	x0,x0,0	  x0:0x00000000
       21595000	      2158	800033ac	00000013	addi	x0,x0,0	  x0:0x00000000
       21605000	      2159	800033b0	008000ef	jal	x1,800033b0	  x1=0x800033b0
       21615000	      2160	00000000	00000013	addi	x0,x0,0	  x0:0x00000000
       21625000	      2161	800033b4	00000013	addi	x0,x0,0	  x0:0x00000000
       21635000	      2162	800033b8	fb9ff0ef	jal	x1,800033b8	  x1=0x800033b8
       21645000	      2163	00000000	00000013	addi	x0,x0,0	  x0:0x00000000
       21655000	      2164	8000336c	00000013	addi	x0,x0,0	  x0:0x00000000
       21665000	      2165	80003370	05c0036f	jal	x6,80003370	  x6=0x80003370
       21675000	      2166	00000000	00000013	addi	x0,x0,0	  x0:0x00000000
       21685000	      2167	800033c8	00000013	addi	x0,x0,0	  x0:0x00000000
       21695000	      2168	800033cc	ffdffa6f	jal	x20,800033cc	 x20=0x800033cc
       21705000	      2169	00000000	00000013	addi	x0,x0,0	  x0:0x00000000
       21715000	      2170	800033c4	00000013	addi	x0,x0,0	  x0:0x00000000
       21725000	      2171	800033c8	fd9ff26f	jal	x4,800033c8	  x4=0x800033c8
       21735000	      2172	00000000	00000013	addi	x0,x0,0	  x0:0x00000000
       21745000	      2173	8000339c	00000013	addi	x0,x0,0	  x0:0x00000000
       21755000	      2174	800033a0	ffdff36f	jal	x6,800033a0	  x6=0x800033a0
       21765000	      2175	00000000	00000013	addi	x0,x0,0	  x0:0x00000000
       21775000	      2176	80003398	00000013	addi	x0,x0,0	  x0:0x00000000
       21785000	      2177	8000339c	028000ef	jal	x1,8000339c	  x1=0x8000339c
       21795000	      2178	00000000	00000013	addi	x0,x0,0	  x0:0x00000000
       21805000	      2179	800033c0	00000013	addi	x0,x0,0	  x0:0x00000000
       21815000	      2180	800033c4	fcdff0ef	jal	x1,800033c4	  x1=0x800033c4
       21825000	      2181	00000000	00000013	addi	x0,x0,0	  x0:0x00000000
       21835000	      2182	8000338c	00000013	addi	x0,x0,0	  x0:0x00000000
       21845000	      2183	80003390	040000ef	jal	x1,80003390	  x1=0x80003390
       21855000	      2184	00000000	00000013	addi	x0,x0,0	  x0:0x00000000
       21865000	      2185	800033cc	00000013	addi	x0,x0,0	  x0:0x00000000
       21875000	      2186	800033d0	01f22d33	slt	x26,x4,x31	  x4:0x800033c8 x31:0x80003374 x26=0x00000000
       21885000	      2187	800033d4	00c00cef	jal	x25,800033d4	 x25=0x800033d4
       21895000	      2188	00000000	00000013	addi	x0,x0,0	  x0:0x00000000
       21905000	      2189	800033dc	00000013	addi	x0,x0,0	  x0:0x00000000
       21915000	      2190	800033e0	0280036f	jal	x6,800033e0	  x6=0x800033e0
       21925000	      2191	00000000	00000013	addi	x0,x0,0	  x0:0x00000000
       21935000	      2192	80003404	00000013	addi	x0,x0,0	  x0:0x00000000
       21945000	      2193	80003408	fe5ff36f	jal	x6,80003408	  x6=0x80003408
       21955000	      2194	00000000	00000013	addi	x0,x0,0	  x0:0x00000000
       21965000	      2195	800033e8	00000013	addi	x0,x0,0	  x0:0x00000000
       21975000	      2196	800033ec	038000ef	jal	x1,800033ec	  x1=0x800033ec
       21985000	      2197	00000000	00000013	addi	x0,x0,0	  x0:0x00000000
       21995000	      2198	80003420	00000013	addi	x0,x0,0	  x0:0x00000000
       22005000	      2199	80003424	ff1ff16f	jal	x2,80003424	  x2=0x80003424
       22015000	      2200	00000000	00000013	addi	x0,x0,0	  x0:0x00000000
       22025000	      2201	80003410	00000013	addi	x0,x0,0	  x0:0x00000000
       22035000	      2202	80003414	ff1ff0ef	jal	x1,80003414	  x1=0x80003414
       22045000	      2203	00000000	00000013	addi	x0,x0,0	  x0:0x00000000
       22055000	      2204	80003400	00000013	addi	x0,x0,0	  x0:0x00000000
       22065000	      2205	80003404	0240036f	jal	x6,80003404	  x6=0x80003404
       22075000	      2206	00000000	00000013	addi	x0,x0,0	  x0:0x00000000
       22085000	      2207	80003424	00000013	addi	x0,x0,0	  x0:0x00000000
       22095000	      2208	80003428	fcdff0ef	jal	x1,80003428	  x1=0x80003428
       22105000	      2209	00000000	00000013	addi	x0,x0,0	  x0:0x00000000
       22115000	      2210	800033f0	00000013	addi	x0,x0,0	  x0:0x00000000
       22125000	      2211	800033f4	ff5ff0ef	jal	x1,800033f4	  x1=0x800033f4
       22135000	      2212	00000000	00000013	addi	x0,x0,0	  x0:0x00000000
       22145000	      2213	800033e4	00000013	addi	x0,x0,0	  x0:0x00000000
       22155000	      2214	800033e8	ff5ff1ef	jal	x3,800033e8	  x3=0x800033e8
       22165000	      2215	00000000	00000013	addi	x0,x0,0	  x0:0x00000000
       22175000	      2216	800033d8	00000013	addi	x0,x0,0	  x0:0x00000000
       22185000	      2217	800033dc	040000ef	jal	x1,800033dc	  x1=0x800033dc
       22195000	      2218	00000000	00000013	addi	x0,x0,0	  x0:0x00000000
       22205000	      2219	80003418	00000013	addi	x0,x0,0	  x0:0x00000000
       22215000	      2220	8000341c	fddff36f	jal	x6,8000341c	  x6=0x8000341c
       22225000	      2221	00000000	00000013	addi	x0,x0,0	  x0:0x00000000
       22235000	      2222	800033f4	00000013	addi	x0,x0,0	  x0:0x00000000
       22245000	      2223	800033f8	004009ef	jal	x19,800033f8	 x19=0x800033f8
       22255000	      2224	00000000	00000013	addi	x0,x0,0	  x0:0x00000000
       22265000	      2225	800033f8	00000013	addi	x0,x0,0	  x0:0x00000000
       22275000	      2226	800033fc	ff5ff2ef	jal	x5,800033fc	  x5=0x800033fc
       22285000	      2227	00000000	00000013	addi	x0,x0,0	  x0:0x00000000
       22295000	      2228	800033ec	00000013	addi	x0,x0,0	  x0:0x00000000
       22305000	      2229	800033f0	fe9ffdef	jal	x27,800033f0	 x27=0x800033f0
       22315000	      2230	00000000	00000013	addi	x0,x0,0	  x0:0x00000000
       22325000	      2231	800033d4	00000013	addi	x0,x0,0	  x0:0x00000000
       22335000	      2232	800033d8	03800eef	jal	x29,800033d8	 x29=0x800033d8
       22345000	      2233	00000000	00000013	addi	x0,x0,0	  x0:0x00000000
       22355000	      2234	8000340c	00000013	addi	x0,x0,0	  x0:0x00000000
       22365000	      2235	80003410	010000ef	jal	x1,80003410	  x1=0x80003410
       22375000	      2236	00000000	00000013	addi	x0,x0,0	  x0:0x00000000
       22385000	      2237	8000341c	00000013	addi	x0,x0,0	  x0:0x00000000
       22395000	      2238	80003420	fedff36f	jal	x6,80003420	  x6=0x80003420
       22405000	      2239	00000000	00000013	addi	x0,x0,0	  x0:0x00000000
       22415000	      2240	80003408	00000013	addi	x0,x0,0	  x0:0x00000000
       22425000	      2241	8000340c	020000ef	jal	x1,8000340c	  x1=0x8000340c
       22435000	      2242	00000000	00000013	addi	x0,x0,0	  x0:0x00000000
       22445000	      2243	80003428	00000013	addi	x0,x0,0	  x0:0x00000000
       22455000	      2244	8000342c	fedff0ef	jal	x1,8000342c	  x1=0x8000342c
       22465000	      2245	00000000	00000013	addi	x0,x0,0	  x0:0x00000000
       22475000	      2246	80003414	00000013	addi	x0,x0,0	  x0:0x00000000
       22485000	      2247	80003418	fcdff36f	jal	x6,80003418	  x6=0x80003418
       22495000	      2248	00000000	00000013	addi	x0,x0,0	  x0:0x00000000
       22505000	      2249	800033e0	00000013	addi	x0,x0,0	  x0:0x00000000
       22515000	      2250	800033e4	04c000ef	jal	x1,800033e4	  x1=0x800033e4
       22525000	      2251	00000000	00000013	addi	x0,x0,0	  x0:0x00000000
       22535000	      2252	8000342c	00000013	addi	x0,x0,0	  x0:0x00000000
       22545000	      2253	80003430	fd1ff0ef	jal	x1,80003430	  x1=0x80003430
       22555000	      2254	00000000	00000013	addi	x0,x0,0	  x0:0x00000000
       22565000	      2255	800033fc	00000013	addi	x0,x0,0	  x0:0x00000000
       22575000	      2256	80003400	034000ef	jal	x1,80003400	  x1=0x80003400
       22585000	      2257	00000000	00000013	addi	x0,x0,0	  x0:0x00000000
       22595000	      2258	80003430	00000013	addi	x0,x0,0	  x0:0x00000000
       22605000	      2259	80003434	007917b3	sll	x15,x18,x7	 x18:0x800032b8  x7:0x8000332c x15=0x032b8000
       22615000	      2260	80003438	05000cef	jal	x25,80003438	 x25=0x80003438
       22625000	      2261	00000000	00000013	addi	x0,x0,0	  x0:0x00000000
       22635000	      2262	80003484	00000013	addi	x0,x0,0	  x0:0x00000000
       22645000	      2263	80003488	fd9ff7ef	jal	x15,80003488	 x15=0x80003488
       22655000	      2264	00000000	00000013	addi	x0,x0,0	  x0:0x00000000
       22665000	      2265	8000345c	00000013	addi	x0,x0,0	  x0:0x00000000
       22675000	      2266	80003460	0100026f	jal	x4,80003460	  x4=0x80003460
       22685000	      2267	00000000	00000013	addi	x0,x0,0	  x0:0x00000000
       22695000	      2268	8000346c	00000013	addi	x0,x0,0	  x0:0x00000000
       22705000	      2269	80003470	ff9ff0ef	jal	x1,80003470	  x1=0x80003470
       22715000	      2270	00000000	00000013	addi	x0,x0,0	  x0:0x00000000
       22725000	      2271	80003464	00000013	addi	x0,x0,0	  x0:0x00000000
       22735000	      2272	80003468	024000ef	jal	x1,80003468	  x1=0x80003468
       22745000	      2273	00000000	00000013	addi	x0,x0,0	  x0:0x00000000
       22755000	      2274	80003488	00000013	addi	x0,x0,0	  x0:0x00000000
       22765000	      2275	8000348c	fb5ff0ef	jal	x1,8000348c	  x1=0x8000348c
       22775000	      2276	00000000	00000013	addi	x0,x0,0	  x0:0x00000000
       22785000	      2277	8000343c	00000013	addi	x0,x0,0	  x0:0x00000000
       22795000	      2278	80003440	ffdff0ef	jal	x1,80003440	  x1=0x80003440
       22805000	      2279	00000000	00000013	addi	x0,x0,0	  x0:0x00000000
       22815000	      2280	80003438	00000013	addi	x0,x0,0	  x0:0x00000000
       22825000	      2281	8000343c	020000ef	jal	x1,8000343c	  x1=0x8000343c
       22835000	      2282	00000000	00000013	addi	x0,x0,0	  x0:0x00000000
       22845000	      2283	80003458	00000013	addi	x0,x0,0	  x0:0x00000000
       22855000	      2284	8000345c	fe9ff6ef	jal	x13,8000345c	 x13=0x8000345c
       22865000	      2285	00000000	00000013	addi	x0,x0,0	  x0:0x00000000
       22875000	      2286	80003440	00000013	addi	x0,x0,0	  x0:0x00000000
       22885000	      2287	80003444	020000ef	jal	x1,80003444	  x1=0x80003444
       22895000	      2288	00000000	00000013	addi	x0,x0,0	  x0:0x00000000
       22905000	      2289	80003460	00000013	addi	x0,x0,0	  x0:0x00000000
       22915000	      2290	80003464	fe5ff36f	jal	x6,80003464	  x6=0x80003464
       22925000	      2291	00000000	00000013	addi	x0,x0,0	  x0:0x00000000
       22935000	      2292	80003444	00000013	addi	x0,x0,0	  x0:0x00000000
       22945000	      2293	80003448	030000ef	jal	x1,80003448	  x1=0x80003448
       22955000	      2294	00000000	00000013	addi	x0,x0,0	  x0:0x00000000
       22965000	      2295	80003474	00000013	addi	x0,x0,0	  x0:0x00000000
       22975000	      2296	80003478	00c0076f	jal	x14,80003478	 x14=0x80003478
       22985000	      2297	00000000	00000013	addi	x0,x0,0	  x0:0x00000000
       22995000	      2298	80003480	00000013	addi	x0,x0,0	  x0:0x00000000
       23005000	      2299	80003484	00c0026f	jal	x4,80003484	  x4=0x80003484
       23015000	      2300	00000000	00000013	addi	x0,x0,0	  x0:0x00000000
       23025000	      2301	8000348c	00000013	addi	x0,x0,0	  x0:0x00000000
       23035000	      2302	80003490	fddff0ef	jal	x1,80003490	  x1=0x80003490
       23045000	      2303	00000000	00000013	addi	x0,x0,0	  x0:0x00000000
       23055000	      2304	80003468	00000013	addi	x0,x0,0	  x0:0x00000000
       23065000	      2305	8000346c	fe9ff0ef	jal	x1,8000346c	  x1=0x8000346c
       23075000	      2306	00000000	00000013	addi	x0,x0,0	  x0:0x00000000
       23085000	      2307	80003450	00000013	addi	x0,x0,0	  x0:0x00000000
       23095000	      2308	80003454	004000ef	jal	x1,80003454	  x1=0x80003454
       23105000	      2309	00000000	00000013	addi	x0,x0,0	  x0:0x00000000
       23115000	      2310	80003454	00000013	addi	x0,x0,0	  x0:0x00000000
       23125000	      2311	80003458	024000ef	jal	x1,80003458	  x1=0x80003458
       23135000	      2312	00000000	00000013	addi	x0,x0,0	  x0:0x00000000
       23145000	      2313	80003478	00000013	addi	x0,x0,0	  x0:0x00000000
       23155000	      2314	8000347c	fd5ff0ef	jal	x1,8000347c	  x1=0x8000347c
       23165000	      2315	00000000	00000013	addi	x0,x0,0	  x0:0x00000000
       23175000	      2316	8000344c	00000013	addi	x0,x0,0	  x0:0x00000000
       23185000	      2317	80003450	ffdff16f	jal	x2,80003450	  x2=0x80003450
       23195000	      2318	00000000	00000013	addi	x0,x0,0	  x0:0x00000000
       23205000	      2319	80003448	00000013	addi	x0,x0,0	  x0:0x00000000
       23215000	      2320	8000344c	0280016f	jal	x2,8000344c	  x2=0x8000344c
       23225000	      2321	00000000	00000013	addi	x0,x0,0	  x0:0x00000000
       23235000	      2322	80003470	00000013	addi	x0,x0,0	  x0:0x00000000
       23245000	      2323	80003474	00c001ef	jal	x3,80003474	  x3=0x80003474
       23255000	      2324	00000000	00000013	addi	x0,x0,0	  x0:0x00000000
       23265000	      2325	8000347c	00000013	addi	x0,x0,0	  x0:0x00000000
       23275000	      2326	80003480	014000ef	jal	x1,80003480	  x1=0x80003480
       23285000	      2327	00000000	00000013	addi	x0,x0,0	  x0:0x00000000
       23295000	      2328	80003490	00000013	addi	x0,x0,0	  x0:0x00000000
       23305000	      2329	80003494	b0816313	ori	x6,x2,-1272	  x2:0x8000344c  x6=0xffffff4c
       23315000	      2330	80003498	05000cef	jal	x25,80003498	 x25=0x80003498
       23325000	      2331	00000000	00000013	addi	x0,x0,0	  x0:0x00000000
       23335000	      2332	800034e4	00000013	addi	x0,x0,0	  x0:0x00000000
       23345000	      2333	800034e8	0280036f	jal	x6,800034e8	  x6=0x800034e8
       23355000	      2334	00000000	00000013	addi	x0,x0,0	  x0:0x00000000
       23365000	      2335	8000350c	00000013	addi	x0,x0,0	  x0:0x00000000
       23375000	      2336	80003510	fc9ff0ef	jal	x1,80003510	  x1=0x80003510
       23385000	      2337	00000000	00000013	addi	x0,x0,0	  x0:0x00000000
       23395000	      2338	800034d4	00000013	addi	x0,x0,0	  x0:0x00000000
       23405000	      2339	800034d8	014000ef	jal	x1,800034d8	  x1=0x800034d8
       23415000	      2340	00000000	00000013	addi	x0,x0,0	  x0:0x00000000
       23425000	      2341	800034e8	00000013	addi	x0,x0,0	  x0:0x00000000
       23435000	      2342	800034ec	0140016f	jal	x2,800034ec	  x2=0x800034ec
       23445000	      2343	00000000	00000013	addi	x0,x0,0	  x0:0x00000000
       23455000	      2344	800034fc	00000013	addi	x0,x0,0	  x0:0x00000000
       23465000	      2345	80003500	fd5ff7ef	jal	x15,80003500	 x15=0x80003500
       23475000	      2346	00000000	00000013	addi	x0,x0,0	  x0:0x00000000
       23485000	      2347	800034d0	00000013	addi	x0,x0,0	  x0:0x00000000
       23495000	      2348	800034d4	fedff0ef	jal	x1,800034d4	  x1=0x800034d4
       23505000	      2349	00000000	00000013	addi	x0,x0,0	  x0:0x00000000
       23515000	      2350	800034bc	00000013	addi	x0,x0,0	  x0:0x00000000
       23525000	      2351	800034c0	fe1ff26f	jal	x4,800034c0	  x4=0x800034c0
       23535000	      2352	00000000	00000013	addi	x0,x0,0	  x0:0x00000000
       23545000	      2353	8000349c	00000013	addi	x0,x0,0	  x0:0x00000000
       23555000	      2354	800034a0	064000ef	jal	x1,800034a0	  x1=0x800034a0
       23565000	      2355	00000000	00000013	addi	x0,x0,0	  x0:0x00000000
       23575000	      2356	80003500	00000013	addi	x0,x0,0	  x0:0x00000000
       23585000	      2357	80003504	ff5ff0ef	jal	x1,80003504	  x1=0x80003504
       23595000	      2358	00000000	00000013	addi	x0,x0,0	  x0:0x00000000
       23605000	      2359	800034f4	00000013	addi	x0,x0,0	  x0:0x00000000
       23615000	      2360	800034f8	fc1ffeef	jal	x29,800034f8	 x29=0x800034f8
       23625000	      2361	00000000	00000013	addi	x0,x0,0	  x0:0x00000000
       23635000	      2362	800034b4	00000013	addi	x0,x0,0	  x0:0x00000000
       23645000	      2363	800034b8	fedff36f	jal	x6,800034b8	  x6=0x800034b8
       23655000	      2364	00000000	00000013	addi	x0,x0,0	  x0:0x00000000
       23665000	      2365	800034a0	00000013	addi	x0,x0,0	  x0:0x00000000
       23675000	      2366	800034a4	0240036f	jal	x6,800034a4	  x6=0x800034a4
       23685000	      2367	00000000	00000013	addi	x0,x0,0	  x0:0x00000000
       23695000	      2368	800034c4	00000013	addi	x0,x0,0	  x0:0x00000000
       23705000	      2369	800034c8	004000ef	jal	x1,800034c8	  x1=0x800034c8
       23715000	      2370	00000000	00000013	addi	x0,x0,0	  x0:0x00000000
       23725000	      2371	800034c8	00000013	addi	x0,x0,0	  x0:0x00000000
       23735000	      2372	800034cc	010000ef	jal	x1,800034cc	  x1=0x800034cc
       23745000	      2373	00000000	00000013	addi	x0,x0,0	  x0:0x00000000
       23755000	      2374	800034d8	00000013	addi	x0,x0,0	  x0:0x00000000
       23765000	      2375	800034dc	014000ef	jal	x1,800034dc	  x1=0x800034dc
       23775000	      2376	00000000	00000013	addi	x0,x0,0	  x0:0x00000000
       23785000	      2377	800034ec	00000013	addi	x0,x0,0	  x0:0x00000000
       23795000	      2378	800034f0	00c000ef	jal	x1,800034f0	  x1=0x800034f0
       23805000	      2379	00000000	00000013	addi	x0,x0,0	  x0:0x00000000
       23815000	      2380	800034f8	00000013	addi	x0,x0,0	  x0:0x00000000
       23825000	      2381	800034fc	fadff36f	jal	x6,800034fc	  x6=0x800034fc
       23835000	      2382	00000000	00000013	addi	x0,x0,0	  x0:0x00000000
       23845000	      2383	800034a4	00000013	addi	x0,x0,0	  x0:0x00000000
       23855000	      2384	800034a8	028009ef	jal	x19,800034a8	 x19=0x800034a8
       23865000	      2385	00000000	00000013	addi	x0,x0,0	  x0:0x00000000
       23875000	      2386	800034cc	00000013	addi	x0,x0,0	  x0:0x00000000
       23885000	      2387	800034d0	fe5ff0ef	jal	x1,800034d0	  x1=0x800034d0
       23895000	      2388	00000000	00000013	addi	x0,x0,0	  x0:0x00000000
       23905000	      2389	800034b0	00000013	addi	x0,x0,0	  x0:0x00000000
       23915000	      2390	800034b4	010000ef	jal	x1,800034b4	  x1=0x800034b4
       23925000	      2391	00000000	00000013	addi	x0,x0,0	  x0:0x00000000
       23935000	      2392	800034c0	00000013	addi	x0,x0,0	  x0:0x00000000
       23945000	      2393	800034c4	044000ef	jal	x1,800034c4	  x1=0x800034c4
       23955000	      2394	00000000	00000013	addi	x0,x0,0	  x0:0x00000000
       23965000	      2395	80003504	00000013	addi	x0,x0,0	  x0:0x00000000
       23975000	      2396	80003508	004000ef	jal	x1,80003508	  x1=0x80003508
       23985000	      2397	00000000	00000013	addi	x0,x0,0	  x0:0x00000000
       23995000	      2398	80003508	00000013	addi	x0,x0,0	  x0:0x00000000
       24005000	      2399	8000350c	fb1ff0ef	jal	x1,8000350c	  x1=0x8000350c
       24015000	      2400	00000000	00000013	addi	x0,x0,0	  x0:0x00000000
       24025000	      2401	800034b8	00000013	addi	x0,x0,0	  x0:0x00000000
       24035000	      2402	800034bc	024000ef	jal	x1,800034bc	  x1=0x800034bc
       24045000	      2403	00000000	00000013	addi	x0,x0,0	  x0:0x00000000
       24055000	      2404	800034dc	00000013	addi	x0,x0,0	  x0:0x00000000
       24065000	      2405	800034e0	fbdff3ef	jal	x7,800034e0	  x7=0x800034e0
       24075000	      2406	00000000	00000013	addi	x0,x0,0	  x0:0x00000000
       24085000	      2407	80003498	00000013	addi	x0,x0,0	  x0:0x00000000
       24095000	      2408	8000349c	010000ef	jal	x1,8000349c	  x1=0x8000349c
       24105000	      2409	00000000	00000013	addi	x0,x0,0	  x0:0x00000000
       24115000	      2410	800034a8	00000013	addi	x0,x0,0	  x0:0x00000000
       24125000	      2411	800034ac	048000ef	jal	x1,800034ac	  x1=0x800034ac
       24135000	      2412	00000000	00000013	addi	x0,x0,0	  x0:0x00000000
       24145000	      2413	800034f0	00000013	addi	x0,x0,0	  x0:0x00000000
       24155000	      2414	800034f4	fbdff36f	jal	x6,800034f4	  x6=0x800034f4
       24165000	      2415	00000000	00000013	addi	x0,x0,0	  x0:0x00000000
       24175000	      2416	800034ac	00000013	addi	x0,x0,0	  x0:0x00000000
       24185000	      2417	800034b0	034000ef	jal	x1,800034b0	  x1=0x800034b0
       24195000	      2418	00000000	00000013	addi	x0,x0,0	  x0:0x00000000
       24205000	      2419	800034e0	00000013	addi	x0,x0,0	  x0:0x00000000
       24215000	      2420	800034e4	0300036f	jal	x6,800034e4	  x6=0x800034e4
       24225000	      2421	00000000	00000013	addi	x0,x0,0	  x0:0x00000000
       24235000	      2422	80003510	00000013	addi	x0,x0,0	  x0:0x00000000
       24245000	      2423	80003514	00b95d13	srli	x26,x18,0xb	 x18:0x800032b8 x26=0x00100006
       24255000	      2424	80003518	03800cef	jal	x25,80003518	 x25=0x80003518
       24265000	      2425	00000000	00000013	addi	x0,x0,0	  x0:0x00000000
       24275000	      2426	8000354c	00000013	addi	x0,x0,0	  x0:0x00000000
       24285000	      2427	80003550	ff9ff36f	jal	x6,80003550	  x6=0x80003550
       24295000	      2428	00000000	00000013	addi	x0,x0,0	  x0:0x00000000
       24305000	      2429	80003544	00000013	addi	x0,x0,0	  x0:0x00000000
       24315000	      2430	80003548	028000ef	jal	x1,80003548	  x1=0x80003548
       24325000	      2431	00000000	00000013	addi	x0,x0,0	  x0:0x00000000
       24335000	      2432	8000356c	00000013	addi	x0,x0,0	  x0:0x00000000
       24345000	      2433	80003570	fc9ff16f	jal	x2,80003570	  x2=0x80003570
       24355000	      2434	00000000	00000013	addi	x0,x0,0	  x0:0x00000000
       24365000	      2435	80003534	00000013	addi	x0,x0,0	  x0:0x00000000
       24375000	      2436	80003538	ff1ff2ef	jal	x5,80003538	  x5=0x80003538
       24385000	      2437	00000000	00000013	addi	x0,x0,0	  x0:0x00000000
       24395000	      2438	80003524	00000013	addi	x0,x0,0	  x0:0x00000000
       24405000	      2439	80003528	044000ef	jal	x1,80003528	  x1=0x80003528
       24415000	      2440	00000000	00000013	addi	x0,x0,0	  x0:0x00000000
       24425000	      2441	80003568	00000013	addi	x0,x0,0	  x0:0x00000000
       24435000	      2442	8000356c	fc9ff0ef	jal	x1,8000356c	  x1=0x8000356c
       24445000	      2443	00000000	00000013	addi	x0,x0,0	  x0:0x00000000
       24455000	      2444	80003530	00000013	addi	x0,x0,0	  x0:0x00000000
       24465000	      2445	80003534	ff1ff0ef	jal	x1,80003534	  x1=0x80003534
       24475000	      2446	00000000	00000013	addi	x0,x0,0	  x0:0x00000000
       24485000	      2447	80003520	00000013	addi	x0,x0,0	  x0:0x00000000
       24495000	      2448	80003524	008000ef	jal	x1,80003524	  x1=0x80003524
       24505000	      2449	00000000	00000013	addi	x0,x0,0	  x0:0x00000000
       24515000	      2450	80003528	00000013	addi	x0,x0,0	  x0:0x00000000
       24525000	      2451	8000352c	01000e6f	jal	x28,8000352c	 x28=0x8000352c
       24535000	      2452	00000000	00000013	addi	x0,x0,0	  x0:0x00000000
       24545000	      2453	80003538	00000013	addi	x0,x0,0	  x0:0x00000000
       24555000	      2454	8000353c	044001ef	jal	x3,8000353c	  x3=0x8000353c
       24565000	      2455	00000000	00000013	addi	x0,x0,0	  x0:0x00000000
       24575000	      2456	8000357c	00000013	addi	x0,x0,0	  x0:0x00000000
       24585000	      2457	80003580	fe9ff0ef	jal	x1,80003580	  x1=0x80003580
       24595000	      2458	00000000	00000013	addi	x0,x0,0	  x0:0x00000000
       24605000	      2459	80003564	00000013	addi	x0,x0,0	  x0:0x00000000
       24615000	      2460	80003568	fddff0ef	jal	x1,80003568	  x1=0x80003568
       24625000	      2461	00000000	00000013	addi	x0,x0,0	  x0:0x00000000
       24635000	      2462	80003540	00000013	addi	x0,x0,0	  x0:0x00000000
       24645000	      2463	80003544	01c000ef	jal	x1,80003544	  x1=0x80003544
       24655000	      2464	00000000	00000013	addi	x0,x0,0	  x0:0x00000000
       24665000	      2465	8000355c	00000013	addi	x0,x0,0	  x0:0x00000000
       24675000	      2466	80003560	ffdff26f	jal	x4,80003560	  x4=0x80003560
       24685000	      2467	00000000	00000013	addi	x0,x0,0	  x0:0x00000000
       24695000	      2468	80003558	00000013	addi	x0,x0,0	  x0:0x00000000
       24705000	      2469	8000355c	01c000ef	jal	x1,8000355c	  x1=0x8000355c
       24715000	      2470	00000000	00000013	addi	x0,x0,0	  x0:0x00000000
       24725000	      2471	80003574	00000013	addi	x0,x0,0	  x0:0x00000000
       24735000	      2472	80003578	fd5ff0ef	jal	x1,80003578	  x1=0x80003578
       24745000	      2473	00000000	00000013	addi	x0,x0,0	  x0:0x00000000
       24755000	      2474	80003548	00000013	addi	x0,x0,0	  x0:0x00000000
       24765000	      2475	8000354c	0280076f	jal	x14,8000354c	 x14=0x8000354c
       24775000	      2476	00000000	00000013	addi	x0,x0,0	  x0:0x00000000
       24785000	      2477	80003570	00000013	addi	x0,x0,0	  x0:0x00000000
       24795000	      2478	80003574	fadff9ef	jal	x19,80003574	 x19=0x80003574
       24805000	      2479	00000000	00000013	addi	x0,x0,0	  x0:0x00000000
       24815000	      2480	8000351c	00000013	addi	x0,x0,0	  x0:0x00000000
       24825000	      2481	80003520	010000ef	jal	x1,80003520	  x1=0x80003520
       24835000	      2482	00000000	00000013	addi	x0,x0,0	  x0:0x00000000
       24845000	      2483	8000352c	00000013	addi	x0,x0,0	  x0:0x00000000
       24855000	      2484	80003530	024009ef	jal	x19,80003530	 x19=0x80003530
       24865000	      2485	00000000	00000013	addi	x0,x0,0	  x0:0x00000000
       24875000	      2486	80003550	00000013	addi	x0,x0,0	  x0:0x00000000
       24885000	      2487	80003554	fc9ff0ef	jal	x1,80003554	  x1=0x80003554
       24895000	      2488	00000000	00000013	addi	x0,x0,0	  x0:0x00000000
       24905000	      2489	80003518	00000013	addi	x0,x0,0	  x0:0x00000000
       24915000	      2490	8000351c	06000cef	jal	x25,8000351c	 x25=0x8000351c
       24925000	      2491	00000000	00000013	addi	x0,x0,0	  x0:0x00000000
       24935000	      2492	80003578	00000013	addi	x0,x0,0	  x0:0x00000000
       24945000	      2493	8000357c	fddff36f	jal	x6,8000357c	  x6=0x8000357c
       24955000	      2494	00000000	00000013	addi	x0,x0,0	  x0:0x00000000
       24965000	      2495	80003554	00000013	addi	x0,x0,0	  x0:0x00000000
       24975000	      2496	80003558	fe9ff1ef	jal	x3,80003558	  x3=0x80003558
       24985000	      2497	00000000	00000013	addi	x0,x0,0	  x0:0x00000000
       24995000	      2498	8000353c	00000013	addi	x0,x0,0	  x0:0x00000000
       25005000	      2499	80003540	024000ef	jal	x1,80003540	  x1=0x80003540
       25015000	      2500	00000000	00000013	addi	x0,x0,0	  x0:0x00000000
       25025000	      2501	80003560	00000013	addi	x0,x0,0	  x0:0x00000000
       25035000	      2502	80003564	020000ef	jal	x1,80003564	  x1=0x80003564
       25045000	      2503	00000000	00000013	addi	x0,x0,0	  x0:0x00000000
       25055000	      2504	80003580	00000013	addi	x0,x0,0	  x0:0x00000000
       25065000	      2505	80003584	00000013	addi	x0,x0,0	  x0:0x00000000
       25075000	      2506	80003588	00c00cef	jal	x25,80003588	 x25=0x80003588
       25085000	      2507	00000000	00000013	addi	x0,x0,0	  x0:0x00000000
       25095000	      2508	80003590	00000013	addi	x0,x0,0	  x0:0x00000000
       25105000	      2509	80003594	014000ef	jal	x1,80003594	  x1=0x80003594
       25115000	      2510	00000000	00000013	addi	x0,x0,0	  x0:0x00000000
       25125000	      2511	800035a4	00000013	addi	x0,x0,0	  x0:0x00000000
       25135000	      2512	800035a8	01000eef	jal	x29,800035a8	 x29=0x800035a8
       25145000	      2513	00000000	00000013	addi	x0,x0,0	  x0:0x00000000
       25155000	      2514	800035b4	00000013	addi	x0,x0,0	  x0:0x00000000
       25165000	      2515	800035b8	fd5ff0ef	jal	x1,800035b8	  x1=0x800035b8
       25175000	      2516	00000000	00000013	addi	x0,x0,0	  x0:0x00000000
       25185000	      2517	80003588	00000013	addi	x0,x0,0	  x0:0x00000000
       25195000	      2518	8000358c	020000ef	jal	x1,8000358c	  x1=0x8000358c
       25205000	      2519	00000000	00000013	addi	x0,x0,0	  x0:0x00000000
       25215000	      2520	800035a8	00000013	addi	x0,x0,0	  x0:0x00000000
       25225000	      2521	800035ac	008001ef	jal	x3,800035ac	  x3=0x800035ac
       25235000	      2522	00000000	00000013	addi	x0,x0,0	  x0:0x00000000
       25245000	      2523	800035b0	00000013	addi	x0,x0,0	  x0:0x00000000
       25255000	      2524	800035b4	ffdff16f	jal	x2,800035b4	  x2=0x800035b4
       25265000	      2525	00000000	00000013	addi	x0,x0,0	  x0:0x00000000
       25275000	      2526	800035ac	00000013	addi	x0,x0,0	  x0:0x00000000
       25285000	      2527	800035b0	fe9ff36f	jal	x6,800035b0	  x6=0x800035b0
       25295000	      2528	00000000	00000013	addi	x0,x0,0	  x0:0x00000000
       25305000	      2529	80003594	00000013	addi	x0,x0,0	  x0:0x00000000
       25315000	      2530	80003598	ff9ff66f	jal	x12,80003598	 x12=0x80003598
       25325000	      2531	00000000	00000013	addi	x0,x0,0	  x0:0x00000000
       25335000	      2532	8000358c	00000013	addi	x0,x0,0	  x0:0x00000000
       25345000	      2533	80003590	00c00cef	jal	x25,80003590	 x25=0x80003590
       25355000	      2534	00000000	00000013	addi	x0,x0,0	  x0:0x00000000
       25365000	      2535	80003598	00000013	addi	x0,x0,0	  x0:0x00000000
       25375000	      2536	8000359c	004000ef	jal	x1,8000359c	  x1=0x8000359c
       25385000	      2537	00000000	00000013	addi	x0,x0,0	  x0:0x00000000
       25395000	      2538	8000359c	00000013	addi	x0,x0,0	  x0:0x00000000
       25405000	      2539	800035a0	004000ef	jal	x1,800035a0	  x1=0x800035a0
       25415000	      2540	00000000	00000013	addi	x0,x0,0	  x0:0x00000000
       25425000	      2541	800035a0	00000013	addi	x0,x0,0	  x0:0x00000000
       25435000	      2542	800035a4	018000ef	jal	x1,800035a4	  x1=0x800035a4
       25445000	      2543	00000000	00000013	addi	x0,x0,0	  x0:0x00000000
       25455000	      2544	800035b8	00000013	addi	x0,x0,0	  x0:0x00000000
       25465000	      2545	800035bc	537e3693	sltiu	x13,x28,1335	 x28:0x8000352c x13=0x00000000
       25475000	      2546	800035c0	04c00cef	jal	x25,800035c0	 x25=0x800035c0
       25485000	      2547	00000000	00000013	addi	x0,x0,0	  x0:0x00000000
       25495000	      2548	80003608	00000013	addi	x0,x0,0	  x0:0x00000000
       25505000	      2549	8000360c	fd9ff36f	jal	x6,8000360c	  x6=0x8000360c
       25515000	      2550	00000000	00000013	addi	x0,x0,0	  x0:0x00000000
       25525000	      2551	800035e0	00000013	addi	x0,x0,0	  x0:0x00000000
       25535000	      2552	800035e4	ff1ff0ef	jal	x1,800035e4	  x1=0x800035e4
       25545000	      2553	00000000	00000013	addi	x0,x0,0	  x0:0x00000000
       25555000	      2554	800035d0	00000013	addi	x0,x0,0	  x0:0x00000000
       25565000	      2555	800035d4	04800bef	jal	x23,800035d4	 x23=0x800035d4
       25575000	      2556	00000000	00000013	addi	x0,x0,0	  x0:0x00000000
       25585000	      2557	80003618	00000013	addi	x0,x0,0	  x0:0x00000000
       25595000	      2558	8000361c	fddff0ef	jal	x1,8000361c	  x1=0x8000361c
       25605000	      2559	00000000	00000013	addi	x0,x0,0	  x0:0x00000000
       25615000	      2560	800035f4	00000013	addi	x0,x0,0	  x0:0x00000000
       25625000	      2561	800035f8	004000ef	jal	x1,800035f8	  x1=0x800035f8
       25635000	      2562	00000000	00000013	addi	x0,x0,0	  x0:0x00000000
       25645000	      2563	800035f8	00000013	addi	x0,x0,0	  x0:0x00000000
       25655000	      2564	800035fc	fe5ff0ef	jal	x1,800035fc	  x1=0x800035fc
       25665000	      2565	00000000	00000013	addi	x0,x0,0	  x0:0x00000000
       25675000	      2566	800035dc	00000013	addi	x0,x0,0	  x0:0x00000000
       25685000	      2567	800035e0	ffdff0ef	jal	x1,800035e0	  x1=0x800035e0
       25695000	      2568	00000000	00000013	addi	x0,x0,0	  x0:0x00000000
       25705000	      2569	800035d8	00000013	addi	x0,x0,0	  x0:0x00000000
       25715000	      2570	800035dc	ff1ff0ef	jal	x1,800035dc	  x1=0x800035dc
       25725000	      2571	00000000	00000013	addi	x0,x0,0	  x0:0x00000000
       25735000	      2572	800035c8	00000013	addi	x0,x0,0	  x0:0x00000000
       25745000	      2573	800035cc	004000ef	jal	x1,800035cc	  x1=0x800035cc
       25755000	      2574	00000000	00000013	addi	x0,x0,0	  x0:0x00000000
       25765000	      2575	800035cc	00000013	addi	x0,x0,0	  x0:0x00000000
       25775000	      2576	800035d0	0440036f	jal	x6,800035d0	  x6=0x800035d0
       25785000	      2577	00000000	00000013	addi	x0,x0,0	  x0:0x00000000
       25795000	      2578	80003610	00000013	addi	x0,x0,0	  x0:0x00000000
       25805000	      2579	80003614	fedff0ef	jal	x1,80003614	  x1=0x80003614
       25815000	      2580	00000000	00000013	addi	x0,x0,0	  x0:0x00000000
       25825000	      2581	800035fc	00000013	addi	x0,x0,0	  x0:0x00000000
       25835000	      2582	80003600	010000ef	jal	x1,80003600	  x1=0x80003600
       25845000	      2583	00000000	00000013	addi	x0,x0,0	  x0:0x00000000
       25855000	      2584	8000360c	00000013	addi	x0,x0,0	  x0:0x00000000
       25865000	      2585	80003610	fddffaef	jal	x21,80003610	 x21=0x80003610
       25875000	      2586	00000000	00000013	addi	x0,x0,0	  x0:0x00000000
       25885000	      2587	800035e8	00000013	addi	x0,x0,0	  x0:0x00000000
       25895000	      2588	800035ec	fddff0ef	jal	x1,800035ec	  x1=0x800035ec
       25905000	      2589	00000000	00000013	addi	x0,x0,0	  x0:0x00000000
       25915000	      2590	800035c4	00000013	addi	x0,x0,0	  x0:0x00000000
       25925000	      2591	800035c8	03c000ef	jal	x1,800035c8	  x1=0x800035c8
       25935000	      2592	00000000	00000013	addi	x0,x0,0	  x0:0x00000000
       25945000	      2593	80003600	00000013	addi	x0,x0,0	  x0:0x00000000
       25955000	      2594	80003604	0140036f	jal	x6,80003604	  x6=0x80003604
       25965000	      2595	00000000	00000013	addi	x0,x0,0	  x0:0x00000000
       25975000	      2596	80003614	00000013	addi	x0,x0,0	  x0:0x00000000
       25985000	      2597	80003618	fddff0ef	jal	x1,80003618	  x1=0x80003618
       25995000	      2598	00000000	00000013	addi	x0,x0,0	  x0:0x00000000
       26005000	      2599	800035f0	00000013	addi	x0,x0,0	  x0:0x00000000
       26015000	      2600	800035f4	0140016f	jal	x2,800035f4	  x2=0x800035f4
       26025000	      2601	00000000	00000013	addi	x0,x0,0	  x0:0x00000000
       26035000	      2602	80003604	00000013	addi	x0,x0,0	  x0:0x00000000
       26045000	      2603	80003608	018001ef	jal	x3,80003608	  x3=0x80003608
       26055000	      2604	00000000	00000013	addi	x0,x0,0	  x0:0x00000000
       26065000	      2605	8000361c	00000013	addi	x0,x0,0	  x0:0x00000000
       26075000	      2606	80003620	00c0036f	jal	x6,80003620	  x6=0x80003620
       26085000	      2607	00000000	00000013	addi	x0,x0,0	  x0:0x00000000
       26095000	      2608	80003628	00000013	addi	x0,x0,0	  x0:0x00000000
       26105000	      2609	8000362c	fbdff0ef	jal	x1,8000362c	  x1=0x8000362c
       26115000	      2610	00000000	00000013	addi	x0,x0,0	  x0:0x00000000
       26125000	      2611	800035e4	00000013	addi	x0,x0,0	  x0:0x00000000
       26135000	      2612	800035e8	008000ef	jal	x1,800035e8	  x1=0x800035e8
       26145000	      2613	00000000	00000013	addi	x0,x0,0	  x0:0x00000000
       26155000	      2614	800035ec	00000013	addi	x0,x0,0	  x0:0x00000000
       26165000	      2615	800035f0	fd5ff0ef	jal	x1,800035f0	  x1=0x800035f0
       26175000	      2616	00000000	00000013	addi	x0,x0,0	  x0:0x00000000
       26185000	      2617	800035c0	00000013	addi	x0,x0,0	  x0:0x00000000
       26195000	      2618	800035c4	014000ef	jal	x1,800035c4	  x1=0x800035c4
       26205000	      2619	00000000	00000013	addi	x0,x0,0	  x0:0x00000000
       26215000	      2620	800035d4	00000013	addi	x0,x0,0	  x0:0x00000000
       26225000	      2621	800035d8	04c000ef	jal	x1,800035d8	  x1=0x800035d8
       26235000	      2622	00000000	00000013	addi	x0,x0,0	  x0:0x00000000
       26245000	      2623	80003620	00000013	addi	x0,x0,0	  x0:0x00000000
       26255000	      2624	80003624	004000ef	jal	x1,80003624	  x1=0x80003624
       26265000	      2625	00000000	00000013	addi	x0,x0,0	  x0:0x00000000
       26275000	      2626	80003624	00000013	addi	x0,x0,0	  x0:0x00000000
       26285000	      2627	80003628	0080036f	jal	x6,80003628	  x6=0x80003628
       26295000	      2628	00000000	00000013	addi	x0,x0,0	  x0:0x00000000
       26305000	      2629	8000362c	00000013	addi	x0,x0,0	  x0:0x00000000
       26315000	      2630	80003630	00caf233	and	x4,x21,x12	 x21:0x80003610 x12:0x80003598  x4=0x80003410
       26325000	      2631	80003634	01c00cef	jal	x25,80003634	 x25=0x80003634
       26335000	      2632	00000000	00000013	addi	x0,x0,0	  x0:0x00000000
       26345000	      2633	8000364c	00000013	addi	x0,x0,0	  x0:0x00000000
       26355000	      2634	80003650	00c000ef	jal	x1,80003650	  x1=0x80003650
       26365000	      2635	00000000	00000013	addi	x0,x0,0	  x0:0x00000000
       26375000	      2636	80003658	00000013	addi	x0,x0,0	  x0:0x00000000
       26385000	      2637	8000365c	fe5ff36f	jal	x6,8000365c	  x6=0x8000365c
       26395000	      2638	00000000	00000013	addi	x0,x0,0	  x0:0x00000000
       26405000	      2639	8000363c	00000013	addi	x0,x0,0	  x0:0x00000000
       26415000	      2640	80003640	ffdff0ef	jal	x1,80003640	  x1=0x80003640
       26425000	      2641	00000000	00000013	addi	x0,x0,0	  x0:0x00000000
       26435000	      2642	80003638	00000013	addi	x0,x0,0	  x0:0x00000000
       26445000	      2643	8000363c	01000aef	jal	x21,8000363c	 x21=0x8000363c
       26455000	      2644	00000000	00000013	addi	x0,x0,0	  x0:0x00000000
       26465000	      2645	80003648	00000013	addi	x0,x0,0	  x0:0x00000000
       26475000	      2646	8000364c	ff9ff0ef	jal	x1,8000364c	  x1=0x8000364c
       26485000	      2647	00000000	00000013	addi	x0,x0,0	  x0:0x00000000
       26495000	      2648	80003640	00000013	addi	x0,x0,0	  x0:0x00000000
       26505000	      2649	80003644	01400fef	jal	x31,80003644	 x31=0x80003644
       26515000	      2650	00000000	00000013	addi	x0,x0,0	  x0:0x00000000
       26525000	      2651	80003654	00000013	addi	x0,x0,0	  x0:0x00000000
       26535000	      2652	80003658	ffdff0ef	jal	x1,80003658	  x1=0x80003658
       26545000	      2653	00000000	00000013	addi	x0,x0,0	  x0:0x00000000
       26555000	      2654	80003650	00000013	addi	x0,x0,0	  x0:0x00000000
       26565000	      2655	80003654	fe5ff16f	jal	x2,80003654	  x2=0x80003654
       26575000	      2656	00000000	00000013	addi	x0,x0,0	  x0:0x00000000
       26585000	      2657	80003634	00000013	addi	x0,x0,0	  x0:0x00000000
       26595000	      2658	80003638	0100096f	jal	x18,80003638	 x18=0x80003638
       26605000	      2659	00000000	00000013	addi	x0,x0,0	  x0:0x00000000
       26615000	      2660	80003644	00000013	addi	x0,x0,0	  x0:0x00000000
       26625000	      2661	80003648	018000ef	jal	x1,80003648	  x1=0x80003648
       26635000	      2662	00000000	00000013	addi	x0,x0,0	  x0:0x00000000
       26645000	      2663	8000365c	00000013	addi	x0,x0,0	  x0:0x00000000
       26655000	      2664	80003660	007fedb3	or	x27,x31,x7	 x31:0x80003644  x7:0x800034e0 x27=0x800036e4
       26665000	      2665	80003664	01c00cef	jal	x25,80003664	 x25=0x80003664
       26675000	      2666	00000000	00000013	addi	x0,x0,0	  x0:0x00000000
       26685000	      2667	8000367c	00000013	addi	x0,x0,0	  x0:0x00000000
       26695000	      2668	80003680	fedff26f	jal	x4,80003680	  x4=0x80003680
       26705000	      2669	00000000	00000013	addi	x0,x0,0	  x0:0x00000000
       26715000	      2670	80003668	00000013	addi	x0,x0,0	  x0:0x00000000
       26725000	      2671	8000366c	0640026f	jal	x4,8000366c	  x4=0x8000366c
       26735000	      2672	00000000	00000013	addi	x0,x0,0	  x0:0x00000000
       26745000	      2673	800036cc	00000013	addi	x0,x0,0	  x0:0x00000000
       26755000	      2674	800036d0	fd9ff0ef	jal	x1,800036d0	  x1=0x800036d0
       26765000	      2675	00000000	00000013	addi	x0,x0,0	  x0:0x00000000
       26775000	      2676	800036a4	00000013	addi	x0,x0,0	  x0:0x00000000
       26785000	      2677	800036a8	01c0036f	jal	x6,800036a8	  x6=0x800036a8
       26795000	      2678	00000000	00000013	addi	x0,x0,0	  x0:0x00000000
       26805000	      2679	800036c0	00000013	addi	x0,x0,0	  x0:0x00000000
       26815000	      2680	800036c4	fd9ff0ef	jal	x1,800036c4	  x1=0x800036c4
       26825000	      2681	00000000	00000013	addi	x0,x0,0	  x0:0x00000000
       26835000	      2682	80003698	00000013	addi	x0,x0,0	  x0:0x00000000
       26845000	      2683	8000369c	ff9ff0ef	jal	x1,8000369c	  x1=0x8000369c
       26855000	      2684	00000000	00000013	addi	x0,x0,0	  x0:0x00000000
       26865000	      2685	80003690	00000013	addi	x0,x0,0	  x0:0x00000000
       26875000	      2686	80003694	ff1ffd6f	jal	x26,80003694	 x26=0x80003694
       26885000	      2687	00000000	00000013	addi	x0,x0,0	  x0:0x00000000
       26895000	      2688	80003680	00000013	addi	x0,x0,0	  x0:0x00000000
       26905000	      2689	80003684	ff1ff0ef	jal	x1,80003684	  x1=0x80003684
       26915000	      2690	00000000	00000013	addi	x0,x0,0	  x0:0x00000000
       26925000	      2691	80003670	00000013	addi	x0,x0,0	  x0:0x00000000
       26935000	      2692	80003674	030000ef	jal	x1,80003674	  x1=0x80003674
       26945000	      2693	00000000	00000013	addi	x0,x0,0	  x0:0x00000000
       26955000	      2694	800036a0	00000013	addi	x0,x0,0	  x0:0x00000000
       26965000	      2695	800036a4	00c000ef	jal	x1,800036a4	  x1=0x800036a4
       26975000	      2696	00000000	00000013	addi	x0,x0,0	  x0:0x00000000
       26985000	      2697	800036ac	00000013	addi	x0,x0,0	  x0:0x00000000
       26995000	      2698	800036b0	008000ef	jal	x1,800036b0	  x1=0x800036b0
       27005000	      2699	00000000	00000013	addi	x0,x0,0	  x0:0x00000000
       27015000	      2700	800036b4	00000013	addi	x0,x0,0	  x0:0x00000000
       27025000	      2701	800036b8	fe1ff0ef	jal	x1,800036b8	  x1=0x800036b8
       27035000	      2702	00000000	00000013	addi	x0,x0,0	  x0:0x00000000
       27045000	      2703	80003694	00000013	addi	x0,x0,0	  x0:0x00000000
       27055000	      2704	80003698	fd1ff16f	jal	x2,80003698	  x2=0x80003698
       27065000	      2705	00000000	00000013	addi	x0,x0,0	  x0:0x00000000
       27075000	      2706	80003664	00000013	addi	x0,x0,0	  x0:0x00000000
       27085000	      2707	80003668	0540096f	jal	x18,80003668	 x18=0x80003668
       27095000	      2708	00000000	00000013	addi	x0,x0,0	  x0:0x00000000
       27105000	      2709	800036b8	00000013	addi	x0,x0,0	  x0:0x00000000
       27115000	      2710	800036bc	004000ef	jal	x1,800036bc	  x1=0x800036bc
       27125000	      2711	00000000	00000013	addi	x0,x0,0	  x0:0x00000000
       27135000	      2712	800036bc	00000013	addi	x0,x0,0	  x0:0x00000000
       27145000	      2713	800036c0	fedff36f	jal	x6,800036c0	  x6=0x800036c0
       27155000	      2714	00000000	00000013	addi	x0,x0,0	  x0:0x00000000
       27165000	      2715	800036a8	00000013	addi	x0,x0,0	  x0:0x00000000
       27175000	      2716	800036ac	fcdff0ef	jal	x1,800036ac	  x1=0x800036ac
       27185000	      2717	00000000	00000013	addi	x0,x0,0	  x0:0x00000000
       27195000	      2718	80003674	00000013	addi	x0,x0,0	  x0:0x00000000
       27205000	      2719	80003678	01000cef	jal	x25,80003678	 x25=0x80003678
       27215000	      2720	00000000	00000013	addi	x0,x0,0	  x0:0x00000000
       27225000	      2721	80003684	00000013	addi	x0,x0,0	  x0:0x00000000
       27235000	      2722	80003688	0440016f	jal	x2,80003688	  x2=0x80003688
       27245000	      2723	00000000	00000013	addi	x0,x0,0	  x0:0x00000000
       27255000	      2724	800036c8	00000013	addi	x0,x0,0	  x0:0x00000000
       27265000	      2725	800036cc	fe9ff5ef	jal	x11,800036cc	 x11=0x800036cc
       27275000	      2726	00000000	00000013	addi	x0,x0,0	  x0:0x00000000
       27285000	      2727	800036b0	00000013	addi	x0,x0,0	  x0:0x00000000
       27295000	      2728	800036b4	fd9ff96f	jal	x18,800036b4	 x18=0x800036b4
       27305000	      2729	00000000	00000013	addi	x0,x0,0	  x0:0x00000000
       27315000	      2730	80003688	00000013	addi	x0,x0,0	  x0:0x00000000
       27325000	      2731	8000368c	ff1ffdef	jal	x27,8000368c	 x27=0x8000368c
       27335000	      2732	00000000	00000013	addi	x0,x0,0	  x0:0x00000000
       27345000	      2733	80003678	00000013	addi	x0,x0,0	  x0:0x00000000
       27355000	      2734	8000367c	ff5ffdef	jal	x27,8000367c	 x27=0x8000367c
       27365000	      2735	00000000	00000013	addi	x0,x0,0	  x0:0x00000000
       27375000	      2736	8000366c	00000013	addi	x0,x0,0	  x0:0x00000000
       27385000	      2737	80003670	0200036f	jal	x6,80003670	  x6=0x80003670
       27395000	      2738	00000000	00000013	addi	x0,x0,0	  x0:0x00000000
       27405000	      2739	8000368c	00000013	addi	x0,x0,0	  x0:0x00000000
       27415000	      2740	80003690	0100036f	jal	x6,80003690	  x6=0x80003690
       27425000	      2741	00000000	00000013	addi	x0,x0,0	  x0:0x00000000
       27435000	      2742	8000369c	00000013	addi	x0,x0,0	  x0:0x00000000
       27445000	      2743	800036a0	028000ef	jal	x1,800036a0	  x1=0x800036a0
       27455000	      2744	00000000	00000013	addi	x0,x0,0	  x0:0x00000000
       27465000	      2745	800036c4	00000013	addi	x0,x0,0	  x0:0x00000000
       27475000	      2746	800036c8	00c000ef	jal	x1,800036c8	  x1=0x800036c8
       27485000	      2747	00000000	00000013	addi	x0,x0,0	  x0:0x00000000
       27495000	      2748	800036d0	00000013	addi	x0,x0,0	  x0:0x00000000
       27505000	      2749	800036d4	00cb9e33	sll	x28,x23,x12	 x23:0x800035d4 x12:0x80003598 x28=0xd4000000
       27515000	      2750	800036d8	03800cef	jal	x25,800036d8	 x25=0x800036d8
       27525000	      2751	00000000	00000013	addi	x0,x0,0	  x0:0x00000000
       27535000	      2752	8000370c	00000013	addi	x0,x0,0	  x0:0x00000000
       27545000	      2753	80003710	fd5ff56f	jal	x10,80003710	 x10=0x80003710
       27555000	      2754	00000000	00000013	addi	x0,x0,0	  x0:0x00000000
       27565000	      2755	800036e0	00000013	addi	x0,x0,0	  x0:0x00000000
       27575000	      2756	800036e4	0480016f	jal	x2,800036e4	  x2=0x800036e4
       27585000	      2757	00000000	00000013	addi	x0,x0,0	  x0:0x00000000
       27595000	      2758	80003728	00000013	addi	x0,x0,0	  x0:0x00000000
       27605000	      2759	8000372c	fe9ff36f	jal	x6,8000372c	  x6=0x8000372c
       27615000	      2760	00000000	00000013	addi	x0,x0,0	  x0:0x00000000
       27625000	      2761	80003710	00000013	addi	x0,x0,0	  x0:0x00000000
       27635000	      2762	80003714	ff9ff0ef	jal	x1,80003714	  x1=0x80003714
       27645000	      2763	00000000	00000013	addi	x0,x0,0	  x0:0x00000000
       27655000	      2764	80003708	00000013	addi	x0,x0,0	  x0:0x00000000
       27665000	      2765	8000370c	0340026f	jal	x4,8000370c	  x4=0x8000370c
       27675000	      2766	00000000	00000013	addi	x0,x0,0	  x0:0x00000000
       27685000	      2767	8000373c	00000013	addi	x0,x0,0	  x0:0x00000000
       27695000	      2768	80003740	fbdff0ef	jal	x1,80003740	  x1=0x80003740
       27705000	      2769	00000000	00000013	addi	x0,x0,0	  x0:0x00000000
       27715000	      2770	800036f8	00000013	addi	x0,x0,0	  x0:0x00000000
       27725000	      2771	800036fc	03c000ef	jal	x1,800036fc	  x1=0x800036fc
       27735000	      2772	00000000	00000013	addi	x0,x0,0	  x0:0x00000000
       27745000	      2773	80003734	00000013	addi	x0,x0,0	  x0:0x00000000
       27755000	      2774	80003738	fbdff0ef	jal	x1,80003738	  x1=0x80003738
       27765000	      2775	00000000	00000013	addi	x0,x0,0	  x0:0x00000000
       27775000	      2776	800036f0	00000013	addi	x0,x0,0	  x0:0x00000000
       27785000	      2777	800036f4	004000ef	jal	x1,800036f4	  x1=0x800036f4
       27795000	      2778	00000000	00000013	addi	x0,x0,0	  x0:0x00000000
       27805000	      2779	800036f4	00000013	addi	x0,x0,0	  x0:0x00000000
       27815000	      2780	800036f8	ff5ff7ef	jal	x15,800036f8	 x15=0x800036f8
       27825000	      2781	00000000	00000013	addi	x0,x0,0	  x0:0x00000000
       27835000	      2782	800036e8	00000013	addi	x0,x0,0	  x0:0x00000000
       27845000	      2783	800036ec	ff1ff1ef	jal	x3,800036ec	  x3=0x800036ec
       27855000	      2784	00000000	00000013	addi	x0,x0,0	  x0:0x00000000
       27865000	      2785	800036d8	00000013	addi	x0,x0,0	  x0:0x00000000
       27875000	      2786	800036dc	028000ef	jal	x1,800036dc	  x1=0x800036dc
       27885000	      2787	00000000	00000013	addi	x0,x0,0	  x0:0x00000000
       27895000	      2788	80003700	00000013	addi	x0,x0,0	  x0:0x00000000
       27905000	      2789	80003704	01c0086f	jal	x16,80003704	 x16=0x80003704
       27915000	      2790	00000000	00000013	addi	x0,x0,0	  x0:0x00000000
       27925000	      2791	8000371c	00000013	addi	x0,x0,0	  x0:0x00000000
       27935000	      2792	80003720	ff9ff0ef	jal	x1,80003720	  x1=0x80003720
       27945000	      2793	00000000	00000013	addi	x0,x0,0	  x0:0x00000000
       27955000	      2794	80003714	00000013	addi	x0,x0,0	  x0:0x00000000
       27965000	      2795	80003718	01c002ef	jal	x5,80003718	  x5=0x80003718
       27975000	      2796	00000000	00000013	addi	x0,x0,0	  x0:0x00000000
       27985000	      2797	80003730	00000013	addi	x0,x0,0	  x0:0x00000000
       27995000	      2798	80003734	ffdff36f	jal	x6,80003734	  x6=0x80003734
       28005000	      2799	00000000	00000013	addi	x0,x0,0	  x0:0x00000000
       28015000	      2800	8000372c	00000013	addi	x0,x0,0	  x0:0x00000000
       28025000	      2801	80003730	fb1ff16f	jal	x2,80003730	  x2=0x80003730
       28035000	      2802	00000000	00000013	addi	x0,x0,0	  x0:0x00000000
       28045000	      2803	800036dc	00000013	addi	x0,x0,0	  x0:0x00000000
       28055000	      2804	800036e0	05c0036f	jal	x6,800036e0	  x6=0x800036e0
       28065000	      2805	00000000	00000013	addi	x0,x0,0	  x0:0x00000000
       28075000	      2806	80003738	00000013	addi	x0,x0,0	  x0:0x00000000
       28085000	      2807	8000373c	fadff0ef	jal	x1,8000373c	  x1=0x8000373c
       28095000	      2808	00000000	00000013	addi	x0,x0,0	  x0:0x00000000
       28105000	      2809	800036e4	00000013	addi	x0,x0,0	  x0:0x00000000
       28115000	      2810	800036e8	018000ef	jal	x1,800036e8	  x1=0x800036e8
       28125000	      2811	00000000	00000013	addi	x0,x0,0	  x0:0x00000000
       28135000	      2812	800036fc	00000013	addi	x0,x0,0	  x0:0x00000000
       28145000	      2813	80003700	008000ef	jal	x1,80003700	  x1=0x80003700
       28155000	      2814	00000000	00000013	addi	x0,x0,0	  x0:0x00000000
       28165000	      2815	80003704	00000013	addi	x0,x0,0	  x0:0x00000000
       28175000	      2816	80003708	01c000ef	jal	x1,80003708	  x1=0x80003708
       28185000	      2817	00000000	00000013	addi	x0,x0,0	  x0:0x00000000
       28195000	      2818	80003720	00000013	addi	x0,x0,0	  x0:0x00000000
       28205000	      2819	80003724	ff9ff16f	jal	x2,80003724	  x2=0x80003724
       28215000	      2820	00000000	00000013	addi	x0,x0,0	  x0:0x00000000
       28225000	      2821	80003718	00000013	addi	x0,x0,0	  x0:0x00000000
       28235000	      2822	8000371c	fd5ff0ef	jal	x1,8000371c	  x1=0x8000371c
       28245000	      2823	00000000	00000013	addi	x0,x0,0	  x0:0x00000000
       28255000	      2824	800036ec	00000013	addi	x0,x0,0	  x0:0x00000000
       28265000	      2825	800036f0	038000ef	jal	x1,800036f0	  x1=0x800036f0
       28275000	      2826	00000000	00000013	addi	x0,x0,0	  x0:0x00000000
       28285000	      2827	80003724	00000013	addi	x0,x0,0	  x0:0x00000000
       28295000	      2828	80003728	01c0036f	jal	x6,80003728	  x6=0x80003728
       28305000	      2829	00000000	00000013	addi	x0,x0,0	  x0:0x00000000
       28315000	      2830	80003740	00000013	addi	x0,x0,0	  x0:0x00000000
       28325000	      2831	80003744	0015d533	srl	x10,x11,x1	 x11:0x800036cc  x1:0x800036f0 x10=0x00008000
       28335000	      2832	80003748	22486e97	auipc	x29,0x22486	 x29=0xa2489744
       28345000	      2833	8000374c	03a05c63	bge	x0,x26,80003784	  x0:0x00000000 x26:0x80003694
       28355000	      2834	00000000	00000013	addi	x0,x0,0	  x0:0x00000000
       28365000	      2835	80003780	00000013	addi	x0,x0,0	  x0:0x00000000
       28375000	      2836	80003784	006efab3	and	x21,x29,x6	 x29:0xa2489744  x6:0x80003728 x21=0x80001700
       28385000	      2837	80003788	00a96433	or	x8,x18,x10	 x18:0x800036b4 x10:0x00008000  x8=0x8000b6b4
       28395000	      2838	8000378c	002bcf33	xor	x30,x23,x2	 x23:0x800035d4  x2:0x80003724 x30=0x000002f0
       28405000	      2839	80003790	05b55063	bge	x10,x27,800037d0	 x10:0x00008000 x27:0x8000367c
       28415000	      2840	00000000	00000013	addi	x0,x0,0	  x0:0x00000000
       28425000	      2841	800037cc	00000013	addi	x0,x0,0	  x0:0x00000000
       28435000	      2842	800037d0	c4914513	xori	x10,x2,-951	  x2:0x80003724 x10=0x7fffcb6d
       28445000	      2843	800037d4	04b38b93	addi	x23,x7,75	  x7:0x800034e0 x23=0x8000352b
       28455000	      2844	800037d8	347fc593	xori	x11,x31,839	 x31:0x80003644 x11=0x80003503
       28465000	      2845	800037dc	00d32433	slt	x8,x6,x13	  x6:0x80003728 x13:0x00000000  x8=0x00000001
       28475000	      2846	800037e0	7fa6ab93	slti	x23,x13,2042	 x13:0x00000000 x23=0x00000001
       28485000	      2847	800037e4	8d1ec613	xori	x12,x29,-1839	 x29:0xa2489744 x12=0x5db76f95
       28495000	      2848	800037e8	1e437413	andi	x8,x6,484	  x6:0x80003728  x8=0x00000120
       28505000	      2849	800037ec	00345463	bge	x8,x3,800037f4	  x8:0x00000120  x3:0x800036ec
       28515000	      2850	00000000	00000013	addi	x0,x0,0	  x0:0x00000000
       28525000	      2851	800037f0	00000013	addi	x0,x0,0	  x0:0x00000000
       28535000	      2852	800037f4	79c66193	ori	x3,x12,1948	 x12:0x5db76f95  x3=0x5db76f9d
       28545000	      2853	800037f8	17972a17	auipc	x20,0x17972	 x20=0x979757f4
       28555000	      2854	800037fc	00000013	addi	x0,x0,0	  x0:0x00000000
       28565000	      2855	80003800	0007c2b3	xor	x5,x15,x0	 x15:0x800036f8  x0:0x00000000  x5=0x800036f8
       28575000	      2856	80003804	0018bab3	sltu	x21,x17,x1	 x17:0x80009fc4  x1:0x800036f0 x21=0x00000000
       28585000	      2857	80003808	41acd113	srai	x2,x25,0x1a	 x25:0x800036d8  x2=0xffffffe0
       28595000	      2858	8000380c	6b5acf17	auipc	x30,0x6b5ac	 x30=0xeb5af808
       28605000	      2859	80003810	025fec63	bltu	x31,x5,80003848	 x31:0x80003644  x5:0x800036f8
       28615000	      2860	00000000	00000013	addi	x0,x0,0	  x0:0x00000000
       28625000	      2861	80003844	00000013	addi	x0,x0,0	  x0:0x00000000
       28635000	      2862	80003848	01068733	add	x14,x13,x16	 x13:0x00000000 x16:0x80003704 x14=0x80003704
       28645000	      2863	8000384c	002122b3	slt	x5,x2,x2	  x2:0xffffffe0  x2:0xffffffe0  x5=0x00000000
       28655000	      2864	80003850	fc2e7393	andi	x7,x28,-62	 x28:0xd4000000  x7=0xd4000000
       28665000	      2865	80003854	02885263	bge	x16,x8,80003878	 x16:0x80003704  x8:0x00000120
       28675000	      2866	80003858	0322fc63	bgeu	x5,x18,80003890	  x5:0x00000000 x18:0x800036b4
       28685000	      2867	8000385c	010d9c63	bne	x27,x16,80003874	 x27:0x8000367c x16:0x80003704
       28695000	      2868	00000000	00000013	addi	x0,x0,0	  x0:0x00000000
       28705000	      2869	80003870	00000013	addi	x0,x0,0	  x0:0x00000000
       28715000	      2870	80003874	40138333	sub	x6,x7,x1	  x7:0xd4000000  x1:0x800036f0  x6=0x53ffc910
       28725000	      2871	80003878	00000013	addi	x0,x0,0	  x0:0x00000000
       28735000	      2872	8000387c	00f469b3	or	x19,x8,x15	  x8:0x00000120 x15:0x800036f8 x19=0x800037f8
       28745000	      2873	80003880	015a9f93	slli	x31,x21,0x15	 x21:0x00000000 x31=0x00000000
       28755000	      2874	80003884	02e5d663	bge	x11,x14,800038b0	 x11:0x80003503 x14:0x80003704
       28765000	      2875	80003888	00528133	add	x2,x5,x5	  x5:0x00000000  x5:0x00000000  x2=0x00000000
       28775000	      2876	8000388c	01d6d613	srli	x12,x13,0x1d	 x13:0x00000000 x12=0x00000000
       28785000	      2877	80003890	40975633	sra	x12,x14,x9	 x14:0x80003704  x9:0xffffffba x12=0xffffffe0
       28795000	      2878	80003894	0054bcb3	sltu	x25,x9,x5	  x9:0xffffffba  x5:0x00000000 x25=0x00000000
       28805000	      2879	80003898	01659f33	sll	x30,x11,x22	 x11:0x80003503 x22:0xec172dda x30=0x0c000000
       28815000	      2880	8000389c	01b2ce63	blt	x5,x27,800038b8	  x5:0x00000000 x27:0x8000367c
       28825000	      2881	800038a0	87eda193	slti	x3,x27,-1922	 x27:0x8000367c  x3=0x00000001
       28835000	      2882	800038a4	4085da33	sra	x20,x11,x8	 x11:0x80003503  x8:0x00000120 x20=0x80003503
       28845000	      2883	800038a8	02c37e63	bgeu	x6,x12,800038e4	  x6:0x53ffc910 x12:0xffffffe0
       28855000	      2884	800038ac	01e31713	slli	x14,x6,0x1e	  x6:0x53ffc910 x14=0x00000000
       28865000	      2885	800038b0	0136e863	bltu	x13,x19,800038c0	 x13:0x00000000 x19:0x800037f8
       28875000	      2886	00000000	00000013	addi	x0,x0,0	  x0:0x00000000
       28885000	      2887	800038bc	00000013	addi	x0,x0,0	  x0:0x00000000
       28895000	      2888	800038c0	00f54933	xor	x18,x10,x15	 x10:0x7fffcb6d x15:0x800036f8 x18=0xfffffd95
       28905000	      2889	800038c4	41f75a33	sra	x20,x14,x31	 x14:0x00000000 x31:0x00000000 x20=0x00000000
       28915000	      2890	800038c8	00e24c63	blt	x4,x14,800038e0	  x4:0x8000370c x14:0x00000000
       28925000	      2891	00000000	00000013	addi	x0,x0,0	  x0:0x00000000
       28935000	      2892	800038dc	00000013	addi	x0,x0,0	  x0:0x00000000
       28945000	      2893	800038e0	01087033	and	x0,x16,x16	 x16:0x80003704 x16:0x80003704
       28955000	      2894	800038e4	0150f4b3	and	x9,x1,x21	  x1:0x800036f0 x21:0x00000000  x9=0x00000000
       28965000	      2895	800038e8	018e5d13	srli	x26,x28,0x18	 x28:0xd4000000 x26=0x000000d4
       28975000	      2896	800038ec	018462b3	or	x5,x8,x24	  x8:0x00000120 x24:0x80009f70  x5=0x80009f70
       28985000	      2897	800038f0	01bedd93	srli	x27,x29,0x1b	 x29:0xa2489744 x27=0x00000014
       28995000	      2898	800038f4	03ade863	bltu	x27,x26,80003924	 x27:0x00000014 x26:0x000000d4
       29005000	      2899	00000000	00000013	addi	x0,x0,0	  x0:0x00000000
       29015000	      2900	80003920	00000013	addi	x0,x0,0	  x0:0x00000000
       29025000	      2901	80003924	41855cb3	sra	x25,x10,x24	 x10:0x7fffcb6d x24:0x80009f70 x25=0x00007fff
       29035000	      2902	80003928	b3508913	addi	x18,x1,-1227	  x1:0x800036f0 x18=0x80003225
       29045000	      2903	8000392c	4f008213	addi	x4,x1,1264	  x1:0x800036f0  x4=0x80003be0
       29055000	      2904	80003930	41590ab3	sub	x21,x18,x21	 x18:0x80003225 x21:0x00000000 x21=0x80003225
       29065000	      2905	80003934	00a6f863	bgeu	x13,x10,80003944	 x13:0x00000000 x10:0x7fffcb6d
       29075000	      2906	80003938	00d16eb3	or	x29,x2,x13	  x2:0x00000000 x13:0x00000000 x29=0x00000000
       29085000	      2907	8000393c	c2b8ce13	xori	x28,x17,-981	 x17:0x80009fc4 x28=0x7fff63ef
       29095000	      2908	80003940	00ff7463	bgeu	x30,x15,80003948	 x30:0x0c000000 x15:0x800036f8
       29105000	      2909	80003944	0004e833	or	x16,x9,x0	  x9:0x00000000  x0:0x00000000 x16=0x00000000
       29115000	      2910	80003948	419f0033	sub	x0,x30,x25	 x30:0x0c000000 x25:0x00007fff
       29125000	      2911	8000394c	01c6dc93	srli	x25,x13,0x1c	 x13:0x00000000 x25=0x00000000
       29135000	      2912	80003950	1a8da013	slti	x0,x27,424	 x27:0x00000014
       29145000	      2913	80003954	41195533	sra	x10,x18,x17	 x18:0x80003225 x17:0x80009fc4 x10=0xf8000322
       29155000	      2914	80003958	007fd833	srl	x16,x31,x7	 x31:0x00000000  x7:0xd4000000 x16=0x00000000
       29165000	      2915	8000395c	0e708313	addi	x6,x1,231	  x1:0x800036f0  x6=0x800037d7
       29175000	      2916	80003960	012fb833	sltu	x16,x31,x18	 x31:0x00000000 x18:0x80003225 x16=0x00000001
       29185000	      2917	80003964	595b0c93	addi	x25,x22,1429	 x22:0xec172dda x25=0xec17336f
       29195000	      2918	80003968	01ec81b3	add	x3,x25,x30	 x25:0xec17336f x30:0x0c000000  x3=0xf817336f
       29205000	      2919	8000396c	0574f263	bgeu	x9,x23,800039b0	  x9:0x00000000 x23:0x00000001
       29215000	      2920	80003970	81cb1537	lui	x10,0x81cb1	 x10=0x81cb1000
       29225000	      2921	80003974	000beeb3	or	x29,x23,x0	 x23:0x00000001  x0:0x00000000 x29=0x00000001
       29235000	      2922	80003978	12b80713	addi	x14,x16,299	 x16:0x00000001 x14=0x0000012c
       29245000	      2923	8000397c	4cb13a93	sltiu	x21,x2,1227	  x2:0x00000000 x21=0x00000001
       29255000	      2924	80003980	12176213	ori	x4,x14,289	 x14:0x0000012c  x4=0x0000012d
       29265000	      2925	80003984	0178b433	sltu	x8,x17,x23	 x17:0x80009fc4 x23:0x00000001  x8=0x00000000
       29275000	      2926	80003988	0184de93	srli	x29,x9,0x18	  x9:0x00000000 x29=0x00000000
       29285000	      2927	8000398c	015a7733	and	x14,x20,x21	 x20:0x00000000 x21:0x00000001 x14=0x00000000
       29295000	      2928	80003990	03909463	bne	x1,x25,800039b8	  x1:0x800036f0 x25:0xec17336f
       29305000	      2929	00000000	00000013	addi	x0,x0,0	  x0:0x00000000
       29315000	      2930	800039b4	00000013	addi	x0,x0,0	  x0:0x00000000
       29325000	      2931	800039b8	9bd8a313	slti	x6,x17,-1603	 x17:0x80009fc4  x6=0x00000001
       29335000	      2932	800039bc	00c91f33	sll	x30,x18,x12	 x18:0x80003225 x12:0xffffffe0 x30=0x80003225
       29345000	      2933	800039c0	027d9863	bne	x27,x7,800039f0	 x27:0x00000014  x7:0xd4000000
       29355000	      2934	00000000	00000013	addi	x0,x0,0	  x0:0x00000000
       29365000	      2935	800039ec	00000013	addi	x0,x0,0	  x0:0x00000000
       29375000	      2936	800039f0	018e3933	sltu	x18,x28,x24	 x28:0x7fff63ef x24:0x80009f70 x18=0x00000001
       29385000	      2937	800039f4	01152833	slt	x16,x10,x17	 x10:0x81cb1000 x17:0x80009fc4 x16=0x00000000
       29395000	      2938	800039f8	012ddbb3	srl	x23,x27,x18	 x27:0x00000014 x18:0x00000001 x23=0x0000000a
       29405000	      2939	800039fc	02d1f263	bgeu	x3,x13,80003a20	  x3:0xf817336f x13:0x00000000
       29415000	      2940	00000000	00000013	addi	x0,x0,0	  x0:0x00000000
       29425000	      2941	80003a1c	00000013	addi	x0,x0,0	  x0:0x00000000
       29435000	      2942	80003a20	01441293	slli	x5,x8,0x14	  x8:0x00000000  x5=0x00000000
       29445000	      2943	80003a24	414150b3	sra	x1,x2,x20	  x2:0x00000000 x20:0x00000000  x1=0x00000000
       29455000	      2944	80003a28	0042c233	xor	x4,x5,x4	  x5:0x00000000  x4:0x0000012d  x4=0x0000012d
       29465000	      2945	80003a2c	009f3433	sltu	x8,x30,x9	 x30:0x80003225  x9:0x00000000  x8=0x00000000
       29475000	      2946	80003a30	87804f13	xori	x30,x0,-1928	  x0:0x00000000 x30=0xfffff878
       29485000	      2947	80003a34	015857b3	srl	x15,x16,x21	 x16:0x00000000 x21:0x00000001 x15=0x00000000
       29495000	      2948	80003a38	016f70b3	and	x1,x30,x22	 x30:0xfffff878 x22:0xec172dda  x1=0xec172858
       29505000	      2949	80003a3c	054ad263	bge	x21,x20,80003a80	 x21:0x00000001 x20:0x00000000
       29515000	      2950	00000000	00000013	addi	x0,x0,0	  x0:0x00000000
       29525000	      2951	80003a7c	00000013	addi	x0,x0,0	  x0:0x00000000
       29535000	      2952	80003a80	038d6063	bltu	x26,x24,80003aa0	 x26:0x000000d4 x24:0x80009f70
       29545000	      2953	00000000	00000013	addi	x0,x0,0	  x0:0x00000000
       29555000	      2954	80003a9c	00000013	addi	x0,x0,0	  x0:0x00000000
       29565000	      2955	80003aa0	3812f193	andi	x3,x5,897	  x5:0x00000000  x3=0x00000000
       29575000	      2956	80003aa4	01c71863	bne	x14,x28,80003ab4	 x14:0x00000000 x28:0x7fff63ef
       29585000	      2957	00000000	00000013	addi	x0,x0,0	  x0:0x00000000
       29595000	      2958	80003ab0	00000013	addi	x0,x0,0	  x0:0x00000000
       29605000	      2959	80003ab4	00bdc933	xor	x18,x27,x11	 x27:0x00000014 x11:0x80003503 x18=0x80003517
       29615000	      2960	80003ab8	017c8db3	add	x27,x25,x23	 x25:0xec17336f x23:0x0000000a x27=0xec173379
       29625000	      2961	80003abc	00000013	addi	x0,x0,0	  x0:0x00000000
       29635000	      2962	80003ac0	401f03b3	sub	x7,x30,x1	 x30:0xfffff878  x1:0xec172858  x7=0x13e8d020
       29645000	      2963	80003ac4	01784863	blt	x16,x23,80003ad4	 x16:0x00000000 x23:0x0000000a
       29655000	      2964	00000000	00000013	addi	x0,x0,0	  x0:0x00000000
       29665000	      2965	80003ad0	00000013	addi	x0,x0,0	  x0:0x00000000
       29675000	      2966	80003ad4	00bd8a63	beq	x27,x11,80003ae8	 x27:0xec173379 x11:0x80003503
       29685000	      2967	80003ad8	017f3eb7	lui	x29,0x17f3	 x29=0x017f3000
       29695000	      2968	80003adc	005ea533	slt	x10,x29,x5	 x29:0x017f3000  x5:0x00000000 x10=0x00000000
       29705000	      2969	80003ae0	073c3d13	sltiu	x26,x24,115	 x24:0x80009f70 x26=0x00000000
       29715000	      2970	80003ae4	40a75b93	srai	x23,x14,0xa	 x14:0x00000000 x23=0x00000000
       29725000	      2971	80003ae8	ccc6b793	sltiu	x15,x13,-820	 x13:0x00000000 x15=0x00000001
       29735000	      2972	80003aec	88236193	ori	x3,x6,-1918	  x6:0x00000001  x3=0xfffff883
       29745000	      2973	80003af0	00fdb533	sltu	x10,x27,x15	 x27:0xec173379 x15:0x00000001 x10=0x00000000
       29755000	      2974	80003af4	00fb5f13	srli	x30,x22,0xf	 x22:0xec172dda x30=0x0001d82e
       29765000	      2975	80003af8	e2331117	auipc	x2,0xe2331	  x2=0x62334af4
       29775000	      2976	80003afc	40db5213	srai	x4,x22,0xd	 x22:0xec172dda  x4=0xffff60b9
       29785000	      2977	80003b00	01fb1813	slli	x16,x22,0x1f	 x22:0xec172dda x16=0x00000000
       29795000	      2978	80003b04	047ff863	bgeu	x31,x7,80003b54	 x31:0x00000000  x7:0x13e8d020
       29805000	      2979	80003b08	8b6913b7	lui	x7,0x8b691	  x7=0x8b691000
       29815000	      2980	80003b0c	032e5863	bge	x28,x18,80003b3c	 x28:0x7fff63ef x18:0x80003517
       29825000	      2981	00000000	00000013	addi	x0,x0,0	  x0:0x00000000
       29835000	      2982	80003b38	00000013	addi	x0,x0,0	  x0:0x00000000
       29845000	      2983	80003b3c	000ff733	and	x14,x31,x0	 x31:0x00000000  x0:0x00000000 x14=0x00000000
       29855000	      2984	80003b40	56e42813	slti	x16,x8,1390	  x8:0x00000000 x16=0x00000001
       29865000	      2985	80003b44	00000013	addi	x0,x0,0	  x0:0x00000000
       29875000	      2986	80003b48	0348da63	bge	x17,x20,80003b7c	 x17:0x80009fc4 x20:0x00000000
       29885000	      2987	80003b4c	4052d433	sra	x8,x5,x5	  x5:0x00000000  x5:0x00000000  x8=0x00000000
       29895000	      2988	80003b50	0038d463	bge	x17,x3,80003b58	 x17:0x80009fc4  x3:0xfffff883
       29905000	      2989	80003b54	00c49e63	bne	x9,x12,80003b70	  x9:0x00000000 x12:0xffffffe0
       29915000	      2990	00000000	00000013	addi	x0,x0,0	  x0:0x00000000
       29925000	      2991	80003b6c	00000013	addi	x0,x0,0	  x0:0x00000000
       29935000	      2992	80003b70	d5198d13	addi	x26,x19,-687	 x19:0x800037f8 x26=0x80003549
       29945000	      2993	80003b74	019b6f33	or	x30,x22,x25	 x22:0xec172dda x25:0xec17336f x30=0xec173fff
       29955000	      2994	80003b78	01dc8463	beq	x25,x29,80003b80	 x25:0xec17336f x29:0x017f3000
       29965000	      2995	80003b7c	00265693	srli	x13,x12,0x2	 x12:0xffffffe0 x13=0x3ffffff8
       29975000	      2996	80003b80	00ac7663	bgeu	x24,x10,80003b8c	 x24:0x80009f70 x10:0x00000000
       29985000	      2997	00000000	00000013	addi	x0,x0,0	  x0:0x00000000
       29995000	      2998	80003b88	00000013	addi	x0,x0,0	  x0:0x00000000
       30005000	      2999	80003b8c	03f90c63	beq	x18,x31,80003bc4	 x18:0x80003517 x31:0x00000000
       30015000	      3000	80003b90	01291013	slli	x0,x18,0x12	 x18:0x80003517
       30025000	      3001	80003b94	8055ed13	ori	x26,x11,-2043	 x11:0x80003503 x26=0xfffffd07
       30035000	      3002	80003b98	bb5ce393	ori	x7,x25,-1099	 x25:0xec17336f  x7=0xfffffbff
       30045000	      3003	80003b9c	727ac213	xori	x4,x21,1831	 x21:0x00000001  x4=0x00000726
       30055000	      3004	80003ba0	0246c663	blt	x13,x4,80003bcc	 x13:0x3ffffff8  x4:0x00000726
       30065000	      3005	80003ba4	2bdc3d93	sltiu	x27,x24,701	 x24:0x80009f70 x27=0x00000000
       30075000	      3006	80003ba8	01c1beb3	sltu	x29,x3,x28	  x3:0xfffff883 x28:0x7fff63ef x29=0x00000000
       30085000	      3007	80003bac	00bed333	srl	x6,x29,x11	 x29:0x00000000 x11:0x80003503  x6=0x00000000
       30095000	      3008	80003bb0	018813b3	sll	x7,x16,x24	 x16:0x00000001 x24:0x80009f70  x7=0x00010000
       30105000	      3009	80003bb4	014fec63	bltu	x31,x20,80003bcc	 x31:0x00000000 x20:0x00000000
       30115000	      3010	80003bb8	401a83b3	sub	x7,x21,x1	 x21:0x00000001  x1:0xec172858  x7=0x13e8d7a9
       30125000	      3011	80003bbc	4190d733	sra	x14,x1,x25	  x1:0xec172858 x25:0xec17336f x14=0xffffd82e
       30135000	      3012	80003bc0	622dca93	xori	x21,x27,1570	 x27:0x00000000 x21=0x00000622
       30145000	      3013	80003bc4	4a3af193	andi	x3,x21,1187	 x21:0x00000622  x3=0x00000422
       30155000	      3014	80003bc8	41115cb3	sra	x25,x2,x17	  x2:0x62334af4 x17:0x80009fc4 x25=0x062334af
       30165000	      3015	80003bcc	00b11eb3	sll	x29,x2,x11	  x2:0x62334af4 x11:0x80003503 x29=0x119a57a0
       30175000	      3016	80003bd0	404285b3	sub	x11,x5,x4	  x5:0x00000000  x4:0x00000726 x11=0xfffff8da
       30185000	      3017	80003bd4	41e255b3	sra	x11,x4,x30	  x4:0x00000726 x30:0xec173fff x11=0x00000000
       30195000	      3018	80003bd8	00eeba33	sltu	x20,x29,x14	 x29:0x119a57a0 x14:0xffffd82e x20=0x00000001
       30205000	      3019	80003bdc	01dc47b3	xor	x15,x24,x29	 x24:0x80009f70 x29:0x119a57a0 x15=0x919ac8d0
       30215000	      3020	80003be0	00000013	addi	x0,x0,0	  x0:0x00000000
       30225000	      3021	80003be4	01551033	sll	x0,x10,x21	 x10:0x00000000 x21:0x00000622
       30235000	      3022	80003be8	01297c63	bgeu	x18,x18,80003c00	 x18:0x80003517 x18:0x80003517
       30245000	      3023	00000000	00000013	addi	x0,x0,0	  x0:0x00000000
       30255000	      3024	80003bfc	00000013	addi	x0,x0,0	  x0:0x00000000
       30265000	      3025	80003c00	1b524113	xori	x2,x4,437	  x4:0x00000726  x2=0x00000693
       30275000	      3026	80003c04	cffe2c93	slti	x25,x28,-769	 x28:0x7fff63ef x25=0x00000000
       30285000	      3027	80003c08	01325e63	bge	x4,x19,80003c24	  x4:0x00000726 x19:0x800037f8
       30295000	      3028	00000000	00000013	addi	x0,x0,0	  x0:0x00000000
       30305000	      3029	80003c20	00000013	addi	x0,x0,0	  x0:0x00000000
       30315000	      3030	80003c24	0852af93	slti	x31,x5,133	  x5:0x00000000 x31=0x00000001
       30325000	      3031	80003c28	1fc41837	lui	x16,0x1fc41	 x16=0x1fc41000
       30335000	      3032	80003c2c	60c80d13	addi	x26,x16,1548	 x16:0x1fc41000 x26=0x1fc4160c
       30345000	      3033	80003c30	0108c9b3	xor	x19,x17,x16	 x17:0x80009fc4 x16:0x1fc41000 x19=0x9fc48fc4
       30355000	      3034	80003c34	40a55733	sra	x14,x10,x10	 x10:0x00000000 x10:0x00000000 x14=0x00000000
       30365000	      3035	80003c38	da008393	addi	x7,x1,-608	  x1:0xec172858  x7=0xec1725f8
       30375000	      3036	80003c3c	da822093	slti	x1,x4,-600	  x4:0x00000726  x1=0x00000000
       30385000	      3037	80003c40	015a41b3	xor	x3,x20,x21	 x20:0x00000001 x21:0x00000622  x3=0x00000623
       30395000	      3038	80003c44	00d6cf33	xor	x30,x13,x13	 x13:0x3ffffff8 x13:0x3ffffff8 x30=0x00000000
       30405000	      3039	80003c48	402651b3	sra	x3,x12,x2	 x12:0xffffffe0  x2:0x00000693  x3=0xffffffff
       30415000	      3040	80003c4c	01786833	or	x16,x16,x23	 x16:0x1fc41000 x23:0x00000000 x16=0x1fc41000
       30425000	      3041	80003c50	ba660613	addi	x12,x12,-1114	 x12:0xffffffe0 x12=0xfffffb86
       30435000	      3042	80003c54	504a0617	auipc	x12,0x504a0	 x12=0xd04a3c50
       30445000	      3043	80003c58	00379cb3	sll	x25,x15,x3	 x15:0x919ac8d0  x3:0xffffffff x25=0x00000000
       30455000	      3044	80003c5c	00000013	addi	x0,x0,0	  x0:0x00000000
       30465000	      3045	80003c60	01565ab3	srl	x21,x12,x21	 x12:0xd04a3c50 x21:0x00000622 x21=0x34128f14
       30475000	      3046	80003c64	0ce1e513	ori	x10,x3,206	  x3:0xffffffff x10=0xffffffff
       30485000	      3047	80003c68	614f2493	slti	x9,x30,1556	 x30:0x00000000  x9=0x00000001
       30495000	      3048	80003c6c	00d20c63	beq	x4,x13,80003c84	  x4:0x00000726 x13:0x3ffffff8
       30505000	      3049	80003c70	0105e1b3	or	x3,x11,x16	 x11:0x00000000 x16:0x1fc41000  x3=0x1fc41000
       30515000	      3050	80003c74	24a38813	addi	x16,x7,586	  x7:0xec1725f8 x16=0xec172842
       30525000	      3051	80003c78	00627033	and	x0,x4,x6	  x4:0x00000726  x6:0x00000000
       30535000	      3052	80003c7c	0327f463	bgeu	x15,x18,80003ca4	 x15:0x919ac8d0 x18:0x80003517
       30545000	      3053	00000000	00000013	addi	x0,x0,0	  x0:0x00000000
       30555000	      3054	80003ca0	00000013	addi	x0,x0,0	  x0:0x00000000
       30565000	      3055	80003ca4	00bb63b3	or	x7,x22,x11	 x22:0xec172dda x11:0x00000000  x7=0xec172dda
       30575000	      3056	80003ca8	95dd7093	andi	x1,x26,-1699	 x26:0x1fc4160c  x1=0x1fc4100c
       30585000	      3057	80003cac	40e0d033	sra	x0,x1,x14	  x1:0x1fc4100c x14:0x00000000
       30595000	      3058	80003cb0	029f5863	bge	x30,x9,80003ce0	 x30:0x00000000  x9:0x00000001
       30605000	      3059	80003cb4	00173e33	sltu	x28,x14,x1	 x14:0x00000000  x1:0x1fc4100c x28=0x00000001
       30615000	      3060	80003cb8	f99c7113	andi	x2,x24,-103	 x24:0x80009f70  x2=0x80009f10
       30625000	      3061	80003cbc	04c7d463	bge	x15,x12,80003d04	 x15:0x919ac8d0 x12:0xd04a3c50
       30635000	      3062	80003cc0	417c8a33	sub	x20,x25,x23	 x25:0x00000000 x23:0x00000000 x20=0x00000000
       30645000	      3063	80003cc4	40dadd13	srai	x26,x21,0xd	 x21:0x34128f14 x26=0x0001a094
       30655000	      3064	80003cc8	0943ee13	ori	x28,x7,148	  x7:0xec172dda x28=0xec172dde
       30665000	      3065	80003ccc	02c69863	bne	x13,x12,80003cfc	 x13:0x3ffffff8 x12:0xd04a3c50
       30675000	      3066	00000000	00000013	addi	x0,x0,0	  x0:0x00000000
       30685000	      3067	80003cf8	00000013	addi	x0,x0,0	  x0:0x00000000
       30695000	      3068	80003cfc	00f280b3	add	x1,x5,x15	  x5:0x00000000 x15:0x919ac8d0  x1=0x919ac8d0
       30705000	      3069	80003d00	00f534b3	sltu	x9,x10,x15	 x10:0xffffffff x15:0x919ac8d0  x9=0x00000000
       30715000	      3070	80003d04	ccc86993	ori	x19,x16,-820	 x16:0xec172842 x19=0xfffffcce
       30725000	      3071	80003d08	405cd213	srai	x4,x25,0x5	 x25:0x00000000  x4=0x00000000
       30735000	      3072	80003d0c	b8beea93	ori	x21,x29,-1141	 x29:0x119a57a0 x21=0xffffffab
       30745000	      3073	80003d10	7b692693	slti	x13,x18,1974	 x18:0x80003517 x13=0x00000001
       30755000	      3074	80003d14	03000cef	jal	x25,80003d14	 x25=0x80003d14
       30765000	      3075	00000000	00000013	addi	x0,x0,0	  x0:0x00000000
       30775000	      3076	80003d40	00000013	addi	x0,x0,0	  x0:0x00000000
       30785000	      3077	80003d44	ffdff0ef	jal	x1,80003d44	  x1=0x80003d44
       30795000	      3078	00000000	00000013	addi	x0,x0,0	  x0:0x00000000
       30805000	      3079	80003d3c	00000013	addi	x0,x0,0	  x0:0x00000000
       30815000	      3080	80003d40	fe5ff0ef	jal	x1,80003d40	  x1=0x80003d40
       30825000	      3081	00000000	00000013	addi	x0,x0,0	  x0:0x00000000
       30835000	      3082	80003d20	00000013	addi	x0,x0,0	  x0:0x00000000
       30845000	      3083	80003d24	004004ef	jal	x9,80003d24	  x9=0x80003d24
       30855000	      3084	00000000	00000013	addi	x0,x0,0	  x0:0x00000000
       30865000	      3085	80003d24	00000013	addi	x0,x0,0	  x0:0x00000000
       30875000	      3086	80003d28	010000ef	jal	x1,80003d28	  x1=0x80003d28
       30885000	      3087	00000000	00000013	addi	x0,x0,0	  x0:0x00000000
       30895000	      3088	80003d34	00000013	addi	x0,x0,0	  x0:0x00000000
       30905000	      3089	80003d38	fe5ffd6f	jal	x26,80003d38	 x26=0x80003d38
       30915000	      3090	00000000	00000013	addi	x0,x0,0	  x0:0x00000000
       30925000	      3091	80003d18	00000013	addi	x0,x0,0	  x0:0x00000000
       30935000	      3092	80003d1c	02c000ef	jal	x1,80003d1c	  x1=0x80003d1c
       30945000	      3093	00000000	00000013	addi	x0,x0,0	  x0:0x00000000
       30955000	      3094	80003d44	00000013	addi	x0,x0,0	  x0:0x00000000
       30965000	      3095	80003d48	fe5ff16f	jal	x2,80003d48	  x2=0x80003d48
       30975000	      3096	00000000	00000013	addi	x0,x0,0	  x0:0x00000000
       30985000	      3097	80003d28	00000013	addi	x0,x0,0	  x0:0x00000000
       30995000	      3098	80003d2c	0040036f	jal	x6,80003d2c	  x6=0x80003d2c
       31005000	      3099	00000000	00000013	addi	x0,x0,0	  x0:0x00000000
       31015000	      3100	80003d2c	00000013	addi	x0,x0,0	  x0:0x00000000
       31025000	      3101	80003d30	0040096f	jal	x18,80003d30	 x18=0x80003d30
       31035000	      3102	00000000	00000013	addi	x0,x0,0	  x0:0x00000000
       31045000	      3103	80003d30	00000013	addi	x0,x0,0	  x0:0x00000000
       31055000	      3104	80003d34	00800f6f	jal	x30,80003d34	 x30=0x80003d34
       31065000	      3105	00000000	00000013	addi	x0,x0,0	  x0:0x00000000
       31075000	      3106	80003d38	00000013	addi	x0,x0,0	  x0:0x00000000
       31085000	      3107	80003d3c	fe5ff5ef	jal	x11,80003d3c	 x11=0x80003d3c
       31095000	      3108	00000000	00000013	addi	x0,x0,0	  x0:0x00000000
       31105000	      3109	80003d1c	00000013	addi	x0,x0,0	  x0:0x00000000
       31115000	      3110	80003d20	ff9ffbef	jal	x23,80003d20	 x23=0x80003d20
       31125000	      3111	00000000	00000013	addi	x0,x0,0	  x0:0x00000000
       31135000	      3112	80003d14	00000013	addi	x0,x0,0	  x0:0x00000000
       31145000	      3113	80003d18	03400e6f	jal	x28,80003d18	 x28=0x80003d18
       31155000	      3114	00000000	00000013	addi	x0,x0,0	  x0:0x00000000
       31165000	      3115	80003d48	00000013	addi	x0,x0,0	  x0:0x00000000
       31175000	      3116	80003d4c	012c25b3	slt	x11,x24,x18	 x24:0x80009f70 x18:0x80003d30 x11=0x00000000
       31185000	      3117	80003d50	470afa13	andi	x20,x21,1136	 x21:0xffffffab x20=0x00000420
       31195000	      3118	80003d54	d043e993	ori	x19,x7,-764	  x7:0xec172dda x19=0xfffffdde
       31205000	      3119	80003d58	c8fdb093	sltiu	x1,x27,-881	 x27:0x00000000  x1=0x00000001
       31215000	      3120	80003d5c	6a7acf97	auipc	x31,0x6a7ac	 x31=0xea7afd58
       31225000	      3121	80003d60	03a16263	bltu	x2,x26,80003d84	  x2:0x80003d48 x26:0x80003d38
       31235000	      3122	80003d64	413a5013	srai	x0,x20,0x13	 x20:0x00000420
       31245000	      3123	80003d68	75b3a713	slti	x14,x7,1883	  x7:0xec172dda x14=0x00000001
       31255000	      3124	80003d6c	02edec63	bltu	x27,x14,80003da4	 x27:0x00000000 x14:0x00000001
       31265000	      3125	00000000	00000013	addi	x0,x0,0	  x0:0x00000000
       31275000	      3126	80003da0	00000013	addi	x0,x0,0	  x0:0x00000000
       31285000	      3127	80003da4	709f7a13	andi	x20,x30,1801	 x30:0x80003d34 x20=0x00000500
       31295000	      3128	80003da8	01d4c233	xor	x4,x9,x29	  x9:0x80003d24 x29:0x119a57a0  x4=0x919a6a84
       31305000	      3129	80003dac	00c1ef33	or	x30,x3,x12	  x3:0x1fc41000 x12:0xd04a3c50 x30=0xdfce3c50
       31315000	      3130	80003db0	011e8333	add	x6,x29,x17	 x29:0x119a57a0 x17:0x80009fc4  x6=0x919af764
       31325000	      3131	80003db4	41e58533	sub	x10,x11,x30	 x11:0x00000000 x30:0xdfce3c50 x10=0x2031c3b0
       31335000	      3132	80003db8	452f3437	lui	x8,0x452f3	  x8=0x452f3000
       31345000	      3133	80003dbc	01c2b933	sltu	x18,x5,x28	  x5:0x00000000 x28:0x80003d18 x18=0x00000001
       31355000	      3134	80003dc0	004c1833	sll	x16,x24,x4	 x24:0x80009f70  x4:0x919a6a84 x16=0x0009f700
       31365000	      3135	80003dc4	01658833	add	x16,x11,x22	 x11:0x00000000 x22:0xec172dda x16=0xec172dda
       31375000	      3136	80003dc8	77256f13	ori	x30,x10,1906	 x10:0x2031c3b0 x30=0x2031c7f2
       31385000	      3137	80003dcc	041ad063	bge	x21,x1,80003e0c	 x21:0xffffffab  x1:0x00000001
       31395000	      3138	80003dd0	004cd313	srli	x6,x25,0x4	 x25:0x80003d14  x6=0x080003d1
       31405000	      3139	80003dd4	0172e533	or	x10,x5,x23	  x5:0x00000000 x23:0x80003d20 x10=0x80003d20
       31415000	      3140	80003dd8	cffc3513	sltiu	x10,x24,-769	 x24:0x80009f70 x10=0x00000001
       31425000	      3141	80003ddc	01207663	bgeu	x0,x18,80003de8	  x0:0x00000000 x18:0x00000001
       31435000	      3142	80003de0	f598e6b7	lui	x13,0xf598e	 x13=0xf598e000
       31445000	      3143	80003de4	00e4bd33	sltu	x26,x9,x14	  x9:0x80003d24 x14:0x00000001 x26=0x00000000
       31455000	      3144	80003de8	01fb8463	beq	x23,x31,80003df0	 x23:0x80003d20 x31:0xea7afd58
       31465000	      3145	80003dec	051b8863	beq	x23,x17,80003e3c	 x23:0x80003d20 x17:0x80009fc4
       31475000	      3146	80003df0	012aa5b3	slt	x11,x21,x18	 x21:0xffffffab x18:0x00000001 x11=0x00000001
       31485000	      3147	80003df4	002983b3	add	x7,x19,x2	 x19:0xfffffdde  x2:0x80003d48  x7=0x80003b26
       31495000	      3148	80003df8	4075d133	sra	x2,x11,x7	 x11:0x00000001  x7:0x80003b26  x2=0x00000000
       31505000	      3149	80003dfc	8933dc97	auipc	x25,0x8933d	 x25=0x09340df8
       31515000	      3150	80003e00	02ebd063	bge	x23,x14,80003e20	 x23:0x80003d20 x14:0x00000001
       31525000	      3151	80003e04	532e0b93	addi	x23,x28,1330	 x28:0x80003d18 x23=0x8000424a
       31535000	      3152	80003e08	a353ca13	xori	x20,x7,-1483	  x7:0x80003b26 x20=0x7fffc113
       31545000	      3153	80003e0c	01808033	add	x0,x1,x24	  x1:0x00000001 x24:0x80009f70
       31555000	      3154	80003e10	d2614c93	xori	x25,x2,-730	  x2:0x00000000 x25=0xfffffd26
       31565000	      3155	80003e14	406ade13	srai	x28,x21,0x6	 x21:0xffffffab x28=0xfffffffe
       31575000	      3156	80003e18	f1ab0113	addi	x2,x22,-230	 x22:0xec172dda  x2=0xec172cf4
       31585000	      3157	80003e1c	012d7633	and	x12,x26,x18	 x26:0x00000000 x18:0x00000001 x12=0x00000000
       31595000	      3158	80003e20	219cfd93	andi	x27,x25,537	 x25:0xfffffd26 x27=0x00000000
       31605000	      3159	80003e24	004ae833	or	x16,x21,x4	 x21:0xffffffab  x4:0x919a6a84 x16=0xffffffaf
       31615000	      3160	80003e28	011f1263	bne	x30,x17,80003e2c	 x30:0x2031c7f2 x17:0x80009fc4
       31625000	      3161	00000000	00000013	addi	x0,x0,0	  x0:0x00000000
       31635000	      3162	80003e28	00000013	addi	x0,x0,0	  x0:0x00000000
       31645000	      3163	80003e2c	0526d263	bge	x13,x18,80003e70	 x13:0xf598e000 x18:0x00000001
       31655000	      3164	80003e30	b9a13f93	sltiu	x31,x2,-1126	  x2:0xec172cf4 x31=0x00000001
       31665000	      3165	80003e34	41dfdf93	srai	x31,x31,0x1d	 x31:0x00000001 x31=0x00000000
       31675000	      3166	80003e38	00c8fc63	bgeu	x17,x12,80003e50	 x17:0x80009fc4 x12:0x00000000
       31685000	      3167	00000000	00000013	addi	x0,x0,0	  x0:0x00000000
       31695000	      3168	80003e4c	00000013	addi	x0,x0,0	  x0:0x00000000
       31705000	      3169	80003e50	010bd813	srli	x16,x23,0x10	 x23:0x8000424a x16=0x00008000
       31715000	      3170	80003e54	41510eb3	sub	x29,x2,x21	  x2:0xec172cf4 x21:0xffffffab x29=0xec172d49
       31725000	      3171	80003e58	019c5863	bge	x24,x25,80003e68	 x24:0x80009f70 x25:0xfffffd26
       31735000	      3172	80003e5c	013cd463	bge	x25,x19,80003e64	 x25:0xfffffd26 x19:0xfffffdde
       31745000	      3173	80003e60	01351033	sll	x0,x10,x19	 x10:0x00000001 x19:0xfffffdde
       31755000	      3174	80003e64	0127f533	and	x10,x15,x18	 x15:0x919ac8d0 x18:0x00000001 x10=0x00000000
       31765000	      3175	80003e68	01074a63	blt	x14,x16,80003e7c	 x14:0x00000001 x16:0x00008000
       31775000	      3176	00000000	00000013	addi	x0,x0,0	  x0:0x00000000
       31785000	      3177	80003e78	00000013	addi	x0,x0,0	  x0:0x00000000
       31795000	      3178	80003e7c	036b6a63	bltu	x22,x22,80003eb0	 x22:0xec172dda x22:0xec172dda
       31805000	      3179	80003e80	006c6033	or	x0,x24,x6	 x24:0x80009f70  x6:0x080003d1
       31815000	      3180	80003e84	64fa4317	auipc	x6,0x64fa4	  x6=0xe4fa7e80
       31825000	      3181	80003e88	fb7dc393	xori	x7,x27,-73	 x27:0x00000000  x7=0xffffffb7
       31835000	      3182	80003e8c	422fc213	xori	x4,x31,1058	 x31:0x00000000  x4=0x00000422
       31845000	      3183	80003e90	03da8663	beq	x21,x29,80003ebc	 x21:0xffffffab x29:0xec172d49
       31855000	      3184	80003e94	00ae50b3	srl	x1,x28,x10	 x28:0xfffffffe x10:0x00000000  x1=0xfffffffe
       31865000	      3185	80003e98	4035d0b3	sra	x1,x11,x3	 x11:0x00000001  x3:0x1fc41000  x1=0x00000001
       31875000	      3186	80003e9c	012ba4b3	slt	x9,x23,x18	 x23:0x8000424a x18:0x00000001  x9=0x00000001
       31885000	      3187	80003ea0	bdb7a113	slti	x2,x15,-1061	 x15:0x919ac8d0  x2=0x00000001
       31895000	      3188	80003ea4	420c8093	addi	x1,x25,1056	 x25:0xfffffd26  x1=0x00000146
       31905000	      3189	80003ea8	019d30b3	sltu	x1,x26,x25	 x26:0x00000000 x25:0xfffffd26  x1=0x00000001
       31915000	      3190	80003eac	000ce263	bltu	x25,x0,80003eb0	 x25:0xfffffd26  x0:0x00000000
       31925000	      3191	80003eb0	84c497b7	lui	x15,0x84c49	 x15=0x84c49000
       31935000	      3192	80003eb4	0248cc63	blt	x17,x4,80003eec	 x17:0x80009fc4  x4:0x00000422
       31945000	      3193	00000000	00000013	addi	x0,x0,0	  x0:0x00000000
       31955000	      3194	80003ee8	00000013	addi	x0,x0,0	  x0:0x00000000
       31965000	      3195	80003eec	0164dab3	srl	x21,x9,x22	  x9:0x00000001 x22:0xec172dda x21=0x00000000
       31975000	      3196	80003ef0	008bf463	bgeu	x23,x8,80003ef8	 x23:0x8000424a  x8:0x452f3000
       31985000	      3197	00000000	00000013	addi	x0,x0,0	  x0:0x00000000
       31995000	      3198	80003ef4	00000013	addi	x0,x0,0	  x0:0x00000000
       32005000	      3199	80003ef8	00237f33	and	x30,x6,x2	  x6:0xe4fa7e80  x2:0x00000001 x30=0x00000000
       32015000	      3200	80003efc	005a9a93	slli	x21,x21,0x5	 x21:0x00000000 x21=0x00000000
       32025000	      3201	80003f00	0125e333	or	x6,x11,x18	 x11:0x00000001 x18:0x00000001  x6=0x00000001
       32035000	      3202	80003f04	6549b513	sltiu	x10,x19,1620	 x19:0xfffffdde x10=0x00000000
       32045000	      3203	80003f08	01599ab3	sll	x21,x19,x21	 x19:0xfffffdde x21:0x00000000 x21=0xfffffdde
       32055000	      3204	80003f0c	007766b3	or	x13,x14,x7	 x14:0x00000001  x7:0xffffffb7 x13=0xffffffb7
       32065000	      3205	80003f10	0011a5b3	slt	x11,x3,x1	  x3:0x1fc41000  x1:0x00000001 x11=0x00000000
       32075000	      3206	80003f14	033bf863	bgeu	x23,x19,80003f44	 x23:0x8000424a x19:0xfffffdde
       32085000	      3207	80003f18	001a8a63	beq	x21,x1,80003f2c	 x21:0xfffffdde  x1:0x00000001
       32095000	      3208	80003f1c	49d32613	slti	x12,x6,1181	  x6:0x00000001 x12=0x00000001
       32105000	      3209	80003f20	89e19217	auipc	x4,0x89e19	  x4=0x09e1cf1c
       32115000	      3210	80003f24	4e770c93	addi	x25,x14,1255	 x14:0x00000001 x25=0x000004e8
       32125000	      3211	80003f28	4035deb3	sra	x29,x11,x3	 x11:0x00000000  x3:0x1fc41000 x29=0x00000000
       32135000	      3212	80003f2c	010bda13	srli	x20,x23,0x10	 x23:0x8000424a x20=0x00008000
       32145000	      3213	80003f30	018105b3	add	x11,x2,x24	  x2:0x00000001 x24:0x80009f70 x11=0x80009f71
       32155000	      3214	80003f34	77166f93	ori	x31,x12,1905	 x12:0x00000001 x31=0x00000771
       32165000	      3215	80003f38	0262d263	bge	x5,x6,80003f5c	  x5:0x00000000  x6:0x00000001
       32175000	      3216	80003f3c	52ecf593	andi	x11,x25,1326	 x25:0x000004e8 x11=0x00000428
       32185000	      3217	80003f40	00471b93	slli	x23,x14,0x4	 x14:0x00000001 x23=0x00000010
       32195000	      3218	80003f44	033a6863	bltu	x20,x19,80003f74	 x20:0x00008000 x19:0xfffffdde
       32205000	      3219	00000000	00000013	addi	x0,x0,0	  x0:0x00000000
       32215000	      3220	80003f70	00000013	addi	x0,x0,0	  x0:0x00000000
       32225000	      3221	80003f74	41ebd3b3	sra	x7,x23,x30	 x23:0x00000010 x30:0x00000000  x7=0x00000010
       32235000	      3222	80003f78	00000013	addi	x0,x0,0	  x0:0x00000000
       32245000	      3223	80003f7c	01b8cbb3	xor	x23,x17,x27	 x17:0x80009fc4 x27:0x00000000 x23=0x80009fc4
       32255000	      3224	80003f80	d0ccad13	slti	x26,x25,-756	 x25:0x000004e8 x26=0x00000000
       32265000	      3225	80003f84	4178d513	srai	x10,x17,0x17	 x17:0x80009fc4 x10=0xffffff00
       32275000	      3226	80003f88	d59bfa13	andi	x20,x23,-679	 x23:0x80009fc4 x20=0x80009d40
       32285000	      3227	80003f8c	010d9fb3	sll	x31,x27,x16	 x27:0x00000000 x16:0x00008000 x31=0x00000000
       32295000	      3228	80003f90	184db213	sltiu	x4,x27,388	 x27:0x00000000  x4=0x00000001
       32305000	      3229	80003f94	00ecfd33	and	x26,x25,x14	 x25:0x000004e8 x14:0x00000001 x26=0x00000000
       32315000	      3230	80003f98	4019d113	srai	x2,x19,0x1	 x19:0xfffffdde  x2=0xfffffeef
       32325000	      3231	80003f9c	40a35f93	srai	x31,x6,0xa	  x6:0x00000001 x31=0x00000000
       32335000	      3232	80003fa0	03161663	bne	x12,x17,80003fcc	 x12:0x00000001 x17:0x80009fc4
       32345000	      3233	00000000	00000013	addi	x0,x0,0	  x0:0x00000000
       32355000	      3234	80003fc8	00000013	addi	x0,x0,0	  x0:0x00000000
       32365000	      3235	80003fcc	000bde63	bge	x23,x0,80003fe8	 x23:0x80009fc4  x0:0x00000000
       32375000	      3236	80003fd0	40a35d13	srai	x26,x6,0xa	  x6:0x00000001 x26=0x00000000
       32385000	      3237	80003fd4	021e9a63	bne	x29,x1,80004008	 x29:0x00000000  x1:0x00000001
       32395000	      3238	00000000	00000013	addi	x0,x0,0	  x0:0x00000000
       32405000	      3239	80004004	00000013	addi	x0,x0,0	  x0:0x00000000
       32415000	      3240	80004008	410cdeb3	sra	x29,x25,x16	 x25:0x000004e8 x16:0x00008000 x29=0x000004e8
       32425000	      3241	8000400c	008d2bb3	slt	x23,x26,x8	 x26:0x00000000  x8:0x452f3000 x23=0x00000001
       32435000	      3242	80004010	3d5ca193	slti	x3,x25,981	 x25:0x000004e8  x3=0x00000000
       32445000	      3243	80004014	b9a5a813	slti	x16,x11,-1126	 x11:0x00000428 x16=0x00000000
       32455000	      3244	80004018	0224fe63	bgeu	x9,x2,80004054	  x9:0x00000001  x2:0xfffffeef
       32465000	      3245	8000401c	f5cb4797	auipc	x15,0xf5cb4	 x15=0x75cb8018
       32475000	      3246	80004020	3dfc4f93	xori	x31,x24,991	 x24:0x80009f70 x31=0x80009caf
       32485000	      3247	80004024	00195193	srli	x3,x18,0x1	 x18:0x00000001  x3=0x00000000
       32495000	      3248	80004028	03446263	bltu	x8,x20,8000404c	  x8:0x452f3000 x20:0x80009d40
       32505000	      3249	00000000	00000013	addi	x0,x0,0	  x0:0x00000000
       32515000	      3250	80004048	00000013	addi	x0,x0,0	  x0:0x00000000
       32525000	      3251	8000404c	2356ff13	andi	x30,x13,565	 x13:0xffffffb7 x30=0x00000235
       32535000	      3252	80004050	40810133	sub	x2,x2,x8	  x2:0xfffffeef  x8:0x452f3000  x2=0xbad0ceef
       32545000	      3253	80004054	001ac863	blt	x21,x1,80004064	 x21:0xfffffdde  x1:0x00000001
       32555000	      3254	00000000	00000013	addi	x0,x0,0	  x0:0x00000000
       32565000	      3255	80004060	00000013	addi	x0,x0,0	  x0:0x00000000
       32575000	      3256	80004064	41798f33	sub	x30,x19,x23	 x19:0xfffffdde x23:0x00000001 x30=0xfffffddd
       32585000	      3257	80004068	09e58c93	addi	x25,x11,158	 x11:0x00000428 x25=0x000004c6
       32595000	      3258	8000406c	01d7d033	srl	x0,x15,x29	 x15:0x75cb8018 x29:0x000004e8
       32605000	      3259	80004070	4169d293	srai	x5,x19,0x16	 x19:0xfffffdde  x5=0xffffffff
       32615000	      3260	80004074	504ecab7	lui	x21,0x504ec	 x21=0x504ec000
       32625000	      3261	80004078	fc1fb013	sltiu	x0,x31,-63	 x31:0x80009caf
       32635000	      3262	8000407c	7d44c593	xori	x11,x9,2004	  x9:0x00000001 x11=0x000007d5
       32645000	      3263	80004080	01c28db3	add	x27,x5,x28	  x5:0xffffffff x28:0xfffffffe x27=0xfffffffd
       32655000	      3264	80004084	05645863	bge	x8,x22,800040d4	  x8:0x452f3000 x22:0xec172dda
       32665000	      3265	00000000	00000013	addi	x0,x0,0	  x0:0x00000000
       32675000	      3266	800040d0	00000013	addi	x0,x0,0	  x0:0x00000000
       32685000	      3267	800040d4	0076fcb3	and	x25,x13,x7	 x13:0xffffffb7  x7:0x00000010 x25=0x00000010
       32695000	      3268	800040d8	02fd8c63	beq	x27,x15,80004110	 x27:0xfffffffd x15:0x75cb8018
       32705000	      3269	800040dc	01e16597	auipc	x11,0x1e16	 x11=0x81e1a0d8
       32715000	      3270	800040e0	00000013	addi	x0,x0,0	  x0:0x00000000
       32725000	      3271	800040e4	90113d97	auipc	x27,0x90113	 x27=0x101170e0
       32735000	      3272	800040e8	0109ba33	sltu	x20,x19,x16	 x19:0xfffffdde x16:0x00000000 x20=0x00000000
       32745000	      3273	800040ec	0046c263	blt	x13,x4,800040f0	 x13:0xffffffb7  x4:0x00000001
       32755000	      3274	00000000	00000013	addi	x0,x0,0	  x0:0x00000000
       32765000	      3275	800040ec	00000013	addi	x0,x0,0	  x0:0x00000000
       32775000	      3276	800040f0	006b73b3	and	x7,x22,x6	 x22:0xec172dda  x6:0x00000001  x7=0x00000000
       32785000	      3277	800040f4	01d2d213	srli	x4,x5,0x1d	  x5:0xffffffff  x4=0x00000007
       32795000	      3278	800040f8	6b383013	sltiu	x0,x16,1715	 x16:0x00000000
       32805000	      3279	800040fc	01fbdc63	bge	x23,x31,80004114	 x23:0x00000001 x31:0x80009caf
       32815000	      3280	00000000	00000013	addi	x0,x0,0	  x0:0x00000000
       32825000	      3281	80004110	00000013	addi	x0,x0,0	  x0:0x00000000
       32835000	      3282	80004114	00ba8eb3	add	x29,x21,x11	 x21:0x504ec000 x11:0x81e1a0d8 x29=0xd23060d8
       32845000	      3283	80004118	0a35b213	sltiu	x4,x11,163	 x11:0x81e1a0d8  x4=0x00000000
       32855000	      3284	8000411c	01ece663	bltu	x25,x30,80004128	 x25:0x00000010 x30:0xfffffddd
       32865000	      3285	00000000	00000013	addi	x0,x0,0	  x0:0x00000000
       32875000	      3286	80004124	00000013	addi	x0,x0,0	  x0:0x00000000
       32885000	      3287	80004128	001f1a33	sll	x20,x30,x1	 x30:0xfffffddd  x1:0x00000001 x20=0xfffffbba
       32895000	      3288	8000412c	400a5533	sra	x10,x20,x0	 x20:0xfffffbba  x0:0x00000000 x10=0xfffffbba
       32905000	      3289	80004130	00764633	xor	x12,x12,x7	 x12:0x00000001  x7:0x00000000 x12=0x00000001
       32915000	      3290	80004134	001ce6b3	or	x13,x25,x1	 x25:0x00000010  x1:0x00000001 x13=0x00000011
       32925000	      3291	80004138	01846863	bltu	x8,x24,80004148	  x8:0x452f3000 x24:0x80009f70
       32935000	      3292	00000000	00000013	addi	x0,x0,0	  x0:0x00000000
       32945000	      3293	80004144	00000013	addi	x0,x0,0	  x0:0x00000000
       32955000	      3294	80004148	012d7133	and	x2,x26,x18	 x26:0x00000000 x18:0x00000001  x2=0x00000000
       32965000	      3295	8000414c	027e5e63	bge	x28,x7,80004188	 x28:0xfffffffe  x7:0x00000000
       32975000	      3296	80004150	016f2433	slt	x8,x30,x22	 x30:0xfffffddd x22:0xec172dda  x8=0x00000000
       32985000	      3297	80004154	03dcf663	bgeu	x25,x29,80004180	 x25:0x00000010 x29:0xd23060d8
       32995000	      3298	80004158	00000013	addi	x0,x0,0	  x0:0x00000000
       33005000	      3299	8000415c	00328ab3	add	x21,x5,x3	  x5:0xffffffff  x3:0x00000000 x21=0xffffffff
       33015000	      3300	80004160	00000013	addi	x0,x0,0	  x0:0x00000000
       33025000	      3301	80004164	0088ae33	slt	x28,x17,x8	 x17:0x80009fc4  x8:0x00000000 x28=0x00000001
       33035000	      3302	80004168	5e6f4913	xori	x18,x30,1510	 x30:0xfffffddd x18=0xfffff83b
       33045000	      3303	8000416c	f623c493	xori	x9,x7,-158	  x7:0x00000000  x9=0xffffff62
       33055000	      3304	80004170	eebeab93	slti	x23,x29,-277	 x29:0xd23060d8 x23=0x00000001
       33065000	      3305	80004174	03965263	bge	x12,x25,80004198	 x12:0x00000001 x25:0x00000010
       33075000	      3306	80004178	6e988e13	addi	x28,x17,1769	 x17:0x80009fc4 x28=0x8000a6ad
       33085000	      3307	8000417c	36ac4293	xori	x5,x24,874	 x24:0x80009f70  x5=0x80009c1a
       33095000	      3308	80004180	3fc0c793	xori	x15,x1,1020	  x1:0x00000001 x15=0x000003fd
       33105000	      3309	80004184	05dde263	bltu	x27,x29,800041c8	 x27:0x101170e0 x29:0xd23060d8
       33115000	      3310	00000000	00000013	addi	x0,x0,0	  x0:0x00000000
       33125000	      3311	800041c4	00000013	addi	x0,x0,0	  x0:0x00000000
       33135000	      3312	800041c8	00950e63	beq	x10,x9,800041e4	 x10:0xfffffbba  x9:0xffffff62
       33145000	      3313	800041cc	00eb7c63	bgeu	x22,x14,800041e4	 x22:0xec172dda x14:0x00000001
       33155000	      3314	00000000	00000013	addi	x0,x0,0	  x0:0x00000000
       33165000	      3315	800041e0	00000013	addi	x0,x0,0	  x0:0x00000000
       33175000	      3316	800041e4	00db1eb3	sll	x29,x22,x13	 x22:0xec172dda x13:0x00000011 x29=0x5bb40000
       33185000	      3317	800041e8	00e61613	slli	x12,x12,0xe	 x12:0x00000001 x12=0x00004000
       33195000	      3318	800041ec	015a5c93	srli	x25,x20,0x15	 x20:0xfffffbba x25=0x000007ff
       33205000	      3319	800041f0	4100dd33	sra	x26,x1,x16	  x1:0x00000001 x16:0x00000000 x26=0x00000001
       33215000	      3320	800041f4	015c1eb3	sll	x29,x24,x21	 x24:0x80009f70 x21:0xffffffff x29=0x00000000
       33225000	      3321	800041f8	c7d949b7	lui	x19,0xc7d94	 x19=0xc7d94000
       33235000	      3322	800041fc	01c95d13	srli	x26,x18,0x1c	 x18:0xfffff83b x26=0x0000000f
       33245000	      3323	80004200	0072ebb3	or	x23,x5,x7	  x5:0x80009c1a  x7:0x00000000 x23=0x80009c1a
       33255000	      3324	80004204	ed853693	sltiu	x13,x10,-296	 x10:0xfffffbba x13=0x00000001
       33265000	      3325	80004208	c2102713	slti	x14,x0,-991	  x0:0x00000000 x14=0x00000000
       33275000	      3326	8000420c	0030fd33	and	x26,x1,x3	  x1:0x00000001  x3:0x00000000 x26=0x00000000
       33285000	      3327	80004210	01034463	blt	x6,x16,80004218	  x6:0x00000001 x16:0x00000000
       33295000	      3328	80004214	e1ea3313	sltiu	x6,x20,-482	 x20:0xfffffbba  x6=0x00000001
       33305000	      3329	80004218	05887863	bgeu	x16,x24,80004268	 x16:0x00000000 x24:0x80009f70
       33315000	      3330	8000421c	00531e63	bne	x6,x5,80004238	  x6:0x00000001  x5:0x80009c1a
       33325000	      3331	00000000	00000013	addi	x0,x0,0	  x0:0x00000000
       33335000	      3332	80004234	00000013	addi	x0,x0,0	  x0:0x00000000
       33345000	      3333	80004238	03cef663	bgeu	x29,x28,80004264	 x29:0x00000000 x28:0x8000a6ad
       33355000	      3334	8000423c	849e7a97	auipc	x21,0x849e7	 x21=0x049eb238
       33365000	      3335	80004240	0277d463	bge	x15,x7,80004268	 x15:0x000003fd  x7:0x00000000
       33375000	      3336	00000000	00000013	addi	x0,x0,0	  x0:0x00000000
       33385000	      3337	80004264	00000013	addi	x0,x0,0	  x0:0x00000000
       33395000	      3338	80004268	000a6433	or	x8,x20,x0	 x20:0xfffffbba  x0:0x00000000  x8=0xfffffbba
       33405000	      3339	8000426c	e205fe93	andi	x29,x11,-480	 x11:0x81e1a0d8 x29=0x81e1a000
       33415000	      3340	80004270	000bc1b3	xor	x3,x23,x0	 x23:0x80009c1a  x0:0x00000000  x3=0x80009c1a
       33425000	      3341	80004274	cf12d717	auipc	x14,0xcf12d	 x14=0x4f131270
       33435000	      3342	80004278	0128dc93	srli	x25,x17,0x12	 x17:0x80009fc4 x25=0x00002000
       33445000	      3343	8000427c	aedc0813	addi	x16,x24,-1299	 x24:0x80009f70 x16=0x80009a5d
       33455000	      3344	80004280	006dda63	bge	x27,x6,80004294	 x27:0x101170e0  x6:0x00000001
       33465000	      3345	00000000	00000013	addi	x0,x0,0	  x0:0x00000000
       33475000	      3346	80004290	00000013	addi	x0,x0,0	  x0:0x00000000
       33485000	      3347	80004294	003dc633	xor	x12,x27,x3	 x27:0x101170e0  x3:0x80009c1a x12=0x9011ecfa
       33495000	      3348	80004298	0162fa63	bgeu	x5,x22,800042ac	  x5:0x80009c1a x22:0xec172dda
       33505000	      3349	8000429c	0af8ea63	bltu	x17,x15,80004350	 x17:0x80009fc4 x15:0x000003fd
       33515000	      3350	800042a0	01ed02b3	add	x5,x26,x30	 x26:0x00000000 x30:0xfffffddd  x5=0xfffffddd
       33525000	      3351	800042a4	00be03b3	add	x7,x28,x11	 x28:0x8000a6ad x11:0x81e1a0d8  x7=0x01e24785
       33535000	      3352	800042a8	03e0d263	bge	x1,x30,800042cc	  x1:0x00000001 x30:0xfffffddd
       33545000	      3353	00000000	00000013	addi	x0,x0,0	  x0:0x00000000
       33555000	      3354	800042c8	00000013	addi	x0,x0,0	  x0:0x00000000
       33565000	      3355	800042cc	017ac463	blt	x21,x23,800042d4	 x21:0x049eb238 x23:0x80009c1a
       33575000	      3356	800042d0	41b904b3	sub	x9,x18,x27	 x18:0xfffff83b x27:0x101170e0  x9=0xefee875b
       33585000	      3357	800042d4	fe6f6213	ori	x4,x30,-26	 x30:0xfffffddd  x4=0xffffffff
       33595000	      3358	800042d8	0734de63	bge	x9,x19,80004354	  x9:0xefee875b x19:0xc7d94000
       33605000	      3359	00000000	00000013	addi	x0,x0,0	  x0:0x00000000
       33615000	      3360	80004350	00000013	addi	x0,x0,0	  x0:0x00000000
       33625000	      3361	80004354	016a9263	bne	x21,x22,80004358	 x21:0x049eb238 x22:0xec172dda
       33635000	      3362	00000000	00000013	addi	x0,x0,0	  x0:0x00000000
       33645000	      3363	80004354	00000013	addi	x0,x0,0	  x0:0x00000000
       33655000	      3364	80004358	00c75833	srl	x16,x14,x12	 x14:0x4f131270 x12:0x9011ecfa x16=0x00000013
       33665000	      3365	8000435c	2737fa93	andi	x21,x15,627	 x15:0x000003fd x21=0x00000271
       33675000	      3366	80004360	0039cdb3	xor	x27,x19,x3	 x19:0xc7d94000  x3:0x80009c1a x27=0x47d9dc1a
       33685000	      3367	80004364	1ad33cb7	lui	x25,0x1ad33	 x25=0x1ad33000
       33695000	      3368	80004368	005c5413	srli	x8,x24,0x5	 x24:0x80009f70  x8=0x040004fb
       33705000	      3369	8000436c	0018f2b3	and	x5,x17,x1	 x17:0x80009fc4  x1:0x00000001  x5=0x00000000
       33715000	      3370	80004370	01c59093	slli	x1,x11,0x1c	 x11:0x81e1a0d8  x1=0x80000000
       33725000	      3371	80004374	f28b5b97	auipc	x23,0xf28b5	 x23=0x728b9370
       33735000	      3372	80004378	01495613	srli	x12,x18,0x14	 x18:0xfffff83b x12=0x00000fff
       33745000	      3373	8000437c	599c8e93	addi	x29,x25,1433	 x25:0x1ad33000 x29=0x1ad33599
       33755000	      3374	80004380	01345913	srli	x18,x8,0x13	  x8:0x040004fb x18=0x00000080
       33765000	      3375	80004384	31aefd13	andi	x26,x29,794	 x29:0x1ad33599 x26=0x00000118
       33775000	      3376	80004388	01dc0733	add	x14,x24,x29	 x24:0x80009f70 x29:0x1ad33599 x14=0x9ad3d509
       33785000	      3377	8000438c	01826e63	bltu	x4,x24,800043a8	  x4:0xffffffff x24:0x80009f70
       33795000	      3378	80004390	40178933	sub	x18,x15,x1	 x15:0x000003fd  x1:0x80000000 x18=0x800003fd
       33805000	      3379	80004394	03effc63	bgeu	x31,x30,800043cc	 x31:0x80009caf x30:0xfffffddd
       33815000	      3380	80004398	40d10ab3	sub	x21,x2,x13	  x2:0x00000000 x13:0x00000001 x21=0xffffffff
       33825000	      3381	8000439c	006f1333	sll	x6,x30,x6	 x30:0xfffffddd  x6:0x00000001  x6=0xfffffbba
       33835000	      3382	800043a0	0015b133	sltu	x2,x11,x1	 x11:0x81e1a0d8  x1:0x80000000  x2=0x00000000
       33845000	      3383	800043a4	00000013	addi	x0,x0,0	  x0:0x00000000
       33855000	      3384	800043a8	40055393	srai	x7,x10,0x0	 x10:0xfffffbba  x7=0xfffffbba
       33865000	      3385	800043ac	01eeb533	sltu	x10,x29,x30	 x29:0x1ad33599 x30:0xfffffddd x10=0x00000001
       33875000	      3386	800043b0	01245f93	srli	x31,x8,0x12	  x8:0x040004fb x31=0x00000100
       33885000	      3387	800043b4	6a696d13	ori	x26,x18,1702	 x18:0x800003fd x26=0x800007ff
       33895000	      3388	800043b8	008e7863	bgeu	x28,x8,800043c8	 x28:0x8000a6ad  x8:0x040004fb
       33905000	      3389	00000000	00000013	addi	x0,x0,0	  x0:0x00000000
       33915000	      3390	800043c4	00000013	addi	x0,x0,0	  x0:0x00000000
       33925000	      3391	800043c8	414805b3	sub	x11,x16,x20	 x16:0x00000013 x20:0xfffffbba x11=0x00000459
       33935000	      3392	800043cc	3bb72337	lui	x6,0x3bb72	  x6=0x3bb72000
       33945000	      3393	800043d0	00483ab3	sltu	x21,x16,x4	 x16:0x00000013  x4:0xffffffff x21=0x00000001
       33955000	      3394	800043d4	01e45393	srli	x7,x8,0x1e	  x8:0x040004fb  x7=0x00000000
       33965000	      3395	800043d8	01c0c7b3	xor	x15,x1,x28	  x1:0x80000000 x28:0x8000a6ad x15=0x0000a6ad
       33975000	      3396	800043dc	09ffd263	bge	x31,x31,80004460	 x31:0x00000100 x31:0x00000100
       33985000	      3397	00000000	00000013	addi	x0,x0,0	  x0:0x00000000
       33995000	      3398	8000445c	00000013	addi	x0,x0,0	  x0:0x00000000
       34005000	      3399	80004460	011acf33	xor	x30,x21,x17	 x21:0x00000001 x17:0x80009fc4 x30=0x80009fc5
       34015000	      3400	80004464	03746463	bltu	x8,x23,8000448c	  x8:0x040004fb x23:0x728b9370
       34025000	      3401	00000000	00000013	addi	x0,x0,0	  x0:0x00000000
       34035000	      3402	80004488	00000013	addi	x0,x0,0	  x0:0x00000000
       34045000	      3403	8000448c	4076f013	andi	x0,x13,1031	 x13:0x00000001
       34055000	      3404	80004490	f523a6b7	lui	x13,0xf523a	 x13=0xf523a000
       34065000	      3405	80004494	010c59b3	srl	x19,x24,x16	 x24:0x80009f70 x16:0x00000013 x19=0x00001000
       34075000	      3406	80004498	b404a613	slti	x12,x9,-1216	  x9:0xefee875b x12=0x00000001
       34085000	      3407	8000449c	2b473393	sltiu	x7,x14,692	 x14:0x9ad3d509  x7=0x00000000
       34095000	      3408	800044a0	00e91463	bne	x18,x14,800044a8	 x18:0x800003fd x14:0x9ad3d509
       34105000	      3409	00000000	00000013	addi	x0,x0,0	  x0:0x00000000
       34115000	      3410	800044a4	00000013	addi	x0,x0,0	  x0:0x00000000
       34125000	      3411	800044a8	407ed5b3	sra	x11,x29,x7	 x29:0x1ad33599  x7:0x00000000 x11=0x1ad33599
       34135000	      3412	800044ac	019a1863	bne	x20,x25,800044bc	 x20:0xfffffbba x25:0x1ad33000
       34145000	      3413	00000000	00000013	addi	x0,x0,0	  x0:0x00000000
       34155000	      3414	800044b8	00000013	addi	x0,x0,0	  x0:0x00000000
       34165000	      3415	800044bc	008f4c63	blt	x30,x8,800044d4	 x30:0x80009fc5  x8:0x040004fb
       34175000	      3416	00000000	00000013	addi	x0,x0,0	  x0:0x00000000
       34185000	      3417	800044d0	00000013	addi	x0,x0,0	  x0:0x00000000
       34195000	      3418	800044d4	012b8233	add	x4,x23,x18	 x23:0x728b9370 x18:0x800003fd  x4=0xf28b976d
       34205000	      3419	800044d8	02804263	blt	x0,x8,800044fc	  x0:0x00000000  x8:0x040004fb
       34215000	      3420	00000000	00000013	addi	x0,x0,0	  x0:0x00000000
       34225000	      3421	800044f8	00000013	addi	x0,x0,0	  x0:0x00000000
       34235000	      3422	800044fc	4001d393	srai	x7,x3,0x0	  x3:0x80009c1a  x7=0x80009c1a
       34245000	      3423	80004500	41da5a13	srai	x20,x20,0x1d	 x20:0xfffffbba x20=0xffffffff
       34255000	      3424	80004504	02324663	blt	x4,x3,80004530	  x4:0xf28b976d  x3:0x80009c1a
       34265000	      3425	80004508	008dd5b3	srl	x11,x27,x8	 x27:0x47d9dc1a  x8:0x040004fb x11=0x00000008
       34275000	      3426	8000450c	41de8733	sub	x14,x29,x29	 x29:0x1ad33599 x29:0x1ad33599 x14=0x00000000
       34285000	      3427	80004510	01ca9093	slli	x1,x21,0x1c	 x21:0x00000001  x1=0x10000000
       34295000	      3428	80004514	00ddeeb3	or	x29,x27,x13	 x27:0x47d9dc1a x13:0xf523a000 x29=0xf7fbfc1a
       34305000	      3429	80004518	01ea46b3	xor	x13,x20,x30	 x20:0xffffffff x30:0x80009fc5 x13=0x7fff603a
       34315000	      3430	8000451c	40a6da93	srai	x21,x13,0xa	 x13:0x7fff603a x21=0x001fffd8
       34325000	      3431	80004520	001445b3	xor	x11,x8,x1	  x8:0x040004fb  x1:0x10000000 x11=0x140004fb
       34335000	      3432	80004524	01a5dcb3	srl	x25,x11,x26	 x11:0x140004fb x26:0x800007ff x25=0x00000000
       34345000	      3433	80004528	05410863	beq	x2,x20,80004578	  x2:0x00000000 x20:0xffffffff
       34355000	      3434	8000452c	008b5693	srli	x13,x22,0x8	 x22:0xec172dda x13=0x00ec172d
       34365000	      3435	80004530	017d1093	slli	x1,x26,0x17	 x26:0x800007ff  x1=0xff800000
       34375000	      3436	80004534	40075ab3	sra	x21,x14,x0	 x14:0x00000000  x0:0x00000000 x21=0x00000000
       34385000	      3437	80004538	01593633	sltu	x12,x18,x21	 x18:0x800003fd x21:0x00000000 x12=0x00000000
       34395000	      3438	8000453c	00e87863	bgeu	x16,x14,8000454c	 x16:0x00000013 x14:0x00000000
       34405000	      3439	00000000	00000013	addi	x0,x0,0	  x0:0x00000000
       34415000	      3440	80004548	00000013	addi	x0,x0,0	  x0:0x00000000
       34425000	      3441	8000454c	0201c063	blt	x3,x0,8000456c	  x3:0x80009c1a  x0:0x00000000
       34435000	      3442	00000000	00000013	addi	x0,x0,0	  x0:0x00000000
       34445000	      3443	80004568	00000013	addi	x0,x0,0	  x0:0x00000000
       34455000	      3444	8000456c	41d1df33	sra	x30,x3,x29	  x3:0x80009c1a x29:0xf7fbfc1a x30=0xffffffe0
       34465000	      3445	80004570	31ab4993	xori	x19,x22,794	 x22:0xec172dda x19=0xec172ec0
       34475000	      3446	80004574	02c19263	bne	x3,x12,80004598	  x3:0x80009c1a x12:0x00000000
       34485000	      3447	00000000	00000013	addi	x0,x0,0	  x0:0x00000000
       34495000	      3448	80004594	00000013	addi	x0,x0,0	  x0:0x00000000
       34505000	      3449	80004598	40b8dfb3	sra	x31,x17,x11	 x17:0x80009fc4 x11:0x140004fb x31=0xfffffff0
       34515000	      3450	8000459c	015b4133	xor	x2,x22,x21	 x22:0xec172dda x21:0x00000000  x2=0xec172dda
       34525000	      3451	800045a0	004c2c83	lw	x25,4(x24)	 x24:0x80009f70 x25=0x80000778 PA:0x80009f74
       34535000	      3452	800045a4	7bb83493	sltiu	x9,x16,1979	 x16:0x00000013  x9=0x00000001
       34545000	      3453	800045a8	13e67313	andi	x6,x12,318	 x12:0x00000000  x6=0x00000000
       34555000	      3454	800045ac	623b2513	slti	x10,x22,1571	 x22:0xec172dda x10=0x00000001
       34565000	      3455	800045b0	005d4ab3	xor	x21,x26,x5	 x26:0x800007ff  x5:0x00000000 x21=0x800007ff
       34575000	      3456	800045b4	41e95093	srai	x1,x18,0x1e	 x18:0x800003fd  x1=0xfffffffe
       34585000	      3457	800045b8	017a29b3	slt	x19,x20,x23	 x20:0xffffffff x23:0x728b9370 x19=0x00000001
       34595000	      3458	800045bc	399e2493	slti	x9,x28,921	 x28:0x8000a6ad  x9=0x00000001
       34605000	      3459	800045c0	005067b3	or	x15,x0,x5	  x0:0x00000000  x5:0x00000000 x15=0x00000000
       34615000	      3460	800045c4	014c0c13	addi	x24,x24,20	 x24:0x80009f70 x24=0x80009f84
       34625000	      3461	800045c8	4047d633	sra	x12,x15,x4	 x15:0x00000000  x4:0xf28b976d x12=0x00000000
       34635000	      3462	800045cc	000c8213	addi	x4,x25,0	 x25:0x80000778  x4=0x80000778
       34645000	      3463	800045d0	00020267	jalr	x4,x4,0	  x4:0x80000778  x4=0x800045d0
       34655000	      3464	00000000	00000013	addi	x0,x0,0	  x0:0x00000000
       34665000	      3465	80000778	00000013	addi	x0,x0,0	  x0:0x00000000
       34675000	      3466	8000077c	001b1833	sll	x16,x22,x1	 x22:0xec172dda  x1:0xfffffffe x16=0x80000000
       34685000	      3467	80000780	008bf4b3	and	x9,x23,x8	 x23:0x728b9370  x8:0x040004fb  x9=0x00000070
       34695000	      3468	80000784	03f34263	blt	x6,x31,800007a8	  x6:0x00000000 x31:0xfffffff0
       34705000	      3469	80000788	8f49bf97	auipc	x31,0x8f49b	 x31=0x0f49b784
       34715000	      3470	8000078c	407c8933	sub	x18,x25,x7	 x25:0x80000778  x7:0x80009c1a x18=0xffff6b5e
       34725000	      3471	80000790	01b59d93	slli	x27,x11,0x1b	 x11:0x140004fb x27=0xd8000000
       34735000	      3472	80000794	40e6da33	sra	x20,x13,x14	 x13:0x00ec172d x14:0x00000000 x20=0x00ec172d
       34745000	      3473	80000798	01a5a333	slt	x6,x11,x26	 x11:0x140004fb x26:0x800007ff  x6=0x00000000
       34755000	      3474	8000079c	c282f493	andi	x9,x5,-984	  x5:0x00000000  x9=0x00000000
       34765000	      3475	800007a0	0055df13	srli	x30,x11,0x5	 x11:0x140004fb x30=0x00a00027
       34775000	      3476	800007a4	e4ffbf93	sltiu	x31,x31,-433	 x31:0x0f49b784 x31=0x00000001
       34785000	      3477	800007a8	00906663	bltu	x0,x9,800007b4	  x0:0x00000000  x9:0x00000000
       34795000	      3478	800007ac	02c78263	beq	x15,x12,800007d0	 x15:0x00000000 x12:0x00000000
       34805000	      3479	00000000	00000013	addi	x0,x0,0	  x0:0x00000000
       34815000	      3480	800007cc	00000013	addi	x0,x0,0	  x0:0x00000000
       34825000	      3481	800007d0	6902ea13	ori	x20,x5,1680	  x5:0x00000000 x20=0x00000690
       34835000	      3482	800007d4	0022d663	bge	x5,x2,800007e0	  x5:0x00000000  x2:0xec172dda
       34845000	      3483	00000000	00000013	addi	x0,x0,0	  x0:0x00000000
       34855000	      3484	800007dc	00000013	addi	x0,x0,0	  x0:0x00000000
       34865000	      3485	800007e0	03b99063	bne	x19,x27,80000800	 x19:0x00000001 x27:0xd8000000
       34875000	      3486	00000000	00000013	addi	x0,x0,0	  x0:0x00000000
       34885000	      3487	800007fc	00000013	addi	x0,x0,0	  x0:0x00000000
       34895000	      3488	80000800	04124863	blt	x4,x1,80000850	  x4:0x800045d0  x1:0xfffffffe
       34905000	      3489	00000000	00000013	addi	x0,x0,0	  x0:0x00000000
       34915000	      3490	8000084c	00000013	addi	x0,x0,0	  x0:0x00000000
       34925000	      3491	80000850	5eb47d37	lui	x26,0x5eb47	 x26=0x5eb47000
       34935000	      3492	80000854	44530697	auipc	x13,0x44530	 x13=0xc4530850
       34945000	      3493	80000858	02e90463	beq	x18,x14,80000880	 x18:0xffff6b5e x14:0x00000000
       34955000	      3494	8000085c	01263533	sltu	x10,x12,x18	 x12:0x00000000 x18:0xffff6b5e x10=0x00000001
       34965000	      3495	80000860	c5504e13	xori	x28,x0,-939	  x0:0x00000000 x28=0xfffffc55
       34975000	      3496	80000864	022d8c63	beq	x27,x2,8000089c	 x27:0xd8000000  x2:0xec172dda
       34985000	      3497	80000868	0112a3b3	slt	x7,x5,x17	  x5:0x00000000 x17:0x80009fc4  x7=0x00000000
       34995000	      3498	8000086c	c6522b93	slti	x23,x4,-923	  x4:0x800045d0 x23=0x00000001
       35005000	      3499	80000870	01c99c93	slli	x25,x19,0x1c	 x19:0x00000001 x25=0x10000000
       35015000	      3500	80000874	00000013	addi	x0,x0,0	  x0:0x00000000
       35025000	      3501	80000878	00e5d093	srli	x1,x11,0xe	 x11:0x140004fb  x1=0x00005000
       35035000	      3502	8000087c	a86b4093	xori	x1,x22,-1402	 x22:0xec172dda  x1=0x13e8d75c
       35045000	      3503	80000880	d0b221b7	lui	x3,0xd0b22	  x3=0xd0b22000
       35055000	      3504	80000884	00f3ca33	xor	x20,x7,x15	  x7:0x00000000 x15:0x00000000 x20=0x00000000
       35065000	      3505	80000888	0098bab3	sltu	x21,x17,x9	 x17:0x80009fc4  x9:0x00000000 x21=0x00000000
       35075000	      3506	8000088c	012881b3	add	x3,x17,x18	 x17:0x80009fc4 x18:0xffff6b5e  x3=0x80000b22
       35085000	      3507	80000890	b0637013	andi	x0,x6,-1274	  x6:0x00000000
       35095000	      3508	80000894	05715263	bge	x2,x23,800008d8	  x2:0xec172dda x23:0x00000001
       35105000	      3509	80000898	0060d613	srli	x12,x1,0x6	  x1:0x13e8d75c x12=0x004fa35d
       35115000	      3510	8000089c	71963997	auipc	x19,0x71963	 x19=0xf1963898
       35125000	      3511	800008a0	01639f33	sll	x30,x7,x22	  x7:0x00000000 x22:0xec172dda x30=0x00000000
       35135000	      3512	800008a4	012003b3	add	x7,x0,x18	  x0:0x00000000 x18:0xffff6b5e  x7=0xffff6b5e
       35145000	      3513	800008a8	01fc1d13	slli	x26,x24,0x1f	 x24:0x80009f84 x26=0x00000000
       35155000	      3514	800008ac	41ac05b3	sub	x11,x24,x26	 x24:0x80009f84 x26:0x00000000 x11=0x80009f84
       35165000	      3515	800008b0	00fae433	or	x8,x21,x15	 x21:0x00000000 x15:0x00000000  x8=0x00000000
       35175000	      3516	800008b4	01a85a93	srli	x21,x16,0x1a	 x16:0x80000000 x21=0x00000020
       35185000	      3517	800008b8	b11c8293	addi	x5,x25,-1263	 x25:0x10000000  x5=0x0ffffb11
       35195000	      3518	800008bc	004ad6b3	srl	x13,x21,x4	 x21:0x00000020  x4:0x800045d0 x13=0x00000000
       35205000	      3519	800008c0	d18b4517	auipc	x10,0xd18b4	 x10=0x518b48bc
       35215000	      3520	800008c4	00d925b3	slt	x11,x18,x13	 x18:0xffff6b5e x13:0x00000000 x11=0x00000001
       35225000	      3521	800008c8	012e87b3	add	x15,x29,x18	 x29:0xf7fbfc1a x18:0xffff6b5e x15=0xf7fb6778
       35235000	      3522	800008cc	05660463	beq	x12,x22,80000914	 x12:0x004fa35d x22:0xec172dda
       35245000	      3523	800008d0	40b5d533	sra	x10,x11,x11	 x11:0x00000001 x11:0x00000001 x10=0x00000000
       35255000	      3524	800008d4	013bea63	bltu	x23,x19,800008e8	 x23:0x00000001 x19:0xf1963898
       35265000	      3525	00000000	00000013	addi	x0,x0,0	  x0:0x00000000
       35275000	      3526	800008e4	00000013	addi	x0,x0,0	  x0:0x00000000
       35285000	      3527	800008e8	05769063	bne	x13,x23,80000928	 x13:0x00000000 x23:0x00000001
       35295000	      3528	00000000	00000013	addi	x0,x0,0	  x0:0x00000000
       35305000	      3529	80000924	00000013	addi	x0,x0,0	  x0:0x00000000
       35315000	      3530	80000928	01afc3b3	xor	x7,x31,x26	 x31:0x00000001 x26:0x00000000  x7=0x00000001
       35325000	      3531	8000092c	00000013	addi	x0,x0,0	  x0:0x00000000
       35335000	      3532	80000930	01831213	slli	x4,x6,0x18	  x6:0x00000000  x4=0x00000000
       35345000	      3533	80000934	0171fab3	and	x21,x3,x23	  x3:0x80000b22 x23:0x00000001 x21=0x00000000
       35355000	      3534	80000938	02ff5263	bge	x30,x15,8000095c	 x30:0x00000000 x15:0xf7fb6778
       35365000	      3535	00000000	00000013	addi	x0,x0,0	  x0:0x00000000
       35375000	      3536	80000958	00000013	addi	x0,x0,0	  x0:0x00000000
       35385000	      3537	8000095c	8eb9e993	ori	x19,x19,-1813	 x19:0xf1963898 x19=0xfffff8fb
       35395000	      3538	80000960	00000013	addi	x0,x0,0	  x0:0x00000000
       35405000	      3539	80000964	00e83633	sltu	x12,x16,x14	 x16:0x80000000 x14:0x00000000 x12=0x00000000
       35415000	      3540	80000968	33a6ad93	slti	x27,x13,826	 x13:0x00000000 x27=0x00000001
       35425000	      3541	8000096c	323d74b7	lui	x9,0x323d7	  x9=0x323d7000
       35435000	      3542	80000970	db412113	slti	x2,x2,-588	  x2:0xec172dda  x2=0x00000001
       35445000	      3543	80000974	045b0263	beq	x22,x5,800009b8	 x22:0xec172dda  x5:0x0ffffb11
       35455000	      3544	80000978	017df433	and	x8,x27,x23	 x27:0x00000001 x23:0x00000001  x8=0x00000001
       35465000	      3545	8000097c	bb997d93	andi	x27,x18,-1095	 x18:0xffff6b5e x27=0xffff6b18
       35475000	      3546	80000980	40cfd193	srai	x3,x31,0xc	 x31:0x00000001  x3=0x00000000
       35485000	      3547	80000984	d2e47313	andi	x6,x8,-722	  x8:0x00000001  x6=0x00000000
       35495000	      3548	80000988	00c65663	bge	x12,x12,80000994	 x12:0x00000000 x12:0x00000000
       35505000	      3549	00000000	00000013	addi	x0,x0,0	  x0:0x00000000
       35515000	      3550	80000990	00000013	addi	x0,x0,0	  x0:0x00000000
       35525000	      3551	80000994	c1df4593	xori	x11,x30,-995	 x30:0x00000000 x11=0xfffffc1d
       35535000	      3552	80000998	002c5fb3	srl	x31,x24,x2	 x24:0x80009f84  x2:0x00000001 x31=0x40004fc2
       35545000	      3553	8000099c	d96c0b93	addi	x23,x24,-618	 x24:0x80009f84 x23=0x80009d1a
       35555000	      3554	800009a0	000947b3	xor	x15,x18,x0	 x18:0xffff6b5e  x0:0x00000000 x15=0xffff6b5e
       35565000	      3555	800009a4	01471793	slli	x15,x14,0x14	 x14:0x00000000 x15=0x00000000
       35575000	      3556	800009a8	01456863	bltu	x10,x20,800009b8	 x10:0x00000000 x20:0x00000000
       35585000	      3557	800009ac	0196a9b3	slt	x19,x13,x25	 x13:0x00000000 x25:0x10000000 x19=0x00000001
       35595000	      3558	800009b0	019aefb3	or	x31,x21,x25	 x21:0x00000000 x25:0x10000000 x31=0x10000000
       35605000	      3559	800009b4	01a81713	slli	x14,x16,0x1a	 x16:0x80000000 x14=0x00000000
       35615000	      3560	800009b8	051ad463	bge	x21,x17,80000a00	 x21:0x00000000 x17:0x80009fc4
       35625000	      3561	00000000	00000013	addi	x0,x0,0	  x0:0x00000000
       35635000	      3562	800009fc	00000013	addi	x0,x0,0	  x0:0x00000000
       35645000	      3563	80000a00	01197933	and	x18,x18,x17	 x18:0xffff6b5e x17:0x80009fc4 x18=0x80000b44
       35655000	      3564	80000a04	31614f93	xori	x31,x2,790	  x2:0x00000001 x31=0x00000317
       35665000	      3565	80000a08	731bea13	ori	x20,x23,1841	 x23:0x80009d1a x20=0x80009f3b
       35675000	      3566	80000a0c	40c3d4b3	sra	x9,x7,x12	  x7:0x00000001 x12:0x00000000  x9=0x00000001
       35685000	      3567	80000a10	af1a06b7	lui	x13,0xaf1a0	 x13=0xaf1a0000
       35695000	      3568	80000a14	0147d233	srl	x4,x15,x20	 x15:0x00000000 x20:0x80009f3b  x4=0x00000000
       35705000	      3569	80000a18	0421c663	blt	x3,x2,80000a64	  x3:0x00000000  x2:0x00000001
       35715000	      3570	00000000	00000013	addi	x0,x0,0	  x0:0x00000000
       35725000	      3571	80000a60	00000013	addi	x0,x0,0	  x0:0x00000000
       35735000	      3572	80000a64	40f207b3	sub	x15,x4,x15	  x4:0x00000000 x15:0x00000000 x15=0x00000000
       35745000	      3573	80000a68	01d45db3	srl	x27,x8,x29	  x8:0x00000001 x29:0xf7fbfc1a x27=0x00000000
       35755000	      3574	80000a6c	00000013	addi	x0,x0,0	  x0:0x00000000
       35765000	      3575	80000a70	d31e0e13	addi	x28,x28,-719	 x28:0xfffffc55 x28=0xfffff986
       35775000	      3576	80000a74	03931263	bne	x6,x25,80000a98	  x6:0x00000000 x25:0x10000000
       35785000	      3577	00000000	00000013	addi	x0,x0,0	  x0:0x00000000
       35795000	      3578	80000a94	00000013	addi	x0,x0,0	  x0:0x00000000
       35805000	      3579	80000a98	0175df13	srli	x30,x11,0x17	 x11:0xfffffc1d x30=0x000001ff
       35815000	      3580	80000a9c	2c17cfb7	lui	x31,0x2c17c	 x31=0x2c17c000
       35825000	      3581	80000aa0	b622af13	slti	x30,x5,-1182	  x5:0x0ffffb11 x30=0x00000000
       35835000	      3582	80000aa4	0325d463	bge	x11,x18,80000acc	 x11:0xfffffc1d x18:0x80000b44
       35845000	      3583	00000000	00000013	addi	x0,x0,0	  x0:0x00000000
       35855000	      3584	80000ac8	00000013	addi	x0,x0,0	  x0:0x00000000
       35865000	      3585	80000acc	019fdd33	srl	x26,x31,x25	 x31:0x2c17c000 x25:0x10000000 x26=0x2c17c000
       35875000	      3586	80000ad0	007b5f93	srli	x31,x22,0x7	 x22:0xec172dda x31=0x01d82e5b
       35885000	      3587	80000ad4	017a9663	bne	x21,x23,80000ae0	 x21:0x00000000 x23:0x80009d1a
       35895000	      3588	00000000	00000013	addi	x0,x0,0	  x0:0x00000000
       35905000	      3589	80000adc	00000013	addi	x0,x0,0	  x0:0x00000000
       35915000	      3590	80000ae0	057ef0b7	lui	x1,0x57ef	  x1=0x057ef000
       35925000	      3591	80000ae4	00828663	beq	x5,x8,80000af0	  x5:0x0ffffb11  x8:0x00000001
       35935000	      3592	80000ae8	0265e263	bltu	x11,x6,80000b0c	 x11:0xfffffc1d  x6:0x00000000
       35945000	      3593	80000aec	034a9863	bne	x21,x20,80000b1c	 x21:0x00000000 x20:0x80009f3b
       35955000	      3594	00000000	00000013	addi	x0,x0,0	  x0:0x00000000
       35965000	      3595	80000b18	00000013	addi	x0,x0,0	  x0:0x00000000
       35975000	      3596	80000b1c	0189f263	bgeu	x19,x24,80000b20	 x19:0x00000001 x24:0x80009f84
       35985000	      3597	80000b20	f85f3c93	sltiu	x25,x30,-123	 x30:0x00000000 x25=0x00000001
       35995000	      3598	80000b24	5ff80693	addi	x13,x16,1535	 x16:0x80000000 x13=0x800005ff
       36005000	      3599	80000b28	417b5bb3	sra	x23,x22,x23	 x22:0xec172dda x23:0x80009d1a x23=0xfffffffb
       36015000	      3600	80000b2c	00523033	sltu	x0,x4,x5	  x4:0x00000000  x5:0x0ffffb11
       36025000	      3601	80000b30	05d1e863	bltu	x3,x29,80000b80	  x3:0x00000000 x29:0xf7fbfc1a
       36035000	      3602	00000000	00000013	addi	x0,x0,0	  x0:0x00000000
       36045000	      3603	80000b7c	00000013	addi	x0,x0,0	  x0:0x00000000
       36055000	      3604	80000b80	00567663	bgeu	x12,x5,80000b8c	 x12:0x00000000  x5:0x0ffffb11
       36065000	      3605	80000b84	0107ddb3	srl	x27,x15,x16	 x15:0x00000000 x16:0x80000000 x27=0x00000000
       36075000	      3606	80000b88	33190913	addi	x18,x18,817	 x18:0x80000b44 x18=0x80000e75
       36085000	      3607	80000b8c	4d0ba913	slti	x18,x23,1232	 x23:0xfffffffb x18=0x00000001
       36095000	      3608	80000b90	016de7b3	or	x15,x27,x22	 x27:0x00000000 x22:0xec172dda x15=0xec172dda
       36105000	      3609	80000b94	043ce863	bltu	x25,x3,80000be4	 x25:0x00000001  x3:0x00000000
       36115000	      3610	80000b98	00000013	addi	x0,x0,0	  x0:0x00000000
       36125000	      3611	80000b9c	0571b197	auipc	x3,0x571b	  x3=0x8571bb98
       36135000	      3612	80000ba0	04ea8463	beq	x21,x14,80000be8	 x21:0x00000000 x14:0x00000000
       36145000	      3613	00000000	00000013	addi	x0,x0,0	  x0:0x00000000
       36155000	      3614	80000be4	00000013	addi	x0,x0,0	  x0:0x00000000
       36165000	      3615	80000be8	012fcab3	xor	x21,x31,x18	 x31:0x01d82e5b x18:0x00000001 x21=0x01d82e5a
       36175000	      3616	80000bec	f0ef3513	sltiu	x10,x30,-242	 x30:0x00000000 x10=0x00000001
       36185000	      3617	80000bf0	7758c113	xori	x2,x17,1909	 x17:0x80009fc4  x2=0x800098b1
       36195000	      3618	80000bf4	0028d613	srli	x12,x17,0x2	 x17:0x80009fc4 x12=0x200027f1
       36205000	      3619	80000bf8	fbf0b217	auipc	x4,0xfbf0b	  x4=0x7bf0bbf4
       36215000	      3620	80000bfc	418706b3	sub	x13,x14,x24	 x14:0x00000000 x24:0x80009f84 x13=0x7fff607c
       36225000	      3621	80000c00	02767463	bgeu	x12,x7,80000c28	 x12:0x200027f1  x7:0x00000001
       36235000	      3622	00000000	00000013	addi	x0,x0,0	  x0:0x00000000
       36245000	      3623	80000c24	00000013	addi	x0,x0,0	  x0:0x00000000
       36255000	      3624	80000c28	b535ea93	ori	x21,x11,-1197	 x11:0xfffffc1d x21=0xffffff5f
       36265000	      3625	80000c2c	4152d593	srai	x11,x5,0x15	  x5:0x0ffffb11 x11=0x0000007f
       36275000	      3626	80000c30	00000013	addi	x0,x0,0	  x0:0x00000000
       36285000	      3627	80000c34	00d8ae33	slt	x28,x17,x13	 x17:0x80009fc4 x13:0x7fff607c x28=0x00000001
       36295000	      3628	80000c38	00c61b93	slli	x23,x12,0xc	 x12:0x200027f1 x23=0x027f1000
       36305000	      3629	80000c3c	e6d9ad13	slti	x26,x19,-403	 x19:0x00000001 x26=0x00000000
       36315000	      3630	80000c40	09dd5663	bge	x26,x29,80000ccc	 x26:0x00000000 x29:0xf7fbfc1a
       36325000	      3631	00000000	00000013	addi	x0,x0,0	  x0:0x00000000
       36335000	      3632	80000cc8	00000013	addi	x0,x0,0	  x0:0x00000000
       36345000	      3633	80000ccc	4b78a493	slti	x9,x17,1207	 x17:0x80009fc4  x9=0x00000001
       36355000	      3634	80000cd0	05266663	bltu	x12,x18,80000d1c	 x12:0x200027f1 x18:0x00000001
       36365000	      3635	80000cd4	01217eb3	and	x29,x2,x18	  x2:0x800098b1 x18:0x00000001 x29=0x00000001
       36375000	      3636	80000cd8	00a06c63	bltu	x0,x10,80000cf0	  x0:0x00000000 x10:0x00000001
       36385000	      3637	00000000	00000013	addi	x0,x0,0	  x0:0x00000000
       36395000	      3638	80000cec	00000013	addi	x0,x0,0	  x0:0x00000000
       36405000	      3639	80000cf0	419bd313	srai	x6,x23,0x19	 x23:0x027f1000  x6=0x00000001
       36415000	      3640	80000cf4	01bf6433	or	x8,x30,x27	 x30:0x00000000 x27:0x00000000  x8=0x00000000
       36425000	      3641	80000cf8	99b50d13	addi	x26,x10,-1637	 x10:0x00000001 x26=0xfffff99c
       36435000	      3642	80000cfc	017ea333	slt	x6,x29,x23	 x29:0x00000001 x23:0x027f1000  x6=0x00000001
       36445000	      3643	80000d00	05daf463	bgeu	x21,x29,80000d48	 x21:0xffffff5f x29:0x00000001
       36455000	      3644	00000000	00000013	addi	x0,x0,0	  x0:0x00000000
       36465000	      3645	80000d44	00000013	addi	x0,x0,0	  x0:0x00000000
       36475000	      3646	80000d48	004f7a63	bgeu	x30,x4,80000d5c	 x30:0x00000000  x4:0x7bf0bbf4
       36485000	      3647	80000d4c	05c86863	bltu	x16,x28,80000d9c	 x16:0x80000000 x28:0x00000001
       36495000	      3648	80000d50	40885013	srai	x0,x16,0x8	 x16:0x80000000
       36505000	      3649	80000d54	419857b3	sra	x15,x16,x25	 x16:0x80000000 x25:0x00000001 x15=0xc0000000
       36515000	      3650	80000d58	00bcdd13	srli	x26,x25,0xb	 x25:0x00000001 x26=0x00000000
       36525000	      3651	80000d5c	5d9ff193	andi	x3,x31,1497	 x31:0x01d82e5b  x3=0x00000459
       36535000	      3652	80000d60	019cb1b3	sltu	x3,x25,x25	 x25:0x00000001 x25:0x00000001  x3=0x00000000
       36545000	      3653	80000d64	01d98663	beq	x19,x29,80000d70	 x19:0x00000001 x29:0x00000001
       36555000	      3654	00000000	00000013	addi	x0,x0,0	  x0:0x00000000
       36565000	      3655	80000d6c	00000013	addi	x0,x0,0	  x0:0x00000000
       36575000	      3656	80000d70	02401663	bne	x0,x4,80000d9c	  x0:0x00000000  x4:0x7bf0bbf4
       36585000	      3657	00000000	00000013	addi	x0,x0,0	  x0:0x00000000
       36595000	      3658	80000d98	00000013	addi	x0,x0,0	  x0:0x00000000
       36605000	      3659	80000d9c	3761bc93	sltiu	x25,x3,886	  x3:0x00000000 x25=0x00000001
       36615000	      3660	80000da0	48201097	auipc	x1,0x48201	  x1=0xc8201d9c
       36625000	      3661	80000da4	00000013	addi	x0,x0,0	  x0:0x00000000
       36635000	      3662	80000da8	41df8eb3	sub	x29,x31,x29	 x31:0x01d82e5b x29:0x00000001 x29=0x01d82e5a
       36645000	      3663	80000dac	00000013	addi	x0,x0,0	  x0:0x00000000
       36655000	      3664	80000db0	40675db3	sra	x27,x14,x6	 x14:0x00000000  x6:0x00000001 x27=0x00000000
       36665000	      3665	80000db4	8925bd13	sltiu	x26,x11,-1902	 x11:0x0000007f x26=0x00000001
       36675000	      3666	80000db8	fdd14c93	xori	x25,x2,-35	  x2:0x800098b1 x25=0x7fff676c
       36685000	      3667	80000dbc	0114d6b3	srl	x13,x9,x17	  x9:0x00000001 x17:0x80009fc4 x13=0x00000000
       36695000	      3668	80000dc0	003c0133	add	x2,x24,x3	 x24:0x80009f84  x3:0x00000000  x2=0x80009f84
       36705000	      3669	80000dc4	40f78133	sub	x2,x15,x15	 x15:0xc0000000 x15:0xc0000000  x2=0x00000000
       36715000	      3670	80000dc8	0167b2b3	sltu	x5,x15,x22	 x15:0xc0000000 x22:0xec172dda  x5=0x00000001
       36725000	      3671	80000dcc	006ef233	and	x4,x29,x6	 x29:0x01d82e5a  x6:0x00000001  x4=0x00000000
       36735000	      3672	80000dd0	850ef593	andi	x11,x29,-1968	 x29:0x01d82e5a x11=0x01d82850
       36745000	      3673	80000dd4	0154a2b3	slt	x5,x9,x21	  x9:0x00000001 x21:0xffffff5f  x5=0x00000000
       36755000	      3674	80000dd8	00000013	addi	x0,x0,0	  x0:0x00000000
       36765000	      3675	80000ddc	abd50013	addi	x0,x10,-1347	 x10:0x00000001
       36775000	      3676	80000de0	00b79793	slli	x15,x15,0xb	 x15:0xc0000000 x15=0x00000000
       36785000	      3677	80000de4	00f8f2b3	and	x5,x17,x15	 x17:0x80009fc4 x15:0x00000000  x5=0x00000000
       36795000	      3678	80000de8	003bcf33	xor	x30,x23,x3	 x23:0x027f1000  x3:0x00000000 x30=0x027f1000
       36805000	      3679	80000dec	01559ab3	sll	x21,x11,x21	 x11:0x01d82850 x21:0xffffff5f x21=0x00000000
       36815000	      3680	80000df0	40d45493	srai	x9,x8,0xd	  x8:0x00000000  x9=0x00000000
       36825000	      3681	80000df4	14b66713	ori	x14,x12,331	 x12:0x200027f1 x14=0x200027fb
       36835000	      3682	80000df8	40d85a33	sra	x20,x16,x13	 x16:0x80000000 x13:0x00000000 x20=0x80000000
       36845000	      3683	80000dfc	0118f263	bgeu	x17,x17,80000e00	 x17:0x80009fc4 x17:0x80009fc4
       36855000	      3684	00000000	00000013	addi	x0,x0,0	  x0:0x00000000
       36865000	      3685	80000dfc	00000013	addi	x0,x0,0	  x0:0x00000000
       36875000	      3686	80000e00	3118ef13	ori	x30,x17,785	 x17:0x80009fc4 x30=0x80009fd5
       36885000	      3687	80000e04	95b2b693	sltiu	x13,x5,-1701	  x5:0x00000000 x13=0x00000001
       36895000	      3688	80000e08	40025f93	srai	x31,x4,0x0	  x4:0x00000000 x31=0x00000000
       36905000	      3689	80000e0c	04dbf863	bgeu	x23,x13,80000e5c	 x23:0x027f1000 x13:0x00000001
       36915000	      3690	00000000	00000013	addi	x0,x0,0	  x0:0x00000000
       36925000	      3691	80000e58	00000013	addi	x0,x0,0	  x0:0x00000000
       36935000	      3692	80000e5c	41ac8bb3	sub	x23,x25,x26	 x25:0x7fff676c x26:0x00000001 x23=0x7fff676b
       36945000	      3693	80000e60	00b1f663	bgeu	x3,x11,80000e6c	  x3:0x00000000 x11:0x01d82850
       36955000	      3694	80000e64	dc643a13	sltiu	x20,x8,-570	  x8:0x00000000 x20=0x00000001
       36965000	      3695	80000e68	40bc5613	srai	x12,x24,0xb	 x24:0x80009f84 x12=0xfff00013
       36975000	      3696	80000e6c	00545193	srli	x3,x8,0x5	  x8:0x00000000  x3=0x00000000
       36985000	      3697	80000e70	011a82b3	add	x5,x21,x17	 x21:0x00000000 x17:0x80009fc4  x5=0x80009fc4
       36995000	      3698	80000e74	01edf933	and	x18,x27,x30	 x27:0x00000000 x30:0x80009fd5 x18=0x00000000
       37005000	      3699	80000e78	01da9293	slli	x5,x21,0x1d	 x21:0x00000000  x5=0x00000000
       37015000	      3700	80000e7c	0128e663	bltu	x17,x18,80000e88	 x17:0x80009fc4 x18:0x00000000
       37025000	      3701	80000e80	3ac2c113	xori	x2,x5,940	  x5:0x00000000  x2=0x000003ac
       37035000	      3702	80000e84	0578c463	blt	x17,x23,80000ecc	 x17:0x80009fc4 x23:0x7fff676b
       37045000	      3703	00000000	00000013	addi	x0,x0,0	  x0:0x00000000
       37055000	      3704	80000ec8	00000013	addi	x0,x0,0	  x0:0x00000000
       37065000	      3705	80000ecc	01bb6e33	or	x28,x22,x27	 x22:0xec172dda x27:0x00000000 x28=0xec172dda
       37075000	      3706	80000ed0	00000013	addi	x0,x0,0	  x0:0x00000000
       37085000	      3707	80000ed4	c0672113	slti	x2,x14,-1018	 x14:0x200027fb  x2=0x00000000
       37095000	      3708	80000ed8	01db4e33	xor	x28,x22,x29	 x22:0xec172dda x29:0x01d82e5a x28=0xedcf0380
       37105000	      3709	80000edc	00ad00b3	add	x1,x26,x10	 x26:0x00000001 x10:0x00000001  x1=0x00000002
       37115000	      3710	80000ee0	019dd613	srli	x12,x27,0x19	 x27:0x00000000 x12=0x00000000
       37125000	      3711	80000ee4	01736db3	or	x27,x6,x23	  x6:0x00000001 x23:0x7fff676b x27=0x7fff676b
       37135000	      3712	80000ee8	08a87463	bgeu	x16,x10,80000f70	 x16:0x80000000 x10:0x00000001
       37145000	      3713	00000000	00000013	addi	x0,x0,0	  x0:0x00000000
       37155000	      3714	80000f6c	00000013	addi	x0,x0,0	  x0:0x00000000
       37165000	      3715	80000f70	4098d733	sra	x14,x17,x9	 x17:0x80009fc4  x9:0x00000000 x14=0x80009fc4
       37175000	      3716	80000f74	00000013	addi	x0,x0,0	  x0:0x00000000
       37185000	      3717	80000f78	018de933	or	x18,x27,x24	 x27:0x7fff676b x24:0x80009f84 x18=0xffffffef
       37195000	      3718	80000f7c	05829263	bne	x5,x24,80000fc0	  x5:0x00000000 x24:0x80009f84
       37205000	      3719	00000000	00000013	addi	x0,x0,0	  x0:0x00000000
       37215000	      3720	80000fbc	00000013	addi	x0,x0,0	  x0:0x00000000
       37225000	      3721	80000fc0	40ca05b3	sub	x11,x20,x12	 x20:0x00000001 x12:0x00000000 x11=0x00000001
       37235000	      3722	80000fc4	011c0263	beq	x24,x17,80000fc8	 x24:0x80009f84 x17:0x80009fc4
       37245000	      3723	80000fc8	55aba313	slti	x6,x23,1370	 x23:0x7fff676b  x6=0x00000000
       37255000	      3724	80000fcc	00000013	addi	x0,x0,0	  x0:0x00000000
       37265000	      3725	80000fd0	018f4833	xor	x16,x30,x24	 x30:0x80009fd5 x24:0x80009f84 x16=0x00000051
       37275000	      3726	80000fd4	62a05eb7	lui	x29,0x62a05	 x29=0x62a05000
       37285000	      3727	80000fd8	40ea51b3	sra	x3,x20,x14	 x20:0x00000001 x14:0x80009fc4  x3=0x00000000
       37295000	      3728	80000fdc	014ac663	blt	x21,x20,80000fe8	 x21:0x00000000 x20:0x00000001
       37305000	      3729	00000000	00000013	addi	x0,x0,0	  x0:0x00000000
       37315000	      3730	80000fe4	00000013	addi	x0,x0,0	  x0:0x00000000
       37325000	      3731	80000fe8	63397e93	andi	x29,x18,1587	 x18:0xffffffef x29=0x00000623
       37335000	      3732	80000fec	00666ab3	or	x21,x12,x6	 x12:0x00000000  x6:0x00000000 x21=0x00000000
       37345000	      3733	80000ff0	0072d433	srl	x8,x5,x7	  x5:0x00000000  x7:0x00000001  x8=0x00000000
       37355000	      3734	80000ff4	05488663	beq	x17,x20,80001040	 x17:0x80009fc4 x20:0x00000001
       37365000	      3735	80000ff8	cda4a393	slti	x7,x9,-806	  x9:0x00000000  x7=0x00000000
       37375000	      3736	80000ffc	dd5a1497	auipc	x9,0xdd5a1	  x9=0x5d5a1ff8
       37385000	      3737	80001000	37dab713	sltiu	x14,x21,893	 x21:0x00000000 x14=0x00000001
       37395000	      3738	80001004	00d17033	and	x0,x2,x13	  x2:0x00000000 x13:0x00000001
       37405000	      3739	80001008	01896f33	or	x30,x18,x24	 x18:0xffffffef x24:0x80009f84 x30=0xffffffef
       37415000	      3740	8000100c	00f56fb3	or	x31,x10,x15	 x10:0x00000001 x15:0x00000000 x31=0x00000001
       37425000	      3741	80001010	0847c813	xori	x16,x15,132	 x15:0x00000000 x16=0x00000084
       37435000	      3742	80001014	c74d0d13	addi	x26,x26,-908	 x26:0x00000001 x26=0xfffffc75
       37445000	      3743	80001018	034bd263	bge	x23,x20,8000103c	 x23:0x7fff676b x20:0x00000001
       37455000	      3744	00000000	00000013	addi	x0,x0,0	  x0:0x00000000
       37465000	      3745	80001038	00000013	addi	x0,x0,0	  x0:0x00000000
       37475000	      3746	8000103c	0087a3b3	slt	x7,x15,x8	 x15:0x00000000  x8:0x00000000  x7=0x00000000
       37485000	      3747	80001040	00caf2b3	and	x5,x21,x12	 x21:0x00000000 x12:0x00000000  x5=0x00000000
       37495000	      3748	80001044	00bf0263	beq	x30,x11,80001048	 x30:0xffffffef x11:0x00000001
       37505000	      3749	80001048	9ec7cf13	xori	x30,x15,-1556	 x15:0x00000000 x30=0xfffff9ec
       37515000	      3750	8000104c	410682b3	sub	x5,x13,x16	 x13:0x00000001 x16:0x00000084  x5=0xffffff7d
       37525000	      3751	80001050	6c7ba217	auipc	x4,0x6c7ba	  x4=0xec7bb04c
       37535000	      3752	80001054	25578693	addi	x13,x15,597	 x15:0x00000000 x13=0x00000255
       37545000	      3753	80001058	be137d93	andi	x27,x6,-1055	  x6:0x00000000 x27=0x00000000
       37555000	      3754	8000105c	01defcb3	and	x25,x29,x29	 x29:0x00000623 x29:0x00000623 x25=0x00000623
       37565000	      3755	80001060	042a4863	blt	x20,x2,800010b0	 x20:0x00000001  x2:0x00000000
       37575000	      3756	80001064	05080663	beq	x16,x16,800010b0	 x16:0x00000084 x16:0x00000084
       37585000	      3757	00000000	00000013	addi	x0,x0,0	  x0:0x00000000
       37595000	      3758	800010ac	00000013	addi	x0,x0,0	  x0:0x00000000
       37605000	      3759	800010b0	4178ef93	ori	x31,x17,1047	 x17:0x80009fc4 x31=0x80009fd7
       37615000	      3760	800010b4	0070be33	sltu	x28,x1,x7	  x1:0x00000002  x7:0x00000000 x28=0x00000000
       37625000	      3761	800010b8	51a23213	sltiu	x4,x4,1306	  x4:0xec7bb04c  x4=0x00000000
       37635000	      3762	800010bc	01879a13	slli	x20,x15,0x18	 x15:0x00000000 x20=0x00000000
       37645000	      3763	800010c0	00510a63	beq	x2,x5,800010d4	  x2:0x00000000  x5:0xffffff7d
       37655000	      3764	800010c4	408c8333	sub	x6,x25,x8	 x25:0x00000623  x8:0x00000000  x6=0x00000623
       37665000	      3765	800010c8	03ba4263	blt	x20,x27,800010ec	 x20:0x00000000 x27:0x00000000
       37675000	      3766	800010cc	00140533	add	x10,x8,x1	  x8:0x00000000  x1:0x00000002 x10=0x00000002
       37685000	      3767	800010d0	0027d433	srl	x8,x15,x2	 x15:0x00000000  x2:0x00000000  x8=0x00000000
       37695000	      3768	800010d4	b9f17193	andi	x3,x2,-1121	  x2:0x00000000  x3=0x00000000
       37705000	      3769	800010d8	0049dd33	srl	x26,x19,x4	 x19:0x00000001  x4:0x00000000 x26=0x00000001
       37715000	      3770	800010dc	0196b0b3	sltu	x1,x13,x25	 x13:0x00000255 x25:0x00000623  x1=0x00000001
       37725000	      3771	800010e0	41cd0ab3	sub	x21,x26,x28	 x26:0x00000001 x28:0x00000000 x21=0x00000001
       37735000	      3772	800010e4	400a5033	sra	x0,x20,x0	 x20:0x00000000  x0:0x00000000
       37745000	      3773	800010e8	00a03133	sltu	x2,x0,x10	  x0:0x00000000 x10:0x00000002  x2=0x00000001
       37755000	      3774	800010ec	9bf2e493	ori	x9,x5,-1601	  x5:0xffffff7d  x9=0xffffffff
       37765000	      3775	800010f0	050b0a63	beq	x22,x16,80001144	 x22:0xec172dda x16:0x00000084
       37775000	      3776	800010f4	b4ebe1b7	lui	x3,0xb4ebe	  x3=0xb4ebe000
       37785000	      3777	800010f8	00f352b3	srl	x5,x6,x15	  x6:0x00000623 x15:0x00000000  x5=0x00000623
       37795000	      3778	800010fc	001b2ab3	slt	x21,x22,x1	 x22:0xec172dda  x1:0x00000001 x21=0x00000001
       37805000	      3779	80001100	4144dcb3	sra	x25,x9,x20	  x9:0xffffffff x20:0x00000000 x25=0xffffffff
       37815000	      3780	80001104	01036633	or	x12,x6,x16	  x6:0x00000623 x16:0x00000084 x12=0x000006a7
       37825000	      3781	80001108	01400cef	jal	x25,80001108	 x25=0x80001108
       37835000	      3782	00000000	00000013	addi	x0,x0,0	  x0:0x00000000
       37845000	      3783	80001118	00000013	addi	x0,x0,0	  x0:0x00000000
       37855000	      3784	8000111c	ff1ff1ef	jal	x3,8000111c	  x3=0x8000111c
       37865000	      3785	00000000	00000013	addi	x0,x0,0	  x0:0x00000000
       37875000	      3786	80001108	00000013	addi	x0,x0,0	  x0:0x00000000
       37885000	      3787	8000110c	018000ef	jal	x1,8000110c	  x1=0x8000110c
       37895000	      3788	00000000	00000013	addi	x0,x0,0	  x0:0x00000000
       37905000	      3789	80001120	00000013	addi	x0,x0,0	  x0:0x00000000
       37915000	      3790	80001124	004000ef	jal	x1,80001124	  x1=0x80001124
       37925000	      3791	00000000	00000013	addi	x0,x0,0	  x0:0x00000000
       37935000	      3792	80001124	00000013	addi	x0,x0,0	  x0:0x00000000
       37945000	      3793	80001128	0080036f	jal	x6,80001128	  x6=0x80001128
       37955000	      3794	00000000	00000013	addi	x0,x0,0	  x0:0x00000000
       37965000	      3795	8000112c	00000013	addi	x0,x0,0	  x0:0x00000000
       37975000	      3796	80001130	fe1ff0ef	jal	x1,80001130	  x1=0x80001130
       37985000	      3797	00000000	00000013	addi	x0,x0,0	  x0:0x00000000
       37995000	      3798	8000110c	00000013	addi	x0,x0,0	  x0:0x00000000
       38005000	      3799	80001110	004000ef	jal	x1,80001110	  x1=0x80001110
       38015000	      3800	00000000	00000013	addi	x0,x0,0	  x0:0x00000000
       38025000	      3801	80001110	00000013	addi	x0,x0,0	  x0:0x00000000
       38035000	      3802	80001114	004000ef	jal	x1,80001114	  x1=0x80001114
       38045000	      3803	00000000	00000013	addi	x0,x0,0	  x0:0x00000000
       38055000	      3804	80001114	00000013	addi	x0,x0,0	  x0:0x00000000
       38065000	      3805	80001118	008000ef	jal	x1,80001118	  x1=0x80001118
       38075000	      3806	00000000	00000013	addi	x0,x0,0	  x0:0x00000000
       38085000	      3807	8000111c	00000013	addi	x0,x0,0	  x0:0x00000000
       38095000	      3808	80001120	00c000ef	jal	x1,80001120	  x1=0x80001120
       38105000	      3809	00000000	00000013	addi	x0,x0,0	  x0:0x00000000
       38115000	      3810	80001128	00000013	addi	x0,x0,0	  x0:0x00000000
       38125000	      3811	8000112c	008000ef	jal	x1,8000112c	  x1=0x8000112c
       38135000	      3812	00000000	00000013	addi	x0,x0,0	  x0:0x00000000
       38145000	      3813	80001130	00000013	addi	x0,x0,0	  x0:0x00000000
       38155000	      3814	80001134	011e3db3	sltu	x27,x28,x17	 x28:0x00000000 x17:0x80009fc4 x27=0x00000001
       38165000	      3815	80001138	26885d37	lui	x26,0x26885	 x26=0x26885000
       38175000	      3816	8000113c	d281abb7	lui	x23,0xd281a	 x23=0xd281a000
       38185000	      3817	80001140	ac3d2697	auipc	x13,0xac3d2	 x13=0x2c3d313c
       38195000	      3818	80001144	53492797	auipc	x15,0x53492	 x15=0xd3493140
       38205000	      3819	80001148	01b35d13	srli	x26,x6,0x1b	  x6:0x80001128 x26=0x00000010
       38215000	      3820	8000114c	00618c63	beq	x3,x6,80001164	  x3:0x8000111c  x6:0x80001128
       38225000	      3821	80001150	cc6eb413	sltiu	x8,x29,-826	 x29:0x00000623  x8=0x00000001
       38235000	      3822	80001154	123a3737	lui	x14,0x123a3	 x14=0x123a3000
       38245000	      3823	80001158	0107d493	srli	x9,x15,0x10	 x15:0xd3493140  x9=0x0000d349
       38255000	      3824	8000115c	01c18db3	add	x27,x3,x28	  x3:0x8000111c x28:0x00000000 x27=0x8000111c
       38265000	      3825	80001160	1b1f8193	addi	x3,x31,433	 x31:0x80009fd7  x3=0x8000a188
       38275000	      3826	80001164	07cace13	xori	x28,x21,124	 x21:0x00000001 x28=0x0000007d
       38285000	      3827	80001168	40dfdf33	sra	x30,x31,x13	 x31:0x80009fd7 x13:0x2c3d313c x30=0xfffffff8
       38295000	      3828	8000116c	03a51263	bne	x10,x26,80001190	 x10:0x00000002 x26:0x00000010
       38305000	      3829	00000000	00000013	addi	x0,x0,0	  x0:0x00000000
       38315000	      3830	8000118c	00000013	addi	x0,x0,0	  x0:0x00000000
       38325000	      3831	80001190	f0770693	addi	x13,x14,-249	 x14:0x123a3000 x13=0x123a2f07
       38335000	      3832	80001194	010d2433	slt	x8,x26,x16	 x26:0x00000010 x16:0x00000084  x8=0x00000001
       38345000	      3833	80001198	01e981b3	add	x3,x19,x30	 x19:0x00000001 x30:0xfffffff8  x3=0xfffffff9
       38355000	      3834	8000119c	41ac8233	sub	x4,x25,x26	 x25:0x80001108 x26:0x00000010  x4=0x800010f8
       38365000	      3835	800011a0	e8043c93	sltiu	x25,x8,-384	  x8:0x00000001 x25=0x00000001
       38375000	      3836	800011a4	6f0f5617	auipc	x12,0x6f0f5	 x12=0xef0f61a0
       38385000	      3837	800011a8	00691f13	slli	x30,x18,0x6	 x18:0xffffffef x30=0xfffffbc0
       38395000	      3838	800011ac	008f9113	slli	x2,x31,0x8	 x31:0x80009fd7  x2=0x009fd700
       38405000	      3839	800011b0	6d953213	sltiu	x4,x10,1753	 x10:0x00000002  x4=0x00000001
       38415000	      3840	800011b4	00020663	beq	x4,x0,800011c0	  x4:0x00000001  x0:0x00000000
       38425000	      3841	800011b8	034a1863	bne	x20,x20,800011e8	 x20:0x00000000 x20:0x00000000
       38435000	      3842	800011bc	05f08663	beq	x1,x31,80001208	  x1:0x8000112c x31:0x80009fd7
       38445000	      3843	800011c0	3efc0797	auipc	x15,0x3efc0	 x15=0xbefc11bc
       38455000	      3844	800011c4	00000013	addi	x0,x0,0	  x0:0x00000000
       38465000	      3845	800011c8	01b585b3	add	x11,x11,x27	 x11:0x00000001 x27:0x8000111c x11=0x8000111d
       38475000	      3846	800011cc	010c1263	bne	x24,x16,800011d0	 x24:0x80009f84 x16:0x00000084
       38485000	      3847	00000000	00000013	addi	x0,x0,0	  x0:0x00000000
       38495000	      3848	800011cc	00000013	addi	x0,x0,0	  x0:0x00000000
       38505000	      3849	800011d0	01edd693	srli	x13,x27,0x1e	 x27:0x8000111c x13=0x00000002
       38515000	      3850	800011d4	05ac9863	bne	x25,x26,80001224	 x25:0x00000001 x26:0x00000010
       38525000	      3851	00000000	00000013	addi	x0,x0,0	  x0:0x00000000
       38535000	      3852	80001220	00000013	addi	x0,x0,0	  x0:0x00000000
       38545000	      3853	80001224	03ce4c63	blt	x28,x28,8000125c	 x28:0x0000007d x28:0x0000007d
       38555000	      3854	80001228	f60d8613	addi	x12,x27,-160	 x27:0x8000111c x12=0x8000107c
       38565000	      3855	8000122c	65b00693	addi	x13,x0,1627	  x0:0x00000000 x13=0x0000065b
       38575000	      3856	80001230	b4048613	addi	x12,x9,-1216	  x9:0x0000d349 x12=0x0000ce89
       38585000	      3857	80001234	01dea833	slt	x16,x29,x29	 x29:0x00000623 x29:0x00000623 x16=0x00000000
       38595000	      3858	80001238	00225e13	srli	x28,x4,0x2	  x4:0x00000001 x28=0x00000000
       38605000	      3859	8000123c	7dade313	ori	x6,x27,2010	 x27:0x8000111c  x6=0x800017de
       38615000	      3860	80001240	01988663	beq	x17,x25,8000124c	 x17:0x80009fc4 x25:0x00000001
       38625000	      3861	80001244	fa0fa613	slti	x12,x31,-96	 x31:0x80009fd7 x12=0x00000001
       38635000	      3862	80001248	044b6863	bltu	x22,x4,80001298	 x22:0xec172dda  x4:0x00000001
       38645000	      3863	8000124c	d32dce17	auipc	x28,0xd32dc	 x28=0x532dd248
       38655000	      3864	80001250	b9ddc213	xori	x4,x27,-1123	 x27:0x8000111c  x4=0x7fffea81
       38665000	      3865	80001254	ca92acb7	lui	x25,0xca92a	 x25=0xca92a000
       38675000	      3866	80001258	00d6bbb3	sltu	x23,x13,x13	 x13:0x0000065b x13:0x0000065b x23=0x00000000
       38685000	      3867	8000125c	5a2a8593	addi	x11,x21,1442	 x21:0x00000001 x11=0x000005a3
       38695000	      3868	80001260	05b79263	bne	x15,x27,800012a4	 x15:0xbefc11bc x27:0x8000111c
       38705000	      3869	00000000	00000013	addi	x0,x0,0	  x0:0x00000000
       38715000	      3870	800012a0	00000013	addi	x0,x0,0	  x0:0x00000000
       38725000	      3871	800012a4	4104d413	srai	x8,x9,0x10	  x9:0x0000d349  x8=0x00000000
       38735000	      3872	800012a8	00000b17	auipc	x22,0x0	 x22=0x800012a4
       38745000	      3873	800012ac	00cb0b13	addi	x22,x22,12	 x22:0x800012a4 x22=0x800012b0
       38755000	      3874	800012b0	000b0067	jalr	x0,x22,0	 x22:0x800012b0
       38765000	      3875	00000000	00000013	addi	x0,x0,0	  x0:0x00000000
       38775000	      3876	800012b0	00000013	addi	x0,x0,0	  x0:0x00000000
       38785000	      3877	800012b4	00100193	addi	x3,x0,1	  x0:0x00000000  x3=0x00000001
       38795000	      3878	800012b8	00000073	ecall	
       38805000	      3879	800012bc	fe0c0c13	addi	x24,x24,-32	 x24:0x80009f84 x24=0x80009f64
