		Time			Cycle	PC		Insn	Decoded instruction	Register and memory contents
          65000	         5	80000004	00000293	addi	x5,x0,0	  x0:0x00000000  x5=0x00000000
          75000	         6	80000008	00000313	addi	x6,x0,0	  x0:0x00000000  x6=0x00000000
          85000	         7	8000000c	00628263	beq	x5,x6,80000010	  x5:0x00000000  x6:0x00000000
          95000	         8	00000000	00000013	addi	x0,x0,0	  x0:0x00000000
         105000	         9	8000000c	00000013	addi	x0,x0,0	  x0:0x00000000
         115000	        10	80000010	00000897	auipc	x17,0x0	 x17=0x8000000c
         125000	        11	80000014	00c88893	addi	x17,x17,12	 x17:0x8000000c x17=0x80000018
         135000	        12	80000018	00088067	jalr	x0,x17,0	 x17:0x80000018
         145000	        13	00000000	00000013	addi	x0,x0,0	  x0:0x00000000
         155000	        14	80000018	00000013	addi	x0,x0,0	  x0:0x00000000
         165000	        15	8000001c	400007b7	lui	x15,0x40000	 x15=0x40000000
         175000	        16	80000020	10078793	addi	x15,x15,256	 x15:0x40000000 x15=0x40000100
         185000	        17	80000024	00000013	addi	x0,x0,0	  x0:0x00000000
         195000	        18	80000028	0000ad17	auipc	x26,0xa	 x26=0x8000a024
         205000	        19	8000002c	fa0d0d13	addi	x26,x26,-96	 x26:0x8000a024 x26=0x80009fc4
         215000	        20	80000030	00004797	auipc	x15,0x4	 x15=0x8000402c
         225000	        21	80000034	6a078793	addi	x15,x15,1696	 x15:0x8000402c x15=0x800046cc
         235000	        22	80000038	0007e793	ori	x15,x15,0	 x15:0x800046cc x15=0x800046cc
         245000	        23	8000003c	00000013	addi	x0,x0,0	  x0:0x00000000
         255000	        24	80000040	00000797	auipc	x15,0x0	 x15=0x8000003c
         265000	        25	80000044	02078793	addi	x15,x15,32	 x15:0x8000003c x15=0x8000005c
         275000	        26	80000048	00000013	addi	x0,x0,0	  x0:0x00000000
         285000	        27	8000004c	00000013	addi	x0,x0,0	  x0:0x00000000
         295000	        28	80000050	000027b7	lui	x15,0x2	 x15=0x00002000
         305000	        29	80000054	80078793	addi	x15,x15,-2048	 x15:0x00002000 x15=0x00001800
         315000	        30	80000058	00000013	addi	x0,x0,0	  x0:0x00000000
         325000	        31	8000005c	00000013	addi	x0,x0,0	  x0:0x00000000
         335000	        32	80000060	80000037	lui	x0,0x80000	
         345000	        33	80000064	00000013	addi	x0,x0,0	  x0:0x00000000
         355000	        34	80000068	00d00093	addi	x1,x0,13	  x0:0x00000000  x1=0x0000000d
         365000	        35	8000006c	00400113	addi	x2,x0,4	  x0:0x00000000  x2=0x00000004
         375000	        36	80000070	f45861b7	lui	x3,0xf4586	  x3=0xf4586000
         385000	        37	80000074	de118193	addi	x3,x3,-543	  x3:0xf4586000  x3=0xf4585de1
         395000	        38	80000078	2d161237	lui	x4,0x2d161	  x4=0x2d161000
         405000	        39	8000007c	f4820213	addi	x4,x4,-184	  x4:0x2d161000  x4=0x2d160f48
         415000	        40	80000080	00000293	addi	x5,x0,0	  x0:0x00000000  x5=0x00000000
         425000	        41	80000084	f60cd337	lui	x6,0xf60cd	  x6=0xf60cd000
         435000	        42	80000088	d9830313	addi	x6,x6,-616	  x6:0xf60cd000  x6=0xf60ccd98
         445000	        43	8000008c	f73ec437	lui	x8,0xf73ec	  x8=0xf73ec000
         455000	        44	80000090	af040413	addi	x8,x8,-1296	  x8:0xf73ec000  x8=0xf73ebaf0
         465000	        45	80000094	800004b7	lui	x9,0x80000	  x9=0x80000000
         475000	        46	80000098	bae23537	lui	x10,0xbae23	 x10=0xbae23000
         485000	        47	8000009c	9a750513	addi	x10,x10,-1625	 x10:0xbae23000 x10=0xbae229a7
         495000	        48	800000a0	fd2c95b7	lui	x11,0xfd2c9	 x11=0xfd2c9000
         505000	        49	800000a4	22858593	addi	x11,x11,552	 x11:0xfd2c9000 x11=0xfd2c9228
         515000	        50	800000a8	00400613	addi	x12,x0,4	  x0:0x00000000 x12=0x00000004
         525000	        51	800000ac	d39716b7	lui	x13,0xd3971	 x13=0xd3971000
         535000	        52	800000b0	48768693	addi	x13,x13,1159	 x13:0xd3971000 x13=0xd3971487
         545000	        53	800000b4	00f00713	addi	x14,x0,15	  x0:0x00000000 x14=0x0000000f
         555000	        54	800000b8	800007b7	lui	x15,0x80000	 x15=0x80000000
         565000	        55	800000bc	00000813	addi	x16,x0,0	  x0:0x00000000 x16=0x00000000
         575000	        56	800000c0	10b878b7	lui	x17,0x10b87	 x17=0x10b87000
         585000	        57	800000c4	84888893	addi	x17,x17,-1976	 x17:0x10b87000 x17=0x10b86848
         595000	        58	800000c8	fe006937	lui	x18,0xfe006	 x18=0xfe006000
         605000	        59	800000cc	36290913	addi	x18,x18,866	 x18:0xfe006000 x18=0xfe006362
         615000	        60	800000d0	fca839b7	lui	x19,0xfca83	 x19=0xfca83000
         625000	        61	800000d4	76698993	addi	x19,x19,1894	 x19:0xfca83000 x19=0xfca83766
         635000	        62	800000d8	80000a37	lui	x20,0x80000	 x20=0x80000000
         645000	        63	800000dc	00000a93	addi	x21,x0,0	  x0:0x00000000 x21=0x00000000
         655000	        64	800000e0	80000b37	lui	x22,0x80000	 x22=0x80000000
         665000	        65	800000e4	e251dbb7	lui	x23,0xe251d	 x23=0xe251d000
         675000	        66	800000e8	c19b8b93	addi	x23,x23,-999	 x23:0xe251d000 x23=0xe251cc19
         685000	        67	800000ec	80000c37	lui	x24,0x80000	 x24=0x80000000
         695000	        68	800000f0	80000cb7	lui	x25,0x80000	 x25=0x80000000
         705000	        69	800000f4	00000d93	addi	x27,x0,0	  x0:0x00000000 x27=0x00000000
         715000	        70	800000f8	00400e13	addi	x28,x0,4	  x0:0x00000000 x28=0x00000004
         725000	        71	800000fc	00000e93	addi	x29,x0,0	  x0:0x00000000 x29=0x00000000
         735000	        72	80000100	fc255f37	lui	x30,0xfc255	 x30=0xfc255000
         745000	        73	80000104	a35f0f13	addi	x30,x30,-1483	 x30:0xfc255000 x30=0xfc254a35
         755000	        74	80000108	00000f93	addi	x31,x0,0	  x0:0x00000000 x31=0x00000000
         765000	        75	8000010c	0000a397	auipc	x7,0xa	  x7=0x8000a108
         775000	        76	80000110	e7c38393	addi	x7,x7,-388	  x7:0x8000a108  x7=0x80009f84
         785000	        77	80000114	02c006ef	jal	x13,80000114	 x13=0x80000114
         795000	        78	00000000	00000013	addi	x0,x0,0	  x0:0x00000000
         805000	        79	8000013c	00000013	addi	x0,x0,0	  x0:0x00000000
         815000	        80	80000140	fe5ff86f	jal	x16,80000140	 x16=0x80000140
         825000	        81	00000000	00000013	addi	x0,x0,0	  x0:0x00000000
         835000	        82	80000120	00000013	addi	x0,x0,0	  x0:0x00000000
         845000	        83	80000124	ff9ff36f	jal	x6,80000124	  x6=0x80000124
         855000	        84	00000000	00000013	addi	x0,x0,0	  x0:0x00000000
         865000	        85	80000118	00000013	addi	x0,x0,0	  x0:0x00000000
         875000	        86	8000011c	018000ef	jal	x1,8000011c	  x1=0x8000011c
         885000	        87	00000000	00000013	addi	x0,x0,0	  x0:0x00000000
         895000	        88	80000130	00000013	addi	x0,x0,0	  x0:0x00000000
         905000	        89	80000134	01c000ef	jal	x1,80000134	  x1=0x80000134
         915000	        90	00000000	00000013	addi	x0,x0,0	  x0:0x00000000
         925000	        91	8000014c	00000013	addi	x0,x0,0	  x0:0x00000000
         935000	        92	80000150	ffdff0ef	jal	x1,80000150	  x1=0x80000150
         945000	        93	00000000	00000013	addi	x0,x0,0	  x0:0x00000000
         955000	        94	80000148	00000013	addi	x0,x0,0	  x0:0x00000000
         965000	        95	8000014c	fddff0ef	jal	x1,8000014c	  x1=0x8000014c
         975000	        96	00000000	00000013	addi	x0,x0,0	  x0:0x00000000
         985000	        97	80000124	00000013	addi	x0,x0,0	  x0:0x00000000
         995000	        98	80000128	01c000ef	jal	x1,80000128	  x1=0x80000128
        1005000	        99	00000000	00000013	addi	x0,x0,0	  x0:0x00000000
        1015000	       100	80000140	00000013	addi	x0,x0,0	  x0:0x00000000
        1025000	       101	80000144	ff5ff36f	jal	x6,80000144	  x6=0x80000144
        1035000	       102	00000000	00000013	addi	x0,x0,0	  x0:0x00000000
        1045000	       103	80000134	00000013	addi	x0,x0,0	  x0:0x00000000
        1055000	       104	80000138	fe1ff0ef	jal	x1,80000138	  x1=0x80000138
        1065000	       105	00000000	00000013	addi	x0,x0,0	  x0:0x00000000
        1075000	       106	80000114	00000013	addi	x0,x0,0	  x0:0x00000000
        1085000	       107	80000118	01400fef	jal	x31,80000118	 x31=0x80000118
        1095000	       108	00000000	00000013	addi	x0,x0,0	  x0:0x00000000
        1105000	       109	80000128	00000013	addi	x0,x0,0	  x0:0x00000000
        1115000	       110	8000012c	ff5ff0ef	jal	x1,8000012c	  x1=0x8000012c
        1125000	       111	00000000	00000013	addi	x0,x0,0	  x0:0x00000000
        1135000	       112	8000011c	00000013	addi	x0,x0,0	  x0:0x00000000
        1145000	       113	80000120	010000ef	jal	x1,80000120	  x1=0x80000120
        1155000	       114	00000000	00000013	addi	x0,x0,0	  x0:0x00000000
        1165000	       115	8000012c	00000013	addi	x0,x0,0	  x0:0x00000000
        1175000	       116	80000130	0240036f	jal	x6,80000130	  x6=0x80000130
        1185000	       117	00000000	00000013	addi	x0,x0,0	  x0:0x00000000
        1195000	       118	80000150	00000013	addi	x0,x0,0	  x0:0x00000000
        1205000	       119	80000154	ff5ffcef	jal	x25,80000154	 x25=0x80000154
        1215000	       120	00000000	00000013	addi	x0,x0,0	  x0:0x00000000
        1225000	       121	80000144	00000013	addi	x0,x0,0	  x0:0x00000000
        1235000	       122	80000148	ff5ffcef	jal	x25,80000148	 x25=0x80000148
        1245000	       123	00000000	00000013	addi	x0,x0,0	  x0:0x00000000
        1255000	       124	80000138	00000013	addi	x0,x0,0	  x0:0x00000000
        1265000	       125	8000013c	01c000ef	jal	x1,8000013c	  x1=0x8000013c
        1275000	       126	00000000	00000013	addi	x0,x0,0	  x0:0x00000000
        1285000	       127	80000154	00000013	addi	x0,x0,0	  x0:0x00000000
        1295000	       128	80000158	a9face13	xori	x28,x21,-1377	 x21:0x00000000 x28=0xfffffa9f
        1305000	       129	8000015c	001a6e33	or	x28,x20,x1	 x20:0x80000000  x1:0x8000013c x28=0x8000013c
        1315000	       130	80000160	01001e93	slli	x29,x0,0x10	  x0:0x00000000 x29=0x00000000
        1325000	       131	80000164	41fd5013	srai	x0,x26,0x1f	 x26:0x80009fc4
        1335000	       132	80000168	0121f0b3	and	x1,x3,x18	  x3:0xf4585de1 x18:0xfe006362  x1=0xf4004160
        1345000	       133	8000016c	035d1a63	bne	x26,x21,800001a0	 x26:0x80009fc4 x21:0x00000000
        1355000	       134	00000000	00000013	addi	x0,x0,0	  x0:0x00000000
        1365000	       135	8000019c	00000013	addi	x0,x0,0	  x0:0x00000000
        1375000	       136	800001a0	01549c33	sll	x24,x9,x21	  x9:0x80000000 x21:0x00000000 x24=0x80000000
        1385000	       137	800001a4	05915463	bge	x2,x25,800001ec	  x2:0x00000004 x25:0x80000148
        1395000	       138	00000000	00000013	addi	x0,x0,0	  x0:0x00000000
        1405000	       139	800001e8	00000013	addi	x0,x0,0	  x0:0x00000000
        1415000	       140	800001ec	01be9413	slli	x8,x29,0x1b	 x29:0x00000000  x8=0x00000000
        1425000	       141	800001f0	025d8663	beq	x27,x5,8000021c	 x27:0x00000000  x5:0x00000000
        1435000	       142	00000000	00000013	addi	x0,x0,0	  x0:0x00000000
        1445000	       143	80000218	00000013	addi	x0,x0,0	  x0:0x00000000
        1455000	       144	8000021c	41b7d0b3	sra	x1,x15,x27	 x15:0x80000000 x27:0x00000000  x1=0x80000000
        1465000	       145	80000220	006102b3	add	x5,x2,x6	  x2:0x00000004  x6:0x80000130  x5=0x80000134
        1475000	       146	80000224	00000013	addi	x0,x0,0	  x0:0x00000000
        1485000	       147	80000228	00446733	or	x14,x8,x4	  x8:0x00000000  x4:0x2d160f48 x14=0x2d160f48
        1495000	       148	8000022c	6e6c6713	ori	x14,x24,1766	 x24:0x80000000 x14=0x800006e6
        1505000	       149	80000230	583f6113	ori	x2,x30,1411	 x30:0xfc254a35  x2=0xfc254fb7
        1515000	       150	80000234	00d1f4b3	and	x9,x3,x13	  x3:0xf4585de1 x13:0x80000114  x9=0x80000100
        1525000	       151	80000238	02fede63	bge	x29,x15,80000274	 x29:0x00000000 x15:0x80000000
        1535000	       152	00000000	00000013	addi	x0,x0,0	  x0:0x00000000
        1545000	       153	80000270	00000013	addi	x0,x0,0	  x0:0x00000000
        1555000	       154	80000274	f0190b37	lui	x22,0xf0190	 x22=0xf0190000
        1565000	       155	80000278	00000897	auipc	x17,0x0	 x17=0x80000274
        1575000	       156	8000027c	00c88893	addi	x17,x17,12	 x17:0x80000274 x17=0x80000280
        1585000	       157	80000280	00088067	jalr	x0,x17,0	 x17:0x80000280
        1595000	       158	00000000	00000013	addi	x0,x0,0	  x0:0x00000000
        1605000	       159	80000280	00000013	addi	x0,x0,0	  x0:0x00000000
        1615000	       160	80000284	00100193	addi	x3,x0,1	  x0:0x00000000  x3=0x00000001
        1625000	       161	80000288	00000073	ecall	
        1635000	       162	8000028c	003fd713	srli	x14,x31,0x3	 x31:0x80000118 x14=0x10000023
