		Time			Cycle	PC		Insn	Decoded instruction	Register and memory contents
          65000	         5	80000004	00000293	addi	x5,x0,0	  x0:0x00000000  x5=0x00000000
          75000	         6	80000008	00000313	addi	x6,x0,0	  x0:0x00000000  x6=0x00000000
          85000	         7	8000000c	00628263	beq	x5,x6,80000010	  x5:0x00000000  x6:0x00000000
          95000	         8	00000000	00000013	addi	x0,x0,0	  x0:0x00000000
         105000	         9	8000000c	00000013	addi	x0,x0,0	  x0:0x00000000
         115000	        10	80000010	00000a17	auipc	x20,0x0	 x20=0x8000000c
         125000	        11	80000014	00ca0a13	addi	x20,x20,12	 x20:0x8000000c x20=0x80000018
         135000	        12	80000018	000a0067	jalr	x0,x20,0	 x20:0x80000018
         145000	        13	00000000	00000013	addi	x0,x0,0	  x0:0x00000000
         155000	        14	80000018	00000013	addi	x0,x0,0	  x0:0x00000000
         165000	        15	8000001c	400008b7	lui	x17,0x40000	 x17=0x40000000
         175000	        16	80000020	10088893	addi	x17,x17,256	 x17:0x40000000 x17=0x40000100
         185000	        17	80000024	00000013	addi	x0,x0,0	  x0:0x00000000
         195000	        18	80000028	0000a617	auipc	x12,0xa	 x12=0x8000a024
         205000	        19	8000002c	fa060613	addi	x12,x12,-96	 x12:0x8000a024 x12=0x80009fc4
         215000	        20	80000030	00005897	auipc	x17,0x5	 x17=0x8000502c
         225000	        21	80000034	0c488893	addi	x17,x17,196	 x17:0x8000502c x17=0x800050f0
         235000	        22	80000038	0018e893	ori	x17,x17,1	 x17:0x800050f0 x17=0x800050f1
         245000	        23	8000003c	00000013	addi	x0,x0,0	  x0:0x00000000
         255000	        24	80000040	00000897	auipc	x17,0x0	 x17=0x8000003c
         265000	        25	80000044	02088893	addi	x17,x17,32	 x17:0x8000003c x17=0x8000005c
         275000	        26	80000048	00000013	addi	x0,x0,0	  x0:0x00000000
         285000	        27	8000004c	00000013	addi	x0,x0,0	  x0:0x00000000
         295000	        28	80000050	000028b7	lui	x17,0x2	 x17=0x00002000
         305000	        29	80000054	80088893	addi	x17,x17,-2048	 x17:0x00002000 x17=0x00001800
         315000	        30	80000058	00000013	addi	x0,x0,0	  x0:0x00000000
         325000	        31	8000005c	00000013	addi	x0,x0,0	  x0:0x00000000
         335000	        32	80000060	00000013	addi	x0,x0,0	  x0:0x00000000
         345000	        33	80000064	7e54a0b7	lui	x1,0x7e54a	  x1=0x7e54a000
         355000	        34	80000068	49608093	addi	x1,x1,1174	  x1:0x7e54a000  x1=0x7e54a496
         365000	        35	8000006c	f981e137	lui	x2,0xf981e	  x2=0xf981e000
         375000	        36	80000070	32a10113	addi	x2,x2,810	  x2:0xf981e000  x2=0xf981e32a
         385000	        37	80000074	00100193	addi	x3,x0,1	  x0:0x00000000  x3=0x00000001
         395000	        38	80000078	f046c237	lui	x4,0xf046c	  x4=0xf046c000
         405000	        39	8000007c	1ef20213	addi	x4,x4,495	  x4:0xf046c000  x4=0xf046c1ef
         415000	        40	80000080	800002b7	lui	x5,0x80000	  x5=0x80000000
         425000	        41	80000084	00000313	addi	x6,x0,0	  x0:0x00000000  x6=0x00000000
         435000	        42	80000088	f8b893b7	lui	x7,0xf8b89	  x7=0xf8b89000
         445000	        43	8000008c	c1538393	addi	x7,x7,-1003	  x7:0xf8b89000  x7=0xf8b88c15
         455000	        44	80000090	80000437	lui	x8,0x80000	  x8=0x80000000
         465000	        45	80000094	f5fbc4b7	lui	x9,0xf5fbc	  x9=0xf5fbc000
         475000	        46	80000098	2c148493	addi	x9,x9,705	  x9:0xf5fbc000  x9=0xf5fbc2c1
         485000	        47	8000009c	11da05b7	lui	x11,0x11da0	 x11=0x11da0000
         495000	        48	800000a0	19558593	addi	x11,x11,405	 x11:0x11da0000 x11=0x11da0195
         505000	        49	800000a4	00000693	addi	x13,x0,0	  x0:0x00000000 x13=0x00000000
         515000	        50	800000a8	ff54c737	lui	x14,0xff54c	 x14=0xff54c000
         525000	        51	800000ac	d9f70713	addi	x14,x14,-609	 x14:0xff54c000 x14=0xff54bd9f
         535000	        52	800000b0	00800793	addi	x15,x0,8	  x0:0x00000000 x15=0x00000008
         545000	        53	800000b4	00000813	addi	x16,x0,0	  x0:0x00000000 x16=0x00000000
         555000	        54	800000b8	d8af18b7	lui	x17,0xd8af1	 x17=0xd8af1000
         565000	        55	800000bc	93088893	addi	x17,x17,-1744	 x17:0xd8af1000 x17=0xd8af0930
         575000	        56	800000c0	80000937	lui	x18,0x80000	 x18=0x80000000
         585000	        57	800000c4	00800993	addi	x19,x0,8	  x0:0x00000000 x19=0x00000008
         595000	        58	800000c8	00300a13	addi	x20,x0,3	  x0:0x00000000 x20=0x00000003
         605000	        59	800000cc	591edab7	lui	x21,0x591ed	 x21=0x591ed000
         615000	        60	800000d0	1eaa8a93	addi	x21,x21,490	 x21:0x591ed000 x21=0x591ed1ea
         625000	        61	800000d4	c6afab37	lui	x22,0xc6afa	 x22=0xc6afa000
         635000	        62	800000d8	460b0b13	addi	x22,x22,1120	 x22:0xc6afa000 x22=0xc6afa460
         645000	        63	800000dc	80000bb7	lui	x23,0x80000	 x23=0x80000000
         655000	        64	800000e0	00400c13	addi	x24,x0,4	  x0:0x00000000 x24=0x00000004
         665000	        65	800000e4	f729ecb7	lui	x25,0xf729e	 x25=0xf729e000
         675000	        66	800000e8	bb0c8c93	addi	x25,x25,-1104	 x25:0xf729e000 x25=0xf729dbb0
         685000	        67	800000ec	80000d37	lui	x26,0x80000	 x26=0x80000000
         695000	        68	800000f0	80000db7	lui	x27,0x80000	 x27=0x80000000
         705000	        69	800000f4	80000e37	lui	x28,0x80000	 x28=0x80000000
         715000	        70	800000f8	00b00e93	addi	x29,x0,11	  x0:0x00000000 x29=0x0000000b
         725000	        71	800000fc	f4084f37	lui	x30,0xf4084	 x30=0xf4084000
         735000	        72	80000100	917f0f13	addi	x30,x30,-1769	 x30:0xf4084000 x30=0xf4083917
         745000	        73	80000104	fceb2fb7	lui	x31,0xfceb2	 x31=0xfceb2000
         755000	        74	80000108	e62f8f93	addi	x31,x31,-414	 x31:0xfceb2000 x31=0xfceb1e62
         765000	        75	8000010c	0000a517	auipc	x10,0xa	 x10=0x8000a108
         775000	        76	80000110	e7c50513	addi	x10,x10,-388	 x10:0x8000a108 x10=0x80009f84
         785000	        77	80000114	004000ef	jal	x1,80000114	  x1=0x80000114
         795000	        78	00000000	00000013	addi	x0,x0,0	  x0:0x00000000
         805000	        79	80000114	00000013	addi	x0,x0,0	  x0:0x00000000
         815000	        80	80000118	00c000ef	jal	x1,80000118	  x1=0x80000118
         825000	        81	00000000	00000013	addi	x0,x0,0	  x0:0x00000000
         835000	        82	80000120	00000013	addi	x0,x0,0	  x0:0x00000000
         845000	        83	80000124	060000ef	jal	x1,80000124	  x1=0x80000124
         855000	        84	00000000	00000013	addi	x0,x0,0	  x0:0x00000000
         865000	        85	80000180	00000013	addi	x0,x0,0	  x0:0x00000000
         875000	        86	80000184	fd9ff26f	jal	x4,80000184	  x4=0x80000184
         885000	        87	00000000	00000013	addi	x0,x0,0	  x0:0x00000000
         895000	        88	80000158	00000013	addi	x0,x0,0	  x0:0x00000000
         905000	        89	8000015c	ff9ff36f	jal	x6,8000015c	  x6=0x8000015c
         915000	        90	00000000	00000013	addi	x0,x0,0	  x0:0x00000000
         925000	        91	80000150	00000013	addi	x0,x0,0	  x0:0x00000000
         935000	        92	80000154	fd9ff0ef	jal	x1,80000154	  x1=0x80000154
         945000	        93	00000000	00000013	addi	x0,x0,0	  x0:0x00000000
         955000	        94	80000128	00000013	addi	x0,x0,0	  x0:0x00000000
         965000	        95	8000012c	024000ef	jal	x1,8000012c	  x1=0x8000012c
         975000	        96	00000000	00000013	addi	x0,x0,0	  x0:0x00000000
         985000	        97	8000014c	00000013	addi	x0,x0,0	  x0:0x00000000
         995000	        98	80000150	fe5ff0ef	jal	x1,80000150	  x1=0x80000150
        1005000	        99	00000000	00000013	addi	x0,x0,0	  x0:0x00000000
        1015000	       100	80000130	00000013	addi	x0,x0,0	  x0:0x00000000
        1025000	       101	80000134	02c0036f	jal	x6,80000134	  x6=0x80000134
        1035000	       102	00000000	00000013	addi	x0,x0,0	  x0:0x00000000
        1045000	       103	8000015c	00000013	addi	x0,x0,0	  x0:0x00000000
        1055000	       104	80000160	fe5ff0ef	jal	x1,80000160	  x1=0x80000160
        1065000	       105	00000000	00000013	addi	x0,x0,0	  x0:0x00000000
        1075000	       106	80000140	00000013	addi	x0,x0,0	  x0:0x00000000
        1085000	       107	80000144	008000ef	jal	x1,80000144	  x1=0x80000144
        1095000	       108	00000000	00000013	addi	x0,x0,0	  x0:0x00000000
        1105000	       109	80000148	00000013	addi	x0,x0,0	  x0:0x00000000
        1115000	       110	8000014c	fedff0ef	jal	x1,8000014c	  x1=0x8000014c
        1125000	       111	00000000	00000013	addi	x0,x0,0	  x0:0x00000000
        1135000	       112	80000134	00000013	addi	x0,x0,0	  x0:0x00000000
        1145000	       113	80000138	008003ef	jal	x7,80000138	  x7=0x80000138
        1155000	       114	00000000	00000013	addi	x0,x0,0	  x0:0x00000000
        1165000	       115	8000013c	00000013	addi	x0,x0,0	  x0:0x00000000
        1175000	       116	80000140	ffdffaef	jal	x21,80000140	 x21=0x80000140
        1185000	       117	00000000	00000013	addi	x0,x0,0	  x0:0x00000000
        1195000	       118	80000138	00000013	addi	x0,x0,0	  x0:0x00000000
        1205000	       119	8000013c	fedff0ef	jal	x1,8000013c	  x1=0x8000013c
        1215000	       120	00000000	00000013	addi	x0,x0,0	  x0:0x00000000
        1225000	       121	80000124	00000013	addi	x0,x0,0	  x0:0x00000000
        1235000	       122	80000128	0480036f	jal	x6,80000128	  x6=0x80000128
        1245000	       123	00000000	00000013	addi	x0,x0,0	  x0:0x00000000
        1255000	       124	8000016c	00000013	addi	x0,x0,0	  x0:0x00000000
        1265000	       125	80000170	ff9ff36f	jal	x6,80000170	  x6=0x80000170
        1275000	       126	00000000	00000013	addi	x0,x0,0	  x0:0x00000000
        1285000	       127	80000164	00000013	addi	x0,x0,0	  x0:0x00000000
        1295000	       128	80000168	fc9ff0ef	jal	x1,80000168	  x1=0x80000168
        1305000	       129	00000000	00000013	addi	x0,x0,0	  x0:0x00000000
        1315000	       130	8000012c	00000013	addi	x0,x0,0	  x0:0x00000000
        1325000	       131	80000130	028000ef	jal	x1,80000130	  x1=0x80000130
        1335000	       132	00000000	00000013	addi	x0,x0,0	  x0:0x00000000
        1345000	       133	80000154	00000013	addi	x0,x0,0	  x0:0x00000000
        1355000	       134	80000158	02000c6f	jal	x24,80000158	 x24=0x80000158
        1365000	       135	00000000	00000013	addi	x0,x0,0	  x0:0x00000000
        1375000	       136	80000174	00000013	addi	x0,x0,0	  x0:0x00000000
        1385000	       137	80000178	004000ef	jal	x1,80000178	  x1=0x80000178
        1395000	       138	00000000	00000013	addi	x0,x0,0	  x0:0x00000000
        1405000	       139	80000178	00000013	addi	x0,x0,0	  x0:0x00000000
        1415000	       140	8000017c	fa5ff36f	jal	x6,8000017c	  x6=0x8000017c
        1425000	       141	00000000	00000013	addi	x0,x0,0	  x0:0x00000000
        1435000	       142	8000011c	00000013	addi	x0,x0,0	  x0:0x00000000
        1445000	       143	80000120	028000ef	jal	x1,80000120	  x1=0x80000120
        1455000	       144	00000000	00000013	addi	x0,x0,0	  x0:0x00000000
        1465000	       145	80000144	00000013	addi	x0,x0,0	  x0:0x00000000
        1475000	       146	80000148	fd5ff0ef	jal	x1,80000148	  x1=0x80000148
        1485000	       147	00000000	00000013	addi	x0,x0,0	  x0:0x00000000
        1495000	       148	80000118	00000013	addi	x0,x0,0	  x0:0x00000000
        1505000	       149	8000011c	064000ef	jal	x1,8000011c	  x1=0x8000011c
        1515000	       150	00000000	00000013	addi	x0,x0,0	  x0:0x00000000
        1525000	       151	8000017c	00000013	addi	x0,x0,0	  x0:0x00000000
        1535000	       152	80000180	fedff0ef	jal	x1,80000180	  x1=0x80000180
        1545000	       153	00000000	00000013	addi	x0,x0,0	  x0:0x00000000
        1555000	       154	80000168	00000013	addi	x0,x0,0	  x0:0x00000000
        1565000	       155	8000016c	008000ef	jal	x1,8000016c	  x1=0x8000016c
        1575000	       156	00000000	00000013	addi	x0,x0,0	  x0:0x00000000
        1585000	       157	80000170	00000013	addi	x0,x0,0	  x0:0x00000000
        1595000	       158	80000174	ff1ff0ef	jal	x1,80000174	  x1=0x80000174
        1605000	       159	00000000	00000013	addi	x0,x0,0	  x0:0x00000000
        1615000	       160	80000160	00000013	addi	x0,x0,0	  x0:0x00000000
        1625000	       161	80000164	024000ef	jal	x1,80000164	  x1=0x80000164
        1635000	       162	00000000	00000013	addi	x0,x0,0	  x0:0x00000000
        1645000	       163	80000184	00000013	addi	x0,x0,0	  x0:0x00000000
        1655000	       164	80000188	e4752197	auipc	x3,0xe4752	  x3=0x64752184
        1665000	       165	8000018c	050000ef	jal	x1,8000018c	  x1=0x8000018c
        1675000	       166	00000000	00000013	addi	x0,x0,0	  x0:0x00000000
        1685000	       167	800001d8	00000013	addi	x0,x0,0	  x0:0x00000000
        1695000	       168	800001dc	fd9ff26f	jal	x4,800001dc	  x4=0x800001dc
        1705000	       169	00000000	00000013	addi	x0,x0,0	  x0:0x00000000
        1715000	       170	800001b0	00000013	addi	x0,x0,0	  x0:0x00000000
        1725000	       171	800001b4	fe5ff0ef	jal	x1,800001b4	  x1=0x800001b4
        1735000	       172	00000000	00000013	addi	x0,x0,0	  x0:0x00000000
        1745000	       173	80000194	00000013	addi	x0,x0,0	  x0:0x00000000
        1755000	       174	80000198	ff9ff5ef	jal	x11,80000198	 x11=0x80000198
        1765000	       175	00000000	00000013	addi	x0,x0,0	  x0:0x00000000
        1775000	       176	8000018c	00000013	addi	x0,x0,0	  x0:0x00000000
        1785000	       177	80000190	00c0036f	jal	x6,80000190	  x6=0x80000190
        1795000	       178	00000000	00000013	addi	x0,x0,0	  x0:0x00000000
        1805000	       179	80000198	00000013	addi	x0,x0,0	  x0:0x00000000
        1815000	       180	8000019c	010000ef	jal	x1,8000019c	  x1=0x8000019c
        1825000	       181	00000000	00000013	addi	x0,x0,0	  x0:0x00000000
        1835000	       182	800001a8	00000013	addi	x0,x0,0	  x0:0x00000000
        1845000	       183	800001ac	040001ef	jal	x3,800001ac	  x3=0x800001ac
        1855000	       184	00000000	00000013	addi	x0,x0,0	  x0:0x00000000
        1865000	       185	800001e8	00000013	addi	x0,x0,0	  x0:0x00000000
        1875000	       186	800001ec	0140036f	jal	x6,800001ec	  x6=0x800001ec
        1885000	       187	00000000	00000013	addi	x0,x0,0	  x0:0x00000000
        1895000	       188	800001fc	00000013	addi	x0,x0,0	  x0:0x00000000
        1905000	       189	80000200	fb9ff0ef	jal	x1,80000200	  x1=0x80000200
        1915000	       190	00000000	00000013	addi	x0,x0,0	  x0:0x00000000
        1925000	       191	800001b4	00000013	addi	x0,x0,0	  x0:0x00000000
        1935000	       192	800001b8	fddff2ef	jal	x5,800001b8	  x5=0x800001b8
        1945000	       193	00000000	00000013	addi	x0,x0,0	  x0:0x00000000
        1955000	       194	80000190	00000013	addi	x0,x0,0	  x0:0x00000000
        1965000	       195	80000194	0280036f	jal	x6,80000194	  x6=0x80000194
        1975000	       196	00000000	00000013	addi	x0,x0,0	  x0:0x00000000
        1985000	       197	800001b8	00000013	addi	x0,x0,0	  x0:0x00000000
        1995000	       198	800001bc	028000ef	jal	x1,800001bc	  x1=0x800001bc
        2005000	       199	00000000	00000013	addi	x0,x0,0	  x0:0x00000000
        2015000	       200	800001e0	00000013	addi	x0,x0,0	  x0:0x00000000
        2025000	       201	800001e4	fc1ff0ef	jal	x1,800001e4	  x1=0x800001e4
        2035000	       202	00000000	00000013	addi	x0,x0,0	  x0:0x00000000
        2045000	       203	800001a0	00000013	addi	x0,x0,0	  x0:0x00000000
        2055000	       204	800001a4	050000ef	jal	x1,800001a4	  x1=0x800001a4
        2065000	       205	00000000	00000013	addi	x0,x0,0	  x0:0x00000000
        2075000	       206	800001f0	00000013	addi	x0,x0,0	  x0:0x00000000
        2085000	       207	800001f4	fe5ff0ef	jal	x1,800001f4	  x1=0x800001f4
        2095000	       208	00000000	00000013	addi	x0,x0,0	  x0:0x00000000
        2105000	       209	800001d4	00000013	addi	x0,x0,0	  x0:0x00000000
        2115000	       210	800001d8	ff5ff0ef	jal	x1,800001d8	  x1=0x800001d8
        2125000	       211	00000000	00000013	addi	x0,x0,0	  x0:0x00000000
        2135000	       212	800001c8	00000013	addi	x0,x0,0	  x0:0x00000000
        2145000	       213	800001cc	004000ef	jal	x1,800001cc	  x1=0x800001cc
        2155000	       214	00000000	00000013	addi	x0,x0,0	  x0:0x00000000
        2165000	       215	800001cc	00000013	addi	x0,x0,0	  x0:0x00000000
        2175000	       216	800001d0	0180036f	jal	x6,800001d0	  x6=0x800001d0
        2185000	       217	00000000	00000013	addi	x0,x0,0	  x0:0x00000000
        2195000	       218	800001e4	00000013	addi	x0,x0,0	  x0:0x00000000
        2205000	       219	800001e8	010000ef	jal	x1,800001e8	  x1=0x800001e8
        2215000	       220	00000000	00000013	addi	x0,x0,0	  x0:0x00000000
        2225000	       221	800001f4	00000013	addi	x0,x0,0	  x0:0x00000000
        2235000	       222	800001f8	fb9ff36f	jal	x6,800001f8	  x6=0x800001f8
        2245000	       223	00000000	00000013	addi	x0,x0,0	  x0:0x00000000
        2255000	       224	800001ac	00000013	addi	x0,x0,0	  x0:0x00000000
        2265000	       225	800001b0	04c000ef	jal	x1,800001b0	  x1=0x800001b0
        2275000	       226	00000000	00000013	addi	x0,x0,0	  x0:0x00000000
        2285000	       227	800001f8	00000013	addi	x0,x0,0	  x0:0x00000000
        2295000	       228	800001fc	ff5ff36f	jal	x6,800001fc	  x6=0x800001fc
        2305000	       229	00000000	00000013	addi	x0,x0,0	  x0:0x00000000
        2315000	       230	800001ec	00000013	addi	x0,x0,0	  x0:0x00000000
        2325000	       231	800001f0	fd9ff0ef	jal	x1,800001f0	  x1=0x800001f0
        2335000	       232	00000000	00000013	addi	x0,x0,0	  x0:0x00000000
        2345000	       233	800001c4	00000013	addi	x0,x0,0	  x0:0x00000000
        2355000	       234	800001c8	ffdff36f	jal	x6,800001c8	  x6=0x800001c8
        2365000	       235	00000000	00000013	addi	x0,x0,0	  x0:0x00000000
        2375000	       236	800001c0	00000013	addi	x0,x0,0	  x0:0x00000000
        2385000	       237	800001c4	fe5ff0ef	jal	x1,800001c4	  x1=0x800001c4
        2395000	       238	00000000	00000013	addi	x0,x0,0	  x0:0x00000000
        2405000	       239	800001a4	00000013	addi	x0,x0,0	  x0:0x00000000
        2415000	       240	800001a8	ff9ff0ef	jal	x1,800001a8	  x1=0x800001a8
        2425000	       241	00000000	00000013	addi	x0,x0,0	  x0:0x00000000
        2435000	       242	8000019c	00000013	addi	x0,x0,0	  x0:0x00000000
        2445000	       243	800001a0	06400e6f	jal	x28,800001a0	 x28=0x800001a0
        2455000	       244	00000000	00000013	addi	x0,x0,0	  x0:0x00000000
        2465000	       245	80000200	00000013	addi	x0,x0,0	  x0:0x00000000
        2475000	       246	80000204	fbdff0ef	jal	x1,80000204	  x1=0x80000204
        2485000	       247	00000000	00000013	addi	x0,x0,0	  x0:0x00000000
        2495000	       248	800001bc	00000013	addi	x0,x0,0	  x0:0x00000000
        2505000	       249	800001c0	020000ef	jal	x1,800001c0	  x1=0x800001c0
        2515000	       250	00000000	00000013	addi	x0,x0,0	  x0:0x00000000
        2525000	       251	800001dc	00000013	addi	x0,x0,0	  x0:0x00000000
        2535000	       252	800001e0	ff5ff0ef	jal	x1,800001e0	  x1=0x800001e0
        2545000	       253	00000000	00000013	addi	x0,x0,0	  x0:0x00000000
        2555000	       254	800001d0	00000013	addi	x0,x0,0	  x0:0x00000000
        2565000	       255	800001d4	034000ef	jal	x1,800001d4	  x1=0x800001d4
        2575000	       256	00000000	00000013	addi	x0,x0,0	  x0:0x00000000
        2585000	       257	80000204	00000013	addi	x0,x0,0	  x0:0x00000000
        2595000	       258	80000208	07ec8793	addi	x15,x25,126	 x25:0xf729dbb0 x15=0xf729dc2e
        2605000	       259	8000020c	020000ef	jal	x1,8000020c	  x1=0x8000020c
        2615000	       260	00000000	00000013	addi	x0,x0,0	  x0:0x00000000
        2625000	       261	80000228	00000013	addi	x0,x0,0	  x0:0x00000000
        2635000	       262	8000022c	0080046f	jal	x8,8000022c	  x8=0x8000022c
        2645000	       263	00000000	00000013	addi	x0,x0,0	  x0:0x00000000
        2655000	       264	80000230	00000013	addi	x0,x0,0	  x0:0x00000000
        2665000	       265	80000234	fe5ff0ef	jal	x1,80000234	  x1=0x80000234
        2675000	       266	00000000	00000013	addi	x0,x0,0	  x0:0x00000000
        2685000	       267	80000214	00000013	addi	x0,x0,0	  x0:0x00000000
        2695000	       268	80000218	068002ef	jal	x5,80000218	  x5=0x80000218
        2705000	       269	00000000	00000013	addi	x0,x0,0	  x0:0x00000000
        2715000	       270	8000027c	00000013	addi	x0,x0,0	  x0:0x00000000
        2725000	       271	80000280	fc1ff0ef	jal	x1,80000280	  x1=0x80000280
        2735000	       272	00000000	00000013	addi	x0,x0,0	  x0:0x00000000
        2745000	       273	8000023c	00000013	addi	x0,x0,0	  x0:0x00000000
        2755000	       274	80000240	ffdff0ef	jal	x1,80000240	  x1=0x80000240
        2765000	       275	00000000	00000013	addi	x0,x0,0	  x0:0x00000000
        2775000	       276	80000238	00000013	addi	x0,x0,0	  x0:0x00000000
        2785000	       277	8000023c	00800aef	jal	x21,8000023c	 x21=0x8000023c
        2795000	       278	00000000	00000013	addi	x0,x0,0	  x0:0x00000000
        2805000	       279	80000240	00000013	addi	x0,x0,0	  x0:0x00000000
        2815000	       280	80000244	01c000ef	jal	x1,80000244	  x1=0x80000244
        2825000	       281	00000000	00000013	addi	x0,x0,0	  x0:0x00000000
        2835000	       282	8000025c	00000013	addi	x0,x0,0	  x0:0x00000000
        2845000	       283	80000260	ff5ff0ef	jal	x1,80000260	  x1=0x80000260
        2855000	       284	00000000	00000013	addi	x0,x0,0	  x0:0x00000000
        2865000	       285	80000250	00000013	addi	x0,x0,0	  x0:0x00000000
        2875000	       286	80000254	01c0036f	jal	x6,80000254	  x6=0x80000254
        2885000	       287	00000000	00000013	addi	x0,x0,0	  x0:0x00000000
        2895000	       288	8000026c	00000013	addi	x0,x0,0	  x0:0x00000000
        2905000	       289	80000270	fadff46f	jal	x8,80000270	  x8=0x80000270
        2915000	       290	00000000	00000013	addi	x0,x0,0	  x0:0x00000000
        2925000	       291	80000218	00000013	addi	x0,x0,0	  x0:0x00000000
        2935000	       292	8000021c	03000eef	jal	x29,8000021c	 x29=0x8000021c
        2945000	       293	00000000	00000013	addi	x0,x0,0	  x0:0x00000000
        2955000	       294	80000248	00000013	addi	x0,x0,0	  x0:0x00000000
        2965000	       295	8000024c	fedff36f	jal	x6,8000024c	  x6=0x8000024c
        2975000	       296	00000000	00000013	addi	x0,x0,0	  x0:0x00000000
        2985000	       297	80000234	00000013	addi	x0,x0,0	  x0:0x00000000
        2995000	       298	80000238	040000ef	jal	x1,80000238	  x1=0x80000238
        3005000	       299	00000000	00000013	addi	x0,x0,0	  x0:0x00000000
        3015000	       300	80000274	00000013	addi	x0,x0,0	  x0:0x00000000
        3025000	       301	80000278	0040036f	jal	x6,80000278	  x6=0x80000278
        3035000	       302	00000000	00000013	addi	x0,x0,0	  x0:0x00000000
        3045000	       303	80000278	00000013	addi	x0,x0,0	  x0:0x00000000
        3055000	       304	8000027c	fa5ff0ef	jal	x1,8000027c	  x1=0x8000027c
        3065000	       305	00000000	00000013	addi	x0,x0,0	  x0:0x00000000
        3075000	       306	8000021c	00000013	addi	x0,x0,0	  x0:0x00000000
        3085000	       307	80000220	ff5ff0ef	jal	x1,80000220	  x1=0x80000220
        3095000	       308	00000000	00000013	addi	x0,x0,0	  x0:0x00000000
        3105000	       309	80000210	00000013	addi	x0,x0,0	  x0:0x00000000
        3115000	       310	80000214	04400e6f	jal	x28,80000214	 x28=0x80000214
        3125000	       311	00000000	00000013	addi	x0,x0,0	  x0:0x00000000
        3135000	       312	80000254	00000013	addi	x0,x0,0	  x0:0x00000000
        3145000	       313	80000258	fd9ff9ef	jal	x19,80000258	 x19=0x80000258
        3155000	       314	00000000	00000013	addi	x0,x0,0	  x0:0x00000000
        3165000	       315	8000022c	00000013	addi	x0,x0,0	  x0:0x00000000
        3175000	       316	80000230	03c008ef	jal	x17,80000230	 x17=0x80000230
        3185000	       317	00000000	00000013	addi	x0,x0,0	  x0:0x00000000
        3195000	       318	80000268	00000013	addi	x0,x0,0	  x0:0x00000000
        3205000	       319	8000026c	fe5ff2ef	jal	x5,8000026c	  x5=0x8000026c
        3215000	       320	00000000	00000013	addi	x0,x0,0	  x0:0x00000000
        3225000	       321	8000024c	00000013	addi	x0,x0,0	  x0:0x00000000
        3235000	       322	80000250	024000ef	jal	x1,80000250	  x1=0x80000250
        3245000	       323	00000000	00000013	addi	x0,x0,0	  x0:0x00000000
        3255000	       324	80000270	00000013	addi	x0,x0,0	  x0:0x00000000
        3265000	       325	80000274	ff5ff0ef	jal	x1,80000274	  x1=0x80000274
        3275000	       326	00000000	00000013	addi	x0,x0,0	  x0:0x00000000
        3285000	       327	80000264	00000013	addi	x0,x0,0	  x0:0x00000000
        3295000	       328	80000268	fe1ff0ef	jal	x1,80000268	  x1=0x80000268
        3305000	       329	00000000	00000013	addi	x0,x0,0	  x0:0x00000000
        3315000	       330	80000244	00000013	addi	x0,x0,0	  x0:0x00000000
        3325000	       331	80000248	fc9ff0ef	jal	x1,80000248	  x1=0x80000248
        3335000	       332	00000000	00000013	addi	x0,x0,0	  x0:0x00000000
        3345000	       333	8000020c	00000013	addi	x0,x0,0	  x0:0x00000000
        3355000	       334	80000210	04c000ef	jal	x1,80000210	  x1=0x80000210
        3365000	       335	00000000	00000013	addi	x0,x0,0	  x0:0x00000000
        3375000	       336	80000258	00000013	addi	x0,x0,0	  x0:0x00000000
        3385000	       337	8000025c	fc9ff0ef	jal	x1,8000025c	  x1=0x8000025c
        3395000	       338	00000000	00000013	addi	x0,x0,0	  x0:0x00000000
        3405000	       339	80000220	00000013	addi	x0,x0,0	  x0:0x00000000
        3415000	       340	80000224	0040086f	jal	x16,80000224	 x16=0x80000224
        3425000	       341	00000000	00000013	addi	x0,x0,0	  x0:0x00000000
        3435000	       342	80000224	00000013	addi	x0,x0,0	  x0:0x00000000
        3445000	       343	80000228	03c005ef	jal	x11,80000228	 x11=0x80000228
        3455000	       344	00000000	00000013	addi	x0,x0,0	  x0:0x00000000
        3465000	       345	80000260	00000013	addi	x0,x0,0	  x0:0x00000000
        3475000	       346	80000264	020000ef	jal	x1,80000264	  x1=0x80000264
        3485000	       347	00000000	00000013	addi	x0,x0,0	  x0:0x00000000
        3495000	       348	80000280	00000013	addi	x0,x0,0	  x0:0x00000000
        3505000	       349	80000284	004000ef	jal	x1,80000284	  x1=0x80000284
        3515000	       350	00000000	00000013	addi	x0,x0,0	  x0:0x00000000
        3525000	       351	80000284	00000013	addi	x0,x0,0	  x0:0x00000000
        3535000	       352	80000288	8fa43293	sltiu	x5,x8,-1798	  x8:0x80000270  x5=0x00000001
        3545000	       353	8000028c	034000ef	jal	x1,8000028c	  x1=0x8000028c
        3555000	       354	00000000	00000013	addi	x0,x0,0	  x0:0x00000000
        3565000	       355	800002bc	00000013	addi	x0,x0,0	  x0:0x00000000
        3575000	       356	800002c0	02c000ef	jal	x1,800002c0	  x1=0x800002c0
        3585000	       357	00000000	00000013	addi	x0,x0,0	  x0:0x00000000
        3595000	       358	800002e8	00000013	addi	x0,x0,0	  x0:0x00000000
        3605000	       359	800002ec	fc5ff36f	jal	x6,800002ec	  x6=0x800002ec
        3615000	       360	00000000	00000013	addi	x0,x0,0	  x0:0x00000000
        3625000	       361	800002ac	00000013	addi	x0,x0,0	  x0:0x00000000
        3635000	       362	800002b0	02c000ef	jal	x1,800002b0	  x1=0x800002b0
        3645000	       363	00000000	00000013	addi	x0,x0,0	  x0:0x00000000
        3655000	       364	800002d8	00000013	addi	x0,x0,0	  x0:0x00000000
        3665000	       365	800002dc	fd9ff96f	jal	x18,800002dc	 x18=0x800002dc
        3675000	       366	00000000	00000013	addi	x0,x0,0	  x0:0x00000000
        3685000	       367	800002b0	00000013	addi	x0,x0,0	  x0:0x00000000
        3695000	       368	800002b4	fe5ff0ef	jal	x1,800002b4	  x1=0x800002b4
        3705000	       369	00000000	00000013	addi	x0,x0,0	  x0:0x00000000
        3715000	       370	80000294	00000013	addi	x0,x0,0	  x0:0x00000000
        3725000	       371	80000298	ffdff2ef	jal	x5,80000298	  x5=0x80000298
        3735000	       372	00000000	00000013	addi	x0,x0,0	  x0:0x00000000
        3745000	       373	80000290	00000013	addi	x0,x0,0	  x0:0x00000000
        3755000	       374	80000294	05400f6f	jal	x30,80000294	 x30=0x80000294
        3765000	       375	00000000	00000013	addi	x0,x0,0	  x0:0x00000000
        3775000	       376	800002e4	00000013	addi	x0,x0,0	  x0:0x00000000
        3785000	       377	800002e8	fd1ffd6f	jal	x26,800002e8	 x26=0x800002e8
        3795000	       378	00000000	00000013	addi	x0,x0,0	  x0:0x00000000
        3805000	       379	800002b4	00000013	addi	x0,x0,0	  x0:0x00000000
        3815000	       380	800002b8	0400086f	jal	x16,800002b8	 x16=0x800002b8
        3825000	       381	00000000	00000013	addi	x0,x0,0	  x0:0x00000000
        3835000	       382	800002f4	00000013	addi	x0,x0,0	  x0:0x00000000
        3845000	       383	800002f8	fa5ff26f	jal	x4,800002f8	  x4=0x800002f8
        3855000	       384	00000000	00000013	addi	x0,x0,0	  x0:0x00000000
        3865000	       385	80000298	00000013	addi	x0,x0,0	  x0:0x00000000
        3875000	       386	8000029c	05400def	jal	x27,8000029c	 x27=0x8000029c
        3885000	       387	00000000	00000013	addi	x0,x0,0	  x0:0x00000000
        3895000	       388	800002ec	00000013	addi	x0,x0,0	  x0:0x00000000
        3905000	       389	800002f0	fe1ff26f	jal	x4,800002f0	  x4=0x800002f0
        3915000	       390	00000000	00000013	addi	x0,x0,0	  x0:0x00000000
        3925000	       391	800002cc	00000013	addi	x0,x0,0	  x0:0x00000000
        3935000	       392	800002d0	ff9ff36f	jal	x6,800002d0	  x6=0x800002d0
        3945000	       393	00000000	00000013	addi	x0,x0,0	  x0:0x00000000
        3955000	       394	800002c4	00000013	addi	x0,x0,0	  x0:0x00000000
        3965000	       395	800002c8	fddff36f	jal	x6,800002c8	  x6=0x800002c8
        3975000	       396	00000000	00000013	addi	x0,x0,0	  x0:0x00000000
        3985000	       397	800002a0	00000013	addi	x0,x0,0	  x0:0x00000000
        3995000	       398	800002a4	004000ef	jal	x1,800002a4	  x1=0x800002a4
        4005000	       399	00000000	00000013	addi	x0,x0,0	  x0:0x00000000
        4015000	       400	800002a4	00000013	addi	x0,x0,0	  x0:0x00000000
        4025000	       401	800002a8	01c002ef	jal	x5,800002a8	  x5=0x800002a8
        4035000	       402	00000000	00000013	addi	x0,x0,0	  x0:0x00000000
        4045000	       403	800002c0	00000013	addi	x0,x0,0	  x0:0x00000000
        4055000	       404	800002c4	014000ef	jal	x1,800002c4	  x1=0x800002c4
        4065000	       405	00000000	00000013	addi	x0,x0,0	  x0:0x00000000
        4075000	       406	800002d4	00000013	addi	x0,x0,0	  x0:0x00000000
        4085000	       407	800002d8	fb9ff36f	jal	x6,800002d8	  x6=0x800002d8
        4095000	       408	00000000	00000013	addi	x0,x0,0	  x0:0x00000000
        4105000	       409	8000028c	00000013	addi	x0,x0,0	  x0:0x00000000
        4115000	       410	80000290	01c000ef	jal	x1,80000290	  x1=0x80000290
        4125000	       411	00000000	00000013	addi	x0,x0,0	  x0:0x00000000
        4135000	       412	800002a8	00000013	addi	x0,x0,0	  x0:0x00000000
        4145000	       413	800002ac	0480016f	jal	x2,800002ac	  x2=0x800002ac
        4155000	       414	00000000	00000013	addi	x0,x0,0	  x0:0x00000000
        4165000	       415	800002f0	00000013	addi	x0,x0,0	  x0:0x00000000
        4175000	       416	800002f4	ff1ff3ef	jal	x7,800002f4	  x7=0x800002f4
        4185000	       417	00000000	00000013	addi	x0,x0,0	  x0:0x00000000
        4195000	       418	800002e0	00000013	addi	x0,x0,0	  x0:0x00000000
        4205000	       419	800002e4	ffdff36f	jal	x6,800002e4	  x6=0x800002e4
        4215000	       420	00000000	00000013	addi	x0,x0,0	  x0:0x00000000
        4225000	       421	800002dc	00000013	addi	x0,x0,0	  x0:0x00000000
        4235000	       422	800002e0	fc1ff0ef	jal	x1,800002e0	  x1=0x800002e0
        4245000	       423	00000000	00000013	addi	x0,x0,0	  x0:0x00000000
        4255000	       424	8000029c	00000013	addi	x0,x0,0	  x0:0x00000000
        4265000	       425	800002a0	01c0016f	jal	x2,800002a0	  x2=0x800002a0
        4275000	       426	00000000	00000013	addi	x0,x0,0	  x0:0x00000000
        4285000	       427	800002b8	00000013	addi	x0,x0,0	  x0:0x00000000
        4295000	       428	800002bc	010000ef	jal	x1,800002bc	  x1=0x800002bc
        4305000	       429	00000000	00000013	addi	x0,x0,0	  x0:0x00000000
        4315000	       430	800002c8	00000013	addi	x0,x0,0	  x0:0x00000000
        4325000	       431	800002cc	008000ef	jal	x1,800002cc	  x1=0x800002cc
        4335000	       432	00000000	00000013	addi	x0,x0,0	  x0:0x00000000
        4345000	       433	800002d0	00000013	addi	x0,x0,0	  x0:0x00000000
        4355000	       434	800002d4	028000ef	jal	x1,800002d4	  x1=0x800002d4
        4365000	       435	00000000	00000013	addi	x0,x0,0	  x0:0x00000000
        4375000	       436	800002f8	00000013	addi	x0,x0,0	  x0:0x00000000
        4385000	       437	800002fc	e607c713	xori	x14,x15,-416	 x15:0xf729dc2e x14=0x08d6224e
        4395000	       438	80000300	00c000ef	jal	x1,80000300	  x1=0x80000300
        4405000	       439	00000000	00000013	addi	x0,x0,0	  x0:0x00000000
        4415000	       440	80000308	00000013	addi	x0,x0,0	  x0:0x00000000
        4425000	       441	8000030c	0240036f	jal	x6,8000030c	  x6=0x8000030c
        4435000	       442	00000000	00000013	addi	x0,x0,0	  x0:0x00000000
        4445000	       443	8000032c	00000013	addi	x0,x0,0	  x0:0x00000000
        4455000	       444	80000330	fe9ff36f	jal	x6,80000330	  x6=0x80000330
        4465000	       445	00000000	00000013	addi	x0,x0,0	  x0:0x00000000
        4475000	       446	80000314	00000013	addi	x0,x0,0	  x0:0x00000000
        4485000	       447	80000318	ff1ff0ef	jal	x1,80000318	  x1=0x80000318
        4495000	       448	00000000	00000013	addi	x0,x0,0	  x0:0x00000000
        4505000	       449	80000304	00000013	addi	x0,x0,0	  x0:0x00000000
        4515000	       450	80000308	00800d6f	jal	x26,80000308	 x26=0x80000308
        4525000	       451	00000000	00000013	addi	x0,x0,0	  x0:0x00000000
        4535000	       452	8000030c	00000013	addi	x0,x0,0	  x0:0x00000000
        4545000	       453	80000310	018000ef	jal	x1,80000310	  x1=0x80000310
        4555000	       454	00000000	00000013	addi	x0,x0,0	  x0:0x00000000
        4565000	       455	80000324	00000013	addi	x0,x0,0	  x0:0x00000000
        4575000	       456	80000328	fedff8ef	jal	x17,80000328	 x17=0x80000328
        4585000	       457	00000000	00000013	addi	x0,x0,0	  x0:0x00000000
        4595000	       458	80000310	00000013	addi	x0,x0,0	  x0:0x00000000
        4605000	       459	80000314	008001ef	jal	x3,80000314	  x3=0x80000314
        4615000	       460	00000000	00000013	addi	x0,x0,0	  x0:0x00000000
        4625000	       461	80000318	00000013	addi	x0,x0,0	  x0:0x00000000
        4635000	       462	8000031c	008000ef	jal	x1,8000031c	  x1=0x8000031c
        4645000	       463	00000000	00000013	addi	x0,x0,0	  x0:0x00000000
        4655000	       464	80000320	00000013	addi	x0,x0,0	  x0:0x00000000
        4665000	       465	80000324	fe1ff36f	jal	x6,80000324	  x6=0x80000324
        4675000	       466	00000000	00000013	addi	x0,x0,0	  x0:0x00000000
        4685000	       467	80000300	00000013	addi	x0,x0,0	  x0:0x00000000
        4695000	       468	80000304	034000ef	jal	x1,80000304	  x1=0x80000304
        4705000	       469	00000000	00000013	addi	x0,x0,0	  x0:0x00000000
        4715000	       470	80000334	00000013	addi	x0,x0,0	  x0:0x00000000
        4725000	       471	80000338	fe9ff0ef	jal	x1,80000338	  x1=0x80000338
        4735000	       472	00000000	00000013	addi	x0,x0,0	  x0:0x00000000
        4745000	       473	8000031c	00000013	addi	x0,x0,0	  x0:0x00000000
        4755000	       474	80000320	014000ef	jal	x1,80000320	  x1=0x80000320
        4765000	       475	00000000	00000013	addi	x0,x0,0	  x0:0x00000000
        4775000	       476	80000330	00000013	addi	x0,x0,0	  x0:0x00000000
        4785000	       477	80000334	00c000ef	jal	x1,80000334	  x1=0x80000334
        4795000	       478	00000000	00000013	addi	x0,x0,0	  x0:0x00000000
        4805000	       479	8000033c	00000013	addi	x0,x0,0	  x0:0x00000000
        4815000	       480	80000340	fedff36f	jal	x6,80000340	  x6=0x80000340
        4825000	       481	00000000	00000013	addi	x0,x0,0	  x0:0x00000000
        4835000	       482	80000328	00000013	addi	x0,x0,0	  x0:0x00000000
        4845000	       483	8000032c	0100036f	jal	x6,8000032c	  x6=0x8000032c
        4855000	       484	00000000	00000013	addi	x0,x0,0	  x0:0x00000000
        4865000	       485	80000338	00000013	addi	x0,x0,0	  x0:0x00000000
        4875000	       486	8000033c	00800f6f	jal	x30,8000033c	 x30=0x8000033c
        4885000	       487	00000000	00000013	addi	x0,x0,0	  x0:0x00000000
        4895000	       488	80000340	00000013	addi	x0,x0,0	  x0:0x00000000
        4905000	       489	80000344	004000ef	jal	x1,80000344	  x1=0x80000344
        4915000	       490	00000000	00000013	addi	x0,x0,0	  x0:0x00000000
        4925000	       491	80000344	00000013	addi	x0,x0,0	  x0:0x00000000
        4935000	       492	80000348	007bab33	slt	x22,x23,x7	 x23:0x80000000  x7:0x800002f4 x22=0x00000001
        4945000	       493	8000034c	020000ef	jal	x1,8000034c	  x1=0x8000034c
        4955000	       494	00000000	00000013	addi	x0,x0,0	  x0:0x00000000
        4965000	       495	80000368	00000013	addi	x0,x0,0	  x0:0x00000000
        4975000	       496	8000036c	ff1ffdef	jal	x27,8000036c	 x27=0x8000036c
        4985000	       497	00000000	00000013	addi	x0,x0,0	  x0:0x00000000
        4995000	       498	80000358	00000013	addi	x0,x0,0	  x0:0x00000000
        5005000	       499	8000035c	0200036f	jal	x6,8000035c	  x6=0x8000035c
        5015000	       500	00000000	00000013	addi	x0,x0,0	  x0:0x00000000
        5025000	       501	80000378	00000013	addi	x0,x0,0	  x0:0x00000000
        5035000	       502	8000037c	ff5ff0ef	jal	x1,8000037c	  x1=0x8000037c
        5045000	       503	00000000	00000013	addi	x0,x0,0	  x0:0x00000000
        5055000	       504	8000036c	00000013	addi	x0,x0,0	  x0:0x00000000
        5065000	       505	80000370	ff1ff36f	jal	x6,80000370	  x6=0x80000370
        5075000	       506	00000000	00000013	addi	x0,x0,0	  x0:0x00000000
        5085000	       507	8000035c	00000013	addi	x0,x0,0	  x0:0x00000000
        5095000	       508	80000360	014002ef	jal	x5,80000360	  x5=0x80000360
        5105000	       509	00000000	00000013	addi	x0,x0,0	  x0:0x00000000
        5115000	       510	80000370	00000013	addi	x0,x0,0	  x0:0x00000000
        5125000	       511	80000374	ff5ff0ef	jal	x1,80000374	  x1=0x80000374
        5135000	       512	00000000	00000013	addi	x0,x0,0	  x0:0x00000000
        5145000	       513	80000364	00000013	addi	x0,x0,0	  x0:0x00000000
        5155000	       514	80000368	ffdff8ef	jal	x17,80000368	 x17=0x80000368
        5165000	       515	00000000	00000013	addi	x0,x0,0	  x0:0x00000000
        5175000	       516	80000360	00000013	addi	x0,x0,0	  x0:0x00000000
        5185000	       517	80000364	01c000ef	jal	x1,80000364	  x1=0x80000364
        5195000	       518	00000000	00000013	addi	x0,x0,0	  x0:0x00000000
        5205000	       519	8000037c	00000013	addi	x0,x0,0	  x0:0x00000000
        5215000	       520	80000380	fd1ff0ef	jal	x1,80000380	  x1=0x80000380
        5225000	       521	00000000	00000013	addi	x0,x0,0	  x0:0x00000000
        5235000	       522	8000034c	00000013	addi	x0,x0,0	  x0:0x00000000
        5245000	       523	80000350	028000ef	jal	x1,80000350	  x1=0x80000350
        5255000	       524	00000000	00000013	addi	x0,x0,0	  x0:0x00000000
        5265000	       525	80000374	00000013	addi	x0,x0,0	  x0:0x00000000
        5275000	       526	80000378	fe1ff76f	jal	x14,80000378	 x14=0x80000378
        5285000	       527	00000000	00000013	addi	x0,x0,0	  x0:0x00000000
        5295000	       528	80000354	00000013	addi	x0,x0,0	  x0:0x00000000
        5305000	       529	80000358	ffdff36f	jal	x6,80000358	  x6=0x80000358
        5315000	       530	00000000	00000013	addi	x0,x0,0	  x0:0x00000000
        5325000	       531	80000350	00000013	addi	x0,x0,0	  x0:0x00000000
        5335000	       532	80000354	030000ef	jal	x1,80000354	  x1=0x80000354
        5345000	       533	00000000	00000013	addi	x0,x0,0	  x0:0x00000000
        5355000	       534	80000380	00000013	addi	x0,x0,0	  x0:0x00000000
        5365000	       535	80000384	b7e5ad13	slti	x26,x11,-1154	 x11:0x80000228 x26=0x00000001
        5375000	       536	80000388	038000ef	jal	x1,80000388	  x1=0x80000388
        5385000	       537	00000000	00000013	addi	x0,x0,0	  x0:0x00000000
        5395000	       538	800003bc	00000013	addi	x0,x0,0	  x0:0x00000000
        5405000	       539	800003c0	fcdff0ef	jal	x1,800003c0	  x1=0x800003c0
        5415000	       540	00000000	00000013	addi	x0,x0,0	  x0:0x00000000
        5425000	       541	80000388	00000013	addi	x0,x0,0	  x0:0x00000000
        5435000	       542	8000038c	010000ef	jal	x1,8000038c	  x1=0x8000038c
        5445000	       543	00000000	00000013	addi	x0,x0,0	  x0:0x00000000
        5455000	       544	80000398	00000013	addi	x0,x0,0	  x0:0x00000000
        5465000	       545	8000039c	00c00aef	jal	x21,8000039c	 x21=0x8000039c
        5475000	       546	00000000	00000013	addi	x0,x0,0	  x0:0x00000000
        5485000	       547	800003a4	00000013	addi	x0,x0,0	  x0:0x00000000
        5495000	       548	800003a8	010000ef	jal	x1,800003a8	  x1=0x800003a8
        5505000	       549	00000000	00000013	addi	x0,x0,0	  x0:0x00000000
        5515000	       550	800003b4	00000013	addi	x0,x0,0	  x0:0x00000000
        5525000	       551	800003b8	00c000ef	jal	x1,800003b8	  x1=0x800003b8
        5535000	       552	00000000	00000013	addi	x0,x0,0	  x0:0x00000000
        5545000	       553	800003c0	00000013	addi	x0,x0,0	  x0:0x00000000
        5555000	       554	800003c4	fe1ff0ef	jal	x1,800003c4	  x1=0x800003c4
        5565000	       555	00000000	00000013	addi	x0,x0,0	  x0:0x00000000
        5575000	       556	800003a0	00000013	addi	x0,x0,0	  x0:0x00000000
        5585000	       557	800003a4	0300036f	jal	x6,800003a4	  x6=0x800003a4
        5595000	       558	00000000	00000013	addi	x0,x0,0	  x0:0x00000000
        5605000	       559	800003d0	00000013	addi	x0,x0,0	  x0:0x00000000
        5615000	       560	800003d4	ff5ff36f	jal	x6,800003d4	  x6=0x800003d4
        5625000	       561	00000000	00000013	addi	x0,x0,0	  x0:0x00000000
        5635000	       562	800003c4	00000013	addi	x0,x0,0	  x0:0x00000000
        5645000	       563	800003c8	fedff0ef	jal	x1,800003c8	  x1=0x800003c8
        5655000	       564	00000000	00000013	addi	x0,x0,0	  x0:0x00000000
        5665000	       565	800003b0	00000013	addi	x0,x0,0	  x0:0x00000000
        5675000	       566	800003b4	ff9ff0ef	jal	x1,800003b4	  x1=0x800003b4
        5685000	       567	00000000	00000013	addi	x0,x0,0	  x0:0x00000000
        5695000	       568	800003a8	00000013	addi	x0,x0,0	  x0:0x00000000
        5705000	       569	800003ac	0100026f	jal	x4,800003ac	  x4=0x800003ac
        5715000	       570	00000000	00000013	addi	x0,x0,0	  x0:0x00000000
        5725000	       571	800003b8	00000013	addi	x0,x0,0	  x0:0x00000000
        5735000	       572	800003bc	fe5ff0ef	jal	x1,800003bc	  x1=0x800003bc
        5745000	       573	00000000	00000013	addi	x0,x0,0	  x0:0x00000000
        5755000	       574	8000039c	00000013	addi	x0,x0,0	  x0:0x00000000
        5765000	       575	800003a0	010000ef	jal	x1,800003a0	  x1=0x800003a0
        5775000	       576	00000000	00000013	addi	x0,x0,0	  x0:0x00000000
        5785000	       577	800003ac	00000013	addi	x0,x0,0	  x0:0x00000000
        5795000	       578	800003b0	fe9ff0ef	jal	x1,800003b0	  x1=0x800003b0
        5805000	       579	00000000	00000013	addi	x0,x0,0	  x0:0x00000000
        5815000	       580	80000394	00000013	addi	x0,x0,0	  x0:0x00000000
        5825000	       581	80000398	ff9ff26f	jal	x4,80000398	  x4=0x80000398
        5835000	       582	00000000	00000013	addi	x0,x0,0	  x0:0x00000000
        5845000	       583	8000038c	00000013	addi	x0,x0,0	  x0:0x00000000
        5855000	       584	80000390	03c000ef	jal	x1,80000390	  x1=0x80000390
        5865000	       585	00000000	00000013	addi	x0,x0,0	  x0:0x00000000
        5875000	       586	800003c8	00000013	addi	x0,x0,0	  x0:0x00000000
        5885000	       587	800003cc	fc9ff0ef	jal	x1,800003cc	  x1=0x800003cc
        5895000	       588	00000000	00000013	addi	x0,x0,0	  x0:0x00000000
        5905000	       589	80000390	00000013	addi	x0,x0,0	  x0:0x00000000
        5915000	       590	80000394	03c000ef	jal	x1,80000394	  x1=0x80000394
        5925000	       591	00000000	00000013	addi	x0,x0,0	  x0:0x00000000
        5935000	       592	800003cc	00000013	addi	x0,x0,0	  x0:0x00000000
        5945000	       593	800003d0	008000ef	jal	x1,800003d0	  x1=0x800003d0
        5955000	       594	00000000	00000013	addi	x0,x0,0	  x0:0x00000000
        5965000	       595	800003d4	00000013	addi	x0,x0,0	  x0:0x00000000
        5975000	       596	800003d8	00666f33	or	x30,x12,x6	 x12:0x80009fc4  x6:0x800003d4 x30=0x80009fd4
        5985000	       597	800003dc	05c000ef	jal	x1,800003dc	  x1=0x800003dc
        5995000	       598	00000000	00000013	addi	x0,x0,0	  x0:0x00000000
        6005000	       599	80000434	00000013	addi	x0,x0,0	  x0:0x00000000
        6015000	       600	80000438	fe1ff36f	jal	x6,80000438	  x6=0x80000438
        6025000	       601	00000000	00000013	addi	x0,x0,0	  x0:0x00000000
        6035000	       602	80000414	00000013	addi	x0,x0,0	  x0:0x00000000
        6045000	       603	80000418	024000ef	jal	x1,80000418	  x1=0x80000418
        6055000	       604	00000000	00000013	addi	x0,x0,0	  x0:0x00000000
        6065000	       605	80000438	00000013	addi	x0,x0,0	  x0:0x00000000
        6075000	       606	8000043c	fe5ff36f	jal	x6,8000043c	  x6=0x8000043c
        6085000	       607	00000000	00000013	addi	x0,x0,0	  x0:0x00000000
        6095000	       608	8000041c	00000013	addi	x0,x0,0	  x0:0x00000000
        6105000	       609	80000420	00400e6f	jal	x28,80000420	 x28=0x80000420
        6115000	       610	00000000	00000013	addi	x0,x0,0	  x0:0x00000000
        6125000	       611	80000420	00000013	addi	x0,x0,0	  x0:0x00000000
        6135000	       612	80000424	fd1ff0ef	jal	x1,80000424	  x1=0x80000424
        6145000	       613	00000000	00000013	addi	x0,x0,0	  x0:0x00000000
        6155000	       614	800003f0	00000013	addi	x0,x0,0	  x0:0x00000000
        6165000	       615	800003f4	0540036f	jal	x6,800003f4	  x6=0x800003f4
        6175000	       616	00000000	00000013	addi	x0,x0,0	  x0:0x00000000
        6185000	       617	80000444	00000013	addi	x0,x0,0	  x0:0x00000000
        6195000	       618	80000448	004000ef	jal	x1,80000448	  x1=0x80000448
        6205000	       619	00000000	00000013	addi	x0,x0,0	  x0:0x00000000
        6215000	       620	80000448	00000013	addi	x0,x0,0	  x0:0x00000000
        6225000	       621	8000044c	ff5ff36f	jal	x6,8000044c	  x6=0x8000044c
        6235000	       622	00000000	00000013	addi	x0,x0,0	  x0:0x00000000
        6245000	       623	8000043c	00000013	addi	x0,x0,0	  x0:0x00000000
        6255000	       624	80000440	fb1ff0ef	jal	x1,80000440	  x1=0x80000440
        6265000	       625	00000000	00000013	addi	x0,x0,0	  x0:0x00000000
        6275000	       626	800003ec	00000013	addi	x0,x0,0	  x0:0x00000000
        6285000	       627	800003f0	ff9ff0ef	jal	x1,800003f0	  x1=0x800003f0
        6295000	       628	00000000	00000013	addi	x0,x0,0	  x0:0x00000000
        6305000	       629	800003e4	00000013	addi	x0,x0,0	  x0:0x00000000
        6315000	       630	800003e8	044000ef	jal	x1,800003e8	  x1=0x800003e8
        6325000	       631	00000000	00000013	addi	x0,x0,0	  x0:0x00000000
        6335000	       632	80000428	00000013	addi	x0,x0,0	  x0:0x00000000
        6345000	       633	8000042c	fd1ffd6f	jal	x26,8000042c	 x26=0x8000042c
        6355000	       634	00000000	00000013	addi	x0,x0,0	  x0:0x00000000
        6365000	       635	800003f8	00000013	addi	x0,x0,0	  x0:0x00000000
        6375000	       636	800003fc	ff1ffd6f	jal	x26,800003fc	 x26=0x800003fc
        6385000	       637	00000000	00000013	addi	x0,x0,0	  x0:0x00000000
        6395000	       638	800003e8	00000013	addi	x0,x0,0	  x0:0x00000000
        6405000	       639	800003ec	018002ef	jal	x5,800003ec	  x5=0x800003ec
        6415000	       640	00000000	00000013	addi	x0,x0,0	  x0:0x00000000
        6425000	       641	80000400	00000013	addi	x0,x0,0	  x0:0x00000000
        6435000	       642	80000404	ff5ff8ef	jal	x17,80000404	 x17=0x80000404
        6445000	       643	00000000	00000013	addi	x0,x0,0	  x0:0x00000000
        6455000	       644	800003f4	00000013	addi	x0,x0,0	  x0:0x00000000
        6465000	       645	800003f8	fedff0ef	jal	x1,800003f8	  x1=0x800003f8
        6475000	       646	00000000	00000013	addi	x0,x0,0	  x0:0x00000000
        6485000	       647	800003e0	00000013	addi	x0,x0,0	  x0:0x00000000
        6495000	       648	800003e4	0300036f	jal	x6,800003e4	  x6=0x800003e4
        6505000	       649	00000000	00000013	addi	x0,x0,0	  x0:0x00000000
        6515000	       650	80000410	00000013	addi	x0,x0,0	  x0:0x00000000
        6525000	       651	80000414	ffdff36f	jal	x6,80000414	  x6=0x80000414
        6535000	       652	00000000	00000013	addi	x0,x0,0	  x0:0x00000000
        6545000	       653	8000040c	00000013	addi	x0,x0,0	  x0:0x00000000
        6555000	       654	80000410	034005ef	jal	x11,80000410	 x11=0x80000410
        6565000	       655	00000000	00000013	addi	x0,x0,0	  x0:0x00000000
        6575000	       656	80000440	00000013	addi	x0,x0,0	  x0:0x00000000
        6585000	       657	80000444	fbdff0ef	jal	x1,80000444	  x1=0x80000444
        6595000	       658	00000000	00000013	addi	x0,x0,0	  x0:0x00000000
        6605000	       659	800003fc	00000013	addi	x0,x0,0	  x0:0x00000000
        6615000	       660	80000400	00c0036f	jal	x6,80000400	  x6=0x80000400
        6625000	       661	00000000	00000013	addi	x0,x0,0	  x0:0x00000000
        6635000	       662	80000408	00000013	addi	x0,x0,0	  x0:0x00000000
        6645000	       663	8000040c	010000ef	jal	x1,8000040c	  x1=0x8000040c
        6655000	       664	00000000	00000013	addi	x0,x0,0	  x0:0x00000000
        6665000	       665	80000418	00000013	addi	x0,x0,0	  x0:0x00000000
        6675000	       666	8000041c	00c0036f	jal	x6,8000041c	  x6=0x8000041c
        6685000	       667	00000000	00000013	addi	x0,x0,0	  x0:0x00000000
        6695000	       668	80000424	00000013	addi	x0,x0,0	  x0:0x00000000
        6705000	       669	80000428	00c00c6f	jal	x24,80000428	 x24=0x80000428
        6715000	       670	00000000	00000013	addi	x0,x0,0	  x0:0x00000000
        6725000	       671	80000430	00000013	addi	x0,x0,0	  x0:0x00000000
        6735000	       672	80000434	fd5ff0ef	jal	x1,80000434	  x1=0x80000434
        6745000	       673	00000000	00000013	addi	x0,x0,0	  x0:0x00000000
        6755000	       674	80000404	00000013	addi	x0,x0,0	  x0:0x00000000
        6765000	       675	80000408	028000ef	jal	x1,80000408	  x1=0x80000408
        6775000	       676	00000000	00000013	addi	x0,x0,0	  x0:0x00000000
        6785000	       677	8000042c	00000013	addi	x0,x0,0	  x0:0x00000000
        6795000	       678	80000430	fb1ff2ef	jal	x5,80000430	  x5=0x80000430
        6805000	       679	00000000	00000013	addi	x0,x0,0	  x0:0x00000000
        6815000	       680	800003dc	00000013	addi	x0,x0,0	  x0:0x00000000
        6825000	       681	800003e0	070000ef	jal	x1,800003e0	  x1=0x800003e0
        6835000	       682	00000000	00000013	addi	x0,x0,0	  x0:0x00000000
        6845000	       683	8000044c	00000013	addi	x0,x0,0	  x0:0x00000000
        6855000	       684	80000450	d0c28f13	addi	x30,x5,-756	  x5:0x80000430 x30=0x8000013c
        6865000	       685	80000454	040000ef	jal	x1,80000454	  x1=0x80000454
        6875000	       686	00000000	00000013	addi	x0,x0,0	  x0:0x00000000
        6885000	       687	80000490	00000013	addi	x0,x0,0	  x0:0x00000000
        6895000	       688	80000494	fd1ff36f	jal	x6,80000494	  x6=0x80000494
        6905000	       689	00000000	00000013	addi	x0,x0,0	  x0:0x00000000
        6915000	       690	80000460	00000013	addi	x0,x0,0	  x0:0x00000000
        6925000	       691	80000464	0040026f	jal	x4,80000464	  x4=0x80000464
        6935000	       692	00000000	00000013	addi	x0,x0,0	  x0:0x00000000
        6945000	       693	80000464	00000013	addi	x0,x0,0	  x0:0x00000000
        6955000	       694	80000468	00c000ef	jal	x1,80000468	  x1=0x80000468
        6965000	       695	00000000	00000013	addi	x0,x0,0	  x0:0x00000000
        6975000	       696	80000470	00000013	addi	x0,x0,0	  x0:0x00000000
        6985000	       697	80000474	ff9ff36f	jal	x6,80000474	  x6=0x80000474
        6995000	       698	00000000	00000013	addi	x0,x0,0	  x0:0x00000000
        7005000	       699	80000468	00000013	addi	x0,x0,0	  x0:0x00000000
        7015000	       700	8000046c	0200016f	jal	x2,8000046c	  x2=0x8000046c
        7025000	       701	00000000	00000013	addi	x0,x0,0	  x0:0x00000000
        7035000	       702	80000488	00000013	addi	x0,x0,0	  x0:0x00000000
        7045000	       703	8000048c	ffdff36f	jal	x6,8000048c	  x6=0x8000048c
        7055000	       704	00000000	00000013	addi	x0,x0,0	  x0:0x00000000
        7065000	       705	80000484	00000013	addi	x0,x0,0	  x0:0x00000000
        7075000	       706	80000488	ff1ff46f	jal	x8,80000488	  x8=0x80000488
        7085000	       707	00000000	00000013	addi	x0,x0,0	  x0:0x00000000
        7095000	       708	80000474	00000013	addi	x0,x0,0	  x0:0x00000000
        7105000	       709	80000478	ff9ff0ef	jal	x1,80000478	  x1=0x80000478
        7115000	       710	00000000	00000013	addi	x0,x0,0	  x0:0x00000000
        7125000	       711	8000046c	00000013	addi	x0,x0,0	  x0:0x00000000
        7135000	       712	80000470	fe9ff0ef	jal	x1,80000470	  x1=0x80000470
        7145000	       713	00000000	00000013	addi	x0,x0,0	  x0:0x00000000
        7155000	       714	80000454	00000013	addi	x0,x0,0	  x0:0x00000000
        7165000	       715	80000458	028000ef	jal	x1,80000458	  x1=0x80000458
        7175000	       716	00000000	00000013	addi	x0,x0,0	  x0:0x00000000
        7185000	       717	8000047c	00000013	addi	x0,x0,0	  x0:0x00000000
        7195000	       718	80000480	fddff0ef	jal	x1,80000480	  x1=0x80000480
        7205000	       719	00000000	00000013	addi	x0,x0,0	  x0:0x00000000
        7215000	       720	80000458	00000013	addi	x0,x0,0	  x0:0x00000000
        7225000	       721	8000045c	034000ef	jal	x1,8000045c	  x1=0x8000045c
        7235000	       722	00000000	00000013	addi	x0,x0,0	  x0:0x00000000
        7245000	       723	8000048c	00000013	addi	x0,x0,0	  x0:0x00000000
        7255000	       724	80000490	fedff0ef	jal	x1,80000490	  x1=0x80000490
        7265000	       725	00000000	00000013	addi	x0,x0,0	  x0:0x00000000
        7275000	       726	80000478	00000013	addi	x0,x0,0	  x0:0x00000000
        7285000	       727	8000047c	0080036f	jal	x6,8000047c	  x6=0x8000047c
        7295000	       728	00000000	00000013	addi	x0,x0,0	  x0:0x00000000
        7305000	       729	80000480	00000013	addi	x0,x0,0	  x0:0x00000000
        7315000	       730	80000484	fddff0ef	jal	x1,80000484	  x1=0x80000484
        7325000	       731	00000000	00000013	addi	x0,x0,0	  x0:0x00000000
        7335000	       732	8000045c	00000013	addi	x0,x0,0	  x0:0x00000000
        7345000	       733	80000460	038003ef	jal	x7,80000460	  x7=0x80000460
        7355000	       734	00000000	00000013	addi	x0,x0,0	  x0:0x00000000
        7365000	       735	80000494	00000013	addi	x0,x0,0	  x0:0x00000000
        7375000	       736	80000498	01ae58b3	srl	x17,x28,x26	 x28:0x80000420 x26:0x800003fc x17=0x00000008
        7385000	       737	8000049c	004000ef	jal	x1,8000049c	  x1=0x8000049c
        7395000	       738	00000000	00000013	addi	x0,x0,0	  x0:0x00000000
        7405000	       739	8000049c	00000013	addi	x0,x0,0	  x0:0x00000000
        7415000	       740	800004a0	024000ef	jal	x1,800004a0	  x1=0x800004a0
        7425000	       741	00000000	00000013	addi	x0,x0,0	  x0:0x00000000
        7435000	       742	800004c0	00000013	addi	x0,x0,0	  x0:0x00000000
        7445000	       743	800004c4	fe5ff36f	jal	x6,800004c4	  x6=0x800004c4
        7455000	       744	00000000	00000013	addi	x0,x0,0	  x0:0x00000000
        7465000	       745	800004a4	00000013	addi	x0,x0,0	  x0:0x00000000
        7475000	       746	800004a8	ffdffdef	jal	x27,800004a8	 x27=0x800004a8
        7485000	       747	00000000	00000013	addi	x0,x0,0	  x0:0x00000000
        7495000	       748	800004a0	00000013	addi	x0,x0,0	  x0:0x00000000
        7505000	       749	800004a4	0080036f	jal	x6,800004a4	  x6=0x800004a4
        7515000	       750	00000000	00000013	addi	x0,x0,0	  x0:0x00000000
        7525000	       751	800004a8	00000013	addi	x0,x0,0	  x0:0x00000000
        7535000	       752	800004ac	020000ef	jal	x1,800004ac	  x1=0x800004ac
        7545000	       753	00000000	00000013	addi	x0,x0,0	  x0:0x00000000
        7555000	       754	800004c8	00000013	addi	x0,x0,0	  x0:0x00000000
        7565000	       755	800004cc	00c000ef	jal	x1,800004cc	  x1=0x800004cc
        7575000	       756	00000000	00000013	addi	x0,x0,0	  x0:0x00000000
        7585000	       757	800004d4	00000013	addi	x0,x0,0	  x0:0x00000000
        7595000	       758	800004d8	fe1ff36f	jal	x6,800004d8	  x6=0x800004d8
        7605000	       759	00000000	00000013	addi	x0,x0,0	  x0:0x00000000
        7615000	       760	800004b4	00000013	addi	x0,x0,0	  x0:0x00000000
        7625000	       761	800004b8	ffdff0ef	jal	x1,800004b8	  x1=0x800004b8
        7635000	       762	00000000	00000013	addi	x0,x0,0	  x0:0x00000000
        7645000	       763	800004b0	00000013	addi	x0,x0,0	  x0:0x00000000
        7655000	       764	800004b4	0080076f	jal	x14,800004b4	 x14=0x800004b4
        7665000	       765	00000000	00000013	addi	x0,x0,0	  x0:0x00000000
        7675000	       766	800004b8	00000013	addi	x0,x0,0	  x0:0x00000000
        7685000	       767	800004bc	004000ef	jal	x1,800004bc	  x1=0x800004bc
        7695000	       768	00000000	00000013	addi	x0,x0,0	  x0:0x00000000
        7705000	       769	800004bc	00000013	addi	x0,x0,0	  x0:0x00000000
        7715000	       770	800004c0	010000ef	jal	x1,800004c0	  x1=0x800004c0
        7725000	       771	00000000	00000013	addi	x0,x0,0	  x0:0x00000000
        7735000	       772	800004cc	00000013	addi	x0,x0,0	  x0:0x00000000
        7745000	       773	800004d0	00c0036f	jal	x6,800004d0	  x6=0x800004d0
        7755000	       774	00000000	00000013	addi	x0,x0,0	  x0:0x00000000
        7765000	       775	800004d8	00000013	addi	x0,x0,0	  x0:0x00000000
        7775000	       776	800004dc	fedffaef	jal	x21,800004dc	 x21=0x800004dc
        7785000	       777	00000000	00000013	addi	x0,x0,0	  x0:0x00000000
        7795000	       778	800004c4	00000013	addi	x0,x0,0	  x0:0x00000000
        7805000	       779	800004c8	fe9fff6f	jal	x30,800004c8	 x30=0x800004c8
        7815000	       780	00000000	00000013	addi	x0,x0,0	  x0:0x00000000
        7825000	       781	800004ac	00000013	addi	x0,x0,0	  x0:0x00000000
        7835000	       782	800004b0	030000ef	jal	x1,800004b0	  x1=0x800004b0
        7845000	       783	00000000	00000013	addi	x0,x0,0	  x0:0x00000000
        7855000	       784	800004dc	00000013	addi	x0,x0,0	  x0:0x00000000
        7865000	       785	800004e0	ff5fff6f	jal	x30,800004e0	 x30=0x800004e0
        7875000	       786	00000000	00000013	addi	x0,x0,0	  x0:0x00000000
        7885000	       787	800004d0	00000013	addi	x0,x0,0	  x0:0x00000000
        7895000	       788	800004d4	0100036f	jal	x6,800004d4	  x6=0x800004d4
        7905000	       789	00000000	00000013	addi	x0,x0,0	  x0:0x00000000
        7915000	       790	800004e0	00000013	addi	x0,x0,0	  x0:0x00000000
        7925000	       791	800004e4	018a9b13	slli	x22,x21,0x18	 x21:0x800004dc x22=0xdc000000
        7935000	       792	800004e8	03c000ef	jal	x1,800004e8	  x1=0x800004e8
        7945000	       793	00000000	00000013	addi	x0,x0,0	  x0:0x00000000
        7955000	       794	80000520	00000013	addi	x0,x0,0	  x0:0x00000000
        7965000	       795	80000524	fedff0ef	jal	x1,80000524	  x1=0x80000524
        7975000	       796	00000000	00000013	addi	x0,x0,0	  x0:0x00000000
        7985000	       797	8000050c	00000013	addi	x0,x0,0	  x0:0x00000000
        7995000	       798	80000510	ff1ff8ef	jal	x17,80000510	 x17=0x80000510
        8005000	       799	00000000	00000013	addi	x0,x0,0	  x0:0x00000000
        8015000	       800	800004fc	00000013	addi	x0,x0,0	  x0:0x00000000
        8025000	       801	80000500	00c000ef	jal	x1,80000500	  x1=0x80000500
        8035000	       802	00000000	00000013	addi	x0,x0,0	  x0:0x00000000
        8045000	       803	80000508	00000013	addi	x0,x0,0	  x0:0x00000000
        8055000	       804	8000050c	024000ef	jal	x1,8000050c	  x1=0x8000050c
        8065000	       805	00000000	00000013	addi	x0,x0,0	  x0:0x00000000
        8075000	       806	8000052c	00000013	addi	x0,x0,0	  x0:0x00000000
        8085000	       807	80000530	fe5ff0ef	jal	x1,80000530	  x1=0x80000530
        8095000	       808	00000000	00000013	addi	x0,x0,0	  x0:0x00000000
        8105000	       809	80000510	00000013	addi	x0,x0,0	  x0:0x00000000
        8115000	       810	80000514	fe9ff2ef	jal	x5,80000514	  x5=0x80000514
        8125000	       811	00000000	00000013	addi	x0,x0,0	  x0:0x00000000
        8135000	       812	800004f8	00000013	addi	x0,x0,0	  x0:0x00000000
        8145000	       813	800004fc	03000f6f	jal	x30,800004fc	 x30=0x800004fc
        8155000	       814	00000000	00000013	addi	x0,x0,0	  x0:0x00000000
        8165000	       815	80000528	00000013	addi	x0,x0,0	  x0:0x00000000
        8175000	       816	8000052c	fd9ff36f	jal	x6,8000052c	  x6=0x8000052c
        8185000	       817	00000000	00000013	addi	x0,x0,0	  x0:0x00000000
        8195000	       818	80000500	00000013	addi	x0,x0,0	  x0:0x00000000
        8205000	       819	80000504	fedff16f	jal	x2,80000504	  x2=0x80000504
        8215000	       820	00000000	00000013	addi	x0,x0,0	  x0:0x00000000
        8225000	       821	800004ec	00000013	addi	x0,x0,0	  x0:0x00000000
        8235000	       822	800004f0	0380016f	jal	x2,800004f0	  x2=0x800004f0
        8245000	       823	00000000	00000013	addi	x0,x0,0	  x0:0x00000000
        8255000	       824	80000524	00000013	addi	x0,x0,0	  x0:0x00000000
        8265000	       825	80000528	ff5ff0ef	jal	x1,80000528	  x1=0x80000528
        8275000	       826	00000000	00000013	addi	x0,x0,0	  x0:0x00000000
        8285000	       827	80000518	00000013	addi	x0,x0,0	  x0:0x00000000
        8295000	       828	8000051c	004000ef	jal	x1,8000051c	  x1=0x8000051c
        8305000	       829	00000000	00000013	addi	x0,x0,0	  x0:0x00000000
        8315000	       830	8000051c	00000013	addi	x0,x0,0	  x0:0x00000000
        8325000	       831	80000520	fe9ff26f	jal	x4,80000520	  x4=0x80000520
        8335000	       832	00000000	00000013	addi	x0,x0,0	  x0:0x00000000
        8345000	       833	80000504	00000013	addi	x0,x0,0	  x0:0x00000000
        8355000	       834	80000508	fedff26f	jal	x4,80000508	  x4=0x80000508
        8365000	       835	00000000	00000013	addi	x0,x0,0	  x0:0x00000000
        8375000	       836	800004f0	00000013	addi	x0,x0,0	  x0:0x00000000
        8385000	       837	800004f4	ff9ff0ef	jal	x1,800004f4	  x1=0x800004f4
        8395000	       838	00000000	00000013	addi	x0,x0,0	  x0:0x00000000
        8405000	       839	800004e8	00000013	addi	x0,x0,0	  x0:0x00000000
        8415000	       840	800004ec	00c0046f	jal	x8,800004ec	  x8=0x800004ec
        8425000	       841	00000000	00000013	addi	x0,x0,0	  x0:0x00000000
        8435000	       842	800004f4	00000013	addi	x0,x0,0	  x0:0x00000000
        8445000	       843	800004f8	0200036f	jal	x6,800004f8	  x6=0x800004f8
        8455000	       844	00000000	00000013	addi	x0,x0,0	  x0:0x00000000
        8465000	       845	80000514	00000013	addi	x0,x0,0	  x0:0x00000000
        8475000	       846	80000518	01c0036f	jal	x6,80000518	  x6=0x80000518
        8485000	       847	00000000	00000013	addi	x0,x0,0	  x0:0x00000000
        8495000	       848	80000530	00000013	addi	x0,x0,0	  x0:0x00000000
        8505000	       849	80000534	019349b3	xor	x19,x6,x25	  x6:0x80000518 x25:0xf729dbb0 x19=0x7729dea8
        8515000	       850	80000538	05765863	bge	x12,x23,80000588	 x12:0x80009fc4 x23:0x80000000
        8525000	       851	00000000	00000013	addi	x0,x0,0	  x0:0x00000000
        8535000	       852	80000584	00000013	addi	x0,x0,0	  x0:0x00000000
        8545000	       853	80000588	01f3ce93	xori	x29,x7,31	  x7:0x80000460 x29=0x8000047f
        8555000	       854	8000058c	39be7b37	lui	x22,0x39be7	 x22=0x39be7000
        8565000	       855	80000590	fe40bb93	sltiu	x23,x1,-28	  x1:0x800004f4 x23=0x00000001
        8575000	       856	80000594	0b5cf263	bgeu	x25,x21,80000638	 x25:0xf729dbb0 x21:0x800004dc
        8585000	       857	00000000	00000013	addi	x0,x0,0	  x0:0x00000000
        8595000	       858	80000634	00000013	addi	x0,x0,0	  x0:0x00000000
        8605000	       859	80000638	025bf463	bgeu	x23,x5,80000660	 x23:0x00000001  x5:0x80000514
        8615000	       860	8000063c	00496c63	bltu	x18,x4,80000654	 x18:0x800002dc  x4:0x80000508
        8625000	       861	00000000	00000013	addi	x0,x0,0	  x0:0x00000000
        8635000	       862	80000650	00000013	addi	x0,x0,0	  x0:0x00000000
        8645000	       863	80000654	00458463	beq	x11,x4,8000065c	 x11:0x80000410  x4:0x80000508
        8655000	       864	80000658	02524463	blt	x4,x5,80000680	  x4:0x80000508  x5:0x80000514
        8665000	       865	00000000	00000013	addi	x0,x0,0	  x0:0x00000000
        8675000	       866	8000067c	00000013	addi	x0,x0,0	  x0:0x00000000
        8685000	       867	80000680	66dc3037	lui	x0,0x66dc3	
        8695000	       868	80000684	017f9263	bne	x31,x23,80000688	 x31:0xfceb1e62 x23:0x00000001
        8705000	       869	00000000	00000013	addi	x0,x0,0	  x0:0x00000000
        8715000	       870	80000684	00000013	addi	x0,x0,0	  x0:0x00000000
        8725000	       871	80000688	00e34863	blt	x6,x14,80000698	  x6:0x80000518 x14:0x800004b4
        8735000	       872	8000068c	40ac5f33	sra	x30,x24,x10	 x24:0x80000428 x10:0x80009f84 x30=0xf8000042
        8745000	       873	80000690	40f4dc93	srai	x25,x9,0xf	  x9:0xf5fbc2c1 x25=0xffffebf7
        8755000	       874	80000694	0135a1b3	slt	x3,x11,x19	 x11:0x80000410 x19:0x7729dea8  x3=0x00000001
        8765000	       875	80000698	01993d33	sltu	x26,x18,x25	 x18:0x800002dc x25:0xffffebf7 x26=0x00000001
        8775000	       876	8000069c	01eb9233	sll	x4,x23,x30	 x23:0x00000001 x30:0xf8000042  x4=0x00000004
        8785000	       877	800006a0	ba2e3393	sltiu	x7,x28,-1118	 x28:0x80000420  x7=0x00000001
        8795000	       878	800006a4	01b122b3	slt	x5,x2,x27	  x2:0x800004f0 x27:0x800004a8  x5=0x00000000
        8805000	       879	800006a8	01c388b3	add	x17,x7,x28	  x7:0x00000001 x28:0x80000420 x17=0x80000421
        8815000	       880	800006ac	004e6263	bltu	x28,x4,800006b0	 x28:0x80000420  x4:0x00000004
        8825000	       881	800006b0	05647263	bgeu	x8,x22,800006f4	  x8:0x800004ec x22:0x39be7000
        8835000	       882	00000000	00000013	addi	x0,x0,0	  x0:0x00000000
        8845000	       883	800006f0	00000013	addi	x0,x0,0	  x0:0x00000000
        8855000	       884	800006f4	03d8c663	blt	x17,x29,80000720	 x17:0x80000421 x29:0x8000047f
        8865000	       885	00000000	00000013	addi	x0,x0,0	  x0:0x00000000
        8875000	       886	8000071c	00000013	addi	x0,x0,0	  x0:0x00000000
        8885000	       887	80000720	cecc0b17	auipc	x22,0xcecc0	 x22=0x4ecc071c
        8895000	       888	80000724	05e8d263	bge	x17,x30,80000768	 x17:0x80000421 x30:0xf8000042
        8905000	       889	80000728	00c18833	add	x16,x3,x12	  x3:0x00000001 x12:0x80009fc4 x16=0x80009fc5
        8915000	       890	8000072c	014942b3	xor	x5,x18,x20	 x18:0x800002dc x20:0x00000003  x5=0x800002df
        8925000	       891	80000730	000f1e13	slli	x28,x30,0x0	 x30:0xf8000042 x28=0xf8000042
        8935000	       892	80000734	419f0eb3	sub	x29,x30,x25	 x30:0xf8000042 x25:0xffffebf7 x29=0xf800144b
        8945000	       893	80000738	01259113	slli	x2,x11,0x12	 x11:0x80000410  x2=0x10400000
        8955000	       894	8000073c	005d4263	blt	x26,x5,80000740	 x26:0x00000001  x5:0x800002df
        8965000	       895	80000740	00ffa4b3	slt	x9,x31,x15	 x31:0xfceb1e62 x15:0xf729dc2e  x9=0x00000000
        8975000	       896	80000744	00000013	addi	x0,x0,0	  x0:0x00000000
        8985000	       897	80000748	404d8933	sub	x18,x27,x4	 x27:0x800004a8  x4:0x00000004 x18=0x800004a4
        8995000	       898	8000074c	00d11263	bne	x2,x13,80000750	  x2:0x10400000 x13:0x00000000
        9005000	       899	00000000	00000013	addi	x0,x0,0	  x0:0x00000000
        9015000	       900	8000074c	00000013	addi	x0,x0,0	  x0:0x00000000
        9025000	       901	80000750	01257e33	and	x28,x10,x18	 x10:0x80009f84 x18:0x800004a4 x28=0x80000484
        9035000	       902	80000754	0065a2b3	slt	x5,x11,x6	 x11:0x80000410  x6:0x80000518  x5=0x00000001
        9045000	       903	80000758	bdac8d93	addi	x27,x25,-1062	 x25:0xffffebf7 x27=0xffffe7d1
        9055000	       904	8000075c	01601833	sll	x16,x0,x22	  x0:0x00000000 x22:0x4ecc071c x16=0x00000000
        9065000	       905	80000760	00c6de93	srli	x29,x13,0xc	 x13:0x00000000 x29=0x00000000
        9075000	       906	80000764	001cd413	srli	x8,x25,0x1	 x25:0xffffebf7  x8=0x7ffff5fb
        9085000	       907	80000768	00e3b933	sltu	x18,x7,x14	  x7:0x00000001 x14:0x800004b4 x18=0x00000001
        9095000	       908	8000076c	00c95193	srli	x3,x18,0xc	 x18:0x00000001  x3=0x00000000
        9105000	       909	80000770	000d2eb3	slt	x29,x26,x0	 x26:0x00000001  x0:0x00000000 x29=0x00000000
        9115000	       910	80000774	400b5113	srai	x2,x22,0x0	 x22:0x4ecc071c  x2=0x4ecc071c
        9125000	       911	80000778	01b35cb3	srl	x25,x6,x27	  x6:0x80000518 x27:0xffffe7d1 x25=0x00004000
        9135000	       912	8000077c	037dca63	blt	x27,x23,800007b0	 x27:0xffffe7d1 x23:0x00000001
        9145000	       913	00000000	00000013	addi	x0,x0,0	  x0:0x00000000
        9155000	       914	800007ac	00000013	addi	x0,x0,0	  x0:0x00000000
        9165000	       915	800007b0	050b4463	blt	x22,x16,800007f8	 x22:0x4ecc071c x16:0x00000000
        9175000	       916	800007b4	ba5cf693	andi	x13,x25,-1115	 x25:0x00004000 x13=0x00004000
        9185000	       917	800007b8	00770c33	add	x24,x14,x7	 x14:0x800004b4  x7:0x00000001 x24=0x800004b5
        9195000	       918	800007bc	39a26193	ori	x3,x4,922	  x4:0x00000004  x3=0x0000039e
        9205000	       919	800007c0	01788933	add	x18,x17,x23	 x17:0x80000421 x23:0x00000001 x18=0x80000422
        9215000	       920	800007c4	00debfb3	sltu	x31,x29,x13	 x29:0x00000000 x13:0x00004000 x31=0x00000001
        9225000	       921	800007c8	00d97733	and	x14,x18,x13	 x18:0x80000422 x13:0x00004000 x14=0x00000000
        9235000	       922	800007cc	00998433	add	x8,x19,x9	 x19:0x7729dea8  x9:0x00000000  x8=0x7729dea8
        9245000	       923	800007d0	020ec463	blt	x29,x0,800007f8	 x29:0x00000000  x0:0x00000000
        9255000	       924	800007d4	3c5e4193	xori	x3,x28,965	 x28:0x80000484  x3=0x80000741
        9265000	       925	800007d8	56c3c793	xori	x15,x7,1388	  x7:0x00000001 x15=0x0000056d
        9275000	       926	800007dc	01119fb3	sll	x31,x3,x17	  x3:0x80000741 x17:0x80000421 x31=0x00000e82
        9285000	       927	800007e0	4184d033	sra	x0,x9,x24	  x9:0x00000000 x24:0x800004b5
        9295000	       928	800007e4	01e2d933	srl	x18,x5,x30	  x5:0x00000001 x30:0xf8000042 x18=0x00000000
        9305000	       929	800007e8	f728cc37	lui	x24,0xf728c	 x24=0xf728c000
        9315000	       930	800007ec	ff621e17	auipc	x28,0xff621	 x28=0x7f6217e8
        9325000	       931	800007f0	0807e463	bltu	x15,x0,80000878	 x15:0x0000056d  x0:0x00000000
        9335000	       932	800007f4	40eb5b93	srai	x23,x22,0xe	 x22:0x4ecc071c x23=0x00013b30
        9345000	       933	800007f8	41e3dab3	sra	x21,x7,x30	  x7:0x00000001 x30:0xf8000042 x21=0x00000000
        9355000	       934	800007fc	01e45993	srli	x19,x8,0x1e	  x8:0x7729dea8 x19=0x00000001
        9365000	       935	80000800	038000ef	jal	x1,80000800	  x1=0x80000800
        9375000	       936	00000000	00000013	addi	x0,x0,0	  x0:0x00000000
        9385000	       937	80000834	00000013	addi	x0,x0,0	  x0:0x00000000
        9395000	       938	80000838	fe1ff0ef	jal	x1,80000838	  x1=0x80000838
        9405000	       939	00000000	00000013	addi	x0,x0,0	  x0:0x00000000
        9415000	       940	80000814	00000013	addi	x0,x0,0	  x0:0x00000000
        9425000	       941	80000818	01c000ef	jal	x1,80000818	  x1=0x80000818
        9435000	       942	00000000	00000013	addi	x0,x0,0	  x0:0x00000000
        9445000	       943	80000830	00000013	addi	x0,x0,0	  x0:0x00000000
        9455000	       944	80000834	0180036f	jal	x6,80000834	  x6=0x80000834
        9465000	       945	00000000	00000013	addi	x0,x0,0	  x0:0x00000000
        9475000	       946	80000848	00000013	addi	x0,x0,0	  x0:0x00000000
        9485000	       947	8000084c	fc9ff6ef	jal	x13,8000084c	 x13=0x8000084c
        9495000	       948	00000000	00000013	addi	x0,x0,0	  x0:0x00000000
        9505000	       949	80000810	00000013	addi	x0,x0,0	  x0:0x00000000
        9515000	       950	80000814	ffdff0ef	jal	x1,80000814	  x1=0x80000814
        9525000	       951	00000000	00000013	addi	x0,x0,0	  x0:0x00000000
        9535000	       952	8000080c	00000013	addi	x0,x0,0	  x0:0x00000000
        9545000	       953	80000810	ff9ff0ef	jal	x1,80000810	  x1=0x80000810
        9555000	       954	00000000	00000013	addi	x0,x0,0	  x0:0x00000000
        9565000	       955	80000804	00000013	addi	x0,x0,0	  x0:0x00000000
        9575000	       956	80000808	040000ef	jal	x1,80000808	  x1=0x80000808
        9585000	       957	00000000	00000013	addi	x0,x0,0	  x0:0x00000000
        9595000	       958	80000844	00000013	addi	x0,x0,0	  x0:0x00000000
        9605000	       959	80000848	fd5ff0ef	jal	x1,80000848	  x1=0x80000848
        9615000	       960	00000000	00000013	addi	x0,x0,0	  x0:0x00000000
        9625000	       961	80000818	00000013	addi	x0,x0,0	  x0:0x00000000
        9635000	       962	8000081c	00c000ef	jal	x1,8000081c	  x1=0x8000081c
        9645000	       963	00000000	00000013	addi	x0,x0,0	  x0:0x00000000
        9655000	       964	80000824	00000013	addi	x0,x0,0	  x0:0x00000000
        9665000	       965	80000828	ffdff36f	jal	x6,80000828	  x6=0x80000828
        9675000	       966	00000000	00000013	addi	x0,x0,0	  x0:0x00000000
        9685000	       967	80000820	00000013	addi	x0,x0,0	  x0:0x00000000
        9695000	       968	80000824	00c0036f	jal	x6,80000824	  x6=0x80000824
        9705000	       969	00000000	00000013	addi	x0,x0,0	  x0:0x00000000
        9715000	       970	8000082c	00000013	addi	x0,x0,0	  x0:0x00000000
        9725000	       971	80000830	00c000ef	jal	x1,80000830	  x1=0x80000830
        9735000	       972	00000000	00000013	addi	x0,x0,0	  x0:0x00000000
        9745000	       973	80000838	00000013	addi	x0,x0,0	  x0:0x00000000
        9755000	       974	8000083c	ff1ff1ef	jal	x3,8000083c	  x3=0x8000083c
        9765000	       975	00000000	00000013	addi	x0,x0,0	  x0:0x00000000
        9775000	       976	80000828	00000013	addi	x0,x0,0	  x0:0x00000000
        9785000	       977	8000082c	fe1ff36f	jal	x6,8000082c	  x6=0x8000082c
        9795000	       978	00000000	00000013	addi	x0,x0,0	  x0:0x00000000
        9805000	       979	80000808	00000013	addi	x0,x0,0	  x0:0x00000000
        9815000	       980	8000080c	038000ef	jal	x1,8000080c	  x1=0x8000080c
        9825000	       981	00000000	00000013	addi	x0,x0,0	  x0:0x00000000
        9835000	       982	80000840	00000013	addi	x0,x0,0	  x0:0x00000000
        9845000	       983	80000844	fc1ff0ef	jal	x1,80000844	  x1=0x80000844
        9855000	       984	00000000	00000013	addi	x0,x0,0	  x0:0x00000000
        9865000	       985	80000800	00000013	addi	x0,x0,0	  x0:0x00000000
        9875000	       986	80000804	03c0036f	jal	x6,80000804	  x6=0x80000804
        9885000	       987	00000000	00000013	addi	x0,x0,0	  x0:0x00000000
        9895000	       988	8000083c	00000013	addi	x0,x0,0	  x0:0x00000000
        9905000	       989	80000840	fe1ff0ef	jal	x1,80000840	  x1=0x80000840
        9915000	       990	00000000	00000013	addi	x0,x0,0	  x0:0x00000000
        9925000	       991	8000081c	00000013	addi	x0,x0,0	  x0:0x00000000
        9935000	       992	80000820	030000ef	jal	x1,80000820	  x1=0x80000820
        9945000	       993	00000000	00000013	addi	x0,x0,0	  x0:0x00000000
        9955000	       994	8000084c	00000013	addi	x0,x0,0	  x0:0x00000000
        9965000	       995	80000850	4bc2ccb7	lui	x25,0x4bc2c	 x25=0x4bc2c000
        9975000	       996	80000854	0050ee33	or	x28,x1,x5	  x1:0x80000820  x5:0x00000001 x28=0x80000821
        9985000	       997	80000858	019d5733	srl	x14,x26,x25	 x26:0x00000001 x25:0x4bc2c000 x14=0x00000001
        9995000	       998	8000085c	0086e5b3	or	x11,x13,x8	 x13:0x8000084c  x8:0x7729dea8 x11=0xf729deec
       10005000	       999	80000860	03934263	blt	x6,x25,80000884	  x6:0x80000804 x25:0x4bc2c000
       10015000	      1000	00000000	00000013	addi	x0,x0,0	  x0:0x00000000
       10025000	      1001	80000880	00000013	addi	x0,x0,0	  x0:0x00000000
       10035000	      1002	80000884	01634fb3	xor	x31,x6,x22	  x6:0x80000804 x22:0x4ecc071c x31=0xcecc0f18
       10045000	      1003	80000888	01cc5463	bge	x24,x28,80000890	 x24:0xf728c000 x28:0x80000821
       10055000	      1004	00000000	00000013	addi	x0,x0,0	  x0:0x00000000
       10065000	      1005	8000088c	00000013	addi	x0,x0,0	  x0:0x00000000
       10075000	      1006	80000890	01c20663	beq	x4,x28,8000089c	  x4:0x00000004 x28:0x80000821
       10085000	      1007	80000894	36444b13	xori	x22,x8,868	  x8:0x7729dea8 x22=0x7729ddcc
       10095000	      1008	80000898	b79ee593	ori	x11,x29,-1159	 x29:0x00000000 x11=0xfffffb79
       10105000	      1009	8000089c	21163493	sltiu	x9,x12,529	 x12:0x80009fc4  x9=0x00000000
       10115000	      1010	800008a0	01f2f863	bgeu	x5,x31,800008b0	  x5:0x00000001 x31:0xcecc0f18
       10125000	      1011	800008a4	7e2dc413	xori	x8,x27,2018	 x27:0xffffe7d1  x8=0xffffe033
       10135000	      1012	800008a8	01e61f13	slli	x30,x12,0x1e	 x12:0x80009fc4 x30=0x00000000
       10145000	      1013	800008ac	411edeb3	sra	x29,x29,x17	 x29:0x00000000 x17:0x80000421 x29=0x00000000
       10155000	      1014	800008b0	011c5b13	srli	x22,x24,0x11	 x24:0xf728c000 x22=0x00007b94
       10165000	      1015	800008b4	0136c263	blt	x13,x19,800008b8	 x13:0x8000084c x19:0x00000001
       10175000	      1016	00000000	00000013	addi	x0,x0,0	  x0:0x00000000
       10185000	      1017	800008b4	00000013	addi	x0,x0,0	  x0:0x00000000
       10195000	      1018	800008b8	01ed28b3	slt	x17,x26,x30	 x26:0x00000001 x30:0x00000000 x17=0x00000000
       10205000	      1019	800008bc	41695cb3	sra	x25,x18,x22	 x18:0x00000000 x22:0x00007b94 x25=0x00000000
       10215000	      1020	800008c0	0048dab3	srl	x21,x17,x4	 x17:0x00000000  x4:0x00000004 x21=0x00000000
       10225000	      1021	800008c4	04611863	bne	x2,x6,80000914	  x2:0x4ecc071c  x6:0x80000804
       10235000	      1022	00000000	00000013	addi	x0,x0,0	  x0:0x00000000
       10245000	      1023	80000910	00000013	addi	x0,x0,0	  x0:0x00000000
       10255000	      1024	80000914	00307cb3	and	x25,x0,x3	  x0:0x00000000  x3:0x8000083c x25=0x00000000
       10265000	      1025	80000918	01556e63	bltu	x10,x21,80000934	 x10:0x80009f84 x21:0x00000000
       10275000	      1026	8000091c	fe03ae93	slti	x29,x7,-32	  x7:0x00000001 x29=0x00000000
       10285000	      1027	80000920	014daab3	slt	x21,x27,x20	 x27:0xffffe7d1 x20:0x00000003 x21=0x00000001
       10295000	      1028	80000924	400e8733	sub	x14,x29,x0	 x29:0x00000000  x0:0x00000000 x14=0x00000000
       10305000	      1029	80000928	011fe233	or	x4,x31,x17	 x31:0xcecc0f18 x17:0x00000000  x4=0xcecc0f18
       10315000	      1030	8000092c	86b7ee93	ori	x29,x15,-1941	 x15:0x0000056d x29=0xfffffd6f
       10325000	      1031	80000930	036c4863	blt	x24,x22,80000960	 x24:0xf728c000 x22:0x00007b94
       10335000	      1032	00000000	00000013	addi	x0,x0,0	  x0:0x00000000
       10345000	      1033	8000095c	00000013	addi	x0,x0,0	  x0:0x00000000
       10355000	      1034	80000960	00ef9c63	bne	x31,x14,80000978	 x31:0xcecc0f18 x14:0x00000000
       10365000	      1035	00000000	00000013	addi	x0,x0,0	  x0:0x00000000
       10375000	      1036	80000974	00000013	addi	x0,x0,0	  x0:0x00000000
       10385000	      1037	80000978	017b96b3	sll	x13,x23,x23	 x23:0x00013b30 x23:0x00013b30 x13=0x3b300000
       10395000	      1038	8000097c	c8ec4317	auipc	x6,0xc8ec4	  x6=0x48ec4978
       10405000	      1039	80000980	016797b3	sll	x15,x15,x22	 x15:0x0000056d x22:0x00007b94 x15=0x56d00000
       10415000	      1040	80000984	012dedb3	or	x27,x27,x18	 x27:0xffffe7d1 x18:0x00000000 x27=0xffffe7d1
       10425000	      1041	80000988	01645693	srli	x13,x8,0x16	  x8:0xffffe033 x13=0x000003ff
       10435000	      1042	8000098c	004000ef	jal	x1,8000098c	  x1=0x8000098c
       10445000	      1043	00000000	00000013	addi	x0,x0,0	  x0:0x00000000
       10455000	      1044	8000098c	00000013	addi	x0,x0,0	  x0:0x00000000
       10465000	      1045	80000990	0200036f	jal	x6,80000990	  x6=0x80000990
       10475000	      1046	00000000	00000013	addi	x0,x0,0	  x0:0x00000000
       10485000	      1047	800009ac	00000013	addi	x0,x0,0	  x0:0x00000000
       10495000	      1048	800009b0	008000ef	jal	x1,800009b0	  x1=0x800009b0
       10505000	      1049	00000000	00000013	addi	x0,x0,0	  x0:0x00000000
       10515000	      1050	800009b4	00000013	addi	x0,x0,0	  x0:0x00000000
       10525000	      1051	800009b8	0080026f	jal	x4,800009b8	  x4=0x800009b8
       10535000	      1052	00000000	00000013	addi	x0,x0,0	  x0:0x00000000
       10545000	      1053	800009bc	00000013	addi	x0,x0,0	  x0:0x00000000
       10555000	      1054	800009c0	ffdfff6f	jal	x30,800009c0	 x30=0x800009c0
       10565000	      1055	00000000	00000013	addi	x0,x0,0	  x0:0x00000000
       10575000	      1056	800009b8	00000013	addi	x0,x0,0	  x0:0x00000000
       10585000	      1057	800009bc	028000ef	jal	x1,800009bc	  x1=0x800009bc
       10595000	      1058	00000000	00000013	addi	x0,x0,0	  x0:0x00000000
       10605000	      1059	800009e0	00000013	addi	x0,x0,0	  x0:0x00000000
       10615000	      1060	800009e4	fe5ff0ef	jal	x1,800009e4	  x1=0x800009e4
       10625000	      1061	00000000	00000013	addi	x0,x0,0	  x0:0x00000000
       10635000	      1062	800009c4	00000013	addi	x0,x0,0	  x0:0x00000000
       10645000	      1063	800009c8	0080036f	jal	x6,800009c8	  x6=0x800009c8
       10655000	      1064	00000000	00000013	addi	x0,x0,0	  x0:0x00000000
       10665000	      1065	800009cc	00000013	addi	x0,x0,0	  x0:0x00000000
       10675000	      1066	800009d0	00c000ef	jal	x1,800009d0	  x1=0x800009d0
       10685000	      1067	00000000	00000013	addi	x0,x0,0	  x0:0x00000000
       10695000	      1068	800009d8	00000013	addi	x0,x0,0	  x0:0x00000000
       10705000	      1069	800009dc	004000ef	jal	x1,800009dc	  x1=0x800009dc
       10715000	      1070	00000000	00000013	addi	x0,x0,0	  x0:0x00000000
       10725000	      1071	800009dc	00000013	addi	x0,x0,0	  x0:0x00000000
       10735000	      1072	800009e0	008000ef	jal	x1,800009e0	  x1=0x800009e0
       10745000	      1073	00000000	00000013	addi	x0,x0,0	  x0:0x00000000
       10755000	      1074	800009e4	00000013	addi	x0,x0,0	  x0:0x00000000
       10765000	      1075	800009e8	fedff0ef	jal	x1,800009e8	  x1=0x800009e8
       10775000	      1076	00000000	00000013	addi	x0,x0,0	  x0:0x00000000
       10785000	      1077	800009d0	00000013	addi	x0,x0,0	  x0:0x00000000
       10795000	      1078	800009d4	fd9ff0ef	jal	x1,800009d4	  x1=0x800009d4
       10805000	      1079	00000000	00000013	addi	x0,x0,0	  x0:0x00000000
       10815000	      1080	800009a8	00000013	addi	x0,x0,0	  x0:0x00000000
       10825000	      1081	800009ac	ff1ff0ef	jal	x1,800009ac	  x1=0x800009ac
       10835000	      1082	00000000	00000013	addi	x0,x0,0	  x0:0x00000000
       10845000	      1083	80000998	00000013	addi	x0,x0,0	  x0:0x00000000
       10855000	      1084	8000099c	0180036f	jal	x6,8000099c	  x6=0x8000099c
       10865000	      1085	00000000	00000013	addi	x0,x0,0	  x0:0x00000000
       10875000	      1086	800009b0	00000013	addi	x0,x0,0	  x0:0x00000000
       10885000	      1087	800009b4	ff5ff0ef	jal	x1,800009b4	  x1=0x800009b4
       10895000	      1088	00000000	00000013	addi	x0,x0,0	  x0:0x00000000
       10905000	      1089	800009a4	00000013	addi	x0,x0,0	  x0:0x00000000
       10915000	      1090	800009a8	0300016f	jal	x2,800009a8	  x2=0x800009a8
       10925000	      1091	00000000	00000013	addi	x0,x0,0	  x0:0x00000000
       10935000	      1092	800009d4	00000013	addi	x0,x0,0	  x0:0x00000000
       10945000	      1093	800009d8	fbdff26f	jal	x4,800009d8	  x4=0x800009d8
       10955000	      1094	00000000	00000013	addi	x0,x0,0	  x0:0x00000000
       10965000	      1095	80000990	00000013	addi	x0,x0,0	  x0:0x00000000
       10975000	      1096	80000994	004000ef	jal	x1,80000994	  x1=0x80000994
       10985000	      1097	00000000	00000013	addi	x0,x0,0	  x0:0x00000000
       10995000	      1098	80000994	00000013	addi	x0,x0,0	  x0:0x00000000
       11005000	      1099	80000998	008000ef	jal	x1,80000998	  x1=0x80000998
       11015000	      1100	00000000	00000013	addi	x0,x0,0	  x0:0x00000000
       11025000	      1101	8000099c	00000013	addi	x0,x0,0	  x0:0x00000000
       11035000	      1102	800009a0	02c0036f	jal	x6,800009a0	  x6=0x800009a0
       11045000	      1103	00000000	00000013	addi	x0,x0,0	  x0:0x00000000
       11055000	      1104	800009c8	00000013	addi	x0,x0,0	  x0:0x00000000
       11065000	      1105	800009cc	ff9ffaef	jal	x21,800009cc	 x21=0x800009cc
       11075000	      1106	00000000	00000013	addi	x0,x0,0	  x0:0x00000000
       11085000	      1107	800009c0	00000013	addi	x0,x0,0	  x0:0x00000000
       11095000	      1108	800009c4	fe1ff36f	jal	x6,800009c4	  x6=0x800009c4
       11105000	      1109	00000000	00000013	addi	x0,x0,0	  x0:0x00000000
       11115000	      1110	800009a0	00000013	addi	x0,x0,0	  x0:0x00000000
       11125000	      1111	800009a4	048000ef	jal	x1,800009a4	  x1=0x800009a4
       11135000	      1112	00000000	00000013	addi	x0,x0,0	  x0:0x00000000
       11145000	      1113	800009e8	00000013	addi	x0,x0,0	  x0:0x00000000
       11155000	      1114	800009ec	00d8d293	srli	x5,x17,0xd	 x17:0x00000000  x5=0x00000000
       11165000	      1115	800009f0	86fb3193	sltiu	x3,x22,-1937	 x22:0x00007b94  x3=0x00000001
       11175000	      1116	800009f4	447acc93	xori	x25,x21,1095	 x21:0x800009cc x25=0x80000d8b
       11185000	      1117	800009f8	19ab0313	addi	x6,x22,410	 x22:0x00007b94  x6=0x00007d2e
       11195000	      1118	800009fc	012cfe63	bgeu	x25,x18,80000a18	 x25:0x80000d8b x18:0x00000000
       11205000	      1119	00000000	00000013	addi	x0,x0,0	  x0:0x00000000
       11215000	      1120	80000a14	00000013	addi	x0,x0,0	  x0:0x00000000
       11225000	      1121	80000a18	01a35913	srli	x18,x6,0x1a	  x6:0x00007d2e x18=0x00000000
       11235000	      1122	80000a1c	f0788cb7	lui	x25,0xf0788	 x25=0xf0788000
       11245000	      1123	80000a20	01a16263	bltu	x2,x26,80000a24	  x2:0x800009a8 x26:0x00000001
       11255000	      1124	80000a24	005844b3	xor	x9,x16,x5	 x16:0x00000000  x5:0x00000000  x9=0x00000000
       11265000	      1125	80000a28	01381863	bne	x16,x19,80000a38	 x16:0x00000000 x19:0x00000001
       11275000	      1126	00000000	00000013	addi	x0,x0,0	  x0:0x00000000
       11285000	      1127	80000a34	00000013	addi	x0,x0,0	  x0:0x00000000
       11295000	      1128	80000a38	008cc4b3	xor	x9,x25,x8	 x25:0xf0788000  x8:0xffffe033  x9=0x0f876033
       11305000	      1129	80000a3c	021e0463	beq	x28,x1,80000a64	 x28:0x80000821  x1:0x800009a4
       11315000	      1130	80000a40	70322193	slti	x3,x4,1795	  x4:0x800009d8  x3=0x00000001
       11325000	      1131	80000a44	0102f933	and	x18,x5,x16	  x5:0x00000000 x16:0x00000000 x18=0x00000000
       11335000	      1132	80000a48	e9b06013	ori	x0,x0,-357	  x0:0x00000000
       11345000	      1133	80000a4c	016babb3	slt	x23,x23,x22	 x23:0x00013b30 x22:0x00007b94 x23=0x00000000
       11355000	      1134	80000a50	0089d933	srl	x18,x19,x8	 x19:0x00000001  x8:0xffffe033 x18=0x00000000
       11365000	      1135	80000a54	eab17213	andi	x4,x2,-341	  x2:0x800009a8  x4=0x800008a8
       11375000	      1136	80000a58	5198abb7	lui	x23,0x5198a	 x23=0x5198a000
       11385000	      1137	80000a5c	419a09b3	sub	x19,x20,x25	 x20:0x00000003 x25:0xf0788000 x19=0x0f878003
       11395000	      1138	80000a60	08e0cc63	blt	x1,x14,80000af8	  x1:0x800009a4 x14:0x00000000
       11405000	      1139	00000000	00000013	addi	x0,x0,0	  x0:0x00000000
       11415000	      1140	80000af4	00000013	addi	x0,x0,0	  x0:0x00000000
       11425000	      1141	80000af8	41905933	sra	x18,x0,x25	  x0:0x00000000 x25:0xf0788000 x18=0x00000000
       11435000	      1142	80000afc	9893fc93	andi	x25,x7,-1655	  x7:0x00000001 x25=0x00000001
       11445000	      1143	80000b00	00c588b3	add	x17,x11,x12	 x11:0xfffffb79 x12:0x80009fc4 x17=0x80009b3d
       11455000	      1144	80000b04	9a394c93	xori	x25,x18,-1629	 x18:0x00000000 x25=0xfffff9a3
       11465000	      1145	80000b08	01a1a433	slt	x8,x3,x26	  x3:0x00000001 x26:0x00000001  x8=0x00000000
       11475000	      1146	80000b0c	05eaf463	bgeu	x21,x30,80000b54	 x21:0x800009cc x30:0x800009c0
       11485000	      1147	00000000	00000013	addi	x0,x0,0	  x0:0x00000000
       11495000	      1148	80000b50	00000013	addi	x0,x0,0	  x0:0x00000000
       11505000	      1149	80000b54	00ca5313	srli	x6,x20,0xc	 x20:0x00000003  x6=0x00000000
       11515000	      1150	80000b58	d57c7c13	andi	x24,x24,-681	 x24:0xf728c000 x24=0xf728c000
       11525000	      1151	80000b5c	005f1293	slli	x5,x30,0x5	 x30:0x800009c0  x5=0x00013800
       11535000	      1152	80000b60	01b381b3	add	x3,x7,x27	  x7:0x00000001 x27:0xffffe7d1  x3=0xffffe7d2
       11545000	      1153	80000b64	01765493	srli	x9,x12,0x17	 x12:0x80009fc4  x9=0x00000100
       11555000	      1154	80000b68	404c05b3	sub	x11,x24,x4	 x24:0xf728c000  x4:0x800008a8 x11=0x7728b758
       11565000	      1155	80000b6c	b508e693	ori	x13,x17,-1200	 x17:0x80009b3d x13=0xfffffb7d
       11575000	      1156	80000b70	00000013	addi	x0,x0,0	  x0:0x00000000
       11585000	      1157	80000b74	00000013	addi	x0,x0,0	  x0:0x00000000
       11595000	      1158	80000b78	00b8ab33	slt	x22,x17,x11	 x17:0x80009b3d x11:0x7728b758 x22=0x00000001
       11605000	      1159	80000b7c	00086fb3	or	x31,x16,x0	 x16:0x00000000  x0:0x00000000 x31=0x00000000
       11615000	      1160	80000b80	63f06937	lui	x18,0x63f06	 x18=0x63f06000
       11625000	      1161	80000b84	01ee4863	blt	x28,x30,80000b94	 x28:0x80000821 x30:0x800009c0
       11635000	      1162	00000000	00000013	addi	x0,x0,0	  x0:0x00000000
       11645000	      1163	80000b90	00000013	addi	x0,x0,0	  x0:0x00000000
       11655000	      1164	80000b94	407bd7b3	sra	x15,x23,x7	 x23:0x5198a000  x7:0x00000001 x15=0x28cc5000
       11665000	      1165	80000b98	03836863	bltu	x6,x24,80000bc8	  x6:0x00000000 x24:0xf728c000
       11675000	      1166	00000000	00000013	addi	x0,x0,0	  x0:0x00000000
       11685000	      1167	80000bc4	00000013	addi	x0,x0,0	  x0:0x00000000
       11695000	      1168	80000bc8	0034c4b3	xor	x9,x9,x3	  x9:0x00000100  x3:0xffffe7d2  x9=0xffffe6d2
       11705000	      1169	80000bcc	6d8f0093	addi	x1,x30,1752	 x30:0x800009c0  x1=0x80001098
       11715000	      1170	80000bd0	c8bd69b7	lui	x19,0xc8bd6	 x19=0xc8bd6000
       11725000	      1171	80000bd4	04068263	beq	x13,x0,80000c18	 x13:0xfffffb7d  x0:0x00000000
       11735000	      1172	80000bd8	64d23337	lui	x6,0x64d23	  x6=0x64d23000
       11745000	      1173	80000bdc	00000013	addi	x0,x0,0	  x0:0x00000000
       11755000	      1174	80000be0	8f791317	auipc	x6,0x8f791	  x6=0x0f791bdc
       11765000	      1175	80000be4	013111b3	sll	x3,x2,x19	  x2:0x800009a8 x19:0xc8bd6000  x3=0x800009a8
       11775000	      1176	80000be8	7fb74b13	xori	x22,x14,2043	 x14:0x00000000 x22=0x000007fb
       11785000	      1177	80000bec	bd0f3093	sltiu	x1,x30,-1072	 x30:0x800009c0  x1=0x00000001
       11795000	      1178	80000bf0	0016d6b3	srl	x13,x13,x1	 x13:0xfffffb7d  x1:0x00000001 x13=0x7ffffdbe
       11805000	      1179	80000bf4	b8a37a93	andi	x21,x6,-1142	  x6:0x0f791bdc x21=0x0f791b88
       11815000	      1180	80000bf8	00000013	addi	x0,x0,0	  x0:0x00000000
       11825000	      1181	80000bfc	010326b3	slt	x13,x6,x16	  x6:0x0f791bdc x16:0x00000000 x13=0x00000000
       11835000	      1182	80000c00	4bd27993	andi	x19,x4,1213	  x4:0x800008a8 x19=0x000000a8
       11845000	      1183	80000c04	01e59d33	sll	x26,x11,x30	 x11:0x7728b758 x30:0x800009c0 x26=0x7728b758
       11855000	      1184	80000c08	01177263	bgeu	x14,x17,80000c0c	 x14:0x00000000 x17:0x80009b3d
       11865000	      1185	80000c0c	00f3f863	bgeu	x7,x15,80000c1c	  x7:0x00000001 x15:0x28cc5000
       11875000	      1186	80000c10	5a3fb213	sltiu	x4,x31,1443	 x31:0x00000000  x4=0x00000001
       11885000	      1187	80000c14	03449063	bne	x9,x20,80000c34	  x9:0xffffe6d2 x20:0x00000003
       11895000	      1188	00000000	00000013	addi	x0,x0,0	  x0:0x00000000
       11905000	      1189	80000c30	00000013	addi	x0,x0,0	  x0:0x00000000
       11915000	      1190	80000c34	b32a0993	addi	x19,x20,-1230	 x20:0x00000003 x19=0xfffffb35
       11925000	      1191	80000c38	01babb33	sltu	x22,x21,x27	 x21:0x0f791b88 x27:0xffffe7d1 x22=0x00000001
       11935000	      1192	80000c3c	00000013	addi	x0,x0,0	  x0:0x00000000
       11945000	      1193	80000c40	3929a113	slti	x2,x19,914	 x19:0xfffffb35  x2=0x00000001
       11955000	      1194	80000c44	c868b717	auipc	x14,0xc868b	 x14=0x4868bc40
       11965000	      1195	80000c48	0047a233	slt	x4,x15,x4	 x15:0x28cc5000  x4:0x00000001  x4=0x00000000
       11975000	      1196	80000c4c	f8a82e93	slti	x29,x16,-118	 x16:0x00000000 x29=0x00000000
       11985000	      1197	80000c50	000a52b3	srl	x5,x20,x0	 x20:0x00000003  x0:0x00000000  x5=0x00000003
       11995000	      1198	80000c54	08bfe463	bltu	x31,x11,80000cdc	 x31:0x00000000 x11:0x7728b758
       12005000	      1199	00000000	00000013	addi	x0,x0,0	  x0:0x00000000
       12015000	      1200	80000cd8	00000013	addi	x0,x0,0	  x0:0x00000000
       12025000	      1201	80000cdc	00d08933	add	x18,x1,x13	  x1:0x00000001 x13:0x00000000 x18=0x00000001
       12035000	      1202	80000ce0	0065a7b3	slt	x15,x11,x6	 x11:0x7728b758  x6:0x0f791bdc x15=0x00000000
       12045000	      1203	80000ce4	0076f933	and	x18,x13,x7	 x13:0x00000000  x7:0x00000001 x18=0x00000000
       12055000	      1204	80000ce8	02644663	blt	x8,x6,80000d14	  x8:0x00000000  x6:0x0f791bdc
       12065000	      1205	00000000	00000013	addi	x0,x0,0	  x0:0x00000000
       12075000	      1206	80000d10	00000013	addi	x0,x0,0	  x0:0x00000000
       12085000	      1207	80000d14	017dad33	slt	x26,x27,x23	 x27:0xffffe7d1 x23:0x5198a000 x26=0x00000001
       12095000	      1208	80000d18	00475793	srli	x15,x14,0x4	 x14:0x4868bc40 x15=0x04868bc4
       12105000	      1209	80000d1c	003878b3	and	x17,x16,x3	 x16:0x00000000  x3:0x800009a8 x17=0x00000000
       12115000	      1210	80000d20	0052e933	or	x18,x5,x5	  x5:0x00000003  x5:0x00000003 x18=0x00000003
       12125000	      1211	80000d24	01e3ceb3	xor	x29,x7,x30	  x7:0x00000001 x30:0x800009c0 x29=0x800009c1
       12135000	      1212	80000d28	014a9f33	sll	x30,x21,x20	 x21:0x0f791b88 x20:0x00000003 x30=0x7bc8dc40
       12145000	      1213	80000d2c	2493fd93	andi	x27,x7,585	  x7:0x00000001 x27=0x00000001
       12155000	      1214	80000d30	01356263	bltu	x10,x19,80000d34	 x10:0x80009f84 x19:0xfffffb35
       12165000	      1215	00000000	00000013	addi	x0,x0,0	  x0:0x00000000
       12175000	      1216	80000d30	00000013	addi	x0,x0,0	  x0:0x00000000
       12185000	      1217	80000d34	01931ab3	sll	x21,x6,x25	  x6:0x0f791bdc x25:0xfffff9a3 x21=0x7bc8dee0
       12195000	      1218	80000d38	00c40463	beq	x8,x12,80000d40	  x8:0x00000000 x12:0x80009fc4
       12205000	      1219	80000d3c	00bc6233	or	x4,x24,x11	 x24:0xf728c000 x11:0x7728b758  x4=0xf728f758
       12215000	      1220	80000d40	05829863	bne	x5,x24,80000d90	  x5:0x00000003 x24:0xf728c000
       12225000	      1221	00000000	00000013	addi	x0,x0,0	  x0:0x00000000
       12235000	      1222	80000d8c	00000013	addi	x0,x0,0	  x0:0x00000000
       12245000	      1223	80000d90	060ef193	andi	x3,x29,96	 x29:0x800009c1  x3=0x00000040
       12255000	      1224	80000d94	f01e0d93	addi	x27,x28,-255	 x28:0x80000821 x27=0x80000722
       12265000	      1225	80000d98	e4e16ab7	lui	x21,0xe4e16	 x21=0xe4e16000
       12275000	      1226	80000d9c	01b1e263	bltu	x3,x27,80000da0	  x3:0x00000040 x27:0x80000722
       12285000	      1227	00000000	00000013	addi	x0,x0,0	  x0:0x00000000
       12295000	      1228	80000d9c	00000013	addi	x0,x0,0	  x0:0x00000000
       12305000	      1229	80000da0	00d75c63	bge	x14,x13,80000db8	 x14:0x4868bc40 x13:0x00000000
       12315000	      1230	00000000	00000013	addi	x0,x0,0	  x0:0x00000000
       12325000	      1231	80000db4	00000013	addi	x0,x0,0	  x0:0x00000000
       12335000	      1232	80000db8	07ece913	ori	x18,x25,126	 x25:0xfffff9a3 x18=0xfffff9ff
       12345000	      1233	80000dbc	018a4cb3	xor	x25,x20,x24	 x20:0x00000003 x24:0xf728c000 x25=0xf728c003
       12355000	      1234	80000dc0	40d087b3	sub	x15,x1,x13	  x1:0x00000001 x13:0x00000000 x15=0x00000001
       12365000	      1235	80000dc4	aaa96d93	ori	x27,x18,-1366	 x18:0xfffff9ff x27=0xfffffbff
       12375000	      1236	80000dc8	97778413	addi	x8,x15,-1673	 x15:0x00000001  x8=0xfffff978
       12385000	      1237	80000dcc	008590b3	sll	x1,x11,x8	 x11:0x7728b758  x8:0xfffff978  x1=0x58000000
       12395000	      1238	80000dd0	013c5ab3	srl	x21,x24,x19	 x24:0xf728c000 x19:0xfffffb35 x21=0x000007b9
       12405000	      1239	80000dd4	a74ded13	ori	x26,x27,-1420	 x27:0xfffffbff x26=0xfffffbff
       12415000	      1240	80000dd8	01d65493	srli	x9,x12,0x1d	 x12:0x80009fc4  x9=0x00000004
       12425000	      1241	80000ddc	01724863	blt	x4,x23,80000dec	  x4:0xf728f758 x23:0x5198a000
       12435000	      1242	00000000	00000013	addi	x0,x0,0	  x0:0x00000000
       12445000	      1243	80000de8	00000013	addi	x0,x0,0	  x0:0x00000000
       12455000	      1244	80000dec	407c85b3	sub	x11,x25,x7	 x25:0xf728c003  x7:0x00000001 x11=0xf728c002
       12465000	      1245	80000df0	0439e263	bltu	x19,x3,80000e34	 x19:0xfffffb35  x3:0x00000040
       12475000	      1246	80000df4	01d39d33	sll	x26,x7,x29	  x7:0x00000001 x29:0x800009c1 x26=0x00000002
       12485000	      1247	80000df8	7604b493	sltiu	x9,x9,1888	  x9:0x00000004  x9=0x00000001
       12495000	      1248	80000dfc	02590f13	addi	x30,x18,37	 x18:0xfffff9ff x30=0xfffffa24
       12505000	      1249	80000e00	00e5c333	xor	x6,x11,x14	 x11:0xf728c002 x14:0x4868bc40  x6=0xbf407c42
       12515000	      1250	80000e04	02358463	beq	x11,x3,80000e2c	 x11:0xf728c002  x3:0x00000040
       12525000	      1251	80000e08	00dc9793	slli	x15,x25,0xd	 x25:0xf728c003 x15=0x18006000
       12535000	      1252	80000e0c	001b1133	sll	x2,x22,x1	 x22:0x00000001  x1:0x58000000  x2=0x00000001
       12545000	      1253	80000e10	00e1b0b3	sltu	x1,x3,x14	  x3:0x00000040 x14:0x4868bc40  x1=0x00000001
       12555000	      1254	80000e14	00e7aab3	slt	x21,x15,x14	 x15:0x18006000 x14:0x4868bc40 x21=0x00000001
       12565000	      1255	80000e18	00faddb3	srl	x27,x21,x15	 x21:0x00000001 x15:0x18006000 x27=0x00000001
       12575000	      1256	80000e1c	01d01593	slli	x11,x0,0x1d	  x0:0x00000000 x11=0x00000000
       12585000	      1257	80000e20	01c2a3b3	slt	x7,x5,x28	  x5:0x00000003 x28:0x80000821  x7=0x00000000
       12595000	      1258	80000e24	00099993	slli	x19,x19,0x0	 x19:0xfffffb35 x19=0xfffffb35
       12605000	      1259	80000e28	50dbc117	auipc	x2,0x50dbc	  x2=0xd0dbce24
       12615000	      1260	80000e2c	02396463	bltu	x18,x3,80000e54	 x18:0xfffff9ff  x3:0x00000040
       12625000	      1261	80000e30	00268cb3	add	x25,x13,x2	 x13:0x00000000  x2:0xd0dbce24 x25=0xd0dbce24
       12635000	      1262	80000e34	40465d93	srai	x27,x12,0x4	 x12:0x80009fc4 x27=0xf80009fc
       12645000	      1263	80000e38	b5196b93	ori	x23,x18,-1199	 x18:0xfffff9ff x23=0xfffffbff
       12655000	      1264	80000e3c	7392e313	ori	x6,x5,1849	  x5:0x00000003  x6=0x0000073b
       12665000	      1265	80000e40	01e60933	add	x18,x12,x30	 x12:0x80009fc4 x30:0xfffffa24 x18=0x800099e8
       12675000	      1266	80000e44	d25b6917	auipc	x18,0xd25b6	 x18=0x525b6e40
       12685000	      1267	80000e48	0062f733	and	x14,x5,x6	  x5:0x00000003  x6:0x0000073b x14=0x00000003
       12695000	      1268	80000e4c	001517b3	sll	x15,x10,x1	 x10:0x80009f84  x1:0x00000001 x15=0x00013f08
       12705000	      1269	80000e50	01724c63	blt	x4,x23,80000e68	  x4:0xf728f758 x23:0xfffffbff
       12715000	      1270	00000000	00000013	addi	x0,x0,0	  x0:0x00000000
       12725000	      1271	80000e64	00000013	addi	x0,x0,0	  x0:0x00000000
       12735000	      1272	80000e68	020c0a63	beq	x24,x0,80000e9c	 x24:0xf728c000  x0:0x00000000
       12745000	      1273	80000e6c	01c14e63	blt	x2,x28,80000e88	  x2:0xd0dbce24 x28:0x80000821
       12755000	      1274	80000e70	006302b3	add	x5,x6,x6	  x6:0x0000073b  x6:0x0000073b  x5=0x00000e76
       12765000	      1275	80000e74	0432d463	bge	x5,x3,80000ebc	  x5:0x00000e76  x3:0x00000040
       12775000	      1276	00000000	00000013	addi	x0,x0,0	  x0:0x00000000
       12785000	      1277	80000eb8	00000013	addi	x0,x0,0	  x0:0x00000000
       12795000	      1278	80000ebc	40458c33	sub	x24,x11,x4	 x11:0x00000000  x4:0xf728f758 x24=0x08d708a8
       12805000	      1279	80000ec0	00ce3333	sltu	x6,x28,x12	 x28:0x80000821 x12:0x80009fc4  x6=0x00000001
       12815000	      1280	80000ec4	bab00e93	addi	x29,x0,-1109	  x0:0x00000000 x29=0xfffffbab
       12825000	      1281	80000ec8	0135f263	bgeu	x11,x19,80000ecc	 x11:0x00000000 x19:0xfffffb35
       12835000	      1282	80000ecc	01e9ebb3	or	x23,x19,x30	 x19:0xfffffb35 x30:0xfffffa24 x23=0xfffffb35
       12845000	      1283	80000ed0	c4a03b13	sltiu	x22,x0,-950	  x0:0x00000000 x22=0x00000001
       12855000	      1284	80000ed4	00000013	addi	x0,x0,0	  x0:0x00000000
       12865000	      1285	80000ed8	ef8cb493	sltiu	x9,x25,-264	 x25:0xd0dbce24  x9=0x00000001
       12875000	      1286	80000edc	3ecf4193	xori	x3,x30,1004	 x30:0xfffffa24  x3=0xfffff9c8
       12885000	      1287	80000ee0	0110fe33	and	x28,x1,x17	  x1:0x00000001 x17:0x00000000 x28=0x00000000
       12895000	      1288	80000ee4	40af8f33	sub	x30,x31,x10	 x31:0x00000000 x10:0x80009f84 x30=0x7fff607c
       12905000	      1289	80000ee8	f6cfff13	andi	x30,x31,-148	 x31:0x00000000 x30=0x00000000
       12915000	      1290	80000eec	003f6c33	or	x24,x30,x3	 x30:0x00000000  x3:0xfffff9c8 x24=0xfffff9c8
       12925000	      1291	80000ef0	74b10937	lui	x18,0x74b10	 x18=0x74b10000
       12935000	      1292	80000ef4	00f7bfb3	sltu	x31,x15,x15	 x15:0x00013f08 x15:0x00013f08 x31=0x00000000
       12945000	      1293	80000ef8	004d91b3	sll	x3,x27,x4	 x27:0xf80009fc  x4:0xf728f758  x3=0xfc000000
       12955000	      1294	80000efc	010b25b3	slt	x11,x22,x16	 x22:0x00000001 x16:0x00000000 x11=0x00000000
       12965000	      1295	80000f00	01a77c33	and	x24,x14,x26	 x14:0x00000003 x26:0x00000002 x24=0x00000002
       12975000	      1296	80000f04	02bcd263	bge	x25,x11,80000f28	 x25:0xd0dbce24 x11:0x00000000
       12985000	      1297	80000f08	36410013	addi	x0,x2,868	  x2:0xd0dbce24
       12995000	      1298	80000f0c	413a5893	srai	x17,x20,0x13	 x20:0x00000003 x17=0x00000000
       13005000	      1299	80000f10	01dc0263	beq	x24,x29,80000f14	 x24:0x00000002 x29:0xfffffbab
       13015000	      1300	80000f14	00c41f13	slli	x30,x8,0xc	  x8:0xfffff978 x30=0xff978000
       13025000	      1301	80000f18	00479193	slli	x3,x15,0x4	 x15:0x00013f08  x3=0x0013f080
       13035000	      1302	80000f1c	00c49a93	slli	x21,x9,0xc	  x9:0x00000001 x21=0x00001000
       13045000	      1303	80000f20	ce1a6d93	ori	x27,x20,-799	 x20:0x00000003 x27=0xfffffce3
       13055000	      1304	80000f24	01709413	slli	x8,x1,0x17	  x1:0x00000001  x8=0x00800000
       13065000	      1305	80000f28	008c4663	blt	x24,x8,80000f34	 x24:0x00000002  x8:0x00800000
       13075000	      1306	00000000	00000013	addi	x0,x0,0	  x0:0x00000000
       13085000	      1307	80000f30	00000013	addi	x0,x0,0	  x0:0x00000000
       13095000	      1308	80000f34	0199ee63	bltu	x19,x25,80000f50	 x19:0xfffffb35 x25:0xd0dbce24
       13105000	      1309	80000f38	01573db3	sltu	x27,x14,x21	 x14:0x00000003 x21:0x00001000 x27=0x00000001
       13115000	      1310	80000f3c	00600933	add	x18,x0,x6	  x0:0x00000000  x6:0x00000001 x18=0x00000001
       13125000	      1311	80000f40	00545493	srli	x9,x8,0x5	  x8:0x00800000  x9=0x00040000
       13135000	      1312	80000f44	00b321b3	slt	x3,x6,x11	  x6:0x00000001 x11:0x00000000  x3=0x00000000
       13145000	      1313	80000f48	00000013	addi	x0,x0,0	  x0:0x00000000
       13155000	      1314	80000f4c	026cf263	bgeu	x25,x6,80000f70	 x25:0xd0dbce24  x6:0x00000001
       13165000	      1315	00000000	00000013	addi	x0,x0,0	  x0:0x00000000
       13175000	      1316	80000f6c	00000013	addi	x0,x0,0	  x0:0x00000000
       13185000	      1317	80000f70	cc3cbe93	sltiu	x29,x25,-829	 x25:0xd0dbce24 x29=0x00000001
       13195000	      1318	80000f74	c81f8b93	addi	x23,x31,-895	 x31:0x00000000 x23=0xfffffc81
       13205000	      1319	80000f78	01a6dcb3	srl	x25,x13,x26	 x13:0x00000000 x26:0x00000002 x25=0x00000000
       13215000	      1320	80000f7c	15a8b393	sltiu	x7,x17,346	 x17:0x00000000  x7=0x00000001
       13225000	      1321	80000f80	047e1263	bne	x28,x7,80000fc4	 x28:0x00000000  x7:0x00000001
       13235000	      1322	00000000	00000013	addi	x0,x0,0	  x0:0x00000000
       13245000	      1323	80000fc0	00000013	addi	x0,x0,0	  x0:0x00000000
       13255000	      1324	80000fc4	403308b3	sub	x17,x6,x3	  x6:0x00000001  x3:0x00000000 x17=0x00000001
       13265000	      1325	80000fc8	003e1863	bne	x28,x3,80000fd8	 x28:0x00000000  x3:0x00000000
       13275000	      1326	80000fcc	2889c013	xori	x0,x19,648	 x19:0xfffffb35
       13285000	      1327	80000fd0	01365ab3	srl	x21,x12,x19	 x12:0x80009fc4 x19:0xfffffb35 x21=0x00000400
       13295000	      1328	80000fd4	45712993	slti	x19,x2,1111	  x2:0xd0dbce24 x19=0x00000001
       13305000	      1329	80000fd8	f4c2d237	lui	x4,0xf4c2d	  x4=0xf4c2d000
       13315000	      1330	80000fdc	009dfbb3	and	x23,x27,x9	 x27:0x00000001  x9:0x00040000 x23=0x00000000
       13325000	      1331	80000fe0	41908233	sub	x4,x1,x25	  x1:0x00000001 x25:0x00000000  x4=0x00000001
       13335000	      1332	80000fe4	00186c63	bltu	x16,x1,80000ffc	 x16:0x00000000  x1:0x00000001
       13345000	      1333	00000000	00000013	addi	x0,x0,0	  x0:0x00000000
       13355000	      1334	80000ff8	00000013	addi	x0,x0,0	  x0:0x00000000
       13365000	      1335	80000ffc	40b05933	sra	x18,x0,x11	  x0:0x00000000 x11:0x00000000 x18=0x00000000
       13375000	      1336	80001000	c64b1817	auipc	x16,0xc64b1	 x16=0x464b1ffc
       13385000	      1337	80001004	01e16933	or	x18,x2,x30	  x2:0xd0dbce24 x30:0xff978000 x18=0xffdfce24
       13395000	      1338	80001008	400b06b3	sub	x13,x22,x0	 x22:0x00000001  x0:0x00000000 x13=0x00000001
       13405000	      1339	8000100c	01b7df33	srl	x30,x15,x27	 x15:0x00013f08 x27:0x00000001 x30=0x00009f84
       13415000	      1340	80001010	403ddf13	srai	x30,x27,0x3	 x27:0x00000001 x30=0x00000000
       13425000	      1341	80001014	0318e663	bltu	x17,x17,80001040	 x17:0x00000001 x17:0x00000001
       13435000	      1342	80001018	45a47293	andi	x5,x8,1114	  x8:0x00800000  x5=0x00000000
       13445000	      1343	8000101c	00372e97	auipc	x29,0x372	 x29=0x80373018
       13455000	      1344	80001020	002b0cb3	add	x25,x22,x2	 x22:0x00000001  x2:0xd0dbce24 x25=0xd0dbce25
       13465000	      1345	80001024	00ee8263	beq	x29,x14,80001028	 x29:0x80373018 x14:0x00000003
       13475000	      1346	80001028	00970c63	beq	x14,x9,80001040	 x14:0x00000003  x9:0x00040000
       13485000	      1347	8000102c	01c78e63	beq	x15,x28,80001048	 x15:0x00013f08 x28:0x00000000
       13495000	      1348	80001030	0052f4b3	and	x9,x5,x5	  x5:0x00000000  x5:0x00000000  x9=0x00000000
       13505000	      1349	80001034	00880863	beq	x16,x8,80001044	 x16:0x464b1ffc  x8:0x00800000
       13515000	      1350	80001038	46348313	addi	x6,x9,1123	  x9:0x00000000  x6=0x00000463
       13525000	      1351	8000103c	3fdb6e93	ori	x29,x22,1021	 x22:0x00000001 x29=0x000003fd
       13535000	      1352	80001040	00000013	addi	x0,x0,0	  x0:0x00000000
       13545000	      1353	80001044	a4f22313	slti	x6,x4,-1457	  x4:0x00000001  x6=0x00000000
       13555000	      1354	80001048	00b28e33	add	x28,x5,x11	  x5:0x00000000 x11:0x00000000 x28=0x00000000
       13565000	      1355	8000104c	00000013	addi	x0,x0,0	  x0:0x00000000
       13575000	      1356	80001050	01a54263	blt	x10,x26,80001054	 x10:0x80009f84 x26:0x00000002
       13585000	      1357	00000000	00000013	addi	x0,x0,0	  x0:0x00000000
       13595000	      1358	80001050	00000013	addi	x0,x0,0	  x0:0x00000000
       13605000	      1359	80001054	41d55bb3	sra	x23,x10,x29	 x10:0x80009f84 x29:0x000003fd x23=0xfffffffc
       13615000	      1360	80001058	0067ca97	auipc	x21,0x67c	 x21=0x8067d054
       13625000	      1361	8000105c	a721bb93	sltiu	x23,x3,-1422	  x3:0x00000000 x23=0x00000001
       13635000	      1362	80001060	40215713	srai	x14,x2,0x2	  x2:0xd0dbce24 x14=0xf436f389
       13645000	      1363	80001064	0038d333	srl	x6,x17,x3	 x17:0x00000001  x3:0x00000000  x6=0x00000001
       13655000	      1364	80001068	016dd9b3	srl	x19,x27,x22	 x27:0x00000001 x22:0x00000001 x19=0x00000000
       13665000	      1365	8000106c	01062333	slt	x6,x12,x16	 x12:0x80009fc4 x16:0x464b1ffc  x6=0x00000001
       13675000	      1366	80001070	01a91833	sll	x16,x18,x26	 x18:0xffdfce24 x26:0x00000002 x16=0xff7f3890
       13685000	      1367	80001074	fc8bed93	ori	x27,x23,-56	 x23:0x00000001 x27=0xffffffc9
       13695000	      1368	80001078	0086dd93	srli	x27,x13,0x8	 x13:0x00000001 x27=0x00000000
       13705000	      1369	8000107c	598f8093	addi	x1,x31,1432	 x31:0x00000000  x1=0x00000598
       13715000	      1370	80001080	00737463	bgeu	x6,x7,80001088	  x6:0x00000001  x7:0x00000001
       13725000	      1371	00000000	00000013	addi	x0,x0,0	  x0:0x00000000
       13735000	      1372	80001084	00000013	addi	x0,x0,0	  x0:0x00000000
       13745000	      1373	80001088	021bfa63	bgeu	x23,x1,800010bc	 x23:0x00000001  x1:0x00000598
       13755000	      1374	8000108c	00a38d93	addi	x27,x7,10	  x7:0x00000001 x27=0x0000000b
       13765000	      1375	80001090	6e844f37	lui	x30,0x6e844	 x30=0x6e844000
       13775000	      1376	80001094	40880e33	sub	x28,x16,x8	 x16:0xff7f3890  x8:0x00800000 x28=0xfeff3890
       13785000	      1377	80001098	002f36b3	sltu	x13,x30,x2	 x30:0x6e844000  x2:0xd0dbce24 x13=0x00000001
       13795000	      1378	8000109c	015258b3	srl	x17,x4,x21	  x4:0x00000001 x21:0x8067d054 x17=0x00000000
       13805000	      1379	800010a0	00c2f863	bgeu	x5,x12,800010b0	  x5:0x00000000 x12:0x80009fc4
       13815000	      1380	800010a4	6764c437	lui	x8,0x6764c	  x8=0x6764c000
       13825000	      1381	800010a8	01acfd33	and	x26,x25,x26	 x25:0xd0dbce25 x26:0x00000002 x26=0x00000000
       13835000	      1382	800010ac	9bae3013	sltiu	x0,x28,-1606	 x28:0xfeff3890
       13845000	      1383	800010b0	2ff57b13	andi	x22,x10,767	 x10:0x80009f84 x22=0x00000284
       13855000	      1384	800010b4	6bc70393	addi	x7,x14,1724	 x14:0xf436f389  x7=0xf436fa45
       13865000	      1385	800010b8	0e1f4c93	xori	x25,x30,225	 x30:0x6e844000 x25=0x6e8440e1
       13875000	      1386	800010bc	01881f93	slli	x31,x16,0x18	 x16:0xff7f3890 x31=0x90000000
       13885000	      1387	800010c0	00b00c33	add	x24,x0,x11	  x0:0x00000000 x11:0x00000000 x24=0x00000000
       13895000	      1388	800010c4	40dad693	srai	x13,x21,0xd	 x21:0x8067d054 x13=0xfffc033e
       13905000	      1389	800010c8	00fd76b3	and	x13,x26,x15	 x26:0x00000000 x15:0x00013f08 x13=0x00000000
       13915000	      1390	800010cc	017add13	srli	x26,x21,0x17	 x21:0x8067d054 x26=0x00000100
       13925000	      1391	800010d0	40070433	sub	x8,x14,x0	 x14:0xf436f389  x0:0x00000000  x8=0xf436f389
       13935000	      1392	800010d4	41b70433	sub	x8,x14,x27	 x14:0xf436f389 x27:0x0000000b  x8=0xf436f37e
       13945000	      1393	800010d8	5e7b9837	lui	x16,0x5e7b9	 x16=0x5e7b9000
       13955000	      1394	800010dc	01a91193	slli	x3,x18,0x1a	 x18:0xffdfce24  x3=0x90000000
       13965000	      1395	800010e0	4177d5b3	sra	x11,x15,x23	 x15:0x00013f08 x23:0x00000001 x11=0x00009f84
       13975000	      1396	800010e4	04d18863	beq	x3,x13,80001134	  x3:0x90000000 x13:0x00000000
       13985000	      1397	800010e8	01afbcb3	sltu	x25,x31,x26	 x31:0x90000000 x26:0x00000100 x25=0x00000000
       13995000	      1398	800010ec	02ffc663	blt	x31,x15,80001118	 x31:0x90000000 x15:0x00013f08
       14005000	      1399	00000000	00000013	addi	x0,x0,0	  x0:0x00000000
       14015000	      1400	80001114	00000013	addi	x0,x0,0	  x0:0x00000000
       14025000	      1401	80001118	0399ff13	andi	x30,x19,57	 x19:0x00000000 x30=0x00000000
       14035000	      1402	8000111c	015895b3	sll	x11,x17,x21	 x17:0x00000000 x21:0x8067d054 x11=0x00000000
       14045000	      1403	80001120	00a10933	add	x18,x2,x10	  x2:0xd0dbce24 x10:0x80009f84 x18=0x50dc6da8
       14055000	      1404	80001124	413b5db3	sra	x27,x22,x19	 x22:0x00000284 x19:0x00000000 x27=0x00000284
       14065000	      1405	80001128	d80b2593	slti	x11,x22,-640	 x22:0x00000284 x11=0x00000000
       14075000	      1406	8000112c	01bfc463	blt	x31,x27,80001134	 x31:0x90000000 x27:0x00000284
       14085000	      1407	00000000	00000013	addi	x0,x0,0	  x0:0x00000000
       14095000	      1408	80001130	00000013	addi	x0,x0,0	  x0:0x00000000
       14105000	      1409	80001134	410e52b3	sra	x5,x28,x16	 x28:0xfeff3890 x16:0x5e7b9000  x5=0xfeff3890
       14115000	      1410	80001138	00541713	slli	x14,x8,0x5	  x8:0xf436f37e x14=0x86de6fc0
       14125000	      1411	8000113c	010a3033	sltu	x0,x20,x16	 x20:0x00000003 x16:0x5e7b9000
       14135000	      1412	80001140	003add33	srl	x26,x21,x3	 x21:0x8067d054  x3:0x90000000 x26=0x8067d054
       14145000	      1413	80001144	01813b33	sltu	x22,x2,x24	  x2:0xd0dbce24 x24:0x00000000 x22=0x00000000
       14155000	      1414	80001148	02480263	beq	x16,x4,8000116c	 x16:0x5e7b9000  x4:0x00000001
       14165000	      1415	8000114c	00c3beb3	sltu	x29,x7,x12	  x7:0xf436fa45 x12:0x80009fc4 x29=0x00000000
       14175000	      1416	80001150	01abe263	bltu	x23,x26,80001154	 x23:0x00000001 x26:0x8067d054
       14185000	      1417	00000000	00000013	addi	x0,x0,0	  x0:0x00000000
       14195000	      1418	80001150	00000013	addi	x0,x0,0	  x0:0x00000000
       14205000	      1419	80001154	69b50993	addi	x19,x10,1691	 x10:0x80009f84 x19=0x8000a61f
       14215000	      1420	80001158	05fbb193	sltiu	x3,x23,95	 x23:0x00000001  x3=0x00000001
       14225000	      1421	8000115c	41ef5bb3	sra	x23,x30,x30	 x30:0x00000000 x30:0x00000000 x23=0x00000000
       14235000	      1422	80001160	0033a433	slt	x8,x7,x3	  x7:0xf436fa45  x3:0x00000001  x8=0x00000001
       14245000	      1423	80001164	0579f263	bgeu	x19,x23,800011a8	 x19:0x8000a61f x23:0x00000000
       14255000	      1424	00000000	00000013	addi	x0,x0,0	  x0:0x00000000
       14265000	      1425	800011a4	00000013	addi	x0,x0,0	  x0:0x00000000
       14275000	      1426	800011a8	c5a48793	addi	x15,x9,-934	  x9:0x00000000 x15=0xfffffc5a
       14285000	      1427	800011ac	00343d33	sltu	x26,x8,x3	  x8:0x00000001  x3:0x00000001 x26=0x00000000
       14295000	      1428	800011b0	40e580b3	sub	x1,x11,x14	 x11:0x00000000 x14:0x86de6fc0  x1=0x79219040
       14305000	      1429	800011b4	002fd893	srli	x17,x31,0x2	 x31:0x90000000 x17=0x24000000
       14315000	      1430	800011b8	01f16263	bltu	x2,x31,800011bc	  x2:0xd0dbce24 x31:0x90000000
       14325000	      1431	800011bc	01988233	add	x4,x17,x25	 x17:0x24000000 x25:0x00000000  x4=0x24000000
       14335000	      1432	800011c0	01243d33	sltu	x26,x8,x18	  x8:0x00000001 x18:0x50dc6da8 x26=0x00000001
       14345000	      1433	800011c4	018d4f33	xor	x30,x26,x24	 x26:0x00000001 x24:0x00000000 x30=0x00000001
       14355000	      1434	800011c8	7a914713	xori	x14,x2,1961	  x2:0xd0dbce24 x14=0xd0dbc98d
       14365000	      1435	800011cc	06487063	bgeu	x16,x4,8000122c	 x16:0x5e7b9000  x4:0x24000000
       14375000	      1436	00000000	00000013	addi	x0,x0,0	  x0:0x00000000
       14385000	      1437	80001228	00000013	addi	x0,x0,0	  x0:0x00000000
       14395000	      1438	8000122c	002a8fb3	add	x31,x21,x2	 x21:0x8067d054  x2:0xd0dbce24 x31=0x51439e78
       14405000	      1439	80001230	022d7263	bgeu	x26,x2,80001254	 x26:0x00000001  x2:0xd0dbce24
       14415000	      1440	80001234	0102d833	srl	x16,x5,x16	  x5:0xfeff3890 x16:0x5e7b9000 x16=0xfeff3890
       14425000	      1441	80001238	011f12b3	sll	x5,x30,x17	 x30:0x00000001 x17:0x24000000  x5=0x00000001
       14435000	      1442	8000123c	8db10313	addi	x6,x2,-1829	  x2:0xd0dbce24  x6=0xd0dbc6ff
       14445000	      1443	80001240	00499db3	sll	x27,x19,x4	 x19:0x8000a61f  x4:0x24000000 x27=0x8000a61f
       14455000	      1444	80001244	01130bb3	add	x23,x6,x17	  x6:0xd0dbc6ff x17:0x24000000 x23=0xf4dbc6ff
       14465000	      1445	80001248	0115b033	sltu	x0,x11,x17	 x11:0x00000000 x17:0x24000000
       14475000	      1446	8000124c	41755493	srai	x9,x10,0x17	 x10:0x80009f84  x9=0xffffff00
       14485000	      1447	80001250	05cb4463	blt	x22,x28,80001298	 x22:0x00000000 x28:0xfeff3890
       14495000	      1448	80001254	7a297f97	auipc	x31,0x7a297	 x31=0xfa298250
       14505000	      1449	80001258	53d0abb7	lui	x23,0x53d0a	 x23=0x53d0a000
       14515000	      1450	8000125c	c06dc213	xori	x4,x27,-1018	 x27:0x8000a61f  x4=0x7fff5a19
       14525000	      1451	80001260	014941b3	xor	x3,x18,x20	 x18:0x50dc6da8 x20:0x00000003  x3=0x50dc6dab
       14535000	      1452	80001264	00a2fbb3	and	x23,x5,x10	  x5:0x00000001 x10:0x80009f84 x23=0x00000000
       14545000	      1453	80001268	011659b3	srl	x19,x12,x17	 x12:0x80009fc4 x17:0x24000000 x19=0x80009fc4
       14555000	      1454	8000126c	2a022213	slti	x4,x4,672	  x4:0x7fff5a19  x4=0x00000000
       14565000	      1455	80001270	03e0e463	bltu	x1,x30,80001298	  x1:0x79219040 x30:0x00000001
       14575000	      1456	80001274	4032d733	sra	x14,x5,x3	  x5:0x00000001  x3:0x50dc6dab x14=0x00000000
       14585000	      1457	80001278	00ba38b3	sltu	x17,x20,x11	 x20:0x00000003 x11:0x00000000 x17=0x00000000
       14595000	      1458	8000127c	01510b33	add	x22,x2,x21	  x2:0xd0dbce24 x21:0x8067d054 x22=0x51439e78
       14605000	      1459	80001280	408ed1b3	sra	x3,x29,x8	 x29:0x00000000  x8:0x00000001  x3=0x00000000
       14615000	      1460	80001284	045a6863	bltu	x20,x5,800012d4	 x20:0x00000003  x5:0x00000001
       14625000	      1461	80001288	fbfcf737	lui	x14,0xfbfcf	 x14=0xfbfcf000
       14635000	      1462	8000128c	412fd6b3	sra	x13,x31,x18	 x31:0xfa298250 x18:0x50dc6da8 x13=0xfffa2982
       14645000	      1463	80001290	014f1033	sll	x0,x30,x20	 x30:0x00000001 x20:0x00000003
       14655000	      1464	80001294	4264b093	sltiu	x1,x9,1062	  x9:0xffffff00  x1=0x00000000
       14665000	      1465	80001298	41e85b93	srai	x23,x16,0x1e	 x16:0xfeff3890 x23=0xffffffff
       14675000	      1466	8000129c	015988b3	add	x17,x19,x21	 x19:0x80009fc4 x21:0x8067d054 x17=0x00687018
       14685000	      1467	800012a0	01d35b33	srl	x22,x6,x29	  x6:0xd0dbc6ff x29:0x00000000 x22=0xd0dbc6ff
       14695000	      1468	800012a4	0140f863	bgeu	x1,x20,800012b4	  x1:0x00000000 x20:0x00000003
       14705000	      1469	800012a8	6ff22013	slti	x0,x4,1791	  x4:0x00000000
       14715000	      1470	800012ac	40080e33	sub	x28,x16,x0	 x16:0xfeff3890  x0:0x00000000 x28=0xfeff3890
       14725000	      1471	800012b0	01351b33	sll	x22,x10,x19	 x10:0x80009f84 x19:0x80009fc4 x22=0x0009f840
       14735000	      1472	800012b4	00000013	addi	x0,x0,0	  x0:0x00000000
       14745000	      1473	800012b8	53fc7b93	andi	x23,x24,1343	 x24:0x00000000 x23=0x00000000
       14755000	      1474	800012bc	418284b3	sub	x9,x5,x24	  x5:0x00000001 x24:0x00000000  x9=0x00000001
       14765000	      1475	800012c0	00e967b3	or	x15,x18,x14	 x18:0x50dc6da8 x14:0xfbfcf000 x15=0xfbfcfda8
       14775000	      1476	800012c4	00000013	addi	x0,x0,0	  x0:0x00000000
       14785000	      1477	800012c8	d973f693	andi	x13,x7,-617	  x7:0xf436fa45 x13=0xf436f805
       14795000	      1478	800012cc	418804b3	sub	x9,x16,x24	 x16:0xfeff3890 x24:0x00000000  x9=0xfeff3890
       14805000	      1479	800012d0	040b5263	bge	x22,x0,80001314	 x22:0x0009f840  x0:0x00000000
       14815000	      1480	00000000	00000013	addi	x0,x0,0	  x0:0x00000000
       14825000	      1481	80001310	00000013	addi	x0,x0,0	  x0:0x00000000
       14835000	      1482	80001314	52be0a93	addi	x21,x28,1323	 x28:0xfeff3890 x21=0xfeff3dbb
       14845000	      1483	80001318	018a3f33	sltu	x30,x20,x24	 x20:0x00000003 x24:0x00000000 x30=0x00000000
       14855000	      1484	8000131c	63ee2317	auipc	x6,0x63ee2	  x6=0xe3ee3318
       14865000	      1485	80001320	40b783b3	sub	x7,x15,x11	 x15:0xfbfcfda8 x11:0x00000000  x7=0xfbfcfda8
       14875000	      1486	80001324	889b3693	sltiu	x13,x22,-1911	 x22:0x0009f840 x13=0x00000001
       14885000	      1487	80001328	01e81d13	slli	x26,x16,0x1e	 x16:0xfeff3890 x26=0x00000000
       14895000	      1488	8000132c	00974e63	blt	x14,x9,80001348	 x14:0xfbfcf000  x9:0xfeff3890
       14905000	      1489	00000000	00000013	addi	x0,x0,0	  x0:0x00000000
       14915000	      1490	80001344	00000013	addi	x0,x0,0	  x0:0x00000000
       14925000	      1491	80001348	097e6863	bltu	x28,x23,800013d8	 x28:0xfeff3890 x23:0x00000000
       14935000	      1492	8000134c	030000ef	jal	x1,8000134c	  x1=0x8000134c
       14945000	      1493	00000000	00000013	addi	x0,x0,0	  x0:0x00000000
       14955000	      1494	80001378	00000013	addi	x0,x0,0	  x0:0x00000000
       14965000	      1495	8000137c	ff5ff0ef	jal	x1,8000137c	  x1=0x8000137c
       14975000	      1496	00000000	00000013	addi	x0,x0,0	  x0:0x00000000
       14985000	      1497	8000136c	00000013	addi	x0,x0,0	  x0:0x00000000
       14995000	      1498	80001370	02c0036f	jal	x6,80001370	  x6=0x80001370
       15005000	      1499	00000000	00000013	addi	x0,x0,0	  x0:0x00000000
       15015000	      1500	80001398	00000013	addi	x0,x0,0	  x0:0x00000000
       15025000	      1501	8000139c	fddff36f	jal	x6,8000139c	  x6=0x8000139c
       15035000	      1502	00000000	00000013	addi	x0,x0,0	  x0:0x00000000
       15045000	      1503	80001374	00000013	addi	x0,x0,0	  x0:0x00000000
       15055000	      1504	80001378	03c000ef	jal	x1,80001378	  x1=0x80001378
       15065000	      1505	00000000	00000013	addi	x0,x0,0	  x0:0x00000000
       15075000	      1506	800013b0	00000013	addi	x0,x0,0	  x0:0x00000000
       15085000	      1507	800013b4	ff9ff0ef	jal	x1,800013b4	  x1=0x800013b4
       15095000	      1508	00000000	00000013	addi	x0,x0,0	  x0:0x00000000
       15105000	      1509	800013a8	00000013	addi	x0,x0,0	  x0:0x00000000
       15115000	      1510	800013ac	fc9ff26f	jal	x4,800013ac	  x4=0x800013ac
       15125000	      1511	00000000	00000013	addi	x0,x0,0	  x0:0x00000000
       15135000	      1512	80001370	00000013	addi	x0,x0,0	  x0:0x00000000
       15145000	      1513	80001374	ff1ff1ef	jal	x3,80001374	  x3=0x80001374
       15155000	      1514	00000000	00000013	addi	x0,x0,0	  x0:0x00000000
       15165000	      1515	80001360	00000013	addi	x0,x0,0	  x0:0x00000000
       15175000	      1516	80001364	034002ef	jal	x5,80001364	  x5=0x80001364
       15185000	      1517	00000000	00000013	addi	x0,x0,0	  x0:0x00000000
       15195000	      1518	80001394	00000013	addi	x0,x0,0	  x0:0x00000000
       15205000	      1519	80001398	018000ef	jal	x1,80001398	  x1=0x80001398
       15215000	      1520	00000000	00000013	addi	x0,x0,0	  x0:0x00000000
       15225000	      1521	800013ac	00000013	addi	x0,x0,0	  x0:0x00000000
       15235000	      1522	800013b0	fd1ff26f	jal	x4,800013b0	  x4=0x800013b0
       15245000	      1523	00000000	00000013	addi	x0,x0,0	  x0:0x00000000
       15255000	      1524	8000137c	00000013	addi	x0,x0,0	  x0:0x00000000
       15265000	      1525	80001380	0280036f	jal	x6,80001380	  x6=0x80001380
       15275000	      1526	00000000	00000013	addi	x0,x0,0	  x0:0x00000000
       15285000	      1527	800013a4	00000013	addi	x0,x0,0	  x0:0x00000000
       15295000	      1528	800013a8	fe1ff0ef	jal	x1,800013a8	  x1=0x800013a8
       15305000	      1529	00000000	00000013	addi	x0,x0,0	  x0:0x00000000
       15315000	      1530	80001384	00000013	addi	x0,x0,0	  x0:0x00000000
       15325000	      1531	80001388	0080036f	jal	x6,80001388	  x6=0x80001388
       15335000	      1532	00000000	00000013	addi	x0,x0,0	  x0:0x00000000
       15345000	      1533	8000138c	00000013	addi	x0,x0,0	  x0:0x00000000
       15355000	      1534	80001390	030000ef	jal	x1,80001390	  x1=0x80001390
       15365000	      1535	00000000	00000013	addi	x0,x0,0	  x0:0x00000000
       15375000	      1536	800013bc	00000013	addi	x0,x0,0	  x0:0x00000000
       15385000	      1537	800013c0	fd5ff0ef	jal	x1,800013c0	  x1=0x800013c0
       15395000	      1538	00000000	00000013	addi	x0,x0,0	  x0:0x00000000
       15405000	      1539	80001390	00000013	addi	x0,x0,0	  x0:0x00000000
       15415000	      1540	80001394	ff1ff0ef	jal	x1,80001394	  x1=0x80001394
       15425000	      1541	00000000	00000013	addi	x0,x0,0	  x0:0x00000000
       15435000	      1542	80001380	00000013	addi	x0,x0,0	  x0:0x00000000
       15445000	      1543	80001384	fd5ff0ef	jal	x1,80001384	  x1=0x80001384
       15455000	      1544	00000000	00000013	addi	x0,x0,0	  x0:0x00000000
       15465000	      1545	80001354	00000013	addi	x0,x0,0	  x0:0x00000000
       15475000	      1546	80001358	0480036f	jal	x6,80001358	  x6=0x80001358
       15485000	      1547	00000000	00000013	addi	x0,x0,0	  x0:0x00000000
       15495000	      1548	8000139c	00000013	addi	x0,x0,0	  x0:0x00000000
       15505000	      1549	800013a0	fbdff0ef	jal	x1,800013a0	  x1=0x800013a0
       15515000	      1550	00000000	00000013	addi	x0,x0,0	  x0:0x00000000
       15525000	      1551	80001358	00000013	addi	x0,x0,0	  x0:0x00000000
       15535000	      1552	8000135c	0100036f	jal	x6,8000135c	  x6=0x8000135c
       15545000	      1553	00000000	00000013	addi	x0,x0,0	  x0:0x00000000
       15555000	      1554	80001368	00000013	addi	x0,x0,0	  x0:0x00000000
       15565000	      1555	8000136c	058000ef	jal	x1,8000136c	  x1=0x8000136c
       15575000	      1556	00000000	00000013	addi	x0,x0,0	  x0:0x00000000
       15585000	      1557	800013c0	00000013	addi	x0,x0,0	  x0:0x00000000
       15595000	      1558	800013c4	f91ff1ef	jal	x3,800013c4	  x3=0x800013c4
       15605000	      1559	00000000	00000013	addi	x0,x0,0	  x0:0x00000000
       15615000	      1560	80001350	00000013	addi	x0,x0,0	  x0:0x00000000
       15625000	      1561	80001354	038000ef	jal	x1,80001354	  x1=0x80001354
       15635000	      1562	00000000	00000013	addi	x0,x0,0	  x0:0x00000000
       15645000	      1563	80001388	00000013	addi	x0,x0,0	  x0:0x00000000
       15655000	      1564	8000138c	018000ef	jal	x1,8000138c	  x1=0x8000138c
       15665000	      1565	00000000	00000013	addi	x0,x0,0	  x0:0x00000000
       15675000	      1566	800013a0	00000013	addi	x0,x0,0	  x0:0x00000000
       15685000	      1567	800013a4	fc5ff0ef	jal	x1,800013a4	  x1=0x800013a4
       15695000	      1568	00000000	00000013	addi	x0,x0,0	  x0:0x00000000
       15705000	      1569	80001364	00000013	addi	x0,x0,0	  x0:0x00000000
       15715000	      1570	80001368	0500036f	jal	x6,80001368	  x6=0x80001368
       15725000	      1571	00000000	00000013	addi	x0,x0,0	  x0:0x00000000
       15735000	      1572	800013b4	00000013	addi	x0,x0,0	  x0:0x00000000
       15745000	      1573	800013b8	f99ff0ef	jal	x1,800013b8	  x1=0x800013b8
       15755000	      1574	00000000	00000013	addi	x0,x0,0	  x0:0x00000000
       15765000	      1575	8000134c	00000013	addi	x0,x0,0	  x0:0x00000000
       15775000	      1576	80001350	06c000ef	jal	x1,80001350	  x1=0x80001350
       15785000	      1577	00000000	00000013	addi	x0,x0,0	  x0:0x00000000
       15795000	      1578	800013b8	00000013	addi	x0,x0,0	  x0:0x00000000
       15805000	      1579	800013bc	fa5ff36f	jal	x6,800013bc	  x6=0x800013bc
       15815000	      1580	00000000	00000013	addi	x0,x0,0	  x0:0x00000000
       15825000	      1581	8000135c	00000013	addi	x0,x0,0	  x0:0x00000000
       15835000	      1582	80001360	068000ef	jal	x1,80001360	  x1=0x80001360
       15845000	      1583	00000000	00000013	addi	x0,x0,0	  x0:0x00000000
       15855000	      1584	800013c4	00000013	addi	x0,x0,0	  x0:0x00000000
       15865000	      1585	800013c8	00000013	addi	x0,x0,0	  x0:0x00000000
       15875000	      1586	800013cc	f207ceb7	lui	x29,0xf207c	 x29=0xf207c000
       15885000	      1587	800013d0	01ee5413	srli	x8,x28,0x1e	 x28:0xfeff3890  x8=0x00000003
       15895000	      1588	800013d4	01a537b3	sltu	x15,x10,x26	 x10:0x80009f84 x26:0x00000000 x15=0x00000000
       15905000	      1589	800013d8	00e00233	add	x4,x0,x14	  x0:0x00000000 x14:0xfbfcf000  x4=0xfbfcf000
       15915000	      1590	800013dc	28db0413	addi	x8,x22,653	 x22:0x0009f840  x8=0x0009facd
       15925000	      1591	800013e0	9c70ce13	xori	x28,x1,-1593	  x1:0x80001360 x28=0x7fffeaa7
       15935000	      1592	800013e4	02961463	bne	x12,x9,8000140c	 x12:0x80009fc4  x9:0xfeff3890
       15945000	      1593	00000000	00000013	addi	x0,x0,0	  x0:0x00000000
       15955000	      1594	80001408	00000013	addi	x0,x0,0	  x0:0x00000000
       15965000	      1595	8000140c	01cd6733	or	x14,x26,x28	 x26:0x00000000 x28:0x7fffeaa7 x14=0x7fffeaa7
       15975000	      1596	80001410	00ac0133	add	x2,x24,x10	 x24:0x00000000 x10:0x80009f84  x2=0x80009f84
       15985000	      1597	80001414	02b26a63	bltu	x4,x11,80001448	  x4:0xfbfcf000 x11:0x00000000
       15995000	      1598	80001418	01ea1013	slli	x0,x20,0x1e	 x20:0x00000003
       16005000	      1599	8000141c	009e5093	srli	x1,x28,0x9	 x28:0x7fffeaa7  x1=0x003ffff5
       16015000	      1600	80001420	02baf263	bgeu	x21,x11,80001444	 x21:0xfeff3dbb x11:0x00000000
       16025000	      1601	00000000	00000013	addi	x0,x0,0	  x0:0x00000000
       16035000	      1602	80001440	00000013	addi	x0,x0,0	  x0:0x00000000
       16045000	      1603	80001444	010a7833	and	x16,x20,x16	 x20:0x00000003 x16:0xfeff3890 x16=0x00000000
       16055000	      1604	80001448	a42a8eb7	lui	x29,0xa42a8	 x29=0xa42a8000
       16065000	      1605	8000144c	0052e433	or	x8,x5,x5	  x5:0x80001364  x5:0x80001364  x8=0x80001364
       16075000	      1606	80001450	00249233	sll	x4,x9,x2	  x9:0xfeff3890  x2:0x80009f84  x4=0xeff38900
       16085000	      1607	80001454	aca97593	andi	x11,x18,-1334	 x18:0x50dc6da8 x11=0x50dc6888
       16095000	      1608	80001458	017dafb3	slt	x31,x27,x23	 x27:0x8000a61f x23:0x00000000 x31=0x00000001
       16105000	      1609	8000145c	020000ef	jal	x1,8000145c	  x1=0x8000145c
       16115000	      1610	00000000	00000013	addi	x0,x0,0	  x0:0x00000000
       16125000	      1611	80001478	00000013	addi	x0,x0,0	  x0:0x00000000
       16135000	      1612	8000147c	00400e6f	jal	x28,8000147c	 x28=0x8000147c
       16145000	      1613	00000000	00000013	addi	x0,x0,0	  x0:0x00000000
       16155000	      1614	8000147c	00000013	addi	x0,x0,0	  x0:0x00000000
       16165000	      1615	80001480	018000ef	jal	x1,80001480	  x1=0x80001480
       16175000	      1616	00000000	00000013	addi	x0,x0,0	  x0:0x00000000
       16185000	      1617	80001494	00000013	addi	x0,x0,0	  x0:0x00000000
       16195000	      1618	80001498	fe1ff36f	jal	x6,80001498	  x6=0x80001498
       16205000	      1619	00000000	00000013	addi	x0,x0,0	  x0:0x00000000
       16215000	      1620	80001474	00000013	addi	x0,x0,0	  x0:0x00000000
       16225000	      1621	80001478	018000ef	jal	x1,80001478	  x1=0x80001478
       16235000	      1622	00000000	00000013	addi	x0,x0,0	  x0:0x00000000
       16245000	      1623	8000148c	00000013	addi	x0,x0,0	  x0:0x00000000
       16255000	      1624	80001490	004001ef	jal	x3,80001490	  x3=0x80001490
       16265000	      1625	00000000	00000013	addi	x0,x0,0	  x0:0x00000000
       16275000	      1626	80001490	00000013	addi	x0,x0,0	  x0:0x00000000
       16285000	      1627	80001494	fd1ff36f	jal	x6,80001494	  x6=0x80001494
       16295000	      1628	00000000	00000013	addi	x0,x0,0	  x0:0x00000000
       16305000	      1629	80001460	00000013	addi	x0,x0,0	  x0:0x00000000
       16315000	      1630	80001464	00c000ef	jal	x1,80001464	  x1=0x80001464
       16325000	      1631	00000000	00000013	addi	x0,x0,0	  x0:0x00000000
       16335000	      1632	8000146c	00000013	addi	x0,x0,0	  x0:0x00000000
       16345000	      1633	80001470	ff1ff0ef	jal	x1,80001470	  x1=0x80001470
       16355000	      1634	00000000	00000013	addi	x0,x0,0	  x0:0x00000000
       16365000	      1635	8000145c	00000013	addi	x0,x0,0	  x0:0x00000000
       16375000	      1636	80001460	02c000ef	jal	x1,80001460	  x1=0x80001460
       16385000	      1637	00000000	00000013	addi	x0,x0,0	  x0:0x00000000
       16395000	      1638	80001488	00000013	addi	x0,x0,0	  x0:0x00000000
       16405000	      1639	8000148c	fe1ff36f	jal	x6,8000148c	  x6=0x8000148c
       16415000	      1640	00000000	00000013	addi	x0,x0,0	  x0:0x00000000
       16425000	      1641	80001468	00000013	addi	x0,x0,0	  x0:0x00000000
       16435000	      1642	8000146c	008000ef	jal	x1,8000146c	  x1=0x8000146c
       16445000	      1643	00000000	00000013	addi	x0,x0,0	  x0:0x00000000
       16455000	      1644	80001470	00000013	addi	x0,x0,0	  x0:0x00000000
       16465000	      1645	80001474	01400e6f	jal	x28,80001474	 x28=0x80001474
       16475000	      1646	00000000	00000013	addi	x0,x0,0	  x0:0x00000000
       16485000	      1647	80001484	00000013	addi	x0,x0,0	  x0:0x00000000
       16495000	      1648	80001488	ffdff0ef	jal	x1,80001488	  x1=0x80001488
       16505000	      1649	00000000	00000013	addi	x0,x0,0	  x0:0x00000000
       16515000	      1650	80001480	00000013	addi	x0,x0,0	  x0:0x00000000
       16525000	      1651	80001484	fe5ff0ef	jal	x1,80001484	  x1=0x80001484
       16535000	      1652	00000000	00000013	addi	x0,x0,0	  x0:0x00000000
       16545000	      1653	80001464	00000013	addi	x0,x0,0	  x0:0x00000000
       16555000	      1654	80001468	0340036f	jal	x6,80001468	  x6=0x80001468
       16565000	      1655	00000000	00000013	addi	x0,x0,0	  x0:0x00000000
       16575000	      1656	80001498	00000013	addi	x0,x0,0	  x0:0x00000000
       16585000	      1657	8000149c	00000013	addi	x0,x0,0	  x0:0x00000000
       16595000	      1658	800014a0	efed2993	slti	x19,x26,-258	 x26:0x00000000 x19=0x00000000
       16605000	      1659	800014a4	011f7ab3	and	x21,x30,x17	 x30:0x00000000 x17:0x00687018 x21=0x00000000
       16615000	      1660	800014a8	00555433	srl	x8,x10,x5	 x10:0x80009f84  x5:0x80001364  x8=0x080009f8
       16625000	      1661	800014ac	4147db93	srai	x23,x15,0x14	 x15:0x00000000 x23=0x00000000
       16635000	      1662	800014b0	bae37f93	andi	x31,x6,-1106	  x6:0x80001468 x31=0x80001028
       16645000	      1663	800014b4	008753b3	srl	x7,x14,x8	 x14:0x7fffeaa7  x8:0x080009f8  x7=0x0000007f
       16655000	      1664	800014b8	000a8e63	beq	x21,x0,800014d4	 x21:0x00000000  x0:0x00000000
       16665000	      1665	00000000	00000013	addi	x0,x0,0	  x0:0x00000000
       16675000	      1666	800014d0	00000013	addi	x0,x0,0	  x0:0x00000000
       16685000	      1667	800014d4	c4862817	auipc	x16,0xc4862	 x16=0x448634d0
       16695000	      1668	800014d8	006c5bb3	srl	x23,x24,x6	 x24:0x00000000  x6:0x80001468 x23=0x00000000
       16705000	      1669	800014dc	00000013	addi	x0,x0,0	  x0:0x00000000
       16715000	      1670	800014e0	01827233	and	x4,x4,x24	  x4:0xeff38900 x24:0x00000000  x4=0x00000000
       16725000	      1671	800014e4	014beab3	or	x21,x23,x20	 x23:0x00000000 x20:0x00000003 x21=0x00000003
       16735000	      1672	800014e8	412e80b3	sub	x1,x29,x18	 x29:0xa42a8000 x18:0x50dc6da8  x1=0x534e1258
       16745000	      1673	800014ec	01a820b3	slt	x1,x16,x26	 x16:0x448634d0 x26:0x00000000  x1=0x00000000
       16755000	      1674	800014f0	c8cb0e93	addi	x29,x22,-884	 x22:0x0009f840 x29=0x0009f4cc
       16765000	      1675	800014f4	5de9f193	andi	x3,x19,1502	 x19:0x00000000  x3=0x00000000
       16775000	      1676	800014f8	e2b43993	sltiu	x19,x8,-469	  x8:0x080009f8 x19=0x00000001
       16785000	      1677	800014fc	00c10d33	add	x26,x2,x12	  x2:0x80009f84 x12:0x80009fc4 x26=0x00013f48
       16795000	      1678	80001500	0060c733	xor	x14,x1,x6	  x1:0x00000000  x6:0x80001468 x14=0x80001468
       16805000	      1679	80001504	01339c13	slli	x24,x7,0x13	  x7:0x0000007f x24=0x03f80000
       16815000	      1680	80001508	e8173413	sltiu	x8,x14,-383	 x14:0x80001468  x8=0x00000001
       16825000	      1681	8000150c	7c094017	auipc	x0,0x7c094	
       16835000	      1682	80001510	00ec9693	slli	x13,x25,0xe	 x25:0x00000000 x13=0x00000000
       16845000	      1683	80001514	2fcdbc13	sltiu	x24,x27,764	 x27:0x8000a61f x24=0x00000000
       16855000	      1684	80001518	05f8d863	bge	x17,x31,80001568	 x17:0x00687018 x31:0x80001028
       16865000	      1685	00000000	00000013	addi	x0,x0,0	  x0:0x00000000
       16875000	      1686	80001564	00000013	addi	x0,x0,0	  x0:0x00000000
       16885000	      1687	80001568	014cd733	srl	x14,x25,x20	 x25:0x00000000 x20:0x00000003 x14=0x00000000
       16895000	      1688	8000156c	00f89413	slli	x8,x17,0xf	 x17:0x00687018  x8=0x380c0000
       16905000	      1689	80001570	0517c263	blt	x15,x17,800015b4	 x15:0x00000000 x17:0x00687018
       16915000	      1690	00000000	00000013	addi	x0,x0,0	  x0:0x00000000
       16925000	      1691	800015b0	00000013	addi	x0,x0,0	  x0:0x00000000
       16935000	      1692	800015b4	00217263	bgeu	x2,x2,800015b8	  x2:0x80009f84  x2:0x80009f84
       16945000	      1693	00000000	00000013	addi	x0,x0,0	  x0:0x00000000
       16955000	      1694	800015b4	00000013	addi	x0,x0,0	  x0:0x00000000
       16965000	      1695	800015b8	903ba013	slti	x0,x23,-1789	 x23:0x00000000
       16975000	      1696	800015bc	e1744693	xori	x13,x8,-489	  x8:0x380c0000 x13=0xc7f3fe17
       16985000	      1697	800015c0	eb733f13	sltiu	x30,x6,-329	  x6:0x80001468 x30=0x00000001
       16995000	      1698	800015c4	028b0863	beq	x22,x8,800015f4	 x22:0x0009f840  x8:0x380c0000
       17005000	      1699	800015c8	0053d433	srl	x8,x7,x5	  x7:0x0000007f  x5:0x80001364  x8=0x00000007
       17015000	      1700	800015cc	00caec63	bltu	x21,x12,800015e4	 x21:0x00000003 x12:0x80009fc4
       17025000	      1701	00000000	00000013	addi	x0,x0,0	  x0:0x00000000
       17035000	      1702	800015e0	00000013	addi	x0,x0,0	  x0:0x00000000
       17045000	      1703	800015e4	03d4f063	bgeu	x9,x29,80001604	  x9:0xfeff3890 x29:0x0009f4cc
       17055000	      1704	00000000	00000013	addi	x0,x0,0	  x0:0x00000000
       17065000	      1705	80001600	00000013	addi	x0,x0,0	  x0:0x00000000
       17075000	      1706	80001604	0081df13	srli	x30,x3,0x8	  x3:0x00000000 x30=0x00000000
       17085000	      1707	80001608	01275263	bge	x14,x18,8000160c	 x14:0x00000000 x18:0x50dc6da8
       17095000	      1708	8000160c	416484b3	sub	x9,x9,x22	  x9:0xfeff3890 x22:0x0009f840  x9=0xfef54050
       17105000	      1709	80001610	00000a17	auipc	x20,0x0	 x20=0x8000160c
       17115000	      1710	80001614	00ca0a13	addi	x20,x20,12	 x20:0x8000160c x20=0x80001618
       17125000	      1711	80001618	000a0067	jalr	x0,x20,0	 x20:0x80001618
       17135000	      1712	00000000	00000013	addi	x0,x0,0	  x0:0x00000000
       17145000	      1713	80001618	00000013	addi	x0,x0,0	  x0:0x00000000
       17155000	      1714	8000161c	00100193	addi	x3,x0,1	  x0:0x00000000  x3=0x00000001
       17165000	      1715	80001620	00000073	ecall	
       17175000	      1716	80001624	8a274813	xori	x16,x14,-1886	 x14:0x00000000 x16=0xfffff8a2
