		Time			Cycle	PC		Insn	Decoded instruction	Register and memory contents
          65000	         5	80000004	00000293	addi	x5,x0,0	  x0:0x00000000  x5=0x00000000
          75000	         6	80000008	00000313	addi	x6,x0,0	  x0:0x00000000  x6=0x00000000
          85000	         7	8000000c	00628263	beq	x5,x6,80000010	  x5:0x00000000  x6:0x00000000
          95000	         8	00000000	00000013	addi	x0,x0,0	  x0:0x00000000
         105000	         9	8000000c	00000013	addi	x0,x0,0	  x0:0x00000000
         115000	        10	80000010	00000097	auipc	x1,0x0	  x1=0x8000000c
         125000	        11	80000014	00c08093	addi	x1,x1,12	  x1:0x8000000c  x1=0x80000018
         135000	        12	80000018	00008067	jalr	x0,x1,0	  x1:0x80000018
         145000	        13	00000000	00000013	addi	x0,x0,0	  x0:0x00000000
         155000	        14	80000018	00000013	addi	x0,x0,0	  x0:0x00000000
         165000	        15	8000001c	40000237	lui	x4,0x40000	  x4=0x40000000
         175000	        16	80000020	10020213	addi	x4,x4,256	  x4:0x40000000  x4=0x40000100
         185000	        17	80000024	00000013	addi	x0,x0,0	  x0:0x00000000
         195000	        18	80000028	0000aa97	auipc	x21,0xa	 x21=0x8000a024
         205000	        19	8000002c	fa0a8a93	addi	x21,x21,-96	 x21:0x8000a024 x21=0x80009fc4
         215000	        20	80000030	00004217	auipc	x4,0x4	  x4=0x8000402c
         225000	        21	80000034	5c020213	addi	x4,x4,1472	  x4:0x8000402c  x4=0x800045ec
         235000	        22	80000038	00026213	ori	x4,x4,0	  x4:0x800045ec  x4=0x800045ec
         245000	        23	8000003c	00000013	addi	x0,x0,0	  x0:0x00000000
         255000	        24	80000040	00000217	auipc	x4,0x0	  x4=0x8000003c
         265000	        25	80000044	02020213	addi	x4,x4,32	  x4:0x8000003c  x4=0x8000005c
         275000	        26	80000048	00000013	addi	x0,x0,0	  x0:0x00000000
         285000	        27	8000004c	00000013	addi	x0,x0,0	  x0:0x00000000
         295000	        28	80000050	00002237	lui	x4,0x2	  x4=0x00002000
         305000	        29	80000054	80020213	addi	x4,x4,-2048	  x4:0x00002000  x4=0x00001800
         315000	        30	80000058	00000013	addi	x0,x0,0	  x0:0x00000000
         325000	        31	8000005c	00000013	addi	x0,x0,0	  x0:0x00000000
         335000	        32	80000060	23a21037	lui	x0,0x23a21	
         345000	        33	80000064	32600013	addi	x0,x0,806	  x0:0x00000000
         355000	        34	80000068	00300093	addi	x1,x0,3	  x0:0x00000000  x1=0x00000003
         365000	        35	8000006c	00000113	addi	x2,x0,0	  x0:0x00000000  x2=0x00000000
         375000	        36	80000070	00000193	addi	x3,x0,0	  x0:0x00000000  x3=0x00000000
         385000	        37	80000074	00d00213	addi	x4,x0,13	  x0:0x00000000  x4=0x0000000d
         395000	        38	80000078	fbfc02b7	lui	x5,0xfbfc0	  x5=0xfbfc0000
         405000	        39	8000007c	24228293	addi	x5,x5,578	  x5:0xfbfc0000  x5=0xfbfc0242
         415000	        40	80000080	00000313	addi	x6,x0,0	  x0:0x00000000  x6=0x00000000
         425000	        41	80000084	800003b7	lui	x7,0x80000	  x7=0x80000000
         435000	        42	80000088	80000437	lui	x8,0x80000	  x8=0x80000000
         445000	        43	8000008c	00000493	addi	x9,x0,0	  x0:0x00000000  x9=0x00000000
         455000	        44	80000090	ea15f537	lui	x10,0xea15f	 x10=0xea15f000
         465000	        45	80000094	16050513	addi	x10,x10,352	 x10:0xea15f000 x10=0xea15f160
         475000	        46	80000098	be1ae5b7	lui	x11,0xbe1ae	 x11=0xbe1ae000
         485000	        47	8000009c	2dc58593	addi	x11,x11,732	 x11:0xbe1ae000 x11=0xbe1ae2dc
         495000	        48	800000a0	80000637	lui	x12,0x80000	 x12=0x80000000
         505000	        49	800000a4	fa18e6b7	lui	x13,0xfa18e	 x13=0xfa18e000
         515000	        50	800000a8	47668693	addi	x13,x13,1142	 x13:0xfa18e000 x13=0xfa18e476
         525000	        51	800000ac	00800713	addi	x14,x0,8	  x0:0x00000000 x14=0x00000008
         535000	        52	800000b0	fff417b7	lui	x15,0xfff41	 x15=0xfff41000
         545000	        53	800000b4	0bd78793	addi	x15,x15,189	 x15:0xfff41000 x15=0xfff410bd
         555000	        54	800000b8	00000813	addi	x16,x0,0	  x0:0x00000000 x16=0x00000000
         565000	        55	800000bc	fac748b7	lui	x17,0xfac74	 x17=0xfac74000
         575000	        56	800000c0	a0388893	addi	x17,x17,-1533	 x17:0xfac74000 x17=0xfac73a03
         585000	        57	800000c4	00000913	addi	x18,x0,0	  x0:0x00000000 x18=0x00000000
         595000	        58	800000c8	00200993	addi	x19,x0,2	  x0:0x00000000 x19=0x00000002
         605000	        59	800000cc	00500a13	addi	x20,x0,5	  x0:0x00000000 x20=0x00000005
         615000	        60	800000d0	00100b13	addi	x22,x0,1	  x0:0x00000000 x22=0x00000001
         625000	        61	800000d4	f1313bb7	lui	x23,0xf1313	 x23=0xf1313000
         635000	        62	800000d8	6d8b8b93	addi	x23,x23,1752	 x23:0xf1313000 x23=0xf13136d8
         645000	        63	800000dc	00c00c13	addi	x24,x0,12	  x0:0x00000000 x24=0x0000000c
         655000	        64	800000e0	00000c93	addi	x25,x0,0	  x0:0x00000000 x25=0x00000000
         665000	        65	800000e4	f3aced37	lui	x26,0xf3ace	 x26=0xf3ace000
         675000	        66	800000e8	e43d0d13	addi	x26,x26,-445	 x26:0xf3ace000 x26=0xf3acde43
         685000	        67	800000ec	f3688db7	lui	x27,0xf3688	 x27=0xf3688000
         695000	        68	800000f0	fb7d8d93	addi	x27,x27,-73	 x27:0xf3688000 x27=0xf3687fb7
         705000	        69	800000f4	6de73e37	lui	x28,0x6de73	 x28=0x6de73000
         715000	        70	800000f8	082e0e13	addi	x28,x28,130	 x28:0x6de73000 x28=0x6de73082
         725000	        71	800000fc	f0775f37	lui	x30,0xf0775	 x30=0xf0775000
         735000	        72	80000100	f67f0f13	addi	x30,x30,-153	 x30:0xf0775000 x30=0xf0774f67
         745000	        73	80000104	0a833fb7	lui	x31,0xa833	 x31=0x0a833000
         755000	        74	80000108	e9df8f93	addi	x31,x31,-355	 x31:0x0a833000 x31=0x0a832e9d
         765000	        75	8000010c	0000ae97	auipc	x29,0xa	 x29=0x8000a108
         775000	        76	80000110	e7ce8e93	addi	x29,x29,-388	 x29:0x8000a108 x29=0x80009f84
         785000	        77	80000114	03400fef	jal	x31,80000114	 x31=0x80000114
         795000	        78	00000000	00000013	addi	x0,x0,0	  x0:0x00000000
         805000	        79	80000144	00000013	addi	x0,x0,0	  x0:0x00000000
         815000	        80	80000148	fe1ff26f	jal	x4,80000148	  x4=0x80000148
         825000	        81	00000000	00000013	addi	x0,x0,0	  x0:0x00000000
         835000	        82	80000124	00000013	addi	x0,x0,0	  x0:0x00000000
         845000	        83	80000128	0040036f	jal	x6,80000128	  x6=0x80000128
         855000	        84	00000000	00000013	addi	x0,x0,0	  x0:0x00000000
         865000	        85	80000128	00000013	addi	x0,x0,0	  x0:0x00000000
         875000	        86	8000012c	02400f6f	jal	x30,8000012c	 x30=0x8000012c
         885000	        87	00000000	00000013	addi	x0,x0,0	  x0:0x00000000
         895000	        88	8000014c	00000013	addi	x0,x0,0	  x0:0x00000000
         905000	        89	80000150	fe1ff96f	jal	x18,80000150	 x18=0x80000150
         915000	        90	00000000	00000013	addi	x0,x0,0	  x0:0x00000000
         925000	        91	8000012c	00000013	addi	x0,x0,0	  x0:0x00000000
         935000	        92	80000130	0280036f	jal	x6,80000130	  x6=0x80000130
         945000	        93	00000000	00000013	addi	x0,x0,0	  x0:0x00000000
         955000	        94	80000154	00000013	addi	x0,x0,0	  x0:0x00000000
         965000	        95	80000158	fddff86f	jal	x16,80000158	 x16=0x80000158
         975000	        96	00000000	00000013	addi	x0,x0,0	  x0:0x00000000
         985000	        97	80000130	00000013	addi	x0,x0,0	  x0:0x00000000
         995000	        98	80000134	ff1ff8ef	jal	x17,80000134	 x17=0x80000134
        1005000	        99	00000000	00000013	addi	x0,x0,0	  x0:0x00000000
        1015000	       100	80000120	00000013	addi	x0,x0,0	  x0:0x00000000
        1025000	       101	80000124	0280036f	jal	x6,80000124	  x6=0x80000124
        1035000	       102	00000000	00000013	addi	x0,x0,0	  x0:0x00000000
        1045000	       103	80000148	00000013	addi	x0,x0,0	  x0:0x00000000
        1055000	       104	8000014c	00800b6f	jal	x22,8000014c	 x22=0x8000014c
        1065000	       105	00000000	00000013	addi	x0,x0,0	  x0:0x00000000
        1075000	       106	80000150	00000013	addi	x0,x0,0	  x0:0x00000000
        1085000	       107	80000154	fcdffa6f	jal	x20,80000154	 x20=0x80000154
        1095000	       108	00000000	00000013	addi	x0,x0,0	  x0:0x00000000
        1105000	       109	8000011c	00000013	addi	x0,x0,0	  x0:0x00000000
        1115000	       110	80000120	ffdff6ef	jal	x13,80000120	 x13=0x80000120
        1125000	       111	00000000	00000013	addi	x0,x0,0	  x0:0x00000000
        1135000	       112	80000118	00000013	addi	x0,x0,0	  x0:0x00000000
        1145000	       113	8000011c	01c0076f	jal	x14,8000011c	 x14=0x8000011c
        1155000	       114	00000000	00000013	addi	x0,x0,0	  x0:0x00000000
        1165000	       115	80000134	00000013	addi	x0,x0,0	  x0:0x00000000
        1175000	       116	80000138	004002ef	jal	x5,80000138	  x5=0x80000138
        1185000	       117	00000000	00000013	addi	x0,x0,0	  x0:0x00000000
        1195000	       118	80000138	00000013	addi	x0,x0,0	  x0:0x00000000
        1205000	       119	8000013c	0040036f	jal	x6,8000013c	  x6=0x8000013c
        1215000	       120	00000000	00000013	addi	x0,x0,0	  x0:0x00000000
        1225000	       121	8000013c	00000013	addi	x0,x0,0	  x0:0x00000000
        1235000	       122	80000140	0040036f	jal	x6,80000140	  x6=0x80000140
        1245000	       123	00000000	00000013	addi	x0,x0,0	  x0:0x00000000
        1255000	       124	80000140	00000013	addi	x0,x0,0	  x0:0x00000000
        1265000	       125	80000144	fd5ff36f	jal	x6,80000144	  x6=0x80000144
        1275000	       126	00000000	00000013	addi	x0,x0,0	  x0:0x00000000
        1285000	       127	80000114	00000013	addi	x0,x0,0	  x0:0x00000000
        1295000	       128	80000118	0440036f	jal	x6,80000118	  x6=0x80000118
        1305000	       129	00000000	00000013	addi	x0,x0,0	  x0:0x00000000
        1315000	       130	80000158	00000013	addi	x0,x0,0	  x0:0x00000000
        1325000	       131	8000015c	01f58333	add	x6,x11,x31	 x11:0xbe1ae2dc x31:0x80000114  x6=0x3e1ae3f0
        1335000	       132	80000160	04400fef	jal	x31,80000160	 x31=0x80000160
        1345000	       133	00000000	00000013	addi	x0,x0,0	  x0:0x00000000
        1355000	       134	800001a0	00000013	addi	x0,x0,0	  x0:0x00000000
        1365000	       135	800001a4	0080056f	jal	x10,800001a4	 x10=0x800001a4
        1375000	       136	00000000	00000013	addi	x0,x0,0	  x0:0x00000000
        1385000	       137	800001a8	00000013	addi	x0,x0,0	  x0:0x00000000
        1395000	       138	800001ac	fc5ff36f	jal	x6,800001ac	  x6=0x800001ac
        1405000	       139	00000000	00000013	addi	x0,x0,0	  x0:0x00000000
        1415000	       140	8000016c	00000013	addi	x0,x0,0	  x0:0x00000000
        1425000	       141	80000170	0400036f	jal	x6,80000170	  x6=0x80000170
        1435000	       142	00000000	00000013	addi	x0,x0,0	  x0:0x00000000
        1445000	       143	800001ac	00000013	addi	x0,x0,0	  x0:0x00000000
        1455000	       144	800001b0	fb5ff8ef	jal	x17,800001b0	 x17=0x800001b0
        1465000	       145	00000000	00000013	addi	x0,x0,0	  x0:0x00000000
        1475000	       146	80000160	00000013	addi	x0,x0,0	  x0:0x00000000
        1485000	       147	80000164	0300036f	jal	x6,80000164	  x6=0x80000164
        1495000	       148	00000000	00000013	addi	x0,x0,0	  x0:0x00000000
        1505000	       149	80000190	00000013	addi	x0,x0,0	  x0:0x00000000
        1515000	       150	80000194	ff1ff36f	jal	x6,80000194	  x6=0x80000194
        1525000	       151	00000000	00000013	addi	x0,x0,0	  x0:0x00000000
        1535000	       152	80000180	00000013	addi	x0,x0,0	  x0:0x00000000
        1545000	       153	80000184	00c00a6f	jal	x20,80000184	 x20=0x80000184
        1555000	       154	00000000	00000013	addi	x0,x0,0	  x0:0x00000000
        1565000	       155	8000018c	00000013	addi	x0,x0,0	  x0:0x00000000
        1575000	       156	80000190	0080036f	jal	x6,80000190	  x6=0x80000190
        1585000	       157	00000000	00000013	addi	x0,x0,0	  x0:0x00000000
        1595000	       158	80000194	00000013	addi	x0,x0,0	  x0:0x00000000
        1605000	       159	80000198	fddffbef	jal	x23,80000198	 x23=0x80000198
        1615000	       160	00000000	00000013	addi	x0,x0,0	  x0:0x00000000
        1625000	       161	80000170	00000013	addi	x0,x0,0	  x0:0x00000000
        1635000	       162	80000174	00800cef	jal	x25,80000174	 x25=0x80000174
        1645000	       163	00000000	00000013	addi	x0,x0,0	  x0:0x00000000
        1655000	       164	80000178	00000013	addi	x0,x0,0	  x0:0x00000000
        1665000	       165	8000017c	010007ef	jal	x15,8000017c	 x15=0x8000017c
        1675000	       166	00000000	00000013	addi	x0,x0,0	  x0:0x00000000
        1685000	       167	80000188	00000013	addi	x0,x0,0	  x0:0x00000000
        1695000	       168	8000018c	fedff1ef	jal	x3,8000018c	  x3=0x8000018c
        1705000	       169	00000000	00000013	addi	x0,x0,0	  x0:0x00000000
        1715000	       170	80000174	00000013	addi	x0,x0,0	  x0:0x00000000
        1725000	       171	80000178	030001ef	jal	x3,80000178	  x3=0x80000178
        1735000	       172	00000000	00000013	addi	x0,x0,0	  x0:0x00000000
        1745000	       173	800001a4	00000013	addi	x0,x0,0	  x0:0x00000000
        1755000	       174	800001a8	fc5ff5ef	jal	x11,800001a8	 x11=0x800001a8
        1765000	       175	00000000	00000013	addi	x0,x0,0	  x0:0x00000000
        1775000	       176	80000168	00000013	addi	x0,x0,0	  x0:0x00000000
        1785000	       177	8000016c	0140036f	jal	x6,8000016c	  x6=0x8000016c
        1795000	       178	00000000	00000013	addi	x0,x0,0	  x0:0x00000000
        1805000	       179	8000017c	00000013	addi	x0,x0,0	  x0:0x00000000
        1815000	       180	80000180	008003ef	jal	x7,80000180	  x7=0x80000180
        1825000	       181	00000000	00000013	addi	x0,x0,0	  x0:0x00000000
        1835000	       182	80000184	00000013	addi	x0,x0,0	  x0:0x00000000
        1845000	       183	80000188	01400fef	jal	x31,80000188	 x31=0x80000188
        1855000	       184	00000000	00000013	addi	x0,x0,0	  x0:0x00000000
        1865000	       185	80000198	00000013	addi	x0,x0,0	  x0:0x00000000
        1875000	       186	8000019c	fcdffe6f	jal	x28,8000019c	 x28=0x8000019c
        1885000	       187	00000000	00000013	addi	x0,x0,0	  x0:0x00000000
        1895000	       188	80000164	00000013	addi	x0,x0,0	  x0:0x00000000
        1905000	       189	80000168	038006ef	jal	x13,80000168	 x13=0x80000168
        1915000	       190	00000000	00000013	addi	x0,x0,0	  x0:0x00000000
        1925000	       191	8000019c	00000013	addi	x0,x0,0	  x0:0x00000000
        1935000	       192	800001a0	0140036f	jal	x6,800001a0	  x6=0x800001a0
        1945000	       193	00000000	00000013	addi	x0,x0,0	  x0:0x00000000
        1955000	       194	800001b0	00000013	addi	x0,x0,0	  x0:0x00000000
        1965000	       195	800001b4	0111d393	srli	x7,x3,0x11	  x3:0x80000178  x7=0x00004000
        1975000	       196	800001b8	05800fef	jal	x31,800001b8	 x31=0x800001b8
        1985000	       197	00000000	00000013	addi	x0,x0,0	  x0:0x00000000
        1995000	       198	8000020c	00000013	addi	x0,x0,0	  x0:0x00000000
        2005000	       199	80000210	0040036f	jal	x6,80000210	  x6=0x80000210
        2015000	       200	00000000	00000013	addi	x0,x0,0	  x0:0x00000000
        2025000	       201	80000210	00000013	addi	x0,x0,0	  x0:0x00000000
        2035000	       202	80000214	fd9ffcef	jal	x25,80000214	 x25=0x80000214
        2045000	       203	00000000	00000013	addi	x0,x0,0	  x0:0x00000000
        2055000	       204	800001e8	00000013	addi	x0,x0,0	  x0:0x00000000
        2065000	       205	800001ec	fe9ff36f	jal	x6,800001ec	  x6=0x800001ec
        2075000	       206	00000000	00000013	addi	x0,x0,0	  x0:0x00000000
        2085000	       207	800001d0	00000013	addi	x0,x0,0	  x0:0x00000000
        2095000	       208	800001d4	ff9ff4ef	jal	x9,800001d4	  x9=0x800001d4
        2105000	       209	00000000	00000013	addi	x0,x0,0	  x0:0x00000000
        2115000	       210	800001c8	00000013	addi	x0,x0,0	  x0:0x00000000
        2125000	       211	800001cc	028007ef	jal	x15,800001cc	 x15=0x800001cc
        2135000	       212	00000000	00000013	addi	x0,x0,0	  x0:0x00000000
        2145000	       213	800001f0	00000013	addi	x0,x0,0	  x0:0x00000000
        2155000	       214	800001f4	fc9ff1ef	jal	x3,800001f4	  x3=0x800001f4
        2165000	       215	00000000	00000013	addi	x0,x0,0	  x0:0x00000000
        2175000	       216	800001b8	00000013	addi	x0,x0,0	  x0:0x00000000
        2185000	       217	800001bc	04c005ef	jal	x11,800001bc	 x11=0x800001bc
        2195000	       218	00000000	00000013	addi	x0,x0,0	  x0:0x00000000
        2205000	       219	80000204	00000013	addi	x0,x0,0	  x0:0x00000000
        2215000	       220	80000208	fd1ff36f	jal	x6,80000208	  x6=0x80000208
        2225000	       221	00000000	00000013	addi	x0,x0,0	  x0:0x00000000
        2235000	       222	800001d4	00000013	addi	x0,x0,0	  x0:0x00000000
        2245000	       223	800001d8	02c0026f	jal	x4,800001d8	  x4=0x800001d8
        2255000	       224	00000000	00000013	addi	x0,x0,0	  x0:0x00000000
        2265000	       225	80000200	00000013	addi	x0,x0,0	  x0:0x00000000
        2275000	       226	80000204	ff9ff9ef	jal	x19,80000204	 x19=0x80000204
        2285000	       227	00000000	00000013	addi	x0,x0,0	  x0:0x00000000
        2295000	       228	800001f8	00000013	addi	x0,x0,0	  x0:0x00000000
        2305000	       229	800001fc	fedff36f	jal	x6,800001fc	  x6=0x800001fc
        2315000	       230	00000000	00000013	addi	x0,x0,0	  x0:0x00000000
        2325000	       231	800001e4	00000013	addi	x0,x0,0	  x0:0x00000000
        2335000	       232	800001e8	fe1ffe6f	jal	x28,800001e8	 x28=0x800001e8
        2345000	       233	00000000	00000013	addi	x0,x0,0	  x0:0x00000000
        2355000	       234	800001c4	00000013	addi	x0,x0,0	  x0:0x00000000
        2365000	       235	800001c8	ff9ff6ef	jal	x13,800001c8	 x13=0x800001c8
        2375000	       236	00000000	00000013	addi	x0,x0,0	  x0:0x00000000
        2385000	       237	800001bc	00000013	addi	x0,x0,0	  x0:0x00000000
        2395000	       238	800001c0	04c0036f	jal	x6,800001c0	  x6=0x800001c0
        2405000	       239	00000000	00000013	addi	x0,x0,0	  x0:0x00000000
        2415000	       240	80000208	00000013	addi	x0,x0,0	  x0:0x00000000
        2425000	       241	8000020c	ff5ff36f	jal	x6,8000020c	  x6=0x8000020c
        2435000	       242	00000000	00000013	addi	x0,x0,0	  x0:0x00000000
        2445000	       243	800001fc	00000013	addi	x0,x0,0	  x0:0x00000000
        2455000	       244	80000200	ff1ff2ef	jal	x5,80000200	  x5=0x80000200
        2465000	       245	00000000	00000013	addi	x0,x0,0	  x0:0x00000000
        2475000	       246	800001ec	00000013	addi	x0,x0,0	  x0:0x00000000
        2485000	       247	800001f0	fe1ff2ef	jal	x5,800001f0	  x5=0x800001f0
        2495000	       248	00000000	00000013	addi	x0,x0,0	  x0:0x00000000
        2505000	       249	800001cc	00000013	addi	x0,x0,0	  x0:0x00000000
        2515000	       250	800001d0	ff5ff6ef	jal	x13,800001d0	 x13=0x800001d0
        2525000	       251	00000000	00000013	addi	x0,x0,0	  x0:0x00000000
        2535000	       252	800001c0	00000013	addi	x0,x0,0	  x0:0x00000000
        2545000	       253	800001c4	0200016f	jal	x2,800001c4	  x2=0x800001c4
        2555000	       254	00000000	00000013	addi	x0,x0,0	  x0:0x00000000
        2565000	       255	800001e0	00000013	addi	x0,x0,0	  x0:0x00000000
        2575000	       256	800001e4	0140036f	jal	x6,800001e4	  x6=0x800001e4
        2585000	       257	00000000	00000013	addi	x0,x0,0	  x0:0x00000000
        2595000	       258	800001f4	00000013	addi	x0,x0,0	  x0:0x00000000
        2605000	       259	800001f8	fe5ff96f	jal	x18,800001f8	 x18=0x800001f8
        2615000	       260	00000000	00000013	addi	x0,x0,0	  x0:0x00000000
        2625000	       261	800001d8	00000013	addi	x0,x0,0	  x0:0x00000000
        2635000	       262	800001dc	004001ef	jal	x3,800001dc	  x3=0x800001dc
        2645000	       263	00000000	00000013	addi	x0,x0,0	  x0:0x00000000
        2655000	       264	800001dc	00000013	addi	x0,x0,0	  x0:0x00000000
        2665000	       265	800001e0	0380036f	jal	x6,800001e0	  x6=0x800001e0
        2675000	       266	00000000	00000013	addi	x0,x0,0	  x0:0x00000000
        2685000	       267	80000214	00000013	addi	x0,x0,0	  x0:0x00000000
        2695000	       268	80000218	9cdcff93	andi	x31,x25,-1587	 x25:0x80000214 x31=0x80000004
        2705000	       269	8000021c	00c00fef	jal	x31,8000021c	 x31=0x8000021c
        2715000	       270	00000000	00000013	addi	x0,x0,0	  x0:0x00000000
        2725000	       271	80000224	00000013	addi	x0,x0,0	  x0:0x00000000
        2735000	       272	80000228	03400fef	jal	x31,80000228	 x31=0x80000228
        2745000	       273	00000000	00000013	addi	x0,x0,0	  x0:0x00000000
        2755000	       274	80000258	00000013	addi	x0,x0,0	  x0:0x00000000
        2765000	       275	8000025c	00c0036f	jal	x6,8000025c	  x6=0x8000025c
        2775000	       276	00000000	00000013	addi	x0,x0,0	  x0:0x00000000
        2785000	       277	80000264	00000013	addi	x0,x0,0	  x0:0x00000000
        2795000	       278	80000268	fb9ff16f	jal	x2,80000268	  x2=0x80000268
        2805000	       279	00000000	00000013	addi	x0,x0,0	  x0:0x00000000
        2815000	       280	8000021c	00000013	addi	x0,x0,0	  x0:0x00000000
        2825000	       281	80000220	02800f6f	jal	x30,80000220	 x30=0x80000220
        2835000	       282	00000000	00000013	addi	x0,x0,0	  x0:0x00000000
        2845000	       283	80000244	00000013	addi	x0,x0,0	  x0:0x00000000
        2855000	       284	80000248	01800f6f	jal	x30,80000248	 x30=0x80000248
        2865000	       285	00000000	00000013	addi	x0,x0,0	  x0:0x00000000
        2875000	       286	8000025c	00000013	addi	x0,x0,0	  x0:0x00000000
        2885000	       287	80000260	ff1ffdef	jal	x27,80000260	 x27=0x80000260
        2895000	       288	00000000	00000013	addi	x0,x0,0	  x0:0x00000000
        2905000	       289	8000024c	00000013	addi	x0,x0,0	  x0:0x00000000
        2915000	       290	80000250	01c0026f	jal	x4,80000250	  x4=0x80000250
        2925000	       291	00000000	00000013	addi	x0,x0,0	  x0:0x00000000
        2935000	       292	80000268	00000013	addi	x0,x0,0	  x0:0x00000000
        2945000	       293	8000026c	fe1ff16f	jal	x2,8000026c	  x2=0x8000026c
        2955000	       294	00000000	00000013	addi	x0,x0,0	  x0:0x00000000
        2965000	       295	80000248	00000013	addi	x0,x0,0	  x0:0x00000000
        2975000	       296	8000024c	ff9ff4ef	jal	x9,8000024c	  x9=0x8000024c
        2985000	       297	00000000	00000013	addi	x0,x0,0	  x0:0x00000000
        2995000	       298	80000240	00000013	addi	x0,x0,0	  x0:0x00000000
        3005000	       299	80000244	fedff36f	jal	x6,80000244	  x6=0x80000244
        3015000	       300	00000000	00000013	addi	x0,x0,0	  x0:0x00000000
        3025000	       301	8000022c	00000013	addi	x0,x0,0	  x0:0x00000000
        3035000	       302	80000230	ff5ff36f	jal	x6,80000230	  x6=0x80000230
        3045000	       303	00000000	00000013	addi	x0,x0,0	  x0:0x00000000
        3055000	       304	80000220	00000013	addi	x0,x0,0	  x0:0x00000000
        3065000	       305	80000224	0140026f	jal	x4,80000224	  x4=0x80000224
        3075000	       306	00000000	00000013	addi	x0,x0,0	  x0:0x00000000
        3085000	       307	80000234	00000013	addi	x0,x0,0	  x0:0x00000000
        3095000	       308	80000238	ff5ffdef	jal	x27,80000238	 x27=0x80000238
        3105000	       309	00000000	00000013	addi	x0,x0,0	  x0:0x00000000
        3115000	       310	80000228	00000013	addi	x0,x0,0	  x0:0x00000000
        3125000	       311	8000022c	00800a6f	jal	x20,8000022c	 x20=0x8000022c
        3135000	       312	00000000	00000013	addi	x0,x0,0	  x0:0x00000000
        3145000	       313	80000230	00000013	addi	x0,x0,0	  x0:0x00000000
        3155000	       314	80000234	00c0086f	jal	x16,80000234	 x16=0x80000234
        3165000	       315	00000000	00000013	addi	x0,x0,0	  x0:0x00000000
        3175000	       316	8000023c	00000013	addi	x0,x0,0	  x0:0x00000000
        3185000	       317	80000240	024001ef	jal	x3,80000240	  x3=0x80000240
        3195000	       318	00000000	00000013	addi	x0,x0,0	  x0:0x00000000
        3205000	       319	80000260	00000013	addi	x0,x0,0	  x0:0x00000000
        3215000	       320	80000264	ff1ff36f	jal	x6,80000264	  x6=0x80000264
        3225000	       321	00000000	00000013	addi	x0,x0,0	  x0:0x00000000
        3235000	       322	80000250	00000013	addi	x0,x0,0	  x0:0x00000000
        3245000	       323	80000254	fe9ff2ef	jal	x5,80000254	  x5=0x80000254
        3255000	       324	00000000	00000013	addi	x0,x0,0	  x0:0x00000000
        3265000	       325	80000238	00000013	addi	x0,x0,0	  x0:0x00000000
        3275000	       326	8000023c	01c0036f	jal	x6,8000023c	  x6=0x8000023c
        3285000	       327	00000000	00000013	addi	x0,x0,0	  x0:0x00000000
        3295000	       328	80000254	00000013	addi	x0,x0,0	  x0:0x00000000
        3305000	       329	80000258	0180036f	jal	x6,80000258	  x6=0x80000258
        3315000	       330	00000000	00000013	addi	x0,x0,0	  x0:0x00000000
        3325000	       331	8000026c	00000013	addi	x0,x0,0	  x0:0x00000000
        3335000	       332	80000270	de8be793	ori	x15,x23,-536	 x23:0x80000198 x15=0xfffffdf8
        3345000	       333	80000274	01c00fef	jal	x31,80000274	 x31=0x80000274
        3355000	       334	00000000	00000013	addi	x0,x0,0	  x0:0x00000000
        3365000	       335	8000028c	00000013	addi	x0,x0,0	  x0:0x00000000
        3375000	       336	80000290	ff9ff46f	jal	x8,80000290	  x8=0x80000290
        3385000	       337	00000000	00000013	addi	x0,x0,0	  x0:0x00000000
        3395000	       338	80000284	00000013	addi	x0,x0,0	  x0:0x00000000
        3405000	       339	80000288	ff9ff36f	jal	x6,80000288	  x6=0x80000288
        3415000	       340	00000000	00000013	addi	x0,x0,0	  x0:0x00000000
        3425000	       341	8000027c	00000013	addi	x0,x0,0	  x0:0x00000000
        3435000	       342	80000280	ff9ff36f	jal	x6,80000280	  x6=0x80000280
        3445000	       343	00000000	00000013	addi	x0,x0,0	  x0:0x00000000
        3455000	       344	80000274	00000013	addi	x0,x0,0	  x0:0x00000000
        3465000	       345	80000278	00c009ef	jal	x19,80000278	 x19=0x80000278
        3475000	       346	00000000	00000013	addi	x0,x0,0	  x0:0x00000000
        3485000	       347	80000280	00000013	addi	x0,x0,0	  x0:0x00000000
        3495000	       348	80000284	008004ef	jal	x9,80000284	  x9=0x80000284
        3505000	       349	00000000	00000013	addi	x0,x0,0	  x0:0x00000000
        3515000	       350	80000288	00000013	addi	x0,x0,0	  x0:0x00000000
        3525000	       351	8000028c	ff1ff66f	jal	x12,8000028c	 x12=0x8000028c
        3535000	       352	00000000	00000013	addi	x0,x0,0	  x0:0x00000000
        3545000	       353	80000278	00000013	addi	x0,x0,0	  x0:0x00000000
        3555000	       354	8000027c	01c0036f	jal	x6,8000027c	  x6=0x8000027c
        3565000	       355	00000000	00000013	addi	x0,x0,0	  x0:0x00000000
        3575000	       356	80000294	00000013	addi	x0,x0,0	  x0:0x00000000
        3585000	       357	80000298	ffdff36f	jal	x6,80000298	  x6=0x80000298
        3595000	       358	00000000	00000013	addi	x0,x0,0	  x0:0x00000000
        3605000	       359	80000290	00000013	addi	x0,x0,0	  x0:0x00000000
        3615000	       360	80000294	008002ef	jal	x5,80000294	  x5=0x80000294
        3625000	       361	00000000	00000013	addi	x0,x0,0	  x0:0x00000000
        3635000	       362	80000298	00000013	addi	x0,x0,0	  x0:0x00000000
        3645000	       363	8000029c	0040036f	jal	x6,8000029c	  x6=0x8000029c
        3655000	       364	00000000	00000013	addi	x0,x0,0	  x0:0x00000000
        3665000	       365	8000029c	00000013	addi	x0,x0,0	  x0:0x00000000
        3675000	       366	800002a0	0040076f	jal	x14,800002a0	 x14=0x800002a0
        3685000	       367	00000000	00000013	addi	x0,x0,0	  x0:0x00000000
        3695000	       368	800002a0	00000013	addi	x0,x0,0	  x0:0x00000000
        3705000	       369	800002a4	b2460893	addi	x17,x12,-1244	 x12:0x8000028c x17=0x7ffffdb0
        3715000	       370	800002a8	02800fef	jal	x31,800002a8	 x31=0x800002a8
        3725000	       371	00000000	00000013	addi	x0,x0,0	  x0:0x00000000
        3735000	       372	800002cc	00000013	addi	x0,x0,0	  x0:0x00000000
        3745000	       373	800002d0	ff5ff86f	jal	x16,800002d0	 x16=0x800002d0
        3755000	       374	00000000	00000013	addi	x0,x0,0	  x0:0x00000000
        3765000	       375	800002c0	00000013	addi	x0,x0,0	  x0:0x00000000
        3775000	       376	800002c4	0040036f	jal	x6,800002c4	  x6=0x800002c4
        3785000	       377	00000000	00000013	addi	x0,x0,0	  x0:0x00000000
        3795000	       378	800002c4	00000013	addi	x0,x0,0	  x0:0x00000000
        3805000	       379	800002c8	ff1ffbef	jal	x23,800002c8	 x23=0x800002c8
        3815000	       380	00000000	00000013	addi	x0,x0,0	  x0:0x00000000
        3825000	       381	800002b4	00000013	addi	x0,x0,0	  x0:0x00000000
        3835000	       382	800002b8	ff9ffcef	jal	x25,800002b8	 x25=0x800002b8
        3845000	       383	00000000	00000013	addi	x0,x0,0	  x0:0x00000000
        3855000	       384	800002ac	00000013	addi	x0,x0,0	  x0:0x00000000
        3865000	       385	800002b0	0040036f	jal	x6,800002b0	  x6=0x800002b0
        3875000	       386	00000000	00000013	addi	x0,x0,0	  x0:0x00000000
        3885000	       387	800002b0	00000013	addi	x0,x0,0	  x0:0x00000000
        3895000	       388	800002b4	0200056f	jal	x10,800002b4	 x10=0x800002b4
        3905000	       389	00000000	00000013	addi	x0,x0,0	  x0:0x00000000
        3915000	       390	800002d0	00000013	addi	x0,x0,0	  x0:0x00000000
        3925000	       391	800002d4	ff9ff26f	jal	x4,800002d4	  x4=0x800002d4
        3935000	       392	00000000	00000013	addi	x0,x0,0	  x0:0x00000000
        3945000	       393	800002c8	00000013	addi	x0,x0,0	  x0:0x00000000
        3955000	       394	800002cc	ff5ffcef	jal	x25,800002cc	 x25=0x800002cc
        3965000	       395	00000000	00000013	addi	x0,x0,0	  x0:0x00000000
        3975000	       396	800002bc	00000013	addi	x0,x0,0	  x0:0x00000000
        3985000	       397	800002c0	ffdff36f	jal	x6,800002c0	  x6=0x800002c0
        3995000	       398	00000000	00000013	addi	x0,x0,0	  x0:0x00000000
        4005000	       399	800002b8	00000013	addi	x0,x0,0	  x0:0x00000000
        4015000	       400	800002bc	01c0036f	jal	x6,800002bc	  x6=0x800002bc
        4025000	       401	00000000	00000013	addi	x0,x0,0	  x0:0x00000000
        4035000	       402	800002d4	00000013	addi	x0,x0,0	  x0:0x00000000
        4045000	       403	800002d8	00400def	jal	x27,800002d8	 x27=0x800002d8
        4055000	       404	00000000	00000013	addi	x0,x0,0	  x0:0x00000000
        4065000	       405	800002d8	00000013	addi	x0,x0,0	  x0:0x00000000
        4075000	       406	800002dc	fd1ff9ef	jal	x19,800002dc	 x19=0x800002dc
        4085000	       407	00000000	00000013	addi	x0,x0,0	  x0:0x00000000
        4095000	       408	800002a8	00000013	addi	x0,x0,0	  x0:0x00000000
        4105000	       409	800002ac	03400d6f	jal	x26,800002ac	 x26=0x800002ac
        4115000	       410	00000000	00000013	addi	x0,x0,0	  x0:0x00000000
        4125000	       411	800002dc	00000013	addi	x0,x0,0	  x0:0x00000000
        4135000	       412	800002e0	fbcde713	ori	x14,x27,-68	 x27:0x800002d8 x14=0xfffffffc
        4145000	       413	800002e4	02c00fef	jal	x31,800002e4	 x31=0x800002e4
        4155000	       414	00000000	00000013	addi	x0,x0,0	  x0:0x00000000
        4165000	       415	8000030c	00000013	addi	x0,x0,0	  x0:0x00000000
        4175000	       416	80000310	02400bef	jal	x23,80000310	 x23=0x80000310
        4185000	       417	00000000	00000013	addi	x0,x0,0	  x0:0x00000000
        4195000	       418	80000330	00000013	addi	x0,x0,0	  x0:0x00000000
        4205000	       419	80000334	fb9ff2ef	jal	x5,80000334	  x5=0x80000334
        4215000	       420	00000000	00000013	addi	x0,x0,0	  x0:0x00000000
        4225000	       421	800002e8	00000013	addi	x0,x0,0	  x0:0x00000000
        4235000	       422	800002ec	03000c6f	jal	x24,800002ec	 x24=0x800002ec
        4245000	       423	00000000	00000013	addi	x0,x0,0	  x0:0x00000000
        4255000	       424	80000318	00000013	addi	x0,x0,0	  x0:0x00000000
        4265000	       425	8000031c	01c0036f	jal	x6,8000031c	  x6=0x8000031c
        4275000	       426	00000000	00000013	addi	x0,x0,0	  x0:0x00000000
        4285000	       427	80000334	00000013	addi	x0,x0,0	  x0:0x00000000
        4295000	       428	80000338	fb9ff36f	jal	x6,80000338	  x6=0x80000338
        4305000	       429	00000000	00000013	addi	x0,x0,0	  x0:0x00000000
        4315000	       430	800002ec	00000013	addi	x0,x0,0	  x0:0x00000000
        4325000	       431	800002f0	0380036f	jal	x6,800002f0	  x6=0x800002f0
        4335000	       432	00000000	00000013	addi	x0,x0,0	  x0:0x00000000
        4345000	       433	80000324	00000013	addi	x0,x0,0	  x0:0x00000000
        4355000	       434	80000328	fcdff36f	jal	x6,80000328	  x6=0x80000328
        4365000	       435	00000000	00000013	addi	x0,x0,0	  x0:0x00000000
        4375000	       436	800002f0	00000013	addi	x0,x0,0	  x0:0x00000000
        4385000	       437	800002f4	030001ef	jal	x3,800002f4	  x3=0x800002f4
        4395000	       438	00000000	00000013	addi	x0,x0,0	  x0:0x00000000
        4405000	       439	80000320	00000013	addi	x0,x0,0	  x0:0x00000000
        4415000	       440	80000324	fe1ff36f	jal	x6,80000324	  x6=0x80000324
        4425000	       441	00000000	00000013	addi	x0,x0,0	  x0:0x00000000
        4435000	       442	80000300	00000013	addi	x0,x0,0	  x0:0x00000000
        4445000	       443	80000304	028003ef	jal	x7,80000304	  x7=0x80000304
        4455000	       444	00000000	00000013	addi	x0,x0,0	  x0:0x00000000
        4465000	       445	80000328	00000013	addi	x0,x0,0	  x0:0x00000000
        4475000	       446	8000032c	fe1ff36f	jal	x6,8000032c	  x6=0x8000032c
        4485000	       447	00000000	00000013	addi	x0,x0,0	  x0:0x00000000
        4495000	       448	80000308	00000013	addi	x0,x0,0	  x0:0x00000000
        4505000	       449	8000030c	fedfffef	jal	x31,8000030c	 x31=0x8000030c
        4515000	       450	00000000	00000013	addi	x0,x0,0	  x0:0x00000000
        4525000	       451	800002f4	00000013	addi	x0,x0,0	  x0:0x00000000
        4535000	       452	800002f8	0280036f	jal	x6,800002f8	  x6=0x800002f8
        4545000	       453	00000000	00000013	addi	x0,x0,0	  x0:0x00000000
        4555000	       454	8000031c	00000013	addi	x0,x0,0	  x0:0x00000000
        4565000	       455	80000320	fddff3ef	jal	x7,80000320	  x7=0x80000320
        4575000	       456	00000000	00000013	addi	x0,x0,0	  x0:0x00000000
        4585000	       457	800002f8	00000013	addi	x0,x0,0	  x0:0x00000000
        4595000	       458	800002fc	018001ef	jal	x3,800002fc	  x3=0x800002fc
        4605000	       459	00000000	00000013	addi	x0,x0,0	  x0:0x00000000
        4615000	       460	80000310	00000013	addi	x0,x0,0	  x0:0x00000000
        4625000	       461	80000314	fedff2ef	jal	x5,80000314	  x5=0x80000314
        4635000	       462	00000000	00000013	addi	x0,x0,0	  x0:0x00000000
        4645000	       463	800002fc	00000013	addi	x0,x0,0	  x0:0x00000000
        4655000	       464	80000300	0080036f	jal	x6,80000300	  x6=0x80000300
        4665000	       465	00000000	00000013	addi	x0,x0,0	  x0:0x00000000
        4675000	       466	80000304	00000013	addi	x0,x0,0	  x0:0x00000000
        4685000	       467	80000308	0340036f	jal	x6,80000308	  x6=0x80000308
        4695000	       468	00000000	00000013	addi	x0,x0,0	  x0:0x00000000
        4705000	       469	80000338	00000013	addi	x0,x0,0	  x0:0x00000000
        4715000	       470	8000033c	fadffd6f	jal	x26,8000033c	 x26=0x8000033c
        4725000	       471	00000000	00000013	addi	x0,x0,0	  x0:0x00000000
        4735000	       472	800002e4	00000013	addi	x0,x0,0	  x0:0x00000000
        4745000	       473	800002e8	04800f6f	jal	x30,800002e8	 x30=0x800002e8
        4755000	       474	00000000	00000013	addi	x0,x0,0	  x0:0x00000000
        4765000	       475	8000032c	00000013	addi	x0,x0,0	  x0:0x00000000
        4775000	       476	80000330	fe9ff36f	jal	x6,80000330	  x6=0x80000330
        4785000	       477	00000000	00000013	addi	x0,x0,0	  x0:0x00000000
        4795000	       478	80000314	00000013	addi	x0,x0,0	  x0:0x00000000
        4805000	       479	80000318	0280036f	jal	x6,80000318	  x6=0x80000318
        4815000	       480	00000000	00000013	addi	x0,x0,0	  x0:0x00000000
        4825000	       481	8000033c	00000013	addi	x0,x0,0	  x0:0x00000000
        4835000	       482	80000340	00f86f33	or	x30,x16,x15	 x16:0x800002d0 x15:0xfffffdf8 x30=0xfffffff8
        4845000	       483	80000344	00c00fef	jal	x31,80000344	 x31=0x80000344
        4855000	       484	00000000	00000013	addi	x0,x0,0	  x0:0x00000000
        4865000	       485	8000034c	00000013	addi	x0,x0,0	  x0:0x00000000
        4875000	       486	80000350	0140036f	jal	x6,80000350	  x6=0x80000350
        4885000	       487	00000000	00000013	addi	x0,x0,0	  x0:0x00000000
        4895000	       488	80000360	00000013	addi	x0,x0,0	  x0:0x00000000
        4905000	       489	80000364	ff1ff36f	jal	x6,80000364	  x6=0x80000364
        4915000	       490	00000000	00000013	addi	x0,x0,0	  x0:0x00000000
        4925000	       491	80000350	00000013	addi	x0,x0,0	  x0:0x00000000
        4935000	       492	80000354	020001ef	jal	x3,80000354	  x3=0x80000354
        4945000	       493	00000000	00000013	addi	x0,x0,0	  x0:0x00000000
        4955000	       494	80000370	00000013	addi	x0,x0,0	  x0:0x00000000
        4965000	       495	80000374	ffdff76f	jal	x14,80000374	 x14=0x80000374
        4975000	       496	00000000	00000013	addi	x0,x0,0	  x0:0x00000000
        4985000	       497	8000036c	00000013	addi	x0,x0,0	  x0:0x00000000
        4995000	       498	80000370	fedfffef	jal	x31,80000370	 x31=0x80000370
        5005000	       499	00000000	00000013	addi	x0,x0,0	  x0:0x00000000
        5015000	       500	80000358	00000013	addi	x0,x0,0	  x0:0x00000000
        5025000	       501	8000035c	fedff36f	jal	x6,8000035c	  x6=0x8000035c
        5035000	       502	00000000	00000013	addi	x0,x0,0	  x0:0x00000000
        5045000	       503	80000344	00000013	addi	x0,x0,0	  x0:0x00000000
        5055000	       504	80000348	0340036f	jal	x6,80000348	  x6=0x80000348
        5065000	       505	00000000	00000013	addi	x0,x0,0	  x0:0x00000000
        5075000	       506	80000378	00000013	addi	x0,x0,0	  x0:0x00000000
        5085000	       507	8000037c	fd1ff36f	jal	x6,8000037c	  x6=0x8000037c
        5095000	       508	00000000	00000013	addi	x0,x0,0	  x0:0x00000000
        5105000	       509	80000348	00000013	addi	x0,x0,0	  x0:0x00000000
        5115000	       510	8000034c	0140026f	jal	x4,8000034c	  x4=0x8000034c
        5125000	       511	00000000	00000013	addi	x0,x0,0	  x0:0x00000000
        5135000	       512	8000035c	00000013	addi	x0,x0,0	  x0:0x00000000
        5145000	       513	80000360	008003ef	jal	x7,80000360	  x7=0x80000360
        5155000	       514	00000000	00000013	addi	x0,x0,0	  x0:0x00000000
        5165000	       515	80000364	00000013	addi	x0,x0,0	  x0:0x00000000
        5175000	       516	80000368	010004ef	jal	x9,80000368	  x9=0x80000368
        5185000	       517	00000000	00000013	addi	x0,x0,0	  x0:0x00000000
        5195000	       518	80000374	00000013	addi	x0,x0,0	  x0:0x00000000
        5205000	       519	80000378	fe1ff26f	jal	x4,80000378	  x4=0x80000378
        5215000	       520	00000000	00000013	addi	x0,x0,0	  x0:0x00000000
        5225000	       521	80000354	00000013	addi	x0,x0,0	  x0:0x00000000
        5235000	       522	80000358	014001ef	jal	x3,80000358	  x3=0x80000358
        5245000	       523	00000000	00000013	addi	x0,x0,0	  x0:0x00000000
        5255000	       524	80000368	00000013	addi	x0,x0,0	  x0:0x00000000
        5265000	       525	8000036c	0140036f	jal	x6,8000036c	  x6=0x8000036c
        5275000	       526	00000000	00000013	addi	x0,x0,0	  x0:0x00000000
        5285000	       527	8000037c	00000013	addi	x0,x0,0	  x0:0x00000000
        5295000	       528	80000380	3cf11737	lui	x14,0x3cf11	 x14=0x3cf11000
        5305000	       529	80000384	01c00fef	jal	x31,80000384	 x31=0x80000384
        5315000	       530	00000000	00000013	addi	x0,x0,0	  x0:0x00000000
        5325000	       531	8000039c	00000013	addi	x0,x0,0	  x0:0x00000000
        5335000	       532	800003a0	01c001ef	jal	x3,800003a0	  x3=0x800003a0
        5345000	       533	00000000	00000013	addi	x0,x0,0	  x0:0x00000000
        5355000	       534	800003b8	00000013	addi	x0,x0,0	  x0:0x00000000
        5365000	       535	800003bc	ff5ff1ef	jal	x3,800003bc	  x3=0x800003bc
        5375000	       536	00000000	00000013	addi	x0,x0,0	  x0:0x00000000
        5385000	       537	800003ac	00000013	addi	x0,x0,0	  x0:0x00000000
        5395000	       538	800003b0	0080026f	jal	x4,800003b0	  x4=0x800003b0
        5405000	       539	00000000	00000013	addi	x0,x0,0	  x0:0x00000000
        5415000	       540	800003b4	00000013	addi	x0,x0,0	  x0:0x00000000
        5425000	       541	800003b8	fe1ff8ef	jal	x17,800003b8	 x17=0x800003b8
        5435000	       542	00000000	00000013	addi	x0,x0,0	  x0:0x00000000
        5445000	       543	80000394	00000013	addi	x0,x0,0	  x0:0x00000000
        5455000	       544	80000398	01400f6f	jal	x30,80000398	 x30=0x80000398
        5465000	       545	00000000	00000013	addi	x0,x0,0	  x0:0x00000000
        5475000	       546	800003a8	00000013	addi	x0,x0,0	  x0:0x00000000
        5485000	       547	800003ac	fe9ffdef	jal	x27,800003ac	 x27=0x800003ac
        5495000	       548	00000000	00000013	addi	x0,x0,0	  x0:0x00000000
        5505000	       549	80000390	00000013	addi	x0,x0,0	  x0:0x00000000
        5515000	       550	80000394	ff5ff96f	jal	x18,80000394	 x18=0x80000394
        5525000	       551	00000000	00000013	addi	x0,x0,0	  x0:0x00000000
        5535000	       552	80000384	00000013	addi	x0,x0,0	  x0:0x00000000
        5545000	       553	80000388	0040036f	jal	x6,80000388	  x6=0x80000388
        5555000	       554	00000000	00000013	addi	x0,x0,0	  x0:0x00000000
        5565000	       555	80000388	00000013	addi	x0,x0,0	  x0:0x00000000
        5575000	       556	8000038c	0280096f	jal	x18,8000038c	 x18=0x8000038c
        5585000	       557	00000000	00000013	addi	x0,x0,0	  x0:0x00000000
        5595000	       558	800003b0	00000013	addi	x0,x0,0	  x0:0x00000000
        5605000	       559	800003b4	ff5ff8ef	jal	x17,800003b4	 x17=0x800003b4
        5615000	       560	00000000	00000013	addi	x0,x0,0	  x0:0x00000000
        5625000	       561	800003a4	00000013	addi	x0,x0,0	  x0:0x00000000
        5635000	       562	800003a8	01c0036f	jal	x6,800003a8	  x6=0x800003a8
        5645000	       563	00000000	00000013	addi	x0,x0,0	  x0:0x00000000
        5655000	       564	800003c0	00000013	addi	x0,x0,0	  x0:0x00000000
        5665000	       565	800003c4	fcdff7ef	jal	x15,800003c4	 x15=0x800003c4
        5675000	       566	00000000	00000013	addi	x0,x0,0	  x0:0x00000000
        5685000	       567	8000038c	00000013	addi	x0,x0,0	  x0:0x00000000
        5695000	       568	80000390	0140056f	jal	x10,80000390	 x10=0x80000390
        5705000	       569	00000000	00000013	addi	x0,x0,0	  x0:0x00000000
        5715000	       570	800003a0	00000013	addi	x0,x0,0	  x0:0x00000000
        5725000	       571	800003a4	ff9ffa6f	jal	x20,800003a4	 x20=0x800003a4
        5735000	       572	00000000	00000013	addi	x0,x0,0	  x0:0x00000000
        5745000	       573	80000398	00000013	addi	x0,x0,0	  x0:0x00000000
        5755000	       574	8000039c	0240086f	jal	x16,8000039c	 x16=0x8000039c
        5765000	       575	00000000	00000013	addi	x0,x0,0	  x0:0x00000000
        5775000	       576	800003bc	00000013	addi	x0,x0,0	  x0:0x00000000
        5785000	       577	800003c0	0080026f	jal	x4,800003c0	  x4=0x800003c0
        5795000	       578	00000000	00000013	addi	x0,x0,0	  x0:0x00000000
        5805000	       579	800003c4	00000013	addi	x0,x0,0	  x0:0x00000000
        5815000	       580	800003c8	68d54913	xori	x18,x10,1677	 x10:0x80000390 x18=0x8000051d
        5825000	       581	800003cc	01800fef	jal	x31,800003cc	 x31=0x800003cc
        5835000	       582	00000000	00000013	addi	x0,x0,0	  x0:0x00000000
        5845000	       583	800003e0	00000013	addi	x0,x0,0	  x0:0x00000000
        5855000	       584	800003e4	018007ef	jal	x15,800003e4	 x15=0x800003e4
        5865000	       585	00000000	00000013	addi	x0,x0,0	  x0:0x00000000
        5875000	       586	800003f8	00000013	addi	x0,x0,0	  x0:0x00000000
        5885000	       587	800003fc	ff5ff36f	jal	x6,800003fc	  x6=0x800003fc
        5895000	       588	00000000	00000013	addi	x0,x0,0	  x0:0x00000000
        5905000	       589	800003ec	00000013	addi	x0,x0,0	  x0:0x00000000
        5915000	       590	800003f0	fe5fff6f	jal	x30,800003f0	 x30=0x800003f0
        5925000	       591	00000000	00000013	addi	x0,x0,0	  x0:0x00000000
        5935000	       592	800003d0	00000013	addi	x0,x0,0	  x0:0x00000000
        5945000	       593	800003d4	0080036f	jal	x6,800003d4	  x6=0x800003d4
        5955000	       594	00000000	00000013	addi	x0,x0,0	  x0:0x00000000
        5965000	       595	800003d8	00000013	addi	x0,x0,0	  x0:0x00000000
        5975000	       596	800003dc	0180036f	jal	x6,800003dc	  x6=0x800003dc
        5985000	       597	00000000	00000013	addi	x0,x0,0	  x0:0x00000000
        5995000	       598	800003f0	00000013	addi	x0,x0,0	  x0:0x00000000
        6005000	       599	800003f4	0180036f	jal	x6,800003f4	  x6=0x800003f4
        6015000	       600	00000000	00000013	addi	x0,x0,0	  x0:0x00000000
        6025000	       601	80000408	00000013	addi	x0,x0,0	  x0:0x00000000
        6035000	       602	8000040c	0040016f	jal	x2,8000040c	  x2=0x8000040c
        6045000	       603	00000000	00000013	addi	x0,x0,0	  x0:0x00000000
        6055000	       604	8000040c	00000013	addi	x0,x0,0	  x0:0x00000000
        6065000	       605	80000410	00c0036f	jal	x6,80000410	  x6=0x80000410
        6075000	       606	00000000	00000013	addi	x0,x0,0	  x0:0x00000000
        6085000	       607	80000418	00000013	addi	x0,x0,0	  x0:0x00000000
        6095000	       608	8000041c	fc5ff36f	jal	x6,8000041c	  x6=0x8000041c
        6105000	       609	00000000	00000013	addi	x0,x0,0	  x0:0x00000000
        6115000	       610	800003dc	00000013	addi	x0,x0,0	  x0:0x00000000
        6125000	       611	800003e0	ff1ff2ef	jal	x5,800003e0	  x5=0x800003e0
        6135000	       612	00000000	00000013	addi	x0,x0,0	  x0:0x00000000
        6145000	       613	800003cc	00000013	addi	x0,x0,0	  x0:0x00000000
        6155000	       614	800003d0	0500036f	jal	x6,800003d0	  x6=0x800003d0
        6165000	       615	00000000	00000013	addi	x0,x0,0	  x0:0x00000000
        6175000	       616	8000041c	00000013	addi	x0,x0,0	  x0:0x00000000
        6185000	       617	80000420	fc9ff36f	jal	x6,80000420	  x6=0x80000420
        6195000	       618	00000000	00000013	addi	x0,x0,0	  x0:0x00000000
        6205000	       619	800003e4	00000013	addi	x0,x0,0	  x0:0x00000000
        6215000	       620	800003e8	0200086f	jal	x16,800003e8	 x16=0x800003e8
        6225000	       621	00000000	00000013	addi	x0,x0,0	  x0:0x00000000
        6235000	       622	80000404	00000013	addi	x0,x0,0	  x0:0x00000000
        6245000	       623	80000408	ffdff36f	jal	x6,80000408	  x6=0x80000408
        6255000	       624	00000000	00000013	addi	x0,x0,0	  x0:0x00000000
        6265000	       625	80000400	00000013	addi	x0,x0,0	  x0:0x00000000
        6275000	       626	80000404	fe9ff36f	jal	x6,80000404	  x6=0x80000404
        6285000	       627	00000000	00000013	addi	x0,x0,0	  x0:0x00000000
        6295000	       628	800003e8	00000013	addi	x0,x0,0	  x0:0x00000000
        6305000	       629	800003ec	00c0036f	jal	x6,800003ec	  x6=0x800003ec
        6315000	       630	00000000	00000013	addi	x0,x0,0	  x0:0x00000000
        6325000	       631	800003f4	00000013	addi	x0,x0,0	  x0:0x00000000
        6335000	       632	800003f8	00800e6f	jal	x28,800003f8	 x28=0x800003f8
        6345000	       633	00000000	00000013	addi	x0,x0,0	  x0:0x00000000
        6355000	       634	800003fc	00000013	addi	x0,x0,0	  x0:0x00000000
        6365000	       635	80000400	0240036f	jal	x6,80000400	  x6=0x80000400
        6375000	       636	00000000	00000013	addi	x0,x0,0	  x0:0x00000000
        6385000	       637	80000420	00000013	addi	x0,x0,0	  x0:0x00000000
        6395000	       638	80000424	ff5ff2ef	jal	x5,80000424	  x5=0x80000424
        6405000	       639	00000000	00000013	addi	x0,x0,0	  x0:0x00000000
        6415000	       640	80000414	00000013	addi	x0,x0,0	  x0:0x00000000
        6425000	       641	80000418	ffdff36f	jal	x6,80000418	  x6=0x80000418
        6435000	       642	00000000	00000013	addi	x0,x0,0	  x0:0x00000000
        6445000	       643	80000410	00000013	addi	x0,x0,0	  x0:0x00000000
        6455000	       644	80000414	fc5ff36f	jal	x6,80000414	  x6=0x80000414
        6465000	       645	00000000	00000013	addi	x0,x0,0	  x0:0x00000000
        6475000	       646	800003d4	00000013	addi	x0,x0,0	  x0:0x00000000
        6485000	       647	800003d8	050006ef	jal	x13,800003d8	 x13=0x800003d8
        6495000	       648	00000000	00000013	addi	x0,x0,0	  x0:0x00000000
        6505000	       649	80000424	00000013	addi	x0,x0,0	  x0:0x00000000
        6515000	       650	80000428	0040076f	jal	x14,80000428	 x14=0x80000428
        6525000	       651	00000000	00000013	addi	x0,x0,0	  x0:0x00000000
        6535000	       652	80000428	00000013	addi	x0,x0,0	  x0:0x00000000
        6545000	       653	8000042c	0040036f	jal	x6,8000042c	  x6=0x8000042c
        6555000	       654	00000000	00000013	addi	x0,x0,0	  x0:0x00000000
        6565000	       655	8000042c	00000013	addi	x0,x0,0	  x0:0x00000000
        6575000	       656	80000430	0133ccb3	xor	x25,x7,x19	  x7:0x80000360 x19:0x800002dc x25=0x000001bc
        6585000	       657	80000434	04c00fef	jal	x31,80000434	 x31=0x80000434
        6595000	       658	00000000	00000013	addi	x0,x0,0	  x0:0x00000000
        6605000	       659	8000047c	00000013	addi	x0,x0,0	  x0:0x00000000
        6615000	       660	80000480	ff5ff66f	jal	x12,80000480	 x12=0x80000480
        6625000	       661	00000000	00000013	addi	x0,x0,0	  x0:0x00000000
        6635000	       662	80000470	00000013	addi	x0,x0,0	  x0:0x00000000
        6645000	       663	80000474	fe9ff5ef	jal	x11,80000474	 x11=0x80000474
        6655000	       664	00000000	00000013	addi	x0,x0,0	  x0:0x00000000
        6665000	       665	80000458	00000013	addi	x0,x0,0	  x0:0x00000000
        6675000	       666	8000045c	fe5ff36f	jal	x6,8000045c	  x6=0x8000045c
        6685000	       667	00000000	00000013	addi	x0,x0,0	  x0:0x00000000
        6695000	       668	8000043c	00000013	addi	x0,x0,0	  x0:0x00000000
        6705000	       669	80000440	00c0076f	jal	x14,80000440	 x14=0x80000440
        6715000	       670	00000000	00000013	addi	x0,x0,0	  x0:0x00000000
        6725000	       671	80000448	00000013	addi	x0,x0,0	  x0:0x00000000
        6735000	       672	8000044c	ffdffcef	jal	x25,8000044c	 x25=0x8000044c
        6745000	       673	00000000	00000013	addi	x0,x0,0	  x0:0x00000000
        6755000	       674	80000444	00000013	addi	x0,x0,0	  x0:0x00000000
        6765000	       675	80000448	00c00f6f	jal	x30,80000448	 x30=0x80000448
        6775000	       676	00000000	00000013	addi	x0,x0,0	  x0:0x00000000
        6785000	       677	80000450	00000013	addi	x0,x0,0	  x0:0x00000000
        6795000	       678	80000454	fe5ff3ef	jal	x7,80000454	  x7=0x80000454
        6805000	       679	00000000	00000013	addi	x0,x0,0	  x0:0x00000000
        6815000	       680	80000434	00000013	addi	x0,x0,0	  x0:0x00000000
        6825000	       681	80000438	00c0036f	jal	x6,80000438	  x6=0x80000438
        6835000	       682	00000000	00000013	addi	x0,x0,0	  x0:0x00000000
        6845000	       683	80000440	00000013	addi	x0,x0,0	  x0:0x00000000
        6855000	       684	80000444	0400086f	jal	x16,80000444	 x16=0x80000444
        6865000	       685	00000000	00000013	addi	x0,x0,0	  x0:0x00000000
        6875000	       686	80000480	00000013	addi	x0,x0,0	  x0:0x00000000
        6885000	       687	80000484	00400fef	jal	x31,80000484	 x31=0x80000484
        6895000	       688	00000000	00000013	addi	x0,x0,0	  x0:0x00000000
        6905000	       689	80000484	00000013	addi	x0,x0,0	  x0:0x00000000
        6915000	       690	80000488	fd9ff36f	jal	x6,80000488	  x6=0x80000488
        6925000	       691	00000000	00000013	addi	x0,x0,0	  x0:0x00000000
        6935000	       692	8000045c	00000013	addi	x0,x0,0	  x0:0x00000000
        6945000	       693	80000460	00c0036f	jal	x6,80000460	  x6=0x80000460
        6955000	       694	00000000	00000013	addi	x0,x0,0	  x0:0x00000000
        6965000	       695	80000468	00000013	addi	x0,x0,0	  x0:0x00000000
        6975000	       696	8000046c	ffdfff6f	jal	x30,8000046c	 x30=0x8000046c
        6985000	       697	00000000	00000013	addi	x0,x0,0	  x0:0x00000000
        6995000	       698	80000464	00000013	addi	x0,x0,0	  x0:0x00000000
        7005000	       699	80000468	0100016f	jal	x2,80000468	  x2=0x80000468
        7015000	       700	00000000	00000013	addi	x0,x0,0	  x0:0x00000000
        7025000	       701	80000474	00000013	addi	x0,x0,0	  x0:0x00000000
        7035000	       702	80000478	ff9ffbef	jal	x23,80000478	 x23=0x80000478
        7045000	       703	00000000	00000013	addi	x0,x0,0	  x0:0x00000000
        7055000	       704	8000046c	00000013	addi	x0,x0,0	  x0:0x00000000
        7065000	       705	80000470	ff5ffd6f	jal	x26,80000470	 x26=0x80000470
        7075000	       706	00000000	00000013	addi	x0,x0,0	  x0:0x00000000
        7085000	       707	80000460	00000013	addi	x0,x0,0	  x0:0x00000000
        7095000	       708	80000464	fd9ff36f	jal	x6,80000464	  x6=0x80000464
        7105000	       709	00000000	00000013	addi	x0,x0,0	  x0:0x00000000
        7115000	       710	80000438	00000013	addi	x0,x0,0	  x0:0x00000000
        7125000	       711	8000043c	0400036f	jal	x6,8000043c	  x6=0x8000043c
        7135000	       712	00000000	00000013	addi	x0,x0,0	  x0:0x00000000
        7145000	       713	80000478	00000013	addi	x0,x0,0	  x0:0x00000000
        7155000	       714	8000047c	fddff2ef	jal	x5,8000047c	  x5=0x8000047c
        7165000	       715	00000000	00000013	addi	x0,x0,0	  x0:0x00000000
        7175000	       716	80000454	00000013	addi	x0,x0,0	  x0:0x00000000
        7185000	       717	80000458	ff9ff9ef	jal	x19,80000458	 x19=0x80000458
        7195000	       718	00000000	00000013	addi	x0,x0,0	  x0:0x00000000
        7205000	       719	8000044c	00000013	addi	x0,x0,0	  x0:0x00000000
        7215000	       720	80000450	03c0036f	jal	x6,80000450	  x6=0x80000450
        7225000	       721	00000000	00000013	addi	x0,x0,0	  x0:0x00000000
        7235000	       722	80000488	00000013	addi	x0,x0,0	  x0:0x00000000
        7245000	       723	8000048c	00385393	srli	x7,x16,0x3	 x16:0x80000444  x7=0x10000088
        7255000	       724	80000490	03400fef	jal	x31,80000490	 x31=0x80000490
        7265000	       725	00000000	00000013	addi	x0,x0,0	  x0:0x00000000
        7275000	       726	800004c0	00000013	addi	x0,x0,0	  x0:0x00000000
        7285000	       727	800004c4	ff9ff36f	jal	x6,800004c4	  x6=0x800004c4
        7295000	       728	00000000	00000013	addi	x0,x0,0	  x0:0x00000000
        7305000	       729	800004b8	00000013	addi	x0,x0,0	  x0:0x00000000
        7315000	       730	800004bc	fe5ff36f	jal	x6,800004bc	  x6=0x800004bc
        7325000	       731	00000000	00000013	addi	x0,x0,0	  x0:0x00000000
        7335000	       732	8000049c	00000013	addi	x0,x0,0	  x0:0x00000000
        7345000	       733	800004a0	00c002ef	jal	x5,800004a0	  x5=0x800004a0
        7355000	       734	00000000	00000013	addi	x0,x0,0	  x0:0x00000000
        7365000	       735	800004a8	00000013	addi	x0,x0,0	  x0:0x00000000
        7375000	       736	800004ac	01400e6f	jal	x28,800004ac	 x28=0x800004ac
        7385000	       737	00000000	00000013	addi	x0,x0,0	  x0:0x00000000
        7395000	       738	800004bc	00000013	addi	x0,x0,0	  x0:0x00000000
        7405000	       739	800004c0	fe5ff36f	jal	x6,800004c0	  x6=0x800004c0
        7415000	       740	00000000	00000013	addi	x0,x0,0	  x0:0x00000000
        7425000	       741	800004a0	00000013	addi	x0,x0,0	  x0:0x00000000
        7435000	       742	800004a4	00c002ef	jal	x5,800004a4	  x5=0x800004a4
        7445000	       743	00000000	00000013	addi	x0,x0,0	  x0:0x00000000
        7455000	       744	800004ac	00000013	addi	x0,x0,0	  x0:0x00000000
        7465000	       745	800004b0	0040036f	jal	x6,800004b0	  x6=0x800004b0
        7475000	       746	00000000	00000013	addi	x0,x0,0	  x0:0x00000000
        7485000	       747	800004b0	00000013	addi	x0,x0,0	  x0:0x00000000
        7495000	       748	800004b4	fe5ff36f	jal	x6,800004b4	  x6=0x800004b4
        7505000	       749	00000000	00000013	addi	x0,x0,0	  x0:0x00000000
        7515000	       750	80000494	00000013	addi	x0,x0,0	  x0:0x00000000
        7525000	       751	80000498	004002ef	jal	x5,80000498	  x5=0x80000498
        7535000	       752	00000000	00000013	addi	x0,x0,0	  x0:0x00000000
        7545000	       753	80000498	00000013	addi	x0,x0,0	  x0:0x00000000
        7555000	       754	8000049c	00c002ef	jal	x5,8000049c	  x5=0x8000049c
        7565000	       755	00000000	00000013	addi	x0,x0,0	  x0:0x00000000
        7575000	       756	800004a4	00000013	addi	x0,x0,0	  x0:0x00000000
        7585000	       757	800004a8	010003ef	jal	x7,800004a8	  x7=0x800004a8
        7595000	       758	00000000	00000013	addi	x0,x0,0	  x0:0x00000000
        7605000	       759	800004b4	00000013	addi	x0,x0,0	  x0:0x00000000
        7615000	       760	800004b8	fddff16f	jal	x2,800004b8	  x2=0x800004b8
        7625000	       761	00000000	00000013	addi	x0,x0,0	  x0:0x00000000
        7635000	       762	80000490	00000013	addi	x0,x0,0	  x0:0x00000000
        7645000	       763	80000494	034001ef	jal	x3,80000494	  x3=0x80000494
        7655000	       764	00000000	00000013	addi	x0,x0,0	  x0:0x00000000
        7665000	       765	800004c4	00000013	addi	x0,x0,0	  x0:0x00000000
        7675000	       766	800004c8	00ecc633	xor	x12,x25,x14	 x25:0x8000044c x14:0x80000440 x12=0x0000000c
        7685000	       767	800004cc	06400fef	jal	x31,800004cc	 x31=0x800004cc
        7695000	       768	00000000	00000013	addi	x0,x0,0	  x0:0x00000000
        7705000	       769	8000052c	00000013	addi	x0,x0,0	  x0:0x00000000
        7715000	       770	80000530	fc9ff16f	jal	x2,80000530	  x2=0x80000530
        7725000	       771	00000000	00000013	addi	x0,x0,0	  x0:0x00000000
        7735000	       772	800004f4	00000013	addi	x0,x0,0	  x0:0x00000000
        7745000	       773	800004f8	02800a6f	jal	x20,800004f8	 x20=0x800004f8
        7755000	       774	00000000	00000013	addi	x0,x0,0	  x0:0x00000000
        7765000	       775	8000051c	00000013	addi	x0,x0,0	  x0:0x00000000
        7775000	       776	80000520	ffdff26f	jal	x4,80000520	  x4=0x80000520
        7785000	       777	00000000	00000013	addi	x0,x0,0	  x0:0x00000000
        7795000	       778	80000518	00000013	addi	x0,x0,0	  x0:0x00000000
        7805000	       779	8000051c	ff1ffd6f	jal	x26,8000051c	 x26=0x8000051c
        7815000	       780	00000000	00000013	addi	x0,x0,0	  x0:0x00000000
        7825000	       781	80000508	00000013	addi	x0,x0,0	  x0:0x00000000
        7835000	       782	8000050c	fd9ff8ef	jal	x17,8000050c	 x17=0x8000050c
        7845000	       783	00000000	00000013	addi	x0,x0,0	  x0:0x00000000
        7855000	       784	800004e0	00000013	addi	x0,x0,0	  x0:0x00000000
        7865000	       785	800004e4	0080036f	jal	x6,800004e4	  x6=0x800004e4
        7875000	       786	00000000	00000013	addi	x0,x0,0	  x0:0x00000000
        7885000	       787	800004e8	00000013	addi	x0,x0,0	  x0:0x00000000
        7895000	       788	800004ec	fe9ff36f	jal	x6,800004ec	  x6=0x800004ec
        7905000	       789	00000000	00000013	addi	x0,x0,0	  x0:0x00000000
        7915000	       790	800004d0	00000013	addi	x0,x0,0	  x0:0x00000000
        7925000	       791	800004d4	050003ef	jal	x7,800004d4	  x7=0x800004d4
        7935000	       792	00000000	00000013	addi	x0,x0,0	  x0:0x00000000
        7945000	       793	80000520	00000013	addi	x0,x0,0	  x0:0x00000000
        7955000	       794	80000524	fe5ff2ef	jal	x5,80000524	  x5=0x80000524
        7965000	       795	00000000	00000013	addi	x0,x0,0	  x0:0x00000000
        7975000	       796	80000504	00000013	addi	x0,x0,0	  x0:0x00000000
        7985000	       797	80000508	fc9ff36f	jal	x6,80000508	  x6=0x80000508
        7995000	       798	00000000	00000013	addi	x0,x0,0	  x0:0x00000000
        8005000	       799	800004cc	00000013	addi	x0,x0,0	  x0:0x00000000
        8015000	       800	800004d0	058003ef	jal	x7,800004d0	  x7=0x800004d0
        8025000	       801	00000000	00000013	addi	x0,x0,0	  x0:0x00000000
        8035000	       802	80000524	00000013	addi	x0,x0,0	  x0:0x00000000
        8045000	       803	80000528	fc9ff16f	jal	x2,80000528	  x2=0x80000528
        8055000	       804	00000000	00000013	addi	x0,x0,0	  x0:0x00000000
        8065000	       805	800004ec	00000013	addi	x0,x0,0	  x0:0x00000000
        8075000	       806	800004f0	004001ef	jal	x3,800004f0	  x3=0x800004f0
        8085000	       807	00000000	00000013	addi	x0,x0,0	  x0:0x00000000
        8095000	       808	800004f0	00000013	addi	x0,x0,0	  x0:0x00000000
        8105000	       809	800004f4	01c0036f	jal	x6,800004f4	  x6=0x800004f4
        8115000	       810	00000000	00000013	addi	x0,x0,0	  x0:0x00000000
        8125000	       811	8000050c	00000013	addi	x0,x0,0	  x0:0x00000000
        8135000	       812	80000510	ff1ff36f	jal	x6,80000510	  x6=0x80000510
        8145000	       813	00000000	00000013	addi	x0,x0,0	  x0:0x00000000
        8155000	       814	800004fc	00000013	addi	x0,x0,0	  x0:0x00000000
        8165000	       815	80000500	fd9ff36f	jal	x6,80000500	  x6=0x80000500
        8175000	       816	00000000	00000013	addi	x0,x0,0	  x0:0x00000000
        8185000	       817	800004d4	00000013	addi	x0,x0,0	  x0:0x00000000
        8195000	       818	800004d8	0040026f	jal	x4,800004d8	  x4=0x800004d8
        8205000	       819	00000000	00000013	addi	x0,x0,0	  x0:0x00000000
        8215000	       820	800004d8	00000013	addi	x0,x0,0	  x0:0x00000000
        8225000	       821	800004dc	02000fef	jal	x31,800004dc	 x31=0x800004dc
        8235000	       822	00000000	00000013	addi	x0,x0,0	  x0:0x00000000
        8245000	       823	800004f8	00000013	addi	x0,x0,0	  x0:0x00000000
        8255000	       824	800004fc	01c00e6f	jal	x28,800004fc	 x28=0x800004fc
        8265000	       825	00000000	00000013	addi	x0,x0,0	  x0:0x00000000
        8275000	       826	80000514	00000013	addi	x0,x0,0	  x0:0x00000000
        8285000	       827	80000518	fedff4ef	jal	x9,80000518	  x9=0x80000518
        8295000	       828	00000000	00000013	addi	x0,x0,0	  x0:0x00000000
        8305000	       829	80000500	00000013	addi	x0,x0,0	  x0:0x00000000
        8315000	       830	80000504	fe5ff5ef	jal	x11,80000504	 x11=0x80000504
        8325000	       831	00000000	00000013	addi	x0,x0,0	  x0:0x00000000
        8335000	       832	800004e4	00000013	addi	x0,x0,0	  x0:0x00000000
        8345000	       833	800004e8	0440046f	jal	x8,800004e8	  x8=0x800004e8
        8355000	       834	00000000	00000013	addi	x0,x0,0	  x0:0x00000000
        8365000	       835	80000528	00000013	addi	x0,x0,0	  x0:0x00000000
        8375000	       836	8000052c	fe9ff36f	jal	x6,8000052c	  x6=0x8000052c
        8385000	       837	00000000	00000013	addi	x0,x0,0	  x0:0x00000000
        8395000	       838	80000510	00000013	addi	x0,x0,0	  x0:0x00000000
        8405000	       839	80000514	fcdff36f	jal	x6,80000514	  x6=0x80000514
        8415000	       840	00000000	00000013	addi	x0,x0,0	  x0:0x00000000
        8425000	       841	800004dc	00000013	addi	x0,x0,0	  x0:0x00000000
        8435000	       842	800004e0	0540036f	jal	x6,800004e0	  x6=0x800004e0
        8445000	       843	00000000	00000013	addi	x0,x0,0	  x0:0x00000000
        8455000	       844	80000530	00000013	addi	x0,x0,0	  x0:0x00000000
        8465000	       845	80000534	003dc033	xor	x0,x27,x3	 x27:0x800003ac  x3:0x800004f0
        8475000	       846	80000538	017a4db3	xor	x27,x20,x23	 x20:0x800004f8 x23:0x80000478 x27=0x00000080
        8485000	       847	8000053c	01904933	xor	x18,x0,x25	  x0:0x00000000 x25:0x8000044c x18=0x8000044c
        8495000	       848	80000540	0099d393	srli	x7,x19,0x9	 x19:0x80000458  x7=0x00400002
        8505000	       849	80000544	eb236f17	auipc	x30,0xeb236	 x30=0x6b236540
        8515000	       850	80000548	34c8ba13	sltiu	x20,x17,844	 x17:0x8000050c x20=0x00000000
        8525000	       851	8000054c	a4180813	addi	x16,x16,-1471	 x16:0x80000444 x16=0x7ffffe85
        8535000	       852	80000550	00000013	addi	x0,x0,0	  x0:0x00000000
        8545000	       853	80000554	0157a4b3	slt	x9,x15,x21	 x15:0x800003e4 x21:0x80009fc4  x9=0x00000001
        8555000	       854	80000558	41d0d513	srai	x10,x1,0x1d	  x1:0x00000003 x10=0x00000000
        8565000	       855	8000055c	036bf663	bgeu	x23,x22,80000588	 x23:0x80000478 x22:0x8000014c
        8575000	       856	00000000	00000013	addi	x0,x0,0	  x0:0x00000000
        8585000	       857	80000584	00000013	addi	x0,x0,0	  x0:0x00000000
        8595000	       858	80000588	41558533	sub	x10,x11,x21	 x11:0x80000504 x21:0x80009fc4 x10=0xffff6540
        8605000	       859	8000058c	41ff09b3	sub	x19,x30,x31	 x30:0x6b236540 x31:0x800004dc x19=0xeb236064
        8615000	       860	80000590	0078d393	srli	x7,x17,0x7	 x17:0x8000050c  x7=0x0100000a
        8625000	       861	80000594	00157433	and	x8,x10,x1	 x10:0xffff6540  x1:0x00000003  x8=0x00000000
        8635000	       862	80000598	00b10a33	add	x20,x2,x11	  x2:0x80000528 x11:0x80000504 x20=0x00000a2c
        8645000	       863	8000059c	402d5a33	sra	x20,x26,x2	 x26:0x8000051c  x2:0x80000528 x20=0xff800005
        8655000	       864	800005a0	0505c463	blt	x11,x16,800005e8	 x11:0x80000504 x16:0x7ffffe85
        8665000	       865	00000000	00000013	addi	x0,x0,0	  x0:0x00000000
        8675000	       866	800005e4	00000013	addi	x0,x0,0	  x0:0x00000000
        8685000	       867	800005e8	01631d33	sll	x26,x6,x22	  x6:0x800004e0 x22:0x8000014c x26=0x004e0000
        8695000	       868	800005ec	6279c493	xori	x9,x19,1575	 x19:0xeb236064  x9=0xeb236643
        8705000	       869	800005f0	04925863	bge	x4,x9,80000640	  x4:0x800004d8  x9:0xeb236643
        8715000	       870	800005f4	01a2d5b3	srl	x11,x5,x26	  x5:0x80000524 x26:0x004e0000 x11=0x80000524
        8725000	       871	800005f8	00748133	add	x2,x9,x7	  x9:0xeb236643  x7:0x0100000a  x2=0xec23664d
        8735000	       872	800005fc	407cd993	srai	x19,x25,0x7	 x25:0x8000044c x19=0xff000008
        8745000	       873	80000600	002fbcb3	sltu	x25,x31,x2	 x31:0x800004dc  x2:0xec23664d x25=0x00000001
        8755000	       874	80000604	017f9613	slli	x12,x31,0x17	 x31:0x800004dc x12=0x6e000000
        8765000	       875	80000608	41e45d93	srai	x27,x8,0x1e	  x8:0x00000000 x27=0x00000000
        8775000	       876	8000060c	03594863	blt	x18,x21,8000063c	 x18:0x8000044c x21:0x80009fc4
        8785000	       877	00000000	00000013	addi	x0,x0,0	  x0:0x00000000
        8795000	       878	80000638	00000013	addi	x0,x0,0	  x0:0x00000000
        8805000	       879	8000063c	03ce5c63	bge	x28,x28,80000674	 x28:0x800004fc x28:0x800004fc
        8815000	       880	00000000	00000013	addi	x0,x0,0	  x0:0x00000000
        8825000	       881	80000670	00000013	addi	x0,x0,0	  x0:0x00000000
        8835000	       882	80000674	04e15863	bge	x2,x14,800006c4	  x2:0xec23664d x14:0x80000440
        8845000	       883	00000000	00000013	addi	x0,x0,0	  x0:0x00000000
        8855000	       884	800006c0	00000013	addi	x0,x0,0	  x0:0x00000000
        8865000	       885	800006c4	2d4ac913	xori	x18,x21,724	 x21:0x80009fc4 x18=0x80009d10
        8875000	       886	800006c8	00000013	addi	x0,x0,0	  x0:0x00000000
        8885000	       887	800006cc	b738fb93	andi	x23,x17,-1165	 x17:0x8000050c x23=0x80000100
        8895000	       888	800006d0	1c6ef393	andi	x7,x29,454	 x29:0x80009f84  x7=0x00000184
        8905000	       889	800006d4	055f1263	bne	x30,x21,80000718	 x30:0x6b236540 x21:0x80009fc4
        8915000	       890	00000000	00000013	addi	x0,x0,0	  x0:0x00000000
        8925000	       891	80000714	00000013	addi	x0,x0,0	  x0:0x00000000
        8935000	       892	80000718	00e1db13	srli	x22,x3,0xe	  x3:0x800004f0 x22=0x00020000
        8945000	       893	8000071c	ba724e37	lui	x28,0xba724	 x28=0xba724000
        8955000	       894	80000720	00000013	addi	x0,x0,0	  x0:0x00000000
        8965000	       895	80000724	60dae513	ori	x10,x21,1549	 x21:0x80009fc4 x10=0x80009fcd
        8975000	       896	80000728	6d213537	lui	x10,0x6d213	 x10=0x6d213000
        8985000	       897	8000072c	251ba713	slti	x14,x23,593	 x23:0x80000100 x14=0x00000001
        8995000	       898	80000730	68f83293	sltiu	x5,x16,1679	 x16:0x7ffffe85  x5=0x00000000
        9005000	       899	80000734	02c36463	bltu	x6,x12,8000075c	  x6:0x800004e0 x12:0x6e000000
        9015000	       900	80000738	b942d717	auipc	x14,0xb942d	 x14=0x3942d734
        9025000	       901	8000073c	00b9a3b3	slt	x7,x19,x11	 x19:0xff000008 x11:0x80000524  x7=0x00000000
        9035000	       902	80000740	01828cb3	add	x25,x5,x24	  x5:0x00000000 x24:0x800002ec x25=0x800002ec
        9045000	       903	80000744	02681063	bne	x16,x6,80000764	 x16:0x7ffffe85  x6:0x800004e0
        9055000	       904	00000000	00000013	addi	x0,x0,0	  x0:0x00000000
        9065000	       905	80000760	00000013	addi	x0,x0,0	  x0:0x00000000
        9075000	       906	80000764	017a6033	or	x0,x20,x23	 x20:0xff800005 x23:0x80000100
        9085000	       907	80000768	41355113	srai	x2,x10,0x13	 x10:0x6d213000  x2=0x00000da4
        9095000	       908	8000076c	06ae1e63	bne	x28,x10,800007e8	 x28:0xba724000 x10:0x6d213000
        9105000	       909	00000000	00000013	addi	x0,x0,0	  x0:0x00000000
        9115000	       910	800007e4	00000013	addi	x0,x0,0	  x0:0x00000000
        9125000	       911	800007e8	c20db317	auipc	x6,0xc20db	  x6=0x420db7e4
        9135000	       912	800007ec	a812ff37	lui	x30,0xa812f	 x30=0xa812f000
        9145000	       913	800007f0	40c30233	sub	x4,x6,x12	  x6:0x420db7e4 x12:0x6e000000  x4=0xd40db7e4
        9155000	       914	800007f4	28fff613	andi	x12,x31,655	 x31:0x800004dc x12=0x0000008c
        9165000	       915	800007f8	f9093897	auipc	x17,0xf9093	 x17=0x790937f4
        9175000	       916	800007fc	0122fe63	bgeu	x5,x18,80000818	  x5:0x00000000 x18:0x80009d10
        9185000	       917	80000800	4119d5b3	sra	x11,x19,x17	 x19:0xff000008 x17:0x790937f4 x11=0xfffffff0
        9195000	       918	80000804	011e8033	add	x0,x29,x17	 x29:0x80009f84 x17:0x790937f4
        9205000	       919	80000808	5c420413	addi	x8,x4,1476	  x4:0xd40db7e4  x8=0xd40dbda8
        9215000	       920	8000080c	01e18f33	add	x30,x3,x30	  x3:0x800004f0 x30:0xa812f000 x30=0x2812f4f0
        9225000	       921	80000810	0178e9b3	or	x19,x17,x23	 x17:0x790937f4 x23:0x80000100 x19=0xf90937f4
        9235000	       922	80000814	36d76b93	ori	x23,x14,877	 x14:0x3942d734 x23=0x3942d77d
        9245000	       923	80000818	00149293	slli	x5,x9,0x1	  x9:0xeb236643  x5=0xd646cc86
        9255000	       924	8000081c	509e6013	ori	x0,x28,1289	 x28:0xba724000
        9265000	       925	80000820	00000013	addi	x0,x0,0	  x0:0x00000000
        9275000	       926	80000824	e60ff593	andi	x11,x31,-416	 x31:0x800004dc x11=0x80000440
        9285000	       927	80000828	1ac93193	sltiu	x3,x18,428	 x18:0x80009d10  x3=0x00000000
        9295000	       928	8000082c	627d4217	auipc	x4,0x627d4	  x4=0xe27d4828
        9305000	       929	80000830	4055d933	sra	x18,x11,x5	 x11:0x80000440  x5:0xd646cc86 x18=0xfe000011
        9315000	       930	80000834	4089d293	srai	x5,x19,0x8	 x19:0xf90937f4  x5=0xfff90937
        9325000	       931	80000838	5b162593	slti	x11,x12,1457	 x12:0x0000008c x11=0x00000001
        9335000	       932	8000083c	41c20bb3	sub	x23,x4,x28	  x4:0xe27d4828 x28:0xba724000 x23=0x280b0828
        9345000	       933	80000840	00727863	bgeu	x4,x7,80000850	  x4:0xe27d4828  x7:0x00000000
        9355000	       934	00000000	00000013	addi	x0,x0,0	  x0:0x00000000
        9365000	       935	8000084c	00000013	addi	x0,x0,0	  x0:0x00000000
        9375000	       936	80000850	e3f2cf13	xori	x30,x5,-449	  x5:0xfff90937 x30=0x0006f708
        9385000	       937	80000854	00b4ee63	bltu	x9,x11,80000870	  x9:0xeb236643 x11:0x00000001
        9395000	       938	80000858	005ff8b3	and	x17,x31,x5	 x31:0x800004dc  x5:0xfff90937 x17=0x80000014
        9405000	       939	8000085c	014ee6b3	or	x13,x29,x20	 x29:0x80009f84 x20:0xff800005 x13=0xff809f85
        9415000	       940	80000860	00a3d293	srli	x5,x7,0xa	  x7:0x00000000  x5=0x00000000
        9425000	       941	80000864	00d41713	slli	x14,x8,0xd	  x8:0xd40dbda8 x14=0xb7b50000
        9435000	       942	80000868	00000013	addi	x0,x0,0	  x0:0x00000000
        9445000	       943	8000086c	01b64633	xor	x12,x12,x27	 x12:0x0000008c x27:0x00000000 x12=0x0000008c
        9455000	       944	80000870	3ae5f193	andi	x3,x11,942	 x11:0x00000001  x3=0x00000000
        9465000	       945	80000874	011af533	and	x10,x21,x17	 x21:0x80009fc4 x17:0x80000014 x10=0x80000004
        9475000	       946	80000878	00f48433	add	x8,x9,x15	  x9:0xeb236643 x15:0x800003e4  x8=0x6b236a27
        9485000	       947	8000087c	0089bcb3	sltu	x25,x19,x8	 x19:0xf90937f4  x8:0x6b236a27 x25=0x00000000
        9495000	       948	80000880	a68b2517	auipc	x10,0xa68b2	 x10=0x268b287c
        9505000	       949	80000884	010f52b3	srl	x5,x30,x16	 x30:0x0006f708 x16:0x7ffffe85  x5=0x000037b8
        9515000	       950	80000888	00250cb3	add	x25,x10,x2	 x10:0x268b287c  x2:0x00000da4 x25=0x268b3620
        9525000	       951	8000088c	41da52b3	sra	x5,x20,x29	 x20:0xff800005 x29:0x80009f84  x5=0xfff80000
        9535000	       952	80000890	01f83533	sltu	x10,x16,x31	 x16:0x7ffffe85 x31:0x800004dc x10=0x00000001
        9545000	       953	80000894	33f82c17	auipc	x24,0x33f82	 x24=0xb3f82890
        9555000	       954	80000898	01a1ddb3	srl	x27,x3,x26	  x3:0x00000000 x26:0x004e0000 x27=0x00000000
        9565000	       955	8000089c	02131c63	bne	x6,x1,800008d4	  x6:0x420db7e4  x1:0x00000003
        9575000	       956	00000000	00000013	addi	x0,x0,0	  x0:0x00000000
        9585000	       957	800008d0	00000013	addi	x0,x0,0	  x0:0x00000000
        9595000	       958	800008d4	01b388b3	add	x17,x7,x27	  x7:0x00000000 x27:0x00000000 x17=0x00000000
        9605000	       959	800008d8	01a52fb3	slt	x31,x10,x26	 x10:0x00000001 x26:0x004e0000 x31=0x00000001
        9615000	       960	800008dc	9a57e413	ori	x8,x15,-1627	 x15:0x800003e4  x8=0xfffffbe5
        9625000	       961	800008e0	0064e9b3	or	x19,x9,x6	  x9:0xeb236643  x6:0x420db7e4 x19=0xeb2ff7e7
        9635000	       962	800008e4	01a6cf33	xor	x30,x13,x26	 x13:0xff809f85 x26:0x004e0000 x30=0xffce9f85
        9645000	       963	800008e8	0011cd33	xor	x26,x3,x1	  x3:0x00000000  x1:0x00000003 x26=0x00000003
        9655000	       964	800008ec	1a1ec613	xori	x12,x29,417	 x29:0x80009f84 x12=0x80009e25
        9665000	       965	800008f0	00f15913	srli	x18,x2,0xf	  x2:0x00000da4 x18=0x00000000
        9675000	       966	800008f4	043bc463	blt	x23,x3,8000093c	 x23:0x280b0828  x3:0x00000000
        9685000	       967	800008f8	00b18833	add	x16,x3,x11	  x3:0x00000000 x11:0x00000001 x16=0x00000001
        9695000	       968	800008fc	e7f4bb93	sltiu	x23,x9,-385	  x9:0xeb236643 x23=0x00000001
        9705000	       969	80000900	012e1d33	sll	x26,x28,x18	 x28:0xba724000 x18:0x00000000 x26=0xba724000
        9715000	       970	80000904	41a1d333	sra	x6,x3,x26	  x3:0x00000000 x26:0xba724000  x6=0x00000000
        9725000	       971	80000908	464e4493	xori	x9,x28,1124	 x28:0xba724000  x9=0xba724464
        9735000	       972	8000090c	20276993	ori	x19,x14,514	 x14:0xb7b50000 x19=0xb7b50202
        9745000	       973	80000910	02744a63	blt	x8,x7,80000944	  x8:0xfffffbe5  x7:0x00000000
        9755000	       974	00000000	00000013	addi	x0,x0,0	  x0:0x00000000
        9765000	       975	80000940	00000013	addi	x0,x0,0	  x0:0x00000000
        9775000	       976	80000944	02dd8e63	beq	x27,x13,80000980	 x27:0x00000000 x13:0xff809f85
        9785000	       977	80000948	02a19e63	bne	x3,x10,80000984	  x3:0x00000000 x10:0x00000001
        9795000	       978	00000000	00000013	addi	x0,x0,0	  x0:0x00000000
        9805000	       979	80000980	00000013	addi	x0,x0,0	  x0:0x00000000
        9815000	       980	80000984	014cffb3	and	x31,x25,x20	 x25:0x268b3620 x20:0xff800005 x31=0x26800000
        9825000	       981	80000988	0419e663	bltu	x19,x1,800009d4	 x19:0xb7b50202  x1:0x00000003
        9835000	       982	8000098c	00d0dfb3	srl	x31,x1,x13	  x1:0x00000003 x13:0xff809f85 x31=0x00000000
        9845000	       983	80000990	00d31333	sll	x6,x6,x13	  x6:0x00000000 x13:0xff809f85  x6=0x00000000
        9855000	       984	80000994	00000013	addi	x0,x0,0	  x0:0x00000000
        9865000	       985	80000998	057ff063	bgeu	x31,x23,800009d8	 x31:0x00000000 x23:0x00000001
        9875000	       986	8000099c	0161b133	sltu	x2,x3,x22	  x3:0x00000000 x22:0x00020000  x2=0x00000001
        9885000	       987	800009a0	007eb1b3	sltu	x3,x29,x7	 x29:0x80009f84  x7:0x00000000  x3=0x00000000
        9895000	       988	800009a4	01bad693	srli	x13,x21,0x1b	 x21:0x80009fc4 x13=0x00000010
        9905000	       989	800009a8	0452f593	andi	x11,x5,69	  x5:0xfff80000 x11=0x00000000
        9915000	       990	800009ac	4ba64593	xori	x11,x12,1210	 x12:0x80009e25 x11=0x80009a9f
        9925000	       991	800009b0	036c9663	bne	x25,x22,800009dc	 x25:0x268b3620 x22:0x00020000
        9935000	       992	00000000	00000013	addi	x0,x0,0	  x0:0x00000000
        9945000	       993	800009d8	00000013	addi	x0,x0,0	  x0:0x00000000
        9955000	       994	800009dc	4131df33	sra	x30,x3,x19	  x3:0x00000000 x19:0xb7b50202 x30=0x00000000
        9965000	       995	800009e0	00000013	addi	x0,x0,0	  x0:0x00000000
        9975000	       996	800009e4	01efbfb3	sltu	x31,x31,x30	 x31:0x00000000 x30:0x00000000 x31=0x00000000
        9985000	       997	800009e8	01fafd33	and	x26,x21,x31	 x21:0x80009fc4 x31:0x00000000 x26=0x00000000
        9995000	       998	800009ec	84e4bfb7	lui	x31,0x84e4b	 x31=0x84e4b000
       10005000	       999	800009f0	00000013	addi	x0,x0,0	  x0:0x00000000
       10015000	      1000	800009f4	017314b3	sll	x9,x6,x23	  x6:0x00000000 x23:0x00000001  x9=0x00000000
       10025000	      1001	800009f8	06f28e17	auipc	x28,0x6f28	 x28=0x86f289f4
       10035000	      1002	800009fc	00400fef	jal	x31,800009fc	 x31=0x800009fc
       10045000	      1003	00000000	00000013	addi	x0,x0,0	  x0:0x00000000
       10055000	      1004	800009fc	00000013	addi	x0,x0,0	  x0:0x00000000
       10065000	      1005	80000a00	0340046f	jal	x8,80000a00	  x8=0x80000a00
       10075000	      1006	00000000	00000013	addi	x0,x0,0	  x0:0x00000000
       10085000	      1007	80000a30	00000013	addi	x0,x0,0	  x0:0x00000000
       10095000	      1008	80000a34	fd1ff5ef	jal	x11,80000a34	 x11=0x80000a34
       10105000	      1009	00000000	00000013	addi	x0,x0,0	  x0:0x00000000
       10115000	      1010	80000a00	00000013	addi	x0,x0,0	  x0:0x00000000
       10125000	      1011	80000a04	02800fef	jal	x31,80000a04	 x31=0x80000a04
       10135000	      1012	00000000	00000013	addi	x0,x0,0	  x0:0x00000000
       10145000	      1013	80000a28	00000013	addi	x0,x0,0	  x0:0x00000000
       10155000	      1014	80000a2c	fddffe6f	jal	x28,80000a2c	 x28=0x80000a2c
       10165000	      1015	00000000	00000013	addi	x0,x0,0	  x0:0x00000000
       10175000	      1016	80000a04	00000013	addi	x0,x0,0	  x0:0x00000000
       10185000	      1017	80000a08	0200066f	jal	x12,80000a08	 x12=0x80000a08
       10195000	      1018	00000000	00000013	addi	x0,x0,0	  x0:0x00000000
       10205000	      1019	80000a24	00000013	addi	x0,x0,0	  x0:0x00000000
       10215000	      1020	80000a28	fedff36f	jal	x6,80000a28	  x6=0x80000a28
       10225000	      1021	00000000	00000013	addi	x0,x0,0	  x0:0x00000000
       10235000	      1022	80000a10	00000013	addi	x0,x0,0	  x0:0x00000000
       10245000	      1023	80000a14	00c0076f	jal	x14,80000a14	 x14=0x80000a14
       10255000	      1024	00000000	00000013	addi	x0,x0,0	  x0:0x00000000
       10265000	      1025	80000a1c	00000013	addi	x0,x0,0	  x0:0x00000000
       10275000	      1026	80000a20	ff9ff36f	jal	x6,80000a20	  x6=0x80000a20
       10285000	      1027	00000000	00000013	addi	x0,x0,0	  x0:0x00000000
       10295000	      1028	80000a14	00000013	addi	x0,x0,0	  x0:0x00000000
       10305000	      1029	80000a18	0180036f	jal	x6,80000a18	  x6=0x80000a18
       10315000	      1030	00000000	00000013	addi	x0,x0,0	  x0:0x00000000
       10325000	      1031	80000a2c	00000013	addi	x0,x0,0	  x0:0x00000000
       10335000	      1032	80000a30	fe1ff36f	jal	x6,80000a30	  x6=0x80000a30
       10345000	      1033	00000000	00000013	addi	x0,x0,0	  x0:0x00000000
       10355000	      1034	80000a0c	00000013	addi	x0,x0,0	  x0:0x00000000
       10365000	      1035	80000a10	014002ef	jal	x5,80000a10	  x5=0x80000a10
       10375000	      1036	00000000	00000013	addi	x0,x0,0	  x0:0x00000000
       10385000	      1037	80000a20	00000013	addi	x0,x0,0	  x0:0x00000000
       10395000	      1038	80000a24	fe9ff36f	jal	x6,80000a24	  x6=0x80000a24
       10405000	      1039	00000000	00000013	addi	x0,x0,0	  x0:0x00000000
       10415000	      1040	80000a08	00000013	addi	x0,x0,0	  x0:0x00000000
       10425000	      1041	80000a0c	0100036f	jal	x6,80000a0c	  x6=0x80000a0c
       10435000	      1042	00000000	00000013	addi	x0,x0,0	  x0:0x00000000
       10445000	      1043	80000a18	00000013	addi	x0,x0,0	  x0:0x00000000
       10455000	      1044	80000a1c	01c009ef	jal	x19,80000a1c	 x19=0x80000a1c
       10465000	      1045	00000000	00000013	addi	x0,x0,0	  x0:0x00000000
       10475000	      1046	80000a34	00000013	addi	x0,x0,0	  x0:0x00000000
       10485000	      1047	80000a38	018fbfb3	sltu	x31,x31,x24	 x31:0x80000a04 x24:0xb3f82890 x31=0x00000001
       10495000	      1048	80000a3c	8d5ee813	ori	x16,x29,-1835	 x29:0x80009f84 x16=0xffffffd5
       10505000	      1049	80000a40	03706663	bltu	x0,x23,80000a6c	  x0:0x00000000 x23:0x00000001
       10515000	      1050	00000000	00000013	addi	x0,x0,0	  x0:0x00000000
       10525000	      1051	80000a68	00000013	addi	x0,x0,0	  x0:0x00000000
       10535000	      1052	80000a6c	01ebebb3	or	x23,x23,x30	 x23:0x00000001 x30:0x00000000 x23=0x00000001
       10545000	      1053	80000a70	04141463	bne	x8,x1,80000ab8	  x8:0x80000a00  x1:0x00000003
       10555000	      1054	00000000	00000013	addi	x0,x0,0	  x0:0x00000000
       10565000	      1055	80000ab4	00000013	addi	x0,x0,0	  x0:0x00000000
       10575000	      1056	80000ab8	12f10293	addi	x5,x2,303	  x2:0x00000001  x5=0x00000130
       10585000	      1057	80000abc	9f0e0713	addi	x14,x28,-1552	 x28:0x80000a2c x14=0x8000041c
       10595000	      1058	80000ac0	04d11063	bne	x2,x13,80000b00	  x2:0x00000001 x13:0x00000010
       10605000	      1059	00000000	00000013	addi	x0,x0,0	  x0:0x00000000
       10615000	      1060	80000afc	00000013	addi	x0,x0,0	  x0:0x00000000
       10625000	      1061	80000b00	0390c863	blt	x1,x25,80000b30	  x1:0x00000003 x25:0x268b3620
       10635000	      1062	00000000	00000013	addi	x0,x0,0	  x0:0x00000000
       10645000	      1063	80000b2c	00000013	addi	x0,x0,0	  x0:0x00000000
       10655000	      1064	80000b30	01594833	xor	x16,x18,x21	 x18:0x00000000 x21:0x80009fc4 x16=0x80009fc4
       10665000	      1065	80000b34	df073e13	sltiu	x28,x14,-528	 x14:0x8000041c x28=0x00000001
       10675000	      1066	80000b38	b17cc693	xori	x13,x25,-1257	 x25:0x268b3620 x13=0xd974cd37
       10685000	      1067	80000b3c	013c0933	add	x18,x24,x19	 x24:0xb3f82890 x19:0x80000a1c x18=0x33f832ac
       10695000	      1068	80000b40	577b0413	addi	x8,x22,1399	 x22:0x00020000  x8=0x00020577
       10705000	      1069	80000b44	2be23717	auipc	x14,0x2be23	 x14=0xabe23b40
       10715000	      1070	80000b48	024b7c63	bgeu	x22,x4,80000b80	 x22:0x00020000  x4:0xe27d4828
       10725000	      1071	80000b4c	000bc233	xor	x4,x23,x0	 x23:0x00000001  x0:0x00000000  x4=0x00000001
       10735000	      1072	80000b50	016d5e13	srli	x28,x26,0x16	 x26:0x00000000 x28=0x00000000
       10745000	      1073	80000b54	57cf7213	andi	x4,x30,1404	 x30:0x00000000  x4=0x00000000
       10755000	      1074	80000b58	0149c033	xor	x0,x19,x20	 x19:0x80000a1c x20:0xff800005
       10765000	      1075	80000b5c	01e5cc33	xor	x24,x11,x30	 x11:0x80000a34 x30:0x00000000 x24=0x80000a34
       10775000	      1076	80000b60	00e59533	sll	x10,x11,x14	 x11:0x80000a34 x14:0xabe23b40 x10=0x80000a34
       10785000	      1077	80000b64	000d9733	sll	x14,x27,x0	 x27:0x00000000  x0:0x00000000 x14=0x00000000
       10795000	      1078	80000b68	016d9113	slli	x2,x27,0x16	 x27:0x00000000  x2=0x00000000
       10805000	      1079	80000b6c	51a5eb13	ori	x22,x11,1306	 x11:0x80000a34 x22=0x80000f3e
       10815000	      1080	80000b70	048af463	bgeu	x21,x8,80000bb8	 x21:0x80009fc4  x8:0x00020577
       10825000	      1081	00000000	00000013	addi	x0,x0,0	  x0:0x00000000
       10835000	      1082	80000bb4	00000013	addi	x0,x0,0	  x0:0x00000000
       10845000	      1083	80000bb8	02f06e63	bltu	x0,x15,80000bf4	  x0:0x00000000 x15:0x800003e4
       10855000	      1084	00000000	00000013	addi	x0,x0,0	  x0:0x00000000
       10865000	      1085	80000bf0	00000013	addi	x0,x0,0	  x0:0x00000000
       10875000	      1086	80000bf4	c1dd8293	addi	x5,x27,-995	 x27:0x00000000  x5=0xfffffc1d
       10885000	      1087	80000bf8	01f32fb3	slt	x31,x6,x31	  x6:0x80000a0c x31:0x00000001 x31=0x00000001
       10895000	      1088	80000bfc	0082f733	and	x14,x5,x8	  x5:0xfffffc1d  x8:0x00020577 x14=0x00020415
       10905000	      1089	80000c00	713cb397	auipc	x7,0x713cb	  x7=0xf13cbbfc
       10915000	      1090	80000c04	05da6663	bltu	x20,x29,80000c50	 x20:0xff800005 x29:0x80009f84
       10925000	      1091	80000c08	f8c2ad13	slti	x26,x5,-116	  x5:0xfffffc1d x26=0x00000001
       10935000	      1092	80000c0c	01c55e63	bge	x10,x28,80000c28	 x10:0x80000a34 x28:0x00000000
       10945000	      1093	80000c10	002531b3	sltu	x3,x10,x2	 x10:0x80000a34  x2:0x00000000  x3=0x00000000
       10955000	      1094	80000c14	633cf293	andi	x5,x25,1587	 x25:0x268b3620  x5=0x00000620
       10965000	      1095	80000c18	b5313113	sltiu	x2,x2,-1197	  x2:0x00000000  x2=0x00000001
       10975000	      1096	80000c1c	00aa4fb3	xor	x31,x20,x10	 x20:0xff800005 x10:0x80000a34 x31=0x7f800a31
       10985000	      1097	80000c20	2a3628b7	lui	x17,0x2a362	 x17=0x2a362000
       10995000	      1098	80000c24	02e3d863	bge	x7,x14,80000c54	  x7:0xf13cbbfc x14:0x00020415
       11005000	      1099	80000c28	291eab93	slti	x23,x29,657	 x29:0x80009f84 x23=0x00000001
       11015000	      1100	80000c2c	02487c63	bgeu	x16,x4,80000c64	 x16:0x80009fc4  x4:0x00000000
       11025000	      1101	00000000	00000013	addi	x0,x0,0	  x0:0x00000000
       11035000	      1102	80000c60	00000013	addi	x0,x0,0	  x0:0x00000000
       11045000	      1103	80000c64	00b77d33	and	x26,x14,x11	 x14:0x00020415 x11:0x80000a34 x26=0x00000014
       11055000	      1104	80000c68	00c00fef	jal	x31,80000c68	 x31=0x80000c68
       11065000	      1105	00000000	00000013	addi	x0,x0,0	  x0:0x00000000
       11075000	      1106	80000c70	00000013	addi	x0,x0,0	  x0:0x00000000
       11085000	      1107	80000c74	0500096f	jal	x18,80000c74	 x18=0x80000c74
       11095000	      1108	00000000	00000013	addi	x0,x0,0	  x0:0x00000000
       11105000	      1109	80000cc0	00000013	addi	x0,x0,0	  x0:0x00000000
       11115000	      1110	80000cc4	fddffbef	jal	x23,80000cc4	 x23=0x80000cc4
       11125000	      1111	00000000	00000013	addi	x0,x0,0	  x0:0x00000000
       11135000	      1112	80000c9c	00000013	addi	x0,x0,0	  x0:0x00000000
       11145000	      1113	80000ca0	028006ef	jal	x13,80000ca0	 x13=0x80000ca0
       11155000	      1114	00000000	00000013	addi	x0,x0,0	  x0:0x00000000
       11165000	      1115	80000cc4	00000013	addi	x0,x0,0	  x0:0x00000000
       11175000	      1116	80000cc8	fe5ffe6f	jal	x28,80000cc8	 x28=0x80000cc8
       11185000	      1117	00000000	00000013	addi	x0,x0,0	  x0:0x00000000
       11195000	      1118	80000ca8	00000013	addi	x0,x0,0	  x0:0x00000000
       11205000	      1119	80000cac	fddff36f	jal	x6,80000cac	  x6=0x80000cac
       11215000	      1120	00000000	00000013	addi	x0,x0,0	  x0:0x00000000
       11225000	      1121	80000c84	00000013	addi	x0,x0,0	  x0:0x00000000
       11235000	      1122	80000c88	034002ef	jal	x5,80000c88	  x5=0x80000c88
       11245000	      1123	00000000	00000013	addi	x0,x0,0	  x0:0x00000000
       11255000	      1124	80000cb8	00000013	addi	x0,x0,0	  x0:0x00000000
       11265000	      1125	80000cbc	fe9ff26f	jal	x4,80000cbc	  x4=0x80000cbc
       11275000	      1126	00000000	00000013	addi	x0,x0,0	  x0:0x00000000
       11285000	      1127	80000ca0	00000013	addi	x0,x0,0	  x0:0x00000000
       11295000	      1128	80000ca4	fe9ff2ef	jal	x5,80000ca4	  x5=0x80000ca4
       11305000	      1129	00000000	00000013	addi	x0,x0,0	  x0:0x00000000
       11315000	      1130	80000c88	00000013	addi	x0,x0,0	  x0:0x00000000
       11325000	      1131	80000c8c	ff5ff86f	jal	x16,80000c8c	 x16=0x80000c8c
       11335000	      1132	00000000	00000013	addi	x0,x0,0	  x0:0x00000000
       11345000	      1133	80000c7c	00000013	addi	x0,x0,0	  x0:0x00000000
       11355000	      1134	80000c80	04c0086f	jal	x16,80000c80	 x16=0x80000c80
       11365000	      1135	00000000	00000013	addi	x0,x0,0	  x0:0x00000000
       11375000	      1136	80000cc8	00000013	addi	x0,x0,0	  x0:0x00000000
       11385000	      1137	80000ccc	fddff36f	jal	x6,80000ccc	  x6=0x80000ccc
       11395000	      1138	00000000	00000013	addi	x0,x0,0	  x0:0x00000000
       11405000	      1139	80000ca4	00000013	addi	x0,x0,0	  x0:0x00000000
       11415000	      1140	80000ca8	fedffc6f	jal	x24,80000ca8	 x24=0x80000ca8
       11425000	      1141	00000000	00000013	addi	x0,x0,0	  x0:0x00000000
       11435000	      1142	80000c90	00000013	addi	x0,x0,0	  x0:0x00000000
       11445000	      1143	80000c94	fe9ff36f	jal	x6,80000c94	  x6=0x80000c94
       11455000	      1144	00000000	00000013	addi	x0,x0,0	  x0:0x00000000
       11465000	      1145	80000c78	00000013	addi	x0,x0,0	  x0:0x00000000
       11475000	      1146	80000c7c	0080036f	jal	x6,80000c7c	  x6=0x80000c7c
       11485000	      1147	00000000	00000013	addi	x0,x0,0	  x0:0x00000000
       11495000	      1148	80000c80	00000013	addi	x0,x0,0	  x0:0x00000000
       11505000	      1149	80000c84	0140086f	jal	x16,80000c84	 x16=0x80000c84
       11515000	      1150	00000000	00000013	addi	x0,x0,0	  x0:0x00000000
       11525000	      1151	80000c94	00000013	addi	x0,x0,0	  x0:0x00000000
       11535000	      1152	80000c98	0280036f	jal	x6,80000c98	  x6=0x80000c98
       11545000	      1153	00000000	00000013	addi	x0,x0,0	  x0:0x00000000
       11555000	      1154	80000cbc	00000013	addi	x0,x0,0	  x0:0x00000000
       11565000	      1155	80000cc0	ff1ffcef	jal	x25,80000cc0	 x25=0x80000cc0
       11575000	      1156	00000000	00000013	addi	x0,x0,0	  x0:0x00000000
       11585000	      1157	80000cac	00000013	addi	x0,x0,0	  x0:0x00000000
       11595000	      1158	80000cb0	00400a6f	jal	x20,80000cb0	 x20=0x80000cb0
       11605000	      1159	00000000	00000013	addi	x0,x0,0	  x0:0x00000000
       11615000	      1160	80000cb0	00000013	addi	x0,x0,0	  x0:0x00000000
       11625000	      1161	80000cb4	fe9ff36f	jal	x6,80000cb4	  x6=0x80000cb4
       11635000	      1162	00000000	00000013	addi	x0,x0,0	  x0:0x00000000
       11645000	      1163	80000c98	00000013	addi	x0,x0,0	  x0:0x00000000
       11655000	      1164	80000c9c	fddff96f	jal	x18,80000c9c	 x18=0x80000c9c
       11665000	      1165	00000000	00000013	addi	x0,x0,0	  x0:0x00000000
       11675000	      1166	80000c74	00000013	addi	x0,x0,0	  x0:0x00000000
       11685000	      1167	80000c78	ff9ff26f	jal	x4,80000c78	  x4=0x80000c78
       11695000	      1168	00000000	00000013	addi	x0,x0,0	  x0:0x00000000
       11705000	      1169	80000c6c	00000013	addi	x0,x0,0	  x0:0x00000000
       11715000	      1170	80000c70	0480036f	jal	x6,80000c70	  x6=0x80000c70
       11725000	      1171	00000000	00000013	addi	x0,x0,0	  x0:0x00000000
       11735000	      1172	80000cb4	00000013	addi	x0,x0,0	  x0:0x00000000
       11745000	      1173	80000cb8	fb5ff36f	jal	x6,80000cb8	  x6=0x80000cb8
       11755000	      1174	00000000	00000013	addi	x0,x0,0	  x0:0x00000000
       11765000	      1175	80000c68	00000013	addi	x0,x0,0	  x0:0x00000000
       11775000	      1176	80000c6c	02400d6f	jal	x26,80000c6c	 x26=0x80000c6c
       11785000	      1177	00000000	00000013	addi	x0,x0,0	  x0:0x00000000
       11795000	      1178	80000c8c	00000013	addi	x0,x0,0	  x0:0x00000000
       11805000	      1179	80000c90	0400026f	jal	x4,80000c90	  x4=0x80000c90
       11815000	      1180	00000000	00000013	addi	x0,x0,0	  x0:0x00000000
       11825000	      1181	80000ccc	00000013	addi	x0,x0,0	  x0:0x00000000
       11835000	      1182	80000cd0	4ef2f913	andi	x18,x5,1263	  x5:0x80000ca4 x18=0x000004a4
       11845000	      1183	80000cd4	00000013	addi	x0,x0,0	  x0:0x00000000
       11855000	      1184	80000cd8	ae417413	andi	x8,x2,-1308	  x2:0x00000001  x8=0x00000000
       11865000	      1185	80000cdc	002db9b3	sltu	x19,x27,x2	 x27:0x00000000  x2:0x00000001 x19=0x00000001
       11875000	      1186	80000ce0	014c1493	slli	x9,x24,0x14	 x24:0x80000ca8  x9=0xca800000
       11885000	      1187	80000ce4	00000013	addi	x0,x0,0	  x0:0x00000000
       11895000	      1188	80000ce8	76886993	ori	x19,x16,1896	 x16:0x80000c84 x19=0x80000fec
       11905000	      1189	80000cec	001d8733	add	x14,x27,x1	 x27:0x00000000  x1:0x00000003 x14=0x00000003
       11915000	      1190	80000cf0	0197e863	bltu	x15,x25,80000d00	 x15:0x800003e4 x25:0x80000cc0
       11925000	      1191	00000000	00000013	addi	x0,x0,0	  x0:0x00000000
       11935000	      1192	80000cfc	00000013	addi	x0,x0,0	  x0:0x00000000
       11945000	      1193	80000d00	0179e5b3	or	x11,x19,x23	 x19:0x80000fec x23:0x80000cc4 x11=0x80000fec
       11955000	      1194	80000d04	059c1463	bne	x24,x25,80000d4c	 x24:0x80000ca8 x25:0x80000cc0
       11965000	      1195	00000000	00000013	addi	x0,x0,0	  x0:0x00000000
       11975000	      1196	80000d48	00000013	addi	x0,x0,0	  x0:0x00000000
       11985000	      1197	80000d4c	41f80333	sub	x6,x16,x31	 x16:0x80000c84 x31:0x80000c68  x6=0x0000001c
       11995000	      1198	80000d50	02dd5663	bge	x26,x13,80000d7c	 x26:0x80000c6c x13:0x80000ca0
       12005000	      1199	80000d54	00000013	addi	x0,x0,0	  x0:0x00000000
       12015000	      1200	80000d58	00b6fa63	bgeu	x13,x11,80000d6c	 x13:0x80000ca0 x11:0x80000fec
       12025000	      1201	80000d5c	0035b3b3	sltu	x7,x11,x3	 x11:0x80000fec  x3:0x00000000  x7=0x00000000
       12035000	      1202	80000d60	7ee78113	addi	x2,x15,2030	 x15:0x800003e4  x2=0x80000bd2
       12045000	      1203	80000d64	3bb73637	lui	x12,0x3bb73	 x12=0x3bb73000
       12055000	      1204	80000d68	008b4c63	blt	x22,x8,80000d80	 x22:0x80000f3e  x8:0x00000000
       12065000	      1205	00000000	00000013	addi	x0,x0,0	  x0:0x00000000
       12075000	      1206	80000d7c	00000013	addi	x0,x0,0	  x0:0x00000000
       12085000	      1207	80000d80	6374ed93	ori	x27,x9,1591	  x9:0xca800000 x27=0xca800637
       12095000	      1208	80000d84	0022da33	srl	x20,x5,x2	  x5:0x80000ca4  x2:0x80000bd2 x20=0x00002000
       12105000	      1209	80000d88	9035f797	auipc	x15,0x9035f	 x15=0x1035fd84
       12115000	      1210	80000d8c	01efdb13	srli	x22,x31,0x1e	 x31:0x80000c68 x22=0x00000002
       12125000	      1211	80000d90	00aa9db3	sll	x27,x21,x10	 x21:0x80009fc4 x10:0x80000a34 x27=0xfc400000
       12135000	      1212	80000d94	002d4033	xor	x0,x26,x2	 x26:0x80000c6c  x2:0x80000bd2
       12145000	      1213	80000d98	02217a63	bgeu	x2,x2,80000dcc	  x2:0x80000bd2  x2:0x80000bd2
       12155000	      1214	00000000	00000013	addi	x0,x0,0	  x0:0x00000000
       12165000	      1215	80000dc8	00000013	addi	x0,x0,0	  x0:0x00000000
       12175000	      1216	80000dcc	00000013	addi	x0,x0,0	  x0:0x00000000
       12185000	      1217	80000dd0	56350d13	addi	x26,x10,1379	 x10:0x80000a34 x26=0x80000f97
       12195000	      1218	80000dd4	405dd713	srai	x14,x27,0x5	 x27:0xfc400000 x14=0xffe20000
       12205000	      1219	80000dd8	33b86837	lui	x16,0x33b86	 x16=0x33b86000
       12215000	      1220	80000ddc	00a19e63	bne	x3,x10,80000df8	  x3:0x00000000 x10:0x80000a34
       12225000	      1221	00000000	00000013	addi	x0,x0,0	  x0:0x00000000
       12235000	      1222	80000df4	00000013	addi	x0,x0,0	  x0:0x00000000
       12245000	      1223	80000df8	06d48293	addi	x5,x9,109	  x9:0xca800000  x5=0xca80006d
       12255000	      1224	80000dfc	c52c7b97	auipc	x23,0xc52c7	 x23=0x452c7df8
       12265000	      1225	80000e00	008a1663	bne	x20,x8,80000e0c	 x20:0x00002000  x8:0x00000000
       12275000	      1226	00000000	00000013	addi	x0,x0,0	  x0:0x00000000
       12285000	      1227	80000e08	00000013	addi	x0,x0,0	  x0:0x00000000
       12295000	      1228	80000e0c	96b86a13	ori	x20,x16,-1685	 x16:0x33b86000 x20=0xfffff96b
       12305000	      1229	80000e10	0009dc93	srli	x25,x19,0x0	 x19:0x80000fec x25=0x80000fec
       12315000	      1230	80000e14	017a5833	srl	x16,x20,x23	 x20:0xfffff96b x23:0x452c7df8 x16=0x000000ff
       12325000	      1231	80000e18	01faed33	or	x26,x21,x31	 x21:0x80009fc4 x31:0x80000c68 x26=0x80009fec
       12335000	      1232	80000e1c	01d665b3	or	x11,x12,x29	 x12:0x3bb73000 x29:0x80009f84 x11=0xbbb7bf84
       12345000	      1233	80000e20	a993fa37	lui	x20,0xa993f	 x20=0xa993f000
       12355000	      1234	80000e24	0d54f663	bgeu	x9,x21,80000ef0	  x9:0xca800000 x21:0x80009fc4
       12365000	      1235	00000000	00000013	addi	x0,x0,0	  x0:0x00000000
       12375000	      1236	80000eec	00000013	addi	x0,x0,0	  x0:0x00000000
       12385000	      1237	80000ef0	00000013	addi	x0,x0,0	  x0:0x00000000
       12395000	      1238	80000ef4	0078fb33	and	x22,x17,x7	 x17:0x2a362000  x7:0x00000000 x22=0x00000000
       12405000	      1239	80000ef8	00570fb3	add	x31,x14,x5	 x14:0xffe20000  x5:0xca80006d x31=0xca62006d
       12415000	      1240	80000efc	044b0263	beq	x22,x4,80000f40	 x22:0x00000000  x4:0x80000c90
       12425000	      1241	80000f00	00c42f33	slt	x30,x8,x12	  x8:0x00000000 x12:0x3bb73000 x30=0x00000001
       12435000	      1242	80000f04	2ad2b513	sltiu	x10,x5,685	  x5:0xca80006d x10=0x00000000
       12445000	      1243	80000f08	019aa233	slt	x4,x21,x25	 x21:0x80009fc4 x25:0x80000fec  x4=0x00000000
       12455000	      1244	80000f0c	b3bebc93	sltiu	x25,x29,-1221	 x29:0x80009f84 x25=0x00000001
       12465000	      1245	80000f10	e4fce793	ori	x15,x25,-433	 x25:0x00000001 x15=0xfffffe4f
       12475000	      1246	80000f14	85bc7993	andi	x19,x24,-1957	 x24:0x80000ca8 x19=0x80000808
       12485000	      1247	80000f18	04237663	bgeu	x6,x2,80000f64	  x6:0x0000001c  x2:0x80000bd2
       12495000	      1248	80000f1c	41ecddb3	sra	x27,x25,x30	 x25:0x00000001 x30:0x00000001 x27=0x00000000
       12505000	      1249	80000f20	416ddb13	srai	x22,x27,0x16	 x27:0x00000000 x22=0x00000000
       12515000	      1250	80000f24	408d5533	sra	x10,x26,x8	 x26:0x80009fec  x8:0x00000000 x10=0x80009fec
       12525000	      1251	80000f28	0144d333	srl	x6,x9,x20	  x9:0xca800000 x20:0xa993f000  x6=0xca800000
       12535000	      1252	80000f2c	c3c92193	slti	x3,x18,-964	 x18:0x000004a4  x3=0x00000000
       12545000	      1253	80000f30	525aa537	lui	x10,0x525aa	 x10=0x525aa000
       12555000	      1254	80000f34	0f86ffb7	lui	x31,0xf86f	 x31=0x0f86f000
       12565000	      1255	80000f38	e188b013	sltiu	x0,x17,-488	 x17:0x2a362000
       12575000	      1256	80000f3c	638c8a13	addi	x20,x25,1592	 x25:0x00000001 x20=0x00000639
       12585000	      1257	80000f40	00000013	addi	x0,x0,0	  x0:0x00000000
       12595000	      1258	80000f44	32dfc793	xori	x15,x31,813	 x31:0x0f86f000 x15=0x0f86f32d
       12605000	      1259	80000f48	011eec63	bltu	x29,x17,80000f60	 x29:0x80009f84 x17:0x2a362000
       12615000	      1260	80000f4c	00000013	addi	x0,x0,0	  x0:0x00000000
       12625000	      1261	80000f50	402f0db3	sub	x27,x30,x2	 x30:0x00000001  x2:0x80000bd2 x27=0x7ffff42f
       12635000	      1262	80000f54	015863b3	or	x7,x16,x21	 x16:0x000000ff x21:0x80009fc4  x7=0x80009fff
       12645000	      1263	80000f58	119c1cb7	lui	x25,0x119c1	 x25=0x119c1000
       12655000	      1264	80000f5c	00ee93b3	sll	x7,x29,x14	 x29:0x80009f84 x14:0xffe20000  x7=0x80009f84
       12665000	      1265	80000f60	81e60e13	addi	x28,x12,-2018	 x12:0x3bb73000 x28=0x3bb7281e
       12675000	      1266	80000f64	00000013	addi	x0,x0,0	  x0:0x00000000
       12685000	      1267	80000f68	0005f733	and	x14,x11,x0	 x11:0xbbb7bf84  x0:0x00000000 x14=0x00000000
       12695000	      1268	80000f6c	0150d233	srl	x4,x1,x21	  x1:0x00000003 x21:0x80009fc4  x4=0x00000000
       12705000	      1269	80000f70	00c4d993	srli	x19,x9,0xc	  x9:0xca800000 x19=0x000ca800
       12715000	      1270	80000f74	f8a3a693	slti	x13,x7,-118	  x7:0x80009f84 x13=0x00000001
       12725000	      1271	80000f78	a3b57297	auipc	x5,0xa3b57	  x5=0x23b57f74
       12735000	      1272	80000f7c	00000013	addi	x0,x0,0	  x0:0x00000000
       12745000	      1273	80000f80	00000013	addi	x0,x0,0	  x0:0x00000000
       12755000	      1274	80000f84	018ed893	srli	x17,x29,0x18	 x29:0x80009f84 x17=0x00000080
       12765000	      1275	80000f88	00351e63	bne	x10,x3,80000fa4	 x10:0x525aa000  x3:0x00000000
       12775000	      1276	00000000	00000013	addi	x0,x0,0	  x0:0x00000000
       12785000	      1277	80000fa0	00000013	addi	x0,x0,0	  x0:0x00000000
       12795000	      1278	80000fa4	e81894b7	lui	x9,0xe8189	  x9=0xe8189000
       12805000	      1279	80000fa8	417ed533	sra	x10,x29,x23	 x29:0x80009f84 x23:0x452c7df8 x10=0xffffff80
       12815000	      1280	80000fac	000479b3	and	x19,x8,x0	  x8:0x00000000  x0:0x00000000 x19=0x00000000
       12825000	      1281	80000fb0	00000013	addi	x0,x0,0	  x0:0x00000000
       12835000	      1282	80000fb4	00a4f933	and	x18,x9,x10	  x9:0xe8189000 x10:0xffffff80 x18=0xe8189000
       12845000	      1283	80000fb8	4145d493	srai	x9,x11,0x14	 x11:0xbbb7bf84  x9=0xfffffbbb
       12855000	      1284	80000fbc	00000013	addi	x0,x0,0	  x0:0x00000000
       12865000	      1285	80000fc0	00ea4c63	blt	x20,x14,80000fd8	 x20:0x00000639 x14:0x00000000
       12875000	      1286	80000fc4	0169b9b3	sltu	x19,x19,x22	 x19:0x00000000 x22:0x00000000 x19=0x00000000
       12885000	      1287	80000fc8	413d01b3	sub	x3,x26,x19	 x26:0x80009fec x19:0x00000000  x3=0x80009fec
       12895000	      1288	80000fcc	009d5833	srl	x16,x26,x9	 x26:0x80009fec  x9:0xfffffbbb x16=0x00000010
       12905000	      1289	80000fd0	058a5263	bge	x20,x24,80001014	 x20:0x00000639 x24:0x80000ca8
       12915000	      1290	00000000	00000013	addi	x0,x0,0	  x0:0x00000000
       12925000	      1291	80001010	00000013	addi	x0,x0,0	  x0:0x00000000
       12935000	      1292	80001014	01f09b13	slli	x22,x1,0x1f	  x1:0x00000003 x22=0x80000000
       12945000	      1293	80001018	010397b3	sll	x15,x7,x16	  x7:0x80009f84 x16:0x00000010 x15=0x9f840000
       12955000	      1294	8000101c	056f4663	blt	x30,x22,80001068	 x30:0x00000001 x22:0x80000000
       12965000	      1295	80001020	01354bb3	xor	x23,x10,x19	 x10:0xffffff80 x19:0x00000000 x23=0xffffff80
       12975000	      1296	80001024	01e33d33	sltu	x26,x6,x30	  x6:0xca800000 x30:0x00000001 x26=0x00000000
       12985000	      1297	80001028	2e058113	addi	x2,x11,736	 x11:0xbbb7bf84  x2=0xbbb7c264
       12995000	      1298	8000102c	6cb4a113	slti	x2,x9,1739	  x9:0xfffffbbb  x2=0x00000001
       13005000	      1299	80001030	01c9fbb3	and	x23,x19,x28	 x19:0x00000000 x28:0x3bb7281e x23=0x00000000
       13015000	      1300	80001034	008c8663	beq	x25,x8,80001040	 x25:0x119c1000  x8:0x00000000
       13025000	      1301	80001038	40f3d013	srai	x0,x7,0xf	  x7:0x80009f84
       13035000	      1302	8000103c	03b26663	bltu	x4,x27,80001068	  x4:0x00000000 x27:0x7ffff42f
       13045000	      1303	00000000	00000013	addi	x0,x0,0	  x0:0x00000000
       13055000	      1304	80001064	00000013	addi	x0,x0,0	  x0:0x00000000
       13065000	      1305	80001068	56948993	addi	x19,x9,1385	  x9:0xfffffbbb x19=0x00000124
       13075000	      1306	8000106c	01d9fd33	and	x26,x19,x29	 x19:0x00000124 x29:0x80009f84 x26=0x00000104
       13085000	      1307	80001070	011ed733	srl	x14,x29,x17	 x29:0x80009f84 x17:0x00000080 x14=0x80009f84
       13095000	      1308	80001074	4006d5b3	sra	x11,x13,x0	 x13:0x00000001  x0:0x00000000 x11=0x00000001
       13105000	      1309	80001078	40790733	sub	x14,x18,x7	 x18:0xe8189000  x7:0x80009f84 x14=0x6817f07c
       13115000	      1310	8000107c	00000013	addi	x0,x0,0	  x0:0x00000000
       13125000	      1311	80001080	003d0233	add	x4,x26,x3	 x26:0x00000104  x3:0x80009fec  x4=0x8000a0f0
       13135000	      1312	80001084	03648e63	beq	x9,x22,800010c0	  x9:0xfffffbbb x22:0x80000000
       13145000	      1313	80001088	59a4c813	xori	x16,x9,1434	  x9:0xfffffbbb x16=0xfffffe21
       13155000	      1314	8000108c	004f2b33	slt	x22,x30,x4	 x30:0x00000001  x4:0x8000a0f0 x22=0x00000000
       13165000	      1315	80001090	008ff433	and	x8,x31,x8	 x31:0x0f86f000  x8:0x00000000  x8=0x00000000
       13175000	      1316	80001094	04627063	bgeu	x4,x6,800010d4	  x4:0x8000a0f0  x6:0xca800000
       13185000	      1317	80001098	011051b3	srl	x3,x0,x17	  x0:0x00000000 x17:0x00000080  x3=0x00000000
       13195000	      1318	8000109c	00b0dd13	srli	x26,x1,0xb	  x1:0x00000003 x26=0x00000000
       13205000	      1319	800010a0	4e3f4493	xori	x9,x30,1251	 x30:0x00000001  x9=0x000004e2
       13215000	      1320	800010a4	01c7a4b3	slt	x9,x15,x28	 x15:0x9f840000 x28:0x3bb7281e  x9=0x00000001
       13225000	      1321	800010a8	40055c13	srai	x24,x10,0x0	 x10:0xffffff80 x24=0xffffff80
       13235000	      1322	800010ac	c11514b7	lui	x9,0xc1151	  x9=0xc1151000
       13245000	      1323	800010b0	03f9cc63	blt	x19,x31,800010e8	 x19:0x00000124 x31:0x0f86f000
       13255000	      1324	00000000	00000013	addi	x0,x0,0	  x0:0x00000000
       13265000	      1325	800010e4	00000013	addi	x0,x0,0	  x0:0x00000000
       13275000	      1326	800010e8	417f5693	srai	x13,x30,0x17	 x30:0x00000001 x13=0x00000000
       13285000	      1327	800010ec	9cfcc913	xori	x18,x25,-1585	 x25:0x119c1000 x18=0xee63e9cf
       13295000	      1328	800010f0	2abcea13	ori	x20,x25,683	 x25:0x119c1000 x20=0x119c12ab
       13305000	      1329	800010f4	4d0f2613	slti	x12,x30,1232	 x30:0x00000001 x12=0x00000001
       13315000	      1330	800010f8	01d505b3	add	x11,x10,x29	 x10:0xffffff80 x29:0x80009f84 x11=0x80009f04
       13325000	      1331	800010fc	e7cb3113	sltiu	x2,x22,-388	 x22:0x00000000  x2=0x00000001
       13335000	      1332	80001100	01407c63	bgeu	x0,x20,80001118	  x0:0x00000000 x20:0x119c12ab
       13345000	      1333	80001104	015bd733	srl	x14,x23,x21	 x23:0x00000000 x21:0x80009fc4 x14=0x00000000
       13355000	      1334	80001108	89d3d4b7	lui	x9,0x89d3d	  x9=0x89d3d000
       13365000	      1335	8000110c	0290cc63	blt	x1,x9,80001144	  x1:0x00000003  x9:0x89d3d000
       13375000	      1336	80001110	03f30e63	beq	x6,x31,8000114c	  x6:0xca800000 x31:0x0f86f000
       13385000	      1337	80001114	f79f4d37	lui	x26,0xf79f4	 x26=0xf79f4000
       13395000	      1338	80001118	0039dcb3	srl	x25,x19,x3	 x19:0x00000124  x3:0x00000000 x25=0x00000124
       13405000	      1339	8000111c	0109adb3	slt	x27,x19,x16	 x19:0x00000124 x16:0xfffffe21 x27=0x00000000
       13415000	      1340	80001120	41ba8833	sub	x16,x21,x27	 x21:0x80009fc4 x27:0x00000000 x16=0x80009fc4
       13425000	      1341	80001124	cd4eb593	sltiu	x11,x29,-812	 x29:0x80009f84 x11=0x00000001
       13435000	      1342	80001128	c40a78b7	lui	x17,0xc40a7	 x17=0xc40a7000
       13445000	      1343	8000112c	0022a2b3	slt	x5,x5,x2	  x5:0x23b57f74  x2:0x00000001  x5=0x00000000
       13455000	      1344	80001130	41725233	sra	x4,x4,x23	  x4:0x8000a0f0 x23:0x00000000  x4=0x8000a0f0
       13465000	      1345	80001134	049c0063	beq	x24,x9,80001174	 x24:0xffffff80  x9:0x89d3d000
       13475000	      1346	80001138	006f7fb3	and	x31,x30,x6	 x30:0x00000001  x6:0xca800000 x31=0x00000000
       13485000	      1347	8000113c	f10e6a13	ori	x20,x28,-240	 x28:0x3bb7281e x20=0xffffff1e
       13495000	      1348	80001140	0102bdb3	sltu	x27,x5,x16	  x5:0x00000000 x16:0x80009fc4 x27=0x00000001
       13505000	      1349	80001144	409cdf33	sra	x30,x25,x9	 x25:0x00000124  x9:0x89d3d000 x30=0x00000124
       13515000	      1350	80001148	d86cf893	andi	x17,x25,-634	 x25:0x00000124 x17=0x00000104
       13525000	      1351	8000114c	d8a2f2b7	lui	x5,0xd8a2f	  x5=0xd8a2f000
       13535000	      1352	80001150	00000013	addi	x0,x0,0	  x0:0x00000000
       13545000	      1353	80001154	00399f93	slli	x31,x19,0x3	 x19:0x00000124 x31=0x00000920
       13555000	      1354	80001158	0155c5b3	xor	x11,x11,x21	 x11:0x00000001 x21:0x80009fc4 x11=0x80009fc5
       13565000	      1355	8000115c	00d95413	srli	x8,x18,0xd	 x18:0xee63e9cf  x8=0x0007731f
       13575000	      1356	80001160	40310e33	sub	x28,x2,x3	  x2:0x00000001  x3:0x00000000 x28=0x00000001
       13585000	      1357	80001164	00fbc033	xor	x0,x23,x15	 x23:0x00000000 x15:0x9f840000
       13595000	      1358	80001168	9785a293	slti	x5,x11,-1672	 x11:0x80009fc5  x5=0x00000001
       13605000	      1359	8000116c	920d5197	auipc	x3,0x920d5	  x3=0x120d6168
       13615000	      1360	80001170	d15a8913	addi	x18,x21,-747	 x21:0x80009fc4 x18=0x80009cd9
       13625000	      1361	80001174	02d5d863	bge	x11,x13,800011a4	 x11:0x80009fc5 x13:0x00000000
       13635000	      1362	80001178	00000013	addi	x0,x0,0	  x0:0x00000000
       13645000	      1363	8000117c	02f88663	beq	x17,x15,800011a8	 x17:0x00000104 x15:0x9f840000
       13655000	      1364	80001180	03955a63	bge	x10,x25,800011b4	 x10:0xffffff80 x25:0x00000124
       13665000	      1365	80001184	04589663	bne	x17,x5,800011d0	 x17:0x00000104  x5:0x00000001
       13675000	      1366	00000000	00000013	addi	x0,x0,0	  x0:0x00000000
       13685000	      1367	800011cc	00000013	addi	x0,x0,0	  x0:0x00000000
       13695000	      1368	800011d0	028d0063	beq	x26,x8,800011f0	 x26:0xf79f4000  x8:0x0007731f
       13705000	      1369	800011d4	4022dc93	srai	x25,x5,0x2	  x5:0x00000001 x25=0x00000000
       13715000	      1370	800011d8	014d9913	slli	x18,x27,0x14	 x27:0x00000001 x18=0x00100000
       13725000	      1371	800011dc	ca0b15b7	lui	x11,0xca0b1	 x11=0xca0b1000
       13735000	      1372	800011e0	599e3513	sltiu	x10,x28,1433	 x28:0x00000001 x10=0x00000001
       13745000	      1373	800011e4	4131d213	srai	x4,x3,0x13	  x3:0x120d6168  x4=0x00000241
       13755000	      1374	800011e8	41e88733	sub	x14,x17,x30	 x17:0x00000104 x30:0x00000124 x14=0xffffffe0
       13765000	      1375	800011ec	c3544b93	xori	x23,x8,-971	  x8:0x0007731f x23=0xfff88f2a
       13775000	      1376	800011f0	416957b3	sra	x15,x18,x22	 x18:0x00100000 x22:0x00000000 x15=0x00100000
       13785000	      1377	800011f4	04d30463	beq	x6,x13,8000123c	  x6:0xca800000 x13:0x00000000
       13795000	      1378	800011f8	0142c933	xor	x18,x5,x20	  x5:0x00000001 x20:0xffffff1e x18=0xffffff1f
       13805000	      1379	800011fc	96a97313	andi	x6,x18,-1686	 x18:0xffffff1f  x6=0xfffff90a
       13815000	      1380	80001200	00ec4e63	blt	x24,x14,8000121c	 x24:0xffffff80 x14:0xffffffe0
       13825000	      1381	00000000	00000013	addi	x0,x0,0	  x0:0x00000000
       13835000	      1382	80001218	00000013	addi	x0,x0,0	  x0:0x00000000
       13845000	      1383	8000121c	404b5413	srai	x8,x22,0x4	 x22:0x00000000  x8=0x00000000
       13855000	      1384	80001220	c7402a13	slti	x20,x0,-908	  x0:0x00000000 x20=0x00000000
       13865000	      1385	80001224	1d137d13	andi	x26,x6,465	  x6:0xfffff90a x26=0x00000100
       13875000	      1386	80001228	05bec463	blt	x29,x27,80001270	 x29:0x80009f84 x27:0x00000001
       13885000	      1387	00000000	00000013	addi	x0,x0,0	  x0:0x00000000
       13895000	      1388	8000126c	00000013	addi	x0,x0,0	  x0:0x00000000
       13905000	      1389	80001270	24f9f293	andi	x5,x19,591	 x19:0x00000124  x5=0x00000004
       13915000	      1390	80001274	014a5e63	bge	x20,x20,80001290	 x20:0x00000000 x20:0x00000000
       13925000	      1391	00000000	00000013	addi	x0,x0,0	  x0:0x00000000
       13935000	      1392	8000128c	00000013	addi	x0,x0,0	  x0:0x00000000
       13945000	      1393	80001290	b9086c93	ori	x25,x16,-1136	 x16:0x80009fc4 x25=0xffffffd4
       13955000	      1394	80001294	0523e263	bltu	x7,x18,800012d8	  x7:0x80009f84 x18:0xffffff1f
       13965000	      1395	00000000	00000013	addi	x0,x0,0	  x0:0x00000000
       13975000	      1396	800012d4	00000013	addi	x0,x0,0	  x0:0x00000000
       13985000	      1397	800012d8	05067663	bgeu	x12,x16,80001324	 x12:0x00000001 x16:0x80009fc4
       13995000	      1398	800012dc	419fd2b3	sra	x5,x31,x25	 x31:0x00000920 x25:0xffffffd4  x5=0x00000000
       14005000	      1399	800012e0	2e156193	ori	x3,x10,737	 x10:0x00000001  x3=0x000002e1
       14015000	      1400	800012e4	01f39533	sll	x10,x7,x31	  x7:0x80009f84 x31:0x00000920 x10=0x80009f84
       14025000	      1401	800012e8	03e80c63	beq	x16,x30,80001320	 x16:0x80009fc4 x30:0x00000124
       14035000	      1402	800012ec	40f408b3	sub	x17,x8,x15	  x8:0x00000000 x15:0x00100000 x17=0xfff00000
       14045000	      1403	800012f0	17942513	slti	x10,x8,377	  x8:0x00000000 x10=0x00000001
       14055000	      1404	800012f4	0106dbb3	srl	x23,x13,x16	 x13:0x00000000 x16:0x80009fc4 x23=0x00000000
       14065000	      1405	800012f8	4027d433	sra	x8,x15,x2	 x15:0x00100000  x2:0x00000001  x8=0x00080000
       14075000	      1406	800012fc	00919f13	slli	x30,x3,0x9	  x3:0x000002e1 x30=0x0005c200
       14085000	      1407	80001300	03a18663	beq	x3,x26,8000132c	  x3:0x000002e1 x26:0x00000100
       14095000	      1408	80001304	de98b013	sltiu	x0,x17,-535	 x17:0xfff00000
       14105000	      1409	80001308	2e64d5b7	lui	x11,0x2e64d	 x11=0x2e64d000
       14115000	      1410	8000130c	40758cb3	sub	x25,x11,x7	 x11:0x2e64d000  x7:0x80009f84 x25=0xae64307c
       14125000	      1411	80001310	a9538417	auipc	x8,0xa9538	  x8=0x2953930c
       14135000	      1412	80001314	400ed333	sra	x6,x29,x0	 x29:0x80009f84  x0:0x00000000  x6=0x80009f84
       14145000	      1413	80001318	00000013	addi	x0,x0,0	  x0:0x00000000
       14155000	      1414	8000131c	00000013	addi	x0,x0,0	  x0:0x00000000
       14165000	      1415	80001320	00a78663	beq	x15,x10,8000132c	 x15:0x00100000 x10:0x00000001
       14175000	      1416	80001324	0198d733	srl	x14,x17,x25	 x17:0xfff00000 x25:0xae64307c x14=0x0000000f
       14185000	      1417	80001328	006d1813	slli	x16,x26,0x6	 x26:0x00000100 x16=0x00004000
       14195000	      1418	8000132c	00bbda33	srl	x20,x23,x11	 x23:0x00000000 x11:0x2e64d000 x20=0x00000000
       14205000	      1419	80001330	00000097	auipc	x1,0x0	  x1=0x8000132c
       14215000	      1420	80001334	00c08093	addi	x1,x1,12	  x1:0x8000132c  x1=0x80001338
       14225000	      1421	80001338	00008067	jalr	x0,x1,0	  x1:0x80001338
       14235000	      1422	00000000	00000013	addi	x0,x0,0	  x0:0x00000000
       14245000	      1423	80001338	00000013	addi	x0,x0,0	  x0:0x00000000
       14255000	      1424	8000133c	00100193	addi	x3,x0,1	  x0:0x00000000  x3=0x00000001
       14265000	      1425	80001340	00000073	ecall	
       14275000	      1426	80001344	fd0e8e93	addi	x29,x29,-48	 x29:0x80009f84 x29=0x80009f54
