		Time			Cycle	PC		Insn	Decoded instruction	Register and memory contents
          65000	         5	80000004	00000293	addi	x5,x0,0	  x0:0x00000000  x5=0x00000000
          75000	         6	80000008	00000313	addi	x6,x0,0	  x0:0x00000000  x6=0x00000000
          85000	         7	8000000c	00628263	beq	x5,x6,80000010	  x5:0x00000000  x6:0x00000000
          95000	         8	00000000	00000013	addi	x0,x0,0	  x0:0x00000000
         105000	         9	8000000c	00000013	addi	x0,x0,0	  x0:0x00000000
         115000	        10	80000010	00000e97	auipc	x29,0x0	 x29=0x8000000c
         125000	        11	80000014	00ce8e93	addi	x29,x29,12	 x29:0x8000000c x29=0x80000018
         135000	        12	80000018	000e8067	jalr	x0,x29,0	 x29:0x80000018
         145000	        13	00000000	00000013	addi	x0,x0,0	  x0:0x00000000
         155000	        14	80000018	00000013	addi	x0,x0,0	  x0:0x00000000
         165000	        15	8000001c	40000bb7	lui	x23,0x40000	 x23=0x40000000
         175000	        16	80000020	100b8b93	addi	x23,x23,256	 x23:0x40000000 x23=0x40000100
         185000	        17	80000024	00000013	addi	x0,x0,0	  x0:0x00000000
         195000	        18	80000028	0000ad17	auipc	x26,0xa	 x26=0x8000a024
         205000	        19	8000002c	fa0d0d13	addi	x26,x26,-96	 x26:0x8000a024 x26=0x80009fc4
         215000	        20	80000030	00004b97	auipc	x23,0x4	 x23=0x8000402c
         225000	        21	80000034	678b8b93	addi	x23,x23,1656	 x23:0x8000402c x23=0x800046a4
         235000	        22	80000038	000beb93	ori	x23,x23,0	 x23:0x800046a4 x23=0x800046a4
         245000	        23	8000003c	00000013	addi	x0,x0,0	  x0:0x00000000
         255000	        24	80000040	00000b97	auipc	x23,0x0	 x23=0x8000003c
         265000	        25	80000044	020b8b93	addi	x23,x23,32	 x23:0x8000003c x23=0x8000005c
         275000	        26	80000048	00000013	addi	x0,x0,0	  x0:0x00000000
         285000	        27	8000004c	00000013	addi	x0,x0,0	  x0:0x00000000
         295000	        28	80000050	00002bb7	lui	x23,0x2	 x23=0x00002000
         305000	        29	80000054	800b8b93	addi	x23,x23,-2048	 x23:0x00002000 x23=0x00001800
         315000	        30	80000058	00000013	addi	x0,x0,0	  x0:0x00000000
         325000	        31	8000005c	00000013	addi	x0,x0,0	  x0:0x00000000
         335000	        32	80000060	00000013	addi	x0,x0,0	  x0:0x00000000
         345000	        33	80000064	877230b7	lui	x1,0x87723	  x1=0x87723000
         355000	        34	80000068	f3308093	addi	x1,x1,-205	  x1:0x87723000  x1=0x87722f33
         365000	        35	8000006c	00800113	addi	x2,x0,8	  x0:0x00000000  x2=0x00000008
         375000	        36	80000070	cca881b7	lui	x3,0xcca88	  x3=0xcca88000
         385000	        37	80000074	82518193	addi	x3,x3,-2011	  x3:0xcca88000  x3=0xcca87825
         395000	        38	80000078	00000213	addi	x4,x0,0	  x0:0x00000000  x4=0x00000000
         405000	        39	8000007c	f44052b7	lui	x5,0xf4405	  x5=0xf4405000
         415000	        40	80000080	72f28293	addi	x5,x5,1839	  x5:0xf4405000  x5=0xf440572f
         425000	        41	80000084	a31cc337	lui	x6,0xa31cc	  x6=0xa31cc000
         435000	        42	80000088	30530313	addi	x6,x6,773	  x6:0xa31cc000  x6=0xa31cc305
         445000	        43	8000008c	800003b7	lui	x7,0x80000	  x7=0x80000000
         455000	        44	80000090	00000413	addi	x8,x0,0	  x0:0x00000000  x8=0x00000000
         465000	        45	80000094	00600493	addi	x9,x0,6	  x0:0x00000000  x9=0x00000006
         475000	        46	80000098	00000513	addi	x10,x0,0	  x0:0x00000000 x10=0x00000000
         485000	        47	8000009c	00f00593	addi	x11,x0,15	  x0:0x00000000 x11=0x0000000f
         495000	        48	800000a0	f5e97637	lui	x12,0xf5e97	 x12=0xf5e97000
         505000	        49	800000a4	2ae60613	addi	x12,x12,686	 x12:0xf5e97000 x12=0xf5e972ae
         515000	        50	800000a8	f849e6b7	lui	x13,0xf849e	 x13=0xf849e000
         525000	        51	800000ac	43968693	addi	x13,x13,1081	 x13:0xf849e000 x13=0xf849e439
         535000	        52	800000b0	00400713	addi	x14,x0,4	  x0:0x00000000 x14=0x00000004
         545000	        53	800000b4	00e00793	addi	x15,x0,14	  x0:0x00000000 x15=0x0000000e
         555000	        54	800000b8	f995f837	lui	x16,0xf995f	 x16=0xf995f000
         565000	        55	800000bc	20980813	addi	x16,x16,521	 x16:0xf995f000 x16=0xf995f209
         575000	        56	800000c0	fb8bc8b7	lui	x17,0xfb8bc	 x17=0xfb8bc000
         585000	        57	800000c4	74d88893	addi	x17,x17,1869	 x17:0xfb8bc000 x17=0xfb8bc74d
         595000	        58	800000c8	00200913	addi	x18,x0,2	  x0:0x00000000 x18=0x00000002
         605000	        59	800000cc	00500993	addi	x19,x0,5	  x0:0x00000000 x19=0x00000005
         615000	        60	800000d0	00000a13	addi	x20,x0,0	  x0:0x00000000 x20=0x00000000
         625000	        61	800000d4	f9aeeab7	lui	x21,0xf9aee	 x21=0xf9aee000
         635000	        62	800000d8	18fa8a93	addi	x21,x21,399	 x21:0xf9aee000 x21=0xf9aee18f
         645000	        63	800000dc	00000b13	addi	x22,x0,0	  x0:0x00000000 x22=0x00000000
         655000	        64	800000e0	00200b93	addi	x23,x0,2	  x0:0x00000000 x23=0x00000002
         665000	        65	800000e4	f0b4bc37	lui	x24,0xf0b4b	 x24=0xf0b4b000
         675000	        66	800000e8	863c0c13	addi	x24,x24,-1949	 x24:0xf0b4b000 x24=0xf0b4a863
         685000	        67	800000ec	4f42acb7	lui	x25,0x4f42a	 x25=0x4f42a000
         695000	        68	800000f0	0a4c8c93	addi	x25,x25,164	 x25:0x4f42a000 x25=0x4f42a0a4
         705000	        69	800000f4	80000db7	lui	x27,0x80000	 x27=0x80000000
         715000	        70	800000f8	906e8eb7	lui	x29,0x906e8	 x29=0x906e8000
         725000	        71	800000fc	6e6e8e93	addi	x29,x29,1766	 x29:0x906e8000 x29=0x906e86e6
         735000	        72	80000100	80000f37	lui	x30,0x80000	 x30=0x80000000
         745000	        73	80000104	f8b08fb7	lui	x31,0xf8b08	 x31=0xf8b08000
         755000	        74	80000108	33cf8f93	addi	x31,x31,828	 x31:0xf8b08000 x31=0xf8b0833c
         765000	        75	8000010c	0000ae17	auipc	x28,0xa	 x28=0x8000a108
         775000	        76	80000110	e7ce0e13	addi	x28,x28,-388	 x28:0x8000a108 x28=0x80009f84
         785000	        77	80000114	020000ef	jal	x1,80000114	  x1=0x80000114
         795000	        78	00000000	00000013	addi	x0,x0,0	  x0:0x00000000
         805000	        79	80000130	00000013	addi	x0,x0,0	  x0:0x00000000
         815000	        80	80000134	fe9ff36f	jal	x6,80000134	  x6=0x80000134
         825000	        81	00000000	00000013	addi	x0,x0,0	  x0:0x00000000
         835000	        82	80000118	00000013	addi	x0,x0,0	  x0:0x00000000
         845000	        83	8000011c	014000ef	jal	x1,8000011c	  x1=0x8000011c
         855000	        84	00000000	00000013	addi	x0,x0,0	  x0:0x00000000
         865000	        85	8000012c	00000013	addi	x0,x0,0	  x0:0x00000000
         875000	        86	80000130	00c0026f	jal	x4,80000130	  x4=0x80000130
         885000	        87	00000000	00000013	addi	x0,x0,0	  x0:0x00000000
         895000	        88	80000138	00000013	addi	x0,x0,0	  x0:0x00000000
         905000	        89	8000013c	ffdff16f	jal	x2,8000013c	  x2=0x8000013c
         915000	        90	00000000	00000013	addi	x0,x0,0	  x0:0x00000000
         925000	        91	80000134	00000013	addi	x0,x0,0	  x0:0x00000000
         935000	        92	80000138	fe1ff0ef	jal	x1,80000138	  x1=0x80000138
         945000	        93	00000000	00000013	addi	x0,x0,0	  x0:0x00000000
         955000	        94	80000114	00000013	addi	x0,x0,0	  x0:0x00000000
         965000	        95	80000118	010000ef	jal	x1,80000118	  x1=0x80000118
         975000	        96	00000000	00000013	addi	x0,x0,0	  x0:0x00000000
         985000	        97	80000124	00000013	addi	x0,x0,0	  x0:0x00000000
         995000	        98	80000128	ffdff36f	jal	x6,80000128	  x6=0x80000128
        1005000	        99	00000000	00000013	addi	x0,x0,0	  x0:0x00000000
        1015000	       100	80000120	00000013	addi	x0,x0,0	  x0:0x00000000
        1025000	       101	80000124	008000ef	jal	x1,80000124	  x1=0x80000124
        1035000	       102	00000000	00000013	addi	x0,x0,0	  x0:0x00000000
        1045000	       103	80000128	00000013	addi	x0,x0,0	  x0:0x00000000
        1055000	       104	8000012c	ff5ff0ef	jal	x1,8000012c	  x1=0x8000012c
        1065000	       105	00000000	00000013	addi	x0,x0,0	  x0:0x00000000
        1075000	       106	8000011c	00000013	addi	x0,x0,0	  x0:0x00000000
        1085000	       107	80000120	020001ef	jal	x3,80000120	  x3=0x80000120
        1095000	       108	00000000	00000013	addi	x0,x0,0	  x0:0x00000000
        1105000	       109	8000013c	00000013	addi	x0,x0,0	  x0:0x00000000
        1115000	       110	80000140	016276b3	and	x13,x4,x22	  x4:0x80000130 x22:0x00000000 x13=0x00000000
        1125000	       111	80000144	47617193	andi	x3,x2,1142	  x2:0x8000013c  x3=0x00000034
        1135000	       112	80000148	003fd9b3	srl	x19,x31,x3	 x31:0xf8b0833c  x3:0x00000034 x19=0x00000f8b
        1145000	       113	8000014c	07f1e063	bltu	x3,x31,800001ac	  x3:0x00000034 x31:0xf8b0833c
        1155000	       114	00000000	00000013	addi	x0,x0,0	  x0:0x00000000
        1165000	       115	800001a8	00000013	addi	x0,x0,0	  x0:0x00000000
        1175000	       116	800001ac	18b30917	auipc	x18,0x18b30	 x18=0x98b301a8
        1185000	       117	800001b0	00000013	addi	x0,x0,0	  x0:0x00000000
        1195000	       118	800001b4	354dc493	xori	x9,x27,852	 x27:0x80000000  x9=0x80000354
        1205000	       119	800001b8	81360993	addi	x19,x12,-2029	 x12:0xf5e972ae x19=0xf5e96ac1
        1215000	       120	800001bc	00bcdf33	srl	x30,x25,x11	 x25:0x4f42a0a4 x11:0x0000000f x30=0x00009e85
        1225000	       121	800001c0	00000e97	auipc	x29,0x0	 x29=0x800001bc
        1235000	       122	800001c4	00ce8e93	addi	x29,x29,12	 x29:0x800001bc x29=0x800001c8
        1245000	       123	800001c8	000e8067	jalr	x0,x29,0	 x29:0x800001c8
        1255000	       124	00000000	00000013	addi	x0,x0,0	  x0:0x00000000
        1265000	       125	800001c8	00000013	addi	x0,x0,0	  x0:0x00000000
        1275000	       126	800001cc	00100193	addi	x3,x0,1	  x0:0x00000000  x3=0x00000001
        1285000	       127	800001d0	00000073	ecall	
        1295000	       128	800001d4	01315313	srli	x6,x2,0x13	  x2:0x8000013c  x6=0x00001000
