		Time			Cycle	PC		Insn	Decoded instruction	Register and memory contents
          65000	         5	80000004	00000293	addi	x5,x0,0	  x0:0x00000000  x5=0x00000000
          75000	         6	80000008	00000313	addi	x6,x0,0	  x0:0x00000000  x6=0x00000000
          85000	         7	8000000c	00628263	beq	x5,x6,80000010	  x5:0x00000000  x6:0x00000000
          95000	         8	00000000	00000013	addi	x0,x0,0	  x0:0x00000000
         105000	         9	8000000c	00000013	addi	x0,x0,0	  x0:0x00000000
         115000	        10	80000010	00000217	auipc	x4,0x0	  x4=0x8000000c
         125000	        11	80000014	00c20213	addi	x4,x4,12	  x4:0x8000000c  x4=0x80000018
         135000	        12	80000018	00020067	jalr	x0,x4,0	  x4:0x80000018
         145000	        13	00000000	00000013	addi	x0,x0,0	  x0:0x00000000
         155000	        14	80000018	00000013	addi	x0,x0,0	  x0:0x00000000
         165000	        15	8000001c	40000b37	lui	x22,0x40000	 x22=0x40000000
         175000	        16	80000020	100b0b13	addi	x22,x22,256	 x22:0x40000000 x22=0x40000100
         185000	        17	80000024	00000013	addi	x0,x0,0	  x0:0x00000000
         195000	        18	80000028	0000ac17	auipc	x24,0xa	 x24=0x8000a024
         205000	        19	8000002c	fa0c0c13	addi	x24,x24,-96	 x24:0x8000a024 x24=0x80009fc4
         215000	        20	80000030	00004b17	auipc	x22,0x4	 x22=0x8000402c
         225000	        21	80000034	674b0b13	addi	x22,x22,1652	 x22:0x8000402c x22=0x800046a0
         235000	        22	80000038	000b6b13	ori	x22,x22,0	 x22:0x800046a0 x22=0x800046a0
         245000	        23	8000003c	00000013	addi	x0,x0,0	  x0:0x00000000
         255000	        24	80000040	00000b17	auipc	x22,0x0	 x22=0x8000003c
         265000	        25	80000044	020b0b13	addi	x22,x22,32	 x22:0x8000003c x22=0x8000005c
         275000	        26	80000048	00000013	addi	x0,x0,0	  x0:0x00000000
         285000	        27	8000004c	00000013	addi	x0,x0,0	  x0:0x00000000
         295000	        28	80000050	00002b37	lui	x22,0x2	 x22=0x00002000
         305000	        29	80000054	800b0b13	addi	x22,x22,-2048	 x22:0x00002000 x22=0x00001800
         315000	        30	80000058	00000013	addi	x0,x0,0	  x0:0x00000000
         325000	        31	8000005c	00000013	addi	x0,x0,0	  x0:0x00000000
         335000	        32	80000060	00000013	addi	x0,x0,0	  x0:0x00000000
         345000	        33	80000064	00600093	addi	x1,x0,6	  x0:0x00000000  x1=0x00000006
         355000	        34	80000068	6e94a137	lui	x2,0x6e94a	  x2=0x6e94a000
         365000	        35	8000006c	7e510113	addi	x2,x2,2021	  x2:0x6e94a000  x2=0x6e94a7e5
         375000	        36	80000070	800001b7	lui	x3,0x80000	  x3=0x80000000
         385000	        37	80000074	00000213	addi	x4,x0,0	  x0:0x00000000  x4=0x00000000
         395000	        38	80000078	00000293	addi	x5,x0,0	  x0:0x00000000  x5=0x00000000
         405000	        39	8000007c	00700313	addi	x6,x0,7	  x0:0x00000000  x6=0x00000007
         415000	        40	80000080	fab9a3b7	lui	x7,0xfab9a	  x7=0xfab9a000
         425000	        41	80000084	e7b38393	addi	x7,x7,-389	  x7:0xfab9a000  x7=0xfab99e7b
         435000	        42	80000088	00000413	addi	x8,x0,0	  x0:0x00000000  x8=0x00000000
         445000	        43	8000008c	800004b7	lui	x9,0x80000	  x9=0x80000000
         455000	        44	80000090	f4bdc537	lui	x10,0xf4bdc	 x10=0xf4bdc000
         465000	        45	80000094	ac350513	addi	x10,x10,-1341	 x10:0xf4bdc000 x10=0xf4bdbac3
         475000	        46	80000098	800005b7	lui	x11,0x80000	 x11=0x80000000
         485000	        47	8000009c	23802637	lui	x12,0x23802	 x12=0x23802000
         495000	        48	800000a0	c2b60613	addi	x12,x12,-981	 x12:0x23802000 x12=0x23801c2b
         505000	        49	800000a4	00700693	addi	x13,x0,7	  x0:0x00000000 x13=0x00000007
         515000	        50	800000a8	00700713	addi	x14,x0,7	  x0:0x00000000 x14=0x00000007
         525000	        51	800000ac	00000793	addi	x15,x0,0	  x0:0x00000000 x15=0x00000000
         535000	        52	800000b0	f6be7837	lui	x16,0xf6be7	 x16=0xf6be7000
         545000	        53	800000b4	bae80813	addi	x16,x16,-1106	 x16:0xf6be7000 x16=0xf6be6bae
         555000	        54	800000b8	800008b7	lui	x17,0x80000	 x17=0x80000000
         565000	        55	800000bc	00400913	addi	x18,x0,4	  x0:0x00000000 x18=0x00000004
         575000	        56	800000c0	899c99b7	lui	x19,0x899c9	 x19=0x899c9000
         585000	        57	800000c4	43298993	addi	x19,x19,1074	 x19:0x899c9000 x19=0x899c9432
         595000	        58	800000c8	f9677a37	lui	x20,0xf9677	 x20=0xf9677000
         605000	        59	800000cc	b9fa0a13	addi	x20,x20,-1121	 x20:0xf9677000 x20=0xf9676b9f
         615000	        60	800000d0	00000a93	addi	x21,x0,0	  x0:0x00000000 x21=0x00000000
         625000	        61	800000d4	80000b37	lui	x22,0x80000	 x22=0x80000000
         635000	        62	800000d8	00f00b93	addi	x23,x0,15	  x0:0x00000000 x23=0x0000000f
         645000	        63	800000dc	80000d37	lui	x26,0x80000	 x26=0x80000000
         655000	        64	800000e0	00000d93	addi	x27,x0,0	  x0:0x00000000 x27=0x00000000
         665000	        65	800000e4	00000e13	addi	x28,x0,0	  x0:0x00000000 x28=0x00000000
         675000	        66	800000e8	80000eb7	lui	x29,0x80000	 x29=0x80000000
         685000	        67	800000ec	e9c65f37	lui	x30,0xe9c65	 x30=0xe9c65000
         695000	        68	800000f0	addf0f13	addi	x30,x30,-1315	 x30:0xe9c65000 x30=0xe9c64add
         705000	        69	800000f4	00b00f93	addi	x31,x0,11	  x0:0x00000000 x31=0x0000000b
         715000	        70	800000f8	0000ac97	auipc	x25,0xa	 x25=0x8000a0f4
         725000	        71	800000fc	e90c8c93	addi	x25,x25,-368	 x25:0x8000a0f4 x25=0x80009f84
         735000	        72	80000100	00c0066f	jal	x12,80000100	 x12=0x80000100
         745000	        73	00000000	00000013	addi	x0,x0,0	  x0:0x00000000
         755000	        74	80000108	00000013	addi	x0,x0,0	  x0:0x00000000
         765000	        75	8000010c	054000ef	jal	x1,8000010c	  x1=0x8000010c
         775000	        76	00000000	00000013	addi	x0,x0,0	  x0:0x00000000
         785000	        77	8000015c	00000013	addi	x0,x0,0	  x0:0x00000000
         795000	        78	80000160	ffdff0ef	jal	x1,80000160	  x1=0x80000160
         805000	        79	00000000	00000013	addi	x0,x0,0	  x0:0x00000000
         815000	        80	80000158	00000013	addi	x0,x0,0	  x0:0x00000000
         825000	        81	8000015c	fd1ff0ef	jal	x1,8000015c	  x1=0x8000015c
         835000	        82	00000000	00000013	addi	x0,x0,0	  x0:0x00000000
         845000	        83	80000128	00000013	addi	x0,x0,0	  x0:0x00000000
         855000	        84	8000012c	02000b6f	jal	x22,8000012c	 x22=0x8000012c
         865000	        85	00000000	00000013	addi	x0,x0,0	  x0:0x00000000
         875000	        86	80000148	00000013	addi	x0,x0,0	  x0:0x00000000
         885000	        87	8000014c	ffdff0ef	jal	x1,8000014c	  x1=0x8000014c
         895000	        88	00000000	00000013	addi	x0,x0,0	  x0:0x00000000
         905000	        89	80000144	00000013	addi	x0,x0,0	  x0:0x00000000
         915000	        90	80000148	ff5ff36f	jal	x6,80000148	  x6=0x80000148
         925000	        91	00000000	00000013	addi	x0,x0,0	  x0:0x00000000
         935000	        92	80000138	00000013	addi	x0,x0,0	  x0:0x00000000
         945000	        93	8000013c	fe1ff0ef	jal	x1,8000013c	  x1=0x8000013c
         955000	        94	00000000	00000013	addi	x0,x0,0	  x0:0x00000000
         965000	        95	80000118	00000013	addi	x0,x0,0	  x0:0x00000000
         975000	        96	8000011c	fedff1ef	jal	x3,8000011c	  x3=0x8000011c
         985000	        97	00000000	00000013	addi	x0,x0,0	  x0:0x00000000
         995000	        98	80000104	00000013	addi	x0,x0,0	  x0:0x00000000
        1005000	        99	80000108	03c000ef	jal	x1,80000108	  x1=0x80000108
        1015000	       100	00000000	00000013	addi	x0,x0,0	  x0:0x00000000
        1025000	       101	80000140	00000013	addi	x0,x0,0	  x0:0x00000000
        1035000	       102	80000144	ff5ff36f	jal	x6,80000144	  x6=0x80000144
        1045000	       103	00000000	00000013	addi	x0,x0,0	  x0:0x00000000
        1055000	       104	80000134	00000013	addi	x0,x0,0	  x0:0x00000000
        1065000	       105	80000138	fcdff2ef	jal	x5,80000138	  x5=0x80000138
        1075000	       106	00000000	00000013	addi	x0,x0,0	  x0:0x00000000
        1085000	       107	80000100	00000013	addi	x0,x0,0	  x0:0x00000000
        1095000	       108	80000104	02c000ef	jal	x1,80000104	  x1=0x80000104
        1105000	       109	00000000	00000013	addi	x0,x0,0	  x0:0x00000000
        1115000	       110	8000012c	00000013	addi	x0,x0,0	  x0:0x00000000
        1125000	       111	80000130	ff9ff0ef	jal	x1,80000130	  x1=0x80000130
        1135000	       112	00000000	00000013	addi	x0,x0,0	  x0:0x00000000
        1145000	       113	80000124	00000013	addi	x0,x0,0	  x0:0x00000000
        1155000	       114	80000128	ff1ff36f	jal	x6,80000128	  x6=0x80000128
        1165000	       115	00000000	00000013	addi	x0,x0,0	  x0:0x00000000
        1175000	       116	80000114	00000013	addi	x0,x0,0	  x0:0x00000000
        1185000	       117	80000118	0080086f	jal	x16,80000118	 x16=0x80000118
        1195000	       118	00000000	00000013	addi	x0,x0,0	  x0:0x00000000
        1205000	       119	8000011c	00000013	addi	x0,x0,0	  x0:0x00000000
        1215000	       120	80000120	034000ef	jal	x1,80000120	  x1=0x80000120
        1225000	       121	00000000	00000013	addi	x0,x0,0	  x0:0x00000000
        1235000	       122	80000150	00000013	addi	x0,x0,0	  x0:0x00000000
        1245000	       123	80000154	fe1ff36f	jal	x6,80000154	  x6=0x80000154
        1255000	       124	00000000	00000013	addi	x0,x0,0	  x0:0x00000000
        1265000	       125	80000130	00000013	addi	x0,x0,0	  x0:0x00000000
        1275000	       126	80000134	00c000ef	jal	x1,80000134	  x1=0x80000134
        1285000	       127	00000000	00000013	addi	x0,x0,0	  x0:0x00000000
        1295000	       128	8000013c	00000013	addi	x0,x0,0	  x0:0x00000000
        1305000	       129	80000140	028000ef	jal	x1,80000140	  x1=0x80000140
        1315000	       130	00000000	00000013	addi	x0,x0,0	  x0:0x00000000
        1325000	       131	80000164	00000013	addi	x0,x0,0	  x0:0x00000000
        1335000	       132	80000168	fbdff4ef	jal	x9,80000168	  x9=0x80000168
        1345000	       133	00000000	00000013	addi	x0,x0,0	  x0:0x00000000
        1355000	       134	80000120	00000013	addi	x0,x0,0	  x0:0x00000000
        1365000	       135	80000124	040000ef	jal	x1,80000124	  x1=0x80000124
        1375000	       136	00000000	00000013	addi	x0,x0,0	  x0:0x00000000
        1385000	       137	80000160	00000013	addi	x0,x0,0	  x0:0x00000000
        1395000	       138	80000164	fb1ff0ef	jal	x1,80000164	  x1=0x80000164
        1405000	       139	00000000	00000013	addi	x0,x0,0	  x0:0x00000000
        1415000	       140	80000110	00000013	addi	x0,x0,0	  x0:0x00000000
        1425000	       141	80000114	044000ef	jal	x1,80000114	  x1=0x80000114
        1435000	       142	00000000	00000013	addi	x0,x0,0	  x0:0x00000000
        1445000	       143	80000154	00000013	addi	x0,x0,0	  x0:0x00000000
        1455000	       144	80000158	ff9ff0ef	jal	x1,80000158	  x1=0x80000158
        1465000	       145	00000000	00000013	addi	x0,x0,0	  x0:0x00000000
        1475000	       146	8000014c	00000013	addi	x0,x0,0	  x0:0x00000000
        1485000	       147	80000150	fc1ff0ef	jal	x1,80000150	  x1=0x80000150
        1495000	       148	00000000	00000013	addi	x0,x0,0	  x0:0x00000000
        1505000	       149	8000010c	00000013	addi	x0,x0,0	  x0:0x00000000
        1515000	       150	80000110	05c001ef	jal	x3,80000110	  x3=0x80000110
        1525000	       151	00000000	00000013	addi	x0,x0,0	  x0:0x00000000
        1535000	       152	80000168	00000013	addi	x0,x0,0	  x0:0x00000000
        1545000	       153	8000016c	00000013	addi	x0,x0,0	  x0:0x00000000
        1555000	       154	80000170	0240066f	jal	x12,80000170	 x12=0x80000170
        1565000	       155	00000000	00000013	addi	x0,x0,0	  x0:0x00000000
        1575000	       156	80000190	00000013	addi	x0,x0,0	  x0:0x00000000
        1585000	       157	80000194	ff9ff0ef	jal	x1,80000194	  x1=0x80000194
        1595000	       158	00000000	00000013	addi	x0,x0,0	  x0:0x00000000
        1605000	       159	80000188	00000013	addi	x0,x0,0	  x0:0x00000000
        1615000	       160	8000018c	ff9ffd6f	jal	x26,8000018c	 x26=0x8000018c
        1625000	       161	00000000	00000013	addi	x0,x0,0	  x0:0x00000000
        1635000	       162	80000180	00000013	addi	x0,x0,0	  x0:0x00000000
        1645000	       163	80000184	0240036f	jal	x6,80000184	  x6=0x80000184
        1655000	       164	00000000	00000013	addi	x0,x0,0	  x0:0x00000000
        1665000	       165	800001a4	00000013	addi	x0,x0,0	  x0:0x00000000
        1675000	       166	800001a8	ffdff56f	jal	x10,800001a8	 x10=0x800001a8
        1685000	       167	00000000	00000013	addi	x0,x0,0	  x0:0x00000000
        1695000	       168	800001a0	00000013	addi	x0,x0,0	  x0:0x00000000
        1705000	       169	800001a4	fedff36f	jal	x6,800001a4	  x6=0x800001a4
        1715000	       170	00000000	00000013	addi	x0,x0,0	  x0:0x00000000
        1725000	       171	8000018c	00000013	addi	x0,x0,0	  x0:0x00000000
        1735000	       172	80000190	0100036f	jal	x6,80000190	  x6=0x80000190
        1745000	       173	00000000	00000013	addi	x0,x0,0	  x0:0x00000000
        1755000	       174	8000019c	00000013	addi	x0,x0,0	  x0:0x00000000
        1765000	       175	800001a0	fe1ff0ef	jal	x1,800001a0	  x1=0x800001a0
        1775000	       176	00000000	00000013	addi	x0,x0,0	  x0:0x00000000
        1785000	       177	8000017c	00000013	addi	x0,x0,0	  x0:0x00000000
        1795000	       178	80000180	008000ef	jal	x1,80000180	  x1=0x80000180
        1805000	       179	00000000	00000013	addi	x0,x0,0	  x0:0x00000000
        1815000	       180	80000184	00000013	addi	x0,x0,0	  x0:0x00000000
        1825000	       181	80000188	ff5ff0ef	jal	x1,80000188	  x1=0x80000188
        1835000	       182	00000000	00000013	addi	x0,x0,0	  x0:0x00000000
        1845000	       183	80000178	00000013	addi	x0,x0,0	  x0:0x00000000
        1855000	       184	8000017c	ffdff0ef	jal	x1,8000017c	  x1=0x8000017c
        1865000	       185	00000000	00000013	addi	x0,x0,0	  x0:0x00000000
        1875000	       186	80000174	00000013	addi	x0,x0,0	  x0:0x00000000
        1885000	       187	80000178	0240096f	jal	x18,80000178	 x18=0x80000178
        1895000	       188	00000000	00000013	addi	x0,x0,0	  x0:0x00000000
        1905000	       189	80000198	00000013	addi	x0,x0,0	  x0:0x00000000
        1915000	       190	8000019c	ffdff0ef	jal	x1,8000019c	  x1=0x8000019c
        1925000	       191	00000000	00000013	addi	x0,x0,0	  x0:0x00000000
        1935000	       192	80000194	00000013	addi	x0,x0,0	  x0:0x00000000
        1945000	       193	80000198	fddff0ef	jal	x1,80000198	  x1=0x80000198
        1955000	       194	00000000	00000013	addi	x0,x0,0	  x0:0x00000000
        1965000	       195	80000170	00000013	addi	x0,x0,0	  x0:0x00000000
        1975000	       196	80000174	03800b6f	jal	x22,80000174	 x22=0x80000174
        1985000	       197	00000000	00000013	addi	x0,x0,0	  x0:0x00000000
        1995000	       198	800001a8	00000013	addi	x0,x0,0	  x0:0x00000000
        2005000	       199	800001ac	010f1393	slli	x7,x30,0x10	 x30:0xe9c64add  x7=0x4add0000
        2015000	       200	800001b0	0080066f	jal	x12,800001b0	 x12=0x800001b0
        2025000	       201	00000000	00000013	addi	x0,x0,0	  x0:0x00000000
        2035000	       202	800001b4	00000013	addi	x0,x0,0	  x0:0x00000000
        2045000	       203	800001b8	010000ef	jal	x1,800001b8	  x1=0x800001b8
        2055000	       204	00000000	00000013	addi	x0,x0,0	  x0:0x00000000
        2065000	       205	800001c4	00000013	addi	x0,x0,0	  x0:0x00000000
        2075000	       206	800001c8	ff5ff0ef	jal	x1,800001c8	  x1=0x800001c8
        2085000	       207	00000000	00000013	addi	x0,x0,0	  x0:0x00000000
        2095000	       208	800001b8	00000013	addi	x0,x0,0	  x0:0x00000000
        2105000	       209	800001bc	0140076f	jal	x14,800001bc	 x14=0x800001bc
        2115000	       210	00000000	00000013	addi	x0,x0,0	  x0:0x00000000
        2125000	       211	800001cc	00000013	addi	x0,x0,0	  x0:0x00000000
        2135000	       212	800001d0	00c0036f	jal	x6,800001d0	  x6=0x800001d0
        2145000	       213	00000000	00000013	addi	x0,x0,0	  x0:0x00000000
        2155000	       214	800001d8	00000013	addi	x0,x0,0	  x0:0x00000000
        2165000	       215	800001dc	008000ef	jal	x1,800001dc	  x1=0x800001dc
        2175000	       216	00000000	00000013	addi	x0,x0,0	  x0:0x00000000
        2185000	       217	800001e0	00000013	addi	x0,x0,0	  x0:0x00000000
        2195000	       218	800001e4	fe1ff16f	jal	x2,800001e4	  x2=0x800001e4
        2205000	       219	00000000	00000013	addi	x0,x0,0	  x0:0x00000000
        2215000	       220	800001c0	00000013	addi	x0,x0,0	  x0:0x00000000
        2225000	       221	800001c4	008000ef	jal	x1,800001c4	  x1=0x800001c4
        2235000	       222	00000000	00000013	addi	x0,x0,0	  x0:0x00000000
        2245000	       223	800001c8	00000013	addi	x0,x0,0	  x0:0x00000000
        2255000	       224	800001cc	00c000ef	jal	x1,800001cc	  x1=0x800001cc
        2265000	       225	00000000	00000013	addi	x0,x0,0	  x0:0x00000000
        2275000	       226	800001d4	00000013	addi	x0,x0,0	  x0:0x00000000
        2285000	       227	800001d8	fddff36f	jal	x6,800001d8	  x6=0x800001d8
        2295000	       228	00000000	00000013	addi	x0,x0,0	  x0:0x00000000
        2305000	       229	800001b0	00000013	addi	x0,x0,0	  x0:0x00000000
        2315000	       230	800001b4	00c000ef	jal	x1,800001b4	  x1=0x800001b4
        2325000	       231	00000000	00000013	addi	x0,x0,0	  x0:0x00000000
        2335000	       232	800001bc	00000013	addi	x0,x0,0	  x0:0x00000000
        2345000	       233	800001c0	0140036f	jal	x6,800001c0	  x6=0x800001c0
        2355000	       234	00000000	00000013	addi	x0,x0,0	  x0:0x00000000
        2365000	       235	800001d0	00000013	addi	x0,x0,0	  x0:0x00000000
        2375000	       236	800001d4	00c000ef	jal	x1,800001d4	  x1=0x800001d4
        2385000	       237	00000000	00000013	addi	x0,x0,0	  x0:0x00000000
        2395000	       238	800001dc	00000013	addi	x0,x0,0	  x0:0x00000000
        2405000	       239	800001e0	0080036f	jal	x6,800001e0	  x6=0x800001e0
        2415000	       240	00000000	00000013	addi	x0,x0,0	  x0:0x00000000
        2425000	       241	800001e4	00000013	addi	x0,x0,0	  x0:0x00000000
        2435000	       242	800001e8	dfadee37	lui	x28,0xdfade	 x28=0xdfade000
        2445000	       243	800001ec	0140066f	jal	x12,800001ec	 x12=0x800001ec
        2455000	       244	00000000	00000013	addi	x0,x0,0	  x0:0x00000000
        2465000	       245	800001fc	00000013	addi	x0,x0,0	  x0:0x00000000
        2475000	       246	80000200	008000ef	jal	x1,80000200	  x1=0x80000200
        2485000	       247	00000000	00000013	addi	x0,x0,0	  x0:0x00000000
        2495000	       248	80000204	00000013	addi	x0,x0,0	  x0:0x00000000
        2505000	       249	80000208	fedff36f	jal	x6,80000208	  x6=0x80000208
        2515000	       250	00000000	00000013	addi	x0,x0,0	  x0:0x00000000
        2525000	       251	800001f0	00000013	addi	x0,x0,0	  x0:0x00000000
        2535000	       252	800001f4	010007ef	jal	x15,800001f4	 x15=0x800001f4
        2545000	       253	00000000	00000013	addi	x0,x0,0	  x0:0x00000000
        2555000	       254	80000200	00000013	addi	x0,x0,0	  x0:0x00000000
        2565000	       255	80000204	0200046f	jal	x8,80000204	  x8=0x80000204
        2575000	       256	00000000	00000013	addi	x0,x0,0	  x0:0x00000000
        2585000	       257	80000220	00000013	addi	x0,x0,0	  x0:0x00000000
        2595000	       258	80000224	fe9ff0ef	jal	x1,80000224	  x1=0x80000224
        2605000	       259	00000000	00000013	addi	x0,x0,0	  x0:0x00000000
        2615000	       260	80000208	00000013	addi	x0,x0,0	  x0:0x00000000
        2625000	       261	8000020c	fe5ff2ef	jal	x5,8000020c	  x5=0x8000020c
        2635000	       262	00000000	00000013	addi	x0,x0,0	  x0:0x00000000
        2645000	       263	800001ec	00000013	addi	x0,x0,0	  x0:0x00000000
        2655000	       264	800001f0	0200056f	jal	x10,800001f0	 x10=0x800001f0
        2665000	       265	00000000	00000013	addi	x0,x0,0	  x0:0x00000000
        2675000	       266	8000020c	00000013	addi	x0,x0,0	  x0:0x00000000
        2685000	       267	80000210	0100036f	jal	x6,80000210	  x6=0x80000210
        2695000	       268	00000000	00000013	addi	x0,x0,0	  x0:0x00000000
        2705000	       269	8000021c	00000013	addi	x0,x0,0	  x0:0x00000000
        2715000	       270	80000220	ffdff36f	jal	x6,80000220	  x6=0x80000220
        2725000	       271	00000000	00000013	addi	x0,x0,0	  x0:0x00000000
        2735000	       272	80000218	00000013	addi	x0,x0,0	  x0:0x00000000
        2745000	       273	8000021c	ff9ff36f	jal	x6,8000021c	  x6=0x8000021c
        2755000	       274	00000000	00000013	addi	x0,x0,0	  x0:0x00000000
        2765000	       275	80000210	00000013	addi	x0,x0,0	  x0:0x00000000
        2775000	       276	80000214	fe9ff0ef	jal	x1,80000214	  x1=0x80000214
        2785000	       277	00000000	00000013	addi	x0,x0,0	  x0:0x00000000
        2795000	       278	800001f8	00000013	addi	x0,x0,0	  x0:0x00000000
        2805000	       279	800001fc	01c0036f	jal	x6,800001fc	  x6=0x800001fc
        2815000	       280	00000000	00000013	addi	x0,x0,0	  x0:0x00000000
        2825000	       281	80000214	00000013	addi	x0,x0,0	  x0:0x00000000
        2835000	       282	80000218	fe1ff76f	jal	x14,80000218	 x14=0x80000218
        2845000	       283	00000000	00000013	addi	x0,x0,0	  x0:0x00000000
        2855000	       284	800001f4	00000013	addi	x0,x0,0	  x0:0x00000000
        2865000	       285	800001f8	030000ef	jal	x1,800001f8	  x1=0x800001f8
        2875000	       286	00000000	00000013	addi	x0,x0,0	  x0:0x00000000
        2885000	       287	80000224	00000013	addi	x0,x0,0	  x0:0x00000000
        2895000	       288	80000228	004d9993	slli	x19,x27,0x4	 x27:0x00000000 x19=0x00000000
        2905000	       289	8000022c	00c0066f	jal	x12,8000022c	 x12=0x8000022c
        2915000	       290	00000000	00000013	addi	x0,x0,0	  x0:0x00000000
        2925000	       291	80000234	00000013	addi	x0,x0,0	  x0:0x00000000
        2935000	       292	80000238	00c0036f	jal	x6,80000238	  x6=0x80000238
        2945000	       293	00000000	00000013	addi	x0,x0,0	  x0:0x00000000
        2955000	       294	80000240	00000013	addi	x0,x0,0	  x0:0x00000000
        2965000	       295	80000244	0140016f	jal	x2,80000244	  x2=0x80000244
        2975000	       296	00000000	00000013	addi	x0,x0,0	  x0:0x00000000
        2985000	       297	80000254	00000013	addi	x0,x0,0	  x0:0x00000000
        2995000	       298	80000258	fe9ff16f	jal	x2,80000258	  x2=0x80000258
        3005000	       299	00000000	00000013	addi	x0,x0,0	  x0:0x00000000
        3015000	       300	8000023c	00000013	addi	x0,x0,0	  x0:0x00000000
        3025000	       301	80000240	ffdff46f	jal	x8,80000240	  x8=0x80000240
        3035000	       302	00000000	00000013	addi	x0,x0,0	  x0:0x00000000
        3045000	       303	80000238	00000013	addi	x0,x0,0	  x0:0x00000000
        3055000	       304	8000023c	ff9ff36f	jal	x6,8000023c	  x6=0x8000023c
        3065000	       305	00000000	00000013	addi	x0,x0,0	  x0:0x00000000
        3075000	       306	80000230	00000013	addi	x0,x0,0	  x0:0x00000000
        3085000	       307	80000234	03c000ef	jal	x1,80000234	  x1=0x80000234
        3095000	       308	00000000	00000013	addi	x0,x0,0	  x0:0x00000000
        3105000	       309	8000026c	00000013	addi	x0,x0,0	  x0:0x00000000
        3115000	       310	80000270	ff5ff0ef	jal	x1,80000270	  x1=0x80000270
        3125000	       311	00000000	00000013	addi	x0,x0,0	  x0:0x00000000
        3135000	       312	80000260	00000013	addi	x0,x0,0	  x0:0x00000000
        3145000	       313	80000264	008000ef	jal	x1,80000264	  x1=0x80000264
        3155000	       314	00000000	00000013	addi	x0,x0,0	  x0:0x00000000
        3165000	       315	80000268	00000013	addi	x0,x0,0	  x0:0x00000000
        3175000	       316	8000026c	ff1ff0ef	jal	x1,8000026c	  x1=0x8000026c
        3185000	       317	00000000	00000013	addi	x0,x0,0	  x0:0x00000000
        3195000	       318	80000258	00000013	addi	x0,x0,0	  x0:0x00000000
        3205000	       319	8000025c	fd5ff9ef	jal	x19,8000025c	 x19=0x8000025c
        3215000	       320	00000000	00000013	addi	x0,x0,0	  x0:0x00000000
        3225000	       321	8000022c	00000013	addi	x0,x0,0	  x0:0x00000000
        3235000	       322	80000230	044000ef	jal	x1,80000230	  x1=0x80000230
        3245000	       323	00000000	00000013	addi	x0,x0,0	  x0:0x00000000
        3255000	       324	80000270	00000013	addi	x0,x0,0	  x0:0x00000000
        3265000	       325	80000274	008000ef	jal	x1,80000274	  x1=0x80000274
        3275000	       326	00000000	00000013	addi	x0,x0,0	  x0:0x00000000
        3285000	       327	80000278	00000013	addi	x0,x0,0	  x0:0x00000000
        3295000	       328	8000027c	fd9ff36f	jal	x6,8000027c	  x6=0x8000027c
        3305000	       329	00000000	00000013	addi	x0,x0,0	  x0:0x00000000
        3315000	       330	80000250	00000013	addi	x0,x0,0	  x0:0x00000000
        3325000	       331	80000254	014000ef	jal	x1,80000254	  x1=0x80000254
        3335000	       332	00000000	00000013	addi	x0,x0,0	  x0:0x00000000
        3345000	       333	80000264	00000013	addi	x0,x0,0	  x0:0x00000000
        3355000	       334	80000268	fe5ff36f	jal	x6,80000268	  x6=0x80000268
        3365000	       335	00000000	00000013	addi	x0,x0,0	  x0:0x00000000
        3375000	       336	80000248	00000013	addi	x0,x0,0	  x0:0x00000000
        3385000	       337	8000024c	ffdff0ef	jal	x1,8000024c	  x1=0x8000024c
        3395000	       338	00000000	00000013	addi	x0,x0,0	  x0:0x00000000
        3405000	       339	80000244	00000013	addi	x0,x0,0	  x0:0x00000000
        3415000	       340	80000248	018000ef	jal	x1,80000248	  x1=0x80000248
        3425000	       341	00000000	00000013	addi	x0,x0,0	  x0:0x00000000
        3435000	       342	8000025c	00000013	addi	x0,x0,0	  x0:0x00000000
        3445000	       343	80000260	ff1ff0ef	jal	x1,80000260	  x1=0x80000260
        3455000	       344	00000000	00000013	addi	x0,x0,0	  x0:0x00000000
        3465000	       345	8000024c	00000013	addi	x0,x0,0	  x0:0x00000000
        3475000	       346	80000250	028000ef	jal	x1,80000250	  x1=0x80000250
        3485000	       347	00000000	00000013	addi	x0,x0,0	  x0:0x00000000
        3495000	       348	80000274	00000013	addi	x0,x0,0	  x0:0x00000000
        3505000	       349	80000278	008000ef	jal	x1,80000278	  x1=0x80000278
        3515000	       350	00000000	00000013	addi	x0,x0,0	  x0:0x00000000
        3525000	       351	8000027c	00000013	addi	x0,x0,0	  x0:0x00000000
        3535000	       352	80000280	00d21093	slli	x1,x4,0xd	  x4:0x00000000  x1=0x00000000
        3545000	       353	80000284	0180066f	jal	x12,80000284	 x12=0x80000284
        3555000	       354	00000000	00000013	addi	x0,x0,0	  x0:0x00000000
        3565000	       355	80000298	00000013	addi	x0,x0,0	  x0:0x00000000
        3575000	       356	8000029c	00c0016f	jal	x2,8000029c	  x2=0x8000029c
        3585000	       357	00000000	00000013	addi	x0,x0,0	  x0:0x00000000
        3595000	       358	800002a4	00000013	addi	x0,x0,0	  x0:0x00000000
        3605000	       359	800002a8	fe5ff1ef	jal	x3,800002a8	  x3=0x800002a8
        3615000	       360	00000000	00000013	addi	x0,x0,0	  x0:0x00000000
        3625000	       361	80000288	00000013	addi	x0,x0,0	  x0:0x00000000
        3635000	       362	8000028c	ffdffb6f	jal	x22,8000028c	 x22=0x8000028c
        3645000	       363	00000000	00000013	addi	x0,x0,0	  x0:0x00000000
        3655000	       364	80000284	00000013	addi	x0,x0,0	  x0:0x00000000
        3665000	       365	80000288	00c002ef	jal	x5,80000288	  x5=0x80000288
        3675000	       366	00000000	00000013	addi	x0,x0,0	  x0:0x00000000
        3685000	       367	80000290	00000013	addi	x0,x0,0	  x0:0x00000000
        3695000	       368	80000294	01c000ef	jal	x1,80000294	  x1=0x80000294
        3705000	       369	00000000	00000013	addi	x0,x0,0	  x0:0x00000000
        3715000	       370	800002ac	00000013	addi	x0,x0,0	  x0:0x00000000
        3725000	       371	800002b0	ff1ff0ef	jal	x1,800002b0	  x1=0x800002b0
        3735000	       372	00000000	00000013	addi	x0,x0,0	  x0:0x00000000
        3745000	       373	8000029c	00000013	addi	x0,x0,0	  x0:0x00000000
        3755000	       374	800002a0	ff1ff0ef	jal	x1,800002a0	  x1=0x800002a0
        3765000	       375	00000000	00000013	addi	x0,x0,0	  x0:0x00000000
        3775000	       376	8000028c	00000013	addi	x0,x0,0	  x0:0x00000000
        3785000	       377	80000290	00800b6f	jal	x22,80000290	 x22=0x80000290
        3795000	       378	00000000	00000013	addi	x0,x0,0	  x0:0x00000000
        3805000	       379	80000294	00000013	addi	x0,x0,0	  x0:0x00000000
        3815000	       380	80000298	014005ef	jal	x11,80000298	 x11=0x80000298
        3825000	       381	00000000	00000013	addi	x0,x0,0	  x0:0x00000000
        3835000	       382	800002a8	00000013	addi	x0,x0,0	  x0:0x00000000
        3845000	       383	800002ac	ff9ff36f	jal	x6,800002ac	  x6=0x800002ac
        3855000	       384	00000000	00000013	addi	x0,x0,0	  x0:0x00000000
        3865000	       385	800002a0	00000013	addi	x0,x0,0	  x0:0x00000000
        3875000	       386	800002a4	0100036f	jal	x6,800002a4	  x6=0x800002a4
        3885000	       387	00000000	00000013	addi	x0,x0,0	  x0:0x00000000
        3895000	       388	800002b0	00000013	addi	x0,x0,0	  x0:0x00000000
        3905000	       389	800002b4	00c697b3	sll	x15,x13,x12	 x13:0x00000007 x12:0x80000284 x15=0x00000070
        3915000	       390	800002b8	0240066f	jal	x12,800002b8	 x12=0x800002b8
        3925000	       391	00000000	00000013	addi	x0,x0,0	  x0:0x00000000
        3935000	       392	800002d8	00000013	addi	x0,x0,0	  x0:0x00000000
        3945000	       393	800002dc	020000ef	jal	x1,800002dc	  x1=0x800002dc
        3955000	       394	00000000	00000013	addi	x0,x0,0	  x0:0x00000000
        3965000	       395	800002f8	00000013	addi	x0,x0,0	  x0:0x00000000
        3975000	       396	800002fc	fcdff0ef	jal	x1,800002fc	  x1=0x800002fc
        3985000	       397	00000000	00000013	addi	x0,x0,0	  x0:0x00000000
        3995000	       398	800002c4	00000013	addi	x0,x0,0	  x0:0x00000000
        4005000	       399	800002c8	048001ef	jal	x3,800002c8	  x3=0x800002c8
        4015000	       400	00000000	00000013	addi	x0,x0,0	  x0:0x00000000
        4025000	       401	8000030c	00000013	addi	x0,x0,0	  x0:0x00000000
        4035000	       402	80000310	fc9ff0ef	jal	x1,80000310	  x1=0x80000310
        4045000	       403	00000000	00000013	addi	x0,x0,0	  x0:0x00000000
        4055000	       404	800002d4	00000013	addi	x0,x0,0	  x0:0x00000000
        4065000	       405	800002d8	0080036f	jal	x6,800002d8	  x6=0x800002d8
        4075000	       406	00000000	00000013	addi	x0,x0,0	  x0:0x00000000
        4085000	       407	800002dc	00000013	addi	x0,x0,0	  x0:0x00000000
        4095000	       408	800002e0	00400bef	jal	x23,800002e0	 x23=0x800002e0
        4105000	       409	00000000	00000013	addi	x0,x0,0	  x0:0x00000000
        4115000	       410	800002e0	00000013	addi	x0,x0,0	  x0:0x00000000
        4125000	       411	800002e4	0440016f	jal	x2,800002e4	  x2=0x800002e4
        4135000	       412	00000000	00000013	addi	x0,x0,0	  x0:0x00000000
        4145000	       413	80000324	00000013	addi	x0,x0,0	  x0:0x00000000
        4155000	       414	80000328	ff9ff0ef	jal	x1,80000328	  x1=0x80000328
        4165000	       415	00000000	00000013	addi	x0,x0,0	  x0:0x00000000
        4175000	       416	8000031c	00000013	addi	x0,x0,0	  x0:0x00000000
        4185000	       417	80000320	fe9ffeef	jal	x29,80000320	 x29=0x80000320
        4195000	       418	00000000	00000013	addi	x0,x0,0	  x0:0x00000000
        4205000	       419	80000304	00000013	addi	x0,x0,0	  x0:0x00000000
        4215000	       420	80000308	004001ef	jal	x3,80000308	  x3=0x80000308
        4225000	       421	00000000	00000013	addi	x0,x0,0	  x0:0x00000000
        4235000	       422	80000308	00000013	addi	x0,x0,0	  x0:0x00000000
        4245000	       423	8000030c	0200036f	jal	x6,8000030c	  x6=0x8000030c
        4255000	       424	00000000	00000013	addi	x0,x0,0	  x0:0x00000000
        4265000	       425	80000328	00000013	addi	x0,x0,0	  x0:0x00000000
        4275000	       426	8000032c	f99ff0ef	jal	x1,8000032c	  x1=0x8000032c
        4285000	       427	00000000	00000013	addi	x0,x0,0	  x0:0x00000000
        4295000	       428	800002c0	00000013	addi	x0,x0,0	  x0:0x00000000
        4305000	       429	800002c4	02c000ef	jal	x1,800002c4	  x1=0x800002c4
        4315000	       430	00000000	00000013	addi	x0,x0,0	  x0:0x00000000
        4325000	       431	800002ec	00000013	addi	x0,x0,0	  x0:0x00000000
        4335000	       432	800002f0	02c002ef	jal	x5,800002f0	  x5=0x800002f0
        4345000	       433	00000000	00000013	addi	x0,x0,0	  x0:0x00000000
        4355000	       434	80000318	00000013	addi	x0,x0,0	  x0:0x00000000
        4365000	       435	8000031c	ffdff2ef	jal	x5,8000031c	  x5=0x8000031c
        4375000	       436	00000000	00000013	addi	x0,x0,0	  x0:0x00000000
        4385000	       437	80000314	00000013	addi	x0,x0,0	  x0:0x00000000
        4395000	       438	80000318	ffdff36f	jal	x6,80000318	  x6=0x80000318
        4405000	       439	00000000	00000013	addi	x0,x0,0	  x0:0x00000000
        4415000	       440	80000310	00000013	addi	x0,x0,0	  x0:0x00000000
        4425000	       441	80000314	fd9ff0ef	jal	x1,80000314	  x1=0x80000314
        4435000	       442	00000000	00000013	addi	x0,x0,0	  x0:0x00000000
        4445000	       443	800002e8	00000013	addi	x0,x0,0	  x0:0x00000000
        4455000	       444	800002ec	ffdff16f	jal	x2,800002ec	  x2=0x800002ec
        4465000	       445	00000000	00000013	addi	x0,x0,0	  x0:0x00000000
        4475000	       446	800002e4	00000013	addi	x0,x0,0	  x0:0x00000000
        4485000	       447	800002e8	010000ef	jal	x1,800002e8	  x1=0x800002e8
        4495000	       448	00000000	00000013	addi	x0,x0,0	  x0:0x00000000
        4505000	       449	800002f4	00000013	addi	x0,x0,0	  x0:0x00000000
        4515000	       450	800002f8	fc5ff0ef	jal	x1,800002f8	  x1=0x800002f8
        4525000	       451	00000000	00000013	addi	x0,x0,0	  x0:0x00000000
        4535000	       452	800002b8	00000013	addi	x0,x0,0	  x0:0x00000000
        4545000	       453	800002bc	018002ef	jal	x5,800002bc	  x5=0x800002bc
        4555000	       454	00000000	00000013	addi	x0,x0,0	  x0:0x00000000
        4565000	       455	800002d0	00000013	addi	x0,x0,0	  x0:0x00000000
        4575000	       456	800002d4	050003ef	jal	x7,800002d4	  x7=0x800002d4
        4585000	       457	00000000	00000013	addi	x0,x0,0	  x0:0x00000000
        4595000	       458	80000320	00000013	addi	x0,x0,0	  x0:0x00000000
        4605000	       459	80000324	fa9ff16f	jal	x2,80000324	  x2=0x80000324
        4615000	       460	00000000	00000013	addi	x0,x0,0	  x0:0x00000000
        4625000	       461	800002c8	00000013	addi	x0,x0,0	  x0:0x00000000
        4635000	       462	800002cc	028006ef	jal	x13,800002cc	 x13=0x800002cc
        4645000	       463	00000000	00000013	addi	x0,x0,0	  x0:0x00000000
        4655000	       464	800002f0	00000013	addi	x0,x0,0	  x0:0x00000000
        4665000	       465	800002f4	00c0036f	jal	x6,800002f4	  x6=0x800002f4
        4675000	       466	00000000	00000013	addi	x0,x0,0	  x0:0x00000000
        4685000	       467	800002fc	00000013	addi	x0,x0,0	  x0:0x00000000
        4695000	       468	80000300	fc1ff36f	jal	x6,80000300	  x6=0x80000300
        4705000	       469	00000000	00000013	addi	x0,x0,0	  x0:0x00000000
        4715000	       470	800002bc	00000013	addi	x0,x0,0	  x0:0x00000000
        4725000	       471	800002c0	010000ef	jal	x1,800002c0	  x1=0x800002c0
        4735000	       472	00000000	00000013	addi	x0,x0,0	  x0:0x00000000
        4745000	       473	800002cc	00000013	addi	x0,x0,0	  x0:0x00000000
        4755000	       474	800002d0	0340036f	jal	x6,800002d0	  x6=0x800002d0
        4765000	       475	00000000	00000013	addi	x0,x0,0	  x0:0x00000000
        4775000	       476	80000300	00000013	addi	x0,x0,0	  x0:0x00000000
        4785000	       477	80000304	02c000ef	jal	x1,80000304	  x1=0x80000304
        4795000	       478	00000000	00000013	addi	x0,x0,0	  x0:0x00000000
        4805000	       479	8000032c	00000013	addi	x0,x0,0	  x0:0x00000000
        4815000	       480	80000330	01c1d1b3	srl	x3,x3,x28	  x3:0x80000308 x28:0xdfade000  x3=0x80000308
        4825000	       481	80000334	0440066f	jal	x12,80000334	 x12=0x80000334
        4835000	       482	00000000	00000013	addi	x0,x0,0	  x0:0x00000000
        4845000	       483	80000374	00000013	addi	x0,x0,0	  x0:0x00000000
        4855000	       484	80000378	014000ef	jal	x1,80000378	  x1=0x80000378
        4865000	       485	00000000	00000013	addi	x0,x0,0	  x0:0x00000000
        4875000	       486	80000388	00000013	addi	x0,x0,0	  x0:0x00000000
        4885000	       487	8000038c	fc1ff0ef	jal	x1,8000038c	  x1=0x8000038c
        4895000	       488	00000000	00000013	addi	x0,x0,0	  x0:0x00000000
        4905000	       489	80000348	00000013	addi	x0,x0,0	  x0:0x00000000
        4915000	       490	8000034c	050000ef	jal	x1,8000034c	  x1=0x8000034c
        4925000	       491	00000000	00000013	addi	x0,x0,0	  x0:0x00000000
        4935000	       492	80000398	00000013	addi	x0,x0,0	  x0:0x00000000
        4945000	       493	8000039c	fb9ff36f	jal	x6,8000039c	  x6=0x8000039c
        4955000	       494	00000000	00000013	addi	x0,x0,0	  x0:0x00000000
        4965000	       495	80000350	00000013	addi	x0,x0,0	  x0:0x00000000
        4975000	       496	80000354	ff1ff36f	jal	x6,80000354	  x6=0x80000354
        4985000	       497	00000000	00000013	addi	x0,x0,0	  x0:0x00000000
        4995000	       498	80000340	00000013	addi	x0,x0,0	  x0:0x00000000
        5005000	       499	80000344	03c000ef	jal	x1,80000344	  x1=0x80000344
        5015000	       500	00000000	00000013	addi	x0,x0,0	  x0:0x00000000
        5025000	       501	8000037c	00000013	addi	x0,x0,0	  x0:0x00000000
        5035000	       502	80000380	fe1ff36f	jal	x6,80000380	  x6=0x80000380
        5045000	       503	00000000	00000013	addi	x0,x0,0	  x0:0x00000000
        5055000	       504	8000035c	00000013	addi	x0,x0,0	  x0:0x00000000
        5065000	       505	80000360	ff9ff0ef	jal	x1,80000360	  x1=0x80000360
        5075000	       506	00000000	00000013	addi	x0,x0,0	  x0:0x00000000
        5085000	       507	80000354	00000013	addi	x0,x0,0	  x0:0x00000000
        5095000	       508	80000358	0480056f	jal	x10,80000358	 x10=0x80000358
        5105000	       509	00000000	00000013	addi	x0,x0,0	  x0:0x00000000
        5115000	       510	8000039c	00000013	addi	x0,x0,0	  x0:0x00000000
        5125000	       511	800003a0	ff9ff0ef	jal	x1,800003a0	  x1=0x800003a0
        5135000	       512	00000000	00000013	addi	x0,x0,0	  x0:0x00000000
        5145000	       513	80000394	00000013	addi	x0,x0,0	  x0:0x00000000
        5155000	       514	80000398	fd9ff0ef	jal	x1,80000398	  x1=0x80000398
        5165000	       515	00000000	00000013	addi	x0,x0,0	  x0:0x00000000
        5175000	       516	8000036c	00000013	addi	x0,x0,0	  x0:0x00000000
        5185000	       517	80000370	fc9ff0ef	jal	x1,80000370	  x1=0x80000370
        5195000	       518	00000000	00000013	addi	x0,x0,0	  x0:0x00000000
        5205000	       519	80000334	00000013	addi	x0,x0,0	  x0:0x00000000
        5215000	       520	80000338	05800a6f	jal	x20,80000338	 x20=0x80000338
        5225000	       521	00000000	00000013	addi	x0,x0,0	  x0:0x00000000
        5235000	       522	8000038c	00000013	addi	x0,x0,0	  x0:0x00000000
        5245000	       523	80000390	fddff0ef	jal	x1,80000390	  x1=0x80000390
        5255000	       524	00000000	00000013	addi	x0,x0,0	  x0:0x00000000
        5265000	       525	80000368	00000013	addi	x0,x0,0	  x0:0x00000000
        5275000	       526	8000036c	ff9ff56f	jal	x10,8000036c	 x10=0x8000036c
        5285000	       527	00000000	00000013	addi	x0,x0,0	  x0:0x00000000
        5295000	       528	80000360	00000013	addi	x0,x0,0	  x0:0x00000000
        5305000	       529	80000364	0200046f	jal	x8,80000364	  x8=0x80000364
        5315000	       530	00000000	00000013	addi	x0,x0,0	  x0:0x00000000
        5325000	       531	80000380	00000013	addi	x0,x0,0	  x0:0x00000000
        5335000	       532	80000384	010000ef	jal	x1,80000384	  x1=0x80000384
        5345000	       533	00000000	00000013	addi	x0,x0,0	  x0:0x00000000
        5355000	       534	80000390	00000013	addi	x0,x0,0	  x0:0x00000000
        5365000	       535	80000394	010000ef	jal	x1,80000394	  x1=0x80000394
        5375000	       536	00000000	00000013	addi	x0,x0,0	  x0:0x00000000
        5385000	       537	800003a0	00000013	addi	x0,x0,0	  x0:0x00000000
        5395000	       538	800003a4	fb9ff0ef	jal	x1,800003a4	  x1=0x800003a4
        5405000	       539	00000000	00000013	addi	x0,x0,0	  x0:0x00000000
        5415000	       540	80000358	00000013	addi	x0,x0,0	  x0:0x00000000
        5425000	       541	8000035c	01800eef	jal	x29,8000035c	 x29=0x8000035c
        5435000	       542	00000000	00000013	addi	x0,x0,0	  x0:0x00000000
        5445000	       543	80000370	00000013	addi	x0,x0,0	  x0:0x00000000
        5455000	       544	80000374	ff5ff0ef	jal	x1,80000374	  x1=0x80000374
        5465000	       545	00000000	00000013	addi	x0,x0,0	  x0:0x00000000
        5475000	       546	80000364	00000013	addi	x0,x0,0	  x0:0x00000000
        5485000	       547	80000368	fd9ff36f	jal	x6,80000368	  x6=0x80000368
        5495000	       548	00000000	00000013	addi	x0,x0,0	  x0:0x00000000
        5505000	       549	8000033c	00000013	addi	x0,x0,0	  x0:0x00000000
        5515000	       550	80000340	ffdff16f	jal	x2,80000340	  x2=0x80000340
        5525000	       551	00000000	00000013	addi	x0,x0,0	  x0:0x00000000
        5535000	       552	80000338	00000013	addi	x0,x0,0	  x0:0x00000000
        5545000	       553	8000033c	04c006ef	jal	x13,8000033c	 x13=0x8000033c
        5555000	       554	00000000	00000013	addi	x0,x0,0	  x0:0x00000000
        5565000	       555	80000384	00000013	addi	x0,x0,0	  x0:0x00000000
        5575000	       556	80000388	fc1ffaef	jal	x21,80000388	 x21=0x80000388
        5585000	       557	00000000	00000013	addi	x0,x0,0	  x0:0x00000000
        5595000	       558	80000344	00000013	addi	x0,x0,0	  x0:0x00000000
        5605000	       559	80000348	034000ef	jal	x1,80000348	  x1=0x80000348
        5615000	       560	00000000	00000013	addi	x0,x0,0	  x0:0x00000000
        5625000	       561	80000378	00000013	addi	x0,x0,0	  x0:0x00000000
        5635000	       562	8000037c	fd5ff0ef	jal	x1,8000037c	  x1=0x8000037c
        5645000	       563	00000000	00000013	addi	x0,x0,0	  x0:0x00000000
        5655000	       564	8000034c	00000013	addi	x0,x0,0	  x0:0x00000000
        5665000	       565	80000350	058008ef	jal	x17,80000350	 x17=0x80000350
        5675000	       566	00000000	00000013	addi	x0,x0,0	  x0:0x00000000
        5685000	       567	800003a4	00000013	addi	x0,x0,0	  x0:0x00000000
        5695000	       568	800003a8	4801e013	ori	x0,x3,1152	  x3:0x80000308
        5705000	       569	800003ac	87457493	andi	x9,x10,-1932	 x10:0x8000036c  x9=0x80000064
        5715000	       570	800003b0	01cfd893	srli	x17,x31,0x1c	 x31:0x0000000b x17=0x00000000
        5725000	       571	800003b4	cb8a4913	xori	x18,x20,-840	 x20:0x80000338 x18=0x7fffff80
        5735000	       572	800003b8	00028333	add	x6,x5,x0	  x5:0x800002bc  x0:0x00000000  x6=0x800002bc
        5745000	       573	800003bc	68b38a93	addi	x21,x7,1675	  x7:0x800002d4 x21=0x8000095f
        5755000	       574	800003c0	6154ee13	ori	x28,x9,1557	  x9:0x80000064 x28=0x80000675
        5765000	       575	800003c4	01865d13	srli	x26,x12,0x18	 x12:0x80000334 x26=0x00000080
        5775000	       576	800003c8	0e4aae13	slti	x28,x21,228	 x21:0x8000095f x28=0x00000001
        5785000	       577	800003cc	03087e63	bgeu	x16,x16,80000408	 x16:0x80000118 x16:0x80000118
        5795000	       578	00000000	00000013	addi	x0,x0,0	  x0:0x00000000
        5805000	       579	80000404	00000013	addi	x0,x0,0	  x0:0x00000000
        5815000	       580	80000408	40955813	srai	x16,x10,0x9	 x10:0x8000036c x16=0xffc00001
        5825000	       581	8000040c	a9e8fe13	andi	x28,x17,-1378	 x17:0x00000000 x28=0x00000000
        5835000	       582	80000410	00621493	slli	x9,x4,0x6	  x4:0x00000000  x9=0x00000000
        5845000	       583	80000414	03a56063	bltu	x10,x26,80000434	 x10:0x8000036c x26:0x00000080
        5855000	       584	80000418	406e5813	srai	x16,x28,0x6	 x28:0x00000000 x16=0x00000000
        5865000	       585	8000041c	00550333	add	x6,x10,x5	 x10:0x8000036c  x5:0x800002bc  x6=0x00000628
        5875000	       586	80000420	d6309fb7	lui	x31,0xd6309	 x31=0xd6309000
        5885000	       587	80000424	e21d8093	addi	x1,x27,-479	 x27:0x00000000  x1=0xfffffe21
        5895000	       588	80000428	00895663	bge	x18,x8,80000434	 x18:0x7fffff80  x8:0x80000364
        5905000	       589	00000000	00000013	addi	x0,x0,0	  x0:0x00000000
        5915000	       590	80000430	00000013	addi	x0,x0,0	  x0:0x00000000
        5925000	       591	80000434	002f9133	sll	x2,x31,x2	 x31:0xd6309000  x2:0x80000340  x2=0xd6309000
        5935000	       592	80000438	8c704e93	xori	x29,x0,-1849	  x0:0x00000000 x29=0xfffff8c7
        5945000	       593	8000043c	c5123413	sltiu	x8,x4,-943	  x4:0x00000000  x8=0x00000001
        5955000	       594	80000440	00fd5193	srli	x3,x26,0xf	 x26:0x00000080  x3=0x00000000
        5965000	       595	80000444	22d2e113	ori	x2,x5,557	  x5:0x800002bc  x2=0x800002bd
        5975000	       596	80000448	00336bb3	or	x23,x6,x3	  x6:0x00000628  x3:0x00000000 x23=0x00000628
        5985000	       597	8000044c	0400066f	jal	x12,8000044c	 x12=0x8000044c
        5995000	       598	00000000	00000013	addi	x0,x0,0	  x0:0x00000000
        6005000	       599	80000488	00000013	addi	x0,x0,0	  x0:0x00000000
        6015000	       600	8000048c	ff5ff0ef	jal	x1,8000048c	  x1=0x8000048c
        6025000	       601	00000000	00000013	addi	x0,x0,0	  x0:0x00000000
        6035000	       602	8000047c	00000013	addi	x0,x0,0	  x0:0x00000000
        6045000	       603	80000480	03c001ef	jal	x3,80000480	  x3=0x80000480
        6055000	       604	00000000	00000013	addi	x0,x0,0	  x0:0x00000000
        6065000	       605	800004b8	00000013	addi	x0,x0,0	  x0:0x00000000
        6075000	       606	800004bc	004000ef	jal	x1,800004bc	  x1=0x800004bc
        6085000	       607	00000000	00000013	addi	x0,x0,0	  x0:0x00000000
        6095000	       608	800004bc	00000013	addi	x0,x0,0	  x0:0x00000000
        6105000	       609	800004c0	fe5ff86f	jal	x16,800004c0	 x16=0x800004c0
        6115000	       610	00000000	00000013	addi	x0,x0,0	  x0:0x00000000
        6125000	       611	800004a0	00000013	addi	x0,x0,0	  x0:0x00000000
        6135000	       612	800004a4	010002ef	jal	x5,800004a4	  x5=0x800004a4
        6145000	       613	00000000	00000013	addi	x0,x0,0	  x0:0x00000000
        6155000	       614	800004b0	00000013	addi	x0,x0,0	  x0:0x00000000
        6165000	       615	800004b4	fd5ff0ef	jal	x1,800004b4	  x1=0x800004b4
        6175000	       616	00000000	00000013	addi	x0,x0,0	  x0:0x00000000
        6185000	       617	80000484	00000013	addi	x0,x0,0	  x0:0x00000000
        6195000	       618	80000488	03c000ef	jal	x1,80000488	  x1=0x80000488
        6205000	       619	00000000	00000013	addi	x0,x0,0	  x0:0x00000000
        6215000	       620	800004c0	00000013	addi	x0,x0,0	  x0:0x00000000
        6225000	       621	800004c4	f9dff36f	jal	x6,800004c4	  x6=0x800004c4
        6235000	       622	00000000	00000013	addi	x0,x0,0	  x0:0x00000000
        6245000	       623	8000045c	00000013	addi	x0,x0,0	  x0:0x00000000
        6255000	       624	80000460	ff9ff36f	jal	x6,80000460	  x6=0x80000460
        6265000	       625	00000000	00000013	addi	x0,x0,0	  x0:0x00000000
        6275000	       626	80000454	00000013	addi	x0,x0,0	  x0:0x00000000
        6285000	       627	80000458	02000bef	jal	x23,80000458	 x23=0x80000458
        6295000	       628	00000000	00000013	addi	x0,x0,0	  x0:0x00000000
        6305000	       629	80000474	00000013	addi	x0,x0,0	  x0:0x00000000
        6315000	       630	80000478	0380066f	jal	x12,80000478	 x12=0x80000478
        6325000	       631	00000000	00000013	addi	x0,x0,0	  x0:0x00000000
        6335000	       632	800004ac	00000013	addi	x0,x0,0	  x0:0x00000000
        6345000	       633	800004b0	fbdff36f	jal	x6,800004b0	  x6=0x800004b0
        6355000	       634	00000000	00000013	addi	x0,x0,0	  x0:0x00000000
        6365000	       635	80000468	00000013	addi	x0,x0,0	  x0:0x00000000
        6375000	       636	8000046c	0240036f	jal	x6,8000046c	  x6=0x8000046c
        6385000	       637	00000000	00000013	addi	x0,x0,0	  x0:0x00000000
        6395000	       638	8000048c	00000013	addi	x0,x0,0	  x0:0x00000000
        6405000	       639	80000490	ff5ff36f	jal	x6,80000490	  x6=0x80000490
        6415000	       640	00000000	00000013	addi	x0,x0,0	  x0:0x00000000
        6425000	       641	80000480	00000013	addi	x0,x0,0	  x0:0x00000000
        6435000	       642	80000484	018000ef	jal	x1,80000484	  x1=0x80000484
        6445000	       643	00000000	00000013	addi	x0,x0,0	  x0:0x00000000
        6455000	       644	80000498	00000013	addi	x0,x0,0	  x0:0x00000000
        6465000	       645	8000049c	ff9ff0ef	jal	x1,8000049c	  x1=0x8000049c
        6475000	       646	00000000	00000013	addi	x0,x0,0	  x0:0x00000000
        6485000	       647	80000490	00000013	addi	x0,x0,0	  x0:0x00000000
        6495000	       648	80000494	00c000ef	jal	x1,80000494	  x1=0x80000494
        6505000	       649	00000000	00000013	addi	x0,x0,0	  x0:0x00000000
        6515000	       650	8000049c	00000013	addi	x0,x0,0	  x0:0x00000000
        6525000	       651	800004a0	fc9ff0ef	jal	x1,800004a0	  x1=0x800004a0
        6535000	       652	00000000	00000013	addi	x0,x0,0	  x0:0x00000000
        6545000	       653	80000464	00000013	addi	x0,x0,0	  x0:0x00000000
        6555000	       654	80000468	050000ef	jal	x1,80000468	  x1=0x80000468
        6565000	       655	00000000	00000013	addi	x0,x0,0	  x0:0x00000000
        6575000	       656	800004b4	00000013	addi	x0,x0,0	  x0:0x00000000
        6585000	       657	800004b8	fbdff1ef	jal	x3,800004b8	  x3=0x800004b8
        6595000	       658	00000000	00000013	addi	x0,x0,0	  x0:0x00000000
        6605000	       659	80000470	00000013	addi	x0,x0,0	  x0:0x00000000
        6615000	       660	80000474	038007ef	jal	x15,80000474	 x15=0x80000474
        6625000	       661	00000000	00000013	addi	x0,x0,0	  x0:0x00000000
        6635000	       662	800004a8	00000013	addi	x0,x0,0	  x0:0x00000000
        6645000	       663	800004ac	fa9ff0ef	jal	x1,800004ac	  x1=0x800004ac
        6655000	       664	00000000	00000013	addi	x0,x0,0	  x0:0x00000000
        6665000	       665	80000450	00000013	addi	x0,x0,0	  x0:0x00000000
        6675000	       666	80000454	ffdffbef	jal	x23,80000454	 x23=0x80000454
        6685000	       667	00000000	00000013	addi	x0,x0,0	  x0:0x00000000
        6695000	       668	8000044c	00000013	addi	x0,x0,0	  x0:0x00000000
        6705000	       669	80000450	00c000ef	jal	x1,80000450	  x1=0x80000450
        6715000	       670	00000000	00000013	addi	x0,x0,0	  x0:0x00000000
        6725000	       671	80000458	00000013	addi	x0,x0,0	  x0:0x00000000
        6735000	       672	8000045c	020000ef	jal	x1,8000045c	  x1=0x8000045c
        6745000	       673	00000000	00000013	addi	x0,x0,0	  x0:0x00000000
        6755000	       674	80000478	00000013	addi	x0,x0,0	  x0:0x00000000
        6765000	       675	8000047c	01c000ef	jal	x1,8000047c	  x1=0x8000047c
        6775000	       676	00000000	00000013	addi	x0,x0,0	  x0:0x00000000
        6785000	       677	80000494	00000013	addi	x0,x0,0	  x0:0x00000000
        6795000	       678	80000498	fcdff0ef	jal	x1,80000498	  x1=0x80000498
        6805000	       679	00000000	00000013	addi	x0,x0,0	  x0:0x00000000
        6815000	       680	80000460	00000013	addi	x0,x0,0	  x0:0x00000000
        6825000	       681	80000464	044000ef	jal	x1,80000464	  x1=0x80000464
        6835000	       682	00000000	00000013	addi	x0,x0,0	  x0:0x00000000
        6845000	       683	800004a4	00000013	addi	x0,x0,0	  x0:0x00000000
        6855000	       684	800004a8	fc9ff6ef	jal	x13,800004a8	 x13=0x800004a8
        6865000	       685	00000000	00000013	addi	x0,x0,0	  x0:0x00000000
        6875000	       686	8000046c	00000013	addi	x0,x0,0	  x0:0x00000000
        6885000	       687	80000470	058005ef	jal	x11,80000470	 x11=0x80000470
        6895000	       688	00000000	00000013	addi	x0,x0,0	  x0:0x00000000
        6905000	       689	800004c4	00000013	addi	x0,x0,0	  x0:0x00000000
        6915000	       690	800004c8	004b0733	add	x14,x22,x4	 x22:0x80000290  x4:0x00000000 x14=0x80000290
        6925000	       691	800004cc	0155e663	bltu	x11,x21,800004d8	 x11:0x80000470 x21:0x8000095f
        6935000	       692	00000000	00000013	addi	x0,x0,0	  x0:0x00000000
        6945000	       693	800004d4	00000013	addi	x0,x0,0	  x0:0x00000000
        6955000	       694	800004d8	04d87063	bgeu	x16,x13,80000518	 x16:0x800004c0 x13:0x800004a8
        6965000	       695	00000000	00000013	addi	x0,x0,0	  x0:0x00000000
        6975000	       696	80000514	00000013	addi	x0,x0,0	  x0:0x00000000
        6985000	       697	80000518	d53e0813	addi	x16,x28,-685	 x28:0x00000000 x16=0xfffffd53
        6995000	       698	8000051c	00000013	addi	x0,x0,0	  x0:0x00000000
        7005000	       699	80000520	0183e3b3	or	x7,x7,x24	  x7:0x800002d4 x24:0x80009fc4  x7=0x80009fd4
        7015000	       700	80000524	8cfc35b7	lui	x11,0x8cfc3	 x11=0x8cfc3000
        7025000	       701	80000528	4157ddb3	sra	x27,x15,x21	 x15:0x80000474 x21:0x8000095f x27=0xffffffff
        7035000	       702	8000052c	00c0066f	jal	x12,8000052c	 x12=0x8000052c
        7045000	       703	00000000	00000013	addi	x0,x0,0	  x0:0x00000000
        7055000	       704	80000534	00000013	addi	x0,x0,0	  x0:0x00000000
        7065000	       705	80000538	0080036f	jal	x6,80000538	  x6=0x80000538
        7075000	       706	00000000	00000013	addi	x0,x0,0	  x0:0x00000000
        7085000	       707	8000053c	00000013	addi	x0,x0,0	  x0:0x00000000
        7095000	       708	80000540	02c000ef	jal	x1,80000540	  x1=0x80000540
        7105000	       709	00000000	00000013	addi	x0,x0,0	  x0:0x00000000
        7115000	       710	80000568	00000013	addi	x0,x0,0	  x0:0x00000000
        7125000	       711	8000056c	ffdff36f	jal	x6,8000056c	  x6=0x8000056c
        7135000	       712	00000000	00000013	addi	x0,x0,0	  x0:0x00000000
        7145000	       713	80000564	00000013	addi	x0,x0,0	  x0:0x00000000
        7155000	       714	80000568	fddffaef	jal	x21,80000568	 x21=0x80000568
        7165000	       715	00000000	00000013	addi	x0,x0,0	  x0:0x00000000
        7175000	       716	80000540	00000013	addi	x0,x0,0	  x0:0x00000000
        7185000	       717	80000544	fedff0ef	jal	x1,80000544	  x1=0x80000544
        7195000	       718	00000000	00000013	addi	x0,x0,0	  x0:0x00000000
        7205000	       719	8000052c	00000013	addi	x0,x0,0	  x0:0x00000000
        7215000	       720	80000530	00c000ef	jal	x1,80000530	  x1=0x80000530
        7225000	       721	00000000	00000013	addi	x0,x0,0	  x0:0x00000000
        7235000	       722	80000538	00000013	addi	x0,x0,0	  x0:0x00000000
        7245000	       723	8000053c	014000ef	jal	x1,8000053c	  x1=0x8000053c
        7255000	       724	00000000	00000013	addi	x0,x0,0	  x0:0x00000000
        7265000	       725	8000054c	00000013	addi	x0,x0,0	  x0:0x00000000
        7275000	       726	80000550	ff9ff36f	jal	x6,80000550	  x6=0x80000550
        7285000	       727	00000000	00000013	addi	x0,x0,0	  x0:0x00000000
        7295000	       728	80000544	00000013	addi	x0,x0,0	  x0:0x00000000
        7305000	       729	80000548	fedff0ef	jal	x1,80000548	  x1=0x80000548
        7315000	       730	00000000	00000013	addi	x0,x0,0	  x0:0x00000000
        7325000	       731	80000530	00000013	addi	x0,x0,0	  x0:0x00000000
        7335000	       732	80000534	024000ef	jal	x1,80000534	  x1=0x80000534
        7345000	       733	00000000	00000013	addi	x0,x0,0	  x0:0x00000000
        7355000	       734	80000554	00000013	addi	x0,x0,0	  x0:0x00000000
        7365000	       735	80000558	004000ef	jal	x1,80000558	  x1=0x80000558
        7375000	       736	00000000	00000013	addi	x0,x0,0	  x0:0x00000000
        7385000	       737	80000558	00000013	addi	x0,x0,0	  x0:0x00000000
        7395000	       738	8000055c	ff1ff36f	jal	x6,8000055c	  x6=0x8000055c
        7405000	       739	00000000	00000013	addi	x0,x0,0	  x0:0x00000000
        7415000	       740	80000548	00000013	addi	x0,x0,0	  x0:0x00000000
        7425000	       741	8000054c	018000ef	jal	x1,8000054c	  x1=0x8000054c
        7435000	       742	00000000	00000013	addi	x0,x0,0	  x0:0x00000000
        7445000	       743	80000560	00000013	addi	x0,x0,0	  x0:0x00000000
        7455000	       744	80000564	ffdff16f	jal	x2,80000564	  x2=0x80000564
        7465000	       745	00000000	00000013	addi	x0,x0,0	  x0:0x00000000
        7475000	       746	8000055c	00000013	addi	x0,x0,0	  x0:0x00000000
        7485000	       747	80000560	0140036f	jal	x6,80000560	  x6=0x80000560
        7495000	       748	00000000	00000013	addi	x0,x0,0	  x0:0x00000000
        7505000	       749	80000570	00000013	addi	x0,x0,0	  x0:0x00000000
        7515000	       750	80000574	ffdff36f	jal	x6,80000574	  x6=0x80000574
        7525000	       751	00000000	00000013	addi	x0,x0,0	  x0:0x00000000
        7535000	       752	8000056c	00000013	addi	x0,x0,0	  x0:0x00000000
        7545000	       753	80000570	fe5ff2ef	jal	x5,80000570	  x5=0x80000570
        7555000	       754	00000000	00000013	addi	x0,x0,0	  x0:0x00000000
        7565000	       755	80000550	00000013	addi	x0,x0,0	  x0:0x00000000
        7575000	       756	80000554	024000ef	jal	x1,80000554	  x1=0x80000554
        7585000	       757	00000000	00000013	addi	x0,x0,0	  x0:0x00000000
        7595000	       758	80000574	00000013	addi	x0,x0,0	  x0:0x00000000
        7605000	       759	80000578	327f3d17	auipc	x26,0x327f3	 x26=0xb27f3574
        7615000	       760	8000057c	00360b33	add	x22,x12,x3	 x12:0x8000052c  x3:0x800004b8 x22=0x000009e4
        7625000	       761	80000580	003c0033	add	x0,x24,x3	 x24:0x80009fc4  x3:0x800004b8
        7635000	       762	80000584	009e0633	add	x12,x28,x9	 x28:0x00000000  x9:0x00000000 x12=0x00000000
        7645000	       763	80000588	400c57b3	sra	x15,x24,x0	 x24:0x80009fc4  x0:0x00000000 x15=0x80009fc4
        7655000	       764	8000058c	41f15393	srai	x7,x2,0x1f	  x2:0x80000564  x7=0xffffffff
        7665000	       765	80000590	010a1193	slli	x3,x20,0x10	 x20:0x80000338  x3=0x03380000
        7675000	       766	80000594	a04bae93	slti	x29,x23,-1532	 x23:0x80000454 x29=0x00000001
        7685000	       767	80000598	29a6ef13	ori	x30,x13,666	 x13:0x800004a8 x30=0x800006ba
        7695000	       768	8000059c	019ec2b3	xor	x5,x29,x25	 x29:0x00000001 x25:0x80009f84  x5=0x80009f85
        7705000	       769	800005a0	01c5d313	srli	x6,x11,0x1c	 x11:0x8cfc3000  x6=0x00000008
        7715000	       770	800005a4	006f11b3	sll	x3,x30,x6	 x30:0x800006ba  x6:0x00000008  x3=0x0006ba00
        7725000	       771	800005a8	0109c733	xor	x14,x19,x16	 x19:0x8000025c x16:0xfffffd53 x14=0x7fffff0f
        7735000	       772	800005ac	02c7dc63	bge	x15,x12,800005e4	 x15:0x80009fc4 x12:0x00000000
        7745000	       773	800005b0	001bb4b3	sltu	x9,x23,x1	 x23:0x80000454  x1:0x80000554  x9=0x00000001
        7755000	       774	800005b4	00cff5b3	and	x11,x31,x12	 x31:0xd6309000 x12:0x00000000 x11=0x00000000
        7765000	       775	800005b8	01603433	sltu	x8,x0,x22	  x0:0x00000000 x22:0x000009e4  x8=0x00000001
        7775000	       776	800005bc	039b5063	bge	x22,x25,800005dc	 x22:0x000009e4 x25:0x80009f84
        7785000	       777	00000000	00000013	addi	x0,x0,0	  x0:0x00000000
        7795000	       778	800005d8	00000013	addi	x0,x0,0	  x0:0x00000000
        7805000	       779	800005dc	00d15463	bge	x2,x13,800005e4	  x2:0x80000564 x13:0x800004a8
        7815000	       780	00000000	00000013	addi	x0,x0,0	  x0:0x00000000
        7825000	       781	800005e0	00000013	addi	x0,x0,0	  x0:0x00000000
        7835000	       782	800005e4	e4e97413	andi	x8,x18,-434	 x18:0x7fffff80  x8=0x7ffffe00
        7845000	       783	800005e8	41250e33	sub	x28,x10,x18	 x10:0x8000036c x18:0x7fffff80 x28=0x000003ec
        7855000	       784	800005ec	36858913	addi	x18,x11,872	 x11:0x00000000 x18=0x00000368
        7865000	       785	800005f0	025aca63	blt	x21,x5,80000624	 x21:0x80000568  x5:0x80009f85
        7875000	       786	00000000	00000013	addi	x0,x0,0	  x0:0x00000000
        7885000	       787	80000620	00000013	addi	x0,x0,0	  x0:0x00000000
        7895000	       788	80000624	00000013	addi	x0,x0,0	  x0:0x00000000
        7905000	       789	80000628	01929463	bne	x5,x25,80000630	  x5:0x80009f85 x25:0x80009f84
        7915000	       790	00000000	00000013	addi	x0,x0,0	  x0:0x00000000
        7925000	       791	8000062c	00000013	addi	x0,x0,0	  x0:0x00000000
        7935000	       792	80000630	58e98193	addi	x3,x19,1422	 x19:0x8000025c  x3=0x800007ea
        7945000	       793	80000634	41bed313	srai	x6,x29,0x1b	 x29:0x00000001  x6=0x00000000
        7955000	       794	80000638	005a08b3	add	x17,x20,x5	 x20:0x80000338  x5:0x80009f85 x17=0x0000a2bd
        7965000	       795	8000063c	364d3f17	auipc	x30,0x364d3	 x30=0xb64d3638
        7975000	       796	80000640	00000013	addi	x0,x0,0	  x0:0x00000000
        7985000	       797	80000644	03750a93	addi	x21,x10,55	 x10:0x8000036c x21=0x800003a3
        7995000	       798	80000648	53fff893	andi	x17,x31,1343	 x31:0xd6309000 x17=0x00000000
        8005000	       799	8000064c	01163eb3	sltu	x29,x12,x17	 x12:0x00000000 x17:0x00000000 x29=0x00000000
        8015000	       800	80000650	017e8633	add	x12,x29,x23	 x29:0x00000000 x23:0x80000454 x12=0x80000454
        8025000	       801	80000654	005b5513	srli	x10,x22,0x5	 x22:0x000009e4 x10=0x0000004f
        8035000	       802	80000658	0058e7b3	or	x15,x17,x5	 x17:0x00000000  x5:0x80009f85 x15=0x80009f85
        8045000	       803	8000065c	1631d1b7	lui	x3,0x1631d	  x3=0x1631d000
        8055000	       804	80000660	41635633	sra	x12,x6,x22	  x6:0x00000000 x22:0x000009e4 x12=0x00000000
        8065000	       805	80000664	39f24893	xori	x17,x4,927	  x4:0x00000000 x17=0x0000039f
        8075000	       806	80000668	04227063	bgeu	x4,x2,800006a8	  x4:0x00000000  x2:0x80000564
        8085000	       807	8000066c	03364137	lui	x2,0x3364	  x2=0x03364000
        8095000	       808	80000670	00f01eb3	sll	x29,x0,x15	  x0:0x00000000 x15:0x80009f85 x29=0x00000000
        8105000	       809	80000674	1edb7b93	andi	x23,x22,493	 x22:0x000009e4 x23=0x000001e4
        8115000	       810	80000678	219ccf93	xori	x31,x25,537	 x25:0x80009f84 x31=0x80009d9d
        8125000	       811	8000067c	03298663	beq	x19,x18,800006a8	 x19:0x8000025c x18:0x00000368
        8135000	       812	80000680	05601263	bne	x0,x22,800006c4	  x0:0x00000000 x22:0x000009e4
        8145000	       813	00000000	00000013	addi	x0,x0,0	  x0:0x00000000
        8155000	       814	800006c0	00000013	addi	x0,x0,0	  x0:0x00000000
        8165000	       815	800006c4	fa326b93	ori	x23,x4,-93	  x4:0x00000000 x23=0xffffffa3
        8175000	       816	800006c8	01af35b3	sltu	x11,x30,x26	 x30:0xb64d3638 x26:0xb27f3574 x11=0x00000000
        8185000	       817	800006cc	a1f46793	ori	x15,x8,-1505	  x8:0x7ffffe00 x15=0xfffffe1f
        8195000	       818	800006d0	0377da63	bge	x15,x23,80000704	 x15:0xfffffe1f x23:0xffffffa3
        8205000	       819	800006d4	408ed8b3	sra	x17,x29,x8	 x29:0x00000000  x8:0x7ffffe00 x17=0x00000000
        8215000	       820	800006d8	001f9a93	slli	x21,x31,0x1	 x31:0x80009d9d x21=0x00013b3a
        8225000	       821	800006dc	003565b3	or	x11,x10,x3	 x10:0x0000004f  x3:0x1631d000 x11=0x1631d04f
        8235000	       822	800006e0	e47a8593	addi	x11,x21,-441	 x21:0x00013b3a x11=0x00013981
        8245000	       823	800006e4	00807433	and	x8,x0,x8	  x0:0x00000000  x8:0x7ffffe00  x8=0x00000000
        8255000	       824	800006e8	002e89b3	add	x19,x29,x2	 x29:0x00000000  x2:0x03364000 x19=0x03364000
        8265000	       825	800006ec	00bfdb13	srli	x22,x31,0xb	 x31:0x80009d9d x22=0x00100013
        8275000	       826	800006f0	87842f13	slti	x30,x8,-1928	  x8:0x00000000 x30=0x00000000
        8285000	       827	800006f4	00000013	addi	x0,x0,0	  x0:0x00000000
        8295000	       828	800006f8	01432f33	slt	x30,x6,x20	  x6:0x00000000 x20:0x80000338 x30=0x00000000
        8305000	       829	800006fc	017a7463	bgeu	x20,x23,80000704	 x20:0x80000338 x23:0xffffffa3
        8315000	       830	80000700	3e300613	addi	x12,x0,995	  x0:0x00000000 x12=0x000003e3
        8325000	       831	80000704	fe72bf13	sltiu	x30,x5,-25	  x5:0x80009f85 x30=0x00000001
        8335000	       832	80000708	28f07113	andi	x2,x0,655	  x0:0x00000000  x2=0x00000000
        8345000	       833	8000070c	004b0433	add	x8,x22,x4	 x22:0x00100013  x4:0x00000000  x8=0x00100013
        8355000	       834	80000710	017af463	bgeu	x21,x23,80000718	 x21:0x00013b3a x23:0xffffffa3
        8365000	       835	80000714	00331463	bne	x6,x3,8000071c	  x6:0x00000000  x3:0x1631d000
        8375000	       836	00000000	00000013	addi	x0,x0,0	  x0:0x00000000
        8385000	       837	80000718	00000013	addi	x0,x0,0	  x0:0x00000000
        8395000	       838	8000071c	1af76093	ori	x1,x14,431	 x14:0x7fffff0f  x1=0x7fffffaf
        8405000	       839	80000720	364c7913	andi	x18,x24,868	 x24:0x80009fc4 x18=0x00000344
        8415000	       840	80000724	0316ec63	bltu	x13,x17,8000075c	 x13:0x800004a8 x17:0x00000000
        8425000	       841	80000728	cbdcca13	xori	x20,x25,-835	 x25:0x80009f84 x20=0x7fff6339
        8435000	       842	8000072c	01a21a33	sll	x20,x4,x26	  x4:0x00000000 x26:0xb27f3574 x20=0x00000000
        8445000	       843	80000730	003f6eb3	or	x29,x30,x3	 x30:0x00000001  x3:0x1631d000 x29=0x1631d001
        8455000	       844	80000734	0002d433	srl	x8,x5,x0	  x5:0x80009f85  x0:0x00000000  x8=0x80009f85
        8465000	       845	80000738	11dfbf13	sltiu	x30,x31,285	 x31:0x80009d9d x30=0x00000000
        8475000	       846	8000073c	40d20d33	sub	x26,x4,x13	  x4:0x00000000 x13:0x800004a8 x26=0x7ffffb58
        8485000	       847	80000740	06035663	bge	x6,x0,800007ac	  x6:0x00000000  x0:0x00000000
        8495000	       848	00000000	00000013	addi	x0,x0,0	  x0:0x00000000
        8505000	       849	800007a8	00000013	addi	x0,x0,0	  x0:0x00000000
        8515000	       850	800007ac	0005e6b3	or	x13,x11,x0	 x11:0x00013981  x0:0x00000000 x13=0x00013981
        8525000	       851	800007b0	a07a3797	auipc	x15,0xa07a3	 x15=0x207a37ac
        8535000	       852	800007b4	0311c663	blt	x3,x17,800007e0	  x3:0x1631d000 x17:0x00000000
        8545000	       853	800007b8	01a6edb3	or	x27,x13,x26	 x13:0x00013981 x26:0x7ffffb58 x27=0x7ffffbd9
        8555000	       854	800007bc	6597e617	auipc	x12,0x6597e	 x12=0xe597e7b8
        8565000	       855	800007c0	408ada33	sra	x20,x21,x8	 x21:0x00013b3a  x8:0x80009f85 x20=0x000009d9
        8575000	       856	800007c4	006ae6b3	or	x13,x21,x6	 x21:0x00013b3a  x6:0x00000000 x13=0x00013b3a
        8585000	       857	800007c8	00c4b5b3	sltu	x11,x9,x12	  x9:0x00000001 x12:0xe597e7b8 x11=0x00000001
        8595000	       858	800007cc	418fd993	srai	x19,x31,0x18	 x31:0x80009d9d x19=0xffffff80
        8605000	       859	800007d0	bcca4f13	xori	x30,x20,-1076	 x20:0x000009d9 x30=0xfffff215
        8615000	       860	800007d4	01e576b3	and	x13,x10,x30	 x10:0x0000004f x30:0xfffff215 x13=0x00000005
        8625000	       861	800007d8	00000013	addi	x0,x0,0	  x0:0x00000000
        8635000	       862	800007dc	f79caf17	auipc	x30,0xf79ca	 x30=0x779ca7d8
        8645000	       863	800007e0	01931133	sll	x2,x6,x25	  x6:0x00000000 x25:0x80009f84  x2=0x00000000
        8655000	       864	800007e4	4131dd13	srai	x26,x3,0x13	  x3:0x1631d000 x26=0x000002c6
        8665000	       865	800007e8	02fe4e63	blt	x28,x15,80000824	 x28:0x000003ec x15:0x207a37ac
        8675000	       866	00000000	00000013	addi	x0,x0,0	  x0:0x00000000
        8685000	       867	80000820	00000013	addi	x0,x0,0	  x0:0x00000000
        8695000	       868	80000824	9f328993	addi	x19,x5,-1549	  x5:0x80009f85 x19=0x80009978
        8705000	       869	80000828	41e15bb3	sra	x23,x2,x30	  x2:0x00000000 x30:0x779ca7d8 x23=0x00000000
        8715000	       870	8000082c	03f56a63	bltu	x10,x31,80000860	 x10:0x0000004f x31:0x80009d9d
        8725000	       871	00000000	00000013	addi	x0,x0,0	  x0:0x00000000
        8735000	       872	8000085c	00000013	addi	x0,x0,0	  x0:0x00000000
        8745000	       873	80000860	e9a0a913	slti	x18,x1,-358	  x1:0x7fffffaf x18=0x00000000
        8755000	       874	80000864	63d7c993	xori	x19,x15,1597	 x15:0x207a37ac x19=0x207a3191
        8765000	       875	80000868	0977f063	bgeu	x15,x23,800008e8	 x15:0x207a37ac x23:0x00000000
        8775000	       876	00000000	00000013	addi	x0,x0,0	  x0:0x00000000
        8785000	       877	800008e4	00000013	addi	x0,x0,0	  x0:0x00000000
        8795000	       878	800008e8	40f95893	srai	x17,x18,0xf	 x18:0x00000000 x17=0x00000000
        8805000	       879	800008ec	038e0c63	beq	x28,x24,80000924	 x28:0x000003ec x24:0x80009fc4
        8815000	       880	800008f0	40f15033	sra	x0,x2,x15	  x2:0x00000000 x15:0x207a37ac
        8825000	       881	800008f4	01ef4663	blt	x30,x30,80000900	 x30:0x779ca7d8 x30:0x779ca7d8
        8835000	       882	800008f8	03ed0e63	beq	x26,x30,80000934	 x26:0x000002c6 x30:0x779ca7d8
        8845000	       883	800008fc	c22e3593	sltiu	x11,x28,-990	 x28:0x000003ec x11=0x00000001
        8855000	       884	80000900	266a2137	lui	x2,0x266a2	  x2=0x266a2000
        8865000	       885	80000904	409c5533	sra	x10,x24,x9	 x24:0x80009fc4  x9:0x00000001 x10=0xc0004fe2
        8875000	       886	80000908	00c397b3	sll	x15,x7,x12	  x7:0xffffffff x12:0xe597e7b8 x15=0xff000000
        8885000	       887	8000090c	043f7463	bgeu	x30,x3,80000954	 x30:0x779ca7d8  x3:0x1631d000
        8895000	       888	00000000	00000013	addi	x0,x0,0	  x0:0x00000000
        8905000	       889	80000950	00000013	addi	x0,x0,0	  x0:0x00000000
        8915000	       890	80000954	aab54093	xori	x1,x10,-1365	 x10:0xc0004fe2  x1=0x3fffb549
        8925000	       891	80000958	02105663	bge	x0,x1,80000984	  x0:0x00000000  x1:0x3fffb549
        8935000	       892	8000095c	00000013	addi	x0,x0,0	  x0:0x00000000
        8945000	       893	80000960	046a6663	bltu	x20,x6,800009ac	 x20:0x000009d9  x6:0x00000000
        8955000	       894	80000964	00089e93	slli	x29,x17,0x0	 x17:0x00000000 x29=0x00000000
        8965000	       895	80000968	41d18fb3	sub	x31,x3,x29	  x3:0x1631d000 x29:0x00000000 x31=0x1631d000
        8975000	       896	8000096c	00fa4eb3	xor	x29,x20,x15	 x20:0x000009d9 x15:0xff000000 x29=0xff0009d9
        8985000	       897	80000970	6107ee93	ori	x29,x15,1552	 x15:0xff000000 x29=0xff000610
        8995000	       898	80000974	00e67433	and	x8,x12,x14	 x12:0xe597e7b8 x14:0x7fffff0f  x8=0x6597e708
        9005000	       899	80000978	d038ee93	ori	x29,x17,-765	 x17:0x00000000 x29=0xfffffd03
        9015000	       900	8000097c	00000013	addi	x0,x0,0	  x0:0x00000000
        9025000	       901	80000980	f57e3593	sltiu	x11,x28,-169	 x28:0x000003ec x11=0x00000001
        9035000	       902	80000984	41a98833	sub	x16,x19,x26	 x19:0x207a3191 x26:0x000002c6 x16=0x207a2ecb
        9045000	       903	80000988	b897be17	auipc	x28,0xb897b	 x28=0x3897b984
        9055000	       904	8000098c	2872ef93	ori	x31,x5,647	  x5:0x80009f85 x31=0x80009f87
        9065000	       905	80000990	00266463	bltu	x12,x2,80000998	 x12:0xe597e7b8  x2:0x266a2000
        9075000	       906	80000994	006488b3	add	x17,x9,x6	  x9:0x00000001  x6:0x00000000 x17=0x00000001
        9085000	       907	80000998	01b35a93	srli	x21,x6,0x1b	  x6:0x00000000 x21=0x00000000
        9095000	       908	8000099c	03de6a63	bltu	x28,x29,800009d0	 x28:0x3897b984 x29:0xfffffd03
        9105000	       909	00000000	00000013	addi	x0,x0,0	  x0:0x00000000
        9115000	       910	800009cc	00000013	addi	x0,x0,0	  x0:0x00000000
        9125000	       911	800009d0	c70ac793	xori	x15,x21,-912	 x21:0x00000000 x15=0xfffffc70
        9135000	       912	800009d4	414cd793	srai	x15,x25,0x14	 x25:0x80009f84 x15=0xfffff800
        9145000	       913	800009d8	00637fb3	and	x31,x6,x6	  x6:0x00000000  x6:0x00000000 x31=0x00000000
        9155000	       914	800009dc	0199d263	bge	x19,x25,800009e0	 x19:0x207a3191 x25:0x80009f84
        9165000	       915	00000000	00000013	addi	x0,x0,0	  x0:0x00000000
        9175000	       916	800009dc	00000013	addi	x0,x0,0	  x0:0x00000000
        9185000	       917	800009e0	5bccf793	andi	x15,x25,1468	 x25:0x80009f84 x15=0x00000584
        9195000	       918	800009e4	01e75833	srl	x16,x14,x30	 x14:0x7fffff0f x30:0x779ca7d8 x16=0x0000007f
        9205000	       919	800009e8	030cec63	bltu	x25,x16,80000a20	 x25:0x80009f84 x16:0x0000007f
        9215000	       920	800009ec	01a53b33	sltu	x22,x10,x26	 x10:0xc0004fe2 x26:0x000002c6 x22=0x00000000
        9225000	       921	800009f0	00b96663	bltu	x18,x11,800009fc	 x18:0x00000000 x11:0x00000001
        9235000	       922	00000000	00000013	addi	x0,x0,0	  x0:0x00000000
        9245000	       923	800009f8	00000013	addi	x0,x0,0	  x0:0x00000000
        9255000	       924	800009fc	03281c63	bne	x16,x18,80000a34	 x16:0x0000007f x18:0x00000000
        9265000	       925	00000000	00000013	addi	x0,x0,0	  x0:0x00000000
        9275000	       926	80000a30	00000013	addi	x0,x0,0	  x0:0x00000000
        9285000	       927	80000a34	00634263	blt	x6,x6,80000a38	  x6:0x00000000  x6:0x00000000
        9295000	       928	80000a38	4c52ad13	slti	x26,x5,1221	  x5:0x80009f85 x26=0x00000001
        9305000	       929	80000a3c	bdd4bf93	sltiu	x31,x9,-1059	  x9:0x00000001 x31=0x00000001
        9315000	       930	80000a40	6769b893	sltiu	x17,x19,1654	 x19:0x207a3191 x17=0x00000000
        9325000	       931	80000a44	402907b3	sub	x15,x18,x2	 x18:0x00000000  x2:0x266a2000 x15=0xd995e000
        9335000	       932	80000a48	036e6063	bltu	x28,x22,80000a68	 x28:0x3897b984 x22:0x00000000
        9345000	       933	80000a4c	00000013	addi	x0,x0,0	  x0:0x00000000
        9355000	       934	80000a50	01f1ab33	slt	x22,x3,x31	  x3:0x1631d000 x31:0x00000001 x22=0x00000000
        9365000	       935	80000a54	00421f13	slli	x30,x4,0x4	  x4:0x00000000 x30=0x00000000
        9375000	       936	80000a58	012804b3	add	x9,x16,x18	 x16:0x0000007f x18:0x00000000  x9=0x0000007f
        9385000	       937	80000a5c	007383b3	add	x7,x7,x7	  x7:0xffffffff  x7:0xffffffff  x7=0xfffffffe
        9395000	       938	80000a60	057f6e13	ori	x28,x30,87	 x30:0x00000000 x28=0x00000057
        9405000	       939	80000a64	00d8d3b3	srl	x7,x17,x13	 x17:0x00000000 x13:0x00000005  x7=0x00000000
        9415000	       940	80000a68	00c15e63	bge	x2,x12,80000a84	  x2:0x266a2000 x12:0xe597e7b8
        9425000	       941	00000000	00000013	addi	x0,x0,0	  x0:0x00000000
        9435000	       942	80000a80	00000013	addi	x0,x0,0	  x0:0x00000000
        9445000	       943	80000a84	006509b3	add	x19,x10,x6	 x10:0xc0004fe2  x6:0x00000000 x19=0xc0004fe2
        9455000	       944	80000a88	05315063	bge	x2,x19,80000ac8	  x2:0x266a2000 x19:0xc0004fe2
        9465000	       945	00000000	00000013	addi	x0,x0,0	  x0:0x00000000
        9475000	       946	80000ac4	00000013	addi	x0,x0,0	  x0:0x00000000
        9485000	       947	80000ac8	01e3c133	xor	x2,x7,x30	  x7:0x00000000 x30:0x00000000  x2=0x00000000
        9495000	       948	80000acc	02684a63	blt	x16,x6,80000b00	 x16:0x0000007f  x6:0x00000000
        9505000	       949	80000ad0	c85e6993	ori	x19,x28,-891	 x28:0x00000057 x19=0xfffffcd7
        9515000	       950	80000ad4	4ae77613	andi	x12,x14,1198	 x14:0x7fffff0f x12=0x0000040e
        9525000	       951	80000ad8	4004deb3	sra	x29,x9,x0	  x9:0x0000007f  x0:0x00000000 x29=0x0000007f
        9535000	       952	80000adc	02cec063	blt	x29,x12,80000afc	 x29:0x0000007f x12:0x0000040e
        9545000	       953	00000000	00000013	addi	x0,x0,0	  x0:0x00000000
        9555000	       954	80000af8	00000013	addi	x0,x0,0	  x0:0x00000000
        9565000	       955	80000afc	015b7633	and	x12,x22,x21	 x22:0x00000000 x21:0x00000000 x12=0x00000000
        9575000	       956	80000b00	00160a33	add	x20,x12,x1	 x12:0x00000000  x1:0x3fffb549 x20=0x3fffb549
        9585000	       957	80000b04	01510633	add	x12,x2,x21	  x2:0x00000000 x21:0x00000000 x12=0x00000000
        9595000	       958	80000b08	631b8f13	addi	x30,x23,1585	 x23:0x00000000 x30=0x00000631
        9605000	       959	80000b0c	03d3fe63	bgeu	x7,x29,80000b48	  x7:0x00000000 x29:0x0000007f
        9615000	       960	80000b10	e8e4ad93	slti	x27,x9,-370	  x9:0x0000007f x27=0x00000000
        9625000	       961	80000b14	01cfadb3	slt	x27,x31,x28	 x31:0x00000001 x28:0x00000057 x27=0x00000001
        9635000	       962	80000b18	036fdc63	bge	x31,x22,80000b50	 x31:0x00000001 x22:0x00000000
        9645000	       963	00000000	00000013	addi	x0,x0,0	  x0:0x00000000
        9655000	       964	80000b4c	00000013	addi	x0,x0,0	  x0:0x00000000
        9665000	       965	80000b50	00259733	sll	x14,x11,x2	 x11:0x00000001  x2:0x00000000 x14=0x00000001
        9675000	       966	80000b54	01d60ab3	add	x21,x12,x29	 x12:0x00000000 x29:0x0000007f x21=0x0000007f
        9685000	       967	80000b58	010724b3	slt	x9,x14,x16	 x14:0x00000001 x16:0x0000007f  x9=0x00000001
        9695000	       968	80000b5c	00000013	addi	x0,x0,0	  x0:0x00000000
        9705000	       969	80000b60	3f375617	auipc	x12,0x3f375	 x12=0xbf375b5c
        9715000	       970	80000b64	056fc463	blt	x31,x22,80000bac	 x31:0x00000001 x22:0x00000000
        9725000	       971	80000b68	015d13b3	sll	x7,x26,x21	 x26:0x00000001 x21:0x0000007f  x7=0x80000000
        9735000	       972	80000b6c	46763613	sltiu	x12,x12,1127	 x12:0xbf375b5c x12=0x00000000
        9745000	       973	80000b70	0155e663	bltu	x11,x21,80000b7c	 x11:0x00000001 x21:0x0000007f
        9755000	       974	00000000	00000013	addi	x0,x0,0	  x0:0x00000000
        9765000	       975	80000b78	00000013	addi	x0,x0,0	  x0:0x00000000
        9775000	       976	80000b7c	020a4a63	blt	x20,x0,80000bb0	 x20:0x3fffb549  x0:0x00000000
        9785000	       977	80000b80	41ed89b3	sub	x19,x27,x30	 x27:0x00000001 x30:0x00000631 x19=0xfffff9d0
        9795000	       978	80000b84	01306eb3	or	x29,x0,x19	  x0:0x00000000 x19:0xfffff9d0 x29=0xfffff9d0
        9805000	       979	80000b88	010e3433	sltu	x8,x28,x16	 x28:0x00000057 x16:0x0000007f  x8=0x00000001
        9815000	       980	80000b8c	00cd5db3	srl	x27,x26,x12	 x26:0x00000001 x12:0x00000000 x27=0x00000001
        9825000	       981	80000b90	40945fb3	sra	x31,x8,x9	  x8:0x00000001  x9:0x00000001 x31=0x00000000
        9835000	       982	80000b94	002dda13	srli	x20,x27,0x2	 x27:0x00000001 x20=0x00000000
        9845000	       983	80000b98	036e4663	blt	x28,x22,80000bc4	 x28:0x00000057 x22:0x00000000
        9855000	       984	80000b9c	65467b37	lui	x22,0x65467	 x22=0x65467000
        9865000	       985	80000ba0	9b86a913	slti	x18,x13,-1608	 x13:0x00000005 x18=0x00000000
        9875000	       986	80000ba4	0025f633	and	x12,x11,x2	 x11:0x00000001  x2:0x00000000 x12=0x00000000
        9885000	       987	80000ba8	00025013	srli	x0,x4,0x0	  x4:0x00000000
        9895000	       988	80000bac	40565f33	sra	x30,x12,x5	 x12:0x00000000  x5:0x80009f85 x30=0x00000000
        9905000	       989	80000bb0	02630a63	beq	x6,x6,80000be4	  x6:0x00000000  x6:0x00000000
        9915000	       990	00000000	00000013	addi	x0,x0,0	  x0:0x00000000
        9925000	       991	80000be0	00000013	addi	x0,x0,0	  x0:0x00000000
        9935000	       992	80000be4	408d5293	srai	x5,x26,0x8	 x26:0x00000001  x5=0x00000000
        9945000	       993	80000be8	d6f5f737	lui	x14,0xd6f5f	 x14=0xd6f5f000
        9955000	       994	80000bec	0055e9b3	or	x19,x11,x5	 x11:0x00000001  x5:0x00000000 x19=0x00000001
        9965000	       995	80000bf0	01c2e5b3	or	x11,x5,x28	  x5:0x00000000 x28:0x00000057 x11=0x00000057
        9975000	       996	80000bf4	b03b2993	slti	x19,x22,-1277	 x22:0x65467000 x19=0x00000000
        9985000	       997	80000bf8	3062f913	andi	x18,x5,774	  x5:0x00000000 x18=0x00000000
        9995000	       998	80000bfc	002bf533	and	x10,x23,x2	 x23:0x00000000  x2:0x00000000 x10=0x00000000
       10005000	       999	80000c00	0193c033	xor	x0,x7,x25	  x7:0x80000000 x25:0x80009f84
       10015000	      1000	80000c04	4d49a4b7	lui	x9,0x4d49a	  x9=0x4d49a000
       10025000	      1001	80000c08	011a0933	add	x18,x20,x17	 x20:0x00000000 x17:0x00000000 x18=0x00000000
       10035000	      1002	80000c0c	3b88b197	auipc	x3,0x3b88b	  x3=0xbb88bc08
       10045000	      1003	80000c10	528ece93	xori	x29,x29,1320	 x29:0xfffff9d0 x29=0xfffffcf8
       10055000	      1004	80000c14	41a6d733	sra	x14,x13,x26	 x13:0x00000005 x26:0x00000001 x14=0x00000002
       10065000	      1005	80000c18	d4466517	auipc	x10,0xd4466	 x10=0x54466c14
       10075000	      1006	80000c1c	01765693	srli	x13,x12,0x17	 x12:0x00000000 x13=0x00000000
       10085000	      1007	80000c20	68087f37	lui	x30,0x68087	 x30=0x68087000
       10095000	      1008	80000c24	40dfd033	sra	x0,x31,x13	 x31:0x00000000 x13:0x00000000
       10105000	      1009	80000c28	03db8a63	beq	x23,x29,80000c5c	 x23:0x00000000 x29:0xfffffcf8
       10115000	      1010	80000c2c	00befc63	bgeu	x29,x11,80000c44	 x29:0xfffffcf8 x11:0x00000057
       10125000	      1011	00000000	00000013	addi	x0,x0,0	  x0:0x00000000
       10135000	      1012	80000c40	00000013	addi	x0,x0,0	  x0:0x00000000
       10145000	      1013	80000c44	18130bb7	lui	x23,0x18130	 x23=0x18130000
       10155000	      1014	80000c48	00ba71b3	and	x3,x20,x11	 x20:0x00000000 x11:0x00000057  x3=0x00000000
       10165000	      1015	80000c4c	41df5d93	srai	x27,x30,0x1d	 x30:0x68087000 x27=0x00000003
       10175000	      1016	80000c50	044f6063	bltu	x30,x4,80000c90	 x30:0x68087000  x4:0x00000000
       10185000	      1017	80000c54	00ac9663	bne	x25,x10,80000c60	 x25:0x80009f84 x10:0x54466c14
       10195000	      1018	00000000	00000013	addi	x0,x0,0	  x0:0x00000000
       10205000	      1019	80000c5c	00000013	addi	x0,x0,0	  x0:0x00000000
       10215000	      1020	80000c60	a2616113	ori	x2,x2,-1498	  x2:0x00000000  x2=0xfffffa26
       10225000	      1021	80000c64	00026b33	or	x22,x4,x0	  x4:0x00000000  x0:0x00000000 x22=0x00000000
       10235000	      1022	80000c68	01579fb3	sll	x31,x15,x21	 x15:0xd995e000 x21:0x0000007f x31=0x00000000
       10245000	      1023	80000c6c	4082d9b3	sra	x19,x5,x8	  x5:0x00000000  x8:0x00000001 x19=0x00000000
       10255000	      1024	80000c70	4408eb93	ori	x23,x17,1088	 x17:0x00000000 x23=0x00000440
       10265000	      1025	80000c74	7eadbe97	auipc	x29,0x7eadb	 x29=0xfeadbc70
       10275000	      1026	80000c78	00462533	slt	x10,x12,x4	 x12:0x00000000  x4:0x00000000 x10=0x00000000
       10285000	      1027	80000c7c	41dbd393	srai	x7,x23,0x1d	 x23:0x00000440  x7=0x00000000
       10295000	      1028	80000c80	00f9d193	srli	x3,x19,0xf	 x19:0x00000000  x3=0x00000000
       10305000	      1029	80000c84	00d6d893	srli	x17,x13,0xd	 x13:0x00000000 x17=0x00000000
       10315000	      1030	80000c88	01c4a6b3	slt	x13,x9,x28	  x9:0x4d49a000 x28:0x00000057 x13=0x00000000
       10325000	      1031	80000c8c	4114deb3	sra	x29,x9,x17	  x9:0x4d49a000 x17:0x00000000 x29=0x4d49a000
       10335000	      1032	80000c90	008c29b3	slt	x19,x24,x8	 x24:0x80009fc4  x8:0x00000001 x19=0x00000001
       10345000	      1033	80000c94	01c75093	srli	x1,x14,0x1c	 x14:0x00000002  x1=0x00000000
       10355000	      1034	80000c98	3af81117	auipc	x2,0x3af81	  x2=0xbaf81c94
       10365000	      1035	80000c9c	00424bb3	xor	x23,x4,x4	  x4:0x00000000  x4:0x00000000 x23=0x00000000
       10375000	      1036	80000ca0	01175eb3	srl	x29,x14,x17	 x14:0x00000002 x17:0x00000000 x29=0x00000002
       10385000	      1037	80000ca4	00cb8a33	add	x20,x23,x12	 x23:0x00000000 x12:0x00000000 x20=0x00000000
       10395000	      1038	80000ca8	00d304b3	add	x9,x6,x13	  x6:0x00000000 x13:0x00000000  x9=0x00000000
       10405000	      1039	80000cac	00a850b3	srl	x1,x16,x10	 x16:0x0000007f x10:0x00000000  x1=0x0000007f
       10415000	      1040	80000cb0	00000013	addi	x0,x0,0	  x0:0x00000000
       10425000	      1041	80000cb4	03cb6c63	bltu	x22,x28,80000cec	 x22:0x00000000 x28:0x00000057
       10435000	      1042	00000000	00000013	addi	x0,x0,0	  x0:0x00000000
       10445000	      1043	80000ce8	00000013	addi	x0,x0,0	  x0:0x00000000
       10455000	      1044	80000cec	01458463	beq	x11,x20,80000cf4	 x11:0x00000057 x20:0x00000000
       10465000	      1045	80000cf0	007a40b3	xor	x1,x20,x7	 x20:0x00000000  x7:0x00000000  x1=0x00000000
       10475000	      1046	80000cf4	015ee933	or	x18,x29,x21	 x29:0x00000002 x21:0x0000007f x18=0x0000007f
       10485000	      1047	80000cf8	01fced33	or	x26,x25,x31	 x25:0x80009f84 x31:0x00000000 x26=0x80009f84
       10495000	      1048	80000cfc	fc4f4f93	xori	x31,x30,-60	 x30:0x68087000 x31=0x97f78fc4
       10505000	      1049	80000d00	0126a133	slt	x2,x13,x18	 x13:0x00000000 x18:0x0000007f  x2=0x00000001
       10515000	      1050	80000d04	00b21033	sll	x0,x4,x11	  x4:0x00000000 x11:0x00000057
       10525000	      1051	80000d08	404c5b93	srai	x23,x24,0x4	 x24:0x80009fc4 x23=0xf80009fc
       10535000	      1052	80000d0c	400d5b93	srai	x23,x26,0x0	 x26:0x80009f84 x23=0x80009f84
       10545000	      1053	80000d10	5639ad13	slti	x26,x19,1379	 x19:0x00000001 x26=0x00000001
       10555000	      1054	80000d14	0af67013	andi	x0,x12,175	 x12:0x00000000
       10565000	      1055	80000d18	0277f063	bgeu	x15,x7,80000d38	 x15:0xd995e000  x7:0x00000000
       10575000	      1056	00000000	00000013	addi	x0,x0,0	  x0:0x00000000
       10585000	      1057	80000d34	00000013	addi	x0,x0,0	  x0:0x00000000
       10595000	      1058	80000d38	4186d093	srai	x1,x13,0x18	 x13:0x00000000  x1=0x00000000
       10605000	      1059	80000d3c	017e31b3	sltu	x3,x28,x23	 x28:0x00000057 x23:0x80009f84  x3=0x00000001
       10615000	      1060	80000d40	04607463	bgeu	x0,x6,80000d88	  x0:0x00000000  x6:0x00000000
       10625000	      1061	00000000	00000013	addi	x0,x0,0	  x0:0x00000000
       10635000	      1062	80000d84	00000013	addi	x0,x0,0	  x0:0x00000000
       10645000	      1063	80000d88	e7900e17	auipc	x28,0xe7900	 x28=0x67900d84
       10655000	      1064	80000d8c	6f41e793	ori	x15,x3,1780	  x3:0x00000001 x15=0x000006f5
       10665000	      1065	80000d90	8f64a593	slti	x11,x9,-1802	  x9:0x00000000 x11=0x00000000
       10675000	      1066	80000d94	00ed5663	bge	x26,x14,80000da0	 x26:0x00000001 x14:0x00000002
       10685000	      1067	80000d98	00000013	addi	x0,x0,0	  x0:0x00000000
       10695000	      1068	80000d9c	404256b3	sra	x13,x4,x4	  x4:0x00000000  x4:0x00000000 x13=0x00000000
       10705000	      1069	80000da0	ad590693	addi	x13,x18,-1323	 x18:0x0000007f x13=0xfffffb54
       10715000	      1070	80000da4	093f6c63	bltu	x30,x19,80000e3c	 x30:0x68087000 x19:0x00000001
       10725000	      1071	80000da8	00c8b433	sltu	x8,x17,x12	 x17:0x00000000 x12:0x00000000  x8=0x00000000
       10735000	      1072	80000dac	792bf813	andi	x16,x23,1938	 x23:0x80009f84 x16=0x00000780
       10745000	      1073	80000db0	41ed0b33	sub	x22,x26,x30	 x26:0x00000001 x30:0x68087000 x22=0x97f79001
       10755000	      1074	80000db4	5c763a13	sltiu	x20,x12,1479	 x12:0x00000000 x20=0x00000001
       10765000	      1075	80000db8	4a5d3793	sltiu	x15,x26,1189	 x26:0x00000001 x15=0x00000001
       10775000	      1076	80000dbc	522d6113	ori	x2,x26,1314	 x26:0x00000001  x2=0x00000523
       10785000	      1077	80000dc0	507c7b93	andi	x23,x24,1287	 x24:0x80009fc4 x23=0x00000504
       10795000	      1078	80000dc4	0998e663	bltu	x17,x25,80000e50	 x17:0x00000000 x25:0x80009f84
       10805000	      1079	00000000	00000013	addi	x0,x0,0	  x0:0x00000000
       10815000	      1080	80000e4c	00000013	addi	x0,x0,0	  x0:0x00000000
       10825000	      1081	80000e50	dde0ceb7	lui	x29,0xdde0c	 x29=0xdde0c000
       10835000	      1082	80000e54	01954833	xor	x16,x10,x25	 x10:0x00000000 x25:0x80009f84 x16=0x80009f84
       10845000	      1083	80000e58	05951063	bne	x10,x25,80000e98	 x10:0x00000000 x25:0x80009f84
       10855000	      1084	00000000	00000013	addi	x0,x0,0	  x0:0x00000000
       10865000	      1085	80000e94	00000013	addi	x0,x0,0	  x0:0x00000000
       10875000	      1086	80000e98	01868b33	add	x22,x13,x24	 x13:0xfffffb54 x24:0x80009fc4 x22=0x80009b18
       10885000	      1087	80000e9c	00000013	addi	x0,x0,0	  x0:0x00000000
       10895000	      1088	80000ea0	cf579717	auipc	x14,0xcf579	 x14=0x4f579e9c
       10905000	      1089	80000ea4	05f4f063	bgeu	x9,x31,80000ee4	  x9:0x00000000 x31:0x97f78fc4
       10915000	      1090	80000ea8	00b35a93	srli	x21,x6,0xb	  x6:0x00000000 x21=0x00000000
       10925000	      1091	80000eac	c1bd4037	lui	x0,0xc1bd4	
       10935000	      1092	80000eb0	15f72017	auipc	x0,0x15f72	
       10945000	      1093	80000eb4	00f741b3	xor	x3,x14,x15	 x14:0x4f579e9c x15:0x00000001  x3=0x4f579e9d
       10955000	      1094	80000eb8	853ac813	xori	x16,x21,-1965	 x21:0x00000000 x16=0xfffff853
       10965000	      1095	80000ebc	00895393	srli	x7,x18,0x8	 x18:0x0000007f  x7=0x00000000
       10975000	      1096	80000ec0	32e7b713	sltiu	x14,x15,814	 x15:0x00000001 x14=0x00000001
       10985000	      1097	80000ec4	e3a5be97	auipc	x29,0xe3a5b	 x29=0x63a5bec0
       10995000	      1098	80000ec8	416202b3	sub	x5,x4,x22	  x4:0x00000000 x22:0x80009b18  x5=0x7fff64e8
       11005000	      1099	80000ecc	40ceda93	srai	x21,x29,0xc	 x29:0x63a5bec0 x21=0x00063a5b
       11015000	      1100	80000ed0	3550af93	slti	x31,x1,853	  x1:0x00000000 x31=0x00000001
       11025000	      1101	80000ed4	41478db3	sub	x27,x15,x20	 x15:0x00000001 x20:0x00000001 x27=0x00000000
       11035000	      1102	80000ed8	01891c63	bne	x18,x24,80000ef0	 x18:0x0000007f x24:0x80009fc4
       11045000	      1103	00000000	00000013	addi	x0,x0,0	  x0:0x00000000
       11055000	      1104	80000eec	00000013	addi	x0,x0,0	  x0:0x00000000
       11065000	      1105	80000ef0	00d04133	xor	x2,x0,x13	  x0:0x00000000 x13:0xfffffb54  x2=0xfffffb54
       11075000	      1106	80000ef4	00000217	auipc	x4,0x0	  x4=0x80000ef0
       11085000	      1107	80000ef8	00c20213	addi	x4,x4,12	  x4:0x80000ef0  x4=0x80000efc
       11095000	      1108	80000efc	00020067	jalr	x0,x4,0	  x4:0x80000efc
       11105000	      1109	00000000	00000013	addi	x0,x0,0	  x0:0x00000000
       11115000	      1110	80000efc	00000013	addi	x0,x0,0	  x0:0x00000000
       11125000	      1111	80000f00	00100193	addi	x3,x0,1	  x0:0x00000000  x3=0x00000001
       11135000	      1112	80000f04	00000073	ecall	
       11145000	      1113	80000f08	ff0c8c93	addi	x25,x25,-16	 x25:0x80009f84 x25=0x80009f74
