		Time			Cycle	PC		Insn	Decoded instruction	Register and memory contents
          65000	         5	80000004	00000293	addi	x5,x0,0	  x0:0x00000000  x5=0x00000000
          75000	         6	80000008	00000313	addi	x6,x0,0	  x0:0x00000000  x6=0x00000000
          85000	         7	8000000c	00628263	beq	x5,x6,80000010	  x5:0x00000000  x6:0x00000000
          95000	         8	00000000	00000013	addi	x0,x0,0	  x0:0x00000000
         105000	         9	8000000c	00000013	addi	x0,x0,0	  x0:0x00000000
         115000	        10	80000010	00000897	auipc	x17,0x0	 x17=0x8000000c
         125000	        11	80000014	00c88893	addi	x17,x17,12	 x17:0x8000000c x17=0x80000018
         135000	        12	80000018	00088067	jalr	x0,x17,0	 x17:0x80000018
         145000	        13	00000000	00000013	addi	x0,x0,0	  x0:0x00000000
         155000	        14	80000018	00000013	addi	x0,x0,0	  x0:0x00000000
         165000	        15	8000001c	40000eb7	lui	x29,0x40000	 x29=0x40000000
         175000	        16	80000020	100e8e93	addi	x29,x29,256	 x29:0x40000000 x29=0x40000100
         185000	        17	80000024	00000013	addi	x0,x0,0	  x0:0x00000000
         195000	        18	80000028	0000a817	auipc	x16,0xa	 x16=0x8000a024
         205000	        19	8000002c	fa080813	addi	x16,x16,-96	 x16:0x8000a024 x16=0x80009fc4
         215000	        20	80000030	00004e97	auipc	x29,0x4	 x29=0x8000402c
         225000	        21	80000034	5d0e8e93	addi	x29,x29,1488	 x29:0x8000402c x29=0x800045fc
         235000	        22	80000038	000eee93	ori	x29,x29,0	 x29:0x800045fc x29=0x800045fc
         245000	        23	8000003c	00000013	addi	x0,x0,0	  x0:0x00000000
         255000	        24	80000040	00000e97	auipc	x29,0x0	 x29=0x8000003c
         265000	        25	80000044	020e8e93	addi	x29,x29,32	 x29:0x8000003c x29=0x8000005c
         275000	        26	80000048	00000013	addi	x0,x0,0	  x0:0x00000000
         285000	        27	8000004c	00000013	addi	x0,x0,0	  x0:0x00000000
         295000	        28	80000050	00002eb7	lui	x29,0x2	 x29=0x00002000
         305000	        29	80000054	800e8e93	addi	x29,x29,-2048	 x29:0x00002000 x29=0x00001800
         315000	        30	80000058	00000013	addi	x0,x0,0	  x0:0x00000000
         325000	        31	8000005c	00000013	addi	x0,x0,0	  x0:0x00000000
         335000	        32	80000060	00900013	addi	x0,x0,9	  x0:0x00000000
         345000	        33	80000064	800000b7	lui	x1,0x80000	  x1=0x80000000
         355000	        34	80000068	00000113	addi	x2,x0,0	  x0:0x00000000  x2=0x00000000
         365000	        35	8000006c	800001b7	lui	x3,0x80000	  x3=0x80000000
         375000	        36	80000070	00000213	addi	x4,x0,0	  x0:0x00000000  x4=0x00000000
         385000	        37	80000074	00000293	addi	x5,x0,0	  x0:0x00000000  x5=0x00000000
         395000	        38	80000078	00000313	addi	x6,x0,0	  x0:0x00000000  x6=0x00000000
         405000	        39	8000007c	b823f3b7	lui	x7,0xb823f	  x7=0xb823f000
         415000	        40	80000080	cec38393	addi	x7,x7,-788	  x7:0xb823f000  x7=0xb823ecec
         425000	        41	80000084	fd367437	lui	x8,0xfd367	  x8=0xfd367000
         435000	        42	80000088	a7e40413	addi	x8,x8,-1410	  x8:0xfd367000  x8=0xfd366a7e
         445000	        43	8000008c	00c00493	addi	x9,x0,12	  x0:0x00000000  x9=0x0000000c
         455000	        44	80000090	00000513	addi	x10,x0,0	  x0:0x00000000 x10=0x00000000
         465000	        45	80000094	800005b7	lui	x11,0x80000	 x11=0x80000000
         475000	        46	80000098	f3445637	lui	x12,0xf3445	 x12=0xf3445000
         485000	        47	8000009c	70560613	addi	x12,x12,1797	 x12:0xf3445000 x12=0xf3445705
         495000	        48	800000a0	7b7386b7	lui	x13,0x7b738	 x13=0x7b738000
         505000	        49	800000a4	85868693	addi	x13,x13,-1960	 x13:0x7b738000 x13=0x7b737858
         515000	        50	800000a8	80000737	lui	x14,0x80000	 x14=0x80000000
         525000	        51	800000ac	800008b7	lui	x17,0x80000	 x17=0x80000000
         535000	        52	800000b0	80000937	lui	x18,0x80000	 x18=0x80000000
         545000	        53	800000b4	050ac9b7	lui	x19,0x50ac	 x19=0x050ac000
         555000	        54	800000b8	5f198993	addi	x19,x19,1521	 x19:0x050ac000 x19=0x050ac5f1
         565000	        55	800000bc	3cbfda37	lui	x20,0x3cbfd	 x20=0x3cbfd000
         575000	        56	800000c0	14fa0a13	addi	x20,x20,335	 x20:0x3cbfd000 x20=0x3cbfd14f
         585000	        57	800000c4	80000ab7	lui	x21,0x80000	 x21=0x80000000
         595000	        58	800000c8	00500b13	addi	x22,x0,5	  x0:0x00000000 x22=0x00000005
         605000	        59	800000cc	7a1a1bb7	lui	x23,0x7a1a1	 x23=0x7a1a1000
         615000	        60	800000d0	f03b8b93	addi	x23,x23,-253	 x23:0x7a1a1000 x23=0x7a1a0f03
         625000	        61	800000d4	44b2fc37	lui	x24,0x44b2f	 x24=0x44b2f000
         635000	        62	800000d8	699c0c13	addi	x24,x24,1689	 x24:0x44b2f000 x24=0x44b2f699
         645000	        63	800000dc	00000c93	addi	x25,x0,0	  x0:0x00000000 x25=0x00000000
         655000	        64	800000e0	fb797d37	lui	x26,0xfb797	 x26=0xfb797000
         665000	        65	800000e4	7b4d0d13	addi	x26,x26,1972	 x26:0xfb797000 x26=0xfb7977b4
         675000	        66	800000e8	00400d93	addi	x27,x0,4	  x0:0x00000000 x27=0x00000004
         685000	        67	800000ec	00900e13	addi	x28,x0,9	  x0:0x00000000 x28=0x00000009
         695000	        68	800000f0	f790aeb7	lui	x29,0xf790a	 x29=0xf790a000
         705000	        69	800000f4	889e8e93	addi	x29,x29,-1911	 x29:0xf790a000 x29=0xf7909889
         715000	        70	800000f8	00f00f13	addi	x30,x0,15	  x0:0x00000000 x30=0x0000000f
         725000	        71	800000fc	00700f93	addi	x31,x0,7	  x0:0x00000000 x31=0x00000007
         735000	        72	80000100	0000a797	auipc	x15,0xa	 x15=0x8000a0fc
         745000	        73	80000104	e8878793	addi	x15,x15,-376	 x15:0x8000a0fc x15=0x80009f84
         755000	        74	80000108	00c0036f	jal	x6,80000108	  x6=0x80000108
         765000	        75	00000000	00000013	addi	x0,x0,0	  x0:0x00000000
         775000	        76	80000110	00000013	addi	x0,x0,0	  x0:0x00000000
         785000	        77	80000114	00400d6f	jal	x26,80000114	 x26=0x80000114
         795000	        78	00000000	00000013	addi	x0,x0,0	  x0:0x00000000
         805000	        79	80000114	00000013	addi	x0,x0,0	  x0:0x00000000
         815000	        80	80000118	ff9ff0ef	jal	x1,80000118	  x1=0x80000118
         825000	        81	00000000	00000013	addi	x0,x0,0	  x0:0x00000000
         835000	        82	8000010c	00000013	addi	x0,x0,0	  x0:0x00000000
         845000	        83	80000110	0300026f	jal	x4,80000110	  x4=0x80000110
         855000	        84	00000000	00000013	addi	x0,x0,0	  x0:0x00000000
         865000	        85	8000013c	00000013	addi	x0,x0,0	  x0:0x00000000
         875000	        86	80000140	fe9ff36f	jal	x6,80000140	  x6=0x80000140
         885000	        87	00000000	00000013	addi	x0,x0,0	  x0:0x00000000
         895000	        88	80000124	00000013	addi	x0,x0,0	  x0:0x00000000
         905000	        89	80000128	0040066f	jal	x12,80000128	 x12=0x80000128
         915000	        90	00000000	00000013	addi	x0,x0,0	  x0:0x00000000
         925000	        91	80000128	00000013	addi	x0,x0,0	  x0:0x00000000
         935000	        92	8000012c	0080066f	jal	x12,8000012c	 x12=0x8000012c
         945000	        93	00000000	00000013	addi	x0,x0,0	  x0:0x00000000
         955000	        94	80000130	00000013	addi	x0,x0,0	  x0:0x00000000
         965000	        95	80000134	01c0056f	jal	x10,80000134	 x10=0x80000134
         975000	        96	00000000	00000013	addi	x0,x0,0	  x0:0x00000000
         985000	        97	8000014c	00000013	addi	x0,x0,0	  x0:0x00000000
         995000	        98	80000150	ff5ff36f	jal	x6,80000150	  x6=0x80000150
        1005000	        99	00000000	00000013	addi	x0,x0,0	  x0:0x00000000
        1015000	       100	80000140	00000013	addi	x0,x0,0	  x0:0x00000000
        1025000	       101	80000144	ff9ff76f	jal	x14,80000144	 x14=0x80000144
        1035000	       102	00000000	00000013	addi	x0,x0,0	  x0:0x00000000
        1045000	       103	80000138	00000013	addi	x0,x0,0	  x0:0x00000000
        1055000	       104	8000013c	00c00b6f	jal	x22,8000013c	 x22=0x8000013c
        1065000	       105	00000000	00000013	addi	x0,x0,0	  x0:0x00000000
        1075000	       106	80000144	00000013	addi	x0,x0,0	  x0:0x00000000
        1085000	       107	80000148	fd9ff36f	jal	x6,80000148	  x6=0x80000148
        1095000	       108	00000000	00000013	addi	x0,x0,0	  x0:0x00000000
        1105000	       109	8000011c	00000013	addi	x0,x0,0	  x0:0x00000000
        1115000	       110	80000120	034000ef	jal	x1,80000120	  x1=0x80000120
        1125000	       111	00000000	00000013	addi	x0,x0,0	  x0:0x00000000
        1135000	       112	80000150	00000013	addi	x0,x0,0	  x0:0x00000000
        1145000	       113	80000154	fb9ff0ef	jal	x1,80000154	  x1=0x80000154
        1155000	       114	00000000	00000013	addi	x0,x0,0	  x0:0x00000000
        1165000	       115	80000108	00000013	addi	x0,x0,0	  x0:0x00000000
        1175000	       116	8000010c	0100036f	jal	x6,8000010c	  x6=0x8000010c
        1185000	       117	00000000	00000013	addi	x0,x0,0	  x0:0x00000000
        1195000	       118	80000118	00000013	addi	x0,x0,0	  x0:0x00000000
        1205000	       119	8000011c	0300026f	jal	x4,8000011c	  x4=0x8000011c
        1215000	       120	00000000	00000013	addi	x0,x0,0	  x0:0x00000000
        1225000	       121	80000148	00000013	addi	x0,x0,0	  x0:0x00000000
        1235000	       122	8000014c	fd9ff36f	jal	x6,8000014c	  x6=0x8000014c
        1245000	       123	00000000	00000013	addi	x0,x0,0	  x0:0x00000000
        1255000	       124	80000120	00000013	addi	x0,x0,0	  x0:0x00000000
        1265000	       125	80000124	014001ef	jal	x3,80000124	  x3=0x80000124
        1275000	       126	00000000	00000013	addi	x0,x0,0	  x0:0x00000000
        1285000	       127	80000134	00000013	addi	x0,x0,0	  x0:0x00000000
        1295000	       128	80000138	ff9ff0ef	jal	x1,80000138	  x1=0x80000138
        1305000	       129	00000000	00000013	addi	x0,x0,0	  x0:0x00000000
        1315000	       130	8000012c	00000013	addi	x0,x0,0	  x0:0x00000000
        1325000	       131	80000130	028000ef	jal	x1,80000130	  x1=0x80000130
        1335000	       132	00000000	00000013	addi	x0,x0,0	  x0:0x00000000
        1345000	       133	80000154	00000013	addi	x0,x0,0	  x0:0x00000000
        1355000	       134	80000158	004000ef	jal	x1,80000158	  x1=0x80000158
        1365000	       135	00000000	00000013	addi	x0,x0,0	  x0:0x00000000
        1375000	       136	80000158	00000013	addi	x0,x0,0	  x0:0x00000000
        1385000	       137	8000015c	419984b3	sub	x9,x19,x25	 x19:0x050ac5f1 x25:0x00000000  x9=0x050ac5f1
        1395000	       138	80000160	0300036f	jal	x6,80000160	  x6=0x80000160
        1405000	       139	00000000	00000013	addi	x0,x0,0	  x0:0x00000000
        1415000	       140	8000018c	00000013	addi	x0,x0,0	  x0:0x00000000
        1425000	       141	80000190	ff1ff36f	jal	x6,80000190	  x6=0x80000190
        1435000	       142	00000000	00000013	addi	x0,x0,0	  x0:0x00000000
        1445000	       143	8000017c	00000013	addi	x0,x0,0	  x0:0x00000000
        1455000	       144	80000180	004000ef	jal	x1,80000180	  x1=0x80000180
        1465000	       145	00000000	00000013	addi	x0,x0,0	  x0:0x00000000
        1475000	       146	80000180	00000013	addi	x0,x0,0	  x0:0x00000000
        1485000	       147	80000184	00800cef	jal	x25,80000184	 x25=0x80000184
        1495000	       148	00000000	00000013	addi	x0,x0,0	  x0:0x00000000
        1505000	       149	80000188	00000013	addi	x0,x0,0	  x0:0x00000000
        1515000	       150	8000018c	00c000ef	jal	x1,8000018c	  x1=0x8000018c
        1525000	       151	00000000	00000013	addi	x0,x0,0	  x0:0x00000000
        1535000	       152	80000194	00000013	addi	x0,x0,0	  x0:0x00000000
        1545000	       153	80000198	fd5fffef	jal	x31,80000198	 x31=0x80000198
        1555000	       154	00000000	00000013	addi	x0,x0,0	  x0:0x00000000
        1565000	       155	80000168	00000013	addi	x0,x0,0	  x0:0x00000000
        1575000	       156	8000016c	00c000ef	jal	x1,8000016c	  x1=0x8000016c
        1585000	       157	00000000	00000013	addi	x0,x0,0	  x0:0x00000000
        1595000	       158	80000174	00000013	addi	x0,x0,0	  x0:0x00000000
        1605000	       159	80000178	ff9ff1ef	jal	x3,80000178	  x3=0x80000178
        1615000	       160	00000000	00000013	addi	x0,x0,0	  x0:0x00000000
        1625000	       161	8000016c	00000013	addi	x0,x0,0	  x0:0x00000000
        1635000	       162	80000170	00400cef	jal	x25,80000170	 x25=0x80000170
        1645000	       163	00000000	00000013	addi	x0,x0,0	  x0:0x00000000
        1655000	       164	80000170	00000013	addi	x0,x0,0	  x0:0x00000000
        1665000	       165	80000174	ff1ff26f	jal	x4,80000174	  x4=0x80000174
        1675000	       166	00000000	00000013	addi	x0,x0,0	  x0:0x00000000
        1685000	       167	80000160	00000013	addi	x0,x0,0	  x0:0x00000000
        1695000	       168	80000164	0180036f	jal	x6,80000164	  x6=0x80000164
        1705000	       169	00000000	00000013	addi	x0,x0,0	  x0:0x00000000
        1715000	       170	80000178	00000013	addi	x0,x0,0	  x0:0x00000000
        1725000	       171	8000017c	00c0076f	jal	x14,8000017c	 x14=0x8000017c
        1735000	       172	00000000	00000013	addi	x0,x0,0	  x0:0x00000000
        1745000	       173	80000184	00000013	addi	x0,x0,0	  x0:0x00000000
        1755000	       174	80000188	00c000ef	jal	x1,80000188	  x1=0x80000188
        1765000	       175	00000000	00000013	addi	x0,x0,0	  x0:0x00000000
        1775000	       176	80000190	00000013	addi	x0,x0,0	  x0:0x00000000
        1785000	       177	80000194	fd5ff0ef	jal	x1,80000194	  x1=0x80000194
        1795000	       178	00000000	00000013	addi	x0,x0,0	  x0:0x00000000
        1805000	       179	80000164	00000013	addi	x0,x0,0	  x0:0x00000000
        1815000	       180	80000168	0340036f	jal	x6,80000168	  x6=0x80000168
        1825000	       181	00000000	00000013	addi	x0,x0,0	  x0:0x00000000
        1835000	       182	80000198	00000013	addi	x0,x0,0	  x0:0x00000000
        1845000	       183	8000019c	00e4b9b3	sltu	x19,x9,x14	  x9:0x050ac5f1 x14:0x8000017c x19=0x00000001
        1855000	       184	800001a0	04c0036f	jal	x6,800001a0	  x6=0x800001a0
        1865000	       185	00000000	00000013	addi	x0,x0,0	  x0:0x00000000
        1875000	       186	800001e8	00000013	addi	x0,x0,0	  x0:0x00000000
        1885000	       187	800001ec	fc5ff0ef	jal	x1,800001ec	  x1=0x800001ec
        1895000	       188	00000000	00000013	addi	x0,x0,0	  x0:0x00000000
        1905000	       189	800001ac	00000013	addi	x0,x0,0	  x0:0x00000000
        1915000	       190	800001b0	03000d6f	jal	x26,800001b0	 x26=0x800001b0
        1925000	       191	00000000	00000013	addi	x0,x0,0	  x0:0x00000000
        1935000	       192	800001dc	00000013	addi	x0,x0,0	  x0:0x00000000
        1945000	       193	800001e0	fd5ff76f	jal	x14,800001e0	 x14=0x800001e0
        1955000	       194	00000000	00000013	addi	x0,x0,0	  x0:0x00000000
        1965000	       195	800001b0	00000013	addi	x0,x0,0	  x0:0x00000000
        1975000	       196	800001b4	0040056f	jal	x10,800001b4	 x10=0x800001b4
        1985000	       197	00000000	00000013	addi	x0,x0,0	  x0:0x00000000
        1995000	       198	800001b4	00000013	addi	x0,x0,0	  x0:0x00000000
        2005000	       199	800001b8	02000c6f	jal	x24,800001b8	 x24=0x800001b8
        2015000	       200	00000000	00000013	addi	x0,x0,0	  x0:0x00000000
        2025000	       201	800001d4	00000013	addi	x0,x0,0	  x0:0x00000000
        2035000	       202	800001d8	fe5ff46f	jal	x8,800001d8	  x8=0x800001d8
        2045000	       203	00000000	00000013	addi	x0,x0,0	  x0:0x00000000
        2055000	       204	800001b8	00000013	addi	x0,x0,0	  x0:0x00000000
        2065000	       205	800001bc	01000cef	jal	x25,800001bc	 x25=0x800001bc
        2075000	       206	00000000	00000013	addi	x0,x0,0	  x0:0x00000000
        2085000	       207	800001c8	00000013	addi	x0,x0,0	  x0:0x00000000
        2095000	       208	800001cc	010000ef	jal	x1,800001cc	  x1=0x800001cc
        2105000	       209	00000000	00000013	addi	x0,x0,0	  x0:0x00000000
        2115000	       210	800001d8	00000013	addi	x0,x0,0	  x0:0x00000000
        2125000	       211	800001dc	008000ef	jal	x1,800001dc	  x1=0x800001dc
        2135000	       212	00000000	00000013	addi	x0,x0,0	  x0:0x00000000
        2145000	       213	800001e0	00000013	addi	x0,x0,0	  x0:0x00000000
        2155000	       214	800001e4	014000ef	jal	x1,800001e4	  x1=0x800001e4
        2165000	       215	00000000	00000013	addi	x0,x0,0	  x0:0x00000000
        2175000	       216	800001f4	00000013	addi	x0,x0,0	  x0:0x00000000
        2185000	       217	800001f8	fd1ffa6f	jal	x20,800001f8	 x20=0x800001f8
        2195000	       218	00000000	00000013	addi	x0,x0,0	  x0:0x00000000
        2205000	       219	800001c4	00000013	addi	x0,x0,0	  x0:0x00000000
        2215000	       220	800001c8	ff9ff0ef	jal	x1,800001c8	  x1=0x800001c8
        2225000	       221	00000000	00000013	addi	x0,x0,0	  x0:0x00000000
        2235000	       222	800001bc	00000013	addi	x0,x0,0	  x0:0x00000000
        2245000	       223	800001c0	030000ef	jal	x1,800001c0	  x1=0x800001c0
        2255000	       224	00000000	00000013	addi	x0,x0,0	  x0:0x00000000
        2265000	       225	800001ec	00000013	addi	x0,x0,0	  x0:0x00000000
        2275000	       226	800001f0	fe1ffc6f	jal	x24,800001f0	 x24=0x800001f0
        2285000	       227	00000000	00000013	addi	x0,x0,0	  x0:0x00000000
        2295000	       228	800001cc	00000013	addi	x0,x0,0	  x0:0x00000000
        2305000	       229	800001d0	0180036f	jal	x6,800001d0	  x6=0x800001d0
        2315000	       230	00000000	00000013	addi	x0,x0,0	  x0:0x00000000
        2325000	       231	800001e4	00000013	addi	x0,x0,0	  x0:0x00000000
        2335000	       232	800001e8	fc5ff0ef	jal	x1,800001e8	  x1=0x800001e8
        2345000	       233	00000000	00000013	addi	x0,x0,0	  x0:0x00000000
        2355000	       234	800001a8	00000013	addi	x0,x0,0	  x0:0x00000000
        2365000	       235	800001ac	0180036f	jal	x6,800001ac	  x6=0x800001ac
        2375000	       236	00000000	00000013	addi	x0,x0,0	  x0:0x00000000
        2385000	       237	800001c0	00000013	addi	x0,x0,0	  x0:0x00000000
        2395000	       238	800001c4	fe5ff3ef	jal	x7,800001c4	  x7=0x800001c4
        2405000	       239	00000000	00000013	addi	x0,x0,0	  x0:0x00000000
        2415000	       240	800001a4	00000013	addi	x0,x0,0	  x0:0x00000000
        2425000	       241	800001a8	04c000ef	jal	x1,800001a8	  x1=0x800001a8
        2435000	       242	00000000	00000013	addi	x0,x0,0	  x0:0x00000000
        2445000	       243	800001f0	00000013	addi	x0,x0,0	  x0:0x00000000
        2455000	       244	800001f4	fe1ff0ef	jal	x1,800001f4	  x1=0x800001f4
        2465000	       245	00000000	00000013	addi	x0,x0,0	  x0:0x00000000
        2475000	       246	800001d0	00000013	addi	x0,x0,0	  x0:0x00000000
        2485000	       247	800001d4	fd1ff0ef	jal	x1,800001d4	  x1=0x800001d4
        2495000	       248	00000000	00000013	addi	x0,x0,0	  x0:0x00000000
        2505000	       249	800001a0	00000013	addi	x0,x0,0	  x0:0x00000000
        2515000	       250	800001a4	058000ef	jal	x1,800001a4	  x1=0x800001a4
        2525000	       251	00000000	00000013	addi	x0,x0,0	  x0:0x00000000
        2535000	       252	800001f8	00000013	addi	x0,x0,0	  x0:0x00000000
        2545000	       253	800001fc	408d5493	srai	x9,x26,0x8	 x26:0x800001b0  x9=0xff800001
        2555000	       254	80000200	0300036f	jal	x6,80000200	  x6=0x80000200
        2565000	       255	00000000	00000013	addi	x0,x0,0	  x0:0x00000000
        2575000	       256	8000022c	00000013	addi	x0,x0,0	  x0:0x00000000
        2585000	       257	80000230	fe1ffbef	jal	x23,80000230	 x23=0x80000230
        2595000	       258	00000000	00000013	addi	x0,x0,0	  x0:0x00000000
        2605000	       259	8000020c	00000013	addi	x0,x0,0	  x0:0x00000000
        2615000	       260	80000210	00800cef	jal	x25,80000210	 x25=0x80000210
        2625000	       261	00000000	00000013	addi	x0,x0,0	  x0:0x00000000
        2635000	       262	80000214	00000013	addi	x0,x0,0	  x0:0x00000000
        2645000	       263	80000218	044000ef	jal	x1,80000218	  x1=0x80000218
        2655000	       264	00000000	00000013	addi	x0,x0,0	  x0:0x00000000
        2665000	       265	80000258	00000013	addi	x0,x0,0	  x0:0x00000000
        2675000	       266	8000025c	ff5ff36f	jal	x6,8000025c	  x6=0x8000025c
        2685000	       267	00000000	00000013	addi	x0,x0,0	  x0:0x00000000
        2695000	       268	8000024c	00000013	addi	x0,x0,0	  x0:0x00000000
        2705000	       269	80000250	fb5ff0ef	jal	x1,80000250	  x1=0x80000250
        2715000	       270	00000000	00000013	addi	x0,x0,0	  x0:0x00000000
        2725000	       271	80000200	00000013	addi	x0,x0,0	  x0:0x00000000
        2735000	       272	80000204	054002ef	jal	x5,80000204	  x5=0x80000204
        2745000	       273	00000000	00000013	addi	x0,x0,0	  x0:0x00000000
        2755000	       274	80000254	00000013	addi	x0,x0,0	  x0:0x00000000
        2765000	       275	80000258	00c000ef	jal	x1,80000258	  x1=0x80000258
        2775000	       276	00000000	00000013	addi	x0,x0,0	  x0:0x00000000
        2785000	       277	80000260	00000013	addi	x0,x0,0	  x0:0x00000000
        2795000	       278	80000264	fd1ff0ef	jal	x1,80000264	  x1=0x80000264
        2805000	       279	00000000	00000013	addi	x0,x0,0	  x0:0x00000000
        2815000	       280	80000230	00000013	addi	x0,x0,0	  x0:0x00000000
        2825000	       281	80000234	ff5ff36f	jal	x6,80000234	  x6=0x80000234
        2835000	       282	00000000	00000013	addi	x0,x0,0	  x0:0x00000000
        2845000	       283	80000224	00000013	addi	x0,x0,0	  x0:0x00000000
        2855000	       284	80000228	ff9ff0ef	jal	x1,80000228	  x1=0x80000228
        2865000	       285	00000000	00000013	addi	x0,x0,0	  x0:0x00000000
        2875000	       286	8000021c	00000013	addi	x0,x0,0	  x0:0x00000000
        2885000	       287	80000220	ffdff0ef	jal	x1,80000220	  x1=0x80000220
        2895000	       288	00000000	00000013	addi	x0,x0,0	  x0:0x00000000
        2905000	       289	80000218	00000013	addi	x0,x0,0	  x0:0x00000000
        2915000	       290	8000021c	0240096f	jal	x18,8000021c	 x18=0x8000021c
        2925000	       291	00000000	00000013	addi	x0,x0,0	  x0:0x00000000
        2935000	       292	8000023c	00000013	addi	x0,x0,0	  x0:0x00000000
        2945000	       293	80000240	0040046f	jal	x8,80000240	  x8=0x80000240
        2955000	       294	00000000	00000013	addi	x0,x0,0	  x0:0x00000000
        2965000	       295	80000240	00000013	addi	x0,x0,0	  x0:0x00000000
        2975000	       296	80000244	ff9ff0ef	jal	x1,80000244	  x1=0x80000244
        2985000	       297	00000000	00000013	addi	x0,x0,0	  x0:0x00000000
        2995000	       298	80000238	00000013	addi	x0,x0,0	  x0:0x00000000
        3005000	       299	8000023c	03c0036f	jal	x6,8000023c	  x6=0x8000023c
        3015000	       300	00000000	00000013	addi	x0,x0,0	  x0:0x00000000
        3025000	       301	80000274	00000013	addi	x0,x0,0	  x0:0x00000000
        3035000	       302	80000278	fc1ff0ef	jal	x1,80000278	  x1=0x80000278
        3045000	       303	00000000	00000013	addi	x0,x0,0	  x0:0x00000000
        3055000	       304	80000234	00000013	addi	x0,x0,0	  x0:0x00000000
        3065000	       305	80000238	fddff0ef	jal	x1,80000238	  x1=0x80000238
        3075000	       306	00000000	00000013	addi	x0,x0,0	  x0:0x00000000
        3085000	       307	80000210	00000013	addi	x0,x0,0	  x0:0x00000000
        3095000	       308	80000214	034000ef	jal	x1,80000214	  x1=0x80000214
        3105000	       309	00000000	00000013	addi	x0,x0,0	  x0:0x00000000
        3115000	       310	80000244	00000013	addi	x0,x0,0	  x0:0x00000000
        3125000	       311	80000248	fc1ff76f	jal	x14,80000248	 x14=0x80000248
        3135000	       312	00000000	00000013	addi	x0,x0,0	  x0:0x00000000
        3145000	       313	80000204	00000013	addi	x0,x0,0	  x0:0x00000000
        3155000	       314	80000208	01c000ef	jal	x1,80000208	  x1=0x80000208
        3165000	       315	00000000	00000013	addi	x0,x0,0	  x0:0x00000000
        3175000	       316	80000220	00000013	addi	x0,x0,0	  x0:0x00000000
        3185000	       317	80000224	048000ef	jal	x1,80000224	  x1=0x80000224
        3195000	       318	00000000	00000013	addi	x0,x0,0	  x0:0x00000000
        3205000	       319	80000268	00000013	addi	x0,x0,0	  x0:0x00000000
        3215000	       320	8000026c	ff5ff0ef	jal	x1,8000026c	  x1=0x8000026c
        3225000	       321	00000000	00000013	addi	x0,x0,0	  x0:0x00000000
        3235000	       322	8000025c	00000013	addi	x0,x0,0	  x0:0x00000000
        3245000	       323	80000260	0100036f	jal	x6,80000260	  x6=0x80000260
        3255000	       324	00000000	00000013	addi	x0,x0,0	  x0:0x00000000
        3265000	       325	8000026c	00000013	addi	x0,x0,0	  x0:0x00000000
        3275000	       326	80000270	fe5ff0ef	jal	x1,80000270	  x1=0x80000270
        3285000	       327	00000000	00000013	addi	x0,x0,0	  x0:0x00000000
        3295000	       328	80000250	00000013	addi	x0,x0,0	  x0:0x00000000
        3305000	       329	80000254	fd9ff0ef	jal	x1,80000254	  x1=0x80000254
        3315000	       330	00000000	00000013	addi	x0,x0,0	  x0:0x00000000
        3325000	       331	80000228	00000013	addi	x0,x0,0	  x0:0x00000000
        3335000	       332	8000022c	03c000ef	jal	x1,8000022c	  x1=0x8000022c
        3345000	       333	00000000	00000013	addi	x0,x0,0	  x0:0x00000000
        3355000	       334	80000264	00000013	addi	x0,x0,0	  x0:0x00000000
        3365000	       335	80000268	fe5ff36f	jal	x6,80000268	  x6=0x80000268
        3375000	       336	00000000	00000013	addi	x0,x0,0	  x0:0x00000000
        3385000	       337	80000248	00000013	addi	x0,x0,0	  x0:0x00000000
        3395000	       338	8000024c	fc1ff1ef	jal	x3,8000024c	  x3=0x8000024c
        3405000	       339	00000000	00000013	addi	x0,x0,0	  x0:0x00000000
        3415000	       340	80000208	00000013	addi	x0,x0,0	  x0:0x00000000
        3425000	       341	8000020c	068000ef	jal	x1,8000020c	  x1=0x8000020c
        3435000	       342	00000000	00000013	addi	x0,x0,0	  x0:0x00000000
        3445000	       343	80000270	00000013	addi	x0,x0,0	  x0:0x00000000
        3455000	       344	80000274	008000ef	jal	x1,80000274	  x1=0x80000274
        3465000	       345	00000000	00000013	addi	x0,x0,0	  x0:0x00000000
        3475000	       346	80000278	00000013	addi	x0,x0,0	  x0:0x00000000
        3485000	       347	8000027c	ae02bc13	sltiu	x24,x5,-1312	  x5:0x80000204 x24=0x00000001
        3495000	       348	80000280	0140036f	jal	x6,80000280	  x6=0x80000280
        3505000	       349	00000000	00000013	addi	x0,x0,0	  x0:0x00000000
        3515000	       350	80000290	00000013	addi	x0,x0,0	  x0:0x00000000
        3525000	       351	80000294	ff5ff0ef	jal	x1,80000294	  x1=0x80000294
        3535000	       352	00000000	00000013	addi	x0,x0,0	  x0:0x00000000
        3545000	       353	80000284	00000013	addi	x0,x0,0	  x0:0x00000000
        3555000	       354	80000288	0340036f	jal	x6,80000288	  x6=0x80000288
        3565000	       355	00000000	00000013	addi	x0,x0,0	  x0:0x00000000
        3575000	       356	800002b8	00000013	addi	x0,x0,0	  x0:0x00000000
        3585000	       357	800002bc	ffdff26f	jal	x4,800002bc	  x4=0x800002bc
        3595000	       358	00000000	00000013	addi	x0,x0,0	  x0:0x00000000
        3605000	       359	800002b4	00000013	addi	x0,x0,0	  x0:0x00000000
        3615000	       360	800002b8	0280056f	jal	x10,800002b8	 x10=0x800002b8
        3625000	       361	00000000	00000013	addi	x0,x0,0	  x0:0x00000000
        3635000	       362	800002dc	00000013	addi	x0,x0,0	  x0:0x00000000
        3645000	       363	800002e0	ffdff36f	jal	x6,800002e0	  x6=0x800002e0
        3655000	       364	00000000	00000013	addi	x0,x0,0	  x0:0x00000000
        3665000	       365	800002d8	00000013	addi	x0,x0,0	  x0:0x00000000
        3675000	       366	800002dc	ff9ff1ef	jal	x3,800002dc	  x3=0x800002dc
        3685000	       367	00000000	00000013	addi	x0,x0,0	  x0:0x00000000
        3695000	       368	800002d0	00000013	addi	x0,x0,0	  x0:0x00000000
        3705000	       369	800002d4	fd5ff36f	jal	x6,800002d4	  x6=0x800002d4
        3715000	       370	00000000	00000013	addi	x0,x0,0	  x0:0x00000000
        3725000	       371	800002a4	00000013	addi	x0,x0,0	  x0:0x00000000
        3735000	       372	800002a8	00400f6f	jal	x30,800002a8	 x30=0x800002a8
        3745000	       373	00000000	00000013	addi	x0,x0,0	  x0:0x00000000
        3755000	       374	800002a8	00000013	addi	x0,x0,0	  x0:0x00000000
        3765000	       375	800002ac	00400c6f	jal	x24,800002ac	 x24=0x800002ac
        3775000	       376	00000000	00000013	addi	x0,x0,0	  x0:0x00000000
        3785000	       377	800002ac	00000013	addi	x0,x0,0	  x0:0x00000000
        3795000	       378	800002b0	0200036f	jal	x6,800002b0	  x6=0x800002b0
        3805000	       379	00000000	00000013	addi	x0,x0,0	  x0:0x00000000
        3815000	       380	800002cc	00000013	addi	x0,x0,0	  x0:0x00000000
        3825000	       381	800002d0	018000ef	jal	x1,800002d0	  x1=0x800002d0
        3835000	       382	00000000	00000013	addi	x0,x0,0	  x0:0x00000000
        3845000	       383	800002e4	00000013	addi	x0,x0,0	  x0:0x00000000
        3855000	       384	800002e8	ff1ffbef	jal	x23,800002e8	 x23=0x800002e8
        3865000	       385	00000000	00000013	addi	x0,x0,0	  x0:0x00000000
        3875000	       386	800002d4	00000013	addi	x0,x0,0	  x0:0x00000000
        3885000	       387	800002d8	fc1ff36f	jal	x6,800002d8	  x6=0x800002d8
        3895000	       388	00000000	00000013	addi	x0,x0,0	  x0:0x00000000
        3905000	       389	80000294	00000013	addi	x0,x0,0	  x0:0x00000000
        3915000	       390	80000298	04c0036f	jal	x6,80000298	  x6=0x80000298
        3925000	       391	00000000	00000013	addi	x0,x0,0	  x0:0x00000000
        3935000	       392	800002e0	00000013	addi	x0,x0,0	  x0:0x00000000
        3945000	       393	800002e4	fe9ff0ef	jal	x1,800002e4	  x1=0x800002e4
        3955000	       394	00000000	00000013	addi	x0,x0,0	  x0:0x00000000
        3965000	       395	800002c8	00000013	addi	x0,x0,0	  x0:0x00000000
        3975000	       396	800002cc	fd1ff0ef	jal	x1,800002cc	  x1=0x800002cc
        3985000	       397	00000000	00000013	addi	x0,x0,0	  x0:0x00000000
        3995000	       398	80000298	00000013	addi	x0,x0,0	  x0:0x00000000
        4005000	       399	8000029c	ff5ff0ef	jal	x1,8000029c	  x1=0x8000029c
        4015000	       400	00000000	00000013	addi	x0,x0,0	  x0:0x00000000
        4025000	       401	8000028c	00000013	addi	x0,x0,0	  x0:0x00000000
        4035000	       402	80000290	030002ef	jal	x5,80000290	  x5=0x80000290
        4045000	       403	00000000	00000013	addi	x0,x0,0	  x0:0x00000000
        4055000	       404	800002bc	00000013	addi	x0,x0,0	  x0:0x00000000
        4065000	       405	800002c0	004000ef	jal	x1,800002c0	  x1=0x800002c0
        4075000	       406	00000000	00000013	addi	x0,x0,0	  x0:0x00000000
        4085000	       407	800002c0	00000013	addi	x0,x0,0	  x0:0x00000000
        4095000	       408	800002c4	fddff0ef	jal	x1,800002c4	  x1=0x800002c4
        4105000	       409	00000000	00000013	addi	x0,x0,0	  x0:0x00000000
        4115000	       410	8000029c	00000013	addi	x0,x0,0	  x0:0x00000000
        4125000	       411	800002a0	fe5ff0ef	jal	x1,800002a0	  x1=0x800002a0
        4135000	       412	00000000	00000013	addi	x0,x0,0	  x0:0x00000000
        4145000	       413	80000280	00000013	addi	x0,x0,0	  x0:0x00000000
        4155000	       414	80000284	00800cef	jal	x25,80000284	 x25=0x80000284
        4165000	       415	00000000	00000013	addi	x0,x0,0	  x0:0x00000000
        4175000	       416	80000288	00000013	addi	x0,x0,0	  x0:0x00000000
        4185000	       417	8000028c	028000ef	jal	x1,8000028c	  x1=0x8000028c
        4195000	       418	00000000	00000013	addi	x0,x0,0	  x0:0x00000000
        4205000	       419	800002b0	00000013	addi	x0,x0,0	  x0:0x00000000
        4215000	       420	800002b4	ff1fffef	jal	x31,800002b4	 x31=0x800002b4
        4225000	       421	00000000	00000013	addi	x0,x0,0	  x0:0x00000000
        4235000	       422	800002a0	00000013	addi	x0,x0,0	  x0:0x00000000
        4245000	       423	800002a4	024000ef	jal	x1,800002a4	  x1=0x800002a4
        4255000	       424	00000000	00000013	addi	x0,x0,0	  x0:0x00000000
        4265000	       425	800002c4	00000013	addi	x0,x0,0	  x0:0x00000000
        4275000	       426	800002c8	0240046f	jal	x8,800002c8	  x8=0x800002c8
        4285000	       427	00000000	00000013	addi	x0,x0,0	  x0:0x00000000
        4295000	       428	800002e8	00000013	addi	x0,x0,0	  x0:0x00000000
        4305000	       429	800002ec	00272633	slt	x12,x14,x2	 x14:0x80000248  x2:0x00000000 x12=0x00000001
        4315000	       430	800002f0	0240036f	jal	x6,800002f0	  x6=0x800002f0
        4325000	       431	00000000	00000013	addi	x0,x0,0	  x0:0x00000000
        4335000	       432	80000310	00000013	addi	x0,x0,0	  x0:0x00000000
        4345000	       433	80000314	ffdfffef	jal	x31,80000314	 x31=0x80000314
        4355000	       434	00000000	00000013	addi	x0,x0,0	  x0:0x00000000
        4365000	       435	8000030c	00000013	addi	x0,x0,0	  x0:0x00000000
        4375000	       436	80000310	0140036f	jal	x6,80000310	  x6=0x80000310
        4385000	       437	00000000	00000013	addi	x0,x0,0	  x0:0x00000000
        4395000	       438	80000320	00000013	addi	x0,x0,0	  x0:0x00000000
        4405000	       439	80000324	ffdff36f	jal	x6,80000324	  x6=0x80000324
        4415000	       440	00000000	00000013	addi	x0,x0,0	  x0:0x00000000
        4425000	       441	8000031c	00000013	addi	x0,x0,0	  x0:0x00000000
        4435000	       442	80000320	0180026f	jal	x4,80000320	  x4=0x80000320
        4445000	       443	00000000	00000013	addi	x0,x0,0	  x0:0x00000000
        4455000	       444	80000334	00000013	addi	x0,x0,0	  x0:0x00000000
        4465000	       445	80000338	008000ef	jal	x1,80000338	  x1=0x80000338
        4475000	       446	00000000	00000013	addi	x0,x0,0	  x0:0x00000000
        4485000	       447	8000033c	00000013	addi	x0,x0,0	  x0:0x00000000
        4495000	       448	80000340	ff5ff0ef	jal	x1,80000340	  x1=0x80000340
        4505000	       449	00000000	00000013	addi	x0,x0,0	  x0:0x00000000
        4515000	       450	80000330	00000013	addi	x0,x0,0	  x0:0x00000000
        4525000	       451	80000334	ff5ff0ef	jal	x1,80000334	  x1=0x80000334
        4535000	       452	00000000	00000013	addi	x0,x0,0	  x0:0x00000000
        4545000	       453	80000324	00000013	addi	x0,x0,0	  x0:0x00000000
        4555000	       454	80000328	fe1ff0ef	jal	x1,80000328	  x1=0x80000328
        4565000	       455	00000000	00000013	addi	x0,x0,0	  x0:0x00000000
        4575000	       456	80000304	00000013	addi	x0,x0,0	  x0:0x00000000
        4585000	       457	80000308	040000ef	jal	x1,80000308	  x1=0x80000308
        4595000	       458	00000000	00000013	addi	x0,x0,0	  x0:0x00000000
        4605000	       459	80000344	00000013	addi	x0,x0,0	  x0:0x00000000
        4615000	       460	80000348	ffdff36f	jal	x6,80000348	  x6=0x80000348
        4625000	       461	00000000	00000013	addi	x0,x0,0	  x0:0x00000000
        4635000	       462	80000340	00000013	addi	x0,x0,0	  x0:0x00000000
        4645000	       463	80000344	fb1ff4ef	jal	x9,80000344	  x9=0x80000344
        4655000	       464	00000000	00000013	addi	x0,x0,0	  x0:0x00000000
        4665000	       465	800002f0	00000013	addi	x0,x0,0	  x0:0x00000000
        4675000	       466	800002f4	024000ef	jal	x1,800002f4	  x1=0x800002f4
        4685000	       467	00000000	00000013	addi	x0,x0,0	  x0:0x00000000
        4695000	       468	80000314	00000013	addi	x0,x0,0	  x0:0x00000000
        4705000	       469	80000318	fe1ff0ef	jal	x1,80000318	  x1=0x80000318
        4715000	       470	00000000	00000013	addi	x0,x0,0	  x0:0x00000000
        4725000	       471	800002f4	00000013	addi	x0,x0,0	  x0:0x00000000
        4735000	       472	800002f8	014000ef	jal	x1,800002f8	  x1=0x800002f8
        4745000	       473	00000000	00000013	addi	x0,x0,0	  x0:0x00000000
        4755000	       474	80000308	00000013	addi	x0,x0,0	  x0:0x00000000
        4765000	       475	8000030c	0300036f	jal	x6,8000030c	  x6=0x8000030c
        4775000	       476	00000000	00000013	addi	x0,x0,0	  x0:0x00000000
        4785000	       477	80000338	00000013	addi	x0,x0,0	  x0:0x00000000
        4795000	       478	8000033c	ff1ff0ef	jal	x1,8000033c	  x1=0x8000033c
        4805000	       479	00000000	00000013	addi	x0,x0,0	  x0:0x00000000
        4815000	       480	80000328	00000013	addi	x0,x0,0	  x0:0x00000000
        4825000	       481	8000032c	0040046f	jal	x8,8000032c	  x8=0x8000032c
        4835000	       482	00000000	00000013	addi	x0,x0,0	  x0:0x00000000
        4845000	       483	8000032c	00000013	addi	x0,x0,0	  x0:0x00000000
        4855000	       484	80000330	01c002ef	jal	x5,80000330	  x5=0x80000330
        4865000	       485	00000000	00000013	addi	x0,x0,0	  x0:0x00000000
        4875000	       486	80000348	00000013	addi	x0,x0,0	  x0:0x00000000
        4885000	       487	8000034c	fd1ff36f	jal	x6,8000034c	  x6=0x8000034c
        4895000	       488	00000000	00000013	addi	x0,x0,0	  x0:0x00000000
        4905000	       489	80000318	00000013	addi	x0,x0,0	  x0:0x00000000
        4915000	       490	8000031c	038000ef	jal	x1,8000031c	  x1=0x8000031c
        4925000	       491	00000000	00000013	addi	x0,x0,0	  x0:0x00000000
        4935000	       492	80000350	00000013	addi	x0,x0,0	  x0:0x00000000
        4945000	       493	80000354	fb1ff2ef	jal	x5,80000354	  x5=0x80000354
        4955000	       494	00000000	00000013	addi	x0,x0,0	  x0:0x00000000
        4965000	       495	80000300	00000013	addi	x0,x0,0	  x0:0x00000000
        4975000	       496	80000304	04c000ef	jal	x1,80000304	  x1=0x80000304
        4985000	       497	00000000	00000013	addi	x0,x0,0	  x0:0x00000000
        4995000	       498	8000034c	00000013	addi	x0,x0,0	  x0:0x00000000
        5005000	       499	80000350	fadff0ef	jal	x1,80000350	  x1=0x80000350
        5015000	       500	00000000	00000013	addi	x0,x0,0	  x0:0x00000000
        5025000	       501	800002f8	00000013	addi	x0,x0,0	  x0:0x00000000
        5035000	       502	800002fc	004000ef	jal	x1,800002fc	  x1=0x800002fc
        5045000	       503	00000000	00000013	addi	x0,x0,0	  x0:0x00000000
        5055000	       504	800002fc	00000013	addi	x0,x0,0	  x0:0x00000000
        5065000	       505	80000300	058000ef	jal	x1,80000300	  x1=0x80000300
        5075000	       506	00000000	00000013	addi	x0,x0,0	  x0:0x00000000
        5085000	       507	80000354	00000013	addi	x0,x0,0	  x0:0x00000000
        5095000	       508	80000358	9fad9197	auipc	x3,0x9fad9	  x3=0x1fad9354
        5105000	       509	8000035c	01c0036f	jal	x6,8000035c	  x6=0x8000035c
        5115000	       510	00000000	00000013	addi	x0,x0,0	  x0:0x00000000
        5125000	       511	80000374	00000013	addi	x0,x0,0	  x0:0x00000000
        5135000	       512	80000378	010000ef	jal	x1,80000378	  x1=0x80000378
        5145000	       513	00000000	00000013	addi	x0,x0,0	  x0:0x00000000
        5155000	       514	80000384	00000013	addi	x0,x0,0	  x0:0x00000000
        5165000	       515	80000388	020000ef	jal	x1,80000388	  x1=0x80000388
        5175000	       516	00000000	00000013	addi	x0,x0,0	  x0:0x00000000
        5185000	       517	800003a4	00000013	addi	x0,x0,0	  x0:0x00000000
        5195000	       518	800003a8	fd5ff36f	jal	x6,800003a8	  x6=0x800003a8
        5205000	       519	00000000	00000013	addi	x0,x0,0	  x0:0x00000000
        5215000	       520	80000378	00000013	addi	x0,x0,0	  x0:0x00000000
        5225000	       521	8000037c	034000ef	jal	x1,8000037c	  x1=0x8000037c
        5235000	       522	00000000	00000013	addi	x0,x0,0	  x0:0x00000000
        5245000	       523	800003ac	00000013	addi	x0,x0,0	  x0:0x00000000
        5255000	       524	800003b0	ffdff36f	jal	x6,800003b0	  x6=0x800003b0
        5265000	       525	00000000	00000013	addi	x0,x0,0	  x0:0x00000000
        5275000	       526	800003a8	00000013	addi	x0,x0,0	  x0:0x00000000
        5285000	       527	800003ac	ff9ff76f	jal	x14,800003ac	 x14=0x800003ac
        5295000	       528	00000000	00000013	addi	x0,x0,0	  x0:0x00000000
        5305000	       529	800003a0	00000013	addi	x0,x0,0	  x0:0x00000000
        5315000	       530	800003a4	fedff0ef	jal	x1,800003a4	  x1=0x800003a4
        5325000	       531	00000000	00000013	addi	x0,x0,0	  x0:0x00000000
        5335000	       532	8000038c	00000013	addi	x0,x0,0	  x0:0x00000000
        5345000	       533	80000390	fe1ff36f	jal	x6,80000390	  x6=0x80000390
        5355000	       534	00000000	00000013	addi	x0,x0,0	  x0:0x00000000
        5365000	       535	8000036c	00000013	addi	x0,x0,0	  x0:0x00000000
        5375000	       536	80000370	010000ef	jal	x1,80000370	  x1=0x80000370
        5385000	       537	00000000	00000013	addi	x0,x0,0	  x0:0x00000000
        5395000	       538	8000037c	00000013	addi	x0,x0,0	  x0:0x00000000
        5405000	       539	80000380	0200036f	jal	x6,80000380	  x6=0x80000380
        5415000	       540	00000000	00000013	addi	x0,x0,0	  x0:0x00000000
        5425000	       541	8000039c	00000013	addi	x0,x0,0	  x0:0x00000000
        5435000	       542	800003a0	fd5ff36f	jal	x6,800003a0	  x6=0x800003a0
        5445000	       543	00000000	00000013	addi	x0,x0,0	  x0:0x00000000
        5455000	       544	80000370	00000013	addi	x0,x0,0	  x0:0x00000000
        5465000	       545	80000374	ff5ff36f	jal	x6,80000374	  x6=0x80000374
        5475000	       546	00000000	00000013	addi	x0,x0,0	  x0:0x00000000
        5485000	       547	80000364	00000013	addi	x0,x0,0	  x0:0x00000000
        5495000	       548	80000368	04c0056f	jal	x10,80000368	 x10=0x80000368
        5505000	       549	00000000	00000013	addi	x0,x0,0	  x0:0x00000000
        5515000	       550	800003b0	00000013	addi	x0,x0,0	  x0:0x00000000
        5525000	       551	800003b4	fe5ff0ef	jal	x1,800003b4	  x1=0x800003b4
        5535000	       552	00000000	00000013	addi	x0,x0,0	  x0:0x00000000
        5545000	       553	80000394	00000013	addi	x0,x0,0	  x0:0x00000000
        5555000	       554	80000398	020004ef	jal	x9,80000398	  x9=0x80000398
        5565000	       555	00000000	00000013	addi	x0,x0,0	  x0:0x00000000
        5575000	       556	800003b4	00000013	addi	x0,x0,0	  x0:0x00000000
        5585000	       557	800003b8	fb5ff0ef	jal	x1,800003b8	  x1=0x800003b8
        5595000	       558	00000000	00000013	addi	x0,x0,0	  x0:0x00000000
        5605000	       559	80000368	00000013	addi	x0,x0,0	  x0:0x00000000
        5615000	       560	8000036c	0280036f	jal	x6,8000036c	  x6=0x8000036c
        5625000	       561	00000000	00000013	addi	x0,x0,0	  x0:0x00000000
        5635000	       562	80000390	00000013	addi	x0,x0,0	  x0:0x00000000
        5645000	       563	80000394	fd1ffaef	jal	x21,80000394	 x21=0x80000394
        5655000	       564	00000000	00000013	addi	x0,x0,0	  x0:0x00000000
        5665000	       565	80000360	00000013	addi	x0,x0,0	  x0:0x00000000
        5675000	       566	80000364	ffdff0ef	jal	x1,80000364	  x1=0x80000364
        5685000	       567	00000000	00000013	addi	x0,x0,0	  x0:0x00000000
        5695000	       568	8000035c	00000013	addi	x0,x0,0	  x0:0x00000000
        5705000	       569	80000360	02c0036f	jal	x6,80000360	  x6=0x80000360
        5715000	       570	00000000	00000013	addi	x0,x0,0	  x0:0x00000000
        5725000	       571	80000388	00000013	addi	x0,x0,0	  x0:0x00000000
        5735000	       572	8000038c	010000ef	jal	x1,8000038c	  x1=0x8000038c
        5745000	       573	00000000	00000013	addi	x0,x0,0	  x0:0x00000000
        5755000	       574	80000398	00000013	addi	x0,x0,0	  x0:0x00000000
        5765000	       575	8000039c	fe9ffd6f	jal	x26,8000039c	 x26=0x8000039c
        5775000	       576	00000000	00000013	addi	x0,x0,0	  x0:0x00000000
        5785000	       577	80000380	00000013	addi	x0,x0,0	  x0:0x00000000
        5795000	       578	80000384	038000ef	jal	x1,80000384	  x1=0x80000384
        5805000	       579	00000000	00000013	addi	x0,x0,0	  x0:0x00000000
        5815000	       580	800003b8	00000013	addi	x0,x0,0	  x0:0x00000000
        5825000	       581	800003bc	01568433	add	x8,x13,x21	 x13:0x7b737858 x21:0x80000394  x8=0xfb737bec
        5835000	       582	800003c0	03c0036f	jal	x6,800003c0	  x6=0x800003c0
        5845000	       583	00000000	00000013	addi	x0,x0,0	  x0:0x00000000
        5855000	       584	800003f8	00000013	addi	x0,x0,0	  x0:0x00000000
        5865000	       585	800003fc	ff9ff36f	jal	x6,800003fc	  x6=0x800003fc
        5875000	       586	00000000	00000013	addi	x0,x0,0	  x0:0x00000000
        5885000	       587	800003f0	00000013	addi	x0,x0,0	  x0:0x00000000
        5895000	       588	800003f4	fd1ff0ef	jal	x1,800003f4	  x1=0x800003f4
        5905000	       589	00000000	00000013	addi	x0,x0,0	  x0:0x00000000
        5915000	       590	800003c0	00000013	addi	x0,x0,0	  x0:0x00000000
        5925000	       591	800003c4	04c000ef	jal	x1,800003c4	  x1=0x800003c4
        5935000	       592	00000000	00000013	addi	x0,x0,0	  x0:0x00000000
        5945000	       593	8000040c	00000013	addi	x0,x0,0	  x0:0x00000000
        5955000	       594	80000410	01c0026f	jal	x4,80000410	  x4=0x80000410
        5965000	       595	00000000	00000013	addi	x0,x0,0	  x0:0x00000000
        5975000	       596	80000428	00000013	addi	x0,x0,0	  x0:0x00000000
        5985000	       597	8000042c	fcdff0ef	jal	x1,8000042c	  x1=0x8000042c
        5995000	       598	00000000	00000013	addi	x0,x0,0	  x0:0x00000000
        6005000	       599	800003f4	00000013	addi	x0,x0,0	  x0:0x00000000
        6015000	       600	800003f8	ff9ff0ef	jal	x1,800003f8	  x1=0x800003f8
        6025000	       601	00000000	00000013	addi	x0,x0,0	  x0:0x00000000
        6035000	       602	800003ec	00000013	addi	x0,x0,0	  x0:0x00000000
        6045000	       603	800003f0	fedff0ef	jal	x1,800003f0	  x1=0x800003f0
        6055000	       604	00000000	00000013	addi	x0,x0,0	  x0:0x00000000
        6065000	       605	800003d8	00000013	addi	x0,x0,0	  x0:0x00000000
        6075000	       606	800003dc	02c001ef	jal	x3,800003dc	  x3=0x800003dc
        6085000	       607	00000000	00000013	addi	x0,x0,0	  x0:0x00000000
        6095000	       608	80000404	00000013	addi	x0,x0,0	  x0:0x00000000
        6105000	       609	80000408	0140036f	jal	x6,80000408	  x6=0x80000408
        6115000	       610	00000000	00000013	addi	x0,x0,0	  x0:0x00000000
        6125000	       611	80000418	00000013	addi	x0,x0,0	  x0:0x00000000
        6135000	       612	8000041c	014000ef	jal	x1,8000041c	  x1=0x8000041c
        6145000	       613	00000000	00000013	addi	x0,x0,0	  x0:0x00000000
        6155000	       614	8000042c	00000013	addi	x0,x0,0	  x0:0x00000000
        6165000	       615	80000430	fd1ff16f	jal	x2,80000430	  x2=0x80000430
        6175000	       616	00000000	00000013	addi	x0,x0,0	  x0:0x00000000
        6185000	       617	800003fc	00000013	addi	x0,x0,0	  x0:0x00000000
        6195000	       618	80000400	020000ef	jal	x1,80000400	  x1=0x80000400
        6205000	       619	00000000	00000013	addi	x0,x0,0	  x0:0x00000000
        6215000	       620	8000041c	00000013	addi	x0,x0,0	  x0:0x00000000
        6225000	       621	80000420	ff5ff26f	jal	x4,80000420	  x4=0x80000420
        6235000	       622	00000000	00000013	addi	x0,x0,0	  x0:0x00000000
        6245000	       623	80000410	00000013	addi	x0,x0,0	  x0:0x00000000
        6255000	       624	80000414	010000ef	jal	x1,80000414	  x1=0x80000414
        6265000	       625	00000000	00000013	addi	x0,x0,0	  x0:0x00000000
        6275000	       626	80000420	00000013	addi	x0,x0,0	  x0:0x00000000
        6285000	       627	80000424	ff5ff56f	jal	x10,80000424	 x10=0x80000424
        6295000	       628	00000000	00000013	addi	x0,x0,0	  x0:0x00000000
        6305000	       629	80000414	00000013	addi	x0,x0,0	  x0:0x00000000
        6315000	       630	80000418	fbdff0ef	jal	x1,80000418	  x1=0x80000418
        6325000	       631	00000000	00000013	addi	x0,x0,0	  x0:0x00000000
        6335000	       632	800003d0	00000013	addi	x0,x0,0	  x0:0x00000000
        6345000	       633	800003d4	018000ef	jal	x1,800003d4	  x1=0x800003d4
        6355000	       634	00000000	00000013	addi	x0,x0,0	  x0:0x00000000
        6365000	       635	800003e8	00000013	addi	x0,x0,0	  x0:0x00000000
        6375000	       636	800003ec	fe5ff0ef	jal	x1,800003ec	  x1=0x800003ec
        6385000	       637	00000000	00000013	addi	x0,x0,0	  x0:0x00000000
        6395000	       638	800003cc	00000013	addi	x0,x0,0	  x0:0x00000000
        6405000	       639	800003d0	ffdff0ef	jal	x1,800003d0	  x1=0x800003d0
        6415000	       640	00000000	00000013	addi	x0,x0,0	  x0:0x00000000
        6425000	       641	800003c8	00000013	addi	x0,x0,0	  x0:0x00000000
        6435000	       642	800003cc	040000ef	jal	x1,800003cc	  x1=0x800003cc
        6445000	       643	00000000	00000013	addi	x0,x0,0	  x0:0x00000000
        6455000	       644	80000408	00000013	addi	x0,x0,0	  x0:0x00000000
        6465000	       645	8000040c	fddff36f	jal	x6,8000040c	  x6=0x8000040c
        6475000	       646	00000000	00000013	addi	x0,x0,0	  x0:0x00000000
        6485000	       647	800003e4	00000013	addi	x0,x0,0	  x0:0x00000000
        6495000	       648	800003e8	ff9ff0ef	jal	x1,800003e8	  x1=0x800003e8
        6505000	       649	00000000	00000013	addi	x0,x0,0	  x0:0x00000000
        6515000	       650	800003dc	00000013	addi	x0,x0,0	  x0:0x00000000
        6525000	       651	800003e0	048000ef	jal	x1,800003e0	  x1=0x800003e0
        6535000	       652	00000000	00000013	addi	x0,x0,0	  x0:0x00000000
        6545000	       653	80000424	00000013	addi	x0,x0,0	  x0:0x00000000
        6555000	       654	80000428	fa1ff36f	jal	x6,80000428	  x6=0x80000428
        6565000	       655	00000000	00000013	addi	x0,x0,0	  x0:0x00000000
        6575000	       656	800003c4	00000013	addi	x0,x0,0	  x0:0x00000000
        6585000	       657	800003c8	010000ef	jal	x1,800003c8	  x1=0x800003c8
        6595000	       658	00000000	00000013	addi	x0,x0,0	  x0:0x00000000
        6605000	       659	800003d4	00000013	addi	x0,x0,0	  x0:0x00000000
        6615000	       660	800003d8	02c0036f	jal	x6,800003d8	  x6=0x800003d8
        6625000	       661	00000000	00000013	addi	x0,x0,0	  x0:0x00000000
        6635000	       662	80000400	00000013	addi	x0,x0,0	  x0:0x00000000
        6645000	       663	80000404	030002ef	jal	x5,80000404	  x5=0x80000404
        6655000	       664	00000000	00000013	addi	x0,x0,0	  x0:0x00000000
        6665000	       665	80000430	00000013	addi	x0,x0,0	  x0:0x00000000
        6675000	       666	80000434	fb1ff0ef	jal	x1,80000434	  x1=0x80000434
        6685000	       667	00000000	00000013	addi	x0,x0,0	  x0:0x00000000
        6695000	       668	800003e0	00000013	addi	x0,x0,0	  x0:0x00000000
        6705000	       669	800003e4	054000ef	jal	x1,800003e4	  x1=0x800003e4
        6715000	       670	00000000	00000013	addi	x0,x0,0	  x0:0x00000000
        6725000	       671	80000434	00000013	addi	x0,x0,0	  x0:0x00000000
        6735000	       672	80000438	0060b5b3	sltu	x11,x1,x6	  x1:0x800003e4  x6:0x800003d8 x11=0x00000000
        6745000	       673	8000043c	0340036f	jal	x6,8000043c	  x6=0x8000043c
        6755000	       674	00000000	00000013	addi	x0,x0,0	  x0:0x00000000
        6765000	       675	8000046c	00000013	addi	x0,x0,0	  x0:0x00000000
        6775000	       676	80000470	01c00aef	jal	x21,80000470	 x21=0x80000470
        6785000	       677	00000000	00000013	addi	x0,x0,0	  x0:0x00000000
        6795000	       678	80000488	00000013	addi	x0,x0,0	  x0:0x00000000
        6805000	       679	8000048c	fcdff0ef	jal	x1,8000048c	  x1=0x8000048c
        6815000	       680	00000000	00000013	addi	x0,x0,0	  x0:0x00000000
        6825000	       681	80000454	00000013	addi	x0,x0,0	  x0:0x00000000
        6835000	       682	80000458	ff5ff0ef	jal	x1,80000458	  x1=0x80000458
        6845000	       683	00000000	00000013	addi	x0,x0,0	  x0:0x00000000
        6855000	       684	80000448	00000013	addi	x0,x0,0	  x0:0x00000000
        6865000	       685	8000044c	010002ef	jal	x5,8000044c	  x5=0x8000044c
        6875000	       686	00000000	00000013	addi	x0,x0,0	  x0:0x00000000
        6885000	       687	80000458	00000013	addi	x0,x0,0	  x0:0x00000000
        6895000	       688	8000045c	ff5ff0ef	jal	x1,8000045c	  x1=0x8000045c
        6905000	       689	00000000	00000013	addi	x0,x0,0	  x0:0x00000000
        6915000	       690	8000044c	00000013	addi	x0,x0,0	  x0:0x00000000
        6925000	       691	80000450	01000b6f	jal	x22,80000450	 x22=0x80000450
        6935000	       692	00000000	00000013	addi	x0,x0,0	  x0:0x00000000
        6945000	       693	8000045c	00000013	addi	x0,x0,0	  x0:0x00000000
        6955000	       694	80000460	014000ef	jal	x1,80000460	  x1=0x80000460
        6965000	       695	00000000	00000013	addi	x0,x0,0	  x0:0x00000000
        6975000	       696	80000470	00000013	addi	x0,x0,0	  x0:0x00000000
        6985000	       697	80000474	ff5ff0ef	jal	x1,80000474	  x1=0x80000474
        6995000	       698	00000000	00000013	addi	x0,x0,0	  x0:0x00000000
        7005000	       699	80000464	00000013	addi	x0,x0,0	  x0:0x00000000
        7015000	       700	80000468	018000ef	jal	x1,80000468	  x1=0x80000468
        7025000	       701	00000000	00000013	addi	x0,x0,0	  x0:0x00000000
        7035000	       702	8000047c	00000013	addi	x0,x0,0	  x0:0x00000000
        7045000	       703	80000480	fc5ff0ef	jal	x1,80000480	  x1=0x80000480
        7055000	       704	00000000	00000013	addi	x0,x0,0	  x0:0x00000000
        7065000	       705	80000440	00000013	addi	x0,x0,0	  x0:0x00000000
        7075000	       706	80000444	004000ef	jal	x1,80000444	  x1=0x80000444
        7085000	       707	00000000	00000013	addi	x0,x0,0	  x0:0x00000000
        7095000	       708	80000444	00000013	addi	x0,x0,0	  x0:0x00000000
        7105000	       709	80000448	01c000ef	jal	x1,80000448	  x1=0x80000448
        7115000	       710	00000000	00000013	addi	x0,x0,0	  x0:0x00000000
        7125000	       711	80000460	00000013	addi	x0,x0,0	  x0:0x00000000
        7135000	       712	80000464	024000ef	jal	x1,80000464	  x1=0x80000464
        7145000	       713	00000000	00000013	addi	x0,x0,0	  x0:0x00000000
        7155000	       714	80000484	00000013	addi	x0,x0,0	  x0:0x00000000
        7165000	       715	80000488	fb9ff16f	jal	x2,80000488	  x2=0x80000488
        7175000	       716	00000000	00000013	addi	x0,x0,0	  x0:0x00000000
        7185000	       717	8000043c	00000013	addi	x0,x0,0	  x0:0x00000000
        7195000	       718	80000440	038002ef	jal	x5,80000440	  x5=0x80000440
        7205000	       719	00000000	00000013	addi	x0,x0,0	  x0:0x00000000
        7215000	       720	80000474	00000013	addi	x0,x0,0	  x0:0x00000000
        7225000	       721	80000478	004000ef	jal	x1,80000478	  x1=0x80000478
        7235000	       722	00000000	00000013	addi	x0,x0,0	  x0:0x00000000
        7245000	       723	80000478	00000013	addi	x0,x0,0	  x0:0x00000000
        7255000	       724	8000047c	008000ef	jal	x1,8000047c	  x1=0x8000047c
        7265000	       725	00000000	00000013	addi	x0,x0,0	  x0:0x00000000
        7275000	       726	80000480	00000013	addi	x0,x0,0	  x0:0x00000000
        7285000	       727	80000484	fd1ff6ef	jal	x13,80000484	 x13=0x80000484
        7295000	       728	00000000	00000013	addi	x0,x0,0	  x0:0x00000000
        7305000	       729	80000450	00000013	addi	x0,x0,0	  x0:0x00000000
        7315000	       730	80000454	0180036f	jal	x6,80000454	  x6=0x80000454
        7325000	       731	00000000	00000013	addi	x0,x0,0	  x0:0x00000000
        7335000	       732	80000468	00000013	addi	x0,x0,0	  x0:0x00000000
        7345000	       733	8000046c	0240036f	jal	x6,8000046c	  x6=0x8000046c
        7355000	       734	00000000	00000013	addi	x0,x0,0	  x0:0x00000000
        7365000	       735	8000048c	00000013	addi	x0,x0,0	  x0:0x00000000
        7375000	       736	80000490	0103df93	srli	x31,x7,0x10	  x7:0x800001c4 x31=0x00008000
        7385000	       737	80000494	02c0036f	jal	x6,80000494	  x6=0x80000494
        7395000	       738	00000000	00000013	addi	x0,x0,0	  x0:0x00000000
        7405000	       739	800004bc	00000013	addi	x0,x0,0	  x0:0x00000000
        7415000	       740	800004c0	ffdff0ef	jal	x1,800004c0	  x1=0x800004c0
        7425000	       741	00000000	00000013	addi	x0,x0,0	  x0:0x00000000
        7435000	       742	800004b8	00000013	addi	x0,x0,0	  x0:0x00000000
        7445000	       743	800004bc	fddff0ef	jal	x1,800004bc	  x1=0x800004bc
        7455000	       744	00000000	00000013	addi	x0,x0,0	  x0:0x00000000
        7465000	       745	80000494	00000013	addi	x0,x0,0	  x0:0x00000000
        7475000	       746	80000498	0200036f	jal	x6,80000498	  x6=0x80000498
        7485000	       747	00000000	00000013	addi	x0,x0,0	  x0:0x00000000
        7495000	       748	800004b4	00000013	addi	x0,x0,0	  x0:0x00000000
        7505000	       749	800004b8	fedff26f	jal	x4,800004b8	  x4=0x800004b8
        7515000	       750	00000000	00000013	addi	x0,x0,0	  x0:0x00000000
        7525000	       751	800004a0	00000013	addi	x0,x0,0	  x0:0x00000000
        7535000	       752	800004a4	010000ef	jal	x1,800004a4	  x1=0x800004a4
        7545000	       753	00000000	00000013	addi	x0,x0,0	  x0:0x00000000
        7555000	       754	800004b0	00000013	addi	x0,x0,0	  x0:0x00000000
        7565000	       755	800004b4	fe9ff9ef	jal	x19,800004b4	 x19=0x800004b4
        7575000	       756	00000000	00000013	addi	x0,x0,0	  x0:0x00000000
        7585000	       757	80000498	00000013	addi	x0,x0,0	  x0:0x00000000
        7595000	       758	8000049c	014000ef	jal	x1,8000049c	  x1=0x8000049c
        7605000	       759	00000000	00000013	addi	x0,x0,0	  x0:0x00000000
        7615000	       760	800004ac	00000013	addi	x0,x0,0	  x0:0x00000000
        7625000	       761	800004b0	ffdff2ef	jal	x5,800004b0	  x5=0x800004b0
        7635000	       762	00000000	00000013	addi	x0,x0,0	  x0:0x00000000
        7645000	       763	800004a8	00000013	addi	x0,x0,0	  x0:0x00000000
        7655000	       764	800004ac	ff5ff16f	jal	x2,800004ac	  x2=0x800004ac
        7665000	       765	00000000	00000013	addi	x0,x0,0	  x0:0x00000000
        7675000	       766	8000049c	00000013	addi	x0,x0,0	  x0:0x00000000
        7685000	       767	800004a0	0080096f	jal	x18,800004a0	 x18=0x800004a0
        7695000	       768	00000000	00000013	addi	x0,x0,0	  x0:0x00000000
        7705000	       769	800004a4	00000013	addi	x0,x0,0	  x0:0x00000000
        7715000	       770	800004a8	01c0026f	jal	x4,800004a8	  x4=0x800004a8
        7725000	       771	00000000	00000013	addi	x0,x0,0	  x0:0x00000000
        7735000	       772	800004c0	00000013	addi	x0,x0,0	  x0:0x00000000
        7745000	       773	800004c4	40f20e33	sub	x28,x4,x15	  x4:0x800004a8 x15:0x80009f84 x28=0xffff6524
        7755000	       774	800004c8	0100036f	jal	x6,800004c8	  x6=0x800004c8
        7765000	       775	00000000	00000013	addi	x0,x0,0	  x0:0x00000000
        7775000	       776	800004d4	00000013	addi	x0,x0,0	  x0:0x00000000
        7785000	       777	800004d8	01800eef	jal	x29,800004d8	 x29=0x800004d8
        7795000	       778	00000000	00000013	addi	x0,x0,0	  x0:0x00000000
        7805000	       779	800004ec	00000013	addi	x0,x0,0	  x0:0x00000000
        7815000	       780	800004f0	030000ef	jal	x1,800004f0	  x1=0x800004f0
        7825000	       781	00000000	00000013	addi	x0,x0,0	  x0:0x00000000
        7835000	       782	8000051c	00000013	addi	x0,x0,0	  x0:0x00000000
        7845000	       783	80000520	ff1ff0ef	jal	x1,80000520	  x1=0x80000520
        7855000	       784	00000000	00000013	addi	x0,x0,0	  x0:0x00000000
        7865000	       785	8000050c	00000013	addi	x0,x0,0	  x0:0x00000000
        7875000	       786	80000510	fbdff36f	jal	x6,80000510	  x6=0x80000510
        7885000	       787	00000000	00000013	addi	x0,x0,0	  x0:0x00000000
        7895000	       788	800004c8	00000013	addi	x0,x0,0	  x0:0x00000000
        7905000	       789	800004cc	0200096f	jal	x18,800004cc	 x18=0x800004cc
        7915000	       790	00000000	00000013	addi	x0,x0,0	  x0:0x00000000
        7925000	       791	800004e8	00000013	addi	x0,x0,0	  x0:0x00000000
        7935000	       792	800004ec	010000ef	jal	x1,800004ec	  x1=0x800004ec
        7945000	       793	00000000	00000013	addi	x0,x0,0	  x0:0x00000000
        7955000	       794	800004f8	00000013	addi	x0,x0,0	  x0:0x00000000
        7965000	       795	800004fc	fedff0ef	jal	x1,800004fc	  x1=0x800004fc
        7975000	       796	00000000	00000013	addi	x0,x0,0	  x0:0x00000000
        7985000	       797	800004e4	00000013	addi	x0,x0,0	  x0:0x00000000
        7995000	       798	800004e8	024000ef	jal	x1,800004e8	  x1=0x800004e8
        8005000	       799	00000000	00000013	addi	x0,x0,0	  x0:0x00000000
        8015000	       800	80000508	00000013	addi	x0,x0,0	  x0:0x00000000
        8025000	       801	8000050c	fd5ff0ef	jal	x1,8000050c	  x1=0x8000050c
        8035000	       802	00000000	00000013	addi	x0,x0,0	  x0:0x00000000
        8045000	       803	800004dc	00000013	addi	x0,x0,0	  x0:0x00000000
        8055000	       804	800004e0	04800f6f	jal	x30,800004e0	 x30=0x800004e0
        8065000	       805	00000000	00000013	addi	x0,x0,0	  x0:0x00000000
        8075000	       806	80000524	00000013	addi	x0,x0,0	  x0:0x00000000
        8085000	       807	80000528	fadff0ef	jal	x1,80000528	  x1=0x80000528
        8095000	       808	00000000	00000013	addi	x0,x0,0	  x0:0x00000000
        8105000	       809	800004d0	00000013	addi	x0,x0,0	  x0:0x00000000
        8115000	       810	800004d4	010000ef	jal	x1,800004d4	  x1=0x800004d4
        8125000	       811	00000000	00000013	addi	x0,x0,0	  x0:0x00000000
        8135000	       812	800004e0	00000013	addi	x0,x0,0	  x0:0x00000000
        8145000	       813	800004e4	020000ef	jal	x1,800004e4	  x1=0x800004e4
        8155000	       814	00000000	00000013	addi	x0,x0,0	  x0:0x00000000
        8165000	       815	80000500	00000013	addi	x0,x0,0	  x0:0x00000000
        8175000	       816	80000504	ff5ff36f	jal	x6,80000504	  x6=0x80000504
        8185000	       817	00000000	00000013	addi	x0,x0,0	  x0:0x00000000
        8195000	       818	800004f4	00000013	addi	x0,x0,0	  x0:0x00000000
        8205000	       819	800004f8	008003ef	jal	x7,800004f8	  x7=0x800004f8
        8215000	       820	00000000	00000013	addi	x0,x0,0	  x0:0x00000000
        8225000	       821	800004fc	00000013	addi	x0,x0,0	  x0:0x00000000
        8235000	       822	80000500	01400c6f	jal	x24,80000500	 x24=0x80000500
        8245000	       823	00000000	00000013	addi	x0,x0,0	  x0:0x00000000
        8255000	       824	80000510	00000013	addi	x0,x0,0	  x0:0x00000000
        8265000	       825	80000514	fc9ff0ef	jal	x1,80000514	  x1=0x80000514
        8275000	       826	00000000	00000013	addi	x0,x0,0	  x0:0x00000000
        8285000	       827	800004d8	00000013	addi	x0,x0,0	  x0:0x00000000
        8295000	       828	800004dc	040000ef	jal	x1,800004dc	  x1=0x800004dc
        8305000	       829	00000000	00000013	addi	x0,x0,0	  x0:0x00000000
        8315000	       830	80000518	00000013	addi	x0,x0,0	  x0:0x00000000
        8325000	       831	8000051c	fb5ff4ef	jal	x9,8000051c	  x9=0x8000051c
        8335000	       832	00000000	00000013	addi	x0,x0,0	  x0:0x00000000
        8345000	       833	800004cc	00000013	addi	x0,x0,0	  x0:0x00000000
        8355000	       834	800004d0	05400def	jal	x27,800004d0	 x27=0x800004d0
        8365000	       835	00000000	00000013	addi	x0,x0,0	  x0:0x00000000
        8375000	       836	80000520	00000013	addi	x0,x0,0	  x0:0x00000000
        8385000	       837	80000524	fe5ff0ef	jal	x1,80000524	  x1=0x80000524
        8395000	       838	00000000	00000013	addi	x0,x0,0	  x0:0x00000000
        8405000	       839	80000504	00000013	addi	x0,x0,0	  x0:0x00000000
        8415000	       840	80000508	010000ef	jal	x1,80000508	  x1=0x80000508
        8425000	       841	00000000	00000013	addi	x0,x0,0	  x0:0x00000000
        8435000	       842	80000514	00000013	addi	x0,x0,0	  x0:0x00000000
        8445000	       843	80000518	fddff2ef	jal	x5,80000518	  x5=0x80000518
        8455000	       844	00000000	00000013	addi	x0,x0,0	  x0:0x00000000
        8465000	       845	800004f0	00000013	addi	x0,x0,0	  x0:0x00000000
        8475000	       846	800004f4	038000ef	jal	x1,800004f4	  x1=0x800004f4
        8485000	       847	00000000	00000013	addi	x0,x0,0	  x0:0x00000000
        8495000	       848	80000528	00000013	addi	x0,x0,0	  x0:0x00000000
        8505000	       849	8000052c	012afa33	and	x20,x21,x18	 x21:0x80000470 x18:0x800004cc x20=0x80000440
        8515000	       850	80000530	0180036f	jal	x6,80000530	  x6=0x80000530
        8525000	       851	00000000	00000013	addi	x0,x0,0	  x0:0x00000000
        8535000	       852	80000544	00000013	addi	x0,x0,0	  x0:0x00000000
        8545000	       853	80000548	024000ef	jal	x1,80000548	  x1=0x80000548
        8555000	       854	00000000	00000013	addi	x0,x0,0	  x0:0x00000000
        8565000	       855	80000568	00000013	addi	x0,x0,0	  x0:0x00000000
        8575000	       856	8000056c	fe1ff36f	jal	x6,8000056c	  x6=0x8000056c
        8585000	       857	00000000	00000013	addi	x0,x0,0	  x0:0x00000000
        8595000	       858	80000548	00000013	addi	x0,x0,0	  x0:0x00000000
        8605000	       859	8000054c	ff1ff46f	jal	x8,8000054c	  x8=0x8000054c
        8615000	       860	00000000	00000013	addi	x0,x0,0	  x0:0x00000000
        8625000	       861	80000538	00000013	addi	x0,x0,0	  x0:0x00000000
        8635000	       862	8000053c	01c000ef	jal	x1,8000053c	  x1=0x8000053c
        8645000	       863	00000000	00000013	addi	x0,x0,0	  x0:0x00000000
        8655000	       864	80000554	00000013	addi	x0,x0,0	  x0:0x00000000
        8665000	       865	80000558	004000ef	jal	x1,80000558	  x1=0x80000558
        8675000	       866	00000000	00000013	addi	x0,x0,0	  x0:0x00000000
        8685000	       867	80000558	00000013	addi	x0,x0,0	  x0:0x00000000
        8695000	       868	8000055c	fe5ff0ef	jal	x1,8000055c	  x1=0x8000055c
        8705000	       869	00000000	00000013	addi	x0,x0,0	  x0:0x00000000
        8715000	       870	8000053c	00000013	addi	x0,x0,0	  x0:0x00000000
        8725000	       871	80000540	0100036f	jal	x6,80000540	  x6=0x80000540
        8735000	       872	00000000	00000013	addi	x0,x0,0	  x0:0x00000000
        8745000	       873	8000054c	00000013	addi	x0,x0,0	  x0:0x00000000
        8755000	       874	80000550	004000ef	jal	x1,80000550	  x1=0x80000550
        8765000	       875	00000000	00000013	addi	x0,x0,0	  x0:0x00000000
        8775000	       876	80000550	00000013	addi	x0,x0,0	  x0:0x00000000
        8785000	       877	80000554	00c000ef	jal	x1,80000554	  x1=0x80000554
        8795000	       878	00000000	00000013	addi	x0,x0,0	  x0:0x00000000
        8805000	       879	8000055c	00000013	addi	x0,x0,0	  x0:0x00000000
        8815000	       880	80000560	01000f6f	jal	x30,80000560	 x30=0x80000560
        8825000	       881	00000000	00000013	addi	x0,x0,0	  x0:0x00000000
        8835000	       882	8000056c	00000013	addi	x0,x0,0	  x0:0x00000000
        8845000	       883	80000570	ff9ff26f	jal	x4,80000570	  x4=0x80000570
        8855000	       884	00000000	00000013	addi	x0,x0,0	  x0:0x00000000
        8865000	       885	80000564	00000013	addi	x0,x0,0	  x0:0x00000000
        8875000	       886	80000568	fddff0ef	jal	x1,80000568	  x1=0x80000568
        8885000	       887	00000000	00000013	addi	x0,x0,0	  x0:0x00000000
        8895000	       888	80000540	00000013	addi	x0,x0,0	  x0:0x00000000
        8905000	       889	80000544	ff1ff0ef	jal	x1,80000544	  x1=0x80000544
        8915000	       890	00000000	00000013	addi	x0,x0,0	  x0:0x00000000
        8925000	       891	80000530	00000013	addi	x0,x0,0	  x0:0x00000000
        8935000	       892	80000534	030000ef	jal	x1,80000534	  x1=0x80000534
        8945000	       893	00000000	00000013	addi	x0,x0,0	  x0:0x00000000
        8955000	       894	80000560	00000013	addi	x0,x0,0	  x0:0x00000000
        8965000	       895	80000564	fd5ff0ef	jal	x1,80000564	  x1=0x80000564
        8975000	       896	00000000	00000013	addi	x0,x0,0	  x0:0x00000000
        8985000	       897	80000534	00000013	addi	x0,x0,0	  x0:0x00000000
        8995000	       898	80000538	03c000ef	jal	x1,80000538	  x1=0x80000538
        9005000	       899	00000000	00000013	addi	x0,x0,0	  x0:0x00000000
        9015000	       900	80000570	00000013	addi	x0,x0,0	  x0:0x00000000
        9025000	       901	80000574	3417b513	sltiu	x10,x15,833	 x15:0x80009f84 x10=0x00000000
        9035000	       902	80000578	03c0036f	jal	x6,80000578	  x6=0x80000578
        9045000	       903	00000000	00000013	addi	x0,x0,0	  x0:0x00000000
        9055000	       904	800005b0	00000013	addi	x0,x0,0	  x0:0x00000000
        9065000	       905	800005b4	fe1ff2ef	jal	x5,800005b4	  x5=0x800005b4
        9075000	       906	00000000	00000013	addi	x0,x0,0	  x0:0x00000000
        9085000	       907	80000590	00000013	addi	x0,x0,0	  x0:0x00000000
        9095000	       908	80000594	0380016f	jal	x2,80000594	  x2=0x80000594
        9105000	       909	00000000	00000013	addi	x0,x0,0	  x0:0x00000000
        9115000	       910	800005c8	00000013	addi	x0,x0,0	  x0:0x00000000
        9125000	       911	800005cc	fc5ff0ef	jal	x1,800005cc	  x1=0x800005cc
        9135000	       912	00000000	00000013	addi	x0,x0,0	  x0:0x00000000
        9145000	       913	8000058c	00000013	addi	x0,x0,0	  x0:0x00000000
        9155000	       914	80000590	ffdfff6f	jal	x30,80000590	 x30=0x80000590
        9165000	       915	00000000	00000013	addi	x0,x0,0	  x0:0x00000000
        9175000	       916	80000588	00000013	addi	x0,x0,0	  x0:0x00000000
        9185000	       917	8000058c	014004ef	jal	x9,8000058c	  x9=0x8000058c
        9195000	       918	00000000	00000013	addi	x0,x0,0	  x0:0x00000000
        9205000	       919	8000059c	00000013	addi	x0,x0,0	  x0:0x00000000
        9215000	       920	800005a0	ff9ff36f	jal	x6,800005a0	  x6=0x800005a0
        9225000	       921	00000000	00000013	addi	x0,x0,0	  x0:0x00000000
        9235000	       922	80000594	00000013	addi	x0,x0,0	  x0:0x00000000
        9245000	       923	80000598	0100036f	jal	x6,80000598	  x6=0x80000598
        9255000	       924	00000000	00000013	addi	x0,x0,0	  x0:0x00000000
        9265000	       925	800005a4	00000013	addi	x0,x0,0	  x0:0x00000000
        9275000	       926	800005a8	fd9ff0ef	jal	x1,800005a8	  x1=0x800005a8
        9285000	       927	00000000	00000013	addi	x0,x0,0	  x0:0x00000000
        9295000	       928	8000057c	00000013	addi	x0,x0,0	  x0:0x00000000
        9305000	       929	80000580	044000ef	jal	x1,80000580	  x1=0x80000580
        9315000	       930	00000000	00000013	addi	x0,x0,0	  x0:0x00000000
        9325000	       931	800005c0	00000013	addi	x0,x0,0	  x0:0x00000000
        9335000	       932	800005c4	004002ef	jal	x5,800005c4	  x5=0x800005c4
        9345000	       933	00000000	00000013	addi	x0,x0,0	  x0:0x00000000
        9355000	       934	800005c4	00000013	addi	x0,x0,0	  x0:0x00000000
        9365000	       935	800005c8	008000ef	jal	x1,800005c8	  x1=0x800005c8
        9375000	       936	00000000	00000013	addi	x0,x0,0	  x0:0x00000000
        9385000	       937	800005cc	00000013	addi	x0,x0,0	  x0:0x00000000
        9395000	       938	800005d0	fd5ff16f	jal	x2,800005d0	  x2=0x800005d0
        9405000	       939	00000000	00000013	addi	x0,x0,0	  x0:0x00000000
        9415000	       940	800005a0	00000013	addi	x0,x0,0	  x0:0x00000000
        9425000	       941	800005a4	018000ef	jal	x1,800005a4	  x1=0x800005a4
        9435000	       942	00000000	00000013	addi	x0,x0,0	  x0:0x00000000
        9445000	       943	800005b8	00000013	addi	x0,x0,0	  x0:0x00000000
        9455000	       944	800005bc	ff5ff0ef	jal	x1,800005bc	  x1=0x800005bc
        9465000	       945	00000000	00000013	addi	x0,x0,0	  x0:0x00000000
        9475000	       946	800005ac	00000013	addi	x0,x0,0	  x0:0x00000000
        9485000	       947	800005b0	ffdffdef	jal	x27,800005b0	 x27=0x800005b0
        9495000	       948	00000000	00000013	addi	x0,x0,0	  x0:0x00000000
        9505000	       949	800005a8	00000013	addi	x0,x0,0	  x0:0x00000000
        9515000	       950	800005ac	fd1ff0ef	jal	x1,800005ac	  x1=0x800005ac
        9525000	       951	00000000	00000013	addi	x0,x0,0	  x0:0x00000000
        9535000	       952	80000578	00000013	addi	x0,x0,0	  x0:0x00000000
        9545000	       953	8000057c	04400def	jal	x27,8000057c	 x27=0x8000057c
        9555000	       954	00000000	00000013	addi	x0,x0,0	  x0:0x00000000
        9565000	       955	800005bc	00000013	addi	x0,x0,0	  x0:0x00000000
        9575000	       956	800005c0	ff9ff76f	jal	x14,800005c0	 x14=0x800005c0
        9585000	       957	00000000	00000013	addi	x0,x0,0	  x0:0x00000000
        9595000	       958	800005b4	00000013	addi	x0,x0,0	  x0:0x00000000
        9605000	       959	800005b8	fcdff0ef	jal	x1,800005b8	  x1=0x800005b8
        9615000	       960	00000000	00000013	addi	x0,x0,0	  x0:0x00000000
        9625000	       961	80000580	00000013	addi	x0,x0,0	  x0:0x00000000
        9635000	       962	80000584	018000ef	jal	x1,80000584	  x1=0x80000584
        9645000	       963	00000000	00000013	addi	x0,x0,0	  x0:0x00000000
        9655000	       964	80000598	00000013	addi	x0,x0,0	  x0:0x00000000
        9665000	       965	8000059c	fedff36f	jal	x6,8000059c	  x6=0x8000059c
        9675000	       966	00000000	00000013	addi	x0,x0,0	  x0:0x00000000
        9685000	       967	80000584	00000013	addi	x0,x0,0	  x0:0x00000000
        9695000	       968	80000588	04c000ef	jal	x1,80000588	  x1=0x80000588
        9705000	       969	00000000	00000013	addi	x0,x0,0	  x0:0x00000000
        9715000	       970	800005d0	00000013	addi	x0,x0,0	  x0:0x00000000
        9725000	       971	800005d4	d5eb5f37	lui	x30,0xd5eb5	 x30=0xd5eb5000
        9735000	       972	800005d8	01c0036f	jal	x6,800005d8	  x6=0x800005d8
        9745000	       973	00000000	00000013	addi	x0,x0,0	  x0:0x00000000
        9755000	       974	800005f0	00000013	addi	x0,x0,0	  x0:0x00000000
        9765000	       975	800005f4	01c000ef	jal	x1,800005f4	  x1=0x800005f4
        9775000	       976	00000000	00000013	addi	x0,x0,0	  x0:0x00000000
        9785000	       977	8000060c	00000013	addi	x0,x0,0	  x0:0x00000000
        9795000	       978	80000610	010009ef	jal	x19,80000610	 x19=0x80000610
        9805000	       979	00000000	00000013	addi	x0,x0,0	  x0:0x00000000
        9815000	       980	8000061c	00000013	addi	x0,x0,0	  x0:0x00000000
        9825000	       981	80000620	fc1ff16f	jal	x2,80000620	  x2=0x80000620
        9835000	       982	00000000	00000013	addi	x0,x0,0	  x0:0x00000000
        9845000	       983	800005dc	00000013	addi	x0,x0,0	  x0:0x00000000
        9855000	       984	800005e0	02800eef	jal	x29,800005e0	 x29=0x800005e0
        9865000	       985	00000000	00000013	addi	x0,x0,0	  x0:0x00000000
        9875000	       986	80000604	00000013	addi	x0,x0,0	  x0:0x00000000
        9885000	       987	80000608	004000ef	jal	x1,80000608	  x1=0x80000608
        9895000	       988	00000000	00000013	addi	x0,x0,0	  x0:0x00000000
        9905000	       989	80000608	00000013	addi	x0,x0,0	  x0:0x00000000
        9915000	       990	8000060c	ff1ff0ef	jal	x1,8000060c	  x1=0x8000060c
        9925000	       991	00000000	00000013	addi	x0,x0,0	  x0:0x00000000
        9935000	       992	800005f8	00000013	addi	x0,x0,0	  x0:0x00000000
        9945000	       993	800005fc	008000ef	jal	x1,800005fc	  x1=0x800005fc
        9955000	       994	00000000	00000013	addi	x0,x0,0	  x0:0x00000000
        9965000	       995	80000600	00000013	addi	x0,x0,0	  x0:0x00000000
        9975000	       996	80000604	ffdff36f	jal	x6,80000604	  x6=0x80000604
        9985000	       997	00000000	00000013	addi	x0,x0,0	  x0:0x00000000
        9995000	       998	800005fc	00000013	addi	x0,x0,0	  x0:0x00000000
       10005000	       999	80000600	fe5ff0ef	jal	x1,80000600	  x1=0x80000600
       10015000	      1000	00000000	00000013	addi	x0,x0,0	  x0:0x00000000
       10025000	      1001	800005e0	00000013	addi	x0,x0,0	  x0:0x00000000
       10035000	      1002	800005e4	00c0026f	jal	x4,800005e4	  x4=0x800005e4
       10045000	      1003	00000000	00000013	addi	x0,x0,0	  x0:0x00000000
       10055000	      1004	800005ec	00000013	addi	x0,x0,0	  x0:0x00000000
       10065000	      1005	800005f0	02c000ef	jal	x1,800005f0	  x1=0x800005f0
       10075000	      1006	00000000	00000013	addi	x0,x0,0	  x0:0x00000000
       10085000	      1007	80000618	00000013	addi	x0,x0,0	  x0:0x00000000
       10095000	      1008	8000061c	014000ef	jal	x1,8000061c	  x1=0x8000061c
       10105000	      1009	00000000	00000013	addi	x0,x0,0	  x0:0x00000000
       10115000	      1010	8000062c	00000013	addi	x0,x0,0	  x0:0x00000000
       10125000	      1011	80000630	fb9ff3ef	jal	x7,80000630	  x7=0x80000630
       10135000	      1012	00000000	00000013	addi	x0,x0,0	  x0:0x00000000
       10145000	      1013	800005e4	00000013	addi	x0,x0,0	  x0:0x00000000
       10155000	      1014	800005e8	004000ef	jal	x1,800005e8	  x1=0x800005e8
       10165000	      1015	00000000	00000013	addi	x0,x0,0	  x0:0x00000000
       10175000	      1016	800005e8	00000013	addi	x0,x0,0	  x0:0x00000000
       10185000	      1017	800005ec	038000ef	jal	x1,800005ec	  x1=0x800005ec
       10195000	      1018	00000000	00000013	addi	x0,x0,0	  x0:0x00000000
       10205000	      1019	80000620	00000013	addi	x0,x0,0	  x0:0x00000000
       10215000	      1020	80000624	010000ef	jal	x1,80000624	  x1=0x80000624
       10225000	      1021	00000000	00000013	addi	x0,x0,0	  x0:0x00000000
       10235000	      1022	80000630	00000013	addi	x0,x0,0	  x0:0x00000000
       10245000	      1023	80000634	ff5ff46f	jal	x8,80000634	  x8=0x80000634
       10255000	      1024	00000000	00000013	addi	x0,x0,0	  x0:0x00000000
       10265000	      1025	80000624	00000013	addi	x0,x0,0	  x0:0x00000000
       10275000	      1026	80000628	fd1ff26f	jal	x4,80000628	  x4=0x80000628
       10285000	      1027	00000000	00000013	addi	x0,x0,0	  x0:0x00000000
       10295000	      1028	800005f4	00000013	addi	x0,x0,0	  x0:0x00000000
       10305000	      1029	800005f8	02000cef	jal	x25,800005f8	 x25=0x800005f8
       10315000	      1030	00000000	00000013	addi	x0,x0,0	  x0:0x00000000
       10325000	      1031	80000614	00000013	addi	x0,x0,0	  x0:0x00000000
       10335000	      1032	80000618	fc5ff0ef	jal	x1,80000618	  x1=0x80000618
       10345000	      1033	00000000	00000013	addi	x0,x0,0	  x0:0x00000000
       10355000	      1034	800005d8	00000013	addi	x0,x0,0	  x0:0x00000000
       10365000	      1035	800005dc	05c0036f	jal	x6,800005dc	  x6=0x800005dc
       10375000	      1036	00000000	00000013	addi	x0,x0,0	  x0:0x00000000
       10385000	      1037	80000634	00000013	addi	x0,x0,0	  x0:0x00000000
       10395000	      1038	80000638	fddff0ef	jal	x1,80000638	  x1=0x80000638
       10405000	      1039	00000000	00000013	addi	x0,x0,0	  x0:0x00000000
       10415000	      1040	80000610	00000013	addi	x0,x0,0	  x0:0x00000000
       10425000	      1041	80000614	01800d6f	jal	x26,80000614	 x26=0x80000614
       10435000	      1042	00000000	00000013	addi	x0,x0,0	  x0:0x00000000
       10445000	      1043	80000628	00000013	addi	x0,x0,0	  x0:0x00000000
       10455000	      1044	8000062c	010000ef	jal	x1,8000062c	  x1=0x8000062c
       10465000	      1045	00000000	00000013	addi	x0,x0,0	  x0:0x00000000
       10475000	      1046	80000638	00000013	addi	x0,x0,0	  x0:0x00000000
       10485000	      1047	8000063c	e39d14b7	lui	x9,0xe39d1	  x9=0xe39d1000
       10495000	      1048	80000640	0100036f	jal	x6,80000640	  x6=0x80000640
       10505000	      1049	00000000	00000013	addi	x0,x0,0	  x0:0x00000000
       10515000	      1050	8000064c	00000013	addi	x0,x0,0	  x0:0x00000000
       10525000	      1051	80000650	040003ef	jal	x7,80000650	  x7=0x80000650
       10535000	      1052	00000000	00000013	addi	x0,x0,0	  x0:0x00000000
       10545000	      1053	8000068c	00000013	addi	x0,x0,0	  x0:0x00000000
       10555000	      1054	80000690	fcdff4ef	jal	x9,80000690	  x9=0x80000690
       10565000	      1055	00000000	00000013	addi	x0,x0,0	  x0:0x00000000
       10575000	      1056	80000658	00000013	addi	x0,x0,0	  x0:0x00000000
       10585000	      1057	8000065c	0140036f	jal	x6,8000065c	  x6=0x8000065c
       10595000	      1058	00000000	00000013	addi	x0,x0,0	  x0:0x00000000
       10605000	      1059	8000066c	00000013	addi	x0,x0,0	  x0:0x00000000
       10615000	      1060	80000670	0140046f	jal	x8,80000670	  x8=0x80000670
       10625000	      1061	00000000	00000013	addi	x0,x0,0	  x0:0x00000000
       10635000	      1062	80000680	00000013	addi	x0,x0,0	  x0:0x00000000
       10645000	      1063	80000684	fc1ffeef	jal	x29,80000684	 x29=0x80000684
       10655000	      1064	00000000	00000013	addi	x0,x0,0	  x0:0x00000000
       10665000	      1065	80000640	00000013	addi	x0,x0,0	  x0:0x00000000
       10675000	      1066	80000644	034000ef	jal	x1,80000644	  x1=0x80000644
       10685000	      1067	00000000	00000013	addi	x0,x0,0	  x0:0x00000000
       10695000	      1068	80000674	00000013	addi	x0,x0,0	  x0:0x00000000
       10705000	      1069	80000678	ffdff0ef	jal	x1,80000678	  x1=0x80000678
       10715000	      1070	00000000	00000013	addi	x0,x0,0	  x0:0x00000000
       10725000	      1071	80000670	00000013	addi	x0,x0,0	  x0:0x00000000
       10735000	      1072	80000674	020000ef	jal	x1,80000674	  x1=0x80000674
       10745000	      1073	00000000	00000013	addi	x0,x0,0	  x0:0x00000000
       10755000	      1074	80000690	00000013	addi	x0,x0,0	  x0:0x00000000
       10765000	      1075	80000694	fb5ff0ef	jal	x1,80000694	  x1=0x80000694
       10775000	      1076	00000000	00000013	addi	x0,x0,0	  x0:0x00000000
       10785000	      1077	80000644	00000013	addi	x0,x0,0	  x0:0x00000000
       10795000	      1078	80000648	0040046f	jal	x8,80000648	  x8=0x80000648
       10805000	      1079	00000000	00000013	addi	x0,x0,0	  x0:0x00000000
       10815000	      1080	80000648	00000013	addi	x0,x0,0	  x0:0x00000000
       10825000	      1081	8000064c	050000ef	jal	x1,8000064c	  x1=0x8000064c
       10835000	      1082	00000000	00000013	addi	x0,x0,0	  x0:0x00000000
       10845000	      1083	80000698	00000013	addi	x0,x0,0	  x0:0x00000000
       10855000	      1084	8000069c	fedff0ef	jal	x1,8000069c	  x1=0x8000069c
       10865000	      1085	00000000	00000013	addi	x0,x0,0	  x0:0x00000000
       10875000	      1086	80000684	00000013	addi	x0,x0,0	  x0:0x00000000
       10885000	      1087	80000688	ff9ff16f	jal	x2,80000688	  x2=0x80000688
       10895000	      1088	00000000	00000013	addi	x0,x0,0	  x0:0x00000000
       10905000	      1089	8000067c	00000013	addi	x0,x0,0	  x0:0x00000000
       10915000	      1090	80000680	ffdff0ef	jal	x1,80000680	  x1=0x80000680
       10925000	      1091	00000000	00000013	addi	x0,x0,0	  x0:0x00000000
       10935000	      1092	80000678	00000013	addi	x0,x0,0	  x0:0x00000000
       10945000	      1093	8000067c	ff1ff36f	jal	x6,8000067c	  x6=0x8000067c
       10955000	      1094	00000000	00000013	addi	x0,x0,0	  x0:0x00000000
       10965000	      1095	80000668	00000013	addi	x0,x0,0	  x0:0x00000000
       10975000	      1096	8000066c	ffdff16f	jal	x2,8000066c	  x2=0x8000066c
       10985000	      1097	00000000	00000013	addi	x0,x0,0	  x0:0x00000000
       10995000	      1098	80000664	00000013	addi	x0,x0,0	  x0:0x00000000
       11005000	      1099	80000668	ffdfffef	jal	x31,80000668	 x31=0x80000668
       11015000	      1100	00000000	00000013	addi	x0,x0,0	  x0:0x00000000
       11025000	      1101	80000660	00000013	addi	x0,x0,0	  x0:0x00000000
       11035000	      1102	80000664	03400cef	jal	x25,80000664	 x25=0x80000664
       11045000	      1103	00000000	00000013	addi	x0,x0,0	  x0:0x00000000
       11055000	      1104	80000694	00000013	addi	x0,x0,0	  x0:0x00000000
       11065000	      1105	80000698	fc1ff56f	jal	x10,80000698	 x10=0x80000698
       11075000	      1106	00000000	00000013	addi	x0,x0,0	  x0:0x00000000
       11085000	      1107	80000654	00000013	addi	x0,x0,0	  x0:0x00000000
       11095000	      1108	80000658	0340066f	jal	x12,80000658	 x12=0x80000658
       11105000	      1109	00000000	00000013	addi	x0,x0,0	  x0:0x00000000
       11115000	      1110	80000688	00000013	addi	x0,x0,0	  x0:0x00000000
       11125000	      1111	8000068c	fd5ff36f	jal	x6,8000068c	  x6=0x8000068c
       11135000	      1112	00000000	00000013	addi	x0,x0,0	  x0:0x00000000
       11145000	      1113	8000065c	00000013	addi	x0,x0,0	  x0:0x00000000
       11155000	      1114	80000660	ff5ff6ef	jal	x13,80000660	 x13=0x80000660
       11165000	      1115	00000000	00000013	addi	x0,x0,0	  x0:0x00000000
       11175000	      1116	80000650	00000013	addi	x0,x0,0	  x0:0x00000000
       11185000	      1117	80000654	04c003ef	jal	x7,80000654	  x7=0x80000654
       11195000	      1118	00000000	00000013	addi	x0,x0,0	  x0:0x00000000
       11205000	      1119	8000069c	00000013	addi	x0,x0,0	  x0:0x00000000
       11215000	      1120	800006a0	00000013	addi	x0,x0,0	  x0:0x00000000
       11225000	      1121	800006a4	fd6f8a93	addi	x21,x31,-42	 x31:0x80000668 x21=0x8000063e
       11235000	      1122	800006a8	01ec1313	slli	x6,x24,0x1e	 x24:0x80000500  x6=0x00000000
       11245000	      1123	800006ac	00ce4ab3	xor	x21,x28,x12	 x28:0xffff6524 x12:0x80000658 x21=0x7fff637c
       11255000	      1124	800006b0	00355ab3	srl	x21,x10,x3	 x10:0x80000698  x3:0x800003dc x21=0x00000008
       11265000	      1125	800006b4	00830263	beq	x6,x8,800006b8	  x6:0x00000000  x8:0x80000648
       11275000	      1126	800006b8	40418f33	sub	x30,x3,x4	  x3:0x800003dc  x4:0x80000628 x30=0xfffffdb4
       11285000	      1127	800006bc	9868ca93	xori	x21,x17,-1658	 x17:0x80000000 x21=0x7ffff986
       11295000	      1128	800006c0	4109d933	sra	x18,x19,x16	 x19:0x80000610 x16:0x80009fc4 x18=0xf8000061
       11305000	      1129	800006c4	41925233	sra	x4,x4,x25	  x4:0x80000628 x25:0x80000664  x4=0xf8000062
       11315000	      1130	800006c8	0378c263	blt	x17,x23,800006ec	 x17:0x80000000 x23:0x800002e8
       11325000	      1131	00000000	00000013	addi	x0,x0,0	  x0:0x00000000
       11335000	      1132	800006e8	00000013	addi	x0,x0,0	  x0:0x00000000
       11345000	      1133	800006ec	c4172113	slti	x2,x14,-959	 x14:0x800005c0  x2=0x00000001
       11355000	      1134	800006f0	00137463	bgeu	x6,x1,800006f8	  x6:0x00000000  x1:0x80000680
       11365000	      1135	800006f4	87bfb417	auipc	x8,0x87bfb	  x8=0x07bfb6f0
       11375000	      1136	800006f8	0087de13	srli	x28,x15,0x8	 x15:0x80009f84 x28=0x0080009f
       11385000	      1137	800006fc	64046913	ori	x18,x8,1600	  x8:0x07bfb6f0 x18=0x07bfb6f0
       11395000	      1138	80000700	00259a33	sll	x20,x11,x2	 x11:0x00000000  x2:0x00000001 x20=0x00000000
       11405000	      1139	80000704	405fddb3	sra	x27,x31,x5	 x31:0x80000668  x5:0x800005c4 x27=0xf8000066
       11415000	      1140	80000708	a6302493	slti	x9,x0,-1437	  x0:0x00000000  x9=0x00000000
       11425000	      1141	8000070c	1eea7313	andi	x6,x20,494	 x20:0x00000000  x6=0x00000000
       11435000	      1142	80000710	00a25f13	srli	x30,x4,0xa	  x4:0xf8000062 x30=0x003e0000
       11445000	      1143	80000714	41230d33	sub	x26,x6,x18	  x6:0x00000000 x18:0x07bfb6f0 x26=0xf8404910
       11455000	      1144	80000718	02959a63	bne	x11,x9,8000074c	 x11:0x00000000  x9:0x00000000
       11465000	      1145	8000071c	41ac89b3	sub	x19,x25,x26	 x25:0x80000664 x26:0xf8404910 x19=0x87bfbd54
       11475000	      1146	80000720	c37f3713	sltiu	x14,x30,-969	 x30:0x003e0000 x14=0x00000001
       11485000	      1147	80000724	05969063	bne	x13,x25,80000764	 x13:0x80000660 x25:0x80000664
       11495000	      1148	00000000	00000013	addi	x0,x0,0	  x0:0x00000000
       11505000	      1149	80000760	00000013	addi	x0,x0,0	  x0:0x00000000
       11515000	      1150	80000764	00ac5f93	srli	x31,x24,0xa	 x24:0x80000500 x31=0x00200001
       11525000	      1151	80000768	00349933	sll	x18,x9,x3	  x9:0x00000000  x3:0x800003dc x18=0x00000000
       11535000	      1152	8000076c	05e84463	blt	x16,x30,800007b4	 x16:0x80009fc4 x30:0x003e0000
       11545000	      1153	00000000	00000013	addi	x0,x0,0	  x0:0x00000000
       11555000	      1154	800007b0	00000013	addi	x0,x0,0	  x0:0x00000000
       11565000	      1155	800007b4	096aeb13	ori	x22,x21,150	 x21:0x7ffff986 x22=0x7ffff996
       11575000	      1156	800007b8	01ed1493	slli	x9,x26,0x1e	 x26:0xf8404910  x9=0x00000000
       11585000	      1157	800007bc	013c6463	bltu	x24,x19,800007c4	 x24:0x80000500 x19:0x87bfbd54
       11595000	      1158	00000000	00000013	addi	x0,x0,0	  x0:0x00000000
       11605000	      1159	800007c0	00000013	addi	x0,x0,0	  x0:0x00000000
       11615000	      1160	800007c4	035b0c63	beq	x22,x21,800007fc	 x22:0x7ffff996 x21:0x7ffff986
       11625000	      1161	800007c8	005500b3	add	x1,x10,x5	 x10:0x80000698  x5:0x800005c4  x1=0x00000c5c
       11635000	      1162	800007cc	002c0eb3	add	x29,x24,x2	 x24:0x80000500  x2:0x00000001 x29=0x80000501
       11645000	      1163	800007d0	40cd8f33	sub	x30,x27,x12	 x27:0xf8000066 x12:0x80000658 x30=0x77fffa0e
       11655000	      1164	800007d4	405000b3	sub	x1,x0,x5	  x0:0x00000000  x5:0x800005c4  x1=0x7ffffa3c
       11665000	      1165	800007d8	2a306b93	ori	x23,x0,675	  x0:0x00000000 x23=0x000002a3
       11675000	      1166	800007dc	01f7de13	srli	x28,x15,0x1f	 x15:0x80009f84 x28=0x00000001
       11685000	      1167	800007e0	01bd4a33	xor	x20,x26,x27	 x26:0xf8404910 x27:0xf8000066 x20=0x00404976
       11695000	      1168	800007e4	03d6fc63	bgeu	x13,x29,8000081c	 x13:0x80000660 x29:0x80000501
       11705000	      1169	00000000	00000013	addi	x0,x0,0	  x0:0x00000000
       11715000	      1170	80000818	00000013	addi	x0,x0,0	  x0:0x00000000
       11725000	      1171	8000081c	005a7333	and	x6,x20,x5	 x20:0x00404976  x5:0x800005c4  x6=0x00000144
       11735000	      1172	80000820	29eec917	auipc	x18,0x29eec	 x18=0xa9eec81c
       11745000	      1173	80000824	00609863	bne	x1,x6,80000834	  x1:0x7ffffa3c  x6:0x00000144
       11755000	      1174	00000000	00000013	addi	x0,x0,0	  x0:0x00000000
       11765000	      1175	80000830	00000013	addi	x0,x0,0	  x0:0x00000000
       11775000	      1176	80000834	00b7bc33	sltu	x24,x15,x11	 x15:0x80009f84 x11:0x00000000 x24=0x00000000
       11785000	      1177	80000838	2be94d13	xori	x26,x18,702	 x18:0xa9eec81c x26=0xa9eecaa2
       11795000	      1178	8000083c	00e27eb3	and	x29,x4,x14	  x4:0xf8000062 x14:0x00000001 x29=0x00000000
       11805000	      1179	80000840	c3404093	xori	x1,x0,-972	  x0:0x00000000  x1=0xfffffc34
       11815000	      1180	80000844	00409863	bne	x1,x4,80000854	  x1:0xfffffc34  x4:0xf8000062
       11825000	      1181	00000000	00000013	addi	x0,x0,0	  x0:0x00000000
       11835000	      1182	80000850	00000013	addi	x0,x0,0	  x0:0x00000000
       11845000	      1183	80000854	019a1593	slli	x11,x20,0x19	 x20:0x00404976 x11=0xec000000
       11855000	      1184	80000858	0094ef33	or	x30,x9,x9	  x9:0x00000000  x9:0x00000000 x30=0x00000000
       11865000	      1185	8000085c	1de36613	ori	x12,x6,478	  x6:0x00000144 x12=0x000001de
       11875000	      1186	80000860	5c323a13	sltiu	x20,x4,1475	  x4:0xf8000062 x20=0x00000000
       11885000	      1187	80000864	a99f6113	ori	x2,x30,-1383	 x30:0x00000000  x2=0xfffffa99
       11895000	      1188	80000868	008cf4b3	and	x9,x25,x8	 x25:0x80000664  x8:0x07bfb6f0  x9=0x00000660
       11905000	      1189	8000086c	d94b0293	addi	x5,x22,-620	 x22:0x7ffff996  x5=0x7ffff72a
       11915000	      1190	80000870	fa414013	xori	x0,x2,-92	  x2:0xfffffa99
       11925000	      1191	80000874	013ba0b3	slt	x1,x23,x19	 x23:0x000002a3 x19:0x87bfbd54  x1=0x00000000
       11935000	      1192	80000878	6bf8b113	sltiu	x2,x17,1727	 x17:0x80000000  x2=0x00000000
       11945000	      1193	8000087c	4ed52493	slti	x9,x10,1261	 x10:0x80000698  x9=0x00000001
       11955000	      1194	80000880	00e44863	blt	x8,x14,80000890	  x8:0x07bfb6f0 x14:0x00000001
       11965000	      1195	80000884	f8857313	andi	x6,x10,-120	 x10:0x80000698  x6=0x80000688
       11975000	      1196	80000888	016423b3	slt	x7,x8,x22	  x8:0x07bfb6f0 x22:0x7ffff996  x7=0x00000001
       11985000	      1197	8000088c	00e6e3b3	or	x7,x13,x14	 x13:0x80000660 x14:0x00000001  x7=0x80000661
       11995000	      1198	80000890	00d08a63	beq	x1,x13,800008a4	  x1:0x00000000 x13:0x80000660
       12005000	      1199	80000894	017f5a93	srli	x21,x30,0x17	 x30:0x00000000 x21=0x00000000
       12015000	      1200	80000898	aa22bf13	sltiu	x30,x5,-1374	  x5:0x7ffff72a x30=0x00000001
       12025000	      1201	8000089c	00ccb4b3	sltu	x9,x25,x12	 x25:0x80000664 x12:0x000001de  x9=0x00000000
       12035000	      1202	800008a0	03df1663	bne	x30,x29,800008cc	 x30:0x00000001 x29:0x00000000
       12045000	      1203	00000000	00000013	addi	x0,x0,0	  x0:0x00000000
       12055000	      1204	800008c8	00000013	addi	x0,x0,0	  x0:0x00000000
       12065000	      1205	800008cc	de6ce393	ori	x7,x25,-538	 x25:0x80000664  x7=0xffffffe6
       12075000	      1206	800008d0	401e5b93	srai	x23,x28,0x1	 x28:0x00000001 x23=0x00000000
       12085000	      1207	800008d4	b0d82293	slti	x5,x16,-1267	 x16:0x80009fc4  x5=0x00000001
       12095000	      1208	800008d8	01753633	sltu	x12,x10,x23	 x10:0x80000698 x23:0x00000000 x12=0x00000000
       12105000	      1209	800008dc	003feeb3	or	x29,x31,x3	 x31:0x00200001  x3:0x800003dc x29=0x802003dd
       12115000	      1210	800008e0	41ae8fb3	sub	x31,x29,x26	 x29:0x802003dd x26:0xa9eecaa2 x31=0xd631393b
       12125000	      1211	800008e4	04966463	bltu	x12,x9,8000092c	 x12:0x00000000  x9:0x00000000
       12135000	      1212	800008e8	0240036f	jal	x6,800008e8	  x6=0x800008e8
       12145000	      1213	00000000	00000013	addi	x0,x0,0	  x0:0x00000000
       12155000	      1214	80000908	00000013	addi	x0,x0,0	  x0:0x00000000
       12165000	      1215	8000090c	fedff0ef	jal	x1,8000090c	  x1=0x8000090c
       12175000	      1216	00000000	00000013	addi	x0,x0,0	  x0:0x00000000
       12185000	      1217	800008f4	00000013	addi	x0,x0,0	  x0:0x00000000
       12195000	      1218	800008f8	024000ef	jal	x1,800008f8	  x1=0x800008f8
       12205000	      1219	00000000	00000013	addi	x0,x0,0	  x0:0x00000000
       12215000	      1220	80000918	00000013	addi	x0,x0,0	  x0:0x00000000
       12225000	      1221	8000091c	0040036f	jal	x6,8000091c	  x6=0x8000091c
       12235000	      1222	00000000	00000013	addi	x0,x0,0	  x0:0x00000000
       12245000	      1223	8000091c	00000013	addi	x0,x0,0	  x0:0x00000000
       12255000	      1224	80000920	fe1ff0ef	jal	x1,80000920	  x1=0x80000920
       12265000	      1225	00000000	00000013	addi	x0,x0,0	  x0:0x00000000
       12275000	      1226	800008fc	00000013	addi	x0,x0,0	  x0:0x00000000
       12285000	      1227	80000900	fedff0ef	jal	x1,80000900	  x1=0x80000900
       12295000	      1228	00000000	00000013	addi	x0,x0,0	  x0:0x00000000
       12305000	      1229	800008e8	00000013	addi	x0,x0,0	  x0:0x00000000
       12315000	      1230	800008ec	02400b6f	jal	x22,800008ec	 x22=0x800008ec
       12325000	      1231	00000000	00000013	addi	x0,x0,0	  x0:0x00000000
       12335000	      1232	8000090c	00000013	addi	x0,x0,0	  x0:0x00000000
       12345000	      1233	80000910	ff5ff0ef	jal	x1,80000910	  x1=0x80000910
       12355000	      1234	00000000	00000013	addi	x0,x0,0	  x0:0x00000000
       12365000	      1235	80000900	00000013	addi	x0,x0,0	  x0:0x00000000
       12375000	      1236	80000904	010000ef	jal	x1,80000904	  x1=0x80000904
       12385000	      1237	00000000	00000013	addi	x0,x0,0	  x0:0x00000000
       12395000	      1238	80000910	00000013	addi	x0,x0,0	  x0:0x00000000
       12405000	      1239	80000914	0040036f	jal	x6,80000914	  x6=0x80000914
       12415000	      1240	00000000	00000013	addi	x0,x0,0	  x0:0x00000000
       12425000	      1241	80000914	00000013	addi	x0,x0,0	  x0:0x00000000
       12435000	      1242	80000918	fe5ff96f	jal	x18,80000918	 x18=0x80000918
       12445000	      1243	00000000	00000013	addi	x0,x0,0	  x0:0x00000000
       12455000	      1244	800008f8	00000013	addi	x0,x0,0	  x0:0x00000000
       12465000	      1245	800008fc	ff5ffd6f	jal	x26,800008fc	 x26=0x800008fc
       12475000	      1246	00000000	00000013	addi	x0,x0,0	  x0:0x00000000
       12485000	      1247	800008ec	00000013	addi	x0,x0,0	  x0:0x00000000
       12495000	      1248	800008f0	004000ef	jal	x1,800008f0	  x1=0x800008f0
       12505000	      1249	00000000	00000013	addi	x0,x0,0	  x0:0x00000000
       12515000	      1250	800008f0	00000013	addi	x0,x0,0	  x0:0x00000000
       12525000	      1251	800008f4	014000ef	jal	x1,800008f4	  x1=0x800008f4
       12535000	      1252	00000000	00000013	addi	x0,x0,0	  x0:0x00000000
       12545000	      1253	80000904	00000013	addi	x0,x0,0	  x0:0x00000000
       12555000	      1254	80000908	01c000ef	jal	x1,80000908	  x1=0x80000908
       12565000	      1255	00000000	00000013	addi	x0,x0,0	  x0:0x00000000
       12575000	      1256	80000920	00000013	addi	x0,x0,0	  x0:0x00000000
       12585000	      1257	80000924	017a2bb3	slt	x23,x20,x23	 x20:0x00000000 x23:0x00000000 x23=0x00000000
       12595000	      1258	80000928	00000013	addi	x0,x0,0	  x0:0x00000000
       12605000	      1259	8000092c	f94ace13	xori	x28,x21,-108	 x21:0x00000000 x28=0xffffff94
       12615000	      1260	80000930	0284e063	bltu	x9,x8,80000950	  x9:0x00000000  x8:0x07bfb6f0
       12625000	      1261	00000000	00000013	addi	x0,x0,0	  x0:0x00000000
       12635000	      1262	8000094c	00000013	addi	x0,x0,0	  x0:0x00000000
       12645000	      1263	80000950	51b7a117	auipc	x2,0x51b7a	  x2=0xd1b7a94c
       12655000	      1264	80000954	41458cb3	sub	x25,x11,x20	 x11:0xec000000 x20:0x00000000 x25=0xec000000
       12665000	      1265	80000958	53706d13	ori	x26,x0,1335	  x0:0x00000000 x26=0x00000537
       12675000	      1266	8000095c	0040d613	srli	x12,x1,0x4	  x1:0x80000908 x12=0x08000090
       12685000	      1267	80000960	407386b3	sub	x13,x7,x7	  x7:0xffffffe6  x7:0xffffffe6 x13=0x00000000
       12695000	      1268	80000964	01bce133	or	x2,x25,x27	 x25:0xec000000 x27:0xf8000066  x2=0xfc000066
       12705000	      1269	80000968	4cdfc3b7	lui	x7,0x4cdfc	  x7=0x4cdfc000
       12715000	      1270	8000096c	01bd1ab3	sll	x21,x26,x27	 x26:0x00000537 x27:0xf8000066 x21=0x00014dc0
       12725000	      1271	80000970	9a3e4337	lui	x6,0x9a3e4	  x6=0x9a3e4000
       12735000	      1272	80000974	01f25213	srli	x4,x4,0x1f	  x4:0xf8000062  x4=0x00000001
       12745000	      1273	80000978	117309b7	lui	x19,0x11730	 x19=0x11730000
       12755000	      1274	8000097c	00000013	addi	x0,x0,0	  x0:0x00000000
       12765000	      1275	80000980	009b9463	bne	x23,x9,80000988	 x23:0x00000000  x9:0x00000000
       12775000	      1276	80000984	1b3cf493	andi	x9,x25,435	 x25:0xec000000  x9=0x00000000
       12785000	      1277	80000988	f6fa0f13	addi	x30,x20,-145	 x20:0x00000000 x30=0xffffff6f
       12795000	      1278	8000098c	41760ab3	sub	x21,x12,x23	 x12:0x08000090 x23:0x00000000 x21=0x08000090
       12805000	      1279	80000990	88a88f13	addi	x30,x17,-1910	 x17:0x80000000 x30=0x7ffff88a
       12815000	      1280	80000994	3aa1f713	andi	x14,x3,938	  x3:0x800003dc x14=0x00000388
       12825000	      1281	80000998	13bf0197	auipc	x3,0x13bf0	  x3=0x93bf0994
       12835000	      1282	8000099c	01a6f463	bgeu	x13,x26,800009a4	 x13:0x00000000 x26:0x00000537
       12845000	      1283	800009a0	652a2537	lui	x10,0x652a2	 x10=0x652a2000
       12855000	      1284	800009a4	00d1d433	srl	x8,x3,x13	  x3:0x93bf0994 x13:0x00000000  x8=0x93bf0994
       12865000	      1285	800009a8	c912fd13	andi	x26,x5,-879	  x5:0x00000001 x26=0x00000001
       12875000	      1286	800009ac	002ede93	srli	x29,x29,0x2	 x29:0x802003dd x29=0x200800f7
       12885000	      1287	800009b0	4141de33	sra	x28,x3,x20	  x3:0x93bf0994 x20:0x00000000 x28=0x93bf0994
       12895000	      1288	800009b4	8a47b413	sltiu	x8,x15,-1884	 x15:0x80009f84  x8=0x00000001
       12905000	      1289	800009b8	40b80533	sub	x10,x16,x11	 x16:0x80009fc4 x11:0xec000000 x10=0x94009fc4
       12915000	      1290	800009bc	002201b3	add	x3,x4,x2	  x4:0x00000001  x2:0xfc000066  x3=0xfc000067
       12925000	      1291	800009c0	000ea6b3	slt	x13,x29,x0	 x29:0x200800f7  x0:0x00000000 x13=0x00000000
       12935000	      1292	800009c4	ac5bbe97	auipc	x29,0xac5bb	 x29=0x2c5bb9c0
       12945000	      1293	800009c8	f0224013	xori	x0,x4,-254	  x4:0x00000001
       12955000	      1294	800009cc	403cd713	srai	x14,x25,0x3	 x25:0xec000000 x14=0xfd800000
       12965000	      1295	800009d0	b7684a97	auipc	x21,0xb7684	 x21=0x376849cc
       12975000	      1296	800009d4	e19f7613	andi	x12,x30,-487	 x30:0x7ffff88a x12=0x7ffff808
       12985000	      1297	800009d8	037dcc63	blt	x27,x23,80000a10	 x27:0xf8000066 x23:0x00000000
       12995000	      1298	00000000	00000013	addi	x0,x0,0	  x0:0x00000000
       13005000	      1299	80000a0c	00000013	addi	x0,x0,0	  x0:0x00000000
       13015000	      1300	80000a10	1621a513	slti	x10,x3,354	  x3:0xfc000067 x10=0x00000001
       13025000	      1301	80000a14	01e701b3	add	x3,x14,x30	 x14:0xfd800000 x30:0x7ffff88a  x3=0x7d7ff88a
       13035000	      1302	80000a18	002f50b3	srl	x1,x30,x2	 x30:0x7ffff88a  x2:0xfc000066  x1=0x01ffffe2
       13045000	      1303	80000a1c	01e2ac33	slt	x24,x5,x30	  x5:0x00000001 x30:0x7ffff88a x24=0x00000001
       13055000	      1304	80000a20	20e38e37	lui	x28,0x20e38	 x28=0x20e38000
       13065000	      1305	80000a24	00ab5b93	srli	x23,x22,0xa	 x22:0x800008ec x23=0x00200002
       13075000	      1306	80000a28	05119863	bne	x3,x17,80000a78	  x3:0x7d7ff88a x17:0x80000000
       13085000	      1307	00000000	00000013	addi	x0,x0,0	  x0:0x00000000
       13095000	      1308	80000a74	00000013	addi	x0,x0,0	  x0:0x00000000
       13105000	      1309	80000a78	4133d6b3	sra	x13,x7,x19	  x7:0x4cdfc000 x19:0x11730000 x13=0x4cdfc000
       13115000	      1310	80000a7c	400bd533	sra	x10,x23,x0	 x23:0x00200002  x0:0x00000000 x10=0x00200002
       13125000	      1311	80000a80	8dad2313	slti	x6,x26,-1830	 x26:0x00000001  x6=0x00000000
       13135000	      1312	80000a84	009be5b3	or	x11,x23,x9	 x23:0x00200002  x9:0x00000000 x11=0x00200002
       13145000	      1313	80000a88	03eb9063	bne	x23,x30,80000aa8	 x23:0x00200002 x30:0x7ffff88a
       13155000	      1314	00000000	00000013	addi	x0,x0,0	  x0:0x00000000
       13165000	      1315	80000aa4	00000013	addi	x0,x0,0	  x0:0x00000000
       13175000	      1316	80000aa8	5c0b3d93	sltiu	x27,x22,1472	 x22:0x800008ec x27=0x00000000
       13185000	      1317	80000aac	4052d633	sra	x12,x5,x5	  x5:0x00000001  x5:0x00000001 x12=0x00000000
       13195000	      1318	80000ab0	0112f933	and	x18,x5,x17	  x5:0x00000001 x17:0x80000000 x18=0x00000000
       13205000	      1319	80000ab4	000cdb33	srl	x22,x25,x0	 x25:0xec000000  x0:0x00000000 x22=0xec000000
       13215000	      1320	80000ab8	0135e863	bltu	x11,x19,80000ac8	 x11:0x00200002 x19:0x11730000
       13225000	      1321	00000000	00000013	addi	x0,x0,0	  x0:0x00000000
       13235000	      1322	80000ac4	00000013	addi	x0,x0,0	  x0:0x00000000
       13245000	      1323	80000ac8	0bc99663	bne	x19,x28,80000b74	 x19:0x11730000 x28:0x20e38000
       13255000	      1324	00000000	00000013	addi	x0,x0,0	  x0:0x00000000
       13265000	      1325	80000b70	00000013	addi	x0,x0,0	  x0:0x00000000
       13275000	      1326	80000b74	417e5633	sra	x12,x28,x23	 x28:0x20e38000 x23:0x00200002 x12=0x0838e000
       13285000	      1327	80000b78	009e2ab3	slt	x21,x28,x9	 x28:0x20e38000  x9:0x00000000 x21=0x00000000
       13295000	      1328	80000b7c	a6782293	slti	x5,x16,-1433	 x16:0x80009fc4  x5=0x00000001
       13305000	      1329	80000b80	0558f863	bgeu	x17,x21,80000bd0	 x17:0x80000000 x21:0x00000000
       13315000	      1330	00000000	00000013	addi	x0,x0,0	  x0:0x00000000
       13325000	      1331	80000bcc	00000013	addi	x0,x0,0	  x0:0x00000000
       13335000	      1332	80000bd0	f2208d93	addi	x27,x1,-222	  x1:0x01ffffe2 x27=0x01ffff04
       13345000	      1333	80000bd4	7c9f8437	lui	x8,0x7c9f8	  x8=0x7c9f8000
       13355000	      1334	80000bd8	a14d9f37	lui	x30,0xa14d9	 x30=0xa14d9000
       13365000	      1335	80000bdc	00000013	addi	x0,x0,0	  x0:0x00000000
       13375000	      1336	80000be0	7b50e1b7	lui	x3,0x7b50e	  x3=0x7b50e000
       13385000	      1337	80000be4	01977ab3	and	x21,x14,x25	 x14:0xfd800000 x25:0xec000000 x21=0xec000000
       13395000	      1338	80000be8	013629b3	slt	x19,x12,x19	 x12:0x0838e000 x19:0x11730000 x19=0x00000001
       13405000	      1339	80000bec	00289eb3	sll	x29,x17,x2	 x17:0x80000000  x2:0xfc000066 x29=0x00000000
       13415000	      1340	80000bf0	7df80c17	auipc	x24,0x7df80	 x24=0xfdf80bec
       13425000	      1341	80000bf4	00a405b3	add	x11,x8,x10	  x8:0x7c9f8000 x10:0x00200002 x11=0x7cbf8002
       13435000	      1342	80000bf8	00758d33	add	x26,x11,x7	 x11:0x7cbf8002  x7:0x4cdfc000 x26=0xc99f4002
       13445000	      1343	80000bfc	25706f13	ori	x30,x0,599	  x0:0x00000000 x30=0x00000257
       13455000	      1344	80000c00	1f593513	sltiu	x10,x18,501	 x18:0x00000000 x10=0x00000001
       13465000	      1345	80000c04	41aedc13	srai	x24,x29,0x1a	 x29:0x00000000 x24=0x00000000
       13475000	      1346	80000c08	05040063	beq	x8,x16,80000c48	  x8:0x7c9f8000 x16:0x80009fc4
       13485000	      1347	80000c0c	00f5bd33	sltu	x26,x11,x15	 x11:0x7cbf8002 x15:0x80009f84 x26=0x00000001
       13495000	      1348	80000c10	0045d913	srli	x18,x11,0x4	 x11:0x7cbf8002 x18=0x07cbf800
       13505000	      1349	80000c14	b71a4713	xori	x14,x20,-1167	 x20:0x00000000 x14=0xfffffb71
       13515000	      1350	80000c18	4011d533	sra	x10,x3,x1	  x3:0x7b50e000  x1:0x01ffffe2 x10=0x1ed43800
       13525000	      1351	80000c1c	011b1133	sll	x2,x22,x17	 x22:0xec000000 x17:0x80000000  x2=0xec000000
       13535000	      1352	80000c20	74278d93	addi	x27,x15,1858	 x15:0x80009f84 x27=0x8000a6c6
       13545000	      1353	80000c24	4031d9b3	sra	x19,x3,x3	  x3:0x7b50e000  x3:0x7b50e000 x19=0x7b50e000
       13555000	      1354	80000c28	ef2e2b93	slti	x23,x28,-270	 x28:0x20e38000 x23=0x00000000
       13565000	      1355	80000c2c	00627d33	and	x26,x4,x6	  x4:0x00000001  x6:0x00000000 x26=0x00000000
       13575000	      1356	80000c30	8b394c93	xori	x25,x18,-1869	 x18:0x07cbf800 x25=0xf83400b3
       13585000	      1357	80000c34	0028cc33	xor	x24,x17,x2	 x17:0x80000000  x2:0xec000000 x24=0x6c000000
       13595000	      1358	80000c38	01efec33	or	x24,x31,x30	 x31:0xd631393b x30:0x00000257 x24=0xd6313b7f
       13605000	      1359	80000c3c	40ca3f13	sltiu	x30,x20,1036	 x20:0x00000000 x30=0x00000001
       13615000	      1360	80000c40	001f94b3	sll	x9,x31,x1	 x31:0xd631393b  x1:0x01ffffe2  x9=0x58c4e4ec
       13625000	      1361	80000c44	01b15863	bge	x2,x27,80000c54	  x2:0xec000000 x27:0x8000a6c6
       13635000	      1362	00000000	00000013	addi	x0,x0,0	  x0:0x00000000
       13645000	      1363	80000c50	00000013	addi	x0,x0,0	  x0:0x00000000
       13655000	      1364	80000c54	008f0333	add	x6,x30,x8	 x30:0x00000001  x8:0x7c9f8000  x6=0x7c9f8001
       13665000	      1365	80000c58	007cfa33	and	x20,x25,x7	 x25:0xf83400b3  x7:0x4cdfc000 x20=0x48140000
       13675000	      1366	80000c5c	1e646613	ori	x12,x8,486	  x8:0x7c9f8000 x12=0x7c9f81e6
       13685000	      1367	80000c60	00d40fb3	add	x31,x8,x13	  x8:0x7c9f8000 x13:0x4cdfc000 x31=0xc97f4000
       13695000	      1368	80000c64	01289313	slli	x6,x17,0x12	 x17:0x80000000  x6=0x00000000
       13705000	      1369	80000c68	026ae863	bltu	x21,x6,80000c98	 x21:0xec000000  x6:0x00000000
       13715000	      1370	80000c6c	00ecf433	and	x8,x25,x14	 x25:0xf83400b3 x14:0xfffffb71  x8=0xf8340031
       13725000	      1371	80000c70	eba9cf13	xori	x30,x19,-326	 x19:0x7b50e000 x30=0x84af1eba
       13735000	      1372	80000c74	01cd9a93	slli	x21,x27,0x1c	 x27:0x8000a6c6 x21=0x60000000
       13745000	      1373	80000c78	006ed533	srl	x10,x29,x6	 x29:0x00000000  x6:0x00000000 x10=0x00000000
       13755000	      1374	80000c7c	30c84713	xori	x14,x16,780	 x16:0x80009fc4 x14=0x80009cc8
       13765000	      1375	80000c80	027efa63	bgeu	x29,x7,80000cb4	 x29:0x00000000  x7:0x4cdfc000
       13775000	      1376	80000c84	415c53b3	sra	x7,x24,x21	 x24:0xd6313b7f x21:0x60000000  x7=0xd6313b7f
       13785000	      1377	80000c88	40afddb3	sra	x27,x31,x10	 x31:0xc97f4000 x10:0x00000000 x27=0xc97f4000
       13795000	      1378	80000c8c	82ed2713	slti	x14,x26,-2002	 x26:0x00000000 x14=0x00000000
       13805000	      1379	80000c90	0025dd13	srli	x26,x11,0x2	 x11:0x7cbf8002 x26=0x1f2fe000
       13815000	      1380	80000c94	01a1dc93	srli	x25,x3,0x1a	  x3:0x7b50e000 x25=0x0000001e
       13825000	      1381	80000c98	61856993	ori	x19,x10,1560	 x10:0x00000000 x19=0x00000618
       13835000	      1382	80000c9c	01999b93	slli	x23,x19,0x19	 x19:0x00000618 x23=0x30000000
       13845000	      1383	80000ca0	40608533	sub	x10,x1,x6	  x1:0x01ffffe2  x6:0x00000000 x10=0x01ffffe2
       13855000	      1384	80000ca4	01a09333	sll	x6,x1,x26	  x1:0x01ffffe2 x26:0x1f2fe000  x6=0x01ffffe2
       13865000	      1385	80000ca8	00000013	addi	x0,x0,0	  x0:0x00000000
       13875000	      1386	80000cac	3719e617	auipc	x12,0x3719e	 x12=0xb719eca8
       13885000	      1387	80000cb0	0a676263	bltu	x14,x6,80000d54	 x14:0x00000000  x6:0x01ffffe2
       13895000	      1388	00000000	00000013	addi	x0,x0,0	  x0:0x00000000
       13905000	      1389	80000d50	00000013	addi	x0,x0,0	  x0:0x00000000
       13915000	      1390	80000d54	034d0263	beq	x26,x20,80000d78	 x26:0x1f2fe000 x20:0x48140000
       13925000	      1391	80000d58	40f9d593	srai	x11,x19,0xf	 x19:0x00000618 x11=0x00000000
       13935000	      1392	80000d5c	f8decb13	xori	x22,x29,-115	 x29:0x00000000 x22=0xffffff8d
       13945000	      1393	80000d60	004aa6b3	slt	x13,x21,x4	 x21:0x60000000  x4:0x00000001 x13=0x00000000
       13955000	      1394	80000d64	a7270037	lui	x0,0xa7270	
       13965000	      1395	80000d68	00c81cb3	sll	x25,x16,x12	 x16:0x80009fc4 x12:0xb719eca8 x25=0x009fc400
       13975000	      1396	80000d6c	06a6a193	slti	x3,x13,106	 x13:0x00000000  x3=0x00000001
       13985000	      1397	80000d70	00ea9eb3	sll	x29,x21,x14	 x21:0x60000000 x14:0x00000000 x29=0x60000000
       13995000	      1398	80000d74	414b8d33	sub	x26,x23,x20	 x23:0x30000000 x20:0x48140000 x26=0xe7ec0000
       14005000	      1399	80000d78	d426c013	xori	x0,x13,-702	 x13:0x00000000
       14015000	      1400	80000d7c	c6e04f93	xori	x31,x0,-914	  x0:0x00000000 x31=0xfffffc6e
       14025000	      1401	80000d80	27057bb7	lui	x23,0x27057	 x23=0x27057000
       14035000	      1402	80000d84	01b21463	bne	x4,x27,80000d8c	  x4:0x00000001 x27:0xc97f4000
       14045000	      1403	00000000	00000013	addi	x0,x0,0	  x0:0x00000000
       14055000	      1404	80000d88	00000013	addi	x0,x0,0	  x0:0x00000000
       14065000	      1405	80000d8c	86db5b37	lui	x22,0x86db5	 x22=0x86db5000
       14075000	      1406	80000d90	1459f713	andi	x14,x19,325	 x19:0x00000618 x14=0x00000000
       14085000	      1407	80000d94	01977433	and	x8,x14,x25	 x14:0x00000000 x25:0x009fc400  x8=0x00000000
       14095000	      1408	80000d98	764526b7	lui	x13,0x76452	 x13=0x76452000
       14105000	      1409	80000d9c	00a51f93	slli	x31,x10,0xa	 x10:0x01ffffe2 x31=0xffff8800
       14115000	      1410	80000da0	00068263	beq	x13,x0,80000da4	 x13:0x76452000  x0:0x00000000
       14125000	      1411	80000da4	0034adb3	slt	x27,x9,x3	  x9:0x58c4e4ec  x3:0x00000001 x27=0x00000000
       14135000	      1412	80000da8	02d9c063	blt	x19,x13,80000dc8	 x19:0x00000618 x13:0x76452000
       14145000	      1413	00000000	00000013	addi	x0,x0,0	  x0:0x00000000
       14155000	      1414	80000dc4	00000013	addi	x0,x0,0	  x0:0x00000000
       14165000	      1415	80000dc8	01853433	sltu	x8,x10,x24	 x10:0x01ffffe2 x24:0xd6313b7f  x8=0x00000001
       14175000	      1416	80000dcc	010a5633	srl	x12,x20,x16	 x20:0x48140000 x16:0x80009fc4 x12=0x04814000
       14185000	      1417	80000dd0	9823ac17	auipc	x24,0x9823a	 x24=0x1823adcc
       14195000	      1418	80000dd4	01520cb3	add	x25,x4,x21	  x4:0x00000001 x21:0x60000000 x25=0x60000001
       14205000	      1419	80000dd8	e7a1a113	slti	x2,x3,-390	  x3:0x00000001  x2=0x00000000
       14215000	      1420	80000ddc	01e42d33	slt	x26,x8,x30	  x8:0x00000001 x30:0x84af1eba x26=0x00000000
       14225000	      1421	80000de0	fe7e0593	addi	x11,x28,-25	 x28:0x20e38000 x11=0x20e37fe7
       14235000	      1422	80000de4	1778a193	slti	x3,x17,375	 x17:0x80000000  x3=0x00000001
       14245000	      1423	80000de8	41095b33	sra	x22,x18,x16	 x18:0x07cbf800 x16:0x80009fc4 x22=0x007cbf80
       14255000	      1424	80000dec	455a1737	lui	x14,0x455a1	 x14=0x455a1000
       14265000	      1425	80000df0	7c2d7597	auipc	x11,0x7c2d7	 x11=0xfc2d7dec
       14275000	      1426	80000df4	1df48f97	auipc	x31,0x1df48	 x31=0x9df48df0
       14285000	      1427	80000df8	41ef06b3	sub	x13,x30,x30	 x30:0x84af1eba x30:0x84af1eba x13=0x00000000
       14295000	      1428	80000dfc	00001a17	auipc	x20,0x1	 x20=0x80001df8
       14305000	      1429	80000e00	01ca0a13	addi	x20,x20,28	 x20:0x80001df8 x20=0x80001e14
       14315000	      1430	80000e04	01a143b3	xor	x7,x2,x26	  x2:0x00000000 x26:0x00000000  x7=0x00000000
       14325000	      1431	80000e08	d23a0a13	addi	x20,x20,-733	 x20:0x80001e14 x20=0x80001b37
       14335000	      1432	80000e0c	66fe3217	auipc	x4,0x66fe3	  x4=0xe6fe3e08
       14345000	      1433	80000e10	89d7b293	sltiu	x5,x15,-1891	 x15:0x80009f84  x5=0x00000001
       14355000	      1434	80000e14	40be0d33	sub	x26,x28,x11	 x28:0x20e38000 x11:0xfc2d7dec x26=0x24b60214
       14365000	      1435	80000e18	6343f393	andi	x7,x7,1588	  x7:0x00000000  x7=0x00000000
       14375000	      1436	80000e1c	40a78fb3	sub	x31,x15,x10	 x15:0x80009f84 x10:0x01ffffe2 x31=0x7e009fa2
       14385000	      1437	80000e20	01d1f733	and	x14,x3,x29	  x3:0x00000001 x29:0x60000000 x14=0x00000000
       14395000	      1438	80000e24	2dda0367	jalr	x6,x20,733	 x20:0x80001b37  x6=0x80000e24
       14405000	      1439	00000000	00000013	addi	x0,x0,0	  x0:0x00000000
       14415000	      1440	80001e14	00000013	addi	x0,x0,0	  x0:0x00000000
       14425000	      1441	80001e18	dbaae513	ori	x10,x21,-582	 x21:0x60000000 x10=0xfffffdba
       14435000	      1442	80001e1c	00279cb3	sll	x25,x15,x2	 x15:0x80009f84  x2:0x00000000 x25=0x80009f84
       14445000	      1443	80001e20	00230993	addi	x19,x6,2	  x6:0x80000e24 x19=0x80000e26
       14455000	      1444	80001e24	49f5fb93	andi	x23,x11,1183	 x11:0xfc2d7dec x23=0x0000048c
       14465000	      1445	80001e28	414d8133	sub	x2,x27,x20	 x27:0x00000000 x20:0x80001b37  x2=0x7fffe4c9
       14475000	      1446	80001e2c	fd078793	addi	x15,x15,-48	 x15:0x80009f84 x15=0x80009f54
       14485000	      1447	80001e30	0067a223	sw	x6,4(x15)	 x15:0x80009f54  x6:0x80000e24 PA:0x80009f58
       14495000	      1448	80001e34	412189b3	sub	x19,x3,x18	  x3:0x00000001 x18:0x07cbf800 x19=0xf8340801
       14505000	      1449	80001e38	8d518b17	auipc	x22,0x8d518	 x22=0x0d519e34
       14515000	      1450	80001e3c	015fd913	srli	x18,x31,0x15	 x31:0x7e009fa2 x18=0x000003f0
       14525000	      1451	80001e40	0600036f	jal	x6,80001e40	  x6=0x80001e40
       14535000	      1452	00000000	00000013	addi	x0,x0,0	  x0:0x00000000
       14545000	      1453	80001e9c	00000013	addi	x0,x0,0	  x0:0x00000000
       14555000	      1454	80001ea0	fc9ff36f	jal	x6,80001ea0	  x6=0x80001ea0
       14565000	      1455	00000000	00000013	addi	x0,x0,0	  x0:0x00000000
       14575000	      1456	80001e64	00000013	addi	x0,x0,0	  x0:0x00000000
       14585000	      1457	80001e68	004000ef	jal	x1,80001e68	  x1=0x80001e68
       14595000	      1458	00000000	00000013	addi	x0,x0,0	  x0:0x00000000
       14605000	      1459	80001e68	00000013	addi	x0,x0,0	  x0:0x00000000
       14615000	      1460	80001e6c	010000ef	jal	x1,80001e6c	  x1=0x80001e6c
       14625000	      1461	00000000	00000013	addi	x0,x0,0	  x0:0x00000000
       14635000	      1462	80001e78	00000013	addi	x0,x0,0	  x0:0x00000000
       14645000	      1463	80001e7c	fd9ff36f	jal	x6,80001e7c	  x6=0x80001e7c
       14655000	      1464	00000000	00000013	addi	x0,x0,0	  x0:0x00000000
       14665000	      1465	80001e50	00000013	addi	x0,x0,0	  x0:0x00000000
       14675000	      1466	80001e54	004000ef	jal	x1,80001e54	  x1=0x80001e54
       14685000	      1467	00000000	00000013	addi	x0,x0,0	  x0:0x00000000
       14695000	      1468	80001e54	00000013	addi	x0,x0,0	  x0:0x00000000
       14705000	      1469	80001e58	004000ef	jal	x1,80001e58	  x1=0x80001e58
       14715000	      1470	00000000	00000013	addi	x0,x0,0	  x0:0x00000000
       14725000	      1471	80001e58	00000013	addi	x0,x0,0	  x0:0x00000000
       14735000	      1472	80001e5c	01c0016f	jal	x2,80001e5c	  x2=0x80001e5c
       14745000	      1473	00000000	00000013	addi	x0,x0,0	  x0:0x00000000
       14755000	      1474	80001e74	00000013	addi	x0,x0,0	  x0:0x00000000
       14765000	      1475	80001e78	ffdff36f	jal	x6,80001e78	  x6=0x80001e78
       14775000	      1476	00000000	00000013	addi	x0,x0,0	  x0:0x00000000
       14785000	      1477	80001e70	00000013	addi	x0,x0,0	  x0:0x00000000
       14795000	      1478	80001e74	0240036f	jal	x6,80001e74	  x6=0x80001e74
       14805000	      1479	00000000	00000013	addi	x0,x0,0	  x0:0x00000000
       14815000	      1480	80001e94	00000013	addi	x0,x0,0	  x0:0x00000000
       14825000	      1481	80001e98	fedff0ef	jal	x1,80001e98	  x1=0x80001e98
       14835000	      1482	00000000	00000013	addi	x0,x0,0	  x0:0x00000000
       14845000	      1483	80001e80	00000013	addi	x0,x0,0	  x0:0x00000000
       14855000	      1484	80001e84	fddff36f	jal	x6,80001e84	  x6=0x80001e84
       14865000	      1485	00000000	00000013	addi	x0,x0,0	  x0:0x00000000
       14875000	      1486	80001e5c	00000013	addi	x0,x0,0	  x0:0x00000000
       14885000	      1487	80001e60	fe5ff2ef	jal	x5,80001e60	  x5=0x80001e60
       14895000	      1488	00000000	00000013	addi	x0,x0,0	  x0:0x00000000
       14905000	      1489	80001e40	00000013	addi	x0,x0,0	  x0:0x00000000
       14915000	      1490	80001e44	04c000ef	jal	x1,80001e44	  x1=0x80001e44
       14925000	      1491	00000000	00000013	addi	x0,x0,0	  x0:0x00000000
       14935000	      1492	80001e8c	00000013	addi	x0,x0,0	  x0:0x00000000
       14945000	      1493	80001e90	fbdff2ef	jal	x5,80001e90	  x5=0x80001e90
       14955000	      1494	00000000	00000013	addi	x0,x0,0	  x0:0x00000000
       14965000	      1495	80001e48	00000013	addi	x0,x0,0	  x0:0x00000000
       14975000	      1496	80001e4c	03c000ef	jal	x1,80001e4c	  x1=0x80001e4c
       14985000	      1497	00000000	00000013	addi	x0,x0,0	  x0:0x00000000
       14995000	      1498	80001e84	00000013	addi	x0,x0,0	  x0:0x00000000
       15005000	      1499	80001e88	004000ef	jal	x1,80001e88	  x1=0x80001e88
       15015000	      1500	00000000	00000013	addi	x0,x0,0	  x0:0x00000000
       15025000	      1501	80001e88	00000013	addi	x0,x0,0	  x0:0x00000000
       15035000	      1502	80001e8c	fbdff0ef	jal	x1,80001e8c	  x1=0x80001e8c
       15045000	      1503	00000000	00000013	addi	x0,x0,0	  x0:0x00000000
       15055000	      1504	80001e44	00000013	addi	x0,x0,0	  x0:0x00000000
       15065000	      1505	80001e48	008000ef	jal	x1,80001e48	  x1=0x80001e48
       15075000	      1506	00000000	00000013	addi	x0,x0,0	  x0:0x00000000
       15085000	      1507	80001e4c	00000013	addi	x0,x0,0	  x0:0x00000000
       15095000	      1508	80001e50	0140066f	jal	x12,80001e50	 x12=0x80001e50
       15105000	      1509	00000000	00000013	addi	x0,x0,0	  x0:0x00000000
       15115000	      1510	80001e60	00000013	addi	x0,x0,0	  x0:0x00000000
       15125000	      1511	80001e64	038005ef	jal	x11,80001e64	 x11=0x80001e64
       15135000	      1512	00000000	00000013	addi	x0,x0,0	  x0:0x00000000
       15145000	      1513	80001e98	00000013	addi	x0,x0,0	  x0:0x00000000
       15155000	      1514	80001e9c	fe5ff0ef	jal	x1,80001e9c	  x1=0x80001e9c
       15165000	      1515	00000000	00000013	addi	x0,x0,0	  x0:0x00000000
       15175000	      1516	80001e7c	00000013	addi	x0,x0,0	  x0:0x00000000
       15185000	      1517	80001e80	ff1ffc6f	jal	x24,80001e80	 x24=0x80001e80
       15195000	      1518	00000000	00000013	addi	x0,x0,0	  x0:0x00000000
       15205000	      1519	80001e6c	00000013	addi	x0,x0,0	  x0:0x00000000
       15215000	      1520	80001e70	0240096f	jal	x18,80001e70	 x18=0x80001e70
       15225000	      1521	00000000	00000013	addi	x0,x0,0	  x0:0x00000000
       15235000	      1522	80001e90	00000013	addi	x0,x0,0	  x0:0x00000000
       15245000	      1523	80001e94	0100036f	jal	x6,80001e94	  x6=0x80001e94
       15255000	      1524	00000000	00000013	addi	x0,x0,0	  x0:0x00000000
       15265000	      1525	80001ea0	00000013	addi	x0,x0,0	  x0:0x00000000
       15275000	      1526	80001ea4	01ecbb33	sltu	x22,x25,x30	 x25:0x80009f84 x30:0x84af1eba x22=0x00000001
       15285000	      1527	80001ea8	04c0036f	jal	x6,80001ea8	  x6=0x80001ea8
       15295000	      1528	00000000	00000013	addi	x0,x0,0	  x0:0x00000000
       15305000	      1529	80001ef0	00000013	addi	x0,x0,0	  x0:0x00000000
       15315000	      1530	80001ef4	fd5ff0ef	jal	x1,80001ef4	  x1=0x80001ef4
       15325000	      1531	00000000	00000013	addi	x0,x0,0	  x0:0x00000000
       15335000	      1532	80001ec4	00000013	addi	x0,x0,0	  x0:0x00000000
       15345000	      1533	80001ec8	010000ef	jal	x1,80001ec8	  x1=0x80001ec8
       15355000	      1534	00000000	00000013	addi	x0,x0,0	  x0:0x00000000
       15365000	      1535	80001ed4	00000013	addi	x0,x0,0	  x0:0x00000000
       15375000	      1536	80001ed8	fd9ff0ef	jal	x1,80001ed8	  x1=0x80001ed8
       15385000	      1537	00000000	00000013	addi	x0,x0,0	  x0:0x00000000
       15395000	      1538	80001eac	00000013	addi	x0,x0,0	  x0:0x00000000
       15405000	      1539	80001eb0	038000ef	jal	x1,80001eb0	  x1=0x80001eb0
       15415000	      1540	00000000	00000013	addi	x0,x0,0	  x0:0x00000000
       15425000	      1541	80001ee4	00000013	addi	x0,x0,0	  x0:0x00000000
       15435000	      1542	80001ee8	014000ef	jal	x1,80001ee8	  x1=0x80001ee8
       15445000	      1543	00000000	00000013	addi	x0,x0,0	  x0:0x00000000
       15455000	      1544	80001ef8	00000013	addi	x0,x0,0	  x0:0x00000000
       15465000	      1545	80001efc	ffdff0ef	jal	x1,80001efc	  x1=0x80001efc
       15475000	      1546	00000000	00000013	addi	x0,x0,0	  x0:0x00000000
       15485000	      1547	80001ef4	00000013	addi	x0,x0,0	  x0:0x00000000
       15495000	      1548	80001ef8	fddff36f	jal	x6,80001ef8	  x6=0x80001ef8
       15505000	      1549	00000000	00000013	addi	x0,x0,0	  x0:0x00000000
       15515000	      1550	80001ed0	00000013	addi	x0,x0,0	  x0:0x00000000
       15525000	      1551	80001ed4	ffdff0ef	jal	x1,80001ed4	  x1=0x80001ed4
       15535000	      1552	00000000	00000013	addi	x0,x0,0	  x0:0x00000000
       15545000	      1553	80001ecc	00000013	addi	x0,x0,0	  x0:0x00000000
       15555000	      1554	80001ed0	020000ef	jal	x1,80001ed0	  x1=0x80001ed0
       15565000	      1555	00000000	00000013	addi	x0,x0,0	  x0:0x00000000
       15575000	      1556	80001eec	00000013	addi	x0,x0,0	  x0:0x00000000
       15585000	      1557	80001ef0	0240016f	jal	x2,80001ef0	  x2=0x80001ef0
       15595000	      1558	00000000	00000013	addi	x0,x0,0	  x0:0x00000000
       15605000	      1559	80001f10	00000013	addi	x0,x0,0	  x0:0x00000000
       15615000	      1560	80001f14	fd9ffbef	jal	x23,80001f14	 x23=0x80001f14
       15625000	      1561	00000000	00000013	addi	x0,x0,0	  x0:0x00000000
       15635000	      1562	80001ee8	00000013	addi	x0,x0,0	  x0:0x00000000
       15645000	      1563	80001eec	0340036f	jal	x6,80001eec	  x6=0x80001eec
       15655000	      1564	00000000	00000013	addi	x0,x0,0	  x0:0x00000000
       15665000	      1565	80001f1c	00000013	addi	x0,x0,0	  x0:0x00000000
       15675000	      1566	80001f20	fedffd6f	jal	x26,80001f20	 x26=0x80001f20
       15685000	      1567	00000000	00000013	addi	x0,x0,0	  x0:0x00000000
       15695000	      1568	80001f08	00000013	addi	x0,x0,0	  x0:0x00000000
       15705000	      1569	80001f0c	ff5ff0ef	jal	x1,80001f0c	  x1=0x80001f0c
       15715000	      1570	00000000	00000013	addi	x0,x0,0	  x0:0x00000000
       15725000	      1571	80001efc	00000013	addi	x0,x0,0	  x0:0x00000000
       15735000	      1572	80001f00	fcdff36f	jal	x6,80001f00	  x6=0x80001f00
       15745000	      1573	00000000	00000013	addi	x0,x0,0	  x0:0x00000000
       15755000	      1574	80001ec8	00000013	addi	x0,x0,0	  x0:0x00000000
       15765000	      1575	80001ecc	038000ef	jal	x1,80001ecc	  x1=0x80001ecc
       15775000	      1576	00000000	00000013	addi	x0,x0,0	  x0:0x00000000
       15785000	      1577	80001f00	00000013	addi	x0,x0,0	  x0:0x00000000
       15795000	      1578	80001f04	014000ef	jal	x1,80001f04	  x1=0x80001f04
       15805000	      1579	00000000	00000013	addi	x0,x0,0	  x0:0x00000000
       15815000	      1580	80001f14	00000013	addi	x0,x0,0	  x0:0x00000000
       15825000	      1581	80001f18	fadff0ef	jal	x1,80001f18	  x1=0x80001f18
       15835000	      1582	00000000	00000013	addi	x0,x0,0	  x0:0x00000000
       15845000	      1583	80001ec0	00000013	addi	x0,x0,0	  x0:0x00000000
       15855000	      1584	80001ec4	058000ef	jal	x1,80001ec4	  x1=0x80001ec4
       15865000	      1585	00000000	00000013	addi	x0,x0,0	  x0:0x00000000
       15875000	      1586	80001f18	00000013	addi	x0,x0,0	  x0:0x00000000
       15885000	      1587	80001f1c	ff5ff0ef	jal	x1,80001f1c	  x1=0x80001f1c
       15895000	      1588	00000000	00000013	addi	x0,x0,0	  x0:0x00000000
       15905000	      1589	80001f0c	00000013	addi	x0,x0,0	  x0:0x00000000
       15915000	      1590	80001f10	fcdff0ef	jal	x1,80001f10	  x1=0x80001f10
       15925000	      1591	00000000	00000013	addi	x0,x0,0	  x0:0x00000000
       15935000	      1592	80001ed8	00000013	addi	x0,x0,0	  x0:0x00000000
       15945000	      1593	80001edc	fd9ff0ef	jal	x1,80001edc	  x1=0x80001edc
       15955000	      1594	00000000	00000013	addi	x0,x0,0	  x0:0x00000000
       15965000	      1595	80001eb0	00000013	addi	x0,x0,0	  x0:0x00000000
       15975000	      1596	80001eb4	00c000ef	jal	x1,80001eb4	  x1=0x80001eb4
       15985000	      1597	00000000	00000013	addi	x0,x0,0	  x0:0x00000000
       15995000	      1598	80001ebc	00000013	addi	x0,x0,0	  x0:0x00000000
       16005000	      1599	80001ec0	024000ef	jal	x1,80001ec0	  x1=0x80001ec0
       16015000	      1600	00000000	00000013	addi	x0,x0,0	  x0:0x00000000
       16025000	      1601	80001ee0	00000013	addi	x0,x0,0	  x0:0x00000000
       16035000	      1602	80001ee4	0240036f	jal	x6,80001ee4	  x6=0x80001ee4
       16045000	      1603	00000000	00000013	addi	x0,x0,0	  x0:0x00000000
       16055000	      1604	80001f04	00000013	addi	x0,x0,0	  x0:0x00000000
       16065000	      1605	80001f08	fb5ff0ef	jal	x1,80001f08	  x1=0x80001f08
       16075000	      1606	00000000	00000013	addi	x0,x0,0	  x0:0x00000000
       16085000	      1607	80001eb8	00000013	addi	x0,x0,0	  x0:0x00000000
       16095000	      1608	80001ebc	ffdff6ef	jal	x13,80001ebc	 x13=0x80001ebc
       16105000	      1609	00000000	00000013	addi	x0,x0,0	  x0:0x00000000
       16115000	      1610	80001eb4	00000013	addi	x0,x0,0	  x0:0x00000000
       16125000	      1611	80001eb8	ff5ff0ef	jal	x1,80001eb8	  x1=0x80001eb8
       16135000	      1612	00000000	00000013	addi	x0,x0,0	  x0:0x00000000
       16145000	      1613	80001ea8	00000013	addi	x0,x0,0	  x0:0x00000000
       16155000	      1614	80001eac	034000ef	jal	x1,80001eac	  x1=0x80001eac
       16165000	      1615	00000000	00000013	addi	x0,x0,0	  x0:0x00000000
       16175000	      1616	80001edc	00000013	addi	x0,x0,0	  x0:0x00000000
       16185000	      1617	80001ee0	044001ef	jal	x3,80001ee0	  x3=0x80001ee0
       16195000	      1618	00000000	00000013	addi	x0,x0,0	  x0:0x00000000
       16205000	      1619	80001f20	00000013	addi	x0,x0,0	  x0:0x00000000
       16215000	      1620	80001f24	695aba13	sltiu	x20,x21,1685	 x21:0x60000000 x20=0x00000000
       16225000	      1621	80001f28	0200036f	jal	x6,80001f28	  x6=0x80001f28
       16235000	      1622	00000000	00000013	addi	x0,x0,0	  x0:0x00000000
       16245000	      1623	80001f44	00000013	addi	x0,x0,0	  x0:0x00000000
       16255000	      1624	80001f48	ff5ff0ef	jal	x1,80001f48	  x1=0x80001f48
       16265000	      1625	00000000	00000013	addi	x0,x0,0	  x0:0x00000000
       16275000	      1626	80001f38	00000013	addi	x0,x0,0	  x0:0x00000000
       16285000	      1627	80001f3c	ff9ff0ef	jal	x1,80001f3c	  x1=0x80001f3c
       16295000	      1628	00000000	00000013	addi	x0,x0,0	  x0:0x00000000
       16305000	      1629	80001f30	00000013	addi	x0,x0,0	  x0:0x00000000
       16315000	      1630	80001f34	02c000ef	jal	x1,80001f34	  x1=0x80001f34
       16325000	      1631	00000000	00000013	addi	x0,x0,0	  x0:0x00000000
       16335000	      1632	80001f5c	00000013	addi	x0,x0,0	  x0:0x00000000
       16345000	      1633	80001f60	fedff36f	jal	x6,80001f60	  x6=0x80001f60
       16355000	      1634	00000000	00000013	addi	x0,x0,0	  x0:0x00000000
       16365000	      1635	80001f48	00000013	addi	x0,x0,0	  x0:0x00000000
       16375000	      1636	80001f4c	0080036f	jal	x6,80001f4c	  x6=0x80001f4c
       16385000	      1637	00000000	00000013	addi	x0,x0,0	  x0:0x00000000
       16395000	      1638	80001f50	00000013	addi	x0,x0,0	  x0:0x00000000
       16405000	      1639	80001f54	0080036f	jal	x6,80001f54	  x6=0x80001f54
       16415000	      1640	00000000	00000013	addi	x0,x0,0	  x0:0x00000000
       16425000	      1641	80001f58	00000013	addi	x0,x0,0	  x0:0x00000000
       16435000	      1642	80001f5c	fe5ff96f	jal	x18,80001f5c	 x18=0x80001f5c
       16445000	      1643	00000000	00000013	addi	x0,x0,0	  x0:0x00000000
       16455000	      1644	80001f3c	00000013	addi	x0,x0,0	  x0:0x00000000
       16465000	      1645	80001f40	018001ef	jal	x3,80001f40	  x3=0x80001f40
       16475000	      1646	00000000	00000013	addi	x0,x0,0	  x0:0x00000000
       16485000	      1647	80001f54	00000013	addi	x0,x0,0	  x0:0x00000000
       16495000	      1648	80001f58	ff9ff26f	jal	x4,80001f58	  x4=0x80001f58
       16505000	      1649	00000000	00000013	addi	x0,x0,0	  x0:0x00000000
       16515000	      1650	80001f4c	00000013	addi	x0,x0,0	  x0:0x00000000
       16525000	      1651	80001f50	ff5ff36f	jal	x6,80001f50	  x6=0x80001f50
       16535000	      1652	00000000	00000013	addi	x0,x0,0	  x0:0x00000000
       16545000	      1653	80001f40	00000013	addi	x0,x0,0	  x0:0x00000000
       16555000	      1654	80001f44	fe9ff36f	jal	x6,80001f44	  x6=0x80001f44
       16565000	      1655	00000000	00000013	addi	x0,x0,0	  x0:0x00000000
       16575000	      1656	80001f28	00000013	addi	x0,x0,0	  x0:0x00000000
       16585000	      1657	80001f2c	00400cef	jal	x25,80001f2c	 x25=0x80001f2c
       16595000	      1658	00000000	00000013	addi	x0,x0,0	  x0:0x00000000
       16605000	      1659	80001f2c	00000013	addi	x0,x0,0	  x0:0x00000000
       16615000	      1660	80001f30	008000ef	jal	x1,80001f30	  x1=0x80001f30
       16625000	      1661	00000000	00000013	addi	x0,x0,0	  x0:0x00000000
       16635000	      1662	80001f34	00000013	addi	x0,x0,0	  x0:0x00000000
       16645000	      1663	80001f38	02c002ef	jal	x5,80001f38	  x5=0x80001f38
       16655000	      1664	00000000	00000013	addi	x0,x0,0	  x0:0x00000000
       16665000	      1665	80001f60	00000013	addi	x0,x0,0	  x0:0x00000000
       16675000	      1666	80001f64	01127a33	and	x20,x4,x17	  x4:0x80001f58 x17:0x80000000 x20=0x80000000
       16685000	      1667	80001f68	0200036f	jal	x6,80001f68	  x6=0x80001f68
       16695000	      1668	00000000	00000013	addi	x0,x0,0	  x0:0x00000000
       16705000	      1669	80001f84	00000013	addi	x0,x0,0	  x0:0x00000000
       16715000	      1670	80001f88	fedfffef	jal	x31,80001f88	 x31=0x80001f88
       16725000	      1671	00000000	00000013	addi	x0,x0,0	  x0:0x00000000
       16735000	      1672	80001f70	00000013	addi	x0,x0,0	  x0:0x00000000
       16745000	      1673	80001f74	0100036f	jal	x6,80001f74	  x6=0x80001f74
       16755000	      1674	00000000	00000013	addi	x0,x0,0	  x0:0x00000000
       16765000	      1675	80001f80	00000013	addi	x0,x0,0	  x0:0x00000000
       16775000	      1676	80001f84	fedffbef	jal	x23,80001f84	 x23=0x80001f84
       16785000	      1677	00000000	00000013	addi	x0,x0,0	  x0:0x00000000
       16795000	      1678	80001f6c	00000013	addi	x0,x0,0	  x0:0x00000000
       16805000	      1679	80001f70	0080036f	jal	x6,80001f70	  x6=0x80001f70
       16815000	      1680	00000000	00000013	addi	x0,x0,0	  x0:0x00000000
       16825000	      1681	80001f74	00000013	addi	x0,x0,0	  x0:0x00000000
       16835000	      1682	80001f78	01400cef	jal	x25,80001f78	 x25=0x80001f78
       16845000	      1683	00000000	00000013	addi	x0,x0,0	  x0:0x00000000
       16855000	      1684	80001f88	00000013	addi	x0,x0,0	  x0:0x00000000
       16865000	      1685	80001f8c	ff1ff76f	jal	x14,80001f8c	 x14=0x80001f8c
       16875000	      1686	00000000	00000013	addi	x0,x0,0	  x0:0x00000000
       16885000	      1687	80001f78	00000013	addi	x0,x0,0	  x0:0x00000000
       16895000	      1688	80001f7c	014000ef	jal	x1,80001f7c	  x1=0x80001f7c
       16905000	      1689	00000000	00000013	addi	x0,x0,0	  x0:0x00000000
       16915000	      1690	80001f8c	00000013	addi	x0,x0,0	  x0:0x00000000
       16925000	      1691	80001f90	fddff0ef	jal	x1,80001f90	  x1=0x80001f90
       16935000	      1692	00000000	00000013	addi	x0,x0,0	  x0:0x00000000
       16945000	      1693	80001f68	00000013	addi	x0,x0,0	  x0:0x00000000
       16955000	      1694	80001f6c	01400cef	jal	x25,80001f6c	 x25=0x80001f6c
       16965000	      1695	00000000	00000013	addi	x0,x0,0	  x0:0x00000000
       16975000	      1696	80001f7c	00000013	addi	x0,x0,0	  x0:0x00000000
       16985000	      1697	80001f80	014000ef	jal	x1,80001f80	  x1=0x80001f80
       16995000	      1698	00000000	00000013	addi	x0,x0,0	  x0:0x00000000
       17005000	      1699	80001f90	00000013	addi	x0,x0,0	  x0:0x00000000
       17015000	      1700	80001f94	4167dd33	sra	x26,x15,x22	 x15:0x80009f54 x22:0x00000001 x26=0xc0004faa
       17025000	      1701	80001f98	0480036f	jal	x6,80001f98	  x6=0x80001f98
       17035000	      1702	00000000	00000013	addi	x0,x0,0	  x0:0x00000000
       17045000	      1703	80001fdc	00000013	addi	x0,x0,0	  x0:0x00000000
       17055000	      1704	80001fe0	fe1ff36f	jal	x6,80001fe0	  x6=0x80001fe0
       17065000	      1705	00000000	00000013	addi	x0,x0,0	  x0:0x00000000
       17075000	      1706	80001fbc	00000013	addi	x0,x0,0	  x0:0x00000000
       17085000	      1707	80001fc0	0080036f	jal	x6,80001fc0	  x6=0x80001fc0
       17095000	      1708	00000000	00000013	addi	x0,x0,0	  x0:0x00000000
       17105000	      1709	80001fc4	00000013	addi	x0,x0,0	  x0:0x00000000
       17115000	      1710	80001fc8	008000ef	jal	x1,80001fc8	  x1=0x80001fc8
       17125000	      1711	00000000	00000013	addi	x0,x0,0	  x0:0x00000000
       17135000	      1712	80001fcc	00000013	addi	x0,x0,0	  x0:0x00000000
       17145000	      1713	80001fd0	fd5ff0ef	jal	x1,80001fd0	  x1=0x80001fd0
       17155000	      1714	00000000	00000013	addi	x0,x0,0	  x0:0x00000000
       17165000	      1715	80001fa0	00000013	addi	x0,x0,0	  x0:0x00000000
       17175000	      1716	80001fa4	028000ef	jal	x1,80001fa4	  x1=0x80001fa4
       17185000	      1717	00000000	00000013	addi	x0,x0,0	  x0:0x00000000
       17195000	      1718	80001fc8	00000013	addi	x0,x0,0	  x0:0x00000000
       17205000	      1719	80001fcc	ff9ffdef	jal	x27,80001fcc	 x27=0x80001fcc
       17215000	      1720	00000000	00000013	addi	x0,x0,0	  x0:0x00000000
       17225000	      1721	80001fc0	00000013	addi	x0,x0,0	  x0:0x00000000
       17235000	      1722	80001fc4	ff5ff36f	jal	x6,80001fc4	  x6=0x80001fc4
       17245000	      1723	00000000	00000013	addi	x0,x0,0	  x0:0x00000000
       17255000	      1724	80001fb4	00000013	addi	x0,x0,0	  x0:0x00000000
       17265000	      1725	80001fb8	020000ef	jal	x1,80001fb8	  x1=0x80001fb8
       17275000	      1726	00000000	00000013	addi	x0,x0,0	  x0:0x00000000
       17285000	      1727	80001fd4	00000013	addi	x0,x0,0	  x0:0x00000000
       17295000	      1728	80001fd8	fd5ff36f	jal	x6,80001fd8	  x6=0x80001fd8
       17305000	      1729	00000000	00000013	addi	x0,x0,0	  x0:0x00000000
       17315000	      1730	80001fa8	00000013	addi	x0,x0,0	  x0:0x00000000
       17325000	      1731	80001fac	0280036f	jal	x6,80001fac	  x6=0x80001fac
       17335000	      1732	00000000	00000013	addi	x0,x0,0	  x0:0x00000000
       17345000	      1733	80001fd0	00000013	addi	x0,x0,0	  x0:0x00000000
       17355000	      1734	80001fd4	fe1ff36f	jal	x6,80001fd4	  x6=0x80001fd4
       17365000	      1735	00000000	00000013	addi	x0,x0,0	  x0:0x00000000
       17375000	      1736	80001fb0	00000013	addi	x0,x0,0	  x0:0x00000000
       17385000	      1737	80001fb4	03000def	jal	x27,80001fb4	 x27=0x80001fb4
       17395000	      1738	00000000	00000013	addi	x0,x0,0	  x0:0x00000000
       17405000	      1739	80001fe0	00000013	addi	x0,x0,0	  x0:0x00000000
       17415000	      1740	80001fe4	fb9ff0ef	jal	x1,80001fe4	  x1=0x80001fe4
       17425000	      1741	00000000	00000013	addi	x0,x0,0	  x0:0x00000000
       17435000	      1742	80001f98	00000013	addi	x0,x0,0	  x0:0x00000000
       17445000	      1743	80001f9c	00c0036f	jal	x6,80001f9c	  x6=0x80001f9c
       17455000	      1744	00000000	00000013	addi	x0,x0,0	  x0:0x00000000
       17465000	      1745	80001fa4	00000013	addi	x0,x0,0	  x0:0x00000000
       17475000	      1746	80001fa8	014000ef	jal	x1,80001fa8	  x1=0x80001fa8
       17485000	      1747	00000000	00000013	addi	x0,x0,0	  x0:0x00000000
       17495000	      1748	80001fb8	00000013	addi	x0,x0,0	  x0:0x00000000
       17505000	      1749	80001fbc	0200036f	jal	x6,80001fbc	  x6=0x80001fbc
       17515000	      1750	00000000	00000013	addi	x0,x0,0	  x0:0x00000000
       17525000	      1751	80001fd8	00000013	addi	x0,x0,0	  x0:0x00000000
       17535000	      1752	80001fdc	fd5ff36f	jal	x6,80001fdc	  x6=0x80001fdc
       17545000	      1753	00000000	00000013	addi	x0,x0,0	  x0:0x00000000
       17555000	      1754	80001fac	00000013	addi	x0,x0,0	  x0:0x00000000
       17565000	      1755	80001fb0	ff1ff0ef	jal	x1,80001fb0	  x1=0x80001fb0
       17575000	      1756	00000000	00000013	addi	x0,x0,0	  x0:0x00000000
       17585000	      1757	80001f9c	00000013	addi	x0,x0,0	  x0:0x00000000
       17595000	      1758	80001fa0	048000ef	jal	x1,80001fa0	  x1=0x80001fa0
       17605000	      1759	00000000	00000013	addi	x0,x0,0	  x0:0x00000000
       17615000	      1760	80001fe4	00000013	addi	x0,x0,0	  x0:0x00000000
       17625000	      1761	80001fe8	c9212293	slti	x5,x2,-878	  x2:0x80001ef0  x5=0x00000001
       17635000	      1762	80001fec	0340036f	jal	x6,80001fec	  x6=0x80001fec
       17645000	      1763	00000000	00000013	addi	x0,x0,0	  x0:0x00000000
       17655000	      1764	8000201c	00000013	addi	x0,x0,0	  x0:0x00000000
       17665000	      1765	80002020	fddff3ef	jal	x7,80002020	  x7=0x80002020
       17675000	      1766	00000000	00000013	addi	x0,x0,0	  x0:0x00000000
       17685000	      1767	80001ff8	00000013	addi	x0,x0,0	  x0:0x00000000
       17695000	      1768	80001ffc	014000ef	jal	x1,80001ffc	  x1=0x80001ffc
       17705000	      1769	00000000	00000013	addi	x0,x0,0	  x0:0x00000000
       17715000	      1770	8000200c	00000013	addi	x0,x0,0	  x0:0x00000000
       17725000	      1771	80002010	00c000ef	jal	x1,80002010	  x1=0x80002010
       17735000	      1772	00000000	00000013	addi	x0,x0,0	  x0:0x00000000
       17745000	      1773	80002018	00000013	addi	x0,x0,0	  x0:0x00000000
       17755000	      1774	8000201c	0080036f	jal	x6,8000201c	  x6=0x8000201c
       17765000	      1775	00000000	00000013	addi	x0,x0,0	  x0:0x00000000
       17775000	      1776	80002020	00000013	addi	x0,x0,0	  x0:0x00000000
       17785000	      1777	80002024	0080036f	jal	x6,80002024	  x6=0x80002024
       17795000	      1778	00000000	00000013	addi	x0,x0,0	  x0:0x00000000
       17805000	      1779	80002028	00000013	addi	x0,x0,0	  x0:0x00000000
       17815000	      1780	8000202c	fcdff3ef	jal	x7,8000202c	  x7=0x8000202c
       17825000	      1781	00000000	00000013	addi	x0,x0,0	  x0:0x00000000
       17835000	      1782	80001ff4	00000013	addi	x0,x0,0	  x0:0x00000000
       17845000	      1783	80001ff8	01c000ef	jal	x1,80001ff8	  x1=0x80001ff8
       17855000	      1784	00000000	00000013	addi	x0,x0,0	  x0:0x00000000
       17865000	      1785	80002010	00000013	addi	x0,x0,0	  x0:0x00000000
       17875000	      1786	80002014	01c00aef	jal	x21,80002014	 x21=0x80002014
       17885000	      1787	00000000	00000013	addi	x0,x0,0	  x0:0x00000000
       17895000	      1788	8000202c	00000013	addi	x0,x0,0	  x0:0x00000000
       17905000	      1789	80002030	fe9ff0ef	jal	x1,80002030	  x1=0x80002030
       17915000	      1790	00000000	00000013	addi	x0,x0,0	  x0:0x00000000
       17925000	      1791	80002014	00000013	addi	x0,x0,0	  x0:0x00000000
       17935000	      1792	80002018	fddff36f	jal	x6,80002018	  x6=0x80002018
       17945000	      1793	00000000	00000013	addi	x0,x0,0	  x0:0x00000000
       17955000	      1794	80001ff0	00000013	addi	x0,x0,0	  x0:0x00000000
       17965000	      1795	80001ff4	01400cef	jal	x25,80001ff4	 x25=0x80001ff4
       17975000	      1796	00000000	00000013	addi	x0,x0,0	  x0:0x00000000
       17985000	      1797	80002004	00000013	addi	x0,x0,0	  x0:0x00000000
       17995000	      1798	80002008	004000ef	jal	x1,80002008	  x1=0x80002008
       18005000	      1799	00000000	00000013	addi	x0,x0,0	  x0:0x00000000
       18015000	      1800	80002008	00000013	addi	x0,x0,0	  x0:0x00000000
       18025000	      1801	8000200c	fe5ff36f	jal	x6,8000200c	  x6=0x8000200c
       18035000	      1802	00000000	00000013	addi	x0,x0,0	  x0:0x00000000
       18045000	      1803	80001fec	00000013	addi	x0,x0,0	  x0:0x00000000
       18055000	      1804	80001ff0	0140026f	jal	x4,80001ff0	  x4=0x80001ff0
       18065000	      1805	00000000	00000013	addi	x0,x0,0	  x0:0x00000000
       18075000	      1806	80002000	00000013	addi	x0,x0,0	  x0:0x00000000
       18085000	      1807	80002004	024000ef	jal	x1,80002004	  x1=0x80002004
       18095000	      1808	00000000	00000013	addi	x0,x0,0	  x0:0x00000000
       18105000	      1809	80002024	00000013	addi	x0,x0,0	  x0:0x00000000
       18115000	      1810	80002028	fd9ff36f	jal	x6,80002028	  x6=0x80002028
       18125000	      1811	00000000	00000013	addi	x0,x0,0	  x0:0x00000000
       18135000	      1812	80001ffc	00000013	addi	x0,x0,0	  x0:0x00000000
       18145000	      1813	80002000	0340036f	jal	x6,80002000	  x6=0x80002000
       18155000	      1814	00000000	00000013	addi	x0,x0,0	  x0:0x00000000
       18165000	      1815	80002030	00000013	addi	x0,x0,0	  x0:0x00000000
       18175000	      1816	80002034	881e0113	addi	x2,x28,-1919	 x28:0x20e38000  x2=0x20e37881
       18185000	      1817	80002038	00c0036f	jal	x6,80002038	  x6=0x80002038
       18195000	      1818	00000000	00000013	addi	x0,x0,0	  x0:0x00000000
       18205000	      1819	80002040	00000013	addi	x0,x0,0	  x0:0x00000000
       18215000	      1820	80002044	00c000ef	jal	x1,80002044	  x1=0x80002044
       18225000	      1821	00000000	00000013	addi	x0,x0,0	  x0:0x00000000
       18235000	      1822	8000204c	00000013	addi	x0,x0,0	  x0:0x00000000
       18245000	      1823	80002050	0340026f	jal	x4,80002050	  x4=0x80002050
       18255000	      1824	00000000	00000013	addi	x0,x0,0	  x0:0x00000000
       18265000	      1825	80002080	00000013	addi	x0,x0,0	  x0:0x00000000
       18275000	      1826	80002084	fb9ff16f	jal	x2,80002084	  x2=0x80002084
       18285000	      1827	00000000	00000013	addi	x0,x0,0	  x0:0x00000000
       18295000	      1828	80002038	00000013	addi	x0,x0,0	  x0:0x00000000
       18305000	      1829	8000203c	04c00e6f	jal	x28,8000203c	 x28=0x8000203c
       18315000	      1830	00000000	00000013	addi	x0,x0,0	  x0:0x00000000
       18325000	      1831	80002084	00000013	addi	x0,x0,0	  x0:0x00000000
       18335000	      1832	80002088	0040026f	jal	x4,80002088	  x4=0x80002088
       18345000	      1833	00000000	00000013	addi	x0,x0,0	  x0:0x00000000
       18355000	      1834	80002088	00000013	addi	x0,x0,0	  x0:0x00000000
       18365000	      1835	8000208c	fddff3ef	jal	x7,8000208c	  x7=0x8000208c
       18375000	      1836	00000000	00000013	addi	x0,x0,0	  x0:0x00000000
       18385000	      1837	80002064	00000013	addi	x0,x0,0	  x0:0x00000000
       18395000	      1838	80002068	ff5ff36f	jal	x6,80002068	  x6=0x80002068
       18405000	      1839	00000000	00000013	addi	x0,x0,0	  x0:0x00000000
       18415000	      1840	80002058	00000013	addi	x0,x0,0	  x0:0x00000000
       18425000	      1841	8000205c	ff9ff0ef	jal	x1,8000205c	  x1=0x8000205c
       18435000	      1842	00000000	00000013	addi	x0,x0,0	  x0:0x00000000
       18445000	      1843	80002050	00000013	addi	x0,x0,0	  x0:0x00000000
       18455000	      1844	80002054	01c000ef	jal	x1,80002054	  x1=0x80002054
       18465000	      1845	00000000	00000013	addi	x0,x0,0	  x0:0x00000000
       18475000	      1846	8000206c	00000013	addi	x0,x0,0	  x0:0x00000000
       18485000	      1847	80002070	00c000ef	jal	x1,80002070	  x1=0x80002070
       18495000	      1848	00000000	00000013	addi	x0,x0,0	  x0:0x00000000
       18505000	      1849	80002078	00000013	addi	x0,x0,0	  x0:0x00000000
       18515000	      1850	8000207c	fe5ff0ef	jal	x1,8000207c	  x1=0x8000207c
       18525000	      1851	00000000	00000013	addi	x0,x0,0	  x0:0x00000000
       18535000	      1852	8000205c	00000013	addi	x0,x0,0	  x0:0x00000000
       18545000	      1853	80002060	00c000ef	jal	x1,80002060	  x1=0x80002060
       18555000	      1854	00000000	00000013	addi	x0,x0,0	  x0:0x00000000
       18565000	      1855	80002068	00000013	addi	x0,x0,0	  x0:0x00000000
       18575000	      1856	8000206c	fedffa6f	jal	x20,8000206c	 x20=0x8000206c
       18585000	      1857	00000000	00000013	addi	x0,x0,0	  x0:0x00000000
       18595000	      1858	80002054	00000013	addi	x0,x0,0	  x0:0x00000000
       18605000	      1859	80002058	00c000ef	jal	x1,80002058	  x1=0x80002058
       18615000	      1860	00000000	00000013	addi	x0,x0,0	  x0:0x00000000
       18625000	      1861	80002060	00000013	addi	x0,x0,0	  x0:0x00000000
       18635000	      1862	80002064	fe9ff1ef	jal	x3,80002064	  x3=0x80002064
       18645000	      1863	00000000	00000013	addi	x0,x0,0	  x0:0x00000000
       18655000	      1864	80002048	00000013	addi	x0,x0,0	  x0:0x00000000
       18665000	      1865	8000204c	0340036f	jal	x6,8000204c	  x6=0x8000204c
       18675000	      1866	00000000	00000013	addi	x0,x0,0	  x0:0x00000000
       18685000	      1867	8000207c	00000013	addi	x0,x0,0	  x0:0x00000000
       18695000	      1868	80002080	fc9ff0ef	jal	x1,80002080	  x1=0x80002080
       18705000	      1869	00000000	00000013	addi	x0,x0,0	  x0:0x00000000
       18715000	      1870	80002044	00000013	addi	x0,x0,0	  x0:0x00000000
       18725000	      1871	80002048	03000bef	jal	x23,80002048	 x23=0x80002048
       18735000	      1872	00000000	00000013	addi	x0,x0,0	  x0:0x00000000
       18745000	      1873	80002074	00000013	addi	x0,x0,0	  x0:0x00000000
       18755000	      1874	80002078	ffdff1ef	jal	x3,80002078	  x3=0x80002078
       18765000	      1875	00000000	00000013	addi	x0,x0,0	  x0:0x00000000
       18775000	      1876	80002070	00000013	addi	x0,x0,0	  x0:0x00000000
       18785000	      1877	80002074	fcdffe6f	jal	x28,80002074	 x28=0x80002074
       18795000	      1878	00000000	00000013	addi	x0,x0,0	  x0:0x00000000
       18805000	      1879	8000203c	00000013	addi	x0,x0,0	  x0:0x00000000
       18815000	      1880	80002040	0500036f	jal	x6,80002040	  x6=0x80002040
       18825000	      1881	00000000	00000013	addi	x0,x0,0	  x0:0x00000000
       18835000	      1882	8000208c	00000013	addi	x0,x0,0	  x0:0x00000000
       18845000	      1883	80002090	417b85b3	sub	x11,x23,x23	 x23:0x80002048 x23:0x80002048 x11=0x00000000
       18855000	      1884	80002094	0040036f	jal	x6,80002094	  x6=0x80002094
       18865000	      1885	00000000	00000013	addi	x0,x0,0	  x0:0x00000000
       18875000	      1886	80002094	00000013	addi	x0,x0,0	  x0:0x00000000
       18885000	      1887	80002098	008000ef	jal	x1,80002098	  x1=0x80002098
       18895000	      1888	00000000	00000013	addi	x0,x0,0	  x0:0x00000000
       18905000	      1889	8000209c	00000013	addi	x0,x0,0	  x0:0x00000000
       18915000	      1890	800020a0	ffdff0ef	jal	x1,800020a0	  x1=0x800020a0
       18925000	      1891	00000000	00000013	addi	x0,x0,0	  x0:0x00000000
       18935000	      1892	80002098	00000013	addi	x0,x0,0	  x0:0x00000000
       18945000	      1893	8000209c	018000ef	jal	x1,8000209c	  x1=0x8000209c
       18955000	      1894	00000000	00000013	addi	x0,x0,0	  x0:0x00000000
       18965000	      1895	800020b0	00000013	addi	x0,x0,0	  x0:0x00000000
       18975000	      1896	800020b4	ff9ff36f	jal	x6,800020b4	  x6=0x800020b4
       18985000	      1897	00000000	00000013	addi	x0,x0,0	  x0:0x00000000
       18995000	      1898	800020a8	00000013	addi	x0,x0,0	  x0:0x00000000
       19005000	      1899	800020ac	0340066f	jal	x12,800020ac	 x12=0x800020ac
       19015000	      1900	00000000	00000013	addi	x0,x0,0	  x0:0x00000000
       19025000	      1901	800020dc	00000013	addi	x0,x0,0	  x0:0x00000000
       19035000	      1902	800020e0	008000ef	jal	x1,800020e0	  x1=0x800020e0
       19045000	      1903	00000000	00000013	addi	x0,x0,0	  x0:0x00000000
       19055000	      1904	800020e4	00000013	addi	x0,x0,0	  x0:0x00000000
       19065000	      1905	800020e8	fc1ff0ef	jal	x1,800020e8	  x1=0x800020e8
       19075000	      1906	00000000	00000013	addi	x0,x0,0	  x0:0x00000000
       19085000	      1907	800020a4	00000013	addi	x0,x0,0	  x0:0x00000000
       19095000	      1908	800020a8	01c00d6f	jal	x26,800020a8	 x26=0x800020a8
       19105000	      1909	00000000	00000013	addi	x0,x0,0	  x0:0x00000000
       19115000	      1910	800020c0	00000013	addi	x0,x0,0	  x0:0x00000000
       19125000	      1911	800020c4	0180026f	jal	x4,800020c4	  x4=0x800020c4
       19135000	      1912	00000000	00000013	addi	x0,x0,0	  x0:0x00000000
       19145000	      1913	800020d8	00000013	addi	x0,x0,0	  x0:0x00000000
       19155000	      1914	800020dc	fc9ff36f	jal	x6,800020dc	  x6=0x800020dc
       19165000	      1915	00000000	00000013	addi	x0,x0,0	  x0:0x00000000
       19175000	      1916	800020a0	00000013	addi	x0,x0,0	  x0:0x00000000
       19185000	      1917	800020a4	01c0016f	jal	x2,800020a4	  x2=0x800020a4
       19195000	      1918	00000000	00000013	addi	x0,x0,0	  x0:0x00000000
       19205000	      1919	800020bc	00000013	addi	x0,x0,0	  x0:0x00000000
       19215000	      1920	800020c0	018000ef	jal	x1,800020c0	  x1=0x800020c0
       19225000	      1921	00000000	00000013	addi	x0,x0,0	  x0:0x00000000
       19235000	      1922	800020d4	00000013	addi	x0,x0,0	  x0:0x00000000
       19245000	      1923	800020d8	ff1ffe6f	jal	x28,800020d8	 x28=0x800020d8
       19255000	      1924	00000000	00000013	addi	x0,x0,0	  x0:0x00000000
       19265000	      1925	800020c4	00000013	addi	x0,x0,0	  x0:0x00000000
       19275000	      1926	800020c8	004000ef	jal	x1,800020c8	  x1=0x800020c8
       19285000	      1927	00000000	00000013	addi	x0,x0,0	  x0:0x00000000
       19295000	      1928	800020c8	00000013	addi	x0,x0,0	  x0:0x00000000
       19305000	      1929	800020cc	0080026f	jal	x4,800020cc	  x4=0x800020cc
       19315000	      1930	00000000	00000013	addi	x0,x0,0	  x0:0x00000000
       19325000	      1931	800020d0	00000013	addi	x0,x0,0	  x0:0x00000000
       19335000	      1932	800020d4	010001ef	jal	x3,800020d4	  x3=0x800020d4
       19345000	      1933	00000000	00000013	addi	x0,x0,0	  x0:0x00000000
       19355000	      1934	800020e0	00000013	addi	x0,x0,0	  x0:0x00000000
       19365000	      1935	800020e4	fedff0ef	jal	x1,800020e4	  x1=0x800020e4
       19375000	      1936	00000000	00000013	addi	x0,x0,0	  x0:0x00000000
       19385000	      1937	800020cc	00000013	addi	x0,x0,0	  x0:0x00000000
       19395000	      1938	800020d0	fedff36f	jal	x6,800020d0	  x6=0x800020d0
       19405000	      1939	00000000	00000013	addi	x0,x0,0	  x0:0x00000000
       19415000	      1940	800020b8	00000013	addi	x0,x0,0	  x0:0x00000000
       19425000	      1941	800020bc	ff5ff0ef	jal	x1,800020bc	  x1=0x800020bc
       19435000	      1942	00000000	00000013	addi	x0,x0,0	  x0:0x00000000
       19445000	      1943	800020ac	00000013	addi	x0,x0,0	  x0:0x00000000
       19455000	      1944	800020b0	008004ef	jal	x9,800020b0	  x9=0x800020b0
       19465000	      1945	00000000	00000013	addi	x0,x0,0	  x0:0x00000000
       19475000	      1946	800020b4	00000013	addi	x0,x0,0	  x0:0x00000000
       19485000	      1947	800020b8	034002ef	jal	x5,800020b8	  x5=0x800020b8
       19495000	      1948	00000000	00000013	addi	x0,x0,0	  x0:0x00000000
       19505000	      1949	800020e8	00000013	addi	x0,x0,0	  x0:0x00000000
       19515000	      1950	800020ec	e038ef13	ori	x30,x17,-509	 x17:0x80000000 x30=0xfffffe03
       19525000	      1951	800020f0	0180036f	jal	x6,800020f0	  x6=0x800020f0
       19535000	      1952	00000000	00000013	addi	x0,x0,0	  x0:0x00000000
       19545000	      1953	80002104	00000013	addi	x0,x0,0	  x0:0x00000000
       19555000	      1954	80002108	010000ef	jal	x1,80002108	  x1=0x80002108
       19565000	      1955	00000000	00000013	addi	x0,x0,0	  x0:0x00000000
       19575000	      1956	80002114	00000013	addi	x0,x0,0	  x0:0x00000000
       19585000	      1957	80002118	ff5fff6f	jal	x30,80002118	 x30=0x80002118
       19595000	      1958	00000000	00000013	addi	x0,x0,0	  x0:0x00000000
       19605000	      1959	80002108	00000013	addi	x0,x0,0	  x0:0x00000000
       19615000	      1960	8000210c	0080036f	jal	x6,8000210c	  x6=0x8000210c
       19625000	      1961	00000000	00000013	addi	x0,x0,0	  x0:0x00000000
       19635000	      1962	80002110	00000013	addi	x0,x0,0	  x0:0x00000000
       19645000	      1963	80002114	fe9ff2ef	jal	x5,80002114	  x5=0x80002114
       19655000	      1964	00000000	00000013	addi	x0,x0,0	  x0:0x00000000
       19665000	      1965	800020f8	00000013	addi	x0,x0,0	  x0:0x00000000
       19675000	      1966	800020fc	ffdffb6f	jal	x22,800020fc	 x22=0x800020fc
       19685000	      1967	00000000	00000013	addi	x0,x0,0	  x0:0x00000000
       19695000	      1968	800020f4	00000013	addi	x0,x0,0	  x0:0x00000000
       19705000	      1969	800020f8	00c000ef	jal	x1,800020f8	  x1=0x800020f8
       19715000	      1970	00000000	00000013	addi	x0,x0,0	  x0:0x00000000
       19725000	      1971	80002100	00000013	addi	x0,x0,0	  x0:0x00000000
       19735000	      1972	80002104	ffdff2ef	jal	x5,80002104	  x5=0x80002104
       19745000	      1973	00000000	00000013	addi	x0,x0,0	  x0:0x00000000
       19755000	      1974	800020fc	00000013	addi	x0,x0,0	  x0:0x00000000
       19765000	      1975	80002100	01c000ef	jal	x1,80002100	  x1=0x80002100
       19775000	      1976	00000000	00000013	addi	x0,x0,0	  x0:0x00000000
       19785000	      1977	80002118	00000013	addi	x0,x0,0	  x0:0x00000000
       19795000	      1978	8000211c	ff5ffdef	jal	x27,8000211c	 x27=0x8000211c
       19805000	      1979	00000000	00000013	addi	x0,x0,0	  x0:0x00000000
       19815000	      1980	8000210c	00000013	addi	x0,x0,0	  x0:0x00000000
       19825000	      1981	80002110	fe5ff0ef	jal	x1,80002110	  x1=0x80002110
       19835000	      1982	00000000	00000013	addi	x0,x0,0	  x0:0x00000000
       19845000	      1983	800020f0	00000013	addi	x0,x0,0	  x0:0x00000000
       19855000	      1984	800020f4	02c0016f	jal	x2,800020f4	  x2=0x800020f4
       19865000	      1985	00000000	00000013	addi	x0,x0,0	  x0:0x00000000
       19875000	      1986	8000211c	00000013	addi	x0,x0,0	  x0:0x00000000
       19885000	      1987	80002120	01b0ea33	or	x20,x1,x27	  x1:0x80002110 x27:0x8000211c x20=0x8000211c
       19895000	      1988	80002124	0080036f	jal	x6,80002124	  x6=0x80002124
       19905000	      1989	00000000	00000013	addi	x0,x0,0	  x0:0x00000000
       19915000	      1990	80002128	00000013	addi	x0,x0,0	  x0:0x00000000
       19925000	      1991	8000212c	00c0016f	jal	x2,8000212c	  x2=0x8000212c
       19935000	      1992	00000000	00000013	addi	x0,x0,0	  x0:0x00000000
       19945000	      1993	80002134	00000013	addi	x0,x0,0	  x0:0x00000000
       19955000	      1994	80002138	ffdff36f	jal	x6,80002138	  x6=0x80002138
       19965000	      1995	00000000	00000013	addi	x0,x0,0	  x0:0x00000000
       19975000	      1996	80002130	00000013	addi	x0,x0,0	  x0:0x00000000
       19985000	      1997	80002134	00c002ef	jal	x5,80002134	  x5=0x80002134
       19995000	      1998	00000000	00000013	addi	x0,x0,0	  x0:0x00000000
       20005000	      1999	8000213c	00000013	addi	x0,x0,0	  x0:0x00000000
       20015000	      2000	80002140	028000ef	jal	x1,80002140	  x1=0x80002140
       20025000	      2001	00000000	00000013	addi	x0,x0,0	  x0:0x00000000
       20035000	      2002	80002164	00000013	addi	x0,x0,0	  x0:0x00000000
       20045000	      2003	80002168	fe5ff36f	jal	x6,80002168	  x6=0x80002168
       20055000	      2004	00000000	00000013	addi	x0,x0,0	  x0:0x00000000
       20065000	      2005	80002148	00000013	addi	x0,x0,0	  x0:0x00000000
       20075000	      2006	8000214c	00c000ef	jal	x1,8000214c	  x1=0x8000214c
       20085000	      2007	00000000	00000013	addi	x0,x0,0	  x0:0x00000000
       20095000	      2008	80002154	00000013	addi	x0,x0,0	  x0:0x00000000
       20105000	      2009	80002158	00c000ef	jal	x1,80002158	  x1=0x80002158
       20115000	      2010	00000000	00000013	addi	x0,x0,0	  x0:0x00000000
       20125000	      2011	80002160	00000013	addi	x0,x0,0	  x0:0x00000000
       20135000	      2012	80002164	fe1ff0ef	jal	x1,80002164	  x1=0x80002164
       20145000	      2013	00000000	00000013	addi	x0,x0,0	  x0:0x00000000
       20155000	      2014	80002140	00000013	addi	x0,x0,0	  x0:0x00000000
       20165000	      2015	80002144	ff9ff36f	jal	x6,80002144	  x6=0x80002144
       20175000	      2016	00000000	00000013	addi	x0,x0,0	  x0:0x00000000
       20185000	      2017	80002138	00000013	addi	x0,x0,0	  x0:0x00000000
       20195000	      2018	8000213c	00c000ef	jal	x1,8000213c	  x1=0x8000213c
       20205000	      2019	00000000	00000013	addi	x0,x0,0	  x0:0x00000000
       20215000	      2020	80002144	00000013	addi	x0,x0,0	  x0:0x00000000
       20225000	      2021	80002148	fe1ffe6f	jal	x28,80002148	 x28=0x80002148
       20235000	      2022	00000000	00000013	addi	x0,x0,0	  x0:0x00000000
       20245000	      2023	80002124	00000013	addi	x0,x0,0	  x0:0x00000000
       20255000	      2024	80002128	02c0096f	jal	x18,80002128	 x18=0x80002128
       20265000	      2025	00000000	00000013	addi	x0,x0,0	  x0:0x00000000
       20275000	      2026	80002150	00000013	addi	x0,x0,0	  x0:0x00000000
       20285000	      2027	80002154	00c000ef	jal	x1,80002154	  x1=0x80002154
       20295000	      2028	00000000	00000013	addi	x0,x0,0	  x0:0x00000000
       20305000	      2029	8000215c	00000013	addi	x0,x0,0	  x0:0x00000000
       20315000	      2030	80002160	ffdff0ef	jal	x1,80002160	  x1=0x80002160
       20325000	      2031	00000000	00000013	addi	x0,x0,0	  x0:0x00000000
       20335000	      2032	80002158	00000013	addi	x0,x0,0	  x0:0x00000000
       20345000	      2033	8000215c	fd5ff36f	jal	x6,8000215c	  x6=0x8000215c
       20355000	      2034	00000000	00000013	addi	x0,x0,0	  x0:0x00000000
       20365000	      2035	8000212c	00000013	addi	x0,x0,0	  x0:0x00000000
       20375000	      2036	80002130	020000ef	jal	x1,80002130	  x1=0x80002130
       20385000	      2037	00000000	00000013	addi	x0,x0,0	  x0:0x00000000
       20395000	      2038	8000214c	00000013	addi	x0,x0,0	  x0:0x00000000
       20405000	      2039	80002150	01c000ef	jal	x1,80002150	  x1=0x80002150
       20415000	      2040	00000000	00000013	addi	x0,x0,0	  x0:0x00000000
       20425000	      2041	80002168	00000013	addi	x0,x0,0	  x0:0x00000000
       20435000	      2042	8000216c	019c8bb3	add	x23,x25,x25	 x25:0x80001ff4 x25:0x80001ff4 x23=0x00003fe8
       20445000	      2043	80002170	0080036f	jal	x6,80002170	  x6=0x80002170
       20455000	      2044	00000000	00000013	addi	x0,x0,0	  x0:0x00000000
       20465000	      2045	80002174	00000013	addi	x0,x0,0	  x0:0x00000000
       20475000	      2046	80002178	02c0036f	jal	x6,80002178	  x6=0x80002178
       20485000	      2047	00000000	00000013	addi	x0,x0,0	  x0:0x00000000
       20495000	      2048	800021a0	00000013	addi	x0,x0,0	  x0:0x00000000
       20505000	      2049	800021a4	fe1ffd6f	jal	x26,800021a4	 x26=0x800021a4
       20515000	      2050	00000000	00000013	addi	x0,x0,0	  x0:0x00000000
       20525000	      2051	80002180	00000013	addi	x0,x0,0	  x0:0x00000000
       20535000	      2052	80002184	034000ef	jal	x1,80002184	  x1=0x80002184
       20545000	      2053	00000000	00000013	addi	x0,x0,0	  x0:0x00000000
       20555000	      2054	800021b4	00000013	addi	x0,x0,0	  x0:0x00000000
       20565000	      2055	800021b8	fd1ffa6f	jal	x20,800021b8	 x20=0x800021b8
       20575000	      2056	00000000	00000013	addi	x0,x0,0	  x0:0x00000000
       20585000	      2057	80002184	00000013	addi	x0,x0,0	  x0:0x00000000
       20595000	      2058	80002188	00c005ef	jal	x11,80002188	 x11=0x80002188
       20605000	      2059	00000000	00000013	addi	x0,x0,0	  x0:0x00000000
       20615000	      2060	80002190	00000013	addi	x0,x0,0	  x0:0x00000000
       20625000	      2061	80002194	ff9ff0ef	jal	x1,80002194	  x1=0x80002194
       20635000	      2062	00000000	00000013	addi	x0,x0,0	  x0:0x00000000
       20645000	      2063	80002188	00000013	addi	x0,x0,0	  x0:0x00000000
       20655000	      2064	8000218c	0140046f	jal	x8,8000218c	  x8=0x8000218c
       20665000	      2065	00000000	00000013	addi	x0,x0,0	  x0:0x00000000
       20675000	      2066	8000219c	00000013	addi	x0,x0,0	  x0:0x00000000
       20685000	      2067	800021a0	008000ef	jal	x1,800021a0	  x1=0x800021a0
       20695000	      2068	00000000	00000013	addi	x0,x0,0	  x0:0x00000000
       20705000	      2069	800021a4	00000013	addi	x0,x0,0	  x0:0x00000000
       20715000	      2070	800021a8	ff5ff0ef	jal	x1,800021a8	  x1=0x800021a8
       20725000	      2071	00000000	00000013	addi	x0,x0,0	  x0:0x00000000
       20735000	      2072	80002198	00000013	addi	x0,x0,0	  x0:0x00000000
       20745000	      2073	8000219c	014003ef	jal	x7,8000219c	  x7=0x8000219c
       20755000	      2074	00000000	00000013	addi	x0,x0,0	  x0:0x00000000
       20765000	      2075	800021ac	00000013	addi	x0,x0,0	  x0:0x00000000
       20775000	      2076	800021b0	fe1ff0ef	jal	x1,800021b0	  x1=0x800021b0
       20785000	      2077	00000000	00000013	addi	x0,x0,0	  x0:0x00000000
       20795000	      2078	8000218c	00000013	addi	x0,x0,0	  x0:0x00000000
       20805000	      2079	80002190	fedff36f	jal	x6,80002190	  x6=0x80002190
       20815000	      2080	00000000	00000013	addi	x0,x0,0	  x0:0x00000000
       20825000	      2081	80002178	00000013	addi	x0,x0,0	  x0:0x00000000
       20835000	      2082	8000217c	038000ef	jal	x1,8000217c	  x1=0x8000217c
       20845000	      2083	00000000	00000013	addi	x0,x0,0	  x0:0x00000000
       20855000	      2084	800021b0	00000013	addi	x0,x0,0	  x0:0x00000000
       20865000	      2085	800021b4	fcdff9ef	jal	x19,800021b4	 x19=0x800021b4
       20875000	      2086	00000000	00000013	addi	x0,x0,0	  x0:0x00000000
       20885000	      2087	8000217c	00000013	addi	x0,x0,0	  x0:0x00000000
       20895000	      2088	80002180	ff5ff0ef	jal	x1,80002180	  x1=0x80002180
       20905000	      2089	00000000	00000013	addi	x0,x0,0	  x0:0x00000000
       20915000	      2090	80002170	00000013	addi	x0,x0,0	  x0:0x00000000
       20925000	      2091	80002174	024002ef	jal	x5,80002174	  x5=0x80002174
       20935000	      2092	00000000	00000013	addi	x0,x0,0	  x0:0x00000000
       20945000	      2093	80002194	00000013	addi	x0,x0,0	  x0:0x00000000
       20955000	      2094	80002198	014000ef	jal	x1,80002198	  x1=0x80002198
       20965000	      2095	00000000	00000013	addi	x0,x0,0	  x0:0x00000000
       20975000	      2096	800021a8	00000013	addi	x0,x0,0	  x0:0x00000000
       20985000	      2097	800021ac	01000f6f	jal	x30,800021ac	 x30=0x800021ac
       20995000	      2098	00000000	00000013	addi	x0,x0,0	  x0:0x00000000
       21005000	      2099	800021b8	00000013	addi	x0,x0,0	  x0:0x00000000
       21015000	      2100	800021bc	01cef133	and	x2,x29,x28	 x29:0x60000000 x28:0x80002148  x2=0x00000000
       21025000	      2101	800021c0	0380036f	jal	x6,800021c0	  x6=0x800021c0
       21035000	      2102	00000000	00000013	addi	x0,x0,0	  x0:0x00000000
       21045000	      2103	800021f4	00000013	addi	x0,x0,0	  x0:0x00000000
       21055000	      2104	800021f8	004000ef	jal	x1,800021f8	  x1=0x800021f8
       21065000	      2105	00000000	00000013	addi	x0,x0,0	  x0:0x00000000
       21075000	      2106	800021f8	00000013	addi	x0,x0,0	  x0:0x00000000
       21085000	      2107	800021fc	ff9ff0ef	jal	x1,800021fc	  x1=0x800021fc
       21095000	      2108	00000000	00000013	addi	x0,x0,0	  x0:0x00000000
       21105000	      2109	800021f0	00000013	addi	x0,x0,0	  x0:0x00000000
       21115000	      2110	800021f4	fe1ff5ef	jal	x11,800021f4	 x11=0x800021f4
       21125000	      2111	00000000	00000013	addi	x0,x0,0	  x0:0x00000000
       21135000	      2112	800021d0	00000013	addi	x0,x0,0	  x0:0x00000000
       21145000	      2113	800021d4	0140036f	jal	x6,800021d4	  x6=0x800021d4
       21155000	      2114	00000000	00000013	addi	x0,x0,0	  x0:0x00000000
       21165000	      2115	800021e4	00000013	addi	x0,x0,0	  x0:0x00000000
       21175000	      2116	800021e8	ff5ff26f	jal	x4,800021e8	  x4=0x800021e8
       21185000	      2117	00000000	00000013	addi	x0,x0,0	  x0:0x00000000
       21195000	      2118	800021d8	00000013	addi	x0,x0,0	  x0:0x00000000
       21205000	      2119	800021dc	034000ef	jal	x1,800021dc	  x1=0x800021dc
       21215000	      2120	00000000	00000013	addi	x0,x0,0	  x0:0x00000000
       21225000	      2121	8000220c	00000013	addi	x0,x0,0	  x0:0x00000000
       21235000	      2122	80002210	ff1ff36f	jal	x6,80002210	  x6=0x80002210
       21245000	      2123	00000000	00000013	addi	x0,x0,0	  x0:0x00000000
       21255000	      2124	800021fc	00000013	addi	x0,x0,0	  x0:0x00000000
       21265000	      2125	80002200	00c0036f	jal	x6,80002200	  x6=0x80002200
       21275000	      2126	00000000	00000013	addi	x0,x0,0	  x0:0x00000000
       21285000	      2127	80002208	00000013	addi	x0,x0,0	  x0:0x00000000
       21295000	      2128	8000220c	fe5ff6ef	jal	x13,8000220c	 x13=0x8000220c
       21305000	      2129	00000000	00000013	addi	x0,x0,0	  x0:0x00000000
       21315000	      2130	800021ec	00000013	addi	x0,x0,0	  x0:0x00000000
       21325000	      2131	800021f0	fe1ff0ef	jal	x1,800021f0	  x1=0x800021f0
       21335000	      2132	00000000	00000013	addi	x0,x0,0	  x0:0x00000000
       21345000	      2133	800021cc	00000013	addi	x0,x0,0	  x0:0x00000000
       21355000	      2134	800021d0	01c000ef	jal	x1,800021d0	  x1=0x800021d0
       21365000	      2135	00000000	00000013	addi	x0,x0,0	  x0:0x00000000
       21375000	      2136	800021e8	00000013	addi	x0,x0,0	  x0:0x00000000
       21385000	      2137	800021ec	018000ef	jal	x1,800021ec	  x1=0x800021ec
       21395000	      2138	00000000	00000013	addi	x0,x0,0	  x0:0x00000000
       21405000	      2139	80002200	00000013	addi	x0,x0,0	  x0:0x00000000
       21415000	      2140	80002204	004000ef	jal	x1,80002204	  x1=0x80002204
       21425000	      2141	00000000	00000013	addi	x0,x0,0	  x0:0x00000000
       21435000	      2142	80002204	00000013	addi	x0,x0,0	  x0:0x00000000
       21445000	      2143	80002208	fbdff66f	jal	x12,80002208	 x12=0x80002208
       21455000	      2144	00000000	00000013	addi	x0,x0,0	  x0:0x00000000
       21465000	      2145	800021c0	00000013	addi	x0,x0,0	  x0:0x00000000
       21475000	      2146	800021c4	050000ef	jal	x1,800021c4	  x1=0x800021c4
       21485000	      2147	00000000	00000013	addi	x0,x0,0	  x0:0x00000000
       21495000	      2148	80002210	00000013	addi	x0,x0,0	  x0:0x00000000
       21505000	      2149	80002214	004000ef	jal	x1,80002214	  x1=0x80002214
       21515000	      2150	00000000	00000013	addi	x0,x0,0	  x0:0x00000000
       21525000	      2151	80002214	00000013	addi	x0,x0,0	  x0:0x00000000
       21535000	      2152	80002218	fc9ff0ef	jal	x1,80002218	  x1=0x80002218
       21545000	      2153	00000000	00000013	addi	x0,x0,0	  x0:0x00000000
       21555000	      2154	800021dc	00000013	addi	x0,x0,0	  x0:0x00000000
       21565000	      2155	800021e0	fe9ff0ef	jal	x1,800021e0	  x1=0x800021e0
       21575000	      2156	00000000	00000013	addi	x0,x0,0	  x0:0x00000000
       21585000	      2157	800021c4	00000013	addi	x0,x0,0	  x0:0x00000000
       21595000	      2158	800021c8	010000ef	jal	x1,800021c8	  x1=0x800021c8
       21605000	      2159	00000000	00000013	addi	x0,x0,0	  x0:0x00000000
       21615000	      2160	800021d4	00000013	addi	x0,x0,0	  x0:0x00000000
       21625000	      2161	800021d8	00c000ef	jal	x1,800021d8	  x1=0x800021d8
       21635000	      2162	00000000	00000013	addi	x0,x0,0	  x0:0x00000000
       21645000	      2163	800021e0	00000013	addi	x0,x0,0	  x0:0x00000000
       21655000	      2164	800021e4	fe9ff0ef	jal	x1,800021e4	  x1=0x800021e4
       21665000	      2165	00000000	00000013	addi	x0,x0,0	  x0:0x00000000
       21675000	      2166	800021c8	00000013	addi	x0,x0,0	  x0:0x00000000
       21685000	      2167	800021cc	050000ef	jal	x1,800021cc	  x1=0x800021cc
       21695000	      2168	00000000	00000013	addi	x0,x0,0	  x0:0x00000000
       21705000	      2169	80002218	00000013	addi	x0,x0,0	  x0:0x00000000
       21715000	      2170	8000221c	01fc1ab3	sll	x21,x24,x31	 x24:0x80001e80 x31:0x80001f88 x21=0x001e8000
       21725000	      2171	80002220	01072cb3	slt	x25,x14,x16	 x14:0x80001f8c x16:0x80009fc4 x25=0x00000001
       21735000	      2172	80002224	00508663	beq	x1,x5,80002230	  x1:0x800021cc  x5:0x80002174
       21745000	      2173	80002228	00d14133	xor	x2,x2,x13	  x2:0x00000000 x13:0x8000220c  x2=0x8000220c
       21755000	      2174	8000222c	01d18863	beq	x3,x29,8000223c	  x3:0x800020d4 x29:0x60000000
       21765000	      2175	80002230	c749e537	lui	x10,0xc749e	 x10=0xc749e000
       21775000	      2176	80002234	039d5063	bge	x26,x25,80002254	 x26:0x800021a4 x25:0x00000001
       21785000	      2177	80002238	08022437	lui	x8,0x8022	  x8=0x08022000
       21795000	      2178	8000223c	01d49c63	bne	x9,x29,80002254	  x9:0x800020b0 x29:0x60000000
       21805000	      2179	00000000	00000013	addi	x0,x0,0	  x0:0x00000000
       21815000	      2180	80002250	00000013	addi	x0,x0,0	  x0:0x00000000
       21825000	      2181	80002254	d9b7ae13	slti	x28,x15,-613	 x15:0x80009f54 x28=0x00000001
       21835000	      2182	80002258	015febb3	or	x23,x31,x21	 x31:0x80001f88 x21:0x001e8000 x23=0x801e9f88
       21845000	      2183	8000225c	1cb6e713	ori	x14,x13,459	 x13:0x8000220c x14=0x800023cf
       21855000	      2184	80002260	0164fa63	bgeu	x9,x22,80002274	  x9:0x800020b0 x22:0x800020fc
       21865000	      2185	80002264	017a9a93	slli	x21,x21,0x17	 x21:0x001e8000 x21=0x00000000
       21875000	      2186	80002268	ea654b13	xori	x22,x10,-346	 x10:0xc749e000 x22=0x38b61ea6
       21885000	      2187	8000226c	00eb5493	srli	x9,x22,0xe	 x22:0x38b61ea6  x9=0x0000e2d8
       21895000	      2188	80002270	00c89393	slli	x7,x17,0xc	 x17:0x80000000  x7=0x00000000
       21905000	      2189	80002274	6e332d93	slti	x27,x6,1763	  x6:0x80002200 x27=0x00000001
       21915000	      2190	80002278	00000013	addi	x0,x0,0	  x0:0x00000000
       21925000	      2191	8000227c	412d81b3	sub	x3,x27,x18	 x27:0x00000001 x18:0x80002128  x3=0x7fffded9
       21935000	      2192	80002280	212a4e13	xori	x28,x20,530	 x20:0x800021b8 x28=0x800023aa
       21945000	      2193	80002284	41fcdd33	sra	x26,x25,x31	 x25:0x00000001 x31:0x80001f88 x26=0x00000000
       21955000	      2194	80002288	00d61ab3	sll	x21,x12,x13	 x12:0x80002208 x13:0x8000220c x21=0x02208000
       21965000	      2195	8000228c	007cd613	srli	x12,x25,0x7	 x25:0x00000001 x12=0x00000000
       21975000	      2196	80002290	00de39b3	sltu	x19,x28,x13	 x28:0x800023aa x13:0x8000220c x19=0x00000000
       21985000	      2197	80002294	03778063	beq	x15,x23,800022b4	 x15:0x80009f54 x23:0x801e9f88
       21995000	      2198	80002298	41328e33	sub	x28,x5,x19	  x5:0x80002174 x19:0x00000000 x28=0x80002174
       22005000	      2199	8000229c	0000db93	srli	x23,x1,0x0	  x1:0x800021cc x23=0x800021cc
       22015000	      2200	800022a0	c6c46093	ori	x1,x8,-916	  x8:0x08022000  x1=0xfffffc6c
       22025000	      2201	800022a4	fd7f8213	addi	x4,x31,-41	 x31:0x80001f88  x4=0x80001f5f
       22035000	      2202	800022a8	019cdc93	srli	x25,x25,0x19	 x25:0x00000001 x25=0x00000000
       22045000	      2203	800022ac	00120b33	add	x22,x4,x1	  x4:0x80001f5f  x1:0xfffffc6c x22=0x80001bcb
       22055000	      2204	800022b0	004cb733	sltu	x14,x25,x4	 x25:0x00000000  x4:0x80001f5f x14=0x00000001
       22065000	      2205	800022b4	33548d17	auipc	x26,0x33548	 x26=0xb354a2b0
       22075000	      2206	800022b8	00256333	or	x6,x10,x2	 x10:0xc749e000  x2:0x8000220c  x6=0xc749e20c
       22085000	      2207	800022bc	00000013	addi	x0,x0,0	  x0:0x00000000
       22095000	      2208	800022c0	0106aeb3	slt	x29,x13,x16	 x13:0x8000220c x16:0x80009fc4 x29=0x00000001
       22105000	      2209	800022c4	0790f863	bgeu	x1,x25,80002334	  x1:0xfffffc6c x25:0x00000000
       22115000	      2210	00000000	00000013	addi	x0,x0,0	  x0:0x00000000
       22125000	      2211	80002330	00000013	addi	x0,x0,0	  x0:0x00000000
       22135000	      2212	80002334	00d14f33	xor	x30,x2,x13	  x2:0x8000220c x13:0x8000220c x30=0x00000000
       22145000	      2213	80002338	7313f113	andi	x2,x7,1841	  x7:0x00000000  x2=0x00000000
       22155000	      2214	8000233c	01809c63	bne	x1,x24,80002354	  x1:0xfffffc6c x24:0x80001e80
       22165000	      2215	00000000	00000013	addi	x0,x0,0	  x0:0x00000000
       22175000	      2216	80002350	00000013	addi	x0,x0,0	  x0:0x00000000
       22185000	      2217	80002354	020c6263	bltu	x24,x0,80002378	 x24:0x80001e80  x0:0x00000000
       22195000	      2218	80002358	4127da33	sra	x20,x15,x18	 x15:0x80009f54 x18:0x80002128 x20=0xff80009f
       22205000	      2219	8000235c	d13bd4b7	lui	x9,0xd13bd	  x9=0xd13bd000
       22215000	      2220	80002360	00000013	addi	x0,x0,0	  x0:0x00000000
       22225000	      2221	80002364	02da8263	beq	x21,x13,80002388	 x21:0x02208000 x13:0x8000220c
       22235000	      2222	80002368	00000013	addi	x0,x0,0	  x0:0x00000000
       22245000	      2223	8000236c	086aa393	slti	x7,x21,134	 x21:0x02208000  x7=0x00000000
       22255000	      2224	80002370	41885013	srai	x0,x16,0x18	 x16:0x80009fc4
       22265000	      2225	80002374	1e17bf93	sltiu	x31,x15,481	 x15:0x80009f54 x31=0x00000000
       22275000	      2226	80002378	194e8c93	addi	x25,x29,404	 x29:0x00000001 x25=0x00000195
       22285000	      2227	8000237c	0066ab33	slt	x22,x13,x6	 x13:0x8000220c  x6:0xc749e20c x22=0x00000001
       22295000	      2228	80002380	05421463	bne	x4,x20,800023c8	  x4:0x80001f5f x20:0xff80009f
       22305000	      2229	00000000	00000013	addi	x0,x0,0	  x0:0x00000000
       22315000	      2230	800023c4	00000013	addi	x0,x0,0	  x0:0x00000000
       22325000	      2231	800023c8	a2978693	addi	x13,x15,-1495	 x15:0x80009f54 x13=0x8000997d
       22335000	      2232	800023cc	00355293	srli	x5,x10,0x3	 x10:0xc749e000  x5=0x18e93c00
       22345000	      2233	800023d0	03aa4063	blt	x20,x26,800023f0	 x20:0xff80009f x26:0xb354a2b0
       22355000	      2234	800023d4	3252e693	ori	x13,x5,805	  x5:0x18e93c00 x13=0x18e93f25
       22365000	      2235	800023d8	056af463	bgeu	x21,x22,80002420	 x21:0x02208000 x22:0x00000001
       22375000	      2236	00000000	00000013	addi	x0,x0,0	  x0:0x00000000
       22385000	      2237	8000241c	00000013	addi	x0,x0,0	  x0:0x00000000
       22395000	      2238	80002420	0676ec63	bltu	x13,x7,80002498	 x13:0x18e93f25  x7:0x00000000
       22405000	      2239	80002424	99264e97	auipc	x29,0x99264	 x29=0x19266420
       22415000	      2240	80002428	06f9e863	bltu	x19,x15,80002498	 x19:0x00000000 x15:0x80009f54
       22425000	      2241	00000000	00000013	addi	x0,x0,0	  x0:0x00000000
       22435000	      2242	80002494	00000013	addi	x0,x0,0	  x0:0x00000000
       22445000	      2243	80002498	405102b3	sub	x5,x2,x5	  x2:0x00000000  x5:0x18e93c00  x5=0xe716c400
       22455000	      2244	8000249c	00d81bb3	sll	x23,x16,x13	 x16:0x80009fc4 x13:0x18e93f25 x23=0x0013f880
       22465000	      2245	800024a0	40e085b3	sub	x11,x1,x14	  x1:0xfffffc6c x14:0x00000001 x11=0xfffffc6b
       22475000	      2246	800024a4	41b75633	sra	x12,x14,x27	 x14:0x00000001 x27:0x00000001 x12=0x00000000
       22485000	      2247	800024a8	53fe4693	xori	x13,x28,1343	 x28:0x80002174 x13=0x8000244b
       22495000	      2248	800024ac	00b45863	bge	x8,x11,800024bc	  x8:0x08022000 x11:0xfffffc6b
       22505000	      2249	00000000	00000013	addi	x0,x0,0	  x0:0x00000000
       22515000	      2250	800024b8	00000013	addi	x0,x0,0	  x0:0x00000000
       22525000	      2251	800024bc	05357463	bgeu	x10,x19,80002504	 x10:0xc749e000 x19:0x00000000
       22535000	      2252	00000000	00000013	addi	x0,x0,0	  x0:0x00000000
       22545000	      2253	80002500	00000013	addi	x0,x0,0	  x0:0x00000000
       22555000	      2254	80002504	402d0f33	sub	x30,x26,x2	 x26:0xb354a2b0  x2:0x00000000 x30=0xb354a2b0
       22565000	      2255	80002508	00231e93	slli	x29,x6,0x2	  x6:0xc749e20c x29=0x1d278830
       22575000	      2256	8000250c	408edd13	srai	x26,x29,0x8	 x29:0x1d278830 x26=0x001d2788
       22585000	      2257	80002510	01c22f33	slt	x30,x4,x28	  x4:0x80001f5f x28:0x80002174 x30=0x00000001
       22595000	      2258	80002514	62780a13	addi	x20,x16,1575	 x16:0x80009fc4 x20=0x8000a5eb
       22605000	      2259	80002518	00e9b4b3	sltu	x9,x19,x14	 x19:0x00000000 x14:0x00000001  x9=0x00000001
       22615000	      2260	8000251c	fffffc17	auipc	x24,0xfffff	 x24=0x80001518
       22625000	      2261	80002520	7ccc0c13	addi	x24,x24,1996	 x24:0x80001518 x24=0x80001ce4
       22635000	      2262	80002524	00325eb3	srl	x29,x4,x3	  x4:0x80001f5f  x3:0x7fffded9 x29=0x00000040
       22645000	      2263	80002528	3d5c0c13	addi	x24,x24,981	 x24:0x80001ce4 x24=0x800020b9
       22655000	      2264	8000252c	40b55493	srai	x9,x10,0xb	 x10:0xc749e000  x9=0xfff8e93c
       22665000	      2265	80002530	01727fb3	and	x31,x4,x23	  x4:0x80001f5f x23:0x0013f880 x31=0x00001800
       22675000	      2266	80002534	7c573113	sltiu	x2,x14,1989	 x14:0x00000001  x2=0x00000001
       22685000	      2267	80002538	017ee933	or	x18,x29,x23	 x29:0x00000040 x23:0x0013f880 x18=0x0013f8c0
       22695000	      2268	8000253c	00195a63	bge	x18,x1,80002550	 x18:0x0013f8c0  x1:0xfffffc6c
       22705000	      2269	00000000	00000013	addi	x0,x0,0	  x0:0x00000000
       22715000	      2270	8000254c	00000013	addi	x0,x0,0	  x0:0x00000000
       22725000	      2271	80002550	c2cc0367	jalr	x6,x24,-980	 x24:0x800020b9  x6=0x80002550
       22735000	      2272	00000000	00000013	addi	x0,x0,0	  x0:0x00000000
       22745000	      2273	80001ce4	00000013	addi	x0,x0,0	  x0:0x00000000
       22755000	      2274	80001ce8	30308493	addi	x9,x1,771	  x1:0xfffffc6c  x9=0xffffff6f
       22765000	      2275	80001cec	012110b3	sll	x1,x2,x18	  x2:0x00000001 x18:0x0013f8c0  x1=0x00000001
       22775000	      2276	80001cf0	01e77fb3	and	x31,x14,x30	 x14:0x00000001 x30:0x00000001 x31=0x00000001
       22785000	      2277	80001cf4	01700c33	add	x24,x0,x23	  x0:0x00000000 x23:0x0013f880 x24=0x0013f880
       22795000	      2278	80001cf8	40145693	srai	x13,x8,0x1	  x8:0x08022000 x13=0x04011000
       22805000	      2279	80001cfc	fe478793	addi	x15,x15,-28	 x15:0x80009f54 x15=0x80009f38
       22815000	      2280	80001d00	20906593	ori	x11,x0,521	  x0:0x00000000 x11=0x00000209
       22825000	      2281	80001d04	0067a223	sw	x6,4(x15)	 x15:0x80009f38  x6:0x80002550 PA:0x80009f3c
       22835000	      2282	80001d08	df760b93	addi	x23,x12,-521	 x12:0x00000000 x23=0xfffffdf7
       22845000	      2283	80001d0c	01ffe533	or	x10,x31,x31	 x31:0x00000001 x31:0x00000001 x10=0x00000001
       22855000	      2284	80001d10	0076e633	or	x12,x13,x7	 x13:0x04011000  x7:0x00000000 x12=0x04011000
       22865000	      2285	80001d14	01d01a63	bne	x0,x29,80001d28	  x0:0x00000000 x29:0x00000040
       22875000	      2286	00000000	00000013	addi	x0,x0,0	  x0:0x00000000
       22885000	      2287	80001d24	00000013	addi	x0,x0,0	  x0:0x00000000
       22895000	      2288	80001d28	ba1ff36f	jal	x6,80001d28	  x6=0x80001d28
       22905000	      2289	00000000	00000013	addi	x0,x0,0	  x0:0x00000000
       22915000	      2290	800018c4	00000013	addi	x0,x0,0	  x0:0x00000000
       22925000	      2291	800018c8	00e10663	beq	x2,x14,800018d4	  x2:0x00000001 x14:0x00000001
       22935000	      2292	00000000	00000013	addi	x0,x0,0	  x0:0x00000000
       22945000	      2293	800018d0	00000013	addi	x0,x0,0	  x0:0x00000000
       22955000	      2294	800018d4	fd078793	addi	x15,x15,-48	 x15:0x80009f38 x15=0x80009f08
       22965000	      2295	800018d8	01a0fdb3	and	x27,x1,x26	  x1:0x00000001 x26:0x001d2788 x27=0x00000000
       22975000	      2296	800018dc	0067a223	sw	x6,4(x15)	 x15:0x80009f08  x6:0x80001d28 PA:0x80009f0c
       22985000	      2297	800018e0	4196df93	srai	x31,x13,0x19	 x13:0x04011000 x31=0x00000002
       22995000	      2298	800018e4	0380036f	jal	x6,800018e4	  x6=0x800018e4
       23005000	      2299	00000000	00000013	addi	x0,x0,0	  x0:0x00000000
       23015000	      2300	80001918	00000013	addi	x0,x0,0	  x0:0x00000000
       23025000	      2301	8000191c	014000ef	jal	x1,8000191c	  x1=0x8000191c
       23035000	      2302	00000000	00000013	addi	x0,x0,0	  x0:0x00000000
       23045000	      2303	8000192c	00000013	addi	x0,x0,0	  x0:0x00000000
       23055000	      2304	80001930	fd1ff66f	jal	x12,80001930	 x12=0x80001930
       23065000	      2305	00000000	00000013	addi	x0,x0,0	  x0:0x00000000
       23075000	      2306	800018fc	00000013	addi	x0,x0,0	  x0:0x00000000
       23085000	      2307	80001900	01800e6f	jal	x28,80001900	 x28=0x80001900
       23095000	      2308	00000000	00000013	addi	x0,x0,0	  x0:0x00000000
       23105000	      2309	80001914	00000013	addi	x0,x0,0	  x0:0x00000000
       23115000	      2310	80001918	ff9ff0ef	jal	x1,80001918	  x1=0x80001918
       23125000	      2311	00000000	00000013	addi	x0,x0,0	  x0:0x00000000
       23135000	      2312	8000190c	00000013	addi	x0,x0,0	  x0:0x00000000
       23145000	      2313	80001910	fe5ff36f	jal	x6,80001910	  x6=0x80001910
       23155000	      2314	00000000	00000013	addi	x0,x0,0	  x0:0x00000000
       23165000	      2315	800018f0	00000013	addi	x0,x0,0	  x0:0x00000000
       23175000	      2316	800018f4	ffdff0ef	jal	x1,800018f4	  x1=0x800018f4
       23185000	      2317	00000000	00000013	addi	x0,x0,0	  x0:0x00000000
       23195000	      2318	800018ec	00000013	addi	x0,x0,0	  x0:0x00000000
       23205000	      2319	800018f0	008000ef	jal	x1,800018f0	  x1=0x800018f0
       23215000	      2320	00000000	00000013	addi	x0,x0,0	  x0:0x00000000
       23225000	      2321	800018f4	00000013	addi	x0,x0,0	  x0:0x00000000
       23235000	      2322	800018f8	0100046f	jal	x8,800018f8	  x8=0x800018f8
       23245000	      2323	00000000	00000013	addi	x0,x0,0	  x0:0x00000000
       23255000	      2324	80001904	00000013	addi	x0,x0,0	  x0:0x00000000
       23265000	      2325	80001908	ffdff0ef	jal	x1,80001908	  x1=0x80001908
       23275000	      2326	00000000	00000013	addi	x0,x0,0	  x0:0x00000000
       23285000	      2327	80001900	00000013	addi	x0,x0,0	  x0:0x00000000
       23295000	      2328	80001904	01c000ef	jal	x1,80001904	  x1=0x80001904
       23305000	      2329	00000000	00000013	addi	x0,x0,0	  x0:0x00000000
       23315000	      2330	8000191c	00000013	addi	x0,x0,0	  x0:0x00000000
       23325000	      2331	80001920	014000ef	jal	x1,80001920	  x1=0x80001920
       23335000	      2332	00000000	00000013	addi	x0,x0,0	  x0:0x00000000
       23345000	      2333	80001930	00000013	addi	x0,x0,0	  x0:0x00000000
       23355000	      2334	80001934	fe1ff0ef	jal	x1,80001934	  x1=0x80001934
       23365000	      2335	00000000	00000013	addi	x0,x0,0	  x0:0x00000000
       23375000	      2336	80001910	00000013	addi	x0,x0,0	  x0:0x00000000
       23385000	      2337	80001914	fd9ff36f	jal	x6,80001914	  x6=0x80001914
       23395000	      2338	00000000	00000013	addi	x0,x0,0	  x0:0x00000000
       23405000	      2339	800018e8	00000013	addi	x0,x0,0	  x0:0x00000000
       23415000	      2340	800018ec	038000ef	jal	x1,800018ec	  x1=0x800018ec
       23425000	      2341	00000000	00000013	addi	x0,x0,0	  x0:0x00000000
       23435000	      2342	80001920	00000013	addi	x0,x0,0	  x0:0x00000000
       23445000	      2343	80001924	004000ef	jal	x1,80001924	  x1=0x80001924
       23455000	      2344	00000000	00000013	addi	x0,x0,0	  x0:0x00000000
       23465000	      2345	80001924	00000013	addi	x0,x0,0	  x0:0x00000000
       23475000	      2346	80001928	fe5ff0ef	jal	x1,80001928	  x1=0x80001928
       23485000	      2347	00000000	00000013	addi	x0,x0,0	  x0:0x00000000
       23495000	      2348	80001908	00000013	addi	x0,x0,0	  x0:0x00000000
       23505000	      2349	8000190c	ff1ff4ef	jal	x9,8000190c	  x9=0x8000190c
       23515000	      2350	00000000	00000013	addi	x0,x0,0	  x0:0x00000000
       23525000	      2351	800018f8	00000013	addi	x0,x0,0	  x0:0x00000000
       23535000	      2352	800018fc	030004ef	jal	x9,800018fc	  x9=0x800018fc
       23545000	      2353	00000000	00000013	addi	x0,x0,0	  x0:0x00000000
       23555000	      2354	80001928	00000013	addi	x0,x0,0	  x0:0x00000000
       23565000	      2355	8000192c	fbdff0ef	jal	x1,8000192c	  x1=0x8000192c
       23575000	      2356	00000000	00000013	addi	x0,x0,0	  x0:0x00000000
       23585000	      2357	800018e4	00000013	addi	x0,x0,0	  x0:0x00000000
       23595000	      2358	800018e8	050000ef	jal	x1,800018e8	  x1=0x800018e8
       23605000	      2359	00000000	00000013	addi	x0,x0,0	  x0:0x00000000
       23615000	      2360	80001934	00000013	addi	x0,x0,0	  x0:0x00000000
       23625000	      2361	80001938	446acd17	auipc	x26,0x446ac	 x26=0xc46ad934
       23635000	      2362	8000193c	0184ff33	and	x30,x9,x24	  x9:0x800018fc x24:0x0013f880 x30=0x00001880
       23645000	      2363	80001940	01d54733	xor	x14,x10,x29	 x10:0x00000001 x29:0x00000040 x14=0x00000041
       23655000	      2364	80001944	04108863	beq	x1,x1,80001994	  x1:0x800018e8  x1:0x800018e8
       23665000	      2365	00000000	00000013	addi	x0,x0,0	  x0:0x00000000
       23675000	      2366	80001990	00000013	addi	x0,x0,0	  x0:0x00000000
       23685000	      2367	80001994	03dd6063	bltu	x26,x29,800019b4	 x26:0xc46ad934 x29:0x00000040
       23695000	      2368	80001998	01b6c863	blt	x13,x27,800019a8	 x13:0x04011000 x27:0x00000000
       23705000	      2369	8000199c	410b8333	sub	x6,x23,x16	 x23:0xfffffdf7 x16:0x80009fc4  x6=0x7fff5e33
       23715000	      2370	800019a0	40765233	sra	x4,x12,x7	 x12:0x80001930  x7:0x00000000  x4=0x80001930
       23725000	      2371	800019a4	403a5a13	srai	x20,x20,0x3	 x20:0x8000a5eb x20=0xf00014bd
       23735000	      2372	800019a8	014651b3	srl	x3,x12,x20	 x12:0x80001930 x20:0xf00014bd  x3=0x00000004
       23745000	      2373	800019ac	b6e58a17	auipc	x20,0xb6e58	 x20=0x36e599a8
       23755000	      2374	800019b0	2a2b8213	addi	x4,x23,674	 x23:0xfffffdf7  x4=0x00000099
       23765000	      2375	800019b4	02c2fa63	bgeu	x5,x12,800019e8	  x5:0xe716c400 x12:0x80001930
       23775000	      2376	00000000	00000013	addi	x0,x0,0	  x0:0x00000000
       23785000	      2377	800019e4	00000013	addi	x0,x0,0	  x0:0x00000000
       23795000	      2378	800019e8	015f1493	slli	x9,x30,0x15	 x30:0x00001880  x9=0x10000000
       23805000	      2379	800019ec	00d639b3	sltu	x19,x12,x13	 x12:0x80001930 x13:0x04011000 x19=0x00000000
       23815000	      2380	800019f0	008df533	and	x10,x27,x8	 x27:0x00000000  x8:0x800018f8 x10=0x00000000
       23825000	      2381	800019f4	00be9e63	bne	x29,x11,80001a10	 x29:0x00000040 x11:0x00000209
       23835000	      2382	00000000	00000013	addi	x0,x0,0	  x0:0x00000000
       23845000	      2383	80001a0c	00000013	addi	x0,x0,0	  x0:0x00000000
       23855000	      2384	80001a10	00000013	addi	x0,x0,0	  x0:0x00000000
       23865000	      2385	80001a14	41a18133	sub	x2,x3,x26	  x3:0x00000004 x26:0xc46ad934  x2=0x3b9526d0
       23875000	      2386	80001a18	0083db33	srl	x22,x7,x8	  x7:0x00000000  x8:0x800018f8 x22=0x00000000
       23885000	      2387	80001a1c	4011dcb3	sra	x25,x3,x1	  x3:0x00000004  x1:0x800018e8 x25=0x00000000
       23895000	      2388	80001a20	0047a303	lw	x6,4(x15)	 x15:0x80009f08  x6=0x80001d28 PA:0x80009f0c
       23905000	      2389	80001a24	03078793	addi	x15,x15,48	 x15:0x80009f08 x15=0x80009f38
       23915000	      2390	80001a28	a7d28f13	addi	x30,x5,-1411	  x5:0xe716c400 x30=0xe716be7d
       23925000	      2391	80001a2c	3e14ba93	sltiu	x21,x9,993	  x9:0x10000000 x21=0x00000000
       23935000	      2392	80001a30	632fd417	auipc	x8,0x632fd	  x8=0xe32fea2c
       23945000	      2393	80001a34	00000013	addi	x0,x0,0	  x0:0x00000000
       23955000	      2394	80001a38	01893ab3	sltu	x21,x18,x24	 x18:0x0013f8c0 x24:0x0013f880 x21=0x00000000
       23965000	      2395	80001a3c	ee307e93	andi	x29,x0,-285	  x0:0x00000000 x29=0x00000000
       23975000	      2396	80001a40	417a8133	sub	x2,x21,x23	 x21:0x00000000 x23:0xfffffdf7  x2=0x00000209
       23985000	      2397	80001a44	00030413	addi	x8,x6,0	  x6:0x80001d28  x8=0x80001d28
       23995000	      2398	80001a48	00040467	jalr	x8,x8,0	  x8:0x80001d28  x8=0x80001a48
       24005000	      2399	00000000	00000013	addi	x0,x0,0	  x0:0x00000000
       24015000	      2400	80001d28	00000013	addi	x0,x0,0	  x0:0x00000000
       24025000	      2401	80001d2c	00000517	auipc	x10,0x0	 x10=0x80001d28
       24035000	      2402	80001d30	b9c50513	addi	x10,x10,-1124	 x10:0x80001d28 x10=0x800018c4
       24045000	      2403	80001d34	01356cb3	or	x25,x10,x19	 x10:0x800018c4 x19:0x00000000 x25=0x800018c4
       24055000	      2404	80001d38	0096e2b3	or	x5,x13,x9	 x13:0x04011000  x9:0x10000000  x5=0x14011000
       24065000	      2405	80001d3c	01f55f93	srli	x31,x10,0x1f	 x10:0x800018c4 x31=0x00000001
       24075000	      2406	80001d40	18f50513	addi	x10,x10,399	 x10:0x800018c4 x10=0x80001a53
       24085000	      2407	80001d44	012bc663	blt	x23,x18,80001d50	 x23:0xfffffdf7 x18:0x0013f8c0
       24095000	      2408	00000000	00000013	addi	x0,x0,0	  x0:0x00000000
       24105000	      2409	80001d4c	00000013	addi	x0,x0,0	  x0:0x00000000
       24115000	      2410	80001d50	e7250367	jalr	x6,x10,-398	 x10:0x80001a53  x6=0x80001d50
       24125000	      2411	00000000	00000013	addi	x0,x0,0	  x0:0x00000000
       24135000	      2412	800018c4	00000013	addi	x0,x0,0	  x0:0x00000000
       24145000	      2413	800018c8	00e10663	beq	x2,x14,800018d4	  x2:0x00000209 x14:0x00000041
       24155000	      2414	800018cc	41b10433	sub	x8,x2,x27	  x2:0x00000209 x27:0x00000000  x8=0x00000209
       24165000	      2415	800018d0	4002d013	srai	x0,x5,0x0	  x5:0x14011000
       24175000	      2416	800018d4	fd078793	addi	x15,x15,-48	 x15:0x80009f38 x15=0x80009f08
       24185000	      2417	800018d8	01a0fdb3	and	x27,x1,x26	  x1:0x800018e8 x26:0xc46ad934 x27=0x80001820
       24195000	      2418	800018dc	0067a223	sw	x6,4(x15)	 x15:0x80009f08  x6:0x80001d50 PA:0x80009f0c
       24205000	      2419	800018e0	4196df93	srai	x31,x13,0x19	 x13:0x04011000 x31=0x00000002
       24215000	      2420	800018e4	0380036f	jal	x6,800018e4	  x6=0x800018e4
       24225000	      2421	00000000	00000013	addi	x0,x0,0	  x0:0x00000000
       24235000	      2422	80001918	00000013	addi	x0,x0,0	  x0:0x00000000
       24245000	      2423	8000191c	014000ef	jal	x1,8000191c	  x1=0x8000191c
       24255000	      2424	00000000	00000013	addi	x0,x0,0	  x0:0x00000000
       24265000	      2425	8000192c	00000013	addi	x0,x0,0	  x0:0x00000000
       24275000	      2426	80001930	fd1ff66f	jal	x12,80001930	 x12=0x80001930
       24285000	      2427	00000000	00000013	addi	x0,x0,0	  x0:0x00000000
       24295000	      2428	800018fc	00000013	addi	x0,x0,0	  x0:0x00000000
       24305000	      2429	80001900	01800e6f	jal	x28,80001900	 x28=0x80001900
       24315000	      2430	00000000	00000013	addi	x0,x0,0	  x0:0x00000000
       24325000	      2431	80001914	00000013	addi	x0,x0,0	  x0:0x00000000
       24335000	      2432	80001918	ff9ff0ef	jal	x1,80001918	  x1=0x80001918
       24345000	      2433	00000000	00000013	addi	x0,x0,0	  x0:0x00000000
       24355000	      2434	8000190c	00000013	addi	x0,x0,0	  x0:0x00000000
       24365000	      2435	80001910	fe5ff36f	jal	x6,80001910	  x6=0x80001910
       24375000	      2436	00000000	00000013	addi	x0,x0,0	  x0:0x00000000
       24385000	      2437	800018f0	00000013	addi	x0,x0,0	  x0:0x00000000
       24395000	      2438	800018f4	ffdff0ef	jal	x1,800018f4	  x1=0x800018f4
       24405000	      2439	00000000	00000013	addi	x0,x0,0	  x0:0x00000000
       24415000	      2440	800018ec	00000013	addi	x0,x0,0	  x0:0x00000000
       24425000	      2441	800018f0	008000ef	jal	x1,800018f0	  x1=0x800018f0
       24435000	      2442	00000000	00000013	addi	x0,x0,0	  x0:0x00000000
       24445000	      2443	800018f4	00000013	addi	x0,x0,0	  x0:0x00000000
       24455000	      2444	800018f8	0100046f	jal	x8,800018f8	  x8=0x800018f8
       24465000	      2445	00000000	00000013	addi	x0,x0,0	  x0:0x00000000
       24475000	      2446	80001904	00000013	addi	x0,x0,0	  x0:0x00000000
       24485000	      2447	80001908	ffdff0ef	jal	x1,80001908	  x1=0x80001908
       24495000	      2448	00000000	00000013	addi	x0,x0,0	  x0:0x00000000
       24505000	      2449	80001900	00000013	addi	x0,x0,0	  x0:0x00000000
       24515000	      2450	80001904	01c000ef	jal	x1,80001904	  x1=0x80001904
       24525000	      2451	00000000	00000013	addi	x0,x0,0	  x0:0x00000000
       24535000	      2452	8000191c	00000013	addi	x0,x0,0	  x0:0x00000000
       24545000	      2453	80001920	014000ef	jal	x1,80001920	  x1=0x80001920
       24555000	      2454	00000000	00000013	addi	x0,x0,0	  x0:0x00000000
       24565000	      2455	80001930	00000013	addi	x0,x0,0	  x0:0x00000000
       24575000	      2456	80001934	fe1ff0ef	jal	x1,80001934	  x1=0x80001934
       24585000	      2457	00000000	00000013	addi	x0,x0,0	  x0:0x00000000
       24595000	      2458	80001910	00000013	addi	x0,x0,0	  x0:0x00000000
       24605000	      2459	80001914	fd9ff36f	jal	x6,80001914	  x6=0x80001914
       24615000	      2460	00000000	00000013	addi	x0,x0,0	  x0:0x00000000
       24625000	      2461	800018e8	00000013	addi	x0,x0,0	  x0:0x00000000
       24635000	      2462	800018ec	038000ef	jal	x1,800018ec	  x1=0x800018ec
       24645000	      2463	00000000	00000013	addi	x0,x0,0	  x0:0x00000000
       24655000	      2464	80001920	00000013	addi	x0,x0,0	  x0:0x00000000
       24665000	      2465	80001924	004000ef	jal	x1,80001924	  x1=0x80001924
       24675000	      2466	00000000	00000013	addi	x0,x0,0	  x0:0x00000000
       24685000	      2467	80001924	00000013	addi	x0,x0,0	  x0:0x00000000
       24695000	      2468	80001928	fe5ff0ef	jal	x1,80001928	  x1=0x80001928
       24705000	      2469	00000000	00000013	addi	x0,x0,0	  x0:0x00000000
       24715000	      2470	80001908	00000013	addi	x0,x0,0	  x0:0x00000000
       24725000	      2471	8000190c	ff1ff4ef	jal	x9,8000190c	  x9=0x8000190c
       24735000	      2472	00000000	00000013	addi	x0,x0,0	  x0:0x00000000
       24745000	      2473	800018f8	00000013	addi	x0,x0,0	  x0:0x00000000
       24755000	      2474	800018fc	030004ef	jal	x9,800018fc	  x9=0x800018fc
       24765000	      2475	00000000	00000013	addi	x0,x0,0	  x0:0x00000000
       24775000	      2476	80001928	00000013	addi	x0,x0,0	  x0:0x00000000
       24785000	      2477	8000192c	fbdff0ef	jal	x1,8000192c	  x1=0x8000192c
       24795000	      2478	00000000	00000013	addi	x0,x0,0	  x0:0x00000000
       24805000	      2479	800018e4	00000013	addi	x0,x0,0	  x0:0x00000000
       24815000	      2480	800018e8	050000ef	jal	x1,800018e8	  x1=0x800018e8
       24825000	      2481	00000000	00000013	addi	x0,x0,0	  x0:0x00000000
       24835000	      2482	80001934	00000013	addi	x0,x0,0	  x0:0x00000000
       24845000	      2483	80001938	446acd17	auipc	x26,0x446ac	 x26=0xc46ad934
       24855000	      2484	8000193c	0184ff33	and	x30,x9,x24	  x9:0x800018fc x24:0x0013f880 x30=0x00001880
       24865000	      2485	80001940	01d54733	xor	x14,x10,x29	 x10:0x80001a53 x29:0x00000000 x14=0x80001a53
       24875000	      2486	80001944	04108863	beq	x1,x1,80001994	  x1:0x800018e8  x1:0x800018e8
       24885000	      2487	00000000	00000013	addi	x0,x0,0	  x0:0x00000000
       24895000	      2488	80001990	00000013	addi	x0,x0,0	  x0:0x00000000
       24905000	      2489	80001994	03dd6063	bltu	x26,x29,800019b4	 x26:0xc46ad934 x29:0x00000000
       24915000	      2490	80001998	01b6c863	blt	x13,x27,800019a8	 x13:0x04011000 x27:0x80001820
       24925000	      2491	8000199c	410b8333	sub	x6,x23,x16	 x23:0xfffffdf7 x16:0x80009fc4  x6=0x7fff5e33
       24935000	      2492	800019a0	40765233	sra	x4,x12,x7	 x12:0x80001930  x7:0x00000000  x4=0x80001930
       24945000	      2493	800019a4	403a5a13	srai	x20,x20,0x3	 x20:0x36e599a8 x20=0x06dcb335
       24955000	      2494	800019a8	014651b3	srl	x3,x12,x20	 x12:0x80001930 x20:0x06dcb335  x3=0x00000400
       24965000	      2495	800019ac	b6e58a17	auipc	x20,0xb6e58	 x20=0x36e599a8
       24975000	      2496	800019b0	2a2b8213	addi	x4,x23,674	 x23:0xfffffdf7  x4=0x00000099
       24985000	      2497	800019b4	02c2fa63	bgeu	x5,x12,800019e8	  x5:0x14011000 x12:0x80001930
       24995000	      2498	800019b8	0005dab3	srl	x21,x11,x0	 x11:0x00000209  x0:0x00000000 x21=0x00000209
       25005000	      2499	800019bc	41bed233	sra	x4,x29,x27	 x29:0x00000000 x27:0x80001820  x4=0x00000000
       25015000	      2500	800019c0	007ff433	and	x8,x31,x7	 x31:0x00000002  x7:0x00000000  x8=0x00000000
       25025000	      2501	800019c4	006a8863	beq	x21,x6,800019d4	 x21:0x00000209  x6:0x7fff5e33
       25035000	      2502	800019c8	eb183393	sltiu	x7,x16,-335	 x16:0x80009fc4  x7=0x00000001
       25045000	      2503	800019cc	01054bb3	xor	x23,x10,x16	 x10:0x80001a53 x16:0x80009fc4 x23=0x00008597
       25055000	      2504	800019d0	04035063	bge	x6,x0,80001a10	  x6:0x7fff5e33  x0:0x00000000
       25065000	      2505	00000000	00000013	addi	x0,x0,0	  x0:0x00000000
       25075000	      2506	80001a0c	00000013	addi	x0,x0,0	  x0:0x00000000
       25085000	      2507	80001a10	00000013	addi	x0,x0,0	  x0:0x00000000
       25095000	      2508	80001a14	41a18133	sub	x2,x3,x26	  x3:0x00000400 x26:0xc46ad934  x2=0x3b952acc
       25105000	      2509	80001a18	0083db33	srl	x22,x7,x8	  x7:0x00000001  x8:0x00000000 x22=0x00000001
       25115000	      2510	80001a1c	4011dcb3	sra	x25,x3,x1	  x3:0x00000400  x1:0x800018e8 x25=0x00000004
       25125000	      2511	80001a20	0047a303	lw	x6,4(x15)	 x15:0x80009f08  x6=0x80001d50 PA:0x80009f0c
       25135000	      2512	80001a24	03078793	addi	x15,x15,48	 x15:0x80009f08 x15=0x80009f38
       25145000	      2513	80001a28	a7d28f13	addi	x30,x5,-1411	  x5:0x14011000 x30=0x14010a7d
       25155000	      2514	80001a2c	3e14ba93	sltiu	x21,x9,993	  x9:0x800018fc x21=0x00000000
       25165000	      2515	80001a30	632fd417	auipc	x8,0x632fd	  x8=0xe32fea2c
       25175000	      2516	80001a34	00000013	addi	x0,x0,0	  x0:0x00000000
       25185000	      2517	80001a38	01893ab3	sltu	x21,x18,x24	 x18:0x0013f8c0 x24:0x0013f880 x21=0x00000000
       25195000	      2518	80001a3c	ee307e93	andi	x29,x0,-285	  x0:0x00000000 x29=0x00000000
       25205000	      2519	80001a40	417a8133	sub	x2,x21,x23	 x21:0x00000000 x23:0x00008597  x2=0xffff7a69
       25215000	      2520	80001a44	00030413	addi	x8,x6,0	  x6:0x80001d50  x8=0x80001d50
       25225000	      2521	80001a48	00040467	jalr	x8,x8,0	  x8:0x80001d50  x8=0x80001a48
       25235000	      2522	00000000	00000013	addi	x0,x0,0	  x0:0x00000000
       25245000	      2523	80001d50	00000013	addi	x0,x0,0	  x0:0x00000000
       25255000	      2524	80001d54	00eb23b3	slt	x7,x22,x14	 x22:0x00000001 x14:0x80001a53  x7=0x00000000
       25265000	      2525	80001d58	0040c233	xor	x4,x1,x4	  x1:0x800018e8  x4:0x00000000  x4=0x800018e8
       25275000	      2526	80001d5c	a42ec393	xori	x7,x29,-1470	 x29:0x00000000  x7=0xfffffa42
       25285000	      2527	80001d60	014675b3	and	x11,x12,x20	 x12:0x80001930 x20:0x36e599a8 x11=0x00001920
       25295000	      2528	80001d64	01dd42b3	xor	x5,x26,x29	 x26:0xc46ad934 x29:0x00000000  x5=0xc46ad934
       25305000	      2529	80001d68	b2f76293	ori	x5,x14,-1233	 x14:0x80001a53  x5=0xfffffb7f
       25315000	      2530	80001d6c	0009e263	bltu	x19,x0,80001d70	 x19:0x00000000  x0:0x00000000
       25325000	      2531	80001d70	00210263	beq	x2,x2,80001d74	  x2:0xffff7a69  x2:0xffff7a69
       25335000	      2532	00000000	00000013	addi	x0,x0,0	  x0:0x00000000
       25345000	      2533	80001d70	00000013	addi	x0,x0,0	  x0:0x00000000
       25355000	      2534	80001d74	001fd433	srl	x8,x31,x1	 x31:0x00000002  x1:0x800018e8  x8=0x00000000
       25365000	      2535	80001d78	ba740093	addi	x1,x8,-1113	  x8:0x00000000  x1=0xfffffba7
       25375000	      2536	80001d7c	01fa9863	bne	x21,x31,80001d8c	 x21:0x00000000 x31:0x00000002
       25385000	      2537	00000000	00000013	addi	x0,x0,0	  x0:0x00000000
       25395000	      2538	80001d88	00000013	addi	x0,x0,0	  x0:0x00000000
       25405000	      2539	80001d8c	f4cdb697	auipc	x13,0xf4cdb	 x13=0x74cdcd88
       25415000	      2540	80001d90	554cb113	sltiu	x2,x25,1364	 x25:0x00000004  x2=0x00000001
       25425000	      2541	80001d94	c6dd8417	auipc	x8,0xc6dd8	  x8=0x46dd9d90
       25435000	      2542	80001d98	05924863	blt	x4,x25,80001de8	  x4:0x800018e8 x25:0x00000004
       25445000	      2543	00000000	00000013	addi	x0,x0,0	  x0:0x00000000
       25455000	      2544	80001de4	00000013	addi	x0,x0,0	  x0:0x00000000
       25465000	      2545	80001de8	00a4c0b3	xor	x1,x9,x10	  x9:0x800018fc x10:0x80001a53  x1=0x000002af
       25475000	      2546	80001dec	0161ebb3	or	x23,x3,x22	  x3:0x00000400 x22:0x00000001 x23=0x00000401
       25485000	      2547	80001df0	01d77463	bgeu	x14,x29,80001df8	 x14:0x80001a53 x29:0x00000000
       25495000	      2548	00000000	00000013	addi	x0,x0,0	  x0:0x00000000
       25505000	      2549	80001df4	00000013	addi	x0,x0,0	  x0:0x00000000
       25515000	      2550	80001df8	0004e3b3	or	x7,x9,x0	  x9:0x800018fc  x0:0x00000000  x7=0x800018fc
       25525000	      2551	80001dfc	0047a303	lw	x6,4(x15)	 x15:0x80009f38  x6=0x80002550 PA:0x80009f3c
       25535000	      2552	80001e00	019e1533	sll	x10,x28,x25	 x28:0x80001900 x25:0x00000004 x10=0x00019000
       25545000	      2553	80001e04	a2ccaf93	slti	x31,x25,-1492	 x25:0x00000004 x31=0x00000000
       25555000	      2554	80001e08	01c78793	addi	x15,x15,28	 x15:0x80009f38 x15=0x80009f54
       25565000	      2555	80001e0c	4de7aeb7	lui	x29,0x4de7a	 x29=0x4de7a000
       25575000	      2556	80001e10	00130593	addi	x11,x6,1	  x6:0x80002550 x11=0x80002551
       25585000	      2557	80001e14	000585e7	jalr	x11,x11,0	 x11:0x80002551 x11=0x80001e14
       25595000	      2558	00000000	00000013	addi	x0,x0,0	  x0:0x00000000
       25605000	      2559	80002550	00000013	addi	x0,x0,0	  x0:0x00000000
       25615000	      2560	80002554	88f3ee17	auipc	x28,0x88f3e	 x28=0x08f40550
       25625000	      2561	80002558	00e33f33	sltu	x30,x6,x14	  x6:0x80002550 x14:0x80001a53 x30=0x00000000
       25635000	      2562	8000255c	48f6be17	auipc	x28,0x48f6b	 x28=0xc8f6d558
       25645000	      2563	80002560	0196e3b3	or	x7,x13,x25	 x13:0x74cdcd88 x25:0x00000004  x7=0x74cdcd8c
       25655000	      2564	80002564	0270e663	bltu	x1,x7,80002590	  x1:0x000002af  x7:0x74cdcd8c
       25665000	      2565	00000000	00000013	addi	x0,x0,0	  x0:0x00000000
       25675000	      2566	8000258c	00000013	addi	x0,x0,0	  x0:0x00000000
       25685000	      2567	80002590	001636b3	sltu	x13,x12,x1	 x12:0x80001930  x1:0x000002af x13=0x00000000
       25695000	      2568	80002594	04111463	bne	x2,x1,800025dc	  x2:0x00000001  x1:0x000002af
       25705000	      2569	00000000	00000013	addi	x0,x0,0	  x0:0x00000000
       25715000	      2570	800025d8	00000013	addi	x0,x0,0	  x0:0x00000000
       25725000	      2571	800025dc	03e98263	beq	x19,x30,80002600	 x19:0x00000000 x30:0x00000000
       25735000	      2572	00000000	00000013	addi	x0,x0,0	  x0:0x00000000
       25745000	      2573	800025fc	00000013	addi	x0,x0,0	  x0:0x00000000
       25755000	      2574	80002600	024e0063	beq	x28,x4,80002620	 x28:0xc8f6d558  x4:0x800018e8
       25765000	      2575	80002604	00aa5d93	srli	x27,x20,0xa	 x20:0x36e599a8 x27=0x000db966
       25775000	      2576	80002608	00e6b6b3	sltu	x13,x13,x14	 x13:0x00000000 x14:0x80001a53 x13=0x00000001
       25785000	      2577	8000260c	01130cb3	add	x25,x6,x17	  x6:0x80002550 x17:0x80000000 x25=0x00002550
       25795000	      2578	80002610	036e7063	bgeu	x28,x22,80002630	 x28:0xc8f6d558 x22:0x00000001
       25805000	      2579	00000000	00000013	addi	x0,x0,0	  x0:0x00000000
       25815000	      2580	8000262c	00000013	addi	x0,x0,0	  x0:0x00000000
       25825000	      2581	80002630	01305b13	srli	x22,x0,0x13	  x0:0x00000000 x22=0x00000000
       25835000	      2582	80002634	00a24663	blt	x4,x10,80002640	  x4:0x800018e8 x10:0x00019000
       25845000	      2583	00000000	00000013	addi	x0,x0,0	  x0:0x00000000
       25855000	      2584	8000263c	00000013	addi	x0,x0,0	  x0:0x00000000
       25865000	      2585	80002640	00205413	srli	x8,x0,0x2	  x0:0x00000000  x8=0x00000000
       25875000	      2586	80002644	02977663	bgeu	x14,x9,80002670	 x14:0x80001a53  x9:0x800018fc
       25885000	      2587	00000000	00000013	addi	x0,x0,0	  x0:0x00000000
       25895000	      2588	8000266c	00000013	addi	x0,x0,0	  x0:0x00000000
       25905000	      2589	80002670	fc519717	auipc	x14,0xfc519	 x14=0x7c51b66c
       25915000	      2590	80002674	4170d533	sra	x10,x1,x23	  x1:0x000002af x23:0x00000401 x10=0x00000157
       25925000	      2591	80002678	41a60c33	sub	x24,x12,x26	 x12:0x80001930 x26:0xc46ad934 x24=0xbb953ffc
       25935000	      2592	8000267c	f6cf0a13	addi	x20,x30,-148	 x30:0x00000000 x20=0xffffff6c
       25945000	      2593	80002680	41055413	srai	x8,x10,0x10	 x10:0x00000157  x8=0x00000000
       25955000	      2594	80002684	405ad613	srai	x12,x21,0x5	 x21:0x00000000 x12=0x00000000
       25965000	      2595	80002688	d3c8cf37	lui	x30,0xd3c8c	 x30=0xd3c8c000
       25975000	      2596	8000268c	00faf333	and	x6,x21,x15	 x21:0x00000000 x15:0x80009f54  x6=0x00000000
       25985000	      2597	80002690	40fa8733	sub	x14,x21,x15	 x21:0x00000000 x15:0x80009f54 x14=0x7fff60ac
       25995000	      2598	80002694	0b355063	bge	x10,x19,80002734	 x10:0x00000157 x19:0x00000000
       26005000	      2599	00000000	00000013	addi	x0,x0,0	  x0:0x00000000
       26015000	      2600	80002730	00000013	addi	x0,x0,0	  x0:0x00000000
       26025000	      2601	80002734	00e91393	slli	x7,x18,0xe	 x18:0x0013f8c0  x7=0xfe300000
       26035000	      2602	80002738	01687533	and	x10,x16,x22	 x16:0x80009fc4 x22:0x00000000 x10=0x00000000
       26045000	      2603	8000273c	16246d13	ori	x26,x8,354	  x8:0x00000000 x26=0x00000162
       26055000	      2604	80002740	00a824b3	slt	x9,x16,x10	 x16:0x80009fc4 x10:0x00000000  x9=0x00000001
       26065000	      2605	80002744	01ca5133	srl	x2,x20,x28	 x20:0xffffff6c x28:0xc8f6d558  x2=0x000000ff
       26075000	      2606	80002748	0059acb3	slt	x25,x19,x5	 x19:0x00000000  x5:0xfffffb7f x25=0x00000000
       26085000	      2607	8000274c	00870663	beq	x14,x8,80002758	 x14:0x7fff60ac  x8:0x00000000
       26095000	      2608	80002750	00ec1733	sll	x14,x24,x14	 x24:0xbb953ffc x14:0x7fff60ac x14=0x53ffc000
       26105000	      2609	80002754	008f3cb3	sltu	x25,x30,x8	 x30:0xd3c8c000  x8:0x00000000 x25=0x00000000
       26115000	      2610	80002758	024c7663	bgeu	x24,x4,80002784	 x24:0xbb953ffc  x4:0x800018e8
       26125000	      2611	00000000	00000013	addi	x0,x0,0	  x0:0x00000000
       26135000	      2612	80002780	00000013	addi	x0,x0,0	  x0:0x00000000
       26145000	      2613	80002784	024f9c63	bne	x31,x4,800027bc	 x31:0x00000000  x4:0x800018e8
       26155000	      2614	00000000	00000013	addi	x0,x0,0	  x0:0x00000000
       26165000	      2615	800027b8	00000013	addi	x0,x0,0	  x0:0x00000000
       26175000	      2616	800027bc	41e3dc13	srai	x24,x7,0x1e	  x7:0xfe300000 x24=0xffffffff
       26185000	      2617	800027c0	424fb213	sltiu	x4,x31,1060	 x31:0x00000000  x4=0x00000001
       26195000	      2618	800027c4	241def93	ori	x31,x27,577	 x27:0x000db966 x31=0x000dbb67
       26205000	      2619	800027c8	01aeedb3	or	x27,x29,x26	 x29:0x4de7a000 x26:0x00000162 x27=0x4de7a162
       26215000	      2620	800027cc	004d5b13	srli	x22,x26,0x4	 x26:0x00000162 x22=0x00000016
       26225000	      2621	800027d0	012d4c63	blt	x26,x18,800027e8	 x26:0x00000162 x18:0x0013f8c0
       26235000	      2622	00000000	00000013	addi	x0,x0,0	  x0:0x00000000
       26245000	      2623	800027e4	00000013	addi	x0,x0,0	  x0:0x00000000
       26255000	      2624	800027e8	408a5333	sra	x6,x20,x8	 x20:0xffffff6c  x8:0x00000000  x6=0xffffff6c
       26265000	      2625	800027ec	00fafa63	bgeu	x21,x15,80002800	 x21:0x00000000 x15:0x80009f54
       26275000	      2626	800027f0	007be733	or	x14,x23,x7	 x23:0x00000401  x7:0xfe300000 x14=0xfe300401
       26285000	      2627	800027f4	04041463	bne	x8,x0,8000283c	  x8:0x00000000  x0:0x00000000
       26295000	      2628	800027f8	01ba4d33	xor	x26,x20,x27	 x20:0xffffff6c x27:0x4de7a162 x26=0xb2185e0e
       26305000	      2629	800027fc	41568fb3	sub	x31,x13,x21	 x13:0x00000001 x21:0x00000000 x31=0x00000001
       26315000	      2630	80002800	01cef933	and	x18,x29,x28	 x29:0x4de7a000 x28:0xc8f6d558 x18=0x48e68000
       26325000	      2631	80002804	8b442693	slti	x13,x8,-1868	  x8:0x00000000 x13=0x00000000
       26335000	      2632	80002808	03ec4063	blt	x24,x30,80002828	 x24:0xffffffff x30:0xd3c8c000
       26345000	      2633	8000280c	01a1acb3	slt	x25,x3,x26	  x3:0x00000400 x26:0xb2185e0e x25=0x00000000
       26355000	      2634	80002810	01aa09b3	add	x19,x20,x26	 x20:0xffffff6c x26:0xb2185e0e x19=0xb2185d7a
       26365000	      2635	80002814	4087da93	srai	x21,x15,0x8	 x15:0x80009f54 x21=0xff80009f
       26375000	      2636	80002818	679ca213	slti	x4,x25,1657	 x25:0x00000000  x4=0x00000001
       26385000	      2637	8000281c	01f34e63	blt	x6,x31,80002838	  x6:0xffffff6c x31:0x00000001
       26395000	      2638	00000000	00000013	addi	x0,x0,0	  x0:0x00000000
       26405000	      2639	80002834	00000013	addi	x0,x0,0	  x0:0x00000000
       26415000	      2640	80002838	001583b3	add	x7,x11,x1	 x11:0x80001e14  x1:0x000002af  x7=0x800020c3
       26425000	      2641	8000283c	003f8133	add	x2,x31,x3	 x31:0x00000001  x3:0x00000400  x2=0x00000401
       26435000	      2642	80002840	8a2bce13	xori	x28,x23,-1886	 x23:0x00000401 x28=0xfffffca3
       26445000	      2643	80002844	00d20bb3	add	x23,x4,x13	  x4:0x00000001 x13:0x00000000 x23=0x00000001
       26455000	      2644	80002848	51b96a93	ori	x21,x18,1307	 x18:0x48e68000 x21=0x48e6851b
       26465000	      2645	8000284c	d3982613	slti	x12,x16,-711	 x16:0x80009fc4 x12=0x00000001
       26475000	      2646	80002850	00170133	add	x2,x14,x1	 x14:0xfe300401  x1:0x000002af  x2=0xfe3006b0
       26485000	      2647	80002854	004e1c63	bne	x28,x4,8000286c	 x28:0xfffffca3  x4:0x00000001
       26495000	      2648	00000000	00000013	addi	x0,x0,0	  x0:0x00000000
       26505000	      2649	80002868	00000013	addi	x0,x0,0	  x0:0x00000000
       26515000	      2650	8000286c	02011263	bne	x2,x0,80002890	  x2:0xfe3006b0  x0:0x00000000
       26525000	      2651	00000000	00000013	addi	x0,x0,0	  x0:0x00000000
       26535000	      2652	8000288c	00000013	addi	x0,x0,0	  x0:0x00000000
       26545000	      2653	80002890	00c3bdb3	sltu	x27,x7,x12	  x7:0x800020c3 x12:0x00000001 x27=0x00000000
       26555000	      2654	80002894	02097b93	andi	x23,x18,32	 x18:0x48e68000 x23=0x00000000
       26565000	      2655	80002898	419fd093	srai	x1,x31,0x19	 x31:0x00000001  x1=0x00000000
       26575000	      2656	8000289c	00648033	add	x0,x9,x6	  x9:0x00000001  x6:0xffffff6c
       26585000	      2657	800028a0	0023f663	bgeu	x7,x2,800028ac	  x7:0x800020c3  x2:0xfe3006b0
       26595000	      2658	800028a4	03237a63	bgeu	x6,x18,800028d8	  x6:0xffffff6c x18:0x48e68000
       26605000	      2659	00000000	00000013	addi	x0,x0,0	  x0:0x00000000
       26615000	      2660	800028d4	00000013	addi	x0,x0,0	  x0:0x00000000
       26625000	      2661	800028d8	40825a33	sra	x20,x4,x8	  x4:0x00000001  x8:0x00000000 x20=0x00000001
       26635000	      2662	800028dc	011b71b3	and	x3,x22,x17	 x22:0x00000016 x17:0x80000000  x3=0x00000000
       26645000	      2663	800028e0	01b91fb3	sll	x31,x18,x27	 x18:0x48e68000 x27:0x00000000 x31=0x48e68000
       26655000	      2664	800028e4	010ef433	and	x8,x29,x16	 x29:0x4de7a000 x16:0x80009fc4  x8=0x00008000
       26665000	      2665	800028e8	05b18463	beq	x3,x27,80002930	  x3:0x00000000 x27:0x00000000
       26675000	      2666	00000000	00000013	addi	x0,x0,0	  x0:0x00000000
       26685000	      2667	8000292c	00000013	addi	x0,x0,0	  x0:0x00000000
       26695000	      2668	80002930	4126d413	srai	x8,x13,0x12	 x13:0x00000000  x8=0x00000000
       26705000	      2669	80002934	3dd9f213	andi	x4,x19,989	 x19:0xb2185d7a  x4=0x00000158
       26715000	      2670	80002938	001923b3	slt	x7,x18,x1	 x18:0x48e68000  x1:0x00000000  x7=0x00000000
       26725000	      2671	8000293c	419bdf33	sra	x30,x23,x25	 x23:0x00000000 x25:0x00000000 x30=0x00000000
       26735000	      2672	80002940	5a414e93	xori	x29,x2,1444	  x2:0xfe3006b0 x29=0xfe300314
       26745000	      2673	80002944	23c60d93	addi	x27,x12,572	 x12:0x00000001 x27=0x0000023d
       26755000	      2674	80002948	05150463	beq	x10,x17,80002990	 x10:0x00000000 x17:0x80000000
       26765000	      2675	8000294c	002e09b3	add	x19,x28,x2	 x28:0xfffffca3  x2:0xfe3006b0 x19=0xfe300353
       26775000	      2676	80002950	00000013	addi	x0,x0,0	  x0:0x00000000
       26785000	      2677	80002954	012ed193	srli	x3,x29,0x12	 x29:0xfe300314  x3=0x00003f8c
       26795000	      2678	80002958	05c88663	beq	x17,x28,800029a4	 x17:0x80000000 x28:0xfffffca3
       26805000	      2679	8000295c	00000013	addi	x0,x0,0	  x0:0x00000000
       26815000	      2680	80002960	40878433	sub	x8,x15,x8	 x15:0x80009f54  x8:0x00000000  x8=0x80009f54
       26825000	      2681	80002964	33c803b7	lui	x7,0x33c80	  x7=0x33c80000
       26835000	      2682	80002968	01ea8863	beq	x21,x30,80002978	 x21:0x48e6851b x30:0x00000000
       26845000	      2683	8000296c	40ffd513	srai	x10,x31,0xf	 x31:0x48e68000 x10=0x000091cd
       26855000	      2684	80002970	b2060517	auipc	x10,0xb2060	 x10=0x3206296c
       26865000	      2685	80002974	42ec7fb7	lui	x31,0x42ec7	 x31=0x42ec7000
       26875000	      2686	80002978	010ba6b3	slt	x13,x23,x16	 x23:0x00000000 x16:0x80009fc4 x13=0x00000000
       26885000	      2687	8000297c	e2c8a093	slti	x1,x17,-468	 x17:0x80000000  x1=0x00000001
       26895000	      2688	80002980	06a77f93	andi	x31,x14,106	 x14:0xfe300401 x31=0x00000000
       26905000	      2689	80002984	40a054b3	sra	x9,x0,x10	  x0:0x00000000 x10:0x3206296c  x9=0x00000000
       26915000	      2690	80002988	5cb39297	auipc	x5,0x5cb39	  x5=0xdcb3b984
       26925000	      2691	8000298c	a9528013	addi	x0,x5,-1387	  x5:0xdcb3b984
       26935000	      2692	80002990	40d75ab3	sra	x21,x14,x13	 x14:0xfe300401 x13:0x00000000 x21=0xfe300401
       26945000	      2693	80002994	d959bd13	sltiu	x26,x19,-619	 x19:0xfe300353 x26=0x00000001
       26955000	      2694	80002998	0174f1b3	and	x3,x9,x23	  x9:0x00000000 x23:0x00000000  x3=0x00000000
       26965000	      2695	8000299c	019bcbb3	xor	x23,x23,x25	 x23:0x00000000 x25:0x00000000 x23=0x00000000
       26975000	      2696	800029a0	03ac6063	bltu	x24,x26,800029c0	 x24:0xffffffff x26:0x00000001
       26985000	      2697	800029a4	002235b3	sltu	x11,x4,x2	  x4:0x00000158  x2:0xfe3006b0 x11=0x00000001
       26995000	      2698	800029a8	01f32a33	slt	x20,x6,x31	  x6:0xffffff6c x31:0x00000000 x20=0x00000001
       27005000	      2699	800029ac	04201463	bne	x0,x2,800029f4	  x0:0x00000000  x2:0xfe3006b0
       27015000	      2700	00000000	00000013	addi	x0,x0,0	  x0:0x00000000
       27025000	      2701	800029f0	00000013	addi	x0,x0,0	  x0:0x00000000
       27035000	      2702	800029f4	b9b73293	sltiu	x5,x14,-1125	 x14:0xfe300401  x5=0x00000001
       27045000	      2703	800029f8	41badab3	sra	x21,x21,x27	 x21:0xfe300401 x27:0x0000023d x21=0xffffffff
       27055000	      2704	800029fc	0438f463	bgeu	x17,x3,80002a44	 x17:0x80000000  x3:0x00000000
       27065000	      2705	00000000	00000013	addi	x0,x0,0	  x0:0x00000000
       27075000	      2706	80002a40	00000013	addi	x0,x0,0	  x0:0x00000000
       27085000	      2707	80002a44	41e253b3	sra	x7,x4,x30	  x4:0x00000158 x30:0x00000000  x7=0x00000158
       27095000	      2708	80002a48	02978263	beq	x15,x9,80002a6c	 x15:0x80009f54  x9:0x00000000
       27105000	      2709	80002a4c	41d45b33	sra	x22,x8,x29	  x8:0x80009f54 x29:0xfe300314 x22=0xfffff800
       27115000	      2710	80002a50	02a37063	bgeu	x6,x10,80002a70	  x6:0xffffff6c x10:0x3206296c
       27125000	      2711	00000000	00000013	addi	x0,x0,0	  x0:0x00000000
       27135000	      2712	80002a6c	00000013	addi	x0,x0,0	  x0:0x00000000
       27145000	      2713	80002a70	00b7c663	blt	x15,x11,80002a7c	 x15:0x80009f54 x11:0x00000001
       27155000	      2714	00000000	00000013	addi	x0,x0,0	  x0:0x00000000
       27165000	      2715	80002a78	00000013	addi	x0,x0,0	  x0:0x00000000
       27175000	      2716	80002a7c	00000013	addi	x0,x0,0	  x0:0x00000000
       27185000	      2717	80002a80	417d0733	sub	x14,x26,x23	 x26:0x00000001 x23:0x00000000 x14=0x00000001
       27195000	      2718	80002a84	01b57233	and	x4,x10,x27	 x10:0x3206296c x27:0x0000023d  x4=0x0000002c
       27205000	      2719	80002a88	c34b5eb7	lui	x29,0xc34b5	 x29=0xc34b5000
       27215000	      2720	80002a8c	00000013	addi	x0,x0,0	  x0:0x00000000
       27225000	      2721	80002a90	05770263	beq	x14,x23,80002ad4	 x14:0x00000001 x23:0x00000000
       27235000	      2722	80002a94	4da66013	ori	x0,x12,1242	 x12:0x00000001
       27245000	      2723	80002a98	67d5e513	ori	x10,x11,1661	 x11:0x00000001 x10=0x0000067d
       27255000	      2724	80002a9c	50d12013	slti	x0,x2,1293	  x2:0xfe3006b0
       27265000	      2725	80002aa0	00a8d5b3	srl	x11,x17,x10	 x17:0x80000000 x10:0x0000067d x11=0x00000004
       27275000	      2726	80002aa4	01599663	bne	x19,x21,80002ab0	 x19:0xfe300353 x21:0xffffffff
       27285000	      2727	00000000	00000013	addi	x0,x0,0	  x0:0x00000000
       27295000	      2728	80002aac	00000013	addi	x0,x0,0	  x0:0x00000000
       27305000	      2729	80002ab0	01caefb3	or	x31,x21,x28	 x21:0xffffffff x28:0xfffffca3 x31=0xffffffff
       27315000	      2730	80002ab4	41fcd313	srai	x6,x25,0x1f	 x25:0x00000000  x6=0x00000000
       27325000	      2731	80002ab8	fcacc213	xori	x4,x25,-54	 x25:0x00000000  x4=0xffffffca
       27335000	      2732	80002abc	005fdbb3	srl	x23,x31,x5	 x31:0xffffffff  x5:0x00000001 x23=0x7fffffff
       27345000	      2733	80002ac0	017fe433	or	x8,x31,x23	 x31:0xffffffff x23:0x7fffffff  x8=0xffffffff
       27355000	      2734	80002ac4	8ca27b93	andi	x23,x4,-1846	  x4:0xffffffca x23=0xfffff8ca
       27365000	      2735	80002ac8	017b9193	slli	x3,x23,0x17	 x23:0xfffff8ca  x3=0x65000000
       27375000	      2736	80002acc	12ac9097	auipc	x1,0x12ac9	  x1=0x92acbac8
       27385000	      2737	80002ad0	002d1033	sll	x0,x26,x2	 x26:0x00000001  x2:0xfe3006b0
       27395000	      2738	80002ad4	005933b3	sltu	x7,x18,x5	 x18:0x48e68000  x5:0x00000001  x7=0x00000000
       27405000	      2739	80002ad8	01591bb3	sll	x23,x18,x21	 x18:0x48e68000 x21:0xffffffff x23=0x00000000
       27415000	      2740	80002adc	0124c933	xor	x18,x9,x18	  x9:0x00000000 x18:0x48e68000 x18=0x48e68000
       27425000	      2741	80002ae0	002ae033	or	x0,x21,x2	 x21:0xffffffff  x2:0xfe3006b0
       27435000	      2742	80002ae4	00a1ec63	bltu	x3,x10,80002afc	  x3:0x65000000 x10:0x0000067d
       27445000	      2743	80002ae8	40b30c33	sub	x24,x6,x11	  x6:0x00000000 x11:0x00000004 x24=0xfffffffc
       27455000	      2744	80002aec	002dc4b3	xor	x9,x27,x2	 x27:0x0000023d  x2:0xfe3006b0  x9=0xfe30048d
       27465000	      2745	80002af0	df1ce3b7	lui	x7,0xdf1ce	  x7=0xdf1ce000
       27475000	      2746	80002af4	01d3a9b3	slt	x19,x7,x29	  x7:0xdf1ce000 x29:0xc34b5000 x19=0x00000000
       27485000	      2747	80002af8	0014f933	and	x18,x9,x1	  x9:0xfe30048d  x1:0x92acbac8 x18=0x92200088
       27495000	      2748	80002afc	01c565b3	or	x11,x10,x28	 x10:0x0000067d x28:0xfffffca3 x11=0xfffffeff
       27505000	      2749	80002b00	04e18463	beq	x3,x14,80002b48	  x3:0x65000000 x14:0x00000001
       27515000	      2750	80002b04	01b66333	or	x6,x12,x27	 x12:0x00000001 x27:0x0000023d  x6=0x0000023d
       27525000	      2751	80002b08	09337413	andi	x8,x6,147	  x6:0x0000023d  x8=0x00000011
       27535000	      2752	80002b0c	410984b3	sub	x9,x19,x16	 x19:0x00000000 x16:0x80009fc4  x9=0x7fff603c
       27545000	      2753	80002b10	018c1493	slli	x9,x24,0x18	 x24:0xfffffffc  x9=0xfc000000
       27555000	      2754	80002b14	f9e2f613	andi	x12,x5,-98	  x5:0x00000001 x12=0x00000000
       27565000	      2755	80002b18	a10a3c93	sltiu	x25,x20,-1520	 x20:0x00000001 x25=0x00000001
       27575000	      2756	80002b1c	04bb7463	bgeu	x22,x11,80002b64	 x22:0xfffff800 x11:0xfffffeff
       27585000	      2757	80002b20	412fd213	srai	x4,x31,0x12	 x31:0xffffffff  x4=0xffffffff
       27595000	      2758	80002b24	00ee8a93	addi	x21,x29,14	 x29:0xc34b5000 x21=0xc34b500e
       27605000	      2759	80002b28	01799193	slli	x3,x19,0x17	 x19:0x00000000  x3=0x00000000
       27615000	      2760	80002b2c	3f7c2993	slti	x19,x24,1015	 x24:0xfffffffc x19=0x00000001
       27625000	      2761	80002b30	b7807913	andi	x18,x0,-1160	  x0:0x00000000 x18=0x00000000
       27635000	      2762	80002b34	003454b3	srl	x9,x8,x3	  x8:0x00000011  x3:0x00000000  x9=0x00000011
       27645000	      2763	80002b38	014676b3	and	x13,x12,x20	 x12:0x00000000 x20:0x00000001 x13=0x00000000
       27655000	      2764	80002b3c	41d68a33	sub	x20,x13,x29	 x13:0x00000000 x29:0xc34b5000 x20=0x3cb4b000
       27665000	      2765	80002b40	52eee113	ori	x2,x29,1326	 x29:0xc34b5000  x2=0xc34b552e
       27675000	      2766	80002b44	b08c1237	lui	x4,0xb08c1	  x4=0xb08c1000
       27685000	      2767	80002b48	04076463	bltu	x14,x0,80002b90	 x14:0x00000001  x0:0x00000000
       27695000	      2768	80002b4c	67033997	auipc	x19,0x67033	 x19=0xe7035b48
       27705000	      2769	80002b50	03656c63	bltu	x10,x22,80002b88	 x10:0x0000067d x22:0xfffff800
       27715000	      2770	00000000	00000013	addi	x0,x0,0	  x0:0x00000000
       27725000	      2771	80002b84	00000013	addi	x0,x0,0	  x0:0x00000000
       27735000	      2772	80002b88	11a7eb13	ori	x22,x15,282	 x15:0x80009f54 x22=0x80009f5e
       27745000	      2773	80002b8c	00f50097	auipc	x1,0xf50	  x1=0x80f52b88
       27755000	      2774	80002b90	40d08f33	sub	x30,x1,x13	  x1:0x80f52b88 x13:0x00000000 x30=0x80f52b88
       27765000	      2775	80002b94	1e2c4137	lui	x2,0x1e2c4	  x2=0x1e2c4000
       27775000	      2776	80002b98	018a56b3	srl	x13,x20,x24	 x20:0x3cb4b000 x24:0xfffffffc x13=0x00000003
       27785000	      2777	80002b9c	002ebeb3	sltu	x29,x29,x2	 x29:0xc34b5000  x2:0x1e2c4000 x29=0x00000000
       27795000	      2778	80002ba0	83518013	addi	x0,x3,-1995	  x3:0x00000000
       27805000	      2779	80002ba4	00993eb3	sltu	x29,x18,x9	 x18:0x00000000  x9:0x00000011 x29=0x00000001
       27815000	      2780	80002ba8	00fa4033	xor	x0,x20,x15	 x20:0x3cb4b000 x15:0x80009f54
       27825000	      2781	80002bac	413b5a33	sra	x20,x22,x19	 x22:0x80009f5e x19:0xe7035b48 x20=0xff80009f
       27835000	      2782	80002bb0	00dddb13	srli	x22,x27,0xd	 x27:0x0000023d x22=0x00000000
       27845000	      2783	80002bb4	03454263	blt	x10,x20,80002bd8	 x10:0x0000067d x20:0xff80009f
       27855000	      2784	80002bb8	009906b3	add	x13,x18,x9	 x18:0x00000000  x9:0x00000011 x13=0x00000011
       27865000	      2785	80002bbc	00000013	addi	x0,x0,0	  x0:0x00000000
       27875000	      2786	80002bc0	00a2c3b3	xor	x7,x5,x10	  x5:0x00000001 x10:0x0000067d  x7=0x0000067c
       27885000	      2787	80002bc4	00bdca63	blt	x27,x11,80002bd8	 x27:0x0000023d x11:0xfffffeff
       27895000	      2788	80002bc8	019db2b3	sltu	x5,x27,x25	 x27:0x0000023d x25:0x00000001  x5=0x00000000
       27905000	      2789	80002bcc	00825233	srl	x4,x4,x8	  x4:0xb08c1000  x8:0x00000011  x4=0x00005846
       27915000	      2790	80002bd0	27fe7313	andi	x6,x28,639	 x28:0xfffffca3  x6=0x00000023
       27925000	      2791	80002bd4	00deda33	srl	x20,x29,x13	 x29:0x00000001 x13:0x00000011 x20=0x00000000
       27935000	      2792	80002bd8	01911733	sll	x14,x2,x25	  x2:0x1e2c4000 x25:0x00000001 x14=0x3c588000
       27945000	      2793	80002bdc	01baf633	and	x12,x21,x27	 x21:0xc34b500e x27:0x0000023d x12=0x0000000c
       27955000	      2794	80002be0	00f12fb3	slt	x31,x2,x15	  x2:0x1e2c4000 x15:0x80009f54 x31=0x00000000
       27965000	      2795	80002be4	b3506d93	ori	x27,x0,-1227	  x0:0x00000000 x27=0xfffffb35
       27975000	      2796	80002be8	00e5d133	srl	x2,x11,x14	 x11:0xfffffeff x14:0x3c588000  x2=0xfffffeff
       27985000	      2797	80002bec	0023d293	srli	x5,x7,0x2	  x7:0x0000067c  x5=0x0000019f
       27995000	      2798	80002bf0	04171463	bne	x14,x1,80002c38	 x14:0x3c588000  x1:0x80f52b88
       28005000	      2799	00000000	00000013	addi	x0,x0,0	  x0:0x00000000
       28015000	      2800	80002c34	00000013	addi	x0,x0,0	  x0:0x00000000
       28025000	      2801	80002c38	00cdf233	and	x4,x27,x12	 x27:0xfffffb35 x12:0x0000000c  x4=0x00000004
       28035000	      2802	80002c3c	011a59b3	srl	x19,x20,x17	 x20:0x00000000 x17:0x80000000 x19=0x00000000
       28045000	      2803	80002c40	01425233	srl	x4,x4,x20	  x4:0x00000004 x20:0x00000000  x4=0x00000004
       28055000	      2804	80002c44	019f0cb3	add	x25,x30,x25	 x30:0x80f52b88 x25:0x00000001 x25=0x80f52b89
       28065000	      2805	80002c48	0041ba33	sltu	x20,x3,x4	  x3:0x00000000  x4:0x00000004 x20=0x00000001
       28075000	      2806	80002c4c	9817cbb7	lui	x23,0x9817c	 x23=0x9817c000
       28085000	      2807	80002c50	4076d933	sra	x18,x13,x7	 x13:0x00000011  x7:0x0000067c x18=0x00000000
       28095000	      2808	80002c54	01dd9d13	slli	x26,x27,0x1d	 x27:0xfffffb35 x26=0xa0000000
       28105000	      2809	80002c58	40a58633	sub	x12,x11,x10	 x11:0xfffffeff x10:0x0000067d x12=0xfffff882
       28115000	      2810	80002c5c	03715663	bge	x2,x23,80002c88	  x2:0xfffffeff x23:0x9817c000
       28125000	      2811	00000000	00000013	addi	x0,x0,0	  x0:0x00000000
       28135000	      2812	80002c84	00000013	addi	x0,x0,0	  x0:0x00000000
       28145000	      2813	80002c88	4175d2b3	sra	x5,x11,x23	 x11:0xfffffeff x23:0x9817c000  x5=0xfffffeff
       28155000	      2814	80002c8c	01461d13	slli	x26,x12,0x14	 x12:0xfffff882 x26=0x88200000
       28165000	      2815	80002c90	03eb5063	bge	x22,x30,80002cb0	 x22:0x00000000 x30:0x80f52b88
       28175000	      2816	00000000	00000013	addi	x0,x0,0	  x0:0x00000000
       28185000	      2817	80002cac	00000013	addi	x0,x0,0	  x0:0x00000000
       28195000	      2818	80002cb0	009ad433	srl	x8,x21,x9	 x21:0xc34b500e  x9:0x00000011  x8=0x000061a5
       28205000	      2819	80002cb4	68b2bf93	sltiu	x31,x5,1675	  x5:0xfffffeff x31=0x00000000
       28215000	      2820	80002cb8	0128ce63	blt	x17,x18,80002cd4	 x17:0x80000000 x18:0x00000000
       28225000	      2821	00000000	00000013	addi	x0,x0,0	  x0:0x00000000
       28235000	      2822	80002cd0	00000013	addi	x0,x0,0	  x0:0x00000000
       28245000	      2823	80002cd4	4097d5b3	sra	x11,x15,x9	 x15:0x80009f54  x9:0x00000011 x11=0xffffc000
       28255000	      2824	80002cd8	01366633	or	x12,x12,x19	 x12:0xfffff882 x19:0x00000000 x12=0xfffff882
       28265000	      2825	80002cdc	03bdc063	blt	x27,x27,80002cfc	 x27:0xfffffb35 x27:0xfffffb35
       28275000	      2826	80002ce0	00000013	addi	x0,x0,0	  x0:0x00000000
       28285000	      2827	80002ce4	00000013	addi	x0,x0,0	  x0:0x00000000
       28295000	      2828	80002ce8	01129863	bne	x5,x17,80002cf8	  x5:0xfffffeff x17:0x80000000
       28305000	      2829	00000000	00000013	addi	x0,x0,0	  x0:0x00000000
       28315000	      2830	80002cf4	00000013	addi	x0,x0,0	  x0:0x00000000
       28325000	      2831	80002cf8	004b1863	bne	x22,x4,80002d08	 x22:0x00000000  x4:0x00000004
       28335000	      2832	00000000	00000013	addi	x0,x0,0	  x0:0x00000000
       28345000	      2833	80002d04	00000013	addi	x0,x0,0	  x0:0x00000000
       28355000	      2834	80002d08	007c9493	slli	x9,x25,0x7	 x25:0x80f52b89  x9=0x7a95c480
       28365000	      2835	80002d0c	02a26663	bltu	x4,x10,80002d38	  x4:0x00000004 x10:0x0000067d
       28375000	      2836	00000000	00000013	addi	x0,x0,0	  x0:0x00000000
       28385000	      2837	80002d34	00000013	addi	x0,x0,0	  x0:0x00000000
       28395000	      2838	80002d38	48cdb413	sltiu	x8,x27,1164	 x27:0xfffffb35  x8=0x00000000
       28405000	      2839	80002d3c	04607663	bgeu	x0,x6,80002d88	  x0:0x00000000  x6:0x00000023
       28415000	      2840	80002d40	dc133293	sltiu	x5,x6,-575	  x6:0x00000023  x5=0x00000001
       28425000	      2841	80002d44	01e8d4b3	srl	x9,x17,x30	 x17:0x80000000 x30:0x80f52b88  x9=0x00800000
       28435000	      2842	80002d48	01166663	bltu	x12,x17,80002d54	 x12:0xfffff882 x17:0x80000000
       28445000	      2843	80002d4c	0bae16b7	lui	x13,0xbae1	 x13=0x0bae1000
       28455000	      2844	80002d50	000fccb3	xor	x25,x31,x0	 x31:0x00000000  x0:0x00000000 x25=0x00000000
       28465000	      2845	80002d54	05b21263	bne	x4,x27,80002d98	  x4:0x00000004 x27:0xfffffb35
       28475000	      2846	00000000	00000013	addi	x0,x0,0	  x0:0x00000000
       28485000	      2847	80002d94	00000013	addi	x0,x0,0	  x0:0x00000000
       28495000	      2848	80002d98	01509413	slli	x8,x1,0x15	  x1:0x80f52b88  x8=0x71000000
       28505000	      2849	80002d9c	018f52b3	srl	x5,x30,x24	 x30:0x80f52b88 x24:0xfffffffc  x5=0x00000008
       28515000	      2850	80002da0	b742a413	slti	x8,x5,-1164	  x5:0x00000008  x8=0x00000000
       28525000	      2851	80002da4	0142b6b3	sltu	x13,x5,x20	  x5:0x00000008 x20:0x00000001 x13=0x00000000
       28535000	      2852	80002da8	03a99063	bne	x19,x26,80002dc8	 x19:0x00000000 x26:0x88200000
       28545000	      2853	00000000	00000013	addi	x0,x0,0	  x0:0x00000000
       28555000	      2854	80002dc4	00000013	addi	x0,x0,0	  x0:0x00000000
       28565000	      2855	80002dc8	049dd463	bge	x27,x9,80002e10	 x27:0xfffffb35  x9:0x00800000
       28575000	      2856	80002dcc	0091e2b3	or	x5,x3,x9	  x3:0x00000000  x9:0x00800000  x5=0x00800000
       28585000	      2857	80002dd0	0409e263	bltu	x19,x0,80002e14	 x19:0x00000000  x0:0x00000000
       28595000	      2858	80002dd4	00903eb3	sltu	x29,x0,x9	  x0:0x00000000  x9:0x00800000 x29=0x00000001
       28605000	      2859	80002dd8	017cc133	xor	x2,x25,x23	 x25:0x00000000 x23:0x9817c000  x2=0x9817c000
       28615000	      2860	80002ddc	00000013	addi	x0,x0,0	  x0:0x00000000
       28625000	      2861	80002de0	00314333	xor	x6,x2,x3	  x2:0x9817c000  x3:0x00000000  x6=0x9817c000
       28635000	      2862	80002de4	016f16b3	sll	x13,x30,x22	 x30:0x80f52b88 x22:0x00000000 x13=0x80f52b88
       28645000	      2863	80002de8	005b8c33	add	x24,x23,x5	 x23:0x9817c000  x5:0x00800000 x24=0x9897c000
       28655000	      2864	80002dec	4c452037	lui	x0,0x4c452	
       28665000	      2865	80002df0	90ba8613	addi	x12,x21,-1781	 x21:0xc34b500e x12=0xc34b4919
       28675000	      2866	80002df4	403559b3	sra	x19,x10,x3	 x10:0x0000067d  x3:0x00000000 x19=0x0000067d
       28685000	      2867	80002df8	7f61fd93	andi	x27,x3,2038	  x3:0x00000000 x27=0x00000000
       28695000	      2868	80002dfc	00e14c63	blt	x2,x14,80002e14	  x2:0x9817c000 x14:0x3c588000
       28705000	      2869	00000000	00000013	addi	x0,x0,0	  x0:0x00000000
       28715000	      2870	80002e10	00000013	addi	x0,x0,0	  x0:0x00000000
       28725000	      2871	80002e14	001add93	srli	x27,x21,0x1	 x21:0xc34b500e x27=0x61a5a807
       28735000	      2872	80002e18	029fef93	ori	x31,x31,41	 x31:0x00000000 x31=0x00000029
       28745000	      2873	80002e1c	05281463	bne	x16,x18,80002e64	 x16:0x80009fc4 x18:0x00000000
       28755000	      2874	00000000	00000013	addi	x0,x0,0	  x0:0x00000000
       28765000	      2875	80002e60	00000013	addi	x0,x0,0	  x0:0x00000000
       28775000	      2876	80002e64	05625463	bge	x4,x22,80002eac	  x4:0x00000004 x22:0x00000000
       28785000	      2877	00000000	00000013	addi	x0,x0,0	  x0:0x00000000
       28795000	      2878	80002ea8	00000013	addi	x0,x0,0	  x0:0x00000000
       28805000	      2879	80002eac	008252b3	srl	x5,x4,x8	  x4:0x00000004  x8:0x00000000  x5=0x00000004
       28815000	      2880	80002eb0	00000013	addi	x0,x0,0	  x0:0x00000000
       28825000	      2881	80002eb4	4123dd33	sra	x26,x7,x18	  x7:0x0000067c x18:0x00000000 x26=0x0000067c
       28835000	      2882	80002eb8	a5197013	andi	x0,x18,-1455	 x18:0x00000000
       28845000	      2883	80002ebc	00000013	addi	x0,x0,0	  x0:0x00000000
       28855000	      2884	80002ec0	0047a303	lw	x6,4(x15)	 x15:0x80009f54  x6=0x80000e24 PA:0x80009f58
       28865000	      2885	80002ec4	84ba8c93	addi	x25,x21,-1973	 x21:0xc34b500e x25=0xc34b4859
       28875000	      2886	80002ec8	03078793	addi	x15,x15,48	 x15:0x80009f54 x15=0x80009f84
       28885000	      2887	80002ecc	40ad5033	sra	x0,x26,x10	 x26:0x0000067c x10:0x0000067d
       28895000	      2888	80002ed0	008ac5b3	xor	x11,x21,x8	 x21:0xc34b500e  x8:0x00000000 x11=0xc34b500e
       28905000	      2889	80002ed4	00030a13	addi	x20,x6,0	  x6:0x80000e24 x20=0x80000e24
       28915000	      2890	80002ed8	000a0a67	jalr	x20,x20,0	 x20:0x80000e24 x20=0x80002ed8
       28925000	      2891	00000000	00000013	addi	x0,x0,0	  x0:0x00000000
       28935000	      2892	80000e24	00000013	addi	x0,x0,0	  x0:0x00000000
       28945000	      2893	80000e28	405e0633	sub	x12,x28,x5	 x28:0xfffffca3  x5:0x00000004 x12=0xfffffc9f
       28955000	      2894	80000e2c	40cc0c33	sub	x24,x24,x12	 x24:0x9897c000 x12:0xfffffc9f x24=0x9897c361
       28965000	      2895	80000e30	3c2de613	ori	x12,x27,962	 x27:0x61a5a807 x12=0x61a5abc7
       28975000	      2896	80000e34	01afaf33	slt	x30,x31,x26	 x31:0x00000029 x26:0x0000067c x30=0x00000001
       28985000	      2897	80000e38	0189da13	srli	x20,x19,0x18	 x19:0x0000067d x20=0x00000000
       28995000	      2898	80000e3c	00de49b3	xor	x19,x28,x13	 x28:0xfffffca3 x13:0x80f52b88 x19=0x7f0ad72b
       29005000	      2899	80000e40	41ab50b3	sra	x1,x22,x26	 x22:0x00000000 x26:0x0000067c  x1=0x00000000
       29015000	      2900	80000e44	419953b3	sra	x7,x18,x25	 x18:0x00000000 x25:0xc34b4859  x7=0x00000000
       29025000	      2901	80000e48	037c4663	blt	x24,x23,80000e74	 x24:0x9897c361 x23:0x9817c000
       29035000	      2902	80000e4c	e4835d97	auipc	x27,0xe4835	 x27=0x64835e48
       29045000	      2903	80000e50	00f52cb3	slt	x25,x10,x15	 x10:0x0000067d x15:0x80009f84 x25=0x00000000
       29055000	      2904	80000e54	25826f17	auipc	x30,0x25826	 x30=0xa5826e50
       29065000	      2905	80000e58	042ae463	bltu	x21,x2,80000ea0	 x21:0xc34b500e  x2:0x9817c000
       29075000	      2906	80000e5c	00e22233	slt	x4,x4,x14	  x4:0x00000004 x14:0x3c588000  x4=0x00000001
       29085000	      2907	80000e60	6f3c6113	ori	x2,x24,1779	 x24:0x9897c361  x2=0x9897c7f3
       29095000	      2908	80000e64	00000013	addi	x0,x0,0	  x0:0x00000000
       29105000	      2909	80000e68	00f9f463	bgeu	x19,x15,80000e70	 x19:0x7f0ad72b x15:0x80009f84
       29115000	      2910	80000e6c	c6f92093	slti	x1,x18,-913	 x18:0x00000000  x1=0x00000000
       29125000	      2911	80000e70	035a7263	bgeu	x20,x21,80000e94	 x20:0x00000000 x21:0xc34b500e
       29135000	      2912	80000e74	40ced933	sra	x18,x29,x12	 x29:0x00000001 x12:0x61a5abc7 x18=0x00000000
       29145000	      2913	80000e78	032a0e63	beq	x20,x18,80000eb4	 x20:0x00000000 x18:0x00000000
       29155000	      2914	00000000	00000013	addi	x0,x0,0	  x0:0x00000000
       29165000	      2915	80000eb0	00000013	addi	x0,x0,0	  x0:0x00000000
       29175000	      2916	80000eb4	0114d6b3	srl	x13,x9,x17	  x9:0x00800000 x17:0x80000000 x13=0x00800000
       29185000	      2917	80000eb8	54437db7	lui	x27,0x54437	 x27=0x54437000
       29195000	      2918	80000ebc	00939bb3	sll	x23,x7,x9	  x7:0x00000000  x9:0x00800000 x23=0x00000000
       29205000	      2919	80000ec0	41525093	srai	x1,x4,0x15	  x4:0x00000001  x1=0x00000000
       29215000	      2920	80000ec4	25a24e13	xori	x28,x4,602	  x4:0x00000001 x28=0x0000025b
       29225000	      2921	80000ec8	018d53b3	srl	x7,x26,x24	 x26:0x0000067c x24:0x9897c361  x7=0x0000033e
       29235000	      2922	80000ecc	01cdaeb3	slt	x29,x27,x28	 x27:0x54437000 x28:0x0000025b x29=0x00000000
       29245000	      2923	80000ed0	081fc263	blt	x31,x1,80000f54	 x31:0x00000029  x1:0x00000000
       29255000	      2924	80000ed4	11385263	bge	x16,x19,80000fd8	 x16:0x80009fc4 x19:0x7f0ad72b
       29265000	      2925	80000ed8	00a1d413	srli	x8,x3,0xa	  x3:0x00000000  x8=0x00000000
       29275000	      2926	80000edc	0002c733	xor	x14,x5,x0	  x5:0x00000004  x0:0x00000000 x14=0x00000004
       29285000	      2927	80000ee0	0180036f	jal	x6,80000ee0	  x6=0x80000ee0
       29295000	      2928	00000000	00000013	addi	x0,x0,0	  x0:0x00000000
       29305000	      2929	80000ef4	00000013	addi	x0,x0,0	  x0:0x00000000
       29315000	      2930	80000ef8	ff1ff46f	jal	x8,80000ef8	  x8=0x80000ef8
       29325000	      2931	00000000	00000013	addi	x0,x0,0	  x0:0x00000000
       29335000	      2932	80000ee4	00000013	addi	x0,x0,0	  x0:0x00000000
       29345000	      2933	80000ee8	064000ef	jal	x1,80000ee8	  x1=0x80000ee8
       29355000	      2934	00000000	00000013	addi	x0,x0,0	  x0:0x00000000
       29365000	      2935	80000f48	00000013	addi	x0,x0,0	  x0:0x00000000
       29375000	      2936	80000f4c	f99ff0ef	jal	x1,80000f4c	  x1=0x80000f4c
       29385000	      2937	00000000	00000013	addi	x0,x0,0	  x0:0x00000000
       29395000	      2938	80000ee0	00000013	addi	x0,x0,0	  x0:0x00000000
       29405000	      2939	80000ee4	02000c6f	jal	x24,80000ee4	 x24=0x80000ee4
       29415000	      2940	00000000	00000013	addi	x0,x0,0	  x0:0x00000000
       29425000	      2941	80000f00	00000013	addi	x0,x0,0	  x0:0x00000000
       29435000	      2942	80000f04	0080016f	jal	x2,80000f04	  x2=0x80000f04
       29445000	      2943	00000000	00000013	addi	x0,x0,0	  x0:0x00000000
       29455000	      2944	80000f08	00000013	addi	x0,x0,0	  x0:0x00000000
       29465000	      2945	80000f0c	034000ef	jal	x1,80000f0c	  x1=0x80000f0c
       29475000	      2946	00000000	00000013	addi	x0,x0,0	  x0:0x00000000
       29485000	      2947	80000f3c	00000013	addi	x0,x0,0	  x0:0x00000000
       29495000	      2948	80000f40	fadff36f	jal	x6,80000f40	  x6=0x80000f40
       29505000	      2949	00000000	00000013	addi	x0,x0,0	  x0:0x00000000
       29515000	      2950	80000ee8	00000013	addi	x0,x0,0	  x0:0x00000000
       29525000	      2951	80000eec	02c0036f	jal	x6,80000eec	  x6=0x80000eec
       29535000	      2952	00000000	00000013	addi	x0,x0,0	  x0:0x00000000
       29545000	      2953	80000f14	00000013	addi	x0,x0,0	  x0:0x00000000
       29555000	      2954	80000f18	024000ef	jal	x1,80000f18	  x1=0x80000f18
       29565000	      2955	00000000	00000013	addi	x0,x0,0	  x0:0x00000000
       29575000	      2956	80000f38	00000013	addi	x0,x0,0	  x0:0x00000000
       29585000	      2957	80000f3c	fc1ff36f	jal	x6,80000f3c	  x6=0x80000f3c
       29595000	      2958	00000000	00000013	addi	x0,x0,0	  x0:0x00000000
       29605000	      2959	80000ef8	00000013	addi	x0,x0,0	  x0:0x00000000
       29615000	      2960	80000efc	02c0016f	jal	x2,80000efc	  x2=0x80000efc
       29625000	      2961	00000000	00000013	addi	x0,x0,0	  x0:0x00000000
       29635000	      2962	80000f24	00000013	addi	x0,x0,0	  x0:0x00000000
       29645000	      2963	80000f28	00c000ef	jal	x1,80000f28	  x1=0x80000f28
       29655000	      2964	00000000	00000013	addi	x0,x0,0	  x0:0x00000000
       29665000	      2965	80000f30	00000013	addi	x0,x0,0	  x0:0x00000000
       29675000	      2966	80000f34	fe9ff0ef	jal	x1,80000f34	  x1=0x80000f34
       29685000	      2967	00000000	00000013	addi	x0,x0,0	  x0:0x00000000
       29695000	      2968	80000f18	00000013	addi	x0,x0,0	  x0:0x00000000
       29705000	      2969	80000f1c	00400bef	jal	x23,80000f1c	 x23=0x80000f1c
       29715000	      2970	00000000	00000013	addi	x0,x0,0	  x0:0x00000000
       29725000	      2971	80000f1c	00000013	addi	x0,x0,0	  x0:0x00000000
       29735000	      2972	80000f20	02400a6f	jal	x20,80000f20	 x20=0x80000f20
       29745000	      2973	00000000	00000013	addi	x0,x0,0	  x0:0x00000000
       29755000	      2974	80000f40	00000013	addi	x0,x0,0	  x0:0x00000000
       29765000	      2975	80000f44	fb1ff2ef	jal	x5,80000f44	  x5=0x80000f44
       29775000	      2976	00000000	00000013	addi	x0,x0,0	  x0:0x00000000
       29785000	      2977	80000ef0	00000013	addi	x0,x0,0	  x0:0x00000000
       29795000	      2978	80000ef4	0380036f	jal	x6,80000ef4	  x6=0x80000ef4
       29805000	      2979	00000000	00000013	addi	x0,x0,0	  x0:0x00000000
       29815000	      2980	80000f28	00000013	addi	x0,x0,0	  x0:0x00000000
       29825000	      2981	80000f2c	01c0036f	jal	x6,80000f2c	  x6=0x80000f2c
       29835000	      2982	00000000	00000013	addi	x0,x0,0	  x0:0x00000000
       29845000	      2983	80000f44	00000013	addi	x0,x0,0	  x0:0x00000000
       29855000	      2984	80000f48	fcdff36f	jal	x6,80000f48	  x6=0x80000f48
       29865000	      2985	00000000	00000013	addi	x0,x0,0	  x0:0x00000000
       29875000	      2986	80000f10	00000013	addi	x0,x0,0	  x0:0x00000000
       29885000	      2987	80000f14	024001ef	jal	x3,80000f14	  x3=0x80000f14
       29895000	      2988	00000000	00000013	addi	x0,x0,0	  x0:0x00000000
       29905000	      2989	80000f34	00000013	addi	x0,x0,0	  x0:0x00000000
       29915000	      2990	80000f38	fb9ff3ef	jal	x7,80000f38	  x7=0x80000f38
       29925000	      2991	00000000	00000013	addi	x0,x0,0	  x0:0x00000000
       29935000	      2992	80000eec	00000013	addi	x0,x0,0	  x0:0x00000000
       29945000	      2993	80000ef0	0200056f	jal	x10,80000ef0	 x10=0x80000ef0
       29955000	      2994	00000000	00000013	addi	x0,x0,0	  x0:0x00000000
       29965000	      2995	80000f0c	00000013	addi	x0,x0,0	  x0:0x00000000
       29975000	      2996	80000f10	ff9ff36f	jal	x6,80000f10	  x6=0x80000f10
       29985000	      2997	00000000	00000013	addi	x0,x0,0	  x0:0x00000000
       29995000	      2998	80000f04	00000013	addi	x0,x0,0	  x0:0x00000000
       30005000	      2999	80000f08	02800d6f	jal	x26,80000f08	 x26=0x80000f08
       30015000	      3000	00000000	00000013	addi	x0,x0,0	  x0:0x00000000
       30025000	      3001	80000f2c	00000013	addi	x0,x0,0	  x0:0x00000000
       30035000	      3002	80000f30	ff5ff0ef	jal	x1,80000f30	  x1=0x80000f30
       30045000	      3003	00000000	00000013	addi	x0,x0,0	  x0:0x00000000
       30055000	      3004	80000f20	00000013	addi	x0,x0,0	  x0:0x00000000
       30065000	      3005	80000f24	fddff0ef	jal	x1,80000f24	  x1=0x80000f24
       30075000	      3006	00000000	00000013	addi	x0,x0,0	  x0:0x00000000
       30085000	      3007	80000efc	00000013	addi	x0,x0,0	  x0:0x00000000
       30095000	      3008	80000f00	0500036f	jal	x6,80000f00	  x6=0x80000f00
       30105000	      3009	00000000	00000013	addi	x0,x0,0	  x0:0x00000000
       30115000	      3010	80000f4c	00000013	addi	x0,x0,0	  x0:0x00000000
       30125000	      3011	80000f50	ad583313	sltiu	x6,x16,-1323	 x16:0x80009fc4  x6=0x00000001
       30135000	      3012	80000f54	01211133	sll	x2,x2,x18	  x2:0x80000efc x18:0x00000000  x2=0x80000efc
       30145000	      3013	80000f58	00000013	addi	x0,x0,0	  x0:0x00000000
       30155000	      3014	80000f5c	0781fa63	bgeu	x3,x24,80000fd0	  x3:0x80000f14 x24:0x80000ee4
       30165000	      3015	00000000	00000013	addi	x0,x0,0	  x0:0x00000000
       30175000	      3016	80000fcc	00000013	addi	x0,x0,0	  x0:0x00000000
       30185000	      3017	80000fd0	40dd5293	srai	x5,x26,0xd	 x26:0x80000f08  x5=0xfffc0000
       30195000	      3018	80000fd4	002f84b3	add	x9,x31,x2	 x31:0x00000029  x2:0x80000efc  x9=0x80000f25
       30205000	      3019	80000fd8	029be663	bltu	x23,x9,80001004	 x23:0x80000f1c  x9:0x80000f25
       30215000	      3020	00000000	00000013	addi	x0,x0,0	  x0:0x00000000
       30225000	      3021	80001000	00000013	addi	x0,x0,0	  x0:0x00000000
       30235000	      3022	80001004	008444b3	xor	x9,x8,x8	  x8:0x80000ef8  x8:0x80000ef8  x9=0x00000000
       30245000	      3023	80001008	06b1f063	bgeu	x3,x11,80001068	  x3:0x80000f14 x11:0xc34b500e
       30255000	      3024	8000100c	000eae33	slt	x28,x29,x0	 x29:0x00000000  x0:0x00000000 x28=0x00000000
       30265000	      3025	80001010	007ce463	bltu	x25,x7,80001018	 x25:0x00000000  x7:0x80000f38
       30275000	      3026	00000000	00000013	addi	x0,x0,0	  x0:0x00000000
       30285000	      3027	80001014	00000013	addi	x0,x0,0	  x0:0x00000000
       30295000	      3028	80001018	533511b7	lui	x3,0x53351	  x3=0x53351000
       30305000	      3029	8000101c	00e20863	beq	x4,x14,8000102c	  x4:0x00000001 x14:0x00000004
       30315000	      3030	80001020	40885133	sra	x2,x16,x8	 x16:0x80009fc4  x8:0x80000ef8  x2=0xffffff80
       30325000	      3031	80001024	00c344b3	xor	x9,x6,x12	  x6:0x00000001 x12:0x61a5abc7  x9=0x61a5abc6
       30335000	      3032	80001028	74676a93	ori	x21,x14,1862	 x14:0x00000004 x21=0x00000746
       30345000	      3033	8000102c	00ce2e33	slt	x28,x28,x12	 x28:0x00000000 x12:0x61a5abc7 x28=0x00000001
       30355000	      3034	80001030	01d3be33	sltu	x28,x7,x29	  x7:0x80000f38 x29:0x00000000 x28=0x00000000
       30365000	      3035	80001034	01a6dd33	srl	x26,x13,x26	 x13:0x00800000 x26:0x80000f08 x26=0x00008000
       30375000	      3036	80001038	05369e63	bne	x13,x19,80001094	 x13:0x00800000 x19:0x7f0ad72b
       30385000	      3037	00000000	00000013	addi	x0,x0,0	  x0:0x00000000
       30395000	      3038	80001090	00000013	addi	x0,x0,0	  x0:0x00000000
       30405000	      3039	80001094	00211033	sll	x0,x2,x2	  x2:0xffffff80  x2:0xffffff80
       30415000	      3040	80001098	2679a497	auipc	x9,0x2679a	  x9=0xa679b094
       30425000	      3041	8000109c	4883c593	xori	x11,x7,1160	  x7:0x80000f38 x11=0x80000bb0
       30435000	      3042	800010a0	001b9263	bne	x23,x1,800010a4	 x23:0x80000f1c  x1:0x80000f24
       30445000	      3043	00000000	00000013	addi	x0,x0,0	  x0:0x00000000
       30455000	      3044	800010a0	00000013	addi	x0,x0,0	  x0:0x00000000
       30465000	      3045	800010a4	41af5493	srai	x9,x30,0x1a	 x30:0xa5826e50  x9=0xffffffe9
       30475000	      3046	800010a8	74f0ef17	auipc	x30,0x74f0e	 x30=0xf4f0f0a4
       30485000	      3047	800010ac	00c2b5b3	sltu	x11,x5,x12	  x5:0xfffc0000 x12:0x61a5abc7 x11=0x00000000
       30495000	      3048	800010b0	01b9cbb3	xor	x23,x19,x27	 x19:0x7f0ad72b x27:0x54437000 x23=0x2b49a72b
       30505000	      3049	800010b4	00dae463	bltu	x21,x13,800010bc	 x21:0x00000746 x13:0x00800000
       30515000	      3050	00000000	00000013	addi	x0,x0,0	  x0:0x00000000
       30525000	      3051	800010b8	00000013	addi	x0,x0,0	  x0:0x00000000
       30535000	      3052	800010bc	01f39513	slli	x10,x7,0x1f	  x7:0x80000f38 x10=0x00000000
       30545000	      3053	800010c0	0148ab33	slt	x22,x17,x20	 x17:0x80000000 x20:0x80000f20 x22=0x00000001
       30555000	      3054	800010c4	04f71063	bne	x14,x15,80001104	 x14:0x00000004 x15:0x80009f84
       30565000	      3055	00000000	00000013	addi	x0,x0,0	  x0:0x00000000
       30575000	      3056	80001100	00000013	addi	x0,x0,0	  x0:0x00000000
       30585000	      3057	80001104	00801863	bne	x0,x8,80001114	  x0:0x00000000  x8:0x80000ef8
       30595000	      3058	00000000	00000013	addi	x0,x0,0	  x0:0x00000000
       30605000	      3059	80001110	00000013	addi	x0,x0,0	  x0:0x00000000
       30615000	      3060	80001114	01ba1fb3	sll	x31,x20,x27	 x20:0x80000f20 x27:0x54437000 x31=0x80000f20
       30625000	      3061	80001118	04d48263	beq	x9,x13,8000115c	  x9:0xffffffe9 x13:0x00800000
       30635000	      3062	8000111c	0461c463	blt	x3,x6,80001164	  x3:0x53351000  x6:0x00000001
       30645000	      3063	80001120	01225293	srli	x5,x4,0x12	  x4:0x00000001  x5=0x00000000
       30655000	      3064	80001124	00d38863	beq	x7,x13,80001134	  x7:0x80000f38 x13:0x00800000
       30665000	      3065	80001128	01a61413	slli	x8,x12,0x1a	 x12:0x61a5abc7  x8=0x1c000000
       30675000	      3066	8000112c	6e4cb993	sltiu	x19,x25,1764	 x25:0x00000000 x19=0x00000001
       30685000	      3067	80001130	c1cfea37	lui	x20,0xc1cfe	 x20=0xc1cfe000
       30695000	      3068	80001134	40b85333	sra	x6,x16,x11	 x16:0x80009fc4 x11:0x00000000  x6=0x80009fc4
       30705000	      3069	80001138	832f9f97	auipc	x31,0x832f9	 x31=0x032fa134
       30715000	      3070	8000113c	017eebb3	or	x23,x29,x23	 x29:0x00000000 x23:0x2b49a72b x23=0x2b49a72b
       30725000	      3071	80001140	002b4f33	xor	x30,x22,x2	 x22:0x00000001  x2:0xffffff80 x30=0xffffff81
       30735000	      3072	80001144	66dbd317	auipc	x6,0x66dbd	  x6=0xe6dbe140
       30745000	      3073	80001148	41058cb3	sub	x25,x11,x16	 x11:0x00000000 x16:0x80009fc4 x25=0x7fff603c
       30755000	      3074	8000114c	0083d593	srli	x11,x7,0x8	  x7:0x80000f38 x11=0x0080000f
       30765000	      3075	80001150	030d9c63	bne	x27,x16,80001188	 x27:0x54437000 x16:0x80009fc4
       30775000	      3076	00000000	00000013	addi	x0,x0,0	  x0:0x00000000
       30785000	      3077	80001184	00000013	addi	x0,x0,0	  x0:0x00000000
       30795000	      3078	80001188	00801eb3	sll	x29,x0,x8	  x0:0x00000000  x8:0x1c000000 x29=0x00000000
       30805000	      3079	8000118c	cb0fe293	ori	x5,x31,-848	 x31:0x032fa134  x5=0xfffffdb4
       30815000	      3080	80001190	00000013	addi	x0,x0,0	  x0:0x00000000
       30825000	      3081	80001194	0323f863	bgeu	x7,x18,800011c4	  x7:0x80000f38 x18:0x00000000
       30835000	      3082	00000000	00000013	addi	x0,x0,0	  x0:0x00000000
       30845000	      3083	800011c0	00000013	addi	x0,x0,0	  x0:0x00000000
       30855000	      3084	800011c4	01c7d463	bge	x15,x28,800011cc	 x15:0x80009f84 x28:0x00000000
       30865000	      3085	800011c8	320226b7	lui	x13,0x32022	 x13=0x32022000
       30875000	      3086	800011cc	035d6263	bltu	x26,x21,800011f0	 x26:0x00008000 x21:0x00000746
       30885000	      3087	800011d0	01b9a533	slt	x10,x19,x27	 x19:0x00000001 x27:0x54437000 x10=0x00000001
       30895000	      3088	800011d4	004ffd33	and	x26,x31,x4	 x31:0x032fa134  x4:0x00000001 x26=0x00000000
       30905000	      3089	800011d8	04071463	bne	x14,x0,80001220	 x14:0x00000004  x0:0x00000000
       30915000	      3090	00000000	00000013	addi	x0,x0,0	  x0:0x00000000
       30925000	      3091	8000121c	00000013	addi	x0,x0,0	  x0:0x00000000
       30935000	      3092	80001220	7b8d3e93	sltiu	x29,x26,1976	 x26:0x00000000 x29=0x00000001
       30945000	      3093	80001224	41b35d13	srai	x26,x6,0x1b	  x6:0xe6dbe140 x26=0xfffffffc
       30955000	      3094	80001228	01111333	sll	x6,x2,x17	  x2:0xffffff80 x17:0x80000000  x6=0xffffff80
       30965000	      3095	8000122c	913e6b93	ori	x23,x28,-1773	 x28:0x00000000 x23=0xfffff913
       30975000	      3096	80001230	40c75bb3	sra	x23,x14,x12	 x14:0x00000004 x12:0x61a5abc7 x23=0x00000000
       30985000	      3097	80001234	01a81d13	slli	x26,x16,0x1a	 x16:0x80009fc4 x26=0x10000000
       30995000	      3098	80001238	410852b3	sra	x5,x16,x16	 x16:0x80009fc4 x16:0x80009fc4  x5=0xf80009fc
       31005000	      3099	8000123c	055a7863	bgeu	x20,x21,8000128c	 x20:0xc1cfe000 x21:0x00000746
       31015000	      3100	00000000	00000013	addi	x0,x0,0	  x0:0x00000000
       31025000	      3101	80001288	00000013	addi	x0,x0,0	  x0:0x00000000
       31035000	      3102	8000128c	41ea0ab3	sub	x21,x20,x30	 x20:0xc1cfe000 x30:0xffffff81 x21=0xc1cfe07f
       31045000	      3103	80001290	02571263	bne	x14,x5,800012b4	 x14:0x00000004  x5:0xf80009fc
       31055000	      3104	00000000	00000013	addi	x0,x0,0	  x0:0x00000000
       31065000	      3105	800012b0	00000013	addi	x0,x0,0	  x0:0x00000000
       31075000	      3106	800012b4	004e9a63	bne	x29,x4,800012c8	 x29:0x00000001  x4:0x00000001
       31085000	      3107	800012b8	019c1393	slli	x7,x24,0x19	 x24:0x80000ee4  x7=0xc8000000
       31095000	      3108	800012bc	6a4d4213	xori	x4,x26,1700	 x26:0x10000000  x4=0x100006a4
       31105000	      3109	800012c0	d8a86f97	auipc	x31,0xd8a86	 x31=0x58a872bc
       31115000	      3110	800012c4	20776e13	ori	x28,x14,519	 x14:0x00000004 x28=0x00000207
       31125000	      3111	800012c8	ca11b393	sltiu	x7,x3,-863	  x3:0x53351000  x7=0x00000001
       31135000	      3112	800012cc	01eb1863	bne	x22,x30,800012dc	 x22:0x00000001 x30:0xffffff81
       31145000	      3113	00000000	00000013	addi	x0,x0,0	  x0:0x00000000
       31155000	      3114	800012d8	00000013	addi	x0,x0,0	  x0:0x00000000
       31165000	      3115	800012dc	41928533	sub	x10,x5,x25	  x5:0xf80009fc x25:0x7fff603c x10=0x7800a9c0
       31175000	      3116	800012e0	d40e4a13	xori	x20,x28,-704	 x28:0x00000207 x20=0xffffff47
       31185000	      3117	800012e4	036dfc63	bgeu	x27,x22,8000131c	 x27:0x54437000 x22:0x00000001
       31195000	      3118	00000000	00000013	addi	x0,x0,0	  x0:0x00000000
       31205000	      3119	80001318	00000013	addi	x0,x0,0	  x0:0x00000000
       31215000	      3120	8000131c	0304c993	xori	x19,x9,48	  x9:0xffffffe9 x19=0xffffffd9
       31225000	      3121	80001320	fab83c93	sltiu	x25,x16,-85	 x16:0x80009fc4 x25=0x00000001
       31235000	      3122	80001324	00bd5cb3	srl	x25,x26,x11	 x26:0x10000000 x11:0x0080000f x25=0x00002000
       31245000	      3123	80001328	03214263	blt	x2,x18,8000134c	  x2:0xffffff80 x18:0x00000000
       31255000	      3124	00000000	00000013	addi	x0,x0,0	  x0:0x00000000
       31265000	      3125	80001348	00000013	addi	x0,x0,0	  x0:0x00000000
       31275000	      3126	8000134c	0133b4b3	sltu	x9,x7,x19	  x7:0x00000001 x19:0xffffffd9  x9=0x00000001
       31285000	      3127	80001350	68f50193	addi	x3,x10,1679	 x10:0x7800a9c0  x3=0x7800b04f
       31295000	      3128	80001354	c16dd4b7	lui	x9,0xc16dd	  x9=0xc16dd000
       31305000	      3129	80001358	010cb633	sltu	x12,x25,x16	 x25:0x00002000 x16:0x80009fc4 x12=0x00000001
       31315000	      3130	8000135c	0803ef93	ori	x31,x7,128	  x7:0x00000001 x31=0x00000081
       31325000	      3131	80001360	ae8a4293	xori	x5,x20,-1304	 x20:0xffffff47  x5=0x000005af
       31335000	      3132	80001364	0549e463	bltu	x19,x20,800013ac	 x19:0xffffffd9 x20:0xffffff47
       31345000	      3133	80001368	9626a113	slti	x2,x13,-1694	 x13:0x32022000  x2=0x00000000
       31355000	      3134	8000136c	03291863	bne	x18,x18,8000139c	 x18:0x00000000 x18:0x00000000
       31365000	      3135	80001370	401d5a93	srai	x21,x26,0x1	 x26:0x10000000 x21=0x08000000
       31375000	      3136	80001374	e7ca7693	andi	x13,x20,-388	 x20:0xffffff47 x13=0xfffffe44
       31385000	      3137	80001378	5ee32c93	slti	x25,x6,1518	  x6:0xffffff80 x25=0x00000001
       31395000	      3138	8000137c	01507463	bgeu	x0,x21,80001384	  x0:0x00000000 x21:0x08000000
       31405000	      3139	80001380	03eb6063	bltu	x22,x30,800013a0	 x22:0x00000001 x30:0xffffff81
       31415000	      3140	00000000	00000013	addi	x0,x0,0	  x0:0x00000000
       31425000	      3141	8000139c	00000013	addi	x0,x0,0	  x0:0x00000000
       31435000	      3142	800013a0	707c3393	sltiu	x7,x24,1799	 x24:0x80000ee4  x7=0x00000000
       31445000	      3143	800013a4	01ac6463	bltu	x24,x26,800013ac	 x24:0x80000ee4 x26:0x10000000
       31455000	      3144	800013a8	ad74d4b7	lui	x9,0xad74d	  x9=0xad74d000
       31465000	      3145	800013ac	01cb26b3	slt	x13,x22,x28	 x22:0x00000001 x28:0x00000207 x13=0x00000001
       31475000	      3146	800013b0	013a7463	bgeu	x20,x19,800013b8	 x20:0xffffff47 x19:0xffffffd9
       31485000	      3147	800013b4	001e35b3	sltu	x11,x28,x1	 x28:0x00000207  x1:0x80000f24 x11=0x00000001
       31495000	      3148	800013b8	518f3c93	sltiu	x25,x30,1304	 x30:0xffffff81 x25=0x00000000
       31505000	      3149	800013bc	00cee1b3	or	x3,x29,x12	 x29:0x00000001 x12:0x00000001  x3=0x00000001
       31515000	      3150	800013c0	3630b713	sltiu	x14,x1,867	  x1:0x80000f24 x14=0x00000000
       31525000	      3151	800013c4	45977013	andi	x0,x14,1113	 x14:0x00000000
       31535000	      3152	800013c8	04a57263	bgeu	x10,x10,8000140c	 x10:0x7800a9c0 x10:0x7800a9c0
       31545000	      3153	00000000	00000013	addi	x0,x0,0	  x0:0x00000000
       31555000	      3154	80001408	00000013	addi	x0,x0,0	  x0:0x00000000
       31565000	      3155	8000140c	043c6063	bltu	x24,x3,8000144c	 x24:0x80000ee4  x3:0x00000001
       31575000	      3156	80001410	40a5d993	srai	x19,x11,0xa	 x11:0x00000001 x19=0x00000000
       31585000	      3157	80001414	02014263	blt	x2,x0,80001438	  x2:0x00000000  x0:0x00000000
       31595000	      3158	80001418	1e2e0f13	addi	x30,x28,482	 x28:0x00000207 x30=0x000003e9
       31605000	      3159	8000141c	0108c933	xor	x18,x17,x16	 x17:0x80000000 x16:0x80009fc4 x18=0x00009fc4
       31615000	      3160	80001420	41e2d9b3	sra	x19,x5,x30	  x5:0x000005af x30:0x000003e9 x19=0x00000002
       31625000	      3161	80001424	c42b0197	auipc	x3,0xc42b0	  x3=0x442b1420
       31635000	      3162	80001428	01d48463	beq	x9,x29,80001430	  x9:0xad74d000 x29:0x00000001
       31645000	      3163	8000142c	03459a63	bne	x11,x20,80001460	 x11:0x00000001 x20:0xffffff47
       31655000	      3164	00000000	00000013	addi	x0,x0,0	  x0:0x00000000
       31665000	      3165	8000145c	00000013	addi	x0,x0,0	  x0:0x00000000
       31675000	      3166	80001460	b0e7bf93	sltiu	x31,x15,-1266	 x15:0x80009f84 x31=0x00000001
       31685000	      3167	80001464	fdff2c37	lui	x24,0xfdff2	 x24=0xfdff2000
       31695000	      3168	80001468	1527e913	ori	x18,x15,338	 x15:0x80009f84 x18=0x80009fd6
       31705000	      3169	8000146c	00400863	beq	x0,x4,8000147c	  x0:0x00000000  x4:0x100006a4
       31715000	      3170	80001470	0468f463	bgeu	x17,x6,800014b8	 x17:0x80000000  x6:0xffffff80
       31725000	      3171	80001474	02faee63	bltu	x21,x15,800014b0	 x21:0x08000000 x15:0x80009f84
       31735000	      3172	00000000	00000013	addi	x0,x0,0	  x0:0x00000000
       31745000	      3173	800014ac	00000013	addi	x0,x0,0	  x0:0x00000000
       31755000	      3174	800014b0	41cb50b3	sra	x1,x22,x28	 x22:0x00000001 x28:0x00000207  x1=0x00000000
       31765000	      3175	800014b4	01d4d433	srl	x8,x9,x29	  x9:0xad74d000 x29:0x00000001  x8=0x56ba6800
       31775000	      3176	800014b8	01f3e463	bltu	x7,x31,800014c0	  x7:0x00000000 x31:0x00000001
       31785000	      3177	00000000	00000013	addi	x0,x0,0	  x0:0x00000000
       31795000	      3178	800014bc	00000013	addi	x0,x0,0	  x0:0x00000000
       31805000	      3179	800014c0	00000013	addi	x0,x0,0	  x0:0x00000000
       31815000	      3180	800014c4	4083dc33	sra	x24,x7,x8	  x7:0x00000000  x8:0x56ba6800 x24=0x00000000
       31825000	      3181	800014c8	402ed113	srai	x2,x29,0x2	 x29:0x00000001  x2=0x00000000
       31835000	      3182	800014cc	01324033	xor	x0,x4,x19	  x4:0x100006a4 x19:0x00000002
       31845000	      3183	800014d0	0236e063	bltu	x13,x3,800014f0	 x13:0x00000001  x3:0x442b1420
       31855000	      3184	00000000	00000013	addi	x0,x0,0	  x0:0x00000000
       31865000	      3185	800014ec	00000013	addi	x0,x0,0	  x0:0x00000000
       31875000	      3186	800014f0	03401263	bne	x0,x20,80001514	  x0:0x00000000 x20:0xffffff47
       31885000	      3187	00000000	00000013	addi	x0,x0,0	  x0:0x00000000
       31895000	      3188	80001510	00000013	addi	x0,x0,0	  x0:0x00000000
       31905000	      3189	80001514	0370e663	bltu	x1,x23,80001540	  x1:0x00000000 x23:0x00000000
       31915000	      3190	80001518	00488133	add	x2,x17,x4	 x17:0x80000000  x4:0x100006a4  x2=0x900006a4
       31925000	      3191	8000151c	41c8de13	srai	x28,x17,0x1c	 x17:0x80000000 x28=0xfffffff8
       31935000	      3192	80001520	048ac863	blt	x21,x8,80001570	 x21:0x08000000  x8:0x56ba6800
       31945000	      3193	00000000	00000013	addi	x0,x0,0	  x0:0x00000000
       31955000	      3194	8000156c	00000013	addi	x0,x0,0	  x0:0x00000000
       31965000	      3195	80001570	00228133	add	x2,x5,x2	  x5:0x000005af  x2:0x900006a4  x2=0x90000c53
       31975000	      3196	80001574	40445293	srai	x5,x8,0x4	  x8:0x56ba6800  x5=0x056ba680
       31985000	      3197	80001578	2c11ef17	auipc	x30,0x2c11e	 x30=0xac11f574
       31995000	      3198	8000157c	cac9bcb7	lui	x25,0xcac9b	 x25=0xcac9b000
       32005000	      3199	80001580	024a0c63	beq	x20,x4,800015b8	 x20:0xffffff47  x4:0x100006a4
       32015000	      3200	80001584	04d36063	bltu	x6,x13,800015c4	  x6:0xffffff80 x13:0x00000001
       32025000	      3201	80001588	04e38263	beq	x7,x14,800015cc	  x7:0x00000000 x14:0x00000000
       32035000	      3202	00000000	00000013	addi	x0,x0,0	  x0:0x00000000
       32045000	      3203	800015c8	00000013	addi	x0,x0,0	  x0:0x00000000
       32055000	      3204	800015cc	00015b33	srl	x22,x2,x0	  x2:0x90000c53  x0:0x00000000 x22=0x90000c53
       32065000	      3205	800015d0	41c3d413	srai	x8,x7,0x1c	  x7:0x00000000  x8=0x00000000
       32075000	      3206	800015d4	41e15713	srai	x14,x2,0x1e	  x2:0x90000c53 x14=0xfffffffe
       32085000	      3207	800015d8	4599e013	ori	x0,x19,1113	 x19:0x00000002
       32095000	      3208	800015dc	41a9de13	srai	x28,x19,0x1a	 x19:0x00000002 x28=0x00000000
       32105000	      3209	800015e0	00745733	srl	x14,x8,x7	  x8:0x00000000  x7:0x00000000 x14=0x00000000
       32115000	      3210	800015e4	41ce5513	srai	x10,x28,0x1c	 x28:0x00000000 x10=0x00000000
       32125000	      3211	800015e8	2053bb93	sltiu	x23,x7,517	  x7:0x00000000 x23=0x00000001
       32135000	      3212	800015ec	01138c33	add	x24,x7,x17	  x7:0x00000000 x17:0x80000000 x24=0x80000000
       32145000	      3213	800015f0	00fd5463	bge	x26,x15,800015f8	 x26:0x10000000 x15:0x80009f84
       32155000	      3214	00000000	00000013	addi	x0,x0,0	  x0:0x00000000
       32165000	      3215	800015f4	00000013	addi	x0,x0,0	  x0:0x00000000
       32175000	      3216	800015f8	41c28cb3	sub	x25,x5,x28	  x5:0x056ba680 x28:0x00000000 x25=0x056ba680
       32185000	      3217	800015fc	405e5693	srai	x13,x28,0x5	 x28:0x00000000 x13=0x00000000
       32195000	      3218	80001600	039e5063	bge	x28,x25,80001620	 x28:0x00000000 x25:0x056ba680
       32205000	      3219	80001604	02938263	beq	x7,x9,80001628	  x7:0x00000000  x9:0xad74d000
       32215000	      3220	80001608	04ae6063	bltu	x28,x10,80001648	 x28:0x00000000 x10:0x00000000
       32225000	      3221	8000160c	006e70b3	and	x1,x28,x6	 x28:0x00000000  x6:0xffffff80  x1=0x00000000
       32235000	      3222	80001610	01f81e33	sll	x28,x16,x31	 x16:0x80009fc4 x31:0x00000001 x28=0x00013f88
       32245000	      3223	80001614	64b17913	andi	x18,x2,1611	  x2:0x90000c53 x18=0x00000443
       32255000	      3224	80001618	366da097	auipc	x1,0x366da	  x1=0xb66db614
       32265000	      3225	8000161c	02346263	bltu	x8,x3,80001640	  x8:0x00000000  x3:0x442b1420
       32275000	      3226	00000000	00000013	addi	x0,x0,0	  x0:0x00000000
       32285000	      3227	8000163c	00000013	addi	x0,x0,0	  x0:0x00000000
       32295000	      3228	80001640	01af1393	slli	x7,x30,0x1a	 x30:0xac11f574  x7=0xd0000000
       32305000	      3229	80001644	6390c293	xori	x5,x1,1593	  x1:0xb66db614  x5=0xb66db02d
       32315000	      3230	80001648	3ff53513	sltiu	x10,x10,1023	 x10:0x00000000 x10=0x00000001
       32325000	      3231	8000164c	000a32b3	sltu	x5,x20,x0	 x20:0xffffff47  x0:0x00000000  x5=0x00000000
       32335000	      3232	80001650	f44f6913	ori	x18,x30,-188	 x30:0xac11f574 x18=0xffffff74
       32345000	      3233	80001654	0164dc13	srli	x24,x9,0x16	  x9:0xad74d000 x24=0x000002b5
       32355000	      3234	80001658	003f6463	bltu	x30,x3,80001660	 x30:0xac11f574  x3:0x442b1420
       32365000	      3235	8000165c	00299e93	slli	x29,x19,0x2	 x19:0x00000002 x29=0x00000008
       32375000	      3236	80001660	01c25e33	srl	x28,x4,x28	  x4:0x100006a4 x28:0x00013f88 x28=0x00100006
       32385000	      3237	80001664	004ac863	blt	x21,x4,80001674	 x21:0x08000000  x4:0x100006a4
       32395000	      3238	00000000	00000013	addi	x0,x0,0	  x0:0x00000000
       32405000	      3239	80001670	00000013	addi	x0,x0,0	  x0:0x00000000
       32415000	      3240	80001674	92ba6c93	ori	x25,x20,-1749	 x20:0xffffff47 x25=0xffffff6f
       32425000	      3241	80001678	03c61263	bne	x12,x28,8000169c	 x12:0x00000001 x28:0x00100006
       32435000	      3242	00000000	00000013	addi	x0,x0,0	  x0:0x00000000
       32445000	      3243	80001698	00000013	addi	x0,x0,0	  x0:0x00000000
       32455000	      3244	8000169c	004ba0b3	slt	x1,x23,x4	 x23:0x00000001  x4:0x100006a4  x1=0x00000001
       32465000	      3245	800016a0	00000013	addi	x0,x0,0	  x0:0x00000000
       32475000	      3246	800016a4	3ca52593	slti	x11,x10,970	 x10:0x00000001 x11=0x00000001
       32485000	      3247	800016a8	00295913	srli	x18,x18,0x2	 x18:0xffffff74 x18=0x3fffffdd
       32495000	      3248	800016ac	003dd493	srli	x9,x27,0x3	 x27:0x54437000  x9=0x0a886e00
       32505000	      3249	800016b0	05608863	beq	x1,x22,80001700	  x1:0x00000001 x22:0x90000c53
       32515000	      3250	800016b4	41708233	sub	x4,x1,x23	  x1:0x00000001 x23:0x00000001  x4=0x00000000
       32525000	      3251	800016b8	012fb133	sltu	x2,x31,x18	 x31:0x00000001 x18:0x3fffffdd  x2=0x00000001
       32535000	      3252	800016bc	0340fc63	bgeu	x1,x20,800016f4	  x1:0x00000001 x20:0xffffff47
       32545000	      3253	800016c0	40285e13	srai	x28,x16,0x2	 x16:0x80009fc4 x28=0xe00027f1
       32555000	      3254	800016c4	011e7263	bgeu	x28,x17,800016c8	 x28:0xe00027f1 x17:0x80000000
       32565000	      3255	00000000	00000013	addi	x0,x0,0	  x0:0x00000000
       32575000	      3256	800016c4	00000013	addi	x0,x0,0	  x0:0x00000000
       32585000	      3257	800016c8	00325013	srli	x0,x4,0x3	  x4:0x00000000
       32595000	      3258	800016cc	00000013	addi	x0,x0,0	  x0:0x00000000
       32605000	      3259	800016d0	0057e463	bltu	x15,x5,800016d8	 x15:0x80009f84  x5:0x00000000
       32615000	      3260	800016d4	2f1b8e93	addi	x29,x23,753	 x23:0x00000001 x29=0x000002f2
       32625000	      3261	800016d8	00787ab3	and	x21,x16,x7	 x16:0x80009fc4  x7:0xd0000000 x21=0x80000000
       32635000	      3262	800016dc	74292e97	auipc	x29,0x74292	 x29=0xf42936d8
       32645000	      3263	800016e0	41500bb3	sub	x23,x0,x21	  x0:0x00000000 x21:0x80000000 x23=0x80000000
       32655000	      3264	800016e4	018a1433	sll	x8,x20,x24	 x20:0xffffff47 x24:0x000002b5  x8=0xe8e00000
       32665000	      3265	800016e8	2ce45fb7	lui	x31,0x2ce45	 x31=0x2ce45000
       32675000	      3266	800016ec	05bef463	bgeu	x29,x27,80001734	 x29:0xf42936d8 x27:0x54437000
       32685000	      3267	00000000	00000013	addi	x0,x0,0	  x0:0x00000000
       32695000	      3268	80001730	00000013	addi	x0,x0,0	  x0:0x00000000
       32705000	      3269	80001734	412080b3	sub	x1,x1,x18	  x1:0x00000001 x18:0x3fffffdd  x1=0xc0000024
       32715000	      3270	80001738	f0d9ef97	auipc	x31,0xf0d9e	 x31=0x70d9f734
       32725000	      3271	8000173c	43dd0b93	addi	x23,x26,1085	 x26:0x10000000 x23=0x1000043d
       32735000	      3272	80001740	00058433	add	x8,x11,x0	 x11:0x00000001  x0:0x00000000  x8=0x00000001
       32745000	      3273	80001744	0039c863	blt	x19,x3,80001754	 x19:0x00000002  x3:0x442b1420
       32755000	      3274	00000000	00000013	addi	x0,x0,0	  x0:0x00000000
       32765000	      3275	80001750	00000013	addi	x0,x0,0	  x0:0x00000000
       32775000	      3276	80001754	b77e7b93	andi	x23,x28,-1161	 x28:0xe00027f1 x23=0xe0002371
       32785000	      3277	80001758	0428e063	bltu	x17,x2,80001798	 x17:0x80000000  x2:0x00000001
       32795000	      3278	8000175c	00aa4133	xor	x2,x20,x10	 x20:0xffffff47 x10:0x00000001  x2=0xffffff46
       32805000	      3279	80001760	01360863	beq	x12,x19,80001770	 x12:0x00000001 x19:0x00000002
       32815000	      3280	80001764	415ddeb3	sra	x29,x27,x21	 x27:0x54437000 x21:0x80000000 x29=0x54437000
       32825000	      3281	80001768	00000013	addi	x0,x0,0	  x0:0x00000000
       32835000	      3282	8000176c	a84c6693	ori	x13,x24,-1404	 x24:0x000002b5 x13=0xfffffab5
       32845000	      3283	80001770	011d3133	sltu	x2,x26,x17	 x26:0x10000000 x17:0x80000000  x2=0x00000001
       32855000	      3284	80001774	01ccc3b3	xor	x7,x25,x28	 x25:0xffffff6f x28:0xe00027f1  x7=0x1fffd89e
       32865000	      3285	80001778	01e7dc33	srl	x24,x15,x30	 x15:0x80009f84 x30:0xac11f574 x24=0x00000800
       32875000	      3286	8000177c	dd26a613	slti	x12,x13,-558	 x13:0xfffffab5 x12=0x00000001
       32885000	      3287	80001780	03728063	beq	x5,x23,800017a0	  x5:0x00000000 x23:0xe0002371
       32895000	      3288	80001784	01dcd493	srli	x9,x25,0x1d	 x25:0xffffff6f  x9=0x00000007
       32905000	      3289	80001788	008db3b3	sltu	x7,x27,x8	 x27:0x54437000  x8:0x00000001  x7=0x00000000
       32915000	      3290	8000178c	00000013	addi	x0,x0,0	  x0:0x00000000
       32925000	      3291	80001790	001bd2b3	srl	x5,x23,x1	 x23:0xe0002371  x1:0xc0000024  x5=0x0e000237
       32935000	      3292	80001794	00000013	addi	x0,x0,0	  x0:0x00000000
       32945000	      3293	80001798	01e15193	srli	x3,x2,0x1e	  x2:0x00000001  x3=0x00000000
       32955000	      3294	8000179c	728c7f13	andi	x30,x24,1832	 x24:0x00000800 x30=0x00000000
       32965000	      3295	800017a0	c1f5a413	slti	x8,x11,-993	 x11:0x00000001  x8=0x00000000
       32975000	      3296	800017a4	01797863	bgeu	x18,x23,800017b4	 x18:0x3fffffdd x23:0xe0002371
       32985000	      3297	800017a8	02ed6c63	bltu	x26,x14,800017e0	 x26:0x10000000 x14:0x00000000
       32995000	      3298	800017ac	00a2ee33	or	x28,x5,x10	  x5:0x0e000237 x10:0x00000001 x28=0x0e000237
       33005000	      3299	800017b0	00000013	addi	x0,x0,0	  x0:0x00000000
       33015000	      3300	800017b4	40510e33	sub	x28,x2,x5	  x2:0x00000001  x5:0x0e000237 x28=0xf1fffdca
       33025000	      3301	800017b8	3a40b613	sltiu	x12,x1,932	  x1:0xc0000024 x12=0x00000000
       33035000	      3302	800017bc	002d5593	srli	x11,x26,0x2	 x26:0x10000000 x11=0x04000000
       33045000	      3303	800017c0	94583013	sltiu	x0,x16,-1723	 x16:0x80009fc4
       33055000	      3304	800017c4	00efd463	bge	x31,x14,800017cc	 x31:0x70d9f734 x14:0x00000000
       33065000	      3305	00000000	00000013	addi	x0,x0,0	  x0:0x00000000
       33075000	      3306	800017c8	00000013	addi	x0,x0,0	  x0:0x00000000
       33085000	      3307	800017cc	0043da13	srli	x20,x7,0x4	  x7:0x00000000 x20=0x00000000
       33095000	      3308	800017d0	41b0de33	sra	x28,x1,x27	  x1:0xc0000024 x27:0x54437000 x28=0xc0000024
       33105000	      3309	800017d4	01a6e9b3	or	x19,x13,x26	 x13:0xfffffab5 x26:0x10000000 x19=0xfffffab5
       33115000	      3310	800017d8	01d4cab3	xor	x21,x9,x29	  x9:0x00000007 x29:0x54437000 x21=0x54437007
       33125000	      3311	800017dc	01a475b3	and	x11,x8,x26	  x8:0x00000000 x26:0x10000000 x11=0x00000000
       33135000	      3312	800017e0	02217063	bgeu	x2,x2,80001800	  x2:0x00000001  x2:0x00000001
       33145000	      3313	00000000	00000013	addi	x0,x0,0	  x0:0x00000000
       33155000	      3314	800017fc	00000013	addi	x0,x0,0	  x0:0x00000000
       33165000	      3315	80001800	0109f263	bgeu	x19,x16,80001804	 x19:0xfffffab5 x16:0x80009fc4
       33175000	      3316	00000000	00000013	addi	x0,x0,0	  x0:0x00000000
       33185000	      3317	80001800	00000013	addi	x0,x0,0	  x0:0x00000000
       33195000	      3318	80001804	410edc13	srai	x24,x29,0x10	 x29:0x54437000 x24=0x00005443
       33205000	      3319	80001808	01a9db33	srl	x22,x19,x26	 x19:0xfffffab5 x26:0x10000000 x22=0xfffffab5
       33215000	      3320	8000180c	031c9c63	bne	x25,x17,80001844	 x25:0xffffff6f x17:0x80000000
       33225000	      3321	00000000	00000013	addi	x0,x0,0	  x0:0x00000000
       33235000	      3322	80001840	00000013	addi	x0,x0,0	  x0:0x00000000
       33245000	      3323	80001844	ada1f493	andi	x9,x3,-1318	  x3:0x00000000  x9=0x00000000
       33255000	      3324	80001848	00cf2f33	slt	x30,x30,x12	 x30:0x00000000 x12:0x00000000 x30=0x00000000
       33265000	      3325	8000184c	00284863	blt	x16,x2,8000185c	 x16:0x80009fc4  x2:0x00000001
       33275000	      3326	00000000	00000013	addi	x0,x0,0	  x0:0x00000000
       33285000	      3327	80001858	00000013	addi	x0,x0,0	  x0:0x00000000
       33295000	      3328	8000185c	412cde33	sra	x28,x25,x18	 x25:0xffffff6f x18:0x3fffffdd x28=0xffffffff
       33305000	      3329	80001860	05f30263	beq	x6,x31,800018a4	  x6:0xffffff80 x31:0x70d9f734
       33315000	      3330	80001864	05436463	bltu	x6,x20,800018ac	  x6:0xffffff80 x20:0x00000000
       33325000	      3331	80001868	5e6cb013	sltiu	x0,x25,1510	 x25:0xffffff6f
       33335000	      3332	8000186c	02ebc663	blt	x23,x14,80001898	 x23:0xe0002371 x14:0x00000000
       33345000	      3333	00000000	00000013	addi	x0,x0,0	  x0:0x00000000
       33355000	      3334	80001894	00000013	addi	x0,x0,0	  x0:0x00000000
       33365000	      3335	80001898	00ac5cb3	srl	x25,x24,x10	 x24:0x00005443 x10:0x00000001 x25=0x00002a21
       33375000	      3336	8000189c	d2f27193	andi	x3,x4,-721	  x4:0x00000000  x3=0x00000000
       33385000	      3337	800018a0	01e61863	bne	x12,x30,800018b0	 x12:0x00000000 x30:0x00000000
       33395000	      3338	800018a4	007a2033	slt	x0,x20,x7	 x20:0x00000000  x7:0x00000000
       33405000	      3339	800018a8	b9939117	auipc	x2,0xb9939	  x2=0x3993a8a4
       33415000	      3340	800018ac	c2efcf13	xori	x30,x31,-978	 x31:0x70d9f734 x30=0x8f260b1a
       33425000	      3341	800018b0	018f9493	slli	x9,x31,0x18	 x31:0x70d9f734  x9=0x34000000
       33435000	      3342	800018b4	00000897	auipc	x17,0x0	 x17=0x800018b0
       33445000	      3343	800018b8	00c88893	addi	x17,x17,12	 x17:0x800018b0 x17=0x800018bc
       33455000	      3344	800018bc	00088067	jalr	x0,x17,0	 x17:0x800018bc
       33465000	      3345	00000000	00000013	addi	x0,x0,0	  x0:0x00000000
       33475000	      3346	800018bc	00000013	addi	x0,x0,0	  x0:0x00000000
       33485000	      3347	800018c0	00100193	addi	x3,x0,1	  x0:0x00000000  x3=0x00000001
       33495000	      3348	800018c4	00000073	ecall	
       33505000	      3349	800018c8	00e10663	beq	x2,x14,800018d4	  x2:0x3993a8a4 x14:0x00000000
