		Time			Cycle	PC		Insn	Decoded instruction	Register and memory contents
          65000	         5	80000004	00000293	addi	x5,x0,0	  x0:0x00000000  x5=0x00000000
          75000	         6	80000008	00000313	addi	x6,x0,0	  x0:0x00000000  x6=0x00000000
          85000	         7	8000000c	00628263	beq	x5,x6,80000010	  x5:0x00000000  x6:0x00000000
          95000	         8	00000000	00000013	addi	x0,x0,0	  x0:0x00000000
         105000	         9	8000000c	00000013	addi	x0,x0,0	  x0:0x00000000
         115000	        10	80000010	00000e97	auipc	x29,0x0	 x29=0x8000000c
         125000	        11	80000014	00ce8e93	addi	x29,x29,12	 x29:0x8000000c x29=0x80000018
         135000	        12	80000018	000e8067	jalr	x0,x29,0	 x29:0x80000018
         145000	        13	00000000	00000013	addi	x0,x0,0	  x0:0x00000000
         155000	        14	80000018	00000013	addi	x0,x0,0	  x0:0x00000000
         165000	        15	8000001c	40000fb7	lui	x31,0x40000	 x31=0x40000000
         175000	        16	80000020	100f8f93	addi	x31,x31,256	 x31:0x40000000 x31=0x40000100
         185000	        17	80000024	00000013	addi	x0,x0,0	  x0:0x00000000
         195000	        18	80000028	0000a817	auipc	x16,0xa	 x16=0x8000a024
         205000	        19	8000002c	fa080813	addi	x16,x16,-96	 x16:0x8000a024 x16=0x80009fc4
         215000	        20	80000030	00005f97	auipc	x31,0x5	 x31=0x8000502c
         225000	        21	80000034	e44f8f93	addi	x31,x31,-444	 x31:0x8000502c x31=0x80004e70
         235000	        22	80000038	001fef93	ori	x31,x31,1	 x31:0x80004e70 x31=0x80004e71
         245000	        23	8000003c	00000013	addi	x0,x0,0	  x0:0x00000000
         255000	        24	80000040	00000f97	auipc	x31,0x0	 x31=0x8000003c
         265000	        25	80000044	020f8f93	addi	x31,x31,32	 x31:0x8000003c x31=0x8000005c
         275000	        26	80000048	00000013	addi	x0,x0,0	  x0:0x00000000
         285000	        27	8000004c	00000013	addi	x0,x0,0	  x0:0x00000000
         295000	        28	80000050	00002fb7	lui	x31,0x2	 x31=0x00002000
         305000	        29	80000054	800f8f93	addi	x31,x31,-2048	 x31:0x00002000 x31=0x00001800
         315000	        30	80000058	00000013	addi	x0,x0,0	  x0:0x00000000
         325000	        31	8000005c	00000013	addi	x0,x0,0	  x0:0x00000000
         335000	        32	80000060	0eaa2037	lui	x0,0xeaa2	
         345000	        33	80000064	e3e00013	addi	x0,x0,-450	  x0:0x00000000
         355000	        34	80000068	f687c0b7	lui	x1,0xf687c	  x1=0xf687c000
         365000	        35	8000006c	73808093	addi	x1,x1,1848	  x1:0xf687c000  x1=0xf687c738
         375000	        36	80000070	00000113	addi	x2,x0,0	  x0:0x00000000  x2=0x00000000
         385000	        37	80000074	800001b7	lui	x3,0x80000	  x3=0x80000000
         395000	        38	80000078	00800213	addi	x4,x0,8	  x0:0x00000000  x4=0x00000008
         405000	        39	8000007c	f03ad337	lui	x6,0xf03ad	  x6=0xf03ad000
         415000	        40	80000080	bb930313	addi	x6,x6,-1095	  x6:0xf03ad000  x6=0xf03acbb9
         425000	        41	80000084	00000393	addi	x7,x0,0	  x0:0x00000000  x7=0x00000000
         435000	        42	80000088	00300413	addi	x8,x0,3	  x0:0x00000000  x8=0x00000003
         445000	        43	8000008c	fcdbd4b7	lui	x9,0xfcdbd	  x9=0xfcdbd000
         455000	        44	80000090	68748493	addi	x9,x9,1671	  x9:0xfcdbd000  x9=0xfcdbd687
         465000	        45	80000094	00900513	addi	x10,x0,9	  x0:0x00000000 x10=0x00000009
         475000	        46	80000098	00200593	addi	x11,x0,2	  x0:0x00000000 x11=0x00000002
         485000	        47	8000009c	fda64637	lui	x12,0xfda64	 x12=0xfda64000
         495000	        48	800000a0	a2c60613	addi	x12,x12,-1492	 x12:0xfda64000 x12=0xfda63a2c
         505000	        49	800000a4	00f00693	addi	x13,x0,15	  x0:0x00000000 x13=0x0000000f
         515000	        50	800000a8	21a0b737	lui	x14,0x21a0b	 x14=0x21a0b000
         525000	        51	800000ac	c0d70713	addi	x14,x14,-1011	 x14:0x21a0b000 x14=0x21a0ac0d
         535000	        52	800000b0	faf987b7	lui	x15,0xfaf98	 x15=0xfaf98000
         545000	        53	800000b4	fc378793	addi	x15,x15,-61	 x15:0xfaf98000 x15=0xfaf97fc3
         555000	        54	800000b8	800008b7	lui	x17,0x80000	 x17=0x80000000
         565000	        55	800000bc	d34d2937	lui	x18,0xd34d2	 x18=0xd34d2000
         575000	        56	800000c0	48f90913	addi	x18,x18,1167	 x18:0xd34d2000 x18=0xd34d248f
         585000	        57	800000c4	a13019b7	lui	x19,0xa1301	 x19=0xa1301000
         595000	        58	800000c8	4e198993	addi	x19,x19,1249	 x19:0xa1301000 x19=0xa13014e1
         605000	        59	800000cc	fc82ba37	lui	x20,0xfc82b	 x20=0xfc82b000
         615000	        60	800000d0	135a0a13	addi	x20,x20,309	 x20:0xfc82b000 x20=0xfc82b135
         625000	        61	800000d4	00000a93	addi	x21,x0,0	  x0:0x00000000 x21=0x00000000
         635000	        62	800000d8	00000b13	addi	x22,x0,0	  x0:0x00000000 x22=0x00000000
         645000	        63	800000dc	fc923bb7	lui	x23,0xfc923	 x23=0xfc923000
         655000	        64	800000e0	26cb8b93	addi	x23,x23,620	 x23:0xfc923000 x23=0xfc92326c
         665000	        65	800000e4	5809cc37	lui	x24,0x5809c	 x24=0x5809c000
         675000	        66	800000e8	0fdc0c13	addi	x24,x24,253	 x24:0x5809c000 x24=0x5809c0fd
         685000	        67	800000ec	00f00c93	addi	x25,x0,15	  x0:0x00000000 x25=0x0000000f
         695000	        68	800000f0	80000d37	lui	x26,0x80000	 x26=0x80000000
         705000	        69	800000f4	00b00d93	addi	x27,x0,11	  x0:0x00000000 x27=0x0000000b
         715000	        70	800000f8	fdcc7e37	lui	x28,0xfdcc7	 x28=0xfdcc7000
         725000	        71	800000fc	b67e0e13	addi	x28,x28,-1177	 x28:0xfdcc7000 x28=0xfdcc6b67
         735000	        72	80000100	ce386eb7	lui	x29,0xce386	 x29=0xce386000
         745000	        73	80000104	bf0e8e93	addi	x29,x29,-1040	 x29:0xce386000 x29=0xce385bf0
         755000	        74	80000108	00e00f13	addi	x30,x0,14	  x0:0x00000000 x30=0x0000000e
         765000	        75	8000010c	00700f93	addi	x31,x0,7	  x0:0x00000000 x31=0x00000007
         775000	        76	80000110	0000a297	auipc	x5,0xa	  x5=0x8000a10c
         785000	        77	80000114	e7828293	addi	x5,x5,-392	  x5:0x8000a10c  x5=0x80009f84
         795000	        78	80000118	004000ef	jal	x1,80000118	  x1=0x80000118
         805000	        79	00000000	00000013	addi	x0,x0,0	  x0:0x00000000
         815000	        80	80000118	00000013	addi	x0,x0,0	  x0:0x00000000
         825000	        81	8000011c	02c000ef	jal	x1,8000011c	  x1=0x8000011c
         835000	        82	00000000	00000013	addi	x0,x0,0	  x0:0x00000000
         845000	        83	80000144	00000013	addi	x0,x0,0	  x0:0x00000000
         855000	        84	80000148	ff1ff0ef	jal	x1,80000148	  x1=0x80000148
         865000	        85	00000000	00000013	addi	x0,x0,0	  x0:0x00000000
         875000	        86	80000134	00000013	addi	x0,x0,0	  x0:0x00000000
         885000	        87	80000138	ffdff36f	jal	x6,80000138	  x6=0x80000138
         895000	        88	00000000	00000013	addi	x0,x0,0	  x0:0x00000000
         905000	        89	80000130	00000013	addi	x0,x0,0	  x0:0x00000000
         915000	        90	80000134	ffdff0ef	jal	x1,80000134	  x1=0x80000134
         925000	        91	00000000	00000013	addi	x0,x0,0	  x0:0x00000000
         935000	        92	8000012c	00000013	addi	x0,x0,0	  x0:0x00000000
         945000	        93	80000130	ff9ff0ef	jal	x1,80000130	  x1=0x80000130
         955000	        94	00000000	00000013	addi	x0,x0,0	  x0:0x00000000
         965000	        95	80000124	00000013	addi	x0,x0,0	  x0:0x00000000
         975000	        96	80000128	004000ef	jal	x1,80000128	  x1=0x80000128
         985000	        97	00000000	00000013	addi	x0,x0,0	  x0:0x00000000
         995000	        98	80000128	00000013	addi	x0,x0,0	  x0:0x00000000
        1005000	        99	8000012c	0100026f	jal	x4,8000012c	  x4=0x8000012c
        1015000	       100	00000000	00000013	addi	x0,x0,0	  x0:0x00000000
        1025000	       101	80000138	00000013	addi	x0,x0,0	  x0:0x00000000
        1035000	       102	8000013c	fe5ff0ef	jal	x1,8000013c	  x1=0x8000013c
        1045000	       103	00000000	00000013	addi	x0,x0,0	  x0:0x00000000
        1055000	       104	8000011c	00000013	addi	x0,x0,0	  x0:0x00000000
        1065000	       105	80000120	0200016f	jal	x2,80000120	  x2=0x80000120
        1075000	       106	00000000	00000013	addi	x0,x0,0	  x0:0x00000000
        1085000	       107	8000013c	00000013	addi	x0,x0,0	  x0:0x00000000
        1095000	       108	80000140	fe5ff56f	jal	x10,80000140	 x10=0x80000140
        1105000	       109	00000000	00000013	addi	x0,x0,0	  x0:0x00000000
        1115000	       110	80000120	00000013	addi	x0,x0,0	  x0:0x00000000
        1125000	       111	80000124	020000ef	jal	x1,80000124	  x1=0x80000124
        1135000	       112	00000000	00000013	addi	x0,x0,0	  x0:0x00000000
        1145000	       113	80000140	00000013	addi	x0,x0,0	  x0:0x00000000
        1155000	       114	80000144	008000ef	jal	x1,80000144	  x1=0x80000144
        1165000	       115	00000000	00000013	addi	x0,x0,0	  x0:0x00000000
        1175000	       116	80000148	00000013	addi	x0,x0,0	  x0:0x00000000
        1185000	       117	8000014c	06537893	andi	x17,x6,101	  x6:0x80000138 x17=0x00000020
        1195000	       118	80000150	024000ef	jal	x1,80000150	  x1=0x80000150
        1205000	       119	00000000	00000013	addi	x0,x0,0	  x0:0x00000000
        1215000	       120	80000170	00000013	addi	x0,x0,0	  x0:0x00000000
        1225000	       121	80000174	00400f6f	jal	x30,80000174	 x30=0x80000174
        1235000	       122	00000000	00000013	addi	x0,x0,0	  x0:0x00000000
        1245000	       123	80000174	00000013	addi	x0,x0,0	  x0:0x00000000
        1255000	       124	80000178	fddff0ef	jal	x1,80000178	  x1=0x80000178
        1265000	       125	00000000	00000013	addi	x0,x0,0	  x0:0x00000000
        1275000	       126	80000150	00000013	addi	x0,x0,0	  x0:0x00000000
        1285000	       127	80000154	00c000ef	jal	x1,80000154	  x1=0x80000154
        1295000	       128	00000000	00000013	addi	x0,x0,0	  x0:0x00000000
        1305000	       129	8000015c	00000013	addi	x0,x0,0	  x0:0x00000000
        1315000	       130	80000160	ffdff16f	jal	x2,80000160	  x2=0x80000160
        1325000	       131	00000000	00000013	addi	x0,x0,0	  x0:0x00000000
        1335000	       132	80000158	00000013	addi	x0,x0,0	  x0:0x00000000
        1345000	       133	8000015c	0240036f	jal	x6,8000015c	  x6=0x8000015c
        1355000	       134	00000000	00000013	addi	x0,x0,0	  x0:0x00000000
        1365000	       135	8000017c	00000013	addi	x0,x0,0	  x0:0x00000000
        1375000	       136	80000180	fe5ff0ef	jal	x1,80000180	  x1=0x80000180
        1385000	       137	00000000	00000013	addi	x0,x0,0	  x0:0x00000000
        1395000	       138	80000160	00000013	addi	x0,x0,0	  x0:0x00000000
        1405000	       139	80000164	0080026f	jal	x4,80000164	  x4=0x80000164
        1415000	       140	00000000	00000013	addi	x0,x0,0	  x0:0x00000000
        1425000	       141	80000168	00000013	addi	x0,x0,0	  x0:0x00000000
        1435000	       142	8000016c	01c0036f	jal	x6,8000016c	  x6=0x8000016c
        1445000	       143	00000000	00000013	addi	x0,x0,0	  x0:0x00000000
        1455000	       144	80000184	00000013	addi	x0,x0,0	  x0:0x00000000
        1465000	       145	80000188	fe9ff1ef	jal	x3,80000188	  x3=0x80000188
        1475000	       146	00000000	00000013	addi	x0,x0,0	  x0:0x00000000
        1485000	       147	8000016c	00000013	addi	x0,x0,0	  x0:0x00000000
        1495000	       148	80000170	ff9ff0ef	jal	x1,80000170	  x1=0x80000170
        1505000	       149	00000000	00000013	addi	x0,x0,0	  x0:0x00000000
        1515000	       150	80000164	00000013	addi	x0,x0,0	  x0:0x00000000
        1525000	       151	80000168	01400e6f	jal	x28,80000168	 x28=0x80000168
        1535000	       152	00000000	00000013	addi	x0,x0,0	  x0:0x00000000
        1545000	       153	80000178	00000013	addi	x0,x0,0	  x0:0x00000000
        1555000	       154	8000017c	008000ef	jal	x1,8000017c	  x1=0x8000017c
        1565000	       155	00000000	00000013	addi	x0,x0,0	  x0:0x00000000
        1575000	       156	80000180	00000013	addi	x0,x0,0	  x0:0x00000000
        1585000	       157	80000184	fd5ff36f	jal	x6,80000184	  x6=0x80000184
        1595000	       158	00000000	00000013	addi	x0,x0,0	  x0:0x00000000
        1605000	       159	80000154	00000013	addi	x0,x0,0	  x0:0x00000000
        1615000	       160	80000158	034000ef	jal	x1,80000158	  x1=0x80000158
        1625000	       161	00000000	00000013	addi	x0,x0,0	  x0:0x00000000
        1635000	       162	80000188	00000013	addi	x0,x0,0	  x0:0x00000000
        1645000	       163	8000018c	54e7f993	andi	x19,x15,1358	 x15:0xfaf97fc3 x19=0x00000542
        1655000	       164	80000190	00000013	addi	x0,x0,0	  x0:0x00000000
        1665000	       165	80000194	9f17fc93	andi	x25,x15,-1551	 x15:0xfaf97fc3 x25=0xfaf979c1
        1675000	       166	80000198	00560e63	beq	x12,x5,800001b4	 x12:0xfda63a2c  x5:0x80009f84
        1685000	       167	8000019c	a80350b7	lui	x1,0xa8035	  x1=0xa8035000
        1695000	       168	800001a0	0014e863	bltu	x9,x1,800001b0	  x9:0xfcdbd687  x1:0xa8035000
        1705000	       169	800001a4	014e4a63	blt	x28,x20,800001b8	 x28:0x80000168 x20:0xfc82b135
        1715000	       170	00000000	00000013	addi	x0,x0,0	  x0:0x00000000
        1725000	       171	800001b4	00000013	addi	x0,x0,0	  x0:0x00000000
        1735000	       172	800001b8	02737863	bgeu	x6,x7,800001e8	  x6:0x80000184  x7:0x00000000
        1745000	       173	00000000	00000013	addi	x0,x0,0	  x0:0x00000000
        1755000	       174	800001e4	00000013	addi	x0,x0,0	  x0:0x00000000
        1765000	       175	800001e8	02848063	beq	x9,x8,80000208	  x9:0xfcdbd687  x8:0x00000003
        1775000	       176	800001ec	40d45f13	srai	x30,x8,0xd	  x8:0x00000003 x30=0x00000000
        1785000	       177	800001f0	0019e433	or	x8,x19,x1	 x19:0x00000542  x1:0xa8035000  x8=0xa8035542
        1795000	       178	800001f4	00d88cb3	add	x25,x17,x13	 x17:0x00000020 x13:0x0000000f x25=0x0000002f
        1805000	       179	800001f8	04a11863	bne	x2,x10,80000248	  x2:0x80000160 x10:0x80000140
        1815000	       180	00000000	00000013	addi	x0,x0,0	  x0:0x00000000
        1825000	       181	80000244	00000013	addi	x0,x0,0	  x0:0x00000000
        1835000	       182	80000248	06ceec17	auipc	x24,0x6cee	 x24=0x86cee244
        1845000	       183	8000024c	0024b9b3	sltu	x19,x9,x2	  x9:0xfcdbd687  x2:0x80000160 x19=0x00000000
        1855000	       184	80000250	d7bb6a93	ori	x21,x22,-645	 x22:0x00000000 x21=0xfffffd7b
        1865000	       185	80000254	d0800413	addi	x8,x0,-760	  x0:0x00000000  x8=0xfffffd08
        1875000	       186	80000258	ed708b93	addi	x23,x1,-297	  x1:0xa8035000 x23=0xa8034ed7
        1885000	       187	8000025c	b8513413	sltiu	x8,x2,-1147	  x2:0x80000160  x8=0x00000001
        1895000	       188	80000260	00b4e7b3	or	x15,x9,x11	  x9:0xfcdbd687 x11:0x00000002 x15=0xfcdbd687
        1905000	       189	80000264	02dc6a63	bltu	x24,x13,80000298	 x24:0x86cee244 x13:0x0000000f
        1915000	       190	80000268	d8a1af93	slti	x31,x3,-630	  x3:0x80000188 x31=0x00000001
        1925000	       191	8000026c	67d3b493	sltiu	x9,x7,1661	  x7:0x00000000  x9=0x00000001
        1935000	       192	80000270	b2169197	auipc	x3,0xb2169	  x3=0x3216926c
        1945000	       193	80000274	01488e63	beq	x17,x20,80000290	 x17:0x00000020 x20:0xfc82b135
        1955000	       194	80000278	009413b3	sll	x7,x8,x9	  x8:0x00000001  x9:0x00000001  x7=0x00000002
        1965000	       195	8000027c	01591663	bne	x18,x21,80000288	 x18:0xd34d248f x21:0xfffffd7b
        1975000	       196	00000000	00000013	addi	x0,x0,0	  x0:0x00000000
        1985000	       197	80000284	00000013	addi	x0,x0,0	  x0:0x00000000
        1995000	       198	80000288	413fdfb3	sra	x31,x31,x19	 x31:0x00000001 x19:0x00000000 x31=0x00000001
        2005000	       199	8000028c	0152fe63	bgeu	x5,x21,800002a8	  x5:0x80009f84 x21:0xfffffd7b
        2015000	       200	80000290	13f90393	addi	x7,x18,319	 x18:0xd34d248f  x7=0xd34d25ce
        2025000	       201	80000294	005d1d33	sll	x26,x26,x5	 x26:0x80000000  x5:0x80009f84 x26=0x00000000
        2035000	       202	80000298	0151a0b3	slt	x1,x3,x21	  x3:0x3216926c x21:0xfffffd7b  x1=0x00000000
        2045000	       203	8000029c	07470863	beq	x14,x20,8000030c	 x14:0x21a0ac0d x20:0xfc82b135
        2055000	       204	800002a0	41fe5113	srai	x2,x28,0x1f	 x28:0x80000168  x2=0xffffffff
        2065000	       205	800002a4	dfb3c393	xori	x7,x7,-517	  x7:0xd34d25ce  x7=0x2cb2d835
        2075000	       206	800002a8	013d5fb3	srl	x31,x26,x19	 x26:0x00000000 x19:0x00000000 x31=0x00000000
        2085000	       207	800002ac	aa6ef893	andi	x17,x29,-1370	 x29:0xce385bf0 x17=0xce385aa0
        2095000	       208	800002b0	01be4db3	xor	x27,x28,x27	 x28:0x80000168 x27:0x0000000b x27=0x80000163
        2105000	       209	800002b4	003edd93	srli	x27,x29,0x3	 x29:0xce385bf0 x27=0x19c70b7e
        2115000	       210	800002b8	a5536413	ori	x8,x6,-1451	  x6:0x80000184  x8=0xfffffbd5
        2125000	       211	800002bc	06dd1663	bne	x26,x13,80000328	 x26:0x00000000 x13:0x0000000f
        2135000	       212	00000000	00000013	addi	x0,x0,0	  x0:0x00000000
        2145000	       213	80000324	00000013	addi	x0,x0,0	  x0:0x00000000
        2155000	       214	80000328	6d936593	ori	x11,x6,1753	  x6:0x80000184 x11=0x800007dd
        2165000	       215	8000032c	001927b3	slt	x15,x18,x1	 x18:0xd34d248f  x1:0x00000000 x15=0x00000001
        2175000	       216	80000330	3d644193	xori	x3,x8,982	  x8:0xfffffbd5  x3=0xfffff803
        2185000	       217	80000334	01884fb3	xor	x31,x16,x24	 x16:0x80009fc4 x24:0x86cee244 x31=0x06ce7d80
        2195000	       218	80000338	411f8f33	sub	x30,x31,x17	 x31:0x06ce7d80 x17:0xce385aa0 x30=0x389622e0
        2205000	       219	8000033c	005d7fb3	and	x31,x26,x5	 x26:0x00000000  x5:0x80009f84 x31=0x00000000
        2215000	       220	80000340	1f266037	lui	x0,0x1f266	
        2225000	       221	80000344	0515c663	blt	x11,x17,80000390	 x11:0x800007dd x17:0xce385aa0
        2235000	       222	00000000	00000013	addi	x0,x0,0	  x0:0x00000000
        2245000	       223	8000038c	00000013	addi	x0,x0,0	  x0:0x00000000
        2255000	       224	80000390	00129033	sll	x0,x5,x1	  x5:0x80009f84  x1:0x00000000
        2265000	       225	80000394	01af6333	or	x6,x30,x26	 x30:0x389622e0 x26:0x00000000  x6=0x389622e0
        2275000	       226	80000398	4b27cf13	xori	x30,x15,1202	 x15:0x00000001 x30=0x000004b3
        2285000	       227	8000039c	00ca27b3	slt	x15,x20,x12	 x20:0xfc82b135 x12:0xfda63a2c x15=0x00000001
        2295000	       228	800003a0	76e8f493	andi	x9,x17,1902	 x17:0xce385aa0  x9=0x00000220
        2305000	       229	800003a4	6da98893	addi	x17,x19,1754	 x19:0x00000000 x17=0x000006da
        2315000	       230	800003a8	01dc8663	beq	x25,x29,800003b4	 x25:0x0000002f x29:0xce385bf0
        2325000	       231	800003ac	00399d33	sll	x26,x19,x3	 x19:0x00000000  x3:0xfffff803 x26=0x00000000
        2335000	       232	800003b0	012ed0b3	srl	x1,x29,x18	 x29:0xce385bf0 x18:0xd34d248f  x1=0x00019c70
        2345000	       233	800003b4	00f65893	srli	x17,x12,0xf	 x12:0xfda63a2c x17=0x0001fb4c
        2355000	       234	800003b8	00000e97	auipc	x29,0x0	 x29=0x800003b4
        2365000	       235	800003bc	00ce8e93	addi	x29,x29,12	 x29:0x800003b4 x29=0x800003c0
        2375000	       236	800003c0	000e8067	jalr	x0,x29,0	 x29:0x800003c0
        2385000	       237	00000000	00000013	addi	x0,x0,0	  x0:0x00000000
        2395000	       238	800003c0	00000013	addi	x0,x0,0	  x0:0x00000000
        2405000	       239	800003c4	00100193	addi	x3,x0,1	  x0:0x00000000  x3=0x00000001
        2415000	       240	800003c8	00000073	ecall	
        2425000	       241	800003cc	1882af13	slti	x30,x5,392	  x5:0x80009f84 x30=0x00000001
