		Time			Cycle	PC		Insn	Decoded instruction	Register and memory contents
          65000	         5	80000004	00000293	addi	x5,x0,0	  x0:0x00000000  x5=0x00000000
          75000	         6	80000008	00000313	addi	x6,x0,0	  x0:0x00000000  x6=0x00000000
          85000	         7	8000000c	00628263	beq	x5,x6,80000010	  x5:0x00000000  x6:0x00000000
          95000	         8	00000000	00000013	addi	x0,x0,0	  x0:0x00000000
         105000	         9	8000000c	00000013	addi	x0,x0,0	  x0:0x00000000
         115000	        10	80000010	00000e17	auipc	x28,0x0	 x28=0x8000000c
         125000	        11	80000014	00ce0e13	addi	x28,x28,12	 x28:0x8000000c x28=0x80000018
         135000	        12	80000018	000e0067	jalr	x0,x28,0	 x28:0x80000018
         145000	        13	00000000	00000013	addi	x0,x0,0	  x0:0x00000000
         155000	        14	80000018	00000013	addi	x0,x0,0	  x0:0x00000000
         165000	        15	8000001c	400009b7	lui	x19,0x40000	 x19=0x40000000
         175000	        16	80000020	10098993	addi	x19,x19,256	 x19:0x40000000 x19=0x40000100
         185000	        17	80000024	00000013	addi	x0,x0,0	  x0:0x00000000
         195000	        18	80000028	0000ab97	auipc	x23,0xa	 x23=0x8000a024
         205000	        19	8000002c	fa0b8b93	addi	x23,x23,-96	 x23:0x8000a024 x23=0x80009fc4
         215000	        20	80000030	00004997	auipc	x19,0x4	 x19=0x8000402c
         225000	        21	80000034	57c98993	addi	x19,x19,1404	 x19:0x8000402c x19=0x800045a8
         235000	        22	80000038	0009e993	ori	x19,x19,0	 x19:0x800045a8 x19=0x800045a8
         245000	        23	8000003c	00000013	addi	x0,x0,0	  x0:0x00000000
         255000	        24	80000040	00000997	auipc	x19,0x0	 x19=0x8000003c
         265000	        25	80000044	02098993	addi	x19,x19,32	 x19:0x8000003c x19=0x8000005c
         275000	        26	80000048	00000013	addi	x0,x0,0	  x0:0x00000000
         285000	        27	8000004c	00000013	addi	x0,x0,0	  x0:0x00000000
         295000	        28	80000050	000029b7	lui	x19,0x2	 x19=0x00002000
         305000	        29	80000054	80098993	addi	x19,x19,-2048	 x19:0x00002000 x19=0x00001800
         315000	        30	80000058	00000013	addi	x0,x0,0	  x0:0x00000000
         325000	        31	8000005c	00000013	addi	x0,x0,0	  x0:0x00000000
         335000	        32	80000060	00900013	addi	x0,x0,9	  x0:0x00000000
         345000	        33	80000064	00000093	addi	x1,x0,0	  x0:0x00000000  x1=0x00000000
         355000	        34	80000068	f7682137	lui	x2,0xf7682	  x2=0xf7682000
         365000	        35	8000006c	17610113	addi	x2,x2,374	  x2:0xf7682000  x2=0xf7682176
         375000	        36	80000070	b5ac61b7	lui	x3,0xb5ac6	  x3=0xb5ac6000
         385000	        37	80000074	14918193	addi	x3,x3,329	  x3:0xb5ac6000  x3=0xb5ac6149
         395000	        38	80000078	80000237	lui	x4,0x80000	  x4=0x80000000
         405000	        39	8000007c	f8217337	lui	x6,0xf8217	  x6=0xf8217000
         415000	        40	80000080	42130313	addi	x6,x6,1057	  x6:0xf8217000  x6=0xf8217421
         425000	        41	80000084	800003b7	lui	x7,0x80000	  x7=0x80000000
         435000	        42	80000088	00000413	addi	x8,x0,0	  x0:0x00000000  x8=0x00000000
         445000	        43	8000008c	00b00493	addi	x9,x0,11	  x0:0x00000000  x9=0x0000000b
         455000	        44	80000090	00000513	addi	x10,x0,0	  x0:0x00000000 x10=0x00000000
         465000	        45	80000094	f2a4f5b7	lui	x11,0xf2a4f	 x11=0xf2a4f000
         475000	        46	80000098	fbf58593	addi	x11,x11,-65	 x11:0xf2a4f000 x11=0xf2a4efbf
         485000	        47	8000009c	f87e6637	lui	x12,0xf87e6	 x12=0xf87e6000
         495000	        48	800000a0	cab60613	addi	x12,x12,-853	 x12:0xf87e6000 x12=0xf87e5cab
         505000	        49	800000a4	800006b7	lui	x13,0x80000	 x13=0x80000000
         515000	        50	800000a8	00a00713	addi	x14,x0,10	  x0:0x00000000 x14=0x0000000a
         525000	        51	800000ac	00000793	addi	x15,x0,0	  x0:0x00000000 x15=0x00000000
         535000	        52	800000b0	f2bb3837	lui	x16,0xf2bb3	 x16=0xf2bb3000
         545000	        53	800000b4	ff880813	addi	x16,x16,-8	 x16:0xf2bb3000 x16=0xf2bb2ff8
         555000	        54	800000b8	6896a8b7	lui	x17,0x6896a	 x17=0x6896a000
         565000	        55	800000bc	25688893	addi	x17,x17,598	 x17:0x6896a000 x17=0x6896a256
         575000	        56	800000c0	7cb52937	lui	x18,0x7cb52	 x18=0x7cb52000
         585000	        57	800000c4	e9f90913	addi	x18,x18,-353	 x18:0x7cb52000 x18=0x7cb51e9f
         595000	        58	800000c8	f81b29b7	lui	x19,0xf81b2	 x19=0xf81b2000
         605000	        59	800000cc	ad198993	addi	x19,x19,-1327	 x19:0xf81b2000 x19=0xf81b1ad1
         615000	        60	800000d0	00000a13	addi	x20,x0,0	  x0:0x00000000 x20=0x00000000
         625000	        61	800000d4	80000ab7	lui	x21,0x80000	 x21=0x80000000
         635000	        62	800000d8	00200b13	addi	x22,x0,2	  x0:0x00000000 x22=0x00000002
         645000	        63	800000dc	00000c13	addi	x24,x0,0	  x0:0x00000000 x24=0x00000000
         655000	        64	800000e0	07de5cb7	lui	x25,0x7de5	 x25=0x07de5000
         665000	        65	800000e4	d67c8c93	addi	x25,x25,-665	 x25:0x07de5000 x25=0x07de4d67
         675000	        66	800000e8	fef6cd37	lui	x26,0xfef6c	 x26=0xfef6c000
         685000	        67	800000ec	ae4d0d13	addi	x26,x26,-1308	 x26:0xfef6c000 x26=0xfef6bae4
         695000	        68	800000f0	00c00d93	addi	x27,x0,12	  x0:0x00000000 x27=0x0000000c
         705000	        69	800000f4	80000e37	lui	x28,0x80000	 x28=0x80000000
         715000	        70	800000f8	00000e93	addi	x29,x0,0	  x0:0x00000000 x29=0x00000000
         725000	        71	800000fc	f5889f37	lui	x30,0xf5889	 x30=0xf5889000
         735000	        72	80000100	caaf0f13	addi	x30,x30,-854	 x30:0xf5889000 x30=0xf5888caa
         745000	        73	80000104	80000fb7	lui	x31,0x80000	 x31=0x80000000
         755000	        74	80000108	0000a297	auipc	x5,0xa	  x5=0x8000a104
         765000	        75	8000010c	e8028293	addi	x5,x5,-384	  x5:0x8000a104  x5=0x80009f84
         775000	        76	80000110	3d56b1b7	lui	x3,0x3d56b	  x3=0x3d56b000
         785000	        77	80000114	00001517	auipc	x10,0x1	 x10=0x80001110
         795000	        78	80000118	08c50513	addi	x10,x10,140	 x10:0x80001110 x10=0x8000119c
         805000	        79	8000011c	00000013	addi	x0,x0,0	  x0:0x00000000
         815000	        80	80000120	fc052f13	slti	x30,x10,-64	 x10:0x8000119c x30=0x00000001
         825000	        81	80000124	404bda33	sra	x20,x23,x4	 x23:0x80009fc4  x4:0x80000000 x20=0x80009fc4
         835000	        82	80000128	015fbf33	sltu	x30,x31,x21	 x31:0x80000000 x21:0x80000000 x30=0x00000000
         845000	        83	8000012c	f83c2613	slti	x12,x24,-125	 x24:0x00000000 x12=0x00000000
         855000	        84	80000130	39a42993	slti	x19,x8,922	  x8:0x00000000 x19=0x00000001
         865000	        85	80000134	00734a33	xor	x20,x6,x7	  x6:0xf8217421  x7:0x80000000 x20=0x78217421
         875000	        86	80000138	c0550513	addi	x10,x10,-1019	 x10:0x8000119c x10=0x80000da1
         885000	        87	8000013c	00ccdc33	srl	x24,x25,x12	 x25:0x07de4d67 x12:0x00000000 x24=0x07de4d67
         895000	        88	80000140	3fc50367	jalr	x6,x10,1020	 x10:0x80000da1  x6=0x80000140
         905000	        89	00000000	00000013	addi	x0,x0,0	  x0:0x00000000
         915000	        90	8000119c	00000013	addi	x0,x0,0	  x0:0x00000000
         925000	        91	800011a0	01b6f1b3	and	x3,x13,x27	 x13:0x80000000 x27:0x0000000c  x3=0x00000000
         935000	        92	800011a4	ff428293	addi	x5,x5,-12	  x5:0x80009f84  x5=0x80009f78
         945000	        93	800011a8	577ca013	slti	x0,x25,1399	 x25:0x07de4d67
         955000	        94	800011ac	405ed993	srai	x19,x29,0x5	 x29:0x00000000 x19=0x00000000
         965000	        95	800011b0	0062a223	sw	x6,4(x5)	  x5:0x80009f78  x6:0x80000140 PA:0x80009f7c
         975000	        96	800011b4	0108c8b3	xor	x17,x17,x16	 x17:0x6896a256 x16:0xf2bb2ff8 x17=0x9a2d8dae
         985000	        97	800011b8	53666013	ori	x0,x12,1334	 x12:0x00000000
         995000	        98	800011bc	7166cd13	xori	x26,x13,1814	 x13:0x80000000 x26=0x80000716
        1005000	        99	800011c0	016639b3	sltu	x19,x12,x22	 x12:0x00000000 x22:0x00000002 x19=0x00000001
        1015000	       100	800011c4	000bcfb3	xor	x31,x23,x0	 x23:0x80009fc4  x0:0x00000000 x31=0x80009fc4
        1025000	       101	800011c8	01e1b033	sltu	x0,x3,x30	  x3:0x00000000 x30:0x00000000
        1035000	       102	800011cc	617c4c93	xori	x25,x24,1559	 x24:0x07de4d67 x25=0x07de4b70
        1045000	       103	800011d0	01aa1863	bne	x20,x26,800011e0	 x20:0x78217421 x26:0x80000716
        1055000	       104	00000000	00000013	addi	x0,x0,0	  x0:0x00000000
        1065000	       105	800011dc	00000013	addi	x0,x0,0	  x0:0x00000000
        1075000	       106	800011e0	f08ff36f	jal	x6,800011e0	  x6=0x800011e0
        1085000	       107	00000000	00000013	addi	x0,x0,0	  x0:0x00000000
        1095000	       108	800008e4	00000013	addi	x0,x0,0	  x0:0x00000000
        1105000	       109	800008e8	403bdcb3	sra	x25,x23,x3	 x23:0x80009fc4  x3:0x00000000 x25=0x80009fc4
        1115000	       110	800008ec	018b9d33	sll	x26,x23,x24	 x23:0x80009fc4 x24:0x07de4d67 x26=0x004fe200
        1125000	       111	800008f0	fbc27597	auipc	x11,0xfbc27	 x11=0x7bc278ec
        1135000	       112	800008f4	fe428293	addi	x5,x5,-28	  x5:0x80009f78  x5=0x80009f5c
        1145000	       113	800008f8	00a2df93	srli	x31,x5,0xa	  x5:0x80009f5c x31=0x00200027
        1155000	       114	800008fc	009e2133	slt	x2,x28,x9	 x28:0x80000000  x9:0x0000000b  x2=0x00000001
        1165000	       115	80000900	0062a223	sw	x6,4(x5)	  x5:0x80009f5c  x6:0x800011e0 PA:0x80009f60
        1175000	       116	80000904	009019b3	sll	x19,x0,x9	  x0:0x00000000  x9:0x0000000b x19=0x00000000
        1185000	       117	80000908	0200036f	jal	x6,80000908	  x6=0x80000908
        1195000	       118	00000000	00000013	addi	x0,x0,0	  x0:0x00000000
        1205000	       119	80000924	00000013	addi	x0,x0,0	  x0:0x00000000
        1215000	       120	80000928	00c0046f	jal	x8,80000928	  x8=0x80000928
        1225000	       121	00000000	00000013	addi	x0,x0,0	  x0:0x00000000
        1235000	       122	80000930	00000013	addi	x0,x0,0	  x0:0x00000000
        1245000	       123	80000934	fedff0ef	jal	x1,80000934	  x1=0x80000934
        1255000	       124	00000000	00000013	addi	x0,x0,0	  x0:0x00000000
        1265000	       125	8000091c	00000013	addi	x0,x0,0	  x0:0x00000000
        1275000	       126	80000920	0040036f	jal	x6,80000920	  x6=0x80000920
        1285000	       127	00000000	00000013	addi	x0,x0,0	  x0:0x00000000
        1295000	       128	80000920	00000013	addi	x0,x0,0	  x0:0x00000000
        1305000	       129	80000924	00c000ef	jal	x1,80000924	  x1=0x80000924
        1315000	       130	00000000	00000013	addi	x0,x0,0	  x0:0x00000000
        1325000	       131	8000092c	00000013	addi	x0,x0,0	  x0:0x00000000
        1335000	       132	80000930	fddffa6f	jal	x20,80000930	 x20=0x80000930
        1345000	       133	00000000	00000013	addi	x0,x0,0	  x0:0x00000000
        1355000	       134	80000908	00000013	addi	x0,x0,0	  x0:0x00000000
        1365000	       135	8000090c	0200016f	jal	x2,8000090c	  x2=0x8000090c
        1375000	       136	00000000	00000013	addi	x0,x0,0	  x0:0x00000000
        1385000	       137	80000928	00000013	addi	x0,x0,0	  x0:0x00000000
        1395000	       138	8000092c	ff1ff0ef	jal	x1,8000092c	  x1=0x8000092c
        1405000	       139	00000000	00000013	addi	x0,x0,0	  x0:0x00000000
        1415000	       140	80000918	00000013	addi	x0,x0,0	  x0:0x00000000
        1425000	       141	8000091c	ff5ff36f	jal	x6,8000091c	  x6=0x8000091c
        1435000	       142	00000000	00000013	addi	x0,x0,0	  x0:0x00000000
        1445000	       143	8000090c	00000013	addi	x0,x0,0	  x0:0x00000000
        1455000	       144	80000910	004000ef	jal	x1,80000910	  x1=0x80000910
        1465000	       145	00000000	00000013	addi	x0,x0,0	  x0:0x00000000
        1475000	       146	80000910	00000013	addi	x0,x0,0	  x0:0x00000000
        1485000	       147	80000914	004000ef	jal	x1,80000914	  x1=0x80000914
        1495000	       148	00000000	00000013	addi	x0,x0,0	  x0:0x00000000
        1505000	       149	80000914	00000013	addi	x0,x0,0	  x0:0x00000000
        1515000	       150	80000918	020000ef	jal	x1,80000918	  x1=0x80000918
        1525000	       151	00000000	00000013	addi	x0,x0,0	  x0:0x00000000
        1535000	       152	80000934	00000013	addi	x0,x0,0	  x0:0x00000000
        1545000	       153	80000938	d5dd9117	auipc	x2,0xd5dd9	  x2=0x55dd9934
        1555000	       154	8000093c	04c0036f	jal	x6,8000093c	  x6=0x8000093c
        1565000	       155	00000000	00000013	addi	x0,x0,0	  x0:0x00000000
        1575000	       156	80000984	00000013	addi	x0,x0,0	  x0:0x00000000
        1585000	       157	80000988	fc5ff36f	jal	x6,80000988	  x6=0x80000988
        1595000	       158	00000000	00000013	addi	x0,x0,0	  x0:0x00000000
        1605000	       159	80000948	00000013	addi	x0,x0,0	  x0:0x00000000
        1615000	       160	8000094c	0300016f	jal	x2,8000094c	  x2=0x8000094c
        1625000	       161	00000000	00000013	addi	x0,x0,0	  x0:0x00000000
        1635000	       162	80000978	00000013	addi	x0,x0,0	  x0:0x00000000
        1645000	       163	8000097c	ff1ff36f	jal	x6,8000097c	  x6=0x8000097c
        1655000	       164	00000000	00000013	addi	x0,x0,0	  x0:0x00000000
        1665000	       165	80000968	00000013	addi	x0,x0,0	  x0:0x00000000
        1675000	       166	8000096c	fe9ff36f	jal	x6,8000096c	  x6=0x8000096c
        1685000	       167	00000000	00000013	addi	x0,x0,0	  x0:0x00000000
        1695000	       168	80000950	00000013	addi	x0,x0,0	  x0:0x00000000
        1705000	       169	80000954	ff5ff0ef	jal	x1,80000954	  x1=0x80000954
        1715000	       170	00000000	00000013	addi	x0,x0,0	  x0:0x00000000
        1725000	       171	80000944	00000013	addi	x0,x0,0	  x0:0x00000000
        1735000	       172	80000948	020000ef	jal	x1,80000948	  x1=0x80000948
        1745000	       173	00000000	00000013	addi	x0,x0,0	  x0:0x00000000
        1755000	       174	80000964	00000013	addi	x0,x0,0	  x0:0x00000000
        1765000	       175	80000968	ff5ff36f	jal	x6,80000968	  x6=0x80000968
        1775000	       176	00000000	00000013	addi	x0,x0,0	  x0:0x00000000
        1785000	       177	80000958	00000013	addi	x0,x0,0	  x0:0x00000000
        1795000	       178	8000095c	004000ef	jal	x1,8000095c	  x1=0x8000095c
        1805000	       179	00000000	00000013	addi	x0,x0,0	  x0:0x00000000
        1815000	       180	8000095c	00000013	addi	x0,x0,0	  x0:0x00000000
        1825000	       181	80000960	0040026f	jal	x4,80000960	  x4=0x80000960
        1835000	       182	00000000	00000013	addi	x0,x0,0	  x0:0x00000000
        1845000	       183	80000960	00000013	addi	x0,x0,0	  x0:0x00000000
        1855000	       184	80000964	00c004ef	jal	x9,80000964	  x9=0x80000964
        1865000	       185	00000000	00000013	addi	x0,x0,0	  x0:0x00000000
        1875000	       186	8000096c	00000013	addi	x0,x0,0	  x0:0x00000000
        1885000	       187	80000970	fe1ff36f	jal	x6,80000970	  x6=0x80000970
        1895000	       188	00000000	00000013	addi	x0,x0,0	  x0:0x00000000
        1905000	       189	8000094c	00000013	addi	x0,x0,0	  x0:0x00000000
        1915000	       190	80000950	0080016f	jal	x2,80000950	  x2=0x80000950
        1925000	       191	00000000	00000013	addi	x0,x0,0	  x0:0x00000000
        1935000	       192	80000954	00000013	addi	x0,x0,0	  x0:0x00000000
        1945000	       193	80000958	020000ef	jal	x1,80000958	  x1=0x80000958
        1955000	       194	00000000	00000013	addi	x0,x0,0	  x0:0x00000000
        1965000	       195	80000974	00000013	addi	x0,x0,0	  x0:0x00000000
        1975000	       196	80000978	fc9ff36f	jal	x6,80000978	  x6=0x80000978
        1985000	       197	00000000	00000013	addi	x0,x0,0	  x0:0x00000000
        1995000	       198	8000093c	00000013	addi	x0,x0,0	  x0:0x00000000
        2005000	       199	80000940	04000c6f	jal	x24,80000940	 x24=0x80000940
        2015000	       200	00000000	00000013	addi	x0,x0,0	  x0:0x00000000
        2025000	       201	8000097c	00000013	addi	x0,x0,0	  x0:0x00000000
        2035000	       202	80000980	ff5ff0ef	jal	x1,80000980	  x1=0x80000980
        2045000	       203	00000000	00000013	addi	x0,x0,0	  x0:0x00000000
        2055000	       204	80000970	00000013	addi	x0,x0,0	  x0:0x00000000
        2065000	       205	80000974	010000ef	jal	x1,80000974	  x1=0x80000974
        2075000	       206	00000000	00000013	addi	x0,x0,0	  x0:0x00000000
        2085000	       207	80000980	00000013	addi	x0,x0,0	  x0:0x00000000
        2095000	       208	80000984	fc1ff6ef	jal	x13,80000984	 x13=0x80000984
        2105000	       209	00000000	00000013	addi	x0,x0,0	  x0:0x00000000
        2115000	       210	80000940	00000013	addi	x0,x0,0	  x0:0x00000000
        2125000	       211	80000944	048007ef	jal	x15,80000944	 x15=0x80000944
        2135000	       212	00000000	00000013	addi	x0,x0,0	  x0:0x00000000
        2145000	       213	80000988	00000013	addi	x0,x0,0	  x0:0x00000000
        2155000	       214	8000098c	1848a893	slti	x17,x17,388	 x17:0x9a2d8dae x17=0x00000001
        2165000	       215	80000990	01c0036f	jal	x6,80000990	  x6=0x80000990
        2175000	       216	00000000	00000013	addi	x0,x0,0	  x0:0x00000000
        2185000	       217	800009a8	00000013	addi	x0,x0,0	  x0:0x00000000
        2195000	       218	800009ac	ffdff0ef	jal	x1,800009ac	  x1=0x800009ac
        2205000	       219	00000000	00000013	addi	x0,x0,0	  x0:0x00000000
        2215000	       220	800009a4	00000013	addi	x0,x0,0	  x0:0x00000000
        2225000	       221	800009a8	fedff96f	jal	x18,800009a8	 x18=0x800009a8
        2235000	       222	00000000	00000013	addi	x0,x0,0	  x0:0x00000000
        2245000	       223	80000990	00000013	addi	x0,x0,0	  x0:0x00000000
        2255000	       224	80000994	004000ef	jal	x1,80000994	  x1=0x80000994
        2265000	       225	00000000	00000013	addi	x0,x0,0	  x0:0x00000000
        2275000	       226	80000994	00000013	addi	x0,x0,0	  x0:0x00000000
        2285000	       227	80000998	01c0096f	jal	x18,80000998	 x18=0x80000998
        2295000	       228	00000000	00000013	addi	x0,x0,0	  x0:0x00000000
        2305000	       229	800009b0	00000013	addi	x0,x0,0	  x0:0x00000000
        2315000	       230	800009b4	ffdff3ef	jal	x7,800009b4	  x7=0x800009b4
        2325000	       231	00000000	00000013	addi	x0,x0,0	  x0:0x00000000
        2335000	       232	800009ac	00000013	addi	x0,x0,0	  x0:0x00000000
        2345000	       233	800009b0	0200026f	jal	x4,800009b0	  x4=0x800009b0
        2355000	       234	00000000	00000013	addi	x0,x0,0	  x0:0x00000000
        2365000	       235	800009cc	00000013	addi	x0,x0,0	  x0:0x00000000
        2375000	       236	800009d0	fcdff0ef	jal	x1,800009d0	  x1=0x800009d0
        2385000	       237	00000000	00000013	addi	x0,x0,0	  x0:0x00000000
        2395000	       238	80000998	00000013	addi	x0,x0,0	  x0:0x00000000
        2405000	       239	8000099c	0280036f	jal	x6,8000099c	  x6=0x8000099c
        2415000	       240	00000000	00000013	addi	x0,x0,0	  x0:0x00000000
        2425000	       241	800009c0	00000013	addi	x0,x0,0	  x0:0x00000000
        2435000	       242	800009c4	004000ef	jal	x1,800009c4	  x1=0x800009c4
        2445000	       243	00000000	00000013	addi	x0,x0,0	  x0:0x00000000
        2455000	       244	800009c4	00000013	addi	x0,x0,0	  x0:0x00000000
        2465000	       245	800009c8	fd9ff0ef	jal	x1,800009c8	  x1=0x800009c8
        2475000	       246	00000000	00000013	addi	x0,x0,0	  x0:0x00000000
        2485000	       247	8000099c	00000013	addi	x0,x0,0	  x0:0x00000000
        2495000	       248	800009a0	01c0036f	jal	x6,800009a0	  x6=0x800009a0
        2505000	       249	00000000	00000013	addi	x0,x0,0	  x0:0x00000000
        2515000	       250	800009b8	00000013	addi	x0,x0,0	  x0:0x00000000
        2525000	       251	800009bc	ffdff9ef	jal	x19,800009bc	 x19=0x800009bc
        2535000	       252	00000000	00000013	addi	x0,x0,0	  x0:0x00000000
        2545000	       253	800009b4	00000013	addi	x0,x0,0	  x0:0x00000000
        2555000	       254	800009b8	fedff0ef	jal	x1,800009b8	  x1=0x800009b8
        2565000	       255	00000000	00000013	addi	x0,x0,0	  x0:0x00000000
        2575000	       256	800009a0	00000013	addi	x0,x0,0	  x0:0x00000000
        2585000	       257	800009a4	028000ef	jal	x1,800009a4	  x1=0x800009a4
        2595000	       258	00000000	00000013	addi	x0,x0,0	  x0:0x00000000
        2605000	       259	800009c8	00000013	addi	x0,x0,0	  x0:0x00000000
        2615000	       260	800009cc	ff5ff0ef	jal	x1,800009cc	  x1=0x800009cc
        2625000	       261	00000000	00000013	addi	x0,x0,0	  x0:0x00000000
        2635000	       262	800009bc	00000013	addi	x0,x0,0	  x0:0x00000000
        2645000	       263	800009c0	014000ef	jal	x1,800009c0	  x1=0x800009c0
        2655000	       264	00000000	00000013	addi	x0,x0,0	  x0:0x00000000
        2665000	       265	800009d0	00000013	addi	x0,x0,0	  x0:0x00000000
        2675000	       266	800009d4	10778c93	addi	x25,x15,263	 x15:0x80000944 x25=0x80000a4b
        2685000	       267	800009d8	0180036f	jal	x6,800009d8	  x6=0x800009d8
        2695000	       268	00000000	00000013	addi	x0,x0,0	  x0:0x00000000
        2705000	       269	800009ec	00000013	addi	x0,x0,0	  x0:0x00000000
        2715000	       270	800009f0	00c0036f	jal	x6,800009f0	  x6=0x800009f0
        2725000	       271	00000000	00000013	addi	x0,x0,0	  x0:0x00000000
        2735000	       272	800009f8	00000013	addi	x0,x0,0	  x0:0x00000000
        2745000	       273	800009fc	fe9ff0ef	jal	x1,800009fc	  x1=0x800009fc
        2755000	       274	00000000	00000013	addi	x0,x0,0	  x0:0x00000000
        2765000	       275	800009e0	00000013	addi	x0,x0,0	  x0:0x00000000
        2775000	       276	800009e4	02c0036f	jal	x6,800009e4	  x6=0x800009e4
        2785000	       277	00000000	00000013	addi	x0,x0,0	  x0:0x00000000
        2795000	       278	80000a0c	00000013	addi	x0,x0,0	  x0:0x00000000
        2805000	       279	80000a10	fddff86f	jal	x16,80000a10	 x16=0x80000a10
        2815000	       280	00000000	00000013	addi	x0,x0,0	  x0:0x00000000
        2825000	       281	800009e8	00000013	addi	x0,x0,0	  x0:0x00000000
        2835000	       282	800009ec	014000ef	jal	x1,800009ec	  x1=0x800009ec
        2845000	       283	00000000	00000013	addi	x0,x0,0	  x0:0x00000000
        2855000	       284	800009fc	00000013	addi	x0,x0,0	  x0:0x00000000
        2865000	       285	80000a00	0180036f	jal	x6,80000a00	  x6=0x80000a00
        2875000	       286	00000000	00000013	addi	x0,x0,0	  x0:0x00000000
        2885000	       287	80000a14	00000013	addi	x0,x0,0	  x0:0x00000000
        2895000	       288	80000a18	fc9ff36f	jal	x6,80000a18	  x6=0x80000a18
        2905000	       289	00000000	00000013	addi	x0,x0,0	  x0:0x00000000
        2915000	       290	800009dc	00000013	addi	x0,x0,0	  x0:0x00000000
        2925000	       291	800009e0	014007ef	jal	x15,800009e0	 x15=0x800009e0
        2935000	       292	00000000	00000013	addi	x0,x0,0	  x0:0x00000000
        2945000	       293	800009f0	00000013	addi	x0,x0,0	  x0:0x00000000
        2955000	       294	800009f4	014000ef	jal	x1,800009f4	  x1=0x800009f4
        2965000	       295	00000000	00000013	addi	x0,x0,0	  x0:0x00000000
        2975000	       296	80000a04	00000013	addi	x0,x0,0	  x0:0x00000000
        2985000	       297	80000a08	014000ef	jal	x1,80000a08	  x1=0x80000a08
        2995000	       298	00000000	00000013	addi	x0,x0,0	  x0:0x00000000
        3005000	       299	80000a18	00000013	addi	x0,x0,0	  x0:0x00000000
        3015000	       300	80000a1c	fcdfff6f	jal	x30,80000a1c	 x30=0x80000a1c
        3025000	       301	00000000	00000013	addi	x0,x0,0	  x0:0x00000000
        3035000	       302	800009e4	00000013	addi	x0,x0,0	  x0:0x00000000
        3045000	       303	800009e8	02c0026f	jal	x4,800009e8	  x4=0x800009e8
        3055000	       304	00000000	00000013	addi	x0,x0,0	  x0:0x00000000
        3065000	       305	80000a10	00000013	addi	x0,x0,0	  x0:0x00000000
        3075000	       306	80000a14	fc9ff36f	jal	x6,80000a14	  x6=0x80000a14
        3085000	       307	00000000	00000013	addi	x0,x0,0	  x0:0x00000000
        3095000	       308	800009d8	00000013	addi	x0,x0,0	  x0:0x00000000
        3105000	       309	800009dc	01c0016f	jal	x2,800009dc	  x2=0x800009dc
        3115000	       310	00000000	00000013	addi	x0,x0,0	  x0:0x00000000
        3125000	       311	800009f4	00000013	addi	x0,x0,0	  x0:0x00000000
        3135000	       312	800009f8	0140026f	jal	x4,800009f8	  x4=0x800009f8
        3145000	       313	00000000	00000013	addi	x0,x0,0	  x0:0x00000000
        3155000	       314	80000a08	00000013	addi	x0,x0,0	  x0:0x00000000
        3165000	       315	80000a0c	ff9ff0ef	jal	x1,80000a0c	  x1=0x80000a0c
        3175000	       316	00000000	00000013	addi	x0,x0,0	  x0:0x00000000
        3185000	       317	80000a00	00000013	addi	x0,x0,0	  x0:0x00000000
        3195000	       318	80000a04	01c000ef	jal	x1,80000a04	  x1=0x80000a04
        3205000	       319	00000000	00000013	addi	x0,x0,0	  x0:0x00000000
        3215000	       320	80000a1c	00000013	addi	x0,x0,0	  x0:0x00000000
        3225000	       321	80000a20	ee0effb7	lui	x31,0xee0ef	 x31=0xee0ef000
        3235000	       322	80000a24	0300036f	jal	x6,80000a24	  x6=0x80000a24
        3245000	       323	00000000	00000013	addi	x0,x0,0	  x0:0x00000000
        3255000	       324	80000a50	00000013	addi	x0,x0,0	  x0:0x00000000
        3265000	       325	80000a54	fddff36f	jal	x6,80000a54	  x6=0x80000a54
        3275000	       326	00000000	00000013	addi	x0,x0,0	  x0:0x00000000
        3285000	       327	80000a2c	00000013	addi	x0,x0,0	  x0:0x00000000
        3295000	       328	80000a30	ffdff76f	jal	x14,80000a30	 x14=0x80000a30
        3305000	       329	00000000	00000013	addi	x0,x0,0	  x0:0x00000000
        3315000	       330	80000a28	00000013	addi	x0,x0,0	  x0:0x00000000
        3325000	       331	80000a2c	048000ef	jal	x1,80000a2c	  x1=0x80000a2c
        3335000	       332	00000000	00000013	addi	x0,x0,0	  x0:0x00000000
        3345000	       333	80000a70	00000013	addi	x0,x0,0	  x0:0x00000000
        3355000	       334	80000a74	0080036f	jal	x6,80000a74	  x6=0x80000a74
        3365000	       335	00000000	00000013	addi	x0,x0,0	  x0:0x00000000
        3375000	       336	80000a78	00000013	addi	x0,x0,0	  x0:0x00000000
        3385000	       337	80000a7c	fadff46f	jal	x8,80000a7c	  x8=0x80000a7c
        3395000	       338	00000000	00000013	addi	x0,x0,0	  x0:0x00000000
        3405000	       339	80000a24	00000013	addi	x0,x0,0	  x0:0x00000000
        3415000	       340	80000a28	038008ef	jal	x17,80000a28	 x17=0x80000a28
        3425000	       341	00000000	00000013	addi	x0,x0,0	  x0:0x00000000
        3435000	       342	80000a5c	00000013	addi	x0,x0,0	  x0:0x00000000
        3445000	       343	80000a60	fd9ffcef	jal	x25,80000a60	 x25=0x80000a60
        3455000	       344	00000000	00000013	addi	x0,x0,0	  x0:0x00000000
        3465000	       345	80000a34	00000013	addi	x0,x0,0	  x0:0x00000000
        3475000	       346	80000a38	0240026f	jal	x4,80000a38	  x4=0x80000a38
        3485000	       347	00000000	00000013	addi	x0,x0,0	  x0:0x00000000
        3495000	       348	80000a58	00000013	addi	x0,x0,0	  x0:0x00000000
        3505000	       349	80000a5c	02400eef	jal	x29,80000a5c	 x29=0x80000a5c
        3515000	       350	00000000	00000013	addi	x0,x0,0	  x0:0x00000000
        3525000	       351	80000a7c	00000013	addi	x0,x0,0	  x0:0x00000000
        3535000	       352	80000a80	ff9ff36f	jal	x6,80000a80	  x6=0x80000a80
        3545000	       353	00000000	00000013	addi	x0,x0,0	  x0:0x00000000
        3555000	       354	80000a74	00000013	addi	x0,x0,0	  x0:0x00000000
        3565000	       355	80000a78	ff9ff0ef	jal	x1,80000a78	  x1=0x80000a78
        3575000	       356	00000000	00000013	addi	x0,x0,0	  x0:0x00000000
        3585000	       357	80000a6c	00000013	addi	x0,x0,0	  x0:0x00000000
        3595000	       358	80000a70	ffdff36f	jal	x6,80000a70	  x6=0x80000a70
        3605000	       359	00000000	00000013	addi	x0,x0,0	  x0:0x00000000
        3615000	       360	80000a68	00000013	addi	x0,x0,0	  x0:0x00000000
        3625000	       361	80000a6c	fd5ff0ef	jal	x1,80000a6c	  x1=0x80000a6c
        3635000	       362	00000000	00000013	addi	x0,x0,0	  x0:0x00000000
        3645000	       363	80000a3c	00000013	addi	x0,x0,0	  x0:0x00000000
        3655000	       364	80000a40	00c006ef	jal	x13,80000a40	 x13=0x80000a40
        3665000	       365	00000000	00000013	addi	x0,x0,0	  x0:0x00000000
        3675000	       366	80000a48	00000013	addi	x0,x0,0	  x0:0x00000000
        3685000	       367	80000a4c	00c0096f	jal	x18,80000a4c	 x18=0x80000a4c
        3695000	       368	00000000	00000013	addi	x0,x0,0	  x0:0x00000000
        3705000	       369	80000a54	00000013	addi	x0,x0,0	  x0:0x00000000
        3715000	       370	80000a58	030000ef	jal	x1,80000a58	  x1=0x80000a58
        3725000	       371	00000000	00000013	addi	x0,x0,0	  x0:0x00000000
        3735000	       372	80000a84	00000013	addi	x0,x0,0	  x0:0x00000000
        3745000	       373	80000a88	fc1ffcef	jal	x25,80000a88	 x25=0x80000a88
        3755000	       374	00000000	00000013	addi	x0,x0,0	  x0:0x00000000
        3765000	       375	80000a44	00000013	addi	x0,x0,0	  x0:0x00000000
        3775000	       376	80000a48	ff5ff0ef	jal	x1,80000a48	  x1=0x80000a48
        3785000	       377	00000000	00000013	addi	x0,x0,0	  x0:0x00000000
        3795000	       378	80000a38	00000013	addi	x0,x0,0	  x0:0x00000000
        3805000	       379	80000a3c	014000ef	jal	x1,80000a3c	  x1=0x80000a3c
        3815000	       380	00000000	00000013	addi	x0,x0,0	  x0:0x00000000
        3825000	       381	80000a4c	00000013	addi	x0,x0,0	  x0:0x00000000
        3835000	       382	80000a50	0140036f	jal	x6,80000a50	  x6=0x80000a50
        3845000	       383	00000000	00000013	addi	x0,x0,0	  x0:0x00000000
        3855000	       384	80000a60	00000013	addi	x0,x0,0	  x0:0x00000000
        3865000	       385	80000a64	00400c6f	jal	x24,80000a64	 x24=0x80000a64
        3875000	       386	00000000	00000013	addi	x0,x0,0	  x0:0x00000000
        3885000	       387	80000a64	00000013	addi	x0,x0,0	  x0:0x00000000
        3895000	       388	80000a68	fddff4ef	jal	x9,80000a68	  x9=0x80000a68
        3905000	       389	00000000	00000013	addi	x0,x0,0	  x0:0x00000000
        3915000	       390	80000a40	00000013	addi	x0,x0,0	  x0:0x00000000
        3925000	       391	80000a44	ff1ff0ef	jal	x1,80000a44	  x1=0x80000a44
        3935000	       392	00000000	00000013	addi	x0,x0,0	  x0:0x00000000
        3945000	       393	80000a30	00000013	addi	x0,x0,0	  x0:0x00000000
        3955000	       394	80000a34	050008ef	jal	x17,80000a34	 x17=0x80000a34
        3965000	       395	00000000	00000013	addi	x0,x0,0	  x0:0x00000000
        3975000	       396	80000a80	00000013	addi	x0,x0,0	  x0:0x00000000
        3985000	       397	80000a84	008000ef	jal	x1,80000a84	  x1=0x80000a84
        3995000	       398	00000000	00000013	addi	x0,x0,0	  x0:0x00000000
        4005000	       399	80000a88	00000013	addi	x0,x0,0	  x0:0x00000000
        4015000	       400	80000a8c	0040036f	jal	x6,80000a8c	  x6=0x80000a8c
        4025000	       401	00000000	00000013	addi	x0,x0,0	  x0:0x00000000
        4035000	       402	80000a8c	00000013	addi	x0,x0,0	  x0:0x00000000
        4045000	       403	80000a90	00daa4b3	slt	x9,x21,x13	 x21:0x80000000 x13:0x80000a40  x9=0x00000001
        4055000	       404	80000a94	4023d013	srai	x0,x7,0x2	  x7:0x800009b4
        4065000	       405	80000a98	05e36263	bltu	x6,x30,80000adc	  x6:0x80000a8c x30:0x80000a1c
        4075000	       406	80000a9c	0257d663	bge	x15,x5,80000ac8	 x15:0x800009e0  x5:0x80009f5c
        4085000	       407	80000aa0	07eb2913	slti	x18,x22,126	 x22:0x00000002 x18=0x00000001
        4095000	       408	80000aa4	00000013	addi	x0,x0,0	  x0:0x00000000
        4105000	       409	80000aa8	00896b33	or	x22,x18,x8	 x18:0x00000001  x8:0x80000a7c x22=0x80000a7d
        4115000	       410	80000aac	004f8eb3	add	x29,x31,x4	 x31:0xee0ef000  x4:0x80000a38 x29=0x6e0efa38
        4125000	       411	80000ab0	fa330c93	addi	x25,x6,-93	  x6:0x80000a8c x25=0x80000a2f
        4135000	       412	80000ab4	01e91733	sll	x14,x18,x30	 x18:0x00000001 x30:0x80000a1c x14=0x10000000
        4145000	       413	80000ab8	00637463	bgeu	x6,x6,80000ac0	  x6:0x80000a8c  x6:0x80000a8c
        4155000	       414	00000000	00000013	addi	x0,x0,0	  x0:0x00000000
        4165000	       415	80000abc	00000013	addi	x0,x0,0	  x0:0x00000000
        4175000	       416	80000ac0	00d25893	srli	x17,x4,0xd	  x4:0x80000a38 x17=0x00040000
        4185000	       417	80000ac4	00fa46b3	xor	x13,x20,x15	 x20:0x80000930 x15:0x800009e0 x13=0x000000d0
        4195000	       418	80000ac8	014fb1b3	sltu	x3,x31,x20	 x31:0xee0ef000 x20:0x80000930  x3=0x00000000
        4205000	       419	80000acc	00000013	addi	x0,x0,0	  x0:0x00000000
        4215000	       420	80000ad0	05e9e863	bltu	x19,x30,80000b20	 x19:0x800009bc x30:0x80000a1c
        4225000	       421	00000000	00000013	addi	x0,x0,0	  x0:0x00000000
        4235000	       422	80000b1c	00000013	addi	x0,x0,0	  x0:0x00000000
        4245000	       423	80000b20	02699e63	bne	x19,x6,80000b5c	 x19:0x800009bc  x6:0x80000a8c
        4255000	       424	00000000	00000013	addi	x0,x0,0	  x0:0x00000000
        4265000	       425	80000b58	00000013	addi	x0,x0,0	  x0:0x00000000
        4275000	       426	80000b5c	859ae113	ori	x2,x21,-1959	 x21:0x80000000  x2=0xfffff859
        4285000	       427	80000b60	03919e63	bne	x3,x25,80000b9c	  x3:0x00000000 x25:0x80000a2f
        4295000	       428	00000000	00000013	addi	x0,x0,0	  x0:0x00000000
        4305000	       429	80000b98	00000013	addi	x0,x0,0	  x0:0x00000000
        4315000	       430	80000b9c	01573333	sltu	x6,x14,x21	 x14:0x10000000 x21:0x80000000  x6=0x00000001
        4325000	       431	80000ba0	28524913	xori	x18,x4,645	  x4:0x80000a38 x18=0x800008bd
        4335000	       432	80000ba4	02447e63	bgeu	x8,x4,80000be0	  x8:0x80000a7c  x4:0x80000a38
        4345000	       433	00000000	00000013	addi	x0,x0,0	  x0:0x00000000
        4355000	       434	80000bdc	00000013	addi	x0,x0,0	  x0:0x00000000
        4365000	       435	80000be0	001cf0b3	and	x1,x25,x1	 x25:0x80000a2f  x1:0x80000a84  x1=0x80000a04
        4375000	       436	80000be4	9f688a13	addi	x20,x17,-1546	 x17:0x00040000 x20=0x0003f9f6
        4385000	       437	80000be8	0528b697	auipc	x13,0x528b	 x13=0x8528bbe4
        4395000	       438	80000bec	0175deb3	srl	x29,x11,x23	 x11:0x7bc278ec x23:0x80009fc4 x29=0x07bc278e
        4405000	       439	80000bf0	01555cb3	srl	x25,x10,x21	 x10:0x80000da1 x21:0x80000000 x25=0x80000da1
        4415000	       440	80000bf4	0185c1b3	xor	x3,x11,x24	 x11:0x7bc278ec x24:0x80000a64  x3=0xfbc27288
        4425000	       441	80000bf8	41c9d533	sra	x10,x19,x28	 x19:0x800009bc x28:0x80000000 x10=0x800009bc
        4435000	       442	80000bfc	1fdf2c93	slti	x25,x30,509	 x30:0x80000a1c x25=0x00000001
        4445000	       443	80000c00	40ec5fb3	sra	x31,x24,x14	 x24:0x80000a64 x14:0x10000000 x31=0x80000a64
        4455000	       444	80000c04	0033a8b3	slt	x17,x7,x3	  x7:0x800009b4  x3:0xfbc27288 x17=0x00000001
        4465000	       445	80000c08	4003d8b3	sra	x17,x7,x0	  x7:0x800009b4  x0:0x00000000 x17=0x800009b4
        4475000	       446	80000c0c	01d2d713	srli	x14,x5,0x1d	  x5:0x80009f5c x14=0x00000004
        4485000	       447	80000c10	00000013	addi	x0,x0,0	  x0:0x00000000
        4495000	       448	80000c14	b564f893	andi	x17,x9,-1194	  x9:0x00000001 x17=0x00000000
        4505000	       449	80000c18	d6d03c93	sltiu	x25,x0,-659	  x0:0x00000000 x25=0x00000001
        4515000	       450	80000c1c	403c8533	sub	x10,x25,x3	 x25:0x00000001  x3:0xfbc27288 x10=0x043d8d79
        4525000	       451	80000c20	01e85833	srl	x16,x16,x30	 x16:0x80000a10 x30:0x80000a1c x16=0x00000008
        4535000	       452	80000c24	0147a233	slt	x4,x15,x20	 x15:0x800009e0 x20:0x0003f9f6  x4=0x00000001
        4545000	       453	80000c28	010fdb13	srli	x22,x31,0x10	 x31:0x80000a64 x22=0x00008000
        4555000	       454	80000c2c	01b1ac33	slt	x24,x3,x27	  x3:0xfbc27288 x27:0x0000000c x24=0x00000001
        4565000	       455	80000c30	04f9c663	blt	x19,x15,80000c7c	 x19:0x800009bc x15:0x800009e0
        4575000	       456	00000000	00000013	addi	x0,x0,0	  x0:0x00000000
        4585000	       457	80000c78	00000013	addi	x0,x0,0	  x0:0x00000000
        4595000	       458	80000c7c	000cba33	sltu	x20,x25,x0	 x25:0x00000001  x0:0x00000000 x20=0x00000000
        4605000	       459	80000c80	00a21a63	bne	x4,x10,80000c94	  x4:0x00000001 x10:0x043d8d79
        4615000	       460	00000000	00000013	addi	x0,x0,0	  x0:0x00000000
        4625000	       461	80000c90	00000013	addi	x0,x0,0	  x0:0x00000000
        4635000	       462	80000c94	65577d37	lui	x26,0x65577	 x26=0x65577000
        4645000	       463	80000c98	00e0da93	srli	x21,x1,0xe	  x1:0x80000a04 x21=0x00020000
        4655000	       464	80000c9c	050fe063	bltu	x31,x16,80000cdc	 x31:0x80000a64 x16:0x00000008
        4665000	       465	80000ca0	01715793	srli	x15,x2,0x17	  x2:0xfffff859 x15=0x000001ff
        4675000	       466	80000ca4	00583433	sltu	x8,x16,x5	 x16:0x00000008  x5:0x80009f5c  x8=0x00000001
        4685000	       467	80000ca8	01701733	sll	x14,x0,x23	  x0:0x00000000 x23:0x80009fc4 x14=0x00000000
        4695000	       468	80000cac	00000013	addi	x0,x0,0	  x0:0x00000000
        4705000	       469	80000cb0	01cda3b3	slt	x7,x27,x28	 x27:0x0000000c x28:0x80000000  x7=0x00000000
        4715000	       470	80000cb4	0188c3b3	xor	x7,x17,x24	 x17:0x00000000 x24:0x00000001  x7=0x00000001
        4725000	       471	80000cb8	4aae6313	ori	x6,x28,1194	 x28:0x80000000  x6=0x800004aa
        4735000	       472	80000cbc	010a8cb3	add	x25,x21,x16	 x21:0x00020000 x16:0x00000008 x25=0x00020008
        4745000	       473	80000cc0	41925b33	sra	x22,x4,x25	  x4:0x00000001 x25:0x00020008 x22=0x00000000
        4755000	       474	80000cc4	01d14a63	blt	x2,x29,80000cd8	  x2:0xfffff859 x29:0x07bc278e
        4765000	       475	00000000	00000013	addi	x0,x0,0	  x0:0x00000000
        4775000	       476	80000cd4	00000013	addi	x0,x0,0	  x0:0x00000000
        4785000	       477	80000cd8	41d1d213	srai	x4,x3,0x1d	  x3:0xfbc27288  x4=0xffffffff
        4795000	       478	80000cdc	1332f793	andi	x15,x5,307	  x5:0x80009f5c x15=0x00000110
        4805000	       479	80000ce0	01bd6eb3	or	x29,x26,x27	 x26:0x65577000 x27:0x0000000c x29=0x6557700c
        4815000	       480	80000ce4	009f9593	slli	x11,x31,0x9	 x31:0x80000a64 x11=0x0014c800
        4825000	       481	80000ce8	2a343213	sltiu	x4,x8,675	  x8:0x00000001  x4=0x00000001
        4835000	       482	80000cec	04307863	bgeu	x0,x3,80000d3c	  x0:0x00000000  x3:0xfbc27288
        4845000	       483	80000cf0	0351c663	blt	x3,x21,80000d1c	  x3:0xfbc27288 x21:0x00020000
        4855000	       484	00000000	00000013	addi	x0,x0,0	  x0:0x00000000
        4865000	       485	80000d18	00000013	addi	x0,x0,0	  x0:0x00000000
        4875000	       486	80000d1c	41eed833	sra	x16,x29,x30	 x29:0x6557700c x30:0x80000a1c x16=0x00000006
        4885000	       487	80000d20	005677b3	and	x15,x12,x5	 x12:0x00000000  x5:0x80009f5c x15=0x00000000
        4895000	       488	80000d24	440d8c13	addi	x24,x27,1088	 x27:0x0000000c x24=0x0000044c
        4905000	       489	80000d28	00cf1893	slli	x17,x30,0xc	 x30:0x80000a1c x17=0x00a1c000
        4915000	       490	80000d2c	0cda3893	sltiu	x17,x20,205	 x20:0x00000000 x17=0x00000001
        4925000	       491	80000d30	41a95893	srai	x17,x18,0x1a	 x18:0x800008bd x17=0xffffffe0
        4935000	       492	80000d34	004787b3	add	x15,x15,x4	 x15:0x00000000  x4:0x00000001 x15=0x00000001
        4945000	       493	80000d38	115d3513	sltiu	x10,x26,277	 x26:0x65577000 x10=0x00000000
        4955000	       494	80000d3c	01f95033	srl	x0,x18,x31	 x18:0x800008bd x31:0x80000a64
        4965000	       495	80000d40	09896663	bltu	x18,x24,80000dcc	 x18:0x800008bd x24:0x0000044c
        4975000	       496	80000d44	41800133	sub	x2,x0,x24	  x0:0x00000000 x24:0x0000044c  x2=0xfffffbb4
        4985000	       497	80000d48	d0d93437	lui	x8,0xd0d93	  x8=0xd0d93000
        4995000	       498	80000d4c	00000013	addi	x0,x0,0	  x0:0x00000000
        5005000	       499	80000d50	00d49633	sll	x12,x9,x13	  x9:0x00000001 x13:0x8528bbe4 x12=0x00000010
        5015000	       500	80000d54	012f80b3	add	x1,x31,x18	 x31:0x80000a64 x18:0x800008bd  x1=0x00001321
        5025000	       501	80000d58	99063437	lui	x8,0x99063	  x8=0x99063000
        5035000	       502	80000d5c	00757463	bgeu	x10,x7,80000d64	 x10:0x00000000  x7:0x00000001
        5045000	       503	80000d60	41d2d033	sra	x0,x5,x29	  x5:0x80009f5c x29:0x6557700c
        5055000	       504	80000d64	0794c663	blt	x9,x25,80000dd0	  x9:0x00000001 x25:0x00020008
        5065000	       505	00000000	00000013	addi	x0,x0,0	  x0:0x00000000
        5075000	       506	80000dcc	00000013	addi	x0,x0,0	  x0:0x00000000
        5085000	       507	80000dd0	0512e263	bltu	x5,x17,80000e14	  x5:0x80009f5c x17:0xffffffe0
        5095000	       508	00000000	00000013	addi	x0,x0,0	  x0:0x00000000
        5105000	       509	80000e10	00000013	addi	x0,x0,0	  x0:0x00000000
        5115000	       510	80000e14	00c106b3	add	x13,x2,x12	  x2:0xfffffbb4 x12:0x00000010 x13=0xfffffbc4
        5125000	       511	80000e18	75b1fc93	andi	x25,x3,1883	  x3:0xfbc27288 x25=0x00000208
        5135000	       512	80000e1c	032f8a63	beq	x31,x18,80000e50	 x31:0x80000a64 x18:0x800008bd
        5145000	       513	80000e20	01ebeb33	or	x22,x23,x30	 x23:0x80009fc4 x30:0x80000a1c x22=0x80009fdc
        5155000	       514	80000e24	4032dd13	srai	x26,x5,0x3	  x5:0x80009f5c x26=0xf00013eb
        5165000	       515	80000e28	01b99eb3	sll	x29,x19,x27	 x19:0x800009bc x27:0x0000000c x29=0x009bc000
        5175000	       516	80000e2c	00f6b0b3	sltu	x1,x13,x15	 x13:0xfffffbc4 x15:0x00000001  x1=0x00000000
        5185000	       517	80000e30	c4a18c13	addi	x24,x3,-950	  x3:0xfbc27288 x24=0xfbc26ed2
        5195000	       518	80000e34	00000013	addi	x0,x0,0	  x0:0x00000000
        5205000	       519	80000e38	00000013	addi	x0,x0,0	  x0:0x00000000
        5215000	       520	80000e3c	419dd013	srai	x0,x27,0x19	 x27:0x0000000c
        5225000	       521	80000e40	40e08db3	sub	x27,x1,x14	  x1:0x00000000 x14:0x00000000 x27=0x00000000
        5235000	       522	80000e44	016c1a63	bne	x24,x22,80000e58	 x24:0xfbc26ed2 x22:0x80009fdc
        5245000	       523	00000000	00000013	addi	x0,x0,0	  x0:0x00000000
        5255000	       524	80000e54	00000013	addi	x0,x0,0	  x0:0x00000000
        5265000	       525	80000e58	33a24613	xori	x12,x4,826	  x4:0x00000001 x12=0x0000033b
        5275000	       526	80000e5c	01a00263	beq	x0,x26,80000e60	  x0:0x00000000 x26:0xf00013eb
        5285000	       527	80000e60	00000013	addi	x0,x0,0	  x0:0x00000000
        5295000	       528	80000e64	0211d863	bge	x3,x1,80000e94	  x3:0xfbc27288  x1:0x00000000
        5305000	       529	80000e68	419c0db3	sub	x27,x24,x25	 x24:0xfbc26ed2 x25:0x00000208 x27=0xfbc26cca
        5315000	       530	80000e6c	01999633	sll	x12,x19,x25	 x19:0x800009bc x25:0x00000208 x12=0x0009bc00
        5325000	       531	80000e70	b56f7213	andi	x4,x30,-1194	 x30:0x80000a1c  x4=0x80000a14
        5335000	       532	80000e74	02c3f663	bgeu	x7,x12,80000ea0	  x7:0x00000001 x12:0x0009bc00
        5345000	       533	80000e78	41655413	srai	x8,x10,0x16	 x10:0x00000000  x8=0x00000000
        5355000	       534	80000e7c	01f57a63	bgeu	x10,x31,80000e90	 x10:0x00000000 x31:0x80000a64
        5365000	       535	80000e80	019dba33	sltu	x20,x27,x25	 x27:0xfbc26cca x25:0x00000208 x20=0x00000000
        5375000	       536	80000e84	407e5213	srai	x4,x28,0x7	 x28:0x80000000  x4=0xff000000
        5385000	       537	80000e88	05941463	bne	x8,x25,80000ed0	  x8:0x00000000 x25:0x00000208
        5395000	       538	00000000	00000013	addi	x0,x0,0	  x0:0x00000000
        5405000	       539	80000ecc	00000013	addi	x0,x0,0	  x0:0x00000000
        5415000	       540	80000ed0	01830733	add	x14,x6,x24	  x6:0x800004aa x24:0xfbc26ed2 x14=0x7bc2737c
        5425000	       541	80000ed4	017b6f33	or	x30,x22,x23	 x22:0x80009fdc x23:0x80009fc4 x30=0x80009fdc
        5435000	       542	80000ed8	5de18f93	addi	x31,x3,1502	  x3:0xfbc27288 x31=0xfbc27866
        5445000	       543	80000edc	40fe5633	sra	x12,x28,x15	 x28:0x80000000 x15:0x00000001 x12=0xc0000000
        5455000	       544	80000ee0	d4c1dab7	lui	x21,0xd4c1d	 x21=0xd4c1d000
        5465000	       545	80000ee4	0309c663	blt	x19,x16,80000f10	 x19:0x800009bc x16:0x00000006
        5475000	       546	00000000	00000013	addi	x0,x0,0	  x0:0x00000000
        5485000	       547	80000f0c	00000013	addi	x0,x0,0	  x0:0x00000000
        5495000	       548	80000f10	00a37663	bgeu	x6,x10,80000f1c	  x6:0x800004aa x10:0x00000000
        5505000	       549	00000000	00000013	addi	x0,x0,0	  x0:0x00000000
        5515000	       550	80000f18	00000013	addi	x0,x0,0	  x0:0x00000000
        5525000	       551	80000f1c	05b2d863	bge	x5,x27,80000f6c	  x5:0x80009f5c x27:0xfbc26cca
        5535000	       552	80000f20	01723a33	sltu	x20,x4,x23	  x4:0xff000000 x23:0x80009fc4 x20=0x00000000
        5545000	       553	80000f24	40a953b3	sra	x7,x18,x10	 x18:0x800008bd x10:0x00000000  x7=0x800008bd
        5555000	       554	80000f28	04678263	beq	x15,x6,80000f6c	 x15:0x00000001  x6:0x800004aa
        5565000	       555	80000f2c	41f28b33	sub	x22,x5,x31	  x5:0x80009f5c x31:0xfbc27866 x22=0x843e26f6
        5575000	       556	80000f30	41cbd133	sra	x2,x23,x28	 x23:0x80009fc4 x28:0x80000000  x2=0x80009fc4
        5585000	       557	80000f34	41c65eb3	sra	x29,x12,x28	 x12:0xc0000000 x28:0x80000000 x29=0xc0000000
        5595000	       558	80000f38	dac37393	andi	x7,x6,-596	  x6:0x800004aa  x7=0x800004a8
        5605000	       559	80000f3c	f69cb413	sltiu	x8,x25,-151	 x25:0x00000208  x8=0x00000001
        5615000	       560	80000f40	011e0a63	beq	x28,x17,80000f54	 x28:0x80000000 x17:0xffffffe0
        5625000	       561	80000f44	402ed7b3	sra	x15,x29,x2	 x29:0xc0000000  x2:0x80009fc4 x15=0xfc000000
        5635000	       562	80000f48	000e01b3	add	x3,x28,x0	 x28:0x80000000  x0:0x00000000  x3=0x80000000
        5645000	       563	80000f4c	9b2aa113	slti	x2,x21,-1614	 x21:0xd4c1d000  x2=0x00000001
        5655000	       564	80000f50	01b4b8b3	sltu	x17,x9,x27	  x9:0x00000001 x27:0xfbc26cca x17=0x00000001
        5665000	       565	80000f54	01e5eeb3	or	x29,x11,x30	 x11:0x0014c800 x30:0x80009fdc x29=0x8014dfdc
        5675000	       566	80000f58	022b7e63	bgeu	x22,x2,80000f94	 x22:0x843e26f6  x2:0x00000001
        5685000	       567	00000000	00000013	addi	x0,x0,0	  x0:0x00000000
        5695000	       568	80000f90	00000013	addi	x0,x0,0	  x0:0x00000000
        5705000	       569	80000f94	02e2c463	blt	x5,x14,80000fbc	  x5:0x80009f5c x14:0x7bc2737c
        5715000	       570	00000000	00000013	addi	x0,x0,0	  x0:0x00000000
        5725000	       571	80000fb8	00000013	addi	x0,x0,0	  x0:0x00000000
        5735000	       572	80000fbc	00000013	addi	x0,x0,0	  x0:0x00000000
        5745000	       573	80000fc0	ce360213	addi	x4,x12,-797	 x12:0xc0000000  x4=0xbffffce3
        5755000	       574	80000fc4	0042a303	lw	x6,4(x5)	  x5:0x80009f5c  x6=0x800011e0 PA:0x80009f60
        5765000	       575	80000fc8	00000013	addi	x0,x0,0	  x0:0x00000000
        5775000	       576	80000fcc	40c908b3	sub	x17,x18,x12	 x18:0x800008bd x12:0xc0000000 x17=0xc00008bd
        5785000	       577	80000fd0	01c28293	addi	x5,x5,28	  x5:0x80009f5c  x5=0x80009f78
        5795000	       578	80000fd4	00845913	srli	x18,x8,0x8	  x8:0x00000001 x18=0x00000000
        5805000	       579	80000fd8	00000013	addi	x0,x0,0	  x0:0x00000000
        5815000	       580	80000fdc	0183a9b3	slt	x19,x7,x24	  x7:0x800004a8 x24:0xfbc26ed2 x19=0x00000001
        5825000	       581	80000fe0	00030493	addi	x9,x6,0	  x6:0x800011e0  x9=0x800011e0
        5835000	       582	80000fe4	000484e7	jalr	x9,x9,0	  x9:0x800011e0  x9=0x80000fe4
        5845000	       583	00000000	00000013	addi	x0,x0,0	  x0:0x00000000
        5855000	       584	800011e0	00000013	addi	x0,x0,0	  x0:0x00000000
        5865000	       585	800011e4	0180036f	jal	x6,800011e4	  x6=0x800011e4
        5875000	       586	00000000	00000013	addi	x0,x0,0	  x0:0x00000000
        5885000	       587	800011f8	00000013	addi	x0,x0,0	  x0:0x00000000
        5895000	       588	800011fc	02c000ef	jal	x1,800011fc	  x1=0x800011fc
        5905000	       589	00000000	00000013	addi	x0,x0,0	  x0:0x00000000
        5915000	       590	80001224	00000013	addi	x0,x0,0	  x0:0x00000000
        5925000	       591	80001228	0080026f	jal	x4,80001228	  x4=0x80001228
        5935000	       592	00000000	00000013	addi	x0,x0,0	  x0:0x00000000
        5945000	       593	8000122c	00000013	addi	x0,x0,0	  x0:0x00000000
        5955000	       594	80001230	fbdfff6f	jal	x30,80001230	 x30=0x80001230
        5965000	       595	00000000	00000013	addi	x0,x0,0	  x0:0x00000000
        5975000	       596	800011e8	00000013	addi	x0,x0,0	  x0:0x00000000
        5985000	       597	800011ec	0500036f	jal	x6,800011ec	  x6=0x800011ec
        5995000	       598	00000000	00000013	addi	x0,x0,0	  x0:0x00000000
        6005000	       599	80001238	00000013	addi	x0,x0,0	  x0:0x00000000
        6015000	       600	8000123c	fd5ff0ef	jal	x1,8000123c	  x1=0x8000123c
        6025000	       601	00000000	00000013	addi	x0,x0,0	  x0:0x00000000
        6035000	       602	8000120c	00000013	addi	x0,x0,0	  x0:0x00000000
        6045000	       603	80001210	ffdff36f	jal	x6,80001210	  x6=0x80001210
        6055000	       604	00000000	00000013	addi	x0,x0,0	  x0:0x00000000
        6065000	       605	80001208	00000013	addi	x0,x0,0	  x0:0x00000000
        6075000	       606	8000120c	018001ef	jal	x3,8000120c	  x3=0x8000120c
        6085000	       607	00000000	00000013	addi	x0,x0,0	  x0:0x00000000
        6095000	       608	80001220	00000013	addi	x0,x0,0	  x0:0x00000000
        6105000	       609	80001224	fc5ff0ef	jal	x1,80001224	  x1=0x80001224
        6115000	       610	00000000	00000013	addi	x0,x0,0	  x0:0x00000000
        6125000	       611	800011e4	00000013	addi	x0,x0,0	  x0:0x00000000
        6135000	       612	800011e8	0300036f	jal	x6,800011e8	  x6=0x800011e8
        6145000	       613	00000000	00000013	addi	x0,x0,0	  x0:0x00000000
        6155000	       614	80001214	00000013	addi	x0,x0,0	  x0:0x00000000
        6165000	       615	80001218	020000ef	jal	x1,80001218	  x1=0x80001218
        6175000	       616	00000000	00000013	addi	x0,x0,0	  x0:0x00000000
        6185000	       617	80001234	00000013	addi	x0,x0,0	  x0:0x00000000
        6195000	       618	80001238	fb9ff9ef	jal	x19,80001238	 x19=0x80001238
        6205000	       619	00000000	00000013	addi	x0,x0,0	  x0:0x00000000
        6215000	       620	800011ec	00000013	addi	x0,x0,0	  x0:0x00000000
        6225000	       621	800011f0	004000ef	jal	x1,800011f0	  x1=0x800011f0
        6235000	       622	00000000	00000013	addi	x0,x0,0	  x0:0x00000000
        6245000	       623	800011f0	00000013	addi	x0,x0,0	  x0:0x00000000
        6255000	       624	800011f4	00c000ef	jal	x1,800011f4	  x1=0x800011f4
        6265000	       625	00000000	00000013	addi	x0,x0,0	  x0:0x00000000
        6275000	       626	800011fc	00000013	addi	x0,x0,0	  x0:0x00000000
        6285000	       627	80001200	01c009ef	jal	x19,80001200	 x19=0x80001200
        6295000	       628	00000000	00000013	addi	x0,x0,0	  x0:0x00000000
        6305000	       629	80001218	00000013	addi	x0,x0,0	  x0:0x00000000
        6315000	       630	8000121c	fedff16f	jal	x2,8000121c	  x2=0x8000121c
        6325000	       631	00000000	00000013	addi	x0,x0,0	  x0:0x00000000
        6335000	       632	80001204	00000013	addi	x0,x0,0	  x0:0x00000000
        6345000	       633	80001208	0180036f	jal	x6,80001208	  x6=0x80001208
        6355000	       634	00000000	00000013	addi	x0,x0,0	  x0:0x00000000
        6365000	       635	8000121c	00000013	addi	x0,x0,0	  x0:0x00000000
        6375000	       636	80001220	014000ef	jal	x1,80001220	  x1=0x80001220
        6385000	       637	00000000	00000013	addi	x0,x0,0	  x0:0x00000000
        6395000	       638	80001230	00000013	addi	x0,x0,0	  x0:0x00000000
        6405000	       639	80001234	fd1ff0ef	jal	x1,80001234	  x1=0x80001234
        6415000	       640	00000000	00000013	addi	x0,x0,0	  x0:0x00000000
        6425000	       641	80001200	00000013	addi	x0,x0,0	  x0:0x00000000
        6435000	       642	80001204	ff5ff36f	jal	x6,80001204	  x6=0x80001204
        6445000	       643	00000000	00000013	addi	x0,x0,0	  x0:0x00000000
        6455000	       644	800011f4	00000013	addi	x0,x0,0	  x0:0x00000000
        6465000	       645	800011f8	01c0036f	jal	x6,800011f8	  x6=0x800011f8
        6475000	       646	00000000	00000013	addi	x0,x0,0	  x0:0x00000000
        6485000	       647	80001210	00000013	addi	x0,x0,0	  x0:0x00000000
        6495000	       648	80001214	0180036f	jal	x6,80001214	  x6=0x80001214
        6505000	       649	00000000	00000013	addi	x0,x0,0	  x0:0x00000000
        6515000	       650	80001228	00000013	addi	x0,x0,0	  x0:0x00000000
        6525000	       651	8000122c	0140076f	jal	x14,8000122c	 x14=0x8000122c
        6535000	       652	00000000	00000013	addi	x0,x0,0	  x0:0x00000000
        6545000	       653	8000123c	00000013	addi	x0,x0,0	  x0:0x00000000
        6555000	       654	80001240	40fdd4b3	sra	x9,x27,x15	 x27:0xfbc26cca x15:0xfc000000  x9=0xfbc26cca
        6565000	       655	80001244	0180036f	jal	x6,80001244	  x6=0x80001244
        6575000	       656	00000000	00000013	addi	x0,x0,0	  x0:0x00000000
        6585000	       657	80001258	00000013	addi	x0,x0,0	  x0:0x00000000
        6595000	       658	8000125c	010000ef	jal	x1,8000125c	  x1=0x8000125c
        6605000	       659	00000000	00000013	addi	x0,x0,0	  x0:0x00000000
        6615000	       660	80001268	00000013	addi	x0,x0,0	  x0:0x00000000
        6625000	       661	8000126c	020000ef	jal	x1,8000126c	  x1=0x8000126c
        6635000	       662	00000000	00000013	addi	x0,x0,0	  x0:0x00000000
        6645000	       663	80001288	00000013	addi	x0,x0,0	  x0:0x00000000
        6655000	       664	8000128c	fc9ff0ef	jal	x1,8000128c	  x1=0x8000128c
        6665000	       665	00000000	00000013	addi	x0,x0,0	  x0:0x00000000
        6675000	       666	80001250	00000013	addi	x0,x0,0	  x0:0x00000000
        6685000	       667	80001254	0340036f	jal	x6,80001254	  x6=0x80001254
        6695000	       668	00000000	00000013	addi	x0,x0,0	  x0:0x00000000
        6705000	       669	80001284	00000013	addi	x0,x0,0	  x0:0x00000000
        6715000	       670	80001288	ffdff36f	jal	x6,80001288	  x6=0x80001288
        6725000	       671	00000000	00000013	addi	x0,x0,0	  x0:0x00000000
        6735000	       672	80001280	00000013	addi	x0,x0,0	  x0:0x00000000
        6745000	       673	80001284	fe1ff0ef	jal	x1,80001284	  x1=0x80001284
        6755000	       674	00000000	00000013	addi	x0,x0,0	  x0:0x00000000
        6765000	       675	80001260	00000013	addi	x0,x0,0	  x0:0x00000000
        6775000	       676	80001264	0440036f	jal	x6,80001264	  x6=0x80001264
        6785000	       677	00000000	00000013	addi	x0,x0,0	  x0:0x00000000
        6795000	       678	800012a4	00000013	addi	x0,x0,0	  x0:0x00000000
        6805000	       679	800012a8	fb1ff0ef	jal	x1,800012a8	  x1=0x800012a8
        6815000	       680	00000000	00000013	addi	x0,x0,0	  x0:0x00000000
        6825000	       681	80001254	00000013	addi	x0,x0,0	  x0:0x00000000
        6835000	       682	80001258	010000ef	jal	x1,80001258	  x1=0x80001258
        6845000	       683	00000000	00000013	addi	x0,x0,0	  x0:0x00000000
        6855000	       684	80001264	00000013	addi	x0,x0,0	  x0:0x00000000
        6865000	       685	80001268	0340036f	jal	x6,80001268	  x6=0x80001268
        6875000	       686	00000000	00000013	addi	x0,x0,0	  x0:0x00000000
        6885000	       687	80001298	00000013	addi	x0,x0,0	  x0:0x00000000
        6895000	       688	8000129c	0080036f	jal	x6,8000129c	  x6=0x8000129c
        6905000	       689	00000000	00000013	addi	x0,x0,0	  x0:0x00000000
        6915000	       690	800012a0	00000013	addi	x0,x0,0	  x0:0x00000000
        6925000	       691	800012a4	fd1ff0ef	jal	x1,800012a4	  x1=0x800012a4
        6935000	       692	00000000	00000013	addi	x0,x0,0	  x0:0x00000000
        6945000	       693	80001270	00000013	addi	x0,x0,0	  x0:0x00000000
        6955000	       694	80001274	fddff0ef	jal	x1,80001274	  x1=0x80001274
        6965000	       695	00000000	00000013	addi	x0,x0,0	  x0:0x00000000
        6975000	       696	8000124c	00000013	addi	x0,x0,0	  x0:0x00000000
        6985000	       697	80001250	ff9ff0ef	jal	x1,80001250	  x1=0x80001250
        6995000	       698	00000000	00000013	addi	x0,x0,0	  x0:0x00000000
        7005000	       699	80001244	00000013	addi	x0,x0,0	  x0:0x00000000
        7015000	       700	80001248	0480036f	jal	x6,80001248	  x6=0x80001248
        7025000	       701	00000000	00000013	addi	x0,x0,0	  x0:0x00000000
        7035000	       702	8000128c	00000013	addi	x0,x0,0	  x0:0x00000000
        7045000	       703	80001290	fe9ff36f	jal	x6,80001290	  x6=0x80001290
        7055000	       704	00000000	00000013	addi	x0,x0,0	  x0:0x00000000
        7065000	       705	80001274	00000013	addi	x0,x0,0	  x0:0x00000000
        7075000	       706	80001278	020000ef	jal	x1,80001278	  x1=0x80001278
        7085000	       707	00000000	00000013	addi	x0,x0,0	  x0:0x00000000
        7095000	       708	80001294	00000013	addi	x0,x0,0	  x0:0x00000000
        7105000	       709	80001298	fd9ff0ef	jal	x1,80001298	  x1=0x80001298
        7115000	       710	00000000	00000013	addi	x0,x0,0	  x0:0x00000000
        7125000	       711	8000126c	00000013	addi	x0,x0,0	  x0:0x00000000
        7135000	       712	80001270	fddff0ef	jal	x1,80001270	  x1=0x80001270
        7145000	       713	00000000	00000013	addi	x0,x0,0	  x0:0x00000000
        7155000	       714	80001248	00000013	addi	x0,x0,0	  x0:0x00000000
        7165000	       715	8000124c	048000ef	jal	x1,8000124c	  x1=0x8000124c
        7175000	       716	00000000	00000013	addi	x0,x0,0	  x0:0x00000000
        7185000	       717	80001290	00000013	addi	x0,x0,0	  x0:0x00000000
        7195000	       718	80001294	fcdff0ef	jal	x1,80001294	  x1=0x80001294
        7205000	       719	00000000	00000013	addi	x0,x0,0	  x0:0x00000000
        7215000	       720	8000125c	00000013	addi	x0,x0,0	  x0:0x00000000
        7225000	       721	80001260	0200036f	jal	x6,80001260	  x6=0x80001260
        7235000	       722	00000000	00000013	addi	x0,x0,0	  x0:0x00000000
        7245000	       723	8000127c	00000013	addi	x0,x0,0	  x0:0x00000000
        7255000	       724	80001280	ffdff0ef	jal	x1,80001280	  x1=0x80001280
        7265000	       725	00000000	00000013	addi	x0,x0,0	  x0:0x00000000
        7275000	       726	80001278	00000013	addi	x0,x0,0	  x0:0x00000000
        7285000	       727	8000127c	024000ef	jal	x1,8000127c	  x1=0x8000127c
        7295000	       728	00000000	00000013	addi	x0,x0,0	  x0:0x00000000
        7305000	       729	8000129c	00000013	addi	x0,x0,0	  x0:0x00000000
        7315000	       730	800012a0	00c000ef	jal	x1,800012a0	  x1=0x800012a0
        7325000	       731	00000000	00000013	addi	x0,x0,0	  x0:0x00000000
        7335000	       732	800012a8	00000013	addi	x0,x0,0	  x0:0x00000000
        7345000	       733	800012ac	325cc513	xori	x10,x25,805	 x25:0x00000208 x10=0x0000012d
        7355000	       734	800012b0	0500036f	jal	x6,800012b0	  x6=0x800012b0
        7365000	       735	00000000	00000013	addi	x0,x0,0	  x0:0x00000000
        7375000	       736	800012fc	00000013	addi	x0,x0,0	  x0:0x00000000
        7385000	       737	80001300	0080036f	jal	x6,80001300	  x6=0x80001300
        7395000	       738	00000000	00000013	addi	x0,x0,0	  x0:0x00000000
        7405000	       739	80001304	00000013	addi	x0,x0,0	  x0:0x00000000
        7415000	       740	80001308	fb5ff7ef	jal	x15,80001308	 x15=0x80001308
        7425000	       741	00000000	00000013	addi	x0,x0,0	  x0:0x00000000
        7435000	       742	800012b8	00000013	addi	x0,x0,0	  x0:0x00000000
        7445000	       743	800012bc	034001ef	jal	x3,800012bc	  x3=0x800012bc
        7455000	       744	00000000	00000013	addi	x0,x0,0	  x0:0x00000000
        7465000	       745	800012ec	00000013	addi	x0,x0,0	  x0:0x00000000
        7475000	       746	800012f0	ffdfffef	jal	x31,800012f0	 x31=0x800012f0
        7485000	       747	00000000	00000013	addi	x0,x0,0	  x0:0x00000000
        7495000	       748	800012e8	00000013	addi	x0,x0,0	  x0:0x00000000
        7505000	       749	800012ec	ff5ff0ef	jal	x1,800012ec	  x1=0x800012ec
        7515000	       750	00000000	00000013	addi	x0,x0,0	  x0:0x00000000
        7525000	       751	800012dc	00000013	addi	x0,x0,0	  x0:0x00000000
        7535000	       752	800012e0	fedff26f	jal	x4,800012e0	  x4=0x800012e0
        7545000	       753	00000000	00000013	addi	x0,x0,0	  x0:0x00000000
        7555000	       754	800012c8	00000013	addi	x0,x0,0	  x0:0x00000000
        7565000	       755	800012cc	0300036f	jal	x6,800012cc	  x6=0x800012cc
        7575000	       756	00000000	00000013	addi	x0,x0,0	  x0:0x00000000
        7585000	       757	800012f8	00000013	addi	x0,x0,0	  x0:0x00000000
        7595000	       758	800012fc	fb9ff0ef	jal	x1,800012fc	  x1=0x800012fc
        7605000	       759	00000000	00000013	addi	x0,x0,0	  x0:0x00000000
        7615000	       760	800012b0	00000013	addi	x0,x0,0	  x0:0x00000000
        7625000	       761	800012b4	03000a6f	jal	x20,800012b4	 x20=0x800012b4
        7635000	       762	00000000	00000013	addi	x0,x0,0	  x0:0x00000000
        7645000	       763	800012e0	00000013	addi	x0,x0,0	  x0:0x00000000
        7655000	       764	800012e4	ff9ff0ef	jal	x1,800012e4	  x1=0x800012e4
        7665000	       765	00000000	00000013	addi	x0,x0,0	  x0:0x00000000
        7675000	       766	800012d8	00000013	addi	x0,x0,0	  x0:0x00000000
        7685000	       767	800012dc	00c0036f	jal	x6,800012dc	  x6=0x800012dc
        7695000	       768	00000000	00000013	addi	x0,x0,0	  x0:0x00000000
        7705000	       769	800012e4	00000013	addi	x0,x0,0	  x0:0x00000000
        7715000	       770	800012e8	fe1ff0ef	jal	x1,800012e8	  x1=0x800012e8
        7725000	       771	00000000	00000013	addi	x0,x0,0	  x0:0x00000000
        7735000	       772	800012c4	00000013	addi	x0,x0,0	  x0:0x00000000
        7745000	       773	800012c8	ffdff96f	jal	x18,800012c8	 x18=0x800012c8
        7755000	       774	00000000	00000013	addi	x0,x0,0	  x0:0x00000000
        7765000	       775	800012c0	00000013	addi	x0,x0,0	  x0:0x00000000
        7775000	       776	800012c4	0400036f	jal	x6,800012c4	  x6=0x800012c4
        7785000	       777	00000000	00000013	addi	x0,x0,0	  x0:0x00000000
        7795000	       778	80001300	00000013	addi	x0,x0,0	  x0:0x00000000
        7805000	       779	80001304	ff1ff0ef	jal	x1,80001304	  x1=0x80001304
        7815000	       780	00000000	00000013	addi	x0,x0,0	  x0:0x00000000
        7825000	       781	800012f0	00000013	addi	x0,x0,0	  x0:0x00000000
        7835000	       782	800012f4	fcdff0ef	jal	x1,800012f4	  x1=0x800012f4
        7845000	       783	00000000	00000013	addi	x0,x0,0	  x0:0x00000000
        7855000	       784	800012bc	00000013	addi	x0,x0,0	  x0:0x00000000
        7865000	       785	800012c0	038000ef	jal	x1,800012c0	  x1=0x800012c0
        7875000	       786	00000000	00000013	addi	x0,x0,0	  x0:0x00000000
        7885000	       787	800012f4	00000013	addi	x0,x0,0	  x0:0x00000000
        7895000	       788	800012f8	fc1ff1ef	jal	x3,800012f8	  x3=0x800012f8
        7905000	       789	00000000	00000013	addi	x0,x0,0	  x0:0x00000000
        7915000	       790	800012b4	00000013	addi	x0,x0,0	  x0:0x00000000
        7925000	       791	800012b8	0180036f	jal	x6,800012b8	  x6=0x800012b8
        7935000	       792	00000000	00000013	addi	x0,x0,0	  x0:0x00000000
        7945000	       793	800012cc	00000013	addi	x0,x0,0	  x0:0x00000000
        7955000	       794	800012d0	0080016f	jal	x2,800012d0	  x2=0x800012d0
        7965000	       795	00000000	00000013	addi	x0,x0,0	  x0:0x00000000
        7975000	       796	800012d4	00000013	addi	x0,x0,0	  x0:0x00000000
        7985000	       797	800012d8	ffdff26f	jal	x4,800012d8	  x4=0x800012d8
        7995000	       798	00000000	00000013	addi	x0,x0,0	  x0:0x00000000
        8005000	       799	800012d0	00000013	addi	x0,x0,0	  x0:0x00000000
        8015000	       800	800012d4	0380036f	jal	x6,800012d4	  x6=0x800012d4
        8025000	       801	00000000	00000013	addi	x0,x0,0	  x0:0x00000000
        8035000	       802	80001308	00000013	addi	x0,x0,0	  x0:0x00000000
        8045000	       803	8000130c	cfc9ff93	andi	x31,x19,-772	 x19:0x80001200 x31=0x80001000
        8055000	       804	80001310	03c0036f	jal	x6,80001310	  x6=0x80001310
        8065000	       805	00000000	00000013	addi	x0,x0,0	  x0:0x00000000
        8075000	       806	80001348	00000013	addi	x0,x0,0	  x0:0x00000000
        8085000	       807	8000134c	00400c6f	jal	x24,8000134c	 x24=0x8000134c
        8095000	       808	00000000	00000013	addi	x0,x0,0	  x0:0x00000000
        8105000	       809	8000134c	00000013	addi	x0,x0,0	  x0:0x00000000
        8115000	       810	80001350	fddff0ef	jal	x1,80001350	  x1=0x80001350
        8125000	       811	00000000	00000013	addi	x0,x0,0	  x0:0x00000000
        8135000	       812	80001328	00000013	addi	x0,x0,0	  x0:0x00000000
        8145000	       813	8000132c	ffdffeef	jal	x29,8000132c	 x29=0x8000132c
        8155000	       814	00000000	00000013	addi	x0,x0,0	  x0:0x00000000
        8165000	       815	80001324	00000013	addi	x0,x0,0	  x0:0x00000000
        8175000	       816	80001328	00c000ef	jal	x1,80001328	  x1=0x80001328
        8185000	       817	00000000	00000013	addi	x0,x0,0	  x0:0x00000000
        8195000	       818	80001330	00000013	addi	x0,x0,0	  x0:0x00000000
        8205000	       819	80001334	014000ef	jal	x1,80001334	  x1=0x80001334
        8215000	       820	00000000	00000013	addi	x0,x0,0	  x0:0x00000000
        8225000	       821	80001344	00000013	addi	x0,x0,0	  x0:0x00000000
        8235000	       822	80001348	fd5ff0ef	jal	x1,80001348	  x1=0x80001348
        8245000	       823	00000000	00000013	addi	x0,x0,0	  x0:0x00000000
        8255000	       824	80001318	00000013	addi	x0,x0,0	  x0:0x00000000
        8265000	       825	8000131c	004000ef	jal	x1,8000131c	  x1=0x8000131c
        8275000	       826	00000000	00000013	addi	x0,x0,0	  x0:0x00000000
        8285000	       827	8000131c	00000013	addi	x0,x0,0	  x0:0x00000000
        8295000	       828	80001320	ff5ff36f	jal	x6,80001320	  x6=0x80001320
        8305000	       829	00000000	00000013	addi	x0,x0,0	  x0:0x00000000
        8315000	       830	80001310	00000013	addi	x0,x0,0	  x0:0x00000000
        8325000	       831	80001314	024000ef	jal	x1,80001314	  x1=0x80001314
        8335000	       832	00000000	00000013	addi	x0,x0,0	  x0:0x00000000
        8345000	       833	80001334	00000013	addi	x0,x0,0	  x0:0x00000000
        8355000	       834	80001338	030000ef	jal	x1,80001338	  x1=0x80001338
        8365000	       835	00000000	00000013	addi	x0,x0,0	  x0:0x00000000
        8375000	       836	80001364	00000013	addi	x0,x0,0	  x0:0x00000000
        8385000	       837	80001368	01c0056f	jal	x10,80001368	 x10=0x80001368
        8395000	       838	00000000	00000013	addi	x0,x0,0	  x0:0x00000000
        8405000	       839	80001380	00000013	addi	x0,x0,0	  x0:0x00000000
        8415000	       840	80001384	ff5ff36f	jal	x6,80001384	  x6=0x80001384
        8425000	       841	00000000	00000013	addi	x0,x0,0	  x0:0x00000000
        8435000	       842	80001374	00000013	addi	x0,x0,0	  x0:0x00000000
        8445000	       843	80001378	fc9ff36f	jal	x6,80001378	  x6=0x80001378
        8455000	       844	00000000	00000013	addi	x0,x0,0	  x0:0x00000000
        8465000	       845	8000133c	00000013	addi	x0,x0,0	  x0:0x00000000
        8475000	       846	80001340	02c000ef	jal	x1,80001340	  x1=0x80001340
        8485000	       847	00000000	00000013	addi	x0,x0,0	  x0:0x00000000
        8495000	       848	80001368	00000013	addi	x0,x0,0	  x0:0x00000000
        8505000	       849	8000136c	fedff0ef	jal	x1,8000136c	  x1=0x8000136c
        8515000	       850	00000000	00000013	addi	x0,x0,0	  x0:0x00000000
        8525000	       851	80001354	00000013	addi	x0,x0,0	  x0:0x00000000
        8535000	       852	80001358	ffdff16f	jal	x2,80001358	  x2=0x80001358
        8545000	       853	00000000	00000013	addi	x0,x0,0	  x0:0x00000000
        8555000	       854	80001350	00000013	addi	x0,x0,0	  x0:0x00000000
        8565000	       855	80001354	010003ef	jal	x7,80001354	  x7=0x80001354
        8575000	       856	00000000	00000013	addi	x0,x0,0	  x0:0x00000000
        8585000	       857	80001360	00000013	addi	x0,x0,0	  x0:0x00000000
        8595000	       858	80001364	fd9ff56f	jal	x10,80001364	 x10=0x80001364
        8605000	       859	00000000	00000013	addi	x0,x0,0	  x0:0x00000000
        8615000	       860	80001338	00000013	addi	x0,x0,0	  x0:0x00000000
        8625000	       861	8000133c	038004ef	jal	x9,8000133c	  x9=0x8000133c
        8635000	       862	00000000	00000013	addi	x0,x0,0	  x0:0x00000000
        8645000	       863	80001370	00000013	addi	x0,x0,0	  x0:0x00000000
        8655000	       864	80001374	fe9ff0ef	jal	x1,80001374	  x1=0x80001374
        8665000	       865	00000000	00000013	addi	x0,x0,0	  x0:0x00000000
        8675000	       866	80001358	00000013	addi	x0,x0,0	  x0:0x00000000
        8685000	       867	8000135c	fc9ff0ef	jal	x1,8000135c	  x1=0x8000135c
        8695000	       868	00000000	00000013	addi	x0,x0,0	  x0:0x00000000
        8705000	       869	80001320	00000013	addi	x0,x0,0	  x0:0x00000000
        8715000	       870	80001324	03c0036f	jal	x6,80001324	  x6=0x80001324
        8725000	       871	00000000	00000013	addi	x0,x0,0	  x0:0x00000000
        8735000	       872	8000135c	00000013	addi	x0,x0,0	  x0:0x00000000
        8745000	       873	80001360	0200036f	jal	x6,80001360	  x6=0x80001360
        8755000	       874	00000000	00000013	addi	x0,x0,0	  x0:0x00000000
        8765000	       875	8000137c	00000013	addi	x0,x0,0	  x0:0x00000000
        8775000	       876	80001380	ffdff0ef	jal	x1,80001380	  x1=0x80001380
        8785000	       877	00000000	00000013	addi	x0,x0,0	  x0:0x00000000
        8795000	       878	80001378	00000013	addi	x0,x0,0	  x0:0x00000000
        8805000	       879	8000137c	f9dff0ef	jal	x1,8000137c	  x1=0x8000137c
        8815000	       880	00000000	00000013	addi	x0,x0,0	  x0:0x00000000
        8825000	       881	80001314	00000013	addi	x0,x0,0	  x0:0x00000000
        8835000	       882	80001318	02c0036f	jal	x6,80001318	  x6=0x80001318
        8845000	       883	00000000	00000013	addi	x0,x0,0	  x0:0x00000000
        8855000	       884	80001340	00000013	addi	x0,x0,0	  x0:0x00000000
        8865000	       885	80001344	02c000ef	jal	x1,80001344	  x1=0x80001344
        8875000	       886	00000000	00000013	addi	x0,x0,0	  x0:0x00000000
        8885000	       887	8000136c	00000013	addi	x0,x0,0	  x0:0x00000000
        8895000	       888	80001370	fc1ff0ef	jal	x1,80001370	  x1=0x80001370
        8905000	       889	00000000	00000013	addi	x0,x0,0	  x0:0x00000000
        8915000	       890	8000132c	00000013	addi	x0,x0,0	  x0:0x00000000
        8925000	       891	80001330	058000ef	jal	x1,80001330	  x1=0x80001330
        8935000	       892	00000000	00000013	addi	x0,x0,0	  x0:0x00000000
        8945000	       893	80001384	00000013	addi	x0,x0,0	  x0:0x00000000
        8955000	       894	80001388	009dcf33	xor	x30,x27,x9	 x27:0xfbc26cca  x9:0x8000133c x30=0x7bc27ff6
        8965000	       895	8000138c	0140036f	jal	x6,8000138c	  x6=0x8000138c
        8975000	       896	00000000	00000013	addi	x0,x0,0	  x0:0x00000000
        8985000	       897	8000139c	00000013	addi	x0,x0,0	  x0:0x00000000
        8995000	       898	800013a0	014000ef	jal	x1,800013a0	  x1=0x800013a0
        9005000	       899	00000000	00000013	addi	x0,x0,0	  x0:0x00000000
        9015000	       900	800013b0	00000013	addi	x0,x0,0	  x0:0x00000000
        9025000	       901	800013b4	ff9ff0ef	jal	x1,800013b4	  x1=0x800013b4
        9035000	       902	00000000	00000013	addi	x0,x0,0	  x0:0x00000000
        9045000	       903	800013a8	00000013	addi	x0,x0,0	  x0:0x00000000
        9055000	       904	800013ac	ff1ff0ef	jal	x1,800013ac	  x1=0x800013ac
        9065000	       905	00000000	00000013	addi	x0,x0,0	  x0:0x00000000
        9075000	       906	80001398	00000013	addi	x0,x0,0	  x0:0x00000000
        9085000	       907	8000139c	00c000ef	jal	x1,8000139c	  x1=0x8000139c
        9095000	       908	00000000	00000013	addi	x0,x0,0	  x0:0x00000000
        9105000	       909	800013a4	00000013	addi	x0,x0,0	  x0:0x00000000
        9115000	       910	800013a8	fedff26f	jal	x4,800013a8	  x4=0x800013a8
        9125000	       911	00000000	00000013	addi	x0,x0,0	  x0:0x00000000
        9135000	       912	80001390	00000013	addi	x0,x0,0	  x0:0x00000000
        9145000	       913	80001394	024000ef	jal	x1,80001394	  x1=0x80001394
        9155000	       914	00000000	00000013	addi	x0,x0,0	  x0:0x00000000
        9165000	       915	800013b4	00000013	addi	x0,x0,0	  x0:0x00000000
        9175000	       916	800013b8	fedff36f	jal	x6,800013b8	  x6=0x800013b8
        9185000	       917	00000000	00000013	addi	x0,x0,0	  x0:0x00000000
        9195000	       918	800013a0	00000013	addi	x0,x0,0	  x0:0x00000000
        9205000	       919	800013a4	fedff0ef	jal	x1,800013a4	  x1=0x800013a4
        9215000	       920	00000000	00000013	addi	x0,x0,0	  x0:0x00000000
        9225000	       921	8000138c	00000013	addi	x0,x0,0	  x0:0x00000000
        9235000	       922	80001390	008000ef	jal	x1,80001390	  x1=0x80001390
        9245000	       923	00000000	00000013	addi	x0,x0,0	  x0:0x00000000
        9255000	       924	80001394	00000013	addi	x0,x0,0	  x0:0x00000000
        9265000	       925	80001398	028000ef	jal	x1,80001398	  x1=0x80001398
        9275000	       926	00000000	00000013	addi	x0,x0,0	  x0:0x00000000
        9285000	       927	800013bc	00000013	addi	x0,x0,0	  x0:0x00000000
        9295000	       928	800013c0	ffdff36f	jal	x6,800013c0	  x6=0x800013c0
        9305000	       929	00000000	00000013	addi	x0,x0,0	  x0:0x00000000
        9315000	       930	800013b8	00000013	addi	x0,x0,0	  x0:0x00000000
        9325000	       931	800013bc	ff5ff0ef	jal	x1,800013bc	  x1=0x800013bc
        9335000	       932	00000000	00000013	addi	x0,x0,0	  x0:0x00000000
        9345000	       933	800013ac	00000013	addi	x0,x0,0	  x0:0x00000000
        9355000	       934	800013b0	0140016f	jal	x2,800013b0	  x2=0x800013b0
        9365000	       935	00000000	00000013	addi	x0,x0,0	  x0:0x00000000
        9375000	       936	800013c0	00000013	addi	x0,x0,0	  x0:0x00000000
        9385000	       937	800013c4	6ba64f93	xori	x31,x12,1722	 x12:0xc0000000 x31=0xc00006ba
        9395000	       938	800013c8	00308cb3	add	x25,x1,x3	  x1:0x800013bc  x3:0x800012f8 x25=0x000026b4
        9405000	       939	800013cc	d5942313	slti	x6,x8,-679	  x8:0x00000001  x6=0x00000000
        9415000	       940	800013d0	04976463	bltu	x14,x9,80001418	 x14:0x8000122c  x9:0x8000133c
        9425000	       941	00000000	00000013	addi	x0,x0,0	  x0:0x00000000
        9435000	       942	80001414	00000013	addi	x0,x0,0	  x0:0x00000000
        9445000	       943	80001418	01fee7b3	or	x15,x29,x31	 x29:0x8000132c x31:0xc00006ba x15=0xc00017be
        9455000	       944	8000141c	00000013	addi	x0,x0,0	  x0:0x00000000
        9465000	       945	80001420	156b4593	xori	x11,x22,342	 x22:0x843e26f6 x11=0x843e27a0
        9475000	       946	80001424	01395033	srl	x0,x18,x19	 x18:0x800012c8 x19:0x80001200
        9485000	       947	80001428	5c8a7593	andi	x11,x20,1480	 x20:0x800012b4 x11=0x00000080
        9495000	       948	8000142c	01b51c63	bne	x10,x27,80001444	 x10:0x80001364 x27:0xfbc26cca
        9505000	       949	00000000	00000013	addi	x0,x0,0	  x0:0x00000000
        9515000	       950	80001440	00000013	addi	x0,x0,0	  x0:0x00000000
        9525000	       951	80001444	41505213	srai	x4,x0,0x15	  x0:0x00000000  x4=0x00000000
        9535000	       952	80001448	d363d497	auipc	x9,0xd363d	  x9=0x5363e444
        9545000	       953	8000144c	00000013	addi	x0,x0,0	  x0:0x00000000
        9555000	       954	80001450	00858863	beq	x11,x8,80001460	 x11:0x00000080  x8:0x00000001
        9565000	       955	80001454	412a57b3	sra	x15,x20,x18	 x20:0x800012b4 x18:0x800012c8 x15=0xff800012
        9575000	       956	80001458	02128263	beq	x5,x1,8000147c	  x5:0x80009f78  x1:0x800013bc
        9585000	       957	8000145c	4a2d8013	addi	x0,x27,1186	 x27:0xfbc26cca
        9595000	       958	80001460	94e7a213	slti	x4,x15,-1714	 x15:0xff800012  x4=0x00000001
        9605000	       959	80001464	4071db33	sra	x22,x3,x7	  x3:0x800012f8  x7:0x80001354 x22=0xfffff800
        9615000	       960	80001468	03a36863	bltu	x6,x26,80001498	  x6:0x00000000 x26:0xf00013eb
        9625000	       961	00000000	00000013	addi	x0,x0,0	  x0:0x00000000
        9635000	       962	80001494	00000013	addi	x0,x0,0	  x0:0x00000000
        9645000	       963	80001498	00e61f93	slli	x31,x12,0xe	 x12:0xc0000000 x31=0x00000000
        9655000	       964	8000149c	00000013	addi	x0,x0,0	  x0:0x00000000
        9665000	       965	800014a0	05574e63	blt	x14,x21,800014fc	 x14:0x8000122c x21:0xd4c1d000
        9675000	       966	00000000	00000013	addi	x0,x0,0	  x0:0x00000000
        9685000	       967	800014f8	00000013	addi	x0,x0,0	  x0:0x00000000
        9695000	       968	800014fc	f2f07513	andi	x10,x0,-209	  x0:0x00000000 x10=0x00000000
        9705000	       969	80001500	013a37b3	sltu	x15,x20,x19	 x20:0x800012b4 x19:0x80001200 x15=0x00000000
        9715000	       970	80001504	378d7313	andi	x6,x26,888	 x26:0xf00013eb  x6=0x00000368
        9725000	       971	80001508	93cea893	slti	x17,x29,-1732	 x29:0x8000132c x17=0x00000001
        9735000	       972	8000150c	008bf0b3	and	x1,x23,x8	 x23:0x80009fc4  x8:0x00000001  x1=0x00000000
        9745000	       973	80001510	7d81e897	auipc	x17,0x7d81e	 x17=0xfd81f50c
        9755000	       974	80001514	00cca233	slt	x4,x25,x12	 x25:0x000026b4 x12:0xc0000000  x4=0x00000000
        9765000	       975	80001518	01fa9693	slli	x13,x21,0x1f	 x21:0xd4c1d000 x13=0x00000000
        9775000	       976	8000151c	41a0d7b3	sra	x15,x1,x26	  x1:0x00000000 x26:0xf00013eb x15=0x00000000
        9785000	       977	80001520	0022ecb3	or	x25,x5,x2	  x5:0x80009f78  x2:0x800013b0 x25=0x80009ff8
        9795000	       978	80001524	005bd933	srl	x18,x23,x5	 x23:0x80009fc4  x5:0x80009f78 x18=0x00000080
        9805000	       979	80001528	41f80eb3	sub	x29,x16,x31	 x16:0x00000006 x31:0x00000000 x29=0x00000006
        9815000	       980	8000152c	011e8663	beq	x29,x17,80001538	 x29:0x00000006 x17:0xfd81f50c
        9825000	       981	80001530	18892c93	slti	x25,x18,392	 x18:0x00000080 x25=0x00000001
        9835000	       982	80001534	40ec0f33	sub	x30,x24,x14	 x24:0x8000134c x14:0x8000122c x30=0x00000120
        9845000	       983	80001538	ab1ff36f	jal	x6,80001538	  x6=0x80001538
        9855000	       984	00000000	00000013	addi	x0,x0,0	  x0:0x00000000
        9865000	       985	80000fe4	00000013	addi	x0,x0,0	  x0:0x00000000
        9875000	       986	80000fe8	42860993	addi	x19,x12,1064	 x12:0xc0000000 x19=0xc0000428
        9885000	       987	80000fec	fe028293	addi	x5,x5,-32	  x5:0x80009f78  x5=0x80009f58
        9895000	       988	80000ff0	006cefb3	or	x31,x25,x6	 x25:0x00000001  x6:0x80001538 x31=0x80001539
        9905000	       989	80000ff4	0062a223	sw	x6,4(x5)	  x5:0x80009f58  x6:0x80001538 PA:0x80009f5c
        9915000	       990	80000ff8	00d43f33	sltu	x30,x8,x13	  x8:0x00000001 x13:0x00000000 x30=0x00000000
        9925000	       991	80000ffc	01dfeab3	or	x21,x31,x29	 x31:0x80001539 x29:0x00000006 x21=0x8000153f
        9935000	       992	80001000	02ac8063	beq	x25,x10,80001020	 x25:0x00000001 x10:0x00000000
        9945000	       993	80001004	01e3d5b3	srl	x11,x7,x30	  x7:0x80001354 x30:0x00000000 x11=0x80001354
        9955000	       994	80001008	013143b3	xor	x7,x2,x19	  x2:0x800013b0 x19:0xc0000428  x7=0x40001798
        9965000	       995	8000100c	4189d733	sra	x14,x19,x24	 x19:0xc0000428 x24:0x8000134c x14=0xfffc0000
        9975000	       996	80001010	00c0da13	srli	x20,x1,0xc	  x1:0x00000000 x20=0x00000000
        9985000	       997	80001014	01121863	bne	x4,x17,80001024	  x4:0x00000000 x17:0xfd81f50c
        9995000	       998	00000000	00000013	addi	x0,x0,0	  x0:0x00000000
       10005000	       999	80001020	00000013	addi	x0,x0,0	  x0:0x00000000
       10015000	      1000	80001024	0055cc33	xor	x24,x11,x5	 x11:0x80001354  x5:0x80009f58 x24=0x00008c0c
       10025000	      1001	80001028	01107ab3	and	x21,x0,x17	  x0:0x00000000 x17:0xfd81f50c x21=0x00000000
       10035000	      1002	8000102c	01f91f13	slli	x30,x18,0x1f	 x18:0x00000080 x30=0x00000000
       10045000	      1003	80001030	56deb013	sltiu	x0,x29,1389	 x29:0x00000006
       10055000	      1004	80001034	01b79633	sll	x12,x15,x27	 x15:0x00000000 x27:0xfbc26cca x12=0x00000000
       10065000	      1005	80001038	00000013	addi	x0,x0,0	  x0:0x00000000
       10075000	      1006	8000103c	41c357b3	sra	x15,x6,x28	  x6:0x80001538 x28:0x80000000 x15=0x80001538
       10085000	      1007	80001040	02224c63	blt	x4,x2,80001078	  x4:0x00000000  x2:0x800013b0
       10095000	      1008	80001044	0001a733	slt	x14,x3,x0	  x3:0x800012f8  x0:0x00000000 x14=0x00000001
       10105000	      1009	80001048	0015ef33	or	x30,x11,x1	 x11:0x80001354  x1:0x00000000 x30=0x80001354
       10115000	      1010	8000104c	3335ec13	ori	x24,x11,819	 x11:0x80001354 x24=0x80001377
       10125000	      1011	80001050	a9b64993	xori	x19,x12,-1381	 x12:0x00000000 x19=0xfffffa9b
       10135000	      1012	80001054	40eb08b3	sub	x17,x22,x14	 x22:0xfffff800 x14:0x00000001 x17=0xfffff7ff
       10145000	      1013	80001058	405ed513	srai	x10,x29,0x5	 x29:0x00000006 x10=0x00000000
       10155000	      1014	8000105c	40080233	sub	x4,x16,x0	 x16:0x00000006  x0:0x00000000  x4=0x00000006
       10165000	      1015	80001060	046cd063	bge	x25,x6,800010a0	 x25:0x00000001  x6:0x80001538
       10175000	      1016	00000000	00000013	addi	x0,x0,0	  x0:0x00000000
       10185000	      1017	8000109c	00000013	addi	x0,x0,0	  x0:0x00000000
       10195000	      1018	800010a0	01abf863	bgeu	x23,x26,800010b0	 x23:0x80009fc4 x26:0xf00013eb
       10205000	      1019	800010a4	01aa9793	slli	x15,x21,0x1a	 x21:0x00000000 x15=0x00000000
       10215000	      1020	800010a8	02da8c63	beq	x21,x13,800010e0	 x21:0x00000000 x13:0x00000000
       10225000	      1021	00000000	00000013	addi	x0,x0,0	  x0:0x00000000
       10235000	      1022	800010dc	00000013	addi	x0,x0,0	  x0:0x00000000
       10245000	      1023	800010e0	00f9fd33	and	x26,x19,x15	 x19:0xfffffa9b x15:0x00000000 x26=0x00000000
       10255000	      1024	800010e4	03189263	bne	x17,x17,80001108	 x17:0xfffff7ff x17:0xfffff7ff
       10265000	      1025	800010e8	cf327597	auipc	x11,0xcf327	 x11=0x4f3280e4
       10275000	      1026	800010ec	40875633	sra	x12,x14,x8	 x14:0x00000001  x8:0x00000001 x12=0x00000000
       10285000	      1027	800010f0	01a455b3	srl	x11,x8,x26	  x8:0x00000001 x26:0x00000000 x11=0x00000001
       10295000	      1028	800010f4	48467093	andi	x1,x12,1156	 x12:0x00000000  x1=0x00000000
       10305000	      1029	800010f8	8fbe8a93	addi	x21,x29,-1797	 x29:0x00000006 x21=0xfffff901
       10315000	      1030	800010fc	01aa11b3	sll	x3,x20,x26	 x20:0x00000000 x26:0x00000000  x3=0x00000000
       10325000	      1031	80001100	00b88333	add	x6,x17,x11	 x17:0xfffff7ff x11:0x00000001  x6=0xfffff800
       10335000	      1032	80001104	40638233	sub	x4,x7,x6	  x7:0x40001798  x6:0xfffff800  x4=0x40001f98
       10345000	      1033	80001108	009aa8b3	slt	x17,x21,x9	 x21:0xfffff901  x9:0x5363e444 x17=0x00000001
       10355000	      1034	8000110c	2687e513	ori	x10,x15,616	 x15:0x00000000 x10=0x00000268
       10365000	      1035	80001110	7afabf93	sltiu	x31,x21,1967	 x21:0xfffff901 x31=0x00000000
       10375000	      1036	80001114	00116863	bltu	x2,x1,80001124	  x2:0x800013b0  x1:0x00000000
       10385000	      1037	80001118	04205e63	bge	x0,x2,80001174	  x0:0x00000000  x2:0x800013b0
       10395000	      1038	00000000	00000013	addi	x0,x0,0	  x0:0x00000000
       10405000	      1039	80001170	00000013	addi	x0,x0,0	  x0:0x00000000
       10415000	      1040	80001174	015b1cb3	sll	x25,x22,x21	 x22:0xfffff800 x21:0xfffff901 x25=0xfffff000
       10425000	      1041	80001178	11c52113	slti	x2,x10,284	 x10:0x00000268  x2=0x00000000
       10435000	      1042	8000117c	0042a303	lw	x6,4(x5)	  x5:0x80009f58  x6=0x80001538 PA:0x80009f5c
       10445000	      1043	80001180	01711c93	slli	x25,x2,0x17	  x2:0x00000000 x25=0x00000000
       10455000	      1044	80001184	00cc1193	slli	x3,x24,0xc	 x24:0x80001377  x3=0x01377000
       10465000	      1045	80001188	411503b3	sub	x7,x10,x17	 x10:0x00000268 x17:0x00000001  x7=0x00000267
       10475000	      1046	8000118c	02028293	addi	x5,x5,32	  x5:0x80009f58  x5=0x80009f78
       10485000	      1047	80001190	00d2c9b3	xor	x19,x5,x13	  x5:0x80009f78 x13:0x00000000 x19=0x80009f78
       10495000	      1048	80001194	5417b613	sltiu	x12,x15,1345	 x15:0x00000000 x12=0x00000001
       10505000	      1049	80001198	00130413	addi	x8,x6,1	  x6:0x80001538  x8=0x80001539
       10515000	      1050	8000119c	00040467	jalr	x8,x8,0	  x8:0x80001539  x8=0x8000119c
       10525000	      1051	00000000	00000013	addi	x0,x0,0	  x0:0x00000000
       10535000	      1052	80001538	00000013	addi	x0,x0,0	  x0:0x00000000
       10545000	      1053	8000153c	423a4c13	xori	x24,x20,1059	 x20:0x00000000 x24=0x00000423
       10555000	      1054	80001540	01be11b3	sll	x3,x28,x27	 x28:0x80000000 x27:0xfbc26cca  x3=0x00000000
       10565000	      1055	80001544	01cdc733	xor	x14,x27,x28	 x27:0xfbc26cca x28:0x80000000 x14=0x7bc26cca
       10575000	      1056	80001548	cd5e7413	andi	x8,x28,-811	 x28:0x80000000  x8=0x80000000
       10585000	      1057	8000154c	40dcd4b3	sra	x9,x25,x13	 x25:0x00000000 x13:0x00000000  x9=0x00000000
       10595000	      1058	80001550	00630463	beq	x6,x6,80001558	  x6:0x80001538  x6:0x80001538
       10605000	      1059	00000000	00000013	addi	x0,x0,0	  x0:0x00000000
       10615000	      1060	80001554	00000013	addi	x0,x0,0	  x0:0x00000000
       10625000	      1061	80001558	01f94333	xor	x6,x18,x31	 x18:0x00000080 x31:0x00000000  x6=0x00000080
       10635000	      1062	8000155c	00adb433	sltu	x8,x27,x10	 x27:0xfbc26cca x10:0x00000268  x8=0x00000000
       10645000	      1063	80001560	4145dc13	srai	x24,x11,0x14	 x11:0x00000001 x24=0x00000000
       10655000	      1064	80001564	f71ed037	lui	x0,0xf71ed	
       10665000	      1065	80001568	4196a593	slti	x11,x13,1049	 x13:0x00000000 x11=0x00000001
       10675000	      1066	8000156c	00d15463	bge	x2,x13,80001574	  x2:0x00000000 x13:0x00000000
       10685000	      1067	00000000	00000013	addi	x0,x0,0	  x0:0x00000000
       10695000	      1068	80001570	00000013	addi	x0,x0,0	  x0:0x00000000
       10705000	      1069	80001574	04e28463	beq	x5,x14,800015bc	  x5:0x80009f78 x14:0x7bc26cca
       10715000	      1070	80001578	ffb07313	andi	x6,x0,-5	  x0:0x00000000  x6=0x00000000
       10725000	      1071	8000157c	00000013	addi	x0,x0,0	  x0:0x00000000
       10735000	      1072	80001580	01f79863	bne	x15,x31,80001590	 x15:0x00000000 x31:0x00000000
       10745000	      1073	80001584	ac447693	andi	x13,x8,-1340	  x8:0x00000000 x13=0x00000000
       10755000	      1074	80001588	00d30c63	beq	x6,x13,800015a0	  x6:0x00000000 x13:0x00000000
       10765000	      1075	00000000	00000013	addi	x0,x0,0	  x0:0x00000000
       10775000	      1076	8000159c	00000013	addi	x0,x0,0	  x0:0x00000000
       10785000	      1077	800015a0	dcdc6013	ori	x0,x24,-563	 x24:0x00000000
       10795000	      1078	800015a4	015ee463	bltu	x29,x21,800015ac	 x29:0x00000006 x21:0xfffff901
       10805000	      1079	00000000	00000013	addi	x0,x0,0	  x0:0x00000000
       10815000	      1080	800015a8	00000013	addi	x0,x0,0	  x0:0x00000000
       10825000	      1081	800015ac	405e8233	sub	x4,x29,x5	 x29:0x00000006  x5:0x80009f78  x4=0x7fff608e
       10835000	      1082	800015b0	7caf1197	auipc	x3,0x7caf1	  x3=0xfcaf25ac
       10845000	      1083	800015b4	05fc7663	bgeu	x24,x31,80001600	 x24:0x00000000 x31:0x00000000
       10855000	      1084	00000000	00000013	addi	x0,x0,0	  x0:0x00000000
       10865000	      1085	800015fc	00000013	addi	x0,x0,0	  x0:0x00000000
       10875000	      1086	80001600	c2643617	auipc	x12,0xc2643	 x12=0x426445fc
       10885000	      1087	80001604	01515c63	bge	x2,x21,8000161c	  x2:0x00000000 x21:0xfffff901
       10895000	      1088	00000000	00000013	addi	x0,x0,0	  x0:0x00000000
       10905000	      1089	80001618	00000013	addi	x0,x0,0	  x0:0x00000000
       10915000	      1090	8000161c	73d2a693	slti	x13,x5,1853	  x5:0x80009f78 x13=0x00000001
       10925000	      1091	80001620	00f71a13	slli	x20,x14,0xf	 x14:0x7bc26cca x20=0x36650000
       10935000	      1092	80001624	bbca2713	slti	x14,x20,-1092	 x20:0x36650000 x14=0x00000000
       10945000	      1093	80001628	02469a63	bne	x13,x4,8000165c	 x13:0x00000001  x4:0x7fff608e
       10955000	      1094	00000000	00000013	addi	x0,x0,0	  x0:0x00000000
       10965000	      1095	80001658	00000013	addi	x0,x0,0	  x0:0x00000000
       10975000	      1096	8000165c	41b2deb3	sra	x29,x5,x27	  x5:0x80009f78 x27:0xfbc26cca x29=0xffe00027
       10985000	      1097	80001660	03d84263	blt	x16,x29,80001684	 x16:0x00000006 x29:0xffe00027
       10995000	      1098	80001664	4008dd33	sra	x26,x17,x0	 x17:0x00000001  x0:0x00000000 x26=0x00000001
       11005000	      1099	80001668	01eda4b3	slt	x9,x27,x30	 x27:0xfbc26cca x30:0x80001354  x9=0x00000000
       11015000	      1100	8000166c	01f5d213	srli	x4,x11,0x1f	 x11:0x00000001  x4=0x00000000
       11025000	      1101	80001670	b3f8a813	slti	x16,x17,-1217	 x17:0x00000001 x16=0x00000000
       11035000	      1102	80001674	013a4463	blt	x20,x19,8000167c	 x20:0x36650000 x19:0x80009f78
       11045000	      1103	80001678	00d41a33	sll	x20,x8,x13	  x8:0x00000000 x13:0x00000001 x20=0x00000000
       11055000	      1104	8000167c	c8b37613	andi	x12,x6,-885	  x6:0x00000000 x12=0x00000000
       11065000	      1105	80001680	00127c63	bgeu	x4,x1,80001698	  x4:0x00000000  x1:0x00000000
       11075000	      1106	00000000	00000013	addi	x0,x0,0	  x0:0x00000000
       11085000	      1107	80001694	00000013	addi	x0,x0,0	  x0:0x00000000
       11095000	      1108	80001698	01587463	bgeu	x16,x21,800016a0	 x16:0x00000000 x21:0xfffff901
       11105000	      1109	8000169c	0f6c6a17	auipc	x20,0xf6c6	 x20=0x8f6c7698
       11115000	      1110	800016a0	03c06863	bltu	x0,x28,800016d0	  x0:0x00000000 x28:0x80000000
       11125000	      1111	00000000	00000013	addi	x0,x0,0	  x0:0x00000000
       11135000	      1112	800016cc	00000013	addi	x0,x0,0	  x0:0x00000000
       11145000	      1113	800016d0	e8cb0193	addi	x3,x22,-372	 x22:0xfffff800  x3=0xfffff68c
       11155000	      1114	800016d4	00e25233	srl	x4,x4,x14	  x4:0x00000000 x14:0x00000000  x4=0x00000000
       11165000	      1115	800016d8	01cdc863	blt	x27,x28,800016e8	 x27:0xfbc26cca x28:0x80000000
       11175000	      1116	800016dc	017d15b3	sll	x11,x26,x23	 x26:0x00000001 x23:0x80009fc4 x11=0x00000010
       11185000	      1117	800016e0	05d5f663	bgeu	x11,x29,8000172c	 x11:0x00000010 x29:0xffe00027
       11195000	      1118	800016e4	000e9863	bne	x29,x0,800016f4	 x29:0xffe00027  x0:0x00000000
       11205000	      1119	00000000	00000013	addi	x0,x0,0	  x0:0x00000000
       11215000	      1120	800016f0	00000013	addi	x0,x0,0	  x0:0x00000000
       11225000	      1121	800016f4	00ddf5b3	and	x11,x27,x13	 x27:0xfbc26cca x13:0x00000001 x11=0x00000000
       11235000	      1122	800016f8	01f53fb3	sltu	x31,x10,x31	 x10:0x00000268 x31:0x00000000 x31=0x00000000
       11245000	      1123	800016fc	00139193	slli	x3,x7,0x1	  x7:0x00000267  x3=0x000004ce
       11255000	      1124	80001700	00a64133	xor	x2,x12,x10	 x12:0x00000000 x10:0x00000268  x2=0x00000268
       11265000	      1125	80001704	00410c63	beq	x2,x4,8000171c	  x2:0x00000268  x4:0x00000000
       11275000	      1126	80001708	02c2da63	bge	x5,x12,8000173c	  x5:0x80009f78 x12:0x00000000
       11285000	      1127	8000170c	03b0f863	bgeu	x1,x27,8000173c	  x1:0x00000000 x27:0xfbc26cca
       11295000	      1128	80001710	007d1c33	sll	x24,x26,x7	 x26:0x00000001  x7:0x00000267 x24=0x00000080
       11305000	      1129	80001714	01714463	blt	x2,x23,8000171c	  x2:0x00000268 x23:0x80009fc4
       11315000	      1130	80001718	477b7013	andi	x0,x22,1143	 x22:0xfffff800
       11325000	      1131	8000171c	00000013	addi	x0,x0,0	  x0:0x00000000
       11335000	      1132	80001720	413ddcb3	sra	x25,x27,x19	 x27:0xfbc26cca x19:0x80009f78 x25=0xfffffffb
       11345000	      1133	80001724	64936613	ori	x12,x6,1609	  x6:0x00000000 x12=0x00000649
       11355000	      1134	80001728	41dd0833	sub	x16,x26,x29	 x26:0x00000001 x29:0xffe00027 x16=0x001fffda
       11365000	      1135	8000172c	01bf9333	sll	x6,x31,x27	 x31:0x00000000 x27:0xfbc26cca  x6=0x00000000
       11375000	      1136	80001730	03f61263	bne	x12,x31,80001754	 x12:0x00000649 x31:0x00000000
       11385000	      1137	00000000	00000013	addi	x0,x0,0	  x0:0x00000000
       11395000	      1138	80001750	00000013	addi	x0,x0,0	  x0:0x00000000
       11405000	      1139	80001754	41db8333	sub	x6,x23,x29	 x23:0x80009fc4 x29:0xffe00027  x6=0x80209f9d
       11415000	      1140	80001758	4ea64897	auipc	x17,0x4ea64	 x17=0xcea65754
       11425000	      1141	8000175c	00c1d633	srl	x12,x3,x12	  x3:0x000004ce x12:0x00000649 x12=0x00000002
       11435000	      1142	80001760	00847333	and	x6,x8,x8	  x8:0x00000000  x8:0x00000000  x6=0x00000000
       11445000	      1143	80001764	013c4863	blt	x24,x19,80001774	 x24:0x00000080 x19:0x80009f78
       11455000	      1144	80001768	00911793	slli	x15,x2,0x9	  x2:0x00000268 x15=0x0004d000
       11465000	      1145	8000176c	41b0d093	srai	x1,x1,0x1b	  x1:0x00000000  x1=0x00000000
       11475000	      1146	80001770	3f1aa197	auipc	x3,0x3f1aa	  x3=0xbf1ab76c
       11485000	      1147	80001774	014af5b3	and	x11,x21,x20	 x21:0xfffff901 x20:0x8f6c7698 x11=0x8f6c7000
       11495000	      1148	80001778	016f0db3	add	x27,x30,x22	 x30:0x80001354 x22:0xfffff800 x27=0x80000b54
       11505000	      1149	8000177c	00000013	addi	x0,x0,0	  x0:0x00000000
       11515000	      1150	80001780	9b870a93	addi	x21,x14,-1608	 x14:0x00000000 x21=0xfffff9b8
       11525000	      1151	80001784	cfcb8c17	auipc	x24,0xcfcb8	 x24=0x4fcb9780
       11535000	      1152	80001788	03b3e663	bltu	x7,x27,800017b4	  x7:0x00000267 x27:0x80000b54
       11545000	      1153	00000000	00000013	addi	x0,x0,0	  x0:0x00000000
       11555000	      1154	800017b0	00000013	addi	x0,x0,0	  x0:0x00000000
       11565000	      1155	800017b4	8d64e993	ori	x19,x9,-1834	  x9:0x00000000 x19=0xfffff8d6
       11575000	      1156	800017b8	01432633	slt	x12,x6,x20	  x6:0x00000000 x20:0x8f6c7698 x12=0x00000000
       11585000	      1157	800017bc	03cb6663	bltu	x22,x28,800017e8	 x22:0xfffff800 x28:0x80000000
       11595000	      1158	800017c0	006b1f33	sll	x30,x22,x6	 x22:0xfffff800  x6:0x00000000 x30=0xfffff800
       11605000	      1159	800017c4	cc3b5d97	auipc	x27,0xcc3b5	 x27=0x4c3b67c0
       11615000	      1160	800017c8	00000013	addi	x0,x0,0	  x0:0x00000000
       11625000	      1161	800017cc	412b89b3	sub	x19,x23,x18	 x23:0x80009fc4 x18:0x00000080 x19=0x80009f44
       11635000	      1162	800017d0	0032df93	srli	x31,x5,0x3	  x5:0x80009f78 x31=0x100013ef
       11645000	      1163	800017d4	027d9a63	bne	x27,x7,80001808	 x27:0x4c3b67c0  x7:0x00000267
       11655000	      1164	00000000	00000013	addi	x0,x0,0	  x0:0x00000000
       11665000	      1165	80001804	00000013	addi	x0,x0,0	  x0:0x00000000
       11675000	      1166	80001808	580d5a97	auipc	x21,0x580d5	 x21=0xd80d6804
       11685000	      1167	8000180c	4c138993	addi	x19,x7,1217	  x7:0x00000267 x19=0x00000728
       11695000	      1168	80001810	05ad9463	bne	x27,x26,80001858	 x27:0x4c3b67c0 x26:0x00000001
       11705000	      1169	00000000	00000013	addi	x0,x0,0	  x0:0x00000000
       11715000	      1170	80001854	00000013	addi	x0,x0,0	  x0:0x00000000
       11725000	      1171	80001858	0479c463	blt	x19,x7,800018a0	 x19:0x00000728  x7:0x00000267
       11735000	      1172	8000185c	0086d813	srli	x16,x13,0x8	 x13:0x00000001 x16=0x00000000
       11745000	      1173	80001860	02e8ca63	blt	x17,x14,80001894	 x17:0xcea65754 x14:0x00000000
       11755000	      1174	00000000	00000013	addi	x0,x0,0	  x0:0x00000000
       11765000	      1175	80001890	00000013	addi	x0,x0,0	  x0:0x00000000
       11775000	      1176	80001894	415b8233	sub	x4,x23,x21	 x23:0x80009fc4 x21:0xd80d6804  x4=0xa7f337c0
       11785000	      1177	80001898	7a226493	ori	x9,x4,1954	  x4:0xa7f337c0  x9=0xa7f337e2
       11795000	      1178	8000189c	00ef4c33	xor	x24,x30,x14	 x30:0xfffff800 x14:0x00000000 x24=0xfffff800
       11805000	      1179	800018a0	417bd8b3	sra	x17,x23,x23	 x23:0x80009fc4 x23:0x80009fc4 x17=0xf80009fc
       11815000	      1180	800018a4	01251c33	sll	x24,x10,x18	 x10:0x00000268 x18:0x00000080 x24=0x00000268
       11825000	      1181	800018a8	0042a303	lw	x6,4(x5)	  x5:0x80009f78  x6=0x80000140 PA:0x80009f7c
       11835000	      1182	00000000	00000013	addi	x0,x0,0	  x0:0x00000000
       11845000	      1183	800018ac	7c68f093	andi	x1,x17,1990	 x17:0xf80009fc  x1=0x000001c4
       11855000	      1184	800018b0	00c28293	addi	x5,x5,12	  x5:0x80009f78  x5=0x80009f84
       11865000	      1185	800018b4	8706b393	sltiu	x7,x13,-1936	 x13:0x00000001  x7=0x00000001
       11875000	      1186	800018b8	41075813	srai	x16,x14,0x10	 x14:0x00000000 x16=0x00000000
       11885000	      1187	800018bc	00000013	addi	x0,x0,0	  x0:0x00000000
       11895000	      1188	800018c0	405254b3	sra	x9,x4,x5	  x4:0xa7f337c0  x5:0x80009f84  x9=0xfa7f337c
       11905000	      1189	800018c4	00130513	addi	x10,x6,1	  x6:0x80000140 x10=0x80000141
       11915000	      1190	800018c8	00050567	jalr	x10,x10,0	 x10:0x80000141 x10=0x800018c8
       11925000	      1191	00000000	00000013	addi	x0,x0,0	  x0:0x00000000
       11935000	      1192	80000140	00000013	addi	x0,x0,0	  x0:0x00000000
       11945000	      1193	80000144	0500036f	jal	x6,80000144	  x6=0x80000144
       11955000	      1194	00000000	00000013	addi	x0,x0,0	  x0:0x00000000
       11965000	      1195	80000190	00000013	addi	x0,x0,0	  x0:0x00000000
       11975000	      1196	80000194	024000ef	jal	x1,80000194	  x1=0x80000194
       11985000	      1197	00000000	00000013	addi	x0,x0,0	  x0:0x00000000
       11995000	      1198	800001b4	00000013	addi	x0,x0,0	  x0:0x00000000
       12005000	      1199	800001b8	f95ff0ef	jal	x1,800001b8	  x1=0x800001b8
       12015000	      1200	00000000	00000013	addi	x0,x0,0	  x0:0x00000000
       12025000	      1201	80000148	00000013	addi	x0,x0,0	  x0:0x00000000
       12035000	      1202	8000014c	01800cef	jal	x25,8000014c	 x25=0x8000014c
       12045000	      1203	00000000	00000013	addi	x0,x0,0	  x0:0x00000000
       12055000	      1204	80000160	00000013	addi	x0,x0,0	  x0:0x00000000
       12065000	      1205	80000164	fedff0ef	jal	x1,80000164	  x1=0x80000164
       12075000	      1206	00000000	00000013	addi	x0,x0,0	  x0:0x00000000
       12085000	      1207	8000014c	00000013	addi	x0,x0,0	  x0:0x00000000
       12095000	      1208	80000150	048000ef	jal	x1,80000150	  x1=0x80000150
       12105000	      1209	00000000	00000013	addi	x0,x0,0	  x0:0x00000000
       12115000	      1210	80000194	00000013	addi	x0,x0,0	  x0:0x00000000
       12125000	      1211	80000198	fc1ff0ef	jal	x1,80000198	  x1=0x80000198
       12135000	      1212	00000000	00000013	addi	x0,x0,0	  x0:0x00000000
       12145000	      1213	80000154	00000013	addi	x0,x0,0	  x0:0x00000000
       12155000	      1214	80000158	028000ef	jal	x1,80000158	  x1=0x80000158
       12165000	      1215	00000000	00000013	addi	x0,x0,0	  x0:0x00000000
       12175000	      1216	8000017c	00000013	addi	x0,x0,0	  x0:0x00000000
       12185000	      1217	80000180	008000ef	jal	x1,80000180	  x1=0x80000180
       12195000	      1218	00000000	00000013	addi	x0,x0,0	  x0:0x00000000
       12205000	      1219	80000184	00000013	addi	x0,x0,0	  x0:0x00000000
       12215000	      1220	80000188	fe5ff9ef	jal	x19,80000188	 x19=0x80000188
       12225000	      1221	00000000	00000013	addi	x0,x0,0	  x0:0x00000000
       12235000	      1222	80000168	00000013	addi	x0,x0,0	  x0:0x00000000
       12245000	      1223	8000016c	018000ef	jal	x1,8000016c	  x1=0x8000016c
       12255000	      1224	00000000	00000013	addi	x0,x0,0	  x0:0x00000000
       12265000	      1225	80000180	00000013	addi	x0,x0,0	  x0:0x00000000
       12275000	      1226	80000184	ff9ff0ef	jal	x1,80000184	  x1=0x80000184
       12285000	      1227	00000000	00000013	addi	x0,x0,0	  x0:0x00000000
       12295000	      1228	80000178	00000013	addi	x0,x0,0	  x0:0x00000000
       12305000	      1229	8000017c	ff5ff76f	jal	x14,8000017c	 x14=0x8000017c
       12315000	      1230	00000000	00000013	addi	x0,x0,0	  x0:0x00000000
       12325000	      1231	8000016c	00000013	addi	x0,x0,0	  x0:0x00000000
       12335000	      1232	80000170	fd9ff36f	jal	x6,80000170	  x6=0x80000170
       12345000	      1233	00000000	00000013	addi	x0,x0,0	  x0:0x00000000
       12355000	      1234	80000144	00000013	addi	x0,x0,0	  x0:0x00000000
       12365000	      1235	80000148	06c000ef	jal	x1,80000148	  x1=0x80000148
       12375000	      1236	00000000	00000013	addi	x0,x0,0	  x0:0x00000000
       12385000	      1237	800001b0	00000013	addi	x0,x0,0	  x0:0x00000000
       12395000	      1238	800001b4	fe9fffef	jal	x31,800001b4	 x31=0x800001b4
       12405000	      1239	00000000	00000013	addi	x0,x0,0	  x0:0x00000000
       12415000	      1240	80000198	00000013	addi	x0,x0,0	  x0:0x00000000
       12425000	      1241	8000019c	fcdff36f	jal	x6,8000019c	  x6=0x8000019c
       12435000	      1242	00000000	00000013	addi	x0,x0,0	  x0:0x00000000
       12445000	      1243	80000164	00000013	addi	x0,x0,0	  x0:0x00000000
       12455000	      1244	80000168	0440076f	jal	x14,80000168	 x14=0x80000168
       12465000	      1245	00000000	00000013	addi	x0,x0,0	  x0:0x00000000
       12475000	      1246	800001a8	00000013	addi	x0,x0,0	  x0:0x00000000
       12485000	      1247	800001ac	fb1ff1ef	jal	x3,800001ac	  x3=0x800001ac
       12495000	      1248	00000000	00000013	addi	x0,x0,0	  x0:0x00000000
       12505000	      1249	80000158	00000013	addi	x0,x0,0	  x0:0x00000000
       12515000	      1250	8000015c	004000ef	jal	x1,8000015c	  x1=0x8000015c
       12525000	      1251	00000000	00000013	addi	x0,x0,0	  x0:0x00000000
       12535000	      1252	8000015c	00000013	addi	x0,x0,0	  x0:0x00000000
       12545000	      1253	80000160	044000ef	jal	x1,80000160	  x1=0x80000160
       12555000	      1254	00000000	00000013	addi	x0,x0,0	  x0:0x00000000
       12565000	      1255	800001a0	00000013	addi	x0,x0,0	  x0:0x00000000
       12575000	      1256	800001a4	00400b6f	jal	x22,800001a4	 x22=0x800001a4
       12585000	      1257	00000000	00000013	addi	x0,x0,0	  x0:0x00000000
       12595000	      1258	800001a4	00000013	addi	x0,x0,0	  x0:0x00000000
       12605000	      1259	800001a8	ff9ff9ef	jal	x19,800001a8	 x19=0x800001a8
       12615000	      1260	00000000	00000013	addi	x0,x0,0	  x0:0x00000000
       12625000	      1261	8000019c	00000013	addi	x0,x0,0	  x0:0x00000000
       12635000	      1262	800001a0	ff1ff0ef	jal	x1,800001a0	  x1=0x800001a0
       12645000	      1263	00000000	00000013	addi	x0,x0,0	  x0:0x00000000
       12655000	      1264	8000018c	00000013	addi	x0,x0,0	  x0:0x00000000
       12665000	      1265	80000190	ffdff0ef	jal	x1,80000190	  x1=0x80000190
       12675000	      1266	00000000	00000013	addi	x0,x0,0	  x0:0x00000000
       12685000	      1267	80000188	00000013	addi	x0,x0,0	  x0:0x00000000
       12695000	      1268	8000018c	fe9ff0ef	jal	x1,8000018c	  x1=0x8000018c
       12705000	      1269	00000000	00000013	addi	x0,x0,0	  x0:0x00000000
       12715000	      1270	80000170	00000013	addi	x0,x0,0	  x0:0x00000000
       12725000	      1271	80000174	00400c6f	jal	x24,80000174	 x24=0x80000174
       12735000	      1272	00000000	00000013	addi	x0,x0,0	  x0:0x00000000
       12745000	      1273	80000174	00000013	addi	x0,x0,0	  x0:0x00000000
       12755000	      1274	80000178	fddff26f	jal	x4,80000178	  x4=0x80000178
       12765000	      1275	00000000	00000013	addi	x0,x0,0	  x0:0x00000000
       12775000	      1276	80000150	00000013	addi	x0,x0,0	  x0:0x00000000
       12785000	      1277	80000154	05c0036f	jal	x6,80000154	  x6=0x80000154
       12795000	      1278	00000000	00000013	addi	x0,x0,0	  x0:0x00000000
       12805000	      1279	800001ac	00000013	addi	x0,x0,0	  x0:0x00000000
       12815000	      1280	800001b0	00c0036f	jal	x6,800001b0	  x6=0x800001b0
       12825000	      1281	00000000	00000013	addi	x0,x0,0	  x0:0x00000000
       12835000	      1282	800001b8	00000013	addi	x0,x0,0	  x0:0x00000000
       12845000	      1283	800001bc	41bdd433	sra	x8,x27,x27	 x27:0x4c3b67c0 x27:0x4c3b67c0  x8=0x4c3b67c0
       12855000	      1284	800001c0	0640036f	jal	x6,800001c0	  x6=0x800001c0
       12865000	      1285	00000000	00000013	addi	x0,x0,0	  x0:0x00000000
       12875000	      1286	80000220	00000013	addi	x0,x0,0	  x0:0x00000000
       12885000	      1287	80000224	fd5ff36f	jal	x6,80000224	  x6=0x80000224
       12895000	      1288	00000000	00000013	addi	x0,x0,0	  x0:0x00000000
       12905000	      1289	800001f4	00000013	addi	x0,x0,0	  x0:0x00000000
       12915000	      1290	800001f8	fe1ff0ef	jal	x1,800001f8	  x1=0x800001f8
       12925000	      1291	00000000	00000013	addi	x0,x0,0	  x0:0x00000000
       12935000	      1292	800001d4	00000013	addi	x0,x0,0	  x0:0x00000000
       12945000	      1293	800001d8	010000ef	jal	x1,800001d8	  x1=0x800001d8
       12955000	      1294	00000000	00000013	addi	x0,x0,0	  x0:0x00000000
       12965000	      1295	800001e4	00000013	addi	x0,x0,0	  x0:0x00000000
       12975000	      1296	800001e8	028000ef	jal	x1,800001e8	  x1=0x800001e8
       12985000	      1297	00000000	00000013	addi	x0,x0,0	  x0:0x00000000
       12995000	      1298	8000020c	00000013	addi	x0,x0,0	  x0:0x00000000
       13005000	      1299	80000210	028001ef	jal	x3,80000210	  x3=0x80000210
       13015000	      1300	00000000	00000013	addi	x0,x0,0	  x0:0x00000000
       13025000	      1301	80000234	00000013	addi	x0,x0,0	  x0:0x00000000
       13035000	      1302	80000238	ffdff0ef	jal	x1,80000238	  x1=0x80000238
       13045000	      1303	00000000	00000013	addi	x0,x0,0	  x0:0x00000000
       13055000	      1304	80000230	00000013	addi	x0,x0,0	  x0:0x00000000
       13065000	      1305	80000234	f9dff0ef	jal	x1,80000234	  x1=0x80000234
       13075000	      1306	00000000	00000013	addi	x0,x0,0	  x0:0x00000000
       13085000	      1307	800001cc	00000013	addi	x0,x0,0	  x0:0x00000000
       13095000	      1308	800001d0	0340036f	jal	x6,800001d0	  x6=0x800001d0
       13105000	      1309	00000000	00000013	addi	x0,x0,0	  x0:0x00000000
       13115000	      1310	80000200	00000013	addi	x0,x0,0	  x0:0x00000000
       13125000	      1311	80000204	fc5ff0ef	jal	x1,80000204	  x1=0x80000204
       13135000	      1312	00000000	00000013	addi	x0,x0,0	  x0:0x00000000
       13145000	      1313	800001c4	00000013	addi	x0,x0,0	  x0:0x00000000
       13155000	      1314	800001c8	024000ef	jal	x1,800001c8	  x1=0x800001c8
       13165000	      1315	00000000	00000013	addi	x0,x0,0	  x0:0x00000000
       13175000	      1316	800001e8	00000013	addi	x0,x0,0	  x0:0x00000000
       13185000	      1317	800001ec	014000ef	jal	x1,800001ec	  x1=0x800001ec
       13195000	      1318	00000000	00000013	addi	x0,x0,0	  x0:0x00000000
       13205000	      1319	800001fc	00000013	addi	x0,x0,0	  x0:0x00000000
       13215000	      1320	80000200	01c0016f	jal	x2,80000200	  x2=0x80000200
       13225000	      1321	00000000	00000013	addi	x0,x0,0	  x0:0x00000000
       13235000	      1322	80000218	00000013	addi	x0,x0,0	  x0:0x00000000
       13245000	      1323	8000021c	fb1ff26f	jal	x4,8000021c	  x4=0x8000021c
       13255000	      1324	00000000	00000013	addi	x0,x0,0	  x0:0x00000000
       13265000	      1325	800001c8	00000013	addi	x0,x0,0	  x0:0x00000000
       13275000	      1326	800001cc	05c0066f	jal	x12,800001cc	 x12=0x800001cc
       13285000	      1327	00000000	00000013	addi	x0,x0,0	  x0:0x00000000
       13295000	      1328	80000224	00000013	addi	x0,x0,0	  x0:0x00000000
       13305000	      1329	80000228	fd5ff36f	jal	x6,80000228	  x6=0x80000228
       13315000	      1330	00000000	00000013	addi	x0,x0,0	  x0:0x00000000
       13325000	      1331	800001f8	00000013	addi	x0,x0,0	  x0:0x00000000
       13335000	      1332	800001fc	ff5ff0ef	jal	x1,800001fc	  x1=0x800001fc
       13345000	      1333	00000000	00000013	addi	x0,x0,0	  x0:0x00000000
       13355000	      1334	800001ec	00000013	addi	x0,x0,0	  x0:0x00000000
       13365000	      1335	800001f0	018000ef	jal	x1,800001f0	  x1=0x800001f0
       13375000	      1336	00000000	00000013	addi	x0,x0,0	  x0:0x00000000
       13385000	      1337	80000204	00000013	addi	x0,x0,0	  x0:0x00000000
       13395000	      1338	80000208	02400f6f	jal	x30,80000208	 x30=0x80000208
       13405000	      1339	00000000	00000013	addi	x0,x0,0	  x0:0x00000000
       13415000	      1340	80000228	00000013	addi	x0,x0,0	  x0:0x00000000
       13425000	      1341	8000022c	fc9ff0ef	jal	x1,8000022c	  x1=0x8000022c
       13435000	      1342	00000000	00000013	addi	x0,x0,0	  x0:0x00000000
       13445000	      1343	800001f0	00000013	addi	x0,x0,0	  x0:0x00000000
       13455000	      1344	800001f4	02c00c6f	jal	x24,800001f4	 x24=0x800001f4
       13465000	      1345	00000000	00000013	addi	x0,x0,0	  x0:0x00000000
       13475000	      1346	8000021c	00000013	addi	x0,x0,0	  x0:0x00000000
       13485000	      1347	80000220	fa5ff0ef	jal	x1,80000220	  x1=0x80000220
       13495000	      1348	00000000	00000013	addi	x0,x0,0	  x0:0x00000000
       13505000	      1349	800001c0	00000013	addi	x0,x0,0	  x0:0x00000000
       13515000	      1350	800001c4	018000ef	jal	x1,800001c4	  x1=0x800001c4
       13525000	      1351	00000000	00000013	addi	x0,x0,0	  x0:0x00000000
       13535000	      1352	800001d8	00000013	addi	x0,x0,0	  x0:0x00000000
       13545000	      1353	800001dc	ff9ff0ef	jal	x1,800001dc	  x1=0x800001dc
       13555000	      1354	00000000	00000013	addi	x0,x0,0	  x0:0x00000000
       13565000	      1355	800001d0	00000013	addi	x0,x0,0	  x0:0x00000000
       13575000	      1356	800001d4	05c0016f	jal	x2,800001d4	  x2=0x800001d4
       13585000	      1357	00000000	00000013	addi	x0,x0,0	  x0:0x00000000
       13595000	      1358	8000022c	00000013	addi	x0,x0,0	  x0:0x00000000
       13605000	      1359	80000230	fe5ffcef	jal	x25,80000230	 x25=0x80000230
       13615000	      1360	00000000	00000013	addi	x0,x0,0	  x0:0x00000000
       13625000	      1361	80000210	00000013	addi	x0,x0,0	  x0:0x00000000
       13635000	      1362	80000214	ff9ffc6f	jal	x24,80000214	 x24=0x80000214
       13645000	      1363	00000000	00000013	addi	x0,x0,0	  x0:0x00000000
       13655000	      1364	80000208	00000013	addi	x0,x0,0	  x0:0x00000000
       13665000	      1365	8000020c	fd5ff1ef	jal	x3,8000020c	  x3=0x8000020c
       13675000	      1366	00000000	00000013	addi	x0,x0,0	  x0:0x00000000
       13685000	      1367	800001dc	00000013	addi	x0,x0,0	  x0:0x00000000
       13695000	      1368	800001e0	0040036f	jal	x6,800001e0	  x6=0x800001e0
       13705000	      1369	00000000	00000013	addi	x0,x0,0	  x0:0x00000000
       13715000	      1370	800001e0	00000013	addi	x0,x0,0	  x0:0x00000000
       13725000	      1371	800001e4	0340036f	jal	x6,800001e4	  x6=0x800001e4
       13735000	      1372	00000000	00000013	addi	x0,x0,0	  x0:0x00000000
       13745000	      1373	80000214	00000013	addi	x0,x0,0	  x0:0x00000000
       13755000	      1374	80000218	024000ef	jal	x1,80000218	  x1=0x80000218
       13765000	      1375	00000000	00000013	addi	x0,x0,0	  x0:0x00000000
       13775000	      1376	80000238	00000013	addi	x0,x0,0	  x0:0x00000000
       13785000	      1377	8000023c	005058b3	srl	x17,x0,x5	  x0:0x00000000  x5:0x80009f84 x17=0x00000000
       13795000	      1378	80000240	01c59093	slli	x1,x11,0x1c	 x11:0x8f6c7000  x1=0x00000000
       13805000	      1379	80000244	0180dab3	srl	x21,x1,x24	  x1:0x00000000 x24:0x80000214 x21=0x00000000
       13815000	      1380	80000248	046bd663	bge	x23,x6,80000294	 x23:0x80009fc4  x6:0x800001e4
       13825000	      1381	00000000	00000013	addi	x0,x0,0	  x0:0x00000000
       13835000	      1382	80000290	00000013	addi	x0,x0,0	  x0:0x00000000
       13845000	      1383	80000294	01517a33	and	x20,x2,x21	  x2:0x800001d4 x21:0x00000000 x20=0x00000000
       13855000	      1384	80000298	04fa0863	beq	x20,x15,800002e8	 x20:0x00000000 x15:0x0004d000
       13865000	      1385	8000029c	02d8fc63	bgeu	x17,x13,800002d4	 x17:0x00000000 x13:0x00000001
       13875000	      1386	800002a0	0467f263	bgeu	x15,x6,800002e4	 x15:0x0004d000  x6:0x800001e4
       13885000	      1387	800002a4	03cdf863	bgeu	x27,x28,800002d4	 x27:0x4c3b67c0 x28:0x80000000
       13895000	      1388	800002a8	1c1de613	ori	x12,x27,449	 x27:0x4c3b67c0 x12=0x4c3b67c1
       13905000	      1389	800002ac	4152d913	srai	x18,x5,0x15	  x5:0x80009f84 x18=0xfffffc00
       13915000	      1390	800002b0	011e1c63	bne	x28,x17,800002c8	 x28:0x80000000 x17:0x00000000
       13925000	      1391	00000000	00000013	addi	x0,x0,0	  x0:0x00000000
       13935000	      1392	800002c4	00000013	addi	x0,x0,0	  x0:0x00000000
       13945000	      1393	800002c8	00000013	addi	x0,x0,0	  x0:0x00000000
       13955000	      1394	800002cc	00215c13	srli	x24,x2,0x2	  x2:0x800001d4 x24=0x20000075
       13965000	      1395	800002d0	00000013	addi	x0,x0,0	  x0:0x00000000
       13975000	      1396	800002d4	c5486f13	ori	x30,x16,-940	 x16:0x00000000 x30=0xfffffc54
       13985000	      1397	800002d8	00606d33	or	x26,x0,x6	  x0:0x00000000  x6:0x800001e4 x26=0x800001e4
       13995000	      1398	800002dc	03370063	beq	x14,x19,800002fc	 x14:0x80000168 x19:0x800001a8
       14005000	      1399	800002e0	09888893	addi	x17,x17,152	 x17:0x00000000 x17=0x00000098
       14015000	      1400	800002e4	2ba2f093	andi	x1,x5,698	  x5:0x80009f84  x1=0x00000280
       14025000	      1401	800002e8	400bdab3	sra	x21,x23,x0	 x23:0x80009fc4  x0:0x00000000 x21=0x80009fc4
       14035000	      1402	800002ec	019b9993	slli	x19,x23,0x19	 x23:0x80009fc4 x19=0x88000000
       14045000	      1403	800002f0	00000013	addi	x0,x0,0	  x0:0x00000000
       14055000	      1404	800002f4	02115063	bge	x2,x1,80000314	  x2:0x800001d4  x1:0x00000280
       14065000	      1405	800002f8	01311a63	bne	x2,x19,8000030c	  x2:0x800001d4 x19:0x88000000
       14075000	      1406	00000000	00000013	addi	x0,x0,0	  x0:0x00000000
       14085000	      1407	80000308	00000013	addi	x0,x0,0	  x0:0x00000000
       14095000	      1408	8000030c	02f66a63	bltu	x12,x15,80000340	 x12:0x4c3b67c1 x15:0x0004d000
       14105000	      1409	80000310	6fc13313	sltiu	x6,x2,1788	  x2:0x800001d4  x6=0x00000000
       14115000	      1410	80000314	0008fcb3	and	x25,x17,x0	 x17:0x00000098  x0:0x00000000 x25=0x00000000
       14125000	      1411	80000318	d18edf37	lui	x30,0xd18ed	 x30=0xd18ed000
       14135000	      1412	8000031c	59cc8617	auipc	x12,0x59cc8	 x12=0xd9cc8318
       14145000	      1413	80000320	01541113	slli	x2,x8,0x15	  x8:0x4c3b67c0  x2=0xf8000000
       14155000	      1414	80000324	00397463	bgeu	x18,x3,8000032c	 x18:0xfffffc00  x3:0x8000020c
       14165000	      1415	00000000	00000013	addi	x0,x0,0	  x0:0x00000000
       14175000	      1416	80000328	00000013	addi	x0,x0,0	  x0:0x00000000
       14185000	      1417	8000032c	00000013	addi	x0,x0,0	  x0:0x00000000
       14195000	      1418	80000330	01135263	bge	x6,x17,80000334	  x6:0x00000000 x17:0x00000098
       14205000	      1419	80000334	d2d02317	auipc	x6,0xd2d02	  x6=0x52d02330
       14215000	      1420	80000338	403e87b3	sub	x15,x29,x3	 x29:0xffe00027  x3:0x8000020c x15=0x7fdffe1b
       14225000	      1421	8000033c	02af1063	bne	x30,x10,8000035c	 x30:0xd18ed000 x10:0x800018c8
       14235000	      1422	00000000	00000013	addi	x0,x0,0	  x0:0x00000000
       14245000	      1423	80000358	00000013	addi	x0,x0,0	  x0:0x00000000
       14255000	      1424	8000035c	00848133	add	x2,x9,x8	  x9:0xfa7f337c  x8:0x4c3b67c0  x2=0x46ba9b3c
       14265000	      1425	80000360	015d1263	bne	x26,x21,80000364	 x26:0x800001e4 x21:0x80009fc4
       14275000	      1426	00000000	00000013	addi	x0,x0,0	  x0:0x00000000
       14285000	      1427	80000360	00000013	addi	x0,x0,0	  x0:0x00000000
       14295000	      1428	80000364	413a5433	sra	x8,x20,x19	 x20:0x00000000 x19:0x88000000  x8=0x00000000
       14305000	      1429	80000368	04dc1463	bne	x24,x13,800003b0	 x24:0x20000075 x13:0x00000001
       14315000	      1430	00000000	00000013	addi	x0,x0,0	  x0:0x00000000
       14325000	      1431	800003ac	00000013	addi	x0,x0,0	  x0:0x00000000
       14335000	      1432	800003b0	4193da33	sra	x20,x7,x25	  x7:0x00000001 x25:0x00000000 x20=0x00000001
       14345000	      1433	800003b4	af51cc13	xori	x24,x3,-1291	  x3:0x8000020c x24=0x7ffff8f9
       14355000	      1434	800003b8	321a3d13	sltiu	x26,x20,801	 x20:0x00000001 x26=0x00000001
       14365000	      1435	800003bc	001ac3b3	xor	x7,x21,x1	 x21:0x80009fc4  x1:0x00000280  x7=0x80009d44
       14375000	      1436	800003c0	04bd1063	bne	x26,x11,80000400	 x26:0x00000001 x11:0x8f6c7000
       14385000	      1437	00000000	00000013	addi	x0,x0,0	  x0:0x00000000
       14395000	      1438	800003fc	00000013	addi	x0,x0,0	  x0:0x00000000
       14405000	      1439	80000400	41aa8333	sub	x6,x21,x26	 x21:0x80009fc4 x26:0x00000001  x6=0x80009fc3
       14415000	      1440	80000404	f66c8f93	addi	x31,x25,-154	 x25:0x00000000 x31=0xffffff66
       14425000	      1441	80000408	00aa9eb3	sll	x29,x21,x10	 x21:0x80009fc4 x10:0x800018c8 x29=0x009fc400
       14435000	      1442	8000040c	04690263	beq	x18,x6,80000450	 x18:0xfffffc00  x6:0x80009fc3
       14445000	      1443	80000410	005cdf93	srli	x31,x25,0x5	 x25:0x00000000 x31=0x00000000
       14455000	      1444	80000414	01a81313	slli	x6,x16,0x1a	 x16:0x00000000  x6=0x00000000
       14465000	      1445	80000418	00001797	auipc	x15,0x1	 x15=0x80001414
       14475000	      1446	8000041c	d8878793	addi	x15,x15,-632	 x15:0x80001414 x15=0x8000119c
       14485000	      1447	80000420	0022f133	and	x2,x5,x2	  x5:0x80009f84  x2:0x46ba9b3c  x2=0x00009b04
       14495000	      1448	80000424	34baac37	lui	x24,0x34baa	 x24=0x34baa000
       14505000	      1449	80000428	9efce993	ori	x19,x25,-1553	 x25:0x00000000 x19=0xfffff9ef
       14515000	      1450	8000042c	0094ddb3	srl	x27,x9,x9	  x9:0xfa7f337c  x9:0xfa7f337c x27=0x0000000f
       14525000	      1451	80000430	e5c78793	addi	x15,x15,-420	 x15:0x8000119c x15=0x80000ff8
       14535000	      1452	80000434	40215f93	srai	x31,x2,0x2	  x2:0x00009b04 x31=0x000026c1
       14545000	      1453	80000438	1a478367	jalr	x6,x15,420	 x15:0x80000ff8  x6=0x80000438
       14555000	      1454	00000000	00000013	addi	x0,x0,0	  x0:0x00000000
       14565000	      1455	8000119c	00000013	addi	x0,x0,0	  x0:0x00000000
       14575000	      1456	800011a0	01b6f1b3	and	x3,x13,x27	 x13:0x00000001 x27:0x0000000f  x3=0x00000001
       14585000	      1457	800011a4	ff428293	addi	x5,x5,-12	  x5:0x80009f84  x5=0x80009f78
       14595000	      1458	800011a8	577ca013	slti	x0,x25,1399	 x25:0x00000000
       14605000	      1459	800011ac	405ed993	srai	x19,x29,0x5	 x29:0x009fc400 x19=0x0004fe20
       14615000	      1460	800011b0	0062a223	sw	x6,4(x5)	  x5:0x80009f78  x6:0x80000438 PA:0x80009f7c
       14625000	      1461	800011b4	0108c8b3	xor	x17,x17,x16	 x17:0x00000098 x16:0x00000000 x17=0x00000098
       14635000	      1462	800011b8	53666013	ori	x0,x12,1334	 x12:0xd9cc8318
       14645000	      1463	800011bc	7166cd13	xori	x26,x13,1814	 x13:0x00000001 x26=0x00000717
       14655000	      1464	800011c0	016639b3	sltu	x19,x12,x22	 x12:0xd9cc8318 x22:0x800001a4 x19=0x00000000
       14665000	      1465	800011c4	000bcfb3	xor	x31,x23,x0	 x23:0x80009fc4  x0:0x00000000 x31=0x80009fc4
       14675000	      1466	800011c8	01e1b033	sltu	x0,x3,x30	  x3:0x00000001 x30:0xd18ed000
       14685000	      1467	800011cc	617c4c93	xori	x25,x24,1559	 x24:0x34baa000 x25=0x34baa617
       14695000	      1468	800011d0	01aa1863	bne	x20,x26,800011e0	 x20:0x00000001 x26:0x00000717
       14705000	      1469	00000000	00000013	addi	x0,x0,0	  x0:0x00000000
       14715000	      1470	800011dc	00000013	addi	x0,x0,0	  x0:0x00000000
       14725000	      1471	800011e0	f08ff36f	jal	x6,800011e0	  x6=0x800011e0
       14735000	      1472	00000000	00000013	addi	x0,x0,0	  x0:0x00000000
       14745000	      1473	800008e4	00000013	addi	x0,x0,0	  x0:0x00000000
       14755000	      1474	800008e8	403bdcb3	sra	x25,x23,x3	 x23:0x80009fc4  x3:0x00000001 x25=0xc0004fe2
       14765000	      1475	800008ec	018b9d33	sll	x26,x23,x24	 x23:0x80009fc4 x24:0x34baa000 x26=0x80009fc4
       14775000	      1476	800008f0	fbc27597	auipc	x11,0xfbc27	 x11=0x7bc278ec
       14785000	      1477	800008f4	fe428293	addi	x5,x5,-28	  x5:0x80009f78  x5=0x80009f5c
       14795000	      1478	800008f8	00a2df93	srli	x31,x5,0xa	  x5:0x80009f5c x31=0x00200027
       14805000	      1479	800008fc	009e2133	slt	x2,x28,x9	 x28:0x80000000  x9:0xfa7f337c  x2=0x00000001
       14815000	      1480	80000900	0062a223	sw	x6,4(x5)	  x5:0x80009f5c  x6:0x800011e0 PA:0x80009f60
       14825000	      1481	80000904	009019b3	sll	x19,x0,x9	  x0:0x00000000  x9:0xfa7f337c x19=0x00000000
       14835000	      1482	80000908	0200036f	jal	x6,80000908	  x6=0x80000908
       14845000	      1483	00000000	00000013	addi	x0,x0,0	  x0:0x00000000
       14855000	      1484	80000924	00000013	addi	x0,x0,0	  x0:0x00000000
       14865000	      1485	80000928	00c0046f	jal	x8,80000928	  x8=0x80000928
       14875000	      1486	00000000	00000013	addi	x0,x0,0	  x0:0x00000000
       14885000	      1487	80000930	00000013	addi	x0,x0,0	  x0:0x00000000
       14895000	      1488	80000934	fedff0ef	jal	x1,80000934	  x1=0x80000934
       14905000	      1489	00000000	00000013	addi	x0,x0,0	  x0:0x00000000
       14915000	      1490	8000091c	00000013	addi	x0,x0,0	  x0:0x00000000
       14925000	      1491	80000920	0040036f	jal	x6,80000920	  x6=0x80000920
       14935000	      1492	00000000	00000013	addi	x0,x0,0	  x0:0x00000000
       14945000	      1493	80000920	00000013	addi	x0,x0,0	  x0:0x00000000
       14955000	      1494	80000924	00c000ef	jal	x1,80000924	  x1=0x80000924
       14965000	      1495	00000000	00000013	addi	x0,x0,0	  x0:0x00000000
       14975000	      1496	8000092c	00000013	addi	x0,x0,0	  x0:0x00000000
       14985000	      1497	80000930	fddffa6f	jal	x20,80000930	 x20=0x80000930
       14995000	      1498	00000000	00000013	addi	x0,x0,0	  x0:0x00000000
       15005000	      1499	80000908	00000013	addi	x0,x0,0	  x0:0x00000000
       15015000	      1500	8000090c	0200016f	jal	x2,8000090c	  x2=0x8000090c
       15025000	      1501	00000000	00000013	addi	x0,x0,0	  x0:0x00000000
       15035000	      1502	80000928	00000013	addi	x0,x0,0	  x0:0x00000000
       15045000	      1503	8000092c	ff1ff0ef	jal	x1,8000092c	  x1=0x8000092c
       15055000	      1504	00000000	00000013	addi	x0,x0,0	  x0:0x00000000
       15065000	      1505	80000918	00000013	addi	x0,x0,0	  x0:0x00000000
       15075000	      1506	8000091c	ff5ff36f	jal	x6,8000091c	  x6=0x8000091c
       15085000	      1507	00000000	00000013	addi	x0,x0,0	  x0:0x00000000
       15095000	      1508	8000090c	00000013	addi	x0,x0,0	  x0:0x00000000
       15105000	      1509	80000910	004000ef	jal	x1,80000910	  x1=0x80000910
       15115000	      1510	00000000	00000013	addi	x0,x0,0	  x0:0x00000000
       15125000	      1511	80000910	00000013	addi	x0,x0,0	  x0:0x00000000
       15135000	      1512	80000914	004000ef	jal	x1,80000914	  x1=0x80000914
       15145000	      1513	00000000	00000013	addi	x0,x0,0	  x0:0x00000000
       15155000	      1514	80000914	00000013	addi	x0,x0,0	  x0:0x00000000
       15165000	      1515	80000918	020000ef	jal	x1,80000918	  x1=0x80000918
       15175000	      1516	00000000	00000013	addi	x0,x0,0	  x0:0x00000000
       15185000	      1517	80000934	00000013	addi	x0,x0,0	  x0:0x00000000
       15195000	      1518	80000938	d5dd9117	auipc	x2,0xd5dd9	  x2=0x55dd9934
       15205000	      1519	8000093c	04c0036f	jal	x6,8000093c	  x6=0x8000093c
       15215000	      1520	00000000	00000013	addi	x0,x0,0	  x0:0x00000000
       15225000	      1521	80000984	00000013	addi	x0,x0,0	  x0:0x00000000
       15235000	      1522	80000988	fc5ff36f	jal	x6,80000988	  x6=0x80000988
       15245000	      1523	00000000	00000013	addi	x0,x0,0	  x0:0x00000000
       15255000	      1524	80000948	00000013	addi	x0,x0,0	  x0:0x00000000
       15265000	      1525	8000094c	0300016f	jal	x2,8000094c	  x2=0x8000094c
       15275000	      1526	00000000	00000013	addi	x0,x0,0	  x0:0x00000000
       15285000	      1527	80000978	00000013	addi	x0,x0,0	  x0:0x00000000
       15295000	      1528	8000097c	ff1ff36f	jal	x6,8000097c	  x6=0x8000097c
       15305000	      1529	00000000	00000013	addi	x0,x0,0	  x0:0x00000000
       15315000	      1530	80000968	00000013	addi	x0,x0,0	  x0:0x00000000
       15325000	      1531	8000096c	fe9ff36f	jal	x6,8000096c	  x6=0x8000096c
       15335000	      1532	00000000	00000013	addi	x0,x0,0	  x0:0x00000000
       15345000	      1533	80000950	00000013	addi	x0,x0,0	  x0:0x00000000
       15355000	      1534	80000954	ff5ff0ef	jal	x1,80000954	  x1=0x80000954
       15365000	      1535	00000000	00000013	addi	x0,x0,0	  x0:0x00000000
       15375000	      1536	80000944	00000013	addi	x0,x0,0	  x0:0x00000000
       15385000	      1537	80000948	020000ef	jal	x1,80000948	  x1=0x80000948
       15395000	      1538	00000000	00000013	addi	x0,x0,0	  x0:0x00000000
       15405000	      1539	80000964	00000013	addi	x0,x0,0	  x0:0x00000000
       15415000	      1540	80000968	ff5ff36f	jal	x6,80000968	  x6=0x80000968
       15425000	      1541	00000000	00000013	addi	x0,x0,0	  x0:0x00000000
       15435000	      1542	80000958	00000013	addi	x0,x0,0	  x0:0x00000000
       15445000	      1543	8000095c	004000ef	jal	x1,8000095c	  x1=0x8000095c
       15455000	      1544	00000000	00000013	addi	x0,x0,0	  x0:0x00000000
       15465000	      1545	8000095c	00000013	addi	x0,x0,0	  x0:0x00000000
       15475000	      1546	80000960	0040026f	jal	x4,80000960	  x4=0x80000960
       15485000	      1547	00000000	00000013	addi	x0,x0,0	  x0:0x00000000
       15495000	      1548	80000960	00000013	addi	x0,x0,0	  x0:0x00000000
       15505000	      1549	80000964	00c004ef	jal	x9,80000964	  x9=0x80000964
       15515000	      1550	00000000	00000013	addi	x0,x0,0	  x0:0x00000000
       15525000	      1551	8000096c	00000013	addi	x0,x0,0	  x0:0x00000000
       15535000	      1552	80000970	fe1ff36f	jal	x6,80000970	  x6=0x80000970
       15545000	      1553	00000000	00000013	addi	x0,x0,0	  x0:0x00000000
       15555000	      1554	8000094c	00000013	addi	x0,x0,0	  x0:0x00000000
       15565000	      1555	80000950	0080016f	jal	x2,80000950	  x2=0x80000950
       15575000	      1556	00000000	00000013	addi	x0,x0,0	  x0:0x00000000
       15585000	      1557	80000954	00000013	addi	x0,x0,0	  x0:0x00000000
       15595000	      1558	80000958	020000ef	jal	x1,80000958	  x1=0x80000958
       15605000	      1559	00000000	00000013	addi	x0,x0,0	  x0:0x00000000
       15615000	      1560	80000974	00000013	addi	x0,x0,0	  x0:0x00000000
       15625000	      1561	80000978	fc9ff36f	jal	x6,80000978	  x6=0x80000978
       15635000	      1562	00000000	00000013	addi	x0,x0,0	  x0:0x00000000
       15645000	      1563	8000093c	00000013	addi	x0,x0,0	  x0:0x00000000
       15655000	      1564	80000940	04000c6f	jal	x24,80000940	 x24=0x80000940
       15665000	      1565	00000000	00000013	addi	x0,x0,0	  x0:0x00000000
       15675000	      1566	8000097c	00000013	addi	x0,x0,0	  x0:0x00000000
       15685000	      1567	80000980	ff5ff0ef	jal	x1,80000980	  x1=0x80000980
       15695000	      1568	00000000	00000013	addi	x0,x0,0	  x0:0x00000000
       15705000	      1569	80000970	00000013	addi	x0,x0,0	  x0:0x00000000
       15715000	      1570	80000974	010000ef	jal	x1,80000974	  x1=0x80000974
       15725000	      1571	00000000	00000013	addi	x0,x0,0	  x0:0x00000000
       15735000	      1572	80000980	00000013	addi	x0,x0,0	  x0:0x00000000
       15745000	      1573	80000984	fc1ff6ef	jal	x13,80000984	 x13=0x80000984
       15755000	      1574	00000000	00000013	addi	x0,x0,0	  x0:0x00000000
       15765000	      1575	80000940	00000013	addi	x0,x0,0	  x0:0x00000000
       15775000	      1576	80000944	048007ef	jal	x15,80000944	 x15=0x80000944
       15785000	      1577	00000000	00000013	addi	x0,x0,0	  x0:0x00000000
       15795000	      1578	80000988	00000013	addi	x0,x0,0	  x0:0x00000000
       15805000	      1579	8000098c	1848a893	slti	x17,x17,388	 x17:0x00000098 x17=0x00000001
       15815000	      1580	80000990	01c0036f	jal	x6,80000990	  x6=0x80000990
       15825000	      1581	00000000	00000013	addi	x0,x0,0	  x0:0x00000000
       15835000	      1582	800009a8	00000013	addi	x0,x0,0	  x0:0x00000000
       15845000	      1583	800009ac	ffdff0ef	jal	x1,800009ac	  x1=0x800009ac
       15855000	      1584	00000000	00000013	addi	x0,x0,0	  x0:0x00000000
       15865000	      1585	800009a4	00000013	addi	x0,x0,0	  x0:0x00000000
       15875000	      1586	800009a8	fedff96f	jal	x18,800009a8	 x18=0x800009a8
       15885000	      1587	00000000	00000013	addi	x0,x0,0	  x0:0x00000000
       15895000	      1588	80000990	00000013	addi	x0,x0,0	  x0:0x00000000
       15905000	      1589	80000994	004000ef	jal	x1,80000994	  x1=0x80000994
       15915000	      1590	00000000	00000013	addi	x0,x0,0	  x0:0x00000000
       15925000	      1591	80000994	00000013	addi	x0,x0,0	  x0:0x00000000
       15935000	      1592	80000998	01c0096f	jal	x18,80000998	 x18=0x80000998
       15945000	      1593	00000000	00000013	addi	x0,x0,0	  x0:0x00000000
       15955000	      1594	800009b0	00000013	addi	x0,x0,0	  x0:0x00000000
       15965000	      1595	800009b4	ffdff3ef	jal	x7,800009b4	  x7=0x800009b4
       15975000	      1596	00000000	00000013	addi	x0,x0,0	  x0:0x00000000
       15985000	      1597	800009ac	00000013	addi	x0,x0,0	  x0:0x00000000
       15995000	      1598	800009b0	0200026f	jal	x4,800009b0	  x4=0x800009b0
       16005000	      1599	00000000	00000013	addi	x0,x0,0	  x0:0x00000000
       16015000	      1600	800009cc	00000013	addi	x0,x0,0	  x0:0x00000000
       16025000	      1601	800009d0	fcdff0ef	jal	x1,800009d0	  x1=0x800009d0
       16035000	      1602	00000000	00000013	addi	x0,x0,0	  x0:0x00000000
       16045000	      1603	80000998	00000013	addi	x0,x0,0	  x0:0x00000000
       16055000	      1604	8000099c	0280036f	jal	x6,8000099c	  x6=0x8000099c
       16065000	      1605	00000000	00000013	addi	x0,x0,0	  x0:0x00000000
       16075000	      1606	800009c0	00000013	addi	x0,x0,0	  x0:0x00000000
       16085000	      1607	800009c4	004000ef	jal	x1,800009c4	  x1=0x800009c4
       16095000	      1608	00000000	00000013	addi	x0,x0,0	  x0:0x00000000
       16105000	      1609	800009c4	00000013	addi	x0,x0,0	  x0:0x00000000
       16115000	      1610	800009c8	fd9ff0ef	jal	x1,800009c8	  x1=0x800009c8
       16125000	      1611	00000000	00000013	addi	x0,x0,0	  x0:0x00000000
       16135000	      1612	8000099c	00000013	addi	x0,x0,0	  x0:0x00000000
       16145000	      1613	800009a0	01c0036f	jal	x6,800009a0	  x6=0x800009a0
       16155000	      1614	00000000	00000013	addi	x0,x0,0	  x0:0x00000000
       16165000	      1615	800009b8	00000013	addi	x0,x0,0	  x0:0x00000000
       16175000	      1616	800009bc	ffdff9ef	jal	x19,800009bc	 x19=0x800009bc
       16185000	      1617	00000000	00000013	addi	x0,x0,0	  x0:0x00000000
       16195000	      1618	800009b4	00000013	addi	x0,x0,0	  x0:0x00000000
       16205000	      1619	800009b8	fedff0ef	jal	x1,800009b8	  x1=0x800009b8
       16215000	      1620	00000000	00000013	addi	x0,x0,0	  x0:0x00000000
       16225000	      1621	800009a0	00000013	addi	x0,x0,0	  x0:0x00000000
       16235000	      1622	800009a4	028000ef	jal	x1,800009a4	  x1=0x800009a4
       16245000	      1623	00000000	00000013	addi	x0,x0,0	  x0:0x00000000
       16255000	      1624	800009c8	00000013	addi	x0,x0,0	  x0:0x00000000
       16265000	      1625	800009cc	ff5ff0ef	jal	x1,800009cc	  x1=0x800009cc
       16275000	      1626	00000000	00000013	addi	x0,x0,0	  x0:0x00000000
       16285000	      1627	800009bc	00000013	addi	x0,x0,0	  x0:0x00000000
       16295000	      1628	800009c0	014000ef	jal	x1,800009c0	  x1=0x800009c0
       16305000	      1629	00000000	00000013	addi	x0,x0,0	  x0:0x00000000
       16315000	      1630	800009d0	00000013	addi	x0,x0,0	  x0:0x00000000
       16325000	      1631	800009d4	10778c93	addi	x25,x15,263	 x15:0x80000944 x25=0x80000a4b
       16335000	      1632	800009d8	0180036f	jal	x6,800009d8	  x6=0x800009d8
       16345000	      1633	00000000	00000013	addi	x0,x0,0	  x0:0x00000000
       16355000	      1634	800009ec	00000013	addi	x0,x0,0	  x0:0x00000000
       16365000	      1635	800009f0	00c0036f	jal	x6,800009f0	  x6=0x800009f0
       16375000	      1636	00000000	00000013	addi	x0,x0,0	  x0:0x00000000
       16385000	      1637	800009f8	00000013	addi	x0,x0,0	  x0:0x00000000
       16395000	      1638	800009fc	fe9ff0ef	jal	x1,800009fc	  x1=0x800009fc
       16405000	      1639	00000000	00000013	addi	x0,x0,0	  x0:0x00000000
       16415000	      1640	800009e0	00000013	addi	x0,x0,0	  x0:0x00000000
       16425000	      1641	800009e4	02c0036f	jal	x6,800009e4	  x6=0x800009e4
       16435000	      1642	00000000	00000013	addi	x0,x0,0	  x0:0x00000000
       16445000	      1643	80000a0c	00000013	addi	x0,x0,0	  x0:0x00000000
       16455000	      1644	80000a10	fddff86f	jal	x16,80000a10	 x16=0x80000a10
       16465000	      1645	00000000	00000013	addi	x0,x0,0	  x0:0x00000000
       16475000	      1646	800009e8	00000013	addi	x0,x0,0	  x0:0x00000000
       16485000	      1647	800009ec	014000ef	jal	x1,800009ec	  x1=0x800009ec
       16495000	      1648	00000000	00000013	addi	x0,x0,0	  x0:0x00000000
       16505000	      1649	800009fc	00000013	addi	x0,x0,0	  x0:0x00000000
       16515000	      1650	80000a00	0180036f	jal	x6,80000a00	  x6=0x80000a00
       16525000	      1651	00000000	00000013	addi	x0,x0,0	  x0:0x00000000
       16535000	      1652	80000a14	00000013	addi	x0,x0,0	  x0:0x00000000
       16545000	      1653	80000a18	fc9ff36f	jal	x6,80000a18	  x6=0x80000a18
       16555000	      1654	00000000	00000013	addi	x0,x0,0	  x0:0x00000000
       16565000	      1655	800009dc	00000013	addi	x0,x0,0	  x0:0x00000000
       16575000	      1656	800009e0	014007ef	jal	x15,800009e0	 x15=0x800009e0
       16585000	      1657	00000000	00000013	addi	x0,x0,0	  x0:0x00000000
       16595000	      1658	800009f0	00000013	addi	x0,x0,0	  x0:0x00000000
       16605000	      1659	800009f4	014000ef	jal	x1,800009f4	  x1=0x800009f4
       16615000	      1660	00000000	00000013	addi	x0,x0,0	  x0:0x00000000
       16625000	      1661	80000a04	00000013	addi	x0,x0,0	  x0:0x00000000
       16635000	      1662	80000a08	014000ef	jal	x1,80000a08	  x1=0x80000a08
       16645000	      1663	00000000	00000013	addi	x0,x0,0	  x0:0x00000000
       16655000	      1664	80000a18	00000013	addi	x0,x0,0	  x0:0x00000000
       16665000	      1665	80000a1c	fcdfff6f	jal	x30,80000a1c	 x30=0x80000a1c
       16675000	      1666	00000000	00000013	addi	x0,x0,0	  x0:0x00000000
       16685000	      1667	800009e4	00000013	addi	x0,x0,0	  x0:0x00000000
       16695000	      1668	800009e8	02c0026f	jal	x4,800009e8	  x4=0x800009e8
       16705000	      1669	00000000	00000013	addi	x0,x0,0	  x0:0x00000000
       16715000	      1670	80000a10	00000013	addi	x0,x0,0	  x0:0x00000000
       16725000	      1671	80000a14	fc9ff36f	jal	x6,80000a14	  x6=0x80000a14
       16735000	      1672	00000000	00000013	addi	x0,x0,0	  x0:0x00000000
       16745000	      1673	800009d8	00000013	addi	x0,x0,0	  x0:0x00000000
       16755000	      1674	800009dc	01c0016f	jal	x2,800009dc	  x2=0x800009dc
       16765000	      1675	00000000	00000013	addi	x0,x0,0	  x0:0x00000000
       16775000	      1676	800009f4	00000013	addi	x0,x0,0	  x0:0x00000000
       16785000	      1677	800009f8	0140026f	jal	x4,800009f8	  x4=0x800009f8
       16795000	      1678	00000000	00000013	addi	x0,x0,0	  x0:0x00000000
       16805000	      1679	80000a08	00000013	addi	x0,x0,0	  x0:0x00000000
       16815000	      1680	80000a0c	ff9ff0ef	jal	x1,80000a0c	  x1=0x80000a0c
       16825000	      1681	00000000	00000013	addi	x0,x0,0	  x0:0x00000000
       16835000	      1682	80000a00	00000013	addi	x0,x0,0	  x0:0x00000000
       16845000	      1683	80000a04	01c000ef	jal	x1,80000a04	  x1=0x80000a04
       16855000	      1684	00000000	00000013	addi	x0,x0,0	  x0:0x00000000
       16865000	      1685	80000a1c	00000013	addi	x0,x0,0	  x0:0x00000000
       16875000	      1686	80000a20	ee0effb7	lui	x31,0xee0ef	 x31=0xee0ef000
       16885000	      1687	80000a24	0300036f	jal	x6,80000a24	  x6=0x80000a24
       16895000	      1688	00000000	00000013	addi	x0,x0,0	  x0:0x00000000
       16905000	      1689	80000a50	00000013	addi	x0,x0,0	  x0:0x00000000
       16915000	      1690	80000a54	fddff36f	jal	x6,80000a54	  x6=0x80000a54
       16925000	      1691	00000000	00000013	addi	x0,x0,0	  x0:0x00000000
       16935000	      1692	80000a2c	00000013	addi	x0,x0,0	  x0:0x00000000
       16945000	      1693	80000a30	ffdff76f	jal	x14,80000a30	 x14=0x80000a30
       16955000	      1694	00000000	00000013	addi	x0,x0,0	  x0:0x00000000
       16965000	      1695	80000a28	00000013	addi	x0,x0,0	  x0:0x00000000
       16975000	      1696	80000a2c	048000ef	jal	x1,80000a2c	  x1=0x80000a2c
       16985000	      1697	00000000	00000013	addi	x0,x0,0	  x0:0x00000000
       16995000	      1698	80000a70	00000013	addi	x0,x0,0	  x0:0x00000000
       17005000	      1699	80000a74	0080036f	jal	x6,80000a74	  x6=0x80000a74
       17015000	      1700	00000000	00000013	addi	x0,x0,0	  x0:0x00000000
       17025000	      1701	80000a78	00000013	addi	x0,x0,0	  x0:0x00000000
       17035000	      1702	80000a7c	fadff46f	jal	x8,80000a7c	  x8=0x80000a7c
       17045000	      1703	00000000	00000013	addi	x0,x0,0	  x0:0x00000000
       17055000	      1704	80000a24	00000013	addi	x0,x0,0	  x0:0x00000000
       17065000	      1705	80000a28	038008ef	jal	x17,80000a28	 x17=0x80000a28
       17075000	      1706	00000000	00000013	addi	x0,x0,0	  x0:0x00000000
       17085000	      1707	80000a5c	00000013	addi	x0,x0,0	  x0:0x00000000
       17095000	      1708	80000a60	fd9ffcef	jal	x25,80000a60	 x25=0x80000a60
       17105000	      1709	00000000	00000013	addi	x0,x0,0	  x0:0x00000000
       17115000	      1710	80000a34	00000013	addi	x0,x0,0	  x0:0x00000000
       17125000	      1711	80000a38	0240026f	jal	x4,80000a38	  x4=0x80000a38
       17135000	      1712	00000000	00000013	addi	x0,x0,0	  x0:0x00000000
       17145000	      1713	80000a58	00000013	addi	x0,x0,0	  x0:0x00000000
       17155000	      1714	80000a5c	02400eef	jal	x29,80000a5c	 x29=0x80000a5c
       17165000	      1715	00000000	00000013	addi	x0,x0,0	  x0:0x00000000
       17175000	      1716	80000a7c	00000013	addi	x0,x0,0	  x0:0x00000000
       17185000	      1717	80000a80	ff9ff36f	jal	x6,80000a80	  x6=0x80000a80
       17195000	      1718	00000000	00000013	addi	x0,x0,0	  x0:0x00000000
       17205000	      1719	80000a74	00000013	addi	x0,x0,0	  x0:0x00000000
       17215000	      1720	80000a78	ff9ff0ef	jal	x1,80000a78	  x1=0x80000a78
       17225000	      1721	00000000	00000013	addi	x0,x0,0	  x0:0x00000000
       17235000	      1722	80000a6c	00000013	addi	x0,x0,0	  x0:0x00000000
       17245000	      1723	80000a70	ffdff36f	jal	x6,80000a70	  x6=0x80000a70
       17255000	      1724	00000000	00000013	addi	x0,x0,0	  x0:0x00000000
       17265000	      1725	80000a68	00000013	addi	x0,x0,0	  x0:0x00000000
       17275000	      1726	80000a6c	fd5ff0ef	jal	x1,80000a6c	  x1=0x80000a6c
       17285000	      1727	00000000	00000013	addi	x0,x0,0	  x0:0x00000000
       17295000	      1728	80000a3c	00000013	addi	x0,x0,0	  x0:0x00000000
       17305000	      1729	80000a40	00c006ef	jal	x13,80000a40	 x13=0x80000a40
       17315000	      1730	00000000	00000013	addi	x0,x0,0	  x0:0x00000000
       17325000	      1731	80000a48	00000013	addi	x0,x0,0	  x0:0x00000000
       17335000	      1732	80000a4c	00c0096f	jal	x18,80000a4c	 x18=0x80000a4c
       17345000	      1733	00000000	00000013	addi	x0,x0,0	  x0:0x00000000
       17355000	      1734	80000a54	00000013	addi	x0,x0,0	  x0:0x00000000
       17365000	      1735	80000a58	030000ef	jal	x1,80000a58	  x1=0x80000a58
       17375000	      1736	00000000	00000013	addi	x0,x0,0	  x0:0x00000000
       17385000	      1737	80000a84	00000013	addi	x0,x0,0	  x0:0x00000000
       17395000	      1738	80000a88	fc1ffcef	jal	x25,80000a88	 x25=0x80000a88
       17405000	      1739	00000000	00000013	addi	x0,x0,0	  x0:0x00000000
       17415000	      1740	80000a44	00000013	addi	x0,x0,0	  x0:0x00000000
       17425000	      1741	80000a48	ff5ff0ef	jal	x1,80000a48	  x1=0x80000a48
       17435000	      1742	00000000	00000013	addi	x0,x0,0	  x0:0x00000000
       17445000	      1743	80000a38	00000013	addi	x0,x0,0	  x0:0x00000000
       17455000	      1744	80000a3c	014000ef	jal	x1,80000a3c	  x1=0x80000a3c
       17465000	      1745	00000000	00000013	addi	x0,x0,0	  x0:0x00000000
       17475000	      1746	80000a4c	00000013	addi	x0,x0,0	  x0:0x00000000
       17485000	      1747	80000a50	0140036f	jal	x6,80000a50	  x6=0x80000a50
       17495000	      1748	00000000	00000013	addi	x0,x0,0	  x0:0x00000000
       17505000	      1749	80000a60	00000013	addi	x0,x0,0	  x0:0x00000000
       17515000	      1750	80000a64	00400c6f	jal	x24,80000a64	 x24=0x80000a64
       17525000	      1751	00000000	00000013	addi	x0,x0,0	  x0:0x00000000
       17535000	      1752	80000a64	00000013	addi	x0,x0,0	  x0:0x00000000
       17545000	      1753	80000a68	fddff4ef	jal	x9,80000a68	  x9=0x80000a68
       17555000	      1754	00000000	00000013	addi	x0,x0,0	  x0:0x00000000
       17565000	      1755	80000a40	00000013	addi	x0,x0,0	  x0:0x00000000
       17575000	      1756	80000a44	ff1ff0ef	jal	x1,80000a44	  x1=0x80000a44
       17585000	      1757	00000000	00000013	addi	x0,x0,0	  x0:0x00000000
       17595000	      1758	80000a30	00000013	addi	x0,x0,0	  x0:0x00000000
       17605000	      1759	80000a34	050008ef	jal	x17,80000a34	 x17=0x80000a34
       17615000	      1760	00000000	00000013	addi	x0,x0,0	  x0:0x00000000
       17625000	      1761	80000a80	00000013	addi	x0,x0,0	  x0:0x00000000
       17635000	      1762	80000a84	008000ef	jal	x1,80000a84	  x1=0x80000a84
       17645000	      1763	00000000	00000013	addi	x0,x0,0	  x0:0x00000000
       17655000	      1764	80000a88	00000013	addi	x0,x0,0	  x0:0x00000000
       17665000	      1765	80000a8c	0040036f	jal	x6,80000a8c	  x6=0x80000a8c
       17675000	      1766	00000000	00000013	addi	x0,x0,0	  x0:0x00000000
       17685000	      1767	80000a8c	00000013	addi	x0,x0,0	  x0:0x00000000
       17695000	      1768	80000a90	00daa4b3	slt	x9,x21,x13	 x21:0x80009fc4 x13:0x80000a40  x9=0x00000000
       17705000	      1769	80000a94	4023d013	srai	x0,x7,0x2	  x7:0x800009b4
       17715000	      1770	80000a98	05e36263	bltu	x6,x30,80000adc	  x6:0x80000a8c x30:0x80000a1c
       17725000	      1771	80000a9c	0257d663	bge	x15,x5,80000ac8	 x15:0x800009e0  x5:0x80009f5c
       17735000	      1772	80000aa0	07eb2913	slti	x18,x22,126	 x22:0x800001a4 x18=0x00000001
       17745000	      1773	80000aa4	00000013	addi	x0,x0,0	  x0:0x00000000
       17755000	      1774	80000aa8	00896b33	or	x22,x18,x8	 x18:0x00000001  x8:0x80000a7c x22=0x80000a7d
       17765000	      1775	80000aac	004f8eb3	add	x29,x31,x4	 x31:0xee0ef000  x4:0x80000a38 x29=0x6e0efa38
       17775000	      1776	80000ab0	fa330c93	addi	x25,x6,-93	  x6:0x80000a8c x25=0x80000a2f
       17785000	      1777	80000ab4	01e91733	sll	x14,x18,x30	 x18:0x00000001 x30:0x80000a1c x14=0x10000000
       17795000	      1778	80000ab8	00637463	bgeu	x6,x6,80000ac0	  x6:0x80000a8c  x6:0x80000a8c
       17805000	      1779	00000000	00000013	addi	x0,x0,0	  x0:0x00000000
       17815000	      1780	80000abc	00000013	addi	x0,x0,0	  x0:0x00000000
       17825000	      1781	80000ac0	00d25893	srli	x17,x4,0xd	  x4:0x80000a38 x17=0x00040000
       17835000	      1782	80000ac4	00fa46b3	xor	x13,x20,x15	 x20:0x80000930 x15:0x800009e0 x13=0x000000d0
       17845000	      1783	80000ac8	014fb1b3	sltu	x3,x31,x20	 x31:0xee0ef000 x20:0x80000930  x3=0x00000000
       17855000	      1784	80000acc	00000013	addi	x0,x0,0	  x0:0x00000000
       17865000	      1785	80000ad0	05e9e863	bltu	x19,x30,80000b20	 x19:0x800009bc x30:0x80000a1c
       17875000	      1786	00000000	00000013	addi	x0,x0,0	  x0:0x00000000
       17885000	      1787	80000b1c	00000013	addi	x0,x0,0	  x0:0x00000000
       17895000	      1788	80000b20	02699e63	bne	x19,x6,80000b5c	 x19:0x800009bc  x6:0x80000a8c
       17905000	      1789	00000000	00000013	addi	x0,x0,0	  x0:0x00000000
       17915000	      1790	80000b58	00000013	addi	x0,x0,0	  x0:0x00000000
       17925000	      1791	80000b5c	859ae113	ori	x2,x21,-1959	 x21:0x80009fc4  x2=0xffffffdd
       17935000	      1792	80000b60	03919e63	bne	x3,x25,80000b9c	  x3:0x00000000 x25:0x80000a2f
       17945000	      1793	00000000	00000013	addi	x0,x0,0	  x0:0x00000000
       17955000	      1794	80000b98	00000013	addi	x0,x0,0	  x0:0x00000000
       17965000	      1795	80000b9c	01573333	sltu	x6,x14,x21	 x14:0x10000000 x21:0x80009fc4  x6=0x00000001
       17975000	      1796	80000ba0	28524913	xori	x18,x4,645	  x4:0x80000a38 x18=0x800008bd
       17985000	      1797	80000ba4	02447e63	bgeu	x8,x4,80000be0	  x8:0x80000a7c  x4:0x80000a38
       17995000	      1798	00000000	00000013	addi	x0,x0,0	  x0:0x00000000
       18005000	      1799	80000bdc	00000013	addi	x0,x0,0	  x0:0x00000000
       18015000	      1800	80000be0	001cf0b3	and	x1,x25,x1	 x25:0x80000a2f  x1:0x80000a84  x1=0x80000a04
       18025000	      1801	80000be4	9f688a13	addi	x20,x17,-1546	 x17:0x00040000 x20=0x0003f9f6
       18035000	      1802	80000be8	0528b697	auipc	x13,0x528b	 x13=0x8528bbe4
       18045000	      1803	80000bec	0175deb3	srl	x29,x11,x23	 x11:0x7bc278ec x23:0x80009fc4 x29=0x07bc278e
       18055000	      1804	80000bf0	01555cb3	srl	x25,x10,x21	 x10:0x800018c8 x21:0x80009fc4 x25=0x0800018c
       18065000	      1805	80000bf4	0185c1b3	xor	x3,x11,x24	 x11:0x7bc278ec x24:0x80000a64  x3=0xfbc27288
       18075000	      1806	80000bf8	41c9d533	sra	x10,x19,x28	 x19:0x800009bc x28:0x80000000 x10=0x800009bc
       18085000	      1807	80000bfc	1fdf2c93	slti	x25,x30,509	 x30:0x80000a1c x25=0x00000001
       18095000	      1808	80000c00	40ec5fb3	sra	x31,x24,x14	 x24:0x80000a64 x14:0x10000000 x31=0x80000a64
       18105000	      1809	80000c04	0033a8b3	slt	x17,x7,x3	  x7:0x800009b4  x3:0xfbc27288 x17=0x00000001
       18115000	      1810	80000c08	4003d8b3	sra	x17,x7,x0	  x7:0x800009b4  x0:0x00000000 x17=0x800009b4
       18125000	      1811	80000c0c	01d2d713	srli	x14,x5,0x1d	  x5:0x80009f5c x14=0x00000004
       18135000	      1812	80000c10	00000013	addi	x0,x0,0	  x0:0x00000000
       18145000	      1813	80000c14	b564f893	andi	x17,x9,-1194	  x9:0x00000000 x17=0x00000000
       18155000	      1814	80000c18	d6d03c93	sltiu	x25,x0,-659	  x0:0x00000000 x25=0x00000001
       18165000	      1815	80000c1c	403c8533	sub	x10,x25,x3	 x25:0x00000001  x3:0xfbc27288 x10=0x043d8d79
       18175000	      1816	80000c20	01e85833	srl	x16,x16,x30	 x16:0x80000a10 x30:0x80000a1c x16=0x00000008
       18185000	      1817	80000c24	0147a233	slt	x4,x15,x20	 x15:0x800009e0 x20:0x0003f9f6  x4=0x00000001
       18195000	      1818	80000c28	010fdb13	srli	x22,x31,0x10	 x31:0x80000a64 x22=0x00008000
       18205000	      1819	80000c2c	01b1ac33	slt	x24,x3,x27	  x3:0xfbc27288 x27:0x0000000f x24=0x00000001
       18215000	      1820	80000c30	04f9c663	blt	x19,x15,80000c7c	 x19:0x800009bc x15:0x800009e0
       18225000	      1821	00000000	00000013	addi	x0,x0,0	  x0:0x00000000
       18235000	      1822	80000c78	00000013	addi	x0,x0,0	  x0:0x00000000
       18245000	      1823	80000c7c	000cba33	sltu	x20,x25,x0	 x25:0x00000001  x0:0x00000000 x20=0x00000000
       18255000	      1824	80000c80	00a21a63	bne	x4,x10,80000c94	  x4:0x00000001 x10:0x043d8d79
       18265000	      1825	00000000	00000013	addi	x0,x0,0	  x0:0x00000000
       18275000	      1826	80000c90	00000013	addi	x0,x0,0	  x0:0x00000000
       18285000	      1827	80000c94	65577d37	lui	x26,0x65577	 x26=0x65577000
       18295000	      1828	80000c98	00e0da93	srli	x21,x1,0xe	  x1:0x80000a04 x21=0x00020000
       18305000	      1829	80000c9c	050fe063	bltu	x31,x16,80000cdc	 x31:0x80000a64 x16:0x00000008
       18315000	      1830	80000ca0	01715793	srli	x15,x2,0x17	  x2:0xffffffdd x15=0x000001ff
       18325000	      1831	80000ca4	00583433	sltu	x8,x16,x5	 x16:0x00000008  x5:0x80009f5c  x8=0x00000001
       18335000	      1832	80000ca8	01701733	sll	x14,x0,x23	  x0:0x00000000 x23:0x80009fc4 x14=0x00000000
       18345000	      1833	80000cac	00000013	addi	x0,x0,0	  x0:0x00000000
       18355000	      1834	80000cb0	01cda3b3	slt	x7,x27,x28	 x27:0x0000000f x28:0x80000000  x7=0x00000000
       18365000	      1835	80000cb4	0188c3b3	xor	x7,x17,x24	 x17:0x00000000 x24:0x00000001  x7=0x00000001
       18375000	      1836	80000cb8	4aae6313	ori	x6,x28,1194	 x28:0x80000000  x6=0x800004aa
       18385000	      1837	80000cbc	010a8cb3	add	x25,x21,x16	 x21:0x00020000 x16:0x00000008 x25=0x00020008
       18395000	      1838	80000cc0	41925b33	sra	x22,x4,x25	  x4:0x00000001 x25:0x00020008 x22=0x00000000
       18405000	      1839	80000cc4	01d14a63	blt	x2,x29,80000cd8	  x2:0xffffffdd x29:0x07bc278e
       18415000	      1840	00000000	00000013	addi	x0,x0,0	  x0:0x00000000
       18425000	      1841	80000cd4	00000013	addi	x0,x0,0	  x0:0x00000000
       18435000	      1842	80000cd8	41d1d213	srai	x4,x3,0x1d	  x3:0xfbc27288  x4=0xffffffff
       18445000	      1843	80000cdc	1332f793	andi	x15,x5,307	  x5:0x80009f5c x15=0x00000110
       18455000	      1844	80000ce0	01bd6eb3	or	x29,x26,x27	 x26:0x65577000 x27:0x0000000f x29=0x6557700f
       18465000	      1845	80000ce4	009f9593	slli	x11,x31,0x9	 x31:0x80000a64 x11=0x0014c800
       18475000	      1846	80000ce8	2a343213	sltiu	x4,x8,675	  x8:0x00000001  x4=0x00000001
       18485000	      1847	80000cec	04307863	bgeu	x0,x3,80000d3c	  x0:0x00000000  x3:0xfbc27288
       18495000	      1848	80000cf0	0351c663	blt	x3,x21,80000d1c	  x3:0xfbc27288 x21:0x00020000
       18505000	      1849	00000000	00000013	addi	x0,x0,0	  x0:0x00000000
       18515000	      1850	80000d18	00000013	addi	x0,x0,0	  x0:0x00000000
       18525000	      1851	80000d1c	41eed833	sra	x16,x29,x30	 x29:0x6557700f x30:0x80000a1c x16=0x00000006
       18535000	      1852	80000d20	005677b3	and	x15,x12,x5	 x12:0xd9cc8318  x5:0x80009f5c x15=0x80008318
       18545000	      1853	80000d24	440d8c13	addi	x24,x27,1088	 x27:0x0000000f x24=0x0000044f
       18555000	      1854	80000d28	00cf1893	slli	x17,x30,0xc	 x30:0x80000a1c x17=0x00a1c000
       18565000	      1855	80000d2c	0cda3893	sltiu	x17,x20,205	 x20:0x00000000 x17=0x00000001
       18575000	      1856	80000d30	41a95893	srai	x17,x18,0x1a	 x18:0x800008bd x17=0xffffffe0
       18585000	      1857	80000d34	004787b3	add	x15,x15,x4	 x15:0x80008318  x4:0x00000001 x15=0x80008319
       18595000	      1858	80000d38	115d3513	sltiu	x10,x26,277	 x26:0x65577000 x10=0x00000000
       18605000	      1859	80000d3c	01f95033	srl	x0,x18,x31	 x18:0x800008bd x31:0x80000a64
       18615000	      1860	80000d40	09896663	bltu	x18,x24,80000dcc	 x18:0x800008bd x24:0x0000044f
       18625000	      1861	80000d44	41800133	sub	x2,x0,x24	  x0:0x00000000 x24:0x0000044f  x2=0xfffffbb1
       18635000	      1862	80000d48	d0d93437	lui	x8,0xd0d93	  x8=0xd0d93000
       18645000	      1863	80000d4c	00000013	addi	x0,x0,0	  x0:0x00000000
       18655000	      1864	80000d50	00d49633	sll	x12,x9,x13	  x9:0x00000000 x13:0x8528bbe4 x12=0x00000000
       18665000	      1865	80000d54	012f80b3	add	x1,x31,x18	 x31:0x80000a64 x18:0x800008bd  x1=0x00001321
       18675000	      1866	80000d58	99063437	lui	x8,0x99063	  x8=0x99063000
       18685000	      1867	80000d5c	00757463	bgeu	x10,x7,80000d64	 x10:0x00000000  x7:0x00000001
       18695000	      1868	80000d60	41d2d033	sra	x0,x5,x29	  x5:0x80009f5c x29:0x6557700f
       18705000	      1869	80000d64	0794c663	blt	x9,x25,80000dd0	  x9:0x00000000 x25:0x00020008
       18715000	      1870	00000000	00000013	addi	x0,x0,0	  x0:0x00000000
       18725000	      1871	80000dcc	00000013	addi	x0,x0,0	  x0:0x00000000
       18735000	      1872	80000dd0	0512e263	bltu	x5,x17,80000e14	  x5:0x80009f5c x17:0xffffffe0
       18745000	      1873	00000000	00000013	addi	x0,x0,0	  x0:0x00000000
       18755000	      1874	80000e10	00000013	addi	x0,x0,0	  x0:0x00000000
       18765000	      1875	80000e14	00c106b3	add	x13,x2,x12	  x2:0xfffffbb1 x12:0x00000000 x13=0xfffffbb1
       18775000	      1876	80000e18	75b1fc93	andi	x25,x3,1883	  x3:0xfbc27288 x25=0x00000208
       18785000	      1877	80000e1c	032f8a63	beq	x31,x18,80000e50	 x31:0x80000a64 x18:0x800008bd
       18795000	      1878	80000e20	01ebeb33	or	x22,x23,x30	 x23:0x80009fc4 x30:0x80000a1c x22=0x80009fdc
       18805000	      1879	80000e24	4032dd13	srai	x26,x5,0x3	  x5:0x80009f5c x26=0xf00013eb
       18815000	      1880	80000e28	01b99eb3	sll	x29,x19,x27	 x19:0x800009bc x27:0x0000000f x29=0x04de0000
       18825000	      1881	80000e2c	00f6b0b3	sltu	x1,x13,x15	 x13:0xfffffbb1 x15:0x80008319  x1=0x00000000
       18835000	      1882	80000e30	c4a18c13	addi	x24,x3,-950	  x3:0xfbc27288 x24=0xfbc26ed2
       18845000	      1883	80000e34	00000013	addi	x0,x0,0	  x0:0x00000000
       18855000	      1884	80000e38	00000013	addi	x0,x0,0	  x0:0x00000000
       18865000	      1885	80000e3c	419dd013	srai	x0,x27,0x19	 x27:0x0000000f
       18875000	      1886	80000e40	40e08db3	sub	x27,x1,x14	  x1:0x00000000 x14:0x00000000 x27=0x00000000
       18885000	      1887	80000e44	016c1a63	bne	x24,x22,80000e58	 x24:0xfbc26ed2 x22:0x80009fdc
       18895000	      1888	00000000	00000013	addi	x0,x0,0	  x0:0x00000000
       18905000	      1889	80000e54	00000013	addi	x0,x0,0	  x0:0x00000000
       18915000	      1890	80000e58	33a24613	xori	x12,x4,826	  x4:0x00000001 x12=0x0000033b
       18925000	      1891	80000e5c	01a00263	beq	x0,x26,80000e60	  x0:0x00000000 x26:0xf00013eb
       18935000	      1892	80000e60	00000013	addi	x0,x0,0	  x0:0x00000000
       18945000	      1893	80000e64	0211d863	bge	x3,x1,80000e94	  x3:0xfbc27288  x1:0x00000000
       18955000	      1894	80000e68	419c0db3	sub	x27,x24,x25	 x24:0xfbc26ed2 x25:0x00000208 x27=0xfbc26cca
       18965000	      1895	80000e6c	01999633	sll	x12,x19,x25	 x19:0x800009bc x25:0x00000208 x12=0x0009bc00
       18975000	      1896	80000e70	b56f7213	andi	x4,x30,-1194	 x30:0x80000a1c  x4=0x80000a14
       18985000	      1897	80000e74	02c3f663	bgeu	x7,x12,80000ea0	  x7:0x00000001 x12:0x0009bc00
       18995000	      1898	80000e78	41655413	srai	x8,x10,0x16	 x10:0x00000000  x8=0x00000000
       19005000	      1899	80000e7c	01f57a63	bgeu	x10,x31,80000e90	 x10:0x00000000 x31:0x80000a64
       19015000	      1900	80000e80	019dba33	sltu	x20,x27,x25	 x27:0xfbc26cca x25:0x00000208 x20=0x00000000
       19025000	      1901	80000e84	407e5213	srai	x4,x28,0x7	 x28:0x80000000  x4=0xff000000
       19035000	      1902	80000e88	05941463	bne	x8,x25,80000ed0	  x8:0x00000000 x25:0x00000208
       19045000	      1903	00000000	00000013	addi	x0,x0,0	  x0:0x00000000
       19055000	      1904	80000ecc	00000013	addi	x0,x0,0	  x0:0x00000000
       19065000	      1905	80000ed0	01830733	add	x14,x6,x24	  x6:0x800004aa x24:0xfbc26ed2 x14=0x7bc2737c
       19075000	      1906	80000ed4	017b6f33	or	x30,x22,x23	 x22:0x80009fdc x23:0x80009fc4 x30=0x80009fdc
       19085000	      1907	80000ed8	5de18f93	addi	x31,x3,1502	  x3:0xfbc27288 x31=0xfbc27866
       19095000	      1908	80000edc	40fe5633	sra	x12,x28,x15	 x28:0x80000000 x15:0x80008319 x12=0xffffffc0
       19105000	      1909	80000ee0	d4c1dab7	lui	x21,0xd4c1d	 x21=0xd4c1d000
       19115000	      1910	80000ee4	0309c663	blt	x19,x16,80000f10	 x19:0x800009bc x16:0x00000006
       19125000	      1911	00000000	00000013	addi	x0,x0,0	  x0:0x00000000
       19135000	      1912	80000f0c	00000013	addi	x0,x0,0	  x0:0x00000000
       19145000	      1913	80000f10	00a37663	bgeu	x6,x10,80000f1c	  x6:0x800004aa x10:0x00000000
       19155000	      1914	00000000	00000013	addi	x0,x0,0	  x0:0x00000000
       19165000	      1915	80000f18	00000013	addi	x0,x0,0	  x0:0x00000000
       19175000	      1916	80000f1c	05b2d863	bge	x5,x27,80000f6c	  x5:0x80009f5c x27:0xfbc26cca
       19185000	      1917	80000f20	01723a33	sltu	x20,x4,x23	  x4:0xff000000 x23:0x80009fc4 x20=0x00000000
       19195000	      1918	80000f24	40a953b3	sra	x7,x18,x10	 x18:0x800008bd x10:0x00000000  x7=0x800008bd
       19205000	      1919	80000f28	04678263	beq	x15,x6,80000f6c	 x15:0x80008319  x6:0x800004aa
       19215000	      1920	80000f2c	41f28b33	sub	x22,x5,x31	  x5:0x80009f5c x31:0xfbc27866 x22=0x843e26f6
       19225000	      1921	80000f30	41cbd133	sra	x2,x23,x28	 x23:0x80009fc4 x28:0x80000000  x2=0x80009fc4
       19235000	      1922	80000f34	41c65eb3	sra	x29,x12,x28	 x12:0xffffffc0 x28:0x80000000 x29=0xffffffc0
       19245000	      1923	80000f38	dac37393	andi	x7,x6,-596	  x6:0x800004aa  x7=0x800004a8
       19255000	      1924	80000f3c	f69cb413	sltiu	x8,x25,-151	 x25:0x00000208  x8=0x00000001
       19265000	      1925	80000f40	011e0a63	beq	x28,x17,80000f54	 x28:0x80000000 x17:0xffffffe0
       19275000	      1926	80000f44	402ed7b3	sra	x15,x29,x2	 x29:0xffffffc0  x2:0x80009fc4 x15=0xfffffffc
       19285000	      1927	80000f48	000e01b3	add	x3,x28,x0	 x28:0x80000000  x0:0x00000000  x3=0x80000000
       19295000	      1928	80000f4c	9b2aa113	slti	x2,x21,-1614	 x21:0xd4c1d000  x2=0x00000001
       19305000	      1929	80000f50	01b4b8b3	sltu	x17,x9,x27	  x9:0x00000000 x27:0xfbc26cca x17=0x00000001
       19315000	      1930	80000f54	01e5eeb3	or	x29,x11,x30	 x11:0x0014c800 x30:0x80009fdc x29=0x8014dfdc
       19325000	      1931	80000f58	022b7e63	bgeu	x22,x2,80000f94	 x22:0x843e26f6  x2:0x00000001
       19335000	      1932	00000000	00000013	addi	x0,x0,0	  x0:0x00000000
       19345000	      1933	80000f90	00000013	addi	x0,x0,0	  x0:0x00000000
       19355000	      1934	80000f94	02e2c463	blt	x5,x14,80000fbc	  x5:0x80009f5c x14:0x7bc2737c
       19365000	      1935	00000000	00000013	addi	x0,x0,0	  x0:0x00000000
       19375000	      1936	80000fb8	00000013	addi	x0,x0,0	  x0:0x00000000
       19385000	      1937	80000fbc	00000013	addi	x0,x0,0	  x0:0x00000000
       19395000	      1938	80000fc0	ce360213	addi	x4,x12,-797	 x12:0xffffffc0  x4=0xfffffca3
       19405000	      1939	80000fc4	0042a303	lw	x6,4(x5)	  x5:0x80009f5c  x6=0x800011e0 PA:0x80009f60
       19415000	      1940	80000fc8	00000013	addi	x0,x0,0	  x0:0x00000000
       19425000	      1941	80000fcc	40c908b3	sub	x17,x18,x12	 x18:0x800008bd x12:0xffffffc0 x17=0x800008fd
       19435000	      1942	80000fd0	01c28293	addi	x5,x5,28	  x5:0x80009f5c  x5=0x80009f78
       19445000	      1943	80000fd4	00845913	srli	x18,x8,0x8	  x8:0x00000001 x18=0x00000000
       19455000	      1944	80000fd8	00000013	addi	x0,x0,0	  x0:0x00000000
       19465000	      1945	80000fdc	0183a9b3	slt	x19,x7,x24	  x7:0x800004a8 x24:0xfbc26ed2 x19=0x00000001
       19475000	      1946	80000fe0	00030493	addi	x9,x6,0	  x6:0x800011e0  x9=0x800011e0
       19485000	      1947	80000fe4	000484e7	jalr	x9,x9,0	  x9:0x800011e0  x9=0x80000fe4
       19495000	      1948	00000000	00000013	addi	x0,x0,0	  x0:0x00000000
       19505000	      1949	800011e0	00000013	addi	x0,x0,0	  x0:0x00000000
       19515000	      1950	800011e4	0180036f	jal	x6,800011e4	  x6=0x800011e4
       19525000	      1951	00000000	00000013	addi	x0,x0,0	  x0:0x00000000
       19535000	      1952	800011f8	00000013	addi	x0,x0,0	  x0:0x00000000
       19545000	      1953	800011fc	02c000ef	jal	x1,800011fc	  x1=0x800011fc
       19555000	      1954	00000000	00000013	addi	x0,x0,0	  x0:0x00000000
       19565000	      1955	80001224	00000013	addi	x0,x0,0	  x0:0x00000000
       19575000	      1956	80001228	0080026f	jal	x4,80001228	  x4=0x80001228
       19585000	      1957	00000000	00000013	addi	x0,x0,0	  x0:0x00000000
       19595000	      1958	8000122c	00000013	addi	x0,x0,0	  x0:0x00000000
       19605000	      1959	80001230	fbdfff6f	jal	x30,80001230	 x30=0x80001230
       19615000	      1960	00000000	00000013	addi	x0,x0,0	  x0:0x00000000
       19625000	      1961	800011e8	00000013	addi	x0,x0,0	  x0:0x00000000
       19635000	      1962	800011ec	0500036f	jal	x6,800011ec	  x6=0x800011ec
       19645000	      1963	00000000	00000013	addi	x0,x0,0	  x0:0x00000000
       19655000	      1964	80001238	00000013	addi	x0,x0,0	  x0:0x00000000
       19665000	      1965	8000123c	fd5ff0ef	jal	x1,8000123c	  x1=0x8000123c
       19675000	      1966	00000000	00000013	addi	x0,x0,0	  x0:0x00000000
       19685000	      1967	8000120c	00000013	addi	x0,x0,0	  x0:0x00000000
       19695000	      1968	80001210	ffdff36f	jal	x6,80001210	  x6=0x80001210
       19705000	      1969	00000000	00000013	addi	x0,x0,0	  x0:0x00000000
       19715000	      1970	80001208	00000013	addi	x0,x0,0	  x0:0x00000000
       19725000	      1971	8000120c	018001ef	jal	x3,8000120c	  x3=0x8000120c
       19735000	      1972	00000000	00000013	addi	x0,x0,0	  x0:0x00000000
       19745000	      1973	80001220	00000013	addi	x0,x0,0	  x0:0x00000000
       19755000	      1974	80001224	fc5ff0ef	jal	x1,80001224	  x1=0x80001224
       19765000	      1975	00000000	00000013	addi	x0,x0,0	  x0:0x00000000
       19775000	      1976	800011e4	00000013	addi	x0,x0,0	  x0:0x00000000
       19785000	      1977	800011e8	0300036f	jal	x6,800011e8	  x6=0x800011e8
       19795000	      1978	00000000	00000013	addi	x0,x0,0	  x0:0x00000000
       19805000	      1979	80001214	00000013	addi	x0,x0,0	  x0:0x00000000
       19815000	      1980	80001218	020000ef	jal	x1,80001218	  x1=0x80001218
       19825000	      1981	00000000	00000013	addi	x0,x0,0	  x0:0x00000000
       19835000	      1982	80001234	00000013	addi	x0,x0,0	  x0:0x00000000
       19845000	      1983	80001238	fb9ff9ef	jal	x19,80001238	 x19=0x80001238
       19855000	      1984	00000000	00000013	addi	x0,x0,0	  x0:0x00000000
       19865000	      1985	800011ec	00000013	addi	x0,x0,0	  x0:0x00000000
       19875000	      1986	800011f0	004000ef	jal	x1,800011f0	  x1=0x800011f0
       19885000	      1987	00000000	00000013	addi	x0,x0,0	  x0:0x00000000
       19895000	      1988	800011f0	00000013	addi	x0,x0,0	  x0:0x00000000
       19905000	      1989	800011f4	00c000ef	jal	x1,800011f4	  x1=0x800011f4
       19915000	      1990	00000000	00000013	addi	x0,x0,0	  x0:0x00000000
       19925000	      1991	800011fc	00000013	addi	x0,x0,0	  x0:0x00000000
       19935000	      1992	80001200	01c009ef	jal	x19,80001200	 x19=0x80001200
       19945000	      1993	00000000	00000013	addi	x0,x0,0	  x0:0x00000000
       19955000	      1994	80001218	00000013	addi	x0,x0,0	  x0:0x00000000
       19965000	      1995	8000121c	fedff16f	jal	x2,8000121c	  x2=0x8000121c
       19975000	      1996	00000000	00000013	addi	x0,x0,0	  x0:0x00000000
       19985000	      1997	80001204	00000013	addi	x0,x0,0	  x0:0x00000000
       19995000	      1998	80001208	0180036f	jal	x6,80001208	  x6=0x80001208
       20005000	      1999	00000000	00000013	addi	x0,x0,0	  x0:0x00000000
       20015000	      2000	8000121c	00000013	addi	x0,x0,0	  x0:0x00000000
       20025000	      2001	80001220	014000ef	jal	x1,80001220	  x1=0x80001220
       20035000	      2002	00000000	00000013	addi	x0,x0,0	  x0:0x00000000
       20045000	      2003	80001230	00000013	addi	x0,x0,0	  x0:0x00000000
       20055000	      2004	80001234	fd1ff0ef	jal	x1,80001234	  x1=0x80001234
       20065000	      2005	00000000	00000013	addi	x0,x0,0	  x0:0x00000000
       20075000	      2006	80001200	00000013	addi	x0,x0,0	  x0:0x00000000
       20085000	      2007	80001204	ff5ff36f	jal	x6,80001204	  x6=0x80001204
       20095000	      2008	00000000	00000013	addi	x0,x0,0	  x0:0x00000000
       20105000	      2009	800011f4	00000013	addi	x0,x0,0	  x0:0x00000000
       20115000	      2010	800011f8	01c0036f	jal	x6,800011f8	  x6=0x800011f8
       20125000	      2011	00000000	00000013	addi	x0,x0,0	  x0:0x00000000
       20135000	      2012	80001210	00000013	addi	x0,x0,0	  x0:0x00000000
       20145000	      2013	80001214	0180036f	jal	x6,80001214	  x6=0x80001214
       20155000	      2014	00000000	00000013	addi	x0,x0,0	  x0:0x00000000
       20165000	      2015	80001228	00000013	addi	x0,x0,0	  x0:0x00000000
       20175000	      2016	8000122c	0140076f	jal	x14,8000122c	 x14=0x8000122c
       20185000	      2017	00000000	00000013	addi	x0,x0,0	  x0:0x00000000
       20195000	      2018	8000123c	00000013	addi	x0,x0,0	  x0:0x00000000
       20205000	      2019	80001240	40fdd4b3	sra	x9,x27,x15	 x27:0xfbc26cca x15:0xfffffffc  x9=0xffffffff
       20215000	      2020	80001244	0180036f	jal	x6,80001244	  x6=0x80001244
       20225000	      2021	00000000	00000013	addi	x0,x0,0	  x0:0x00000000
       20235000	      2022	80001258	00000013	addi	x0,x0,0	  x0:0x00000000
       20245000	      2023	8000125c	010000ef	jal	x1,8000125c	  x1=0x8000125c
       20255000	      2024	00000000	00000013	addi	x0,x0,0	  x0:0x00000000
       20265000	      2025	80001268	00000013	addi	x0,x0,0	  x0:0x00000000
       20275000	      2026	8000126c	020000ef	jal	x1,8000126c	  x1=0x8000126c
       20285000	      2027	00000000	00000013	addi	x0,x0,0	  x0:0x00000000
       20295000	      2028	80001288	00000013	addi	x0,x0,0	  x0:0x00000000
       20305000	      2029	8000128c	fc9ff0ef	jal	x1,8000128c	  x1=0x8000128c
       20315000	      2030	00000000	00000013	addi	x0,x0,0	  x0:0x00000000
       20325000	      2031	80001250	00000013	addi	x0,x0,0	  x0:0x00000000
       20335000	      2032	80001254	0340036f	jal	x6,80001254	  x6=0x80001254
       20345000	      2033	00000000	00000013	addi	x0,x0,0	  x0:0x00000000
       20355000	      2034	80001284	00000013	addi	x0,x0,0	  x0:0x00000000
       20365000	      2035	80001288	ffdff36f	jal	x6,80001288	  x6=0x80001288
       20375000	      2036	00000000	00000013	addi	x0,x0,0	  x0:0x00000000
       20385000	      2037	80001280	00000013	addi	x0,x0,0	  x0:0x00000000
       20395000	      2038	80001284	fe1ff0ef	jal	x1,80001284	  x1=0x80001284
       20405000	      2039	00000000	00000013	addi	x0,x0,0	  x0:0x00000000
       20415000	      2040	80001260	00000013	addi	x0,x0,0	  x0:0x00000000
       20425000	      2041	80001264	0440036f	jal	x6,80001264	  x6=0x80001264
       20435000	      2042	00000000	00000013	addi	x0,x0,0	  x0:0x00000000
       20445000	      2043	800012a4	00000013	addi	x0,x0,0	  x0:0x00000000
       20455000	      2044	800012a8	fb1ff0ef	jal	x1,800012a8	  x1=0x800012a8
       20465000	      2045	00000000	00000013	addi	x0,x0,0	  x0:0x00000000
       20475000	      2046	80001254	00000013	addi	x0,x0,0	  x0:0x00000000
       20485000	      2047	80001258	010000ef	jal	x1,80001258	  x1=0x80001258
       20495000	      2048	00000000	00000013	addi	x0,x0,0	  x0:0x00000000
       20505000	      2049	80001264	00000013	addi	x0,x0,0	  x0:0x00000000
       20515000	      2050	80001268	0340036f	jal	x6,80001268	  x6=0x80001268
       20525000	      2051	00000000	00000013	addi	x0,x0,0	  x0:0x00000000
       20535000	      2052	80001298	00000013	addi	x0,x0,0	  x0:0x00000000
       20545000	      2053	8000129c	0080036f	jal	x6,8000129c	  x6=0x8000129c
       20555000	      2054	00000000	00000013	addi	x0,x0,0	  x0:0x00000000
       20565000	      2055	800012a0	00000013	addi	x0,x0,0	  x0:0x00000000
       20575000	      2056	800012a4	fd1ff0ef	jal	x1,800012a4	  x1=0x800012a4
       20585000	      2057	00000000	00000013	addi	x0,x0,0	  x0:0x00000000
       20595000	      2058	80001270	00000013	addi	x0,x0,0	  x0:0x00000000
       20605000	      2059	80001274	fddff0ef	jal	x1,80001274	  x1=0x80001274
       20615000	      2060	00000000	00000013	addi	x0,x0,0	  x0:0x00000000
       20625000	      2061	8000124c	00000013	addi	x0,x0,0	  x0:0x00000000
       20635000	      2062	80001250	ff9ff0ef	jal	x1,80001250	  x1=0x80001250
       20645000	      2063	00000000	00000013	addi	x0,x0,0	  x0:0x00000000
       20655000	      2064	80001244	00000013	addi	x0,x0,0	  x0:0x00000000
       20665000	      2065	80001248	0480036f	jal	x6,80001248	  x6=0x80001248
       20675000	      2066	00000000	00000013	addi	x0,x0,0	  x0:0x00000000
       20685000	      2067	8000128c	00000013	addi	x0,x0,0	  x0:0x00000000
       20695000	      2068	80001290	fe9ff36f	jal	x6,80001290	  x6=0x80001290
       20705000	      2069	00000000	00000013	addi	x0,x0,0	  x0:0x00000000
       20715000	      2070	80001274	00000013	addi	x0,x0,0	  x0:0x00000000
       20725000	      2071	80001278	020000ef	jal	x1,80001278	  x1=0x80001278
       20735000	      2072	00000000	00000013	addi	x0,x0,0	  x0:0x00000000
       20745000	      2073	80001294	00000013	addi	x0,x0,0	  x0:0x00000000
       20755000	      2074	80001298	fd9ff0ef	jal	x1,80001298	  x1=0x80001298
       20765000	      2075	00000000	00000013	addi	x0,x0,0	  x0:0x00000000
       20775000	      2076	8000126c	00000013	addi	x0,x0,0	  x0:0x00000000
       20785000	      2077	80001270	fddff0ef	jal	x1,80001270	  x1=0x80001270
       20795000	      2078	00000000	00000013	addi	x0,x0,0	  x0:0x00000000
       20805000	      2079	80001248	00000013	addi	x0,x0,0	  x0:0x00000000
       20815000	      2080	8000124c	048000ef	jal	x1,8000124c	  x1=0x8000124c
       20825000	      2081	00000000	00000013	addi	x0,x0,0	  x0:0x00000000
       20835000	      2082	80001290	00000013	addi	x0,x0,0	  x0:0x00000000
       20845000	      2083	80001294	fcdff0ef	jal	x1,80001294	  x1=0x80001294
       20855000	      2084	00000000	00000013	addi	x0,x0,0	  x0:0x00000000
       20865000	      2085	8000125c	00000013	addi	x0,x0,0	  x0:0x00000000
       20875000	      2086	80001260	0200036f	jal	x6,80001260	  x6=0x80001260
       20885000	      2087	00000000	00000013	addi	x0,x0,0	  x0:0x00000000
       20895000	      2088	8000127c	00000013	addi	x0,x0,0	  x0:0x00000000
       20905000	      2089	80001280	ffdff0ef	jal	x1,80001280	  x1=0x80001280
       20915000	      2090	00000000	00000013	addi	x0,x0,0	  x0:0x00000000
       20925000	      2091	80001278	00000013	addi	x0,x0,0	  x0:0x00000000
       20935000	      2092	8000127c	024000ef	jal	x1,8000127c	  x1=0x8000127c
       20945000	      2093	00000000	00000013	addi	x0,x0,0	  x0:0x00000000
       20955000	      2094	8000129c	00000013	addi	x0,x0,0	  x0:0x00000000
       20965000	      2095	800012a0	00c000ef	jal	x1,800012a0	  x1=0x800012a0
       20975000	      2096	00000000	00000013	addi	x0,x0,0	  x0:0x00000000
       20985000	      2097	800012a8	00000013	addi	x0,x0,0	  x0:0x00000000
       20995000	      2098	800012ac	325cc513	xori	x10,x25,805	 x25:0x00000208 x10=0x0000012d
       21005000	      2099	800012b0	0500036f	jal	x6,800012b0	  x6=0x800012b0
       21015000	      2100	00000000	00000013	addi	x0,x0,0	  x0:0x00000000
       21025000	      2101	800012fc	00000013	addi	x0,x0,0	  x0:0x00000000
       21035000	      2102	80001300	0080036f	jal	x6,80001300	  x6=0x80001300
       21045000	      2103	00000000	00000013	addi	x0,x0,0	  x0:0x00000000
       21055000	      2104	80001304	00000013	addi	x0,x0,0	  x0:0x00000000
       21065000	      2105	80001308	fb5ff7ef	jal	x15,80001308	 x15=0x80001308
       21075000	      2106	00000000	00000013	addi	x0,x0,0	  x0:0x00000000
       21085000	      2107	800012b8	00000013	addi	x0,x0,0	  x0:0x00000000
       21095000	      2108	800012bc	034001ef	jal	x3,800012bc	  x3=0x800012bc
       21105000	      2109	00000000	00000013	addi	x0,x0,0	  x0:0x00000000
       21115000	      2110	800012ec	00000013	addi	x0,x0,0	  x0:0x00000000
       21125000	      2111	800012f0	ffdfffef	jal	x31,800012f0	 x31=0x800012f0
       21135000	      2112	00000000	00000013	addi	x0,x0,0	  x0:0x00000000
       21145000	      2113	800012e8	00000013	addi	x0,x0,0	  x0:0x00000000
       21155000	      2114	800012ec	ff5ff0ef	jal	x1,800012ec	  x1=0x800012ec
       21165000	      2115	00000000	00000013	addi	x0,x0,0	  x0:0x00000000
       21175000	      2116	800012dc	00000013	addi	x0,x0,0	  x0:0x00000000
       21185000	      2117	800012e0	fedff26f	jal	x4,800012e0	  x4=0x800012e0
       21195000	      2118	00000000	00000013	addi	x0,x0,0	  x0:0x00000000
       21205000	      2119	800012c8	00000013	addi	x0,x0,0	  x0:0x00000000
       21215000	      2120	800012cc	0300036f	jal	x6,800012cc	  x6=0x800012cc
       21225000	      2121	00000000	00000013	addi	x0,x0,0	  x0:0x00000000
       21235000	      2122	800012f8	00000013	addi	x0,x0,0	  x0:0x00000000
       21245000	      2123	800012fc	fb9ff0ef	jal	x1,800012fc	  x1=0x800012fc
       21255000	      2124	00000000	00000013	addi	x0,x0,0	  x0:0x00000000
       21265000	      2125	800012b0	00000013	addi	x0,x0,0	  x0:0x00000000
       21275000	      2126	800012b4	03000a6f	jal	x20,800012b4	 x20=0x800012b4
       21285000	      2127	00000000	00000013	addi	x0,x0,0	  x0:0x00000000
       21295000	      2128	800012e0	00000013	addi	x0,x0,0	  x0:0x00000000
       21305000	      2129	800012e4	ff9ff0ef	jal	x1,800012e4	  x1=0x800012e4
       21315000	      2130	00000000	00000013	addi	x0,x0,0	  x0:0x00000000
       21325000	      2131	800012d8	00000013	addi	x0,x0,0	  x0:0x00000000
       21335000	      2132	800012dc	00c0036f	jal	x6,800012dc	  x6=0x800012dc
       21345000	      2133	00000000	00000013	addi	x0,x0,0	  x0:0x00000000
       21355000	      2134	800012e4	00000013	addi	x0,x0,0	  x0:0x00000000
       21365000	      2135	800012e8	fe1ff0ef	jal	x1,800012e8	  x1=0x800012e8
       21375000	      2136	00000000	00000013	addi	x0,x0,0	  x0:0x00000000
       21385000	      2137	800012c4	00000013	addi	x0,x0,0	  x0:0x00000000
       21395000	      2138	800012c8	ffdff96f	jal	x18,800012c8	 x18=0x800012c8
       21405000	      2139	00000000	00000013	addi	x0,x0,0	  x0:0x00000000
       21415000	      2140	800012c0	00000013	addi	x0,x0,0	  x0:0x00000000
       21425000	      2141	800012c4	0400036f	jal	x6,800012c4	  x6=0x800012c4
       21435000	      2142	00000000	00000013	addi	x0,x0,0	  x0:0x00000000
       21445000	      2143	80001300	00000013	addi	x0,x0,0	  x0:0x00000000
       21455000	      2144	80001304	ff1ff0ef	jal	x1,80001304	  x1=0x80001304
       21465000	      2145	00000000	00000013	addi	x0,x0,0	  x0:0x00000000
       21475000	      2146	800012f0	00000013	addi	x0,x0,0	  x0:0x00000000
       21485000	      2147	800012f4	fcdff0ef	jal	x1,800012f4	  x1=0x800012f4
       21495000	      2148	00000000	00000013	addi	x0,x0,0	  x0:0x00000000
       21505000	      2149	800012bc	00000013	addi	x0,x0,0	  x0:0x00000000
       21515000	      2150	800012c0	038000ef	jal	x1,800012c0	  x1=0x800012c0
       21525000	      2151	00000000	00000013	addi	x0,x0,0	  x0:0x00000000
       21535000	      2152	800012f4	00000013	addi	x0,x0,0	  x0:0x00000000
       21545000	      2153	800012f8	fc1ff1ef	jal	x3,800012f8	  x3=0x800012f8
       21555000	      2154	00000000	00000013	addi	x0,x0,0	  x0:0x00000000
       21565000	      2155	800012b4	00000013	addi	x0,x0,0	  x0:0x00000000
       21575000	      2156	800012b8	0180036f	jal	x6,800012b8	  x6=0x800012b8
       21585000	      2157	00000000	00000013	addi	x0,x0,0	  x0:0x00000000
       21595000	      2158	800012cc	00000013	addi	x0,x0,0	  x0:0x00000000
       21605000	      2159	800012d0	0080016f	jal	x2,800012d0	  x2=0x800012d0
       21615000	      2160	00000000	00000013	addi	x0,x0,0	  x0:0x00000000
       21625000	      2161	800012d4	00000013	addi	x0,x0,0	  x0:0x00000000
       21635000	      2162	800012d8	ffdff26f	jal	x4,800012d8	  x4=0x800012d8
       21645000	      2163	00000000	00000013	addi	x0,x0,0	  x0:0x00000000
       21655000	      2164	800012d0	00000013	addi	x0,x0,0	  x0:0x00000000
       21665000	      2165	800012d4	0380036f	jal	x6,800012d4	  x6=0x800012d4
       21675000	      2166	00000000	00000013	addi	x0,x0,0	  x0:0x00000000
       21685000	      2167	80001308	00000013	addi	x0,x0,0	  x0:0x00000000
       21695000	      2168	8000130c	cfc9ff93	andi	x31,x19,-772	 x19:0x80001200 x31=0x80001000
       21705000	      2169	80001310	03c0036f	jal	x6,80001310	  x6=0x80001310
       21715000	      2170	00000000	00000013	addi	x0,x0,0	  x0:0x00000000
       21725000	      2171	80001348	00000013	addi	x0,x0,0	  x0:0x00000000
       21735000	      2172	8000134c	00400c6f	jal	x24,8000134c	 x24=0x8000134c
       21745000	      2173	00000000	00000013	addi	x0,x0,0	  x0:0x00000000
       21755000	      2174	8000134c	00000013	addi	x0,x0,0	  x0:0x00000000
       21765000	      2175	80001350	fddff0ef	jal	x1,80001350	  x1=0x80001350
       21775000	      2176	00000000	00000013	addi	x0,x0,0	  x0:0x00000000
       21785000	      2177	80001328	00000013	addi	x0,x0,0	  x0:0x00000000
       21795000	      2178	8000132c	ffdffeef	jal	x29,8000132c	 x29=0x8000132c
       21805000	      2179	00000000	00000013	addi	x0,x0,0	  x0:0x00000000
       21815000	      2180	80001324	00000013	addi	x0,x0,0	  x0:0x00000000
       21825000	      2181	80001328	00c000ef	jal	x1,80001328	  x1=0x80001328
       21835000	      2182	00000000	00000013	addi	x0,x0,0	  x0:0x00000000
       21845000	      2183	80001330	00000013	addi	x0,x0,0	  x0:0x00000000
       21855000	      2184	80001334	014000ef	jal	x1,80001334	  x1=0x80001334
       21865000	      2185	00000000	00000013	addi	x0,x0,0	  x0:0x00000000
       21875000	      2186	80001344	00000013	addi	x0,x0,0	  x0:0x00000000
       21885000	      2187	80001348	fd5ff0ef	jal	x1,80001348	  x1=0x80001348
       21895000	      2188	00000000	00000013	addi	x0,x0,0	  x0:0x00000000
       21905000	      2189	80001318	00000013	addi	x0,x0,0	  x0:0x00000000
       21915000	      2190	8000131c	004000ef	jal	x1,8000131c	  x1=0x8000131c
       21925000	      2191	00000000	00000013	addi	x0,x0,0	  x0:0x00000000
       21935000	      2192	8000131c	00000013	addi	x0,x0,0	  x0:0x00000000
       21945000	      2193	80001320	ff5ff36f	jal	x6,80001320	  x6=0x80001320
       21955000	      2194	00000000	00000013	addi	x0,x0,0	  x0:0x00000000
       21965000	      2195	80001310	00000013	addi	x0,x0,0	  x0:0x00000000
       21975000	      2196	80001314	024000ef	jal	x1,80001314	  x1=0x80001314
       21985000	      2197	00000000	00000013	addi	x0,x0,0	  x0:0x00000000
       21995000	      2198	80001334	00000013	addi	x0,x0,0	  x0:0x00000000
       22005000	      2199	80001338	030000ef	jal	x1,80001338	  x1=0x80001338
       22015000	      2200	00000000	00000013	addi	x0,x0,0	  x0:0x00000000
       22025000	      2201	80001364	00000013	addi	x0,x0,0	  x0:0x00000000
       22035000	      2202	80001368	01c0056f	jal	x10,80001368	 x10=0x80001368
       22045000	      2203	00000000	00000013	addi	x0,x0,0	  x0:0x00000000
       22055000	      2204	80001380	00000013	addi	x0,x0,0	  x0:0x00000000
       22065000	      2205	80001384	ff5ff36f	jal	x6,80001384	  x6=0x80001384
       22075000	      2206	00000000	00000013	addi	x0,x0,0	  x0:0x00000000
       22085000	      2207	80001374	00000013	addi	x0,x0,0	  x0:0x00000000
       22095000	      2208	80001378	fc9ff36f	jal	x6,80001378	  x6=0x80001378
       22105000	      2209	00000000	00000013	addi	x0,x0,0	  x0:0x00000000
       22115000	      2210	8000133c	00000013	addi	x0,x0,0	  x0:0x00000000
       22125000	      2211	80001340	02c000ef	jal	x1,80001340	  x1=0x80001340
       22135000	      2212	00000000	00000013	addi	x0,x0,0	  x0:0x00000000
       22145000	      2213	80001368	00000013	addi	x0,x0,0	  x0:0x00000000
       22155000	      2214	8000136c	fedff0ef	jal	x1,8000136c	  x1=0x8000136c
       22165000	      2215	00000000	00000013	addi	x0,x0,0	  x0:0x00000000
       22175000	      2216	80001354	00000013	addi	x0,x0,0	  x0:0x00000000
       22185000	      2217	80001358	ffdff16f	jal	x2,80001358	  x2=0x80001358
       22195000	      2218	00000000	00000013	addi	x0,x0,0	  x0:0x00000000
       22205000	      2219	80001350	00000013	addi	x0,x0,0	  x0:0x00000000
       22215000	      2220	80001354	010003ef	jal	x7,80001354	  x7=0x80001354
       22225000	      2221	00000000	00000013	addi	x0,x0,0	  x0:0x00000000
       22235000	      2222	80001360	00000013	addi	x0,x0,0	  x0:0x00000000
       22245000	      2223	80001364	fd9ff56f	jal	x10,80001364	 x10=0x80001364
       22255000	      2224	00000000	00000013	addi	x0,x0,0	  x0:0x00000000
       22265000	      2225	80001338	00000013	addi	x0,x0,0	  x0:0x00000000
       22275000	      2226	8000133c	038004ef	jal	x9,8000133c	  x9=0x8000133c
       22285000	      2227	00000000	00000013	addi	x0,x0,0	  x0:0x00000000
       22295000	      2228	80001370	00000013	addi	x0,x0,0	  x0:0x00000000
       22305000	      2229	80001374	fe9ff0ef	jal	x1,80001374	  x1=0x80001374
       22315000	      2230	00000000	00000013	addi	x0,x0,0	  x0:0x00000000
       22325000	      2231	80001358	00000013	addi	x0,x0,0	  x0:0x00000000
       22335000	      2232	8000135c	fc9ff0ef	jal	x1,8000135c	  x1=0x8000135c
       22345000	      2233	00000000	00000013	addi	x0,x0,0	  x0:0x00000000
       22355000	      2234	80001320	00000013	addi	x0,x0,0	  x0:0x00000000
       22365000	      2235	80001324	03c0036f	jal	x6,80001324	  x6=0x80001324
       22375000	      2236	00000000	00000013	addi	x0,x0,0	  x0:0x00000000
       22385000	      2237	8000135c	00000013	addi	x0,x0,0	  x0:0x00000000
       22395000	      2238	80001360	0200036f	jal	x6,80001360	  x6=0x80001360
       22405000	      2239	00000000	00000013	addi	x0,x0,0	  x0:0x00000000
       22415000	      2240	8000137c	00000013	addi	x0,x0,0	  x0:0x00000000
       22425000	      2241	80001380	ffdff0ef	jal	x1,80001380	  x1=0x80001380
       22435000	      2242	00000000	00000013	addi	x0,x0,0	  x0:0x00000000
       22445000	      2243	80001378	00000013	addi	x0,x0,0	  x0:0x00000000
       22455000	      2244	8000137c	f9dff0ef	jal	x1,8000137c	  x1=0x8000137c
       22465000	      2245	00000000	00000013	addi	x0,x0,0	  x0:0x00000000
       22475000	      2246	80001314	00000013	addi	x0,x0,0	  x0:0x00000000
       22485000	      2247	80001318	02c0036f	jal	x6,80001318	  x6=0x80001318
       22495000	      2248	00000000	00000013	addi	x0,x0,0	  x0:0x00000000
       22505000	      2249	80001340	00000013	addi	x0,x0,0	  x0:0x00000000
       22515000	      2250	80001344	02c000ef	jal	x1,80001344	  x1=0x80001344
       22525000	      2251	00000000	00000013	addi	x0,x0,0	  x0:0x00000000
       22535000	      2252	8000136c	00000013	addi	x0,x0,0	  x0:0x00000000
       22545000	      2253	80001370	fc1ff0ef	jal	x1,80001370	  x1=0x80001370
       22555000	      2254	00000000	00000013	addi	x0,x0,0	  x0:0x00000000
       22565000	      2255	8000132c	00000013	addi	x0,x0,0	  x0:0x00000000
       22575000	      2256	80001330	058000ef	jal	x1,80001330	  x1=0x80001330
       22585000	      2257	00000000	00000013	addi	x0,x0,0	  x0:0x00000000
       22595000	      2258	80001384	00000013	addi	x0,x0,0	  x0:0x00000000
       22605000	      2259	80001388	009dcf33	xor	x30,x27,x9	 x27:0xfbc26cca  x9:0x8000133c x30=0x7bc27ff6
       22615000	      2260	8000138c	0140036f	jal	x6,8000138c	  x6=0x8000138c
       22625000	      2261	00000000	00000013	addi	x0,x0,0	  x0:0x00000000
       22635000	      2262	8000139c	00000013	addi	x0,x0,0	  x0:0x00000000
       22645000	      2263	800013a0	014000ef	jal	x1,800013a0	  x1=0x800013a0
       22655000	      2264	00000000	00000013	addi	x0,x0,0	  x0:0x00000000
       22665000	      2265	800013b0	00000013	addi	x0,x0,0	  x0:0x00000000
       22675000	      2266	800013b4	ff9ff0ef	jal	x1,800013b4	  x1=0x800013b4
       22685000	      2267	00000000	00000013	addi	x0,x0,0	  x0:0x00000000
       22695000	      2268	800013a8	00000013	addi	x0,x0,0	  x0:0x00000000
       22705000	      2269	800013ac	ff1ff0ef	jal	x1,800013ac	  x1=0x800013ac
       22715000	      2270	00000000	00000013	addi	x0,x0,0	  x0:0x00000000
       22725000	      2271	80001398	00000013	addi	x0,x0,0	  x0:0x00000000
       22735000	      2272	8000139c	00c000ef	jal	x1,8000139c	  x1=0x8000139c
       22745000	      2273	00000000	00000013	addi	x0,x0,0	  x0:0x00000000
       22755000	      2274	800013a4	00000013	addi	x0,x0,0	  x0:0x00000000
       22765000	      2275	800013a8	fedff26f	jal	x4,800013a8	  x4=0x800013a8
       22775000	      2276	00000000	00000013	addi	x0,x0,0	  x0:0x00000000
       22785000	      2277	80001390	00000013	addi	x0,x0,0	  x0:0x00000000
       22795000	      2278	80001394	024000ef	jal	x1,80001394	  x1=0x80001394
       22805000	      2279	00000000	00000013	addi	x0,x0,0	  x0:0x00000000
       22815000	      2280	800013b4	00000013	addi	x0,x0,0	  x0:0x00000000
       22825000	      2281	800013b8	fedff36f	jal	x6,800013b8	  x6=0x800013b8
       22835000	      2282	00000000	00000013	addi	x0,x0,0	  x0:0x00000000
       22845000	      2283	800013a0	00000013	addi	x0,x0,0	  x0:0x00000000
       22855000	      2284	800013a4	fedff0ef	jal	x1,800013a4	  x1=0x800013a4
       22865000	      2285	00000000	00000013	addi	x0,x0,0	  x0:0x00000000
       22875000	      2286	8000138c	00000013	addi	x0,x0,0	  x0:0x00000000
       22885000	      2287	80001390	008000ef	jal	x1,80001390	  x1=0x80001390
       22895000	      2288	00000000	00000013	addi	x0,x0,0	  x0:0x00000000
       22905000	      2289	80001394	00000013	addi	x0,x0,0	  x0:0x00000000
       22915000	      2290	80001398	028000ef	jal	x1,80001398	  x1=0x80001398
       22925000	      2291	00000000	00000013	addi	x0,x0,0	  x0:0x00000000
       22935000	      2292	800013bc	00000013	addi	x0,x0,0	  x0:0x00000000
       22945000	      2293	800013c0	ffdff36f	jal	x6,800013c0	  x6=0x800013c0
       22955000	      2294	00000000	00000013	addi	x0,x0,0	  x0:0x00000000
       22965000	      2295	800013b8	00000013	addi	x0,x0,0	  x0:0x00000000
       22975000	      2296	800013bc	ff5ff0ef	jal	x1,800013bc	  x1=0x800013bc
       22985000	      2297	00000000	00000013	addi	x0,x0,0	  x0:0x00000000
       22995000	      2298	800013ac	00000013	addi	x0,x0,0	  x0:0x00000000
       23005000	      2299	800013b0	0140016f	jal	x2,800013b0	  x2=0x800013b0
       23015000	      2300	00000000	00000013	addi	x0,x0,0	  x0:0x00000000
       23025000	      2301	800013c0	00000013	addi	x0,x0,0	  x0:0x00000000
       23035000	      2302	800013c4	6ba64f93	xori	x31,x12,1722	 x12:0xffffffc0 x31=0xfffff97a
       23045000	      2303	800013c8	00308cb3	add	x25,x1,x3	  x1:0x800013bc  x3:0x800012f8 x25=0x000026b4
       23055000	      2304	800013cc	d5942313	slti	x6,x8,-679	  x8:0x00000001  x6=0x00000000
       23065000	      2305	800013d0	04976463	bltu	x14,x9,80001418	 x14:0x8000122c  x9:0x8000133c
       23075000	      2306	00000000	00000013	addi	x0,x0,0	  x0:0x00000000
       23085000	      2307	80001414	00000013	addi	x0,x0,0	  x0:0x00000000
       23095000	      2308	80001418	01fee7b3	or	x15,x29,x31	 x29:0x8000132c x31:0xfffff97a x15=0xfffffb7e
       23105000	      2309	8000141c	00000013	addi	x0,x0,0	  x0:0x00000000
       23115000	      2310	80001420	156b4593	xori	x11,x22,342	 x22:0x843e26f6 x11=0x843e27a0
       23125000	      2311	80001424	01395033	srl	x0,x18,x19	 x18:0x800012c8 x19:0x80001200
       23135000	      2312	80001428	5c8a7593	andi	x11,x20,1480	 x20:0x800012b4 x11=0x00000080
       23145000	      2313	8000142c	01b51c63	bne	x10,x27,80001444	 x10:0x80001364 x27:0xfbc26cca
       23155000	      2314	00000000	00000013	addi	x0,x0,0	  x0:0x00000000
       23165000	      2315	80001440	00000013	addi	x0,x0,0	  x0:0x00000000
       23175000	      2316	80001444	41505213	srai	x4,x0,0x15	  x0:0x00000000  x4=0x00000000
       23185000	      2317	80001448	d363d497	auipc	x9,0xd363d	  x9=0x5363e444
       23195000	      2318	8000144c	00000013	addi	x0,x0,0	  x0:0x00000000
       23205000	      2319	80001450	00858863	beq	x11,x8,80001460	 x11:0x00000080  x8:0x00000001
       23215000	      2320	80001454	412a57b3	sra	x15,x20,x18	 x20:0x800012b4 x18:0x800012c8 x15=0xff800012
       23225000	      2321	80001458	02128263	beq	x5,x1,8000147c	  x5:0x80009f78  x1:0x800013bc
       23235000	      2322	8000145c	4a2d8013	addi	x0,x27,1186	 x27:0xfbc26cca
       23245000	      2323	80001460	94e7a213	slti	x4,x15,-1714	 x15:0xff800012  x4=0x00000001
       23255000	      2324	80001464	4071db33	sra	x22,x3,x7	  x3:0x800012f8  x7:0x80001354 x22=0xfffff800
       23265000	      2325	80001468	03a36863	bltu	x6,x26,80001498	  x6:0x00000000 x26:0xf00013eb
       23275000	      2326	00000000	00000013	addi	x0,x0,0	  x0:0x00000000
       23285000	      2327	80001494	00000013	addi	x0,x0,0	  x0:0x00000000
       23295000	      2328	80001498	00e61f93	slli	x31,x12,0xe	 x12:0xffffffc0 x31=0xfff00000
       23305000	      2329	8000149c	00000013	addi	x0,x0,0	  x0:0x00000000
       23315000	      2330	800014a0	05574e63	blt	x14,x21,800014fc	 x14:0x8000122c x21:0xd4c1d000
       23325000	      2331	00000000	00000013	addi	x0,x0,0	  x0:0x00000000
       23335000	      2332	800014f8	00000013	addi	x0,x0,0	  x0:0x00000000
       23345000	      2333	800014fc	f2f07513	andi	x10,x0,-209	  x0:0x00000000 x10=0x00000000
       23355000	      2334	80001500	013a37b3	sltu	x15,x20,x19	 x20:0x800012b4 x19:0x80001200 x15=0x00000000
       23365000	      2335	80001504	378d7313	andi	x6,x26,888	 x26:0xf00013eb  x6=0x00000368
       23375000	      2336	80001508	93cea893	slti	x17,x29,-1732	 x29:0x8000132c x17=0x00000001
       23385000	      2337	8000150c	008bf0b3	and	x1,x23,x8	 x23:0x80009fc4  x8:0x00000001  x1=0x00000000
       23395000	      2338	80001510	7d81e897	auipc	x17,0x7d81e	 x17=0xfd81f50c
       23405000	      2339	80001514	00cca233	slt	x4,x25,x12	 x25:0x000026b4 x12:0xffffffc0  x4=0x00000000
       23415000	      2340	80001518	01fa9693	slli	x13,x21,0x1f	 x21:0xd4c1d000 x13=0x00000000
       23425000	      2341	8000151c	41a0d7b3	sra	x15,x1,x26	  x1:0x00000000 x26:0xf00013eb x15=0x00000000
       23435000	      2342	80001520	0022ecb3	or	x25,x5,x2	  x5:0x80009f78  x2:0x800013b0 x25=0x80009ff8
       23445000	      2343	80001524	005bd933	srl	x18,x23,x5	 x23:0x80009fc4  x5:0x80009f78 x18=0x00000080
       23455000	      2344	80001528	41f80eb3	sub	x29,x16,x31	 x16:0x00000006 x31:0xfff00000 x29=0x00100006
       23465000	      2345	8000152c	011e8663	beq	x29,x17,80001538	 x29:0x00100006 x17:0xfd81f50c
       23475000	      2346	80001530	18892c93	slti	x25,x18,392	 x18:0x00000080 x25=0x00000001
       23485000	      2347	80001534	40ec0f33	sub	x30,x24,x14	 x24:0x8000134c x14:0x8000122c x30=0x00000120
       23495000	      2348	80001538	ab1ff36f	jal	x6,80001538	  x6=0x80001538
       23505000	      2349	00000000	00000013	addi	x0,x0,0	  x0:0x00000000
       23515000	      2350	80000fe4	00000013	addi	x0,x0,0	  x0:0x00000000
       23525000	      2351	80000fe8	42860993	addi	x19,x12,1064	 x12:0xffffffc0 x19=0x000003e8
       23535000	      2352	80000fec	fe028293	addi	x5,x5,-32	  x5:0x80009f78  x5=0x80009f58
       23545000	      2353	80000ff0	006cefb3	or	x31,x25,x6	 x25:0x00000001  x6:0x80001538 x31=0x80001539
       23555000	      2354	80000ff4	0062a223	sw	x6,4(x5)	  x5:0x80009f58  x6:0x80001538 PA:0x80009f5c
       23565000	      2355	80000ff8	00d43f33	sltu	x30,x8,x13	  x8:0x00000001 x13:0x00000000 x30=0x00000000
       23575000	      2356	80000ffc	01dfeab3	or	x21,x31,x29	 x31:0x80001539 x29:0x00100006 x21=0x8010153f
       23585000	      2357	80001000	02ac8063	beq	x25,x10,80001020	 x25:0x00000001 x10:0x00000000
       23595000	      2358	80001004	01e3d5b3	srl	x11,x7,x30	  x7:0x80001354 x30:0x00000000 x11=0x80001354
       23605000	      2359	80001008	013143b3	xor	x7,x2,x19	  x2:0x800013b0 x19:0x000003e8  x7=0x80001058
       23615000	      2360	8000100c	4189d733	sra	x14,x19,x24	 x19:0x000003e8 x24:0x8000134c x14=0x00000000
       23625000	      2361	80001010	00c0da13	srli	x20,x1,0xc	  x1:0x00000000 x20=0x00000000
       23635000	      2362	80001014	01121863	bne	x4,x17,80001024	  x4:0x00000000 x17:0xfd81f50c
       23645000	      2363	00000000	00000013	addi	x0,x0,0	  x0:0x00000000
       23655000	      2364	80001020	00000013	addi	x0,x0,0	  x0:0x00000000
       23665000	      2365	80001024	0055cc33	xor	x24,x11,x5	 x11:0x80001354  x5:0x80009f58 x24=0x00008c0c
       23675000	      2366	80001028	01107ab3	and	x21,x0,x17	  x0:0x00000000 x17:0xfd81f50c x21=0x00000000
       23685000	      2367	8000102c	01f91f13	slli	x30,x18,0x1f	 x18:0x00000080 x30=0x00000000
       23695000	      2368	80001030	56deb013	sltiu	x0,x29,1389	 x29:0x00100006
       23705000	      2369	80001034	01b79633	sll	x12,x15,x27	 x15:0x00000000 x27:0xfbc26cca x12=0x00000000
       23715000	      2370	80001038	00000013	addi	x0,x0,0	  x0:0x00000000
       23725000	      2371	8000103c	41c357b3	sra	x15,x6,x28	  x6:0x80001538 x28:0x80000000 x15=0x80001538
       23735000	      2372	80001040	02224c63	blt	x4,x2,80001078	  x4:0x00000000  x2:0x800013b0
       23745000	      2373	80001044	0001a733	slt	x14,x3,x0	  x3:0x800012f8  x0:0x00000000 x14=0x00000001
       23755000	      2374	80001048	0015ef33	or	x30,x11,x1	 x11:0x80001354  x1:0x00000000 x30=0x80001354
       23765000	      2375	8000104c	3335ec13	ori	x24,x11,819	 x11:0x80001354 x24=0x80001377
       23775000	      2376	80001050	a9b64993	xori	x19,x12,-1381	 x12:0x00000000 x19=0xfffffa9b
       23785000	      2377	80001054	40eb08b3	sub	x17,x22,x14	 x22:0xfffff800 x14:0x00000001 x17=0xfffff7ff
       23795000	      2378	80001058	405ed513	srai	x10,x29,0x5	 x29:0x00100006 x10=0x00008000
       23805000	      2379	8000105c	40080233	sub	x4,x16,x0	 x16:0x00000006  x0:0x00000000  x4=0x00000006
       23815000	      2380	80001060	046cd063	bge	x25,x6,800010a0	 x25:0x00000001  x6:0x80001538
       23825000	      2381	00000000	00000013	addi	x0,x0,0	  x0:0x00000000
       23835000	      2382	8000109c	00000013	addi	x0,x0,0	  x0:0x00000000
       23845000	      2383	800010a0	01abf863	bgeu	x23,x26,800010b0	 x23:0x80009fc4 x26:0xf00013eb
       23855000	      2384	800010a4	01aa9793	slli	x15,x21,0x1a	 x21:0x00000000 x15=0x00000000
       23865000	      2385	800010a8	02da8c63	beq	x21,x13,800010e0	 x21:0x00000000 x13:0x00000000
       23875000	      2386	00000000	00000013	addi	x0,x0,0	  x0:0x00000000
       23885000	      2387	800010dc	00000013	addi	x0,x0,0	  x0:0x00000000
       23895000	      2388	800010e0	00f9fd33	and	x26,x19,x15	 x19:0xfffffa9b x15:0x00000000 x26=0x00000000
       23905000	      2389	800010e4	03189263	bne	x17,x17,80001108	 x17:0xfffff7ff x17:0xfffff7ff
       23915000	      2390	800010e8	cf327597	auipc	x11,0xcf327	 x11=0x4f3280e4
       23925000	      2391	800010ec	40875633	sra	x12,x14,x8	 x14:0x00000001  x8:0x00000001 x12=0x00000000
       23935000	      2392	800010f0	01a455b3	srl	x11,x8,x26	  x8:0x00000001 x26:0x00000000 x11=0x00000001
       23945000	      2393	800010f4	48467093	andi	x1,x12,1156	 x12:0x00000000  x1=0x00000000
       23955000	      2394	800010f8	8fbe8a93	addi	x21,x29,-1797	 x29:0x00100006 x21=0x000ff901
       23965000	      2395	800010fc	01aa11b3	sll	x3,x20,x26	 x20:0x00000000 x26:0x00000000  x3=0x00000000
       23975000	      2396	80001100	00b88333	add	x6,x17,x11	 x17:0xfffff7ff x11:0x00000001  x6=0xfffff800
       23985000	      2397	80001104	40638233	sub	x4,x7,x6	  x7:0x80001058  x6:0xfffff800  x4=0x80001858
       23995000	      2398	80001108	009aa8b3	slt	x17,x21,x9	 x21:0x000ff901  x9:0x5363e444 x17=0x00000001
       24005000	      2399	8000110c	2687e513	ori	x10,x15,616	 x15:0x00000000 x10=0x00000268
       24015000	      2400	80001110	7afabf93	sltiu	x31,x21,1967	 x21:0x000ff901 x31=0x00000000
       24025000	      2401	80001114	00116863	bltu	x2,x1,80001124	  x2:0x800013b0  x1:0x00000000
       24035000	      2402	80001118	04205e63	bge	x0,x2,80001174	  x0:0x00000000  x2:0x800013b0
       24045000	      2403	00000000	00000013	addi	x0,x0,0	  x0:0x00000000
       24055000	      2404	80001170	00000013	addi	x0,x0,0	  x0:0x00000000
       24065000	      2405	80001174	015b1cb3	sll	x25,x22,x21	 x22:0xfffff800 x21:0x000ff901 x25=0xfffff000
       24075000	      2406	80001178	11c52113	slti	x2,x10,284	 x10:0x00000268  x2=0x00000000
       24085000	      2407	8000117c	0042a303	lw	x6,4(x5)	  x5:0x80009f58  x6=0x80001538 PA:0x80009f5c
       24095000	      2408	80001180	01711c93	slli	x25,x2,0x17	  x2:0x00000000 x25=0x00000000
       24105000	      2409	80001184	00cc1193	slli	x3,x24,0xc	 x24:0x80001377  x3=0x01377000
       24115000	      2410	80001188	411503b3	sub	x7,x10,x17	 x10:0x00000268 x17:0x00000001  x7=0x00000267
       24125000	      2411	8000118c	02028293	addi	x5,x5,32	  x5:0x80009f58  x5=0x80009f78
       24135000	      2412	80001190	00d2c9b3	xor	x19,x5,x13	  x5:0x80009f78 x13:0x00000000 x19=0x80009f78
       24145000	      2413	80001194	5417b613	sltiu	x12,x15,1345	 x15:0x00000000 x12=0x00000001
       24155000	      2414	80001198	00130413	addi	x8,x6,1	  x6:0x80001538  x8=0x80001539
       24165000	      2415	8000119c	00040467	jalr	x8,x8,0	  x8:0x80001539  x8=0x8000119c
       24175000	      2416	00000000	00000013	addi	x0,x0,0	  x0:0x00000000
       24185000	      2417	80001538	00000013	addi	x0,x0,0	  x0:0x00000000
       24195000	      2418	8000153c	423a4c13	xori	x24,x20,1059	 x20:0x00000000 x24=0x00000423
       24205000	      2419	80001540	01be11b3	sll	x3,x28,x27	 x28:0x80000000 x27:0xfbc26cca  x3=0x00000000
       24215000	      2420	80001544	01cdc733	xor	x14,x27,x28	 x27:0xfbc26cca x28:0x80000000 x14=0x7bc26cca
       24225000	      2421	80001548	cd5e7413	andi	x8,x28,-811	 x28:0x80000000  x8=0x80000000
       24235000	      2422	8000154c	40dcd4b3	sra	x9,x25,x13	 x25:0x00000000 x13:0x00000000  x9=0x00000000
       24245000	      2423	80001550	00630463	beq	x6,x6,80001558	  x6:0x80001538  x6:0x80001538
       24255000	      2424	00000000	00000013	addi	x0,x0,0	  x0:0x00000000
       24265000	      2425	80001554	00000013	addi	x0,x0,0	  x0:0x00000000
       24275000	      2426	80001558	01f94333	xor	x6,x18,x31	 x18:0x00000080 x31:0x00000000  x6=0x00000080
       24285000	      2427	8000155c	00adb433	sltu	x8,x27,x10	 x27:0xfbc26cca x10:0x00000268  x8=0x00000000
       24295000	      2428	80001560	4145dc13	srai	x24,x11,0x14	 x11:0x00000001 x24=0x00000000
       24305000	      2429	80001564	f71ed037	lui	x0,0xf71ed	
       24315000	      2430	80001568	4196a593	slti	x11,x13,1049	 x13:0x00000000 x11=0x00000001
       24325000	      2431	8000156c	00d15463	bge	x2,x13,80001574	  x2:0x00000000 x13:0x00000000
       24335000	      2432	00000000	00000013	addi	x0,x0,0	  x0:0x00000000
       24345000	      2433	80001570	00000013	addi	x0,x0,0	  x0:0x00000000
       24355000	      2434	80001574	04e28463	beq	x5,x14,800015bc	  x5:0x80009f78 x14:0x7bc26cca
       24365000	      2435	80001578	ffb07313	andi	x6,x0,-5	  x0:0x00000000  x6=0x00000000
       24375000	      2436	8000157c	00000013	addi	x0,x0,0	  x0:0x00000000
       24385000	      2437	80001580	01f79863	bne	x15,x31,80001590	 x15:0x00000000 x31:0x00000000
       24395000	      2438	80001584	ac447693	andi	x13,x8,-1340	  x8:0x00000000 x13=0x00000000
       24405000	      2439	80001588	00d30c63	beq	x6,x13,800015a0	  x6:0x00000000 x13:0x00000000
       24415000	      2440	00000000	00000013	addi	x0,x0,0	  x0:0x00000000
       24425000	      2441	8000159c	00000013	addi	x0,x0,0	  x0:0x00000000
       24435000	      2442	800015a0	dcdc6013	ori	x0,x24,-563	 x24:0x00000000
       24445000	      2443	800015a4	015ee463	bltu	x29,x21,800015ac	 x29:0x00100006 x21:0x000ff901
       24455000	      2444	800015a8	05a00463	beq	x0,x26,800015f0	  x0:0x00000000 x26:0x00000000
       24465000	      2445	00000000	00000013	addi	x0,x0,0	  x0:0x00000000
       24475000	      2446	800015ec	00000013	addi	x0,x0,0	  x0:0x00000000
       24485000	      2447	800015f0	026e4663	blt	x28,x6,8000161c	 x28:0x80000000  x6:0x00000000
       24495000	      2448	00000000	00000013	addi	x0,x0,0	  x0:0x00000000
       24505000	      2449	80001618	00000013	addi	x0,x0,0	  x0:0x00000000
       24515000	      2450	8000161c	73d2a693	slti	x13,x5,1853	  x5:0x80009f78 x13=0x00000001
       24525000	      2451	80001620	00f71a13	slli	x20,x14,0xf	 x14:0x7bc26cca x20=0x36650000
       24535000	      2452	80001624	bbca2713	slti	x14,x20,-1092	 x20:0x36650000 x14=0x00000000
       24545000	      2453	80001628	02469a63	bne	x13,x4,8000165c	 x13:0x00000001  x4:0x80001858
       24555000	      2454	00000000	00000013	addi	x0,x0,0	  x0:0x00000000
       24565000	      2455	80001658	00000013	addi	x0,x0,0	  x0:0x00000000
       24575000	      2456	8000165c	41b2deb3	sra	x29,x5,x27	  x5:0x80009f78 x27:0xfbc26cca x29=0xffe00027
       24585000	      2457	80001660	03d84263	blt	x16,x29,80001684	 x16:0x00000006 x29:0xffe00027
       24595000	      2458	80001664	4008dd33	sra	x26,x17,x0	 x17:0x00000001  x0:0x00000000 x26=0x00000001
       24605000	      2459	80001668	01eda4b3	slt	x9,x27,x30	 x27:0xfbc26cca x30:0x80001354  x9=0x00000000
       24615000	      2460	8000166c	01f5d213	srli	x4,x11,0x1f	 x11:0x00000001  x4=0x00000000
       24625000	      2461	80001670	b3f8a813	slti	x16,x17,-1217	 x17:0x00000001 x16=0x00000000
       24635000	      2462	80001674	013a4463	blt	x20,x19,8000167c	 x20:0x36650000 x19:0x80009f78
       24645000	      2463	80001678	00d41a33	sll	x20,x8,x13	  x8:0x00000000 x13:0x00000001 x20=0x00000000
       24655000	      2464	8000167c	c8b37613	andi	x12,x6,-885	  x6:0x00000000 x12=0x00000000
       24665000	      2465	80001680	00127c63	bgeu	x4,x1,80001698	  x4:0x00000000  x1:0x00000000
       24675000	      2466	00000000	00000013	addi	x0,x0,0	  x0:0x00000000
       24685000	      2467	80001694	00000013	addi	x0,x0,0	  x0:0x00000000
       24695000	      2468	80001698	01587463	bgeu	x16,x21,800016a0	 x16:0x00000000 x21:0x000ff901
       24705000	      2469	8000169c	0f6c6a17	auipc	x20,0xf6c6	 x20=0x8f6c7698
       24715000	      2470	800016a0	03c06863	bltu	x0,x28,800016d0	  x0:0x00000000 x28:0x80000000
       24725000	      2471	00000000	00000013	addi	x0,x0,0	  x0:0x00000000
       24735000	      2472	800016cc	00000013	addi	x0,x0,0	  x0:0x00000000
       24745000	      2473	800016d0	e8cb0193	addi	x3,x22,-372	 x22:0xfffff800  x3=0xfffff68c
       24755000	      2474	800016d4	00e25233	srl	x4,x4,x14	  x4:0x00000000 x14:0x00000000  x4=0x00000000
       24765000	      2475	800016d8	01cdc863	blt	x27,x28,800016e8	 x27:0xfbc26cca x28:0x80000000
       24775000	      2476	800016dc	017d15b3	sll	x11,x26,x23	 x26:0x00000001 x23:0x80009fc4 x11=0x00000010
       24785000	      2477	800016e0	05d5f663	bgeu	x11,x29,8000172c	 x11:0x00000010 x29:0xffe00027
       24795000	      2478	800016e4	000e9863	bne	x29,x0,800016f4	 x29:0xffe00027  x0:0x00000000
       24805000	      2479	00000000	00000013	addi	x0,x0,0	  x0:0x00000000
       24815000	      2480	800016f0	00000013	addi	x0,x0,0	  x0:0x00000000
       24825000	      2481	800016f4	00ddf5b3	and	x11,x27,x13	 x27:0xfbc26cca x13:0x00000001 x11=0x00000000
       24835000	      2482	800016f8	01f53fb3	sltu	x31,x10,x31	 x10:0x00000268 x31:0x00000000 x31=0x00000000
       24845000	      2483	800016fc	00139193	slli	x3,x7,0x1	  x7:0x00000267  x3=0x000004ce
       24855000	      2484	80001700	00a64133	xor	x2,x12,x10	 x12:0x00000000 x10:0x00000268  x2=0x00000268
       24865000	      2485	80001704	00410c63	beq	x2,x4,8000171c	  x2:0x00000268  x4:0x00000000
       24875000	      2486	80001708	02c2da63	bge	x5,x12,8000173c	  x5:0x80009f78 x12:0x00000000
       24885000	      2487	8000170c	03b0f863	bgeu	x1,x27,8000173c	  x1:0x00000000 x27:0xfbc26cca
       24895000	      2488	80001710	007d1c33	sll	x24,x26,x7	 x26:0x00000001  x7:0x00000267 x24=0x00000080
       24905000	      2489	80001714	01714463	blt	x2,x23,8000171c	  x2:0x00000268 x23:0x80009fc4
       24915000	      2490	80001718	477b7013	andi	x0,x22,1143	 x22:0xfffff800
       24925000	      2491	8000171c	00000013	addi	x0,x0,0	  x0:0x00000000
       24935000	      2492	80001720	413ddcb3	sra	x25,x27,x19	 x27:0xfbc26cca x19:0x80009f78 x25=0xfffffffb
       24945000	      2493	80001724	64936613	ori	x12,x6,1609	  x6:0x00000000 x12=0x00000649
       24955000	      2494	80001728	41dd0833	sub	x16,x26,x29	 x26:0x00000001 x29:0xffe00027 x16=0x001fffda
       24965000	      2495	8000172c	01bf9333	sll	x6,x31,x27	 x31:0x00000000 x27:0xfbc26cca  x6=0x00000000
       24975000	      2496	80001730	03f61263	bne	x12,x31,80001754	 x12:0x00000649 x31:0x00000000
       24985000	      2497	00000000	00000013	addi	x0,x0,0	  x0:0x00000000
       24995000	      2498	80001750	00000013	addi	x0,x0,0	  x0:0x00000000
       25005000	      2499	80001754	41db8333	sub	x6,x23,x29	 x23:0x80009fc4 x29:0xffe00027  x6=0x80209f9d
       25015000	      2500	80001758	4ea64897	auipc	x17,0x4ea64	 x17=0xcea65754
       25025000	      2501	8000175c	00c1d633	srl	x12,x3,x12	  x3:0x000004ce x12:0x00000649 x12=0x00000002
       25035000	      2502	80001760	00847333	and	x6,x8,x8	  x8:0x00000000  x8:0x00000000  x6=0x00000000
       25045000	      2503	80001764	013c4863	blt	x24,x19,80001774	 x24:0x00000080 x19:0x80009f78
       25055000	      2504	80001768	00911793	slli	x15,x2,0x9	  x2:0x00000268 x15=0x0004d000
       25065000	      2505	8000176c	41b0d093	srai	x1,x1,0x1b	  x1:0x00000000  x1=0x00000000
       25075000	      2506	80001770	3f1aa197	auipc	x3,0x3f1aa	  x3=0xbf1ab76c
       25085000	      2507	80001774	014af5b3	and	x11,x21,x20	 x21:0x000ff901 x20:0x8f6c7698 x11=0x000c7000
       25095000	      2508	80001778	016f0db3	add	x27,x30,x22	 x30:0x80001354 x22:0xfffff800 x27=0x80000b54
       25105000	      2509	8000177c	00000013	addi	x0,x0,0	  x0:0x00000000
       25115000	      2510	80001780	9b870a93	addi	x21,x14,-1608	 x14:0x00000000 x21=0xfffff9b8
       25125000	      2511	80001784	cfcb8c17	auipc	x24,0xcfcb8	 x24=0x4fcb9780
       25135000	      2512	80001788	03b3e663	bltu	x7,x27,800017b4	  x7:0x00000267 x27:0x80000b54
       25145000	      2513	00000000	00000013	addi	x0,x0,0	  x0:0x00000000
       25155000	      2514	800017b0	00000013	addi	x0,x0,0	  x0:0x00000000
       25165000	      2515	800017b4	8d64e993	ori	x19,x9,-1834	  x9:0x00000000 x19=0xfffff8d6
       25175000	      2516	800017b8	01432633	slt	x12,x6,x20	  x6:0x00000000 x20:0x8f6c7698 x12=0x00000000
       25185000	      2517	800017bc	03cb6663	bltu	x22,x28,800017e8	 x22:0xfffff800 x28:0x80000000
       25195000	      2518	800017c0	006b1f33	sll	x30,x22,x6	 x22:0xfffff800  x6:0x00000000 x30=0xfffff800
       25205000	      2519	800017c4	cc3b5d97	auipc	x27,0xcc3b5	 x27=0x4c3b67c0
       25215000	      2520	800017c8	00000013	addi	x0,x0,0	  x0:0x00000000
       25225000	      2521	800017cc	412b89b3	sub	x19,x23,x18	 x23:0x80009fc4 x18:0x00000080 x19=0x80009f44
       25235000	      2522	800017d0	0032df93	srli	x31,x5,0x3	  x5:0x80009f78 x31=0x100013ef
       25245000	      2523	800017d4	027d9a63	bne	x27,x7,80001808	 x27:0x4c3b67c0  x7:0x00000267
       25255000	      2524	00000000	00000013	addi	x0,x0,0	  x0:0x00000000
       25265000	      2525	80001804	00000013	addi	x0,x0,0	  x0:0x00000000
       25275000	      2526	80001808	580d5a97	auipc	x21,0x580d5	 x21=0xd80d6804
       25285000	      2527	8000180c	4c138993	addi	x19,x7,1217	  x7:0x00000267 x19=0x00000728
       25295000	      2528	80001810	05ad9463	bne	x27,x26,80001858	 x27:0x4c3b67c0 x26:0x00000001
       25305000	      2529	00000000	00000013	addi	x0,x0,0	  x0:0x00000000
       25315000	      2530	80001854	00000013	addi	x0,x0,0	  x0:0x00000000
       25325000	      2531	80001858	0479c463	blt	x19,x7,800018a0	 x19:0x00000728  x7:0x00000267
       25335000	      2532	8000185c	0086d813	srli	x16,x13,0x8	 x13:0x00000001 x16=0x00000000
       25345000	      2533	80001860	02e8ca63	blt	x17,x14,80001894	 x17:0xcea65754 x14:0x00000000
       25355000	      2534	00000000	00000013	addi	x0,x0,0	  x0:0x00000000
       25365000	      2535	80001890	00000013	addi	x0,x0,0	  x0:0x00000000
       25375000	      2536	80001894	415b8233	sub	x4,x23,x21	 x23:0x80009fc4 x21:0xd80d6804  x4=0xa7f337c0
       25385000	      2537	80001898	7a226493	ori	x9,x4,1954	  x4:0xa7f337c0  x9=0xa7f337e2
       25395000	      2538	8000189c	00ef4c33	xor	x24,x30,x14	 x30:0xfffff800 x14:0x00000000 x24=0xfffff800
       25405000	      2539	800018a0	417bd8b3	sra	x17,x23,x23	 x23:0x80009fc4 x23:0x80009fc4 x17=0xf80009fc
       25415000	      2540	800018a4	01251c33	sll	x24,x10,x18	 x10:0x00000268 x18:0x00000080 x24=0x00000268
       25425000	      2541	800018a8	0042a303	lw	x6,4(x5)	  x5:0x80009f78  x6=0x80000438 PA:0x80009f7c
       25435000	      2542	00000000	00000013	addi	x0,x0,0	  x0:0x00000000
       25445000	      2543	800018ac	7c68f093	andi	x1,x17,1990	 x17:0xf80009fc  x1=0x000001c4
       25455000	      2544	800018b0	00c28293	addi	x5,x5,12	  x5:0x80009f78  x5=0x80009f84
       25465000	      2545	800018b4	8706b393	sltiu	x7,x13,-1936	 x13:0x00000001  x7=0x00000001
       25475000	      2546	800018b8	41075813	srai	x16,x14,0x10	 x14:0x00000000 x16=0x00000000
       25485000	      2547	800018bc	00000013	addi	x0,x0,0	  x0:0x00000000
       25495000	      2548	800018c0	405254b3	sra	x9,x4,x5	  x4:0xa7f337c0  x5:0x80009f84  x9=0xfa7f337c
       25505000	      2549	800018c4	00130513	addi	x10,x6,1	  x6:0x80000438 x10=0x80000439
       25515000	      2550	800018c8	00050567	jalr	x10,x10,0	 x10:0x80000439 x10=0x800018c8
       25525000	      2551	00000000	00000013	addi	x0,x0,0	  x0:0x00000000
       25535000	      2552	80000438	00000013	addi	x0,x0,0	  x0:0x00000000
       25545000	      2553	8000043c	015a1393	slli	x7,x20,0x15	 x20:0x8f6c7698  x7=0xd3000000
       25555000	      2554	80000440	01be4c33	xor	x24,x28,x27	 x28:0x80000000 x27:0x4c3b67c0 x24=0xcc3b67c0
       25565000	      2555	80000444	037d5c63	bge	x26,x23,8000047c	 x26:0x00000001 x23:0x80009fc4
       25575000	      2556	00000000	00000013	addi	x0,x0,0	  x0:0x00000000
       25585000	      2557	80000478	00000013	addi	x0,x0,0	  x0:0x00000000
       25595000	      2558	8000047c	019f6863	bltu	x30,x25,8000048c	 x30:0xfffff800 x25:0xfffffffb
       25605000	      2559	00000000	00000013	addi	x0,x0,0	  x0:0x00000000
       25615000	      2560	80000488	00000013	addi	x0,x0,0	  x0:0x00000000
       25625000	      2561	8000048c	00000013	addi	x0,x0,0	  x0:0x00000000
       25635000	      2562	80000490	00000e17	auipc	x28,0x0	 x28=0x8000048c
       25645000	      2563	80000494	00ce0e13	addi	x28,x28,12	 x28:0x8000048c x28=0x80000498
       25655000	      2564	80000498	000e0067	jalr	x0,x28,0	 x28:0x80000498
       25665000	      2565	00000000	00000013	addi	x0,x0,0	  x0:0x00000000
       25675000	      2566	80000498	00000013	addi	x0,x0,0	  x0:0x00000000
       25685000	      2567	8000049c	00100193	addi	x3,x0,1	  x0:0x00000000  x3=0x00000001
       25695000	      2568	800004a0	00000073	ecall	
       25705000	      2569	800004a4	8efb8993	addi	x19,x23,-1809	 x23:0x80009fc4 x19=0x800098b3
