		Time			Cycle	PC		Insn	Decoded instruction	Register and memory contents
          65000	         5	80000004	00000293	addi	x5,x0,0	  x0:0x00000000  x5=0x00000000
          75000	         6	80000008	00000313	addi	x6,x0,0	  x0:0x00000000  x6=0x00000000
          85000	         7	8000000c	00628263	beq	x5,x6,80000010	  x5:0x00000000  x6:0x00000000
          95000	         8	00000000	00000013	addi	x0,x0,0	  x0:0x00000000
         105000	         9	8000000c	00000013	addi	x0,x0,0	  x0:0x00000000
         115000	        10	80000010	00000417	auipc	x8,0x0	  x8=0x8000000c
         125000	        11	80000014	00c40413	addi	x8,x8,12	  x8:0x8000000c  x8=0x80000018
         135000	        12	80000018	00040067	jalr	x0,x8,0	  x8:0x80000018
         145000	        13	00000000	00000013	addi	x0,x0,0	  x0:0x00000000
         155000	        14	80000018	00000013	addi	x0,x0,0	  x0:0x00000000
         165000	        15	8000001c	40000237	lui	x4,0x40000	  x4=0x40000000
         175000	        16	80000020	10020213	addi	x4,x4,256	  x4:0x40000000  x4=0x40000100
         185000	        17	80000024	00000013	addi	x0,x0,0	  x0:0x00000000
         195000	        18	80000028	0000ad17	auipc	x26,0xa	 x26=0x8000a024
         205000	        19	8000002c	fa0d0d13	addi	x26,x26,-96	 x26:0x8000a024 x26=0x80009fc4
         215000	        20	80000030	00005217	auipc	x4,0x5	  x4=0x8000502c
         225000	        21	80000034	fd420213	addi	x4,x4,-44	  x4:0x8000502c  x4=0x80005000
         235000	        22	80000038	00126213	ori	x4,x4,1	  x4:0x80005000  x4=0x80005001
         245000	        23	8000003c	00000013	addi	x0,x0,0	  x0:0x00000000
         255000	        24	80000040	00000217	auipc	x4,0x0	  x4=0x8000003c
         265000	        25	80000044	02020213	addi	x4,x4,32	  x4:0x8000003c  x4=0x8000005c
         275000	        26	80000048	00000013	addi	x0,x0,0	  x0:0x00000000
         285000	        27	8000004c	00000013	addi	x0,x0,0	  x0:0x00000000
         295000	        28	80000050	00002237	lui	x4,0x2	  x4=0x00002000
         305000	        29	80000054	80020213	addi	x4,x4,-2048	  x4:0x00002000  x4=0x00001800
         315000	        30	80000058	00000013	addi	x0,x0,0	  x0:0x00000000
         325000	        31	8000005c	00000013	addi	x0,x0,0	  x0:0x00000000
         335000	        32	80000060	f3b19037	lui	x0,0xf3b19	
         345000	        33	80000064	52d00013	addi	x0,x0,1325	  x0:0x00000000
         355000	        34	80000068	800000b7	lui	x1,0x80000	  x1=0x80000000
         365000	        35	8000006c	00000113	addi	x2,x0,0	  x0:0x00000000  x2=0x00000000
         375000	        36	80000070	00000193	addi	x3,x0,0	  x0:0x00000000  x3=0x00000000
         385000	        37	80000074	80000237	lui	x4,0x80000	  x4=0x80000000
         395000	        38	80000078	800002b7	lui	x5,0x80000	  x5=0x80000000
         405000	        39	8000007c	986a4337	lui	x6,0x986a4	  x6=0x986a4000
         415000	        40	80000080	2a830313	addi	x6,x6,680	  x6:0x986a4000  x6=0x986a42a8
         425000	        41	80000084	00600393	addi	x7,x0,6	  x0:0x00000000  x7=0x00000006
         435000	        42	80000088	6c6a2437	lui	x8,0x6c6a2	  x8=0x6c6a2000
         445000	        43	8000008c	08640413	addi	x8,x8,134	  x8:0x6c6a2000  x8=0x6c6a2086
         455000	        44	80000090	bc8b04b7	lui	x9,0xbc8b0	  x9=0xbc8b0000
         465000	        45	80000094	92448493	addi	x9,x9,-1756	  x9:0xbc8b0000  x9=0xbc8af924
         475000	        46	80000098	80000537	lui	x10,0x80000	 x10=0x80000000
         485000	        47	8000009c	f03995b7	lui	x11,0xf0399	 x11=0xf0399000
         495000	        48	800000a0	f7a58593	addi	x11,x11,-134	 x11:0xf0399000 x11=0xf0398f7a
         505000	        49	800000a4	80000637	lui	x12,0x80000	 x12=0x80000000
         515000	        50	800000a8	e6a5c6b7	lui	x13,0xe6a5c	 x13=0xe6a5c000
         525000	        51	800000ac	64768693	addi	x13,x13,1607	 x13:0xe6a5c000 x13=0xe6a5c647
         535000	        52	800000b0	00b00713	addi	x14,x0,11	  x0:0x00000000 x14=0x0000000b
         545000	        53	800000b4	800007b7	lui	x15,0x80000	 x15=0x80000000
         555000	        54	800000b8	f2ebf837	lui	x16,0xf2ebf	 x16=0xf2ebf000
         565000	        55	800000bc	3c780813	addi	x16,x16,967	 x16:0xf2ebf000 x16=0xf2ebf3c7
         575000	        56	800000c0	800008b7	lui	x17,0x80000	 x17=0x80000000
         585000	        57	800000c4	33ef29b7	lui	x19,0x33ef2	 x19=0x33ef2000
         595000	        58	800000c8	5ec98993	addi	x19,x19,1516	 x19:0x33ef2000 x19=0x33ef25ec
         605000	        59	800000cc	80000a37	lui	x20,0x80000	 x20=0x80000000
         615000	        60	800000d0	00800a93	addi	x21,x0,8	  x0:0x00000000 x21=0x00000008
         625000	        61	800000d4	80000b37	lui	x22,0x80000	 x22=0x80000000
         635000	        62	800000d8	f73d1bb7	lui	x23,0xf73d1	 x23=0xf73d1000
         645000	        63	800000dc	91eb8b93	addi	x23,x23,-1762	 x23:0xf73d1000 x23=0xf73d091e
         655000	        64	800000e0	80000c37	lui	x24,0x80000	 x24=0x80000000
         665000	        65	800000e4	80000cb7	lui	x25,0x80000	 x25=0x80000000
         675000	        66	800000e8	80000db7	lui	x27,0x80000	 x27=0x80000000
         685000	        67	800000ec	00000e13	addi	x28,x0,0	  x0:0x00000000 x28=0x00000000
         695000	        68	800000f0	7e3ebeb7	lui	x29,0x7e3eb	 x29=0x7e3eb000
         705000	        69	800000f4	392e8e93	addi	x29,x29,914	 x29:0x7e3eb000 x29=0x7e3eb392
         715000	        70	800000f8	00800f13	addi	x30,x0,8	  x0:0x00000000 x30=0x00000008
         725000	        71	800000fc	00000f93	addi	x31,x0,0	  x0:0x00000000 x31=0x00000000
         735000	        72	80000100	0000a917	auipc	x18,0xa	 x18=0x8000a0fc
         745000	        73	80000104	e8890913	addi	x18,x18,-376	 x18:0x8000a0fc x18=0x80009f84
         755000	        74	80000108	410f5233	sra	x4,x30,x16	 x30:0x00000008 x16:0xf2ebf3c7  x4=0x00000000
         765000	        75	8000010c	dceff113	andi	x2,x31,-562	 x31:0x00000000  x2=0x00000000
         775000	        76	80000110	2574fe13	andi	x28,x9,599	  x9:0xbc8af924 x28=0x00000004
         785000	        77	80000114	f9d5cc13	xori	x24,x11,-99	 x11:0xf0398f7a x24=0x0fc670e7
         795000	        78	80000118	40abdb13	srai	x22,x23,0xa	 x23:0xf73d091e x22=0xfffdcf42
         805000	        79	8000011c	00003297	auipc	x5,0x3	  x5=0x80003118
         815000	        80	80000120	73428293	addi	x5,x5,1844	  x5:0x80003118  x5=0x8000384c
         825000	        81	80000124	fc7fbd93	sltiu	x27,x31,-57	 x31:0x00000000 x27=0x00000001
         835000	        82	80000128	cd428293	addi	x5,x5,-812	  x5:0x8000384c  x5=0x80003520
         845000	        83	8000012c	04a4b713	sltiu	x14,x9,74	  x9:0xbc8af924 x14=0x00000000
         855000	        84	80000130	32c280e7	jalr	x1,x5,812	  x5:0x80003520  x1=0x80000130
         865000	        85	00000000	00000013	addi	x0,x0,0	  x0:0x00000000
         875000	        86	8000384c	00000013	addi	x0,x0,0	  x0:0x00000000
         885000	        87	80003850	41308bb3	sub	x23,x1,x19	  x1:0x80000130 x19:0x33ef25ec x23=0x4c10db44
         895000	        88	80003854	4183d133	sra	x2,x7,x24	  x7:0x00000006 x24:0x0fc670e7  x2=0x00000000
         905000	        89	80003858	416a5ab3	sra	x21,x20,x22	 x20:0x80000000 x22:0xfffdcf42 x21=0xe0000000
         915000	        90	8000385c	00000013	addi	x0,x0,0	  x0:0x00000000
         925000	        91	80003860	01ac4263	blt	x24,x26,80003864	 x24:0x0fc670e7 x26:0x80009fc4
         935000	        92	80003864	fdc90913	addi	x18,x18,-36	 x18:0x80009f84 x18=0x80009f60
         945000	        93	80003868	49be7993	andi	x19,x28,1179	 x28:0x00000004 x19=0x00000000
         955000	        94	8000386c	01db2033	slt	x0,x22,x29	 x22:0xfffdcf42 x29:0x7e3eb392
         965000	        95	80003870	00192223	sw	x1,4(x18)	 x18:0x80009f60  x1:0x80000130 PA:0x80009f64
         975000	        96	80003874	4013d7b3	sra	x15,x7,x1	  x7:0x00000006  x1:0x80000130 x15=0x00000000
         985000	        97	80003878	030000ef	jal	x1,80003878	  x1=0x80003878
         995000	        98	00000000	00000013	addi	x0,x0,0	  x0:0x00000000
        1005000	        99	800038a4	00000013	addi	x0,x0,0	  x0:0x00000000
        1015000	       100	800038a8	0180036f	jal	x6,800038a8	  x6=0x800038a8
        1025000	       101	00000000	00000013	addi	x0,x0,0	  x0:0x00000000
        1035000	       102	800038bc	00000013	addi	x0,x0,0	  x0:0x00000000
        1045000	       103	800038c0	0240036f	jal	x6,800038c0	  x6=0x800038c0
        1055000	       104	00000000	00000013	addi	x0,x0,0	  x0:0x00000000
        1065000	       105	800038e0	00000013	addi	x0,x0,0	  x0:0x00000000
        1075000	       106	800038e4	fe9ff9ef	jal	x19,800038e4	 x19=0x800038e4
        1085000	       107	00000000	00000013	addi	x0,x0,0	  x0:0x00000000
        1095000	       108	800038c8	00000013	addi	x0,x0,0	  x0:0x00000000
        1105000	       109	800038cc	00c000ef	jal	x1,800038cc	  x1=0x800038cc
        1115000	       110	00000000	00000013	addi	x0,x0,0	  x0:0x00000000
        1125000	       111	800038d4	00000013	addi	x0,x0,0	  x0:0x00000000
        1135000	       112	800038d8	fddff36f	jal	x6,800038d8	  x6=0x800038d8
        1145000	       113	00000000	00000013	addi	x0,x0,0	  x0:0x00000000
        1155000	       114	800038b0	00000013	addi	x0,x0,0	  x0:0x00000000
        1165000	       115	800038b4	fd9ff0ef	jal	x1,800038b4	  x1=0x800038b4
        1175000	       116	00000000	00000013	addi	x0,x0,0	  x0:0x00000000
        1185000	       117	80003888	00000013	addi	x0,x0,0	  x0:0x00000000
        1195000	       118	8000388c	ff9ff0ef	jal	x1,8000388c	  x1=0x8000388c
        1205000	       119	00000000	00000013	addi	x0,x0,0	  x0:0x00000000
        1215000	       120	80003880	00000013	addi	x0,x0,0	  x0:0x00000000
        1225000	       121	80003884	ffdff36f	jal	x6,80003884	  x6=0x80003884
        1235000	       122	00000000	00000013	addi	x0,x0,0	  x0:0x00000000
        1245000	       123	8000387c	00000013	addi	x0,x0,0	  x0:0x00000000
        1255000	       124	80003880	ffdff86f	jal	x16,80003880	 x16=0x80003880
        1265000	       125	00000000	00000013	addi	x0,x0,0	  x0:0x00000000
        1275000	       126	80003878	00000013	addi	x0,x0,0	  x0:0x00000000
        1285000	       127	8000387c	00c0036f	jal	x6,8000387c	  x6=0x8000387c
        1295000	       128	00000000	00000013	addi	x0,x0,0	  x0:0x00000000
        1305000	       129	80003884	00000013	addi	x0,x0,0	  x0:0x00000000
        1315000	       130	80003888	03c000ef	jal	x1,80003888	  x1=0x80003888
        1325000	       131	00000000	00000013	addi	x0,x0,0	  x0:0x00000000
        1335000	       132	800038c0	00000013	addi	x0,x0,0	  x0:0x00000000
        1345000	       133	800038c4	fd5ff36f	jal	x6,800038c4	  x6=0x800038c4
        1355000	       134	00000000	00000013	addi	x0,x0,0	  x0:0x00000000
        1365000	       135	80003894	00000013	addi	x0,x0,0	  x0:0x00000000
        1375000	       136	80003898	0040036f	jal	x6,80003898	  x6=0x80003898
        1385000	       137	00000000	00000013	addi	x0,x0,0	  x0:0x00000000
        1395000	       138	80003898	00000013	addi	x0,x0,0	  x0:0x00000000
        1405000	       139	8000389c	0140036f	jal	x6,8000389c	  x6=0x8000389c
        1415000	       140	00000000	00000013	addi	x0,x0,0	  x0:0x00000000
        1425000	       141	800038ac	00000013	addi	x0,x0,0	  x0:0x00000000
        1435000	       142	800038b0	00c0036f	jal	x6,800038b0	  x6=0x800038b0
        1445000	       143	00000000	00000013	addi	x0,x0,0	  x0:0x00000000
        1455000	       144	800038b8	00000013	addi	x0,x0,0	  x0:0x00000000
        1465000	       145	800038bc	ff1ff7ef	jal	x15,800038bc	 x15=0x800038bc
        1475000	       146	00000000	00000013	addi	x0,x0,0	  x0:0x00000000
        1485000	       147	800038a8	00000013	addi	x0,x0,0	  x0:0x00000000
        1495000	       148	800038ac	01c0036f	jal	x6,800038ac	  x6=0x800038ac
        1505000	       149	00000000	00000013	addi	x0,x0,0	  x0:0x00000000
        1515000	       150	800038c4	00000013	addi	x0,x0,0	  x0:0x00000000
        1525000	       151	800038c8	0180036f	jal	x6,800038c8	  x6=0x800038c8
        1535000	       152	00000000	00000013	addi	x0,x0,0	  x0:0x00000000
        1545000	       153	800038dc	00000013	addi	x0,x0,0	  x0:0x00000000
        1555000	       154	800038e0	fd9ff36f	jal	x6,800038e0	  x6=0x800038e0
        1565000	       155	00000000	00000013	addi	x0,x0,0	  x0:0x00000000
        1575000	       156	800038b4	00000013	addi	x0,x0,0	  x0:0x00000000
        1585000	       157	800038b8	fedffbef	jal	x23,800038b8	 x23=0x800038b8
        1595000	       158	00000000	00000013	addi	x0,x0,0	  x0:0x00000000
        1605000	       159	800038a0	00000013	addi	x0,x0,0	  x0:0x00000000
        1615000	       160	800038a4	ff1ff36f	jal	x6,800038a4	  x6=0x800038a4
        1625000	       161	00000000	00000013	addi	x0,x0,0	  x0:0x00000000
        1635000	       162	80003890	00000013	addi	x0,x0,0	  x0:0x00000000
        1645000	       163	80003894	00c0076f	jal	x14,80003894	 x14=0x80003894
        1655000	       164	00000000	00000013	addi	x0,x0,0	  x0:0x00000000
        1665000	       165	8000389c	00000013	addi	x0,x0,0	  x0:0x00000000
        1675000	       166	800038a0	0300036f	jal	x6,800038a0	  x6=0x800038a0
        1685000	       167	00000000	00000013	addi	x0,x0,0	  x0:0x00000000
        1695000	       168	800038cc	00000013	addi	x0,x0,0	  x0:0x00000000
        1705000	       169	800038d0	00c000ef	jal	x1,800038d0	  x1=0x800038d0
        1715000	       170	00000000	00000013	addi	x0,x0,0	  x0:0x00000000
        1725000	       171	800038d8	00000013	addi	x0,x0,0	  x0:0x00000000
        1735000	       172	800038dc	fb5ff26f	jal	x4,800038dc	  x4=0x800038dc
        1745000	       173	00000000	00000013	addi	x0,x0,0	  x0:0x00000000
        1755000	       174	8000388c	00000013	addi	x0,x0,0	  x0:0x00000000
        1765000	       175	80003890	044000ef	jal	x1,80003890	  x1=0x80003890
        1775000	       176	00000000	00000013	addi	x0,x0,0	  x0:0x00000000
        1785000	       177	800038d0	00000013	addi	x0,x0,0	  x0:0x00000000
        1795000	       178	800038d4	014000ef	jal	x1,800038d4	  x1=0x800038d4
        1805000	       179	00000000	00000013	addi	x0,x0,0	  x0:0x00000000
        1815000	       180	800038e4	00000013	addi	x0,x0,0	  x0:0x00000000
        1825000	       181	800038e8	b18ccd93	xori	x27,x25,-1256	 x25:0x80000000 x27=0x7ffffb18
        1835000	       182	800038ec	020000ef	jal	x1,800038ec	  x1=0x800038ec
        1845000	       183	00000000	00000013	addi	x0,x0,0	  x0:0x00000000
        1855000	       184	80003908	00000013	addi	x0,x0,0	  x0:0x00000000
        1865000	       185	8000390c	0040036f	jal	x6,8000390c	  x6=0x8000390c
        1875000	       186	00000000	00000013	addi	x0,x0,0	  x0:0x00000000
        1885000	       187	8000390c	00000013	addi	x0,x0,0	  x0:0x00000000
        1895000	       188	80003910	004000ef	jal	x1,80003910	  x1=0x80003910
        1905000	       189	00000000	00000013	addi	x0,x0,0	  x0:0x00000000
        1915000	       190	80003910	00000013	addi	x0,x0,0	  x0:0x00000000
        1925000	       191	80003914	ff1ff0ef	jal	x1,80003914	  x1=0x80003914
        1935000	       192	00000000	00000013	addi	x0,x0,0	  x0:0x00000000
        1945000	       193	80003900	00000013	addi	x0,x0,0	  x0:0x00000000
        1955000	       194	80003904	00400e6f	jal	x28,80003904	 x28=0x80003904
        1965000	       195	00000000	00000013	addi	x0,x0,0	  x0:0x00000000
        1975000	       196	80003904	00000013	addi	x0,x0,0	  x0:0x00000000
        1985000	       197	80003908	ff9ff26f	jal	x4,80003908	  x4=0x80003908
        1995000	       198	00000000	00000013	addi	x0,x0,0	  x0:0x00000000
        2005000	       199	800038fc	00000013	addi	x0,x0,0	  x0:0x00000000
        2015000	       200	80003900	ff1ff0ef	jal	x1,80003900	  x1=0x80003900
        2025000	       201	00000000	00000013	addi	x0,x0,0	  x0:0x00000000
        2035000	       202	800038ec	00000013	addi	x0,x0,0	  x0:0x00000000
        2045000	       203	800038f0	0080036f	jal	x6,800038f0	  x6=0x800038f0
        2055000	       204	00000000	00000013	addi	x0,x0,0	  x0:0x00000000
        2065000	       205	800038f4	00000013	addi	x0,x0,0	  x0:0x00000000
        2075000	       206	800038f8	ffdff36f	jal	x6,800038f8	  x6=0x800038f8
        2085000	       207	00000000	00000013	addi	x0,x0,0	  x0:0x00000000
        2095000	       208	800038f0	00000013	addi	x0,x0,0	  x0:0x00000000
        2105000	       209	800038f4	008000ef	jal	x1,800038f4	  x1=0x800038f4
        2115000	       210	00000000	00000013	addi	x0,x0,0	  x0:0x00000000
        2125000	       211	800038f8	00000013	addi	x0,x0,0	  x0:0x00000000
        2135000	       212	800038fc	01c000ef	jal	x1,800038fc	  x1=0x800038fc
        2145000	       213	00000000	00000013	addi	x0,x0,0	  x0:0x00000000
        2155000	       214	80003914	00000013	addi	x0,x0,0	  x0:0x00000000
        2165000	       215	80003918	43fba293	slti	x5,x23,1087	 x23:0x800038b8  x5=0x00000001
        2175000	       216	8000391c	010000ef	jal	x1,8000391c	  x1=0x8000391c
        2185000	       217	00000000	00000013	addi	x0,x0,0	  x0:0x00000000
        2195000	       218	80003928	00000013	addi	x0,x0,0	  x0:0x00000000
        2205000	       219	8000392c	ff9ff0ef	jal	x1,8000392c	  x1=0x8000392c
        2215000	       220	00000000	00000013	addi	x0,x0,0	  x0:0x00000000
        2225000	       221	80003920	00000013	addi	x0,x0,0	  x0:0x00000000
        2235000	       222	80003924	0100036f	jal	x6,80003924	  x6=0x80003924
        2245000	       223	00000000	00000013	addi	x0,x0,0	  x0:0x00000000
        2255000	       224	80003930	00000013	addi	x0,x0,0	  x0:0x00000000
        2265000	       225	80003934	014000ef	jal	x1,80003934	  x1=0x80003934
        2275000	       226	00000000	00000013	addi	x0,x0,0	  x0:0x00000000
        2285000	       227	80003944	00000013	addi	x0,x0,0	  x0:0x00000000
        2295000	       228	80003948	fd9ff0ef	jal	x1,80003948	  x1=0x80003948
        2305000	       229	00000000	00000013	addi	x0,x0,0	  x0:0x00000000
        2315000	       230	8000391c	00000013	addi	x0,x0,0	  x0:0x00000000
        2325000	       231	80003920	02c007ef	jal	x15,80003920	 x15=0x80003920
        2335000	       232	00000000	00000013	addi	x0,x0,0	  x0:0x00000000
        2345000	       233	80003948	00000013	addi	x0,x0,0	  x0:0x00000000
        2355000	       234	8000394c	ff5ff36f	jal	x6,8000394c	  x6=0x8000394c
        2365000	       235	00000000	00000013	addi	x0,x0,0	  x0:0x00000000
        2375000	       236	8000393c	00000013	addi	x0,x0,0	  x0:0x00000000
        2385000	       237	80003940	ff1ff0ef	jal	x1,80003940	  x1=0x80003940
        2395000	       238	00000000	00000013	addi	x0,x0,0	  x0:0x00000000
        2405000	       239	8000392c	00000013	addi	x0,x0,0	  x0:0x00000000
        2415000	       240	80003930	02000eef	jal	x29,80003930	 x29=0x80003930
        2425000	       241	00000000	00000013	addi	x0,x0,0	  x0:0x00000000
        2435000	       242	8000394c	00000013	addi	x0,x0,0	  x0:0x00000000
        2445000	       243	80003950	fe9ff0ef	jal	x1,80003950	  x1=0x80003950
        2455000	       244	00000000	00000013	addi	x0,x0,0	  x0:0x00000000
        2465000	       245	80003934	00000013	addi	x0,x0,0	  x0:0x00000000
        2475000	       246	80003938	ff1ff36f	jal	x6,80003938	  x6=0x80003938
        2485000	       247	00000000	00000013	addi	x0,x0,0	  x0:0x00000000
        2495000	       248	80003924	00000013	addi	x0,x0,0	  x0:0x00000000
        2505000	       249	80003928	014000ef	jal	x1,80003928	  x1=0x80003928
        2515000	       250	00000000	00000013	addi	x0,x0,0	  x0:0x00000000
        2525000	       251	80003938	00000013	addi	x0,x0,0	  x0:0x00000000
        2535000	       252	8000393c	0080036f	jal	x6,8000393c	  x6=0x8000393c
        2545000	       253	00000000	00000013	addi	x0,x0,0	  x0:0x00000000
        2555000	       254	80003940	00000013	addi	x0,x0,0	  x0:0x00000000
        2565000	       255	80003944	0100036f	jal	x6,80003944	  x6=0x80003944
        2575000	       256	00000000	00000013	addi	x0,x0,0	  x0:0x00000000
        2585000	       257	80003950	00000013	addi	x0,x0,0	  x0:0x00000000
        2595000	       258	80003954	00000013	addi	x0,x0,0	  x0:0x00000000
        2605000	       259	80003958	048000ef	jal	x1,80003958	  x1=0x80003958
        2615000	       260	00000000	00000013	addi	x0,x0,0	  x0:0x00000000
        2625000	       261	8000399c	00000013	addi	x0,x0,0	  x0:0x00000000
        2635000	       262	800039a0	ffdff0ef	jal	x1,800039a0	  x1=0x800039a0
        2645000	       263	00000000	00000013	addi	x0,x0,0	  x0:0x00000000
        2655000	       264	80003998	00000013	addi	x0,x0,0	  x0:0x00000000
        2665000	       265	8000399c	fd5ffa6f	jal	x20,8000399c	 x20=0x8000399c
        2675000	       266	00000000	00000013	addi	x0,x0,0	  x0:0x00000000
        2685000	       267	8000396c	00000013	addi	x0,x0,0	  x0:0x00000000
        2695000	       268	80003970	0200036f	jal	x6,80003970	  x6=0x80003970
        2705000	       269	00000000	00000013	addi	x0,x0,0	  x0:0x00000000
        2715000	       270	8000398c	00000013	addi	x0,x0,0	  x0:0x00000000
        2725000	       271	80003990	008000ef	jal	x1,80003990	  x1=0x80003990
        2735000	       272	00000000	00000013	addi	x0,x0,0	  x0:0x00000000
        2745000	       273	80003994	00000013	addi	x0,x0,0	  x0:0x00000000
        2755000	       274	80003998	fc9ff36f	jal	x6,80003998	  x6=0x80003998
        2765000	       275	00000000	00000013	addi	x0,x0,0	  x0:0x00000000
        2775000	       276	8000395c	00000013	addi	x0,x0,0	  x0:0x00000000
        2785000	       277	80003960	018000ef	jal	x1,80003960	  x1=0x80003960
        2795000	       278	00000000	00000013	addi	x0,x0,0	  x0:0x00000000
        2805000	       279	80003974	00000013	addi	x0,x0,0	  x0:0x00000000
        2815000	       280	80003978	0080036f	jal	x6,80003978	  x6=0x80003978
        2825000	       281	00000000	00000013	addi	x0,x0,0	  x0:0x00000000
        2835000	       282	8000397c	00000013	addi	x0,x0,0	  x0:0x00000000
        2845000	       283	80003980	0240036f	jal	x6,80003980	  x6=0x80003980
        2855000	       284	00000000	00000013	addi	x0,x0,0	  x0:0x00000000
        2865000	       285	800039a0	00000013	addi	x0,x0,0	  x0:0x00000000
        2875000	       286	800039a4	fe1ff36f	jal	x6,800039a4	  x6=0x800039a4
        2885000	       287	00000000	00000013	addi	x0,x0,0	  x0:0x00000000
        2895000	       288	80003980	00000013	addi	x0,x0,0	  x0:0x00000000
        2905000	       289	80003984	fe5ff0ef	jal	x1,80003984	  x1=0x80003984
        2915000	       290	00000000	00000013	addi	x0,x0,0	  x0:0x00000000
        2925000	       291	80003964	00000013	addi	x0,x0,0	  x0:0x00000000
        2935000	       292	80003968	0240036f	jal	x6,80003968	  x6=0x80003968
        2945000	       293	00000000	00000013	addi	x0,x0,0	  x0:0x00000000
        2955000	       294	80003988	00000013	addi	x0,x0,0	  x0:0x00000000
        2965000	       295	8000398c	fd9ff0ef	jal	x1,8000398c	  x1=0x8000398c
        2975000	       296	00000000	00000013	addi	x0,x0,0	  x0:0x00000000
        2985000	       297	80003960	00000013	addi	x0,x0,0	  x0:0x00000000
        2995000	       298	80003964	ff9ff36f	jal	x6,80003964	  x6=0x80003964
        3005000	       299	00000000	00000013	addi	x0,x0,0	  x0:0x00000000
        3015000	       300	80003958	00000013	addi	x0,x0,0	  x0:0x00000000
        3025000	       301	8000395c	02c000ef	jal	x1,8000395c	  x1=0x8000395c
        3035000	       302	00000000	00000013	addi	x0,x0,0	  x0:0x00000000
        3045000	       303	80003984	00000013	addi	x0,x0,0	  x0:0x00000000
        3055000	       304	80003988	fe5ff0ef	jal	x1,80003988	  x1=0x80003988
        3065000	       305	00000000	00000013	addi	x0,x0,0	  x0:0x00000000
        3075000	       306	80003968	00000013	addi	x0,x0,0	  x0:0x00000000
        3085000	       307	8000396c	008000ef	jal	x1,8000396c	  x1=0x8000396c
        3095000	       308	00000000	00000013	addi	x0,x0,0	  x0:0x00000000
        3105000	       309	80003970	00000013	addi	x0,x0,0	  x0:0x00000000
        3115000	       310	80003974	0200016f	jal	x2,80003974	  x2=0x80003974
        3125000	       311	00000000	00000013	addi	x0,x0,0	  x0:0x00000000
        3135000	       312	80003990	00000013	addi	x0,x0,0	  x0:0x00000000
        3145000	       313	80003994	fe9ff0ef	jal	x1,80003994	  x1=0x80003994
        3155000	       314	00000000	00000013	addi	x0,x0,0	  x0:0x00000000
        3165000	       315	80003978	00000013	addi	x0,x0,0	  x0:0x00000000
        3175000	       316	8000397c	02c00f6f	jal	x30,8000397c	 x30=0x8000397c
        3185000	       317	00000000	00000013	addi	x0,x0,0	  x0:0x00000000
        3195000	       318	800039a4	00000013	addi	x0,x0,0	  x0:0x00000000
        3205000	       319	800039a8	004000ef	jal	x1,800039a8	  x1=0x800039a8
        3215000	       320	00000000	00000013	addi	x0,x0,0	  x0:0x00000000
        3225000	       321	800039a8	00000013	addi	x0,x0,0	  x0:0x00000000
        3235000	       322	800039ac	5abfbf93	sltiu	x31,x31,1451	 x31:0x00000000 x31=0x00000001
        3245000	       323	800039b0	008000ef	jal	x1,800039b0	  x1=0x800039b0
        3255000	       324	00000000	00000013	addi	x0,x0,0	  x0:0x00000000
        3265000	       325	800039b4	00000013	addi	x0,x0,0	  x0:0x00000000
        3275000	       326	800039b8	ffdff36f	jal	x6,800039b8	  x6=0x800039b8
        3285000	       327	00000000	00000013	addi	x0,x0,0	  x0:0x00000000
        3295000	       328	800039b0	00000013	addi	x0,x0,0	  x0:0x00000000
        3305000	       329	800039b4	0200036f	jal	x6,800039b4	  x6=0x800039b4
        3315000	       330	00000000	00000013	addi	x0,x0,0	  x0:0x00000000
        3325000	       331	800039d0	00000013	addi	x0,x0,0	  x0:0x00000000
        3335000	       332	800039d4	00c00aef	jal	x21,800039d4	 x21=0x800039d4
        3345000	       333	00000000	00000013	addi	x0,x0,0	  x0:0x00000000
        3355000	       334	800039dc	00000013	addi	x0,x0,0	  x0:0x00000000
        3365000	       335	800039e0	ff1ff0ef	jal	x1,800039e0	  x1=0x800039e0
        3375000	       336	00000000	00000013	addi	x0,x0,0	  x0:0x00000000
        3385000	       337	800039cc	00000013	addi	x0,x0,0	  x0:0x00000000
        3395000	       338	800039d0	fedff0ef	jal	x1,800039d0	  x1=0x800039d0
        3405000	       339	00000000	00000013	addi	x0,x0,0	  x0:0x00000000
        3415000	       340	800039b8	00000013	addi	x0,x0,0	  x0:0x00000000
        3425000	       341	800039bc	008004ef	jal	x9,800039bc	  x9=0x800039bc
        3435000	       342	00000000	00000013	addi	x0,x0,0	  x0:0x00000000
        3445000	       343	800039c0	00000013	addi	x0,x0,0	  x0:0x00000000
        3455000	       344	800039c4	018000ef	jal	x1,800039c4	  x1=0x800039c4
        3465000	       345	00000000	00000013	addi	x0,x0,0	  x0:0x00000000
        3475000	       346	800039d8	00000013	addi	x0,x0,0	  x0:0x00000000
        3485000	       347	800039dc	fedff8ef	jal	x17,800039dc	 x17=0x800039dc
        3495000	       348	00000000	00000013	addi	x0,x0,0	  x0:0x00000000
        3505000	       349	800039c4	00000013	addi	x0,x0,0	  x0:0x00000000
        3515000	       350	800039c8	00400aef	jal	x21,800039c8	 x21=0x800039c8
        3525000	       351	00000000	00000013	addi	x0,x0,0	  x0:0x00000000
        3535000	       352	800039c8	00000013	addi	x0,x0,0	  x0:0x00000000
        3545000	       353	800039cc	ff5ff0ef	jal	x1,800039cc	  x1=0x800039cc
        3555000	       354	00000000	00000013	addi	x0,x0,0	  x0:0x00000000
        3565000	       355	800039bc	00000013	addi	x0,x0,0	  x0:0x00000000
        3575000	       356	800039c0	0180036f	jal	x6,800039c0	  x6=0x800039c0
        3585000	       357	00000000	00000013	addi	x0,x0,0	  x0:0x00000000
        3595000	       358	800039d4	00000013	addi	x0,x0,0	  x0:0x00000000
        3605000	       359	800039d8	00c00eef	jal	x29,800039d8	 x29=0x800039d8
        3615000	       360	00000000	00000013	addi	x0,x0,0	  x0:0x00000000
        3625000	       361	800039e0	00000013	addi	x0,x0,0	  x0:0x00000000
        3635000	       362	800039e4	9981f813	andi	x16,x3,-1640	  x3:0x00000000 x16=0x00000000
        3645000	       363	800039e8	058000ef	jal	x1,800039e8	  x1=0x800039e8
        3655000	       364	00000000	00000013	addi	x0,x0,0	  x0:0x00000000
        3665000	       365	80003a3c	00000013	addi	x0,x0,0	  x0:0x00000000
        3675000	       366	80003a40	ffdff0ef	jal	x1,80003a40	  x1=0x80003a40
        3685000	       367	00000000	00000013	addi	x0,x0,0	  x0:0x00000000
        3695000	       368	80003a38	00000013	addi	x0,x0,0	  x0:0x00000000
        3705000	       369	80003a3c	fddff0ef	jal	x1,80003a3c	  x1=0x80003a3c
        3715000	       370	00000000	00000013	addi	x0,x0,0	  x0:0x00000000
        3725000	       371	80003a14	00000013	addi	x0,x0,0	  x0:0x00000000
        3735000	       372	80003a18	020000ef	jal	x1,80003a18	  x1=0x80003a18
        3745000	       373	00000000	00000013	addi	x0,x0,0	  x0:0x00000000
        3755000	       374	80003a34	00000013	addi	x0,x0,0	  x0:0x00000000
        3765000	       375	80003a38	fd5ff0ef	jal	x1,80003a38	  x1=0x80003a38
        3775000	       376	00000000	00000013	addi	x0,x0,0	  x0:0x00000000
        3785000	       377	80003a08	00000013	addi	x0,x0,0	  x0:0x00000000
        3795000	       378	80003a0c	0240036f	jal	x6,80003a0c	  x6=0x80003a0c
        3805000	       379	00000000	00000013	addi	x0,x0,0	  x0:0x00000000
        3815000	       380	80003a2c	00000013	addi	x0,x0,0	  x0:0x00000000
        3825000	       381	80003a30	ff1ff0ef	jal	x1,80003a30	  x1=0x80003a30
        3835000	       382	00000000	00000013	addi	x0,x0,0	  x0:0x00000000
        3845000	       383	80003a1c	00000013	addi	x0,x0,0	  x0:0x00000000
        3855000	       384	80003a20	0140036f	jal	x6,80003a20	  x6=0x80003a20
        3865000	       385	00000000	00000013	addi	x0,x0,0	  x0:0x00000000
        3875000	       386	80003a30	00000013	addi	x0,x0,0	  x0:0x00000000
        3885000	       387	80003a34	fd5ff36f	jal	x6,80003a34	  x6=0x80003a34
        3895000	       388	00000000	00000013	addi	x0,x0,0	  x0:0x00000000
        3905000	       389	80003a04	00000013	addi	x0,x0,0	  x0:0x00000000
        3915000	       390	80003a08	fedff9ef	jal	x19,80003a08	 x19=0x80003a08
        3925000	       391	00000000	00000013	addi	x0,x0,0	  x0:0x00000000
        3935000	       392	800039f0	00000013	addi	x0,x0,0	  x0:0x00000000
        3945000	       393	800039f4	0380036f	jal	x6,800039f4	  x6=0x800039f4
        3955000	       394	00000000	00000013	addi	x0,x0,0	  x0:0x00000000
        3965000	       395	80003a28	00000013	addi	x0,x0,0	  x0:0x00000000
        3975000	       396	80003a2c	ff9ff0ef	jal	x1,80003a2c	  x1=0x80003a2c
        3985000	       397	00000000	00000013	addi	x0,x0,0	  x0:0x00000000
        3995000	       398	80003a20	00000013	addi	x0,x0,0	  x0:0x00000000
        4005000	       399	80003a24	fedff36f	jal	x6,80003a24	  x6=0x80003a24
        4015000	       400	00000000	00000013	addi	x0,x0,0	  x0:0x00000000
        4025000	       401	80003a0c	00000013	addi	x0,x0,0	  x0:0x00000000
        4035000	       402	80003a10	004000ef	jal	x1,80003a10	  x1=0x80003a10
        4045000	       403	00000000	00000013	addi	x0,x0,0	  x0:0x00000000
        4055000	       404	80003a10	00000013	addi	x0,x0,0	  x0:0x00000000
        4065000	       405	80003a14	fe9ff1ef	jal	x3,80003a14	  x3=0x80003a14
        4075000	       406	00000000	00000013	addi	x0,x0,0	  x0:0x00000000
        4085000	       407	800039f8	00000013	addi	x0,x0,0	  x0:0x00000000
        4095000	       408	800039fc	ff1ff0ef	jal	x1,800039fc	  x1=0x800039fc
        4105000	       409	00000000	00000013	addi	x0,x0,0	  x0:0x00000000
        4115000	       410	800039e8	00000013	addi	x0,x0,0	  x0:0x00000000
        4125000	       411	800039ec	058000ef	jal	x1,800039ec	  x1=0x800039ec
        4135000	       412	00000000	00000013	addi	x0,x0,0	  x0:0x00000000
        4145000	       413	80003a40	00000013	addi	x0,x0,0	  x0:0x00000000
        4155000	       414	80003a44	fd9ff0ef	jal	x1,80003a44	  x1=0x80003a44
        4165000	       415	00000000	00000013	addi	x0,x0,0	  x0:0x00000000
        4175000	       416	80003a18	00000013	addi	x0,x0,0	  x0:0x00000000
        4185000	       417	80003a1c	fe5ff0ef	jal	x1,80003a1c	  x1=0x80003a1c
        4195000	       418	00000000	00000013	addi	x0,x0,0	  x0:0x00000000
        4205000	       419	800039fc	00000013	addi	x0,x0,0	  x0:0x00000000
        4215000	       420	80003a00	028000ef	jal	x1,80003a00	  x1=0x80003a00
        4225000	       421	00000000	00000013	addi	x0,x0,0	  x0:0x00000000
        4235000	       422	80003a24	00000013	addi	x0,x0,0	  x0:0x00000000
        4245000	       423	80003a28	fddfffef	jal	x31,80003a28	 x31=0x80003a28
        4255000	       424	00000000	00000013	addi	x0,x0,0	  x0:0x00000000
        4265000	       425	80003a00	00000013	addi	x0,x0,0	  x0:0x00000000
        4275000	       426	80003a04	fedff2ef	jal	x5,80003a04	  x5=0x80003a04
        4285000	       427	00000000	00000013	addi	x0,x0,0	  x0:0x00000000
        4295000	       428	800039ec	00000013	addi	x0,x0,0	  x0:0x00000000
        4305000	       429	800039f0	008000ef	jal	x1,800039f0	  x1=0x800039f0
        4315000	       430	00000000	00000013	addi	x0,x0,0	  x0:0x00000000
        4325000	       431	800039f4	00000013	addi	x0,x0,0	  x0:0x00000000
        4335000	       432	800039f8	050000ef	jal	x1,800039f8	  x1=0x800039f8
        4345000	       433	00000000	00000013	addi	x0,x0,0	  x0:0x00000000
        4355000	       434	80003a44	00000013	addi	x0,x0,0	  x0:0x00000000
        4365000	       435	80003a48	41df8db3	sub	x27,x31,x29	 x31:0x80003a28 x29:0x800039d8 x27=0x00000050
        4375000	       436	80003a4c	048000ef	jal	x1,80003a4c	  x1=0x80003a4c
        4385000	       437	00000000	00000013	addi	x0,x0,0	  x0:0x00000000
        4395000	       438	80003a90	00000013	addi	x0,x0,0	  x0:0x00000000
        4405000	       439	80003a94	ff5ff0ef	jal	x1,80003a94	  x1=0x80003a94
        4415000	       440	00000000	00000013	addi	x0,x0,0	  x0:0x00000000
        4425000	       441	80003a84	00000013	addi	x0,x0,0	  x0:0x00000000
        4435000	       442	80003a88	fd9fff6f	jal	x30,80003a88	 x30=0x80003a88
        4445000	       443	00000000	00000013	addi	x0,x0,0	  x0:0x00000000
        4455000	       444	80003a5c	00000013	addi	x0,x0,0	  x0:0x00000000
        4465000	       445	80003a60	ff1ff0ef	jal	x1,80003a60	  x1=0x80003a60
        4475000	       446	00000000	00000013	addi	x0,x0,0	  x0:0x00000000
        4485000	       447	80003a4c	00000013	addi	x0,x0,0	  x0:0x00000000
        4495000	       448	80003a50	028000ef	jal	x1,80003a50	  x1=0x80003a50
        4505000	       449	00000000	00000013	addi	x0,x0,0	  x0:0x00000000
        4515000	       450	80003a74	00000013	addi	x0,x0,0	  x0:0x00000000
        4525000	       451	80003a78	ff9ff36f	jal	x6,80003a78	  x6=0x80003a78
        4535000	       452	00000000	00000013	addi	x0,x0,0	  x0:0x00000000
        4545000	       453	80003a6c	00000013	addi	x0,x0,0	  x0:0x00000000
        4555000	       454	80003a70	01c0026f	jal	x4,80003a70	  x4=0x80003a70
        4565000	       455	00000000	00000013	addi	x0,x0,0	  x0:0x00000000
        4575000	       456	80003a88	00000013	addi	x0,x0,0	  x0:0x00000000
        4585000	       457	80003a8c	fe1ff0ef	jal	x1,80003a8c	  x1=0x80003a8c
        4595000	       458	00000000	00000013	addi	x0,x0,0	  x0:0x00000000
        4605000	       459	80003a68	00000013	addi	x0,x0,0	  x0:0x00000000
        4615000	       460	80003a6c	ffdff0ef	jal	x1,80003a6c	  x1=0x80003a6c
        4625000	       461	00000000	00000013	addi	x0,x0,0	  x0:0x00000000
        4635000	       462	80003a64	00000013	addi	x0,x0,0	  x0:0x00000000
        4645000	       463	80003a68	034004ef	jal	x9,80003a68	  x9=0x80003a68
        4655000	       464	00000000	00000013	addi	x0,x0,0	  x0:0x00000000
        4665000	       465	80003a98	00000013	addi	x0,x0,0	  x0:0x00000000
        4675000	       466	80003a9c	ffdff36f	jal	x6,80003a9c	  x6=0x80003a9c
        4685000	       467	00000000	00000013	addi	x0,x0,0	  x0:0x00000000
        4695000	       468	80003a94	00000013	addi	x0,x0,0	  x0:0x00000000
        4705000	       469	80003a98	ff9ff36f	jal	x6,80003a98	  x6=0x80003a98
        4715000	       470	00000000	00000013	addi	x0,x0,0	  x0:0x00000000
        4725000	       471	80003a8c	00000013	addi	x0,x0,0	  x0:0x00000000
        4735000	       472	80003a90	fcdff0ef	jal	x1,80003a90	  x1=0x80003a90
        4745000	       473	00000000	00000013	addi	x0,x0,0	  x0:0x00000000
        4755000	       474	80003a58	00000013	addi	x0,x0,0	  x0:0x00000000
        4765000	       475	80003a5c	048008ef	jal	x17,80003a5c	 x17=0x80003a5c
        4775000	       476	00000000	00000013	addi	x0,x0,0	  x0:0x00000000
        4785000	       477	80003aa0	00000013	addi	x0,x0,0	  x0:0x00000000
        4795000	       478	80003aa4	fb5ff0ef	jal	x1,80003aa4	  x1=0x80003aa4
        4805000	       479	00000000	00000013	addi	x0,x0,0	  x0:0x00000000
        4815000	       480	80003a54	00000013	addi	x0,x0,0	  x0:0x00000000
        4825000	       481	80003a58	02c000ef	jal	x1,80003a58	  x1=0x80003a58
        4835000	       482	00000000	00000013	addi	x0,x0,0	  x0:0x00000000
        4845000	       483	80003a80	00000013	addi	x0,x0,0	  x0:0x00000000
        4855000	       484	80003a84	ff1ff36f	jal	x6,80003a84	  x6=0x80003a84
        4865000	       485	00000000	00000013	addi	x0,x0,0	  x0:0x00000000
        4875000	       486	80003a70	00000013	addi	x0,x0,0	  x0:0x00000000
        4885000	       487	80003a74	fe1ff76f	jal	x14,80003a74	 x14=0x80003a74
        4895000	       488	00000000	00000013	addi	x0,x0,0	  x0:0x00000000
        4905000	       489	80003a50	00000013	addi	x0,x0,0	  x0:0x00000000
        4915000	       490	80003a54	0280036f	jal	x6,80003a54	  x6=0x80003a54
        4925000	       491	00000000	00000013	addi	x0,x0,0	  x0:0x00000000
        4935000	       492	80003a78	00000013	addi	x0,x0,0	  x0:0x00000000
        4945000	       493	80003a7c	0040036f	jal	x6,80003a7c	  x6=0x80003a7c
        4955000	       494	00000000	00000013	addi	x0,x0,0	  x0:0x00000000
        4965000	       495	80003a7c	00000013	addi	x0,x0,0	  x0:0x00000000
        4975000	       496	80003a80	0200036f	jal	x6,80003a80	  x6=0x80003a80
        4985000	       497	00000000	00000013	addi	x0,x0,0	  x0:0x00000000
        4995000	       498	80003a9c	00000013	addi	x0,x0,0	  x0:0x00000000
        5005000	       499	80003aa0	fc5ff0ef	jal	x1,80003aa0	  x1=0x80003aa0
        5015000	       500	00000000	00000013	addi	x0,x0,0	  x0:0x00000000
        5025000	       501	80003a60	00000013	addi	x0,x0,0	  x0:0x00000000
        5035000	       502	80003a64	044000ef	jal	x1,80003a64	  x1=0x80003a64
        5045000	       503	00000000	00000013	addi	x0,x0,0	  x0:0x00000000
        5055000	       504	80003aa4	00000013	addi	x0,x0,0	  x0:0x00000000
        5065000	       505	80003aa8	0052c133	xor	x2,x5,x5	  x5:0x80003a04  x5:0x80003a04  x2=0x00000000
        5075000	       506	80003aac	024000ef	jal	x1,80003aac	  x1=0x80003aac
        5085000	       507	00000000	00000013	addi	x0,x0,0	  x0:0x00000000
        5095000	       508	80003acc	00000013	addi	x0,x0,0	  x0:0x00000000
        5105000	       509	80003ad0	ff9ffc6f	jal	x24,80003ad0	 x24=0x80003ad0
        5115000	       510	00000000	00000013	addi	x0,x0,0	  x0:0x00000000
        5125000	       511	80003ac4	00000013	addi	x0,x0,0	  x0:0x00000000
        5135000	       512	80003ac8	010000ef	jal	x1,80003ac8	  x1=0x80003ac8
        5145000	       513	00000000	00000013	addi	x0,x0,0	  x0:0x00000000
        5155000	       514	80003ad4	00000013	addi	x0,x0,0	  x0:0x00000000
        5165000	       515	80003ad8	fddff1ef	jal	x3,80003ad8	  x3=0x80003ad8
        5175000	       516	00000000	00000013	addi	x0,x0,0	  x0:0x00000000
        5185000	       517	80003ab0	00000013	addi	x0,x0,0	  x0:0x00000000
        5195000	       518	80003ab4	00c0026f	jal	x4,80003ab4	  x4=0x80003ab4
        5205000	       519	00000000	00000013	addi	x0,x0,0	  x0:0x00000000
        5215000	       520	80003abc	00000013	addi	x0,x0,0	  x0:0x00000000
        5225000	       521	80003ac0	ffdff0ef	jal	x1,80003ac0	  x1=0x80003ac0
        5235000	       522	00000000	00000013	addi	x0,x0,0	  x0:0x00000000
        5245000	       523	80003ab8	00000013	addi	x0,x0,0	  x0:0x00000000
        5255000	       524	80003abc	010000ef	jal	x1,80003abc	  x1=0x80003abc
        5265000	       525	00000000	00000013	addi	x0,x0,0	  x0:0x00000000
        5275000	       526	80003ac8	00000013	addi	x0,x0,0	  x0:0x00000000
        5285000	       527	80003acc	fe5ff0ef	jal	x1,80003acc	  x1=0x80003acc
        5295000	       528	00000000	00000013	addi	x0,x0,0	  x0:0x00000000
        5305000	       529	80003aac	00000013	addi	x0,x0,0	  x0:0x00000000
        5315000	       530	80003ab0	008000ef	jal	x1,80003ab0	  x1=0x80003ab0
        5325000	       531	00000000	00000013	addi	x0,x0,0	  x0:0x00000000
        5335000	       532	80003ab4	00000013	addi	x0,x0,0	  x0:0x00000000
        5345000	       533	80003ab8	01c000ef	jal	x1,80003ab8	  x1=0x80003ab8
        5355000	       534	00000000	00000013	addi	x0,x0,0	  x0:0x00000000
        5365000	       535	80003ad0	00000013	addi	x0,x0,0	  x0:0x00000000
        5375000	       536	80003ad4	ff1ff0ef	jal	x1,80003ad4	  x1=0x80003ad4
        5385000	       537	00000000	00000013	addi	x0,x0,0	  x0:0x00000000
        5395000	       538	80003ac0	00000013	addi	x0,x0,0	  x0:0x00000000
        5405000	       539	80003ac4	018000ef	jal	x1,80003ac4	  x1=0x80003ac4
        5415000	       540	00000000	00000013	addi	x0,x0,0	  x0:0x00000000
        5425000	       541	80003ad8	00000013	addi	x0,x0,0	  x0:0x00000000
        5435000	       542	80003adc	40b7d093	srai	x1,x15,0xb	 x15:0x80003920  x1=0xfff00007
        5445000	       543	80003ae0	008000ef	jal	x1,80003ae0	  x1=0x80003ae0
        5455000	       544	00000000	00000013	addi	x0,x0,0	  x0:0x00000000
        5465000	       545	80003ae4	00000013	addi	x0,x0,0	  x0:0x00000000
        5475000	       546	80003ae8	0100056f	jal	x10,80003ae8	 x10=0x80003ae8
        5485000	       547	00000000	00000013	addi	x0,x0,0	  x0:0x00000000
        5495000	       548	80003af4	00000013	addi	x0,x0,0	  x0:0x00000000
        5505000	       549	80003af8	0200036f	jal	x6,80003af8	  x6=0x80003af8
        5515000	       550	00000000	00000013	addi	x0,x0,0	  x0:0x00000000
        5525000	       551	80003b14	00000013	addi	x0,x0,0	  x0:0x00000000
        5535000	       552	80003b18	fcdff0ef	jal	x1,80003b18	  x1=0x80003b18
        5545000	       553	00000000	00000013	addi	x0,x0,0	  x0:0x00000000
        5555000	       554	80003ae0	00000013	addi	x0,x0,0	  x0:0x00000000
        5565000	       555	80003ae4	02c0036f	jal	x6,80003ae4	  x6=0x80003ae4
        5575000	       556	00000000	00000013	addi	x0,x0,0	  x0:0x00000000
        5585000	       557	80003b0c	00000013	addi	x0,x0,0	  x0:0x00000000
        5595000	       558	80003b10	01c000ef	jal	x1,80003b10	  x1=0x80003b10
        5605000	       559	00000000	00000013	addi	x0,x0,0	  x0:0x00000000
        5615000	       560	80003b28	00000013	addi	x0,x0,0	  x0:0x00000000
        5625000	       561	80003b2c	fc1ff0ef	jal	x1,80003b2c	  x1=0x80003b2c
        5635000	       562	00000000	00000013	addi	x0,x0,0	  x0:0x00000000
        5645000	       563	80003ae8	00000013	addi	x0,x0,0	  x0:0x00000000
        5655000	       564	80003aec	0280036f	jal	x6,80003aec	  x6=0x80003aec
        5665000	       565	00000000	00000013	addi	x0,x0,0	  x0:0x00000000
        5675000	       566	80003b10	00000013	addi	x0,x0,0	  x0:0x00000000
        5685000	       567	80003b14	00c0036f	jal	x6,80003b14	  x6=0x80003b14
        5695000	       568	00000000	00000013	addi	x0,x0,0	  x0:0x00000000
        5705000	       569	80003b1c	00000013	addi	x0,x0,0	  x0:0x00000000
        5715000	       570	80003b20	0080016f	jal	x2,80003b20	  x2=0x80003b20
        5725000	       571	00000000	00000013	addi	x0,x0,0	  x0:0x00000000
        5735000	       572	80003b24	00000013	addi	x0,x0,0	  x0:0x00000000
        5745000	       573	80003b28	ff5ff0ef	jal	x1,80003b28	  x1=0x80003b28
        5755000	       574	00000000	00000013	addi	x0,x0,0	  x0:0x00000000
        5765000	       575	80003b18	00000013	addi	x0,x0,0	  x0:0x00000000
        5775000	       576	80003b1c	fd5ff0ef	jal	x1,80003b1c	  x1=0x80003b1c
        5785000	       577	00000000	00000013	addi	x0,x0,0	  x0:0x00000000
        5795000	       578	80003aec	00000013	addi	x0,x0,0	  x0:0x00000000
        5805000	       579	80003af0	044000ef	jal	x1,80003af0	  x1=0x80003af0
        5815000	       580	00000000	00000013	addi	x0,x0,0	  x0:0x00000000
        5825000	       581	80003b30	00000013	addi	x0,x0,0	  x0:0x00000000
        5835000	       582	80003b34	ffdff0ef	jal	x1,80003b34	  x1=0x80003b34
        5845000	       583	00000000	00000013	addi	x0,x0,0	  x0:0x00000000
        5855000	       584	80003b2c	00000013	addi	x0,x0,0	  x0:0x00000000
        5865000	       585	80003b30	ff5ff0ef	jal	x1,80003b30	  x1=0x80003b30
        5875000	       586	00000000	00000013	addi	x0,x0,0	  x0:0x00000000
        5885000	       587	80003b20	00000013	addi	x0,x0,0	  x0:0x00000000
        5895000	       588	80003b24	fe9ffe6f	jal	x28,80003b24	 x28=0x80003b24
        5905000	       589	00000000	00000013	addi	x0,x0,0	  x0:0x00000000
        5915000	       590	80003b08	00000013	addi	x0,x0,0	  x0:0x00000000
        5925000	       591	80003b0c	fe9ff8ef	jal	x17,80003b0c	 x17=0x80003b0c
        5935000	       592	00000000	00000013	addi	x0,x0,0	  x0:0x00000000
        5945000	       593	80003af0	00000013	addi	x0,x0,0	  x0:0x00000000
        5955000	       594	80003af4	014007ef	jal	x15,80003af4	 x15=0x80003af4
        5965000	       595	00000000	00000013	addi	x0,x0,0	  x0:0x00000000
        5975000	       596	80003b04	00000013	addi	x0,x0,0	  x0:0x00000000
        5985000	       597	80003b08	ff9ff0ef	jal	x1,80003b08	  x1=0x80003b08
        5995000	       598	00000000	00000013	addi	x0,x0,0	  x0:0x00000000
        6005000	       599	80003afc	00000013	addi	x0,x0,0	  x0:0x00000000
        6015000	       600	80003b00	0040036f	jal	x6,80003b00	  x6=0x80003b00
        6025000	       601	00000000	00000013	addi	x0,x0,0	  x0:0x00000000
        6035000	       602	80003b00	00000013	addi	x0,x0,0	  x0:0x00000000
        6045000	       603	80003b04	ff9ffdef	jal	x27,80003b04	 x27=0x80003b04
        6055000	       604	00000000	00000013	addi	x0,x0,0	  x0:0x00000000
        6065000	       605	80003af8	00000013	addi	x0,x0,0	  x0:0x00000000
        6075000	       606	80003afc	03c000ef	jal	x1,80003afc	  x1=0x80003afc
        6085000	       607	00000000	00000013	addi	x0,x0,0	  x0:0x00000000
        6095000	       608	80003b34	00000013	addi	x0,x0,0	  x0:0x00000000
        6105000	       609	80003b38	cde42213	slti	x4,x8,-802	  x8:0x6c6a2086  x4=0x00000000
        6115000	       610	80003b3c	054000ef	jal	x1,80003b3c	  x1=0x80003b3c
        6125000	       611	00000000	00000013	addi	x0,x0,0	  x0:0x00000000
        6135000	       612	80003b8c	00000013	addi	x0,x0,0	  x0:0x00000000
        6145000	       613	80003b90	fe9ff0ef	jal	x1,80003b90	  x1=0x80003b90
        6155000	       614	00000000	00000013	addi	x0,x0,0	  x0:0x00000000
        6165000	       615	80003b74	00000013	addi	x0,x0,0	  x0:0x00000000
        6175000	       616	80003b78	fddffcef	jal	x25,80003b78	 x25=0x80003b78
        6185000	       617	00000000	00000013	addi	x0,x0,0	  x0:0x00000000
        6195000	       618	80003b50	00000013	addi	x0,x0,0	  x0:0x00000000
        6205000	       619	80003b54	0280036f	jal	x6,80003b54	  x6=0x80003b54
        6215000	       620	00000000	00000013	addi	x0,x0,0	  x0:0x00000000
        6225000	       621	80003b78	00000013	addi	x0,x0,0	  x0:0x00000000
        6235000	       622	80003b7c	018000ef	jal	x1,80003b7c	  x1=0x80003b7c
        6245000	       623	00000000	00000013	addi	x0,x0,0	  x0:0x00000000
        6255000	       624	80003b90	00000013	addi	x0,x0,0	  x0:0x00000000
        6265000	       625	80003b94	ff9ff86f	jal	x16,80003b94	 x16=0x80003b94
        6275000	       626	00000000	00000013	addi	x0,x0,0	  x0:0x00000000
        6285000	       627	80003b88	00000013	addi	x0,x0,0	  x0:0x00000000
        6295000	       628	80003b8c	ffdffbef	jal	x23,80003b8c	 x23=0x80003b8c
        6305000	       629	00000000	00000013	addi	x0,x0,0	  x0:0x00000000
        6315000	       630	80003b84	00000013	addi	x0,x0,0	  x0:0x00000000
        6325000	       631	80003b88	fc5ff0ef	jal	x1,80003b88	  x1=0x80003b88
        6335000	       632	00000000	00000013	addi	x0,x0,0	  x0:0x00000000
        6345000	       633	80003b48	00000013	addi	x0,x0,0	  x0:0x00000000
        6355000	       634	80003b4c	ffdff0ef	jal	x1,80003b4c	  x1=0x80003b4c
        6365000	       635	00000000	00000013	addi	x0,x0,0	  x0:0x00000000
        6375000	       636	80003b44	00000013	addi	x0,x0,0	  x0:0x00000000
        6385000	       637	80003b48	0240056f	jal	x10,80003b48	 x10=0x80003b48
        6395000	       638	00000000	00000013	addi	x0,x0,0	  x0:0x00000000
        6405000	       639	80003b68	00000013	addi	x0,x0,0	  x0:0x00000000
        6415000	       640	80003b6c	ff5ff0ef	jal	x1,80003b6c	  x1=0x80003b6c
        6425000	       641	00000000	00000013	addi	x0,x0,0	  x0:0x00000000
        6435000	       642	80003b5c	00000013	addi	x0,x0,0	  x0:0x00000000
        6445000	       643	80003b60	ff1ff0ef	jal	x1,80003b60	  x1=0x80003b60
        6455000	       644	00000000	00000013	addi	x0,x0,0	  x0:0x00000000
        6465000	       645	80003b4c	00000013	addi	x0,x0,0	  x0:0x00000000
        6475000	       646	80003b50	008000ef	jal	x1,80003b50	  x1=0x80003b50
        6485000	       647	00000000	00000013	addi	x0,x0,0	  x0:0x00000000
        6495000	       648	80003b54	00000013	addi	x0,x0,0	  x0:0x00000000
        6505000	       649	80003b58	fe9ff0ef	jal	x1,80003b58	  x1=0x80003b58
        6515000	       650	00000000	00000013	addi	x0,x0,0	  x0:0x00000000
        6525000	       651	80003b3c	00000013	addi	x0,x0,0	  x0:0x00000000
        6535000	       652	80003b40	044000ef	jal	x1,80003b40	  x1=0x80003b40
        6545000	       653	00000000	00000013	addi	x0,x0,0	  x0:0x00000000
        6555000	       654	80003b80	00000013	addi	x0,x0,0	  x0:0x00000000
        6565000	       655	80003b84	ff1ff0ef	jal	x1,80003b84	  x1=0x80003b84
        6575000	       656	00000000	00000013	addi	x0,x0,0	  x0:0x00000000
        6585000	       657	80003b70	00000013	addi	x0,x0,0	  x0:0x00000000
        6595000	       658	80003b74	fe9ff0ef	jal	x1,80003b74	  x1=0x80003b74
        6605000	       659	00000000	00000013	addi	x0,x0,0	  x0:0x00000000
        6615000	       660	80003b58	00000013	addi	x0,x0,0	  x0:0x00000000
        6625000	       661	80003b5c	04c000ef	jal	x1,80003b5c	  x1=0x80003b5c
        6635000	       662	00000000	00000013	addi	x0,x0,0	  x0:0x00000000
        6645000	       663	80003ba4	00000013	addi	x0,x0,0	  x0:0x00000000
        6655000	       664	80003ba8	fbdff1ef	jal	x3,80003ba8	  x3=0x80003ba8
        6665000	       665	00000000	00000013	addi	x0,x0,0	  x0:0x00000000
        6675000	       666	80003b60	00000013	addi	x0,x0,0	  x0:0x00000000
        6685000	       667	80003b64	0040036f	jal	x6,80003b64	  x6=0x80003b64
        6695000	       668	00000000	00000013	addi	x0,x0,0	  x0:0x00000000
        6705000	       669	80003b64	00000013	addi	x0,x0,0	  x0:0x00000000
        6715000	       670	80003b68	03c000ef	jal	x1,80003b68	  x1=0x80003b68
        6725000	       671	00000000	00000013	addi	x0,x0,0	  x0:0x00000000
        6735000	       672	80003ba0	00000013	addi	x0,x0,0	  x0:0x00000000
        6745000	       673	80003ba4	fa1ff36f	jal	x6,80003ba4	  x6=0x80003ba4
        6755000	       674	00000000	00000013	addi	x0,x0,0	  x0:0x00000000
        6765000	       675	80003b40	00000013	addi	x0,x0,0	  x0:0x00000000
        6775000	       676	80003b44	05c000ef	jal	x1,80003b44	  x1=0x80003b44
        6785000	       677	00000000	00000013	addi	x0,x0,0	  x0:0x00000000
        6795000	       678	80003b9c	00000013	addi	x0,x0,0	  x0:0x00000000
        6805000	       679	80003ba0	fd1ff0ef	jal	x1,80003ba0	  x1=0x80003ba0
        6815000	       680	00000000	00000013	addi	x0,x0,0	  x0:0x00000000
        6825000	       681	80003b6c	00000013	addi	x0,x0,0	  x0:0x00000000
        6835000	       682	80003b70	02800def	jal	x27,80003b70	 x27=0x80003b70
        6845000	       683	00000000	00000013	addi	x0,x0,0	  x0:0x00000000
        6855000	       684	80003b94	00000013	addi	x0,x0,0	  x0:0x00000000
        6865000	       685	80003b98	004000ef	jal	x1,80003b98	  x1=0x80003b98
        6875000	       686	00000000	00000013	addi	x0,x0,0	  x0:0x00000000
        6885000	       687	80003b98	00000013	addi	x0,x0,0	  x0:0x00000000
        6895000	       688	80003b9c	fe5ff4ef	jal	x9,80003b9c	  x9=0x80003b9c
        6905000	       689	00000000	00000013	addi	x0,x0,0	  x0:0x00000000
        6915000	       690	80003b7c	00000013	addi	x0,x0,0	  x0:0x00000000
        6925000	       691	80003b80	02c000ef	jal	x1,80003b80	  x1=0x80003b80
        6935000	       692	00000000	00000013	addi	x0,x0,0	  x0:0x00000000
        6945000	       693	80003ba8	00000013	addi	x0,x0,0	  x0:0x00000000
        6955000	       694	80003bac	e1fafb93	andi	x23,x21,-481	 x21:0x800039c8 x23=0x80003808
        6965000	       695	80003bb0	00d48533	add	x10,x9,x13	  x9:0x80003b9c x13:0xe6a5c647 x10=0x66a601e3
        6975000	       696	80003bb4	0152e833	or	x16,x5,x21	  x5:0x80003a04 x21:0x800039c8 x16=0x80003bcc
        6985000	       697	80003bb8	01f94833	xor	x16,x18,x31	 x18:0x80009f60 x31:0x80003a28 x16=0x0000a548
        6995000	       698	80003bbc	4094df93	srai	x31,x9,0x9	  x9:0x80003b9c x31=0xffc0001d
        7005000	       699	80003bc0	01fb8133	add	x2,x23,x31	 x23:0x80003808 x31:0xffc0001d  x2=0x7fc03825
        7015000	       700	80003bc4	8860a293	slti	x5,x1,-1914	  x1:0x80003b80  x5=0x00000001
        7025000	       701	80003bc8	019393b3	sll	x7,x7,x25	  x7:0x00000006 x25:0x80003b78  x7=0x06000000
        7035000	       702	80003bcc	401a0e33	sub	x28,x20,x1	 x20:0x8000399c  x1:0x80003b80 x28=0xfffffe1c
        7045000	       703	80003bd0	03c07c63	bgeu	x0,x28,80003c08	  x0:0x00000000 x28:0xfffffe1c
        7055000	       704	80003bd4	00ea7313	andi	x6,x20,14	 x20:0x8000399c  x6=0x0000000c
        7065000	       705	80003bd8	01be88b3	add	x17,x29,x27	 x29:0x800039d8 x27:0x80003b70 x17=0x00007548
        7075000	       706	80003bdc	04510063	beq	x2,x5,80003c1c	  x2:0x7fc03825  x5:0x00000001
        7085000	       707	80003be0	20bfcf13	xori	x30,x31,523	 x31:0xffc0001d x30=0xffc00216
        7095000	       708	80003be4	00551663	bne	x10,x5,80003bf0	 x10:0x66a601e3  x5:0x00000001
        7105000	       709	00000000	00000013	addi	x0,x0,0	  x0:0x00000000
        7115000	       710	80003bec	00000013	addi	x0,x0,0	  x0:0x00000000
        7125000	       711	80003bf0	549fb637	lui	x12,0x549fb	 x12=0x549fb000
        7135000	       712	80003bf4	8984b193	sltiu	x3,x9,-1896	  x9:0x80003b9c  x3=0x00000001
        7145000	       713	80003bf8	018c1033	sll	x0,x24,x24	 x24:0x80003ad0 x24:0x80003ad0
        7155000	       714	80003bfc	011aee63	bltu	x21,x17,80003c18	 x21:0x800039c8 x17:0x00007548
        7165000	       715	80003c00	01f46133	or	x2,x8,x31	  x8:0x6c6a2086 x31:0xffc0001d  x2=0xffea209f
        7175000	       716	80003c04	b66fb893	sltiu	x17,x31,-1178	 x31:0xffc0001d x17=0x00000001
        7185000	       717	80003c08	046fd663	bge	x31,x6,80003c54	 x31:0xffc0001d  x6:0x0000000c
        7195000	       718	80003c0c	00096633	or	x12,x18,x0	 x18:0x80009f60  x0:0x00000000 x12=0x80009f60
        7205000	       719	80003c10	e4e8d317	auipc	x6,0xe4e8d	  x6=0x64e90c0c
        7215000	       720	80003c14	cd7b6793	ori	x15,x22,-809	 x22:0xfffdcf42 x15=0xffffffd7
        7225000	       721	80003c18	0018b8b3	sltu	x17,x17,x1	 x17:0x00000001  x1:0x80003b80 x17=0x00000001
        7235000	       722	80003c1c	0461d263	bge	x3,x6,80003c60	  x3:0x00000001  x6:0x64e90c0c
        7245000	       723	80003c20	7a520813	addi	x16,x4,1957	  x4:0x00000000 x16=0x000007a5
        7255000	       724	80003c24	01822b33	slt	x22,x4,x24	  x4:0x00000000 x24:0x80003ad0 x22=0x00000000
        7265000	       725	80003c28	01d4d393	srli	x7,x9,0x1d	  x9:0x80003b9c  x7=0x00000004
        7275000	       726	80003c2c	7e567f93	andi	x31,x12,2021	 x12:0x80009f60 x31=0x00000760
        7285000	       727	80003c30	00000013	addi	x0,x0,0	  x0:0x00000000
        7295000	       728	80003c34	018e8633	add	x12,x29,x24	 x29:0x800039d8 x24:0x80003ad0 x12=0x000074a8
        7305000	       729	80003c38	13c4ce13	xori	x28,x9,316	  x9:0x80003b9c x28=0x80003aa0
        7315000	       730	80003c3c	054b9097	auipc	x1,0x54b9	  x1=0x854bcc38
        7325000	       731	80003c40	000bf633	and	x12,x23,x0	 x23:0x80003808  x0:0x00000000 x12=0x00000000
        7335000	       732	80003c44	00938c63	beq	x7,x9,80003c5c	  x7:0x00000004  x9:0x80003b9c
        7345000	       733	80003c48	00a65b33	srl	x22,x12,x10	 x12:0x00000000 x10:0x66a601e3 x22=0x00000000
        7355000	       734	80003c4c	40b15e93	srai	x29,x2,0xb	  x2:0xffea209f x29=0xfffffd44
        7365000	       735	80003c50	04558063	beq	x11,x5,80003c90	 x11:0xf0398f7a  x5:0x00000001
        7375000	       736	80003c54	2bcf5ab7	lui	x21,0x2bcf5	 x21=0x2bcf5000
        7385000	       737	80003c58	01f827b3	slt	x15,x16,x31	 x16:0x000007a5 x31:0x00000760 x15=0x00000000
        7395000	       738	80003c5c	03de8663	beq	x29,x29,80003c88	 x29:0xfffffd44 x29:0xfffffd44
        7405000	       739	00000000	00000013	addi	x0,x0,0	  x0:0x00000000
        7415000	       740	80003c84	00000013	addi	x0,x0,0	  x0:0x00000000
        7425000	       741	80003c88	00011ab3	sll	x21,x2,x0	  x2:0xffea209f  x0:0x00000000 x21=0xffea209f
        7435000	       742	80003c8c	41898cb3	sub	x25,x19,x24	 x19:0x80003a08 x24:0x80003ad0 x25=0xffffff38
        7445000	       743	80003c90	00f2aeb3	slt	x29,x5,x15	  x5:0x00000001 x15:0x00000000 x29=0x00000000
        7455000	       744	80003c94	0389d063	bge	x19,x24,80003cb4	 x19:0x80003a08 x24:0x80003ad0
        7465000	       745	80003c98	40308233	sub	x4,x1,x3	  x1:0x854bcc38  x3:0x00000001  x4=0x854bcc37
        7475000	       746	80003c9c	051ce863	bltu	x25,x17,80003cec	 x25:0xffffff38 x17:0x00000001
        7485000	       747	80003ca0	01fa0b33	add	x22,x20,x31	 x20:0x8000399c x31:0x00000760 x22=0x800040fc
        7495000	       748	80003ca4	6a88b0b7	lui	x1,0x6a88b	  x1=0x6a88b000
        7505000	       749	80003ca8	0169e5b3	or	x11,x19,x22	 x19:0x80003a08 x22:0x800040fc x11=0x80007afc
        7515000	       750	80003cac	01578733	add	x14,x15,x21	 x15:0x00000000 x21:0xffea209f x14=0xffea209f
        7525000	       751	80003cb0	41dcd533	sra	x10,x25,x29	 x25:0xffffff38 x29:0x00000000 x10=0xffffff38
        7535000	       752	80003cb4	02221063	bne	x4,x2,80003cd4	  x4:0x854bcc37  x2:0xffea209f
        7545000	       753	00000000	00000013	addi	x0,x0,0	  x0:0x00000000
        7555000	       754	80003cd0	00000013	addi	x0,x0,0	  x0:0x00000000
        7565000	       755	80003cd4	40535313	srai	x6,x6,0x5	  x6:0x64e90c0c  x6=0x03274860
        7575000	       756	80003cd8	41e2dc13	srai	x24,x5,0x1e	  x5:0x00000001 x24=0x00000000
        7585000	       757	80003cdc	0283d263	bge	x7,x8,80003d00	  x7:0x00000004  x8:0x6c6a2086
        7595000	       758	80003ce0	00465993	srli	x19,x12,0x4	 x12:0x00000000 x19=0x00000000
        7605000	       759	80003ce4	405dd713	srai	x14,x27,0x5	 x27:0x80003b70 x14=0xfc0001db
        7615000	       760	80003ce8	c490af37	lui	x30,0xc490a	 x30=0xc490a000
        7625000	       761	80003cec	010fc6b3	xor	x13,x31,x16	 x31:0x00000760 x16:0x000007a5 x13=0x000000c5
        7635000	       762	80003cf0	00000013	addi	x0,x0,0	  x0:0x00000000
        7645000	       763	80003cf4	00687333	and	x6,x16,x6	 x16:0x000007a5  x6:0x03274860  x6=0x00000020
        7655000	       764	80003cf8	40285513	srai	x10,x16,0x2	 x16:0x000007a5 x10=0x000001e9
        7665000	       765	80003cfc	41288f33	sub	x30,x17,x18	 x17:0x00000001 x18:0x80009f60 x30=0x7fff60a1
        7675000	       766	80003d00	4039d993	srai	x19,x19,0x3	 x19:0x00000000 x19=0x00000000
        7685000	       767	80003d04	01cd5293	srli	x5,x26,0x1c	 x26:0x80009fc4  x5=0x00000008
        7695000	       768	80003d08	05c10e93	addi	x29,x2,92	  x2:0xffea209f x29=0xffea20fb
        7705000	       769	80003d0c	04e21863	bne	x4,x14,80003d5c	  x4:0x854bcc37 x14:0xfc0001db
        7715000	       770	00000000	00000013	addi	x0,x0,0	  x0:0x00000000
        7725000	       771	80003d58	00000013	addi	x0,x0,0	  x0:0x00000000
        7735000	       772	80003d5c	00620a63	beq	x4,x6,80003d70	  x4:0x854bcc37  x6:0x00000020
        7745000	       773	80003d60	0011e1b3	or	x3,x3,x1	  x3:0x00000001  x1:0x6a88b000  x3=0x6a88b001
        7755000	       774	80003d64	01605c93	srli	x25,x0,0x16	  x0:0x00000000 x25=0x00000000
        7765000	       775	80003d68	046ff463	bgeu	x31,x6,80003db0	 x31:0x00000760  x6:0x00000020
        7775000	       776	00000000	00000013	addi	x0,x0,0	  x0:0x00000000
        7785000	       777	80003dac	00000013	addi	x0,x0,0	  x0:0x00000000
        7795000	       778	80003db0	41d7d633	sra	x12,x15,x29	 x15:0x00000000 x29:0xffea20fb x12=0x00000000
        7805000	       779	80003db4	d95fdc97	auipc	x25,0xd95fd	 x25=0x59600db0
        7815000	       780	80003db8	0026c533	xor	x10,x13,x2	 x13:0x000000c5  x2:0xffea209f x10=0xffea205a
        7825000	       781	80003dbc	01c8c833	xor	x16,x17,x28	 x17:0x00000001 x28:0x80003aa0 x16=0x80003aa1
        7835000	       782	80003dc0	0194da13	srli	x20,x9,0x19	  x9:0x80003b9c x20=0x00000040
        7845000	       783	80003dc4	bb57fc93	andi	x25,x15,-1099	 x15:0x00000000 x25=0x00000000
        7855000	       784	80003dc8	00000013	addi	x0,x0,0	  x0:0x00000000
        7865000	       785	80003dcc	01292333	slt	x6,x18,x18	 x18:0x80009f60 x18:0x80009f60  x6=0x00000000
        7875000	       786	80003dd0	02a9ca63	blt	x19,x10,80003e04	 x19:0x00000000 x10:0xffea205a
        7885000	       787	80003dd4	04256463	bltu	x10,x2,80003e1c	 x10:0xffea205a  x2:0xffea209f
        7895000	       788	00000000	00000013	addi	x0,x0,0	  x0:0x00000000
        7905000	       789	80003e18	00000013	addi	x0,x0,0	  x0:0x00000000
        7915000	       790	80003e1c	01404db3	xor	x27,x0,x20	  x0:0x00000000 x20:0x00000040 x27=0x00000040
        7925000	       791	80003e20	aa093a93	sltiu	x21,x18,-1376	 x18:0x80009f60 x21=0x00000001
        7935000	       792	80003e24	011627b3	slt	x15,x12,x17	 x12:0x00000000 x17:0x00000001 x15=0x00000001
        7945000	       793	80003e28	753b3213	sltiu	x4,x22,1875	 x22:0x800040fc  x4=0x00000000
        7955000	       794	80003e2c	017b69b3	or	x19,x22,x23	 x22:0x800040fc x23:0x80003808 x19=0x800078fc
        7965000	       795	80003e30	01029a63	bne	x5,x16,80003e44	  x5:0x00000008 x16:0x80003aa1
        7975000	       796	00000000	00000013	addi	x0,x0,0	  x0:0x00000000
        7985000	       797	80003e40	00000013	addi	x0,x0,0	  x0:0x00000000
        7995000	       798	80003e44	01f10663	beq	x2,x31,80003e50	  x2:0xffea209f x31:0x00000760
        8005000	       799	80003e48	d21f8293	addi	x5,x31,-735	 x31:0x00000760  x5=0x00000481
        8015000	       800	80003e4c	f4be3793	sltiu	x15,x28,-181	 x28:0x80003aa0 x15=0x00000001
        8025000	       801	80003e50	01b928b3	slt	x17,x18,x27	 x18:0x80009f60 x27:0x00000040 x17=0x00000001
        8035000	       802	80003e54	01f9ea63	bltu	x19,x31,80003e68	 x19:0x800078fc x31:0x00000760
        8045000	       803	80003e58	00a076b3	and	x13,x0,x10	  x0:0x00000000 x10:0xffea205a x13=0x00000000
        8055000	       804	80003e5c	40b60033	sub	x0,x12,x11	 x12:0x00000000 x11:0x80007afc
        8065000	       805	80003e60	01aa4eb3	xor	x29,x20,x26	 x20:0x00000040 x26:0x80009fc4 x29=0x80009f84
        8075000	       806	80003e64	01e12a33	slt	x20,x2,x30	  x2:0xffea209f x30:0x7fff60a1 x20=0x00000001
        8085000	       807	80003e68	00000013	addi	x0,x0,0	  x0:0x00000000
        8095000	       808	80003e6c	00000013	addi	x0,x0,0	  x0:0x00000000
        8105000	       809	80003e70	0467e863	bltu	x15,x6,80003ec0	 x15:0x00000001  x6:0x00000000
        8115000	       810	80003e74	000fd233	srl	x4,x31,x0	 x31:0x00000760  x0:0x00000000  x4=0x00000760
        8125000	       811	80003e78	0196ea33	or	x20,x13,x25	 x13:0x00000000 x25:0x00000000 x20=0x00000000
        8135000	       812	80003e7c	4324aa13	slti	x20,x9,1074	  x9:0x80003b9c x20=0x00000001
        8145000	       813	80003e80	003c7663	bgeu	x24,x3,80003e8c	 x24:0x00000000  x3:0x6a88b001
        8155000	       814	80003e84	00391a93	slli	x21,x18,0x3	 x18:0x80009f60 x21=0x0004fb00
        8165000	       815	80003e88	2fb67113	andi	x2,x12,763	 x12:0x00000000  x2=0x00000000
        8175000	       816	80003e8c	03950a63	beq	x10,x25,80003ec0	 x10:0xffea205a x25:0x00000000
        8185000	       817	80003e90	0286fc63	bgeu	x13,x8,80003ec8	 x13:0x00000000  x8:0x6c6a2086
        8195000	       818	80003e94	005e20b3	slt	x1,x28,x5	 x28:0x80003aa0  x5:0x00000481  x1=0x00000001
        8205000	       819	80003e98	8eb952b7	lui	x5,0x8eb95	  x5=0x8eb95000
        8215000	       820	80003e9c	009252b3	srl	x5,x4,x9	  x4:0x00000760  x9:0x80003b9c  x5=0x00000000
        8225000	       821	80003ea0	a0b3b613	sltiu	x12,x7,-1525	  x7:0x00000004 x12=0x00000001
        8235000	       822	80003ea4	14f00e13	addi	x28,x0,335	  x0:0x00000000 x28=0x0000014f
        8245000	       823	80003ea8	010f94b3	sll	x9,x31,x16	 x31:0x00000760 x16:0x80003aa1  x9=0x00000ec0
        8255000	       824	80003eac	41605e13	srai	x28,x0,0x16	  x0:0x00000000 x28=0x00000000
        8265000	       825	80003eb0	003c6e63	bltu	x24,x3,80003ecc	 x24:0x00000000  x3:0x6a88b001
        8275000	       826	00000000	00000013	addi	x0,x0,0	  x0:0x00000000
        8285000	       827	80003ec8	00000013	addi	x0,x0,0	  x0:0x00000000
        8295000	       828	80003ecc	00ff59b3	srl	x19,x30,x15	 x30:0x7fff60a1 x15:0x00000001 x19=0x3fffb050
        8305000	       829	80003ed0	00cb6733	or	x14,x22,x12	 x22:0x800040fc x12:0x00000001 x14=0x800040fd
        8315000	       830	80003ed4	00945993	srli	x19,x8,0x9	  x8:0x6c6a2086 x19=0x00363510
        8325000	       831	80003ed8	00270733	add	x14,x14,x2	 x14:0x800040fd  x2:0x00000000 x14=0x800040fd
        8335000	       832	80003edc	4c6c7e13	andi	x28,x24,1222	 x24:0x00000000 x28=0x00000000
        8345000	       833	80003ee0	67c6f993	andi	x19,x13,1660	 x13:0x00000000 x19=0x00000000
        8355000	       834	80003ee4	52652313	slti	x6,x10,1318	 x10:0xffea205a  x6=0x00000001
        8365000	       835	80003ee8	00ceacb3	slt	x25,x29,x12	 x29:0x80009f84 x12:0x00000001 x25=0x00000001
        8375000	       836	80003eec	e67ef213	andi	x4,x29,-409	 x29:0x80009f84  x4=0x80009e04
        8385000	       837	80003ef0	03dac263	blt	x21,x29,80003f14	 x21:0x0004fb00 x29:0x80009f84
        8395000	       838	80003ef4	00b930b3	sltu	x1,x18,x11	 x18:0x80009f60 x11:0x80007afc  x1=0x00000000
        8405000	       839	80003ef8	00ee9463	bne	x29,x14,80003f00	 x29:0x80009f84 x14:0x800040fd
        8415000	       840	00000000	00000013	addi	x0,x0,0	  x0:0x00000000
        8425000	       841	80003efc	00000013	addi	x0,x0,0	  x0:0x00000000
        8435000	       842	80003f00	05bf4663	blt	x30,x27,80003f4c	 x30:0x7fff60a1 x27:0x00000040
        8445000	       843	80003f04	01261c63	bne	x12,x18,80003f1c	 x12:0x00000001 x18:0x80009f60
        8455000	       844	00000000	00000013	addi	x0,x0,0	  x0:0x00000000
        8465000	       845	80003f18	00000013	addi	x0,x0,0	  x0:0x00000000
        8475000	       846	80003f1c	01bb9713	slli	x14,x23,0x1b	 x23:0x80003808 x14=0x40000000
        8485000	       847	80003f20	00419893	slli	x17,x3,0x4	  x3:0x6a88b001 x17=0xa88b0010
        8495000	       848	80003f24	00c67333	and	x6,x12,x12	 x12:0x00000001 x12:0x00000001  x6=0x00000001
        8505000	       849	80003f28	00000013	addi	x0,x0,0	  x0:0x00000000
        8515000	       850	80003f2c	05a9e263	bltu	x19,x26,80003f70	 x19:0x00000000 x26:0x80009fc4
        8525000	       851	00000000	00000013	addi	x0,x0,0	  x0:0x00000000
        8535000	       852	80003f6c	00000013	addi	x0,x0,0	  x0:0x00000000
        8545000	       853	80003f70	4065d633	sra	x12,x11,x6	 x11:0x80007afc  x6:0x00000001 x12=0xc0003d7e
        8555000	       854	80003f74	01e47a63	bgeu	x8,x30,80003f88	  x8:0x6c6a2086 x30:0x7fff60a1
        8565000	       855	80003f78	004bd133	srl	x2,x23,x4	 x23:0x80003808  x4:0x80009e04  x2=0x08000380
        8575000	       856	80003f7c	052d7063	bgeu	x26,x18,80003fbc	 x26:0x80009fc4 x18:0x80009f60
        8585000	       857	00000000	00000013	addi	x0,x0,0	  x0:0x00000000
        8595000	       858	80003fb8	00000013	addi	x0,x0,0	  x0:0x00000000
        8605000	       859	80003fbc	01dd8e33	add	x28,x27,x29	 x27:0x00000040 x29:0x80009f84 x28=0x80009fc4
        8615000	       860	80003fc0	3ca12b93	slti	x23,x2,970	  x2:0x08000380 x23=0x00000000
        8625000	       861	80003fc4	fa4be313	ori	x6,x23,-92	 x23:0x00000000  x6=0xffffffa4
        8635000	       862	80003fc8	2d94eb93	ori	x23,x9,729	  x9:0x00000ec0 x23=0x00000ed9
        8645000	       863	80003fcc	7cd30737	lui	x14,0x7cd30	 x14=0x7cd30000
        8655000	       864	80003fd0	f6dbe713	ori	x14,x23,-147	 x23:0x00000ed9 x14=0xfffffffd
        8665000	       865	80003fd4	005a8133	add	x2,x21,x5	 x21:0x0004fb00  x5:0x00000000  x2=0x0004fb00
        8675000	       866	80003fd8	01d94eb3	xor	x29,x18,x29	 x18:0x80009f60 x29:0x80009f84 x29=0x000000e4
        8685000	       867	80003fdc	00a1f1b3	and	x3,x3,x10	  x3:0x6a88b001 x10:0xffea205a  x3=0x6a882000
        8695000	       868	80003fe0	00ce5533	srl	x10,x28,x12	 x28:0x80009fc4 x12:0xc0003d7e x10=0x00000002
        8705000	       869	80003fe4	000e5f93	srli	x31,x28,0x0	 x28:0x80009fc4 x31=0x80009fc4
        8715000	       870	80003fe8	40c906b3	sub	x13,x18,x12	 x18:0x80009f60 x12:0xc0003d7e x13=0xc00061e2
        8725000	       871	80003fec	408e0833	sub	x16,x28,x8	 x28:0x80009fc4  x8:0x6c6a2086 x16=0x13967f3e
        8735000	       872	80003ff0	41248db3	sub	x27,x9,x18	  x9:0x00000ec0 x18:0x80009f60 x27=0x7fff6f60
        8745000	       873	80003ff4	0111dbb3	srl	x23,x3,x17	  x3:0x6a882000 x17:0xa88b0010 x23=0x00006a88
        8755000	       874	80003ff8	0003dbb3	srl	x23,x7,x0	  x7:0x00000004  x0:0x00000000 x23=0x00000004
        8765000	       875	80003ffc	406b5513	srai	x10,x22,0x6	 x22:0x800040fc x10=0xfe000103
        8775000	       876	80004000	7ca57513	andi	x10,x10,1994	 x10:0xfe000103 x10=0x00000102
        8785000	       877	80004004	e7032697	auipc	x13,0xe7032	 x13=0x67036000
        8795000	       878	80004008	5db6a613	slti	x12,x13,1499	 x13:0x67036000 x12=0x00000000
        8805000	       879	8000400c	00769213	slli	x4,x13,0x7	 x13:0x67036000  x4=0x81b00000
        8815000	       880	80004010	05c7fa93	andi	x21,x15,92	 x15:0x00000001 x21=0x00000000
        8825000	       881	80004014	009708b3	add	x17,x14,x9	 x14:0xfffffffd  x9:0x00000ec0 x17=0x00000ebd
        8835000	       882	80004018	0066a9b3	slt	x19,x13,x6	 x13:0x67036000  x6:0xffffffa4 x19=0x00000000
        8845000	       883	8000401c	46ee6393	ori	x7,x28,1134	 x28:0x80009fc4  x7=0x80009fee
        8855000	       884	80004020	00130463	beq	x6,x1,80004028	  x6:0xffffffa4  x1:0x00000000
        8865000	       885	80004024	0318ca63	blt	x17,x17,80004058	 x17:0x00000ebd x17:0x00000ebd
        8875000	       886	80004028	07b89663	bne	x17,x27,80004094	 x17:0x00000ebd x27:0x7fff6f60
        8885000	       887	00000000	00000013	addi	x0,x0,0	  x0:0x00000000
        8895000	       888	80004090	00000013	addi	x0,x0,0	  x0:0x00000000
        8905000	       889	80004094	406a8ab3	sub	x21,x21,x6	 x21:0x00000000  x6:0xffffffa4 x21=0x0000005c
        8915000	       890	80004098	76d9fc13	andi	x24,x19,1901	 x19:0x00000000 x24=0x00000000
        8925000	       891	8000409c	de022d97	auipc	x27,0xde022	 x27=0x5e026098
        8935000	       892	800040a0	05395863	bge	x18,x19,800040f0	 x18:0x80009f60 x19:0x00000000
        8945000	       893	800040a4	0103dc13	srli	x24,x7,0x10	  x7:0x80009fee x24=0x00008000
        8955000	       894	800040a8	85a936b7	lui	x13,0x85a93	 x13=0x85a93000
        8965000	       895	800040ac	41c581b3	sub	x3,x11,x28	 x11:0x80007afc x28:0x80009fc4  x3=0xffffdb38
        8975000	       896	800040b0	0fa66817	auipc	x16,0xfa66	 x16=0x8fa6a0ac
        8985000	       897	800040b4	67e62db7	lui	x27,0x67e62	 x27=0x67e62000
        8995000	       898	800040b8	41d20bb3	sub	x23,x4,x29	  x4:0x81b00000 x29:0x000000e4 x23=0x81afff1c
        9005000	       899	800040bc	411a5db3	sra	x27,x20,x17	 x20:0x00000001 x17:0x00000ebd x27=0x00000000
        9015000	       900	800040c0	c33d2a93	slti	x21,x26,-973	 x26:0x80009fc4 x21=0x00000001
        9025000	       901	800040c4	01f61693	slli	x13,x12,0x1f	 x12:0x00000000 x13=0x00000000
        9035000	       902	800040c8	01607733	and	x14,x0,x22	  x0:0x00000000 x22:0x800040fc x14=0x00000000
        9045000	       903	800040cc	01d10a63	beq	x2,x29,800040e0	  x2:0x0004fb00 x29:0x000000e4
        9055000	       904	800040d0	00294463	blt	x18,x2,800040d8	 x18:0x80009f60  x2:0x0004fb00
        9065000	       905	00000000	00000013	addi	x0,x0,0	  x0:0x00000000
        9075000	       906	800040d4	00000013	addi	x0,x0,0	  x0:0x00000000
        9085000	       907	800040d8	016f9733	sll	x14,x31,x22	 x31:0x80009fc4 x22:0x800040fc x14=0x40000000
        9095000	       908	800040dc	8572a513	slti	x10,x5,-1961	  x5:0x00000000 x10=0x00000000
        9105000	       909	800040e0	1a90a013	slti	x0,x1,425	  x1:0x00000000
        9115000	       910	800040e4	01f8ceb3	xor	x29,x17,x31	 x17:0x00000ebd x31:0x80009fc4 x29=0x80009179
        9125000	       911	800040e8	0528f063	bgeu	x17,x18,80004128	 x17:0x00000ebd x18:0x80009f60
        9135000	       912	800040ec	02c5cc63	blt	x11,x12,80004124	 x11:0x80007afc x12:0x00000000
        9145000	       913	00000000	00000013	addi	x0,x0,0	  x0:0x00000000
        9155000	       914	80004120	00000013	addi	x0,x0,0	  x0:0x00000000
        9165000	       915	80004124	4045d533	sra	x10,x11,x4	 x11:0x80007afc  x4:0x81b00000 x10=0x80007afc
        9175000	       916	80004128	c3f32797	auipc	x15,0xc3f32	 x15=0x43f36124
        9185000	       917	8000412c	00ef1893	slli	x17,x30,0xe	 x30:0x7fff60a1 x17=0xd8284000
        9195000	       918	80004130	404e84b3	sub	x9,x29,x4	 x29:0x80009179  x4:0x81b00000  x9=0xfe509179
        9205000	       919	80004134	01f859b3	srl	x19,x16,x31	 x16:0x8fa6a0ac x31:0x80009fc4 x19=0x08fa6a0a
        9215000	       920	80004138	01c683b3	add	x7,x13,x28	 x13:0x00000000 x28:0x80009fc4  x7=0x80009fc4
        9225000	       921	8000413c	40a68833	sub	x16,x13,x10	 x13:0x00000000 x10:0x80007afc x16=0x7fff8504
        9235000	       922	80004140	416fd213	srai	x4,x31,0x16	 x31:0x80009fc4  x4=0xfffffe00
        9245000	       923	80004144	0021ccb3	xor	x25,x3,x2	  x3:0xffffdb38  x2:0x0004fb00 x25=0xfffb2038
        9255000	       924	80004148	008d2133	slt	x2,x26,x8	 x26:0x80009fc4  x8:0x6c6a2086  x2=0x00000001
        9265000	       925	8000414c	4125d333	sra	x6,x11,x18	 x11:0x80007afc x18:0x80009f60  x6=0x80007afc
        9275000	       926	80004150	01b8e463	bltu	x17,x27,80004158	 x17:0xd8284000 x27:0x00000000
        9285000	       927	80004154	4d44ccb7	lui	x25,0x4d44c	 x25=0x4d44c000
        9295000	       928	80004158	002d5593	srli	x11,x26,0x2	 x26:0x80009fc4 x11=0x200027f1
        9305000	       929	8000415c	01b670b3	and	x1,x12,x27	 x12:0x00000000 x27:0x00000000  x1=0x00000000
        9315000	       930	80004160	76584b13	xori	x22,x16,1893	 x16:0x7fff8504 x22=0x7fff8261
        9325000	       931	80004164	00fd0233	add	x4,x26,x15	 x26:0x80009fc4 x15:0x43f36124  x4=0xc3f400e8
        9335000	       932	80004168	00d6d663	bge	x13,x13,80004174	 x13:0x00000000 x13:0x00000000
        9345000	       933	00000000	00000013	addi	x0,x0,0	  x0:0x00000000
        9355000	       934	80004170	00000013	addi	x0,x0,0	  x0:0x00000000
        9365000	       935	80004174	41dd5813	srai	x16,x26,0x1d	 x26:0x80009fc4 x16=0xfffffffc
        9375000	       936	80004178	41c6d513	srai	x10,x13,0x1c	 x13:0x00000000 x10=0x00000000
        9385000	       937	8000417c	0090c6b3	xor	x13,x1,x9	  x1:0x00000000  x9:0xfe509179 x13=0xfe509179
        9395000	       938	80004180	01763e33	sltu	x28,x12,x23	 x12:0x00000000 x23:0x81afff1c x28=0x00000001
        9405000	       939	80004184	408fd693	srai	x13,x31,0x8	 x31:0x80009fc4 x13=0xff80009f
        9415000	       940	80004188	a3991b17	auipc	x22,0xa3991	 x22=0x23995184
        9425000	       941	8000418c	015a9293	slli	x5,x21,0x15	 x21:0x00000001  x5=0x00200000
        9435000	       942	80004190	0070f4b3	and	x9,x1,x7	  x1:0x00000000  x7:0x80009fc4  x9=0x00000000
        9445000	       943	80004194	013e3fb3	sltu	x31,x28,x19	 x28:0x00000001 x19:0x08fa6a0a x31=0x00000001
        9455000	       944	80004198	4a793717	auipc	x14,0x4a793	 x14=0xca797194
        9465000	       945	8000419c	011b4263	blt	x22,x17,800041a0	 x22:0x23995184 x17:0xd8284000
        9475000	       946	800041a0	039f4063	blt	x30,x25,800041c0	 x30:0x7fff60a1 x25:0x4d44c000
        9485000	       947	800041a4	04c3d063	bge	x7,x12,800041e4	  x7:0x80009fc4 x12:0x00000000
        9495000	       948	800041a8	01fe6033	or	x0,x28,x31	 x28:0x00000001 x31:0x00000001
        9505000	       949	800041ac	0aadb613	sltiu	x12,x27,170	 x27:0x00000000 x12=0x00000001
        9515000	       950	800041b0	54d27c13	andi	x24,x4,1357	  x4:0xc3f400e8 x24=0x00000048
        9525000	       951	800041b4	40835c13	srai	x24,x6,0x8	  x6:0x80007afc x24=0xff80007a
        9535000	       952	800041b8	010c5f93	srli	x31,x24,0x10	 x24:0xff80007a x31=0x0000ff80
        9545000	       953	800041bc	00d69a63	bne	x13,x13,800041d0	 x13:0xff80009f x13:0xff80009f
        9555000	       954	800041c0	05624663	blt	x4,x22,8000420c	  x4:0xc3f400e8 x22:0x23995184
        9565000	       955	00000000	00000013	addi	x0,x0,0	  x0:0x00000000
        9575000	       956	80004208	00000013	addi	x0,x0,0	  x0:0x00000000
        9585000	       957	8000420c	00dea9b3	slt	x19,x29,x13	 x29:0x80009179 x13:0xff80009f x19=0x00000001
        9595000	       958	80004210	052fc463	blt	x31,x18,80004258	 x31:0x0000ff80 x18:0x80009f60
        9605000	       959	80004214	02b80c63	beq	x16,x11,8000424c	 x16:0xfffffffc x11:0x200027f1
        9615000	       960	80004218	419f0f33	sub	x30,x30,x25	 x30:0x7fff60a1 x25:0x4d44c000 x30=0x32baa0a1
        9625000	       961	8000421c	00000013	addi	x0,x0,0	  x0:0x00000000
        9635000	       962	80004220	010bc663	blt	x23,x16,8000422c	 x23:0x81afff1c x16:0xfffffffc
        9645000	       963	00000000	00000013	addi	x0,x0,0	  x0:0x00000000
        9655000	       964	80004228	00000013	addi	x0,x0,0	  x0:0x00000000
        9665000	       965	8000422c	01fdde33	srl	x28,x27,x31	 x27:0x00000000 x31:0x0000ff80 x28=0x00000000
        9675000	       966	80004230	c08a8813	addi	x16,x21,-1016	 x21:0x00000001 x16=0xfffffc09
        9685000	       967	80004234	0153fdb3	and	x27,x7,x21	  x7:0x80009fc4 x21:0x00000001 x27=0x00000000
        9695000	       968	80004238	d7947193	andi	x3,x8,-647	  x8:0x6c6a2086  x3=0x6c6a2000
        9705000	       969	8000423c	00af7833	and	x16,x30,x10	 x30:0x32baa0a1 x10:0x00000000 x16=0x00000000
        9715000	       970	80004240	38d7a193	slti	x3,x15,909	 x15:0x43f36124  x3=0x00000000
        9725000	       971	80004244	f1aee893	ori	x17,x29,-230	 x29:0x80009179 x17=0xffffff7b
        9735000	       972	80004248	01bcec63	bltu	x25,x27,80004260	 x25:0x4d44c000 x27:0x00000000
        9745000	       973	8000424c	4029d133	sra	x2,x19,x2	 x19:0x00000001  x2:0x00000001  x2=0x00000000
        9755000	       974	80004250	010bd513	srli	x10,x23,0x10	 x23:0x81afff1c x10=0x000081af
        9765000	       975	80004254	01192cb3	slt	x25,x18,x17	 x18:0x80009f60 x17:0xffffff7b x25=0x00000001
        9775000	       976	80004258	01571d93	slli	x27,x14,0x15	 x14:0xca797194 x27=0x32800000
        9785000	       977	8000425c	4191db93	srai	x23,x3,0x19	  x3:0x00000000 x23=0x00000000
        9795000	       978	80004260	00f7e733	or	x14,x15,x15	 x15:0x43f36124 x15:0x43f36124 x14=0x43f36124
        9805000	       979	80004264	402eb993	sltiu	x19,x29,1026	 x29:0x80009179 x19=0x00000000
        9815000	       980	80004268	41090733	sub	x14,x18,x16	 x18:0x80009f60 x16:0x00000000 x14=0x80009f60
        9825000	       981	8000426c	01b82bb3	slt	x23,x16,x27	 x16:0x00000000 x27:0x32800000 x23=0x00000001
        9835000	       982	80004270	00ff85b3	add	x11,x31,x15	 x31:0x0000ff80 x15:0x43f36124 x11=0x43f460a4
        9845000	       983	80004274	c442a893	slti	x17,x5,-956	  x5:0x00200000 x17=0x00000000
        9855000	       984	80004278	b5033393	sltiu	x7,x6,-1200	  x6:0x80007afc  x7=0x00000001
        9865000	       985	8000427c	0fbfa013	slti	x0,x31,251	 x31:0x0000ff80
        9875000	       986	80004280	05c35263	bge	x6,x28,800042c4	  x6:0x80007afc x28:0x00000000
        9885000	       987	80004284	8dbb8893	addi	x17,x23,-1829	 x23:0x00000001 x17=0xfffff8dc
        9895000	       988	80004288	00bdd9b3	srl	x19,x27,x11	 x27:0x32800000 x11:0x43f460a4 x19=0x03280000
        9905000	       989	8000428c	014d7233	and	x4,x26,x20	 x26:0x80009fc4 x20:0x00000001  x4=0x00000000
        9915000	       990	80004290	0063e833	or	x16,x7,x6	  x7:0x00000001  x6:0x80007afc x16=0x80007afd
        9925000	       991	80004294	017bfc33	and	x24,x23,x23	 x23:0x00000001 x23:0x00000001 x24=0x00000001
        9935000	       992	80004298	408e8c33	sub	x24,x29,x8	 x29:0x80009179  x8:0x6c6a2086 x24=0x139670f3
        9945000	       993	8000429c	41635113	srai	x2,x6,0x16	  x6:0x80007afc  x2=0xfffffe00
        9955000	       994	800042a0	01cb3533	sltu	x10,x22,x28	 x22:0x23995184 x28:0x00000000 x10=0x00000000
        9965000	       995	800042a4	411fd6b3	sra	x13,x31,x17	 x31:0x0000ff80 x17:0xfffff8dc x13=0x00000000
        9975000	       996	800042a8	01d19533	sll	x10,x3,x29	  x3:0x00000000 x29:0x80009179 x10=0x00000000
        9985000	       997	800042ac	01cb67b3	or	x15,x22,x28	 x22:0x23995184 x28:0x00000000 x15=0x23995184
        9995000	       998	800042b0	45bb1097	auipc	x1,0x45bb1	  x1=0xc5bb52ac
       10005000	       999	800042b4	013b9093	slli	x1,x23,0x13	 x23:0x00000001  x1=0x00080000
       10015000	      1000	800042b8	017629b3	slt	x19,x12,x23	 x12:0x00000001 x23:0x00000001 x19=0x00000000
       10025000	      1001	800042bc	00589c13	slli	x24,x17,0x5	 x17:0xfffff8dc x24=0xffff1b80
       10035000	      1002	800042c0	021efa63	bgeu	x29,x1,800042f4	 x29:0x80009179  x1:0x00080000
       10045000	      1003	00000000	00000013	addi	x0,x0,0	  x0:0x00000000
       10055000	      1004	800042f0	00000013	addi	x0,x0,0	  x0:0x00000000
       10065000	      1005	800042f4	30d93593	sltiu	x11,x18,781	 x18:0x80009f60 x11=0x00000000
       10075000	      1006	800042f8	01265b93	srli	x23,x12,0x12	 x12:0x00000001 x23=0x00000000
       10085000	      1007	800042fc	0179fb33	and	x22,x19,x23	 x19:0x00000000 x23:0x00000000 x22=0x00000000
       10095000	      1008	80004300	00dc43b3	xor	x7,x24,x13	 x24:0xffff1b80 x13:0x00000000  x7=0xffff1b80
       10105000	      1009	80004304	03be8063	beq	x29,x27,80004324	 x29:0x80009179 x27:0x32800000
       10115000	      1010	80004308	aafced93	ori	x27,x25,-1361	 x25:0x00000001 x27=0xfffffaaf
       10125000	      1011	8000430c	411fd133	sra	x2,x31,x17	 x31:0x0000ff80 x17:0xfffff8dc  x2=0x00000000
       10135000	      1012	80004310	aacdb893	sltiu	x17,x27,-1364	 x27:0xfffffaaf x17=0x00000000
       10145000	      1013	80004314	05014263	blt	x2,x16,80004358	  x2:0x00000000 x16:0x80007afd
       10155000	      1014	80004318	01231f33	sll	x30,x6,x18	  x6:0x80007afc x18:0x80009f60 x30=0x80007afc
       10165000	      1015	8000431c	00000013	addi	x0,x0,0	  x0:0x00000000
       10175000	      1016	80004320	24640193	addi	x3,x8,582	  x8:0x6c6a2086  x3=0x6c6a22cc
       10185000	      1017	80004324	00000013	addi	x0,x0,0	  x0:0x00000000
       10195000	      1018	80004328	006981b3	add	x3,x19,x6	 x19:0x00000000  x6:0x80007afc  x3=0x80007afc
       10205000	      1019	8000432c	0105a9b3	slt	x19,x11,x16	 x11:0x00000000 x16:0x80007afd x19=0x00000000
       10215000	      1020	80004330	01e27eb3	and	x29,x4,x30	  x4:0x00000000 x30:0x80007afc x29=0x00000000
       10225000	      1021	80004334	00545133	srl	x2,x8,x5	  x8:0x6c6a2086  x5:0x00200000  x2=0x6c6a2086
       10235000	      1022	80004338	00b59013	slli	x0,x11,0xb	 x11:0x00000000
       10245000	      1023	8000433c	0577c863	blt	x15,x23,8000438c	 x15:0x23995184 x23:0x00000000
       10255000	      1024	80004340	00000013	addi	x0,x0,0	  x0:0x00000000
       10265000	      1025	80004344	01944b33	xor	x22,x8,x25	  x8:0x6c6a2086 x25:0x00000001 x22=0x6c6a2087
       10275000	      1026	80004348	02f0ea13	ori	x20,x1,47	  x1:0x00080000 x20=0x0008002f
       10285000	      1027	8000434c	01a33db3	sltu	x27,x6,x26	  x6:0x80007afc x26:0x80009fc4 x27=0x00000001
       10295000	      1028	80004350	01acaeb3	slt	x29,x25,x26	 x25:0x00000001 x26:0x80009fc4 x29=0x00000000
       10305000	      1029	80004354	002962b3	or	x5,x18,x2	 x18:0x80009f60  x2:0x6c6a2086  x5=0xec6abfe6
       10315000	      1030	80004358	46abc213	xori	x4,x23,1130	 x23:0x00000000  x4=0x0000046a
       10325000	      1031	8000435c	b06b2893	slti	x17,x22,-1274	 x22:0x6c6a2087 x17=0x00000000
       10335000	      1032	80004360	419ed713	srai	x14,x29,0x19	 x29:0x00000000 x14=0x00000000
       10345000	      1033	80004364	00aaac33	slt	x24,x21,x10	 x21:0x00000001 x10:0x00000000 x24=0x00000000
       10355000	      1034	80004368	045af463	bgeu	x21,x5,800043b0	 x21:0x00000001  x5:0xec6abfe6
       10365000	      1035	8000436c	015ff663	bgeu	x31,x21,80004378	 x31:0x0000ff80 x21:0x00000001
       10375000	      1036	00000000	00000013	addi	x0,x0,0	  x0:0x00000000
       10385000	      1037	80004374	00000013	addi	x0,x0,0	  x0:0x00000000
       10395000	      1038	80004378	4327c113	xori	x2,x15,1074	 x15:0x23995184  x2=0x239955b6
       10405000	      1039	8000437c	d4255237	lui	x4,0xd4255	  x4=0xd4255000
       10415000	      1040	80004380	02889c63	bne	x17,x8,800043b8	 x17:0x00000000  x8:0x6c6a2086
       10425000	      1041	00000000	00000013	addi	x0,x0,0	  x0:0x00000000
       10435000	      1042	800043b4	00000013	addi	x0,x0,0	  x0:0x00000000
       10445000	      1043	800043b8	000df133	and	x2,x27,x0	 x27:0x00000001  x0:0x00000000  x2=0x00000000
       10455000	      1044	800043bc	f456ff13	andi	x30,x13,-187	 x13:0x00000000 x30=0x00000000
       10465000	      1045	800043c0	8e008497	auipc	x9,0x8e008	  x9=0x0e00c3bc
       10475000	      1046	800043c4	00b3b7b3	sltu	x15,x7,x11	  x7:0xffff1b80 x11:0x00000000 x15=0x00000000
       10485000	      1047	800043c8	70b86b13	ori	x22,x16,1803	 x16:0x80007afd x22=0x80007fff
       10495000	      1048	800043cc	0134d013	srli	x0,x9,0x13	  x9:0x0e00c3bc
       10505000	      1049	800043d0	4017d113	srai	x2,x15,0x1	 x15:0x00000000  x2=0x00000000
       10515000	      1050	800043d4	4c9b4193	xori	x3,x22,1225	 x22:0x80007fff  x3=0x80007b36
       10525000	      1051	800043d8	0120fa63	bgeu	x1,x18,800043ec	  x1:0x00080000 x18:0x80009f60
       10535000	      1052	800043dc	41c60833	sub	x16,x12,x28	 x12:0x00000001 x28:0x00000000 x16=0x00000001
       10545000	      1053	800043e0	41f18233	sub	x4,x3,x31	  x3:0x80007b36 x31:0x0000ff80  x4=0x7fff7bb6
       10555000	      1054	800043e4	0105c263	blt	x11,x16,800043e8	 x11:0x00000000 x16:0x00000001
       10565000	      1055	00000000	00000013	addi	x0,x0,0	  x0:0x00000000
       10575000	      1056	800043e4	00000013	addi	x0,x0,0	  x0:0x00000000
       10585000	      1057	800043e8	41f603b3	sub	x7,x12,x31	 x12:0x00000001 x31:0x0000ff80  x7=0xffff0081
       10595000	      1058	800043ec	416606b3	sub	x13,x12,x22	 x12:0x00000001 x22:0x80007fff x13=0x7fff8002
       10605000	      1059	800043f0	012e5293	srli	x5,x28,0x12	 x28:0x00000000  x5=0x00000000
       10615000	      1060	800043f4	0c81d263	bge	x3,x8,800044b8	  x3:0x80007b36  x8:0x6c6a2086
       10625000	      1061	800043f8	b4cb3093	sltiu	x1,x22,-1204	 x22:0x80007fff  x1=0x00000001
       10635000	      1062	800043fc	01ea5ab3	srl	x21,x20,x30	 x20:0x0008002f x30:0x00000000 x21=0x0008002f
       10645000	      1063	80004400	53ba4ab7	lui	x21,0x53ba4	 x21=0x53ba4000
       10655000	      1064	80004404	005f9e93	slli	x29,x31,0x5	 x31:0x0000ff80 x29=0x001ff000
       10665000	      1065	80004408	439d8613	addi	x12,x27,1081	 x27:0x00000001 x12=0x0000043a
       10675000	      1066	8000440c	41810c33	sub	x24,x2,x24	  x2:0x00000000 x24:0x00000000 x24=0x00000000
       10685000	      1067	80004410	ea9ac213	xori	x4,x21,-343	 x21:0x53ba4000  x4=0xac45bea9
       10695000	      1068	80004414	a1c52a13	slti	x20,x10,-1508	 x10:0x00000000 x20=0x00000000
       10705000	      1069	80004418	fec6b013	sltiu	x0,x13,-20	 x13:0x7fff8002
       10715000	      1070	8000441c	00a25493	srli	x9,x4,0xa	  x4:0xac45bea9  x9=0x002b116f
       10725000	      1071	80004420	054000ef	jal	x1,80004420	  x1=0x80004420
       10735000	      1072	00000000	00000013	addi	x0,x0,0	  x0:0x00000000
       10745000	      1073	80004470	00000013	addi	x0,x0,0	  x0:0x00000000
       10755000	      1074	80004474	fb9ff0ef	jal	x1,80004474	  x1=0x80004474
       10765000	      1075	00000000	00000013	addi	x0,x0,0	  x0:0x00000000
       10775000	      1076	80004428	00000013	addi	x0,x0,0	  x0:0x00000000
       10785000	      1077	8000442c	04c009ef	jal	x19,8000442c	 x19=0x8000442c
       10795000	      1078	00000000	00000013	addi	x0,x0,0	  x0:0x00000000
       10805000	      1079	80004474	00000013	addi	x0,x0,0	  x0:0x00000000
       10815000	      1080	80004478	014009ef	jal	x19,80004478	 x19=0x80004478
       10825000	      1081	00000000	00000013	addi	x0,x0,0	  x0:0x00000000
       10835000	      1082	80004488	00000013	addi	x0,x0,0	  x0:0x00000000
       10845000	      1083	8000448c	fc9ff0ef	jal	x1,8000448c	  x1=0x8000448c
       10855000	      1084	00000000	00000013	addi	x0,x0,0	  x0:0x00000000
       10865000	      1085	80004450	00000013	addi	x0,x0,0	  x0:0x00000000
       10875000	      1086	80004454	010000ef	jal	x1,80004454	  x1=0x80004454
       10885000	      1087	00000000	00000013	addi	x0,x0,0	  x0:0x00000000
       10895000	      1088	80004460	00000013	addi	x0,x0,0	  x0:0x00000000
       10905000	      1089	80004464	01c000ef	jal	x1,80004464	  x1=0x80004464
       10915000	      1090	00000000	00000013	addi	x0,x0,0	  x0:0x00000000
       10925000	      1091	8000447c	00000013	addi	x0,x0,0	  x0:0x00000000
       10935000	      1092	80004480	fe9ff36f	jal	x6,80004480	  x6=0x80004480
       10945000	      1093	00000000	00000013	addi	x0,x0,0	  x0:0x00000000
       10955000	      1094	80004464	00000013	addi	x0,x0,0	  x0:0x00000000
       10965000	      1095	80004468	008001ef	jal	x3,80004468	  x3=0x80004468
       10975000	      1096	00000000	00000013	addi	x0,x0,0	  x0:0x00000000
       10985000	      1097	8000446c	00000013	addi	x0,x0,0	  x0:0x00000000
       10995000	      1098	80004470	ffdff0ef	jal	x1,80004470	  x1=0x80004470
       11005000	      1099	00000000	00000013	addi	x0,x0,0	  x0:0x00000000
       11015000	      1100	80004468	00000013	addi	x0,x0,0	  x0:0x00000000
       11025000	      1101	8000446c	fc5ff0ef	jal	x1,8000446c	  x1=0x8000446c
       11035000	      1102	00000000	00000013	addi	x0,x0,0	  x0:0x00000000
       11045000	      1103	8000442c	00000013	addi	x0,x0,0	  x0:0x00000000
       11055000	      1104	80004430	00c00def	jal	x27,80004430	 x27=0x80004430
       11065000	      1105	00000000	00000013	addi	x0,x0,0	  x0:0x00000000
       11075000	      1106	80004438	00000013	addi	x0,x0,0	  x0:0x00000000
       11085000	      1107	8000443c	ffdff0ef	jal	x1,8000443c	  x1=0x8000443c
       11095000	      1108	00000000	00000013	addi	x0,x0,0	  x0:0x00000000
       11105000	      1109	80004434	00000013	addi	x0,x0,0	  x0:0x00000000
       11115000	      1110	80004438	014000ef	jal	x1,80004438	  x1=0x80004438
       11125000	      1111	00000000	00000013	addi	x0,x0,0	  x0:0x00000000
       11135000	      1112	80004448	00000013	addi	x0,x0,0	  x0:0x00000000
       11145000	      1113	8000444c	01400aef	jal	x21,8000444c	 x21=0x8000444c
       11155000	      1114	00000000	00000013	addi	x0,x0,0	  x0:0x00000000
       11165000	      1115	8000445c	00000013	addi	x0,x0,0	  x0:0x00000000
       11175000	      1116	80004460	fc5ff0ef	jal	x1,80004460	  x1=0x80004460
       11185000	      1117	00000000	00000013	addi	x0,x0,0	  x0:0x00000000
       11195000	      1118	80004420	00000013	addi	x0,x0,0	  x0:0x00000000
       11205000	      1119	80004424	0380016f	jal	x2,80004424	  x2=0x80004424
       11215000	      1120	00000000	00000013	addi	x0,x0,0	  x0:0x00000000
       11225000	      1121	80004458	00000013	addi	x0,x0,0	  x0:0x00000000
       11235000	      1122	8000445c	fd9ff36f	jal	x6,8000445c	  x6=0x8000445c
       11245000	      1123	00000000	00000013	addi	x0,x0,0	  x0:0x00000000
       11255000	      1124	80004430	00000013	addi	x0,x0,0	  x0:0x00000000
       11265000	      1125	80004434	010000ef	jal	x1,80004434	  x1=0x80004434
       11275000	      1126	00000000	00000013	addi	x0,x0,0	  x0:0x00000000
       11285000	      1127	80004440	00000013	addi	x0,x0,0	  x0:0x00000000
       11295000	      1128	80004444	004000ef	jal	x1,80004444	  x1=0x80004444
       11305000	      1129	00000000	00000013	addi	x0,x0,0	  x0:0x00000000
       11315000	      1130	80004444	00000013	addi	x0,x0,0	  x0:0x00000000
       11325000	      1131	80004448	034000ef	jal	x1,80004448	  x1=0x80004448
       11335000	      1132	00000000	00000013	addi	x0,x0,0	  x0:0x00000000
       11345000	      1133	80004478	00000013	addi	x0,x0,0	  x0:0x00000000
       11355000	      1134	8000447c	00c000ef	jal	x1,8000447c	  x1=0x8000447c
       11365000	      1135	00000000	00000013	addi	x0,x0,0	  x0:0x00000000
       11375000	      1136	80004484	00000013	addi	x0,x0,0	  x0:0x00000000
       11385000	      1137	80004488	fc9ff36f	jal	x6,80004488	  x6=0x80004488
       11395000	      1138	00000000	00000013	addi	x0,x0,0	  x0:0x00000000
       11405000	      1139	8000444c	00000013	addi	x0,x0,0	  x0:0x00000000
       11415000	      1140	80004450	fd9ff16f	jal	x2,80004450	  x2=0x80004450
       11425000	      1141	00000000	00000013	addi	x0,x0,0	  x0:0x00000000
       11435000	      1142	80004424	00000013	addi	x0,x0,0	  x0:0x00000000
       11445000	      1143	80004428	05c0026f	jal	x4,80004428	  x4=0x80004428
       11455000	      1144	00000000	00000013	addi	x0,x0,0	  x0:0x00000000
       11465000	      1145	80004480	00000013	addi	x0,x0,0	  x0:0x00000000
       11475000	      1146	80004484	fbdff0ef	jal	x1,80004484	  x1=0x80004484
       11485000	      1147	00000000	00000013	addi	x0,x0,0	  x0:0x00000000
       11495000	      1148	8000443c	00000013	addi	x0,x0,0	  x0:0x00000000
       11505000	      1149	80004440	018000ef	jal	x1,80004440	  x1=0x80004440
       11515000	      1150	00000000	00000013	addi	x0,x0,0	  x0:0x00000000
       11525000	      1151	80004454	00000013	addi	x0,x0,0	  x0:0x00000000
       11535000	      1152	80004458	038000ef	jal	x1,80004458	  x1=0x80004458
       11545000	      1153	00000000	00000013	addi	x0,x0,0	  x0:0x00000000
       11555000	      1154	8000448c	00000013	addi	x0,x0,0	  x0:0x00000000
       11565000	      1155	80004490	00000013	addi	x0,x0,0	  x0:0x00000000
       11575000	      1156	80004494	417a0e33	sub	x28,x20,x23	 x20:0x00000000 x23:0x00000000 x28=0x00000000
       11585000	      1157	80004498	a1b46793	ori	x15,x8,-1509	  x8:0x6c6a2086 x15=0xfffffa9f
       11595000	      1158	8000449c	01efd2b3	srl	x5,x31,x30	 x31:0x0000ff80 x30:0x00000000  x5=0x0000ff80
       11605000	      1159	800044a0	00ebdfb3	srl	x31,x23,x14	 x23:0x00000000 x14:0x00000000 x31=0x00000000
       11615000	      1160	800044a4	00c130b3	sltu	x1,x2,x12	  x2:0x80004450 x12:0x0000043a  x1=0x00000000
       11625000	      1161	800044a8	0104d093	srli	x1,x9,0x10	  x9:0x002b116f  x1=0x0000002b
       11635000	      1162	800044ac	01acd113	srli	x2,x25,0x1a	 x25:0x00000001  x2=0x00000000
       11645000	      1163	800044b0	6bc72e93	slti	x29,x14,1724	 x14:0x00000000 x29=0x00000001
       11655000	      1164	800044b4	01dfaa33	slt	x20,x31,x29	 x31:0x00000000 x29:0x00000001 x20=0x00000001
       11665000	      1165	800044b8	f35f6513	ori	x10,x30,-203	 x30:0x00000000 x10=0xffffff35
       11675000	      1166	800044bc	018000ef	jal	x1,800044bc	  x1=0x800044bc
       11685000	      1167	00000000	00000013	addi	x0,x0,0	  x0:0x00000000
       11695000	      1168	800044d0	00000013	addi	x0,x0,0	  x0:0x00000000
       11705000	      1169	800044d4	0480036f	jal	x6,800044d4	  x6=0x800044d4
       11715000	      1170	00000000	00000013	addi	x0,x0,0	  x0:0x00000000
       11725000	      1171	80004518	00000013	addi	x0,x0,0	  x0:0x00000000
       11735000	      1172	8000451c	ff1ff36f	jal	x6,8000451c	  x6=0x8000451c
       11745000	      1173	00000000	00000013	addi	x0,x0,0	  x0:0x00000000
       11755000	      1174	80004508	00000013	addi	x0,x0,0	  x0:0x00000000
       11765000	      1175	8000450c	fddff3ef	jal	x7,8000450c	  x7=0x8000450c
       11775000	      1176	00000000	00000013	addi	x0,x0,0	  x0:0x00000000
       11785000	      1177	800044e4	00000013	addi	x0,x0,0	  x0:0x00000000
       11795000	      1178	800044e8	038000ef	jal	x1,800044e8	  x1=0x800044e8
       11805000	      1179	00000000	00000013	addi	x0,x0,0	  x0:0x00000000
       11815000	      1180	8000451c	00000013	addi	x0,x0,0	  x0:0x00000000
       11825000	      1181	80004520	0080036f	jal	x6,80004520	  x6=0x80004520
       11835000	      1182	00000000	00000013	addi	x0,x0,0	  x0:0x00000000
       11845000	      1183	80004524	00000013	addi	x0,x0,0	  x0:0x00000000
       11855000	      1184	80004528	fb9ff36f	jal	x6,80004528	  x6=0x80004528
       11865000	      1185	00000000	00000013	addi	x0,x0,0	  x0:0x00000000
       11875000	      1186	800044dc	00000013	addi	x0,x0,0	  x0:0x00000000
       11885000	      1187	800044e0	020000ef	jal	x1,800044e0	  x1=0x800044e0
       11895000	      1188	00000000	00000013	addi	x0,x0,0	  x0:0x00000000
       11905000	      1189	800044fc	00000013	addi	x0,x0,0	  x0:0x00000000
       11915000	      1190	80004500	fd9ff36f	jal	x6,80004500	  x6=0x80004500
       11925000	      1191	00000000	00000013	addi	x0,x0,0	  x0:0x00000000
       11935000	      1192	800044d4	00000013	addi	x0,x0,0	  x0:0x00000000
       11945000	      1193	800044d8	004000ef	jal	x1,800044d8	  x1=0x800044d8
       11955000	      1194	00000000	00000013	addi	x0,x0,0	  x0:0x00000000
       11965000	      1195	800044d8	00000013	addi	x0,x0,0	  x0:0x00000000
       11975000	      1196	800044dc	028000ef	jal	x1,800044dc	  x1=0x800044dc
       11985000	      1197	00000000	00000013	addi	x0,x0,0	  x0:0x00000000
       11995000	      1198	80004500	00000013	addi	x0,x0,0	  x0:0x00000000
       12005000	      1199	80004504	00c000ef	jal	x1,80004504	  x1=0x80004504
       12015000	      1200	00000000	00000013	addi	x0,x0,0	  x0:0x00000000
       12025000	      1201	8000450c	00000013	addi	x0,x0,0	  x0:0x00000000
       12035000	      1202	80004510	fedff0ef	jal	x1,80004510	  x1=0x80004510
       12045000	      1203	00000000	00000013	addi	x0,x0,0	  x0:0x00000000
       12055000	      1204	800044f8	00000013	addi	x0,x0,0	  x0:0x00000000
       12065000	      1205	800044fc	fcdff0ef	jal	x1,800044fc	  x1=0x800044fc
       12075000	      1206	00000000	00000013	addi	x0,x0,0	  x0:0x00000000
       12085000	      1207	800044c4	00000013	addi	x0,x0,0	  x0:0x00000000
       12095000	      1208	800044c8	004000ef	jal	x1,800044c8	  x1=0x800044c8
       12105000	      1209	00000000	00000013	addi	x0,x0,0	  x0:0x00000000
       12115000	      1210	800044c8	00000013	addi	x0,x0,0	  x0:0x00000000
       12125000	      1211	800044cc	02c000ef	jal	x1,800044cc	  x1=0x800044cc
       12135000	      1212	00000000	00000013	addi	x0,x0,0	  x0:0x00000000
       12145000	      1213	800044f4	00000013	addi	x0,x0,0	  x0:0x00000000
       12155000	      1214	800044f8	ff5ff36f	jal	x6,800044f8	  x6=0x800044f8
       12165000	      1215	00000000	00000013	addi	x0,x0,0	  x0:0x00000000
       12175000	      1216	800044e8	00000013	addi	x0,x0,0	  x0:0x00000000
       12185000	      1217	800044ec	fd5ffdef	jal	x27,800044ec	 x27=0x800044ec
       12195000	      1218	00000000	00000013	addi	x0,x0,0	  x0:0x00000000
       12205000	      1219	800044bc	00000013	addi	x0,x0,0	  x0:0x00000000
       12215000	      1220	800044c0	054000ef	jal	x1,800044c0	  x1=0x800044c0
       12225000	      1221	00000000	00000013	addi	x0,x0,0	  x0:0x00000000
       12235000	      1222	80004510	00000013	addi	x0,x0,0	  x0:0x00000000
       12245000	      1223	80004514	ff5ff36f	jal	x6,80004514	  x6=0x80004514
       12255000	      1224	00000000	00000013	addi	x0,x0,0	  x0:0x00000000
       12265000	      1225	80004504	00000013	addi	x0,x0,0	  x0:0x00000000
       12275000	      1226	80004508	fedff0ef	jal	x1,80004508	  x1=0x80004508
       12285000	      1227	00000000	00000013	addi	x0,x0,0	  x0:0x00000000
       12295000	      1228	800044f0	00000013	addi	x0,x0,0	  x0:0x00000000
       12305000	      1229	800044f4	030000ef	jal	x1,800044f4	  x1=0x800044f4
       12315000	      1230	00000000	00000013	addi	x0,x0,0	  x0:0x00000000
       12325000	      1231	80004520	00000013	addi	x0,x0,0	  x0:0x00000000
       12335000	      1232	80004524	fa1ff0ef	jal	x1,80004524	  x1=0x80004524
       12345000	      1233	00000000	00000013	addi	x0,x0,0	  x0:0x00000000
       12355000	      1234	800044c0	00000013	addi	x0,x0,0	  x0:0x00000000
       12365000	      1235	800044c4	00c000ef	jal	x1,800044c4	  x1=0x800044c4
       12375000	      1236	00000000	00000013	addi	x0,x0,0	  x0:0x00000000
       12385000	      1237	800044cc	00000013	addi	x0,x0,0	  x0:0x00000000
       12395000	      1238	800044d0	02000fef	jal	x31,800044d0	 x31=0x800044d0
       12405000	      1239	00000000	00000013	addi	x0,x0,0	  x0:0x00000000
       12415000	      1240	800044ec	00000013	addi	x0,x0,0	  x0:0x00000000
       12425000	      1241	800044f0	ff5ffcef	jal	x25,800044f0	 x25=0x800044f0
       12435000	      1242	00000000	00000013	addi	x0,x0,0	  x0:0x00000000
       12445000	      1243	800044e0	00000013	addi	x0,x0,0	  x0:0x00000000
       12455000	      1244	800044e4	034000ef	jal	x1,800044e4	  x1=0x800044e4
       12465000	      1245	00000000	00000013	addi	x0,x0,0	  x0:0x00000000
       12475000	      1246	80004514	00000013	addi	x0,x0,0	  x0:0x00000000
       12485000	      1247	80004518	014006ef	jal	x13,80004518	 x13=0x80004518
       12495000	      1248	00000000	00000013	addi	x0,x0,0	  x0:0x00000000
       12505000	      1249	80004528	00000013	addi	x0,x0,0	  x0:0x00000000
       12515000	      1250	8000452c	0069f5b3	and	x11,x19,x6	 x19:0x80004478  x6:0x80004514 x11=0x80004410
       12525000	      1251	80004530	00e00033	add	x0,x0,x14	  x0:0x00000000 x14:0x00000000
       12535000	      1252	80004534	01a787b3	add	x15,x15,x26	 x15:0xfffffa9f x26:0x80009fc4 x15=0x80009a63
       12545000	      1253	80004538	00b79f93	slli	x31,x15,0xb	 x15:0x80009a63 x31=0x04d31800
       12555000	      1254	8000453c	2dce4a13	xori	x20,x28,732	 x28:0x00000000 x20=0x000002dc
       12565000	      1255	80004540	6c6a0893	addi	x17,x20,1734	 x20:0x000002dc x17=0x000009a2
       12575000	      1256	80004544	aab02e93	slti	x29,x0,-1365	  x0:0x00000000 x29=0x00000000
       12585000	      1257	80004548	01b68663	beq	x13,x27,80004554	 x13:0x80004518 x27:0x800044ec
       12595000	      1258	8000454c	05826863	bltu	x4,x24,8000459c	  x4:0x80004428 x24:0x00000000
       12605000	      1259	80004550	41edd513	srai	x10,x27,0x1e	 x27:0x800044ec x10=0xfffffffe
       12615000	      1260	80004554	0060e663	bltu	x1,x6,80004560	  x1:0x800044e4  x6:0x80004514
       12625000	      1261	00000000	00000013	addi	x0,x0,0	  x0:0x00000000
       12635000	      1262	8000455c	00000013	addi	x0,x0,0	  x0:0x00000000
       12645000	      1263	80004560	df0ffb13	andi	x22,x31,-528	 x31:0x04d31800 x22=0x04d31800
       12655000	      1264	80004564	00c56b33	or	x22,x10,x12	 x10:0xfffffffe x12:0x0000043a x22=0xfffffffe
       12665000	      1265	80004568	01d53133	sltu	x2,x10,x29	 x10:0xfffffffe x29:0x00000000  x2=0x00000000
       12675000	      1266	8000456c	00000013	addi	x0,x0,0	  x0:0x00000000
       12685000	      1267	80004570	00221733	sll	x14,x4,x2	  x4:0x80004428  x2:0x00000000 x14=0x80004428
       12695000	      1268	80004574	02bfe263	bltu	x31,x11,80004598	 x31:0x04d31800 x11:0x80004410
       12705000	      1269	00000000	00000013	addi	x0,x0,0	  x0:0x00000000
       12715000	      1270	80004594	00000013	addi	x0,x0,0	  x0:0x00000000
       12725000	      1271	80004598	414686b3	sub	x13,x13,x20	 x13:0x80004518 x20:0x000002dc x13=0x8000423c
       12735000	      1272	8000459c	04df6463	bltu	x30,x13,800045e4	 x30:0x00000000 x13:0x8000423c
       12745000	      1273	00000000	00000013	addi	x0,x0,0	  x0:0x00000000
       12755000	      1274	800045e0	00000013	addi	x0,x0,0	  x0:0x00000000
       12765000	      1275	800045e4	0a6e4637	lui	x12,0xa6e4	 x12=0x0a6e4000
       12775000	      1276	800045e8	00000013	addi	x0,x0,0	  x0:0x00000000
       12785000	      1277	800045ec	5a888e13	addi	x28,x17,1448	 x17:0x000009a2 x28=0x00000f4a
       12795000	      1278	800045f0	021cc063	blt	x25,x1,80004610	 x25:0x800044f0  x1:0x800044e4
       12805000	      1279	800045f4	03c46c63	bltu	x8,x28,8000462c	  x8:0x6c6a2086 x28:0x00000f4a
       12815000	      1280	800045f8	41d907b3	sub	x15,x18,x29	 x18:0x80009f60 x29:0x00000000 x15=0x80009f60
       12825000	      1281	800045fc	00dafb33	and	x22,x21,x13	 x21:0x8000444c x13:0x8000423c x22=0x8000400c
       12835000	      1282	80004600	00c50533	add	x10,x10,x12	 x10:0xfffffffe x12:0x0a6e4000 x10=0x0a6e3ffe
       12845000	      1283	80004604	015bd893	srli	x17,x23,0x15	 x23:0x00000000 x17=0x00000000
       12855000	      1284	80004608	1db34993	xori	x19,x6,475	  x6:0x80004514 x19=0x800044cf
       12865000	      1285	8000460c	00149333	sll	x6,x9,x1	  x9:0x002b116f  x1:0x800044e4  x6=0x02b116f0
       12875000	      1286	80004610	e7294b93	xori	x23,x18,-398	 x18:0x80009f60 x23=0x7fff6112
       12885000	      1287	80004614	003be9b3	or	x19,x23,x3	 x23:0x7fff6112  x3:0x80004468 x19=0xffff657a
       12895000	      1288	80004618	408f5b93	srai	x23,x30,0x8	 x30:0x00000000 x23=0x00000000
       12905000	      1289	8000461c	cc4aed93	ori	x27,x21,-828	 x21:0x8000444c x27=0xfffffccc
       12915000	      1290	80004620	3eb9c593	xori	x11,x19,1003	 x19:0xffff657a x11=0xffff6691
       12925000	      1291	80004624	41618533	sub	x10,x3,x22	  x3:0x80004468 x22:0x8000400c x10=0x0000045c
       12935000	      1292	80004628	00a79463	bne	x15,x10,80004630	 x15:0x80009f60 x10:0x0000045c
       12945000	      1293	00000000	00000013	addi	x0,x0,0	  x0:0x00000000
       12955000	      1294	8000462c	00000013	addi	x0,x0,0	  x0:0x00000000
       12965000	      1295	80004630	03f95463	bge	x18,x31,80004658	 x18:0x80009f60 x31:0x04d31800
       12975000	      1296	80004634	641d5637	lui	x12,0x641d5	 x12=0x641d5000
       12985000	      1297	80004638	00b64f33	xor	x30,x12,x11	 x12:0x641d5000 x11:0xffff6691 x30=0x9be23691
       12995000	      1298	8000463c	521af513	andi	x10,x21,1313	 x21:0x8000444c x10=0x00000400
       13005000	      1299	80004640	01234c63	blt	x6,x18,80004658	  x6:0x02b116f0 x18:0x80009f60
       13015000	      1300	80004644	01b01a63	bne	x0,x27,80004658	  x0:0x00000000 x27:0xfffffccc
       13025000	      1301	00000000	00000013	addi	x0,x0,0	  x0:0x00000000
       13035000	      1302	80004654	00000013	addi	x0,x0,0	  x0:0x00000000
       13045000	      1303	80004658	2cf7bc37	lui	x24,0x2cf7b	 x24=0x2cf7b000
       13055000	      1304	8000465c	d7ca0293	addi	x5,x20,-644	 x20:0x000002dc  x5=0x00000058
       13065000	      1305	80004660	8e674d93	xori	x27,x14,-1818	 x14:0x80004428 x27=0x7fffbcce
       13075000	      1306	80004664	01d09e93	slli	x29,x1,0x1d	  x1:0x800044e4 x29=0x80000000
       13085000	      1307	80004668	29f1f597	auipc	x11,0x29f1f	 x11=0xa9f23664
       13095000	      1308	8000466c	00e79293	slli	x5,x15,0xe	 x15:0x80009f60  x5=0x27d80000
       13105000	      1309	80004670	00492083	lw	x1,4(x18)	 x18:0x80009f60  x1=0x80000130 PA:0x80009f64
       13115000	      1310	80004674	00a31333	sll	x6,x6,x10	  x6:0x02b116f0 x10:0x00000400  x6=0x02b116f0
       13125000	      1311	80004678	62bdba97	auipc	x21,0x62bdb	 x21=0xe2bdf674
       13135000	      1312	8000467c	00000013	addi	x0,x0,0	  x0:0x00000000
       13145000	      1313	80004680	02490913	addi	x18,x18,36	 x18:0x80009f60 x18=0x80009f84
       13155000	      1314	80004684	1661dab7	lui	x21,0x1661d	 x21=0x1661d000
       13165000	      1315	80004688	00108613	addi	x12,x1,1	  x1:0x80000130 x12=0x80000131
       13175000	      1316	8000468c	00060667	jalr	x12,x12,0	 x12:0x80000131 x12=0x8000468c
       13185000	      1317	00000000	00000013	addi	x0,x0,0	  x0:0x00000000
       13195000	      1318	80000130	00000013	addi	x0,x0,0	  x0:0x00000000
       13205000	      1319	80000134	028000ef	jal	x1,80000134	  x1=0x80000134
       13215000	      1320	00000000	00000013	addi	x0,x0,0	  x0:0x00000000
       13225000	      1321	80000158	00000013	addi	x0,x0,0	  x0:0x00000000
       13235000	      1322	8000015c	fddff7ef	jal	x15,8000015c	 x15=0x8000015c
       13245000	      1323	00000000	00000013	addi	x0,x0,0	  x0:0x00000000
       13255000	      1324	80000134	00000013	addi	x0,x0,0	  x0:0x00000000
       13265000	      1325	80000138	018000ef	jal	x1,80000138	  x1=0x80000138
       13275000	      1326	00000000	00000013	addi	x0,x0,0	  x0:0x00000000
       13285000	      1327	8000014c	00000013	addi	x0,x0,0	  x0:0x00000000
       13295000	      1328	80000150	ff5ff0ef	jal	x1,80000150	  x1=0x80000150
       13305000	      1329	00000000	00000013	addi	x0,x0,0	  x0:0x00000000
       13315000	      1330	80000140	00000013	addi	x0,x0,0	  x0:0x00000000
       13325000	      1331	80000144	008000ef	jal	x1,80000144	  x1=0x80000144
       13335000	      1332	00000000	00000013	addi	x0,x0,0	  x0:0x00000000
       13345000	      1333	80000148	00000013	addi	x0,x0,0	  x0:0x00000000
       13355000	      1334	8000014c	ffdff0ef	jal	x1,8000014c	  x1=0x8000014c
       13365000	      1335	00000000	00000013	addi	x0,x0,0	  x0:0x00000000
       13375000	      1336	80000144	00000013	addi	x0,x0,0	  x0:0x00000000
       13385000	      1337	80000148	ff5ff0ef	jal	x1,80000148	  x1=0x80000148
       13395000	      1338	00000000	00000013	addi	x0,x0,0	  x0:0x00000000
       13405000	      1339	80000138	00000013	addi	x0,x0,0	  x0:0x00000000
       13415000	      1340	8000013c	01800b6f	jal	x22,8000013c	 x22=0x8000013c
       13425000	      1341	00000000	00000013	addi	x0,x0,0	  x0:0x00000000
       13435000	      1342	80000150	00000013	addi	x0,x0,0	  x0:0x00000000
       13445000	      1343	80000154	01000e6f	jal	x28,80000154	 x28=0x80000154
       13455000	      1344	00000000	00000013	addi	x0,x0,0	  x0:0x00000000
       13465000	      1345	80000160	00000013	addi	x0,x0,0	  x0:0x00000000
       13475000	      1346	80000164	fddff0ef	jal	x1,80000164	  x1=0x80000164
       13485000	      1347	00000000	00000013	addi	x0,x0,0	  x0:0x00000000
       13495000	      1348	8000013c	00000013	addi	x0,x0,0	  x0:0x00000000
       13505000	      1349	80000140	018000ef	jal	x1,80000140	  x1=0x80000140
       13515000	      1350	00000000	00000013	addi	x0,x0,0	  x0:0x00000000
       13525000	      1351	80000154	00000013	addi	x0,x0,0	  x0:0x00000000
       13535000	      1352	80000158	0080066f	jal	x12,80000158	 x12=0x80000158
       13545000	      1353	00000000	00000013	addi	x0,x0,0	  x0:0x00000000
       13555000	      1354	8000015c	00000013	addi	x0,x0,0	  x0:0x00000000
       13565000	      1355	80000160	0080036f	jal	x6,80000160	  x6=0x80000160
       13575000	      1356	00000000	00000013	addi	x0,x0,0	  x0:0x00000000
       13585000	      1357	80000164	00000013	addi	x0,x0,0	  x0:0x00000000
       13595000	      1358	80000168	4000d813	srai	x16,x1,0x0	  x1:0x80000140 x16=0x80000140
       13605000	      1359	8000016c	00000013	addi	x0,x0,0	  x0:0x00000000
       13615000	      1360	80000170	01af11b3	sll	x3,x30,x26	 x30:0x9be23691 x26:0x80009fc4  x3=0xbe236910
       13625000	      1361	80000174	4000da93	srai	x21,x1,0x0	  x1:0x80000140 x21=0x80000140
       13635000	      1362	80000178	8750b493	sltiu	x9,x1,-1931	  x1:0x80000140  x9=0x00000001
       13645000	      1363	8000017c	05997063	bgeu	x18,x25,800001bc	 x18:0x80009f84 x25:0x800044f0
       13655000	      1364	00000000	00000013	addi	x0,x0,0	  x0:0x00000000
       13665000	      1365	800001b8	00000013	addi	x0,x0,0	  x0:0x00000000
       13675000	      1366	800001bc	00cefe33	and	x28,x29,x12	 x29:0x80000000 x12:0x80000158 x28=0x80000000
       13685000	      1367	800001c0	00000417	auipc	x8,0x0	  x8=0x800001bc
       13695000	      1368	800001c4	00c40413	addi	x8,x8,12	  x8:0x800001bc  x8=0x800001c8
       13705000	      1369	800001c8	00040067	jalr	x0,x8,0	  x8:0x800001c8
       13715000	      1370	00000000	00000013	addi	x0,x0,0	  x0:0x00000000
       13725000	      1371	800001c8	00000013	addi	x0,x0,0	  x0:0x00000000
       13735000	      1372	800001cc	00100193	addi	x3,x0,1	  x0:0x00000000  x3=0x00000001
       13745000	      1373	800001d0	00000073	ecall	
       13755000	      1374	800001d4	00481a33	sll	x20,x16,x4	 x16:0x80000140  x4:0x80004428 x20=0x00014000
