		Time			Cycle	PC		Insn	Decoded instruction	Register and memory contents
          65000	         5	80000004	00000293	addi	x5,x0,0	  x0:0x00000000  x5=0x00000000
          75000	         6	80000008	00000313	addi	x6,x0,0	  x0:0x00000000  x6=0x00000000
          85000	         7	8000000c	00628263	beq	x5,x6,80000010	  x5:0x00000000  x6:0x00000000
          95000	         8	00000000	00000013	addi	x0,x0,0	  x0:0x00000000
         105000	         9	8000000c	00000013	addi	x0,x0,0	  x0:0x00000000
         115000	        10	80000010	00000e97	auipc	x29,0x0	 x29=0x8000000c
         125000	        11	80000014	00ce8e93	addi	x29,x29,12	 x29:0x8000000c x29=0x80000018
         135000	        12	80000018	000e8067	jalr	x0,x29,0	 x29:0x80000018
         145000	        13	00000000	00000013	addi	x0,x0,0	  x0:0x00000000
         155000	        14	80000018	00000013	addi	x0,x0,0	  x0:0x00000000
         165000	        15	8000001c	40000737	lui	x14,0x40000	 x14=0x40000000
         175000	        16	80000020	10070713	addi	x14,x14,256	 x14:0x40000000 x14=0x40000100
         185000	        17	80000024	00000013	addi	x0,x0,0	  x0:0x00000000
         195000	        18	80000028	0000ae17	auipc	x28,0xa	 x28=0x8000a024
         205000	        19	8000002c	fa0e0e13	addi	x28,x28,-96	 x28:0x8000a024 x28=0x80009fc4
         215000	        20	80000030	00005717	auipc	x14,0x5	 x14=0x8000502c
         225000	        21	80000034	ee470713	addi	x14,x14,-284	 x14:0x8000502c x14=0x80004f10
         235000	        22	80000038	00176713	ori	x14,x14,1	 x14:0x80004f10 x14=0x80004f11
         245000	        23	8000003c	00000013	addi	x0,x0,0	  x0:0x00000000
         255000	        24	80000040	00000717	auipc	x14,0x0	 x14=0x8000003c
         265000	        25	80000044	02070713	addi	x14,x14,32	 x14:0x8000003c x14=0x8000005c
         275000	        26	80000048	00000013	addi	x0,x0,0	  x0:0x00000000
         285000	        27	8000004c	00000013	addi	x0,x0,0	  x0:0x00000000
         295000	        28	80000050	00002737	lui	x14,0x2	 x14=0x00002000
         305000	        29	80000054	80070713	addi	x14,x14,-2048	 x14:0x00002000 x14=0x00001800
         315000	        30	80000058	00000013	addi	x0,x0,0	  x0:0x00000000
         325000	        31	8000005c	00000013	addi	x0,x0,0	  x0:0x00000000
         335000	        32	80000060	00e00013	addi	x0,x0,14	  x0:0x00000000
         345000	        33	80000064	00000093	addi	x1,x0,0	  x0:0x00000000  x1=0x00000000
         355000	        34	80000068	d63d7137	lui	x2,0xd63d7	  x2=0xd63d7000
         365000	        35	8000006c	d6c10113	addi	x2,x2,-660	  x2:0xd63d7000  x2=0xd63d6d6c
         375000	        36	80000070	d43601b7	lui	x3,0xd4360	  x3=0xd4360000
         385000	        37	80000074	19818193	addi	x3,x3,408	  x3:0xd4360000  x3=0xd4360198
         395000	        38	80000078	f56d2237	lui	x4,0xf56d2	  x4=0xf56d2000
         405000	        39	8000007c	b2e20213	addi	x4,x4,-1234	  x4:0xf56d2000  x4=0xf56d1b2e
         415000	        40	80000080	00000293	addi	x5,x0,0	  x0:0x00000000  x5=0x00000000
         425000	        41	80000084	f8f71337	lui	x6,0xf8f71	  x6=0xf8f71000
         435000	        42	80000088	5ca30313	addi	x6,x6,1482	  x6:0xf8f71000  x6=0xf8f715ca
         445000	        43	8000008c	800003b7	lui	x7,0x80000	  x7=0x80000000
         455000	        44	80000090	f1d10437	lui	x8,0xf1d10	  x8=0xf1d10000
         465000	        45	80000094	85a40413	addi	x8,x8,-1958	  x8:0xf1d10000  x8=0xf1d0f85a
         475000	        46	80000098	00a00493	addi	x9,x0,10	  x0:0x00000000  x9=0x0000000a
         485000	        47	8000009c	7f43c537	lui	x10,0x7f43c	 x10=0x7f43c000
         495000	        48	800000a0	0e850513	addi	x10,x10,232	 x10:0x7f43c000 x10=0x7f43c0e8
         505000	        49	800000a4	fe15d637	lui	x12,0xfe15d	 x12=0xfe15d000
         515000	        50	800000a8	35060613	addi	x12,x12,848	 x12:0xfe15d000 x12=0xfe15d350
         525000	        51	800000ac	00000693	addi	x13,x0,0	  x0:0x00000000 x13=0x00000000
         535000	        52	800000b0	00c00713	addi	x14,x0,12	  x0:0x00000000 x14=0x0000000c
         545000	        53	800000b4	00000793	addi	x15,x0,0	  x0:0x00000000 x15=0x00000000
         555000	        54	800000b8	00600813	addi	x16,x0,6	  x0:0x00000000 x16=0x00000006
         565000	        55	800000bc	00000893	addi	x17,x0,0	  x0:0x00000000 x17=0x00000000
         575000	        56	800000c0	2557d937	lui	x18,0x2557d	 x18=0x2557d000
         585000	        57	800000c4	6e390913	addi	x18,x18,1763	 x18:0x2557d000 x18=0x2557d6e3
         595000	        58	800000c8	ff2e99b7	lui	x19,0xff2e9	 x19=0xff2e9000
         605000	        59	800000cc	26098993	addi	x19,x19,608	 x19:0xff2e9000 x19=0xff2e9260
         615000	        60	800000d0	80000a37	lui	x20,0x80000	 x20=0x80000000
         625000	        61	800000d4	f6166ab7	lui	x21,0xf6166	 x21=0xf6166000
         635000	        62	800000d8	766a8a93	addi	x21,x21,1894	 x21:0xf6166000 x21=0xf6166766
         645000	        63	800000dc	00000b13	addi	x22,x0,0	  x0:0x00000000 x22=0x00000000
         655000	        64	800000e0	00000b93	addi	x23,x0,0	  x0:0x00000000 x23=0x00000000
         665000	        65	800000e4	55637c37	lui	x24,0x55637	 x24=0x55637000
         675000	        66	800000e8	348c0c13	addi	x24,x24,840	 x24:0x55637000 x24=0x55637348
         685000	        67	800000ec	00700c93	addi	x25,x0,7	  x0:0x00000000 x25=0x00000007
         695000	        68	800000f0	00f00d13	addi	x26,x0,15	  x0:0x00000000 x26=0x0000000f
         705000	        69	800000f4	00000d93	addi	x27,x0,0	  x0:0x00000000 x27=0x00000000
         715000	        70	800000f8	092d8eb7	lui	x29,0x92d8	 x29=0x092d8000
         725000	        71	800000fc	f55e8e93	addi	x29,x29,-171	 x29:0x092d8000 x29=0x092d7f55
         735000	        72	80000100	80000f37	lui	x30,0x80000	 x30=0x80000000
         745000	        73	80000104	fb19bfb7	lui	x31,0xfb19b	 x31=0xfb19b000
         755000	        74	80000108	9eaf8f93	addi	x31,x31,-1558	 x31:0xfb19b000 x31=0xfb19a9ea
         765000	        75	8000010c	0000a597	auipc	x11,0xa	 x11=0x8000a108
         775000	        76	80000110	e7c58593	addi	x11,x11,-388	 x11:0x8000a108 x11=0x80009f84
         785000	        77	80000114	02c000ef	jal	x1,80000114	  x1=0x80000114
         795000	        78	00000000	00000013	addi	x0,x0,0	  x0:0x00000000
         805000	        79	8000013c	00000013	addi	x0,x0,0	  x0:0x00000000
         815000	        80	80000140	ff9ff36f	jal	x6,80000140	  x6=0x80000140
         825000	        81	00000000	00000013	addi	x0,x0,0	  x0:0x00000000
         835000	        82	80000134	00000013	addi	x0,x0,0	  x0:0x00000000
         845000	        83	80000138	fe5ff26f	jal	x4,80000138	  x4=0x80000138
         855000	        84	00000000	00000013	addi	x0,x0,0	  x0:0x00000000
         865000	        85	80000118	00000013	addi	x0,x0,0	  x0:0x00000000
         875000	        86	8000011c	014006ef	jal	x13,8000011c	 x13=0x8000011c
         885000	        87	00000000	00000013	addi	x0,x0,0	  x0:0x00000000
         895000	        88	8000012c	00000013	addi	x0,x0,0	  x0:0x00000000
         905000	        89	80000130	ff9ff0ef	jal	x1,80000130	  x1=0x80000130
         915000	        90	00000000	00000013	addi	x0,x0,0	  x0:0x00000000
         925000	        91	80000124	00000013	addi	x0,x0,0	  x0:0x00000000
         935000	        92	80000128	004000ef	jal	x1,80000128	  x1=0x80000128
         945000	        93	00000000	00000013	addi	x0,x0,0	  x0:0x00000000
         955000	        94	80000128	00000013	addi	x0,x0,0	  x0:0x00000000
         965000	        95	8000012c	018000ef	jal	x1,8000012c	  x1=0x8000012c
         975000	        96	00000000	00000013	addi	x0,x0,0	  x0:0x00000000
         985000	        97	80000140	00000013	addi	x0,x0,0	  x0:0x00000000
         995000	        98	80000144	0040036f	jal	x6,80000144	  x6=0x80000144
        1005000	        99	00000000	00000013	addi	x0,x0,0	  x0:0x00000000
        1015000	       100	80000144	00000013	addi	x0,x0,0	  x0:0x00000000
        1025000	       101	80000148	ff5ff36f	jal	x6,80000148	  x6=0x80000148
        1035000	       102	00000000	00000013	addi	x0,x0,0	  x0:0x00000000
        1045000	       103	80000138	00000013	addi	x0,x0,0	  x0:0x00000000
        1055000	       104	8000013c	fe9ff0ef	jal	x1,8000013c	  x1=0x8000013c
        1065000	       105	00000000	00000013	addi	x0,x0,0	  x0:0x00000000
        1075000	       106	80000120	00000013	addi	x0,x0,0	  x0:0x00000000
        1085000	       107	80000124	ffdff36f	jal	x6,80000124	  x6=0x80000124
        1095000	       108	00000000	00000013	addi	x0,x0,0	  x0:0x00000000
        1105000	       109	8000011c	00000013	addi	x0,x0,0	  x0:0x00000000
        1115000	       110	80000120	ff9ff76f	jal	x14,80000120	 x14=0x80000120
        1125000	       111	00000000	00000013	addi	x0,x0,0	  x0:0x00000000
        1135000	       112	80000114	00000013	addi	x0,x0,0	  x0:0x00000000
        1145000	       113	80000118	01c0036f	jal	x6,80000118	  x6=0x80000118
        1155000	       114	00000000	00000013	addi	x0,x0,0	  x0:0x00000000
        1165000	       115	80000130	00000013	addi	x0,x0,0	  x0:0x00000000
        1175000	       116	80000134	018000ef	jal	x1,80000134	  x1=0x80000134
        1185000	       117	00000000	00000013	addi	x0,x0,0	  x0:0x00000000
        1195000	       118	80000148	00000013	addi	x0,x0,0	  x0:0x00000000
        1205000	       119	8000014c	41080c33	sub	x24,x16,x16	 x16:0x00000006 x16:0x00000006 x24=0x00000000
        1215000	       120	80000150	024000ef	jal	x1,80000150	  x1=0x80000150
        1225000	       121	00000000	00000013	addi	x0,x0,0	  x0:0x00000000
        1235000	       122	80000170	00000013	addi	x0,x0,0	  x0:0x00000000
        1245000	       123	80000174	ff5ff16f	jal	x2,80000174	  x2=0x80000174
        1255000	       124	00000000	00000013	addi	x0,x0,0	  x0:0x00000000
        1265000	       125	80000164	00000013	addi	x0,x0,0	  x0:0x00000000
        1275000	       126	80000168	ff5ff0ef	jal	x1,80000168	  x1=0x80000168
        1285000	       127	00000000	00000013	addi	x0,x0,0	  x0:0x00000000
        1295000	       128	80000158	00000013	addi	x0,x0,0	  x0:0x00000000
        1305000	       129	8000015c	03800a6f	jal	x20,8000015c	 x20=0x8000015c
        1315000	       130	00000000	00000013	addi	x0,x0,0	  x0:0x00000000
        1325000	       131	80000190	00000013	addi	x0,x0,0	  x0:0x00000000
        1335000	       132	80000194	ff9ff0ef	jal	x1,80000194	  x1=0x80000194
        1345000	       133	00000000	00000013	addi	x0,x0,0	  x0:0x00000000
        1355000	       134	80000188	00000013	addi	x0,x0,0	  x0:0x00000000
        1365000	       135	8000018c	fe1fff6f	jal	x30,8000018c	 x30=0x8000018c
        1375000	       136	00000000	00000013	addi	x0,x0,0	  x0:0x00000000
        1385000	       137	80000168	00000013	addi	x0,x0,0	  x0:0x00000000
        1395000	       138	8000016c	00c003ef	jal	x7,8000016c	  x7=0x8000016c
        1405000	       139	00000000	00000013	addi	x0,x0,0	  x0:0x00000000
        1415000	       140	80000174	00000013	addi	x0,x0,0	  x0:0x00000000
        1425000	       141	80000178	fedff1ef	jal	x3,80000178	  x3=0x80000178
        1435000	       142	00000000	00000013	addi	x0,x0,0	  x0:0x00000000
        1445000	       143	80000160	00000013	addi	x0,x0,0	  x0:0x00000000
        1455000	       144	80000164	02c00f6f	jal	x30,80000164	 x30=0x80000164
        1465000	       145	00000000	00000013	addi	x0,x0,0	  x0:0x00000000
        1475000	       146	8000018c	00000013	addi	x0,x0,0	  x0:0x00000000
        1485000	       147	80000190	fd1ff0ef	jal	x1,80000190	  x1=0x80000190
        1495000	       148	00000000	00000013	addi	x0,x0,0	  x0:0x00000000
        1505000	       149	8000015c	00000013	addi	x0,x0,0	  x0:0x00000000
        1515000	       150	80000160	ff5ff0ef	jal	x1,80000160	  x1=0x80000160
        1525000	       151	00000000	00000013	addi	x0,x0,0	  x0:0x00000000
        1535000	       152	80000150	00000013	addi	x0,x0,0	  x0:0x00000000
        1545000	       153	80000154	01c000ef	jal	x1,80000154	  x1=0x80000154
        1555000	       154	00000000	00000013	addi	x0,x0,0	  x0:0x00000000
        1565000	       155	8000016c	00000013	addi	x0,x0,0	  x0:0x00000000
        1575000	       156	80000170	018000ef	jal	x1,80000170	  x1=0x80000170
        1585000	       157	00000000	00000013	addi	x0,x0,0	  x0:0x00000000
        1595000	       158	80000184	00000013	addi	x0,x0,0	  x0:0x00000000
        1605000	       159	80000188	ffdff0ef	jal	x1,80000188	  x1=0x80000188
        1615000	       160	00000000	00000013	addi	x0,x0,0	  x0:0x00000000
        1625000	       161	80000180	00000013	addi	x0,x0,0	  x0:0x00000000
        1635000	       162	80000184	ff9ff0ef	jal	x1,80000184	  x1=0x80000184
        1645000	       163	00000000	00000013	addi	x0,x0,0	  x0:0x00000000
        1655000	       164	80000178	00000013	addi	x0,x0,0	  x0:0x00000000
        1665000	       165	8000017c	004000ef	jal	x1,8000017c	  x1=0x8000017c
        1675000	       166	00000000	00000013	addi	x0,x0,0	  x0:0x00000000
        1685000	       167	8000017c	00000013	addi	x0,x0,0	  x0:0x00000000
        1695000	       168	80000180	fd9ff0ef	jal	x1,80000180	  x1=0x80000180
        1705000	       169	00000000	00000013	addi	x0,x0,0	  x0:0x00000000
        1715000	       170	80000154	00000013	addi	x0,x0,0	  x0:0x00000000
        1725000	       171	80000158	040000ef	jal	x1,80000158	  x1=0x80000158
        1735000	       172	00000000	00000013	addi	x0,x0,0	  x0:0x00000000
        1745000	       173	80000194	00000013	addi	x0,x0,0	  x0:0x00000000
        1755000	       174	80000198	0078df93	srli	x31,x17,0x7	 x17:0x00000000 x31=0x00000000
        1765000	       175	8000019c	02c000ef	jal	x1,8000019c	  x1=0x8000019c
        1775000	       176	00000000	00000013	addi	x0,x0,0	  x0:0x00000000
        1785000	       177	800001c4	00000013	addi	x0,x0,0	  x0:0x00000000
        1795000	       178	800001c8	ff1ffcef	jal	x25,800001c8	 x25=0x800001c8
        1805000	       179	00000000	00000013	addi	x0,x0,0	  x0:0x00000000
        1815000	       180	800001b4	00000013	addi	x0,x0,0	  x0:0x00000000
        1825000	       181	800001b8	024000ef	jal	x1,800001b8	  x1=0x800001b8
        1835000	       182	00000000	00000013	addi	x0,x0,0	  x0:0x00000000
        1845000	       183	800001d8	00000013	addi	x0,x0,0	  x0:0x00000000
        1855000	       184	800001dc	ff5ff0ef	jal	x1,800001dc	  x1=0x800001dc
        1865000	       185	00000000	00000013	addi	x0,x0,0	  x0:0x00000000
        1875000	       186	800001cc	00000013	addi	x0,x0,0	  x0:0x00000000
        1885000	       187	800001d0	fd1ffdef	jal	x27,800001d0	 x27=0x800001d0
        1895000	       188	00000000	00000013	addi	x0,x0,0	  x0:0x00000000
        1905000	       189	8000019c	00000013	addi	x0,x0,0	  x0:0x00000000
        1915000	       190	800001a0	038000ef	jal	x1,800001a0	  x1=0x800001a0
        1925000	       191	00000000	00000013	addi	x0,x0,0	  x0:0x00000000
        1935000	       192	800001d4	00000013	addi	x0,x0,0	  x0:0x00000000
        1945000	       193	800001d8	ffdff0ef	jal	x1,800001d8	  x1=0x800001d8
        1955000	       194	00000000	00000013	addi	x0,x0,0	  x0:0x00000000
        1965000	       195	800001d0	00000013	addi	x0,x0,0	  x0:0x00000000
        1975000	       196	800001d4	fedff36f	jal	x6,800001d4	  x6=0x800001d4
        1985000	       197	00000000	00000013	addi	x0,x0,0	  x0:0x00000000
        1995000	       198	800001bc	00000013	addi	x0,x0,0	  x0:0x00000000
        2005000	       199	800001c0	fe5ff4ef	jal	x9,800001c0	  x9=0x800001c0
        2015000	       200	00000000	00000013	addi	x0,x0,0	  x0:0x00000000
        2025000	       201	800001a0	00000013	addi	x0,x0,0	  x0:0x00000000
        2035000	       202	800001a4	018000ef	jal	x1,800001a4	  x1=0x800001a4
        2045000	       203	00000000	00000013	addi	x0,x0,0	  x0:0x00000000
        2055000	       204	800001b8	00000013	addi	x0,x0,0	  x0:0x00000000
        2065000	       205	800001bc	ff1ffd6f	jal	x26,800001bc	 x26=0x800001bc
        2075000	       206	00000000	00000013	addi	x0,x0,0	  x0:0x00000000
        2085000	       207	800001a8	00000013	addi	x0,x0,0	  x0:0x00000000
        2095000	       208	800001ac	004000ef	jal	x1,800001ac	  x1=0x800001ac
        2105000	       209	00000000	00000013	addi	x0,x0,0	  x0:0x00000000
        2115000	       210	800001ac	00000013	addi	x0,x0,0	  x0:0x00000000
        2125000	       211	800001b0	01c000ef	jal	x1,800001b0	  x1=0x800001b0
        2135000	       212	00000000	00000013	addi	x0,x0,0	  x0:0x00000000
        2145000	       213	800001c8	00000013	addi	x0,x0,0	  x0:0x00000000
        2155000	       214	800001cc	fddff36f	jal	x6,800001cc	  x6=0x800001cc
        2165000	       215	00000000	00000013	addi	x0,x0,0	  x0:0x00000000
        2175000	       216	800001a4	00000013	addi	x0,x0,0	  x0:0x00000000
        2185000	       217	800001a8	01c0036f	jal	x6,800001a8	  x6=0x800001a8
        2195000	       218	00000000	00000013	addi	x0,x0,0	  x0:0x00000000
        2205000	       219	800001c0	00000013	addi	x0,x0,0	  x0:0x00000000
        2215000	       220	800001c4	01c000ef	jal	x1,800001c4	  x1=0x800001c4
        2225000	       221	00000000	00000013	addi	x0,x0,0	  x0:0x00000000
        2235000	       222	800001dc	00000013	addi	x0,x0,0	  x0:0x00000000
        2245000	       223	800001e0	fd5ff0ef	jal	x1,800001e0	  x1=0x800001e0
        2255000	       224	00000000	00000013	addi	x0,x0,0	  x0:0x00000000
        2265000	       225	800001b0	00000013	addi	x0,x0,0	  x0:0x00000000
        2275000	       226	800001b4	03000a6f	jal	x20,800001b4	 x20=0x800001b4
        2285000	       227	00000000	00000013	addi	x0,x0,0	  x0:0x00000000
        2295000	       228	800001e0	00000013	addi	x0,x0,0	  x0:0x00000000
        2305000	       229	800001e4	00000013	addi	x0,x0,0	  x0:0x00000000
        2315000	       230	800001e8	01c000ef	jal	x1,800001e8	  x1=0x800001e8
        2325000	       231	00000000	00000013	addi	x0,x0,0	  x0:0x00000000
        2335000	       232	80000200	00000013	addi	x0,x0,0	  x0:0x00000000
        2345000	       233	80000204	fe9ff46f	jal	x8,80000204	  x8=0x80000204
        2355000	       234	00000000	00000013	addi	x0,x0,0	  x0:0x00000000
        2365000	       235	800001e8	00000013	addi	x0,x0,0	  x0:0x00000000
        2375000	       236	800001ec	014000ef	jal	x1,800001ec	  x1=0x800001ec
        2385000	       237	00000000	00000013	addi	x0,x0,0	  x0:0x00000000
        2395000	       238	800001fc	00000013	addi	x0,x0,0	  x0:0x00000000
        2405000	       239	80000200	ff1ff36f	jal	x6,80000200	  x6=0x80000200
        2415000	       240	00000000	00000013	addi	x0,x0,0	  x0:0x00000000
        2425000	       241	800001ec	00000013	addi	x0,x0,0	  x0:0x00000000
        2435000	       242	800001f0	018000ef	jal	x1,800001f0	  x1=0x800001f0
        2445000	       243	00000000	00000013	addi	x0,x0,0	  x0:0x00000000
        2455000	       244	80000204	00000013	addi	x0,x0,0	  x0:0x00000000
        2465000	       245	80000208	01400cef	jal	x25,80000208	 x25=0x80000208
        2475000	       246	00000000	00000013	addi	x0,x0,0	  x0:0x00000000
        2485000	       247	80000218	00000013	addi	x0,x0,0	  x0:0x00000000
        2495000	       248	8000021c	ff1ff0ef	jal	x1,8000021c	  x1=0x8000021c
        2505000	       249	00000000	00000013	addi	x0,x0,0	  x0:0x00000000
        2515000	       250	80000208	00000013	addi	x0,x0,0	  x0:0x00000000
        2525000	       251	8000020c	fe9ff0ef	jal	x1,8000020c	  x1=0x8000020c
        2535000	       252	00000000	00000013	addi	x0,x0,0	  x0:0x00000000
        2545000	       253	800001f0	00000013	addi	x0,x0,0	  x0:0x00000000
        2555000	       254	800001f4	008000ef	jal	x1,800001f4	  x1=0x800001f4
        2565000	       255	00000000	00000013	addi	x0,x0,0	  x0:0x00000000
        2575000	       256	800001f8	00000013	addi	x0,x0,0	  x0:0x00000000
        2585000	       257	800001fc	014000ef	jal	x1,800001fc	  x1=0x800001fc
        2595000	       258	00000000	00000013	addi	x0,x0,0	  x0:0x00000000
        2605000	       259	8000020c	00000013	addi	x0,x0,0	  x0:0x00000000
        2615000	       260	80000210	008000ef	jal	x1,80000210	  x1=0x80000210
        2625000	       261	00000000	00000013	addi	x0,x0,0	  x0:0x00000000
        2635000	       262	80000214	00000013	addi	x0,x0,0	  x0:0x00000000
        2645000	       263	80000218	008008ef	jal	x17,80000218	 x17=0x80000218
        2655000	       264	00000000	00000013	addi	x0,x0,0	  x0:0x00000000
        2665000	       265	8000021c	00000013	addi	x0,x0,0	  x0:0x00000000
        2675000	       266	80000220	ff5fff6f	jal	x30,80000220	 x30=0x80000220
        2685000	       267	00000000	00000013	addi	x0,x0,0	  x0:0x00000000
        2695000	       268	80000210	00000013	addi	x0,x0,0	  x0:0x00000000
        2705000	       269	80000214	fe5ff0ef	jal	x1,80000214	  x1=0x80000214
        2715000	       270	00000000	00000013	addi	x0,x0,0	  x0:0x00000000
        2725000	       271	800001f4	00000013	addi	x0,x0,0	  x0:0x00000000
        2735000	       272	800001f8	030000ef	jal	x1,800001f8	  x1=0x800001f8
        2745000	       273	00000000	00000013	addi	x0,x0,0	  x0:0x00000000
        2755000	       274	80000224	00000013	addi	x0,x0,0	  x0:0x00000000
        2765000	       275	80000228	00400c6f	jal	x24,80000228	 x24=0x80000228
        2775000	       276	00000000	00000013	addi	x0,x0,0	  x0:0x00000000
        2785000	       277	80000228	00000013	addi	x0,x0,0	  x0:0x00000000
        2795000	       278	8000022c	004000ef	jal	x1,8000022c	  x1=0x8000022c
        2805000	       279	00000000	00000013	addi	x0,x0,0	  x0:0x00000000
        2815000	       280	8000022c	00000013	addi	x0,x0,0	  x0:0x00000000
        2825000	       281	80000230	004000ef	jal	x1,80000230	  x1=0x80000230
        2835000	       282	00000000	00000013	addi	x0,x0,0	  x0:0x00000000
        2845000	       283	80000230	00000013	addi	x0,x0,0	  x0:0x00000000
        2855000	       284	80000234	ff1ff36f	jal	x6,80000234	  x6=0x80000234
        2865000	       285	00000000	00000013	addi	x0,x0,0	  x0:0x00000000
        2875000	       286	80000220	00000013	addi	x0,x0,0	  x0:0x00000000
        2885000	       287	80000224	0140016f	jal	x2,80000224	  x2=0x80000224
        2895000	       288	00000000	00000013	addi	x0,x0,0	  x0:0x00000000
        2905000	       289	80000234	00000013	addi	x0,x0,0	  x0:0x00000000
        2915000	       290	80000238	01d96ab3	or	x21,x18,x29	 x18:0x2557d6e3 x29:0x092d7f55 x21=0x2d7ffff7
        2925000	       291	8000023c	008000ef	jal	x1,8000023c	  x1=0x8000023c
        2935000	       292	00000000	00000013	addi	x0,x0,0	  x0:0x00000000
        2945000	       293	80000240	00000013	addi	x0,x0,0	  x0:0x00000000
        2955000	       294	80000244	03c00aef	jal	x21,80000244	 x21=0x80000244
        2965000	       295	00000000	00000013	addi	x0,x0,0	  x0:0x00000000
        2975000	       296	8000027c	00000013	addi	x0,x0,0	  x0:0x00000000
        2985000	       297	80000280	fd9ff36f	jal	x6,80000280	  x6=0x80000280
        2995000	       298	00000000	00000013	addi	x0,x0,0	  x0:0x00000000
        3005000	       299	80000254	00000013	addi	x0,x0,0	  x0:0x00000000
        3015000	       300	80000258	ffdff7ef	jal	x15,80000258	 x15=0x80000258
        3025000	       301	00000000	00000013	addi	x0,x0,0	  x0:0x00000000
        3035000	       302	80000250	00000013	addi	x0,x0,0	  x0:0x00000000
        3045000	       303	80000254	040000ef	jal	x1,80000254	  x1=0x80000254
        3055000	       304	00000000	00000013	addi	x0,x0,0	  x0:0x00000000
        3065000	       305	80000290	00000013	addi	x0,x0,0	  x0:0x00000000
        3075000	       306	80000294	fcdff2ef	jal	x5,80000294	  x5=0x80000294
        3085000	       307	00000000	00000013	addi	x0,x0,0	  x0:0x00000000
        3095000	       308	8000025c	00000013	addi	x0,x0,0	  x0:0x00000000
        3105000	       309	80000260	fe9ff36f	jal	x6,80000260	  x6=0x80000260
        3115000	       310	00000000	00000013	addi	x0,x0,0	  x0:0x00000000
        3125000	       311	80000244	00000013	addi	x0,x0,0	  x0:0x00000000
        3135000	       312	80000248	050000ef	jal	x1,80000248	  x1=0x80000248
        3145000	       313	00000000	00000013	addi	x0,x0,0	  x0:0x00000000
        3155000	       314	80000294	00000013	addi	x0,x0,0	  x0:0x00000000
        3165000	       315	80000298	ff9ff0ef	jal	x1,80000298	  x1=0x80000298
        3175000	       316	00000000	00000013	addi	x0,x0,0	  x0:0x00000000
        3185000	       317	8000028c	00000013	addi	x0,x0,0	  x0:0x00000000
        3195000	       318	80000290	ff9ff36f	jal	x6,80000290	  x6=0x80000290
        3205000	       319	00000000	00000013	addi	x0,x0,0	  x0:0x00000000
        3215000	       320	80000284	00000013	addi	x0,x0,0	  x0:0x00000000
        3225000	       321	80000288	fedff0ef	jal	x1,80000288	  x1=0x80000288
        3235000	       322	00000000	00000013	addi	x0,x0,0	  x0:0x00000000
        3245000	       323	80000270	00000013	addi	x0,x0,0	  x0:0x00000000
        3255000	       324	80000274	ff1fff6f	jal	x30,80000274	 x30=0x80000274
        3265000	       325	00000000	00000013	addi	x0,x0,0	  x0:0x00000000
        3275000	       326	80000260	00000013	addi	x0,x0,0	  x0:0x00000000
        3285000	       327	80000264	018000ef	jal	x1,80000264	  x1=0x80000264
        3295000	       328	00000000	00000013	addi	x0,x0,0	  x0:0x00000000
        3305000	       329	80000278	00000013	addi	x0,x0,0	  x0:0x00000000
        3315000	       330	8000027c	ff5ff0ef	jal	x1,8000027c	  x1=0x8000027c
        3325000	       331	00000000	00000013	addi	x0,x0,0	  x0:0x00000000
        3335000	       332	8000026c	00000013	addi	x0,x0,0	  x0:0x00000000
        3345000	       333	80000270	fe1ff1ef	jal	x3,80000270	  x3=0x80000270
        3355000	       334	00000000	00000013	addi	x0,x0,0	  x0:0x00000000
        3365000	       335	8000024c	00000013	addi	x0,x0,0	  x0:0x00000000
        3375000	       336	80000250	03c0036f	jal	x6,80000250	  x6=0x80000250
        3385000	       337	00000000	00000013	addi	x0,x0,0	  x0:0x00000000
        3395000	       338	80000288	00000013	addi	x0,x0,0	  x0:0x00000000
        3405000	       339	8000028c	fb5ff0ef	jal	x1,8000028c	  x1=0x8000028c
        3415000	       340	00000000	00000013	addi	x0,x0,0	  x0:0x00000000
        3425000	       341	8000023c	00000013	addi	x0,x0,0	  x0:0x00000000
        3435000	       342	80000240	01c000ef	jal	x1,80000240	  x1=0x80000240
        3445000	       343	00000000	00000013	addi	x0,x0,0	  x0:0x00000000
        3455000	       344	80000258	00000013	addi	x0,x0,0	  x0:0x00000000
        3465000	       345	8000025c	ff1ff0ef	jal	x1,8000025c	  x1=0x8000025c
        3475000	       346	00000000	00000013	addi	x0,x0,0	  x0:0x00000000
        3485000	       347	80000248	00000013	addi	x0,x0,0	  x0:0x00000000
        3495000	       348	8000024c	02c0036f	jal	x6,8000024c	  x6=0x8000024c
        3505000	       349	00000000	00000013	addi	x0,x0,0	  x0:0x00000000
        3515000	       350	80000274	00000013	addi	x0,x0,0	  x0:0x00000000
        3525000	       351	80000278	ff1ffbef	jal	x23,80000278	 x23=0x80000278
        3535000	       352	00000000	00000013	addi	x0,x0,0	  x0:0x00000000
        3545000	       353	80000264	00000013	addi	x0,x0,0	  x0:0x00000000
        3555000	       354	80000268	034000ef	jal	x1,80000268	  x1=0x80000268
        3565000	       355	00000000	00000013	addi	x0,x0,0	  x0:0x00000000
        3575000	       356	80000298	00000013	addi	x0,x0,0	  x0:0x00000000
        3585000	       357	8000029c	fd1ff4ef	jal	x9,8000029c	  x9=0x8000029c
        3595000	       358	00000000	00000013	addi	x0,x0,0	  x0:0x00000000
        3605000	       359	80000268	00000013	addi	x0,x0,0	  x0:0x00000000
        3615000	       360	8000026c	0180036f	jal	x6,8000026c	  x6=0x8000026c
        3625000	       361	00000000	00000013	addi	x0,x0,0	  x0:0x00000000
        3635000	       362	80000280	00000013	addi	x0,x0,0	  x0:0x00000000
        3645000	       363	80000284	01c000ef	jal	x1,80000284	  x1=0x80000284
        3655000	       364	00000000	00000013	addi	x0,x0,0	  x0:0x00000000
        3665000	       365	8000029c	00000013	addi	x0,x0,0	  x0:0x00000000
        3675000	       366	800002a0	00fe3fb3	sltu	x31,x28,x15	 x28:0x80009fc4 x15:0x80000258 x31=0x00000000
        3685000	       367	800002a4	058000ef	jal	x1,800002a4	  x1=0x800002a4
        3695000	       368	00000000	00000013	addi	x0,x0,0	  x0:0x00000000
        3705000	       369	800002f8	00000013	addi	x0,x0,0	  x0:0x00000000
        3715000	       370	800002fc	fb5ff0ef	jal	x1,800002fc	  x1=0x800002fc
        3725000	       371	00000000	00000013	addi	x0,x0,0	  x0:0x00000000
        3735000	       372	800002ac	00000013	addi	x0,x0,0	  x0:0x00000000
        3745000	       373	800002b0	048000ef	jal	x1,800002b0	  x1=0x800002b0
        3755000	       374	00000000	00000013	addi	x0,x0,0	  x0:0x00000000
        3765000	       375	800002f4	00000013	addi	x0,x0,0	  x0:0x00000000
        3775000	       376	800002f8	fd5ff0ef	jal	x1,800002f8	  x1=0x800002f8
        3785000	       377	00000000	00000013	addi	x0,x0,0	  x0:0x00000000
        3795000	       378	800002c8	00000013	addi	x0,x0,0	  x0:0x00000000
        3805000	       379	800002cc	ff1ff36f	jal	x6,800002cc	  x6=0x800002cc
        3815000	       380	00000000	00000013	addi	x0,x0,0	  x0:0x00000000
        3825000	       381	800002b8	00000013	addi	x0,x0,0	  x0:0x00000000
        3835000	       382	800002bc	fedff36f	jal	x6,800002bc	  x6=0x800002bc
        3845000	       383	00000000	00000013	addi	x0,x0,0	  x0:0x00000000
        3855000	       384	800002a4	00000013	addi	x0,x0,0	  x0:0x00000000
        3865000	       385	800002a8	03c000ef	jal	x1,800002a8	  x1=0x800002a8
        3875000	       386	00000000	00000013	addi	x0,x0,0	  x0:0x00000000
        3885000	       387	800002e0	00000013	addi	x0,x0,0	  x0:0x00000000
        3895000	       388	800002e4	fedff0ef	jal	x1,800002e4	  x1=0x800002e4
        3905000	       389	00000000	00000013	addi	x0,x0,0	  x0:0x00000000
        3915000	       390	800002cc	00000013	addi	x0,x0,0	  x0:0x00000000
        3925000	       391	800002d0	00c0036f	jal	x6,800002d0	  x6=0x800002d0
        3935000	       392	00000000	00000013	addi	x0,x0,0	  x0:0x00000000
        3945000	       393	800002d8	00000013	addi	x0,x0,0	  x0:0x00000000
        3955000	       394	800002dc	0100036f	jal	x6,800002dc	  x6=0x800002dc
        3965000	       395	00000000	00000013	addi	x0,x0,0	  x0:0x00000000
        3975000	       396	800002e8	00000013	addi	x0,x0,0	  x0:0x00000000
        3985000	       397	800002ec	020000ef	jal	x1,800002ec	  x1=0x800002ec
        3995000	       398	00000000	00000013	addi	x0,x0,0	  x0:0x00000000
        4005000	       399	80000308	00000013	addi	x0,x0,0	  x0:0x00000000
        4015000	       400	8000030c	fcdff0ef	jal	x1,8000030c	  x1=0x8000030c
        4025000	       401	00000000	00000013	addi	x0,x0,0	  x0:0x00000000
        4035000	       402	800002d4	00000013	addi	x0,x0,0	  x0:0x00000000
        4045000	       403	800002d8	fe9ff56f	jal	x10,800002d8	 x10=0x800002d8
        4055000	       404	00000000	00000013	addi	x0,x0,0	  x0:0x00000000
        4065000	       405	800002bc	00000013	addi	x0,x0,0	  x0:0x00000000
        4075000	       406	800002c0	034000ef	jal	x1,800002c0	  x1=0x800002c0
        4085000	       407	00000000	00000013	addi	x0,x0,0	  x0:0x00000000
        4095000	       408	800002f0	00000013	addi	x0,x0,0	  x0:0x00000000
        4105000	       409	800002f4	ff5ffaef	jal	x21,800002f4	 x21=0x800002f4
        4115000	       410	00000000	00000013	addi	x0,x0,0	  x0:0x00000000
        4125000	       411	800002e4	00000013	addi	x0,x0,0	  x0:0x00000000
        4135000	       412	800002e8	ff9ff36f	jal	x6,800002e8	  x6=0x800002e8
        4145000	       413	00000000	00000013	addi	x0,x0,0	  x0:0x00000000
        4155000	       414	800002dc	00000013	addi	x0,x0,0	  x0:0x00000000
        4165000	       415	800002e0	fd5ff0ef	jal	x1,800002e0	  x1=0x800002e0
        4175000	       416	00000000	00000013	addi	x0,x0,0	  x0:0x00000000
        4185000	       417	800002b0	00000013	addi	x0,x0,0	  x0:0x00000000
        4195000	       418	800002b4	050000ef	jal	x1,800002b4	  x1=0x800002b4
        4205000	       419	00000000	00000013	addi	x0,x0,0	  x0:0x00000000
        4215000	       420	80000300	00000013	addi	x0,x0,0	  x0:0x00000000
        4225000	       421	80000304	fb5ff0ef	jal	x1,80000304	  x1=0x80000304
        4235000	       422	00000000	00000013	addi	x0,x0,0	  x0:0x00000000
        4245000	       423	800002b4	00000013	addi	x0,x0,0	  x0:0x00000000
        4255000	       424	800002b8	01c0036f	jal	x6,800002b8	  x6=0x800002b8
        4265000	       425	00000000	00000013	addi	x0,x0,0	  x0:0x00000000
        4275000	       426	800002d0	00000013	addi	x0,x0,0	  x0:0x00000000
        4285000	       427	800002d4	034000ef	jal	x1,800002d4	  x1=0x800002d4
        4295000	       428	00000000	00000013	addi	x0,x0,0	  x0:0x00000000
        4305000	       429	80000304	00000013	addi	x0,x0,0	  x0:0x00000000
        4315000	       430	80000308	fa5ff0ef	jal	x1,80000308	  x1=0x80000308
        4325000	       431	00000000	00000013	addi	x0,x0,0	  x0:0x00000000
        4335000	       432	800002a8	00000013	addi	x0,x0,0	  x0:0x00000000
        4345000	       433	800002ac	0440036f	jal	x6,800002ac	  x6=0x800002ac
        4355000	       434	00000000	00000013	addi	x0,x0,0	  x0:0x00000000
        4365000	       435	800002ec	00000013	addi	x0,x0,0	  x0:0x00000000
        4375000	       436	800002f0	fd9ff0ef	jal	x1,800002f0	  x1=0x800002f0
        4385000	       437	00000000	00000013	addi	x0,x0,0	  x0:0x00000000
        4395000	       438	800002c4	00000013	addi	x0,x0,0	  x0:0x00000000
        4405000	       439	800002c8	0380096f	jal	x18,800002c8	 x18=0x800002c8
        4415000	       440	00000000	00000013	addi	x0,x0,0	  x0:0x00000000
        4425000	       441	800002fc	00000013	addi	x0,x0,0	  x0:0x00000000
        4435000	       442	80000300	fc5ffd6f	jal	x26,80000300	 x26=0x80000300
        4445000	       443	00000000	00000013	addi	x0,x0,0	  x0:0x00000000
        4455000	       444	800002c0	00000013	addi	x0,x0,0	  x0:0x00000000
        4465000	       445	800002c4	04c0036f	jal	x6,800002c4	  x6=0x800002c4
        4475000	       446	00000000	00000013	addi	x0,x0,0	  x0:0x00000000
        4485000	       447	8000030c	00000013	addi	x0,x0,0	  x0:0x00000000
        4495000	       448	80000310	00920d33	add	x26,x4,x9	  x4:0x80000138  x9:0x8000029c x26=0x000003d4
        4505000	       449	80000314	041ac463	blt	x21,x1,8000035c	 x21:0x800002f4  x1:0x800002f0
        4515000	       450	80000318	67ea3393	sltiu	x7,x20,1662	 x20:0x800001b4  x7=0x00000000
        4525000	       451	8000031c	0105d3b3	srl	x7,x11,x16	 x11:0x80009f84 x16:0x00000006  x7=0x0200027e
        4535000	       452	80000320	00d6b033	sltu	x0,x13,x13	 x13:0x8000011c x13:0x8000011c
        4545000	       453	80000324	03cefe63	bgeu	x29,x28,80000360	 x29:0x092d7f55 x28:0x80009fc4
        4555000	       454	80000328	45006813	ori	x16,x0,1104	  x0:0x00000000 x16=0x00000450
        4565000	       455	8000032c	0151c733	xor	x14,x3,x21	  x3:0x80000270 x21:0x800002f4 x14=0x00000084
        4575000	       456	80000330	02dfc063	blt	x31,x13,80000350	 x31:0x00000000 x13:0x8000011c
        4585000	       457	80000334	01932db3	slt	x27,x6,x25	  x6:0x800002c4 x25:0x80000208 x27=0x00000000
        4595000	       458	80000338	f8f6ba93	sltiu	x21,x13,-113	 x13:0x8000011c x21=0x00000001
        4605000	       459	8000033c	02e97a63	bgeu	x18,x14,80000370	 x18:0x800002c8 x14:0x00000084
        4615000	       460	00000000	00000013	addi	x0,x0,0	  x0:0x00000000
        4625000	       461	8000036c	00000013	addi	x0,x0,0	  x0:0x00000000
        4635000	       462	80000370	03a40063	beq	x8,x26,80000390	  x8:0x80000204 x26:0x000003d4
        4645000	       463	80000374	01406663	bltu	x0,x20,80000380	  x0:0x00000000 x20:0x800001b4
        4655000	       464	00000000	00000013	addi	x0,x0,0	  x0:0x00000000
        4665000	       465	8000037c	00000013	addi	x0,x0,0	  x0:0x00000000
        4675000	       466	80000380	41285b93	srai	x23,x16,0x12	 x16:0x00000450 x23=0x00000000
        4685000	       467	80000384	01eeea63	bltu	x29,x30,80000398	 x29:0x092d7f55 x30:0x80000274
        4695000	       468	00000000	00000013	addi	x0,x0,0	  x0:0x00000000
        4705000	       469	80000394	00000013	addi	x0,x0,0	  x0:0x00000000
        4715000	       470	80000398	01825e63	bge	x4,x24,800003b4	  x4:0x80000138 x24:0x80000228
        4725000	       471	8000039c	00d90233	add	x4,x18,x13	 x18:0x800002c8 x13:0x8000011c  x4=0x000003e4
        4735000	       472	800003a0	41bedb93	srai	x23,x29,0x1b	 x29:0x092d7f55 x23=0x00000001
        4745000	       473	800003a4	007fc4b3	xor	x9,x31,x7	 x31:0x00000000  x7:0x0200027e  x9=0x0200027e
        4755000	       474	800003a8	05268863	beq	x13,x18,800003f8	 x13:0x8000011c x18:0x800002c8
        4765000	       475	800003ac	01b4c663	blt	x9,x27,800003b8	  x9:0x0200027e x27:0x00000000
        4775000	       476	800003b0	015f9a63	bne	x31,x21,800003c4	 x31:0x00000000 x21:0x00000001
        4785000	       477	00000000	00000013	addi	x0,x0,0	  x0:0x00000000
        4795000	       478	800003c0	00000013	addi	x0,x0,0	  x0:0x00000000
        4805000	       479	800003c4	01e95193	srli	x3,x18,0x1e	 x18:0x800002c8  x3=0x00000002
        4815000	       480	800003c8	05f38263	beq	x7,x31,8000040c	  x7:0x0200027e x31:0x00000000
        4825000	       481	800003cc	799b3f93	sltiu	x31,x22,1945	 x22:0x00000000 x31=0x00000001
        4835000	       482	800003d0	019f0a63	beq	x30,x25,800003e4	 x30:0x80000274 x25:0x80000208
        4845000	       483	800003d4	019c9a63	bne	x25,x25,800003e8	 x25:0x80000208 x25:0x80000208
        4855000	       484	800003d8	032f7863	bgeu	x30,x18,80000408	 x30:0x80000274 x18:0x800002c8
        4865000	       485	800003dc	f1dbb317	auipc	x6,0xf1dbb	  x6=0x71dbb3d8
        4875000	       486	800003e0	01dbf1b3	and	x3,x23,x29	 x23:0x00000001 x29:0x092d7f55  x3=0x00000001
        4885000	       487	800003e4	41abd313	srai	x6,x23,0x1a	 x23:0x00000001  x6=0x00000000
        4895000	       488	800003e8	0126c433	xor	x8,x13,x18	 x13:0x8000011c x18:0x800002c8  x8=0x000003d4
        4905000	       489	800003ec	365041b7	lui	x3,0x36504	  x3=0x36504000
        4915000	       490	800003f0	059b9063	bne	x23,x25,80000430	 x23:0x00000001 x25:0x80000208
        4925000	       491	00000000	00000013	addi	x0,x0,0	  x0:0x00000000
        4935000	       492	8000042c	00000013	addi	x0,x0,0	  x0:0x00000000
        4945000	       493	80000430	0017dab3	srl	x21,x15,x1	 x15:0x80000258  x1:0x800002f0 x21=0x00008000
        4955000	       494	80000434	00dfd263	bge	x31,x13,80000438	 x31:0x00000001 x13:0x8000011c
        4965000	       495	00000000	00000013	addi	x0,x0,0	  x0:0x00000000
        4975000	       496	80000434	00000013	addi	x0,x0,0	  x0:0x00000000
        4985000	       497	80000438	0087e6b3	or	x13,x15,x8	 x15:0x80000258  x8:0x000003d4 x13=0x800003dc
        4995000	       498	8000043c	f8934693	xori	x13,x6,-119	  x6:0x00000000 x13=0xffffff89
        5005000	       499	80000440	0115eab3	or	x21,x11,x17	 x11:0x80009f84 x17:0x80000218 x21=0x80009f9c
        5015000	       500	80000444	21ee7137	lui	x2,0x21ee7	  x2=0x21ee7000
        5025000	       501	80000448	38e08197	auipc	x3,0x38e08	  x3=0xb8e08444
        5035000	       502	8000044c	013a5663	bge	x20,x19,80000458	 x20:0x800001b4 x19:0xff2e9260
        5045000	       503	80000450	01398a33	add	x20,x19,x19	 x19:0xff2e9260 x19:0xff2e9260 x20=0xfe5d24c0
        5055000	       504	80000454	31e73313	sltiu	x6,x14,798	 x14:0x00000084  x6=0x00000001
        5065000	       505	80000458	40205233	sra	x4,x0,x2	  x0:0x00000000  x2:0x21ee7000  x4=0x00000000
        5075000	       506	8000045c	00e333b3	sltu	x7,x6,x14	  x6:0x00000001 x14:0x00000084  x7=0x00000001
        5085000	       507	80000460	5fd43c93	sltiu	x25,x8,1533	  x8:0x000003d4 x25=0x00000001
        5095000	       508	80000464	00dcc663	blt	x25,x13,80000470	 x25:0x00000001 x13:0xffffff89
        5105000	       509	80000468	00000013	addi	x0,x0,0	  x0:0x00000000
        5115000	       510	8000046c	012d9e63	bne	x27,x18,80000488	 x27:0x00000000 x18:0x800002c8
        5125000	       511	00000000	00000013	addi	x0,x0,0	  x0:0x00000000
        5135000	       512	80000484	00000013	addi	x0,x0,0	  x0:0x00000000
        5145000	       513	80000488	b7d96613	ori	x12,x18,-1155	 x18:0x800002c8 x12=0xfffffbfd
        5155000	       514	8000048c	bbcc1cb7	lui	x25,0xbbcc1	 x25=0xbbcc1000
        5165000	       515	80000490	013b2833	slt	x16,x22,x19	 x22:0x00000000 x19:0xff2e9260 x16=0x00000000
        5175000	       516	80000494	0275c463	blt	x11,x7,800004bc	 x11:0x80009f84  x7:0x00000001
        5185000	       517	00000000	00000013	addi	x0,x0,0	  x0:0x00000000
        5195000	       518	800004b8	00000013	addi	x0,x0,0	  x0:0x00000000
        5205000	       519	800004bc	00113a33	sltu	x20,x2,x1	  x2:0x21ee7000  x1:0x800002f0 x20=0x00000001
        5215000	       520	800004c0	01e91313	slli	x6,x18,0x1e	 x18:0x800002c8  x6=0x00000000
        5225000	       521	800004c4	04dbc263	blt	x23,x13,80000508	 x23:0x00000001 x13:0xffffff89
        5235000	       522	800004c8	04908663	beq	x1,x9,80000514	  x1:0x800002f0  x9:0x0200027e
        5245000	       523	800004cc	04f96663	bltu	x18,x15,80000518	 x18:0x800002c8 x15:0x80000258
        5255000	       524	800004d0	01c000ef	jal	x1,800004d0	  x1=0x800004d0
        5265000	       525	00000000	00000013	addi	x0,x0,0	  x0:0x00000000
        5275000	       526	800004e8	00000013	addi	x0,x0,0	  x0:0x00000000
        5285000	       527	800004ec	010000ef	jal	x1,800004ec	  x1=0x800004ec
        5295000	       528	00000000	00000013	addi	x0,x0,0	  x0:0x00000000
        5305000	       529	800004f8	00000013	addi	x0,x0,0	  x0:0x00000000
        5315000	       530	800004fc	fe5ff36f	jal	x6,800004fc	  x6=0x800004fc
        5325000	       531	00000000	00000013	addi	x0,x0,0	  x0:0x00000000
        5335000	       532	800004dc	00000013	addi	x0,x0,0	  x0:0x00000000
        5345000	       533	800004e0	008000ef	jal	x1,800004e0	  x1=0x800004e0
        5355000	       534	00000000	00000013	addi	x0,x0,0	  x0:0x00000000
        5365000	       535	800004e4	00000013	addi	x0,x0,0	  x0:0x00000000
        5375000	       536	800004e8	ff1ff4ef	jal	x9,800004e8	  x9=0x800004e8
        5385000	       537	00000000	00000013	addi	x0,x0,0	  x0:0x00000000
        5395000	       538	800004d4	00000013	addi	x0,x0,0	  x0:0x00000000
        5405000	       539	800004d8	028000ef	jal	x1,800004d8	  x1=0x800004d8
        5415000	       540	00000000	00000013	addi	x0,x0,0	  x0:0x00000000
        5425000	       541	800004fc	00000013	addi	x0,x0,0	  x0:0x00000000
        5435000	       542	80000500	ff1ff36f	jal	x6,80000500	  x6=0x80000500
        5445000	       543	00000000	00000013	addi	x0,x0,0	  x0:0x00000000
        5455000	       544	800004ec	00000013	addi	x0,x0,0	  x0:0x00000000
        5465000	       545	800004f0	ff5ff0ef	jal	x1,800004f0	  x1=0x800004f0
        5475000	       546	00000000	00000013	addi	x0,x0,0	  x0:0x00000000
        5485000	       547	800004e0	00000013	addi	x0,x0,0	  x0:0x00000000
        5495000	       548	800004e4	ff9ff2ef	jal	x5,800004e4	  x5=0x800004e4
        5505000	       549	00000000	00000013	addi	x0,x0,0	  x0:0x00000000
        5515000	       550	800004d8	00000013	addi	x0,x0,0	  x0:0x00000000
        5525000	       551	800004dc	0180036f	jal	x6,800004dc	  x6=0x800004dc
        5535000	       552	00000000	00000013	addi	x0,x0,0	  x0:0x00000000
        5545000	       553	800004f0	00000013	addi	x0,x0,0	  x0:0x00000000
        5555000	       554	800004f4	fe1ff0ef	jal	x1,800004f4	  x1=0x800004f4
        5565000	       555	00000000	00000013	addi	x0,x0,0	  x0:0x00000000
        5575000	       556	800004d0	00000013	addi	x0,x0,0	  x0:0x00000000
        5585000	       557	800004d4	024000ef	jal	x1,800004d4	  x1=0x800004d4
        5595000	       558	00000000	00000013	addi	x0,x0,0	  x0:0x00000000
        5605000	       559	800004f4	00000013	addi	x0,x0,0	  x0:0x00000000
        5615000	       560	800004f8	00c0026f	jal	x4,800004f8	  x4=0x800004f8
        5625000	       561	00000000	00000013	addi	x0,x0,0	  x0:0x00000000
        5635000	       562	80000500	00000013	addi	x0,x0,0	  x0:0x00000000
        5645000	       563	80000504	00de7033	and	x0,x28,x13	 x28:0x80009fc4 x13:0xffffff89
        5655000	       564	80000508	beff3d13	sltiu	x26,x30,-1041	 x30:0x80000274 x26=0x00000001
        5665000	       565	8000050c	018a5ab3	srl	x21,x20,x24	 x20:0x00000001 x24:0x80000228 x21=0x00000000
        5675000	       566	80000510	def7bb93	sltiu	x23,x15,-529	 x15:0x80000258 x23=0x00000001
        5685000	       567	80000514	12e83f97	auipc	x31,0x12e83	 x31=0x92e83510
        5695000	       568	80000518	01a700b3	add	x1,x14,x26	 x14:0x00000084 x26:0x00000001  x1=0x00000085
        5705000	       569	8000051c	03b2a313	slti	x6,x5,59	  x5:0x800004e4  x6=0x00000001
        5715000	       570	80000520	0025e633	or	x12,x11,x2	 x11:0x80009f84  x2:0x21ee7000 x12=0xa1eeff84
        5725000	       571	80000524	03105663	bge	x0,x17,80000550	  x0:0x00000000 x17:0x80000218
        5735000	       572	00000000	00000013	addi	x0,x0,0	  x0:0x00000000
        5745000	       573	8000054c	00000013	addi	x0,x0,0	  x0:0x00000000
        5755000	       574	80000550	00000013	addi	x0,x0,0	  x0:0x00000000
        5765000	       575	80000554	f66c6d13	ori	x26,x24,-154	 x24:0x80000228 x26=0xffffff6e
        5775000	       576	80000558	00f2fcb3	and	x25,x5,x15	  x5:0x800004e4 x15:0x80000258 x25=0x80000040
        5785000	       577	8000055c	01fced33	or	x26,x25,x31	 x25:0x80000040 x31:0x92e83510 x26=0x92e83550
        5795000	       578	80000560	501a6413	ori	x8,x20,1281	 x20:0x00000001  x8=0x00000501
        5805000	       579	80000564	01054ab3	xor	x21,x10,x16	 x10:0x800002d8 x16:0x00000000 x21=0x800002d8
        5815000	       580	80000568	ec88b693	sltiu	x13,x17,-312	 x17:0x80000218 x13=0x00000001
        5825000	       581	8000056c	406082b3	sub	x5,x1,x6	  x1:0x00000085  x6:0x00000001  x5=0x00000084
        5835000	       582	80000570	b8c6a493	slti	x9,x13,-1140	 x13:0x00000001  x9=0x00000000
        5845000	       583	80000574	417d0bb3	sub	x23,x26,x23	 x26:0x92e83550 x23:0x00000001 x23=0x92e8354f
        5855000	       584	80000578	00993633	sltu	x12,x18,x9	 x18:0x800002c8  x9:0x00000000 x12=0x00000000
        5865000	       585	8000057c	004f50b3	srl	x1,x30,x4	 x30:0x80000274  x4:0x800004f8  x1=0x00000080
        5875000	       586	80000580	01724a63	blt	x4,x23,80000594	  x4:0x800004f8 x23:0x92e8354f
        5885000	       587	00000000	00000013	addi	x0,x0,0	  x0:0x00000000
        5895000	       588	80000590	00000013	addi	x0,x0,0	  x0:0x00000000
        5905000	       589	80000594	01f09193	slli	x3,x1,0x1f	  x1:0x00000080  x3=0x00000000
        5915000	       590	80000598	409ad6b3	sra	x13,x21,x9	 x21:0x800002d8  x9:0x00000000 x13=0x800002d8
        5925000	       591	8000059c	f353cb93	xori	x23,x7,-203	  x7:0x00000001 x23=0xffffff34
        5935000	       592	800005a0	ee6cef13	ori	x30,x25,-282	 x25:0x80000040 x30=0xfffffee6
        5945000	       593	800005a4	75828a13	addi	x20,x5,1880	  x5:0x00000084 x20=0x000007dc
        5955000	       594	800005a8	4e7f8937	lui	x18,0x4e7f8	 x18=0x4e7f8000
        5965000	       595	800005ac	015f86b3	add	x13,x31,x21	 x31:0x92e83510 x21:0x800002d8 x13=0x12e837e8
        5975000	       596	800005b0	03a2c863	blt	x5,x26,800005e0	  x5:0x00000084 x26:0x92e83550
        5985000	       597	800005b4	01295533	srl	x10,x18,x18	 x18:0x4e7f8000 x18:0x4e7f8000 x10=0x4e7f8000
        5995000	       598	800005b8	c3067293	andi	x5,x12,-976	 x12:0x00000000  x5=0x00000000
        6005000	       599	800005bc	007fe863	bltu	x31,x7,800005cc	 x31:0x92e83510  x7:0x00000001
        6015000	       600	800005c0	001c81b3	add	x3,x25,x1	 x25:0x80000040  x1:0x00000080  x3=0x800000c0
        6025000	       601	800005c4	45637017	auipc	x0,0x45637	
        6035000	       602	800005c8	0179bfb3	sltu	x31,x19,x23	 x19:0xff2e9260 x23:0xffffff34 x31=0x00000001
        6045000	       603	800005cc	01208663	beq	x1,x18,800005d8	  x1:0x00000080 x18:0x4e7f8000
        6055000	       604	800005d0	018292b3	sll	x5,x5,x24	  x5:0x00000000 x24:0x80000228  x5=0x00000000
        6065000	       605	800005d4	40845133	sra	x2,x8,x8	  x8:0x00000501  x8:0x00000501  x2=0x00000280
        6075000	       606	800005d8	033f0e63	beq	x30,x19,80000614	 x30:0xfffffee6 x19:0xff2e9260
        6085000	       607	800005dc	75157413	andi	x8,x10,1873	 x10:0x4e7f8000  x8=0x00000000
        6095000	       608	800005e0	4098d033	sra	x0,x17,x9	 x17:0x80000218  x9:0x00000000
        6105000	       609	800005e4	7f463393	sltiu	x7,x12,2036	 x12:0x00000000  x7=0x00000001
        6115000	       610	800005e8	01cac133	xor	x2,x21,x28	 x21:0x800002d8 x28:0x80009fc4  x2=0x00009d1c
        6125000	       611	800005ec	04489263	bne	x17,x4,80000630	 x17:0x80000218  x4:0x800004f8
        6135000	       612	00000000	00000013	addi	x0,x0,0	  x0:0x00000000
        6145000	       613	8000062c	00000013	addi	x0,x0,0	  x0:0x00000000
        6155000	       614	80000630	04070863	beq	x14,x0,80000680	 x14:0x00000084  x0:0x00000000
        6165000	       615	80000634	03d14063	blt	x2,x29,80000654	  x2:0x00009d1c x29:0x092d7f55
        6175000	       616	00000000	00000013	addi	x0,x0,0	  x0:0x00000000
        6185000	       617	80000650	00000013	addi	x0,x0,0	  x0:0x00000000
        6195000	       618	80000654	024ee463	bltu	x29,x4,8000067c	 x29:0x092d7f55  x4:0x800004f8
        6205000	       619	00000000	00000013	addi	x0,x0,0	  x0:0x00000000
        6215000	       620	80000678	00000013	addi	x0,x0,0	  x0:0x00000000
        6225000	       621	8000067c	01fcd193	srli	x3,x25,0x1f	 x25:0x80000040  x3=0x00000001
        6235000	       622	80000680	41488033	sub	x0,x17,x20	 x17:0x80000218 x20:0x000007dc
        6245000	       623	80000684	01b2e8b3	or	x17,x5,x27	  x5:0x00000000 x27:0x00000000 x17=0x00000000
        6255000	       624	80000688	41e00b33	sub	x22,x0,x30	  x0:0x00000000 x30:0xfffffee6 x22=0x0000011a
        6265000	       625	8000068c	01334263	blt	x6,x19,80000690	  x6:0x00000001 x19:0xff2e9260
        6275000	       626	80000690	0009c663	blt	x19,x0,8000069c	 x19:0xff2e9260  x0:0x00000000
        6285000	       627	00000000	00000013	addi	x0,x0,0	  x0:0x00000000
        6295000	       628	80000698	00000013	addi	x0,x0,0	  x0:0x00000000
        6305000	       629	8000069c	a0abaa93	slti	x21,x23,-1526	 x23:0xffffff34 x21=0x00000000
        6315000	       630	800006a0	00e70433	add	x8,x14,x14	 x14:0x00000084 x14:0x00000084  x8=0x00000108
        6325000	       631	800006a4	01341c33	sll	x24,x8,x19	  x8:0x00000108 x19:0xff2e9260 x24=0x00000108
        6335000	       632	800006a8	48320f13	addi	x30,x4,1155	  x4:0x800004f8 x30=0x8000097b
        6345000	       633	800006ac	0d25ea63	bltu	x11,x18,80000780	 x11:0x80009f84 x18:0x4e7f8000
        6355000	       634	800006b0	01e122b3	slt	x5,x2,x30	  x2:0x00009d1c x30:0x8000097b  x5=0x00000000
        6365000	       635	800006b4	0873e863	bltu	x7,x7,80000744	  x7:0x00000001  x7:0x00000001
        6375000	       636	800006b8	00000013	addi	x0,x0,0	  x0:0x00000000
        6385000	       637	800006bc	b8a7e293	ori	x5,x15,-1142	 x15:0x80000258  x5=0xfffffbda
        6395000	       638	800006c0	475e2d93	slti	x27,x28,1141	 x28:0x80009fc4 x27=0x00000001
        6405000	       639	800006c4	01e14663	blt	x2,x30,800006d0	  x2:0x00009d1c x30:0x8000097b
        6415000	       640	800006c8	16864713	xori	x14,x12,360	 x12:0x00000000 x14=0x00000168
        6425000	       641	800006cc	002cf933	and	x18,x25,x2	 x25:0x80000040  x2:0x00009d1c x18=0x00000000
        6435000	       642	800006d0	0b9f1063	bne	x30,x25,80000770	 x30:0x8000097b x25:0x80000040
        6445000	       643	00000000	00000013	addi	x0,x0,0	  x0:0x00000000
        6455000	       644	8000076c	00000013	addi	x0,x0,0	  x0:0x00000000
        6465000	       645	80000770	d9feb013	sltiu	x0,x29,-609	 x29:0x092d7f55
        6475000	       646	80000774	16f9cd97	auipc	x27,0x16f9c	 x27=0x96f9c770
        6485000	       647	80000778	01b59f33	sll	x30,x11,x27	 x11:0x80009f84 x27:0x96f9c770 x30=0x9f840000
        6495000	       648	8000077c	0072ee63	bltu	x5,x7,80000798	  x5:0xfffffbda  x7:0x00000001
        6505000	       649	80000780	01d49433	sll	x8,x9,x29	  x9:0x00000000 x29:0x092d7f55  x8=0x00000000
        6515000	       650	80000784	44a17fb7	lui	x31,0x44a17	 x31=0x44a17000
        6525000	       651	80000788	51613f13	sltiu	x30,x2,1302	  x2:0x00009d1c x30=0x00000000
        6535000	       652	8000078c	9e3892b7	lui	x5,0x9e389	  x5=0x9e389000
        6545000	       653	80000790	01d887b3	add	x15,x17,x29	 x17:0x00000000 x29:0x092d7f55 x15=0x092d7f55
        6555000	       654	80000794	ceb90813	addi	x16,x18,-789	 x18:0x00000000 x16=0xfffffceb
        6565000	       655	80000798	6a04af13	slti	x30,x9,1696	  x9:0x00000000 x30=0x00000001
        6575000	       656	8000079c	0119c3b3	xor	x7,x19,x17	 x19:0xff2e9260 x17:0x00000000  x7=0xff2e9260
        6585000	       657	800007a0	0037b7b3	sltu	x15,x15,x3	 x15:0x092d7f55  x3:0x00000001 x15=0x00000000
        6595000	       658	800007a4	00000013	addi	x0,x0,0	  x0:0x00000000
        6605000	       659	800007a8	00aea633	slt	x12,x29,x10	 x29:0x092d7f55 x10:0x4e7f8000 x12=0x00000001
        6615000	       660	800007ac	01fcedb3	or	x27,x25,x31	 x25:0x80000040 x31:0x44a17000 x27=0xc4a17040
        6625000	       661	800007b0	079b6663	bltu	x22,x25,8000081c	 x22:0x0000011a x25:0x80000040
        6635000	       662	00000000	00000013	addi	x0,x0,0	  x0:0x00000000
        6645000	       663	80000818	00000013	addi	x0,x0,0	  x0:0x00000000
        6655000	       664	8000081c	01ab8433	add	x8,x23,x26	 x23:0xffffff34 x26:0x92e83550  x8=0x92e83484
        6665000	       665	80000820	0443e263	bltu	x7,x4,80000864	  x7:0xff2e9260  x4:0x800004f8
        6675000	       666	80000824	011c0333	add	x6,x24,x17	 x24:0x00000108 x17:0x00000000  x6=0x00000108
        6685000	       667	80000828	00824a63	blt	x4,x8,8000083c	  x4:0x800004f8  x8:0x92e83484
        6695000	       668	00000000	00000013	addi	x0,x0,0	  x0:0x00000000
        6705000	       669	80000838	00000013	addi	x0,x0,0	  x0:0x00000000
        6715000	       670	8000083c	ad3d2713	slti	x14,x26,-1325	 x26:0x92e83550 x14=0x00000001
        6725000	       671	80000840	0288fa63	bgeu	x17,x8,80000874	 x17:0x00000000  x8:0x92e83484
        6735000	       672	80000844	004a1663	bne	x20,x4,80000850	 x20:0x000007dc  x4:0x800004f8
        6745000	       673	00000000	00000013	addi	x0,x0,0	  x0:0x00000000
        6755000	       674	8000084c	00000013	addi	x0,x0,0	  x0:0x00000000
        6765000	       675	80000850	00b90733	add	x14,x18,x11	 x18:0x00000000 x11:0x80009f84 x14=0x80009f84
        6775000	       676	80000854	35982b93	slti	x23,x16,857	 x16:0xfffffceb x23=0x00000001
        6785000	       677	80000858	01d5bab3	sltu	x21,x11,x29	 x11:0x80009f84 x29:0x092d7f55 x21=0x00000000
        6795000	       678	8000085c	01a929b3	slt	x19,x18,x26	 x18:0x00000000 x26:0x92e83550 x19=0x00000000
        6805000	       679	80000860	01415433	srl	x8,x2,x20	  x2:0x00009d1c x20:0x000007dc  x8=0x00000000
        6815000	       680	80000864	fed97c93	andi	x25,x18,-19	 x18:0x00000000 x25=0x00000000
        6825000	       681	80000868	00af4433	xor	x8,x30,x10	 x30:0x00000001 x10:0x4e7f8000  x8=0x4e7f8001
        6835000	       682	8000086c	7133ac93	slti	x25,x7,1811	  x7:0xff2e9260 x25=0x00000001
        6845000	       683	80000870	00000013	addi	x0,x0,0	  x0:0x00000000
        6855000	       684	80000874	02a1ee63	bltu	x3,x10,800008b0	  x3:0x00000001 x10:0x4e7f8000
        6865000	       685	00000000	00000013	addi	x0,x0,0	  x0:0x00000000
        6875000	       686	800008ac	00000013	addi	x0,x0,0	  x0:0x00000000
        6885000	       687	800008b0	02429863	bne	x5,x4,800008e0	  x5:0x9e389000  x4:0x800004f8
        6895000	       688	00000000	00000013	addi	x0,x0,0	  x0:0x00000000
        6905000	       689	800008dc	00000013	addi	x0,x0,0	  x0:0x00000000
        6915000	       690	800008e0	2c07fc93	andi	x25,x15,704	 x15:0x00000000 x25=0x00000000
        6925000	       691	800008e4	01f5ea33	or	x20,x11,x31	 x11:0x80009f84 x31:0x44a17000 x20=0xc4a1ff84
        6935000	       692	800008e8	00b00ab3	add	x21,x0,x11	  x0:0x00000000 x11:0x80009f84 x21=0x80009f84
        6945000	       693	800008ec	01d6b2b3	sltu	x5,x13,x29	 x13:0x12e837e8 x29:0x092d7f55  x5=0x00000000
        6955000	       694	800008f0	014d1663	bne	x26,x20,800008fc	 x26:0x92e83550 x20:0xc4a1ff84
        6965000	       695	00000000	00000013	addi	x0,x0,0	  x0:0x00000000
        6975000	       696	800008f8	00000013	addi	x0,x0,0	  x0:0x00000000
        6985000	       697	800008fc	38acfb93	andi	x23,x25,906	 x25:0x00000000 x23=0x00000000
        6995000	       698	80000900	00c6a7b3	slt	x15,x13,x12	 x13:0x12e837e8 x12:0x00000001 x15=0x00000000
        7005000	       699	80000904	007c6a63	bltu	x24,x7,80000918	 x24:0x00000108  x7:0xff2e9260
        7015000	       700	00000000	00000013	addi	x0,x0,0	  x0:0x00000000
        7025000	       701	80000914	00000013	addi	x0,x0,0	  x0:0x00000000
        7035000	       702	80000918	00485193	srli	x3,x16,0x4	 x16:0xfffffceb  x3=0x0fffffce
        7045000	       703	8000091c	88415db7	lui	x27,0x88415	 x27=0x88415000
        7055000	       704	80000920	ac82db37	lui	x22,0xac82d	 x22=0xac82d000
        7065000	       705	80000924	000d3a33	sltu	x20,x26,x0	 x26:0x92e83550  x0:0x00000000 x20=0x00000000
        7075000	       706	80000928	001a3133	sltu	x2,x20,x1	 x20:0x00000000  x1:0x00000080  x2=0x00000001
        7085000	       707	8000092c	fadf6813	ori	x16,x30,-83	 x30:0x00000001 x16=0xffffffad
        7095000	       708	80000930	00e34663	blt	x6,x14,8000093c	  x6:0x00000108 x14:0x80009f84
        7105000	       709	80000934	00c42733	slt	x14,x8,x12	  x8:0x4e7f8001 x12:0x00000001 x14=0x00000000
        7115000	       710	80000938	0125e033	or	x0,x11,x18	 x11:0x80009f84 x18:0x00000000
        7125000	       711	8000093c	003f5a63	bge	x30,x3,80000950	 x30:0x00000001  x3:0x0fffffce
        7135000	       712	80000940	007f3c33	sltu	x24,x30,x7	 x30:0x00000001  x7:0xff2e9260 x24=0x00000001
        7145000	       713	80000944	01da9813	slli	x16,x21,0x1d	 x21:0x80009f84 x16=0x80000000
        7155000	       714	80000948	46790a93	addi	x21,x18,1127	 x18:0x00000000 x21=0x00000467
        7165000	       715	8000094c	04d20263	beq	x4,x13,80000990	  x4:0x800004f8 x13:0x12e837e8
        7175000	       716	80000950	01b8fa63	bgeu	x17,x27,80000964	 x17:0x00000000 x27:0x88415000
        7185000	       717	80000954	053f9063	bne	x31,x19,80000994	 x31:0x44a17000 x19:0x00000000
        7195000	       718	00000000	00000013	addi	x0,x0,0	  x0:0x00000000
        7205000	       719	80000990	00000013	addi	x0,x0,0	  x0:0x00000000
        7215000	       720	80000994	035f1063	bne	x30,x21,800009b4	 x30:0x00000001 x21:0x00000467
        7225000	       721	00000000	00000013	addi	x0,x0,0	  x0:0x00000000
        7235000	       722	800009b0	00000013	addi	x0,x0,0	  x0:0x00000000
        7245000	       723	800009b4	01b8bc33	sltu	x24,x17,x27	 x17:0x00000000 x27:0x88415000 x24=0x00000001
        7255000	       724	800009b8	0089e733	or	x14,x19,x8	 x19:0x00000000  x8:0x4e7f8001 x14=0x4e7f8001
        7265000	       725	800009bc	d8823a93	sltiu	x21,x4,-632	  x4:0x800004f8 x21=0x00000001
        7275000	       726	800009c0	033fca63	blt	x31,x19,800009f4	 x31:0x44a17000 x19:0x00000000
        7285000	       727	800009c4	01e5ddb3	srl	x27,x11,x30	 x11:0x80009f84 x30:0x00000001 x27=0x40004fc2
        7295000	       728	800009c8	01a49393	slli	x7,x9,0x1a	  x9:0x00000000  x7=0x00000000
        7305000	       729	800009cc	41b4ddb3	sra	x27,x9,x27	  x9:0x00000000 x27:0x40004fc2 x27=0x00000000
        7315000	       730	800009d0	003d1863	bne	x26,x3,800009e0	 x26:0x92e83550  x3:0x0fffffce
        7325000	       731	00000000	00000013	addi	x0,x0,0	  x0:0x00000000
        7335000	       732	800009dc	00000013	addi	x0,x0,0	  x0:0x00000000
        7345000	       733	800009e0	01342433	slt	x8,x8,x19	  x8:0x4e7f8001 x19:0x00000000  x8=0x00000000
        7355000	       734	800009e4	01dfd733	srl	x14,x31,x29	 x31:0x44a17000 x29:0x092d7f55 x14=0x00000225
        7365000	       735	800009e8	8f417a13	andi	x20,x2,-1804	  x2:0x00000001 x20=0x00000000
        7375000	       736	800009ec	4085d1b3	sra	x3,x11,x8	 x11:0x80009f84  x8:0x00000000  x3=0x80009f84
        7385000	       737	800009f0	ffc3ca93	xori	x21,x7,-4	  x7:0x00000000 x21=0xfffffffc
        7395000	       738	800009f4	01df5663	bge	x30,x29,80000a00	 x30:0x00000001 x29:0x092d7f55
        7405000	       739	800009f8	1fef6b93	ori	x23,x30,510	 x30:0x00000001 x23=0x000001ff
        7415000	       740	800009fc	04218063	beq	x3,x2,80000a3c	  x3:0x80009f84  x2:0x00000001
        7425000	       741	80000a00	01133533	sltu	x10,x6,x17	  x6:0x00000108 x17:0x00000000 x10=0x00000000
        7435000	       742	80000a04	00d7bb33	sltu	x22,x15,x13	 x15:0x00000000 x13:0x12e837e8 x22=0x00000001
        7445000	       743	80000a08	40685c13	srai	x24,x16,0x6	 x16:0x80000000 x24=0xfe000000
        7455000	       744	80000a0c	012e99b3	sll	x19,x29,x18	 x29:0x092d7f55 x18:0x00000000 x19=0x092d7f55
        7465000	       745	80000a10	01125713	srli	x14,x4,0x11	  x4:0x800004f8 x14=0x00004000
        7475000	       746	80000a14	eef7f813	andi	x16,x15,-273	 x15:0x00000000 x16=0x00000000
        7485000	       747	80000a18	372a0213	addi	x4,x20,882	 x20:0x00000000  x4=0x00000372
        7495000	       748	80000a1c	01e0bfb3	sltu	x31,x1,x30	  x1:0x00000080 x30:0x00000001 x31=0x00000000
        7505000	       749	80000a20	0080f0b3	and	x1,x1,x8	  x1:0x00000080  x8:0x00000000  x1=0x00000000
        7515000	       750	80000a24	018a9b13	slli	x22,x21,0x18	 x21:0xfffffffc x22=0xfc000000
        7525000	       751	80000a28	00000013	addi	x0,x0,0	  x0:0x00000000
        7535000	       752	80000a2c	02c15063	bge	x2,x12,80000a4c	  x2:0x00000001 x12:0x00000001
        7545000	       753	00000000	00000013	addi	x0,x0,0	  x0:0x00000000
        7555000	       754	80000a48	00000013	addi	x0,x0,0	  x0:0x00000000
        7565000	       755	80000a4c	01586a63	bltu	x16,x21,80000a60	 x16:0x00000000 x21:0xfffffffc
        7575000	       756	00000000	00000013	addi	x0,x0,0	  x0:0x00000000
        7585000	       757	80000a5c	00000013	addi	x0,x0,0	  x0:0x00000000
        7595000	       758	80000a60	00000013	addi	x0,x0,0	  x0:0x00000000
        7605000	       759	80000a64	4187d233	sra	x4,x15,x24	 x15:0x00000000 x24:0xfe000000  x4=0x00000000
        7615000	       760	80000a68	00aefd33	and	x26,x29,x10	 x29:0x092d7f55 x10:0x00000000 x26=0x00000000
        7625000	       761	80000a6c	05150063	beq	x10,x17,80000aac	 x10:0x00000000 x17:0x00000000
        7635000	       762	00000000	00000013	addi	x0,x0,0	  x0:0x00000000
        7645000	       763	80000aa8	00000013	addi	x0,x0,0	  x0:0x00000000
        7655000	       764	80000aac	011fb4b3	sltu	x9,x31,x17	 x31:0x00000000 x17:0x00000000  x9=0x00000000
        7665000	       765	80000ab0	00c84db3	xor	x27,x16,x12	 x16:0x00000000 x12:0x00000001 x27=0x00000001
        7675000	       766	80000ab4	01c08933	add	x18,x1,x28	  x1:0x00000000 x28:0x80009fc4 x18=0x80009fc4
        7685000	       767	80000ab8	41c387b3	sub	x15,x7,x28	  x7:0x00000000 x28:0x80009fc4 x15=0x7fff603c
        7695000	       768	80000abc	3537ff93	andi	x31,x15,851	 x15:0x7fff603c x31=0x00000010
        7705000	       769	80000ac0	013657b3	srl	x15,x12,x19	 x12:0x00000001 x19:0x092d7f55 x15=0x00000000
        7715000	       770	80000ac4	00b850b3	srl	x1,x16,x11	 x16:0x00000000 x11:0x80009f84  x1=0x00000000
        7725000	       771	80000ac8	00fc1613	slli	x12,x24,0xf	 x24:0xfe000000 x12=0x00000000
        7735000	       772	80000acc	00000e97	auipc	x29,0x0	 x29=0x80000ac8
        7745000	       773	80000ad0	00ce8e93	addi	x29,x29,12	 x29:0x80000ac8 x29=0x80000ad4
        7755000	       774	80000ad4	000e8067	jalr	x0,x29,0	 x29:0x80000ad4
        7765000	       775	00000000	00000013	addi	x0,x0,0	  x0:0x00000000
        7775000	       776	80000ad4	00000013	addi	x0,x0,0	  x0:0x00000000
        7785000	       777	80000ad8	00100193	addi	x3,x0,1	  x0:0x00000000  x3=0x00000001
        7795000	       778	80000adc	00000073	ecall	
        7805000	       779	80000ae0	00775263	bge	x14,x7,80000ae4	 x14:0x00004000  x7:0x00000000
