		Time			Cycle	PC		Insn	Decoded instruction	Register and memory contents
          65000	         5	80000004	00000293	addi	x5,x0,0	  x0:0x00000000  x5=0x00000000
          75000	         6	80000008	00000313	addi	x6,x0,0	  x0:0x00000000  x6=0x00000000
          85000	         7	8000000c	00628263	beq	x5,x6,80000010	  x5:0x00000000  x6:0x00000000
          95000	         8	00000000	00000013	addi	x0,x0,0	  x0:0x00000000
         105000	         9	8000000c	00000013	addi	x0,x0,0	  x0:0x00000000
         115000	        10	80000010	00000897	auipc	x17,0x0	 x17=0x8000000c
         125000	        11	80000014	00c88893	addi	x17,x17,12	 x17:0x8000000c x17=0x80000018
         135000	        12	80000018	00088067	jalr	x0,x17,0	 x17:0x80000018
         145000	        13	00000000	00000013	addi	x0,x0,0	  x0:0x00000000
         155000	        14	80000018	00000013	addi	x0,x0,0	  x0:0x00000000
         165000	        15	8000001c	40000cb7	lui	x25,0x40000	 x25=0x40000000
         175000	        16	80000020	100c8c93	addi	x25,x25,256	 x25:0x40000000 x25=0x40000100
         185000	        17	80000024	00000013	addi	x0,x0,0	  x0:0x00000000
         195000	        18	80000028	0000a497	auipc	x9,0xa	  x9=0x8000a024
         205000	        19	8000002c	fa048493	addi	x9,x9,-96	  x9:0x8000a024  x9=0x80009fc4
         215000	        20	80000030	00005c97	auipc	x25,0x5	 x25=0x8000502c
         225000	        21	80000034	064c8c93	addi	x25,x25,100	 x25:0x8000502c x25=0x80005090
         235000	        22	80000038	001cec93	ori	x25,x25,1	 x25:0x80005090 x25=0x80005091
         245000	        23	8000003c	00000013	addi	x0,x0,0	  x0:0x00000000
         255000	        24	80000040	00000c97	auipc	x25,0x0	 x25=0x8000003c
         265000	        25	80000044	020c8c93	addi	x25,x25,32	 x25:0x8000003c x25=0x8000005c
         275000	        26	80000048	00000013	addi	x0,x0,0	  x0:0x00000000
         285000	        27	8000004c	00000013	addi	x0,x0,0	  x0:0x00000000
         295000	        28	80000050	00002cb7	lui	x25,0x2	 x25=0x00002000
         305000	        29	80000054	800c8c93	addi	x25,x25,-2048	 x25:0x00002000 x25=0x00001800
         315000	        30	80000058	00000013	addi	x0,x0,0	  x0:0x00000000
         325000	        31	8000005c	00000013	addi	x0,x0,0	  x0:0x00000000
         335000	        32	80000060	00000013	addi	x0,x0,0	  x0:0x00000000
         345000	        33	80000064	197be0b7	lui	x1,0x197be	  x1=0x197be000
         355000	        34	80000068	d9908093	addi	x1,x1,-615	  x1:0x197be000  x1=0x197bdd99
         365000	        35	8000006c	00000113	addi	x2,x0,0	  x0:0x00000000  x2=0x00000000
         375000	        36	80000070	f71fd1b7	lui	x3,0xf71fd	  x3=0xf71fd000
         385000	        37	80000074	d8418193	addi	x3,x3,-636	  x3:0xf71fd000  x3=0xf71fcd84
         395000	        38	80000078	00000213	addi	x4,x0,0	  x0:0x00000000  x4=0x00000000
         405000	        39	8000007c	f860b337	lui	x6,0xf860b	  x6=0xf860b000
         415000	        40	80000080	f5930313	addi	x6,x6,-167	  x6:0xf860b000  x6=0xf860af59
         425000	        41	80000084	800003b7	lui	x7,0x80000	  x7=0x80000000
         435000	        42	80000088	00000413	addi	x8,x0,0	  x0:0x00000000  x8=0x00000000
         445000	        43	8000008c	80000537	lui	x10,0x80000	 x10=0x80000000
         455000	        44	80000090	00700593	addi	x11,x0,7	  x0:0x00000000 x11=0x00000007
         465000	        45	80000094	00600613	addi	x12,x0,6	  x0:0x00000000 x12=0x00000006
         475000	        46	80000098	a36766b7	lui	x13,0xa3676	 x13=0xa3676000
         485000	        47	8000009c	40e68693	addi	x13,x13,1038	 x13:0xa3676000 x13=0xa367640e
         495000	        48	800000a0	f5eb9737	lui	x14,0xf5eb9	 x14=0xf5eb9000
         505000	        49	800000a4	bd270713	addi	x14,x14,-1070	 x14:0xf5eb9000 x14=0xf5eb8bd2
         515000	        50	800000a8	00400793	addi	x15,x0,4	  x0:0x00000000 x15=0x00000004
         525000	        51	800000ac	f60dc837	lui	x16,0xf60dc	 x16=0xf60dc000
         535000	        52	800000b0	06480813	addi	x16,x16,100	 x16:0xf60dc000 x16=0xf60dc064
         545000	        53	800000b4	00500893	addi	x17,x0,5	  x0:0x00000000 x17=0x00000005
         555000	        54	800000b8	5b50d937	lui	x18,0x5b50d	 x18=0x5b50d000
         565000	        55	800000bc	7c990913	addi	x18,x18,1993	 x18:0x5b50d000 x18=0x5b50d7c9
         575000	        56	800000c0	800009b7	lui	x19,0x80000	 x19=0x80000000
         585000	        57	800000c4	00f00a13	addi	x20,x0,15	  x0:0x00000000 x20=0x0000000f
         595000	        58	800000c8	8b71aab7	lui	x21,0x8b71a	 x21=0x8b71a000
         605000	        59	800000cc	d31a8a93	addi	x21,x21,-719	 x21:0x8b71a000 x21=0x8b719d31
         615000	        60	800000d0	80000b37	lui	x22,0x80000	 x22=0x80000000
         625000	        61	800000d4	50e2abb7	lui	x23,0x50e2a	 x23=0x50e2a000
         635000	        62	800000d8	c14b8b93	addi	x23,x23,-1004	 x23:0x50e2a000 x23=0x50e29c14
         645000	        63	800000dc	8742cc37	lui	x24,0x8742c	 x24=0x8742c000
         655000	        64	800000e0	1eac0c13	addi	x24,x24,490	 x24:0x8742c000 x24=0x8742c1ea
         665000	        65	800000e4	00000c93	addi	x25,x0,0	  x0:0x00000000 x25=0x00000000
         675000	        66	800000e8	00c00d13	addi	x26,x0,12	  x0:0x00000000 x26=0x0000000c
         685000	        67	800000ec	f33b7db7	lui	x27,0xf33b7	 x27=0xf33b7000
         695000	        68	800000f0	227d8d93	addi	x27,x27,551	 x27:0xf33b7000 x27=0xf33b7227
         705000	        69	800000f4	51e21e37	lui	x28,0x51e21	 x28=0x51e21000
         715000	        70	800000f8	970e0e13	addi	x28,x28,-1680	 x28:0x51e21000 x28=0x51e20970
         725000	        71	800000fc	00a00e93	addi	x29,x0,10	  x0:0x00000000 x29=0x0000000a
         735000	        72	80000100	00c00f13	addi	x30,x0,12	  x0:0x00000000 x30=0x0000000c
         745000	        73	80000104	00800f93	addi	x31,x0,8	  x0:0x00000000 x31=0x00000008
         755000	        74	80000108	0000a297	auipc	x5,0xa	  x5=0x8000a104
         765000	        75	8000010c	e8028293	addi	x5,x5,-384	  x5:0x8000a104  x5=0x80009f84
         775000	        76	80000110	00c000ef	jal	x1,80000110	  x1=0x80000110
         785000	        77	00000000	00000013	addi	x0,x0,0	  x0:0x00000000
         795000	        78	80000118	00000013	addi	x0,x0,0	  x0:0x00000000
         805000	        79	8000011c	ff9ff36f	jal	x6,8000011c	  x6=0x8000011c
         815000	        80	00000000	00000013	addi	x0,x0,0	  x0:0x00000000
         825000	        81	80000110	00000013	addi	x0,x0,0	  x0:0x00000000
         835000	        82	80000114	024000ef	jal	x1,80000114	  x1=0x80000114
         845000	        83	00000000	00000013	addi	x0,x0,0	  x0:0x00000000
         855000	        84	80000134	00000013	addi	x0,x0,0	  x0:0x00000000
         865000	        85	80000138	ff1ffa6f	jal	x20,80000138	 x20=0x80000138
         875000	        86	00000000	00000013	addi	x0,x0,0	  x0:0x00000000
         885000	        87	80000124	00000013	addi	x0,x0,0	  x0:0x00000000
         895000	        88	80000128	ffdff0ef	jal	x1,80000128	  x1=0x80000128
         905000	        89	00000000	00000013	addi	x0,x0,0	  x0:0x00000000
         915000	        90	80000120	00000013	addi	x0,x0,0	  x0:0x00000000
         925000	        91	80000124	01c0036f	jal	x6,80000124	  x6=0x80000124
         935000	        92	00000000	00000013	addi	x0,x0,0	  x0:0x00000000
         945000	        93	8000013c	00000013	addi	x0,x0,0	  x0:0x00000000
         955000	        94	80000140	fe1ff0ef	jal	x1,80000140	  x1=0x80000140
         965000	        95	00000000	00000013	addi	x0,x0,0	  x0:0x00000000
         975000	        96	8000011c	00000013	addi	x0,x0,0	  x0:0x00000000
         985000	        97	80000120	014000ef	jal	x1,80000120	  x1=0x80000120
         995000	        98	00000000	00000013	addi	x0,x0,0	  x0:0x00000000
        1005000	        99	80000130	00000013	addi	x0,x0,0	  x0:0x00000000
        1015000	       100	80000134	fe5ff0ef	jal	x1,80000134	  x1=0x80000134
        1025000	       101	00000000	00000013	addi	x0,x0,0	  x0:0x00000000
        1035000	       102	80000114	00000013	addi	x0,x0,0	  x0:0x00000000
        1045000	       103	80000118	014000ef	jal	x1,80000118	  x1=0x80000118
        1055000	       104	00000000	00000013	addi	x0,x0,0	  x0:0x00000000
        1065000	       105	80000128	00000013	addi	x0,x0,0	  x0:0x00000000
        1075000	       106	8000012c	0100036f	jal	x6,8000012c	  x6=0x8000012c
        1085000	       107	00000000	00000013	addi	x0,x0,0	  x0:0x00000000
        1095000	       108	80000138	00000013	addi	x0,x0,0	  x0:0x00000000
        1105000	       109	8000013c	ff5ff36f	jal	x6,8000013c	  x6=0x8000013c
        1115000	       110	00000000	00000013	addi	x0,x0,0	  x0:0x00000000
        1125000	       111	8000012c	00000013	addi	x0,x0,0	  x0:0x00000000
        1135000	       112	80000130	0140036f	jal	x6,80000130	  x6=0x80000130
        1145000	       113	00000000	00000013	addi	x0,x0,0	  x0:0x00000000
        1155000	       114	80000140	00000013	addi	x0,x0,0	  x0:0x00000000
        1165000	       115	80000144	0040036f	jal	x6,80000144	  x6=0x80000144
        1175000	       116	00000000	00000013	addi	x0,x0,0	  x0:0x00000000
        1185000	       117	80000144	00000013	addi	x0,x0,0	  x0:0x00000000
        1195000	       118	80000148	019645b3	xor	x11,x12,x25	 x12:0x00000006 x25:0x00000000 x11=0x00000006
        1205000	       119	8000014c	02c000ef	jal	x1,8000014c	  x1=0x8000014c
        1215000	       120	00000000	00000013	addi	x0,x0,0	  x0:0x00000000
        1225000	       121	80000174	00000013	addi	x0,x0,0	  x0:0x00000000
        1235000	       122	80000178	fddffe6f	jal	x28,80000178	 x28=0x80000178
        1245000	       123	00000000	00000013	addi	x0,x0,0	  x0:0x00000000
        1255000	       124	80000150	00000013	addi	x0,x0,0	  x0:0x00000000
        1265000	       125	80000154	01400b6f	jal	x22,80000154	 x22=0x80000154
        1275000	       126	00000000	00000013	addi	x0,x0,0	  x0:0x00000000
        1285000	       127	80000164	00000013	addi	x0,x0,0	  x0:0x00000000
        1295000	       128	80000168	018001ef	jal	x3,80000168	  x3=0x80000168
        1305000	       129	00000000	00000013	addi	x0,x0,0	  x0:0x00000000
        1315000	       130	8000017c	00000013	addi	x0,x0,0	  x0:0x00000000
        1325000	       131	80000180	fedff0ef	jal	x1,80000180	  x1=0x80000180
        1335000	       132	00000000	00000013	addi	x0,x0,0	  x0:0x00000000
        1345000	       133	80000168	00000013	addi	x0,x0,0	  x0:0x00000000
        1355000	       134	8000016c	ff5ff1ef	jal	x3,8000016c	  x3=0x8000016c
        1365000	       135	00000000	00000013	addi	x0,x0,0	  x0:0x00000000
        1375000	       136	8000015c	00000013	addi	x0,x0,0	  x0:0x00000000
        1385000	       137	80000160	004000ef	jal	x1,80000160	  x1=0x80000160
        1395000	       138	00000000	00000013	addi	x0,x0,0	  x0:0x00000000
        1405000	       139	80000160	00000013	addi	x0,x0,0	  x0:0x00000000
        1415000	       140	80000164	00c0016f	jal	x2,80000164	  x2=0x80000164
        1425000	       141	00000000	00000013	addi	x0,x0,0	  x0:0x00000000
        1435000	       142	8000016c	00000013	addi	x0,x0,0	  x0:0x00000000
        1445000	       143	80000170	fe1ff16f	jal	x2,80000170	  x2=0x80000170
        1455000	       144	00000000	00000013	addi	x0,x0,0	  x0:0x00000000
        1465000	       145	8000014c	00000013	addi	x0,x0,0	  x0:0x00000000
        1475000	       146	80000150	008000ef	jal	x1,80000150	  x1=0x80000150
        1485000	       147	00000000	00000013	addi	x0,x0,0	  x0:0x00000000
        1495000	       148	80000154	00000013	addi	x0,x0,0	  x0:0x00000000
        1505000	       149	80000158	004000ef	jal	x1,80000158	  x1=0x80000158
        1515000	       150	00000000	00000013	addi	x0,x0,0	  x0:0x00000000
        1525000	       151	80000158	00000013	addi	x0,x0,0	  x0:0x00000000
        1535000	       152	8000015c	020000ef	jal	x1,8000015c	  x1=0x8000015c
        1545000	       153	00000000	00000013	addi	x0,x0,0	  x0:0x00000000
        1555000	       154	80000178	00000013	addi	x0,x0,0	  x0:0x00000000
        1565000	       155	8000017c	ff9ff0ef	jal	x1,8000017c	  x1=0x8000017c
        1575000	       156	00000000	00000013	addi	x0,x0,0	  x0:0x00000000
        1585000	       157	80000170	00000013	addi	x0,x0,0	  x0:0x00000000
        1595000	       158	80000174	010000ef	jal	x1,80000174	  x1=0x80000174
        1605000	       159	00000000	00000013	addi	x0,x0,0	  x0:0x00000000
        1615000	       160	80000180	00000013	addi	x0,x0,0	  x0:0x00000000
        1625000	       161	80000184	009e01b3	add	x3,x28,x9	 x28:0x80000178  x9:0x80009fc4  x3=0x0000a13c
        1635000	       162	80000188	040000ef	jal	x1,80000188	  x1=0x80000188
        1645000	       163	00000000	00000013	addi	x0,x0,0	  x0:0x00000000
        1655000	       164	800001c4	00000013	addi	x0,x0,0	  x0:0x00000000
        1665000	       165	800001c8	fe9ff0ef	jal	x1,800001c8	  x1=0x800001c8
        1675000	       166	00000000	00000013	addi	x0,x0,0	  x0:0x00000000
        1685000	       167	800001ac	00000013	addi	x0,x0,0	  x0:0x00000000
        1695000	       168	800001b0	ff1ff0ef	jal	x1,800001b0	  x1=0x800001b0
        1705000	       169	00000000	00000013	addi	x0,x0,0	  x0:0x00000000
        1715000	       170	8000019c	00000013	addi	x0,x0,0	  x0:0x00000000
        1725000	       171	800001a0	01c0036f	jal	x6,800001a0	  x6=0x800001a0
        1735000	       172	00000000	00000013	addi	x0,x0,0	  x0:0x00000000
        1745000	       173	800001b8	00000013	addi	x0,x0,0	  x0:0x00000000
        1755000	       174	800001bc	018000ef	jal	x1,800001bc	  x1=0x800001bc
        1765000	       175	00000000	00000013	addi	x0,x0,0	  x0:0x00000000
        1775000	       176	800001d0	00000013	addi	x0,x0,0	  x0:0x00000000
        1785000	       177	800001d4	fb9ff0ef	jal	x1,800001d4	  x1=0x800001d4
        1795000	       178	00000000	00000013	addi	x0,x0,0	  x0:0x00000000
        1805000	       179	80000188	00000013	addi	x0,x0,0	  x0:0x00000000
        1815000	       180	8000018c	0280036f	jal	x6,8000018c	  x6=0x8000018c
        1825000	       181	00000000	00000013	addi	x0,x0,0	  x0:0x00000000
        1835000	       182	800001b0	00000013	addi	x0,x0,0	  x0:0x00000000
        1845000	       183	800001b4	0280036f	jal	x6,800001b4	  x6=0x800001b4
        1855000	       184	00000000	00000013	addi	x0,x0,0	  x0:0x00000000
        1865000	       185	800001d8	00000013	addi	x0,x0,0	  x0:0x00000000
        1875000	       186	800001dc	01400aef	jal	x21,800001dc	 x21=0x800001dc
        1885000	       187	00000000	00000013	addi	x0,x0,0	  x0:0x00000000
        1895000	       188	800001ec	00000013	addi	x0,x0,0	  x0:0x00000000
        1905000	       189	800001f0	fd1ff36f	jal	x6,800001f0	  x6=0x800001f0
        1915000	       190	00000000	00000013	addi	x0,x0,0	  x0:0x00000000
        1925000	       191	800001bc	00000013	addi	x0,x0,0	  x0:0x00000000
        1935000	       192	800001c0	fd9ff0ef	jal	x1,800001c0	  x1=0x800001c0
        1945000	       193	00000000	00000013	addi	x0,x0,0	  x0:0x00000000
        1955000	       194	80000194	00000013	addi	x0,x0,0	  x0:0x00000000
        1965000	       195	80000198	048000ef	jal	x1,80000198	  x1=0x80000198
        1975000	       196	00000000	00000013	addi	x0,x0,0	  x0:0x00000000
        1985000	       197	800001dc	00000013	addi	x0,x0,0	  x0:0x00000000
        1995000	       198	800001e0	fe5ff36f	jal	x6,800001e0	  x6=0x800001e0
        2005000	       199	00000000	00000013	addi	x0,x0,0	  x0:0x00000000
        2015000	       200	800001c0	00000013	addi	x0,x0,0	  x0:0x00000000
        2025000	       201	800001c4	fd1ff56f	jal	x10,800001c4	 x10=0x800001c4
        2035000	       202	00000000	00000013	addi	x0,x0,0	  x0:0x00000000
        2045000	       203	80000190	00000013	addi	x0,x0,0	  x0:0x00000000
        2055000	       204	80000194	044000ef	jal	x1,80000194	  x1=0x80000194
        2065000	       205	00000000	00000013	addi	x0,x0,0	  x0:0x00000000
        2075000	       206	800001d4	00000013	addi	x0,x0,0	  x0:0x00000000
        2085000	       207	800001d8	fd5ff36f	jal	x6,800001d8	  x6=0x800001d8
        2095000	       208	00000000	00000013	addi	x0,x0,0	  x0:0x00000000
        2105000	       209	800001a8	00000013	addi	x0,x0,0	  x0:0x00000000
        2115000	       210	800001ac	fe5ff56f	jal	x10,800001ac	 x10=0x800001ac
        2125000	       211	00000000	00000013	addi	x0,x0,0	  x0:0x00000000
        2135000	       212	8000018c	00000013	addi	x0,x0,0	  x0:0x00000000
        2145000	       213	80000190	0540036f	jal	x6,80000190	  x6=0x80000190
        2155000	       214	00000000	00000013	addi	x0,x0,0	  x0:0x00000000
        2165000	       215	800001e0	00000013	addi	x0,x0,0	  x0:0x00000000
        2175000	       216	800001e4	fc5ff0ef	jal	x1,800001e4	  x1=0x800001e4
        2185000	       217	00000000	00000013	addi	x0,x0,0	  x0:0x00000000
        2195000	       218	800001a4	00000013	addi	x0,x0,0	  x0:0x00000000
        2205000	       219	800001a8	ffdff0ef	jal	x1,800001a8	  x1=0x800001a8
        2215000	       220	00000000	00000013	addi	x0,x0,0	  x0:0x00000000
        2225000	       221	800001a0	00000013	addi	x0,x0,0	  x0:0x00000000
        2235000	       222	800001a4	044000ef	jal	x1,800001a4	  x1=0x800001a4
        2245000	       223	00000000	00000013	addi	x0,x0,0	  x0:0x00000000
        2255000	       224	800001e4	00000013	addi	x0,x0,0	  x0:0x00000000
        2265000	       225	800001e8	fd1ff36f	jal	x6,800001e8	  x6=0x800001e8
        2275000	       226	00000000	00000013	addi	x0,x0,0	  x0:0x00000000
        2285000	       227	800001b4	00000013	addi	x0,x0,0	  x0:0x00000000
        2295000	       228	800001b8	034000ef	jal	x1,800001b8	  x1=0x800001b8
        2305000	       229	00000000	00000013	addi	x0,x0,0	  x0:0x00000000
        2315000	       230	800001e8	00000013	addi	x0,x0,0	  x0:0x00000000
        2325000	       231	800001ec	fb1ff0ef	jal	x1,800001ec	  x1=0x800001ec
        2335000	       232	00000000	00000013	addi	x0,x0,0	  x0:0x00000000
        2345000	       233	80000198	00000013	addi	x0,x0,0	  x0:0x00000000
        2355000	       234	8000019c	03000aef	jal	x21,8000019c	 x21=0x8000019c
        2365000	       235	00000000	00000013	addi	x0,x0,0	  x0:0x00000000
        2375000	       236	800001c8	00000013	addi	x0,x0,0	  x0:0x00000000
        2385000	       237	800001cc	004000ef	jal	x1,800001cc	  x1=0x800001cc
        2395000	       238	00000000	00000013	addi	x0,x0,0	  x0:0x00000000
        2405000	       239	800001cc	00000013	addi	x0,x0,0	  x0:0x00000000
        2415000	       240	800001d0	024000ef	jal	x1,800001d0	  x1=0x800001d0
        2425000	       241	00000000	00000013	addi	x0,x0,0	  x0:0x00000000
        2435000	       242	800001f0	00000013	addi	x0,x0,0	  x0:0x00000000
        2445000	       243	800001f4	5770fb93	andi	x23,x1,1399	  x1:0x800001d0 x23=0x00000150
        2455000	       244	800001f8	0125cc63	blt	x11,x18,80000210	 x11:0x00000006 x18:0x5b50d7c9
        2465000	       245	00000000	00000013	addi	x0,x0,0	  x0:0x00000000
        2475000	       246	8000020c	00000013	addi	x0,x0,0	  x0:0x00000000
        2485000	       247	80000210	00e49e93	slli	x29,x9,0xe	  x9:0x80009fc4 x29=0x27f10000
        2495000	       248	80000214	04bd7063	bgeu	x26,x11,80000254	 x26:0x0000000c x11:0x00000006
        2505000	       249	00000000	00000013	addi	x0,x0,0	  x0:0x00000000
        2515000	       250	80000250	00000013	addi	x0,x0,0	  x0:0x00000000
        2525000	       251	80000254	03e76263	bltu	x14,x30,80000278	 x14:0xf5eb8bd2 x30:0x0000000c
        2535000	       252	80000258	41f455b3	sra	x11,x8,x31	  x8:0x00000000 x31:0x00000008 x11=0x00000000
        2545000	       253	8000025c	00000013	addi	x0,x0,0	  x0:0x00000000
        2555000	       254	80000260	011f7a33	and	x20,x30,x17	 x30:0x0000000c x17:0x00000005 x20=0x00000004
        2565000	       255	80000264	00169e33	sll	x28,x13,x1	 x13:0xa367640e  x1:0x800001d0 x28=0x640e0000
        2575000	       256	80000268	11703a17	auipc	x20,0x11703	 x20=0x91703264
        2585000	       257	8000026c	403781b3	sub	x3,x15,x3	 x15:0x00000004  x3:0x0000a13c  x3=0xffff5ec8
        2595000	       258	80000270	04cd9863	bne	x27,x12,800002c0	 x27:0xf33b7227 x12:0x00000006
        2605000	       259	00000000	00000013	addi	x0,x0,0	  x0:0x00000000
        2615000	       260	800002bc	00000013	addi	x0,x0,0	  x0:0x00000000
        2625000	       261	800002c0	017edcb3	srl	x25,x29,x23	 x29:0x27f10000 x23:0x00000150 x25=0x000027f1
        2635000	       262	800002c4	5bafc613	xori	x12,x31,1466	 x31:0x00000008 x12=0x000005b2
        2645000	       263	800002c8	a38fc113	xori	x2,x31,-1480	 x31:0x00000008  x2=0xfffffa30
        2655000	       264	800002cc	e12ee813	ori	x16,x29,-494	 x29:0x27f10000 x16=0xfffffe12
        2665000	       265	800002d0	03c2ec63	bltu	x5,x28,80000308	  x5:0x80009f84 x28:0x640e0000
        2675000	       266	800002d4	4025c513	xori	x10,x11,1026	 x11:0x00000000 x10=0x00000402
        2685000	       267	800002d8	a542b613	sltiu	x12,x5,-1452	  x5:0x80009f84 x12=0x00000001
        2695000	       268	800002dc	007a8cb3	add	x25,x21,x7	 x21:0x8000019c  x7:0x80000000 x25=0x0000019c
        2705000	       269	800002e0	018273b3	and	x7,x4,x24	  x4:0x00000000 x24:0x8742c1ea  x7=0x00000000
        2715000	       270	800002e4	0331e063	bltu	x3,x19,80000304	  x3:0xffff5ec8 x19:0x80000000
        2725000	       271	800002e8	40915b93	srai	x23,x2,0x9	  x2:0xfffffa30 x23=0xfffffffd
        2735000	       272	800002ec	b5b08093	addi	x1,x1,-1189	  x1:0x800001d0  x1=0x7ffffd2b
        2745000	       273	800002f0	578efe93	andi	x29,x29,1400	 x29:0x27f10000 x29=0x00000000
        2755000	       274	800002f4	000e9a63	bne	x29,x0,80000308	 x29:0x00000000  x0:0x00000000
        2765000	       275	800002f8	01da25b3	slt	x11,x20,x29	 x20:0x91703264 x29:0x00000000 x11=0x00000001
        2775000	       276	800002fc	52cf6cb7	lui	x25,0x52cf6	 x25=0x52cf6000
        2785000	       277	80000300	00d66a63	bltu	x12,x13,80000314	 x12:0x00000001 x13:0xa367640e
        2795000	       278	00000000	00000013	addi	x0,x0,0	  x0:0x00000000
        2805000	       279	80000310	00000013	addi	x0,x0,0	  x0:0x00000000
        2815000	       280	80000314	00f301b3	add	x3,x6,x15	  x6:0x800001e8 x15:0x00000004  x3=0x800001ec
        2825000	       281	80000318	0579e663	bltu	x19,x23,80000364	 x19:0x80000000 x23:0xfffffffd
        2835000	       282	00000000	00000013	addi	x0,x0,0	  x0:0x00000000
        2845000	       283	80000360	00000013	addi	x0,x0,0	  x0:0x00000000
        2855000	       284	80000364	04a7c263	blt	x15,x10,800003a8	 x15:0x00000004 x10:0x00000402
        2865000	       285	00000000	00000013	addi	x0,x0,0	  x0:0x00000000
        2875000	       286	800003a4	00000013	addi	x0,x0,0	  x0:0x00000000
        2885000	       287	800003a8	40e65093	srai	x1,x12,0xe	 x12:0x00000001  x1=0x00000000
        2895000	       288	800003ac	7996f813	andi	x16,x13,1945	 x13:0xa367640e x16=0x00000408
        2905000	       289	800003b0	43f78193	addi	x3,x15,1087	 x15:0x00000004  x3=0x00000443
        2915000	       290	800003b4	d0954e13	xori	x28,x10,-759	 x10:0x00000402 x28=0xfffff90b
        2925000	       291	800003b8	00d61db3	sll	x27,x12,x13	 x12:0x00000001 x13:0xa367640e x27=0x00004000
        2935000	       292	800003bc	0386d263	bge	x13,x24,800003e0	 x13:0xa367640e x24:0x8742c1ea
        2945000	       293	00000000	00000013	addi	x0,x0,0	  x0:0x00000000
        2955000	       294	800003dc	00000013	addi	x0,x0,0	  x0:0x00000000
        2965000	       295	800003e0	013a1db3	sll	x27,x20,x19	 x20:0x91703264 x19:0x80000000 x27=0x91703264
        2975000	       296	800003e4	02855263	bge	x10,x8,80000408	 x10:0x00000402  x8:0x00000000
        2985000	       297	00000000	00000013	addi	x0,x0,0	  x0:0x00000000
        2995000	       298	80000404	00000013	addi	x0,x0,0	  x0:0x00000000
        3005000	       299	80000408	6da34437	lui	x8,0x6da34	  x8=0x6da34000
        3015000	       300	8000040c	08b7f463	bgeu	x15,x11,80000494	 x15:0x00000004 x11:0x00000001
        3025000	       301	00000000	00000013	addi	x0,x0,0	  x0:0x00000000
        3035000	       302	80000490	00000013	addi	x0,x0,0	  x0:0x00000000
        3045000	       303	80000494	416700b3	sub	x1,x14,x22	 x14:0xf5eb8bd2 x22:0x80000154  x1=0x75eb8a7e
        3055000	       304	80000498	01c5de13	srli	x28,x11,0x1c	 x11:0x00000001 x28=0x00000000
        3065000	       305	8000049c	52fe7793	andi	x15,x28,1327	 x28:0x00000000 x15=0x00000000
        3075000	       306	800004a0	07bbf863	bgeu	x23,x27,80000510	 x23:0xfffffffd x27:0x91703264
        3085000	       307	00000000	00000013	addi	x0,x0,0	  x0:0x00000000
        3095000	       308	8000050c	00000013	addi	x0,x0,0	  x0:0x00000000
        3105000	       309	80000510	01c15013	srli	x0,x2,0x1c	  x2:0xfffffa30
        3115000	       310	80000514	03ea4863	blt	x20,x30,80000544	 x20:0x91703264 x30:0x0000000c
        3125000	       311	00000000	00000013	addi	x0,x0,0	  x0:0x00000000
        3135000	       312	80000540	00000013	addi	x0,x0,0	  x0:0x00000000
        3145000	       313	80000544	016e79b3	and	x19,x28,x22	 x28:0x00000000 x22:0x80000154 x19=0x00000000
        3155000	       314	80000548	02817863	bgeu	x2,x8,80000578	  x2:0xfffffa30  x8:0x6da34000
        3165000	       315	00000000	00000013	addi	x0,x0,0	  x0:0x00000000
        3175000	       316	80000574	00000013	addi	x0,x0,0	  x0:0x00000000
        3185000	       317	80000578	8c66b913	sltiu	x18,x13,-1850	 x13:0xa367640e x18=0x00000001
        3195000	       318	8000057c	00000013	addi	x0,x0,0	  x0:0x00000000
        3205000	       319	80000580	2d8ea513	slti	x10,x29,728	 x29:0x00000000 x10=0x00000001
        3215000	       320	80000584	0ac96263	bltu	x18,x12,80000628	 x18:0x00000001 x12:0x00000001
        3225000	       321	80000588	5cb5aa93	slti	x21,x11,1483	 x11:0x00000001 x21=0x00000001
        3235000	       322	8000058c	41015f33	sra	x30,x2,x16	  x2:0xfffffa30 x16:0x00000408 x30=0xfffffffa
        3245000	       323	80000590	92656e97	auipc	x29,0x92656	 x29=0x1265658c
        3255000	       324	80000594	c0fe0393	addi	x7,x28,-1009	 x28:0x00000000  x7=0xfffffc0f
        3265000	       325	80000598	ff170a93	addi	x21,x14,-15	 x14:0xf5eb8bd2 x21=0xf5eb8bc3
        3275000	       326	8000059c	8983c793	xori	x15,x7,-1896	  x7:0xfffffc0f x15=0x00000497
        3285000	       327	800005a0	0aa2d463	bge	x5,x10,80000648	  x5:0x80009f84 x10:0x00000001
        3295000	       328	800005a4	80072c93	slti	x25,x14,-2048	 x14:0xf5eb8bd2 x25=0x00000001
        3305000	       329	800005a8	32bb8713	addi	x14,x23,811	 x23:0xfffffffd x14=0x00000328
        3315000	       330	800005ac	409851b3	sra	x3,x16,x9	 x16:0x00000408  x9:0x80009fc4  x3=0x00000040
        3325000	       331	800005b0	014b0833	add	x16,x22,x20	 x22:0x80000154 x20:0x91703264 x16=0x117033b8
        3335000	       332	800005b4	7da28b37	lui	x22,0x7da28	 x22=0x7da28000
        3345000	       333	800005b8	003db833	sltu	x16,x27,x3	 x27:0x91703264  x3:0x00000040 x16=0x00000000
        3355000	       334	800005bc	0027d133	srl	x2,x15,x2	 x15:0x00000497  x2:0xfffffa30  x2=0x00000000
        3365000	       335	800005c0	0057e133	or	x2,x15,x5	 x15:0x00000497  x5:0x80009f84  x2=0x80009f97
        3375000	       336	800005c4	00000013	addi	x0,x0,0	  x0:0x00000000
        3385000	       337	800005c8	00c95f33	srl	x30,x18,x12	 x18:0x00000001 x12:0x00000001 x30=0x00000000
        3395000	       338	800005cc	01c000ef	jal	x1,800005cc	  x1=0x800005cc
        3405000	       339	00000000	00000013	addi	x0,x0,0	  x0:0x00000000
        3415000	       340	800005e4	00000013	addi	x0,x0,0	  x0:0x00000000
        3425000	       341	800005e8	00800b6f	jal	x22,800005e8	 x22=0x800005e8
        3435000	       342	00000000	00000013	addi	x0,x0,0	  x0:0x00000000
        3445000	       343	800005ec	00000013	addi	x0,x0,0	  x0:0x00000000
        3455000	       344	800005f0	02c0036f	jal	x6,800005f0	  x6=0x800005f0
        3465000	       345	00000000	00000013	addi	x0,x0,0	  x0:0x00000000
        3475000	       346	80000618	00000013	addi	x0,x0,0	  x0:0x00000000
        3485000	       347	8000061c	fe9ff36f	jal	x6,8000061c	  x6=0x8000061c
        3495000	       348	00000000	00000013	addi	x0,x0,0	  x0:0x00000000
        3505000	       349	80000600	00000013	addi	x0,x0,0	  x0:0x00000000
        3515000	       350	80000604	fd5ff0ef	jal	x1,80000604	  x1=0x80000604
        3525000	       351	00000000	00000013	addi	x0,x0,0	  x0:0x00000000
        3535000	       352	800005d4	00000013	addi	x0,x0,0	  x0:0x00000000
        3545000	       353	800005d8	030001ef	jal	x3,800005d8	  x3=0x800005d8
        3555000	       354	00000000	00000013	addi	x0,x0,0	  x0:0x00000000
        3565000	       355	80000604	00000013	addi	x0,x0,0	  x0:0x00000000
        3575000	       356	80000608	ff5ff7ef	jal	x15,80000608	 x15=0x80000608
        3585000	       357	00000000	00000013	addi	x0,x0,0	  x0:0x00000000
        3595000	       358	800005f8	00000013	addi	x0,x0,0	  x0:0x00000000
        3605000	       359	800005fc	018000ef	jal	x1,800005fc	  x1=0x800005fc
        3615000	       360	00000000	00000013	addi	x0,x0,0	  x0:0x00000000
        3625000	       361	80000610	00000013	addi	x0,x0,0	  x0:0x00000000
        3635000	       362	80000614	fe5ffe6f	jal	x28,80000614	 x28=0x80000614
        3645000	       363	00000000	00000013	addi	x0,x0,0	  x0:0x00000000
        3655000	       364	800005f4	00000013	addi	x0,x0,0	  x0:0x00000000
        3665000	       365	800005f8	0200036f	jal	x6,800005f8	  x6=0x800005f8
        3675000	       366	00000000	00000013	addi	x0,x0,0	  x0:0x00000000
        3685000	       367	80000614	00000013	addi	x0,x0,0	  x0:0x00000000
        3695000	       368	80000618	fcdff3ef	jal	x7,80000618	  x7=0x80000618
        3705000	       369	00000000	00000013	addi	x0,x0,0	  x0:0x00000000
        3715000	       370	800005e0	00000013	addi	x0,x0,0	  x0:0x00000000
        3725000	       371	800005e4	02c0016f	jal	x2,800005e4	  x2=0x800005e4
        3735000	       372	00000000	00000013	addi	x0,x0,0	  x0:0x00000000
        3745000	       373	8000060c	00000013	addi	x0,x0,0	  x0:0x00000000
        3755000	       374	80000610	fd1ff5ef	jal	x11,80000610	 x11=0x80000610
        3765000	       375	00000000	00000013	addi	x0,x0,0	  x0:0x00000000
        3775000	       376	800005dc	00000013	addi	x0,x0,0	  x0:0x00000000
        3785000	       377	800005e0	02c0086f	jal	x16,800005e0	 x16=0x800005e0
        3795000	       378	00000000	00000013	addi	x0,x0,0	  x0:0x00000000
        3805000	       379	80000608	00000013	addi	x0,x0,0	  x0:0x00000000
        3815000	       380	8000060c	fd1ff36f	jal	x6,8000060c	  x6=0x8000060c
        3825000	       381	00000000	00000013	addi	x0,x0,0	  x0:0x00000000
        3835000	       382	800005d8	00000013	addi	x0,x0,0	  x0:0x00000000
        3845000	       383	800005dc	0240036f	jal	x6,800005dc	  x6=0x800005dc
        3855000	       384	00000000	00000013	addi	x0,x0,0	  x0:0x00000000
        3865000	       385	800005fc	00000013	addi	x0,x0,0	  x0:0x00000000
        3875000	       386	80000600	fd5ff0ef	jal	x1,80000600	  x1=0x80000600
        3885000	       387	00000000	00000013	addi	x0,x0,0	  x0:0x00000000
        3895000	       388	800005d0	00000013	addi	x0,x0,0	  x0:0x00000000
        3905000	       389	800005d4	02000d6f	jal	x26,800005d4	 x26=0x800005d4
        3915000	       390	00000000	00000013	addi	x0,x0,0	  x0:0x00000000
        3925000	       391	800005f0	00000013	addi	x0,x0,0	  x0:0x00000000
        3935000	       392	800005f4	fddff0ef	jal	x1,800005f4	  x1=0x800005f4
        3945000	       393	00000000	00000013	addi	x0,x0,0	  x0:0x00000000
        3955000	       394	800005cc	00000013	addi	x0,x0,0	  x0:0x00000000
        3965000	       395	800005d0	01c000ef	jal	x1,800005d0	  x1=0x800005d0
        3975000	       396	00000000	00000013	addi	x0,x0,0	  x0:0x00000000
        3985000	       397	800005e8	00000013	addi	x0,x0,0	  x0:0x00000000
        3995000	       398	800005ec	0340026f	jal	x4,800005ec	  x4=0x800005ec
        4005000	       399	00000000	00000013	addi	x0,x0,0	  x0:0x00000000
        4015000	       400	8000061c	00000013	addi	x0,x0,0	  x0:0x00000000
        4025000	       401	80000620	41d453b3	sra	x7,x8,x29	  x8:0x6da34000 x29:0x1265658c  x7=0x0006da34
        4035000	       402	80000624	054f0463	beq	x30,x20,8000066c	 x30:0x00000000 x20:0x91703264
        4045000	       403	80000628	00000013	addi	x0,x0,0	  x0:0x00000000
        4055000	       404	8000062c	19e6a913	slti	x18,x13,414	 x13:0xa367640e x18=0x00000001
        4065000	       405	80000630	405d5ab3	sra	x21,x26,x5	 x26:0x800005d4  x5:0x80009f84 x21=0xf800005d
        4075000	       406	80000634	404ed313	srai	x6,x29,0x4	 x29:0x1265658c  x6=0x01265658
        4085000	       407	80000638	0e88e993	ori	x19,x17,232	 x17:0x00000005 x19=0x000000ed
        4095000	       408	8000063c	01f9dbb3	srl	x23,x19,x31	 x19:0x000000ed x31:0x00000008 x23=0x00000000
        4105000	       409	80000640	013af733	and	x14,x21,x19	 x21:0xf800005d x19:0x000000ed x14=0x0000004d
        4115000	       410	80000644	05463c13	sltiu	x24,x12,84	 x12:0x00000001 x24=0x00000001
        4125000	       411	80000648	efe3a213	slti	x4,x7,-258	  x7:0x0006da34  x4=0x00000000
        4135000	       412	8000064c	00000013	addi	x0,x0,0	  x0:0x00000000
        4145000	       413	80000650	02acd663	bge	x25,x10,8000067c	 x25:0x00000001 x10:0x00000001
        4155000	       414	00000000	00000013	addi	x0,x0,0	  x0:0x00000000
        4165000	       415	80000678	00000013	addi	x0,x0,0	  x0:0x00000000
        4175000	       416	8000067c	003e9793	slli	x15,x29,0x3	 x29:0x1265658c x15=0x932b2c60
        4185000	       417	80000680	8d8e7a13	andi	x20,x28,-1832	 x28:0x80000614 x20=0x80000010
        4195000	       418	80000684	000257b3	srl	x15,x4,x0	  x4:0x00000000  x0:0x00000000 x15=0x00000000
        4205000	       419	80000688	13f50a93	addi	x21,x10,319	 x10:0x00000001 x21=0x00000140
        4215000	       420	8000068c	4059ddb3	sra	x27,x19,x5	 x19:0x000000ed  x5:0x80009f84 x27=0x0000000e
        4225000	       421	80000690	c7b8d797	auipc	x15,0xc7b8d	 x15=0x47b8d68c
        4235000	       422	80000694	0822f063	bgeu	x5,x2,80000714	  x5:0x80009f84  x2:0x800005e4
        4245000	       423	00000000	00000013	addi	x0,x0,0	  x0:0x00000000
        4255000	       424	80000710	00000013	addi	x0,x0,0	  x0:0x00000000
        4265000	       425	80000714	f561a613	slti	x12,x3,-170	  x3:0x800005d8 x12=0x00000001
        4275000	       426	80000718	99147b13	andi	x22,x8,-1647	  x8:0x6da34000 x22=0x6da34000
        4285000	       427	8000071c	006506b3	add	x13,x10,x6	 x10:0x00000001  x6:0x01265658 x13=0x01265659
        4295000	       428	80000720	01b9e7b3	or	x15,x19,x27	 x19:0x000000ed x27:0x0000000e x15=0x000000ef
        4305000	       429	80000724	0047c863	blt	x15,x4,80000734	 x15:0x000000ef  x4:0x00000000
        4315000	       430	80000728	0b08cd93	xori	x27,x17,176	 x17:0x00000005 x27=0x000000b5
        4325000	       431	8000072c	51c6f813	andi	x16,x13,1308	 x13:0x01265659 x16=0x00000418
        4335000	       432	80000730	005963b3	or	x7,x18,x5	 x18:0x00000001  x5:0x80009f84  x7=0x80009f85
        4345000	       433	80000734	00000013	addi	x0,x0,0	  x0:0x00000000
        4355000	       434	80000738	00000897	auipc	x17,0x0	 x17=0x80000734
        4365000	       435	8000073c	00c88893	addi	x17,x17,12	 x17:0x80000734 x17=0x80000740
        4375000	       436	80000740	00088067	jalr	x0,x17,0	 x17:0x80000740
        4385000	       437	00000000	00000013	addi	x0,x0,0	  x0:0x00000000
        4395000	       438	80000740	00000013	addi	x0,x0,0	  x0:0x00000000
        4405000	       439	80000744	00100193	addi	x3,x0,1	  x0:0x00000000  x3=0x00000001
        4415000	       440	80000748	00000073	ecall	
        4425000	       441	8000074c	d7e03e13	sltiu	x28,x0,-642	  x0:0x00000000 x28=0x00000001
