		Time			Cycle	PC		Insn	Decoded instruction	Register and memory contents
          65000	         5	80000004	00000293	addi	x5,x0,0	  x0:0x00000000  x5=0x00000000
          75000	         6	80000008	00000313	addi	x6,x0,0	  x0:0x00000000  x6=0x00000000
          85000	         7	8000000c	00628263	beq	x5,x6,80000010	  x5:0x00000000  x6:0x00000000
          95000	         8	00000000	00000013	addi	x0,x0,0	  x0:0x00000000
         105000	         9	8000000c	00000013	addi	x0,x0,0	  x0:0x00000000
         115000	        10	80000010	00000c97	auipc	x25,0x0	 x25=0x8000000c
         125000	        11	80000014	00cc8c93	addi	x25,x25,12	 x25:0x8000000c x25=0x80000018
         135000	        12	80000018	000c8067	jalr	x0,x25,0	 x25:0x80000018
         145000	        13	00000000	00000013	addi	x0,x0,0	  x0:0x00000000
         155000	        14	80000018	00000013	addi	x0,x0,0	  x0:0x00000000
         165000	        15	8000001c	40000e37	lui	x28,0x40000	 x28=0x40000000
         175000	        16	80000020	100e0e13	addi	x28,x28,256	 x28:0x40000000 x28=0x40000100
         185000	        17	80000024	00000013	addi	x0,x0,0	  x0:0x00000000
         195000	        18	80000028	0000af97	auipc	x31,0xa	 x31=0x8000a024
         205000	        19	8000002c	fa0f8f93	addi	x31,x31,-96	 x31:0x8000a024 x31=0x80009fc4
         215000	        20	80000030	00004e17	auipc	x28,0x4	 x28=0x8000402c
         225000	        21	80000034	524e0e13	addi	x28,x28,1316	 x28:0x8000402c x28=0x80004550
         235000	        22	80000038	000e6e13	ori	x28,x28,0	 x28:0x80004550 x28=0x80004550
         245000	        23	8000003c	00000013	addi	x0,x0,0	  x0:0x00000000
         255000	        24	80000040	00000e17	auipc	x28,0x0	 x28=0x8000003c
         265000	        25	80000044	020e0e13	addi	x28,x28,32	 x28:0x8000003c x28=0x8000005c
         275000	        26	80000048	00000013	addi	x0,x0,0	  x0:0x00000000
         285000	        27	8000004c	00000013	addi	x0,x0,0	  x0:0x00000000
         295000	        28	80000050	00002e37	lui	x28,0x2	 x28=0x00002000
         305000	        29	80000054	800e0e13	addi	x28,x28,-2048	 x28:0x00002000 x28=0x00001800
         315000	        30	80000058	00000013	addi	x0,x0,0	  x0:0x00000000
         325000	        31	8000005c	00000013	addi	x0,x0,0	  x0:0x00000000
         335000	        32	80000060	00000013	addi	x0,x0,0	  x0:0x00000000
         345000	        33	80000064	800000b7	lui	x1,0x80000	  x1=0x80000000
         355000	        34	80000068	00000113	addi	x2,x0,0	  x0:0x00000000  x2=0x00000000
         365000	        35	8000006c	f143a1b7	lui	x3,0xf143a	  x3=0xf143a000
         375000	        36	80000070	3df18193	addi	x3,x3,991	  x3:0xf143a000  x3=0xf143a3df
         385000	        37	80000074	80000237	lui	x4,0x80000	  x4=0x80000000
         395000	        38	80000078	800002b7	lui	x5,0x80000	  x5=0x80000000
         405000	        39	8000007c	80000337	lui	x6,0x80000	  x6=0x80000000
         415000	        40	80000080	800003b7	lui	x7,0x80000	  x7=0x80000000
         425000	        41	80000084	f8167437	lui	x8,0xf8167	  x8=0xf8167000
         435000	        42	80000088	d8f40413	addi	x8,x8,-625	  x8:0xf8167000  x8=0xf8166d8f
         445000	        43	8000008c	800004b7	lui	x9,0x80000	  x9=0x80000000
         455000	        44	80000090	2af0f537	lui	x10,0x2af0f	 x10=0x2af0f000
         465000	        45	80000094	dc950513	addi	x10,x10,-567	 x10:0x2af0f000 x10=0x2af0edc9
         475000	        46	80000098	00000593	addi	x11,x0,0	  x0:0x00000000 x11=0x00000000
         485000	        47	8000009c	00000613	addi	x12,x0,0	  x0:0x00000000 x12=0x00000000
         495000	        48	800000a0	00000693	addi	x13,x0,0	  x0:0x00000000 x13=0x00000000
         505000	        49	800000a4	fe75a737	lui	x14,0xfe75a	 x14=0xfe75a000
         515000	        50	800000a8	5f970713	addi	x14,x14,1529	 x14:0xfe75a000 x14=0xfe75a5f9
         525000	        51	800000ac	aa70b7b7	lui	x15,0xaa70b	 x15=0xaa70b000
         535000	        52	800000b0	4e678793	addi	x15,x15,1254	 x15:0xaa70b000 x15=0xaa70b4e6
         545000	        53	800000b4	00d00813	addi	x16,x0,13	  x0:0x00000000 x16=0x0000000d
         555000	        54	800000b8	800008b7	lui	x17,0x80000	 x17=0x80000000
         565000	        55	800000bc	00300913	addi	x18,x0,3	  x0:0x00000000 x18=0x00000003
         575000	        56	800000c0	800009b7	lui	x19,0x80000	 x19=0x80000000
         585000	        57	800000c4	7e27ba37	lui	x20,0x7e27b	 x20=0x7e27b000
         595000	        58	800000c8	c78a0a13	addi	x20,x20,-904	 x20:0x7e27b000 x20=0x7e27ac78
         605000	        59	800000cc	a3d26b37	lui	x22,0xa3d26	 x22=0xa3d26000
         615000	        60	800000d0	afcb0b13	addi	x22,x22,-1284	 x22:0xa3d26000 x22=0xa3d25afc
         625000	        61	800000d4	c0703bb7	lui	x23,0xc0703	 x23=0xc0703000
         635000	        62	800000d8	928b8b93	addi	x23,x23,-1752	 x23:0xc0703000 x23=0xc0702928
         645000	        63	800000dc	ec77ac37	lui	x24,0xec77a	 x24=0xec77a000
         655000	        64	800000e0	dabc0c13	addi	x24,x24,-597	 x24:0xec77a000 x24=0xec779dab
         665000	        65	800000e4	00000c93	addi	x25,x0,0	  x0:0x00000000 x25=0x00000000
         675000	        66	800000e8	00e00d13	addi	x26,x0,14	  x0:0x00000000 x26=0x0000000e
         685000	        67	800000ec	00a00d93	addi	x27,x0,10	  x0:0x00000000 x27=0x0000000a
         695000	        68	800000f0	00800e13	addi	x28,x0,8	  x0:0x00000000 x28=0x00000008
         705000	        69	800000f4	fb81ceb7	lui	x29,0xfb81c	 x29=0xfb81c000
         715000	        70	800000f8	b78e8e93	addi	x29,x29,-1160	 x29:0xfb81c000 x29=0xfb81bb78
         725000	        71	800000fc	475a3f37	lui	x30,0x475a3	 x30=0x475a3000
         735000	        72	80000100	230f0f13	addi	x30,x30,560	 x30:0x475a3000 x30=0x475a3230
         745000	        73	80000104	0000aa97	auipc	x21,0xa	 x21=0x8000a100
         755000	        74	80000108	e84a8a93	addi	x21,x21,-380	 x21:0x8000a100 x21=0x80009f84
         765000	        75	8000010c	004000ef	jal	x1,8000010c	  x1=0x8000010c
         775000	        76	00000000	00000013	addi	x0,x0,0	  x0:0x00000000
         785000	        77	8000010c	00000013	addi	x0,x0,0	  x0:0x00000000
         795000	        78	80000110	00800def	jal	x27,80000110	 x27=0x80000110
         805000	        79	00000000	00000013	addi	x0,x0,0	  x0:0x00000000
         815000	        80	80000114	00000013	addi	x0,x0,0	  x0:0x00000000
         825000	        81	80000118	0300046f	jal	x8,80000118	  x8=0x80000118
         835000	        82	00000000	00000013	addi	x0,x0,0	  x0:0x00000000
         845000	        83	80000144	00000013	addi	x0,x0,0	  x0:0x00000000
         855000	        84	80000148	fe1ff36f	jal	x6,80000148	  x6=0x80000148
         865000	        85	00000000	00000013	addi	x0,x0,0	  x0:0x00000000
         875000	        86	80000124	00000013	addi	x0,x0,0	  x0:0x00000000
         885000	        87	80000128	ffdff0ef	jal	x1,80000128	  x1=0x80000128
         895000	        88	00000000	00000013	addi	x0,x0,0	  x0:0x00000000
         905000	        89	80000120	00000013	addi	x0,x0,0	  x0:0x00000000
         915000	        90	80000124	014000ef	jal	x1,80000124	  x1=0x80000124
         925000	        91	00000000	00000013	addi	x0,x0,0	  x0:0x00000000
         935000	        92	80000134	00000013	addi	x0,x0,0	  x0:0x00000000
         945000	        93	80000138	fe9ff0ef	jal	x1,80000138	  x1=0x80000138
         955000	        94	00000000	00000013	addi	x0,x0,0	  x0:0x00000000
         965000	        95	8000011c	00000013	addi	x0,x0,0	  x0:0x00000000
         975000	        96	80000120	00c0036f	jal	x6,80000120	  x6=0x80000120
         985000	        97	00000000	00000013	addi	x0,x0,0	  x0:0x00000000
         995000	        98	80000128	00000013	addi	x0,x0,0	  x0:0x00000000
        1005000	        99	8000012c	fe9ff0ef	jal	x1,8000012c	  x1=0x8000012c
        1015000	       100	00000000	00000013	addi	x0,x0,0	  x0:0x00000000
        1025000	       101	80000110	00000013	addi	x0,x0,0	  x0:0x00000000
        1035000	       102	80000114	01c000ef	jal	x1,80000114	  x1=0x80000114
        1045000	       103	00000000	00000013	addi	x0,x0,0	  x0:0x00000000
        1055000	       104	8000012c	00000013	addi	x0,x0,0	  x0:0x00000000
        1065000	       105	80000130	0040036f	jal	x6,80000130	  x6=0x80000130
        1075000	       106	00000000	00000013	addi	x0,x0,0	  x0:0x00000000
        1085000	       107	80000130	00000013	addi	x0,x0,0	  x0:0x00000000
        1095000	       108	80000134	008000ef	jal	x1,80000134	  x1=0x80000134
        1105000	       109	00000000	00000013	addi	x0,x0,0	  x0:0x00000000
        1115000	       110	80000138	00000013	addi	x0,x0,0	  x0:0x00000000
        1125000	       111	8000013c	00800def	jal	x27,8000013c	 x27=0x8000013c
        1135000	       112	00000000	00000013	addi	x0,x0,0	  x0:0x00000000
        1145000	       113	80000140	00000013	addi	x0,x0,0	  x0:0x00000000
        1155000	       114	80000144	ffdff36f	jal	x6,80000144	  x6=0x80000144
        1165000	       115	00000000	00000013	addi	x0,x0,0	  x0:0x00000000
        1175000	       116	8000013c	00000013	addi	x0,x0,0	  x0:0x00000000
        1185000	       117	80000140	fddff26f	jal	x4,80000140	  x4=0x80000140
        1195000	       118	00000000	00000013	addi	x0,x0,0	  x0:0x00000000
        1205000	       119	80000118	00000013	addi	x0,x0,0	  x0:0x00000000
        1215000	       120	8000011c	030000ef	jal	x1,8000011c	  x1=0x8000011c
        1225000	       121	00000000	00000013	addi	x0,x0,0	  x0:0x00000000
        1235000	       122	80000148	00000013	addi	x0,x0,0	  x0:0x00000000
        1245000	       123	8000014c	40028033	sub	x0,x5,x0	  x5:0x80000000  x0:0x00000000
        1255000	       124	80000150	014000ef	jal	x1,80000150	  x1=0x80000150
        1265000	       125	00000000	00000013	addi	x0,x0,0	  x0:0x00000000
        1275000	       126	80000160	00000013	addi	x0,x0,0	  x0:0x00000000
        1285000	       127	80000164	ffdff26f	jal	x4,80000164	  x4=0x80000164
        1295000	       128	00000000	00000013	addi	x0,x0,0	  x0:0x00000000
        1305000	       129	8000015c	00000013	addi	x0,x0,0	  x0:0x00000000
        1315000	       130	80000160	ffdff36f	jal	x6,80000160	  x6=0x80000160
        1325000	       131	00000000	00000013	addi	x0,x0,0	  x0:0x00000000
        1335000	       132	80000158	00000013	addi	x0,x0,0	  x0:0x00000000
        1345000	       133	8000015c	ff9ff76f	jal	x14,8000015c	 x14=0x8000015c
        1355000	       134	00000000	00000013	addi	x0,x0,0	  x0:0x00000000
        1365000	       135	80000150	00000013	addi	x0,x0,0	  x0:0x00000000
        1375000	       136	80000154	01c000ef	jal	x1,80000154	  x1=0x80000154
        1385000	       137	00000000	00000013	addi	x0,x0,0	  x0:0x00000000
        1395000	       138	8000016c	00000013	addi	x0,x0,0	  x0:0x00000000
        1405000	       139	80000170	0040036f	jal	x6,80000170	  x6=0x80000170
        1415000	       140	00000000	00000013	addi	x0,x0,0	  x0:0x00000000
        1425000	       141	80000170	00000013	addi	x0,x0,0	  x0:0x00000000
        1435000	       142	80000174	ff5ff0ef	jal	x1,80000174	  x1=0x80000174
        1445000	       143	00000000	00000013	addi	x0,x0,0	  x0:0x00000000
        1455000	       144	80000164	00000013	addi	x0,x0,0	  x0:0x00000000
        1465000	       145	80000168	ff1ff0ef	jal	x1,80000168	  x1=0x80000168
        1475000	       146	00000000	00000013	addi	x0,x0,0	  x0:0x00000000
        1485000	       147	80000154	00000013	addi	x0,x0,0	  x0:0x00000000
        1495000	       148	80000158	024000ef	jal	x1,80000158	  x1=0x80000158
        1505000	       149	00000000	00000013	addi	x0,x0,0	  x0:0x00000000
        1515000	       150	80000178	00000013	addi	x0,x0,0	  x0:0x00000000
        1525000	       151	8000017c	ffdff16f	jal	x2,8000017c	  x2=0x8000017c
        1535000	       152	00000000	00000013	addi	x0,x0,0	  x0:0x00000000
        1545000	       153	80000174	00000013	addi	x0,x0,0	  x0:0x00000000
        1555000	       154	80000178	ff5ff0ef	jal	x1,80000178	  x1=0x80000178
        1565000	       155	00000000	00000013	addi	x0,x0,0	  x0:0x00000000
        1575000	       156	80000168	00000013	addi	x0,x0,0	  x0:0x00000000
        1585000	       157	8000016c	014000ef	jal	x1,8000016c	  x1=0x8000016c
        1595000	       158	00000000	00000013	addi	x0,x0,0	  x0:0x00000000
        1605000	       159	8000017c	00000013	addi	x0,x0,0	  x0:0x00000000
        1615000	       160	80000180	0040036f	jal	x6,80000180	  x6=0x80000180
        1625000	       161	00000000	00000013	addi	x0,x0,0	  x0:0x00000000
        1635000	       162	80000180	00000013	addi	x0,x0,0	  x0:0x00000000
        1645000	       163	80000184	bf962013	slti	x0,x12,-1031	 x12:0x00000000
        1655000	       164	80000188	030000ef	jal	x1,80000188	  x1=0x80000188
        1665000	       165	00000000	00000013	addi	x0,x0,0	  x0:0x00000000
        1675000	       166	800001b4	00000013	addi	x0,x0,0	  x0:0x00000000
        1685000	       167	800001b8	fddff66f	jal	x12,800001b8	 x12=0x800001b8
        1695000	       168	00000000	00000013	addi	x0,x0,0	  x0:0x00000000
        1705000	       169	80000190	00000013	addi	x0,x0,0	  x0:0x00000000
        1715000	       170	80000194	ff9ff0ef	jal	x1,80000194	  x1=0x80000194
        1725000	       171	00000000	00000013	addi	x0,x0,0	  x0:0x00000000
        1735000	       172	80000188	00000013	addi	x0,x0,0	  x0:0x00000000
        1745000	       173	8000018c	018000ef	jal	x1,8000018c	  x1=0x8000018c
        1755000	       174	00000000	00000013	addi	x0,x0,0	  x0:0x00000000
        1765000	       175	800001a0	00000013	addi	x0,x0,0	  x0:0x00000000
        1775000	       176	800001a4	fedff36f	jal	x6,800001a4	  x6=0x800001a4
        1785000	       177	00000000	00000013	addi	x0,x0,0	  x0:0x00000000
        1795000	       178	8000018c	00000013	addi	x0,x0,0	  x0:0x00000000
        1805000	       179	80000190	00c000ef	jal	x1,80000190	  x1=0x80000190
        1815000	       180	00000000	00000013	addi	x0,x0,0	  x0:0x00000000
        1825000	       181	80000198	00000013	addi	x0,x0,0	  x0:0x00000000
        1835000	       182	8000019c	01800f6f	jal	x30,8000019c	 x30=0x8000019c
        1845000	       183	00000000	00000013	addi	x0,x0,0	  x0:0x00000000
        1855000	       184	800001b0	00000013	addi	x0,x0,0	  x0:0x00000000
        1865000	       185	800001b4	fe5ff0ef	jal	x1,800001b4	  x1=0x800001b4
        1875000	       186	00000000	00000013	addi	x0,x0,0	  x0:0x00000000
        1885000	       187	80000194	00000013	addi	x0,x0,0	  x0:0x00000000
        1895000	       188	80000198	0100036f	jal	x6,80000198	  x6=0x80000198
        1905000	       189	00000000	00000013	addi	x0,x0,0	  x0:0x00000000
        1915000	       190	800001a4	00000013	addi	x0,x0,0	  x0:0x00000000
        1925000	       191	800001a8	008000ef	jal	x1,800001a8	  x1=0x800001a8
        1935000	       192	00000000	00000013	addi	x0,x0,0	  x0:0x00000000
        1945000	       193	800001ac	00000013	addi	x0,x0,0	  x0:0x00000000
        1955000	       194	800001b0	ff1ff8ef	jal	x17,800001b0	 x17=0x800001b0
        1965000	       195	00000000	00000013	addi	x0,x0,0	  x0:0x00000000
        1975000	       196	8000019c	00000013	addi	x0,x0,0	  x0:0x00000000
        1985000	       197	800001a0	01c000ef	jal	x1,800001a0	  x1=0x800001a0
        1995000	       198	00000000	00000013	addi	x0,x0,0	  x0:0x00000000
        2005000	       199	800001b8	00000013	addi	x0,x0,0	  x0:0x00000000
        2015000	       200	800001bc	004000ef	jal	x1,800001bc	  x1=0x800001bc
        2025000	       201	00000000	00000013	addi	x0,x0,0	  x0:0x00000000
        2035000	       202	800001bc	00000013	addi	x0,x0,0	  x0:0x00000000
        2045000	       203	800001c0	004000ef	jal	x1,800001c0	  x1=0x800001c0
        2055000	       204	00000000	00000013	addi	x0,x0,0	  x0:0x00000000
        2065000	       205	800001c0	00000013	addi	x0,x0,0	  x0:0x00000000
        2075000	       206	800001c4	fe9ff36f	jal	x6,800001c4	  x6=0x800001c4
        2085000	       207	00000000	00000013	addi	x0,x0,0	  x0:0x00000000
        2095000	       208	800001a8	00000013	addi	x0,x0,0	  x0:0x00000000
        2105000	       209	800001ac	01c000ef	jal	x1,800001ac	  x1=0x800001ac
        2115000	       210	00000000	00000013	addi	x0,x0,0	  x0:0x00000000
        2125000	       211	800001c4	00000013	addi	x0,x0,0	  x0:0x00000000
        2135000	       212	800001c8	8801ce13	xori	x28,x3,-1920	  x3:0xf143a3df x28=0x0ebc5b5f
        2145000	       213	800001cc	008000ef	jal	x1,800001cc	  x1=0x800001cc
        2155000	       214	00000000	00000013	addi	x0,x0,0	  x0:0x00000000
        2165000	       215	800001d0	00000013	addi	x0,x0,0	  x0:0x00000000
        2175000	       216	800001d4	024000ef	jal	x1,800001d4	  x1=0x800001d4
        2185000	       217	00000000	00000013	addi	x0,x0,0	  x0:0x00000000
        2195000	       218	800001f4	00000013	addi	x0,x0,0	  x0:0x00000000
        2205000	       219	800001f8	fe5ff0ef	jal	x1,800001f8	  x1=0x800001f8
        2215000	       220	00000000	00000013	addi	x0,x0,0	  x0:0x00000000
        2225000	       221	800001d8	00000013	addi	x0,x0,0	  x0:0x00000000
        2235000	       222	800001dc	0200036f	jal	x6,800001dc	  x6=0x800001dc
        2245000	       223	00000000	00000013	addi	x0,x0,0	  x0:0x00000000
        2255000	       224	800001f8	00000013	addi	x0,x0,0	  x0:0x00000000
        2265000	       225	800001fc	fedff0ef	jal	x1,800001fc	  x1=0x800001fc
        2275000	       226	00000000	00000013	addi	x0,x0,0	  x0:0x00000000
        2285000	       227	800001e4	00000013	addi	x0,x0,0	  x0:0x00000000
        2295000	       228	800001e8	fe9ff0ef	jal	x1,800001e8	  x1=0x800001e8
        2305000	       229	00000000	00000013	addi	x0,x0,0	  x0:0x00000000
        2315000	       230	800001cc	00000013	addi	x0,x0,0	  x0:0x00000000
        2325000	       231	800001d0	024000ef	jal	x1,800001d0	  x1=0x800001d0
        2335000	       232	00000000	00000013	addi	x0,x0,0	  x0:0x00000000
        2345000	       233	800001f0	00000013	addi	x0,x0,0	  x0:0x00000000
        2355000	       234	800001f4	fe5ff36f	jal	x6,800001f4	  x6=0x800001f4
        2365000	       235	00000000	00000013	addi	x0,x0,0	  x0:0x00000000
        2375000	       236	800001d4	00000013	addi	x0,x0,0	  x0:0x00000000
        2385000	       237	800001d8	028000ef	jal	x1,800001d8	  x1=0x800001d8
        2395000	       238	00000000	00000013	addi	x0,x0,0	  x0:0x00000000
        2405000	       239	800001fc	00000013	addi	x0,x0,0	  x0:0x00000000
        2415000	       240	80000200	fedff36f	jal	x6,80000200	  x6=0x80000200
        2425000	       241	00000000	00000013	addi	x0,x0,0	  x0:0x00000000
        2435000	       242	800001e8	00000013	addi	x0,x0,0	  x0:0x00000000
        2445000	       243	800001ec	ff5ff5ef	jal	x11,800001ec	 x11=0x800001ec
        2455000	       244	00000000	00000013	addi	x0,x0,0	  x0:0x00000000
        2465000	       245	800001dc	00000013	addi	x0,x0,0	  x0:0x00000000
        2475000	       246	800001e0	004000ef	jal	x1,800001e0	  x1=0x800001e0
        2485000	       247	00000000	00000013	addi	x0,x0,0	  x0:0x00000000
        2495000	       248	800001e0	00000013	addi	x0,x0,0	  x0:0x00000000
        2505000	       249	800001e4	00c0016f	jal	x2,800001e4	  x2=0x800001e4
        2515000	       250	00000000	00000013	addi	x0,x0,0	  x0:0x00000000
        2525000	       251	800001ec	00000013	addi	x0,x0,0	  x0:0x00000000
        2535000	       252	800001f0	014000ef	jal	x1,800001f0	  x1=0x800001f0
        2545000	       253	00000000	00000013	addi	x0,x0,0	  x0:0x00000000
        2555000	       254	80000200	00000013	addi	x0,x0,0	  x0:0x00000000
        2565000	       255	80000204	007ea7b3	slt	x15,x29,x7	 x29:0xfb81bb78  x7:0x80000000 x15=0x00000000
        2575000	       256	80000208	054000ef	jal	x1,80000208	  x1=0x80000208
        2585000	       257	00000000	00000013	addi	x0,x0,0	  x0:0x00000000
        2595000	       258	80000258	00000013	addi	x0,x0,0	  x0:0x00000000
        2605000	       259	8000025c	0100026f	jal	x4,8000025c	  x4=0x8000025c
        2615000	       260	00000000	00000013	addi	x0,x0,0	  x0:0x00000000
        2625000	       261	80000268	00000013	addi	x0,x0,0	  x0:0x00000000
        2635000	       262	8000026c	fd9ff36f	jal	x6,8000026c	  x6=0x8000026c
        2645000	       263	00000000	00000013	addi	x0,x0,0	  x0:0x00000000
        2655000	       264	80000240	00000013	addi	x0,x0,0	  x0:0x00000000
        2665000	       265	80000244	00c0036f	jal	x6,80000244	  x6=0x80000244
        2675000	       266	00000000	00000013	addi	x0,x0,0	  x0:0x00000000
        2685000	       267	8000024c	00000013	addi	x0,x0,0	  x0:0x00000000
        2695000	       268	80000250	fcdffc6f	jal	x24,80000250	 x24=0x80000250
        2705000	       269	00000000	00000013	addi	x0,x0,0	  x0:0x00000000
        2715000	       270	80000218	00000013	addi	x0,x0,0	  x0:0x00000000
        2725000	       271	8000021c	038000ef	jal	x1,8000021c	  x1=0x8000021c
        2735000	       272	00000000	00000013	addi	x0,x0,0	  x0:0x00000000
        2745000	       273	80000250	00000013	addi	x0,x0,0	  x0:0x00000000
        2755000	       274	80000254	fd1ff0ef	jal	x1,80000254	  x1=0x80000254
        2765000	       275	00000000	00000013	addi	x0,x0,0	  x0:0x00000000
        2775000	       276	80000220	00000013	addi	x0,x0,0	  x0:0x00000000
        2785000	       277	80000224	0280046f	jal	x8,80000224	  x8=0x80000224
        2795000	       278	00000000	00000013	addi	x0,x0,0	  x0:0x00000000
        2805000	       279	80000248	00000013	addi	x0,x0,0	  x0:0x00000000
        2815000	       280	8000024c	fe1ff26f	jal	x4,8000024c	  x4=0x8000024c
        2825000	       281	00000000	00000013	addi	x0,x0,0	  x0:0x00000000
        2835000	       282	80000228	00000013	addi	x0,x0,0	  x0:0x00000000
        2845000	       283	8000022c	0100036f	jal	x6,8000022c	  x6=0x8000022c
        2855000	       284	00000000	00000013	addi	x0,x0,0	  x0:0x00000000
        2865000	       285	80000238	00000013	addi	x0,x0,0	  x0:0x00000000
        2875000	       286	8000023c	034000ef	jal	x1,8000023c	  x1=0x8000023c
        2885000	       287	00000000	00000013	addi	x0,x0,0	  x0:0x00000000
        2895000	       288	8000026c	00000013	addi	x0,x0,0	  x0:0x00000000
        2905000	       289	80000270	ff1ff36f	jal	x6,80000270	  x6=0x80000270
        2915000	       290	00000000	00000013	addi	x0,x0,0	  x0:0x00000000
        2925000	       291	8000025c	00000013	addi	x0,x0,0	  x0:0x00000000
        2935000	       292	80000260	fd9ff0ef	jal	x1,80000260	  x1=0x80000260
        2945000	       293	00000000	00000013	addi	x0,x0,0	  x0:0x00000000
        2955000	       294	80000234	00000013	addi	x0,x0,0	  x0:0x00000000
        2965000	       295	80000238	010000ef	jal	x1,80000238	  x1=0x80000238
        2975000	       296	00000000	00000013	addi	x0,x0,0	  x0:0x00000000
        2985000	       297	80000244	00000013	addi	x0,x0,0	  x0:0x00000000
        2995000	       298	80000248	fd9ff36f	jal	x6,80000248	  x6=0x80000248
        3005000	       299	00000000	00000013	addi	x0,x0,0	  x0:0x00000000
        3015000	       300	8000021c	00000013	addi	x0,x0,0	  x0:0x00000000
        3025000	       301	80000220	ff1ff0ef	jal	x1,80000220	  x1=0x80000220
        3035000	       302	00000000	00000013	addi	x0,x0,0	  x0:0x00000000
        3045000	       303	8000020c	00000013	addi	x0,x0,0	  x0:0x00000000
        3055000	       304	80000210	01800c6f	jal	x24,80000210	 x24=0x80000210
        3065000	       305	00000000	00000013	addi	x0,x0,0	  x0:0x00000000
        3075000	       306	80000224	00000013	addi	x0,x0,0	  x0:0x00000000
        3085000	       307	80000228	0300066f	jal	x12,80000228	 x12=0x80000228
        3095000	       308	00000000	00000013	addi	x0,x0,0	  x0:0x00000000
        3105000	       309	80000254	00000013	addi	x0,x0,0	  x0:0x00000000
        3115000	       310	80000258	fd9ff0ef	jal	x1,80000258	  x1=0x80000258
        3125000	       311	00000000	00000013	addi	x0,x0,0	  x0:0x00000000
        3135000	       312	8000022c	00000013	addi	x0,x0,0	  x0:0x00000000
        3145000	       313	80000230	fe9ff0ef	jal	x1,80000230	  x1=0x80000230
        3155000	       314	00000000	00000013	addi	x0,x0,0	  x0:0x00000000
        3165000	       315	80000214	00000013	addi	x0,x0,0	  x0:0x00000000
        3175000	       316	80000218	0600036f	jal	x6,80000218	  x6=0x80000218
        3185000	       317	00000000	00000013	addi	x0,x0,0	  x0:0x00000000
        3195000	       318	80000274	00000013	addi	x0,x0,0	  x0:0x00000000
        3205000	       319	80000278	ffdff36f	jal	x6,80000278	  x6=0x80000278
        3215000	       320	00000000	00000013	addi	x0,x0,0	  x0:0x00000000
        3225000	       321	80000270	00000013	addi	x0,x0,0	  x0:0x00000000
        3235000	       322	80000274	fcdff0ef	jal	x1,80000274	  x1=0x80000274
        3245000	       323	00000000	00000013	addi	x0,x0,0	  x0:0x00000000
        3255000	       324	8000023c	00000013	addi	x0,x0,0	  x0:0x00000000
        3265000	       325	80000240	028000ef	jal	x1,80000240	  x1=0x80000240
        3275000	       326	00000000	00000013	addi	x0,x0,0	  x0:0x00000000
        3285000	       327	80000264	00000013	addi	x0,x0,0	  x0:0x00000000
        3295000	       328	80000268	ffdff0ef	jal	x1,80000268	  x1=0x80000268
        3305000	       329	00000000	00000013	addi	x0,x0,0	  x0:0x00000000
        3315000	       330	80000260	00000013	addi	x0,x0,0	  x0:0x00000000
        3325000	       331	80000264	fd1ff36f	jal	x6,80000264	  x6=0x80000264
        3335000	       332	00000000	00000013	addi	x0,x0,0	  x0:0x00000000
        3345000	       333	80000230	00000013	addi	x0,x0,0	  x0:0x00000000
        3355000	       334	80000234	fe1ff76f	jal	x14,80000234	 x14=0x80000234
        3365000	       335	00000000	00000013	addi	x0,x0,0	  x0:0x00000000
        3375000	       336	80000210	00000013	addi	x0,x0,0	  x0:0x00000000
        3385000	       337	80000214	ff9ff26f	jal	x4,80000214	  x4=0x80000214
        3395000	       338	00000000	00000013	addi	x0,x0,0	  x0:0x00000000
        3405000	       339	80000208	00000013	addi	x0,x0,0	  x0:0x00000000
        3415000	       340	8000020c	070000ef	jal	x1,8000020c	  x1=0x8000020c
        3425000	       341	00000000	00000013	addi	x0,x0,0	  x0:0x00000000
        3435000	       342	80000278	00000013	addi	x0,x0,0	  x0:0x00000000
        3445000	       343	8000027c	00592f33	slt	x30,x18,x5	 x18:0x00000003  x5:0x80000000 x30=0x00000000
        3455000	       344	80000280	028ff463	bgeu	x31,x8,800002a8	 x31:0x80009fc4  x8:0x80000224
        3465000	       345	00000000	00000013	addi	x0,x0,0	  x0:0x00000000
        3475000	       346	800002a4	00000013	addi	x0,x0,0	  x0:0x00000000
        3485000	       347	800002a8	01491333	sll	x6,x18,x20	 x18:0x00000003 x20:0x7e27ac78  x6=0x03000000
        3495000	       348	800002ac	03621c63	bne	x4,x22,800002e4	  x4:0x80000214 x22:0xa3d25afc
        3505000	       349	00000000	00000013	addi	x0,x0,0	  x0:0x00000000
        3515000	       350	800002e0	00000013	addi	x0,x0,0	  x0:0x00000000
        3525000	       351	800002e4	0af8ea13	ori	x20,x17,175	 x17:0x800001b0 x20=0x800001bf
        3535000	       352	800002e8	c2097017	auipc	x0,0xc2097	
        3545000	       353	800002ec	0022c6b3	xor	x13,x5,x2	  x5:0x80000000  x2:0x800001e4 x13=0x000001e4
        3555000	       354	800002f0	417f8833	sub	x16,x31,x23	 x31:0x80009fc4 x23:0xc0702928 x16=0xbf90769c
        3565000	       355	800002f4	00c3b1b3	sltu	x3,x7,x12	  x7:0x80000000 x12:0x80000228  x3=0x00000001
        3575000	       356	800002f8	003d7863	bgeu	x26,x3,80000308	 x26:0x0000000e  x3:0x00000001
        3585000	       357	00000000	00000013	addi	x0,x0,0	  x0:0x00000000
        3595000	       358	80000304	00000013	addi	x0,x0,0	  x0:0x00000000
        3605000	       359	80000308	001035b3	sltu	x11,x0,x1	  x0:0x00000000  x1:0x8000020c x11=0x00000001
        3615000	       360	8000030c	13080e93	addi	x29,x16,304	 x16:0xbf90769c x29=0xbf9077cc
        3625000	       361	80000310	89448017	auipc	x0,0x89448	
        3635000	       362	80000314	0098f6b3	and	x13,x17,x9	 x17:0x800001b0  x9:0x80000000 x13=0x80000000
        3645000	       363	80000318	01d19c33	sll	x24,x3,x29	  x3:0x00000001 x29:0xbf9077cc x24=0x00001000
        3655000	       364	8000031c	3f6baf13	slti	x30,x23,1014	 x23:0xc0702928 x30=0x00000001
        3665000	       365	80000320	000cfa63	bgeu	x25,x0,80000334	 x25:0x00000000  x0:0x00000000
        3675000	       366	00000000	00000013	addi	x0,x0,0	  x0:0x00000000
        3685000	       367	80000330	00000013	addi	x0,x0,0	  x0:0x00000000
        3695000	       368	80000334	f64fc037	lui	x0,0xf64fc	
        3705000	       369	80000338	00def263	bgeu	x29,x13,8000033c	 x29:0xbf9077cc x13:0x80000000
        3715000	       370	00000000	00000013	addi	x0,x0,0	  x0:0x00000000
        3725000	       371	80000338	00000013	addi	x0,x0,0	  x0:0x00000000
        3735000	       372	8000033c	01f58433	add	x8,x11,x31	 x11:0x00000001 x31:0x80009fc4  x8=0x80009fc5
        3745000	       373	80000340	0106e1b3	or	x3,x13,x16	 x13:0x80000000 x16:0xbf90769c  x3=0xbf90769c
        3755000	       374	80000344	03e1d263	bge	x3,x30,80000368	  x3:0xbf90769c x30:0x00000001
        3765000	       375	80000348	0299f663	bgeu	x19,x9,80000374	 x19:0x80000000  x9:0x80000000
        3775000	       376	00000000	00000013	addi	x0,x0,0	  x0:0x00000000
        3785000	       377	80000370	00000013	addi	x0,x0,0	  x0:0x00000000
        3795000	       378	80000374	01fe9993	slli	x19,x29,0x1f	 x29:0xbf9077cc x19=0x00000000
        3805000	       379	80000378	0961f263	bgeu	x3,x22,800003fc	  x3:0xbf90769c x22:0xa3d25afc
        3815000	       380	00000000	00000013	addi	x0,x0,0	  x0:0x00000000
        3825000	       381	800003f8	00000013	addi	x0,x0,0	  x0:0x00000000
        3835000	       382	800003fc	00715513	srli	x10,x2,0x7	  x2:0x800001e4 x10=0x01000003
        3845000	       383	80000400	03b4fe63	bgeu	x9,x27,8000043c	  x9:0x80000000 x27:0x8000013c
        3855000	       384	80000404	a6664c13	xori	x24,x12,-1434	 x12:0x80000228 x24=0x7ffff84e
        3865000	       385	80000408	00992a33	slt	x20,x18,x9	 x18:0x00000003  x9:0x80000000 x20=0x00000000
        3875000	       386	8000040c	003c4333	xor	x6,x24,x3	 x24:0x7ffff84e  x3:0xbf90769c  x6=0xc06f8ed2
        3885000	       387	80000410	01581533	sll	x10,x16,x21	 x16:0xbf90769c x21:0x80009f84 x10=0xf90769c0
        3895000	       388	80000414	d3cd7113	andi	x2,x26,-708	 x26:0x0000000e  x2=0x0000000c
        3905000	       389	80000418	00645b33	srl	x22,x8,x6	  x8:0x80009fc5  x6:0xc06f8ed2 x22=0x00002000
        3915000	       390	8000041c	efb01017	auipc	x0,0xefb01	
        3925000	       391	80000420	3ce28513	addi	x10,x5,974	  x5:0x80000000 x10=0x800003ce
        3935000	       392	80000424	00ec5093	srli	x1,x24,0xe	 x24:0x7ffff84e  x1=0x0001ffff
        3945000	       393	80000428	40acdb13	srai	x22,x25,0xa	 x25:0x00000000 x22=0x00000000
        3955000	       394	8000042c	01a55313	srli	x6,x10,0x1a	 x10:0x800003ce  x6=0x00000020
        3965000	       395	80000430	01284a33	xor	x20,x16,x18	 x16:0xbf90769c x18:0x00000003 x20=0xbf90769f
        3975000	       396	80000434	05331063	bne	x6,x19,80000474	  x6:0x00000020 x19:0x00000000
        3985000	       397	00000000	00000013	addi	x0,x0,0	  x0:0x00000000
        3995000	       398	80000470	00000013	addi	x0,x0,0	  x0:0x00000000
        4005000	       399	80000474	02aa7863	bgeu	x20,x10,800004a4	 x20:0xbf90769f x10:0x800003ce
        4015000	       400	00000000	00000013	addi	x0,x0,0	  x0:0x00000000
        4025000	       401	800004a0	00000013	addi	x0,x0,0	  x0:0x00000000
        4035000	       402	800004a4	00000013	addi	x0,x0,0	  x0:0x00000000
        4045000	       403	800004a8	01bece33	xor	x28,x29,x27	 x29:0xbf9077cc x27:0x8000013c x28=0x3f9076f0
        4055000	       404	800004ac	0199e863	bltu	x19,x25,800004bc	 x19:0x00000000 x25:0x00000000
        4065000	       405	800004b0	4193d033	sra	x0,x7,x25	  x7:0x80000000 x25:0x00000000
        4075000	       406	800004b4	41b4d993	srai	x19,x9,0x1b	  x9:0x80000000 x19=0xfffffff0
        4085000	       407	800004b8	01d35d33	srl	x26,x6,x29	  x6:0x00000020 x29:0xbf9077cc x26=0x00000000
        4095000	       408	800004bc	41145e93	srai	x29,x8,0x11	  x8:0x80009fc5 x29=0xffffc000
        4105000	       409	800004c0	d36e1f17	auipc	x30,0xd36e1	 x30=0x536e14bc
        4115000	       410	800004c4	04ed9063	bne	x27,x14,80000504	 x27:0x8000013c x14:0x80000234
        4125000	       411	00000000	00000013	addi	x0,x0,0	  x0:0x00000000
        4135000	       412	80000500	00000013	addi	x0,x0,0	  x0:0x00000000
        4145000	       413	80000504	00b5e033	or	x0,x11,x11	 x11:0x00000001 x11:0x00000001
        4155000	       414	80000508	bc633e93	sltiu	x29,x6,-1082	  x6:0x00000020 x29=0x00000001
        4165000	       415	8000050c	01378bb3	add	x23,x15,x19	 x15:0x00000000 x19:0xfffffff0 x23=0xfffffff0
        4175000	       416	80000510	03660663	beq	x12,x22,8000053c	 x12:0x80000228 x22:0x00000000
        4185000	       417	80000514	06849a63	bne	x9,x8,80000588	  x9:0x80000000  x8:0x80009fc5
        4195000	       418	00000000	00000013	addi	x0,x0,0	  x0:0x00000000
        4205000	       419	80000584	00000013	addi	x0,x0,0	  x0:0x00000000
        4215000	       420	80000588	01861793	slli	x15,x12,0x18	 x12:0x80000228 x15=0x28000000
        4225000	       421	8000058c	053e5263	bge	x28,x19,800005d0	 x28:0x3f9076f0 x19:0xfffffff0
        4235000	       422	00000000	00000013	addi	x0,x0,0	  x0:0x00000000
        4245000	       423	800005cc	00000013	addi	x0,x0,0	  x0:0x00000000
        4255000	       424	800005d0	6f5a8e37	lui	x28,0x6f5a8	 x28=0x6f5a8000
        4265000	       425	800005d4	0478e863	bltu	x17,x7,80000624	 x17:0x800001b0  x7:0x80000000
        4275000	       426	800005d8	f343c993	xori	x19,x7,-204	  x7:0x80000000 x19=0x7fffff34
        4285000	       427	800005dc	00201863	bne	x0,x2,800005ec	  x0:0x00000000  x2:0x0000000c
        4295000	       428	00000000	00000013	addi	x0,x0,0	  x0:0x00000000
        4305000	       429	800005e8	00000013	addi	x0,x0,0	  x0:0x00000000
        4315000	       430	800005ec	01de9533	sll	x10,x29,x29	 x29:0x00000001 x29:0x00000001 x10=0x00000002
        4325000	       431	800005f0	005e2833	slt	x16,x28,x5	 x28:0x6f5a8000  x5:0x80000000 x16=0x00000000
        4335000	       432	800005f4	00000013	addi	x0,x0,0	  x0:0x00000000
        4345000	       433	800005f8	ea657193	andi	x3,x10,-346	 x10:0x00000002  x3=0x00000002
        4355000	       434	800005fc	01b04263	blt	x0,x27,80000600	  x0:0x00000000 x27:0x8000013c
        4365000	       435	80000600	04eabe93	sltiu	x29,x21,78	 x21:0x80009f84 x29=0x00000000
        4375000	       436	80000604	23b98213	addi	x4,x19,571	 x19:0x7fffff34  x4=0x8000016f
        4385000	       437	80000608	01bcc4b3	xor	x9,x25,x27	 x25:0x00000000 x27:0x8000013c  x9=0x8000013c
        4395000	       438	8000060c	6248a093	slti	x1,x17,1572	 x17:0x800001b0  x1=0x00000001
        4405000	       439	80000610	417e53b3	sra	x7,x28,x23	 x28:0x6f5a8000 x23:0xfffffff0  x7=0x00006f5a
        4415000	       440	80000614	c7270197	auipc	x3,0xc7270	  x3=0x47270610
        4425000	       441	80000618	c381ab93	slti	x23,x3,-968	  x3:0x47270610 x23=0x00000000
        4435000	       442	8000061c	41dc5c13	srai	x24,x24,0x1d	 x24:0x7ffff84e x24=0x00000003
        4445000	       443	80000620	01df3db3	sltu	x27,x30,x29	 x30:0x536e14bc x29:0x00000000 x27=0x00000000
        4455000	       444	80000624	da68ae13	slti	x28,x17,-602	 x17:0x800001b0 x28=0x00000001
        4465000	       445	80000628	41d683b3	sub	x7,x13,x29	 x13:0x80000000 x29:0x00000000  x7=0x80000000
        4475000	       446	8000062c	01df5a13	srli	x20,x30,0x1d	 x30:0x536e14bc x20=0x00000002
        4485000	       447	80000630	404dc097	auipc	x1,0x404dc	  x1=0xc04dc62c
        4495000	       448	80000634	014a2f33	slt	x30,x20,x20	 x20:0x00000002 x20:0x00000002 x30=0x00000000
        4505000	       449	80000638	47b3c893	xori	x17,x7,1147	  x7:0x80000000 x17=0x8000047b
        4515000	       450	8000063c	94c3e113	ori	x2,x7,-1716	  x7:0x80000000  x2=0xfffff94c
        4525000	       451	80000640	7470a593	slti	x11,x1,1863	  x1:0xc04dc62c x11=0x00000001
        4535000	       452	80000644	00e679b3	and	x19,x12,x14	 x12:0x80000228 x14:0x80000234 x19=0x80000220
        4545000	       453	80000648	7003e113	ori	x2,x7,1792	  x7:0x80000000  x2=0x80000700
        4555000	       454	8000064c	00b51193	slli	x3,x10,0xb	 x10:0x00000002  x3=0x00001000
        4565000	       455	80000650	053d6863	bltu	x26,x19,800006a0	 x26:0x00000000 x19:0x80000220
        4575000	       456	00000000	00000013	addi	x0,x0,0	  x0:0x00000000
        4585000	       457	8000069c	00000013	addi	x0,x0,0	  x0:0x00000000
        4595000	       458	800006a0	56d82d13	slti	x26,x16,1389	 x16:0x00000000 x26=0x00000001
        4605000	       459	800006a4	403a5f33	sra	x30,x20,x3	 x20:0x00000002  x3:0x00001000 x30=0x00000002
        4615000	       460	800006a8	00000013	addi	x0,x0,0	  x0:0x00000000
        4625000	       461	800006ac	01c39d93	slli	x27,x7,0x1c	  x7:0x80000000 x27=0x00000000
        4635000	       462	800006b0	0196dc33	srl	x24,x13,x25	 x13:0x80000000 x25:0x00000000 x24=0x80000000
        4645000	       463	800006b4	413e5db3	sra	x27,x28,x19	 x28:0x00000001 x19:0x80000220 x27=0x00000001
        4655000	       464	800006b8	13694113	xori	x2,x18,310	 x18:0x00000003  x2=0x00000135
        4665000	       465	800006bc	009fcf33	xor	x30,x31,x9	 x31:0x80009fc4  x9:0x8000013c x30=0x00009ef8
        4675000	       466	800006c0	41205d33	sra	x26,x0,x18	  x0:0x00000000 x18:0x00000003 x26=0x00000000
        4685000	       467	800006c4	52470993	addi	x19,x14,1316	 x14:0x80000234 x19=0x80000758
        4695000	       468	800006c8	ba6af913	andi	x18,x21,-1114	 x21:0x80009f84 x18=0x80009b84
        4705000	       469	800006cc	dee30613	addi	x12,x6,-530	  x6:0x00000020 x12=0xfffffe0e
        4715000	       470	800006d0	0150d193	srli	x3,x1,0x15	  x1:0xc04dc62c  x3=0x00000602
        4725000	       471	800006d4	0051da13	srli	x20,x3,0x5	  x3:0x00000602 x20=0x00000030
        4735000	       472	800006d8	00fa7433	and	x8,x20,x15	 x20:0x00000030 x15:0x28000000  x8=0x00000000
        4745000	       473	800006dc	0496e863	bltu	x13,x9,8000072c	 x13:0x80000000  x9:0x8000013c
        4755000	       474	00000000	00000013	addi	x0,x0,0	  x0:0x00000000
        4765000	       475	80000728	00000013	addi	x0,x0,0	  x0:0x00000000
        4775000	       476	8000072c	41ac5113	srai	x2,x24,0x1a	 x24:0x80000000  x2=0xffffffe0
        4785000	       477	80000730	01840bb3	add	x23,x8,x24	  x8:0x00000000 x24:0x80000000 x23=0x80000000
        4795000	       478	80000734	eca4b7b7	lui	x15,0xeca4b	 x15=0xeca4b000
        4805000	       479	80000738	01bcf863	bgeu	x25,x27,80000748	 x25:0x00000000 x27:0x00000001
        4815000	       480	8000073c	00034663	blt	x6,x0,80000748	  x6:0x00000020  x0:0x00000000
        4825000	       481	80000740	0054deb3	srl	x29,x9,x5	  x9:0x8000013c  x5:0x80000000 x29=0x8000013c
        4835000	       482	80000744	01f63e33	sltu	x28,x12,x31	 x12:0xfffffe0e x31:0x80009fc4 x28=0x00000000
        4845000	       483	80000748	b2f38a13	addi	x20,x7,-1233	  x7:0x80000000 x20=0x7ffffb2f
        4855000	       484	8000074c	00000c97	auipc	x25,0x0	 x25=0x80000748
        4865000	       485	80000750	00cc8c93	addi	x25,x25,12	 x25:0x80000748 x25=0x80000754
        4875000	       486	80000754	000c8067	jalr	x0,x25,0	 x25:0x80000754
        4885000	       487	00000000	00000013	addi	x0,x0,0	  x0:0x00000000
        4895000	       488	80000754	00000013	addi	x0,x0,0	  x0:0x00000000
        4905000	       489	80000758	00100193	addi	x3,x0,1	  x0:0x00000000  x3=0x00000001
        4915000	       490	8000075c	00000073	ecall	
        4925000	       491	80000760	ff0a8a93	addi	x21,x21,-16	 x21:0x80009f84 x21=0x80009f74
