		Time			Cycle	PC		Insn	Decoded instruction	Register and memory contents
          65000	         5	80000004	00000293	addi	x5,x0,0	  x0:0x00000000  x5=0x00000000
          75000	         6	80000008	00000313	addi	x6,x0,0	  x0:0x00000000  x6=0x00000000
          85000	         7	8000000c	00628263	beq	x5,x6,80000010	  x5:0x00000000  x6:0x00000000
          95000	         8	00000000	00000013	addi	x0,x0,0	  x0:0x00000000
         105000	         9	8000000c	00000013	addi	x0,x0,0	  x0:0x00000000
         115000	        10	80000010	00000a97	auipc	x21,0x0	 x21=0x8000000c
         125000	        11	80000014	00ca8a93	addi	x21,x21,12	 x21:0x8000000c x21=0x80000018
         135000	        12	80000018	000a8067	jalr	x0,x21,0	 x21:0x80000018
         145000	        13	00000000	00000013	addi	x0,x0,0	  x0:0x00000000
         155000	        14	80000018	00000013	addi	x0,x0,0	  x0:0x00000000
         165000	        15	8000001c	400002b7	lui	x5,0x40000	  x5=0x40000000
         175000	        16	80000020	10028293	addi	x5,x5,256	  x5:0x40000000  x5=0x40000100
         185000	        17	80000024	00000013	addi	x0,x0,0	  x0:0x00000000
         195000	        18	80000028	0000a117	auipc	x2,0xa	  x2=0x8000a024
         205000	        19	8000002c	fa010113	addi	x2,x2,-96	  x2:0x8000a024  x2=0x80009fc4
         215000	        20	80000030	00005297	auipc	x5,0x5	  x5=0x8000502c
         225000	        21	80000034	ed428293	addi	x5,x5,-300	  x5:0x8000502c  x5=0x80004f00
         235000	        22	80000038	0012e293	ori	x5,x5,1	  x5:0x80004f00  x5=0x80004f01
         245000	        23	8000003c	00000013	addi	x0,x0,0	  x0:0x00000000
         255000	        24	80000040	00000297	auipc	x5,0x0	  x5=0x8000003c
         265000	        25	80000044	02028293	addi	x5,x5,32	  x5:0x8000003c  x5=0x8000005c
         275000	        26	80000048	00000013	addi	x0,x0,0	  x0:0x00000000
         285000	        27	8000004c	00000013	addi	x0,x0,0	  x0:0x00000000
         295000	        28	80000050	000022b7	lui	x5,0x2	  x5=0x00002000
         305000	        29	80000054	80028293	addi	x5,x5,-2048	  x5:0x00002000  x5=0x00001800
         315000	        30	80000058	00000013	addi	x0,x0,0	  x0:0x00000000
         325000	        31	8000005c	00000013	addi	x0,x0,0	  x0:0x00000000
         335000	        32	80000060	00000013	addi	x0,x0,0	  x0:0x00000000
         345000	        33	80000064	f3f1a0b7	lui	x1,0xf3f1a	  x1=0xf3f1a000
         355000	        34	80000068	ce308093	addi	x1,x1,-797	  x1:0xf3f1a000  x1=0xf3f19ce3
         365000	        35	8000006c	c6bd61b7	lui	x3,0xc6bd6	  x3=0xc6bd6000
         375000	        36	80000070	78a18193	addi	x3,x3,1930	  x3:0xc6bd6000  x3=0xc6bd678a
         385000	        37	80000074	80000237	lui	x4,0x80000	  x4=0x80000000
         395000	        38	80000078	fedef2b7	lui	x5,0xfedef	  x5=0xfedef000
         405000	        39	8000007c	8ee28293	addi	x5,x5,-1810	  x5:0xfedef000  x5=0xfedee8ee
         415000	        40	80000080	80000337	lui	x6,0x80000	  x6=0x80000000
         425000	        41	80000084	00000393	addi	x7,x0,0	  x0:0x00000000  x7=0x00000000
         435000	        42	80000088	00000493	addi	x9,x0,0	  x0:0x00000000  x9=0x00000000
         445000	        43	8000008c	00000513	addi	x10,x0,0	  x0:0x00000000 x10=0x00000000
         455000	        44	80000090	00000593	addi	x11,x0,0	  x0:0x00000000 x11=0x00000000
         465000	        45	80000094	f8ccd637	lui	x12,0xf8ccd	 x12=0xf8ccd000
         475000	        46	80000098	7dd60613	addi	x12,x12,2013	 x12:0xf8ccd000 x12=0xf8ccd7dd
         485000	        47	8000009c	f45036b7	lui	x13,0xf4503	 x13=0xf4503000
         495000	        48	800000a0	9bb68693	addi	x13,x13,-1605	 x13:0xf4503000 x13=0xf45029bb
         505000	        49	800000a4	00000713	addi	x14,x0,0	  x0:0x00000000 x14=0x00000000
         515000	        50	800000a8	800007b7	lui	x15,0x80000	 x15=0x80000000
         525000	        51	800000ac	fc098837	lui	x16,0xfc098	 x16=0xfc098000
         535000	        52	800000b0	0cb80813	addi	x16,x16,203	 x16:0xfc098000 x16=0xfc0980cb
         545000	        53	800000b4	00000893	addi	x17,x0,0	  x0:0x00000000 x17=0x00000000
         555000	        54	800000b8	00700913	addi	x18,x0,7	  x0:0x00000000 x18=0x00000007
         565000	        55	800000bc	f5d759b7	lui	x19,0xf5d75	 x19=0xf5d75000
         575000	        56	800000c0	f7198993	addi	x19,x19,-143	 x19:0xf5d75000 x19=0xf5d74f71
         585000	        57	800000c4	80000a37	lui	x20,0x80000	 x20=0x80000000
         595000	        58	800000c8	1e6fdab7	lui	x21,0x1e6fd	 x21=0x1e6fd000
         605000	        59	800000cc	f98a8a93	addi	x21,x21,-104	 x21:0x1e6fd000 x21=0x1e6fcf98
         615000	        60	800000d0	00000b13	addi	x22,x0,0	  x0:0x00000000 x22=0x00000000
         625000	        61	800000d4	f54d8bb7	lui	x23,0xf54d8	 x23=0xf54d8000
         635000	        62	800000d8	8f4b8b93	addi	x23,x23,-1804	 x23:0xf54d8000 x23=0xf54d78f4
         645000	        63	800000dc	f33f5c37	lui	x24,0xf33f5	 x24=0xf33f5000
         655000	        64	800000e0	6a0c0c13	addi	x24,x24,1696	 x24:0xf33f5000 x24=0xf33f56a0
         665000	        65	800000e4	00100c93	addi	x25,x0,1	  x0:0x00000000 x25=0x00000001
         675000	        66	800000e8	d4995d37	lui	x26,0xd4995	 x26=0xd4995000
         685000	        67	800000ec	858d0d13	addi	x26,x26,-1960	 x26:0xd4995000 x26=0xd4994858
         695000	        68	800000f0	bae13db7	lui	x27,0xbae13	 x27=0xbae13000
         705000	        69	800000f4	e7bd8d93	addi	x27,x27,-389	 x27:0xbae13000 x27=0xbae12e7b
         715000	        70	800000f8	80000e37	lui	x28,0x80000	 x28=0x80000000
         725000	        71	800000fc	00000e93	addi	x29,x0,0	  x0:0x00000000 x29=0x00000000
         735000	        72	80000100	00000f13	addi	x30,x0,0	  x0:0x00000000 x30=0x00000000
         745000	        73	80000104	80000fb7	lui	x31,0x80000	 x31=0x80000000
         755000	        74	80000108	0000a417	auipc	x8,0xa	  x8=0x8000a104
         765000	        75	8000010c	e8040413	addi	x8,x8,-384	  x8:0x8000a104  x8=0x80009f84
         775000	        76	80000110	05800d6f	jal	x26,80000110	 x26=0x80000110
         785000	        77	00000000	00000013	addi	x0,x0,0	  x0:0x00000000
         795000	        78	80000164	00000013	addi	x0,x0,0	  x0:0x00000000
         805000	        79	80000168	fc9ff0ef	jal	x1,80000168	  x1=0x80000168
         815000	        80	00000000	00000013	addi	x0,x0,0	  x0:0x00000000
         825000	        81	8000012c	00000013	addi	x0,x0,0	  x0:0x00000000
         835000	        82	80000130	03400e6f	jal	x28,80000130	 x28=0x80000130
         845000	        83	00000000	00000013	addi	x0,x0,0	  x0:0x00000000
         855000	        84	80000160	00000013	addi	x0,x0,0	  x0:0x00000000
         865000	        85	80000164	fb9ff0ef	jal	x1,80000164	  x1=0x80000164
         875000	        86	00000000	00000013	addi	x0,x0,0	  x0:0x00000000
         885000	        87	80000118	00000013	addi	x0,x0,0	  x0:0x00000000
         895000	        88	8000011c	03c0036f	jal	x6,8000011c	  x6=0x8000011c
         905000	        89	00000000	00000013	addi	x0,x0,0	  x0:0x00000000
         915000	        90	80000154	00000013	addi	x0,x0,0	  x0:0x00000000
         925000	        91	80000158	fd1ff9ef	jal	x19,80000158	 x19=0x80000158
         935000	        92	00000000	00000013	addi	x0,x0,0	  x0:0x00000000
         945000	        93	80000124	00000013	addi	x0,x0,0	  x0:0x00000000
         955000	        94	80000128	00c002ef	jal	x5,80000128	  x5=0x80000128
         965000	        95	00000000	00000013	addi	x0,x0,0	  x0:0x00000000
         975000	        96	80000130	00000013	addi	x0,x0,0	  x0:0x00000000
         985000	        97	80000134	0140036f	jal	x6,80000134	  x6=0x80000134
         995000	        98	00000000	00000013	addi	x0,x0,0	  x0:0x00000000
        1005000	        99	80000144	00000013	addi	x0,x0,0	  x0:0x00000000
        1015000	       100	80000148	fe5ff36f	jal	x6,80000148	  x6=0x80000148
        1025000	       101	00000000	00000013	addi	x0,x0,0	  x0:0x00000000
        1035000	       102	80000128	00000013	addi	x0,x0,0	  x0:0x00000000
        1045000	       103	8000012c	fedff0ef	jal	x1,8000012c	  x1=0x8000012c
        1055000	       104	00000000	00000013	addi	x0,x0,0	  x0:0x00000000
        1065000	       105	80000114	00000013	addi	x0,x0,0	  x0:0x00000000
        1075000	       106	80000118	034000ef	jal	x1,80000118	  x1=0x80000118
        1085000	       107	00000000	00000013	addi	x0,x0,0	  x0:0x00000000
        1095000	       108	80000148	00000013	addi	x0,x0,0	  x0:0x00000000
        1105000	       109	8000014c	fc9ff0ef	jal	x1,8000014c	  x1=0x8000014c
        1115000	       110	00000000	00000013	addi	x0,x0,0	  x0:0x00000000
        1125000	       111	80000110	00000013	addi	x0,x0,0	  x0:0x00000000
        1135000	       112	80000114	010000ef	jal	x1,80000114	  x1=0x80000114
        1145000	       113	00000000	00000013	addi	x0,x0,0	  x0:0x00000000
        1155000	       114	80000120	00000013	addi	x0,x0,0	  x0:0x00000000
        1165000	       115	80000124	030000ef	jal	x1,80000124	  x1=0x80000124
        1175000	       116	00000000	00000013	addi	x0,x0,0	  x0:0x00000000
        1185000	       117	80000150	00000013	addi	x0,x0,0	  x0:0x00000000
        1195000	       118	80000154	fedff26f	jal	x4,80000154	  x4=0x80000154
        1205000	       119	00000000	00000013	addi	x0,x0,0	  x0:0x00000000
        1215000	       120	8000013c	00000013	addi	x0,x0,0	  x0:0x00000000
        1225000	       121	80000140	004000ef	jal	x1,80000140	  x1=0x80000140
        1235000	       122	00000000	00000013	addi	x0,x0,0	  x0:0x00000000
        1245000	       123	80000140	00000013	addi	x0,x0,0	  x0:0x00000000
        1255000	       124	80000144	01c003ef	jal	x7,80000144	  x7=0x80000144
        1265000	       125	00000000	00000013	addi	x0,x0,0	  x0:0x00000000
        1275000	       126	8000015c	00000013	addi	x0,x0,0	  x0:0x00000000
        1285000	       127	80000160	fd9ff36f	jal	x6,80000160	  x6=0x80000160
        1295000	       128	00000000	00000013	addi	x0,x0,0	  x0:0x00000000
        1305000	       129	80000134	00000013	addi	x0,x0,0	  x0:0x00000000
        1315000	       130	80000138	0040036f	jal	x6,80000138	  x6=0x80000138
        1325000	       131	00000000	00000013	addi	x0,x0,0	  x0:0x00000000
        1335000	       132	80000138	00000013	addi	x0,x0,0	  x0:0x00000000
        1345000	       133	8000013c	014000ef	jal	x1,8000013c	  x1=0x8000013c
        1355000	       134	00000000	00000013	addi	x0,x0,0	  x0:0x00000000
        1365000	       135	8000014c	00000013	addi	x0,x0,0	  x0:0x00000000
        1375000	       136	80000150	fd1ff9ef	jal	x19,80000150	 x19=0x80000150
        1385000	       137	00000000	00000013	addi	x0,x0,0	  x0:0x00000000
        1395000	       138	8000011c	00000013	addi	x0,x0,0	  x0:0x00000000
        1405000	       139	80000120	03c004ef	jal	x9,80000120	  x9=0x80000120
        1415000	       140	00000000	00000013	addi	x0,x0,0	  x0:0x00000000
        1425000	       141	80000158	00000013	addi	x0,x0,0	  x0:0x00000000
        1435000	       142	8000015c	01000bef	jal	x23,8000015c	 x23=0x8000015c
        1445000	       143	00000000	00000013	addi	x0,x0,0	  x0:0x00000000
        1455000	       144	80000168	00000013	addi	x0,x0,0	  x0:0x00000000
        1465000	       145	8000016c	e370c737	lui	x14,0xe370c	 x14=0xe370c000
        1475000	       146	80000170	005abbb3	sltu	x23,x21,x5	 x21:0x1e6fcf98  x5:0x80000128 x23=0x00000001
        1485000	       147	80000174	0161f3b3	and	x7,x3,x22	  x3:0xc6bd678a x22:0x00000000  x7=0x00000000
        1495000	       148	80000178	41688333	sub	x6,x17,x22	 x17:0x00000000 x22:0x00000000  x6=0x00000000
        1505000	       149	8000017c	00000013	addi	x0,x0,0	  x0:0x00000000
        1515000	       150	80000180	00f91bb3	sll	x23,x18,x15	 x18:0x00000007 x15:0x80000000 x23=0x00000007
        1525000	       151	80000184	00203eb3	sltu	x29,x0,x2	  x0:0x00000000  x2:0x80009fc4 x29=0x00000001
        1535000	       152	80000188	01850533	add	x10,x10,x24	 x10:0x00000000 x24:0xf33f56a0 x10=0xf33f56a0
        1545000	       153	8000018c	d7e33a13	sltiu	x20,x6,-642	  x6:0x00000000 x20=0x00000001
        1555000	       154	80000190	00002397	auipc	x7,0x2	  x7=0x8000218c
        1565000	       155	80000194	c2838393	addi	x7,x7,-984	  x7:0x8000218c  x7=0x80001db4
        1575000	       156	80000198	013707b3	add	x15,x14,x19	 x14:0xe370c000 x19:0x80000150 x15=0x6370c150
        1585000	       157	8000019c	dbc38393	addi	x7,x7,-580	  x7:0x80001db4  x7=0x80001b70
        1595000	       158	800001a0	00c40033	add	x0,x8,x12	  x8:0x80009f84 x12:0xf8ccd7dd
        1605000	       159	800001a4	644b8993	addi	x19,x23,1604	 x23:0x00000007 x19=0x0000064b
        1615000	       160	800001a8	41ad55b3	sra	x11,x26,x26	 x26:0x80000110 x26:0x80000110 x11=0xffff8000
        1625000	       161	800001ac	4193db13	srai	x22,x7,0x19	  x7:0x80001b70 x22=0xffffffc0
        1635000	       162	800001b0	24538d67	jalr	x26,x7,581	  x7:0x80001b70 x26=0x800001b0
        1645000	       163	00000000	00000013	addi	x0,x0,0	  x0:0x00000000
        1655000	       164	80001db4	00000013	addi	x0,x0,0	  x0:0x00000000
        1665000	       165	80001db8	70aa6f93	ori	x31,x20,1802	 x20:0x00000001 x31=0x0000070b
        1675000	       166	80001dbc	fd840413	addi	x8,x8,-40	  x8:0x80009f84  x8=0x80009f5c
        1685000	       167	80001dc0	01b297b3	sll	x15,x5,x27	  x5:0x80000128 x27:0xbae12e7b x15=0x40000000
        1695000	       168	80001dc4	01a42223	sw	x26,4(x8)	  x8:0x80009f5c x26:0x800001b0 PA:0x80009f60
        1705000	       169	80001dc8	41f08db3	sub	x27,x1,x31	  x1:0x8000013c x31:0x0000070b x27=0x7ffffa31
        1715000	       170	80001dcc	6a3dca17	auipc	x20,0x6a3dc	 x20=0xea3dddc8
        1725000	       171	80001dd0	007cdc63	bge	x25,x7,80001de8	 x25:0x00000001  x7:0x80001b70
        1735000	       172	00000000	00000013	addi	x0,x0,0	  x0:0x00000000
        1745000	       173	80001de4	00000013	addi	x0,x0,0	  x0:0x00000000
        1755000	       174	80001de8	bf0fed6f	jal	x26,80001de8	 x26=0x80001de8
        1765000	       175	00000000	00000013	addi	x0,x0,0	  x0:0x00000000
        1775000	       176	800001d4	00000013	addi	x0,x0,0	  x0:0x00000000
        1785000	       177	800001d8	01e88a63	beq	x17,x30,800001ec	 x17:0x00000000 x30:0x00000000
        1795000	       178	00000000	00000013	addi	x0,x0,0	  x0:0x00000000
        1805000	       179	800001e8	00000013	addi	x0,x0,0	  x0:0x00000000
        1815000	       180	800001ec	fe040413	addi	x8,x8,-32	  x8:0x80009f5c  x8=0x80009f3c
        1825000	       181	800001f0	41310833	sub	x16,x2,x19	  x2:0x80009fc4 x19:0x0000064b x16=0x80009979
        1835000	       182	800001f4	01a42223	sw	x26,4(x8)	  x8:0x80009f3c x26:0x80001de8 PA:0x80009f40
        1845000	       183	800001f8	c3e2d3b7	lui	x7,0xc3e2d	  x7=0xc3e2d000
        1855000	       184	800001fc	1565f713	andi	x14,x11,342	 x11:0xffff8000 x14=0x00000000
        1865000	       185	80000200	0146f233	and	x4,x13,x20	 x13:0xf45029bb x20:0xea3dddc8  x4=0xe0100988
        1875000	       186	80000204	41e45793	srai	x15,x8,0x1e	  x8:0x80009f3c x15=0xfffffffe
        1885000	       187	80000208	5f56b013	sltiu	x0,x13,1525	 x13:0xf45029bb
        1895000	       188	8000020c	27324393	xori	x7,x4,627	  x4:0xe0100988  x7=0xe0100bfb
        1905000	       189	80000210	0024ef33	or	x30,x9,x2	  x9:0x80000120  x2:0x80009fc4 x30=0x80009fe4
        1915000	       190	80000214	00000013	addi	x0,x0,0	  x0:0x00000000
        1925000	       191	80000218	01003533	sltu	x10,x0,x16	  x0:0x00000000 x16:0x80009979 x10=0x00000001
        1935000	       192	8000021c	24863c13	sltiu	x24,x12,584	 x12:0xf8ccd7dd x24=0x00000000
        1945000	       193	80000220	aec00293	addi	x5,x0,-1300	  x0:0x00000000  x5=0xfffffaec
        1955000	       194	80000224	00cd33b3	sltu	x7,x26,x12	 x26:0x80001de8 x12:0xf8ccd7dd  x7=0x00000001
        1965000	       195	80000228	01e19933	sll	x18,x3,x30	  x3:0xc6bd678a x30:0x80009fe4 x18=0x6bd678a0
        1975000	       196	8000022c	92c78b97	auipc	x23,0x92c78	 x23=0x12c78228
        1985000	       197	80000230	00fe2733	slt	x14,x28,x15	 x28:0x80000130 x15:0xfffffffe x14=0x00000001
        1995000	       198	80000234	00c58033	add	x0,x11,x12	 x11:0xffff8000 x12:0xf8ccd7dd
        2005000	       199	80000238	00442d03	lw	x26,4(x8)	  x8:0x80009f3c x26=0x80001de8 PA:0x80009f40
        2015000	       200	8000023c	4161dc33	sra	x24,x3,x22	  x3:0xc6bd678a x22:0xffffffc0 x24=0xc6bd678a
        2025000	       201	80000240	02040413	addi	x8,x8,32	  x8:0x80009f3c  x8=0x80009f5c
        2035000	       202	80000244	00f28033	add	x0,x5,x15	  x5:0xfffffaec x15:0xfffffffe
        2045000	       203	80000248	001d0193	addi	x3,x26,1	 x26:0x80001de8  x3=0x80001de9
        2055000	       204	8000024c	000181e7	jalr	x3,x3,0	  x3:0x80001de9  x3=0x8000024c
        2065000	       205	00000000	00000013	addi	x0,x0,0	  x0:0x00000000
        2075000	       206	80001de8	00000013	addi	x0,x0,0	  x0:0x00000000
        2085000	       207	80001dec	04c00d6f	jal	x26,80001dec	 x26=0x80001dec
        2095000	       208	00000000	00000013	addi	x0,x0,0	  x0:0x00000000
        2105000	       209	80001e34	00000013	addi	x0,x0,0	  x0:0x00000000
        2115000	       210	80001e38	ff1ff0ef	jal	x1,80001e38	  x1=0x80001e38
        2125000	       211	00000000	00000013	addi	x0,x0,0	  x0:0x00000000
        2135000	       212	80001e24	00000013	addi	x0,x0,0	  x0:0x00000000
        2145000	       213	80001e28	ff1ff36f	jal	x6,80001e28	  x6=0x80001e28
        2155000	       214	00000000	00000013	addi	x0,x0,0	  x0:0x00000000
        2165000	       215	80001e14	00000013	addi	x0,x0,0	  x0:0x00000000
        2175000	       216	80001e18	0040036f	jal	x6,80001e18	  x6=0x80001e18
        2185000	       217	00000000	00000013	addi	x0,x0,0	  x0:0x00000000
        2195000	       218	80001e18	00000013	addi	x0,x0,0	  x0:0x00000000
        2205000	       219	80001e1c	00400def	jal	x27,80001e1c	 x27=0x80001e1c
        2215000	       220	00000000	00000013	addi	x0,x0,0	  x0:0x00000000
        2225000	       221	80001e1c	00000013	addi	x0,x0,0	  x0:0x00000000
        2235000	       222	80001e20	02800bef	jal	x23,80001e20	 x23=0x80001e20
        2245000	       223	00000000	00000013	addi	x0,x0,0	  x0:0x00000000
        2255000	       224	80001e44	00000013	addi	x0,x0,0	  x0:0x00000000
        2265000	       225	80001e48	fb5ff0ef	jal	x1,80001e48	  x1=0x80001e48
        2275000	       226	00000000	00000013	addi	x0,x0,0	  x0:0x00000000
        2285000	       227	80001df8	00000013	addi	x0,x0,0	  x0:0x00000000
        2295000	       228	80001dfc	040000ef	jal	x1,80001dfc	  x1=0x80001dfc
        2305000	       229	00000000	00000013	addi	x0,x0,0	  x0:0x00000000
        2315000	       230	80001e38	00000013	addi	x0,x0,0	  x0:0x00000000
        2325000	       231	80001e3c	fd9ff0ef	jal	x1,80001e3c	  x1=0x80001e3c
        2335000	       232	00000000	00000013	addi	x0,x0,0	  x0:0x00000000
        2345000	       233	80001e10	00000013	addi	x0,x0,0	  x0:0x00000000
        2355000	       234	80001e14	020000ef	jal	x1,80001e14	  x1=0x80001e14
        2365000	       235	00000000	00000013	addi	x0,x0,0	  x0:0x00000000
        2375000	       236	80001e30	00000013	addi	x0,x0,0	  x0:0x00000000
        2385000	       237	80001e34	ffdff1ef	jal	x3,80001e34	  x3=0x80001e34
        2395000	       238	00000000	00000013	addi	x0,x0,0	  x0:0x00000000
        2405000	       239	80001e2c	00000013	addi	x0,x0,0	  x0:0x00000000
        2415000	       240	80001e30	010000ef	jal	x1,80001e30	  x1=0x80001e30
        2425000	       241	00000000	00000013	addi	x0,x0,0	  x0:0x00000000
        2435000	       242	80001e3c	00000013	addi	x0,x0,0	  x0:0x00000000
        2445000	       243	80001e40	fe5ff0ef	jal	x1,80001e40	  x1=0x80001e40
        2455000	       244	00000000	00000013	addi	x0,x0,0	  x0:0x00000000
        2465000	       245	80001e20	00000013	addi	x0,x0,0	  x0:0x00000000
        2475000	       246	80001e24	fe9ff1ef	jal	x3,80001e24	  x3=0x80001e24
        2485000	       247	00000000	00000013	addi	x0,x0,0	  x0:0x00000000
        2495000	       248	80001e08	00000013	addi	x0,x0,0	  x0:0x00000000
        2505000	       249	80001e0c	ff9ff9ef	jal	x19,80001e0c	 x19=0x80001e0c
        2515000	       250	00000000	00000013	addi	x0,x0,0	  x0:0x00000000
        2525000	       251	80001e00	00000013	addi	x0,x0,0	  x0:0x00000000
        2535000	       252	80001e04	004000ef	jal	x1,80001e04	  x1=0x80001e04
        2545000	       253	00000000	00000013	addi	x0,x0,0	  x0:0x00000000
        2555000	       254	80001e04	00000013	addi	x0,x0,0	  x0:0x00000000
        2565000	       255	80001e08	024000ef	jal	x1,80001e08	  x1=0x80001e08
        2575000	       256	00000000	00000013	addi	x0,x0,0	  x0:0x00000000
        2585000	       257	80001e28	00000013	addi	x0,x0,0	  x0:0x00000000
        2595000	       258	80001e2c	01800fef	jal	x31,80001e2c	 x31=0x80001e2c
        2605000	       259	00000000	00000013	addi	x0,x0,0	  x0:0x00000000
        2615000	       260	80001e40	00000013	addi	x0,x0,0	  x0:0x00000000
        2625000	       261	80001e44	fb1ff2ef	jal	x5,80001e44	  x5=0x80001e44
        2635000	       262	00000000	00000013	addi	x0,x0,0	  x0:0x00000000
        2645000	       263	80001df0	00000013	addi	x0,x0,0	  x0:0x00000000
        2655000	       264	80001df4	0040026f	jal	x4,80001df4	  x4=0x80001df4
        2665000	       265	00000000	00000013	addi	x0,x0,0	  x0:0x00000000
        2675000	       266	80001df4	00000013	addi	x0,x0,0	  x0:0x00000000
        2685000	       267	80001df8	018009ef	jal	x19,80001df8	 x19=0x80001df8
        2695000	       268	00000000	00000013	addi	x0,x0,0	  x0:0x00000000
        2705000	       269	80001e0c	00000013	addi	x0,x0,0	  x0:0x00000000
        2715000	       270	80001e10	ff1ff0ef	jal	x1,80001e10	  x1=0x80001e10
        2725000	       271	00000000	00000013	addi	x0,x0,0	  x0:0x00000000
        2735000	       272	80001dfc	00000013	addi	x0,x0,0	  x0:0x00000000
        2745000	       273	80001e00	ff1ff0ef	jal	x1,80001e00	  x1=0x80001e00
        2755000	       274	00000000	00000013	addi	x0,x0,0	  x0:0x00000000
        2765000	       275	80001dec	00000013	addi	x0,x0,0	  x0:0x00000000
        2775000	       276	80001df0	05c0036f	jal	x6,80001df0	  x6=0x80001df0
        2785000	       277	00000000	00000013	addi	x0,x0,0	  x0:0x00000000
        2795000	       278	80001e48	00000013	addi	x0,x0,0	  x0:0x00000000
        2805000	       279	80001e4c	dbd20993	addi	x19,x4,-579	  x4:0x80001df4 x19=0x80001bb1
        2815000	       280	80001e50	00400d6f	jal	x26,80001e50	 x26=0x80001e50
        2825000	       281	00000000	00000013	addi	x0,x0,0	  x0:0x00000000
        2835000	       282	80001e50	00000013	addi	x0,x0,0	  x0:0x00000000
        2845000	       283	80001e54	004000ef	jal	x1,80001e54	  x1=0x80001e54
        2855000	       284	00000000	00000013	addi	x0,x0,0	  x0:0x00000000
        2865000	       285	80001e54	00000013	addi	x0,x0,0	  x0:0x00000000
        2875000	       286	80001e58	004009ef	jal	x19,80001e58	 x19=0x80001e58
        2885000	       287	00000000	00000013	addi	x0,x0,0	  x0:0x00000000
        2895000	       288	80001e58	00000013	addi	x0,x0,0	  x0:0x00000000
        2905000	       289	80001e5c	008006ef	jal	x13,80001e5c	 x13=0x80001e5c
        2915000	       290	00000000	00000013	addi	x0,x0,0	  x0:0x00000000
        2925000	       291	80001e60	00000013	addi	x0,x0,0	  x0:0x00000000
        2935000	       292	80001e64	0040036f	jal	x6,80001e64	  x6=0x80001e64
        2945000	       293	00000000	00000013	addi	x0,x0,0	  x0:0x00000000
        2955000	       294	80001e64	00000013	addi	x0,x0,0	  x0:0x00000000
        2965000	       295	80001e68	0140036f	jal	x6,80001e68	  x6=0x80001e68
        2975000	       296	00000000	00000013	addi	x0,x0,0	  x0:0x00000000
        2985000	       297	80001e78	00000013	addi	x0,x0,0	  x0:0x00000000
        2995000	       298	80001e7c	fe5ffdef	jal	x27,80001e7c	 x27=0x80001e7c
        3005000	       299	00000000	00000013	addi	x0,x0,0	  x0:0x00000000
        3015000	       300	80001e5c	00000013	addi	x0,x0,0	  x0:0x00000000
        3025000	       301	80001e60	010002ef	jal	x5,80001e60	  x5=0x80001e60
        3035000	       302	00000000	00000013	addi	x0,x0,0	  x0:0x00000000
        3045000	       303	80001e6c	00000013	addi	x0,x0,0	  x0:0x00000000
        3055000	       304	80001e70	004000ef	jal	x1,80001e70	  x1=0x80001e70
        3065000	       305	00000000	00000013	addi	x0,x0,0	  x0:0x00000000
        3075000	       306	80001e70	00000013	addi	x0,x0,0	  x0:0x00000000
        3085000	       307	80001e74	ff9ff0ef	jal	x1,80001e74	  x1=0x80001e74
        3095000	       308	00000000	00000013	addi	x0,x0,0	  x0:0x00000000
        3105000	       309	80001e68	00000013	addi	x0,x0,0	  x0:0x00000000
        3115000	       310	80001e6c	00c000ef	jal	x1,80001e6c	  x1=0x80001e6c
        3125000	       311	00000000	00000013	addi	x0,x0,0	  x0:0x00000000
        3135000	       312	80001e74	00000013	addi	x0,x0,0	  x0:0x00000000
        3145000	       313	80001e78	008000ef	jal	x1,80001e78	  x1=0x80001e78
        3155000	       314	00000000	00000013	addi	x0,x0,0	  x0:0x00000000
        3165000	       315	80001e7c	00000013	addi	x0,x0,0	  x0:0x00000000
        3175000	       316	80001e80	00f4ebb3	or	x23,x9,x15	  x9:0x80000120 x15:0xfffffffe x23=0xfffffffe
        3185000	       317	80001e84	00800d6f	jal	x26,80001e84	 x26=0x80001e84
        3195000	       318	00000000	00000013	addi	x0,x0,0	  x0:0x00000000
        3205000	       319	80001e88	00000013	addi	x0,x0,0	  x0:0x00000000
        3215000	       320	80001e8c	01c000ef	jal	x1,80001e8c	  x1=0x80001e8c
        3225000	       321	00000000	00000013	addi	x0,x0,0	  x0:0x00000000
        3235000	       322	80001ea4	00000013	addi	x0,x0,0	  x0:0x00000000
        3245000	       323	80001ea8	0080056f	jal	x10,80001ea8	 x10=0x80001ea8
        3255000	       324	00000000	00000013	addi	x0,x0,0	  x0:0x00000000
        3265000	       325	80001eac	00000013	addi	x0,x0,0	  x0:0x00000000
        3275000	       326	80001eb0	008000ef	jal	x1,80001eb0	  x1=0x80001eb0
        3285000	       327	00000000	00000013	addi	x0,x0,0	  x0:0x00000000
        3295000	       328	80001eb4	00000013	addi	x0,x0,0	  x0:0x00000000
        3305000	       329	80001eb8	fe1ff36f	jal	x6,80001eb8	  x6=0x80001eb8
        3315000	       330	00000000	00000013	addi	x0,x0,0	  x0:0x00000000
        3325000	       331	80001e94	00000013	addi	x0,x0,0	  x0:0x00000000
        3335000	       332	80001e98	ff9ff0ef	jal	x1,80001e98	  x1=0x80001e98
        3345000	       333	00000000	00000013	addi	x0,x0,0	  x0:0x00000000
        3355000	       334	80001e8c	00000013	addi	x0,x0,0	  x0:0x00000000
        3365000	       335	80001e90	01c000ef	jal	x1,80001e90	  x1=0x80001e90
        3375000	       336	00000000	00000013	addi	x0,x0,0	  x0:0x00000000
        3385000	       337	80001ea8	00000013	addi	x0,x0,0	  x0:0x00000000
        3395000	       338	80001eac	fe9ff0ef	jal	x1,80001eac	  x1=0x80001eac
        3405000	       339	00000000	00000013	addi	x0,x0,0	  x0:0x00000000
        3415000	       340	80001e90	00000013	addi	x0,x0,0	  x0:0x00000000
        3425000	       341	80001e94	0200036f	jal	x6,80001e94	  x6=0x80001e94
        3435000	       342	00000000	00000013	addi	x0,x0,0	  x0:0x00000000
        3445000	       343	80001eb0	00000013	addi	x0,x0,0	  x0:0x00000000
        3455000	       344	80001eb4	ff1fff6f	jal	x30,80001eb4	 x30=0x80001eb4
        3465000	       345	00000000	00000013	addi	x0,x0,0	  x0:0x00000000
        3475000	       346	80001ea0	00000013	addi	x0,x0,0	  x0:0x00000000
        3485000	       347	80001ea4	ff9ff0ef	jal	x1,80001ea4	  x1=0x80001ea4
        3495000	       348	00000000	00000013	addi	x0,x0,0	  x0:0x00000000
        3505000	       349	80001e98	00000013	addi	x0,x0,0	  x0:0x00000000
        3515000	       350	80001e9c	fedff0ef	jal	x1,80001e9c	  x1=0x80001e9c
        3525000	       351	00000000	00000013	addi	x0,x0,0	  x0:0x00000000
        3535000	       352	80001e84	00000013	addi	x0,x0,0	  x0:0x00000000
        3545000	       353	80001e88	018003ef	jal	x7,80001e88	  x7=0x80001e88
        3555000	       354	00000000	00000013	addi	x0,x0,0	  x0:0x00000000
        3565000	       355	80001e9c	00000013	addi	x0,x0,0	  x0:0x00000000
        3575000	       356	80001ea0	01c000ef	jal	x1,80001ea0	  x1=0x80001ea0
        3585000	       357	00000000	00000013	addi	x0,x0,0	  x0:0x00000000
        3595000	       358	80001eb8	00000013	addi	x0,x0,0	  x0:0x00000000
        3605000	       359	80001ebc	00eba533	slt	x10,x23,x14	 x23:0xfffffffe x14:0x00000001 x10=0x00000001
        3615000	       360	80001ec0	01800d6f	jal	x26,80001ec0	 x26=0x80001ec0
        3625000	       361	00000000	00000013	addi	x0,x0,0	  x0:0x00000000
        3635000	       362	80001ed4	00000013	addi	x0,x0,0	  x0:0x00000000
        3645000	       363	80001ed8	01c000ef	jal	x1,80001ed8	  x1=0x80001ed8
        3655000	       364	00000000	00000013	addi	x0,x0,0	  x0:0x00000000
        3665000	       365	80001ef0	00000013	addi	x0,x0,0	  x0:0x00000000
        3675000	       366	80001ef4	ff5ff8ef	jal	x17,80001ef4	 x17=0x80001ef4
        3685000	       367	00000000	00000013	addi	x0,x0,0	  x0:0x00000000
        3695000	       368	80001ee4	00000013	addi	x0,x0,0	  x0:0x00000000
        3705000	       369	80001ee8	0080036f	jal	x6,80001ee8	  x6=0x80001ee8
        3715000	       370	00000000	00000013	addi	x0,x0,0	  x0:0x00000000
        3725000	       371	80001eec	00000013	addi	x0,x0,0	  x0:0x00000000
        3735000	       372	80001ef0	0280036f	jal	x6,80001ef0	  x6=0x80001ef0
        3745000	       373	00000000	00000013	addi	x0,x0,0	  x0:0x00000000
        3755000	       374	80001f14	00000013	addi	x0,x0,0	  x0:0x00000000
        3765000	       375	80001f18	ff5ff0ef	jal	x1,80001f18	  x1=0x80001f18
        3775000	       376	00000000	00000013	addi	x0,x0,0	  x0:0x00000000
        3785000	       377	80001f08	00000013	addi	x0,x0,0	  x0:0x00000000
        3795000	       378	80001f0c	fb9ff0ef	jal	x1,80001f0c	  x1=0x80001f0c
        3805000	       379	00000000	00000013	addi	x0,x0,0	  x0:0x00000000
        3815000	       380	80001ec0	00000013	addi	x0,x0,0	  x0:0x00000000
        3825000	       381	80001ec4	004000ef	jal	x1,80001ec4	  x1=0x80001ec4
        3835000	       382	00000000	00000013	addi	x0,x0,0	  x0:0x00000000
        3845000	       383	80001ec4	00000013	addi	x0,x0,0	  x0:0x00000000
        3855000	       384	80001ec8	0480036f	jal	x6,80001ec8	  x6=0x80001ec8
        3865000	       385	00000000	00000013	addi	x0,x0,0	  x0:0x00000000
        3875000	       386	80001f0c	00000013	addi	x0,x0,0	  x0:0x00000000
        3885000	       387	80001f10	fd1ff0ef	jal	x1,80001f10	  x1=0x80001f10
        3895000	       388	00000000	00000013	addi	x0,x0,0	  x0:0x00000000
        3905000	       389	80001edc	00000013	addi	x0,x0,0	  x0:0x00000000
        3915000	       390	80001ee0	040000ef	jal	x1,80001ee0	  x1=0x80001ee0
        3925000	       391	00000000	00000013	addi	x0,x0,0	  x0:0x00000000
        3935000	       392	80001f1c	00000013	addi	x0,x0,0	  x0:0x00000000
        3945000	       393	80001f20	fe5ff36f	jal	x6,80001f20	  x6=0x80001f20
        3955000	       394	00000000	00000013	addi	x0,x0,0	  x0:0x00000000
        3965000	       395	80001f00	00000013	addi	x0,x0,0	  x0:0x00000000
        3975000	       396	80001f04	fe1ff0ef	jal	x1,80001f04	  x1=0x80001f04
        3985000	       397	00000000	00000013	addi	x0,x0,0	  x0:0x00000000
        3995000	       398	80001ee0	00000013	addi	x0,x0,0	  x0:0x00000000
        4005000	       399	80001ee4	fe9ff0ef	jal	x1,80001ee4	  x1=0x80001ee4
        4015000	       400	00000000	00000013	addi	x0,x0,0	  x0:0x00000000
        4025000	       401	80001ec8	00000013	addi	x0,x0,0	  x0:0x00000000
        4035000	       402	80001ecc	020000ef	jal	x1,80001ecc	  x1=0x80001ecc
        4045000	       403	00000000	00000013	addi	x0,x0,0	  x0:0x00000000
        4055000	       404	80001ee8	00000013	addi	x0,x0,0	  x0:0x00000000
        4065000	       405	80001eec	fe5ff1ef	jal	x3,80001eec	  x3=0x80001eec
        4075000	       406	00000000	00000013	addi	x0,x0,0	  x0:0x00000000
        4085000	       407	80001ecc	00000013	addi	x0,x0,0	  x0:0x00000000
        4095000	       408	80001ed0	004000ef	jal	x1,80001ed0	  x1=0x80001ed0
        4105000	       409	00000000	00000013	addi	x0,x0,0	  x0:0x00000000
        4115000	       410	80001ed0	00000013	addi	x0,x0,0	  x0:0x00000000
        4125000	       411	80001ed4	02c000ef	jal	x1,80001ed4	  x1=0x80001ed4
        4135000	       412	00000000	00000013	addi	x0,x0,0	  x0:0x00000000
        4145000	       413	80001efc	00000013	addi	x0,x0,0	  x0:0x00000000
        4155000	       414	80001f00	024000ef	jal	x1,80001f00	  x1=0x80001f00
        4165000	       415	00000000	00000013	addi	x0,x0,0	  x0:0x00000000
        4175000	       416	80001f20	00000013	addi	x0,x0,0	  x0:0x00000000
        4185000	       417	80001f24	fe5ff36f	jal	x6,80001f24	  x6=0x80001f24
        4195000	       418	00000000	00000013	addi	x0,x0,0	  x0:0x00000000
        4205000	       419	80001f04	00000013	addi	x0,x0,0	  x0:0x00000000
        4215000	       420	80001f08	ff1ff0ef	jal	x1,80001f08	  x1=0x80001f08
        4225000	       421	00000000	00000013	addi	x0,x0,0	  x0:0x00000000
        4235000	       422	80001ef4	00000013	addi	x0,x0,0	  x0:0x00000000
        4245000	       423	80001ef8	004000ef	jal	x1,80001ef8	  x1=0x80001ef8
        4255000	       424	00000000	00000013	addi	x0,x0,0	  x0:0x00000000
        4265000	       425	80001ef8	00000013	addi	x0,x0,0	  x0:0x00000000
        4275000	       426	80001efc	fe1ff0ef	jal	x1,80001efc	  x1=0x80001efc
        4285000	       427	00000000	00000013	addi	x0,x0,0	  x0:0x00000000
        4295000	       428	80001ed8	00000013	addi	x0,x0,0	  x0:0x00000000
        4305000	       429	80001edc	0400026f	jal	x4,80001edc	  x4=0x80001edc
        4315000	       430	00000000	00000013	addi	x0,x0,0	  x0:0x00000000
        4325000	       431	80001f18	00000013	addi	x0,x0,0	  x0:0x00000000
        4335000	       432	80001f1c	ff9ff26f	jal	x4,80001f1c	  x4=0x80001f1c
        4345000	       433	00000000	00000013	addi	x0,x0,0	  x0:0x00000000
        4355000	       434	80001f10	00000013	addi	x0,x0,0	  x0:0x00000000
        4365000	       435	80001f14	014000ef	jal	x1,80001f14	  x1=0x80001f14
        4375000	       436	00000000	00000013	addi	x0,x0,0	  x0:0x00000000
        4385000	       437	80001f24	00000013	addi	x0,x0,0	  x0:0x00000000
        4395000	       438	80001f28	f507b913	sltiu	x18,x15,-176	 x15:0xfffffffe x18=0x00000000
        4405000	       439	80001f2c	03000d6f	jal	x26,80001f2c	 x26=0x80001f2c
        4415000	       440	00000000	00000013	addi	x0,x0,0	  x0:0x00000000
        4425000	       441	80001f58	00000013	addi	x0,x0,0	  x0:0x00000000
        4435000	       442	80001f5c	fedff36f	jal	x6,80001f5c	  x6=0x80001f5c
        4445000	       443	00000000	00000013	addi	x0,x0,0	  x0:0x00000000
        4455000	       444	80001f44	00000013	addi	x0,x0,0	  x0:0x00000000
        4465000	       445	80001f48	fedff0ef	jal	x1,80001f48	  x1=0x80001f48
        4475000	       446	00000000	00000013	addi	x0,x0,0	  x0:0x00000000
        4485000	       447	80001f30	00000013	addi	x0,x0,0	  x0:0x00000000
        4495000	       448	80001f34	0080036f	jal	x6,80001f34	  x6=0x80001f34
        4505000	       449	00000000	00000013	addi	x0,x0,0	  x0:0x00000000
        4515000	       450	80001f38	00000013	addi	x0,x0,0	  x0:0x00000000
        4525000	       451	80001f3c	ff5ff0ef	jal	x1,80001f3c	  x1=0x80001f3c
        4535000	       452	00000000	00000013	addi	x0,x0,0	  x0:0x00000000
        4545000	       453	80001f2c	00000013	addi	x0,x0,0	  x0:0x00000000
        4555000	       454	80001f30	01400a6f	jal	x20,80001f30	 x20=0x80001f30
        4565000	       455	00000000	00000013	addi	x0,x0,0	  x0:0x00000000
        4575000	       456	80001f40	00000013	addi	x0,x0,0	  x0:0x00000000
        4585000	       457	80001f44	010000ef	jal	x1,80001f44	  x1=0x80001f44
        4595000	       458	00000000	00000013	addi	x0,x0,0	  x0:0x00000000
        4605000	       459	80001f50	00000013	addi	x0,x0,0	  x0:0x00000000
        4615000	       460	80001f54	00c000ef	jal	x1,80001f54	  x1=0x80001f54
        4625000	       461	00000000	00000013	addi	x0,x0,0	  x0:0x00000000
        4635000	       462	80001f5c	00000013	addi	x0,x0,0	  x0:0x00000000
        4645000	       463	80001f60	fedff0ef	jal	x1,80001f60	  x1=0x80001f60
        4655000	       464	00000000	00000013	addi	x0,x0,0	  x0:0x00000000
        4665000	       465	80001f48	00000013	addi	x0,x0,0	  x0:0x00000000
        4675000	       466	80001f4c	fedff0ef	jal	x1,80001f4c	  x1=0x80001f4c
        4685000	       467	00000000	00000013	addi	x0,x0,0	  x0:0x00000000
        4695000	       468	80001f34	00000013	addi	x0,x0,0	  x0:0x00000000
        4705000	       469	80001f38	008000ef	jal	x1,80001f38	  x1=0x80001f38
        4715000	       470	00000000	00000013	addi	x0,x0,0	  x0:0x00000000
        4725000	       471	80001f3c	00000013	addi	x0,x0,0	  x0:0x00000000
        4735000	       472	80001f40	01800cef	jal	x25,80001f40	 x25=0x80001f40
        4745000	       473	00000000	00000013	addi	x0,x0,0	  x0:0x00000000
        4755000	       474	80001f54	00000013	addi	x0,x0,0	  x0:0x00000000
        4765000	       475	80001f58	ff9ff0ef	jal	x1,80001f58	  x1=0x80001f58
        4775000	       476	00000000	00000013	addi	x0,x0,0	  x0:0x00000000
        4785000	       477	80001f4c	00000013	addi	x0,x0,0	  x0:0x00000000
        4795000	       478	80001f50	01400e6f	jal	x28,80001f50	 x28=0x80001f50
        4805000	       479	00000000	00000013	addi	x0,x0,0	  x0:0x00000000
        4815000	       480	80001f60	00000013	addi	x0,x0,0	  x0:0x00000000
        4825000	       481	80001f64	e45a6937	lui	x18,0xe45a6	 x18=0xe45a6000
        4835000	       482	80001f68	04800d6f	jal	x26,80001f68	 x26=0x80001f68
        4845000	       483	00000000	00000013	addi	x0,x0,0	  x0:0x00000000
        4855000	       484	80001fac	00000013	addi	x0,x0,0	  x0:0x00000000
        4865000	       485	80001fb0	fe9ff0ef	jal	x1,80001fb0	  x1=0x80001fb0
        4875000	       486	00000000	00000013	addi	x0,x0,0	  x0:0x00000000
        4885000	       487	80001f94	00000013	addi	x0,x0,0	  x0:0x00000000
        4895000	       488	80001f98	fedff0ef	jal	x1,80001f98	  x1=0x80001f98
        4905000	       489	00000000	00000013	addi	x0,x0,0	  x0:0x00000000
        4915000	       490	80001f80	00000013	addi	x0,x0,0	  x0:0x00000000
        4925000	       491	80001f84	024000ef	jal	x1,80001f84	  x1=0x80001f84
        4935000	       492	00000000	00000013	addi	x0,x0,0	  x0:0x00000000
        4945000	       493	80001fa4	00000013	addi	x0,x0,0	  x0:0x00000000
        4955000	       494	80001fa8	ff9ffa6f	jal	x20,80001fa8	 x20=0x80001fa8
        4965000	       495	00000000	00000013	addi	x0,x0,0	  x0:0x00000000
        4975000	       496	80001f9c	00000013	addi	x0,x0,0	  x0:0x00000000
        4985000	       497	80001fa0	fe9ffe6f	jal	x28,80001fa0	 x28=0x80001fa0
        4995000	       498	00000000	00000013	addi	x0,x0,0	  x0:0x00000000
        5005000	       499	80001f84	00000013	addi	x0,x0,0	  x0:0x00000000
        5015000	       500	80001f88	014000ef	jal	x1,80001f88	  x1=0x80001f88
        5025000	       501	00000000	00000013	addi	x0,x0,0	  x0:0x00000000
        5035000	       502	80001f98	00000013	addi	x0,x0,0	  x0:0x00000000
        5045000	       503	80001f9c	fd1ff56f	jal	x10,80001f9c	 x10=0x80001f9c
        5055000	       504	00000000	00000013	addi	x0,x0,0	  x0:0x00000000
        5065000	       505	80001f68	00000013	addi	x0,x0,0	  x0:0x00000000
        5075000	       506	80001f6c	00c0036f	jal	x6,80001f6c	  x6=0x80001f6c
        5085000	       507	00000000	00000013	addi	x0,x0,0	  x0:0x00000000
        5095000	       508	80001f74	00000013	addi	x0,x0,0	  x0:0x00000000
        5105000	       509	80001f78	ff9ffb6f	jal	x22,80001f78	 x22=0x80001f78
        5115000	       510	00000000	00000013	addi	x0,x0,0	  x0:0x00000000
        5125000	       511	80001f6c	00000013	addi	x0,x0,0	  x0:0x00000000
        5135000	       512	80001f70	00c000ef	jal	x1,80001f70	  x1=0x80001f70
        5145000	       513	00000000	00000013	addi	x0,x0,0	  x0:0x00000000
        5155000	       514	80001f78	00000013	addi	x0,x0,0	  x0:0x00000000
        5165000	       515	80001f7c	03c000ef	jal	x1,80001f7c	  x1=0x80001f7c
        5175000	       516	00000000	00000013	addi	x0,x0,0	  x0:0x00000000
        5185000	       517	80001fb4	00000013	addi	x0,x0,0	  x0:0x00000000
        5195000	       518	80001fb8	fddff0ef	jal	x1,80001fb8	  x1=0x80001fb8
        5205000	       519	00000000	00000013	addi	x0,x0,0	  x0:0x00000000
        5215000	       520	80001f90	00000013	addi	x0,x0,0	  x0:0x00000000
        5225000	       521	80001f94	020000ef	jal	x1,80001f94	  x1=0x80001f94
        5235000	       522	00000000	00000013	addi	x0,x0,0	  x0:0x00000000
        5245000	       523	80001fb0	00000013	addi	x0,x0,0	  x0:0x00000000
        5255000	       524	80001fb4	fc1ff0ef	jal	x1,80001fb4	  x1=0x80001fb4
        5265000	       525	00000000	00000013	addi	x0,x0,0	  x0:0x00000000
        5275000	       526	80001f70	00000013	addi	x0,x0,0	  x0:0x00000000
        5285000	       527	80001f74	030007ef	jal	x15,80001f74	 x15=0x80001f74
        5295000	       528	00000000	00000013	addi	x0,x0,0	  x0:0x00000000
        5305000	       529	80001fa0	00000013	addi	x0,x0,0	  x0:0x00000000
        5315000	       530	80001fa4	fe9ff36f	jal	x6,80001fa4	  x6=0x80001fa4
        5325000	       531	00000000	00000013	addi	x0,x0,0	  x0:0x00000000
        5335000	       532	80001f88	00000013	addi	x0,x0,0	  x0:0x00000000
        5345000	       533	80001f8c	020000ef	jal	x1,80001f8c	  x1=0x80001f8c
        5355000	       534	00000000	00000013	addi	x0,x0,0	  x0:0x00000000
        5365000	       535	80001fa8	00000013	addi	x0,x0,0	  x0:0x00000000
        5375000	       536	80001fac	fd5ffeef	jal	x29,80001fac	 x29=0x80001fac
        5385000	       537	00000000	00000013	addi	x0,x0,0	  x0:0x00000000
        5395000	       538	80001f7c	00000013	addi	x0,x0,0	  x0:0x00000000
        5405000	       539	80001f80	0100036f	jal	x6,80001f80	  x6=0x80001f80
        5415000	       540	00000000	00000013	addi	x0,x0,0	  x0:0x00000000
        5425000	       541	80001f8c	00000013	addi	x0,x0,0	  x0:0x00000000
        5435000	       542	80001f90	02c000ef	jal	x1,80001f90	  x1=0x80001f90
        5445000	       543	00000000	00000013	addi	x0,x0,0	  x0:0x00000000
        5455000	       544	80001fb8	00000013	addi	x0,x0,0	  x0:0x00000000
        5465000	       545	80001fbc	e462ae93	slti	x29,x5,-442	  x5:0x80001e60 x29=0x00000001
        5475000	       546	80001fc0	04800d6f	jal	x26,80001fc0	 x26=0x80001fc0
        5485000	       547	00000000	00000013	addi	x0,x0,0	  x0:0x00000000
        5495000	       548	80002004	00000013	addi	x0,x0,0	  x0:0x00000000
        5505000	       549	80002008	fe5ff5ef	jal	x11,80002008	 x11=0x80002008
        5515000	       550	00000000	00000013	addi	x0,x0,0	  x0:0x00000000
        5525000	       551	80001fe8	00000013	addi	x0,x0,0	  x0:0x00000000
        5535000	       552	80001fec	030005ef	jal	x11,80001fec	 x11=0x80001fec
        5545000	       553	00000000	00000013	addi	x0,x0,0	  x0:0x00000000
        5555000	       554	80002018	00000013	addi	x0,x0,0	  x0:0x00000000
        5565000	       555	8000201c	fd9ff0ef	jal	x1,8000201c	  x1=0x8000201c
        5575000	       556	00000000	00000013	addi	x0,x0,0	  x0:0x00000000
        5585000	       557	80001ff0	00000013	addi	x0,x0,0	  x0:0x00000000
        5595000	       558	80001ff4	fd5ffeef	jal	x29,80001ff4	 x29=0x80001ff4
        5605000	       559	00000000	00000013	addi	x0,x0,0	  x0:0x00000000
        5615000	       560	80001fc4	00000013	addi	x0,x0,0	  x0:0x00000000
        5625000	       561	80001fc8	028000ef	jal	x1,80001fc8	  x1=0x80001fc8
        5635000	       562	00000000	00000013	addi	x0,x0,0	  x0:0x00000000
        5645000	       563	80001fec	00000013	addi	x0,x0,0	  x0:0x00000000
        5655000	       564	80001ff0	0300036f	jal	x6,80001ff0	  x6=0x80001ff0
        5665000	       565	00000000	00000013	addi	x0,x0,0	  x0:0x00000000
        5675000	       566	8000201c	00000013	addi	x0,x0,0	  x0:0x00000000
        5685000	       567	80002020	fd9ff2ef	jal	x5,80002020	  x5=0x80002020
        5695000	       568	00000000	00000013	addi	x0,x0,0	  x0:0x00000000
        5705000	       569	80001ff4	00000013	addi	x0,x0,0	  x0:0x00000000
        5715000	       570	80001ff8	ff1ff26f	jal	x4,80001ff8	  x4=0x80001ff8
        5725000	       571	00000000	00000013	addi	x0,x0,0	  x0:0x00000000
        5735000	       572	80001fe4	00000013	addi	x0,x0,0	  x0:0x00000000
        5745000	       573	80001fe8	03c0036f	jal	x6,80001fe8	  x6=0x80001fe8
        5755000	       574	00000000	00000013	addi	x0,x0,0	  x0:0x00000000
        5765000	       575	80002020	00000013	addi	x0,x0,0	  x0:0x00000000
        5775000	       576	80002024	fb5ff0ef	jal	x1,80002024	  x1=0x80002024
        5785000	       577	00000000	00000013	addi	x0,x0,0	  x0:0x00000000
        5795000	       578	80001fd4	00000013	addi	x0,x0,0	  x0:0x00000000
        5805000	       579	80001fd8	00c0036f	jal	x6,80001fd8	  x6=0x80001fd8
        5815000	       580	00000000	00000013	addi	x0,x0,0	  x0:0x00000000
        5825000	       581	80001fe0	00000013	addi	x0,x0,0	  x0:0x00000000
        5835000	       582	80001fe4	fe9ff36f	jal	x6,80001fe4	  x6=0x80001fe4
        5845000	       583	00000000	00000013	addi	x0,x0,0	  x0:0x00000000
        5855000	       584	80001fc8	00000013	addi	x0,x0,0	  x0:0x00000000
        5865000	       585	80001fcc	040000ef	jal	x1,80001fcc	  x1=0x80001fcc
        5875000	       586	00000000	00000013	addi	x0,x0,0	  x0:0x00000000
        5885000	       587	80002008	00000013	addi	x0,x0,0	  x0:0x00000000
        5895000	       588	8000200c	fd5ff36f	jal	x6,8000200c	  x6=0x8000200c
        5905000	       589	00000000	00000013	addi	x0,x0,0	  x0:0x00000000
        5915000	       590	80001fdc	00000013	addi	x0,x0,0	  x0:0x00000000
        5925000	       591	80001fe0	ff5ff36f	jal	x6,80001fe0	  x6=0x80001fe0
        5935000	       592	00000000	00000013	addi	x0,x0,0	  x0:0x00000000
        5945000	       593	80001fd0	00000013	addi	x0,x0,0	  x0:0x00000000
        5955000	       594	80001fd4	0400036f	jal	x6,80001fd4	  x6=0x80001fd4
        5965000	       595	00000000	00000013	addi	x0,x0,0	  x0:0x00000000
        5975000	       596	80002010	00000013	addi	x0,x0,0	  x0:0x00000000
        5985000	       597	80002014	ff1ff0ef	jal	x1,80002014	  x1=0x80002014
        5995000	       598	00000000	00000013	addi	x0,x0,0	  x0:0x00000000
        6005000	       599	80002000	00000013	addi	x0,x0,0	  x0:0x00000000
        6015000	       600	80002004	014001ef	jal	x3,80002004	  x3=0x80002004
        6025000	       601	00000000	00000013	addi	x0,x0,0	  x0:0x00000000
        6035000	       602	80002014	00000013	addi	x0,x0,0	  x0:0x00000000
        6045000	       603	80002018	fc5ff36f	jal	x6,80002018	  x6=0x80002018
        6055000	       604	00000000	00000013	addi	x0,x0,0	  x0:0x00000000
        6065000	       605	80001fd8	00000013	addi	x0,x0,0	  x0:0x00000000
        6075000	       606	80001fdc	034000ef	jal	x1,80001fdc	  x1=0x80001fdc
        6085000	       607	00000000	00000013	addi	x0,x0,0	  x0:0x00000000
        6095000	       608	8000200c	00000013	addi	x0,x0,0	  x0:0x00000000
        6105000	       609	80002010	018000ef	jal	x1,80002010	  x1=0x80002010
        6115000	       610	00000000	00000013	addi	x0,x0,0	  x0:0x00000000
        6125000	       611	80002024	00000013	addi	x0,x0,0	  x0:0x00000000
        6135000	       612	80002028	fd5ff0ef	jal	x1,80002028	  x1=0x80002028
        6145000	       613	00000000	00000013	addi	x0,x0,0	  x0:0x00000000
        6155000	       614	80001ff8	00000013	addi	x0,x0,0	  x0:0x00000000
        6165000	       615	80001ffc	0040036f	jal	x6,80001ffc	  x6=0x80001ffc
        6175000	       616	00000000	00000013	addi	x0,x0,0	  x0:0x00000000
        6185000	       617	80001ffc	00000013	addi	x0,x0,0	  x0:0x00000000
        6195000	       618	80002000	fc5ff2ef	jal	x5,80002000	  x5=0x80002000
        6205000	       619	00000000	00000013	addi	x0,x0,0	  x0:0x00000000
        6215000	       620	80001fc0	00000013	addi	x0,x0,0	  x0:0x00000000
        6225000	       621	80001fc4	00c0026f	jal	x4,80001fc4	  x4=0x80001fc4
        6235000	       622	00000000	00000013	addi	x0,x0,0	  x0:0x00000000
        6245000	       623	80001fcc	00000013	addi	x0,x0,0	  x0:0x00000000
        6255000	       624	80001fd0	05c003ef	jal	x7,80001fd0	  x7=0x80001fd0
        6265000	       625	00000000	00000013	addi	x0,x0,0	  x0:0x00000000
        6275000	       626	80002028	00000013	addi	x0,x0,0	  x0:0x00000000
        6285000	       627	8000202c	ae8dc613	xori	x12,x27,-1304	 x27:0x80001e7c x12=0x7fffe494
        6295000	       628	80002030	01800d6f	jal	x26,80002030	 x26=0x80002030
        6305000	       629	00000000	00000013	addi	x0,x0,0	  x0:0x00000000
        6315000	       630	80002044	00000013	addi	x0,x0,0	  x0:0x00000000
        6325000	       631	80002048	00c000ef	jal	x1,80002048	  x1=0x80002048
        6335000	       632	00000000	00000013	addi	x0,x0,0	  x0:0x00000000
        6345000	       633	80002050	00000013	addi	x0,x0,0	  x0:0x00000000
        6355000	       634	80002054	fe9ff0ef	jal	x1,80002054	  x1=0x80002054
        6365000	       635	00000000	00000013	addi	x0,x0,0	  x0:0x00000000
        6375000	       636	80002038	00000013	addi	x0,x0,0	  x0:0x00000000
        6385000	       637	8000203c	004000ef	jal	x1,8000203c	  x1=0x8000203c
        6395000	       638	00000000	00000013	addi	x0,x0,0	  x0:0x00000000
        6405000	       639	8000203c	00000013	addi	x0,x0,0	  x0:0x00000000
        6415000	       640	80002040	010000ef	jal	x1,80002040	  x1=0x80002040
        6425000	       641	00000000	00000013	addi	x0,x0,0	  x0:0x00000000
        6435000	       642	8000204c	00000013	addi	x0,x0,0	  x0:0x00000000
        6445000	       643	80002050	008000ef	jal	x1,80002050	  x1=0x80002050
        6455000	       644	00000000	00000013	addi	x0,x0,0	  x0:0x00000000
        6465000	       645	80002054	00000013	addi	x0,x0,0	  x0:0x00000000
        6475000	       646	80002058	ff5ff36f	jal	x6,80002058	  x6=0x80002058
        6485000	       647	00000000	00000013	addi	x0,x0,0	  x0:0x00000000
        6495000	       648	80002048	00000013	addi	x0,x0,0	  x0:0x00000000
        6505000	       649	8000204c	fedff0ef	jal	x1,8000204c	  x1=0x8000204c
        6515000	       650	00000000	00000013	addi	x0,x0,0	  x0:0x00000000
        6525000	       651	80002034	00000013	addi	x0,x0,0	  x0:0x00000000
        6535000	       652	80002038	024000ef	jal	x1,80002038	  x1=0x80002038
        6545000	       653	00000000	00000013	addi	x0,x0,0	  x0:0x00000000
        6555000	       654	80002058	00000013	addi	x0,x0,0	  x0:0x00000000
        6565000	       655	8000205c	fd9ff0ef	jal	x1,8000205c	  x1=0x8000205c
        6575000	       656	00000000	00000013	addi	x0,x0,0	  x0:0x00000000
        6585000	       657	80002030	00000013	addi	x0,x0,0	  x0:0x00000000
        6595000	       658	80002034	010000ef	jal	x1,80002034	  x1=0x80002034
        6605000	       659	00000000	00000013	addi	x0,x0,0	  x0:0x00000000
        6615000	       660	80002040	00000013	addi	x0,x0,0	  x0:0x00000000
        6625000	       661	80002044	01c000ef	jal	x1,80002044	  x1=0x80002044
        6635000	       662	00000000	00000013	addi	x0,x0,0	  x0:0x00000000
        6645000	       663	8000205c	00000013	addi	x0,x0,0	  x0:0x00000000
        6655000	       664	80002060	75870693	addi	x13,x14,1880	 x14:0x00000001 x13=0x00000759
        6665000	       665	80002064	00800d6f	jal	x26,80002064	 x26=0x80002064
        6675000	       666	00000000	00000013	addi	x0,x0,0	  x0:0x00000000
        6685000	       667	80002068	00000013	addi	x0,x0,0	  x0:0x00000000
        6695000	       668	8000206c	02c0036f	jal	x6,8000206c	  x6=0x8000206c
        6705000	       669	00000000	00000013	addi	x0,x0,0	  x0:0x00000000
        6715000	       670	80002094	00000013	addi	x0,x0,0	  x0:0x00000000
        6725000	       671	80002098	ffdff66f	jal	x12,80002098	 x12=0x80002098
        6735000	       672	00000000	00000013	addi	x0,x0,0	  x0:0x00000000
        6745000	       673	80002090	00000013	addi	x0,x0,0	  x0:0x00000000
        6755000	       674	80002094	fddff9ef	jal	x19,80002094	 x19=0x80002094
        6765000	       675	00000000	00000013	addi	x0,x0,0	  x0:0x00000000
        6775000	       676	8000206c	00000013	addi	x0,x0,0	  x0:0x00000000
        6785000	       677	80002070	020000ef	jal	x1,80002070	  x1=0x80002070
        6795000	       678	00000000	00000013	addi	x0,x0,0	  x0:0x00000000
        6805000	       679	8000208c	00000013	addi	x0,x0,0	  x0:0x00000000
        6815000	       680	80002090	ffdff0ef	jal	x1,80002090	  x1=0x80002090
        6825000	       681	00000000	00000013	addi	x0,x0,0	  x0:0x00000000
        6835000	       682	80002088	00000013	addi	x0,x0,0	  x0:0x00000000
        6845000	       683	8000208c	ff1fffef	jal	x31,8000208c	 x31=0x8000208c
        6855000	       684	00000000	00000013	addi	x0,x0,0	  x0:0x00000000
        6865000	       685	80002078	00000013	addi	x0,x0,0	  x0:0x00000000
        6875000	       686	8000207c	0040026f	jal	x4,8000207c	  x4=0x8000207c
        6885000	       687	00000000	00000013	addi	x0,x0,0	  x0:0x00000000
        6895000	       688	8000207c	00000013	addi	x0,x0,0	  x0:0x00000000
        6905000	       689	80002080	ff5ff0ef	jal	x1,80002080	  x1=0x80002080
        6915000	       690	00000000	00000013	addi	x0,x0,0	  x0:0x00000000
        6925000	       691	80002070	00000013	addi	x0,x0,0	  x0:0x00000000
        6935000	       692	80002074	010000ef	jal	x1,80002074	  x1=0x80002074
        6945000	       693	00000000	00000013	addi	x0,x0,0	  x0:0x00000000
        6955000	       694	80002080	00000013	addi	x0,x0,0	  x0:0x00000000
        6965000	       695	80002084	0040036f	jal	x6,80002084	  x6=0x80002084
        6975000	       696	00000000	00000013	addi	x0,x0,0	  x0:0x00000000
        6985000	       697	80002084	00000013	addi	x0,x0,0	  x0:0x00000000
        6995000	       698	80002088	fe1ffd6f	jal	x26,80002088	 x26=0x80002088
        7005000	       699	00000000	00000013	addi	x0,x0,0	  x0:0x00000000
        7015000	       700	80002064	00000013	addi	x0,x0,0	  x0:0x00000000
        7025000	       701	80002068	010000ef	jal	x1,80002068	  x1=0x80002068
        7035000	       702	00000000	00000013	addi	x0,x0,0	  x0:0x00000000
        7045000	       703	80002074	00000013	addi	x0,x0,0	  x0:0x00000000
        7055000	       704	80002078	0240036f	jal	x6,80002078	  x6=0x80002078
        7065000	       705	00000000	00000013	addi	x0,x0,0	  x0:0x00000000
        7075000	       706	80002098	00000013	addi	x0,x0,0	  x0:0x00000000
        7085000	       707	8000209c	004000ef	jal	x1,8000209c	  x1=0x8000209c
        7095000	       708	00000000	00000013	addi	x0,x0,0	  x0:0x00000000
        7105000	       709	8000209c	00000013	addi	x0,x0,0	  x0:0x00000000
        7115000	       710	800020a0	71894c13	xori	x24,x18,1816	 x18:0xe45a6000 x24=0xe45a6718
        7125000	       711	800020a4	03000d6f	jal	x26,800020a4	 x26=0x800020a4
        7135000	       712	00000000	00000013	addi	x0,x0,0	  x0:0x00000000
        7145000	       713	800020d0	00000013	addi	x0,x0,0	  x0:0x00000000
        7155000	       714	800020d4	ff1ff0ef	jal	x1,800020d4	  x1=0x800020d4
        7165000	       715	00000000	00000013	addi	x0,x0,0	  x0:0x00000000
        7175000	       716	800020c0	00000013	addi	x0,x0,0	  x0:0x00000000
        7185000	       717	800020c4	00c000ef	jal	x1,800020c4	  x1=0x800020c4
        7195000	       718	00000000	00000013	addi	x0,x0,0	  x0:0x00000000
        7205000	       719	800020cc	00000013	addi	x0,x0,0	  x0:0x00000000
        7215000	       720	800020d0	fe5ff0ef	jal	x1,800020d0	  x1=0x800020d0
        7225000	       721	00000000	00000013	addi	x0,x0,0	  x0:0x00000000
        7235000	       722	800020b0	00000013	addi	x0,x0,0	  x0:0x00000000
        7245000	       723	800020b4	0240096f	jal	x18,800020b4	 x18=0x800020b4
        7255000	       724	00000000	00000013	addi	x0,x0,0	  x0:0x00000000
        7265000	       725	800020d4	00000013	addi	x0,x0,0	  x0:0x00000000
        7275000	       726	800020d8	fe1fff6f	jal	x30,800020d8	 x30=0x800020d8
        7285000	       727	00000000	00000013	addi	x0,x0,0	  x0:0x00000000
        7295000	       728	800020b4	00000013	addi	x0,x0,0	  x0:0x00000000
        7305000	       729	800020b8	0280036f	jal	x6,800020b8	  x6=0x800020b8
        7315000	       730	00000000	00000013	addi	x0,x0,0	  x0:0x00000000
        7325000	       731	800020dc	00000013	addi	x0,x0,0	  x0:0x00000000
        7335000	       732	800020e0	fd1ff0ef	jal	x1,800020e0	  x1=0x800020e0
        7345000	       733	00000000	00000013	addi	x0,x0,0	  x0:0x00000000
        7355000	       734	800020ac	00000013	addi	x0,x0,0	  x0:0x00000000
        7365000	       735	800020b0	0100036f	jal	x6,800020b0	  x6=0x800020b0
        7375000	       736	00000000	00000013	addi	x0,x0,0	  x0:0x00000000
        7385000	       737	800020bc	00000013	addi	x0,x0,0	  x0:0x00000000
        7395000	       738	800020c0	00c0036f	jal	x6,800020c0	  x6=0x800020c0
        7405000	       739	00000000	00000013	addi	x0,x0,0	  x0:0x00000000
        7415000	       740	800020c8	00000013	addi	x0,x0,0	  x0:0x00000000
        7425000	       741	800020cc	010000ef	jal	x1,800020cc	  x1=0x800020cc
        7435000	       742	00000000	00000013	addi	x0,x0,0	  x0:0x00000000
        7445000	       743	800020d8	00000013	addi	x0,x0,0	  x0:0x00000000
        7455000	       744	800020dc	010004ef	jal	x9,800020dc	  x9=0x800020dc
        7465000	       745	00000000	00000013	addi	x0,x0,0	  x0:0x00000000
        7475000	       746	800020e8	00000013	addi	x0,x0,0	  x0:0x00000000
        7485000	       747	800020ec	fd1ff0ef	jal	x1,800020ec	  x1=0x800020ec
        7495000	       748	00000000	00000013	addi	x0,x0,0	  x0:0x00000000
        7505000	       749	800020b8	00000013	addi	x0,x0,0	  x0:0x00000000
        7515000	       750	800020bc	ff1ff36f	jal	x6,800020bc	  x6=0x800020bc
        7525000	       751	00000000	00000013	addi	x0,x0,0	  x0:0x00000000
        7535000	       752	800020a8	00000013	addi	x0,x0,0	  x0:0x00000000
        7545000	       753	800020ac	048000ef	jal	x1,800020ac	  x1=0x800020ac
        7555000	       754	00000000	00000013	addi	x0,x0,0	  x0:0x00000000
        7565000	       755	800020f0	00000013	addi	x0,x0,0	  x0:0x00000000
        7575000	       756	800020f4	ffdff0ef	jal	x1,800020f4	  x1=0x800020f4
        7585000	       757	00000000	00000013	addi	x0,x0,0	  x0:0x00000000
        7595000	       758	800020ec	00000013	addi	x0,x0,0	  x0:0x00000000
        7605000	       759	800020f0	ff9ff2ef	jal	x5,800020f0	  x5=0x800020f0
        7615000	       760	00000000	00000013	addi	x0,x0,0	  x0:0x00000000
        7625000	       761	800020e4	00000013	addi	x0,x0,0	  x0:0x00000000
        7635000	       762	800020e8	ffdff0ef	jal	x1,800020e8	  x1=0x800020e8
        7645000	       763	00000000	00000013	addi	x0,x0,0	  x0:0x00000000
        7655000	       764	800020e0	00000013	addi	x0,x0,0	  x0:0x00000000
        7665000	       765	800020e4	fe5ff0ef	jal	x1,800020e4	  x1=0x800020e4
        7675000	       766	00000000	00000013	addi	x0,x0,0	  x0:0x00000000
        7685000	       767	800020c4	00000013	addi	x0,x0,0	  x0:0x00000000
        7695000	       768	800020c8	fe1ff0ef	jal	x1,800020c8	  x1=0x800020c8
        7705000	       769	00000000	00000013	addi	x0,x0,0	  x0:0x00000000
        7715000	       770	800020a4	00000013	addi	x0,x0,0	  x0:0x00000000
        7725000	       771	800020a8	050000ef	jal	x1,800020a8	  x1=0x800020a8
        7735000	       772	00000000	00000013	addi	x0,x0,0	  x0:0x00000000
        7745000	       773	800020f4	00000013	addi	x0,x0,0	  x0:0x00000000
        7755000	       774	800020f8	00806bb3	or	x23,x0,x8	  x0:0x00000000  x8:0x80009f5c x23=0x80009f5c
        7765000	       775	800020fc	01400d6f	jal	x26,800020fc	 x26=0x800020fc
        7775000	       776	00000000	00000013	addi	x0,x0,0	  x0:0x00000000
        7785000	       777	8000210c	00000013	addi	x0,x0,0	  x0:0x00000000
        7795000	       778	80002110	014000ef	jal	x1,80002110	  x1=0x80002110
        7805000	       779	00000000	00000013	addi	x0,x0,0	  x0:0x00000000
        7815000	       780	80002120	00000013	addi	x0,x0,0	  x0:0x00000000
        7825000	       781	80002124	fe9ff1ef	jal	x3,80002124	  x3=0x80002124
        7835000	       782	00000000	00000013	addi	x0,x0,0	  x0:0x00000000
        7845000	       783	80002108	00000013	addi	x0,x0,0	  x0:0x00000000
        7855000	       784	8000210c	008005ef	jal	x11,8000210c	 x11=0x8000210c
        7865000	       785	00000000	00000013	addi	x0,x0,0	  x0:0x00000000
        7875000	       786	80002110	00000013	addi	x0,x0,0	  x0:0x00000000
        7885000	       787	80002114	ff5ff0ef	jal	x1,80002114	  x1=0x80002114
        7895000	       788	00000000	00000013	addi	x0,x0,0	  x0:0x00000000
        7905000	       789	80002104	00000013	addi	x0,x0,0	  x0:0x00000000
        7915000	       790	80002108	010000ef	jal	x1,80002108	  x1=0x80002108
        7925000	       791	00000000	00000013	addi	x0,x0,0	  x0:0x00000000
        7935000	       792	80002114	00000013	addi	x0,x0,0	  x0:0x00000000
        7945000	       793	80002118	00400a6f	jal	x20,80002118	 x20=0x80002118
        7955000	       794	00000000	00000013	addi	x0,x0,0	  x0:0x00000000
        7965000	       795	80002118	00000013	addi	x0,x0,0	  x0:0x00000000
        7975000	       796	8000211c	0040036f	jal	x6,8000211c	  x6=0x8000211c
        7985000	       797	00000000	00000013	addi	x0,x0,0	  x0:0x00000000
        7995000	       798	8000211c	00000013	addi	x0,x0,0	  x0:0x00000000
        8005000	       799	80002120	fe5ff36f	jal	x6,80002120	  x6=0x80002120
        8015000	       800	00000000	00000013	addi	x0,x0,0	  x0:0x00000000
        8025000	       801	80002100	00000013	addi	x0,x0,0	  x0:0x00000000
        8035000	       802	80002104	ffdff36f	jal	x6,80002104	  x6=0x80002104
        8045000	       803	00000000	00000013	addi	x0,x0,0	  x0:0x00000000
        8055000	       804	800020fc	00000013	addi	x0,x0,0	  x0:0x00000000
        8065000	       805	80002100	028000ef	jal	x1,80002100	  x1=0x80002100
        8075000	       806	00000000	00000013	addi	x0,x0,0	  x0:0x00000000
        8085000	       807	80002124	00000013	addi	x0,x0,0	  x0:0x00000000
        8095000	       808	80002128	008bd8b3	srl	x17,x23,x8	 x23:0x80009f5c  x8:0x80009f5c x17=0x00000008
        8105000	       809	8000212c	01000d6f	jal	x26,8000212c	 x26=0x8000212c
        8115000	       810	00000000	00000013	addi	x0,x0,0	  x0:0x00000000
        8125000	       811	80002138	00000013	addi	x0,x0,0	  x0:0x00000000
        8135000	       812	8000213c	ff5ff0ef	jal	x1,8000213c	  x1=0x8000213c
        8145000	       813	00000000	00000013	addi	x0,x0,0	  x0:0x00000000
        8155000	       814	8000212c	00000013	addi	x0,x0,0	  x0:0x00000000
        8165000	       815	80002130	018000ef	jal	x1,80002130	  x1=0x80002130
        8175000	       816	00000000	00000013	addi	x0,x0,0	  x0:0x00000000
        8185000	       817	80002144	00000013	addi	x0,x0,0	  x0:0x00000000
        8195000	       818	80002148	008000ef	jal	x1,80002148	  x1=0x80002148
        8205000	       819	00000000	00000013	addi	x0,x0,0	  x0:0x00000000
        8215000	       820	8000214c	00000013	addi	x0,x0,0	  x0:0x00000000
        8225000	       821	80002150	0080076f	jal	x14,80002150	 x14=0x80002150
        8235000	       822	00000000	00000013	addi	x0,x0,0	  x0:0x00000000
        8245000	       823	80002154	00000013	addi	x0,x0,0	  x0:0x00000000
        8255000	       824	80002158	fe1ff0ef	jal	x1,80002158	  x1=0x80002158
        8265000	       825	00000000	00000013	addi	x0,x0,0	  x0:0x00000000
        8275000	       826	80002134	00000013	addi	x0,x0,0	  x0:0x00000000
        8285000	       827	80002138	00c002ef	jal	x5,80002138	  x5=0x80002138
        8295000	       828	00000000	00000013	addi	x0,x0,0	  x0:0x00000000
        8305000	       829	80002140	00000013	addi	x0,x0,0	  x0:0x00000000
        8315000	       830	80002144	008000ef	jal	x1,80002144	  x1=0x80002144
        8325000	       831	00000000	00000013	addi	x0,x0,0	  x0:0x00000000
        8335000	       832	80002148	00000013	addi	x0,x0,0	  x0:0x00000000
        8345000	       833	8000214c	008000ef	jal	x1,8000214c	  x1=0x8000214c
        8355000	       834	00000000	00000013	addi	x0,x0,0	  x0:0x00000000
        8365000	       835	80002150	00000013	addi	x0,x0,0	  x0:0x00000000
        8375000	       836	80002154	fe1ff0ef	jal	x1,80002154	  x1=0x80002154
        8385000	       837	00000000	00000013	addi	x0,x0,0	  x0:0x00000000
        8395000	       838	80002130	00000013	addi	x0,x0,0	  x0:0x00000000
        8405000	       839	80002134	00c000ef	jal	x1,80002134	  x1=0x80002134
        8415000	       840	00000000	00000013	addi	x0,x0,0	  x0:0x00000000
        8425000	       841	8000213c	00000013	addi	x0,x0,0	  x0:0x00000000
        8435000	       842	80002140	01c000ef	jal	x1,80002140	  x1=0x80002140
        8445000	       843	00000000	00000013	addi	x0,x0,0	  x0:0x00000000
        8455000	       844	80002158	00000013	addi	x0,x0,0	  x0:0x00000000
        8465000	       845	8000215c	01105593	srli	x11,x0,0x11	  x0:0x00000000 x11=0x00000000
        8475000	       846	80002160	05800d6f	jal	x26,80002160	 x26=0x80002160
        8485000	       847	00000000	00000013	addi	x0,x0,0	  x0:0x00000000
        8495000	       848	800021b4	00000013	addi	x0,x0,0	  x0:0x00000000
        8505000	       849	800021b8	00800fef	jal	x31,800021b8	 x31=0x800021b8
        8515000	       850	00000000	00000013	addi	x0,x0,0	  x0:0x00000000
        8525000	       851	800021bc	00000013	addi	x0,x0,0	  x0:0x00000000
        8535000	       852	800021c0	fa5ff0ef	jal	x1,800021c0	  x1=0x800021c0
        8545000	       853	00000000	00000013	addi	x0,x0,0	  x0:0x00000000
        8555000	       854	80002160	00000013	addi	x0,x0,0	  x0:0x00000000
        8565000	       855	80002164	010000ef	jal	x1,80002164	  x1=0x80002164
        8575000	       856	00000000	00000013	addi	x0,x0,0	  x0:0x00000000
        8585000	       857	80002170	00000013	addi	x0,x0,0	  x0:0x00000000
        8595000	       858	80002174	03c000ef	jal	x1,80002174	  x1=0x80002174
        8605000	       859	00000000	00000013	addi	x0,x0,0	  x0:0x00000000
        8615000	       860	800021ac	00000013	addi	x0,x0,0	  x0:0x00000000
        8625000	       861	800021b0	fe1ff36f	jal	x6,800021b0	  x6=0x800021b0
        8635000	       862	00000000	00000013	addi	x0,x0,0	  x0:0x00000000
        8645000	       863	8000218c	00000013	addi	x0,x0,0	  x0:0x00000000
        8655000	       864	80002190	03400fef	jal	x31,80002190	 x31=0x80002190
        8665000	       865	00000000	00000013	addi	x0,x0,0	  x0:0x00000000
        8675000	       866	800021c0	00000013	addi	x0,x0,0	  x0:0x00000000
        8685000	       867	800021c4	fd9ff36f	jal	x6,800021c4	  x6=0x800021c4
        8695000	       868	00000000	00000013	addi	x0,x0,0	  x0:0x00000000
        8705000	       869	80002198	00000013	addi	x0,x0,0	  x0:0x00000000
        8715000	       870	8000219c	fe5ff0ef	jal	x1,8000219c	  x1=0x8000219c
        8725000	       871	00000000	00000013	addi	x0,x0,0	  x0:0x00000000
        8735000	       872	8000217c	00000013	addi	x0,x0,0	  x0:0x00000000
        8745000	       873	80002180	024001ef	jal	x3,80002180	  x3=0x80002180
        8755000	       874	00000000	00000013	addi	x0,x0,0	  x0:0x00000000
        8765000	       875	800021a0	00000013	addi	x0,x0,0	  x0:0x00000000
        8775000	       876	800021a4	fcdff0ef	jal	x1,800021a4	  x1=0x800021a4
        8785000	       877	00000000	00000013	addi	x0,x0,0	  x0:0x00000000
        8795000	       878	8000216c	00000013	addi	x0,x0,0	  x0:0x00000000
        8805000	       879	80002170	0240036f	jal	x6,80002170	  x6=0x80002170
        8815000	       880	00000000	00000013	addi	x0,x0,0	  x0:0x00000000
        8825000	       881	80002190	00000013	addi	x0,x0,0	  x0:0x00000000
        8835000	       882	80002194	fe5ff36f	jal	x6,80002194	  x6=0x80002194
        8845000	       883	00000000	00000013	addi	x0,x0,0	  x0:0x00000000
        8855000	       884	80002174	00000013	addi	x0,x0,0	  x0:0x00000000
        8865000	       885	80002178	050000ef	jal	x1,80002178	  x1=0x80002178
        8875000	       886	00000000	00000013	addi	x0,x0,0	  x0:0x00000000
        8885000	       887	800021c4	00000013	addi	x0,x0,0	  x0:0x00000000
        8895000	       888	800021c8	fbdff6ef	jal	x13,800021c8	 x13=0x800021c8
        8905000	       889	00000000	00000013	addi	x0,x0,0	  x0:0x00000000
        8915000	       890	80002180	00000013	addi	x0,x0,0	  x0:0x00000000
        8925000	       891	80002184	ff9ffd6f	jal	x26,80002184	 x26=0x80002184
        8935000	       892	00000000	00000013	addi	x0,x0,0	  x0:0x00000000
        8945000	       893	80002178	00000013	addi	x0,x0,0	  x0:0x00000000
        8955000	       894	8000217c	01c002ef	jal	x5,8000217c	  x5=0x8000217c
        8965000	       895	00000000	00000013	addi	x0,x0,0	  x0:0x00000000
        8975000	       896	80002194	00000013	addi	x0,x0,0	  x0:0x00000000
        8985000	       897	80002198	fd5fff6f	jal	x30,80002198	 x30=0x80002198
        8995000	       898	00000000	00000013	addi	x0,x0,0	  x0:0x00000000
        9005000	       899	80002168	00000013	addi	x0,x0,0	  x0:0x00000000
        9015000	       900	8000216c	034000ef	jal	x1,8000216c	  x1=0x8000216c
        9025000	       901	00000000	00000013	addi	x0,x0,0	  x0:0x00000000
        9035000	       902	8000219c	00000013	addi	x0,x0,0	  x0:0x00000000
        9045000	       903	800021a0	fedff0ef	jal	x1,800021a0	  x1=0x800021a0
        9055000	       904	00000000	00000013	addi	x0,x0,0	  x0:0x00000000
        9065000	       905	80002188	00000013	addi	x0,x0,0	  x0:0x00000000
        9075000	       906	8000218c	028000ef	jal	x1,8000218c	  x1=0x8000218c
        9085000	       907	00000000	00000013	addi	x0,x0,0	  x0:0x00000000
        9095000	       908	800021b0	00000013	addi	x0,x0,0	  x0:0x00000000
        9105000	       909	800021b4	ff5ff0ef	jal	x1,800021b4	  x1=0x800021b4
        9115000	       910	00000000	00000013	addi	x0,x0,0	  x0:0x00000000
        9125000	       911	800021a4	00000013	addi	x0,x0,0	  x0:0x00000000
        9135000	       912	800021a8	fe1ff36f	jal	x6,800021a8	  x6=0x800021a8
        9145000	       913	00000000	00000013	addi	x0,x0,0	  x0:0x00000000
        9155000	       914	80002184	00000013	addi	x0,x0,0	  x0:0x00000000
        9165000	       915	80002188	fe1ff0ef	jal	x1,80002188	  x1=0x80002188
        9175000	       916	00000000	00000013	addi	x0,x0,0	  x0:0x00000000
        9185000	       917	80002164	00000013	addi	x0,x0,0	  x0:0x00000000
        9195000	       918	80002168	0540036f	jal	x6,80002168	  x6=0x80002168
        9205000	       919	00000000	00000013	addi	x0,x0,0	  x0:0x00000000
        9215000	       920	800021b8	00000013	addi	x0,x0,0	  x0:0x00000000
        9225000	       921	800021bc	ff1ff36f	jal	x6,800021bc	  x6=0x800021bc
        9235000	       922	00000000	00000013	addi	x0,x0,0	  x0:0x00000000
        9245000	       923	800021a8	00000013	addi	x0,x0,0	  x0:0x00000000
        9255000	       924	800021ac	020001ef	jal	x3,800021ac	  x3=0x800021ac
        9265000	       925	00000000	00000013	addi	x0,x0,0	  x0:0x00000000
        9275000	       926	800021c8	00000013	addi	x0,x0,0	  x0:0x00000000
        9285000	       927	800021cc	0196a533	slt	x10,x13,x25	 x13:0x800021c8 x25:0x80001f40 x10=0x00000000
        9295000	       928	800021d0	02000d6f	jal	x26,800021d0	 x26=0x800021d0
        9305000	       929	00000000	00000013	addi	x0,x0,0	  x0:0x00000000
        9315000	       930	800021ec	00000013	addi	x0,x0,0	  x0:0x00000000
        9325000	       931	800021f0	028000ef	jal	x1,800021f0	  x1=0x800021f0
        9335000	       932	00000000	00000013	addi	x0,x0,0	  x0:0x00000000
        9345000	       933	80002214	00000013	addi	x0,x0,0	  x0:0x00000000
        9355000	       934	80002218	fc9ff0ef	jal	x1,80002218	  x1=0x80002218
        9365000	       935	00000000	00000013	addi	x0,x0,0	  x0:0x00000000
        9375000	       936	800021dc	00000013	addi	x0,x0,0	  x0:0x00000000
        9385000	       937	800021e0	03c000ef	jal	x1,800021e0	  x1=0x800021e0
        9395000	       938	00000000	00000013	addi	x0,x0,0	  x0:0x00000000
        9405000	       939	80002218	00000013	addi	x0,x0,0	  x0:0x00000000
        9415000	       940	8000221c	fd9ff0ef	jal	x1,8000221c	  x1=0x8000221c
        9425000	       941	00000000	00000013	addi	x0,x0,0	  x0:0x00000000
        9435000	       942	800021f0	00000013	addi	x0,x0,0	  x0:0x00000000
        9445000	       943	800021f4	0200036f	jal	x6,800021f4	  x6=0x800021f4
        9455000	       944	00000000	00000013	addi	x0,x0,0	  x0:0x00000000
        9465000	       945	80002210	00000013	addi	x0,x0,0	  x0:0x00000000
        9475000	       946	80002214	fc1ff0ef	jal	x1,80002214	  x1=0x80002214
        9485000	       947	00000000	00000013	addi	x0,x0,0	  x0:0x00000000
        9495000	       948	800021d0	00000013	addi	x0,x0,0	  x0:0x00000000
        9505000	       949	800021d4	004000ef	jal	x1,800021d4	  x1=0x800021d4
        9515000	       950	00000000	00000013	addi	x0,x0,0	  x0:0x00000000
        9525000	       951	800021d4	00000013	addi	x0,x0,0	  x0:0x00000000
        9535000	       952	800021d8	02c000ef	jal	x1,800021d8	  x1=0x800021d8
        9545000	       953	00000000	00000013	addi	x0,x0,0	  x0:0x00000000
        9555000	       954	80002200	00000013	addi	x0,x0,0	  x0:0x00000000
        9565000	       955	80002204	ffdff0ef	jal	x1,80002204	  x1=0x80002204
        9575000	       956	00000000	00000013	addi	x0,x0,0	  x0:0x00000000
        9585000	       957	800021fc	00000013	addi	x0,x0,0	  x0:0x00000000
        9595000	       958	80002200	ff9ff0ef	jal	x1,80002200	  x1=0x80002200
        9605000	       959	00000000	00000013	addi	x0,x0,0	  x0:0x00000000
        9615000	       960	800021f4	00000013	addi	x0,x0,0	  x0:0x00000000
        9625000	       961	800021f8	010000ef	jal	x1,800021f8	  x1=0x800021f8
        9635000	       962	00000000	00000013	addi	x0,x0,0	  x0:0x00000000
        9645000	       963	80002204	00000013	addi	x0,x0,0	  x0:0x00000000
        9655000	       964	80002208	ff5ff86f	jal	x16,80002208	 x16=0x80002208
        9665000	       965	00000000	00000013	addi	x0,x0,0	  x0:0x00000000
        9675000	       966	800021f8	00000013	addi	x0,x0,0	  x0:0x00000000
        9685000	       967	800021fc	fe9ff36f	jal	x6,800021fc	  x6=0x800021fc
        9695000	       968	00000000	00000013	addi	x0,x0,0	  x0:0x00000000
        9705000	       969	800021e0	00000013	addi	x0,x0,0	  x0:0x00000000
        9715000	       970	800021e4	0080036f	jal	x6,800021e4	  x6=0x800021e4
        9725000	       971	00000000	00000013	addi	x0,x0,0	  x0:0x00000000
        9735000	       972	800021e8	00000013	addi	x0,x0,0	  x0:0x00000000
        9745000	       973	800021ec	024000ef	jal	x1,800021ec	  x1=0x800021ec
        9755000	       974	00000000	00000013	addi	x0,x0,0	  x0:0x00000000
        9765000	       975	8000220c	00000013	addi	x0,x0,0	  x0:0x00000000
        9775000	       976	80002210	fd9ff26f	jal	x4,80002210	  x4=0x80002210
        9785000	       977	00000000	00000013	addi	x0,x0,0	  x0:0x00000000
        9795000	       978	800021e4	00000013	addi	x0,x0,0	  x0:0x00000000
        9805000	       979	800021e8	ff5ff0ef	jal	x1,800021e8	  x1=0x800021e8
        9815000	       980	00000000	00000013	addi	x0,x0,0	  x0:0x00000000
        9825000	       981	800021d8	00000013	addi	x0,x0,0	  x0:0x00000000
        9835000	       982	800021dc	030005ef	jal	x11,800021dc	 x11=0x800021dc
        9845000	       983	00000000	00000013	addi	x0,x0,0	  x0:0x00000000
        9855000	       984	80002208	00000013	addi	x0,x0,0	  x0:0x00000000
        9865000	       985	8000220c	014000ef	jal	x1,8000220c	  x1=0x8000220c
        9875000	       986	00000000	00000013	addi	x0,x0,0	  x0:0x00000000
        9885000	       987	8000221c	00000013	addi	x0,x0,0	  x0:0x00000000
        9895000	       988	80002220	cc9bcd93	xori	x27,x23,-823	 x23:0x80009f5c x27=0x7fff6395
        9905000	       989	80002224	02800d6f	jal	x26,80002224	 x26=0x80002224
        9915000	       990	00000000	00000013	addi	x0,x0,0	  x0:0x00000000
        9925000	       991	80002248	00000013	addi	x0,x0,0	  x0:0x00000000
        9935000	       992	8000224c	fddff0ef	jal	x1,8000224c	  x1=0x8000224c
        9945000	       993	00000000	00000013	addi	x0,x0,0	  x0:0x00000000
        9955000	       994	80002224	00000013	addi	x0,x0,0	  x0:0x00000000
        9965000	       995	80002228	00c002ef	jal	x5,80002228	  x5=0x80002228
        9975000	       996	00000000	00000013	addi	x0,x0,0	  x0:0x00000000
        9985000	       997	80002230	00000013	addi	x0,x0,0	  x0:0x00000000
        9995000	       998	80002234	01c0036f	jal	x6,80002234	  x6=0x80002234
       10005000	       999	00000000	00000013	addi	x0,x0,0	  x0:0x00000000
       10015000	      1000	8000224c	00000013	addi	x0,x0,0	  x0:0x00000000
       10025000	      1001	80002250	fedff0ef	jal	x1,80002250	  x1=0x80002250
       10035000	      1002	00000000	00000013	addi	x0,x0,0	  x0:0x00000000
       10045000	      1003	80002238	00000013	addi	x0,x0,0	  x0:0x00000000
       10055000	      1004	8000223c	00c0036f	jal	x6,8000223c	  x6=0x8000223c
       10065000	      1005	00000000	00000013	addi	x0,x0,0	  x0:0x00000000
       10075000	      1006	80002244	00000013	addi	x0,x0,0	  x0:0x00000000
       10085000	      1007	80002248	00c0036f	jal	x6,80002248	  x6=0x80002248
       10095000	      1008	00000000	00000013	addi	x0,x0,0	  x0:0x00000000
       10105000	      1009	80002250	00000013	addi	x0,x0,0	  x0:0x00000000
       10115000	      1010	80002254	fe5ff56f	jal	x10,80002254	 x10=0x80002254
       10125000	      1011	00000000	00000013	addi	x0,x0,0	  x0:0x00000000
       10135000	      1012	80002234	00000013	addi	x0,x0,0	  x0:0x00000000
       10145000	      1013	80002238	008000ef	jal	x1,80002238	  x1=0x80002238
       10155000	      1014	00000000	00000013	addi	x0,x0,0	  x0:0x00000000
       10165000	      1015	8000223c	00000013	addi	x0,x0,0	  x0:0x00000000
       10175000	      1016	80002240	004000ef	jal	x1,80002240	  x1=0x80002240
       10185000	      1017	00000000	00000013	addi	x0,x0,0	  x0:0x00000000
       10195000	      1018	80002240	00000013	addi	x0,x0,0	  x0:0x00000000
       10205000	      1019	80002244	fe9ff0ef	jal	x1,80002244	  x1=0x80002244
       10215000	      1020	00000000	00000013	addi	x0,x0,0	  x0:0x00000000
       10225000	      1021	80002228	00000013	addi	x0,x0,0	  x0:0x00000000
       10235000	      1022	8000222c	004000ef	jal	x1,8000222c	  x1=0x8000222c
       10245000	      1023	00000000	00000013	addi	x0,x0,0	  x0:0x00000000
       10255000	      1024	8000222c	00000013	addi	x0,x0,0	  x0:0x00000000
       10265000	      1025	80002230	0280096f	jal	x18,80002230	 x18=0x80002230
       10275000	      1026	00000000	00000013	addi	x0,x0,0	  x0:0x00000000
       10285000	      1027	80002254	00000013	addi	x0,x0,0	  x0:0x00000000
       10295000	      1028	80002258	014895b3	sll	x11,x17,x20	 x17:0x00000008 x20:0x80002118 x11=0x08000000
       10305000	      1029	8000225c	01d9fdb3	and	x27,x19,x29	 x19:0x80002094 x29:0x80001ff4 x27=0x80000094
       10315000	      1030	80002260	058f0463	beq	x30,x24,800022a8	 x30:0x80002198 x24:0xe45a6718
       10325000	      1031	80002264	01548733	add	x14,x9,x21	  x9:0x800020dc x21:0x1e6fcf98 x14=0x9e6ff074
       10335000	      1032	80002268	026c1863	bne	x24,x6,80002298	 x24:0xe45a6718  x6:0x80002248
       10345000	      1033	00000000	00000013	addi	x0,x0,0	  x0:0x00000000
       10355000	      1034	80002294	00000013	addi	x0,x0,0	  x0:0x00000000
       10365000	      1035	80002298	419c5cb3	sra	x25,x24,x25	 x24:0xe45a6718 x25:0x80001f40 x25=0xe45a6718
       10375000	      1036	8000229c	19d20913	addi	x18,x4,413	  x4:0x80002210 x18=0x800023ad
       10385000	      1037	800022a0	0195c333	xor	x6,x11,x25	 x11:0x08000000 x25:0xe45a6718  x6=0xec5a6718
       10395000	      1038	800022a4	00b23db3	sltu	x27,x4,x11	  x4:0x80002210 x11:0x08000000 x27=0x00000000
       10405000	      1039	800022a8	0068cfb3	xor	x31,x17,x6	 x17:0x00000008  x6:0xec5a6718 x31=0xec5a6710
       10415000	      1040	800022ac	01649d13	slli	x26,x9,0x16	  x9:0x800020dc x26=0x37000000
       10425000	      1041	800022b0	4048d813	srai	x16,x17,0x4	 x17:0x00000008 x16=0x00000000
       10435000	      1042	800022b4	007e8e63	beq	x29,x7,800022d0	 x29:0x80001ff4  x7:0x80001fd0
       10445000	      1043	800022b8	40f15013	srai	x0,x2,0xf	  x2:0x80009fc4
       10455000	      1044	800022bc	00075f93	srli	x31,x14,0x0	 x14:0x9e6ff074 x31=0x9e6ff074
       10465000	      1045	800022c0	8e6ecb93	xori	x23,x29,-1818	 x29:0x80001ff4 x23=0x7fffe712
       10475000	      1046	800022c4	fcd20993	addi	x19,x4,-51	  x4:0x80002210 x19=0x800021dd
       10485000	      1047	800022c8	5aca6b93	ori	x23,x20,1452	 x20:0x80002118 x23=0x800025bc
       10495000	      1048	800022cc	00bd9f13	slli	x30,x27,0xb	 x27:0x00000000 x30=0x00000000
       10505000	      1049	800022d0	00ad9a63	bne	x27,x10,800022e4	 x27:0x00000000 x10:0x80002254
       10515000	      1050	00000000	00000013	addi	x0,x0,0	  x0:0x00000000
       10525000	      1051	800022e0	00000013	addi	x0,x0,0	  x0:0x00000000
       10535000	      1052	800022e4	01fb9513	slli	x10,x23,0x1f	 x23:0x800025bc x10=0x00000000
       10545000	      1053	800022e8	00f63db3	sltu	x27,x12,x15	 x12:0x80002098 x15:0x80001f74 x27=0x00000000
       10555000	      1054	800022ec	017358b3	srl	x17,x6,x23	  x6:0xec5a6718 x23:0x800025bc x17=0x0000000e
       10565000	      1055	800022f0	00688233	add	x4,x17,x6	 x17:0x0000000e  x6:0xec5a6718  x4=0xec5a6726
       10575000	      1056	800022f4	00fa9693	slli	x13,x21,0xf	 x21:0x1e6fcf98 x13=0xe7cc0000
       10585000	      1057	800022f8	00e916b3	sll	x13,x18,x14	 x18:0x800023ad x14:0x9e6ff074 x13=0x3ad00000
       10595000	      1058	800022fc	00f00933	add	x18,x0,x15	  x0:0x00000000 x15:0x80001f74 x18=0x80001f74
       10605000	      1059	80002300	0198d193	srli	x3,x17,0x19	 x17:0x0000000e  x3=0x00000000
       10615000	      1060	80002304	90a6a193	slti	x3,x13,-1782	 x13:0x3ad00000  x3=0x00000000
       10625000	      1061	80002308	540bfb93	andi	x23,x23,1344	 x23:0x800025bc x23=0x00000500
       10635000	      1062	8000230c	01d20863	beq	x4,x29,8000231c	  x4:0xec5a6726 x29:0x80001ff4
       10645000	      1063	80002310	2ce22793	slti	x15,x4,718	  x4:0xec5a6726 x15=0x00000001
       10655000	      1064	80002314	00089193	slli	x3,x17,0x0	 x17:0x0000000e  x3=0x0000000e
       10665000	      1065	80002318	08d95663	bge	x18,x13,800023a4	 x18:0x80001f74 x13:0x3ad00000
       10675000	      1066	8000231c	5edaba13	sltiu	x20,x21,1517	 x21:0x1e6fcf98 x20=0x00000000
       10685000	      1067	80002320	00800d6f	jal	x26,80002320	 x26=0x80002320
       10695000	      1068	00000000	00000013	addi	x0,x0,0	  x0:0x00000000
       10705000	      1069	80002324	00000013	addi	x0,x0,0	  x0:0x00000000
       10715000	      1070	80002328	024000ef	jal	x1,80002328	  x1=0x80002328
       10725000	      1071	00000000	00000013	addi	x0,x0,0	  x0:0x00000000
       10735000	      1072	80002348	00000013	addi	x0,x0,0	  x0:0x00000000
       10745000	      1073	8000234c	fe9ff26f	jal	x4,8000234c	  x4=0x8000234c
       10755000	      1074	00000000	00000013	addi	x0,x0,0	  x0:0x00000000
       10765000	      1075	80002330	00000013	addi	x0,x0,0	  x0:0x00000000
       10775000	      1076	80002334	014000ef	jal	x1,80002334	  x1=0x80002334
       10785000	      1077	00000000	00000013	addi	x0,x0,0	  x0:0x00000000
       10795000	      1078	80002344	00000013	addi	x0,x0,0	  x0:0x00000000
       10805000	      1079	80002348	00c001ef	jal	x3,80002348	  x3=0x80002348
       10815000	      1080	00000000	00000013	addi	x0,x0,0	  x0:0x00000000
       10825000	      1081	80002350	00000013	addi	x0,x0,0	  x0:0x00000000
       10835000	      1082	80002354	014001ef	jal	x3,80002354	  x3=0x80002354
       10845000	      1083	00000000	00000013	addi	x0,x0,0	  x0:0x00000000
       10855000	      1084	80002364	00000013	addi	x0,x0,0	  x0:0x00000000
       10865000	      1085	80002368	ff5ff36f	jal	x6,80002368	  x6=0x80002368
       10875000	      1086	00000000	00000013	addi	x0,x0,0	  x0:0x00000000
       10885000	      1087	80002358	00000013	addi	x0,x0,0	  x0:0x00000000
       10895000	      1088	8000235c	fe5ff26f	jal	x4,8000235c	  x4=0x8000235c
       10905000	      1089	00000000	00000013	addi	x0,x0,0	  x0:0x00000000
       10915000	      1090	8000233c	00000013	addi	x0,x0,0	  x0:0x00000000
       10925000	      1091	80002340	ff9ff0ef	jal	x1,80002340	  x1=0x80002340
       10935000	      1092	00000000	00000013	addi	x0,x0,0	  x0:0x00000000
       10945000	      1093	80002334	00000013	addi	x0,x0,0	  x0:0x00000000
       10955000	      1094	80002338	034002ef	jal	x5,80002338	  x5=0x80002338
       10965000	      1095	00000000	00000013	addi	x0,x0,0	  x0:0x00000000
       10975000	      1096	80002368	00000013	addi	x0,x0,0	  x0:0x00000000
       10985000	      1097	8000236c	ff5ff0ef	jal	x1,8000236c	  x1=0x8000236c
       10995000	      1098	00000000	00000013	addi	x0,x0,0	  x0:0x00000000
       11005000	      1099	8000235c	00000013	addi	x0,x0,0	  x0:0x00000000
       11015000	      1100	80002360	010000ef	jal	x1,80002360	  x1=0x80002360
       11025000	      1101	00000000	00000013	addi	x0,x0,0	  x0:0x00000000
       11035000	      1102	8000236c	00000013	addi	x0,x0,0	  x0:0x00000000
       11045000	      1103	80002370	ff5ff1ef	jal	x3,80002370	  x3=0x80002370
       11055000	      1104	00000000	00000013	addi	x0,x0,0	  x0:0x00000000
       11065000	      1105	80002360	00000013	addi	x0,x0,0	  x0:0x00000000
       11075000	      1106	80002364	fcdff36f	jal	x6,80002364	  x6=0x80002364
       11085000	      1107	00000000	00000013	addi	x0,x0,0	  x0:0x00000000
       11095000	      1108	8000232c	00000013	addi	x0,x0,0	  x0:0x00000000
       11105000	      1109	80002330	020000ef	jal	x1,80002330	  x1=0x80002330
       11115000	      1110	00000000	00000013	addi	x0,x0,0	  x0:0x00000000
       11125000	      1111	8000234c	00000013	addi	x0,x0,0	  x0:0x00000000
       11135000	      1112	80002350	fd5ff36f	jal	x6,80002350	  x6=0x80002350
       11145000	      1113	00000000	00000013	addi	x0,x0,0	  x0:0x00000000
       11155000	      1114	80002320	00000013	addi	x0,x0,0	  x0:0x00000000
       11165000	      1115	80002324	0200086f	jal	x16,80002324	 x16=0x80002324
       11175000	      1116	00000000	00000013	addi	x0,x0,0	  x0:0x00000000
       11185000	      1117	80002340	00000013	addi	x0,x0,0	  x0:0x00000000
       11195000	      1118	80002344	014000ef	jal	x1,80002344	  x1=0x80002344
       11205000	      1119	00000000	00000013	addi	x0,x0,0	  x0:0x00000000
       11215000	      1120	80002354	00000013	addi	x0,x0,0	  x0:0x00000000
       11225000	      1121	80002358	fd5ff26f	jal	x4,80002358	  x4=0x80002358
       11235000	      1122	00000000	00000013	addi	x0,x0,0	  x0:0x00000000
       11245000	      1123	80002328	00000013	addi	x0,x0,0	  x0:0x00000000
       11255000	      1124	8000232c	010000ef	jal	x1,8000232c	  x1=0x8000232c
       11265000	      1125	00000000	00000013	addi	x0,x0,0	  x0:0x00000000
       11275000	      1126	80002338	00000013	addi	x0,x0,0	  x0:0x00000000
       11285000	      1127	8000233c	038002ef	jal	x5,8000233c	  x5=0x8000233c
       11295000	      1128	00000000	00000013	addi	x0,x0,0	  x0:0x00000000
       11305000	      1129	80002370	00000013	addi	x0,x0,0	  x0:0x00000000
       11315000	      1130	80002374	00e22233	slt	x4,x4,x14	  x4:0x80002358 x14:0x9e6ff074  x4=0x00000001
       11325000	      1131	80002378	05304063	blt	x0,x19,800023b8	  x0:0x00000000 x19:0x800021dd
       11335000	      1132	8000237c	50a7ba17	auipc	x20,0x50a7b	 x20=0xd0a7d378
       11345000	      1133	80002380	00455eb3	srl	x29,x10,x4	 x10:0x00000000  x4:0x00000001 x29=0x00000000
       11355000	      1134	80002384	ddba6893	ori	x17,x20,-549	 x20:0xd0a7d378 x17=0xfffffffb
       11365000	      1135	80002388	00731663	bne	x6,x7,80002394	  x6:0x80002350  x7:0x80001fd0
       11375000	      1136	00000000	00000013	addi	x0,x0,0	  x0:0x00000000
       11385000	      1137	80002390	00000013	addi	x0,x0,0	  x0:0x00000000
       11395000	      1138	80002394	41660033	sub	x0,x12,x22	 x12:0x80002098 x22:0x80001f78
       11405000	      1139	80002398	01026c33	or	x24,x4,x16	  x4:0x00000001 x16:0x80002324 x24=0x80002325
       11415000	      1140	8000239c	0199e863	bltu	x19,x25,800023ac	 x19:0x800021dd x25:0xe45a6718
       11425000	      1141	00000000	00000013	addi	x0,x0,0	  x0:0x00000000
       11435000	      1142	800023a8	00000013	addi	x0,x0,0	  x0:0x00000000
       11445000	      1143	800023ac	04999463	bne	x19,x9,800023f4	 x19:0x800021dd  x9:0x800020dc
       11455000	      1144	00000000	00000013	addi	x0,x0,0	  x0:0x00000000
       11465000	      1145	800023f0	00000013	addi	x0,x0,0	  x0:0x00000000
       11475000	      1146	800023f4	4050d1b3	sra	x3,x1,x5	  x1:0x8000232c  x5:0x8000233c  x3=0xfffffff8
       11485000	      1147	800023f8	0102e933	or	x18,x5,x16	  x5:0x8000233c x16:0x80002324 x18=0x8000233c
       11495000	      1148	800023fc	01c00d6f	jal	x26,800023fc	 x26=0x800023fc
       11505000	      1149	00000000	00000013	addi	x0,x0,0	  x0:0x00000000
       11515000	      1150	80002414	00000013	addi	x0,x0,0	  x0:0x00000000
       11525000	      1151	80002418	024000ef	jal	x1,80002418	  x1=0x80002418
       11535000	      1152	00000000	00000013	addi	x0,x0,0	  x0:0x00000000
       11545000	      1153	80002438	00000013	addi	x0,x0,0	  x0:0x00000000
       11555000	      1154	8000243c	00c000ef	jal	x1,8000243c	  x1=0x8000243c
       11565000	      1155	00000000	00000013	addi	x0,x0,0	  x0:0x00000000
       11575000	      1156	80002444	00000013	addi	x0,x0,0	  x0:0x00000000
       11585000	      1157	80002448	ff1ff26f	jal	x4,80002448	  x4=0x80002448
       11595000	      1158	00000000	00000013	addi	x0,x0,0	  x0:0x00000000
       11605000	      1159	80002434	00000013	addi	x0,x0,0	  x0:0x00000000
       11615000	      1160	80002438	fddff0ef	jal	x1,80002438	  x1=0x80002438
       11625000	      1161	00000000	00000013	addi	x0,x0,0	  x0:0x00000000
       11635000	      1162	80002410	00000013	addi	x0,x0,0	  x0:0x00000000
       11645000	      1163	80002414	0300036f	jal	x6,80002414	  x6=0x80002414
       11655000	      1164	00000000	00000013	addi	x0,x0,0	  x0:0x00000000
       11665000	      1165	80002440	00000013	addi	x0,x0,0	  x0:0x00000000
       11675000	      1166	80002444	fe5ff36f	jal	x6,80002444	  x6=0x80002444
       11685000	      1167	00000000	00000013	addi	x0,x0,0	  x0:0x00000000
       11695000	      1168	80002424	00000013	addi	x0,x0,0	  x0:0x00000000
       11705000	      1169	80002428	ff5ff0ef	jal	x1,80002428	  x1=0x80002428
       11715000	      1170	00000000	00000013	addi	x0,x0,0	  x0:0x00000000
       11725000	      1171	80002418	00000013	addi	x0,x0,0	  x0:0x00000000
       11735000	      1172	8000241c	018000ef	jal	x1,8000241c	  x1=0x8000241c
       11745000	      1173	00000000	00000013	addi	x0,x0,0	  x0:0x00000000
       11755000	      1174	80002430	00000013	addi	x0,x0,0	  x0:0x00000000
       11765000	      1175	80002434	fd1ff0ef	jal	x1,80002434	  x1=0x80002434
       11775000	      1176	00000000	00000013	addi	x0,x0,0	  x0:0x00000000
       11785000	      1177	80002400	00000013	addi	x0,x0,0	  x0:0x00000000
       11795000	      1178	80002404	03c000ef	jal	x1,80002404	  x1=0x80002404
       11805000	      1179	00000000	00000013	addi	x0,x0,0	  x0:0x00000000
       11815000	      1180	8000243c	00000013	addi	x0,x0,0	  x0:0x00000000
       11825000	      1181	80002440	ff1ff0ef	jal	x1,80002440	  x1=0x80002440
       11835000	      1182	00000000	00000013	addi	x0,x0,0	  x0:0x00000000
       11845000	      1183	8000242c	00000013	addi	x0,x0,0	  x0:0x00000000
       11855000	      1184	80002430	ffdff9ef	jal	x19,80002430	 x19=0x80002430
       11865000	      1185	00000000	00000013	addi	x0,x0,0	  x0:0x00000000
       11875000	      1186	80002428	00000013	addi	x0,x0,0	  x0:0x00000000
       11885000	      1187	8000242c	fd5ff0ef	jal	x1,8000242c	  x1=0x8000242c
       11895000	      1188	00000000	00000013	addi	x0,x0,0	  x0:0x00000000
       11905000	      1189	800023fc	00000013	addi	x0,x0,0	  x0:0x00000000
       11915000	      1190	80002400	02400a6f	jal	x20,80002400	 x20=0x80002400
       11925000	      1191	00000000	00000013	addi	x0,x0,0	  x0:0x00000000
       11935000	      1192	80002420	00000013	addi	x0,x0,0	  x0:0x00000000
       11945000	      1193	80002424	028000ef	jal	x1,80002424	  x1=0x80002424
       11955000	      1194	00000000	00000013	addi	x0,x0,0	  x0:0x00000000
       11965000	      1195	80002448	00000013	addi	x0,x0,0	  x0:0x00000000
       11975000	      1196	8000244c	fbdff0ef	jal	x1,8000244c	  x1=0x8000244c
       11985000	      1197	00000000	00000013	addi	x0,x0,0	  x0:0x00000000
       11995000	      1198	80002404	00000013	addi	x0,x0,0	  x0:0x00000000
       12005000	      1199	80002408	0080036f	jal	x6,80002408	  x6=0x80002408
       12015000	      1200	00000000	00000013	addi	x0,x0,0	  x0:0x00000000
       12025000	      1201	8000240c	00000013	addi	x0,x0,0	  x0:0x00000000
       12035000	      1202	80002410	ffdff36f	jal	x6,80002410	  x6=0x80002410
       12045000	      1203	00000000	00000013	addi	x0,x0,0	  x0:0x00000000
       12055000	      1204	80002408	00000013	addi	x0,x0,0	  x0:0x00000000
       12065000	      1205	8000240c	0140036f	jal	x6,8000240c	  x6=0x8000240c
       12075000	      1206	00000000	00000013	addi	x0,x0,0	  x0:0x00000000
       12085000	      1207	8000241c	00000013	addi	x0,x0,0	  x0:0x00000000
       12095000	      1208	80002420	0300036f	jal	x6,80002420	  x6=0x80002420
       12105000	      1209	00000000	00000013	addi	x0,x0,0	  x0:0x00000000
       12115000	      1210	8000244c	00000013	addi	x0,x0,0	  x0:0x00000000
       12125000	      1211	80002450	0049c333	xor	x6,x19,x4	 x19:0x80002430  x4:0x80002448  x6=0x00000078
       12135000	      1212	80002454	007969b3	or	x19,x18,x7	 x18:0x8000233c  x7:0x80001fd0 x19=0x80003ffc
       12145000	      1213	80002458	01029193	slli	x3,x5,0x10	  x5:0x8000233c  x3=0x233c0000
       12155000	      1214	8000245c	008f16b3	sll	x13,x30,x8	 x30:0x00000000  x8:0x80009f5c x13=0x00000000
       12165000	      1215	80002460	41eed513	srai	x10,x29,0x1e	 x29:0x00000000 x10=0x00000000
       12175000	      1216	80002464	8ac78013	addi	x0,x15,-1876	 x15:0x00000001
       12185000	      1217	80002468	702e6f13	ori	x30,x28,1794	 x28:0x80001fa0 x30=0x80001fa2
       12195000	      1218	8000246c	41ac5093	srai	x1,x24,0x1a	 x24:0x80002325  x1=0xffffffe0
       12205000	      1219	80002470	f65e3713	sltiu	x14,x28,-155	 x28:0x80001fa0 x14=0x00000001
       12215000	      1220	80002474	01029093	slli	x1,x5,0x10	  x5:0x8000233c  x1=0x233c0000
       12225000	      1221	80002478	00b15533	srl	x10,x2,x11	  x2:0x80009fc4 x11:0x08000000 x10=0x80009fc4
       12235000	      1222	8000247c	6bbccb93	xori	x23,x25,1723	 x25:0xe45a6718 x23=0xe45a61a3
       12245000	      1223	80002480	01e6a9b3	slt	x19,x13,x30	 x13:0x00000000 x30:0x80001fa2 x19=0x00000000
       12255000	      1224	80002484	019c3cb3	sltu	x25,x24,x25	 x24:0x80002325 x25:0xe45a6718 x25=0x00000001
       12265000	      1225	80002488	79e72b93	slti	x23,x14,1950	 x14:0x00000001 x23=0x00000001
       12275000	      1226	8000248c	011a1633	sll	x12,x20,x17	 x20:0x80002400 x17:0xfffffffb x12=0x00000000
       12285000	      1227	80002490	00cdb9b3	sltu	x19,x27,x12	 x27:0x00000000 x12:0x00000000 x19=0x00000000
       12295000	      1228	80002494	2538fd93	andi	x27,x17,595	 x17:0xfffffffb x27=0x00000253
       12305000	      1229	80002498	008979b3	and	x19,x18,x8	 x18:0x8000233c  x8:0x80009f5c x19=0x8000031c
       12315000	      1230	8000249c	04be5463	bge	x28,x11,800024e4	 x28:0x80001fa0 x11:0x08000000
       12325000	      1231	800024a0	0108de63	bge	x17,x16,800024bc	 x17:0xfffffffb x16:0x80002324
       12335000	      1232	00000000	00000013	addi	x0,x0,0	  x0:0x00000000
       12345000	      1233	800024b8	00000013	addi	x0,x0,0	  x0:0x00000000
       12355000	      1234	800024bc	0221cc63	blt	x3,x2,800024f4	  x3:0x233c0000  x2:0x80009fc4
       12365000	      1235	800024c0	01465c93	srli	x25,x12,0x14	 x12:0x00000000 x25=0x00000000
       12375000	      1236	800024c4	005ee4b3	or	x9,x29,x5	 x29:0x00000000  x5:0x8000233c  x9=0x8000233c
       12385000	      1237	800024c8	0280c463	blt	x1,x8,800024f0	  x1:0x233c0000  x8:0x80009f5c
       12395000	      1238	800024cc	02c56063	bltu	x10,x12,800024ec	 x10:0x80009fc4 x12:0x00000000
       12405000	      1239	800024d0	011acfb3	xor	x31,x21,x17	 x21:0x1e6fcf98 x17:0xfffffffb x31=0xe1903063
       12415000	      1240	800024d4	0088dc33	srl	x24,x17,x8	 x17:0xfffffffb  x8:0x80009f5c x24=0x0000000f
       12425000	      1241	800024d8	05739263	bne	x7,x23,8000251c	  x7:0x80001fd0 x23:0x00000001
       12435000	      1242	00000000	00000013	addi	x0,x0,0	  x0:0x00000000
       12445000	      1243	80002518	00000013	addi	x0,x0,0	  x0:0x00000000
       12455000	      1244	8000251c	00bc6fb3	or	x31,x24,x11	 x24:0x0000000f x11:0x08000000 x31=0x0800000f
       12465000	      1245	80002520	002f5f93	srli	x31,x30,0x2	 x30:0x80001fa2 x31=0x200007e8
       12475000	      1246	80002524	83354513	xori	x10,x10,-1997	 x10:0x80009fc4 x10=0x7fff67f7
       12485000	      1247	80002528	2dc37613	andi	x12,x6,732	  x6:0x00000078 x12=0x00000058
       12495000	      1248	8000252c	00172633	slt	x12,x14,x1	 x14:0x00000001  x1:0x233c0000 x12=0x00000001
       12505000	      1249	80002530	03050863	beq	x10,x16,80002560	 x10:0x7fff67f7 x16:0x80002324
       12515000	      1250	80002534	00a59893	slli	x17,x11,0xa	 x11:0x08000000 x17=0x00000000
       12525000	      1251	80002538	415f54b3	sra	x9,x30,x21	 x30:0x80001fa2 x21:0x1e6fcf98  x9=0xffffff80
       12535000	      1252	8000253c	01398a33	add	x20,x19,x19	 x19:0x8000031c x19:0x8000031c x20=0x00000638
       12545000	      1253	80002540	03c95c63	bge	x18,x28,80002578	 x18:0x8000233c x28:0x80001fa0
       12555000	      1254	00000000	00000013	addi	x0,x0,0	  x0:0x00000000
       12565000	      1255	80002574	00000013	addi	x0,x0,0	  x0:0x00000000
       12575000	      1256	80002578	00bd1233	sll	x4,x26,x11	 x26:0x800023fc x11:0x08000000  x4=0x800023fc
       12585000	      1257	8000257c	a7358713	addi	x14,x11,-1421	 x11:0x08000000 x14=0x07fffa73
       12595000	      1258	80002580	02300a63	beq	x0,x3,800025b4	  x0:0x00000000  x3:0x233c0000
       12605000	      1259	80002584	041ff263	bgeu	x31,x1,800025c8	 x31:0x200007e8  x1:0x233c0000
       12615000	      1260	80002588	00000013	addi	x0,x0,0	  x0:0x00000000
       12625000	      1261	8000258c	4bc6f893	andi	x17,x13,1212	 x13:0x00000000 x17=0x00000000
       12635000	      1262	80002590	41d051b3	sra	x3,x0,x29	  x0:0x00000000 x29:0x00000000  x3=0x00000000
       12645000	      1263	80002594	5f62fe13	andi	x28,x5,1526	  x5:0x8000233c x28=0x00000134
       12655000	      1264	80002598	0abbf213	andi	x4,x23,171	 x23:0x00000001  x4=0x00000001
       12665000	      1265	8000259c	fe01fe93	andi	x29,x3,-32	  x3:0x00000000 x29=0x00000000
       12675000	      1266	800025a0	d8beb913	sltiu	x18,x29,-629	 x29:0x00000000 x18=0x00000001
       12685000	      1267	800025a4	01098933	add	x18,x19,x16	 x19:0x8000031c x16:0x80002324 x18=0x00002640
       12695000	      1268	800025a8	051af463	bgeu	x21,x17,800025f0	 x21:0x1e6fcf98 x17:0x00000000
       12705000	      1269	00000000	00000013	addi	x0,x0,0	  x0:0x00000000
       12715000	      1270	800025ec	00000013	addi	x0,x0,0	  x0:0x00000000
       12725000	      1271	800025f0	00e66863	bltu	x12,x14,80002600	 x12:0x00000001 x14:0x07fffa73
       12735000	      1272	00000000	00000013	addi	x0,x0,0	  x0:0x00000000
       12745000	      1273	800025fc	00000013	addi	x0,x0,0	  x0:0x00000000
       12755000	      1274	80002600	01344863	blt	x8,x19,80002610	  x8:0x80009f5c x19:0x8000031c
       12765000	      1275	80002604	008545b3	xor	x11,x10,x8	 x10:0x7fff67f7  x8:0x80009f5c x11=0xfffff8ab
       12775000	      1276	80002608	01da8c33	add	x24,x21,x29	 x21:0x1e6fcf98 x29:0x00000000 x24=0x1e6fcf98
       12785000	      1277	8000260c	1c710313	addi	x6,x2,455	  x2:0x80009fc4  x6=0x8000a18b
       12795000	      1278	80002610	a8356517	auipc	x10,0xa8356	 x10=0x2835860c
       12805000	      1279	80002614	01c5dc63	bge	x11,x28,8000262c	 x11:0xfffff8ab x28:0x00000134
       12815000	      1280	80002618	01e91e63	bne	x18,x30,80002634	 x18:0x00002640 x30:0x80001fa2
       12825000	      1281	00000000	00000013	addi	x0,x0,0	  x0:0x00000000
       12835000	      1282	80002630	00000013	addi	x0,x0,0	  x0:0x00000000
       12845000	      1283	80002634	701cfe93	andi	x29,x25,1793	 x25:0x00000000 x29=0x00000000
       12855000	      1284	80002638	00e8adb3	slt	x27,x17,x14	 x17:0x00000000 x14:0x07fffa73 x27=0x00000001
       12865000	      1285	8000263c	01254d33	xor	x26,x10,x18	 x10:0x2835860c x18:0x00002640 x26=0x2835a04c
       12875000	      1286	80002640	018edc93	srli	x25,x29,0x18	 x29:0x00000000 x25=0x00000000
       12885000	      1287	80002644	788b2b13	slti	x22,x22,1928	 x22:0x80001f78 x22=0x00000001
       12895000	      1288	80002648	006097b3	sll	x15,x1,x6	  x1:0x233c0000  x6:0x8000a18b x15=0xe0000000
       12905000	      1289	8000264c	f5494393	xori	x7,x18,-172	 x18:0x00002640  x7=0xffffd914
       12915000	      1290	80002650	00a89db3	sll	x27,x17,x10	 x17:0x00000000 x10:0x2835860c x27=0x00000000
       12925000	      1291	80002654	045b4463	blt	x22,x5,8000269c	 x22:0x00000001  x5:0x8000233c
       12935000	      1292	80002658	00775093	srli	x1,x14,0x7	 x14:0x07fffa73  x1=0x000ffff4
       12945000	      1293	8000265c	fd9d6b93	ori	x23,x26,-39	 x26:0x2835a04c x23=0xffffffdd
       12955000	      1294	80002660	31f77593	andi	x11,x14,799	 x14:0x07fffa73 x11=0x00000213
       12965000	      1295	80002664	cb373613	sltiu	x12,x14,-845	 x14:0x07fffa73 x12=0x00000001
       12975000	      1296	80002668	015bafb3	slt	x31,x23,x21	 x23:0xffffffdd x21:0x1e6fcf98 x31=0x00000001
       12985000	      1297	8000266c	00e9fe33	and	x28,x19,x14	 x19:0x8000031c x14:0x07fffa73 x28=0x00000210
       12995000	      1298	80002670	94ef4393	xori	x7,x30,-1714	 x30:0x80001fa2  x7=0x7fffe6ec
       13005000	      1299	80002674	001988b3	add	x17,x19,x1	 x19:0x8000031c  x1:0x000ffff4 x17=0x80100310
       13015000	      1300	80002678	b5ace513	ori	x10,x25,-1190	 x25:0x00000000 x10=0xfffffb5a
       13025000	      1301	8000267c	00e7ea33	or	x20,x15,x14	 x15:0xe0000000 x14:0x07fffa73 x20=0xe7fffa73
       13035000	      1302	80002680	034b5063	bge	x22,x20,800026a0	 x22:0x00000001 x20:0xe7fffa73
       13045000	      1303	00000000	00000013	addi	x0,x0,0	  x0:0x00000000
       13055000	      1304	8000269c	00000013	addi	x0,x0,0	  x0:0x00000000
       13065000	      1305	800026a0	00000013	addi	x0,x0,0	  x0:0x00000000
       13075000	      1306	800026a4	03450463	beq	x10,x20,800026cc	 x10:0xfffffb5a x20:0xe7fffa73
       13085000	      1307	800026a8	00ddcf33	xor	x30,x27,x13	 x27:0x00000000 x13:0x00000000 x30=0x00000000
       13095000	      1308	800026ac	40ca5cb3	sra	x25,x20,x12	 x20:0xe7fffa73 x12:0x00000001 x25=0xf3fffd39
       13105000	      1309	800026b0	66ed8493	addi	x9,x27,1646	 x27:0x00000000  x9=0x0000066e
       13115000	      1310	800026b4	00ec9333	sll	x6,x25,x14	 x25:0xf3fffd39 x14:0x07fffa73  x6=0xe9c80000
       13125000	      1311	800026b8	efbfbe93	sltiu	x29,x31,-261	 x31:0x00000001 x29=0x00000001
       13135000	      1312	800026bc	9a10cf93	xori	x31,x1,-1631	  x1:0x000ffff4 x31=0xfff00655
       13145000	      1313	800026c0	014a4cb3	xor	x25,x20,x20	 x20:0xe7fffa73 x20:0xe7fffa73 x25=0x00000000
       13155000	      1314	800026c4	40f005b3	sub	x11,x0,x15	  x0:0x00000000 x15:0xe0000000 x11=0x20000000
       13165000	      1315	800026c8	40ec0033	sub	x0,x24,x14	 x24:0x1e6fcf98 x14:0x07fffa73
       13175000	      1316	800026cc	001b8833	add	x16,x23,x1	 x23:0xffffffdd  x1:0x000ffff4 x16=0x000fffd1
       13185000	      1317	800026d0	57600513	addi	x10,x0,1398	  x0:0x00000000 x10=0x00000576
       13195000	      1318	800026d4	98777d13	andi	x26,x14,-1657	 x14:0x07fffa73 x26=0x07fff803
       13205000	      1319	800026d8	92f86793	ori	x15,x16,-1745	 x16:0x000fffd1 x15=0xffffffff
       13215000	      1320	800026dc	ba457013	andi	x0,x10,-1116	 x10:0x00000576
       13225000	      1321	800026e0	00773933	sltu	x18,x14,x7	 x14:0x07fffa73  x7:0x7fffe6ec x18=0x00000001
       13235000	      1322	800026e4	002cdb13	srli	x22,x25,0x2	 x25:0x00000000 x22=0x00000000
       13245000	      1323	800026e8	a1c72537	lui	x10,0xa1c72	 x10=0xa1c72000
       13255000	      1324	800026ec	039a5663	bge	x20,x25,80002718	 x20:0xe7fffa73 x25:0x00000000
       13265000	      1325	800026f0	161dbe93	sltiu	x29,x27,353	 x27:0x00000000 x29=0x00000001
       13275000	      1326	800026f4	01595e93	srli	x29,x18,0x15	 x18:0x00000001 x29=0x00000000
       13285000	      1327	800026f8	bfe92b93	slti	x23,x18,-1026	 x18:0x00000001 x23=0x00000000
       13295000	      1328	800026fc	002052b3	srl	x5,x0,x2	  x0:0x00000000  x2:0x80009fc4  x5=0x00000000
       13305000	      1329	80002700	40fd8cb3	sub	x25,x27,x15	 x27:0x00000000 x15:0xffffffff x25=0x00000001
       13315000	      1330	80002704	3327b393	sltiu	x7,x15,818	 x15:0xffffffff  x7=0x00000000
       13325000	      1331	80002708	408c5f33	sra	x30,x24,x8	 x24:0x1e6fcf98  x8:0x80009f5c x30=0x00000001
       13335000	      1332	8000270c	025efa63	bgeu	x29,x5,80002740	 x29:0x00000000  x5:0x00000000
       13345000	      1333	00000000	00000013	addi	x0,x0,0	  x0:0x00000000
       13355000	      1334	8000273c	00000013	addi	x0,x0,0	  x0:0x00000000
       13365000	      1335	80002740	00162333	slt	x6,x12,x1	 x12:0x00000001  x1:0x000ffff4  x6=0x00000001
       13375000	      1336	80002744	04de0863	beq	x28,x13,80002794	 x28:0x00000210 x13:0x00000000
       13385000	      1337	80002748	00d7c933	xor	x18,x15,x13	 x15:0xffffffff x13:0x00000000 x18=0xffffffff
       13395000	      1338	8000274c	057f4663	blt	x30,x23,80002798	 x30:0x00000001 x23:0x00000000
       13405000	      1339	80002750	0105ce63	blt	x11,x16,8000276c	 x11:0x20000000 x16:0x000fffd1
       13415000	      1340	80002754	922e3f17	auipc	x30,0x922e3	 x30=0x122e5750
       13425000	      1341	80002758	00000013	addi	x0,x0,0	  x0:0x00000000
       13435000	      1342	8000275c	026ec063	blt	x29,x6,8000277c	 x29:0x00000000  x6:0x00000001
       13445000	      1343	00000000	00000013	addi	x0,x0,0	  x0:0x00000000
       13455000	      1344	80002778	00000013	addi	x0,x0,0	  x0:0x00000000
       13465000	      1345	8000277c	846ff713	andi	x14,x31,-1978	 x31:0xfff00655 x14=0xfff00044
       13475000	      1346	80002780	01153533	sltu	x10,x10,x17	 x10:0xa1c72000 x17:0x80100310 x10=0x00000000
       13485000	      1347	80002784	01538e63	beq	x7,x21,800027a0	  x7:0x00000000 x21:0x1e6fcf98
       13495000	      1348	80002788	04987263	bgeu	x16,x9,800027cc	 x16:0x000fffd1  x9:0x0000066e
       13505000	      1349	00000000	00000013	addi	x0,x0,0	  x0:0x00000000
       13515000	      1350	800027c8	00000013	addi	x0,x0,0	  x0:0x00000000
       13525000	      1351	800027cc	410a5b33	sra	x22,x20,x16	 x20:0xe7fffa73 x16:0x000fffd1 x22=0xfffff3ff
       13535000	      1352	800027d0	74547f13	andi	x30,x8,1861	  x8:0x80009f5c x30=0x00000744
       13545000	      1353	800027d4	03814a63	blt	x2,x24,80002808	  x2:0x80009fc4 x24:0x1e6fcf98
       13555000	      1354	00000000	00000013	addi	x0,x0,0	  x0:0x00000000
       13565000	      1355	80002804	00000013	addi	x0,x0,0	  x0:0x00000000
       13575000	      1356	80002808	54856313	ori	x6,x10,1352	 x10:0x00000000  x6=0x00000548
       13585000	      1357	8000280c	02b16263	bltu	x2,x11,80002830	  x2:0x80009fc4 x11:0x20000000
       13595000	      1358	80002810	00e3bf33	sltu	x30,x7,x14	  x7:0x00000000 x14:0xfff00044 x30=0x00000001
       13605000	      1359	80002814	ac660d93	addi	x27,x12,-1338	 x12:0x00000001 x27=0xfffffac7
       13615000	      1360	80002818	04c60863	beq	x12,x12,80002868	 x12:0x00000001 x12:0x00000001
       13625000	      1361	00000000	00000013	addi	x0,x0,0	  x0:0x00000000
       13635000	      1362	80002864	00000013	addi	x0,x0,0	  x0:0x00000000
       13645000	      1363	80002868	bca3f493	andi	x9,x7,-1078	  x7:0x00000000  x9=0x00000000
       13655000	      1364	8000286c	00d51663	bne	x10,x13,80002878	 x10:0x00000000 x13:0x00000000
       13665000	      1365	80002870	00a82733	slt	x14,x16,x10	 x16:0x000fffd1 x10:0x00000000 x14=0x00000000
       13675000	      1366	80002874	8bd87617	auipc	x12,0x8bd87	 x12=0x0bd89870
       13685000	      1367	80002878	039e7463	bgeu	x28,x25,800028a0	 x28:0x00000210 x25:0x00000001
       13695000	      1368	00000000	00000013	addi	x0,x0,0	  x0:0x00000000
       13705000	      1369	8000289c	00000013	addi	x0,x0,0	  x0:0x00000000
       13715000	      1370	800028a0	40fc8eb3	sub	x29,x25,x15	 x25:0x00000001 x15:0xffffffff x29=0x00000002
       13725000	      1371	800028a4	0040b3b3	sltu	x7,x1,x4	  x1:0x000ffff4  x4:0x00000001  x7=0x00000000
       13735000	      1372	800028a8	00522033	slt	x0,x4,x5	  x4:0x00000001  x5:0x00000000
       13745000	      1373	800028ac	40de5cb3	sra	x25,x28,x13	 x28:0x00000210 x13:0x00000000 x25=0x00000210
       13755000	      1374	800028b0	017259b3	srl	x19,x4,x23	  x4:0x00000001 x23:0x00000000 x19=0x00000001
       13765000	      1375	800028b4	0420b093	sltiu	x1,x1,66	  x1:0x000ffff4  x1=0x00000000
       13775000	      1376	800028b8	01856e63	bltu	x10,x24,800028d4	 x10:0x00000000 x24:0x1e6fcf98
       13785000	      1377	00000000	00000013	addi	x0,x0,0	  x0:0x00000000
       13795000	      1378	800028d0	00000013	addi	x0,x0,0	  x0:0x00000000
       13805000	      1379	800028d4	014b0333	add	x6,x22,x20	 x22:0xfffff3ff x20:0xe7fffa73  x6=0xe7ffee72
       13815000	      1380	800028d8	040de463	bltu	x27,x0,80002920	 x27:0xfffffac7  x0:0x00000000
       13825000	      1381	800028dc	00092233	slt	x4,x18,x0	 x18:0xffffffff  x0:0x00000000  x4=0x00000001
       13835000	      1382	800028e0	4e45a993	slti	x19,x11,1252	 x11:0x20000000 x19=0x00000000
       13845000	      1383	800028e4	01e01c63	bne	x0,x30,800028fc	  x0:0x00000000 x30:0x00000001
       13855000	      1384	00000000	00000013	addi	x0,x0,0	  x0:0x00000000
       13865000	      1385	800028f8	00000013	addi	x0,x0,0	  x0:0x00000000
       13875000	      1386	800028fc	41875d13	srai	x26,x14,0x18	 x14:0x00000000 x26=0x00000000
       13885000	      1387	80002900	400503b3	sub	x7,x10,x0	 x10:0x00000000  x0:0x00000000  x7=0x00000000
       13895000	      1388	80002904	aa3ffe93	andi	x29,x31,-1373	 x31:0xfff00655 x29=0xfff00201
       13905000	      1389	80002908	00a36a63	bltu	x6,x10,8000291c	  x6:0xe7ffee72 x10:0x00000000
       13915000	      1390	8000290c	03320863	beq	x4,x19,8000293c	  x4:0x00000001 x19:0x00000000
       13925000	      1391	80002910	d0963013	sltiu	x0,x12,-759	 x12:0x0bd89870
       13935000	      1392	80002914	029dfc63	bgeu	x27,x9,8000294c	 x27:0xfffffac7  x9:0x00000000
       13945000	      1393	00000000	00000013	addi	x0,x0,0	  x0:0x00000000
       13955000	      1394	80002948	00000013	addi	x0,x0,0	  x0:0x00000000
       13965000	      1395	8000294c	b7fc2793	slti	x15,x24,-1153	 x24:0x1e6fcf98 x15=0x00000000
       13975000	      1396	80002950	00ffdc63	bge	x31,x15,80002968	 x31:0xfff00655 x15:0x00000000
       13985000	      1397	80002954	01d5f8b3	and	x17,x11,x29	 x11:0x20000000 x29:0xfff00201 x17=0x20000000
       13995000	      1398	80002958	ebcf3793	sltiu	x15,x30,-324	 x30:0x00000001 x15=0x00000001
       14005000	      1399	8000295c	01b57233	and	x4,x10,x27	 x10:0x00000000 x27:0xfffffac7  x4=0x00000000
       14015000	      1400	80002960	01f77793	andi	x15,x14,31	 x14:0x00000000 x15=0x00000000
       14025000	      1401	80002964	014cde33	srl	x28,x25,x20	 x25:0x00000210 x20:0xe7fffa73 x28=0x00000000
       14035000	      1402	80002968	0213da63	bge	x7,x1,8000299c	  x7:0x00000000  x1:0x00000000
       14045000	      1403	00000000	00000013	addi	x0,x0,0	  x0:0x00000000
       14055000	      1404	80002998	00000013	addi	x0,x0,0	  x0:0x00000000
       14065000	      1405	8000299c	00b4d2b3	srl	x5,x9,x11	  x9:0x00000000 x11:0x20000000  x5=0x00000000
       14075000	      1406	800029a0	00801cb3	sll	x25,x0,x8	  x0:0x00000000  x8:0x80009f5c x25=0x00000000
       14085000	      1407	800029a4	41f05913	srai	x18,x0,0x1f	  x0:0x00000000 x18=0x00000000
       14095000	      1408	800029a8	0030efb3	or	x31,x1,x3	  x1:0x00000000  x3:0x00000000 x31=0x00000000
       14105000	      1409	800029ac	5ffc6037	lui	x0,0x5ffc6	
       14115000	      1410	800029b0	04c66463	bltu	x12,x12,800029f8	 x12:0x0bd89870 x12:0x0bd89870
       14125000	      1411	800029b4	fd6cae17	auipc	x28,0xfd6ca	 x28=0x7d6cc9b0
       14135000	      1412	800029b8	01d343b3	xor	x7,x6,x29	  x6:0xe7ffee72 x29:0xfff00201  x7=0x180fec73
       14145000	      1413	800029bc	ea53f393	andi	x7,x7,-347	  x7:0x180fec73  x7=0x180fec21
       14155000	      1414	800029c0	333c4013	xori	x0,x24,819	 x24:0x1e6fcf98
       14165000	      1415	800029c4	011051b3	srl	x3,x0,x17	  x0:0x00000000 x17:0x20000000  x3=0x00000000
       14175000	      1416	800029c8	008f97b3	sll	x15,x31,x8	 x31:0x00000000  x8:0x80009f5c x15=0x00000000
       14185000	      1417	800029cc	412adbb3	sra	x23,x21,x18	 x21:0x1e6fcf98 x18:0x00000000 x23=0x1e6fcf98
       14195000	      1418	800029d0	002e4333	xor	x6,x28,x2	 x28:0x7d6cc9b0  x2:0x80009fc4  x6=0xfd6c5674
       14205000	      1419	800029d4	4c23b293	sltiu	x5,x7,1218	  x7:0x180fec21  x5=0x00000000
       14215000	      1420	800029d8	c518b717	auipc	x14,0xc518b	 x14=0x4518d9d4
       14225000	      1421	800029dc	001c85b3	add	x11,x25,x1	 x25:0x00000000  x1:0x00000000 x11=0x00000000
       14235000	      1422	800029e0	00c25033	srl	x0,x4,x12	  x4:0x00000000 x12:0x0bd89870
       14245000	      1423	800029e4	02885463	bge	x16,x8,80002a0c	 x16:0x000fffd1  x8:0x80009f5c
       14255000	      1424	00000000	00000013	addi	x0,x0,0	  x0:0x00000000
       14265000	      1425	80002a08	00000013	addi	x0,x0,0	  x0:0x00000000
       14275000	      1426	80002a0c	6ea23013	sltiu	x0,x4,1770	  x4:0x00000000
       14285000	      1427	80002a10	403b5513	srai	x10,x22,0x3	 x22:0xfffff3ff x10=0xfffffe7f
       14295000	      1428	80002a14	01f993b3	sll	x7,x19,x31	 x19:0x00000000 x31:0x00000000  x7=0x00000000
       14305000	      1429	80002a18	006ec2b3	xor	x5,x29,x6	 x29:0xfff00201  x6:0xfd6c5674  x5=0x029c5475
       14315000	      1430	80002a1c	00000013	addi	x0,x0,0	  x0:0x00000000
       14325000	      1431	80002a20	d08e8f13	addi	x30,x29,-760	 x29:0xfff00201 x30=0xffefff09
       14335000	      1432	80002a24	41e88f33	sub	x30,x17,x30	 x17:0x20000000 x30:0xffefff09 x30=0x201000f7
       14345000	      1433	80002a28	6331ed13	ori	x26,x3,1587	  x3:0x00000000 x26=0x00000633
       14355000	      1434	80002a2c	005693b3	sll	x7,x13,x5	 x13:0x00000000  x5:0x029c5475  x7=0x00000000
       14365000	      1435	80002a30	a6fb7d93	andi	x27,x22,-1425	 x22:0xfffff3ff x27=0xfffff26f
       14375000	      1436	80002a34	69b62a13	slti	x20,x12,1691	 x12:0x0bd89870 x20=0x00000000
       14385000	      1437	80002a38	01e44e63	blt	x8,x30,80002a54	  x8:0x80009f5c x30:0x201000f7
       14395000	      1438	00000000	00000013	addi	x0,x0,0	  x0:0x00000000
       14405000	      1439	80002a50	00000013	addi	x0,x0,0	  x0:0x00000000
       14415000	      1440	80002a54	4066d633	sra	x12,x13,x6	 x13:0x00000000  x6:0xfd6c5674 x12=0x00000000
       14425000	      1441	80002a58	05f8f063	bgeu	x17,x31,80002a98	 x17:0x20000000 x31:0x00000000
       14435000	      1442	00000000	00000013	addi	x0,x0,0	  x0:0x00000000
       14445000	      1443	80002a94	00000013	addi	x0,x0,0	  x0:0x00000000
       14455000	      1444	80002a98	e21ae093	ori	x1,x21,-479	 x21:0x1e6fcf98  x1=0xffffffb9
       14465000	      1445	80002a9c	012a57b3	srl	x15,x20,x18	 x20:0x00000000 x18:0x00000000 x15=0x00000000
       14475000	      1446	80002aa0	41c251b3	sra	x3,x4,x28	  x4:0x00000000 x28:0x7d6cc9b0  x3=0x00000000
       14485000	      1447	80002aa4	05ee4263	blt	x28,x30,80002ae8	 x28:0x7d6cc9b0 x30:0x201000f7
       14495000	      1448	80002aa8	b2d48c93	addi	x25,x9,-1235	  x9:0x00000000 x25=0xfffffb2d
       14505000	      1449	80002aac	a8f8f313	andi	x6,x17,-1393	 x17:0x20000000  x6=0x20000000
       14515000	      1450	80002ab0	418d5a13	srai	x20,x26,0x18	 x26:0x00000633 x20=0x00000000
       14525000	      1451	80002ab4	014a9233	sll	x4,x21,x20	 x21:0x1e6fcf98 x20:0x00000000  x4=0x1e6fcf98
       14535000	      1452	80002ab8	00ba99b3	sll	x19,x21,x11	 x21:0x1e6fcf98 x11:0x00000000 x19=0x1e6fcf98
       14545000	      1453	80002abc	0034de63	bge	x9,x3,80002ad8	  x9:0x00000000  x3:0x00000000
       14555000	      1454	00000000	00000013	addi	x0,x0,0	  x0:0x00000000
       14565000	      1455	80002ad4	00000013	addi	x0,x0,0	  x0:0x00000000
       14575000	      1456	80002ad8	1b120c37	lui	x24,0x1b120	 x24=0x1b120000
       14585000	      1457	80002adc	83af8493	addi	x9,x31,-1990	 x31:0x00000000  x9=0xfffff83a
       14595000	      1458	80002ae0	0162b1b3	sltu	x3,x5,x22	  x5:0x029c5475 x22:0xfffff3ff  x3=0x00000001
       14605000	      1459	80002ae4	0526f863	bgeu	x13,x18,80002b34	 x13:0x00000000 x18:0x00000000
       14615000	      1460	00000000	00000013	addi	x0,x0,0	  x0:0x00000000
       14625000	      1461	80002b30	00000013	addi	x0,x0,0	  x0:0x00000000
       14635000	      1462	80002b34	36b24013	xori	x0,x4,875	  x4:0x1e6fcf98
       14645000	      1463	80002b38	0173f1b3	and	x3,x7,x23	  x7:0x00000000 x23:0x1e6fcf98  x3=0x00000000
       14655000	      1464	80002b3c	0095dd13	srli	x26,x11,0x9	 x11:0x00000000 x26=0x00000000
       14665000	      1465	80002b40	41115cb3	sra	x25,x2,x17	  x2:0x80009fc4 x17:0x20000000 x25=0x80009fc4
       14675000	      1466	80002b44	00a07863	bgeu	x0,x10,80002b54	  x0:0x00000000 x10:0xfffffe7f
       14685000	      1467	80002b48	0029b333	sltu	x6,x19,x2	 x19:0x1e6fcf98  x2:0x80009fc4  x6=0x00000001
       14695000	      1468	80002b4c	40a95f93	srai	x31,x18,0xa	 x18:0x00000000 x31=0x00000000
       14705000	      1469	80002b50	005d5093	srli	x1,x26,0x5	 x26:0x00000000  x1=0x00000000
       14715000	      1470	80002b54	00d8ee33	or	x28,x17,x13	 x17:0x20000000 x13:0x00000000 x28=0x20000000
       14725000	      1471	80002b58	12af3813	sltiu	x16,x30,298	 x30:0x201000f7 x16=0x00000000
       14735000	      1472	80002b5c	01571fb3	sll	x31,x14,x21	 x14:0x4518d9d4 x21:0x1e6fcf98 x31=0xd4000000
       14745000	      1473	80002b60	010b0333	add	x6,x22,x16	 x22:0xfffff3ff x16:0x00000000  x6=0xfffff3ff
       14755000	      1474	80002b64	4321a493	slti	x9,x3,1074	  x3:0x00000000  x9=0x00000001
       14765000	      1475	80002b68	028f0663	beq	x30,x8,80002b94	 x30:0x201000f7  x8:0x80009f5c
       14775000	      1476	80002b6c	00000013	addi	x0,x0,0	  x0:0x00000000
       14785000	      1477	80002b70	00000013	addi	x0,x0,0	  x0:0x00000000
       14795000	      1478	80002b74	03e1e863	bltu	x3,x30,80002ba4	  x3:0x00000000 x30:0x201000f7
       14805000	      1479	00000000	00000013	addi	x0,x0,0	  x0:0x00000000
       14815000	      1480	80002ba0	00000013	addi	x0,x0,0	  x0:0x00000000
       14825000	      1481	80002ba4	031d8463	beq	x27,x17,80002bcc	 x27:0xfffff26f x17:0x20000000
       14835000	      1482	80002ba8	40f155b3	sra	x11,x2,x15	  x2:0x80009fc4 x15:0x00000000 x11=0x80009fc4
       14845000	      1483	80002bac	5a632d13	slti	x26,x6,1446	  x6:0xfffff3ff x26=0x00000001
       14855000	      1484	80002bb0	41535713	srai	x14,x6,0x15	  x6:0xfffff3ff x14=0xffffffff
       14865000	      1485	80002bb4	417c07b3	sub	x15,x24,x23	 x24:0x1b120000 x23:0x1e6fcf98 x15=0xfca23068
       14875000	      1486	80002bb8	a6683713	sltiu	x14,x16,-1434	 x16:0x00000000 x14=0x00000001
       14885000	      1487	80002bbc	00936263	bltu	x6,x9,80002bc0	  x6:0xfffff3ff  x9:0x00000001
       14895000	      1488	80002bc0	d09c4693	xori	x13,x24,-759	 x24:0x1b120000 x13=0xe4edfd09
       14905000	      1489	80002bc4	866cfbb7	lui	x23,0x866cf	 x23=0x866cf000
       14915000	      1490	80002bc8	002405b3	add	x11,x8,x2	  x8:0x80009f5c  x2:0x80009fc4 x11=0x00013f20
       14925000	      1491	80002bcc	00ef84b3	add	x9,x31,x14	 x31:0xd4000000 x14:0x00000001  x9=0xd4000001
       14935000	      1492	80002bd0	05f2c463	blt	x5,x31,80002c18	  x5:0x029c5475 x31:0xd4000000
       14945000	      1493	80002bd4	0085d993	srli	x19,x11,0x8	 x11:0x00013f20 x19=0x0000013f
       14955000	      1494	80002bd8	708b5b97	auipc	x23,0x708b5	 x23=0xf08b7bd4
       14965000	      1495	80002bdc	3a7b8613	addi	x12,x23,935	 x23:0xf08b7bd4 x12=0xf08b7f7b
       14975000	      1496	80002be0	00e2ee63	bltu	x5,x14,80002bfc	  x5:0x029c5475 x14:0x00000001
       14985000	      1497	80002be4	00b0dc93	srli	x25,x1,0xb	  x1:0x00000000 x25=0x00000000
       14995000	      1498	80002be8	007eebb3	or	x23,x29,x7	 x29:0xfff00201  x7:0x00000000 x23=0xfff00201
       15005000	      1499	80002bec	0027d033	srl	x0,x15,x2	 x15:0xfca23068  x2:0x80009fc4
       15015000	      1500	80002bf0	4e50a993	slti	x19,x1,1253	  x1:0x00000000 x19=0x00000001
       15025000	      1501	80002bf4	015d2233	slt	x4,x26,x21	 x26:0x00000001 x21:0x1e6fcf98  x4=0x00000001
       15035000	      1502	80002bf8	006f7f33	and	x30,x30,x6	 x30:0x201000f7  x6:0xfffff3ff x30=0x201000f7
       15045000	      1503	80002bfc	00f0cf33	xor	x30,x1,x15	  x1:0x00000000 x15:0xfca23068 x30=0xfca23068
       15055000	      1504	80002c00	018b4733	xor	x14,x22,x24	 x22:0xfffff3ff x24:0x1b120000 x14=0xe4edf3ff
       15065000	      1505	80002c04	0076e6b3	or	x13,x13,x7	 x13:0xe4edfd09  x7:0x00000000 x13=0xe4edfd09
       15075000	      1506	80002c08	d158a717	auipc	x14,0xd158a	 x14=0x5158cc04
       15085000	      1507	80002c0c	9a29b693	sltiu	x13,x19,-1630	 x19:0x00000001 x13=0x00000001
       15095000	      1508	80002c10	412f0bb3	sub	x23,x30,x18	 x30:0xfca23068 x18:0x00000000 x23=0xfca23068
       15105000	      1509	80002c14	0507c263	blt	x15,x16,80002c58	 x15:0xfca23068 x16:0x00000000
       15115000	      1510	00000000	00000013	addi	x0,x0,0	  x0:0x00000000
       15125000	      1511	80002c54	00000013	addi	x0,x0,0	  x0:0x00000000
       15135000	      1512	80002c58	0033ab33	slt	x22,x7,x3	  x7:0x00000000  x3:0x00000000 x22=0x00000000
       15145000	      1513	80002c5c	00000013	addi	x0,x0,0	  x0:0x00000000
       15155000	      1514	80002c60	01021e93	slli	x29,x4,0x10	  x4:0x00000001 x29=0x00010000
       15165000	      1515	80002c64	00bd67b3	or	x15,x26,x11	 x26:0x00000001 x11:0x00013f20 x15=0x00013f21
       15175000	      1516	80002c68	012e9c93	slli	x25,x29,0x12	 x29:0x00010000 x25=0x00000000
       15185000	      1517	80002c6c	01f3de33	srl	x28,x7,x31	  x7:0x00000000 x31:0xd4000000 x28=0x00000000
       15195000	      1518	80002c70	f6f96d17	auipc	x26,0xf6f96	 x26=0x76f98c6c
       15205000	      1519	80002c74	941bec17	auipc	x24,0x941be	 x24=0x141c0c70
       15215000	      1520	80002c78	8a03b693	sltiu	x13,x7,-1888	  x7:0x00000000 x13=0x00000001
       15225000	      1521	80002c7c	00862233	slt	x4,x12,x8	 x12:0xf08b7f7b  x8:0x80009f5c  x4=0x00000000
       15235000	      1522	80002c80	005d1d33	sll	x26,x26,x5	 x26:0x76f98c6c  x5:0x029c5475 x26=0x8d800000
       15245000	      1523	80002c84	01569013	slli	x0,x13,0x15	 x13:0x00000001
       15255000	      1524	80002c88	01655e63	bge	x10,x22,80002ca4	 x10:0xfffffe7f x22:0x00000000
       15265000	      1525	80002c8c	41e1d5b3	sra	x11,x3,x30	  x3:0x00000000 x30:0xfca23068 x11=0x00000000
       15275000	      1526	80002c90	40d35333	sra	x6,x6,x13	  x6:0xfffff3ff x13:0x00000001  x6=0xfffff9ff
       15285000	      1527	80002c94	02698a63	beq	x19,x6,80002cc8	 x19:0x00000001  x6:0xfffff9ff
       15295000	      1528	80002c98	00bbe033	or	x0,x23,x11	 x23:0xfca23068 x11:0x00000000
       15305000	      1529	80002c9c	01e79a13	slli	x20,x15,0x1e	 x15:0x00013f21 x20=0x40000000
       15315000	      1530	80002ca0	01e59863	bne	x11,x30,80002cb0	 x11:0x00000000 x30:0xfca23068
       15325000	      1531	00000000	00000013	addi	x0,x0,0	  x0:0x00000000
       15335000	      1532	80002cac	00000013	addi	x0,x0,0	  x0:0x00000000
       15345000	      1533	80002cb0	01b1eeb3	or	x29,x3,x27	  x3:0x00000000 x27:0xfffff26f x29=0xfffff26f
       15355000	      1534	80002cb4	409adfb3	sra	x31,x21,x9	 x21:0x1e6fcf98  x9:0xd4000001 x31=0x0f37e7cc
       15365000	      1535	80002cb8	4ef4c693	xori	x13,x9,1263	  x9:0xd4000001 x13=0xd40004ee
       15375000	      1536	80002cbc	007a0233	add	x4,x20,x7	 x20:0x40000000  x7:0x00000000  x4=0x40000000
       15385000	      1537	80002cc0	01f402b3	add	x5,x8,x31	  x8:0x80009f5c x31:0x0f37e7cc  x5=0x8f388728
       15395000	      1538	80002cc4	0180f633	and	x12,x1,x24	  x1:0x00000000 x24:0x141c0c70 x12=0x00000000
       15405000	      1539	80002cc8	015eeb33	or	x22,x29,x21	 x29:0xfffff26f x21:0x1e6fcf98 x22=0xffffffff
       15415000	      1540	80002ccc	01188a33	add	x20,x17,x17	 x17:0x20000000 x17:0x20000000 x20=0x40000000
       15425000	      1541	80002cd0	40fb5b93	srai	x23,x22,0xf	 x22:0xffffffff x23=0xffffffff
       15435000	      1542	80002cd4	0075d193	srli	x3,x11,0x7	 x11:0x00000000  x3=0x00000000
       15445000	      1543	80002cd8	01031c63	bne	x6,x16,80002cf0	  x6:0xfffff9ff x16:0x00000000
       15455000	      1544	00000000	00000013	addi	x0,x0,0	  x0:0x00000000
       15465000	      1545	80002cec	00000013	addi	x0,x0,0	  x0:0x00000000
       15475000	      1546	80002cf0	366ee213	ori	x4,x29,870	 x29:0xfffff26f  x4=0xfffff36f
       15485000	      1547	80002cf4	015ed393	srli	x7,x29,0x15	 x29:0xfffff26f  x7=0x000007ff
       15495000	      1548	80002cf8	40fb83b3	sub	x7,x23,x15	 x23:0xffffffff x15:0x00013f21  x7=0xfffec0de
       15505000	      1549	80002cfc	01241e93	slli	x29,x8,0x12	  x8:0x80009f5c x29=0x7d700000
       15515000	      1550	80002d00	408ade93	srai	x29,x21,0x8	 x21:0x1e6fcf98 x29=0x001e6fcf
       15525000	      1551	80002d04	0190ccb3	xor	x25,x1,x25	  x1:0x00000000 x25:0x00000000 x25=0x00000000
       15535000	      1552	80002d08	0091a0b3	slt	x1,x3,x9	  x3:0x00000000  x9:0xd4000001  x1=0x00000000
       15545000	      1553	80002d0c	011cdc93	srli	x25,x25,0x11	 x25:0x00000000 x25=0x00000000
       15555000	      1554	80002d10	00000013	addi	x0,x0,0	  x0:0x00000000
       15565000	      1555	80002d14	00dfd013	srli	x0,x31,0xd	 x31:0x0f37e7cc
       15575000	      1556	80002d18	1d70af93	slti	x31,x1,471	  x1:0x00000000 x31=0x00000001
       15585000	      1557	80002d1c	0194a233	slt	x4,x9,x25	  x9:0xd4000001 x25:0x00000000  x4=0x00000001
       15595000	      1558	80002d20	15aeb0b7	lui	x1,0x15aeb	  x1=0x15aeb000
       15605000	      1559	80002d24	22061737	lui	x14,0x22061	 x14=0x22061000
       15615000	      1560	80002d28	41e20833	sub	x16,x4,x30	  x4:0x00000001 x30:0xfca23068 x16=0x035dcf99
       15625000	      1561	80002d2c	01009d13	slli	x26,x1,0x10	  x1:0x15aeb000 x26=0xb0000000
       15635000	      1562	80002d30	c08dfa13	andi	x20,x27,-1016	 x27:0xfffff26f x20=0xfffff008
       15645000	      1563	80002d34	428e3817	auipc	x16,0x428e3	 x16=0xc28e5d30
       15655000	      1564	80002d38	02c0c463	blt	x1,x12,80002d60	  x1:0x15aeb000 x12:0x00000000
       15665000	      1565	80002d3c	4e79aa13	slti	x20,x19,1255	 x19:0x00000001 x20=0x00000001
       15675000	      1566	80002d40	5349b013	sltiu	x0,x19,1332	 x19:0x00000001
       15685000	      1567	80002d44	03fa0463	beq	x20,x31,80002d6c	 x20:0x00000001 x31:0x00000001
       15695000	      1568	00000000	00000013	addi	x0,x0,0	  x0:0x00000000
       15705000	      1569	80002d68	00000013	addi	x0,x0,0	  x0:0x00000000
       15715000	      1570	80002d6c	01455663	bge	x10,x20,80002d78	 x10:0xfffffe7f x20:0x00000001
       15725000	      1571	80002d70	0148f933	and	x18,x17,x20	 x17:0x20000000 x20:0x00000001 x18=0x00000000
       15735000	      1572	80002d74	0048d613	srli	x12,x17,0x4	 x17:0x20000000 x12=0x02000000
       15745000	      1573	80002d78	05970463	beq	x14,x25,80002dc0	 x14:0x22061000 x25:0x00000000
       15755000	      1574	80002d7c	01a541b3	xor	x3,x10,x26	 x10:0xfffffe7f x26:0xb0000000  x3=0x4ffffe7f
       15765000	      1575	80002d80	a3b98c93	addi	x25,x19,-1477	 x19:0x00000001 x25=0xfffffa3c
       15775000	      1576	80002d84	5d6da713	slti	x14,x27,1494	 x27:0xfffff26f x14=0x00000001
       15785000	      1577	80002d88	9c89c913	xori	x18,x19,-1592	 x19:0x00000001 x18=0xfffff9c9
       15795000	      1578	80002d8c	beebe393	ori	x7,x23,-1042	 x23:0xffffffff  x7=0xffffffff
       15805000	      1579	80002d90	01864f33	xor	x30,x12,x24	 x12:0x02000000 x24:0x141c0c70 x30=0x161c0c70
       15815000	      1580	80002d94	01332b33	slt	x22,x6,x19	  x6:0xfffff9ff x19:0x00000001 x22=0x00000001
       15825000	      1581	80002d98	28c0b697	auipc	x13,0x28c0b	 x13=0xa8c0dd94
       15835000	      1582	80002d9c	01ac1e63	bne	x24,x26,80002db8	 x24:0x141c0c70 x26:0xb0000000
       15845000	      1583	00000000	00000013	addi	x0,x0,0	  x0:0x00000000
       15855000	      1584	80002db4	00000013	addi	x0,x0,0	  x0:0x00000000
       15865000	      1585	80002db8	cc8bff13	andi	x30,x23,-824	 x23:0xffffffff x30=0xfffffcc8
       15875000	      1586	80002dbc	00e81593	slli	x11,x16,0xe	 x16:0xc28e5d30 x11=0x974c0000
       15885000	      1587	80002dc0	077e6a63	bltu	x28,x23,80002e34	 x28:0x00000000 x23:0xffffffff
       15895000	      1588	00000000	00000013	addi	x0,x0,0	  x0:0x00000000
       15905000	      1589	80002e30	00000013	addi	x0,x0,0	  x0:0x00000000
       15915000	      1590	80002e34	007b6a63	bltu	x22,x7,80002e48	 x22:0x00000001  x7:0xffffffff
       15925000	      1591	00000000	00000013	addi	x0,x0,0	  x0:0x00000000
       15935000	      1592	80002e44	00000013	addi	x0,x0,0	  x0:0x00000000
       15945000	      1593	80002e48	005cfa33	and	x20,x25,x5	 x25:0xfffffa3c  x5:0x8f388728 x20=0x8f388228
       15955000	      1594	80002e4c	000b8c33	add	x24,x23,x0	 x23:0xffffffff  x0:0x00000000 x24=0xffffffff
       15965000	      1595	80002e50	01767333	and	x6,x12,x23	 x12:0x02000000 x23:0xffffffff  x6=0x02000000
       15975000	      1596	80002e54	00c3f933	and	x18,x7,x12	  x7:0xffffffff x12:0x02000000 x18=0x02000000
       15985000	      1597	80002e58	ba27dcb7	lui	x25,0xba27d	 x25=0xba27d000
       15995000	      1598	80002e5c	c9b7bb13	sltiu	x22,x15,-869	 x15:0x00013f21 x22=0x00000001
       16005000	      1599	80002e60	7fa10e13	addi	x28,x2,2042	  x2:0x80009fc4 x28=0x8000a7be
       16015000	      1600	80002e64	2195a917	auipc	x18,0x2195a	 x18=0xa195ce60
       16025000	      1601	80002e68	00b40033	add	x0,x8,x11	  x8:0x80009f5c x11:0x974c0000
       16035000	      1602	80002e6c	40ef5333	sra	x6,x30,x14	 x30:0xfffffcc8 x14:0x00000001  x6=0xfffffe64
       16045000	      1603	80002e70	014ce933	or	x18,x25,x20	 x25:0xba27d000 x20:0x8f388228 x18=0xbf3fd228
       16055000	      1604	80002e74	03515063	bge	x2,x21,80002e94	  x2:0x80009fc4 x21:0x1e6fcf98
       16065000	      1605	80002e78	0525e863	bltu	x11,x18,80002ec8	 x11:0x974c0000 x18:0xbf3fd228
       16075000	      1606	00000000	00000013	addi	x0,x0,0	  x0:0x00000000
       16085000	      1607	80002ec4	00000013	addi	x0,x0,0	  x0:0x00000000
       16095000	      1608	80002ec8	0135d493	srli	x9,x11,0x13	 x11:0x974c0000  x9=0x000012e9
       16105000	      1609	80002ecc	05801263	bne	x0,x24,80002f10	  x0:0x00000000 x24:0xffffffff
       16115000	      1610	00000000	00000013	addi	x0,x0,0	  x0:0x00000000
       16125000	      1611	80002f0c	00000013	addi	x0,x0,0	  x0:0x00000000
       16135000	      1612	80002f10	6d28c0b7	lui	x1,0x6d28c	  x1=0x6d28c000
       16145000	      1613	80002f14	6b86b093	sltiu	x1,x13,1720	 x13:0xa8c0dd94  x1=0x00000000
       16155000	      1614	80002f18	41edd6b3	sra	x13,x27,x30	 x27:0xfffff26f x30:0xfffffcc8 x13=0xfffffff2
       16165000	      1615	80002f1c	0964f663	bgeu	x9,x22,80002fa8	  x9:0x000012e9 x22:0x00000001
       16175000	      1616	00000000	00000013	addi	x0,x0,0	  x0:0x00000000
       16185000	      1617	80002fa4	00000013	addi	x0,x0,0	  x0:0x00000000
       16195000	      1618	80002fa8	511cac13	slti	x24,x25,1297	 x25:0xba27d000 x24=0x00000001
       16205000	      1619	80002fac	9797e313	ori	x6,x15,-1671	 x15:0x00013f21  x6=0xffffff79
       16215000	      1620	80002fb0	66633193	sltiu	x3,x6,1638	  x6:0xffffff79  x3=0x00000000
       16225000	      1621	80002fb4	040c0263	beq	x24,x0,80002ff8	 x24:0x00000001  x0:0x00000000
       16235000	      1622	80002fb8	4163d793	srai	x15,x7,0x16	  x7:0xffffffff x15=0xffffffff
       16245000	      1623	80002fbc	00515263	bge	x2,x5,80002fc0	  x2:0x80009fc4  x5:0x8f388728
       16255000	      1624	80002fc0	3dca7b13	andi	x22,x20,988	 x20:0x8f388228 x22=0x00000208
       16265000	      1625	80002fc4	3f5b23b7	lui	x7,0x3f5b2	  x7=0x3f5b2000
       16275000	      1626	80002fc8	054f6263	bltu	x30,x20,8000300c	 x30:0xfffffcc8 x20:0x8f388228
       16285000	      1627	80002fcc	01958e33	add	x28,x11,x25	 x11:0x974c0000 x25:0xba27d000 x28=0x5173d000
       16295000	      1628	80002fd0	f9cc6f93	ori	x31,x24,-100	 x24:0x00000001 x31=0xffffff9d
       16305000	      1629	80002fd4	038cf063	bgeu	x25,x24,80002ff4	 x25:0xba27d000 x24:0x00000001
       16315000	      1630	00000000	00000013	addi	x0,x0,0	  x0:0x00000000
       16325000	      1631	80002ff0	00000013	addi	x0,x0,0	  x0:0x00000000
       16335000	      1632	80002ff4	b8677e93	andi	x29,x14,-1146	 x14:0x00000001 x29=0x00000000
       16345000	      1633	80002ff8	9b9e4c13	xori	x24,x28,-1607	 x28:0x5173d000 x24=0xae8c29b9
       16355000	      1634	80002ffc	1b8d1997	auipc	x19,0x1b8d1	 x19=0x9b8d3ff8
       16365000	      1635	80003000	0582f063	bgeu	x5,x24,80003040	  x5:0x8f388728 x24:0xae8c29b9
       16375000	      1636	80003004	00ca2033	slt	x0,x20,x12	 x20:0x8f388228 x12:0x02000000
       16385000	      1637	80003008	05e50863	beq	x10,x30,80003058	 x10:0xfffffe7f x30:0xfffffcc8
       16395000	      1638	8000300c	567ca093	slti	x1,x25,1383	 x25:0xba27d000  x1=0x00000001
       16405000	      1639	80003010	f0f28d93	addi	x27,x5,-241	  x5:0x8f388728 x27=0x8f388637
       16415000	      1640	80003014	002ac233	xor	x4,x21,x2	 x21:0x1e6fcf98  x2:0x80009fc4  x4=0x9e6f505c
       16425000	      1641	80003018	01570f33	add	x30,x14,x21	 x14:0x00000001 x21:0x1e6fcf98 x30=0x1e6fcf99
       16435000	      1642	8000301c	00b4d633	srl	x12,x9,x11	  x9:0x000012e9 x11:0x974c0000 x12=0x000012e9
       16445000	      1643	80003020	a767ca13	xori	x20,x15,-1418	 x15:0xffffffff x20=0x00000589
       16455000	      1644	80003024	01a888b3	add	x17,x17,x26	 x17:0x20000000 x26:0xb0000000 x17=0xd0000000
       16465000	      1645	80003028	0038c833	xor	x16,x17,x3	 x17:0xd0000000  x3:0x00000000 x16=0xd0000000
       16475000	      1646	8000302c	402e0fb3	sub	x31,x28,x2	 x28:0x5173d000  x2:0x80009fc4 x31=0xd173303c
       16485000	      1647	80003030	01b57033	and	x0,x10,x27	 x10:0xfffffe7f x27:0x8f388637
       16495000	      1648	80003034	02fa6863	bltu	x20,x15,80003064	 x20:0x00000589 x15:0xffffffff
       16505000	      1649	00000000	00000013	addi	x0,x0,0	  x0:0x00000000
       16515000	      1650	80003060	00000013	addi	x0,x0,0	  x0:0x00000000
       16525000	      1651	80003064	eebd3793	sltiu	x15,x26,-277	 x26:0xb0000000 x15=0x00000001
       16535000	      1652	80003068	00212eb3	slt	x29,x2,x2	  x2:0x80009fc4  x2:0x80009fc4 x29=0x00000000
       16545000	      1653	8000306c	474e4093	xori	x1,x28,1140	 x28:0x5173d000  x1=0x5173d474
       16555000	      1654	80003070	0021ffb3	and	x31,x3,x2	  x3:0x00000000  x2:0x80009fc4 x31=0x00000000
       16565000	      1655	80003074	00000013	addi	x0,x0,0	  x0:0x00000000
       16575000	      1656	80003078	01cd0e63	beq	x26,x28,80003094	 x26:0xb0000000 x28:0x5173d000
       16585000	      1657	8000307c	00e5ce63	blt	x11,x14,80003098	 x11:0x974c0000 x14:0x00000001
       16595000	      1658	00000000	00000013	addi	x0,x0,0	  x0:0x00000000
       16605000	      1659	80003094	00000013	addi	x0,x0,0	  x0:0x00000000
       16615000	      1660	80003098	01573533	sltu	x10,x14,x21	 x14:0x00000001 x21:0x1e6fcf98 x10=0x00000001
       16625000	      1661	8000309c	00329b33	sll	x22,x5,x3	  x5:0x8f388728  x3:0x00000000 x22=0x8f388728
       16635000	      1662	800030a0	00c33033	sltu	x0,x6,x12	  x6:0xffffff79 x12:0x000012e9
       16645000	      1663	800030a4	61353e93	sltiu	x29,x10,1555	 x10:0x00000001 x29=0x00000001
       16655000	      1664	800030a8	01211093	slli	x1,x2,0x12	  x2:0x80009fc4  x1=0x7f100000
       16665000	      1665	800030ac	0024a733	slt	x14,x9,x2	  x9:0x000012e9  x2:0x80009fc4 x14=0x00000000
       16675000	      1666	800030b0	a67cf713	andi	x14,x25,-1433	 x25:0xba27d000 x14=0xba27d000
       16685000	      1667	800030b4	006f8633	add	x12,x31,x6	 x31:0x00000000  x6:0xffffff79 x12=0xffffff79
       16695000	      1668	800030b8	0172d913	srli	x18,x5,0x17	  x5:0x8f388728 x18=0x0000011e
       16705000	      1669	800030bc	0239d263	bge	x19,x3,800030e0	 x19:0x9b8d3ff8  x3:0x00000000
       16715000	      1670	800030c0	01bc6933	or	x18,x24,x27	 x24:0xae8c29b9 x27:0x8f388637 x18=0xafbcafbf
       16725000	      1671	800030c4	40640db3	sub	x27,x8,x6	  x8:0x80009f5c  x6:0xffffff79 x27=0x80009fe3
       16735000	      1672	800030c8	bd380193	addi	x3,x16,-1069	 x16:0xd0000000  x3=0xcffffbd3
       16745000	      1673	800030cc	642c0813	addi	x16,x24,1602	 x24:0xae8c29b9 x16=0xae8c2ffb
       16755000	      1674	800030d0	e2170693	addi	x13,x14,-479	 x14:0xba27d000 x13=0xba27ce21
       16765000	      1675	800030d4	005aaeb3	slt	x29,x21,x5	 x21:0x1e6fcf98  x5:0x8f388728 x29=0x00000000
       16775000	      1676	800030d8	95006513	ori	x10,x0,-1712	  x0:0x00000000 x10=0xfffff950
       16785000	      1677	800030dc	00e1ec33	or	x24,x3,x14	  x3:0xcffffbd3 x14:0xba27d000 x24=0xfffffbd3
       16795000	      1678	800030e0	2dc00d6f	jal	x26,800030e0	 x26=0x800030e0
       16805000	      1679	00000000	00000013	addi	x0,x0,0	  x0:0x00000000
       16815000	      1680	800033b8	00000013	addi	x0,x0,0	  x0:0x00000000
       16825000	      1681	800033bc	41fd5db3	sra	x27,x26,x31	 x26:0x800030e0 x31:0x00000000 x27=0x800030e0
       16835000	      1682	800033c0	00b79263	bne	x15,x11,800033c4	 x15:0x00000001 x11:0x974c0000
       16845000	      1683	00000000	00000013	addi	x0,x0,0	  x0:0x00000000
       16855000	      1684	800033c0	00000013	addi	x0,x0,0	  x0:0x00000000
       16865000	      1685	800033c4	ff840413	addi	x8,x8,-8	  x8:0x80009f5c  x8=0x80009f54
       16875000	      1686	800033c8	01dcc233	xor	x4,x25,x29	 x25:0xba27d000 x29:0x00000000  x4=0xba27d000
       16885000	      1687	800033cc	00601233	sll	x4,x0,x6	  x0:0x00000000  x6:0xffffff79  x4=0x00000000
       16895000	      1688	800033d0	016fe2b3	or	x5,x31,x22	 x31:0x00000000 x22:0x8f388728  x5=0x8f388728
       16905000	      1689	800033d4	01a42223	sw	x26,4(x8)	  x8:0x80009f54 x26:0x800030e0 PA:0x80009f58
       16915000	      1690	800033d8	28fc0313	addi	x6,x24,655	 x24:0xfffffbd3  x6=0xfffffe62
       16925000	      1691	800033dc	01800d6f	jal	x26,800033dc	 x26=0x800033dc
       16935000	      1692	00000000	00000013	addi	x0,x0,0	  x0:0x00000000
       16945000	      1693	800033f0	00000013	addi	x0,x0,0	  x0:0x00000000
       16955000	      1694	800033f4	fedff36f	jal	x6,800033f4	  x6=0x800033f4
       16965000	      1695	00000000	00000013	addi	x0,x0,0	  x0:0x00000000
       16975000	      1696	800033dc	00000013	addi	x0,x0,0	  x0:0x00000000
       16985000	      1697	800033e0	01c000ef	jal	x1,800033e0	  x1=0x800033e0
       16995000	      1698	00000000	00000013	addi	x0,x0,0	  x0:0x00000000
       17005000	      1699	800033f8	00000013	addi	x0,x0,0	  x0:0x00000000
       17015000	      1700	800033fc	0080036f	jal	x6,800033fc	  x6=0x800033fc
       17025000	      1701	00000000	00000013	addi	x0,x0,0	  x0:0x00000000
       17035000	      1702	80003400	00000013	addi	x0,x0,0	  x0:0x00000000
       17045000	      1703	80003404	fedff66f	jal	x12,80003404	 x12=0x80003404
       17055000	      1704	00000000	00000013	addi	x0,x0,0	  x0:0x00000000
       17065000	      1705	800033ec	00000013	addi	x0,x0,0	  x0:0x00000000
       17075000	      1706	800033f0	010000ef	jal	x1,800033f0	  x1=0x800033f0
       17085000	      1707	00000000	00000013	addi	x0,x0,0	  x0:0x00000000
       17095000	      1708	800033fc	00000013	addi	x0,x0,0	  x0:0x00000000
       17105000	      1709	80003400	fedff0ef	jal	x1,80003400	  x1=0x80003400
       17115000	      1710	00000000	00000013	addi	x0,x0,0	  x0:0x00000000
       17125000	      1711	800033e8	00000013	addi	x0,x0,0	  x0:0x00000000
       17135000	      1712	800033ec	0240036f	jal	x6,800033ec	  x6=0x800033ec
       17145000	      1713	00000000	00000013	addi	x0,x0,0	  x0:0x00000000
       17155000	      1714	8000340c	00000013	addi	x0,x0,0	  x0:0x00000000
       17165000	      1715	80003410	fd9ff66f	jal	x12,80003410	 x12=0x80003410
       17175000	      1716	00000000	00000013	addi	x0,x0,0	  x0:0x00000000
       17185000	      1717	800033e4	00000013	addi	x0,x0,0	  x0:0x00000000
       17195000	      1718	800033e8	020000ef	jal	x1,800033e8	  x1=0x800033e8
       17205000	      1719	00000000	00000013	addi	x0,x0,0	  x0:0x00000000
       17215000	      1720	80003404	00000013	addi	x0,x0,0	  x0:0x00000000
       17225000	      1721	80003408	fddff0ef	jal	x1,80003408	  x1=0x80003408
       17235000	      1722	00000000	00000013	addi	x0,x0,0	  x0:0x00000000
       17245000	      1723	800033e0	00000013	addi	x0,x0,0	  x0:0x00000000
       17255000	      1724	800033e4	030000ef	jal	x1,800033e4	  x1=0x800033e4
       17265000	      1725	00000000	00000013	addi	x0,x0,0	  x0:0x00000000
       17275000	      1726	80003410	00000013	addi	x0,x0,0	  x0:0x00000000
       17285000	      1727	80003414	fe5ff36f	jal	x6,80003414	  x6=0x80003414
       17295000	      1728	00000000	00000013	addi	x0,x0,0	  x0:0x00000000
       17305000	      1729	800033f4	00000013	addi	x0,x0,0	  x0:0x00000000
       17315000	      1730	800033f8	0140056f	jal	x10,800033f8	 x10=0x800033f8
       17325000	      1731	00000000	00000013	addi	x0,x0,0	  x0:0x00000000
       17335000	      1732	80003408	00000013	addi	x0,x0,0	  x0:0x00000000
       17345000	      1733	8000340c	00c00def	jal	x27,8000340c	 x27=0x8000340c
       17355000	      1734	00000000	00000013	addi	x0,x0,0	  x0:0x00000000
       17365000	      1735	80003414	00000013	addi	x0,x0,0	  x0:0x00000000
       17375000	      1736	80003418	4045dcb3	sra	x25,x11,x4	 x11:0x974c0000  x4:0x00000000 x25=0x974c0000
       17385000	      1737	8000341c	01800d6f	jal	x26,8000341c	 x26=0x8000341c
       17395000	      1738	00000000	00000013	addi	x0,x0,0	  x0:0x00000000
       17405000	      1739	80003430	00000013	addi	x0,x0,0	  x0:0x00000000
       17415000	      1740	80003434	fedff56f	jal	x10,80003434	 x10=0x80003434
       17425000	      1741	00000000	00000013	addi	x0,x0,0	  x0:0x00000000
       17435000	      1742	8000341c	00000013	addi	x0,x0,0	  x0:0x00000000
       17445000	      1743	80003420	058000ef	jal	x1,80003420	  x1=0x80003420
       17455000	      1744	00000000	00000013	addi	x0,x0,0	  x0:0x00000000
       17465000	      1745	80003474	00000013	addi	x0,x0,0	  x0:0x00000000
       17475000	      1746	80003478	fd1ff4ef	jal	x9,80003478	  x9=0x80003478
       17485000	      1747	00000000	00000013	addi	x0,x0,0	  x0:0x00000000
       17495000	      1748	80003444	00000013	addi	x0,x0,0	  x0:0x00000000
       17505000	      1749	80003448	02c00b6f	jal	x22,80003448	 x22=0x80003448
       17515000	      1750	00000000	00000013	addi	x0,x0,0	  x0:0x00000000
       17525000	      1751	80003470	00000013	addi	x0,x0,0	  x0:0x00000000
       17535000	      1752	80003474	fcdff0ef	jal	x1,80003474	  x1=0x80003474
       17545000	      1753	00000000	00000013	addi	x0,x0,0	  x0:0x00000000
       17555000	      1754	8000343c	00000013	addi	x0,x0,0	  x0:0x00000000
       17565000	      1755	80003440	01c0056f	jal	x10,80003440	 x10=0x80003440
       17575000	      1756	00000000	00000013	addi	x0,x0,0	  x0:0x00000000
       17585000	      1757	80003458	00000013	addi	x0,x0,0	  x0:0x00000000
       17595000	      1758	8000345c	004000ef	jal	x1,8000345c	  x1=0x8000345c
       17605000	      1759	00000000	00000013	addi	x0,x0,0	  x0:0x00000000
       17615000	      1760	8000345c	00000013	addi	x0,x0,0	  x0:0x00000000
       17625000	      1761	80003460	fd9ff36f	jal	x6,80003460	  x6=0x80003460
       17635000	      1762	00000000	00000013	addi	x0,x0,0	  x0:0x00000000
       17645000	      1763	80003434	00000013	addi	x0,x0,0	  x0:0x00000000
       17655000	      1764	80003438	01c0036f	jal	x6,80003438	  x6=0x80003438
       17665000	      1765	00000000	00000013	addi	x0,x0,0	  x0:0x00000000
       17675000	      1766	80003450	00000013	addi	x0,x0,0	  x0:0x00000000
       17685000	      1767	80003454	010000ef	jal	x1,80003454	  x1=0x80003454
       17695000	      1768	00000000	00000013	addi	x0,x0,0	  x0:0x00000000
       17705000	      1769	80003460	00000013	addi	x0,x0,0	  x0:0x00000000
       17715000	      1770	80003464	004000ef	jal	x1,80003464	  x1=0x80003464
       17725000	      1771	00000000	00000013	addi	x0,x0,0	  x0:0x00000000
       17735000	      1772	80003464	00000013	addi	x0,x0,0	  x0:0x00000000
       17745000	      1773	80003468	0040036f	jal	x6,80003468	  x6=0x80003468
       17755000	      1774	00000000	00000013	addi	x0,x0,0	  x0:0x00000000
       17765000	      1775	80003468	00000013	addi	x0,x0,0	  x0:0x00000000
       17775000	      1776	8000346c	004000ef	jal	x1,8000346c	  x1=0x8000346c
       17785000	      1777	00000000	00000013	addi	x0,x0,0	  x0:0x00000000
       17795000	      1778	8000346c	00000013	addi	x0,x0,0	  x0:0x00000000
       17805000	      1779	80003470	fe1ff0ef	jal	x1,80003470	  x1=0x80003470
       17815000	      1780	00000000	00000013	addi	x0,x0,0	  x0:0x00000000
       17825000	      1781	8000344c	00000013	addi	x0,x0,0	  x0:0x00000000
       17835000	      1782	80003450	fddff0ef	jal	x1,80003450	  x1=0x80003450
       17845000	      1783	00000000	00000013	addi	x0,x0,0	  x0:0x00000000
       17855000	      1784	80003428	00000013	addi	x0,x0,0	  x0:0x00000000
       17865000	      1785	8000342c	01800b6f	jal	x22,8000342c	 x22=0x8000342c
       17875000	      1786	00000000	00000013	addi	x0,x0,0	  x0:0x00000000
       17885000	      1787	80003440	00000013	addi	x0,x0,0	  x0:0x00000000
       17895000	      1788	80003444	0140036f	jal	x6,80003444	  x6=0x80003444
       17905000	      1789	00000000	00000013	addi	x0,x0,0	  x0:0x00000000
       17915000	      1790	80003454	00000013	addi	x0,x0,0	  x0:0x00000000
       17925000	      1791	80003458	fd1ff0ef	jal	x1,80003458	  x1=0x80003458
       17935000	      1792	00000000	00000013	addi	x0,x0,0	  x0:0x00000000
       17945000	      1793	80003424	00000013	addi	x0,x0,0	  x0:0x00000000
       17955000	      1794	80003428	008001ef	jal	x3,80003428	  x3=0x80003428
       17965000	      1795	00000000	00000013	addi	x0,x0,0	  x0:0x00000000
       17975000	      1796	8000342c	00000013	addi	x0,x0,0	  x0:0x00000000
       17985000	      1797	80003430	01c00fef	jal	x31,80003430	 x31=0x80003430
       17995000	      1798	00000000	00000013	addi	x0,x0,0	  x0:0x00000000
       18005000	      1799	80003448	00000013	addi	x0,x0,0	  x0:0x00000000
       18015000	      1800	8000344c	fd9ff1ef	jal	x3,8000344c	  x3=0x8000344c
       18025000	      1801	00000000	00000013	addi	x0,x0,0	  x0:0x00000000
       18035000	      1802	80003420	00000013	addi	x0,x0,0	  x0:0x00000000
       18045000	      1803	80003424	018000ef	jal	x1,80003424	  x1=0x80003424
       18055000	      1804	00000000	00000013	addi	x0,x0,0	  x0:0x00000000
       18065000	      1805	80003438	00000013	addi	x0,x0,0	  x0:0x00000000
       18075000	      1806	8000343c	040009ef	jal	x19,8000343c	 x19=0x8000343c
       18085000	      1807	00000000	00000013	addi	x0,x0,0	  x0:0x00000000
       18095000	      1808	80003478	00000013	addi	x0,x0,0	  x0:0x00000000
       18105000	      1809	8000347c	00c8db93	srli	x23,x17,0xc	 x17:0xd0000000 x23=0x000d0000
       18115000	      1810	80003480	03800d6f	jal	x26,80003480	 x26=0x80003480
       18125000	      1811	00000000	00000013	addi	x0,x0,0	  x0:0x00000000
       18135000	      1812	800034b4	00000013	addi	x0,x0,0	  x0:0x00000000
       18145000	      1813	800034b8	020000ef	jal	x1,800034b8	  x1=0x800034b8
       18155000	      1814	00000000	00000013	addi	x0,x0,0	  x0:0x00000000
       18165000	      1815	800034d4	00000013	addi	x0,x0,0	  x0:0x00000000
       18175000	      1816	800034d8	fc5ff5ef	jal	x11,800034d8	 x11=0x800034d8
       18185000	      1817	00000000	00000013	addi	x0,x0,0	  x0:0x00000000
       18195000	      1818	80003498	00000013	addi	x0,x0,0	  x0:0x00000000
       18205000	      1819	8000349c	ff5ff0ef	jal	x1,8000349c	  x1=0x8000349c
       18215000	      1820	00000000	00000013	addi	x0,x0,0	  x0:0x00000000
       18225000	      1821	8000348c	00000013	addi	x0,x0,0	  x0:0x00000000
       18235000	      1822	80003490	ffdff0ef	jal	x1,80003490	  x1=0x80003490
       18245000	      1823	00000000	00000013	addi	x0,x0,0	  x0:0x00000000
       18255000	      1824	80003488	00000013	addi	x0,x0,0	  x0:0x00000000
       18265000	      1825	8000348c	05c000ef	jal	x1,8000348c	  x1=0x8000348c
       18275000	      1826	00000000	00000013	addi	x0,x0,0	  x0:0x00000000
       18285000	      1827	800034e4	00000013	addi	x0,x0,0	  x0:0x00000000
       18295000	      1828	800034e8	fd5ff0ef	jal	x1,800034e8	  x1=0x800034e8
       18305000	      1829	00000000	00000013	addi	x0,x0,0	  x0:0x00000000
       18315000	      1830	800034b8	00000013	addi	x0,x0,0	  x0:0x00000000
       18325000	      1831	800034bc	00c000ef	jal	x1,800034bc	  x1=0x800034bc
       18335000	      1832	00000000	00000013	addi	x0,x0,0	  x0:0x00000000
       18345000	      1833	800034c4	00000013	addi	x0,x0,0	  x0:0x00000000
       18355000	      1834	800034c8	024000ef	jal	x1,800034c8	  x1=0x800034c8
       18365000	      1835	00000000	00000013	addi	x0,x0,0	  x0:0x00000000
       18375000	      1836	800034e8	00000013	addi	x0,x0,0	  x0:0x00000000
       18385000	      1837	800034ec	ff5ff0ef	jal	x1,800034ec	  x1=0x800034ec
       18395000	      1838	00000000	00000013	addi	x0,x0,0	  x0:0x00000000
       18405000	      1839	800034dc	00000013	addi	x0,x0,0	  x0:0x00000000
       18415000	      1840	800034e0	fc9ff0ef	jal	x1,800034e0	  x1=0x800034e0
       18425000	      1841	00000000	00000013	addi	x0,x0,0	  x0:0x00000000
       18435000	      1842	800034a4	00000013	addi	x0,x0,0	  x0:0x00000000
       18445000	      1843	800034a8	02c000ef	jal	x1,800034a8	  x1=0x800034a8
       18455000	      1844	00000000	00000013	addi	x0,x0,0	  x0:0x00000000
       18465000	      1845	800034d0	00000013	addi	x0,x0,0	  x0:0x00000000
       18475000	      1846	800034d4	fd1ff0ef	jal	x1,800034d4	  x1=0x800034d4
       18485000	      1847	00000000	00000013	addi	x0,x0,0	  x0:0x00000000
       18495000	      1848	800034a0	00000013	addi	x0,x0,0	  x0:0x00000000
       18505000	      1849	800034a4	ff5ff1ef	jal	x3,800034a4	  x3=0x800034a4
       18515000	      1850	00000000	00000013	addi	x0,x0,0	  x0:0x00000000
       18525000	      1851	80003494	00000013	addi	x0,x0,0	  x0:0x00000000
       18535000	      1852	80003498	0140036f	jal	x6,80003498	  x6=0x80003498
       18545000	      1853	00000000	00000013	addi	x0,x0,0	  x0:0x00000000
       18555000	      1854	800034a8	00000013	addi	x0,x0,0	  x0:0x00000000
       18565000	      1855	800034ac	038000ef	jal	x1,800034ac	  x1=0x800034ac
       18575000	      1856	00000000	00000013	addi	x0,x0,0	  x0:0x00000000
       18585000	      1857	800034e0	00000013	addi	x0,x0,0	  x0:0x00000000
       18595000	      1858	800034e4	fa5ff0ef	jal	x1,800034e4	  x1=0x800034e4
       18605000	      1859	00000000	00000013	addi	x0,x0,0	  x0:0x00000000
       18615000	      1860	80003484	00000013	addi	x0,x0,0	  x0:0x00000000
       18625000	      1861	80003488	0280026f	jal	x4,80003488	  x4=0x80003488
       18635000	      1862	00000000	00000013	addi	x0,x0,0	  x0:0x00000000
       18645000	      1863	800034ac	00000013	addi	x0,x0,0	  x0:0x00000000
       18655000	      1864	800034b0	020000ef	jal	x1,800034b0	  x1=0x800034b0
       18665000	      1865	00000000	00000013	addi	x0,x0,0	  x0:0x00000000
       18675000	      1866	800034cc	00000013	addi	x0,x0,0	  x0:0x00000000
       18685000	      1867	800034d0	ff5ff1ef	jal	x3,800034d0	  x3=0x800034d0
       18695000	      1868	00000000	00000013	addi	x0,x0,0	  x0:0x00000000
       18705000	      1869	800034c0	00000013	addi	x0,x0,0	  x0:0x00000000
       18715000	      1870	800034c4	008009ef	jal	x19,800034c4	 x19=0x800034c4
       18725000	      1871	00000000	00000013	addi	x0,x0,0	  x0:0x00000000
       18735000	      1872	800034c8	00000013	addi	x0,x0,0	  x0:0x00000000
       18745000	      1873	800034cc	fc9ff36f	jal	x6,800034cc	  x6=0x800034cc
       18755000	      1874	00000000	00000013	addi	x0,x0,0	  x0:0x00000000
       18765000	      1875	80003490	00000013	addi	x0,x0,0	  x0:0x00000000
       18775000	      1876	80003494	ff1ffdef	jal	x27,80003494	 x27=0x80003494
       18785000	      1877	00000000	00000013	addi	x0,x0,0	  x0:0x00000000
       18795000	      1878	80003480	00000013	addi	x0,x0,0	  x0:0x00000000
       18805000	      1879	80003484	03c0036f	jal	x6,80003484	  x6=0x80003484
       18815000	      1880	00000000	00000013	addi	x0,x0,0	  x0:0x00000000
       18825000	      1881	800034bc	00000013	addi	x0,x0,0	  x0:0x00000000
       18835000	      1882	800034c0	ff5ff0ef	jal	x1,800034c0	  x1=0x800034c0
       18845000	      1883	00000000	00000013	addi	x0,x0,0	  x0:0x00000000
       18855000	      1884	800034b0	00000013	addi	x0,x0,0	  x0:0x00000000
       18865000	      1885	800034b4	028000ef	jal	x1,800034b4	  x1=0x800034b4
       18875000	      1886	00000000	00000013	addi	x0,x0,0	  x0:0x00000000
       18885000	      1887	800034d8	00000013	addi	x0,x0,0	  x0:0x00000000
       18895000	      1888	800034dc	fc5ff0ef	jal	x1,800034dc	  x1=0x800034dc
       18905000	      1889	00000000	00000013	addi	x0,x0,0	  x0:0x00000000
       18915000	      1890	8000349c	00000013	addi	x0,x0,0	  x0:0x00000000
       18925000	      1891	800034a0	050002ef	jal	x5,800034a0	  x5=0x800034a0
       18935000	      1892	00000000	00000013	addi	x0,x0,0	  x0:0x00000000
       18945000	      1893	800034ec	00000013	addi	x0,x0,0	  x0:0x00000000
       18955000	      1894	800034f0	3ef9f793	andi	x15,x19,1007	 x19:0x800034c4 x15=0x000000c4
       18965000	      1895	800034f4	02000d6f	jal	x26,800034f4	 x26=0x800034f4
       18975000	      1896	00000000	00000013	addi	x0,x0,0	  x0:0x00000000
       18985000	      1897	80003510	00000013	addi	x0,x0,0	  x0:0x00000000
       18995000	      1898	80003514	028000ef	jal	x1,80003514	  x1=0x80003514
       19005000	      1899	00000000	00000013	addi	x0,x0,0	  x0:0x00000000
       19015000	      1900	80003538	00000013	addi	x0,x0,0	  x0:0x00000000
       19025000	      1901	8000353c	fd5ff0ef	jal	x1,8000353c	  x1=0x8000353c
       19035000	      1902	00000000	00000013	addi	x0,x0,0	  x0:0x00000000
       19045000	      1903	8000350c	00000013	addi	x0,x0,0	  x0:0x00000000
       19055000	      1904	80003510	ff1fff6f	jal	x30,80003510	 x30=0x80003510
       19065000	      1905	00000000	00000013	addi	x0,x0,0	  x0:0x00000000
       19075000	      1906	800034fc	00000013	addi	x0,x0,0	  x0:0x00000000
       19085000	      1907	80003500	004001ef	jal	x3,80003500	  x3=0x80003500
       19095000	      1908	00000000	00000013	addi	x0,x0,0	  x0:0x00000000
       19105000	      1909	80003500	00000013	addi	x0,x0,0	  x0:0x00000000
       19115000	      1910	80003504	008000ef	jal	x1,80003504	  x1=0x80003504
       19125000	      1911	00000000	00000013	addi	x0,x0,0	  x0:0x00000000
       19135000	      1912	80003508	00000013	addi	x0,x0,0	  x0:0x00000000
       19145000	      1913	8000350c	01c0036f	jal	x6,8000350c	  x6=0x8000350c
       19155000	      1914	00000000	00000013	addi	x0,x0,0	  x0:0x00000000
       19165000	      1915	80003524	00000013	addi	x0,x0,0	  x0:0x00000000
       19175000	      1916	80003528	ff9ff0ef	jal	x1,80003528	  x1=0x80003528
       19185000	      1917	00000000	00000013	addi	x0,x0,0	  x0:0x00000000
       19195000	      1918	8000351c	00000013	addi	x0,x0,0	  x0:0x00000000
       19205000	      1919	80003520	010000ef	jal	x1,80003520	  x1=0x80003520
       19215000	      1920	00000000	00000013	addi	x0,x0,0	  x0:0x00000000
       19225000	      1921	8000352c	00000013	addi	x0,x0,0	  x0:0x00000000
       19235000	      1922	80003530	fe9ff0ef	jal	x1,80003530	  x1=0x80003530
       19245000	      1923	00000000	00000013	addi	x0,x0,0	  x0:0x00000000
       19255000	      1924	80003514	00000013	addi	x0,x0,0	  x0:0x00000000
       19265000	      1925	80003518	0040036f	jal	x6,80003518	  x6=0x80003518
       19275000	      1926	00000000	00000013	addi	x0,x0,0	  x0:0x00000000
       19285000	      1927	80003518	00000013	addi	x0,x0,0	  x0:0x00000000
       19295000	      1928	8000351c	008000ef	jal	x1,8000351c	  x1=0x8000351c
       19305000	      1929	00000000	00000013	addi	x0,x0,0	  x0:0x00000000
       19315000	      1930	80003520	00000013	addi	x0,x0,0	  x0:0x00000000
       19325000	      1931	80003524	fd9ff0ef	jal	x1,80003524	  x1=0x80003524
       19335000	      1932	00000000	00000013	addi	x0,x0,0	  x0:0x00000000
       19345000	      1933	800034f8	00000013	addi	x0,x0,0	  x0:0x00000000
       19355000	      1934	800034fc	03c00c6f	jal	x24,800034fc	 x24=0x800034fc
       19365000	      1935	00000000	00000013	addi	x0,x0,0	  x0:0x00000000
       19375000	      1936	80003534	00000013	addi	x0,x0,0	  x0:0x00000000
       19385000	      1937	80003538	fd1ff36f	jal	x6,80003538	  x6=0x80003538
       19395000	      1938	00000000	00000013	addi	x0,x0,0	  x0:0x00000000
       19405000	      1939	80003504	00000013	addi	x0,x0,0	  x0:0x00000000
       19415000	      1940	80003508	024002ef	jal	x5,80003508	  x5=0x80003508
       19425000	      1941	00000000	00000013	addi	x0,x0,0	  x0:0x00000000
       19435000	      1942	80003528	00000013	addi	x0,x0,0	  x0:0x00000000
       19445000	      1943	8000352c	fcdff0ef	jal	x1,8000352c	  x1=0x8000352c
       19455000	      1944	00000000	00000013	addi	x0,x0,0	  x0:0x00000000
       19465000	      1945	800034f4	00000013	addi	x0,x0,0	  x0:0x00000000
       19475000	      1946	800034f8	03c000ef	jal	x1,800034f8	  x1=0x800034f8
       19485000	      1947	00000000	00000013	addi	x0,x0,0	  x0:0x00000000
       19495000	      1948	80003530	00000013	addi	x0,x0,0	  x0:0x00000000
       19505000	      1949	80003534	00c000ef	jal	x1,80003534	  x1=0x80003534
       19515000	      1950	00000000	00000013	addi	x0,x0,0	  x0:0x00000000
       19525000	      1951	8000353c	00000013	addi	x0,x0,0	  x0:0x00000000
       19535000	      1952	80003540	40aa5993	srai	x19,x20,0xa	 x20:0x00000589 x19=0x00000001
       19545000	      1953	80003544	02400d6f	jal	x26,80003544	 x26=0x80003544
       19555000	      1954	00000000	00000013	addi	x0,x0,0	  x0:0x00000000
       19565000	      1955	80003564	00000013	addi	x0,x0,0	  x0:0x00000000
       19575000	      1956	80003568	040000ef	jal	x1,80003568	  x1=0x80003568
       19585000	      1957	00000000	00000013	addi	x0,x0,0	  x0:0x00000000
       19595000	      1958	800035a4	00000013	addi	x0,x0,0	  x0:0x00000000
       19605000	      1959	800035a8	fb1ff36f	jal	x6,800035a8	  x6=0x800035a8
       19615000	      1960	00000000	00000013	addi	x0,x0,0	  x0:0x00000000
       19625000	      1961	80003554	00000013	addi	x0,x0,0	  x0:0x00000000
       19635000	      1962	80003558	01c000ef	jal	x1,80003558	  x1=0x80003558
       19645000	      1963	00000000	00000013	addi	x0,x0,0	  x0:0x00000000
       19655000	      1964	80003570	00000013	addi	x0,x0,0	  x0:0x00000000
       19665000	      1965	80003574	0140036f	jal	x6,80003574	  x6=0x80003574
       19675000	      1966	00000000	00000013	addi	x0,x0,0	  x0:0x00000000
       19685000	      1967	80003584	00000013	addi	x0,x0,0	  x0:0x00000000
       19695000	      1968	80003588	010000ef	jal	x1,80003588	  x1=0x80003588
       19705000	      1969	00000000	00000013	addi	x0,x0,0	  x0:0x00000000
       19715000	      1970	80003594	00000013	addi	x0,x0,0	  x0:0x00000000
       19725000	      1971	80003598	fb5ff36f	jal	x6,80003598	  x6=0x80003598
       19735000	      1972	00000000	00000013	addi	x0,x0,0	  x0:0x00000000
       19745000	      1973	80003548	00000013	addi	x0,x0,0	  x0:0x00000000
       19755000	      1974	8000354c	024000ef	jal	x1,8000354c	  x1=0x8000354c
       19765000	      1975	00000000	00000013	addi	x0,x0,0	  x0:0x00000000
       19775000	      1976	8000356c	00000013	addi	x0,x0,0	  x0:0x00000000
       19785000	      1977	80003570	010000ef	jal	x1,80003570	  x1=0x80003570
       19795000	      1978	00000000	00000013	addi	x0,x0,0	  x0:0x00000000
       19805000	      1979	8000357c	00000013	addi	x0,x0,0	  x0:0x00000000
       19815000	      1980	80003580	004000ef	jal	x1,80003580	  x1=0x80003580
       19825000	      1981	00000000	00000013	addi	x0,x0,0	  x0:0x00000000
       19835000	      1982	80003580	00000013	addi	x0,x0,0	  x0:0x00000000
       19845000	      1983	80003584	fddff0ef	jal	x1,80003584	  x1=0x80003584
       19855000	      1984	00000000	00000013	addi	x0,x0,0	  x0:0x00000000
       19865000	      1985	8000355c	00000013	addi	x0,x0,0	  x0:0x00000000
       19875000	      1986	80003560	004000ef	jal	x1,80003560	  x1=0x80003560
       19885000	      1987	00000000	00000013	addi	x0,x0,0	  x0:0x00000000
       19895000	      1988	80003560	00000013	addi	x0,x0,0	  x0:0x00000000
       19905000	      1989	80003564	fe5ff2ef	jal	x5,80003564	  x5=0x80003564
       19915000	      1990	00000000	00000013	addi	x0,x0,0	  x0:0x00000000
       19925000	      1991	80003544	00000013	addi	x0,x0,0	  x0:0x00000000
       19935000	      1992	80003548	05c000ef	jal	x1,80003548	  x1=0x80003548
       19945000	      1993	00000000	00000013	addi	x0,x0,0	  x0:0x00000000
       19955000	      1994	800035a0	00000013	addi	x0,x0,0	  x0:0x00000000
       19965000	      1995	800035a4	fadff0ef	jal	x1,800035a4	  x1=0x800035a4
       19975000	      1996	00000000	00000013	addi	x0,x0,0	  x0:0x00000000
       19985000	      1997	8000354c	00000013	addi	x0,x0,0	  x0:0x00000000
       19995000	      1998	80003550	0040036f	jal	x6,80003550	  x6=0x80003550
       20005000	      1999	00000000	00000013	addi	x0,x0,0	  x0:0x00000000
       20015000	      2000	80003550	00000013	addi	x0,x0,0	  x0:0x00000000
       20025000	      2001	80003554	0400036f	jal	x6,80003554	  x6=0x80003554
       20035000	      2002	00000000	00000013	addi	x0,x0,0	  x0:0x00000000
       20045000	      2003	80003590	00000013	addi	x0,x0,0	  x0:0x00000000
       20055000	      2004	80003594	fe9ff36f	jal	x6,80003594	  x6=0x80003594
       20065000	      2005	00000000	00000013	addi	x0,x0,0	  x0:0x00000000
       20075000	      2006	80003578	00000013	addi	x0,x0,0	  x0:0x00000000
       20085000	      2007	8000357c	010000ef	jal	x1,8000357c	  x1=0x8000357c
       20095000	      2008	00000000	00000013	addi	x0,x0,0	  x0:0x00000000
       20105000	      2009	80003588	00000013	addi	x0,x0,0	  x0:0x00000000
       20115000	      2010	8000358c	0100036f	jal	x6,8000358c	  x6=0x8000358c
       20125000	      2011	00000000	00000013	addi	x0,x0,0	  x0:0x00000000
       20135000	      2012	80003598	00000013	addi	x0,x0,0	  x0:0x00000000
       20145000	      2013	8000359c	fc1ff36f	jal	x6,8000359c	  x6=0x8000359c
       20155000	      2014	00000000	00000013	addi	x0,x0,0	  x0:0x00000000
       20165000	      2015	80003558	00000013	addi	x0,x0,0	  x0:0x00000000
       20175000	      2016	8000355c	0100086f	jal	x16,8000355c	 x16=0x8000355c
       20185000	      2017	00000000	00000013	addi	x0,x0,0	  x0:0x00000000
       20195000	      2018	80003568	00000013	addi	x0,x0,0	  x0:0x00000000
       20205000	      2019	8000356c	034000ef	jal	x1,8000356c	  x1=0x8000356c
       20215000	      2020	00000000	00000013	addi	x0,x0,0	  x0:0x00000000
       20225000	      2021	8000359c	00000013	addi	x0,x0,0	  x0:0x00000000
       20235000	      2022	800035a0	ff1ffeef	jal	x29,800035a0	 x29=0x800035a0
       20245000	      2023	00000000	00000013	addi	x0,x0,0	  x0:0x00000000
       20255000	      2024	8000358c	00000013	addi	x0,x0,0	  x0:0x00000000
       20265000	      2025	80003590	fe9ffcef	jal	x25,80003590	 x25=0x80003590
       20275000	      2026	00000000	00000013	addi	x0,x0,0	  x0:0x00000000
       20285000	      2027	80003574	00000013	addi	x0,x0,0	  x0:0x00000000
       20295000	      2028	80003578	0340086f	jal	x16,80003578	 x16=0x80003578
       20305000	      2029	00000000	00000013	addi	x0,x0,0	  x0:0x00000000
       20315000	      2030	800035a8	00000013	addi	x0,x0,0	  x0:0x00000000
       20325000	      2031	800035ac	fc1d7b13	andi	x22,x26,-63	 x26:0x80003544 x22=0x80003540
       20335000	      2032	800035b0	00800d6f	jal	x26,800035b0	 x26=0x800035b0
       20345000	      2033	00000000	00000013	addi	x0,x0,0	  x0:0x00000000
       20355000	      2034	800035b4	00000013	addi	x0,x0,0	  x0:0x00000000
       20365000	      2035	800035b8	0080036f	jal	x6,800035b8	  x6=0x800035b8
       20375000	      2036	00000000	00000013	addi	x0,x0,0	  x0:0x00000000
       20385000	      2037	800035bc	00000013	addi	x0,x0,0	  x0:0x00000000
       20395000	      2038	800035c0	0480036f	jal	x6,800035c0	  x6=0x800035c0
       20405000	      2039	00000000	00000013	addi	x0,x0,0	  x0:0x00000000
       20415000	      2040	80003604	00000013	addi	x0,x0,0	  x0:0x00000000
       20425000	      2041	80003608	fe5ff0ef	jal	x1,80003608	  x1=0x80003608
       20435000	      2042	00000000	00000013	addi	x0,x0,0	  x0:0x00000000
       20445000	      2043	800035e8	00000013	addi	x0,x0,0	  x0:0x00000000
       20455000	      2044	800035ec	ffdff0ef	jal	x1,800035ec	  x1=0x800035ec
       20465000	      2045	00000000	00000013	addi	x0,x0,0	  x0:0x00000000
       20475000	      2046	800035e4	00000013	addi	x0,x0,0	  x0:0x00000000
       20485000	      2047	800035e8	014000ef	jal	x1,800035e8	  x1=0x800035e8
       20495000	      2048	00000000	00000013	addi	x0,x0,0	  x0:0x00000000
       20505000	      2049	800035f8	00000013	addi	x0,x0,0	  x0:0x00000000
       20515000	      2050	800035fc	fd5ff0ef	jal	x1,800035fc	  x1=0x800035fc
       20525000	      2051	00000000	00000013	addi	x0,x0,0	  x0:0x00000000
       20535000	      2052	800035cc	00000013	addi	x0,x0,0	  x0:0x00000000
       20545000	      2053	800035d0	0280036f	jal	x6,800035d0	  x6=0x800035d0
       20555000	      2054	00000000	00000013	addi	x0,x0,0	  x0:0x00000000
       20565000	      2055	800035f4	00000013	addi	x0,x0,0	  x0:0x00000000
       20575000	      2056	800035f8	fcdff2ef	jal	x5,800035f8	  x5=0x800035f8
       20585000	      2057	00000000	00000013	addi	x0,x0,0	  x0:0x00000000
       20595000	      2058	800035c0	00000013	addi	x0,x0,0	  x0:0x00000000
       20605000	      2059	800035c4	02c005ef	jal	x11,800035c4	 x11=0x800035c4
       20615000	      2060	00000000	00000013	addi	x0,x0,0	  x0:0x00000000
       20625000	      2061	800035ec	00000013	addi	x0,x0,0	  x0:0x00000000
       20635000	      2062	800035f0	01400e6f	jal	x28,800035f0	 x28=0x800035f0
       20645000	      2063	00000000	00000013	addi	x0,x0,0	  x0:0x00000000
       20655000	      2064	80003600	00000013	addi	x0,x0,0	  x0:0x00000000
       20665000	      2065	80003604	fd9ff0ef	jal	x1,80003604	  x1=0x80003604
       20675000	      2066	00000000	00000013	addi	x0,x0,0	  x0:0x00000000
       20685000	      2067	800035d8	00000013	addi	x0,x0,0	  x0:0x00000000
       20695000	      2068	800035dc	fe1ff6ef	jal	x13,800035dc	 x13=0x800035dc
       20705000	      2069	00000000	00000013	addi	x0,x0,0	  x0:0x00000000
       20715000	      2070	800035b8	00000013	addi	x0,x0,0	  x0:0x00000000
       20725000	      2071	800035bc	0280036f	jal	x6,800035bc	  x6=0x800035bc
       20735000	      2072	00000000	00000013	addi	x0,x0,0	  x0:0x00000000
       20745000	      2073	800035e0	00000013	addi	x0,x0,0	  x0:0x00000000
       20755000	      2074	800035e4	ff1ff0ef	jal	x1,800035e4	  x1=0x800035e4
       20765000	      2075	00000000	00000013	addi	x0,x0,0	  x0:0x00000000
       20775000	      2076	800035d0	00000013	addi	x0,x0,0	  x0:0x00000000
       20785000	      2077	800035d4	ff5ff0ef	jal	x1,800035d4	  x1=0x800035d4
       20795000	      2078	00000000	00000013	addi	x0,x0,0	  x0:0x00000000
       20805000	      2079	800035c4	00000013	addi	x0,x0,0	  x0:0x00000000
       20815000	      2080	800035c8	02c001ef	jal	x3,800035c8	  x3=0x800035c8
       20825000	      2081	00000000	00000013	addi	x0,x0,0	  x0:0x00000000
       20835000	      2082	800035f0	00000013	addi	x0,x0,0	  x0:0x00000000
       20845000	      2083	800035f4	fe5ff4ef	jal	x9,800035f4	  x9=0x800035f4
       20855000	      2084	00000000	00000013	addi	x0,x0,0	  x0:0x00000000
       20865000	      2085	800035d4	00000013	addi	x0,x0,0	  x0:0x00000000
       20875000	      2086	800035d8	028000ef	jal	x1,800035d8	  x1=0x800035d8
       20885000	      2087	00000000	00000013	addi	x0,x0,0	  x0:0x00000000
       20895000	      2088	800035fc	00000013	addi	x0,x0,0	  x0:0x00000000
       20905000	      2089	80003600	fe1ff36f	jal	x6,80003600	  x6=0x80003600
       20915000	      2090	00000000	00000013	addi	x0,x0,0	  x0:0x00000000
       20925000	      2091	800035dc	00000013	addi	x0,x0,0	  x0:0x00000000
       20935000	      2092	800035e0	fedff0ef	jal	x1,800035e0	  x1=0x800035e0
       20945000	      2093	00000000	00000013	addi	x0,x0,0	  x0:0x00000000
       20955000	      2094	800035c8	00000013	addi	x0,x0,0	  x0:0x00000000
       20965000	      2095	800035cc	fe9ff8ef	jal	x17,800035cc	 x17=0x800035cc
       20975000	      2096	00000000	00000013	addi	x0,x0,0	  x0:0x00000000
       20985000	      2097	800035b0	00000013	addi	x0,x0,0	  x0:0x00000000
       20995000	      2098	800035b4	058000ef	jal	x1,800035b4	  x1=0x800035b4
       21005000	      2099	00000000	00000013	addi	x0,x0,0	  x0:0x00000000
       21015000	      2100	80003608	00000013	addi	x0,x0,0	  x0:0x00000000
       21025000	      2101	8000360c	017fc333	xor	x6,x31,x23	 x31:0x80003430 x23:0x000d0000  x6=0x800d3430
       21035000	      2102	80003610	03bc9c63	bne	x25,x27,80003648	 x25:0x80003590 x27:0x80003494
       21045000	      2103	00000000	00000013	addi	x0,x0,0	  x0:0x00000000
       21055000	      2104	80003644	00000013	addi	x0,x0,0	  x0:0x00000000
       21065000	      2105	80003648	40c48533	sub	x10,x9,x12	  x9:0x800035f4 x12:0x80003410 x10=0x000001e4
       21075000	      2106	8000364c	06e44f93	xori	x31,x8,110	  x8:0x80009f54 x31=0x80009f3a
       21085000	      2107	80003650	0043d333	srl	x6,x7,x4	  x7:0x3f5b2000  x4:0x80003488  x6=0x003f5b20
       21095000	      2108	80003654	003eb833	sltu	x16,x29,x3	 x29:0x800035a0  x3:0x800035c8 x16=0x00000001
       21105000	      2109	80003658	4acb6913	ori	x18,x22,1196	 x22:0x80003540 x18=0x800035ec
       21115000	      2110	8000365c	04d85863	bge	x16,x13,800036ac	 x16:0x00000001 x13:0x800035dc
       21125000	      2111	00000000	00000013	addi	x0,x0,0	  x0:0x00000000
       21135000	      2112	800036a8	00000013	addi	x0,x0,0	  x0:0x00000000
       21145000	      2113	800036ac	04f50063	beq	x10,x15,800036ec	 x10:0x000001e4 x15:0x000000c4
       21155000	      2114	800036b0	00105093	srli	x1,x0,0x1	  x0:0x00000000  x1=0x00000000
       21165000	      2115	800036b4	79b1b793	sltiu	x15,x3,1947	  x3:0x800035c8 x15=0x00000000
       21175000	      2116	800036b8	00000013	addi	x0,x0,0	  x0:0x00000000
       21185000	      2117	800036bc	36aaf613	andi	x12,x21,874	 x21:0x1e6fcf98 x12=0x00000308
       21195000	      2118	800036c0	00ec13b3	sll	x7,x24,x14	 x24:0x800034fc x14:0xba27d000  x7=0x800034fc
       21205000	      2119	800036c4	62a1e637	lui	x12,0x62a1e	 x12=0x62a1e000
       21215000	      2120	800036c8	0051f863	bgeu	x3,x5,800036d8	  x3:0x800035c8  x5:0x800035f8
       21225000	      2121	800036cc	b71d0493	addi	x9,x26,-1167	 x26:0x800035b0  x9=0x80003121
       21235000	      2122	800036d0	0524c463	blt	x9,x18,80003718	  x9:0x80003121 x18:0x800035ec
       21245000	      2123	00000000	00000013	addi	x0,x0,0	  x0:0x00000000
       21255000	      2124	80003714	00000013	addi	x0,x0,0	  x0:0x00000000
       21265000	      2125	80003718	011b74b3	and	x9,x22,x17	 x22:0x80003540 x17:0x800035cc  x9=0x80003540
       21275000	      2126	8000371c	0141c663	blt	x3,x20,80003728	  x3:0x800035c8 x20:0x00000589
       21285000	      2127	00000000	00000013	addi	x0,x0,0	  x0:0x00000000
       21295000	      2128	80003724	00000013	addi	x0,x0,0	  x0:0x00000000
       21305000	      2129	80003728	00b56bb3	or	x23,x10,x11	 x10:0x000001e4 x11:0x800035c4 x23=0x800035e4
       21315000	      2130	8000372c	00875093	srli	x1,x14,0x8	 x14:0xba27d000  x1=0x00ba27d0
       21325000	      2131	80003730	031a5663	bge	x20,x17,8000375c	 x20:0x00000589 x17:0x800035cc
       21335000	      2132	00000000	00000013	addi	x0,x0,0	  x0:0x00000000
       21345000	      2133	80003758	00000013	addi	x0,x0,0	  x0:0x00000000
       21355000	      2134	8000375c	967a9037	lui	x0,0x967a9	
       21365000	      2135	80003760	01e83bb3	sltu	x23,x16,x30	 x16:0x00000001 x30:0x80003510 x23=0x00000001
       21375000	      2136	80003764	0187b333	sltu	x6,x15,x24	 x15:0x00000000 x24:0x800034fc  x6=0x00000001
       21385000	      2137	80003768	01dac033	xor	x0,x21,x29	 x21:0x1e6fcf98 x29:0x800035a0
       21395000	      2138	8000376c	acebb1b7	lui	x3,0xacebb	  x3=0xacebb000
       21405000	      2139	80003770	00c90cb3	add	x25,x18,x12	 x18:0x800035ec x12:0x62a1e000 x25=0xe2a215ec
       21415000	      2140	80003774	02dc8463	beq	x25,x13,8000379c	 x25:0xe2a215ec x13:0x800035dc
       21425000	      2141	80003778	01c24263	blt	x4,x28,8000377c	  x4:0x80003488 x28:0x800035f0
       21435000	      2142	00000000	00000013	addi	x0,x0,0	  x0:0x00000000
       21445000	      2143	80003778	00000013	addi	x0,x0,0	  x0:0x00000000
       21455000	      2144	8000377c	02d78663	beq	x15,x13,800037a8	 x15:0x00000000 x13:0x800035dc
       21465000	      2145	80003780	04110463	beq	x2,x1,800037c8	  x2:0x80009fc4  x1:0x00ba27d0
       21475000	      2146	80003784	010af263	bgeu	x21,x16,80003788	 x21:0x1e6fcf98 x16:0x00000001
       21485000	      2147	00000000	00000013	addi	x0,x0,0	  x0:0x00000000
       21495000	      2148	80003784	00000013	addi	x0,x0,0	  x0:0x00000000
       21505000	      2149	80003788	67ee0913	addi	x18,x28,1662	 x28:0x800035f0 x18=0x80003c6e
       21515000	      2150	8000378c	03eaf863	bgeu	x21,x30,800037bc	 x21:0x1e6fcf98 x30:0x80003510
       21525000	      2151	80003790	0004f633	and	x12,x9,x0	  x9:0x80003540  x0:0x00000000 x12=0x00000000
       21535000	      2152	80003794	005a8e63	beq	x21,x5,800037b0	 x21:0x1e6fcf98  x5:0x800035f8
       21545000	      2153	80003798	01fe8db3	add	x27,x29,x31	 x29:0x800035a0 x31:0x80009f3a x27=0x0000d4da
       21555000	      2154	8000379c	01153f33	sltu	x30,x10,x17	 x10:0x000001e4 x17:0x800035cc x30=0x00000001
       21565000	      2155	800037a0	405055b3	sra	x11,x0,x5	  x0:0x00000000  x5:0x800035f8 x11=0x00000000
       21575000	      2156	800037a4	00366cb3	or	x25,x12,x3	 x12:0x00000000  x3:0xacebb000 x25=0xacebb000
       21585000	      2157	800037a8	005f1813	slli	x16,x30,0x5	 x30:0x00000001 x16=0x00000020
       21595000	      2158	800037ac	004eb9b3	sltu	x19,x29,x4	 x29:0x800035a0  x4:0x80003488 x19=0x00000000
       21605000	      2159	800037b0	00000013	addi	x0,x0,0	  x0:0x00000000
       21615000	      2160	800037b4	4f8d6613	ori	x12,x26,1272	 x26:0x800035b0 x12=0x800035f8
       21625000	      2161	800037b8	0082c463	blt	x5,x8,800037c0	  x5:0x800035f8  x8:0x80009f54
       21635000	      2162	00000000	00000013	addi	x0,x0,0	  x0:0x00000000
       21645000	      2163	800037bc	00000013	addi	x0,x0,0	  x0:0x00000000
       21655000	      2164	800037c0	008aa8b3	slt	x17,x21,x8	 x21:0x1e6fcf98  x8:0x80009f54 x17=0x00000000
       21665000	      2165	800037c4	00275c63	bge	x14,x2,800037dc	 x14:0xba27d000  x2:0x80009fc4
       21675000	      2166	00000000	00000013	addi	x0,x0,0	  x0:0x00000000
       21685000	      2167	800037d8	00000013	addi	x0,x0,0	  x0:0x00000000
       21695000	      2168	800037dc	2aa57613	andi	x12,x10,682	 x10:0x000001e4 x12=0x000000a0
       21705000	      2169	800037e0	035a1e63	bne	x20,x21,8000381c	 x20:0x00000589 x21:0x1e6fcf98
       21715000	      2170	00000000	00000013	addi	x0,x0,0	  x0:0x00000000
       21725000	      2171	80003818	00000013	addi	x0,x0,0	  x0:0x00000000
       21735000	      2172	8000381c	010932b3	sltu	x5,x18,x16	 x18:0x80003c6e x16:0x00000020  x5=0x00000000
       21745000	      2173	80003820	660c0d93	addi	x27,x24,1632	 x24:0x800034fc x27=0x80003b5c
       21755000	      2174	80003824	00d29713	slli	x14,x5,0xd	  x5:0x00000000 x14=0x00000000
       21765000	      2175	80003828	019989b3	add	x19,x19,x25	 x19:0x00000000 x25:0xacebb000 x19=0xacebb000
       21775000	      2176	8000382c	0090c933	xor	x18,x1,x9	  x1:0x00ba27d0  x9:0x80003540 x18=0x80ba1290
       21785000	      2177	80003830	02343e13	sltiu	x28,x8,35	  x8:0x80009f54 x28=0x00000000
       21795000	      2178	80003834	51d98f37	lui	x30,0x51d98	 x30=0x51d98000
       21805000	      2179	80003838	b7b5a913	slti	x18,x11,-1157	 x11:0x00000000 x18=0x00000000
       21815000	      2180	8000383c	4051d493	srai	x9,x3,0x5	  x3:0xacebb000  x9=0xfd675d80
       21825000	      2181	80003840	01c45933	srl	x18,x8,x28	  x8:0x80009f54 x28:0x00000000 x18=0x80009f54
       21835000	      2182	80003844	017e6663	bltu	x28,x23,80003850	 x28:0x00000000 x23:0x00000001
       21845000	      2183	00000000	00000013	addi	x0,x0,0	  x0:0x00000000
       21855000	      2184	8000384c	00000013	addi	x0,x0,0	  x0:0x00000000
       21865000	      2185	80003850	01851c33	sll	x24,x10,x24	 x10:0x000001e4 x24:0x800034fc x24=0x40000000
       21875000	      2186	80003854	414d04b3	sub	x9,x26,x20	 x26:0x800035b0 x20:0x00000589  x9=0x80003027
       21885000	      2187	80003858	409301b3	sub	x3,x6,x9	  x6:0x00000001  x9:0x80003027  x3=0x7fffcfda
       21895000	      2188	8000385c	00ba5933	srl	x18,x20,x11	 x20:0x00000589 x11:0x00000000 x18=0x00000589
       21905000	      2189	80003860	00000013	addi	x0,x0,0	  x0:0x00000000
       21915000	      2190	80003864	01c7d4b3	srl	x9,x15,x28	 x15:0x00000000 x28:0x00000000  x9=0x00000000
       21925000	      2191	80003868	3d88eb13	ori	x22,x17,984	 x17:0x00000000 x22=0x000003d8
       21935000	      2192	8000386c	0163f3b3	and	x7,x7,x22	  x7:0x800034fc x22:0x000003d8  x7=0x000000d8
       21945000	      2193	80003870	01d45733	srl	x14,x8,x29	  x8:0x80009f54 x29:0x800035a0 x14=0x80009f54
       21955000	      2194	80003874	0130a9b3	slt	x19,x1,x19	  x1:0x00ba27d0 x19:0xacebb000 x19=0x00000000
       21965000	      2195	80003878	00f65c33	srl	x24,x12,x15	 x12:0x000000a0 x15:0x00000000 x24=0x000000a0
       21975000	      2196	8000387c	ed11cb93	xori	x23,x3,-303	  x3:0x7fffcfda x23=0x8000310b
       21985000	      2197	80003880	02987663	bgeu	x16,x9,800038ac	 x16:0x00000020  x9:0x00000000
       21995000	      2198	00000000	00000013	addi	x0,x0,0	  x0:0x00000000
       22005000	      2199	800038a8	00000013	addi	x0,x0,0	  x0:0x00000000
       22015000	      2200	800038ac	002b5533	srl	x10,x22,x2	 x22:0x000003d8  x2:0x80009fc4 x10=0x0000003d
       22025000	      2201	800038b0	04c00d6f	jal	x26,800038b0	 x26=0x800038b0
       22035000	      2202	00000000	00000013	addi	x0,x0,0	  x0:0x00000000
       22045000	      2203	800038f8	00000013	addi	x0,x0,0	  x0:0x00000000
       22055000	      2204	800038fc	ff5ff0ef	jal	x1,800038fc	  x1=0x800038fc
       22065000	      2205	00000000	00000013	addi	x0,x0,0	  x0:0x00000000
       22075000	      2206	800038ec	00000013	addi	x0,x0,0	  x0:0x00000000
       22085000	      2207	800038f0	ff1ff36f	jal	x6,800038f0	  x6=0x800038f0
       22095000	      2208	00000000	00000013	addi	x0,x0,0	  x0:0x00000000
       22105000	      2209	800038dc	00000013	addi	x0,x0,0	  x0:0x00000000
       22115000	      2210	800038e0	0200036f	jal	x6,800038e0	  x6=0x800038e0
       22125000	      2211	00000000	00000013	addi	x0,x0,0	  x0:0x00000000
       22135000	      2212	800038fc	00000013	addi	x0,x0,0	  x0:0x00000000
       22145000	      2213	80003900	fc1ff2ef	jal	x5,80003900	  x5=0x80003900
       22155000	      2214	00000000	00000013	addi	x0,x0,0	  x0:0x00000000
       22165000	      2215	800038bc	00000013	addi	x0,x0,0	  x0:0x00000000
       22175000	      2216	800038c0	ffdff36f	jal	x6,800038c0	  x6=0x800038c0
       22185000	      2217	00000000	00000013	addi	x0,x0,0	  x0:0x00000000
       22195000	      2218	800038b8	00000013	addi	x0,x0,0	  x0:0x00000000
       22205000	      2219	800038bc	05000a6f	jal	x20,800038bc	 x20=0x800038bc
       22215000	      2220	00000000	00000013	addi	x0,x0,0	  x0:0x00000000
       22225000	      2221	80003908	00000013	addi	x0,x0,0	  x0:0x00000000
       22235000	      2222	8000390c	fe1ff0ef	jal	x1,8000390c	  x1=0x8000390c
       22245000	      2223	00000000	00000013	addi	x0,x0,0	  x0:0x00000000
       22255000	      2224	800038e8	00000013	addi	x0,x0,0	  x0:0x00000000
       22265000	      2225	800038ec	ffdfffef	jal	x31,800038ec	 x31=0x800038ec
       22275000	      2226	00000000	00000013	addi	x0,x0,0	  x0:0x00000000
       22285000	      2227	800038e4	00000013	addi	x0,x0,0	  x0:0x00000000
       22295000	      2228	800038e8	010000ef	jal	x1,800038e8	  x1=0x800038e8
       22305000	      2229	00000000	00000013	addi	x0,x0,0	  x0:0x00000000
       22315000	      2230	800038f4	00000013	addi	x0,x0,0	  x0:0x00000000
       22325000	      2231	800038f8	fe1ff0ef	jal	x1,800038f8	  x1=0x800038f8
       22335000	      2232	00000000	00000013	addi	x0,x0,0	  x0:0x00000000
       22345000	      2233	800038d4	00000013	addi	x0,x0,0	  x0:0x00000000
       22355000	      2234	800038d8	01c0036f	jal	x6,800038d8	  x6=0x800038d8
       22365000	      2235	00000000	00000013	addi	x0,x0,0	  x0:0x00000000
       22375000	      2236	800038f0	00000013	addi	x0,x0,0	  x0:0x00000000
       22385000	      2237	800038f4	fe9ff0ef	jal	x1,800038f4	  x1=0x800038f4
       22395000	      2238	00000000	00000013	addi	x0,x0,0	  x0:0x00000000
       22405000	      2239	800038d8	00000013	addi	x0,x0,0	  x0:0x00000000
       22415000	      2240	800038dc	028007ef	jal	x15,800038dc	 x15=0x800038dc
       22425000	      2241	00000000	00000013	addi	x0,x0,0	  x0:0x00000000
       22435000	      2242	80003900	00000013	addi	x0,x0,0	  x0:0x00000000
       22445000	      2243	80003904	fcdff0ef	jal	x1,80003904	  x1=0x80003904
       22455000	      2244	00000000	00000013	addi	x0,x0,0	  x0:0x00000000
       22465000	      2245	800038cc	00000013	addi	x0,x0,0	  x0:0x00000000
       22475000	      2246	800038d0	ff5ff4ef	jal	x9,800038d0	  x9=0x800038d0
       22485000	      2247	00000000	00000013	addi	x0,x0,0	  x0:0x00000000
       22495000	      2248	800038c0	00000013	addi	x0,x0,0	  x0:0x00000000
       22505000	      2249	800038c4	0440036f	jal	x6,800038c4	  x6=0x800038c4
       22515000	      2250	00000000	00000013	addi	x0,x0,0	  x0:0x00000000
       22525000	      2251	80003904	00000013	addi	x0,x0,0	  x0:0x00000000
       22535000	      2252	80003908	fddff0ef	jal	x1,80003908	  x1=0x80003908
       22545000	      2253	00000000	00000013	addi	x0,x0,0	  x0:0x00000000
       22555000	      2254	800038e0	00000013	addi	x0,x0,0	  x0:0x00000000
       22565000	      2255	800038e4	fd5ff0ef	jal	x1,800038e4	  x1=0x800038e4
       22575000	      2256	00000000	00000013	addi	x0,x0,0	  x0:0x00000000
       22585000	      2257	800038b4	00000013	addi	x0,x0,0	  x0:0x00000000
       22595000	      2258	800038b8	ffdff86f	jal	x16,800038b8	 x16=0x800038b8
       22605000	      2259	00000000	00000013	addi	x0,x0,0	  x0:0x00000000
       22615000	      2260	800038b0	00000013	addi	x0,x0,0	  x0:0x00000000
       22625000	      2261	800038b4	014000ef	jal	x1,800038b4	  x1=0x800038b4
       22635000	      2262	00000000	00000013	addi	x0,x0,0	  x0:0x00000000
       22645000	      2263	800038c4	00000013	addi	x0,x0,0	  x0:0x00000000
       22655000	      2264	800038c8	00c0036f	jal	x6,800038c8	  x6=0x800038c8
       22665000	      2265	00000000	00000013	addi	x0,x0,0	  x0:0x00000000
       22675000	      2266	800038d0	00000013	addi	x0,x0,0	  x0:0x00000000
       22685000	      2267	800038d4	ff9ff0ef	jal	x1,800038d4	  x1=0x800038d4
       22695000	      2268	00000000	00000013	addi	x0,x0,0	  x0:0x00000000
       22705000	      2269	800038c8	00000013	addi	x0,x0,0	  x0:0x00000000
       22715000	      2270	800038cc	044000ef	jal	x1,800038cc	  x1=0x800038cc
       22725000	      2271	00000000	00000013	addi	x0,x0,0	  x0:0x00000000
       22735000	      2272	8000390c	00000013	addi	x0,x0,0	  x0:0x00000000
       22745000	      2273	80003910	8bd4bd13	sltiu	x26,x9,-1859	  x9:0x800038d0 x26=0x00000001
       22755000	      2274	80003914	40e28f33	sub	x30,x5,x14	  x5:0x80003900 x14:0x80009f54 x30=0xffff99ac
       22765000	      2275	80003918	008b0333	add	x6,x22,x8	 x22:0x000003d8  x8:0x80009f54  x6=0x8000a32c
       22775000	      2276	8000391c	00b45393	srli	x7,x8,0xb	  x8:0x80009f54  x7=0x00100013
       22785000	      2277	80003920	003e6c33	or	x24,x28,x3	 x28:0x00000000  x3:0x7fffcfda x24=0x7fffcfda
       22795000	      2278	80003924	052f6063	bltu	x30,x18,80003964	 x30:0xffff99ac x18:0x00000589
       22805000	      2279	80003928	2c000c13	addi	x24,x0,704	  x0:0x00000000 x24=0x000002c0
       22815000	      2280	8000392c	030d6463	bltu	x26,x16,80003954	 x26:0x00000001 x16:0x800038b8
       22825000	      2281	00000000	00000013	addi	x0,x0,0	  x0:0x00000000
       22835000	      2282	80003950	00000013	addi	x0,x0,0	  x0:0x00000000
       22845000	      2283	80003954	54a2b293	sltiu	x5,x5,1354	  x5:0x80003900  x5=0x00000000
       22855000	      2284	80003958	01672e33	slt	x28,x14,x22	 x14:0x80009f54 x22:0x000003d8 x28=0x00000001
       22865000	      2285	8000395c	01c72b33	slt	x22,x14,x28	 x14:0x80009f54 x28:0x00000001 x22=0x00000001
       22875000	      2286	80003960	00fb70b3	and	x1,x22,x15	 x22:0x00000001 x15:0x800038dc  x1=0x00000000
       22885000	      2287	80003964	006f2bb3	slt	x23,x30,x6	 x30:0xffff99ac  x6:0x8000a32c x23=0x00000000
       22895000	      2288	80003968	40ee8a33	sub	x20,x29,x14	 x29:0x800035a0 x14:0x80009f54 x20=0xffff964c
       22905000	      2289	8000396c	e1164d93	xori	x27,x12,-495	 x12:0x000000a0 x27=0xfffffeb1
       22915000	      2290	80003970	41565733	sra	x14,x12,x21	 x12:0x000000a0 x21:0x1e6fcf98 x14=0x00000000
       22925000	      2291	80003974	8cea4013	xori	x0,x20,-1842	 x20:0xffff964c
       22935000	      2292	80003978	01515c93	srli	x25,x2,0x15	  x2:0x80009fc4 x25=0x00000400
       22945000	      2293	8000397c	0184d663	bge	x9,x24,80003988	  x9:0x800038d0 x24:0x000002c0
       22955000	      2294	80003980	f940e793	ori	x15,x1,-108	  x1:0x00000000 x15=0xffffff94
       22965000	      2295	80003984	05316863	bltu	x2,x19,800039d4	  x2:0x80009fc4 x19:0x00000000
       22975000	      2296	80003988	e98ab7b7	lui	x15,0xe98ab	 x15=0xe98ab000
       22985000	      2297	8000398c	00da40b3	xor	x1,x20,x13	 x20:0xffff964c x13:0x800035dc  x1=0x7fffa390
       22995000	      2298	80003990	652baf93	slti	x31,x23,1618	 x23:0x00000000 x31=0x00000001
       23005000	      2299	80003994	01b14db3	xor	x27,x2,x27	  x2:0x80009fc4 x27:0xfffffeb1 x27=0x7fff6175
       23015000	      2300	80003998	01b33233	sltu	x4,x6,x27	  x6:0x8000a32c x27:0x7fff6175  x4=0x00000000
       23025000	      2301	8000399c	293c6d13	ori	x26,x24,659	 x24:0x000002c0 x26=0x000002d3
       23035000	      2302	800039a0	d8604913	xori	x18,x0,-634	  x0:0x00000000 x18=0xfffffd86
       23045000	      2303	800039a4	0016ecb3	or	x25,x13,x1	 x13:0x800035dc  x1:0x7fffa390 x25=0xffffb7dc
       23055000	      2304	800039a8	0060dd13	srli	x26,x1,0x6	  x1:0x7fffa390 x26=0x01fffe8e
       23065000	      2305	800039ac	01fcafb3	slt	x31,x25,x31	 x25:0xffffb7dc x31:0x00000001 x31=0x00000001
       23075000	      2306	800039b0	40775e33	sra	x28,x14,x7	 x14:0x00000000  x7:0x00100013 x28=0x00000000
       23085000	      2307	800039b4	d836d817	auipc	x16,0xd836d	 x16=0x583709b0
       23095000	      2308	800039b8	007fceb3	xor	x29,x31,x7	 x31:0x00000001  x7:0x00100013 x29=0x00100012
       23105000	      2309	800039bc	77863d97	auipc	x27,0x77863	 x27=0xf78669b8
       23115000	      2310	800039c0	f8d54393	xori	x7,x10,-115	 x10:0x0000003d  x7=0xffffffb0
       23125000	      2311	800039c4	40305193	srai	x3,x0,0x3	  x0:0x00000000  x3=0x00000000
       23135000	      2312	800039c8	99054f13	xori	x30,x10,-1648	 x10:0x0000003d x30=0xfffff9ad
       23145000	      2313	800039cc	002b1a13	slli	x20,x22,0x2	 x22:0x00000001 x20=0x00000004
       23155000	      2314	800039d0	88b9c313	xori	x6,x19,-1909	 x19:0x00000000  x6=0xfffff88b
       23165000	      2315	800039d4	01e2d9b3	srl	x19,x5,x30	  x5:0x00000000 x30:0xfffff9ad x19=0x00000000
       23175000	      2316	800039d8	00beb733	sltu	x14,x29,x11	 x29:0x00100012 x11:0x00000000 x14=0x00000000
       23185000	      2317	800039dc	4104d313	srai	x6,x9,0x10	  x9:0x800038d0  x6=0xffff8000
       23195000	      2318	800039e0	8ba57493	andi	x9,x10,-1862	 x10:0x0000003d  x9=0x00000038
       23205000	      2319	800039e4	fe0afdb7	lui	x27,0xfe0af	 x27=0xfe0af000
       23215000	      2320	800039e8	75f04713	xori	x14,x0,1887	  x0:0x00000000 x14=0x0000075f
       23225000	      2321	800039ec	01f6b4b3	sltu	x9,x13,x31	 x13:0x800035dc x31:0x00000001  x9=0x00000000
       23235000	      2322	800039f0	403881b3	sub	x3,x17,x3	 x17:0x00000000  x3:0x00000000  x3=0x00000000
       23245000	      2323	800039f4	0187f8b3	and	x17,x15,x24	 x15:0xe98ab000 x24:0x000002c0 x17=0x00000000
       23255000	      2324	800039f8	cb7ee393	ori	x7,x29,-841	 x29:0x00100012  x7=0xfffffcb7
       23265000	      2325	800039fc	da443013	sltiu	x0,x8,-604	  x8:0x80009f54
       23275000	      2326	80003a00	016faa33	slt	x20,x31,x22	 x31:0x00000001 x22:0x00000001 x20=0x00000000
       23285000	      2327	80003a04	0077bfb3	sltu	x31,x15,x7	 x15:0xe98ab000  x7:0xfffffcb7 x31=0x00000001
       23295000	      2328	80003a08	00000013	addi	x0,x0,0	  x0:0x00000000
       23305000	      2329	80003a0c	00f83cb3	sltu	x25,x16,x15	 x16:0x583709b0 x15:0xe98ab000 x25=0x00000001
       23315000	      2330	80003a10	bb48f313	andi	x6,x17,-1100	 x17:0x00000000  x6=0x00000000
       23325000	      2331	80003a14	013c69b3	or	x19,x24,x19	 x24:0x000002c0 x19:0x00000000 x19=0x000002c0
       23335000	      2332	80003a18	0215e013	ori	x0,x11,33	 x11:0x00000000
       23345000	      2333	80003a1c	002da5b3	slt	x11,x27,x2	 x27:0xfe0af000  x2:0x80009fc4 x11=0x00000000
       23355000	      2334	80003a20	00c69463	bne	x13,x12,80003a28	 x13:0x800035dc x12:0x000000a0
       23365000	      2335	00000000	00000013	addi	x0,x0,0	  x0:0x00000000
       23375000	      2336	80003a24	00000013	addi	x0,x0,0	  x0:0x00000000
       23385000	      2337	80003a28	d82b7d97	auipc	x27,0xd82b7	 x27=0x582baa24
       23395000	      2338	80003a2c	001e9893	slli	x17,x29,0x1	 x29:0x00100012 x17=0x00200024
       23405000	      2339	80003a30	07000d6f	jal	x26,80003a30	 x26=0x80003a30
       23415000	      2340	00000000	00000013	addi	x0,x0,0	  x0:0x00000000
       23425000	      2341	80003a9c	00000013	addi	x0,x0,0	  x0:0x00000000
       23435000	      2342	80003aa0	ffdffeef	jal	x29,80003aa0	 x29=0x80003aa0
       23445000	      2343	00000000	00000013	addi	x0,x0,0	  x0:0x00000000
       23455000	      2344	80003a98	00000013	addi	x0,x0,0	  x0:0x00000000
       23465000	      2345	80003a9c	fb5ffcef	jal	x25,80003a9c	 x25=0x80003a9c
       23475000	      2346	00000000	00000013	addi	x0,x0,0	  x0:0x00000000
       23485000	      2347	80003a4c	00000013	addi	x0,x0,0	  x0:0x00000000
       23495000	      2348	80003a50	048000ef	jal	x1,80003a50	  x1=0x80003a50
       23505000	      2349	00000000	00000013	addi	x0,x0,0	  x0:0x00000000
       23515000	      2350	80003a94	00000013	addi	x0,x0,0	  x0:0x00000000
       23525000	      2351	80003a98	fa5ff0ef	jal	x1,80003a98	  x1=0x80003a98
       23535000	      2352	00000000	00000013	addi	x0,x0,0	  x0:0x00000000
       23545000	      2353	80003a38	00000013	addi	x0,x0,0	  x0:0x00000000
       23555000	      2354	80003a3c	0200076f	jal	x14,80003a3c	 x14=0x80003a3c
       23565000	      2355	00000000	00000013	addi	x0,x0,0	  x0:0x00000000
       23575000	      2356	80003a58	00000013	addi	x0,x0,0	  x0:0x00000000
       23585000	      2357	80003a5c	038000ef	jal	x1,80003a5c	  x1=0x80003a5c
       23595000	      2358	00000000	00000013	addi	x0,x0,0	  x0:0x00000000
       23605000	      2359	80003a90	00000013	addi	x0,x0,0	  x0:0x00000000
       23615000	      2360	80003a94	fa5ff2ef	jal	x5,80003a94	  x5=0x80003a94
       23625000	      2361	00000000	00000013	addi	x0,x0,0	  x0:0x00000000
       23635000	      2362	80003a34	00000013	addi	x0,x0,0	  x0:0x00000000
       23645000	      2363	80003a38	058000ef	jal	x1,80003a38	  x1=0x80003a38
       23655000	      2364	00000000	00000013	addi	x0,x0,0	  x0:0x00000000
       23665000	      2365	80003a8c	00000013	addi	x0,x0,0	  x0:0x00000000
       23675000	      2366	80003a90	fddff0ef	jal	x1,80003a90	  x1=0x80003a90
       23685000	      2367	00000000	00000013	addi	x0,x0,0	  x0:0x00000000
       23695000	      2368	80003a68	00000013	addi	x0,x0,0	  x0:0x00000000
       23705000	      2369	80003a6c	0380096f	jal	x18,80003a6c	 x18=0x80003a6c
       23715000	      2370	00000000	00000013	addi	x0,x0,0	  x0:0x00000000
       23725000	      2371	80003aa0	00000013	addi	x0,x0,0	  x0:0x00000000
       23735000	      2372	80003aa4	fb5fff6f	jal	x30,80003aa4	 x30=0x80003aa4
       23745000	      2373	00000000	00000013	addi	x0,x0,0	  x0:0x00000000
       23755000	      2374	80003a54	00000013	addi	x0,x0,0	  x0:0x00000000
       23765000	      2375	80003a58	0080036f	jal	x6,80003a58	  x6=0x80003a58
       23775000	      2376	00000000	00000013	addi	x0,x0,0	  x0:0x00000000
       23785000	      2377	80003a5c	00000013	addi	x0,x0,0	  x0:0x00000000
       23795000	      2378	80003a60	fe5ff0ef	jal	x1,80003a60	  x1=0x80003a60
       23805000	      2379	00000000	00000013	addi	x0,x0,0	  x0:0x00000000
       23815000	      2380	80003a40	00000013	addi	x0,x0,0	  x0:0x00000000
       23825000	      2381	80003a44	024001ef	jal	x3,80003a44	  x3=0x80003a44
       23835000	      2382	00000000	00000013	addi	x0,x0,0	  x0:0x00000000
       23845000	      2383	80003a64	00000013	addi	x0,x0,0	  x0:0x00000000
       23855000	      2384	80003a68	0080036f	jal	x6,80003a68	  x6=0x80003a68
       23865000	      2385	00000000	00000013	addi	x0,x0,0	  x0:0x00000000
       23875000	      2386	80003a6c	00000013	addi	x0,x0,0	  x0:0x00000000
       23885000	      2387	80003a70	010000ef	jal	x1,80003a70	  x1=0x80003a70
       23895000	      2388	00000000	00000013	addi	x0,x0,0	  x0:0x00000000
       23905000	      2389	80003a7c	00000013	addi	x0,x0,0	  x0:0x00000000
       23915000	      2390	80003a80	fcdff0ef	jal	x1,80003a80	  x1=0x80003a80
       23925000	      2391	00000000	00000013	addi	x0,x0,0	  x0:0x00000000
       23935000	      2392	80003a48	00000013	addi	x0,x0,0	  x0:0x00000000
       23945000	      2393	80003a4c	0380036f	jal	x6,80003a4c	  x6=0x80003a4c
       23955000	      2394	00000000	00000013	addi	x0,x0,0	  x0:0x00000000
       23965000	      2395	80003a80	00000013	addi	x0,x0,0	  x0:0x00000000
       23975000	      2396	80003a84	fe1ff2ef	jal	x5,80003a84	  x5=0x80003a84
       23985000	      2397	00000000	00000013	addi	x0,x0,0	  x0:0x00000000
       23995000	      2398	80003a60	00000013	addi	x0,x0,0	  x0:0x00000000
       24005000	      2399	80003a64	fd1ff0ef	jal	x1,80003a64	  x1=0x80003a64
       24015000	      2400	00000000	00000013	addi	x0,x0,0	  x0:0x00000000
       24025000	      2401	80003a30	00000013	addi	x0,x0,0	  x0:0x00000000
       24035000	      2402	80003a34	048000ef	jal	x1,80003a34	  x1=0x80003a34
       24045000	      2403	00000000	00000013	addi	x0,x0,0	  x0:0x00000000
       24055000	      2404	80003a78	00000013	addi	x0,x0,0	  x0:0x00000000
       24065000	      2405	80003a7c	00c004ef	jal	x9,80003a7c	  x9=0x80003a7c
       24075000	      2406	00000000	00000013	addi	x0,x0,0	  x0:0x00000000
       24085000	      2407	80003a84	00000013	addi	x0,x0,0	  x0:0x00000000
       24095000	      2408	80003a88	fb9ff0ef	jal	x1,80003a88	  x1=0x80003a88
       24105000	      2409	00000000	00000013	addi	x0,x0,0	  x0:0x00000000
       24115000	      2410	80003a3c	00000013	addi	x0,x0,0	  x0:0x00000000
       24125000	      2411	80003a40	014000ef	jal	x1,80003a40	  x1=0x80003a40
       24135000	      2412	00000000	00000013	addi	x0,x0,0	  x0:0x00000000
       24145000	      2413	80003a50	00000013	addi	x0,x0,0	  x0:0x00000000
       24155000	      2414	80003a54	020000ef	jal	x1,80003a54	  x1=0x80003a54
       24165000	      2415	00000000	00000013	addi	x0,x0,0	  x0:0x00000000
       24175000	      2416	80003a70	00000013	addi	x0,x0,0	  x0:0x00000000
       24185000	      2417	80003a74	fd5ff0ef	jal	x1,80003a74	  x1=0x80003a74
       24195000	      2418	00000000	00000013	addi	x0,x0,0	  x0:0x00000000
       24205000	      2419	80003a44	00000013	addi	x0,x0,0	  x0:0x00000000
       24215000	      2420	80003a48	0300036f	jal	x6,80003a48	  x6=0x80003a48
       24225000	      2421	00000000	00000013	addi	x0,x0,0	  x0:0x00000000
       24235000	      2422	80003a74	00000013	addi	x0,x0,0	  x0:0x00000000
       24245000	      2423	80003a78	0140066f	jal	x12,80003a78	 x12=0x80003a78
       24255000	      2424	00000000	00000013	addi	x0,x0,0	  x0:0x00000000
       24265000	      2425	80003a88	00000013	addi	x0,x0,0	  x0:0x00000000
       24275000	      2426	80003a8c	01c001ef	jal	x3,80003a8c	  x3=0x80003a8c
       24285000	      2427	00000000	00000013	addi	x0,x0,0	  x0:0x00000000
       24295000	      2428	80003aa4	00000013	addi	x0,x0,0	  x0:0x00000000
       24305000	      2429	80003aa8	01c8c1b3	xor	x3,x17,x28	 x17:0x00200024 x28:0x00000000  x3=0x00200024
       24315000	      2430	80003aac	4156d593	srai	x11,x13,0x15	 x13:0x800035dc x11=0xfffffc00
       24325000	      2431	80003ab0	a5c54493	xori	x9,x10,-1444	 x10:0x0000003d  x9=0xfffffa61
       24335000	      2432	80003ab4	01e16663	bltu	x2,x30,80003ac0	  x2:0x80009fc4 x30:0x80003aa4
       24345000	      2433	80003ab8	0354cc63	blt	x9,x21,80003af0	  x9:0xfffffa61 x21:0x1e6fcf98
       24355000	      2434	00000000	00000013	addi	x0,x0,0	  x0:0x00000000
       24365000	      2435	80003aec	00000013	addi	x0,x0,0	  x0:0x00000000
       24375000	      2436	80003af0	00377b33	and	x22,x14,x3	 x14:0x80003a3c  x3:0x00200024 x22=0x00000024
       24385000	      2437	80003af4	6b68e517	auipc	x10,0x6b68e	 x10=0xeb691af0
       24395000	      2438	80003af8	40f20933	sub	x18,x4,x15	  x4:0x00000000 x15:0xe98ab000 x18=0x16755000
       24405000	      2439	80003afc	40e0d4b3	sra	x9,x1,x14	  x1:0x80003a74 x14:0x80003a3c  x9=0xfffffff8
       24415000	      2440	80003b00	016e9db3	sll	x27,x29,x22	 x29:0x80003aa0 x22:0x00000024 x27=0x0003aa00
       24425000	      2441	80003b04	01230033	add	x0,x6,x18	  x6:0x80003a48 x18:0x16755000
       24435000	      2442	80003b08	6dca7b17	auipc	x22,0x6dca7	 x22=0xedcaab04
       24445000	      2443	80003b0c	9d1e3737	lui	x14,0x9d1e3	 x14=0x9d1e3000
       24455000	      2444	80003b10	ab1f88b7	lui	x17,0xab1f8	 x17=0xab1f8000
       24465000	      2445	80003b14	003ae0b3	or	x1,x21,x3	 x21:0x1e6fcf98  x3:0x00200024  x1=0x1e6fcfbc
       24475000	      2446	80003b18	78224f97	auipc	x31,0x78224	 x31=0xf8227b14
       24485000	      2447	80003b1c	00635f93	srli	x31,x6,0x6	  x6:0x80003a48 x31=0x020000e9
       24495000	      2448	80003b20	8a788013	addi	x0,x17,-1881	 x17:0xab1f8000
       24505000	      2449	80003b24	00f95e13	srli	x28,x18,0xf	 x18:0x16755000 x28=0x00002cea
       24515000	      2450	80003b28	00572233	slt	x4,x14,x5	 x14:0x9d1e3000  x5:0x80003a84  x4=0x00000000
       24525000	      2451	80003b2c	00e35e63	bge	x6,x14,80003b48	  x6:0x80003a48 x14:0x9d1e3000
       24535000	      2452	80003b30	01a8d2b3	srl	x5,x17,x26	 x17:0xab1f8000 x26:0x80003a30  x5=0x0000ab1f
       24545000	      2453	80003b34	01575f93	srli	x31,x14,0x15	 x14:0x9d1e3000 x31=0x000004e8
       24555000	      2454	80003b38	da2f7213	andi	x4,x30,-606	 x30:0x80003aa4  x4=0x800038a0
       24565000	      2455	80003b3c	00632fb3	slt	x31,x6,x6	  x6:0x80003a48  x6:0x80003a48 x31=0x00000000
       24575000	      2456	80003b40	40c9d6b3	sra	x13,x19,x12	 x19:0x000002c0 x12:0x80003a78 x13=0x00000000
       24585000	      2457	80003b44	401ad0b3	sra	x1,x21,x1	 x21:0x1e6fcf98  x1:0x1e6fcfbc  x1=0x00000001
       24595000	      2458	80003b48	00a60f33	add	x30,x12,x10	 x12:0x80003a78 x10:0xeb691af0 x30=0x6b695568
       24605000	      2459	80003b4c	ab1c1cb7	lui	x25,0xab1c1	 x25=0xab1c1000
       24615000	      2460	80003b50	00000013	addi	x0,x0,0	  x0:0x00000000
       24625000	      2461	80003b54	30fed0b7	lui	x1,0x30fed	  x1=0x30fed000
       24635000	      2462	80003b58	cdd08793	addi	x15,x1,-803	  x1:0x30fed000 x15=0x30feccdd
       24645000	      2463	80003b5c	01185993	srli	x19,x16,0x11	 x16:0x583709b0 x19=0x00002c1b
       24655000	      2464	80003b60	01ec95b3	sll	x11,x25,x30	 x25:0xab1c1000 x30:0x6b695568 x11=0x1c100000
       24665000	      2465	80003b64	92177713	andi	x14,x14,-1759	 x14:0x9d1e3000 x14=0x9d1e3000
       24675000	      2466	80003b68	00000013	addi	x0,x0,0	  x0:0x00000000
       24685000	      2467	80003b6c	01645463	bge	x8,x22,80003b74	  x8:0x80009f54 x22:0xedcaab04
       24695000	      2468	80003b70	41d48eb3	sub	x29,x9,x29	  x9:0xfffffff8 x29:0x80003aa0 x29=0x7fffc558
       24705000	      2469	80003b74	0496d463	bge	x13,x9,80003bbc	 x13:0x00000000  x9:0xfffffff8
       24715000	      2470	00000000	00000013	addi	x0,x0,0	  x0:0x00000000
       24725000	      2471	80003bb8	00000013	addi	x0,x0,0	  x0:0x00000000
       24735000	      2472	80003bbc	0414c463	blt	x9,x1,80003c04	  x9:0xfffffff8  x1:0x30fed000
       24745000	      2473	00000000	00000013	addi	x0,x0,0	  x0:0x00000000
       24755000	      2474	80003c00	00000013	addi	x0,x0,0	  x0:0x00000000
       24765000	      2475	80003c04	414add93	srai	x27,x21,0x14	 x21:0x1e6fcf98 x27=0x000001e6
       24775000	      2476	80003c08	00459a33	sll	x20,x11,x4	 x11:0x1c100000  x4:0x800038a0 x20=0x1c100000
       24785000	      2477	80003c0c	006a47b3	xor	x15,x20,x6	 x20:0x1c100000  x6:0x80003a48 x15=0x9c103a48
       24795000	      2478	80003c10	051c6663	bltu	x24,x17,80003c5c	 x24:0x000002c0 x17:0xab1f8000
       24805000	      2479	00000000	00000013	addi	x0,x0,0	  x0:0x00000000
       24815000	      2480	80003c58	00000013	addi	x0,x0,0	  x0:0x00000000
       24825000	      2481	80003c5c	c096cc93	xori	x25,x13,-1015	 x13:0x00000000 x25=0xfffffc09
       24835000	      2482	80003c60	80626793	ori	x15,x4,-2042	  x4:0x800038a0 x15=0xfffff8a6
       24845000	      2483	80003c64	009c5833	srl	x16,x24,x9	 x24:0x000002c0  x9:0xfffffff8 x16=0x00000000
       24855000	      2484	80003c68	015a47b3	xor	x15,x20,x21	 x20:0x1c100000 x21:0x1e6fcf98 x15=0x027fcf98
       24865000	      2485	80003c6c	03725863	bge	x4,x23,80003c9c	  x4:0x800038a0 x23:0x00000000
       24875000	      2486	80003c70	01b9c2b3	xor	x5,x19,x27	 x19:0x00002c1b x27:0x000001e6  x5=0x00002dfd
       24885000	      2487	80003c74	00365e63	bge	x12,x3,80003c90	 x12:0x80003a78  x3:0x00200024
       24895000	      2488	80003c78	0098e263	bltu	x17,x9,80003c7c	 x17:0xab1f8000  x9:0xfffffff8
       24905000	      2489	00000000	00000013	addi	x0,x0,0	  x0:0x00000000
       24915000	      2490	80003c78	00000013	addi	x0,x0,0	  x0:0x00000000
       24925000	      2491	80003c7c	019dd393	srli	x7,x27,0x19	 x27:0x000001e6  x7=0x00000000
       24935000	      2492	80003c80	00a07663	bgeu	x0,x10,80003c8c	  x0:0x00000000 x10:0xeb691af0
       24945000	      2493	80003c84	00611313	slli	x6,x2,0x6	  x2:0x80009fc4  x6=0x0027f100
       24955000	      2494	80003c88	005c7f33	and	x30,x24,x5	 x24:0x000002c0  x5:0x00002dfd x30=0x000000c0
       24965000	      2495	80003c8c	01257a33	and	x20,x10,x18	 x10:0xeb691af0 x18:0x16755000 x20=0x02611000
       24975000	      2496	80003c90	d6f02f93	slti	x31,x0,-657	  x0:0x00000000 x31=0x00000000
       24985000	      2497	80003c94	e5c84e97	auipc	x29,0xe5c84	 x29=0x65c87c90
       24995000	      2498	80003c98	00276b33	or	x22,x14,x2	 x14:0x9d1e3000  x2:0x80009fc4 x22=0x9d1ebfc4
       25005000	      2499	80003c9c	008c4663	blt	x24,x8,80003ca8	 x24:0x000002c0  x8:0x80009f54
       25015000	      2500	80003ca0	52d0ce13	xori	x28,x1,1325	  x1:0x30fed000 x28=0x30fed52d
       25025000	      2501	80003ca4	009af9b3	and	x19,x21,x9	 x21:0x1e6fcf98  x9:0xfffffff8 x19=0x1e6fcf98
       25035000	      2502	80003ca8	00000013	addi	x0,x0,0	  x0:0x00000000
       25045000	      2503	80003cac	41f809b3	sub	x19,x16,x31	 x16:0x00000000 x31:0x00000000 x19=0x00000000
       25055000	      2504	80003cb0	01a09e33	sll	x28,x1,x26	  x1:0x30fed000 x26:0x80003a30 x28=0xd0000000
       25065000	      2505	80003cb4	40c58e33	sub	x28,x11,x12	 x11:0x1c100000 x12:0x80003a78 x28=0x9c0fc588
       25075000	      2506	80003cb8	895eab37	lui	x22,0x895ea	 x22=0x895ea000
       25085000	      2507	80003cbc	02696e63	bltu	x18,x6,80003cf8	 x18:0x16755000  x6:0x0027f100
       25095000	      2508	80003cc0	013677b3	and	x15,x12,x19	 x12:0x80003a78 x19:0x00000000 x15=0x00000000
       25105000	      2509	80003cc4	01c4e233	or	x4,x9,x28	  x9:0xfffffff8 x28:0x9c0fc588  x4=0xfffffff8
       25115000	      2510	80003cc8	4174d333	sra	x6,x9,x23	  x9:0xfffffff8 x23:0x00000000  x6=0xfffffff8
       25125000	      2511	80003ccc	52f27f13	andi	x30,x4,1327	  x4:0xfffffff8 x30=0x00000528
       25135000	      2512	80003cd0	414c5d93	srai	x27,x24,0x14	 x24:0x000002c0 x27=0x00000000
       25145000	      2513	80003cd4	01808463	beq	x1,x24,80003cdc	  x1:0x30fed000 x24:0x000002c0
       25155000	      2514	80003cd8	0025e9b3	or	x19,x11,x2	 x11:0x1c100000  x2:0x80009fc4 x19=0x9c109fc4
       25165000	      2515	80003cdc	087ffd13	andi	x26,x31,135	 x31:0x00000000 x26=0x00000000
       25175000	      2516	80003ce0	08265663	bge	x12,x2,80003d6c	 x12:0x80003a78  x2:0x80009fc4
       25185000	      2517	80003ce4	30573993	sltiu	x19,x14,773	 x14:0x9d1e3000 x19=0x00000000
       25195000	      2518	80003ce8	406483b3	sub	x7,x9,x6	  x9:0xfffffff8  x6:0xfffffff8  x7=0x00000000
       25205000	      2519	80003cec	00c1ec33	or	x24,x3,x12	  x3:0x00200024 x12:0x80003a78 x24=0x80203a7c
       25215000	      2520	80003cf0	2fa7b513	sltiu	x10,x15,762	 x15:0x00000000 x10=0x00000001
       25225000	      2521	80003cf4	01ede863	bltu	x27,x30,80003d04	 x27:0x00000000 x30:0x00000528
       25235000	      2522	00000000	00000013	addi	x0,x0,0	  x0:0x00000000
       25245000	      2523	80003d00	00000013	addi	x0,x0,0	  x0:0x00000000
       25255000	      2524	80003d04	092f8663	beq	x31,x18,80003d90	 x31:0x00000000 x18:0x16755000
       25265000	      2525	80003d08	41f0dbb3	sra	x23,x1,x31	  x1:0x30fed000 x31:0x00000000 x23=0x30fed000
       25275000	      2526	80003d0c	01800d6f	jal	x26,80003d0c	 x26=0x80003d0c
       25285000	      2527	00000000	00000013	addi	x0,x0,0	  x0:0x00000000
       25295000	      2528	80003d20	00000013	addi	x0,x0,0	  x0:0x00000000
       25305000	      2529	80003d24	ff5ff0ef	jal	x1,80003d24	  x1=0x80003d24
       25315000	      2530	00000000	00000013	addi	x0,x0,0	  x0:0x00000000
       25325000	      2531	80003d14	00000013	addi	x0,x0,0	  x0:0x00000000
       25335000	      2532	80003d18	010002ef	jal	x5,80003d18	  x5=0x80003d18
       25345000	      2533	00000000	00000013	addi	x0,x0,0	  x0:0x00000000
       25355000	      2534	80003d24	00000013	addi	x0,x0,0	  x0:0x00000000
       25365000	      2535	80003d28	fedff0ef	jal	x1,80003d28	  x1=0x80003d28
       25375000	      2536	00000000	00000013	addi	x0,x0,0	  x0:0x00000000
       25385000	      2537	80003d10	00000013	addi	x0,x0,0	  x0:0x00000000
       25395000	      2538	80003d14	ffdff36f	jal	x6,80003d14	  x6=0x80003d14
       25405000	      2539	00000000	00000013	addi	x0,x0,0	  x0:0x00000000
       25415000	      2540	80003d0c	00000013	addi	x0,x0,0	  x0:0x00000000
       25425000	      2541	80003d10	01c000ef	jal	x1,80003d10	  x1=0x80003d10
       25435000	      2542	00000000	00000013	addi	x0,x0,0	  x0:0x00000000
       25445000	      2543	80003d28	00000013	addi	x0,x0,0	  x0:0x00000000
       25455000	      2544	80003d2c	018000ef	jal	x1,80003d2c	  x1=0x80003d2c
       25465000	      2545	00000000	00000013	addi	x0,x0,0	  x0:0x00000000
       25475000	      2546	80003d40	00000013	addi	x0,x0,0	  x0:0x00000000
       25485000	      2547	80003d44	fd9ff0ef	jal	x1,80003d44	  x1=0x80003d44
       25495000	      2548	00000000	00000013	addi	x0,x0,0	  x0:0x00000000
       25505000	      2549	80003d18	00000013	addi	x0,x0,0	  x0:0x00000000
       25515000	      2550	80003d1c	004000ef	jal	x1,80003d1c	  x1=0x80003d1c
       25525000	      2551	00000000	00000013	addi	x0,x0,0	  x0:0x00000000
       25535000	      2552	80003d1c	00000013	addi	x0,x0,0	  x0:0x00000000
       25545000	      2553	80003d20	01c0026f	jal	x4,80003d20	  x4=0x80003d20
       25555000	      2554	00000000	00000013	addi	x0,x0,0	  x0:0x00000000
       25565000	      2555	80003d38	00000013	addi	x0,x0,0	  x0:0x00000000
       25575000	      2556	80003d3c	ff9ff0ef	jal	x1,80003d3c	  x1=0x80003d3c
       25585000	      2557	00000000	00000013	addi	x0,x0,0	  x0:0x00000000
       25595000	      2558	80003d30	00000013	addi	x0,x0,0	  x0:0x00000000
       25605000	      2559	80003d34	004000ef	jal	x1,80003d34	  x1=0x80003d34
       25615000	      2560	00000000	00000013	addi	x0,x0,0	  x0:0x00000000
       25625000	      2561	80003d34	00000013	addi	x0,x0,0	  x0:0x00000000
       25635000	      2562	80003d38	0100036f	jal	x6,80003d38	  x6=0x80003d38
       25645000	      2563	00000000	00000013	addi	x0,x0,0	  x0:0x00000000
       25655000	      2564	80003d44	00000013	addi	x0,x0,0	  x0:0x00000000
       25665000	      2565	80003d48	fe9ff36f	jal	x6,80003d48	  x6=0x80003d48
       25675000	      2566	00000000	00000013	addi	x0,x0,0	  x0:0x00000000
       25685000	      2567	80003d2c	00000013	addi	x0,x0,0	  x0:0x00000000
       25695000	      2568	80003d30	010001ef	jal	x3,80003d30	  x3=0x80003d30
       25705000	      2569	00000000	00000013	addi	x0,x0,0	  x0:0x00000000
       25715000	      2570	80003d3c	00000013	addi	x0,x0,0	  x0:0x00000000
       25725000	      2571	80003d40	00c00d6f	jal	x26,80003d40	 x26=0x80003d40
       25735000	      2572	00000000	00000013	addi	x0,x0,0	  x0:0x00000000
       25745000	      2573	80003d48	00000013	addi	x0,x0,0	  x0:0x00000000
       25755000	      2574	80003d4c	8042c237	lui	x4,0x8042c	  x4=0x8042c000
       25765000	      2575	80003d50	0409f863	bgeu	x19,x0,80003da0	 x19:0x00000000  x0:0x00000000
       25775000	      2576	00000000	00000013	addi	x0,x0,0	  x0:0x00000000
       25785000	      2577	80003d9c	00000013	addi	x0,x0,0	  x0:0x00000000
       25795000	      2578	80003da0	00000013	addi	x0,x0,0	  x0:0x00000000
       25805000	      2579	80003da4	4027da33	sra	x20,x15,x2	 x15:0x00000000  x2:0x80009fc4 x20=0x00000000
       25815000	      2580	80003da8	01283cb3	sltu	x25,x16,x18	 x16:0x00000000 x18:0x16755000 x25=0x00000001
       25825000	      2581	80003dac	0321fa63	bgeu	x3,x18,80003de0	  x3:0x80003d30 x18:0x16755000
       25835000	      2582	00000000	00000013	addi	x0,x0,0	  x0:0x00000000
       25845000	      2583	80003ddc	00000013	addi	x0,x0,0	  x0:0x00000000
       25855000	      2584	80003de0	01469f93	slli	x31,x13,0x14	 x13:0x00000000 x31=0x00000000
       25865000	      2585	80003de4	28eef893	andi	x17,x29,654	 x29:0x65c87c90 x17=0x00000080
       25875000	      2586	80003de8	009e9613	slli	x12,x29,0x9	 x29:0x65c87c90 x12=0x90f92000
       25885000	      2587	80003dec	ef6b3013	sltiu	x0,x22,-266	 x22:0x895ea000
       25895000	      2588	80003df0	0051d263	bge	x3,x5,80003df4	  x3:0x80003d30  x5:0x80003d18
       25905000	      2589	00000000	00000013	addi	x0,x0,0	  x0:0x00000000
       25915000	      2590	80003df0	00000013	addi	x0,x0,0	  x0:0x00000000
       25925000	      2591	80003df4	96cab193	sltiu	x3,x21,-1684	 x21:0x1e6fcf98  x3=0x00000001
       25935000	      2592	80003df8	01e23f33	sltu	x30,x4,x30	  x4:0x8042c000 x30:0x00000528 x30=0x00000000
       25945000	      2593	80003dfc	39cbeb13	ori	x22,x23,924	 x23:0x30fed000 x22=0x30fed39c
       25955000	      2594	80003e00	0a18c0b7	lui	x1,0xa18c	  x1=0x0a18c000
       25965000	      2595	80003e04	3e6cb793	sltiu	x15,x25,998	 x25:0x00000001 x15=0x00000001
       25975000	      2596	80003e08	00c3c917	auipc	x18,0xc3c	 x18=0x80c3fe04
       25985000	      2597	80003e0c	01285e93	srli	x29,x16,0x12	 x16:0x00000000 x29=0x00000000
       25995000	      2598	80003e10	021fe063	bltu	x31,x1,80003e30	 x31:0x00000000  x1:0x0a18c000
       26005000	      2599	00000000	00000013	addi	x0,x0,0	  x0:0x00000000
       26015000	      2600	80003e2c	00000013	addi	x0,x0,0	  x0:0x00000000
       26025000	      2601	80003e30	01b055b3	srl	x11,x0,x27	  x0:0x00000000 x27:0x00000000 x11=0x00000000
       26035000	      2602	80003e34	017855b3	srl	x11,x16,x23	 x16:0x00000000 x23:0x30fed000 x11=0x00000000
       26045000	      2603	80003e38	fa0eb213	sltiu	x4,x29,-96	 x29:0x00000000  x4=0x00000001
       26055000	      2604	80003e3c	013628b3	slt	x17,x12,x19	 x12:0x90f92000 x19:0x00000000 x17=0x00000001
       26065000	      2605	80003e40	016f7c63	bgeu	x30,x22,80003e58	 x30:0x00000000 x22:0x30fed39c
       26075000	      2606	80003e44	012ae463	bltu	x21,x18,80003e4c	 x21:0x1e6fcf98 x18:0x80c3fe04
       26085000	      2607	00000000	00000013	addi	x0,x0,0	  x0:0x00000000
       26095000	      2608	80003e48	00000013	addi	x0,x0,0	  x0:0x00000000
       26105000	      2609	80003e4c	0211e463	bltu	x3,x1,80003e74	  x3:0x00000001  x1:0x0a18c000
       26115000	      2610	00000000	00000013	addi	x0,x0,0	  x0:0x00000000
       26125000	      2611	80003e70	00000013	addi	x0,x0,0	  x0:0x00000000
       26135000	      2612	80003e74	418bd833	sra	x16,x23,x24	 x23:0x30fed000 x24:0x80203a7c x16=0x00000003
       26145000	      2613	80003e78	00000013	addi	x0,x0,0	  x0:0x00000000
       26155000	      2614	80003e7c	00152f33	slt	x30,x10,x1	 x10:0x00000001  x1:0x0a18c000 x30=0x00000001
       26165000	      2615	80003e80	01111e63	bne	x2,x17,80003e9c	  x2:0x80009fc4 x17:0x00000001
       26175000	      2616	00000000	00000013	addi	x0,x0,0	  x0:0x00000000
       26185000	      2617	80003e98	00000013	addi	x0,x0,0	  x0:0x00000000
       26195000	      2618	80003e9c	410d5813	srai	x16,x26,0x10	 x26:0x80003d40 x16=0xffff8000
       26205000	      2619	80003ea0	00442d03	lw	x26,4(x8)	  x8:0x80009f54 x26=0x800030e0 PA:0x80009f58
       26215000	      2620	80003ea4	40fa8833	sub	x16,x21,x15	 x21:0x1e6fcf98 x15:0x00000001 x16=0x1e6fcf97
       26225000	      2621	80003ea8	e0832213	slti	x4,x6,-504	  x6:0x80003d48  x4=0x00000001
       26235000	      2622	80003eac	00840413	addi	x8,x8,8	  x8:0x80009f54  x8=0x80009f5c
       26245000	      2623	80003eb0	00df9e93	slli	x29,x31,0xd	 x31:0x00000000 x29=0x00000000
       26255000	      2624	80003eb4	412ad813	srai	x16,x21,0x12	 x21:0x1e6fcf98 x16=0x0000079b
       26265000	      2625	80003eb8	000d0b93	addi	x23,x26,0	 x26:0x800030e0 x23=0x800030e0
       26275000	      2626	80003ebc	000b8be7	jalr	x23,x23,0	 x23:0x800030e0 x23=0x80003ebc
       26285000	      2627	00000000	00000013	addi	x0,x0,0	  x0:0x00000000
       26295000	      2628	800030e0	00000013	addi	x0,x0,0	  x0:0x00000000
       26305000	      2629	800030e4	00d023b3	slt	x7,x0,x13	  x0:0x00000000 x13:0x00000000  x7=0x00000000
       26315000	      2630	800030e8	01f4d233	srl	x4,x9,x31	  x9:0xfffffff8 x31:0x00000000  x4=0xfffffff8
       26325000	      2631	800030ec	25d5eb93	ori	x23,x11,605	 x11:0x00000000 x23=0x0000025d
       26335000	      2632	800030f0	413906b3	sub	x13,x18,x19	 x18:0x80c3fe04 x19:0x00000000 x13=0x80c3fe04
       26345000	      2633	800030f4	03d2ec63	bltu	x5,x29,8000312c	  x5:0x80003d18 x29:0x00000000
       26355000	      2634	800030f8	54b96193	ori	x3,x18,1355	 x18:0x80c3fe04  x3=0x80c3ff4f
       26365000	      2635	800030fc	01c8c733	xor	x14,x17,x28	 x17:0x00000001 x28:0x9c0fc588 x14=0x9c0fc589
       26375000	      2636	80003100	bff73637	lui	x12,0xbff73	 x12=0xbff73000
       26385000	      2637	80003104	0052d0b3	srl	x1,x5,x5	  x5:0x80003d18  x5:0x80003d18  x1=0x00000080
       26395000	      2638	80003108	00ea0cb3	add	x25,x20,x14	 x20:0x00000000 x14:0x9c0fc589 x25=0x9c0fc589
       26405000	      2639	8000310c	41565613	srai	x12,x12,0x15	 x12:0xbff73000 x12=0xfffffdff
       26415000	      2640	80003110	07e24e63	blt	x4,x30,8000318c	  x4:0xfffffff8 x30:0x00000001
       26425000	      2641	00000000	00000013	addi	x0,x0,0	  x0:0x00000000
       26435000	      2642	80003188	00000013	addi	x0,x0,0	  x0:0x00000000
       26445000	      2643	8000318c	fa886813	ori	x16,x16,-88	 x16:0x0000079b x16=0xffffffbb
       26455000	      2644	80003190	012f8333	add	x6,x31,x18	 x31:0x00000000 x18:0x80c3fe04  x6=0x80c3fe04
       26465000	      2645	80003194	009f7e33	and	x28,x30,x9	 x30:0x00000001  x9:0xfffffff8 x28=0x00000000
       26475000	      2646	80003198	fa09a613	slti	x12,x19,-96	 x19:0x00000000 x12=0x00000000
       26485000	      2647	8000319c	a42f8e93	addi	x29,x31,-1470	 x31:0x00000000 x29=0xfffffa42
       26495000	      2648	800031a0	0777d063	bge	x15,x23,80003200	 x15:0x00000001 x23:0x0000025d
       26505000	      2649	800031a4	07730393	addi	x7,x6,119	  x6:0x80c3fe04  x7=0x80c3fe7b
       26515000	      2650	800031a8	41db5033	sra	x0,x22,x29	 x22:0x30fed39c x29:0xfffffa42
       26525000	      2651	800031ac	04e7d663	bge	x15,x14,800031f8	 x15:0x00000001 x14:0x9c0fc589
       26535000	      2652	00000000	00000013	addi	x0,x0,0	  x0:0x00000000
       26545000	      2653	800031f4	00000013	addi	x0,x0,0	  x0:0x00000000
       26555000	      2654	800031f8	006d7a63	bgeu	x26,x6,8000320c	 x26:0x800030e0  x6:0x80c3fe04
       26565000	      2655	800031fc	6045a893	slti	x17,x11,1540	 x11:0x00000000 x17=0x00000001
       26575000	      2656	80003200	00d0de63	bge	x1,x13,8000321c	  x1:0x00000080 x13:0x80c3fe04
       26585000	      2657	00000000	00000013	addi	x0,x0,0	  x0:0x00000000
       26595000	      2658	80003218	00000013	addi	x0,x0,0	  x0:0x00000000
       26605000	      2659	8000321c	94189eb7	lui	x29,0x94189	 x29=0x94189000
       26615000	      2660	80003220	04f04463	blt	x0,x15,80003268	  x0:0x00000000 x15:0x00000001
       26625000	      2661	00000000	00000013	addi	x0,x0,0	  x0:0x00000000
       26635000	      2662	80003264	00000013	addi	x0,x0,0	  x0:0x00000000
       26645000	      2663	80003268	00db40b3	xor	x1,x22,x13	 x22:0x30fed39c x13:0x80c3fe04  x1=0xb03d2d98
       26655000	      2664	8000326c	011334b3	sltu	x9,x6,x17	  x6:0x80c3fe04 x17:0x00000001  x9=0x00000000
       26665000	      2665	80003270	40080733	sub	x14,x16,x0	 x16:0xffffffbb  x0:0x00000000 x14=0xffffffbb
       26675000	      2666	80003274	00ac34b3	sltu	x9,x24,x10	 x24:0x80203a7c x10:0x00000001  x9=0x00000000
       26685000	      2667	80003278	24e4ebb7	lui	x23,0x24e4e	 x23=0x24e4e000
       26695000	      2668	8000327c	00d844b3	xor	x9,x16,x13	 x16:0xffffffbb x13:0x80c3fe04  x9=0x7f3c01bf
       26705000	      2669	80003280	01b900b3	add	x1,x18,x27	 x18:0x80c3fe04 x27:0x00000000  x1=0x80c3fe04
       26715000	      2670	80003284	00000013	addi	x0,x0,0	  x0:0x00000000
       26725000	      2671	80003288	014e5193	srli	x3,x28,0x14	 x28:0x00000000  x3=0x00000000
       26735000	      2672	8000328c	20044f93	xori	x31,x8,512	  x8:0x80009f5c x31=0x80009d5c
       26745000	      2673	80003290	404bd6b3	sra	x13,x23,x4	 x23:0x24e4e000  x4:0xfffffff8 x13=0x00000024
       26755000	      2674	80003294	41cfd4b3	sra	x9,x31,x28	 x31:0x80009d5c x28:0x00000000  x9=0x80009d5c
       26765000	      2675	80003298	01915193	srli	x3,x2,0x19	  x2:0x80009fc4  x3=0x00000040
       26775000	      2676	8000329c	015b9733	sll	x14,x23,x21	 x23:0x24e4e000 x21:0x1e6fcf98 x14=0x00000000
       26785000	      2677	800032a0	00a8d9b3	srl	x19,x17,x10	 x17:0x00000001 x10:0x00000001 x19=0x00000000
       26795000	      2678	800032a4	40b7d6b3	sra	x13,x15,x11	 x15:0x00000001 x11:0x00000000 x13=0x00000001
       26805000	      2679	800032a8	02d04863	blt	x0,x13,800032d8	  x0:0x00000000 x13:0x00000001
       26815000	      2680	00000000	00000013	addi	x0,x0,0	  x0:0x00000000
       26825000	      2681	800032d4	00000013	addi	x0,x0,0	  x0:0x00000000
       26835000	      2682	800032d8	e607a013	slti	x0,x15,-416	 x15:0x00000001
       26845000	      2683	800032dc	00000013	addi	x0,x0,0	  x0:0x00000000
       26855000	      2684	800032e0	00c905b3	add	x11,x18,x12	 x18:0x80c3fe04 x12:0x00000000 x11=0x80c3fe04
       26865000	      2685	800032e4	0094d593	srli	x11,x9,0x9	  x9:0x80009d5c x11=0x0040004e
       26875000	      2686	800032e8	18e40693	addi	x13,x8,398	  x8:0x80009f5c x13=0x8000a0ea
       26885000	      2687	800032ec	4fdb6093	ori	x1,x22,1277	 x22:0x30fed39c  x1=0x30fed7fd
       26895000	      2688	800032f0	f933cd93	xori	x27,x7,-109	  x7:0x80c3fe7b x27=0x7f3c01e8
       26905000	      2689	800032f4	016f9e93	slli	x29,x31,0x16	 x31:0x80009d5c x29=0x57000000
       26915000	      2690	800032f8	0a5fb293	sltiu	x5,x31,165	 x31:0x80009d5c  x5=0x00000000
       26925000	      2691	800032fc	010ba933	slt	x18,x23,x16	 x23:0x24e4e000 x16:0xffffffbb x18=0x00000000
       26935000	      2692	80003300	415ed313	srai	x6,x29,0x15	 x29:0x57000000  x6=0x000002b8
       26945000	      2693	80003304	00000013	addi	x0,x0,0	  x0:0x00000000
       26955000	      2694	80003308	00808c63	beq	x1,x8,80003320	  x1:0x30fed7fd  x8:0x80009f5c
       26965000	      2695	8000330c	07053493	sltiu	x9,x10,112	 x10:0x00000001  x9=0x00000001
       26975000	      2696	80003310	8e3c7e93	andi	x29,x24,-1821	 x24:0x80203a7c x29=0x80203860
       26985000	      2697	80003314	18334513	xori	x10,x6,387	  x6:0x000002b8 x10=0x0000033b
       26995000	      2698	80003318	00d6db93	srli	x23,x13,0xd	 x13:0x8000a0ea x23=0x00040005
       27005000	      2699	8000331c	01c98d33	add	x26,x19,x28	 x19:0x00000000 x28:0x00000000 x26=0x00000000
       27015000	      2700	80003320	182c0e37	lui	x28,0x182c0	 x28=0x182c0000
       27025000	      2701	80003324	03026463	bltu	x4,x16,8000334c	  x4:0xfffffff8 x16:0xffffffbb
       27035000	      2702	80003328	00f5b4b3	sltu	x9,x11,x15	 x11:0x0040004e x15:0x00000001  x9=0x00000000
       27045000	      2703	8000332c	01089993	slli	x19,x17,0x10	 x17:0x00000001 x19=0x00010000
       27055000	      2704	80003330	7377fdb7	lui	x27,0x7377f	 x27=0x7377f000
       27065000	      2705	80003334	2272b393	sltiu	x7,x5,551	  x5:0x00000000  x7=0x00000001
       27075000	      2706	80003338	01282033	slt	x0,x16,x18	 x16:0xffffffbb x18:0x00000000
       27085000	      2707	8000333c	037d7263	bgeu	x26,x23,80003360	 x26:0x00000000 x23:0x00040005
       27095000	      2708	80003340	058e6463	bltu	x28,x24,80003388	 x28:0x182c0000 x24:0x80203a7c
       27105000	      2709	00000000	00000013	addi	x0,x0,0	  x0:0x00000000
       27115000	      2710	80003384	00000013	addi	x0,x0,0	  x0:0x00000000
       27125000	      2711	80003388	8279af93	slti	x31,x19,-2009	 x19:0x00010000 x31=0x00000000
       27135000	      2712	8000338c	72ceb493	sltiu	x9,x29,1836	 x29:0x80203860  x9=0x00000000
       27145000	      2713	80003390	01429bb3	sll	x23,x5,x20	  x5:0x00000000 x20:0x00000000 x23=0x00000000
       27155000	      2714	80003394	00442d03	lw	x26,4(x8)	  x8:0x80009f5c x26=0x800001b0 PA:0x80009f60
       27165000	      2715	80003398	85b9b993	sltiu	x19,x19,-1957	 x19:0x00010000 x19=0x00000001
       27175000	      2716	8000339c	a7f82213	slti	x4,x16,-1409	 x16:0xffffffbb  x4=0x00000000
       27185000	      2717	800033a0	02840413	addi	x8,x8,40	  x8:0x80009f5c  x8=0x80009f84
       27195000	      2718	800033a4	01c5e5b3	or	x11,x11,x28	 x11:0x0040004e x28:0x182c0000 x11=0x186c004e
       27205000	      2719	800033a8	0159a533	slt	x10,x19,x21	 x19:0x00000001 x21:0x1e6fcf98 x10=0x00000001
       27215000	      2720	800033ac	0125b233	sltu	x4,x11,x18	 x11:0x186c004e x18:0x00000000  x4=0x00000000
       27225000	      2721	800033b0	00000013	addi	x0,x0,0	  x0:0x00000000
       27235000	      2722	800033b4	000d0e93	addi	x29,x26,0	 x26:0x800001b0 x29=0x800001b0
       27245000	      2723	800033b8	000e8ee7	jalr	x29,x29,0	 x29:0x800001b0 x29=0x800033b8
       27255000	      2724	00000000	00000013	addi	x0,x0,0	  x0:0x00000000
       27265000	      2725	800001b0	00000013	addi	x0,x0,0	  x0:0x00000000
       27275000	      2726	800001b4	017a2eb3	slt	x29,x20,x23	 x20:0x00000000 x23:0x00000000 x29=0x00000000
       27285000	      2727	800001b8	01aaaf33	slt	x30,x21,x26	 x21:0x1e6fcf98 x26:0x800001b0 x30=0x00000000
       27295000	      2728	800001bc	015f9233	sll	x4,x31,x21	 x31:0x00000000 x21:0x1e6fcf98  x4=0x00000000
       27305000	      2729	800001c0	b80c0093	addi	x1,x24,-1152	 x24:0x80203a7c  x1=0x802035fc
       27315000	      2730	800001c4	00000a97	auipc	x21,0x0	 x21=0x800001c0
       27325000	      2731	800001c8	00ca8a93	addi	x21,x21,12	 x21:0x800001c0 x21=0x800001cc
       27335000	      2732	800001cc	000a8067	jalr	x0,x21,0	 x21:0x800001cc
       27345000	      2733	00000000	00000013	addi	x0,x0,0	  x0:0x00000000
       27355000	      2734	800001cc	00000013	addi	x0,x0,0	  x0:0x00000000
       27365000	      2735	800001d0	00100193	addi	x3,x0,1	  x0:0x00000000  x3=0x00000001
       27375000	      2736	800001d4	00000073	ecall	
       27385000	      2737	800001d8	01e88a63	beq	x17,x30,800001ec	 x17:0x00000001 x30:0x00000000
