		Time			Cycle	PC		Insn	Decoded instruction	Register and memory contents
          65000	         5	80000004	00000293	addi	x5,x0,0	  x0:0x00000000  x5=0x00000000
          75000	         6	80000008	00000313	addi	x6,x0,0	  x0:0x00000000  x6=0x00000000
          85000	         7	8000000c	00628263	beq	x5,x6,80000010	  x5:0x00000000  x6:0x00000000
          95000	         8	00000000	00000013	addi	x0,x0,0	  x0:0x00000000
         105000	         9	8000000c	00000013	addi	x0,x0,0	  x0:0x00000000
         115000	        10	80000010	00000217	auipc	x4,0x0	  x4=0x8000000c
         125000	        11	80000014	00c20213	addi	x4,x4,12	  x4:0x8000000c  x4=0x80000018
         135000	        12	80000018	00020067	jalr	x0,x4,0	  x4:0x80000018
         145000	        13	00000000	00000013	addi	x0,x0,0	  x0:0x00000000
         155000	        14	80000018	00000013	addi	x0,x0,0	  x0:0x00000000
         165000	        15	8000001c	400002b7	lui	x5,0x40000	  x5=0x40000000
         175000	        16	80000020	10028293	addi	x5,x5,256	  x5:0x40000000  x5=0x40000100
         185000	        17	80000024	00000013	addi	x0,x0,0	  x0:0x00000000
         195000	        18	80000028	0000af17	auipc	x30,0xa	 x30=0x8000a024
         205000	        19	8000002c	fa0f0f13	addi	x30,x30,-96	 x30:0x8000a024 x30=0x80009fc4
         215000	        20	80000030	00005297	auipc	x5,0x5	  x5=0x8000502c
         225000	        21	80000034	e4428293	addi	x5,x5,-444	  x5:0x8000502c  x5=0x80004e70
         235000	        22	80000038	0012e293	ori	x5,x5,1	  x5:0x80004e70  x5=0x80004e71
         245000	        23	8000003c	00000013	addi	x0,x0,0	  x0:0x00000000
         255000	        24	80000040	00000297	auipc	x5,0x0	  x5=0x8000003c
         265000	        25	80000044	02028293	addi	x5,x5,32	  x5:0x8000003c  x5=0x8000005c
         275000	        26	80000048	00000013	addi	x0,x0,0	  x0:0x00000000
         285000	        27	8000004c	00000013	addi	x0,x0,0	  x0:0x00000000
         295000	        28	80000050	000022b7	lui	x5,0x2	  x5=0x00002000
         305000	        29	80000054	80028293	addi	x5,x5,-2048	  x5:0x00002000  x5=0x00001800
         315000	        30	80000058	00000013	addi	x0,x0,0	  x0:0x00000000
         325000	        31	8000005c	00000013	addi	x0,x0,0	  x0:0x00000000
         335000	        32	80000060	f8360037	lui	x0,0xf8360	
         345000	        33	80000064	5cf00013	addi	x0,x0,1487	  x0:0x00000000
         355000	        34	80000068	f368f0b7	lui	x1,0xf368f	  x1=0xf368f000
         365000	        35	8000006c	67f08093	addi	x1,x1,1663	  x1:0xf368f000  x1=0xf368f67f
         375000	        36	80000070	f9cd3137	lui	x2,0xf9cd3	  x2=0xf9cd3000
         385000	        37	80000074	b3010113	addi	x2,x2,-1232	  x2:0xf9cd3000  x2=0xf9cd2b30
         395000	        38	80000078	800001b7	lui	x3,0x80000	  x3=0x80000000
         405000	        39	8000007c	00100213	addi	x4,x0,1	  x0:0x00000000  x4=0x00000001
         415000	        40	80000080	800002b7	lui	x5,0x80000	  x5=0x80000000
         425000	        41	80000084	4cf81337	lui	x6,0x4cf81	  x6=0x4cf81000
         435000	        42	80000088	c6530313	addi	x6,x6,-923	  x6:0x4cf81000  x6=0x4cf80c65
         445000	        43	8000008c	00200393	addi	x7,x0,2	  x0:0x00000000  x7=0x00000002
         455000	        44	80000090	80000437	lui	x8,0x80000	  x8=0x80000000
         465000	        45	80000094	f3ad74b7	lui	x9,0xf3ad7	  x9=0xf3ad7000
         475000	        46	80000098	3ca48493	addi	x9,x9,970	  x9:0xf3ad7000  x9=0xf3ad73ca
         485000	        47	8000009c	05643537	lui	x10,0x5643	 x10=0x05643000
         495000	        48	800000a0	ed950513	addi	x10,x10,-295	 x10:0x05643000 x10=0x05642ed9
         505000	        49	800000a4	f22615b7	lui	x11,0xf2261	 x11=0xf2261000
         515000	        50	800000a8	ff458593	addi	x11,x11,-12	 x11:0xf2261000 x11=0xf2260ff4
         525000	        51	800000ac	fcbf96b7	lui	x13,0xfcbf9	 x13=0xfcbf9000
         535000	        52	800000b0	b3468693	addi	x13,x13,-1228	 x13:0xfcbf9000 x13=0xfcbf8b34
         545000	        53	800000b4	80000737	lui	x14,0x80000	 x14=0x80000000
         555000	        54	800000b8	f82e27b7	lui	x15,0xf82e2	 x15=0xf82e2000
         565000	        55	800000bc	e0f78793	addi	x15,x15,-497	 x15:0xf82e2000 x15=0xf82e1e0f
         575000	        56	800000c0	f8313837	lui	x16,0xf8313	 x16=0xf8313000
         585000	        57	800000c4	0b180813	addi	x16,x16,177	 x16:0xf8313000 x16=0xf83130b1
         595000	        58	800000c8	f4fff8b7	lui	x17,0xf4fff	 x17=0xf4fff000
         605000	        59	800000cc	a4888893	addi	x17,x17,-1464	 x17:0xf4fff000 x17=0xf4ffea48
         615000	        60	800000d0	316ac937	lui	x18,0x316ac	 x18=0x316ac000
         625000	        61	800000d4	14990913	addi	x18,x18,329	 x18:0x316ac000 x18=0x316ac149
         635000	        62	800000d8	4372a9b7	lui	x19,0x4372a	 x19=0x4372a000
         645000	        63	800000dc	e8098993	addi	x19,x19,-384	 x19:0x4372a000 x19=0x43729e80
         655000	        64	800000e0	00800a13	addi	x20,x0,8	  x0:0x00000000 x20=0x00000008
         665000	        65	800000e4	80000ab7	lui	x21,0x80000	 x21=0x80000000
         675000	        66	800000e8	00100b13	addi	x22,x0,1	  x0:0x00000000 x22=0x00000001
         685000	        67	800000ec	80000bb7	lui	x23,0x80000	 x23=0x80000000
         695000	        68	800000f0	f7717c37	lui	x24,0xf7717	 x24=0xf7717000
         705000	        69	800000f4	d08c0c13	addi	x24,x24,-760	 x24:0xf7717000 x24=0xf7716d08
         715000	        70	800000f8	00c00c93	addi	x25,x0,12	  x0:0x00000000 x25=0x0000000c
         725000	        71	800000fc	00400d13	addi	x26,x0,4	  x0:0x00000000 x26=0x00000004
         735000	        72	80000100	00000d93	addi	x27,x0,0	  x0:0x00000000 x27=0x00000000
         745000	        73	80000104	00000e13	addi	x28,x0,0	  x0:0x00000000 x28=0x00000000
         755000	        74	80000108	f3ae7eb7	lui	x29,0xf3ae7	 x29=0xf3ae7000
         765000	        75	8000010c	b7be8e93	addi	x29,x29,-1157	 x29:0xf3ae7000 x29=0xf3ae6b7b
         775000	        76	80000110	e888efb7	lui	x31,0xe888e	 x31=0xe888e000
         785000	        77	80000114	d98f8f93	addi	x31,x31,-616	 x31:0xe888e000 x31=0xe888dd98
         795000	        78	80000118	0000a617	auipc	x12,0xa	 x12=0x8000a114
         805000	        79	8000011c	e7060613	addi	x12,x12,-400	 x12:0x8000a114 x12=0x80009f84
         815000	        80	80000120	0bc7ae13	slti	x28,x15,188	 x15:0xf82e1e0f x28=0x00000001
         825000	        81	80000124	00001397	auipc	x7,0x1	  x7=0x80001120
         835000	        82	80000128	c4038393	addi	x7,x7,-960	  x7:0x80001120  x7=0x80000d60
         845000	        83	8000012c	10af3d97	auipc	x27,0x10af3	 x27=0x90af3128
         855000	        84	80000130	01233d33	sltu	x26,x6,x18	  x6:0x4cf80c65 x18:0x316ac149 x26=0x00000000
         865000	        85	80000134	40010833	sub	x16,x2,x0	  x2:0xf9cd2b30  x0:0x00000000 x16=0xf9cd2b30
         875000	        86	80000138	14e38393	addi	x7,x7,334	  x7:0x80000d60  x7=0x80000eae
         885000	        87	8000013c	40115d93	srai	x27,x2,0x1	  x2:0xf9cd2b30 x27=0xfce69598
         895000	        88	80000140	eb238967	jalr	x18,x7,-334	  x7:0x80000eae x18=0x80000140
         905000	        89	00000000	00000013	addi	x0,x0,0	  x0:0x00000000
         915000	        90	80000d60	00000013	addi	x0,x0,0	  x0:0x00000000
         925000	        91	80000d64	00c1e463	bltu	x3,x12,80000d6c	  x3:0x80000000 x12:0x80009f84
         935000	        92	00000000	00000013	addi	x0,x0,0	  x0:0x00000000
         945000	        93	80000d68	00000013	addi	x0,x0,0	  x0:0x00000000
         955000	        94	80000d6c	fd860613	addi	x12,x12,-40	 x12:0x80009f84 x12=0x80009f5c
         965000	        95	80000d70	00000013	addi	x0,x0,0	  x0:0x00000000
         975000	        96	80000d74	01262223	sw	x18,4(x12)	 x12:0x80009f5c x18:0x80000140 PA:0x80009f60
         985000	        97	80000d78	5e712093	slti	x1,x2,1511	  x2:0xf9cd2b30  x1=0x00000001
         995000	        98	80000d7c	4ace8093	addi	x1,x29,1196	 x29:0xf3ae6b7b  x1=0xf3ae7027
        1005000	        99	80000d80	01eb7bb3	and	x23,x22,x30	 x22:0x00000001 x30:0x80009fc4 x23=0x00000000
        1015000	       100	80000d84	01a30d33	add	x26,x6,x26	  x6:0x4cf80c65 x26:0x00000000 x26=0x4cf80c65
        1025000	       101	80000d88	011d9733	sll	x14,x27,x17	 x27:0xfce69598 x17:0xf4ffea48 x14=0xe6959800
        1035000	       102	80000d8c	00c9de93	srli	x29,x19,0xc	 x19:0x43729e80 x29=0x00043729
        1045000	       103	80000d90	011cf4b3	and	x9,x25,x17	 x25:0x0000000c x17:0xf4ffea48  x9=0x00000008
        1055000	       104	80000d94	00d603b3	add	x7,x12,x13	 x12:0x80009f5c x13:0xfcbf8b34  x7=0x7cc02a90
        1065000	       105	80000d98	010a5933	srl	x18,x20,x16	 x20:0x00000008 x16:0xf9cd2b30 x18=0x00000000
        1075000	       106	80000d9c	01e63cb3	sltu	x25,x12,x30	 x12:0x80009f5c x30:0x80009fc4 x25=0x00000001
        1085000	       107	80000da0	01622133	slt	x2,x4,x22	  x4:0x00000001 x22:0x00000001  x2=0x00000000
        1095000	       108	80000da4	01e8b5b3	sltu	x11,x17,x30	 x17:0xf4ffea48 x30:0x80009fc4 x11=0x00000000
        1105000	       109	80000da8	e0ae5d37	lui	x26,0xe0ae5	 x26=0xe0ae5000
        1115000	       110	80000dac	01ca1e13	slli	x28,x20,0x1c	 x20:0x00000008 x28=0x80000000
        1125000	       111	80000db0	416b8c33	sub	x24,x23,x22	 x23:0x00000000 x22:0x00000001 x24=0xffffffff
        1135000	       112	80000db4	41900a33	sub	x20,x0,x25	  x0:0x00000000 x25:0x00000001 x20=0xffffffff
        1145000	       113	80000db8	eec9f013	andi	x0,x19,-276	 x19:0x43729e80
        1155000	       114	80000dbc	019eb6b3	sltu	x13,x29,x25	 x29:0x00043729 x25:0x00000001 x13=0x00000000
        1165000	       115	80000dc0	058dc863	blt	x27,x24,80000e10	 x27:0xfce69598 x24:0xffffffff
        1175000	       116	00000000	00000013	addi	x0,x0,0	  x0:0x00000000
        1185000	       117	80000e0c	00000013	addi	x0,x0,0	  x0:0x00000000
        1195000	       118	80000e10	40d8d893	srai	x17,x17,0xd	 x17:0xf4ffea48 x17=0xffffa7ff
        1205000	       119	80000e14	01f178b3	and	x17,x2,x31	  x2:0x00000000 x31:0xe888dd98 x17=0x00000000
        1215000	       120	80000e18	001f6833	or	x16,x30,x1	 x30:0x80009fc4  x1:0xf3ae7027 x16=0xf3aeffe7
        1225000	       121	80000e1c	41190033	sub	x0,x18,x17	 x18:0x00000000 x17:0x00000000
        1235000	       122	80000e20	006e5663	bge	x28,x6,80000e2c	 x28:0x80000000  x6:0x4cf80c65
        1245000	       123	80000e24	00b75263	bge	x14,x11,80000e28	 x14:0xe6959800 x11:0x00000000
        1255000	       124	80000e28	a570a497	auipc	x9,0xa570a	  x9=0x2570ae24
        1265000	       125	80000e2c	9706f993	andi	x19,x13,-1680	 x13:0x00000000 x19=0x00000000
        1275000	       126	80000e30	66098d13	addi	x26,x19,1632	 x19:0x00000000 x26=0x00000660
        1285000	       127	80000e34	00462903	lw	x18,4(x12)	 x12:0x80009f5c x18=0x80000140 PA:0x80009f60
        1295000	       128	80000e38	dae37313	andi	x6,x6,-594	  x6:0x4cf80c65  x6=0x4cf80c24
        1305000	       129	80000e3c	02860613	addi	x12,x12,40	 x12:0x80009f5c x12=0x80009f84
        1315000	       130	80000e40	013c00b3	add	x1,x24,x19	 x24:0xffffffff x19:0x00000000  x1=0xffffffff
        1325000	       131	80000e44	00190e93	addi	x29,x18,1	 x18:0x80000140 x29=0x80000141
        1335000	       132	80000e48	000e8ee7	jalr	x29,x29,0	 x29:0x80000141 x29=0x80000e48
        1345000	       133	00000000	00000013	addi	x0,x0,0	  x0:0x00000000
        1355000	       134	80000140	00000013	addi	x0,x0,0	  x0:0x00000000
        1365000	       135	80000144	e0aa1d17	auipc	x26,0xe0aa1	 x26=0x60aa1140
        1375000	       136	80000148	01979c93	slli	x25,x15,0x19	 x15:0xf82e1e0f x25=0x1e000000
        1385000	       137	8000014c	00004e97	auipc	x29,0x4	 x29=0x80004148
        1395000	       138	80000150	f10e8e93	addi	x29,x29,-240	 x29:0x80004148 x29=0x80004058
        1405000	       139	80000154	012838b3	sltu	x17,x16,x18	 x16:0xf3aeffe7 x18:0x80000140 x17=0x00000000
        1415000	       140	80000158	416fdf93	srai	x31,x31,0x16	 x31:0xe888dd98 x31=0xffffffa2
        1425000	       141	8000015c	24d65497	auipc	x9,0x24d65	  x9=0xa4d65158
        1435000	       142	80000160	007e1a13	slli	x20,x28,0x7	 x28:0x80000000 x20=0x00000000
        1445000	       143	80000164	c18e8e93	addi	x29,x29,-1000	 x29:0x80004058 x29=0x80003c70
        1455000	       144	80000168	3a24cd13	xori	x26,x9,930	  x9:0xa4d65158 x26=0xa4d652fa
        1465000	       145	8000016c	3e9e8967	jalr	x18,x29,1001	 x29:0x80003c70 x18=0x8000016c
        1475000	       146	00000000	00000013	addi	x0,x0,0	  x0:0x00000000
        1485000	       147	80004058	00000013	addi	x0,x0,0	  x0:0x00000000
        1495000	       148	8000405c	7f3d6e13	ori	x28,x26,2035	 x26:0xa4d652fa x28=0xa4d657fb
        1505000	       149	80004060	016e9463	bne	x29,x22,80004068	 x29:0x80003c70 x22:0x00000001
        1515000	       150	00000000	00000013	addi	x0,x0,0	  x0:0x00000000
        1525000	       151	80004064	00000013	addi	x0,x0,0	  x0:0x00000000
        1535000	       152	80004068	fe460613	addi	x12,x12,-28	 x12:0x80009f84 x12=0x80009f68
        1545000	       153	8000406c	013a3a33	sltu	x20,x20,x19	 x20:0x00000000 x19:0x00000000 x20=0x00000000
        1555000	       154	80004070	01262223	sw	x18,4(x12)	 x12:0x80009f68 x18:0x8000016c PA:0x80009f6c
        1565000	       155	80004074	4151dc13	srai	x24,x3,0x15	  x3:0x80000000 x24=0xfffffc00
        1575000	       156	80004078	4138de13	srai	x28,x17,0x13	 x17:0x00000000 x28=0x00000000
        1585000	       157	8000407c	40460533	sub	x10,x12,x4	 x12:0x80009f68  x4:0x00000001 x10=0x80009f67
        1595000	       158	80004080	00cdce33	xor	x28,x27,x12	 x27:0xfce69598 x12:0x80009f68 x28=0x7ce60af0
        1605000	       159	80004084	0300096f	jal	x18,80004084	 x18=0x80004084
        1615000	       160	00000000	00000013	addi	x0,x0,0	  x0:0x00000000
        1625000	       161	800040b0	00000013	addi	x0,x0,0	  x0:0x00000000
        1635000	       162	800040b4	fe9ff0ef	jal	x1,800040b4	  x1=0x800040b4
        1645000	       163	00000000	00000013	addi	x0,x0,0	  x0:0x00000000
        1655000	       164	80004098	00000013	addi	x0,x0,0	  x0:0x00000000
        1665000	       165	8000409c	ff1ff0ef	jal	x1,8000409c	  x1=0x8000409c
        1675000	       166	00000000	00000013	addi	x0,x0,0	  x0:0x00000000
        1685000	       167	80004088	00000013	addi	x0,x0,0	  x0:0x00000000
        1695000	       168	8000408c	0180076f	jal	x14,8000408c	 x14=0x8000408c
        1705000	       169	00000000	00000013	addi	x0,x0,0	  x0:0x00000000
        1715000	       170	800040a0	00000013	addi	x0,x0,0	  x0:0x00000000
        1725000	       171	800040a4	02c000ef	jal	x1,800040a4	  x1=0x800040a4
        1735000	       172	00000000	00000013	addi	x0,x0,0	  x0:0x00000000
        1745000	       173	800040cc	00000013	addi	x0,x0,0	  x0:0x00000000
        1755000	       174	800040d0	ff5ff0ef	jal	x1,800040d0	  x1=0x800040d0
        1765000	       175	00000000	00000013	addi	x0,x0,0	  x0:0x00000000
        1775000	       176	800040c0	00000013	addi	x0,x0,0	  x0:0x00000000
        1785000	       177	800040c4	ffdff2ef	jal	x5,800040c4	  x5=0x800040c4
        1795000	       178	00000000	00000013	addi	x0,x0,0	  x0:0x00000000
        1805000	       179	800040bc	00000013	addi	x0,x0,0	  x0:0x00000000
        1815000	       180	800040c0	fc9ffc6f	jal	x24,800040c0	 x24=0x800040c0
        1825000	       181	00000000	00000013	addi	x0,x0,0	  x0:0x00000000
        1835000	       182	80004084	00000013	addi	x0,x0,0	  x0:0x00000000
        1845000	       183	80004088	030000ef	jal	x1,80004088	  x1=0x80004088
        1855000	       184	00000000	00000013	addi	x0,x0,0	  x0:0x00000000
        1865000	       185	800040b4	00000013	addi	x0,x0,0	  x0:0x00000000
        1875000	       186	800040b8	ff5ff7ef	jal	x15,800040b8	 x15=0x800040b8
        1885000	       187	00000000	00000013	addi	x0,x0,0	  x0:0x00000000
        1895000	       188	800040a8	00000013	addi	x0,x0,0	  x0:0x00000000
        1905000	       189	800040ac	0200036f	jal	x6,800040ac	  x6=0x800040ac
        1915000	       190	00000000	00000013	addi	x0,x0,0	  x0:0x00000000
        1925000	       191	800040c8	00000013	addi	x0,x0,0	  x0:0x00000000
        1935000	       192	800040cc	fc9ff0ef	jal	x1,800040cc	  x1=0x800040cc
        1945000	       193	00000000	00000013	addi	x0,x0,0	  x0:0x00000000
        1955000	       194	80004090	00000013	addi	x0,x0,0	  x0:0x00000000
        1965000	       195	80004094	004000ef	jal	x1,80004094	  x1=0x80004094
        1975000	       196	00000000	00000013	addi	x0,x0,0	  x0:0x00000000
        1985000	       197	80004094	00000013	addi	x0,x0,0	  x0:0x00000000
        1995000	       198	80004098	024000ef	jal	x1,80004098	  x1=0x80004098
        2005000	       199	00000000	00000013	addi	x0,x0,0	  x0:0x00000000
        2015000	       200	800040b8	00000013	addi	x0,x0,0	  x0:0x00000000
        2025000	       201	800040bc	00c002ef	jal	x5,800040bc	  x5=0x800040bc
        2035000	       202	00000000	00000013	addi	x0,x0,0	  x0:0x00000000
        2045000	       203	800040c4	00000013	addi	x0,x0,0	  x0:0x00000000
        2055000	       204	800040c8	fe1ff0ef	jal	x1,800040c8	  x1=0x800040c8
        2065000	       205	00000000	00000013	addi	x0,x0,0	  x0:0x00000000
        2075000	       206	800040a4	00000013	addi	x0,x0,0	  x0:0x00000000
        2085000	       207	800040a8	02c00aef	jal	x21,800040a8	 x21=0x800040a8
        2095000	       208	00000000	00000013	addi	x0,x0,0	  x0:0x00000000
        2105000	       209	800040d0	00000013	addi	x0,x0,0	  x0:0x00000000
        2115000	       210	800040d4	fcdff0ef	jal	x1,800040d4	  x1=0x800040d4
        2125000	       211	00000000	00000013	addi	x0,x0,0	  x0:0x00000000
        2135000	       212	8000409c	00000013	addi	x0,x0,0	  x0:0x00000000
        2145000	       213	800040a0	010001ef	jal	x3,800040a0	  x3=0x800040a0
        2155000	       214	00000000	00000013	addi	x0,x0,0	  x0:0x00000000
        2165000	       215	800040ac	00000013	addi	x0,x0,0	  x0:0x00000000
        2175000	       216	800040b0	0280076f	jal	x14,800040b0	 x14=0x800040b0
        2185000	       217	00000000	00000013	addi	x0,x0,0	  x0:0x00000000
        2195000	       218	800040d4	00000013	addi	x0,x0,0	  x0:0x00000000
        2205000	       219	800040d8	fb9ffaef	jal	x21,800040d8	 x21=0x800040d8
        2215000	       220	00000000	00000013	addi	x0,x0,0	  x0:0x00000000
        2225000	       221	8000408c	00000013	addi	x0,x0,0	  x0:0x00000000
        2235000	       222	80004090	04c0036f	jal	x6,80004090	  x6=0x80004090
        2245000	       223	00000000	00000013	addi	x0,x0,0	  x0:0x00000000
        2255000	       224	800040d8	00000013	addi	x0,x0,0	  x0:0x00000000
        2265000	       225	800040dc	f2937e93	andi	x29,x6,-215	  x6:0x80004090 x29=0x80004000
        2275000	       226	800040e0	0600096f	jal	x18,800040e0	 x18=0x800040e0
        2285000	       227	00000000	00000013	addi	x0,x0,0	  x0:0x00000000
        2295000	       228	8000413c	00000013	addi	x0,x0,0	  x0:0x00000000
        2305000	       229	80004140	fe9ff0ef	jal	x1,80004140	  x1=0x80004140
        2315000	       230	00000000	00000013	addi	x0,x0,0	  x0:0x00000000
        2325000	       231	80004124	00000013	addi	x0,x0,0	  x0:0x00000000
        2335000	       232	80004128	01c000ef	jal	x1,80004128	  x1=0x80004128
        2345000	       233	00000000	00000013	addi	x0,x0,0	  x0:0x00000000
        2355000	       234	80004140	00000013	addi	x0,x0,0	  x0:0x00000000
        2365000	       235	80004144	fa5ff2ef	jal	x5,80004144	  x5=0x80004144
        2375000	       236	00000000	00000013	addi	x0,x0,0	  x0:0x00000000
        2385000	       237	800040e4	00000013	addi	x0,x0,0	  x0:0x00000000
        2395000	       238	800040e8	01c00aef	jal	x21,800040e8	 x21=0x800040e8
        2405000	       239	00000000	00000013	addi	x0,x0,0	  x0:0x00000000
        2415000	       240	80004100	00000013	addi	x0,x0,0	  x0:0x00000000
        2425000	       241	80004104	ff9ff36f	jal	x6,80004104	  x6=0x80004104
        2435000	       242	00000000	00000013	addi	x0,x0,0	  x0:0x00000000
        2445000	       243	800040f8	00000013	addi	x0,x0,0	  x0:0x00000000
        2455000	       244	800040fc	ff9ff36f	jal	x6,800040fc	  x6=0x800040fc
        2465000	       245	00000000	00000013	addi	x0,x0,0	  x0:0x00000000
        2475000	       246	800040f0	00000013	addi	x0,x0,0	  x0:0x00000000
        2485000	       247	800040f4	004000ef	jal	x1,800040f4	  x1=0x800040f4
        2495000	       248	00000000	00000013	addi	x0,x0,0	  x0:0x00000000
        2505000	       249	800040f4	00000013	addi	x0,x0,0	  x0:0x00000000
        2515000	       250	800040f8	ff9ff1ef	jal	x3,800040f8	  x3=0x800040f8
        2525000	       251	00000000	00000013	addi	x0,x0,0	  x0:0x00000000
        2535000	       252	800040ec	00000013	addi	x0,x0,0	  x0:0x00000000
        2545000	       253	800040f0	048002ef	jal	x5,800040f0	  x5=0x800040f0
        2555000	       254	00000000	00000013	addi	x0,x0,0	  x0:0x00000000
        2565000	       255	80004134	00000013	addi	x0,x0,0	  x0:0x00000000
        2575000	       256	80004138	ff5ff2ef	jal	x5,80004138	  x5=0x80004138
        2585000	       257	00000000	00000013	addi	x0,x0,0	  x0:0x00000000
        2595000	       258	80004128	00000013	addi	x0,x0,0	  x0:0x00000000
        2605000	       259	8000412c	fb9ff36f	jal	x6,8000412c	  x6=0x8000412c
        2615000	       260	00000000	00000013	addi	x0,x0,0	  x0:0x00000000
        2625000	       261	800040e0	00000013	addi	x0,x0,0	  x0:0x00000000
        2635000	       262	800040e4	024000ef	jal	x1,800040e4	  x1=0x800040e4
        2645000	       263	00000000	00000013	addi	x0,x0,0	  x0:0x00000000
        2655000	       264	80004104	00000013	addi	x0,x0,0	  x0:0x00000000
        2665000	       265	80004108	0180036f	jal	x6,80004108	  x6=0x80004108
        2675000	       266	00000000	00000013	addi	x0,x0,0	  x0:0x00000000
        2685000	       267	8000411c	00000013	addi	x0,x0,0	  x0:0x00000000
        2695000	       268	80004120	fcdff4ef	jal	x9,80004120	  x9=0x80004120
        2705000	       269	00000000	00000013	addi	x0,x0,0	  x0:0x00000000
        2715000	       270	800040e8	00000013	addi	x0,x0,0	  x0:0x00000000
        2725000	       271	800040ec	02000fef	jal	x31,800040ec	 x31=0x800040ec
        2735000	       272	00000000	00000013	addi	x0,x0,0	  x0:0x00000000
        2745000	       273	80004108	00000013	addi	x0,x0,0	  x0:0x00000000
        2755000	       274	8000410c	010000ef	jal	x1,8000410c	  x1=0x8000410c
        2765000	       275	00000000	00000013	addi	x0,x0,0	  x0:0x00000000
        2775000	       276	80004118	00000013	addi	x0,x0,0	  x0:0x00000000
        2785000	       277	8000411c	ffdff76f	jal	x14,8000411c	 x14=0x8000411c
        2795000	       278	00000000	00000013	addi	x0,x0,0	  x0:0x00000000
        2805000	       279	80004114	00000013	addi	x0,x0,0	  x0:0x00000000
        2815000	       280	80004118	ff9ff36f	jal	x6,80004118	  x6=0x80004118
        2825000	       281	00000000	00000013	addi	x0,x0,0	  x0:0x00000000
        2835000	       282	8000410c	00000013	addi	x0,x0,0	  x0:0x00000000
        2845000	       283	80004110	014000ef	jal	x1,80004110	  x1=0x80004110
        2855000	       284	00000000	00000013	addi	x0,x0,0	  x0:0x00000000
        2865000	       285	80004120	00000013	addi	x0,x0,0	  x0:0x00000000
        2875000	       286	80004124	ff1ff7ef	jal	x15,80004124	 x15=0x80004124
        2885000	       287	00000000	00000013	addi	x0,x0,0	  x0:0x00000000
        2895000	       288	80004110	00000013	addi	x0,x0,0	  x0:0x00000000
        2905000	       289	80004114	01c000ef	jal	x1,80004114	  x1=0x80004114
        2915000	       290	00000000	00000013	addi	x0,x0,0	  x0:0x00000000
        2925000	       291	8000412c	00000013	addi	x0,x0,0	  x0:0x00000000
        2935000	       292	80004130	fd1ff0ef	jal	x1,80004130	  x1=0x80004130
        2945000	       293	00000000	00000013	addi	x0,x0,0	  x0:0x00000000
        2955000	       294	800040fc	00000013	addi	x0,x0,0	  x0:0x00000000
        2965000	       295	80004100	0340036f	jal	x6,80004100	  x6=0x80004100
        2975000	       296	00000000	00000013	addi	x0,x0,0	  x0:0x00000000
        2985000	       297	80004130	00000013	addi	x0,x0,0	  x0:0x00000000
        2995000	       298	80004134	008000ef	jal	x1,80004134	  x1=0x80004134
        3005000	       299	00000000	00000013	addi	x0,x0,0	  x0:0x00000000
        3015000	       300	80004138	00000013	addi	x0,x0,0	  x0:0x00000000
        3025000	       301	8000413c	00c0036f	jal	x6,8000413c	  x6=0x8000413c
        3035000	       302	00000000	00000013	addi	x0,x0,0	  x0:0x00000000
        3045000	       303	80004144	00000013	addi	x0,x0,0	  x0:0x00000000
        3055000	       304	80004148	40185833	sra	x16,x16,x1	 x16:0xf3aeffe7  x1:0x80004134 x16=0xffffff3a
        3065000	       305	8000414c	404188b3	sub	x17,x3,x4	  x3:0x800040f8  x4:0x00000001 x17=0x800040f7
        3075000	       306	80004150	02f97463	bgeu	x18,x15,80004178	 x18:0x800040e0 x15:0x80004124
        3085000	       307	80004154	015ef733	and	x14,x29,x21	 x29:0x80004000 x21:0x800040e8 x14=0x80004000
        3095000	       308	80004158	4093d933	sra	x18,x7,x9	  x7:0x7cc02a90  x9:0x80004120 x18=0x7cc02a90
        3105000	       309	8000415c	c3ed4a93	xori	x21,x26,-962	 x26:0xa4d652fa x21=0x5b29aec4
        3115000	       310	80004160	06391b97	auipc	x23,0x6391	 x23=0x8639515c
        3125000	       311	80004164	04b46463	bltu	x8,x11,800041ac	  x8:0x80000000 x11:0x00000000
        3135000	       312	80004168	01570033	add	x0,x14,x21	 x14:0x80004000 x21:0x5b29aec4
        3145000	       313	8000416c	05b58663	beq	x11,x27,800041b8	 x11:0x00000000 x27:0xfce69598
        3155000	       314	80004170	003c1e33	sll	x28,x24,x3	 x24:0x800040c0  x3:0x800040f8 x28=0xc0000000
        3165000	       315	80004174	57c23513	sltiu	x10,x4,1404	  x4:0x00000001 x10=0x00000001
        3175000	       316	80004178	e66d2113	slti	x2,x26,-410	 x26:0xa4d652fa  x2=0x00000001
        3185000	       317	8000417c	0061fd33	and	x26,x3,x6	  x3:0x800040f8  x6:0x8000413c x26=0x80004038
        3195000	       318	80004180	02bcf263	bgeu	x25,x11,800041a4	 x25:0x1e000000 x11:0x00000000
        3205000	       319	00000000	00000013	addi	x0,x0,0	  x0:0x00000000
        3215000	       320	800041a0	00000013	addi	x0,x0,0	  x0:0x00000000
        3225000	       321	800041a4	01641433	sll	x8,x8,x22	  x8:0x80000000 x22:0x00000001  x8=0x00000000
        3235000	       322	800041a8	00000013	addi	x0,x0,0	  x0:0x00000000
        3245000	       323	800041ac	6f718993	addi	x19,x3,1783	  x3:0x800040f8 x19=0x800047ef
        3255000	       324	800041b0	eae42993	slti	x19,x8,-338	  x8:0x00000000 x19=0x00000000
        3265000	       325	800041b4	00000013	addi	x0,x0,0	  x0:0x00000000
        3275000	       326	800041b8	001f1bb3	sll	x23,x30,x1	 x30:0x80009fc4  x1:0x80004134 x23=0xfc400000
        3285000	       327	800041bc	009a4c63	blt	x20,x9,800041d4	 x20:0x00000000  x9:0x80004120
        3295000	       328	800041c0	73b4f513	andi	x10,x9,1851	  x9:0x80004120 x10=0x00000120
        3305000	       329	800041c4	014662b3	or	x5,x12,x20	 x12:0x80009f68 x20:0x00000000  x5=0x80009f68
        3315000	       330	800041c8	009b1093	slli	x1,x22,0x9	 x22:0x00000001  x1=0x00000200
        3325000	       331	800041cc	007cec33	or	x24,x25,x7	 x25:0x1e000000  x7:0x7cc02a90 x24=0x7ec02a90
        3335000	       332	800041d0	0045c7b3	xor	x15,x11,x4	 x11:0x00000000  x4:0x00000001 x15=0x00000001
        3345000	       333	800041d4	007252b3	srl	x5,x4,x7	  x4:0x00000001  x7:0x7cc02a90  x5=0x00000000
        3355000	       334	800041d8	0116d3b3	srl	x7,x13,x17	 x13:0x00000000 x17:0x800040f7  x7=0x00000000
        3365000	       335	800041dc	01ede4b3	or	x9,x27,x30	 x27:0xfce69598 x30:0x80009fc4  x9=0xfce69fdc
        3375000	       336	800041e0	001ca533	slt	x10,x25,x1	 x25:0x1e000000  x1:0x00000200 x10=0x00000000
        3385000	       337	800041e4	00bb31b3	sltu	x3,x22,x11	 x22:0x00000001 x11:0x00000000  x3=0x00000000
        3395000	       338	800041e8	9de5ad93	slti	x27,x11,-1570	 x11:0x00000000 x27=0x00000000
        3405000	       339	800041ec	120c6d93	ori	x27,x24,288	 x24:0x7ec02a90 x27=0x7ec02bb0
        3415000	       340	800041f0	40b2d193	srai	x3,x5,0xb	  x5:0x00000000  x3=0x00000000
        3425000	       341	800041f4	0241dc63	bge	x3,x4,8000422c	  x3:0x00000000  x4:0x00000001
        3435000	       342	800041f8	01d85493	srli	x9,x16,0x1d	 x16:0xffffff3a  x9=0x00000007
        3445000	       343	800041fc	00c18ab3	add	x21,x3,x12	  x3:0x00000000 x12:0x80009f68 x21=0x80009f68
        3455000	       344	80004200	34986e97	auipc	x29,0x34986	 x29=0xb498a1fc
        3465000	       345	80004204	0211e263	bltu	x3,x1,80004228	  x3:0x00000000  x1:0x00000200
        3475000	       346	00000000	00000013	addi	x0,x0,0	  x0:0x00000000
        3485000	       347	80004224	00000013	addi	x0,x0,0	  x0:0x00000000
        3495000	       348	80004228	65ea81b7	lui	x3,0x65ea8	  x3=0x65ea8000
        3505000	       349	8000422c	03e75463	bge	x14,x30,80004254	 x14:0x80004000 x30:0x80009fc4
        3515000	       350	80004230	011e4863	blt	x28,x17,80004240	 x28:0xc0000000 x17:0x800040f7
        3525000	       351	80004234	00e24ab3	xor	x21,x4,x14	  x4:0x00000001 x14:0x80004000 x21=0x80004001
        3535000	       352	80004238	04bdf463	bgeu	x27,x11,80004280	 x27:0x7ec02bb0 x11:0x00000000
        3545000	       353	00000000	00000013	addi	x0,x0,0	  x0:0x00000000
        3555000	       354	8000427c	00000013	addi	x0,x0,0	  x0:0x00000000
        3565000	       355	80004280	05e46863	bltu	x8,x30,800042d0	  x8:0x00000000 x30:0x80009fc4
        3575000	       356	00000000	00000013	addi	x0,x0,0	  x0:0x00000000
        3585000	       357	800042cc	00000013	addi	x0,x0,0	  x0:0x00000000
        3595000	       358	800042d0	00f2ab33	slt	x22,x5,x15	  x5:0x00000000 x15:0x00000001 x22=0x00000001
        3605000	       359	800042d4	0383ca63	blt	x7,x24,80004308	  x7:0x00000000 x24:0x7ec02a90
        3615000	       360	00000000	00000013	addi	x0,x0,0	  x0:0x00000000
        3625000	       361	80004304	00000013	addi	x0,x0,0	  x0:0x00000000
        3635000	       362	80004308	23873113	sltiu	x2,x14,568	 x14:0x80004000  x2=0x00000000
        3645000	       363	8000430c	006ff533	and	x10,x31,x6	 x31:0x800040ec  x6:0x8000413c x10=0x8000402c
        3655000	       364	80004310	354c3d93	sltiu	x27,x24,852	 x24:0x7ec02a90 x27=0x00000000
        3665000	       365	80004314	03b45a63	bge	x8,x27,80004348	  x8:0x00000000 x27:0x00000000
        3675000	       366	00000000	00000013	addi	x0,x0,0	  x0:0x00000000
        3685000	       367	80004344	00000013	addi	x0,x0,0	  x0:0x00000000
        3695000	       368	80004348	008bfa33	and	x20,x23,x8	 x23:0xfc400000  x8:0x00000000 x20=0x00000000
        3705000	       369	8000434c	000507b3	add	x15,x10,x0	 x10:0x8000402c  x0:0x00000000 x15=0x8000402c
        3715000	       370	80004350	00162033	slt	x0,x12,x1	 x12:0x80009f68  x1:0x00000200
        3725000	       371	80004354	41e7d093	srai	x1,x15,0x1e	 x15:0x8000402c  x1=0xfffffffe
        3735000	       372	80004358	01901033	sll	x0,x0,x25	  x0:0x00000000 x25:0x1e000000
        3745000	       373	8000435c	00659533	sll	x10,x11,x6	 x11:0x00000000  x6:0x8000413c x10=0x00000000
        3755000	       374	80004360	0130a4b3	slt	x9,x1,x19	  x1:0xfffffffe x19:0x00000000  x9=0x00000001
        3765000	       375	80004364	01234b33	xor	x22,x6,x18	  x6:0x8000413c x18:0x7cc02a90 x22=0xfcc06bac
        3775000	       376	80004368	30ee8493	addi	x9,x29,782	 x29:0xb498a1fc  x9=0xb498a50a
        3785000	       377	8000436c	002d0263	beq	x26,x2,80004370	 x26:0x80004038  x2:0x00000000
        3795000	       378	80004370	01e138b3	sltu	x17,x2,x30	  x2:0x00000000 x30:0x80009fc4 x17=0x00000001
        3805000	       379	80004374	f954e693	ori	x13,x9,-107	  x9:0xb498a50a x13=0xffffff9f
        3815000	       380	80004378	018d8533	add	x10,x27,x24	 x27:0x00000000 x24:0x7ec02a90 x10=0x7ec02a90
        3825000	       381	8000437c	00000013	addi	x0,x0,0	  x0:0x00000000
        3835000	       382	80004380	0109e933	or	x18,x19,x16	 x19:0x00000000 x16:0xffffff3a x18=0xffffff3a
        3845000	       383	80004384	0b62fe63	bgeu	x5,x22,80004440	  x5:0x00000000 x22:0xfcc06bac
        3855000	       384	80004388	6fda0813	addi	x16,x20,1789	 x20:0x00000000 x16=0x000006fd
        3865000	       385	8000438c	0009e833	or	x16,x19,x0	 x19:0x00000000  x0:0x00000000 x16=0x00000000
        3875000	       386	80004390	fda2fb93	andi	x23,x5,-38	  x5:0x00000000 x23=0x00000000
        3885000	       387	80004394	0118da13	srli	x20,x17,0x11	 x17:0x00000001 x20=0x00000000
        3895000	       388	80004398	008c98b3	sll	x17,x25,x8	 x25:0x1e000000  x8:0x00000000 x17=0x1e000000
        3905000	       389	8000439c	01583cb3	sltu	x25,x16,x21	 x16:0x00000000 x21:0x80004001 x25=0x00000001
        3915000	       390	800043a0	5b46a013	slti	x0,x13,1460	 x13:0xffffff9f
        3925000	       391	800043a4	415f5833	sra	x16,x30,x21	 x30:0x80009fc4 x21:0x80004001 x16=0xc0004fe2
        3935000	       392	800043a8	b558a513	slti	x10,x17,-1195	 x17:0x1e000000 x10=0x00000000
        3945000	       393	800043ac	0862f463	bgeu	x5,x6,80004434	  x5:0x00000000  x6:0x8000413c
        3955000	       394	800043b0	0100096f	jal	x18,800043b0	 x18=0x800043b0
        3965000	       395	00000000	00000013	addi	x0,x0,0	  x0:0x00000000
        3975000	       396	800043bc	00000013	addi	x0,x0,0	  x0:0x00000000
        3985000	       397	800043c0	044000ef	jal	x1,800043c0	  x1=0x800043c0
        3995000	       398	00000000	00000013	addi	x0,x0,0	  x0:0x00000000
        4005000	       399	80004400	00000013	addi	x0,x0,0	  x0:0x00000000
        4015000	       400	80004404	fc5ff0ef	jal	x1,80004404	  x1=0x80004404
        4025000	       401	00000000	00000013	addi	x0,x0,0	  x0:0x00000000
        4035000	       402	800043c4	00000013	addi	x0,x0,0	  x0:0x00000000
        4045000	       403	800043c8	0280036f	jal	x6,800043c8	  x6=0x800043c8
        4055000	       404	00000000	00000013	addi	x0,x0,0	  x0:0x00000000
        4065000	       405	800043ec	00000013	addi	x0,x0,0	  x0:0x00000000
        4075000	       406	800043f0	fedff36f	jal	x6,800043f0	  x6=0x800043f0
        4085000	       407	00000000	00000013	addi	x0,x0,0	  x0:0x00000000
        4095000	       408	800043d8	00000013	addi	x0,x0,0	  x0:0x00000000
        4105000	       409	800043dc	008000ef	jal	x1,800043dc	  x1=0x800043dc
        4115000	       410	00000000	00000013	addi	x0,x0,0	  x0:0x00000000
        4125000	       411	800043e0	00000013	addi	x0,x0,0	  x0:0x00000000
        4135000	       412	800043e4	fedff1ef	jal	x3,800043e4	  x3=0x800043e4
        4145000	       413	00000000	00000013	addi	x0,x0,0	  x0:0x00000000
        4155000	       414	800043cc	00000013	addi	x0,x0,0	  x0:0x00000000
        4165000	       415	800043d0	04c000ef	jal	x1,800043d0	  x1=0x800043d0
        4175000	       416	00000000	00000013	addi	x0,x0,0	  x0:0x00000000
        4185000	       417	80004418	00000013	addi	x0,x0,0	  x0:0x00000000
        4195000	       418	8000441c	fd9ff56f	jal	x10,8000441c	 x10=0x8000441c
        4205000	       419	00000000	00000013	addi	x0,x0,0	  x0:0x00000000
        4215000	       420	800043f0	00000013	addi	x0,x0,0	  x0:0x00000000
        4225000	       421	800043f4	020000ef	jal	x1,800043f4	  x1=0x800043f4
        4235000	       422	00000000	00000013	addi	x0,x0,0	  x0:0x00000000
        4245000	       423	80004410	00000013	addi	x0,x0,0	  x0:0x00000000
        4255000	       424	80004414	fb1ff0ef	jal	x1,80004414	  x1=0x80004414
        4265000	       425	00000000	00000013	addi	x0,x0,0	  x0:0x00000000
        4275000	       426	800043c0	00000013	addi	x0,x0,0	  x0:0x00000000
        4285000	       427	800043c4	048000ef	jal	x1,800043c4	  x1=0x800043c4
        4295000	       428	00000000	00000013	addi	x0,x0,0	  x0:0x00000000
        4305000	       429	80004408	00000013	addi	x0,x0,0	  x0:0x00000000
        4315000	       430	8000440c	ff5ff0ef	jal	x1,8000440c	  x1=0x8000440c
        4325000	       431	00000000	00000013	addi	x0,x0,0	  x0:0x00000000
        4335000	       432	800043fc	00000013	addi	x0,x0,0	  x0:0x00000000
        4345000	       433	80004400	fcdff0ef	jal	x1,80004400	  x1=0x80004400
        4355000	       434	00000000	00000013	addi	x0,x0,0	  x0:0x00000000
        4365000	       435	800043c8	00000013	addi	x0,x0,0	  x0:0x00000000
        4375000	       436	800043cc	04c002ef	jal	x5,800043cc	  x5=0x800043cc
        4385000	       437	00000000	00000013	addi	x0,x0,0	  x0:0x00000000
        4395000	       438	80004414	00000013	addi	x0,x0,0	  x0:0x00000000
        4405000	       439	80004418	f9dff0ef	jal	x1,80004418	  x1=0x80004418
        4415000	       440	00000000	00000013	addi	x0,x0,0	  x0:0x00000000
        4425000	       441	800043b0	00000013	addi	x0,x0,0	  x0:0x00000000
        4435000	       442	800043b4	034000ef	jal	x1,800043b4	  x1=0x800043b4
        4445000	       443	00000000	00000013	addi	x0,x0,0	  x0:0x00000000
        4455000	       444	800043e4	00000013	addi	x0,x0,0	  x0:0x00000000
        4465000	       445	800043e8	0100056f	jal	x10,800043e8	 x10=0x800043e8
        4475000	       446	00000000	00000013	addi	x0,x0,0	  x0:0x00000000
        4485000	       447	800043f4	00000013	addi	x0,x0,0	  x0:0x00000000
        4495000	       448	800043f8	0100036f	jal	x6,800043f8	  x6=0x800043f8
        4505000	       449	00000000	00000013	addi	x0,x0,0	  x0:0x00000000
        4515000	       450	80004404	00000013	addi	x0,x0,0	  x0:0x00000000
        4525000	       451	80004408	fd9ffa6f	jal	x20,80004408	 x20=0x80004408
        4535000	       452	00000000	00000013	addi	x0,x0,0	  x0:0x00000000
        4545000	       453	800043dc	00000013	addi	x0,x0,0	  x0:0x00000000
        4555000	       454	800043e0	fddff0ef	jal	x1,800043e0	  x1=0x800043e0
        4565000	       455	00000000	00000013	addi	x0,x0,0	  x0:0x00000000
        4575000	       456	800043b8	00000013	addi	x0,x0,0	  x0:0x00000000
        4585000	       457	800043bc	054000ef	jal	x1,800043bc	  x1=0x800043bc
        4595000	       458	00000000	00000013	addi	x0,x0,0	  x0:0x00000000
        4605000	       459	8000440c	00000013	addi	x0,x0,0	  x0:0x00000000
        4615000	       460	80004410	fa9ffbef	jal	x23,80004410	 x23=0x80004410
        4625000	       461	00000000	00000013	addi	x0,x0,0	  x0:0x00000000
        4635000	       462	800043b4	00000013	addi	x0,x0,0	  x0:0x00000000
        4645000	       463	800043b8	01c0036f	jal	x6,800043b8	  x6=0x800043b8
        4655000	       464	00000000	00000013	addi	x0,x0,0	  x0:0x00000000
        4665000	       465	800043d0	00000013	addi	x0,x0,0	  x0:0x00000000
        4675000	       466	800043d4	018000ef	jal	x1,800043d4	  x1=0x800043d4
        4685000	       467	00000000	00000013	addi	x0,x0,0	  x0:0x00000000
        4695000	       468	800043e8	00000013	addi	x0,x0,0	  x0:0x00000000
        4705000	       469	800043ec	fedff36f	jal	x6,800043ec	  x6=0x800043ec
        4715000	       470	00000000	00000013	addi	x0,x0,0	  x0:0x00000000
        4725000	       471	800043d4	00000013	addi	x0,x0,0	  x0:0x00000000
        4735000	       472	800043d8	02400e6f	jal	x28,800043d8	 x28=0x800043d8
        4745000	       473	00000000	00000013	addi	x0,x0,0	  x0:0x00000000
        4755000	       474	800043f8	00000013	addi	x0,x0,0	  x0:0x00000000
        4765000	       475	800043fc	024000ef	jal	x1,800043fc	  x1=0x800043fc
        4775000	       476	00000000	00000013	addi	x0,x0,0	  x0:0x00000000
        4785000	       477	8000441c	00000013	addi	x0,x0,0	  x0:0x00000000
        4795000	       478	80004420	02324893	xori	x17,x4,35	  x4:0x00000001 x17=0x00000022
        4805000	       479	80004424	01011893	slli	x17,x2,0x10	  x2:0x00000000 x17=0x00000000
        4815000	       480	80004428	00000013	addi	x0,x0,0	  x0:0x00000000
        4825000	       481	8000442c	41795733	sra	x14,x18,x23	 x18:0x800043b0 x23:0x80004410 x14=0xffff8000
        4835000	       482	80004430	c3eb8313	addi	x6,x23,-962	 x23:0x80004410  x6=0x8000404e
        4845000	       483	80004434	00c3f833	and	x16,x7,x12	  x7:0x00000000 x12:0x80009f68 x16=0x00000000
        4855000	       484	80004438	023c7863	bgeu	x24,x3,80004468	 x24:0x7ec02a90  x3:0x800043e4
        4865000	       485	8000443c	00becfb3	xor	x31,x29,x11	 x29:0xb498a1fc x11:0x00000000 x31=0xb498a1fc
        4875000	       486	80004440	e91c7c13	andi	x24,x24,-367	 x24:0x7ec02a90 x24=0x7ec02a90
        4885000	       487	80004444	00979693	slli	x13,x15,0x9	 x15:0x8000402c x13=0x00805800
        4895000	       488	80004448	010ffa33	and	x20,x31,x16	 x31:0xb498a1fc x16:0x00000000 x20=0x00000000
        4905000	       489	8000444c	01434863	blt	x6,x20,8000445c	  x6:0x8000404e x20:0x00000000
        4915000	       490	00000000	00000013	addi	x0,x0,0	  x0:0x00000000
        4925000	       491	80004458	00000013	addi	x0,x0,0	  x0:0x00000000
        4935000	       492	8000445c	01035fb3	srl	x31,x6,x16	  x6:0x8000404e x16:0x00000000 x31=0x8000404e
        4945000	       493	80004460	d76d8e13	addi	x28,x27,-650	 x27:0x00000000 x28=0xfffffd76
        4955000	       494	80004464	00371c13	slli	x24,x14,0x3	 x14:0xffff8000 x24=0xfffc0000
        4965000	       495	80004468	30a8c793	xori	x15,x17,778	 x17:0x00000000 x15=0x0000030a
        4975000	       496	8000446c	00bb7eb3	and	x29,x22,x11	 x22:0xfcc06bac x11:0x00000000 x29=0x00000000
        4985000	       497	80004470	1049e493	ori	x9,x19,260	 x19:0x00000000  x9=0x00000104
        4995000	       498	80004474	4085dab3	sra	x21,x11,x8	 x11:0x00000000  x8:0x00000000 x21=0x00000000
        5005000	       499	80004478	40a8d133	sra	x2,x17,x10	 x17:0x00000000 x10:0x800043e8  x2=0x00000000
        5015000	       500	8000447c	01008fb3	add	x31,x1,x16	  x1:0x800043fc x16:0x00000000 x31=0x800043fc
        5025000	       501	80004480	0097a7b3	slt	x15,x15,x9	 x15:0x0000030a  x9:0x00000104 x15=0x00000000
        5035000	       502	80004484	01d99c93	slli	x25,x19,0x1d	 x19:0x00000000 x25=0x00000000
        5045000	       503	80004488	00317e33	and	x28,x2,x3	  x2:0x00000000  x3:0x800043e4 x28=0x00000000
        5055000	       504	8000448c	05d05063	bge	x0,x29,800044cc	  x0:0x00000000 x29:0x00000000
        5065000	       505	00000000	00000013	addi	x0,x0,0	  x0:0x00000000
        5075000	       506	800044c8	00000013	addi	x0,x0,0	  x0:0x00000000
        5085000	       507	800044cc	00fde663	bltu	x27,x15,800044d8	 x27:0x00000000 x15:0x00000000
        5095000	       508	800044d0	4094de93	srai	x29,x9,0x9	  x9:0x00000104 x29=0x00000000
        5105000	       509	800044d4	0035cdb3	xor	x27,x11,x3	 x11:0x00000000  x3:0x800043e4 x27=0x800043e4
        5115000	       510	800044d8	00eb8ab3	add	x21,x23,x14	 x23:0x80004410 x14:0xffff8000 x21=0x7fffc410
        5125000	       511	800044dc	58d12693	slti	x13,x2,1421	  x2:0x00000000 x13=0x00000001
        5135000	       512	800044e0	fa630813	addi	x16,x6,-90	  x6:0x8000404e x16=0x80003ff4
        5145000	       513	800044e4	015d1a33	sll	x20,x26,x21	 x26:0x80004038 x21:0x7fffc410 x20=0x40380000
        5155000	       514	800044e8	009b9a93	slli	x21,x23,0x9	 x23:0x80004410 x21=0x00882000
        5165000	       515	800044ec	00462903	lw	x18,4(x12)	 x12:0x80009f68 x18=0x8000016c PA:0x80009f6c
        5175000	       516	800044f0	019027b3	slt	x15,x0,x25	  x0:0x00000000 x25:0x00000000 x15=0x00000000
        5185000	       517	800044f4	01c60613	addi	x12,x12,28	 x12:0x80009f68 x12=0x80009f84
        5195000	       518	800044f8	2725b813	sltiu	x16,x11,626	 x11:0x00000000 x16=0x00000001
        5205000	       519	800044fc	00190593	addi	x11,x18,1	 x18:0x8000016c x11=0x8000016d
        5215000	       520	80004500	000585e7	jalr	x11,x11,0	 x11:0x8000016d x11=0x80004500
        5225000	       521	00000000	00000013	addi	x0,x0,0	  x0:0x00000000
        5235000	       522	8000016c	00000013	addi	x0,x0,0	  x0:0x00000000
        5245000	       523	80000170	0140096f	jal	x18,80000170	 x18=0x80000170
        5255000	       524	00000000	00000013	addi	x0,x0,0	  x0:0x00000000
        5265000	       525	80000180	00000013	addi	x0,x0,0	  x0:0x00000000
        5275000	       526	80000184	028007ef	jal	x15,80000184	 x15=0x80000184
        5285000	       527	00000000	00000013	addi	x0,x0,0	  x0:0x00000000
        5295000	       528	800001a8	00000013	addi	x0,x0,0	  x0:0x00000000
        5305000	       529	800001ac	014000ef	jal	x1,800001ac	  x1=0x800001ac
        5315000	       530	00000000	00000013	addi	x0,x0,0	  x0:0x00000000
        5325000	       531	800001bc	00000013	addi	x0,x0,0	  x0:0x00000000
        5335000	       532	800001c0	fd1ff0ef	jal	x1,800001c0	  x1=0x800001c0
        5345000	       533	00000000	00000013	addi	x0,x0,0	  x0:0x00000000
        5355000	       534	8000018c	00000013	addi	x0,x0,0	  x0:0x00000000
        5365000	       535	80000190	004000ef	jal	x1,80000190	  x1=0x80000190
        5375000	       536	00000000	00000013	addi	x0,x0,0	  x0:0x00000000
        5385000	       537	80000190	00000013	addi	x0,x0,0	  x0:0x00000000
        5395000	       538	80000194	034000ef	jal	x1,80000194	  x1=0x80000194
        5405000	       539	00000000	00000013	addi	x0,x0,0	  x0:0x00000000
        5415000	       540	800001c4	00000013	addi	x0,x0,0	  x0:0x00000000
        5425000	       541	800001c8	fd5ff36f	jal	x6,800001c8	  x6=0x800001c8
        5435000	       542	00000000	00000013	addi	x0,x0,0	  x0:0x00000000
        5445000	       543	80000198	00000013	addi	x0,x0,0	  x0:0x00000000
        5455000	       544	8000019c	020000ef	jal	x1,8000019c	  x1=0x8000019c
        5465000	       545	00000000	00000013	addi	x0,x0,0	  x0:0x00000000
        5475000	       546	800001b8	00000013	addi	x0,x0,0	  x0:0x00000000
        5485000	       547	800001bc	fe9ff0ef	jal	x1,800001bc	  x1=0x800001bc
        5495000	       548	00000000	00000013	addi	x0,x0,0	  x0:0x00000000
        5505000	       549	800001a0	00000013	addi	x0,x0,0	  x0:0x00000000
        5515000	       550	800001a4	020000ef	jal	x1,800001a4	  x1=0x800001a4
        5525000	       551	00000000	00000013	addi	x0,x0,0	  x0:0x00000000
        5535000	       552	800001c0	00000013	addi	x0,x0,0	  x0:0x00000000
        5545000	       553	800001c4	fb9ff1ef	jal	x3,800001c4	  x3=0x800001c4
        5555000	       554	00000000	00000013	addi	x0,x0,0	  x0:0x00000000
        5565000	       555	80000178	00000013	addi	x0,x0,0	  x0:0x00000000
        5575000	       556	8000017c	010000ef	jal	x1,8000017c	  x1=0x8000017c
        5585000	       557	00000000	00000013	addi	x0,x0,0	  x0:0x00000000
        5595000	       558	80000188	00000013	addi	x0,x0,0	  x0:0x00000000
        5605000	       559	8000018c	fe9ff0ef	jal	x1,8000018c	  x1=0x8000018c
        5615000	       560	00000000	00000013	addi	x0,x0,0	  x0:0x00000000
        5625000	       561	80000170	00000013	addi	x0,x0,0	  x0:0x00000000
        5635000	       562	80000174	0400036f	jal	x6,80000174	  x6=0x80000174
        5645000	       563	00000000	00000013	addi	x0,x0,0	  x0:0x00000000
        5655000	       564	800001b0	00000013	addi	x0,x0,0	  x0:0x00000000
        5665000	       565	800001b4	fc5ff36f	jal	x6,800001b4	  x6=0x800001b4
        5675000	       566	00000000	00000013	addi	x0,x0,0	  x0:0x00000000
        5685000	       567	80000174	00000013	addi	x0,x0,0	  x0:0x00000000
        5695000	       568	80000178	010000ef	jal	x1,80000178	  x1=0x80000178
        5705000	       569	00000000	00000013	addi	x0,x0,0	  x0:0x00000000
        5715000	       570	80000184	00000013	addi	x0,x0,0	  x0:0x00000000
        5725000	       571	80000188	020000ef	jal	x1,80000188	  x1=0x80000188
        5735000	       572	00000000	00000013	addi	x0,x0,0	  x0:0x00000000
        5745000	       573	800001a4	00000013	addi	x0,x0,0	  x0:0x00000000
        5755000	       574	800001a8	0080036f	jal	x6,800001a8	  x6=0x800001a8
        5765000	       575	00000000	00000013	addi	x0,x0,0	  x0:0x00000000
        5775000	       576	800001ac	00000013	addi	x0,x0,0	  x0:0x00000000
        5785000	       577	800001b0	0080036f	jal	x6,800001b0	  x6=0x800001b0
        5795000	       578	00000000	00000013	addi	x0,x0,0	  x0:0x00000000
        5805000	       579	800001b4	00000013	addi	x0,x0,0	  x0:0x00000000
        5815000	       580	800001b8	fe1ff2ef	jal	x5,800001b8	  x5=0x800001b8
        5825000	       581	00000000	00000013	addi	x0,x0,0	  x0:0x00000000
        5835000	       582	80000194	00000013	addi	x0,x0,0	  x0:0x00000000
        5845000	       583	80000198	0080036f	jal	x6,80000198	  x6=0x80000198
        5855000	       584	00000000	00000013	addi	x0,x0,0	  x0:0x00000000
        5865000	       585	8000019c	00000013	addi	x0,x0,0	  x0:0x00000000
        5875000	       586	800001a0	fe1ff36f	jal	x6,800001a0	  x6=0x800001a0
        5885000	       587	00000000	00000013	addi	x0,x0,0	  x0:0x00000000
        5895000	       588	8000017c	00000013	addi	x0,x0,0	  x0:0x00000000
        5905000	       589	80000180	04c000ef	jal	x1,80000180	  x1=0x80000180
        5915000	       590	00000000	00000013	addi	x0,x0,0	  x0:0x00000000
        5925000	       591	800001c8	00000013	addi	x0,x0,0	  x0:0x00000000
        5935000	       592	800001cc	41175333	sra	x6,x14,x17	 x14:0xffff8000 x17:0x00000000  x6=0xffff8000
        5945000	       593	800001d0	0180096f	jal	x18,800001d0	 x18=0x800001d0
        5955000	       594	00000000	00000013	addi	x0,x0,0	  x0:0x00000000
        5965000	       595	800001e4	00000013	addi	x0,x0,0	  x0:0x00000000
        5975000	       596	800001e8	010004ef	jal	x9,800001e8	  x9=0x800001e8
        5985000	       597	00000000	00000013	addi	x0,x0,0	  x0:0x00000000
        5995000	       598	800001f4	00000013	addi	x0,x0,0	  x0:0x00000000
        6005000	       599	800001f8	fe9ff0ef	jal	x1,800001f8	  x1=0x800001f8
        6015000	       600	00000000	00000013	addi	x0,x0,0	  x0:0x00000000
        6025000	       601	800001dc	00000013	addi	x0,x0,0	  x0:0x00000000
        6035000	       602	800001e0	040000ef	jal	x1,800001e0	  x1=0x800001e0
        6045000	       603	00000000	00000013	addi	x0,x0,0	  x0:0x00000000
        6055000	       604	8000021c	00000013	addi	x0,x0,0	  x0:0x00000000
        6065000	       605	80000220	ff9ff36f	jal	x6,80000220	  x6=0x80000220
        6075000	       606	00000000	00000013	addi	x0,x0,0	  x0:0x00000000
        6085000	       607	80000214	00000013	addi	x0,x0,0	  x0:0x00000000
        6095000	       608	80000218	0240036f	jal	x6,80000218	  x6=0x80000218
        6105000	       609	00000000	00000013	addi	x0,x0,0	  x0:0x00000000
        6115000	       610	80000238	00000013	addi	x0,x0,0	  x0:0x00000000
        6125000	       611	8000023c	0040036f	jal	x6,8000023c	  x6=0x8000023c
        6135000	       612	00000000	00000013	addi	x0,x0,0	  x0:0x00000000
        6145000	       613	8000023c	00000013	addi	x0,x0,0	  x0:0x00000000
        6155000	       614	80000240	fa5ff0ef	jal	x1,80000240	  x1=0x80000240
        6165000	       615	00000000	00000013	addi	x0,x0,0	  x0:0x00000000
        6175000	       616	800001e0	00000013	addi	x0,x0,0	  x0:0x00000000
        6185000	       617	800001e4	01c000ef	jal	x1,800001e4	  x1=0x800001e4
        6195000	       618	00000000	00000013	addi	x0,x0,0	  x0:0x00000000
        6205000	       619	800001fc	00000013	addi	x0,x0,0	  x0:0x00000000
        6215000	       620	80000200	0340036f	jal	x6,80000200	  x6=0x80000200
        6225000	       621	00000000	00000013	addi	x0,x0,0	  x0:0x00000000
        6235000	       622	80000230	00000013	addi	x0,x0,0	  x0:0x00000000
        6245000	       623	80000234	fe1ff1ef	jal	x3,80000234	  x3=0x80000234
        6255000	       624	00000000	00000013	addi	x0,x0,0	  x0:0x00000000
        6265000	       625	80000210	00000013	addi	x0,x0,0	  x0:0x00000000
        6275000	       626	80000214	ff9ff0ef	jal	x1,80000214	  x1=0x80000214
        6285000	       627	00000000	00000013	addi	x0,x0,0	  x0:0x00000000
        6295000	       628	80000208	00000013	addi	x0,x0,0	  x0:0x00000000
        6305000	       629	8000020c	ff1ff0ef	jal	x1,8000020c	  x1=0x8000020c
        6315000	       630	00000000	00000013	addi	x0,x0,0	  x0:0x00000000
        6325000	       631	800001f8	00000013	addi	x0,x0,0	  x0:0x00000000
        6335000	       632	800001fc	0280056f	jal	x10,800001fc	 x10=0x800001fc
        6345000	       633	00000000	00000013	addi	x0,x0,0	  x0:0x00000000
        6355000	       634	80000220	00000013	addi	x0,x0,0	  x0:0x00000000
        6365000	       635	80000224	0140096f	jal	x18,80000224	 x18=0x80000224
        6375000	       636	00000000	00000013	addi	x0,x0,0	  x0:0x00000000
        6385000	       637	80000234	00000013	addi	x0,x0,0	  x0:0x00000000
        6395000	       638	80000238	ff5ff0ef	jal	x1,80000238	  x1=0x80000238
        6405000	       639	00000000	00000013	addi	x0,x0,0	  x0:0x00000000
        6415000	       640	80000228	00000013	addi	x0,x0,0	  x0:0x00000000
        6425000	       641	8000022c	ffdffa6f	jal	x20,8000022c	 x20=0x8000022c
        6435000	       642	00000000	00000013	addi	x0,x0,0	  x0:0x00000000
        6445000	       643	80000224	00000013	addi	x0,x0,0	  x0:0x00000000
        6455000	       644	80000228	fb1ff86f	jal	x16,80000228	 x16=0x80000228
        6465000	       645	00000000	00000013	addi	x0,x0,0	  x0:0x00000000
        6475000	       646	800001d4	00000013	addi	x0,x0,0	  x0:0x00000000
        6485000	       647	800001d8	ffdff1ef	jal	x3,800001d8	  x3=0x800001d8
        6495000	       648	00000000	00000013	addi	x0,x0,0	  x0:0x00000000
        6505000	       649	800001d0	00000013	addi	x0,x0,0	  x0:0x00000000
        6515000	       650	800001d4	018005ef	jal	x11,800001d4	 x11=0x800001d4
        6525000	       651	00000000	00000013	addi	x0,x0,0	  x0:0x00000000
        6535000	       652	800001e8	00000013	addi	x0,x0,0	  x0:0x00000000
        6545000	       653	800001ec	0300036f	jal	x6,800001ec	  x6=0x800001ec
        6555000	       654	00000000	00000013	addi	x0,x0,0	  x0:0x00000000
        6565000	       655	80000218	00000013	addi	x0,x0,0	  x0:0x00000000
        6575000	       656	8000021c	fedff0ef	jal	x1,8000021c	  x1=0x8000021c
        6585000	       657	00000000	00000013	addi	x0,x0,0	  x0:0x00000000
        6595000	       658	80000204	00000013	addi	x0,x0,0	  x0:0x00000000
        6605000	       659	80000208	008009ef	jal	x19,80000208	 x19=0x80000208
        6615000	       660	00000000	00000013	addi	x0,x0,0	  x0:0x00000000
        6625000	       661	8000020c	00000013	addi	x0,x0,0	  x0:0x00000000
        6635000	       662	80000210	fcdff0ef	jal	x1,80000210	  x1=0x80000210
        6645000	       663	00000000	00000013	addi	x0,x0,0	  x0:0x00000000
        6655000	       664	800001d8	00000013	addi	x0,x0,0	  x0:0x00000000
        6665000	       665	800001dc	054000ef	jal	x1,800001dc	  x1=0x800001dc
        6675000	       666	00000000	00000013	addi	x0,x0,0	  x0:0x00000000
        6685000	       667	8000022c	00000013	addi	x0,x0,0	  x0:0x00000000
        6695000	       668	80000230	018000ef	jal	x1,80000230	  x1=0x80000230
        6705000	       669	00000000	00000013	addi	x0,x0,0	  x0:0x00000000
        6715000	       670	80000244	00000013	addi	x0,x0,0	  x0:0x00000000
        6725000	       671	80000248	fbdff0ef	jal	x1,80000248	  x1=0x80000248
        6735000	       672	00000000	00000013	addi	x0,x0,0	  x0:0x00000000
        6745000	       673	80000200	00000013	addi	x0,x0,0	  x0:0x00000000
        6755000	       674	80000204	fedff6ef	jal	x13,80000204	 x13=0x80000204
        6765000	       675	00000000	00000013	addi	x0,x0,0	  x0:0x00000000
        6775000	       676	800001ec	00000013	addi	x0,x0,0	  x0:0x00000000
        6785000	       677	800001f0	0040016f	jal	x2,800001f0	  x2=0x800001f0
        6795000	       678	00000000	00000013	addi	x0,x0,0	  x0:0x00000000
        6805000	       679	800001f0	00000013	addi	x0,x0,0	  x0:0x00000000
        6815000	       680	800001f4	0500036f	jal	x6,800001f4	  x6=0x800001f4
        6825000	       681	00000000	00000013	addi	x0,x0,0	  x0:0x00000000
        6835000	       682	80000240	00000013	addi	x0,x0,0	  x0:0x00000000
        6845000	       683	80000244	0080046f	jal	x8,80000244	  x8=0x80000244
        6855000	       684	00000000	00000013	addi	x0,x0,0	  x0:0x00000000
        6865000	       685	80000248	00000013	addi	x0,x0,0	  x0:0x00000000
        6875000	       686	8000024c	8074f793	andi	x15,x9,-2041	  x9:0x800001e8 x15=0x80000000
        6885000	       687	80000250	0440096f	jal	x18,80000250	 x18=0x80000250
        6895000	       688	00000000	00000013	addi	x0,x0,0	  x0:0x00000000
        6905000	       689	80000290	00000013	addi	x0,x0,0	  x0:0x00000000
        6915000	       690	80000294	00c000ef	jal	x1,80000294	  x1=0x80000294
        6925000	       691	00000000	00000013	addi	x0,x0,0	  x0:0x00000000
        6935000	       692	8000029c	00000013	addi	x0,x0,0	  x0:0x00000000
        6945000	       693	800002a0	fd9ff36f	jal	x6,800002a0	  x6=0x800002a0
        6955000	       694	00000000	00000013	addi	x0,x0,0	  x0:0x00000000
        6965000	       695	80000274	00000013	addi	x0,x0,0	  x0:0x00000000
        6975000	       696	80000278	038000ef	jal	x1,80000278	  x1=0x80000278
        6985000	       697	00000000	00000013	addi	x0,x0,0	  x0:0x00000000
        6995000	       698	800002ac	00000013	addi	x0,x0,0	  x0:0x00000000
        7005000	       699	800002b0	fd9ffa6f	jal	x20,800002b0	 x20=0x800002b0
        7015000	       700	00000000	00000013	addi	x0,x0,0	  x0:0x00000000
        7025000	       701	80000284	00000013	addi	x0,x0,0	  x0:0x00000000
        7035000	       702	80000288	fcdff36f	jal	x6,80000288	  x6=0x80000288
        7045000	       703	00000000	00000013	addi	x0,x0,0	  x0:0x00000000
        7055000	       704	80000250	00000013	addi	x0,x0,0	  x0:0x00000000
        7065000	       705	80000254	014000ef	jal	x1,80000254	  x1=0x80000254
        7075000	       706	00000000	00000013	addi	x0,x0,0	  x0:0x00000000
        7085000	       707	80000264	00000013	addi	x0,x0,0	  x0:0x00000000
        7095000	       708	80000268	03c0046f	jal	x8,80000268	  x8=0x80000268
        7105000	       709	00000000	00000013	addi	x0,x0,0	  x0:0x00000000
        7115000	       710	800002a0	00000013	addi	x0,x0,0	  x0:0x00000000
        7125000	       711	800002a4	fc1ff0ef	jal	x1,800002a4	  x1=0x800002a4
        7135000	       712	00000000	00000013	addi	x0,x0,0	  x0:0x00000000
        7145000	       713	80000260	00000013	addi	x0,x0,0	  x0:0x00000000
        7155000	       714	80000264	01c00c6f	jal	x24,80000264	 x24=0x80000264
        7165000	       715	00000000	00000013	addi	x0,x0,0	  x0:0x00000000
        7175000	       716	8000027c	00000013	addi	x0,x0,0	  x0:0x00000000
        7185000	       717	80000280	fe1ff36f	jal	x6,80000280	  x6=0x80000280
        7195000	       718	00000000	00000013	addi	x0,x0,0	  x0:0x00000000
        7205000	       719	8000025c	00000013	addi	x0,x0,0	  x0:0x00000000
        7215000	       720	80000260	00c00fef	jal	x31,80000260	 x31=0x80000260
        7225000	       721	00000000	00000013	addi	x0,x0,0	  x0:0x00000000
        7235000	       722	80000268	00000013	addi	x0,x0,0	  x0:0x00000000
        7245000	       723	8000026c	0480036f	jal	x6,8000026c	  x6=0x8000026c
        7255000	       724	00000000	00000013	addi	x0,x0,0	  x0:0x00000000
        7265000	       725	800002b0	00000013	addi	x0,x0,0	  x0:0x00000000
        7275000	       726	800002b4	fd9ff0ef	jal	x1,800002b4	  x1=0x800002b4
        7285000	       727	00000000	00000013	addi	x0,x0,0	  x0:0x00000000
        7295000	       728	80000288	00000013	addi	x0,x0,0	  x0:0x00000000
        7305000	       729	8000028c	ff1ff1ef	jal	x3,8000028c	  x3=0x8000028c
        7315000	       730	00000000	00000013	addi	x0,x0,0	  x0:0x00000000
        7325000	       731	80000278	00000013	addi	x0,x0,0	  x0:0x00000000
        7335000	       732	8000027c	01400b6f	jal	x22,8000027c	 x22=0x8000027c
        7345000	       733	00000000	00000013	addi	x0,x0,0	  x0:0x00000000
        7355000	       734	8000028c	00000013	addi	x0,x0,0	  x0:0x00000000
        7365000	       735	80000290	fe1ff0ef	jal	x1,80000290	  x1=0x80000290
        7375000	       736	00000000	00000013	addi	x0,x0,0	  x0:0x00000000
        7385000	       737	8000026c	00000013	addi	x0,x0,0	  x0:0x00000000
        7395000	       738	80000270	038001ef	jal	x3,80000270	  x3=0x80000270
        7405000	       739	00000000	00000013	addi	x0,x0,0	  x0:0x00000000
        7415000	       740	800002a4	00000013	addi	x0,x0,0	  x0:0x00000000
        7425000	       741	800002a8	ff1ff0ef	jal	x1,800002a8	  x1=0x800002a8
        7435000	       742	00000000	00000013	addi	x0,x0,0	  x0:0x00000000
        7445000	       743	80000294	00000013	addi	x0,x0,0	  x0:0x00000000
        7455000	       744	80000298	0040036f	jal	x6,80000298	  x6=0x80000298
        7465000	       745	00000000	00000013	addi	x0,x0,0	  x0:0x00000000
        7475000	       746	80000298	00000013	addi	x0,x0,0	  x0:0x00000000
        7485000	       747	8000029c	fc1ff0ef	jal	x1,8000029c	  x1=0x8000029c
        7495000	       748	00000000	00000013	addi	x0,x0,0	  x0:0x00000000
        7505000	       749	80000258	00000013	addi	x0,x0,0	  x0:0x00000000
        7515000	       750	8000025c	0280036f	jal	x6,8000025c	  x6=0x8000025c
        7525000	       751	00000000	00000013	addi	x0,x0,0	  x0:0x00000000
        7535000	       752	80000280	00000013	addi	x0,x0,0	  x0:0x00000000
        7545000	       753	80000284	ff1ff16f	jal	x2,80000284	  x2=0x80000284
        7555000	       754	00000000	00000013	addi	x0,x0,0	  x0:0x00000000
        7565000	       755	80000270	00000013	addi	x0,x0,0	  x0:0x00000000
        7575000	       756	80000274	0380016f	jal	x2,80000274	  x2=0x80000274
        7585000	       757	00000000	00000013	addi	x0,x0,0	  x0:0x00000000
        7595000	       758	800002a8	00000013	addi	x0,x0,0	  x0:0x00000000
        7605000	       759	800002ac	fadff36f	jal	x6,800002ac	  x6=0x800002ac
        7615000	       760	00000000	00000013	addi	x0,x0,0	  x0:0x00000000
        7625000	       761	80000254	00000013	addi	x0,x0,0	  x0:0x00000000
        7635000	       762	80000258	060000ef	jal	x1,80000258	  x1=0x80000258
        7645000	       763	00000000	00000013	addi	x0,x0,0	  x0:0x00000000
        7655000	       764	800002b4	00000013	addi	x0,x0,0	  x0:0x00000000
        7665000	       765	800002b8	66870913	addi	x18,x14,1640	 x14:0xffff8000 x18=0xffff8668
        7675000	       766	800002bc	0480096f	jal	x18,800002bc	 x18=0x800002bc
        7685000	       767	00000000	00000013	addi	x0,x0,0	  x0:0x00000000
        7695000	       768	80000300	00000013	addi	x0,x0,0	  x0:0x00000000
        7705000	       769	80000304	ff5ff36f	jal	x6,80000304	  x6=0x80000304
        7715000	       770	00000000	00000013	addi	x0,x0,0	  x0:0x00000000
        7725000	       771	800002f4	00000013	addi	x0,x0,0	  x0:0x00000000
        7735000	       772	800002f8	fc9ff5ef	jal	x11,800002f8	 x11=0x800002f8
        7745000	       773	00000000	00000013	addi	x0,x0,0	  x0:0x00000000
        7755000	       774	800002bc	00000013	addi	x0,x0,0	  x0:0x00000000
        7765000	       775	800002c0	03c000ef	jal	x1,800002c0	  x1=0x800002c0
        7775000	       776	00000000	00000013	addi	x0,x0,0	  x0:0x00000000
        7785000	       777	800002f8	00000013	addi	x0,x0,0	  x0:0x00000000
        7795000	       778	800002fc	fc9ff36f	jal	x6,800002fc	  x6=0x800002fc
        7805000	       779	00000000	00000013	addi	x0,x0,0	  x0:0x00000000
        7815000	       780	800002c0	00000013	addi	x0,x0,0	  x0:0x00000000
        7825000	       781	800002c4	0180046f	jal	x8,800002c4	  x8=0x800002c4
        7835000	       782	00000000	00000013	addi	x0,x0,0	  x0:0x00000000
        7845000	       783	800002d8	00000013	addi	x0,x0,0	  x0:0x00000000
        7855000	       784	800002dc	00c005ef	jal	x11,800002dc	 x11=0x800002dc
        7865000	       785	00000000	00000013	addi	x0,x0,0	  x0:0x00000000
        7875000	       786	800002e4	00000013	addi	x0,x0,0	  x0:0x00000000
        7885000	       787	800002e8	fe1ff2ef	jal	x5,800002e8	  x5=0x800002e8
        7895000	       788	00000000	00000013	addi	x0,x0,0	  x0:0x00000000
        7905000	       789	800002c4	00000013	addi	x0,x0,0	  x0:0x00000000
        7915000	       790	800002c8	008000ef	jal	x1,800002c8	  x1=0x800002c8
        7925000	       791	00000000	00000013	addi	x0,x0,0	  x0:0x00000000
        7935000	       792	800002cc	00000013	addi	x0,x0,0	  x0:0x00000000
        7945000	       793	800002d0	030000ef	jal	x1,800002d0	  x1=0x800002d0
        7955000	       794	00000000	00000013	addi	x0,x0,0	  x0:0x00000000
        7965000	       795	800002fc	00000013	addi	x0,x0,0	  x0:0x00000000
        7975000	       796	80000300	fcdff0ef	jal	x1,80000300	  x1=0x80000300
        7985000	       797	00000000	00000013	addi	x0,x0,0	  x0:0x00000000
        7995000	       798	800002c8	00000013	addi	x0,x0,0	  x0:0x00000000
        8005000	       799	800002cc	00c001ef	jal	x3,800002cc	  x3=0x800002cc
        8015000	       800	00000000	00000013	addi	x0,x0,0	  x0:0x00000000
        8025000	       801	800002d4	00000013	addi	x0,x0,0	  x0:0x00000000
        8035000	       802	800002d8	00c000ef	jal	x1,800002d8	  x1=0x800002d8
        8045000	       803	00000000	00000013	addi	x0,x0,0	  x0:0x00000000
        8055000	       804	800002e0	00000013	addi	x0,x0,0	  x0:0x00000000
        8065000	       805	800002e4	0100036f	jal	x6,800002e4	  x6=0x800002e4
        8075000	       806	00000000	00000013	addi	x0,x0,0	  x0:0x00000000
        8085000	       807	800002f0	00000013	addi	x0,x0,0	  x0:0x00000000
        8095000	       808	800002f4	fe1ff36f	jal	x6,800002f4	  x6=0x800002f4
        8105000	       809	00000000	00000013	addi	x0,x0,0	  x0:0x00000000
        8115000	       810	800002d0	00000013	addi	x0,x0,0	  x0:0x00000000
        8125000	       811	800002d4	00c000ef	jal	x1,800002d4	  x1=0x800002d4
        8135000	       812	00000000	00000013	addi	x0,x0,0	  x0:0x00000000
        8145000	       813	800002dc	00000013	addi	x0,x0,0	  x0:0x00000000
        8155000	       814	800002e0	00c007ef	jal	x15,800002e0	 x15=0x800002e0
        8165000	       815	00000000	00000013	addi	x0,x0,0	  x0:0x00000000
        8175000	       816	800002e8	00000013	addi	x0,x0,0	  x0:0x00000000
        8185000	       817	800002ec	00400def	jal	x27,800002ec	 x27=0x800002ec
        8195000	       818	00000000	00000013	addi	x0,x0,0	  x0:0x00000000
        8205000	       819	800002ec	00000013	addi	x0,x0,0	  x0:0x00000000
        8215000	       820	800002f0	018000ef	jal	x1,800002f0	  x1=0x800002f0
        8225000	       821	00000000	00000013	addi	x0,x0,0	  x0:0x00000000
        8235000	       822	80000304	00000013	addi	x0,x0,0	  x0:0x00000000
        8245000	       823	80000308	1f1ba497	auipc	x9,0x1f1ba	  x9=0x9f1ba304
        8255000	       824	8000030c	0100096f	jal	x18,8000030c	 x18=0x8000030c
        8265000	       825	00000000	00000013	addi	x0,x0,0	  x0:0x00000000
        8275000	       826	80000318	00000013	addi	x0,x0,0	  x0:0x00000000
        8285000	       827	8000031c	0440046f	jal	x8,8000031c	  x8=0x8000031c
        8295000	       828	00000000	00000013	addi	x0,x0,0	  x0:0x00000000
        8305000	       829	8000035c	00000013	addi	x0,x0,0	  x0:0x00000000
        8315000	       830	80000360	ff1ff3ef	jal	x7,80000360	  x7=0x80000360
        8325000	       831	00000000	00000013	addi	x0,x0,0	  x0:0x00000000
        8335000	       832	8000034c	00000013	addi	x0,x0,0	  x0:0x00000000
        8345000	       833	80000350	fc5ff9ef	jal	x19,80000350	 x19=0x80000350
        8355000	       834	00000000	00000013	addi	x0,x0,0	  x0:0x00000000
        8365000	       835	80000310	00000013	addi	x0,x0,0	  x0:0x00000000
        8375000	       836	80000314	06c000ef	jal	x1,80000314	  x1=0x80000314
        8385000	       837	00000000	00000013	addi	x0,x0,0	  x0:0x00000000
        8395000	       838	8000037c	00000013	addi	x0,x0,0	  x0:0x00000000
        8405000	       839	80000380	fd9ff0ef	jal	x1,80000380	  x1=0x80000380
        8415000	       840	00000000	00000013	addi	x0,x0,0	  x0:0x00000000
        8425000	       841	80000354	00000013	addi	x0,x0,0	  x0:0x00000000
        8435000	       842	80000358	fc9ff0ef	jal	x1,80000358	  x1=0x80000358
        8445000	       843	00000000	00000013	addi	x0,x0,0	  x0:0x00000000
        8455000	       844	8000031c	00000013	addi	x0,x0,0	  x0:0x00000000
        8465000	       845	80000320	03c000ef	jal	x1,80000320	  x1=0x80000320
        8475000	       846	00000000	00000013	addi	x0,x0,0	  x0:0x00000000
        8485000	       847	80000358	00000013	addi	x0,x0,0	  x0:0x00000000
        8495000	       848	8000035c	020000ef	jal	x1,8000035c	  x1=0x8000035c
        8505000	       849	00000000	00000013	addi	x0,x0,0	  x0:0x00000000
        8515000	       850	80000378	00000013	addi	x0,x0,0	  x0:0x00000000
        8525000	       851	8000037c	fc5ff36f	jal	x6,8000037c	  x6=0x8000037c
        8535000	       852	00000000	00000013	addi	x0,x0,0	  x0:0x00000000
        8545000	       853	8000033c	00000013	addi	x0,x0,0	  x0:0x00000000
        8555000	       854	80000340	0380036f	jal	x6,80000340	  x6=0x80000340
        8565000	       855	00000000	00000013	addi	x0,x0,0	  x0:0x00000000
        8575000	       856	80000374	00000013	addi	x0,x0,0	  x0:0x00000000
        8585000	       857	80000378	fcdff0ef	jal	x1,80000378	  x1=0x80000378
        8595000	       858	00000000	00000013	addi	x0,x0,0	  x0:0x00000000
        8605000	       859	80000340	00000013	addi	x0,x0,0	  x0:0x00000000
        8615000	       860	80000344	004002ef	jal	x5,80000344	  x5=0x80000344
        8625000	       861	00000000	00000013	addi	x0,x0,0	  x0:0x00000000
        8635000	       862	80000344	00000013	addi	x0,x0,0	  x0:0x00000000
        8645000	       863	80000348	fedff1ef	jal	x3,80000348	  x3=0x80000348
        8655000	       864	00000000	00000013	addi	x0,x0,0	  x0:0x00000000
        8665000	       865	80000330	00000013	addi	x0,x0,0	  x0:0x00000000
        8675000	       866	80000334	034000ef	jal	x1,80000334	  x1=0x80000334
        8685000	       867	00000000	00000013	addi	x0,x0,0	  x0:0x00000000
        8695000	       868	80000364	00000013	addi	x0,x0,0	  x0:0x00000000
        8705000	       869	80000368	fedff1ef	jal	x3,80000368	  x3=0x80000368
        8715000	       870	00000000	00000013	addi	x0,x0,0	  x0:0x00000000
        8725000	       871	80000350	00000013	addi	x0,x0,0	  x0:0x00000000
        8735000	       872	80000354	fddff0ef	jal	x1,80000354	  x1=0x80000354
        8745000	       873	00000000	00000013	addi	x0,x0,0	  x0:0x00000000
        8755000	       874	8000032c	00000013	addi	x0,x0,0	  x0:0x00000000
        8765000	       875	80000330	ff9ff16f	jal	x2,80000330	  x2=0x80000330
        8775000	       876	00000000	00000013	addi	x0,x0,0	  x0:0x00000000
        8785000	       877	80000324	00000013	addi	x0,x0,0	  x0:0x00000000
        8795000	       878	80000328	024000ef	jal	x1,80000328	  x1=0x80000328
        8805000	       879	00000000	00000013	addi	x0,x0,0	  x0:0x00000000
        8815000	       880	80000348	00000013	addi	x0,x0,0	  x0:0x00000000
        8825000	       881	8000034c	024000ef	jal	x1,8000034c	  x1=0x8000034c
        8835000	       882	00000000	00000013	addi	x0,x0,0	  x0:0x00000000
        8845000	       883	8000036c	00000013	addi	x0,x0,0	  x0:0x00000000
        8855000	       884	80000370	fcdff36f	jal	x6,80000370	  x6=0x80000370
        8865000	       885	00000000	00000013	addi	x0,x0,0	  x0:0x00000000
        8875000	       886	80000338	00000013	addi	x0,x0,0	  x0:0x00000000
        8885000	       887	8000033c	fd5ff0ef	jal	x1,8000033c	  x1=0x8000033c
        8895000	       888	00000000	00000013	addi	x0,x0,0	  x0:0x00000000
        8905000	       889	8000030c	00000013	addi	x0,x0,0	  x0:0x00000000
        8915000	       890	80000310	054004ef	jal	x9,80000310	  x9=0x80000310
        8925000	       891	00000000	00000013	addi	x0,x0,0	  x0:0x00000000
        8935000	       892	80000360	00000013	addi	x0,x0,0	  x0:0x00000000
        8945000	       893	80000364	fc1ffd6f	jal	x26,80000364	 x26=0x80000364
        8955000	       894	00000000	00000013	addi	x0,x0,0	  x0:0x00000000
        8965000	       895	80000320	00000013	addi	x0,x0,0	  x0:0x00000000
        8975000	       896	80000324	0480016f	jal	x2,80000324	  x2=0x80000324
        8985000	       897	00000000	00000013	addi	x0,x0,0	  x0:0x00000000
        8995000	       898	80000368	00000013	addi	x0,x0,0	  x0:0x00000000
        9005000	       899	8000036c	008002ef	jal	x5,8000036c	  x5=0x8000036c
        9015000	       900	00000000	00000013	addi	x0,x0,0	  x0:0x00000000
        9025000	       901	80000370	00000013	addi	x0,x0,0	  x0:0x00000000
        9035000	       902	80000374	fc5ff0ef	jal	x1,80000374	  x1=0x80000374
        9045000	       903	00000000	00000013	addi	x0,x0,0	  x0:0x00000000
        9055000	       904	80000334	00000013	addi	x0,x0,0	  x0:0x00000000
        9065000	       905	80000338	fe1ff0ef	jal	x1,80000338	  x1=0x80000338
        9075000	       906	00000000	00000013	addi	x0,x0,0	  x0:0x00000000
        9085000	       907	80000314	00000013	addi	x0,x0,0	  x0:0x00000000
        9095000	       908	80000318	014007ef	jal	x15,80000318	 x15=0x80000318
        9105000	       909	00000000	00000013	addi	x0,x0,0	  x0:0x00000000
        9115000	       910	80000328	00000013	addi	x0,x0,0	  x0:0x00000000
        9125000	       911	8000032c	058000ef	jal	x1,8000032c	  x1=0x8000032c
        9135000	       912	00000000	00000013	addi	x0,x0,0	  x0:0x00000000
        9145000	       913	80000380	00000013	addi	x0,x0,0	  x0:0x00000000
        9155000	       914	80000384	01faa7b3	slt	x15,x21,x31	 x21:0x00882000 x31:0x80000260 x15=0x00000000
        9165000	       915	80000388	0400096f	jal	x18,80000388	 x18=0x80000388
        9175000	       916	00000000	00000013	addi	x0,x0,0	  x0:0x00000000
        9185000	       917	800003c4	00000013	addi	x0,x0,0	  x0:0x00000000
        9195000	       918	800003c8	fe9ff36f	jal	x6,800003c8	  x6=0x800003c8
        9205000	       919	00000000	00000013	addi	x0,x0,0	  x0:0x00000000
        9215000	       920	800003ac	00000013	addi	x0,x0,0	  x0:0x00000000
        9225000	       921	800003b0	0340036f	jal	x6,800003b0	  x6=0x800003b0
        9235000	       922	00000000	00000013	addi	x0,x0,0	  x0:0x00000000
        9245000	       923	800003e0	00000013	addi	x0,x0,0	  x0:0x00000000
        9255000	       924	800003e4	fa9ff4ef	jal	x9,800003e4	  x9=0x800003e4
        9265000	       925	00000000	00000013	addi	x0,x0,0	  x0:0x00000000
        9275000	       926	80000388	00000013	addi	x0,x0,0	  x0:0x00000000
        9285000	       927	8000038c	018003ef	jal	x7,8000038c	  x7=0x8000038c
        9295000	       928	00000000	00000013	addi	x0,x0,0	  x0:0x00000000
        9305000	       929	800003a0	00000013	addi	x0,x0,0	  x0:0x00000000
        9315000	       930	800003a4	03c0036f	jal	x6,800003a4	  x6=0x800003a4
        9325000	       931	00000000	00000013	addi	x0,x0,0	  x0:0x00000000
        9335000	       932	800003dc	00000013	addi	x0,x0,0	  x0:0x00000000
        9345000	       933	800003e0	ff1ff0ef	jal	x1,800003e0	  x1=0x800003e0
        9355000	       934	00000000	00000013	addi	x0,x0,0	  x0:0x00000000
        9365000	       935	800003cc	00000013	addi	x0,x0,0	  x0:0x00000000
        9375000	       936	800003d0	fedffaef	jal	x21,800003d0	 x21=0x800003d0
        9385000	       937	00000000	00000013	addi	x0,x0,0	  x0:0x00000000
        9395000	       938	800003b8	00000013	addi	x0,x0,0	  x0:0x00000000
        9405000	       939	800003bc	ffdff0ef	jal	x1,800003bc	  x1=0x800003bc
        9415000	       940	00000000	00000013	addi	x0,x0,0	  x0:0x00000000
        9425000	       941	800003b4	00000013	addi	x0,x0,0	  x0:0x00000000
        9435000	       942	800003b8	fddffe6f	jal	x28,800003b8	 x28=0x800003b8
        9445000	       943	00000000	00000013	addi	x0,x0,0	  x0:0x00000000
        9455000	       944	80000390	00000013	addi	x0,x0,0	  x0:0x00000000
        9465000	       945	80000394	040000ef	jal	x1,80000394	  x1=0x80000394
        9475000	       946	00000000	00000013	addi	x0,x0,0	  x0:0x00000000
        9485000	       947	800003d0	00000013	addi	x0,x0,0	  x0:0x00000000
        9495000	       948	800003d4	fc5ff56f	jal	x10,800003d4	 x10=0x800003d4
        9505000	       949	00000000	00000013	addi	x0,x0,0	  x0:0x00000000
        9515000	       950	80000394	00000013	addi	x0,x0,0	  x0:0x00000000
        9525000	       951	80000398	014000ef	jal	x1,80000398	  x1=0x80000398
        9535000	       952	00000000	00000013	addi	x0,x0,0	  x0:0x00000000
        9545000	       953	800003a8	00000013	addi	x0,x0,0	  x0:0x00000000
        9555000	       954	800003ac	018000ef	jal	x1,800003ac	  x1=0x800003ac
        9565000	       955	00000000	00000013	addi	x0,x0,0	  x0:0x00000000
        9575000	       956	800003c0	00000013	addi	x0,x0,0	  x0:0x00000000
        9585000	       957	800003c4	008000ef	jal	x1,800003c4	  x1=0x800003c4
        9595000	       958	00000000	00000013	addi	x0,x0,0	  x0:0x00000000
        9605000	       959	800003c8	00000013	addi	x0,x0,0	  x0:0x00000000
        9615000	       960	800003cc	010000ef	jal	x1,800003cc	  x1=0x800003cc
        9625000	       961	00000000	00000013	addi	x0,x0,0	  x0:0x00000000
        9635000	       962	800003d8	00000013	addi	x0,x0,0	  x0:0x00000000
        9645000	       963	800003dc	fe5ff2ef	jal	x5,800003dc	  x5=0x800003dc
        9655000	       964	00000000	00000013	addi	x0,x0,0	  x0:0x00000000
        9665000	       965	800003bc	00000013	addi	x0,x0,0	  x0:0x00000000
        9675000	       966	800003c0	018000ef	jal	x1,800003c0	  x1=0x800003c0
        9685000	       967	00000000	00000013	addi	x0,x0,0	  x0:0x00000000
        9695000	       968	800003d4	00000013	addi	x0,x0,0	  x0:0x00000000
        9705000	       969	800003d8	fc5ff0ef	jal	x1,800003d8	  x1=0x800003d8
        9715000	       970	00000000	00000013	addi	x0,x0,0	  x0:0x00000000
        9725000	       971	80000398	00000013	addi	x0,x0,0	  x0:0x00000000
        9735000	       972	8000039c	00c0076f	jal	x14,8000039c	 x14=0x8000039c
        9745000	       973	00000000	00000013	addi	x0,x0,0	  x0:0x00000000
        9755000	       974	800003a4	00000013	addi	x0,x0,0	  x0:0x00000000
        9765000	       975	800003a8	ff9ff0ef	jal	x1,800003a8	  x1=0x800003a8
        9775000	       976	00000000	00000013	addi	x0,x0,0	  x0:0x00000000
        9785000	       977	8000039c	00000013	addi	x0,x0,0	  x0:0x00000000
        9795000	       978	800003a0	014000ef	jal	x1,800003a0	  x1=0x800003a0
        9805000	       979	00000000	00000013	addi	x0,x0,0	  x0:0x00000000
        9815000	       980	800003b0	00000013	addi	x0,x0,0	  x0:0x00000000
        9825000	       981	800003b4	fddff0ef	jal	x1,800003b4	  x1=0x800003b4
        9835000	       982	00000000	00000013	addi	x0,x0,0	  x0:0x00000000
        9845000	       983	8000038c	00000013	addi	x0,x0,0	  x0:0x00000000
        9855000	       984	80000390	0580036f	jal	x6,80000390	  x6=0x80000390
        9865000	       985	00000000	00000013	addi	x0,x0,0	  x0:0x00000000
        9875000	       986	800003e4	00000013	addi	x0,x0,0	  x0:0x00000000
        9885000	       987	800003e8	0040036f	jal	x6,800003e8	  x6=0x800003e8
        9895000	       988	00000000	00000013	addi	x0,x0,0	  x0:0x00000000
        9905000	       989	800003e8	00000013	addi	x0,x0,0	  x0:0x00000000
        9915000	       990	800003ec	00000013	addi	x0,x0,0	  x0:0x00000000
        9925000	       991	800003f0	0080096f	jal	x18,800003f0	 x18=0x800003f0
        9935000	       992	00000000	00000013	addi	x0,x0,0	  x0:0x00000000
        9945000	       993	800003f4	00000013	addi	x0,x0,0	  x0:0x00000000
        9955000	       994	800003f8	008000ef	jal	x1,800003f8	  x1=0x800003f8
        9965000	       995	00000000	00000013	addi	x0,x0,0	  x0:0x00000000
        9975000	       996	800003fc	00000013	addi	x0,x0,0	  x0:0x00000000
        9985000	       997	80000400	014001ef	jal	x3,80000400	  x3=0x80000400
        9995000	       998	00000000	00000013	addi	x0,x0,0	  x0:0x00000000
       10005000	       999	80000410	00000013	addi	x0,x0,0	  x0:0x00000000
       10015000	      1000	80000414	004004ef	jal	x9,80000414	  x9=0x80000414
       10025000	      1001	00000000	00000013	addi	x0,x0,0	  x0:0x00000000
       10035000	      1002	80000414	00000013	addi	x0,x0,0	  x0:0x00000000
       10045000	      1003	80000418	ff1ff0ef	jal	x1,80000418	  x1=0x80000418
       10055000	      1004	00000000	00000013	addi	x0,x0,0	  x0:0x00000000
       10065000	      1005	80000404	00000013	addi	x0,x0,0	  x0:0x00000000
       10075000	      1006	80000408	004000ef	jal	x1,80000408	  x1=0x80000408
       10085000	      1007	00000000	00000013	addi	x0,x0,0	  x0:0x00000000
       10095000	      1008	80000408	00000013	addi	x0,x0,0	  x0:0x00000000
       10105000	      1009	8000040c	010000ef	jal	x1,8000040c	  x1=0x8000040c
       10115000	      1010	00000000	00000013	addi	x0,x0,0	  x0:0x00000000
       10125000	      1011	80000418	00000013	addi	x0,x0,0	  x0:0x00000000
       10135000	      1012	8000041c	fd9ff36f	jal	x6,8000041c	  x6=0x8000041c
       10145000	      1013	00000000	00000013	addi	x0,x0,0	  x0:0x00000000
       10155000	      1014	800003f0	00000013	addi	x0,x0,0	  x0:0x00000000
       10165000	      1015	800003f4	0300036f	jal	x6,800003f4	  x6=0x800003f4
       10175000	      1016	00000000	00000013	addi	x0,x0,0	  x0:0x00000000
       10185000	      1017	80000420	00000013	addi	x0,x0,0	  x0:0x00000000
       10195000	      1018	80000424	fe1ff0ef	jal	x1,80000424	  x1=0x80000424
       10205000	      1019	00000000	00000013	addi	x0,x0,0	  x0:0x00000000
       10215000	      1020	80000400	00000013	addi	x0,x0,0	  x0:0x00000000
       10225000	      1021	80000404	01c0016f	jal	x2,80000404	  x2=0x80000404
       10235000	      1022	00000000	00000013	addi	x0,x0,0	  x0:0x00000000
       10245000	      1023	8000041c	00000013	addi	x0,x0,0	  x0:0x00000000
       10255000	      1024	80000420	fddff0ef	jal	x1,80000420	  x1=0x80000420
       10265000	      1025	00000000	00000013	addi	x0,x0,0	  x0:0x00000000
       10275000	      1026	800003f8	00000013	addi	x0,x0,0	  x0:0x00000000
       10285000	      1027	800003fc	014004ef	jal	x9,800003fc	  x9=0x800003fc
       10295000	      1028	00000000	00000013	addi	x0,x0,0	  x0:0x00000000
       10305000	      1029	8000040c	00000013	addi	x0,x0,0	  x0:0x00000000
       10315000	      1030	80000410	0180016f	jal	x2,80000410	  x2=0x80000410
       10325000	      1031	00000000	00000013	addi	x0,x0,0	  x0:0x00000000
       10335000	      1032	80000424	00000013	addi	x0,x0,0	  x0:0x00000000
       10345000	      1033	80000428	00e805b3	add	x11,x16,x14	 x16:0x80000228 x14:0x8000039c x11=0x000005c4
       10355000	      1034	8000042c	05c0096f	jal	x18,8000042c	 x18=0x8000042c
       10365000	      1035	00000000	00000013	addi	x0,x0,0	  x0:0x00000000
       10375000	      1036	80000484	00000013	addi	x0,x0,0	  x0:0x00000000
       10385000	      1037	80000488	fddff36f	jal	x6,80000488	  x6=0x80000488
       10395000	      1038	00000000	00000013	addi	x0,x0,0	  x0:0x00000000
       10405000	      1039	80000460	00000013	addi	x0,x0,0	  x0:0x00000000
       10415000	      1040	80000464	ff5ff1ef	jal	x3,80000464	  x3=0x80000464
       10425000	      1041	00000000	00000013	addi	x0,x0,0	  x0:0x00000000
       10435000	      1042	80000454	00000013	addi	x0,x0,0	  x0:0x00000000
       10445000	      1043	80000458	008000ef	jal	x1,80000458	  x1=0x80000458
       10455000	      1044	00000000	00000013	addi	x0,x0,0	  x0:0x00000000
       10465000	      1045	8000045c	00000013	addi	x0,x0,0	  x0:0x00000000
       10475000	      1046	80000460	01c000ef	jal	x1,80000460	  x1=0x80000460
       10485000	      1047	00000000	00000013	addi	x0,x0,0	  x0:0x00000000
       10495000	      1048	80000478	00000013	addi	x0,x0,0	  x0:0x00000000
       10505000	      1049	8000047c	008000ef	jal	x1,8000047c	  x1=0x8000047c
       10515000	      1050	00000000	00000013	addi	x0,x0,0	  x0:0x00000000
       10525000	      1051	80000480	00000013	addi	x0,x0,0	  x0:0x00000000
       10535000	      1052	80000484	00c0036f	jal	x6,80000484	  x6=0x80000484
       10545000	      1053	00000000	00000013	addi	x0,x0,0	  x0:0x00000000
       10555000	      1054	8000048c	00000013	addi	x0,x0,0	  x0:0x00000000
       10565000	      1055	80000490	fbdff0ef	jal	x1,80000490	  x1=0x80000490
       10575000	      1056	00000000	00000013	addi	x0,x0,0	  x0:0x00000000
       10585000	      1057	80000448	00000013	addi	x0,x0,0	  x0:0x00000000
       10595000	      1058	8000044c	0080036f	jal	x6,8000044c	  x6=0x8000044c
       10605000	      1059	00000000	00000013	addi	x0,x0,0	  x0:0x00000000
       10615000	      1060	80000450	00000013	addi	x0,x0,0	  x0:0x00000000
       10625000	      1061	80000454	044000ef	jal	x1,80000454	  x1=0x80000454
       10635000	      1062	00000000	00000013	addi	x0,x0,0	  x0:0x00000000
       10645000	      1063	80000494	00000013	addi	x0,x0,0	  x0:0x00000000
       10655000	      1064	80000498	00400a6f	jal	x20,80000498	 x20=0x80000498
       10665000	      1065	00000000	00000013	addi	x0,x0,0	  x0:0x00000000
       10675000	      1066	80000498	00000013	addi	x0,x0,0	  x0:0x00000000
       10685000	      1067	8000049c	ff1ff0ef	jal	x1,8000049c	  x1=0x8000049c
       10695000	      1068	00000000	00000013	addi	x0,x0,0	  x0:0x00000000
       10705000	      1069	80000488	00000013	addi	x0,x0,0	  x0:0x00000000
       10715000	      1070	8000048c	fd1ff0ef	jal	x1,8000048c	  x1=0x8000048c
       10725000	      1071	00000000	00000013	addi	x0,x0,0	  x0:0x00000000
       10735000	      1072	80000458	00000013	addi	x0,x0,0	  x0:0x00000000
       10745000	      1073	8000045c	00c002ef	jal	x5,8000045c	  x5=0x8000045c
       10755000	      1074	00000000	00000013	addi	x0,x0,0	  x0:0x00000000
       10765000	      1075	80000464	00000013	addi	x0,x0,0	  x0:0x00000000
       10775000	      1076	80000468	fd9ff16f	jal	x2,80000468	  x2=0x80000468
       10785000	      1077	00000000	00000013	addi	x0,x0,0	  x0:0x00000000
       10795000	      1078	8000043c	00000013	addi	x0,x0,0	  x0:0x00000000
       10805000	      1079	80000440	010000ef	jal	x1,80000440	  x1=0x80000440
       10815000	      1080	00000000	00000013	addi	x0,x0,0	  x0:0x00000000
       10825000	      1081	8000044c	00000013	addi	x0,x0,0	  x0:0x00000000
       10835000	      1082	80000450	0300036f	jal	x6,80000450	  x6=0x80000450
       10845000	      1083	00000000	00000013	addi	x0,x0,0	  x0:0x00000000
       10855000	      1084	8000047c	00000013	addi	x0,x0,0	  x0:0x00000000
       10865000	      1085	80000480	fb1ff36f	jal	x6,80000480	  x6=0x80000480
       10875000	      1086	00000000	00000013	addi	x0,x0,0	  x0:0x00000000
       10885000	      1087	8000042c	00000013	addi	x0,x0,0	  x0:0x00000000
       10895000	      1088	80000430	00c0076f	jal	x14,80000430	 x14=0x80000430
       10905000	      1089	00000000	00000013	addi	x0,x0,0	  x0:0x00000000
       10915000	      1090	80000438	00000013	addi	x0,x0,0	  x0:0x00000000
       10925000	      1091	8000043c	03c000ef	jal	x1,8000043c	  x1=0x8000043c
       10935000	      1092	00000000	00000013	addi	x0,x0,0	  x0:0x00000000
       10945000	      1093	80000474	00000013	addi	x0,x0,0	  x0:0x00000000
       10955000	      1094	80000478	ff5ff46f	jal	x8,80000478	  x8=0x80000478
       10965000	      1095	00000000	00000013	addi	x0,x0,0	  x0:0x00000000
       10975000	      1096	80000468	00000013	addi	x0,x0,0	  x0:0x00000000
       10985000	      1097	8000046c	fcdff0ef	jal	x1,8000046c	  x1=0x8000046c
       10995000	      1098	00000000	00000013	addi	x0,x0,0	  x0:0x00000000
       11005000	      1099	80000434	00000013	addi	x0,x0,0	  x0:0x00000000
       11015000	      1100	80000438	ffdff0ef	jal	x1,80000438	  x1=0x80000438
       11025000	      1101	00000000	00000013	addi	x0,x0,0	  x0:0x00000000
       11035000	      1102	80000430	00000013	addi	x0,x0,0	  x0:0x00000000
       11045000	      1103	80000434	03c000ef	jal	x1,80000434	  x1=0x80000434
       11055000	      1104	00000000	00000013	addi	x0,x0,0	  x0:0x00000000
       11065000	      1105	8000046c	00000013	addi	x0,x0,0	  x0:0x00000000
       11075000	      1106	80000470	004000ef	jal	x1,80000470	  x1=0x80000470
       11085000	      1107	00000000	00000013	addi	x0,x0,0	  x0:0x00000000
       11095000	      1108	80000470	00000013	addi	x0,x0,0	  x0:0x00000000
       11105000	      1109	80000474	fd1ff16f	jal	x2,80000474	  x2=0x80000474
       11115000	      1110	00000000	00000013	addi	x0,x0,0	  x0:0x00000000
       11125000	      1111	80000440	00000013	addi	x0,x0,0	  x0:0x00000000
       11135000	      1112	80000444	05000eef	jal	x29,80000444	 x29=0x80000444
       11145000	      1113	00000000	00000013	addi	x0,x0,0	  x0:0x00000000
       11155000	      1114	80000490	00000013	addi	x0,x0,0	  x0:0x00000000
       11165000	      1115	80000494	fb5ff0ef	jal	x1,80000494	  x1=0x80000494
       11175000	      1116	00000000	00000013	addi	x0,x0,0	  x0:0x00000000
       11185000	      1117	80000444	00000013	addi	x0,x0,0	  x0:0x00000000
       11195000	      1118	80000448	0580036f	jal	x6,80000448	  x6=0x80000448
       11205000	      1119	00000000	00000013	addi	x0,x0,0	  x0:0x00000000
       11215000	      1120	8000049c	00000013	addi	x0,x0,0	  x0:0x00000000
       11225000	      1121	800004a0	6dbe4d93	xori	x27,x28,1755	 x28:0x800003b8 x27=0x80000563
       11235000	      1122	800004a4	02c0096f	jal	x18,800004a4	 x18=0x800004a4
       11245000	      1123	00000000	00000013	addi	x0,x0,0	  x0:0x00000000
       11255000	      1124	800004cc	00000013	addi	x0,x0,0	  x0:0x00000000
       11265000	      1125	800004d0	0140016f	jal	x2,800004d0	  x2=0x800004d0
       11275000	      1126	00000000	00000013	addi	x0,x0,0	  x0:0x00000000
       11285000	      1127	800004e0	00000013	addi	x0,x0,0	  x0:0x00000000
       11295000	      1128	800004e4	ffdff0ef	jal	x1,800004e4	  x1=0x800004e4
       11305000	      1129	00000000	00000013	addi	x0,x0,0	  x0:0x00000000
       11315000	      1130	800004dc	00000013	addi	x0,x0,0	  x0:0x00000000
       11325000	      1131	800004e0	fedff0ef	jal	x1,800004e0	  x1=0x800004e0
       11335000	      1132	00000000	00000013	addi	x0,x0,0	  x0:0x00000000
       11345000	      1133	800004c8	00000013	addi	x0,x0,0	  x0:0x00000000
       11355000	      1134	800004cc	01c000ef	jal	x1,800004cc	  x1=0x800004cc
       11365000	      1135	00000000	00000013	addi	x0,x0,0	  x0:0x00000000
       11375000	      1136	800004e4	00000013	addi	x0,x0,0	  x0:0x00000000
       11385000	      1137	800004e8	fd1ff36f	jal	x6,800004e8	  x6=0x800004e8
       11395000	      1138	00000000	00000013	addi	x0,x0,0	  x0:0x00000000
       11405000	      1139	800004b4	00000013	addi	x0,x0,0	  x0:0x00000000
       11415000	      1140	800004b8	ff9ff0ef	jal	x1,800004b8	  x1=0x800004b8
       11425000	      1141	00000000	00000013	addi	x0,x0,0	  x0:0x00000000
       11435000	      1142	800004ac	00000013	addi	x0,x0,0	  x0:0x00000000
       11445000	      1143	800004b0	02c000ef	jal	x1,800004b0	  x1=0x800004b0
       11455000	      1144	00000000	00000013	addi	x0,x0,0	  x0:0x00000000
       11465000	      1145	800004d8	00000013	addi	x0,x0,0	  x0:0x00000000
       11475000	      1146	800004dc	fd1ff6ef	jal	x13,800004dc	 x13=0x800004dc
       11485000	      1147	00000000	00000013	addi	x0,x0,0	  x0:0x00000000
       11495000	      1148	800004a8	00000013	addi	x0,x0,0	  x0:0x00000000
       11505000	      1149	800004ac	040000ef	jal	x1,800004ac	  x1=0x800004ac
       11515000	      1150	00000000	00000013	addi	x0,x0,0	  x0:0x00000000
       11525000	      1151	800004e8	00000013	addi	x0,x0,0	  x0:0x00000000
       11535000	      1152	800004ec	fe9ff36f	jal	x6,800004ec	  x6=0x800004ec
       11545000	      1153	00000000	00000013	addi	x0,x0,0	  x0:0x00000000
       11555000	      1154	800004d0	00000013	addi	x0,x0,0	  x0:0x00000000
       11565000	      1155	800004d4	ff1ff36f	jal	x6,800004d4	  x6=0x800004d4
       11575000	      1156	00000000	00000013	addi	x0,x0,0	  x0:0x00000000
       11585000	      1157	800004c0	00000013	addi	x0,x0,0	  x0:0x00000000
       11595000	      1158	800004c4	004000ef	jal	x1,800004c4	  x1=0x800004c4
       11605000	      1159	00000000	00000013	addi	x0,x0,0	  x0:0x00000000
       11615000	      1160	800004c4	00000013	addi	x0,x0,0	  x0:0x00000000
       11625000	      1161	800004c8	ff9ff0ef	jal	x1,800004c8	  x1=0x800004c8
       11635000	      1162	00000000	00000013	addi	x0,x0,0	  x0:0x00000000
       11645000	      1163	800004bc	00000013	addi	x0,x0,0	  x0:0x00000000
       11655000	      1164	800004c0	ff5ff0ef	jal	x1,800004c0	  x1=0x800004c0
       11665000	      1165	00000000	00000013	addi	x0,x0,0	  x0:0x00000000
       11675000	      1166	800004b0	00000013	addi	x0,x0,0	  x0:0x00000000
       11685000	      1167	800004b4	024003ef	jal	x7,800004b4	  x7=0x800004b4
       11695000	      1168	00000000	00000013	addi	x0,x0,0	  x0:0x00000000
       11705000	      1169	800004d4	00000013	addi	x0,x0,0	  x0:0x00000000
       11715000	      1170	800004d8	fe5ff0ef	jal	x1,800004d8	  x1=0x800004d8
       11725000	      1171	00000000	00000013	addi	x0,x0,0	  x0:0x00000000
       11735000	      1172	800004b8	00000013	addi	x0,x0,0	  x0:0x00000000
       11745000	      1173	800004bc	fedff0ef	jal	x1,800004bc	  x1=0x800004bc
       11755000	      1174	00000000	00000013	addi	x0,x0,0	  x0:0x00000000
       11765000	      1175	800004a4	00000013	addi	x0,x0,0	  x0:0x00000000
       11775000	      1176	800004a8	048000ef	jal	x1,800004a8	  x1=0x800004a8
       11785000	      1177	00000000	00000013	addi	x0,x0,0	  x0:0x00000000
       11795000	      1178	800004ec	00000013	addi	x0,x0,0	  x0:0x00000000
       11805000	      1179	800004f0	01fad9b3	srl	x19,x21,x31	 x21:0x800003d0 x31:0x80000260 x19=0x800003d0
       11815000	      1180	800004f4	005fd433	srl	x8,x31,x5	 x31:0x80000260  x5:0x8000045c  x8=0x00000008
       11825000	      1181	800004f8	0033c133	xor	x2,x7,x3	  x7:0x800004b4  x3:0x80000464  x2=0x000000d0
       11835000	      1182	800004fc	001b1093	slli	x1,x22,0x1	 x22:0x8000027c  x1=0x000004f8
       11845000	      1183	80000500	016d6463	bltu	x26,x22,80000508	 x26:0x80000364 x22:0x8000027c
       11855000	      1184	80000504	00000013	addi	x0,x0,0	  x0:0x00000000
       11865000	      1185	80000508	416d06b3	sub	x13,x26,x22	 x26:0x80000364 x22:0x8000027c x13=0x000000e8
       11875000	      1186	8000050c	04a04263	blt	x0,x10,80000550	  x0:0x00000000 x10:0x800003d4
       11885000	      1187	80000510	019d6bb3	or	x23,x26,x25	 x26:0x80000364 x25:0x00000000 x23=0x80000364
       11895000	      1188	80000514	01653533	sltu	x10,x10,x22	 x10:0x800003d4 x22:0x8000027c x10=0x00000000
       11905000	      1189	80000518	011dc833	xor	x16,x27,x17	 x27:0x80000563 x17:0x00000000 x16=0x80000563
       11915000	      1190	8000051c	03796e63	bltu	x18,x23,80000558	 x18:0x800004a4 x23:0x80000364
       11925000	      1191	80000520	03626663	bltu	x4,x22,8000054c	  x4:0x00000001 x22:0x8000027c
       11935000	      1192	00000000	00000013	addi	x0,x0,0	  x0:0x00000000
       11945000	      1193	80000548	00000013	addi	x0,x0,0	  x0:0x00000000
       11955000	      1194	8000054c	01f810b3	sll	x1,x16,x31	 x16:0x80000563 x31:0x80000260  x1=0x80000563
       11965000	      1195	80000550	0158f433	and	x8,x17,x21	 x17:0x00000000 x21:0x800003d0  x8=0x00000000
       11975000	      1196	80000554	9a530113	addi	x2,x6,-1627	  x6:0x800004d4  x2=0x7ffffe79
       11985000	      1197	80000558	00da7a63	bgeu	x20,x13,8000056c	 x20:0x80000498 x13:0x000000e8
       11995000	      1198	00000000	00000013	addi	x0,x0,0	  x0:0x00000000
       12005000	      1199	80000568	00000013	addi	x0,x0,0	  x0:0x00000000
       12015000	      1200	8000056c	40e35c33	sra	x24,x6,x14	  x6:0x800004d4 x14:0x80000430 x24=0xffff8000
       12025000	      1201	80000570	6a4ca913	slti	x18,x25,1700	 x25:0x00000000 x18=0x00000001
       12035000	      1202	80000574	00000013	addi	x0,x0,0	  x0:0x00000000
       12045000	      1203	80000578	007d1eb3	sll	x29,x26,x7	 x26:0x80000364  x7:0x800004b4 x29=0x36400000
       12055000	      1204	8000057c	99560093	addi	x1,x12,-1643	 x12:0x80009f84  x1=0x80009919
       12065000	      1205	80000580	412dd9b3	sra	x19,x27,x18	 x27:0x80000563 x18:0x00000001 x19=0xc00002b1
       12075000	      1206	80000584	325aa093	slti	x1,x21,805	 x21:0x800003d0  x1=0x00000001
       12085000	      1207	80000588	c7088d93	addi	x27,x17,-912	 x17:0x00000000 x27=0xfffffc70
       12095000	      1208	8000058c	000246b3	xor	x13,x4,x0	  x4:0x00000001  x0:0x00000000 x13=0x00000001
       12105000	      1209	80000590	01513593	sltiu	x11,x2,21	  x2:0x7ffffe79 x11=0x00000000
       12115000	      1210	80000594	0419e263	bltu	x19,x1,800005d8	 x19:0xc00002b1  x1:0x00000001
       12125000	      1211	80000598	0ca5ee13	ori	x28,x11,202	 x11:0x00000000 x28=0x000000ca
       12135000	      1212	8000059c	db70bc17	auipc	x24,0xdb70b	 x24=0x5b70b598
       12145000	      1213	800005a0	01144e63	blt	x8,x17,800005bc	  x8:0x00000000 x17:0x00000000
       12155000	      1214	800005a4	049be663	bltu	x23,x9,800005f0	 x23:0x80000364  x9:0x800003fc
       12165000	      1215	00000000	00000013	addi	x0,x0,0	  x0:0x00000000
       12175000	      1216	800005ec	00000013	addi	x0,x0,0	  x0:0x00000000
       12185000	      1217	800005f0	403a01b3	sub	x3,x20,x3	 x20:0x80000498  x3:0x80000464  x3=0x00000034
       12195000	      1218	800005f4	00705433	srl	x8,x0,x7	  x0:0x00000000  x7:0x800004b4  x8=0x00000000
       12205000	      1219	800005f8	01d07e63	bgeu	x0,x29,80000614	  x0:0x00000000 x29:0x36400000
       12215000	      1220	800005fc	11307493	andi	x9,x0,275	  x0:0x00000000  x9=0x00000000
       12225000	      1221	80000600	414859b3	sra	x19,x16,x20	 x16:0x80000563 x20:0x80000498 x19=0xffffff80
       12235000	      1222	80000604	023b5263	bge	x22,x3,80000628	 x22:0x8000027c  x3:0x00000034
       12245000	      1223	80000608	00344fb3	xor	x31,x8,x3	  x8:0x00000000  x3:0x00000034 x31=0x00000034
       12255000	      1224	8000060c	333f6d93	ori	x27,x30,819	 x30:0x80009fc4 x27=0x80009ff7
       12265000	      1225	80000610	ef9d4a93	xori	x21,x26,-263	 x26:0x80000364 x21=0x7ffffd9d
       12275000	      1226	80000614	001c1c63	bne	x24,x1,8000062c	 x24:0x5b70b598  x1:0x00000001
       12285000	      1227	00000000	00000013	addi	x0,x0,0	  x0:0x00000000
       12295000	      1228	80000628	00000013	addi	x0,x0,0	  x0:0x00000000
       12305000	      1229	8000062c	011094b3	sll	x9,x1,x17	  x1:0x00000001 x17:0x00000000  x9=0x00000001
       12315000	      1230	80000630	01723d33	sltu	x26,x4,x23	  x4:0x00000001 x23:0x80000364 x26=0x00000001
       12325000	      1231	80000634	d0d6e7b7	lui	x15,0xd0d6e	 x15=0xd0d6e000
       12335000	      1232	80000638	045ce663	bltu	x25,x5,80000684	 x25:0x00000000  x5:0x8000045c
       12345000	      1233	00000000	00000013	addi	x0,x0,0	  x0:0x00000000
       12355000	      1234	80000680	00000013	addi	x0,x0,0	  x0:0x00000000
       12365000	      1235	80000684	0650de63	bge	x1,x5,80000700	  x1:0x00000001  x5:0x8000045c
       12375000	      1236	00000000	00000013	addi	x0,x0,0	  x0:0x00000000
       12385000	      1237	800006fc	00000013	addi	x0,x0,0	  x0:0x00000000
       12395000	      1238	80000700	00558c33	add	x24,x11,x5	 x11:0x00000000  x5:0x8000045c x24=0x8000045c
       12405000	      1239	80000704	005d5463	bge	x26,x5,8000070c	 x26:0x00000001  x5:0x8000045c
       12415000	      1240	00000000	00000013	addi	x0,x0,0	  x0:0x00000000
       12425000	      1241	80000708	00000013	addi	x0,x0,0	  x0:0x00000000
       12435000	      1242	8000070c	daf0d737	lui	x14,0xdaf0d	 x14=0xdaf0d000
       12445000	      1243	80000710	01e4bfb3	sltu	x31,x9,x30	  x9:0x00000001 x30:0x80009fc4 x31=0x00000001
       12455000	      1244	80000714	00b51133	sll	x2,x10,x11	 x10:0x00000000 x11:0x00000000  x2=0x00000000
       12465000	      1245	80000718	cf218c93	addi	x25,x3,-782	  x3:0x00000034 x25=0xfffffd26
       12475000	      1246	8000071c	41a65093	srai	x1,x12,0x1a	 x12:0x80009f84  x1=0xffffffe0
       12485000	      1247	80000720	0002a733	slt	x14,x5,x0	  x5:0x8000045c  x0:0x00000000 x14=0x00000001
       12495000	      1248	80000724	03bf4863	blt	x30,x27,80000754	 x30:0x80009fc4 x27:0x80009ff7
       12505000	      1249	00000000	00000013	addi	x0,x0,0	  x0:0x00000000
       12515000	      1250	80000750	00000013	addi	x0,x0,0	  x0:0x00000000
       12525000	      1251	80000754	010f2eb3	slt	x29,x30,x16	 x30:0x80009fc4 x16:0x80000563 x29=0x00000000
       12535000	      1252	80000758	004e4533	xor	x10,x28,x4	 x28:0x000000ca  x4:0x00000001 x10=0x000000cb
       12545000	      1253	8000075c	001fd533	srl	x10,x31,x1	 x31:0x00000001  x1:0xffffffe0 x10=0x00000001
       12555000	      1254	80000760	002d5e63	bge	x26,x2,8000077c	 x26:0x00000001  x2:0x00000000
       12565000	      1255	00000000	00000013	addi	x0,x0,0	  x0:0x00000000
       12575000	      1256	80000778	00000013	addi	x0,x0,0	  x0:0x00000000
       12585000	      1257	8000077c	40ba06b3	sub	x13,x20,x11	 x20:0x80000498 x11:0x00000000 x13=0x80000498
       12595000	      1258	80000780	b9ff9a37	lui	x20,0xb9ff9	 x20=0xb9ff9000
       12605000	      1259	80000784	ab37fe13	andi	x28,x15,-1357	 x15:0xd0d6e000 x28=0xd0d6e000
       12615000	      1260	80000788	01cbb533	sltu	x10,x23,x28	 x23:0x80000364 x28:0xd0d6e000 x10=0x00000001
       12625000	      1261	8000078c	03cae663	bltu	x21,x28,800007b8	 x21:0x7ffffd9d x28:0xd0d6e000
       12635000	      1262	00000000	00000013	addi	x0,x0,0	  x0:0x00000000
       12645000	      1263	800007b4	00000013	addi	x0,x0,0	  x0:0x00000000
       12655000	      1264	800007b8	41821d17	auipc	x26,0x41821	 x26=0xc18217b4
       12665000	      1265	800007bc	0055f733	and	x14,x11,x5	 x11:0x00000000  x5:0x8000045c x14=0x00000000
       12675000	      1266	800007c0	41985433	sra	x8,x16,x25	 x16:0x80000563 x25:0xfffffd26  x8=0xfe000015
       12685000	      1267	800007c4	018feb33	or	x22,x31,x24	 x31:0x00000001 x24:0x8000045c x22=0x8000045d
       12695000	      1268	800007c8	03d98e63	beq	x19,x29,80000804	 x19:0xffffff80 x29:0x00000000
       12705000	      1269	800007cc	03871863	bne	x14,x24,800007fc	 x14:0x00000000 x24:0x8000045c
       12715000	      1270	00000000	00000013	addi	x0,x0,0	  x0:0x00000000
       12725000	      1271	800007f8	00000013	addi	x0,x0,0	  x0:0x00000000
       12735000	      1272	800007fc	00000013	addi	x0,x0,0	  x0:0x00000000
       12745000	      1273	80000800	3e780013	addi	x0,x16,999	 x16:0x80000563
       12755000	      1274	80000804	05255663	bge	x10,x18,80000850	 x10:0x00000001 x18:0x00000001
       12765000	      1275	00000000	00000013	addi	x0,x0,0	  x0:0x00000000
       12775000	      1276	8000084c	00000013	addi	x0,x0,0	  x0:0x00000000
       12785000	      1277	80000850	00adf663	bgeu	x27,x10,8000085c	 x27:0x80009ff7 x10:0x00000001
       12795000	      1278	00000000	00000013	addi	x0,x0,0	  x0:0x00000000
       12805000	      1279	80000858	00000013	addi	x0,x0,0	  x0:0x00000000
       12815000	      1280	8000085c	0087ed33	or	x26,x15,x8	 x15:0xd0d6e000  x8:0xfe000015 x26=0xfed6e015
       12825000	      1281	80000860	1c0ea837	lui	x16,0x1c0ea	 x16=0x1c0ea000
       12835000	      1282	80000864	41a05093	srai	x1,x0,0x1a	  x0:0x00000000  x1=0x00000000
       12845000	      1283	80000868	05b84a63	blt	x16,x27,800008bc	 x16:0x1c0ea000 x27:0x80009ff7
       12855000	      1284	8000086c	365b4293	xori	x5,x22,869	 x22:0x8000045d  x5=0x80000738
       12865000	      1285	80000870	16f44c93	xori	x25,x8,367	  x8:0xfe000015 x25=0xfe00017a
       12875000	      1286	80000874	01990e33	add	x28,x18,x25	 x18:0x00000001 x25:0xfe00017a x28=0xfe00017b
       12885000	      1287	80000878	013cbd33	sltu	x26,x25,x19	 x25:0xfe00017a x19:0xffffff80 x26=0x00000001
       12895000	      1288	8000087c	00000717	auipc	x14,0x0	 x14=0x80000878
       12905000	      1289	80000880	5d070713	addi	x14,x14,1488	 x14:0x80000878 x14=0x80000e48
       12915000	      1290	80000884	c9b70713	addi	x14,x14,-869	 x14:0x80000e48 x14=0x80000ae3
       12925000	      1291	80000888	968611b7	lui	x3,0x96861	  x3=0x96861000
       12935000	      1292	8000088c	0110e1b3	or	x3,x1,x17	  x1:0x00000000 x17:0x00000000  x3=0x00000000
       12945000	      1293	80000890	40c25693	srai	x13,x4,0xc	  x4:0x00000001 x13=0x00000000
       12955000	      1294	80000894	01048b33	add	x22,x9,x16	  x9:0x00000001 x16:0x1c0ea000 x22=0x1c0ea001
       12965000	      1295	80000898	3ade4813	xori	x16,x28,941	 x28:0xfe00017b x16=0xfe0002d6
       12975000	      1296	8000089c	44952893	slti	x17,x10,1097	 x10:0x00000001 x17=0x00000001
       12985000	      1297	800008a0	007dc663	blt	x27,x7,800008ac	 x27:0x80009ff7  x7:0x800004b4
       12995000	      1298	800008a4	62d64a13	xori	x20,x12,1581	 x12:0x80009f84 x20=0x800099a9
       13005000	      1299	800008a8	40cadc13	srai	x24,x21,0xc	 x21:0x7ffffd9d x24=0x0007ffff
       13015000	      1300	800008ac	36670967	jalr	x18,x14,870	 x14:0x80000ae3 x18=0x800008ac
       13025000	      1301	00000000	00000013	addi	x0,x0,0	  x0:0x00000000
       13035000	      1302	80000e48	00000013	addi	x0,x0,0	  x0:0x00000000
       13045000	      1303	80000e4c	00378263	beq	x15,x3,80000e50	 x15:0xd0d6e000  x3:0x00000000
       13055000	      1304	80000e50	ff460613	addi	x12,x12,-12	 x12:0x80009f84 x12=0x80009f78
       13065000	      1305	80000e54	00000013	addi	x0,x0,0	  x0:0x00000000
       13075000	      1306	80000e58	00df38b3	sltu	x17,x30,x13	 x30:0x80009fc4 x13:0x00000000 x17=0x00000000
       13085000	      1307	80000e5c	01262223	sw	x18,4(x12)	 x12:0x80009f78 x18:0x800008ac PA:0x80009f7c
       13095000	      1308	80000e60	406c8433	sub	x8,x25,x6	 x25:0xfe00017a  x6:0x800004d4  x8=0x7dfffca6
       13105000	      1309	80000e64	00000013	addi	x0,x0,0	  x0:0x00000000
       13115000	      1310	80000e68	0100096f	jal	x18,80000e68	 x18=0x80000e68
       13125000	      1311	00000000	00000013	addi	x0,x0,0	  x0:0x00000000
       13135000	      1312	80000e74	00000013	addi	x0,x0,0	  x0:0x00000000
       13145000	      1313	80000e78	014000ef	jal	x1,80000e78	  x1=0x80000e78
       13155000	      1314	00000000	00000013	addi	x0,x0,0	  x0:0x00000000
       13165000	      1315	80000e88	00000013	addi	x0,x0,0	  x0:0x00000000
       13175000	      1316	80000e8c	fe1ff0ef	jal	x1,80000e8c	  x1=0x80000e8c
       13185000	      1317	00000000	00000013	addi	x0,x0,0	  x0:0x00000000
       13195000	      1318	80000e68	00000013	addi	x0,x0,0	  x0:0x00000000
       13205000	      1319	80000e6c	008000ef	jal	x1,80000e6c	  x1=0x80000e6c
       13215000	      1320	00000000	00000013	addi	x0,x0,0	  x0:0x00000000
       13225000	      1321	80000e70	00000013	addi	x0,x0,0	  x0:0x00000000
       13235000	      1322	80000e74	01c0036f	jal	x6,80000e74	  x6=0x80000e74
       13245000	      1323	00000000	00000013	addi	x0,x0,0	  x0:0x00000000
       13255000	      1324	80000e8c	00000013	addi	x0,x0,0	  x0:0x00000000
       13265000	      1325	80000e90	fe1ff8ef	jal	x17,80000e90	 x17=0x80000e90
       13275000	      1326	00000000	00000013	addi	x0,x0,0	  x0:0x00000000
       13285000	      1327	80000e6c	00000013	addi	x0,x0,0	  x0:0x00000000
       13295000	      1328	80000e70	0240076f	jal	x14,80000e70	 x14=0x80000e70
       13305000	      1329	00000000	00000013	addi	x0,x0,0	  x0:0x00000000
       13315000	      1330	80000e90	00000013	addi	x0,x0,0	  x0:0x00000000
       13325000	      1331	80000e94	fedff86f	jal	x16,80000e94	 x16=0x80000e94
       13335000	      1332	00000000	00000013	addi	x0,x0,0	  x0:0x00000000
       13345000	      1333	80000e7c	00000013	addi	x0,x0,0	  x0:0x00000000
       13355000	      1334	80000e80	0040036f	jal	x6,80000e80	  x6=0x80000e80
       13365000	      1335	00000000	00000013	addi	x0,x0,0	  x0:0x00000000
       13375000	      1336	80000e80	00000013	addi	x0,x0,0	  x0:0x00000000
       13385000	      1337	80000e84	004000ef	jal	x1,80000e84	  x1=0x80000e84
       13395000	      1338	00000000	00000013	addi	x0,x0,0	  x0:0x00000000
       13405000	      1339	80000e84	00000013	addi	x0,x0,0	  x0:0x00000000
       13415000	      1340	80000e88	ff5ff0ef	jal	x1,80000e88	  x1=0x80000e88
       13425000	      1341	00000000	00000013	addi	x0,x0,0	  x0:0x00000000
       13435000	      1342	80000e78	00000013	addi	x0,x0,0	  x0:0x00000000
       13445000	      1343	80000e7c	01c000ef	jal	x1,80000e7c	  x1=0x80000e7c
       13455000	      1344	00000000	00000013	addi	x0,x0,0	  x0:0x00000000
       13465000	      1345	80000e94	00000013	addi	x0,x0,0	  x0:0x00000000
       13475000	      1346	80000e98	41a40733	sub	x14,x8,x26	  x8:0x7dfffca6 x26:0x00000001 x14=0x7dfffca5
       13485000	      1347	80000e9c	00c0096f	jal	x18,80000e9c	 x18=0x80000e9c
       13495000	      1348	00000000	00000013	addi	x0,x0,0	  x0:0x00000000
       13505000	      1349	80000ea4	00000013	addi	x0,x0,0	  x0:0x00000000
       13515000	      1350	80000ea8	028000ef	jal	x1,80000ea8	  x1=0x80000ea8
       13525000	      1351	00000000	00000013	addi	x0,x0,0	  x0:0x00000000
       13535000	      1352	80000ecc	00000013	addi	x0,x0,0	  x0:0x00000000
       13545000	      1353	80000ed0	fedff36f	jal	x6,80000ed0	  x6=0x80000ed0
       13555000	      1354	00000000	00000013	addi	x0,x0,0	  x0:0x00000000
       13565000	      1355	80000eb8	00000013	addi	x0,x0,0	  x0:0x00000000
       13575000	      1356	80000ebc	00c000ef	jal	x1,80000ebc	  x1=0x80000ebc
       13585000	      1357	00000000	00000013	addi	x0,x0,0	  x0:0x00000000
       13595000	      1358	80000ec4	00000013	addi	x0,x0,0	  x0:0x00000000
       13605000	      1359	80000ec8	fe9ff36f	jal	x6,80000ec8	  x6=0x80000ec8
       13615000	      1360	00000000	00000013	addi	x0,x0,0	  x0:0x00000000
       13625000	      1361	80000eac	00000013	addi	x0,x0,0	  x0:0x00000000
       13635000	      1362	80000eb0	0100086f	jal	x16,80000eb0	 x16=0x80000eb0
       13645000	      1363	00000000	00000013	addi	x0,x0,0	  x0:0x00000000
       13655000	      1364	80000ebc	00000013	addi	x0,x0,0	  x0:0x00000000
       13665000	      1365	80000ec0	00c000ef	jal	x1,80000ec0	  x1=0x80000ec0
       13675000	      1366	00000000	00000013	addi	x0,x0,0	  x0:0x00000000
       13685000	      1367	80000ec8	00000013	addi	x0,x0,0	  x0:0x00000000
       13695000	      1368	80000ecc	fd5ff0ef	jal	x1,80000ecc	  x1=0x80000ecc
       13705000	      1369	00000000	00000013	addi	x0,x0,0	  x0:0x00000000
       13715000	      1370	80000e9c	00000013	addi	x0,x0,0	  x0:0x00000000
       13725000	      1371	80000ea0	024001ef	jal	x3,80000ea0	  x3=0x80000ea0
       13735000	      1372	00000000	00000013	addi	x0,x0,0	  x0:0x00000000
       13745000	      1373	80000ec0	00000013	addi	x0,x0,0	  x0:0x00000000
       13755000	      1374	80000ec4	fe9ff0ef	jal	x1,80000ec4	  x1=0x80000ec4
       13765000	      1375	00000000	00000013	addi	x0,x0,0	  x0:0x00000000
       13775000	      1376	80000ea8	00000013	addi	x0,x0,0	  x0:0x00000000
       13785000	      1377	80000eac	008000ef	jal	x1,80000eac	  x1=0x80000eac
       13795000	      1378	00000000	00000013	addi	x0,x0,0	  x0:0x00000000
       13805000	      1379	80000eb0	00000013	addi	x0,x0,0	  x0:0x00000000
       13815000	      1380	80000eb4	ff1ff0ef	jal	x1,80000eb4	  x1=0x80000eb4
       13825000	      1381	00000000	00000013	addi	x0,x0,0	  x0:0x00000000
       13835000	      1382	80000ea0	00000013	addi	x0,x0,0	  x0:0x00000000
       13845000	      1383	80000ea4	0140036f	jal	x6,80000ea4	  x6=0x80000ea4
       13855000	      1384	00000000	00000013	addi	x0,x0,0	  x0:0x00000000
       13865000	      1385	80000eb4	00000013	addi	x0,x0,0	  x0:0x00000000
       13875000	      1386	80000eb8	01c000ef	jal	x1,80000eb8	  x1=0x80000eb8
       13885000	      1387	00000000	00000013	addi	x0,x0,0	  x0:0x00000000
       13895000	      1388	80000ed0	00000013	addi	x0,x0,0	  x0:0x00000000
       13905000	      1389	80000ed4	408edc33	sra	x24,x29,x8	 x29:0x00000000  x8:0x7dfffca6 x24=0x00000000
       13915000	      1390	80000ed8	0140096f	jal	x18,80000ed8	 x18=0x80000ed8
       13925000	      1391	00000000	00000013	addi	x0,x0,0	  x0:0x00000000
       13935000	      1392	80000ee8	00000013	addi	x0,x0,0	  x0:0x00000000
       13945000	      1393	80000eec	0180036f	jal	x6,80000eec	  x6=0x80000eec
       13955000	      1394	00000000	00000013	addi	x0,x0,0	  x0:0x00000000
       13965000	      1395	80000f00	00000013	addi	x0,x0,0	  x0:0x00000000
       13975000	      1396	80000f04	fedff0ef	jal	x1,80000f04	  x1=0x80000f04
       13985000	      1397	00000000	00000013	addi	x0,x0,0	  x0:0x00000000
       13995000	      1398	80000eec	00000013	addi	x0,x0,0	  x0:0x00000000
       14005000	      1399	80000ef0	0180036f	jal	x6,80000ef0	  x6=0x80000ef0
       14015000	      1400	00000000	00000013	addi	x0,x0,0	  x0:0x00000000
       14025000	      1401	80000f04	00000013	addi	x0,x0,0	  x0:0x00000000
       14035000	      1402	80000f08	fedff0ef	jal	x1,80000f08	  x1=0x80000f08
       14045000	      1403	00000000	00000013	addi	x0,x0,0	  x0:0x00000000
       14055000	      1404	80000ef0	00000013	addi	x0,x0,0	  x0:0x00000000
       14065000	      1405	80000ef4	018000ef	jal	x1,80000ef4	  x1=0x80000ef4
       14075000	      1406	00000000	00000013	addi	x0,x0,0	  x0:0x00000000
       14085000	      1407	80000f08	00000013	addi	x0,x0,0	  x0:0x00000000
       14095000	      1408	80000f0c	004001ef	jal	x3,80000f0c	  x3=0x80000f0c
       14105000	      1409	00000000	00000013	addi	x0,x0,0	  x0:0x00000000
       14115000	      1410	80000f0c	00000013	addi	x0,x0,0	  x0:0x00000000
       14125000	      1411	80000f10	fd5ff1ef	jal	x3,80000f10	  x3=0x80000f10
       14135000	      1412	00000000	00000013	addi	x0,x0,0	  x0:0x00000000
       14145000	      1413	80000ee0	00000013	addi	x0,x0,0	  x0:0x00000000
       14155000	      1414	80000ee4	01c000ef	jal	x1,80000ee4	  x1=0x80000ee4
       14165000	      1415	00000000	00000013	addi	x0,x0,0	  x0:0x00000000
       14175000	      1416	80000efc	00000013	addi	x0,x0,0	  x0:0x00000000
       14185000	      1417	80000f00	fddff0ef	jal	x1,80000f00	  x1=0x80000f00
       14195000	      1418	00000000	00000013	addi	x0,x0,0	  x0:0x00000000
       14205000	      1419	80000ed8	00000013	addi	x0,x0,0	  x0:0x00000000
       14215000	      1420	80000edc	00c000ef	jal	x1,80000edc	  x1=0x80000edc
       14225000	      1421	00000000	00000013	addi	x0,x0,0	  x0:0x00000000
       14235000	      1422	80000ee4	00000013	addi	x0,x0,0	  x0:0x00000000
       14245000	      1423	80000ee8	02c000ef	jal	x1,80000ee8	  x1=0x80000ee8
       14255000	      1424	00000000	00000013	addi	x0,x0,0	  x0:0x00000000
       14265000	      1425	80000f10	00000013	addi	x0,x0,0	  x0:0x00000000
       14275000	      1426	80000f14	fe9ff0ef	jal	x1,80000f14	  x1=0x80000f14
       14285000	      1427	00000000	00000013	addi	x0,x0,0	  x0:0x00000000
       14295000	      1428	80000ef8	00000013	addi	x0,x0,0	  x0:0x00000000
       14305000	      1429	80000efc	ffdff2ef	jal	x5,80000efc	  x5=0x80000efc
       14315000	      1430	00000000	00000013	addi	x0,x0,0	  x0:0x00000000
       14325000	      1431	80000ef4	00000013	addi	x0,x0,0	  x0:0x00000000
       14335000	      1432	80000ef8	fe9ff0ef	jal	x1,80000ef8	  x1=0x80000ef8
       14345000	      1433	00000000	00000013	addi	x0,x0,0	  x0:0x00000000
       14355000	      1434	80000edc	00000013	addi	x0,x0,0	  x0:0x00000000
       14365000	      1435	80000ee0	038000ef	jal	x1,80000ee0	  x1=0x80000ee0
       14375000	      1436	00000000	00000013	addi	x0,x0,0	  x0:0x00000000
       14385000	      1437	80000f14	00000013	addi	x0,x0,0	  x0:0x00000000
       14395000	      1438	80000f18	01823033	sltu	x0,x4,x24	  x4:0x00000001 x24:0x00000000
       14405000	      1439	80000f1c	0300096f	jal	x18,80000f1c	 x18=0x80000f1c
       14415000	      1440	00000000	00000013	addi	x0,x0,0	  x0:0x00000000
       14425000	      1441	80000f48	00000013	addi	x0,x0,0	  x0:0x00000000
       14435000	      1442	80000f4c	fe9ff0ef	jal	x1,80000f4c	  x1=0x80000f4c
       14445000	      1443	00000000	00000013	addi	x0,x0,0	  x0:0x00000000
       14455000	      1444	80000f30	00000013	addi	x0,x0,0	  x0:0x00000000
       14465000	      1445	80000f34	00800cef	jal	x25,80000f34	 x25=0x80000f34
       14475000	      1446	00000000	00000013	addi	x0,x0,0	  x0:0x00000000
       14485000	      1447	80000f38	00000013	addi	x0,x0,0	  x0:0x00000000
       14495000	      1448	80000f3c	fe9ff0ef	jal	x1,80000f3c	  x1=0x80000f3c
       14505000	      1449	00000000	00000013	addi	x0,x0,0	  x0:0x00000000
       14515000	      1450	80000f20	00000013	addi	x0,x0,0	  x0:0x00000000
       14525000	      1451	80000f24	044000ef	jal	x1,80000f24	  x1=0x80000f24
       14535000	      1452	00000000	00000013	addi	x0,x0,0	  x0:0x00000000
       14545000	      1453	80000f64	00000013	addi	x0,x0,0	  x0:0x00000000
       14555000	      1454	80000f68	ffdff0ef	jal	x1,80000f68	  x1=0x80000f68
       14565000	      1455	00000000	00000013	addi	x0,x0,0	  x0:0x00000000
       14575000	      1456	80000f60	00000013	addi	x0,x0,0	  x0:0x00000000
       14585000	      1457	80000f64	fe5ff46f	jal	x8,80000f64	  x8=0x80000f64
       14595000	      1458	00000000	00000013	addi	x0,x0,0	  x0:0x00000000
       14605000	      1459	80000f44	00000013	addi	x0,x0,0	  x0:0x00000000
       14615000	      1460	80000f48	fe5ff0ef	jal	x1,80000f48	  x1=0x80000f48
       14625000	      1461	00000000	00000013	addi	x0,x0,0	  x0:0x00000000
       14635000	      1462	80000f28	00000013	addi	x0,x0,0	  x0:0x00000000
       14645000	      1463	80000f2c	00c003ef	jal	x7,80000f2c	  x7=0x80000f2c
       14655000	      1464	00000000	00000013	addi	x0,x0,0	  x0:0x00000000
       14665000	      1465	80000f34	00000013	addi	x0,x0,0	  x0:0x00000000
       14675000	      1466	80000f38	038000ef	jal	x1,80000f38	  x1=0x80000f38
       14685000	      1467	00000000	00000013	addi	x0,x0,0	  x0:0x00000000
       14695000	      1468	80000f6c	00000013	addi	x0,x0,0	  x0:0x00000000
       14705000	      1469	80000f70	fe9ffe6f	jal	x28,80000f70	 x28=0x80000f70
       14715000	      1470	00000000	00000013	addi	x0,x0,0	  x0:0x00000000
       14725000	      1471	80000f54	00000013	addi	x0,x0,0	  x0:0x00000000
       14735000	      1472	80000f58	fc9ff0ef	jal	x1,80000f58	  x1=0x80000f58
       14745000	      1473	00000000	00000013	addi	x0,x0,0	  x0:0x00000000
       14755000	      1474	80000f1c	00000013	addi	x0,x0,0	  x0:0x00000000
       14765000	      1475	80000f20	030000ef	jal	x1,80000f20	  x1=0x80000f20
       14775000	      1476	00000000	00000013	addi	x0,x0,0	  x0:0x00000000
       14785000	      1477	80000f4c	00000013	addi	x0,x0,0	  x0:0x00000000
       14795000	      1478	80000f50	fe1ff36f	jal	x6,80000f50	  x6=0x80000f50
       14805000	      1479	00000000	00000013	addi	x0,x0,0	  x0:0x00000000
       14815000	      1480	80000f2c	00000013	addi	x0,x0,0	  x0:0x00000000
       14825000	      1481	80000f30	02c000ef	jal	x1,80000f30	  x1=0x80000f30
       14835000	      1482	00000000	00000013	addi	x0,x0,0	  x0:0x00000000
       14845000	      1483	80000f58	00000013	addi	x0,x0,0	  x0:0x00000000
       14855000	      1484	80000f5c	0040046f	jal	x8,80000f5c	  x8=0x80000f5c
       14865000	      1485	00000000	00000013	addi	x0,x0,0	  x0:0x00000000
       14875000	      1486	80000f5c	00000013	addi	x0,x0,0	  x0:0x00000000
       14885000	      1487	80000f60	fc9ff0ef	jal	x1,80000f60	  x1=0x80000f60
       14895000	      1488	00000000	00000013	addi	x0,x0,0	  x0:0x00000000
       14905000	      1489	80000f24	00000013	addi	x0,x0,0	  x0:0x00000000
       14915000	      1490	80000f28	02c000ef	jal	x1,80000f28	  x1=0x80000f28
       14925000	      1491	00000000	00000013	addi	x0,x0,0	  x0:0x00000000
       14935000	      1492	80000f50	00000013	addi	x0,x0,0	  x0:0x00000000
       14945000	      1493	80000f54	ff1ff0ef	jal	x1,80000f54	  x1=0x80000f54
       14955000	      1494	00000000	00000013	addi	x0,x0,0	  x0:0x00000000
       14965000	      1495	80000f40	00000013	addi	x0,x0,0	  x0:0x00000000
       14975000	      1496	80000f44	ffdffa6f	jal	x20,80000f44	 x20=0x80000f44
       14985000	      1497	00000000	00000013	addi	x0,x0,0	  x0:0x00000000
       14995000	      1498	80000f3c	00000013	addi	x0,x0,0	  x0:0x00000000
       15005000	      1499	80000f40	02c0016f	jal	x2,80000f40	  x2=0x80000f40
       15015000	      1500	00000000	00000013	addi	x0,x0,0	  x0:0x00000000
       15025000	      1501	80000f68	00000013	addi	x0,x0,0	  x0:0x00000000
       15035000	      1502	80000f6c	00800fef	jal	x31,80000f6c	 x31=0x80000f6c
       15045000	      1503	00000000	00000013	addi	x0,x0,0	  x0:0x00000000
       15055000	      1504	80000f70	00000013	addi	x0,x0,0	  x0:0x00000000
       15065000	      1505	80000f74	4179af93	slti	x31,x19,1047	 x19:0xffffff80 x31=0x00000001
       15075000	      1506	80000f78	0280096f	jal	x18,80000f78	 x18=0x80000f78
       15085000	      1507	00000000	00000013	addi	x0,x0,0	  x0:0x00000000
       15095000	      1508	80000f9c	00000013	addi	x0,x0,0	  x0:0x00000000
       15105000	      1509	80000fa0	fedff0ef	jal	x1,80000fa0	  x1=0x80000fa0
       15115000	      1510	00000000	00000013	addi	x0,x0,0	  x0:0x00000000
       15125000	      1511	80000f88	00000013	addi	x0,x0,0	  x0:0x00000000
       15135000	      1512	80000f8c	ff1ff0ef	jal	x1,80000f8c	  x1=0x80000f8c
       15145000	      1513	00000000	00000013	addi	x0,x0,0	  x0:0x00000000
       15155000	      1514	80000f78	00000013	addi	x0,x0,0	  x0:0x00000000
       15165000	      1515	80000f7c	0300036f	jal	x6,80000f7c	  x6=0x80000f7c
       15175000	      1516	00000000	00000013	addi	x0,x0,0	  x0:0x00000000
       15185000	      1517	80000fa8	00000013	addi	x0,x0,0	  x0:0x00000000
       15195000	      1518	80000fac	fd9ff0ef	jal	x1,80000fac	  x1=0x80000fac
       15205000	      1519	00000000	00000013	addi	x0,x0,0	  x0:0x00000000
       15215000	      1520	80000f80	00000013	addi	x0,x0,0	  x0:0x00000000
       15225000	      1521	80000f84	014002ef	jal	x5,80000f84	  x5=0x80000f84
       15235000	      1522	00000000	00000013	addi	x0,x0,0	  x0:0x00000000
       15245000	      1523	80000f94	00000013	addi	x0,x0,0	  x0:0x00000000
       15255000	      1524	80000f98	024000ef	jal	x1,80000f98	  x1=0x80000f98
       15265000	      1525	00000000	00000013	addi	x0,x0,0	  x0:0x00000000
       15275000	      1526	80000fb8	00000013	addi	x0,x0,0	  x0:0x00000000
       15285000	      1527	80000fbc	fc5ff0ef	jal	x1,80000fbc	  x1=0x80000fbc
       15295000	      1528	00000000	00000013	addi	x0,x0,0	  x0:0x00000000
       15305000	      1529	80000f7c	00000013	addi	x0,x0,0	  x0:0x00000000
       15315000	      1530	80000f80	014000ef	jal	x1,80000f80	  x1=0x80000f80
       15325000	      1531	00000000	00000013	addi	x0,x0,0	  x0:0x00000000
       15335000	      1532	80000f90	00000013	addi	x0,x0,0	  x0:0x00000000
       15345000	      1533	80000f94	0080036f	jal	x6,80000f94	  x6=0x80000f94
       15355000	      1534	00000000	00000013	addi	x0,x0,0	  x0:0x00000000
       15365000	      1535	80000f98	00000013	addi	x0,x0,0	  x0:0x00000000
       15375000	      1536	80000f9c	fedff0ef	jal	x1,80000f9c	  x1=0x80000f9c
       15385000	      1537	00000000	00000013	addi	x0,x0,0	  x0:0x00000000
       15395000	      1538	80000f84	00000013	addi	x0,x0,0	  x0:0x00000000
       15405000	      1539	80000f88	0200036f	jal	x6,80000f88	  x6=0x80000f88
       15415000	      1540	00000000	00000013	addi	x0,x0,0	  x0:0x00000000
       15425000	      1541	80000fa4	00000013	addi	x0,x0,0	  x0:0x00000000
       15435000	      1542	80000fa8	010000ef	jal	x1,80000fa8	  x1=0x80000fa8
       15445000	      1543	00000000	00000013	addi	x0,x0,0	  x0:0x00000000
       15455000	      1544	80000fb4	00000013	addi	x0,x0,0	  x0:0x00000000
       15465000	      1545	80000fb8	fd9ff36f	jal	x6,80000fb8	  x6=0x80000fb8
       15475000	      1546	00000000	00000013	addi	x0,x0,0	  x0:0x00000000
       15485000	      1547	80000f8c	00000013	addi	x0,x0,0	  x0:0x00000000
       15495000	      1548	80000f90	014000ef	jal	x1,80000f90	  x1=0x80000f90
       15505000	      1549	00000000	00000013	addi	x0,x0,0	  x0:0x00000000
       15515000	      1550	80000fa0	00000013	addi	x0,x0,0	  x0:0x00000000
       15525000	      1551	80000fa4	00c000ef	jal	x1,80000fa4	  x1=0x80000fa4
       15535000	      1552	00000000	00000013	addi	x0,x0,0	  x0:0x00000000
       15545000	      1553	80000fac	00000013	addi	x0,x0,0	  x0:0x00000000
       15555000	      1554	80000fb0	004000ef	jal	x1,80000fb0	  x1=0x80000fb0
       15565000	      1555	00000000	00000013	addi	x0,x0,0	  x0:0x00000000
       15575000	      1556	80000fb0	00000013	addi	x0,x0,0	  x0:0x00000000
       15585000	      1557	80000fb4	00c000ef	jal	x1,80000fb4	  x1=0x80000fb4
       15595000	      1558	00000000	00000013	addi	x0,x0,0	  x0:0x00000000
       15605000	      1559	80000fbc	00000013	addi	x0,x0,0	  x0:0x00000000
       15615000	      1560	80000fc0	d328cfb7	lui	x31,0xd328c	 x31=0xd328c000
       15625000	      1561	80000fc4	0200096f	jal	x18,80000fc4	 x18=0x80000fc4
       15635000	      1562	00000000	00000013	addi	x0,x0,0	  x0:0x00000000
       15645000	      1563	80000fe0	00000013	addi	x0,x0,0	  x0:0x00000000
       15655000	      1564	80000fe4	ff5ff0ef	jal	x1,80000fe4	  x1=0x80000fe4
       15665000	      1565	00000000	00000013	addi	x0,x0,0	  x0:0x00000000
       15675000	      1566	80000fd4	00000013	addi	x0,x0,0	  x0:0x00000000
       15685000	      1567	80000fd8	038000ef	jal	x1,80000fd8	  x1=0x80000fd8
       15695000	      1568	00000000	00000013	addi	x0,x0,0	  x0:0x00000000
       15705000	      1569	8000100c	00000013	addi	x0,x0,0	  x0:0x00000000
       15715000	      1570	80001010	ffdff2ef	jal	x5,80001010	  x5=0x80001010
       15725000	      1571	00000000	00000013	addi	x0,x0,0	  x0:0x00000000
       15735000	      1572	80001008	00000013	addi	x0,x0,0	  x0:0x00000000
       15745000	      1573	8000100c	0080016f	jal	x2,8000100c	  x2=0x8000100c
       15755000	      1574	00000000	00000013	addi	x0,x0,0	  x0:0x00000000
       15765000	      1575	80001010	00000013	addi	x0,x0,0	  x0:0x00000000
       15775000	      1576	80001014	fbdff16f	jal	x2,80001014	  x2=0x80001014
       15785000	      1577	00000000	00000013	addi	x0,x0,0	  x0:0x00000000
       15795000	      1578	80000fcc	00000013	addi	x0,x0,0	  x0:0x00000000
       15805000	      1579	80000fd0	030000ef	jal	x1,80000fd0	  x1=0x80000fd0
       15815000	      1580	00000000	00000013	addi	x0,x0,0	  x0:0x00000000
       15825000	      1581	80000ffc	00000013	addi	x0,x0,0	  x0:0x00000000
       15835000	      1582	80001000	0080086f	jal	x16,80001000	 x16=0x80001000
       15845000	      1583	00000000	00000013	addi	x0,x0,0	  x0:0x00000000
       15855000	      1584	80001004	00000013	addi	x0,x0,0	  x0:0x00000000
       15865000	      1585	80001008	fcdff16f	jal	x2,80001008	  x2=0x80001008
       15875000	      1586	00000000	00000013	addi	x0,x0,0	  x0:0x00000000
       15885000	      1587	80000fd0	00000013	addi	x0,x0,0	  x0:0x00000000
       15895000	      1588	80000fd4	024000ef	jal	x1,80000fd4	  x1=0x80000fd4
       15905000	      1589	00000000	00000013	addi	x0,x0,0	  x0:0x00000000
       15915000	      1590	80000ff4	00000013	addi	x0,x0,0	  x0:0x00000000
       15925000	      1591	80000ff8	00c0096f	jal	x18,80000ff8	 x18=0x80000ff8
       15935000	      1592	00000000	00000013	addi	x0,x0,0	  x0:0x00000000
       15945000	      1593	80001000	00000013	addi	x0,x0,0	  x0:0x00000000
       15955000	      1594	80001004	ff1ff0ef	jal	x1,80001004	  x1=0x80001004
       15965000	      1595	00000000	00000013	addi	x0,x0,0	  x0:0x00000000
       15975000	      1596	80000ff0	00000013	addi	x0,x0,0	  x0:0x00000000
       15985000	      1597	80000ff4	ff5ff0ef	jal	x1,80000ff4	  x1=0x80000ff4
       15995000	      1598	00000000	00000013	addi	x0,x0,0	  x0:0x00000000
       16005000	      1599	80000fe4	00000013	addi	x0,x0,0	  x0:0x00000000
       16015000	      1600	80000fe8	ff5ff6ef	jal	x13,80000fe8	 x13=0x80000fe8
       16025000	      1601	00000000	00000013	addi	x0,x0,0	  x0:0x00000000
       16035000	      1602	80000fd8	00000013	addi	x0,x0,0	  x0:0x00000000
       16045000	      1603	80000fdc	0100036f	jal	x6,80000fdc	  x6=0x80000fdc
       16055000	      1604	00000000	00000013	addi	x0,x0,0	  x0:0x00000000
       16065000	      1605	80000fe8	00000013	addi	x0,x0,0	  x0:0x00000000
       16075000	      1606	80000fec	ff5ff0ef	jal	x1,80000fec	  x1=0x80000fec
       16085000	      1607	00000000	00000013	addi	x0,x0,0	  x0:0x00000000
       16095000	      1608	80000fdc	00000013	addi	x0,x0,0	  x0:0x00000000
       16105000	      1609	80000fe0	01c000ef	jal	x1,80000fe0	  x1=0x80000fe0
       16115000	      1610	00000000	00000013	addi	x0,x0,0	  x0:0x00000000
       16125000	      1611	80000ff8	00000013	addi	x0,x0,0	  x0:0x00000000
       16135000	      1612	80000ffc	ff5ff36f	jal	x6,80000ffc	  x6=0x80000ffc
       16145000	      1613	00000000	00000013	addi	x0,x0,0	  x0:0x00000000
       16155000	      1614	80000fec	00000013	addi	x0,x0,0	  x0:0x00000000
       16165000	      1615	80000ff0	fd9ff2ef	jal	x5,80000ff0	  x5=0x80000ff0
       16175000	      1616	00000000	00000013	addi	x0,x0,0	  x0:0x00000000
       16185000	      1617	80000fc4	00000013	addi	x0,x0,0	  x0:0x00000000
       16195000	      1618	80000fc8	004000ef	jal	x1,80000fc8	  x1=0x80000fc8
       16205000	      1619	00000000	00000013	addi	x0,x0,0	  x0:0x00000000
       16215000	      1620	80000fc8	00000013	addi	x0,x0,0	  x0:0x00000000
       16225000	      1621	80000fcc	04c0096f	jal	x18,80000fcc	 x18=0x80000fcc
       16235000	      1622	00000000	00000013	addi	x0,x0,0	  x0:0x00000000
       16245000	      1623	80001014	00000013	addi	x0,x0,0	  x0:0x00000000
       16255000	      1624	80001018	410a8733	sub	x14,x21,x16	 x21:0x7ffffd9d x16:0x80001000 x14=0xffffed9d
       16265000	      1625	8000101c	0080096f	jal	x18,8000101c	 x18=0x8000101c
       16275000	      1626	00000000	00000013	addi	x0,x0,0	  x0:0x00000000
       16285000	      1627	80001020	00000013	addi	x0,x0,0	  x0:0x00000000
       16295000	      1628	80001024	034006ef	jal	x13,80001024	 x13=0x80001024
       16305000	      1629	00000000	00000013	addi	x0,x0,0	  x0:0x00000000
       16315000	      1630	80001054	00000013	addi	x0,x0,0	  x0:0x00000000
       16325000	      1631	80001058	ff9ff0ef	jal	x1,80001058	  x1=0x80001058
       16335000	      1632	00000000	00000013	addi	x0,x0,0	  x0:0x00000000
       16345000	      1633	8000104c	00000013	addi	x0,x0,0	  x0:0x00000000
       16355000	      1634	80001050	030000ef	jal	x1,80001050	  x1=0x80001050
       16365000	      1635	00000000	00000013	addi	x0,x0,0	  x0:0x00000000
       16375000	      1636	8000107c	00000013	addi	x0,x0,0	  x0:0x00000000
       16385000	      1637	80001080	ffdff0ef	jal	x1,80001080	  x1=0x80001080
       16395000	      1638	00000000	00000013	addi	x0,x0,0	  x0:0x00000000
       16405000	      1639	80001078	00000013	addi	x0,x0,0	  x0:0x00000000
       16415000	      1640	8000107c	ff5ff36f	jal	x6,8000107c	  x6=0x8000107c
       16425000	      1641	00000000	00000013	addi	x0,x0,0	  x0:0x00000000
       16435000	      1642	8000106c	00000013	addi	x0,x0,0	  x0:0x00000000
       16445000	      1643	80001070	fd9ff0ef	jal	x1,80001070	  x1=0x80001070
       16455000	      1644	00000000	00000013	addi	x0,x0,0	  x0:0x00000000
       16465000	      1645	80001044	00000013	addi	x0,x0,0	  x0:0x00000000
       16475000	      1646	80001048	fd9ff36f	jal	x6,80001048	  x6=0x80001048
       16485000	      1647	00000000	00000013	addi	x0,x0,0	  x0:0x00000000
       16495000	      1648	8000101c	00000013	addi	x0,x0,0	  x0:0x00000000
       16505000	      1649	80001020	01c007ef	jal	x15,80001020	 x15=0x80001020
       16515000	      1650	00000000	00000013	addi	x0,x0,0	  x0:0x00000000
       16525000	      1651	80001038	00000013	addi	x0,x0,0	  x0:0x00000000
       16535000	      1652	8000103c	02c0036f	jal	x6,8000103c	  x6=0x8000103c
       16545000	      1653	00000000	00000013	addi	x0,x0,0	  x0:0x00000000
       16555000	      1654	80001064	00000013	addi	x0,x0,0	  x0:0x00000000
       16565000	      1655	80001068	ff9ff0ef	jal	x1,80001068	  x1=0x80001068
       16575000	      1656	00000000	00000013	addi	x0,x0,0	  x0:0x00000000
       16585000	      1657	8000105c	00000013	addi	x0,x0,0	  x0:0x00000000
       16595000	      1658	80001060	ffdff36f	jal	x6,80001060	  x6=0x80001060
       16605000	      1659	00000000	00000013	addi	x0,x0,0	  x0:0x00000000
       16615000	      1660	80001058	00000013	addi	x0,x0,0	  x0:0x00000000
       16625000	      1661	8000105c	0280036f	jal	x6,8000105c	  x6=0x8000105c
       16635000	      1662	00000000	00000013	addi	x0,x0,0	  x0:0x00000000
       16645000	      1663	80001080	00000013	addi	x0,x0,0	  x0:0x00000000
       16655000	      1664	80001084	fd1ff46f	jal	x8,80001084	  x8=0x80001084
       16665000	      1665	00000000	00000013	addi	x0,x0,0	  x0:0x00000000
       16675000	      1666	80001050	00000013	addi	x0,x0,0	  x0:0x00000000
       16685000	      1667	80001054	020001ef	jal	x3,80001054	  x3=0x80001054
       16695000	      1668	00000000	00000013	addi	x0,x0,0	  x0:0x00000000
       16705000	      1669	80001070	00000013	addi	x0,x0,0	  x0:0x00000000
       16715000	      1670	80001074	ff1ff36f	jal	x6,80001074	  x6=0x80001074
       16725000	      1671	00000000	00000013	addi	x0,x0,0	  x0:0x00000000
       16735000	      1672	80001060	00000013	addi	x0,x0,0	  x0:0x00000000
       16745000	      1673	80001064	014000ef	jal	x1,80001064	  x1=0x80001064
       16755000	      1674	00000000	00000013	addi	x0,x0,0	  x0:0x00000000
       16765000	      1675	80001074	00000013	addi	x0,x0,0	  x0:0x00000000
       16775000	      1676	80001078	fbdff0ef	jal	x1,80001078	  x1=0x80001078
       16785000	      1677	00000000	00000013	addi	x0,x0,0	  x0:0x00000000
       16795000	      1678	80001030	00000013	addi	x0,x0,0	  x0:0x00000000
       16805000	      1679	80001034	018000ef	jal	x1,80001034	  x1=0x80001034
       16815000	      1680	00000000	00000013	addi	x0,x0,0	  x0:0x00000000
       16825000	      1681	80001048	00000013	addi	x0,x0,0	  x0:0x00000000
       16835000	      1682	8000104c	02000e6f	jal	x28,8000104c	 x28=0x8000104c
       16845000	      1683	00000000	00000013	addi	x0,x0,0	  x0:0x00000000
       16855000	      1684	80001068	00000013	addi	x0,x0,0	  x0:0x00000000
       16865000	      1685	8000106c	fc5ffd6f	jal	x26,8000106c	 x26=0x8000106c
       16875000	      1686	00000000	00000013	addi	x0,x0,0	  x0:0x00000000
       16885000	      1687	8000102c	00000013	addi	x0,x0,0	  x0:0x00000000
       16895000	      1688	80001030	010000ef	jal	x1,80001030	  x1=0x80001030
       16905000	      1689	00000000	00000013	addi	x0,x0,0	  x0:0x00000000
       16915000	      1690	8000103c	00000013	addi	x0,x0,0	  x0:0x00000000
       16925000	      1691	80001040	004000ef	jal	x1,80001040	  x1=0x80001040
       16935000	      1692	00000000	00000013	addi	x0,x0,0	  x0:0x00000000
       16945000	      1693	80001040	00000013	addi	x0,x0,0	  x0:0x00000000
       16955000	      1694	80001044	ff5ff0ef	jal	x1,80001044	  x1=0x80001044
       16965000	      1695	00000000	00000013	addi	x0,x0,0	  x0:0x00000000
       16975000	      1696	80001034	00000013	addi	x0,x0,0	  x0:0x00000000
       16985000	      1697	80001038	ff1ff0ef	jal	x1,80001038	  x1=0x80001038
       16995000	      1698	00000000	00000013	addi	x0,x0,0	  x0:0x00000000
       17005000	      1699	80001024	00000013	addi	x0,x0,0	  x0:0x00000000
       17015000	      1700	80001028	004001ef	jal	x3,80001028	  x3=0x80001028
       17025000	      1701	00000000	00000013	addi	x0,x0,0	  x0:0x00000000
       17035000	      1702	80001028	00000013	addi	x0,x0,0	  x0:0x00000000
       17045000	      1703	8000102c	05c0036f	jal	x6,8000102c	  x6=0x8000102c
       17055000	      1704	00000000	00000013	addi	x0,x0,0	  x0:0x00000000
       17065000	      1705	80001084	00000013	addi	x0,x0,0	  x0:0x00000000
       17075000	      1706	80001088	0099fab3	and	x21,x19,x9	 x19:0xffffff80  x9:0x00000001 x21=0x00000000
       17085000	      1707	8000108c	0440096f	jal	x18,8000108c	 x18=0x8000108c
       17095000	      1708	00000000	00000013	addi	x0,x0,0	  x0:0x00000000
       17105000	      1709	800010cc	00000013	addi	x0,x0,0	  x0:0x00000000
       17115000	      1710	800010d0	01c0086f	jal	x16,800010d0	 x16=0x800010d0
       17125000	      1711	00000000	00000013	addi	x0,x0,0	  x0:0x00000000
       17135000	      1712	800010e8	00000013	addi	x0,x0,0	  x0:0x00000000
       17145000	      1713	800010ec	fadff16f	jal	x2,800010ec	  x2=0x800010ec
       17155000	      1714	00000000	00000013	addi	x0,x0,0	  x0:0x00000000
       17165000	      1715	80001094	00000013	addi	x0,x0,0	  x0:0x00000000
       17175000	      1716	80001098	03c000ef	jal	x1,80001098	  x1=0x80001098
       17185000	      1717	00000000	00000013	addi	x0,x0,0	  x0:0x00000000
       17195000	      1718	800010d0	00000013	addi	x0,x0,0	  x0:0x00000000
       17205000	      1719	800010d4	fc9ff0ef	jal	x1,800010d4	  x1=0x800010d4
       17215000	      1720	00000000	00000013	addi	x0,x0,0	  x0:0x00000000
       17225000	      1721	80001098	00000013	addi	x0,x0,0	  x0:0x00000000
       17235000	      1722	8000109c	0600036f	jal	x6,8000109c	  x6=0x8000109c
       17245000	      1723	00000000	00000013	addi	x0,x0,0	  x0:0x00000000
       17255000	      1724	800010f8	00000013	addi	x0,x0,0	  x0:0x00000000
       17265000	      1725	800010fc	fadff0ef	jal	x1,800010fc	  x1=0x800010fc
       17275000	      1726	00000000	00000013	addi	x0,x0,0	  x0:0x00000000
       17285000	      1727	800010a4	00000013	addi	x0,x0,0	  x0:0x00000000
       17295000	      1728	800010a8	0100046f	jal	x8,800010a8	  x8=0x800010a8
       17305000	      1729	00000000	00000013	addi	x0,x0,0	  x0:0x00000000
       17315000	      1730	800010b4	00000013	addi	x0,x0,0	  x0:0x00000000
       17325000	      1731	800010b8	ff9ff0ef	jal	x1,800010b8	  x1=0x800010b8
       17335000	      1732	00000000	00000013	addi	x0,x0,0	  x0:0x00000000
       17345000	      1733	800010ac	00000013	addi	x0,x0,0	  x0:0x00000000
       17355000	      1734	800010b0	014000ef	jal	x1,800010b0	  x1=0x800010b0
       17365000	      1735	00000000	00000013	addi	x0,x0,0	  x0:0x00000000
       17375000	      1736	800010c0	00000013	addi	x0,x0,0	  x0:0x00000000
       17385000	      1737	800010c4	ff9ff0ef	jal	x1,800010c4	  x1=0x800010c4
       17395000	      1738	00000000	00000013	addi	x0,x0,0	  x0:0x00000000
       17405000	      1739	800010b8	00000013	addi	x0,x0,0	  x0:0x00000000
       17415000	      1740	800010bc	fe9ff0ef	jal	x1,800010bc	  x1=0x800010bc
       17425000	      1741	00000000	00000013	addi	x0,x0,0	  x0:0x00000000
       17435000	      1742	800010a0	00000013	addi	x0,x0,0	  x0:0x00000000
       17445000	      1743	800010a4	024000ef	jal	x1,800010a4	  x1=0x800010a4
       17455000	      1744	00000000	00000013	addi	x0,x0,0	  x0:0x00000000
       17465000	      1745	800010c4	00000013	addi	x0,x0,0	  x0:0x00000000
       17475000	      1746	800010c8	02800a6f	jal	x20,800010c8	 x20=0x800010c8
       17485000	      1747	00000000	00000013	addi	x0,x0,0	  x0:0x00000000
       17495000	      1748	800010ec	00000013	addi	x0,x0,0	  x0:0x00000000
       17505000	      1749	800010f0	fa1ff0ef	jal	x1,800010f0	  x1=0x800010f0
       17515000	      1750	00000000	00000013	addi	x0,x0,0	  x0:0x00000000
       17525000	      1751	8000108c	00000013	addi	x0,x0,0	  x0:0x00000000
       17535000	      1752	80001090	0300036f	jal	x6,80001090	  x6=0x80001090
       17545000	      1753	00000000	00000013	addi	x0,x0,0	  x0:0x00000000
       17555000	      1754	800010bc	00000013	addi	x0,x0,0	  x0:0x00000000
       17565000	      1755	800010c0	024000ef	jal	x1,800010c0	  x1=0x800010c0
       17575000	      1756	00000000	00000013	addi	x0,x0,0	  x0:0x00000000
       17585000	      1757	800010e0	00000013	addi	x0,x0,0	  x0:0x00000000
       17595000	      1758	800010e4	fd1ff36f	jal	x6,800010e4	  x6=0x800010e4
       17605000	      1759	00000000	00000013	addi	x0,x0,0	  x0:0x00000000
       17615000	      1760	800010b0	00000013	addi	x0,x0,0	  x0:0x00000000
       17625000	      1761	800010b4	fe1ff8ef	jal	x17,800010b4	 x17=0x800010b4
       17635000	      1762	00000000	00000013	addi	x0,x0,0	  x0:0x00000000
       17645000	      1763	80001090	00000013	addi	x0,x0,0	  x0:0x00000000
       17655000	      1764	80001094	044000ef	jal	x1,80001094	  x1=0x80001094
       17665000	      1765	00000000	00000013	addi	x0,x0,0	  x0:0x00000000
       17675000	      1766	800010d4	00000013	addi	x0,x0,0	  x0:0x00000000
       17685000	      1767	800010d8	fd5ffd6f	jal	x26,800010d8	 x26=0x800010d8
       17695000	      1768	00000000	00000013	addi	x0,x0,0	  x0:0x00000000
       17705000	      1769	800010a8	00000013	addi	x0,x0,0	  x0:0x00000000
       17715000	      1770	800010ac	034000ef	jal	x1,800010ac	  x1=0x800010ac
       17725000	      1771	00000000	00000013	addi	x0,x0,0	  x0:0x00000000
       17735000	      1772	800010dc	00000013	addi	x0,x0,0	  x0:0x00000000
       17745000	      1773	800010e0	018000ef	jal	x1,800010e0	  x1=0x800010e0
       17755000	      1774	00000000	00000013	addi	x0,x0,0	  x0:0x00000000
       17765000	      1775	800010f4	00000013	addi	x0,x0,0	  x0:0x00000000
       17775000	      1776	800010f8	fe5ff0ef	jal	x1,800010f8	  x1=0x800010f8
       17785000	      1777	00000000	00000013	addi	x0,x0,0	  x0:0x00000000
       17795000	      1778	800010d8	00000013	addi	x0,x0,0	  x0:0x00000000
       17805000	      1779	800010dc	fc5ffd6f	jal	x26,800010dc	 x26=0x800010dc
       17815000	      1780	00000000	00000013	addi	x0,x0,0	  x0:0x00000000
       17825000	      1781	8000109c	00000013	addi	x0,x0,0	  x0:0x00000000
       17835000	      1782	800010a0	054000ef	jal	x1,800010a0	  x1=0x800010a0
       17845000	      1783	00000000	00000013	addi	x0,x0,0	  x0:0x00000000
       17855000	      1784	800010f0	00000013	addi	x0,x0,0	  x0:0x00000000
       17865000	      1785	800010f4	ff5ff0ef	jal	x1,800010f4	  x1=0x800010f4
       17875000	      1786	00000000	00000013	addi	x0,x0,0	  x0:0x00000000
       17885000	      1787	800010e4	00000013	addi	x0,x0,0	  x0:0x00000000
       17895000	      1788	800010e8	fe5ff0ef	jal	x1,800010e8	  x1=0x800010e8
       17905000	      1789	00000000	00000013	addi	x0,x0,0	  x0:0x00000000
       17915000	      1790	800010c8	00000013	addi	x0,x0,0	  x0:0x00000000
       17925000	      1791	800010cc	0340036f	jal	x6,800010cc	  x6=0x800010cc
       17935000	      1792	00000000	00000013	addi	x0,x0,0	  x0:0x00000000
       17945000	      1793	800010fc	00000013	addi	x0,x0,0	  x0:0x00000000
       17955000	      1794	80001100	00b19ab3	sll	x21,x3,x11	  x3:0x80001028 x11:0x00000000 x21=0x80001028
       17965000	      1795	80001104	0280096f	jal	x18,80001104	 x18=0x80001104
       17975000	      1796	00000000	00000013	addi	x0,x0,0	  x0:0x00000000
       17985000	      1797	80001128	00000013	addi	x0,x0,0	  x0:0x00000000
       17995000	      1798	8000112c	ffdff16f	jal	x2,8000112c	  x2=0x8000112c
       18005000	      1799	00000000	00000013	addi	x0,x0,0	  x0:0x00000000
       18015000	      1800	80001124	00000013	addi	x0,x0,0	  x0:0x00000000
       18025000	      1801	80001128	ff5ff4ef	jal	x9,80001128	  x9=0x80001128
       18035000	      1802	00000000	00000013	addi	x0,x0,0	  x0:0x00000000
       18045000	      1803	80001118	00000013	addi	x0,x0,0	  x0:0x00000000
       18055000	      1804	8000111c	fedff16f	jal	x2,8000111c	  x2=0x8000111c
       18065000	      1805	00000000	00000013	addi	x0,x0,0	  x0:0x00000000
       18075000	      1806	80001104	00000013	addi	x0,x0,0	  x0:0x00000000
       18085000	      1807	80001108	01c003ef	jal	x7,80001108	  x7=0x80001108
       18095000	      1808	00000000	00000013	addi	x0,x0,0	  x0:0x00000000
       18105000	      1809	80001120	00000013	addi	x0,x0,0	  x0:0x00000000
       18115000	      1810	80001124	ff1ff0ef	jal	x1,80001124	  x1=0x80001124
       18125000	      1811	00000000	00000013	addi	x0,x0,0	  x0:0x00000000
       18135000	      1812	80001110	00000013	addi	x0,x0,0	  x0:0x00000000
       18145000	      1813	80001114	00c000ef	jal	x1,80001114	  x1=0x80001114
       18155000	      1814	00000000	00000013	addi	x0,x0,0	  x0:0x00000000
       18165000	      1815	8000111c	00000013	addi	x0,x0,0	  x0:0x00000000
       18175000	      1816	80001120	ff1ff2ef	jal	x5,80001120	  x5=0x80001120
       18185000	      1817	00000000	00000013	addi	x0,x0,0	  x0:0x00000000
       18195000	      1818	8000110c	00000013	addi	x0,x0,0	  x0:0x00000000
       18205000	      1819	80001110	008008ef	jal	x17,80001110	 x17=0x80001110
       18215000	      1820	00000000	00000013	addi	x0,x0,0	  x0:0x00000000
       18225000	      1821	80001114	00000013	addi	x0,x0,0	  x0:0x00000000
       18235000	      1822	80001118	ff5ffcef	jal	x25,80001118	 x25=0x80001118
       18245000	      1823	00000000	00000013	addi	x0,x0,0	  x0:0x00000000
       18255000	      1824	80001108	00000013	addi	x0,x0,0	  x0:0x00000000
       18265000	      1825	8000110c	02400fef	jal	x31,8000110c	 x31=0x8000110c
       18275000	      1826	00000000	00000013	addi	x0,x0,0	  x0:0x00000000
       18285000	      1827	8000112c	00000013	addi	x0,x0,0	  x0:0x00000000
       18295000	      1828	80001130	01358e33	add	x28,x11,x19	 x11:0x00000000 x19:0xffffff80 x28=0xffffff80
       18305000	      1829	80001134	0380096f	jal	x18,80001134	 x18=0x80001134
       18315000	      1830	00000000	00000013	addi	x0,x0,0	  x0:0x00000000
       18325000	      1831	80001168	00000013	addi	x0,x0,0	  x0:0x00000000
       18335000	      1832	8000116c	ff9ff0ef	jal	x1,8000116c	  x1=0x8000116c
       18345000	      1833	00000000	00000013	addi	x0,x0,0	  x0:0x00000000
       18355000	      1834	80001160	00000013	addi	x0,x0,0	  x0:0x00000000
       18365000	      1835	80001164	0100036f	jal	x6,80001164	  x6=0x80001164
       18375000	      1836	00000000	00000013	addi	x0,x0,0	  x0:0x00000000
       18385000	      1837	80001170	00000013	addi	x0,x0,0	  x0:0x00000000
       18395000	      1838	80001174	fddff36f	jal	x6,80001174	  x6=0x80001174
       18405000	      1839	00000000	00000013	addi	x0,x0,0	  x0:0x00000000
       18415000	      1840	8000114c	00000013	addi	x0,x0,0	  x0:0x00000000
       18425000	      1841	80001150	fe9ff0ef	jal	x1,80001150	  x1=0x80001150
       18435000	      1842	00000000	00000013	addi	x0,x0,0	  x0:0x00000000
       18445000	      1843	80001134	00000013	addi	x0,x0,0	  x0:0x00000000
       18455000	      1844	80001138	0080016f	jal	x2,80001138	  x2=0x80001138
       18465000	      1845	00000000	00000013	addi	x0,x0,0	  x0:0x00000000
       18475000	      1846	8000113c	00000013	addi	x0,x0,0	  x0:0x00000000
       18485000	      1847	80001140	004000ef	jal	x1,80001140	  x1=0x80001140
       18495000	      1848	00000000	00000013	addi	x0,x0,0	  x0:0x00000000
       18505000	      1849	80001140	00000013	addi	x0,x0,0	  x0:0x00000000
       18515000	      1850	80001144	040008ef	jal	x17,80001144	 x17=0x80001144
       18525000	      1851	00000000	00000013	addi	x0,x0,0	  x0:0x00000000
       18535000	      1852	80001180	00000013	addi	x0,x0,0	  x0:0x00000000
       18545000	      1853	80001184	fddff0ef	jal	x1,80001184	  x1=0x80001184
       18555000	      1854	00000000	00000013	addi	x0,x0,0	  x0:0x00000000
       18565000	      1855	8000115c	00000013	addi	x0,x0,0	  x0:0x00000000
       18575000	      1856	80001160	fe9ff36f	jal	x6,80001160	  x6=0x80001160
       18585000	      1857	00000000	00000013	addi	x0,x0,0	  x0:0x00000000
       18595000	      1858	80001144	00000013	addi	x0,x0,0	  x0:0x00000000
       18605000	      1859	80001148	0100036f	jal	x6,80001148	  x6=0x80001148
       18615000	      1860	00000000	00000013	addi	x0,x0,0	  x0:0x00000000
       18625000	      1861	80001154	00000013	addi	x0,x0,0	  x0:0x00000000
       18635000	      1862	80001158	0280046f	jal	x8,80001158	  x8=0x80001158
       18645000	      1863	00000000	00000013	addi	x0,x0,0	  x0:0x00000000
       18655000	      1864	8000117c	00000013	addi	x0,x0,0	  x0:0x00000000
       18665000	      1865	80001180	fcdff0ef	jal	x1,80001180	  x1=0x80001180
       18675000	      1866	00000000	00000013	addi	x0,x0,0	  x0:0x00000000
       18685000	      1867	80001148	00000013	addi	x0,x0,0	  x0:0x00000000
       18695000	      1868	8000114c	030000ef	jal	x1,8000114c	  x1=0x8000114c
       18705000	      1869	00000000	00000013	addi	x0,x0,0	  x0:0x00000000
       18715000	      1870	80001178	00000013	addi	x0,x0,0	  x0:0x00000000
       18725000	      1871	8000117c	fedff9ef	jal	x19,8000117c	 x19=0x8000117c
       18735000	      1872	00000000	00000013	addi	x0,x0,0	  x0:0x00000000
       18745000	      1873	80001164	00000013	addi	x0,x0,0	  x0:0x00000000
       18755000	      1874	80001168	fd5ff0ef	jal	x1,80001168	  x1=0x80001168
       18765000	      1875	00000000	00000013	addi	x0,x0,0	  x0:0x00000000
       18775000	      1876	80001138	00000013	addi	x0,x0,0	  x0:0x00000000
       18785000	      1877	8000113c	0180036f	jal	x6,8000113c	  x6=0x8000113c
       18795000	      1878	00000000	00000013	addi	x0,x0,0	  x0:0x00000000
       18805000	      1879	80001150	00000013	addi	x0,x0,0	  x0:0x00000000
       18815000	      1880	80001154	024000ef	jal	x1,80001154	  x1=0x80001154
       18825000	      1881	00000000	00000013	addi	x0,x0,0	  x0:0x00000000
       18835000	      1882	80001174	00000013	addi	x0,x0,0	  x0:0x00000000
       18845000	      1883	80001178	ff9ff7ef	jal	x15,80001178	 x15=0x80001178
       18855000	      1884	00000000	00000013	addi	x0,x0,0	  x0:0x00000000
       18865000	      1885	8000116c	00000013	addi	x0,x0,0	  x0:0x00000000
       18875000	      1886	80001170	fedff2ef	jal	x5,80001170	  x5=0x80001170
       18885000	      1887	00000000	00000013	addi	x0,x0,0	  x0:0x00000000
       18895000	      1888	80001158	00000013	addi	x0,x0,0	  x0:0x00000000
       18905000	      1889	8000115c	02c000ef	jal	x1,8000115c	  x1=0x8000115c
       18915000	      1890	00000000	00000013	addi	x0,x0,0	  x0:0x00000000
       18925000	      1891	80001184	00000013	addi	x0,x0,0	  x0:0x00000000
       18935000	      1892	80001188	011f6d33	or	x26,x30,x17	 x30:0x80009fc4 x17:0x80001144 x26=0x80009fc4
       18945000	      1893	8000118c	0240096f	jal	x18,8000118c	 x18=0x8000118c
       18955000	      1894	00000000	00000013	addi	x0,x0,0	  x0:0x00000000
       18965000	      1895	800011ac	00000013	addi	x0,x0,0	  x0:0x00000000
       18975000	      1896	800011b0	0040036f	jal	x6,800011b0	  x6=0x800011b0
       18985000	      1897	00000000	00000013	addi	x0,x0,0	  x0:0x00000000
       18995000	      1898	800011b0	00000013	addi	x0,x0,0	  x0:0x00000000
       19005000	      1899	800011b4	008000ef	jal	x1,800011b4	  x1=0x800011b4
       19015000	      1900	00000000	00000013	addi	x0,x0,0	  x0:0x00000000
       19025000	      1901	800011b8	00000013	addi	x0,x0,0	  x0:0x00000000
       19035000	      1902	800011bc	fd5ff0ef	jal	x1,800011bc	  x1=0x800011bc
       19045000	      1903	00000000	00000013	addi	x0,x0,0	  x0:0x00000000
       19055000	      1904	8000118c	00000013	addi	x0,x0,0	  x0:0x00000000
       19065000	      1905	80001190	004008ef	jal	x17,80001190	 x17=0x80001190
       19075000	      1906	00000000	00000013	addi	x0,x0,0	  x0:0x00000000
       19085000	      1907	80001190	00000013	addi	x0,x0,0	  x0:0x00000000
       19095000	      1908	80001194	0240036f	jal	x6,80001194	  x6=0x80001194
       19105000	      1909	00000000	00000013	addi	x0,x0,0	  x0:0x00000000
       19115000	      1910	800011b4	00000013	addi	x0,x0,0	  x0:0x00000000
       19125000	      1911	800011b8	fe1ff36f	jal	x6,800011b8	  x6=0x800011b8
       19135000	      1912	00000000	00000013	addi	x0,x0,0	  x0:0x00000000
       19145000	      1913	80001194	00000013	addi	x0,x0,0	  x0:0x00000000
       19155000	      1914	80001198	0380036f	jal	x6,80001198	  x6=0x80001198
       19165000	      1915	00000000	00000013	addi	x0,x0,0	  x0:0x00000000
       19175000	      1916	800011cc	00000013	addi	x0,x0,0	  x0:0x00000000
       19185000	      1917	800011d0	fd9ff0ef	jal	x1,800011d0	  x1=0x800011d0
       19195000	      1918	00000000	00000013	addi	x0,x0,0	  x0:0x00000000
       19205000	      1919	800011a4	00000013	addi	x0,x0,0	  x0:0x00000000
       19215000	      1920	800011a8	020000ef	jal	x1,800011a8	  x1=0x800011a8
       19225000	      1921	00000000	00000013	addi	x0,x0,0	  x0:0x00000000
       19235000	      1922	800011c4	00000013	addi	x0,x0,0	  x0:0x00000000
       19245000	      1923	800011c8	fe5ff1ef	jal	x3,800011c8	  x3=0x800011c8
       19255000	      1924	00000000	00000013	addi	x0,x0,0	  x0:0x00000000
       19265000	      1925	800011a8	00000013	addi	x0,x0,0	  x0:0x00000000
       19275000	      1926	800011ac	ff1ff0ef	jal	x1,800011ac	  x1=0x800011ac
       19285000	      1927	00000000	00000013	addi	x0,x0,0	  x0:0x00000000
       19295000	      1928	80001198	00000013	addi	x0,x0,0	  x0:0x00000000
       19305000	      1929	8000119c	030000ef	jal	x1,8000119c	  x1=0x8000119c
       19315000	      1930	00000000	00000013	addi	x0,x0,0	  x0:0x00000000
       19325000	      1931	800011c8	00000013	addi	x0,x0,0	  x0:0x00000000
       19335000	      1932	800011cc	fd5ff36f	jal	x6,800011cc	  x6=0x800011cc
       19345000	      1933	00000000	00000013	addi	x0,x0,0	  x0:0x00000000
       19355000	      1934	8000119c	00000013	addi	x0,x0,0	  x0:0x00000000
       19365000	      1935	800011a0	00400fef	jal	x31,800011a0	 x31=0x800011a0
       19375000	      1936	00000000	00000013	addi	x0,x0,0	  x0:0x00000000
       19385000	      1937	800011a0	00000013	addi	x0,x0,0	  x0:0x00000000
       19395000	      1938	800011a4	01c000ef	jal	x1,800011a4	  x1=0x800011a4
       19405000	      1939	00000000	00000013	addi	x0,x0,0	  x0:0x00000000
       19415000	      1940	800011bc	00000013	addi	x0,x0,0	  x0:0x00000000
       19425000	      1941	800011c0	0040036f	jal	x6,800011c0	  x6=0x800011c0
       19435000	      1942	00000000	00000013	addi	x0,x0,0	  x0:0x00000000
       19445000	      1943	800011c0	00000013	addi	x0,x0,0	  x0:0x00000000
       19455000	      1944	800011c4	0100036f	jal	x6,800011c4	  x6=0x800011c4
       19465000	      1945	00000000	00000013	addi	x0,x0,0	  x0:0x00000000
       19475000	      1946	800011d0	00000013	addi	x0,x0,0	  x0:0x00000000
       19485000	      1947	800011d4	1e92c393	xori	x7,x5,489	  x5:0x80001170  x7=0x80001099
       19495000	      1948	800011d8	0300096f	jal	x18,800011d8	 x18=0x800011d8
       19505000	      1949	00000000	00000013	addi	x0,x0,0	  x0:0x00000000
       19515000	      1950	80001204	00000013	addi	x0,x0,0	  x0:0x00000000
       19525000	      1951	80001208	ff9ff1ef	jal	x3,80001208	  x3=0x80001208
       19535000	      1952	00000000	00000013	addi	x0,x0,0	  x0:0x00000000
       19545000	      1953	800011fc	00000013	addi	x0,x0,0	  x0:0x00000000
       19555000	      1954	80001200	fe9ff0ef	jal	x1,80001200	  x1=0x80001200
       19565000	      1955	00000000	00000013	addi	x0,x0,0	  x0:0x00000000
       19575000	      1956	800011e4	00000013	addi	x0,x0,0	  x0:0x00000000
       19585000	      1957	800011e8	ffdff2ef	jal	x5,800011e8	  x5=0x800011e8
       19595000	      1958	00000000	00000013	addi	x0,x0,0	  x0:0x00000000
       19605000	      1959	800011e0	00000013	addi	x0,x0,0	  x0:0x00000000
       19615000	      1960	800011e4	010000ef	jal	x1,800011e4	  x1=0x800011e4
       19625000	      1961	00000000	00000013	addi	x0,x0,0	  x0:0x00000000
       19635000	      1962	800011f0	00000013	addi	x0,x0,0	  x0:0x00000000
       19645000	      1963	800011f4	ff9ff1ef	jal	x3,800011f4	  x3=0x800011f4
       19655000	      1964	00000000	00000013	addi	x0,x0,0	  x0:0x00000000
       19665000	      1965	800011e8	00000013	addi	x0,x0,0	  x0:0x00000000
       19675000	      1966	800011ec	018000ef	jal	x1,800011ec	  x1=0x800011ec
       19685000	      1967	00000000	00000013	addi	x0,x0,0	  x0:0x00000000
       19695000	      1968	80001200	00000013	addi	x0,x0,0	  x0:0x00000000
       19705000	      1969	80001204	fd9ff8ef	jal	x17,80001204	 x17=0x80001204
       19715000	      1970	00000000	00000013	addi	x0,x0,0	  x0:0x00000000
       19725000	      1971	800011d8	00000013	addi	x0,x0,0	  x0:0x00000000
       19735000	      1972	800011dc	0300036f	jal	x6,800011dc	  x6=0x800011dc
       19745000	      1973	00000000	00000013	addi	x0,x0,0	  x0:0x00000000
       19755000	      1974	80001208	00000013	addi	x0,x0,0	  x0:0x00000000
       19765000	      1975	8000120c	fe5ff0ef	jal	x1,8000120c	  x1=0x8000120c
       19775000	      1976	00000000	00000013	addi	x0,x0,0	  x0:0x00000000
       19785000	      1977	800011ec	00000013	addi	x0,x0,0	  x0:0x00000000
       19795000	      1978	800011f0	008000ef	jal	x1,800011f0	  x1=0x800011f0
       19805000	      1979	00000000	00000013	addi	x0,x0,0	  x0:0x00000000
       19815000	      1980	800011f4	00000013	addi	x0,x0,0	  x0:0x00000000
       19825000	      1981	800011f8	018000ef	jal	x1,800011f8	  x1=0x800011f8
       19835000	      1982	00000000	00000013	addi	x0,x0,0	  x0:0x00000000
       19845000	      1983	8000120c	00000013	addi	x0,x0,0	  x0:0x00000000
       19855000	      1984	80001210	fd1ff0ef	jal	x1,80001210	  x1=0x80001210
       19865000	      1985	00000000	00000013	addi	x0,x0,0	  x0:0x00000000
       19875000	      1986	800011dc	00000013	addi	x0,x0,0	  x0:0x00000000
       19885000	      1987	800011e0	01c000ef	jal	x1,800011e0	  x1=0x800011e0
       19895000	      1988	00000000	00000013	addi	x0,x0,0	  x0:0x00000000
       19905000	      1989	800011f8	00000013	addi	x0,x0,0	  x0:0x00000000
       19915000	      1990	800011fc	0180086f	jal	x16,800011fc	 x16=0x800011fc
       19925000	      1991	00000000	00000013	addi	x0,x0,0	  x0:0x00000000
       19935000	      1992	80001210	00000013	addi	x0,x0,0	  x0:0x00000000
       19945000	      1993	80001214	405688b3	sub	x17,x13,x5	 x13:0x80001024  x5:0x800011e8 x17=0xfffffe3c
       19955000	      1994	80001218	0340096f	jal	x18,80001218	 x18=0x80001218
       19965000	      1995	00000000	00000013	addi	x0,x0,0	  x0:0x00000000
       19975000	      1996	80001248	00000013	addi	x0,x0,0	  x0:0x00000000
       19985000	      1997	8000124c	fe5ff0ef	jal	x1,8000124c	  x1=0x8000124c
       19995000	      1998	00000000	00000013	addi	x0,x0,0	  x0:0x00000000
       20005000	      1999	8000122c	00000013	addi	x0,x0,0	  x0:0x00000000
       20015000	      2000	80001230	01800bef	jal	x23,80001230	 x23=0x80001230
       20025000	      2001	00000000	00000013	addi	x0,x0,0	  x0:0x00000000
       20035000	      2002	80001244	00000013	addi	x0,x0,0	  x0:0x00000000
       20045000	      2003	80001248	fd5ff56f	jal	x10,80001248	 x10=0x80001248
       20055000	      2004	00000000	00000013	addi	x0,x0,0	  x0:0x00000000
       20065000	      2005	80001218	00000013	addi	x0,x0,0	  x0:0x00000000
       20075000	      2006	8000121c	024000ef	jal	x1,8000121c	  x1=0x8000121c
       20085000	      2007	00000000	00000013	addi	x0,x0,0	  x0:0x00000000
       20095000	      2008	8000123c	00000013	addi	x0,x0,0	  x0:0x00000000
       20105000	      2009	80001240	fe5ff36f	jal	x6,80001240	  x6=0x80001240
       20115000	      2010	00000000	00000013	addi	x0,x0,0	  x0:0x00000000
       20125000	      2011	80001220	00000013	addi	x0,x0,0	  x0:0x00000000
       20135000	      2012	80001224	0080046f	jal	x8,80001224	  x8=0x80001224
       20145000	      2013	00000000	00000013	addi	x0,x0,0	  x0:0x00000000
       20155000	      2014	80001228	00000013	addi	x0,x0,0	  x0:0x00000000
       20165000	      2015	8000122c	ff5ff56f	jal	x10,8000122c	 x10=0x8000122c
       20175000	      2016	00000000	00000013	addi	x0,x0,0	  x0:0x00000000
       20185000	      2017	8000121c	00000013	addi	x0,x0,0	  x0:0x00000000
       20195000	      2018	80001220	018000ef	jal	x1,80001220	  x1=0x80001220
       20205000	      2019	00000000	00000013	addi	x0,x0,0	  x0:0x00000000
       20215000	      2020	80001234	00000013	addi	x0,x0,0	  x0:0x00000000
       20225000	      2021	80001238	ff1ff0ef	jal	x1,80001238	  x1=0x80001238
       20235000	      2022	00000000	00000013	addi	x0,x0,0	  x0:0x00000000
       20245000	      2023	80001224	00000013	addi	x0,x0,0	  x0:0x00000000
       20255000	      2024	80001228	01c000ef	jal	x1,80001228	  x1=0x80001228
       20265000	      2025	00000000	00000013	addi	x0,x0,0	  x0:0x00000000
       20275000	      2026	80001240	00000013	addi	x0,x0,0	  x0:0x00000000
       20285000	      2027	80001244	ff9ff16f	jal	x2,80001244	  x2=0x80001244
       20295000	      2028	00000000	00000013	addi	x0,x0,0	  x0:0x00000000
       20305000	      2029	80001238	00000013	addi	x0,x0,0	  x0:0x00000000
       20315000	      2030	8000123c	ff9ff0ef	jal	x1,8000123c	  x1=0x8000123c
       20325000	      2031	00000000	00000013	addi	x0,x0,0	  x0:0x00000000
       20335000	      2032	80001230	00000013	addi	x0,x0,0	  x0:0x00000000
       20345000	      2033	80001234	01c000ef	jal	x1,80001234	  x1=0x80001234
       20355000	      2034	00000000	00000013	addi	x0,x0,0	  x0:0x00000000
       20365000	      2035	8000124c	00000013	addi	x0,x0,0	  x0:0x00000000
       20375000	      2036	80001250	16b62993	slti	x19,x12,363	 x12:0x80009f78 x19=0x00000001
       20385000	      2037	80001254	0040096f	jal	x18,80001254	 x18=0x80001254
       20395000	      2038	00000000	00000013	addi	x0,x0,0	  x0:0x00000000
       20405000	      2039	80001254	00000013	addi	x0,x0,0	  x0:0x00000000
       20415000	      2040	80001258	02000e6f	jal	x28,80001258	 x28=0x80001258
       20425000	      2041	00000000	00000013	addi	x0,x0,0	  x0:0x00000000
       20435000	      2042	80001274	00000013	addi	x0,x0,0	  x0:0x00000000
       20445000	      2043	80001278	ff9ffd6f	jal	x26,80001278	 x26=0x80001278
       20455000	      2044	00000000	00000013	addi	x0,x0,0	  x0:0x00000000
       20465000	      2045	8000126c	00000013	addi	x0,x0,0	  x0:0x00000000
       20475000	      2046	80001270	ff5ff4ef	jal	x9,80001270	  x9=0x80001270
       20485000	      2047	00000000	00000013	addi	x0,x0,0	  x0:0x00000000
       20495000	      2048	80001260	00000013	addi	x0,x0,0	  x0:0x00000000
       20505000	      2049	80001264	ff9ff4ef	jal	x9,80001264	  x9=0x80001264
       20515000	      2050	00000000	00000013	addi	x0,x0,0	  x0:0x00000000
       20525000	      2051	80001258	00000013	addi	x0,x0,0	  x0:0x00000000
       20535000	      2052	8000125c	00c00def	jal	x27,8000125c	 x27=0x8000125c
       20545000	      2053	00000000	00000013	addi	x0,x0,0	  x0:0x00000000
       20555000	      2054	80001264	00000013	addi	x0,x0,0	  x0:0x00000000
       20565000	      2055	80001268	014000ef	jal	x1,80001268	  x1=0x80001268
       20575000	      2056	00000000	00000013	addi	x0,x0,0	  x0:0x00000000
       20585000	      2057	80001278	00000013	addi	x0,x0,0	  x0:0x00000000
       20595000	      2058	8000127c	ff1ff0ef	jal	x1,8000127c	  x1=0x8000127c
       20605000	      2059	00000000	00000013	addi	x0,x0,0	  x0:0x00000000
       20615000	      2060	80001268	00000013	addi	x0,x0,0	  x0:0x00000000
       20625000	      2061	8000126c	008000ef	jal	x1,8000126c	  x1=0x8000126c
       20635000	      2062	00000000	00000013	addi	x0,x0,0	  x0:0x00000000
       20645000	      2063	80001270	00000013	addi	x0,x0,0	  x0:0x00000000
       20655000	      2064	80001274	00c000ef	jal	x1,80001274	  x1=0x80001274
       20665000	      2065	00000000	00000013	addi	x0,x0,0	  x0:0x00000000
       20675000	      2066	8000127c	00000013	addi	x0,x0,0	  x0:0x00000000
       20685000	      2067	80001280	fe1ff0ef	jal	x1,80001280	  x1=0x80001280
       20695000	      2068	00000000	00000013	addi	x0,x0,0	  x0:0x00000000
       20705000	      2069	8000125c	00000013	addi	x0,x0,0	  x0:0x00000000
       20715000	      2070	80001260	0240036f	jal	x6,80001260	  x6=0x80001260
       20725000	      2071	00000000	00000013	addi	x0,x0,0	  x0:0x00000000
       20735000	      2072	80001280	00000013	addi	x0,x0,0	  x0:0x00000000
       20745000	      2073	80001284	004002ef	jal	x5,80001284	  x5=0x80001284
       20755000	      2074	00000000	00000013	addi	x0,x0,0	  x0:0x00000000
       20765000	      2075	80001284	00000013	addi	x0,x0,0	  x0:0x00000000
       20775000	      2076	80001288	00a7b533	sltu	x10,x15,x10	 x15:0x80001178 x10:0x8000122c x10=0x00000001
       20785000	      2077	8000128c	00c0096f	jal	x18,8000128c	 x18=0x8000128c
       20795000	      2078	00000000	00000013	addi	x0,x0,0	  x0:0x00000000
       20805000	      2079	80001294	00000013	addi	x0,x0,0	  x0:0x00000000
       20815000	      2080	80001298	02c000ef	jal	x1,80001298	  x1=0x80001298
       20825000	      2081	00000000	00000013	addi	x0,x0,0	  x0:0x00000000
       20835000	      2082	800012c0	00000013	addi	x0,x0,0	  x0:0x00000000
       20845000	      2083	800012c4	01000eef	jal	x29,800012c4	 x29=0x800012c4
       20855000	      2084	00000000	00000013	addi	x0,x0,0	  x0:0x00000000
       20865000	      2085	800012d0	00000013	addi	x0,x0,0	  x0:0x00000000
       20875000	      2086	800012d4	ff9ff0ef	jal	x1,800012d4	  x1=0x800012d4
       20885000	      2087	00000000	00000013	addi	x0,x0,0	  x0:0x00000000
       20895000	      2088	800012c8	00000013	addi	x0,x0,0	  x0:0x00000000
       20905000	      2089	800012cc	ffdff0ef	jal	x1,800012cc	  x1=0x800012cc
       20915000	      2090	00000000	00000013	addi	x0,x0,0	  x0:0x00000000
       20925000	      2091	800012c4	00000013	addi	x0,x0,0	  x0:0x00000000
       20935000	      2092	800012c8	01c000ef	jal	x1,800012c8	  x1=0x800012c8
       20945000	      2093	00000000	00000013	addi	x0,x0,0	  x0:0x00000000
       20955000	      2094	800012e0	00000013	addi	x0,x0,0	  x0:0x00000000
       20965000	      2095	800012e4	fddff0ef	jal	x1,800012e4	  x1=0x800012e4
       20975000	      2096	00000000	00000013	addi	x0,x0,0	  x0:0x00000000
       20985000	      2097	800012bc	00000013	addi	x0,x0,0	  x0:0x00000000
       20995000	      2098	800012c0	ff9ff0ef	jal	x1,800012c0	  x1=0x800012c0
       21005000	      2099	00000000	00000013	addi	x0,x0,0	  x0:0x00000000
       21015000	      2100	800012b4	00000013	addi	x0,x0,0	  x0:0x00000000
       21025000	      2101	800012b8	034000ef	jal	x1,800012b8	  x1=0x800012b8
       21035000	      2102	00000000	00000013	addi	x0,x0,0	  x0:0x00000000
       21045000	      2103	800012e8	00000013	addi	x0,x0,0	  x0:0x00000000
       21055000	      2104	800012ec	ffdff0ef	jal	x1,800012ec	  x1=0x800012ec
       21065000	      2105	00000000	00000013	addi	x0,x0,0	  x0:0x00000000
       21075000	      2106	800012e4	00000013	addi	x0,x0,0	  x0:0x00000000
       21085000	      2107	800012e8	fc1ff0ef	jal	x1,800012e8	  x1=0x800012e8
       21095000	      2108	00000000	00000013	addi	x0,x0,0	  x0:0x00000000
       21105000	      2109	800012a4	00000013	addi	x0,x0,0	  x0:0x00000000
       21115000	      2110	800012a8	004000ef	jal	x1,800012a8	  x1=0x800012a8
       21125000	      2111	00000000	00000013	addi	x0,x0,0	  x0:0x00000000
       21135000	      2112	800012a8	00000013	addi	x0,x0,0	  x0:0x00000000
       21145000	      2113	800012ac	ff5ff0ef	jal	x1,800012ac	  x1=0x800012ac
       21155000	      2114	00000000	00000013	addi	x0,x0,0	  x0:0x00000000
       21165000	      2115	8000129c	00000013	addi	x0,x0,0	  x0:0x00000000
       21175000	      2116	800012a0	010009ef	jal	x19,800012a0	 x19=0x800012a0
       21185000	      2117	00000000	00000013	addi	x0,x0,0	  x0:0x00000000
       21195000	      2118	800012ac	00000013	addi	x0,x0,0	  x0:0x00000000
       21205000	      2119	800012b0	044000ef	jal	x1,800012b0	  x1=0x800012b0
       21215000	      2120	00000000	00000013	addi	x0,x0,0	  x0:0x00000000
       21225000	      2121	800012f0	00000013	addi	x0,x0,0	  x0:0x00000000
       21235000	      2122	800012f4	fa9ff0ef	jal	x1,800012f4	  x1=0x800012f4
       21245000	      2123	00000000	00000013	addi	x0,x0,0	  x0:0x00000000
       21255000	      2124	80001298	00000013	addi	x0,x0,0	  x0:0x00000000
       21265000	      2125	8000129c	ff9ff36f	jal	x6,8000129c	  x6=0x8000129c
       21275000	      2126	00000000	00000013	addi	x0,x0,0	  x0:0x00000000
       21285000	      2127	80001290	00000013	addi	x0,x0,0	  x0:0x00000000
       21295000	      2128	80001294	020000ef	jal	x1,80001294	  x1=0x80001294
       21305000	      2129	00000000	00000013	addi	x0,x0,0	  x0:0x00000000
       21315000	      2130	800012b0	00000013	addi	x0,x0,0	  x0:0x00000000
       21325000	      2131	800012b4	ff1ff36f	jal	x6,800012b4	  x6=0x800012b4
       21335000	      2132	00000000	00000013	addi	x0,x0,0	  x0:0x00000000
       21345000	      2133	800012a0	00000013	addi	x0,x0,0	  x0:0x00000000
       21355000	      2134	800012a4	04c0036f	jal	x6,800012a4	  x6=0x800012a4
       21365000	      2135	00000000	00000013	addi	x0,x0,0	  x0:0x00000000
       21375000	      2136	800012ec	00000013	addi	x0,x0,0	  x0:0x00000000
       21385000	      2137	800012f0	fe9ff36f	jal	x6,800012f0	  x6=0x800012f0
       21395000	      2138	00000000	00000013	addi	x0,x0,0	  x0:0x00000000
       21405000	      2139	800012d4	00000013	addi	x0,x0,0	  x0:0x00000000
       21415000	      2140	800012d8	fe5ff0ef	jal	x1,800012d8	  x1=0x800012d8
       21425000	      2141	00000000	00000013	addi	x0,x0,0	  x0:0x00000000
       21435000	      2142	800012b8	00000013	addi	x0,x0,0	  x0:0x00000000
       21445000	      2143	800012bc	014000ef	jal	x1,800012bc	  x1=0x800012bc
       21455000	      2144	00000000	00000013	addi	x0,x0,0	  x0:0x00000000
       21465000	      2145	800012cc	00000013	addi	x0,x0,0	  x0:0x00000000
       21475000	      2146	800012d0	fc1ff36f	jal	x6,800012d0	  x6=0x800012d0
       21485000	      2147	00000000	00000013	addi	x0,x0,0	  x0:0x00000000
       21495000	      2148	8000128c	00000013	addi	x0,x0,0	  x0:0x00000000
       21505000	      2149	80001290	05000eef	jal	x29,80001290	 x29=0x80001290
       21515000	      2150	00000000	00000013	addi	x0,x0,0	  x0:0x00000000
       21525000	      2151	800012dc	00000013	addi	x0,x0,0	  x0:0x00000000
       21535000	      2152	800012e0	ffdff0ef	jal	x1,800012e0	  x1=0x800012e0
       21545000	      2153	00000000	00000013	addi	x0,x0,0	  x0:0x00000000
       21555000	      2154	800012d8	00000013	addi	x0,x0,0	  x0:0x00000000
       21565000	      2155	800012dc	01c000ef	jal	x1,800012dc	  x1=0x800012dc
       21575000	      2156	00000000	00000013	addi	x0,x0,0	  x0:0x00000000
       21585000	      2157	800012f4	00000013	addi	x0,x0,0	  x0:0x00000000
       21595000	      2158	800012f8	4090dd93	srai	x27,x1,0x9	  x1:0x800012dc x27=0xffc00009
       21605000	      2159	800012fc	0180096f	jal	x18,800012fc	 x18=0x800012fc
       21615000	      2160	00000000	00000013	addi	x0,x0,0	  x0:0x00000000
       21625000	      2161	80001310	00000013	addi	x0,x0,0	  x0:0x00000000
       21635000	      2162	80001314	0100036f	jal	x6,80001314	  x6=0x80001314
       21645000	      2163	00000000	00000013	addi	x0,x0,0	  x0:0x00000000
       21655000	      2164	80001320	00000013	addi	x0,x0,0	  x0:0x00000000
       21665000	      2165	80001324	fe5ff0ef	jal	x1,80001324	  x1=0x80001324
       21675000	      2166	00000000	00000013	addi	x0,x0,0	  x0:0x00000000
       21685000	      2167	80001304	00000013	addi	x0,x0,0	  x0:0x00000000
       21695000	      2168	80001308	014000ef	jal	x1,80001308	  x1=0x80001308
       21705000	      2169	00000000	00000013	addi	x0,x0,0	  x0:0x00000000
       21715000	      2170	80001318	00000013	addi	x0,x0,0	  x0:0x00000000
       21725000	      2171	8000131c	ffdff0ef	jal	x1,8000131c	  x1=0x8000131c
       21735000	      2172	00000000	00000013	addi	x0,x0,0	  x0:0x00000000
       21745000	      2173	80001314	00000013	addi	x0,x0,0	  x0:0x00000000
       21755000	      2174	80001318	ff9ff0ef	jal	x1,80001318	  x1=0x80001318
       21765000	      2175	00000000	00000013	addi	x0,x0,0	  x0:0x00000000
       21775000	      2176	8000130c	00000013	addi	x0,x0,0	  x0:0x00000000
       21785000	      2177	80001310	ff1ff16f	jal	x2,80001310	  x2=0x80001310
       21795000	      2178	00000000	00000013	addi	x0,x0,0	  x0:0x00000000
       21805000	      2179	800012fc	00000013	addi	x0,x0,0	  x0:0x00000000
       21815000	      2180	80001300	004006ef	jal	x13,80001300	 x13=0x80001300
       21825000	      2181	00000000	00000013	addi	x0,x0,0	  x0:0x00000000
       21835000	      2182	80001300	00000013	addi	x0,x0,0	  x0:0x00000000
       21845000	      2183	80001304	01c0036f	jal	x6,80001304	  x6=0x80001304
       21855000	      2184	00000000	00000013	addi	x0,x0,0	  x0:0x00000000
       21865000	      2185	8000131c	00000013	addi	x0,x0,0	  x0:0x00000000
       21875000	      2186	80001320	008000ef	jal	x1,80001320	  x1=0x80001320
       21885000	      2187	00000000	00000013	addi	x0,x0,0	  x0:0x00000000
       21895000	      2188	80001324	00000013	addi	x0,x0,0	  x0:0x00000000
       21905000	      2189	80001328	0040036f	jal	x6,80001328	  x6=0x80001328
       21915000	      2190	00000000	00000013	addi	x0,x0,0	  x0:0x00000000
       21925000	      2191	80001328	00000013	addi	x0,x0,0	  x0:0x00000000
       21935000	      2192	8000132c	fe1ff1ef	jal	x3,8000132c	  x3=0x8000132c
       21945000	      2193	00000000	00000013	addi	x0,x0,0	  x0:0x00000000
       21955000	      2194	80001308	00000013	addi	x0,x0,0	  x0:0x00000000
       21965000	      2195	8000130c	0240076f	jal	x14,8000130c	 x14=0x8000130c
       21975000	      2196	00000000	00000013	addi	x0,x0,0	  x0:0x00000000
       21985000	      2197	8000132c	00000013	addi	x0,x0,0	  x0:0x00000000
       21995000	      2198	80001330	01b865b3	or	x11,x16,x27	 x16:0x800011fc x27:0xffc00009 x11=0xffc011fd
       22005000	      2199	80001334	04c0096f	jal	x18,80001334	 x18=0x80001334
       22015000	      2200	00000000	00000013	addi	x0,x0,0	  x0:0x00000000
       22025000	      2201	8000137c	00000013	addi	x0,x0,0	  x0:0x00000000
       22035000	      2202	80001380	fe5ff16f	jal	x2,80001380	  x2=0x80001380
       22045000	      2203	00000000	00000013	addi	x0,x0,0	  x0:0x00000000
       22055000	      2204	80001360	00000013	addi	x0,x0,0	  x0:0x00000000
       22065000	      2205	80001364	01800def	jal	x27,80001364	 x27=0x80001364
       22075000	      2206	00000000	00000013	addi	x0,x0,0	  x0:0x00000000
       22085000	      2207	80001378	00000013	addi	x0,x0,0	  x0:0x00000000
       22095000	      2208	8000137c	fbdff0ef	jal	x1,8000137c	  x1=0x8000137c
       22105000	      2209	00000000	00000013	addi	x0,x0,0	  x0:0x00000000
       22115000	      2210	80001334	00000013	addi	x0,x0,0	  x0:0x00000000
       22125000	      2211	80001338	01c0086f	jal	x16,80001338	 x16=0x80001338
       22135000	      2212	00000000	00000013	addi	x0,x0,0	  x0:0x00000000
       22145000	      2213	80001350	00000013	addi	x0,x0,0	  x0:0x00000000
       22155000	      2214	80001354	fedff0ef	jal	x1,80001354	  x1=0x80001354
       22165000	      2215	00000000	00000013	addi	x0,x0,0	  x0:0x00000000
       22175000	      2216	8000133c	00000013	addi	x0,x0,0	  x0:0x00000000
       22185000	      2217	80001340	048000ef	jal	x1,80001340	  x1=0x80001340
       22195000	      2218	00000000	00000013	addi	x0,x0,0	  x0:0x00000000
       22205000	      2219	80001384	00000013	addi	x0,x0,0	  x0:0x00000000
       22215000	      2220	80001388	ff1ff1ef	jal	x3,80001388	  x3=0x80001388
       22225000	      2221	00000000	00000013	addi	x0,x0,0	  x0:0x00000000
       22235000	      2222	80001374	00000013	addi	x0,x0,0	  x0:0x00000000
       22245000	      2223	80001378	fd5ff2ef	jal	x5,80001378	  x5=0x80001378
       22255000	      2224	00000000	00000013	addi	x0,x0,0	  x0:0x00000000
       22265000	      2225	80001348	00000013	addi	x0,x0,0	  x0:0x00000000
       22275000	      2226	8000134c	01c000ef	jal	x1,8000134c	  x1=0x8000134c
       22285000	      2227	00000000	00000013	addi	x0,x0,0	  x0:0x00000000
       22295000	      2228	80001364	00000013	addi	x0,x0,0	  x0:0x00000000
       22305000	      2229	80001368	ff9ff0ef	jal	x1,80001368	  x1=0x80001368
       22315000	      2230	00000000	00000013	addi	x0,x0,0	  x0:0x00000000
       22325000	      2231	8000135c	00000013	addi	x0,x0,0	  x0:0x00000000
       22335000	      2232	80001360	0240016f	jal	x2,80001360	  x2=0x80001360
       22345000	      2233	00000000	00000013	addi	x0,x0,0	  x0:0x00000000
       22355000	      2234	80001380	00000013	addi	x0,x0,0	  x0:0x00000000
       22365000	      2235	80001384	ff1ff0ef	jal	x1,80001384	  x1=0x80001384
       22375000	      2236	00000000	00000013	addi	x0,x0,0	  x0:0x00000000
       22385000	      2237	80001370	00000013	addi	x0,x0,0	  x0:0x00000000
       22395000	      2238	80001374	fc9ff0ef	jal	x1,80001374	  x1=0x80001374
       22405000	      2239	00000000	00000013	addi	x0,x0,0	  x0:0x00000000
       22415000	      2240	80001338	00000013	addi	x0,x0,0	  x0:0x00000000
       22425000	      2241	8000133c	0140036f	jal	x6,8000133c	  x6=0x8000133c
       22435000	      2242	00000000	00000013	addi	x0,x0,0	  x0:0x00000000
       22445000	      2243	8000134c	00000013	addi	x0,x0,0	  x0:0x00000000
       22455000	      2244	80001350	020000ef	jal	x1,80001350	  x1=0x80001350
       22465000	      2245	00000000	00000013	addi	x0,x0,0	  x0:0x00000000
       22475000	      2246	8000136c	00000013	addi	x0,x0,0	  x0:0x00000000
       22485000	      2247	80001370	ffdff36f	jal	x6,80001370	  x6=0x80001370
       22495000	      2248	00000000	00000013	addi	x0,x0,0	  x0:0x00000000
       22505000	      2249	80001368	00000013	addi	x0,x0,0	  x0:0x00000000
       22515000	      2250	8000136c	fedff0ef	jal	x1,8000136c	  x1=0x8000136c
       22525000	      2251	00000000	00000013	addi	x0,x0,0	  x0:0x00000000
       22535000	      2252	80001354	00000013	addi	x0,x0,0	  x0:0x00000000
       22545000	      2253	80001358	fedff0ef	jal	x1,80001358	  x1=0x80001358
       22555000	      2254	00000000	00000013	addi	x0,x0,0	  x0:0x00000000
       22565000	      2255	80001340	00000013	addi	x0,x0,0	  x0:0x00000000
       22575000	      2256	80001344	004000ef	jal	x1,80001344	  x1=0x80001344
       22585000	      2257	00000000	00000013	addi	x0,x0,0	  x0:0x00000000
       22595000	      2258	80001344	00000013	addi	x0,x0,0	  x0:0x00000000
       22605000	      2259	80001348	014000ef	jal	x1,80001348	  x1=0x80001348
       22615000	      2260	00000000	00000013	addi	x0,x0,0	  x0:0x00000000
       22625000	      2261	80001358	00000013	addi	x0,x0,0	  x0:0x00000000
       22635000	      2262	8000135c	03000e6f	jal	x28,8000135c	 x28=0x8000135c
       22645000	      2263	00000000	00000013	addi	x0,x0,0	  x0:0x00000000
       22655000	      2264	80001388	00000013	addi	x0,x0,0	  x0:0x00000000
       22665000	      2265	8000138c	00000013	addi	x0,x0,0	  x0:0x00000000
       22675000	      2266	80001390	0200096f	jal	x18,80001390	 x18=0x80001390
       22685000	      2267	00000000	00000013	addi	x0,x0,0	  x0:0x00000000
       22695000	      2268	800013ac	00000013	addi	x0,x0,0	  x0:0x00000000
       22705000	      2269	800013b0	ff9ff56f	jal	x10,800013b0	 x10=0x800013b0
       22715000	      2270	00000000	00000013	addi	x0,x0,0	  x0:0x00000000
       22725000	      2271	800013a4	00000013	addi	x0,x0,0	  x0:0x00000000
       22735000	      2272	800013a8	004008ef	jal	x17,800013a8	 x17=0x800013a8
       22745000	      2273	00000000	00000013	addi	x0,x0,0	  x0:0x00000000
       22755000	      2274	800013a8	00000013	addi	x0,x0,0	  x0:0x00000000
       22765000	      2275	800013ac	018004ef	jal	x9,800013ac	  x9=0x800013ac
       22775000	      2276	00000000	00000013	addi	x0,x0,0	  x0:0x00000000
       22785000	      2277	800013c0	00000013	addi	x0,x0,0	  x0:0x00000000
       22795000	      2278	800013c4	ff9ff0ef	jal	x1,800013c4	  x1=0x800013c4
       22805000	      2279	00000000	00000013	addi	x0,x0,0	  x0:0x00000000
       22815000	      2280	800013b8	00000013	addi	x0,x0,0	  x0:0x00000000
       22825000	      2281	800013bc	004000ef	jal	x1,800013bc	  x1=0x800013bc
       22835000	      2282	00000000	00000013	addi	x0,x0,0	  x0:0x00000000
       22845000	      2283	800013bc	00000013	addi	x0,x0,0	  x0:0x00000000
       22855000	      2284	800013c0	00c000ef	jal	x1,800013c0	  x1=0x800013c0
       22865000	      2285	00000000	00000013	addi	x0,x0,0	  x0:0x00000000
       22875000	      2286	800013c8	00000013	addi	x0,x0,0	  x0:0x00000000
       22885000	      2287	800013cc	fd5ff36f	jal	x6,800013cc	  x6=0x800013cc
       22895000	      2288	00000000	00000013	addi	x0,x0,0	  x0:0x00000000
       22905000	      2289	8000139c	00000013	addi	x0,x0,0	  x0:0x00000000
       22915000	      2290	800013a0	ff5ff0ef	jal	x1,800013a0	  x1=0x800013a0
       22925000	      2291	00000000	00000013	addi	x0,x0,0	  x0:0x00000000
       22935000	      2292	80001390	00000013	addi	x0,x0,0	  x0:0x00000000
       22945000	      2293	80001394	0080076f	jal	x14,80001394	 x14=0x80001394
       22955000	      2294	00000000	00000013	addi	x0,x0,0	  x0:0x00000000
       22965000	      2295	80001398	00000013	addi	x0,x0,0	  x0:0x00000000
       22975000	      2296	8000139c	01c000ef	jal	x1,8000139c	  x1=0x8000139c
       22985000	      2297	00000000	00000013	addi	x0,x0,0	  x0:0x00000000
       22995000	      2298	800013b4	00000013	addi	x0,x0,0	  x0:0x00000000
       23005000	      2299	800013b8	fe1ff2ef	jal	x5,800013b8	  x5=0x800013b8
       23015000	      2300	00000000	00000013	addi	x0,x0,0	  x0:0x00000000
       23025000	      2301	80001394	00000013	addi	x0,x0,0	  x0:0x00000000
       23035000	      2302	80001398	00c00d6f	jal	x26,80001398	 x26=0x80001398
       23045000	      2303	00000000	00000013	addi	x0,x0,0	  x0:0x00000000
       23055000	      2304	800013a0	00000013	addi	x0,x0,0	  x0:0x00000000
       23065000	      2305	800013a4	024000ef	jal	x1,800013a4	  x1=0x800013a4
       23075000	      2306	00000000	00000013	addi	x0,x0,0	  x0:0x00000000
       23085000	      2307	800013c4	00000013	addi	x0,x0,0	  x0:0x00000000
       23095000	      2308	800013c8	fedff0ef	jal	x1,800013c8	  x1=0x800013c8
       23105000	      2309	00000000	00000013	addi	x0,x0,0	  x0:0x00000000
       23115000	      2310	800013b0	00000013	addi	x0,x0,0	  x0:0x00000000
       23125000	      2311	800013b4	01c002ef	jal	x5,800013b4	  x5=0x800013b4
       23135000	      2312	00000000	00000013	addi	x0,x0,0	  x0:0x00000000
       23145000	      2313	800013cc	00000013	addi	x0,x0,0	  x0:0x00000000
       23155000	      2314	800013d0	01a255b3	srl	x11,x4,x26	  x4:0x00000001 x26:0x80001398 x11=0x00000000
       23165000	      2315	800013d4	0400096f	jal	x18,800013d4	 x18=0x800013d4
       23175000	      2316	00000000	00000013	addi	x0,x0,0	  x0:0x00000000
       23185000	      2317	80001410	00000013	addi	x0,x0,0	  x0:0x00000000
       23195000	      2318	80001414	ffdff0ef	jal	x1,80001414	  x1=0x80001414
       23205000	      2319	00000000	00000013	addi	x0,x0,0	  x0:0x00000000
       23215000	      2320	8000140c	00000013	addi	x0,x0,0	  x0:0x00000000
       23225000	      2321	80001410	fe5ff0ef	jal	x1,80001410	  x1=0x80001410
       23235000	      2322	00000000	00000013	addi	x0,x0,0	  x0:0x00000000
       23245000	      2323	800013f0	00000013	addi	x0,x0,0	  x0:0x00000000
       23255000	      2324	800013f4	004000ef	jal	x1,800013f4	  x1=0x800013f4
       23265000	      2325	00000000	00000013	addi	x0,x0,0	  x0:0x00000000
       23275000	      2326	800013f4	00000013	addi	x0,x0,0	  x0:0x00000000
       23285000	      2327	800013f8	00400d6f	jal	x26,800013f8	 x26=0x800013f8
       23295000	      2328	00000000	00000013	addi	x0,x0,0	  x0:0x00000000
       23305000	      2329	800013f8	00000013	addi	x0,x0,0	  x0:0x00000000
       23315000	      2330	800013fc	ff5ff0ef	jal	x1,800013fc	  x1=0x800013fc
       23325000	      2331	00000000	00000013	addi	x0,x0,0	  x0:0x00000000
       23335000	      2332	800013ec	00000013	addi	x0,x0,0	  x0:0x00000000
       23345000	      2333	800013f0	018000ef	jal	x1,800013f0	  x1=0x800013f0
       23355000	      2334	00000000	00000013	addi	x0,x0,0	  x0:0x00000000
       23365000	      2335	80001404	00000013	addi	x0,x0,0	  x0:0x00000000
       23375000	      2336	80001408	fe5ff0ef	jal	x1,80001408	  x1=0x80001408
       23385000	      2337	00000000	00000013	addi	x0,x0,0	  x0:0x00000000
       23395000	      2338	800013e8	00000013	addi	x0,x0,0	  x0:0x00000000
       23405000	      2339	800013ec	ff9ff2ef	jal	x5,800013ec	  x5=0x800013ec
       23415000	      2340	00000000	00000013	addi	x0,x0,0	  x0:0x00000000
       23425000	      2341	800013e0	00000013	addi	x0,x0,0	  x0:0x00000000
       23435000	      2342	800013e4	004000ef	jal	x1,800013e4	  x1=0x800013e4
       23445000	      2343	00000000	00000013	addi	x0,x0,0	  x0:0x00000000
       23455000	      2344	800013e4	00000013	addi	x0,x0,0	  x0:0x00000000
       23465000	      2345	800013e8	ff9ff36f	jal	x6,800013e8	  x6=0x800013e8
       23475000	      2346	00000000	00000013	addi	x0,x0,0	  x0:0x00000000
       23485000	      2347	800013dc	00000013	addi	x0,x0,0	  x0:0x00000000
       23495000	      2348	800013e0	ffdff0ef	jal	x1,800013e0	  x1=0x800013e0
       23505000	      2349	00000000	00000013	addi	x0,x0,0	  x0:0x00000000
       23515000	      2350	800013d8	00000013	addi	x0,x0,0	  x0:0x00000000
       23525000	      2351	800013dc	040002ef	jal	x5,800013dc	  x5=0x800013dc
       23535000	      2352	00000000	00000013	addi	x0,x0,0	  x0:0x00000000
       23545000	      2353	80001418	00000013	addi	x0,x0,0	  x0:0x00000000
       23555000	      2354	8000141c	ffdff0ef	jal	x1,8000141c	  x1=0x8000141c
       23565000	      2355	00000000	00000013	addi	x0,x0,0	  x0:0x00000000
       23575000	      2356	80001414	00000013	addi	x0,x0,0	  x0:0x00000000
       23585000	      2357	80001418	fc1ff0ef	jal	x1,80001418	  x1=0x80001418
       23595000	      2358	00000000	00000013	addi	x0,x0,0	  x0:0x00000000
       23605000	      2359	800013d4	00000013	addi	x0,x0,0	  x0:0x00000000
       23615000	      2360	800013d8	028000ef	jal	x1,800013d8	  x1=0x800013d8
       23625000	      2361	00000000	00000013	addi	x0,x0,0	  x0:0x00000000
       23635000	      2362	800013fc	00000013	addi	x0,x0,0	  x0:0x00000000
       23645000	      2363	80001400	020000ef	jal	x1,80001400	  x1=0x80001400
       23655000	      2364	00000000	00000013	addi	x0,x0,0	  x0:0x00000000
       23665000	      2365	8000141c	00000013	addi	x0,x0,0	  x0:0x00000000
       23675000	      2366	80001420	fedff0ef	jal	x1,80001420	  x1=0x80001420
       23685000	      2367	00000000	00000013	addi	x0,x0,0	  x0:0x00000000
       23695000	      2368	80001408	00000013	addi	x0,x0,0	  x0:0x00000000
       23705000	      2369	8000140c	ff9ff16f	jal	x2,8000140c	  x2=0x8000140c
       23715000	      2370	00000000	00000013	addi	x0,x0,0	  x0:0x00000000
       23725000	      2371	80001400	00000013	addi	x0,x0,0	  x0:0x00000000
       23735000	      2372	80001404	0200036f	jal	x6,80001404	  x6=0x80001404
       23745000	      2373	00000000	00000013	addi	x0,x0,0	  x0:0x00000000
       23755000	      2374	80001420	00000013	addi	x0,x0,0	  x0:0x00000000
       23765000	      2375	80001424	01d01733	sll	x14,x0,x29	  x0:0x00000000 x29:0x80001290 x14=0x00000000
       23775000	      2376	80001428	03c0096f	jal	x18,80001428	 x18=0x80001428
       23785000	      2377	00000000	00000013	addi	x0,x0,0	  x0:0x00000000
       23795000	      2378	80001460	00000013	addi	x0,x0,0	  x0:0x00000000
       23805000	      2379	80001464	02c0036f	jal	x6,80001464	  x6=0x80001464
       23815000	      2380	00000000	00000013	addi	x0,x0,0	  x0:0x00000000
       23825000	      2381	8000148c	00000013	addi	x0,x0,0	  x0:0x00000000
       23835000	      2382	80001490	fadff0ef	jal	x1,80001490	  x1=0x80001490
       23845000	      2383	00000000	00000013	addi	x0,x0,0	  x0:0x00000000
       23855000	      2384	80001438	00000013	addi	x0,x0,0	  x0:0x00000000
       23865000	      2385	8000143c	ff9ff0ef	jal	x1,8000143c	  x1=0x8000143c
       23875000	      2386	00000000	00000013	addi	x0,x0,0	  x0:0x00000000
       23885000	      2387	80001430	00000013	addi	x0,x0,0	  x0:0x00000000
       23895000	      2388	80001434	0580036f	jal	x6,80001434	  x6=0x80001434
       23905000	      2389	00000000	00000013	addi	x0,x0,0	  x0:0x00000000
       23915000	      2390	80001488	00000013	addi	x0,x0,0	  x0:0x00000000
       23925000	      2391	8000148c	fcdffaef	jal	x21,8000148c	 x21=0x8000148c
       23935000	      2392	00000000	00000013	addi	x0,x0,0	  x0:0x00000000
       23945000	      2393	80001454	00000013	addi	x0,x0,0	  x0:0x00000000
       23955000	      2394	80001458	008000ef	jal	x1,80001458	  x1=0x80001458
       23965000	      2395	00000000	00000013	addi	x0,x0,0	  x0:0x00000000
       23975000	      2396	8000145c	00000013	addi	x0,x0,0	  x0:0x00000000
       23985000	      2397	80001460	020000ef	jal	x1,80001460	  x1=0x80001460
       23995000	      2398	00000000	00000013	addi	x0,x0,0	  x0:0x00000000
       24005000	      2399	8000147c	00000013	addi	x0,x0,0	  x0:0x00000000
       24015000	      2400	80001480	008000ef	jal	x1,80001480	  x1=0x80001480
       24025000	      2401	00000000	00000013	addi	x0,x0,0	  x0:0x00000000
       24035000	      2402	80001484	00000013	addi	x0,x0,0	  x0:0x00000000
       24045000	      2403	80001488	fe9ff0ef	jal	x1,80001488	  x1=0x80001488
       24055000	      2404	00000000	00000013	addi	x0,x0,0	  x0:0x00000000
       24065000	      2405	8000146c	00000013	addi	x0,x0,0	  x0:0x00000000
       24075000	      2406	80001470	fe5ff36f	jal	x6,80001470	  x6=0x80001470
       24085000	      2407	00000000	00000013	addi	x0,x0,0	  x0:0x00000000
       24095000	      2408	80001450	00000013	addi	x0,x0,0	  x0:0x00000000
       24105000	      2409	80001454	ff1ff0ef	jal	x1,80001454	  x1=0x80001454
       24115000	      2410	00000000	00000013	addi	x0,x0,0	  x0:0x00000000
       24125000	      2411	80001440	00000013	addi	x0,x0,0	  x0:0x00000000
       24135000	      2412	80001444	0340016f	jal	x2,80001444	  x2=0x80001444
       24145000	      2413	00000000	00000013	addi	x0,x0,0	  x0:0x00000000
       24155000	      2414	80001474	00000013	addi	x0,x0,0	  x0:0x00000000
       24165000	      2415	80001478	fe5ff0ef	jal	x1,80001478	  x1=0x80001478
       24175000	      2416	00000000	00000013	addi	x0,x0,0	  x0:0x00000000
       24185000	      2417	80001458	00000013	addi	x0,x0,0	  x0:0x00000000
       24195000	      2418	8000145c	fe5ff36f	jal	x6,8000145c	  x6=0x8000145c
       24205000	      2419	00000000	00000013	addi	x0,x0,0	  x0:0x00000000
       24215000	      2420	8000143c	00000013	addi	x0,x0,0	  x0:0x00000000
       24225000	      2421	80001440	ff1ff36f	jal	x6,80001440	  x6=0x80001440
       24235000	      2422	00000000	00000013	addi	x0,x0,0	  x0:0x00000000
       24245000	      2423	8000142c	00000013	addi	x0,x0,0	  x0:0x00000000
       24255000	      2424	80001430	0540036f	jal	x6,80001430	  x6=0x80001430
       24265000	      2425	00000000	00000013	addi	x0,x0,0	  x0:0x00000000
       24275000	      2426	80001480	00000013	addi	x0,x0,0	  x0:0x00000000
       24285000	      2427	80001484	fcdffaef	jal	x21,80001484	 x21=0x80001484
       24295000	      2428	00000000	00000013	addi	x0,x0,0	  x0:0x00000000
       24305000	      2429	8000144c	00000013	addi	x0,x0,0	  x0:0x00000000
       24315000	      2430	80001450	02c000ef	jal	x1,80001450	  x1=0x80001450
       24325000	      2431	00000000	00000013	addi	x0,x0,0	  x0:0x00000000
       24335000	      2432	80001478	00000013	addi	x0,x0,0	  x0:0x00000000
       24345000	      2433	8000147c	fb1ff36f	jal	x6,8000147c	  x6=0x8000147c
       24355000	      2434	00000000	00000013	addi	x0,x0,0	  x0:0x00000000
       24365000	      2435	80001428	00000013	addi	x0,x0,0	  x0:0x00000000
       24375000	      2436	8000142c	03c002ef	jal	x5,8000142c	  x5=0x8000142c
       24385000	      2437	00000000	00000013	addi	x0,x0,0	  x0:0x00000000
       24395000	      2438	80001464	00000013	addi	x0,x0,0	  x0:0x00000000
       24405000	      2439	80001468	00c000ef	jal	x1,80001468	  x1=0x80001468
       24415000	      2440	00000000	00000013	addi	x0,x0,0	  x0:0x00000000
       24425000	      2441	80001470	00000013	addi	x0,x0,0	  x0:0x00000000
       24435000	      2442	80001474	fc5ff2ef	jal	x5,80001474	  x5=0x80001474
       24445000	      2443	00000000	00000013	addi	x0,x0,0	  x0:0x00000000
       24455000	      2444	80001434	00000013	addi	x0,x0,0	  x0:0x00000000
       24465000	      2445	80001438	014000ef	jal	x1,80001438	  x1=0x80001438
       24475000	      2446	00000000	00000013	addi	x0,x0,0	  x0:0x00000000
       24485000	      2447	80001448	00000013	addi	x0,x0,0	  x0:0x00000000
       24495000	      2448	8000144c	ffdff0ef	jal	x1,8000144c	  x1=0x8000144c
       24505000	      2449	00000000	00000013	addi	x0,x0,0	  x0:0x00000000
       24515000	      2450	80001444	00000013	addi	x0,x0,0	  x0:0x00000000
       24525000	      2451	80001448	024000ef	jal	x1,80001448	  x1=0x80001448
       24535000	      2452	00000000	00000013	addi	x0,x0,0	  x0:0x00000000
       24545000	      2453	80001468	00000013	addi	x0,x0,0	  x0:0x00000000
       24555000	      2454	8000146c	0280036f	jal	x6,8000146c	  x6=0x8000146c
       24565000	      2455	00000000	00000013	addi	x0,x0,0	  x0:0x00000000
       24575000	      2456	80001490	00000013	addi	x0,x0,0	  x0:0x00000000
       24585000	      2457	80001494	40fb00b3	sub	x1,x22,x15	 x22:0x1c0ea001 x15:0x80001178  x1=0x9c0e8e89
       24595000	      2458	80001498	003950b3	srl	x1,x18,x3	 x18:0x80001428  x3:0x80001388  x1=0x00800014
       24605000	      2459	8000149c	2707b813	sltiu	x16,x15,624	 x15:0x80001178 x16=0x00000000
       24615000	      2460	800014a0	00000013	addi	x0,x0,0	  x0:0x00000000
       24625000	      2461	800014a4	41e65a13	srai	x20,x12,0x1e	 x12:0x80009f78 x20=0xfffffffe
       24635000	      2462	800014a8	00744e33	xor	x28,x8,x7	  x8:0x80001224  x7:0x80001099 x28=0x000002bd
       24645000	      2463	800014ac	04eb4437	lui	x8,0x4eb4	  x8=0x04eb4000
       24655000	      2464	800014b0	e81b4d93	xori	x27,x22,-383	 x22:0x1c0ea001 x27=0xe3f15e80
       24665000	      2465	800014b4	d144c593	xori	x11,x9,-748	  x9:0x800013ac x11=0x7fffeeb8
       24675000	      2466	800014b8	411f0c33	sub	x24,x30,x17	 x30:0x80009fc4 x17:0x800013a8 x24=0x00008c1c
       24685000	      2467	800014bc	acb1bc13	sltiu	x24,x3,-1333	  x3:0x80001388 x24=0x00000001
       24695000	      2468	800014c0	017a1b93	slli	x23,x20,0x17	 x20:0xfffffffe x23=0xff000000
       24705000	      2469	800014c4	01900e33	add	x28,x0,x25	  x0:0x00000000 x25:0x80001118 x28=0x80001118
       24715000	      2470	800014c8	41f750b3	sra	x1,x14,x31	 x14:0x00000000 x31:0x800011a0  x1=0x00000000
       24725000	      2471	800014cc	da07d537	lui	x10,0xda07d	 x10=0xda07d000
       24735000	      2472	800014d0	25b5e513	ori	x10,x11,603	 x11:0x7fffeeb8 x10=0x7fffeefb
       24745000	      2473	800014d4	00be54b3	srl	x9,x28,x11	 x28:0x80001118 x11:0x7fffeeb8  x9=0x00000080
       24755000	      2474	800014d8	26550693	addi	x13,x10,613	 x10:0x7fffeefb x13=0x7ffff160
       24765000	      2475	800014dc	05bae063	bltu	x21,x27,8000151c	 x21:0x80001484 x27:0xe3f15e80
       24775000	      2476	00000000	00000013	addi	x0,x0,0	  x0:0x00000000
       24785000	      2477	80001518	00000013	addi	x0,x0,0	  x0:0x00000000
       24795000	      2478	8000151c	01626733	or	x14,x4,x22	  x4:0x00000001 x22:0x1c0ea001 x14=0x1c0ea001
       24805000	      2479	80001520	00abf133	and	x2,x23,x10	 x23:0xff000000 x10:0x7fffeefb  x2=0x7f000000
       24815000	      2480	80001524	023df863	bgeu	x27,x3,80001554	 x27:0xe3f15e80  x3:0x80001388
       24825000	      2481	00000000	00000013	addi	x0,x0,0	  x0:0x00000000
       24835000	      2482	80001550	00000013	addi	x0,x0,0	  x0:0x00000000
       24845000	      2483	80001554	00709db3	sll	x27,x1,x7	  x1:0x00000000  x7:0x80001099 x27=0x00000000
       24855000	      2484	80001558	02318063	beq	x3,x3,80001578	  x3:0x80001388  x3:0x80001388
       24865000	      2485	00000000	00000013	addi	x0,x0,0	  x0:0x00000000
       24875000	      2486	80001574	00000013	addi	x0,x0,0	  x0:0x00000000
       24885000	      2487	80001578	24058713	addi	x14,x11,576	 x11:0x7fffeeb8 x14=0x7ffff0f8
       24895000	      2488	8000157c	00115a63	bge	x2,x1,80001590	  x2:0x7f000000  x1:0x00000000
       24905000	      2489	00000000	00000013	addi	x0,x0,0	  x0:0x00000000
       24915000	      2490	8000158c	00000013	addi	x0,x0,0	  x0:0x00000000
       24925000	      2491	80001590	a2ce7193	andi	x3,x28,-1492	 x28:0x80001118  x3=0x80001008
       24935000	      2492	80001594	4036db13	srai	x22,x13,0x3	 x13:0x7ffff160 x22=0x0ffffe2c
       24945000	      2493	80001598	1c3a7813	andi	x16,x20,451	 x20:0xfffffffe x16=0x000001c2
       24955000	      2494	8000159c	0072e3b3	or	x7,x5,x7	  x5:0x80001474  x7:0x80001099  x7=0x800014fd
       24965000	      2495	800015a0	7bb3f997	auipc	x19,0x7bb3f	 x19=0xfbb4059c
       24975000	      2496	800015a4	40e2d833	sra	x16,x5,x14	  x5:0x80001474 x14:0x7ffff0f8 x16=0xffffff80
       24985000	      2497	800015a8	410657b3	sra	x15,x12,x16	 x12:0x80009f78 x16:0xffffff80 x15=0x80009f78
       24995000	      2498	800015ac	00000013	addi	x0,x0,0	  x0:0x00000000
       25005000	      2499	800015b0	04e87663	bgeu	x16,x14,800015fc	 x16:0xffffff80 x14:0x7ffff0f8
       25015000	      2500	00000000	00000013	addi	x0,x0,0	  x0:0x00000000
       25025000	      2501	800015f8	00000013	addi	x0,x0,0	  x0:0x00000000
       25035000	      2502	800015fc	0088e663	bltu	x17,x8,80001608	 x17:0x800013a8  x8:0x04eb4000
       25045000	      2503	80001600	41185533	sra	x10,x16,x17	 x16:0xffffff80 x17:0x800013a8 x10=0xffffffff
       25055000	      2504	80001604	021c9a63	bne	x25,x1,80001638	 x25:0x80001118  x1:0x00000000
       25065000	      2505	00000000	00000013	addi	x0,x0,0	  x0:0x00000000
       25075000	      2506	80001634	00000013	addi	x0,x0,0	  x0:0x00000000
       25085000	      2507	80001638	5560ee13	ori	x28,x1,1366	  x1:0x00000000 x28=0x00000556
       25095000	      2508	8000163c	00000013	addi	x0,x0,0	  x0:0x00000000
       25105000	      2509	80001640	02804863	blt	x0,x8,80001670	  x0:0x00000000  x8:0x04eb4000
       25115000	      2510	00000000	00000013	addi	x0,x0,0	  x0:0x00000000
       25125000	      2511	8000166c	00000013	addi	x0,x0,0	  x0:0x00000000
       25135000	      2512	80001670	00d0a033	slt	x0,x1,x13	  x1:0x00000000 x13:0x7ffff160
       25145000	      2513	80001674	41fcdc93	srai	x25,x25,0x1f	 x25:0x80001118 x25=0xffffffff
       25155000	      2514	80001678	011b9ab3	sll	x21,x23,x17	 x23:0xff000000 x17:0x800013a8 x21=0x00000000
       25165000	      2515	8000167c	01878c33	add	x24,x15,x24	 x15:0x80009f78 x24:0x00000001 x24=0x80009f79
       25175000	      2516	80001680	42e9a413	slti	x8,x19,1070	 x19:0xfbb4059c  x8=0x00000001
       25185000	      2517	80001684	41c4d533	sra	x10,x9,x28	  x9:0x00000080 x28:0x00000556 x10=0x00000000
       25195000	      2518	80001688	7d6e0793	addi	x15,x28,2006	 x28:0x00000556 x15=0x00000d2c
       25205000	      2519	8000168c	400f5933	sra	x18,x30,x0	 x30:0x80009fc4  x0:0x00000000 x18=0x80009fc4
       25215000	      2520	80001690	c18be413	ori	x8,x23,-1000	 x23:0xff000000  x8=0xfffffc18
       25225000	      2521	80001694	405605b3	sub	x11,x12,x5	 x12:0x80009f78  x5:0x80001474 x11=0x00008b04
       25235000	      2522	80001698	1be2ef93	ori	x31,x5,446	  x5:0x80001474 x31=0x800015fe
       25245000	      2523	8000169c	00000013	addi	x0,x0,0	  x0:0x00000000
       25255000	      2524	800016a0	01e6a9b3	slt	x19,x13,x30	 x13:0x7ffff160 x30:0x80009fc4 x19=0x00000000
       25265000	      2525	800016a4	01b4d113	srli	x2,x9,0x1b	  x9:0x00000080  x2=0x00000000
       25275000	      2526	800016a8	01c0d113	srli	x2,x1,0x1c	  x1:0x00000000  x2=0x00000000
       25285000	      2527	800016ac	f6786497	auipc	x9,0xf6786	  x9=0x767876a8
       25295000	      2528	800016b0	a813ad93	slti	x27,x7,-1407	  x7:0x800014fd x27=0x00000001
       25305000	      2529	800016b4	afaadbb7	lui	x23,0xafaad	 x23=0xafaad000
       25315000	      2530	800016b8	00be1e13	slli	x28,x28,0xb	 x28:0x00000556 x28=0x002ab000
       25325000	      2531	800016bc	00aa35b3	sltu	x11,x20,x10	 x20:0xfffffffe x10:0x00000000 x11=0x00000000
       25335000	      2532	800016c0	01c7f6b3	and	x13,x15,x28	 x15:0x00000d2c x28:0x002ab000 x13=0x00000000
       25345000	      2533	800016c4	0340096f	jal	x18,800016c4	 x18=0x800016c4
       25355000	      2534	00000000	00000013	addi	x0,x0,0	  x0:0x00000000
       25365000	      2535	800016f4	00000013	addi	x0,x0,0	  x0:0x00000000
       25375000	      2536	800016f8	0240086f	jal	x16,800016f8	 x16=0x800016f8
       25385000	      2537	00000000	00000013	addi	x0,x0,0	  x0:0x00000000
       25395000	      2538	80001718	00000013	addi	x0,x0,0	  x0:0x00000000
       25405000	      2539	8000171c	fd9ff0ef	jal	x1,8000171c	  x1=0x8000171c
       25415000	      2540	00000000	00000013	addi	x0,x0,0	  x0:0x00000000
       25425000	      2541	800016f0	00000013	addi	x0,x0,0	  x0:0x00000000
       25435000	      2542	800016f4	0180036f	jal	x6,800016f4	  x6=0x800016f4
       25445000	      2543	00000000	00000013	addi	x0,x0,0	  x0:0x00000000
       25455000	      2544	80001708	00000013	addi	x0,x0,0	  x0:0x00000000
       25465000	      2545	8000170c	fd1ff76f	jal	x14,8000170c	 x14=0x8000170c
       25475000	      2546	00000000	00000013	addi	x0,x0,0	  x0:0x00000000
       25485000	      2547	800016d8	00000013	addi	x0,x0,0	  x0:0x00000000
       25495000	      2548	800016dc	014000ef	jal	x1,800016dc	  x1=0x800016dc
       25505000	      2549	00000000	00000013	addi	x0,x0,0	  x0:0x00000000
       25515000	      2550	800016ec	00000013	addi	x0,x0,0	  x0:0x00000000
       25525000	      2551	800016f0	01400eef	jal	x29,800016f0	 x29=0x800016f0
       25535000	      2552	00000000	00000013	addi	x0,x0,0	  x0:0x00000000
       25545000	      2553	80001700	00000013	addi	x0,x0,0	  x0:0x00000000
       25555000	      2554	80001704	fe5ff1ef	jal	x3,80001704	  x3=0x80001704
       25565000	      2555	00000000	00000013	addi	x0,x0,0	  x0:0x00000000
       25575000	      2556	800016e4	00000013	addi	x0,x0,0	  x0:0x00000000
       25585000	      2557	800016e8	ffdff0ef	jal	x1,800016e8	  x1=0x800016e8
       25595000	      2558	00000000	00000013	addi	x0,x0,0	  x0:0x00000000
       25605000	      2559	800016e0	00000013	addi	x0,x0,0	  x0:0x00000000
       25615000	      2560	800016e4	0180036f	jal	x6,800016e4	  x6=0x800016e4
       25625000	      2561	00000000	00000013	addi	x0,x0,0	  x0:0x00000000
       25635000	      2562	800016f8	00000013	addi	x0,x0,0	  x0:0x00000000
       25645000	      2563	800016fc	004000ef	jal	x1,800016fc	  x1=0x800016fc
       25655000	      2564	00000000	00000013	addi	x0,x0,0	  x0:0x00000000
       25665000	      2565	800016fc	00000013	addi	x0,x0,0	  x0:0x00000000
       25675000	      2566	80001700	fd5ff0ef	jal	x1,80001700	  x1=0x80001700
       25685000	      2567	00000000	00000013	addi	x0,x0,0	  x0:0x00000000
       25695000	      2568	800016d0	00000013	addi	x0,x0,0	  x0:0x00000000
       25705000	      2569	800016d4	00c002ef	jal	x5,800016d4	  x5=0x800016d4
       25715000	      2570	00000000	00000013	addi	x0,x0,0	  x0:0x00000000
       25725000	      2571	800016dc	00000013	addi	x0,x0,0	  x0:0x00000000
       25735000	      2572	800016e0	028001ef	jal	x3,800016e0	  x3=0x800016e0
       25745000	      2573	00000000	00000013	addi	x0,x0,0	  x0:0x00000000
       25755000	      2574	80001704	00000013	addi	x0,x0,0	  x0:0x00000000
       25765000	      2575	80001708	fd1ff1ef	jal	x3,80001708	  x3=0x80001708
       25775000	      2576	00000000	00000013	addi	x0,x0,0	  x0:0x00000000
       25785000	      2577	800016d4	00000013	addi	x0,x0,0	  x0:0x00000000
       25795000	      2578	800016d8	038000ef	jal	x1,800016d8	  x1=0x800016d8
       25805000	      2579	00000000	00000013	addi	x0,x0,0	  x0:0x00000000
       25815000	      2580	8000170c	00000013	addi	x0,x0,0	  x0:0x00000000
       25825000	      2581	80001710	fc1ff0ef	jal	x1,80001710	  x1=0x80001710
       25835000	      2582	00000000	00000013	addi	x0,x0,0	  x0:0x00000000
       25845000	      2583	800016cc	00000013	addi	x0,x0,0	  x0:0x00000000
       25855000	      2584	800016d0	05400a6f	jal	x20,800016d0	 x20=0x800016d0
       25865000	      2585	00000000	00000013	addi	x0,x0,0	  x0:0x00000000
       25875000	      2586	80001720	00000013	addi	x0,x0,0	  x0:0x00000000
       25885000	      2587	80001724	ff1ff9ef	jal	x19,80001724	 x19=0x80001724
       25895000	      2588	00000000	00000013	addi	x0,x0,0	  x0:0x00000000
       25905000	      2589	80001710	00000013	addi	x0,x0,0	  x0:0x00000000
       25915000	      2590	80001714	fb9ff36f	jal	x6,80001714	  x6=0x80001714
       25925000	      2591	00000000	00000013	addi	x0,x0,0	  x0:0x00000000
       25935000	      2592	800016c8	00000013	addi	x0,x0,0	  x0:0x00000000
       25945000	      2593	800016cc	054004ef	jal	x9,800016cc	  x9=0x800016cc
       25955000	      2594	00000000	00000013	addi	x0,x0,0	  x0:0x00000000
       25965000	      2595	8000171c	00000013	addi	x0,x0,0	  x0:0x00000000
       25975000	      2596	80001720	ff9ff0ef	jal	x1,80001720	  x1=0x80001720
       25985000	      2597	00000000	00000013	addi	x0,x0,0	  x0:0x00000000
       25995000	      2598	80001714	00000013	addi	x0,x0,0	  x0:0x00000000
       26005000	      2599	80001718	fb1ff36f	jal	x6,80001718	  x6=0x80001718
       26015000	      2600	00000000	00000013	addi	x0,x0,0	  x0:0x00000000
       26025000	      2601	800016c4	00000013	addi	x0,x0,0	  x0:0x00000000
       26035000	      2602	800016c8	0240036f	jal	x6,800016c8	  x6=0x800016c8
       26045000	      2603	00000000	00000013	addi	x0,x0,0	  x0:0x00000000
       26055000	      2604	800016e8	00000013	addi	x0,x0,0	  x0:0x00000000
       26065000	      2605	800016ec	03c0056f	jal	x10,800016ec	 x10=0x800016ec
       26075000	      2606	00000000	00000013	addi	x0,x0,0	  x0:0x00000000
       26085000	      2607	80001724	00000013	addi	x0,x0,0	  x0:0x00000000
       26095000	      2608	80001728	229f27b7	lui	x15,0x229f2	 x15=0x229f2000
       26105000	      2609	8000172c	0091ce63	blt	x3,x9,80001748	  x3:0x80001708  x9:0x800016cc
       26115000	      2610	80001730	821d78b7	lui	x17,0x821d7	 x17=0x821d7000
       26125000	      2611	80001734	753f2393	slti	x7,x30,1875	 x30:0x80009fc4  x7=0x00000001
       26135000	      2612	80001738	00d4c1b3	xor	x3,x9,x13	  x9:0x800016cc x13:0x00000000  x3=0x800016cc
       26145000	      2613	8000173c	61eb7397	auipc	x7,0x61eb7	  x7=0xe1eb8738
       26155000	      2614	80001740	005f0e63	beq	x30,x5,8000175c	 x30:0x80009fc4  x5:0x800016d4
       26165000	      2615	80001744	037e9e63	bne	x29,x23,80001780	 x29:0x800016f0 x23:0xafaad000
       26175000	      2616	00000000	00000013	addi	x0,x0,0	  x0:0x00000000
       26185000	      2617	8000177c	00000013	addi	x0,x0,0	  x0:0x00000000
       26195000	      2618	80001780	0164c5b3	xor	x11,x9,x22	  x9:0x800016cc x22:0x0ffffe2c x11=0x8fffe8e0
       26205000	      2619	80001784	5b3b6793	ori	x15,x22,1459	 x22:0x0ffffe2c x15=0x0fffffbf
       26215000	      2620	80001788	01d811b3	sll	x3,x16,x29	 x16:0x800016f8 x29:0x800016f0  x3=0x16f80000
       26225000	      2621	8000178c	41c75b93	srai	x23,x14,0x1c	 x14:0x8000170c x23=0xfffffff8
       26235000	      2622	80001790	00521b93	slli	x23,x4,0x5	  x4:0x00000001 x23=0x00000020
       26245000	      2623	80001794	01f99c63	bne	x19,x31,800017ac	 x19:0x80001724 x31:0x800015fe
       26255000	      2624	00000000	00000013	addi	x0,x0,0	  x0:0x00000000
       26265000	      2625	800017a8	00000013	addi	x0,x0,0	  x0:0x00000000
       26275000	      2626	800017ac	4055d193	srai	x3,x11,0x5	 x11:0x8fffe8e0  x3=0xfc7fff47
       26285000	      2627	800017b0	c938b793	sltiu	x15,x17,-877	 x17:0x821d7000 x15=0x00000001
       26295000	      2628	800017b4	a46925b7	lui	x11,0xa4692	 x11=0xa4692000
       26305000	      2629	800017b8	00910cb3	add	x25,x2,x9	  x2:0x00000000  x9:0x800016cc x25=0x800016cc
       26315000	      2630	800017bc	ef918513	addi	x10,x3,-263	  x3:0xfc7fff47 x10=0xfc7ffe40
       26325000	      2631	800017c0	01c872b3	and	x5,x16,x28	 x16:0x800016f8 x28:0x002ab000  x5=0x00001000
       26335000	      2632	800017c4	00e523b3	slt	x7,x10,x14	 x10:0xfc7ffe40 x14:0x8000170c  x7=0x00000000
       26345000	      2633	800017c8	01d1cd33	xor	x26,x3,x29	  x3:0xfc7fff47 x29:0x800016f0 x26=0x7c7fe9b7
       26355000	      2634	800017cc	00363c33	sltu	x24,x12,x3	 x12:0x80009f78  x3:0xfc7fff47 x24=0x00000001
       26365000	      2635	800017d0	002e9a63	bne	x29,x2,800017e4	 x29:0x800016f0  x2:0x00000000
       26375000	      2636	00000000	00000013	addi	x0,x0,0	  x0:0x00000000
       26385000	      2637	800017e0	00000013	addi	x0,x0,0	  x0:0x00000000
       26395000	      2638	800017e4	f087e193	ori	x3,x15,-248	 x15:0x00000001  x3=0xffffff09
       26405000	      2639	800017e8	9e693b93	sltiu	x23,x18,-1562	 x18:0x800016c4 x23=0x00000001
       26415000	      2640	800017ec	41e80033	sub	x0,x16,x30	 x16:0x800016f8 x30:0x80009fc4
       26425000	      2641	800017f0	01486eb3	or	x29,x16,x20	 x16:0x800016f8 x20:0x800016d0 x29=0x800016f8
       26435000	      2642	800017f4	0078f7b3	and	x15,x17,x7	 x17:0x821d7000  x7:0x00000000 x15=0x00000000
       26445000	      2643	800017f8	53ffad13	slti	x26,x31,1343	 x31:0x800015fe x26=0x00000001
       26455000	      2644	800017fc	022c6063	bltu	x24,x2,8000181c	 x24:0x00000001  x2:0x00000000
       26465000	      2645	80001800	1a753d13	sltiu	x26,x10,423	 x10:0xfc7ffe40 x26=0x00000000
       26475000	      2646	80001804	00d10863	beq	x2,x13,80001814	  x2:0x00000000 x13:0x00000000
       26485000	      2647	00000000	00000013	addi	x0,x0,0	  x0:0x00000000
       26495000	      2648	80001810	00000013	addi	x0,x0,0	  x0:0x00000000
       26505000	      2649	80001814	1e712293	slti	x5,x2,487	  x2:0x00000000  x5=0x00000001
       26515000	      2650	80001818	9a528b93	addi	x23,x5,-1627	  x5:0x00000001 x23=0xfffff9a6
       26525000	      2651	8000181c	ed7ff193	andi	x3,x31,-297	 x31:0x800015fe  x3=0x800014d6
       26535000	      2652	80001820	00be6db3	or	x27,x28,x11	 x28:0x002ab000 x11:0xa4692000 x27=0xa46bb000
       26545000	      2653	80001824	81aa4593	xori	x11,x20,-2022	 x20:0x800016d0 x11=0x7fffeeca
       26555000	      2654	80001828	087f8663	beq	x31,x7,800018b4	 x31:0x800015fe  x7:0x00000000
       26565000	      2655	8000182c	00000013	addi	x0,x0,0	  x0:0x00000000
       26575000	      2656	80001830	0075c463	blt	x11,x7,80001838	 x11:0x7fffeeca  x7:0x00000000
       26585000	      2657	80001834	37100a13	addi	x20,x0,881	  x0:0x00000000 x20=0x00000371
       26595000	      2658	80001838	01e81133	sll	x2,x16,x30	 x16:0x800016f8 x30:0x80009fc4  x2=0x00016f80
       26605000	      2659	8000183c	0340096f	jal	x18,8000183c	 x18=0x8000183c
       26615000	      2660	00000000	00000013	addi	x0,x0,0	  x0:0x00000000
       26625000	      2661	8000186c	00000013	addi	x0,x0,0	  x0:0x00000000
       26635000	      2662	80001870	fe5ff36f	jal	x6,80001870	  x6=0x80001870
       26645000	      2663	00000000	00000013	addi	x0,x0,0	  x0:0x00000000
       26655000	      2664	80001850	00000013	addi	x0,x0,0	  x0:0x00000000
       26665000	      2665	80001854	fedff36f	jal	x6,80001854	  x6=0x80001854
       26675000	      2666	00000000	00000013	addi	x0,x0,0	  x0:0x00000000
       26685000	      2667	8000183c	00000013	addi	x0,x0,0	  x0:0x00000000
       26695000	      2668	80001840	028000ef	jal	x1,80001840	  x1=0x80001840
       26705000	      2669	00000000	00000013	addi	x0,x0,0	  x0:0x00000000
       26715000	      2670	80001864	00000013	addi	x0,x0,0	  x0:0x00000000
       26725000	      2671	80001868	00400e6f	jal	x28,80001868	 x28=0x80001868
       26735000	      2672	00000000	00000013	addi	x0,x0,0	  x0:0x00000000
       26745000	      2673	80001868	00000013	addi	x0,x0,0	  x0:0x00000000
       26755000	      2674	8000186c	fedff0ef	jal	x1,8000186c	  x1=0x8000186c
       26765000	      2675	00000000	00000013	addi	x0,x0,0	  x0:0x00000000
       26775000	      2676	80001854	00000013	addi	x0,x0,0	  x0:0x00000000
       26785000	      2677	80001858	ff1ff8ef	jal	x17,80001858	 x17=0x80001858
       26795000	      2678	00000000	00000013	addi	x0,x0,0	  x0:0x00000000
       26805000	      2679	80001844	00000013	addi	x0,x0,0	  x0:0x00000000
       26815000	      2680	80001848	ffdffbef	jal	x23,80001848	 x23=0x80001848
       26825000	      2681	00000000	00000013	addi	x0,x0,0	  x0:0x00000000
       26835000	      2682	80001840	00000013	addi	x0,x0,0	  x0:0x00000000
       26845000	      2683	80001844	01c000ef	jal	x1,80001844	  x1=0x80001844
       26855000	      2684	00000000	00000013	addi	x0,x0,0	  x0:0x00000000
       26865000	      2685	8000185c	00000013	addi	x0,x0,0	  x0:0x00000000
       26875000	      2686	80001860	ffdff0ef	jal	x1,80001860	  x1=0x80001860
       26885000	      2687	00000000	00000013	addi	x0,x0,0	  x0:0x00000000
       26895000	      2688	80001858	00000013	addi	x0,x0,0	  x0:0x00000000
       26905000	      2689	8000185c	ff1ff0ef	jal	x1,8000185c	  x1=0x8000185c
       26915000	      2690	00000000	00000013	addi	x0,x0,0	  x0:0x00000000
       26925000	      2691	80001848	00000013	addi	x0,x0,0	  x0:0x00000000
       26935000	      2692	8000184c	004008ef	jal	x17,8000184c	 x17=0x8000184c
       26945000	      2693	00000000	00000013	addi	x0,x0,0	  x0:0x00000000
       26955000	      2694	8000184c	00000013	addi	x0,x0,0	  x0:0x00000000
       26965000	      2695	80001850	024003ef	jal	x7,80001850	  x7=0x80001850
       26975000	      2696	00000000	00000013	addi	x0,x0,0	  x0:0x00000000
       26985000	      2697	80001870	00000013	addi	x0,x0,0	  x0:0x00000000
       26995000	      2698	80001874	ff1ff3ef	jal	x7,80001874	  x7=0x80001874
       27005000	      2699	00000000	00000013	addi	x0,x0,0	  x0:0x00000000
       27015000	      2700	80001860	00000013	addi	x0,x0,0	  x0:0x00000000
       27025000	      2701	80001864	014000ef	jal	x1,80001864	  x1=0x80001864
       27035000	      2702	00000000	00000013	addi	x0,x0,0	  x0:0x00000000
       27045000	      2703	80001874	00000013	addi	x0,x0,0	  x0:0x00000000
       27055000	      2704	80001878	40125893	srai	x17,x4,0x1	  x4:0x00000001 x17=0x00000000
       27065000	      2705	8000187c	02b4b937	lui	x18,0x2b4b	 x18=0x02b4b000
       27075000	      2706	80001880	01450833	add	x16,x10,x20	 x10:0xfc7ffe40 x20:0x00000371 x16=0xfc8001b1
       27085000	      2707	80001884	01cd9d93	slli	x27,x27,0x1c	 x27:0xa46bb000 x27=0x00000000
       27095000	      2708	80001888	02aa7863	bgeu	x20,x10,800018b8	 x20:0x00000371 x10:0xfc7ffe40
       27105000	      2709	8000188c	01ae5ab3	srl	x21,x28,x26	 x28:0x80001868 x26:0x00000000 x21=0x80001868
       27115000	      2710	80001890	ae587013	andi	x0,x16,-1307	 x16:0xfc8001b1
       27125000	      2711	80001894	01768fb3	add	x31,x13,x23	 x13:0x00000000 x23:0x80001848 x31=0x80001848
       27135000	      2712	80001898	018b9993	slli	x19,x23,0x18	 x23:0x80001848 x19=0x48000000
       27145000	      2713	8000189c	869a3713	sltiu	x14,x20,-1943	 x20:0x00000371 x14=0x00000001
       27155000	      2714	800018a0	018ffd33	and	x26,x31,x24	 x31:0x80001848 x24:0x00000001 x26=0x00000000
       27165000	      2715	800018a4	924ea413	slti	x8,x29,-1756	 x29:0x800016f8  x8=0x00000001
       27175000	      2716	800018a8	89bba693	slti	x13,x23,-1893	 x23:0x80001848 x13=0x00000001
       27185000	      2717	800018ac	01439d93	slli	x27,x7,0x14	  x7:0x80001874 x27=0x87400000
       27195000	      2718	800018b0	3726b193	sltiu	x3,x13,882	 x13:0x00000001  x3=0x00000001
       27205000	      2719	800018b4	1391e413	ori	x8,x3,313	  x3:0x00000001  x8=0x00000139
       27215000	      2720	800018b8	782edeb7	lui	x29,0x782ed	 x29=0x782ed000
       27225000	      2721	800018bc	04254463	blt	x10,x2,80001904	 x10:0xfc7ffe40  x2:0x00016f80
       27235000	      2722	00000000	00000013	addi	x0,x0,0	  x0:0x00000000
       27245000	      2723	80001900	00000013	addi	x0,x0,0	  x0:0x00000000
       27255000	      2724	80001904	02a81063	bne	x16,x10,80001924	 x16:0xfc8001b1 x10:0xfc7ffe40
       27265000	      2725	00000000	00000013	addi	x0,x0,0	  x0:0x00000000
       27275000	      2726	80001920	00000013	addi	x0,x0,0	  x0:0x00000000
       27285000	      2727	80001924	89a4e993	ori	x19,x9,-1894	  x9:0x800016cc x19=0xfffffede
       27295000	      2728	80001928	036b8063	beq	x23,x22,80001948	 x23:0x80001848 x22:0x0ffffe2c
       27305000	      2729	8000192c	e402cd13	xori	x26,x5,-448	  x5:0x00000001 x26=0xfffffe41
       27315000	      2730	80001930	00a914b3	sll	x9,x18,x10	 x18:0x02b4b000 x10:0xfc7ffe40  x9=0x02b4b000
       27325000	      2731	80001934	00007e33	and	x28,x0,x0	  x0:0x00000000  x0:0x00000000 x28=0x00000000
       27335000	      2732	80001938	00db56b3	srl	x13,x22,x13	 x22:0x0ffffe2c x13:0x00000001 x13=0x07ffff16
       27345000	      2733	8000193c	014009b3	add	x19,x0,x20	  x0:0x00000000 x20:0x00000371 x19=0x00000371
       27355000	      2734	80001940	00c182b3	add	x5,x3,x12	  x3:0x00000001 x12:0x80009f78  x5=0x80009f79
       27365000	      2735	80001944	3bf90013	addi	x0,x18,959	 x18:0x02b4b000
       27375000	      2736	80001948	024ed663	bge	x29,x4,80001974	 x29:0x782ed000  x4:0x00000001
       27385000	      2737	00000000	00000013	addi	x0,x0,0	  x0:0x00000000
       27395000	      2738	80001970	00000013	addi	x0,x0,0	  x0:0x00000000
       27405000	      2739	80001974	01e529b3	slt	x19,x10,x30	 x10:0xfc7ffe40 x30:0x80009fc4 x19=0x00000000
       27415000	      2740	80001978	02ea9a63	bne	x21,x14,800019ac	 x21:0x80001868 x14:0x00000001
       27425000	      2741	00000000	00000013	addi	x0,x0,0	  x0:0x00000000
       27435000	      2742	800019a8	00000013	addi	x0,x0,0	  x0:0x00000000
       27445000	      2743	800019ac	f9256093	ori	x1,x10,-110	 x10:0xfc7ffe40  x1=0xffffffd2
       27455000	      2744	800019b0	6ba3f813	andi	x16,x7,1722	  x7:0x80001874 x16=0x00000030
       27465000	      2745	800019b4	00000013	addi	x0,x0,0	  x0:0x00000000
       27475000	      2746	800019b8	41c0d593	srai	x11,x1,0x1c	  x1:0xffffffd2 x11=0xffffffff
       27485000	      2747	800019bc	00000013	addi	x0,x0,0	  x0:0x00000000
       27495000	      2748	800019c0	41c05593	srai	x11,x0,0x1c	  x0:0x00000000 x11=0x00000000
       27505000	      2749	800019c4	01ffabb3	slt	x23,x31,x31	 x31:0x80001848 x31:0x80001848 x23=0x00000000
       27515000	      2750	800019c8	41308ab3	sub	x21,x1,x19	  x1:0xffffffd2 x19:0x00000000 x21=0xffffffd2
       27525000	      2751	800019cc	012f9d33	sll	x26,x31,x18	 x31:0x80001848 x18:0x02b4b000 x26=0x80001848
       27535000	      2752	800019d0	c390e013	ori	x0,x1,-967	  x1:0xffffffd2
       27545000	      2753	800019d4	6ad82493	slti	x9,x16,1709	 x16:0x00000030  x9=0x00000001
       27555000	      2754	800019d8	04569263	bne	x13,x5,80001a1c	 x13:0x07ffff16  x5:0x80009f79
       27565000	      2755	00000000	00000013	addi	x0,x0,0	  x0:0x00000000
       27575000	      2756	80001a18	00000013	addi	x0,x0,0	  x0:0x00000000
       27585000	      2757	80001a1c	03f36c63	bltu	x6,x31,80001a54	  x6:0x80001854 x31:0x80001848
       27595000	      2758	80001a20	02848863	beq	x9,x8,80001a50	  x9:0x00000001  x8:0x00000139
       27605000	      2759	80001a24	03fd8c63	beq	x27,x31,80001a5c	 x27:0x87400000 x31:0x80001848
       27615000	      2760	80001a28	bb73e813	ori	x16,x7,-1097	  x7:0x80001874 x16=0xfffffbf7
       27625000	      2761	80001a2c	d078aa13	slti	x20,x17,-761	 x17:0x00000000 x20=0x00000000
       27635000	      2762	80001a30	00080bb3	add	x23,x16,x0	 x16:0xfffffbf7  x0:0x00000000 x23=0xfffffbf7
       27645000	      2763	80001a34	014994b3	sll	x9,x19,x20	 x19:0x00000000 x20:0x00000000  x9=0x00000000
       27655000	      2764	80001a38	c61aa193	slti	x3,x21,-927	 x21:0xffffffd2  x3=0x00000000
       27665000	      2765	80001a3c	54c4bf93	sltiu	x31,x9,1356	  x9:0x00000000 x31=0x00000001
       27675000	      2766	80001a40	01495693	srli	x13,x18,0x14	 x18:0x02b4b000 x13=0x0000002b
       27685000	      2767	80001a44	0102ed33	or	x26,x5,x16	  x5:0x80009f79 x16:0xfffffbf7 x26=0xffffffff
       27695000	      2768	80001a48	008f9713	slli	x14,x31,0x8	 x31:0x00000001 x14=0x00000100
       27705000	      2769	80001a4c	406bd033	sra	x0,x23,x6	 x23:0xfffffbf7  x6:0x80001854
       27715000	      2770	80001a50	018d92b3	sll	x5,x27,x24	 x27:0x87400000 x24:0x00000001  x5=0x0e800000
       27725000	      2771	80001a54	97fd6913	ori	x18,x26,-1665	 x26:0xffffffff x18=0xffffffff
       27735000	      2772	80001a58	01904d33	xor	x26,x0,x25	  x0:0x00000000 x25:0x800016cc x26=0x800016cc
       27745000	      2773	80001a5c	bda48913	addi	x18,x9,-1062	  x9:0x00000000 x18=0xfffffbda
       27755000	      2774	80001a60	047d4263	blt	x26,x7,80001aa4	 x26:0x800016cc  x7:0x80001874
       27765000	      2775	00000000	00000013	addi	x0,x0,0	  x0:0x00000000
       27775000	      2776	80001aa0	00000013	addi	x0,x0,0	  x0:0x00000000
       27785000	      2777	80001aa4	01851113	slli	x2,x10,0x18	 x10:0xfc7ffe40  x2=0x40000000
       27795000	      2778	80001aa8	01d88b33	add	x22,x17,x29	 x17:0x00000000 x29:0x782ed000 x22=0x782ed000
       27805000	      2779	80001aac	1710c393	xori	x7,x1,369	  x1:0xffffffd2  x7=0xfffffea3
       27815000	      2780	80001ab0	014adf93	srli	x31,x21,0x14	 x21:0xffffffd2 x31=0x00000fff
       27825000	      2781	80001ab4	41d95713	srai	x14,x18,0x1d	 x18:0xfffffbda x14=0xffffffff
       27835000	      2782	80001ab8	009bceb3	xor	x29,x23,x9	 x23:0xfffffbf7  x9:0x00000000 x29=0xfffffbf7
       27845000	      2783	80001abc	bdc4ec93	ori	x25,x9,-1060	  x9:0x00000000 x25=0xfffffbdc
       27855000	      2784	80001ac0	0088ee33	or	x28,x17,x8	 x17:0x00000000  x8:0x00000139 x28=0x00000139
       27865000	      2785	80001ac4	00000013	addi	x0,x0,0	  x0:0x00000000
       27875000	      2786	80001ac8	890abc37	lui	x24,0x890ab	 x24=0x890ab000
       27885000	      2787	80001acc	013dcdb3	xor	x27,x27,x19	 x27:0x87400000 x19:0x00000000 x27=0x87400000
       27895000	      2788	80001ad0	4064d8b3	sra	x17,x9,x6	  x9:0x00000000  x6:0x80001854 x17=0x00000000
       27905000	      2789	80001ad4	022a8063	beq	x21,x2,80001af4	 x21:0xffffffd2  x2:0x40000000
       27915000	      2790	80001ad8	00e993b3	sll	x7,x19,x14	 x19:0x00000000 x14:0xffffffff  x7=0x00000000
       27925000	      2791	80001adc	00e01b93	slli	x23,x0,0xe	  x0:0x00000000 x23=0x00000000
       27935000	      2792	80001ae0	01ec69b3	or	x19,x24,x30	 x24:0x890ab000 x30:0x80009fc4 x19=0x890abfc4
       27945000	      2793	80001ae4	0287fe63	bgeu	x15,x8,80001b20	 x15:0x00000000  x8:0x00000139
       27955000	      2794	80001ae8	6cb6e6b7	lui	x13,0x6cb6e	 x13=0x6cb6e000
       27965000	      2795	80001aec	114ac393	xori	x7,x21,276	 x21:0xffffffd2  x7=0xfffffec6
       27975000	      2796	80001af0	00db7d33	and	x26,x22,x13	 x22:0x782ed000 x13:0x6cb6e000 x26=0x6826c000
       27985000	      2797	80001af4	40880833	sub	x16,x16,x8	 x16:0xfffffbf7  x8:0x00000139 x16=0xfffffabe
       27995000	      2798	80001af8	035e1a63	bne	x28,x21,80001b2c	 x28:0x00000139 x21:0xffffffd2
       28005000	      2799	00000000	00000013	addi	x0,x0,0	  x0:0x00000000
       28015000	      2800	80001b28	00000013	addi	x0,x0,0	  x0:0x00000000
       28025000	      2801	80001b2c	00000013	addi	x0,x0,0	  x0:0x00000000
       28035000	      2802	80001b30	0094ca33	xor	x20,x9,x9	  x9:0x00000000  x9:0x00000000 x20=0x00000000
       28045000	      2803	80001b34	79ed7f93	andi	x31,x26,1950	 x26:0x6826c000 x31=0x00000000
       28055000	      2804	80001b38	00e0d663	bge	x1,x14,80001b44	  x1:0xffffffd2 x14:0xffffffff
       28065000	      2805	80001b3c	41b18333	sub	x6,x3,x27	  x3:0x00000000 x27:0x87400000  x6=0x78c00000
       28075000	      2806	80001b40	9825c013	xori	x0,x11,-1662	 x11:0x00000000
       28085000	      2807	80001b44	0061dc93	srli	x25,x3,0x6	  x3:0x00000000 x25=0x00000000
       28095000	      2808	80001b48	016c0ab3	add	x21,x24,x22	 x24:0x890ab000 x22:0x782ed000 x21=0x01398000
       28105000	      2809	80001b4c	c5b25737	lui	x14,0xc5b25	 x14=0xc5b25000
       28115000	      2810	80001b50	9c92a093	slti	x1,x5,-1591	  x5:0x0e800000  x1=0x00000000
       28125000	      2811	80001b54	01ae1a93	slli	x21,x28,0x1a	 x28:0x00000139 x21=0xe4000000
       28135000	      2812	80001b58	30987013	andi	x0,x16,777	 x16:0xfffffabe
       28145000	      2813	80001b5c	4003d5b3	sra	x11,x7,x0	  x7:0xfffffec6  x0:0x00000000 x11=0xfffffec6
       28155000	      2814	80001b60	01cadc63	bge	x21,x28,80001b78	 x21:0xe4000000 x28:0x00000139
       28165000	      2815	80001b64	2ea01fb7	lui	x31,0x2ea01	 x31=0x2ea01000
       28175000	      2816	80001b68	40705413	srai	x8,x0,0x7	  x0:0x00000000  x8=0x00000000
       28185000	      2817	80001b6c	00ed6d33	or	x26,x26,x14	 x26:0x6826c000 x14:0xc5b25000 x26=0xedb6d000
       28195000	      2818	80001b70	405dd793	srai	x15,x27,0x5	 x27:0x87400000 x15=0xfc3a0000
       28205000	      2819	80001b74	dbfba993	slti	x19,x23,-577	 x23:0x00000000 x19=0x00000000
       28215000	      2820	80001b78	008ce333	or	x6,x25,x8	 x25:0x00000000  x8:0x00000000  x6=0x00000000
       28225000	      2821	80001b7c	5e43bb93	sltiu	x23,x7,1508	  x7:0xfffffec6 x23=0x00000000
       28235000	      2822	80001b80	001d0533	add	x10,x26,x1	 x26:0xedb6d000  x1:0x00000000 x10=0xedb6d000
       28245000	      2823	80001b84	024b1663	bne	x22,x4,80001bb0	 x22:0x782ed000  x4:0x00000001
       28255000	      2824	00000000	00000013	addi	x0,x0,0	  x0:0x00000000
       28265000	      2825	80001bac	00000013	addi	x0,x0,0	  x0:0x00000000
       28275000	      2826	80001bb0	ee6c5e37	lui	x28,0xee6c5	 x28=0xee6c5000
       28285000	      2827	80001bb4	848bc7b7	lui	x15,0x848bc	 x15=0x848bc000
       28295000	      2828	80001bb8	419fdb33	sra	x22,x31,x25	 x31:0x2ea01000 x25:0x00000000 x22=0x2ea01000
       28305000	      2829	80001bbc	0012bfb3	sltu	x31,x5,x1	  x5:0x0e800000  x1:0x00000000 x31=0x00000000
       28315000	      2830	80001bc0	0195f533	and	x10,x11,x25	 x11:0xfffffec6 x25:0x00000000 x10=0x00000000
       28325000	      2831	80001bc4	01d8c3b3	xor	x7,x17,x29	 x17:0x00000000 x29:0xfffffbf7  x7=0xfffffbf7
       28335000	      2832	80001bc8	01e2a433	slt	x8,x5,x30	  x5:0x0e800000 x30:0x80009fc4  x8=0x00000000
       28345000	      2833	80001bcc	027d0863	beq	x26,x7,80001bfc	 x26:0xedb6d000  x7:0xfffffbf7
       28355000	      2834	80001bd0	19b5ec13	ori	x24,x11,411	 x11:0xfffffec6 x24=0xffffffdf
       28365000	      2835	80001bd4	91b9ca13	xori	x20,x19,-1765	 x19:0x00000000 x20=0xfffff91b
       28375000	      2836	80001bd8	001460b3	or	x1,x8,x1	  x8:0x00000000  x1:0x00000000  x1=0x00000000
       28385000	      2837	80001bdc	0143b8b3	sltu	x17,x7,x20	  x7:0xfffffbf7 x20:0xfffff91b x17=0x00000000
       28395000	      2838	80001be0	026f8063	beq	x31,x6,80001c00	 x31:0x00000000  x6:0x00000000
       28405000	      2839	00000000	00000013	addi	x0,x0,0	  x0:0x00000000
       28415000	      2840	80001bfc	00000013	addi	x0,x0,0	  x0:0x00000000
       28425000	      2841	80001c00	04151463	bne	x10,x1,80001c48	 x10:0x00000000  x1:0x00000000
       28435000	      2842	80001c04	01129bb3	sll	x23,x5,x17	  x5:0x0e800000 x17:0x00000000 x23=0x0e800000
       28445000	      2843	80001c08	008a33b3	sltu	x7,x20,x8	 x20:0xfffff91b  x8:0x00000000  x7=0x00000000
       28455000	      2844	80001c0c	03c5f263	bgeu	x11,x28,80001c30	 x11:0xfffffec6 x28:0xee6c5000
       28465000	      2845	00000000	00000013	addi	x0,x0,0	  x0:0x00000000
       28475000	      2846	80001c2c	00000013	addi	x0,x0,0	  x0:0x00000000
       28485000	      2847	80001c30	6c384193	xori	x3,x16,1731	 x16:0xfffffabe  x3=0xfffffc7d
       28495000	      2848	80001c34	0023d7b3	srl	x15,x7,x2	  x7:0x00000000  x2:0x40000000 x15=0x00000000
       28505000	      2849	80001c38	01f96e33	or	x28,x18,x31	 x18:0xfffffbda x31:0x00000000 x28=0xfffffbda
       28515000	      2850	80001c3c	41f08133	sub	x2,x1,x31	  x1:0x00000000 x31:0x00000000  x2=0x00000000
       28525000	      2851	80001c40	4068d8b3	sra	x17,x17,x6	 x17:0x00000000  x6:0x00000000 x17=0x00000000
       28535000	      2852	80001c44	014b1a63	bne	x22,x20,80001c58	 x22:0x2ea01000 x20:0xfffff91b
       28545000	      2853	00000000	00000013	addi	x0,x0,0	  x0:0x00000000
       28555000	      2854	80001c54	00000013	addi	x0,x0,0	  x0:0x00000000
       28565000	      2855	80001c58	409a0433	sub	x8,x20,x9	 x20:0xfffff91b  x9:0x00000000  x8=0xfffff91b
       28575000	      2856	80001c5c	004bac33	slt	x24,x23,x4	 x23:0x0e800000  x4:0x00000001 x24=0x00000000
       28585000	      2857	80001c60	00000013	addi	x0,x0,0	  x0:0x00000000
       28595000	      2858	80001c64	01fc8c63	beq	x25,x31,80001c7c	 x25:0x00000000 x31:0x00000000
       28605000	      2859	00000000	00000013	addi	x0,x0,0	  x0:0x00000000
       28615000	      2860	80001c78	00000013	addi	x0,x0,0	  x0:0x00000000
       28625000	      2861	80001c7c	9af4a913	slti	x18,x9,-1617	  x9:0x00000000 x18=0x00000000
       28635000	      2862	80001c80	00f91533	sll	x10,x18,x15	 x18:0x00000000 x15:0x00000000 x10=0x00000000
       28645000	      2863	80001c84	6b7a4b93	xori	x23,x20,1719	 x20:0xfffff91b x23=0xffffffac
       28655000	      2864	80001c88	21d6ae13	slti	x28,x13,541	 x13:0x6cb6e000 x28=0x00000000
       28665000	      2865	80001c8c	00435093	srli	x1,x6,0x4	  x6:0x00000000  x1=0x00000000
       28675000	      2866	80001c90	03bfd463	bge	x31,x27,80001cb8	 x31:0x00000000 x27:0x87400000
       28685000	      2867	00000000	00000013	addi	x0,x0,0	  x0:0x00000000
       28695000	      2868	80001cb4	00000013	addi	x0,x0,0	  x0:0x00000000
       28705000	      2869	80001cb8	00f55a63	bge	x10,x15,80001ccc	 x10:0x00000000 x15:0x00000000
       28715000	      2870	00000000	00000013	addi	x0,x0,0	  x0:0x00000000
       28725000	      2871	80001cc8	00000013	addi	x0,x0,0	  x0:0x00000000
       28735000	      2872	80001ccc	01831393	slli	x7,x6,0x18	  x6:0x00000000  x7=0x00000000
       28745000	      2873	80001cd0	00eb42b3	xor	x5,x22,x14	 x22:0x2ea01000 x14:0xc5b25000  x5=0xeb124000
       28755000	      2874	80001cd4	dd8ec493	xori	x9,x29,-552	 x29:0xfffffbf7  x9=0x0000062f
       28765000	      2875	80001cd8	89a3e093	ori	x1,x7,-1894	  x7:0x00000000  x1=0xfffff89a
       28775000	      2876	80001cdc	a2cb4a13	xori	x20,x22,-1492	 x22:0x2ea01000 x20=0xd15fea2c
       28785000	      2877	80001ce0	0020fe63	bgeu	x1,x2,80001cfc	  x1:0xfffff89a  x2:0x00000000
       28795000	      2878	00000000	00000013	addi	x0,x0,0	  x0:0x00000000
       28805000	      2879	80001cf8	00000013	addi	x0,x0,0	  x0:0x00000000
       28815000	      2880	80001cfc	016b0933	add	x18,x22,x22	 x22:0x2ea01000 x22:0x2ea01000 x18=0x5d402000
       28825000	      2881	80001d00	01a5e7b3	or	x15,x11,x26	 x11:0xfffffec6 x26:0xedb6d000 x15=0xfffffec6
       28835000	      2882	80001d04	021e5263	bge	x28,x1,80001d28	 x28:0x00000000  x1:0xfffff89a
       28845000	      2883	00000000	00000013	addi	x0,x0,0	  x0:0x00000000
       28855000	      2884	80001d24	00000013	addi	x0,x0,0	  x0:0x00000000
       28865000	      2885	80001d28	b3004c13	xori	x24,x0,-1232	  x0:0x00000000 x24=0xfffffb30
       28875000	      2886	80001d2c	33d838b7	lui	x17,0x33d83	 x17=0x33d83000
       28885000	      2887	80001d30	41cb8bb3	sub	x23,x23,x28	 x23:0xffffffac x28:0x00000000 x23=0xffffffac
       28895000	      2888	80001d34	008882b3	add	x5,x17,x8	 x17:0x33d83000  x8:0xfffff91b  x5=0x33d8291b
       28905000	      2889	80001d38	84567993	andi	x19,x12,-1979	 x12:0x80009f78 x19=0x80009840
       28915000	      2890	80001d3c	00f304b3	add	x9,x6,x15	  x6:0x00000000 x15:0xfffffec6  x9=0xfffffec6
       28925000	      2891	80001d40	34e89d17	auipc	x26,0x34e89	 x26=0xb4e8ad3c
       28935000	      2892	80001d44	bf44e593	ori	x11,x9,-1036	  x9:0xfffffec6 x11=0xfffffff6
       28945000	      2893	80001d48	5dc9c997	auipc	x19,0x5dc9c	 x19=0xddc9dd44
       28955000	      2894	80001d4c	40d00933	sub	x18,x0,x13	  x0:0x00000000 x13:0x6cb6e000 x18=0x93492000
       28965000	      2895	80001d50	0172de63	bge	x5,x23,80001d6c	  x5:0x33d8291b x23:0xffffffac
       28975000	      2896	00000000	00000013	addi	x0,x0,0	  x0:0x00000000
       28985000	      2897	80001d68	00000013	addi	x0,x0,0	  x0:0x00000000
       28995000	      2898	80001d6c	00fb9e63	bne	x23,x15,80001d88	 x23:0xffffffac x15:0xfffffec6
       29005000	      2899	00000000	00000013	addi	x0,x0,0	  x0:0x00000000
       29015000	      2900	80001d84	00000013	addi	x0,x0,0	  x0:0x00000000
       29025000	      2901	80001d88	403ad333	sra	x6,x21,x3	 x21:0xe4000000  x3:0xfffffc7d  x6=0xffffffff
       29035000	      2902	80001d8c	40925ab3	sra	x21,x4,x9	  x4:0x00000001  x9:0xfffffec6 x21=0x00000000
       29045000	      2903	80001d90	01ea6c63	bltu	x20,x30,80001da8	 x20:0xd15fea2c x30:0x80009fc4
       29055000	      2904	80001d94	017360b3	or	x1,x6,x23	  x6:0xffffffff x23:0xffffffac  x1=0xffffffff
       29065000	      2905	80001d98	3806bc13	sltiu	x24,x13,896	 x13:0x6cb6e000 x24=0x00000000
       29075000	      2906	80001d9c	f805af97	auipc	x31,0xf805a	 x31=0x7805bd98
       29085000	      2907	80001da0	01b88c63	beq	x17,x27,80001db8	 x17:0x33d83000 x27:0x87400000
       29095000	      2908	80001da4	5e75f3b7	lui	x7,0x5e75f	  x7=0x5e75f000
       29105000	      2909	80001da8	01d77933	and	x18,x14,x29	 x14:0xc5b25000 x29:0xfffffbf7 x18=0xc5b25000
       29115000	      2910	80001dac	0400d663	bge	x1,x0,80001df8	  x1:0xffffffff  x0:0x00000000
       29125000	      2911	80001db0	01bf18b3	sll	x17,x30,x27	 x30:0x80009fc4 x27:0x87400000 x17=0x80009fc4
       29135000	      2912	80001db4	01198863	beq	x19,x17,80001dc4	 x19:0xddc9dd44 x17:0x80009fc4
       29145000	      2913	80001db8	03249663	bne	x9,x18,80001de4	  x9:0xfffffec6 x18:0xc5b25000
       29155000	      2914	00000000	00000013	addi	x0,x0,0	  x0:0x00000000
       29165000	      2915	80001de0	00000013	addi	x0,x0,0	  x0:0x00000000
       29175000	      2916	80001de4	0175db33	srl	x22,x11,x23	 x11:0xfffffff6 x23:0xffffffac x22=0x000fffff
       29185000	      2917	80001de8	02b45063	bge	x8,x11,80001e08	  x8:0xfffff91b x11:0xfffffff6
       29195000	      2918	80001dec	01cfd313	srli	x6,x31,0x1c	 x31:0x7805bd98  x6=0x00000007
       29205000	      2919	80001df0	024efc63	bgeu	x29,x4,80001e28	 x29:0xfffffbf7  x4:0x00000001
       29215000	      2920	00000000	00000013	addi	x0,x0,0	  x0:0x00000000
       29225000	      2921	80001e24	00000013	addi	x0,x0,0	  x0:0x00000000
       29235000	      2922	80001e28	01d75793	srli	x15,x14,0x1d	 x14:0xc5b25000 x15=0x00000006
       29245000	      2923	80001e2c	04c5f463	bgeu	x11,x12,80001e74	 x11:0xfffffff6 x12:0x80009f78
       29255000	      2924	00000000	00000013	addi	x0,x0,0	  x0:0x00000000
       29265000	      2925	80001e70	00000013	addi	x0,x0,0	  x0:0x00000000
       29275000	      2926	80001e74	008f7a63	bgeu	x30,x8,80001e88	 x30:0x80009fc4  x8:0xfffff91b
       29285000	      2927	80001e78	04a0d663	bge	x1,x10,80001ec4	  x1:0xffffffff x10:0x00000000
       29295000	      2928	80001e7c	00000013	addi	x0,x0,0	  x0:0x00000000
       29305000	      2929	80001e80	124b1597	auipc	x11,0x124b1	 x11=0x924b2e7c
       29315000	      2930	80001e84	025f6a63	bltu	x30,x5,80001eb8	 x30:0x80009fc4  x5:0x33d8291b
       29325000	      2931	80001e88	0019c733	xor	x14,x19,x1	 x19:0xddc9dd44  x1:0xffffffff x14=0x223622bb
       29335000	      2932	80001e8c	00b4fa63	bgeu	x9,x11,80001ea0	  x9:0xfffffec6 x11:0x924b2e7c
       29345000	      2933	00000000	00000013	addi	x0,x0,0	  x0:0x00000000
       29355000	      2934	80001e9c	00000013	addi	x0,x0,0	  x0:0x00000000
       29365000	      2935	80001ea0	04b04263	blt	x0,x11,80001ee4	  x0:0x00000000 x11:0x924b2e7c
       29375000	      2936	80001ea4	019547b3	xor	x15,x10,x25	 x10:0x00000000 x25:0x00000000 x15=0x00000000
       29385000	      2937	80001ea8	00b740b3	xor	x1,x14,x11	 x14:0x223622bb x11:0x924b2e7c  x1=0xb07d0cc7
       29395000	      2938	80001eac	eaeb2293	slti	x5,x22,-338	 x22:0x000fffff  x5=0x00000000
       29405000	      2939	80001eb0	f3923a13	sltiu	x20,x4,-199	  x4:0x00000001 x20=0x00000001
       29415000	      2940	80001eb4	02eb7463	bgeu	x22,x14,80001edc	 x22:0x000fffff x14:0x223622bb
       29425000	      2941	80001eb8	014b9ab3	sll	x21,x23,x20	 x23:0xffffffac x20:0x00000001 x21=0xffffff58
       29435000	      2942	80001ebc	40ecdbb3	sra	x23,x25,x14	 x25:0x00000000 x14:0x223622bb x23=0x00000000
       29445000	      2943	80001ec0	00261b33	sll	x22,x12,x2	 x12:0x80009f78  x2:0x00000000 x22=0x80009f78
       29455000	      2944	80001ec4	b8053313	sltiu	x6,x10,-1152	 x10:0x00000000  x6=0x00000001
       29465000	      2945	80001ec8	40e05a33	sra	x20,x0,x14	  x0:0x00000000 x14:0x223622bb x20=0x00000000
       29475000	      2946	80001ecc	01855d33	srl	x26,x10,x24	 x10:0x00000000 x24:0x00000000 x26=0x00000000
       29485000	      2947	80001ed0	4028d193	srai	x3,x17,0x2	 x17:0x80009fc4  x3=0xe00027f1
       29495000	      2948	80001ed4	5cc27e93	andi	x29,x4,1484	  x4:0x00000001 x29=0x00000000
       29505000	      2949	80001ed8	04b85663	bge	x16,x11,80001f24	 x16:0xfffffabe x11:0x924b2e7c
       29515000	      2950	00000000	00000013	addi	x0,x0,0	  x0:0x00000000
       29525000	      2951	80001f20	00000013	addi	x0,x0,0	  x0:0x00000000
       29535000	      2952	80001f24	01e21663	bne	x4,x30,80001f30	  x4:0x00000001 x30:0x80009fc4
       29545000	      2953	00000000	00000013	addi	x0,x0,0	  x0:0x00000000
       29555000	      2954	80001f2c	00000013	addi	x0,x0,0	  x0:0x00000000
       29565000	      2955	80001f30	00000013	addi	x0,x0,0	  x0:0x00000000
       29575000	      2956	80001f34	0d872813	slti	x16,x14,216	 x14:0x223622bb x16=0x00000000
       29585000	      2957	80001f38	410288b3	sub	x17,x5,x16	  x5:0x00000000 x16:0x00000000 x17=0x00000000
       29595000	      2958	80001f3c	a9b98c93	addi	x25,x19,-1381	 x19:0xddc9dd44 x25=0xddc9d7df
       29605000	      2959	80001f40	44870e13	addi	x28,x14,1096	 x14:0x223622bb x28=0x22362703
       29615000	      2960	80001f44	018a88b3	add	x17,x21,x24	 x21:0xffffff58 x24:0x00000000 x17=0xffffff58
       29625000	      2961	80001f48	cb878e13	addi	x28,x15,-840	 x15:0x00000000 x28=0xfffffcb8
       29635000	      2962	80001f4c	04a7e263	bltu	x15,x10,80001f90	 x15:0x00000000 x10:0x00000000
       29645000	      2963	80001f50	4c72e113	ori	x2,x5,1223	  x5:0x00000000  x2=0x000004c7
       29655000	      2964	80001f54	ffacf293	andi	x5,x25,-6	 x25:0xddc9d7df  x5=0xddc9d7da
       29665000	      2965	80001f58	2ef30c13	addi	x24,x6,751	  x6:0x00000001 x24=0x000002f0
       29675000	      2966	80001f5c	00667c33	and	x24,x12,x6	 x12:0x80009f78  x6:0x00000001 x24=0x00000000
       29685000	      2967	80001f60	ea6a6893	ori	x17,x20,-346	 x20:0x00000000 x17=0xfffffea6
       29695000	      2968	80001f64	e6d27493	andi	x9,x4,-403	  x4:0x00000001  x9=0x00000001
       29705000	      2969	80001f68	03aa0e63	beq	x20,x26,80001fa4	 x20:0x00000000 x26:0x00000000
       29715000	      2970	00000000	00000013	addi	x0,x0,0	  x0:0x00000000
       29725000	      2971	80001fa0	00000013	addi	x0,x0,0	  x0:0x00000000
       29735000	      2972	80001fa4	b9d9a693	slti	x13,x19,-1123	 x19:0xddc9dd44 x13=0x00000001
       29745000	      2973	80001fa8	01950863	beq	x10,x25,80001fb8	 x10:0x00000000 x25:0xddc9d7df
       29755000	      2974	80001fac	6be40c37	lui	x24,0x6be40	 x24=0x6be40000
       29765000	      2975	80001fb0	6f8ea713	slti	x14,x29,1784	 x29:0x00000000 x14=0x00000001
       29775000	      2976	80001fb4	b8d54993	xori	x19,x10,-1139	 x10:0x00000000 x19=0xfffffb8d
       29785000	      2977	80001fb8	017dc533	xor	x10,x27,x23	 x27:0x87400000 x23:0x00000000 x10=0x87400000
       29795000	      2978	80001fbc	40e2dd33	sra	x26,x5,x14	  x5:0xddc9d7da x14:0x00000001 x26=0xeee4ebed
       29805000	      2979	80001fc0	017049b3	xor	x19,x0,x23	  x0:0x00000000 x23:0x00000000 x19=0x00000000
       29815000	      2980	80001fc4	403c0a33	sub	x20,x24,x3	 x24:0x6be40000  x3:0xe00027f1 x20=0x8be3d80f
       29825000	      2981	80001fc8	98fb3f93	sltiu	x31,x22,-1649	 x22:0x80009f78 x31=0x00000001
       29835000	      2982	80001fcc	019f5a33	srl	x20,x30,x25	 x30:0x80009fc4 x25:0xddc9d7df x20=0x00000001
       29845000	      2983	80001fd0	0080096f	jal	x18,80001fd0	 x18=0x80001fd0
       29855000	      2984	00000000	00000013	addi	x0,x0,0	  x0:0x00000000
       29865000	      2985	80001fd4	00000013	addi	x0,x0,0	  x0:0x00000000
       29875000	      2986	80001fd8	03400c6f	jal	x24,80001fd8	 x24=0x80001fd8
       29885000	      2987	00000000	00000013	addi	x0,x0,0	  x0:0x00000000
       29895000	      2988	80002008	00000013	addi	x0,x0,0	  x0:0x00000000
       29905000	      2989	8000200c	fe9ff0ef	jal	x1,8000200c	  x1=0x8000200c
       29915000	      2990	00000000	00000013	addi	x0,x0,0	  x0:0x00000000
       29925000	      2991	80001ff0	00000013	addi	x0,x0,0	  x0:0x00000000
       29935000	      2992	80001ff4	ff1ff36f	jal	x6,80001ff4	  x6=0x80001ff4
       29945000	      2993	00000000	00000013	addi	x0,x0,0	  x0:0x00000000
       29955000	      2994	80001fe0	00000013	addi	x0,x0,0	  x0:0x00000000
       29965000	      2995	80001fe4	0040096f	jal	x18,80001fe4	 x18=0x80001fe4
       29975000	      2996	00000000	00000013	addi	x0,x0,0	  x0:0x00000000
       29985000	      2997	80001fe4	00000013	addi	x0,x0,0	  x0:0x00000000
       29995000	      2998	80001fe8	0140016f	jal	x2,80001fe8	  x2=0x80001fe8
       30005000	      2999	00000000	00000013	addi	x0,x0,0	  x0:0x00000000
       30015000	      3000	80001ff8	00000013	addi	x0,x0,0	  x0:0x00000000
       30025000	      3001	80001ffc	fe1ff8ef	jal	x17,80001ffc	 x17=0x80001ffc
       30035000	      3002	00000000	00000013	addi	x0,x0,0	  x0:0x00000000
       30045000	      3003	80001fd8	00000013	addi	x0,x0,0	  x0:0x00000000
       30055000	      3004	80001fdc	02c000ef	jal	x1,80001fdc	  x1=0x80001fdc
       30065000	      3005	00000000	00000013	addi	x0,x0,0	  x0:0x00000000
       30075000	      3006	80002004	00000013	addi	x0,x0,0	  x0:0x00000000
       30085000	      3007	80002008	ff1ff0ef	jal	x1,80002008	  x1=0x80002008
       30095000	      3008	00000000	00000013	addi	x0,x0,0	  x0:0x00000000
       30105000	      3009	80001ff4	00000013	addi	x0,x0,0	  x0:0x00000000
       30115000	      3010	80001ff8	ff5ff0ef	jal	x1,80001ff8	  x1=0x80001ff8
       30125000	      3011	00000000	00000013	addi	x0,x0,0	  x0:0x00000000
       30135000	      3012	80001fe8	00000013	addi	x0,x0,0	  x0:0x00000000
       30145000	      3013	80001fec	0040036f	jal	x6,80001fec	  x6=0x80001fec
       30155000	      3014	00000000	00000013	addi	x0,x0,0	  x0:0x00000000
       30165000	      3015	80001fec	00000013	addi	x0,x0,0	  x0:0x00000000
       30175000	      3016	80001ff0	014009ef	jal	x19,80001ff0	 x19=0x80001ff0
       30185000	      3017	00000000	00000013	addi	x0,x0,0	  x0:0x00000000
       30195000	      3018	80002000	00000013	addi	x0,x0,0	  x0:0x00000000
       30205000	      3019	80002004	fd1ff7ef	jal	x15,80002004	 x15=0x80002004
       30215000	      3020	00000000	00000013	addi	x0,x0,0	  x0:0x00000000
       30225000	      3021	80001fd0	00000013	addi	x0,x0,0	  x0:0x00000000
       30235000	      3022	80001fd4	02c000ef	jal	x1,80001fd4	  x1=0x80001fd4
       30245000	      3023	00000000	00000013	addi	x0,x0,0	  x0:0x00000000
       30255000	      3024	80001ffc	00000013	addi	x0,x0,0	  x0:0x00000000
       30265000	      3025	80002000	fe1ff0ef	jal	x1,80002000	  x1=0x80002000
       30275000	      3026	00000000	00000013	addi	x0,x0,0	  x0:0x00000000
       30285000	      3027	80001fdc	00000013	addi	x0,x0,0	  x0:0x00000000
       30295000	      3028	80001fe0	030000ef	jal	x1,80001fe0	  x1=0x80001fe0
       30305000	      3029	00000000	00000013	addi	x0,x0,0	  x0:0x00000000
       30315000	      3030	8000200c	00000013	addi	x0,x0,0	  x0:0x00000000
       30325000	      3031	80002010	01cce133	or	x2,x25,x28	 x25:0xddc9d7df x28:0xfffffcb8  x2=0xffffffff
       30335000	      3032	80002014	40540733	sub	x14,x8,x5	  x8:0xfffff91b  x5:0xddc9d7da x14=0x22362141
       30345000	      3033	80002018	03076063	bltu	x14,x16,80002038	 x14:0x22362141 x16:0x00000000
       30355000	      3034	8000201c	63c82d97	auipc	x27,0x63c82	 x27=0xe3c84018
       30365000	      3035	80002020	16dd0c13	addi	x24,x26,365	 x26:0xeee4ebed x24=0xeee4ed5a
       30375000	      3036	80002024	8fa4ea97	auipc	x21,0x8fa4e	 x21=0x0fa50020
       30385000	      3037	80002028	0aa9c593	xori	x11,x19,170	 x19:0x80001ff0 x11=0x80001f5a
       30395000	      3038	8000202c	005403b3	add	x7,x8,x5	  x8:0xfffff91b  x5:0xddc9d7da  x7=0xddc9d0f5
       30405000	      3039	80002030	00f11db3	sll	x27,x2,x15	  x2:0xffffffff x15:0x80002004 x27=0xfffffff0
       30415000	      3040	80002034	003158b3	srl	x17,x2,x3	  x2:0xffffffff  x3:0xe00027f1 x17=0x00007fff
       30425000	      3041	80002038	01f0ce63	blt	x1,x31,80002054	  x1:0x80001fe0 x31:0x00000001
       30435000	      3042	00000000	00000013	addi	x0,x0,0	  x0:0x00000000
       30445000	      3043	80002050	00000013	addi	x0,x0,0	  x0:0x00000000
       30455000	      3044	80002054	41a05933	sra	x18,x0,x26	  x0:0x00000000 x26:0xeee4ebed x18=0x00000000
       30465000	      3045	80002058	04555463	bge	x10,x5,800020a0	 x10:0x87400000  x5:0xddc9d7da
       30475000	      3046	8000205c	40d4d6b3	sra	x13,x9,x13	  x9:0x00000001 x13:0x00000001 x13=0x00000000
       30485000	      3047	80002060	01634e33	xor	x28,x6,x22	  x6:0x80001fec x22:0x80009f78 x28=0x00008094
       30495000	      3048	80002064	00975c63	bge	x14,x9,8000207c	 x14:0x22362141  x9:0x00000001
       30505000	      3049	00000000	00000013	addi	x0,x0,0	  x0:0x00000000
       30515000	      3050	80002078	00000013	addi	x0,x0,0	  x0:0x00000000
       30525000	      3051	8000207c	00a137b3	sltu	x15,x2,x10	  x2:0xffffffff x10:0x87400000 x15=0x00000000
       30535000	      3052	80002080	409b5d93	srai	x27,x22,0x9	 x22:0x80009f78 x27=0xffc0004f
       30545000	      3053	80002084	418a5933	sra	x18,x20,x24	 x20:0x00000001 x24:0xeee4ed5a x18=0x00000000
       30555000	      3054	80002088	033ed463	bge	x29,x19,800020b0	 x29:0x00000000 x19:0x80001ff0
       30565000	      3055	00000000	00000013	addi	x0,x0,0	  x0:0x00000000
       30575000	      3056	800020ac	00000013	addi	x0,x0,0	  x0:0x00000000
       30585000	      3057	800020b0	8fff8793	addi	x15,x31,-1793	 x31:0x00000001 x15=0xfffff900
       30595000	      3058	800020b4	05078263	beq	x15,x16,800020f8	 x15:0xfffff900 x16:0x00000000
       30605000	      3059	800020b8	4a833997	auipc	x19,0x4a833	 x19=0xca8350b4
       30615000	      3060	800020bc	41e1dfb3	sra	x31,x3,x30	  x3:0xe00027f1 x30:0x80009fc4 x31=0xfe00027f
       30625000	      3061	800020c0	4145db13	srai	x22,x11,0x14	 x11:0x80001f5a x22=0xfffff800
       30635000	      3062	800020c4	41ad85b3	sub	x11,x27,x26	 x27:0xffc0004f x26:0xeee4ebed x11=0x10db1462
       30645000	      3063	800020c8	014b6863	bltu	x22,x20,800020d8	 x22:0xfffff800 x20:0x00000001
       30655000	      3064	800020cc	cd700d13	addi	x26,x0,-809	  x0:0x00000000 x26=0xfffffcd7
       30665000	      3065	800020d0	3f54cc93	xori	x25,x9,1013	  x9:0x00000001 x25=0x000003f4
       30675000	      3066	800020d4	01971f93	slli	x31,x14,0x19	 x14:0x22362141 x31=0x82000000
       30685000	      3067	800020d8	016a7c63	bgeu	x20,x22,800020f0	 x20:0x00000001 x22:0xfffff800
       30695000	      3068	800020dc	5a5fae17	auipc	x28,0x5a5fa	 x28=0xda5fc0d8
       30705000	      3069	800020e0	00b5dc63	bge	x11,x11,800020f8	 x11:0x10db1462 x11:0x10db1462
       30715000	      3070	00000000	00000013	addi	x0,x0,0	  x0:0x00000000
       30725000	      3071	800020f4	00000013	addi	x0,x0,0	  x0:0x00000000
       30735000	      3072	800020f8	00000013	addi	x0,x0,0	  x0:0x00000000
       30745000	      3073	800020fc	41f78eb3	sub	x29,x15,x31	 x15:0xfffff900 x31:0x82000000 x29=0x7dfff900
       30755000	      3074	80002100	412dd393	srai	x7,x27,0x12	 x27:0xffc0004f  x7=0xfffffff0
       30765000	      3075	80002104	40fd5113	srai	x2,x26,0xf	 x26:0xfffffcd7  x2=0xffffffff
       30775000	      3076	80002108	41ce5313	srai	x6,x28,0x1c	 x28:0xda5fc0d8  x6=0xfffffffd
       30785000	      3077	8000210c	0062acb3	slt	x25,x5,x6	  x5:0xddc9d7da  x6:0xfffffffd x25=0x00000001
       30795000	      3078	80002110	00d8fab3	and	x21,x17,x13	 x17:0x00007fff x13:0x00000000 x21=0x00000000
       30805000	      3079	80002114	00745a93	srli	x21,x8,0x7	  x8:0xfffff91b x21=0x01fffff2
       30815000	      3080	80002118	e3943093	sltiu	x1,x8,-455	  x8:0xfffff91b  x1=0x00000001
       30825000	      3081	8000211c	405fd033	sra	x0,x31,x5	 x31:0x82000000  x5:0xddc9d7da
       30835000	      3082	80002120	91076293	ori	x5,x14,-1776	 x14:0x22362141  x5=0xfffff951
       30845000	      3083	80002124	2ce24513	xori	x10,x4,718	  x4:0x00000001 x10=0x000002cf
       30855000	      3084	80002128	036b5663	bge	x22,x22,80002154	 x22:0xfffff800 x22:0xfffff800
       30865000	      3085	00000000	00000013	addi	x0,x0,0	  x0:0x00000000
       30875000	      3086	80002150	00000013	addi	x0,x0,0	  x0:0x00000000
       30885000	      3087	80002154	01fd3cb3	sltu	x25,x26,x31	 x26:0xfffffcd7 x31:0x82000000 x25=0x00000000
       30895000	      3088	80002158	017b5a13	srli	x20,x22,0x17	 x22:0xfffff800 x20=0x000001ff
       30905000	      3089	8000215c	0009e463	bltu	x19,x0,80002164	 x19:0xca8350b4  x0:0x00000000
       30915000	      3090	80002160	0165a3b3	slt	x7,x11,x22	 x11:0x10db1462 x22:0xfffff800  x7=0x00000000
       30925000	      3091	80002164	02822d13	slti	x26,x4,40	  x4:0x00000001 x26=0x00000001
       30935000	      3092	80002168	022af593	andi	x11,x21,34	 x21:0x01fffff2 x11=0x00000022
       30945000	      3093	8000216c	014b67b3	or	x15,x22,x20	 x22:0xfffff800 x20:0x000001ff x15=0xfffff9ff
       30955000	      3094	80002170	00a95e13	srli	x28,x18,0xa	 x18:0x00000000 x28=0x00000000
       30965000	      3095	80002174	0097c1b3	xor	x3,x15,x9	 x15:0xfffff9ff  x9:0x00000001  x3=0xfffff9fe
       30975000	      3096	80002178	ed6d6e93	ori	x29,x26,-298	 x26:0x00000001 x29=0xfffffed7
       30985000	      3097	8000217c	0081ab33	slt	x22,x3,x8	  x3:0xfffff9fe  x8:0xfffff91b x22=0x00000000
       30995000	      3098	80002180	03f8e463	bltu	x17,x31,800021a8	 x17:0x00007fff x31:0x82000000
       31005000	      3099	00000000	00000013	addi	x0,x0,0	  x0:0x00000000
       31015000	      3100	800021a4	00000013	addi	x0,x0,0	  x0:0x00000000
       31025000	      3101	800021a8	00000013	addi	x0,x0,0	  x0:0x00000000
       31035000	      3102	800021ac	0138c3b3	xor	x7,x17,x19	 x17:0x00007fff x19:0xca8350b4  x7=0xca832f4b
       31045000	      3103	800021b0	00465e63	bge	x12,x4,800021cc	 x12:0x80009f78  x4:0x00000001
       31055000	      3104	800021b4	0146d193	srli	x3,x13,0x14	 x13:0x00000000  x3=0x00000000
       31065000	      3105	800021b8	4c27a697	auipc	x13,0x4c27a	 x13=0xcc27c1b4
       31075000	      3106	800021bc	02900c63	beq	x0,x9,800021f4	  x0:0x00000000  x9:0x00000001
       31085000	      3107	800021c0	00841d33	sll	x26,x8,x8	  x8:0xfffff91b  x8:0xfffff91b x26=0xd8000000
       31095000	      3108	800021c4	98f7f593	andi	x11,x15,-1649	 x15:0xfffff9ff x11=0xfffff98f
       31105000	      3109	800021c8	01a05e63	bge	x0,x26,800021e4	  x0:0x00000000 x26:0xd8000000
       31115000	      3110	00000000	00000013	addi	x0,x0,0	  x0:0x00000000
       31125000	      3111	800021e0	00000013	addi	x0,x0,0	  x0:0x00000000
       31135000	      3112	800021e4	eea9b113	sltiu	x2,x19,-278	 x19:0xca8350b4  x2=0x00000001
       31145000	      3113	800021e8	00edfeb3	and	x29,x27,x14	 x27:0xffc0004f x14:0x22362141 x29=0x22000041
       31155000	      3114	800021ec	012b5393	srli	x7,x22,0x12	 x22:0x00000000  x7=0x00000000
       31165000	      3115	800021f0	011b8e63	beq	x23,x17,8000220c	 x23:0x00000000 x17:0x00007fff
       31175000	      3116	800021f4	401e01b3	sub	x3,x28,x1	 x28:0x00000000  x1:0x00000001  x3=0xffffffff
       31185000	      3117	800021f8	00c05b13	srli	x22,x0,0xc	  x0:0x00000000 x22=0x00000000
       31195000	      3118	800021fc	410c0eb3	sub	x29,x24,x16	 x24:0xeee4ed5a x16:0x00000000 x29=0xeee4ed5a
       31205000	      3119	80002200	02d74063	blt	x14,x13,80002220	 x14:0x22362141 x13:0xcc27c1b4
       31215000	      3120	80002204	006a11b3	sll	x3,x20,x6	 x20:0x000001ff  x6:0xfffffffd  x3=0xe0000000
       31225000	      3121	80002208	00000013	addi	x0,x0,0	  x0:0x00000000
       31235000	      3122	8000220c	029b6063	bltu	x22,x9,8000222c	 x22:0x00000000  x9:0x00000001
       31245000	      3123	00000000	00000013	addi	x0,x0,0	  x0:0x00000000
       31255000	      3124	80002228	00000013	addi	x0,x0,0	  x0:0x00000000
       31265000	      3125	8000222c	01431733	sll	x14,x6,x20	  x6:0xfffffffd x20:0x000001ff x14=0x80000000
       31275000	      3126	80002230	01f9ac33	slt	x24,x19,x31	 x19:0xca8350b4 x31:0x82000000 x24=0x00000000
       31285000	      3127	80002234	00000013	addi	x0,x0,0	  x0:0x00000000
       31295000	      3128	80002238	00b647b3	xor	x15,x12,x11	 x12:0x80009f78 x11:0xfffff98f x15=0x7fff66f7
       31305000	      3129	8000223c	00000013	addi	x0,x0,0	  x0:0x00000000
       31315000	      3130	80002240	037ae263	bltu	x21,x23,80002264	 x21:0x01fffff2 x23:0x00000000
       31325000	      3131	80002244	40d60b33	sub	x22,x12,x13	 x12:0x80009f78 x13:0xcc27c1b4 x22=0xb3d8ddc4
       31335000	      3132	80002248	c122a8b7	lui	x17,0xc122a	 x17=0xc122a000
       31345000	      3133	8000224c	bb9e3713	sltiu	x14,x28,-1095	 x28:0x00000000 x14=0x00000001
       31355000	      3134	80002250	16ca4013	xori	x0,x20,364	 x20:0x000001ff
       31365000	      3135	80002254	019c1663	bne	x24,x25,80002260	 x24:0x00000000 x25:0x00000000
       31375000	      3136	80002258	46736293	ori	x5,x6,1127	  x6:0xfffffffd  x5=0xffffffff
       31385000	      3137	8000225c	39a7fa13	andi	x20,x15,922	 x15:0x7fff66f7 x20=0x00000292
       31395000	      3138	80002260	416086b3	sub	x13,x1,x22	  x1:0x00000001 x22:0xb3d8ddc4 x13=0x4c27223d
       31405000	      3139	80002264	01861293	slli	x5,x12,0x18	 x12:0x80009f78  x5=0x78000000
       31415000	      3140	80002268	01801413	slli	x8,x0,0x18	  x0:0x00000000  x8=0x00000000
       31425000	      3141	8000226c	00a6dab3	srl	x21,x13,x10	 x13:0x4c27223d x10:0x000002cf x21=0x0000984e
       31435000	      3142	80002270	411d8b33	sub	x22,x27,x17	 x27:0xffc0004f x17:0xc122a000 x22=0x3e9d604f
       31445000	      3143	80002274	71bc6d13	ori	x26,x24,1819	 x24:0x00000000 x26=0x0000071b
       31455000	      3144	80002278	0255c063	blt	x11,x5,80002298	 x11:0xfffff98f  x5:0x78000000
       31465000	      3145	00000000	00000013	addi	x0,x0,0	  x0:0x00000000
       31475000	      3146	80002294	00000013	addi	x0,x0,0	  x0:0x00000000
       31485000	      3147	80002298	41c95993	srai	x19,x18,0x1c	 x18:0x00000000 x19=0x00000000
       31495000	      3148	8000229c	00d65b13	srli	x22,x12,0xd	 x12:0x80009f78 x22=0x00040004
       31505000	      3149	800022a0	4098d033	sra	x0,x17,x9	 x17:0xc122a000  x9:0x00000001
       31515000	      3150	800022a4	0043fab3	and	x21,x7,x4	  x7:0x00000000  x4:0x00000001 x21=0x00000000
       31525000	      3151	800022a8	005d5593	srli	x11,x26,0x5	 x26:0x0000071b x11=0x00000038
       31535000	      3152	800022ac	a4527693	andi	x13,x4,-1467	  x4:0x00000001 x13=0x00000001
       31545000	      3153	800022b0	a1c36113	ori	x2,x6,-1508	  x6:0xfffffffd  x2=0xfffffffd
       31555000	      3154	800022b4	00b362b3	or	x5,x6,x11	  x6:0xfffffffd x11:0x00000038  x5=0xfffffffd
       31565000	      3155	800022b8	0134fab3	and	x21,x9,x19	  x9:0x00000001 x19:0x00000000 x21=0x00000000
       31575000	      3156	800022bc	03680863	beq	x16,x22,800022ec	 x16:0x00000000 x22:0x00040004
       31585000	      3157	800022c0	90f1cc93	xori	x25,x3,-1777	  x3:0xe0000000 x25=0x1ffff90f
       31595000	      3158	800022c4	0223ee63	bltu	x7,x2,80002300	  x7:0x00000000  x2:0xfffffffd
       31605000	      3159	00000000	00000013	addi	x0,x0,0	  x0:0x00000000
       31615000	      3160	800022fc	00000013	addi	x0,x0,0	  x0:0x00000000
       31625000	      3161	80002300	a5c16493	ori	x9,x2,-1444	  x2:0xfffffffd  x9=0xfffffffd
       31635000	      3162	80002304	d3f6a093	slti	x1,x13,-705	 x13:0x00000001  x1=0x00000000
       31645000	      3163	80002308	a88dcc93	xori	x25,x27,-1400	 x27:0xffc0004f x25=0x003ffac7
       31655000	      3164	8000230c	b9317313	andi	x6,x2,-1133	  x2:0xfffffffd  x6=0xfffffb91
       31665000	      3165	80002310	41a0d793	srai	x15,x1,0x1a	  x1:0x00000000 x15=0x00000000
       31675000	      3166	80002314	0076bc33	sltu	x24,x13,x7	 x13:0x00000001  x7:0x00000000 x24=0x00000000
       31685000	      3167	80002318	b6a8e913	ori	x18,x17,-1174	 x17:0xc122a000 x18=0xfffffb6a
       31695000	      3168	8000231c	03d0c663	blt	x1,x29,80002348	  x1:0x00000000 x29:0xeee4ed5a
       31705000	      3169	80002320	a4aaa993	slti	x19,x21,-1462	 x21:0x00000000 x19=0x00000000
       31715000	      3170	80002324	37140093	addi	x1,x8,881	  x8:0x00000000  x1=0x00000371
       31725000	      3171	80002328	2da43513	sltiu	x10,x8,730	  x8:0x00000000 x10=0x00000001
       31735000	      3172	8000232c	00000013	addi	x0,x0,0	  x0:0x00000000
       31745000	      3173	80002330	0162e833	or	x16,x5,x22	  x5:0xfffffffd x22:0x00040004 x16=0xfffffffd
       31755000	      3174	80002334	5d9fe997	auipc	x19,0x5d9fe	 x19=0xdda00330
       31765000	      3175	80002338	4075d713	srai	x14,x11,0x7	 x11:0x00000038 x14=0x00000000
       31775000	      3176	8000233c	004142b3	xor	x5,x2,x4	  x2:0xfffffffd  x4:0x00000001  x5=0xfffffffc
       31785000	      3177	80002340	0111d5b3	srl	x11,x3,x17	  x3:0xe0000000 x17:0xc122a000 x11=0xe0000000
       31795000	      3178	80002344	009a9c63	bne	x21,x9,8000235c	 x21:0x00000000  x9:0xfffffffd
       31805000	      3179	00000000	00000013	addi	x0,x0,0	  x0:0x00000000
       31815000	      3180	80002358	00000013	addi	x0,x0,0	  x0:0x00000000
       31825000	      3181	8000235c	0016a333	slt	x6,x13,x1	 x13:0x00000001  x1:0x00000371  x6=0x00000001
       31835000	      3182	80002360	37fa7193	andi	x3,x20,895	 x20:0x00000292  x3=0x00000212
       31845000	      3183	80002364	0075fdb3	and	x27,x11,x7	 x11:0xe0000000  x7:0x00000000 x27=0x00000000
       31855000	      3184	80002368	03310063	beq	x2,x19,80002388	  x2:0xfffffffd x19:0xdda00330
       31865000	      3185	8000236c	c47d7317	auipc	x6,0xc47d7	  x6=0x447d9368
       31875000	      3186	80002370	005823b3	slt	x7,x16,x5	 x16:0xfffffffd  x5:0xfffffffc  x7=0x00000000
       31885000	      3187	80002374	95253793	sltiu	x15,x10,-1710	 x10:0x00000001 x15=0x00000001
       31895000	      3188	80002378	01cfce63	blt	x31,x28,80002394	 x31:0x82000000 x28:0x00000000
       31905000	      3189	00000000	00000013	addi	x0,x0,0	  x0:0x00000000
       31915000	      3190	80002390	00000013	addi	x0,x0,0	  x0:0x00000000
       31925000	      3191	80002394	01fef6b3	and	x13,x29,x31	 x29:0xeee4ed5a x31:0x82000000 x13=0x82000000
       31935000	      3192	80002398	ca977b93	andi	x23,x14,-855	 x14:0x00000000 x23=0x00000000
       31945000	      3193	8000239c	05214663	blt	x2,x18,800023e8	  x2:0xfffffffd x18:0xfffffb6a
       31955000	      3194	800023a0	017a22b3	slt	x5,x20,x23	 x20:0x00000292 x23:0x00000000  x5=0x00000000
       31965000	      3195	800023a4	00000013	addi	x0,x0,0	  x0:0x00000000
       31975000	      3196	800023a8	02880863	beq	x16,x8,800023d8	 x16:0xfffffffd  x8:0x00000000
       31985000	      3197	800023ac	02d7c263	blt	x15,x13,800023d0	 x15:0x00000001 x13:0x82000000
       31995000	      3198	800023b0	00888b33	add	x22,x17,x8	 x17:0xc122a000  x8:0x00000000 x22=0xc122a000
       32005000	      3199	800023b4	74002b13	slti	x22,x0,1856	  x0:0x00000000 x22=0x00000001
       32015000	      3200	800023b8	00f6bbb3	sltu	x23,x13,x15	 x13:0x82000000 x15:0x00000001 x23=0x00000000
       32025000	      3201	800023bc	02ce9c63	bne	x29,x12,800023f4	 x29:0xeee4ed5a x12:0x80009f78
       32035000	      3202	00000000	00000013	addi	x0,x0,0	  x0:0x00000000
       32045000	      3203	800023f0	00000013	addi	x0,x0,0	  x0:0x00000000
       32055000	      3204	800023f4	038bd063	bge	x23,x24,80002414	 x23:0x00000000 x24:0x00000000
       32065000	      3205	00000000	00000013	addi	x0,x0,0	  x0:0x00000000
       32075000	      3206	80002410	00000013	addi	x0,x0,0	  x0:0x00000000
       32085000	      3207	80002414	e2710913	addi	x18,x2,-473	  x2:0xfffffffd x18=0xfffffe24
       32095000	      3208	80002418	00000013	addi	x0,x0,0	  x0:0x00000000
       32105000	      3209	8000241c	014ea933	slt	x18,x29,x20	 x29:0xeee4ed5a x20:0x00000292 x18=0x00000001
       32115000	      3210	80002420	dbe23d17	auipc	x26,0xdbe23	 x26=0x5be2541c
       32125000	      3211	80002424	7370b393	sltiu	x7,x1,1847	  x1:0x00000371  x7=0x00000001
       32135000	      3212	80002428	7f8be313	ori	x6,x23,2040	 x23:0x00000000  x6=0x000007f8
       32145000	      3213	8000242c	02b81463	bne	x16,x11,80002454	 x16:0xfffffffd x11:0xe0000000
       32155000	      3214	00000000	00000013	addi	x0,x0,0	  x0:0x00000000
       32165000	      3215	80002450	00000013	addi	x0,x0,0	  x0:0x00000000
       32175000	      3216	80002454	40838a33	sub	x20,x7,x8	  x7:0x00000001  x8:0x00000000 x20=0x00000001
       32185000	      3217	80002458	062c11b7	lui	x3,0x62c1	  x3=0x062c1000
       32195000	      3218	8000245c	01c31e63	bne	x6,x28,80002478	  x6:0x000007f8 x28:0x00000000
       32205000	      3219	00000000	00000013	addi	x0,x0,0	  x0:0x00000000
       32215000	      3220	80002474	00000013	addi	x0,x0,0	  x0:0x00000000
       32225000	      3221	80002478	00000013	addi	x0,x0,0	  x0:0x00000000
       32235000	      3222	8000247c	f7527413	andi	x8,x4,-139	  x4:0x00000001  x8=0x00000001
       32245000	      3223	80002480	354b2713	slti	x14,x22,852	 x22:0x00000001 x14=0x00000001
       32255000	      3224	80002484	8e8b4d93	xori	x27,x22,-1816	 x22:0x00000001 x27=0xfffff8e9
       32265000	      3225	80002488	4195d033	sra	x0,x11,x25	 x11:0xe0000000 x25:0x003ffac7
       32275000	      3226	8000248c	02c70863	beq	x14,x12,800024bc	 x14:0x00000001 x12:0x80009f78
       32285000	      3227	80002490	40535b33	sra	x22,x6,x5	  x6:0x000007f8  x5:0x00000000 x22=0x000007f8
       32295000	      3228	80002494	0153a133	slt	x2,x7,x21	  x7:0x00000001 x21:0x00000000  x2=0x00000000
       32305000	      3229	80002498	61c7a393	slti	x7,x15,1564	 x15:0x00000001  x7=0x00000001
       32315000	      3230	8000249c	01269733	sll	x14,x13,x18	 x13:0x82000000 x18:0x00000001 x14=0x04000000
       32325000	      3231	800024a0	e4cf7413	andi	x8,x30,-436	 x30:0x80009fc4  x8=0x80009e44
       32335000	      3232	800024a4	3a398713	addi	x14,x19,931	 x19:0xdda00330 x14=0xdda006d3
       32345000	      3233	800024a8	a85f0d93	addi	x27,x30,-1403	 x30:0x80009fc4 x27=0x80009a49
       32355000	      3234	800024ac	01ec0e63	beq	x24,x30,800024c8	 x24:0x00000000 x30:0x80009fc4
       32365000	      3235	800024b0	03ea6063	bltu	x20,x30,800024d0	 x20:0x00000001 x30:0x80009fc4
       32375000	      3236	00000000	00000013	addi	x0,x0,0	  x0:0x00000000
       32385000	      3237	800024cc	00000013	addi	x0,x0,0	  x0:0x00000000
       32395000	      3238	800024d0	00e41b33	sll	x22,x8,x14	  x8:0x80009e44 x14:0xdda006d3 x22=0xf2200000
       32405000	      3239	800024d4	5825c913	xori	x18,x11,1410	 x11:0xe0000000 x18=0xe0000582
       32415000	      3240	800024d8	018eaeb3	slt	x29,x29,x24	 x29:0xeee4ed5a x24:0x00000000 x29=0x00000001
       32425000	      3241	800024dc	0800fc63	bgeu	x1,x0,80002574	  x1:0x00000371  x0:0x00000000
       32435000	      3242	00000000	00000013	addi	x0,x0,0	  x0:0x00000000
       32445000	      3243	80002570	00000013	addi	x0,x0,0	  x0:0x00000000
       32455000	      3244	80002574	01c07cb3	and	x25,x0,x28	  x0:0x00000000 x28:0x00000000 x25=0x00000000
       32465000	      3245	80002578	009834b3	sltu	x9,x16,x9	 x16:0xfffffffd  x9:0xfffffffd  x9=0x00000000
       32475000	      3246	8000257c	015667b3	or	x15,x12,x21	 x12:0x80009f78 x21:0x00000000 x15=0x80009f78
       32485000	      3247	80002580	02c57c63	bgeu	x10,x12,800025b8	 x10:0x00000001 x12:0x80009f78
       32495000	      3248	80002584	4bd53d17	auipc	x26,0x4bd53	 x26=0xcbd55580
       32505000	      3249	80002588	00bf2033	slt	x0,x30,x11	 x30:0x80009fc4 x11:0xe0000000
       32515000	      3250	8000258c	00fd95b3	sll	x11,x27,x15	 x27:0x80009a49 x15:0x80009f78 x11=0x49000000
       32525000	      3251	80002590	006ec2b3	xor	x5,x29,x6	 x29:0x00000001  x6:0x000007f8  x5=0x000007f9
       32535000	      3252	80002594	41ec5533	sra	x10,x24,x30	 x24:0x00000000 x30:0x80009fc4 x10=0x00000000
       32545000	      3253	80002598	001bdb33	srl	x22,x23,x1	 x23:0x00000000  x1:0x00000371 x22=0x00000000
       32555000	      3254	8000259c	011b2333	slt	x6,x22,x17	 x22:0x00000000 x17:0xc122a000  x6=0x00000000
       32565000	      3255	800025a0	024d8863	beq	x27,x4,800025d0	 x27:0x80009a49  x4:0x00000001
       32575000	      3256	800025a4	01559b33	sll	x22,x11,x21	 x11:0x49000000 x21:0x00000000 x22=0x49000000
       32585000	      3257	800025a8	02946663	bltu	x8,x9,800025d4	  x8:0x80009e44  x9:0x00000000
       32595000	      3258	800025ac	019d5a63	bge	x26,x25,800025c0	 x26:0xcbd55580 x25:0x00000000
       32605000	      3259	800025b0	003de133	or	x2,x27,x3	 x27:0x80009a49  x3:0x062c1000  x2=0x862c9a49
       32615000	      3260	800025b4	0115a833	slt	x16,x11,x17	 x11:0x49000000 x17:0xc122a000 x16=0x00000000
       32625000	      3261	800025b8	30a97417	auipc	x8,0x30a97	  x8=0xb0a995b4
       32635000	      3262	800025bc	00d74463	blt	x14,x13,800025c4	 x14:0xdda006d3 x13:0x82000000
       32645000	      3263	800025c0	002e33b3	sltu	x7,x28,x2	 x28:0x00000000  x2:0x862c9a49  x7=0x00000001
       32655000	      3264	800025c4	00835663	bge	x6,x8,800025d0	  x6:0x00000000  x8:0xb0a995b4
       32665000	      3265	00000000	00000013	addi	x0,x0,0	  x0:0x00000000
       32675000	      3266	800025cc	00000013	addi	x0,x0,0	  x0:0x00000000
       32685000	      3267	800025d0	00646a63	bltu	x8,x6,800025e4	  x8:0xb0a995b4  x6:0x00000000
       32695000	      3268	800025d4	499dd037	lui	x0,0x499dd	
       32705000	      3269	800025d8	a5085eb7	lui	x29,0xa5085	 x29=0xa5085000
       32715000	      3270	800025dc	00f04c33	xor	x24,x0,x15	  x0:0x00000000 x15:0x80009f78 x24=0x80009f78
       32725000	      3271	800025e0	006a3cb3	sltu	x25,x20,x6	 x20:0x00000001  x6:0x00000000 x25=0x00000000
       32735000	      3272	800025e4	01f2fe63	bgeu	x5,x31,80002600	  x5:0x000007f9 x31:0x82000000
       32745000	      3273	800025e8	01f69b33	sll	x22,x13,x31	 x13:0x82000000 x31:0x82000000 x22=0x82000000
       32755000	      3274	800025ec	00ae0833	add	x16,x28,x10	 x28:0x00000000 x10:0x00000000 x16=0x00000000
       32765000	      3275	800025f0	00d3d013	srli	x0,x7,0xd	  x7:0x00000001
       32775000	      3276	800025f4	05cbc263	blt	x23,x28,80002638	 x23:0x00000000 x28:0x00000000
       32785000	      3277	800025f8	01ff1c33	sll	x24,x30,x31	 x30:0x80009fc4 x31:0x82000000 x24=0x80009fc4
       32795000	      3278	800025fc	028f0e63	beq	x30,x8,80002638	 x30:0x80009fc4  x8:0xb0a995b4
       32805000	      3279	80002600	310fc913	xori	x18,x31,784	 x31:0x82000000 x18=0x82000310
       32815000	      3280	80002604	00890b33	add	x22,x18,x8	 x18:0x82000310  x8:0xb0a995b4 x22=0x32a998c4
       32825000	      3281	80002608	0150a833	slt	x16,x1,x21	  x1:0x00000371 x21:0x00000000 x16=0x00000000
       32835000	      3282	8000260c	00432fb3	slt	x31,x6,x4	  x6:0x00000000  x4:0x00000001 x31=0x00000001
       32845000	      3283	80002610	01f52933	slt	x18,x10,x31	 x10:0x00000000 x31:0x00000001 x18=0x00000001
       32855000	      3284	80002614	010931b3	sltu	x3,x18,x16	 x18:0x00000001 x16:0x00000000  x3=0x00000000
       32865000	      3285	80002618	01866c33	or	x24,x12,x24	 x12:0x80009f78 x24:0x80009fc4 x24=0x80009ffc
       32875000	      3286	8000261c	00a9f2b3	and	x5,x19,x10	 x19:0xdda00330 x10:0x00000000  x5=0x00000000
       32885000	      3287	80002620	0173ceb3	xor	x29,x7,x23	  x7:0x00000001 x23:0x00000000 x29=0x00000001
       32895000	      3288	80002624	41585833	sra	x16,x16,x21	 x16:0x00000000 x21:0x00000000 x16=0x00000000
       32905000	      3289	80002628	0046d493	srli	x9,x13,0x4	 x13:0x82000000  x9=0x08200000
       32915000	      3290	8000262c	4a3e4e37	lui	x28,0x4a3e4	 x28=0x4a3e4000
       32925000	      3291	80002630	41590133	sub	x2,x18,x21	 x18:0x00000001 x21:0x00000000  x2=0x00000001
       32935000	      3292	80002634	01293ab3	sltu	x21,x18,x18	 x18:0x00000001 x18:0x00000001 x21=0x00000000
       32945000	      3293	80002638	038e4063	blt	x28,x24,80002658	 x28:0x4a3e4000 x24:0x80009ffc
       32955000	      3294	8000263c	014542b3	xor	x5,x10,x20	 x10:0x00000000 x20:0x00000001  x5=0x00000001
       32965000	      3295	80002640	403d5293	srai	x5,x26,0x3	 x26:0xcbd55580  x5=0xf97aaab0
       32975000	      3296	80002644	1bf40993	addi	x19,x8,447	  x8:0xb0a995b4 x19=0xb0a99773
       32985000	      3297	80002648	41fadb13	srai	x22,x21,0x1f	 x21:0x00000000 x22=0x00000000
       32995000	      3298	8000264c	017f42b3	xor	x5,x30,x23	 x30:0x80009fc4 x23:0x00000000  x5=0x80009fc4
       33005000	      3299	80002650	041e6663	bltu	x28,x1,8000269c	 x28:0x4a3e4000  x1:0x00000371
       33015000	      3300	80002654	cb40c093	xori	x1,x1,-844	  x1:0x00000371  x1=0xffffffc5
       33025000	      3301	80002658	e07cee97	auipc	x29,0xe07ce	 x29=0x607d0654
       33035000	      3302	8000265c	00000013	addi	x0,x0,0	  x0:0x00000000
       33045000	      3303	80002660	40b3d813	srai	x16,x7,0xb	  x7:0x00000001 x16=0x00000000
       33055000	      3304	80002664	00475813	srli	x16,x14,0x4	 x14:0xdda006d3 x16=0x0dda006d
       33065000	      3305	80002668	47e67793	andi	x15,x12,1150	 x12:0x80009f78 x15=0x00000478
       33075000	      3306	8000266c	03555263	bge	x10,x21,80002690	 x10:0x00000000 x21:0x00000000
       33085000	      3307	00000000	00000013	addi	x0,x0,0	  x0:0x00000000
       33095000	      3308	8000268c	00000013	addi	x0,x0,0	  x0:0x00000000
       33105000	      3309	80002690	005e1c93	slli	x25,x28,0x5	 x28:0x4a3e4000 x25=0x47c80000
       33115000	      3310	80002694	0115f7b3	and	x15,x11,x17	 x11:0x49000000 x17:0xc122a000 x15=0x41000000
       33125000	      3311	80002698	01748c63	beq	x9,x23,800026b0	  x9:0x08200000 x23:0x00000000
       33135000	      3312	8000269c	036a9463	bne	x21,x22,800026c4	 x21:0x00000000 x22:0x00000000
       33145000	      3313	800026a0	0192deb3	srl	x29,x5,x25	  x5:0x80009fc4 x25:0x47c80000 x29=0x80009fc4
       33155000	      3314	800026a4	00000013	addi	x0,x0,0	  x0:0x00000000
       33165000	      3315	800026a8	03621063	bne	x4,x22,800026c8	  x4:0x00000001 x22:0x00000000
       33175000	      3316	00000000	00000013	addi	x0,x0,0	  x0:0x00000000
       33185000	      3317	800026c4	00000013	addi	x0,x0,0	  x0:0x00000000
       33195000	      3318	800026c8	0036beb3	sltu	x29,x13,x3	 x13:0x82000000  x3:0x00000000 x29=0x00000000
       33205000	      3319	800026cc	a9dbcb93	xori	x23,x23,-1379	 x23:0x00000000 x23=0xfffffa9d
       33215000	      3320	800026d0	00d7dfb3	srl	x31,x15,x13	 x15:0x41000000 x13:0x82000000 x31=0x41000000
       33225000	      3321	800026d4	496fb193	sltiu	x3,x31,1174	 x31:0x41000000  x3=0x00000000
       33235000	      3322	800026d8	01a28333	add	x6,x5,x26	  x5:0x80009fc4 x26:0xcbd55580  x6=0x4bd5f544
       33245000	      3323	800026dc	02319a63	bne	x3,x3,80002710	  x3:0x00000000  x3:0x00000000
       33255000	      3324	800026e0	6dcdf797	auipc	x15,0x6dcdf	 x15=0xedce16dc
       33265000	      3325	800026e4	416adc33	sra	x24,x21,x22	 x21:0x00000000 x22:0x00000000 x24=0x00000000
       33275000	      3326	800026e8	03d7c063	blt	x15,x29,80002708	 x15:0xedce16dc x29:0x00000000
       33285000	      3327	00000000	00000013	addi	x0,x0,0	  x0:0x00000000
       33295000	      3328	80002704	00000013	addi	x0,x0,0	  x0:0x00000000
       33305000	      3329	80002708	2065a393	slti	x7,x11,518	 x11:0x49000000  x7=0x00000000
       33315000	      3330	8000270c	00109593	slli	x11,x1,0x1	  x1:0xffffffc5 x11=0xffffff8a
       33325000	      3331	80002710	d4fb0b93	addi	x23,x22,-689	 x22:0x00000000 x23=0xfffffd4f
       33335000	      3332	80002714	01673533	sltu	x10,x14,x22	 x14:0xdda006d3 x22:0x00000000 x10=0x00000000
       33345000	      3333	80002718	00f0de93	srli	x29,x1,0xf	  x1:0xffffffc5 x29=0x0001ffff
       33355000	      3334	8000271c	00e09733	sll	x14,x1,x14	  x1:0xffffffc5 x14:0xdda006d3 x14=0xfe280000
       33365000	      3335	80002720	00c61833	sll	x16,x12,x12	 x12:0x80009f78 x12:0x80009f78 x16=0x78000000
       33375000	      3336	80002724	e8a7ad93	slti	x27,x15,-374	 x15:0xedce16dc x27=0x00000001
       33385000	      3337	80002728	01905813	srli	x16,x0,0x19	  x0:0x00000000 x16=0x00000000
       33395000	      3338	8000272c	00880333	add	x6,x16,x8	 x16:0x00000000  x8:0xb0a995b4  x6=0xb0a995b4
       33405000	      3339	80002730	003e9913	slli	x18,x29,0x3	 x29:0x0001ffff x18=0x000ffff8
       33415000	      3340	80002734	00d6e133	or	x2,x13,x13	 x13:0x82000000 x13:0x82000000  x2=0x82000000
       33425000	      3341	80002738	419c00b3	sub	x1,x24,x25	 x24:0x00000000 x25:0x47c80000  x1=0xb8380000
       33435000	      3342	8000273c	01d01c93	slli	x25,x0,0x1d	  x0:0x00000000 x25=0x00000000
       33445000	      3343	80002740	01e54e63	blt	x10,x30,8000275c	 x10:0x00000000 x30:0x80009fc4
       33455000	      3344	80002744	71b9d3b7	lui	x7,0x71b9d	  x7=0x71b9d000
       33465000	      3345	80002748	14c78c13	addi	x24,x15,332	 x15:0xedce16dc x24=0xedce1828
       33475000	      3346	8000274c	0112f5b3	and	x11,x5,x17	  x5:0x80009fc4 x17:0xc122a000 x11=0x80008000
       33485000	      3347	80002750	01bde5b3	or	x11,x27,x27	 x27:0x00000001 x27:0x00000001 x11=0x00000001
       33495000	      3348	80002754	009679b3	and	x19,x12,x9	 x12:0x80009f78  x9:0x08200000 x19=0x00000000
       33505000	      3349	80002758	019b1e33	sll	x28,x22,x25	 x22:0x00000000 x25:0x00000000 x28=0x00000000
       33515000	      3350	8000275c	9a1bb997	auipc	x19,0x9a1bb	 x19=0x1a1bd758
       33525000	      3351	80002760	04794063	blt	x18,x7,800027a0	 x18:0x000ffff8  x7:0x71b9d000
       33535000	      3352	00000000	00000013	addi	x0,x0,0	  x0:0x00000000
       33545000	      3353	8000279c	00000013	addi	x0,x0,0	  x0:0x00000000
       33555000	      3354	800027a0	187c2e13	slti	x28,x24,391	 x24:0xedce1828 x28=0x00000001
       33565000	      3355	800027a4	02795c63	bge	x18,x7,800027dc	 x18:0x000ffff8  x7:0x71b9d000
       33575000	      3356	800027a8	0120dbb3	srl	x23,x1,x18	  x1:0xb8380000 x18:0x000ffff8 x23=0x000000b8
       33585000	      3357	800027ac	4d6bae17	auipc	x28,0x4d6ba	 x28=0xcd6bc7a8
       33595000	      3358	800027b0	02b58c63	beq	x11,x11,800027e8	 x11:0x00000001 x11:0x00000001
       33605000	      3359	00000000	00000013	addi	x0,x0,0	  x0:0x00000000
       33615000	      3360	800027e4	00000013	addi	x0,x0,0	  x0:0x00000000
       33625000	      3361	800027e8	03875063	bge	x14,x24,80002808	 x14:0xfe280000 x24:0xedce1828
       33635000	      3362	00000000	00000013	addi	x0,x0,0	  x0:0x00000000
       33645000	      3363	80002804	00000013	addi	x0,x0,0	  x0:0x00000000
       33655000	      3364	80002808	b34a11b7	lui	x3,0xb34a1	  x3=0xb34a1000
       33665000	      3365	8000280c	01061293	slli	x5,x12,0x10	 x12:0x80009f78  x5=0x9f780000
       33675000	      3366	80002810	0059d033	srl	x0,x19,x5	 x19:0x1a1bd758  x5:0x9f780000
       33685000	      3367	80002814	19ef2013	slti	x0,x30,414	 x30:0x80009fc4
       33695000	      3368	80002818	41b9dc13	srai	x24,x19,0x1b	 x19:0x1a1bd758 x24=0x00000003
       33705000	      3369	8000281c	01564933	xor	x18,x12,x21	 x12:0x80009f78 x21:0x00000000 x18=0x80009f78
       33715000	      3370	80002820	40b805b3	sub	x11,x16,x11	 x16:0x00000000 x11:0x00000001 x11=0xffffffff
       33725000	      3371	80002824	5d298a93	addi	x21,x19,1490	 x19:0x1a1bd758 x21=0x1a1bdd2a
       33735000	      3372	80002828	03c6e063	bltu	x13,x28,80002848	 x13:0x82000000 x28:0xcd6bc7a8
       33745000	      3373	00000000	00000013	addi	x0,x0,0	  x0:0x00000000
       33755000	      3374	80002844	00000013	addi	x0,x0,0	  x0:0x00000000
       33765000	      3375	80002848	6298b013	sltiu	x0,x17,1577	 x17:0xc122a000
       33775000	      3376	8000284c	010d5fb3	srl	x31,x26,x16	 x26:0xcbd55580 x16:0x00000000 x31=0xcbd55580
       33785000	      3377	80002850	41070fb3	sub	x31,x14,x16	 x14:0xfe280000 x16:0x00000000 x31=0xfe280000
       33795000	      3378	80002854	0180096f	jal	x18,80002854	 x18=0x80002854
       33805000	      3379	00000000	00000013	addi	x0,x0,0	  x0:0x00000000
       33815000	      3380	80002868	00000013	addi	x0,x0,0	  x0:0x00000000
       33825000	      3381	8000286c	ff1ff0ef	jal	x1,8000286c	  x1=0x8000286c
       33835000	      3382	00000000	00000013	addi	x0,x0,0	  x0:0x00000000
       33845000	      3383	80002858	00000013	addi	x0,x0,0	  x0:0x00000000
       33855000	      3384	8000285c	0240076f	jal	x14,8000285c	 x14=0x8000285c
       33865000	      3385	00000000	00000013	addi	x0,x0,0	  x0:0x00000000
       33875000	      3386	8000287c	00000013	addi	x0,x0,0	  x0:0x00000000
       33885000	      3387	80002880	fe5ff16f	jal	x2,80002880	  x2=0x80002880
       33895000	      3388	00000000	00000013	addi	x0,x0,0	  x0:0x00000000
       33905000	      3389	80002860	00000013	addi	x0,x0,0	  x0:0x00000000
       33915000	      3390	80002864	ffdff36f	jal	x6,80002864	  x6=0x80002864
       33925000	      3391	00000000	00000013	addi	x0,x0,0	  x0:0x00000000
       33935000	      3392	8000285c	00000013	addi	x0,x0,0	  x0:0x00000000
       33945000	      3393	80002860	024000ef	jal	x1,80002860	  x1=0x80002860
       33955000	      3394	00000000	00000013	addi	x0,x0,0	  x0:0x00000000
       33965000	      3395	80002880	00000013	addi	x0,x0,0	  x0:0x00000000
       33975000	      3396	80002884	fd5ff16f	jal	x2,80002884	  x2=0x80002884
       33985000	      3397	00000000	00000013	addi	x0,x0,0	  x0:0x00000000
       33995000	      3398	80002854	00000013	addi	x0,x0,0	  x0:0x00000000
       34005000	      3399	80002858	0200036f	jal	x6,80002858	  x6=0x80002858
       34015000	      3400	00000000	00000013	addi	x0,x0,0	  x0:0x00000000
       34025000	      3401	80002874	00000013	addi	x0,x0,0	  x0:0x00000000
       34035000	      3402	80002878	ff1ff0ef	jal	x1,80002878	  x1=0x80002878
       34045000	      3403	00000000	00000013	addi	x0,x0,0	  x0:0x00000000
       34055000	      3404	80002864	00000013	addi	x0,x0,0	  x0:0x00000000
       34065000	      3405	80002868	0140076f	jal	x14,80002868	 x14=0x80002868
       34075000	      3406	00000000	00000013	addi	x0,x0,0	  x0:0x00000000
       34085000	      3407	80002878	00000013	addi	x0,x0,0	  x0:0x00000000
       34095000	      3408	8000287c	ff5fffef	jal	x31,8000287c	 x31=0x8000287c
       34105000	      3409	00000000	00000013	addi	x0,x0,0	  x0:0x00000000
       34115000	      3410	8000286c	00000013	addi	x0,x0,0	  x0:0x00000000
       34125000	      3411	80002870	004000ef	jal	x1,80002870	  x1=0x80002870
       34135000	      3412	00000000	00000013	addi	x0,x0,0	  x0:0x00000000
       34145000	      3413	80002870	00000013	addi	x0,x0,0	  x0:0x00000000
       34155000	      3414	80002874	014000ef	jal	x1,80002874	  x1=0x80002874
       34165000	      3415	00000000	00000013	addi	x0,x0,0	  x0:0x00000000
       34175000	      3416	80002884	00000013	addi	x0,x0,0	  x0:0x00000000
       34185000	      3417	80002888	78624393	xori	x7,x4,1926	  x4:0x00000001  x7=0x00000787
       34195000	      3418	8000288c	6f107593	andi	x11,x0,1777	  x0:0x00000000 x11=0x00000000
       34205000	      3419	80002890	bedab493	sltiu	x9,x21,-1043	 x21:0x1a1bdd2a  x9=0x00000001
       34215000	      3420	80002894	4216e293	ori	x5,x13,1057	 x13:0x82000000  x5=0x82000421
       34225000	      3421	80002898	03219463	bne	x3,x18,800028c0	  x3:0xb34a1000 x18:0x80002854
       34235000	      3422	00000000	00000013	addi	x0,x0,0	  x0:0x00000000
       34245000	      3423	800028bc	00000013	addi	x0,x0,0	  x0:0x00000000
       34255000	      3424	800028c0	01a8e5b3	or	x11,x17,x26	 x17:0xc122a000 x26:0xcbd55580 x11=0xcbf7f580
       34265000	      3425	800028c4	00054fb3	xor	x31,x10,x0	 x10:0x00000000  x0:0x00000000 x31=0x00000000
       34275000	      3426	800028c8	40b988b3	sub	x17,x19,x11	 x19:0x1a1bd758 x11:0xcbf7f580 x17=0x4e23e1d8
       34285000	      3427	800028cc	6ce0b293	sltiu	x5,x1,1742	  x1:0x80002874  x5=0x00000000
       34295000	      3428	800028d0	00e797b3	sll	x15,x15,x14	 x15:0xedce16dc x14:0x80002868 x15=0xce16dc00
       34305000	      3429	800028d4	f3cec913	xori	x18,x29,-196	 x29:0x0001ffff x18=0xfffe00c3
       34315000	      3430	800028d8	ed578393	addi	x7,x15,-299	 x15:0xce16dc00  x7=0xce16dad5
       34325000	      3431	800028dc	03d69063	bne	x13,x29,800028fc	 x13:0x82000000 x29:0x0001ffff
       34335000	      3432	00000000	00000013	addi	x0,x0,0	  x0:0x00000000
       34345000	      3433	800028f8	00000013	addi	x0,x0,0	  x0:0x00000000
       34355000	      3434	800028fc	01da6733	or	x14,x20,x29	 x20:0x00000001 x29:0x0001ffff x14=0x0001ffff
       34365000	      3435	80002900	01c2e433	or	x8,x5,x28	  x5:0x00000000 x28:0xcd6bc7a8  x8=0xcd6bc7a8
       34375000	      3436	80002904	00284033	xor	x0,x16,x2	 x16:0x00000000  x2:0x80002884
       34385000	      3437	80002908	0086ca63	blt	x13,x8,8000291c	 x13:0x82000000  x8:0xcd6bc7a8
       34395000	      3438	00000000	00000013	addi	x0,x0,0	  x0:0x00000000
       34405000	      3439	80002918	00000013	addi	x0,x0,0	  x0:0x00000000
       34415000	      3440	8000291c	01d2d993	srli	x19,x5,0x1d	  x5:0x00000000 x19=0x00000000
       34425000	      3441	80002920	ebe25eb7	lui	x29,0xebe25	 x29=0xebe25000
       34435000	      3442	80002924	071be863	bltu	x23,x17,80002994	 x23:0x000000b8 x17:0x4e23e1d8
       34445000	      3443	00000000	00000013	addi	x0,x0,0	  x0:0x00000000
       34455000	      3444	80002990	00000013	addi	x0,x0,0	  x0:0x00000000
       34465000	      3445	80002994	01ea7a33	and	x20,x20,x30	 x20:0x00000001 x30:0x80009fc4 x20=0x00000000
       34475000	      3446	80002998	00a6de63	bge	x13,x10,800029b4	 x13:0x82000000 x10:0x00000000
       34485000	      3447	8000299c	010fd893	srli	x17,x31,0x10	 x31:0x00000000 x17=0x00000000
       34495000	      3448	800029a0	402bd093	srai	x1,x23,0x2	 x23:0x000000b8  x1=0x0000002e
       34505000	      3449	800029a4	403cd893	srai	x17,x25,0x3	 x25:0x00000000 x17=0x00000000
       34515000	      3450	800029a8	02d89e63	bne	x17,x13,800029e4	 x17:0x00000000 x13:0x82000000
       34525000	      3451	00000000	00000013	addi	x0,x0,0	  x0:0x00000000
       34535000	      3452	800029e0	00000013	addi	x0,x0,0	  x0:0x00000000
       34545000	      3453	800029e4	2e724993	xori	x19,x4,743	  x4:0x00000001 x19=0x000002e6
       34555000	      3454	800029e8	05505663	bge	x0,x21,80002a34	  x0:0x00000000 x21:0x1a1bdd2a
       34565000	      3455	800029ec	02fd1663	bne	x26,x15,80002a18	 x26:0xcbd55580 x15:0xce16dc00
       34575000	      3456	00000000	00000013	addi	x0,x0,0	  x0:0x00000000
       34585000	      3457	80002a14	00000013	addi	x0,x0,0	  x0:0x00000000
       34595000	      3458	80002a18	0116a3b3	slt	x7,x13,x17	 x13:0x82000000 x17:0x00000000  x7=0x00000001
       34605000	      3459	80002a1c	00b661b3	or	x3,x12,x11	 x12:0x80009f78 x11:0xcbf7f580  x3=0xcbf7fff8
       34615000	      3460	80002a20	050c2093	slti	x1,x24,80	 x24:0x00000003  x1=0x00000001
       34625000	      3461	80002a24	00168663	beq	x13,x1,80002a30	 x13:0x82000000  x1:0x00000001
       34635000	      3462	80002a28	0072ebb3	or	x23,x5,x7	  x5:0x00000000  x7:0x00000001 x23=0x00000001
       34645000	      3463	80002a2c	01faaab3	slt	x21,x21,x31	 x21:0x1a1bdd2a x31:0x00000000 x21=0x00000000
       34655000	      3464	80002a30	05636263	bltu	x6,x22,80002a74	  x6:0x80002858 x22:0x00000000
       34665000	      3465	80002a34	016f62b3	or	x5,x30,x22	 x30:0x80009fc4 x22:0x00000000  x5=0x80009fc4
       34675000	      3466	80002a38	48df6293	ori	x5,x30,1165	 x30:0x80009fc4  x5=0x80009fcd
       34685000	      3467	80002a3c	02dce863	bltu	x25,x13,80002a6c	 x25:0x00000000 x13:0x82000000
       34695000	      3468	00000000	00000013	addi	x0,x0,0	  x0:0x00000000
       34705000	      3469	80002a68	00000013	addi	x0,x0,0	  x0:0x00000000
       34715000	      3470	80002a6c	01e21433	sll	x8,x4,x30	  x4:0x00000001 x30:0x80009fc4  x8=0x00000010
       34725000	      3471	80002a70	00000013	addi	x0,x0,0	  x0:0x00000000
       34735000	      3472	80002a74	ef0b6293	ori	x5,x22,-272	 x22:0x00000000  x5=0xfffffef0
       34745000	      3473	80002a78	01eefa63	bgeu	x29,x30,80002a8c	 x29:0xebe25000 x30:0x80009fc4
       34755000	      3474	00000000	00000013	addi	x0,x0,0	  x0:0x00000000
       34765000	      3475	80002a88	00000013	addi	x0,x0,0	  x0:0x00000000
       34775000	      3476	80002a8c	034dde63	bge	x27,x20,80002ac8	 x27:0x00000001 x20:0x00000000
       34785000	      3477	00000000	00000013	addi	x0,x0,0	  x0:0x00000000
       34795000	      3478	80002ac4	00000013	addi	x0,x0,0	  x0:0x00000000
       34805000	      3479	80002ac8	01caf5b3	and	x11,x21,x28	 x21:0x00000000 x28:0xcd6bc7a8 x11=0x00000000
       34815000	      3480	80002acc	0c35fb13	andi	x22,x11,195	 x11:0x00000000 x22=0x00000000
       34825000	      3481	80002ad0	03f5e063	bltu	x11,x31,80002af0	 x11:0x00000000 x31:0x00000000
       34835000	      3482	80002ad4	5b287893	andi	x17,x16,1458	 x16:0x00000000 x17=0x00000000
       34845000	      3483	80002ad8	01c1dc33	srl	x24,x3,x28	  x3:0xcbf7fff8 x28:0xcd6bc7a8 x24=0x00cbf7ff
       34855000	      3484	80002adc	2edb4b13	xori	x22,x22,749	 x22:0x00000000 x22=0x000002ed
       34865000	      3485	80002ae0	002e35b3	sltu	x11,x28,x2	 x28:0xcd6bc7a8  x2:0x80002884 x11=0x00000000
       34875000	      3486	80002ae4	01aa5193	srli	x3,x20,0x1a	 x20:0x00000000  x3=0x00000000
       34885000	      3487	80002ae8	00000013	addi	x0,x0,0	  x0:0x00000000
       34895000	      3488	80002aec	36e76e17	auipc	x28,0x36e76	 x28=0xb6e78ae8
       34905000	      3489	80002af0	0021d0b3	srl	x1,x3,x2	  x3:0x00000000  x2:0x80002884  x1=0x00000000
       34915000	      3490	80002af4	003e0cb3	add	x25,x28,x3	 x28:0xb6e78ae8  x3:0x00000000 x25=0xb6e78ae8
       34925000	      3491	80002af8	0049db33	srl	x22,x19,x4	 x19:0x000002e6  x4:0x00000001 x22=0x00000173
       34935000	      3492	80002afc	01cdaab3	slt	x21,x27,x28	 x27:0x00000001 x28:0xb6e78ae8 x21=0x00000000
       34945000	      3493	80002b00	03b49463	bne	x9,x27,80002b28	  x9:0x00000001 x27:0x00000001
       34955000	      3494	80002b04	fba13113	sltiu	x2,x2,-70	  x2:0x80002884  x2=0x00000001
       34965000	      3495	80002b08	00c1d7b3	srl	x15,x3,x12	  x3:0x00000000 x12:0x80009f78 x15=0x00000000
       34975000	      3496	80002b0c	00bfdc63	bge	x31,x11,80002b24	 x31:0x00000000 x11:0x00000000
       34985000	      3497	00000000	00000013	addi	x0,x0,0	  x0:0x00000000
       34995000	      3498	80002b20	00000013	addi	x0,x0,0	  x0:0x00000000
       35005000	      3499	80002b24	01bf6133	or	x2,x30,x27	 x30:0x80009fc4 x27:0x00000001  x2=0x80009fc5
       35015000	      3500	80002b28	014a0333	add	x6,x20,x20	 x20:0x00000000 x20:0x00000000  x6=0x00000000
       35025000	      3501	80002b2c	5b6ce993	ori	x19,x25,1462	 x25:0xb6e78ae8 x19=0xb6e78ffe
       35035000	      3502	80002b30	92ffb993	sltiu	x19,x31,-1745	 x31:0x00000000 x19=0x00000001
       35045000	      3503	80002b34	01afbeb3	sltu	x29,x31,x26	 x31:0x00000000 x26:0xcbd55580 x29=0x00000001
       35055000	      3504	80002b38	00462903	lw	x18,4(x12)	 x12:0x80009f78 x18=0x800008ac PA:0x80009f7c
       35065000	      3505	80002b3c	90da5997	auipc	x19,0x90da5	 x19=0x10da7b38
       35075000	      3506	80002b40	38c83293	sltiu	x5,x16,908	 x16:0x00000000  x5=0x00000001
       35085000	      3507	80002b44	9b2f2f93	slti	x31,x30,-1614	 x30:0x80009fc4 x31=0x00000001
       35095000	      3508	80002b48	00c60613	addi	x12,x12,12	 x12:0x80009f78 x12=0x80009f84
       35105000	      3509	80002b4c	0135fb37	lui	x22,0x135f	 x22=0x0135f000
       35115000	      3510	80002b50	00090513	addi	x10,x18,0	 x18:0x800008ac x10=0x800008ac
       35125000	      3511	80002b54	00050567	jalr	x10,x10,0	 x10:0x800008ac x10=0x80002b54
       35135000	      3512	00000000	00000013	addi	x0,x0,0	  x0:0x00000000
       35145000	      3513	800008ac	00000013	addi	x0,x0,0	  x0:0x00000000
       35155000	      3514	800008b0	016bd8b3	srl	x17,x23,x22	 x23:0x00000001 x22:0x0135f000 x17=0x00000001
       35165000	      3515	800008b4	8f222e13	slti	x28,x4,-1806	  x4:0x00000001 x28=0x00000000
       35175000	      3516	800008b8	0081b033	sltu	x0,x3,x8	  x3:0x00000000  x8:0x00000010
       35185000	      3517	800008bc	00001a33	sll	x20,x0,x0	  x0:0x00000000  x0:0x00000000 x20=0x00000000
       35195000	      3518	800008c0	02bec863	blt	x29,x11,800008f0	 x29:0x00000001 x11:0x00000000
       35205000	      3519	800008c4	00881c63	bne	x16,x8,800008dc	 x16:0x00000000  x8:0x00000010
       35215000	      3520	00000000	00000013	addi	x0,x0,0	  x0:0x00000000
       35225000	      3521	800008d8	00000013	addi	x0,x0,0	  x0:0x00000000
       35235000	      3522	800008dc	0007e133	or	x2,x15,x0	 x15:0x00000000  x0:0x00000000  x2=0x00000000
       35245000	      3523	800008e0	c37b6093	ori	x1,x22,-969	 x22:0x0135f000  x1=0xfffffc37
       35255000	      3524	800008e4	24f92413	slti	x8,x18,591	 x18:0x800008ac  x8=0x00000001
       35265000	      3525	800008e8	0165b7b3	sltu	x15,x11,x22	 x11:0x00000000 x22:0x0135f000 x15=0x00000001
       35275000	      3526	800008ec	00ad5113	srli	x2,x26,0xa	 x26:0xcbd55580  x2=0x0032f555
       35285000	      3527	800008f0	00d6d0b3	srl	x1,x13,x13	 x13:0x82000000 x13:0x82000000  x1=0x82000000
       35295000	      3528	800008f4	050b4263	blt	x22,x16,80000938	 x22:0x0135f000 x16:0x00000000
       35305000	      3529	800008f8	41d9d3b3	sra	x7,x19,x29	 x19:0x10da7b38 x29:0x00000001  x7=0x086d3d9c
       35315000	      3530	800008fc	01321b13	slli	x22,x4,0x13	  x4:0x00000001 x22=0x00080000
       35325000	      3531	80000900	01d21b13	slli	x22,x4,0x1d	  x4:0x00000001 x22=0x20000000
       35335000	      3532	80000904	00b65513	srli	x10,x12,0xb	 x12:0x80009f84 x10=0x00100013
       35345000	      3533	80000908	01292b33	slt	x22,x18,x18	 x18:0x800008ac x18:0x800008ac x22=0x00000000
       35355000	      3534	8000090c	ccff0337	lui	x6,0xccff0	  x6=0xccff0000
       35365000	      3535	80000910	01991e13	slli	x28,x18,0x19	 x18:0x800008ac x28=0x58000000
       35375000	      3536	80000914	0172ceb3	xor	x29,x5,x23	  x5:0x00000001 x23:0x00000001 x29=0x00000000
       35385000	      3537	80000918	01849393	slli	x7,x9,0x18	  x9:0x00000001  x7=0x01000000
       35395000	      3538	8000091c	4134dbb3	sra	x23,x9,x19	  x9:0x00000001 x19:0x10da7b38 x23=0x00000000
       35405000	      3539	80000920	00fda333	slt	x6,x27,x15	 x27:0x00000001 x15:0x00000001  x6=0x00000000
       35415000	      3540	80000924	40af5c33	sra	x24,x30,x10	 x30:0x80009fc4 x10:0x00100013 x24=0xfffff000
       35425000	      3541	80000928	cd3ded13	ori	x26,x27,-813	 x27:0x00000001 x26=0xfffffcd3
       35435000	      3542	8000092c	1c497d13	andi	x26,x18,452	 x18:0x800008ac x26=0x00000084
       35445000	      3543	80000930	00fc1313	slli	x6,x24,0xf	 x24:0xfffff000  x6=0xf8000000
       35455000	      3544	80000934	f38822b7	lui	x5,0xf3882	  x5=0xf3882000
       35465000	      3545	80000938	f806cf93	xori	x31,x13,-128	 x13:0x82000000 x31=0x7dffff80
       35475000	      3546	8000093c	01e21fb3	sll	x31,x4,x30	  x4:0x00000001 x30:0x80009fc4 x31=0x00000010
       35485000	      3547	80000940	00c01113	slli	x2,x0,0xc	  x0:0x00000000  x2=0x00000000
       35495000	      3548	80000944	01711fb3	sll	x31,x2,x23	  x2:0x00000000 x23:0x00000000 x31=0x00000000
       35505000	      3549	80000948	04c7f263	bgeu	x15,x12,8000098c	 x15:0x00000001 x12:0x80009f84
       35515000	      3550	8000094c	8b472f93	slti	x31,x14,-1868	 x14:0x0001ffff x31=0x00000000
       35525000	      3551	80000950	03acce63	blt	x25,x26,8000098c	 x25:0xb6e78ae8 x26:0x00000084
       35535000	      3552	00000000	00000013	addi	x0,x0,0	  x0:0x00000000
       35545000	      3553	80000988	00000013	addi	x0,x0,0	  x0:0x00000000
       35555000	      3554	8000098c	411d0c33	sub	x24,x26,x17	 x26:0x00000084 x17:0x00000001 x24=0x00000083
       35565000	      3555	80000990	5dcd6893	ori	x17,x26,1500	 x26:0x00000084 x17=0x000005dc
       35575000	      3556	80000994	0088d2b3	srl	x5,x17,x8	 x17:0x000005dc  x8:0x00000001  x5=0x000002ee
       35585000	      3557	80000998	00ddf5b3	and	x11,x27,x13	 x27:0x00000001 x13:0x82000000 x11=0x00000000
       35595000	      3558	8000099c	00f44033	xor	x0,x8,x15	  x8:0x00000001 x15:0x00000001
       35605000	      3559	800009a0	01f9e433	or	x8,x19,x31	 x19:0x10da7b38 x31:0x00000000  x8=0x10da7b38
       35615000	      3560	800009a4	406203b3	sub	x7,x4,x6	  x4:0x00000001  x6:0xf8000000  x7=0x08000001
       35625000	      3561	800009a8	0592d397	auipc	x7,0x592d	  x7=0x8592d9a4
       35635000	      3562	800009ac	01089813	slli	x16,x17,0x10	 x17:0x000005dc x16=0x05dc0000
       35645000	      3563	800009b0	40c381b3	sub	x3,x7,x12	  x7:0x8592d9a4 x12:0x80009f84  x3=0x05923a20
       35655000	      3564	800009b4	00dd1933	sll	x18,x26,x13	 x26:0x00000084 x13:0x82000000 x18=0x00000084
       35665000	      3565	800009b8	007f98b3	sll	x17,x31,x7	 x31:0x00000000  x7:0x8592d9a4 x17=0x00000000
       35675000	      3566	800009bc	0131de63	bge	x3,x19,800009d8	  x3:0x05923a20 x19:0x10da7b38
       35685000	      3567	800009c0	00b5eeb3	or	x29,x11,x11	 x11:0x00000000 x11:0x00000000 x29=0x00000000
       35695000	      3568	800009c4	f829f293	andi	x5,x19,-126	 x19:0x10da7b38  x5=0x10da7b00
       35705000	      3569	800009c8	0064da13	srli	x20,x9,0x6	  x9:0x00000001 x20=0x00000000
       35715000	      3570	800009cc	050299b7	lui	x19,0x5029	 x19=0x05029000
       35725000	      3571	800009d0	04cf7663	bgeu	x30,x12,80000a1c	 x30:0x80009fc4 x12:0x80009f84
       35735000	      3572	00000000	00000013	addi	x0,x0,0	  x0:0x00000000
       35745000	      3573	80000a18	00000013	addi	x0,x0,0	  x0:0x00000000
       35755000	      3574	80000a1c	01fb0433	add	x8,x22,x31	 x22:0x00000000 x31:0x00000000  x8=0x00000000
       35765000	      3575	80000a20	00ca8b33	add	x22,x21,x12	 x21:0x00000000 x12:0x80009f84 x22=0x80009f84
       35775000	      3576	80000a24	018a46b3	xor	x13,x20,x24	 x20:0x00000000 x24:0x00000083 x13=0x00000083
       35785000	      3577	80000a28	0005e6b3	or	x13,x11,x0	 x11:0x00000000  x0:0x00000000 x13=0x00000000
       35795000	      3578	80000a2c	7e9eb693	sltiu	x13,x29,2025	 x29:0x00000000 x13=0x00000001
       35805000	      3579	80000a30	415451b3	sra	x3,x8,x21	  x8:0x00000000 x21:0x00000000  x3=0x00000000
       35815000	      3580	80000a34	00df69b3	or	x19,x30,x13	 x30:0x80009fc4 x13:0x00000001 x19=0x80009fc5
       35825000	      3581	80000a38	52fd7713	andi	x14,x26,1327	 x26:0x00000084 x14=0x00000004
       35835000	      3582	80000a3c	002641b3	xor	x3,x12,x2	 x12:0x80009f84  x2:0x00000000  x3=0x80009f84
       35845000	      3583	80000a40	af668593	addi	x11,x13,-1290	 x13:0x00000001 x11=0xfffffaf7
       35855000	      3584	80000a44	01095693	srli	x13,x18,0x10	 x18:0x00000084 x13=0x00000000
       35865000	      3585	80000a48	013ba733	slt	x14,x23,x19	 x23:0x00000000 x19:0x80009fc5 x14=0x00000000
       35875000	      3586	80000a4c	ee9dee93	ori	x29,x27,-279	 x27:0x00000001 x29=0xfffffee9
       35885000	      3587	80000a50	01645eb3	srl	x29,x8,x22	  x8:0x00000000 x22:0x80009f84 x29=0x00000000
       35895000	      3588	80000a54	ccf4f893	andi	x17,x9,-817	  x9:0x00000001 x17=0x00000001
       35905000	      3589	80000a58	06fe5a63	bge	x28,x15,80000acc	 x28:0x58000000 x15:0x00000001
       35915000	      3590	00000000	00000013	addi	x0,x0,0	  x0:0x00000000
       35925000	      3591	80000ac8	00000013	addi	x0,x0,0	  x0:0x00000000
       35935000	      3592	80000acc	02809263	bne	x1,x8,80000af0	  x1:0x82000000  x8:0x00000000
       35945000	      3593	00000000	00000013	addi	x0,x0,0	  x0:0x00000000
       35955000	      3594	80000aec	00000013	addi	x0,x0,0	  x0:0x00000000
       35965000	      3595	80000af0	ea18bf97	auipc	x31,0xea18b	 x31=0x6a18baec
       35975000	      3596	80000af4	0043a033	slt	x0,x7,x4	  x7:0x8592d9a4  x4:0x00000001
       35985000	      3597	80000af8	01964a63	blt	x12,x25,80000b0c	 x12:0x80009f84 x25:0xb6e78ae8
       35995000	      3598	00000000	00000013	addi	x0,x0,0	  x0:0x00000000
       36005000	      3599	80000b08	00000013	addi	x0,x0,0	  x0:0x00000000
       36015000	      3600	80000b0c	00656033	or	x0,x10,x6	 x10:0x00100013  x6:0xf8000000
       36025000	      3601	80000b10	013232b3	sltu	x5,x4,x19	  x4:0x00000001 x19:0x80009fc5  x5=0x00000001
       36035000	      3602	80000b14	03086863	bltu	x16,x16,80000b44	 x16:0x05dc0000 x16:0x05dc0000
       36045000	      3603	80000b18	001d2a33	slt	x20,x26,x1	 x26:0x00000084  x1:0x82000000 x20=0x00000000
       36055000	      3604	80000b1c	0072d0b3	srl	x1,x5,x7	  x5:0x00000001  x7:0x8592d9a4  x1=0x00000000
       36065000	      3605	80000b20	00c0a433	slt	x8,x1,x12	  x1:0x00000000 x12:0x80009f84  x8=0x00000000
       36075000	      3606	80000b24	003d7663	bgeu	x26,x3,80000b30	 x26:0x00000084  x3:0x80009f84
       36085000	      3607	80000b28	0063c9b3	xor	x19,x7,x6	  x7:0x8592d9a4  x6:0xf8000000 x19=0x7d92d9a4
       36095000	      3608	80000b2c	00be2bb3	slt	x23,x28,x11	 x28:0x58000000 x11:0xfffffaf7 x23=0x00000000
       36105000	      3609	80000b30	41fa09b3	sub	x19,x20,x31	 x20:0x00000000 x31:0x6a18baec x19=0x95e74514
       36115000	      3610	80000b34	d0c26d13	ori	x26,x4,-756	  x4:0x00000001 x26=0xfffffd0d
       36125000	      3611	80000b38	00ac25b3	slt	x11,x24,x10	 x24:0x00000083 x10:0x00100013 x11=0x00000001
       36135000	      3612	80000b3c	09158263	beq	x11,x17,80000bc0	 x11:0x00000001 x17:0x00000001
       36145000	      3613	00000000	00000013	addi	x0,x0,0	  x0:0x00000000
       36155000	      3614	80000bbc	00000013	addi	x0,x0,0	  x0:0x00000000
       36165000	      3615	80000bc0	03577e63	bgeu	x14,x21,80000bfc	 x14:0x00000000 x21:0x00000000
       36175000	      3616	00000000	00000013	addi	x0,x0,0	  x0:0x00000000
       36185000	      3617	80000bf8	00000013	addi	x0,x0,0	  x0:0x00000000
       36195000	      3618	80000bfc	00d2be33	sltu	x28,x5,x13	  x5:0x00000001 x13:0x00000000 x28=0x00000000
       36205000	      3619	80000c00	41f3d093	srai	x1,x7,0x1f	  x7:0x8592d9a4  x1=0xffffffff
       36215000	      3620	80000c04	008dd463	bge	x27,x8,80000c0c	 x27:0x00000001  x8:0x00000000
       36225000	      3621	00000000	00000013	addi	x0,x0,0	  x0:0x00000000
       36235000	      3622	80000c08	00000013	addi	x0,x0,0	  x0:0x00000000
       36245000	      3623	80000c0c	05d8d663	bge	x17,x29,80000c58	 x17:0x00000001 x29:0x00000000
       36255000	      3624	00000000	00000013	addi	x0,x0,0	  x0:0x00000000
       36265000	      3625	80000c54	00000013	addi	x0,x0,0	  x0:0x00000000
       36275000	      3626	80000c58	01fd1a93	slli	x21,x26,0x1f	 x26:0xfffffd0d x21=0x80000000
       36285000	      3627	80000c5c	04b67663	bgeu	x12,x11,80000ca8	 x12:0x80009f84 x11:0x00000001
       36295000	      3628	00000000	00000013	addi	x0,x0,0	  x0:0x00000000
       36305000	      3629	80000ca4	00000013	addi	x0,x0,0	  x0:0x00000000
       36315000	      3630	80000ca8	ef2f3293	sltiu	x5,x30,-270	 x30:0x80009fc4  x5=0x00000001
       36325000	      3631	80000cac	41d15813	srai	x16,x2,0x1d	  x2:0x00000000 x16=0x00000000
       36335000	      3632	80000cb0	010de4b3	or	x9,x27,x16	 x27:0x00000001 x16:0x00000000  x9=0x00000001
       36345000	      3633	80000cb4	00021d33	sll	x26,x4,x0	  x4:0x00000001  x0:0x00000000 x26=0x00000001
       36355000	      3634	80000cb8	bfba5317	auipc	x6,0xbfba5	  x6=0x3fba5cb4
       36365000	      3635	80000cbc	009c8db3	add	x27,x25,x9	 x25:0xb6e78ae8  x9:0x00000001 x27=0xb6e78ae9
       36375000	      3636	80000cc0	44356813	ori	x16,x10,1091	 x10:0x00100013 x16=0x00100453
       36385000	      3637	80000cc4	02227863	bgeu	x4,x2,80000cf4	  x4:0x00000001  x2:0x00000000
       36395000	      3638	00000000	00000013	addi	x0,x0,0	  x0:0x00000000
       36405000	      3639	80000cf0	00000013	addi	x0,x0,0	  x0:0x00000000
       36415000	      3640	80000cf4	03765863	bge	x12,x23,80000d24	 x12:0x80009f84 x23:0x00000000
       36425000	      3641	80000cf8	00e3d393	srli	x7,x7,0xe	  x7:0x8592d9a4  x7=0x0002164b
       36435000	      3642	80000cfc	044b4263	blt	x22,x4,80000d40	 x22:0x80009f84  x4:0x00000001
       36445000	      3643	00000000	00000013	addi	x0,x0,0	  x0:0x00000000
       36455000	      3644	80000d3c	00000013	addi	x0,x0,0	  x0:0x00000000
       36465000	      3645	80000d40	01074263	blt	x14,x16,80000d44	 x14:0x00000000 x16:0x00100453
       36475000	      3646	00000000	00000013	addi	x0,x0,0	  x0:0x00000000
       36485000	      3647	80000d40	00000013	addi	x0,x0,0	  x0:0x00000000
       36495000	      3648	80000d44	01488463	beq	x17,x20,80000d4c	 x17:0x00000001 x20:0x00000000
       36505000	      3649	80000d48	580a4113	xori	x2,x20,1408	 x20:0x00000000  x2=0x00000580
       36515000	      3650	80000d4c	00dc0c33	add	x24,x24,x13	 x24:0x00000083 x13:0x00000000 x24=0x00000083
       36525000	      3651	80000d50	00000217	auipc	x4,0x0	  x4=0x80000d4c
       36535000	      3652	80000d54	00c20213	addi	x4,x4,12	  x4:0x80000d4c  x4=0x80000d58
       36545000	      3653	80000d58	00020067	jalr	x0,x4,0	  x4:0x80000d58
       36555000	      3654	00000000	00000013	addi	x0,x0,0	  x0:0x00000000
       36565000	      3655	80000d58	00000013	addi	x0,x0,0	  x0:0x00000000
       36575000	      3656	80000d5c	00100193	addi	x3,x0,1	  x0:0x00000000  x3=0x00000001
       36585000	      3657	80000d60	00000073	ecall	
       36595000	      3658	80000d64	00c1e463	bltu	x3,x12,80000d6c	  x3:0x00000001 x12:0x80009f84
