		Time			Cycle	PC		Insn	Decoded instruction	Register and memory contents
          65000	         5	80000004	00000293	addi	x5,x0,0	  x0:0x00000000  x5=0x00000000
          75000	         6	80000008	00000313	addi	x6,x0,0	  x0:0x00000000  x6=0x00000000
          85000	         7	8000000c	00628263	beq	x5,x6,80000010	  x5:0x00000000  x6:0x00000000
          95000	         8	00000000	00000013	addi	x0,x0,0	  x0:0x00000000
         105000	         9	8000000c	00000013	addi	x0,x0,0	  x0:0x00000000
         115000	        10	80000010	00000817	auipc	x16,0x0	 x16=0x8000000c
         125000	        11	80000014	00c80813	addi	x16,x16,12	 x16:0x8000000c x16=0x80000018
         135000	        12	80000018	00080067	jalr	x0,x16,0	 x16:0x80000018
         145000	        13	00000000	00000013	addi	x0,x0,0	  x0:0x00000000
         155000	        14	80000018	00000013	addi	x0,x0,0	  x0:0x00000000
         165000	        15	8000001c	400009b7	lui	x19,0x40000	 x19=0x40000000
         175000	        16	80000020	10098993	addi	x19,x19,256	 x19:0x40000000 x19=0x40000100
         185000	        17	80000024	00000013	addi	x0,x0,0	  x0:0x00000000
         195000	        18	80000028	0000a497	auipc	x9,0xa	  x9=0x8000a024
         205000	        19	8000002c	fa048493	addi	x9,x9,-96	  x9:0x8000a024  x9=0x80009fc4
         215000	        20	80000030	00002997	auipc	x19,0x2	 x19=0x8000202c
         225000	        21	80000034	f0898993	addi	x19,x19,-248	 x19:0x8000202c x19=0x80001f34
         235000	        22	80000038	0009e993	ori	x19,x19,0	 x19:0x80001f34 x19=0x80001f34
         245000	        23	8000003c	00000013	addi	x0,x0,0	  x0:0x00000000
         255000	        24	80000040	00000997	auipc	x19,0x0	 x19=0x8000003c
         265000	        25	80000044	02098993	addi	x19,x19,32	 x19:0x8000003c x19=0x8000005c
         275000	        26	80000048	00000013	addi	x0,x0,0	  x0:0x00000000
         285000	        27	8000004c	00000013	addi	x0,x0,0	  x0:0x00000000
         295000	        28	80000050	000029b7	lui	x19,0x2	 x19=0x00002000
         305000	        29	80000054	80098993	addi	x19,x19,-2048	 x19:0x00002000 x19=0x00001800
         315000	        30	80000058	00000013	addi	x0,x0,0	  x0:0x00000000
         325000	        31	8000005c	00000013	addi	x0,x0,0	  x0:0x00000000
         335000	        32	80000060	90a47037	lui	x0,0x90a47	
         345000	        33	80000064	05500013	addi	x0,x0,85	  x0:0x00000000
         355000	        34	80000068	00000093	addi	x1,x0,0	  x0:0x00000000  x1=0x00000000
         365000	        35	8000006c	00000113	addi	x2,x0,0	  x0:0x00000000  x2=0x00000000
         375000	        36	80000070	00000193	addi	x3,x0,0	  x0:0x00000000  x3=0x00000000
         385000	        37	80000074	00700213	addi	x4,x0,7	  x0:0x00000000  x4=0x00000007
         395000	        38	80000078	d826b2b7	lui	x5,0xd826b	  x5=0xd826b000
         405000	        39	8000007c	a1528293	addi	x5,x5,-1515	  x5:0xd826b000  x5=0xd826aa15
         415000	        40	80000080	80000337	lui	x6,0x80000	  x6=0x80000000
         425000	        41	80000084	800003b7	lui	x7,0x80000	  x7=0x80000000
         435000	        42	80000088	fea21437	lui	x8,0xfea21	  x8=0xfea21000
         445000	        43	8000008c	3a340413	addi	x8,x8,931	  x8:0xfea21000  x8=0xfea213a3
         455000	        44	80000090	80000537	lui	x10,0x80000	 x10=0x80000000
         465000	        45	80000094	b20535b7	lui	x11,0xb2053	 x11=0xb2053000
         475000	        46	80000098	09c58593	addi	x11,x11,156	 x11:0xb2053000 x11=0xb205309c
         485000	        47	8000009c	00000613	addi	x12,x0,0	  x0:0x00000000 x12=0x00000000
         495000	        48	800000a0	800006b7	lui	x13,0x80000	 x13=0x80000000
         505000	        49	800000a4	00000713	addi	x14,x0,0	  x0:0x00000000 x14=0x00000000
         515000	        50	800000a8	556917b7	lui	x15,0x55691	 x15=0x55691000
         525000	        51	800000ac	90178793	addi	x15,x15,-1791	 x15:0x55691000 x15=0x55690901
         535000	        52	800000b0	00000813	addi	x16,x0,0	  x0:0x00000000 x16=0x00000000
         545000	        53	800000b4	ce45b8b7	lui	x17,0xce45b	 x17=0xce45b000
         555000	        54	800000b8	4f088893	addi	x17,x17,1264	 x17:0xce45b000 x17=0xce45b4f0
         565000	        55	800000bc	00a00913	addi	x18,x0,10	  x0:0x00000000 x18=0x0000000a
         575000	        56	800000c0	800009b7	lui	x19,0x80000	 x19=0x80000000
         585000	        57	800000c4	fa3a2a37	lui	x20,0xfa3a2	 x20=0xfa3a2000
         595000	        58	800000c8	dc1a0a13	addi	x20,x20,-575	 x20:0xfa3a2000 x20=0xfa3a1dc1
         605000	        59	800000cc	80000ab7	lui	x21,0x80000	 x21=0x80000000
         615000	        60	800000d0	00000b13	addi	x22,x0,0	  x0:0x00000000 x22=0x00000000
         625000	        61	800000d4	80000bb7	lui	x23,0x80000	 x23=0x80000000
         635000	        62	800000d8	80000c37	lui	x24,0x80000	 x24=0x80000000
         645000	        63	800000dc	00b00c93	addi	x25,x0,11	  x0:0x00000000 x25=0x0000000b
         655000	        64	800000e0	fe2c3d37	lui	x26,0xfe2c3	 x26=0xfe2c3000
         665000	        65	800000e4	c44d0d13	addi	x26,x26,-956	 x26:0xfe2c3000 x26=0xfe2c2c44
         675000	        66	800000e8	80000db7	lui	x27,0x80000	 x27=0x80000000
         685000	        67	800000ec	00700e93	addi	x29,x0,7	  x0:0x00000000 x29=0x00000007
         695000	        68	800000f0	00000f13	addi	x30,x0,0	  x0:0x00000000 x30=0x00000000
         705000	        69	800000f4	84cd0fb7	lui	x31,0x84cd0	 x31=0x84cd0000
         715000	        70	800000f8	4d1f8f93	addi	x31,x31,1233	 x31:0x84cd0000 x31=0x84cd04d1
         725000	        71	800000fc	0000ae17	auipc	x28,0xa	 x28=0x8000a0f8
         735000	        72	80000100	e8ce0e13	addi	x28,x28,-372	 x28:0x8000a0f8 x28=0x80009f84
         745000	        73	80000104	00000d17	auipc	x26,0x0	 x26=0x80000100
         755000	        74	80000108	708d0d13	addi	x26,x26,1800	 x26:0x80000100 x26=0x80000808
         765000	        75	8000010c	00000013	addi	x0,x0,0	  x0:0x00000000
         775000	        76	80000110	00eaadb3	slt	x27,x21,x14	 x21:0x80000000 x14:0x00000000 x27=0x00000001
         785000	        77	80000114	0b372a93	slti	x21,x14,179	 x14:0x00000000 x21=0x00000001
         795000	        78	80000118	40c6d513	srai	x10,x13,0xc	 x13:0x80000000 x10=0xfff80000
         805000	        79	8000011c	1dcfb313	sltiu	x6,x31,476	 x31:0x84cd04d1  x6=0x00000000
         815000	        80	80000120	40bc5893	srai	x17,x24,0xb	 x24:0x80000000 x17=0xfff00000
         825000	        81	80000124	cf5d0d13	addi	x26,x26,-779	 x26:0x80000808 x26=0x800004fd
         835000	        82	80000128	31016593	ori	x11,x2,784	  x2:0x00000000 x11=0x00000310
         845000	        83	8000012c	0162dcb3	srl	x25,x5,x22	  x5:0xd826aa15 x22:0x00000000 x25=0xd826aa15
         855000	        84	80000130	00461613	slli	x12,x12,0x4	 x12:0x00000000 x12=0x00000000
         865000	        85	80000134	01e35f33	srl	x30,x6,x30	  x6:0x00000000 x30:0x00000000 x30=0x00000000
         875000	        86	80000138	30cd0667	jalr	x12,x26,780	 x26:0x800004fd x12=0x80000138
         885000	        87	00000000	00000013	addi	x0,x0,0	  x0:0x00000000
         895000	        88	80000808	00000013	addi	x0,x0,0	  x0:0x00000000
         905000	        89	8000080c	08d263b7	lui	x7,0x8d26	  x7=0x08d26000
         915000	        90	80000810	0029ec33	or	x24,x19,x2	 x19:0x80000000  x2:0x00000000 x24=0x80000000
         925000	        91	80000814	1a09e993	ori	x19,x19,416	 x19:0x80000000 x19=0x800001a0
         935000	        92	80000818	00c14263	blt	x2,x12,8000081c	  x2:0x00000000 x12:0x80000138
         945000	        93	8000081c	fd4e0e13	addi	x28,x28,-44	 x28:0x80009f84 x28=0x80009f58
         955000	        94	80000820	00bd9413	slli	x8,x27,0xb	 x27:0x00000001  x8=0x00000800
         965000	        95	80000824	01445133	srl	x2,x8,x20	  x8:0x00000800 x20:0xfa3a1dc1  x2=0x00000400
         975000	        96	80000828	00ce2223	sw	x12,4(x28)	 x28:0x80009f58 x12:0x80000138 PA:0x80009f5c
         985000	        97	8000082c	00bd88b3	add	x17,x27,x11	 x27:0x00000001 x11:0x00000310 x17=0x00000311
         995000	        98	80000830	414186b3	sub	x13,x3,x20	  x3:0x00000000 x20:0xfa3a1dc1 x13=0x05c5e23f
        1005000	        99	80000834	00008697	auipc	x13,0x8	 x13=0x80008830
        1015000	       100	80000838	a8968693	addi	x13,x13,-1399	 x13:0x80008830 x13=0x800082b9
        1025000	       101	8000083c	01782b33	slt	x22,x16,x23	 x16:0x00000000 x23:0x80000000 x22=0x00000000
        1035000	       102	80000840	4cd6d383	lhu	x7,1229(x13)	 x13:0x800082b9  x7=0x00003c3d PA:0x80008786
        1045000	       103	80000844	4cd68d83	lb	x27,1229(x13)	 x13:0x800082b9 x27=0x0000003d PA:0x80008786
        1055000	       104	80000848	406400b3	sub	x1,x8,x6	  x8:0x00000800  x6:0x00000000  x1=0x00000800
        1065000	       105	8000084c	4c3696a3	sh	x3,1229(x13)	 x13:0x800082b9  x3:0x00000000 PA:0x80008786
        1075000	       106	80000850	00f6a903	lw	x18,15(x13)	 x13:0x800082b9 x18=0x80818283 PA:0x800082c8
        1085000	       107	80000854	00f6a103	lw	x2,15(x13)	 x13:0x800082b9  x2=0x80818283 PA:0x800082c8
        1095000	       108	80000858	ccbe3513	sltiu	x10,x28,-821	 x28:0x80009f58 x10=0x00000001
        1105000	       109	8000085c	9cdf7613	andi	x12,x30,-1587	 x30:0x00000000 x12=0x00000000
        1115000	       110	80000860	00f6cd83	lbu	x27,15(x13)	 x13:0x800082b9 x27=0x00000083 PA:0x800082c8
        1125000	       111	80000864	0065c133	xor	x2,x11,x6	 x11:0x00000310  x6:0x00000000  x2=0x00000310
        1135000	       112	80000868	01b687a3	sb	x27,15(x13)	 x13:0x800082b9 x27:0x00000083 PA:0x800082c8
        1145000	       113	8000086c	01e50233	add	x4,x10,x30	 x10:0x00000001 x30:0x00000000  x4=0x00000001
        1155000	       114	80000870	38d68303	lb	x6,909(x13)	 x13:0x800082b9  x6=0xfffffffd PA:0x80008646
        1165000	       115	80000874	38d69503	lh	x10,909(x13)	 x13:0x800082b9 x10=0xfffffcfd PA:0x80008646
        1175000	       116	80000878	0052c9b3	xor	x19,x5,x5	  x5:0xd826aa15  x5:0xd826aa15 x19=0x00000000
        1185000	       117	8000087c	39a696a3	sh	x26,909(x13)	 x13:0x800082b9 x26:0x800004fd PA:0x80008646
        1195000	       118	80000880	38d6cd83	lbu	x27,909(x13)	 x13:0x800082b9 x27=0x000000fd PA:0x80008646
        1205000	       119	80000884	389686a3	sb	x9,909(x13)	 x13:0x800082b9  x9:0x80009fc4 PA:0x80008646
        1215000	       120	80000888	38d69983	lh	x19,909(x13)	 x13:0x800082b9 x19=0x000004c4 PA:0x80008646
        1225000	       121	8000088c	00008117	auipc	x2,0x8	  x2=0x80008888
        1235000	       122	80000890	6c410113	addi	x2,x2,1732	  x2:0x80008888  x2=0x80008f4c
        1245000	       123	80000894	00611823	sh	x6,16(x2)	  x2:0x80008f4c  x6:0xfffffffd PA:0x80008f5c
        1255000	       124	80000898	01010f83	lb	x31,16(x2)	  x2:0x80008f4c x31=0xfffffffd PA:0x80008f5c
        1265000	       125	8000089c	01015c83	lhu	x25,16(x2)	  x2:0x80008f4c x25=0x0000fffd PA:0x80008f5c
        1275000	       126	800008a0	fdd14f83	lbu	x31,-35(x2)	  x2:0x80008f4c x31=0x00000012 PA:0x80008f29
        1285000	       127	800008a4	fdc105a3	sb	x28,-53(x2)	  x2:0x80008f4c x28:0x80009f58 PA:0x80008f17
        1295000	       128	800008a8	d6077393	andi	x7,x14,-672	 x14:0x00000000  x7=0x00000000
        1305000	       129	800008ac	fcb10603	lb	x12,-53(x2)	  x2:0x80008f4c x12=0x00000058 PA:0x80008f17
        1315000	       130	800008b0	fcb10783	lb	x15,-53(x2)	  x2:0x80008f4c x15=0x00000058 PA:0x80008f17
        1325000	       131	800008b4	fd1105a3	sb	x17,-53(x2)	  x2:0x80008f4c x17:0x00000311 PA:0x80008f17
        1335000	       132	800008b8	fcb10c83	lb	x25,-53(x2)	  x2:0x80008f4c x25=0x00000011 PA:0x80008f17
        1345000	       133	800008bc	fd4109a3	sb	x20,-45(x2)	  x2:0x80008f4c x20:0xfa3a1dc1 PA:0x80008f1f
        1355000	       134	800008c0	fc8109a3	sb	x8,-45(x2)	  x2:0x80008f4c  x8:0x00000800 PA:0x80008f1f
        1365000	       135	800008c4	fe7105a3	sb	x7,-21(x2)	  x2:0x80008f4c  x7:0x00000000 PA:0x80008f37
        1375000	       136	800008c8	03815083	lhu	x1,56(x2)	  x2:0x80008f4c  x1=0x00006e6f PA:0x80008f84
        1385000	       137	800008cc	02914503	lbu	x10,41(x2)	  x2:0x80008f4c x10=0x0000005e PA:0x80008f75
        1395000	       138	800008d0	02910583	lb	x11,41(x2)	  x2:0x80008f4c x11=0x0000005e PA:0x80008f75
        1405000	       139	800008d4	01d14f03	lbu	x30,29(x2)	  x2:0x80008f4c x30=0x00000052 PA:0x80008f69
        1415000	       140	800008d8	00008117	auipc	x2,0x8	  x2=0x800088d4
        1425000	       141	800008dc	81c10113	addi	x2,x2,-2020	  x2:0x800088d4  x2=0x800080f0
        1435000	       142	800008e0	00e10123	sb	x14,2(x2)	  x2:0x800080f0 x14:0x00000000 PA:0x800080f2
        1445000	       143	800008e4	f7a10da3	sb	x26,-133(x2)	  x2:0x800080f0 x26:0x800004fd PA:0x8000806b
        1455000	       144	800008e8	ff412603	lw	x12,-12(x2)	  x2:0x800080f0 x12=0x9c9d9e9f PA:0x800080e4
        1465000	       145	800008ec	40e70033	sub	x0,x14,x14	 x14:0x00000000 x14:0x00000000
        1475000	       146	800008f0	00787f33	and	x30,x16,x7	 x16:0x00000000  x7:0x00000000 x30=0x00000000
        1485000	       147	800008f4	f9412583	lw	x11,-108(x2)	  x2:0x800080f0 x11=0x3c3d3e3f PA:0x80008084
        1495000	       148	800008f8	01db1993	slli	x19,x22,0x1d	 x22:0x00000000 x19=0x00000000
        1505000	       149	800008fc	01d14403	lbu	x8,29(x2)	  x2:0x800080f0  x8=0x000000c6 PA:0x8000810d
        1515000	       150	80000900	e84c2413	slti	x8,x24,-380	 x24:0x80000000  x8=0x00000001
        1525000	       151	80000904	aade6d93	ori	x27,x28,-1363	 x28:0x80009f58 x27=0xfffffffd
        1535000	       152	80000908	05011983	lh	x19,80(x2)	  x2:0x800080f0 x19=0xfffffafb PA:0x80008140
        1545000	       153	8000090c	04b10d03	lb	x26,75(x2)	  x2:0x800080f0 x26=0xfffffff0 PA:0x8000813b
        1555000	       154	80000910	00611f83	lh	x31,6(x2)	  x2:0x800080f0 x31=0xffffacad PA:0x800080f6
        1565000	       155	80000914	15dc6713	ori	x14,x24,349	 x24:0x80000000 x14=0x8000015d
        1575000	       156	80000918	d28f7937	lui	x18,0xd28f7	 x18=0xd28f7000
        1585000	       157	8000091c	07214b83	lbu	x23,114(x2)	  x2:0x800080f0 x23=0x00000019 PA:0x80008162
        1595000	       158	80000920	00b8d233	srl	x4,x17,x11	 x17:0x00000311 x11:0x3c3d3e3f  x4=0x00000000
        1605000	       159	80000924	0081ff33	and	x30,x3,x8	  x3:0x00000000  x8:0x00000001 x30=0x00000000
        1615000	       160	80000928	01ef35b3	sltu	x11,x30,x30	 x30:0x00000000 x30:0x00000000 x11=0x00000000
        1625000	       161	8000092c	fb114383	lbu	x7,-79(x2)	  x2:0x800080f0  x7=0x0000005a PA:0x800080a1
        1635000	       162	80000930	fcf14783	lbu	x15,-49(x2)	  x2:0x800080f0 x15=0x00000074 PA:0x800080bf
        1645000	       163	80000934	07b11123	sh	x27,98(x2)	  x2:0x800080f0 x27:0xfffffffd PA:0x80008152
        1655000	       164	80000938	00008417	auipc	x8,0x8	  x8=0x80008934
        1665000	       165	8000093c	91940413	addi	x8,x8,-1767	  x8:0x80008934  x8=0x8000824d
        1675000	       166	80000940	eda40f23	sb	x26,-290(x8)	  x8:0x8000824d x26:0xfffffff0 PA:0x8000812b
        1685000	       167	80000944	f2b40823	sb	x11,-208(x8)	  x8:0x8000824d x11:0x00000000 PA:0x8000817d
        1695000	       168	80000948	05740a23	sb	x23,84(x8)	  x8:0x8000824d x23:0x00000019 PA:0x800082a1
        1705000	       169	8000094c	01449513	slli	x10,x9,0x14	  x9:0x80009fc4 x10=0xfc400000
        1715000	       170	80000950	05440c03	lb	x24,84(x8)	  x8:0x8000824d x24=0x00000019 PA:0x800082a1
        1725000	       171	80000954	1c744c03	lbu	x24,455(x8)	  x8:0x8000824d x24=0x000000cf PA:0x80008414
        1735000	       172	80000958	4cd41d83	lh	x27,1229(x8)	  x8:0x8000824d x27=0xffffd0d1 PA:0x8000871a
        1745000	       173	8000095c	20540523	sb	x5,522(x8)	  x8:0x8000824d  x5:0xd826aa15 PA:0x80008457
        1755000	       174	80000960	20a44903	lbu	x18,522(x8)	  x8:0x8000824d x18=0x00000015 PA:0x80008457
        1765000	       175	80000964	f3940983	lb	x19,-199(x8)	  x8:0x8000824d x19=0x0000003d PA:0x80008186
        1775000	       176	80000968	f3945d03	lhu	x26,-199(x8)	  x8:0x8000824d x26=0x00003c3d PA:0x80008186
        1785000	       177	8000096c	f3945983	lhu	x19,-199(x8)	  x8:0x8000824d x19=0x00003c3d PA:0x80008186
        1795000	       178	80000970	f3944f83	lbu	x31,-199(x8)	  x8:0x8000824d x31=0x0000003d PA:0x80008186
        1805000	       179	80000974	f3944083	lbu	x1,-199(x8)	  x8:0x8000824d  x1=0x0000003d PA:0x80008186
        1815000	       180	80000978	ee040a23	sb	x0,-268(x8)	  x8:0x8000824d  x0:0x00000000 PA:0x80008141
        1825000	       181	8000097c	e0344183	lbu	x3,-509(x8)	  x8:0x8000824d  x3=0x0000000b PA:0x80008050
        1835000	       182	80000980	00008d17	auipc	x26,0x8	 x26=0x8000897c
        1845000	       183	80000984	55bd0d13	addi	x26,x26,1371	 x26:0x8000897c x26=0x80008ed7
        1855000	       184	80000988	0074c7b3	xor	x15,x9,x7	  x9:0x80009fc4  x7:0x0000005a x15=0x80009f9e
        1865000	       185	8000098c	003173b3	and	x7,x2,x3	  x2:0x800080f0  x3:0x0000000b  x7=0x00000000
        1875000	       186	80000990	b63d5783	lhu	x15,-1181(x26)	 x26:0x80008ed7 x15=0x00002021 PA:0x80008a3a
        1885000	       187	80000994	e166bf13	sltiu	x30,x13,-490	 x13:0x800082b9 x30=0x00000001
        1895000	       188	80000998	f8ad0023	sb	x10,-128(x26)	 x26:0x80008ed7 x10:0xfc400000 PA:0x80008e57
        1905000	       189	8000099c	00000013	addi	x0,x0,0	  x0:0x00000000
        1915000	       190	800009a0	01a76a33	or	x20,x14,x26	 x14:0x8000015d x26:0x80008ed7 x20=0x80008fdf
        1925000	       191	800009a4	0150d093	srli	x1,x1,0x15	  x1:0x0000003d  x1=0x00000000
        1935000	       192	800009a8	07bd0983	lb	x19,123(x26)	 x26:0x80008ed7 x19=0x00000039 PA:0x80008f52
        1945000	       193	800009ac	2b88f193	andi	x3,x17,696	 x17:0x00000311  x3=0x00000210
        1955000	       194	800009b0	1d2ceb13	ori	x22,x25,466	 x25:0x00000011 x22=0x000001d3
        1965000	       195	800009b4	0000cdb3	xor	x27,x1,x0	  x1:0x00000000  x0:0x00000000 x27=0x00000000
        1975000	       196	800009b8	f9897413	andi	x8,x18,-104	 x18:0x00000015  x8=0x00000010
        1985000	       197	800009bc	01e808b3	add	x17,x16,x30	 x16:0x00000000 x30:0x00000001 x17=0x00000001
        1995000	       198	800009c0	a45d1583	lh	x11,-1467(x26)	 x26:0x80008ed7 x11=0x00000607 PA:0x8000891c
        2005000	       199	800009c4	01b69033	sll	x0,x13,x27	 x13:0x800082b9 x27:0x00000000
        2015000	       200	800009c8	bcbd07a3	sb	x11,-1073(x26)	 x26:0x80008ed7 x11:0x00000607 PA:0x80008aa6
        2025000	       201	800009cc	dfbd0b23	sb	x27,-522(x26)	 x26:0x80008ed7 x27:0x00000000 PA:0x80008ccd
        2035000	       202	800009d0	d61d1aa3	sh	x1,-651(x26)	 x26:0x80008ed7  x1:0x00000000 PA:0x80008c4c
        2045000	       203	800009d4	00000013	addi	x0,x0,0	  x0:0x00000000
        2055000	       204	800009d8	e06d0403	lb	x8,-506(x26)	 x26:0x80008ed7  x8=0xffffffc6 PA:0x80008cdd
        2065000	       205	800009dc	efed0703	lb	x14,-258(x26)	 x26:0x80008ed7 x14=0xffffffbe PA:0x80008dd5
        2075000	       206	800009e0	00bd1433	sll	x8,x26,x11	 x26:0x80008ed7 x11:0x00000607  x8=0x00476b80
        2085000	       207	800009e4	9c2d0b03	lb	x22,-1598(x26)	 x26:0x80008ed7 x22=0xffffff82 PA:0x80008899
        2095000	       208	800009e8	083d4403	lbu	x8,131(x26)	 x26:0x80008ed7  x8=0x00000041 PA:0x80008f5a
        2105000	       209	800009ec	d1dd2303	lw	x6,-739(x26)	 x26:0x80008ed7  x6=0xdcdddedf PA:0x80008bf4
        2115000	       210	800009f0	01fd17b3	sll	x15,x26,x31	 x26:0x80008ed7 x31:0x0000003d x15=0xe0000000
        2125000	       211	800009f4	d1ed1aa3	sh	x30,-747(x26)	 x26:0x80008ed7 x30:0x00000001 PA:0x80008bec
        2135000	       212	800009f8	fb2d0123	sb	x18,-94(x26)	 x26:0x80008ed7 x18:0x00000015 PA:0x80008e79
        2145000	       213	800009fc	0ccd4283	lbu	x5,204(x26)	 x26:0x80008ed7  x5=0x00000088 PA:0x80008fa3
        2155000	       214	80000a00	000cfbb3	and	x23,x25,x0	 x25:0x00000011  x0:0x00000000 x23=0x00000000
        2165000	       215	80000a04	01dd4b83	lbu	x23,29(x26)	 x26:0x80008ed7 x23=0x000000df PA:0x80008ef4
        2175000	       216	80000a08	f54d0503	lb	x10,-172(x26)	 x26:0x80008ed7 x10=0x00000010 PA:0x80008e2b
        2185000	       217	80000a0c	f3ad4503	lbu	x10,-198(x26)	 x26:0x80008ed7 x10=0x000000fa PA:0x80008e11
        2195000	       218	80000a10	08bd0123	sb	x11,130(x26)	 x26:0x80008ed7 x11:0x00000607 PA:0x80008f59
        2205000	       219	80000a14	4176df93	srai	x31,x13,0x17	 x13:0x800082b9 x31=0xffffff00
        2215000	       220	80000a18	cf8d4003	lbu	x0,-776(x26)	 x26:0x80008ed7 PA:0x80008bcf
        2225000	       221	80000a1c	996d1aa3	sh	x22,-1643(x26)	 x26:0x80008ed7 x22:0xffffff82 PA:0x8000886c
        2235000	       222	80000a20	d85d5903	lhu	x18,-635(x26)	 x26:0x80008ed7 x18=0x00004647 PA:0x80008c5c
        2245000	       223	80000a24	eecd0e83	lb	x29,-276(x26)	 x26:0x80008ed7 x29=0xffffffa8 PA:0x80008dc3
        2255000	       224	80000a28	00008717	auipc	x14,0x8	 x14=0x80008a24
        2265000	       225	80000a2c	08370713	addi	x14,x14,131	 x14:0x80008a24 x14=0x80008aa7
        2275000	       226	80000a30	00008417	auipc	x8,0x8	  x8=0x80008a2c
        2285000	       227	80000a34	42e40413	addi	x8,x8,1070	  x8:0x80008a2c  x8=0x80008e5a
        2295000	       228	80000a38	00008617	auipc	x12,0x8	 x12=0x80008a34
        2305000	       229	80000a3c	2f960613	addi	x12,x12,761	 x12:0x80008a34 x12=0x80008d2d
        2315000	       230	80000a40	ffc45903	lhu	x18,-4(x8)	  x8:0x80008e5a x18=0x0000003d PA:0x80008e56
        2325000	       231	80000a44	cdf61f83	lh	x31,-801(x12)	 x12:0x80008d2d x31=0xfffff6f7 PA:0x80008a0c
        2335000	       232	80000a48	ff071fa3	sh	x16,-1(x14)	 x14:0x80008aa7 x16:0x00000000 PA:0x80008aa6
        2345000	       233	80000a4c	fff44b83	lbu	x23,-1(x8)	  x8:0x80008e5a x23=0x00000042 PA:0x80008e59
        2355000	       234	80000a50	034717a3	sh	x20,47(x14)	 x14:0x80008aa7 x20:0x80008fdf PA:0x80008ad6
        2365000	       235	80000a54	02b71903	lh	x18,43(x14)	 x14:0x80008aa7 x18=0xffffb8b9 PA:0x80008ad2
        2375000	       236	80000a58	fe070a83	lb	x21,-32(x14)	 x14:0x80008aa7 x21=0x0000006c PA:0x80008a87
        2385000	       237	80000a5c	00008a17	auipc	x20,0x8	 x20=0x80008a58
        2395000	       238	80000a60	e4aa0a13	addi	x20,x20,-438	 x20:0x80008a58 x20=0x800088a2
        2405000	       239	80000a64	fc470003	lb	x0,-60(x14)	 x14:0x80008aa7 PA:0x80008a6b
        2415000	       240	80000a68	fe6408a3	sb	x6,-15(x8)	  x8:0x80008e5a  x6:0xdcdddedf PA:0x80008e4b
        2425000	       241	80000a6c	fff44c83	lbu	x25,-1(x8)	  x8:0x80008e5a x25=0x00000042 PA:0x80008e59
        2435000	       242	80000a70	d9c60423	sb	x28,-632(x12)	 x12:0x80008d2d x28:0x80009f58 PA:0x80008ab5
        2445000	       243	80000a74	00e40283	lb	x5,14(x8)	  x8:0x80008e5a  x5=0x00000053 PA:0x80008e68
        2455000	       244	80000a78	002a1623	sh	x2,12(x20)	 x20:0x800088a2  x2:0x800080f0 PA:0x800088ae
        2465000	       245	80000a7c	d2a60d23	sb	x10,-710(x12)	 x12:0x80008d2d x10:0x000000fa PA:0x80008a67
        2475000	       246	80000a80	ff4a5c03	lhu	x24,-12(x20)	 x20:0x800088a2 x24=0x00007c7d PA:0x80008896
        2485000	       247	80000a84	00972503	lw	x10,9(x14)	 x14:0x80008aa7 x10=0x98999a9b PA:0x80008ab0
        2495000	       248	80000a88	fd971983	lh	x19,-39(x14)	 x14:0x80008aa7 x19=0x00006a6b PA:0x80008a80
        2505000	       249	80000a8c	fff408a3	sb	x31,-15(x8)	  x8:0x80008e5a x31:0xfffff6f7 PA:0x80008e4b
        2515000	       250	80000a90	0bb61e83	lh	x29,187(x12)	 x12:0x80008d2d x29=0xffffd2d3 PA:0x80008de8
        2525000	       251	80000a94	eb365d83	lhu	x27,-333(x12)	 x12:0x80008d2d x27=0x0000cacb PA:0x80008be0
        2535000	       252	80000a98	00340183	lb	x3,3(x8)	  x8:0x80008e5a  x3=0x00000046 PA:0x80008e5d
        2545000	       253	80000a9c	03c74203	lbu	x4,60(x14)	 x14:0x80008aa7  x4=0x000000c8 PA:0x80008ae3
        2555000	       254	80000aa0	006a06a3	sb	x6,13(x20)	 x20:0x800088a2  x6:0xdcdddedf PA:0x800088af
        2565000	       255	80000aa4	01741823	sh	x23,16(x8)	  x8:0x80008e5a x23:0x00000042 PA:0x80008e6a
        2575000	       256	80000aa8	09160183	lb	x3,145(x12)	 x12:0x80008d2d  x3=0xffffffa5 PA:0x80008dbe
        2585000	       257	80000aac	ffaa0283	lb	x5,-6(x20)	 x20:0x800088a2  x5=0xffffff87 PA:0x8000889c
        2595000	       258	80000ab0	bfb60903	lb	x18,-1029(x12)	 x12:0x80008d2d x18=0x00000013 PA:0x80008928
        2605000	       259	80000ab4	000a4283	lbu	x5,0(x20)	 x20:0x800088a2  x5=0x00000089 PA:0x800088a2
        2615000	       260	80000ab8	00a701a3	sb	x10,3(x14)	 x14:0x80008aa7 x10:0x98999a9b PA:0x80008aaa
        2625000	       261	80000abc	1a960123	sb	x9,418(x12)	 x12:0x80008d2d  x9:0x80009fc4 PA:0x80008ecf
        2635000	       262	80000ac0	ff7a0103	lb	x2,-9(x20)	 x20:0x800088a2  x2=0xffffff82 PA:0x80008899
        2645000	       263	80000ac4	00c41503	lh	x10,12(x8)	  x8:0x80008e5a x10=0x00004c4d PA:0x80008e66
        2655000	       264	80000ac8	b9760003	lb	x0,-1129(x12)	 x12:0x80008d2d PA:0x800088c4
        2665000	       265	80000acc	00008217	auipc	x4,0x8	  x4=0x80008ac8
        2675000	       266	80000ad0	30a20213	addi	x4,x4,778	  x4:0x80008ac8  x4=0x80008dd2
        2685000	       267	80000ad4	00000013	addi	x0,x0,0	  x0:0x00000000
        2695000	       268	80000ad8	047202a3	sb	x7,69(x4)	  x4:0x80008dd2  x7:0x00000000 PA:0x80008e17
        2705000	       269	80000adc	f9b20da3	sb	x27,-101(x4)	  x4:0x80008dd2 x27:0x0000cacb PA:0x80008d6d
        2715000	       270	80000ae0	30b0ae93	slti	x29,x1,779	  x1:0x00000000 x29=0x00000001
        2725000	       271	80000ae4	f6d24d83	lbu	x27,-147(x4)	  x4:0x80008dd2 x27=0x00000024 PA:0x80008d3f
        2735000	       272	80000ae8	731e8693	addi	x13,x29,1841	 x29:0x00000001 x13=0x00000732
        2745000	       273	80000aec	05c25b03	lhu	x22,92(x4)	  x4:0x80008dd2 x22=0x00001415 PA:0x80008e2e
        2755000	       274	80000af0	f7d14a37	lui	x20,0xf7d14	 x20=0xf7d14000
        2765000	       275	80000af4	d5d28793	addi	x15,x5,-675	  x5:0x00000089 x15=0xfffffde6
        2775000	       276	80000af8	010b5913	srli	x18,x22,0x10	 x22:0x00001415 x18=0x00000000
        2785000	       277	80000afc	9a5762b7	lui	x5,0x9a576	  x5=0x9a576000
        2795000	       278	80000b00	ecc841b7	lui	x3,0xecc84	  x3=0xecc84000
        2805000	       279	80000b04	59307b93	andi	x23,x0,1427	  x0:0x00000000 x23=0x00000000
        2815000	       280	80000b08	5dc30597	auipc	x11,0x5dc30	 x11=0xddc30b04
        2825000	       281	80000b0c	26ae7293	andi	x5,x28,618	 x28:0x80009f58  x5=0x00000248
        2835000	       282	80000b10	0a124103	lbu	x2,161(x4)	  x4:0x80008dd2  x2=0x00000058 PA:0x80008e73
        2845000	       283	80000b14	8ee26293	ori	x5,x4,-1810	  x4:0x80008dd2  x5=0xfffffdfe
        2855000	       284	80000b18	f12202a3	sb	x18,-251(x4)	  x4:0x80008dd2 x18:0x00000000 PA:0x80008cd7
        2865000	       285	80000b1c	0121d3b3	srl	x7,x3,x18	  x3:0xecc84000 x18:0x00000000  x7=0xecc84000
        2875000	       286	80000b20	f8622183	lw	x3,-122(x4)	  x4:0x80008dd2  x3=0x40414243 PA:0x80008d58
        2885000	       287	80000b24	40540333	sub	x6,x8,x5	  x8:0x80008e5a  x5:0xfffffdfe  x6=0x8000905c
        2895000	       288	80000b28	00b19cb3	sll	x25,x3,x11	  x3:0x40414243 x11:0xddc30b04 x25=0x04142430
        2905000	       289	80000b2c	01de18b3	sll	x17,x28,x29	 x28:0x80009f58 x29:0x00000001 x17=0x00013eb0
        2915000	       290	80000b30	fb824883	lbu	x17,-72(x4)	  x4:0x80008dd2 x17=0x00000071 PA:0x80008d8a
        2925000	       291	80000b34	00000013	addi	x0,x0,0	  x0:0x00000000
        2935000	       292	80000b38	10021f83	lh	x31,256(x4)	  x4:0x80008dd2 x31=0xffffb8b9 PA:0x80008ed2
        2945000	       293	80000b3c	010a5f93	srli	x31,x20,0x10	 x20:0xf7d14000 x31=0x0000f7d1
        2955000	       294	80000b40	0dc205a3	sb	x28,203(x4)	  x4:0x80008dd2 x28:0x80009f58 PA:0x80008e9d
        2965000	       295	80000b44	00ad80b3	add	x1,x27,x10	 x27:0x00000024 x10:0x00004c4d  x1=0x00004c71
        2975000	       296	80000b48	09720603	lb	x12,151(x4)	  x4:0x80008dd2 x12=0x00000052 PA:0x80008e69
        2985000	       297	80000b4c	c5c1ef93	ori	x31,x3,-932	  x3:0x40414243 x31=0xfffffe5f
        2995000	       298	80000b50	40735333	sra	x6,x6,x7	  x6:0x8000905c  x7:0xecc84000  x6=0x8000905c
        3005000	       299	80000b54	015cfc33	and	x24,x25,x21	 x25:0x04142430 x21:0x0000006c x24=0x00000020
        3015000	       300	80000b58	b6b83593	sltiu	x11,x16,-1173	 x16:0x00000000 x11=0x00000001
        3025000	       301	80000b5c	00de6bb3	or	x23,x28,x13	 x28:0x80009f58 x13:0x00000732 x23=0x80009f7a
        3035000	       302	80000b60	fa120003	lb	x0,-95(x4)	  x4:0x80008dd2 PA:0x80008d73
        3045000	       303	80000b64	03e20523	sb	x30,42(x4)	  x4:0x80008dd2 x30:0x00000001 PA:0x80008dfc
        3055000	       304	80000b68	03e25e83	lhu	x29,62(x4)	  x4:0x80008dd2 x29=0x0000fafb PA:0x80008e10
        3065000	       305	80000b6c	f0520b83	lb	x23,-251(x4)	  x4:0x80008dd2 x23=0x00000000 PA:0x80008cd7
        3075000	       306	00000000	00000013	addi	x0,x0,0	  x0:0x00000000
        3085000	       307	80000b70	3febfd17	auipc	x26,0x3febf	 x26=0xbfebfb6c
        3095000	       308	80000b74	f2e21183	lh	x3,-210(x4)	  x4:0x80008dd2  x3=0xffffeaeb PA:0x80008d00
        3105000	       309	80000b78	002e3cb3	sltu	x25,x28,x2	 x28:0x80009f58  x2:0x00000058 x25=0x00000000
        3115000	       310	80000b7c	f6c25983	lhu	x19,-148(x4)	  x4:0x80008dd2 x19=0x00002425 PA:0x80008d3e
        3125000	       311	80000b80	5ae7a113	slti	x2,x15,1454	 x15:0xfffffde6  x2=0x00000001
        3135000	       312	80000b84	f2320ba3	sb	x3,-201(x4)	  x4:0x80008dd2  x3:0xffffeaeb PA:0x80008d09
        3145000	       313	80000b88	09b24583	lbu	x11,155(x4)	  x4:0x80008dd2 x11=0x00000056 PA:0x80008e6d
        3155000	       314	80000b8c	01585913	srli	x18,x16,0x15	 x16:0x00000000 x18=0x00000000
        3165000	       315	80000b90	00c8a133	slt	x2,x17,x12	 x17:0x00000071 x12:0x00000052  x2=0x00000000
        3175000	       316	80000b94	40930f33	sub	x30,x6,x9	  x6:0x8000905c  x9:0x80009fc4 x30=0xfffff098
        3185000	       317	80000b98	059203a3	sb	x25,71(x4)	  x4:0x80008dd2 x25:0x00000000 PA:0x80008e19
        3195000	       318	80000b9c	00008917	auipc	x18,0x8	 x18=0x80008b98
        3205000	       319	80000ba0	08990913	addi	x18,x18,137	 x18:0x80008b98 x18=0x80008c21
        3215000	       320	80000ba4	00008a97	auipc	x21,0x8	 x21=0x80008ba0
        3225000	       321	80000ba8	158a8a93	addi	x21,x21,344	 x21:0x80008ba0 x21=0x80008cf8
        3235000	       322	80000bac	03da8583	lb	x11,61(x21)	 x21:0x80008cf8 x11=0x0000001e PA:0x80008d35
        3245000	       323	80000bb0	38290203	lb	x4,898(x18)	 x18:0x80008c21  x4=0xffffff88 PA:0x80008fa3
        3255000	       324	80000bb4	002ac703	lbu	x14,2(x21)	 x21:0x80008cf8 x14=0x000000e1 PA:0x80008cfa
        3265000	       325	80000bb8	00008d17	auipc	x26,0x8	 x26=0x80008bb4
        3275000	       326	80000bbc	f11d0d13	addi	x26,x26,-239	 x26:0x80008bb4 x26=0x80008ac5
        3285000	       327	80000bc0	ffbd08a3	sb	x27,-15(x26)	 x26:0x80008ac5 x27:0x00000024 PA:0x80008ab6
        3295000	       328	80000bc4	fcba8703	lb	x14,-53(x21)	 x21:0x80008cf8 x14=0xffffffa8 PA:0x80008cc3
        3305000	       329	80000bc8	ff8d4383	lbu	x7,-8(x26)	 x26:0x80008ac5  x7=0x000000a6 PA:0x80008abd
        3315000	       330	80000bcc	00008f97	auipc	x31,0x8	 x31=0x80008bc8
        3325000	       331	80000bd0	2dbf8f93	addi	x31,x31,731	 x31:0x80008bc8 x31=0x80008ea3
        3335000	       332	80000bd4	019f9203	lh	x4,25(x31)	 x31:0x80008ea3  x4=0xffffa6a7 PA:0x80008ebc
        3345000	       333	80000bd8	1f595a03	lhu	x20,501(x18)	 x18:0x80008c21 x20=0x000000fd PA:0x80008e16
        3355000	       334	80000bdc	008d0c03	lb	x24,8(x26)	 x26:0x80008ac5 x24=0xffffffb6 PA:0x80008acd
        3365000	       335	80000be0	00008897	auipc	x17,0x8	 x17=0x80008bdc
        3375000	       336	80000be4	38788893	addi	x17,x17,903	 x17:0x80008bdc x17=0x80008f63
        3385000	       337	80000be8	fea88323	sb	x10,-26(x17)	 x17:0x80008f63 x10:0x00004c4d PA:0x80008f49
        3395000	       338	80000bec	01dd17a3	sh	x29,15(x26)	 x26:0x80008ac5 x29:0x0000fafb PA:0x80008ad4
        3405000	       339	80000bf0	ddc903a3	sb	x28,-569(x18)	 x18:0x80008c21 x28:0x80009f58 PA:0x800089e8
        3415000	       340	80000bf4	06088583	lb	x11,96(x17)	 x17:0x80008f63 x11=0xffffffa8 PA:0x80008fc3
        3425000	       341	80000bf8	f7c8c403	lbu	x8,-132(x17)	 x17:0x80008f63  x8=0x000000c4 PA:0x80008edf
        3435000	       342	80000bfc	ff7d5c83	lhu	x25,-9(x26)	 x26:0x80008ac5 x25=0x0000a6a7 PA:0x80008abc
        3445000	       343	80000c00	f6788423	sb	x7,-152(x17)	 x17:0x80008f63  x7:0x000000a6 PA:0x80008ecb
        3455000	       344	80000c04	cc790123	sb	x7,-830(x18)	 x18:0x80008c21  x7:0x000000a6 PA:0x800088e3
        3465000	       345	80000c08	0cafc183	lbu	x3,202(x31)	 x31:0x80008ea3  x3=0x00000056 PA:0x80008f6d
        3475000	       346	80000c0c	02ca9e23	sh	x12,60(x21)	 x21:0x80008cf8 x12:0x00000052 PA:0x80008d34
        3485000	       347	80000c10	fd1ac083	lbu	x1,-47(x21)	 x21:0x80008cf8  x1=0x000000b2 PA:0x80008cc9
        3495000	       348	80000c14	ffdd5103	lhu	x2,-3(x26)	 x26:0x80008ac5  x2=0x0000a8a9 PA:0x80008ac2
        3505000	       349	80000c18	e3995c83	lhu	x25,-455(x18)	 x18:0x80008c21 x25=0x00004041 PA:0x80008a5a
        3515000	       350	80000c1c	07b90e23	sb	x27,124(x18)	 x18:0x80008c21 x27:0x00000024 PA:0x80008c9d
        3525000	       351	80000c20	0728cc03	lbu	x24,114(x17)	 x17:0x80008f63 x24=0x000000be PA:0x80008fd5
        3535000	       352	80000c24	ff2d0703	lb	x14,-14(x26)	 x26:0x80008ac5 x14=0xffffff9c PA:0x80008ab7
        3545000	       353	80000c28	007a8c83	lb	x25,7(x21)	 x21:0x80008cf8 x25=0xffffffe4 PA:0x80008cff
        3555000	       354	80000c2c	ffbd4b03	lbu	x22,-5(x26)	 x26:0x80008ac5 x22=0x000000ab PA:0x80008ac0
        3565000	       355	80000c30	039a8303	lb	x6,57(x21)	 x21:0x80008cf8  x6=0x0000001a PA:0x80008d31
        3575000	       356	80000c34	2de94403	lbu	x8,734(x18)	 x18:0x80008c21  x8=0x000000e4 PA:0x80008eff
        3585000	       357	80000c38	f5cf8c83	lb	x25,-164(x31)	 x31:0x80008ea3 x25=0xffffffe4 PA:0x80008dff
        3595000	       358	80000c3c	ffeacb03	lbu	x22,-2(x21)	 x21:0x80008cf8 x22=0x000000dd PA:0x80008cf6
        3605000	       359	80000c40	071f8a23	sb	x17,116(x31)	 x31:0x80008ea3 x17:0x80008f63 PA:0x80008f17
        3615000	       360	80000c44	fecfc503	lbu	x10,-20(x31)	 x31:0x80008ea3 x10=0x00000074 PA:0x80008e8f
        3625000	       361	80000c48	01dd0223	sb	x29,4(x26)	 x26:0x80008ac5 x29:0x0000fafb PA:0x80008ac9
        3635000	       362	80000c4c	f118cc83	lbu	x25,-239(x17)	 x17:0x80008f63 x25=0x0000005f PA:0x80008e74
        3645000	       363	80000c50	00007117	auipc	x2,0x7	  x2=0x80007c4c
        3655000	       364	80000c54	53910113	addi	x2,x2,1337	  x2:0x80007c4c  x2=0x80008185
        3665000	       365	80000c58	fc814383	lbu	x7,-56(x2)	  x2:0x80008185  x7=0x00000006 PA:0x8000814d
        3675000	       366	80000c5c	00007b17	auipc	x22,0x7	 x22=0x80007c58
        3685000	       367	80000c60	3ffb0b13	addi	x22,x22,1023	 x22:0x80007c58 x22=0x80008057
        3695000	       368	80000c64	fe710423	sb	x7,-24(x2)	  x2:0x80008185  x7:0x00000006 PA:0x8000816d
        3705000	       369	80000c68	ffeb0403	lb	x8,-2(x22)	 x22:0x80008057  x8=0x0000000e PA:0x80008055
        3715000	       370	80000c6c	ff7b4e83	lbu	x29,-9(x22)	 x22:0x80008057 x29=0x00000005 PA:0x8000804e
        3725000	       371	80000c70	fca10c83	lb	x25,-54(x2)	  x2:0x80008185 x25=0x00000004 PA:0x8000814f
        3735000	       372	80000c74	03710623	sb	x23,44(x2)	  x2:0x80008185 x23:0x00000000 PA:0x800081b1
        3745000	       373	80000c78	feb12d03	lw	x26,-21(x2)	  x2:0x80008185 x26=0x28292a2b PA:0x80008170
        3755000	       374	80000c7c	011b5283	lhu	x5,17(x22)	 x22:0x80008057  x5=0x00002223 PA:0x80008068
        3765000	       375	80000c80	028b4383	lbu	x7,40(x22)	 x22:0x80008057  x7=0x00000034 PA:0x8000807f
        3775000	       376	80000c84	fe811fa3	sh	x8,-1(x2)	  x2:0x80008185  x8:0x0000000e PA:0x80008184
        3785000	       377	80000c88	00db0123	sb	x13,2(x22)	 x22:0x80008057 x13:0x00000732 PA:0x80008059
        3795000	       378	80000c8c	fe810823	sb	x8,-16(x2)	  x2:0x80008185  x8:0x0000000e PA:0x80008175
        3805000	       379	80000c90	ffab4a03	lbu	x20,-6(x22)	 x22:0x80008057 x20=0x0000000a PA:0x80008051
        3815000	       380	80000c94	00010123	sb	x0,2(x2)	  x2:0x80008185  x0:0x00000000 PA:0x80008187
        3825000	       381	80000c98	fff12a83	lw	x21,-1(x2)	  x2:0x80008185 x21=0x003d000e PA:0x80008184
        3835000	       382	80000c9c	01cb0583	lb	x11,28(x22)	 x22:0x80008057 x11=0x00000028 PA:0x80008073
        3845000	       383	80000ca0	03014c03	lbu	x24,48(x2)	  x2:0x80008185 x24=0x0000006e PA:0x800081b5
        3855000	       384	80000ca4	00007e97	auipc	x29,0x7	 x29=0x80007ca0
        3865000	       385	80000ca8	65ce8e93	addi	x29,x29,1628	 x29:0x80007ca0 x29=0x800082fc
        3875000	       386	80000cac	00007317	auipc	x6,0x7	  x6=0x80007ca8
        3885000	       387	80000cb0	71d30313	addi	x6,x6,1821	  x6:0x80007ca8  x6=0x800083c5
        3895000	       388	80000cb4	06ae8703	lb	x14,106(x29)	 x29:0x800082fc x14=0x0000001d PA:0x80008366
        3905000	       389	80000cb8	00008597	auipc	x11,0x8	 x11=0x80008cb4
        3915000	       390	80000cbc	afb58593	addi	x11,x11,-1285	 x11:0x80008cb4 x11=0x800087af
        3925000	       391	80000cc0	f6058883	lb	x17,-160(x11)	 x11:0x800087af x17=0xffffffc4 PA:0x8000870f
        3935000	       392	80000cc4	e95e9e23	sh	x21,-356(x29)	 x29:0x800082fc x21:0x003d000e PA:0x80008198
        3945000	       393	80000cc8	d9fec083	lbu	x1,-609(x29)	 x29:0x800082fc  x1=0x00000050 PA:0x8000809b
        3955000	       394	80000ccc	ff531983	lh	x19,-11(x6)	  x6:0x800083c5 x19=0x00007071 PA:0x800083ba
        3965000	       395	80000cd0	f70ec683	lbu	x13,-144(x29)	 x29:0x800082fc x13=0x00000027 PA:0x8000826c
        3975000	       396	80000cd4	00834083	lbu	x1,8(x6)	  x6:0x800083c5  x1=0x00000086 PA:0x800083cd
        3985000	       397	80000cd8	2c3e8403	lb	x8,707(x29)	 x29:0x800082fc  x8=0x00000074 PA:0x800085bf
        3995000	       398	80000cdc	00731103	lh	x2,7(x6)	  x6:0x800083c5  x2=0xffff8687 PA:0x800083cc
        4005000	       399	80000ce0	05e58b23	sb	x30,86(x11)	 x11:0x800087af x30:0xfffff098 PA:0x80008805
        4015000	       400	80000ce4	eb2ecd03	lbu	x26,-334(x29)	 x29:0x800082fc x26=0x00000065 PA:0x800081ae
        4025000	       401	80000ce8	019315a3	sh	x25,11(x6)	  x6:0x800083c5 x25:0x00000004 PA:0x800083d0
        4035000	       402	80000cec	f215c183	lbu	x3,-223(x11)	 x11:0x800087af  x3=0x0000008b PA:0x800086d0
        4045000	       403	80000cf0	f3b5cd83	lbu	x27,-197(x11)	 x11:0x800087af x27=0x000000a1 PA:0x800086ea
        4055000	       404	80000cf4	002e9723	sh	x2,14(x29)	 x29:0x800082fc  x2:0xffff8687 PA:0x8000830a
        4065000	       405	80000cf8	de1e8503	lb	x10,-543(x29)	 x29:0x800082fc x10=0xffffff96 PA:0x800080dd
        4075000	       406	80000cfc	00830603	lb	x12,8(x6)	  x6:0x800083c5 x12=0xffffff86 PA:0x800083cd
        4085000	       407	80000d00	2d5e8983	lb	x19,725(x29)	 x29:0x800082fc x19=0xffffff8a PA:0x800085d1
        4095000	       408	80000d04	f825ca03	lbu	x20,-126(x11)	 x11:0x800087af x20=0x000000ea PA:0x80008731
        4105000	       409	80000d08	00007117	auipc	x2,0x7	  x2=0x80007d04
        4115000	       410	80000d0c	53610113	addi	x2,x2,1334	  x2:0x80007d04  x2=0x8000823a
        4125000	       411	80000d10	ff414303	lbu	x6,-12(x2)	  x2:0x8000823a  x6=0x000000e5 PA:0x8000822e
        4135000	       412	80000d14	00e11883	lh	x17,14(x2)	  x2:0x8000823a x17=0x00000203 PA:0x80008248
        4145000	       413	80000d18	ff610c23	sb	x22,-8(x2)	  x2:0x8000823a x22:0x80008057 PA:0x80008232
        4155000	       414	80000d1c	015afdb3	and	x27,x21,x21	 x21:0x003d000e x21:0x003d000e x27=0x003d000e
        4165000	       415	80000d20	00d14783	lbu	x15,13(x2)	  x2:0x8000823a x15=0x000000fc PA:0x80008247
        4175000	       416	80000d24	fab1b613	sltiu	x12,x3,-85	  x3:0x0000008b x12=0x00000001
        4185000	       417	80000d28	ffe14383	lbu	x7,-2(x2)	  x2:0x8000823a  x7=0x000000f3 PA:0x80008238
        4195000	       418	80000d2c	00615983	lhu	x19,6(x2)	  x2:0x8000823a x19=0x0000fafb PA:0x80008240
        4205000	       419	80000d30	b596f013	andi	x0,x13,-1191	 x13:0x00000027
        4215000	       420	80000d34	00310583	lb	x11,3(x2)	  x2:0x8000823a x11=0xfffffff6 PA:0x8000823d
        4225000	       421	80000d38	00714683	lbu	x13,7(x2)	  x2:0x8000823a x13=0x000000fa PA:0x80008241
        4235000	       422	80000d3c	00baf933	and	x18,x21,x11	 x21:0x003d000e x11:0xfffffff6 x18=0x003d0006
        4245000	       423	80000d40	00000013	addi	x0,x0,0	  x0:0x00000000
        4255000	       424	80000d44	0178ac33	slt	x24,x17,x23	 x17:0x00000203 x23:0x00000000 x24=0x00000000
        4265000	       425	80000d48	fff10083	lb	x1,-1(x2)	  x2:0x8000823a  x1=0xfffffff2 PA:0x80008239
        4275000	       426	80000d4c	00851b13	slli	x22,x10,0x8	 x10:0xffffff96 x22=0xffff9600
        4285000	       427	80000d50	010250b3	srl	x1,x4,x16	  x4:0xffffa6a7 x16:0x00000000  x1=0xffffa6a7
        4295000	       428	80000d54	01877a33	and	x20,x14,x24	 x14:0x0000001d x24:0x00000000 x20=0x00000000
        4305000	       429	80000d58	006101a3	sb	x6,3(x2)	  x2:0x8000823a  x6:0x000000e5 PA:0x8000823d
        4315000	       430	80000d5c	ffc14183	lbu	x3,-4(x2)	  x2:0x8000823a  x3=0x000000ed PA:0x80008236
        4325000	       431	80000d60	ff714383	lbu	x7,-9(x2)	  x2:0x8000823a  x7=0x000000ea PA:0x80008231
        4335000	       432	80000d64	fe310fa3	sb	x3,-1(x2)	  x2:0x8000823a  x3:0x000000ed PA:0x80008239
        4345000	       433	80000d68	ffa14003	lbu	x0,-6(x2)	  x2:0x8000823a PA:0x80008234
        4355000	       434	80000d6c	ffe11b03	lh	x22,-2(x2)	  x2:0x8000823a x22=0xffffedf3 PA:0x80008238
        4365000	       435	80000d70	00914703	lbu	x14,9(x2)	  x2:0x8000823a x14=0x000000f8 PA:0x80008243
        4375000	       436	80000d74	21003293	sltiu	x5,x0,528	  x0:0x00000000  x5=0x00000001
        4385000	       437	80000d78	690cac93	slti	x25,x25,1680	 x25:0x00000004 x25=0x00000001
        4395000	       438	80000d7c	ffa12b23	sw	x26,-10(x2)	  x2:0x8000823a x26:0x00000065 PA:0x80008230
        4405000	       439	80000d80	019100a3	sb	x25,1(x2)	  x2:0x8000823a x25:0x00000001 PA:0x8000823b
        4415000	       440	80000d84	ffb10c03	lb	x24,-5(x2)	  x2:0x8000823a x24=0xffffffee PA:0x80008235
        4425000	       441	80000d88	ff011c23	sh	x16,-8(x2)	  x2:0x8000823a x16:0x00000000 PA:0x80008232
        4435000	       442	80000d8c	00c14703	lbu	x14,12(x2)	  x2:0x8000823a x14=0x000000fd PA:0x80008246
        4445000	       443	80000d90	018198b3	sll	x17,x3,x24	  x3:0x000000ed x24:0xffffffee x17=0x003b4000
        4455000	       444	80000d94	00d626b3	slt	x13,x12,x13	 x12:0x00000001 x13:0x000000fa x13=0x00000001
        4465000	       445	80000d98	00410323	sb	x4,6(x2)	  x2:0x8000823a  x4:0xffffa6a7 PA:0x80008240
        4475000	       446	80000d9c	00a10623	sb	x10,12(x2)	  x2:0x8000823a x10:0xffffff96 PA:0x80008246
        4485000	       447	80000da0	fe510aa3	sb	x5,-11(x2)	  x2:0x8000823a  x5:0x00000001 PA:0x8000822f
        4495000	       448	80000da4	00b8d393	srli	x7,x17,0xb	 x17:0x003b4000  x7=0x00000768
        4505000	       449	80000da8	ffb10303	lb	x6,-5(x2)	  x2:0x8000823a  x6=0xffffffee PA:0x80008235
        4515000	       450	80000dac	ffe14403	lbu	x8,-2(x2)	  x2:0x8000823a  x8=0x000000f3 PA:0x80008238
        4525000	       451	80000db0	00b10583	lb	x11,11(x2)	  x2:0x8000823a x11=0xfffffffe PA:0x80008245
        4535000	       452	00000000	00000013	addi	x0,x0,0	  x0:0x00000000
        4545000	       453	80000db4	4195d193	srai	x3,x11,0x19	 x11:0xfffffffe  x3=0xffffffff
        4555000	       454	80000db8	019b5933	srl	x18,x22,x25	 x22:0xffffedf3 x25:0x00000001 x18=0x7ffff6f9
        4565000	       455	80000dbc	0001cfb3	xor	x31,x3,x0	  x3:0xffffffff  x0:0x00000000 x31=0xffffffff
        4575000	       456	80000dc0	007fd233	srl	x4,x31,x7	 x31:0xffffffff  x7:0x00000768  x4=0x00ffffff
        4585000	       457	80000dc4	009cddb3	srl	x27,x25,x9	 x25:0x00000001  x9:0x80009fc4 x27=0x00000000
        4595000	       458	80000dc8	00000013	addi	x0,x0,0	  x0:0x00000000
        4605000	       459	80000dcc	00a11083	lh	x1,10(x2)	  x2:0x8000823a  x1=0xfffffeff PA:0x80008244
        4615000	       460	80000dd0	41048333	sub	x6,x9,x16	  x9:0x80009fc4 x16:0x00000000  x6=0x80009fc4
        4625000	       461	80000dd4	ffd14983	lbu	x19,-3(x2)	  x2:0x8000823a x19=0x000000ec PA:0x80008237
        4635000	       462	80000dd8	00007517	auipc	x10,0x7	 x10=0x80007dd4
        4645000	       463	80000ddc	4e650513	addi	x10,x10,1254	 x10:0x80007dd4 x10=0x800082ba
        4655000	       464	80000de0	02754e83	lbu	x29,39(x10)	 x10:0x800082ba x29=0x0000009a PA:0x800082e1
        4665000	       465	80000de4	02754403	lbu	x8,39(x10)	 x10:0x800082ba  x8=0x0000009a PA:0x800082e1
        4675000	       466	80000de8	fef52923	sw	x15,-14(x10)	 x10:0x800082ba x15:0x000000fc PA:0x800082ac
        4685000	       467	80000dec	031504a3	sb	x17,41(x10)	 x10:0x800082ba x17:0x003b4000 PA:0x800082e3
        4695000	       468	80000df0	02954883	lbu	x17,41(x10)	 x10:0x800082ba x17=0x00000000 PA:0x800082e3
        4705000	       469	80000df4	008d0b33	add	x22,x26,x8	 x26:0x00000065  x8:0x0000009a x22=0x000000ff
        4715000	       470	80000df8	02950083	lb	x1,41(x10)	 x10:0x800082ba  x1=0x00000000 PA:0x800082e3
        4725000	       471	80000dfc	fe950783	lb	x15,-23(x10)	 x10:0x800082ba x15=0x00000058 PA:0x800082a3
        4735000	       472	80000e00	ffc504a3	sb	x28,-23(x10)	 x10:0x800082ba x28:0x80009f58 PA:0x800082a3
        4745000	       473	80000e04	fc751723	sh	x7,-50(x10)	 x10:0x800082ba  x7:0x00000768 PA:0x80008288
        4755000	       474	80000e08	01150f03	lb	x30,17(x10)	 x10:0x800082ba x30=0xffffff80 PA:0x800082cb
        4765000	       475	80000e0c	01d5e633	or	x12,x11,x29	 x11:0xfffffffe x29:0x0000009a x12=0xfffffffe
        4775000	       476	80000e10	03550923	sb	x21,50(x10)	 x10:0x800082ba x21:0x003d000e PA:0x800082ec
        4785000	       477	80000e14	fc455183	lhu	x3,-60(x10)	 x10:0x800082ba  x3=0x00003435 PA:0x8000827e
        4795000	       478	80000e18	fc455683	lhu	x13,-60(x10)	 x10:0x800082ba x13=0x00003435 PA:0x8000827e
        4805000	       479	80000e1c	00007197	auipc	x3,0x7	  x3=0x80007e18
        4815000	       480	80000e20	6c518193	addi	x3,x3,1733	  x3:0x80007e18  x3=0x800084dd
        4825000	       481	80000e24	0115f033	and	x0,x11,x17	 x11:0xfffffffe x17:0x00000000
        4835000	       482	80000e28	fd01ce83	lbu	x29,-48(x3)	  x3:0x800084dd x29=0x00000066 PA:0x800084ad
        4845000	       483	80000e2c	0401c303	lbu	x6,64(x3)	  x3:0x800084dd  x6=0x000000d6 PA:0x8000851d
        4855000	       484	80000e30	41305bb3	sra	x23,x0,x19	  x0:0x00000000 x19:0x000000ec x23=0x00000000
        4865000	       485	80000e34	01464333	xor	x6,x12,x20	 x12:0xfffffffe x20:0x00000000  x6=0xfffffffe
        4875000	       486	80000e38	fcc18703	lb	x14,-52(x3)	  x3:0x800084dd x14=0x00000062 PA:0x800084a9
        4885000	       487	80000e3c	0071a5a3	sw	x7,11(x3)	  x3:0x800084dd  x7:0x00000768 PA:0x800084e8
        4895000	       488	80000e40	fee187a3	sb	x14,-17(x3)	  x3:0x800084dd x14:0x00000062 PA:0x800084cc
        4905000	       489	80000e44	0171a283	lw	x5,23(x3)	  x3:0x800084dd  x5=0xacadaeaf PA:0x800084f4
        4915000	       490	80000e48	ffe18b23	sb	x30,-10(x3)	  x3:0x800084dd x30:0xffffff80 PA:0x800084d3
        4925000	       491	80000e4c	9f5af313	andi	x6,x21,-1547	 x21:0x003d000e  x6=0x003d0004
        4935000	       492	80000e50	ffb19c83	lh	x25,-5(x3)	  x3:0x800084dd x25=0xffff9293 PA:0x800084d8
        4945000	       493	80000e54	ff118c83	lb	x25,-15(x3)	  x3:0x800084dd x25=0xffffff85 PA:0x800084ce
        4955000	       494	00000000	00000013	addi	x0,x0,0	  x0:0x00000000
        4965000	       495	80000e58	008cc3b3	xor	x7,x25,x8	 x25:0xffffff85  x8:0x0000009a  x7=0xffffff1f
        4975000	       496	80000e5c	407bd693	srai	x13,x23,0x7	 x23:0x00000000 x13=0x00000000
        4985000	       497	80000e60	43ec6ab7	lui	x21,0x43ec6	 x21=0x43ec6000
        4995000	       498	80000e64	00daa8b3	slt	x17,x21,x13	 x21:0x43ec6000 x13:0x00000000 x17=0x00000000
        5005000	       499	80000e68	ae864a93	xori	x21,x12,-1304	 x12:0xfffffffe x21=0x00000516
        5015000	       500	80000e6c	ff21cc03	lbu	x24,-14(x3)	  x3:0x800084dd x24=0x00000084 PA:0x800084cf
        5025000	       501	00000000	00000013	addi	x0,x0,0	  x0:0x00000000
        5035000	       502	80000e70	fd818603	lb	x12,-40(x3)	  x3:0x800084dd x12=0x0000006e PA:0x800084b5
        5045000	       503	80000e74	00000013	addi	x0,x0,0	  x0:0x00000000
        5055000	       504	80000e78	fde18c83	lb	x25,-34(x3)	  x3:0x800084dd x25=0x00000070 PA:0x800084bb
        5065000	       505	80000e7c	dcdc6913	ori	x18,x24,-563	 x24:0x00000084 x18=0xfffffdcd
        5075000	       506	80000e80	00b1a1a3	sw	x11,3(x3)	  x3:0x800084dd x11:0xfffffffe PA:0x800084e0
        5085000	       507	80000e84	01af6b33	or	x22,x30,x26	 x30:0xffffff80 x26:0x00000065 x22=0xffffffe5
        5095000	       508	80000e88	fe01cf03	lbu	x30,-32(x3)	  x3:0x800084dd x30=0x00000076 PA:0x800084bd
        5105000	       509	00000000	00000013	addi	x0,x0,0	  x0:0x00000000
        5115000	       510	80000e8c	03e1cd83	lbu	x27,62(x3)	  x3:0x800084dd x27=0x000000d0 PA:0x8000851b
        5125000	       511	80000e90	013197a3	sh	x19,15(x3)	  x3:0x800084dd x19:0x000000ec PA:0x800084ec
        5135000	       512	80000e94	fed1c283	lbu	x5,-19(x3)	  x3:0x800084dd  x5=0x00000081 PA:0x800084ca
        5145000	       513	80000e98	00796b93	ori	x23,x18,7	 x18:0xfffffdcd x23=0xfffffdcf
        5155000	       514	80000e9c	412edcb3	sra	x25,x29,x18	 x29:0x00000066 x18:0xfffffdcd x25=0x00000000
        5165000	       515	80000ea0	0001a9a3	sw	x0,19(x3)	  x3:0x800084dd  x0:0x00000000 PA:0x800084f0
        5175000	       516	80000ea4	00c18883	lb	x17,12(x3)	  x3:0x800084dd x17=0x00000007 PA:0x800084e9
        5185000	       517	80000ea8	000f9113	slli	x2,x31,0x0	 x31:0xffffffff  x2=0xffffffff
        5195000	       518	80000eac	fe3185a3	sb	x3,-21(x3)	  x3:0x800084dd  x3:0x800084dd PA:0x800084c8
        5205000	       519	80000eb0	fd01cb83	lbu	x23,-48(x3)	  x3:0x800084dd x23=0x00000066 PA:0x800084ad
        5215000	       520	80000eb4	00125b13	srli	x22,x4,0x1	  x4:0x00ffffff x22=0x007fffff
        5225000	       521	80000eb8	fd518983	lb	x19,-43(x3)	  x3:0x800084dd x19=0x00000069 PA:0x800084b2
        5235000	       522	80000ebc	fd61cc83	lbu	x25,-42(x3)	  x3:0x800084dd x25=0x00000068 PA:0x800084b3
        5245000	       523	80000ec0	00008717	auipc	x14,0x8	 x14=0x80008ebc
        5255000	       524	80000ec4	a2b70713	addi	x14,x14,-1493	 x14:0x80008ebc x14=0x800088e7
        5265000	       525	80000ec8	00008317	auipc	x6,0x8	  x6=0x80008ec4
        5275000	       526	80000ecc	a2930313	addi	x6,x6,-1495	  x6:0x80008ec4  x6=0x800088ed
        5285000	       527	80000ed0	ffa30823	sb	x26,-16(x6)	  x6:0x800088ed x26:0x00000065 PA:0x800088dd
        5295000	       528	80000ed4	00008897	auipc	x17,0x8	 x17=0x80008ed0
        5305000	       529	80000ed8	95188893	addi	x17,x17,-1711	 x17:0x80008ed0 x17=0x80008821
        5315000	       530	80000edc	ff030d23	sb	x16,-6(x6)	  x6:0x800088ed x16:0x00000000 PA:0x800088e7
        5325000	       531	80000ee0	00288823	sb	x2,16(x17)	 x17:0x80008821  x2:0xffffffff PA:0x80008831
        5335000	       532	80000ee4	00008797	auipc	x15,0x8	 x15=0x80008ee0
        5345000	       533	80000ee8	e0878793	addi	x15,x15,-504	 x15:0x80008ee0 x15=0x80008ce8
        5355000	       534	80000eec	ffd89c83	lh	x25,-3(x17)	 x17:0x80008821 x25=0x00000405 PA:0x8000881e
        5365000	       535	80000ef0	b8578d03	lb	x26,-1147(x15)	 x15:0x80008ce8 x26=0xffffffff PA:0x8000886d
        5375000	       536	80000ef4	2b978c03	lb	x24,697(x15)	 x15:0x80008ce8 x24=0xffffff8a PA:0x80008fa1
        5385000	       537	80000ef8	01188223	sb	x17,4(x17)	 x17:0x80008821 x17:0x80008821 PA:0x80008825
        5395000	       538	80000efc	d6a78503	lb	x10,-662(x15)	 x15:0x80008ce8 x10=0x00000039 PA:0x80008a52
        5405000	       539	00000000	00000013	addi	x0,x0,0	  x0:0x00000000
        5415000	       540	80000f00	00a70283	lb	x5,10(x14)	 x14:0x800088e7  x5=0xffffffda PA:0x800088f1
        5425000	       541	80000f04	ffe8ca03	lbu	x20,-2(x17)	 x17:0x80008821 x20=0x00000004 PA:0x8000881f
        5435000	       542	80000f08	00e74903	lbu	x18,14(x14)	 x14:0x800088e7 x18=0x000000de PA:0x800088f5
        5445000	       543	80000f0c	fea88da3	sb	x10,-5(x17)	 x17:0x80008821 x10:0x00000039 PA:0x8000881c
        5455000	       544	80000f10	00b30103	lb	x2,11(x6)	  x6:0x800088ed  x2=0xffffffe3 PA:0x800088f8
        5465000	       545	80000f14	ff9708a3	sb	x25,-15(x14)	 x14:0x800088e7 x25:0x00000405 PA:0x800088d8
        5475000	       546	80000f18	ceb7c983	lbu	x19,-789(x15)	 x15:0x80008ce8 x19=0x000000b8 PA:0x800089d3
        5485000	       547	80000f1c	01b304a3	sb	x27,9(x6)	  x6:0x800088ed x27:0x000000d0 PA:0x800088f6
        5495000	       548	80000f20	ff531503	lh	x10,-11(x6)	  x6:0x800088ed x10=0xffffa6c9 PA:0x800088e2
        5505000	       549	80000f24	00b893a3	sh	x11,7(x17)	 x17:0x80008821 x11:0xfffffffe PA:0x80008828
        5515000	       550	80000f28	0048c383	lbu	x7,4(x17)	 x17:0x80008821  x7=0x00000021 PA:0x80008825
        5525000	       551	80000f2c	00270503	lb	x10,2(x14)	 x14:0x800088e7 x10=0xffffffd2 PA:0x800088e9
        5535000	       552	80000f30	2d578aa3	sb	x21,725(x15)	 x15:0x80008ce8 x21:0x00000516 PA:0x80008fbd
        5545000	       553	80000f34	cb07ab83	lw	x23,-848(x15)	 x15:0x80008ce8 x23=0x80818283 PA:0x80008998
        5555000	       554	80000f38	00530203	lb	x4,5(x6)	  x6:0x800088ed  x4=0xffffffd9 PA:0x800088f2
        5565000	       555	80000f3c	fe6728a3	sw	x6,-15(x14)	 x14:0x800088e7  x6:0x800088ed PA:0x800088d8
        5575000	       556	80000f40	014890a3	sh	x20,1(x17)	 x17:0x80008821 x20:0x00000004 PA:0x80008822
        5585000	       557	80000f44	00e30f03	lb	x30,14(x6)	  x6:0x800088ed x30=0xffffffe0 PA:0x800088fb
        5595000	       558	80000f48	07479183	lh	x3,116(x15)	 x15:0x80008ce8  x3=0x00004647 PA:0x80008d5c
        5605000	       559	80000f4c	00008f17	auipc	x30,0x8	 x30=0x80008f48
        5615000	       560	80000f50	81cf0f13	addi	x30,x30,-2020	 x30:0x80008f48 x30=0x80008764
        5625000	       561	80000f54	94ab7213	andi	x4,x22,-1718	 x22:0x007fffff  x4=0x007ff94a
        5635000	       562	80000f58	012a36b3	sltu	x13,x20,x18	 x20:0x00000004 x18:0x000000de x13=0x00000001
        5645000	       563	80000f5c	008f2023	sw	x8,0(x30)	 x30:0x80008764  x8:0x0000009a PA:0x80008764
        5655000	       564	80000f60	ff9f4603	lbu	x12,-7(x30)	 x30:0x80008764 x12=0x00000016 PA:0x8000875d
        5665000	       565	80000f64	003f0203	lb	x4,3(x30)	 x30:0x80008764  x4=0x00000000 PA:0x80008767
        5675000	       566	80000f68	413d7093	andi	x1,x26,1043	 x26:0xffffffff  x1=0x00000413
        5685000	       567	80000f6c	005f0983	lb	x19,5(x30)	 x30:0x80008764 x19=0x00000022 PA:0x80008769
        5695000	       568	80000f70	41ca8033	sub	x0,x21,x28	 x21:0x00000516 x28:0x80009f58
        5705000	       569	80000f74	009f0903	lb	x18,9(x30)	 x30:0x80008764 x18=0x00000026 PA:0x8000876d
        5715000	       570	80000f78	007f4b03	lbu	x22,7(x30)	 x30:0x80008764 x22=0x00000020 PA:0x8000876b
        5725000	       571	80000f7c	ff0f2a03	lw	x20,-16(x30)	 x30:0x80008764 x20=0x0c0d0e0f PA:0x80008754
        5735000	       572	80000f80	005f4403	lbu	x8,5(x30)	 x30:0x80008764  x8=0x00000022 PA:0x80008769
        5745000	       573	00000000	00000013	addi	x0,x0,0	  x0:0x00000000
        5755000	       574	80000f84	008f2623	sw	x8,12(x30)	 x30:0x80008764  x8:0x00000022 PA:0x80008770
        5765000	       575	80000f88	bef7a313	slti	x6,x15,-1041	 x15:0x80008ce8  x6=0x00000001
        5775000	       576	80000f8c	1f29b8b7	lui	x17,0x1f29b	 x17=0x1f29b000
        5785000	       577	80000f90	01cfa1b3	slt	x3,x31,x28	 x31:0xffffffff x28:0x80009f58  x3=0x00000000
        5795000	       578	80000f94	ff9f0703	lb	x14,-7(x30)	 x30:0x80008764 x14=0x00000016 PA:0x8000875d
        5805000	       579	80000f98	001f0b03	lb	x22,1(x30)	 x30:0x80008764 x22=0x00000000 PA:0x80008765
        5815000	       580	80000f9c	00cf1103	lh	x2,12(x30)	 x30:0x80008764  x2=0x00000022 PA:0x80008770
        5825000	       581	80000fa0	005397b3	sll	x15,x7,x5	  x7:0x00000021  x5:0xffffffda x15=0x84000000
        5835000	       582	80000fa4	ff4f1983	lh	x19,-12(x30)	 x30:0x80008764 x19=0x00001213 PA:0x80008758
        5845000	       583	80000fa8	d6771017	auipc	x0,0xd6771	
        5855000	       584	80000fac	c6fbfd13	andi	x26,x23,-913	 x23:0x80818283 x26=0x80818003
        5865000	       585	80000fb0	014f07a3	sb	x20,15(x30)	 x30:0x80008764 x20:0x0c0d0e0f PA:0x80008773
        5875000	       586	80000fb4	00df0703	lb	x14,13(x30)	 x30:0x80008764 x14=0x00000000 PA:0x80008771
        5885000	       587	80000fb8	40545b93	srai	x23,x8,0x5	  x8:0x00000022 x23=0x00000001
        5895000	       588	80000fbc	ff9f4703	lbu	x14,-7(x30)	 x30:0x80008764 x14=0x00000016 PA:0x8000875d
        5905000	       589	80000fc0	ff2f0783	lb	x15,-14(x30)	 x30:0x80008764 x15=0x0000000d PA:0x80008756
        5915000	       590	80000fc4	f1e04d13	xori	x26,x0,-226	  x0:0x00000000 x26=0xffffff1e
        5925000	       591	80000fc8	ff2f0383	lb	x7,-14(x30)	 x30:0x80008764  x7=0x0000000d PA:0x80008756
        5935000	       592	80000fcc	00007697	auipc	x13,0x7	 x13=0x80007fc8
        5945000	       593	80000fd0	35b68693	addi	x13,x13,859	 x13:0x80007fc8 x13=0x80008323
        5955000	       594	80000fd4	00007c17	auipc	x24,0x7	 x24=0x80007fd0
        5965000	       595	80000fd8	13dc0c13	addi	x24,x24,317	 x24:0x80007fd0 x24=0x8000810d
        5975000	       596	80000fdc	0706c383	lbu	x7,112(x13)	 x13:0x80008323  x7=0x00000048 PA:0x80008393
        5985000	       597	80000fe0	fccc0883	lb	x17,-52(x24)	 x24:0x8000810d x17=0xffffff92 PA:0x800080d9
        5995000	       598	80000fe4	f6868923	sb	x8,-142(x13)	 x13:0x80008323  x8:0x00000022 PA:0x80008295
        6005000	       599	80000fe8	00007b97	auipc	x23,0x7	 x23=0x80007fe4
        6015000	       600	80000fec	781b8b93	addi	x23,x23,1921	 x23:0x80007fe4 x23=0x80008765
        6025000	       601	80000ff0	011c1783	lh	x15,17(x24)	 x24:0x8000810d x15=0xffffd4d5 PA:0x8000811e
        6035000	       602	80000ff4	007c1283	lh	x5,7(x24)	 x24:0x8000810d  x5=0xffffcecf PA:0x80008114
        6045000	       603	80000ff8	08f6c003	lbu	x0,143(x13)	 x13:0x80008323 PA:0x800083b2
        6055000	       604	80000ffc	fcfc1a03	lh	x20,-49(x24)	 x24:0x8000810d x20=0xffff9697 PA:0x800080dc
        6065000	       605	80001000	a78b8a03	lb	x20,-1416(x23)	 x23:0x80008765 x20=0xffffff96 PA:0x800081dd
        6075000	       606	80001004	b26bc883	lbu	x17,-1242(x23)	 x23:0x80008765 x17=0x00000040 PA:0x8000828b
        6085000	       607	80001008	fc3c0423	sb	x3,-56(x24)	 x24:0x8000810d  x3:0x00000000 PA:0x800080d5
        6095000	       608	8000100c	ae1b8d23	sb	x1,-1286(x23)	 x23:0x80008765  x1:0x00000413 PA:0x8000825f
        6105000	       609	80001010	0cb68883	lb	x17,203(x13)	 x13:0x80008323 x17=0xffffffa5 PA:0x800083ee
        6115000	       610	80001014	f3c68303	lb	x6,-196(x13)	 x13:0x80008323  x6=0x00000013 PA:0x8000825f
        6125000	       611	80001018	f6db90a3	sh	x13,-159(x23)	 x23:0x80008765 x13:0x80008323 PA:0x800086c6
        6135000	       612	8000101c	d55b8903	lb	x18,-683(x23)	 x23:0x80008765 x18=0x00000071 PA:0x800084ba
        6145000	       613	80001020	026b1c63	bne	x22,x6,80001058	 x22:0x00000000  x6:0x00000013
        6155000	       614	00000000	00000013	addi	x0,x0,0	  x0:0x00000000
        6165000	       615	80001054	00000013	addi	x0,x0,0	  x0:0x00000000
        6175000	       616	80001058	01bc5693	srli	x13,x24,0x1b	 x24:0x8000810d x13=0x00000010
        6185000	       617	8000105c	00000013	addi	x0,x0,0	  x0:0x00000000
        6195000	       618	80001060	289f9d37	lui	x26,0x289f9	 x26=0x289f9000
        6205000	       619	80001064	00cfab33	slt	x22,x31,x12	 x31:0xffffffff x12:0x00000016 x22=0x00000001
        6215000	       620	80001068	6f56f113	andi	x2,x13,1781	 x13:0x00000010  x2=0x00000010
        6225000	       621	8000106c	01466533	or	x10,x12,x20	 x12:0x00000016 x20:0xffffff96 x10=0xffffff96
        6235000	       622	80001070	64a5b793	sltiu	x15,x11,1610	 x11:0xfffffffe x15=0x00000000
        6245000	       623	80001074	01e17ab3	and	x21,x2,x30	  x2:0x00000010 x30:0x80008764 x21=0x00000000
        6255000	       624	80001078	7a64b513	sltiu	x10,x9,1958	  x9:0x80009fc4 x10=0x00000000
        6265000	       625	8000107c	016acc63	blt	x21,x22,80001094	 x21:0x00000000 x22:0x00000001
        6275000	       626	00000000	00000013	addi	x0,x0,0	  x0:0x00000000
        6285000	       627	80001090	00000013	addi	x0,x0,0	  x0:0x00000000
        6295000	       628	80001094	01839c93	slli	x25,x7,0x18	  x7:0x00000048 x25=0x48000000
        6305000	       629	80001098	05975063	bge	x14,x25,800010d8	 x14:0x00000016 x25:0x48000000
        6315000	       630	8000109c	009d0263	beq	x26,x9,800010a0	 x26:0x289f9000  x9:0x80009fc4
        6325000	       631	800010a0	41bf5993	srai	x19,x30,0x1b	 x30:0x80008764 x19=0xfffffff0
        6335000	       632	800010a4	d1df3317	auipc	x6,0xd1df3	  x6=0x51df40a0
        6345000	       633	800010a8	239adc17	auipc	x24,0x239ad	 x24=0xa39ae0a4
        6355000	       634	800010ac	00fe6d33	or	x26,x28,x15	 x28:0x80009f58 x15:0x00000000 x26=0x80009f58
        6365000	       635	800010b0	00000013	addi	x0,x0,0	  x0:0x00000000
        6375000	       636	800010b4	017e7433	and	x8,x28,x23	 x28:0x80009f58 x23:0x80008765  x8=0x80008740
        6385000	       637	800010b8	e4b5e197	auipc	x3,0xe4b5e	  x3=0x64b5f0b4
        6395000	       638	800010bc	030d5263	bge	x26,x16,800010e0	 x26:0x80009f58 x16:0x00000000
        6405000	       639	800010c0	00082133	slt	x2,x16,x0	 x16:0x00000000  x0:0x00000000  x2=0x00000000
        6415000	       640	800010c4	03dbd063	bge	x23,x29,800010e4	 x23:0x80008765 x29:0x00000066
        6425000	       641	800010c8	03c3e863	bltu	x7,x28,800010f8	  x7:0x00000048 x28:0x80009f58
        6435000	       642	00000000	00000013	addi	x0,x0,0	  x0:0x00000000
        6445000	       643	800010f4	00000013	addi	x0,x0,0	  x0:0x00000000
        6455000	       644	800010f8	40655893	srai	x17,x10,0x6	 x10:0x00000000 x17=0x00000000
        6465000	       645	800010fc	2c463d13	sltiu	x26,x12,708	 x12:0x00000016 x26=0x00000001
        6475000	       646	80001100	03adc263	blt	x27,x26,80001124	 x27:0x000000d0 x26:0x00000001
        6485000	       647	80001104	007addb3	srl	x27,x21,x7	 x21:0x00000000  x7:0x00000048 x27=0x00000000
        6495000	       648	80001108	03d0c863	blt	x1,x29,80001138	  x1:0x00000413 x29:0x00000066
        6505000	       649	8000110c	029ede63	bge	x29,x9,80001148	 x29:0x00000066  x9:0x80009fc4
        6515000	       650	00000000	00000013	addi	x0,x0,0	  x0:0x00000000
        6525000	       651	80001144	00000013	addi	x0,x0,0	  x0:0x00000000
        6535000	       652	80001148	05560863	beq	x12,x21,80001198	 x12:0x00000016 x21:0x00000000
        6545000	       653	8000114c	04db9263	bne	x23,x13,80001190	 x23:0x80008765 x13:0x00000010
        6555000	       654	00000000	00000013	addi	x0,x0,0	  x0:0x00000000
        6565000	       655	8000118c	00000013	addi	x0,x0,0	  x0:0x00000000
        6575000	       656	80001190	3e1b7093	andi	x1,x22,993	 x22:0x00000001  x1=0x00000001
        6585000	       657	80001194	02cace63	blt	x21,x12,800011d0	 x21:0x00000000 x12:0x00000016
        6595000	       658	00000000	00000013	addi	x0,x0,0	  x0:0x00000000
        6605000	       659	800011cc	00000013	addi	x0,x0,0	  x0:0x00000000
        6615000	       660	800011d0	04cf7863	bgeu	x30,x12,80001220	 x30:0x80008764 x12:0x00000016
        6625000	       661	00000000	00000013	addi	x0,x0,0	  x0:0x00000000
        6635000	       662	8000121c	00000013	addi	x0,x0,0	  x0:0x00000000
        6645000	       663	80001220	7647e113	ori	x2,x15,1892	 x15:0x00000000  x2=0x00000764
        6655000	       664	80001224	415089b3	sub	x19,x1,x21	  x1:0x00000001 x21:0x00000000 x19=0x00000001
        6665000	       665	80001228	006a0333	add	x6,x20,x6	 x20:0xffffff96  x6:0x51df40a0  x6=0x51df4036
        6675000	       666	8000122c	00f9ff33	and	x30,x19,x15	 x19:0x00000001 x15:0x00000000 x30=0x00000000
        6685000	       667	80001230	021f6663	bltu	x30,x1,8000125c	 x30:0x00000000  x1:0x00000001
        6695000	       668	00000000	00000013	addi	x0,x0,0	  x0:0x00000000
        6705000	       669	80001258	00000013	addi	x0,x0,0	  x0:0x00000000
        6715000	       670	8000125c	77f1f113	andi	x2,x3,1919	  x3:0x64b5f0b4  x2=0x00000034
        6725000	       671	80001260	02948e63	beq	x9,x9,8000129c	  x9:0x80009fc4  x9:0x80009fc4
        6735000	       672	00000000	00000013	addi	x0,x0,0	  x0:0x00000000
        6745000	       673	80001298	00000013	addi	x0,x0,0	  x0:0x00000000
        6755000	       674	8000129c	c2060793	addi	x15,x12,-992	 x12:0x00000016 x15=0xfffffc36
        6765000	       675	800012a0	05a6e863	bltu	x13,x26,800012f0	 x13:0x00000010 x26:0x00000001
        6775000	       676	800012a4	00bebcb3	sltu	x25,x29,x11	 x29:0x00000066 x11:0xfffffffe x25=0x00000001
        6785000	       677	800012a8	003f5913	srli	x18,x30,0x3	 x30:0x00000000 x18=0x00000000
        6795000	       678	800012ac	2e8b0513	addi	x10,x22,744	 x22:0x00000001 x10=0x000002e9
        6805000	       679	800012b0	046cc263	blt	x25,x6,800012f4	 x25:0x00000001  x6:0x51df4036
        6815000	       680	00000000	00000013	addi	x0,x0,0	  x0:0x00000000
        6825000	       681	800012f0	00000013	addi	x0,x0,0	  x0:0x00000000
        6835000	       682	800012f4	01b80263	beq	x16,x27,800012f8	 x16:0x00000000 x27:0x00000000
        6845000	       683	00000000	00000013	addi	x0,x0,0	  x0:0x00000000
        6855000	       684	800012f4	00000013	addi	x0,x0,0	  x0:0x00000000
        6865000	       685	800012f8	00000013	addi	x0,x0,0	  x0:0x00000000
        6875000	       686	800012fc	b01c7093	andi	x1,x24,-1279	 x24:0xa39ae0a4  x1=0xa39ae000
        6885000	       687	80001300	67537013	andi	x0,x6,1653	  x6:0x51df4036
        6895000	       688	80001304	ca0e3513	sltiu	x10,x28,-864	 x28:0x80009f58 x10=0x00000001
        6905000	       689	80001308	0122c863	blt	x5,x18,80001318	  x5:0xffffcecf x18:0x00000000
        6915000	       690	00000000	00000013	addi	x0,x0,0	  x0:0x00000000
        6925000	       691	80001314	00000013	addi	x0,x0,0	  x0:0x00000000
        6935000	       692	80001318	3262f713	andi	x14,x5,806	  x5:0xffffcecf x14=0x00000206
        6945000	       693	8000131c	40e9d893	srai	x17,x19,0xe	 x19:0x00000001 x17=0x00000000
        6955000	       694	80001320	01024fb3	xor	x31,x4,x16	  x4:0x00000000 x16:0x00000000 x31=0x00000000
        6965000	       695	80001324	00365393	srli	x7,x12,0x3	 x12:0x00000016  x7=0x00000002
        6975000	       696	80001328	40ca5233	sra	x4,x20,x12	 x20:0xffffff96 x12:0x00000016  x4=0xffffffff
        6985000	       697	8000132c	00000013	addi	x0,x0,0	  x0:0x00000000
        6995000	       698	80001330	00bd9693	slli	x13,x27,0xb	 x27:0x00000000 x13=0x00000000
        7005000	       699	80001334	0009cf33	xor	x30,x19,x0	 x19:0x00000001  x0:0x00000000 x30=0x00000001
        7015000	       700	80001338	93114b93	xori	x23,x2,-1743	  x2:0x00000034 x23=0xfffff905
        7025000	       701	8000133c	57caf613	andi	x12,x21,1404	 x21:0x00000000 x12=0x00000000
        7035000	       702	80001340	039de263	bltu	x27,x25,80001364	 x27:0x00000000 x25:0x00000001
        7045000	       703	00000000	00000013	addi	x0,x0,0	  x0:0x00000000
        7055000	       704	80001360	00000013	addi	x0,x0,0	  x0:0x00000000
        7065000	       705	80001364	403b8993	addi	x19,x23,1027	 x23:0xfffff905 x19=0xfffffd08
        7075000	       706	80001368	00fa1793	slli	x15,x20,0xf	 x20:0xffffff96 x15=0xffcb0000
        7085000	       707	8000136c	0188ebb3	or	x23,x17,x24	 x17:0x00000000 x24:0xa39ae0a4 x23=0xa39ae0a4
        7095000	       708	80001370	46bb8e93	addi	x29,x23,1131	 x23:0xa39ae0a4 x29=0xa39ae50f
        7105000	       709	80001374	03d15a63	bge	x2,x29,800013a8	  x2:0x00000034 x29:0xa39ae50f
        7115000	       710	00000000	00000013	addi	x0,x0,0	  x0:0x00000000
        7125000	       711	800013a4	00000013	addi	x0,x0,0	  x0:0x00000000
        7135000	       712	800013a8	1b158713	addi	x14,x11,433	 x11:0xfffffffe x14=0x000001af
        7145000	       713	800013ac	009542b3	xor	x5,x10,x9	 x10:0x00000001  x9:0x80009fc4  x5=0x80009fc5
        7155000	       714	800013b0	0dcfaab7	lui	x21,0xdcfa	 x21=0x0dcfa000
        7165000	       715	800013b4	011d6133	or	x2,x26,x17	 x26:0x00000001 x17:0x00000000  x2=0x00000001
        7175000	       716	800013b8	b6a6ccb7	lui	x25,0xb6a6c	 x25=0xb6a6c000
        7185000	       717	800013bc	01da9db3	sll	x27,x21,x29	 x21:0x0dcfa000 x29:0xa39ae50f x27=0xd0000000
        7195000	       718	800013c0	013ef3b3	and	x7,x29,x19	 x29:0xa39ae50f x19:0xfffffd08  x7=0xa39ae508
        7205000	       719	800013c4	01e2cb33	xor	x22,x5,x30	  x5:0x80009fc5 x30:0x00000001 x22=0x80009fc4
        7215000	       720	800013c8	01fd35b3	sltu	x11,x26,x31	 x26:0x00000001 x31:0x00000000 x11=0x00000000
        7225000	       721	800013cc	80d4ac93	slti	x25,x9,-2035	  x9:0x80009fc4 x25=0x00000001
        7235000	       722	800013d0	ad216b93	ori	x23,x2,-1326	  x2:0x00000001 x23=0xfffffad3
        7245000	       723	800013d4	6734f993	andi	x19,x9,1651	  x9:0x80009fc4 x19=0x00000640
        7255000	       724	800013d8	4003a513	slti	x10,x7,1024	  x7:0xa39ae508 x10=0x00000001
        7265000	       725	800013dc	0595c063	blt	x11,x25,8000141c	 x11:0x00000000 x25:0x00000001
        7275000	       726	00000000	00000013	addi	x0,x0,0	  x0:0x00000000
        7285000	       727	80001418	00000013	addi	x0,x0,0	  x0:0x00000000
        7295000	       728	8000141c	40785533	sra	x10,x16,x7	 x16:0x00000000  x7:0xa39ae508 x10=0x00000000
        7305000	       729	80001420	002a4b33	xor	x22,x20,x2	 x20:0xffffff96  x2:0x00000001 x22=0xffffff97
        7315000	       730	80001424	003a08b3	add	x17,x20,x3	 x20:0xffffff96  x3:0x64b5f0b4 x17=0x64b5f04a
        7325000	       731	80001428	d9f8f7b7	lui	x15,0xd9f8f	 x15=0xd9f8f000
        7335000	       732	8000142c	00fa4e63	blt	x20,x15,80001448	 x20:0xffffff96 x15:0xd9f8f000
        7345000	       733	80001430	fc682513	slti	x10,x16,-58	 x16:0x00000000 x10=0x00000000
        7355000	       734	80001434	01735633	srl	x12,x6,x23	  x6:0x51df4036 x23:0xfffffad3 x12=0x00000a3b
        7365000	       735	80001438	40ee8133	sub	x2,x29,x14	 x29:0xa39ae50f x14:0x000001af  x2=0xa39ae360
        7375000	       736	8000143c	00f91c63	bne	x18,x15,80001454	 x18:0x00000000 x15:0xd9f8f000
        7385000	       737	00000000	00000013	addi	x0,x0,0	  x0:0x00000000
        7395000	       738	80001450	00000013	addi	x0,x0,0	  x0:0x00000000
        7405000	       739	80001454	03cc8e63	beq	x25,x28,80001490	 x25:0x00000001 x28:0x80009f58
        7415000	       740	80001458	40995a33	sra	x20,x18,x9	 x18:0x00000000  x9:0x80009fc4 x20=0x00000000
        7425000	       741	8000145c	0193ea63	bltu	x7,x25,80001470	  x7:0xa39ae508 x25:0x00000001
        7435000	       742	80001460	0317c463	blt	x15,x17,80001488	 x15:0xd9f8f000 x17:0x64b5f04a
        7445000	       743	00000000	00000013	addi	x0,x0,0	  x0:0x00000000
        7455000	       744	80001484	00000013	addi	x0,x0,0	  x0:0x00000000
        7465000	       745	80001488	002f0433	add	x8,x30,x2	 x30:0x00000001  x2:0xa39ae360  x8=0xa39ae361
        7475000	       746	8000148c	3d5cf113	andi	x2,x25,981	 x25:0x00000001  x2=0x00000001
        7485000	       747	80001490	00a491b3	sll	x3,x9,x10	  x9:0x80009fc4 x10:0x00000000  x3=0x80009fc4
        7495000	       748	80001494	008a7433	and	x8,x20,x8	 x20:0x00000000  x8:0xa39ae361  x8=0x00000000
        7505000	       749	80001498	caaa3993	sltiu	x19,x20,-854	 x20:0x00000000 x19=0x00000001
        7515000	       750	8000149c	40b35eb3	sra	x29,x6,x11	  x6:0x51df4036 x11:0x00000000 x29=0x51df4036
        7525000	       751	800014a0	00000013	addi	x0,x0,0	  x0:0x00000000
        7535000	       752	800014a4	d7b7f993	andi	x19,x15,-645	 x15:0xd9f8f000 x19=0xd9f8f000
        7545000	       753	800014a8	3ad83e93	sltiu	x29,x16,941	 x16:0x00000000 x29=0x00000001
        7555000	       754	800014ac	0007d893	srli	x17,x15,0x0	 x15:0xd9f8f000 x17=0xd9f8f000
        7565000	       755	800014b0	081dde63	bge	x27,x1,8000154c	 x27:0xd0000000  x1:0xa39ae000
        7575000	       756	00000000	00000013	addi	x0,x0,0	  x0:0x00000000
        7585000	       757	80001548	00000013	addi	x0,x0,0	  x0:0x00000000
        7595000	       758	8000154c	00e39c63	bne	x7,x14,80001564	  x7:0xa39ae508 x14:0x000001af
        7605000	       759	00000000	00000013	addi	x0,x0,0	  x0:0x00000000
        7615000	       760	80001560	00000013	addi	x0,x0,0	  x0:0x00000000
        7625000	       761	80001564	d0af2993	slti	x19,x30,-758	 x30:0x00000001 x19=0x00000000
        7635000	       762	80001568	f6534593	xori	x11,x6,-155	  x6:0x51df4036 x11=0xae20bf53
        7645000	       763	8000156c	41b85133	sra	x2,x16,x27	 x16:0x00000000 x27:0xd0000000  x2=0x00000000
        7655000	       764	80001570	41add8b3	sra	x17,x27,x26	 x27:0xd0000000 x26:0x00000001 x17=0xe8000000
        7665000	       765	80001574	f57d4213	xori	x4,x26,-169	 x26:0x00000001  x4=0xffffff56
        7675000	       766	80001578	7bca4413	xori	x8,x20,1980	 x20:0x00000000  x8=0x000007bc
        7685000	       767	8000157c	019260b3	or	x1,x4,x25	  x4:0xffffff56 x25:0x00000001  x1=0xffffff57
        7695000	       768	80001580	01c58a63	beq	x11,x28,80001594	 x11:0xae20bf53 x28:0x80009f58
        7705000	       769	80001584	3e1da013	slti	x0,x27,993	 x27:0xd0000000
        7715000	       770	80001588	003b58b3	srl	x17,x22,x3	 x22:0xffffff97  x3:0x80009fc4 x17=0x0ffffff9
        7725000	       771	8000158c	007e8ab3	add	x21,x29,x7	 x29:0x00000001  x7:0xa39ae508 x21=0xa39ae509
        7735000	       772	80001590	00000013	addi	x0,x0,0	  x0:0x00000000
        7745000	       773	80001594	7e812097	auipc	x1,0x7e812	  x1=0xfe813590
        7755000	       774	80001598	00285e93	srli	x29,x16,0x2	 x16:0x00000000 x29=0x00000000
        7765000	       775	8000159c	0160d193	srli	x3,x1,0x16	  x1:0xfe813590  x3=0x000003fa
        7775000	       776	800015a0	03e27e63	bgeu	x4,x30,800015dc	  x4:0xffffff56 x30:0x00000001
        7785000	       777	00000000	00000013	addi	x0,x0,0	  x0:0x00000000
        7795000	       778	800015d8	00000013	addi	x0,x0,0	  x0:0x00000000
        7805000	       779	800015dc	005f3433	sltu	x8,x30,x5	 x30:0x00000001  x5:0x80009fc5  x8=0x00000001
        7815000	       780	800015e0	a97a4613	xori	x12,x20,-1385	 x20:0x00000000 x12=0xfffffa97
        7825000	       781	800015e4	0163e863	bltu	x7,x22,800015f4	  x7:0xa39ae508 x22:0xffffff97
        7835000	       782	00000000	00000013	addi	x0,x0,0	  x0:0x00000000
        7845000	       783	800015f0	00000013	addi	x0,x0,0	  x0:0x00000000
        7855000	       784	800015f4	00c5fc63	bgeu	x11,x12,8000160c	 x11:0xae20bf53 x12:0xfffffa97
        7865000	       785	800015f8	03315263	bge	x2,x19,8000161c	  x2:0x00000000 x19:0x00000000
        7875000	       786	00000000	00000013	addi	x0,x0,0	  x0:0x00000000
        7885000	       787	80001618	00000013	addi	x0,x0,0	  x0:0x00000000
        7895000	       788	8000161c	9fa37f37	lui	x30,0x9fa37	 x30=0x9fa37000
        7905000	       789	80001620	00601c33	sll	x24,x0,x6	  x0:0x00000000  x6:0x51df4036 x24=0x00000000
        7915000	       790	80001624	41835093	srai	x1,x6,0x18	  x6:0x51df4036  x1=0x00000051
        7925000	       791	80001628	04f98863	beq	x19,x15,80001678	 x19:0x00000000 x15:0xd9f8f000
        7935000	       792	8000162c	028d6063	bltu	x26,x8,8000164c	 x26:0x00000001  x8:0x00000001
        7945000	       793	80001630	009cda93	srli	x21,x25,0x9	 x25:0x00000001 x21=0x00000000
        7955000	       794	80001634	094d5897	auipc	x17,0x94d5	 x17=0x894d6630
        7965000	       795	80001638	006cb6b3	sltu	x13,x25,x6	 x25:0x00000001  x6:0x51df4036 x13=0x00000001
        7975000	       796	8000163c	01f22c33	slt	x24,x4,x31	  x4:0xffffff56 x31:0x00000000 x24=0x00000001
        7985000	       797	80001640	01cef463	bgeu	x29,x28,80001648	 x29:0x00000000 x28:0x80009f58
        7995000	       798	80001644	006c4533	xor	x10,x24,x6	 x24:0x00000001  x6:0x51df4036 x10=0x51df4037
        8005000	       799	80001648	03dbe863	bltu	x23,x29,80001678	 x23:0xfffffad3 x29:0x00000000
        8015000	       800	8000164c	56fd8c13	addi	x24,x27,1391	 x27:0xd0000000 x24=0xd000056f
        8025000	       801	80001650	023b0863	beq	x22,x3,80001680	 x22:0xffffff97  x3:0x000003fa
        8035000	       802	80001654	faaae017	auipc	x0,0xfaaae	
        8045000	       803	80001658	0168c733	xor	x14,x17,x22	 x17:0x894d6630 x22:0xffffff97 x14=0x76b299a7
        8055000	       804	8000165c	1cb63793	sltiu	x15,x12,459	 x12:0xfffffa97 x15=0x00000000
        8065000	       805	80001660	01b21d13	slli	x26,x4,0x1b	  x4:0xffffff56 x26=0xb0000000
        8075000	       806	80001664	4e716b93	ori	x23,x2,1255	  x2:0x00000000 x23=0x000004e7
        8085000	       807	80001668	41b988b3	sub	x17,x19,x27	 x19:0x00000000 x27:0xd0000000 x17=0x30000000
        8095000	       808	8000166c	1e161597	auipc	x11,0x1e161	 x11=0x9e162668
        8105000	       809	80001670	00921933	sll	x18,x4,x9	  x4:0xffffff56  x9:0x80009fc4 x18=0xfffff560
        8115000	       810	80001674	a7ce2313	slti	x6,x28,-1412	 x28:0x80009f58  x6=0x00000001
        8125000	       811	80001678	03b30663	beq	x6,x27,800016a4	  x6:0x00000001 x27:0xd0000000
        8135000	       812	8000167c	02149463	bne	x9,x1,800016a4	  x9:0x80009fc4  x1:0x00000051
        8145000	       813	00000000	00000013	addi	x0,x0,0	  x0:0x00000000
        8155000	       814	800016a0	00000013	addi	x0,x0,0	  x0:0x00000000
        8165000	       815	800016a4	01eb4eb3	xor	x29,x22,x30	 x22:0xffffff97 x30:0x9fa37000 x29=0x605c8f97
        8175000	       816	800016a8	61abef13	ori	x30,x23,1562	 x23:0x000004e7 x30=0x000006ff
        8185000	       817	800016ac	00109e63	bne	x1,x1,800016c8	  x1:0x00000051  x1:0x00000051
        8195000	       818	800016b0	c2112193	slti	x3,x2,-991	  x2:0x00000000  x3=0x00000000
        8205000	       819	800016b4	6ee7a013	slti	x0,x15,1774	 x15:0x00000000
        8215000	       820	800016b8	01fd46b3	xor	x13,x26,x31	 x26:0xb0000000 x31:0x00000000 x13=0xb0000000
        8225000	       821	800016bc	4f12e693	ori	x13,x5,1265	  x5:0x80009fc5 x13=0x80009ff5
        8235000	       822	800016c0	05d66863	bltu	x12,x29,80001710	 x12:0xfffffa97 x29:0x605c8f97
        8245000	       823	800016c4	0047da13	srli	x20,x15,0x4	 x15:0x00000000 x20=0x00000000
        8255000	       824	800016c8	41a05993	srai	x19,x0,0x1a	  x0:0x00000000 x19=0x00000000
        8265000	       825	800016cc	40ecdf13	srai	x30,x25,0xe	 x25:0x00000001 x30=0x00000000
        8275000	       826	800016d0	00ad4433	xor	x8,x26,x10	 x26:0xb0000000 x10:0x51df4037  x8=0xe1df4037
        8285000	       827	800016d4	01fadf33	srl	x30,x21,x31	 x21:0x00000000 x31:0x00000000 x30=0x00000000
        8295000	       828	800016d8	00e4ce63	blt	x9,x14,800016f4	  x9:0x80009fc4 x14:0x76b299a7
        8305000	       829	00000000	00000013	addi	x0,x0,0	  x0:0x00000000
        8315000	       830	800016f0	00000013	addi	x0,x0,0	  x0:0x00000000
        8325000	       831	800016f4	98552113	slti	x2,x10,-1659	 x10:0x51df4037  x2=0x00000000
        8335000	       832	800016f8	41410933	sub	x18,x2,x20	  x2:0x00000000 x20:0x00000000 x18=0x00000000
        8345000	       833	800016fc	40fdd233	sra	x4,x27,x15	 x27:0xd0000000 x15:0x00000000  x4=0xd0000000
        8355000	       834	80001700	011662b3	or	x5,x12,x17	 x12:0xfffffa97 x17:0x30000000  x5=0xfffffa97
        8365000	       835	80001704	014c1263	bne	x24,x20,80001708	 x24:0xd000056f x20:0x00000000
        8375000	       836	00000000	00000013	addi	x0,x0,0	  x0:0x00000000
        8385000	       837	80001704	00000013	addi	x0,x0,0	  x0:0x00000000
        8395000	       838	80001708	00bacb33	xor	x22,x21,x11	 x21:0x00000000 x11:0x9e162668 x22=0x9e162668
        8405000	       839	8000170c	00b8b5b3	sltu	x11,x17,x11	 x17:0x30000000 x11:0x9e162668 x11=0x00000001
        8415000	       840	80001710	00000013	addi	x0,x0,0	  x0:0x00000000
        8425000	       841	80001714	01f2f463	bgeu	x5,x31,8000171c	  x5:0xfffffa97 x31:0x00000000
        8435000	       842	00000000	00000013	addi	x0,x0,0	  x0:0x00000000
        8445000	       843	80001718	00000013	addi	x0,x0,0	  x0:0x00000000
        8455000	       844	8000171c	01035293	srli	x5,x6,0x10	  x6:0x00000001  x5=0x00000000
        8465000	       845	80001720	4112dc33	sra	x24,x5,x17	  x5:0x00000000 x17:0x30000000 x24=0x00000000
        8475000	       846	80001724	af58f393	andi	x7,x17,-1291	 x17:0x30000000  x7=0x30000000
        8485000	       847	80001728	0beb9463	bne	x23,x30,800017d0	 x23:0x000004e7 x30:0x00000000
        8495000	       848	00000000	00000013	addi	x0,x0,0	  x0:0x00000000
        8505000	       849	800017cc	00000013	addi	x0,x0,0	  x0:0x00000000
        8515000	       850	800017d0	004c6263	bltu	x24,x4,800017d4	 x24:0x00000000  x4:0xd0000000
        8525000	       851	00000000	00000013	addi	x0,x0,0	  x0:0x00000000
        8535000	       852	800017d0	00000013	addi	x0,x0,0	  x0:0x00000000
        8545000	       853	800017d4	00de5f93	srli	x31,x28,0xd	 x28:0x80009f58 x31=0x00040004
        8555000	       854	800017d8	00aa1b33	sll	x22,x20,x10	 x20:0x00000000 x10:0x51df4037 x22=0x00000000
        8565000	       855	800017dc	002d9633	sll	x12,x27,x2	 x27:0xd0000000  x2:0x00000000 x12=0xd0000000
        8575000	       856	800017e0	61f1a393	slti	x7,x3,1567	  x3:0x00000000  x7=0x00000001
        8585000	       857	800017e4	40fe0cb3	sub	x25,x28,x15	 x28:0x80009f58 x15:0x00000000 x25=0x80009f58
        8595000	       858	800017e8	00843433	sltu	x8,x8,x8	  x8:0xe1df4037  x8:0xe1df4037  x8=0x00000000
        8605000	       859	800017ec	401b05b3	sub	x11,x22,x1	 x22:0x00000000  x1:0x00000051 x11=0xffffffaf
        8615000	       860	800017f0	00a30e63	beq	x6,x10,8000180c	  x6:0x00000001 x10:0x51df4037
        8625000	       861	800017f4	4f504b93	xori	x23,x0,1269	  x0:0x00000000 x23=0x000004f5
        8635000	       862	800017f8	01d26c63	bltu	x4,x29,80001810	  x4:0xd0000000 x29:0x605c8f97
        8645000	       863	800017fc	207db293	sltiu	x5,x27,519	 x27:0xd0000000  x5=0x00000000
        8655000	       864	80001800	00f82133	slt	x2,x16,x15	 x16:0x00000000 x15:0x00000000  x2=0x00000000
        8665000	       865	80001804	e8ea0393	addi	x7,x20,-370	 x20:0x00000000  x7=0xfffffe8e
        8675000	       866	80001808	03920263	beq	x4,x25,8000182c	  x4:0xd0000000 x25:0x80009f58
        8685000	       867	8000180c	00d4d633	srl	x12,x9,x13	  x9:0x80009fc4 x13:0x80009ff5 x12=0x00000400
        8695000	       868	80001810	563f1f97	auipc	x31,0x563f1	 x31=0xd63f280c
        8705000	       869	80001814	006a59b3	srl	x19,x20,x6	 x20:0x00000000  x6:0x00000001 x19=0x00000000
        8715000	       870	80001818	9975e697	auipc	x13,0x9975e	 x13=0x1975f814
        8725000	       871	8000181c	035a3093	sltiu	x1,x20,53	 x20:0x00000000  x1=0x00000001
        8735000	       872	80001820	28d8e693	ori	x13,x17,653	 x17:0x30000000 x13=0x3000028d
        8745000	       873	80001824	0365f263	bgeu	x11,x22,80001848	 x11:0xffffffaf x22:0x00000000
        8755000	       874	00000000	00000013	addi	x0,x0,0	  x0:0x00000000
        8765000	       875	80001844	00000013	addi	x0,x0,0	  x0:0x00000000
        8775000	       876	80001848	00e9d0b3	srl	x1,x19,x14	 x19:0x00000000 x14:0x76b299a7  x1=0x00000000
        8785000	       877	8000184c	0187afb3	slt	x31,x15,x24	 x15:0x00000000 x24:0x00000000 x31=0x00000000
        8795000	       878	80001850	046c0263	beq	x24,x6,80001894	 x24:0x00000000  x6:0x00000001
        8805000	       879	80001854	41e18fb3	sub	x31,x3,x30	  x3:0x00000000 x30:0x00000000 x31=0x00000000
        8815000	       880	80001858	01396eb3	or	x29,x18,x19	 x18:0x00000000 x19:0x00000000 x29=0x00000000
        8825000	       881	8000185c	0106ce63	blt	x13,x16,80001878	 x13:0x3000028d x16:0x00000000
        8835000	       882	80001860	fb93f693	andi	x13,x7,-71	  x7:0xfffffe8e x13=0xfffffe88
        8845000	       883	80001864	01c6b5b3	sltu	x11,x13,x28	 x13:0xfffffe88 x28:0x80009f58 x11=0x00000000
        8855000	       884	80001868	009b6c33	or	x24,x22,x9	 x22:0x00000000  x9:0x80009fc4 x24=0x80009fc4
        8865000	       885	8000186c	e6f6f793	andi	x15,x13,-401	 x13:0xfffffe88 x15=0xfffffe08
        8875000	       886	80001870	ac4e0517	auipc	x10,0xac4e0	 x10=0x2c4e186c
        8885000	       887	80001874	0005e3b3	or	x7,x11,x0	 x11:0x00000000  x0:0x00000000  x7=0x00000000
        8895000	       888	80001878	0187abb3	slt	x23,x15,x24	 x15:0xfffffe08 x24:0x80009fc4 x23=0x00000000
        8905000	       889	8000187c	1d004293	xori	x5,x0,464	  x0:0x00000000  x5=0x000001d0
        8915000	       890	80001880	41ebd3b3	sra	x7,x23,x30	 x23:0x00000000 x30:0x00000000  x7=0x00000000
        8925000	       891	80001884	b15e2293	slti	x5,x28,-1259	 x28:0x80009f58  x5=0x00000001
        8935000	       892	80001888	0023dc93	srli	x25,x7,0x2	  x7:0x00000000 x25=0x00000000
        8945000	       893	8000188c	040d8863	beq	x27,x0,800018dc	 x27:0xd0000000  x0:0x00000000
        8955000	       894	80001890	05b08263	beq	x1,x27,800018d4	  x1:0x00000000 x27:0xd0000000
        8965000	       895	80001894	00000013	addi	x0,x0,0	  x0:0x00000000
        8975000	       896	80001898	02815e63	bge	x2,x8,800018d4	  x2:0x00000000  x8:0x00000000
        8985000	       897	00000000	00000013	addi	x0,x0,0	  x0:0x00000000
        8995000	       898	800018d0	00000013	addi	x0,x0,0	  x0:0x00000000
        9005000	       899	800018d4	01aa9993	slli	x19,x21,0x1a	 x21:0x00000000 x19=0x00000000
        9015000	       900	800018d8	41cad613	srai	x12,x21,0x1c	 x21:0x00000000 x12=0x00000000
        9025000	       901	800018dc	c72ba713	slti	x14,x23,-910	 x23:0x00000000 x14=0x00000000
        9035000	       902	800018e0	00000013	addi	x0,x0,0	  x0:0x00000000
        9045000	       903	800018e4	01171533	sll	x10,x14,x17	 x14:0x00000000 x17:0x30000000 x10=0x00000000
        9055000	       904	800018e8	3c039ab7	lui	x21,0x3c039	 x21=0x3c039000
        9065000	       905	800018ec	0133fab3	and	x21,x7,x19	  x7:0x00000000 x19:0x00000000 x21=0x00000000
        9075000	       906	800018f0	031cf863	bgeu	x25,x17,80001920	 x25:0x00000000 x17:0x30000000
        9085000	       907	800018f4	00951733	sll	x14,x10,x9	 x10:0x00000000  x9:0x80009fc4 x14=0x00000000
        9095000	       908	800018f8	8a2c6793	ori	x15,x24,-1886	 x24:0x80009fc4 x15=0xffffffe6
        9105000	       909	800018fc	022a1263	bne	x20,x2,80001920	 x20:0x00000000  x2:0x00000000
        9115000	       910	80001900	00f35893	srli	x17,x6,0xf	  x6:0x00000001 x17=0x00000000
        9125000	       911	80001904	b4b1fb97	auipc	x23,0xb4b1f	 x23=0x34b20900
        9135000	       912	80001908	1b56ed93	ori	x27,x13,437	 x13:0xfffffe88 x27=0xffffffbd
        9145000	       913	8000190c	0177d733	srl	x14,x15,x23	 x15:0xffffffe6 x23:0x34b20900 x14=0xffffffe6
        9155000	       914	80001910	8a39f313	andi	x6,x19,-1885	 x19:0x00000000  x6=0x00000000
        9165000	       915	80001914	03e01c63	bne	x0,x30,8000194c	  x0:0x00000000 x30:0x00000000
        9175000	       916	80001918	bc8b2d93	slti	x27,x22,-1080	 x22:0x00000000 x27=0x00000000
        9185000	       917	8000191c	00b215b3	sll	x11,x4,x11	  x4:0xd0000000 x11:0x00000000 x11=0xd0000000
        9195000	       918	80001920	00000013	addi	x0,x0,0	  x0:0x00000000
        9205000	       919	80001924	0235f463	bgeu	x11,x3,8000194c	 x11:0xd0000000  x3:0x00000000
        9215000	       920	00000000	00000013	addi	x0,x0,0	  x0:0x00000000
        9225000	       921	80001948	00000013	addi	x0,x0,0	  x0:0x00000000
        9235000	       922	8000194c	02915663	bge	x2,x9,80001978	  x2:0x00000000  x9:0x80009fc4
        9245000	       923	00000000	00000013	addi	x0,x0,0	  x0:0x00000000
        9255000	       924	80001974	00000013	addi	x0,x0,0	  x0:0x00000000
        9265000	       925	80001978	998ef693	andi	x13,x29,-1640	 x29:0x00000000 x13=0x00000000
        9275000	       926	8000197c	e8964d93	xori	x27,x12,-375	 x12:0x00000000 x27=0xfffffe89
        9285000	       927	80001980	41c0d2b3	sra	x5,x1,x28	  x1:0x00000000 x28:0x80009f58  x5=0x00000000
        9295000	       928	80001984	41c65593	srai	x11,x12,0x1c	 x12:0x00000000 x11=0x00000000
        9305000	       929	80001988	008911b3	sll	x3,x18,x8	 x18:0x00000000  x8:0x00000000  x3=0x00000000
        9315000	       930	8000198c	01410ab3	add	x21,x2,x20	  x2:0x00000000 x20:0x00000000 x21=0x00000000
        9325000	       931	80001990	01b2d113	srli	x2,x5,0x1b	  x5:0x00000000  x2=0x00000000
        9335000	       932	80001994	03e2f863	bgeu	x5,x30,800019c4	  x5:0x00000000 x30:0x00000000
        9345000	       933	00000000	00000013	addi	x0,x0,0	  x0:0x00000000
        9355000	       934	800019c0	00000013	addi	x0,x0,0	  x0:0x00000000
        9365000	       935	800019c4	00da8863	beq	x21,x13,800019d4	 x21:0x00000000 x13:0x00000000
        9375000	       936	00000000	00000013	addi	x0,x0,0	  x0:0x00000000
        9385000	       937	800019d0	00000013	addi	x0,x0,0	  x0:0x00000000
        9395000	       938	800019d4	00000013	addi	x0,x0,0	  x0:0x00000000
        9405000	       939	800019d8	4155ddb3	sra	x27,x11,x21	 x11:0x00000000 x21:0x00000000 x27=0x00000000
        9415000	       940	800019dc	0032b2b3	sltu	x5,x5,x3	  x5:0x00000000  x3:0x00000000  x5=0x00000000
        9425000	       941	800019e0	a3d77793	andi	x15,x14,-1475	 x14:0xffffffe6 x15=0xfffffa24
        9435000	       942	800019e4	03fff063	bgeu	x31,x31,80001a04	 x31:0x00000000 x31:0x00000000
        9445000	       943	00000000	00000013	addi	x0,x0,0	  x0:0x00000000
        9455000	       944	80001a00	00000013	addi	x0,x0,0	  x0:0x00000000
        9465000	       945	80001a04	01119413	slli	x8,x3,0x11	  x3:0x00000000  x8=0x00000000
        9475000	       946	80001a08	bebc4213	xori	x4,x24,-1045	 x24:0x80009fc4  x4=0x7fff642f
        9485000	       947	80001a0c	01219233	sll	x4,x3,x18	  x3:0x00000000 x18:0x00000000  x4=0x00000000
        9495000	       948	80001a10	046be913	ori	x18,x23,70	 x23:0x34b20900 x18=0x34b20946
        9505000	       949	80001a14	00e09b93	slli	x23,x1,0xe	  x1:0x00000000 x23=0x00000000
        9515000	       950	80001a18	e1817617	auipc	x12,0xe1817	 x12=0x61818a14
        9525000	       951	80001a1c	ebaf6213	ori	x4,x30,-326	 x30:0x00000000  x4=0xfffffeba
        9535000	       952	80001a20	0affa893	slti	x17,x31,175	 x31:0x00000000 x17=0x00000001
        9545000	       953	80001a24	00cf1793	slli	x15,x30,0xc	 x30:0x00000000 x15=0x00000000
        9555000	       954	80001a28	407fd193	srai	x3,x31,0x7	 x31:0x00000000  x3=0x00000000
        9565000	       955	80001a2c	01adf733	and	x14,x27,x26	 x27:0x00000000 x26:0xb0000000 x14=0x00000000
        9575000	       956	80001a30	00271913	slli	x18,x14,0x2	 x14:0x00000000 x18=0x00000000
        9585000	       957	80001a34	004fb1b3	sltu	x3,x31,x4	 x31:0x00000000  x4:0xfffffeba  x3=0x00000001
        9595000	       958	80001a38	540cf913	andi	x18,x25,1344	 x25:0x00000000 x18=0x00000000
        9605000	       959	80001a3c	0156bbb3	sltu	x23,x13,x21	 x13:0x00000000 x21:0x00000000 x23=0x00000000
        9615000	       960	80001a40	024be263	bltu	x23,x4,80001a64	 x23:0x00000000  x4:0xfffffeba
        9625000	       961	00000000	00000013	addi	x0,x0,0	  x0:0x00000000
        9635000	       962	80001a60	00000013	addi	x0,x0,0	  x0:0x00000000
        9645000	       963	80001a64	003eaa33	slt	x20,x29,x3	 x29:0x00000000  x3:0x00000001 x20=0x00000001
        9655000	       964	80001a68	021bda63	bge	x23,x1,80001a9c	 x23:0x00000000  x1:0x00000000
        9665000	       965	00000000	00000013	addi	x0,x0,0	  x0:0x00000000
        9675000	       966	80001a98	00000013	addi	x0,x0,0	  x0:0x00000000
        9685000	       967	80001a9c	de2ab293	sltiu	x5,x21,-542	 x21:0x00000000  x5=0x00000001
        9695000	       968	80001aa0	012ae0b3	or	x1,x21,x18	 x21:0x00000000 x18:0x00000000  x1=0x00000000
        9705000	       969	80001aa4	41265b93	srai	x23,x12,0x12	 x12:0x61818a14 x23=0x00001860
        9715000	       970	80001aa8	018ccd33	xor	x26,x25,x24	 x25:0x00000000 x24:0x80009fc4 x26=0x80009fc4
        9725000	       971	80001aac	00145263	bge	x8,x1,80001ab0	  x8:0x00000000  x1:0x00000000
        9735000	       972	00000000	00000013	addi	x0,x0,0	  x0:0x00000000
        9745000	       973	80001aac	00000013	addi	x0,x0,0	  x0:0x00000000
        9755000	       974	80001ab0	e7028793	addi	x15,x5,-400	  x5:0x00000001 x15=0xfffffe71
        9765000	       975	80001ab4	01fc1193	slli	x3,x24,0x1f	 x24:0x80009fc4  x3=0x00000000
        9775000	       976	80001ab8	02b19c63	bne	x3,x11,80001af0	  x3:0x00000000 x11:0x00000000
        9785000	       977	80001abc	4075d1b3	sra	x3,x11,x7	 x11:0x00000000  x7:0x00000000  x3=0x00000000
        9795000	       978	80001ac0	01a68eb3	add	x29,x13,x26	 x13:0x00000000 x26:0x80009fc4 x29=0x80009fc4
        9805000	       979	80001ac4	b61e4c13	xori	x24,x28,-1183	 x28:0x80009f58 x24=0x7fff6439
        9815000	       980	80001ac8	413a56b3	sra	x13,x20,x19	 x20:0x00000001 x19:0x00000000 x13=0x00000001
        9825000	       981	80001acc	9e9b7893	andi	x17,x22,-1559	 x22:0x00000000 x17=0x00000000
        9835000	       982	80001ad0	213e7293	andi	x5,x28,531	 x28:0x80009f58  x5=0x00000210
        9845000	       983	80001ad4	00c822b3	slt	x5,x16,x12	 x16:0x00000000 x12:0x61818a14  x5=0x00000001
        9855000	       984	80001ad8	0138fe63	bgeu	x17,x19,80001af4	 x17:0x00000000 x19:0x00000000
        9865000	       985	00000000	00000013	addi	x0,x0,0	  x0:0x00000000
        9875000	       986	80001af0	00000013	addi	x0,x0,0	  x0:0x00000000
        9885000	       987	80001af4	011bd663	bge	x23,x17,80001b00	 x23:0x00001860 x17:0x00000000
        9895000	       988	00000000	00000013	addi	x0,x0,0	  x0:0x00000000
        9905000	       989	80001afc	00000013	addi	x0,x0,0	  x0:0x00000000
        9915000	       990	80001b00	01eddb93	srli	x23,x27,0x1e	 x27:0x00000000 x23=0x00000000
        9925000	       991	80001b04	5e3e8313	addi	x6,x29,1507	 x29:0x80009fc4  x6=0x8000a5a7
        9935000	       992	80001b08	00abddb3	srl	x27,x23,x10	 x23:0x00000000 x10:0x00000000 x27=0x00000000
        9945000	       993	80001b0c	004e2603	lw	x12,4(x28)	 x28:0x80009f58 x12=0x80000138 PA:0x80009f5c
        9955000	       994	80001b10	5ebb8c17	auipc	x24,0x5ebb8	 x24=0xdebb9b0c
        9965000	       995	80001b14	01cffcb3	and	x25,x31,x28	 x31:0x00000000 x28:0x80009f58 x25=0x00000000
        9975000	       996	80001b18	00e05513	srli	x10,x0,0xe	  x0:0x00000000 x10=0x00000000
        9985000	       997	80001b1c	00d053b3	srl	x7,x0,x13	  x0:0x00000000 x13:0x00000001  x7=0x00000000
        9995000	       998	80001b20	02ce0e13	addi	x28,x28,44	 x28:0x80009f58 x28=0x80009f84
       10005000	       999	80001b24	63a0cd97	auipc	x27,0x63a0c	 x27=0xe3a0db20
       10015000	      1000	80001b28	019e5713	srli	x14,x28,0x19	 x28:0x80009f84 x14=0x00000040
       10025000	      1001	80001b2c	01d0f5b3	and	x11,x1,x29	  x1:0x00000000 x29:0x80009fc4 x11=0x00000000
       10035000	      1002	80001b30	00160b93	addi	x23,x12,1	 x12:0x80000138 x23=0x80000139
       10045000	      1003	80001b34	000b8be7	jalr	x23,x23,0	 x23:0x80000139 x23=0x80001b34
       10055000	      1004	00000000	00000013	addi	x0,x0,0	  x0:0x00000000
       10065000	      1005	80000138	00000013	addi	x0,x0,0	  x0:0x00000000
       10075000	      1006	8000013c	00009f17	auipc	x30,0x9	 x30=0x80009138
       10085000	      1007	80000140	ce3f0f13	addi	x30,x30,-797	 x30:0x80009138 x30=0x80008e1b
       10095000	      1008	80000144	8fdc6f93	ori	x31,x24,-1795	 x24:0xdebb9b0c x31=0xfffffbfd
       10105000	      1009	80000148	00ef0f23	sb	x14,30(x30)	 x30:0x80008e1b x14:0x00000040 PA:0x80008e39
       10115000	      1010	8000014c	d5ef0003	lb	x0,-674(x30)	 x30:0x80008e1b PA:0x80008b79
       10125000	      1011	80000150	d5ef0403	lb	x8,-674(x30)	 x30:0x80008e1b  x8=0x00000062 PA:0x80008b79
       10135000	      1012	80000154	d41f0f23	sb	x1,-674(x30)	 x30:0x80008e1b  x1:0x00000000 PA:0x80008b79
       10145000	      1013	80000158	d5ef0f83	lb	x31,-674(x30)	 x30:0x80008e1b x31=0x00000000 PA:0x80008b79
       10155000	      1014	8000015c	d5ef4783	lbu	x15,-674(x30)	 x30:0x80008e1b x15=0x00000000 PA:0x80008b79
       10165000	      1015	80000160	f63f1783	lh	x15,-157(x30)	 x30:0x80008e1b x15=0x00006465 PA:0x80008d7e
       10175000	      1016	80000164	f63f5c83	lhu	x25,-157(x30)	 x30:0x80008e1b x25=0x00006465 PA:0x80008d7e
       10185000	      1017	00000000	00000013	addi	x0,x0,0	  x0:0x00000000
       10195000	      1018	80000168	bf9f0323	sb	x25,-1050(x30)	 x30:0x80008e1b x25:0x00006465 PA:0x80008a01
       10205000	      1019	8000016c	be6f4103	lbu	x2,-1050(x30)	 x30:0x80008e1b  x2=0x00000065 PA:0x80008a01
       10215000	      1020	80000170	eb4f0e23	sb	x20,-324(x30)	 x30:0x80008e1b x20:0x00000001 PA:0x80008cd7
       10225000	      1021	80000174	d48f4503	lbu	x10,-696(x30)	 x30:0x80008e1b x10=0x00000048 PA:0x80008b63
       10235000	      1022	80000178	d48f4d03	lbu	x26,-696(x30)	 x30:0x80008e1b x26=0x00000048 PA:0x80008b63
       10245000	      1023	8000017c	d48f4403	lbu	x8,-696(x30)	 x30:0x80008e1b  x8=0x00000048 PA:0x80008b63
       10255000	      1024	80000180	df0f1ea3	sh	x16,-515(x30)	 x30:0x80008e1b x16:0x00000000 PA:0x80008c18
       10265000	      1025	80000184	001f9d13	slli	x26,x31,0x1	 x31:0x00000000 x26=0x00000000
       10275000	      1026	80000188	dedf2ea3	sw	x13,-515(x30)	 x30:0x80008e1b x13:0x00000001 PA:0x80008c18
       10285000	      1027	8000018c	b08f0223	sb	x8,-1276(x30)	 x30:0x80008e1b  x8:0x00000048 PA:0x8000891f
       10295000	      1028	80000190	16ef1ca3	sh	x14,377(x30)	 x30:0x80008e1b x14:0x00000040 PA:0x80008f94
       10305000	      1029	80000194	00009697	auipc	x13,0x9	 x13=0x80009190
       10315000	      1030	80000198	ae468693	addi	x13,x13,-1308	 x13:0x80009190 x13=0x80008c74
       10325000	      1031	8000019c	0123dab3	srl	x21,x7,x18	  x7:0x00000000 x18:0x00000000 x21=0x00000000
       10335000	      1032	800001a0	2d369323	sh	x19,710(x13)	 x13:0x80008c74 x19:0x00000000 PA:0x80008f3a
       10345000	      1033	800001a4	26468623	sb	x4,620(x13)	 x13:0x80008c74  x4:0xfffffeba PA:0x80008ee0
       10355000	      1034	800001a8	ca66ca03	lbu	x20,-858(x13)	 x13:0x80008c74 x20=0x00000001 PA:0x8000891a
       10365000	      1035	800001ac	e7e6c883	lbu	x17,-386(x13)	 x13:0x80008c74 x17=0x000000d9 PA:0x80008af2
       10375000	      1036	800001b0	00642eb3	slt	x29,x8,x6	  x8:0x00000048  x6:0x8000a5a7 x29=0x00000000
       10385000	      1037	800001b4	f8054913	xori	x18,x10,-128	 x10:0x00000048 x18=0xffffffc8
       10395000	      1038	800001b8	774c7c13	andi	x24,x24,1908	 x24:0xdebb9b0c x24=0x00000304
       10405000	      1039	800001bc	20a6df03	lhu	x30,522(x13)	 x13:0x80008c74 x30=0x00006465 PA:0x80008e7e
       10415000	      1040	800001c0	0048c333	xor	x6,x17,x4	 x17:0x000000d9  x4:0xfffffeba  x6=0xfffffe63
       10425000	      1041	800001c4	fc06c703	lbu	x14,-64(x13)	 x13:0x80008c74 x14=0x0000001f PA:0x80008c34
       10435000	      1042	800001c8	06868123	sb	x8,98(x13)	 x13:0x80008c74  x8:0x00000048 PA:0x80008cd6
       10445000	      1043	800001cc	00d29993	slli	x19,x5,0xd	  x5:0x00000001 x19=0x00002000
       10455000	      1044	800001d0	19a6cb03	lbu	x22,410(x13)	 x13:0x80008c74 x22=0x000000f5 PA:0x80008e0e
       10465000	      1045	800001d4	fd06cc03	lbu	x24,-48(x13)	 x13:0x80008c74 x24=0x0000002f PA:0x80008c44
       10475000	      1046	800001d8	04e68003	lb	x0,78(x13)	 x13:0x80008c74 PA:0x80008cc2
       10485000	      1047	800001dc	b5099cb7	lui	x25,0xb5099	 x25=0xb5099000
       10495000	      1048	800001e0	06968a23	sb	x9,116(x13)	 x13:0x80008c74  x9:0x80009fc4 PA:0x80008ce8
       10505000	      1049	800001e4	01230fb3	add	x31,x6,x18	  x6:0xfffffe63 x18:0xffffffc8 x31=0xfffffe2b
       10515000	      1050	800001e8	401b8533	sub	x10,x23,x1	 x23:0x80001b34  x1:0x00000000 x10=0x80001b34
       10525000	      1051	800001ec	01e69983	lh	x19,30(x13)	 x13:0x80008c74 x19=0x00007879 PA:0x80008c92
       10535000	      1052	800001f0	01ca3fb3	sltu	x31,x20,x28	 x20:0x00000001 x28:0x80009f84 x31=0x00000001
       10545000	      1053	800001f4	fec68623	sb	x12,-20(x13)	 x13:0x80008c74 x12:0x80000138 PA:0x80008c60
       10555000	      1054	800001f8	1ec6de83	lhu	x29,492(x13)	 x13:0x80008c74 x29=0x00004a4b PA:0x80008e60
       10565000	      1055	800001fc	40b901b3	sub	x3,x18,x11	 x18:0xffffffc8 x11:0x00000000  x3=0xffffffc8
       10575000	      1056	80000200	d80f3893	sltiu	x17,x30,-640	 x30:0x00006465 x17=0x00000001
       10585000	      1057	80000204	db369423	sh	x19,-600(x13)	 x13:0x80008c74 x19:0x00007879 PA:0x80008a1c
       10595000	      1058	80000208	c5ed0e93	addi	x29,x26,-930	 x26:0x00000000 x29=0xfffffc5e
       10605000	      1059	8000020c	41ca5b93	srai	x23,x20,0x1c	 x20:0x00000001 x23=0x00000000
       10615000	      1060	80000210	0e4682a3	sb	x4,229(x13)	 x13:0x80008c74  x4:0xfffffeba PA:0x80008d59
       10625000	      1061	80000214	d7269d23	sh	x18,-646(x13)	 x13:0x80008c74 x18:0xffffffc8 PA:0x800089ee
       10635000	      1062	80000218	c9068da3	sb	x16,-869(x13)	 x13:0x80008c74 x16:0x00000000 PA:0x8000890f
       10645000	      1063	8000021c	dea6d303	lhu	x6,-534(x13)	 x13:0x80008c74  x6=0x00004445 PA:0x80008a5e
       10655000	      1064	80000220	dbd6ce83	lbu	x29,-579(x13)	 x13:0x80008c74 x29=0x0000001a PA:0x80008a31
       10665000	      1065	80000224	012a9913	slli	x18,x21,0x12	 x21:0x00000000 x18=0x00000000
       10675000	      1066	80000228	4158d1b3	sra	x3,x17,x21	 x17:0x00000001 x21:0x00000000  x3=0x00000001
       10685000	      1067	8000022c	2ad6c183	lbu	x3,685(x13)	 x13:0x80008c74  x3=0x0000000a PA:0x80008f21
       10695000	      1068	00000000	00000013	addi	x0,x0,0	  x0:0x00000000
       10705000	      1069	80000230	4011d113	srai	x2,x3,0x1	  x3:0x0000000a  x2=0x00000005
       10715000	      1070	80000234	01af9f13	slli	x30,x31,0x1a	 x31:0x00000001 x30=0x04000000
       10725000	      1071	80000238	d486a983	lw	x19,-696(x13)	 x13:0x80008c74 x19=0xa4a5a6a7 PA:0x800089bc
       10735000	      1072	8000023c	17c6a623	sw	x28,364(x13)	 x13:0x80008c74 x28:0x80009f84 PA:0x80008de0
       10745000	      1073	80000240	ff068203	lb	x4,-16(x13)	 x13:0x80008c74  x4=0x0000004f PA:0x80008c64
       10755000	      1074	80000244	00046db3	or	x27,x8,x0	  x8:0x00000048  x0:0x00000000 x27=0x00000048
       10765000	      1075	80000248	41b000b3	sub	x1,x0,x27	  x0:0x00000000 x27:0x00000048  x1=0xffffffb8
       10775000	      1076	8000024c	dba6cf03	lbu	x30,-582(x13)	 x13:0x80008c74 x30=0x00000015 PA:0x80008a2e
       10785000	      1077	80000250	dba6da03	lhu	x20,-582(x13)	 x13:0x80008c74 x20=0x00001415 PA:0x80008a2e
       10795000	      1078	80000254	f8269603	lh	x12,-126(x13)	 x13:0x80008c74 x12=0xffffdcdd PA:0x80008bf6
       10805000	      1079	80000258	34f68203	lb	x4,847(x13)	 x13:0x80008c74  x4=0xffffffa8 PA:0x80008fc3
       10815000	      1080	8000025c	403edd33	sra	x26,x29,x3	 x29:0x0000001a  x3:0x0000000a x26=0x00000000
       10825000	      1081	80000260	01d43d33	sltu	x26,x8,x29	  x8:0x00000048 x29:0x0000001a x26=0x00000000
       10835000	      1082	80000264	90e3bf93	sltiu	x31,x7,-1778	  x7:0x00000000 x31=0x00000001
       10845000	      1083	80000268	24b69823	sh	x11,592(x13)	 x13:0x80008c74 x11:0x00000000 PA:0x80008ec4
       10855000	      1084	8000026c	d566d383	lhu	x7,-682(x13)	 x13:0x80008c74  x7=0x0000b0b1 PA:0x800089ca
       10865000	      1085	80000270	00008e97	auipc	x29,0x8	 x29=0x8000826c
       10875000	      1086	80000274	452e8e93	addi	x29,x29,1106	 x29:0x8000826c x29=0x800086be
       10885000	      1087	80000278	00008217	auipc	x4,0x8	  x4=0x80008274
       10895000	      1088	8000027c	1fa20213	addi	x4,x4,506	  x4:0x80008274  x4=0x8000846e
       10905000	      1089	80000280	b5eec583	lbu	x11,-1186(x29)	 x29:0x800086be x11=0x000000d7 PA:0x8000821c
       10915000	      1090	80000284	00008117	auipc	x2,0x8	  x2=0x80008280
       10925000	      1091	80000288	1ed10113	addi	x2,x2,493	  x2:0x80008280  x2=0x8000846d
       10935000	      1092	8000028c	00008317	auipc	x6,0x8	  x6=0x80008288
       10945000	      1093	80000290	54d30313	addi	x6,x6,1357	  x6:0x80008288  x6=0x800087d5
       10955000	      1094	80000294	d5030a03	lb	x20,-688(x6)	  x6:0x800087d5 x20=0xffffffde PA:0x80008525
       10965000	      1095	00000000	00000013	addi	x0,x0,0	  x0:0x00000000
       10975000	      1096	80000298	014204a3	sb	x20,9(x4)	  x4:0x8000846e x20:0xffffffde PA:0x80008477
       10985000	      1097	8000029c	fed20aa3	sb	x13,-11(x4)	  x4:0x8000846e x13:0x80008c74 PA:0x80008463
       10995000	      1098	800002a0	fa314783	lbu	x15,-93(x2)	  x2:0x8000846d x15=0x000000cb PA:0x80008410
       11005000	      1099	800002a4	d7030b83	lb	x23,-656(x6)	  x6:0x800087d5 x23=0xfffffffe PA:0x80008545
       11015000	      1100	800002a8	0c510e23	sb	x5,220(x2)	  x2:0x8000846d  x5:0x00000001 PA:0x80008549
       11025000	      1101	800002ac	00008917	auipc	x18,0x8	 x18=0x800082a8
       11035000	      1102	800002b0	e7c90913	addi	x18,x18,-388	 x18:0x800082a8 x18=0x80008124
       11045000	      1103	800002b4	c80e8003	lb	x0,-896(x29)	 x29:0x800086be PA:0x8000833e
       11055000	      1104	800002b8	ff720383	lb	x7,-9(x4)	  x4:0x8000846e  x7=0x0000001e PA:0x80008465
       11065000	      1105	800002bc	ef530ea3	sb	x21,-259(x6)	  x6:0x800087d5 x21:0x00000000 PA:0x800086d2
       11075000	      1106	800002c0	009201a3	sb	x9,3(x4)	  x4:0x8000846e  x9:0x80009fc4 PA:0x80008471
       11085000	      1107	800002c4	a4ee9123	sh	x14,-1470(x29)	 x29:0x800086be x14:0x0000001f PA:0x80008100
       11095000	      1108	800002c8	a7230583	lb	x11,-1422(x6)	  x6:0x800087d5 x11=0xfffffffc PA:0x80008247
       11105000	      1109	800002cc	fb294f83	lbu	x31,-78(x18)	 x18:0x80008124 x31=0x0000008d PA:0x800080d6
       11115000	      1110	800002d0	ff124b03	lbu	x22,-15(x4)	  x4:0x8000846e x22=0x00000014 PA:0x8000845f
       11125000	      1111	800002d4	f4690503	lb	x10,-186(x18)	 x18:0x80008124 x10=0x00000021 PA:0x8000806a
       11135000	      1112	800002d8	d1ce8883	lb	x17,-740(x29)	 x29:0x800086be x17=0xffffff91 PA:0x800083da
       11145000	      1113	800002dc	08892083	lw	x1,136(x18)	 x18:0x80008124  x1=0x64656667 PA:0x800081ac
       11155000	      1114	800002e0	0d8edc83	lhu	x25,216(x29)	 x29:0x800086be x25=0x00004c4d PA:0x80008796
       11165000	      1115	800002e4	06d90783	lb	x15,109(x18)	 x18:0x80008124 x15=0x0000004a PA:0x80008191
       11175000	      1116	800002e8	00620423	sb	x6,8(x4)	  x4:0x8000846e  x6:0x800087d5 PA:0x80008476
       11185000	      1117	800002ec	e0e30823	sb	x14,-496(x6)	  x6:0x800087d5 x14:0x0000001f PA:0x800085e5
       11195000	      1118	800002f0	02394f83	lbu	x31,35(x18)	 x18:0x80008124 x31=0x000000fc PA:0x80008147
       11205000	      1119	800002f4	f74edc03	lhu	x24,-140(x29)	 x29:0x800086be x24=0x0000e8e9 PA:0x80008632
       11215000	      1120	800002f8	05614a03	lbu	x20,86(x2)	  x2:0x8000846d x20=0x00000078 PA:0x800084c3
       11225000	      1121	800002fc	00c21423	sh	x12,8(x4)	  x4:0x8000846e x12:0xffffdcdd PA:0x80008476
       11235000	      1122	80000300	fa2100a3	sb	x2,-95(x2)	  x2:0x8000846d  x2:0x8000846d PA:0x8000840e
       11245000	      1123	80000304	05b14f03	lbu	x30,91(x2)	  x2:0x8000846d x30=0x000000dd PA:0x800084c8
       11255000	      1124	80000308	01291a03	lh	x20,18(x18)	 x18:0x80008124 x20=0xffffeced PA:0x80008136
       11265000	      1125	8000030c	fed10aa3	sb	x13,-11(x2)	  x2:0x8000846d x13:0x80008c74 PA:0x80008462
       11275000	      1126	80000310	ffd20083	lb	x1,-3(x4)	  x4:0x8000846e  x1=0x00000020 PA:0x8000846b
       11285000	      1127	80000314	ffa21d03	lh	x26,-6(x4)	  x4:0x8000846e x26=0x00002223 PA:0x80008468
       11295000	      1128	80000318	ff010fa3	sb	x16,-1(x2)	  x2:0x8000846d x16:0x00000000 PA:0x8000846c
       11305000	      1129	8000031c	f2c34503	lbu	x10,-212(x6)	  x6:0x800087d5 x10=0x000000ba PA:0x80008701
       11315000	      1130	80000320	f4d10ea3	sb	x13,-163(x2)	  x2:0x8000846d x13:0x80008c74 PA:0x800083ca
       11325000	      1131	80000324	98c30b83	lb	x23,-1652(x6)	  x6:0x800087d5 x23=0x0000001a PA:0x80008161
       11335000	      1132	80000328	0dc90fa3	sb	x28,223(x18)	 x18:0x80008124 x28:0x80009f84 PA:0x80008203
       11345000	      1133	8000032c	db5e8503	lb	x10,-587(x29)	 x29:0x800086be x10=0x00000028 PA:0x80008473
       11355000	      1134	80000330	03692423	sw	x22,40(x18)	 x18:0x80008124 x22:0x00000014 PA:0x8000814c
       11365000	      1135	80000334	08014d83	lbu	x27,128(x2)	  x2:0x8000846d x27=0x00000000 PA:0x800084ed
       11375000	      1136	80000338	f27e8b03	lb	x22,-217(x29)	 x29:0x800086be x22=0x0000001f PA:0x800085e5
       11385000	      1137	8000033c	00009a17	auipc	x20,0x9	 x20=0x80009338
       11395000	      1138	80000340	a55a0a13	addi	x20,x20,-1451	 x20:0x80009338 x20=0x80008d8d
       11405000	      1139	80000344	00008f17	auipc	x30,0x8	 x30=0x80008340
       11415000	      1140	80000348	4e2f0f13	addi	x30,x30,1250	 x30:0x80008340 x30=0x80008822
       11425000	      1141	8000034c	509f04a3	sb	x9,1289(x30)	 x30:0x80008822  x9:0x80009fc4 PA:0x80008d2b
       11435000	      1142	80000350	00008b17	auipc	x22,0x8	 x22=0x8000834c
       11445000	      1143	80000354	4d1b0b13	addi	x22,x22,1233	 x22:0x8000834c x22=0x8000881d
       11455000	      1144	80000358	ffca0683	lb	x13,-4(x20)	 x20:0x80008d8d x13=0x00000072 PA:0x80008d89
       11465000	      1145	8000035c	ff1a0d03	lb	x26,-15(x20)	 x20:0x80008d8d x26=0x00000065 PA:0x80008d7e
       11475000	      1146	80000360	013a0423	sb	x19,8(x20)	 x20:0x80008d8d x19:0xa4a5a6a7 PA:0x80008d95
       11485000	      1147	80000364	008b0623	sb	x8,12(x22)	 x22:0x8000881d  x8:0x00000048 PA:0x80008829
       11495000	      1148	80000368	023b5e83	lhu	x29,35(x22)	 x22:0x8000881d x29=0x00002a2b PA:0x80008840
       11505000	      1149	8000036c	017a0423	sb	x23,8(x20)	 x20:0x80008d8d x23:0x0000001a PA:0x80008d95
       11515000	      1150	80000370	3e7f09a3	sb	x7,1011(x30)	 x30:0x80008822  x7:0x0000001e PA:0x80008c15
       11525000	      1151	80000374	fffa1383	lh	x7,-1(x20)	 x20:0x80008d8d  x7=0x00007677 PA:0x80008d8c
       11535000	      1152	80000378	015b0f23	sb	x21,30(x22)	 x22:0x8000881d x21:0x00000000 PA:0x8000883b
       11545000	      1153	8000037c	6caf5c83	lhu	x25,1738(x30)	 x30:0x80008822 x25=0x0000d6d7 PA:0x80008eec
       11555000	      1154	80000380	05af01a3	sb	x26,67(x30)	 x30:0x80008822 x26:0x00000065 PA:0x80008865
       11565000	      1155	80000384	011b5203	lhu	x4,17(x22)	 x22:0x8000881d  x4=0x00001415 PA:0x8000882e
       11575000	      1156	80000388	015b0203	lb	x4,21(x22)	 x22:0x8000881d  x4=0x00000019 PA:0x80008832
       11585000	      1157	8000038c	00aa0b83	lb	x23,10(x20)	 x20:0x80008d8d x23=0x0000007c PA:0x80008d97
       11595000	      1158	80000390	00eb0903	lb	x18,14(x22)	 x22:0x8000881d x18=0x00000010 PA:0x8000882b
       11605000	      1159	80000394	ff0a0f83	lb	x31,-16(x20)	 x20:0x80008d8d x31=0x00000066 PA:0x80008d7d
       11615000	      1160	80000398	179f0603	lb	x12,377(x30)	 x30:0x80008822 x12=0xffffff80 PA:0x8000899b
       11625000	      1161	8000039c	00008a17	auipc	x20,0x8	 x20=0x80008398
       11635000	      1162	800003a0	3c7a0a13	addi	x20,x20,967	 x20:0x80008398 x20=0x8000875f
       11645000	      1163	800003a4	0135a933	slt	x18,x11,x19	 x11:0xfffffffc x19:0xa4a5a6a7 x18=0x00000000
       11655000	      1164	800003a8	ff5a4c03	lbu	x24,-11(x20)	 x20:0x8000875f x24=0x0000000f PA:0x80008754
       11665000	      1165	800003ac	00ea0223	sb	x14,4(x20)	 x20:0x8000875f x14:0x0000001f PA:0x80008763
       11675000	      1166	800003b0	001a0823	sb	x1,16(x20)	 x20:0x8000875f  x1:0x00000020 PA:0x8000876f
       11685000	      1167	800003b4	00ba00a3	sb	x11,1(x20)	 x20:0x8000875f x11:0xfffffffc PA:0x80008760
       11695000	      1168	800003b8	ffba4b03	lbu	x22,-5(x20)	 x20:0x8000875f x22=0x00000011 PA:0x8000875a
       11705000	      1169	800003bc	00eadb13	srli	x22,x21,0xe	 x21:0x00000000 x22=0x00000000
       11715000	      1170	800003c0	ffba0a83	lb	x21,-5(x20)	 x20:0x8000875f x21=0x00000011 PA:0x8000875a
       11725000	      1171	800003c4	007a4083	lbu	x1,7(x20)	 x20:0x8000875f  x1=0x00000000 PA:0x80008766
       11735000	      1172	800003c8	00da03a3	sb	x13,7(x20)	 x20:0x8000875f x13:0x00000072 PA:0x80008766
       11745000	      1173	800003cc	70a47d93	andi	x27,x8,1802	  x8:0x00000048 x27=0x00000008
       11755000	      1174	800003d0	000a01a3	sb	x0,3(x20)	 x20:0x8000875f  x0:0x00000000 PA:0x80008762
       11765000	      1175	800003d4	ffea19a3	sh	x30,-13(x20)	 x20:0x8000875f x30:0x80008822 PA:0x80008752
       11775000	      1176	800003d8	fffa19a3	sh	x31,-13(x20)	 x20:0x8000875f x31:0x00000066 PA:0x80008752
       11785000	      1177	800003dc	ffaa19a3	sh	x26,-13(x20)	 x20:0x8000875f x26:0x00000065 PA:0x80008752
       11795000	      1178	800003e0	ff3a5303	lhu	x6,-13(x20)	 x20:0x8000875f  x6=0x00000065 PA:0x80008752
       11805000	      1179	800003e4	ff3a5a83	lhu	x21,-13(x20)	 x20:0x8000875f x21=0x00000065 PA:0x80008752
       11815000	      1180	800003e8	ff3a0b03	lb	x22,-13(x20)	 x20:0x8000875f x22=0x00000065 PA:0x80008752
       11825000	      1181	800003ec	41d95113	srai	x2,x18,0x1d	 x18:0x00000000  x2=0x00000000
       11835000	      1182	800003f0	01d62433	slt	x8,x12,x29	 x12:0xffffff80 x29:0x00002a2b  x8=0x00000001
       11845000	      1183	800003f4	ff3a4383	lbu	x7,-13(x20)	 x20:0x8000875f  x7=0x00000065 PA:0x80008752
       11855000	      1184	800003f8	001a2283	lw	x5,1(x20)	 x20:0x8000875f  x5=0x1f001afc PA:0x80008760
       11865000	      1185	800003fc	001a0983	lb	x19,1(x20)	 x20:0x8000875f x19=0xfffffffc PA:0x80008760
       11875000	      1186	80000400	001a5303	lhu	x6,1(x20)	 x20:0x8000875f  x6=0x00001afc PA:0x80008760
       11885000	      1187	80000404	00000013	addi	x0,x0,0	  x0:0x00000000
       11895000	      1188	80000408	006579b3	and	x19,x10,x6	 x10:0x00000028  x6:0x00001afc x19=0x00000028
       11905000	      1189	8000040c	00da10a3	sh	x13,1(x20)	 x20:0x8000875f x13:0x00000072 PA:0x80008760
       11915000	      1190	80000410	00008317	auipc	x6,0x8	  x6=0x8000840c
       11925000	      1191	80000414	cff30313	addi	x6,x6,-769	  x6:0x8000840c  x6=0x8000810b
       11935000	      1192	80000418	ff734183	lbu	x3,-9(x6)	  x6:0x8000810b  x3=0x000000b9 PA:0x80008102
       11945000	      1193	8000041c	010602b3	add	x5,x12,x16	 x12:0xffffff80 x16:0x00000000  x5=0xffffff80
       11955000	      1194	80000420	cd460593	addi	x11,x12,-812	 x12:0xffffff80 x11=0xfffffc54
       11965000	      1195	80000424	412e5093	srai	x1,x28,0x12	 x28:0x80009f84  x1=0xffffe000
       11975000	      1196	80000428	ffc34783	lbu	x15,-4(x6)	  x6:0x8000810b x15=0x000000bc PA:0x80008107
       11985000	      1197	8000042c	41e88433	sub	x8,x17,x30	 x17:0xffffff91 x30:0x80008822  x8=0x7fff776f
       11995000	      1198	80000430	01527033	and	x0,x4,x21	  x4:0x00000019 x21:0x00000065
       12005000	      1199	80000434	ff532503	lw	x10,-11(x6)	  x6:0x8000810b x10=0xb8b9001f PA:0x80008100
       12015000	      1200	80000438	00c30103	lb	x2,12(x6)	  x6:0x8000810b  x2=0xffffffcc PA:0x80008117
       12025000	      1201	8000043c	01e1df33	srl	x30,x3,x30	  x3:0x000000b9 x30:0x80008822 x30=0x0000002e
       12035000	      1202	80000440	ffc30403	lb	x8,-4(x6)	  x6:0x8000810b  x8=0xffffffbc PA:0x80008107
       12045000	      1203	80000444	00000013	addi	x0,x0,0	  x0:0x00000000
       12055000	      1204	80000448	0163de93	srli	x29,x7,0x16	  x7:0x00000065 x29=0x00000000
       12065000	      1205	8000044c	01113b33	sltu	x22,x2,x17	  x2:0xffffffcc x17:0xffffff91 x22=0x00000000
       12075000	      1206	80000450	ff034f03	lbu	x30,-16(x6)	  x6:0x8000810b x30=0x000000b0 PA:0x800080fb
       12085000	      1207	80000454	006d1c13	slli	x24,x26,0x6	 x26:0x00000065 x24=0x00001940
       12095000	      1208	80000458	d967ba93	sltiu	x21,x15,-618	 x15:0x000000bc x21=0x00000001
       12105000	      1209	8000045c	00000013	addi	x0,x0,0	  x0:0x00000000
       12115000	      1210	80000460	00923133	sltu	x2,x4,x9	  x4:0x00000019  x9:0x80009fc4  x2=0x00000001
       12125000	      1211	80000464	fe730b23	sb	x7,-10(x6)	  x6:0x8000810b  x7:0x00000065 PA:0x80008101
       12135000	      1212	80000468	01b9a933	slt	x18,x19,x27	 x19:0x00000028 x27:0x00000008 x18=0x00000000
       12145000	      1213	8000046c	33880f93	addi	x31,x16,824	 x16:0x00000000 x31=0x00000338
       12155000	      1214	80000470	4a608e97	auipc	x29,0x4a608	 x29=0xca60846c
       12165000	      1215	80000474	2d04e417	auipc	x8,0x2d04e	  x8=0xad04e470
       12175000	      1216	80000478	b3156413	ori	x8,x10,-1231	 x10:0xb8b9001f  x8=0xfffffb3f
       12185000	      1217	8000047c	00000013	addi	x0,x0,0	  x0:0x00000000
       12195000	      1218	80000480	01c898b3	sll	x17,x17,x28	 x17:0xffffff91 x28:0x80009f84 x17=0xfffff910
       12205000	      1219	80000484	40e801b3	sub	x3,x16,x14	 x16:0x00000000 x14:0x0000001f  x3=0xffffffe1
       12215000	      1220	80000488	01d903b3	add	x7,x18,x29	 x18:0x00000000 x29:0xca60846c  x7=0xca60846c
       12225000	      1221	8000048c	00c312a3	sh	x12,5(x6)	  x6:0x8000810b x12:0xffffff80 PA:0x80008110
       12235000	      1222	80000490	00b2b6b3	sltu	x13,x5,x11	  x5:0xffffff80 x11:0xfffffc54 x13=0x00000000
       12245000	      1223	80000494	01030883	lb	x17,16(x6)	  x6:0x8000810b x17=0xffffffd0 PA:0x8000811b
       12255000	      1224	80000498	00a34783	lbu	x15,10(x6)	  x6:0x8000810b x15=0x000000ce PA:0x80008115
       12265000	      1225	8000049c	6846c397	auipc	x7,0x6846c	  x7=0xe846c498
       12275000	      1226	800004a0	0128fb33	and	x22,x17,x18	 x17:0xffffffd0 x18:0x00000000 x22=0x00000000
       12285000	      1227	800004a4	ff430883	lb	x17,-12(x6)	  x6:0x8000810b x17=0xffffffb4 PA:0x800080ff
       12295000	      1228	00000000	00000013	addi	x0,x0,0	  x0:0x00000000
       12305000	      1229	800004a8	00d8f7b3	and	x15,x17,x13	 x17:0xffffffb4 x13:0x00000000 x15=0x00000000
       12315000	      1230	800004ac	055ee263	bltu	x29,x21,800004f0	 x29:0xca60846c x21:0x00000001
       12325000	      1231	800004b0	00f61113	slli	x2,x12,0xf	 x12:0xffffff80  x2=0xffc00000
       12335000	      1232	800004b4	be627893	andi	x17,x4,-1050	  x4:0x00000019 x17=0x00000000
       12345000	      1233	800004b8	41248cb3	sub	x25,x9,x18	  x9:0x80009fc4 x18:0x00000000 x25=0x80009fc4
       12355000	      1234	800004bc	005d4f33	xor	x30,x26,x5	 x26:0x00000065  x5:0xffffff80 x30=0xffffffe5
       12365000	      1235	800004c0	4142d1b3	sra	x3,x5,x20	  x5:0xffffff80 x20:0x8000875f  x3=0xffffffff
       12375000	      1236	800004c4	3821b213	sltiu	x4,x3,898	  x3:0xffffffff  x4=0x00000000
       12385000	      1237	800004c8	012b8c63	beq	x23,x18,800004e0	 x23:0x0000007c x18:0x00000000
       12395000	      1238	800004cc	00fa06b3	add	x13,x20,x15	 x20:0x8000875f x15:0x00000000 x13=0x8000875f
       12405000	      1239	800004d0	015fd613	srli	x12,x31,0x15	 x31:0x00000338 x12=0x00000000
       12415000	      1240	800004d4	00f19413	slli	x8,x3,0xf	  x3:0xffffffff  x8=0xffff8000
       12425000	      1241	800004d8	41c10b33	sub	x22,x2,x28	  x2:0xffc00000 x28:0x80009f84 x22=0x7fbf607c
       12435000	      1242	800004dc	01ed7bb3	and	x23,x26,x30	 x26:0x00000065 x30:0xffffffe5 x23=0x00000065
       12445000	      1243	800004e0	00b61193	slli	x3,x12,0xb	 x12:0x00000000  x3=0x00000000
       12455000	      1244	800004e4	5ee0c713	xori	x14,x1,1518	  x1:0xffffe000 x14=0xffffe5ee
       12465000	      1245	800004e8	00b8c733	xor	x14,x17,x11	 x17:0x00000000 x11:0xfffffc54 x14=0xfffffc54
       12475000	      1246	800004ec	aaf5fd93	andi	x27,x11,-1361	 x11:0xfffffc54 x27=0xfffff804
       12485000	      1247	800004f0	00ed8c63	beq	x27,x14,80000508	 x27:0xfffff804 x14:0xfffffc54
       12495000	      1248	800004f4	04fb1463	bne	x22,x15,8000053c	 x22:0x7fbf607c x15:0x00000000
       12505000	      1249	00000000	00000013	addi	x0,x0,0	  x0:0x00000000
       12515000	      1250	80000538	00000013	addi	x0,x0,0	  x0:0x00000000
       12525000	      1251	8000053c	01965c33	srl	x24,x12,x25	 x12:0x00000000 x25:0x80009fc4 x24=0x00000000
       12535000	      1252	80000540	e26e8d17	auipc	x26,0xe26e8	 x26=0x626e853c
       12545000	      1253	80000544	014f5db3	srl	x27,x30,x20	 x30:0xffffffe5 x20:0x8000875f x27=0x00000001
       12555000	      1254	80000548	01221593	slli	x11,x4,0x12	  x4:0x00000000 x11=0x00000000
       12565000	      1255	8000054c	40855f13	srai	x30,x10,0x8	 x10:0xb8b9001f x30=0xffb8b900
       12575000	      1256	80000550	02fee063	bltu	x29,x15,80000570	 x29:0xca60846c x15:0x00000000
       12585000	      1257	80000554	42f03313	sltiu	x6,x0,1071	  x0:0x00000000  x6=0x00000001
       12595000	      1258	80000558	236cfc13	andi	x24,x25,566	 x25:0x80009fc4 x24=0x00000204
       12605000	      1259	8000055c	40d3d513	srai	x10,x7,0xd	  x7:0xe846c498 x10=0xffff4236
       12615000	      1260	80000560	00000013	addi	x0,x0,0	  x0:0x00000000
       12625000	      1261	80000564	016621b3	slt	x3,x12,x22	 x12:0x00000000 x22:0x7fbf607c  x3=0x00000001
       12635000	      1262	80000568	415bd3b3	sra	x7,x23,x21	 x23:0x00000065 x21:0x00000001  x7=0x00000032
       12645000	      1263	8000056c	0389f863	bgeu	x19,x24,8000059c	 x19:0x00000028 x24:0x00000204
       12655000	      1264	80000570	400e09b3	sub	x19,x28,x0	 x28:0x80009f84  x0:0x00000000 x19=0x80009f84
       12665000	      1265	80000574	217a4693	xori	x13,x20,535	 x20:0x8000875f x13=0x80008548
       12675000	      1266	80000578	40ad8533	sub	x10,x27,x10	 x27:0x00000001 x10:0xffff4236 x10=0x0000bdcb
       12685000	      1267	8000057c	f5be6f93	ori	x31,x28,-165	 x28:0x80009f84 x31=0xffffffdf
       12695000	      1268	80000580	00c0c7b3	xor	x15,x1,x12	  x1:0xffffe000 x12:0x00000000 x15=0xffffe000
       12705000	      1269	80000584	97d1b037	lui	x0,0x97d1b	
       12715000	      1270	80000588	31750b13	addi	x22,x10,791	 x10:0x0000bdcb x22=0x0000c0e2
       12725000	      1271	8000058c	003a16b3	sll	x13,x20,x3	 x20:0x8000875f  x3:0x00000001 x13=0x00010ebe
       12735000	      1272	80000590	010443b3	xor	x7,x8,x16	  x8:0xffff8000 x16:0x00000000  x7=0xffff8000
       12745000	      1273	80000594	016005b3	add	x11,x0,x22	  x0:0x00000000 x22:0x0000c0e2 x11=0x0000c0e2
       12755000	      1274	80000598	03f05463	bge	x0,x31,800005c0	  x0:0x00000000 x31:0xffffffdf
       12765000	      1275	00000000	00000013	addi	x0,x0,0	  x0:0x00000000
       12775000	      1276	800005bc	00000013	addi	x0,x0,0	  x0:0x00000000
       12785000	      1277	800005c0	04ff7863	bgeu	x30,x15,80000610	 x30:0xffb8b900 x15:0xffffe000
       12795000	      1278	800005c4	006c9a63	bne	x25,x6,800005d8	 x25:0x80009fc4  x6:0x00000001
       12805000	      1279	00000000	00000013	addi	x0,x0,0	  x0:0x00000000
       12815000	      1280	800005d4	00000013	addi	x0,x0,0	  x0:0x00000000
       12825000	      1281	800005d8	41410333	sub	x6,x2,x20	  x2:0xffc00000 x20:0x8000875f  x6=0x7fbf78a1
       12835000	      1282	800005dc	0123a533	slt	x10,x7,x18	  x7:0xffff8000 x18:0x00000000 x10=0x00000001
       12845000	      1283	800005e0	0137d233	srl	x4,x15,x19	 x15:0xffffe000 x19:0x80009f84  x4=0x0ffffe00
       12855000	      1284	800005e4	41332993	slti	x19,x6,1043	  x6:0x7fbf78a1 x19=0x00000000
       12865000	      1285	800005e8	001fdf13	srli	x30,x31,0x1	 x31:0xffffffdf x30=0x7fffffef
       12875000	      1286	800005ec	00a41333	sll	x6,x8,x10	  x8:0xffff8000 x10:0x00000001  x6=0xffff0000
       12885000	      1287	800005f0	00384c63	blt	x16,x3,80000608	 x16:0x00000000  x3:0x00000001
       12895000	      1288	00000000	00000013	addi	x0,x0,0	  x0:0x00000000
       12905000	      1289	80000604	00000013	addi	x0,x0,0	  x0:0x00000000
       12915000	      1290	80000608	01381b33	sll	x22,x16,x19	 x16:0x00000000 x19:0x00000000 x22=0x00000000
       12925000	      1291	8000060c	8a0a6793	ori	x15,x20,-1888	 x20:0x8000875f x15=0xffffffff
       12935000	      1292	80000610	ab5305b7	lui	x11,0xab530	 x11=0xab530000
       12945000	      1293	80000614	0557e263	bltu	x15,x21,80000658	 x15:0xffffffff x21:0x00000001
       12955000	      1294	80000618	063b7063	bgeu	x22,x3,80000678	 x22:0x00000000  x3:0x00000001
       12965000	      1295	8000061c	0156f733	and	x14,x13,x21	 x13:0x00010ebe x21:0x00000001 x14=0x00000000
       12975000	      1296	80000620	0113cf33	xor	x30,x7,x17	  x7:0xffff8000 x17:0x00000000 x30=0xffff8000
       12985000	      1297	80000624	2779dc17	auipc	x24,0x2779d	 x24=0xa779d620
       12995000	      1298	80000628	40025c93	srai	x25,x4,0x0	  x4:0x0ffffe00 x25=0x0ffffe00
       13005000	      1299	8000062c	00000013	addi	x0,x0,0	  x0:0x00000000
       13015000	      1300	80000630	00001997	auipc	x19,0x1	 x19=0x8000162c
       13025000	      1301	80000634	50898993	addi	x19,x19,1288	 x19:0x8000162c x19=0x80001b34
       13035000	      1302	80000638	f8298993	addi	x19,x19,-126	 x19:0x80001b34 x19=0x80001ab6
       13045000	      1303	8000063c	006d52b3	srl	x5,x26,x6	 x26:0x626e853c  x6:0xffff0000  x5=0x626e853c
       13055000	      1304	80000640	41d18633	sub	x12,x3,x29	  x3:0x00000001 x29:0xca60846c x12=0x359f7b95
       13065000	      1305	80000644	415f0b33	sub	x22,x30,x21	 x30:0xffff8000 x21:0x00000001 x22=0xffff7fff
       13075000	      1306	80000648	07f98667	jalr	x12,x19,127	 x19:0x80001ab6 x12=0x80000648
       13085000	      1307	00000000	00000013	addi	x0,x0,0	  x0:0x00000000
       13095000	      1308	80001b34	00000013	addi	x0,x0,0	  x0:0x00000000
       13105000	      1309	80001b38	019c9a33	sll	x20,x25,x25	 x25:0x0ffffe00 x25:0x0ffffe00 x20=0x0ffffe00
       13115000	      1310	80001b3c	01f2ee63	bltu	x5,x31,80001b58	  x5:0x626e853c x31:0xffffffdf
       13125000	      1311	00000000	00000013	addi	x0,x0,0	  x0:0x00000000
       13135000	      1312	80001b54	00000013	addi	x0,x0,0	  x0:0x00000000
       13145000	      1313	80001b58	fd8e0e13	addi	x28,x28,-40	 x28:0x80009f84 x28=0x80009f5c
       13155000	      1314	80001b5c	0134d9b3	srl	x19,x9,x19	  x9:0x80009fc4 x19:0x80001ab6 x19=0x00000200
       13165000	      1315	80001b60	00ce2223	sw	x12,4(x28)	 x28:0x80009f5c x12:0x80000648 PA:0x80009f60
       13175000	      1316	80001b64	014266b3	or	x13,x4,x20	  x4:0x0ffffe00 x20:0x0ffffe00 x13=0x0ffffe00
       13185000	      1317	80001b68	00006c97	auipc	x25,0x6	 x25=0x80007b64
       13195000	      1318	80001b6c	767c8c93	addi	x25,x25,1895	 x25:0x80007b64 x25=0x800082cb
       13205000	      1319	80001b70	7c1c0b13	addi	x22,x24,1985	 x24:0xa779d620 x22=0xa779dde1
       13215000	      1320	80001b74	ff3c8823	sb	x19,-16(x25)	 x25:0x800082cb x19:0x00000200 PA:0x800082bb
       13225000	      1321	80001b78	00000013	addi	x0,x0,0	  x0:0x00000000
       13235000	      1322	80001b7c	00aed193	srli	x3,x29,0xa	 x29:0xca60846c  x3=0x00329821
       13245000	      1323	80001b80	ff0cc703	lbu	x14,-16(x25)	 x25:0x800082cb x14=0x00000000 PA:0x800082bb
       13255000	      1324	80001b84	ff0cc003	lbu	x0,-16(x25)	 x25:0x800082cb PA:0x800082bb
       13265000	      1325	80001b88	ff0ccb83	lbu	x23,-16(x25)	 x25:0x800082cb x23=0x00000000 PA:0x800082bb
       13275000	      1326	80001b8c	ff0c8203	lb	x4,-16(x25)	 x25:0x800082cb  x4=0x00000000 PA:0x800082bb
       13285000	      1327	80001b90	ff0ccd03	lbu	x26,-16(x25)	 x25:0x800082cb x26=0x00000000 PA:0x800082bb
       13295000	      1328	80001b94	ff0c8683	lb	x13,-16(x25)	 x25:0x800082cb x13=0x00000000 PA:0x800082bb
       13305000	      1329	80001b98	41e05793	srai	x15,x0,0x1e	  x0:0x00000000 x15=0x00000000
       13315000	      1330	80001b9c	ff0c8883	lb	x17,-16(x25)	 x25:0x800082cb x17=0x00000000 PA:0x800082bb
       13325000	      1331	80001ba0	ff0c8783	lb	x15,-16(x25)	 x25:0x800082cb x15=0x00000000 PA:0x800082bb
       13335000	      1332	80001ba4	febc8823	sb	x11,-16(x25)	 x25:0x800082cb x11:0xab530000 PA:0x800082bb
       13345000	      1333	80001ba8	004c8783	lb	x15,4(x25)	 x25:0x800082cb x15=0xffffff84 PA:0x800082cf
       13355000	      1334	80001bac	003c8223	sb	x3,4(x25)	 x25:0x800082cb  x3:0x00329821 PA:0x800082cf
       13365000	      1335	80001bb0	00006617	auipc	x12,0x6	 x12=0x80007bac
       13375000	      1336	80001bb4	66760613	addi	x12,x12,1639	 x12:0x80007bac x12=0x80008213
       13385000	      1337	80001bb8	f1965503	lhu	x10,-231(x12)	 x12:0x80008213 x10=0x0000e6e7 PA:0x8000812c
       13395000	      1338	80001bbc	fac64b03	lbu	x22,-84(x12)	 x12:0x80008213 x22=0x00000074 PA:0x800081bf
       13405000	      1339	80001bc0	08860f83	lb	x31,136(x12)	 x12:0x80008213 x31=0x00000050 PA:0x8000829b
       13415000	      1340	80001bc4	07760e23	sb	x23,124(x12)	 x12:0x80008213 x23:0x00000000 PA:0x8000828f
       13425000	      1341	80001bc8	09060123	sb	x16,130(x12)	 x12:0x80008213 x16:0x00000000 PA:0x80008295
       13435000	      1342	80001bcc	01961003	lh	x0,25(x12)	 x12:0x80008213 PA:0x8000822c
       13445000	      1343	80001bd0	0153a333	slt	x6,x7,x21	  x7:0xffff8000 x21:0x00000001  x6=0x00000001
       13455000	      1344	80001bd4	0014b9b3	sltu	x19,x9,x1	  x9:0x80009fc4  x1:0xffffe000 x19=0x00000001
       13465000	      1345	80001bd8	77ba6f97	auipc	x31,0x77ba6	 x31=0xf7ba7bd4
       13475000	      1346	80001bdc	c0c16bb7	lui	x23,0xc0c16	 x23=0xc0c16000
       13485000	      1347	80001be0	03260283	lb	x5,50(x12)	 x12:0x80008213  x5=0xfffffffe PA:0x80008245
       13495000	      1348	80001be4	fb8622a3	sw	x24,-91(x12)	 x12:0x80008213 x24:0xa779d620 PA:0x800081b8
       13505000	      1349	80001be8	fe961683	lh	x13,-23(x12)	 x12:0x80008213 x13=0xffffb6b7 PA:0x800081fc
       13515000	      1350	80001bec	02660223	sb	x6,36(x12)	 x12:0x80008213  x6:0x00000001 PA:0x80008237
       13525000	      1351	80001bf0	fe761303	lh	x6,-25(x12)	 x12:0x80008213  x6=0xffffb0b1 PA:0x800081fa
       13535000	      1352	80001bf4	aacbe513	ori	x10,x23,-1364	 x23:0xc0c16000 x10=0xfffffaac
       13545000	      1353	80001bf8	00eb3733	sltu	x14,x22,x14	 x22:0x00000074 x14:0x00000000 x14=0x00000000
       13555000	      1354	80001bfc	f5e60023	sb	x30,-192(x12)	 x12:0x80008213 x30:0xffff8000 PA:0x80008153
       13565000	      1355	80001c00	f1660d03	lb	x26,-234(x12)	 x12:0x80008213 x26=0xffffffe2 PA:0x80008129
       13575000	      1356	80001c04	02064783	lbu	x15,32(x12)	 x12:0x80008213 x15=0x00000000 PA:0x80008233
       13585000	      1357	00000000	00000013	addi	x0,x0,0	  x0:0x00000000
       13595000	      1358	80001c08	40d7dc13	srai	x24,x15,0xd	 x15:0x00000000 x24=0x00000000
       13605000	      1359	80001c0c	0e564d83	lbu	x27,229(x12)	 x12:0x80008213 x27=0x000000b3 PA:0x800082f8
       13615000	      1360	80001c10	f2164f03	lbu	x30,-223(x12)	 x12:0x80008213 x30=0x000000ef PA:0x80008134
       13625000	      1361	80001c14	03664103	lbu	x2,54(x12)	 x12:0x80008213  x2=0x00000002 PA:0x80008249
       13635000	      1362	80001c18	fd9620a3	sw	x25,-63(x12)	 x12:0x80008213 x25:0x800082cb PA:0x800081d4
       13645000	      1363	80001c1c	00000013	addi	x0,x0,0	  x0:0x00000000
       13655000	      1364	80001c20	08264103	lbu	x2,130(x12)	 x12:0x80008213  x2=0x00000000 PA:0x80008295
       13665000	      1365	80001c24	006688b3	add	x17,x13,x6	 x13:0xffffb6b7  x6:0xffffb0b1 x17=0xffff6768
       13675000	      1366	80001c28	f8fd4b93	xori	x23,x26,-113	 x26:0xffffffe2 x23=0x0000006d
       13685000	      1367	80001c2c	001e9a93	slli	x21,x29,0x1	 x29:0xca60846c x21=0x94c108d8
       13695000	      1368	80001c30	e41c0593	addi	x11,x24,-447	 x24:0x00000000 x11=0xfffffe41
       13705000	      1369	80001c34	f0860b23	sb	x8,-234(x12)	 x12:0x80008213  x8:0xffff8000 PA:0x80008129
       13715000	      1370	80001c38	fc364283	lbu	x5,-61(x12)	 x12:0x80008213  x5=0x00000000 PA:0x800081d6
       13725000	      1371	80001c3c	f38603a3	sb	x24,-217(x12)	 x12:0x80008213 x24:0x00000000 PA:0x8000813a
       13735000	      1372	80001c40	0e160683	lb	x13,225(x12)	 x12:0x80008213 x13=0xffffffaf PA:0x800082f4
       13745000	      1373	80001c44	3ae5bb13	sltiu	x22,x11,942	 x11:0xfffffe41 x22=0x00000000
       13755000	      1374	80001c48	069619a3	sh	x9,115(x12)	 x12:0x80008213  x9:0x80009fc4 PA:0x80008286
       13765000	      1375	80001c4c	f1d61203	lh	x4,-227(x12)	 x12:0x80008213  x4=0xffffeaeb PA:0x80008130
       13775000	      1376	80001c50	04360383	lb	x7,67(x12)	 x12:0x80008213  x7=0x0000000d PA:0x80008256
       13785000	      1377	80001c54	0d4613a3	sh	x20,199(x12)	 x12:0x80008213 x20:0x0ffffe00 PA:0x800082da
       13795000	      1378	80001c58	05e61aa3	sh	x30,85(x12)	 x12:0x80008213 x30:0x000000ef PA:0x80008268
       13805000	      1379	80001c5c	fce60303	lb	x6,-50(x12)	 x12:0x80008213  x6=0xffffff9a PA:0x800081e1
       13815000	      1380	80001c60	00007717	auipc	x14,0x7	 x14=0x80008c5c
       13825000	      1381	80001c64	07f70713	addi	x14,x14,127	 x14:0x80008c5c x14=0x80008cdb
       13835000	      1382	80001c68	00007e97	auipc	x29,0x7	 x29=0x80008c64
       13845000	      1383	80001c6c	d59e8e93	addi	x29,x29,-679	 x29:0x80008c64 x29=0x800089bd
       13855000	      1384	80001c70	00270403	lb	x8,2(x14)	 x14:0x80008cdb  x8=0xffffffc6 PA:0x80008cdd
       13865000	      1385	80001c74	fd070a83	lb	x21,-48(x14)	 x14:0x80008cdb x21=0xffffff90 PA:0x80008cab
       13875000	      1386	80001c78	026ec183	lbu	x3,38(x29)	 x29:0x800089bd  x3=0x000000c8 PA:0x800089e3
       13885000	      1387	80001c7c	01be90a3	sh	x27,1(x29)	 x29:0x800089bd x27:0x000000b3 PA:0x800089be
       13895000	      1388	80001c80	03074d83	lbu	x27,48(x14)	 x14:0x80008cdb x27=0x000000f0 PA:0x80008d0b
       13905000	      1389	80001c84	ff5e8c23	sb	x21,-8(x29)	 x29:0x800089bd x21:0xffffff90 PA:0x800089b5
       13915000	      1390	80001c88	ff575203	lhu	x4,-11(x14)	 x14:0x80008cdb  x4=0x0000babb PA:0x80008cd0
       13925000	      1391	80001c8c	fe3edf03	lhu	x30,-29(x29)	 x29:0x800089bd x30=0x00008a8b PA:0x800089a0
       13935000	      1392	80001c90	00775403	lhu	x8,7(x14)	 x14:0x80008cdb  x8=0x0000c8c9 PA:0x80008ce2
       13945000	      1393	80001c94	fcbe8823	sb	x11,-48(x29)	 x29:0x800089bd x11:0xfffffe41 PA:0x8000898d
       13955000	      1394	80001c98	fc3e8d03	lb	x26,-61(x29)	 x29:0x800089bd x26=0x0000006b PA:0x80008980
       13965000	      1395	80001c9c	02c74b83	lbu	x23,44(x14)	 x14:0x80008cdb x23=0x000000ec PA:0x80008d07
       13975000	      1396	80001ca0	00ae98a3	sh	x10,17(x29)	 x29:0x800089bd x10:0xfffffaac PA:0x800089ce
       13985000	      1397	80001ca4	fea74f83	lbu	x31,-22(x14)	 x14:0x80008cdb x31=0x000000ae PA:0x80008cc5
       13995000	      1398	80001ca8	fe8704a3	sb	x8,-23(x14)	 x14:0x80008cdb  x8:0x0000c8c9 PA:0x80008cc4
       14005000	      1399	80001cac	027ecd83	lbu	x27,39(x29)	 x29:0x800089bd x27=0x000000cf PA:0x800089e4
       14015000	      1400	80001cb0	02c74183	lbu	x3,44(x14)	 x14:0x80008cdb  x3=0x000000ec PA:0x80008d07
       14025000	      1401	00000000	00000013	addi	x0,x0,0	  x0:0x00000000
       14035000	      1402	80001cb4	4f418793	addi	x15,x3,1268	  x3:0x000000ec x15=0x000005e0
       14045000	      1403	80001cb8	84637513	andi	x10,x6,-1978	  x6:0xffffff9a x10=0xfffff802
       14055000	      1404	80001cbc	a2bc2913	slti	x18,x24,-1493	 x24:0x00000000 x18=0x00000000
       14065000	      1405	80001cc0	7f63fd13	andi	x26,x7,2038	  x7:0x0000000d x26=0x00000004
       14075000	      1406	80001cc4	4076d793	srai	x15,x13,0x7	 x13:0xffffffaf x15=0xffffffff
       14085000	      1407	80001cc8	01659a13	slli	x20,x11,0x16	 x11:0xfffffe41 x20=0x90400000
       14095000	      1408	80001ccc	008e9113	slli	x2,x29,0x8	 x29:0x800089bd  x2=0x0089bd00
       14105000	      1409	80001cd0	01248333	add	x6,x9,x18	  x9:0x80009fc4 x18:0x00000000  x6=0x80009fc4
       14115000	      1410	80001cd4	41d25533	sra	x10,x4,x29	  x4:0x0000babb x29:0x800089bd x10=0x00000000
       14125000	      1411	80001cd8	40a55313	srai	x6,x10,0xa	 x10:0x00000000  x6=0x00000000
       14135000	      1412	80001cdc	86413093	sltiu	x1,x2,-1948	  x2:0x0089bd00  x1=0x00000001
       14145000	      1413	80001ce0	016ce2b3	or	x5,x25,x22	 x25:0x800082cb x22:0x00000000  x5=0x800082cb
       14155000	      1414	80001ce4	d68c8593	addi	x11,x25,-664	 x25:0x800082cb x11=0x80008033
       14165000	      1415	80001ce8	009d16b3	sll	x13,x26,x9	 x26:0x00000004  x9:0x80009fc4 x13=0x00000040
       14175000	      1416	80001cec	01e63f33	sltu	x30,x12,x30	 x12:0x80008213 x30:0x00008a8b x30=0x00000000
       14185000	      1417	80001cf0	00505663	bge	x0,x5,80001cfc	  x0:0x00000000  x5:0x800082cb
       14195000	      1418	00000000	00000013	addi	x0,x0,0	  x0:0x00000000
       14205000	      1419	80001cf8	00000013	addi	x0,x0,0	  x0:0x00000000
       14215000	      1420	80001cfc	ebac6fb7	lui	x31,0xebac6	 x31=0xebac6000
       14225000	      1421	80001d00	417a5f33	sra	x30,x20,x23	 x20:0x90400000 x23:0x000000ec x30=0xfff90400
       14235000	      1422	80001d04	01187263	bgeu	x16,x17,80001d08	 x16:0x00000000 x17:0xffff6768
       14245000	      1423	80001d08	2e3e1537	lui	x10,0x2e3e1	 x10=0x2e3e1000
       14255000	      1424	80001d0c	25b47c93	andi	x25,x8,603	  x8:0x0000c8c9 x25=0x00000049
       14265000	      1425	80001d10	0098de93	srli	x29,x17,0x9	 x17:0xffff6768 x29=0x007fffb3
       14275000	      1426	80001d14	02be6a63	bltu	x28,x11,80001d48	 x28:0x80009f5c x11:0x80008033
       14285000	      1427	80001d18	c5ac4413	xori	x8,x24,-934	 x24:0x00000000  x8=0xfffffc5a
       14295000	      1428	80001d1c	8ce88393	addi	x7,x17,-1842	 x17:0xffff6768  x7=0xffff6036
       14305000	      1429	80001d20	4120d193	srai	x3,x1,0x12	  x1:0x00000001  x3=0x00000000
       14315000	      1430	80001d24	017d8133	add	x2,x27,x23	 x27:0x000000cf x23:0x000000ec  x2=0x000001bb
       14325000	      1431	80001d28	417a0633	sub	x12,x20,x23	 x20:0x90400000 x23:0x000000ec x12=0x903fff14
       14335000	      1432	80001d2c	669bc393	xori	x7,x23,1641	 x23:0x000000ec  x7=0x00000685
       14345000	      1433	80001d30	0152c7b3	xor	x15,x5,x21	  x5:0x800082cb x21:0xffffff90 x15=0x7fff7d5b
       14355000	      1434	80001d34	00000013	addi	x0,x0,0	  x0:0x00000000
       14365000	      1435	80001d38	002d30b3	sltu	x1,x26,x2	 x26:0x00000004  x2:0x000001bb  x1=0x00000001
       14375000	      1436	80001d3c	01eb06b3	add	x13,x22,x30	 x22:0x00000000 x30:0xfff90400 x13=0xfff90400
       14385000	      1437	80001d40	01ac5c33	srl	x24,x24,x26	 x24:0x00000000 x26:0x00000004 x24=0x00000000
       14395000	      1438	80001d44	6c88ee93	ori	x29,x17,1736	 x17:0xffff6768 x29=0xffff67e8
       14405000	      1439	80001d48	3d0b6213	ori	x4,x22,976	 x22:0x00000000  x4=0x000003d0
       14415000	      1440	80001d4c	0050b633	sltu	x12,x1,x5	  x1:0x00000001  x5:0x800082cb x12=0x00000001
       14425000	      1441	80001d50	00000013	addi	x0,x0,0	  x0:0x00000000
       14435000	      1442	80001d54	fcf66993	ori	x19,x12,-49	 x12:0x00000001 x19=0xffffffcf
       14445000	      1443	80001d58	006d9113	slli	x2,x27,0x6	 x27:0x000000cf  x2=0x000033c0
       14455000	      1444	80001d5c	4104dd93	srai	x27,x9,0x10	  x9:0x80009fc4 x27=0xffff8000
       14465000	      1445	80001d60	01d08d33	add	x26,x1,x29	  x1:0x00000001 x29:0xffff67e8 x26=0xffff67e9
       14475000	      1446	80001d64	03f48e63	beq	x9,x31,80001da0	  x9:0x80009fc4 x31:0xebac6000
       14485000	      1447	80001d68	01afad33	slt	x26,x31,x26	 x31:0xebac6000 x26:0xffff67e9 x26=0x00000001
       14495000	      1448	80001d6c	000213b3	sll	x7,x4,x0	  x4:0x000003d0  x0:0x00000000  x7=0x000003d0
       14505000	      1449	80001d70	ecc40713	addi	x14,x8,-308	  x8:0xfffffc5a x14=0xfffffb26
       14515000	      1450	80001d74	016dd313	srli	x6,x27,0x16	 x27:0xffff8000  x6=0x000003ff
       14525000	      1451	80001d78	30d910b7	lui	x1,0x30d91	  x1=0x30d91000
       14535000	      1452	80001d7c	68c1f897	auipc	x17,0x68c1f	 x17=0xe8c20d78
       14545000	      1453	80001d80	054b0263	beq	x22,x20,80001dc4	 x22:0x00000000 x20:0x90400000
       14555000	      1454	80001d84	0120c8b3	xor	x17,x1,x18	  x1:0x30d91000 x18:0x00000000 x17=0x30d91000
       14565000	      1455	80001d88	40b15093	srai	x1,x2,0xb	  x2:0x000033c0  x1=0x00000006
       14575000	      1456	80001d8c	40b85993	srai	x19,x16,0xb	 x16:0x00000000 x19=0x00000000
       14585000	      1457	80001d90	0489d463	bge	x19,x8,80001dd8	 x19:0x00000000  x8:0xfffffc5a
       14595000	      1458	00000000	00000013	addi	x0,x0,0	  x0:0x00000000
       14605000	      1459	80001dd4	00000013	addi	x0,x0,0	  x0:0x00000000
       14615000	      1460	80001dd8	00821033	sll	x0,x4,x8	  x4:0x000003d0  x8:0xfffffc5a
       14625000	      1461	80001ddc	03a46263	bltu	x8,x26,80001e00	  x8:0xfffffc5a x26:0x00000001
       14635000	      1462	80001de0	dbca7c13	andi	x24,x20,-580	 x20:0x90400000 x24=0x90400000
       14645000	      1463	80001de4	009107b3	add	x15,x2,x9	  x2:0x000033c0  x9:0x80009fc4 x15=0x8000d384
       14655000	      1464	80001de8	006816b3	sll	x13,x16,x6	 x16:0x00000000  x6:0x000003ff x13=0x00000000
       14665000	      1465	80001dec	00b422b3	slt	x5,x8,x11	  x8:0xfffffc5a x11:0x80008033  x5=0x00000000
       14675000	      1466	80001df0	04526663	bltu	x4,x5,80001e3c	  x4:0x000003d0  x5:0x00000000
       14685000	      1467	80001df4	ad004893	xori	x17,x0,-1328	  x0:0x00000000 x17=0xfffffad0
       14695000	      1468	80001df8	0012e7b3	or	x15,x5,x1	  x5:0x00000000  x1:0x00000006 x15=0x00000006
       14705000	      1469	80001dfc	0335ca63	blt	x11,x19,80001e30	 x11:0x80008033 x19:0x00000000
       14715000	      1470	00000000	00000013	addi	x0,x0,0	  x0:0x00000000
       14725000	      1471	80001e2c	00000013	addi	x0,x0,0	  x0:0x00000000
       14735000	      1472	80001e30	01495d33	srl	x26,x18,x20	 x18:0x00000000 x20:0x90400000 x26=0x00000000
       14745000	      1473	80001e34	02906663	bltu	x0,x9,80001e60	  x0:0x00000000  x9:0x80009fc4
       14755000	      1474	00000000	00000013	addi	x0,x0,0	  x0:0x00000000
       14765000	      1475	80001e5c	00000013	addi	x0,x0,0	  x0:0x00000000
       14775000	      1476	80001e60	0120e3b3	or	x7,x1,x18	  x1:0x00000006 x18:0x00000000  x7=0x00000006
       14785000	      1477	80001e64	006e3a33	sltu	x20,x28,x6	 x28:0x80009f5c  x6:0x000003ff x20=0x00000000
       14795000	      1478	80001e68	013e20b3	slt	x1,x28,x19	 x28:0x80009f5c x19:0x00000000  x1=0x00000001
       14805000	      1479	80001e6c	01a2f8b3	and	x17,x5,x26	  x5:0x00000000 x26:0x00000000 x17=0x00000000
       14815000	      1480	80001e70	05961063	bne	x12,x25,80001eb0	 x12:0x00000001 x25:0x00000049
       14825000	      1481	00000000	00000013	addi	x0,x0,0	  x0:0x00000000
       14835000	      1482	80001eac	00000013	addi	x0,x0,0	  x0:0x00000000
       14845000	      1483	80001eb0	acb28b93	addi	x23,x5,-1333	  x5:0x00000000 x23=0xfffffacb
       14855000	      1484	80001eb4	40ac8333	sub	x6,x25,x10	 x25:0x00000049 x10:0x2e3e1000  x6=0xd1c1f049
       14865000	      1485	80001eb8	00d58a33	add	x20,x11,x13	 x11:0x80008033 x13:0x00000000 x20=0x80008033
       14875000	      1486	80001ebc	00b0cbb3	xor	x23,x1,x11	  x1:0x00000001 x11:0x80008033 x23=0x80008032
       14885000	      1487	80001ec0	c9db6613	ori	x12,x22,-867	 x22:0x00000000 x12=0xfffffc9d
       14895000	      1488	80001ec4	3c5f3a93	sltiu	x21,x30,965	 x30:0xfff90400 x21=0x00000000
       14905000	      1489	80001ec8	00591613	slli	x12,x18,0x5	 x18:0x00000000 x12=0x00000000
       14915000	      1490	80001ecc	00c50db3	add	x27,x10,x12	 x10:0x2e3e1000 x12:0x00000000 x27=0x2e3e1000
       14925000	      1491	80001ed0	00770cb3	add	x25,x14,x7	 x14:0xfffffb26  x7:0x00000006 x25=0xfffffb2c
       14935000	      1492	80001ed4	906278b7	lui	x17,0x90627	 x17=0x90627000
       14945000	      1493	80001ed8	40718c33	sub	x24,x3,x7	  x3:0x00000000  x7:0x00000006 x24=0xfffffffa
       14955000	      1494	80001edc	00000013	addi	x0,x0,0	  x0:0x00000000
       14965000	      1495	80001ee0	02d2f063	bgeu	x5,x13,80001f00	  x5:0x00000000 x13:0x00000000
       14975000	      1496	00000000	00000013	addi	x0,x0,0	  x0:0x00000000
       14985000	      1497	80001efc	00000013	addi	x0,x0,0	  x0:0x00000000
       14995000	      1498	80001f00	43f8b793	sltiu	x15,x17,1087	 x17:0x90627000 x15=0x00000000
       15005000	      1499	80001f04	004e2603	lw	x12,4(x28)	 x28:0x80009f5c x12=0x80000648 PA:0x80009f60
       15015000	      1500	80001f08	008092b3	sll	x5,x1,x8	  x1:0x00000001  x8:0xfffffc5a  x5=0x04000000
       15025000	      1501	80001f0c	028e0e13	addi	x28,x28,40	 x28:0x80009f5c x28=0x80009f84
       15035000	      1502	80001f10	4119dcb3	sra	x25,x19,x17	 x19:0x00000000 x17:0x90627000 x25=0x00000000
       15045000	      1503	80001f14	a1b6ab93	slti	x23,x13,-1509	 x13:0x00000000 x23=0x00000000
       15055000	      1504	80001f18	4107ddb3	sra	x27,x15,x16	 x15:0x00000000 x16:0x00000000 x27=0x00000000
       15065000	      1505	80001f1c	00543233	sltu	x4,x8,x5	  x8:0xfffffc5a  x5:0x04000000  x4=0x00000000
       15075000	      1506	80001f20	00160993	addi	x19,x12,1	 x12:0x80000648 x19=0x80000649
       15085000	      1507	80001f24	000989e7	jalr	x19,x19,0	 x19:0x80000649 x19=0x80001f24
       15095000	      1508	00000000	00000013	addi	x0,x0,0	  x0:0x00000000
       15105000	      1509	80000648	00000013	addi	x0,x0,0	  x0:0x00000000
       15115000	      1510	8000064c	41905193	srai	x3,x0,0x19	  x0:0x00000000  x3=0x00000000
       15125000	      1511	80000650	03b29463	bne	x5,x27,80000678	  x5:0x04000000 x27:0x00000000
       15135000	      1512	00000000	00000013	addi	x0,x0,0	  x0:0x00000000
       15145000	      1513	80000674	00000013	addi	x0,x0,0	  x0:0x00000000
       15155000	      1514	80000678	41a50033	sub	x0,x10,x26	 x10:0x2e3e1000 x26:0x00000000
       15165000	      1515	8000067c	00000013	addi	x0,x0,0	  x0:0x00000000
       15175000	      1516	80000680	7cf87993	andi	x19,x16,1999	 x16:0x00000000 x19=0x00000000
       15185000	      1517	80000684	40d35293	srai	x5,x6,0xd	  x6:0xd1c1f049  x5=0xfffe8e0f
       15195000	      1518	80000688	4eeef513	andi	x10,x29,1262	 x29:0xffff67e8 x10=0x000004e8
       15205000	      1519	8000068c	00bb91b3	sll	x3,x23,x11	 x23:0x00000000 x11:0x80008033  x3=0x00000000
       15215000	      1520	80000690	011667b3	or	x15,x12,x17	 x12:0x80000648 x17:0x90627000 x15=0x90627648
       15225000	      1521	80000694	033ec263	blt	x29,x19,800006b8	 x29:0xffff67e8 x19:0x00000000
       15235000	      1522	00000000	00000013	addi	x0,x0,0	  x0:0x00000000
       15245000	      1523	800006b4	00000013	addi	x0,x0,0	  x0:0x00000000
       15255000	      1524	800006b8	01b74db3	xor	x27,x14,x27	 x14:0xfffffb26 x27:0x00000000 x27=0xfffffb26
       15265000	      1525	800006bc	0065ca33	xor	x20,x11,x6	 x11:0x80008033  x6:0xd1c1f049 x20=0x51c1707a
       15275000	      1526	800006c0	00000013	addi	x0,x0,0	  x0:0x00000000
       15285000	      1527	800006c4	4125d693	srai	x13,x11,0x12	 x11:0x80008033 x13=0xffffe000
       15295000	      1528	800006c8	02875a63	bge	x14,x8,800006fc	 x14:0xfffffb26  x8:0xfffffc5a
       15305000	      1529	800006cc	a9ac2737	lui	x14,0xa9ac2	 x14=0xa9ac2000
       15315000	      1530	800006d0	29138c37	lui	x24,0x29138	 x24=0x29138000
       15325000	      1531	800006d4	40815433	sra	x8,x2,x8	  x2:0x000033c0  x8:0xfffffc5a  x8=0x00000000
       15335000	      1532	800006d8	40ed8333	sub	x6,x27,x14	 x27:0xfffffb26 x14:0xa9ac2000  x6=0x5653db26
       15345000	      1533	800006dc	01779913	slli	x18,x15,0x17	 x15:0x90627648 x18=0x24000000
       15355000	      1534	800006e0	038d9063	bne	x27,x24,80000700	 x27:0xfffffb26 x24:0x29138000
       15365000	      1535	00000000	00000013	addi	x0,x0,0	  x0:0x00000000
       15375000	      1536	800006fc	00000013	addi	x0,x0,0	  x0:0x00000000
       15385000	      1537	80000700	005397b3	sll	x15,x7,x5	  x7:0x00000006  x5:0xfffe8e0f x15=0x00030000
       15395000	      1538	80000704	406702b3	sub	x5,x14,x6	 x14:0xa9ac2000  x6:0x5653db26  x5=0x535844da
       15405000	      1539	80000708	02760a63	beq	x12,x7,8000073c	 x12:0x80000648  x7:0x00000006
       15415000	      1540	8000070c	01f8f8b3	and	x17,x17,x31	 x17:0x90627000 x31:0xebac6000 x17=0x80206000
       15425000	      1541	80000710	00000013	addi	x0,x0,0	  x0:0x00000000
       15435000	      1542	80000714	385b5037	lui	x0,0x385b5	
       15445000	      1543	80000718	01264333	xor	x6,x12,x18	 x12:0x80000648 x18:0x24000000  x6=0xa4000648
       15455000	      1544	8000071c	40a85213	srai	x4,x16,0xa	 x16:0x00000000  x4=0x00000000
       15465000	      1545	80000720	0158c263	blt	x17,x21,80000724	 x17:0x80206000 x21:0x00000000
       15475000	      1546	00000000	00000013	addi	x0,x0,0	  x0:0x00000000
       15485000	      1547	80000720	00000013	addi	x0,x0,0	  x0:0x00000000
       15495000	      1548	80000724	01bf9613	slli	x12,x31,0x1b	 x31:0xebac6000 x12=0x00000000
       15505000	      1549	80000728	0147a533	slt	x10,x15,x20	 x15:0x00030000 x20:0x51c1707a x10=0x00000001
       15515000	      1550	8000072c	7c3a7693	andi	x13,x20,1987	 x20:0x51c1707a x13=0x00000042
       15525000	      1551	80000730	027ace63	blt	x21,x7,8000076c	 x21:0x00000000  x7:0x00000006
       15535000	      1552	00000000	00000013	addi	x0,x0,0	  x0:0x00000000
       15545000	      1553	80000768	00000013	addi	x0,x0,0	  x0:0x00000000
       15555000	      1554	8000076c	3fdcfe93	andi	x29,x25,1021	 x25:0x00000000 x29=0x00000000
       15565000	      1555	80000770	01465393	srli	x7,x12,0x14	 x12:0x00000000  x7=0x00000000
       15575000	      1556	80000774	3f62dfb7	lui	x31,0x3f62d	 x31=0x3f62d000
       15585000	      1557	80000778	cd69b793	sltiu	x15,x19,-810	 x19:0x00000000 x15=0x00000001
       15595000	      1558	8000077c	00000013	addi	x0,x0,0	  x0:0x00000000
       15605000	      1559	80000780	01c2d713	srli	x14,x5,0x1c	  x5:0x535844da x14=0x00000005
       15615000	      1560	80000784	2b3aae93	slti	x29,x21,691	 x21:0x00000000 x29=0x00000001
       15625000	      1561	80000788	0185b9b3	sltu	x19,x11,x24	 x11:0x80008033 x24:0x29138000 x19=0x00000000
       15635000	      1562	8000078c	02e14463	blt	x2,x14,800007b4	  x2:0x000033c0 x14:0x00000005
       15645000	      1563	80000790	01359133	sll	x2,x11,x19	 x11:0x80008033 x19:0x00000000  x2=0x80008033
       15655000	      1564	80000794	00000013	addi	x0,x0,0	  x0:0x00000000
       15665000	      1565	80000798	01cf37b3	sltu	x15,x30,x28	 x30:0xfff90400 x28:0x80009f84 x15=0x00000000
       15675000	      1566	8000079c	416b5b33	sra	x22,x22,x22	 x22:0x00000000 x22:0x00000000 x22=0x00000000
       15685000	      1567	800007a0	e8dc03b7	lui	x7,0xe8dc0	  x7=0xe8dc0000
       15695000	      1568	800007a4	0502d263	bge	x5,x16,800007e8	  x5:0x535844da x16:0x00000000
       15705000	      1569	00000000	00000013	addi	x0,x0,0	  x0:0x00000000
       15715000	      1570	800007e4	00000013	addi	x0,x0,0	  x0:0x00000000
       15725000	      1571	800007e8	66739337	lui	x6,0x66739	  x6=0x66739000
       15735000	      1572	800007ec	013cc463	blt	x25,x19,800007f4	 x25:0x00000000 x19:0x00000000
       15745000	      1573	800007f0	00000013	addi	x0,x0,0	  x0:0x00000000
       15755000	      1574	800007f4	eb1c46b7	lui	x13,0xeb1c4	 x13=0xeb1c4000
       15765000	      1575	800007f8	00000817	auipc	x16,0x0	 x16=0x800007f4
       15775000	      1576	800007fc	00c80813	addi	x16,x16,12	 x16:0x800007f4 x16=0x80000800
       15785000	      1577	80000800	00080067	jalr	x0,x16,0	 x16:0x80000800
       15795000	      1578	00000000	00000013	addi	x0,x0,0	  x0:0x00000000
       15805000	      1579	80000800	00000013	addi	x0,x0,0	  x0:0x00000000
       15815000	      1580	80000804	00100193	addi	x3,x0,1	  x0:0x00000000  x3=0x00000001
       15825000	      1581	80000808	00000073	ecall	
       15835000	      1582	8000080c	08d263b7	lui	x7,0x8d26	  x7=0x08d26000
