		Time			Cycle	PC		Insn	Decoded instruction	Register and memory contents
          65000	         5	80000004	00000293	addi	x5,x0,0	  x0:0x00000000  x5=0x00000000
          75000	         6	80000008	00000313	addi	x6,x0,0	  x0:0x00000000  x6=0x00000000
          85000	         7	8000000c	00628263	beq	x5,x6,80000010	  x5:0x00000000  x6:0x00000000
          95000	         8	00000000	00000013	addi	x0,x0,0	  x0:0x00000000
         105000	         9	8000000c	00000013	addi	x0,x0,0	  x0:0x00000000
         115000	        10	80000010	00000997	auipc	x19,0x0	 x19=0x8000000c
         125000	        11	80000014	00c98993	addi	x19,x19,12	 x19:0x8000000c x19=0x80000018
         135000	        12	80000018	00098067	jalr	x0,x19,0	 x19:0x80000018
         145000	        13	00000000	00000013	addi	x0,x0,0	  x0:0x00000000
         155000	        14	80000018	00000013	addi	x0,x0,0	  x0:0x00000000
         165000	        15	8000001c	40000bb7	lui	x23,0x40000	 x23=0x40000000
         175000	        16	80000020	100b8b93	addi	x23,x23,256	 x23:0x40000000 x23=0x40000100
         185000	        17	80000024	00000013	addi	x0,x0,0	  x0:0x00000000
         195000	        18	80000028	0000a697	auipc	x13,0xa	 x13=0x8000a024
         205000	        19	8000002c	fa068693	addi	x13,x13,-96	 x13:0x8000a024 x13=0x80009fc4
         215000	        20	80000030	00003b97	auipc	x23,0x3	 x23=0x8000302c
         225000	        21	80000034	8d4b8b93	addi	x23,x23,-1836	 x23:0x8000302c x23=0x80002900
         235000	        22	80000038	001beb93	ori	x23,x23,1	 x23:0x80002900 x23=0x80002901
         245000	        23	8000003c	00000013	addi	x0,x0,0	  x0:0x00000000
         255000	        24	80000040	00000b97	auipc	x23,0x0	 x23=0x8000003c
         265000	        25	80000044	020b8b93	addi	x23,x23,32	 x23:0x8000003c x23=0x8000005c
         275000	        26	80000048	00000013	addi	x0,x0,0	  x0:0x00000000
         285000	        27	8000004c	00000013	addi	x0,x0,0	  x0:0x00000000
         295000	        28	80000050	00002bb7	lui	x23,0x2	 x23=0x00002000
         305000	        29	80000054	800b8b93	addi	x23,x23,-2048	 x23:0x00002000 x23=0x00001800
         315000	        30	80000058	00000013	addi	x0,x0,0	  x0:0x00000000
         325000	        31	8000005c	00000013	addi	x0,x0,0	  x0:0x00000000
         335000	        32	80000060	00800013	addi	x0,x0,8	  x0:0x00000000
         345000	        33	80000064	83dac0b7	lui	x1,0x83dac	  x1=0x83dac000
         355000	        34	80000068	1b208093	addi	x1,x1,434	  x1:0x83dac000  x1=0x83dac1b2
         365000	        35	8000006c	00000113	addi	x2,x0,0	  x0:0x00000000  x2=0x00000000
         375000	        36	80000070	f191b1b7	lui	x3,0xf191b	  x3=0xf191b000
         385000	        37	80000074	ce018193	addi	x3,x3,-800	  x3:0xf191b000  x3=0xf191ace0
         395000	        38	80000078	80000237	lui	x4,0x80000	  x4=0x80000000
         405000	        39	8000007c	00200293	addi	x5,x0,2	  x0:0x00000000  x5=0x00000002
         415000	        40	80000080	04c5b337	lui	x6,0x4c5b	  x6=0x04c5b000
         425000	        41	80000084	cf930313	addi	x6,x6,-775	  x6:0x04c5b000  x6=0x04c5acf9
         435000	        42	80000088	fbe033b7	lui	x7,0xfbe03	  x7=0xfbe03000
         445000	        43	8000008c	28138393	addi	x7,x7,641	  x7:0xfbe03000  x7=0xfbe03281
         455000	        44	80000090	00000413	addi	x8,x0,0	  x0:0x00000000  x8=0x00000000
         465000	        45	80000094	289f74b7	lui	x9,0x289f7	  x9=0x289f7000
         475000	        46	80000098	88948493	addi	x9,x9,-1911	  x9:0x289f7000  x9=0x289f6889
         485000	        47	8000009c	cd58c537	lui	x10,0xcd58c	 x10=0xcd58c000
         495000	        48	800000a0	b0950513	addi	x10,x10,-1271	 x10:0xcd58c000 x10=0xcd58bb09
         505000	        49	800000a4	00000593	addi	x11,x0,0	  x0:0x00000000 x11=0x00000000
         515000	        50	800000a8	fb54e637	lui	x12,0xfb54e	 x12=0xfb54e000
         525000	        51	800000ac	a4660613	addi	x12,x12,-1466	 x12:0xfb54e000 x12=0xfb54da46
         535000	        52	800000b0	7c2aa737	lui	x14,0x7c2aa	 x14=0x7c2aa000
         545000	        53	800000b4	e0d70713	addi	x14,x14,-499	 x14:0x7c2aa000 x14=0x7c2a9e0d
         555000	        54	800000b8	c363d7b7	lui	x15,0xc363d	 x15=0xc363d000
         565000	        55	800000bc	07778793	addi	x15,x15,119	 x15:0xc363d000 x15=0xc363d077
         575000	        56	800000c0	00500813	addi	x16,x0,5	  x0:0x00000000 x16=0x00000005
         585000	        57	800000c4	f18228b7	lui	x17,0xf1822	 x17=0xf1822000
         595000	        58	800000c8	46088893	addi	x17,x17,1120	 x17:0xf1822000 x17=0xf1822460
         605000	        59	800000cc	80000937	lui	x18,0x80000	 x18=0x80000000
         615000	        60	800000d0	00000993	addi	x19,x0,0	  x0:0x00000000 x19=0x00000000
         625000	        61	800000d4	f3a8cab7	lui	x21,0xf3a8c	 x21=0xf3a8c000
         635000	        62	800000d8	adda8a93	addi	x21,x21,-1315	 x21:0xf3a8c000 x21=0xf3a8badd
         645000	        63	800000dc	f1a28b37	lui	x22,0xf1a28	 x22=0xf1a28000
         655000	        64	800000e0	eaeb0b13	addi	x22,x22,-338	 x22:0xf1a28000 x22=0xf1a27eae
         665000	        65	800000e4	80000bb7	lui	x23,0x80000	 x23=0x80000000
         675000	        66	800000e8	8c5f4c37	lui	x24,0x8c5f4	 x24=0x8c5f4000
         685000	        67	800000ec	759c0c13	addi	x24,x24,1881	 x24:0x8c5f4000 x24=0x8c5f4759
         695000	        68	800000f0	ac086cb7	lui	x25,0xac086	 x25=0xac086000
         705000	        69	800000f4	830c8c93	addi	x25,x25,-2000	 x25:0xac086000 x25=0xac085830
         715000	        70	800000f8	496e5d37	lui	x26,0x496e5	 x26=0x496e5000
         725000	        71	800000fc	1f6d0d13	addi	x26,x26,502	 x26:0x496e5000 x26=0x496e51f6
         735000	        72	80000100	80000db7	lui	x27,0x80000	 x27=0x80000000
         745000	        73	80000104	80000e37	lui	x28,0x80000	 x28=0x80000000
         755000	        74	80000108	00000e93	addi	x29,x0,0	  x0:0x00000000 x29=0x00000000
         765000	        75	8000010c	00000f13	addi	x30,x0,0	  x0:0x00000000 x30=0x00000000
         775000	        76	80000110	80000fb7	lui	x31,0x80000	 x31=0x80000000
         785000	        77	80000114	0000aa17	auipc	x20,0xa	 x20=0x8000a110
         795000	        78	80000118	e74a0a13	addi	x20,x20,-396	 x20:0x8000a110 x20=0x80009f84
         805000	        79	8000011c	00009797	auipc	x15,0x9	 x15=0x80009118
         815000	        80	80000120	b4f78793	addi	x15,x15,-1201	 x15:0x80009118 x15=0x80008c67
         825000	        81	80000124	00e7c903	lbu	x18,14(x15)	 x15:0x80008c67 x18=0x00000000 PA:0x80008c75
         835000	        82	80000128	0077db83	lhu	x23,7(x15)	 x15:0x80008c67 x23=0x00000000 PA:0x80008c6e
         845000	        83	8000012c	01c78c83	lb	x25,28(x15)	 x15:0x80008c67 x25=0x00000000 PA:0x80008c83
         855000	        84	80000130	00378ea3	sb	x3,29(x15)	 x15:0x80008c67  x3:0xf191ace0 PA:0x80008c84
         865000	        85	80000134	0147c583	lbu	x11,20(x15)	 x15:0x80008c67 x11=0x00000000 PA:0x80008c7b
         875000	        86	80000138	fd17a503	lw	x10,-47(x15)	 x15:0x80008c67 x10=0x00000000 PA:0x80008c38
         885000	        87	8000013c	00000013	addi	x0,x0,0	  x0:0x00000000
         895000	        88	80000140	fd17ca83	lbu	x21,-47(x15)	 x15:0x80008c67 x21=0x00000000 PA:0x80008c38
         905000	        89	80000144	00a1cb33	xor	x22,x3,x10	  x3:0xf191ace0 x10:0x00000000 x22=0xf191ace0
         915000	        90	80000148	fe57d403	lhu	x8,-27(x15)	 x15:0x80008c67  x8=0x00000000 PA:0x80008c4c
         925000	        91	8000014c	00bc0733	add	x14,x24,x11	 x24:0x8c5f4759 x11:0x00000000 x14=0x8c5f4759
         935000	        92	80000150	fd678903	lb	x18,-42(x15)	 x15:0x80008c67 x18=0x00000000 PA:0x80008c3d
         945000	        93	80000154	00d7cb03	lbu	x22,13(x15)	 x15:0x80008c67 x22=0x00000000 PA:0x80008c74
         955000	        94	80000158	e8ce3413	sltiu	x8,x28,-372	 x28:0x80000000  x8=0x00000001
         965000	        95	8000015c	ff478a83	lb	x21,-12(x15)	 x15:0x80008c67 x21=0x00000000 PA:0x80008c5b
         975000	        96	80000160	ff47c503	lbu	x10,-12(x15)	 x15:0x80008c67 x10=0x00000000 PA:0x80008c5b
         985000	        97	80000164	fe57a4a3	sw	x5,-23(x15)	 x15:0x80008c67  x5:0x00000002 PA:0x80008c50
         995000	        98	80000168	fc37cd03	lbu	x26,-61(x15)	 x15:0x80008c67 x26=0x00000000 PA:0x80008c2a
        1005000	        99	8000016c	fc37c303	lbu	x6,-61(x15)	 x15:0x80008c67  x6=0x00000000 PA:0x80008c2a
        1015000	       100	80000170	01e7c883	lbu	x17,30(x15)	 x15:0x80008c67 x17=0x00000000 PA:0x80008c85
        1025000	       101	80000174	02278823	sb	x2,48(x15)	 x15:0x80008c67  x2:0x00000000 PA:0x80008c97
        1035000	       102	80000178	0387c803	lbu	x16,56(x15)	 x15:0x80008c67 x16=0x00000000 PA:0x80008c9f
        1045000	       103	8000017c	fe378da3	sb	x3,-5(x15)	 x15:0x80008c67  x3:0xf191ace0 PA:0x80008c62
        1055000	       104	80000180	ffa78da3	sb	x26,-5(x15)	 x15:0x80008c67 x26:0x00000000 PA:0x80008c62
        1065000	       105	80000184	00009197	auipc	x3,0x9	  x3=0x80009180
        1075000	       106	80000188	93318193	addi	x3,x3,-1741	  x3:0x80009180  x3=0x80008ab3
        1085000	       107	8000018c	0d31cd03	lbu	x26,211(x3)	  x3:0x80008ab3 x26=0x00000000 PA:0x80008b86
        1095000	       108	80000190	41ec5c13	srai	x24,x24,0x1e	 x24:0x8c5f4759 x24=0xfffffffe
        1105000	       109	80000194	f0718f83	lb	x31,-249(x3)	  x3:0x80008ab3 x31=0x00000000 PA:0x800089ba
        1115000	       110	80000198	01c7d813	srli	x16,x15,0x1c	 x15:0x80008c67 x16=0x00000008
        1125000	       111	8000019c	00027e33	and	x28,x4,x0	  x4:0x80000000  x0:0x00000000 x28=0x00000000
        1135000	       112	800001a0	fbe181a3	sb	x30,-93(x3)	  x3:0x80008ab3 x30:0x00000000 PA:0x80008a56
        1145000	       113	800001a4	f6119303	lh	x6,-159(x3)	  x3:0x80008ab3  x6=0x00000000 PA:0x80008a14
        1155000	       114	800001a8	0055df33	srl	x30,x11,x5	 x11:0x00000000  x5:0x00000002 x30=0x00000000
        1165000	       115	800001ac	f6a18003	lb	x0,-150(x3)	  x3:0x80008ab3 PA:0x80008a1d
        1175000	       116	800001b0	49434413	xori	x8,x6,1172	  x6:0x00000000  x8=0x00000494
        1185000	       117	800001b4	fa718423	sb	x7,-88(x3)	  x3:0x80008ab3  x7:0xfbe03281 PA:0x80008a5b
        1195000	       118	800001b8	df702cb7	lui	x25,0xdf702	 x25=0xdf702000
        1205000	       119	800001bc	08c181a3	sb	x12,131(x3)	  x3:0x80008ab3 x12:0xfb54da46 PA:0x80008b36
        1215000	       120	800001c0	417e8133	sub	x2,x29,x23	 x29:0x00000000 x23:0x00000000  x2=0x00000000
        1225000	       121	800001c4	0192dc33	srl	x24,x5,x25	  x5:0x00000002 x25:0xdf702000 x24=0x00000002
        1235000	       122	800001c8	01561d33	sll	x26,x12,x21	 x12:0xfb54da46 x21:0x00000000 x26=0xfb54da46
        1245000	       123	800001cc	f341c303	lbu	x6,-204(x3)	  x3:0x80008ab3  x6=0x00000000 PA:0x800089e7
        1255000	       124	800001d0	00e95913	srli	x18,x18,0xe	 x18:0x00000000 x18=0x00000000
        1265000	       125	800001d4	cb827d13	andi	x26,x4,-840	  x4:0x80000000 x26=0x80000000
        1275000	       126	800001d8	015a33b3	sltu	x7,x20,x21	 x20:0x80009f84 x21:0x00000000  x7=0x00000000
        1285000	       127	800001dc	fd718c83	lb	x25,-41(x3)	  x3:0x80008ab3 x25=0x00000000 PA:0x80008a8a
        1295000	       128	800001e0	41f15d33	sra	x26,x2,x31	  x2:0x00000000 x31:0x00000000 x26=0x00000000
        1305000	       129	800001e4	01fcffb3	and	x31,x25,x31	 x25:0x00000000 x31:0x00000000 x31=0x00000000
        1315000	       130	800001e8	41bbd813	srai	x16,x23,0x1b	 x23:0x00000000 x16=0x00000000
        1325000	       131	800001ec	009f85b3	add	x11,x31,x9	 x31:0x00000000  x9:0x289f6889 x11=0x289f6889
        1335000	       132	800001f0	01e9f5b3	and	x11,x19,x30	 x19:0x00000000 x30:0x00000000 x11=0x00000000
        1345000	       133	800001f4	efe5c093	xori	x1,x11,-258	 x11:0x00000000  x1=0xfffffefe
        1355000	       134	800001f8	fff1de83	lhu	x29,-1(x3)	  x3:0x80008ab3 x29=0x00000000 PA:0x80008ab2
        1365000	       135	800001fc	0d718023	sb	x23,192(x3)	  x3:0x80008ab3 x23:0x00000000 PA:0x80008b73
        1375000	       136	80000200	01018403	lb	x8,16(x3)	  x3:0x80008ab3  x8=0x00000000 PA:0x80008ac3
        1385000	       137	80000204	00009f97	auipc	x31,0x9	 x31=0x80009200
        1395000	       138	80000208	9ebf8f93	addi	x31,x31,-1557	 x31:0x80009200 x31=0x80008beb
        1405000	       139	8000020c	03df98a3	sh	x29,49(x31)	 x31:0x80008beb x29:0x00000000 PA:0x80008c1c
        1415000	       140	80000210	00009417	auipc	x8,0x9	  x8=0x8000920c
        1425000	       141	80000214	d9240413	addi	x8,x8,-622	  x8:0x8000920c  x8=0x80008f9e
        1435000	       142	80000218	28bfc903	lbu	x18,651(x31)	 x31:0x80008beb x18=0x00000000 PA:0x80008e76
        1445000	       143	8000021c	00009e17	auipc	x28,0x9	 x28=0x80009218
        1455000	       144	80000220	96de0e13	addi	x28,x28,-1683	 x28:0x80009218 x28=0x80008b85
        1465000	       145	80000224	00f44383	lbu	x7,15(x8)	  x8:0x80008f9e  x7=0x00000000 PA:0x80008fad
        1475000	       146	80000228	2b0fc183	lbu	x3,688(x31)	 x31:0x80008beb  x3=0x00000000 PA:0x80008e9b
        1485000	       147	8000022c	00de0023	sb	x13,0(x28)	 x28:0x80008b85 x13:0x80009fc4 PA:0x80008b85
        1495000	       148	80000230	fff40503	lb	x10,-1(x8)	  x8:0x80008f9e x10=0x00000000 PA:0x80008f9d
        1505000	       149	80000234	298f8a23	sb	x24,660(x31)	 x31:0x80008beb x24:0x00000002 PA:0x80008e7f
        1515000	       150	80000238	ff9e1703	lh	x14,-7(x28)	 x28:0x80008b85 x14=0x00000000 PA:0x80008b7e
        1525000	       151	8000023c	f87fd103	lhu	x2,-121(x31)	 x31:0x80008beb  x2=0x00000000 PA:0x80008b72
        1535000	       152	80000240	ff9e5583	lhu	x11,-7(x28)	 x28:0x80008b85 x11=0x00000000 PA:0x80008b7e
        1545000	       153	80000244	fd144003	lbu	x0,-47(x8)	  x8:0x80008f9e PA:0x80008f6f
        1555000	       154	80000248	001e4d83	lbu	x27,1(x28)	 x28:0x80008b85 x27=0x00000000 PA:0x80008b86
        1565000	       155	8000024c	354f8783	lb	x15,852(x31)	 x31:0x80008beb x15=0x00000000 PA:0x80008f3f
        1575000	       156	80000250	fcc41183	lh	x3,-52(x8)	  x8:0x80008f9e  x3=0x00000000 PA:0x80008f6a
        1585000	       157	80000254	005e16a3	sh	x5,13(x28)	 x28:0x80008b85  x5:0x00000002 PA:0x80008b92
        1595000	       158	80000258	e8dfc783	lbu	x15,-371(x31)	 x31:0x80008beb x15=0x00000000 PA:0x80008a78
        1605000	       159	8000025c	2fff9e83	lh	x29,767(x31)	 x31:0x80008beb x29=0x00000000 PA:0x80008eea
        1615000	       160	80000260	fd9401a3	sb	x25,-61(x8)	  x8:0x80008f9e x25:0x00000000 PA:0x80008f61
        1625000	       161	80000264	00008117	auipc	x2,0x8	  x2=0x80008260
        1635000	       162	80000268	1bf10113	addi	x2,x2,447	  x2:0x80008260  x2=0x8000841f
        1645000	       163	8000026c	fec14583	lbu	x11,-20(x2)	  x2:0x8000841f x11=0x00000000 PA:0x8000840b
        1655000	       164	80000270	01115b83	lhu	x23,17(x2)	  x2:0x8000841f x23=0x00000000 PA:0x80008430
        1665000	       165	80000274	00514383	lbu	x7,5(x2)	  x2:0x8000841f  x7=0x00000000 PA:0x80008424
        1675000	       166	80000278	03c10203	lb	x4,60(x2)	  x2:0x8000841f  x4=0x00000000 PA:0x8000845b
        1685000	       167	8000027c	03c10783	lb	x15,60(x2)	  x2:0x8000841f x15=0x00000000 PA:0x8000845b
        1695000	       168	80000280	03c14903	lbu	x18,60(x2)	  x2:0x8000841f x18=0x00000000 PA:0x8000845b
        1705000	       169	80000284	02d10f23	sb	x13,62(x2)	  x2:0x8000841f x13:0x80009fc4 PA:0x8000845d
        1715000	       170	80000288	00414d83	lbu	x27,4(x2)	  x2:0x8000841f x27=0x00000000 PA:0x80008423
        1725000	       171	8000028c	00410d83	lb	x27,4(x2)	  x2:0x8000841f x27=0x00000000 PA:0x80008423
        1735000	       172	80000290	0030ab33	slt	x22,x1,x3	  x1:0xfffffefe  x3:0x00000000 x22=0x00000001
        1745000	       173	80000294	00410903	lb	x18,4(x2)	  x2:0x8000841f x18=0x00000000 PA:0x80008423
        1755000	       174	80000298	fec10e83	lb	x29,-20(x2)	  x2:0x8000841f x29=0x00000000 PA:0x8000840b
        1765000	       175	8000029c	02110523	sb	x1,42(x2)	  x2:0x8000841f  x1:0xfffffefe PA:0x80008449
        1775000	       176	800002a0	02a14783	lbu	x15,42(x2)	  x2:0x8000841f x15=0x000000fe PA:0x80008449
        1785000	       177	800002a4	fd014003	lbu	x0,-48(x2)	  x2:0x8000841f PA:0x800083ef
        1795000	       178	800002a8	01810283	lb	x5,24(x2)	  x2:0x8000841f  x5=0x00000000 PA:0x80008437
        1805000	       179	800002ac	00008497	auipc	x9,0x8	  x9=0x800082a8
        1815000	       180	800002b0	1ac48493	addi	x9,x9,428	  x9:0x800082a8  x9=0x80008454
        1825000	       181	800002b4	01d2e5b3	or	x11,x5,x29	  x5:0x00000000 x29:0x00000000 x11=0x00000000
        1835000	       182	800002b8	00000013	addi	x0,x0,0	  x0:0x00000000
        1845000	       183	800002bc	fd948883	lb	x17,-39(x9)	  x9:0x80008454 x17=0x00000000 PA:0x8000842d
        1855000	       184	800002c0	03d30d37	lui	x26,0x3d30	 x26=0x03d30000
        1865000	       185	800002c4	fcd489a3	sb	x13,-45(x9)	  x9:0x80008454 x13:0x80009fc4 PA:0x80008427
        1875000	       186	800002c8	01e79293	slli	x5,x15,0x1e	 x15:0x000000fe  x5=0x80000000
        1885000	       187	800002cc	0036d8b3	srl	x17,x13,x3	 x13:0x80009fc4  x3:0x00000000 x17=0x80009fc4
        1895000	       188	800002d0	005c57b3	srl	x15,x24,x5	 x24:0x00000002  x5:0x80000000 x15=0x00000002
        1905000	       189	800002d4	02e48f23	sb	x14,62(x9)	  x9:0x80008454 x14:0x00000000 PA:0x80008492
        1915000	       190	800002d8	4ce9b897	auipc	x17,0x4ce9b	 x17=0xcce9b2d4
        1925000	       191	800002dc	d591f193	andi	x3,x3,-679	  x3:0x00000000  x3=0x00000000
        1935000	       192	800002e0	005485a3	sb	x5,11(x9)	  x9:0x80008454  x5:0x80000000 PA:0x8000845f
        1945000	       193	800002e4	0084c883	lbu	x17,8(x9)	  x9:0x80008454 x17=0x00000000 PA:0x8000845c
        1955000	       194	800002e8	007ec533	xor	x10,x29,x7	 x29:0x00000000  x7:0x00000000 x10=0x00000000
        1965000	       195	800002ec	01151eb3	sll	x29,x10,x17	 x10:0x00000000 x17:0x00000000 x29=0x00000000
        1975000	       196	800002f0	ffd48823	sb	x29,-16(x9)	  x9:0x80008454 x29:0x00000000 PA:0x80008444
        1985000	       197	800002f4	49e44793	xori	x15,x8,1182	  x8:0x80008f9e x15=0x80008b00
        1995000	       198	800002f8	fd748023	sb	x23,-64(x9)	  x9:0x80008454 x23:0x00000000 PA:0x80008414
        2005000	       199	800002fc	67d03813	sltiu	x16,x0,1661	  x0:0x00000000 x16=0x00000001
        2015000	       200	80000300	ffc4ad83	lw	x27,-4(x9)	  x9:0x80008454 x27=0x00000000 PA:0x80008450
        2025000	       201	80000304	013d1db3	sll	x27,x26,x19	 x26:0x03d30000 x19:0x00000000 x27=0x03d30000
        2035000	       202	80000308	0124c283	lbu	x5,18(x9)	  x9:0x80008454  x5=0x00000000 PA:0x80008466
        2045000	       203	8000030c	fe748e83	lb	x29,-25(x9)	  x9:0x80008454 x29=0x00000000 PA:0x8000843b
        2055000	       204	80000310	0144d403	lhu	x8,20(x9)	  x9:0x80008454  x8=0x00000000 PA:0x80008468
        2065000	       205	80000314	fff48923	sb	x31,-14(x9)	  x9:0x80008454 x31:0x80008beb PA:0x80008446
        2075000	       206	80000318	0014cb03	lbu	x22,1(x9)	  x9:0x80008454 x22=0x00000000 PA:0x80008455
        2085000	       207	8000031c	03d48a23	sb	x29,52(x9)	  x9:0x80008454 x29:0x00000000 PA:0x80008488
        2095000	       208	80000320	02d48123	sb	x13,34(x9)	  x9:0x80008454 x13:0x80009fc4 PA:0x80008476
        2105000	       209	80000324	02948fa3	sb	x9,63(x9)	  x9:0x80008454  x9:0x80008454 PA:0x80008493
        2115000	       210	80000328	46920093	addi	x1,x4,1129	  x4:0x00000000  x1=0x00000469
        2125000	       211	8000032c	03348403	lb	x8,51(x9)	  x9:0x80008454  x8=0x00000000 PA:0x80008487
        2135000	       212	80000330	fc048a83	lb	x21,-64(x9)	  x9:0x80008454 x21=0x00000000 PA:0x80008414
        2145000	       213	80000334	fd848b23	sb	x24,-42(x9)	  x9:0x80008454 x24:0x00000002 PA:0x8000842a
        2155000	       214	80000338	fcb4c303	lbu	x6,-53(x9)	  x9:0x80008454  x6=0x00000000 PA:0x8000841f
        2165000	       215	8000033c	4089d613	srai	x12,x19,0x8	 x19:0x00000000 x12=0x00000000
        2175000	       216	80000340	fd74c303	lbu	x6,-41(x9)	  x9:0x80008454  x6=0x00000000 PA:0x8000842b
        2185000	       217	80000344	5f44d2b7	lui	x5,0x5f44d	  x5=0x5f44d000
        2195000	       218	80000348	1f497b93	andi	x23,x18,500	 x18:0x00000000 x23=0x00000000
        2205000	       219	8000034c	01b4c183	lbu	x3,27(x9)	  x9:0x80008454  x3=0x00000000 PA:0x8000846f
        2215000	       220	80000350	809f4213	xori	x4,x30,-2039	 x30:0x00000000  x4=0xfffff809
        2225000	       221	80000354	00fb1613	slli	x12,x22,0xf	 x22:0x00000000 x12=0x00000000
        2235000	       222	80000358	4c080313	addi	x6,x16,1216	 x16:0x00000001  x6=0x000004c1
        2245000	       223	8000035c	0fdfa113	slti	x2,x31,253	 x31:0x80008beb  x2=0x00000001
        2255000	       224	80000360	002d1db3	sll	x27,x26,x2	 x26:0x03d30000  x2:0x00000001 x27=0x07a60000
        2265000	       225	80000364	fee4df83	lhu	x31,-18(x9)	  x9:0x80008454 x31=0x00000000 PA:0x80008442
        2275000	       226	80000368	fec481a3	sb	x12,-29(x9)	  x9:0x80008454 x12:0x00000000 PA:0x80008437
        2285000	       227	8000036c	035485a3	sb	x21,43(x9)	  x9:0x80008454 x21:0x00000000 PA:0x8000847f
        2295000	       228	80000370	d6aca193	slti	x3,x25,-662	 x25:0x00000000  x3=0x00000000
        2305000	       229	80000374	0244d403	lhu	x8,36(x9)	  x9:0x80008454  x8=0x00000000 PA:0x80008478
        2315000	       230	80000378	fd64c383	lbu	x7,-42(x9)	  x9:0x80008454  x7=0x00000002 PA:0x8000842a
        2325000	       231	8000037c	012a1e13	slli	x28,x20,0x12	 x20:0x80009f84 x28=0x7e100000
        2335000	       232	80000380	36906937	lui	x18,0x36906	 x18=0x36906000
        2345000	       233	80000384	ea56c013	xori	x0,x13,-347	 x13:0x80009fc4
        2355000	       234	80000388	fd248fa3	sb	x18,-33(x9)	  x9:0x80008454 x18:0x36906000 PA:0x80008433
        2365000	       235	8000038c	01449eb3	sll	x29,x9,x20	  x9:0x80008454 x20:0x80009f84 x29=0x00084540
        2375000	       236	80000390	de6d6893	ori	x17,x26,-538	 x26:0x03d30000 x17=0xfffffde6
        2385000	       237	80000394	fcb48f03	lb	x30,-53(x9)	  x9:0x80008454 x30=0x00000000 PA:0x8000841f
        2395000	       238	80000398	fe049623	sh	x0,-20(x9)	  x9:0x80008454  x0:0x00000000 PA:0x80008440
        2405000	       239	8000039c	05087063	bgeu	x16,x16,800003dc	 x16:0x00000001 x16:0x00000001
        2415000	       240	00000000	00000013	addi	x0,x0,0	  x0:0x00000000
        2425000	       241	800003d8	00000013	addi	x0,x0,0	  x0:0x00000000
        2435000	       242	800003dc	041f0463	beq	x30,x1,80000424	 x30:0x00000000  x1:0x00000469
        2445000	       243	800003e0	01fcecb3	or	x25,x25,x31	 x25:0x00000000 x31:0x00000000 x25=0x00000000
        2455000	       244	800003e4	00921013	slli	x0,x4,0x9	  x4:0xfffff809
        2465000	       245	800003e8	011c1d93	slli	x27,x24,0x11	 x24:0x00000002 x27=0x00040000
        2475000	       246	800003ec	00d79713	slli	x14,x15,0xd	 x15:0x80008b00 x14=0x11600000
        2485000	       247	800003f0	0046d4b3	srl	x9,x13,x4	 x13:0x80009fc4  x4:0xfffff809  x9=0x0040004f
        2495000	       248	800003f4	017e67b3	or	x15,x28,x23	 x28:0x7e100000 x23:0x00000000 x15=0x7e100000
        2505000	       249	800003f8	00696e63	bltu	x18,x6,80000414	 x18:0x36906000  x6:0x000004c1
        2515000	       250	800003fc	02ab1463	bne	x22,x10,80000424	 x22:0x00000000 x10:0x00000000
        2525000	       251	80000400	009e6333	or	x6,x28,x9	 x28:0x7e100000  x9:0x0040004f  x6=0x7e50004f
        2535000	       252	80000404	40fd8ab3	sub	x21,x27,x15	 x27:0x00040000 x15:0x7e100000 x21=0x81f40000
        2545000	       253	80000408	016f8463	beq	x31,x22,80000410	 x31:0x00000000 x22:0x00000000
        2555000	       254	00000000	00000013	addi	x0,x0,0	  x0:0x00000000
        2565000	       255	8000040c	00000013	addi	x0,x0,0	  x0:0x00000000
        2575000	       256	80000410	40d47b93	andi	x23,x8,1037	  x8:0x00000000 x23=0x00000000
        2585000	       257	80000414	03add263	bge	x27,x26,80000438	 x27:0x00040000 x26:0x03d30000
        2595000	       258	80000418	01344863	blt	x8,x19,80000428	  x8:0x00000000 x19:0x00000000
        2605000	       259	8000041c	41a05933	sra	x18,x0,x26	  x0:0x00000000 x26:0x03d30000 x18=0x00000000
        2615000	       260	80000420	01b9d133	srl	x2,x19,x27	 x19:0x00000000 x27:0x00040000  x2=0x00000000
        2625000	       261	80000424	00d15733	srl	x14,x2,x13	  x2:0x00000000 x13:0x80009fc4 x14=0x00000000
        2635000	       262	80000428	0a8dda63	bge	x27,x8,800004dc	 x27:0x00040000  x8:0x00000000
        2645000	       263	00000000	00000013	addi	x0,x0,0	  x0:0x00000000
        2655000	       264	800004d8	00000013	addi	x0,x0,0	  x0:0x00000000
        2665000	       265	800004dc	2ed36b93	ori	x23,x6,749	  x6:0x7e50004f x23=0x7e5002ef
        2675000	       266	800004e0	40c151b3	sra	x3,x2,x12	  x2:0x00000000 x12:0x00000000  x3=0x00000000
        2685000	       267	800004e4	00add033	srl	x0,x27,x10	 x27:0x00040000 x10:0x00000000
        2695000	       268	800004e8	016f25b3	slt	x11,x30,x22	 x30:0x00000000 x22:0x00000000 x11=0x00000000
        2705000	       269	800004ec	360cff93	andi	x31,x25,864	 x25:0x00000000 x31=0x00000000
        2715000	       270	800004f0	b0373a93	sltiu	x21,x14,-1277	 x14:0x00000000 x21=0x00000001
        2725000	       271	800004f4	00cd7263	bgeu	x26,x12,800004f8	 x26:0x03d30000 x12:0x00000000
        2735000	       272	00000000	00000013	addi	x0,x0,0	  x0:0x00000000
        2745000	       273	800004f4	00000013	addi	x0,x0,0	  x0:0x00000000
        2755000	       274	800004f8	01dca633	slt	x12,x25,x29	 x25:0x00000000 x29:0x00084540 x12=0x00000001
        2765000	       275	800004fc	014f1313	slli	x6,x30,0x14	 x30:0x00000000  x6=0x00000000
        2775000	       276	80000500	00c22e33	slt	x28,x4,x12	  x4:0xfffff809 x12:0x00000001 x28=0x00000001
        2785000	       277	80000504	d1438e17	auipc	x28,0xd1438	 x28=0x51438500
        2795000	       278	80000508	01cbc733	xor	x14,x23,x28	 x23:0x7e5002ef x28:0x51438500 x14=0x2f1387ef
        2805000	       279	8000050c	5cd18c97	auipc	x25,0x5cd18	 x25=0xdcd18508
        2815000	       280	80000510	5d89b713	sltiu	x14,x19,1496	 x19:0x00000000 x14=0x00000001
        2825000	       281	80000514	00000013	addi	x0,x0,0	  x0:0x00000000
        2835000	       282	80000518	011ddfb3	srl	x31,x27,x17	 x27:0x00040000 x17:0xfffffde6 x31=0x00001000
        2845000	       283	8000051c	029ec263	blt	x29,x9,80000540	 x29:0x00084540  x9:0x0040004f
        2855000	       284	00000000	00000013	addi	x0,x0,0	  x0:0x00000000
        2865000	       285	8000053c	00000013	addi	x0,x0,0	  x0:0x00000000
        2875000	       286	80000540	00f0dc33	srl	x24,x1,x15	  x1:0x00000469 x15:0x7e100000 x24=0x00000469
        2885000	       287	80000544	016428b3	slt	x17,x8,x22	  x8:0x00000000 x22:0x00000000 x17=0x00000000
        2895000	       288	80000548	01ad9433	sll	x8,x27,x26	 x27:0x00040000 x26:0x03d30000  x8=0x00040000
        2905000	       289	8000054c	41c658b3	sra	x17,x12,x28	 x12:0x00000001 x28:0x51438500 x17=0x00000001
        2915000	       290	80000550	00000013	addi	x0,x0,0	  x0:0x00000000
        2925000	       291	80000554	009d3f33	sltu	x30,x26,x9	 x26:0x03d30000  x9:0x0040004f x30=0x00000000
        2935000	       292	80000558	00001217	auipc	x4,0x1	  x4=0x80001554
        2945000	       293	8000055c	39c20213	addi	x4,x4,924	  x4:0x80001554  x4=0x800018f0
        2955000	       294	80000560	70d48413	addi	x8,x9,1805	  x9:0x0040004f  x8=0x0040075c
        2965000	       295	80000564	417981b3	sub	x3,x19,x23	 x19:0x00000000 x23:0x7e5002ef  x3=0x81affd11
        2975000	       296	80000568	2f59eab7	lui	x21,0x2f59e	 x21=0x2f59e000
        2985000	       297	8000056c	d5b20213	addi	x4,x4,-677	  x4:0x800018f0  x4=0x8000164b
        2995000	       298	80000570	44636513	ori	x10,x6,1094	  x6:0x00000000 x10=0x00000446
        3005000	       299	80000574	91b10a93	addi	x21,x2,-1765	  x2:0x00000000 x21=0xfffff91b
        3015000	       300	80000578	002187b3	add	x15,x3,x2	  x3:0x81affd11  x2:0x00000000 x15=0x81affd11
        3025000	       301	8000057c	009552b3	srl	x5,x10,x9	 x10:0x00000446  x9:0x0040004f  x5=0x00000000
        3035000	       302	80000580	41f60533	sub	x10,x12,x31	 x12:0x00000001 x31:0x00001000 x10=0xfffff001
        3045000	       303	80000584	2a620ee7	jalr	x29,x4,678	  x4:0x8000164b x29=0x80000584
        3055000	       304	00000000	00000013	addi	x0,x0,0	  x0:0x00000000
        3065000	       305	800018f0	00000013	addi	x0,x0,0	  x0:0x00000000
        3075000	       306	800018f4	00f90663	beq	x18,x15,80001900	 x18:0x00000000 x15:0x81affd11
        3085000	       307	800018f8	b1bbf193	andi	x3,x23,-1253	 x23:0x7e5002ef  x3=0x7e50020b
        3095000	       308	800018fc	a986ff37	lui	x30,0xa986f	 x30=0xa986f000
        3105000	       309	80001900	fcca0a13	addi	x20,x20,-52	 x20:0x80009f84 x20=0x80009f50
        3115000	       310	80001904	cb373a93	sltiu	x21,x14,-845	 x14:0x00000001 x21=0x00000001
        3125000	       311	80001908	01978cb3	add	x25,x15,x25	 x15:0x81affd11 x25:0xdcd18508 x25=0x5e818219
        3135000	       312	8000190c	01606533	or	x10,x0,x22	  x0:0x00000000 x22:0x00000000 x10=0x00000000
        3145000	       313	80001910	01da2223	sw	x29,4(x20)	 x20:0x80009f50 x29:0x80000584 PA:0x80009f54
        3155000	       314	80001914	0a838d13	addi	x26,x7,168	  x7:0x00000002 x26=0x000000aa
        3165000	       315	80001918	408fd1b3	sra	x3,x31,x8	 x31:0x00001000  x8:0x0040075c  x3=0x00000000
        3175000	       316	8000191c	00007497	auipc	x9,0x7	  x9=0x80008918
        3185000	       317	80001920	62948493	addi	x9,x9,1577	  x9:0x80008918  x9=0x80008f41
        3195000	       318	80001924	00007897	auipc	x17,0x7	 x17=0x80008920
        3205000	       319	80001928	10a88893	addi	x17,x17,266	 x17:0x80008920 x17=0x80008a2a
        3215000	       320	8000192c	0024c503	lbu	x10,2(x9)	  x9:0x80008f41 x10=0x00000000 PA:0x80008f43
        3225000	       321	80001930	ffb89c23	sh	x27,-8(x17)	 x17:0x80008a2a x27:0x00040000 PA:0x80008a22
        3235000	       322	80001934	017485a3	sb	x23,11(x9)	  x9:0x80008f41 x23:0x7e5002ef PA:0x80008f4c
        3245000	       323	80001938	016883a3	sb	x22,7(x17)	 x17:0x80008a2a x22:0x00000000 PA:0x80008a31
        3255000	       324	8000193c	00007217	auipc	x4,0x7	  x4=0x80008938
        3265000	       325	80001940	16120213	addi	x4,x4,353	  x4:0x80008938  x4=0x80008a99
        3275000	       326	80001944	fe388ea3	sb	x3,-3(x17)	 x17:0x80008a2a  x3:0x00000000 PA:0x80008a27
        3285000	       327	80001948	016481a3	sb	x22,3(x9)	  x9:0x80008f41 x22:0x00000000 PA:0x80008f44
        3295000	       328	8000194c	00f20d83	lb	x27,15(x4)	  x4:0x80008a99 x27=0x00000000 PA:0x80008aa8
        3305000	       329	80001950	01088c03	lb	x24,16(x17)	 x17:0x80008a2a x24=0x00000000 PA:0x80008a3a
        3315000	       330	80001954	ff188783	lb	x15,-15(x17)	 x17:0x80008a2a x15=0x00000000 PA:0x80008a1b
        3325000	       331	80001958	00648f83	lb	x31,6(x9)	  x9:0x80008f41 x31=0x00000000 PA:0x80008f47
        3335000	       332	8000195c	ffb489a3	sb	x27,-13(x9)	  x9:0x80008f41 x27:0x00000000 PA:0x80008f34
        3345000	       333	80001960	00824e83	lbu	x29,8(x4)	  x4:0x80008a99 x29=0x00000000 PA:0x80008aa1
        3355000	       334	80001964	feb8af23	sw	x11,-2(x17)	 x17:0x80008a2a x11:0x00000000 PA:0x80008a28
        3365000	       335	80001968	00548603	lb	x12,5(x9)	  x9:0x80008f41 x12=0x00000000 PA:0x80008f46
        3375000	       336	8000196c	015200a3	sb	x21,1(x4)	  x4:0x80008a99 x21:0x00000001 PA:0x80008a9a
        3385000	       337	80001970	ff44c283	lbu	x5,-12(x9)	  x9:0x80008f41  x5=0x00000000 PA:0x80008f35
        3395000	       338	80001974	01920323	sb	x25,6(x4)	  x4:0x80008a99 x25:0x5e818219 PA:0x80008a9f
        3405000	       339	80001978	ffd219a3	sh	x29,-13(x4)	  x4:0x80008a99 x29:0x00000000 PA:0x80008a8c
        3415000	       340	8000197c	01088c03	lb	x24,16(x17)	 x17:0x80008a2a x24=0x00000000 PA:0x80008a3a
        3425000	       341	80001980	ff224d03	lbu	x26,-14(x4)	  x4:0x80008a99 x26=0x00000000 PA:0x80008a8b
        3435000	       342	80001984	00e4c383	lbu	x7,14(x9)	  x9:0x80008f41  x7=0x00000000 PA:0x80008f4f
        3445000	       343	80001988	01f216a3	sh	x31,13(x4)	  x4:0x80008a99 x31:0x00000000 PA:0x80008aa6
        3455000	       344	8000198c	00006117	auipc	x2,0x6	  x2=0x80007988
        3465000	       345	80001990	71410113	addi	x2,x2,1812	  x2:0x80007988  x2=0x8000809c
        3475000	       346	80001994	18b10b23	sb	x11,406(x2)	  x2:0x8000809c x11:0x00000000 PA:0x80008232
        3485000	       347	80001998	19611583	lh	x11,406(x2)	  x2:0x8000809c x11=0x00000000 PA:0x80008232
        3495000	       348	00000000	00000013	addi	x0,x0,0	  x0:0x00000000
        3505000	       349	8000199c	ac058f13	addi	x30,x11,-1344	 x11:0x00000000 x30=0xfffffac0
        3515000	       350	800019a0	19615083	lhu	x1,406(x2)	  x2:0x8000809c  x1=0x00000000 PA:0x80008232
        3525000	       351	800019a4	68910283	lb	x5,1673(x2)	  x2:0x8000809c  x5=0x00000000 PA:0x80008725
        3535000	       352	800019a8	68914d83	lbu	x27,1673(x2)	  x2:0x8000809c x27=0x00000000 PA:0x80008725
        3545000	       353	800019ac	00000013	addi	x0,x0,0	  x0:0x00000000
        3555000	       354	800019b0	00566933	or	x18,x12,x5	 x12:0x00000000  x5:0x00000000 x18=0x00000000
        3565000	       355	800019b4	00bc5813	srli	x16,x24,0xb	 x24:0x00000000 x16=0x00000000
        3575000	       356	800019b8	68910303	lb	x6,1673(x2)	  x2:0x8000809c  x6=0x00000000 PA:0x80008725
        3585000	       357	800019bc	69a104a3	sb	x26,1673(x2)	  x2:0x8000809c x26:0x00000000 PA:0x80008725
        3595000	       358	800019c0	0046dcb3	srl	x25,x13,x4	 x13:0x80009fc4  x4:0x80008a99 x25=0x00000040
        3605000	       359	800019c4	d9698213	addi	x4,x19,-618	 x19:0x00000000  x4=0xfffffd96
        3615000	       360	800019c8	68910283	lb	x5,1673(x2)	  x2:0x8000809c  x5=0x00000000 PA:0x80008725
        3625000	       361	800019cc	68914903	lbu	x18,1673(x2)	  x2:0x8000809c x18=0x00000000 PA:0x80008725
        3635000	       362	800019d0	68914503	lbu	x10,1673(x2)	  x2:0x8000809c x10=0x00000000 PA:0x80008725
        3645000	       363	800019d4	00007197	auipc	x3,0x7	  x3=0x800089d0
        3655000	       364	800019d8	c4c18193	addi	x3,x3,-948	  x3:0x800089d0  x3=0x8000861c
        3665000	       365	800019dc	00007897	auipc	x17,0x7	 x17=0x800089d8
        3675000	       366	800019e0	80a88893	addi	x17,x17,-2038	 x17:0x800089d8 x17=0x800081e2
        3685000	       367	800019e4	00006717	auipc	x14,0x6	 x14=0x800079e0
        3695000	       368	800019e8	75f70713	addi	x14,x14,1887	 x14:0x800079e0 x14=0x8000813f
        3705000	       369	800019ec	01088c03	lb	x24,16(x17)	 x17:0x800081e2 x24=0x00000000 PA:0x800081f2
        3715000	       370	800019f0	00007297	auipc	x5,0x7	  x5=0x800089ec
        3725000	       371	800019f4	80428293	addi	x5,x5,-2044	  x5:0x800089ec  x5=0x800081f0
        3735000	       372	800019f8	00007117	auipc	x2,0x7	  x2=0x800089f4
        3745000	       373	800019fc	b4810113	addi	x2,x2,-1208	  x2:0x800089f4  x2=0x8000853c
        3755000	       374	80001a00	a8e1a823	sw	x14,-1392(x3)	  x3:0x8000861c x14:0x8000813f PA:0x800080ac
        3765000	       375	80001a04	ffa74083	lbu	x1,-6(x14)	 x14:0x8000813f  x1=0x00000000 PA:0x80008139
        3775000	       376	80001a08	02c28603	lb	x12,44(x5)	  x5:0x800081f0 x12=0x00000000 PA:0x8000821c
        3785000	       377	80001a0c	1a419483	lh	x9,420(x3)	  x3:0x8000861c  x9=0x00000000 PA:0x800087c0
        3795000	       378	80001a10	c1310783	lb	x15,-1005(x2)	  x2:0x8000853c x15=0x00000000 PA:0x8000814f
        3805000	       379	80001a14	27489483	lh	x9,628(x17)	 x17:0x800081e2  x9=0x00000000 PA:0x80008456
        3815000	       380	80001a18	01370523	sb	x19,10(x14)	 x14:0x8000813f x19:0x00000000 PA:0x80008149
        3825000	       381	80001a1c	2a08dc83	lhu	x25,672(x17)	 x17:0x800081e2 x25=0x00000000 PA:0x80008482
        3835000	       382	80001a20	e4918903	lb	x18,-439(x3)	  x3:0x8000861c x18=0x00000000 PA:0x80008465
        3845000	       383	80001a24	00e74403	lbu	x8,14(x14)	 x14:0x8000813f  x8=0x00000000 PA:0x8000814d
        3855000	       384	80001a28	b061d383	lhu	x7,-1274(x3)	  x3:0x8000861c  x7=0x00000000 PA:0x80008122
        3865000	       385	80001a2c	02c74c83	lbu	x25,44(x14)	 x14:0x8000813f x25=0x00000000 PA:0x8000816b
        3875000	       386	80001a30	5878ad23	sw	x7,1434(x17)	 x17:0x800081e2  x7:0x00000000 PA:0x8000877c
        3885000	       387	80001a34	fd774b03	lbu	x22,-41(x14)	 x14:0x8000813f x22=0x00000000 PA:0x80008116
        3895000	       388	80001a38	02d10e23	sb	x13,60(x2)	  x2:0x8000853c x13:0x80009fc4 PA:0x80008578
        3905000	       389	80001a3c	0b91c483	lbu	x9,185(x3)	  x3:0x8000861c  x9=0x00000000 PA:0x800086d5
        3915000	       390	80001a40	ffb29923	sh	x27,-14(x5)	  x5:0x800081f0 x27:0x00000000 PA:0x800081e2
        3925000	       391	80001a44	b7e15403	lhu	x8,-1154(x2)	  x2:0x8000853c  x8=0x00000000 PA:0x800080ba
        3935000	       392	80001a48	fff74e83	lbu	x29,-1(x14)	 x14:0x8000813f x29=0x00000000 PA:0x8000813e
        3945000	       393	80001a4c	f8488aa3	sb	x4,-107(x17)	 x17:0x800081e2  x4:0xfffffd96 PA:0x80008177
        3955000	       394	80001a50	16e1c503	lbu	x10,366(x3)	  x3:0x8000861c x10=0x00000000 PA:0x8000878a
        3965000	       395	80001a54	dda1c803	lbu	x16,-550(x3)	  x3:0x8000861c x16=0x00000000 PA:0x800083f6
        3975000	       396	80001a58	3d588083	lb	x1,981(x17)	 x17:0x800081e2  x1=0x00000000 PA:0x800085b7
        3985000	       397	80001a5c	0fd28a83	lb	x21,253(x5)	  x5:0x800081f0 x21=0x00000000 PA:0x800082ed
        3995000	       398	80001a60	fe474a83	lbu	x21,-28(x14)	 x14:0x8000813f x21=0x00000000 PA:0x80008123
        4005000	       399	80001a64	bef14783	lbu	x15,-1041(x2)	  x2:0x8000853c x15=0x00000000 PA:0x8000812b
        4015000	       400	80001a68	ffb886a3	sb	x27,-19(x17)	 x17:0x800081e2 x27:0x00000000 PA:0x800081cf
        4025000	       401	80001a6c	d1019b23	sh	x16,-746(x3)	  x3:0x8000861c x16:0x00000000 PA:0x80008332
        4035000	       402	80001a70	00e71aa3	sh	x14,21(x14)	 x14:0x8000813f x14:0x8000813f PA:0x80008154
        4045000	       403	80001a74	5688cc03	lbu	x24,1384(x17)	 x17:0x800081e2 x24=0x00000000 PA:0x8000874a
        4055000	       404	80001a78	0732c383	lbu	x7,115(x5)	  x5:0x800081f0  x7=0x00000000 PA:0x80008263
        4065000	       405	80001a7c	bfc1d483	lhu	x9,-1028(x3)	  x3:0x8000861c  x9=0x00000000 PA:0x80008218
        4075000	       406	80001a80	e4714483	lbu	x9,-441(x2)	  x2:0x8000853c  x9=0x00000000 PA:0x80008383
        4085000	       407	80001a84	e57104a3	sb	x23,-439(x2)	  x2:0x8000853c x23:0x7e5002ef PA:0x80008385
        4095000	       408	80001a88	0bc2a483	lw	x9,188(x5)	  x5:0x800081f0  x9=0x00000000 PA:0x800082ac
        4105000	       409	80001a8c	26310303	lb	x6,611(x2)	  x2:0x8000853c  x6=0x00000000 PA:0x8000879f
        4115000	       410	80001a90	62d8c203	lbu	x4,1581(x17)	 x17:0x800081e2  x4=0x00000000 PA:0x8000880f
        4125000	       411	80001a94	0e21dd83	lhu	x27,226(x3)	  x3:0x8000861c x27=0x00000000 PA:0x800086fe
        4135000	       412	80001a98	fef74403	lbu	x8,-17(x14)	 x14:0x8000813f  x8=0x00000000 PA:0x8000812e
        4145000	       413	80001a9c	00670383	lb	x7,6(x14)	 x14:0x8000813f  x7=0x00000000 PA:0x80008145
        4155000	       414	80001aa0	ef910023	sb	x25,-288(x2)	  x2:0x8000853c x25:0x00000000 PA:0x8000841c
        4165000	       415	80001aa4	f262da83	lhu	x21,-218(x5)	  x5:0x800081f0 x21=0x00000000 PA:0x80008116
        4175000	       416	80001aa8	00007117	auipc	x2,0x7	  x2=0x80008aa4
        4185000	       417	80001aac	fe610113	addi	x2,x2,-26	  x2:0x80008aa4  x2=0x80008a8a
        4195000	       418	80001ab0	16914d03	lbu	x26,361(x2)	  x2:0x80008a8a x26=0x00000000 PA:0x80008bf3
        4205000	       419	80001ab4	eb415b83	lhu	x23,-332(x2)	  x2:0x80008a8a x23=0x00000000 PA:0x8000893e
        4215000	       420	80001ab8	00310b33	add	x22,x2,x3	  x2:0x80008a8a  x3:0x8000861c x22=0x000110a6
        4225000	       421	80001abc	b4f73d93	sltiu	x27,x14,-1201	 x14:0x8000813f x27=0x00000001
        4235000	       422	80001ac0	eb410383	lb	x7,-332(x2)	  x2:0x80008a8a  x7=0x00000000 PA:0x8000893e
        4245000	       423	80001ac4	fc414183	lbu	x3,-60(x2)	  x2:0x80008a8a  x3=0x00000000 PA:0x80008a4e
        4255000	       424	80001ac8	16c100a3	sb	x12,353(x2)	  x2:0x80008a8a x12:0x00000000 PA:0x80008beb
        4265000	       425	80001acc	16110c83	lb	x25,353(x2)	  x2:0x80008a8a x25=0x00000000 PA:0x80008beb
        4275000	       426	80001ad0	16114083	lbu	x1,353(x2)	  x2:0x80008a8a  x1=0x00000000 PA:0x80008beb
        4285000	       427	80001ad4	51f104a3	sb	x31,1289(x2)	  x2:0x80008a8a x31:0x00000000 PA:0x80008f93
        4295000	       428	80001ad8	ed687737	lui	x14,0xed687	 x14=0xed687000
        4305000	       429	80001adc	f7da4193	xori	x3,x20,-131	 x20:0x80009f50  x3=0x7fff602d
        4315000	       430	80001ae0	01631633	sll	x12,x6,x22	  x6:0x00000000 x22:0x000110a6 x12=0x00000000
        4325000	       431	80001ae4	15314003	lbu	x0,339(x2)	  x2:0x80008a8a PA:0x80008bdd
        4335000	       432	80001ae8	29714883	lbu	x17,663(x2)	  x2:0x80008a8a x17=0x00000000 PA:0x80008d21
        4345000	       433	80001aec	ff210623	sb	x18,-20(x2)	  x2:0x80008a8a x18:0x00000000 PA:0x80008a76
        4355000	       434	80001af0	43014883	lbu	x17,1072(x2)	  x2:0x80008a8a x17=0x00000000 PA:0x80008eba
        4365000	       435	80001af4	50e15b03	lhu	x22,1294(x2)	  x2:0x80008a8a x22=0x00000000 PA:0x80008f98
        4375000	       436	00000000	00000013	addi	x0,x0,0	  x0:0x00000000
        4385000	       437	80001af8	939b2c93	slti	x25,x22,-1735	 x22:0x00000000 x25=0x00000000
        4395000	       438	80001afc	296100a3	sb	x22,641(x2)	  x2:0x80008a8a x22:0x00000000 PA:0x80008d0b
        4405000	       439	80001b00	02c08063	beq	x1,x12,80001b20	  x1:0x00000000 x12:0x00000000
        4415000	       440	00000000	00000013	addi	x0,x0,0	  x0:0x00000000
        4425000	       441	80001b1c	00000013	addi	x0,x0,0	  x0:0x00000000
        4435000	       442	80001b20	00513cb3	sltu	x25,x2,x5	  x2:0x80008a8a  x5:0x800081f0 x25=0x00000000
        4445000	       443	80001b24	00e72433	slt	x8,x14,x14	 x14:0xed687000 x14:0xed687000  x8=0x00000000
        4455000	       444	80001b28	41b65193	srai	x3,x12,0x1b	 x12:0x00000000  x3=0x00000000
        4465000	       445	80001b2c	00968263	beq	x13,x9,80001b30	 x13:0x80009fc4  x9:0x00000000
        4475000	       446	80001b30	88076013	ori	x0,x14,-1920	 x14:0xed687000
        4485000	       447	80001b34	005f1c13	slli	x24,x30,0x5	 x30:0xfffffac0 x24=0xffff5800
        4495000	       448	80001b38	00231d33	sll	x26,x6,x2	  x6:0x00000000  x2:0x80008a8a x26=0x00000000
        4505000	       449	80001b3c	12052e13	slti	x28,x10,288	 x10:0x00000000 x28=0x00000001
        4515000	       450	80001b40	4a30b793	sltiu	x15,x1,1187	  x1:0x00000000 x15=0x00000001
        4525000	       451	80001b44	4073d313	srai	x6,x7,0x7	  x7:0x00000000  x6=0x00000000
        4535000	       452	80001b48	240cfb13	andi	x22,x25,576	 x25:0x00000000 x22=0x00000000
        4545000	       453	80001b4c	63f8bc13	sltiu	x24,x17,1599	 x17:0x00000000 x24=0x00000001
        4555000	       454	80001b50	bf1a0513	addi	x10,x20,-1039	 x20:0x80009f50 x10=0x80009b41
        4565000	       455	80001b54	0149dfb3	srl	x31,x19,x20	 x19:0x00000000 x20:0x80009f50 x31=0x00000000
        4575000	       456	80001b58	00bc3033	sltu	x0,x24,x11	 x24:0x00000001 x11:0x00000000
        4585000	       457	80001b5c	00e4a033	slt	x0,x9,x14	  x9:0x00000000 x14:0xed687000
        4595000	       458	80001b60	ea6af1b7	lui	x3,0xea6af	  x3=0xea6af000
        4605000	       459	80001b64	0073a933	slt	x18,x7,x7	  x7:0x00000000  x7:0x00000000 x18=0x00000000
        4615000	       460	80001b68	00819193	slli	x3,x3,0x8	  x3:0xea6af000  x3=0x6af00000
        4625000	       461	80001b6c	6469a717	auipc	x14,0x6469a	 x14=0xe469bb68
        4635000	       462	80001b70	008d6a63	bltu	x26,x8,80001b84	 x26:0x00000000  x8:0x00000000
        4645000	       463	80001b74	409eddb3	sra	x27,x29,x9	 x29:0x00000000  x9:0x00000000 x27=0x00000000
        4655000	       464	80001b78	0086d093	srli	x1,x13,0x8	 x13:0x80009fc4  x1=0x0080009f
        4665000	       465	80001b7c	004fd5b3	srl	x11,x31,x4	 x31:0x00000000  x4:0x00000000 x11=0x00000000
        4675000	       466	80001b80	c7190c93	addi	x25,x18,-911	 x18:0x00000000 x25=0xfffffc71
        4685000	       467	80001b84	01fac133	xor	x2,x21,x31	 x21:0x00000000 x31:0x00000000  x2=0x00000000
        4695000	       468	80001b88	025ed263	bge	x29,x5,80001bac	 x29:0x00000000  x5:0x800081f0
        4705000	       469	00000000	00000013	addi	x0,x0,0	  x0:0x00000000
        4715000	       470	80001ba8	00000013	addi	x0,x0,0	  x0:0x00000000
        4725000	       471	80001bac	00b623b3	slt	x7,x12,x11	 x12:0x00000000 x11:0x00000000  x7=0x00000000
        4735000	       472	80001bb0	3ec2e293	ori	x5,x5,1004	  x5:0x800081f0  x5=0x800083fc
        4745000	       473	80001bb4	021ad463	bge	x21,x1,80001bdc	 x21:0x00000000  x1:0x0080009f
        4755000	       474	80001bb8	00d14a63	blt	x2,x13,80001bcc	  x2:0x00000000 x13:0x80009fc4
        4765000	       475	80001bbc	00f18b33	add	x22,x3,x15	  x3:0x6af00000 x15:0x00000001 x22=0x6af00001
        4775000	       476	80001bc0	00fbd413	srli	x8,x23,0xf	 x23:0x00000000  x8=0x00000000
        4785000	       477	80001bc4	0193e463	bltu	x7,x25,80001bcc	  x7:0x00000000 x25:0xfffffc71
        4795000	       478	00000000	00000013	addi	x0,x0,0	  x0:0x00000000
        4805000	       479	80001bc8	00000013	addi	x0,x0,0	  x0:0x00000000
        4815000	       480	80001bcc	00ebf663	bgeu	x23,x14,80001bd8	 x23:0x00000000 x14:0xe469bb68
        4825000	       481	80001bd0	41975133	sra	x2,x14,x25	 x14:0xe469bb68 x25:0xfffffc71  x2=0xfffff234
        4835000	       482	80001bd4	05cf6863	bltu	x30,x28,80001c24	 x30:0xfffffac0 x28:0x00000001
        4845000	       483	80001bd8	41585893	srai	x17,x16,0x15	 x16:0x00000000 x17=0x00000000
        4855000	       484	80001bdc	94086093	ori	x1,x16,-1728	 x16:0x00000000  x1=0xfffff940
        4865000	       485	80001be0	7bd82e17	auipc	x28,0x7bd82	 x28=0xfbd83bdc
        4875000	       486	80001be4	02881463	bne	x16,x8,80001c0c	 x16:0x00000000  x8:0x00000000
        4885000	       487	80001be8	f0b38b93	addi	x23,x7,-245	  x7:0x00000000 x23=0xffffff0b
        4895000	       488	80001bec	01027833	and	x16,x4,x16	  x4:0x00000000 x16:0x00000000 x16=0x00000000
        4905000	       489	80001bf0	018864b3	or	x9,x16,x24	 x16:0x00000000 x24:0x00000001  x9=0x00000001
        4915000	       490	80001bf4	40b55b33	sra	x22,x10,x11	 x10:0x80009b41 x11:0x00000000 x22=0x80009b41
        4925000	       491	80001bf8	b6512d13	slti	x26,x2,-1179	  x2:0xfffff234 x26=0x00000001
        4935000	       492	80001bfc	9200ce37	lui	x28,0x9200c	 x28=0x9200c000
        4945000	       493	80001c00	41ee5f93	srai	x31,x28,0x1e	 x28:0x9200c000 x31=0xfffffffe
        4955000	       494	80001c04	01889593	slli	x11,x17,0x18	 x17:0x00000000 x11=0x00000000
        4965000	       495	80001c08	87ebaeb7	lui	x29,0x87eba	 x29=0x87eba000
        4975000	       496	80001c0c	015bd5b3	srl	x11,x23,x21	 x23:0xffffff0b x21:0x00000000 x11=0xffffff0b
        4985000	       497	80001c10	412a5333	sra	x6,x20,x18	 x20:0x80009f50 x18:0x00000000  x6=0x80009f50
        4995000	       498	80001c14	ada83517	auipc	x10,0xada83	 x10=0x2da84c10
        5005000	       499	80001c18	01cc9c63	bne	x25,x28,80001c30	 x25:0xfffffc71 x28:0x9200c000
        5015000	       500	00000000	00000013	addi	x0,x0,0	  x0:0x00000000
        5025000	       501	80001c2c	00000013	addi	x0,x0,0	  x0:0x00000000
        5035000	       502	80001c30	6b8da493	slti	x9,x27,1720	 x27:0x00000000  x9=0x00000001
        5045000	       503	80001c34	01ea71b3	and	x3,x20,x30	 x20:0x80009f50 x30:0xfffffac0  x3=0x80009a40
        5055000	       504	80001c38	01480733	add	x14,x16,x20	 x16:0x00000000 x20:0x80009f50 x14=0x80009f50
        5065000	       505	80001c3c	00c97db3	and	x27,x18,x12	 x18:0x00000000 x12:0x00000000 x27=0x00000000
        5075000	       506	80001c40	03c59e63	bne	x11,x28,80001c7c	 x11:0xffffff0b x28:0x9200c000
        5085000	       507	00000000	00000013	addi	x0,x0,0	  x0:0x00000000
        5095000	       508	80001c78	00000013	addi	x0,x0,0	  x0:0x00000000
        5105000	       509	80001c7c	018294b3	sll	x9,x5,x24	  x5:0x800083fc x24:0x00000001  x9=0x000107f8
        5115000	       510	80001c80	0393ec63	bltu	x7,x25,80001cb8	  x7:0x00000000 x25:0xfffffc71
        5125000	       511	00000000	00000013	addi	x0,x0,0	  x0:0x00000000
        5135000	       512	80001cb4	00000013	addi	x0,x0,0	  x0:0x00000000
        5145000	       513	80001cb8	00f05663	bge	x0,x15,80001cc4	  x0:0x00000000 x15:0x00000001
        5155000	       514	80001cbc	b8ab2593	slti	x11,x22,-1142	 x22:0x80009b41 x11=0x00000001
        5165000	       515	80001cc0	f9c6af93	slti	x31,x13,-100	 x13:0x80009fc4 x31=0x00000001
        5175000	       516	80001cc4	0067c3b3	xor	x7,x15,x6	 x15:0x00000001  x6:0x80009f50  x7=0x80009f51
        5185000	       517	80001cc8	02535a63	bge	x6,x5,80001cfc	  x6:0x80009f50  x5:0x800083fc
        5195000	       518	00000000	00000013	addi	x0,x0,0	  x0:0x00000000
        5205000	       519	80001cf8	00000013	addi	x0,x0,0	  x0:0x00000000
        5215000	       520	80001cfc	001ce2b3	or	x5,x25,x1	 x25:0xfffffc71  x1:0xfffff940  x5=0xfffffd71
        5225000	       521	80001d00	00d1d493	srli	x9,x3,0xd	  x3:0x80009a40  x9=0x00040004
        5235000	       522	80001d04	003851b3	srl	x3,x16,x3	 x16:0x00000000  x3:0x80009a40  x3=0x00000000
        5245000	       523	80001d08	027fd463	bge	x31,x7,80001d30	 x31:0x00000001  x7:0x80009f51
        5255000	       524	00000000	00000013	addi	x0,x0,0	  x0:0x00000000
        5265000	       525	80001d2c	00000013	addi	x0,x0,0	  x0:0x00000000
        5275000	       526	80001d30	cfa1a013	slti	x0,x3,-774	  x3:0x00000000
        5285000	       527	80001d34	c81d8313	addi	x6,x27,-895	 x27:0x00000000  x6=0xfffffc81
        5295000	       528	80001d38	40c3db33	sra	x22,x7,x12	  x7:0x80009f51 x12:0x00000000 x22=0x80009f51
        5305000	       529	80001d3c	687d3d13	sltiu	x26,x26,1671	 x26:0x00000001 x26=0x00000001
        5315000	       530	80001d40	013f4f33	xor	x30,x30,x19	 x30:0xfffffac0 x19:0x00000000 x30=0xfffffac0
        5325000	       531	80001d44	95bb4b13	xori	x22,x22,-1701	 x22:0x80009f51 x22=0x7fff660a
        5335000	       532	80001d48	7d233813	sltiu	x16,x6,2002	  x6:0xfffffc81 x16=0x00000000
        5345000	       533	80001d4c	4195d033	sra	x0,x11,x25	 x11:0x00000001 x25:0xfffffc71
        5355000	       534	80001d50	00535733	srl	x14,x6,x5	  x6:0xfffffc81  x5:0xfffffd71 x14=0x00007fff
        5365000	       535	80001d54	000a5eb3	srl	x29,x20,x0	 x20:0x80009f50  x0:0x00000000 x29=0x80009f50
        5375000	       536	80001d58	01195b33	srl	x22,x18,x17	 x18:0x00000000 x17:0x00000000 x22=0x00000000
        5385000	       537	80001d5c	00007417	auipc	x8,0x7	  x8=0x80008d58
        5395000	       538	80001d60	e9c40413	addi	x8,x8,-356	  x8:0x80008d58  x8=0x80008bf4
        5405000	       539	80001d64	0b2c0b13	addi	x22,x24,178	 x24:0x00000001 x22=0x000000b3
        5415000	       540	80001d68	00000013	addi	x0,x0,0	  x0:0x00000000
        5425000	       541	80001d6c	001e9233	sll	x4,x29,x1	 x29:0x80009f50  x1:0xfffff940  x4=0x80009f50
        5435000	       542	80001d70	08740d23	sb	x7,154(x8)	  x8:0x80008bf4  x7:0x80009f51 PA:0x80008c8e
        5445000	       543	80001d74	0ed40323	sb	x13,230(x8)	  x8:0x80008bf4 x13:0x80009fc4 PA:0x80008cda
        5455000	       544	80001d78	41d2df13	srai	x30,x5,0x1d	  x5:0xfffffd71 x30=0xffffffff
        5465000	       545	80001d7c	019a6bb3	or	x23,x20,x25	 x20:0x80009f50 x25:0xfffffc71 x23=0xffffff71
        5475000	       546	80001d80	f40409a3	sb	x0,-173(x8)	  x8:0x80008bf4  x0:0x00000000 PA:0x80008b47
        5485000	       547	80001d84	004b6233	or	x4,x22,x4	 x22:0x000000b3  x4:0x80009f50  x4=0x80009ff3
        5495000	       548	80001d88	41c5d5b3	sra	x11,x11,x28	 x11:0x00000001 x28:0x9200c000 x11=0x00000001
        5505000	       549	80001d8c	0c940083	lb	x1,201(x8)	  x8:0x80008bf4  x1=0x00000000 PA:0x80008cbd
        5515000	       550	80001d90	f1e401a3	sb	x30,-253(x8)	  x8:0x80008bf4 x30:0xffffffff PA:0x80008af7
        5525000	       551	80001d94	004a8db3	add	x27,x21,x4	 x21:0x00000000  x4:0x80009ff3 x27=0x80009ff3
        5535000	       552	80001d98	fe845b83	lhu	x23,-24(x8)	  x8:0x80008bf4 x23=0x00000000 PA:0x80008bdc
        5545000	       553	80001d9c	f6641b03	lh	x22,-154(x8)	  x8:0x80008bf4 x22=0x00000000 PA:0x80008b5a
        5555000	       554	80001da0	01e563b3	or	x7,x10,x30	 x10:0x2da84c10 x30:0xffffffff  x7=0xffffffff
        5565000	       555	80001da4	00071ab3	sll	x21,x14,x0	 x14:0x00007fff  x0:0x00000000 x21=0x00007fff
        5575000	       556	80001da8	0a241183	lh	x3,162(x8)	  x8:0x80008bf4  x3=0x00000000 PA:0x80008c96
        5585000	       557	80001dac	004f5e13	srli	x28,x30,0x4	 x30:0xffffffff x28=0x0fffffff
        5595000	       558	80001db0	f5424c13	xori	x24,x4,-172	  x4:0x80009ff3 x24=0x7fff60a7
        5605000	       559	80001db4	40ded613	srai	x12,x29,0xd	 x29:0x80009f50 x12=0xfffc0004
        5615000	       560	80001db8	f1f408a3	sb	x31,-239(x8)	  x8:0x80008bf4 x31:0x00000001 PA:0x80008b05
        5625000	       561	80001dbc	05240b03	lb	x22,82(x8)	  x8:0x80008bf4 x22=0x00000000 PA:0x80008c46
        5635000	       562	80001dc0	010af8b3	and	x17,x21,x16	 x21:0x00007fff x16:0x00000000 x17=0x00000000
        5645000	       563	80001dc4	000ea733	slt	x14,x29,x0	 x29:0x80009f50  x0:0x00000000 x14=0x00000001
        5655000	       564	80001dc8	4141d4b3	sra	x9,x3,x20	  x3:0x00000000 x20:0x80009f50  x9=0x00000000
        5665000	       565	80001dcc	01f16b33	or	x22,x2,x31	  x2:0xfffff234 x31:0x00000001 x22=0xfffff235
        5675000	       566	80001dd0	02a40583	lb	x11,42(x8)	  x8:0x80008bf4 x11=0x00000000 PA:0x80008c1e
        5685000	       567	80001dd4	05a41a23	sh	x26,84(x8)	  x8:0x80008bf4 x26:0x00000001 PA:0x80008c48
        5695000	       568	80001dd8	fd10cf93	xori	x31,x1,-47	  x1:0x00000000 x31=0xffffffd1
        5705000	       569	80001ddc	0097d5b3	srl	x11,x15,x9	 x15:0x00000001  x9:0x00000000 x11=0x00000001
        5715000	       570	80001de0	5bae4e13	xori	x28,x28,1466	 x28:0x0fffffff x28=0x0ffffa45
        5725000	       571	80001de4	00cc57b3	srl	x15,x24,x12	 x24:0x7fff60a7 x12:0xfffc0004 x15=0x07fff60a
        5735000	       572	80001de8	56fa4313	xori	x6,x20,1391	 x20:0x80009f50  x6=0x80009a3f
        5745000	       573	80001dec	09140d83	lb	x27,145(x8)	  x8:0x80008bf4 x27=0x00000000 PA:0x80008c85
        5755000	       574	80001df0	0183bdb3	sltu	x27,x7,x24	  x7:0xffffffff x24:0x7fff60a7 x27=0x00000000
        5765000	       575	80001df4	9658e593	ori	x11,x17,-1691	 x17:0x00000000 x11=0xfffff965
        5775000	       576	80001df8	00cdcdb3	xor	x27,x27,x12	 x27:0x00000000 x12:0xfffc0004 x27=0xfffc0004
        5785000	       577	80001dfc	00895ab3	srl	x21,x18,x8	 x18:0x00000000  x8:0x80008bf4 x21=0x00000000
        5795000	       578	80001e00	007ee533	or	x10,x29,x7	 x29:0x80009f50  x7:0xffffffff x10=0xffffffff
        5805000	       579	80001e04	01ccce63	blt	x25,x28,80001e20	 x25:0xfffffc71 x28:0x0ffffa45
        5815000	       580	00000000	00000013	addi	x0,x0,0	  x0:0x00000000
        5825000	       581	80001e1c	00000013	addi	x0,x0,0	  x0:0x00000000
        5835000	       582	80001e20	039b4063	blt	x22,x25,80001e40	 x22:0xfffff235 x25:0xfffffc71
        5845000	       583	00000000	00000013	addi	x0,x0,0	  x0:0x00000000
        5855000	       584	80001e3c	00000013	addi	x0,x0,0	  x0:0x00000000
        5865000	       585	80001e40	94909797	auipc	x15,0x94909	 x15=0x1490ae3c
        5875000	       586	80001e44	a9cf7d13	andi	x26,x30,-1380	 x30:0xffffffff x26=0xfffffa9c
        5885000	       587	80001e48	b476bab7	lui	x21,0xb476b	 x21=0xb476b000
        5895000	       588	80001e4c	d7a33d37	lui	x26,0xd7a33	 x26=0xd7a33000
        5905000	       589	80001e50	8383f2b7	lui	x5,0x8383f	  x5=0x8383f000
        5915000	       590	80001e54	00665c93	srli	x25,x12,0x6	 x12:0xfffc0004 x25=0x03fff000
        5925000	       591	80001e58	0a7cfb13	andi	x22,x25,167	 x25:0x03fff000 x22=0x00000000
        5935000	       592	80001e5c	01971293	slli	x5,x14,0x19	 x14:0x00000001  x5=0x02000000
        5945000	       593	80001e60	01dbdc63	bge	x23,x29,80001e78	 x23:0x00000000 x29:0x80009f50
        5955000	       594	00000000	00000013	addi	x0,x0,0	  x0:0x00000000
        5965000	       595	80001e74	00000013	addi	x0,x0,0	  x0:0x00000000
        5975000	       596	80001e78	01115f93	srli	x31,x2,0x11	  x2:0xfffff234 x31=0x00007fff
        5985000	       597	80001e7c	00000013	addi	x0,x0,0	  x0:0x00000000
        5995000	       598	80001e80	00febab3	sltu	x21,x29,x15	 x29:0x80009f50 x15:0x1490ae3c x21=0x00000000
        6005000	       599	80001e84	004ee033	or	x0,x29,x4	 x29:0x80009f50  x4:0x80009ff3
        6015000	       600	80001e88	00395313	srli	x6,x18,0x3	 x18:0x00000000  x6=0x00000000
        6025000	       601	80001e8c	017281b3	add	x3,x5,x23	  x5:0x02000000 x23:0x00000000  x3=0x02000000
        6035000	       602	80001e90	0a958863	beq	x11,x9,80001f40	 x11:0xfffff965  x9:0x00000000
        6045000	       603	80001e94	006ffc33	and	x24,x31,x6	 x31:0x00007fff  x6:0x00000000 x24=0x00000000
        6055000	       604	80001e98	763aeb13	ori	x22,x21,1891	 x21:0x00000000 x22=0x00000763
        6065000	       605	80001e9c	dabadb97	auipc	x23,0xdabad	 x23=0x5abaee98
        6075000	       606	80001ea0	a2d20d93	addi	x27,x4,-1491	  x4:0x80009ff3 x27=0x80009a20
        6085000	       607	80001ea4	00006097	auipc	x1,0x6	  x1=0x80007ea0
        6095000	       608	80001ea8	56608093	addi	x1,x1,1382	  x1:0x80007ea0  x1=0x80008406
        6105000	       609	80001eac	40030c33	sub	x24,x6,x0	  x6:0x00000000  x0:0x00000000 x24=0x00000000
        6115000	       610	80001eb0	62c82593	slti	x11,x16,1580	 x16:0x00000000 x11=0x00000001
        6125000	       611	80001eb4	0050fe33	and	x28,x1,x5	  x1:0x80008406  x5:0x02000000 x28=0x00000000
        6135000	       612	80001eb8	1060a283	lw	x5,262(x1)	  x1:0x80008406  x5=0x00000000 PA:0x8000850c
        6145000	       613	80001ebc	00e79d33	sll	x26,x15,x14	 x15:0x1490ae3c x14:0x00000001 x26=0x29215c78
        6155000	       614	80001ec0	1f9c7193	andi	x3,x24,505	 x24:0x00000000  x3=0x00000000
        6165000	       615	80001ec4	2abfbe93	sltiu	x29,x31,683	 x31:0x00007fff x29=0x00000000
        6175000	       616	80001ec8	1630aa97	auipc	x21,0x1630a	 x21=0x9630bec4
        6185000	       617	80001ecc	0153a433	slt	x8,x7,x21	  x7:0xffffffff x21:0x9630bec4  x8=0x00000000
        6195000	       618	80001ed0	1b908583	lb	x11,441(x1)	  x1:0x80008406 x11=0x00000000 PA:0x800085bf
        6205000	       619	80001ed4	f4f0c403	lbu	x8,-177(x1)	  x1:0x80008406  x8=0x00000000 PA:0x80008355
        6215000	       620	80001ed8	00469793	slli	x15,x13,0x4	 x13:0x80009fc4 x15=0x0009fc40
        6225000	       621	80001edc	01426533	or	x10,x4,x20	  x4:0x80009ff3 x20:0x80009f50 x10=0x80009ff3
        6235000	       622	80001ee0	6f43a813	slti	x16,x7,1780	  x7:0xffffffff x16=0x00000001
        6245000	       623	80001ee4	01b4a2b3	slt	x5,x9,x27	  x9:0x00000000 x27:0x80009a20  x5=0x00000000
        6255000	       624	80001ee8	04d08483	lb	x9,77(x1)	  x1:0x80008406  x9=0x00000000 PA:0x80008453
        6265000	       625	80001eec	7febbf17	auipc	x30,0x7febb	 x30=0xffebcee8
        6275000	       626	80001ef0	dad0c003	lbu	x0,-595(x1)	  x1:0x80008406 PA:0x800081b3
        6285000	       627	80001ef4	361c9d37	lui	x26,0x361c9	 x26=0x361c9000
        6295000	       628	80001ef8	000247b3	xor	x15,x4,x0	  x4:0x80009ff3  x0:0x00000000 x15=0x80009ff3
        6305000	       629	80001efc	01151eb3	sll	x29,x10,x17	 x10:0x80009ff3 x17:0x00000000 x29=0x80009ff3
        6315000	       630	80001f00	e4708ba3	sb	x7,-425(x1)	  x1:0x80008406  x7:0xffffffff PA:0x8000825d
        6325000	       631	80001f04	d1aaff13	andi	x30,x21,-742	 x21:0x9630bec4 x30=0x9630bc00
        6335000	       632	80001f08	00ef9113	slli	x2,x31,0xe	 x31:0x00007fff  x2=0x1fffc000
        6345000	       633	80001f0c	01913f33	sltu	x30,x2,x25	  x2:0x1fffc000 x25:0x03fff000 x30=0x00000000
        6355000	       634	80001f10	f85e0617	auipc	x12,0xf85e0	 x12=0x785e1f0c
        6365000	       635	80001f14	00571c33	sll	x24,x14,x5	 x14:0x00000001  x5:0x00000000 x24=0x00000001
        6375000	       636	80001f18	4179d213	srai	x4,x19,0x17	 x19:0x00000000  x4=0x00000000
        6385000	       637	80001f1c	d9c087a3	sb	x28,-625(x1)	  x1:0x80008406 x28:0x00000000 PA:0x80008195
        6395000	       638	80001f20	01608823	sb	x22,16(x1)	  x1:0x80008406 x22:0x00000763 PA:0x80008416
        6405000	       639	80001f24	000cf5b3	and	x11,x25,x0	 x25:0x03fff000  x0:0x00000000 x11=0x00000000
        6415000	       640	80001f28	0f409b83	lh	x23,244(x1)	  x1:0x80008406 x23=0x00000000 PA:0x800084fa
        6425000	       641	80001f2c	8751f813	andi	x16,x3,-1931	  x3:0x00000000 x16=0x00000000
        6435000	       642	80001f30	06b08d23	sb	x11,122(x1)	  x1:0x80008406 x11:0x00000000 PA:0x80008480
        6445000	       643	80001f34	5afe2d13	slti	x26,x28,1455	 x28:0x00000000 x26=0x00000001
        6455000	       644	80001f38	01139593	slli	x11,x7,0x11	  x7:0xffffffff x11=0xfffe0000
        6465000	       645	80001f3c	41a8df93	srai	x31,x17,0x1a	 x17:0x00000000 x31=0x00000000
        6475000	       646	80001f40	b25b9cb7	lui	x25,0xb25b9	 x25=0xb25b9000
        6485000	       647	80001f44	01362b33	slt	x22,x12,x19	 x12:0x785e1f0c x19:0x00000000 x22=0x00000000
        6495000	       648	80001f48	00bf94b3	sll	x9,x31,x11	 x31:0x00000000 x11:0xfffe0000  x9=0x00000000
        6505000	       649	80001f4c	40925a93	srai	x21,x4,0x9	  x4:0x00000000 x21=0x00000000
        6515000	       650	80001f50	005884b3	add	x9,x17,x5	 x17:0x00000000  x5:0x00000000  x9=0x00000000
        6525000	       651	80001f54	006ab0b3	sltu	x1,x21,x6	 x21:0x00000000  x6:0x00000000  x1=0x00000000
        6535000	       652	80001f58	6fff2537	lui	x10,0x6fff2	 x10=0x6fff2000
        6545000	       653	80001f5c	013a5433	srl	x8,x20,x19	 x20:0x80009f50 x19:0x00000000  x8=0x80009f50
        6555000	       654	80001f60	6c243c93	sltiu	x25,x8,1730	  x8:0x80009f50 x25=0x00000000
        6565000	       655	80001f64	e0634017	auipc	x0,0xe0634	
        6575000	       656	80001f68	01849b93	slli	x23,x9,0x18	  x9:0x00000000 x23=0x00000000
        6585000	       657	80001f6c	004a2e83	lw	x29,4(x20)	 x20:0x80009f50 x29=0x80000584 PA:0x80009f54
        6595000	       658	80001f70	034a0a13	addi	x20,x20,52	 x20:0x80009f50 x20=0x80009f84
        6605000	       659	80001f74	021dd497	auipc	x9,0x21dd	  x9=0x821def70
        6615000	       660	80001f78	0022ecb3	or	x25,x5,x2	  x5:0x00000000  x2:0x1fffc000 x25=0x1fffc000
        6625000	       661	80001f7c	a9c9d237	lui	x4,0xa9c9d	  x4=0xa9c9d000
        6635000	       662	80001f80	b5137437	lui	x8,0xb5137	  x8=0xb5137000
        6645000	       663	80001f84	40fcd093	srai	x1,x25,0xf	 x25:0x1fffc000  x1=0x00003fff
        6655000	       664	80001f88	000e8d93	addi	x27,x29,0	 x29:0x80000584 x27=0x80000584
        6665000	       665	80001f8c	000d8de7	jalr	x27,x27,0	 x27:0x80000584 x27=0x80001f8c
        6675000	       666	00000000	00000013	addi	x0,x0,0	  x0:0x00000000
        6685000	       667	80000584	00000013	addi	x0,x0,0	  x0:0x00000000
        6695000	       668	80000588	04f1d663	bge	x3,x15,800005d4	  x3:0x00000000 x15:0x80009ff3
        6705000	       669	00000000	00000013	addi	x0,x0,0	  x0:0x00000000
        6715000	       670	800005d0	00000013	addi	x0,x0,0	  x0:0x00000000
        6725000	       671	800005d4	0096c4b3	xor	x9,x13,x9	 x13:0x80009fc4  x9:0x821def70  x9=0x021d70b4
        6735000	       672	800005d8	000dee63	bltu	x27,x0,800005f4	 x27:0x80001f8c  x0:0x00000000
        6745000	       673	800005dc	0af2be93	sltiu	x29,x5,175	  x5:0x00000000 x29=0x00000001
        6755000	       674	800005e0	405ad3b3	sra	x7,x21,x5	 x21:0x00000000  x5:0x00000000  x7=0x00000000
        6765000	       675	800005e4	051b8063	beq	x23,x17,80000624	 x23:0x00000000 x17:0x00000000
        6775000	       676	00000000	00000013	addi	x0,x0,0	  x0:0x00000000
        6785000	       677	80000620	00000013	addi	x0,x0,0	  x0:0x00000000
        6795000	       678	80000624	0618e663	bltu	x17,x1,80000690	 x17:0x00000000  x1:0x00003fff
        6805000	       679	00000000	00000013	addi	x0,x0,0	  x0:0x00000000
        6815000	       680	8000068c	00000013	addi	x0,x0,0	  x0:0x00000000
        6825000	       681	80000690	17f7fb13	andi	x22,x15,383	 x15:0x80009ff3 x22=0x00000173
        6835000	       682	80000694	b2e96d37	lui	x26,0xb2e96	 x26=0xb2e96000
        6845000	       683	80000698	01ad8633	add	x12,x27,x26	 x27:0x80001f8c x26:0xb2e96000 x12=0x32e97f8c
        6855000	       684	8000069c	40625e13	srai	x28,x4,0x6	  x4:0xa9c9d000 x28=0xfea72740
        6865000	       685	800006a0	010477b3	and	x15,x8,x16	  x8:0xb5137000 x16:0x00000000 x15=0x00000000
        6875000	       686	800006a4	01f19b33	sll	x22,x3,x31	  x3:0x00000000 x31:0x00000000 x22=0x00000000
        6885000	       687	800006a8	00137263	bgeu	x6,x1,800006ac	  x6:0x00000000  x1:0x00003fff
        6895000	       688	800006ac	04a20663	beq	x4,x10,800006f8	  x4:0xa9c9d000 x10:0x6fff2000
        6905000	       689	800006b0	01b80663	beq	x16,x27,800006bc	 x16:0x00000000 x27:0x80001f8c
        6915000	       690	800006b4	01741133	sll	x2,x8,x23	  x8:0xb5137000 x23:0x00000000  x2=0xb5137000
        6925000	       691	800006b8	af8ea013	slti	x0,x29,-1288	 x29:0x00000001
        6935000	       692	800006bc	04c7f663	bgeu	x15,x12,80000708	 x15:0x00000000 x12:0x32e97f8c
        6945000	       693	800006c0	02c79463	bne	x15,x12,800006e8	 x15:0x00000000 x12:0x32e97f8c
        6955000	       694	00000000	00000013	addi	x0,x0,0	  x0:0x00000000
        6965000	       695	800006e4	00000013	addi	x0,x0,0	  x0:0x00000000
        6975000	       696	800006e8	5bd90517	auipc	x10,0x5bd90	 x10=0xdbd906e4
        6985000	       697	800006ec	01856463	bltu	x10,x24,800006f4	 x10:0xdbd906e4 x24:0x00000001
        6995000	       698	800006f0	011c5e63	bge	x24,x17,8000070c	 x24:0x00000001 x17:0x00000000
        7005000	       699	00000000	00000013	addi	x0,x0,0	  x0:0x00000000
        7015000	       700	80000708	00000013	addi	x0,x0,0	  x0:0x00000000
        7025000	       701	8000070c	03a08663	beq	x1,x26,80000738	  x1:0x00003fff x26:0xb2e96000
        7035000	       702	80000710	00890833	add	x16,x18,x8	 x18:0x00000000  x8:0xb5137000 x16=0xb5137000
        7045000	       703	80000714	01bd0b33	add	x22,x26,x27	 x26:0xb2e96000 x27:0x80001f8c x22=0x32e97f8c
        7055000	       704	80000718	00e17bb3	and	x23,x2,x14	  x2:0xb5137000 x14:0x00000001 x23=0x00000000
        7065000	       705	8000071c	4109dc13	srai	x24,x19,0x10	 x19:0x00000000 x24=0x00000000
        7075000	       706	80000720	58e3b193	sltiu	x3,x7,1422	  x7:0x00000000  x3=0x00000001
        7085000	       707	80000724	01eb1e93	slli	x29,x22,0x1e	 x22:0x32e97f8c x29=0x00000000
        7095000	       708	80000728	ac602b37	lui	x22,0xac602	 x22=0xac602000
        7105000	       709	8000072c	008ead33	slt	x26,x29,x8	 x29:0x00000000  x8:0xb5137000 x26=0x00000000
        7115000	       710	80000730	406a5093	srai	x1,x20,0x6	 x20:0x80009f84  x1=0xfe00027e
        7125000	       711	80000734	884e2e93	slti	x29,x28,-1916	 x28:0xfea72740 x29=0x00000001
        7135000	       712	80000738	41620cb3	sub	x25,x4,x22	  x4:0xa9c9d000 x22:0xac602000 x25=0xfd69b000
        7145000	       713	8000073c	1af73b93	sltiu	x23,x14,431	 x14:0x00000001 x23=0x00000001
        7155000	       714	80000740	8eaf6513	ori	x10,x30,-1814	 x30:0x00000000 x10=0xfffff8ea
        7165000	       715	80000744	00d1cbb3	xor	x23,x3,x13	  x3:0x00000001 x13:0x80009fc4 x23=0x80009fc5
        7175000	       716	80000748	c6f0b2b7	lui	x5,0xc6f0b	  x5=0xc6f0b000
        7185000	       717	8000074c	0102e833	or	x16,x5,x16	  x5:0xc6f0b000 x16:0xb5137000 x16=0xf7f3f000
        7195000	       718	80000750	01574263	blt	x14,x21,80000754	 x14:0x00000001 x21:0x00000000
        7205000	       719	80000754	98787393	andi	x7,x16,-1657	 x16:0xf7f3f000  x7=0xf7f3f000
        7215000	       720	80000758	009d1e63	bne	x26,x9,80000774	 x26:0x00000000  x9:0x021d70b4
        7225000	       721	00000000	00000013	addi	x0,x0,0	  x0:0x00000000
        7235000	       722	80000770	00000013	addi	x0,x0,0	  x0:0x00000000
        7245000	       723	80000774	005b9b13	slli	x22,x23,0x5	 x23:0x80009fc5 x22=0x0013f8a0
        7255000	       724	80000778	06830263	beq	x6,x8,800007dc	  x6:0x00000000  x8:0xb5137000
        7265000	       725	8000077c	06286063	bltu	x16,x2,800007dc	 x16:0xf7f3f000  x2:0xb5137000
        7275000	       726	80000780	00000c17	auipc	x24,0x0	 x24=0x8000077c
        7285000	       727	80000784	074c0c13	addi	x24,x24,116	 x24:0x8000077c x24=0x800007f0
        7295000	       728	80000788	0118b493	sltiu	x9,x17,17	 x17:0x00000000  x9=0x00000001
        7305000	       729	8000078c	35dc0c13	addi	x24,x24,861	 x24:0x800007f0 x24=0x80000b4d
        7315000	       730	80000790	94dbfd97	auipc	x27,0x94dbf	 x27=0x14dbf78c
        7325000	       731	80000794	01c84fb3	xor	x31,x16,x28	 x16:0xf7f3f000 x28:0xfea72740 x31=0x0954d740
        7335000	       732	80000798	000d9bb3	sll	x23,x27,x0	 x27:0x14dbf78c  x0:0x00000000 x23=0x14dbf78c
        7345000	       733	8000079c	006fd493	srli	x9,x31,0x6	 x31:0x0954d740  x9=0x0025535d
        7355000	       734	800007a0	ca3c0ee7	jalr	x29,x24,-861	 x24:0x80000b4d x29=0x800007a0
        7365000	       735	00000000	00000013	addi	x0,x0,0	  x0:0x00000000
        7375000	       736	800007f0	00000013	addi	x0,x0,0	  x0:0x00000000
        7385000	       737	800007f4	ff4a0a13	addi	x20,x20,-12	 x20:0x80009f84 x20=0x80009f78
        7395000	       738	800007f8	01da2223	sw	x29,4(x20)	 x20:0x80009f78 x29:0x800007a0 PA:0x80009f7c
        7405000	       739	800007fc	40e55b33	sra	x22,x10,x14	 x10:0xfffff8ea x14:0x00000001 x22=0xfffffc75
        7415000	       740	80000800	000c9613	slli	x12,x25,0x0	 x25:0xfd69b000 x12=0xfd69b000
        7425000	       741	80000804	00a49813	slli	x16,x9,0xa	  x9:0x0025535d x16=0x954d7400
        7435000	       742	80000808	40a08b33	sub	x22,x1,x10	  x1:0xfe00027e x10:0xfffff8ea x22=0xfe000994
        7445000	       743	8000080c	00008a97	auipc	x21,0x8	 x21=0x80008808
        7455000	       744	80000810	8bda8a93	addi	x21,x21,-1859	 x21:0x80008808 x21=0x800080c5
        7465000	       745	80000814	00008497	auipc	x9,0x8	  x9=0x80008810
        7475000	       746	80000818	bb148493	addi	x9,x9,-1103	  x9:0x80008810  x9=0x800083c1
        7485000	       747	8000081c	014ac103	lbu	x2,20(x21)	 x21:0x800080c5  x2=0x00000000 PA:0x800080d9
        7495000	       748	80000820	f1948823	sb	x25,-240(x9)	  x9:0x800083c1 x25:0xfd69b000 PA:0x800082d1
        7505000	       749	80000824	f034a183	lw	x3,-253(x9)	  x9:0x800083c1  x3=0x00000000 PA:0x800082c4
        7515000	       750	80000828	085482a3	sb	x5,133(x9)	  x9:0x800083c1  x5:0xc6f0b000 PA:0x80008446
        7525000	       751	8000082c	f7048903	lb	x18,-144(x9)	  x9:0x800083c1 x18=0x00000000 PA:0x80008331
        7535000	       752	80000830	031a9183	lh	x3,49(x21)	 x21:0x800080c5  x3=0x00000000 PA:0x800080f6
        7545000	       753	80000834	f5448603	lb	x12,-172(x9)	  x9:0x800083c1 x12=0x00000000 PA:0x80008315
        7555000	       754	80000838	007a8103	lb	x2,7(x21)	 x21:0x800080c5  x2=0x00000000 PA:0x800080cc
        7565000	       755	8000083c	fed4de03	lhu	x28,-19(x9)	  x9:0x800083c1 x28=0x00000000 PA:0x800083ae
        7575000	       756	80000840	010a90a3	sh	x16,1(x21)	 x21:0x800080c5 x16:0x954d7400 PA:0x800080c6
        7585000	       757	80000844	fe74a503	lw	x10,-25(x9)	  x9:0x800083c1 x10=0x00000000 PA:0x800083a8
        7595000	       758	80000848	fc64c503	lbu	x10,-58(x9)	  x9:0x800083c1 x10=0x00000000 PA:0x80008387
        7605000	       759	8000084c	fab48823	sb	x11,-80(x9)	  x9:0x800083c1 x11:0xfffe0000 PA:0x80008371
        7615000	       760	80000850	008a8723	sb	x8,14(x21)	 x21:0x800080c5  x8:0xb5137000 PA:0x800080d3
        7625000	       761	80000854	00008d17	auipc	x26,0x8	 x26=0x80008850
        7635000	       762	80000858	ce5d0d13	addi	x26,x26,-795	 x26:0x80008850 x26=0x80008535
        7645000	       763	8000085c	f61d0903	lb	x18,-159(x26)	 x26:0x80008535 x18=0x00000000 PA:0x80008496
        7655000	       764	80000860	f61d5603	lhu	x12,-159(x26)	 x26:0x80008535 x12=0x00000000 PA:0x80008496
        7665000	       765	80000864	f61d4383	lbu	x7,-159(x26)	 x26:0x80008535  x7=0x00000000 PA:0x80008496
        7675000	       766	80000868	017a6b33	or	x22,x20,x23	 x20:0x80009f78 x23:0x14dbf78c x22=0x94dbfffc
        7685000	       767	8000086c	093d1aa3	sh	x19,149(x26)	 x26:0x80008535 x19:0x00000000 PA:0x800085ca
        7695000	       768	80000870	095d1483	lh	x9,149(x26)	 x26:0x80008535  x9=0x00000000 PA:0x800085ca
        7705000	       769	80000874	07fd0083	lb	x1,127(x26)	 x26:0x80008535  x1=0x00000000 PA:0x800085b4
        7715000	       770	80000878	00a6dd93	srli	x27,x13,0xa	 x13:0x80009fc4 x27=0x00200027
        7725000	       771	8000087c	fc9d5d83	lhu	x27,-55(x26)	 x26:0x80008535 x27=0x00000000 PA:0x800084fe
        7735000	       772	80000880	fcbd14a3	sh	x11,-55(x26)	 x26:0x80008535 x11:0xfffe0000 PA:0x800084fe
        7745000	       773	80000884	fc9d4b03	lbu	x22,-55(x26)	 x26:0x80008535 x22=0x00000000 PA:0x800084fe
        7755000	       774	80000888	3b250c93	addi	x25,x10,946	 x10:0x00000000 x25=0x000003b2
        7765000	       775	8000088c	fc9d4003	lbu	x0,-55(x26)	 x26:0x80008535 PA:0x800084fe
        7775000	       776	80000890	fc9d4d83	lbu	x27,-55(x26)	 x26:0x80008535 x27=0x00000000 PA:0x800084fe
        7785000	       777	00000000	00000013	addi	x0,x0,0	  x0:0x00000000
        7795000	       778	80000894	01ad9eb3	sll	x29,x27,x26	 x27:0x00000000 x26:0x80008535 x29=0x00000000
        7805000	       779	80000898	fc9d0903	lb	x18,-55(x26)	 x26:0x80008535 x18=0x00000000 PA:0x800084fe
        7815000	       780	8000089c	4026ddb3	sra	x27,x13,x2	 x13:0x80009fc4  x2:0x00000000 x27=0x80009fc4
        7825000	       781	800008a0	fc9d5b83	lhu	x23,-55(x26)	 x26:0x80008535 x23=0x00000000 PA:0x800084fe
        7835000	       782	800008a4	f23d2b83	lw	x23,-221(x26)	 x26:0x80008535 x23=0x00000000 PA:0x80008458
        7845000	       783	800008a8	f36d01a3	sb	x22,-221(x26)	 x26:0x80008535 x22:0x00000000 PA:0x80008458
        7855000	       784	800008ac	f23d0083	lb	x1,-221(x26)	 x26:0x80008535  x1=0x00000000 PA:0x80008458
        7865000	       785	800008b0	f23d0303	lb	x6,-221(x26)	 x26:0x80008535  x6=0x00000000 PA:0x80008458
        7875000	       786	800008b4	f23d5083	lhu	x1,-221(x26)	 x26:0x80008535  x1=0x00000000 PA:0x80008458
        7885000	       787	800008b8	f39d01a3	sb	x25,-221(x26)	 x26:0x80008535 x25:0x000003b2 PA:0x80008458
        7895000	       788	800008bc	f2bd11a3	sh	x11,-221(x26)	 x26:0x80008535 x11:0xfffe0000 PA:0x80008458
        7905000	       789	800008c0	00008f97	auipc	x31,0x8	 x31=0x800088bc
        7915000	       790	800008c4	45df8f93	addi	x31,x31,1117	 x31:0x800088bc x31=0x80008d19
        7925000	       791	800008c8	ff5f9c83	lh	x25,-11(x31)	 x31:0x80008d19 x25=0x00000000 PA:0x80008d0e
        7935000	       792	800008cc	ff5f8883	lb	x17,-11(x31)	 x31:0x80008d19 x17=0x00000000 PA:0x80008d0e
        7945000	       793	800008d0	ff5f8b03	lb	x22,-11(x31)	 x31:0x80008d19 x22=0x00000000 PA:0x80008d0e
        7955000	       794	800008d4	ff5fda83	lhu	x21,-11(x31)	 x31:0x80008d19 x21=0x00000000 PA:0x80008d0e
        7965000	       795	00000000	00000013	addi	x0,x0,0	  x0:0x00000000
        7975000	       796	800008d8	ff5fd103	lhu	x2,-11(x31)	 x31:0x80008d19  x2=0x00000000 PA:0x80008d0e
        7985000	       797	800008dc	ff5fcc83	lbu	x25,-11(x31)	 x31:0x80008d19 x25=0x00000000 PA:0x80008d0e
        7995000	       798	800008e0	feff8aa3	sb	x15,-11(x31)	 x31:0x80008d19 x15:0x00000000 PA:0x80008d0e
        8005000	       799	800008e4	feef9aa3	sh	x14,-11(x31)	 x31:0x80008d19 x14:0x00000001 PA:0x80008d0e
        8015000	       800	800008e8	ff5fc903	lbu	x18,-11(x31)	 x31:0x80008d19 x18=0x00000001 PA:0x80008d0e
        8025000	       801	800008ec	ff1fda83	lhu	x21,-15(x31)	 x31:0x80008d19 x21=0x00000000 PA:0x80008d0a
        8035000	       802	800008f0	ff1fdc83	lhu	x25,-15(x31)	 x31:0x80008d19 x25=0x00000000 PA:0x80008d0a
        8045000	       803	800008f4	ff1f9203	lh	x4,-15(x31)	 x31:0x80008d19  x4=0x00000000 PA:0x80008d0a
        8055000	       804	800008f8	ff6fc503	lbu	x10,-10(x31)	 x31:0x80008d19 x10=0x00000000 PA:0x80008d0f
        8065000	       805	800008fc	ff6f8c03	lb	x24,-10(x31)	 x31:0x80008d19 x24=0x00000000 PA:0x80008d0f
        8075000	       806	80000900	29367c13	andi	x24,x12,659	 x12:0x00000000 x24=0x00000000
        8085000	       807	80000904	fedf8b23	sb	x13,-10(x31)	 x31:0x80008d19 x13:0x80009fc4 PA:0x80008d0f
        8095000	       808	80000908	ffffcb83	lbu	x23,-1(x31)	 x31:0x80008d19 x23=0x00000000 PA:0x80008d18
        8105000	       809	8000090c	00d8d313	srli	x6,x17,0xd	 x17:0x00000000  x6=0x00000000
        8115000	       810	80000910	006fc483	lbu	x9,6(x31)	 x31:0x80008d19  x9=0x00000000 PA:0x80008d1f
        8125000	       811	80000914	006fc003	lbu	x0,6(x31)	 x31:0x80008d19 PA:0x80008d1f
        8135000	       812	80000918	ff6fc103	lbu	x2,-10(x31)	 x31:0x80008d19  x2=0x000000c4 PA:0x80008d0f
        8145000	       813	8000091c	00008b97	auipc	x23,0x8	 x23=0x80008918
        8155000	       814	80000920	53ab8b93	addi	x23,x23,1338	 x23:0x80008918 x23=0x80008e52
        8165000	       815	80000924	c027a593	slti	x11,x15,-1022	 x15:0x00000000 x11=0x00000000
        8175000	       816	80000928	3b77fcb7	lui	x25,0x3b77f	 x25=0x3b77f000
        8185000	       817	8000092c	008b8083	lb	x1,8(x23)	 x23:0x80008e52  x1=0x00000000 PA:0x80008e5a
        8195000	       818	80000930	006bae83	lw	x29,6(x23)	 x23:0x80008e52 x29=0x00000000 PA:0x80008e58
        8205000	       819	80000934	ff2b88a3	sb	x18,-15(x23)	 x23:0x80008e52 x18:0x00000001 PA:0x80008e43
        8215000	       820	80000938	bb656c17	auipc	x24,0xbb656	 x24=0x3b656934
        8225000	       821	8000093c	ff6b8f83	lb	x31,-10(x23)	 x23:0x80008e52 x31=0x00000000 PA:0x80008e48
        8235000	       822	80000940	ff2b8aa3	sb	x18,-11(x23)	 x23:0x80008e52 x18:0x00000001 PA:0x80008e47
        8245000	       823	80000944	00000013	addi	x0,x0,0	  x0:0x00000000
        8255000	       824	80000948	00bd9213	slli	x4,x27,0xb	 x27:0x80009fc4  x4=0x04fe2000
        8265000	       825	8000094c	ffbbc183	lbu	x3,-5(x23)	 x23:0x80008e52  x3=0x00000000 PA:0x80008e4d
        8275000	       826	80000950	ff1b9c23	sh	x17,-8(x23)	 x23:0x80008e52 x17:0x00000000 PA:0x80008e4a
        8285000	       827	80000954	00dbc303	lbu	x6,13(x23)	 x23:0x80008e52  x6=0x00000000 PA:0x80008e5f
        8295000	       828	80000958	fecb88a3	sb	x12,-15(x23)	 x23:0x80008e52 x12:0x00000000 PA:0x80008e43
        8305000	       829	8000095c	ffbb8003	lb	x0,-5(x23)	 x23:0x80008e52 PA:0x80008e4d
        8315000	       830	80000960	ff7bc503	lbu	x10,-9(x23)	 x23:0x80008e52 x10=0x00000000 PA:0x80008e49
        8325000	       831	80000964	129d7d13	andi	x26,x26,297	 x26:0x80008535 x26=0x00000121
        8335000	       832	80000968	408c00b3	sub	x1,x24,x8	 x24:0x3b656934  x8:0xb5137000  x1=0x8651f934
        8345000	       833	8000096c	ff8bc203	lbu	x4,-8(x23)	 x23:0x80008e52  x4=0x00000000 PA:0x80008e4a
        8355000	       834	80000970	00e37cb3	and	x25,x6,x14	  x6:0x00000000 x14:0x00000001 x25=0x00000000
        8365000	       835	80000974	fe6b89a3	sb	x6,-13(x23)	 x23:0x80008e52  x6:0x00000000 PA:0x80008e45
        8375000	       836	80000978	ff0b9483	lh	x9,-16(x23)	 x23:0x80008e52  x9=0x00000000 PA:0x80008e42
        8385000	       837	8000097c	00db8a83	lb	x21,13(x23)	 x23:0x80008e52 x21=0x00000000 PA:0x80008e5f
        8395000	       838	80000980	00dbc383	lbu	x7,13(x23)	 x23:0x80008e52  x7=0x00000000 PA:0x80008e5f
        8405000	       839	80000984	fe0b8ea3	sb	x0,-3(x23)	 x23:0x80008e52  x0:0x00000000 PA:0x80008e4f
        8415000	       840	80000988	003b87a3	sb	x3,15(x23)	 x23:0x80008e52  x3:0x00000000 PA:0x80008e61
        8425000	       841	8000098c	ffbb89a3	sb	x27,-13(x23)	 x23:0x80008e52 x27:0x80009fc4 PA:0x80008e45
        8435000	       842	80000990	fe0b8fa3	sb	x0,-1(x23)	 x23:0x80008e52  x0:0x00000000 PA:0x80008e51
        8445000	       843	80000994	00da5513	srli	x10,x20,0xd	 x20:0x80009f78 x10=0x00040004
        8455000	       844	80000998	00fb8f03	lb	x30,15(x23)	 x23:0x80008e52 x30=0x00000000 PA:0x80008e61
        8465000	       845	8000099c	004b8303	lb	x6,4(x23)	 x23:0x80008e52  x6=0x00000000 PA:0x80008e56
        8475000	       846	800009a0	dbe8e013	ori	x0,x17,-578	 x17:0x00000000
        8485000	       847	800009a4	ff3b8303	lb	x6,-13(x23)	 x23:0x80008e52  x6=0xffffffc4 PA:0x80008e45
        8495000	       848	800009a8	01749e33	sll	x28,x9,x23	  x9:0x00000000 x23:0x80008e52 x28=0x00000000
        8505000	       849	800009ac	005f84b3	add	x9,x31,x5	 x31:0x00000000  x5:0xc6f0b000  x9=0xc6f0b000
        8515000	       850	800009b0	ffdbc503	lbu	x10,-3(x23)	 x23:0x80008e52 x10=0x00000000 PA:0x80008e4f
        8525000	       851	800009b4	503a0d93	addi	x27,x20,1283	 x20:0x80009f78 x27=0x8000a47b
        8535000	       852	800009b8	fe0b8e23	sb	x0,-4(x23)	 x23:0x80008e52  x0:0x00000000 PA:0x80008e4e
        8545000	       853	800009bc	feeb8ca3	sb	x14,-7(x23)	 x23:0x80008e52 x14:0x00000001 PA:0x80008e4b
        8555000	       854	800009c0	ff9b9c23	sh	x25,-8(x23)	 x23:0x80008e52 x25:0x00000000 PA:0x80008e4a
        8565000	       855	800009c4	005b8c83	lb	x25,5(x23)	 x23:0x80008e52 x25=0x00000000 PA:0x80008e57
        8575000	       856	800009c8	002b9103	lh	x2,2(x23)	 x23:0x80008e52  x2=0x00000000 PA:0x80008e54
        8585000	       857	800009cc	00008497	auipc	x9,0x8	  x9=0x800089c8
        8595000	       858	800009d0	59c48493	addi	x9,x9,1436	  x9:0x800089c8  x9=0x80008f64
        8605000	       859	800009d4	ffa49b23	sh	x26,-10(x9)	  x9:0x80008f64 x26:0x00000121 PA:0x80008f5a
        8615000	       860	800009d8	ff74ce03	lbu	x28,-9(x9)	  x9:0x80008f64 x28=0x00000001 PA:0x80008f5b
        8625000	       861	800009dc	ff648183	lb	x3,-10(x9)	  x9:0x80008f64  x3=0x00000021 PA:0x80008f5a
        8635000	       862	800009e0	98f6e213	ori	x4,x13,-1649	 x13:0x80009fc4  x4=0xffffffcf
        8645000	       863	800009e4	7d5ccc93	xori	x25,x25,2005	 x25:0x00000000 x25=0x000007d5
        8655000	       864	800009e8	00248783	lb	x15,2(x9)	  x9:0x80008f64 x15=0x00000000 PA:0x80008f66
        8665000	       865	800009ec	0194a023	sw	x25,0(x9)	  x9:0x80008f64 x25:0x000007d5 PA:0x80008f64
        8675000	       866	800009f0	ff948b23	sb	x25,-10(x9)	  x9:0x80008f64 x25:0x000007d5 PA:0x80008f5a
        8685000	       867	800009f4	0104a783	lw	x15,16(x9)	  x9:0x80008f64 x15=0x00000000 PA:0x80008f74
        8695000	       868	800009f8	0054c703	lbu	x14,5(x9)	  x9:0x80008f64 x14=0x00000000 PA:0x80008f69
        8705000	       869	800009fc	5c5daa97	auipc	x21,0x5c5da	 x21=0xdc5da9f8
        8715000	       870	80000a00	01b481a3	sb	x27,3(x9)	  x9:0x80008f64 x27:0x8000a47b PA:0x80008f67
        8725000	       871	80000a04	00148583	lb	x11,1(x9)	  x9:0x80008f64 x11=0x00000007 PA:0x80008f65
        8735000	       872	80000a08	00148e83	lb	x29,1(x9)	  x9:0x80008f64 x29=0x00000007 PA:0x80008f65
        8745000	       873	00000000	00000013	addi	x0,x0,0	  x0:0x00000000
        8755000	       874	80000a0c	011ea2b3	slt	x5,x29,x17	 x29:0x00000007 x17:0x00000000  x5=0x00000000
        8765000	       875	80000a10	00948503	lb	x10,9(x9)	  x9:0x80008f64 x10=0x00000000 PA:0x80008f6d
        8775000	       876	80000a14	012486a3	sb	x18,13(x9)	  x9:0x80008f64 x18:0x00000001 PA:0x80008f71
        8785000	       877	80000a18	01430c33	add	x24,x6,x20	  x6:0xffffffc4 x20:0x80009f78 x24=0x80009f3c
        8795000	       878	80000a1c	b6ddfc93	andi	x25,x27,-1171	 x27:0x8000a47b x25=0x8000a069
        8805000	       879	80000a20	0084ac83	lw	x25,8(x9)	  x9:0x80008f64 x25=0x00000000 PA:0x80008f6c
        8815000	       880	80000a24	008b70b3	and	x1,x22,x8	 x22:0x00000000  x8:0xb5137000  x1=0x00000000
        8825000	       881	80000a28	ff648283	lb	x5,-10(x9)	  x9:0x80008f64  x5=0xffffffd5 PA:0x80008f5a
        8835000	       882	80000a2c	fee48aa3	sb	x14,-11(x9)	  x9:0x80008f64 x14:0x00000000 PA:0x80008f59
        8845000	       883	80000a30	00c4af03	lw	x30,12(x9)	  x9:0x80008f64 x30=0x00000100 PA:0x80008f70
        8855000	       884	80000a34	9b3ae893	ori	x17,x21,-1613	 x21:0xdc5da9f8 x17=0xfffff9fb
        8865000	       885	80000a38	00e48903	lb	x18,14(x9)	  x9:0x80008f64 x18=0x00000000 PA:0x80008f72
        8875000	       886	80000a3c	0104cf03	lbu	x30,16(x9)	  x9:0x80008f64 x30=0x00000000 PA:0x80008f74
        8885000	       887	80000a40	00f4c403	lbu	x8,15(x9)	  x9:0x80008f64  x8=0x00000000 PA:0x80008f73
        8895000	       888	80000a44	ff748b03	lb	x22,-9(x9)	  x9:0x80008f64 x22=0x00000001 PA:0x80008f5b
        8905000	       889	80000a48	ff248a83	lb	x21,-14(x9)	  x9:0x80008f64 x21=0x00000000 PA:0x80008f56
        8915000	       890	80000a4c	ffd4c503	lbu	x10,-3(x9)	  x9:0x80008f64 x10=0x00000000 PA:0x80008f61
        8925000	       891	80000a50	017cd393	srli	x7,x25,0x17	 x25:0x00000000  x7=0x00000000
        8935000	       892	80000a54	fea48b23	sb	x10,-10(x9)	  x9:0x80008f64 x10:0x00000000 PA:0x80008f5a
        8945000	       893	80000a58	41cdd233	sra	x4,x27,x28	 x27:0x8000a47b x28:0x00000001  x4=0xc000523d
        8955000	       894	80000a5c	ff748003	lb	x0,-9(x9)	  x9:0x80008f64 PA:0x80008f5b
        8965000	       895	80000a60	00008117	auipc	x2,0x8	  x2=0x80008a5c
        8975000	       896	80000a64	c6810113	addi	x2,x2,-920	  x2:0x80008a5c  x2=0x800086c4
        8985000	       897	80000a68	a4873717	auipc	x14,0xa4873	 x14=0x24873a64
        8995000	       898	80000a6c	01ac6cb3	or	x25,x24,x26	 x24:0x80009f3c x26:0x00000121 x25=0x80009f3d
        9005000	       899	80000a70	09e10323	sb	x30,134(x2)	  x2:0x800086c4 x30:0x00000000 PA:0x8000874a
        9015000	       900	80000a74	016102a3	sb	x22,5(x2)	  x2:0x800086c4 x22:0x00000001 PA:0x800086c9
        9025000	       901	80000a78	01981ab3	sll	x21,x16,x25	 x16:0x954d7400 x25:0x80009f3d x21=0x00000000
        9035000	       902	80000a7c	05910283	lb	x5,89(x2)	  x2:0x800086c4  x5=0x00000000 PA:0x8000871d
        9045000	       903	80000a80	f3b14783	lbu	x15,-197(x2)	  x2:0x800086c4 x15=0x00000000 PA:0x800085ff
        9055000	       904	80000a84	062106a3	sb	x2,109(x2)	  x2:0x800086c4  x2:0x800086c4 PA:0x80008731
        9065000	       905	80000a88	f9d14483	lbu	x9,-99(x2)	  x2:0x800086c4  x9=0x00000000 PA:0x80008661
        9075000	       906	80000a8c	44ea0f13	addi	x30,x20,1102	 x20:0x80009f78 x30=0x8000a3c6
        9085000	       907	80000a90	019eb233	sltu	x4,x29,x25	 x29:0x00000007 x25:0x80009f3d  x4=0x00000001
        9095000	       908	80000a94	0a710483	lb	x9,167(x2)	  x2:0x800086c4  x9=0x00000000 PA:0x8000876b
        9105000	       909	80000a98	36f97593	andi	x11,x18,879	 x18:0x00000000 x11=0x00000000
        9115000	       910	80000a9c	f5910203	lb	x4,-167(x2)	  x2:0x800086c4  x4=0x00000000 PA:0x8000861d
        9125000	       911	80000aa0	24a12213	slti	x4,x2,586	  x2:0x800086c4  x4=0x00000001
        9135000	       912	80000aa4	f7810aa3	sb	x24,-139(x2)	  x2:0x800086c4 x24:0x80009f3c PA:0x80008639
        9145000	       913	80000aa8	05f10ba3	sb	x31,87(x2)	  x2:0x800086c4 x31:0x00000000 PA:0x8000871b
        9155000	       914	80000aac	4794f893	andi	x17,x9,1145	  x9:0x00000000 x17=0x00000000
        9165000	       915	80000ab0	f4f10803	lb	x16,-177(x2)	  x2:0x800086c4 x16=0x00000000 PA:0x80008613
        9175000	       916	80000ab4	00ade4b3	or	x9,x27,x10	 x27:0x8000a47b x10:0x00000000  x9=0x8000a47b
        9185000	       917	80000ab8	77477193	andi	x3,x14,1908	 x14:0x24873a64  x3=0x00000264
        9195000	       918	80000abc	08b100a3	sb	x11,129(x2)	  x2:0x800086c4 x11:0x00000000 PA:0x80008745
        9205000	       919	80000ac0	e62bad13	slti	x26,x23,-414	 x23:0x80008e52 x26=0x00000001
        9215000	       920	80000ac4	007fbcb3	sltu	x25,x31,x7	 x31:0x00000000  x7:0x00000000 x25=0x00000000
        9225000	       921	80000ac8	4025d2b3	sra	x5,x11,x2	 x11:0x00000000  x2:0x800086c4  x5=0x00000000
        9235000	       922	80000acc	fb211f83	lh	x31,-78(x2)	  x2:0x800086c4 x31=0x00000000 PA:0x80008676
        9245000	       923	80000ad0	02c107a3	sb	x12,47(x2)	  x2:0x800086c4 x12:0x00000000 PA:0x800086f3
        9255000	       924	80000ad4	f4215d03	lhu	x26,-190(x2)	  x2:0x800086c4 x26=0x00000000 PA:0x80008606
        9265000	       925	80000ad8	f6910c03	lb	x24,-151(x2)	  x2:0x800086c4 x24=0x00000000 PA:0x8000862d
        9275000	       926	80000adc	01761233	sll	x4,x12,x23	 x12:0x00000000 x23:0x80008e52  x4=0x00000000
        9285000	       927	80000ae0	0f311323	sh	x19,230(x2)	  x2:0x800086c4 x19:0x00000000 PA:0x800087aa
        9295000	       928	80000ae4	f4d10b03	lb	x22,-179(x2)	  x2:0x800086c4 x22=0x00000000 PA:0x80008611
        9305000	       929	80000ae8	010a6833	or	x16,x20,x16	 x20:0x80009f78 x16:0x00000000 x16=0x80009f78
        9315000	       930	80000aec	f5410d83	lb	x27,-172(x2)	  x2:0x800086c4 x27=0x00000000 PA:0x80008618
        9325000	       931	80000af0	cce80213	addi	x4,x16,-818	 x16:0x80009f78  x4=0x80009c46
        9335000	       932	80000af4	fda102a3	sb	x26,-59(x2)	  x2:0x800086c4 x26:0x00000000 PA:0x80008689
        9345000	       933	80000af8	00a8f1b3	and	x3,x17,x10	 x17:0x00000000 x10:0x00000000  x3=0x00000000
        9355000	       934	80000afc	01f43633	sltu	x12,x8,x31	  x8:0x00000000 x31:0x00000000 x12=0x00000000
        9365000	       935	80000b00	fa1102a3	sb	x1,-91(x2)	  x2:0x800086c4  x1:0x00000000 PA:0x80008669
        9375000	       936	80000b04	08a1f317	auipc	x6,0x8a1f	  x6=0x88a1fb00
        9385000	       937	80000b08	0a314d03	lbu	x26,163(x2)	  x2:0x800086c4 x26=0x00000000 PA:0x80008767
        9395000	       938	80000b0c	a0760237	lui	x4,0xa0760	  x4=0xa0760000
        9405000	       939	80000b10	00000013	addi	x0,x0,0	  x0:0x00000000
        9415000	       940	80000b14	f16b8093	addi	x1,x23,-234	 x23:0x80008e52  x1=0x80008d68
        9425000	       941	80000b18	0066a2b3	slt	x5,x13,x6	 x13:0x80009fc4  x6:0x88a1fb00  x5=0x00000001
        9435000	       942	80000b1c	4d603c13	sltiu	x24,x0,1238	  x0:0x00000000 x24=0x00000001
        9445000	       943	80000b20	c5db6893	ori	x17,x22,-931	 x22:0x00000000 x17=0xfffffc5d
        9455000	       944	80000b24	f8510083	lb	x1,-123(x2)	  x2:0x800086c4  x1=0x00000000 PA:0x80008649
        9465000	       945	00000000	00000013	addi	x0,x0,0	  x0:0x00000000
        9475000	       946	80000b28	00008517	auipc	x10,0x8	 x10=0x80008b24
        9485000	       947	80000b2c	93550513	addi	x10,x10,-1739	 x10:0x80008b24 x10=0x80008459
        9495000	       948	80000b30	f3d511a3	sh	x29,-221(x10)	 x10:0x80008459 x29:0x00000007 PA:0x8000837c
        9505000	       949	80000b34	00008097	auipc	x1,0x8	  x1=0x80008b30
        9515000	       950	80000b38	8d208093	addi	x1,x1,-1838	  x1:0x80008b30  x1=0x80008402
        9525000	       951	80000b3c	f6254b83	lbu	x23,-158(x10)	 x10:0x80008459 x23=0x00000000 PA:0x800083bb
        9535000	       952	80000b40	f9151483	lh	x9,-111(x10)	 x10:0x80008459  x9=0x00000000 PA:0x800083ea
        9545000	       953	80000b44	00008b17	auipc	x22,0x8	 x22=0x80008b40
        9555000	       954	80000b48	8bdb0b13	addi	x22,x22,-1859	 x22:0x80008b40 x22=0x800083fd
        9565000	       955	80000b4c	fd609783	lh	x15,-42(x1)	  x1:0x80008402 x15=0x00000000 PA:0x800083d8
        9575000	       956	80000b50	0f254003	lbu	x0,242(x10)	 x10:0x80008459 PA:0x8000854b
        9585000	       957	80000b54	fefb0823	sb	x15,-16(x22)	 x22:0x800083fd x15:0x00000000 PA:0x800083ed
        9595000	       958	80000b58	ff2b0603	lb	x12,-14(x22)	 x22:0x800083fd x12=0x00000000 PA:0x800083ef
        9605000	       959	80000b5c	00007d97	auipc	x27,0x7	 x27=0x80007b58
        9615000	       960	80000b60	6e9d8d93	addi	x27,x27,1769	 x27:0x80007b58 x27=0x80008241
        9625000	       961	80000b64	0fb50783	lb	x15,251(x10)	 x10:0x80008459 x15=0x00000000 PA:0x80008554
        9635000	       962	80000b68	fe8b1da3	sh	x8,-5(x22)	 x22:0x800083fd  x8:0x00000000 PA:0x800083f8
        9645000	       963	80000b6c	03f08ca3	sb	x31,57(x1)	  x1:0x80008402 x31:0x00000000 PA:0x8000843b
        9655000	       964	80000b70	ff20cb83	lbu	x23,-14(x1)	  x1:0x80008402 x23=0x00000000 PA:0x800083f4
        9665000	       965	80000b74	0120a783	lw	x15,18(x1)	  x1:0x80008402 x15=0x00630000 PA:0x80008414
        9675000	       966	80000b78	56edc403	lbu	x8,1390(x27)	 x27:0x80008241  x8=0x00000000 PA:0x800087af
        9685000	       967	80000b7c	1f8dc903	lbu	x18,504(x27)	 x27:0x80008241 x18=0x00000000 PA:0x80008439
        9695000	       968	80000b80	0360cc03	lbu	x24,54(x1)	  x1:0x80008402 x24=0x00000000 PA:0x80008438
        9705000	       969	80000b84	00cb0223	sb	x12,4(x22)	 x22:0x800083fd x12:0x00000000 PA:0x80008401
        9715000	       970	80000b88	01d50103	lb	x2,29(x10)	 x10:0x80008459  x2=0xffffffc4 PA:0x80008476
        9725000	       971	80000b8c	00fb0e83	lb	x29,15(x22)	 x22:0x800083fd x29=0x00000000 PA:0x8000840c
        9735000	       972	80000b90	fde09e83	lh	x29,-34(x1)	  x1:0x80008402 x29=0x00000000 PA:0x800083e0
        9745000	       973	80000b94	ff6b4203	lbu	x4,-10(x22)	 x22:0x800083fd  x4=0x00000000 PA:0x800083f3
        9755000	       974	80000b98	fec54c83	lbu	x25,-20(x10)	 x10:0x80008459 x25=0x00000000 PA:0x80008445
        9765000	       975	80000b9c	3edd94a3	sh	x13,1001(x27)	 x27:0x80008241 x13:0x80009fc4 PA:0x8000862a
        9775000	       976	80000ba0	07450f23	sb	x20,126(x10)	 x10:0x80008459 x20:0x80009f78 PA:0x800084d7
        9785000	       977	80000ba4	0e955f03	lhu	x30,233(x10)	 x10:0x80008459 x30=0x00000000 PA:0x80008542
        9795000	       978	80000ba8	424d8403	lb	x8,1060(x27)	 x27:0x80008241  x8=0x00000000 PA:0x80008665
        9805000	       979	80000bac	00eb4e83	lbu	x29,14(x22)	 x22:0x800083fd x29=0x00000000 PA:0x8000840b
        9815000	       980	80000bb0	19cd8003	lb	x0,412(x27)	 x27:0x80008241 PA:0x800083dd
        9825000	       981	80000bb4	00d08583	lb	x11,13(x1)	  x1:0x80008402 x11=0x00000000 PA:0x8000840f
        9835000	       982	80000bb8	ff0b0d23	sb	x16,-6(x22)	 x22:0x800083fd x16:0x80009f78 PA:0x800083f7
        9845000	       983	80000bbc	04008783	lb	x15,64(x1)	  x1:0x80008402 x15=0x00000000 PA:0x80008442
        9855000	       984	80000bc0	e89d8803	lb	x16,-375(x27)	 x27:0x80008241 x16=0x00000000 PA:0x800080ca
        9865000	       985	80000bc4	11ddd603	lhu	x12,285(x27)	 x27:0x80008241 x12=0x00000000 PA:0x8000835e
        9875000	       986	80000bc8	fe9b1da3	sh	x9,-5(x22)	 x22:0x800083fd  x9:0x00000000 PA:0x800083f8
        9885000	       987	80000bcc	00008297	auipc	x5,0x8	  x5=0x80008bc8
        9895000	       988	80000bd0	c1828293	addi	x5,x5,-1000	  x5:0x80008bc8  x5=0x800087e0
        9905000	       989	80000bd4	00007c17	auipc	x24,0x7	 x24=0x80007bd0
        9915000	       990	80000bd8	72dc0c13	addi	x24,x24,1837	 x24:0x80007bd0 x24=0x800082fd
        9925000	       991	80000bdc	00007797	auipc	x15,0x7	 x15=0x80007bd8
        9935000	       992	80000be0	58678793	addi	x15,x15,1414	 x15:0x80007bd8 x15=0x8000815e
        9945000	       993	80000be4	f1a29003	lh	x0,-230(x5)	  x5:0x800087e0 PA:0x800086fa
        9955000	       994	80000be8	00007817	auipc	x16,0x7	 x16=0x80007be4
        9965000	       995	80000bec	65780813	addi	x16,x16,1623	 x16:0x80007be4 x16=0x8000823b
        9975000	       996	80000bf0	58f80203	lb	x4,1423(x16)	 x16:0x8000823b  x4=0x00000000 PA:0x800087ca
        9985000	       997	80000bf4	010c16a3	sh	x16,13(x24)	 x24:0x800082fd x16:0x8000823b PA:0x8000830a
        9995000	       998	80000bf8	fe2c0c83	lb	x25,-30(x24)	 x24:0x800082fd x25=0x00000000 PA:0x800082df
       10005000	       999	80000bfc	fbd84083	lbu	x1,-67(x16)	 x16:0x8000823b  x1=0x00000000 PA:0x800081f8
       10015000	      1000	80000c00	ac32aa23	sw	x3,-1324(x5)	  x5:0x800087e0  x3:0x00000000 PA:0x800082b4
       10025000	      1001	80000c04	fff7cf03	lbu	x30,-1(x15)	 x15:0x8000815e x30=0x00000000 PA:0x8000815d
       10035000	      1002	80000c08	00008497	auipc	x9,0x8	  x9=0x80008c04
       10045000	      1003	80000c0c	b1348493	addi	x9,x9,-1261	  x9:0x80008c04  x9=0x80008717
       10055000	      1004	80000c10	de02c503	lbu	x10,-544(x5)	  x5:0x800087e0 x10=0x00000000 PA:0x800085c0
       10065000	      1005	80000c14	03678f03	lb	x30,54(x15)	 x15:0x8000815e x30=0x00000000 PA:0x80008194
       10075000	      1006	80000c18	325824a3	sw	x5,809(x16)	 x16:0x8000823b  x5:0x800087e0 PA:0x80008564
       10085000	      1007	80000c1c	fe8784a3	sb	x8,-23(x15)	 x15:0x8000815e  x8:0x00000000 PA:0x80008147
       10095000	      1008	80000c20	0cc84d03	lbu	x26,204(x16)	 x16:0x8000823b x26=0x00000000 PA:0x80008307
       10105000	      1009	80000c24	02748d83	lb	x27,39(x9)	  x9:0x80008717 x27=0x00000000 PA:0x8000873e
       10115000	      1010	80000c28	4a682aa3	sw	x6,1205(x16)	 x16:0x8000823b  x6:0x88a1fb00 PA:0x800086f0
       10125000	      1011	80000c2c	9f5285a3	sb	x21,-1557(x5)	  x5:0x800087e0 x21:0x00000000 PA:0x800081cb
       10135000	      1012	80000c30	ff848b23	sb	x24,-10(x9)	  x9:0x80008717 x24:0x800082fd PA:0x8000870d
       10145000	      1013	80000c34	1b380f23	sb	x19,446(x16)	 x16:0x8000823b x19:0x00000000 PA:0x800083f9
       10155000	      1014	80000c38	51e81aa3	sh	x30,1301(x16)	 x16:0x8000823b x30:0x00000000 PA:0x80008750
       10165000	      1015	80000c3c	fe47c383	lbu	x7,-28(x15)	 x15:0x8000815e  x7=0x00000000 PA:0x80008142
       10175000	      1016	80000c40	01778883	lb	x17,23(x15)	 x15:0x8000815e x17=0x00000000 PA:0x80008175
       10185000	      1017	80000c44	fcdc5083	lhu	x1,-51(x24)	 x24:0x800082fd  x1=0x00000000 PA:0x800082ca
       10195000	      1018	80000c48	fe0c0a83	lb	x21,-32(x24)	 x24:0x800082fd x21=0x00000000 PA:0x800082dd
       10205000	      1019	80000c4c	fe748903	lb	x18,-25(x9)	  x9:0x80008717 x18=0x00000000 PA:0x800086fe
       10215000	      1020	80000c50	bc128183	lb	x3,-1087(x5)	  x5:0x800087e0  x3=0x00000000 PA:0x800083a1
       10225000	      1021	80000c54	039c4703	lbu	x14,57(x24)	 x24:0x800082fd x14=0x00000000 PA:0x80008336
       10235000	      1022	80000c58	38f80103	lb	x2,911(x16)	 x16:0x8000823b  x2=0x00000000 PA:0x800085ca
       10245000	      1023	80000c5c	ffc78723	sb	x28,-18(x15)	 x15:0x8000815e x28:0x00000001 PA:0x8000814c
       10255000	      1024	80000c60	91a289a3	sb	x26,-1773(x5)	  x5:0x800087e0 x26:0x00000000 PA:0x800080f3
       10265000	      1025	80000c64	fc0c4583	lbu	x11,-64(x24)	 x24:0x800082fd x11=0x00000000 PA:0x800082bd
       10275000	      1026	80000c68	ffb29523	sh	x27,-22(x5)	  x5:0x800087e0 x27:0x00000000 PA:0x800087ca
       10285000	      1027	80000c6c	02dc4503	lbu	x10,45(x24)	 x24:0x800082fd x10=0x00000000 PA:0x8000832a
       10295000	      1028	80000c70	ff14a583	lw	x11,-15(x9)	  x9:0x80008717 x11=0x00000000 PA:0x80008708
       10305000	      1029	80000c74	0c780423	sb	x7,200(x16)	 x16:0x8000823b  x7:0x00000000 PA:0x80008303
       10315000	      1030	80000c78	01385c83	lhu	x25,19(x16)	 x16:0x8000823b x25=0x00000000 PA:0x8000824e
       10325000	      1031	80000c7c	0014de83	lhu	x29,1(x9)	  x9:0x80008717 x29=0x00000000 PA:0x80008718
       10335000	      1032	80000c80	019492a3	sh	x25,5(x9)	  x9:0x80008717 x25:0x00000000 PA:0x8000871c
       10345000	      1033	80000c84	00ac4003	lbu	x0,10(x24)	 x24:0x800082fd PA:0x80008307
       10355000	      1034	80000c88	d8228183	lb	x3,-638(x5)	  x5:0x800087e0  x3=0x00000000 PA:0x80008562
       10365000	      1035	80000c8c	00007b17	auipc	x22,0x7	 x22=0x80007c88
       10375000	      1036	80000c90	3f3b0b13	addi	x22,x22,1011	 x22:0x80007c88 x22=0x8000807b
       10385000	      1037	80000c94	00008397	auipc	x7,0x8	  x7=0x80008c90
       10395000	      1038	80000c98	9fd38393	addi	x7,x7,-1539	  x7:0x80008c90  x7=0x8000868d
       10405000	      1039	80000c9c	ff9b2283	lw	x5,-7(x22)	 x22:0x8000807b  x5=0x00000000 PA:0x80008074
       10415000	      1040	80000ca0	e55397a3	sh	x21,-433(x7)	  x7:0x8000868d x21:0x00000000 PA:0x800084dc
       10425000	      1041	80000ca4	002b4203	lbu	x4,2(x22)	 x22:0x8000807b  x4=0x00000000 PA:0x8000807d
       10435000	      1042	80000ca8	ffdb1203	lh	x4,-3(x22)	 x22:0x8000807b  x4=0x00000000 PA:0x80008078
       10445000	      1043	80000cac	dd438c83	lb	x25,-556(x7)	  x7:0x8000868d x25=0x00000000 PA:0x80008461
       10455000	      1044	80000cb0	00eb0123	sb	x14,2(x22)	 x22:0x8000807b x14:0x00000000 PA:0x8000807d
       10465000	      1045	80000cb4	c003ce83	lbu	x29,-1024(x7)	  x7:0x8000868d x29=0x00000000 PA:0x8000828d
       10475000	      1046	80000cb8	00cb0503	lb	x10,12(x22)	 x22:0x8000807b x10=0x00000000 PA:0x80008087
       10485000	      1047	80000cbc	009b0623	sb	x9,12(x22)	 x22:0x8000807b  x9:0x80008717 PA:0x80008087
       10495000	      1048	80000cc0	007b0503	lb	x10,7(x22)	 x22:0x8000807b x10=0x00000000 PA:0x80008082
       10505000	      1049	80000cc4	bac38f23	sb	x12,-1090(x7)	  x7:0x8000868d x12:0x00000000 PA:0x8000824b
       10515000	      1050	80000cc8	10c3ada3	sw	x12,283(x7)	  x7:0x8000868d x12:0x00000000 PA:0x800087a8
       10525000	      1051	80000ccc	00eb4f83	lbu	x31,14(x22)	 x22:0x8000807b x31=0x00000000 PA:0x80008089
       10535000	      1052	80000cd0	ed8388a3	sb	x24,-303(x7)	  x7:0x8000868d x24:0x800082fd PA:0x8000855e
       10545000	      1053	80000cd4	017b0323	sb	x23,6(x22)	 x22:0x8000807b x23:0x00000000 PA:0x80008081
       10555000	      1054	80000cd8	a30399a3	sh	x16,-1485(x7)	  x7:0x8000868d x16:0x8000823b PA:0x800080c0
       10565000	      1055	80000cdc	faf39e03	lh	x28,-81(x7)	  x7:0x8000868d x28=0x00000000 PA:0x8000863c
       10575000	      1056	80000ce0	00eb4e03	lbu	x28,14(x22)	 x22:0x8000807b x28=0x00000000 PA:0x80008089
       10585000	      1057	80000ce4	00008d17	auipc	x26,0x8	 x26=0x80008ce0
       10595000	      1058	80000ce8	df5d0d13	addi	x26,x26,-523	 x26:0x80008ce0 x26=0x80008ad5
       10605000	      1059	80000cec	017d0783	lb	x15,23(x26)	 x26:0x80008ad5 x15=0x00000000 PA:0x80008aec
       10615000	      1060	80000cf0	fced0f03	lb	x30,-50(x26)	 x26:0x80008ad5 x30=0x00000000 PA:0x80008aa3
       10625000	      1061	80000cf4	0eed0223	sb	x14,228(x26)	 x26:0x80008ad5 x14:0x00000000 PA:0x80008bb9
       10635000	      1062	80000cf8	0f7d0223	sb	x23,228(x26)	 x26:0x80008ad5 x23:0x00000000 PA:0x80008bb9
       10645000	      1063	80000cfc	f4ad0703	lb	x14,-182(x26)	 x26:0x80008ad5 x14=0x00000000 PA:0x80008a1f
       10655000	      1064	80000d00	f5dd0523	sb	x29,-182(x26)	 x26:0x80008ad5 x29:0x00000000 PA:0x80008a1f
       10665000	      1065	80000d04	f4ad0303	lb	x6,-182(x26)	 x26:0x80008ad5  x6=0x00000000 PA:0x80008a1f
       10675000	      1066	80000d08	00ebd813	srli	x16,x23,0xe	 x23:0x00000000 x16=0x00000000
       10685000	      1067	80000d0c	f71d5503	lhu	x10,-143(x26)	 x26:0x80008ad5 x10=0x00000000 PA:0x80008a46
       10695000	      1068	80000d10	f71d4403	lbu	x8,-143(x26)	 x26:0x80008ad5  x8=0x00000000 PA:0x80008a46
       10705000	      1069	80000d14	f60d18a3	sh	x0,-143(x26)	 x26:0x80008ad5  x0:0x00000000 PA:0x80008a46
       10715000	      1070	80000d18	f71d5f83	lhu	x31,-143(x26)	 x26:0x80008ad5 x31=0x00000000 PA:0x80008a46
       10725000	      1071	80000d1c	f71d1103	lh	x2,-143(x26)	 x26:0x80008ad5  x2=0x00000000 PA:0x80008a46
       10735000	      1072	80000d20	016d0f03	lb	x30,22(x26)	 x26:0x80008ad5 x30=0x00000000 PA:0x80008aeb
       10745000	      1073	80000d24	ff0d0c23	sb	x16,-8(x26)	 x26:0x80008ad5 x16:0x00000000 PA:0x80008acd
       10755000	      1074	80000d28	00008b97	auipc	x23,0x8	 x23=0x80008d24
       10765000	      1075	80000d2c	b09b8b93	addi	x23,x23,-1271	 x23:0x80008d24 x23=0x8000882d
       10775000	      1076	80000d30	401200b3	sub	x1,x4,x1	  x4:0x00000000  x1:0x00000000  x1=0x00000000
       10785000	      1077	80000d34	fbecb593	sltiu	x11,x25,-66	 x25:0x00000000 x11=0x00000001
       10795000	      1078	80000d38	0a2b8fa3	sb	x2,191(x23)	 x23:0x8000882d  x2:0x00000000 PA:0x800088ec
       10805000	      1079	80000d3c	41935133	sra	x2,x6,x25	  x6:0x00000000 x25:0x00000000  x2=0x00000000
       10815000	      1080	80000d40	0abba9a3	sw	x11,179(x23)	 x23:0x8000882d x11:0x00000001 PA:0x800088e0
       10825000	      1081	80000d44	056b8e83	lb	x29,86(x23)	 x23:0x8000882d x29=0x00000000 PA:0x80008883
       10835000	      1082	80000d48	00e818b3	sll	x17,x16,x14	 x16:0x00000000 x14:0x00000000 x17=0x00000000
       10845000	      1083	80000d4c	0dbbaf83	lw	x31,219(x23)	 x23:0x8000882d x31=0x00000000 PA:0x80008908
       10855000	      1084	80000d50	0026f0b3	and	x1,x13,x2	 x13:0x80009fc4  x2:0x00000000  x1=0x00000000
       10865000	      1085	80000d54	4e8105b7	lui	x11,0x4e810	 x11=0x4e810000
       10875000	      1086	80000d58	009b8783	lb	x15,9(x23)	 x23:0x8000882d x15=0x00000000 PA:0x80008836
       10885000	      1087	80000d5c	027b8d03	lb	x26,39(x23)	 x23:0x8000882d x26=0x00000000 PA:0x80008854
       10895000	      1088	80000d60	40a54593	xori	x11,x10,1034	 x10:0x00000000 x11=0x0000040a
       10905000	      1089	80000d64	0e6bc183	lbu	x3,230(x23)	 x23:0x8000882d  x3=0x00000000 PA:0x80008913
       10915000	      1090	80000d68	0cbba303	lw	x6,203(x23)	 x23:0x8000882d  x6=0x00000000 PA:0x800088f8
       10925000	      1091	80000d6c	0bdb8d83	lb	x27,189(x23)	 x23:0x8000882d x27=0x00000000 PA:0x800088ea
       10935000	      1092	80000d70	0ddb98a3	sh	x29,209(x23)	 x23:0x8000882d x29:0x00000000 PA:0x800088fe
       10945000	      1093	80000d74	0a2b8d83	lb	x27,162(x23)	 x23:0x8000882d x27=0x00000000 PA:0x800088cf
       10955000	      1094	80000d78	030ba7a3	sw	x16,47(x23)	 x23:0x8000882d x16:0x00000000 PA:0x8000885c
       10965000	      1095	80000d7c	01388613	addi	x12,x17,19	 x17:0x00000000 x12=0x00000013
       10975000	      1096	80000d80	043b8223	sb	x3,68(x23)	 x23:0x8000882d  x3:0x00000000 PA:0x80008871
       10985000	      1097	80000d84	042bc783	lbu	x15,66(x23)	 x23:0x8000882d x15=0x00000000 PA:0x8000886f
       10995000	      1098	00000000	00000013	addi	x0,x0,0	  x0:0x00000000
       11005000	      1099	80000d88	0afbd083	lhu	x1,175(x23)	 x23:0x8000882d  x1=0x00000000 PA:0x800088dc
       11015000	      1100	80000d8c	047bd303	lhu	x6,71(x23)	 x23:0x8000882d  x6=0x00000000 PA:0x80008874
       11025000	      1101	80000d90	065bd483	lhu	x9,101(x23)	 x23:0x8000882d  x9=0x00000000 PA:0x80008892
       11035000	      1102	80000d94	0ffbd803	lhu	x16,255(x23)	 x23:0x8000882d x16=0x00000000 PA:0x8000892c
       11045000	      1103	80000d98	0dcbc583	lbu	x11,220(x23)	 x23:0x8000882d x11=0x00000000 PA:0x80008909
       11055000	      1104	80000d9c	405a6593	ori	x11,x20,1029	 x20:0x80009f78 x11=0x80009f7d
       11065000	      1105	80000da0	01dc2933	slt	x18,x24,x29	 x24:0x800082fd x29:0x00000000 x18=0x00000001
       11075000	      1106	80000da4	056bc083	lbu	x1,86(x23)	 x23:0x8000882d  x1=0x00000000 PA:0x80008883
       11085000	      1107	00000000	00000013	addi	x0,x0,0	  x0:0x00000000
       11095000	      1108	80000da8	4060d913	srai	x18,x1,0x6	  x1:0x00000000 x18=0x00000000
       11105000	      1109	80000dac	012223b3	slt	x7,x4,x18	  x4:0x00000000 x18:0x00000000  x7=0x00000000
       11115000	      1110	80000db0	029b8783	lb	x15,41(x23)	 x23:0x8000882d x15=0x00000000 PA:0x80008856
       11125000	      1111	80000db4	feeb8c03	lb	x24,-18(x23)	 x23:0x8000882d x24=0x00000000 PA:0x8000881b
       11135000	      1112	80000db8	00007b97	auipc	x23,0x7	 x23=0x80007db4
       11145000	      1113	80000dbc	309b8b93	addi	x23,x23,777	 x23:0x80007db4 x23=0x800080bd
       11155000	      1114	80000dc0	03abcd83	lbu	x27,58(x23)	 x23:0x800080bd x27=0x00000000 PA:0x800080f7
       11165000	      1115	80000dc4	28f58093	addi	x1,x11,655	 x11:0x80009f7d  x1=0x8000a20c
       11175000	      1116	80000dc8	02cb8ca3	sb	x12,57(x23)	 x23:0x800080bd x12:0x00000013 PA:0x800080f6
       11185000	      1117	80000dcc	4c7d4397	auipc	x7,0x4c7d4	  x7=0xcc7d4dc8
       11195000	      1118	80000dd0	010160b3	or	x1,x2,x16	  x2:0x00000000 x16:0x00000000  x1=0x00000000
       11205000	      1119	80000dd4	fc3b8c83	lb	x25,-61(x23)	 x23:0x800080bd x25=0x00000000 PA:0x80008080
       11215000	      1120	80000dd8	02db8623	sb	x13,44(x23)	 x23:0x800080bd x13:0x80009fc4 PA:0x800080e9
       11225000	      1121	80000ddc	fd7b9f03	lh	x30,-41(x23)	 x23:0x800080bd x30=0x00000000 PA:0x80008094
       11235000	      1122	80000de0	fc9b9903	lh	x18,-55(x23)	 x23:0x800080bd x18=0x00001700 PA:0x80008086
       11245000	      1123	80000de4	39547813	andi	x16,x8,917	  x8:0x00000000 x16=0x00000000
       11255000	      1124	80000de8	00bb8d23	sb	x11,26(x23)	 x23:0x800080bd x11:0x80009f7d PA:0x800080d7
       11265000	      1125	80000dec	0100aeb3	slt	x29,x1,x16	  x1:0x00000000 x16:0x00000000 x29=0x00000000
       11275000	      1126	80000df0	022b8223	sb	x2,36(x23)	 x23:0x800080bd  x2:0x00000000 PA:0x800080e1
       11285000	      1127	80000df4	009b9283	lh	x5,9(x23)	 x23:0x800080bd  x5=0x00007400 PA:0x800080c6
       11295000	      1128	80000df8	01bded33	or	x26,x27,x27	 x27:0x00000000 x27:0x00000000 x26=0x00000000
       11305000	      1129	80000dfc	008d82b3	add	x5,x27,x8	 x27:0x00000000  x8:0x00000000  x5=0x00000000
       11315000	      1130	80000e00	ffab8123	sb	x26,-30(x23)	 x23:0x800080bd x26:0x00000000 PA:0x8000809f
       11325000	      1131	80000e04	03aba7a3	sw	x26,47(x23)	 x23:0x800080bd x26:0x00000000 PA:0x800080ec
       11335000	      1132	80000e08	036b8423	sb	x22,40(x23)	 x23:0x800080bd x22:0x8000807b PA:0x800080e5
       11345000	      1133	80000e0c	fd4b8d03	lb	x26,-44(x23)	 x23:0x800080bd x26=0x00000000 PA:0x80008091
       11355000	      1134	80000e10	00c1a0b3	slt	x1,x3,x12	  x3:0x00000000 x12:0x00000013  x1=0x00000001
       11365000	      1135	80000e14	fdfb8123	sb	x31,-62(x23)	 x23:0x800080bd x31:0x00000000 PA:0x8000807f
       11375000	      1136	80000e18	0c428e13	addi	x28,x5,196	  x5:0x00000000 x28=0x000000c4
       11385000	      1137	80000e1c	0054db33	srl	x22,x9,x5	  x9:0x00000000  x5:0x00000000 x22=0x00000000
       11395000	      1138	80000e20	026bc783	lbu	x15,38(x23)	 x23:0x800080bd x15=0x00000000 PA:0x800080e3
       11405000	      1139	80000e24	ffcb97a3	sh	x28,-17(x23)	 x23:0x800080bd x28:0x000000c4 PA:0x800080ac
       11415000	      1140	80000e28	01abc203	lbu	x4,26(x23)	 x23:0x800080bd  x4=0x0000007d PA:0x800080d7
       11425000	      1141	80000e2c	036b8d03	lb	x26,54(x23)	 x23:0x800080bd x26=0x00000000 PA:0x800080f3
       11435000	      1142	80000e30	009c42b3	xor	x5,x24,x9	 x24:0x00000000  x9:0x00000000  x5=0x00000000
       11445000	      1143	80000e34	02eb8283	lb	x5,46(x23)	 x23:0x800080bd  x5=0x00000000 PA:0x800080eb
       11455000	      1144	80000e38	00000013	addi	x0,x0,0	  x0:0x00000000
       11465000	      1145	80000e3c	fc9b8403	lb	x8,-55(x23)	 x23:0x800080bd  x8=0x00000000 PA:0x80008086
       11475000	      1146	80000e40	40e75ab3	sra	x21,x14,x14	 x14:0x00000000 x14:0x00000000 x21=0x00000000
       11485000	      1147	80000e44	0023d393	srli	x7,x7,0x2	  x7:0xcc7d4dc8  x7=0x331f5372
       11495000	      1148	80000e48	019b9483	lh	x9,25(x23)	 x23:0x800080bd  x9=0x00007d00 PA:0x800080d6
       11505000	      1149	80000e4c	02cbc583	lbu	x11,44(x23)	 x23:0x800080bd x11=0x000000c4 PA:0x800080e9
       11515000	      1150	80000e50	804efb13	andi	x22,x29,-2044	 x29:0x00000000 x22=0x00000000
       11525000	      1151	80000e54	e1af3813	sltiu	x16,x30,-486	 x30:0x00000000 x16=0x00000001
       11535000	      1152	80000e58	002bc383	lbu	x7,2(x23)	 x23:0x800080bd  x7=0x00000000 PA:0x800080bf
       11545000	      1153	80000e5c	02abc603	lbu	x12,42(x23)	 x23:0x800080bd x12=0x00000000 PA:0x800080e7
       11555000	      1154	80000e60	01bf08b3	add	x17,x30,x27	 x30:0x00000000 x27:0x00000000 x17=0x00000000
       11565000	      1155	80000e64	01fbc903	lbu	x18,31(x23)	 x23:0x800080bd x18=0x00000000 PA:0x800080dc
       11575000	      1156	80000e68	fcbb84a3	sb	x11,-55(x23)	 x23:0x800080bd x11:0x000000c4 PA:0x80008086
       11585000	      1157	80000e6c	01107833	and	x16,x0,x17	  x0:0x00000000 x17:0x00000000 x16=0x00000000
       11595000	      1158	80000e70	fc6bcb03	lbu	x22,-58(x23)	 x23:0x800080bd x22=0x00000000 PA:0x80008083
       11605000	      1159	80000e74	00007e17	auipc	x28,0x7	 x28=0x80007e70
       11615000	      1160	80000e78	36ce0e13	addi	x28,x28,876	 x28:0x80007e70 x28=0x800081dc
       11625000	      1161	80000e7c	00007b17	auipc	x22,0x7	 x22=0x80007e78
       11635000	      1162	80000e80	2c9b0b13	addi	x22,x22,713	 x22:0x80007e78 x22=0x80008141
       11645000	      1163	80000e84	00007197	auipc	x3,0x7	  x3=0x80007e80
       11655000	      1164	80000e88	53718193	addi	x3,x3,1335	  x3:0x80007e80  x3=0x800083b7
       11665000	      1165	80000e8c	016e5483	lhu	x9,22(x28)	 x28:0x800081dc  x9=0x00000000 PA:0x800081f2
       11675000	      1166	80000e90	f84b0623	sb	x4,-116(x22)	 x22:0x80008141  x4:0x0000007d PA:0x800080cd
       11685000	      1167	80000e94	00007517	auipc	x10,0x7	 x10=0x80007e90
       11695000	      1168	80000e98	53050513	addi	x10,x10,1328	 x10:0x80007e90 x10=0x800083c0
       11705000	      1169	80000e9c	d2c18423	sb	x12,-728(x3)	  x3:0x800083b7 x12:0x00000000 PA:0x800080df
       11715000	      1170	80000ea0	01fe0c83	lb	x25,31(x28)	 x28:0x800081dc x25=0x00000000 PA:0x800081fb
       11725000	      1171	00000000	00000013	addi	x0,x0,0	  x0:0x00000000
       11735000	      1172	80000ea4	079b0703	lb	x14,121(x22)	 x22:0x80008141 x14=0x00000000 PA:0x800081ba
       11745000	      1173	80000ea8	f60b4a83	lbu	x21,-160(x22)	 x22:0x80008141 x21=0x00000000 PA:0x800080a1
       11755000	      1174	80000eac	3d750d03	lb	x26,983(x10)	 x10:0x800083c0 x26=0x00000000 PA:0x80008797
       11765000	      1175	80000eb0	f4154783	lbu	x15,-191(x10)	 x10:0x800083c0 x15=0x00000000 PA:0x80008301
       11775000	      1176	80000eb4	fc3b00a3	sb	x3,-63(x22)	 x22:0x80008141  x3:0x800083b7 PA:0x80008102
       11785000	      1177	80000eb8	11e55383	lhu	x7,286(x10)	 x10:0x800083c0  x7=0x00000000 PA:0x800084de
       11795000	      1178	80000ebc	020e2103	lw	x2,32(x28)	 x28:0x800081dc  x2=0x00000000 PA:0x800081fc
       11805000	      1179	80000ec0	d5718583	lb	x11,-681(x3)	  x3:0x800083b7 x11=0x00000000 PA:0x8000810e
       11815000	      1180	80000ec4	e7a50da3	sb	x26,-389(x10)	 x10:0x800083c0 x26:0x00000000 PA:0x8000823b
       11825000	      1181	80000ec8	cc119903	lh	x18,-831(x3)	  x3:0x800083b7 x18=0x00000000 PA:0x80008078
       11835000	      1182	80000ecc	44454483	lbu	x9,1092(x10)	 x10:0x800083c0  x9=0x00000000 PA:0x80008804
       11845000	      1183	80000ed0	227184a3	sb	x7,553(x3)	  x3:0x800083b7  x7:0x00000000 PA:0x800085e0
       11855000	      1184	80000ed4	d4251083	lh	x1,-702(x10)	 x10:0x800083c0  x1=0x000000b7 PA:0x80008102
       11865000	      1185	80000ed8	df550583	lb	x11,-523(x10)	 x10:0x800083c0 x11=0x00000000 PA:0x800081b5
       11875000	      1186	80000edc	fe7e4903	lbu	x18,-25(x28)	 x28:0x800081dc x18=0x00000000 PA:0x800081c3
       11885000	      1187	80000ee0	fd7b2603	lw	x12,-41(x22)	 x22:0x80008141 x12=0x00000000 PA:0x80008118
       11895000	      1188	80000ee4	fe0e1f03	lh	x30,-32(x28)	 x28:0x800081dc x30=0x00000000 PA:0x800081bc
       11905000	      1189	80000ee8	03ce5703	lhu	x14,60(x28)	 x28:0x800081dc x14=0x00000000 PA:0x80008218
       11915000	      1190	80000eec	44750523	sb	x7,1098(x10)	 x10:0x800083c0  x7:0x00000000 PA:0x8000880a
       11925000	      1191	80000ef0	fc8e4b83	lbu	x23,-56(x28)	 x28:0x800081dc x23=0x00000000 PA:0x800081a4
       11935000	      1192	80000ef4	f0bb4483	lbu	x9,-245(x22)	 x22:0x80008141  x9=0x00000000 PA:0x8000804c
       11945000	      1193	80000ef8	d151cb83	lbu	x23,-747(x3)	  x3:0x800083b7 x23=0x00000000 PA:0x800080cc
       11955000	      1194	80000efc	fdfe4903	lbu	x18,-33(x28)	 x28:0x800081dc x18=0x00000000 PA:0x800081bb
       11965000	      1195	80000f00	ce554c03	lbu	x24,-795(x10)	 x10:0x800083c0 x24=0x00000000 PA:0x800080a5
       11975000	      1196	00000000	00000013	addi	x0,x0,0	  x0:0x00000000
       11985000	      1197	80000f04	fb8b4b83	lbu	x23,-72(x22)	 x22:0x80008141 x23=0x00000000 PA:0x800080f9
       11995000	      1198	80000f08	f5854a83	lbu	x21,-168(x10)	 x10:0x800083c0 x21=0x00000000 PA:0x80008318
       12005000	      1199	80000f0c	00008117	auipc	x2,0x8	  x2=0x80008f08
       12015000	      1200	80000f10	9ab10113	addi	x2,x2,-1621	  x2:0x80008f08  x2=0x800088b3
       12025000	      1201	80000f14	03210d83	lb	x27,50(x2)	  x2:0x800088b3 x27=0x00000000 PA:0x800088e5
       12035000	      1202	80000f18	fde14c03	lbu	x24,-34(x2)	  x2:0x800088b3 x24=0x00000000 PA:0x80008891
       12045000	      1203	80000f1c	fde10f83	lb	x31,-34(x2)	  x2:0x800088b3 x31=0x00000000 PA:0x80008891
       12055000	      1204	80000f20	fd510f23	sb	x21,-34(x2)	  x2:0x800088b3 x21:0x00000000 PA:0x80008891
       12065000	      1205	80000f24	fde14703	lbu	x14,-34(x2)	  x2:0x800088b3 x14=0x00000000 PA:0x80008891
       12075000	      1206	80000f28	fde10a83	lb	x21,-34(x2)	  x2:0x800088b3 x21=0x00000000 PA:0x80008891
       12085000	      1207	80000f2c	00311ba3	sh	x3,23(x2)	  x2:0x800088b3  x3:0x800083b7 PA:0x800088ca
       12095000	      1208	80000f30	02712aa3	sw	x7,53(x2)	  x2:0x800088b3  x7:0x00000000 PA:0x800088e8
       12105000	      1209	80000f34	01a8bc33	sltu	x24,x17,x26	 x17:0x00000000 x26:0x00000000 x24=0x00000000
       12115000	      1210	80000f38	ffe10803	lb	x16,-2(x2)	  x2:0x800088b3 x16=0x00000000 PA:0x800088b1
       12125000	      1211	80000f3c	fe410f03	lb	x30,-28(x2)	  x2:0x800088b3 x30=0x00000000 PA:0x80008897
       12135000	      1212	80000f40	fee10223	sb	x14,-28(x2)	  x2:0x800088b3 x14:0x00000000 PA:0x80008897
       12145000	      1213	80000f44	fc010a23	sb	x0,-44(x2)	  x2:0x800088b3  x0:0x00000000 PA:0x80008887
       12155000	      1214	80000f48	fd414803	lbu	x16,-44(x2)	  x2:0x800088b3 x16=0x00000000 PA:0x80008887
       12165000	      1215	80000f4c	fc710723	sb	x7,-50(x2)	  x2:0x800088b3  x7:0x00000000 PA:0x80008881
       12175000	      1216	80000f50	fce14e83	lbu	x29,-50(x2)	  x2:0x800088b3 x29=0x00000000 PA:0x80008881
       12185000	      1217	80000f54	fd510723	sb	x21,-50(x2)	  x2:0x800088b3 x21:0x00000000 PA:0x80008881
       12195000	      1218	80000f58	53eaec13	ori	x24,x21,1342	 x21:0x00000000 x24=0x0000053e
       12205000	      1219	80000f5c	41eddf13	srai	x30,x27,0x1e	 x27:0x00000000 x30=0x00000000
       12215000	      1220	80000f60	bf0a7d13	andi	x26,x20,-1040	 x20:0x80009f78 x26=0x80009b70
       12225000	      1221	80000f64	0bb01463	bne	x0,x27,8000100c	  x0:0x00000000 x27:0x00000000
       12235000	      1222	80000f68	00bece63	blt	x29,x11,80000f84	 x29:0x00000000 x11:0x00000000
       12245000	      1223	80000f6c	5cbf4ab7	lui	x21,0x5cbf4	 x21=0x5cbf4000
       12255000	      1224	80000f70	98c0b493	sltiu	x9,x1,-1652	  x1:0x000000b7  x9=0x00000001
       12265000	      1225	80000f74	012c7c33	and	x24,x24,x18	 x24:0x0000053e x18:0x00000000 x24=0x00000000
       12275000	      1226	80000f78	00a5a633	slt	x12,x11,x10	 x11:0x00000000 x10:0x800083c0 x12=0x00000000
       12285000	      1227	80000f7c	41208933	sub	x18,x1,x18	  x1:0x000000b7 x18:0x00000000 x18=0x000000b7
       12295000	      1228	80000f80	0fecc613	xori	x12,x25,254	 x25:0x00000000 x12=0x000000fe
       12305000	      1229	80000f84	0991ce63	blt	x3,x25,80001020	  x3:0x800083b7 x25:0x00000000
       12315000	      1230	00000000	00000013	addi	x0,x0,0	  x0:0x00000000
       12325000	      1231	8000101c	00000013	addi	x0,x0,0	  x0:0x00000000
       12335000	      1232	80001020	00231c13	slli	x24,x6,0x2	  x6:0x00000000 x24=0x00000000
       12345000	      1233	80001024	00d5d463	bge	x11,x13,8000102c	 x11:0x00000000 x13:0x80009fc4
       12355000	      1234	00000000	00000013	addi	x0,x0,0	  x0:0x00000000
       12365000	      1235	80001028	00000013	addi	x0,x0,0	  x0:0x00000000
       12375000	      1236	8000102c	00f49e63	bne	x9,x15,80001048	  x9:0x00000001 x15:0x00000000
       12385000	      1237	00000000	00000013	addi	x0,x0,0	  x0:0x00000000
       12395000	      1238	80001044	00000013	addi	x0,x0,0	  x0:0x00000000
       12405000	      1239	80001048	1f9f8d13	addi	x26,x31,505	 x31:0x00000000 x26=0x000001f9
       12415000	      1240	8000104c	c8bbba93	sltiu	x21,x23,-885	 x23:0x00000000 x21=0x00000001
       12425000	      1241	80001050	e027c897	auipc	x17,0xe027c	 x17=0x6027d04c
       12435000	      1242	80001054	008a1613	slli	x12,x20,0x8	 x20:0x80009f78 x12=0x009f7800
       12445000	      1243	80001058	1ac3c593	xori	x11,x7,428	  x7:0x00000000 x11=0x000001ac
       12455000	      1244	8000105c	00cf4433	xor	x8,x30,x12	 x30:0x00000000 x12:0x009f7800  x8=0x009f7800
       12465000	      1245	80001060	00000013	addi	x0,x0,0	  x0:0x00000000
       12475000	      1246	80001064	e714e413	ori	x8,x9,-399	  x9:0x00000001  x8=0xfffffe71
       12485000	      1247	80001068	04774663	blt	x14,x7,800010b4	 x14:0x00000000  x7:0x00000000
       12495000	      1248	8000106c	009273b3	and	x7,x4,x9	  x4:0x0000007d  x9:0x00000001  x7=0x00000001
       12505000	      1249	80001070	0cd90e37	lui	x28,0xcd90	 x28=0x0cd90000
       12515000	      1250	80001074	02578863	beq	x15,x5,800010a4	 x15:0x00000000  x5:0x00000000
       12525000	      1251	00000000	00000013	addi	x0,x0,0	  x0:0x00000000
       12535000	      1252	800010a0	00000013	addi	x0,x0,0	  x0:0x00000000
       12545000	      1253	800010a4	9ef2b093	sltiu	x1,x5,-1553	  x5:0x00000000  x1=0x00000001
       12555000	      1254	800010a8	02a28663	beq	x5,x10,800010d4	  x5:0x00000000 x10:0x800083c0
       12565000	      1255	800010ac	0018d263	bge	x17,x1,800010b0	 x17:0x6027d04c  x1:0x00000001
       12575000	      1256	00000000	00000013	addi	x0,x0,0	  x0:0x00000000
       12585000	      1257	800010ac	00000013	addi	x0,x0,0	  x0:0x00000000
       12595000	      1258	800010b0	003760b3	or	x1,x14,x3	 x14:0x00000000  x3:0x800083b7  x1=0x800083b7
       12605000	      1259	800010b4	02efd663	bge	x31,x14,800010e0	 x31:0x00000000 x14:0x00000000
       12615000	      1260	00000000	00000013	addi	x0,x0,0	  x0:0x00000000
       12625000	      1261	800010dc	00000013	addi	x0,x0,0	  x0:0x00000000
       12635000	      1262	800010e0	001b4cb3	xor	x25,x22,x1	 x22:0x80008141  x1:0x800083b7 x25=0x000002f6
       12645000	      1263	800010e4	034d8663	beq	x27,x20,80001110	 x27:0x00000000 x20:0x80009f78
       12655000	      1264	800010e8	03829463	bne	x5,x24,80001110	  x5:0x00000000 x24:0x00000000
       12665000	      1265	800010ec	38fa60b7	lui	x1,0x38fa6	  x1=0x38fa6000
       12675000	      1266	800010f0	0090d513	srli	x10,x1,0x9	  x1:0x38fa6000 x10=0x001c7d30
       12685000	      1267	800010f4	001edd33	srl	x26,x29,x1	 x29:0x00000000  x1:0x38fa6000 x26=0x00000000
       12695000	      1268	800010f8	0182de13	srli	x28,x5,0x18	  x5:0x00000000 x28=0x00000000
       12705000	      1269	800010fc	00000013	addi	x0,x0,0	  x0:0x00000000
       12715000	      1270	80001100	02fc6063	bltu	x24,x15,80001120	 x24:0x00000000 x15:0x00000000
       12725000	      1271	80001104	05fe6263	bltu	x28,x31,80001148	 x28:0x00000000 x31:0x00000000
       12735000	      1272	80001108	40588433	sub	x8,x17,x5	 x17:0x6027d04c  x5:0x00000000  x8=0x6027d04c
       12745000	      1273	8000110c	00000013	addi	x0,x0,0	  x0:0x00000000
       12755000	      1274	80001110	bbb2e897	auipc	x17,0xbbb2e	 x17=0x3bb2f10c
       12765000	      1275	80001114	14adb713	sltiu	x14,x27,330	 x27:0x00000000 x14=0x00000001
       12775000	      1276	80001118	f7d66793	ori	x15,x12,-131	 x12:0x009f7800 x15=0xffffff7d
       12785000	      1277	8000111c	40875113	srai	x2,x14,0x8	 x14:0x00000001  x2=0x00000000
       12795000	      1278	80001120	003b50b3	srl	x1,x22,x3	 x22:0x80008141  x3:0x800083b7  x1=0x00000100
       12805000	      1279	80001124	0182a7b3	slt	x15,x5,x24	  x5:0x00000000 x24:0x00000000 x15=0x00000000
       12815000	      1280	80001128	00000013	addi	x0,x0,0	  x0:0x00000000
       12825000	      1281	8000112c	00fee233	or	x4,x29,x15	 x29:0x00000000 x15:0x00000000  x4=0x00000000
       12835000	      1282	80001130	00075813	srli	x16,x14,0x0	 x14:0x00000001 x16=0x00000001
       12845000	      1283	80001134	40eca193	slti	x3,x25,1038	 x25:0x000002f6  x3=0x00000001
       12855000	      1284	80001138	36387e93	andi	x29,x16,867	 x16:0x00000001 x29=0x00000001
       12865000	      1285	8000113c	006078b3	and	x17,x0,x6	  x0:0x00000000  x6:0x00000000 x17=0x00000000
       12875000	      1286	80001140	018478b3	and	x17,x8,x24	  x8:0x6027d04c x24:0x00000000 x17=0x00000000
       12885000	      1287	80001144	032a8663	beq	x21,x18,80001170	 x21:0x00000001 x18:0x000000b7
       12895000	      1288	80001148	400a53b3	sra	x7,x20,x0	 x20:0x80009f78  x0:0x00000000  x7=0x80009f78
       12905000	      1289	8000114c	6c25e393	ori	x7,x11,1730	 x11:0x000001ac  x7=0x000007ee
       12915000	      1290	80001150	4182d913	srai	x18,x5,0x18	  x5:0x00000000 x18=0x00000000
       12925000	      1291	80001154	02789a63	bne	x17,x7,80001188	 x17:0x00000000  x7:0x000007ee
       12935000	      1292	00000000	00000013	addi	x0,x0,0	  x0:0x00000000
       12945000	      1293	80001184	00000013	addi	x0,x0,0	  x0:0x00000000
       12955000	      1294	80001188	00f8a3b3	slt	x7,x17,x15	 x17:0x00000000 x15:0x00000000  x7=0x00000000
       12965000	      1295	8000118c	b831c797	auipc	x15,0xb831c	 x15=0x3831d188
       12975000	      1296	80001190	01af2fb3	slt	x31,x30,x26	 x30:0x00000000 x26:0x00000000 x31=0x00000000
       12985000	      1297	80001194	029bfc63	bgeu	x23,x9,800011cc	 x23:0x00000000  x9:0x00000001
       12995000	      1298	80001198	016b7263	bgeu	x22,x22,8000119c	 x22:0x80008141 x22:0x80008141
       13005000	      1299	00000000	00000013	addi	x0,x0,0	  x0:0x00000000
       13015000	      1300	80001198	00000013	addi	x0,x0,0	  x0:0x00000000
       13025000	      1301	8000119c	413a02b3	sub	x5,x20,x19	 x20:0x80009f78 x19:0x00000000  x5=0x80009f78
       13035000	      1302	800011a0	00000013	addi	x0,x0,0	  x0:0x00000000
       13045000	      1303	800011a4	03bfda63	bge	x31,x27,800011d8	 x31:0x00000000 x27:0x00000000
       13055000	      1304	00000000	00000013	addi	x0,x0,0	  x0:0x00000000
       13065000	      1305	800011d4	00000013	addi	x0,x0,0	  x0:0x00000000
       13075000	      1306	800011d8	018a9933	sll	x18,x21,x24	 x21:0x00000001 x24:0x00000000 x18=0x00000001
       13085000	      1307	800011dc	00da8cb3	add	x25,x21,x13	 x21:0x00000001 x13:0x80009fc4 x25=0x80009fc5
       13095000	      1308	800011e0	01397cb3	and	x25,x18,x19	 x18:0x00000001 x19:0x00000000 x25=0x00000000
       13105000	      1309	800011e4	4d89b793	sltiu	x15,x19,1240	 x19:0x00000000 x15=0x00000001
       13115000	      1310	800011e8	01a08463	beq	x1,x26,800011f0	  x1:0x00000100 x26:0x00000000
       13125000	      1311	800011ec	00261e93	slli	x29,x12,0x2	 x12:0x009f7800 x29=0x027de000
       13135000	      1312	800011f0	20474417	auipc	x8,0x20474	  x8=0xa04751ec
       13145000	      1313	800011f4	007ce263	bltu	x25,x7,800011f8	 x25:0x00000000  x7:0x00000000
       13155000	      1314	800011f8	004dbf33	sltu	x30,x27,x4	 x27:0x00000000  x4:0x00000000 x30=0x00000000
       13165000	      1315	800011fc	ca88fc13	andi	x24,x17,-856	 x17:0x00000000 x24=0x00000000
       13175000	      1316	80001200	b7af0393	addi	x7,x30,-1158	 x30:0x00000000  x7=0xfffffb7a
       13185000	      1317	80001204	401cd133	sra	x2,x25,x1	 x25:0x00000000  x1:0x00000100  x2=0x00000000
       13195000	      1318	80001208	00964e63	blt	x12,x9,80001224	 x12:0x009f7800  x9:0x00000001
       13205000	      1319	8000120c	67d72013	slti	x0,x14,1661	 x14:0x00000001
       13215000	      1320	80001210	01a8f863	bgeu	x17,x26,80001220	 x17:0x00000000 x26:0x00000000
       13225000	      1321	00000000	00000013	addi	x0,x0,0	  x0:0x00000000
       13235000	      1322	8000121c	00000013	addi	x0,x0,0	  x0:0x00000000
       13245000	      1323	80001220	00ddca63	blt	x27,x13,80001234	 x27:0x00000000 x13:0x80009fc4
       13255000	      1324	80001224	0084b133	sltu	x2,x9,x8	  x9:0x00000001  x8:0xa04751ec  x2=0x00000001
       13265000	      1325	80001228	03231e63	bne	x6,x18,80001264	  x6:0x00000000 x18:0x00000001
       13275000	      1326	00000000	00000013	addi	x0,x0,0	  x0:0x00000000
       13285000	      1327	80001260	00000013	addi	x0,x0,0	  x0:0x00000000
       13295000	      1328	80001264	015c3933	sltu	x18,x24,x21	 x24:0x00000000 x21:0x00000001 x18=0x00000001
       13305000	      1329	80001268	417cd2b3	sra	x5,x25,x23	 x25:0x00000000 x23:0x00000000  x5=0x00000000
       13315000	      1330	8000126c	007a6233	or	x4,x20,x7	 x20:0x80009f78  x7:0xfffffb7a  x4=0xffffff7a
       13325000	      1331	80001270	40340833	sub	x16,x8,x3	  x8:0xa04751ec  x3:0x00000001 x16=0xa04751eb
       13335000	      1332	80001274	01980bb3	add	x23,x16,x25	 x16:0xa04751eb x25:0x00000000 x23=0xa04751eb
       13345000	      1333	80001278	01a51d13	slli	x26,x10,0x1a	 x10:0x001c7d30 x26=0xc0000000
       13355000	      1334	8000127c	7605f617	auipc	x12,0x7605f	 x12=0xf6060278
       13365000	      1335	80001280	6b228913	addi	x18,x5,1714	  x5:0x00000000 x18=0x000006b2
       13375000	      1336	80001284	ef9910b7	lui	x1,0xef991	  x1=0xef991000
       13385000	      1337	80001288	0120d463	bge	x1,x18,80001290	  x1:0xef991000 x18:0x000006b2
       13395000	      1338	8000128c	00000013	addi	x0,x0,0	  x0:0x00000000
       13405000	      1339	80001290	0148ddb3	srl	x27,x17,x20	 x17:0x00000000 x20:0x80009f78 x27=0x00000000
       13415000	      1340	80001294	a68ea913	slti	x18,x29,-1432	 x29:0x027de000 x18=0x00000000
       13425000	      1341	80001298	005a81b3	add	x3,x21,x5	 x21:0x00000001  x5:0x00000000  x3=0x00000001
       13435000	      1342	8000129c	01349193	slli	x3,x9,0x13	  x9:0x00000001  x3=0x00080000
       13445000	      1343	800012a0	04d9c663	blt	x19,x13,800012ec	 x19:0x00000000 x13:0x80009fc4
       13455000	      1344	800012a4	01f3e633	or	x12,x7,x31	  x7:0xfffffb7a x31:0x00000000 x12=0xfffffb7a
       13465000	      1345	800012a8	e2bc1917	auipc	x18,0xe2bc1	 x18=0x62bc22a4
       13475000	      1346	800012ac	018f4263	blt	x30,x24,800012b0	 x30:0x00000000 x24:0x00000000
       13485000	      1347	800012b0	b1333493	sltiu	x9,x6,-1261	  x6:0x00000000  x9=0x00000001
       13495000	      1348	800012b4	00755fb3	srl	x31,x10,x7	 x10:0x001c7d30  x7:0xfffffb7a x31=0x00000000
       13505000	      1349	800012b8	77032c17	auipc	x24,0x77032	 x24=0xf70332b4
       13515000	      1350	800012bc	1f27af93	slti	x31,x15,498	 x15:0x00000001 x31=0x00000001
       13525000	      1351	800012c0	03eeea63	bltu	x29,x30,800012f4	 x29:0x027de000 x30:0x00000000
       13535000	      1352	800012c4	01cd6e63	bltu	x26,x28,800012e0	 x26:0xc0000000 x28:0x00000000
       13545000	      1353	800012c8	56eb4c37	lui	x24,0x56eb4	 x24=0x56eb4000
       13555000	      1354	800012cc	241ecc93	xori	x25,x29,577	 x29:0x027de000 x25=0x027de241
       13565000	      1355	800012d0	00d93533	sltu	x10,x18,x13	 x18:0x62bc22a4 x13:0x80009fc4 x10=0x00000001
       13575000	      1356	800012d4	0003d493	srli	x9,x7,0x0	  x7:0xfffffb7a  x9=0xfffffb7a
       13585000	      1357	800012d8	008d33b3	sltu	x7,x26,x8	 x26:0xc0000000  x8:0xa04751ec  x7=0x00000000
       13595000	      1358	800012dc	41a8d393	srai	x7,x17,0x1a	 x17:0x00000000  x7=0x00000000
       13605000	      1359	800012e0	3f188c93	addi	x25,x17,1009	 x17:0x00000000 x25=0x000003f1
       13615000	      1360	800012e4	01fb1d33	sll	x26,x22,x31	 x22:0x80008141 x31:0x00000001 x26=0x00010282
       13625000	      1361	800012e8	05bdc063	blt	x27,x27,80001328	 x27:0x00000000 x27:0x00000000
       13635000	      1362	800012ec	025a5663	bge	x20,x5,80001318	 x20:0x80009f78  x5:0x00000000
       13645000	      1363	800012f0	01a0fb33	and	x22,x1,x26	  x1:0xef991000 x26:0x00010282 x22=0x00010000
       13655000	      1364	800012f4	01187463	bgeu	x16,x17,800012fc	 x16:0xa04751eb x17:0x00000000
       13665000	      1365	00000000	00000013	addi	x0,x0,0	  x0:0x00000000
       13675000	      1366	800012f8	00000013	addi	x0,x0,0	  x0:0x00000000
       13685000	      1367	800012fc	027b1663	bne	x22,x7,80001328	 x22:0x00010000  x7:0x00000000
       13695000	      1368	00000000	00000013	addi	x0,x0,0	  x0:0x00000000
       13705000	      1369	80001324	00000013	addi	x0,x0,0	  x0:0x00000000
       13715000	      1370	80001328	014de533	or	x10,x27,x20	 x27:0x00000000 x20:0x80009f78 x10=0x80009f78
       13725000	      1371	8000132c	003e5263	bge	x28,x3,80001330	 x28:0x00000000  x3:0x00080000
       13735000	      1372	80001330	00081833	sll	x16,x16,x0	 x16:0xa04751eb  x0:0x00000000 x16=0xa04751eb
       13745000	      1373	80001334	369eb393	sltiu	x7,x29,873	 x29:0x027de000  x7=0x00000000
       13755000	      1374	80001338	015e6cb3	or	x25,x28,x21	 x28:0x00000000 x21:0x00000001 x25=0x00000001
       13765000	      1375	8000133c	01341293	slli	x5,x8,0x13	  x8:0xa04751ec  x5=0x8f600000
       13775000	      1376	80001340	003a2db3	slt	x27,x20,x3	 x20:0x80009f78  x3:0x00080000 x27=0x00000001
       13785000	      1377	80001344	01b95513	srli	x10,x18,0x1b	 x18:0x62bc22a4 x10=0x0000000c
       13795000	      1378	80001348	04025263	bge	x4,x0,8000138c	  x4:0xffffff7a  x0:0x00000000
       13805000	      1379	8000134c	7344cf13	xori	x30,x9,1844	  x9:0xfffffb7a x30=0xfffffc4e
       13815000	      1380	80001350	00000013	addi	x0,x0,0	  x0:0x00000000
       13825000	      1381	80001354	03006c63	bltu	x0,x16,8000138c	  x0:0x00000000 x16:0xa04751eb
       13835000	      1382	00000000	00000013	addi	x0,x0,0	  x0:0x00000000
       13845000	      1383	80001388	00000013	addi	x0,x0,0	  x0:0x00000000
       13855000	      1384	8000138c	051fe263	bltu	x31,x17,800013d0	 x31:0x00000001 x17:0x00000000
       13865000	      1385	80001390	41420733	sub	x14,x4,x20	  x4:0xffffff7a x20:0x80009f78 x14=0x7fff6002
       13875000	      1386	80001394	0193d333	srl	x6,x7,x25	  x7:0x00000000 x25:0x00000001  x6=0x00000000
       13885000	      1387	80001398	05938393	addi	x7,x7,89	  x7:0x00000000  x7=0x00000059
       13895000	      1388	8000139c	016f9633	sll	x12,x31,x22	 x31:0x00000001 x22:0x00010000 x12=0x00000001
       13905000	      1389	800013a0	f39c4393	xori	x7,x24,-199	 x24:0x56eb4000  x7=0xa914bf39
       13915000	      1390	800013a4	01dff233	and	x4,x31,x29	 x31:0x00000001 x29:0x027de000  x4=0x00000000
       13925000	      1391	800013a8	a0468e93	addi	x29,x13,-1532	 x13:0x80009fc4 x29=0x800099c8
       13935000	      1392	800013ac	3af9c497	auipc	x9,0x3af9c	  x9=0xbaf9d3a8
       13945000	      1393	800013b0	1ecd7c13	andi	x24,x26,492	 x26:0x00010282 x24=0x00000080
       13955000	      1394	800013b4	00a0f233	and	x4,x1,x10	  x1:0xef991000 x10:0x0000000c  x4=0x00000000
       13965000	      1395	800013b8	60094593	xori	x11,x18,1536	 x18:0x62bc22a4 x11=0x62bc24a4
       13975000	      1396	800013bc	01f0bab3	sltu	x21,x1,x31	  x1:0xef991000 x31:0x00000001 x21=0x00000000
       13985000	      1397	800013c0	aad1bb93	sltiu	x23,x3,-1363	  x3:0x00080000 x23=0x00000001
       13995000	      1398	800013c4	01273133	sltu	x2,x14,x18	 x14:0x7fff6002 x18:0x62bc22a4  x2=0x00000000
       14005000	      1399	800013c8	01f7cbb3	xor	x23,x15,x31	 x15:0x00000001 x31:0x00000001 x23=0x00000000
       14015000	      1400	800013cc	89493893	sltiu	x17,x18,-1900	 x18:0x62bc22a4 x17=0x00000001
       14025000	      1401	800013d0	03cad663	bge	x21,x28,800013fc	 x21:0x00000000 x28:0x00000000
       14035000	      1402	00000000	00000013	addi	x0,x0,0	  x0:0x00000000
       14045000	      1403	800013f8	00000013	addi	x0,x0,0	  x0:0x00000000
       14055000	      1404	800013fc	00b643b3	xor	x7,x12,x11	 x12:0x00000001 x11:0x62bc24a4  x7=0x62bc24a5
       14065000	      1405	80001400	01889593	slli	x11,x17,0x18	 x17:0x00000001 x11=0x01000000
       14075000	      1406	80001404	0019cd33	xor	x26,x19,x1	 x19:0x00000000  x1:0xef991000 x26=0xef991000
       14085000	      1407	80001408	0a03cb13	xori	x22,x7,160	  x7:0x62bc24a5 x22=0x62bc2405
       14095000	      1408	8000140c	a34da097	auipc	x1,0xa34da	  x1=0x234db408
       14105000	      1409	80001410	0182c7b3	xor	x15,x5,x24	  x5:0x8f600000 x24:0x00000080 x15=0x8f600080
       14115000	      1410	80001414	4148d033	sra	x0,x17,x20	 x17:0x00000001 x20:0x80009f78
       14125000	      1411	80001418	402c8b33	sub	x22,x25,x2	 x25:0x00000001  x2:0x00000000 x22=0x00000001
       14135000	      1412	8000141c	490c6913	ori	x18,x24,1168	 x24:0x00000080 x18=0x00000490
       14145000	      1413	80001420	e0007f17	auipc	x30,0xe0007	 x30=0x6000841c
       14155000	      1414	80001424	01ac9e93	slli	x29,x25,0x1a	 x25:0x00000001 x29=0x04000000
       14165000	      1415	80001428	01f09793	slli	x15,x1,0x1f	  x1:0x234db408 x15=0x00000000
       14175000	      1416	8000142c	00692913	slti	x18,x18,6	 x18:0x00000490 x18=0x00000000
       14185000	      1417	80001430	c80d6813	ori	x16,x26,-896	 x26:0xef991000 x16=0xfffffc80
       14195000	      1418	80001434	c15cb537	lui	x10,0xc15cb	 x10=0xc15cb000
       14205000	      1419	80001438	001f1c93	slli	x25,x30,0x1	 x30:0x6000841c x25=0xc0010838
       14215000	      1420	8000143c	21805d17	auipc	x26,0x21805	 x26=0xa1806438
       14225000	      1421	80001440	f3ca8713	addi	x14,x21,-196	 x21:0x00000000 x14=0xffffff3c
       14235000	      1422	80001444	00541cb3	sll	x25,x8,x5	  x8:0xa04751ec  x5:0x8f600000 x25=0xa04751ec
       14245000	      1423	80001448	40ba5913	srai	x18,x20,0xb	 x20:0x80009f78 x18=0xfff00013
       14255000	      1424	8000144c	01ef5293	srli	x5,x30,0x1e	 x30:0x6000841c  x5=0x00000001
       14265000	      1425	80001450	0264f663	bgeu	x9,x6,8000147c	  x9:0xbaf9d3a8  x6:0x00000000
       14275000	      1426	00000000	00000013	addi	x0,x0,0	  x0:0x00000000
       14285000	      1427	80001478	00000013	addi	x0,x0,0	  x0:0x00000000
       14295000	      1428	8000147c	007d6e33	or	x28,x26,x7	 x26:0xa1806438  x7:0x62bc24a5 x28=0xe3bc64bd
       14305000	      1429	80001480	00000013	addi	x0,x0,0	  x0:0x00000000
       14315000	      1430	80001484	01fffbb3	and	x23,x31,x31	 x31:0x00000001 x31:0x00000001 x23=0x00000001
       14325000	      1431	80001488	0196c7b3	xor	x15,x13,x25	 x13:0x80009fc4 x25:0xa04751ec x15=0x2047ce28
       14335000	      1432	8000148c	4126d513	srai	x10,x13,0x12	 x13:0x80009fc4 x10=0xffffe000
       14345000	      1433	80001490	00c7ecb3	or	x25,x15,x12	 x15:0x2047ce28 x12:0x00000001 x25=0x2047ce29
       14355000	      1434	80001494	016a7263	bgeu	x20,x22,80001498	 x20:0x80009f78 x22:0x00000001
       14365000	      1435	00000000	00000013	addi	x0,x0,0	  x0:0x00000000
       14375000	      1436	80001494	00000013	addi	x0,x0,0	  x0:0x00000000
       14385000	      1437	80001498	00977eb3	and	x29,x14,x9	 x14:0xffffff3c  x9:0xbaf9d3a8 x29=0xbaf9d328
       14395000	      1438	8000149c	7c009d17	auipc	x26,0x7c009	 x26=0xfc00a498
       14405000	      1439	800014a0	00ab3633	sltu	x12,x22,x10	 x22:0x00000001 x10:0xffffe000 x12=0x00000001
       14415000	      1440	800014a4	c0674313	xori	x6,x14,-1018	 x14:0xffffff3c  x6=0x0000033a
       14425000	      1441	800014a8	019a24b3	slt	x9,x20,x25	 x20:0x80009f78 x25:0x2047ce29  x9=0x00000001
       14435000	      1442	800014ac	011f4833	xor	x16,x30,x17	 x30:0x6000841c x17:0x00000001 x16=0x6000841d
       14445000	      1443	800014b0	01337a63	bgeu	x6,x19,800014c4	  x6:0x0000033a x19:0x00000000
       14455000	      1444	00000000	00000013	addi	x0,x0,0	  x0:0x00000000
       14465000	      1445	800014c0	00000013	addi	x0,x0,0	  x0:0x00000000
       14475000	      1446	800014c4	53a41237	lui	x4,0x53a41	  x4=0x53a41000
       14485000	      1447	800014c8	f9497537	lui	x10,0xf9497	 x10=0xf9497000
       14495000	      1448	800014cc	00ce8533	add	x10,x29,x12	 x29:0xbaf9d328 x12:0x00000001 x10=0xbaf9d329
       14505000	      1449	800014d0	d4c6c917	auipc	x18,0xd4c6c	 x18=0x54c6d4cc
       14515000	      1450	800014d4	410e5893	srai	x17,x28,0x10	 x28:0xe3bc64bd x17=0xffffe3bc
       14525000	      1451	800014d8	009a5813	srli	x16,x20,0x9	 x20:0x80009f78 x16=0x0040004f
       14535000	      1452	800014dc	0026d263	bge	x13,x2,800014e0	 x13:0x80009fc4  x2:0x00000000
       14545000	      1453	800014e0	002f5813	srli	x16,x30,0x2	 x30:0x6000841c x16=0x18002107
       14555000	      1454	800014e4	a7c80413	addi	x8,x16,-1412	 x16:0x18002107  x8=0x18001b83
       14565000	      1455	800014e8	01656c33	or	x24,x10,x22	 x10:0xbaf9d329 x22:0x00000001 x24=0xbaf9d329
       14575000	      1456	800014ec	00fd9233	sll	x4,x27,x15	 x27:0x00000001 x15:0x2047ce28  x4=0x00000100
       14585000	      1457	800014f0	014fd3b3	srl	x7,x31,x20	 x31:0x00000001 x20:0x80009f78  x7=0x00000000
       14595000	      1458	800014f4	48770c93	addi	x25,x14,1159	 x14:0xffffff3c x25=0x000003c3
       14605000	      1459	800014f8	0243e663	bltu	x7,x4,80001524	  x7:0x00000000  x4:0x00000100
       14615000	      1460	00000000	00000013	addi	x0,x0,0	  x0:0x00000000
       14625000	      1461	80001520	00000013	addi	x0,x0,0	  x0:0x00000000
       14635000	      1462	80001524	00b1d513	srli	x10,x3,0xb	  x3:0x00080000 x10=0x00000100
       14645000	      1463	80001528	0145ecb3	or	x25,x11,x20	 x11:0x01000000 x20:0x80009f78 x25=0x81009f78
       14655000	      1464	8000152c	94a54d13	xori	x26,x10,-1718	 x10:0x00000100 x26=0xfffff84a
       14665000	      1465	80001530	032c1663	bne	x24,x18,8000155c	 x24:0xbaf9d329 x18:0x54c6d4cc
       14675000	      1466	00000000	00000013	addi	x0,x0,0	  x0:0x00000000
       14685000	      1467	80001558	00000013	addi	x0,x0,0	  x0:0x00000000
       14695000	      1468	8000155c	04e1c263	blt	x3,x14,800015a0	  x3:0x00080000 x14:0xffffff3c
       14705000	      1469	80001560	00264133	xor	x2,x12,x2	 x12:0x00000001  x2:0x00000000  x2=0x00000001
       14715000	      1470	80001564	c62b3c93	sltiu	x25,x22,-926	 x22:0x00000001 x25=0x00000001
       14725000	      1471	80001568	a3d30093	addi	x1,x6,-1475	  x6:0x0000033a  x1=0xfffffd77
       14735000	      1472	8000156c	01707433	and	x8,x0,x23	  x0:0x00000000 x23:0x00000001  x8=0x00000000
       14745000	      1473	80001570	00000013	addi	x0,x0,0	  x0:0x00000000
       14755000	      1474	80001574	d89307b7	lui	x15,0xd8930	 x15=0xd8930000
       14765000	      1475	80001578	ba77a913	slti	x18,x15,-1113	 x15:0xd8930000 x18=0x00000001
       14775000	      1476	8000157c	e01e3d93	sltiu	x27,x28,-511	 x28:0xe3bc64bd x27=0x00000001
       14785000	      1477	80001580	d7390593	addi	x11,x18,-653	 x18:0x00000001 x11=0xfffffd74
       14795000	      1478	80001584	01d29d33	sll	x26,x5,x29	  x5:0x00000001 x29:0xbaf9d328 x26=0x00000100
       14805000	      1479	80001588	4ca7cb93	xori	x23,x15,1226	 x15:0xd8930000 x23=0xd89304ca
       14815000	      1480	8000158c	40e25c93	srai	x25,x4,0xe	  x4:0x00000100 x25=0x00000000
       14825000	      1481	80001590	4055d433	sra	x8,x11,x5	 x11:0xfffffd74  x5:0x00000001  x8=0xfffffeba
       14835000	      1482	80001594	3c0d3893	sltiu	x17,x26,960	 x26:0x00000100 x17=0x00000001
       14845000	      1483	80001598	019b9f33	sll	x30,x23,x25	 x23:0xd89304ca x25:0x00000000 x30=0xd89304ca
       14855000	      1484	8000159c	026ee863	bltu	x29,x6,800015cc	 x29:0xbaf9d328  x6:0x0000033a
       14865000	      1485	800015a0	0581d263	bge	x3,x24,800015e4	  x3:0x00080000 x24:0xbaf9d329
       14875000	      1486	00000000	00000013	addi	x0,x0,0	  x0:0x00000000
       14885000	      1487	800015e0	00000013	addi	x0,x0,0	  x0:0x00000000
       14895000	      1488	800015e4	40315533	sra	x10,x2,x3	  x2:0x00000001  x3:0x00080000 x10=0x00000001
       14905000	      1489	800015e8	01179193	slli	x3,x15,0x11	 x15:0xd8930000  x3=0x00000000
       14915000	      1490	800015ec	4180d533	sra	x10,x1,x24	  x1:0xfffffd77 x24:0xbaf9d329 x10=0xfffffffe
       14925000	      1491	800015f0	00ff4433	xor	x8,x30,x15	 x30:0xd89304ca x15:0xd8930000  x8=0x000004ca
       14935000	      1492	800015f4	03847a63	bgeu	x8,x24,80001628	  x8:0x000004ca x24:0xbaf9d329
       14945000	      1493	800015f8	01f09793	slli	x15,x1,0x1f	  x1:0xfffffd77 x15=0x80000000
       14955000	      1494	800015fc	1dcd4413	xori	x8,x26,476	 x26:0x00000100  x8=0x000000dc
       14965000	      1495	80001600	41455eb3	sra	x29,x10,x20	 x10:0xfffffffe x20:0x80009f78 x29=0xffffffff
       14975000	      1496	80001604	9950c193	xori	x3,x1,-1643	  x1:0xfffffd77  x3=0x000004e2
       14985000	      1497	80001608	014f7b33	and	x22,x30,x20	 x30:0xd89304ca x20:0x80009f78 x22=0x80000448
       14995000	      1498	8000160c	01bddbb3	srl	x23,x27,x27	 x27:0x00000001 x27:0x00000001 x23=0x00000000
       15005000	      1499	80001610	00f75f13	srli	x30,x14,0xf	 x14:0xffffff3c x30=0x0001ffff
       15015000	      1500	80001614	00953633	sltu	x12,x10,x9	 x10:0xfffffffe  x9:0x00000001 x12=0x00000000
       15025000	      1501	80001618	7dff7b93	andi	x23,x30,2015	 x30:0x0001ffff x23=0x000007df
       15035000	      1502	8000161c	019a1d93	slli	x27,x20,0x19	 x20:0x80009f78 x27=0xf0000000
       15045000	      1503	80001620	0168bcb3	sltu	x25,x17,x22	 x17:0x00000001 x22:0x80000448 x25=0x00000001
       15055000	      1504	80001624	006ede63	bge	x29,x6,80001640	 x29:0xffffffff  x6:0x0000033a
       15065000	      1505	80001628	010e8233	add	x4,x29,x16	 x29:0xffffffff x16:0x18002107  x4=0x18002106
       15075000	      1506	8000162c	01055a63	bge	x10,x16,80001640	 x10:0xfffffffe x16:0x18002107
       15085000	      1507	80001630	623c8c13	addi	x24,x25,1571	 x25:0x00000001 x24=0x00000624
       15095000	      1508	80001634	00309863	bne	x1,x3,80001644	  x1:0xfffffd77  x3:0x000004e2
       15105000	      1509	00000000	00000013	addi	x0,x0,0	  x0:0x00000000
       15115000	      1510	80001640	00000013	addi	x0,x0,0	  x0:0x00000000
       15125000	      1511	80001644	01281393	slli	x7,x16,0x12	 x16:0x18002107  x7=0x841c0000
       15135000	      1512	80001648	a8c68b93	addi	x23,x13,-1396	 x13:0x80009fc4 x23=0x80009a50
       15145000	      1513	8000164c	62a5b513	sltiu	x10,x11,1578	 x11:0xfffffd74 x10=0x00000000
       15155000	      1514	80001650	0097db33	srl	x22,x15,x9	 x15:0x80000000  x9:0x00000001 x22=0x40000000
       15165000	      1515	80001654	00175c33	srl	x24,x14,x1	 x14:0xffffff3c  x1:0xfffffd77 x24=0x000001ff
       15175000	      1516	80001658	0074f463	bgeu	x9,x7,80001660	  x9:0x00000001  x7:0x841c0000
       15185000	      1517	8000165c	03150a63	beq	x10,x17,80001690	 x10:0x00000000 x17:0x00000001
       15195000	      1518	80001660	10796d93	ori	x27,x18,263	 x18:0x00000001 x27=0x00000107
       15205000	      1519	80001664	030b9463	bne	x23,x16,8000168c	 x23:0x80009a50 x16:0x18002107
       15215000	      1520	00000000	00000013	addi	x0,x0,0	  x0:0x00000000
       15225000	      1521	80001688	00000013	addi	x0,x0,0	  x0:0x00000000
       15235000	      1522	8000168c	01e55113	srli	x2,x10,0x1e	 x10:0x00000000  x2=0x00000000
       15245000	      1523	80001690	010cddb3	srl	x27,x25,x16	 x25:0x00000001 x16:0x18002107 x27=0x00000000
       15255000	      1524	80001694	5436e713	ori	x14,x13,1347	 x13:0x80009fc4 x14=0x80009fc7
       15265000	      1525	80001698	00a61b33	sll	x22,x12,x10	 x12:0x00000000 x10:0x00000000 x22=0x00000000
       15275000	      1526	8000169c	0278f663	bgeu	x17,x7,800016c8	 x17:0x00000001  x7:0x841c0000
       15285000	      1527	800016a0	273277b7	lui	x15,0x27327	 x15=0x27327000
       15295000	      1528	800016a4	e7c17197	auipc	x3,0xe7c17	  x3=0x67c186a0
       15305000	      1529	800016a8	0175d263	bge	x11,x23,800016ac	 x11:0xfffffd74 x23:0x80009a50
       15315000	      1530	00000000	00000013	addi	x0,x0,0	  x0:0x00000000
       15325000	      1531	800016a8	00000013	addi	x0,x0,0	  x0:0x00000000
       15335000	      1532	800016ac	0113ce63	blt	x7,x17,800016c8	  x7:0x841c0000 x17:0x00000001
       15345000	      1533	00000000	00000013	addi	x0,x0,0	  x0:0x00000000
       15355000	      1534	800016c4	00000013	addi	x0,x0,0	  x0:0x00000000
       15365000	      1535	800016c8	01a960b3	or	x1,x18,x26	 x18:0x00000001 x26:0x00000100  x1=0x00000101
       15375000	      1536	800016cc	625b0193	addi	x3,x22,1573	 x22:0x00000000  x3=0x00000625
       15385000	      1537	800016d0	01847c33	and	x24,x8,x24	  x8:0x000000dc x24:0x000001ff x24=0x000000dc
       15395000	      1538	800016d4	038af463	bgeu	x21,x24,800016fc	 x21:0x00000000 x24:0x000000dc
       15405000	      1539	800016d8	405180b3	sub	x1,x3,x5	  x3:0x00000625  x5:0x00000001  x1=0x00000624
       15415000	      1540	800016dc	81abb893	sltiu	x17,x23,-2022	 x23:0x80009a50 x17=0x00000001
       15425000	      1541	800016e0	014a6263	bltu	x20,x20,800016e4	 x20:0x80009f78 x20:0x80009f78
       15435000	      1542	800016e4	45df0193	addi	x3,x30,1117	 x30:0x0001ffff  x3=0x0002045c
       15445000	      1543	800016e8	2f9d0393	addi	x7,x26,761	 x26:0x00000100  x7=0x000003f9
       15455000	      1544	800016ec	6e397f93	andi	x31,x18,1763	 x18:0x00000001 x31=0x00000001
       15465000	      1545	800016f0	6611a713	slti	x14,x3,1633	  x3:0x0002045c x14=0x00000000
       15475000	      1546	800016f4	008b2d33	slt	x26,x22,x8	 x22:0x00000000  x8:0x000000dc x26=0x00000001
       15485000	      1547	800016f8	0052f533	and	x10,x5,x5	  x5:0x00000001  x5:0x00000001 x10=0x00000001
       15495000	      1548	800016fc	0053e7b3	or	x15,x7,x5	  x7:0x000003f9  x5:0x00000001 x15=0x000003f9
       15505000	      1549	80001700	015a8263	beq	x21,x21,80001704	 x21:0x00000000 x21:0x00000000
       15515000	      1550	00000000	00000013	addi	x0,x0,0	  x0:0x00000000
       15525000	      1551	80001700	00000013	addi	x0,x0,0	  x0:0x00000000
       15535000	      1552	80001704	a259feb7	lui	x29,0xa259f	 x29=0xa259f000
       15545000	      1553	80001708	a23c3137	lui	x2,0xa23c3	  x2=0xa23c3000
       15555000	      1554	8000170c	63a76193	ori	x3,x14,1594	 x14:0x00000000  x3=0x0000063a
       15565000	      1555	80001710	8dd05e97	auipc	x29,0x8dd05	 x29=0x0dd0670c
       15575000	      1556	80001714	0103ad33	slt	x26,x7,x16	  x7:0x000003f9 x16:0x18002107 x26=0x00000001
       15585000	      1557	80001718	40d8d8b3	sra	x17,x17,x13	 x17:0x00000001 x13:0x80009fc4 x17=0x00000000
       15595000	      1558	8000171c	00b6c5b3	xor	x11,x13,x11	 x13:0x80009fc4 x11:0xfffffd74 x11=0x7fff62b0
       15605000	      1559	80001720	40a35013	srai	x0,x6,0xa	  x6:0x0000033a
       15615000	      1560	80001724	028c0663	beq	x24,x8,80001750	 x24:0x000000dc  x8:0x000000dc
       15625000	      1561	00000000	00000013	addi	x0,x0,0	  x0:0x00000000
       15635000	      1562	8000174c	00000013	addi	x0,x0,0	  x0:0x00000000
       15645000	      1563	80001750	00d19733	sll	x14,x3,x13	  x3:0x0000063a x13:0x80009fc4 x14=0x000063a0
       15655000	      1564	80001754	67922213	slti	x4,x4,1657	  x4:0x18002106  x4=0x00000000
       15665000	      1565	80001758	2fbea437	lui	x8,0x2fbea	  x8=0x2fbea000
       15675000	      1566	8000175c	9fc1b197	auipc	x3,0x9fc1b	  x3=0x1fc1c758
       15685000	      1567	80001760	240bb113	sltiu	x2,x23,576	 x23:0x80009a50  x2=0x00000000
       15695000	      1568	80001764	00141193	slli	x3,x8,0x1	  x8:0x2fbea000  x3=0x5f7d4000
       15705000	      1569	80001768	010c4463	blt	x24,x16,80001770	 x24:0x000000dc x16:0x18002107
       15715000	      1570	00000000	00000013	addi	x0,x0,0	  x0:0x00000000
       15725000	      1571	8000176c	00000013	addi	x0,x0,0	  x0:0x00000000
       15735000	      1572	80001770	00cd08b3	add	x17,x26,x12	 x26:0x00000001 x12:0x00000000 x17=0x00000001
       15745000	      1573	80001774	a6a6f513	andi	x10,x13,-1430	 x13:0x80009fc4 x10=0x80009a40
       15755000	      1574	80001778	01d963b3	or	x7,x18,x29	 x18:0x00000001 x29:0x0dd0670c  x7=0x0dd0670d
       15765000	      1575	8000177c	5db42913	slti	x18,x8,1499	  x8:0x2fbea000 x18=0x00000000
       15775000	      1576	80001780	f7433f93	sltiu	x31,x6,-140	  x6:0x0000033a x31=0x00000001
       15785000	      1577	80001784	00d5deb3	srl	x29,x11,x13	 x11:0x7fff62b0 x13:0x80009fc4 x29=0x07fff62b
       15795000	      1578	80001788	013e3f33	sltu	x30,x28,x19	 x28:0xe3bc64bd x19:0x00000000 x30=0x00000000
       15805000	      1579	8000178c	00411d13	slli	x26,x2,0x4	  x2:0x00000000 x26=0x00000000
       15815000	      1580	80001790	fa07ec13	ori	x24,x15,-96	 x15:0x000003f9 x24=0xfffffff9
       15825000	      1581	80001794	01834bb3	xor	x23,x6,x24	  x6:0x0000033a x24:0xfffffff9 x23=0xfffffcc3
       15835000	      1582	80001798	41b15913	srai	x18,x2,0x1b	  x2:0x00000000 x18=0x00000000
       15845000	      1583	8000179c	41fbd0b3	sra	x1,x23,x31	 x23:0xfffffcc3 x31:0x00000001  x1=0xfffffe61
       15855000	      1584	800017a0	009b2eb3	slt	x29,x22,x9	 x22:0x00000000  x9:0x00000001 x29=0x00000001
       15865000	      1585	800017a4	00000013	addi	x0,x0,0	  x0:0x00000000
       15875000	      1586	800017a8	4e6a0913	addi	x18,x20,1254	 x20:0x80009f78 x18=0x8000a45e
       15885000	      1587	800017ac	3cf77093	andi	x1,x14,975	 x14:0x000063a0  x1=0x00000380
       15895000	      1588	800017b0	0b723513	sltiu	x10,x4,183	  x4:0x00000000 x10=0x00000001
       15905000	      1589	800017b4	176cbdb7	lui	x27,0x176cb	 x27=0x176cb000
       15915000	      1590	800017b8	016e1713	slli	x14,x28,0x16	 x28:0xe3bc64bd x14=0x2f400000
       15925000	      1591	800017bc	012b6a63	bltu	x22,x18,800017d0	 x22:0x00000000 x18:0x8000a45e
       15935000	      1592	00000000	00000013	addi	x0,x0,0	  x0:0x00000000
       15945000	      1593	800017cc	00000013	addi	x0,x0,0	  x0:0x00000000
       15955000	      1594	800017d0	014815b3	sll	x11,x16,x20	 x16:0x18002107 x20:0x80009f78 x11=0x07000000
       15965000	      1595	800017d4	6c71a837	lui	x16,0x6c71a	 x16=0x6c71a000
       15975000	      1596	800017d8	01ffbfb3	sltu	x31,x31,x31	 x31:0x00000001 x31:0x00000001 x31=0x00000000
       15985000	      1597	800017dc	01655393	srli	x7,x10,0x16	 x10:0x00000001  x7=0x00000000
       15995000	      1598	800017e0	15772d93	slti	x27,x14,343	 x14:0x2f400000 x27=0x00000000
       16005000	      1599	800017e4	05a16263	bltu	x2,x26,80001828	  x2:0x00000000 x26:0x00000000
       16015000	      1600	800017e8	6c286e13	ori	x28,x16,1730	 x16:0x6c71a000 x28=0x6c71a6c2
       16025000	      1601	800017ec	0043b533	sltu	x10,x7,x4	  x7:0x00000000  x4:0x00000000 x10=0x00000000
       16035000	      1602	800017f0	01dca933	slt	x18,x25,x29	 x25:0x00000001 x29:0x00000001 x18=0x00000000
       16045000	      1603	800017f4	0457f063	bgeu	x15,x5,80001834	 x15:0x000003f9  x5:0x00000001
       16055000	      1604	00000000	00000013	addi	x0,x0,0	  x0:0x00000000
       16065000	      1605	80001830	00000013	addi	x0,x0,0	  x0:0x00000000
       16075000	      1606	80001834	0024ee33	or	x28,x9,x2	  x9:0x00000001  x2:0x00000000 x28=0x00000001
       16085000	      1607	80001838	9a2eb493	sltiu	x9,x29,-1630	 x29:0x00000001  x9=0x00000001
       16095000	      1608	8000183c	01b5d493	srli	x9,x11,0x1b	 x11:0x07000000  x9=0x00000000
       16105000	      1609	80001840	0122d463	bge	x5,x18,80001848	  x5:0x00000001 x18:0x00000000
       16115000	      1610	00000000	00000013	addi	x0,x0,0	  x0:0x00000000
       16125000	      1611	80001844	00000013	addi	x0,x0,0	  x0:0x00000000
       16135000	      1612	80001848	40688e33	sub	x28,x17,x6	 x17:0x00000001  x6:0x0000033a x28=0xfffffcc7
       16145000	      1613	8000184c	01707cb3	and	x25,x0,x23	  x0:0x00000000 x23:0xfffffcc3 x25=0x00000000
       16155000	      1614	80001850	95050c13	addi	x24,x10,-1712	 x10:0x00000000 x24=0xfffff950
       16165000	      1615	80001854	014d5c93	srli	x25,x26,0x14	 x26:0x00000000 x25=0x00000000
       16175000	      1616	80001858	028c1a63	bne	x24,x8,8000188c	 x24:0xfffff950  x8:0x2fbea000
       16185000	      1617	00000000	00000013	addi	x0,x0,0	  x0:0x00000000
       16195000	      1618	80001888	00000013	addi	x0,x0,0	  x0:0x00000000
       16205000	      1619	8000188c	34a6e5b7	lui	x11,0x34a6e	 x11=0x34a6e000
       16215000	      1620	80001890	52d02493	slti	x9,x0,1325	  x0:0x00000000  x9=0x00000001
       16225000	      1621	80001894	b5588593	addi	x11,x17,-1195	 x17:0x00000001 x11=0xfffffb56
       16235000	      1622	80001898	00e39433	sll	x8,x7,x14	  x7:0x00000000 x14:0x2f400000  x8=0x00000000
       16245000	      1623	8000189c	0beb98b7	lui	x17,0xbeb9	 x17=0x0beb9000
       16255000	      1624	800018a0	00378233	add	x4,x15,x3	 x15:0x000003f9  x3:0x5f7d4000  x4=0x5f7d43f9
       16265000	      1625	800018a4	00ca6b33	or	x22,x20,x12	 x20:0x80009f78 x12:0x00000000 x22=0x80009f78
       16275000	      1626	800018a8	01970e63	beq	x14,x25,800018c4	 x14:0x2f400000 x25:0x00000000
       16285000	      1627	800018ac	00038c63	beq	x7,x0,800018c4	  x7:0x00000000  x0:0x00000000
       16295000	      1628	00000000	00000013	addi	x0,x0,0	  x0:0x00000000
       16305000	      1629	800018c0	00000013	addi	x0,x0,0	  x0:0x00000000
       16315000	      1630	800018c4	41ea5d13	srai	x26,x20,0x1e	 x20:0x80009f78 x26=0xfffffffe
       16325000	      1631	800018c8	00ed2db3	slt	x27,x26,x14	 x26:0xfffffffe x14:0x2f400000 x27=0x00000001
       16335000	      1632	800018cc	004a2e83	lw	x29,4(x20)	 x20:0x80009f78 x29=0x800007a0 PA:0x80009f7c
       16345000	      1633	800018d0	34d64b93	xori	x23,x12,845	 x12:0x00000000 x23=0x0000034d
       16355000	      1634	800018d4	01bc0bb3	add	x23,x24,x27	 x24:0xfffff950 x27:0x00000001 x23=0xfffff951
       16365000	      1635	800018d8	00ca0a13	addi	x20,x20,12	 x20:0x80009f78 x20=0x80009f84
       16375000	      1636	800018dc	00174c33	xor	x24,x14,x1	 x14:0x2f400000  x1:0x00000380 x24=0x2f400380
       16385000	      1637	800018e0	007748b3	xor	x17,x14,x7	 x14:0x2f400000  x7:0x00000000 x17=0x2f400000
       16395000	      1638	800018e4	4968b513	sltiu	x10,x17,1174	 x17:0x2f400000 x10=0x00000000
       16405000	      1639	800018e8	00ff18b3	sll	x17,x30,x15	 x30:0x00000000 x15:0x000003f9 x17=0x00000000
       16415000	      1640	800018ec	000e8b13	addi	x22,x29,0	 x29:0x800007a0 x22=0x800007a0
       16425000	      1641	800018f0	000b0b67	jalr	x22,x22,0	 x22:0x800007a0 x22=0x800018f0
       16435000	      1642	00000000	00000013	addi	x0,x0,0	  x0:0x00000000
       16445000	      1643	800007a0	00000013	addi	x0,x0,0	  x0:0x00000000
       16455000	      1644	800007a4	001b3833	sltu	x16,x22,x1	 x22:0x800018f0  x1:0x00000380 x16=0x00000000
       16465000	      1645	800007a8	00a53333	sltu	x6,x10,x10	 x10:0x00000000 x10:0x00000000  x6=0x00000000
       16475000	      1646	800007ac	13a9b093	sltiu	x1,x19,314	 x19:0x00000000  x1=0x00000001
       16485000	      1647	800007b0	01739bb3	sll	x23,x7,x23	  x7:0x00000000 x23:0xfffff951 x23=0x00000000
       16495000	      1648	800007b4	011ede63	bge	x29,x17,800007d0	 x29:0x800007a0 x17:0x00000000
       16505000	      1649	800007b8	01889663	bne	x17,x24,800007c4	 x17:0x00000000 x24:0x2f400380
       16515000	      1650	00000000	00000013	addi	x0,x0,0	  x0:0x00000000
       16525000	      1651	800007c0	00000013	addi	x0,x0,0	  x0:0x00000000
       16535000	      1652	800007c4	01b2b233	sltu	x4,x5,x27	  x5:0x00000001 x27:0x00000001  x4=0x00000000
       16545000	      1653	800007c8	0134db93	srli	x23,x9,0x13	  x9:0x00000001 x23=0x00000000
       16555000	      1654	800007cc	41935f93	srai	x31,x6,0x19	  x6:0x00000000 x31=0x00000000
       16565000	      1655	800007d0	01251213	slli	x4,x10,0x12	 x10:0x00000000  x4=0x00000000
       16575000	      1656	800007d4	c93f6013	ori	x0,x30,-877	 x30:0x00000000
       16585000	      1657	800007d8	f6b7fc93	andi	x25,x15,-149	 x15:0x000003f9 x25=0x00000369
       16595000	      1658	800007dc	0024fc33	and	x24,x9,x2	  x9:0x00000001  x2:0x00000000 x24=0x00000000
       16605000	      1659	800007e0	00000997	auipc	x19,0x0	 x19=0x800007dc
       16615000	      1660	800007e4	00c98993	addi	x19,x19,12	 x19:0x800007dc x19=0x800007e8
       16625000	      1661	800007e8	00098067	jalr	x0,x19,0	 x19:0x800007e8
       16635000	      1662	00000000	00000013	addi	x0,x0,0	  x0:0x00000000
       16645000	      1663	800007e8	00000013	addi	x0,x0,0	  x0:0x00000000
       16655000	      1664	800007ec	00100193	addi	x3,x0,1	  x0:0x00000000  x3=0x00000001
       16665000	      1665	800007f0	00000073	ecall	
       16675000	      1666	800007f4	ff4a0a13	addi	x20,x20,-12	 x20:0x80009f84 x20=0x80009f78
