		Time			Cycle	PC		Insn	Decoded instruction	Register and memory contents
          65000	         5	80000004	00000293	addi	x5,x0,0	  x0:0x00000000  x5=0x00000000
          75000	         6	80000008	00000313	addi	x6,x0,0	  x0:0x00000000  x6=0x00000000
          85000	         7	8000000c	00628263	beq	x5,x6,80000010	  x5:0x00000000  x6:0x00000000
          95000	         8	00000000	00000013	addi	x0,x0,0	  x0:0x00000000
         105000	         9	8000000c	00000013	addi	x0,x0,0	  x0:0x00000000
         115000	        10	80000010	00000397	auipc	x7,0x0	  x7=0x8000000c
         125000	        11	80000014	00c38393	addi	x7,x7,12	  x7:0x8000000c  x7=0x80000018
         135000	        12	80000018	00038067	jalr	x0,x7,0	  x7:0x80000018
         145000	        13	00000000	00000013	addi	x0,x0,0	  x0:0x00000000
         155000	        14	80000018	00000013	addi	x0,x0,0	  x0:0x00000000
         165000	        15	8000001c	40000337	lui	x6,0x40000	  x6=0x40000000
         175000	        16	80000020	10030313	addi	x6,x6,256	  x6:0x40000000  x6=0x40000100
         185000	        17	80000024	00000013	addi	x0,x0,0	  x0:0x00000000
         195000	        18	80000028	0000a617	auipc	x12,0xa	 x12=0x8000a024
         205000	        19	8000002c	fa060613	addi	x12,x12,-96	 x12:0x8000a024 x12=0x80009fc4
         215000	        20	80000030	00002317	auipc	x6,0x2	  x6=0x8000202c
         225000	        21	80000034	ef030313	addi	x6,x6,-272	  x6:0x8000202c  x6=0x80001f1c
         235000	        22	80000038	00036313	ori	x6,x6,0	  x6:0x80001f1c  x6=0x80001f1c
         245000	        23	8000003c	00000013	addi	x0,x0,0	  x0:0x00000000
         255000	        24	80000040	00000317	auipc	x6,0x0	  x6=0x8000003c
         265000	        25	80000044	02030313	addi	x6,x6,32	  x6:0x8000003c  x6=0x8000005c
         275000	        26	80000048	00000013	addi	x0,x0,0	  x0:0x00000000
         285000	        27	8000004c	00000013	addi	x0,x0,0	  x0:0x00000000
         295000	        28	80000050	00002337	lui	x6,0x2	  x6=0x00002000
         305000	        29	80000054	80030313	addi	x6,x6,-2048	  x6:0x00002000  x6=0x00001800
         315000	        30	80000058	00000013	addi	x0,x0,0	  x0:0x00000000
         325000	        31	8000005c	00000013	addi	x0,x0,0	  x0:0x00000000
         335000	        32	80000060	80000037	lui	x0,0x80000	
         345000	        33	80000064	00000013	addi	x0,x0,0	  x0:0x00000000
         355000	        34	80000068	800000b7	lui	x1,0x80000	  x1=0x80000000
         365000	        35	8000006c	5fb84137	lui	x2,0x5fb84	  x2=0x5fb84000
         375000	        36	80000070	90c10113	addi	x2,x2,-1780	  x2:0x5fb84000  x2=0x5fb8390c
         385000	        37	80000074	00700193	addi	x3,x0,7	  x0:0x00000000  x3=0x00000007
         395000	        38	80000078	fc571237	lui	x4,0xfc571	  x4=0xfc571000
         405000	        39	8000007c	89a20213	addi	x4,x4,-1894	  x4:0xfc571000  x4=0xfc57089a
         415000	        40	80000080	800002b7	lui	x5,0x80000	  x5=0x80000000
         425000	        41	80000084	328ca337	lui	x6,0x328ca	  x6=0x328ca000
         435000	        42	80000088	d0830313	addi	x6,x6,-760	  x6:0x328ca000  x6=0x328c9d08
         445000	        43	8000008c	00800393	addi	x7,x0,8	  x0:0x00000000  x7=0x00000008
         455000	        44	80000090	00000413	addi	x8,x0,0	  x0:0x00000000  x8=0x00000000
         465000	        45	80000094	f685d4b7	lui	x9,0xf685d	  x9=0xf685d000
         475000	        46	80000098	3d748493	addi	x9,x9,983	  x9:0xf685d000  x9=0xf685d3d7
         485000	        47	8000009c	d3939537	lui	x10,0xd3939	 x10=0xd3939000
         495000	        48	800000a0	e9750513	addi	x10,x10,-361	 x10:0xd3939000 x10=0xd3938e97
         505000	        49	800000a4	800005b7	lui	x11,0x80000	 x11=0x80000000
         515000	        50	800000a8	b00706b7	lui	x13,0xb0070	 x13=0xb0070000
         525000	        51	800000ac	d2768693	addi	x13,x13,-729	 x13:0xb0070000 x13=0xb006fd27
         535000	        52	800000b0	80000737	lui	x14,0x80000	 x14=0x80000000
         545000	        53	800000b4	fbb3f7b7	lui	x15,0xfbb3f	 x15=0xfbb3f000
         555000	        54	800000b8	47178793	addi	x15,x15,1137	 x15:0xfbb3f000 x15=0xfbb3f471
         565000	        55	800000bc	3fd80837	lui	x16,0x3fd80	 x16=0x3fd80000
         575000	        56	800000c0	80a80813	addi	x16,x16,-2038	 x16:0x3fd80000 x16=0x3fd7f80a
         585000	        57	800000c4	800008b7	lui	x17,0x80000	 x17=0x80000000
         595000	        58	800000c8	80000937	lui	x18,0x80000	 x18=0x80000000
         605000	        59	800000cc	fc60f9b7	lui	x19,0xfc60f	 x19=0xfc60f000
         615000	        60	800000d0	87198993	addi	x19,x19,-1935	 x19:0xfc60f000 x19=0xfc60e871
         625000	        61	800000d4	f6a06a37	lui	x20,0xf6a06	 x20=0xf6a06000
         635000	        62	800000d8	bbca0a13	addi	x20,x20,-1092	 x20:0xf6a06000 x20=0xf6a05bbc
         645000	        63	800000dc	00d00a93	addi	x21,x0,13	  x0:0x00000000 x21=0x0000000d
         655000	        64	800000e0	80000b37	lui	x22,0x80000	 x22=0x80000000
         665000	        65	800000e4	00000b93	addi	x23,x0,0	  x0:0x00000000 x23=0x00000000
         675000	        66	800000e8	00000c13	addi	x24,x0,0	  x0:0x00000000 x24=0x00000000
         685000	        67	800000ec	476fcd37	lui	x26,0x476fc	 x26=0x476fc000
         695000	        68	800000f0	7b2d0d13	addi	x26,x26,1970	 x26:0x476fc000 x26=0x476fc7b2
         705000	        69	800000f4	00f00d93	addi	x27,x0,15	  x0:0x00000000 x27=0x0000000f
         715000	        70	800000f8	56bc1e37	lui	x28,0x56bc1	 x28=0x56bc1000
         725000	        71	800000fc	b2fe0e13	addi	x28,x28,-1233	 x28:0x56bc1000 x28=0x56bc0b2f
         735000	        72	80000100	f7dbeeb7	lui	x29,0xf7dbe	 x29=0xf7dbe000
         745000	        73	80000104	d15e8e93	addi	x29,x29,-747	 x29:0xf7dbe000 x29=0xf7dbdd15
         755000	        74	80000108	80000f37	lui	x30,0x80000	 x30=0x80000000
         765000	        75	8000010c	2c846fb7	lui	x31,0x2c846	 x31=0x2c846000
         775000	        76	80000110	e85f8f93	addi	x31,x31,-379	 x31:0x2c846000 x31=0x2c845e85
         785000	        77	80000114	0000ac97	auipc	x25,0xa	 x25=0x8000a110
         795000	        78	80000118	e74c8c93	addi	x25,x25,-396	 x25:0x8000a110 x25=0x80009f84
         805000	        79	8000011c	00009a17	auipc	x20,0x9	 x20=0x80009118
         815000	        80	80000120	a0ea0a13	addi	x20,x20,-1522	 x20:0x80009118 x20=0x80008b26
         825000	        81	80000124	f0aa1b83	lh	x23,-246(x20)	 x20:0x80008b26 x23=0x00001a1b PA:0x80008a30
         835000	        82	80000128	f0aa1203	lh	x4,-246(x20)	 x20:0x80008b26  x4=0x00001a1b PA:0x80008a30
         845000	        83	8000012c	0f4a1f03	lh	x30,244(x20)	 x20:0x80008b26 x30=0x00000001 PA:0x80008c1a
         855000	        84	80000130	00d15fb3	srl	x31,x2,x13	  x2:0x5fb8390c x13:0xb006fd27 x31=0x00bf7072
         865000	        85	80000134	80c0bf13	sltiu	x30,x1,-2036	  x1:0x80000000 x30=0x00000001
         875000	        86	80000138	002ffdb3	and	x27,x31,x2	 x31:0x00bf7072  x2:0x5fb8390c x27=0x00b83000
         885000	        87	8000013c	0190f233	and	x4,x1,x25	  x1:0x80000000 x25:0x80009f84  x4=0x80000000
         895000	        88	80000140	0f4a5c03	lhu	x24,244(x20)	 x20:0x80008b26 x24=0x00000001 PA:0x80008c1a
         905000	        89	80000144	0f4a4303	lbu	x6,244(x20)	 x20:0x80008b26  x6=0x00000001 PA:0x80008c1a
         915000	        90	80000148	027a4b83	lbu	x23,39(x20)	 x20:0x80008b26 x23=0x00000036 PA:0x80008b4d
         925000	        91	8000014c	084a5083	lhu	x1,132(x20)	 x20:0x80008b26  x1=0x00009091 PA:0x80008baa
         935000	        92	80000150	f98a04a3	sb	x24,-119(x20)	 x20:0x80008b26 x24:0x00000001 PA:0x80008aaf
         945000	        93	80000154	41e05433	sra	x8,x0,x30	  x0:0x00000000 x30:0x00000001  x8=0x00000000
         955000	        94	80000158	f89a4e83	lbu	x29,-119(x20)	 x20:0x80008b26 x29=0x00000001 PA:0x80008aaf
         965000	        95	00000000	00000013	addi	x0,x0,0	  x0:0x00000000
         975000	        96	8000015c	0fda4e83	lbu	x29,253(x20)	 x20:0x80008b26 x29=0x00000008 PA:0x80008c23
         985000	        97	00000000	00000013	addi	x0,x0,0	  x0:0x00000000
         995000	        98	80000160	0fda0703	lb	x14,253(x20)	 x20:0x80008b26 x14=0x00000008 PA:0x80008c23
        1005000	        99	80000164	0eca5183	lhu	x3,236(x20)	 x20:0x80008b26  x3=0x0000f8f9 PA:0x80008c12
        1015000	       100	80000168	0eca4283	lbu	x5,236(x20)	 x20:0x80008b26  x5=0x000000f9 PA:0x80008c12
        1025000	       101	8000016c	f71a0723	sb	x17,-146(x20)	 x20:0x80008b26 x17:0x80000000 PA:0x80008a94
        1035000	       102	80000170	0e9a0983	lb	x19,233(x20)	 x20:0x80008b26 x19=0xfffffff4 PA:0x80008c0f
        1045000	       103	80000174	0e9a0983	lb	x19,233(x20)	 x20:0x80008b26 x19=0xfffffff4 PA:0x80008c0f
        1055000	       104	80000178	f9ba0683	lb	x13,-101(x20)	 x20:0x80008b26 x13=0xffffffaa PA:0x80008ac1
        1065000	       105	8000017c	fe4a0803	lb	x16,-28(x20)	 x20:0x80008b26 x16=0xfffffff1 PA:0x80008b0a
        1075000	       106	80000180	00009117	auipc	x2,0x9	  x2=0x8000917c
        1085000	       107	80000184	87010113	addi	x2,x2,-1936	  x2:0x8000917c  x2=0x800089ec
        1095000	       108	80000188	00d81a93	slli	x21,x16,0xd	 x16:0xfffffff1 x21=0xfffe2000
        1105000	       109	8000018c	29757913	andi	x18,x10,663	 x10:0xd3938e97 x18=0x00000297
        1115000	       110	80000190	ffc12703	lw	x14,-4(x2)	  x2:0x800089ec x14=0xd0d1d2d3 PA:0x800089e8
        1125000	       111	80000194	f4514e83	lbu	x29,-187(x2)	  x2:0x800089ec x29=0x0000001a PA:0x80008931
        1135000	       112	80000198	41255333	sra	x6,x10,x18	 x10:0xd3938e97 x18:0x00000297  x6=0xffffffa7
        1145000	       113	8000019c	f8615e03	lhu	x28,-122(x2)	  x2:0x800089ec x28=0x00005859 PA:0x80008972
        1155000	       114	800001a0	00f11323	sh	x15,6(x2)	  x2:0x800089ec x15:0xfbb3f471 PA:0x800089f2
        1165000	       115	800001a4	01a2b533	sltu	x10,x5,x26	  x5:0x000000f9 x26:0x476fc7b2 x10=0x00000001
        1175000	       116	800001a8	f3910083	lb	x1,-199(x2)	  x2:0x800089ec  x1=0x0000000e PA:0x80008925
        1185000	       117	800001ac	0e710a03	lb	x20,231(x2)	  x2:0x800089ec x20=0xffffffb8 PA:0x80008ad3
        1195000	       118	800001b0	00000013	addi	x0,x0,0	  x0:0x00000000
        1205000	       119	800001b4	84028e97	auipc	x29,0x84028	 x29=0x040281b0
        1215000	       120	800001b8	a29ec493	xori	x9,x29,-1495	 x29:0x040281b0  x9=0xfbfd7b99
        1225000	       121	800001bc	00000013	addi	x0,x0,0	  x0:0x00000000
        1235000	       122	800001c0	08e10083	lb	x1,142(x2)	  x2:0x800089ec  x1=0x00000061 PA:0x80008a7a
        1245000	       123	800001c4	03e10403	lb	x8,62(x2)	  x2:0x800089ec  x8=0x00000011 PA:0x80008a2a
        1255000	       124	800001c8	00703c33	sltu	x24,x0,x7	  x0:0x00000000  x7:0x00000008 x24=0x00000001
        1265000	       125	800001cc	f7d11823	sh	x29,-144(x2)	  x2:0x800089ec x29:0x040281b0 PA:0x8000895c
        1275000	       126	800001d0	00831d33	sll	x26,x6,x8	  x6:0xffffffa7  x8:0x00000011 x26=0xff4e0000
        1285000	       127	800001d4	3a36b413	sltiu	x8,x13,931	 x13:0xffffffaa  x8=0x00000000
        1295000	       128	800001d8	04012d83	lw	x27,64(x2)	  x2:0x800089ec x27=0x14151617 PA:0x80008a2c
        1305000	       129	800001dc	1ad87893	andi	x17,x16,429	 x16:0xfffffff1 x17=0x000001a1
        1315000	       130	800001e0	f67104a3	sb	x7,-151(x2)	  x2:0x800089ec  x7:0x00000008 PA:0x80008955
        1325000	       131	800001e4	00c67f33	and	x30,x12,x12	 x12:0x80009fc4 x12:0x80009fc4 x30=0x80009fc4
        1335000	       132	800001e8	016aee13	ori	x28,x21,22	 x21:0xfffe2000 x28=0xfffe2016
        1345000	       133	800001ec	fae15883	lhu	x17,-82(x2)	  x2:0x800089ec x17=0x00008081 PA:0x8000899a
        1355000	       134	800001f0	410c5993	srai	x19,x24,0x10	 x24:0x00000001 x19=0x00000000
        1365000	       135	800001f4	01f21333	sll	x6,x4,x31	  x4:0x80000000 x31:0x00bf7072  x6=0x00000000
        1375000	       136	800001f8	99f5eb37	lui	x22,0x99f5e	 x22=0x99f5e000
        1385000	       137	800001fc	01ef5933	srl	x18,x30,x30	 x30:0x80009fc4 x30:0x80009fc4 x18=0x080009fc
        1395000	       138	80000200	00e269b3	or	x19,x4,x14	  x4:0x80000000 x14:0xd0d1d2d3 x19=0xd0d1d2d3
        1405000	       139	80000204	57927217	auipc	x4,0x57927	  x4=0xd7927200
        1415000	       140	80000208	03714a83	lbu	x21,55(x2)	  x2:0x800089ec x21=0x00000008 PA:0x80008a23
        1425000	       141	00000000	00000013	addi	x0,x0,0	  x0:0x00000000
        1435000	       142	8000020c	93557d13	andi	x26,x10,-1739	 x10:0x00000001 x26=0x00000001
        1445000	       143	80000210	00810503	lb	x10,8(x2)	  x2:0x800089ec x10=0xffffffdf PA:0x800089f4
        1455000	       144	80000214	41fe8233	sub	x4,x29,x31	 x29:0x040281b0 x31:0x00bf7072  x4=0x0343113e
        1465000	       145	80000218	0c514a83	lbu	x21,197(x2)	  x2:0x800089ec x21=0x0000009a PA:0x80008ab1
        1475000	       146	8000021c	00f8a4b3	slt	x9,x17,x15	 x17:0x00008081 x15:0xfbb3f471  x9=0x00000000
        1485000	       147	80000220	002cc733	xor	x14,x25,x2	 x25:0x80009f84  x2:0x800089ec x14=0x00001668
        1495000	       148	80000224	41a50833	sub	x16,x10,x26	 x10:0xffffffdf x26:0x00000001 x16=0xffffffde
        1505000	       149	80000228	0098e233	or	x4,x17,x9	 x17:0x00008081  x9:0x00000000  x4=0x00008081
        1515000	       150	8000022c	f5311d23	sh	x19,-166(x2)	  x2:0x800089ec x19:0xd0d1d2d3 PA:0x80008946
        1525000	       151	80000230	00008e17	auipc	x28,0x8	 x28=0x8000822c
        1535000	       152	80000234	594e0e13	addi	x28,x28,1428	 x28:0x8000822c x28=0x800087c0
        1545000	       153	80000238	fcde0483	lb	x9,-51(x28)	 x28:0x800087c0  x9=0x00000046 PA:0x8000878d
        1555000	       154	8000023c	00008697	auipc	x13,0x8	 x13=0x80008238
        1565000	       155	80000240	1ee68693	addi	x13,x13,494	 x13:0x80008238 x13=0x80008426
        1575000	       156	80000244	fe6e4703	lbu	x14,-26(x28)	 x28:0x800087c0 x14=0x0000005d PA:0x800087a6
        1585000	       157	80000248	00c68a83	lb	x21,12(x13)	 x13:0x80008426 x21=0xffffffe9 PA:0x80008432
        1595000	       158	8000024c	ff9e04a3	sb	x25,-23(x28)	 x28:0x800087c0 x25:0x80009f84 PA:0x800087a9
        1605000	       159	80000250	00008c17	auipc	x24,0x8	 x24=0x8000824c
        1615000	       160	80000254	59bc0c13	addi	x24,x24,1435	 x24:0x8000824c x24=0x800087e7
        1625000	       161	80000258	0036c003	lbu	x0,3(x13)	 x13:0x80008426 PA:0x80008429
        1635000	       162	8000025c	014c0c23	sb	x20,24(x24)	 x24:0x800087e7 x20:0xffffffb8 PA:0x800087ff
        1645000	       163	80000260	fc5c2803	lw	x16,-59(x24)	 x24:0x800087e7 x16=0x64656667 PA:0x800087ac
        1655000	       164	80000264	fe968ca3	sb	x9,-7(x13)	 x13:0x80008426  x9:0x00000046 PA:0x8000841f
        1665000	       165	80000268	fd1e03a3	sb	x17,-57(x28)	 x28:0x800087c0 x17:0x00008081 PA:0x80008787
        1675000	       166	8000026c	ff96cd03	lbu	x26,-7(x13)	 x13:0x80008426 x26=0x00000046 PA:0x8000841f
        1685000	       167	80000270	038e03a3	sb	x24,39(x28)	 x28:0x800087c0 x24:0x800087e7 PA:0x800087e7
        1695000	       168	80000274	ff269503	lh	x10,-14(x13)	 x13:0x80008426 x10=0xffffd2d3 PA:0x80008418
        1705000	       169	80000278	fe6e01a3	sb	x6,-29(x28)	 x28:0x800087c0  x6:0x00000000 PA:0x800087a3
        1715000	       170	8000027c	f7fc0923	sb	x31,-142(x24)	 x24:0x800087e7 x31:0x00bf7072 PA:0x80008759
        1725000	       171	80000280	01de4003	lbu	x0,29(x28)	 x28:0x800087c0 PA:0x800087dd
        1735000	       172	80000284	015e4b03	lbu	x22,21(x28)	 x28:0x800087c0 x22=0x0000008e PA:0x800087d5
        1745000	       173	80000288	f72c0883	lb	x17,-142(x24)	 x24:0x800087e7 x17=0x00000072 PA:0x80008759
        1755000	       174	8000028c	fc8e4b83	lbu	x23,-56(x28)	 x28:0x800087c0 x23=0x00000043 PA:0x80008788
        1765000	       175	80000290	fc2e2a23	sw	x2,-44(x28)	 x28:0x800087c0  x2:0x800089ec PA:0x80008794
        1775000	       176	80000294	f9ac4883	lbu	x17,-102(x24)	 x24:0x800087e7 x17=0x0000003a PA:0x80008781
        1785000	       177	80000298	017390b3	sll	x1,x7,x23	  x7:0x00000008 x23:0x00000043  x1=0x00000040
        1795000	       178	8000029c	019ef033	and	x0,x29,x25	 x29:0x040281b0 x25:0x80009f84
        1805000	       179	800002a0	017a3833	sltu	x16,x20,x23	 x20:0xffffffb8 x23:0x00000043 x16=0x00000000
        1815000	       180	800002a4	678b4813	xori	x16,x22,1656	 x22:0x0000008e x16=0x000006f6
        1825000	       181	800002a8	017ade63	bge	x21,x23,800002c4	 x21:0xffffffe9 x23:0x00000043
        1835000	       182	800002ac	3283e093	ori	x1,x7,808	  x7:0x00000008  x1=0x00000328
        1845000	       183	800002b0	0141c1b3	xor	x3,x3,x20	  x3:0x0000f8f9 x20:0xffffffb8  x3=0xffff0741
        1855000	       184	800002b4	41100433	sub	x8,x0,x17	  x0:0x00000000 x17:0x0000003a  x8=0xffffffc6
        1865000	       185	800002b8	02fa7c63	bgeu	x20,x15,800002f0	 x20:0xffffffb8 x15:0xfbb3f471
        1875000	       186	00000000	00000013	addi	x0,x0,0	  x0:0x00000000
        1885000	       187	800002ec	00000013	addi	x0,x0,0	  x0:0x00000000
        1895000	       188	800002f0	29990e13	addi	x28,x18,665	 x18:0x080009fc x28=0x08000c95
        1905000	       189	800002f4	0162b4b3	sltu	x9,x5,x22	  x5:0x000000f9 x22:0x0000008e  x9=0x00000000
        1915000	       190	800002f8	65ae0e93	addi	x29,x28,1626	 x28:0x08000c95 x29=0x080012ef
        1925000	       191	800002fc	10b43313	sltiu	x6,x8,267	  x8:0xffffffc6  x6=0x00000000
        1935000	       192	80000300	defea813	slti	x16,x29,-529	 x29:0x080012ef x16=0x00000000
        1945000	       193	80000304	40305eb3	sra	x29,x0,x3	  x0:0x00000000  x3:0xffff0741 x29=0x00000000
        1955000	       194	80000308	02907063	bgeu	x0,x9,80000328	  x0:0x00000000  x9:0x00000000
        1965000	       195	00000000	00000013	addi	x0,x0,0	  x0:0x00000000
        1975000	       196	80000324	00000013	addi	x0,x0,0	  x0:0x00000000
        1985000	       197	80000328	0174e863	bltu	x9,x23,80000338	  x9:0x00000000 x23:0x00000043
        1995000	       198	00000000	00000013	addi	x0,x0,0	  x0:0x00000000
        2005000	       199	80000334	00000013	addi	x0,x0,0	  x0:0x00000000
        2015000	       200	80000338	01d690b3	sll	x1,x13,x29	 x13:0x80008426 x29:0x00000000  x1=0x80008426
        2025000	       201	8000033c	daefaf37	lui	x30,0xdaefa	 x30=0xdaefa000
        2035000	       202	80000340	00f5ffb3	and	x31,x11,x15	 x11:0x80000000 x15:0xfbb3f471 x31=0x80000000
        2045000	       203	80000344	4be9ebb7	lui	x23,0x4be9e	 x23=0x4be9e000
        2055000	       204	80000348	00000013	addi	x0,x0,0	  x0:0x00000000
        2065000	       205	8000034c	074a8063	beq	x21,x20,800003ac	 x21:0xffffffe9 x20:0xffffffb8
        2075000	       206	80000350	026ec713	xori	x14,x29,38	 x29:0x00000000 x14=0x00000026
        2085000	       207	80000354	010e1fb3	sll	x31,x28,x16	 x28:0x08000c95 x16:0x00000000 x31=0x08000c95
        2095000	       208	80000358	92697517	auipc	x10,0x92697	 x10=0x12697354
        2105000	       209	8000035c	40655733	sra	x14,x10,x6	 x10:0x12697354  x6:0x00000000 x14=0x12697354
        2115000	       210	80000360	ab108713	addi	x14,x1,-1359	  x1:0x80008426 x14=0x80007ed7
        2125000	       211	80000364	00c8a1b3	slt	x3,x17,x12	 x17:0x0000003a x12:0x80009fc4  x3=0x00000000
        2135000	       212	80000368	006647b3	xor	x15,x12,x6	 x12:0x80009fc4  x6:0x00000000 x15=0x80009fc4
        2145000	       213	8000036c	01364b33	xor	x22,x12,x19	 x12:0x80009fc4 x19:0xd0d1d2d3 x22=0x50d14d17
        2155000	       214	80000370	40f36293	ori	x5,x6,1039	  x6:0x00000000  x5=0x0000040f
        2165000	       215	80000374	00169213	slli	x4,x13,0x1	 x13:0x80008426  x4=0x0001084c
        2175000	       216	80000378	00479fb3	sll	x31,x15,x4	 x15:0x80009fc4  x4:0x0001084c x31=0x09fc4000
        2185000	       217	8000037c	00001e17	auipc	x28,0x1	 x28=0x80001378
        2195000	       218	80000380	dc8e0e13	addi	x28,x28,-568	 x28:0x80001378 x28=0x80001140
        2205000	       219	80000384	3ee60a93	addi	x21,x12,1006	 x12:0x80009fc4 x21=0x8000a3b2
        2215000	       220	80000388	016d1113	slli	x2,x26,0x16	 x26:0x00000046  x2=0x11800000
        2225000	       221	8000038c	013f6733	or	x14,x30,x19	 x30:0xdaefa000 x19:0xd0d1d2d3 x14=0xdafff2d3
        2235000	       222	80000390	01d47333	and	x6,x8,x29	  x8:0xffffffc6 x29:0x00000000  x6=0x00000000
        2245000	       223	80000394	30618b93	addi	x23,x3,774	  x3:0x00000000 x23=0x00000306
        2255000	       224	80000398	195e0e13	addi	x28,x28,405	 x28:0x80001140 x28=0x800012d5
        2265000	       225	8000039c	9e3b6d97	auipc	x27,0x9e3b6	 x27=0x1e3b6398
        2275000	       226	800003a0	00b15463	bge	x2,x11,800003a8	  x2:0x11800000 x11:0x80000000
        2285000	       227	00000000	00000013	addi	x0,x0,0	  x0:0x00000000
        2295000	       228	800003a4	00000013	addi	x0,x0,0	  x0:0x00000000
        2305000	       229	800003a8	e6ce0367	jalr	x6,x28,-404	 x28:0x800012d5  x6=0x800003a8
        2315000	       230	00000000	00000013	addi	x0,x0,0	  x0:0x00000000
        2325000	       231	80001140	00000013	addi	x0,x0,0	  x0:0x00000000
        2335000	       232	80001144	41b65533	sra	x10,x12,x27	 x12:0x80009fc4 x27:0x1e3b6398 x10=0xffffff80
        2345000	       233	80001148	00a04463	blt	x0,x10,80001150	  x0:0x00000000 x10:0xffffff80
        2355000	       234	8000114c	00f907b3	add	x15,x18,x15	 x18:0x080009fc x15:0x80009fc4 x15=0x8800a9c0
        2365000	       235	80001150	fc4c8c93	addi	x25,x25,-60	 x25:0x80009f84 x25=0x80009f48
        2375000	       236	80001154	006ca223	sw	x6,4(x25)	 x25:0x80009f48  x6:0x800003a8 PA:0x80009f4c
        2385000	       237	80001158	009ca2b3	slt	x5,x25,x9	 x25:0x80009f48  x9:0x00000000  x5=0x00000001
        2395000	       238	8000115c	00007497	auipc	x9,0x7	  x9=0x80008158
        2405000	       239	80001160	f0a48493	addi	x9,x9,-246	  x9:0x80008158  x9=0x80008062
        2415000	       240	80001164	03148503	lb	x10,49(x9)	  x9:0x80008062 x10=0x00000048 PA:0x80008093
        2425000	       241	80001168	014fb1b3	sltu	x3,x31,x20	 x31:0x09fc4000 x20:0xffffffb8  x3=0x00000001
        2435000	       242	8000116c	0074a123	sw	x7,2(x9)	  x9:0x80008062  x7:0x00000008 PA:0x80008064
        2445000	       243	80001170	00248683	lb	x13,2(x9)	  x9:0x80008062 x13=0x00000008 PA:0x80008064
        2455000	       244	80001174	00948123	sb	x9,2(x9)	  x9:0x80008062  x9:0x80008062 PA:0x80008064
        2465000	       245	80001178	00249683	lh	x13,2(x9)	  x9:0x80008062 x13=0x00000062 PA:0x80008064
        2475000	       246	8000117c	536dc713	xori	x14,x27,1334	 x27:0x1e3b6398 x14=0x1e3b66ae
        2485000	       247	80001180	02e4a203	lw	x4,46(x9)	  x9:0x80008062  x4=0x48494a4b PA:0x80008090
        2495000	       248	80001184	00548683	lb	x13,5(x9)	  x9:0x80008062 x13=0x00000000 PA:0x80008067
        2505000	       249	80001188	03a48ba3	sb	x26,55(x9)	  x9:0x80008062 x26:0x00000046 PA:0x80008099
        2515000	       250	8000118c	ceb3fb17	auipc	x22,0xceb3f	 x22=0x4eb40188
        2525000	       251	80001190	03748503	lb	x10,55(x9)	  x9:0x80008062 x10=0x00000046 PA:0x80008099
        2535000	       252	80001194	def46893	ori	x17,x8,-529	  x8:0xffffffc6 x17=0xffffffef
        2545000	       253	80001198	0374c783	lbu	x15,55(x9)	  x9:0x80008062 x15=0x00000046 PA:0x80008099
        2555000	       254	8000119c	03748a03	lb	x20,55(x9)	  x9:0x80008062 x20=0x00000046 PA:0x80008099
        2565000	       255	800011a0	01f4c203	lbu	x4,31(x9)	  x9:0x80008062  x4=0x0000003a PA:0x80008081
        2575000	       256	800011a4	01d48fa3	sb	x29,31(x9)	  x9:0x80008062 x29:0x00000000 PA:0x80008081
        2585000	       257	800011a8	0304c283	lbu	x5,48(x9)	  x9:0x80008062  x5=0x00000049 PA:0x80008092
        2595000	       258	800011ac	00008997	auipc	x19,0x8	 x19=0x800091a8
        2605000	       259	800011b0	b5998993	addi	x19,x19,-1191	 x19:0x800091a8 x19=0x80008d01
        2615000	       260	800011b4	00008117	auipc	x2,0x8	  x2=0x800091b0
        2625000	       261	800011b8	a1510113	addi	x2,x2,-1515	  x2:0x800091b0  x2=0x80008bc5
        2635000	       262	800011bc	ff399683	lh	x13,-13(x19)	 x19:0x80008d01 x13=0xffffdedf PA:0x80008cf4
        2645000	       263	800011c0	0c798823	sb	x7,208(x19)	 x19:0x80008d01  x7:0x00000008 PA:0x80008dd1
        2655000	       264	800011c4	ffb15903	lhu	x18,-5(x2)	  x2:0x80008bc5 x18=0x0000aaab PA:0x80008bc0
        2665000	       265	800011c8	03e10e03	lb	x28,62(x2)	  x2:0x80008bc5 x28=0xffffffe8 PA:0x80008c03
        2675000	       266	800011cc	f7898e03	lb	x28,-136(x19)	 x19:0x80008d01 x28=0x00000062 PA:0x80008c79
        2685000	       267	800011d0	fd214e83	lbu	x29,-46(x2)	  x2:0x80008bc5 x29=0x0000007c PA:0x80008b97
        2695000	       268	800011d4	fc110d83	lb	x27,-63(x2)	  x2:0x80008bc5 x27=0x0000006d PA:0x80008b86
        2705000	       269	800011d8	f83983a3	sb	x3,-121(x19)	 x19:0x80008d01  x3:0x00000001 PA:0x80008c88
        2715000	       270	800011dc	01f11c03	lh	x24,31(x2)	  x2:0x80008bc5 x24=0xffffcecf PA:0x80008be4
        2725000	       271	800011e0	02410483	lb	x9,36(x2)	  x2:0x80008bc5  x9=0xffffffd2 PA:0x80008be9
        2735000	       272	800011e4	0e298b03	lb	x22,226(x19)	 x19:0x80008d01 x22=0xffffffc8 PA:0x80008de3
        2745000	       273	800011e8	fd9994a3	sh	x25,-55(x19)	 x19:0x80008d01 x25:0x80009f48 PA:0x80008cca
        2755000	       274	800011ec	02414f83	lbu	x31,36(x2)	  x2:0x80008bc5 x31=0x000000d2 PA:0x80008be9
        2765000	       275	800011f0	f4b988a3	sb	x11,-175(x19)	 x19:0x80008d01 x11:0x80000000 PA:0x80008c52
        2775000	       276	800011f4	fe29cb83	lbu	x23,-30(x19)	 x19:0x80008d01 x23=0x000000c8 PA:0x80008ce3
        2785000	       277	800011f8	00210203	lb	x4,2(x2)	  x2:0x80008bc5  x4=0xffffffac PA:0x80008bc7
        2795000	       278	800011fc	0189cb83	lbu	x23,24(x19)	 x19:0x80008d01 x23=0x00000002 PA:0x80008d19
        2805000	       279	80001200	0ab99c03	lh	x24,171(x19)	 x19:0x80008d01 x24=0xffff9697 PA:0x80008dac
        2815000	       280	80001204	ff214e03	lbu	x28,-14(x2)	  x2:0x80008bc5 x28=0x0000009c PA:0x80008bb7
        2825000	       281	80001208	00007317	auipc	x6,0x7	  x6=0x80008204
        2835000	       282	8000120c	01f30313	addi	x6,x6,31	  x6:0x80008204  x6=0x80008223
        2845000	       283	80001210	a2c64893	xori	x17,x12,-1492	 x12:0x80009fc4 x17=0x7fff65e8
        2855000	       284	80001214	5f6311a3	sh	x22,1507(x6)	  x6:0x80008223 x22:0xffffffc8 PA:0x80008806
        2865000	       285	80001218	1a434d83	lbu	x27,420(x6)	  x6:0x80008223 x27=0x0000007c PA:0x800083c7
        2875000	       286	8000121c	403e58b3	sra	x17,x28,x3	 x28:0x0000009c  x3:0x00000001 x17=0x0000004e
        2885000	       287	80001220	00885293	srli	x5,x16,0x8	 x16:0x00000000  x5=0x00000000
        2895000	       288	80001224	1f234003	lbu	x0,498(x6)	  x6:0x80008223 PA:0x80008415
        2905000	       289	80001228	3c334f83	lbu	x31,963(x6)	  x6:0x80008223 x31=0x0000009d PA:0x800085e6
        2915000	       290	8000122c	39330123	sb	x19,898(x6)	  x6:0x80008223 x19:0x80008d01 PA:0x800085a5
        2925000	       291	80001230	0f734983	lbu	x19,247(x6)	  x6:0x80008223 x19=0x000000d1 PA:0x8000831a
        2935000	       292	80001234	5ec34b83	lbu	x23,1516(x6)	  x6:0x80008223 x23=0x000000c4 PA:0x8000880f
        2945000	       293	80001238	eb434483	lbu	x9,-332(x6)	  x6:0x80008223  x9=0x0000008c PA:0x800080d7
        2955000	       294	8000123c	00c34733	xor	x14,x6,x12	  x6:0x80008223 x12:0x80009fc4 x14=0x00001de7
        2965000	       295	80001240	009b9a93	slli	x21,x23,0x9	 x23:0x000000c4 x21=0x00018800
        2975000	       296	80001244	08378913	addi	x18,x15,131	 x15:0x00000046 x18=0x000000c9
        2985000	       297	80001248	03d304a3	sb	x29,41(x6)	  x6:0x80008223 x29:0x0000007c PA:0x8000824c
        2995000	       298	8000124c	5e0308a3	sb	x0,1521(x6)	  x6:0x80008223  x0:0x00000000 PA:0x80008814
        3005000	       299	80001250	40030c23	sb	x0,1048(x6)	  x6:0x80008223  x0:0x00000000 PA:0x8000863b
        3015000	       300	80001254	40b0d513	srai	x10,x1,0xb	  x1:0x80008426 x10=0xfff00010
        3025000	       301	80001258	5229e813	ori	x16,x19,1314	 x19:0x000000d1 x16=0x000005f3
        3035000	       302	8000125c	16530623	sb	x5,364(x6)	  x6:0x80008223  x5:0x00000000 PA:0x8000838f
        3045000	       303	80001260	002079b3	and	x19,x0,x2	  x0:0x00000000  x2:0x80008bc5 x19=0x00000000
        3055000	       304	80001264	00797e33	and	x28,x18,x7	 x18:0x000000c9  x7:0x00000008 x28=0x00000008
        3065000	       305	80001268	5e38eb13	ori	x22,x17,1507	 x17:0x0000004e x22=0x000005ef
        3075000	       306	8000126c	41a507b3	sub	x15,x10,x26	 x10:0xfff00010 x26:0x00000046 x15=0xffefffca
        3085000	       307	80001270	18617793	andi	x15,x2,390	  x2:0x80008bc5 x15=0x00000184
        3095000	       308	80001274	0025f2b3	and	x5,x11,x2	 x11:0x80000000  x2:0x80008bc5  x5=0x80000000
        3105000	       309	80001278	014f5593	srli	x11,x30,0x14	 x30:0xdaefa000 x11=0x00000dae
        3115000	       310	8000127c	46334d83	lbu	x27,1123(x6)	  x6:0x80008223 x27=0x0000003d PA:0x80008686
        3125000	       311	80001280	f33302a3	sb	x19,-219(x6)	  x6:0x80008223 x19:0x00000000 PA:0x80008148
        3135000	       312	80001284	27b30d23	sb	x27,634(x6)	  x6:0x80008223 x27:0x0000003d PA:0x8000849d
        3145000	       313	80001288	0024b533	sltu	x10,x9,x2	  x9:0x0000008c  x2:0x80008bc5 x10=0x00000001
        3155000	       314	8000128c	3ee30923	sb	x14,1010(x6)	  x6:0x80008223 x14:0x00001de7 PA:0x80008615
        3165000	       315	80001290	6388b293	sltiu	x5,x17,1592	 x17:0x0000004e  x5=0x00000001
        3175000	       316	80001294	00b17033	and	x0,x2,x11	  x2:0x80008bc5 x11:0x00000dae
        3185000	       317	80001298	6a9cc713	xori	x14,x25,1705	 x25:0x80009f48 x14=0x800099e1
        3195000	       318	8000129c	27034903	lbu	x18,624(x6)	  x6:0x80008223 x18=0x00000048 PA:0x80008493
        3205000	       319	800012a0	f06fc693	xori	x13,x31,-250	 x31:0x0000009d x13=0xffffff9b
        3215000	       320	800012a4	e3e34003	lbu	x0,-450(x6)	  x6:0x80008223 PA:0x80008061
        3225000	       321	800012a8	3c030503	lb	x10,960(x6)	  x6:0x80008223 x10=0xffffff98 PA:0x800085e3
        3235000	       322	800012ac	3f935703	lhu	x14,1017(x6)	  x6:0x80008223 x14=0x0000d6d7 PA:0x8000861c
        3245000	       323	800012b0	15a56293	ori	x5,x10,346	 x10:0xffffff98  x5=0xffffffda
        3255000	       324	800012b4	59130c23	sb	x17,1432(x6)	  x6:0x80008223 x17:0x0000004e PA:0x800087bb
        3265000	       325	800012b8	19031ca3	sh	x16,409(x6)	  x6:0x80008223 x16:0x000005f3 PA:0x800083bc
        3275000	       326	800012bc	01eff9b3	and	x19,x31,x30	 x31:0x0000009d x30:0xdaefa000 x19=0x00000000
        3285000	       327	800012c0	00ae2a33	slt	x20,x28,x10	 x28:0x00000008 x10:0xffffff98 x20=0x00000000
        3295000	       328	800012c4	00f15a13	srli	x20,x2,0xf	  x2:0x80008bc5 x20=0x00010001
        3305000	       329	800012c8	3fa324a3	sw	x26,1001(x6)	  x6:0x80008223 x26:0x00000046 PA:0x8000860c
        3315000	       330	800012cc	00007a17	auipc	x20,0x7	 x20=0x800082c8
        3325000	       331	800012d0	08da0a13	addi	x20,x20,141	 x20:0x800082c8 x20=0x80008355
        3335000	       332	800012d4	01ba07a3	sb	x27,15(x20)	 x20:0x80008355 x27:0x0000003d PA:0x80008364
        3345000	       333	800012d8	ff9a0e83	lb	x29,-7(x20)	 x20:0x80008355 x29=0x00000005 PA:0x8000834e
        3355000	       334	800012dc	ff9a4303	lbu	x6,-7(x20)	 x20:0x80008355  x6=0x00000005 PA:0x8000834e
        3365000	       335	800012e0	ff9a4083	lbu	x1,-7(x20)	 x20:0x80008355  x1=0x00000005 PA:0x8000834e
        3375000	       336	800012e4	415adf33	sra	x30,x21,x21	 x21:0x00018800 x21:0x00018800 x30=0x00018800
        3385000	       337	800012e8	001b09b3	add	x19,x22,x1	 x22:0x000005ef  x1:0x00000005 x19=0x000005f4
        3395000	       338	800012ec	00a3c8b3	xor	x17,x7,x10	  x7:0x00000008 x10:0xffffff98 x17=0xffffff90
        3405000	       339	800012f0	ff4a0ca3	sb	x20,-7(x20)	 x20:0x80008355 x20:0x80008355 PA:0x8000834e
        3415000	       340	800012f4	ff9a1103	lh	x2,-7(x20)	 x20:0x80008355  x2=0x00000455 PA:0x8000834e
        3425000	       341	800012f8	fffa1ca3	sh	x31,-7(x20)	 x20:0x80008355 x31:0x0000009d PA:0x8000834e
        3435000	       342	800012fc	ff9a4b03	lbu	x22,-7(x20)	 x20:0x80008355 x22=0x0000009d PA:0x8000834e
        3445000	       343	80001300	018a0323	sb	x24,6(x20)	 x20:0x80008355 x24:0xffff9697 PA:0x8000835b
        3455000	       344	80001304	006a0323	sb	x6,6(x20)	 x20:0x80008355  x6:0x00000005 PA:0x8000835b
        3465000	       345	80001308	006a4803	lbu	x16,6(x20)	 x20:0x80008355 x16=0x00000005 PA:0x8000835b
        3475000	       346	8000130c	00aa4b03	lbu	x22,10(x20)	 x20:0x80008355 x22=0x00000014 PA:0x8000835f
        3485000	       347	80001310	00008897	auipc	x17,0x8	 x17=0x8000930c
        3495000	       348	80001314	8e688893	addi	x17,x17,-1818	 x17:0x8000930c x17=0x80008bf2
        3505000	       349	80001318	16e8da03	lhu	x20,366(x17)	 x17:0x80008bf2 x20=0x00004a4b PA:0x80008d60
        3515000	       350	8000131c	8224eb93	ori	x23,x9,-2014	  x9:0x0000008c x23=0xfffff8ae
        3525000	       351	80001320	16e8d483	lhu	x9,366(x17)	 x17:0x80008bf2  x9=0x00004a4b PA:0x80008d60
        3535000	       352	80001324	0438c703	lbu	x14,67(x17)	 x17:0x80008bf2 x14=0x0000001e PA:0x80008c35
        3545000	       353	80001328	09f88823	sb	x31,144(x17)	 x17:0x80008bf2 x31:0x0000009d PA:0x80008c82
        3555000	       354	8000132c	09088e03	lb	x28,144(x17)	 x17:0x80008bf2 x28=0xffffff9d PA:0x80008c82
        3565000	       355	80001330	1158c583	lbu	x11,277(x17)	 x17:0x80008bf2 x11=0x000000ec PA:0x80008d07
        3575000	       356	80001334	daf88f03	lb	x30,-593(x17)	 x17:0x80008bf2 x30=0xffffff8a PA:0x800089a1
        3585000	       357	80001338	d8a8d203	lhu	x4,-630(x17)	 x17:0x80008bf2  x4=0x00006667 PA:0x8000897c
        3595000	       358	8000133c	112889a3	sb	x18,275(x17)	 x17:0x80008bf2 x18:0x00000048 PA:0x80008d05
        3605000	       359	80001340	3388db83	lhu	x23,824(x17)	 x17:0x80008bf2 x23=0x00001011 PA:0x80008f2a
        3615000	       360	80001344	33888103	lb	x2,824(x17)	 x17:0x80008bf2  x2=0x00000011 PA:0x80008f2a
        3625000	       361	80001348	33d89c23	sh	x29,824(x17)	 x17:0x80008bf2 x29:0x00000005 PA:0x80008f2a
        3635000	       362	8000134c	3388cc03	lbu	x24,824(x17)	 x17:0x80008bf2 x24=0x00000005 PA:0x80008f2a
        3645000	       363	80001350	32e89c23	sh	x14,824(x17)	 x17:0x80008bf2 x14:0x0000001e PA:0x80008f2a
        3655000	       364	80001354	07bb2593	slti	x11,x22,123	 x22:0x00000014 x11=0x00000001
        3665000	       365	80001358	41405eb3	sra	x29,x0,x20	  x0:0x00000000 x20:0x00004a4b x29=0x00000000
        3675000	       366	8000135c	f7f89d23	sh	x31,-134(x17)	 x17:0x80008bf2 x31:0x0000009d PA:0x80008b6c
        3685000	       367	80001360	00731db3	sll	x27,x6,x7	  x6:0x00000005  x7:0x00000008 x27=0x00000500
        3695000	       368	80001364	f7a8d283	lhu	x5,-134(x17)	 x17:0x80008bf2  x5=0x0000009d PA:0x80008b6c
        3705000	       369	80001368	3d58c703	lbu	x14,981(x17)	 x17:0x80008bf2 x14=0x000000ac PA:0x80008fc7
        3715000	       370	8000136c	3cb88aa3	sb	x11,981(x17)	 x17:0x80008bf2 x11:0x00000001 PA:0x80008fc7
        3725000	       371	80001370	eac8c203	lbu	x4,-340(x17)	 x17:0x80008bf2  x4=0x00000085 PA:0x80008a9e
        3735000	       372	80001374	0338c283	lbu	x5,51(x17)	 x17:0x80008bf2  x5=0x0000000e PA:0x80008c25
        3745000	       373	80001378	00007297	auipc	x5,0x7	  x5=0x80008374
        3755000	       374	8000137c	e3428293	addi	x5,x5,-460	  x5:0x80008374  x5=0x800081a8
        3765000	       375	80001380	fd628fa3	sb	x22,-33(x5)	  x5:0x800081a8 x22:0x00000014 PA:0x80008187
        3775000	       376	80001384	00007817	auipc	x16,0x7	 x16=0x80008380
        3785000	       377	80001388	1d180813	addi	x16,x16,465	 x16:0x80008380 x16=0x80008551
        3795000	       378	8000138c	01328483	lb	x9,19(x5)	  x5:0x800081a8  x9=0x00000070 PA:0x800081bb
        3805000	       379	80001390	00007317	auipc	x6,0x7	  x6=0x8000838c
        3815000	       380	80001394	00230313	addi	x6,x6,2	  x6:0x8000838c  x6=0x8000838e
        3825000	       381	80001398	fe929023	sh	x9,-32(x5)	  x5:0x800081a8  x9:0x00000070 PA:0x80008188
        3835000	       382	8000139c	fee28523	sb	x14,-22(x5)	  x5:0x800081a8 x14:0x000000ac PA:0x80008192
        3845000	       383	800013a0	00007897	auipc	x17,0x7	 x17=0x8000839c
        3855000	       384	800013a4	38c88893	addi	x17,x17,908	 x17:0x8000839c x17=0x80008728
        3865000	       385	800013a8	01131723	sh	x17,14(x6)	  x6:0x8000838e x17:0x80008728 PA:0x8000839c
        3875000	       386	800013ac	f5d80f83	lb	x31,-163(x16)	 x16:0x80008551 x31=0x00000065 PA:0x800084ae
        3885000	       387	800013b0	fe830e23	sb	x8,-4(x6)	  x6:0x8000838e  x8:0xffffffc6 PA:0x8000838a
        3895000	       388	800013b4	0062de83	lhu	x29,6(x5)	  x5:0x800081a8 x29=0x00006465 PA:0x800081ae
        3905000	       389	800013b8	f4988183	lb	x3,-183(x17)	 x17:0x80008728  x3=0x0000002a PA:0x80008671
        3915000	       390	800013bc	06a84503	lbu	x10,106(x16)	 x16:0x80008551 x10=0x00000070 PA:0x800085bb
        3925000	       391	800013c0	fda28ca3	sb	x26,-39(x5)	  x5:0x800081a8 x26:0x00000046 PA:0x80008181
        3935000	       392	800013c4	00730223	sb	x7,4(x6)	  x6:0x8000838e  x7:0x00000008 PA:0x80008392
        3945000	       393	800013c8	04489183	lh	x3,68(x17)	 x17:0x80008728  x3=0x00002627 PA:0x8000876c
        3955000	       394	800013cc	0fc80583	lb	x11,252(x16)	 x16:0x80008551 x11=0x00000006 PA:0x8000864d
        3965000	       395	800013d0	fc0282a3	sb	x0,-59(x5)	  x5:0x800081a8  x0:0x00000000 PA:0x8000816d
        3975000	       396	800013d4	f8c89d23	sh	x12,-102(x17)	 x17:0x80008728 x12:0x80009fc4 PA:0x800086c2
        3985000	       397	800013d8	ffb34403	lbu	x8,-5(x6)	  x6:0x8000838e  x8=0x00000042 PA:0x80008389
        3995000	       398	800013dc	fbf88da3	sb	x31,-69(x17)	 x17:0x80008728 x31:0x00000065 PA:0x800086e3
        4005000	       399	800013e0	0e581403	lh	x8,229(x16)	 x16:0x80008551  x8=0xffffeced PA:0x80008636
        4015000	       400	800013e4	ff635003	lhu	x0,-10(x6)	  x6:0x8000838e PA:0x80008384
        4025000	       401	800013e8	fff34a83	lbu	x21,-1(x6)	  x6:0x8000838e x21=0x00000046 PA:0x8000838d
        4035000	       402	800013ec	fc02db83	lhu	x23,-64(x5)	  x5:0x800081a8 x23=0x00002223 PA:0x80008168
        4045000	       403	800013f0	ff831f23	sh	x24,-2(x6)	  x6:0x8000838e x24:0x00000005 PA:0x8000838c
        4055000	       404	800013f4	0b888a83	lb	x21,184(x17)	 x17:0x80008728 x21=0xffffff9b PA:0x800087e0
        4065000	       405	800013f8	fc328503	lb	x10,-61(x5)	  x5:0x800081a8 x10=0x00000020 PA:0x8000816b
        4075000	       406	800013fc	ff235a83	lhu	x21,-14(x6)	  x6:0x8000838e x21=0x00003a3b PA:0x80008380
        4085000	       407	80001400	f3385e83	lhu	x29,-205(x16)	 x16:0x80008551 x29=0x00003e3f PA:0x80008484
        4095000	       408	80001404	00007097	auipc	x1,0x7	  x1=0x80008400
        4105000	       409	80001408	d6c08093	addi	x1,x1,-660	  x1:0x80008400  x1=0x8000816c
        4115000	       410	8000140c	0380c403	lbu	x8,56(x1)	  x1:0x8000816c  x8=0x0000005f PA:0x800081a4
        4125000	       411	80001410	00000013	addi	x0,x0,0	  x0:0x00000000
        4135000	       412	80001414	3a8ccd13	xori	x26,x25,936	 x25:0x80009f48 x26=0x80009ce0
        4145000	       413	80001418	01ebd293	srli	x5,x23,0x1e	 x23:0x00002223  x5=0x00000000
        4155000	       414	8000141c	01f4cf33	xor	x30,x9,x31	  x9:0x00000070 x31:0x00000065 x30=0x00000015
        4165000	       415	80001420	018557b3	srl	x15,x10,x24	 x10:0x00000020 x24:0x00000005 x15=0x00000001
        4175000	       416	80001424	30434513	xori	x10,x6,772	  x6:0x8000838e x10=0x8000808a
        4185000	       417	80001428	41495ab3	sra	x21,x18,x20	 x18:0x00000048 x20:0x00004a4b x21=0x00000000
        4195000	       418	8000142c	011c5993	srli	x19,x24,0x11	 x24:0x00000005 x19=0x00000000
        4205000	       419	80001430	f640c283	lbu	x5,-156(x1)	  x1:0x8000816c  x5=0x0000008b PA:0x800080d0
        4215000	       420	80001434	00610933	add	x18,x2,x6	  x2:0x00000011  x6:0x8000838e x18=0x8000839f
        4225000	       421	80001438	172081a3	sb	x18,355(x1)	  x1:0x8000816c x18:0x8000839f PA:0x800082cf
        4235000	       422	8000143c	66808d23	sb	x8,1658(x1)	  x1:0x8000816c  x8:0x0000005f PA:0x800087e6
        4245000	       423	80001440	04fa4493	xori	x9,x20,79	 x20:0x00004a4b  x9=0x00004a04
        4255000	       424	80001444	01dacc33	xor	x24,x21,x29	 x21:0x00000000 x29:0x00003e3f x24=0x00003e3f
        4265000	       425	80001448	47caeb13	ori	x22,x21,1148	 x21:0x00000000 x22=0x0000047c
        4275000	       426	8000144c	416cd813	srai	x16,x25,0x16	 x25:0x80009f48 x16=0xfffffe00
        4285000	       427	80001450	bfecc213	xori	x4,x25,-1026	 x25:0x80009f48  x4=0x7fff64b6
        4295000	       428	80001454	00ca7133	and	x2,x20,x12	 x20:0x00004a4b x12:0x80009fc4  x2=0x00000a40
        4305000	       429	80001458	0e4083a3	sb	x4,231(x1)	  x1:0x8000816c  x4:0x7fff64b6 PA:0x80008253
        4315000	       430	8000145c	00b82ab3	slt	x21,x16,x11	 x16:0xfffffe00 x11:0x00000006 x21=0x00000001
        4325000	       431	80001460	01966233	or	x4,x12,x25	 x12:0x80009fc4 x25:0x80009f48  x4=0x80009fcc
        4335000	       432	80001464	abb28793	addi	x15,x5,-1349	  x5:0x0000008b x15=0xfffffb46
        4345000	       433	80001468	0141e4b3	or	x9,x3,x20	  x3:0x00002627 x20:0x00004a4b  x9=0x00006e6f
        4355000	       434	8000146c	4f50c503	lbu	x10,1269(x1)	  x1:0x8000816c x10=0x0000001a PA:0x80008661
        4365000	       435	80001470	ec5d2493	slti	x9,x26,-315	 x26:0x80009ce0  x9=0x00000001
        4375000	       436	80001474	533b6f13	ori	x30,x22,1331	 x22:0x0000047c x30=0x0000057f
        4385000	       437	80001478	db557693	andi	x13,x10,-587	 x10:0x0000001a x13=0x00000010
        4395000	       438	8000147c	6a30c483	lbu	x9,1699(x1)	  x1:0x8000816c  x9=0x000000c4 PA:0x8000880f
        4405000	       439	80001480	01ab0933	add	x18,x22,x26	 x22:0x0000047c x26:0x80009ce0 x18=0x8000a15c
        4415000	       440	80001484	4197df93	srai	x31,x15,0x19	 x15:0xfffffb46 x31=0xffffffff
        4425000	       441	80001488	4b5b4c13	xori	x24,x22,1205	 x22:0x0000047c x24=0x000000c9
        4435000	       442	8000148c	131084a3	sb	x17,297(x1)	  x1:0x8000816c x17:0x80008728 PA:0x80008295
        4445000	       443	80001490	6ffe8d13	addi	x26,x29,1791	 x29:0x00003e3f x26=0x0000453e
        4455000	       444	80001494	0ce09823	sh	x14,208(x1)	  x1:0x8000816c x14:0x000000ac PA:0x8000823c
        4465000	       445	80001498	008ef7b3	and	x15,x29,x8	 x29:0x00003e3f  x8:0x0000005f x15=0x0000001f
        4475000	       446	8000149c	a5d57017	auipc	x0,0xa5d57	
        4485000	       447	800014a0	fcb08323	sb	x11,-58(x1)	  x1:0x8000816c x11:0x00000006 PA:0x80008132
        4495000	       448	800014a4	07d08b03	lb	x22,125(x1)	  x1:0x8000816c x22=0xffffffa2 PA:0x800081e9
        4505000	       449	800014a8	00007497	auipc	x9,0x7	  x9=0x800084a4
        4515000	       450	800014ac	3a848493	addi	x9,x9,936	  x9:0x800084a4  x9=0x8000884c
        4525000	       451	800014b0	00007f97	auipc	x31,0x7	 x31=0x800084ac
        4535000	       452	800014b4	3d1f8f93	addi	x31,x31,977	 x31:0x800084ac x31=0x8000887d
        4545000	       453	800014b8	00008717	auipc	x14,0x8	 x14=0x800094b4
        4555000	       454	800014bc	87670713	addi	x14,x14,-1930	 x14:0x800094b4 x14=0x80008d2a
        4565000	       455	800014c0	00008e17	auipc	x28,0x8	 x28=0x800094bc
        4575000	       456	800014c4	80ae0e13	addi	x28,x28,-2038	 x28:0x800094bc x28=0x80008cc6
        4585000	       457	800014c8	0cc71103	lh	x2,204(x14)	 x14:0x80008d2a  x2=0xffffdcdd PA:0x80008df6
        4595000	       458	800014cc	ff14c783	lbu	x15,-15(x9)	  x9:0x8000884c x15=0x00000026 PA:0x8000883d
        4605000	       459	800014d0	fe94ae23	sw	x9,-4(x9)	  x9:0x8000884c  x9:0x8000884c PA:0x80008848
        4615000	       460	800014d4	001f8f23	sb	x1,30(x31)	 x31:0x8000887d  x1:0x8000816c PA:0x8000889b
        4625000	       461	800014d8	fdb703a3	sb	x27,-57(x14)	 x14:0x80008d2a x27:0x00000500 PA:0x80008cf1
        4635000	       462	800014dc	ffc75103	lhu	x2,-4(x14)	 x14:0x80008d2a  x2=0x00000c0d PA:0x80008d26
        4645000	       463	800014e0	ff7e0c03	lb	x24,-9(x28)	 x28:0x80008cc6 x24=0xffffffa6 PA:0x80008cbd
        4655000	       464	800014e4	035f8923	sb	x21,50(x31)	 x31:0x8000887d x21:0x00000001 PA:0x800088af
        4665000	       465	800014e8	fe548ca3	sb	x5,-7(x9)	  x9:0x8000884c  x5:0x0000008b PA:0x80008845
        4675000	       466	800014ec	012e02a3	sb	x18,5(x28)	 x28:0x80008cc6 x18:0x8000a15c PA:0x80008ccb
        4685000	       467	800014f0	032f8d83	lb	x27,50(x31)	 x31:0x8000887d x27=0x00000001 PA:0x800088af
        4695000	       468	800014f4	000fc503	lbu	x10,0(x31)	 x31:0x8000887d x10=0x00000066 PA:0x8000887d
        4705000	       469	800014f8	004e4803	lbu	x16,4(x28)	 x28:0x80008cc6 x16=0x00000048 PA:0x80008cca
        4715000	       470	800014fc	fc6fc983	lbu	x19,-58(x31)	 x31:0x8000887d x19=0x00000028 PA:0x80008843
        4725000	       471	80001500	f1570283	lb	x5,-235(x14)	 x14:0x80008d2a  x5=0x00000024 PA:0x80008c3f
        4735000	       472	80001504	ff7e4d03	lbu	x26,-9(x28)	 x28:0x80008cc6 x26=0x000000a6 PA:0x80008cbd
        4745000	       473	80001508	000e0303	lb	x6,0(x28)	 x28:0x80008cc6  x6=0xffffffad PA:0x80008cc6
        4755000	       474	8000150c	0e474103	lbu	x2,228(x14)	 x14:0x80008d2a  x2=0x000000f5 PA:0x80008e0e
        4765000	       475	80001510	ff4f8503	lb	x10,-12(x31)	 x31:0x8000887d x10=0x0000005a PA:0x80008871
        4775000	       476	80001514	000e4903	lbu	x18,0(x28)	 x28:0x80008cc6 x18=0x000000ad PA:0x80008cc6
        4785000	       477	80001518	fe948fa3	sb	x9,-1(x9)	  x9:0x8000884c  x9:0x8000884c PA:0x8000884b
        4795000	       478	8000151c	0c871d03	lh	x26,200(x14)	 x14:0x80008d2a x26=0xffffd8d9 PA:0x80008df2
        4805000	       479	80001520	ffee0683	lb	x13,-2(x28)	 x28:0x80008cc6 x13=0xffffffaf PA:0x80008cc4
        4815000	       480	80001524	fe648fa3	sb	x6,-1(x9)	  x9:0x8000884c  x6:0xffffffad PA:0x8000884b
        4825000	       481	80001528	f9d74a83	lbu	x21,-99(x14)	 x14:0x80008d2a x21=0x000000ac PA:0x80008cc7
        4835000	       482	8000152c	fe5f82a3	sb	x5,-27(x31)	 x31:0x8000887d  x5:0x00000024 PA:0x80008862
        4845000	       483	80001530	ff24d883	lhu	x17,-14(x9)	  x9:0x8000884c x17=0x00002425 PA:0x8000883e
        4855000	       484	80001534	00007497	auipc	x9,0x7	  x9=0x80008530
        4865000	       485	80001538	6d848493	addi	x9,x9,1752	  x9:0x80008530  x9=0x80008c08
        4875000	       486	8000153c	00008217	auipc	x4,0x8	  x4=0x80009538
        4885000	       487	80001540	9b720213	addi	x4,x4,-1609	  x4:0x80009538  x4=0x80008eef
        4895000	       488	80001544	00007197	auipc	x3,0x7	  x3=0x80008540
        4905000	       489	80001548	48e18193	addi	x3,x3,1166	  x3:0x80008540  x3=0x800089ce
        4915000	       490	8000154c	ff125a03	lhu	x20,-15(x4)	  x4:0x80008eef x20=0x0000cacb PA:0x80008ee0
        4925000	       491	80001550	00007917	auipc	x18,0x7	 x18=0x8000854c
        4935000	       492	80001554	61d90913	addi	x18,x18,1565	 x18:0x8000854c x18=0x80008b69
        4945000	       493	80001558	fe31ce83	lbu	x29,-29(x3)	  x3:0x800089ce x29=0x0000009a PA:0x800089b1
        4955000	       494	8000155c	00490583	lb	x11,4(x18)	 x18:0x80008b69 x11=0x00000000 PA:0x80008b6d
        4965000	       495	80001560	ff294783	lbu	x15,-14(x18)	 x18:0x80008b69 x15=0x00000040 PA:0x80008b5b
        4975000	       496	80001564	fe320823	sb	x3,-16(x4)	  x4:0x80008eef  x3:0x800089ce PA:0x80008edf
        4985000	       497	80001568	01020103	lb	x2,16(x4)	  x4:0x80008eef  x2=0xffffffe4 PA:0x80008eff
        4995000	       498	8000156c	0004d003	lhu	x0,0(x9)	  x9:0x80008c08 PA:0x80008c08
        5005000	       499	80001570	fdd48e83	lb	x29,-35(x9)	  x9:0x80008c08 x29=0xffffffce PA:0x80008be5
        5015000	       500	80001574	ff624103	lbu	x2,-10(x4)	  x4:0x80008eef  x2=0x000000ce PA:0x80008ee5
        5025000	       501	80001578	57a1a923	sw	x26,1394(x3)	  x3:0x800089ce x26:0xffffd8d9 PA:0x80008f40
        5035000	       502	8000157c	ff620703	lb	x14,-10(x4)	  x4:0x80008eef x14=0xffffffce PA:0x80008ee5
        5045000	       503	80001580	fc348d23	sb	x3,-38(x9)	  x9:0x80008c08  x3:0x800089ce PA:0x80008be2
        5055000	       504	80001584	00d91883	lh	x17,13(x18)	 x18:0x80008b69 x17=0x00005c5d PA:0x80008b76
        5065000	       505	80001588	ff995783	lhu	x15,-7(x18)	 x18:0x80008b69 x15=0x00004849 PA:0x80008b62
        5075000	       506	8000158c	ffd24403	lbu	x8,-3(x4)	  x4:0x80008eef  x8=0x000000d7 PA:0x80008eec
        5085000	       507	80001590	ff8488a3	sb	x24,-15(x9)	  x9:0x80008c08 x24:0xffffffa6 PA:0x80008bf9
        5095000	       508	80001594	4d9189a3	sb	x25,1235(x3)	  x3:0x800089ce x25:0x80009f48 PA:0x80008ea1
        5105000	       509	80001598	ffe24e83	lbu	x29,-2(x4)	  x4:0x80008eef x29=0x000000d6 PA:0x80008eed
        5115000	       510	8000159c	fe34c983	lbu	x19,-29(x9)	  x9:0x80008c08 x19=0x000000d0 PA:0x80008beb
        5125000	       511	800015a0	36018023	sb	x0,864(x3)	  x3:0x800089ce  x0:0x00000000 PA:0x80008d2e
        5135000	       512	800015a4	00c90f83	lb	x31,12(x18)	 x18:0x80008b69 x31=0x0000005e PA:0x80008b75
        5145000	       513	800015a8	ff624683	lbu	x13,-10(x4)	  x4:0x80008eef x13=0x000000ce PA:0x80008ee5
        5155000	       514	800015ac	fda49703	lh	x14,-38(x9)	  x9:0x80008c08 x14=0xffffc8ce PA:0x80008be2
        5165000	       515	800015b0	5f0186a3	sb	x16,1517(x3)	  x3:0x800089ce x16:0x00000048 PA:0x80008fbb
        5175000	       516	800015b4	00d20703	lb	x14,13(x4)	  x4:0x80008eef x14=0xffffffe7 PA:0x80008efc
        5185000	       517	800015b8	e941ce03	lbu	x28,-364(x3)	  x3:0x800089ce x28=0x00000024 PA:0x80008862
        5195000	       518	800015bc	ff64dd03	lhu	x26,-10(x9)	  x9:0x80008c08 x26=0x0000e4e5 PA:0x80008bfe
        5205000	       519	800015c0	ffd91003	lh	x0,-3(x18)	 x18:0x80008b69 PA:0x80008b66
        5215000	       520	800015c4	21619703	lh	x14,534(x3)	  x3:0x800089ce x14=0xffffcecf PA:0x80008be4
        5225000	       521	00000000	00000013	addi	x0,x0,0	  x0:0x00000000
        5235000	       522	800015c8	00e24a03	lbu	x20,14(x4)	  x4:0x80008eef x20=0x000000e6 PA:0x80008efd
        5245000	       523	800015cc	ff792783	lw	x15,-9(x18)	 x18:0x80008b69 x15=0x48494a4b PA:0x80008b60
        5255000	       524	800015d0	5b918683	lb	x13,1465(x3)	  x3:0x800089ce x13=0x0000006c PA:0x80008f87
        5265000	       525	800015d4	00008517	auipc	x10,0x8	 x10=0x800095d0
        5275000	       526	800015d8	9f850513	addi	x10,x10,-1544	 x10:0x800095d0 x10=0x80008fc8
        5285000	       527	800015dc	ffe52a23	sw	x30,-12(x10)	 x10:0x80008fc8 x30:0x0000057f PA:0x80008fbc
        5295000	       528	800015e0	e3653697	auipc	x13,0xe3653	 x13=0x636545dc
        5305000	       529	800015e4	00154b83	lbu	x23,1(x10)	 x10:0x80008fc8 x23=0x000000b2 PA:0x80008fc9
        5315000	       530	800015e8	00150303	lb	x6,1(x10)	 x10:0x80008fc8  x6=0xffffffb2 PA:0x80008fc9
        5325000	       531	800015ec	00c55683	lhu	x13,12(x10)	 x10:0x80008fc8 x13=0x0000bebf PA:0x80008fd4
        5335000	       532	800015f0	01a50623	sb	x26,12(x10)	 x10:0x80008fc8 x26:0x0000e4e5 PA:0x80008fd4
        5345000	       533	800015f4	00950623	sb	x9,12(x10)	 x10:0x80008fc8  x9:0x80008c08 PA:0x80008fd4
        5355000	       534	800015f8	00c52303	lw	x6,12(x10)	 x10:0x80008fc8  x6=0xbcbdbe08 PA:0x80008fd4
        5365000	       535	800015fc	ccaa4b13	xori	x22,x20,-822	 x20:0x000000e6 x22=0xfffffc2c
        5375000	       536	80001600	fff50a03	lb	x20,-1(x10)	 x10:0x80008fc8 x20=0x00000001 PA:0x80008fc7
        5385000	       537	80001604	fff50783	lb	x15,-1(x10)	 x10:0x80008fc8 x15=0x00000001 PA:0x80008fc7
        5395000	       538	80001608	feb50fa3	sb	x11,-1(x10)	 x10:0x80008fc8 x11:0x00000000 PA:0x80008fc7
        5405000	       539	8000160c	fff50a83	lb	x21,-1(x10)	 x10:0x80008fc8 x21=0x00000000 PA:0x80008fc7
        5415000	       540	80001610	fff50283	lb	x5,-1(x10)	 x10:0x80008fc8  x5=0x00000000 PA:0x80008fc7
        5425000	       541	80001614	fec50fa3	sb	x12,-1(x10)	 x10:0x80008fc8 x12:0x80009fc4 PA:0x80008fc7
        5435000	       542	80001618	ff750b83	lb	x23,-9(x10)	 x10:0x80008fc8 x23=0x00000000 PA:0x80008fbf
        5445000	       543	00000000	00000013	addi	x0,x0,0	  x0:0x00000000
        5455000	       544	8000161c	ff750783	lb	x15,-9(x10)	 x10:0x80008fc8 x15=0x00000000 PA:0x80008fbf
        5465000	       545	80001620	ff450ba3	sb	x20,-9(x10)	 x10:0x80008fc8 x20:0x00000001 PA:0x80008fbf
        5475000	       546	80001624	ff754e83	lbu	x29,-9(x10)	 x10:0x80008fc8 x29=0x00000001 PA:0x80008fbf
        5485000	       547	80001628	00250f83	lb	x31,2(x10)	 x10:0x80008fc8 x31=0xffffffb1 PA:0x80008fca
        5495000	       548	8000162c	00250d03	lb	x26,2(x10)	 x10:0x80008fc8 x26=0xffffffb1 PA:0x80008fca
        5505000	       549	80001630	00571713	slli	x14,x14,0x5	 x14:0xffffcecf x14=0xfff9d9e0
        5515000	       550	80001634	41da0333	sub	x6,x20,x29	 x20:0x00000001 x29:0x00000001  x6=0x00000000
        5525000	       551	80001638	00a2d033	srl	x0,x5,x10	  x5:0x00000000 x10:0x80008fc8
        5535000	       552	8000163c	00c144b3	xor	x9,x2,x12	  x2:0x000000ce x12:0x80009fc4  x9=0x80009f0a
        5545000	       553	80001640	03199c63	bne	x19,x17,80001678	 x19:0x000000d0 x17:0x00005c5d
        5555000	       554	00000000	00000013	addi	x0,x0,0	  x0:0x00000000
        5565000	       555	80001674	00000013	addi	x0,x0,0	  x0:0x00000000
        5575000	       556	80001678	01195f33	srl	x30,x18,x17	 x18:0x80008b69 x17:0x00005c5d x30=0x00000004
        5585000	       557	8000167c	00a00833	add	x16,x0,x10	  x0:0x00000000 x10:0x80008fc8 x16=0x80008fc8
        5595000	       558	80001680	65a7a413	slti	x8,x15,1626	 x15:0x00000000  x8=0x00000001
        5605000	       559	80001684	01d907b3	add	x15,x18,x29	 x18:0x80008b69 x29:0x00000001 x15=0x80008b6a
        5615000	       560	80001688	027f1c63	bne	x30,x7,800016c0	 x30:0x00000004  x7:0x00000008
        5625000	       561	00000000	00000013	addi	x0,x0,0	  x0:0x00000000
        5635000	       562	800016bc	00000013	addi	x0,x0,0	  x0:0x00000000
        5645000	       563	800016c0	0101e733	or	x14,x3,x16	  x3:0x800089ce x16:0x80008fc8 x14=0x80008fce
        5655000	       564	800016c4	bf9edd37	lui	x26,0xbf9ed	 x26=0xbf9ed000
        5665000	       565	800016c8	41be5513	srai	x10,x28,0x1b	 x28:0x00000024 x10=0x00000000
        5675000	       566	800016cc	0f2cae13	slti	x28,x25,242	 x25:0x80009f48 x28=0x00000001
        5685000	       567	800016d0	00000013	addi	x0,x0,0	  x0:0x00000000
        5695000	       568	800016d4	01a68fb3	add	x31,x13,x26	 x13:0x0000bebf x26:0xbf9ed000 x31=0xbf9f8ebf
        5705000	       569	800016d8	038ed863	bge	x29,x24,80001708	 x29:0x00000001 x24:0xffffffa6
        5715000	       570	00000000	00000013	addi	x0,x0,0	  x0:0x00000000
        5725000	       571	80001704	00000013	addi	x0,x0,0	  x0:0x00000000
        5735000	       572	80001708	01da9db3	sll	x27,x21,x29	 x21:0x00000000 x29:0x00000001 x27=0x00000000
        5745000	       573	8000170c	023ad263	bge	x21,x3,80001730	 x21:0x00000000  x3:0x800089ce
        5755000	       574	00000000	00000013	addi	x0,x0,0	  x0:0x00000000
        5765000	       575	8000172c	00000013	addi	x0,x0,0	  x0:0x00000000
        5775000	       576	80001730	00865c33	srl	x24,x12,x8	 x12:0x80009fc4  x8:0x00000001 x24=0x40004fe2
        5785000	       577	80001734	447bea13	ori	x20,x23,1095	 x23:0x00000000 x20=0x00000447
        5795000	       578	80001738	0041f5b3	and	x11,x3,x4	  x3:0x800089ce  x4:0x80008eef x11=0x800088ce
        5805000	       579	8000173c	018e4a33	xor	x20,x28,x24	 x28:0x00000001 x24:0x40004fe2 x20=0x40004fe3
        5815000	       580	80001740	80f8c693	xori	x13,x17,-2033	 x17:0x00005c5d x13=0xffffa452
        5825000	       581	80001744	002e1493	slli	x9,x28,0x2	 x28:0x00000001  x9=0x00000004
        5835000	       582	80001748	411d5313	srai	x6,x26,0x11	 x26:0xbf9ed000  x6=0xffffdfcf
        5845000	       583	8000174c	16d621b7	lui	x3,0x16d62	  x3=0x16d62000
        5855000	       584	80001750	4001d5b3	sra	x11,x3,x0	  x3:0x16d62000  x0:0x00000000 x11=0x16d62000
        5865000	       585	80001754	0150ad33	slt	x26,x1,x21	  x1:0x8000816c x21:0x00000000 x26=0x00000001
        5875000	       586	80001758	010c9333	sll	x6,x25,x16	 x25:0x80009f48 x16:0x80008fc8  x6=0x009f4800
        5885000	       587	8000175c	00b3ceb3	xor	x29,x7,x11	  x7:0x00000008 x11:0x16d62000 x29=0x16d62008
        5895000	       588	80001760	fffac2b7	lui	x5,0xfffac	  x5=0xfffac000
        5905000	       589	80001764	006632b3	sltu	x5,x12,x6	 x12:0x80009fc4  x6:0x009f4800  x5=0x00000000
        5915000	       590	80001768	005211b3	sll	x3,x4,x5	  x4:0x80008eef  x5:0x00000000  x3=0x80008eef
        5925000	       591	8000176c	015e8833	add	x16,x29,x21	 x29:0x16d62008 x21:0x00000000 x16=0x16d62008
        5935000	       592	80001770	00000013	addi	x0,x0,0	  x0:0x00000000
        5945000	       593	80001774	9c308713	addi	x14,x1,-1597	  x1:0x8000816c x14=0x80007b2f
        5955000	       594	80001778	015f6663	bltu	x30,x21,80001784	 x30:0x00000004 x21:0x00000000
        5965000	       595	8000177c	4111d693	srai	x13,x3,0x11	  x3:0x80008eef x13=0xffffc000
        5975000	       596	80001780	00819c33	sll	x24,x3,x8	  x3:0x80008eef  x8:0x00000001 x24=0x00011dde
        5985000	       597	80001784	3a9fe413	ori	x8,x31,937	 x31:0xbf9f8ebf  x8=0xbf9f8fbf
        5995000	       598	80001788	040ce863	bltu	x25,x0,800017d8	 x25:0x80009f48  x0:0x00000000
        6005000	       599	8000178c	1dbe7817	auipc	x16,0x1dbe7	 x16=0x9dbe8788
        6015000	       600	80001790	413b01b3	sub	x3,x22,x19	 x22:0xfffffc2c x19:0x000000d0  x3=0xfffffb5c
        6025000	       601	80001794	01c121b3	slt	x3,x2,x28	  x2:0x000000ce x28:0x00000001  x3=0x00000000
        6035000	       602	80001798	00d594b3	sll	x9,x11,x13	 x11:0x16d62000 x13:0xffffc000  x9=0x16d62000
        6045000	       603	8000179c	00785433	srl	x8,x16,x7	 x16:0x9dbe8788  x7:0x00000008  x8=0x009dbe87
        6055000	       604	800017a0	01a1d793	srli	x15,x3,0x1a	  x3:0x00000000 x15=0x00000000
        6065000	       605	800017a4	65f88fb7	lui	x31,0x65f88	 x31=0x65f88000
        6075000	       606	800017a8	00244333	xor	x6,x8,x2	  x8:0x009dbe87  x2:0x000000ce  x6=0x009dbe49
        6085000	       607	800017ac	00eddc63	bge	x27,x14,800017c4	 x27:0x00000000 x14:0x80007b2f
        6095000	       608	00000000	00000013	addi	x0,x0,0	  x0:0x00000000
        6105000	       609	800017c0	00000013	addi	x0,x0,0	  x0:0x00000000
        6115000	       610	800017c4	a14fcb13	xori	x22,x31,-1516	 x31:0x65f88000 x22=0x9a077a14
        6125000	       611	800017c8	3c1be013	ori	x0,x23,961	 x23:0x00000000
        6135000	       612	800017cc	eb126813	ori	x16,x4,-335	  x4:0x80008eef x16=0xfffffeff
        6145000	       613	800017d0	00ddd693	srli	x13,x27,0xd	 x27:0x00000000 x13=0x00000000
        6155000	       614	800017d4	231f7693	andi	x13,x30,561	 x30:0x00000004 x13=0x00000000
        6165000	       615	800017d8	01f7d033	srl	x0,x15,x31	 x15:0x00000000 x31:0x65f88000
        6175000	       616	800017dc	4132db93	srai	x23,x5,0x13	  x5:0x00000000 x23=0x00000000
        6185000	       617	800017e0	009bbdb3	sltu	x27,x23,x9	 x23:0x00000000  x9:0x16d62000 x27=0x00000001
        6195000	       618	800017e4	bba1cf93	xori	x31,x3,-1094	  x3:0x00000000 x31=0xfffffbba
        6205000	       619	800017e8	400bdf33	sra	x30,x23,x0	 x23:0x00000000  x0:0x00000000 x30=0x00000000
        6215000	       620	800017ec	4b3acd97	auipc	x27,0x4b3ac	 x27=0xcb3ad7e8
        6225000	       621	800017f0	00520933	add	x18,x4,x5	  x4:0x80008eef  x5:0x00000000 x18=0x80008eef
        6235000	       622	800017f4	01097663	bgeu	x18,x16,80001800	 x18:0x80008eef x16:0xfffffeff
        6245000	       623	800017f8	0146d6b3	srl	x13,x13,x20	 x13:0x00000000 x20:0x40004fe3 x13=0x00000000
        6255000	       624	800017fc	bbb6d817	auipc	x16,0xbbb6d	 x16=0x3bb6e7f8
        6265000	       625	80001800	0076fa63	bgeu	x13,x7,80001814	 x13:0x00000000  x7:0x00000008
        6275000	       626	80001804	0242e063	bltu	x5,x4,80001824	  x5:0x00000000  x4:0x80008eef
        6285000	       627	00000000	00000013	addi	x0,x0,0	  x0:0x00000000
        6295000	       628	80001820	00000013	addi	x0,x0,0	  x0:0x00000000
        6305000	       629	80001824	018cb5b3	sltu	x11,x25,x24	 x25:0x80009f48 x24:0x00011dde x11=0x00000000
        6315000	       630	80001828	094af737	lui	x14,0x94af	 x14=0x094af000
        6325000	       631	8000182c	01d9b7b3	sltu	x15,x19,x29	 x19:0x000000d0 x29:0x16d62008 x15=0x00000001
        6335000	       632	80001830	00dc8bb3	add	x23,x25,x13	 x25:0x80009f48 x13:0x00000000 x23=0x80009f48
        6345000	       633	80001834	01da7b33	and	x22,x20,x29	 x20:0x40004fe3 x29:0x16d62008 x22=0x00000000
        6355000	       634	80001838	40e485b3	sub	x11,x9,x14	  x9:0x16d62000 x14:0x094af000 x11=0x0d8b3000
        6365000	       635	8000183c	00b162b3	or	x5,x2,x11	  x2:0x000000ce x11:0x0d8b3000  x5=0x0d8b30ce
        6375000	       636	80001840	005f6bb3	or	x23,x30,x5	 x30:0x00000000  x5:0x0d8b30ce x23=0x0d8b30ce
        6385000	       637	80001844	007a8d33	add	x26,x21,x7	 x21:0x00000000  x7:0x00000008 x26=0x00000008
        6395000	       638	80001848	005275b3	and	x11,x4,x5	  x4:0x80008eef  x5:0x0d8b30ce x11=0x000000ce
        6405000	       639	8000184c	00979e33	sll	x28,x15,x9	 x15:0x00000001  x9:0x16d62000 x28=0x00000001
        6415000	       640	80001850	41c00eb3	sub	x29,x0,x28	  x0:0x00000000 x28:0x00000001 x29=0xffffffff
        6425000	       641	80001854	1aa94293	xori	x5,x18,426	 x18:0x80008eef  x5=0x80008f45
        6435000	       642	80001858	409d5913	srai	x18,x26,0x9	 x26:0x00000008 x18=0x00000000
        6445000	       643	8000185c	f45bbab7	lui	x21,0xf45bb	 x21=0xf45bb000
        6455000	       644	80001860	023efe63	bgeu	x29,x3,8000189c	 x29:0xffffffff  x3:0x00000000
        6465000	       645	00000000	00000013	addi	x0,x0,0	  x0:0x00000000
        6475000	       646	80001898	00000013	addi	x0,x0,0	  x0:0x00000000
        6485000	       647	8000189c	01dc5433	srl	x8,x24,x29	 x24:0x00011dde x29:0xffffffff  x8=0x00000000
        6495000	       648	800018a0	1c89a193	slti	x3,x19,456	 x19:0x000000d0  x3=0x00000001
        6505000	       649	800018a4	41f5d9b3	sra	x19,x11,x31	 x11:0x000000ce x31:0xfffffbba x19=0x00000000
        6515000	       650	800018a8	01d781b3	add	x3,x15,x29	 x15:0x00000001 x29:0xffffffff  x3=0x00000000
        6525000	       651	800018ac	407d0133	sub	x2,x26,x7	 x26:0x00000008  x7:0x00000008  x2=0x00000000
        6535000	       652	800018b0	ef738b93	addi	x23,x7,-265	  x7:0x00000008 x23=0xfffffeff
        6545000	       653	800018b4	6c2a1217	auipc	x4,0x6c2a1	  x4=0xec2a28b0
        6555000	       654	800018b8	40605a33	sra	x20,x0,x6	  x0:0x00000000  x6:0x009dbe49 x20=0x00000000
        6565000	       655	800018bc	01dd5c63	bge	x26,x29,800018d4	 x26:0x00000008 x29:0xffffffff
        6575000	       656	00000000	00000013	addi	x0,x0,0	  x0:0x00000000
        6585000	       657	800018d0	00000013	addi	x0,x0,0	  x0:0x00000000
        6595000	       658	800018d4	03b01c63	bne	x0,x27,8000190c	  x0:0x00000000 x27:0xcb3ad7e8
        6605000	       659	00000000	00000013	addi	x0,x0,0	  x0:0x00000000
        6615000	       660	80001908	00000013	addi	x0,x0,0	  x0:0x00000000
        6625000	       661	8000190c	01409b13	slli	x22,x1,0x14	  x1:0x8000816c x22=0x16c00000
        6635000	       662	80001910	f7d8b293	sltiu	x5,x17,-131	 x17:0x00005c5d  x5=0x00000001
        6645000	       663	80001914	00dfcc33	xor	x24,x31,x13	 x31:0xfffffbba x13:0x00000000 x24=0xfffffbba
        6655000	       664	80001918	68353a97	auipc	x21,0x68353	 x21=0xe8354914
        6665000	       665	8000191c	e0ba0193	addi	x3,x20,-501	 x20:0x00000000  x3=0xfffffe0b
        6675000	       666	80001920	c864ec13	ori	x24,x9,-890	  x9:0x16d62000 x24=0xfffffc86
        6685000	       667	80001924	01c26833	or	x16,x4,x28	  x4:0xec2a28b0 x28:0x00000001 x16=0xec2a28b1
        6695000	       668	80001928	01f99c63	bne	x19,x31,80001940	 x19:0x00000000 x31:0xfffffbba
        6705000	       669	00000000	00000013	addi	x0,x0,0	  x0:0x00000000
        6715000	       670	8000193c	00000013	addi	x0,x0,0	  x0:0x00000000
        6725000	       671	80001940	00000013	addi	x0,x0,0	  x0:0x00000000
        6735000	       672	80001944	0290d663	bge	x1,x9,80001970	  x1:0x8000816c  x9:0x16d62000
        6745000	       673	80001948	023adc63	bge	x21,x3,80001980	 x21:0xe8354914  x3:0xfffffe0b
        6755000	       674	8000194c	02a09063	bne	x1,x10,8000196c	  x1:0x8000816c x10:0x00000000
        6765000	       675	00000000	00000013	addi	x0,x0,0	  x0:0x00000000
        6775000	       676	80001968	00000013	addi	x0,x0,0	  x0:0x00000000
        6785000	       677	8000196c	01424b33	xor	x22,x4,x20	  x4:0xec2a28b0 x20:0x00000000 x22=0xec2a28b0
        6795000	       678	80001970	03925c63	bge	x4,x25,800019a8	  x4:0xec2a28b0 x25:0x80009f48
        6805000	       679	00000000	00000013	addi	x0,x0,0	  x0:0x00000000
        6815000	       680	800019a4	00000013	addi	x0,x0,0	  x0:0x00000000
        6825000	       681	800019a8	037a4263	blt	x20,x23,800019cc	 x20:0x00000000 x23:0xfffffeff
        6835000	       682	800019ac	004c1333	sll	x6,x24,x4	 x24:0xfffffc86  x4:0xec2a28b0  x6=0xfc860000
        6845000	       683	800019b0	02f5ca63	blt	x11,x15,800019e4	 x11:0x000000ce x15:0x00000001
        6855000	       684	800019b4	00748bb3	add	x23,x9,x7	  x9:0x16d62000  x7:0x00000008 x23=0x16d62008
        6865000	       685	800019b8	00a0d663	bge	x1,x10,800019c4	  x1:0x8000816c x10:0x00000000
        6875000	       686	800019bc	00bb1663	bne	x22,x11,800019c8	 x22:0xec2a28b0 x11:0x000000ce
        6885000	       687	00000000	00000013	addi	x0,x0,0	  x0:0x00000000
        6895000	       688	800019c4	00000013	addi	x0,x0,0	  x0:0x00000000
        6905000	       689	800019c8	04e65663	bge	x12,x14,80001a14	 x12:0x80009fc4 x14:0x094af000
        6915000	       690	800019cc	40115e33	sra	x28,x2,x1	  x2:0x00000000  x1:0x8000816c x28=0x00000000
        6925000	       691	800019d0	41e25233	sra	x4,x4,x30	  x4:0xec2a28b0 x30:0x00000000  x4=0xec2a28b0
        6935000	       692	800019d4	626f7e13	andi	x28,x30,1574	 x30:0x00000000 x28=0x00000000
        6945000	       693	800019d8	00000013	addi	x0,x0,0	  x0:0x00000000
        6955000	       694	800019dc	410f5a93	srai	x21,x30,0x10	 x30:0x00000000 x21=0x00000000
        6965000	       695	800019e0	40cf5033	sra	x0,x30,x12	 x30:0x00000000 x12:0x80009fc4
        6975000	       696	800019e4	02726a63	bltu	x4,x7,80001a18	  x4:0xec2a28b0  x7:0x00000008
        6985000	       697	800019e8	00ec8133	add	x2,x25,x14	 x25:0x80009f48 x14:0x094af000  x2=0x894b8f48
        6995000	       698	800019ec	03a94e63	blt	x18,x26,80001a28	 x18:0x00000000 x26:0x00000008
        7005000	       699	00000000	00000013	addi	x0,x0,0	  x0:0x00000000
        7015000	       700	80001a24	00000013	addi	x0,x0,0	  x0:0x00000000
        7025000	       701	80001a28	d396b413	sltiu	x8,x13,-711	 x13:0x00000000  x8=0x00000001
        7035000	       702	80001a2c	00bc6a63	bltu	x24,x11,80001a40	 x24:0xfffffc86 x11:0x000000ce
        7045000	       703	80001a30	0178cab3	xor	x21,x17,x23	 x17:0x00005c5d x23:0x16d62008 x21=0x16d67c55
        7055000	       704	80001a34	73b68017	auipc	x0,0x73b68	
        7065000	       705	80001a38	00000013	addi	x0,x0,0	  x0:0x00000000
        7075000	       706	80001a3c	40745033	sra	x0,x8,x7	  x8:0x00000001  x7:0x00000008
        7085000	       707	80001a40	011ed293	srli	x5,x29,0x11	 x29:0xffffffff  x5=0x00007fff
        7095000	       708	80001a44	41b6d413	srai	x8,x13,0x1b	 x13:0x00000000  x8=0x00000000
        7105000	       709	80001a48	01762a33	slt	x20,x12,x23	 x12:0x80009fc4 x23:0x16d62008 x20=0x00000001
        7115000	       710	80001a4c	00928c63	beq	x5,x9,80001a64	  x5:0x00007fff  x9:0x16d62000
        7125000	       711	80001a50	0111e433	or	x8,x3,x17	  x3:0xfffffe0b x17:0x00005c5d  x8=0xfffffe5f
        7135000	       712	80001a54	01bc4fb3	xor	x31,x24,x27	 x24:0xfffffc86 x27:0xcb3ad7e8 x31=0x34c52b6e
        7145000	       713	80001a58	0214d863	bge	x9,x1,80001a88	  x9:0x16d62000  x1:0x8000816c
        7155000	       714	00000000	00000013	addi	x0,x0,0	  x0:0x00000000
        7165000	       715	80001a84	00000013	addi	x0,x0,0	  x0:0x00000000
        7175000	       716	80001a88	4196d913	srai	x18,x13,0x19	 x13:0x00000000 x18=0x00000000
        7185000	       717	80001a8c	7d2c8113	addi	x2,x25,2002	 x25:0x80009f48  x2=0x8000a71a
        7195000	       718	80001a90	01dee1b3	or	x3,x29,x29	 x29:0xffffffff x29:0xffffffff  x3=0xffffffff
        7205000	       719	80001a94	01b89b33	sll	x22,x17,x27	 x17:0x00005c5d x27:0xcb3ad7e8 x22=0x005c5d00
        7215000	       720	80001a98	01b10d33	add	x26,x2,x27	  x2:0x8000a71a x27:0xcb3ad7e8 x26=0x4b3b7f02
        7225000	       721	80001a9c	0072e433	or	x8,x5,x7	  x5:0x00007fff  x7:0x00000008  x8=0x00007fff
        7235000	       722	80001aa0	01f1f663	bgeu	x3,x31,80001aac	  x3:0xffffffff x31:0x34c52b6e
        7245000	       723	00000000	00000013	addi	x0,x0,0	  x0:0x00000000
        7255000	       724	80001aa8	00000013	addi	x0,x0,0	  x0:0x00000000
        7265000	       725	80001aac	41e35033	sra	x0,x6,x30	  x6:0xfc860000 x30:0x00000000
        7275000	       726	80001ab0	0012b433	sltu	x8,x5,x1	  x5:0x00007fff  x1:0x8000816c  x8=0x00000001
        7285000	       727	80001ab4	00494033	xor	x0,x18,x4	 x18:0x00000000  x4:0xec2a28b0
        7295000	       728	80001ab8	8e5b0293	addi	x5,x22,-1819	 x22:0x005c5d00  x5=0x005c55e5
        7305000	       729	80001abc	0023d513	srli	x10,x7,0x2	  x7:0x00000008 x10=0x00000002
        7315000	       730	80001ac0	01489c63	bne	x17,x20,80001ad8	 x17:0x00005c5d x20:0x00000001
        7325000	       731	00000000	00000013	addi	x0,x0,0	  x0:0x00000000
        7335000	       732	80001ad4	00000013	addi	x0,x0,0	  x0:0x00000000
        7345000	       733	80001ad8	40ba5213	srai	x4,x20,0xb	 x20:0x00000001  x4=0x00000000
        7355000	       734	80001adc	97653413	sltiu	x8,x10,-1674	 x10:0x00000002  x8=0x00000001
        7365000	       735	80001ae0	012e1013	slli	x0,x28,0x12	 x28:0x00000000
        7375000	       736	80001ae4	6a97ad93	slti	x27,x15,1705	 x15:0x00000001 x27=0x00000001
        7385000	       737	80001ae8	017df663	bgeu	x27,x23,80001af4	 x27:0x00000001 x23:0x16d62008
        7395000	       738	80001aec	006d2bb3	slt	x23,x26,x6	 x26:0x4b3b7f02  x6:0xfc860000 x23=0x00000000
        7405000	       739	80001af0	01eb0b33	add	x22,x22,x30	 x22:0x005c5d00 x30:0x00000000 x22=0x005c5d00
        7415000	       740	80001af4	015f1093	slli	x1,x30,0x15	 x30:0x00000000  x1=0x00000000
        7425000	       741	80001af8	0164b433	sltu	x8,x9,x22	  x9:0x16d62000 x22:0x005c5d00  x8=0x00000000
        7435000	       742	80001afc	017be2b3	or	x5,x23,x23	 x23:0x00000000 x23:0x00000000  x5=0x00000000
        7445000	       743	80001b00	99a0d437	lui	x8,0x99a0d	  x8=0x99a0d000
        7455000	       744	80001b04	00000013	addi	x0,x0,0	  x0:0x00000000
        7465000	       745	80001b08	00fc9893	slli	x17,x25,0xf	 x25:0x80009f48 x17=0x4fa40000
        7475000	       746	80001b0c	60ee4717	auipc	x14,0x60ee4	 x14=0xe0ee5b08
        7485000	       747	80001b10	5dffa113	slti	x2,x31,1503	 x31:0x34c52b6e  x2=0x00000000
        7495000	       748	80001b14	019485b3	add	x11,x9,x25	  x9:0x16d62000 x25:0x80009f48 x11=0x96d6bf48
        7505000	       749	80001b18	008dc133	xor	x2,x27,x8	 x27:0x00000001  x8:0x99a0d000  x2=0x99a0d001
        7515000	       750	80001b1c	00000013	addi	x0,x0,0	  x0:0x00000000
        7525000	       751	80001b20	57dac893	xori	x17,x21,1405	 x21:0x16d67c55 x17=0x16d67928
        7535000	       752	80001b24	f3404313	xori	x6,x0,-204	  x0:0x00000000  x6=0xffffff34
        7545000	       753	80001b28	001d4e33	xor	x28,x26,x1	 x26:0x4b3b7f02  x1:0x00000000 x28=0x4b3b7f02
        7555000	       754	80001b2c	ab046593	ori	x11,x8,-1360	  x8:0x99a0d000 x11=0xfffffab0
        7565000	       755	80001b30	0075f333	and	x6,x11,x7	 x11:0xfffffab0  x7:0x00000008  x6=0x00000000
        7575000	       756	80001b34	53fa8593	addi	x11,x21,1343	 x21:0x16d67c55 x11=0x16d68194
        7585000	       757	80001b38	62eca717	auipc	x14,0x62eca	 x14=0xe2ecbb34
        7595000	       758	80001b3c	410bd533	sra	x10,x23,x16	 x23:0x00000000 x16:0xec2a28b1 x10=0x00000000
        7605000	       759	80001b40	00da1e13	slli	x28,x20,0xd	 x20:0x00000001 x28=0x00002000
        7615000	       760	80001b44	00000013	addi	x0,x0,0	  x0:0x00000000
        7625000	       761	80001b48	24c978b7	lui	x17,0x24c97	 x17=0x24c97000
        7635000	       762	80001b4c	8c976a13	ori	x20,x14,-1847	 x14:0xe2ecbb34 x20=0xfffffbfd
        7645000	       763	80001b50	00000013	addi	x0,x0,0	  x0:0x00000000
        7655000	       764	80001b54	01c0d813	srli	x16,x1,0x1c	  x1:0x00000000 x16=0x00000000
        7665000	       765	80001b58	00d3d233	srl	x4,x7,x13	  x7:0x00000008 x13:0x00000000  x4=0x00000008
        7675000	       766	80001b5c	06895463	bge	x18,x8,80001bc4	 x18:0x00000000  x8:0x99a0d000
        7685000	       767	00000000	00000013	addi	x0,x0,0	  x0:0x00000000
        7695000	       768	80001bc0	00000013	addi	x0,x0,0	  x0:0x00000000
        7705000	       769	80001bc4	00dcc5b3	xor	x11,x25,x13	 x25:0x80009f48 x13:0x00000000 x11=0x80009f48
        7715000	       770	80001bc8	bc55a093	slti	x1,x11,-1083	 x11:0x80009f48  x1=0x00000001
        7725000	       771	80001bcc	00b2d593	srli	x11,x5,0xb	  x5:0x00000000 x11=0x00000000
        7735000	       772	80001bd0	00000013	addi	x0,x0,0	  x0:0x00000000
        7745000	       773	80001bd4	6b277b97	auipc	x23,0x6b277	 x23=0xeb278bd0
        7755000	       774	80001bd8	01a7ebb3	or	x23,x15,x26	 x15:0x00000001 x26:0x4b3b7f02 x23=0x4b3b7f03
        7765000	       775	80001bdc	019492b3	sll	x5,x9,x25	  x9:0x16d62000 x25:0x80009f48  x5=0xd6200000
        7775000	       776	80001be0	01d807b3	add	x15,x16,x29	 x16:0x00000000 x29:0xffffffff x15=0xffffffff
        7785000	       777	80001be4	0064c833	xor	x16,x9,x6	  x9:0x16d62000  x6:0x00000000 x16=0x16d62000
        7795000	       778	80001be8	027c0c63	beq	x24,x7,80001c20	 x24:0xfffffc86  x7:0x00000008
        7805000	       779	80001bec	0020d913	srli	x18,x1,0x2	  x1:0x00000001 x18=0x00000000
        7815000	       780	80001bf0	0078f333	and	x6,x17,x7	 x17:0x24c97000  x7:0x00000008  x6=0x00000000
        7825000	       781	80001bf4	73afe593	ori	x11,x31,1850	 x31:0x34c52b6e x11=0x34c52f7e
        7835000	       782	80001bf8	40608f33	sub	x30,x1,x6	  x1:0x00000001  x6:0x00000000 x30=0x00000001
        7845000	       783	80001bfc	00a41833	sll	x16,x8,x10	  x8:0x99a0d000 x10:0x00000000 x16=0x99a0d000
        7855000	       784	80001c00	01a3fb33	and	x22,x7,x26	  x7:0x00000008 x26:0x4b3b7f02 x22=0x00000000
        7865000	       785	80001c04	00de9663	bne	x29,x13,80001c10	 x29:0xffffffff x13:0x00000000
        7875000	       786	00000000	00000013	addi	x0,x0,0	  x0:0x00000000
        7885000	       787	80001c0c	00000013	addi	x0,x0,0	  x0:0x00000000
        7895000	       788	80001c10	4d5be113	ori	x2,x23,1237	 x23:0x4b3b7f03  x2=0x4b3b7fd7
        7905000	       789	80001c14	004d15b3	sll	x11,x26,x4	 x26:0x4b3b7f02  x4:0x00000008 x11=0x3b7f0200
        7915000	       790	80001c18	3b303f13	sltiu	x30,x0,947	  x0:0x00000000 x30=0x00000001
        7925000	       791	80001c1c	0e05fe63	bgeu	x11,x0,80001d18	 x11:0x3b7f0200  x0:0x00000000
        7935000	       792	00000000	00000013	addi	x0,x0,0	  x0:0x00000000
        7945000	       793	80001d14	00000013	addi	x0,x0,0	  x0:0x00000000
        7955000	       794	80001d18	414f5b13	srai	x22,x30,0x14	 x30:0x00000001 x22=0x00000000
        7965000	       795	80001d1c	00295a63	bge	x18,x2,80001d30	 x18:0x00000000  x2:0x4b3b7fd7
        7975000	       796	80001d20	0026e9b3	or	x19,x13,x2	 x13:0x00000000  x2:0x4b3b7fd7 x19=0x4b3b7fd7
        7985000	       797	80001d24	01329b93	slli	x23,x5,0x13	  x5:0xd6200000 x23=0x00000000
        7995000	       798	80001d28	bd63ec13	ori	x24,x7,-1066	  x7:0x00000008 x24=0xfffffbde
        8005000	       799	80001d2c	a9f30693	addi	x13,x6,-1377	  x6:0x00000000 x13=0xfffffa9f
        8015000	       800	80001d30	00edcc63	blt	x27,x14,80001d48	 x27:0x00000001 x14:0xe2ecbb34
        8025000	       801	80001d34	013e92b3	sll	x5,x29,x19	 x29:0xffffffff x19:0x4b3b7fd7  x5=0xff800000
        8035000	       802	80001d38	039be063	bltu	x23,x25,80001d58	 x23:0x00000000 x25:0x80009f48
        8045000	       803	00000000	00000013	addi	x0,x0,0	  x0:0x00000000
        8055000	       804	80001d54	00000013	addi	x0,x0,0	  x0:0x00000000
        8065000	       805	80001d58	9754e5b7	lui	x11,0x9754e	 x11=0x9754e000
        8075000	       806	80001d5c	01ce5d93	srli	x27,x28,0x1c	 x28:0x00002000 x27=0x00000000
        8085000	       807	80001d60	01821663	bne	x4,x24,80001d6c	  x4:0x00000008 x24:0xfffffbde
        8095000	       808	00000000	00000013	addi	x0,x0,0	  x0:0x00000000
        8105000	       809	80001d68	00000013	addi	x0,x0,0	  x0:0x00000000
        8115000	       810	80001d6c	0088afb3	slt	x31,x17,x8	 x17:0x24c97000  x8:0x99a0d000 x31=0x00000000
        8125000	       811	80001d70	02557a63	bgeu	x10,x5,80001da4	 x10:0x00000000  x5:0xff800000
        8135000	       812	80001d74	00855e93	srli	x29,x10,0x8	 x10:0x00000000 x29=0x00000000
        8145000	       813	80001d78	b7728513	addi	x10,x5,-1161	  x5:0xff800000 x10=0xff7ffb77
        8155000	       814	80001d7c	0005cd33	xor	x26,x11,x0	 x11:0x9754e000  x0:0x00000000 x26=0x9754e000
        8165000	       815	80001d80	17de3b93	sltiu	x23,x28,381	 x28:0x00002000 x23=0x00000000
        8175000	       816	80001d84	00585713	srli	x14,x16,0x5	 x16:0x99a0d000 x14=0x04cd0680
        8185000	       817	80001d88	66928513	addi	x10,x5,1641	  x5:0xff800000 x10=0xff800669
        8195000	       818	80001d8c	4016d1b3	sra	x3,x13,x1	 x13:0xfffffa9f  x1:0x00000001  x3=0xfffffd4f
        8205000	       819	80001d90	a2144013	xori	x0,x8,-1503	  x8:0x99a0d000
        8215000	       820	80001d94	0a754263	blt	x10,x7,80001e38	 x10:0xff800669  x7:0x00000008
        8225000	       821	00000000	00000013	addi	x0,x0,0	  x0:0x00000000
        8235000	       822	80001e34	00000013	addi	x0,x0,0	  x0:0x00000000
        8245000	       823	80001e38	00225493	srli	x9,x4,0x2	  x4:0x00000008  x9=0x00000002
        8255000	       824	80001e3c	40e28133	sub	x2,x5,x14	  x5:0xff800000 x14:0x04cd0680  x2=0xfab2f980
        8265000	       825	80001e40	041b8663	beq	x23,x1,80001e8c	 x23:0x00000000  x1:0x00000001
        8275000	       826	80001e44	00a79a13	slli	x20,x15,0xa	 x15:0xffffffff x20=0xfffffc00
        8285000	       827	80001e48	bcd3b313	sltiu	x6,x7,-1075	  x7:0x00000008  x6=0x00000001
        8295000	       828	80001e4c	40978a33	sub	x20,x15,x9	 x15:0xffffffff  x9:0x00000002 x20=0xfffffffd
        8305000	       829	80001e50	00008c33	add	x24,x1,x0	  x1:0x00000001  x0:0x00000000 x24=0x00000001
        8315000	       830	80001e54	41785a33	sra	x20,x16,x23	 x16:0x99a0d000 x23:0x00000000 x20=0x99a0d000
        8325000	       831	80001e58	01b7c8b3	xor	x17,x15,x27	 x15:0xffffffff x27:0x00000000 x17=0xffffffff
        8335000	       832	80001e5c	00beddb3	srl	x27,x29,x11	 x29:0x00000000 x11:0x9754e000 x27=0x00000000
        8345000	       833	80001e60	41470eb3	sub	x29,x14,x20	 x14:0x04cd0680 x20:0x99a0d000 x29=0x6b2c3680
        8355000	       834	80001e64	68b4a713	slti	x14,x9,1675	  x9:0x00000002 x14=0x00000001
        8365000	       835	80001e68	40485e93	srai	x29,x16,0x4	 x16:0x99a0d000 x29=0xf99a0d00
        8375000	       836	80001e6c	010318b3	sll	x17,x6,x16	  x6:0x00000001 x16:0x99a0d000 x17=0x00000001
        8385000	       837	80001e70	042e7863	bgeu	x28,x2,80001ec0	 x28:0x00002000  x2:0xfab2f980
        8395000	       838	80001e74	03f5e063	bltu	x11,x31,80001e94	 x11:0x9754e000 x31:0x00000000
        8405000	       839	80001e78	0273f663	bgeu	x7,x7,80001ea4	  x7:0x00000008  x7:0x00000008
        8415000	       840	00000000	00000013	addi	x0,x0,0	  x0:0x00000000
        8425000	       841	80001ea0	00000013	addi	x0,x0,0	  x0:0x00000000
        8435000	       842	80001ea4	0264f463	bgeu	x9,x6,80001ecc	  x9:0x00000002  x6:0x00000001
        8445000	       843	00000000	00000013	addi	x0,x0,0	  x0:0x00000000
        8455000	       844	80001ec8	00000013	addi	x0,x0,0	  x0:0x00000000
        8465000	       845	80001ecc	002da533	slt	x10,x27,x2	 x27:0x00000000  x2:0xfab2f980 x10=0x00000000
        8475000	       846	80001ed0	0146a533	slt	x10,x13,x20	 x13:0xfffffa9f x20:0x99a0d000 x10=0x00000000
        8485000	       847	80001ed4	90d08d13	addi	x26,x1,-1779	  x1:0x00000001 x26=0xfffff90e
        8495000	       848	80001ed8	a83e7e93	andi	x29,x28,-1405	 x28:0x00002000 x29=0x00002000
        8505000	       849	80001edc	0115da33	srl	x20,x11,x17	 x11:0x9754e000 x17:0x00000001 x20=0x4baa7000
        8515000	       850	80001ee0	00358fb3	add	x31,x11,x3	 x11:0x9754e000  x3:0xfffffd4f x31=0x9754dd4f
        8525000	       851	80001ee4	73196c13	ori	x24,x18,1841	 x18:0x00000000 x24=0x00000731
        8535000	       852	80001ee8	004ca303	lw	x6,4(x25)	 x25:0x80009f48  x6=0x800003a8 PA:0x80009f4c
        8545000	       853	80001eec	00272bb3	slt	x23,x14,x2	 x14:0x00000001  x2:0xfab2f980 x23=0x00000000
        8555000	       854	80001ef0	a16af413	andi	x8,x21,-1514	 x21:0x16d67c55  x8=0x16d67814
        8565000	       855	80001ef4	00521193	slli	x3,x4,0x5	  x4:0x00000008  x3=0x00000100
        8575000	       856	80001ef8	03cc8c93	addi	x25,x25,60	 x25:0x80009f48 x25=0x80009f84
        8585000	       857	80001efc	4d67b693	sltiu	x13,x15,1238	 x15:0xffffffff x13=0x00000000
        8595000	       858	80001f00	01762233	slt	x4,x12,x23	 x12:0x80009fc4 x23:0x00000000  x4=0x00000001
        8605000	       859	80001f04	00000013	addi	x0,x0,0	  x0:0x00000000
        8615000	       860	80001f08	00030293	addi	x5,x6,0	  x6:0x800003a8  x5=0x800003a8
        8625000	       861	80001f0c	000282e7	jalr	x5,x5,0	  x5:0x800003a8  x5=0x80001f0c
        8635000	       862	00000000	00000013	addi	x0,x0,0	  x0:0x00000000
        8645000	       863	800003a8	00000013	addi	x0,x0,0	  x0:0x00000000
        8655000	       864	800003ac	0528d063	bge	x17,x18,800003ec	 x17:0x00000001 x18:0x00000000
        8665000	       865	00000000	00000013	addi	x0,x0,0	  x0:0x00000000
        8675000	       866	800003e8	00000013	addi	x0,x0,0	  x0:0x00000000
        8685000	       867	800003ec	41e88733	sub	x14,x17,x30	 x17:0x00000001 x30:0x00000001 x14=0x00000000
        8695000	       868	800003f0	0189ef33	or	x30,x19,x24	 x19:0x4b3b7fd7 x24:0x00000731 x30=0x4b3b7ff7
        8705000	       869	800003f4	00000013	addi	x0,x0,0	  x0:0x00000000
        8715000	       870	800003f8	00138033	add	x0,x7,x1	  x7:0x00000008  x1:0x00000001
        8725000	       871	800003fc	1aeee717	auipc	x14,0x1aeee	 x14=0x9aeee3f8
        8735000	       872	80000400	40fa8fb3	sub	x31,x21,x15	 x21:0x16d67c55 x15:0xffffffff x31=0x16d67c56
        8745000	       873	80000404	01f25533	srl	x10,x4,x31	  x4:0x00000001 x31:0x16d67c56 x10=0x00000000
        8755000	       874	80000408	cfe5e713	ori	x14,x11,-770	 x11:0x9754e000 x14=0xfffffcfe
        8765000	       875	8000040c	2b4cb513	sltiu	x10,x25,692	 x25:0x80009f84 x10=0x00000000
        8775000	       876	80000410	00bbe7b3	or	x15,x23,x11	 x23:0x00000000 x11:0x9754e000 x15=0x9754e000
        8785000	       877	80000414	89820f93	addi	x31,x4,-1896	  x4:0x00000001 x31=0xfffff899
        8795000	       878	80000418	038f4263	blt	x30,x24,8000043c	 x30:0x4b3b7ff7 x24:0x00000731
        8805000	       879	8000041c	0057e5b3	or	x11,x15,x5	 x15:0x9754e000  x5:0x80001f0c x11=0x9754ff0c
        8815000	       880	80000420	01351463	bne	x10,x19,80000428	 x10:0x00000000 x19:0x4b3b7fd7
        8825000	       881	00000000	00000013	addi	x0,x0,0	  x0:0x00000000
        8835000	       882	80000424	00000013	addi	x0,x0,0	  x0:0x00000000
        8845000	       883	80000428	3d262893	slti	x17,x12,978	 x12:0x80009fc4 x17=0x00000001
        8855000	       884	8000042c	00b85263	bge	x16,x11,80000430	 x16:0x99a0d000 x11:0x9754ff0c
        8865000	       885	00000000	00000013	addi	x0,x0,0	  x0:0x00000000
        8875000	       886	8000042c	00000013	addi	x0,x0,0	  x0:0x00000000
        8885000	       887	80000430	01f2e933	or	x18,x5,x31	  x5:0x80001f0c x31:0xfffff899 x18=0xffffff9d
        8895000	       888	80000434	01a4d463	bge	x9,x26,8000043c	  x9:0x00000002 x26:0xfffff90e
        8905000	       889	00000000	00000013	addi	x0,x0,0	  x0:0x00000000
        8915000	       890	80000438	00000013	addi	x0,x0,0	  x0:0x00000000
        8925000	       891	8000043c	00000013	addi	x0,x0,0	  x0:0x00000000
        8935000	       892	80000440	00000397	auipc	x7,0x0	  x7=0x8000043c
        8945000	       893	80000444	00c38393	addi	x7,x7,12	  x7:0x8000043c  x7=0x80000448
        8955000	       894	80000448	00038067	jalr	x0,x7,0	  x7:0x80000448
        8965000	       895	00000000	00000013	addi	x0,x0,0	  x0:0x00000000
        8975000	       896	80000448	00000013	addi	x0,x0,0	  x0:0x00000000
        8985000	       897	8000044c	00100193	addi	x3,x0,1	  x0:0x00000000  x3=0x00000001
        8995000	       898	80000450	00000073	ecall	
        9005000	       899	80000454	00e78233	add	x4,x15,x14	 x15:0x9754e000 x14:0xfffffcfe  x4=0x9754dcfe
