		Time			Cycle	PC		Insn	Decoded instruction	Register and memory contents
          65000	         5	80000004	00000293	addi	x5,x0,0	  x0:0x00000000  x5=0x00000000
          75000	         6	80000008	00000313	addi	x6,x0,0	  x0:0x00000000  x6=0x00000000
          85000	         7	8000000c	00628263	beq	x5,x6,80000010	  x5:0x00000000  x6:0x00000000
          95000	         8	00000000	00000013	addi	x0,x0,0	  x0:0x00000000
         105000	         9	8000000c	00000013	addi	x0,x0,0	  x0:0x00000000
         115000	        10	80000010	00000b17	auipc	x22,0x0	 x22=0x8000000c
         125000	        11	80000014	00cb0b13	addi	x22,x22,12	 x22:0x8000000c x22=0x80000018
         135000	        12	80000018	000b0067	jalr	x0,x22,0	 x22:0x80000018
         145000	        13	00000000	00000013	addi	x0,x0,0	  x0:0x00000000
         155000	        14	80000018	00000013	addi	x0,x0,0	  x0:0x00000000
         165000	        15	8000001c	400002b7	lui	x5,0x40000	  x5=0x40000000
         175000	        16	80000020	10028293	addi	x5,x5,256	  x5:0x40000000  x5=0x40000100
         185000	        17	80000024	00000013	addi	x0,x0,0	  x0:0x00000000
         195000	        18	80000028	0000a117	auipc	x2,0xa	  x2=0x8000a024
         205000	        19	8000002c	fa010113	addi	x2,x2,-96	  x2:0x8000a024  x2=0x80009fc4
         215000	        20	80000030	00002297	auipc	x5,0x2	  x5=0x8000202c
         225000	        21	80000034	7a428293	addi	x5,x5,1956	  x5:0x8000202c  x5=0x800027d0
         235000	        22	80000038	0012e293	ori	x5,x5,1	  x5:0x800027d0  x5=0x800027d1
         245000	        23	8000003c	00000013	addi	x0,x0,0	  x0:0x00000000
         255000	        24	80000040	00000297	auipc	x5,0x0	  x5=0x8000003c
         265000	        25	80000044	02028293	addi	x5,x5,32	  x5:0x8000003c  x5=0x8000005c
         275000	        26	80000048	00000013	addi	x0,x0,0	  x0:0x00000000
         285000	        27	8000004c	00000013	addi	x0,x0,0	  x0:0x00000000
         295000	        28	80000050	000022b7	lui	x5,0x2	  x5=0x00002000
         305000	        29	80000054	80028293	addi	x5,x5,-2048	  x5:0x00002000  x5=0x00001800
         315000	        30	80000058	00000013	addi	x0,x0,0	  x0:0x00000000
         325000	        31	8000005c	00000013	addi	x0,x0,0	  x0:0x00000000
         335000	        32	80000060	197a4037	lui	x0,0x197a4	
         345000	        33	80000064	9df00013	addi	x0,x0,-1569	  x0:0x00000000
         355000	        34	80000068	00000093	addi	x1,x0,0	  x0:0x00000000  x1=0x00000000
         365000	        35	8000006c	00900193	addi	x3,x0,9	  x0:0x00000000  x3=0x00000009
         375000	        36	80000070	aa8f3237	lui	x4,0xaa8f3	  x4=0xaa8f3000
         385000	        37	80000074	81720213	addi	x4,x4,-2025	  x4:0xaa8f3000  x4=0xaa8f2817
         395000	        38	80000078	800002b7	lui	x5,0x80000	  x5=0x80000000
         405000	        39	8000007c	e9311337	lui	x6,0xe9311	  x6=0xe9311000
         415000	        40	80000080	42a30313	addi	x6,x6,1066	  x6:0xe9311000  x6=0xe931142a
         425000	        41	80000084	00000393	addi	x7,x0,0	  x0:0x00000000  x7=0x00000000
         435000	        42	80000088	f8b69437	lui	x8,0xf8b69	  x8=0xf8b69000
         445000	        43	8000008c	68540413	addi	x8,x8,1669	  x8:0xf8b69000  x8=0xf8b69685
         455000	        44	80000090	fd1c94b7	lui	x9,0xfd1c9	  x9=0xfd1c9000
         465000	        45	80000094	ceb48493	addi	x9,x9,-789	  x9:0xfd1c9000  x9=0xfd1c8ceb
         475000	        46	80000098	00000513	addi	x10,x0,0	  x0:0x00000000 x10=0x00000000
         485000	        47	8000009c	c6e585b7	lui	x11,0xc6e58	 x11=0xc6e58000
         495000	        48	800000a0	95458593	addi	x11,x11,-1708	 x11:0xc6e58000 x11=0xc6e57954
         505000	        49	800000a4	00000613	addi	x12,x0,0	  x0:0x00000000 x12=0x00000000
         515000	        50	800000a8	800006b7	lui	x13,0x80000	 x13=0x80000000
         525000	        51	800000ac	f44c8737	lui	x14,0xf44c8	 x14=0xf44c8000
         535000	        52	800000b0	fe170713	addi	x14,x14,-31	 x14:0xf44c8000 x14=0xf44c7fe1
         545000	        53	800000b4	800007b7	lui	x15,0x80000	 x15=0x80000000
         555000	        54	800000b8	00300813	addi	x16,x0,3	  x0:0x00000000 x16=0x00000003
         565000	        55	800000bc	00800893	addi	x17,x0,8	  x0:0x00000000 x17=0x00000008
         575000	        56	800000c0	00000913	addi	x18,x0,0	  x0:0x00000000 x18=0x00000000
         585000	        57	800000c4	00800993	addi	x19,x0,8	  x0:0x00000000 x19=0x00000008
         595000	        58	800000c8	f943ca37	lui	x20,0xf943c	 x20=0xf943c000
         605000	        59	800000cc	ceda0a13	addi	x20,x20,-787	 x20:0xf943c000 x20=0xf943bced
         615000	        60	800000d0	00f00a93	addi	x21,x0,15	  x0:0x00000000 x21=0x0000000f
         625000	        61	800000d4	00000b13	addi	x22,x0,0	  x0:0x00000000 x22=0x00000000
         635000	        62	800000d8	00000b93	addi	x23,x0,0	  x0:0x00000000 x23=0x00000000
         645000	        63	800000dc	00000c13	addi	x24,x0,0	  x0:0x00000000 x24=0x00000000
         655000	        64	800000e0	f5b72cb7	lui	x25,0xf5b72	 x25=0xf5b72000
         665000	        65	800000e4	0fcc8c93	addi	x25,x25,252	 x25:0xf5b72000 x25=0xf5b720fc
         675000	        66	800000e8	69e72d37	lui	x26,0x69e72	 x26=0x69e72000
         685000	        67	800000ec	ca2d0d13	addi	x26,x26,-862	 x26:0x69e72000 x26=0x69e71ca2
         695000	        68	800000f0	00000d93	addi	x27,x0,0	  x0:0x00000000 x27=0x00000000
         705000	        69	800000f4	00900e13	addi	x28,x0,9	  x0:0x00000000 x28=0x00000009
         715000	        70	800000f8	80000eb7	lui	x29,0x80000	 x29=0x80000000
         725000	        71	800000fc	edb96fb7	lui	x31,0xedb96	 x31=0xedb96000
         735000	        72	80000100	f0af8f93	addi	x31,x31,-246	 x31:0xedb96000 x31=0xedb95f0a
         745000	        73	80000104	0000af17	auipc	x30,0xa	 x30=0x8000a100
         755000	        74	80000108	e84f0f13	addi	x30,x30,-380	 x30:0x8000a100 x30=0x80009f84
         765000	        75	8000010c	00008917	auipc	x18,0x8	 x18=0x80008108
         775000	        76	80000110	79490913	addi	x18,x18,1940	 x18:0x80008108 x18=0x8000889c
         785000	        77	80000114	75b91523	sh	x27,1866(x18)	 x18:0x8000889c x27:0x00000000 PA:0x80008fe6
         795000	        78	80000118	6cf90083	lb	x1,1743(x18)	 x18:0x8000889c  x1=0xffffffcf PA:0x80008f6b
         805000	        79	00000000	00000013	addi	x0,x0,0	  x0:0x00000000
         815000	        80	8000011c	00009997	auipc	x19,0x9	 x19=0x80009118
         825000	        81	80000120	91998993	addi	x19,x19,-1767	 x19:0x80009118 x19=0x80008a31
         835000	        82	80000124	5af91223	sh	x15,1444(x18)	 x18:0x8000889c x15:0x80000000 PA:0x80008e40
         845000	        83	80000128	006985a3	sb	x6,11(x19)	 x19:0x80008a31  x6:0xe931142a PA:0x80008a3c
         855000	        84	8000012c	00998523	sb	x9,10(x19)	 x19:0x80008a31  x9:0xfd1c8ceb PA:0x80008a3b
         865000	        85	80000130	fe498ca3	sb	x4,-7(x19)	 x19:0x80008a31  x4:0xaa8f2817 PA:0x80008a2a
         875000	        86	80000134	ff198283	lb	x5,-15(x19)	 x19:0x80008a31  x5=0xffffffee PA:0x80008a22
         885000	        87	80000138	fed98923	sb	x13,-14(x19)	 x19:0x80008a31 x13:0x80000000 PA:0x80008a23
         895000	        88	8000013c	41191d23	sh	x17,1050(x18)	 x18:0x8000889c x17:0x00000008 PA:0x80008cb6
         905000	        89	80000140	ff29c503	lbu	x10,-14(x19)	 x19:0x80008a31 x10=0x00000000 PA:0x80008a23
         915000	        90	80000144	ff898003	lb	x0,-8(x19)	 x19:0x80008a31 PA:0x80008a29
         925000	        91	80000148	26292623	sw	x2,620(x18)	 x18:0x8000889c  x2:0x80009fc4 PA:0x80008b08
         935000	        92	8000014c	015997a3	sh	x21,15(x19)	 x19:0x80008a31 x21:0x0000000f PA:0x80008a40
         945000	        93	80000150	01a9a1a3	sw	x26,3(x19)	 x19:0x80008a31 x26:0x69e71ca2 PA:0x80008a34
         955000	        94	80000154	00008c17	auipc	x24,0x8	 x24=0x80008150
         965000	        95	80000158	42dc0c13	addi	x24,x24,1069	 x24:0x80008150 x24=0x8000857d
         975000	        96	8000015c	015c04b3	add	x9,x24,x21	 x24:0x8000857d x21:0x0000000f  x9=0x8000858c
         985000	        97	80000160	01749b93	slli	x23,x9,0x17	  x9:0x8000858c x23=0xc6000000
         995000	        98	80000164	411f5793	srai	x15,x30,0x11	 x30:0x80009f84 x15=0xffffc000
        1005000	        99	80000168	00fc0d03	lb	x26,15(x24)	 x24:0x8000857d x26=0xffffff8e PA:0x8000858c
        1015000	       100	8000016c	00dc5403	lhu	x8,13(x24)	 x24:0x8000857d  x8=0x00009853 PA:0x8000858a
        1025000	       101	80000170	42633393	sltiu	x7,x6,1062	  x6:0xe931142a  x7=0x00000000
        1035000	       102	80000174	016c4783	lbu	x15,22(x24)	 x24:0x8000857d x15=0x0000008e PA:0x80008593
        1045000	       103	80000178	c57aa713	slti	x14,x21,-937	 x21:0x0000000f x14=0x00000000
        1055000	       104	8000017c	01ee5cb3	srl	x25,x28,x30	 x28:0x00000009 x30:0x80009f84 x25=0x00000000
        1065000	       105	80000180	004c0fa3	sb	x4,31(x24)	 x24:0x8000857d  x4:0xaa8f2817 PA:0x8000859c
        1075000	       106	80000184	01472633	slt	x12,x14,x20	 x14:0x00000000 x20:0xf943bced x12=0x00000000
        1085000	       107	80000188	01928cb3	add	x25,x5,x25	  x5:0xffffffee x25:0x00000000 x25=0xffffffee
        1095000	       108	8000018c	c0aafd13	andi	x26,x21,-1014	 x21:0x0000000f x26=0x0000000a
        1105000	       109	80000190	00a6e033	or	x0,x13,x10	 x13:0x80000000 x10:0x00000000
        1115000	       110	80000194	ff0c0223	sb	x16,-28(x24)	 x24:0x8000857d x16:0x00000003 PA:0x80008561
        1125000	       111	80000198	febc1583	lh	x11,-21(x24)	 x24:0x8000857d x11=0xfffff70d PA:0x80008568
        1135000	       112	8000019c	3751d737	lui	x14,0x3751d	 x14=0x3751d000
        1145000	       113	800001a0	01800eb3	add	x29,x0,x24	  x0:0x00000000 x24:0x8000857d x29=0x8000857d
        1155000	       114	800001a4	0026adb3	slt	x27,x13,x2	 x13:0x80000000  x2:0x80009fc4 x27=0x00000001
        1165000	       115	800001a8	febc00a3	sb	x11,-31(x24)	 x24:0x8000857d x11:0xfffff70d PA:0x8000855e
        1175000	       116	800001ac	fc5c5b83	lhu	x23,-59(x24)	 x24:0x8000857d x23=0x0000d2b3 PA:0x80008542
        1185000	       117	800001b0	22076d37	lui	x26,0x22076	 x26=0x22076000
        1195000	       118	800001b4	1519c1b7	lui	x3,0x1519c	  x3=0x1519c000
        1205000	       119	800001b8	32eb2e93	slti	x29,x22,814	 x22:0x00000000 x29=0x00000001
        1215000	       120	800001bc	00cc0883	lb	x17,12(x24)	 x24:0x8000857d x17=0x0000003c PA:0x80008589
        1225000	       121	00000000	00000013	addi	x0,x0,0	  x0:0x00000000
        1235000	       122	800001c0	01289c93	slli	x25,x17,0x12	 x17:0x0000003c x25=0x00f00000
        1245000	       123	800001c4	fc8c0b83	lb	x23,-56(x24)	 x24:0x8000857d x23=0x00000017 PA:0x80008545
        1255000	       124	800001c8	00c4c4b3	xor	x9,x9,x12	  x9:0x8000858c x12:0x00000000  x9=0x8000858c
        1265000	       125	800001cc	a2c22013	slti	x0,x4,-1492	  x4:0xaa8f2817
        1275000	       126	800001d0	016c12a3	sh	x22,5(x24)	 x24:0x8000857d x22:0x00000000 PA:0x80008582
        1285000	       127	800001d4	4607f413	andi	x8,x15,1120	 x15:0x0000008e  x8=0x00000000
        1295000	       128	800001d8	feac4083	lbu	x1,-22(x24)	 x24:0x8000857d  x1=0x0000000c PA:0x80008567
        1305000	       129	800001dc	01e58333	add	x6,x11,x30	 x11:0xfffff70d x30:0x80009f84  x6=0x80009691
        1315000	       130	800001e0	fd7c0523	sb	x23,-54(x24)	 x24:0x8000857d x23:0x00000017 PA:0x80008547
        1325000	       131	800001e4	009c4383	lbu	x7,9(x24)	 x24:0x8000857d  x7=0x0000002c PA:0x80008586
        1335000	       132	800001e8	012d6833	or	x16,x26,x18	 x26:0x22076000 x18:0x8000889c x16=0xa207e89c
        1345000	       133	800001ec	fccc11a3	sh	x12,-61(x24)	 x24:0x8000857d x12:0x00000000 PA:0x80008540
        1355000	       134	800001f0	fdfc0323	sb	x31,-58(x24)	 x24:0x8000857d x31:0xedb95f0a PA:0x80008543
        1365000	       135	800001f4	001b9db3	sll	x27,x23,x1	 x23:0x00000017  x1:0x0000000c x27=0x00017000
        1375000	       136	800001f8	030c0623	sb	x16,44(x24)	 x24:0x8000857d x16:0xa207e89c PA:0x800085a9
        1385000	       137	800001fc	1e77ec93	ori	x25,x15,487	 x15:0x0000008e x25=0x000001ef
        1395000	       138	80000200	016fb8b3	sltu	x17,x31,x22	 x31:0xedb95f0a x22:0x00000000 x17=0x00000000
        1405000	       139	80000204	03ac19a3	sh	x26,51(x24)	 x24:0x8000857d x26:0x22076000 PA:0x800085b0
        1415000	       140	80000208	3b57d7b7	lui	x15,0x3b57d	 x15=0x3b57d000
        1425000	       141	8000020c	010c6fb3	or	x31,x24,x16	 x24:0x8000857d x16:0xa207e89c x31=0xa207edfd
        1435000	       142	80000210	00edceb3	xor	x29,x27,x14	 x27:0x00017000 x14:0x3751d000 x29=0x3750a000
        1445000	       143	80000214	26b84313	xori	x6,x16,619	 x16:0xa207e89c  x6=0xa207eaf7
        1455000	       144	80000218	0060f7b3	and	x15,x1,x6	  x1:0x0000000c  x6:0xa207eaf7 x15=0x00000004
        1465000	       145	8000021c	036c0303	lb	x6,54(x24)	 x24:0x8000857d  x6=0xffffffc3 PA:0x800085b3
        1475000	       146	80000220	fd6c0923	sb	x22,-46(x24)	 x24:0x8000857d x22:0x00000000 PA:0x8000854f
        1485000	       147	80000224	00008517	auipc	x10,0x8	 x10=0x80008220
        1495000	       148	80000228	e8150513	addi	x10,x10,-383	 x10:0x80008220 x10=0x800080a1
        1505000	       149	8000022c	01a50d83	lb	x27,26(x10)	 x10:0x800080a1 x27=0x00000007 PA:0x800080bb
        1515000	       150	80000230	00f50d23	sb	x15,26(x10)	 x10:0x800080a1 x15:0x00000004 PA:0x800080bb
        1525000	       151	80000234	bdd87293	andi	x5,x16,-1059	 x16:0xa207e89c  x5=0xa207e89c
        1535000	       152	80000238	fc150523	sb	x1,-54(x10)	 x10:0x800080a1  x1:0x0000000c PA:0x8000806b
        1545000	       153	8000023c	fd150523	sb	x17,-54(x10)	 x10:0x800080a1 x17:0x00000000 PA:0x8000806b
        1555000	       154	80000240	00050703	lb	x14,0(x10)	 x10:0x800080a1 x14=0x00000048 PA:0x800080a1
        1565000	       155	80000244	00050403	lb	x8,0(x10)	 x10:0x800080a1  x8=0x00000048 PA:0x800080a1
        1575000	       156	80000248	00c50e03	lb	x28,12(x10)	 x10:0x800080a1 x28=0x00000076 PA:0x800080ad
        1585000	       157	8000024c	fc550523	sb	x5,-54(x10)	 x10:0x800080a1  x5:0xa207e89c PA:0x8000806b
        1595000	       158	80000250	01650283	lb	x5,22(x10)	 x10:0x800080a1  x5=0xffffffc9 PA:0x800080b7
        1605000	       159	80000254	01654883	lbu	x17,22(x10)	 x10:0x800080a1 x17=0x000000c9 PA:0x800080b7
        1615000	       160	80000258	03351883	lh	x17,51(x10)	 x10:0x800080a1 x17=0x000016da PA:0x800080d4
        1625000	       161	8000025c	1c6fd737	lui	x14,0x1c6fd	 x14=0x1c6fd000
        1635000	       162	80000260	03654483	lbu	x9,54(x10)	 x10:0x800080a1  x9=0x00000074 PA:0x800080d7
        1645000	       163	80000264	01c50983	lb	x19,28(x10)	 x10:0x800080a1 x19=0x00000064 PA:0x800080bd
        1655000	       164	80000268	00008317	auipc	x6,0x8	  x6=0x80008264
        1665000	       165	8000026c	0f630313	addi	x6,x6,246	  x6:0x80008264  x6=0x8000835a
        1675000	       166	80000270	01c3aeb3	slt	x29,x7,x28	  x7:0x0000002c x28:0x00000076 x29=0x00000001
        1685000	       167	80000274	02130783	lb	x15,33(x6)	  x6:0x8000835a x15=0x00000055 PA:0x8000837b
        1695000	       168	80000278	0f031b83	lh	x23,240(x6)	  x6:0x8000835a x23=0xffffd9a3 PA:0x8000844a
        1705000	       169	8000027c	fa6305a3	sb	x6,-85(x6)	  x6:0x8000835a  x6:0x8000835a PA:0x80008305
        1715000	       170	80000280	a732e893	ori	x17,x5,-1421	  x5:0xffffffc9 x17=0xfffffffb
        1725000	       171	80000284	01ee05b3	add	x11,x28,x30	 x28:0x00000076 x30:0x80009f84 x11=0x80009ffa
        1735000	       172	80000288	fb732f23	sw	x23,-66(x6)	  x6:0x8000835a x23:0xffffd9a3 PA:0x80008318
        1745000	       173	8000028c	00e75e93	srli	x29,x14,0xe	 x14:0x1c6fd000 x29=0x000071bf
        1755000	       174	80000290	f3331823	sh	x19,-208(x6)	  x6:0x8000835a x19:0x00000064 PA:0x8000828a
        1765000	       175	80000294	00d47533	and	x10,x8,x13	  x8:0x00000048 x13:0x80000000 x10=0x00000000
        1775000	       176	80000298	0ec35483	lhu	x9,236(x6)	  x6:0x8000835a  x9=0x00007f17 PA:0x80008446
        1785000	       177	8000029c	0151f4b3	and	x9,x3,x21	  x3:0x1519c000 x21:0x0000000f  x9=0x00000000
        1795000	       178	800002a0	01930083	lb	x1,25(x6)	  x6:0x8000835a  x1=0x00000042 PA:0x80008373
        1805000	       179	800002a4	019329b3	slt	x19,x6,x25	  x6:0x8000835a x25:0x000001ef x19=0x00000001
        1815000	       180	800002a8	f0530683	lb	x13,-251(x6)	  x6:0x8000835a x13=0x0000000b PA:0x8000825f
        1825000	       181	800002ac	57f3ad13	slti	x26,x7,1407	  x7:0x0000002c x26=0x00000001
        1835000	       182	800002b0	08d34383	lbu	x7,141(x6)	  x6:0x8000835a  x7=0x000000c8 PA:0x800083e7
        1845000	       183	800002b4	c5b36993	ori	x19,x6,-933	  x6:0x8000835a x19=0xffffff5b
        1855000	       184	800002b8	082306a3	sb	x2,141(x6)	  x6:0x8000835a  x2:0x80009fc4 PA:0x800083e7
        1865000	       185	800002bc	85702293	slti	x5,x0,-1961	  x0:0x00000000  x5=0x00000000
        1875000	       186	800002c0	f6031403	lh	x8,-160(x6)	  x6:0x8000835a  x8=0xffffb9f7 PA:0x800082ba
        1885000	       187	800002c4	7c2c4813	xori	x16,x24,1986	 x24:0x8000857d x16=0x800082bf
        1895000	       188	800002c8	f1a31e23	sh	x26,-228(x6)	  x6:0x8000835a x26:0x00000001 PA:0x80008276
        1905000	       189	800002cc	0173b533	sltu	x10,x7,x23	  x7:0x000000c8 x23:0xffffd9a3 x10=0x00000001
        1915000	       190	800002d0	55b07893	andi	x17,x0,1371	  x0:0x00000000 x17=0x00000000
        1925000	       191	800002d4	fc130223	sb	x1,-60(x6)	  x6:0x8000835a  x1:0x00000042 PA:0x8000831e
        1935000	       192	800002d8	09834a83	lbu	x21,152(x6)	  x6:0x8000835a x21=0x000000df PA:0x800083f2
        1945000	       193	800002dc	09730c83	lb	x25,151(x6)	  x6:0x8000835a x25=0xffffff96 PA:0x800083f1
        1955000	       194	800002e0	00008497	auipc	x9,0x8	  x9=0x800082dc
        1965000	       195	800002e4	6ac48493	addi	x9,x9,1708	  x9:0x800082dc  x9=0x80008988
        1975000	       196	800002e8	1602f293	andi	x5,x5,352	  x5:0x00000000  x5=0x00000000
        1985000	       197	800002ec	0614ca83	lbu	x21,97(x9)	  x9:0x80008988 x21=0x0000003f PA:0x800089e9
        1995000	       198	800002f0	0264d783	lhu	x15,38(x9)	  x9:0x80008988 x15=0x000005fb PA:0x800089ae
        2005000	       199	800002f4	07d48703	lb	x14,125(x9)	  x9:0x80008988 x14=0xffffffde PA:0x80008a05
        2015000	       200	800002f8	f9548a83	lb	x21,-107(x9)	  x9:0x80008988 x21=0xffffffb3 PA:0x8000891d
        2025000	       201	800002fc	f2649523	sh	x6,-214(x9)	  x9:0x80008988  x6:0x8000835a PA:0x800088b2
        2035000	       202	80000300	b3047413	andi	x8,x8,-1232	  x8:0xffffb9f7  x8=0xffffb930
        2045000	       203	80000304	6d82ff93	andi	x31,x5,1752	  x5:0x00000000 x31=0x00000000
        2055000	       204	80000308	f8148383	lb	x7,-127(x9)	  x9:0x80008988  x7=0xffffffbd PA:0x80008909
        2065000	       205	8000030c	03b4cd83	lbu	x27,59(x9)	  x9:0x80008988 x27=0x000000bd PA:0x800089c3
        2075000	       206	80000310	f6049983	lh	x19,-160(x9)	  x9:0x80008988 x19=0xffff9816 PA:0x800088e8
        2085000	       207	80000314	f9949b23	sh	x25,-106(x9)	  x9:0x80008988 x25:0xffffff96 PA:0x8000891e
        2095000	       208	80000318	00be1e93	slli	x29,x28,0xb	 x28:0x00000076 x29=0x0003b000
        2105000	       209	8000031c	413476b7	lui	x13,0x41347	 x13=0x41347000
        2115000	       210	80000320	775caeb7	lui	x29,0x775ca	 x29=0x775ca000
        2125000	       211	80000324	0d44c703	lbu	x14,212(x9)	  x9:0x80008988 x14=0x00000093 PA:0x80008a5c
        2135000	       212	80000328	f354c303	lbu	x6,-203(x9)	  x9:0x80008988  x6=0x00000086 PA:0x800088bd
        2145000	       213	8000032c	f2e49983	lh	x19,-210(x9)	  x9:0x80008988 x19=0xffffd79d PA:0x800088b6
        2155000	       214	80000330	00b8ac33	slt	x24,x17,x11	 x17:0x00000000 x11:0x80009ffa x24=0x00000000
        2165000	       215	80000334	f6848383	lb	x7,-152(x9)	  x9:0x80008988  x7=0xffffffac PA:0x800088f0
        2175000	       216	80000338	03548a03	lb	x20,53(x9)	  x9:0x80008988 x20=0xffffffa4 PA:0x800089bd
        2185000	       217	8000033c	000486a3	sb	x0,13(x9)	  x9:0x80008988  x0:0x00000000 PA:0x80008995
        2195000	       218	80000340	009d4fb3	xor	x31,x26,x9	 x26:0x00000001  x9:0x80008988 x31=0x80008989
        2205000	       219	80000344	01330c33	add	x24,x6,x19	  x6:0x00000086 x19:0xffffd79d x24=0xffffd823
        2215000	       220	80000348	04049603	lh	x12,64(x9)	  x9:0x80008988 x12=0xffffea2e PA:0x800089c8
        2225000	       221	8000034c	01a4d433	srl	x8,x9,x26	  x9:0x80008988 x26:0x00000001  x8=0x400044c4
        2235000	       222	80000350	58798097	auipc	x1,0x58798	  x1=0xd879834c
        2245000	       223	80000354	01873233	sltu	x4,x14,x24	 x14:0x00000093 x24:0xffffd823  x4=0x00000001
        2255000	       224	80000358	0c24d303	lhu	x6,194(x9)	  x9:0x80008988  x6=0x0000068a PA:0x80008a4a
        2265000	       225	8000035c	fdb48523	sb	x27,-54(x9)	  x9:0x80008988 x27:0x000000bd PA:0x80008952
        2275000	       226	80000360	41add713	srai	x14,x27,0x1a	 x27:0x000000bd x14=0x00000000
        2285000	       227	80000364	31bba793	slti	x15,x23,795	 x23:0xffffd9a3 x15=0x00000001
        2295000	       228	80000368	f4d4ce03	lbu	x28,-179(x9)	  x9:0x80008988 x28=0x00000048 PA:0x800088d5
        2305000	       229	8000036c	01948883	lb	x17,25(x9)	  x9:0x80008988 x17=0x00000070 PA:0x800089a1
        2315000	       230	80000370	41db0533	sub	x10,x22,x29	 x22:0x00000000 x29:0x775ca000 x10=0x88a36000
        2325000	       231	80000374	f354cc83	lbu	x25,-203(x9)	  x9:0x80008988 x25=0x00000086 PA:0x800088bd
        2335000	       232	80000378	0174cb83	lbu	x23,23(x9)	  x9:0x80008988 x23=0x00000096 PA:0x8000899f
        2345000	       233	8000037c	fcd489a3	sb	x13,-45(x9)	  x9:0x80008988 x13:0x41347000 PA:0x8000895b
        2355000	       234	80000380	404a82b3	sub	x5,x21,x4	 x21:0xffffffb3  x4:0x00000001  x5=0xffffffb2
        2365000	       235	80000384	01527bb3	and	x23,x4,x21	  x4:0x00000001 x21:0xffffffb3 x23=0x00000001
        2375000	       236	80000388	fdb48c83	lb	x25,-37(x9)	  x9:0x80008988 x25=0x0000002f PA:0x80008963
        2385000	       237	8000038c	f3848023	sb	x24,-224(x9)	  x9:0x80008988 x24:0xffffd823 PA:0x800088a8
        2395000	       238	80000390	009f5893	srli	x17,x30,0x9	 x30:0x80009f84 x17=0x0040004f
        2405000	       239	80000394	f2f488a3	sb	x15,-207(x9)	  x9:0x80008988 x15:0x00000001 PA:0x800088b9
        2415000	       240	80000398	00009797	auipc	x15,0x9	 x15=0x80009394
        2425000	       241	8000039c	81678793	addi	x15,x15,-2026	 x15:0x80009394 x15=0x80008baa
        2435000	       242	800003a0	00009997	auipc	x19,0x9	 x19=0x8000939c
        2445000	       243	800003a4	b0098993	addi	x19,x19,-1280	 x19:0x8000939c x19=0x80008e9c
        2455000	       244	800003a8	2c67ac83	lw	x25,710(x15)	 x15:0x80008baa x25=0x5c991ceb PA:0x80008e70
        2465000	       245	800003ac	00009e97	auipc	x29,0x9	 x29=0x800093a8
        2475000	       246	800003b0	932e8e93	addi	x29,x29,-1742	 x29:0x800093a8 x29=0x80008cda
        2485000	       247	800003b4	00009197	auipc	x3,0x9	  x3=0x800093b0
        2495000	       248	800003b8	85618193	addi	x3,x3,-1962	  x3:0x800093b0  x3=0x80008c06
        2505000	       249	800003bc	00009597	auipc	x11,0x9	 x11=0x800093b8
        2515000	       250	800003c0	9bb58593	addi	x11,x11,-1605	 x11:0x800093b8 x11=0x80008d73
        2525000	       251	800003c4	c847ab23	sw	x4,-874(x15)	 x15:0x80008baa  x4:0x00000001 PA:0x80008840
        2535000	       252	800003c8	fda58b83	lb	x23,-38(x11)	 x11:0x80008d73 x23=0xffffffa4 PA:0x80008d4d
        2545000	       253	800003cc	ef57cc83	lbu	x25,-267(x15)	 x15:0x80008baa x25=0x000000b4 PA:0x80008a9f
        2555000	       254	800003d0	00bece03	lbu	x28,11(x29)	 x29:0x80008cda x28=0x00000098 PA:0x80008ce5
        2565000	       255	800003d4	03019003	lh	x0,48(x3)	  x3:0x80008c06 PA:0x80008c36
        2575000	       256	800003d8	2b8789a3	sb	x24,691(x15)	 x15:0x80008baa x24:0xffffd823 PA:0x80008e5d
        2585000	       257	800003dc	ffee8d23	sb	x30,-6(x29)	 x29:0x80008cda x30:0x80009f84 PA:0x80008cd4
        2595000	       258	800003e0	0b898123	sb	x24,162(x19)	 x19:0x80008e9c x24:0xffffd823 PA:0x80008f3e
        2605000	       259	800003e4	00bec283	lbu	x5,11(x29)	 x29:0x80008cda  x5=0x00000098 PA:0x80008ce5
        2615000	       260	800003e8	01118203	lb	x4,17(x3)	  x3:0x80008c06  x4=0x00000067 PA:0x80008c17
        2625000	       261	800003ec	07c9d483	lhu	x9,124(x19)	 x19:0x80008e9c  x9=0x0000f1d3 PA:0x80008f18
        2635000	       262	800003f0	cfa78023	sb	x26,-800(x15)	 x15:0x80008baa x26:0x00000001 PA:0x8000888a
        2645000	       263	800003f4	fe619a03	lh	x20,-26(x3)	  x3:0x80008c06 x20=0xffffc39a PA:0x80008bec
        2655000	       264	800003f8	0351c803	lbu	x16,53(x3)	  x3:0x80008c06 x16=0x000000a6 PA:0x80008c3b
        2665000	       265	800003fc	0a598903	lb	x18,165(x19)	 x19:0x80008e9c x18=0x0000003d PA:0x80008f41
        2675000	       266	80000400	fdf59da3	sh	x31,-37(x11)	 x11:0x80008d73 x31:0x80008989 PA:0x80008d4e
        2685000	       267	80000404	fe258023	sb	x2,-32(x11)	 x11:0x80008d73  x2:0x80009fc4 PA:0x80008d53
        2695000	       268	80000408	f42985a3	sb	x2,-181(x19)	 x19:0x80008e9c  x2:0x80009fc4 PA:0x80008de7
        2705000	       269	8000040c	01be8a83	lb	x21,27(x29)	 x29:0x80008cda x21=0xffffffb2 PA:0x80008cf5
        2715000	       270	80000410	3d6786a3	sb	x22,973(x15)	 x15:0x80008baa x22:0x00000000 PA:0x80008f77
        2725000	       271	80000414	31778223	sb	x23,772(x15)	 x15:0x80008baa x23:0xffffffa4 PA:0x80008eae
        2735000	       272	80000418	037e8da3	sb	x23,59(x29)	 x29:0x80008cda x23:0xffffffa4 PA:0x80008d15
        2745000	       273	8000041c	ff798403	lb	x8,-9(x19)	 x19:0x80008e9c  x8=0xffffffb9 PA:0x80008e93
        2755000	       274	80000420	fed5d083	lhu	x1,-19(x11)	 x11:0x80008d73  x1=0x000092f5 PA:0x80008d60
        2765000	       275	80000424	00e9d683	lhu	x13,14(x19)	 x19:0x80008e9c x13=0x00003d71 PA:0x80008eaa
        2775000	       276	80000428	02118883	lb	x17,33(x3)	  x3:0x80008c06 x17=0xffffffb1 PA:0x80008c27
        2785000	       277	8000042c	fe2e8523	sb	x2,-22(x29)	 x29:0x80008cda  x2:0x80009fc4 PA:0x80008cc4
        2795000	       278	80000430	07278623	sb	x18,108(x15)	 x15:0x80008baa x18:0x0000003d PA:0x80008c16
        2805000	       279	80000434	2f1783a3	sb	x17,743(x15)	 x15:0x80008baa x17:0xffffffb1 PA:0x80008e91
        2815000	       280	80000438	ff81d303	lhu	x6,-8(x3)	  x3:0x80008c06  x6=0x00002577 PA:0x80008bfe
        2825000	       281	8000043c	03de9323	sh	x29,38(x29)	 x29:0x80008cda x29:0x80008cda PA:0x80008d00
        2835000	       282	80000440	1ef7a523	sw	x15,490(x15)	 x15:0x80008baa x15:0x80008baa PA:0x80008d94
        2845000	       283	80000444	00559283	lh	x5,5(x11)	 x11:0x80008d73  x5=0xffffc052 PA:0x80008d78
        2855000	       284	80000448	00009f97	auipc	x31,0x9	 x31=0x80009444
        2865000	       285	8000044c	b5af8f93	addi	x31,x31,-1190	 x31:0x80009444 x31=0x80008f9e
        2875000	       286	80000450	00009e17	auipc	x28,0x9	 x28=0x8000944c
        2885000	       287	80000454	92fe0e13	addi	x28,x28,-1745	 x28:0x8000944c x28=0x80008d7b
        2895000	       288	80000458	f26faf23	sw	x6,-194(x31)	 x31:0x80008f9e  x6:0x00002577 PA:0x80008edc
        2905000	       289	8000045c	fd3f8203	lb	x4,-45(x31)	 x31:0x80008f9e  x4=0x0000002d PA:0x80008f71
        2915000	       290	80000460	d2ae0783	lb	x15,-726(x28)	 x28:0x80008d7b x15=0x00000046 PA:0x80008aa5
        2925000	       291	80000464	f6de0a83	lb	x21,-147(x28)	 x28:0x80008d7b x21=0x0000004b PA:0x80008ce8
        2935000	       292	80000468	cbde0da3	sb	x29,-837(x28)	 x28:0x80008d7b x29:0x80008cda PA:0x80008a36
        2945000	       293	8000046c	f78f8583	lb	x11,-136(x31)	 x31:0x80008f9e x11=0x0000005b PA:0x80008f16
        2955000	       294	80000470	cc7e0aa3	sb	x7,-811(x28)	 x28:0x80008d7b  x7:0xffffffac PA:0x80008a50
        2965000	       295	80000474	d72e1aa3	sh	x18,-651(x28)	 x28:0x80008d7b x18:0x0000003d PA:0x80008af0
        2975000	       296	80000478	f71fc403	lbu	x8,-143(x31)	 x31:0x80008f9e  x8=0x00000026 PA:0x80008f0f
        2985000	       297	8000047c	02cf9c03	lh	x24,44(x31)	 x31:0x80008f9e x24=0x00003e6a PA:0x80008fca
        2995000	       298	80000480	177e5583	lhu	x11,375(x28)	 x28:0x80008d7b x11=0x000068c2 PA:0x80008ef2
        3005000	       299	80000484	008f87a3	sb	x8,15(x31)	 x31:0x80008f9e  x8:0x00000026 PA:0x80008fad
        3015000	       300	80000488	fc9f8583	lb	x11,-55(x31)	 x31:0x80008f9e x11=0xffffffbe PA:0x80008f67
        3025000	       301	8000048c	af0e4a03	lbu	x20,-1296(x28)	 x28:0x80008d7b x20=0x000000e0 PA:0x8000886b
        3035000	       302	80000490	00009a97	auipc	x21,0x9	 x21=0x8000948c
        3045000	       303	80000494	9cea8a93	addi	x21,x21,-1586	 x21:0x8000948c x21=0x80008e5a
        3055000	       304	80000498	fe9acc83	lbu	x25,-23(x21)	 x21:0x80008e5a x25=0x000000db PA:0x80008e43
        3065000	       305	8000049c	4d72f2b7	lui	x5,0x4d72f	  x5=0x4d72f000
        3075000	       306	800004a0	013d99b3	sll	x19,x27,x19	 x27:0x000000bd x19:0x80008e9c x19=0xd0000000
        3085000	       307	800004a4	028a8783	lb	x15,40(x21)	 x21:0x80008e5a x15=0xffffffc8 PA:0x80008e82
        3095000	       308	800004a8	fc6adf83	lhu	x31,-58(x21)	 x21:0x80008e5a x31=0x00005bfa PA:0x80008e20
        3105000	       309	800004ac	023aa523	sw	x3,42(x21)	 x21:0x80008e5a  x3:0x80008c06 PA:0x80008e84
        3115000	       310	800004b0	ffcad903	lhu	x18,-4(x21)	 x21:0x80008e5a x18=0x0000a999 PA:0x80008e56
        3125000	       311	800004b4	00166bb3	or	x23,x12,x1	 x12:0xffffea2e  x1:0x000092f5 x23=0xfffffaff
        3135000	       312	800004b8	fc4a88a3	sb	x4,-47(x21)	 x21:0x80008e5a  x4:0x0000002d PA:0x80008e2b
        3145000	       313	800004bc	01d6b833	sltu	x16,x13,x29	 x13:0x00003d71 x29:0x80008cda x16=0x00000001
        3155000	       314	800004c0	0033deb3	srl	x29,x7,x3	  x7:0xffffffac  x3:0x80008c06 x29=0x03fffffe
        3165000	       315	800004c4	03aa9f23	sh	x26,62(x21)	 x21:0x80008e5a x26:0x00000001 PA:0x80008e98
        3175000	       316	800004c8	41af81b3	sub	x3,x31,x26	 x31:0x00005bfa x26:0x00000001  x3=0x00005bf9
        3185000	       317	800004cc	12697d17	auipc	x26,0x12697	 x26=0x926974c8
        3195000	       318	800004d0	00000013	addi	x0,x0,0	  x0:0x00000000
        3205000	       319	800004d4	ffdac403	lbu	x8,-3(x21)	 x21:0x80008e5a  x8=0x000000a9 PA:0x80008e57
        3215000	       320	800004d8	01da8903	lb	x18,29(x21)	 x21:0x80008e5a x18=0x00000050 PA:0x80008e77
        3225000	       321	800004dc	40acd0b3	sra	x1,x25,x10	 x25:0x000000db x10:0x88a36000  x1=0x000000db
        3235000	       322	800004e0	00a8c733	xor	x14,x17,x10	 x17:0xffffffb1 x10:0x88a36000 x14=0x775c9fb1
        3245000	       323	800004e4	01b61313	slli	x6,x12,0x1b	 x12:0xffffea2e  x6=0x70000000
        3255000	       324	800004e8	40d48733	sub	x14,x9,x13	  x9:0x0000f1d3 x13:0x00003d71 x14=0x0000b462
        3265000	       325	800004ec	fc2ad683	lhu	x13,-62(x21)	 x21:0x80008e5a x13=0x000035bf PA:0x80008e1c
        3275000	       326	800004f0	41478a33	sub	x20,x15,x20	 x15:0xffffffc8 x20:0x000000e0 x20=0xfffffee8
        3285000	       327	800004f4	019ac6b3	xor	x13,x21,x25	 x21:0x80008e5a x25:0x000000db x13=0x80008e81
        3295000	       328	800004f8	01301633	sll	x12,x0,x19	  x0:0x00000000 x19:0xd0000000 x12=0x00000000
        3305000	       329	800004fc	008fe0b3	or	x1,x31,x8	 x31:0x00005bfa  x8:0x000000a9  x1=0x00005bfb
        3315000	       330	80000500	401d0a33	sub	x20,x26,x1	 x26:0x926974c8  x1:0x00005bfb x20=0x926918cd
        3325000	       331	80000504	fc8ac003	lbu	x0,-56(x21)	 x21:0x80008e5a PA:0x80008e22
        3335000	       332	80000508	99664b93	xori	x23,x12,-1642	 x12:0x00000000 x23=0xfffff996
        3345000	       333	8000050c	fe2aa803	lw	x16,-30(x21)	 x21:0x80008e5a x16=0x8b48986a PA:0x80008e3c
        3355000	       334	80000510	55e20013	addi	x0,x4,1374	  x4:0x0000002d
        3365000	       335	80000514	023ac503	lbu	x10,35(x21)	 x21:0x80008e5a x10=0x000000a9 PA:0x80008e7d
        3375000	       336	80000518	1d406713	ori	x14,x0,468	  x0:0x00000000 x14=0x000001d4
        3385000	       337	8000051c	021a83a3	sb	x1,39(x21)	 x21:0x80008e5a  x1:0x00005bfb PA:0x80008e81
        3395000	       338	80000520	2bd5e613	ori	x12,x11,701	 x11:0xffffffbe x12=0xffffffbf
        3405000	       339	80000524	2af0e813	ori	x16,x1,687	  x1:0x00005bfb x16=0x00005bff
        3415000	       340	80000528	01a9efb3	or	x31,x19,x26	 x19:0xd0000000 x26:0x926974c8 x31=0xd26974c8
        3425000	       341	8000052c	0197fd33	and	x26,x15,x25	 x15:0xffffffc8 x25:0x000000db x26=0x000000c8
        3435000	       342	80000530	fdca9c83	lh	x25,-36(x21)	 x21:0x80008e5a x25=0x00001535 PA:0x80008e36
        3445000	       343	80000534	8be9fa13	andi	x20,x19,-1858	 x19:0xd0000000 x20=0xd0000000
        3455000	       344	80000538	1249f613	andi	x12,x19,292	 x19:0xd0000000 x12=0x00000000
        3465000	       345	8000053c	012a8e83	lb	x29,18(x21)	 x21:0x80008e5a x29=0x00000008 PA:0x80008e6c
        3475000	       346	80000540	fdbac303	lbu	x6,-37(x21)	 x21:0x80008e5a  x6=0x00000019 PA:0x80008e35
        3485000	       347	80000544	015a8e03	lb	x28,21(x21)	 x21:0x80008e5a x28=0x00000045 PA:0x80008e6f
        3495000	       348	80000548	036a81a3	sb	x22,35(x21)	 x21:0x80008e5a x22:0x00000000 PA:0x80008e7d
        3505000	       349	8000054c	4051d433	sra	x8,x3,x5	  x3:0x00005bf9  x5:0x4d72f000  x8=0x00005bf9
        3515000	       350	80000550	00609633	sll	x12,x1,x6	  x1:0x00005bfb  x6:0x00000019 x12=0xf6000000
        3525000	       351	80000554	028a8503	lb	x10,40(x21)	 x21:0x80008e5a x10=0xffffffc8 PA:0x80008e82
        3535000	       352	80000558	01f0fa33	and	x20,x1,x31	  x1:0x00005bfb x31:0xd26974c8 x20=0x000050c8
        3545000	       353	8000055c	01b772b3	and	x5,x14,x27	 x14:0x000001d4 x27:0x000000bd  x5=0x00000094
        3555000	       354	80000560	026a8d83	lb	x27,38(x21)	 x21:0x80008e5a x27=0x00000038 PA:0x80008e80
        3565000	       355	80000564	00008c17	auipc	x24,0x8	 x24=0x80008560
        3575000	       356	80000568	7d4c0c13	addi	x24,x24,2004	 x24:0x80008560 x24=0x80008d34
        3585000	       357	8000056c	01cc1423	sh	x28,8(x24)	 x24:0x80008d34 x28:0x00000045 PA:0x80008d3c
        3595000	       358	80000570	000c4083	lbu	x1,0(x24)	 x24:0x80008d34  x1=0x00000068 PA:0x80008d34
        3605000	       359	80000574	008c1023	sh	x8,0(x24)	 x24:0x80008d34  x8:0x00005bf9 PA:0x80008d34
        3615000	       360	80000578	01a9c0b3	xor	x1,x19,x26	 x19:0xd0000000 x26:0x000000c8  x1=0xd00000c8
        3625000	       361	8000057c	000c2a83	lw	x21,0(x24)	 x24:0x80008d34 x21=0xea9d5bf9 PA:0x80008d34
        3635000	       362	80000580	40858633	sub	x12,x11,x8	 x11:0xffffffbe  x8:0x00005bf9 x12=0xffffa3c5
        3645000	       363	80000584	00fc0323	sb	x15,6(x24)	 x24:0x80008d34 x15:0xffffffc8 PA:0x80008d3a
        3655000	       364	80000588	005c0983	lb	x19,5(x24)	 x24:0x80008d34 x19=0x00000060 PA:0x80008d39
        3665000	       365	8000058c	005c4383	lbu	x7,5(x24)	 x24:0x80008d34  x7=0x00000060 PA:0x80008d39
        3675000	       366	00000000	00000013	addi	x0,x0,0	  x0:0x00000000
        3685000	       367	80000590	fe7c2c23	sw	x7,-8(x24)	 x24:0x80008d34  x7:0x00000060 PA:0x80008d2c
        3695000	       368	80000594	fe6c2e23	sw	x6,-4(x24)	 x24:0x80008d34  x6:0x00000019 PA:0x80008d30
        3705000	       369	80000598	fe0c0fa3	sb	x0,-1(x24)	 x24:0x80008d34  x0:0x00000000 PA:0x80008d33
        3715000	       370	8000059c	5e072c93	slti	x25,x14,1504	 x14:0x000001d4 x25=0x00000001
        3725000	       371	800005a0	fffc4e03	lbu	x28,-1(x24)	 x24:0x80008d34 x28=0x00000000 PA:0x80008d33
        3735000	       372	800005a4	97b0cf93	xori	x31,x1,-1669	  x1:0xd00000c8 x31=0x2ffff9b3
        3745000	       373	800005a8	fe8c0fa3	sb	x8,-1(x24)	 x24:0x80008d34  x8:0x00005bf9 PA:0x80008d33
        3755000	       374	800005ac	fffc4983	lbu	x19,-1(x24)	 x24:0x80008d34 x19=0x000000f9 PA:0x80008d33
        3765000	       375	800005b0	0e51b893	sltiu	x17,x3,229	  x3:0x00005bf9 x17=0x00000000
        3775000	       376	800005b4	41e40933	sub	x18,x8,x30	  x8:0x00005bf9 x30:0x80009f84 x18=0x7fffbc75
        3785000	       377	800005b8	fffc0fa3	sb	x31,-1(x24)	 x24:0x80008d34 x31:0x2ffff9b3 PA:0x80008d33
        3795000	       378	800005bc	005c4d03	lbu	x26,5(x24)	 x24:0x80008d34 x26=0x00000060 PA:0x80008d39
        3805000	       379	800005c0	00008617	auipc	x12,0x8	 x12=0x800085bc
        3815000	       380	800005c4	20f60613	addi	x12,x12,527	 x12:0x800085bc x12=0x800087cb
        3825000	       381	800005c8	ff9618a3	sh	x25,-15(x12)	 x12:0x800087cb x25:0x00000001 PA:0x800087bc
        3835000	       382	800005cc	00008997	auipc	x19,0x8	 x19=0x800085c8
        3845000	       383	800005d0	d7498993	addi	x19,x19,-652	 x19:0x800085c8 x19=0x8000833c
        3855000	       384	800005d4	00260083	lb	x1,2(x12)	 x12:0x800087cb  x1=0xfffffffe PA:0x800087cd
        3865000	       385	800005d8	fe960b23	sb	x9,-10(x12)	 x12:0x800087cb  x9:0x0000f1d3 PA:0x800087c1
        3875000	       386	800005dc	0609c003	lbu	x0,96(x19)	 x19:0x8000833c PA:0x8000839c
        3885000	       387	800005e0	00d62183	lw	x3,13(x12)	 x12:0x800087cb  x3=0x8f8fc51b PA:0x800087d8
        3895000	       388	800005e4	0789d283	lhu	x5,120(x19)	 x19:0x8000833c  x5=0x0000abd9 PA:0x800083b4
        3905000	       389	800005e8	01064083	lbu	x1,16(x12)	 x12:0x800087cb  x1=0x0000008f PA:0x800087db
        3915000	       390	800005ec	f0c98203	lb	x4,-244(x19)	 x19:0x8000833c  x4=0xffffff98 PA:0x80008248
        3925000	       391	800005f0	00960123	sb	x9,2(x12)	 x12:0x800087cb  x9:0x0000f1d3 PA:0x800087cd
        3935000	       392	800005f4	05498523	sb	x20,74(x19)	 x19:0x8000833c x20:0x000050c8 PA:0x80008386
        3945000	       393	800005f8	00660c03	lb	x24,6(x12)	 x12:0x800087cb x24=0xffffffd0 PA:0x800087d1
        3955000	       394	800005fc	0b09ce03	lbu	x28,176(x19)	 x19:0x8000833c x28=0x00000052 PA:0x800083ec
        3965000	       395	80000600	00008097	auipc	x1,0x8	  x1=0x800085fc
        3975000	       396	80000604	a7808093	addi	x1,x1,-1416	  x1:0x800085fc  x1=0x80008074
        3985000	       397	80000608	00e09c03	lh	x24,14(x1)	  x1:0x80008074 x24=0xffff9c7d PA:0x80008082
        3995000	       398	8000060c	0080d803	lhu	x16,8(x1)	  x1:0x80008074 x16=0x000038da PA:0x8000807c
        4005000	       399	80000610	00c08503	lb	x10,12(x1)	  x1:0x80008074 x10=0xffffff90 PA:0x80008080
        4015000	       400	80000614	ff20d503	lhu	x10,-14(x1)	  x1:0x80008074 x10=0x0000c241 PA:0x80008066
        4025000	       401	80000618	00f08483	lb	x9,15(x1)	  x1:0x80008074  x9=0xffffff9c PA:0x80008083
        4035000	       402	8000061c	01ead6b3	srl	x13,x21,x30	 x21:0xea9d5bf9 x30:0x80009f84 x13=0x0ea9d5bf
        4045000	       403	80000620	01245a33	srl	x20,x8,x18	  x8:0x00005bf9 x18:0x7fffbc75 x20=0x00000000
        4055000	       404	80000624	00b6b3b3	sltu	x7,x13,x11	 x13:0x0ea9d5bf x11:0xffffffbe  x7=0x00000001
        4065000	       405	80000628	00dcd8b3	srl	x17,x25,x13	 x25:0x00000001 x13:0x0ea9d5bf x17=0x00000000
        4075000	       406	8000062c	ff70cd83	lbu	x27,-9(x1)	  x1:0x80008074 x27=0x0000009c PA:0x8000806b
        4085000	       407	80000630	01d5a433	slt	x8,x11,x29	 x11:0xffffffbe x29:0x00000008  x8=0x00000001
        4095000	       408	80000634	38e66893	ori	x17,x12,910	 x12:0x800087cb x17=0x800087cf
        4105000	       409	80000638	b2f3a9b7	lui	x19,0xb2f3a	 x19=0xb2f3a000
        4115000	       410	8000063c	00c082a3	sb	x12,5(x1)	  x1:0x80008074 x12:0x800087cb PA:0x80008079
        4125000	       411	80000640	3da3c397	auipc	x7,0x3da3c	  x7=0xbda3c63c
        4135000	       412	80000644	01908023	sb	x25,0(x1)	  x1:0x80008074 x25:0x00000001 PA:0x80008074
        4145000	       413	80000648	ffa08aa3	sb	x26,-11(x1)	  x1:0x80008074 x26:0x00000060 PA:0x80008069
        4155000	       414	8000064c	8c4c7913	andi	x18,x24,-1852	 x24:0xffff9c7d x18=0xffff9844
        4165000	       415	80000650	ff80ae83	lw	x29,-8(x1)	  x1:0x80008074 x29=0xe5a9e32e PA:0x8000806c
        4175000	       416	80000654	012ce6b3	or	x13,x25,x18	 x25:0x00000001 x18:0xffff9844 x13=0xffff9845
        4185000	       417	80000658	ffa09f83	lh	x31,-6(x1)	  x1:0x80008074 x31=0xffffe5a9 PA:0x8000806e
        4195000	       418	8000065c	00000013	addi	x0,x0,0	  x0:0x00000000
        4205000	       419	80000660	ff30c203	lbu	x4,-13(x1)	  x1:0x80008074  x4=0x000000c2 PA:0x80008067
        4215000	       420	80000664	0053d893	srli	x17,x7,0x5	  x7:0xbda3c63c x17=0x05ed1e31
        4225000	       421	80000668	00d0c003	lbu	x0,13(x1)	  x1:0x80008074 PA:0x80008081
        4235000	       422	8000066c	ff808d23	sb	x24,-6(x1)	  x1:0x80008074 x24:0xffff9c7d PA:0x8000806e
        4245000	       423	80000670	ff309d23	sh	x19,-6(x1)	  x1:0x80008074 x19:0xb2f3a000 PA:0x8000806e
        4255000	       424	80000674	008d7d33	and	x26,x26,x8	 x26:0x00000060  x8:0x00000001 x26=0x00000000
        4265000	       425	80000678	00ff69b3	or	x19,x30,x15	 x30:0x80009f84 x15:0xffffffc8 x19=0xffffffcc
        4275000	       426	8000067c	00609803	lh	x16,6(x1)	  x1:0x80008074 x16=0xffffde3d PA:0x8000807a
        4285000	       427	00000000	00000013	addi	x0,x0,0	  x0:0x00000000
        4295000	       428	80000680	0100c683	lbu	x13,16(x1)	  x1:0x80008074 x13=0x000000a5 PA:0x80008084
        4305000	       429	80000684	01791db3	sll	x27,x18,x23	 x18:0xffff9844 x23:0xfffff996 x27=0x11000000
        4315000	       430	80000688	01e082a3	sb	x30,5(x1)	  x1:0x80008074 x30:0x80009f84 PA:0x80008079
        4325000	       431	8000068c	00008a17	auipc	x20,0x8	 x20=0x80008688
        4335000	       432	80000690	a65a0a13	addi	x20,x20,-1435	 x20:0x80008688 x20=0x800080ed
        4345000	       433	80000694	089a4283	lbu	x5,137(x20)	 x20:0x800080ed  x5=0x000000d3 PA:0x80008176
        4355000	       434	80000698	ed624213	xori	x4,x4,-298	  x4:0x000000c2  x4=0xfffffe14
        4365000	       435	8000069c	027a4503	lbu	x10,39(x20)	 x20:0x800080ed x10=0x000000c3 PA:0x80008114
        4375000	       436	800006a0	03ba12a3	sh	x27,37(x20)	 x20:0x800080ed x27:0x11000000 PA:0x80008112
        4385000	       437	800006a4	025a5c03	lhu	x24,37(x20)	 x20:0x800080ed x24=0x00000000 PA:0x80008112
        4395000	       438	800006a8	025a1a83	lh	x21,37(x20)	 x20:0x800080ed x21=0x00000000 PA:0x80008112
        4405000	       439	800006ac	01ffb233	sltu	x4,x31,x31	 x31:0xffffe5a9 x31:0xffffe5a9  x4=0x00000000
        4415000	       440	800006b0	f93a1d83	lh	x27,-109(x20)	 x20:0x800080ed x27=0x00005790 PA:0x80008080
        4425000	       441	800006b4	f94a19a3	sh	x20,-109(x20)	 x20:0x800080ed x20:0x800080ed PA:0x80008080
        4435000	       442	800006b8	f93a2183	lw	x3,-109(x20)	 x20:0x800080ed  x3=0x9c7d80ed PA:0x80008080
        4445000	       443	00000000	00000013	addi	x0,x0,0	  x0:0x00000000
        4455000	       444	800006bc	403281b3	sub	x3,x5,x3	  x5:0x000000d3  x3:0x9c7d80ed  x3=0x63827fe6
        4465000	       445	800006c0	ffaa4f83	lbu	x31,-6(x20)	 x20:0x800080ed x31=0x00000027 PA:0x800080e7
        4475000	       446	800006c4	ffaa0d03	lb	x26,-6(x20)	 x20:0x800080ed x26=0x00000027 PA:0x800080e7
        4485000	       447	00000000	00000013	addi	x0,x0,0	  x0:0x00000000
        4495000	       448	800006c8	ffaa0603	lb	x12,-6(x20)	 x20:0x800080ed x12=0x00000027 PA:0x800080e7
        4505000	       449	800006cc	00659cb3	sll	x25,x11,x6	 x11:0xffffffbe  x6:0x00000019 x25=0x7c000000
        4515000	       450	800006d0	060a4f83	lbu	x31,96(x20)	 x20:0x800080ed x31=0x000000a6 PA:0x8000814d
        4525000	       451	800006d4	060a4f83	lbu	x31,96(x20)	 x20:0x800080ed x31=0x000000a6 PA:0x8000814d
        4535000	       452	800006d8	0f8a0aa3	sb	x24,245(x20)	 x20:0x800080ed x24:0x00000000 PA:0x800081e2
        4545000	       453	800006dc	06fa2603	lw	x12,111(x20)	 x20:0x800080ed x12=0x761ec95a PA:0x8000815c
        4555000	       454	800006e0	fa4a02a3	sb	x4,-91(x20)	 x20:0x800080ed  x4:0x00000000 PA:0x80008092
        4565000	       455	800006e4	00008397	auipc	x7,0x8	  x7=0x800086e0
        4575000	       456	800006e8	5fc38393	addi	x7,x7,1532	  x7:0x800086e0  x7=0x80008cdc
        4585000	       457	800006ec	bc038f83	lb	x31,-1088(x7)	  x7:0x80008cdc x31=0xffffff81 PA:0x8000889c
        4595000	       458	800006f0	00361893	slli	x17,x12,0x3	 x12:0x761ec95a x17=0xb0f64ad0
        4605000	       459	800006f4	01aed493	srli	x9,x29,0x1a	 x29:0xe5a9e32e  x9=0x00000039
        4615000	       460	800006f8	bc038703	lb	x14,-1088(x7)	  x7:0x80008cdc x14=0xffffff81 PA:0x8000889c
        4625000	       461	800006fc	25238fa3	sb	x18,607(x7)	  x7:0x80008cdc x18:0xffff9844 PA:0x80008f3b
        4635000	       462	80000700	00000013	addi	x0,x0,0	  x0:0x00000000
        4645000	       463	80000704	25f3cc03	lbu	x24,607(x7)	  x7:0x80008cdc x24=0x00000044 PA:0x80008f3b
        4655000	       464	80000708	b7438da3	sb	x20,-1157(x7)	  x7:0x80008cdc x20:0x800080ed PA:0x80008857
        4665000	       465	8000070c	b7b38d83	lb	x27,-1157(x7)	  x7:0x80008cdc x27=0xffffffed PA:0x80008857
        4675000	       466	80000710	e3438fa3	sb	x20,-449(x7)	  x7:0x80008cdc x20:0x800080ed PA:0x80008b1b
        4685000	       467	80000714	da1388a3	sb	x1,-591(x7)	  x7:0x80008cdc  x1:0x80008074 PA:0x80008a8d
        4695000	       468	80000718	01317fb3	and	x31,x2,x19	  x2:0x80009fc4 x19:0xffffffcc x31=0x80009fc4
        4705000	       469	8000071c	f3c3a983	lw	x19,-196(x7)	  x7:0x80008cdc x19=0x016df3ba PA:0x80008c18
        4715000	       470	80000720	01711213	slli	x4,x2,0x17	  x2:0x80009fc4  x4=0xe2000000
        4725000	       471	80000724	f3c3c183	lbu	x3,-196(x7)	  x7:0x80008cdc  x3=0x000000ba PA:0x80008c18
        4735000	       472	80000728	2ea3d683	lhu	x13,746(x7)	  x7:0x80008cdc x13=0x0000a946 PA:0x80008fc6
        4745000	       473	8000072c	00008997	auipc	x19,0x8	 x19=0x80008728
        4755000	       474	80000730	36298993	addi	x19,x19,866	 x19:0x80008728 x19=0x80008a8a
        4765000	       475	80000734	02699703	lh	x14,38(x19)	 x19:0x80008a8a x14=0x00002e1b PA:0x80008ab0
        4775000	       476	80000738	2b79ca03	lbu	x20,695(x19)	 x19:0x80008a8a x20=0x00000031 PA:0x80008d41
        4785000	       477	8000073c	01281d33	sll	x26,x16,x18	 x16:0xffffde3d x18:0xffff9844 x26=0xfffde3d0
        4795000	       478	80000740	f3f98003	lb	x0,-193(x19)	 x19:0x80008a8a PA:0x800089c9
        4805000	       479	80000744	1ce9a003	lw	x0,462(x19)	 x19:0x80008a8a PA:0x80008c58
        4815000	       480	80000748	18598023	sb	x5,384(x19)	 x19:0x80008a8a  x5:0x000000d3 PA:0x80008c0a
        4825000	       481	8000074c	ce72ca97	auipc	x21,0xce72c	 x21=0x4e72c748
        4835000	       482	80000750	00f49193	slli	x3,x9,0xf	  x9:0x00000039  x3=0x001c8000
        4845000	       483	80000754	0b09d603	lhu	x12,176(x19)	 x19:0x80008a8a x12=0x00004581 PA:0x80008b3a
        4855000	       484	80000758	5599ce03	lbu	x28,1369(x19)	 x19:0x80008a8a x28=0x000000df PA:0x80008fe3
        4865000	       485	8000075c	41dd5233	sra	x4,x26,x29	 x26:0xfffde3d0 x29:0xe5a9e32e  x4=0xfffffff7
        4875000	       486	80000760	51e980a3	sb	x30,1281(x19)	 x19:0x80008a8a x30:0x80009f84 PA:0x80008f8b
        4885000	       487	80000764	fac99a83	lh	x21,-84(x19)	 x19:0x80008a8a x21=0x000069da PA:0x80008a36
        4895000	       488	80000768	dc99ca83	lbu	x21,-567(x19)	 x19:0x80008a8a x21=0x00000022 PA:0x80008853
        4905000	       489	8000076c	00000013	addi	x0,x0,0	  x0:0x00000000
        4915000	       490	80000770	fa899a23	sh	x8,-76(x19)	 x19:0x80008a8a  x8:0x00000001 PA:0x80008a3e
        4925000	       491	80000774	27398303	lb	x6,627(x19)	 x19:0x80008a8a  x6=0x00000017 PA:0x80008cfd
        4935000	       492	80000778	01be4c33	xor	x24,x28,x27	 x28:0x000000df x27:0xffffffed x24=0xffffff32
        4945000	       493	8000077c	4eb98da3	sb	x11,1275(x19)	 x19:0x80008a8a x11:0xffffffbe PA:0x80008f85
        4955000	       494	80000780	10299083	lh	x1,258(x19)	 x19:0x80008a8a  x1=0xffff91b6 PA:0x80008b8c
        4965000	       495	80000784	41f35b93	srai	x23,x6,0x1f	  x6:0x00000017 x23=0x00000000
        4975000	       496	80000788	40c401b3	sub	x3,x8,x12	  x8:0x00000001 x12:0x00004581  x3=0xffffba80
        4985000	       497	8000078c	400dd093	srai	x1,x27,0x0	 x27:0xffffffed  x1=0xffffffed
        4995000	       498	80000790	36099e03	lh	x28,864(x19)	 x19:0x80008a8a x28=0xffffa37f PA:0x80008dea
        5005000	       499	80000794	4e199923	sh	x1,1266(x19)	 x19:0x80008a8a  x1:0xffffffed PA:0x80008f7c
        5015000	       500	80000798	03198ba3	sb	x17,55(x19)	 x19:0x80008a8a x17:0xb0f64ad0 PA:0x80008ac1
        5025000	       501	8000079c	01b76c33	or	x24,x14,x27	 x14:0x00002e1b x27:0xffffffed x24=0xffffffff
        5035000	       502	800007a0	00000013	addi	x0,x0,0	  x0:0x00000000
        5045000	       503	800007a4	3cd98aa3	sb	x13,981(x19)	 x19:0x80008a8a x13:0x0000a946 PA:0x80008e5f
        5055000	       504	800007a8	e4a99c23	sh	x10,-424(x19)	 x19:0x80008a8a x10:0x000000c3 PA:0x800088e2
        5065000	       505	800007ac	e7f984a3	sb	x31,-407(x19)	 x19:0x80008a8a x31:0x80009fc4 PA:0x800088f3
        5075000	       506	800007b0	02cfbb93	sltiu	x23,x31,44	 x31:0x80009fc4 x23=0x00000000
        5085000	       507	800007b4	3cd99923	sh	x13,978(x19)	 x19:0x80008a8a x13:0x0000a946 PA:0x80008e5c
        5095000	       508	800007b8	f17984a3	sb	x23,-247(x19)	 x19:0x80008a8a x23:0x00000000 PA:0x80008993
        5105000	       509	800007bc	dc199f23	sh	x1,-546(x19)	 x19:0x80008a8a  x1:0xffffffed PA:0x80008868
        5115000	       510	800007c0	16e98ba3	sb	x14,375(x19)	 x19:0x80008a8a x14:0x00002e1b PA:0x80008c01
        5125000	       511	800007c4	26e98f83	lb	x31,622(x19)	 x19:0x80008a8a x31=0x00000024 PA:0x80008cf8
        5135000	       512	800007c8	00008417	auipc	x8,0x8	  x8=0x800087c4
        5145000	       513	800007cc	2ea40413	addi	x8,x8,746	  x8:0x800087c4  x8=0x80008aae
        5155000	       514	800007d0	09240183	lb	x3,146(x8)	  x8:0x80008aae  x3=0x00000076 PA:0x80008b40
        5165000	       515	800007d4	f890c993	xori	x19,x1,-119	  x1:0xffffffed x19=0x00000064
        5175000	       516	800007d8	09941923	sh	x25,146(x8)	  x8:0x80008aae x25:0x7c000000 PA:0x80008b40
        5185000	       517	800007dc	09240503	lb	x10,146(x8)	  x8:0x80008aae x10=0x00000000 PA:0x80008b40
        5195000	       518	800007e0	09245b83	lhu	x23,146(x8)	  x8:0x80008aae x23=0x00000000 PA:0x80008b40
        5205000	       519	800007e4	09240a03	lb	x20,146(x8)	  x8:0x80008aae x20=0x00000000 PA:0x80008b40
        5215000	       520	800007e8	003c1233	sll	x4,x24,x3	 x24:0xffffffff  x3:0x00000076  x4=0xffc00000
        5225000	       521	800007ec	09240983	lb	x19,146(x8)	  x8:0x80008aae x19=0x00000000 PA:0x80008b40
        5235000	       522	800007f0	09244003	lbu	x0,146(x8)	  x8:0x80008aae PA:0x80008b40
        5245000	       523	800007f4	09244803	lbu	x16,146(x8)	  x8:0x80008aae x16=0x00000000 PA:0x80008b40
        5255000	       524	800007f8	09244d03	lbu	x26,146(x8)	  x8:0x80008aae x26=0x00000000 PA:0x80008b40
        5265000	       525	800007fc	09245e03	lhu	x28,146(x8)	  x8:0x80008aae x28=0x00000000 PA:0x80008b40
        5275000	       526	80000800	08a42923	sw	x10,146(x8)	  x8:0x80008aae x10:0x00000000 PA:0x80008b40
        5285000	       527	80000804	09242483	lw	x9,146(x8)	  x8:0x80008aae  x9=0x00000000 PA:0x80008b40
        5295000	       528	80000808	0de41983	lh	x19,222(x8)	  x8:0x80008aae x19=0xffff91b6 PA:0x80008b8c
        5305000	       529	8000080c	0d742f23	sw	x23,222(x8)	  x8:0x80008aae x23:0x00000000 PA:0x80008b8c
        5315000	       530	80000810	0df40f23	sb	x31,222(x8)	  x8:0x80008aae x31:0x00000024 PA:0x80008b8c
        5325000	       531	80000814	0077ffb3	and	x31,x15,x7	 x15:0xffffffc8  x7:0x80008cdc x31=0x80008cc8
        5335000	       532	80000818	0de42c83	lw	x25,222(x8)	  x8:0x80008aae x25=0x00000024 PA:0x80008b8c
        5345000	       533	8000081c	0de42883	lw	x17,222(x8)	  x8:0x80008aae x17=0x00000024 PA:0x80008b8c
        5355000	       534	80000820	0d241f23	sh	x18,222(x8)	  x8:0x80008aae x18:0xffff9844 PA:0x80008b8c
        5365000	       535	80000824	419e59b3	sra	x19,x28,x25	 x28:0x00000000 x25:0x00000024 x19=0x00000000
        5375000	       536	80000828	0de42c83	lw	x25,222(x8)	  x8:0x80008aae x25=0x00009844 PA:0x80008b8c
        5385000	       537	8000082c	00008417	auipc	x8,0x8	  x8=0x80008828
        5395000	       538	80000830	4f840413	addi	x8,x8,1272	  x8:0x80008828  x8=0x80008d20
        5405000	       539	80000834	fd540783	lb	x15,-43(x8)	  x8:0x80008d20 x15=0xffffffb2 PA:0x80008cf5
        5415000	       540	80000838	01444203	lbu	x4,20(x8)	  x8:0x80008d20  x4=0x000000f9 PA:0x80008d34
        5425000	       541	8000083c	01ef5613	srli	x12,x30,0x1e	 x30:0x80009f84 x12=0x00000002
        5435000	       542	80000840	00a027b3	slt	x15,x0,x10	  x0:0x00000000 x10:0x00000000 x15=0x00000000
        5445000	       543	80000844	02d404a3	sb	x13,41(x8)	  x8:0x80008d20 x13:0x0000a946 PA:0x80008d49
        5455000	       544	80000848	fcf40883	lb	x17,-49(x8)	  x8:0x80008d20 x17=0x00000012 PA:0x80008cef
        5465000	       545	8000084c	415cd5b3	sra	x11,x25,x21	 x25:0x00009844 x21:0x00000022 x11=0x00002611
        5475000	       546	80000850	fd240fa3	sb	x18,-33(x8)	  x8:0x80008d20 x18:0xffff9844 PA:0x80008cff
        5485000	       547	80000854	03344503	lbu	x10,51(x8)	  x8:0x80008d20 x10=0x000000c4 PA:0x80008d53
        5495000	       548	80000858	ffb40fa3	sb	x27,-1(x8)	  x8:0x80008d20 x27:0xffffffed PA:0x80008d1f
        5505000	       549	8000085c	fc741423	sh	x7,-56(x8)	  x8:0x80008d20  x7:0x80008cdc PA:0x80008ce8
        5515000	       550	80000860	65a5a813	slti	x16,x11,1626	 x11:0x00002611 x16=0x00000000
        5525000	       551	80000864	03c40ca3	sb	x28,57(x8)	  x8:0x80008d20 x28:0x00000000 PA:0x80008d59
        5535000	       552	80000868	0094e733	or	x14,x9,x9	  x9:0x00000000  x9:0x00000000 x14=0x00000000
        5545000	       553	8000086c	02140fa3	sb	x1,63(x8)	  x8:0x80008d20  x1:0xffffffed PA:0x80008d5f
        5555000	       554	80000870	00140583	lb	x11,1(x8)	  x8:0x80008d20 x11=0x0000003a PA:0x80008d21
        5565000	       555	80000874	00225613	srli	x12,x4,0x2	  x4:0x000000f9 x12=0x0000003e
        5575000	       556	80000878	02944603	lbu	x12,41(x8)	  x8:0x80008d20 x12=0x00000046 PA:0x80008d49
        5585000	       557	8000087c	00b409a3	sb	x11,19(x8)	  x8:0x80008d20 x11:0x0000003a PA:0x80008d33
        5595000	       558	80000880	ff641e03	lh	x28,-10(x8)	  x8:0x80008d20 x28=0x00000efb PA:0x80008d16
        5605000	       559	80000884	68008eb7	lui	x29,0x68008	 x29=0x68008000
        5615000	       560	80000888	fc0407a3	sb	x0,-49(x8)	  x8:0x80008d20  x0:0x00000000 PA:0x80008cef
        5625000	       561	8000088c	00644083	lbu	x1,6(x8)	  x8:0x80008d20  x1=0x00000013 PA:0x80008d26
        5635000	       562	80000890	fc640083	lb	x1,-58(x8)	  x8:0x80008d20  x1=0xfffffffa PA:0x80008ce6
        5645000	       563	80000894	fd940c83	lb	x25,-39(x8)	  x8:0x80008d20 x25=0x00000025 PA:0x80008cf9
        5655000	       564	80000898	ff640003	lb	x0,-10(x8)	  x8:0x80008d20 PA:0x80008d16
        5665000	       565	8000089c	01915693	srli	x13,x2,0x19	  x2:0x80009fc4 x13=0x00000040
        5675000	       566	800008a0	00000013	addi	x0,x0,0	  x0:0x00000000
        5685000	       567	800008a4	cbfa8d93	addi	x27,x21,-833	 x21:0x00000022 x27=0xfffffce1
        5695000	       568	800008a8	02e41983	lh	x19,46(x8)	  x8:0x80008d20 x19=0xffff8989 PA:0x80008d4e
        5705000	       569	800008ac	01069a13	slli	x20,x13,0x10	 x13:0x00000040 x20=0x00400000
        5715000	       570	800008b0	00e40d03	lb	x26,14(x8)	  x8:0x80008d20 x26=0x00000000 PA:0x80008d2e
        5725000	       571	800008b4	01044683	lbu	x13,16(x8)	  x8:0x80008d20 x13=0x00000019 PA:0x80008d30
        5735000	       572	800008b8	01a24a33	xor	x20,x4,x26	  x4:0x000000f9 x26:0x00000000 x20=0x000000f9
        5745000	       573	800008bc	4020d0b3	sra	x1,x1,x2	  x1:0xfffffffa  x2:0x80009fc4  x1=0xffffffff
        5755000	       574	800008c0	02245983	lhu	x19,34(x8)	  x8:0x80008d20 x19=0x00004a67 PA:0x80008d42
        5765000	       575	800008c4	fc444883	lbu	x17,-60(x8)	  x8:0x80008d20 x17=0x0000007a PA:0x80008ce4
        5775000	       576	800008c8	4066d493	srai	x9,x13,0x6	 x13:0x00000019  x9=0x00000000
        5785000	       577	800008cc	ff340283	lb	x5,-13(x8)	  x8:0x80008d20  x5=0xffffffe4 PA:0x80008d13
        5795000	       578	800008d0	fe340ca3	sb	x3,-7(x8)	  x8:0x80008d20  x3:0x00000076 PA:0x80008d19
        5805000	       579	800008d4	00008997	auipc	x19,0x8	 x19=0x800088d0
        5815000	       580	800008d8	3ec98993	addi	x19,x19,1004	 x19:0x800088d0 x19=0x80008cbc
        5825000	       581	800008dc	a2ca2317	auipc	x6,0xa2ca2	  x6=0x22ca28d8
        5835000	       582	800008e0	00000013	addi	x0,x0,0	  x0:0x00000000
        5845000	       583	800008e4	26dd7213	andi	x4,x26,621	 x26:0x00000000  x4=0x00000000
        5855000	       584	800008e8	00000013	addi	x0,x0,0	  x0:0x00000000
        5865000	       585	800008ec	799ea513	slti	x10,x29,1945	 x29:0x68008000 x10=0x00000000
        5875000	       586	800008f0	fb398583	lb	x11,-77(x19)	 x19:0x80008cbc x11=0xffffff87 PA:0x80008c6f
        5885000	       587	800008f4	2f598a83	lb	x21,757(x19)	 x19:0x80008cbc x21=0x0000007e PA:0x80008fb1
        5895000	       588	800008f8	12198e83	lb	x29,289(x19)	 x19:0x80008cbc x29=0xffffffa5 PA:0x80008ddd
        5905000	       589	800008fc	01377d33	and	x26,x14,x19	 x14:0x00000000 x19:0x80008cbc x26=0x00000000
        5915000	       590	80000900	df39cf83	lbu	x31,-525(x19)	 x19:0x80008cbc x31=0x000000fe PA:0x80008aaf
        5925000	       591	80000904	df398d83	lb	x27,-525(x19)	 x19:0x80008cbc x27=0xfffffffe PA:0x80008aaf
        5935000	       592	80000908	ae816493	ori	x9,x2,-1304	  x2:0x80009fc4  x9=0xffffffec
        5945000	       593	8000090c	df398003	lb	x0,-525(x19)	 x19:0x80008cbc PA:0x80008aaf
        5955000	       594	80000910	df39c703	lbu	x14,-525(x19)	 x19:0x80008cbc x14=0x000000fe PA:0x80008aaf
        5965000	       595	80000914	df3989a3	sb	x19,-525(x19)	 x19:0x80008cbc x19:0x80008cbc PA:0x80008aaf
        5975000	       596	80000918	dfc989a3	sb	x28,-525(x19)	 x19:0x80008cbc x28:0x00000efb PA:0x80008aaf
        5985000	       597	8000091c	df39c383	lbu	x7,-525(x19)	 x19:0x80008cbc  x7=0x000000fb PA:0x80008aaf
        5995000	       598	80000920	00008717	auipc	x14,0x8	 x14=0x8000891c
        6005000	       599	80000924	fd170713	addi	x14,x14,-47	 x14:0x8000891c x14=0x800088ed
        6015000	       600	80000928	00008a17	auipc	x20,0x8	 x20=0x80008924
        6025000	       601	8000092c	57da0a13	addi	x20,x20,1405	 x20:0x80008924 x20=0x80008ea1
        6035000	       602	80000930	fe175d83	lhu	x27,-31(x14)	 x14:0x800088ed x27=0x00005a08 PA:0x800088ce
        6045000	       603	80000934	f5175d03	lhu	x26,-175(x14)	 x14:0x800088ed x26=0x0000fc79 PA:0x8000883e
        6055000	       604	80000938	fb975c83	lhu	x25,-71(x14)	 x14:0x800088ed x25=0x0000e10c PA:0x800088a6
        6065000	       605	8000093c	ff8a0503	lb	x10,-8(x20)	 x20:0x80008ea1 x10=0x00000000 PA:0x80008e99
        6075000	       606	80000940	feea18a3	sh	x14,-15(x20)	 x20:0x80008ea1 x14:0x800088ed PA:0x80008e92
        6085000	       607	80000944	0f274603	lbu	x12,242(x14)	 x14:0x800088ed x12=0x00000045 PA:0x800089df
        6095000	       608	80000948	03974d03	lbu	x26,57(x14)	 x14:0x800088ed x26=0x0000002a PA:0x80008926
        6105000	       609	8000094c	0ca70ba3	sb	x10,215(x14)	 x14:0x800088ed x10:0x00000000 PA:0x800089c4
        6115000	       610	80000950	00fa5083	lhu	x1,15(x20)	 x20:0x80008ea1  x1=0x00008c34 PA:0x80008eb0
        6125000	       611	80000954	0fd70a23	sb	x29,244(x14)	 x14:0x800088ed x29:0xffffffa5 PA:0x800089e1
        6135000	       612	80000958	ffca0883	lb	x17,-4(x20)	 x20:0x80008ea1 x17=0x00000056 PA:0x80008e9d
        6145000	       613	8000095c	f9074483	lbu	x9,-112(x14)	 x14:0x800088ed  x9=0x0000009f PA:0x8000887d
        6155000	       614	80000960	ff7a1d03	lh	x26,-9(x20)	 x20:0x80008ea1 x26=0x00000001 PA:0x80008e98
        6165000	       615	80000964	00008497	auipc	x9,0x8	  x9=0x80008960
        6175000	       616	80000968	cf448493	addi	x9,x9,-780	  x9:0x80008960  x9=0x80008654
        6185000	       617	8000096c	00008517	auipc	x10,0x8	 x10=0x80008968
        6195000	       618	80000970	a5950513	addi	x10,x10,-1447	 x10:0x80008968 x10=0x800083c1
        6205000	       619	80000974	00008697	auipc	x13,0x8	 x13=0x80008970
        6215000	       620	80000978	a4d68693	addi	x13,x13,-1459	 x13:0x80008970 x13=0x800083bd
        6225000	       621	8000097c	00007717	auipc	x14,0x7	 x14=0x80007978
        6235000	       622	80000980	71c70713	addi	x14,x14,1820	 x14:0x80007978 x14=0x80008094
        6245000	       623	80000984	f4848ea3	sb	x8,-163(x9)	  x9:0x80008654  x8:0x80008d20 PA:0x800085b1
        6255000	       624	80000988	fe470ca3	sb	x4,-7(x14)	 x14:0x80008094  x4:0x00000000 PA:0x8000808d
        6265000	       625	8000098c	02868883	lb	x17,40(x13)	 x13:0x800083bd x17=0xffffffe8 PA:0x800083e5
        6275000	       626	80000990	ffc74c83	lbu	x25,-4(x14)	 x14:0x80008094 x25=0x0000001e PA:0x80008090
        6285000	       627	80000994	ffa6cb83	lbu	x23,-6(x13)	 x13:0x800083bd x23=0x00000040 PA:0x800083b7
        6295000	       628	80000998	00254e03	lbu	x28,2(x10)	 x10:0x800083c1 x28=0x0000000f PA:0x800083c3
        6305000	       629	8000099c	f336a983	lw	x19,-205(x13)	 x13:0x800083bd x19=0x25ea0a5d PA:0x800082f0
        6315000	       630	800009a0	0f8693a3	sh	x24,231(x13)	 x13:0x800083bd x24:0xffffffff PA:0x800084a4
        6325000	       631	800009a4	0d048403	lb	x8,208(x9)	  x9:0x80008654  x8=0xffffff9a PA:0x80008724
        6335000	       632	800009a8	f676cb83	lbu	x23,-153(x13)	 x13:0x800083bd x23=0x00000019 PA:0x80008324
        6345000	       633	800009ac	fff48c83	lb	x25,-1(x9)	  x9:0x80008654 x25=0x00000005 PA:0x80008653
        6355000	       634	800009b0	ffe70303	lb	x6,-2(x14)	 x14:0x80008094  x6=0x00000000 PA:0x80008092
        6365000	       635	800009b4	0806aba3	sw	x0,151(x13)	 x13:0x800083bd  x0:0x00000000 PA:0x80008454
        6375000	       636	800009b8	0eb54983	lbu	x19,235(x10)	 x10:0x800083c1 x19=0x000000a5 PA:0x800084ac
        6385000	       637	800009bc	01c6a9a3	sw	x28,19(x13)	 x13:0x800083bd x28:0x0000000f PA:0x800083d0
        6395000	       638	800009c0	08a6cc83	lbu	x25,138(x13)	 x13:0x800083bd x25=0x0000007f PA:0x80008447
        6405000	       639	800009c4	0dd50183	lb	x3,221(x10)	 x10:0x800083c1  x3=0x0000004d PA:0x8000849e
        6415000	       640	800009c8	04e50183	lb	x3,78(x10)	 x10:0x800083c1  x3=0x0000007a PA:0x8000840f
        6425000	       641	00000000	00000013	addi	x0,x0,0	  x0:0x00000000
        6435000	       642	800009cc	fa3527a3	sw	x3,-81(x10)	 x10:0x800083c1  x3:0x0000007a PA:0x80008370
        6445000	       643	800009d0	ff670c83	lb	x25,-10(x14)	 x14:0x80008094 x25=0xffffff97 PA:0x8000808a
        6455000	       644	800009d4	0ea54403	lbu	x8,234(x10)	 x10:0x800083c1  x8=0x000000ca PA:0x800084ab
        6465000	       645	800009d8	ff675e83	lhu	x29,-10(x14)	 x14:0x80008094 x29=0x0000e397 PA:0x8000808a
        6475000	       646	800009dc	fa350aa3	sb	x3,-75(x10)	 x10:0x800083c1  x3:0x0000007a PA:0x80008376
        6485000	       647	800009e0	05f518a3	sh	x31,81(x10)	 x10:0x800083c1 x31:0x000000fe PA:0x80008412
        6495000	       648	800009e4	f5548ba3	sb	x21,-169(x9)	  x9:0x80008654 x21:0x0000007e PA:0x800085ab
        6505000	       649	800009e8	04250d03	lb	x26,66(x10)	 x10:0x800083c1 x26=0x0000005a PA:0x80008403
        6515000	       650	800009ec	f9e68003	lb	x0,-98(x13)	 x13:0x800083bd PA:0x8000835b
        6525000	       651	800009f0	ffa71e83	lh	x29,-6(x14)	 x14:0x80008094 x29=0xffffe1af PA:0x8000808e
        6535000	       652	800009f4	f0c4aa83	lw	x21,-244(x9)	  x9:0x80008654 x21=0xb5990339 PA:0x80008560
        6545000	       653	800009f8	fed688a3	sb	x13,-15(x13)	 x13:0x800083bd x13:0x800083bd PA:0x800083ae
        6555000	       654	800009fc	00e706a3	sb	x14,13(x14)	 x14:0x80008094 x14:0x80008094 PA:0x800080a1
        6565000	       655	80000a00	0694c303	lbu	x6,105(x9)	  x9:0x80008654  x6=0x000000e4 PA:0x800086bd
        6575000	       656	80000a04	ffb70303	lb	x6,-5(x14)	 x14:0x80008094  x6=0xffffffe1 PA:0x8000808f
        6585000	       657	80000a08	0ed48fa3	sb	x13,255(x9)	  x9:0x80008654 x13:0x800083bd PA:0x80008753
        6595000	       658	80000a0c	010311b3	sll	x3,x6,x16	  x6:0xffffffe1 x16:0x00000000  x3=0xffffffe1
        6605000	       659	80000a10	00961033	sll	x0,x12,x9	 x12:0x00000045  x9:0x80008654
        6615000	       660	80000a14	01601213	slli	x4,x0,0x16	  x0:0x00000000  x4=0x00000000
        6625000	       661	80000a18	019f5733	srl	x14,x30,x25	 x30:0x80009f84 x25:0xffffff97 x14=0x00000100
        6635000	       662	80000a1c	00000013	addi	x0,x0,0	  x0:0x00000000
        6645000	       663	80000a20	d5cca613	slti	x12,x25,-676	 x25:0xffffff97 x12=0x00000000
        6655000	       664	80000a24	f1971517	auipc	x10,0xf1971	 x10=0x71971a20
        6665000	       665	80000a28	41270433	sub	x8,x14,x18	 x14:0x00000100 x18:0xffff9844  x8=0x000068bc
        6675000	       666	80000a2c	014275b3	and	x11,x4,x20	  x4:0x00000000 x20:0x80008ea1 x11=0x00000000
        6685000	       667	80000a30	00745493	srli	x9,x8,0x7	  x8:0x000068bc  x9=0x000000d1
        6695000	       668	80000a34	7e188393	addi	x7,x17,2017	 x17:0xffffffe8  x7=0x000007c9
        6705000	       669	80000a38	00ee8bb3	add	x23,x29,x14	 x29:0xffffe1af x14:0x00000100 x23=0xffffe2af
        6715000	       670	80000a3c	a74c7293	andi	x5,x24,-1420	 x24:0xffffffff  x5=0xfffffa74
        6725000	       671	80000a40	00a4a833	slt	x16,x9,x10	  x9:0x000000d1 x10:0x71971a20 x16=0x00000001
        6735000	       672	80000a44	00000013	addi	x0,x0,0	  x0:0x00000000
        6745000	       673	80000a48	bb0d8e13	addi	x28,x27,-1104	 x27:0x00005a08 x28=0x000055b8
        6755000	       674	80000a4c	00639d33	sll	x26,x7,x6	  x7:0x000007c9  x6:0xffffffe1 x26=0x00000f92
        6765000	       675	80000a50	4154de33	sra	x28,x9,x21	  x9:0x000000d1 x21:0xb5990339 x28=0x00000000
        6775000	       676	80000a54	00a569b3	or	x19,x10,x10	 x10:0x71971a20 x10:0x71971a20 x19=0x71971a20
        6785000	       677	80000a58	00379a33	sll	x20,x15,x3	 x15:0x00000000  x3:0xffffffe1 x20=0x00000000
        6795000	       678	80000a5c	80d72197	auipc	x3,0x80d72	  x3=0x00d72a58
        6805000	       679	80000a60	ab02f993	andi	x19,x5,-1360	  x5:0xfffffa74 x19=0xfffffa30
        6815000	       680	80000a64	021d5863	bge	x26,x1,80000a94	 x26:0x00000f92  x1:0x00008c34
        6825000	       681	80000a68	570f7713	andi	x14,x30,1392	 x30:0x80009f84 x14=0x00000500
        6835000	       682	80000a6c	054bfb93	andi	x23,x23,84	 x23:0xffffe2af x23=0x00000004
        6845000	       683	80000a70	01398463	beq	x19,x19,80000a78	 x19:0xfffffa30 x19:0xfffffa30
        6855000	       684	00000000	00000013	addi	x0,x0,0	  x0:0x00000000
        6865000	       685	80000a74	00000013	addi	x0,x0,0	  x0:0x00000000
        6875000	       686	80000a78	006083b3	add	x7,x1,x6	  x1:0x00008c34  x6:0xffffffe1  x7=0x00008c15
        6885000	       687	80000a7c	3f46e413	ori	x8,x13,1012	 x13:0x800083bd  x8=0x800083fd
        6895000	       688	80000a80	025afa63	bgeu	x21,x5,80000ab4	 x21:0xb5990339  x5:0xfffffa74
        6905000	       689	80000a84	00ab1833	sll	x16,x22,x10	 x22:0x00000000 x10:0x71971a20 x16=0x00000000
        6915000	       690	80000a88	00869233	sll	x4,x13,x8	 x13:0x800083bd  x8:0x800083fd  x4=0xa0000000
        6925000	       691	80000a8c	00dec033	xor	x0,x29,x13	 x29:0xffffe1af x13:0x800083bd
        6935000	       692	80000a90	0160e833	or	x16,x1,x22	  x1:0x00008c34 x22:0x00000000 x16=0x00008c34
        6945000	       693	80000a94	00ffc3b3	xor	x7,x31,x15	 x31:0x000000fe x15:0x00000000  x7=0x000000fe
        6955000	       694	80000a98	41b3d413	srai	x8,x7,0x1b	  x7:0x000000fe  x8=0x00000000
        6965000	       695	80000a9c	01c32fb3	slt	x31,x6,x28	  x6:0xffffffe1 x28:0x00000000 x31=0x00000001
        6975000	       696	80000aa0	240c2913	slti	x18,x24,576	 x24:0xffffffff x18=0x00000001
        6985000	       697	80000aa4	05621063	bne	x4,x22,80000ae4	  x4:0xa0000000 x22:0x00000000
        6995000	       698	00000000	00000013	addi	x0,x0,0	  x0:0x00000000
        7005000	       699	80000ae0	00000013	addi	x0,x0,0	  x0:0x00000000
        7015000	       700	80000ae4	010b1e13	slli	x28,x22,0x10	 x22:0x00000000 x28=0x00000000
        7025000	       701	80000ae8	005c62b3	or	x5,x24,x5	 x24:0xffffffff  x5:0xfffffa74  x5=0xffffffff
        7035000	       702	80000aec	00000013	addi	x0,x0,0	  x0:0x00000000
        7045000	       703	80000af0	00000013	addi	x0,x0,0	  x0:0x00000000
        7055000	       704	80000af4	14733a13	sltiu	x20,x6,327	  x6:0xffffffe1 x20=0x00000000
        7065000	       705	80000af8	01111313	slli	x6,x2,0x11	  x2:0x80009fc4  x6=0x3f880000
        7075000	       706	80000afc	026afa63	bgeu	x21,x6,80000b30	 x21:0xb5990339  x6:0x3f880000
        7085000	       707	00000000	00000013	addi	x0,x0,0	  x0:0x00000000
        7095000	       708	80000b2c	00000013	addi	x0,x0,0	  x0:0x00000000
        7105000	       709	80000b30	3df8a293	slti	x5,x17,991	 x17:0xffffffe8  x5=0x00000001
        7115000	       710	80000b34	c38e0313	addi	x6,x28,-968	 x28:0x00000000  x6=0xfffffc38
        7125000	       711	80000b38	10b36a37	lui	x20,0x10b36	 x20=0x10b36000
        7135000	       712	80000b3c	014c6c63	bltu	x24,x20,80000b54	 x24:0xffffffff x20:0x10b36000
        7145000	       713	80000b40	2cecb513	sltiu	x10,x25,718	 x25:0xffffff97 x10=0x00000000
        7155000	       714	80000b44	b57e3713	sltiu	x14,x28,-1193	 x28:0x00000000 x14=0x00000001
        7165000	       715	80000b48	944df737	lui	x14,0x944df	 x14=0x944df000
        7175000	       716	80000b4c	01818a33	add	x20,x3,x24	  x3:0x00d72a58 x24:0xffffffff x20=0x00d72a57
        7185000	       717	80000b50	01389833	sll	x16,x17,x19	 x17:0xffffffe8 x19:0xfffffa30 x16=0xffe80000
        7195000	       718	80000b54	41880cb3	sub	x25,x16,x24	 x16:0xffe80000 x24:0xffffffff x25=0xffe80001
        7205000	       719	80000b58	41d903b3	sub	x7,x18,x29	 x18:0x00000001 x29:0xffffe1af  x7=0x00001e52
        7215000	       720	80000b5c	4135deb3	sra	x29,x11,x19	 x11:0x00000000 x19:0xfffffa30 x29=0x00000000
        7225000	       721	80000b60	e733fc17	auipc	x24,0xe733f	 x24=0x6733fb5c
        7235000	       722	80000b64	41b189b3	sub	x19,x3,x27	  x3:0x00d72a58 x27:0x00005a08 x19=0x00d6d050
        7245000	       723	80000b68	d1193593	sltiu	x11,x18,-751	 x18:0x00000001 x11=0x00000001
        7255000	       724	80000b6c	01d15533	srl	x10,x2,x29	  x2:0x80009fc4 x29:0x00000000 x10=0x80009fc4
        7265000	       725	80000b70	b4466c37	lui	x24,0xb4466	 x24=0xb4466000
        7275000	       726	80000b74	01b99463	bne	x19,x27,80000b7c	 x19:0x00d6d050 x27:0x00005a08
        7285000	       727	00000000	00000013	addi	x0,x0,0	  x0:0x00000000
        7295000	       728	80000b78	00000013	addi	x0,x0,0	  x0:0x00000000
        7305000	       729	80000b7c	01270c33	add	x24,x14,x18	 x14:0x944df000 x18:0x00000001 x24=0x944df001
        7315000	       730	80000b80	00e07033	and	x0,x0,x14	  x0:0x00000000 x14:0x944df000
        7325000	       731	80000b84	05975663	bge	x14,x25,80000bd0	 x14:0x944df000 x25:0xffe80001
        7335000	       732	80000b88	0083cc63	blt	x7,x8,80000ba0	  x7:0x00001e52  x8:0x00000000
        7345000	       733	80000b8c	00dda9b3	slt	x19,x27,x13	 x27:0x00005a08 x13:0x800083bd x19=0x00000000
        7355000	       734	80000b90	00000013	addi	x0,x0,0	  x0:0x00000000
        7365000	       735	80000b94	0000a1b3	slt	x3,x1,x0	  x1:0x00008c34  x0:0x00000000  x3=0x00000000
        7375000	       736	80000b98	41abd633	sra	x12,x23,x26	 x23:0x00000004 x26:0x00000f92 x12=0x00000000
        7385000	       737	80000b9c	42d27a97	auipc	x21,0x42d27	 x21=0xc2d27b98
        7395000	       738	80000ba0	28ae1c17	auipc	x24,0x28ae1	 x24=0xa8ae1b9c
        7405000	       739	80000ba4	6eb20d13	addi	x26,x4,1771	  x4:0xa0000000 x26=0xa00006eb
        7415000	       740	80000ba8	01965c13	srli	x24,x12,0x19	 x12:0x00000000 x24=0x00000000
        7425000	       741	80000bac	0059dfb3	srl	x31,x19,x5	 x19:0x00000000  x5:0x00000001 x31=0x00000000
        7435000	       742	80000bb0	0027d793	srli	x15,x15,0x2	 x15:0x00000000 x15=0x00000000
        7445000	       743	80000bb4	2eb47093	andi	x1,x8,747	  x8:0x00000000  x1=0x00000000
        7455000	       744	80000bb8	01b8b933	sltu	x18,x17,x27	 x17:0xffffffe8 x27:0x00005a08 x18=0x00000000
        7465000	       745	80000bbc	004b8663	beq	x23,x4,80000bc8	 x23:0x00000004  x4:0xa0000000
        7475000	       746	80000bc0	417a0cb3	sub	x25,x20,x23	 x20:0x00d72a57 x23:0x00000004 x25=0x00d72a53
        7485000	       747	80000bc4	0165f9b3	and	x19,x11,x22	 x11:0x00000001 x22:0x00000000 x19=0x00000000
        7495000	       748	80000bc8	059e0463	beq	x28,x25,80000c10	 x28:0x00000000 x25:0x00d72a53
        7505000	       749	80000bcc	408ed033	sra	x0,x29,x8	 x29:0x00000000  x8:0x00000000
        7515000	       750	80000bd0	015339b3	sltu	x19,x6,x21	  x6:0xfffffc38 x21:0xc2d27b98 x19=0x00000000
        7525000	       751	80000bd4	04736463	bltu	x6,x7,80000c1c	  x6:0xfffffc38  x7:0x00001e52
        7535000	       752	80000bd8	36b2e217	auipc	x4,0x36b2e	  x4=0xb6b2ebd4
        7545000	       753	80000bdc	00755a13	srli	x20,x10,0x7	 x10:0x80009fc4 x20=0x0100013f
        7555000	       754	80000be0	774daa17	auipc	x20,0x774da	 x20=0xf74dabdc
        7565000	       755	80000be4	00aeb033	sltu	x0,x29,x10	 x29:0x00000000 x10:0x80009fc4
        7575000	       756	80000be8	a382dcb7	lui	x25,0xa382d	 x25=0xa382d000
        7585000	       757	80000bec	bc93a513	slti	x10,x7,-1079	  x7:0x00001e52 x10=0x00000000
        7595000	       758	80000bf0	015df6b3	and	x13,x27,x21	 x27:0x00005a08 x21:0xc2d27b98 x13=0x00005a08
        7605000	       759	80000bf4	00f24263	blt	x4,x15,80000bf8	  x4:0xb6b2ebd4 x15:0x00000000
        7615000	       760	00000000	00000013	addi	x0,x0,0	  x0:0x00000000
        7625000	       761	80000bf4	00000013	addi	x0,x0,0	  x0:0x00000000
        7635000	       762	80000bf8	41e501b3	sub	x3,x10,x30	 x10:0x00000000 x30:0x80009f84  x3=0x7fff607c
        7645000	       763	80000bfc	0173afb3	slt	x31,x7,x23	  x7:0x00001e52 x23:0x00000004 x31=0x00000000
        7655000	       764	80000c00	81987c13	andi	x24,x16,-2023	 x16:0xffe80000 x24=0xffe80000
        7665000	       765	80000c04	40018533	sub	x10,x3,x0	  x3:0x7fff607c  x0:0x00000000 x10=0x7fff607c
        7675000	       766	80000c08	06155997	auipc	x19,0x6155	 x19=0x86155c04
        7685000	       767	80000c0c	00819d13	slli	x26,x3,0x8	  x3:0x7fff607c x26=0xff607c00
        7695000	       768	80000c10	003218b3	sll	x17,x4,x3	  x4:0xb6b2ebd4  x3:0x7fff607c x17=0x40000000
        7705000	       769	80000c14	0182d1b3	srl	x3,x5,x24	  x5:0x00000001 x24:0xffe80000  x3=0x00000001
        7715000	       770	80000c18	54320313	addi	x6,x4,1347	  x4:0xb6b2ebd4  x6=0xb6b2f117
        7725000	       771	80000c1c	00f0c933	xor	x18,x1,x15	  x1:0x00000000 x15:0x00000000 x18=0x00000000
        7735000	       772	80000c20	50056d13	ori	x26,x10,1280	 x10:0x7fff607c x26=0x7fff657c
        7745000	       773	80000c24	7a486a13	ori	x20,x16,1956	 x16:0xffe80000 x20=0xffe807a4
        7755000	       774	80000c28	0346c663	blt	x13,x20,80000c54	 x13:0x00005a08 x20:0xffe807a4
        7765000	       775	80000c2c	03cdc263	blt	x27,x28,80000c50	 x27:0x00005a08 x28:0x00000000
        7775000	       776	80000c30	00453a33	sltu	x20,x10,x4	 x10:0x7fff607c  x4:0xb6b2ebd4 x20=0x00000001
        7785000	       777	80000c34	01a131b3	sltu	x3,x2,x26	  x2:0x80009fc4 x26:0x7fff657c  x3=0x00000000
        7795000	       778	80000c38	40f3d713	srai	x14,x7,0xf	  x7:0x00001e52 x14=0x00000000
        7805000	       779	80000c3c	00a6d413	srli	x8,x13,0xa	 x13:0x00005a08  x8=0x00000016
        7815000	       780	80000c40	00e303b3	add	x7,x6,x14	  x6:0xb6b2f117 x14:0x00000000  x7=0xb6b2f117
        7825000	       781	80000c44	412b0833	sub	x16,x22,x18	 x22:0x00000000 x18:0x00000000 x16=0x00000000
        7835000	       782	80000c48	036e7463	bgeu	x28,x22,80000c70	 x28:0x00000000 x22:0x00000000
        7845000	       783	00000000	00000013	addi	x0,x0,0	  x0:0x00000000
        7855000	       784	80000c6c	00000013	addi	x0,x0,0	  x0:0x00000000
        7865000	       785	80000c70	03607063	bgeu	x0,x22,80000c90	  x0:0x00000000 x22:0x00000000
        7875000	       786	00000000	00000013	addi	x0,x0,0	  x0:0x00000000
        7885000	       787	80000c8c	00000013	addi	x0,x0,0	  x0:0x00000000
        7895000	       788	80000c90	07749663	bne	x9,x23,80000cfc	  x9:0x000000d1 x23:0x00000004
        7905000	       789	00000000	00000013	addi	x0,x0,0	  x0:0x00000000
        7915000	       790	80000cf8	00000013	addi	x0,x0,0	  x0:0x00000000
        7925000	       791	80000cfc	00af7db3	and	x27,x30,x10	 x30:0x80009f84 x10:0x7fff607c x27=0x00000004
        7935000	       792	80000d00	6cb1af93	slti	x31,x3,1739	  x3:0x00000000 x31=0x00000001
        7945000	       793	80000d04	02320463	beq	x4,x3,80000d2c	  x4:0xb6b2ebd4  x3:0x00000000
        7955000	       794	80000d08	870dec13	ori	x24,x27,-1936	 x27:0x00000004 x24=0xfffff874
        7965000	       795	80000d0c	0126cdb3	xor	x27,x13,x18	 x13:0x00005a08 x18:0x00000000 x27=0x00005a08
        7975000	       796	80000d10	004f4463	blt	x30,x4,80000d18	 x30:0x80009f84  x4:0xb6b2ebd4
        7985000	       797	00000000	00000013	addi	x0,x0,0	  x0:0x00000000
        7995000	       798	80000d14	00000013	addi	x0,x0,0	  x0:0x00000000
        8005000	       799	80000d18	5dc43593	sltiu	x11,x8,1500	  x8:0x00000016 x11=0x00000001
        8015000	       800	80000d1c	6010c613	xori	x12,x1,1537	  x1:0x00000000 x12=0x00000601
        8025000	       801	80000d20	048bc663	blt	x23,x8,80000d6c	 x23:0x00000004  x8:0x00000016
        8035000	       802	00000000	00000013	addi	x0,x0,0	  x0:0x00000000
        8045000	       803	80000d68	00000013	addi	x0,x0,0	  x0:0x00000000
        8055000	       804	80000d6c	41b803b3	sub	x7,x16,x27	 x16:0x00000000 x27:0x00005a08  x7=0xffffa5f8
        8065000	       805	80000d70	1a4d8293	addi	x5,x27,420	 x27:0x00005a08  x5=0x00005bac
        8075000	       806	80000d74	415eda13	srai	x20,x29,0x15	 x29:0x00000000 x20=0x00000000
        8085000	       807	80000d78	07fc5263	bge	x24,x31,80000ddc	 x24:0xfffff874 x31:0x00000001
        8095000	       808	80000d7c	00dad4b3	srl	x9,x21,x13	 x21:0xc2d27b98 x13:0x00005a08  x9=0x00c2d27b
        8105000	       809	80000d80	a5727693	andi	x13,x4,-1449	  x4:0xb6b2ebd4 x13=0xb6b2ea54
        8115000	       810	80000d84	000a3333	sltu	x6,x20,x0	 x20:0x00000000  x0:0x00000000  x6=0x00000000
        8125000	       811	80000d88	05cc8a63	beq	x25,x28,80000ddc	 x25:0xa382d000 x28:0x00000000
        8135000	       812	80000d8c	01a693b3	sll	x7,x13,x26	 x13:0xb6b2ea54 x26:0x7fff657c  x7=0x40000000
        8145000	       813	80000d90	01ac2533	slt	x10,x24,x26	 x24:0xfffff874 x26:0x7fff657c x10=0x00000001
        8155000	       814	80000d94	4042d733	sra	x14,x5,x4	  x5:0x00005bac  x4:0xb6b2ebd4 x14=0x00000000
        8165000	       815	80000d98	00f0b8b3	sltu	x17,x1,x15	  x1:0x00000000 x15:0x00000000 x17=0x00000000
        8175000	       816	80000d9c	016f5ab3	srl	x21,x30,x22	 x30:0x80009f84 x22:0x00000000 x21=0x80009f84
        8185000	       817	80000da0	41cfd8b3	sra	x17,x31,x28	 x31:0x00000001 x28:0x00000000 x17=0x00000001
        8195000	       818	80000da4	74214e13	xori	x28,x2,1858	  x2:0x80009fc4 x28=0x80009886
        8205000	       819	80000da8	016ef633	and	x12,x29,x22	 x29:0x00000000 x22:0x00000000 x12=0x00000000
        8215000	       820	80000dac	012c9893	slli	x17,x25,0x12	 x25:0xa382d000 x17=0x40000000
        8225000	       821	80000db0	00001217	auipc	x4,0x1	  x4=0x80001dac
        8235000	       822	80000db4	c5c20213	addi	x4,x4,-932	  x4:0x80001dac  x4=0x80001a08
        8245000	       823	80000db8	00cd1333	sll	x6,x26,x12	 x26:0x7fff657c x12:0x00000000  x6=0x7fff657c
        8255000	       824	80000dbc	00ff8333	add	x6,x31,x15	 x31:0x00000001 x15:0x00000000  x6=0x00000001
        8265000	       825	80000dc0	e6d20213	addi	x4,x4,-403	  x4:0x80001a08  x4=0x80001875
        8275000	       826	80000dc4	40235fb3	sra	x31,x6,x2	  x6:0x00000001  x2:0x80009fc4 x31=0x00000000
        8285000	       827	80000dc8	8cdd5c97	auipc	x25,0x8cdd5	 x25=0x0cdd5dc4
        8295000	       828	80000dcc	00000013	addi	x0,x0,0	  x0:0x00000000
        8305000	       829	80000dd0	01144463	blt	x8,x17,80000dd8	  x8:0x00000016 x17:0x40000000
        8315000	       830	00000000	00000013	addi	x0,x0,0	  x0:0x00000000
        8325000	       831	80000dd4	00000013	addi	x0,x0,0	  x0:0x00000000
        8335000	       832	80000dd8	194204e7	jalr	x9,x4,404	  x4:0x80001875  x9=0x80000dd8
        8345000	       833	00000000	00000013	addi	x0,x0,0	  x0:0x00000000
        8355000	       834	80001a08	00000013	addi	x0,x0,0	  x0:0x00000000
        8365000	       835	80001a0c	00147863	bgeu	x8,x1,80001a1c	  x8:0x00000016  x1:0x00000000
        8375000	       836	00000000	00000013	addi	x0,x0,0	  x0:0x00000000
        8385000	       837	80001a18	00000013	addi	x0,x0,0	  x0:0x00000000
        8395000	       838	80001a1c	fd8f0f13	addi	x30,x30,-40	 x30:0x80009f84 x30=0x80009f5c
        8405000	       839	80001a20	009f2223	sw	x9,4(x30)	 x30:0x80009f5c  x9:0x80000dd8 PA:0x80009f60
        8415000	       840	80001a24	0160b433	sltu	x8,x1,x22	  x1:0x00000000 x22:0x00000000  x8=0x00000000
        8425000	       841	80001a28	03570e93	addi	x29,x14,53	 x14:0x00000000 x29=0x00000035
        8435000	       842	80001a2c	00007397	auipc	x7,0x7	  x7=0x80008a28
        8445000	       843	80001a30	8e938393	addi	x7,x7,-1815	  x7:0x80008a28  x7=0x80008311
        8455000	       844	80001a34	00006597	auipc	x11,0x6	 x11=0x80007a30
        8465000	       845	80001a38	66558593	addi	x11,x11,1637	 x11:0x80007a30 x11=0x80008095
        8475000	       846	80001a3c	00007797	auipc	x15,0x7	 x15=0x80008a38
        8485000	       847	80001a40	a5578793	addi	x15,x15,-1451	 x15:0x80008a38 x15=0x8000848d
        8495000	       848	80001a44	00006417	auipc	x8,0x6	  x8=0x80007a40
        8505000	       849	80001a48	7a640413	addi	x8,x8,1958	  x8:0x80007a40  x8=0x800081e6
        8515000	       850	80001a4c	01c7cc83	lbu	x25,28(x15)	 x15:0x8000848d x25=0x00000033 PA:0x800084a9
        8525000	       851	80001a50	03739c03	lh	x24,55(x7)	  x7:0x80008311 x24=0xffffad09 PA:0x80008348
        8535000	       852	80001a54	f6640123	sb	x6,-158(x8)	  x8:0x800081e6  x6:0x00000001 PA:0x80008148
        8545000	       853	80001a58	00a78323	sb	x10,6(x15)	 x15:0x8000848d x10:0x00000001 PA:0x80008493
        8555000	       854	80001a5c	016383a3	sb	x22,7(x7)	  x7:0x80008311 x22:0x00000000 PA:0x80008318
        8565000	       855	80001a60	02e78023	sb	x14,32(x15)	 x15:0x8000848d x14:0x00000000 PA:0x800084ad
        8575000	       856	80001a64	005592a3	sh	x5,5(x11)	 x11:0x80008095  x5:0x00005bac PA:0x8000809a
        8585000	       857	80001a68	feb40203	lb	x4,-21(x8)	  x8:0x800081e6  x4=0x00000044 PA:0x800081d1
        8595000	       858	80001a6c	02d78ca3	sb	x13,57(x15)	 x15:0x8000848d x13:0xb6b2ea54 PA:0x800084c6
        8605000	       859	80001a70	ff55cb83	lbu	x23,-11(x11)	 x11:0x80008095 x23=0x00000097 PA:0x8000808a
        8615000	       860	80001a74	fee78ca3	sb	x14,-7(x15)	 x15:0x8000848d x14:0x00000000 PA:0x80008486
        8625000	       861	80001a78	06b407a3	sb	x11,111(x8)	  x8:0x800081e6 x11:0x80008095 PA:0x80008255
        8635000	       862	80001a7c	ffd59083	lh	x1,-3(x11)	 x11:0x80008095  x1=0xffffcd00 PA:0x80008092
        8645000	       863	80001a80	fd578e03	lb	x28,-43(x15)	 x15:0x8000848d x28=0xfffffffe PA:0x80008462
        8655000	       864	00000000	00000013	addi	x0,x0,0	  x0:0x00000000
        8665000	       865	80001a84	ffc58d83	lb	x27,-4(x11)	 x11:0x80008095 x27=0x0000006e PA:0x80008091
        8675000	       866	80001a88	00138523	sb	x1,10(x7)	  x7:0x80008311  x1:0xffffcd00 PA:0x8000831b
        8685000	       867	80001a8c	ffa5c183	lbu	x3,-6(x11)	 x11:0x80008095  x3=0x000000e1 PA:0x8000808f
        8695000	       868	80001a90	fd078903	lb	x18,-48(x15)	 x15:0x8000848d x18=0xfffffff0 PA:0x8000845d
        8705000	       869	80001a94	fba45683	lhu	x13,-70(x8)	  x8:0x800081e6 x13=0x000082fc PA:0x800081a0
        8715000	       870	80001a98	fff58a83	lb	x21,-1(x11)	 x11:0x80008095 x21=0x00000029 PA:0x80008094
        8725000	       871	00000000	00000013	addi	x0,x0,0	  x0:0x00000000
        8735000	       872	80001a9c	01539ba3	sh	x21,23(x7)	  x7:0x80008311 x21:0x00000029 PA:0x80008328
        8745000	       873	80001aa0	03c7ce03	lbu	x28,60(x15)	 x15:0x8000848d x28=0x000000ff PA:0x800084c9
        8755000	       874	80001aa4	05f44703	lbu	x14,95(x8)	  x8:0x800081e6 x14=0x0000000d PA:0x80008245
        8765000	       875	80001aa8	ff559e03	lh	x28,-11(x11)	 x11:0x80008095 x28=0xffffe397 PA:0x8000808a
        8775000	       876	80001aac	0f040303	lb	x6,240(x8)	  x8:0x800081e6  x6=0x0000001d PA:0x800082d6
        8785000	       877	80001ab0	fe33c303	lbu	x6,-29(x7)	  x7:0x80008311  x6=0x000000ca PA:0x800082f4
        8795000	       878	80001ab4	ff87cc83	lbu	x25,-8(x15)	 x15:0x8000848d x25=0x0000002e PA:0x80008485
        8805000	       879	80001ab8	00739603	lh	x12,7(x7)	  x7:0x80008311 x12=0xffffd900 PA:0x80008318
        8815000	       880	80001abc	03c38ba3	sb	x28,55(x7)	  x7:0x80008311 x28:0xffffe397 PA:0x80008348
        8825000	       881	80001ac0	0cf44203	lbu	x4,207(x8)	  x8:0x800081e6  x4=0x00000084 PA:0x800082b5
        8835000	       882	80001ac4	ffc38ba3	sb	x28,-9(x7)	  x7:0x80008311 x28:0xffffe397 PA:0x80008308
        8845000	       883	80001ac8	0045cd03	lbu	x26,4(x11)	 x11:0x80008095 x26=0x00000093 PA:0x80008099
        8855000	       884	80001acc	fec58e23	sb	x12,-4(x11)	 x11:0x80008095 x12:0xffffd900 PA:0x80008091
        8865000	       885	80001ad0	fff7a883	lw	x17,-1(x15)	 x15:0x8000848d x17=0xabfd3446 PA:0x8000848c
        8875000	       886	80001ad4	f0e40823	sb	x14,-240(x8)	  x8:0x800081e6 x14:0x0000000d PA:0x800080f6
        8885000	       887	80001ad8	00258503	lb	x10,2(x11)	 x11:0x80008095 x10=0xffffff8a PA:0x80008097
        8895000	       888	80001adc	ff93c503	lbu	x10,-7(x7)	  x7:0x80008311 x10=0x000000aa PA:0x8000830a
        8905000	       889	80001ae0	01a44803	lbu	x16,26(x8)	  x8:0x800081e6 x16=0x0000000c PA:0x80008200
        8915000	       890	80001ae4	00007797	auipc	x15,0x7	 x15=0x80008ae0
        8925000	       891	80001ae8	ece78793	addi	x15,x15,-306	 x15:0x80008ae0 x15=0x800089ae
        8935000	       892	80001aec	7321b893	sltiu	x17,x3,1842	  x3:0x000000e1 x17=0x00000001
        8945000	       893	80001af0	0180e1b3	or	x3,x1,x24	  x1:0xffffcd00 x24:0xffffad09  x3=0xffffed09
        8955000	       894	80001af4	0099cd33	xor	x26,x19,x9	 x19:0x86155c04  x9:0x80000dd8 x26=0x061551dc
        8965000	       895	80001af8	8260e713	ori	x14,x1,-2010	  x1:0xffffcd00 x14=0xfffffd26
        8975000	       896	80001afc	b76d02b7	lui	x5,0xb76d0	  x5=0xb76d0000
        8985000	       897	80001b00	00778983	lb	x19,7(x15)	 x15:0x800089ae x19=0xffffffa8 PA:0x800089b5
        8995000	       898	80001b04	7ce96213	ori	x4,x18,1998	 x18:0xfffffff0  x4=0xfffffffe
        9005000	       899	80001b08	ffb78d03	lb	x26,-5(x15)	 x15:0x800089ae x26=0x00000050 PA:0x800089a9
        9015000	       900	80001b0c	000cabb3	slt	x23,x25,x0	 x25:0x0000002e  x0:0x00000000 x23=0x00000000
        9025000	       901	80001b10	007a5493	srli	x9,x20,0x7	 x20:0x00000000  x9=0x00000000
        9035000	       902	80001b14	00d2b033	sltu	x0,x5,x13	  x5:0xb76d0000 x13:0x000082fc
        9045000	       903	80001b18	fed7c803	lbu	x16,-19(x15)	 x15:0x800089ae x16=0x000000f6 PA:0x8000899b
        9055000	       904	80001b1c	03d784a3	sb	x29,41(x15)	 x15:0x800089ae x29:0x00000035 PA:0x800089d7
        9065000	       905	80001b20	0176e033	or	x0,x13,x23	 x13:0x000082fc x23:0x00000000
        9075000	       906	80001b24	000c6033	or	x0,x24,x0	 x24:0xffffad09  x0:0x00000000
        9085000	       907	80001b28	009ecbb3	xor	x23,x29,x9	 x29:0x00000035  x9:0x00000000 x23=0x00000035
        9095000	       908	80001b2c	01800933	add	x18,x0,x24	  x0:0x00000000 x24:0xffffad09 x18=0xffffad09
        9105000	       909	80001b30	016789a3	sb	x22,19(x15)	 x15:0x800089ae x22:0x00000000 PA:0x800089c1
        9115000	       910	80001b34	00000013	addi	x0,x0,0	  x0:0x00000000
        9125000	       911	80001b38	0317c403	lbu	x8,49(x15)	 x15:0x800089ae  x8=0x00000045 PA:0x800089df
        9135000	       912	80001b3c	fe779823	sh	x7,-16(x15)	 x15:0x800089ae  x7:0x80008311 PA:0x8000899e
        9145000	       913	80001b40	0277c803	lbu	x16,39(x15)	 x15:0x800089ae x16=0x0000004e PA:0x800089d5
        9155000	       914	80001b44	fee7aa83	lw	x21,-18(x15)	 x15:0x800089ae x21=0x83111fc1 PA:0x8000899c
        9165000	       915	80001b48	97b7ca93	xori	x21,x15,-1669	 x15:0x800089ae x21=0x7fff70d5
        9175000	       916	80001b4c	00d78a83	lb	x21,13(x15)	 x15:0x800089ae x21=0xffffffee PA:0x800089bb
        9185000	       917	80001b50	00000013	addi	x0,x0,0	  x0:0x00000000
        9195000	       918	80001b54	00dbccb3	xor	x25,x23,x13	 x23:0x00000035 x13:0x000082fc x25=0x000082c9
        9205000	       919	80001b58	e90b4413	xori	x8,x22,-368	 x22:0x00000000  x8=0xfffffe90
        9215000	       920	80001b5c	fee7ca83	lbu	x21,-18(x15)	 x15:0x800089ae x21=0x000000c1 PA:0x8000899c
        9225000	       921	80001b60	fd879f83	lh	x31,-40(x15)	 x15:0x800089ae x31=0xfffff416 PA:0x80008986
        9235000	       922	80001b64	fe378023	sb	x3,-32(x15)	 x15:0x800089ae  x3:0xffffed09 PA:0x8000898e
        9245000	       923	80001b68	1b4eac13	slti	x24,x29,436	 x29:0x00000035 x24=0x00000001
        9255000	       924	80001b6c	00b78283	lb	x5,11(x15)	 x15:0x800089ae  x5=0xffffffb8 PA:0x800089b9
        9265000	       925	00000000	00000013	addi	x0,x0,0	  x0:0x00000000
        9275000	       926	80001b70	fe57cc03	lbu	x24,-27(x15)	 x15:0x800089ae x24=0x00000000 PA:0x80008993
        9285000	       927	80001b74	fc87dc03	lhu	x24,-56(x15)	 x15:0x800089ae x24=0x00006c02 PA:0x80008976
        9295000	       928	80001b78	007b74b3	and	x9,x22,x7	 x22:0x00000000  x7:0x80008311  x9=0x00000000
        9305000	       929	80001b7c	fd87d883	lhu	x17,-40(x15)	 x15:0x800089ae x17=0x0000f416 PA:0x80008986
        9315000	       930	80001b80	00007797	auipc	x15,0x7	 x15=0x80008b7c
        9325000	       931	80001b84	ca278793	addi	x15,x15,-862	 x15:0x80008b7c x15=0x8000881e
        9335000	       932	80001b88	0e67a183	lw	x3,230(x15)	 x15:0x8000881e  x3=0x24da666b PA:0x80008904
        9345000	       933	80001b8c	0ff79323	sh	x31,230(x15)	 x15:0x8000881e x31:0xfffff416 PA:0x80008904
        9355000	       934	80001b90	0e679203	lh	x4,230(x15)	 x15:0x8000881e  x4=0xfffff416 PA:0x80008904
        9365000	       935	80001b94	0e67c183	lbu	x3,230(x15)	 x15:0x8000881e  x3=0x00000016 PA:0x80008904
        9375000	       936	00000000	00000013	addi	x0,x0,0	  x0:0x00000000
        9385000	       937	80001b98	9830e393	ori	x7,x1,-1661	  x1:0xffffcd00  x7=0xfffffd83
        9395000	       938	80001b9c	0e67a983	lw	x19,230(x15)	 x15:0x8000881e x19=0x24daf416 PA:0x80008904
        9405000	       939	80001ba0	0ec78323	sb	x12,230(x15)	 x15:0x8000881e x12:0xffffd900 PA:0x80008904
        9415000	       940	80001ba4	0e67ce83	lbu	x29,230(x15)	 x15:0x8000881e x29=0x00000000 PA:0x80008904
        9425000	       941	80001ba8	0e67a983	lw	x19,230(x15)	 x15:0x8000881e x19=0x24daf400 PA:0x80008904
        9435000	       942	80001bac	0e67ae03	lw	x28,230(x15)	 x15:0x8000881e x28=0x24daf400 PA:0x80008904
        9445000	       943	80001bb0	0e678283	lb	x5,230(x15)	 x15:0x8000881e  x5=0x00000000 PA:0x80008904
        9455000	       944	80001bb4	01a40fb3	add	x31,x8,x26	  x8:0xfffffe90 x26:0x00000050 x31=0xfffffee0
        9465000	       945	80001bb8	0e679303	lh	x6,230(x15)	 x15:0x8000881e  x6=0xfffff400 PA:0x80008904
        9475000	       946	80001bbc	0917c583	lbu	x11,145(x15)	 x15:0x8000881e x11=0x00000080 PA:0x800088af
        9485000	       947	80001bc0	087788a3	sb	x7,145(x15)	 x15:0x8000881e  x7:0xfffffd83 PA:0x800088af
        9495000	       948	80001bc4	41715513	srai	x10,x2,0x17	  x2:0x80009fc4 x10=0xffffff00
        9505000	       949	80001bc8	0917c883	lbu	x17,145(x15)	 x15:0x8000881e x17=0x00000083 PA:0x800088af
        9515000	       950	00000000	00000013	addi	x0,x0,0	  x0:0x00000000
        9525000	       951	80001bcc	09178003	lb	x0,145(x15)	 x15:0x8000881e PA:0x800088af
        9535000	       952	80001bd0	0917c603	lbu	x12,145(x15)	 x15:0x8000881e x12=0x00000083 PA:0x800088af
        9545000	       953	00000000	00000013	addi	x0,x0,0	  x0:0x00000000
        9555000	       954	80001bd4	02066663	bltu	x12,x0,80001c00	 x12:0x00000083  x0:0x00000000
        9565000	       955	80001bd8	00810c33	add	x24,x2,x8	  x2:0x80009fc4  x8:0xfffffe90 x24=0x80009e54
        9575000	       956	80001bdc	740f0713	addi	x14,x30,1856	 x30:0x80009f5c x14=0x8000a69c
        9585000	       957	80001be0	01a20863	beq	x4,x26,80001bf0	  x4:0xfffff416 x26:0x00000050
        9595000	       958	80001be4	03f60c63	beq	x12,x31,80001c1c	 x12:0x00000083 x31:0xfffffee0
        9605000	       959	80001be8	00fed813	srli	x16,x29,0xf	 x29:0x00000000 x16=0x00000000
        9615000	       960	80001bec	85f3ed13	ori	x26,x7,-1953	  x7:0xfffffd83 x26=0xfffffddf
        9625000	       961	80001bf0	016ebeb3	sltu	x29,x29,x22	 x29:0x00000000 x22:0x00000000 x29=0x00000000
        9635000	       962	80001bf4	037ffa63	bgeu	x31,x23,80001c28	 x31:0xfffffee0 x23:0x00000035
        9645000	       963	00000000	00000013	addi	x0,x0,0	  x0:0x00000000
        9655000	       964	80001c24	00000013	addi	x0,x0,0	  x0:0x00000000
        9665000	       965	80001c28	008c10b3	sll	x1,x24,x8	 x24:0x80009e54  x8:0xfffffe90  x1=0x9e540000
        9675000	       966	80001c2c	00397263	bgeu	x18,x3,80001c30	 x18:0xffffad09  x3:0x00000016
        9685000	       967	00000000	00000013	addi	x0,x0,0	  x0:0x00000000
        9695000	       968	80001c2c	00000013	addi	x0,x0,0	  x0:0x00000000
        9705000	       969	80001c30	47aa8693	addi	x13,x21,1146	 x21:0x000000c1 x13=0x0000053b
        9715000	       970	80001c34	05825463	bge	x4,x24,80001c7c	  x4:0xfffff416 x24:0x80009e54
        9725000	       971	00000000	00000013	addi	x0,x0,0	  x0:0x00000000
        9735000	       972	80001c78	00000013	addi	x0,x0,0	  x0:0x00000000
        9745000	       973	80001c7c	059b1463	bne	x22,x25,80001cc4	 x22:0x00000000 x25:0x000082c9
        9755000	       974	00000000	00000013	addi	x0,x0,0	  x0:0x00000000
        9765000	       975	80001cc0	00000013	addi	x0,x0,0	  x0:0x00000000
        9775000	       976	80001cc4	5fa759b7	lui	x19,0x5fa75	 x19=0x5fa75000
        9785000	       977	80001cc8	006f5263	bge	x30,x6,80001ccc	 x30:0x80009f5c  x6:0xfffff400
        9795000	       978	80001ccc	0064feb3	and	x29,x9,x6	  x9:0x00000000  x6:0xfffff400 x29=0x00000000
        9805000	       979	80001cd0	40e8d5b3	sra	x11,x17,x14	 x17:0x00000083 x14:0x8000a69c x11=0x00000000
        9815000	       980	80001cd4	009984b3	add	x9,x19,x9	 x19:0x5fa75000  x9:0x00000000  x9=0x5fa75000
        9825000	       981	80001cd8	04379663	bne	x15,x3,80001d24	 x15:0x8000881e  x3:0x00000016
        9835000	       982	00000000	00000013	addi	x0,x0,0	  x0:0x00000000
        9845000	       983	80001d20	00000013	addi	x0,x0,0	  x0:0x00000000
        9855000	       984	80001d24	02058a63	beq	x11,x0,80001d58	 x11:0x00000000  x0:0x00000000
        9865000	       985	00000000	00000013	addi	x0,x0,0	  x0:0x00000000
        9875000	       986	80001d54	00000013	addi	x0,x0,0	  x0:0x00000000
        9885000	       987	80001d58	01585bb3	srl	x23,x16,x21	 x16:0x00000000 x21:0x000000c1 x23=0x00000000
        9895000	       988	80001d5c	007f7733	and	x14,x30,x7	 x30:0x80009f5c  x7:0xfffffd83 x14=0x80009d00
        9905000	       989	80001d60	0585f063	bgeu	x11,x24,80001da0	 x11:0x00000000 x24:0x80009e54
        9915000	       990	80001d64	c1ff7c93	andi	x25,x30,-993	 x30:0x80009f5c x25=0x80009c1c
        9925000	       991	80001d68	02496663	bltu	x18,x4,80001d94	 x18:0xffffad09  x4:0xfffff416
        9935000	       992	00000000	00000013	addi	x0,x0,0	  x0:0x00000000
        9945000	       993	80001d90	00000013	addi	x0,x0,0	  x0:0x00000000
        9955000	       994	80001d94	00750bb3	add	x23,x10,x7	 x10:0xffffff00  x7:0xfffffd83 x23=0xfffffc83
        9965000	       995	80001d98	0093f8b3	and	x17,x7,x9	  x7:0xfffffd83  x9:0x5fa75000 x17=0x5fa75000
        9975000	       996	80001d9c	034e9a63	bne	x29,x20,80001dd0	 x29:0x00000000 x20:0x00000000
        9985000	       997	80001da0	00a35813	srli	x16,x6,0xa	  x6:0xfffff400 x16=0x003ffffd
        9995000	       998	80001da4	403ed893	srai	x17,x29,0x3	 x29:0x00000000 x17=0x00000000
       10005000	       999	80001da8	451c8a93	addi	x21,x25,1105	 x25:0x80009c1c x21=0x8000a06d
       10015000	      1000	80001dac	4117d6b3	sra	x13,x15,x17	 x15:0x8000881e x17:0x00000000 x13=0x8000881e
       10025000	      1001	80001db0	01df9013	slli	x0,x31,0x1d	 x31:0xfffffee0
       10035000	      1002	80001db4	41dbd733	sra	x14,x23,x29	 x23:0xfffffc83 x29:0x00000000 x14=0xfffffc83
       10045000	      1003	80001db8	ba63a6b7	lui	x13,0xba63a	 x13=0xba63a000
       10055000	      1004	80001dbc	c736fe93	andi	x29,x13,-909	 x13:0xba63a000 x29=0xba63a000
       10065000	      1005	80001dc0	10c23813	sltiu	x16,x4,268	  x4:0xfffff416 x16=0x00000000
       10075000	      1006	80001dc4	0253ec63	bltu	x7,x5,80001dfc	  x7:0xfffffd83  x5:0x00000000
       10085000	      1007	80001dc8	1c437597	auipc	x11,0x1c437	 x11=0x9c438dc4
       10095000	      1008	80001dcc	07edb093	sltiu	x1,x27,126	 x27:0x0000006e  x1=0x00000001
       10105000	      1009	80001dd0	00000013	addi	x0,x0,0	  x0:0x00000000
       10115000	      1010	80001dd4	fc67ea93	ori	x21,x15,-58	 x15:0x8000881e x21=0xffffffde
       10125000	      1011	80001dd8	40ff0533	sub	x10,x30,x15	 x30:0x80009f5c x15:0x8000881e x10=0x0000173e
       10135000	      1012	80001ddc	c1ff2213	slti	x4,x30,-993	 x30:0x80009f5c  x4=0x00000001
       10145000	      1013	80001de0	e9ce2d13	slti	x26,x28,-356	 x28:0x24daf400 x26=0x00000000
       10155000	      1014	80001de4	012bd693	srli	x13,x23,0x12	 x23:0xfffffc83 x13=0x00003fff
       10165000	      1015	80001de8	0e256d97	auipc	x27,0xe256	 x27=0x8e257de4
       10175000	      1016	80001dec	6a64d497	auipc	x9,0x6a64d	  x9=0xea64ede8
       10185000	      1017	80001df0	01dfc663	blt	x31,x29,80001dfc	 x31:0xfffffee0 x29:0xba63a000
       10195000	      1018	80001df4	347f2097	auipc	x1,0x347f2	  x1=0xb47f3df0
       10205000	      1019	80001df8	a51c22b7	lui	x5,0xa51c2	  x5=0xa51c2000
       10215000	      1020	80001dfc	41080d33	sub	x26,x16,x16	 x16:0x00000000 x16:0x00000000 x26=0x00000000
       10225000	      1021	80001e00	00cdd833	srl	x16,x27,x12	 x27:0x8e257de4 x12:0x00000083 x16=0x11c4afbc
       10235000	      1022	80001e04	5a983693	sltiu	x13,x16,1449	 x16:0x11c4afbc x13=0x00000000
       10245000	      1023	80001e08	01320a33	add	x20,x4,x19	  x4:0x00000001 x19:0x5fa75000 x20=0x5fa75001
       10255000	      1024	80001e0c	4c2f7d13	andi	x26,x30,1218	 x30:0x80009f5c x26=0x00000440
       10265000	      1025	80001e10	dfc9a593	slti	x11,x19,-516	 x19:0x5fa75000 x11=0x00000000
       10275000	      1026	80001e14	01197c63	bgeu	x18,x17,80001e2c	 x18:0xffffad09 x17:0x00000000
       10285000	      1027	00000000	00000013	addi	x0,x0,0	  x0:0x00000000
       10295000	      1028	80001e28	00000013	addi	x0,x0,0	  x0:0x00000000
       10305000	      1029	80001e2c	e6174d37	lui	x26,0xe6174	 x26=0xe6174000
       10315000	      1030	80001e30	004f2483	lw	x9,4(x30)	 x30:0x80009f5c  x9=0x80000dd8 PA:0x80009f60
       10325000	      1031	80001e34	01981a33	sll	x20,x16,x25	 x16:0x11c4afbc x25:0x80009c1c x20=0xc0000000
       10335000	      1032	80001e38	028f0f13	addi	x30,x30,40	 x30:0x80009f5c x30=0x80009f84
       10345000	      1033	80001e3c	0069cfb3	xor	x31,x19,x6	 x19:0x5fa75000  x6:0xfffff400 x31=0xa058a400
       10355000	      1034	80001e40	01bcc933	xor	x18,x25,x27	 x25:0x80009c1c x27:0x8e257de4 x18=0x0e25e1f8
       10365000	      1035	80001e44	27cebb93	sltiu	x23,x29,636	 x29:0xba63a000 x23=0x00000000
       10375000	      1036	80001e48	4054d593	srai	x11,x9,0x5	  x9:0x80000dd8 x11=0xfc00006e
       10385000	      1037	80001e4c	00c01e33	sll	x28,x0,x12	  x0:0x00000000 x12:0x00000083 x28=0x00000000
       10395000	      1038	80001e50	f2010a13	addi	x20,x2,-224	  x2:0x80009fc4 x20=0x80009ee4
       10405000	      1039	80001e54	00148e93	addi	x29,x9,1	  x9:0x80000dd8 x29=0x80000dd9
       10415000	      1040	80001e58	000e8ee7	jalr	x29,x29,0	 x29:0x80000dd9 x29=0x80001e58
       10425000	      1041	00000000	00000013	addi	x0,x0,0	  x0:0x00000000
       10435000	      1042	80000dd8	00000013	addi	x0,x0,0	  x0:0x00000000
       10445000	      1043	80000ddc	00f8f663	bgeu	x17,x15,80000de8	 x17:0x00000000 x15:0x8000881e
       10455000	      1044	80000de0	038a9263	bne	x21,x24,80000e04	 x21:0xffffffde x24:0x80009e54
       10465000	      1045	00000000	00000013	addi	x0,x0,0	  x0:0x00000000
       10475000	      1046	80000e00	00000013	addi	x0,x0,0	  x0:0x00000000
       10485000	      1047	80000e04	05acd263	bge	x25,x26,80000e48	 x25:0x80009c1c x26:0xe6174000
       10495000	      1048	80000e08	01801193	slli	x3,x0,0x18	  x0:0x00000000  x3=0x00000000
       10505000	      1049	80000e0c	012309b3	add	x19,x6,x18	  x6:0xfffff400 x18:0x0e25e1f8 x19=0x0e25d5f8
       10515000	      1050	80000e10	033c7897	auipc	x17,0x33c7	 x17=0x833c7e0c
       10525000	      1051	80000e14	9f80f513	andi	x10,x1,-1544	  x1:0xb47f3df0 x10=0xb47f39f0
       10535000	      1052	80000e18	406d03b3	sub	x7,x26,x6	 x26:0xe6174000  x6:0xfffff400  x7=0xe6174c00
       10545000	      1053	80000e1c	af236a13	ori	x20,x6,-1294	  x6:0xfffff400 x20=0xfffffef2
       10555000	      1054	80000e20	0491c063	blt	x3,x9,80000e60	  x3:0x00000000  x9:0x80000dd8
       10565000	      1055	80000e24	01043333	sltu	x6,x8,x16	  x8:0xfffffe90 x16:0x11c4afbc  x6=0x00000000
       10575000	      1056	80000e28	03200a63	beq	x0,x18,80000e5c	  x0:0x00000000 x18:0x0e25e1f8
       10585000	      1057	80000e2c	41195733	sra	x14,x18,x17	 x18:0x0e25e1f8 x17:0x833c7e0c x14=0x0000e25e
       10595000	      1058	80000e30	01e637b3	sltu	x15,x12,x30	 x12:0x00000083 x30:0x80009f84 x15=0x00000001
       10605000	      1059	80000e34	01817333	and	x6,x2,x24	  x2:0x80009fc4 x24:0x80009e54  x6=0x80009e44
       10615000	      1060	80000e38	033df463	bgeu	x27,x19,80000e60	 x27:0x8e257de4 x19:0x0e25d5f8
       10625000	      1061	00000000	00000013	addi	x0,x0,0	  x0:0x00000000
       10635000	      1062	80000e5c	00000013	addi	x0,x0,0	  x0:0x00000000
       10645000	      1063	80000e60	30bbf0b7	lui	x1,0x30bbf	  x1=0x30bbf000
       10655000	      1064	80000e64	07bc5863	bge	x24,x27,80000ed4	 x24:0x80009e54 x27:0x8e257de4
       10665000	      1065	80000e68	2b508393	addi	x7,x1,693	  x1:0x30bbf000  x7=0x30bbf2b5
       10675000	      1066	80000e6c	013eafb3	slt	x31,x29,x19	 x29:0x80001e58 x19:0x0e25d5f8 x31=0x00000001
       10685000	      1067	80000e70	00008497	auipc	x9,0x8	  x9=0x80008e6c
       10695000	      1068	80000e74	86448493	addi	x9,x9,-1948	  x9:0x80008e6c  x9=0x800086d0
       10705000	      1069	80000e78	00007e97	auipc	x29,0x7	 x29=0x80007e74
       10715000	      1070	80000e7c	2e9e8e93	addi	x29,x29,745	 x29:0x80007e74 x29=0x8000815d
       10725000	      1071	80000e80	fe248a23	sb	x2,-12(x9)	  x9:0x800086d0  x2:0x80009fc4 PA:0x800086c4
       10735000	      1072	80000e84	fd2e90a3	sh	x18,-63(x29)	 x29:0x8000815d x18:0x0e25e1f8 PA:0x8000811e
       10745000	      1073	80000e88	001483a3	sb	x1,7(x9)	  x9:0x800086d0  x1:0x30bbf000 PA:0x800086d7
       10755000	      1074	80000e8c	013e8783	lb	x15,19(x29)	 x29:0x8000815d x15=0x00000075 PA:0x80008170
       10765000	      1075	80000e90	01fec903	lbu	x18,31(x29)	 x29:0x8000815d x18=0x0000005d PA:0x8000817c
       10775000	      1076	80000e94	0054cd83	lbu	x27,5(x9)	  x9:0x800086d0 x27=0x00000028 PA:0x800086d5
       10785000	      1077	80000e98	ff649923	sh	x22,-14(x9)	  x9:0x800086d0 x22:0x00000000 PA:0x800086c2
       10795000	      1078	80000e9c	fe348ca3	sb	x3,-7(x9)	  x9:0x800086d0  x3:0x00000000 PA:0x800086c9
       10805000	      1079	80000ea0	0fae92a3	sh	x26,229(x29)	 x29:0x8000815d x26:0xe6174000 PA:0x80008242
       10815000	      1080	80000ea4	0c6eca03	lbu	x20,198(x29)	 x29:0x8000815d x20=0x00000036 PA:0x80008223
       10825000	      1081	80000ea8	0074c203	lbu	x4,7(x9)	  x9:0x800086d0  x4=0x00000000 PA:0x800086d7
       10835000	      1082	80000eac	ff84a383	lw	x7,-8(x9)	  x9:0x800086d0  x7=0xd3cd0094 PA:0x800086c8
       10845000	      1083	80000eb0	037c6063	bltu	x24,x23,80000ed0	 x24:0x80009e54 x23:0x00000000
       10855000	      1084	80000eb4	003f8533	add	x10,x31,x3	 x31:0x00000001  x3:0x00000000 x10=0x00000001
       10865000	      1085	80000eb8	4112de93	srai	x29,x5,0x11	  x5:0xa51c2000 x29=0xffffd28e
       10875000	      1086	80000ebc	0407d463	bge	x15,x0,80000f04	 x15:0x00000075  x0:0x00000000
       10885000	      1087	00000000	00000013	addi	x0,x0,0	  x0:0x00000000
       10895000	      1088	80000f00	00000013	addi	x0,x0,0	  x0:0x00000000
       10905000	      1089	80000f04	01064533	xor	x10,x12,x16	 x12:0x00000083 x16:0x11c4afbc x10=0x11c4af3f
       10915000	      1090	80000f08	f3984613	xori	x12,x16,-199	 x16:0x11c4afbc x12=0xee3b5085
       10925000	      1091	80000f0c	00dc0293	addi	x5,x24,13	 x24:0x80009e54  x5=0x80009e61
       10935000	      1092	80000f10	faacee93	ori	x29,x25,-86	 x25:0x80009c1c x29=0xffffffbe
       10945000	      1093	80000f14	d00df813	andi	x16,x27,-768	 x27:0x00000028 x16=0x00000000
       10955000	      1094	80000f18	b8d57693	andi	x13,x10,-1139	 x10:0x11c4af3f x13=0x11c4ab0d
       10965000	      1095	80000f1c	00049e13	slli	x28,x9,0x0	  x9:0x800086d0 x28=0x800086d0
       10975000	      1096	80000f20	00331a93	slli	x21,x6,0x3	  x6:0x80009e44 x21=0x0004f220
       10985000	      1097	80000f24	772441b7	lui	x3,0x77244	  x3=0x77244000
       10995000	      1098	80000f28	f2ba0093	addi	x1,x20,-213	 x20:0x00000036  x1=0xffffff61
       11005000	      1099	80000f2c	033c8663	beq	x25,x19,80000f58	 x25:0x80009c1c x19:0x0e25d5f8
       11015000	      1100	80000f30	00000013	addi	x0,x0,0	  x0:0x00000000
       11025000	      1101	80000f34	f0737313	andi	x6,x6,-249	  x6:0x80009e44  x6=0x80009e04
       11035000	      1102	80000f38	02b15463	bge	x2,x11,80000f60	  x2:0x80009fc4 x11:0xfc00006e
       11045000	      1103	80000f3c	02f16a63	bltu	x2,x15,80000f70	  x2:0x80009fc4 x15:0x00000075
       11055000	      1104	80000f40	1f480713	addi	x14,x16,500	 x16:0x00000000 x14=0x000001f4
       11065000	      1105	80000f44	05d61263	bne	x12,x29,80000f88	 x12:0xee3b5085 x29:0xffffffbe
       11075000	      1106	00000000	00000013	addi	x0,x0,0	  x0:0x00000000
       11085000	      1107	80000f84	00000013	addi	x0,x0,0	  x0:0x00000000
       11095000	      1108	80000f88	fe7f4893	xori	x17,x30,-25	 x30:0x80009f84 x17=0x7fff6063
       11105000	      1109	80000f8c	00986cb3	or	x25,x16,x9	 x16:0x00000000  x9:0x800086d0 x25=0x800086d0
       11115000	      1110	80000f90	00235a13	srli	x20,x6,0x2	  x6:0x80009e04 x20=0x20002781
       11125000	      1111	80000f94	00b779b3	and	x19,x14,x11	 x14:0x000001f4 x11:0xfc00006e x19=0x00000064
       11135000	      1112	80000f98	ca690413	addi	x8,x18,-858	 x18:0x0000005d  x8=0xfffffd03
       11145000	      1113	80000f9c	00a587b3	add	x15,x11,x10	 x11:0xfc00006e x10:0x11c4af3f x15=0x0dc4afad
       11155000	      1114	80000fa0	271a8813	addi	x16,x21,625	 x21:0x0004f220 x16=0x0004f491
       11165000	      1115	80000fa4	417d84b3	sub	x9,x27,x23	 x27:0x00000028 x23:0x00000000  x9=0x00000028
       11175000	      1116	80000fa8	01080d33	add	x26,x16,x16	 x16:0x0004f491 x16:0x0004f491 x26=0x0009e922
       11185000	      1117	80000fac	020a1863	bne	x20,x0,80000fdc	 x20:0x20002781  x0:0x00000000
       11195000	      1118	00000000	00000013	addi	x0,x0,0	  x0:0x00000000
       11205000	      1119	80000fd8	00000013	addi	x0,x0,0	  x0:0x00000000
       11215000	      1120	80000fdc	01495c13	srli	x24,x18,0x14	 x18:0x0000005d x24=0x00000000
       11225000	      1121	80000fe0	00000013	addi	x0,x0,0	  x0:0x00000000
       11235000	      1122	80000fe4	f6c63a93	sltiu	x21,x12,-148	 x12:0xee3b5085 x21=0x00000001
       11245000	      1123	80000fe8	01eb9a13	slli	x20,x23,0x1e	 x23:0x00000000 x20=0x00000000
       11255000	      1124	80000fec	01afbab3	sltu	x21,x31,x26	 x31:0x00000001 x26:0x0009e922 x21=0x00000001
       11265000	      1125	80000ff0	036c8c63	beq	x25,x22,80001028	 x25:0x800086d0 x22:0x00000000
       11275000	      1126	80000ff4	0022e2b3	or	x5,x5,x2	  x5:0x80009e61  x2:0x80009fc4  x5=0x80009fe5
       11285000	      1127	80000ff8	2f47a917	auipc	x18,0x2f47a	 x18=0xaf47aff4
       11295000	      1128	80000ffc	00fa7733	and	x14,x20,x15	 x20:0x00000000 x15:0x0dc4afad x14=0x00000000
       11305000	      1129	80001000	00ab4033	xor	x0,x22,x10	 x22:0x00000000 x10:0x11c4af3f
       11315000	      1130	80001004	57bec793	xori	x15,x29,1403	 x29:0xffffffbe x15=0xfffffac5
       11325000	      1131	80001008	00000013	addi	x0,x0,0	  x0:0x00000000
       11335000	      1132	8000100c	e22df993	andi	x19,x27,-478	 x27:0x00000028 x19=0x00000020
       11345000	      1133	80001010	030e0663	beq	x28,x16,8000103c	 x28:0x800086d0 x16:0x0004f491
       11355000	      1134	80001014	05920663	beq	x4,x25,80001060	  x4:0x00000000 x25:0x800086d0
       11365000	      1135	80001018	b1ce0713	addi	x14,x28,-1252	 x28:0x800086d0 x14=0x800081ec
       11375000	      1136	8000101c	c35b6f93	ori	x31,x22,-971	 x22:0x00000000 x31=0xfffffc35
       11385000	      1137	80001020	41e9dfb3	sra	x31,x19,x30	 x19:0x00000020 x30:0x80009f84 x31=0x00000002
       11395000	      1138	80001024	0185d493	srli	x9,x11,0x18	 x11:0xfc00006e  x9=0x000000fc
       11405000	      1139	80001028	40a3d633	sra	x12,x7,x10	  x7:0xd3cd0094 x10:0x11c4af3f x12=0xffffffff
       11415000	      1140	8000102c	02851663	bne	x10,x8,80001058	 x10:0x11c4af3f  x8:0xfffffd03
       11425000	      1141	00000000	00000013	addi	x0,x0,0	  x0:0x00000000
       11435000	      1142	80001054	00000013	addi	x0,x0,0	  x0:0x00000000
       11445000	      1143	80001058	010b0cb3	add	x25,x22,x16	 x22:0x00000000 x16:0x0004f491 x25=0x0004f491
       11455000	      1144	8000105c	20d3c293	xori	x5,x7,525	  x7:0xd3cd0094  x5=0xd3cd0299
       11465000	      1145	80001060	00c65433	srl	x8,x12,x12	 x12:0xffffffff x12:0xffffffff  x8=0x00000001
       11475000	      1146	80001064	01128cb3	add	x25,x5,x17	  x5:0xd3cd0299 x17:0x7fff6063 x25=0x53cc62fc
       11485000	      1147	80001068	4149e013	ori	x0,x19,1044	 x19:0x00000020
       11495000	      1148	8000106c	7a79cb93	xori	x23,x19,1959	 x19:0x00000020 x23=0x00000787
       11505000	      1149	80001070	01b01863	bne	x0,x27,80001080	  x0:0x00000000 x27:0x00000028
       11515000	      1150	00000000	00000013	addi	x0,x0,0	  x0:0x00000000
       11525000	      1151	8000107c	00000013	addi	x0,x0,0	  x0:0x00000000
       11535000	      1152	80001080	019894b3	sll	x9,x17,x25	 x17:0x7fff6063 x25:0x53cc62fc  x9=0x30000000
       11545000	      1153	80001084	02e48a63	beq	x9,x14,800010b8	  x9:0x30000000 x14:0x800081ec
       11555000	      1154	80001088	9dfeed13	ori	x26,x29,-1569	 x29:0xffffffbe x26=0xffffffff
       11565000	      1155	8000108c	a5ff6c17	auipc	x24,0xa5ff6	 x24=0x25ff7088
       11575000	      1156	80001090	00000013	addi	x0,x0,0	  x0:0x00000000
       11585000	      1157	80001094	01319b93	slli	x23,x3,0x13	  x3:0x77244000 x23=0x00000000
       11595000	      1158	80001098	012bd193	srli	x3,x23,0x12	 x23:0x00000000  x3=0x00000000
       11605000	      1159	8000109c	015c5fb3	srl	x31,x24,x21	 x24:0x25ff7088 x21:0x00000001 x31=0x12ffb844
       11615000	      1160	800010a0	a7c5ed13	ori	x26,x11,-1412	 x11:0xfc00006e x26=0xfffffa7e
       11625000	      1161	800010a4	01871d33	sll	x26,x14,x24	 x14:0x800081ec x24:0x25ff7088 x26=0x0081ec00
       11635000	      1162	800010a8	02d89663	bne	x17,x13,800010d4	 x17:0x7fff6063 x13:0x11c4ab0d
       11645000	      1163	00000000	00000013	addi	x0,x0,0	  x0:0x00000000
       11655000	      1164	800010d0	00000013	addi	x0,x0,0	  x0:0x00000000
       11665000	      1165	800010d4	8c1ea193	slti	x3,x29,-1855	 x29:0xffffffbe  x3=0x00000000
       11675000	      1166	800010d8	01d4fc33	and	x24,x9,x29	  x9:0x30000000 x29:0xffffffbe x24=0x30000000
       11685000	      1167	800010dc	03b1e263	bltu	x3,x27,80001100	  x3:0x00000000 x27:0x00000028
       11695000	      1168	00000000	00000013	addi	x0,x0,0	  x0:0x00000000
       11705000	      1169	800010fc	00000013	addi	x0,x0,0	  x0:0x00000000
       11715000	      1170	80001100	aabced13	ori	x26,x25,-1365	 x25:0x53cc62fc x26=0xfffffaff
       11725000	      1171	80001104	0347e463	bltu	x15,x20,8000112c	 x15:0xfffffac5 x20:0x00000000
       11735000	      1172	80001108	81282e37	lui	x28,0x81282	 x28=0x81282000
       11745000	      1173	8000110c	a1bc2e13	slti	x28,x24,-1509	 x24:0x30000000 x28=0x00000000
       11755000	      1174	80001110	04381263	bne	x16,x3,80001154	 x16:0x0004f491  x3:0x00000000
       11765000	      1175	00000000	00000013	addi	x0,x0,0	  x0:0x00000000
       11775000	      1176	80001150	00000013	addi	x0,x0,0	  x0:0x00000000
       11785000	      1177	80001154	02f61a63	bne	x12,x15,80001188	 x12:0xffffffff x15:0xfffffac5
       11795000	      1178	00000000	00000013	addi	x0,x0,0	  x0:0x00000000
       11805000	      1179	80001184	00000013	addi	x0,x0,0	  x0:0x00000000
       11815000	      1180	80001188	413b6f93	ori	x31,x22,1043	 x22:0x00000000 x31=0x00000413
       11825000	      1181	8000118c	016d94b3	sll	x9,x27,x22	 x27:0x00000028 x22:0x00000000  x9=0x00000028
       11835000	      1182	80001190	c2ee3797	auipc	x15,0xc2ee3	 x15=0x42ee418c
       11845000	      1183	80001194	017a4463	blt	x20,x23,8000119c	 x20:0x00000000 x23:0x00000000
       11855000	      1184	80001198	ad24c713	xori	x14,x9,-1326	  x9:0x00000028 x14=0xfffffafa
       11865000	      1185	8000119c	01fbbd33	sltu	x26,x23,x31	 x23:0x00000000 x31:0x00000413 x26=0x00000001
       11875000	      1186	800011a0	00000013	addi	x0,x0,0	  x0:0x00000000
       11885000	      1187	800011a4	5c208f93	addi	x31,x1,1474	  x1:0xffffff61 x31=0x00000523
       11895000	      1188	800011a8	0003bcb3	sltu	x25,x7,x0	  x7:0xd3cd0094  x0:0x00000000 x25=0x00000000
       11905000	      1189	800011ac	01f5c863	blt	x11,x31,800011bc	 x11:0xfc00006e x31:0x00000523
       11915000	      1190	00000000	00000013	addi	x0,x0,0	  x0:0x00000000
       11925000	      1191	800011b8	00000013	addi	x0,x0,0	  x0:0x00000000
       11935000	      1192	800011bc	02fe8663	beq	x29,x15,800011e8	 x29:0xffffffbe x15:0x42ee418c
       11945000	      1193	800011c0	32e3a193	slti	x3,x7,814	  x7:0xd3cd0094  x3=0x00000001
       11955000	      1194	800011c4	0070cc63	blt	x1,x7,800011dc	  x1:0xffffff61  x7:0xd3cd0094
       11965000	      1195	800011c8	c5ee3713	sltiu	x14,x28,-930	 x28:0x00000000 x14=0x00000001
       11975000	      1196	800011cc	7d567393	andi	x7,x12,2005	 x12:0xffffffff  x7=0x000007d5
       11985000	      1197	800011d0	03705863	bge	x0,x23,80001200	  x0:0x00000000 x23:0x00000000
       11995000	      1198	00000000	00000013	addi	x0,x0,0	  x0:0x00000000
       12005000	      1199	800011fc	00000013	addi	x0,x0,0	  x0:0x00000000
       12015000	      1200	80001200	410c55b3	sra	x11,x24,x16	 x24:0x30000000 x16:0x0004f491 x11=0x00001800
       12025000	      1201	80001204	40228ab3	sub	x21,x5,x2	  x5:0xd3cd0299  x2:0x80009fc4 x21=0x53cc62d5
       12035000	      1202	80001208	b97aed37	lui	x26,0xb97ae	 x26=0xb97ae000
       12045000	      1203	8000120c	02d00a63	beq	x0,x13,80001240	  x0:0x00000000 x13:0x11c4ab0d
       12055000	      1204	80001210	00856cb3	or	x25,x10,x8	 x10:0x11c4af3f  x8:0x00000001 x25=0x11c4af3f
       12065000	      1205	80001214	00195993	srli	x19,x18,0x1	 x18:0xaf47aff4 x19=0x57a3d7fa
       12075000	      1206	80001218	00644033	xor	x0,x8,x6	  x8:0x00000001  x6:0x80009e04
       12085000	      1207	8000121c	00bf1d13	slli	x26,x30,0xb	 x30:0x80009f84 x26=0x04fc2000
       12095000	      1208	80001220	0310d863	bge	x1,x17,80001250	  x1:0xffffff61 x17:0x7fff6063
       12105000	      1209	80001224	0068b5b3	sltu	x11,x17,x6	 x17:0x7fff6063  x6:0x80009e04 x11=0x00000001
       12115000	      1210	80001228	014fa233	slt	x4,x31,x20	 x31:0x00000523 x20:0x00000000  x4=0x00000000
       12125000	      1211	8000122c	2d7c4097	auipc	x1,0x2d7c4	  x1=0xad7c5228
       12135000	      1212	80001230	00000013	addi	x0,x0,0	  x0:0x00000000
       12145000	      1213	80001234	00e15f93	srli	x31,x2,0xe	  x2:0x80009fc4 x31=0x00020002
       12155000	      1214	80001238	016fda13	srli	x20,x31,0x16	 x31:0x00020002 x20=0x00000000
       12165000	      1215	8000123c	03638663	beq	x7,x22,80001268	  x7:0x000007d5 x22:0x00000000
       12175000	      1216	80001240	3d5a0813	addi	x16,x20,981	 x20:0x00000000 x16=0x000003d5
       12185000	      1217	80001244	016c1813	slli	x16,x24,0x16	 x24:0x30000000 x16=0x00000000
       12195000	      1218	80001248	01c1b8b3	sltu	x17,x3,x28	  x3:0x00000001 x28:0x00000000 x17=0x00000000
       12205000	      1219	8000124c	01031663	bne	x6,x16,80001258	  x6:0x80009e04 x16:0x00000000
       12215000	      1220	00000000	00000013	addi	x0,x0,0	  x0:0x00000000
       12225000	      1221	80001254	00000013	addi	x0,x0,0	  x0:0x00000000
       12235000	      1222	80001258	011dd213	srli	x4,x27,0x11	 x27:0x00000028  x4=0x00000000
       12245000	      1223	8000125c	00c40db3	add	x27,x8,x12	  x8:0x00000001 x12:0xffffffff x27=0x00000000
       12255000	      1224	80001260	02757263	bgeu	x10,x7,80001284	 x10:0x11c4af3f  x7:0x000007d5
       12265000	      1225	00000000	00000013	addi	x0,x0,0	  x0:0x00000000
       12275000	      1226	80001280	00000013	addi	x0,x0,0	  x0:0x00000000
       12285000	      1227	80001284	0163ceb3	xor	x29,x7,x22	  x7:0x000007d5 x22:0x00000000 x29=0x000007d5
       12295000	      1228	80001288	034f8263	beq	x31,x20,800012ac	 x31:0x00020002 x20:0x00000000
       12305000	      1229	8000128c	404f8033	sub	x0,x31,x4	 x31:0x00020002  x4:0x00000000
       12315000	      1230	80001290	02dc0463	beq	x24,x13,800012b8	 x24:0x30000000 x13:0x11c4ab0d
       12325000	      1231	80001294	01753d33	sltu	x26,x10,x23	 x10:0x11c4af3f x23:0x00000000 x26=0x00000000
       12335000	      1232	80001298	51196313	ori	x6,x18,1297	 x18:0xaf47aff4  x6=0xaf47aff5
       12345000	      1233	8000129c	da436c13	ori	x24,x6,-604	  x6:0xaf47aff5 x24=0xfffffff5
       12355000	      1234	800012a0	abaaf413	andi	x8,x21,-1350	 x21:0x53cc62d5  x8=0x53cc6290
       12365000	      1235	800012a4	adb5b813	sltiu	x16,x11,-1317	 x11:0x00000001 x16=0x00000001
       12375000	      1236	800012a8	408ed4b3	sra	x9,x29,x8	 x29:0x000007d5  x8:0x53cc6290  x9=0x00000000
       12385000	      1237	800012ac	005e9933	sll	x18,x29,x5	 x29:0x000007d5  x5:0xd3cd0299 x18=0xaa000000
       12395000	      1238	800012b0	03118863	beq	x3,x17,800012e0	  x3:0x00000001 x17:0x00000000
       12405000	      1239	800012b4	03684663	blt	x16,x22,800012e0	 x16:0x00000001 x22:0x00000000
       12415000	      1240	800012b8	00779eb3	sll	x29,x15,x7	 x15:0x42ee418c  x7:0x000007d5 x29=0x31800000
       12425000	      1241	800012bc	01a2d613	srli	x12,x5,0x1a	  x5:0xd3cd0299 x12=0x00000034
       12435000	      1242	800012c0	20099097	auipc	x1,0x20099	  x1=0xa009a2bc
       12445000	      1243	800012c4	4198d933	sra	x18,x17,x25	 x17:0x00000000 x25:0x11c4af3f x18=0x00000000
       12455000	      1244	800012c8	00739e33	sll	x28,x7,x7	  x7:0x000007d5  x7:0x000007d5 x28=0xfaa00000
       12465000	      1245	800012cc	c7290e93	addi	x29,x18,-910	 x18:0x00000000 x29=0xfffffc72
       12475000	      1246	800012d0	022aec63	bltu	x21,x2,80001308	 x21:0x53cc62d5  x2:0x80009fc4
       12485000	      1247	00000000	00000013	addi	x0,x0,0	  x0:0x00000000
       12495000	      1248	80001304	00000013	addi	x0,x0,0	  x0:0x00000000
       12505000	      1249	80001308	031fd463	bge	x31,x17,80001330	 x31:0x00020002 x17:0x00000000
       12515000	      1250	00000000	00000013	addi	x0,x0,0	  x0:0x00000000
       12525000	      1251	8000132c	00000013	addi	x0,x0,0	  x0:0x00000000
       12535000	      1252	80001330	03e67a63	bgeu	x12,x30,80001364	 x12:0x00000034 x30:0x80009f84
       12545000	      1253	80001334	02369263	bne	x13,x3,80001358	 x13:0x11c4ab0d  x3:0x00000001
       12555000	      1254	00000000	00000013	addi	x0,x0,0	  x0:0x00000000
       12565000	      1255	80001354	00000013	addi	x0,x0,0	  x0:0x00000000
       12575000	      1256	80001358	0131d833	srl	x16,x3,x19	  x3:0x00000001 x19:0x57a3d7fa x16=0x00000000
       12585000	      1257	8000135c	00370693	addi	x13,x14,3	 x14:0x00000001 x13=0x00000004
       12595000	      1258	80001360	01e42c33	slt	x24,x8,x30	  x8:0x53cc6290 x30:0x80009f84 x24=0x00000000
       12605000	      1259	80001364	26ef7c97	auipc	x25,0x26ef7	 x25=0xa6ef8360
       12615000	      1260	80001368	00175413	srli	x8,x14,0x1	 x14:0x00000001  x8=0x00000000
       12625000	      1261	8000136c	8d3bbc93	sltiu	x25,x23,-1837	 x23:0x00000000 x25=0x00000001
       12635000	      1262	80001370	00000013	addi	x0,x0,0	  x0:0x00000000
       12645000	      1263	80001374	006ede93	srli	x29,x29,0x6	 x29:0xfffffc72 x29=0x03fffff1
       12655000	      1264	80001378	00f497b3	sll	x15,x9,x15	  x9:0x00000000 x15:0x42ee418c x15=0x00000000
       12665000	      1265	8000137c	03668c63	beq	x13,x22,800013b4	 x13:0x00000004 x22:0x00000000
       12675000	      1266	80001380	011d4233	xor	x4,x26,x17	 x26:0x00000000 x17:0x00000000  x4=0x00000000
       12685000	      1267	80001384	09ec3613	sltiu	x12,x24,158	 x24:0x00000000 x12=0x00000001
       12695000	      1268	80001388	43867a93	andi	x21,x12,1080	 x12:0x00000001 x21=0x00000000
       12705000	      1269	8000138c	02be5663	bge	x28,x11,800013b8	 x28:0xfaa00000 x11:0x00000001
       12715000	      1270	80001390	01729093	slli	x1,x5,0x17	  x5:0xd3cd0299  x1=0x4c800000
       12725000	      1271	80001394	018b6433	or	x8,x22,x24	 x22:0x00000000 x24:0x00000000  x8=0x00000000
       12735000	      1272	80001398	09d37337	lui	x6,0x9d37	  x6=0x09d37000
       12745000	      1273	8000139c	d652b293	sltiu	x5,x5,-667	  x5:0xd3cd0299  x5=0x00000001
       12755000	      1274	800013a0	01f62db3	slt	x27,x12,x31	 x12:0x00000001 x31:0x00020002 x27=0x00000001
       12765000	      1275	800013a4	401904b3	sub	x9,x18,x1	 x18:0x00000000  x1:0x4c800000  x9=0xb3800000
       12775000	      1276	800013a8	418850b3	sra	x1,x16,x24	 x16:0x00000000 x24:0x00000000  x1=0x00000000
       12785000	      1277	800013ac	00f72933	slt	x18,x14,x15	 x14:0x00000001 x15:0x00000000 x18=0x00000000
       12795000	      1278	800013b0	00737933	and	x18,x6,x7	  x6:0x09d37000  x7:0x000007d5 x18=0x00000000
       12805000	      1279	800013b4	010c5663	bge	x24,x16,800013c0	 x24:0x00000000 x16:0x00000000
       12815000	      1280	00000000	00000013	addi	x0,x0,0	  x0:0x00000000
       12825000	      1281	800013bc	00000013	addi	x0,x0,0	  x0:0x00000000
       12835000	      1282	800013c0	40f20ab3	sub	x21,x4,x15	  x4:0x00000000 x15:0x00000000 x21=0x00000000
       12845000	      1283	800013c4	0083d3b3	srl	x7,x7,x8	  x7:0x000007d5  x8:0x00000000  x7=0x000007d5
       12855000	      1284	800013c8	8c9d9337	lui	x6,0x8c9d9	  x6=0x8c9d9000
       12865000	      1285	800013cc	01b59263	bne	x11,x27,800013d0	 x11:0x00000001 x27:0x00000001
       12875000	      1286	800013d0	3e158493	addi	x9,x11,993	 x11:0x00000001  x9=0x000003e2
       12885000	      1287	800013d4	41ad0eb3	sub	x29,x26,x26	 x26:0x00000000 x26:0x00000000 x29=0x00000000
       12895000	      1288	800013d8	0027e863	bltu	x15,x2,800013e8	 x15:0x00000000  x2:0x80009fc4
       12905000	      1289	00000000	00000013	addi	x0,x0,0	  x0:0x00000000
       12915000	      1290	800013e4	00000013	addi	x0,x0,0	  x0:0x00000000
       12925000	      1291	800013e8	018ea733	slt	x14,x29,x24	 x29:0x00000000 x24:0x00000000 x14=0x00000000
       12935000	      1292	800013ec	00097433	and	x8,x18,x0	 x18:0x00000000  x0:0x00000000  x8=0x00000000
       12945000	      1293	800013f0	cd9fe413	ori	x8,x31,-807	 x31:0x00020002  x8=0xfffffcdb
       12955000	      1294	800013f4	417fd793	srai	x15,x31,0x17	 x31:0x00020002 x15=0x00000000
       12965000	      1295	800013f8	44ad3793	sltiu	x15,x26,1098	 x26:0x00000000 x15=0x00000001
       12975000	      1296	800013fc	94c4ae93	slti	x29,x9,-1716	  x9:0x000003e2 x29=0x00000000
       12985000	      1297	80001400	03969a63	bne	x13,x25,80001434	 x13:0x00000004 x25:0x00000001
       12995000	      1298	00000000	00000013	addi	x0,x0,0	  x0:0x00000000
       13005000	      1299	80001430	00000013	addi	x0,x0,0	  x0:0x00000000
       13015000	      1300	80001434	fdaca893	slti	x17,x25,-38	 x25:0x00000001 x17=0x00000000
       13025000	      1301	80001438	03c06663	bltu	x0,x28,80001464	  x0:0x00000000 x28:0xfaa00000
       13035000	      1302	00000000	00000013	addi	x0,x0,0	  x0:0x00000000
       13045000	      1303	80001460	00000013	addi	x0,x0,0	  x0:0x00000000
       13055000	      1304	80001464	03b84863	blt	x16,x27,80001494	 x16:0x00000000 x27:0x00000001
       13065000	      1305	00000000	00000013	addi	x0,x0,0	  x0:0x00000000
       13075000	      1306	80001490	00000013	addi	x0,x0,0	  x0:0x00000000
       13085000	      1307	80001494	0334d863	bge	x9,x19,800014c4	  x9:0x000003e2 x19:0x57a3d7fa
       13095000	      1308	80001498	002a9d33	sll	x26,x21,x2	 x21:0x00000000  x2:0x80009fc4 x26=0x00000000
       13105000	      1309	8000149c	0030fab3	and	x21,x1,x3	  x1:0x00000000  x3:0x00000001 x21=0x00000000
       13115000	      1310	800014a0	e9080a17	auipc	x20,0xe9080	 x20=0x6908149c
       13125000	      1311	800014a4	013eb3b3	sltu	x7,x29,x19	 x29:0x00000000 x19:0x57a3d7fa  x7=0x00000001
       13135000	      1312	800014a8	01aa9393	slli	x7,x21,0x1a	 x21:0x00000000  x7=0x00000000
       13145000	      1313	800014ac	0170f233	and	x4,x1,x23	  x1:0x00000000 x23:0x00000000  x4=0x00000000
       13155000	      1314	800014b0	d8b7a013	slti	x0,x15,-629	 x15:0x00000001
       13165000	      1315	800014b4	03b94863	blt	x18,x27,800014e4	 x18:0x00000000 x27:0x00000001
       13175000	      1316	00000000	00000013	addi	x0,x0,0	  x0:0x00000000
       13185000	      1317	800014e0	00000013	addi	x0,x0,0	  x0:0x00000000
       13195000	      1318	800014e4	00cc61b3	or	x3,x24,x12	 x24:0x00000000 x12:0x00000001  x3=0x00000001
       13205000	      1319	800014e8	c034fa93	andi	x21,x9,-1021	  x9:0x000003e2 x21=0x00000002
       13215000	      1320	800014ec	0155c6b3	xor	x13,x11,x21	 x11:0x00000001 x21:0x00000002 x13=0x00000003
       13225000	      1321	800014f0	040c6063	bltu	x24,x0,80001530	 x24:0x00000000  x0:0x00000000
       13235000	      1322	800014f4	b49c0f93	addi	x31,x24,-1207	 x24:0x00000000 x31=0xfffffb49
       13245000	      1323	800014f8	012f3d33	sltu	x26,x30,x18	 x30:0x80009f84 x18:0x00000000 x26=0x00000000
       13255000	      1324	800014fc	103bc393	xori	x7,x23,259	 x23:0x00000000  x7=0x00000103
       13265000	      1325	80001500	00521c63	bne	x4,x5,80001518	  x4:0x00000000  x5:0x00000001
       13275000	      1326	00000000	00000013	addi	x0,x0,0	  x0:0x00000000
       13285000	      1327	80001514	00000013	addi	x0,x0,0	  x0:0x00000000
       13295000	      1328	80001518	41020ab3	sub	x21,x4,x16	  x4:0x00000000 x16:0x00000000 x21=0x00000000
       13305000	      1329	8000151c	01058cb3	add	x25,x11,x16	 x11:0x00000001 x16:0x00000000 x25=0x00000001
       13315000	      1330	80001520	00519c63	bne	x3,x5,80001538	  x3:0x00000001  x5:0x00000001
       13325000	      1331	80001524	410c5c93	srai	x25,x24,0x10	 x24:0x00000000 x25=0x00000000
       13335000	      1332	80001528	418a03b3	sub	x7,x20,x24	 x20:0x6908149c x24:0x00000000  x7=0x6908149c
       13345000	      1333	8000152c	f8862a93	slti	x21,x12,-120	 x12:0x00000001 x21=0x00000000
       13355000	      1334	80001530	04d9d663	bge	x19,x13,8000157c	 x19:0x57a3d7fa x13:0x00000003
       13365000	      1335	00000000	00000013	addi	x0,x0,0	  x0:0x00000000
       13375000	      1336	80001578	00000013	addi	x0,x0,0	  x0:0x00000000
       13385000	      1337	8000157c	c53d8c13	addi	x24,x27,-941	 x27:0x00000001 x24=0xfffffc54
       13395000	      1338	80001580	009a7a33	and	x20,x20,x9	 x20:0x6908149c  x9:0x000003e2 x20=0x00000080
       13405000	      1339	80001584	00a0fab3	and	x21,x1,x10	  x1:0x00000000 x10:0x11c4af3f x21=0x00000000
       13415000	      1340	80001588	00000e17	auipc	x28,0x0	 x28=0x80001584
       13425000	      1341	8000158c	100e0e13	addi	x28,x28,256	 x28:0x80001584 x28=0x80001684
       13435000	      1342	80001590	005bd593	srli	x11,x23,0x5	 x23:0x00000000 x11=0x00000000
       13445000	      1343	80001594	00280033	add	x0,x16,x2	 x16:0x00000000  x2:0x80009fc4
       13455000	      1344	80001598	00f60db3	add	x27,x12,x15	 x12:0x00000001 x15:0x00000001 x27=0x00000002
       13465000	      1345	8000159c	d4f7a093	slti	x1,x15,-689	 x15:0x00000001  x1=0x00000000
       13475000	      1346	800015a0	337e0e13	addi	x28,x28,823	 x28:0x80001684 x28=0x800019bb
       13485000	      1347	800015a4	018bca33	xor	x20,x23,x24	 x23:0x00000000 x24:0xfffffc54 x20=0xfffffc54
       13495000	      1348	800015a8	01bd5663	bge	x26,x27,800015b4	 x26:0x00000000 x27:0x00000002
       13505000	      1349	800015ac	87323993	sltiu	x19,x4,-1933	  x4:0x00000000 x19=0x00000001
       13515000	      1350	800015b0	01e4a3b3	slt	x7,x9,x30	  x9:0x000003e2 x30:0x80009f84  x7=0x00000000
       13525000	      1351	800015b4	ccae04e7	jalr	x9,x28,-822	 x28:0x800019bb  x9=0x800015b4
       13535000	      1352	00000000	00000013	addi	x0,x0,0	  x0:0x00000000
       13545000	      1353	80001684	00000013	addi	x0,x0,0	  x0:0x00000000
       13555000	      1354	80001688	007a9633	sll	x12,x21,x7	 x21:0x00000000  x7:0x00000000 x12=0x00000000
       13565000	      1355	8000168c	fecf0f13	addi	x30,x30,-20	 x30:0x80009f84 x30=0x80009f70
       13575000	      1356	80001690	009af933	and	x18,x21,x9	 x21:0x00000000  x9:0x800015b4 x18=0x00000000
       13585000	      1357	80001694	b6ecae17	auipc	x28,0xb6eca	 x28=0x36ecb690
       13595000	      1358	80001698	01f803b3	add	x7,x16,x31	 x16:0x00000000 x31:0xfffffb49  x7=0xfffffb49
       13605000	      1359	8000169c	fcce2c93	slti	x25,x28,-52	 x28:0x36ecb690 x25=0x00000000
       13615000	      1360	800016a0	009f2223	sw	x9,4(x30)	 x30:0x80009f70  x9:0x800015b4 PA:0x80009f74
       13625000	      1361	800016a4	9476a793	slti	x15,x13,-1721	 x13:0x00000003 x15=0x00000000
       13635000	      1362	800016a8	01c783b3	add	x7,x15,x28	 x15:0x00000000 x28:0x36ecb690  x7=0x36ecb690
       13645000	      1363	800016ac	23657093	andi	x1,x10,566	 x10:0x11c4af3f  x1=0x00000236
       13655000	      1364	800016b0	00aa5533	srl	x10,x20,x10	 x20:0xfffffc54 x10:0x11c4af3f x10=0x00000001
       13665000	      1365	800016b4	52607093	andi	x1,x0,1318	  x0:0x00000000  x1=0x00000000
       13675000	      1366	800016b8	00007997	auipc	x19,0x7	 x19=0x800086b4
       13685000	      1367	800016bc	6f598993	addi	x19,x19,1781	 x19:0x800086b4 x19=0x80008da9
       13695000	      1368	800016c0	fee995a3	sh	x14,-21(x19)	 x19:0x80008da9 x14:0x00000000 PA:0x80008d94
       13705000	      1369	800016c4	a3e84a13	xori	x20,x16,-1474	 x16:0x00000000 x20=0xfffffa3e
       13715000	      1370	800016c8	ff69c703	lbu	x14,-10(x19)	 x19:0x80008da9 x14=0x0000006c PA:0x80008d9f
       13725000	      1371	00000000	00000013	addi	x0,x0,0	  x0:0x00000000
       13735000	      1372	800016cc	f8e98e23	sb	x14,-100(x19)	 x19:0x80008da9 x14:0x0000006c PA:0x80008d45
       13745000	      1373	800016d0	01405893	srli	x17,x0,0x14	  x0:0x00000000 x17=0x00000000
       13755000	      1374	800016d4	0b098783	lb	x15,176(x19)	 x19:0x80008da9 x15=0x00000000 PA:0x80008e59
       13765000	      1375	800016d8	fbb9afa3	sw	x27,-65(x19)	 x19:0x80008da9 x27:0x00000002 PA:0x80008d68
       13775000	      1376	800016dc	0ac9afa3	sw	x12,191(x19)	 x19:0x80008da9 x12:0x00000000 PA:0x80008e68
       13785000	      1377	800016e0	fc698383	lb	x7,-58(x19)	 x19:0x80008da9  x7=0x00000014 PA:0x80008d6f
       13795000	      1378	800016e4	01821713	slli	x14,x4,0x18	  x4:0x00000000 x14=0x00000000
       13805000	      1379	800016e8	0469ce83	lbu	x29,70(x19)	 x19:0x80008da9 x29=0x00000048 PA:0x80008def
       13815000	      1380	800016ec	40b104b3	sub	x9,x2,x11	  x2:0x80009fc4 x11:0x00000000  x9=0x80009fc4
       13825000	      1381	800016f0	0449c683	lbu	x13,68(x19)	 x19:0x80008da9 x13=0x00000003 PA:0x80008ded
       13835000	      1382	800016f4	07298a23	sb	x18,116(x19)	 x19:0x80008da9 x18:0x00000000 PA:0x80008e1d
       13845000	      1383	800016f8	01b22833	slt	x16,x4,x27	  x4:0x00000000 x27:0x00000002 x16=0x00000001
       13855000	      1384	800016fc	f6a9c203	lbu	x4,-150(x19)	 x19:0x80008da9  x4=0x000000e4 PA:0x80008d13
       13865000	      1385	80001700	0dc98d03	lb	x26,220(x19)	 x19:0x80008da9 x26=0xffffff8c PA:0x80008e85
       13875000	      1386	80001704	01bc8ab3	add	x21,x25,x27	 x25:0x00000000 x27:0x00000002 x21=0x00000002
       13885000	      1387	80001708	14ad7613	andi	x12,x26,330	 x26:0xffffff8c x12=0x00000108
       13895000	      1388	8000170c	0279dd03	lhu	x26,39(x19)	 x19:0x80008da9 x26=0x0000e76b PA:0x80008dd0
       13905000	      1389	80001710	4096db93	srai	x23,x13,0x9	 x13:0x00000003 x23=0x00000000
       13915000	      1390	80001714	0d999283	lh	x5,217(x19)	 x19:0x80008da9  x5=0x00007ec8 PA:0x80008e82
       13925000	      1391	80001718	fe19cd83	lbu	x27,-31(x19)	 x19:0x80008da9 x27=0x000000b0 PA:0x80008d8a
       13935000	      1392	8000171c	01a46433	or	x8,x8,x26	  x8:0xfffffcdb x26:0x0000e76b  x8=0xfffffffb
       13945000	      1393	80001720	70770a13	addi	x20,x14,1799	 x14:0x00000000 x20=0x00000707
       13955000	      1394	80001724	d64b6093	ori	x1,x22,-668	 x22:0x00000000  x1=0xfffffd64
       13965000	      1395	80001728	00e37a33	and	x20,x6,x14	  x6:0x8c9d9000 x14:0x00000000 x20=0x00000000
       13975000	      1396	8000172c	00d9dd03	lhu	x26,13(x19)	 x19:0x80008da9 x26=0x0000044c PA:0x80008db6
       13985000	      1397	80001730	01bc1593	slli	x11,x24,0x1b	 x24:0xfffffc54 x11=0xa0000000
       13995000	      1398	80001734	07b99303	lh	x6,123(x19)	 x19:0x80008da9  x6=0x0000689e PA:0x80008e24
       14005000	      1399	80001738	ffb982a3	sb	x27,-27(x19)	 x19:0x80008da9 x27:0x000000b0 PA:0x80008d8e
       14015000	      1400	8000173c	00007c97	auipc	x25,0x7	 x25=0x80008738
       14025000	      1401	80001740	e60c8c93	addi	x25,x25,-416	 x25:0x80008738 x25=0x80008598
       14035000	      1402	80001744	00007e97	auipc	x29,0x7	 x29=0x80008740
       14045000	      1403	80001748	b8ce8e93	addi	x29,x29,-1140	 x29:0x80008740 x29=0x800082cc
       14055000	      1404	8000174c	00007c17	auipc	x24,0x7	 x24=0x80008748
       14065000	      1405	80001750	ec2c0c13	addi	x24,x24,-318	 x24:0x80008748 x24=0x8000860a
       14075000	      1406	80001754	fa2c04a3	sb	x2,-87(x24)	 x24:0x8000860a  x2:0x80009fc4 PA:0x800085b3
       14085000	      1407	80001758	00007597	auipc	x11,0x7	 x11=0x80008754
       14095000	      1408	8000175c	fdc58593	addi	x11,x11,-36	 x11:0x80008754 x11=0x80008730
       14105000	      1409	80001760	f34ea883	lw	x17,-204(x29)	 x29:0x800082cc x17=0xdb317f0c PA:0x80008200
       14115000	      1410	80001764	f3bec803	lbu	x16,-197(x29)	 x29:0x800082cc x16=0x00000095 PA:0x80008207
       14125000	      1411	80001768	ffcc0903	lb	x18,-4(x24)	 x24:0x8000860a x18=0xffffffcc PA:0x80008606
       14135000	      1412	8000176c	00bc1a23	sh	x11,20(x24)	 x24:0x8000860a x11:0x80008730 PA:0x8000861e
       14145000	      1413	80001770	f295c683	lbu	x13,-215(x11)	 x11:0x80008730 x13=0x000000f2 PA:0x80008659
       14155000	      1414	80001774	cd158403	lb	x8,-815(x11)	 x11:0x80008730  x8=0xffffffba PA:0x80008401
       14165000	      1415	80001778	050e8623	sb	x16,76(x29)	 x29:0x800082cc x16:0x00000095 PA:0x80008318
       14175000	      1416	8000177c	01ae8ea3	sb	x26,29(x29)	 x29:0x800082cc x26:0x0000044c PA:0x800082e9
       14185000	      1417	80001780	11fcc183	lbu	x3,287(x25)	 x25:0x80008598  x3=0x00000006 PA:0x800086b7
       14195000	      1418	80001784	fb6e8e03	lb	x28,-74(x29)	 x29:0x800082cc x28=0xffffffca PA:0x80008282
       14205000	      1419	80001788	09fc4983	lbu	x19,159(x24)	 x24:0x8000860a x19=0x0000002a PA:0x800086a9
       14215000	      1420	8000178c	024ec603	lbu	x12,36(x29)	 x29:0x800082cc x12=0x0000005d PA:0x800082f0
       14225000	      1421	80001790	f2ee9e03	lh	x28,-210(x29)	 x29:0x800082cc x28=0xfffff54c PA:0x800081fa
       14235000	      1422	80001794	c75581a3	sb	x21,-925(x11)	 x11:0x80008730 x21:0x00000002 PA:0x80008393
       14245000	      1423	80001798	075c4d83	lbu	x27,117(x24)	 x24:0x8000860a x27=0x000000ad PA:0x8000867f
       14255000	      1424	8000179c	fa1e8403	lb	x8,-95(x29)	 x29:0x800082cc  x8=0xfffffffd PA:0x8000826d
       14265000	      1425	800017a0	031c0303	lb	x6,49(x24)	 x24:0x8000860a  x6=0x0000004d PA:0x8000863b
       14275000	      1426	800017a4	01ecaa23	sw	x30,20(x25)	 x25:0x80008598 x30:0x80009f70 PA:0x800085ac
       14285000	      1427	800017a8	b2fc8703	lb	x14,-1233(x25)	 x25:0x80008598 x14=0x00000015 PA:0x800080c7
       14295000	      1428	00000000	00000013	addi	x0,x0,0	  x0:0x00000000
       14305000	      1429	800017ac	08ec1183	lh	x3,142(x24)	 x24:0x8000860a  x3=0x000026cd PA:0x80008698
       14315000	      1430	800017b0	01dc4d83	lbu	x27,29(x24)	 x24:0x8000860a x27=0x00000099 PA:0x80008627
       14325000	      1431	800017b4	e24c9303	lh	x6,-476(x25)	 x25:0x80008598  x6=0xffffa51b PA:0x800083bc
       14335000	      1432	800017b8	09aca223	sw	x26,132(x25)	 x25:0x80008598 x26:0x0000044c PA:0x8000861c
       14345000	      1433	800017bc	074ea203	lw	x4,116(x29)	 x29:0x800082cc  x4=0x8f6187a7 PA:0x80008340
       14355000	      1434	800017c0	d105da03	lhu	x20,-752(x11)	 x11:0x80008730 x20=0x00004dad PA:0x80008440
       14365000	      1435	800017c4	0d8c09a3	sb	x24,211(x24)	 x24:0x8000860a x24:0x8000860a PA:0x800086dd
       14375000	      1436	800017c8	094e8a23	sb	x20,148(x29)	 x29:0x800082cc x20:0x00004dad PA:0x80008360
       14385000	      1437	800017cc	0cdcca03	lbu	x20,205(x25)	 x25:0x80008598 x20=0x00000064 PA:0x80008665
       14395000	      1438	800017d0	0d158623	sb	x17,204(x11)	 x11:0x80008730 x17:0xdb317f0c PA:0x800087fc
       14405000	      1439	800017d4	ec458a03	lb	x20,-316(x11)	 x11:0x80008730 x20=0x0000000f PA:0x800085f4
       14415000	      1440	800017d8	007dabb3	slt	x23,x27,x7	 x27:0x00000099  x7:0x00000014 x23=0x00000000
       14425000	      1441	800017dc	06ec4463	blt	x24,x14,80001844	 x24:0x8000860a x14:0x00000015
       14435000	      1442	00000000	00000013	addi	x0,x0,0	  x0:0x00000000
       14445000	      1443	80001840	00000013	addi	x0,x0,0	  x0:0x00000000
       14455000	      1444	80001844	41765893	srai	x17,x12,0x17	 x12:0x0000005d x17=0x00000000
       14465000	      1445	80001848	01ca5db3	srl	x27,x20,x28	 x20:0x0000000f x28:0xfffff54c x27=0x00000000
       14475000	      1446	8000184c	0126bdb3	sltu	x27,x13,x18	 x13:0x000000f2 x18:0xffffffcc x27=0x00000001
       14485000	      1447	80001850	057e6663	bltu	x28,x23,8000189c	 x28:0xfffff54c x23:0x00000000
       14495000	      1448	80001854	402c5db3	sra	x27,x24,x2	 x24:0x8000860a  x2:0x80009fc4 x27=0xf8000860
       14505000	      1449	80001858	010fecb3	or	x25,x31,x16	 x31:0xfffffb49 x16:0x00000095 x25=0xfffffbdd
       14515000	      1450	8000185c	e646eb93	ori	x23,x13,-412	 x13:0x000000f2 x23=0xfffffef6
       14525000	      1451	80001860	0a5ffb93	andi	x23,x31,165	 x31:0xfffffb49 x23=0x00000001
       14535000	      1452	80001864	01899b93	slli	x23,x19,0x18	 x19:0x0000002a x23=0x2a000000
       14545000	      1453	80001868	00ea6733	or	x14,x20,x14	 x20:0x0000000f x14:0x00000015 x14=0x0000001f
       14555000	      1454	8000186c	41538fb3	sub	x31,x7,x21	  x7:0x00000014 x21:0x00000002 x31=0x00000012
       14565000	      1455	80001870	006140b3	xor	x1,x2,x6	  x2:0x80009fc4  x6:0xffffa51b  x1=0x7fff3adf
       14575000	      1456	80001874	02560e63	beq	x12,x5,800018b0	 x12:0x0000005d  x5:0x00007ec8
       14585000	      1457	80001878	00441693	slli	x13,x8,0x4	  x8:0xfffffffd x13=0xffffffd0
       14595000	      1458	8000187c	01b48ab3	add	x21,x9,x27	  x9:0x80009fc4 x27:0xf8000860 x21=0x7800a824
       14605000	      1459	80001880	01db2d33	slt	x26,x22,x29	 x22:0x00000000 x29:0x800082cc x26=0x00000000
       14615000	      1460	80001884	010f25b3	slt	x11,x30,x16	 x30:0x80009f70 x16:0x00000095 x11=0x00000001
       14625000	      1461	80001888	41510c33	sub	x24,x2,x21	  x2:0x80009fc4 x21:0x7800a824 x24=0x07fff7a0
       14635000	      1462	8000188c	b8580d13	addi	x26,x16,-1147	 x16:0x00000095 x26=0xfffffc1a
       14645000	      1463	80001890	7b698413	addi	x8,x19,1974	 x19:0x0000002a  x8=0x000007e0
       14655000	      1464	80001894	41645333	sra	x6,x8,x22	  x8:0x000007e0 x22:0x00000000  x6=0x000007e0
       14665000	      1465	80001898	0149d313	srli	x6,x19,0x14	 x19:0x0000002a  x6=0x00000000
       14675000	      1466	8000189c	00000013	addi	x0,x0,0	  x0:0x00000000
       14685000	      1467	800018a0	b38c8913	addi	x18,x25,-1224	 x25:0xfffffbdd x18=0xfffff715
       14695000	      1468	800018a4	01d256b3	srl	x13,x4,x29	  x4:0x8f6187a7 x29:0x800082cc x13=0x0008f618
       14705000	      1469	800018a8	01af1d93	slli	x27,x30,0x1a	 x30:0x80009f70 x27=0xc0000000
       14715000	      1470	800018ac	0061edb3	or	x27,x3,x6	  x3:0x000026cd  x6:0x00000000 x27=0x000026cd
       14725000	      1471	800018b0	01937c63	bgeu	x6,x25,800018c8	  x6:0x00000000 x25:0xfffffbdd
       14735000	      1472	800018b4	40c0d093	srai	x1,x1,0xc	  x1:0x7fff3adf  x1=0x0007fff3
       14745000	      1473	800018b8	02635263	bge	x6,x6,800018dc	  x6:0x00000000  x6:0x00000000
       14755000	      1474	00000000	00000013	addi	x0,x0,0	  x0:0x00000000
       14765000	      1475	800018d8	00000013	addi	x0,x0,0	  x0:0x00000000
       14775000	      1476	800018dc	64ecea93	ori	x21,x25,1614	 x25:0xfffffbdd x21=0xffffffdf
       14785000	      1477	800018e0	00cfcab3	xor	x21,x31,x12	 x31:0x00000012 x12:0x0000005d x21=0x0000004f
       14795000	      1478	800018e4	04ba7663	bgeu	x20,x11,80001930	 x20:0x0000000f x11:0x00000001
       14805000	      1479	00000000	00000013	addi	x0,x0,0	  x0:0x00000000
       14815000	      1480	8000192c	00000013	addi	x0,x0,0	  x0:0x00000000
       14825000	      1481	80001930	05d28063	beq	x5,x29,80001970	  x5:0x00007ec8 x29:0x800082cc
       14835000	      1482	80001934	408b8d33	sub	x26,x23,x8	 x23:0x2a000000  x8:0x000007e0 x26=0x29fff820
       14845000	      1483	80001938	00ff0633	add	x12,x30,x15	 x30:0x80009f70 x15:0x00000000 x12=0x80009f70
       14855000	      1484	8000193c	40f30bb3	sub	x23,x6,x15	  x6:0x00000000 x15:0x00000000 x23=0x00000000
       14865000	      1485	80001940	0f5e3fb7	lui	x31,0xf5e3	 x31=0x0f5e3000
       14875000	      1486	80001944	006bb433	sltu	x8,x23,x6	 x23:0x00000000  x6:0x00000000  x8=0x00000000
       14885000	      1487	80001948	04dee063	bltu	x29,x13,80001988	 x29:0x800082cc x13:0x0008f618
       14895000	      1488	8000194c	0041e933	or	x18,x3,x4	  x3:0x000026cd  x4:0x8f6187a7 x18=0x8f61a7ef
       14905000	      1489	80001950	3938d6b7	lui	x13,0x3938d	 x13=0x3938d000
       14915000	      1490	80001954	9307e013	ori	x0,x15,-1744	 x15:0x00000000
       14925000	      1491	80001958	01be91b3	sll	x3,x29,x27	 x29:0x800082cc x27:0x000026cd  x3=0x10598000
       14935000	      1492	8000195c	6615f293	andi	x5,x11,1633	 x11:0x00000001  x5=0x00000001
       14945000	      1493	80001960	263b0493	addi	x9,x22,611	 x22:0x00000000  x9=0x00000263
       14955000	      1494	80001964	1bc3f193	andi	x3,x7,444	  x7:0x00000014  x3=0x00000014
       14965000	      1495	80001968	1b5fff93	andi	x31,x31,437	 x31:0x0f5e3000 x31=0x00000000
       14975000	      1496	8000196c	00b1d5b3	srl	x11,x3,x11	  x3:0x00000014 x11:0x00000001 x11=0x0000000a
       14985000	      1497	80001970	849ac513	xori	x10,x21,-1975	 x21:0x0000004f x10=0xfffff806
       14995000	      1498	80001974	00685d33	srl	x26,x16,x6	 x16:0x00000095  x6:0x00000000 x26=0x00000095
       15005000	      1499	80001978	2f9e7493	andi	x9,x28,761	 x28:0xfffff54c  x9=0x00000048
       15015000	      1500	8000197c	002efbb3	and	x23,x29,x2	 x29:0x800082cc  x2:0x80009fc4 x23=0x800082c4
       15025000	      1501	80001980	004f3fb3	sltu	x31,x30,x4	 x30:0x80009f70  x4:0x8f6187a7 x31=0x00000001
       15035000	      1502	80001984	013ec2b3	xor	x5,x29,x19	 x29:0x800082cc x19:0x0000002a  x5=0x800082e6
       15045000	      1503	80001988	008bacb3	slt	x25,x23,x8	 x23:0x800082c4  x8:0x00000000 x25=0x00000001
       15055000	      1504	8000198c	c5db0b93	addi	x23,x22,-931	 x22:0x00000000 x23=0xfffffc5d
       15065000	      1505	80001990	a44d6593	ori	x11,x26,-1468	 x26:0x00000095 x11=0xfffffad5
       15075000	      1506	80001994	00204463	blt	x0,x2,8000199c	  x0:0x00000000  x2:0x80009fc4
       15085000	      1507	80001998	01cd6db3	or	x27,x26,x28	 x26:0x00000095 x28:0xfffff54c x27=0xfffff5dd
       15095000	      1508	8000199c	008f6663	bltu	x30,x8,800019a8	 x30:0x80009f70  x8:0x00000000
       15105000	      1509	800019a0	02e67063	bgeu	x12,x14,800019c0	 x12:0x80009f70 x14:0x0000001f
       15115000	      1510	00000000	00000013	addi	x0,x0,0	  x0:0x00000000
       15125000	      1511	800019bc	00000013	addi	x0,x0,0	  x0:0x00000000
       15135000	      1512	800019c0	03fe4063	blt	x28,x31,800019e0	 x28:0xfffff54c x31:0x00000001
       15145000	      1513	00000000	00000013	addi	x0,x0,0	  x0:0x00000000
       15155000	      1514	800019dc	00000013	addi	x0,x0,0	  x0:0x00000000
       15165000	      1515	800019e0	4141d813	srai	x16,x3,0x14	  x3:0x00000014 x16=0x00000000
       15175000	      1516	800019e4	1318aab7	lui	x21,0x1318a	 x21=0x1318a000
       15185000	      1517	800019e8	00839433	sll	x8,x7,x8	  x7:0x00000014  x8:0x00000000  x8=0x00000014
       15195000	      1518	800019ec	5c95a893	slti	x17,x11,1481	 x11:0xfffffad5 x17=0x00000001
       15205000	      1519	800019f0	20d6b893	sltiu	x17,x13,525	 x13:0x3938d000 x17=0x00000000
       15215000	      1520	800019f4	26ab8c93	addi	x25,x23,618	 x23:0xfffffc5d x25=0xfffffec7
       15225000	      1521	800019f8	004f2483	lw	x9,4(x30)	 x30:0x80009f70  x9=0x800015b4 PA:0x80009f74
       15235000	      1522	800019fc	014f0f13	addi	x30,x30,20	 x30:0x80009f70 x30=0x80009f84
       15245000	      1523	80001a00	401dd593	srai	x11,x27,0x1	 x27:0xfffff5dd x11=0xfffffaee
       15255000	      1524	80001a04	00048093	addi	x1,x9,0	  x9:0x800015b4  x1=0x800015b4
       15265000	      1525	80001a08	000080e7	jalr	x1,x1,0	  x1:0x800015b4  x1=0x80001a08
       15275000	      1526	00000000	00000013	addi	x0,x0,0	  x0:0x00000000
       15285000	      1527	800015b4	00000013	addi	x0,x0,0	  x0:0x00000000
       15295000	      1528	800015b8	4036db93	srai	x23,x13,0x3	 x13:0x3938d000 x23=0x07271a00
       15305000	      1529	800015bc	f6bc01b7	lui	x3,0xf6bc0	  x3=0xf6bc0000
       15315000	      1530	800015c0	00b671b3	and	x3,x12,x11	 x12:0x80009f70 x11:0xfffffaee  x3=0x80009a60
       15325000	      1531	800015c4	0aeaf293	andi	x5,x21,174	 x21:0x1318a000  x5=0x00000000
       15335000	      1532	800015c8	58d11b97	auipc	x23,0x58d11	 x23=0xd8d125c4
       15345000	      1533	800015cc	01c77bb3	and	x23,x14,x28	 x14:0x0000001f x28:0xfffff54c x23=0x0000000c
       15355000	      1534	800015d0	00215c63	bge	x2,x2,800015e8	  x2:0x80009fc4  x2:0x80009fc4
       15365000	      1535	00000000	00000013	addi	x0,x0,0	  x0:0x00000000
       15375000	      1536	800015e4	00000013	addi	x0,x0,0	  x0:0x00000000
       15385000	      1537	800015e8	01cb4eb3	xor	x29,x22,x28	 x22:0x00000000 x28:0xfffff54c x29=0xfffff54c
       15395000	      1538	800015ec	001dbdb3	sltu	x27,x27,x1	 x27:0xfffff5dd  x1:0x80001a08 x27=0x00000000
       15405000	      1539	800015f0	0171d463	bge	x3,x23,800015f8	  x3:0x80009a60 x23:0x0000000c
       15415000	      1540	800015f4	0195acb3	slt	x25,x11,x25	 x11:0xfffffaee x25:0xfffffec7 x25=0x00000001
       15425000	      1541	800015f8	38a80313	addi	x6,x16,906	 x16:0x00000000  x6=0x0000038a
       15435000	      1542	800015fc	01051c13	slli	x24,x10,0x10	 x10:0xfffff806 x24=0xf8060000
       15445000	      1543	80001600	cfd2a593	slti	x11,x5,-771	  x5:0x00000000 x11=0x00000000
       15455000	      1544	80001604	c7766013	ori	x0,x12,-905	 x12:0x80009f70
       15465000	      1545	80001608	001f91b3	sll	x3,x31,x1	 x31:0x00000001  x1:0x80001a08  x3=0x00000100
       15475000	      1546	8000160c	022ffa63	bgeu	x31,x2,80001640	 x31:0x00000001  x2:0x80009fc4
       15485000	      1547	80001610	412bd533	sra	x10,x23,x18	 x23:0x0000000c x18:0x8f61a7ef x10=0x00000000
       15495000	      1548	80001614	ed36e913	ori	x18,x13,-301	 x13:0x3938d000 x18=0xfffffed3
       15505000	      1549	80001618	12cafc93	andi	x25,x21,300	 x21:0x1318a000 x25=0x00000000
       15515000	      1550	8000161c	01581733	sll	x14,x16,x21	 x16:0x00000000 x21:0x1318a000 x14=0x00000000
       15525000	      1551	80001620	004f71b3	and	x3,x30,x4	 x30:0x80009f84  x4:0x8f6187a7  x3=0x80008784
       15535000	      1552	80001624	01383433	sltu	x8,x16,x19	 x16:0x00000000 x19:0x0000002a  x8=0x00000001
       15545000	      1553	80001628	00261093	slli	x1,x12,0x2	 x12:0x80009f70  x1=0x00027dc0
       15555000	      1554	8000162c	01324d33	xor	x26,x4,x19	  x4:0x8f6187a7 x19:0x0000002a x26=0x8f61878d
       15565000	      1555	80001630	0102c433	xor	x8,x5,x16	  x5:0x00000000 x16:0x00000000  x8=0x00000000
       15575000	      1556	80001634	0240de63	bge	x1,x4,80001670	  x1:0x00027dc0  x4:0x8f6187a7
       15585000	      1557	00000000	00000013	addi	x0,x0,0	  x0:0x00000000
       15595000	      1558	8000166c	00000013	addi	x0,x0,0	  x0:0x00000000
       15605000	      1559	80001670	00211ab3	sll	x21,x2,x2	  x2:0x80009fc4  x2:0x80009fc4 x21=0x0009fc40
       15615000	      1560	80001674	00000b17	auipc	x22,0x0	 x22=0x80001670
       15625000	      1561	80001678	00cb0b13	addi	x22,x22,12	 x22:0x80001670 x22=0x8000167c
       15635000	      1562	8000167c	000b0067	jalr	x0,x22,0	 x22:0x8000167c
       15645000	      1563	00000000	00000013	addi	x0,x0,0	  x0:0x00000000
       15655000	      1564	8000167c	00000013	addi	x0,x0,0	  x0:0x00000000
       15665000	      1565	80001680	00100193	addi	x3,x0,1	  x0:0x00000000  x3=0x00000001
       15675000	      1566	80001684	00000073	ecall	
       15685000	      1567	80001688	007a9633	sll	x12,x21,x7	 x21:0x0009fc40  x7:0x00000014 x12=0xc4000000
