		Time			Cycle	PC		Insn	Decoded instruction	Register and memory contents
          65000	         5	80000004	00000293	addi	x5,x0,0	  x0:0x00000000  x5=0x00000000
          75000	         6	80000008	00000313	addi	x6,x0,0	  x0:0x00000000  x6=0x00000000
          85000	         7	8000000c	00628263	beq	x5,x6,80000010	  x5:0x00000000  x6:0x00000000
          95000	         8	00000000	00000013	addi	x0,x0,0	  x0:0x00000000
         105000	         9	8000000c	00000013	addi	x0,x0,0	  x0:0x00000000
         115000	        10	80000010	00000917	auipc	x18,0x0	 x18=0x8000000c
         125000	        11	80000014	00c90913	addi	x18,x18,12	 x18:0x8000000c x18=0x80000018
         135000	        12	80000018	00090067	jalr	x0,x18,0	 x18:0x80000018
         145000	        13	00000000	00000013	addi	x0,x0,0	  x0:0x00000000
         155000	        14	80000018	00000013	addi	x0,x0,0	  x0:0x00000000
         165000	        15	8000001c	40000e37	lui	x28,0x40000	 x28=0x40000000
         175000	        16	80000020	100e0e13	addi	x28,x28,256	 x28:0x40000000 x28=0x40000100
         185000	        17	80000024	00000013	addi	x0,x0,0	  x0:0x00000000
         195000	        18	80000028	0000a317	auipc	x6,0xa	  x6=0x8000a024
         205000	        19	8000002c	fa030313	addi	x6,x6,-96	  x6:0x8000a024  x6=0x80009fc4
         215000	        20	80000030	00003e17	auipc	x28,0x3	 x28=0x8000302c
         225000	        21	80000034	874e0e13	addi	x28,x28,-1932	 x28:0x8000302c x28=0x800028a0
         235000	        22	80000038	001e6e13	ori	x28,x28,1	 x28:0x800028a0 x28=0x800028a1
         245000	        23	8000003c	00000013	addi	x0,x0,0	  x0:0x00000000
         255000	        24	80000040	00000e17	auipc	x28,0x0	 x28=0x8000003c
         265000	        25	80000044	020e0e13	addi	x28,x28,32	 x28:0x8000003c x28=0x8000005c
         275000	        26	80000048	00000013	addi	x0,x0,0	  x0:0x00000000
         285000	        27	8000004c	00000013	addi	x0,x0,0	  x0:0x00000000
         295000	        28	80000050	00002e37	lui	x28,0x2	 x28=0x00002000
         305000	        29	80000054	800e0e13	addi	x28,x28,-2048	 x28:0x00002000 x28=0x00001800
         315000	        30	80000058	00000013	addi	x0,x0,0	  x0:0x00000000
         325000	        31	8000005c	00000013	addi	x0,x0,0	  x0:0x00000000
         335000	        32	80000060	80000037	lui	x0,0x80000	
         345000	        33	80000064	00000013	addi	x0,x0,0	  x0:0x00000000
         355000	        34	80000068	d88fb0b7	lui	x1,0xd88fb	  x1=0xd88fb000
         365000	        35	8000006c	6ee08093	addi	x1,x1,1774	  x1:0xd88fb000  x1=0xd88fb6ee
         375000	        36	80000070	00300113	addi	x2,x0,3	  x0:0x00000000  x2=0x00000003
         385000	        37	80000074	00300193	addi	x3,x0,3	  x0:0x00000000  x3=0x00000003
         395000	        38	80000078	3c7d32b7	lui	x5,0x3c7d3	  x5=0x3c7d3000
         405000	        39	8000007c	1ee28293	addi	x5,x5,494	  x5:0x3c7d3000  x5=0x3c7d31ee
         415000	        40	80000080	00500393	addi	x7,x0,5	  x0:0x00000000  x7=0x00000005
         425000	        41	80000084	00000413	addi	x8,x0,0	  x0:0x00000000  x8=0x00000000
         435000	        42	80000088	00900493	addi	x9,x0,9	  x0:0x00000000  x9=0x00000009
         445000	        43	8000008c	00000513	addi	x10,x0,0	  x0:0x00000000 x10=0x00000000
         455000	        44	80000090	800005b7	lui	x11,0x80000	 x11=0x80000000
         465000	        45	80000094	6f413637	lui	x12,0x6f413	 x12=0x6f413000
         475000	        46	80000098	22360613	addi	x12,x12,547	 x12:0x6f413000 x12=0x6f413223
         485000	        47	8000009c	800006b7	lui	x13,0x80000	 x13=0x80000000
         495000	        48	800000a0	80000737	lui	x14,0x80000	 x14=0x80000000
         505000	        49	800000a4	d02a57b7	lui	x15,0xd02a5	 x15=0xd02a5000
         515000	        50	800000a8	eef78793	addi	x15,x15,-273	 x15:0xd02a5000 x15=0xd02a4eef
         525000	        51	800000ac	74543837	lui	x16,0x74543	 x16=0x74543000
         535000	        52	800000b0	a5c80813	addi	x16,x16,-1444	 x16:0x74543000 x16=0x74542a5c
         545000	        53	800000b4	00a00893	addi	x17,x0,10	  x0:0x00000000 x17=0x0000000a
         555000	        54	800000b8	192d9937	lui	x18,0x192d9	 x18=0x192d9000
         565000	        55	800000bc	c9790913	addi	x18,x18,-873	 x18:0x192d9000 x18=0x192d8c97
         575000	        56	800000c0	f544d9b7	lui	x19,0xf544d	 x19=0xf544d000
         585000	        57	800000c4	ae998993	addi	x19,x19,-1303	 x19:0xf544d000 x19=0xf544cae9
         595000	        58	800000c8	00200a13	addi	x20,x0,2	  x0:0x00000000 x20=0x00000002
         605000	        59	800000cc	00100a93	addi	x21,x0,1	  x0:0x00000000 x21=0x00000001
         615000	        60	800000d0	00000b13	addi	x22,x0,0	  x0:0x00000000 x22=0x00000000
         625000	        61	800000d4	00000b93	addi	x23,x0,0	  x0:0x00000000 x23=0x00000000
         635000	        62	800000d8	00000c13	addi	x24,x0,0	  x0:0x00000000 x24=0x00000000
         645000	        63	800000dc	80000cb7	lui	x25,0x80000	 x25=0x80000000
         655000	        64	800000e0	00000d13	addi	x26,x0,0	  x0:0x00000000 x26=0x00000000
         665000	        65	800000e4	00000d93	addi	x27,x0,0	  x0:0x00000000 x27=0x00000000
         675000	        66	800000e8	80000e37	lui	x28,0x80000	 x28=0x80000000
         685000	        67	800000ec	00400e93	addi	x29,x0,4	  x0:0x00000000 x29=0x00000004
         695000	        68	800000f0	00f00f13	addi	x30,x0,15	  x0:0x00000000 x30=0x0000000f
         705000	        69	800000f4	80000fb7	lui	x31,0x80000	 x31=0x80000000
         715000	        70	800000f8	0000a217	auipc	x4,0xa	  x4=0x8000a0f4
         725000	        71	800000fc	e9020213	addi	x4,x4,-368	  x4:0x8000a0f4  x4=0x80009f84
         735000	        72	80000100	00008d97	auipc	x27,0x8	 x27=0x800080fc
         745000	        73	80000104	5a2d8d93	addi	x27,x27,1442	 x27:0x800080fc x27=0x8000869e
         755000	        74	80000108	00008697	auipc	x13,0x8	 x13=0x80008104
         765000	        75	8000010c	35268693	addi	x13,x13,850	 x13:0x80008104 x13=0x80008456
         775000	        76	80000110	00008097	auipc	x1,0x8	  x1=0x8000810c
         785000	        77	80000114	17008093	addi	x1,x1,368	  x1:0x8000810c  x1=0x8000827c
         795000	        78	80000118	fe50c703	lbu	x14,-27(x1)	  x1:0x8000827c x14=0x00000000 PA:0x80008261
         805000	        79	8000011c	fe969c23	sh	x9,-8(x13)	 x13:0x80008456  x9:0x00000009 PA:0x8000844e
         815000	        80	80000120	061d89a3	sb	x1,115(x27)	 x27:0x8000869e  x1:0x8000827c PA:0x80008711
         825000	        81	80000124	ff669483	lh	x9,-10(x13)	 x13:0x80008456  x9=0x00000000 PA:0x8000844c
         835000	        82	80000128	fb2dc603	lbu	x12,-78(x27)	 x27:0x8000869e x12=0x00000000 PA:0x80008650
         845000	        83	8000012c	0086d883	lhu	x17,8(x13)	 x13:0x80008456 x17=0x00000000 PA:0x8000845e
         855000	        84	80000130	046da703	lw	x14,70(x27)	 x27:0x8000869e x14=0x00000000 PA:0x800086e4
         865000	        85	80000134	00369523	sh	x3,10(x13)	 x13:0x80008456  x3:0x00000003 PA:0x80008460
         875000	        86	80000138	ffd68c23	sb	x29,-8(x13)	 x13:0x80008456 x29:0x00000004 PA:0x8000844e
         885000	        87	8000013c	084d8183	lb	x3,132(x27)	 x27:0x8000869e  x3=0x00000000 PA:0x80008722
         895000	        88	80000140	f1c0aa83	lw	x21,-228(x1)	  x1:0x8000827c x21=0x00000000 PA:0x80008198
         905000	        89	80000144	01b680a3	sb	x27,1(x13)	 x13:0x80008456 x27:0x8000869e PA:0x80008457
         915000	        90	80000148	f7808723	sb	x24,-146(x1)	  x1:0x8000827c x24:0x00000000 PA:0x800081ea
         925000	        91	8000014c	f7ddc503	lbu	x10,-131(x27)	 x27:0x8000869e x10=0x00000000 PA:0x8000861b
         935000	        92	80000150	0cd0ca03	lbu	x20,205(x1)	  x1:0x8000827c x20=0x00000000 PA:0x80008349
         945000	        93	80000154	f40d9f83	lh	x31,-192(x27)	 x27:0x8000869e x31=0x00000000 PA:0x800085de
         955000	        94	80000158	fa0d86a3	sb	x0,-83(x27)	 x27:0x8000869e  x0:0x00000000 PA:0x8000864b
         965000	        95	8000015c	0890cb03	lbu	x22,137(x1)	  x1:0x8000827c x22=0x00000000 PA:0x80008305
         975000	        96	80000160	07ad87a3	sb	x26,111(x27)	 x27:0x8000869e x26:0x00000000 PA:0x8000870d
         985000	        97	80000164	00009a17	auipc	x20,0x9	 x20=0x80009160
         995000	        98	80000168	b68a0a13	addi	x20,x20,-1176	 x20:0x80009160 x20=0x80008cc8
        1005000	        99	8000016c	02fa4d83	lbu	x27,47(x20)	 x20:0x80008cc8 x27=0x00000000 PA:0x80008cf7
        1015000	       100	80000170	02fa0383	lb	x7,47(x20)	 x20:0x80008cc8  x7=0x00000000 PA:0x80008cf7
        1025000	       101	80000174	02fa4083	lbu	x1,47(x20)	 x20:0x80008cc8  x1=0x00000000 PA:0x80008cf7
        1035000	       102	80000178	012d0f33	add	x30,x26,x18	 x26:0x00000000 x18:0x192d8c97 x30=0x192d8c97
        1045000	       103	8000017c	02fa4f03	lbu	x30,47(x20)	 x20:0x80008cc8 x30=0x00000000 PA:0x80008cf7
        1055000	       104	80000180	02fa4e03	lbu	x28,47(x20)	 x20:0x80008cc8 x28=0x00000000 PA:0x80008cf7
        1065000	       105	80000184	02fa4f83	lbu	x31,47(x20)	 x20:0x80008cc8 x31=0x00000000 PA:0x80008cf7
        1075000	       106	80000188	01e531b3	sltu	x3,x10,x30	 x10:0x00000000 x30:0x00000000  x3=0x00000000
        1085000	       107	8000018c	02fa4003	lbu	x0,47(x20)	 x20:0x80008cc8 PA:0x80008cf7
        1095000	       108	80000190	02fa4383	lbu	x7,47(x20)	 x20:0x80008cc8  x7=0x00000000 PA:0x80008cf7
        1105000	       109	80000194	02fa4603	lbu	x12,47(x20)	 x20:0x80008cc8 x12=0x00000000 PA:0x80008cf7
        1115000	       110	80000198	03ca07a3	sb	x28,47(x20)	 x20:0x80008cc8 x28:0x00000000 PA:0x80008cf7
        1125000	       111	8000019c	030a07a3	sb	x16,47(x20)	 x20:0x80008cc8 x16:0x74542a5c PA:0x80008cf7
        1135000	       112	800001a0	02fa0783	lb	x15,47(x20)	 x20:0x80008cc8 x15=0x0000005c PA:0x80008cf7
        1145000	       113	800001a4	00008d97	auipc	x27,0x8	 x27=0x800081a0
        1155000	       114	800001a8	065d8d93	addi	x27,x27,101	 x27:0x800081a0 x27=0x80008205
        1165000	       115	800001ac	00008617	auipc	x12,0x8	 x12=0x800081a8
        1175000	       116	800001b0	f3060613	addi	x12,x12,-208	 x12:0x800081a8 x12=0x800080d8
        1185000	       117	800001b4	00008a17	auipc	x20,0x8	 x20=0x800081b0
        1195000	       118	800001b8	ec9a0a13	addi	x20,x20,-311	 x20:0x800081b0 x20=0x80008079
        1205000	       119	800001bc	feea4803	lbu	x16,-18(x20)	 x20:0x80008079 x16=0x00000000 PA:0x80008067
        1215000	       120	800001c0	f9f602a3	sb	x31,-123(x12)	 x12:0x800080d8 x31:0x00000000 PA:0x8000805d
        1225000	       121	800001c4	fd3a0fa3	sb	x19,-33(x20)	 x20:0x80008079 x19:0xf544cae9 PA:0x80008058
        1235000	       122	800001c8	00008717	auipc	x14,0x8	 x14=0x800081c4
        1245000	       123	800001cc	4e670713	addi	x14,x14,1254	 x14:0x800081c4 x14=0x800086aa
        1255000	       124	800001d0	fcfa1f83	lh	x31,-49(x20)	 x20:0x80008079 x31=0x00000000 PA:0x80008048
        1265000	       125	800001d4	0d7d8b03	lb	x22,215(x27)	 x27:0x80008205 x22=0x00000000 PA:0x800082dc
        1275000	       126	800001d8	fc9dada3	sw	x9,-37(x27)	 x27:0x80008205  x9:0x00000000 PA:0x800081e0
        1285000	       127	800001dc	05871183	lh	x3,88(x14)	 x14:0x800086aa  x3=0x00000000 PA:0x80008702
        1295000	       128	800001e0	f2071103	lh	x2,-224(x14)	 x14:0x800086aa  x2=0x00000000 PA:0x800085ca
        1305000	       129	800001e4	00008397	auipc	x7,0x8	  x7=0x800081e0
        1315000	       130	800001e8	08a38393	addi	x7,x7,138	  x7:0x800081e0  x7=0x8000826a
        1325000	       131	800001ec	02da1983	lh	x19,45(x20)	 x20:0x80008079 x19=0x00000000 PA:0x800080a6
        1335000	       132	800001f0	f6272283	lw	x5,-158(x14)	 x14:0x800086aa  x5=0x00000000 PA:0x8000860c
        1345000	       133	800001f4	00838ea3	sb	x8,29(x7)	  x7:0x8000826a  x8:0x00000000 PA:0x80008287
        1355000	       134	800001f8	0c774103	lbu	x2,199(x14)	 x14:0x800086aa  x2=0x00000000 PA:0x80008771
        1365000	       135	800001fc	0a674083	lbu	x1,166(x14)	 x14:0x800086aa  x1=0x00000000 PA:0x80008750
        1375000	       136	80000200	006a4b03	lbu	x22,6(x20)	 x20:0x80008079 x22=0x00000000 PA:0x8000807f
        1385000	       137	80000204	fd360da3	sb	x19,-37(x12)	 x12:0x800080d8 x19:0x00000000 PA:0x800080b3
        1395000	       138	80000208	f92d8983	lb	x19,-110(x27)	 x27:0x80008205 x19=0x00000000 PA:0x80008197
        1405000	       139	8000020c	07864803	lbu	x16,120(x12)	 x12:0x800080d8 x16=0x00000000 PA:0x80008150
        1415000	       140	80000210	f6cd88a3	sb	x12,-143(x27)	 x27:0x80008205 x12:0x800080d8 PA:0x80008176
        1425000	       141	80000214	0f574f03	lbu	x30,245(x14)	 x14:0x800086aa x30=0x00000000 PA:0x8000879f
        1435000	       142	80000218	fec39c83	lh	x25,-20(x7)	  x7:0x8000826a x25=0x00000000 PA:0x80008256
        1445000	       143	8000021c	f2574403	lbu	x8,-219(x14)	 x14:0x800086aa  x8=0x00000000 PA:0x800085cf
        1455000	       144	80000220	f73d9b83	lh	x23,-141(x27)	 x27:0x80008205 x23=0x00000000 PA:0x80008178
        1465000	       145	80000224	fdca4483	lbu	x9,-36(x20)	 x20:0x80008079  x9=0x00000000 PA:0x80008055
        1475000	       146	80000228	fdf3cc03	lbu	x24,-33(x7)	  x7:0x8000826a x24=0x00000000 PA:0x80008249
        1485000	       147	8000022c	0133c103	lbu	x2,19(x7)	  x7:0x8000826a  x2=0x00000000 PA:0x8000827d
        1495000	       148	80000230	0f7dc803	lbu	x16,247(x27)	 x27:0x80008205 x16=0x00000000 PA:0x800082fc
        1505000	       149	80000234	fc138503	lb	x10,-63(x7)	  x7:0x8000826a x10=0x00000000 PA:0x8000822b
        1515000	       150	80000238	fd8a4583	lbu	x11,-40(x20)	 x20:0x80008079 x11=0x00000000 PA:0x80008051
        1525000	       151	8000023c	f4474003	lbu	x0,-188(x14)	 x14:0x800086aa PA:0x800085ee
        1535000	       152	80000240	feea0323	sb	x14,-26(x20)	 x20:0x80008079 x14:0x800086aa PA:0x8000805f
        1545000	       153	80000244	f6560ea3	sb	x5,-131(x12)	 x12:0x800080d8  x5:0x00000000 PA:0x80008055
        1555000	       154	80000248	034707a3	sb	x20,47(x14)	 x14:0x800086aa x20:0x80008079 PA:0x800086d9
        1565000	       155	8000024c	03e3a803	lw	x16,62(x7)	  x7:0x8000826a x16=0x00000000 PA:0x800082a8
        1575000	       156	80000250	fde62023	sw	x30,-64(x12)	 x12:0x800080d8 x30:0x00000000 PA:0x80008098
        1585000	       157	80000254	033a0123	sb	x19,34(x20)	 x20:0x80008079 x19:0x00000000 PA:0x8000809b
        1595000	       158	80000258	f70d8323	sb	x16,-154(x27)	 x27:0x80008205 x16:0x00000000 PA:0x8000816b
        1605000	       159	8000025c	00008b17	auipc	x22,0x8	 x22=0x80008258
        1615000	       160	80000260	7cdb0b13	addi	x22,x22,1997	 x22:0x80008258 x22=0x80008a25
        1625000	       161	80000264	ffbb1003	lh	x0,-5(x22)	 x22:0x80008a25 PA:0x80008a20
        1635000	       162	80000268	00009f17	auipc	x30,0x9	 x30=0x80009264
        1645000	       163	8000026c	c77f0f13	addi	x30,x30,-905	 x30:0x80009264 x30=0x80008edb
        1655000	       164	80000270	febf5e03	lhu	x28,-21(x30)	 x30:0x80008edb x28=0x00000000 PA:0x80008ec6
        1665000	       165	80000274	fcaf4883	lbu	x17,-54(x30)	 x30:0x80008edb x17=0x00000000 PA:0x80008ea5
        1675000	       166	80000278	ff9f5a83	lhu	x21,-7(x30)	 x30:0x80008edb x21=0x00000000 PA:0x80008ed4
        1685000	       167	8000027c	ff9b2da3	sw	x25,-5(x22)	 x22:0x80008a25 x25:0x00000000 PA:0x80008a20
        1695000	       168	80000280	026f0b83	lb	x23,38(x30)	 x30:0x80008edb x23=0x00000000 PA:0x80008f01
        1705000	       169	80000284	00bb0983	lb	x19,11(x22)	 x22:0x80008a25 x19=0x00000000 PA:0x80008a30
        1715000	       170	80000288	00db1d03	lh	x26,13(x22)	 x22:0x80008a25 x26=0x00000000 PA:0x80008a32
        1725000	       171	8000028c	005b0703	lb	x14,5(x22)	 x22:0x80008a25 x14=0x00000000 PA:0x80008a2a
        1735000	       172	80000290	fd9f4983	lbu	x19,-39(x30)	 x30:0x80008edb x19=0x00000000 PA:0x80008eb4
        1745000	       173	80000294	ffdb0a23	sb	x29,-12(x22)	 x22:0x80008a25 x29:0x00000004 PA:0x80008a19
        1755000	       174	80000298	fd0f4183	lbu	x3,-48(x30)	 x30:0x80008edb  x3=0x00000000 PA:0x80008eab
        1765000	       175	8000029c	013b0623	sb	x19,12(x22)	 x22:0x80008a25 x19:0x00000000 PA:0x80008a31
        1775000	       176	800002a0	00bf4703	lbu	x14,11(x30)	 x30:0x80008edb x14=0x00000000 PA:0x80008ee6
        1785000	       177	800002a4	00af1ca3	sh	x10,25(x30)	 x30:0x80008edb x10:0x00000000 PA:0x80008ef4
        1795000	       178	800002a8	00009617	auipc	x12,0x9	 x12=0x800092a4
        1805000	       179	800002ac	acb60613	addi	x12,x12,-1333	 x12:0x800092a4 x12=0x80008d6f
        1815000	       180	800002b0	fa160623	sb	x1,-84(x12)	 x12:0x80008d6f  x1:0x00000000 PA:0x80008d1b
        1825000	       181	800002b4	00760403	lb	x8,7(x12)	 x12:0x80008d6f  x8=0x00000000 PA:0x80008d76
        1835000	       182	800002b8	01c60323	sb	x28,6(x12)	 x12:0x80008d6f x28:0x00000000 PA:0x80008d75
        1845000	       183	800002bc	9283f693	andi	x13,x7,-1752	  x7:0x8000826a x13=0x80008028
        1855000	       184	800002c0	67a56713	ori	x14,x10,1658	 x10:0x00000000 x14=0x0000067a
        1865000	       185	800002c4	40a75433	sra	x8,x14,x10	 x14:0x0000067a x10:0x00000000  x8=0x0000067a
        1875000	       186	800002c8	95124e93	xori	x29,x4,-1711	  x4:0x80009f84 x29=0x7fff66d5
        1885000	       187	800002cc	013ed533	srl	x10,x29,x19	 x29:0x7fff66d5 x19:0x00000000 x10=0x7fff66d5
        1895000	       188	800002d0	0d962f03	lw	x30,217(x12)	 x12:0x80008d6f x30=0x00000000 PA:0x80008e48
        1905000	       189	00000000	00000013	addi	x0,x0,0	  x0:0x00000000
        1915000	       190	800002d4	9be94b93	xori	x23,x18,-1602	 x18:0x192d8c97 x23=0xe6d27529
        1925000	       191	800002d8	404edd33	sra	x26,x29,x4	 x29:0x7fff66d5  x4:0x80009f84 x26=0x07fff66d
        1935000	       192	800002dc	41365413	srai	x8,x12,0x13	 x12:0x80008d6f  x8=0xfffff000
        1945000	       193	800002e0	ff060623	sb	x16,-20(x12)	 x12:0x80008d6f x16:0x00000000 PA:0x80008d5b
        1955000	       194	800002e4	0cb65c83	lhu	x25,203(x12)	 x12:0x80008d6f x25=0x00000000 PA:0x80008e3a
        1965000	       195	800002e8	0152d533	srl	x10,x5,x21	  x5:0x00000000 x21:0x00000000 x10=0x00000000
        1975000	       196	800002ec	fab64283	lbu	x5,-85(x12)	 x12:0x80008d6f  x5=0x00000000 PA:0x80008d1a
        1985000	       197	800002f0	0b860383	lb	x7,184(x12)	 x12:0x80008d6f  x7=0x00000000 PA:0x80008e27
        1995000	       198	800002f4	03264d03	lbu	x26,50(x12)	 x12:0x80008d6f x26=0x00000000 PA:0x80008da1
        2005000	       199	800002f8	72ce2513	slti	x10,x28,1836	 x28:0x00000000 x10=0x00000001
        2015000	       200	800002fc	00947ab3	and	x21,x8,x9	  x8:0xfffff000  x9:0x00000000 x21=0x00000000
        2025000	       201	80000300	fd260023	sb	x18,-64(x12)	 x12:0x80008d6f x18:0x192d8c97 PA:0x80008d2f
        2035000	       202	80000304	0061d833	srl	x16,x3,x6	  x3:0x00000000  x6:0x80009fc4 x16=0x00000000
        2045000	       203	80000308	41383d93	sltiu	x27,x16,1043	 x16:0x00000000 x27=0x00000001
        2055000	       204	8000030c	01697db3	and	x27,x18,x22	 x18:0x192d8c97 x22:0x80008a25 x27=0x00008805
        2065000	       205	80000310	00000013	addi	x0,x0,0	  x0:0x00000000
        2075000	       206	80000314	99368993	addi	x19,x13,-1645	 x13:0x80008028 x19=0x800079bb
        2085000	       207	80000318	8733aa93	slti	x21,x7,-1933	  x7:0x00000000 x21=0x00000000
        2095000	       208	8000031c	01e7dd93	srli	x27,x15,0x1e	 x15:0x0000005c x27=0x00000000
        2105000	       209	80000320	0122f8b3	and	x17,x5,x18	  x5:0x00000000 x18:0x192d8c97 x17=0x00000000
        2115000	       210	80000324	00745813	srli	x16,x8,0x7	  x8:0xfffff000 x16=0x01ffffe0
        2125000	       211	80000328	40d001b3	sub	x3,x0,x13	  x0:0x00000000 x13:0x80008028  x3=0x7fff7fd8
        2135000	       212	8000032c	f8960323	sb	x9,-122(x12)	 x12:0x80008d6f  x9:0x00000000 PA:0x80008cf5
        2145000	       213	80000330	ee1766b7	lui	x13,0xee176	 x13=0xee176000
        2155000	       214	80000334	00000013	addi	x0,x0,0	  x0:0x00000000
        2165000	       215	80000338	f3b64a83	lbu	x21,-197(x12)	 x12:0x80008d6f x21=0x00000000 PA:0x80008caa
        2175000	       216	00000000	00000013	addi	x0,x0,0	  x0:0x00000000
        2185000	       217	8000033c	6b5cd297	auipc	x5,0x6b5cd	  x5=0xeb5cd338
        2195000	       218	80000340	0b2619a3	sh	x18,179(x12)	 x12:0x80008d6f x18:0x192d8c97 PA:0x80008e22
        2205000	       219	80000344	02c60883	lb	x17,44(x12)	 x12:0x80008d6f x17=0x00000000 PA:0x80008d9b
        2215000	       220	80000348	fa660003	lb	x0,-90(x12)	 x12:0x80008d6f PA:0x80008d15
        2225000	       221	8000034c	00008117	auipc	x2,0x8	  x2=0x80008348
        2235000	       222	80000350	5b710113	addi	x2,x2,1463	  x2:0x80008348  x2=0x800088ff
        2245000	       223	80000354	01d2df93	srli	x31,x5,0x1d	  x5:0xeb5cd338 x31=0x00000007
        2255000	       224	80000358	4174ddb3	sra	x27,x9,x23	  x9:0x00000000 x23:0xe6d27529 x27=0x00000000
        2265000	       225	8000035c	fe711da3	sh	x7,-5(x2)	  x2:0x800088ff  x7:0x00000000 PA:0x800088fa
        2275000	       226	80000360	5c28f293	andi	x5,x17,1474	 x17:0x00000000  x5=0x00000000
        2285000	       227	80000364	000b9c93	slli	x25,x23,0x0	 x23:0xe6d27529 x25=0xe6d27529
        2295000	       228	80000368	ad6abe97	auipc	x29,0xad6ab	 x29=0x2d6ab364
        2305000	       229	8000036c	fd814583	lbu	x11,-40(x2)	  x2:0x800088ff x11=0x00000000 PA:0x800088d7
        2315000	       230	80000370	001afa33	and	x20,x21,x1	 x21:0x00000000  x1:0x00000000 x20=0x00000000
        2325000	       231	80000374	01de9f33	sll	x30,x29,x29	 x29:0x2d6ab364 x29:0x2d6ab364 x30=0xd6ab3640
        2335000	       232	80000378	fc614783	lbu	x15,-58(x2)	  x2:0x800088ff x15=0x00000000 PA:0x800088c5
        2345000	       233	8000037c	41968db3	sub	x27,x13,x25	 x13:0xee176000 x25:0xe6d27529 x27=0x0744ead7
        2355000	       234	80000380	40c90bb3	sub	x23,x18,x12	 x18:0x192d8c97 x12:0x80008d6f x23=0x992cff28
        2365000	       235	80000384	ff610923	sb	x22,-14(x2)	  x2:0x800088ff x22:0x80008a25 PA:0x800088f1
        2375000	       236	80000388	ff710d23	sb	x23,-6(x2)	  x2:0x800088ff x23:0x992cff28 PA:0x800088f9
        2385000	       237	8000038c	01ea43b3	xor	x7,x20,x30	 x20:0x00000000 x30:0xd6ab3640  x7=0xd6ab3640
        2395000	       238	80000390	0126ee33	or	x28,x13,x18	 x13:0xee176000 x18:0x192d8c97 x28=0xff3fec97
        2405000	       239	80000394	3287efb7	lui	x31,0x3287e	 x31=0x3287e000
        2415000	       240	80000398	2ae77013	andi	x0,x14,686	 x14:0x0000067a
        2425000	       241	8000039c	02f10c23	sb	x15,56(x2)	  x2:0x800088ff x15:0x00000000 PA:0x80008937
        2435000	       242	800003a0	409a5ab3	sra	x21,x20,x9	 x20:0x00000000  x9:0x00000000 x21=0x00000000
        2445000	       243	800003a4	fd414803	lbu	x16,-44(x2)	  x2:0x800088ff x16=0x00000000 PA:0x800088d3
        2455000	       244	800003a8	009a95b3	sll	x11,x21,x9	 x21:0x00000000  x9:0x00000000 x11=0x00000000
        2465000	       245	800003ac	00b41393	slli	x7,x8,0xb	  x8:0xfffff000  x7=0xff800000
        2475000	       246	800003b0	42e16693	ori	x13,x2,1070	  x2:0x800088ff x13=0x80008cff
        2485000	       247	800003b4	00a9fb33	and	x22,x19,x10	 x19:0x800079bb x10:0x00000001 x22=0x00000001
        2495000	       248	800003b8	feb11983	lh	x19,-21(x2)	  x2:0x800088ff x19=0x00000000 PA:0x800088ea
        2505000	       249	800003bc	00e37eb3	and	x29,x6,x14	  x6:0x80009fc4 x14:0x0000067a x29=0x00000640
        2515000	       250	800003c0	fd414603	lbu	x12,-44(x2)	  x2:0x800088ff x12=0x00000000 PA:0x800088d3
        2525000	       251	800003c4	00bcde93	srli	x29,x25,0xb	 x25:0xe6d27529 x29=0x001cda4e
        2535000	       252	800003c8	ffb15403	lhu	x8,-5(x2)	  x2:0x800088ff  x8=0x00000000 PA:0x800088fa
        2545000	       253	800003cc	034128a3	sw	x20,49(x2)	  x2:0x800088ff x20:0x00000000 PA:0x80008930
        2555000	       254	800003d0	018bb2b3	sltu	x5,x23,x24	 x23:0x992cff28 x24:0x00000000  x5=0x00000000
        2565000	       255	800003d4	000465b3	or	x11,x8,x0	  x8:0x00000000  x0:0x00000000 x11=0x00000000
        2575000	       256	800003d8	03b15783	lhu	x15,59(x2)	  x2:0x800088ff x15=0x00000000 PA:0x8000893a
        2585000	       257	800003dc	00009f97	auipc	x31,0x9	 x31=0x800093d8
        2595000	       258	800003e0	846f8f93	addi	x31,x31,-1978	 x31:0x800093d8 x31=0x80008c1e
        2605000	       259	800003e4	015fc383	lbu	x7,21(x31)	 x31:0x80008c1e  x7=0x00000000 PA:0x80008c33
        2615000	       260	800003e8	00df8ba3	sb	x13,23(x31)	 x31:0x80008c1e x13:0x80008cff PA:0x80008c35
        2625000	       261	800003ec	fc8fdd03	lhu	x26,-56(x31)	 x31:0x80008c1e x26=0x00000000 PA:0x80008be6
        2635000	       262	800003f0	3e326793	ori	x15,x4,995	  x4:0x80009f84 x15=0x80009fe7
        2645000	       263	800003f4	fe1f8503	lb	x10,-31(x31)	 x31:0x80008c1e x10=0x00000000 PA:0x80008bff
        2655000	       264	800003f8	48f68413	addi	x8,x13,1167	 x13:0x80008cff  x8=0x8000918e
        2665000	       265	800003fc	014f9b03	lh	x22,20(x31)	 x31:0x80008c1e x22=0x00000000 PA:0x80008c32
        2675000	       266	80000400	fdbf8803	lb	x16,-37(x31)	 x31:0x80008c1e x16=0x00000000 PA:0x80008bf9
        2685000	       267	80000404	017f82a3	sb	x23,5(x31)	 x31:0x80008c1e x23:0x992cff28 PA:0x80008c23
        2695000	       268	80000408	fddf8803	lb	x16,-35(x31)	 x31:0x80008c1e x16=0x00000000 PA:0x80008bfb
        2705000	       269	8000040c	00ff8403	lb	x8,15(x31)	 x31:0x80008c1e  x8=0x00000000 PA:0x80008c2d
        2715000	       270	80000410	00cf9323	sh	x12,6(x31)	 x31:0x80008c1e x12:0x00000000 PA:0x80008c24
        2725000	       271	80000414	42ed8b93	addi	x23,x27,1070	 x27:0x0744ead7 x23=0x0744ef05
        2735000	       272	80000418	034f8e23	sb	x20,60(x31)	 x31:0x80008c1e x20:0x00000000 PA:0x80008c5a
        2745000	       273	8000041c	fc0f8603	lb	x12,-64(x31)	 x31:0x80008c1e x12=0x00000000 PA:0x80008bde
        2755000	       274	00000000	00000013	addi	x0,x0,0	  x0:0x00000000
        2765000	       275	80000420	00c5c033	xor	x0,x11,x12	 x11:0x00000000 x12:0x00000000
        2775000	       276	80000424	00afa523	sw	x10,10(x31)	 x31:0x80008c1e x10:0x00000000 PA:0x80008c28
        2785000	       277	80000428	037f9223	sh	x23,36(x31)	 x31:0x80008c1e x23:0x0744ef05 PA:0x80008c42
        2795000	       278	8000042c	d8704d13	xori	x26,x0,-633	  x0:0x00000000 x26=0xfffffd87
        2805000	       279	80000430	403507b3	sub	x15,x10,x3	 x10:0x00000000  x3:0x7fff7fd8 x15=0x80008028
        2815000	       280	80000434	18e3c0b7	lui	x1,0x18e3c	  x1=0x18e3c000
        2825000	       281	80000438	fe2f9f03	lh	x30,-30(x31)	 x31:0x80008c1e x30=0x00000000 PA:0x80008c00
        2835000	       282	8000043c	751b3437	lui	x8,0x751b3	  x8=0x751b3000
        2845000	       283	80000440	7ca9cd93	xori	x27,x19,1994	 x19:0x00000000 x27=0x000007ca
        2855000	       284	80000444	ff8f87a3	sb	x24,-17(x31)	 x31:0x80008c1e x24:0x00000000 PA:0x80008c0d
        2865000	       285	80000448	007f9e23	sh	x7,28(x31)	 x31:0x80008c1e  x7:0x00000000 PA:0x80008c3a
        2875000	       286	8000044c	03bf8e23	sb	x27,60(x31)	 x31:0x80008c1e x27:0x000007ca PA:0x80008c5a
        2885000	       287	80000450	984f6813	ori	x16,x30,-1660	 x30:0x00000000 x16=0xfffff984
        2895000	       288	80000454	410705b3	sub	x11,x14,x16	 x14:0x0000067a x16:0xfffff984 x11=0x00000cf6
        2905000	       289	80000458	01e2b733	sltu	x14,x5,x30	  x5:0x00000000 x30:0x00000000 x14=0x00000000
        2915000	       290	8000045c	01730db3	add	x27,x6,x23	  x6:0x80009fc4 x23:0x0744ef05 x27=0x87458ec9
        2925000	       291	80000460	ff1f8aa3	sb	x17,-11(x31)	 x31:0x80008c1e x17:0x00000000 PA:0x80008c13
        2935000	       292	80000464	01497033	and	x0,x18,x20	 x18:0x192d8c97 x20:0x00000000
        2945000	       293	80000468	97a803b7	lui	x7,0x97a80	  x7=0x97a80000
        2955000	       294	8000046c	83217393	andi	x7,x2,-1998	  x2:0x800088ff  x7=0x80008832
        2965000	       295	80000470	03ff8583	lb	x11,63(x31)	 x31:0x80008c1e x11=0x00000000 PA:0x80008c5d
        2975000	       296	80000474	ff3f8703	lb	x14,-13(x31)	 x31:0x80008c1e x14=0x00000000 PA:0x80008c11
        2985000	       297	80000478	017bdd93	srli	x27,x23,0x17	 x23:0x0744ef05 x27=0x0000000e
        2995000	       298	8000047c	d50b0517	auipc	x10,0xd50b0	 x10=0x550b0478
        3005000	       299	80000480	02bf8a23	sb	x11,52(x31)	 x31:0x80008c1e x11:0x00000000 PA:0x80008c52
        3015000	       300	80000484	00dfc603	lbu	x12,13(x31)	 x31:0x80008c1e x12=0x00000000 PA:0x80008c2b
        3025000	       301	80000488	030f9b83	lh	x23,48(x31)	 x31:0x80008c1e x23=0x00000000 PA:0x80008c4e
        3035000	       302	8000048c	02ff9023	sh	x15,32(x31)	 x31:0x80008c1e x15:0x80008028 PA:0x80008c3e
        3045000	       303	80000490	00008a97	auipc	x21,0x8	 x21=0x8000848c
        3055000	       304	80000494	ff0a8a93	addi	x21,x21,-16	 x21:0x8000848c x21=0x8000847c
        3065000	       305	80000498	008acd03	lbu	x26,8(x21)	 x21:0x8000847c x26=0x00000000 PA:0x80008484
        3075000	       306	8000049c	012fb533	sltu	x10,x31,x18	 x31:0x80008c1e x18:0x192d8c97 x10=0x00000000
        3085000	       307	800004a0	008aa583	lw	x11,8(x21)	 x21:0x8000847c x11=0x00000000 PA:0x80008484
        3095000	       308	800004a4	01da8423	sb	x29,8(x21)	 x21:0x8000847c x29:0x001cda4e PA:0x80008484
        3105000	       309	800004a8	008adf83	lhu	x31,8(x21)	 x21:0x8000847c x31=0x0000004e PA:0x80008484
        3115000	       310	800004ac	00ebe533	or	x10,x23,x14	 x23:0x00000000 x14:0x00000000 x10=0x00000000
        3125000	       311	800004b0	012ad413	srli	x8,x21,0x12	 x21:0x8000847c  x8=0x00002000
        3135000	       312	800004b4	00faa423	sw	x15,8(x21)	 x21:0x8000847c x15:0x80008028 PA:0x80008484
        3145000	       313	800004b8	011aa423	sw	x17,8(x21)	 x21:0x8000847c x17:0x00000000 PA:0x80008484
        3155000	       314	800004bc	008ad183	lhu	x3,8(x21)	 x21:0x8000847c  x3=0x00000000 PA:0x80008484
        3165000	       315	800004c0	0ed7be93	sltiu	x29,x15,237	 x15:0x80008028 x29=0x00000000
        3175000	       316	800004c4	008aa983	lw	x19,8(x21)	 x21:0x8000847c x19=0x00000000 PA:0x80008484
        3185000	       317	800004c8	008a9e83	lh	x29,8(x21)	 x21:0x8000847c x29=0x00000000 PA:0x80008484
        3195000	       318	800004cc	b46e3013	sltiu	x0,x28,-1210	 x28:0xff3fec97
        3205000	       319	800004d0	008a9f03	lh	x30,8(x21)	 x21:0x8000847c x30=0x00000000 PA:0x80008484
        3215000	       320	800004d4	015a9423	sh	x21,8(x21)	 x21:0x8000847c x21:0x8000847c PA:0x80008484
        3225000	       321	800004d8	000e4eb3	xor	x29,x28,x0	 x28:0xff3fec97  x0:0x00000000 x29=0xff3fec97
        3235000	       322	800004dc	008ad583	lhu	x11,8(x21)	 x21:0x8000847c x11=0x0000847c PA:0x80008484
        3245000	       323	800004e0	008acc03	lbu	x24,8(x21)	 x21:0x8000847c x24=0x0000007c PA:0x80008484
        3255000	       324	800004e4	015aa423	sw	x21,8(x21)	 x21:0x8000847c x21:0x8000847c PA:0x80008484
        3265000	       325	800004e8	006acd83	lbu	x27,6(x21)	 x21:0x8000847c x27=0x00000000 PA:0x80008482
        3275000	       326	800004ec	006ad683	lhu	x13,6(x21)	 x21:0x8000847c x13=0x00000000 PA:0x80008482
        3285000	       327	800004f0	00008517	auipc	x10,0x8	 x10=0x800084ec
        3295000	       328	800004f4	5c550513	addi	x10,x10,1477	 x10:0x800084ec x10=0x80008ab1
        3305000	       329	800004f8	e2850f83	lb	x31,-472(x10)	 x10:0x80008ab1 x31=0x00000000 PA:0x800088d9
        3315000	       330	800004fc	2fd50ba3	sb	x29,759(x10)	 x10:0x80008ab1 x29:0xff3fec97 PA:0x80008da8
        3325000	       331	80000500	0a151ca3	sh	x1,185(x10)	 x10:0x80008ab1  x1:0x18e3c000 PA:0x80008b6a
        3335000	       332	80000504	dfb86137	lui	x2,0xdfb86	  x2=0xdfb86000
        3345000	       333	80000508	0f550083	lb	x1,245(x10)	 x10:0x80008ab1  x1=0x00000000 PA:0x80008ba6
        3355000	       334	8000050c	0ea51aa3	sh	x10,245(x10)	 x10:0x80008ab1 x10:0x80008ab1 PA:0x80008ba6
        3365000	       335	80000510	2f533417	auipc	x8,0x2f533	  x8=0xaf53350c
        3375000	       336	80000514	0f554d83	lbu	x27,245(x10)	 x10:0x80008ab1 x27=0x000000b1 PA:0x80008ba6
        3385000	       337	80000518	27951aa3	sh	x25,629(x10)	 x10:0x80008ab1 x25:0xe6d27529 PA:0x80008d26
        3395000	       338	8000051c	26a51aa3	sh	x10,629(x10)	 x10:0x80008ab1 x10:0x80008ab1 PA:0x80008d26
        3405000	       339	80000520	f98ff037	lui	x0,0xf98ff	
        3415000	       340	80000524	3eb55283	lhu	x5,1003(x10)	 x10:0x80008ab1  x5=0x00000000 PA:0x80008e9c
        3425000	       341	80000528	d9f50a83	lb	x21,-609(x10)	 x10:0x80008ab1 x21=0x00000000 PA:0x80008850
        3435000	       342	8000052c	01c8fc33	and	x24,x17,x28	 x17:0x00000000 x28:0xff3fec97 x24=0x00000000
        3445000	       343	80000530	00000013	addi	x0,x0,0	  x0:0x00000000
        3455000	       344	80000534	dc850c83	lb	x25,-568(x10)	 x10:0x80008ab1 x25=0x00000000 PA:0x80008879
        3465000	       345	80000538	00489593	slli	x11,x17,0x4	 x17:0x00000000 x11=0x00000000
        3475000	       346	8000053c	dc854403	lbu	x8,-568(x10)	 x10:0x80008ab1  x8=0x00000000 PA:0x80008879
        3485000	       347	80000540	006a79b3	and	x19,x20,x6	 x20:0x00000000  x6:0x80009fc4 x19=0x00000000
        3495000	       348	80000544	dc854483	lbu	x9,-568(x10)	 x10:0x80008ab1  x9=0x00000000 PA:0x80008879
        3505000	       349	80000548	f0c50e83	lb	x29,-244(x10)	 x10:0x80008ab1 x29=0x00000000 PA:0x800089bd
        3515000	       350	8000054c	fd950c23	sb	x25,-40(x10)	 x10:0x80008ab1 x25:0x00000000 PA:0x80008a89
        3525000	       351	80000550	45355683	lhu	x13,1107(x10)	 x10:0x80008ab1 x13=0x00000000 PA:0x80008f04
        3535000	       352	00000000	00000013	addi	x0,x0,0	  x0:0x00000000
        3545000	       353	80000554	ead50b23	sb	x13,-330(x10)	 x10:0x80008ab1 x13:0x00000000 PA:0x80008967
        3555000	       354	80000558	00008517	auipc	x10,0x8	 x10=0x80008554
        3565000	       355	8000055c	3a850513	addi	x10,x10,936	 x10:0x80008554 x10=0x800088fc
        3575000	       356	80000560	00008f97	auipc	x31,0x8	 x31=0x8000855c
        3585000	       357	80000564	5cdf8f93	addi	x31,x31,1485	 x31:0x8000855c x31=0x80008b29
        3595000	       358	80000568	037f8c03	lb	x24,55(x31)	 x31:0x80008b29 x24=0x00000000 PA:0x80008b60
        3605000	       359	8000056c	03754483	lbu	x9,55(x10)	 x10:0x800088fc  x9=0x00000000 PA:0x80008933
        3615000	       360	80000570	013fc803	lbu	x16,19(x31)	 x31:0x80008b29 x16=0x00000000 PA:0x80008b3c
        3625000	       361	80000574	027f8703	lb	x14,39(x31)	 x31:0x80008b29 x14=0x00000000 PA:0x80008b50
        3635000	       362	80000578	fe6f9ea3	sh	x6,-3(x31)	 x31:0x80008b29  x6:0x80009fc4 PA:0x80008b26
        3645000	       363	8000057c	f1f50883	lb	x17,-225(x10)	 x10:0x800088fc x17=0x00000000 PA:0x8000881b
        3655000	       364	80000580	f9250ba3	sb	x18,-105(x10)	 x10:0x800088fc x18:0x192d8c97 PA:0x80008893
        3665000	       365	80000584	03df9ba3	sh	x29,55(x31)	 x31:0x80008b29 x29:0x00000000 PA:0x80008b60
        3675000	       366	80000588	f4750a83	lb	x21,-185(x10)	 x10:0x800088fc x21=0x00000000 PA:0x80008843
        3685000	       367	8000058c	02bfd603	lhu	x12,43(x31)	 x31:0x80008b29 x12=0x00000000 PA:0x80008b54
        3695000	       368	80000590	0fe50103	lb	x2,254(x10)	 x10:0x800088fc  x2=0x00000000 PA:0x800089fa
        3705000	       369	80000594	00e50a03	lb	x20,14(x10)	 x10:0x800088fc x20=0x00000000 PA:0x8000890a
        3715000	       370	80000598	02df8aa3	sb	x13,53(x31)	 x31:0x80008b29 x13:0x00000000 PA:0x80008b5e
        3725000	       371	8000059c	fc350c03	lb	x24,-61(x10)	 x10:0x800088fc x24=0x00000000 PA:0x800088bf
        3735000	       372	800005a0	001f8403	lb	x8,1(x31)	 x31:0x80008b29  x8=0x00000000 PA:0x80008b2a
        3745000	       373	800005a4	00008097	auipc	x1,0x8	  x1=0x800085a0
        3755000	       374	800005a8	b6308093	addi	x1,x1,-1181	  x1:0x800085a0  x1=0x80008103
        3765000	       375	800005ac	206091a3	sh	x6,515(x1)	  x1:0x80008103  x6:0x80009fc4 PA:0x80008306
        3775000	       376	800005b0	7f27e497	auipc	x9,0x7f27e	  x9=0xff27e5ac
        3785000	       377	800005b4	6520ca83	lbu	x21,1618(x1)	  x1:0x80008103 x21=0x00000000 PA:0x80008755
        3795000	       378	800005b8	f5a0a8a3	sw	x26,-175(x1)	  x1:0x80008103 x26:0x00000000 PA:0x80008054
        3805000	       379	800005bc	1e90cd03	lbu	x26,489(x1)	  x1:0x80008103 x26=0x00000000 PA:0x800082ec
        3815000	       380	800005c0	00000013	addi	x0,x0,0	  x0:0x00000000
        3825000	       381	800005c4	005a5013	srli	x0,x20,0x5	 x20:0x00000000
        3835000	       382	800005c8	5a7082a3	sb	x7,1445(x1)	  x1:0x80008103  x7:0x80008832 PA:0x800086a8
        3845000	       383	800005cc	4510a6a3	sw	x17,1101(x1)	  x1:0x80008103 x17:0x00000000 PA:0x80008550
        3855000	       384	800005d0	57d0dc03	lhu	x24,1405(x1)	  x1:0x80008103 x24=0x00000000 PA:0x80008680
        3865000	       385	800005d4	38608223	sb	x6,900(x1)	  x1:0x80008103  x6:0x80009fc4 PA:0x80008487
        3875000	       386	800005d8	0a9091a3	sh	x9,163(x1)	  x1:0x80008103  x9:0xff27e5ac PA:0x800081a6
        3885000	       387	800005dc	4dfeea13	ori	x20,x29,1247	 x29:0x00000000 x20=0x000004df
        3895000	       388	800005e0	00108da3	sb	x1,27(x1)	  x1:0x80008103  x1:0x80008103 PA:0x8000811e
        3905000	       389	800005e4	3ce08503	lb	x10,974(x1)	  x1:0x80008103 x10=0x00000000 PA:0x800084d1
        3915000	       390	800005e8	0e108383	lb	x7,225(x1)	  x1:0x80008103  x7=0x00000000 PA:0x800081e4
        3925000	       391	800005ec	02a08723	sb	x10,46(x1)	  x1:0x80008103 x10:0x00000000 PA:0x80008131
        3935000	       392	800005f0	01933d33	sltu	x26,x6,x25	  x6:0x80009fc4 x25:0x00000000 x26=0x00000000
        3945000	       393	800005f4	042ae893	ori	x17,x21,66	 x21:0x00000000 x17=0x00000042
        3955000	       394	800005f8	2fd0de03	lhu	x28,765(x1)	  x1:0x80008103 x28=0x00000000 PA:0x80008400
        3965000	       395	800005fc	018d1f13	slli	x30,x26,0x18	 x26:0x00000000 x30=0x00000000
        3975000	       396	80000600	5e909783	lh	x15,1513(x1)	  x1:0x80008103 x15=0x00000000 PA:0x800086ec
        3985000	       397	80000604	23d0a183	lw	x3,573(x1)	  x1:0x80008103  x3=0x00000000 PA:0x80008340
        3995000	       398	80000608	be766b13	ori	x22,x12,-1049	 x12:0x00000000 x22=0xfffffbe7
        4005000	       399	8000060c	0980c703	lbu	x14,152(x1)	  x1:0x80008103 x14=0x00000000 PA:0x8000819b
        4015000	       400	00000000	00000013	addi	x0,x0,0	  x0:0x00000000
        4025000	       401	80000610	12e08283	lb	x5,302(x1)	  x1:0x80008103  x5=0x00000000 PA:0x80008231
        4035000	       402	00000000	00000013	addi	x0,x0,0	  x0:0x00000000
        4045000	       403	80000614	dc56a693	slti	x13,x13,-571	 x13:0x00000000 x13=0x00000000
        4055000	       404	80000618	1c908483	lb	x9,457(x1)	  x1:0x80008103  x9=0x00000000 PA:0x800082cc
        4065000	       405	8000061c	69b0d483	lhu	x9,1691(x1)	  x1:0x80008103  x9=0x00000000 PA:0x8000879e
        4075000	       406	80000620	017df633	and	x12,x27,x23	 x27:0x000000b1 x23:0x00000000 x12=0x00000000
        4085000	       407	80000624	fd7df713	andi	x14,x27,-41	 x27:0x000000b1 x14=0x00000091
        4095000	       408	80000628	f2bd3893	sltiu	x17,x26,-213	 x26:0x00000000 x17=0x00000001
        4105000	       409	8000062c	015a5033	srl	x0,x20,x21	 x20:0x000004df x21:0x00000000
        4115000	       410	80000630	41845b93	srai	x23,x8,0x18	  x8:0x00000000 x23=0x00000000
        4125000	       411	80000634	5a30da03	lhu	x20,1443(x1)	  x1:0x80008103 x20=0x00000000 PA:0x800086a6
        4135000	       412	80000638	3a908c83	lb	x25,937(x1)	  x1:0x80008103 x25=0x00000000 PA:0x800084ac
        4145000	       413	8000063c	014044b3	xor	x9,x0,x20	  x0:0x00000000 x20:0x00000000  x9=0x00000000
        4155000	       414	80000640	40d4d493	srai	x9,x9,0xd	  x9:0x00000000  x9=0x00000000
        4165000	       415	80000644	f6b30993	addi	x19,x6,-149	  x6:0x80009fc4 x19=0x80009f2f
        4175000	       416	80000648	0ce0c883	lbu	x17,206(x1)	  x1:0x80008103 x17=0x00000000 PA:0x800081d1
        4185000	       417	8000064c	22b08ba3	sb	x11,567(x1)	  x1:0x80008103 x11:0x00000000 PA:0x8000833a
        4195000	       418	80000650	35408383	lb	x7,852(x1)	  x1:0x80008103  x7=0xffffff9e PA:0x80008457
        4205000	       419	80000654	0de08ba3	sb	x30,215(x1)	  x1:0x80008103 x30:0x00000000 PA:0x800081da
        4215000	       420	80000658	00ea3db3	sltu	x27,x20,x14	 x20:0x00000000 x14:0x00000091 x27=0x00000001
        4225000	       421	8000065c	0e008923	sb	x0,242(x1)	  x1:0x80008103  x0:0x00000000 PA:0x800081f5
        4235000	       422	80000660	08f08783	lb	x15,143(x1)	  x1:0x80008103 x15=0x00000000 PA:0x80008192
        4245000	       423	80000664	0124d013	srli	x0,x9,0x12	  x9:0x00000000
        4255000	       424	80000668	265098a3	sh	x5,625(x1)	  x1:0x80008103  x5:0x00000000 PA:0x80008374
        4265000	       425	8000066c	00008117	auipc	x2,0x8	  x2=0x80008668
        4275000	       426	80000670	6de10113	addi	x2,x2,1758	  x2:0x80008668  x2=0x80008d46
        4285000	       427	80000674	00000013	addi	x0,x0,0	  x0:0x00000000
        4295000	       428	80000678	fc711723	sh	x7,-50(x2)	  x2:0x80008d46  x7:0xffffff9e PA:0x80008d14
        4305000	       429	8000067c	e482afb7	lui	x31,0xe482a	 x31=0xe482a000
        4315000	       430	80000680	50557b13	andi	x22,x10,1285	 x10:0x00000000 x22=0x00000000
        4325000	       431	80000684	02214b83	lbu	x23,34(x2)	  x2:0x80008d46 x23=0x00000000 PA:0x80008d68
        4335000	       432	80000688	02212783	lw	x15,34(x2)	  x2:0x80008d46 x15=0x00000000 PA:0x80008d68
        4345000	       433	8000068c	01ec15b3	sll	x11,x24,x30	 x24:0x00000000 x30:0x00000000 x11=0x00000000
        4355000	       434	80000690	b2e44813	xori	x16,x8,-1234	  x8:0x00000000 x16=0xfffffb2e
        4365000	       435	80000694	fcb14803	lbu	x16,-53(x2)	  x2:0x80008d46 x16=0x00000000 PA:0x80008d11
        4375000	       436	80000698	fcb10783	lb	x15,-53(x2)	  x2:0x80008d46 x15=0x00000000 PA:0x80008d11
        4385000	       437	8000069c	fcb10083	lb	x1,-53(x2)	  x2:0x80008d46  x1=0x00000000 PA:0x80008d11
        4395000	       438	800006a0	fcb14c03	lbu	x24,-53(x2)	  x2:0x80008d46 x24=0x00000000 PA:0x80008d11
        4405000	       439	800006a4	fce105a3	sb	x14,-53(x2)	  x2:0x80008d46 x14:0x00000091 PA:0x80008d11
        4415000	       440	800006a8	fcb10603	lb	x12,-53(x2)	  x2:0x80008d46 x12=0xffffff91 PA:0x80008d11
        4425000	       441	800006ac	017026b3	slt	x13,x0,x23	  x0:0x00000000 x23:0x00000000 x13=0x00000000
        4435000	       442	800006b0	fd9105a3	sb	x25,-53(x2)	  x2:0x80008d46 x25:0x00000000 PA:0x80008d11
        4445000	       443	800006b4	fcb105a3	sb	x11,-53(x2)	  x2:0x80008d46 x11:0x00000000 PA:0x80008d11
        4455000	       444	800006b8	fcb10503	lb	x10,-53(x2)	  x2:0x80008d46 x10=0x00000000 PA:0x80008d11
        4465000	       445	800006bc	00010a03	lb	x20,0(x2)	  x2:0x80008d46 x20=0x00000000 PA:0x80008d46
        4475000	       446	800006c0	00c10723	sb	x12,14(x2)	  x2:0x80008d46 x12:0xffffff91 PA:0x80008d54
        4485000	       447	800006c4	00e15683	lhu	x13,14(x2)	  x2:0x80008d46 x13=0x00000091 PA:0x80008d54
        4495000	       448	800006c8	00000013	addi	x0,x0,0	  x0:0x00000000
        4505000	       449	800006cc	01110723	sb	x17,14(x2)	  x2:0x80008d46 x17:0x00000000 PA:0x80008d54
        4515000	       450	800006d0	01dd0cb3	add	x25,x26,x29	 x26:0x00000000 x29:0x00000000 x25=0x00000000
        4525000	       451	800006d4	009ce0b3	or	x1,x25,x9	 x25:0x00000000  x9:0x00000000  x1=0x00000000
        4535000	       452	800006d8	00a267b3	or	x15,x4,x10	  x4:0x80009f84 x10:0x00000000 x15=0x80009f84
        4545000	       453	800006dc	f5520f17	auipc	x30,0xf5520	 x30=0x755206d8
        4555000	       454	800006e0	75d1c113	xori	x2,x3,1885	  x3:0x00000000  x2=0x0000075d
        4565000	       455	800006e4	04378063	beq	x15,x3,80000724	 x15:0x80009f84  x3:0x00000000
        4575000	       456	800006e8	00dc2fb3	slt	x31,x24,x13	 x24:0x00000000 x13:0x00000091 x31=0x00000001
        4585000	       457	800006ec	002b42b3	xor	x5,x22,x2	 x22:0x00000000  x2:0x0000075d  x5=0x0000075d
        4595000	       458	800006f0	00000013	addi	x0,x0,0	  x0:0x00000000
        4605000	       459	800006f4	0464e263	bltu	x9,x6,80000738	  x9:0x00000000  x6:0x80009fc4
        4615000	       460	00000000	00000013	addi	x0,x0,0	  x0:0x00000000
        4625000	       461	80000734	00000013	addi	x0,x0,0	  x0:0x00000000
        4635000	       462	80000738	00739433	sll	x8,x7,x7	  x7:0xffffff9e  x7:0xffffff9e  x8=0x80000000
        4645000	       463	8000073c	010e0c63	beq	x28,x16,80000754	 x28:0x00000000 x16:0x00000000
        4655000	       464	00000000	00000013	addi	x0,x0,0	  x0:0x00000000
        4665000	       465	80000750	00000013	addi	x0,x0,0	  x0:0x00000000
        4675000	       466	80000754	3a196293	ori	x5,x18,929	 x18:0x192d8c97  x5=0x192d8fb7
        4685000	       467	80000758	4086ddb3	sra	x27,x13,x8	 x13:0x00000091  x8:0x80000000 x27=0x00000091
        4695000	       468	8000075c	03fe7663	bgeu	x28,x31,80000788	 x28:0x00000000 x31:0x00000001
        4705000	       469	80000760	40e25d93	srai	x27,x4,0xe	  x4:0x80009f84 x27=0xfffe0002
        4715000	       470	80000764	004ed113	srli	x2,x29,0x4	 x29:0x00000000  x2=0x00000000
        4725000	       471	80000768	00539993	slli	x19,x7,0x5	  x7:0xffffff9e x19=0xfffff3c0
        4735000	       472	8000076c	024a4463	blt	x20,x4,80000794	 x20:0x00000000  x4:0x80009f84
        4745000	       473	80000770	02d0c063	blt	x1,x13,80000790	  x1:0x00000000 x13:0x00000091
        4755000	       474	00000000	00000013	addi	x0,x0,0	  x0:0x00000000
        4765000	       475	8000078c	00000013	addi	x0,x0,0	  x0:0x00000000
        4775000	       476	80000790	00000013	addi	x0,x0,0	  x0:0x00000000
        4785000	       477	80000794	0080f863	bgeu	x1,x8,800007a4	  x1:0x00000000  x8:0x80000000
        4795000	       478	80000798	021dce63	blt	x27,x1,800007d4	 x27:0xfffe0002  x1:0x00000000
        4805000	       479	00000000	00000013	addi	x0,x0,0	  x0:0x00000000
        4815000	       480	800007d0	00000013	addi	x0,x0,0	  x0:0x00000000
        4825000	       481	800007d4	7081b113	sltiu	x2,x3,1800	  x3:0x00000000  x2=0x00000001
        4835000	       482	800007d8	4896e493	ori	x9,x13,1161	 x13:0x00000091  x9=0x00000499
        4845000	       483	800007dc	65ce10b7	lui	x1,0x65ce1	  x1=0x65ce1000
        4855000	       484	800007e0	0150da93	srli	x21,x1,0x15	  x1:0x65ce1000 x21=0x0000032e
        4865000	       485	800007e4	00e278b3	and	x17,x4,x14	  x4:0x80009f84 x14:0x00000091 x17=0x00000080
        4875000	       486	800007e8	00709863	bne	x1,x7,800007f8	  x1:0x65ce1000  x7:0xffffff9e
        4885000	       487	00000000	00000013	addi	x0,x0,0	  x0:0x00000000
        4895000	       488	800007f4	00000013	addi	x0,x0,0	  x0:0x00000000
        4905000	       489	800007f8	90efa693	slti	x13,x31,-1778	 x31:0x00000001 x13=0x00000000
        4915000	       490	800007fc	41b70ab3	sub	x21,x14,x27	 x14:0x00000091 x27:0xfffe0002 x21=0x0002008f
        4925000	       491	80000800	84d5ed93	ori	x27,x11,-1971	 x11:0x00000000 x27=0xfffff84d
        4935000	       492	80000804	007090b3	sll	x1,x1,x7	  x1:0x65ce1000  x7:0xffffff9e  x1=0x00000000
        4945000	       493	80000808	005bbab3	sltu	x21,x23,x5	 x23:0x00000000  x5:0x192d8fb7 x21=0x00000001
        4955000	       494	8000080c	a73b7193	andi	x3,x22,-1421	 x22:0x00000000  x3=0x00000000
        4965000	       495	80000810	04da6663	bltu	x20,x13,8000085c	 x20:0x00000000 x13:0x00000000
        4975000	       496	80000814	00ef6eb3	or	x29,x30,x14	 x30:0x755206d8 x14:0x00000091 x29=0x755206d9
        4985000	       497	80000818	971c4c93	xori	x25,x24,-1679	 x24:0x00000000 x25=0xfffff971
        4995000	       498	8000081c	0188e663	bltu	x17,x24,80000828	 x17:0x00000080 x24:0x00000000
        5005000	       499	80000820	03b81663	bne	x16,x27,8000084c	 x16:0x00000000 x27:0xfffff84d
        5015000	       500	00000000	00000013	addi	x0,x0,0	  x0:0x00000000
        5025000	       501	80000848	00000013	addi	x0,x0,0	  x0:0x00000000
        5035000	       502	8000084c	015daf33	slt	x30,x27,x21	 x27:0xfffff84d x21:0x00000001 x30=0x00000001
        5045000	       503	80000850	aa4a7f13	andi	x30,x20,-1372	 x20:0x00000000 x30=0x00000000
        5055000	       504	80000854	08bafc63	bgeu	x21,x11,800008ec	 x21:0x00000001 x11:0x00000000
        5065000	       505	00000000	00000013	addi	x0,x0,0	  x0:0x00000000
        5075000	       506	800008e8	00000013	addi	x0,x0,0	  x0:0x00000000
        5085000	       507	800008ec	01ed4663	blt	x26,x30,800008f8	 x26:0x00000000 x30:0x00000000
        5095000	       508	800008f0	01fd1463	bne	x26,x31,800008f8	 x26:0x00000000 x31:0x00000001
        5105000	       509	00000000	00000013	addi	x0,x0,0	  x0:0x00000000
        5115000	       510	800008f4	00000013	addi	x0,x0,0	  x0:0x00000000
        5125000	       511	800008f8	c1af0a13	addi	x20,x30,-998	 x30:0x00000000 x20=0xfffffc1a
        5135000	       512	800008fc	01dc92b3	sll	x5,x25,x29	 x25:0xfffff971 x29:0x755206d9  x5=0xe2000000
        5145000	       513	80000900	008b5993	srli	x19,x22,0x8	 x22:0x00000000 x19=0x00000000
        5155000	       514	80000904	bdb03413	sltiu	x8,x0,-1061	  x0:0x00000000  x8=0x00000001
        5165000	       515	80000908	82c0ceb7	lui	x29,0x82c0c	 x29=0x82c0c000
        5175000	       516	8000090c	0024ad33	slt	x26,x9,x2	  x9:0x00000499  x2:0x00000001 x26=0x00000000
        5185000	       517	80000910	01c05e63	bge	x0,x28,8000092c	  x0:0x00000000 x28:0x00000000
        5195000	       518	00000000	00000013	addi	x0,x0,0	  x0:0x00000000
        5205000	       519	80000928	00000013	addi	x0,x0,0	  x0:0x00000000
        5215000	       520	8000092c	01127433	and	x8,x4,x17	  x4:0x80009f84 x17:0x00000080  x8=0x00000080
        5225000	       521	80000930	03fcee63	bltu	x25,x31,8000096c	 x25:0xfffff971 x31:0x00000001
        5235000	       522	80000934	788f71b7	lui	x3,0x788f7	  x3=0x788f7000
        5245000	       523	80000938	01940e63	beq	x8,x25,80000954	  x8:0x00000080 x25:0xfffff971
        5255000	       524	8000093c	01031463	bne	x6,x16,80000944	  x6:0x80009fc4 x16:0x00000000
        5265000	       525	00000000	00000013	addi	x0,x0,0	  x0:0x00000000
        5275000	       526	80000940	00000013	addi	x0,x0,0	  x0:0x00000000
        5285000	       527	80000944	01460a63	beq	x12,x20,80000958	 x12:0xffffff91 x20:0xfffffc1a
        5295000	       528	80000948	019405b3	add	x11,x8,x25	  x8:0x00000080 x25:0xfffff971 x11=0xfffff9f1
        5305000	       529	8000094c	00efd8b3	srl	x17,x31,x14	 x31:0x00000001 x14:0x00000091 x17=0x00000000
        5315000	       530	80000950	0092c633	xor	x12,x5,x9	  x5:0xe2000000  x9:0x00000499 x12=0xe2000499
        5325000	       531	80000954	2b8b9b17	auipc	x22,0x2b8b9	 x22=0xab8b9950
        5335000	       532	80000958	41ff0033	sub	x0,x30,x31	 x30:0x00000000 x31:0x00000001
        5345000	       533	8000095c	00dc7e63	bgeu	x24,x13,80000978	 x24:0x00000000 x13:0x00000000
        5355000	       534	00000000	00000013	addi	x0,x0,0	  x0:0x00000000
        5365000	       535	80000974	00000013	addi	x0,x0,0	  x0:0x00000000
        5375000	       536	80000978	010d1b13	slli	x22,x26,0x10	 x26:0x00000000 x22=0x00000000
        5385000	       537	8000097c	07664297	auipc	x5,0x7664	  x5=0x87664978
        5395000	       538	80000980	41738ab3	sub	x21,x7,x23	  x7:0xffffff9e x23:0x00000000 x21=0xffffff9e
        5405000	       539	80000984	008f9663	bne	x31,x8,80000990	 x31:0x00000001  x8:0x00000080
        5415000	       540	00000000	00000013	addi	x0,x0,0	  x0:0x00000000
        5425000	       541	8000098c	00000013	addi	x0,x0,0	  x0:0x00000000
        5435000	       542	80000990	409f8533	sub	x10,x31,x9	 x31:0x00000001  x9:0x00000499 x10=0xfffffb68
        5445000	       543	80000994	484ace13	xori	x28,x21,1156	 x21:0xffffff9e x28=0xfffffb1a
        5455000	       544	80000998	192c3c13	sltiu	x24,x24,402	 x24:0x00000000 x24=0x00000001
        5465000	       545	8000099c	0017bf33	sltu	x30,x15,x1	 x15:0x80009f84  x1:0x00000000 x30=0x00000000
        5475000	       546	800009a0	ff756713	ori	x14,x10,-9	 x10:0xfffffb68 x14=0xffffffff
        5485000	       547	800009a4	407c58b3	sra	x17,x24,x7	 x24:0x00000001  x7:0xffffff9e x17=0x00000000
        5495000	       548	800009a8	b8f2ab13	slti	x22,x5,-1137	  x5:0x87664978 x22=0x00000001
        5505000	       549	800009ac	ff901197	auipc	x3,0xff901	  x3=0x7f9019a8
        5515000	       550	800009b0	001a9863	bne	x21,x1,800009c0	 x21:0xffffff9e  x1:0x00000000
        5525000	       551	00000000	00000013	addi	x0,x0,0	  x0:0x00000000
        5535000	       552	800009bc	00000013	addi	x0,x0,0	  x0:0x00000000
        5545000	       553	800009c0	416489b3	sub	x19,x9,x22	  x9:0x00000499 x22:0x00000001 x19=0x00000498
        5555000	       554	800009c4	05cb1263	bne	x22,x28,80000a08	 x22:0x00000001 x28:0xfffffb1a
        5565000	       555	00000000	00000013	addi	x0,x0,0	  x0:0x00000000
        5575000	       556	80000a04	00000013	addi	x0,x0,0	  x0:0x00000000
        5585000	       557	80000a08	1bb36e93	ori	x29,x6,443	  x6:0x80009fc4 x29=0x80009fff
        5595000	       558	80000a0c	005f52b3	srl	x5,x30,x5	 x30:0x00000000  x5:0x87664978  x5=0x00000000
        5605000	       559	80000a10	00000013	addi	x0,x0,0	  x0:0x00000000
        5615000	       560	80000a14	013cd493	srli	x9,x25,0x13	 x25:0xfffff971  x9=0x00001fff
        5625000	       561	80000a18	00c19f93	slli	x31,x3,0xc	  x3:0x7f9019a8 x31=0x019a8000
        5635000	       562	80000a1c	0fa27e17	auipc	x28,0xfa27	 x28=0x8fa27a18
        5645000	       563	80000a20	df273113	sltiu	x2,x14,-526	 x14:0xffffffff  x2=0x00000000
        5655000	       564	80000a24	00de7663	bgeu	x28,x13,80000a30	 x28:0x8fa27a18 x13:0x00000000
        5665000	       565	00000000	00000013	addi	x0,x0,0	  x0:0x00000000
        5675000	       566	80000a2c	00000013	addi	x0,x0,0	  x0:0x00000000
        5685000	       567	80000a30	3f1814b7	lui	x9,0x3f181	  x9=0x3f181000
        5695000	       568	80000a34	3d196c17	auipc	x24,0x3d196	 x24=0xbd196a30
        5705000	       569	80000a38	00b8dc63	bge	x17,x11,80000a50	 x17:0x00000000 x11:0xfffff9f1
        5715000	       570	00000000	00000013	addi	x0,x0,0	  x0:0x00000000
        5725000	       571	80000a4c	00000013	addi	x0,x0,0	  x0:0x00000000
        5735000	       572	80000a50	00c05d13	srli	x26,x0,0xc	  x0:0x00000000 x26=0x00000000
        5745000	       573	80000a54	000f31b3	sltu	x3,x30,x0	 x30:0x00000000  x0:0x00000000  x3=0x00000000
        5755000	       574	80000a58	03c40263	beq	x8,x28,80000a7c	  x8:0x00000080 x28:0x8fa27a18
        5765000	       575	80000a5c	03190463	beq	x18,x17,80000a84	 x18:0x192d8c97 x17:0x00000000
        5775000	       576	80000a60	e2cc3893	sltiu	x17,x24,-468	 x24:0xbd196a30 x17=0x00000001
        5785000	       577	80000a64	f012cb93	xori	x23,x5,-255	  x5:0x00000000 x23=0xffffff01
        5795000	       578	80000a68	ce670c13	addi	x24,x14,-794	 x14:0xffffffff x24=0xfffffce5
        5805000	       579	80000a6c	00496e33	or	x28,x18,x4	 x18:0x192d8c97  x4:0x80009f84 x28=0x992d9f97
        5815000	       580	80000a70	4159da93	srai	x21,x19,0x15	 x19:0x00000498 x21=0x00000000
        5825000	       581	80000a74	4bb5fe37	lui	x28,0x4bb5f	 x28=0x4bb5f000
        5835000	       582	80000a78	010f6a63	bltu	x30,x16,80000a8c	 x30:0x00000000 x16:0x00000000
        5845000	       583	80000a7c	009d70b3	and	x1,x26,x9	 x26:0x00000000  x9:0x3f181000  x1=0x00000000
        5855000	       584	80000a80	01549793	slli	x15,x9,0x15	  x9:0x3f181000 x15=0x00000000
        5865000	       585	80000a84	402a09b3	sub	x19,x20,x2	 x20:0xfffffc1a  x2:0x00000000 x19=0xfffffc1a
        5875000	       586	80000a88	01631ab3	sll	x21,x6,x22	  x6:0x80009fc4 x22:0x00000001 x21=0x00013f88
        5885000	       587	80000a8c	8072aa93	slti	x21,x5,-2041	  x5:0x00000000 x21=0x00000000
        5895000	       588	80000a90	017e8eb3	add	x29,x29,x23	 x29:0x80009fff x23:0xffffff01 x29=0x80009f00
        5905000	       589	80000a94	01220663	beq	x4,x18,80000aa0	  x4:0x80009f84 x18:0x192d8c97
        5915000	       590	80000a98	f925aa93	slti	x21,x11,-110	 x11:0xfffff9f1 x21=0x00000001
        5925000	       591	80000a9c	0153ec33	or	x24,x7,x21	  x7:0xffffff9e x21:0x00000001 x24=0xffffff9f
        5935000	       592	80000aa0	0089d113	srli	x2,x19,0x8	 x19:0xfffffc1a  x2=0x00fffffc
        5945000	       593	80000aa4	560ae093	ori	x1,x21,1376	 x21:0x00000001  x1=0x00000561
        5955000	       594	80000aa8	00dc81b3	add	x3,x25,x13	 x25:0xfffff971 x13:0x00000000  x3=0xfffff971
        5965000	       595	80000aac	406950b3	sra	x1,x18,x6	 x18:0x192d8c97  x6:0x80009fc4  x1=0x0192d8c9
        5975000	       596	80000ab0	01de3cb3	sltu	x25,x28,x29	 x28:0x4bb5f000 x29:0x80009f00 x25=0x00000001
        5985000	       597	80000ab4	92bc6e13	ori	x28,x24,-1749	 x24:0xffffff9f x28=0xffffffbf
        5995000	       598	80000ab8	408f5b33	sra	x22,x30,x8	 x30:0x00000000  x8:0x00000080 x22=0x00000000
        6005000	       599	80000abc	f72e0793	addi	x15,x28,-142	 x28:0xffffffbf x15=0xffffff31
        6015000	       600	80000ac0	418e5613	srai	x12,x28,0x18	 x28:0xffffffbf x12=0xffffffff
        6025000	       601	80000ac4	00000013	addi	x0,x0,0	  x0:0x00000000
        6035000	       602	80000ac8	018c5c13	srli	x24,x24,0x18	 x24:0xffffff9f x24=0x000000ff
        6045000	       603	80000acc	40c3d793	srai	x15,x7,0xc	  x7:0xffffff9e x15=0xffffffff
        6055000	       604	80000ad0	01032f33	slt	x30,x6,x16	  x6:0x80009fc4 x16:0x00000000 x30=0x00000001
        6065000	       605	80000ad4	8796cc13	xori	x24,x13,-1927	 x13:0x00000000 x24=0xfffff879
        6075000	       606	80000ad8	02b86a63	bltu	x16,x11,80000b0c	 x16:0x00000000 x11:0xfffff9f1
        6085000	       607	00000000	00000013	addi	x0,x0,0	  x0:0x00000000
        6095000	       608	80000b08	00000013	addi	x0,x0,0	  x0:0x00000000
        6105000	       609	80000b0c	021cc663	blt	x25,x1,80000b38	 x25:0x00000001  x1:0x0192d8c9
        6115000	       610	00000000	00000013	addi	x0,x0,0	  x0:0x00000000
        6125000	       611	80000b34	00000013	addi	x0,x0,0	  x0:0x00000000
        6135000	       612	80000b38	02bf0063	beq	x30,x11,80000b58	 x30:0x00000001 x11:0xfffff9f1
        6145000	       613	80000b3c	00bff263	bgeu	x31,x11,80000b40	 x31:0x019a8000 x11:0xfffff9f1
        6155000	       614	80000b40	026e6663	bltu	x28,x6,80000b6c	 x28:0xffffffbf  x6:0x80009fc4
        6165000	       615	80000b44	05a48263	beq	x9,x26,80000b88	  x9:0x3f181000 x26:0x00000000
        6175000	       616	80000b48	007bec63	bltu	x23,x7,80000b60	 x23:0xffffff01  x7:0xffffff9e
        6185000	       617	00000000	00000013	addi	x0,x0,0	  x0:0x00000000
        6195000	       618	80000b5c	00000013	addi	x0,x0,0	  x0:0x00000000
        6205000	       619	80000b60	007ff663	bgeu	x31,x7,80000b6c	 x31:0x019a8000  x7:0xffffff9e
        6215000	       620	80000b64	00312eb3	slt	x29,x2,x3	  x2:0x00fffffc  x3:0xfffff971 x29=0x00000000
        6225000	       621	80000b68	003dda63	bge	x27,x3,80000b7c	 x27:0xfffff84d  x3:0xfffff971
        6235000	       622	80000b6c	868f8193	addi	x3,x31,-1944	 x31:0x019a8000  x3=0x019a7868
        6245000	       623	80000b70	012d1193	slli	x3,x26,0x12	 x26:0x00000000  x3=0x00000000
        6255000	       624	80000b74	06dbcc63	blt	x23,x13,80000bec	 x23:0xffffff01 x13:0x00000000
        6265000	       625	00000000	00000013	addi	x0,x0,0	  x0:0x00000000
        6275000	       626	80000be8	00000013	addi	x0,x0,0	  x0:0x00000000
        6285000	       627	80000bec	0d4ce793	ori	x15,x25,212	 x25:0x00000001 x15=0x000000d5
        6295000	       628	80000bf0	8aebca13	xori	x20,x23,-1874	 x23:0xffffff01 x20=0x000007af
        6305000	       629	80000bf4	016f38b3	sltu	x17,x30,x22	 x30:0x00000001 x22:0x00000000 x17=0x00000000
        6315000	       630	80000bf8	01e7bf33	sltu	x30,x15,x30	 x15:0x000000d5 x30:0x00000001 x30=0x00000000
        6325000	       631	80000bfc	6e5cc393	xori	x7,x25,1765	 x25:0x00000001  x7=0x000006e4
        6335000	       632	80000c00	b0b42f13	slti	x30,x8,-1269	  x8:0x00000080 x30=0x00000000
        6345000	       633	80000c04	00403db3	sltu	x27,x0,x4	  x0:0x00000000  x4:0x80009f84 x27=0x00000001
        6355000	       634	80000c08	40ca5f93	srai	x31,x20,0xc	 x20:0x000007af x31=0x00000000
        6365000	       635	80000c0c	01b421b3	slt	x3,x8,x27	  x8:0x00000080 x27:0x00000001  x3=0x00000000
        6375000	       636	80000c10	05a67063	bgeu	x12,x26,80000c50	 x12:0xffffffff x26:0x00000000
        6385000	       637	00000000	00000013	addi	x0,x0,0	  x0:0x00000000
        6395000	       638	80000c4c	00000013	addi	x0,x0,0	  x0:0x00000000
        6405000	       639	80000c50	00000013	addi	x0,x0,0	  x0:0x00000000
        6415000	       640	80000c54	00659493	slli	x9,x11,0x6	 x11:0xfffff9f1  x9=0xfffe7c40
        6425000	       641	80000c58	01ca1e63	bne	x20,x28,80000c74	 x20:0x000007af x28:0xffffffbf
        6435000	       642	00000000	00000013	addi	x0,x0,0	  x0:0x00000000
        6445000	       643	80000c70	00000013	addi	x0,x0,0	  x0:0x00000000
        6455000	       644	80000c74	0418f263	bgeu	x17,x1,80000cb8	 x17:0x00000000  x1:0x0192d8c9
        6465000	       645	80000c78	00499513	slli	x10,x19,0x4	 x19:0xfffffc1a x10=0xffffc1a0
        6475000	       646	80000c7c	00a208b3	add	x17,x4,x10	  x4:0x80009f84 x10:0xffffc1a0 x17=0x80006124
        6485000	       647	80000c80	00d41893	slli	x17,x8,0xd	  x8:0x00000080 x17=0x00100000
        6495000	       648	80000c84	01031cb3	sll	x25,x6,x16	  x6:0x80009fc4 x16:0x00000000 x25=0x80009fc4
        6505000	       649	80000c88	4d1c2f13	slti	x30,x24,1233	 x24:0xfffff879 x30=0x00000001
        6515000	       650	80000c8c	00001097	auipc	x1,0x1	  x1=0x80001c88
        6525000	       651	80000c90	1cc08093	addi	x1,x1,460	  x1:0x80001c88  x1=0x80001e54
        6535000	       652	80000c94	00489413	slli	x8,x17,0x4	 x17:0x00100000  x8=0x01000000
        6545000	       653	80000c98	15008093	addi	x1,x1,336	  x1:0x80001e54  x1=0x80001fa4
        6555000	       654	80000c9c	eefcfe93	andi	x29,x25,-273	 x25:0x80009fc4 x29=0x80009ec4
        6565000	       655	80000ca0	01c9cb33	xor	x22,x19,x28	 x19:0xfffffc1a x28:0xffffffbf x22=0x000003a5
        6575000	       656	80000ca4	eb008a67	jalr	x20,x1,-336	  x1:0x80001fa4 x20=0x80000ca4
        6585000	       657	00000000	00000013	addi	x0,x0,0	  x0:0x00000000
        6595000	       658	80001e54	00000013	addi	x0,x0,0	  x0:0x00000000
        6605000	       659	80001e58	00871113	slli	x2,x14,0x8	 x14:0xffffffff  x2=0xffffff00
        6615000	       660	80001e5c	4023d593	srai	x11,x7,0x2	  x7:0x000006e4 x11=0x000001b9
        6625000	       661	80001e60	006dc663	blt	x27,x6,80001e6c	 x27:0x00000001  x6:0x80009fc4
        6635000	       662	80001e64	ebe4a193	slti	x3,x9,-322	  x9:0xfffe7c40  x3=0x00000001
        6645000	       663	80001e68	00000013	addi	x0,x0,0	  x0:0x00000000
        6655000	       664	80001e6c	fdc20213	addi	x4,x4,-36	  x4:0x80009f84  x4=0x80009f60
        6665000	       665	80001e70	01422223	sw	x20,4(x4)	  x4:0x80009f60 x20:0x80000ca4 PA:0x80009f64
        6675000	       666	80001e74	2fbb3793	sltiu	x15,x22,763	 x22:0x000003a5 x15=0x00000000
        6685000	       667	80001e78	41c8db33	sra	x22,x17,x28	 x17:0x00100000 x28:0xffffffbf x22=0x00000000
        6695000	       668	80001e7c	002f8633	add	x12,x31,x2	 x31:0x00000000  x2:0xffffff00 x12=0xffffff00
        6705000	       669	80001e80	00b558b3	srl	x17,x10,x11	 x10:0xffffc1a0 x11:0x000001b9 x17=0x0000007f
        6715000	       670	80001e84	626fbeb7	lui	x29,0x626fb	 x29=0x626fb000
        6725000	       671	80001e88	0130e9b3	or	x19,x1,x19	  x1:0x80001fa4 x19:0xfffffc1a x19=0xffffffbe
        6735000	       672	80001e8c	9b4ffa6f	jal	x20,80001e8c	 x20=0x80001e8c
        6745000	       673	00000000	00000013	addi	x0,x0,0	  x0:0x00000000
        6755000	       674	8000103c	00000013	addi	x0,x0,0	  x0:0x00000000
        6765000	       675	80001040	fc820213	addi	x4,x4,-56	  x4:0x80009f60  x4=0x80009f28
        6775000	       676	80001044	0076d433	srl	x8,x13,x7	 x13:0x00000000  x7:0x000006e4  x8=0x00000000
        6785000	       677	80001048	01422223	sw	x20,4(x4)	  x4:0x80009f28 x20:0x80001e8c PA:0x80009f2c
        6795000	       678	8000104c	4c2dee97	auipc	x29,0x4c2de	 x29=0xcc2df048
        6805000	       679	80001050	00000013	addi	x0,x0,0	  x0:0x00000000
        6815000	       680	80001054	00000013	addi	x0,x0,0	  x0:0x00000000
        6825000	       681	80001058	01710033	add	x0,x2,x23	  x2:0xffffff00 x23:0xffffff01
        6835000	       682	8000105c	00da5cb3	srl	x25,x20,x13	 x20:0x80001e8c x13:0x00000000 x25=0x80001e8c
        6845000	       683	80001060	010983b3	add	x7,x19,x16	 x19:0xffffffbe x16:0x00000000  x7=0xffffffbe
        6855000	       684	80001064	01549993	slli	x19,x9,0x15	  x9:0xfffe7c40 x19=0x88000000
        6865000	       685	80001068	01d1a133	slt	x2,x3,x29	  x3:0x00000001 x29:0xcc2df048  x2=0x00000000
        6875000	       686	8000106c	00007297	auipc	x5,0x7	  x5=0x80008068
        6885000	       687	80001070	66328293	addi	x5,x5,1635	  x5:0x80008068  x5=0x800086cb
        6895000	       688	80001074	00007517	auipc	x10,0x7	 x10=0x80008070
        6905000	       689	80001078	4e750513	addi	x10,x10,1255	 x10:0x80008070 x10=0x80008557
        6915000	       690	8000107c	00007617	auipc	x12,0x7	 x12=0x80008078
        6925000	       691	80001080	23060613	addi	x12,x12,560	 x12:0x80008078 x12=0x800082a8
        6935000	       692	80001084	ff228e03	lb	x28,-14(x5)	  x5:0x800086cb x28=0x00000000 PA:0x800086bd
        6945000	       693	80001088	00007697	auipc	x13,0x7	 x13=0x80008084
        6955000	       694	8000108c	50268693	addi	x13,x13,1282	 x13:0x80008084 x13=0x80008586
        6965000	       695	80001090	26862a23	sw	x8,628(x12)	 x12:0x800082a8  x8:0x00000000 PA:0x8000851c
        6975000	       696	80001094	01c683a3	sb	x28,7(x13)	 x13:0x80008586 x28:0x00000000 PA:0x8000858d
        6985000	       697	80001098	3d361423	sh	x19,968(x12)	 x12:0x800082a8 x19:0x88000000 PA:0x80008670
        6995000	       698	8000109c	ff028d23	sb	x16,-6(x5)	  x5:0x800086cb x16:0x00000000 PA:0x800086c5
        7005000	       699	800010a0	f7264b03	lbu	x22,-142(x12)	 x12:0x800082a8 x22=0x00000000 PA:0x8000821a
        7015000	       700	800010a4	c5f50723	sb	x31,-946(x10)	 x10:0x80008557 x31:0x00000000 PA:0x800081a5
        7025000	       701	800010a8	01768023	sb	x23,0(x13)	 x13:0x80008586 x23:0xffffff01 PA:0x80008586
        7035000	       702	800010ac	00928383	lb	x7,9(x5)	  x5:0x800086cb  x7=0x00000000 PA:0x800086d4
        7045000	       703	800010b0	3f264b03	lbu	x22,1010(x12)	 x12:0x800082a8 x22=0x00000000 PA:0x8000869a
        7055000	       704	800010b4	00f29e83	lh	x29,15(x5)	  x5:0x800086cb x29=0x00000000 PA:0x800086da
        7065000	       705	800010b8	0102c883	lbu	x17,16(x5)	  x5:0x800086cb x17=0x00000000 PA:0x800086db
        7075000	       706	800010bc	f0f51d83	lh	x27,-241(x10)	 x10:0x80008557 x27=0x00000000 PA:0x80008466
        7085000	       707	800010c0	ff36ca83	lbu	x21,-13(x13)	 x13:0x80008586 x21=0x00000000 PA:0x80008579
        7095000	       708	800010c4	f8e54c83	lbu	x25,-114(x10)	 x10:0x80008557 x25=0x00000000 PA:0x800084e5
        7105000	       709	800010c8	00d68a03	lb	x20,13(x13)	 x13:0x80008586 x20=0x00000000 PA:0x80008593
        7115000	       710	800010cc	17850d03	lb	x26,376(x10)	 x10:0x80008557 x26=0x00000000 PA:0x800086cf
        7125000	       711	800010d0	ff368803	lb	x16,-13(x13)	 x13:0x80008586 x16=0x00000000 PA:0x80008579
        7135000	       712	800010d4	00c2ca03	lbu	x20,12(x5)	  x5:0x800086cb x20=0x00000000 PA:0x800086d7
        7145000	       713	800010d8	242602a3	sb	x2,581(x12)	 x12:0x800082a8  x2:0x00000000 PA:0x800084ed
        7155000	       714	800010dc	2ba54083	lbu	x1,698(x10)	 x10:0x80008557  x1=0x00000000 PA:0x80008811
        7165000	       715	800010e0	00728483	lb	x9,7(x5)	  x5:0x800086cb  x9=0x00000000 PA:0x800086d2
        7175000	       716	800010e4	f7d64783	lbu	x15,-131(x12)	 x12:0x800082a8 x15=0x00000000 PA:0x80008225
        7185000	       717	800010e8	0ac62b83	lw	x23,172(x12)	 x12:0x800082a8 x23=0x00000000 PA:0x80008354
        7195000	       718	800010ec	fe168823	sb	x1,-16(x13)	 x13:0x80008586  x1:0x00000000 PA:0x80008576
        7205000	       719	800010f0	00f6c103	lbu	x2,15(x13)	 x13:0x80008586  x2=0x00000000 PA:0x80008595
        7215000	       720	800010f4	3e764183	lbu	x3,999(x12)	 x12:0x800082a8  x3=0x00000000 PA:0x8000868f
        7225000	       721	800010f8	ff12de83	lhu	x29,-15(x5)	  x5:0x800086cb x29=0x00000000 PA:0x800086bc
        7235000	       722	800010fc	fcf55083	lhu	x1,-49(x10)	 x10:0x80008557  x1=0x00000000 PA:0x80008526
        7245000	       723	80001100	00007497	auipc	x9,0x7	  x9=0x800080fc
        7255000	       724	80001104	2b648493	addi	x9,x9,694	  x9:0x800080fc  x9=0x800083b2
        7265000	       725	80001108	00007a97	auipc	x21,0x7	 x21=0x80008104
        7275000	       726	8000110c	5baa8a93	addi	x21,x21,1466	 x21:0x80008104 x21=0x800086be
        7285000	       727	80001110	00007c17	auipc	x24,0x7	 x24=0x8000810c
        7295000	       728	80001114	212c0c13	addi	x24,x24,530	 x24:0x8000810c x24=0x8000831e
        7305000	       729	80001118	ca1a8a23	sb	x1,-844(x21)	 x21:0x800086be  x1:0x00000000 PA:0x80008372
        7315000	       730	8000111c	00007d97	auipc	x27,0x7	 x27=0x80008118
        7325000	       731	80001120	33cd8d93	addi	x27,x27,828	 x27:0x80008118 x27=0x80008454
        7335000	       732	80001124	3d2c0b23	sb	x18,982(x24)	 x24:0x8000831e x18:0x192d8c97 PA:0x800086f4
        7345000	       733	80001128	00007897	auipc	x17,0x7	 x17=0x80008124
        7355000	       734	8000112c	46d88893	addi	x17,x17,1133	 x17:0x80008124 x17=0x80008591
        7365000	       735	80001130	02488083	lb	x1,36(x17)	 x17:0x80008591  x1=0x00000000 PA:0x800085b5
        7375000	       736	80001134	fc6a8b03	lb	x22,-58(x21)	 x21:0x800086be x22=0x00000000 PA:0x80008684
        7385000	       737	80001138	0b0c4283	lbu	x5,176(x24)	 x24:0x8000831e  x5=0x00000000 PA:0x800083ce
        7395000	       738	8000113c	fdc88f23	sb	x28,-34(x17)	 x17:0x80008591 x28:0x00000000 PA:0x8000856f
        7405000	       739	80001140	df0ad383	lhu	x7,-528(x21)	 x21:0x800086be  x7=0x00000000 PA:0x800084ae
        7415000	       740	80001144	ffe4a183	lw	x3,-2(x9)	  x9:0x800083b2  x3=0x00000000 PA:0x800083b0
        7425000	       741	80001148	fdcd9803	lh	x16,-36(x27)	 x27:0x80008454 x16=0x00000000 PA:0x80008430
        7435000	       742	8000114c	fa0a9b83	lh	x23,-96(x21)	 x21:0x800086be x23=0x00000000 PA:0x8000865e
        7445000	       743	00000000	00000013	addi	x0,x0,0	  x0:0x00000000
        7455000	       744	80001150	fd789b83	lh	x23,-41(x17)	 x17:0x80008591 x23=0x00000000 PA:0x80008568
        7465000	       745	80001154	fddd8da3	sb	x29,-37(x27)	 x27:0x80008454 x29:0x00000000 PA:0x8000842f
        7475000	       746	80001158	fc38a583	lw	x11,-61(x17)	 x17:0x80008591 x11=0x00000000 PA:0x80008554
        7485000	       747	8000115c	00749823	sh	x7,16(x9)	  x9:0x800083b2  x7:0x00000000 PA:0x800083c2
        7495000	       748	80001160	4acc0823	sb	x12,1200(x24)	 x24:0x8000831e x12:0x800082a8 PA:0x800087ce
        7505000	       749	80001164	ff5d9123	sh	x21,-30(x27)	 x27:0x80008454 x21:0x800086be PA:0x80008436
        7515000	       750	80001168	e18aaf23	sw	x24,-482(x21)	 x21:0x800086be x24:0x8000831e PA:0x800084dc
        7525000	       751	8000116c	182c2c83	lw	x25,386(x24)	 x24:0x8000831e x25=0x00000000 PA:0x800084a0
        7535000	       752	80001170	00148423	sb	x1,8(x9)	  x9:0x800083b2  x1:0x00000000 PA:0x800083ba
        7545000	       753	80001174	ff4d8723	sb	x20,-18(x27)	 x27:0x80008454 x20:0x00000000 PA:0x80008442
        7555000	       754	80001178	d73aa523	sw	x19,-662(x21)	 x21:0x800086be x19:0x88000000 PA:0x80008428
        7565000	       755	8000117c	036898a3	sh	x22,49(x17)	 x17:0x80008591 x22:0x00000000 PA:0x800085c2
        7575000	       756	80001180	f93a8e03	lb	x28,-109(x21)	 x21:0x800086be x28=0x00000000 PA:0x80008651
        7585000	       757	00000000	00000013	addi	x0,x0,0	  x0:0x00000000
        7595000	       758	80001184	ffc48983	lb	x19,-4(x9)	  x9:0x800083b2 x19=0x00000000 PA:0x800083ae
        7605000	       759	80001188	fe1d82a3	sb	x1,-27(x27)	 x27:0x80008454  x1:0x00000000 PA:0x80008439
        7615000	       760	8000118c	bc1a8d23	sb	x1,-1062(x21)	 x21:0x800086be  x1:0x00000000 PA:0x80008298
        7625000	       761	80001190	d59c4803	lbu	x16,-679(x24)	 x24:0x8000831e x16=0x00000000 PA:0x80008077
        7635000	       762	80001194	003d89a3	sb	x3,19(x27)	 x27:0x80008454  x3:0x00000000 PA:0x80008467
        7645000	       763	80001198	ff9890a3	sh	x25,-31(x17)	 x17:0x80008591 x25:0x00000000 PA:0x80008572
        7655000	       764	8000119c	013487a3	sb	x19,15(x9)	  x9:0x800083b2 x19:0x00000000 PA:0x800083c1
        7665000	       765	800011a0	fc288023	sb	x2,-64(x17)	 x17:0x80008591  x2:0x00000000 PA:0x80008551
        7675000	       766	800011a4	33ac1b03	lh	x22,826(x24)	 x24:0x8000831e x22=0x00000000 PA:0x80008658
        7685000	       767	800011a8	f1aa8423	sb	x26,-248(x21)	 x21:0x800086be x26:0x00000000 PA:0x800085c6
        7695000	       768	800011ac	01e49523	sh	x30,10(x9)	  x9:0x800083b2 x30:0x00000001 PA:0x800083bc
        7705000	       769	800011b0	01b8df83	lhu	x31,27(x17)	 x17:0x80008591 x31=0x00000000 PA:0x800085ac
        7715000	       770	800011b4	00007117	auipc	x2,0x7	  x2=0x800081b0
        7725000	       771	800011b8	51710113	addi	x2,x2,1303	  x2:0x800081b0  x2=0x800086c7
        7735000	       772	800011bc	fcc10c23	sb	x12,-40(x2)	  x2:0x800086c7 x12:0x800082a8 PA:0x8000869f
        7745000	       773	800011c0	fc710c23	sb	x7,-40(x2)	  x2:0x800086c7  x7:0x00000000 PA:0x8000869f
        7755000	       774	800011c4	fec10703	lb	x14,-20(x2)	  x2:0x800086c7 x14=0x00000000 PA:0x800086b3
        7765000	       775	800011c8	fec14c03	lbu	x24,-20(x2)	  x2:0x800086c7 x24=0x00000000 PA:0x800086b3
        7775000	       776	800011cc	fec10c03	lb	x24,-20(x2)	  x2:0x800086c7 x24=0x00000000 PA:0x800086b3
        7785000	       777	800011d0	fec14a03	lbu	x20,-20(x2)	  x2:0x800086c7 x20=0x00000000 PA:0x800086b3
        7795000	       778	800011d4	ffa10623	sb	x26,-20(x2)	  x2:0x800086c7 x26:0x00000000 PA:0x800086b3
        7805000	       779	800011d8	fec14683	lbu	x13,-20(x2)	  x2:0x800086c7 x13=0x00000000 PA:0x800086b3
        7815000	       780	800011dc	fec10883	lb	x17,-20(x2)	  x2:0x800086c7 x17=0x00000000 PA:0x800086b3
        7825000	       781	800011e0	fec14703	lbu	x14,-20(x2)	  x2:0x800086c7 x14=0x00000000 PA:0x800086b3
        7835000	       782	800011e4	4110d013	srai	x0,x1,0x11	  x1:0x00000000
        7845000	       783	800011e8	fec14a83	lbu	x21,-20(x2)	  x2:0x800086c7 x21=0x00000000 PA:0x800086b3
        7855000	       784	800011ec	fec14503	lbu	x10,-20(x2)	  x2:0x800086c7 x10=0x00000000 PA:0x800086b3
        7865000	       785	800011f0	ff410623	sb	x20,-20(x2)	  x2:0x800086c7 x20:0x00000000 PA:0x800086b3
        7875000	       786	800011f4	fec14803	lbu	x16,-20(x2)	  x2:0x800086c7 x16=0x00000000 PA:0x800086b3
        7885000	       787	800011f8	fc412ea3	sw	x4,-35(x2)	  x2:0x800086c7  x4:0x80009f28 PA:0x800086a4
        7895000	       788	800011fc	fdd15403	lhu	x8,-35(x2)	  x2:0x800086c7  x8=0x00009f28 PA:0x800086a4
        7905000	       789	00000000	00000013	addi	x0,x0,0	  x0:0x00000000
        7915000	       790	80001200	fc810ea3	sb	x8,-35(x2)	  x2:0x800086c7  x8:0x00009f28 PA:0x800086a4
        7925000	       791	80001204	fdd15d03	lhu	x26,-35(x2)	  x2:0x800086c7 x26=0x00009f28 PA:0x800086a4
        7935000	       792	80001208	03c10b83	lb	x23,60(x2)	  x2:0x800086c7 x23=0x00000000 PA:0x80008703
        7945000	       793	8000120c	03110e23	sb	x17,60(x2)	  x2:0x800086c7 x17:0x00000000 PA:0x80008703
        7955000	       794	80001210	00008117	auipc	x2,0x8	  x2=0x8000920c
        7965000	       795	80001214	dd010113	addi	x2,x2,-560	  x2:0x8000920c  x2=0x80008fdc
        7975000	       796	80001218	fbe10f03	lb	x30,-66(x2)	  x2:0x80008fdc x30=0x00000000 PA:0x80008f9a
        7985000	       797	00000000	00000013	addi	x0,x0,0	  x0:0x00000000
        7995000	       798	8000121c	fbe10403	lb	x8,-66(x2)	  x2:0x80008fdc  x8=0x00000000 PA:0x80008f9a
        8005000	       799	80001220	fbe15483	lhu	x9,-66(x2)	  x2:0x80008fdc  x9=0x00000000 PA:0x80008f9a
        8015000	       800	80001224	fa611f23	sh	x6,-66(x2)	  x2:0x80008fdc  x6:0x80009fc4 PA:0x80008f9a
        8025000	       801	80001228	40bade93	srai	x29,x21,0xb	 x21:0x00000000 x29=0x00000000
        8035000	       802	8000122c	ff914003	lbu	x0,-7(x2)	  x2:0x80008fdc PA:0x80008fd5
        8045000	       803	80001230	ff914d03	lbu	x26,-7(x2)	  x2:0x80008fdc x26=0x00000000 PA:0x80008fd5
        8055000	       804	80001234	07ea3b17	auipc	x22,0x7ea3	 x22=0x87ea4230
        8065000	       805	80001238	ff910ca3	sb	x25,-7(x2)	  x2:0x80008fdc x25:0x00000000 PA:0x80008fd5
        8075000	       806	8000123c	f7f14083	lbu	x1,-129(x2)	  x2:0x80008fdc  x1=0x00000000 PA:0x80008f5b
        8085000	       807	80001240	fa0108a3	sb	x0,-79(x2)	  x2:0x80008fdc  x0:0x00000000 PA:0x80008f8d
        8095000	       808	80001244	000126b3	slt	x13,x2,x0	  x2:0x80008fdc  x0:0x00000000 x13=0x00000001
        8105000	       809	80001248	f8250393	addi	x7,x10,-126	 x10:0x00000000  x7=0xffffff82
        8115000	       810	8000124c	40cc5c93	srai	x25,x24,0xc	 x24:0x00000000 x25=0x00000000
        8125000	       811	80001250	008026b3	slt	x13,x0,x8	  x0:0x00000000  x8:0x00000000 x13=0x00000000
        8135000	       812	80001254	011ef7b3	and	x15,x29,x17	 x29:0x00000000 x17:0x00000000 x15=0x00000000
        8145000	       813	80001258	f7611923	sh	x22,-142(x2)	  x2:0x80008fdc x22:0x87ea4230 PA:0x80008f4e
        8155000	       814	8000125c	00007117	auipc	x2,0x7	  x2=0x80008258
        8165000	       815	80001260	f4010113	addi	x2,x2,-192	  x2:0x80008258  x2=0x80008198
        8175000	       816	80001264	f3d104a3	sb	x29,-215(x2)	  x2:0x80008198 x29:0x00000000 PA:0x800080c1
        8185000	       817	80001268	f5d14383	lbu	x7,-163(x2)	  x2:0x80008198  x7=0x00000000 PA:0x800080f5
        8195000	       818	8000126c	00000013	addi	x0,x0,0	  x0:0x00000000
        8205000	       819	80001270	feb14b83	lbu	x23,-21(x2)	  x2:0x80008198 x23=0x00000000 PA:0x80008183
        8215000	       820	80001274	408d5fb3	sra	x31,x26,x8	 x26:0x00000000  x8:0x00000000 x31=0x00000000
        8225000	       821	80001278	f1710803	lb	x16,-233(x2)	  x2:0x80008198 x16=0x00000000 PA:0x800080af
        8235000	       822	8000127c	f6114583	lbu	x11,-159(x2)	  x2:0x80008198 x11=0x00000000 PA:0x800080f9
        8245000	       823	80001280	f7415b83	lhu	x23,-140(x2)	  x2:0x80008198 x23=0x00000000 PA:0x8000810c
        8255000	       824	80001284	bbca8b93	addi	x23,x21,-1092	 x21:0x00000000 x23=0xfffffbbc
        8265000	       825	80001288	08314503	lbu	x10,131(x2)	  x2:0x80008198 x10=0x00000000 PA:0x8000821b
        8275000	       826	8000128c	05b10f83	lb	x31,91(x2)	  x2:0x80008198 x31=0x00000000 PA:0x800081f3
        8285000	       827	80001290	00000013	addi	x0,x0,0	  x0:0x00000000
        8295000	       828	80001294	0c49f793	andi	x15,x19,196	 x19:0x00000000 x15=0x00000000
        8305000	       829	80001298	00d7adb3	slt	x27,x15,x13	 x15:0x00000000 x13:0x00000000 x27=0x00000000
        8315000	       830	8000129c	017820b3	slt	x1,x16,x23	 x16:0x00000000 x23:0xfffffbbc  x1=0x00000000
        8325000	       831	800012a0	003ad6b3	srl	x13,x21,x3	 x21:0x00000000  x3:0x00000000 x13=0x00000000
        8335000	       832	800012a4	0ee10523	sb	x14,234(x2)	  x2:0x80008198 x14:0x00000000 PA:0x80008282
        8345000	       833	800012a8	f4210183	lb	x3,-190(x2)	  x2:0x80008198  x3=0x00000000 PA:0x800080da
        8355000	       834	800012ac	fde10ca3	sb	x30,-39(x2)	  x2:0x80008198 x30:0x00000000 PA:0x80008171
        8365000	       835	800012b0	fa310983	lb	x19,-93(x2)	  x2:0x80008198 x19=0x00000000 PA:0x8000813b
        8375000	       836	800012b4	005106a3	sb	x5,13(x2)	  x2:0x80008198  x5:0x00000000 PA:0x800081a5
        8385000	       837	800012b8	00e6f6b3	and	x13,x13,x14	 x13:0x00000000 x14:0x00000000 x13=0x00000000
        8395000	       838	800012bc	01358633	add	x12,x11,x19	 x11:0x00000000 x19:0x00000000 x12=0x00000000
        8405000	       839	800012c0	fb810523	sb	x24,-86(x2)	  x2:0x80008198 x24:0x00000000 PA:0x80008142
        8415000	       840	800012c4	02812423	sw	x8,40(x2)	  x2:0x80008198  x8:0x00000000 PA:0x800081c0
        8425000	       841	800012c8	86980893	addi	x17,x16,-1943	 x16:0x00000000 x17=0xfffff869
        8435000	       842	800012cc	00ee1f93	slli	x31,x28,0xe	 x28:0x00000000 x31=0x00000000
        8445000	       843	800012d0	07010823	sb	x16,112(x2)	  x2:0x80008198 x16:0x00000000 PA:0x80008208
        8455000	       844	800012d4	fd610503	lb	x10,-42(x2)	  x2:0x80008198 x10=0x00000000 PA:0x8000816e
        8465000	       845	800012d8	c62c2f93	slti	x31,x24,-926	 x24:0x00000000 x31=0x00000000
        8475000	       846	800012dc	02815183	lhu	x3,40(x2)	  x2:0x80008198  x3=0x00000000 PA:0x800081c0
        8485000	       847	800012e0	ff415b83	lhu	x23,-12(x2)	  x2:0x80008198 x23=0x00000000 PA:0x8000818c
        8495000	       848	800012e4	f8311523	sh	x3,-118(x2)	  x2:0x80008198  x3:0x00000000 PA:0x80008122
        8505000	       849	800012e8	fd210d23	sb	x18,-38(x2)	  x2:0x80008198 x18:0x192d8c97 PA:0x80008172
        8515000	       850	800012ec	0d911d23	sh	x25,218(x2)	  x2:0x80008198 x25:0x00000000 PA:0x80008272
        8525000	       851	800012f0	fa86b613	sltiu	x12,x13,-88	 x13:0x00000000 x12=0x00000001
        8535000	       852	800012f4	f8514783	lbu	x15,-123(x2)	  x2:0x80008198 x15=0x00000000 PA:0x8000811d
        8545000	       853	800012f8	57c06f93	ori	x31,x0,1404	  x0:0x00000000 x31=0x0000057c
        8555000	       854	800012fc	403d8fb3	sub	x31,x27,x3	 x27:0x00000000  x3:0x00000000 x31=0x00000000
        8565000	       855	80001300	f7011803	lh	x16,-144(x2)	  x2:0x80008198 x16=0x00000000 PA:0x80008108
        8575000	       856	80001304	f9810ca3	sb	x24,-103(x2)	  x2:0x80008198 x24:0x00000000 PA:0x80008131
        8585000	       857	80001308	c460bf13	sltiu	x30,x1,-954	  x1:0x00000000 x30=0x00000001
        8595000	       858	8000130c	0a012783	lw	x15,160(x2)	  x2:0x80008198 x15=0x00000000 PA:0x80008238
        8605000	       859	80001310	00007517	auipc	x10,0x7	 x10=0x8000830c
        8615000	       860	80001314	e5b50513	addi	x10,x10,-421	 x10:0x8000830c x10=0x80008167
        8625000	       861	80001318	97a5d617	auipc	x12,0x97a5d	 x12=0x17a5e314
        8635000	       862	8000131c	ae136e13	ori	x28,x6,-1311	  x6:0x80009fc4 x28=0xffffffe5
        8645000	       863	80001320	41790eb3	sub	x29,x18,x23	 x18:0x192d8c97 x23:0x00000000 x29=0x192d8c97
        8655000	       864	80001324	00954a83	lbu	x21,9(x10)	 x10:0x80008167 x21=0x00000000 PA:0x80008170
        8665000	       865	80001328	fef50403	lb	x8,-17(x10)	 x10:0x80008167  x8=0x00000000 PA:0x80008156
        8675000	       866	8000132c	fef50003	lb	x0,-17(x10)	 x10:0x80008167 PA:0x80008156
        8685000	       867	80001330	41008633	sub	x12,x1,x16	  x1:0x00000000 x16:0x00000000 x12=0x00000000
        8695000	       868	80001334	fcc54c83	lbu	x25,-52(x10)	 x10:0x80008167 x25=0x00000000 PA:0x80008133
        8705000	       869	80001338	011510a3	sh	x17,1(x10)	 x10:0x80008167 x17:0xfffff869 PA:0x80008168
        8715000	       870	8000133c	fec54283	lbu	x5,-20(x10)	 x10:0x80008167  x5=0x00000000 PA:0x80008153
        8725000	       871	80001340	01792db3	slt	x27,x18,x23	 x18:0x192d8c97 x23:0x00000000 x27=0x00000000
        8735000	       872	80001344	01b50683	lb	x13,27(x10)	 x10:0x80008167 x13=0x00000000 PA:0x80008182
        8745000	       873	80001348	20727413	andi	x8,x4,519	  x4:0x80009f28  x8=0x00000200
        8755000	       874	8000134c	03d522a3	sw	x29,37(x10)	 x10:0x80008167 x29:0x192d8c97 PA:0x8000818c
        8765000	       875	80001350	012519a3	sh	x18,19(x10)	 x10:0x80008167 x18:0x192d8c97 PA:0x8000817a
        8775000	       876	80001354	03b50a23	sb	x27,52(x10)	 x10:0x80008167 x27:0x00000000 PA:0x8000819b
        8785000	       877	80001358	03450a83	lb	x21,52(x10)	 x10:0x80008167 x21=0x00000000 PA:0x8000819b
        8795000	       878	8000135c	00d49733	sll	x14,x9,x13	  x9:0x00000000 x13:0x00000000 x14=0x00000000
        8805000	       879	80001360	03450e83	lb	x29,52(x10)	 x10:0x80008167 x29=0x00000000 PA:0x8000819b
        8815000	       880	80001364	00007897	auipc	x17,0x7	 x17=0x80008360
        8825000	       881	80001368	73d88893	addi	x17,x17,1853	 x17:0x80008360 x17=0x80008a9d
        8835000	       882	8000136c	00008117	auipc	x2,0x8	  x2=0x80009368
        8845000	       883	80001370	89b10113	addi	x2,x2,-1893	  x2:0x80009368  x2=0x80008c03
        8855000	       884	80001374	00008a17	auipc	x20,0x8	 x20=0x80009370
        8865000	       885	80001378	995a0a13	addi	x20,x20,-1643	 x20:0x80009370 x20=0x80008d05
        8875000	       886	8000137c	00008f97	auipc	x31,0x8	 x31=0x80009378
        8885000	       887	80001380	914f8f93	addi	x31,x31,-1772	 x31:0x80009378 x31=0x80008c8c
        8895000	       888	80001384	004a4583	lbu	x11,4(x20)	 x20:0x80008d05 x11=0x00000000 PA:0x80008d09
        8905000	       889	00000000	00000013	addi	x0,x0,0	  x0:0x00000000
        8915000	       890	80001388	00b126a3	sw	x11,13(x2)	  x2:0x80008c03 x11:0x00000000 PA:0x80008c10
        8925000	       891	8000138c	00008f17	auipc	x30,0x8	 x30=0x80009388
        8935000	       892	80001390	abcf0f13	addi	x30,x30,-1348	 x30:0x80009388 x30=0x80008e44
        8945000	       893	80001394	00a10503	lb	x10,10(x2)	  x2:0x80008c03 x10=0x00000000 PA:0x80008c0d
        8955000	       894	80001398	f1cfd383	lhu	x7,-228(x31)	 x31:0x80008c8c  x7=0x00000000 PA:0x80008ba8
        8965000	       895	8000139c	fd5f8ca3	sb	x21,-39(x31)	 x31:0x80008c8c x21:0x00000000 PA:0x80008c65
        8975000	       896	800013a0	fed10a23	sb	x13,-12(x2)	  x2:0x80008c03 x13:0x00000000 PA:0x80008bf7
        8985000	       897	800013a4	0068c803	lbu	x16,6(x17)	 x17:0x80008a9d x16=0x00000000 PA:0x80008aa3
        8995000	       898	800013a8	fea10d23	sb	x10,-6(x2)	  x2:0x80008c03 x10:0x00000000 PA:0x80008bfd
        9005000	       899	800013ac	fc2f81a3	sb	x2,-61(x31)	 x31:0x80008c8c  x2:0x80008c03 PA:0x80008c4f
        9015000	       900	800013b0	fe5109a3	sb	x5,-13(x2)	  x2:0x80008c03  x5:0x00000000 PA:0x80008bf6
        9025000	       901	800013b4	ff4fdc03	lhu	x24,-12(x31)	 x31:0x80008c8c x24=0x00000000 PA:0x80008c80
        9035000	       902	800013b8	ff912583	lw	x11,-7(x2)	  x2:0x80008c03 x11=0x00000000 PA:0x80008bfc
        9045000	       903	800013bc	01b88423	sb	x27,8(x17)	 x17:0x80008a9d x27:0x00000000 PA:0x80008aa5
        9055000	       904	800013c0	01510023	sb	x21,0(x2)	  x2:0x80008c03 x21:0x00000000 PA:0x80008c03
        9065000	       905	800013c4	f24fc603	lbu	x12,-220(x31)	 x31:0x80008c8c x12=0x00000000 PA:0x80008bb0
        9075000	       906	800013c8	001f1123	sh	x1,2(x30)	 x30:0x80008e44  x1:0x00000000 PA:0x80008e46
        9085000	       907	800013cc	005a5503	lhu	x10,5(x20)	 x20:0x80008d05 x10=0x00000000 PA:0x80008d0a
        9095000	       908	800013d0	ff210a83	lb	x21,-14(x2)	  x2:0x80008c03 x21=0x00000000 PA:0x80008bf5
        9105000	       909	800013d4	ffc8c983	lbu	x19,-4(x17)	 x17:0x80008a9d x19=0x00000000 PA:0x80008a99
        9115000	       910	800013d8	008a4603	lbu	x12,8(x20)	 x20:0x80008d05 x12=0x00000000 PA:0x80008d0d
        9125000	       911	800013dc	0018c383	lbu	x7,1(x17)	 x17:0x80008a9d  x7=0x00000000 PA:0x80008a9e
        9135000	       912	800013e0	00f14b03	lbu	x22,15(x2)	  x2:0x80008c03 x22=0x00000000 PA:0x80008c12
        9145000	       913	800013e4	003f0703	lb	x14,3(x30)	 x30:0x80008e44 x14=0x00000000 PA:0x80008e47
        9155000	       914	800013e8	00515983	lhu	x19,5(x2)	  x2:0x80008c03 x19=0x00000000 PA:0x80008c08
        9165000	       915	800013ec	ff88cc83	lbu	x25,-8(x17)	 x17:0x80008a9d x25=0x00000000 PA:0x80008a95
        9175000	       916	800013f0	067f9123	sh	x7,98(x31)	 x31:0x80008c8c  x7:0x00000000 PA:0x80008cee
        9185000	       917	800013f4	004f2983	lw	x19,4(x30)	 x30:0x80008e44 x19=0x00000000 PA:0x80008e48
        9195000	       918	00000000	00000013	addi	x0,x0,0	  x0:0x00000000
        9205000	       919	800013f8	ff3f0ba3	sb	x19,-9(x30)	 x30:0x80008e44 x19:0x00000000 PA:0x80008e3b
        9215000	       920	800013fc	f46f8803	lb	x16,-186(x31)	 x31:0x80008c8c x16=0x00000000 PA:0x80008bd2
        9225000	       921	80001400	001f0b03	lb	x22,1(x30)	 x30:0x80008e44 x22=0x00000000 PA:0x80008e45
        9235000	       922	80001404	005a5b83	lhu	x23,5(x20)	 x20:0x80008d05 x23=0x00000000 PA:0x80008d0a
        9245000	       923	80001408	00f8a1a3	sw	x15,3(x17)	 x17:0x80008a9d x15:0x00000000 PA:0x80008aa0
        9255000	       924	8000140c	009a4383	lbu	x7,9(x20)	 x20:0x80008d05  x7=0x00000000 PA:0x80008d0e
        9265000	       925	80001410	08dfc083	lbu	x1,141(x31)	 x31:0x80008c8c  x1=0x00000000 PA:0x80008d19
        9275000	       926	80001414	ffcf1403	lh	x8,-4(x30)	 x30:0x80008e44  x8=0x00000000 PA:0x80008e40
        9285000	       927	80001418	00007117	auipc	x2,0x7	  x2=0x80008414
        9295000	       928	8000141c	fa810113	addi	x2,x2,-88	  x2:0x80008414  x2=0x800083bc
        9305000	       929	80001420	00007097	auipc	x1,0x7	  x1=0x8000841c
        9315000	       930	80001424	fd108093	addi	x1,x1,-47	  x1:0x8000841c  x1=0x800083ed
        9325000	       931	80001428	eec11703	lh	x14,-276(x2)	  x2:0x800083bc x14=0x00000000 PA:0x800082a8
        9335000	       932	8000142c	ff608583	lb	x11,-10(x1)	  x1:0x800083ed x11=0x00000000 PA:0x800083e3
        9345000	       933	80001430	28215403	lhu	x8,642(x2)	  x2:0x800083bc  x8=0x00000000 PA:0x8000863e
        9355000	       934	80001434	03108b23	sb	x17,54(x1)	  x1:0x800083ed x17:0x80008a9d PA:0x80008423
        9365000	       935	80001438	00007797	auipc	x15,0x7	 x15=0x80008434
        9375000	       936	8000143c	39d78793	addi	x15,x15,925	 x15:0x80008434 x15=0x800087d1
        9385000	       937	80001440	fda08183	lb	x3,-38(x1)	  x1:0x800083ed  x3=0x00000000 PA:0x800083c7
        9395000	       938	80001444	067108a3	sb	x7,113(x2)	  x2:0x800083bc  x7:0x00000000 PA:0x8000842d
        9405000	       939	80001448	d3c10423	sb	x28,-728(x2)	  x2:0x800083bc x28:0xffffffe5 PA:0x800080e4
        9415000	       940	8000144c	fd30a403	lw	x8,-45(x1)	  x1:0x800083ed  x8=0x00000000 PA:0x800083c0
        9425000	       941	80001450	022093a3	sh	x2,39(x1)	  x1:0x800083ed  x2:0x800083bc PA:0x80008414
        9435000	       942	80001454	0f610ca3	sb	x22,249(x2)	  x2:0x800083bc x22:0x00000000 PA:0x800084b5
        9445000	       943	80001458	00808b03	lb	x22,8(x1)	  x1:0x800083ed x22=0x00000000 PA:0x800083f5
        9455000	       944	8000145c	ffd7db83	lhu	x23,-3(x15)	 x15:0x800087d1 x23=0x000000a8 PA:0x800087ce
        9465000	       945	80001460	18211483	lh	x9,386(x2)	  x2:0x800083bc  x9=0x00000000 PA:0x8000853e
        9475000	       946	80001464	f757c803	lbu	x16,-139(x15)	 x15:0x800087d1 x16=0x00000000 PA:0x80008746
        9485000	       947	80001468	fcd0d683	lhu	x13,-51(x1)	  x1:0x800083ed x13=0x00000000 PA:0x800083ba
        9495000	       948	8000146c	fbb784a3	sb	x27,-87(x15)	 x15:0x800087d1 x27:0x00000000 PA:0x8000877a
        9505000	       949	80001470	f9b11623	sh	x27,-116(x2)	  x2:0x800083bc x27:0x00000000 PA:0x80008348
        9515000	       950	80001474	cf610883	lb	x17,-778(x2)	  x2:0x800083bc x17=0x00000000 PA:0x800080b2
        9525000	       951	80001478	ffd08e23	sb	x29,-4(x1)	  x1:0x800083ed x29:0x00000000 PA:0x800083e9
        9535000	       952	8000147c	eed10b03	lb	x22,-275(x2)	  x2:0x800083bc x22=0x00000000 PA:0x800082a9
        9545000	       953	80001480	fb478a03	lb	x20,-76(x15)	 x15:0x800087d1 x20=0x00000000 PA:0x80008785
        9555000	       954	80001484	02a0c403	lbu	x8,42(x1)	  x1:0x800083ed  x8=0x00000000 PA:0x80008417
        9565000	       955	80001488	feb0dc83	lhu	x25,-21(x1)	  x1:0x800083ed x25=0x00000000 PA:0x800083d8
        9575000	       956	8000148c	3aa10ba3	sb	x10,951(x2)	  x2:0x800083bc x10:0x00000000 PA:0x80008773
        9585000	       957	80001490	f6578383	lb	x7,-155(x15)	 x15:0x800087d1  x7=0x00000000 PA:0x80008736
        9595000	       958	80001494	00007097	auipc	x1,0x7	  x1=0x80008490
        9605000	       959	80001498	78408093	addi	x1,x1,1924	  x1:0x80008490  x1=0x80008c14
        9615000	       960	8000149c	f9a0c403	lbu	x8,-102(x1)	  x1:0x80008c14  x8=0x00000000 PA:0x80008bae
        9625000	       961	00000000	00000013	addi	x0,x0,0	  x0:0x00000000
        9635000	       962	800014a0	f8809d23	sh	x8,-102(x1)	  x1:0x80008c14  x8:0x00000000 PA:0x80008bae
        9645000	       963	800014a4	f9a08e03	lb	x28,-102(x1)	  x1:0x80008c14 x28=0x00000000 PA:0x80008bae
        9655000	       964	800014a8	a189e893	ori	x17,x19,-1512	 x19:0x00000000 x17=0xfffffa18
        9665000	       965	800014ac	f9a08b83	lb	x23,-102(x1)	  x1:0x80008c14 x23=0x00000000 PA:0x80008bae
        9675000	       966	800014b0	f9a08c83	lb	x25,-102(x1)	  x1:0x80008c14 x25=0x00000000 PA:0x80008bae
        9685000	       967	800014b4	f8e09d23	sh	x14,-102(x1)	  x1:0x80008c14 x14:0x00000000 PA:0x80008bae
        9695000	       968	800014b8	01aa7b33	and	x22,x20,x26	 x20:0x00000000 x26:0x00000000 x22=0x00000000
        9705000	       969	800014bc	00000013	addi	x0,x0,0	  x0:0x00000000
        9715000	       970	800014c0	f9a0cf03	lbu	x30,-102(x1)	  x1:0x80008c14 x30=0x00000000 PA:0x80008bae
        9725000	       971	800014c4	f9509d23	sh	x21,-102(x1)	  x1:0x80008c14 x21:0x00000000 PA:0x80008bae
        9735000	       972	800014c8	03e09703	lh	x14,62(x1)	  x1:0x80008c14 x14=0x00000000 PA:0x80008c52
        9745000	       973	800014cc	c645ab13	slti	x22,x11,-924	 x11:0x00000000 x22=0x00000000
        9755000	       974	800014d0	03e0c103	lbu	x2,62(x1)	  x1:0x80008c14  x2=0x00000000 PA:0x80008c52
        9765000	       975	800014d4	03e09f83	lh	x31,62(x1)	  x1:0x80008c14 x31=0x00000000 PA:0x80008c52
        9775000	       976	800014d8	00f32533	slt	x10,x6,x15	  x6:0x80009fc4 x15:0x800087d1 x10=0x00000000
        9785000	       977	800014dc	ff209c03	lh	x24,-14(x1)	  x1:0x80008c14 x24=0x00000000 PA:0x80008c06
        9795000	       978	800014e0	0e40a803	lw	x16,228(x1)	  x1:0x80008c14 x16=0x00000000 PA:0x80008cf8
        9805000	       979	800014e4	00007c17	auipc	x24,0x7	 x24=0x800084e0
        9815000	       980	800014e8	5a9c0c13	addi	x24,x24,1449	 x24:0x800084e0 x24=0x80008a89
        9825000	       981	800014ec	05dc5b03	lhu	x22,93(x24)	 x24:0x80008a89 x22=0x00000000 PA:0x80008ae6
        9835000	       982	800014f0	fdcc02a3	sb	x28,-59(x24)	 x24:0x80008a89 x28:0x00000000 PA:0x80008a4e
        9845000	       983	800014f4	088c0483	lb	x9,136(x24)	 x24:0x80008a89  x9=0x00000000 PA:0x80008b11
        9855000	       984	800014f8	e8616a13	ori	x20,x2,-378	  x2:0x00000000 x20=0xfffffe86
        9865000	       985	800014fc	0e1c5b83	lhu	x23,225(x24)	 x24:0x80008a89 x23=0x0000c000 PA:0x80008b6a
        9875000	       986	80001500	009d5513	srli	x10,x26,0x9	 x26:0x00000000 x10=0x00000000
        9885000	       987	80001504	401106b3	sub	x13,x2,x1	  x2:0x00000000  x1:0x80008c14 x13=0x7fff73ec
        9895000	       988	80001508	077c1b83	lh	x23,119(x24)	 x24:0x80008a89 x23=0x00000000 PA:0x80008b00
        9905000	       989	8000150c	fa7c1703	lh	x14,-89(x24)	 x24:0x80008a89 x14=0x00000000 PA:0x80008a30
        9915000	       990	80001510	0c6c0123	sb	x6,194(x24)	 x24:0x80008a89  x6:0x80009fc4 PA:0x80008b4b
        9925000	       991	80001514	00d832b3	sltu	x5,x16,x13	 x16:0x00000000 x13:0x7fff73ec  x5=0x00000001
        9935000	       992	80001518	5bae2593	slti	x11,x28,1466	 x28:0x00000000 x11=0x00000001
        9945000	       993	8000151c	077c4e03	lbu	x28,119(x24)	 x24:0x80008a89 x28=0x00000000 PA:0x80008b00
        9955000	       994	80001520	0157df33	srl	x30,x15,x21	 x15:0x800087d1 x21:0x00000000 x30=0x800087d1
        9965000	       995	80001524	40fed793	srai	x15,x29,0xf	 x29:0x00000000 x15=0x00000000
        9975000	       996	80001528	00bfccb3	xor	x25,x31,x11	 x31:0x00000000 x11:0x00000001 x25=0x00000001
        9985000	       997	8000152c	0e3c1883	lh	x17,227(x24)	 x24:0x80008a89 x17=0x00000000 PA:0x80008b6c
        9995000	       998	80001530	4104dfb3	sra	x31,x9,x16	  x9:0x00000000 x16:0x00000000 x31=0x00000000
       10005000	       999	80001534	017c11a3	sh	x23,3(x24)	 x24:0x80008a89 x23:0x00000000 PA:0x80008a8c
       10015000	      1000	80001538	15daefb7	lui	x31,0x15dae	 x31=0x15dae000
       10025000	      1001	8000153c	0154d7b3	srl	x15,x9,x21	  x9:0x00000000 x21:0x00000000 x15=0x00000000
       10035000	      1002	80001540	00159813	slli	x16,x11,0x1	 x11:0x00000001 x16=0x00000002
       10045000	      1003	80001544	01a80633	add	x12,x16,x26	 x16:0x00000002 x26:0x00000000 x12=0x00000002
       10055000	      1004	80001548	0fec18a3	sh	x30,241(x24)	 x24:0x80008a89 x30:0x800087d1 PA:0x80008b7a
       10065000	      1005	8000154c	41ba5d33	sra	x26,x20,x27	 x20:0xfffffe86 x27:0x00000000 x26=0xfffffe86
       10075000	      1006	80001550	070c0ea3	sb	x16,125(x24)	 x24:0x80008a89 x16:0x00000002 PA:0x80008b06
       10085000	      1007	80001554	95ed1f37	lui	x30,0x95ed1	 x30=0x95ed1000
       10095000	      1008	80001558	41958e33	sub	x28,x11,x25	 x11:0x00000001 x25:0x00000001 x28=0x00000000
       10105000	      1009	8000155c	019c14a3	sh	x25,9(x24)	 x24:0x80008a89 x25:0x00000001 PA:0x80008a92
       10115000	      1010	80001560	f45c1983	lh	x19,-187(x24)	 x24:0x80008a89 x19=0x00000000 PA:0x800089ce
       10125000	      1011	80001564	e556f993	andi	x19,x13,-427	 x13:0x7fff73ec x19=0x7fff7244
       10135000	      1012	80001568	f54c4e83	lbu	x29,-172(x24)	 x24:0x80008a89 x29=0x00000000 PA:0x800089dd
       10145000	      1013	8000156c	e6cdb113	sltiu	x2,x27,-404	 x27:0x00000000  x2=0x00000001
       10155000	      1014	80001570	e5c83897	auipc	x17,0xe5c83	 x17=0x65c8456c
       10165000	      1015	80001574	40915433	sra	x8,x2,x9	  x2:0x00000001  x9:0x00000000  x8=0x00000001
       10175000	      1016	80001578	1f5a4113	xori	x2,x20,501	 x20:0xfffffe86  x2=0xffffff73
       10185000	      1017	8000157c	01a87d33	and	x26,x16,x26	 x16:0x00000002 x26:0xfffffe86 x26=0x00000002
       10195000	      1018	80001580	00000013	addi	x0,x0,0	  x0:0x00000000
       10205000	      1019	80001584	054c0383	lb	x7,84(x24)	 x24:0x80008a89  x7=0x00000000 PA:0x80008add
       10215000	      1020	80001588	00951a13	slli	x20,x10,0x9	 x10:0x00000000 x20=0x00000000
       10225000	      1021	8000158c	03f38c63	beq	x7,x31,800015c4	  x7:0x00000000 x31:0x15dae000
       10235000	      1022	80001590	01d3c6b3	xor	x13,x7,x29	  x7:0x00000000 x29:0x00000000 x13=0x00000000
       10245000	      1023	80001594	01db2833	slt	x16,x22,x29	 x22:0x00000000 x29:0x00000000 x16=0x00000000
       10255000	      1024	80001598	01521c93	slli	x25,x4,0x15	  x4:0x80009f28 x25=0xe5000000
       10265000	      1025	8000159c	0b148a13	addi	x20,x9,177	  x9:0x00000000 x20=0x000000b1
       10275000	      1026	800015a0	0281ee63	bltu	x3,x8,800015dc	  x3:0x00000000  x8:0x00000001
       10285000	      1027	00000000	00000013	addi	x0,x0,0	  x0:0x00000000
       10295000	      1028	800015d8	00000013	addi	x0,x0,0	  x0:0x00000000
       10305000	      1029	800015dc	0119bcb3	sltu	x25,x19,x17	 x19:0x7fff7244 x17:0x65c8456c x25=0x00000000
       10315000	      1030	800015e0	00e923b3	slt	x7,x18,x14	 x18:0x192d8c97 x14:0x00000000  x7=0x00000000
       10325000	      1031	800015e4	2f654f13	xori	x30,x10,758	 x10:0x00000000 x30=0x000002f6
       10335000	      1032	800015e8	0015ec33	or	x24,x11,x1	 x11:0x00000001  x1:0x80008c14 x24=0x80008c15
       10345000	      1033	800015ec	00d17fb3	and	x31,x2,x13	  x2:0xffffff73 x13:0x00000000 x31=0x00000000
       10355000	      1034	800015f0	00951b13	slli	x22,x10,0x9	 x10:0x00000000 x22=0x00000000
       10365000	      1035	800015f4	40985613	srai	x12,x16,0x9	 x16:0x00000000 x12=0x00000000
       10375000	      1036	800015f8	01078c63	beq	x15,x16,80001610	 x15:0x00000000 x16:0x00000000
       10385000	      1037	00000000	00000013	addi	x0,x0,0	  x0:0x00000000
       10395000	      1038	8000160c	00000013	addi	x0,x0,0	  x0:0x00000000
       10405000	      1039	80001610	00f41793	slli	x15,x8,0xf	  x8:0x00000001 x15=0x00008000
       10415000	      1040	80001614	00000013	addi	x0,x0,0	  x0:0x00000000
       10425000	      1041	80001618	00ab0db3	add	x27,x22,x10	 x22:0x00000000 x10:0x00000000 x27=0x00000000
       10435000	      1042	8000161c	418fd713	srai	x14,x31,0x18	 x31:0x00000000 x14=0x00000000
       10445000	      1043	80001620	001acdb3	xor	x27,x21,x1	 x21:0x00000000  x1:0x80008c14 x27=0x80008c14
       10455000	      1044	80001624	405d5193	srai	x3,x26,0x5	 x26:0x00000002  x3=0x00000000
       10465000	      1045	80001628	03ecfc63	bgeu	x25,x30,80001660	 x25:0x00000000 x30:0x000002f6
       10475000	      1046	8000162c	a6e44a93	xori	x21,x8,-1426	  x8:0x00000001 x21=0xfffffa6f
       10485000	      1047	80001630	04254263	blt	x10,x2,80001674	 x10:0x00000000  x2:0xffffff73
       10495000	      1048	80001634	01e39a93	slli	x21,x7,0x1e	  x7:0x00000000 x21=0x00000000
       10505000	      1049	80001638	400d5c13	srai	x24,x26,0x0	 x26:0x00000002 x24=0x00000002
       10515000	      1050	8000163c	00019f13	slli	x30,x3,0x0	  x3:0x00000000 x30=0x00000000
       10525000	      1051	80001640	b1d0ee13	ori	x28,x1,-1251	  x1:0x80008c14 x28=0xffffff1d
       10535000	      1052	80001644	00b74263	blt	x14,x11,80001648	 x14:0x00000000 x11:0x00000001
       10545000	      1053	00000000	00000013	addi	x0,x0,0	  x0:0x00000000
       10555000	      1054	80001644	00000013	addi	x0,x0,0	  x0:0x00000000
       10565000	      1055	80001648	00f75993	srli	x19,x14,0xf	 x14:0x00000000 x19=0x00000000
       10575000	      1056	8000164c	1678f637	lui	x12,0x1678f	 x12=0x1678f000
       10585000	      1057	80001650	00fefdb3	and	x27,x29,x15	 x29:0x00000000 x15:0x00008000 x27=0x00000000
       10595000	      1058	80001654	0181a1b3	slt	x3,x3,x24	  x3:0x00000000 x24:0x00000002  x3=0x00000001
       10605000	      1059	80001658	034cd063	bge	x25,x20,80001678	 x25:0x00000000 x20:0x000000b1
       10615000	      1060	8000165c	62390893	addi	x17,x18,1571	 x18:0x192d8c97 x17=0x192d92ba
       10625000	      1061	80001660	00d89b13	slli	x22,x17,0xd	 x17:0x192d92ba x22=0xb2574000
       10635000	      1062	80001664	001b7033	and	x0,x22,x1	 x22:0xb2574000  x1:0x80008c14
       10645000	      1063	80001668	02ddca63	blt	x27,x13,8000169c	 x27:0x00000000 x13:0x00000000
       10655000	      1064	8000166c	e3ff1297	auipc	x5,0xe3ff1	  x5=0x63ff2668
       10665000	      1065	80001670	04aa5263	bge	x20,x10,800016b4	 x20:0x000000b1 x10:0x00000000
       10675000	      1066	00000000	00000013	addi	x0,x0,0	  x0:0x00000000
       10685000	      1067	800016b0	00000013	addi	x0,x0,0	  x0:0x00000000
       10695000	      1068	800016b4	ebe4c613	xori	x12,x9,-322	  x9:0x00000000 x12=0xfffffebe
       10705000	      1069	800016b8	046d4063	blt	x26,x6,800016f8	 x26:0x00000002  x6:0x80009fc4
       10715000	      1070	800016bc	01956c33	or	x24,x10,x25	 x10:0x00000000 x25:0x00000000 x24=0x00000000
       10725000	      1071	800016c0	63032b93	slti	x23,x6,1584	  x6:0x80009fc4 x23=0x00000001
       10735000	      1072	800016c4	00e99a63	bne	x19,x14,800016d8	 x19:0x00000000 x14:0x00000000
       10745000	      1073	800016c8	0168d893	srli	x17,x17,0x16	 x17:0x192d92ba x17=0x00000064
       10755000	      1074	800016cc	00765bb3	srl	x23,x12,x7	 x12:0xfffffebe  x7:0x00000000 x23=0xfffffebe
       10765000	      1075	800016d0	005c6133	or	x2,x24,x5	 x24:0x00000000  x5:0x63ff2668  x2=0x63ff2668
       10775000	      1076	800016d4	01170833	add	x16,x14,x17	 x14:0x00000000 x17:0x00000064 x16=0x00000064
       10785000	      1077	800016d8	00c364b3	or	x9,x6,x12	  x6:0x80009fc4 x12:0xfffffebe  x9=0xfffffffe
       10795000	      1078	800016dc	a36e0db7	lui	x27,0xa36e0	 x27=0xa36e0000
       10805000	      1079	800016e0	4190d293	srai	x5,x1,0x19	  x1:0x80008c14  x5=0xffffffc0
       10815000	      1080	800016e4	eacb4b93	xori	x23,x22,-340	 x22:0xb2574000 x23=0x4da8beac
       10825000	      1081	800016e8	003e3133	sltu	x2,x28,x3	 x28:0xffffff1d  x3:0x00000001  x2=0x00000000
       10835000	      1082	800016ec	01939a13	slli	x20,x7,0x19	  x7:0x00000000 x20=0x00000000
       10845000	      1083	800016f0	d91ce613	ori	x12,x25,-623	 x25:0x00000000 x12=0xfffffd91
       10855000	      1084	800016f4	01c21713	slli	x14,x4,0x1c	  x4:0x80009f28 x14=0x80000000
       10865000	      1085	800016f8	d07f8513	addi	x10,x31,-761	 x31:0x00000000 x10=0xfffffd07
       10875000	      1086	800016fc	00d01c93	slli	x25,x0,0xd	  x0:0x00000000 x25=0x00000000
       10885000	      1087	80001700	01df29b3	slt	x19,x30,x29	 x30:0x00000000 x29:0x00000000 x19=0x00000000
       10895000	      1088	80001704	000a9e63	bne	x21,x0,80001720	 x21:0x00000000  x0:0x00000000
       10905000	      1089	80001708	22ad1617	auipc	x12,0x22ad1	 x12=0xa2ad2704
       10915000	      1090	8000170c	018ec533	xor	x10,x29,x24	 x29:0x00000000 x24:0x00000000 x10=0x00000000
       10925000	      1091	80001710	002efa33	and	x20,x29,x2	 x29:0x00000000  x2:0x00000000 x20=0x00000000
       10935000	      1092	80001714	02667c63	bgeu	x12,x6,8000174c	 x12:0xa2ad2704  x6:0x80009fc4
       10945000	      1093	00000000	00000013	addi	x0,x0,0	  x0:0x00000000
       10955000	      1094	80001748	00000013	addi	x0,x0,0	  x0:0x00000000
       10965000	      1095	8000174c	febb6a13	ori	x20,x22,-21	 x22:0xb2574000 x20=0xffffffeb
       10975000	      1096	80001750	00377533	and	x10,x14,x3	 x14:0x80000000  x3:0x00000001 x10=0x00000000
       10985000	      1097	80001754	a3f2eb13	ori	x22,x5,-1473	  x5:0xffffffc0 x22=0xffffffff
       10995000	      1098	80001758	9927b593	sltiu	x11,x15,-1646	 x15:0x00008000 x11=0x00000001
       11005000	      1099	8000175c	02c94063	blt	x18,x12,8000177c	 x18:0x192d8c97 x12:0xa2ad2704
       11015000	      1100	80001760	040f6263	bltu	x30,x0,800017a4	 x30:0x00000000  x0:0x00000000
       11025000	      1101	80001764	02caf863	bgeu	x21,x12,80001794	 x21:0x00000000 x12:0xa2ad2704
       11035000	      1102	80001768	de89a393	slti	x7,x19,-536	 x19:0x00000000  x7=0x00000000
       11045000	      1103	8000176c	006e0f33	add	x30,x28,x6	 x28:0xffffff1d  x6:0x80009fc4 x30=0x80009ee1
       11055000	      1104	80001770	d646ce93	xori	x29,x13,-668	 x13:0x00000000 x29=0xfffffd64
       11065000	      1105	80001774	0162f633	and	x12,x5,x22	  x5:0xffffffc0 x22:0xffffffff x12=0xffffffc0
       11075000	      1106	80001778	00339113	slli	x2,x7,0x3	  x7:0x00000000  x2=0x00000000
       11085000	      1107	8000177c	02485863	bge	x16,x4,800017ac	 x16:0x00000064  x4:0x80009f28
       11095000	      1108	00000000	00000013	addi	x0,x0,0	  x0:0x00000000
       11105000	      1109	800017a8	00000013	addi	x0,x0,0	  x0:0x00000000
       11115000	      1110	800017ac	35049437	lui	x8,0x35049	  x8=0x35049000
       11125000	      1111	800017b0	00cb5433	srl	x8,x22,x12	 x22:0xffffffff x12:0xffffffc0  x8=0xffffffff
       11135000	      1112	800017b4	ab938513	addi	x10,x7,-1351	  x7:0x00000000 x10=0xfffffab9
       11145000	      1113	800017b8	87a715b7	lui	x11,0x87a71	 x11=0x87a71000
       11155000	      1114	800017bc	00c6b4b3	sltu	x9,x13,x12	 x13:0x00000000 x12:0xffffffc0  x9=0x00000001
       11165000	      1115	800017c0	0173b5b3	sltu	x11,x7,x23	  x7:0x00000000 x23:0x4da8beac x11=0x00000001
       11175000	      1116	800017c4	0094d513	srli	x10,x9,0x9	  x9:0x00000001 x10=0x00000000
       11185000	      1117	800017c8	41a657b3	sra	x15,x12,x26	 x12:0xffffffc0 x26:0x00000002 x15=0xfffffff0
       11195000	      1118	800017cc	74ae07b7	lui	x15,0x74ae0	 x15=0x74ae0000
       11205000	      1119	800017d0	00d906b3	add	x13,x18,x13	 x18:0x192d8c97 x13:0x00000000 x13=0x192d8c97
       11215000	      1120	800017d4	b60e8037	lui	x0,0xb60e8	
       11225000	      1121	800017d8	0eccac93	slti	x25,x25,236	 x25:0x00000000 x25=0x00000001
       11235000	      1122	800017dc	03af7c63	bgeu	x30,x26,80001814	 x30:0x80009ee1 x26:0x00000002
       11245000	      1123	00000000	00000013	addi	x0,x0,0	  x0:0x00000000
       11255000	      1124	80001810	00000013	addi	x0,x0,0	  x0:0x00000000
       11265000	      1125	80001814	009ef133	and	x2,x29,x9	 x29:0xfffffd64  x9:0x00000001  x2=0x00000000
       11275000	      1126	80001818	01ff7cb3	and	x25,x30,x31	 x30:0x80009ee1 x31:0x00000000 x25=0x00000000
       11285000	      1127	8000181c	22ca4b13	xori	x22,x20,556	 x20:0xffffffeb x22=0xfffffdc7
       11295000	      1128	80001820	98e70e13	addi	x28,x14,-1650	 x14:0x80000000 x28=0x7ffff98e
       11305000	      1129	80001824	01f3c7b3	xor	x15,x7,x31	  x7:0x00000000 x31:0x00000000 x15=0x00000000
       11315000	      1130	80001828	04527463	bgeu	x4,x5,80001870	  x4:0x80009f28  x5:0xffffffc0
       11325000	      1131	8000182c	048f4263	blt	x30,x8,80001870	 x30:0x80009ee1  x8:0xffffffff
       11335000	      1132	00000000	00000013	addi	x0,x0,0	  x0:0x00000000
       11345000	      1133	8000186c	00000013	addi	x0,x0,0	  x0:0x00000000
       11355000	      1134	80001870	41de0b33	sub	x22,x28,x29	 x28:0x7ffff98e x29:0xfffffd64 x22=0x7ffffc2a
       11365000	      1135	80001874	77046f13	ori	x30,x8,1904	  x8:0xffffffff x30=0xffffffff
       11375000	      1136	80001878	01322f33	slt	x30,x4,x19	  x4:0x80009f28 x19:0x00000000 x30=0x00000001
       11385000	      1137	8000187c	01a41733	sll	x14,x8,x26	  x8:0xffffffff x26:0x00000002 x14=0xfffffffc
       11395000	      1138	80001880	0289cc63	blt	x19,x8,800018b8	 x19:0x00000000  x8:0xffffffff
       11405000	      1139	80001884	d408ff17	auipc	x30,0xd408f	 x30=0x54090880
       11415000	      1140	80001888	40c40e33	sub	x28,x8,x12	  x8:0xffffffff x12:0xffffffc0 x28=0x0000003f
       11425000	      1141	8000188c	f862d137	lui	x2,0xf862d	  x2=0xf862d000
       11435000	      1142	80001890	4a80f097	auipc	x1,0x4a80f	  x1=0xca81088c
       11445000	      1143	80001894	01fa1f93	slli	x31,x20,0x1f	 x20:0xffffffeb x31=0x80000000
       11455000	      1144	80001898	01611eb3	sll	x29,x2,x22	  x2:0xf862d000 x22:0x7ffffc2a x29=0x8b400000
       11465000	      1145	8000189c	348fff93	andi	x31,x31,840	 x31:0x80000000 x31=0x00000000
       11475000	      1146	800018a0	60d4e713	ori	x14,x9,1549	  x9:0x00000001 x14=0x0000060d
       11485000	      1147	800018a4	04d97263	bgeu	x18,x13,800018e8	 x18:0x192d8c97 x13:0x192d8c97
       11495000	      1148	00000000	00000013	addi	x0,x0,0	  x0:0x00000000
       11505000	      1149	800018e4	00000013	addi	x0,x0,0	  x0:0x00000000
       11515000	      1150	800018e8	41b05113	srai	x2,x0,0x1b	  x0:0x00000000  x2=0x00000000
       11525000	      1151	800018ec	00aea7b3	slt	x15,x29,x10	 x29:0x8b400000 x10:0x00000000 x15=0x00000001
       11535000	      1152	800018f0	41c2d193	srai	x3,x5,0x1c	  x5:0xffffffc0  x3=0xffffffff
       11545000	      1153	800018f4	41e25d13	srai	x26,x4,0x1e	  x4:0x80009f28 x26=0xfffffffe
       11555000	      1154	800018f8	0d769a63	bne	x13,x23,800019cc	 x13:0x192d8c97 x23:0x4da8beac
       11565000	      1155	00000000	00000013	addi	x0,x0,0	  x0:0x00000000
       11575000	      1156	800019c8	00000013	addi	x0,x0,0	  x0:0x00000000
       11585000	      1157	800019cc	03a11463	bne	x2,x26,800019f4	  x2:0x00000000 x26:0xfffffffe
       11595000	      1158	00000000	00000013	addi	x0,x0,0	  x0:0x00000000
       11605000	      1159	800019f0	00000013	addi	x0,x0,0	  x0:0x00000000
       11615000	      1160	800019f4	256c8f37	lui	x30,0x256c8	 x30=0x256c8000
       11625000	      1161	800019f8	c7f3cf13	xori	x30,x7,-897	  x7:0x00000000 x30=0xfffffc7f
       11635000	      1162	800019fc	8df3b013	sltiu	x0,x7,-1825	  x7:0x00000000
       11645000	      1163	80001a00	395f9117	auipc	x2,0x395f9	  x2=0xb95fa9fc
       11655000	      1164	80001a04	40d50133	sub	x2,x10,x13	 x10:0x00000000 x13:0x192d8c97  x2=0xe6d27369
       11665000	      1165	80001a08	d569ca93	xori	x21,x19,-682	 x19:0x00000000 x21=0xfffffd56
       11675000	      1166	80001a0c	01477033	and	x0,x14,x20	 x14:0x0000060d x20:0xffffffeb
       11685000	      1167	80001a10	6421a193	slti	x3,x3,1602	  x3:0xffffffff  x3=0x00000001
       11695000	      1168	80001a14	05b55263	bge	x10,x27,80001a58	 x10:0x00000000 x27:0xa36e0000
       11705000	      1169	00000000	00000013	addi	x0,x0,0	  x0:0x00000000
       11715000	      1170	80001a54	00000013	addi	x0,x0,0	  x0:0x00000000
       11725000	      1171	80001a58	013d9093	slli	x1,x27,0x13	 x27:0xa36e0000  x1=0x00000000
       11735000	      1172	80001a5c	4115d5b3	sra	x11,x11,x17	 x11:0x00000001 x17:0x00000064 x11=0x00000000
       11745000	      1173	80001a60	00000013	addi	x0,x0,0	  x0:0x00000000
       11755000	      1174	80001a64	013063b3	or	x7,x0,x19	  x0:0x00000000 x19:0x00000000  x7=0x00000000
       11765000	      1175	80001a68	009711b3	sll	x3,x14,x9	 x14:0x0000060d  x9:0x00000001  x3=0x00000c1a
       11775000	      1176	80001a6c	0f768e63	beq	x13,x23,80001b68	 x13:0x192d8c97 x23:0x4da8beac
       11785000	      1177	80001a70	a4952693	slti	x13,x10,-1463	 x10:0x00000000 x13=0x00000000
       11795000	      1178	80001a74	0db5d863	bge	x11,x27,80001b44	 x11:0x00000000 x27:0xa36e0000
       11805000	      1179	00000000	00000013	addi	x0,x0,0	  x0:0x00000000
       11815000	      1180	80001b40	00000013	addi	x0,x0,0	  x0:0x00000000
       11825000	      1181	80001b44	0152fbb3	and	x23,x5,x21	  x5:0xffffffc0 x21:0xfffffd56 x23=0xfffffd40
       11835000	      1182	80001b48	010978b3	and	x17,x18,x16	 x18:0x192d8c97 x16:0x00000064 x17=0x00000004
       11845000	      1183	80001b4c	00000013	addi	x0,x0,0	  x0:0x00000000
       11855000	      1184	80001b50	05936263	bltu	x6,x25,80001b94	  x6:0x80009fc4 x25:0x00000000
       11865000	      1185	80001b54	d1ff1f37	lui	x30,0xd1ff1	 x30=0xd1ff1000
       11875000	      1186	80001b58	355b6713	ori	x14,x22,853	 x22:0x7ffffc2a x14=0x7fffff7f
       11885000	      1187	80001b5c	03237463	bgeu	x6,x18,80001b84	  x6:0x80009fc4 x18:0x192d8c97
       11895000	      1188	00000000	00000013	addi	x0,x0,0	  x0:0x00000000
       11905000	      1189	80001b80	00000013	addi	x0,x0,0	  x0:0x00000000
       11915000	      1190	80001b84	41250b33	sub	x22,x10,x18	 x10:0x00000000 x18:0x192d8c97 x22=0xe6d27369
       11925000	      1191	80001b88	044f0263	beq	x30,x4,80001bcc	 x30:0xd1ff1000  x4:0x80009f28
       11935000	      1192	80001b8c	2701bb93	sltiu	x23,x3,624	  x3:0x00000c1a x23=0x00000000
       11945000	      1193	80001b90	242f3013	sltiu	x0,x30,578	 x30:0xd1ff1000
       11955000	      1194	80001b94	015f7c33	and	x24,x30,x21	 x30:0xd1ff1000 x21:0xfffffd56 x24=0xd1ff1000
       11965000	      1195	80001b98	0085c733	xor	x14,x11,x8	 x11:0x00000000  x8:0xffffffff x14=0xffffffff
       11975000	      1196	80001b9c	00109993	slli	x19,x1,0x1	  x1:0x00000000 x19=0x00000000
       11985000	      1197	80001ba0	004ff133	and	x2,x31,x4	 x31:0x00000000  x4:0x80009f28  x2=0x00000000
       11995000	      1198	80001ba4	08fbe113	ori	x2,x23,143	 x23:0x00000000  x2=0x0000008f
       12005000	      1199	80001ba8	41275193	srai	x3,x14,0x12	 x14:0xffffffff  x3=0xffffffff
       12015000	      1200	80001bac	41580bb3	sub	x23,x16,x21	 x16:0x00000064 x21:0xfffffd56 x23=0x0000030e
       12025000	      1201	80001bb0	4b7cc093	xori	x1,x25,1207	 x25:0x00000000  x1=0x000004b7
       12035000	      1202	80001bb4	014088b3	add	x17,x1,x20	  x1:0x000004b7 x20:0xffffffeb x17=0x000004a2
       12045000	      1203	80001bb8	b2cc0b37	lui	x22,0xb2cc0	 x22=0xb2cc0000
       12055000	      1204	80001bbc	8ae7b013	sltiu	x0,x15,-1874	 x15:0x00000001
       12065000	      1205	80001bc0	00e9d5b3	srl	x11,x19,x14	 x19:0x00000000 x14:0xffffffff x11=0x00000000
       12075000	      1206	80001bc4	01ca69b3	or	x19,x20,x28	 x20:0xffffffeb x28:0x0000003f x19=0xffffffff
       12085000	      1207	80001bc8	028a4c63	blt	x20,x8,80001c00	 x20:0xffffffeb  x8:0xffffffff
       12095000	      1208	00000000	00000013	addi	x0,x0,0	  x0:0x00000000
       12105000	      1209	80001bfc	00000013	addi	x0,x0,0	  x0:0x00000000
       12115000	      1210	80001c00	0146c263	blt	x13,x20,80001c04	 x13:0x00000000 x20:0xffffffeb
       12125000	      1211	80001c04	03e3f663	bgeu	x7,x30,80001c30	  x7:0x00000000 x30:0xd1ff1000
       12135000	      1212	80001c08	41e751b3	sra	x3,x14,x30	 x14:0xffffffff x30:0xd1ff1000  x3=0xffffffff
       12145000	      1213	80001c0c	d8d426b7	lui	x13,0xd8d42	 x13=0xd8d42000
       12155000	      1214	80001c10	01cf4533	xor	x10,x30,x28	 x30:0xd1ff1000 x28:0x0000003f x10=0xd1ff103f
       12165000	      1215	80001c14	015fcfb3	xor	x31,x31,x21	 x31:0x00000000 x21:0xfffffd56 x31=0xfffffd56
       12175000	      1216	80001c18	00e65c63	bge	x12,x14,80001c30	 x12:0xffffffc0 x14:0xffffffff
       12185000	      1217	80001c1c	e4e01837	lui	x16,0xe4e01	 x16=0xe4e01000
       12195000	      1218	80001c20	5bbf4013	xori	x0,x30,1467	 x30:0xd1ff1000
       12205000	      1219	80001c24	012a9533	sll	x10,x21,x18	 x21:0xfffffd56 x18:0x192d8c97 x10=0xab000000
       12215000	      1220	80001c28	baf2f013	andi	x0,x5,-1105	  x5:0xffffffc0
       12225000	      1221	80001c2c	001d5e33	srl	x28,x26,x1	 x26:0xfffffffe  x1:0x000004b7 x28=0x000001ff
       12235000	      1222	80001c30	02d95a63	bge	x18,x13,80001c64	 x18:0x192d8c97 x13:0xd8d42000
       12245000	      1223	00000000	00000013	addi	x0,x0,0	  x0:0x00000000
       12255000	      1224	80001c60	00000013	addi	x0,x0,0	  x0:0x00000000
       12265000	      1225	80001c64	000fbb33	sltu	x22,x31,x0	 x31:0xfffffd56  x0:0x00000000 x22=0x00000000
       12275000	      1226	80001c68	01899b13	slli	x22,x19,0x18	 x19:0xffffffff x22=0xff000000
       12285000	      1227	80001c6c	01a3b7b3	sltu	x15,x7,x26	  x7:0x00000000 x26:0xfffffffe x15=0x00000001
       12295000	      1228	80001c70	65490db7	lui	x27,0x65490	 x27=0x65490000
       12305000	      1229	80001c74	c9ba2d13	slti	x26,x20,-869	 x20:0xffffffeb x26=0x00000000
       12315000	      1230	80001c78	eb870113	addi	x2,x14,-328	 x14:0xffffffff  x2=0xfffffeb7
       12325000	      1231	80001c7c	ad9aad13	slti	x26,x21,-1319	 x21:0xfffffd56 x26=0x00000000
       12335000	      1232	80001c80	9b141a97	auipc	x21,0x9b141	 x21=0x1b142c7c
       12345000	      1233	80001c84	00f35713	srli	x14,x6,0xf	  x6:0x80009fc4 x14=0x00010001
       12355000	      1234	80001c88	011ce2b3	or	x5,x25,x17	 x25:0x00000000 x17:0x000004a2  x5=0x000004a2
       12365000	      1235	80001c8c	01cf7c63	bgeu	x30,x28,80001ca4	 x30:0xd1ff1000 x28:0x000001ff
       12375000	      1236	00000000	00000013	addi	x0,x0,0	  x0:0x00000000
       12385000	      1237	80001ca0	00000013	addi	x0,x0,0	  x0:0x00000000
       12395000	      1238	80001ca4	35c92613	slti	x12,x18,860	 x18:0x192d8c97 x12=0x00000000
       12405000	      1239	80001ca8	406b8d33	sub	x26,x23,x6	 x23:0x0000030e  x6:0x80009fc4 x26=0x7fff634a
       12415000	      1240	80001cac	b65ae993	ori	x19,x21,-1179	 x21:0x1b142c7c x19=0xffffff7d
       12425000	      1241	80001cb0	01e55413	srli	x8,x10,0x1e	 x10:0xab000000  x8=0x00000002
       12435000	      1242	80001cb4	01bcbcb3	sltu	x25,x25,x27	 x25:0x00000000 x27:0x65490000 x25=0x00000001
       12445000	      1243	80001cb8	40d250b3	sra	x1,x4,x13	  x4:0x80009f28 x13:0xd8d42000  x1=0x80009f28
       12455000	      1244	80001cbc	00a99293	slli	x5,x19,0xa	 x19:0xffffff7d  x5=0xfffdf400
       12465000	      1245	80001cc0	01b5a1b3	slt	x3,x11,x27	 x11:0x00000000 x27:0x65490000  x3=0x00000001
       12475000	      1246	80001cc4	03b39063	bne	x7,x27,80001ce4	  x7:0x00000000 x27:0x65490000
       12485000	      1247	00000000	00000013	addi	x0,x0,0	  x0:0x00000000
       12495000	      1248	80001ce0	00000013	addi	x0,x0,0	  x0:0x00000000
       12505000	      1249	80001ce4	01d1d493	srli	x9,x3,0x1d	  x3:0x00000001  x9=0x00000000
       12515000	      1250	80001ce8	01f98433	add	x8,x19,x31	 x19:0xffffff7d x31:0xfffffd56  x8=0xfffffcd3
       12525000	      1251	80001cec	049e5463	bge	x28,x9,80001d34	 x28:0x000001ff  x9:0x00000000
       12535000	      1252	00000000	00000013	addi	x0,x0,0	  x0:0x00000000
       12545000	      1253	80001d30	00000013	addi	x0,x0,0	  x0:0x00000000
       12555000	      1254	80001d34	416c02b3	sub	x5,x24,x22	 x24:0xd1ff1000 x22:0xff000000  x5=0xd2ff1000
       12565000	      1255	80001d38	01511713	slli	x14,x2,0x15	  x2:0xfffffeb7 x14=0xd6e00000
       12575000	      1256	80001d3c	01e37663	bgeu	x6,x30,80001d48	  x6:0x80009fc4 x30:0xd1ff1000
       12585000	      1257	80001d40	60edb113	sltiu	x2,x27,1550	 x27:0x65490000  x2=0x00000000
       12595000	      1258	80001d44	8fe16993	ori	x19,x2,-1794	  x2:0x00000000 x19=0xfffff8fe
       12605000	      1259	80001d48	05c08063	beq	x1,x28,80001d88	  x1:0x80009f28 x28:0x000001ff
       12615000	      1260	80001d4c	300d4d93	xori	x27,x26,768	 x26:0x7fff634a x27=0x7fff604a
       12625000	      1261	80001d50	0187d833	srl	x16,x15,x24	 x15:0x00000001 x24:0xd1ff1000 x16=0x00000001
       12635000	      1262	80001d54	01d2d1b3	srl	x3,x5,x29	  x5:0xd2ff1000 x29:0x8b400000  x3=0xd2ff1000
       12645000	      1263	80001d58	01cd66b3	or	x13,x26,x28	 x26:0x7fff634a x28:0x000001ff x13=0x7fff63ff
       12655000	      1264	80001d5c	0049cd33	xor	x26,x19,x4	 x19:0xfffff8fe  x4:0x80009f28 x26=0x7fff67d6
       12665000	      1265	80001d60	01881c93	slli	x25,x16,0x18	 x16:0x00000001 x25=0x01000000
       12675000	      1266	80001d64	40295293	srai	x5,x18,0x2	 x18:0x192d8c97  x5=0x064b6325
       12685000	      1267	80001d68	01a04c63	blt	x0,x26,80001d80	  x0:0x00000000 x26:0x7fff67d6
       12695000	      1268	00000000	00000013	addi	x0,x0,0	  x0:0x00000000
       12705000	      1269	80001d7c	00000013	addi	x0,x0,0	  x0:0x00000000
       12715000	      1270	80001d80	3ce94813	xori	x16,x18,974	 x18:0x192d8c97 x16=0x192d8f59
       12725000	      1271	80001d84	02866463	bltu	x12,x8,80001dac	 x12:0x00000000  x8:0xfffffcd3
       12735000	      1272	00000000	00000013	addi	x0,x0,0	  x0:0x00000000
       12745000	      1273	80001da8	00000013	addi	x0,x0,0	  x0:0x00000000
       12755000	      1274	80001dac	907a0093	addi	x1,x20,-1785	 x20:0xffffffeb  x1=0xfffff8f2
       12765000	      1275	80001db0	3059ee93	ori	x29,x19,773	 x19:0xfffff8fe x29=0xfffffbff
       12775000	      1276	80001db4	3e556093	ori	x1,x10,997	 x10:0xab000000  x1=0xab0003e5
       12785000	      1277	80001db8	3aee4513	xori	x10,x28,942	 x28:0x000001ff x10=0x00000251
       12795000	      1278	80001dbc	00ea9733	sll	x14,x21,x14	 x21:0x1b142c7c x14:0xd6e00000 x14=0x1b142c7c
       12805000	      1279	80001dc0	4059de33	sra	x28,x19,x5	 x19:0xfffff8fe  x5:0x064b6325 x28=0xffffffc7
       12815000	      1280	80001dc4	00711b13	slli	x22,x2,0x7	  x2:0x00000000 x22=0x00000000
       12825000	      1281	80001dc8	6c06e0b7	lui	x1,0x6c06e	  x1=0x6c06e000
       12835000	      1282	80001dcc	37aba697	auipc	x13,0x37aba	 x13=0xb7abbdc8
       12845000	      1283	80001dd0	01269533	sll	x10,x13,x18	 x13:0xb7abbdc8 x18:0x192d8c97 x10=0xe4000000
       12855000	      1284	80001dd4	a713ef13	ori	x30,x7,-1423	  x7:0x00000000 x30=0xfffffa71
       12865000	      1285	80001dd8	7b261017	auipc	x0,0x7b261	
       12875000	      1286	80001ddc	01d7a4b3	slt	x9,x15,x29	 x15:0x00000001 x29:0xfffffbff  x9=0x00000000
       12885000	      1287	80001de0	008ada13	srli	x20,x21,0x8	 x21:0x1b142c7c x20=0x001b142c
       12895000	      1288	80001de4	e0af7b13	andi	x22,x30,-502	 x30:0xfffffa71 x22=0xfffffa00
       12905000	      1289	80001de8	01ee4c33	xor	x24,x28,x30	 x28:0xffffffc7 x30:0xfffffa71 x24=0x000005b6
       12915000	      1290	80001dec	01d4ec33	or	x24,x9,x29	  x9:0x00000000 x29:0xfffffbff x24=0xfffffbff
       12925000	      1291	80001df0	7356c137	lui	x2,0x7356c	  x2=0x7356c000
       12935000	      1292	80001df4	6800fd13	andi	x26,x1,1664	  x1:0x6c06e000 x26=0x00000000
       12945000	      1293	80001df8	40e55a13	srai	x20,x10,0xe	 x10:0xe4000000 x20=0xffff9000
       12955000	      1294	80001dfc	03939c63	bne	x7,x25,80001e34	  x7:0x00000000 x25:0x01000000
       12965000	      1295	00000000	00000013	addi	x0,x0,0	  x0:0x00000000
       12975000	      1296	80001e30	00000013	addi	x0,x0,0	  x0:0x00000000
       12985000	      1297	80001e34	00519c33	sll	x24,x3,x5	  x3:0xd2ff1000  x5:0x064b6325 x24=0x5fe20000
       12995000	      1298	80001e38	007627b3	slt	x15,x12,x7	 x12:0x00000000  x7:0x00000000 x15=0x00000000
       13005000	      1299	80001e3c	00fcdf33	srl	x30,x25,x15	 x25:0x01000000 x15:0x00000000 x30=0x01000000
       13015000	      1300	80001e40	03f2f393	andi	x7,x5,63	  x5:0x064b6325  x7=0x00000025
       13025000	      1301	80001e44	00422a03	lw	x20,4(x4)	  x4:0x80009f28 x20=0x80001e8c PA:0x80009f2c
       13035000	      1302	80001e48	03820213	addi	x4,x4,56	  x4:0x80009f28  x4=0x80009f60
       13045000	      1303	80001e4c	771ebf97	auipc	x31,0x771eb	 x31=0xf71ece48
       13055000	      1304	80001e50	000a0893	addi	x17,x20,0	 x20:0x80001e8c x17=0x80001e8c
       13065000	      1305	80001e54	000888e7	jalr	x17,x17,0	 x17:0x80001e8c x17=0x80001e54
       13075000	      1306	00000000	00000013	addi	x0,x0,0	  x0:0x00000000
       13085000	      1307	80001e8c	00000013	addi	x0,x0,0	  x0:0x00000000
       13095000	      1308	80001e90	01c321b3	slt	x3,x6,x28	  x6:0x80009fc4 x28:0xffffffc7  x3=0x00000001
       13105000	      1309	80001e94	00d2eeb3	or	x29,x5,x13	  x5:0x064b6325 x13:0xb7abbdc8 x29=0xb7ebffed
       13115000	      1310	80001e98	00a5da33	srl	x20,x11,x10	 x11:0x00000000 x10:0xe4000000 x20=0x00000000
       13125000	      1311	80001e9c	c8263093	sltiu	x1,x12,-894	 x12:0x00000000  x1=0x00000001
       13135000	      1312	80001ea0	01c0e6b3	or	x13,x1,x28	  x1:0x00000001 x28:0xffffffc7 x13=0xffffffc7
       13145000	      1313	80001ea4	99cffa6f	jal	x20,80001ea4	 x20=0x80001ea4
       13155000	      1314	00000000	00000013	addi	x0,x0,0	  x0:0x00000000
       13165000	      1315	8000103c	00000013	addi	x0,x0,0	  x0:0x00000000
       13175000	      1316	80001040	fc820213	addi	x4,x4,-56	  x4:0x80009f60  x4=0x80009f28
       13185000	      1317	80001044	0076d433	srl	x8,x13,x7	 x13:0xffffffc7  x7:0x00000025  x8=0x07fffffe
       13195000	      1318	80001048	01422223	sw	x20,4(x4)	  x4:0x80009f28 x20:0x80001ea4 PA:0x80009f2c
       13205000	      1319	8000104c	4c2dee97	auipc	x29,0x4c2de	 x29=0xcc2df048
       13215000	      1320	80001050	00000013	addi	x0,x0,0	  x0:0x00000000
       13225000	      1321	80001054	00000013	addi	x0,x0,0	  x0:0x00000000
       13235000	      1322	80001058	01710033	add	x0,x2,x23	  x2:0x7356c000 x23:0x0000030e
       13245000	      1323	8000105c	00da5cb3	srl	x25,x20,x13	 x20:0x80001ea4 x13:0xffffffc7 x25=0x0100003d
       13255000	      1324	80001060	010983b3	add	x7,x19,x16	 x19:0xfffff8fe x16:0x192d8f59  x7=0x192d8857
       13265000	      1325	80001064	01549993	slli	x19,x9,0x15	  x9:0x00000000 x19=0x00000000
       13275000	      1326	80001068	01d1a133	slt	x2,x3,x29	  x3:0x00000001 x29:0xcc2df048  x2=0x00000000
       13285000	      1327	8000106c	00007297	auipc	x5,0x7	  x5=0x80008068
       13295000	      1328	80001070	66328293	addi	x5,x5,1635	  x5:0x80008068  x5=0x800086cb
       13305000	      1329	80001074	00007517	auipc	x10,0x7	 x10=0x80008070
       13315000	      1330	80001078	4e750513	addi	x10,x10,1255	 x10:0x80008070 x10=0x80008557
       13325000	      1331	8000107c	00007617	auipc	x12,0x7	 x12=0x80008078
       13335000	      1332	80001080	23060613	addi	x12,x12,560	 x12:0x80008078 x12=0x800082a8
       13345000	      1333	80001084	ff228e03	lb	x28,-14(x5)	  x5:0x800086cb x28=0x00000000 PA:0x800086bd
       13355000	      1334	80001088	00007697	auipc	x13,0x7	 x13=0x80008084
       13365000	      1335	8000108c	50268693	addi	x13,x13,1282	 x13:0x80008084 x13=0x80008586
       13375000	      1336	80001090	26862a23	sw	x8,628(x12)	 x12:0x800082a8  x8:0x07fffffe PA:0x8000851c
       13385000	      1337	80001094	01c683a3	sb	x28,7(x13)	 x13:0x80008586 x28:0x00000000 PA:0x8000858d
       13395000	      1338	80001098	3d361423	sh	x19,968(x12)	 x12:0x800082a8 x19:0x00000000 PA:0x80008670
       13405000	      1339	8000109c	ff028d23	sb	x16,-6(x5)	  x5:0x800086cb x16:0x192d8f59 PA:0x800086c5
       13415000	      1340	800010a0	f7264b03	lbu	x22,-142(x12)	 x12:0x800082a8 x22=0x00000000 PA:0x8000821a
       13425000	      1341	800010a4	c5f50723	sb	x31,-946(x10)	 x10:0x80008557 x31:0xf71ece48 PA:0x800081a5
       13435000	      1342	800010a8	01768023	sb	x23,0(x13)	 x13:0x80008586 x23:0x0000030e PA:0x80008586
       13445000	      1343	800010ac	00928383	lb	x7,9(x5)	  x5:0x800086cb  x7=0x00000000 PA:0x800086d4
       13455000	      1344	800010b0	3f264b03	lbu	x22,1010(x12)	 x12:0x800082a8 x22=0x00000000 PA:0x8000869a
       13465000	      1345	800010b4	00f29e83	lh	x29,15(x5)	  x5:0x800086cb x29=0x00000000 PA:0x800086da
       13475000	      1346	800010b8	0102c883	lbu	x17,16(x5)	  x5:0x800086cb x17=0x00000000 PA:0x800086db
       13485000	      1347	800010bc	f0f51d83	lh	x27,-241(x10)	 x10:0x80008557 x27=0x00000000 PA:0x80008466
       13495000	      1348	800010c0	ff36ca83	lbu	x21,-13(x13)	 x13:0x80008586 x21=0x00000000 PA:0x80008579
       13505000	      1349	800010c4	f8e54c83	lbu	x25,-114(x10)	 x10:0x80008557 x25=0x00000000 PA:0x800084e5
       13515000	      1350	800010c8	00d68a03	lb	x20,13(x13)	 x13:0x80008586 x20=0x00000000 PA:0x80008593
       13525000	      1351	800010cc	17850d03	lb	x26,376(x10)	 x10:0x80008557 x26=0x00000000 PA:0x800086cf
       13535000	      1352	800010d0	ff368803	lb	x16,-13(x13)	 x13:0x80008586 x16=0x00000000 PA:0x80008579
       13545000	      1353	800010d4	00c2ca03	lbu	x20,12(x5)	  x5:0x800086cb x20=0x00000000 PA:0x800086d7
       13555000	      1354	800010d8	242602a3	sb	x2,581(x12)	 x12:0x800082a8  x2:0x00000000 PA:0x800084ed
       13565000	      1355	800010dc	2ba54083	lbu	x1,698(x10)	 x10:0x80008557  x1=0x00000000 PA:0x80008811
       13575000	      1356	800010e0	00728483	lb	x9,7(x5)	  x5:0x800086cb  x9=0x00000000 PA:0x800086d2
       13585000	      1357	800010e4	f7d64783	lbu	x15,-131(x12)	 x12:0x800082a8 x15=0x00000000 PA:0x80008225
       13595000	      1358	800010e8	0ac62b83	lw	x23,172(x12)	 x12:0x800082a8 x23=0x00000000 PA:0x80008354
       13605000	      1359	800010ec	fe168823	sb	x1,-16(x13)	 x13:0x80008586  x1:0x00000000 PA:0x80008576
       13615000	      1360	800010f0	00f6c103	lbu	x2,15(x13)	 x13:0x80008586  x2=0x00000000 PA:0x80008595
       13625000	      1361	800010f4	3e764183	lbu	x3,999(x12)	 x12:0x800082a8  x3=0x00000000 PA:0x8000868f
       13635000	      1362	800010f8	ff12de83	lhu	x29,-15(x5)	  x5:0x800086cb x29=0x00000000 PA:0x800086bc
       13645000	      1363	800010fc	fcf55083	lhu	x1,-49(x10)	 x10:0x80008557  x1=0x00000000 PA:0x80008526
       13655000	      1364	80001100	00007497	auipc	x9,0x7	  x9=0x800080fc
       13665000	      1365	80001104	2b648493	addi	x9,x9,694	  x9:0x800080fc  x9=0x800083b2
       13675000	      1366	80001108	00007a97	auipc	x21,0x7	 x21=0x80008104
       13685000	      1367	8000110c	5baa8a93	addi	x21,x21,1466	 x21:0x80008104 x21=0x800086be
       13695000	      1368	80001110	00007c17	auipc	x24,0x7	 x24=0x8000810c
       13705000	      1369	80001114	212c0c13	addi	x24,x24,530	 x24:0x8000810c x24=0x8000831e
       13715000	      1370	80001118	ca1a8a23	sb	x1,-844(x21)	 x21:0x800086be  x1:0x00000000 PA:0x80008372
       13725000	      1371	8000111c	00007d97	auipc	x27,0x7	 x27=0x80008118
       13735000	      1372	80001120	33cd8d93	addi	x27,x27,828	 x27:0x80008118 x27=0x80008454
       13745000	      1373	80001124	3d2c0b23	sb	x18,982(x24)	 x24:0x8000831e x18:0x192d8c97 PA:0x800086f4
       13755000	      1374	80001128	00007897	auipc	x17,0x7	 x17=0x80008124
       13765000	      1375	8000112c	46d88893	addi	x17,x17,1133	 x17:0x80008124 x17=0x80008591
       13775000	      1376	80001130	02488083	lb	x1,36(x17)	 x17:0x80008591  x1=0x00000000 PA:0x800085b5
       13785000	      1377	80001134	fc6a8b03	lb	x22,-58(x21)	 x21:0x800086be x22=0x00000000 PA:0x80008684
       13795000	      1378	80001138	0b0c4283	lbu	x5,176(x24)	 x24:0x8000831e  x5=0x00000000 PA:0x800083ce
       13805000	      1379	8000113c	fdc88f23	sb	x28,-34(x17)	 x17:0x80008591 x28:0x00000000 PA:0x8000856f
       13815000	      1380	80001140	df0ad383	lhu	x7,-528(x21)	 x21:0x800086be  x7=0x00000000 PA:0x800084ae
       13825000	      1381	80001144	ffe4a183	lw	x3,-2(x9)	  x9:0x800083b2  x3=0x00000000 PA:0x800083b0
       13835000	      1382	80001148	fdcd9803	lh	x16,-36(x27)	 x27:0x80008454 x16=0x00000000 PA:0x80008430
       13845000	      1383	8000114c	fa0a9b83	lh	x23,-96(x21)	 x21:0x800086be x23=0x00000000 PA:0x8000865e
       13855000	      1384	00000000	00000013	addi	x0,x0,0	  x0:0x00000000
       13865000	      1385	80001150	fd789b83	lh	x23,-41(x17)	 x17:0x80008591 x23=0x00000000 PA:0x80008568
       13875000	      1386	80001154	fddd8da3	sb	x29,-37(x27)	 x27:0x80008454 x29:0x00000000 PA:0x8000842f
       13885000	      1387	80001158	fc38a583	lw	x11,-61(x17)	 x17:0x80008591 x11=0x00000000 PA:0x80008554
       13895000	      1388	8000115c	00749823	sh	x7,16(x9)	  x9:0x800083b2  x7:0x00000000 PA:0x800083c2
       13905000	      1389	80001160	4acc0823	sb	x12,1200(x24)	 x24:0x8000831e x12:0x800082a8 PA:0x800087ce
       13915000	      1390	80001164	ff5d9123	sh	x21,-30(x27)	 x27:0x80008454 x21:0x800086be PA:0x80008436
       13925000	      1391	80001168	e18aaf23	sw	x24,-482(x21)	 x21:0x800086be x24:0x8000831e PA:0x800084dc
       13935000	      1392	8000116c	182c2c83	lw	x25,386(x24)	 x24:0x8000831e x25=0x00000000 PA:0x800084a0
       13945000	      1393	80001170	00148423	sb	x1,8(x9)	  x9:0x800083b2  x1:0x00000000 PA:0x800083ba
       13955000	      1394	80001174	ff4d8723	sb	x20,-18(x27)	 x27:0x80008454 x20:0x00000000 PA:0x80008442
       13965000	      1395	80001178	d73aa523	sw	x19,-662(x21)	 x21:0x800086be x19:0x00000000 PA:0x80008428
       13975000	      1396	8000117c	036898a3	sh	x22,49(x17)	 x17:0x80008591 x22:0x00000000 PA:0x800085c2
       13985000	      1397	80001180	f93a8e03	lb	x28,-109(x21)	 x21:0x800086be x28=0x00000000 PA:0x80008651
       13995000	      1398	00000000	00000013	addi	x0,x0,0	  x0:0x00000000
       14005000	      1399	80001184	ffc48983	lb	x19,-4(x9)	  x9:0x800083b2 x19=0x00000000 PA:0x800083ae
       14015000	      1400	80001188	fe1d82a3	sb	x1,-27(x27)	 x27:0x80008454  x1:0x00000000 PA:0x80008439
       14025000	      1401	8000118c	bc1a8d23	sb	x1,-1062(x21)	 x21:0x800086be  x1:0x00000000 PA:0x80008298
       14035000	      1402	80001190	d59c4803	lbu	x16,-679(x24)	 x24:0x8000831e x16=0x00000000 PA:0x80008077
       14045000	      1403	80001194	003d89a3	sb	x3,19(x27)	 x27:0x80008454  x3:0x00000000 PA:0x80008467
       14055000	      1404	80001198	ff9890a3	sh	x25,-31(x17)	 x17:0x80008591 x25:0x00000000 PA:0x80008572
       14065000	      1405	8000119c	013487a3	sb	x19,15(x9)	  x9:0x800083b2 x19:0x00000000 PA:0x800083c1
       14075000	      1406	800011a0	fc288023	sb	x2,-64(x17)	 x17:0x80008591  x2:0x00000000 PA:0x80008551
       14085000	      1407	800011a4	33ac1b03	lh	x22,826(x24)	 x24:0x8000831e x22=0x00000000 PA:0x80008658
       14095000	      1408	800011a8	f1aa8423	sb	x26,-248(x21)	 x21:0x800086be x26:0x00000000 PA:0x800085c6
       14105000	      1409	800011ac	01e49523	sh	x30,10(x9)	  x9:0x800083b2 x30:0x01000000 PA:0x800083bc
       14115000	      1410	800011b0	01b8df83	lhu	x31,27(x17)	 x17:0x80008591 x31=0x00000000 PA:0x800085ac
       14125000	      1411	800011b4	00007117	auipc	x2,0x7	  x2=0x800081b0
       14135000	      1412	800011b8	51710113	addi	x2,x2,1303	  x2:0x800081b0  x2=0x800086c7
       14145000	      1413	800011bc	fcc10c23	sb	x12,-40(x2)	  x2:0x800086c7 x12:0x800082a8 PA:0x8000869f
       14155000	      1414	800011c0	fc710c23	sb	x7,-40(x2)	  x2:0x800086c7  x7:0x00000000 PA:0x8000869f
       14165000	      1415	800011c4	fec10703	lb	x14,-20(x2)	  x2:0x800086c7 x14=0x00000000 PA:0x800086b3
       14175000	      1416	800011c8	fec14c03	lbu	x24,-20(x2)	  x2:0x800086c7 x24=0x00000000 PA:0x800086b3
       14185000	      1417	800011cc	fec10c03	lb	x24,-20(x2)	  x2:0x800086c7 x24=0x00000000 PA:0x800086b3
       14195000	      1418	800011d0	fec14a03	lbu	x20,-20(x2)	  x2:0x800086c7 x20=0x00000000 PA:0x800086b3
       14205000	      1419	800011d4	ffa10623	sb	x26,-20(x2)	  x2:0x800086c7 x26:0x00000000 PA:0x800086b3
       14215000	      1420	800011d8	fec14683	lbu	x13,-20(x2)	  x2:0x800086c7 x13=0x00000000 PA:0x800086b3
       14225000	      1421	800011dc	fec10883	lb	x17,-20(x2)	  x2:0x800086c7 x17=0x00000000 PA:0x800086b3
       14235000	      1422	800011e0	fec14703	lbu	x14,-20(x2)	  x2:0x800086c7 x14=0x00000000 PA:0x800086b3
       14245000	      1423	800011e4	4110d013	srai	x0,x1,0x11	  x1:0x00000000
       14255000	      1424	800011e8	fec14a83	lbu	x21,-20(x2)	  x2:0x800086c7 x21=0x00000000 PA:0x800086b3
       14265000	      1425	800011ec	fec14503	lbu	x10,-20(x2)	  x2:0x800086c7 x10=0x00000000 PA:0x800086b3
       14275000	      1426	800011f0	ff410623	sb	x20,-20(x2)	  x2:0x800086c7 x20:0x00000000 PA:0x800086b3
       14285000	      1427	800011f4	fec14803	lbu	x16,-20(x2)	  x2:0x800086c7 x16=0x00000000 PA:0x800086b3
       14295000	      1428	800011f8	fc412ea3	sw	x4,-35(x2)	  x2:0x800086c7  x4:0x80009f28 PA:0x800086a4
       14305000	      1429	800011fc	fdd15403	lhu	x8,-35(x2)	  x2:0x800086c7  x8=0x00009f28 PA:0x800086a4
       14315000	      1430	00000000	00000013	addi	x0,x0,0	  x0:0x00000000
       14325000	      1431	80001200	fc810ea3	sb	x8,-35(x2)	  x2:0x800086c7  x8:0x00009f28 PA:0x800086a4
       14335000	      1432	80001204	fdd15d03	lhu	x26,-35(x2)	  x2:0x800086c7 x26=0x00009f28 PA:0x800086a4
       14345000	      1433	80001208	03c10b83	lb	x23,60(x2)	  x2:0x800086c7 x23=0x00000000 PA:0x80008703
       14355000	      1434	8000120c	03110e23	sb	x17,60(x2)	  x2:0x800086c7 x17:0x00000000 PA:0x80008703
       14365000	      1435	80001210	00008117	auipc	x2,0x8	  x2=0x8000920c
       14375000	      1436	80001214	dd010113	addi	x2,x2,-560	  x2:0x8000920c  x2=0x80008fdc
       14385000	      1437	80001218	fbe10f03	lb	x30,-66(x2)	  x2:0x80008fdc x30=0xffffffc4 PA:0x80008f9a
       14395000	      1438	00000000	00000013	addi	x0,x0,0	  x0:0x00000000
       14405000	      1439	8000121c	fbe10403	lb	x8,-66(x2)	  x2:0x80008fdc  x8=0xffffffc4 PA:0x80008f9a
       14415000	      1440	80001220	fbe15483	lhu	x9,-66(x2)	  x2:0x80008fdc  x9=0x00009fc4 PA:0x80008f9a
       14425000	      1441	80001224	fa611f23	sh	x6,-66(x2)	  x2:0x80008fdc  x6:0x80009fc4 PA:0x80008f9a
       14435000	      1442	80001228	40bade93	srai	x29,x21,0xb	 x21:0x00000000 x29=0x00000000
       14445000	      1443	8000122c	ff914003	lbu	x0,-7(x2)	  x2:0x80008fdc PA:0x80008fd5
       14455000	      1444	80001230	ff914d03	lbu	x26,-7(x2)	  x2:0x80008fdc x26=0x00000000 PA:0x80008fd5
       14465000	      1445	80001234	07ea3b17	auipc	x22,0x7ea3	 x22=0x87ea4230
       14475000	      1446	80001238	ff910ca3	sb	x25,-7(x2)	  x2:0x80008fdc x25:0x00000000 PA:0x80008fd5
       14485000	      1447	8000123c	f7f14083	lbu	x1,-129(x2)	  x2:0x80008fdc  x1=0x00000000 PA:0x80008f5b
       14495000	      1448	80001240	fa0108a3	sb	x0,-79(x2)	  x2:0x80008fdc  x0:0x00000000 PA:0x80008f8d
       14505000	      1449	80001244	000126b3	slt	x13,x2,x0	  x2:0x80008fdc  x0:0x00000000 x13=0x00000001
       14515000	      1450	80001248	f8250393	addi	x7,x10,-126	 x10:0x00000000  x7=0xffffff82
       14525000	      1451	8000124c	40cc5c93	srai	x25,x24,0xc	 x24:0x00000000 x25=0x00000000
       14535000	      1452	80001250	008026b3	slt	x13,x0,x8	  x0:0x00000000  x8:0xffffffc4 x13=0x00000000
       14545000	      1453	80001254	011ef7b3	and	x15,x29,x17	 x29:0x00000000 x17:0x00000000 x15=0x00000000
       14555000	      1454	80001258	f7611923	sh	x22,-142(x2)	  x2:0x80008fdc x22:0x87ea4230 PA:0x80008f4e
       14565000	      1455	8000125c	00007117	auipc	x2,0x7	  x2=0x80008258
       14575000	      1456	80001260	f4010113	addi	x2,x2,-192	  x2:0x80008258  x2=0x80008198
       14585000	      1457	80001264	f3d104a3	sb	x29,-215(x2)	  x2:0x80008198 x29:0x00000000 PA:0x800080c1
       14595000	      1458	80001268	f5d14383	lbu	x7,-163(x2)	  x2:0x80008198  x7=0x00000000 PA:0x800080f5
       14605000	      1459	8000126c	00000013	addi	x0,x0,0	  x0:0x00000000
       14615000	      1460	80001270	feb14b83	lbu	x23,-21(x2)	  x2:0x80008198 x23=0x00000000 PA:0x80008183
       14625000	      1461	80001274	408d5fb3	sra	x31,x26,x8	 x26:0x00000000  x8:0xffffffc4 x31=0x00000000
       14635000	      1462	80001278	f1710803	lb	x16,-233(x2)	  x2:0x80008198 x16=0x00000000 PA:0x800080af
       14645000	      1463	8000127c	f6114583	lbu	x11,-159(x2)	  x2:0x80008198 x11=0x00000000 PA:0x800080f9
       14655000	      1464	80001280	f7415b83	lhu	x23,-140(x2)	  x2:0x80008198 x23=0x00000000 PA:0x8000810c
       14665000	      1465	80001284	bbca8b93	addi	x23,x21,-1092	 x21:0x00000000 x23=0xfffffbbc
       14675000	      1466	80001288	08314503	lbu	x10,131(x2)	  x2:0x80008198 x10=0x00000000 PA:0x8000821b
       14685000	      1467	8000128c	05b10f83	lb	x31,91(x2)	  x2:0x80008198 x31=0x00000000 PA:0x800081f3
       14695000	      1468	80001290	00000013	addi	x0,x0,0	  x0:0x00000000
       14705000	      1469	80001294	0c49f793	andi	x15,x19,196	 x19:0x00000000 x15=0x00000000
       14715000	      1470	80001298	00d7adb3	slt	x27,x15,x13	 x15:0x00000000 x13:0x00000000 x27=0x00000000
       14725000	      1471	8000129c	017820b3	slt	x1,x16,x23	 x16:0x00000000 x23:0xfffffbbc  x1=0x00000000
       14735000	      1472	800012a0	003ad6b3	srl	x13,x21,x3	 x21:0x00000000  x3:0x00000000 x13=0x00000000
       14745000	      1473	800012a4	0ee10523	sb	x14,234(x2)	  x2:0x80008198 x14:0x00000000 PA:0x80008282
       14755000	      1474	800012a8	f4210183	lb	x3,-190(x2)	  x2:0x80008198  x3=0x00000000 PA:0x800080da
       14765000	      1475	800012ac	fde10ca3	sb	x30,-39(x2)	  x2:0x80008198 x30:0xffffffc4 PA:0x80008171
       14775000	      1476	800012b0	fa310983	lb	x19,-93(x2)	  x2:0x80008198 x19=0x00000000 PA:0x8000813b
       14785000	      1477	800012b4	005106a3	sb	x5,13(x2)	  x2:0x80008198  x5:0x00000000 PA:0x800081a5
       14795000	      1478	800012b8	00e6f6b3	and	x13,x13,x14	 x13:0x00000000 x14:0x00000000 x13=0x00000000
       14805000	      1479	800012bc	01358633	add	x12,x11,x19	 x11:0x00000000 x19:0x00000000 x12=0x00000000
       14815000	      1480	800012c0	fb810523	sb	x24,-86(x2)	  x2:0x80008198 x24:0x00000000 PA:0x80008142
       14825000	      1481	800012c4	02812423	sw	x8,40(x2)	  x2:0x80008198  x8:0xffffffc4 PA:0x800081c0
       14835000	      1482	800012c8	86980893	addi	x17,x16,-1943	 x16:0x00000000 x17=0xfffff869
       14845000	      1483	800012cc	00ee1f93	slli	x31,x28,0xe	 x28:0x00000000 x31=0x00000000
       14855000	      1484	800012d0	07010823	sb	x16,112(x2)	  x2:0x80008198 x16:0x00000000 PA:0x80008208
       14865000	      1485	800012d4	fd610503	lb	x10,-42(x2)	  x2:0x80008198 x10=0x00000000 PA:0x8000816e
       14875000	      1486	800012d8	c62c2f93	slti	x31,x24,-926	 x24:0x00000000 x31=0x00000000
       14885000	      1487	800012dc	02815183	lhu	x3,40(x2)	  x2:0x80008198  x3=0x0000ffc4 PA:0x800081c0
       14895000	      1488	800012e0	ff415b83	lhu	x23,-12(x2)	  x2:0x80008198 x23=0x00008c97 PA:0x8000818c
       14905000	      1489	800012e4	f8311523	sh	x3,-118(x2)	  x2:0x80008198  x3:0x0000ffc4 PA:0x80008122
       14915000	      1490	800012e8	fd210d23	sb	x18,-38(x2)	  x2:0x80008198 x18:0x192d8c97 PA:0x80008172
       14925000	      1491	800012ec	0d911d23	sh	x25,218(x2)	  x2:0x80008198 x25:0x00000000 PA:0x80008272
       14935000	      1492	800012f0	fa86b613	sltiu	x12,x13,-88	 x13:0x00000000 x12=0x00000001
       14945000	      1493	800012f4	f8514783	lbu	x15,-123(x2)	  x2:0x80008198 x15=0x00000000 PA:0x8000811d
       14955000	      1494	800012f8	57c06f93	ori	x31,x0,1404	  x0:0x00000000 x31=0x0000057c
       14965000	      1495	800012fc	403d8fb3	sub	x31,x27,x3	 x27:0x00000000  x3:0x0000ffc4 x31=0xffff003c
       14975000	      1496	80001300	f7011803	lh	x16,-144(x2)	  x2:0x80008198 x16=0x00000000 PA:0x80008108
       14985000	      1497	80001304	f9810ca3	sb	x24,-103(x2)	  x2:0x80008198 x24:0x00000000 PA:0x80008131
       14995000	      1498	80001308	c460bf13	sltiu	x30,x1,-954	  x1:0x00000000 x30=0x00000001
       15005000	      1499	8000130c	0a012783	lw	x15,160(x2)	  x2:0x80008198 x15=0x00000000 PA:0x80008238
       15015000	      1500	80001310	00007517	auipc	x10,0x7	 x10=0x8000830c
       15025000	      1501	80001314	e5b50513	addi	x10,x10,-421	 x10:0x8000830c x10=0x80008167
       15035000	      1502	80001318	97a5d617	auipc	x12,0x97a5d	 x12=0x17a5e314
       15045000	      1503	8000131c	ae136e13	ori	x28,x6,-1311	  x6:0x80009fc4 x28=0xffffffe5
       15055000	      1504	80001320	41790eb3	sub	x29,x18,x23	 x18:0x192d8c97 x23:0x00008c97 x29=0x192d0000
       15065000	      1505	80001324	00954a83	lbu	x21,9(x10)	 x10:0x80008167 x21=0x00000000 PA:0x80008170
       15075000	      1506	80001328	fef50403	lb	x8,-17(x10)	 x10:0x80008167  x8=0x00000000 PA:0x80008156
       15085000	      1507	8000132c	fef50003	lb	x0,-17(x10)	 x10:0x80008167 PA:0x80008156
       15095000	      1508	80001330	41008633	sub	x12,x1,x16	  x1:0x00000000 x16:0x00000000 x12=0x00000000
       15105000	      1509	80001334	fcc54c83	lbu	x25,-52(x10)	 x10:0x80008167 x25=0x00000000 PA:0x80008133
       15115000	      1510	80001338	011510a3	sh	x17,1(x10)	 x10:0x80008167 x17:0xfffff869 PA:0x80008168
       15125000	      1511	8000133c	fec54283	lbu	x5,-20(x10)	 x10:0x80008167  x5=0x00000000 PA:0x80008153
       15135000	      1512	80001340	01792db3	slt	x27,x18,x23	 x18:0x192d8c97 x23:0x00008c97 x27=0x00000000
       15145000	      1513	80001344	01b50683	lb	x13,27(x10)	 x10:0x80008167 x13=0x00000000 PA:0x80008182
       15155000	      1514	80001348	20727413	andi	x8,x4,519	  x4:0x80009f28  x8=0x00000200
       15165000	      1515	8000134c	03d522a3	sw	x29,37(x10)	 x10:0x80008167 x29:0x192d0000 PA:0x8000818c
       15175000	      1516	80001350	012519a3	sh	x18,19(x10)	 x10:0x80008167 x18:0x192d8c97 PA:0x8000817a
       15185000	      1517	80001354	03b50a23	sb	x27,52(x10)	 x10:0x80008167 x27:0x00000000 PA:0x8000819b
       15195000	      1518	80001358	03450a83	lb	x21,52(x10)	 x10:0x80008167 x21=0x00000000 PA:0x8000819b
       15205000	      1519	8000135c	00d49733	sll	x14,x9,x13	  x9:0x00009fc4 x13:0x00000000 x14=0x00009fc4
       15215000	      1520	80001360	03450e83	lb	x29,52(x10)	 x10:0x80008167 x29=0x00000000 PA:0x8000819b
       15225000	      1521	80001364	00007897	auipc	x17,0x7	 x17=0x80008360
       15235000	      1522	80001368	73d88893	addi	x17,x17,1853	 x17:0x80008360 x17=0x80008a9d
       15245000	      1523	8000136c	00008117	auipc	x2,0x8	  x2=0x80009368
       15255000	      1524	80001370	89b10113	addi	x2,x2,-1893	  x2:0x80009368  x2=0x80008c03
       15265000	      1525	80001374	00008a17	auipc	x20,0x8	 x20=0x80009370
       15275000	      1526	80001378	995a0a13	addi	x20,x20,-1643	 x20:0x80009370 x20=0x80008d05
       15285000	      1527	8000137c	00008f97	auipc	x31,0x8	 x31=0x80009378
       15295000	      1528	80001380	914f8f93	addi	x31,x31,-1772	 x31:0x80009378 x31=0x80008c8c
       15305000	      1529	80001384	004a4583	lbu	x11,4(x20)	 x20:0x80008d05 x11=0x00000000 PA:0x80008d09
       15315000	      1530	00000000	00000013	addi	x0,x0,0	  x0:0x00000000
       15325000	      1531	80001388	00b126a3	sw	x11,13(x2)	  x2:0x80008c03 x11:0x00000000 PA:0x80008c10
       15335000	      1532	8000138c	00008f17	auipc	x30,0x8	 x30=0x80009388
       15345000	      1533	80001390	abcf0f13	addi	x30,x30,-1348	 x30:0x80009388 x30=0x80008e44
       15355000	      1534	80001394	00a10503	lb	x10,10(x2)	  x2:0x80008c03 x10=0x00000000 PA:0x80008c0d
       15365000	      1535	80001398	f1cfd383	lhu	x7,-228(x31)	 x31:0x80008c8c  x7=0x00000000 PA:0x80008ba8
       15375000	      1536	8000139c	fd5f8ca3	sb	x21,-39(x31)	 x31:0x80008c8c x21:0x00000000 PA:0x80008c65
       15385000	      1537	800013a0	fed10a23	sb	x13,-12(x2)	  x2:0x80008c03 x13:0x00000000 PA:0x80008bf7
       15395000	      1538	800013a4	0068c803	lbu	x16,6(x17)	 x17:0x80008a9d x16=0x00000000 PA:0x80008aa3
       15405000	      1539	800013a8	fea10d23	sb	x10,-6(x2)	  x2:0x80008c03 x10:0x00000000 PA:0x80008bfd
       15415000	      1540	800013ac	fc2f81a3	sb	x2,-61(x31)	 x31:0x80008c8c  x2:0x80008c03 PA:0x80008c4f
       15425000	      1541	800013b0	fe5109a3	sb	x5,-13(x2)	  x2:0x80008c03  x5:0x00000000 PA:0x80008bf6
       15435000	      1542	800013b4	ff4fdc03	lhu	x24,-12(x31)	 x31:0x80008c8c x24=0x00000000 PA:0x80008c80
       15445000	      1543	800013b8	ff912583	lw	x11,-7(x2)	  x2:0x80008c03 x11=0x00000000 PA:0x80008bfc
       15455000	      1544	800013bc	01b88423	sb	x27,8(x17)	 x17:0x80008a9d x27:0x00000000 PA:0x80008aa5
       15465000	      1545	800013c0	01510023	sb	x21,0(x2)	  x2:0x80008c03 x21:0x00000000 PA:0x80008c03
       15475000	      1546	800013c4	f24fc603	lbu	x12,-220(x31)	 x31:0x80008c8c x12=0x00000000 PA:0x80008bb0
       15485000	      1547	800013c8	001f1123	sh	x1,2(x30)	 x30:0x80008e44  x1:0x00000000 PA:0x80008e46
       15495000	      1548	800013cc	005a5503	lhu	x10,5(x20)	 x20:0x80008d05 x10=0x00000000 PA:0x80008d0a
       15505000	      1549	800013d0	ff210a83	lb	x21,-14(x2)	  x2:0x80008c03 x21=0x00000000 PA:0x80008bf5
       15515000	      1550	800013d4	ffc8c983	lbu	x19,-4(x17)	 x17:0x80008a9d x19=0x00000000 PA:0x80008a99
       15525000	      1551	800013d8	008a4603	lbu	x12,8(x20)	 x20:0x80008d05 x12=0x00000000 PA:0x80008d0d
       15535000	      1552	800013dc	0018c383	lbu	x7,1(x17)	 x17:0x80008a9d  x7=0x00000000 PA:0x80008a9e
       15545000	      1553	800013e0	00f14b03	lbu	x22,15(x2)	  x2:0x80008c03 x22=0x00000000 PA:0x80008c12
       15555000	      1554	800013e4	003f0703	lb	x14,3(x30)	 x30:0x80008e44 x14=0x00000000 PA:0x80008e47
       15565000	      1555	800013e8	00515983	lhu	x19,5(x2)	  x2:0x80008c03 x19=0x00000000 PA:0x80008c08
       15575000	      1556	800013ec	ff88cc83	lbu	x25,-8(x17)	 x17:0x80008a9d x25=0x00000000 PA:0x80008a95
       15585000	      1557	800013f0	067f9123	sh	x7,98(x31)	 x31:0x80008c8c  x7:0x00000000 PA:0x80008cee
       15595000	      1558	800013f4	004f2983	lw	x19,4(x30)	 x30:0x80008e44 x19=0x00000000 PA:0x80008e48
       15605000	      1559	00000000	00000013	addi	x0,x0,0	  x0:0x00000000
       15615000	      1560	800013f8	ff3f0ba3	sb	x19,-9(x30)	 x30:0x80008e44 x19:0x00000000 PA:0x80008e3b
       15625000	      1561	800013fc	f46f8803	lb	x16,-186(x31)	 x31:0x80008c8c x16=0x00000000 PA:0x80008bd2
       15635000	      1562	80001400	001f0b03	lb	x22,1(x30)	 x30:0x80008e44 x22=0x00000000 PA:0x80008e45
       15645000	      1563	80001404	005a5b83	lhu	x23,5(x20)	 x20:0x80008d05 x23=0x00000000 PA:0x80008d0a
       15655000	      1564	80001408	00f8a1a3	sw	x15,3(x17)	 x17:0x80008a9d x15:0x00000000 PA:0x80008aa0
       15665000	      1565	8000140c	009a4383	lbu	x7,9(x20)	 x20:0x80008d05  x7=0x00000000 PA:0x80008d0e
       15675000	      1566	80001410	08dfc083	lbu	x1,141(x31)	 x31:0x80008c8c  x1=0x00000000 PA:0x80008d19
       15685000	      1567	80001414	ffcf1403	lh	x8,-4(x30)	 x30:0x80008e44  x8=0x00000000 PA:0x80008e40
       15695000	      1568	80001418	00007117	auipc	x2,0x7	  x2=0x80008414
       15705000	      1569	8000141c	fa810113	addi	x2,x2,-88	  x2:0x80008414  x2=0x800083bc
       15715000	      1570	80001420	00007097	auipc	x1,0x7	  x1=0x8000841c
       15725000	      1571	80001424	fd108093	addi	x1,x1,-47	  x1:0x8000841c  x1=0x800083ed
       15735000	      1572	80001428	eec11703	lh	x14,-276(x2)	  x2:0x800083bc x14=0x00000000 PA:0x800082a8
       15745000	      1573	8000142c	ff608583	lb	x11,-10(x1)	  x1:0x800083ed x11=0x00000000 PA:0x800083e3
       15755000	      1574	80001430	28215403	lhu	x8,642(x2)	  x2:0x800083bc  x8=0x00000000 PA:0x8000863e
       15765000	      1575	80001434	03108b23	sb	x17,54(x1)	  x1:0x800083ed x17:0x80008a9d PA:0x80008423
       15775000	      1576	80001438	00007797	auipc	x15,0x7	 x15=0x80008434
       15785000	      1577	8000143c	39d78793	addi	x15,x15,925	 x15:0x80008434 x15=0x800087d1
       15795000	      1578	80001440	fda08183	lb	x3,-38(x1)	  x1:0x800083ed  x3=0x00000000 PA:0x800083c7
       15805000	      1579	80001444	067108a3	sb	x7,113(x2)	  x2:0x800083bc  x7:0x00000000 PA:0x8000842d
       15815000	      1580	80001448	d3c10423	sb	x28,-728(x2)	  x2:0x800083bc x28:0xffffffe5 PA:0x800080e4
       15825000	      1581	8000144c	fd30a403	lw	x8,-45(x1)	  x1:0x800083ed  x8=0x00000000 PA:0x800083c0
       15835000	      1582	80001450	022093a3	sh	x2,39(x1)	  x1:0x800083ed  x2:0x800083bc PA:0x80008414
       15845000	      1583	80001454	0f610ca3	sb	x22,249(x2)	  x2:0x800083bc x22:0x00000000 PA:0x800084b5
       15855000	      1584	80001458	00808b03	lb	x22,8(x1)	  x1:0x800083ed x22=0x00000000 PA:0x800083f5
       15865000	      1585	8000145c	ffd7db83	lhu	x23,-3(x15)	 x15:0x800087d1 x23=0x000000a8 PA:0x800087ce
       15875000	      1586	80001460	18211483	lh	x9,386(x2)	  x2:0x800083bc  x9=0x00000000 PA:0x8000853e
       15885000	      1587	80001464	f757c803	lbu	x16,-139(x15)	 x15:0x800087d1 x16=0x00000000 PA:0x80008746
       15895000	      1588	80001468	fcd0d683	lhu	x13,-51(x1)	  x1:0x800083ed x13=0x00000000 PA:0x800083ba
       15905000	      1589	8000146c	fbb784a3	sb	x27,-87(x15)	 x15:0x800087d1 x27:0x00000000 PA:0x8000877a
       15915000	      1590	80001470	f9b11623	sh	x27,-116(x2)	  x2:0x800083bc x27:0x00000000 PA:0x80008348
       15925000	      1591	80001474	cf610883	lb	x17,-778(x2)	  x2:0x800083bc x17=0x00000000 PA:0x800080b2
       15935000	      1592	80001478	ffd08e23	sb	x29,-4(x1)	  x1:0x800083ed x29:0x00000000 PA:0x800083e9
       15945000	      1593	8000147c	eed10b03	lb	x22,-275(x2)	  x2:0x800083bc x22=0x00000000 PA:0x800082a9
       15955000	      1594	80001480	fb478a03	lb	x20,-76(x15)	 x15:0x800087d1 x20=0x00000000 PA:0x80008785
       15965000	      1595	80001484	02a0c403	lbu	x8,42(x1)	  x1:0x800083ed  x8=0x00000000 PA:0x80008417
       15975000	      1596	80001488	feb0dc83	lhu	x25,-21(x1)	  x1:0x800083ed x25=0x00000000 PA:0x800083d8
       15985000	      1597	8000148c	3aa10ba3	sb	x10,951(x2)	  x2:0x800083bc x10:0x00000000 PA:0x80008773
       15995000	      1598	80001490	f6578383	lb	x7,-155(x15)	 x15:0x800087d1  x7=0x00000000 PA:0x80008736
       16005000	      1599	80001494	00007097	auipc	x1,0x7	  x1=0x80008490
       16015000	      1600	80001498	78408093	addi	x1,x1,1924	  x1:0x80008490  x1=0x80008c14
       16025000	      1601	8000149c	f9a0c403	lbu	x8,-102(x1)	  x1:0x80008c14  x8=0x00000000 PA:0x80008bae
       16035000	      1602	00000000	00000013	addi	x0,x0,0	  x0:0x00000000
       16045000	      1603	800014a0	f8809d23	sh	x8,-102(x1)	  x1:0x80008c14  x8:0x00000000 PA:0x80008bae
       16055000	      1604	800014a4	f9a08e03	lb	x28,-102(x1)	  x1:0x80008c14 x28=0x00000000 PA:0x80008bae
       16065000	      1605	800014a8	a189e893	ori	x17,x19,-1512	 x19:0x00000000 x17=0xfffffa18
       16075000	      1606	800014ac	f9a08b83	lb	x23,-102(x1)	  x1:0x80008c14 x23=0x00000000 PA:0x80008bae
       16085000	      1607	800014b0	f9a08c83	lb	x25,-102(x1)	  x1:0x80008c14 x25=0x00000000 PA:0x80008bae
       16095000	      1608	800014b4	f8e09d23	sh	x14,-102(x1)	  x1:0x80008c14 x14:0x00000000 PA:0x80008bae
       16105000	      1609	800014b8	01aa7b33	and	x22,x20,x26	 x20:0x00000000 x26:0x00000000 x22=0x00000000
       16115000	      1610	800014bc	00000013	addi	x0,x0,0	  x0:0x00000000
       16125000	      1611	800014c0	f9a0cf03	lbu	x30,-102(x1)	  x1:0x80008c14 x30=0x00000000 PA:0x80008bae
       16135000	      1612	800014c4	f9509d23	sh	x21,-102(x1)	  x1:0x80008c14 x21:0x00000000 PA:0x80008bae
       16145000	      1613	800014c8	03e09703	lh	x14,62(x1)	  x1:0x80008c14 x14=0x00000000 PA:0x80008c52
       16155000	      1614	800014cc	c645ab13	slti	x22,x11,-924	 x11:0x00000000 x22=0x00000000
       16165000	      1615	800014d0	03e0c103	lbu	x2,62(x1)	  x1:0x80008c14  x2=0x00000000 PA:0x80008c52
       16175000	      1616	800014d4	03e09f83	lh	x31,62(x1)	  x1:0x80008c14 x31=0x00000000 PA:0x80008c52
       16185000	      1617	800014d8	00f32533	slt	x10,x6,x15	  x6:0x80009fc4 x15:0x800087d1 x10=0x00000000
       16195000	      1618	800014dc	ff209c03	lh	x24,-14(x1)	  x1:0x80008c14 x24=0x00000000 PA:0x80008c06
       16205000	      1619	800014e0	0e40a803	lw	x16,228(x1)	  x1:0x80008c14 x16=0x00000000 PA:0x80008cf8
       16215000	      1620	800014e4	00007c17	auipc	x24,0x7	 x24=0x800084e0
       16225000	      1621	800014e8	5a9c0c13	addi	x24,x24,1449	 x24:0x800084e0 x24=0x80008a89
       16235000	      1622	800014ec	05dc5b03	lhu	x22,93(x24)	 x24:0x80008a89 x22=0x00000000 PA:0x80008ae6
       16245000	      1623	800014f0	fdcc02a3	sb	x28,-59(x24)	 x24:0x80008a89 x28:0x00000000 PA:0x80008a4e
       16255000	      1624	800014f4	088c0483	lb	x9,136(x24)	 x24:0x80008a89  x9=0x00000000 PA:0x80008b11
       16265000	      1625	800014f8	e8616a13	ori	x20,x2,-378	  x2:0x00000000 x20=0xfffffe86
       16275000	      1626	800014fc	0e1c5b83	lhu	x23,225(x24)	 x24:0x80008a89 x23=0x0000c000 PA:0x80008b6a
       16285000	      1627	80001500	009d5513	srli	x10,x26,0x9	 x26:0x00000000 x10=0x00000000
       16295000	      1628	80001504	401106b3	sub	x13,x2,x1	  x2:0x00000000  x1:0x80008c14 x13=0x7fff73ec
       16305000	      1629	80001508	077c1b83	lh	x23,119(x24)	 x24:0x80008a89 x23=0x00000000 PA:0x80008b00
       16315000	      1630	8000150c	fa7c1703	lh	x14,-89(x24)	 x24:0x80008a89 x14=0x00000000 PA:0x80008a30
       16325000	      1631	80001510	0c6c0123	sb	x6,194(x24)	 x24:0x80008a89  x6:0x80009fc4 PA:0x80008b4b
       16335000	      1632	80001514	00d832b3	sltu	x5,x16,x13	 x16:0x00000000 x13:0x7fff73ec  x5=0x00000001
       16345000	      1633	80001518	5bae2593	slti	x11,x28,1466	 x28:0x00000000 x11=0x00000001
       16355000	      1634	8000151c	077c4e03	lbu	x28,119(x24)	 x24:0x80008a89 x28=0x00000000 PA:0x80008b00
       16365000	      1635	80001520	0157df33	srl	x30,x15,x21	 x15:0x800087d1 x21:0x00000000 x30=0x800087d1
       16375000	      1636	80001524	40fed793	srai	x15,x29,0xf	 x29:0x00000000 x15=0x00000000
       16385000	      1637	80001528	00bfccb3	xor	x25,x31,x11	 x31:0x00000000 x11:0x00000001 x25=0x00000001
       16395000	      1638	8000152c	0e3c1883	lh	x17,227(x24)	 x24:0x80008a89 x17=0x00000000 PA:0x80008b6c
       16405000	      1639	80001530	4104dfb3	sra	x31,x9,x16	  x9:0x00000000 x16:0x00000000 x31=0x00000000
       16415000	      1640	80001534	017c11a3	sh	x23,3(x24)	 x24:0x80008a89 x23:0x00000000 PA:0x80008a8c
       16425000	      1641	80001538	15daefb7	lui	x31,0x15dae	 x31=0x15dae000
       16435000	      1642	8000153c	0154d7b3	srl	x15,x9,x21	  x9:0x00000000 x21:0x00000000 x15=0x00000000
       16445000	      1643	80001540	00159813	slli	x16,x11,0x1	 x11:0x00000001 x16=0x00000002
       16455000	      1644	80001544	01a80633	add	x12,x16,x26	 x16:0x00000002 x26:0x00000000 x12=0x00000002
       16465000	      1645	80001548	0fec18a3	sh	x30,241(x24)	 x24:0x80008a89 x30:0x800087d1 PA:0x80008b7a
       16475000	      1646	8000154c	41ba5d33	sra	x26,x20,x27	 x20:0xfffffe86 x27:0x00000000 x26=0xfffffe86
       16485000	      1647	80001550	070c0ea3	sb	x16,125(x24)	 x24:0x80008a89 x16:0x00000002 PA:0x80008b06
       16495000	      1648	80001554	95ed1f37	lui	x30,0x95ed1	 x30=0x95ed1000
       16505000	      1649	80001558	41958e33	sub	x28,x11,x25	 x11:0x00000001 x25:0x00000001 x28=0x00000000
       16515000	      1650	8000155c	019c14a3	sh	x25,9(x24)	 x24:0x80008a89 x25:0x00000001 PA:0x80008a92
       16525000	      1651	80001560	f45c1983	lh	x19,-187(x24)	 x24:0x80008a89 x19=0x00000000 PA:0x800089ce
       16535000	      1652	80001564	e556f993	andi	x19,x13,-427	 x13:0x7fff73ec x19=0x7fff7244
       16545000	      1653	80001568	f54c4e83	lbu	x29,-172(x24)	 x24:0x80008a89 x29=0x00000000 PA:0x800089dd
       16555000	      1654	8000156c	e6cdb113	sltiu	x2,x27,-404	 x27:0x00000000  x2=0x00000001
       16565000	      1655	80001570	e5c83897	auipc	x17,0xe5c83	 x17=0x65c8456c
       16575000	      1656	80001574	40915433	sra	x8,x2,x9	  x2:0x00000001  x9:0x00000000  x8=0x00000001
       16585000	      1657	80001578	1f5a4113	xori	x2,x20,501	 x20:0xfffffe86  x2=0xffffff73
       16595000	      1658	8000157c	01a87d33	and	x26,x16,x26	 x16:0x00000002 x26:0xfffffe86 x26=0x00000002
       16605000	      1659	80001580	00000013	addi	x0,x0,0	  x0:0x00000000
       16615000	      1660	80001584	054c0383	lb	x7,84(x24)	 x24:0x80008a89  x7=0x00000000 PA:0x80008add
       16625000	      1661	80001588	00951a13	slli	x20,x10,0x9	 x10:0x00000000 x20=0x00000000
       16635000	      1662	8000158c	03f38c63	beq	x7,x31,800015c4	  x7:0x00000000 x31:0x15dae000
       16645000	      1663	80001590	01d3c6b3	xor	x13,x7,x29	  x7:0x00000000 x29:0x00000000 x13=0x00000000
       16655000	      1664	80001594	01db2833	slt	x16,x22,x29	 x22:0x00000000 x29:0x00000000 x16=0x00000000
       16665000	      1665	80001598	01521c93	slli	x25,x4,0x15	  x4:0x80009f28 x25=0xe5000000
       16675000	      1666	8000159c	0b148a13	addi	x20,x9,177	  x9:0x00000000 x20=0x000000b1
       16685000	      1667	800015a0	0281ee63	bltu	x3,x8,800015dc	  x3:0x00000000  x8:0x00000001
       16695000	      1668	00000000	00000013	addi	x0,x0,0	  x0:0x00000000
       16705000	      1669	800015d8	00000013	addi	x0,x0,0	  x0:0x00000000
       16715000	      1670	800015dc	0119bcb3	sltu	x25,x19,x17	 x19:0x7fff7244 x17:0x65c8456c x25=0x00000000
       16725000	      1671	800015e0	00e923b3	slt	x7,x18,x14	 x18:0x192d8c97 x14:0x00000000  x7=0x00000000
       16735000	      1672	800015e4	2f654f13	xori	x30,x10,758	 x10:0x00000000 x30=0x000002f6
       16745000	      1673	800015e8	0015ec33	or	x24,x11,x1	 x11:0x00000001  x1:0x80008c14 x24=0x80008c15
       16755000	      1674	800015ec	00d17fb3	and	x31,x2,x13	  x2:0xffffff73 x13:0x00000000 x31=0x00000000
       16765000	      1675	800015f0	00951b13	slli	x22,x10,0x9	 x10:0x00000000 x22=0x00000000
       16775000	      1676	800015f4	40985613	srai	x12,x16,0x9	 x16:0x00000000 x12=0x00000000
       16785000	      1677	800015f8	01078c63	beq	x15,x16,80001610	 x15:0x00000000 x16:0x00000000
       16795000	      1678	00000000	00000013	addi	x0,x0,0	  x0:0x00000000
       16805000	      1679	8000160c	00000013	addi	x0,x0,0	  x0:0x00000000
       16815000	      1680	80001610	00f41793	slli	x15,x8,0xf	  x8:0x00000001 x15=0x00008000
       16825000	      1681	80001614	00000013	addi	x0,x0,0	  x0:0x00000000
       16835000	      1682	80001618	00ab0db3	add	x27,x22,x10	 x22:0x00000000 x10:0x00000000 x27=0x00000000
       16845000	      1683	8000161c	418fd713	srai	x14,x31,0x18	 x31:0x00000000 x14=0x00000000
       16855000	      1684	80001620	001acdb3	xor	x27,x21,x1	 x21:0x00000000  x1:0x80008c14 x27=0x80008c14
       16865000	      1685	80001624	405d5193	srai	x3,x26,0x5	 x26:0x00000002  x3=0x00000000
       16875000	      1686	80001628	03ecfc63	bgeu	x25,x30,80001660	 x25:0x00000000 x30:0x000002f6
       16885000	      1687	8000162c	a6e44a93	xori	x21,x8,-1426	  x8:0x00000001 x21=0xfffffa6f
       16895000	      1688	80001630	04254263	blt	x10,x2,80001674	 x10:0x00000000  x2:0xffffff73
       16905000	      1689	80001634	01e39a93	slli	x21,x7,0x1e	  x7:0x00000000 x21=0x00000000
       16915000	      1690	80001638	400d5c13	srai	x24,x26,0x0	 x26:0x00000002 x24=0x00000002
       16925000	      1691	8000163c	00019f13	slli	x30,x3,0x0	  x3:0x00000000 x30=0x00000000
       16935000	      1692	80001640	b1d0ee13	ori	x28,x1,-1251	  x1:0x80008c14 x28=0xffffff1d
       16945000	      1693	80001644	00b74263	blt	x14,x11,80001648	 x14:0x00000000 x11:0x00000001
       16955000	      1694	00000000	00000013	addi	x0,x0,0	  x0:0x00000000
       16965000	      1695	80001644	00000013	addi	x0,x0,0	  x0:0x00000000
       16975000	      1696	80001648	00f75993	srli	x19,x14,0xf	 x14:0x00000000 x19=0x00000000
       16985000	      1697	8000164c	1678f637	lui	x12,0x1678f	 x12=0x1678f000
       16995000	      1698	80001650	00fefdb3	and	x27,x29,x15	 x29:0x00000000 x15:0x00008000 x27=0x00000000
       17005000	      1699	80001654	0181a1b3	slt	x3,x3,x24	  x3:0x00000000 x24:0x00000002  x3=0x00000001
       17015000	      1700	80001658	034cd063	bge	x25,x20,80001678	 x25:0x00000000 x20:0x000000b1
       17025000	      1701	8000165c	62390893	addi	x17,x18,1571	 x18:0x192d8c97 x17=0x192d92ba
       17035000	      1702	80001660	00d89b13	slli	x22,x17,0xd	 x17:0x192d92ba x22=0xb2574000
       17045000	      1703	80001664	001b7033	and	x0,x22,x1	 x22:0xb2574000  x1:0x80008c14
       17055000	      1704	80001668	02ddca63	blt	x27,x13,8000169c	 x27:0x00000000 x13:0x00000000
       17065000	      1705	8000166c	e3ff1297	auipc	x5,0xe3ff1	  x5=0x63ff2668
       17075000	      1706	80001670	04aa5263	bge	x20,x10,800016b4	 x20:0x000000b1 x10:0x00000000
       17085000	      1707	00000000	00000013	addi	x0,x0,0	  x0:0x00000000
       17095000	      1708	800016b0	00000013	addi	x0,x0,0	  x0:0x00000000
       17105000	      1709	800016b4	ebe4c613	xori	x12,x9,-322	  x9:0x00000000 x12=0xfffffebe
       17115000	      1710	800016b8	046d4063	blt	x26,x6,800016f8	 x26:0x00000002  x6:0x80009fc4
       17125000	      1711	800016bc	01956c33	or	x24,x10,x25	 x10:0x00000000 x25:0x00000000 x24=0x00000000
       17135000	      1712	800016c0	63032b93	slti	x23,x6,1584	  x6:0x80009fc4 x23=0x00000001
       17145000	      1713	800016c4	00e99a63	bne	x19,x14,800016d8	 x19:0x00000000 x14:0x00000000
       17155000	      1714	800016c8	0168d893	srli	x17,x17,0x16	 x17:0x192d92ba x17=0x00000064
       17165000	      1715	800016cc	00765bb3	srl	x23,x12,x7	 x12:0xfffffebe  x7:0x00000000 x23=0xfffffebe
       17175000	      1716	800016d0	005c6133	or	x2,x24,x5	 x24:0x00000000  x5:0x63ff2668  x2=0x63ff2668
       17185000	      1717	800016d4	01170833	add	x16,x14,x17	 x14:0x00000000 x17:0x00000064 x16=0x00000064
       17195000	      1718	800016d8	00c364b3	or	x9,x6,x12	  x6:0x80009fc4 x12:0xfffffebe  x9=0xfffffffe
       17205000	      1719	800016dc	a36e0db7	lui	x27,0xa36e0	 x27=0xa36e0000
       17215000	      1720	800016e0	4190d293	srai	x5,x1,0x19	  x1:0x80008c14  x5=0xffffffc0
       17225000	      1721	800016e4	eacb4b93	xori	x23,x22,-340	 x22:0xb2574000 x23=0x4da8beac
       17235000	      1722	800016e8	003e3133	sltu	x2,x28,x3	 x28:0xffffff1d  x3:0x00000001  x2=0x00000000
       17245000	      1723	800016ec	01939a13	slli	x20,x7,0x19	  x7:0x00000000 x20=0x00000000
       17255000	      1724	800016f0	d91ce613	ori	x12,x25,-623	 x25:0x00000000 x12=0xfffffd91
       17265000	      1725	800016f4	01c21713	slli	x14,x4,0x1c	  x4:0x80009f28 x14=0x80000000
       17275000	      1726	800016f8	d07f8513	addi	x10,x31,-761	 x31:0x00000000 x10=0xfffffd07
       17285000	      1727	800016fc	00d01c93	slli	x25,x0,0xd	  x0:0x00000000 x25=0x00000000
       17295000	      1728	80001700	01df29b3	slt	x19,x30,x29	 x30:0x00000000 x29:0x00000000 x19=0x00000000
       17305000	      1729	80001704	000a9e63	bne	x21,x0,80001720	 x21:0x00000000  x0:0x00000000
       17315000	      1730	80001708	22ad1617	auipc	x12,0x22ad1	 x12=0xa2ad2704
       17325000	      1731	8000170c	018ec533	xor	x10,x29,x24	 x29:0x00000000 x24:0x00000000 x10=0x00000000
       17335000	      1732	80001710	002efa33	and	x20,x29,x2	 x29:0x00000000  x2:0x00000000 x20=0x00000000
       17345000	      1733	80001714	02667c63	bgeu	x12,x6,8000174c	 x12:0xa2ad2704  x6:0x80009fc4
       17355000	      1734	00000000	00000013	addi	x0,x0,0	  x0:0x00000000
       17365000	      1735	80001748	00000013	addi	x0,x0,0	  x0:0x00000000
       17375000	      1736	8000174c	febb6a13	ori	x20,x22,-21	 x22:0xb2574000 x20=0xffffffeb
       17385000	      1737	80001750	00377533	and	x10,x14,x3	 x14:0x80000000  x3:0x00000001 x10=0x00000000
       17395000	      1738	80001754	a3f2eb13	ori	x22,x5,-1473	  x5:0xffffffc0 x22=0xffffffff
       17405000	      1739	80001758	9927b593	sltiu	x11,x15,-1646	 x15:0x00008000 x11=0x00000001
       17415000	      1740	8000175c	02c94063	blt	x18,x12,8000177c	 x18:0x192d8c97 x12:0xa2ad2704
       17425000	      1741	80001760	040f6263	bltu	x30,x0,800017a4	 x30:0x00000000  x0:0x00000000
       17435000	      1742	80001764	02caf863	bgeu	x21,x12,80001794	 x21:0x00000000 x12:0xa2ad2704
       17445000	      1743	80001768	de89a393	slti	x7,x19,-536	 x19:0x00000000  x7=0x00000000
       17455000	      1744	8000176c	006e0f33	add	x30,x28,x6	 x28:0xffffff1d  x6:0x80009fc4 x30=0x80009ee1
       17465000	      1745	80001770	d646ce93	xori	x29,x13,-668	 x13:0x00000000 x29=0xfffffd64
       17475000	      1746	80001774	0162f633	and	x12,x5,x22	  x5:0xffffffc0 x22:0xffffffff x12=0xffffffc0
       17485000	      1747	80001778	00339113	slli	x2,x7,0x3	  x7:0x00000000  x2=0x00000000
       17495000	      1748	8000177c	02485863	bge	x16,x4,800017ac	 x16:0x00000064  x4:0x80009f28
       17505000	      1749	00000000	00000013	addi	x0,x0,0	  x0:0x00000000
       17515000	      1750	800017a8	00000013	addi	x0,x0,0	  x0:0x00000000
       17525000	      1751	800017ac	35049437	lui	x8,0x35049	  x8=0x35049000
       17535000	      1752	800017b0	00cb5433	srl	x8,x22,x12	 x22:0xffffffff x12:0xffffffc0  x8=0xffffffff
       17545000	      1753	800017b4	ab938513	addi	x10,x7,-1351	  x7:0x00000000 x10=0xfffffab9
       17555000	      1754	800017b8	87a715b7	lui	x11,0x87a71	 x11=0x87a71000
       17565000	      1755	800017bc	00c6b4b3	sltu	x9,x13,x12	 x13:0x00000000 x12:0xffffffc0  x9=0x00000001
       17575000	      1756	800017c0	0173b5b3	sltu	x11,x7,x23	  x7:0x00000000 x23:0x4da8beac x11=0x00000001
       17585000	      1757	800017c4	0094d513	srli	x10,x9,0x9	  x9:0x00000001 x10=0x00000000
       17595000	      1758	800017c8	41a657b3	sra	x15,x12,x26	 x12:0xffffffc0 x26:0x00000002 x15=0xfffffff0
       17605000	      1759	800017cc	74ae07b7	lui	x15,0x74ae0	 x15=0x74ae0000
       17615000	      1760	800017d0	00d906b3	add	x13,x18,x13	 x18:0x192d8c97 x13:0x00000000 x13=0x192d8c97
       17625000	      1761	800017d4	b60e8037	lui	x0,0xb60e8	
       17635000	      1762	800017d8	0eccac93	slti	x25,x25,236	 x25:0x00000000 x25=0x00000001
       17645000	      1763	800017dc	03af7c63	bgeu	x30,x26,80001814	 x30:0x80009ee1 x26:0x00000002
       17655000	      1764	00000000	00000013	addi	x0,x0,0	  x0:0x00000000
       17665000	      1765	80001810	00000013	addi	x0,x0,0	  x0:0x00000000
       17675000	      1766	80001814	009ef133	and	x2,x29,x9	 x29:0xfffffd64  x9:0x00000001  x2=0x00000000
       17685000	      1767	80001818	01ff7cb3	and	x25,x30,x31	 x30:0x80009ee1 x31:0x00000000 x25=0x00000000
       17695000	      1768	8000181c	22ca4b13	xori	x22,x20,556	 x20:0xffffffeb x22=0xfffffdc7
       17705000	      1769	80001820	98e70e13	addi	x28,x14,-1650	 x14:0x80000000 x28=0x7ffff98e
       17715000	      1770	80001824	01f3c7b3	xor	x15,x7,x31	  x7:0x00000000 x31:0x00000000 x15=0x00000000
       17725000	      1771	80001828	04527463	bgeu	x4,x5,80001870	  x4:0x80009f28  x5:0xffffffc0
       17735000	      1772	8000182c	048f4263	blt	x30,x8,80001870	 x30:0x80009ee1  x8:0xffffffff
       17745000	      1773	00000000	00000013	addi	x0,x0,0	  x0:0x00000000
       17755000	      1774	8000186c	00000013	addi	x0,x0,0	  x0:0x00000000
       17765000	      1775	80001870	41de0b33	sub	x22,x28,x29	 x28:0x7ffff98e x29:0xfffffd64 x22=0x7ffffc2a
       17775000	      1776	80001874	77046f13	ori	x30,x8,1904	  x8:0xffffffff x30=0xffffffff
       17785000	      1777	80001878	01322f33	slt	x30,x4,x19	  x4:0x80009f28 x19:0x00000000 x30=0x00000001
       17795000	      1778	8000187c	01a41733	sll	x14,x8,x26	  x8:0xffffffff x26:0x00000002 x14=0xfffffffc
       17805000	      1779	80001880	0289cc63	blt	x19,x8,800018b8	 x19:0x00000000  x8:0xffffffff
       17815000	      1780	80001884	d408ff17	auipc	x30,0xd408f	 x30=0x54090880
       17825000	      1781	80001888	40c40e33	sub	x28,x8,x12	  x8:0xffffffff x12:0xffffffc0 x28=0x0000003f
       17835000	      1782	8000188c	f862d137	lui	x2,0xf862d	  x2=0xf862d000
       17845000	      1783	80001890	4a80f097	auipc	x1,0x4a80f	  x1=0xca81088c
       17855000	      1784	80001894	01fa1f93	slli	x31,x20,0x1f	 x20:0xffffffeb x31=0x80000000
       17865000	      1785	80001898	01611eb3	sll	x29,x2,x22	  x2:0xf862d000 x22:0x7ffffc2a x29=0x8b400000
       17875000	      1786	8000189c	348fff93	andi	x31,x31,840	 x31:0x80000000 x31=0x00000000
       17885000	      1787	800018a0	60d4e713	ori	x14,x9,1549	  x9:0x00000001 x14=0x0000060d
       17895000	      1788	800018a4	04d97263	bgeu	x18,x13,800018e8	 x18:0x192d8c97 x13:0x192d8c97
       17905000	      1789	00000000	00000013	addi	x0,x0,0	  x0:0x00000000
       17915000	      1790	800018e4	00000013	addi	x0,x0,0	  x0:0x00000000
       17925000	      1791	800018e8	41b05113	srai	x2,x0,0x1b	  x0:0x00000000  x2=0x00000000
       17935000	      1792	800018ec	00aea7b3	slt	x15,x29,x10	 x29:0x8b400000 x10:0x00000000 x15=0x00000001
       17945000	      1793	800018f0	41c2d193	srai	x3,x5,0x1c	  x5:0xffffffc0  x3=0xffffffff
       17955000	      1794	800018f4	41e25d13	srai	x26,x4,0x1e	  x4:0x80009f28 x26=0xfffffffe
       17965000	      1795	800018f8	0d769a63	bne	x13,x23,800019cc	 x13:0x192d8c97 x23:0x4da8beac
       17975000	      1796	00000000	00000013	addi	x0,x0,0	  x0:0x00000000
       17985000	      1797	800019c8	00000013	addi	x0,x0,0	  x0:0x00000000
       17995000	      1798	800019cc	03a11463	bne	x2,x26,800019f4	  x2:0x00000000 x26:0xfffffffe
       18005000	      1799	00000000	00000013	addi	x0,x0,0	  x0:0x00000000
       18015000	      1800	800019f0	00000013	addi	x0,x0,0	  x0:0x00000000
       18025000	      1801	800019f4	256c8f37	lui	x30,0x256c8	 x30=0x256c8000
       18035000	      1802	800019f8	c7f3cf13	xori	x30,x7,-897	  x7:0x00000000 x30=0xfffffc7f
       18045000	      1803	800019fc	8df3b013	sltiu	x0,x7,-1825	  x7:0x00000000
       18055000	      1804	80001a00	395f9117	auipc	x2,0x395f9	  x2=0xb95fa9fc
       18065000	      1805	80001a04	40d50133	sub	x2,x10,x13	 x10:0x00000000 x13:0x192d8c97  x2=0xe6d27369
       18075000	      1806	80001a08	d569ca93	xori	x21,x19,-682	 x19:0x00000000 x21=0xfffffd56
       18085000	      1807	80001a0c	01477033	and	x0,x14,x20	 x14:0x0000060d x20:0xffffffeb
       18095000	      1808	80001a10	6421a193	slti	x3,x3,1602	  x3:0xffffffff  x3=0x00000001
       18105000	      1809	80001a14	05b55263	bge	x10,x27,80001a58	 x10:0x00000000 x27:0xa36e0000
       18115000	      1810	00000000	00000013	addi	x0,x0,0	  x0:0x00000000
       18125000	      1811	80001a54	00000013	addi	x0,x0,0	  x0:0x00000000
       18135000	      1812	80001a58	013d9093	slli	x1,x27,0x13	 x27:0xa36e0000  x1=0x00000000
       18145000	      1813	80001a5c	4115d5b3	sra	x11,x11,x17	 x11:0x00000001 x17:0x00000064 x11=0x00000000
       18155000	      1814	80001a60	00000013	addi	x0,x0,0	  x0:0x00000000
       18165000	      1815	80001a64	013063b3	or	x7,x0,x19	  x0:0x00000000 x19:0x00000000  x7=0x00000000
       18175000	      1816	80001a68	009711b3	sll	x3,x14,x9	 x14:0x0000060d  x9:0x00000001  x3=0x00000c1a
       18185000	      1817	80001a6c	0f768e63	beq	x13,x23,80001b68	 x13:0x192d8c97 x23:0x4da8beac
       18195000	      1818	80001a70	a4952693	slti	x13,x10,-1463	 x10:0x00000000 x13=0x00000000
       18205000	      1819	80001a74	0db5d863	bge	x11,x27,80001b44	 x11:0x00000000 x27:0xa36e0000
       18215000	      1820	00000000	00000013	addi	x0,x0,0	  x0:0x00000000
       18225000	      1821	80001b40	00000013	addi	x0,x0,0	  x0:0x00000000
       18235000	      1822	80001b44	0152fbb3	and	x23,x5,x21	  x5:0xffffffc0 x21:0xfffffd56 x23=0xfffffd40
       18245000	      1823	80001b48	010978b3	and	x17,x18,x16	 x18:0x192d8c97 x16:0x00000064 x17=0x00000004
       18255000	      1824	80001b4c	00000013	addi	x0,x0,0	  x0:0x00000000
       18265000	      1825	80001b50	05936263	bltu	x6,x25,80001b94	  x6:0x80009fc4 x25:0x00000000
       18275000	      1826	80001b54	d1ff1f37	lui	x30,0xd1ff1	 x30=0xd1ff1000
       18285000	      1827	80001b58	355b6713	ori	x14,x22,853	 x22:0x7ffffc2a x14=0x7fffff7f
       18295000	      1828	80001b5c	03237463	bgeu	x6,x18,80001b84	  x6:0x80009fc4 x18:0x192d8c97
       18305000	      1829	00000000	00000013	addi	x0,x0,0	  x0:0x00000000
       18315000	      1830	80001b80	00000013	addi	x0,x0,0	  x0:0x00000000
       18325000	      1831	80001b84	41250b33	sub	x22,x10,x18	 x10:0x00000000 x18:0x192d8c97 x22=0xe6d27369
       18335000	      1832	80001b88	044f0263	beq	x30,x4,80001bcc	 x30:0xd1ff1000  x4:0x80009f28
       18345000	      1833	80001b8c	2701bb93	sltiu	x23,x3,624	  x3:0x00000c1a x23=0x00000000
       18355000	      1834	80001b90	242f3013	sltiu	x0,x30,578	 x30:0xd1ff1000
       18365000	      1835	80001b94	015f7c33	and	x24,x30,x21	 x30:0xd1ff1000 x21:0xfffffd56 x24=0xd1ff1000
       18375000	      1836	80001b98	0085c733	xor	x14,x11,x8	 x11:0x00000000  x8:0xffffffff x14=0xffffffff
       18385000	      1837	80001b9c	00109993	slli	x19,x1,0x1	  x1:0x00000000 x19=0x00000000
       18395000	      1838	80001ba0	004ff133	and	x2,x31,x4	 x31:0x00000000  x4:0x80009f28  x2=0x00000000
       18405000	      1839	80001ba4	08fbe113	ori	x2,x23,143	 x23:0x00000000  x2=0x0000008f
       18415000	      1840	80001ba8	41275193	srai	x3,x14,0x12	 x14:0xffffffff  x3=0xffffffff
       18425000	      1841	80001bac	41580bb3	sub	x23,x16,x21	 x16:0x00000064 x21:0xfffffd56 x23=0x0000030e
       18435000	      1842	80001bb0	4b7cc093	xori	x1,x25,1207	 x25:0x00000000  x1=0x000004b7
       18445000	      1843	80001bb4	014088b3	add	x17,x1,x20	  x1:0x000004b7 x20:0xffffffeb x17=0x000004a2
       18455000	      1844	80001bb8	b2cc0b37	lui	x22,0xb2cc0	 x22=0xb2cc0000
       18465000	      1845	80001bbc	8ae7b013	sltiu	x0,x15,-1874	 x15:0x00000001
       18475000	      1846	80001bc0	00e9d5b3	srl	x11,x19,x14	 x19:0x00000000 x14:0xffffffff x11=0x00000000
       18485000	      1847	80001bc4	01ca69b3	or	x19,x20,x28	 x20:0xffffffeb x28:0x0000003f x19=0xffffffff
       18495000	      1848	80001bc8	028a4c63	blt	x20,x8,80001c00	 x20:0xffffffeb  x8:0xffffffff
       18505000	      1849	00000000	00000013	addi	x0,x0,0	  x0:0x00000000
       18515000	      1850	80001bfc	00000013	addi	x0,x0,0	  x0:0x00000000
       18525000	      1851	80001c00	0146c263	blt	x13,x20,80001c04	 x13:0x00000000 x20:0xffffffeb
       18535000	      1852	80001c04	03e3f663	bgeu	x7,x30,80001c30	  x7:0x00000000 x30:0xd1ff1000
       18545000	      1853	80001c08	41e751b3	sra	x3,x14,x30	 x14:0xffffffff x30:0xd1ff1000  x3=0xffffffff
       18555000	      1854	80001c0c	d8d426b7	lui	x13,0xd8d42	 x13=0xd8d42000
       18565000	      1855	80001c10	01cf4533	xor	x10,x30,x28	 x30:0xd1ff1000 x28:0x0000003f x10=0xd1ff103f
       18575000	      1856	80001c14	015fcfb3	xor	x31,x31,x21	 x31:0x00000000 x21:0xfffffd56 x31=0xfffffd56
       18585000	      1857	80001c18	00e65c63	bge	x12,x14,80001c30	 x12:0xffffffc0 x14:0xffffffff
       18595000	      1858	80001c1c	e4e01837	lui	x16,0xe4e01	 x16=0xe4e01000
       18605000	      1859	80001c20	5bbf4013	xori	x0,x30,1467	 x30:0xd1ff1000
       18615000	      1860	80001c24	012a9533	sll	x10,x21,x18	 x21:0xfffffd56 x18:0x192d8c97 x10=0xab000000
       18625000	      1861	80001c28	baf2f013	andi	x0,x5,-1105	  x5:0xffffffc0
       18635000	      1862	80001c2c	001d5e33	srl	x28,x26,x1	 x26:0xfffffffe  x1:0x000004b7 x28=0x000001ff
       18645000	      1863	80001c30	02d95a63	bge	x18,x13,80001c64	 x18:0x192d8c97 x13:0xd8d42000
       18655000	      1864	00000000	00000013	addi	x0,x0,0	  x0:0x00000000
       18665000	      1865	80001c60	00000013	addi	x0,x0,0	  x0:0x00000000
       18675000	      1866	80001c64	000fbb33	sltu	x22,x31,x0	 x31:0xfffffd56  x0:0x00000000 x22=0x00000000
       18685000	      1867	80001c68	01899b13	slli	x22,x19,0x18	 x19:0xffffffff x22=0xff000000
       18695000	      1868	80001c6c	01a3b7b3	sltu	x15,x7,x26	  x7:0x00000000 x26:0xfffffffe x15=0x00000001
       18705000	      1869	80001c70	65490db7	lui	x27,0x65490	 x27=0x65490000
       18715000	      1870	80001c74	c9ba2d13	slti	x26,x20,-869	 x20:0xffffffeb x26=0x00000000
       18725000	      1871	80001c78	eb870113	addi	x2,x14,-328	 x14:0xffffffff  x2=0xfffffeb7
       18735000	      1872	80001c7c	ad9aad13	slti	x26,x21,-1319	 x21:0xfffffd56 x26=0x00000000
       18745000	      1873	80001c80	9b141a97	auipc	x21,0x9b141	 x21=0x1b142c7c
       18755000	      1874	80001c84	00f35713	srli	x14,x6,0xf	  x6:0x80009fc4 x14=0x00010001
       18765000	      1875	80001c88	011ce2b3	or	x5,x25,x17	 x25:0x00000000 x17:0x000004a2  x5=0x000004a2
       18775000	      1876	80001c8c	01cf7c63	bgeu	x30,x28,80001ca4	 x30:0xd1ff1000 x28:0x000001ff
       18785000	      1877	00000000	00000013	addi	x0,x0,0	  x0:0x00000000
       18795000	      1878	80001ca0	00000013	addi	x0,x0,0	  x0:0x00000000
       18805000	      1879	80001ca4	35c92613	slti	x12,x18,860	 x18:0x192d8c97 x12=0x00000000
       18815000	      1880	80001ca8	406b8d33	sub	x26,x23,x6	 x23:0x0000030e  x6:0x80009fc4 x26=0x7fff634a
       18825000	      1881	80001cac	b65ae993	ori	x19,x21,-1179	 x21:0x1b142c7c x19=0xffffff7d
       18835000	      1882	80001cb0	01e55413	srli	x8,x10,0x1e	 x10:0xab000000  x8=0x00000002
       18845000	      1883	80001cb4	01bcbcb3	sltu	x25,x25,x27	 x25:0x00000000 x27:0x65490000 x25=0x00000001
       18855000	      1884	80001cb8	40d250b3	sra	x1,x4,x13	  x4:0x80009f28 x13:0xd8d42000  x1=0x80009f28
       18865000	      1885	80001cbc	00a99293	slli	x5,x19,0xa	 x19:0xffffff7d  x5=0xfffdf400
       18875000	      1886	80001cc0	01b5a1b3	slt	x3,x11,x27	 x11:0x00000000 x27:0x65490000  x3=0x00000001
       18885000	      1887	80001cc4	03b39063	bne	x7,x27,80001ce4	  x7:0x00000000 x27:0x65490000
       18895000	      1888	00000000	00000013	addi	x0,x0,0	  x0:0x00000000
       18905000	      1889	80001ce0	00000013	addi	x0,x0,0	  x0:0x00000000
       18915000	      1890	80001ce4	01d1d493	srli	x9,x3,0x1d	  x3:0x00000001  x9=0x00000000
       18925000	      1891	80001ce8	01f98433	add	x8,x19,x31	 x19:0xffffff7d x31:0xfffffd56  x8=0xfffffcd3
       18935000	      1892	80001cec	049e5463	bge	x28,x9,80001d34	 x28:0x000001ff  x9:0x00000000
       18945000	      1893	00000000	00000013	addi	x0,x0,0	  x0:0x00000000
       18955000	      1894	80001d30	00000013	addi	x0,x0,0	  x0:0x00000000
       18965000	      1895	80001d34	416c02b3	sub	x5,x24,x22	 x24:0xd1ff1000 x22:0xff000000  x5=0xd2ff1000
       18975000	      1896	80001d38	01511713	slli	x14,x2,0x15	  x2:0xfffffeb7 x14=0xd6e00000
       18985000	      1897	80001d3c	01e37663	bgeu	x6,x30,80001d48	  x6:0x80009fc4 x30:0xd1ff1000
       18995000	      1898	80001d40	60edb113	sltiu	x2,x27,1550	 x27:0x65490000  x2=0x00000000
       19005000	      1899	80001d44	8fe16993	ori	x19,x2,-1794	  x2:0x00000000 x19=0xfffff8fe
       19015000	      1900	80001d48	05c08063	beq	x1,x28,80001d88	  x1:0x80009f28 x28:0x000001ff
       19025000	      1901	80001d4c	300d4d93	xori	x27,x26,768	 x26:0x7fff634a x27=0x7fff604a
       19035000	      1902	80001d50	0187d833	srl	x16,x15,x24	 x15:0x00000001 x24:0xd1ff1000 x16=0x00000001
       19045000	      1903	80001d54	01d2d1b3	srl	x3,x5,x29	  x5:0xd2ff1000 x29:0x8b400000  x3=0xd2ff1000
       19055000	      1904	80001d58	01cd66b3	or	x13,x26,x28	 x26:0x7fff634a x28:0x000001ff x13=0x7fff63ff
       19065000	      1905	80001d5c	0049cd33	xor	x26,x19,x4	 x19:0xfffff8fe  x4:0x80009f28 x26=0x7fff67d6
       19075000	      1906	80001d60	01881c93	slli	x25,x16,0x18	 x16:0x00000001 x25=0x01000000
       19085000	      1907	80001d64	40295293	srai	x5,x18,0x2	 x18:0x192d8c97  x5=0x064b6325
       19095000	      1908	80001d68	01a04c63	blt	x0,x26,80001d80	  x0:0x00000000 x26:0x7fff67d6
       19105000	      1909	00000000	00000013	addi	x0,x0,0	  x0:0x00000000
       19115000	      1910	80001d7c	00000013	addi	x0,x0,0	  x0:0x00000000
       19125000	      1911	80001d80	3ce94813	xori	x16,x18,974	 x18:0x192d8c97 x16=0x192d8f59
       19135000	      1912	80001d84	02866463	bltu	x12,x8,80001dac	 x12:0x00000000  x8:0xfffffcd3
       19145000	      1913	00000000	00000013	addi	x0,x0,0	  x0:0x00000000
       19155000	      1914	80001da8	00000013	addi	x0,x0,0	  x0:0x00000000
       19165000	      1915	80001dac	907a0093	addi	x1,x20,-1785	 x20:0xffffffeb  x1=0xfffff8f2
       19175000	      1916	80001db0	3059ee93	ori	x29,x19,773	 x19:0xfffff8fe x29=0xfffffbff
       19185000	      1917	80001db4	3e556093	ori	x1,x10,997	 x10:0xab000000  x1=0xab0003e5
       19195000	      1918	80001db8	3aee4513	xori	x10,x28,942	 x28:0x000001ff x10=0x00000251
       19205000	      1919	80001dbc	00ea9733	sll	x14,x21,x14	 x21:0x1b142c7c x14:0xd6e00000 x14=0x1b142c7c
       19215000	      1920	80001dc0	4059de33	sra	x28,x19,x5	 x19:0xfffff8fe  x5:0x064b6325 x28=0xffffffc7
       19225000	      1921	80001dc4	00711b13	slli	x22,x2,0x7	  x2:0x00000000 x22=0x00000000
       19235000	      1922	80001dc8	6c06e0b7	lui	x1,0x6c06e	  x1=0x6c06e000
       19245000	      1923	80001dcc	37aba697	auipc	x13,0x37aba	 x13=0xb7abbdc8
       19255000	      1924	80001dd0	01269533	sll	x10,x13,x18	 x13:0xb7abbdc8 x18:0x192d8c97 x10=0xe4000000
       19265000	      1925	80001dd4	a713ef13	ori	x30,x7,-1423	  x7:0x00000000 x30=0xfffffa71
       19275000	      1926	80001dd8	7b261017	auipc	x0,0x7b261	
       19285000	      1927	80001ddc	01d7a4b3	slt	x9,x15,x29	 x15:0x00000001 x29:0xfffffbff  x9=0x00000000
       19295000	      1928	80001de0	008ada13	srli	x20,x21,0x8	 x21:0x1b142c7c x20=0x001b142c
       19305000	      1929	80001de4	e0af7b13	andi	x22,x30,-502	 x30:0xfffffa71 x22=0xfffffa00
       19315000	      1930	80001de8	01ee4c33	xor	x24,x28,x30	 x28:0xffffffc7 x30:0xfffffa71 x24=0x000005b6
       19325000	      1931	80001dec	01d4ec33	or	x24,x9,x29	  x9:0x00000000 x29:0xfffffbff x24=0xfffffbff
       19335000	      1932	80001df0	7356c137	lui	x2,0x7356c	  x2=0x7356c000
       19345000	      1933	80001df4	6800fd13	andi	x26,x1,1664	  x1:0x6c06e000 x26=0x00000000
       19355000	      1934	80001df8	40e55a13	srai	x20,x10,0xe	 x10:0xe4000000 x20=0xffff9000
       19365000	      1935	80001dfc	03939c63	bne	x7,x25,80001e34	  x7:0x00000000 x25:0x01000000
       19375000	      1936	00000000	00000013	addi	x0,x0,0	  x0:0x00000000
       19385000	      1937	80001e30	00000013	addi	x0,x0,0	  x0:0x00000000
       19395000	      1938	80001e34	00519c33	sll	x24,x3,x5	  x3:0xd2ff1000  x5:0x064b6325 x24=0x5fe20000
       19405000	      1939	80001e38	007627b3	slt	x15,x12,x7	 x12:0x00000000  x7:0x00000000 x15=0x00000000
       19415000	      1940	80001e3c	00fcdf33	srl	x30,x25,x15	 x25:0x01000000 x15:0x00000000 x30=0x01000000
       19425000	      1941	80001e40	03f2f393	andi	x7,x5,63	  x5:0x064b6325  x7=0x00000025
       19435000	      1942	80001e44	00422a03	lw	x20,4(x4)	  x4:0x80009f28 x20=0x80001ea4 PA:0x80009f2c
       19445000	      1943	80001e48	03820213	addi	x4,x4,56	  x4:0x80009f28  x4=0x80009f60
       19455000	      1944	80001e4c	771ebf97	auipc	x31,0x771eb	 x31=0xf71ece48
       19465000	      1945	80001e50	000a0893	addi	x17,x20,0	 x20:0x80001ea4 x17=0x80001ea4
       19475000	      1946	80001e54	000888e7	jalr	x17,x17,0	 x17:0x80001ea4 x17=0x80001e54
       19485000	      1947	00000000	00000013	addi	x0,x0,0	  x0:0x00000000
       19495000	      1948	80001ea4	00000013	addi	x0,x0,0	  x0:0x00000000
       19505000	      1949	80001ea8	01cd1eb3	sll	x29,x26,x28	 x26:0x00000000 x28:0xffffffc7 x29=0x00000000
       19515000	      1950	80001eac	a0985297	auipc	x5,0xa0985	  x5=0x20986ea8
       19525000	      1951	80001eb0	0146c4b3	xor	x9,x13,x20	 x13:0xb7abbdc8 x20:0x80001ea4  x9=0x37aba36c
       19535000	      1952	80001eb4	0333c663	blt	x7,x19,80001ee0	  x7:0x00000025 x19:0xfffff8fe
       19545000	      1953	80001eb8	027cd663	bge	x25,x7,80001ee4	 x25:0x01000000  x7:0x00000025
       19555000	      1954	00000000	00000013	addi	x0,x0,0	  x0:0x00000000
       19565000	      1955	80001ee0	00000013	addi	x0,x0,0	  x0:0x00000000
       19575000	      1956	80001ee4	0159f6b3	and	x13,x19,x21	 x19:0xfffff8fe x21:0x1b142c7c x13=0x1b14287c
       19585000	      1957	80001ee8	cbe8f093	andi	x1,x17,-834	 x17:0x80001e54  x1=0x80001c14
       19595000	      1958	80001eec	003ef833	and	x16,x29,x3	 x29:0x00000000  x3:0xd2ff1000 x16=0x00000000
       19605000	      1959	80001ef0	00d79093	slli	x1,x15,0xd	 x15:0x00000000  x1=0x00000000
       19615000	      1960	80001ef4	00d39413	slli	x8,x7,0xd	  x7:0x00000025  x8=0x0004a000
       19625000	      1961	80001ef8	00422a03	lw	x20,4(x4)	  x4:0x80009f60 x20=0x80000ca4 PA:0x80009f64
       19635000	      1962	80001efc	009676b3	and	x13,x12,x9	 x12:0x00000000  x9:0x37aba36c x13=0x00000000
       19645000	      1963	80001f00	6db36e13	ori	x28,x6,1755	  x6:0x80009fc4 x28=0x80009fdf
       19655000	      1964	80001f04	fb227793	andi	x15,x4,-78	  x4:0x80009f60 x15=0x80009f20
       19665000	      1965	80001f08	8fe24393	xori	x7,x4,-1794	  x4:0x80009f60  x7=0x7fff679e
       19675000	      1966	80001f0c	8b159e17	auipc	x28,0x8b159	 x28=0x0b15af08
       19685000	      1967	80001f10	02420213	addi	x4,x4,36	  x4:0x80009f60  x4=0x80009f84
       19695000	      1968	80001f14	ed7a2593	slti	x11,x20,-297	 x20:0x80000ca4 x11=0x00000001
       19705000	      1969	80001f18	013d39b3	sltu	x19,x26,x19	 x26:0x00000000 x19:0xfffff8fe x19=0x00000001
       19715000	      1970	80001f1c	01a06e33	or	x28,x0,x26	  x0:0x00000000 x26:0x00000000 x28=0x00000000
       19725000	      1971	80001f20	001a0a93	addi	x21,x20,1	 x20:0x80000ca4 x21=0x80000ca5
       19735000	      1972	80001f24	000a8ae7	jalr	x21,x21,0	 x21:0x80000ca5 x21=0x80001f24
       19745000	      1973	00000000	00000013	addi	x0,x0,0	  x0:0x00000000
       19755000	      1974	80000ca4	00000013	addi	x0,x0,0	  x0:0x00000000
       19765000	      1975	80000ca8	01bb5d93	srli	x27,x22,0x1b	 x22:0xfffffa00 x27=0x0000001f
       19775000	      1976	80000cac	00425533	srl	x10,x4,x4	  x4:0x80009f84  x4:0x80009f84 x10=0x080009f8
       19785000	      1977	80000cb0	35d58713	addi	x14,x11,861	 x11:0x00000001 x14=0x0000035e
       19795000	      1978	80000cb4	7c227b93	andi	x23,x4,1986	  x4:0x80009f84 x23=0x00000780
       19805000	      1979	80000cb8	019a88b3	add	x17,x21,x25	 x21:0x80001f24 x25:0x01000000 x17=0x81001f24
       19815000	      1980	80000cbc	22eeab93	slti	x23,x29,558	 x29:0x00000000 x23=0x00000001
       19825000	      1981	80000cc0	0170aa33	slt	x20,x1,x23	  x1:0x00000000 x23:0x00000001 x20=0x00000001
       19835000	      1982	80000cc4	00b8ceb3	xor	x29,x17,x11	 x17:0x81001f24 x11:0x00000001 x29=0x81001f25
       19845000	      1983	80000cc8	00911863	bne	x2,x9,80000cd8	  x2:0x7356c000  x9:0x37aba36c
       19855000	      1984	00000000	00000013	addi	x0,x0,0	  x0:0x00000000
       19865000	      1985	80000cd4	00000013	addi	x0,x0,0	  x0:0x00000000
       19875000	      1986	80000cd8	2d408a97	auipc	x21,0x2d408	 x21=0xad408cd4
       19885000	      1987	80000cdc	7a117093	andi	x1,x2,1953	  x2:0x7356c000  x1=0x00000000
       19895000	      1988	80000ce0	4a4ccd93	xori	x27,x25,1188	 x25:0x01000000 x27=0x010004a4
       19905000	      1989	80000ce4	01defd33	and	x26,x29,x29	 x29:0x81001f25 x29:0x81001f25 x26=0x81001f25
       19915000	      1990	80000ce8	00884f33	xor	x30,x16,x8	 x16:0x00000000  x8:0x0004a000 x30=0x0004a000
       19925000	      1991	80000cec	00b43bb3	sltu	x23,x8,x11	  x8:0x0004a000 x11:0x00000001 x23=0x00000000
       19935000	      1992	80000cf0	406f80b3	sub	x1,x31,x6	 x31:0xf71ece48  x6:0x80009fc4  x1=0x771e2e84
       19945000	      1993	80000cf4	7e0ebd93	sltiu	x27,x29,2016	 x29:0x81001f25 x27=0x00000000
       19955000	      1994	80000cf8	00ace833	or	x16,x25,x10	 x25:0x01000000 x10:0x080009f8 x16=0x090009f8
       19965000	      1995	80000cfc	0011ecb3	or	x25,x3,x1	  x3:0xd2ff1000  x1:0x771e2e84 x25=0xf7ff3e84
       19975000	      1996	80000d00	01d45833	srl	x16,x8,x29	  x8:0x0004a000 x29:0x81001f25 x16=0x00002500
       19985000	      1997	80000d04	00d279b3	and	x19,x4,x13	  x4:0x80009f84 x13:0x00000000 x19=0x00000000
       19995000	      1998	80000d08	b2c9c893	xori	x17,x19,-1236	 x19:0x00000000 x17=0xfffffb2c
       20005000	      1999	80000d0c	01cb10b3	sll	x1,x22,x28	 x22:0xfffffa00 x28:0x00000000  x1=0xfffffa00
       20015000	      2000	80000d10	01ec2cb3	slt	x25,x24,x30	 x24:0x5fe20000 x30:0x0004a000 x25=0x00000000
       20025000	      2001	80000d14	0987c537	lui	x10,0x987c	 x10=0x0987c000
       20035000	      2002	80000d18	40035cb3	sra	x25,x6,x0	  x6:0x80009fc4  x0:0x00000000 x25=0x80009fc4
       20045000	      2003	80000d1c	0166a133	slt	x2,x13,x22	 x13:0x00000000 x22:0xfffffa00  x2=0x00000000
       20055000	      2004	80000d20	00000013	addi	x0,x0,0	  x0:0x00000000
       20065000	      2005	80000d24	01bfcb33	xor	x22,x31,x27	 x31:0xf71ece48 x27:0x00000000 x22=0xf71ece48
       20075000	      2006	80000d28	35b54a93	xori	x21,x10,859	 x10:0x0987c000 x21=0x0987c35b
       20085000	      2007	80000d2c	0259f663	bgeu	x19,x5,80000d58	 x19:0x00000000  x5:0x20986ea8
       20095000	      2008	80000d30	07158893	addi	x17,x11,113	 x11:0x00000001 x17=0x00000072
       20105000	      2009	80000d34	01b979b3	and	x19,x18,x27	 x18:0x192d8c97 x27:0x00000000 x19=0x00000000
       20115000	      2010	80000d38	322dec93	ori	x25,x27,802	 x27:0x00000000 x25=0x00000322
       20125000	      2011	80000d3c	009de833	or	x16,x27,x9	 x27:0x00000000  x9:0x37aba36c x16=0x37aba36c
       20135000	      2012	80000d40	4d54be13	sltiu	x28,x9,1237	  x9:0x37aba36c x28=0x00000000
       20145000	      2013	80000d44	014422b3	slt	x5,x8,x20	  x8:0x0004a000 x20:0x00000001  x5=0x00000000
       20155000	      2014	80000d48	00979a33	sll	x20,x15,x9	 x15:0x80009f20  x9:0x37aba36c x20=0x09f20000
       20165000	      2015	80000d4c	40cfd713	srai	x14,x31,0xc	 x31:0xf71ece48 x14=0xffff71ec
       20175000	      2016	80000d50	004b1c63	bne	x22,x4,80000d68	 x22:0xf71ece48  x4:0x80009f84
       20185000	      2017	00000000	00000013	addi	x0,x0,0	  x0:0x00000000
       20195000	      2018	80000d64	00000013	addi	x0,x0,0	  x0:0x00000000
       20205000	      2019	80000d68	00239393	slli	x7,x7,0x2	  x7:0x7fff679e  x7=0xfffd9e78
       20215000	      2020	80000d6c	003f7f33	and	x30,x30,x3	 x30:0x0004a000  x3:0xd2ff1000 x30=0x00040000
       20225000	      2021	80000d70	00000013	addi	x0,x0,0	  x0:0x00000000
       20235000	      2022	80000d74	0034e533	or	x10,x9,x3	  x9:0x37aba36c  x3:0xd2ff1000 x10=0xf7ffb36c
       20245000	      2023	80000d78	02fb0a63	beq	x22,x15,80000dac	 x22:0xf71ece48 x15:0x80009f20
       20255000	      2024	80000d7c	0811b513	sltiu	x10,x3,129	  x3:0xd2ff1000 x10=0x00000000
       20265000	      2025	80000d80	b2c98c93	addi	x25,x19,-1236	 x19:0x00000000 x25=0xfffffb2c
       20275000	      2026	80000d84	0302d863	bge	x5,x16,80000db4	  x5:0x00000000 x16:0x37aba36c
       20285000	      2027	80000d88	00db1713	slli	x14,x22,0xd	 x22:0xf71ece48 x14=0xd9c90000
       20295000	      2028	80000d8c	406b5e33	sra	x28,x22,x6	 x22:0xf71ece48  x6:0x80009fc4 x28=0xff71ece4
       20305000	      2029	80000d90	00f6c863	blt	x13,x15,80000da0	 x13:0x00000000 x15:0x80009f20
       20315000	      2030	80000d94	0013c433	xor	x8,x7,x1	  x7:0xfffd9e78  x1:0xfffffa00  x8=0x00026478
       20325000	      2031	80000d98	bc5df793	andi	x15,x27,-1083	 x27:0x00000000 x15=0x00000000
       20335000	      2032	80000d9c	77e52d93	slti	x27,x10,1918	 x10:0x00000000 x27=0x00000001
       20345000	      2033	80000da0	3723f613	andi	x12,x7,882	  x7:0xfffd9e78 x12=0x00000270
       20355000	      2034	80000da4	033f7c13	andi	x24,x30,51	 x30:0x00040000 x24=0x00000000
       20365000	      2035	80000da8	41aad413	srai	x8,x21,0x1a	 x21:0x0987c35b  x8=0x00000002
       20375000	      2036	80000dac	026c6463	bltu	x24,x6,80000dd4	 x24:0x00000000  x6:0x80009fc4
       20385000	      2037	00000000	00000013	addi	x0,x0,0	  x0:0x00000000
       20395000	      2038	80000dd0	00000013	addi	x0,x0,0	  x0:0x00000000
       20405000	      2039	80000dd4	0912e663	bltu	x5,x17,80000e60	  x5:0x00000000 x17:0x00000072
       20415000	      2040	00000000	00000013	addi	x0,x0,0	  x0:0x00000000
       20425000	      2041	80000e5c	00000013	addi	x0,x0,0	  x0:0x00000000
       20435000	      2042	80000e60	0178c463	blt	x17,x23,80000e68	 x17:0x00000072 x23:0x00000000
       20445000	      2043	80000e64	01ffe7b3	or	x15,x31,x31	 x31:0xf71ece48 x31:0xf71ece48 x15=0xf71ece48
       20455000	      2044	80000e68	023b6663	bltu	x22,x3,80000e94	 x22:0xf71ece48  x3:0xd2ff1000
       20465000	      2045	80000e6c	00381e33	sll	x28,x16,x3	 x16:0x37aba36c  x3:0xd2ff1000 x28=0x37aba36c
       20475000	      2046	80000e70	009c8f33	add	x30,x25,x9	 x25:0xfffffb2c  x9:0x37aba36c x30=0x37ab9e98
       20485000	      2047	80000e74	414059b3	sra	x19,x0,x20	  x0:0x00000000 x20:0x09f20000 x19=0x00000000
       20495000	      2048	80000e78	005aa9b3	slt	x19,x21,x5	 x21:0x0987c35b  x5:0x00000000 x19=0x00000000
       20505000	      2049	80000e7c	0e2fb293	sltiu	x5,x31,226	 x31:0xf71ece48  x5=0x00000000
       20515000	      2050	80000e80	40018433	sub	x8,x3,x0	  x3:0xd2ff1000  x0:0x00000000  x8=0xd2ff1000
       20525000	      2051	80000e84	000a1c63	bne	x20,x0,80000e9c	 x20:0x09f20000  x0:0x00000000
       20535000	      2052	00000000	00000013	addi	x0,x0,0	  x0:0x00000000
       20545000	      2053	80000e98	00000013	addi	x0,x0,0	  x0:0x00000000
       20555000	      2054	80000e9c	00000013	addi	x0,x0,0	  x0:0x00000000
       20565000	      2055	80000ea0	65e5a593	slti	x11,x11,1630	 x11:0x00000001 x11=0x00000001
       20575000	      2056	80000ea4	0081e133	or	x2,x3,x8	  x3:0xd2ff1000  x8:0xd2ff1000  x2=0xd2ff1000
       20585000	      2057	80000ea8	00f01e63	bne	x0,x15,80000ec4	  x0:0x00000000 x15:0xf71ece48
       20595000	      2058	00000000	00000013	addi	x0,x0,0	  x0:0x00000000
       20605000	      2059	80000ec0	00000013	addi	x0,x0,0	  x0:0x00000000
       20615000	      2060	80000ec4	012e09b3	add	x19,x28,x18	 x28:0x37aba36c x18:0x192d8c97 x19=0x50d93003
       20625000	      2061	80000ec8	00886663	bltu	x16,x8,80000ed4	 x16:0x37aba36c  x8:0xd2ff1000
       20635000	      2062	00000000	00000013	addi	x0,x0,0	  x0:0x00000000
       20645000	      2063	80000ed0	00000013	addi	x0,x0,0	  x0:0x00000000
       20655000	      2064	80000ed4	01b23733	sltu	x14,x4,x27	  x4:0x80009f84 x27:0x00000001 x14=0x00000000
       20665000	      2065	80000ed8	015a1693	slli	x13,x20,0x15	 x20:0x09f20000 x13=0x00000000
       20675000	      2066	80000edc	0158d463	bge	x17,x21,80000ee4	 x17:0x00000072 x21:0x0987c35b
       20685000	      2067	80000ee0	03046a63	bltu	x8,x16,80000f14	  x8:0xd2ff1000 x16:0x37aba36c
       20695000	      2068	80000ee4	002edab3	srl	x21,x29,x2	 x29:0x81001f25  x2:0xd2ff1000 x21=0x81001f25
       20705000	      2069	80000ee8	eb793813	sltiu	x16,x18,-329	 x18:0x192d8c97 x16=0x00000001
       20715000	      2070	80000eec	cad8fe17	auipc	x28,0xcad8f	 x28=0x4ad8fee8
       20725000	      2071	80000ef0	00358733	add	x14,x11,x3	 x11:0x00000001  x3:0xd2ff1000 x14=0xd2ff1001
       20735000	      2072	80000ef4	00e2cc63	blt	x5,x14,80000f0c	  x5:0x00000000 x14:0xd2ff1001
       20745000	      2073	80000ef8	00000013	addi	x0,x0,0	  x0:0x00000000
       20755000	      2074	80000efc	41918e33	sub	x28,x3,x25	  x3:0xd2ff1000 x25:0xfffffb2c x28=0xd2ff14d4
       20765000	      2075	80000f00	00000013	addi	x0,x0,0	  x0:0x00000000
       20775000	      2076	80000f04	0154c7b3	xor	x15,x9,x21	  x9:0x37aba36c x21:0x81001f25 x15=0xb6abbc49
       20785000	      2077	80000f08	039ac463	blt	x21,x25,80000f30	 x21:0x81001f25 x25:0xfffffb2c
       20795000	      2078	00000000	00000013	addi	x0,x0,0	  x0:0x00000000
       20805000	      2079	80000f2c	00000013	addi	x0,x0,0	  x0:0x00000000
       20815000	      2080	80000f30	6851f613	andi	x12,x3,1669	  x3:0xd2ff1000 x12=0x00000000
       20825000	      2081	80000f34	55bfbc37	lui	x24,0x55bfb	 x24=0x55bfb000
       20835000	      2082	80000f38	00a11b33	sll	x22,x2,x10	  x2:0xd2ff1000 x10:0x00000000 x22=0xd2ff1000
       20845000	      2083	80000f3c	16021bb7	lui	x23,0x16021	 x23=0x16021000
       20855000	      2084	80000f40	4e37e793	ori	x15,x15,1251	 x15:0xb6abbc49 x15=0xb6abbceb
       20865000	      2085	80000f44	24286c93	ori	x25,x16,578	 x16:0x00000001 x25=0x00000243
       20875000	      2086	80000f48	00cc19b3	sll	x19,x24,x12	 x24:0x55bfb000 x12:0x00000000 x19=0x55bfb000
       20885000	      2087	80000f4c	00b9cfb3	xor	x31,x19,x11	 x19:0x55bfb000 x11:0x00000001 x31=0x55bfb001
       20895000	      2088	80000f50	00a8a2b3	slt	x5,x17,x10	 x17:0x00000072 x10:0x00000000  x5=0x00000000
       20905000	      2089	80000f54	a0a43613	sltiu	x12,x8,-1526	  x8:0xd2ff1000 x12=0x00000001
       20915000	      2090	80000f58	00b95293	srli	x5,x18,0xb	 x18:0x192d8c97  x5=0x000325b1
       20925000	      2091	80000f5c	03e5e663	bltu	x11,x30,80000f88	 x11:0x00000001 x30:0x37ab9e98
       20935000	      2092	00000000	00000013	addi	x0,x0,0	  x0:0x00000000
       20945000	      2093	80000f84	00000013	addi	x0,x0,0	  x0:0x00000000
       20955000	      2094	80000f88	92240993	addi	x19,x8,-1758	  x8:0xd2ff1000 x19=0xd2ff0922
       20965000	      2095	80000f8c	024f7c63	bgeu	x30,x4,80000fc4	 x30:0x37ab9e98  x4:0x80009f84
       20975000	      2096	80000f90	03883b13	sltiu	x22,x16,56	 x16:0x00000001 x22=0x00000001
       20985000	      2097	80000f94	040c6863	bltu	x24,x0,80000fe4	 x24:0x55bfb000  x0:0x00000000
       20995000	      2098	80000f98	1993ad93	slti	x27,x7,409	  x7:0xfffd9e78 x27=0x00000001
       21005000	      2099	80000f9c	9bb2b813	sltiu	x16,x5,-1605	  x5:0x000325b1 x16=0x00000001
       21015000	      2100	80000fa0	00aee8b3	or	x17,x29,x10	 x29:0x81001f25 x10:0x00000000 x17=0x81001f25
       21025000	      2101	80000fa4	01dac3b3	xor	x7,x21,x29	 x21:0x81001f25 x29:0x81001f25  x7=0x00000000
       21035000	      2102	80000fa8	00001e17	auipc	x28,0x1	 x28=0x80001fa4
       21045000	      2103	80000fac	eb0e0e13	addi	x28,x28,-336	 x28:0x80001fa4 x28=0x80001e54
       21055000	      2104	80000fb0	d6ae0e13	addi	x28,x28,-662	 x28:0x80001e54 x28=0x80001bbe
       21065000	      2105	80000fb4	0092d493	srli	x9,x5,0x9	  x5:0x000325b1  x9=0x00000192
       21075000	      2106	80000fb8	015812b3	sll	x5,x16,x21	 x16:0x00000001 x21:0x81001f25  x5=0x00000020
       21085000	      2107	80000fbc	4c056d93	ori	x27,x10,1216	 x10:0x00000000 x27=0x000004c0
       21095000	      2108	80000fc0	296e0a67	jalr	x20,x28,662	 x28:0x80001bbe x20=0x80000fc0
       21105000	      2109	00000000	00000013	addi	x0,x0,0	  x0:0x00000000
       21115000	      2110	80001e54	00000013	addi	x0,x0,0	  x0:0x00000000
       21125000	      2111	80001e58	00871113	slli	x2,x14,0x8	 x14:0xd2ff1001  x2=0xff100100
       21135000	      2112	80001e5c	4023d593	srai	x11,x7,0x2	  x7:0x00000000 x11=0x00000000
       21145000	      2113	80001e60	006dc663	blt	x27,x6,80001e6c	 x27:0x000004c0  x6:0x80009fc4
       21155000	      2114	80001e64	ebe4a193	slti	x3,x9,-322	  x9:0x00000192  x3=0x00000000
       21165000	      2115	80001e68	00000013	addi	x0,x0,0	  x0:0x00000000
       21175000	      2116	80001e6c	fdc20213	addi	x4,x4,-36	  x4:0x80009f84  x4=0x80009f60
       21185000	      2117	80001e70	01422223	sw	x20,4(x4)	  x4:0x80009f60 x20:0x80000fc0 PA:0x80009f64
       21195000	      2118	80001e74	2fbb3793	sltiu	x15,x22,763	 x22:0x00000001 x15=0x00000001
       21205000	      2119	80001e78	41c8db33	sra	x22,x17,x28	 x17:0x81001f25 x28:0x80001bbe x22=0xfffffffe
       21215000	      2120	80001e7c	002f8633	add	x12,x31,x2	 x31:0x55bfb001  x2:0xff100100 x12=0x54cfb101
       21225000	      2121	80001e80	00b558b3	srl	x17,x10,x11	 x10:0x00000000 x11:0x00000000 x17=0x00000000
       21235000	      2122	80001e84	626fbeb7	lui	x29,0x626fb	 x29=0x626fb000
       21245000	      2123	80001e88	0130e9b3	or	x19,x1,x19	  x1:0xfffffa00 x19:0xd2ff0922 x19=0xfffffb22
       21255000	      2124	80001e8c	9b4ffa6f	jal	x20,80001e8c	 x20=0x80001e8c
       21265000	      2125	00000000	00000013	addi	x0,x0,0	  x0:0x00000000
       21275000	      2126	8000103c	00000013	addi	x0,x0,0	  x0:0x00000000
       21285000	      2127	80001040	fc820213	addi	x4,x4,-56	  x4:0x80009f60  x4=0x80009f28
       21295000	      2128	80001044	0076d433	srl	x8,x13,x7	 x13:0x00000000  x7:0x00000000  x8=0x00000000
       21305000	      2129	80001048	01422223	sw	x20,4(x4)	  x4:0x80009f28 x20:0x80001e8c PA:0x80009f2c
       21315000	      2130	8000104c	4c2dee97	auipc	x29,0x4c2de	 x29=0xcc2df048
       21325000	      2131	80001050	00000013	addi	x0,x0,0	  x0:0x00000000
       21335000	      2132	80001054	00000013	addi	x0,x0,0	  x0:0x00000000
       21345000	      2133	80001058	01710033	add	x0,x2,x23	  x2:0xff100100 x23:0x16021000
       21355000	      2134	8000105c	00da5cb3	srl	x25,x20,x13	 x20:0x80001e8c x13:0x00000000 x25=0x80001e8c
       21365000	      2135	80001060	010983b3	add	x7,x19,x16	 x19:0xfffffb22 x16:0x00000001  x7=0xfffffb23
       21375000	      2136	80001064	01549993	slli	x19,x9,0x15	  x9:0x00000192 x19=0x32400000
       21385000	      2137	80001068	01d1a133	slt	x2,x3,x29	  x3:0x00000000 x29:0xcc2df048  x2=0x00000000
       21395000	      2138	8000106c	00007297	auipc	x5,0x7	  x5=0x80008068
       21405000	      2139	80001070	66328293	addi	x5,x5,1635	  x5:0x80008068  x5=0x800086cb
       21415000	      2140	80001074	00007517	auipc	x10,0x7	 x10=0x80008070
       21425000	      2141	80001078	4e750513	addi	x10,x10,1255	 x10:0x80008070 x10=0x80008557
       21435000	      2142	8000107c	00007617	auipc	x12,0x7	 x12=0x80008078
       21445000	      2143	80001080	23060613	addi	x12,x12,560	 x12:0x80008078 x12=0x800082a8
       21455000	      2144	80001084	ff228e03	lb	x28,-14(x5)	  x5:0x800086cb x28=0x00000000 PA:0x800086bd
       21465000	      2145	80001088	00007697	auipc	x13,0x7	 x13=0x80008084
       21475000	      2146	8000108c	50268693	addi	x13,x13,1282	 x13:0x80008084 x13=0x80008586
       21485000	      2147	80001090	26862a23	sw	x8,628(x12)	 x12:0x800082a8  x8:0x00000000 PA:0x8000851c
       21495000	      2148	80001094	01c683a3	sb	x28,7(x13)	 x13:0x80008586 x28:0x00000000 PA:0x8000858d
       21505000	      2149	80001098	3d361423	sh	x19,968(x12)	 x12:0x800082a8 x19:0x32400000 PA:0x80008670
       21515000	      2150	8000109c	ff028d23	sb	x16,-6(x5)	  x5:0x800086cb x16:0x00000001 PA:0x800086c5
       21525000	      2151	800010a0	f7264b03	lbu	x22,-142(x12)	 x12:0x800082a8 x22=0x00000000 PA:0x8000821a
       21535000	      2152	800010a4	c5f50723	sb	x31,-946(x10)	 x10:0x80008557 x31:0x55bfb001 PA:0x800081a5
       21545000	      2153	800010a8	01768023	sb	x23,0(x13)	 x13:0x80008586 x23:0x16021000 PA:0x80008586
       21555000	      2154	800010ac	00928383	lb	x7,9(x5)	  x5:0x800086cb  x7=0x00000000 PA:0x800086d4
       21565000	      2155	800010b0	3f264b03	lbu	x22,1010(x12)	 x12:0x800082a8 x22=0x00000000 PA:0x8000869a
       21575000	      2156	800010b4	00f29e83	lh	x29,15(x5)	  x5:0x800086cb x29=0x00000000 PA:0x800086da
       21585000	      2157	800010b8	0102c883	lbu	x17,16(x5)	  x5:0x800086cb x17=0x00000000 PA:0x800086db
       21595000	      2158	800010bc	f0f51d83	lh	x27,-241(x10)	 x10:0x80008557 x27=0x00000000 PA:0x80008466
       21605000	      2159	800010c0	ff36ca83	lbu	x21,-13(x13)	 x13:0x80008586 x21=0x00000000 PA:0x80008579
       21615000	      2160	800010c4	f8e54c83	lbu	x25,-114(x10)	 x10:0x80008557 x25=0x00000000 PA:0x800084e5
       21625000	      2161	800010c8	00d68a03	lb	x20,13(x13)	 x13:0x80008586 x20=0x00000000 PA:0x80008593
       21635000	      2162	800010cc	17850d03	lb	x26,376(x10)	 x10:0x80008557 x26=0x00000000 PA:0x800086cf
       21645000	      2163	800010d0	ff368803	lb	x16,-13(x13)	 x13:0x80008586 x16=0x00000000 PA:0x80008579
       21655000	      2164	800010d4	00c2ca03	lbu	x20,12(x5)	  x5:0x800086cb x20=0x00000000 PA:0x800086d7
       21665000	      2165	800010d8	242602a3	sb	x2,581(x12)	 x12:0x800082a8  x2:0x00000000 PA:0x800084ed
       21675000	      2166	800010dc	2ba54083	lbu	x1,698(x10)	 x10:0x80008557  x1=0x00000000 PA:0x80008811
       21685000	      2167	800010e0	00728483	lb	x9,7(x5)	  x5:0x800086cb  x9=0x00000000 PA:0x800086d2
       21695000	      2168	800010e4	f7d64783	lbu	x15,-131(x12)	 x12:0x800082a8 x15=0x00000000 PA:0x80008225
       21705000	      2169	800010e8	0ac62b83	lw	x23,172(x12)	 x12:0x800082a8 x23=0x00000000 PA:0x80008354
       21715000	      2170	800010ec	fe168823	sb	x1,-16(x13)	 x13:0x80008586  x1:0x00000000 PA:0x80008576
       21725000	      2171	800010f0	00f6c103	lbu	x2,15(x13)	 x13:0x80008586  x2=0x00000000 PA:0x80008595
       21735000	      2172	800010f4	3e764183	lbu	x3,999(x12)	 x12:0x800082a8  x3=0x00000000 PA:0x8000868f
       21745000	      2173	800010f8	ff12de83	lhu	x29,-15(x5)	  x5:0x800086cb x29=0x00000000 PA:0x800086bc
       21755000	      2174	800010fc	fcf55083	lhu	x1,-49(x10)	 x10:0x80008557  x1=0x00000000 PA:0x80008526
       21765000	      2175	80001100	00007497	auipc	x9,0x7	  x9=0x800080fc
       21775000	      2176	80001104	2b648493	addi	x9,x9,694	  x9:0x800080fc  x9=0x800083b2
       21785000	      2177	80001108	00007a97	auipc	x21,0x7	 x21=0x80008104
       21795000	      2178	8000110c	5baa8a93	addi	x21,x21,1466	 x21:0x80008104 x21=0x800086be
       21805000	      2179	80001110	00007c17	auipc	x24,0x7	 x24=0x8000810c
       21815000	      2180	80001114	212c0c13	addi	x24,x24,530	 x24:0x8000810c x24=0x8000831e
       21825000	      2181	80001118	ca1a8a23	sb	x1,-844(x21)	 x21:0x800086be  x1:0x00000000 PA:0x80008372
       21835000	      2182	8000111c	00007d97	auipc	x27,0x7	 x27=0x80008118
       21845000	      2183	80001120	33cd8d93	addi	x27,x27,828	 x27:0x80008118 x27=0x80008454
       21855000	      2184	80001124	3d2c0b23	sb	x18,982(x24)	 x24:0x8000831e x18:0x192d8c97 PA:0x800086f4
       21865000	      2185	80001128	00007897	auipc	x17,0x7	 x17=0x80008124
       21875000	      2186	8000112c	46d88893	addi	x17,x17,1133	 x17:0x80008124 x17=0x80008591
       21885000	      2187	80001130	02488083	lb	x1,36(x17)	 x17:0x80008591  x1=0x00000000 PA:0x800085b5
       21895000	      2188	80001134	fc6a8b03	lb	x22,-58(x21)	 x21:0x800086be x22=0x00000000 PA:0x80008684
       21905000	      2189	80001138	0b0c4283	lbu	x5,176(x24)	 x24:0x8000831e  x5=0x00000000 PA:0x800083ce
       21915000	      2190	8000113c	fdc88f23	sb	x28,-34(x17)	 x17:0x80008591 x28:0x00000000 PA:0x8000856f
       21925000	      2191	80001140	df0ad383	lhu	x7,-528(x21)	 x21:0x800086be  x7=0x00000000 PA:0x800084ae
       21935000	      2192	80001144	ffe4a183	lw	x3,-2(x9)	  x9:0x800083b2  x3=0x00000000 PA:0x800083b0
       21945000	      2193	80001148	fdcd9803	lh	x16,-36(x27)	 x27:0x80008454 x16=0x00000000 PA:0x80008430
       21955000	      2194	8000114c	fa0a9b83	lh	x23,-96(x21)	 x21:0x800086be x23=0x00000000 PA:0x8000865e
       21965000	      2195	00000000	00000013	addi	x0,x0,0	  x0:0x00000000
       21975000	      2196	80001150	fd789b83	lh	x23,-41(x17)	 x17:0x80008591 x23=0x00000000 PA:0x80008568
       21985000	      2197	80001154	fddd8da3	sb	x29,-37(x27)	 x27:0x80008454 x29:0x00000000 PA:0x8000842f
       21995000	      2198	80001158	fc38a583	lw	x11,-61(x17)	 x17:0x80008591 x11=0x00000000 PA:0x80008554
       22005000	      2199	8000115c	00749823	sh	x7,16(x9)	  x9:0x800083b2  x7:0x00000000 PA:0x800083c2
       22015000	      2200	80001160	4acc0823	sb	x12,1200(x24)	 x24:0x8000831e x12:0x800082a8 PA:0x800087ce
       22025000	      2201	80001164	ff5d9123	sh	x21,-30(x27)	 x27:0x80008454 x21:0x800086be PA:0x80008436
       22035000	      2202	80001168	e18aaf23	sw	x24,-482(x21)	 x21:0x800086be x24:0x8000831e PA:0x800084dc
       22045000	      2203	8000116c	182c2c83	lw	x25,386(x24)	 x24:0x8000831e x25=0x00000000 PA:0x800084a0
       22055000	      2204	80001170	00148423	sb	x1,8(x9)	  x9:0x800083b2  x1:0x00000000 PA:0x800083ba
       22065000	      2205	80001174	ff4d8723	sb	x20,-18(x27)	 x27:0x80008454 x20:0x00000000 PA:0x80008442
       22075000	      2206	80001178	d73aa523	sw	x19,-662(x21)	 x21:0x800086be x19:0x32400000 PA:0x80008428
       22085000	      2207	8000117c	036898a3	sh	x22,49(x17)	 x17:0x80008591 x22:0x00000000 PA:0x800085c2
       22095000	      2208	80001180	f93a8e03	lb	x28,-109(x21)	 x21:0x800086be x28=0x00000000 PA:0x80008651
       22105000	      2209	00000000	00000013	addi	x0,x0,0	  x0:0x00000000
       22115000	      2210	80001184	ffc48983	lb	x19,-4(x9)	  x9:0x800083b2 x19=0x00000000 PA:0x800083ae
       22125000	      2211	80001188	fe1d82a3	sb	x1,-27(x27)	 x27:0x80008454  x1:0x00000000 PA:0x80008439
       22135000	      2212	8000118c	bc1a8d23	sb	x1,-1062(x21)	 x21:0x800086be  x1:0x00000000 PA:0x80008298
       22145000	      2213	80001190	d59c4803	lbu	x16,-679(x24)	 x24:0x8000831e x16=0x00000000 PA:0x80008077
       22155000	      2214	80001194	003d89a3	sb	x3,19(x27)	 x27:0x80008454  x3:0x00000000 PA:0x80008467
       22165000	      2215	80001198	ff9890a3	sh	x25,-31(x17)	 x17:0x80008591 x25:0x00000000 PA:0x80008572
       22175000	      2216	8000119c	013487a3	sb	x19,15(x9)	  x9:0x800083b2 x19:0x00000000 PA:0x800083c1
       22185000	      2217	800011a0	fc288023	sb	x2,-64(x17)	 x17:0x80008591  x2:0x00000000 PA:0x80008551
       22195000	      2218	800011a4	33ac1b03	lh	x22,826(x24)	 x24:0x8000831e x22=0x00000000 PA:0x80008658
       22205000	      2219	800011a8	f1aa8423	sb	x26,-248(x21)	 x21:0x800086be x26:0x00000000 PA:0x800085c6
       22215000	      2220	800011ac	01e49523	sh	x30,10(x9)	  x9:0x800083b2 x30:0x37ab9e98 PA:0x800083bc
       22225000	      2221	800011b0	01b8df83	lhu	x31,27(x17)	 x17:0x80008591 x31=0x00000000 PA:0x800085ac
       22235000	      2222	800011b4	00007117	auipc	x2,0x7	  x2=0x800081b0
       22245000	      2223	800011b8	51710113	addi	x2,x2,1303	  x2:0x800081b0  x2=0x800086c7
       22255000	      2224	800011bc	fcc10c23	sb	x12,-40(x2)	  x2:0x800086c7 x12:0x800082a8 PA:0x8000869f
       22265000	      2225	800011c0	fc710c23	sb	x7,-40(x2)	  x2:0x800086c7  x7:0x00000000 PA:0x8000869f
       22275000	      2226	800011c4	fec10703	lb	x14,-20(x2)	  x2:0x800086c7 x14=0x00000000 PA:0x800086b3
       22285000	      2227	800011c8	fec14c03	lbu	x24,-20(x2)	  x2:0x800086c7 x24=0x00000000 PA:0x800086b3
       22295000	      2228	800011cc	fec10c03	lb	x24,-20(x2)	  x2:0x800086c7 x24=0x00000000 PA:0x800086b3
       22305000	      2229	800011d0	fec14a03	lbu	x20,-20(x2)	  x2:0x800086c7 x20=0x00000000 PA:0x800086b3
       22315000	      2230	800011d4	ffa10623	sb	x26,-20(x2)	  x2:0x800086c7 x26:0x00000000 PA:0x800086b3
       22325000	      2231	800011d8	fec14683	lbu	x13,-20(x2)	  x2:0x800086c7 x13=0x00000000 PA:0x800086b3
       22335000	      2232	800011dc	fec10883	lb	x17,-20(x2)	  x2:0x800086c7 x17=0x00000000 PA:0x800086b3
       22345000	      2233	800011e0	fec14703	lbu	x14,-20(x2)	  x2:0x800086c7 x14=0x00000000 PA:0x800086b3
       22355000	      2234	800011e4	4110d013	srai	x0,x1,0x11	  x1:0x00000000
       22365000	      2235	800011e8	fec14a83	lbu	x21,-20(x2)	  x2:0x800086c7 x21=0x00000000 PA:0x800086b3
       22375000	      2236	800011ec	fec14503	lbu	x10,-20(x2)	  x2:0x800086c7 x10=0x00000000 PA:0x800086b3
       22385000	      2237	800011f0	ff410623	sb	x20,-20(x2)	  x2:0x800086c7 x20:0x00000000 PA:0x800086b3
       22395000	      2238	800011f4	fec14803	lbu	x16,-20(x2)	  x2:0x800086c7 x16=0x00000000 PA:0x800086b3
       22405000	      2239	800011f8	fc412ea3	sw	x4,-35(x2)	  x2:0x800086c7  x4:0x80009f28 PA:0x800086a4
       22415000	      2240	800011fc	fdd15403	lhu	x8,-35(x2)	  x2:0x800086c7  x8=0x00009f28 PA:0x800086a4
       22425000	      2241	00000000	00000013	addi	x0,x0,0	  x0:0x00000000
       22435000	      2242	80001200	fc810ea3	sb	x8,-35(x2)	  x2:0x800086c7  x8:0x00009f28 PA:0x800086a4
       22445000	      2243	80001204	fdd15d03	lhu	x26,-35(x2)	  x2:0x800086c7 x26=0x00009f28 PA:0x800086a4
       22455000	      2244	80001208	03c10b83	lb	x23,60(x2)	  x2:0x800086c7 x23=0x00000000 PA:0x80008703
       22465000	      2245	8000120c	03110e23	sb	x17,60(x2)	  x2:0x800086c7 x17:0x00000000 PA:0x80008703
       22475000	      2246	80001210	00008117	auipc	x2,0x8	  x2=0x8000920c
       22485000	      2247	80001214	dd010113	addi	x2,x2,-560	  x2:0x8000920c  x2=0x80008fdc
       22495000	      2248	80001218	fbe10f03	lb	x30,-66(x2)	  x2:0x80008fdc x30=0xffffffc4 PA:0x80008f9a
       22505000	      2249	00000000	00000013	addi	x0,x0,0	  x0:0x00000000
       22515000	      2250	8000121c	fbe10403	lb	x8,-66(x2)	  x2:0x80008fdc  x8=0xffffffc4 PA:0x80008f9a
       22525000	      2251	80001220	fbe15483	lhu	x9,-66(x2)	  x2:0x80008fdc  x9=0x00009fc4 PA:0x80008f9a
       22535000	      2252	80001224	fa611f23	sh	x6,-66(x2)	  x2:0x80008fdc  x6:0x80009fc4 PA:0x80008f9a
       22545000	      2253	80001228	40bade93	srai	x29,x21,0xb	 x21:0x00000000 x29=0x00000000
       22555000	      2254	8000122c	ff914003	lbu	x0,-7(x2)	  x2:0x80008fdc PA:0x80008fd5
       22565000	      2255	80001230	ff914d03	lbu	x26,-7(x2)	  x2:0x80008fdc x26=0x00000000 PA:0x80008fd5
       22575000	      2256	80001234	07ea3b17	auipc	x22,0x7ea3	 x22=0x87ea4230
       22585000	      2257	80001238	ff910ca3	sb	x25,-7(x2)	  x2:0x80008fdc x25:0x00000000 PA:0x80008fd5
       22595000	      2258	8000123c	f7f14083	lbu	x1,-129(x2)	  x2:0x80008fdc  x1=0x00000000 PA:0x80008f5b
       22605000	      2259	80001240	fa0108a3	sb	x0,-79(x2)	  x2:0x80008fdc  x0:0x00000000 PA:0x80008f8d
       22615000	      2260	80001244	000126b3	slt	x13,x2,x0	  x2:0x80008fdc  x0:0x00000000 x13=0x00000001
       22625000	      2261	80001248	f8250393	addi	x7,x10,-126	 x10:0x00000000  x7=0xffffff82
       22635000	      2262	8000124c	40cc5c93	srai	x25,x24,0xc	 x24:0x00000000 x25=0x00000000
       22645000	      2263	80001250	008026b3	slt	x13,x0,x8	  x0:0x00000000  x8:0xffffffc4 x13=0x00000000
       22655000	      2264	80001254	011ef7b3	and	x15,x29,x17	 x29:0x00000000 x17:0x00000000 x15=0x00000000
       22665000	      2265	80001258	f7611923	sh	x22,-142(x2)	  x2:0x80008fdc x22:0x87ea4230 PA:0x80008f4e
       22675000	      2266	8000125c	00007117	auipc	x2,0x7	  x2=0x80008258
       22685000	      2267	80001260	f4010113	addi	x2,x2,-192	  x2:0x80008258  x2=0x80008198
       22695000	      2268	80001264	f3d104a3	sb	x29,-215(x2)	  x2:0x80008198 x29:0x00000000 PA:0x800080c1
       22705000	      2269	80001268	f5d14383	lbu	x7,-163(x2)	  x2:0x80008198  x7=0x00000000 PA:0x800080f5
       22715000	      2270	8000126c	00000013	addi	x0,x0,0	  x0:0x00000000
       22725000	      2271	80001270	feb14b83	lbu	x23,-21(x2)	  x2:0x80008198 x23=0x00000000 PA:0x80008183
       22735000	      2272	80001274	408d5fb3	sra	x31,x26,x8	 x26:0x00000000  x8:0xffffffc4 x31=0x00000000
       22745000	      2273	80001278	f1710803	lb	x16,-233(x2)	  x2:0x80008198 x16=0x00000000 PA:0x800080af
       22755000	      2274	8000127c	f6114583	lbu	x11,-159(x2)	  x2:0x80008198 x11=0x00000000 PA:0x800080f9
       22765000	      2275	80001280	f7415b83	lhu	x23,-140(x2)	  x2:0x80008198 x23=0x00000000 PA:0x8000810c
       22775000	      2276	80001284	bbca8b93	addi	x23,x21,-1092	 x21:0x00000000 x23=0xfffffbbc
       22785000	      2277	80001288	08314503	lbu	x10,131(x2)	  x2:0x80008198 x10=0x00000000 PA:0x8000821b
       22795000	      2278	8000128c	05b10f83	lb	x31,91(x2)	  x2:0x80008198 x31=0x00000000 PA:0x800081f3
       22805000	      2279	80001290	00000013	addi	x0,x0,0	  x0:0x00000000
       22815000	      2280	80001294	0c49f793	andi	x15,x19,196	 x19:0x00000000 x15=0x00000000
       22825000	      2281	80001298	00d7adb3	slt	x27,x15,x13	 x15:0x00000000 x13:0x00000000 x27=0x00000000
       22835000	      2282	8000129c	017820b3	slt	x1,x16,x23	 x16:0x00000000 x23:0xfffffbbc  x1=0x00000000
       22845000	      2283	800012a0	003ad6b3	srl	x13,x21,x3	 x21:0x00000000  x3:0x00000000 x13=0x00000000
       22855000	      2284	800012a4	0ee10523	sb	x14,234(x2)	  x2:0x80008198 x14:0x00000000 PA:0x80008282
       22865000	      2285	800012a8	f4210183	lb	x3,-190(x2)	  x2:0x80008198  x3=0x00000000 PA:0x800080da
       22875000	      2286	800012ac	fde10ca3	sb	x30,-39(x2)	  x2:0x80008198 x30:0xffffffc4 PA:0x80008171
       22885000	      2287	800012b0	fa310983	lb	x19,-93(x2)	  x2:0x80008198 x19=0x00000000 PA:0x8000813b
       22895000	      2288	800012b4	005106a3	sb	x5,13(x2)	  x2:0x80008198  x5:0x00000000 PA:0x800081a5
       22905000	      2289	800012b8	00e6f6b3	and	x13,x13,x14	 x13:0x00000000 x14:0x00000000 x13=0x00000000
       22915000	      2290	800012bc	01358633	add	x12,x11,x19	 x11:0x00000000 x19:0x00000000 x12=0x00000000
       22925000	      2291	800012c0	fb810523	sb	x24,-86(x2)	  x2:0x80008198 x24:0x00000000 PA:0x80008142
       22935000	      2292	800012c4	02812423	sw	x8,40(x2)	  x2:0x80008198  x8:0xffffffc4 PA:0x800081c0
       22945000	      2293	800012c8	86980893	addi	x17,x16,-1943	 x16:0x00000000 x17=0xfffff869
       22955000	      2294	800012cc	00ee1f93	slli	x31,x28,0xe	 x28:0x00000000 x31=0x00000000
       22965000	      2295	800012d0	07010823	sb	x16,112(x2)	  x2:0x80008198 x16:0x00000000 PA:0x80008208
       22975000	      2296	800012d4	fd610503	lb	x10,-42(x2)	  x2:0x80008198 x10=0x00000000 PA:0x8000816e
       22985000	      2297	800012d8	c62c2f93	slti	x31,x24,-926	 x24:0x00000000 x31=0x00000000
       22995000	      2298	800012dc	02815183	lhu	x3,40(x2)	  x2:0x80008198  x3=0x0000ffc4 PA:0x800081c0
       23005000	      2299	800012e0	ff415b83	lhu	x23,-12(x2)	  x2:0x80008198 x23=0x00000000 PA:0x8000818c
       23015000	      2300	800012e4	f8311523	sh	x3,-118(x2)	  x2:0x80008198  x3:0x0000ffc4 PA:0x80008122
       23025000	      2301	800012e8	fd210d23	sb	x18,-38(x2)	  x2:0x80008198 x18:0x192d8c97 PA:0x80008172
       23035000	      2302	800012ec	0d911d23	sh	x25,218(x2)	  x2:0x80008198 x25:0x00000000 PA:0x80008272
       23045000	      2303	800012f0	fa86b613	sltiu	x12,x13,-88	 x13:0x00000000 x12=0x00000001
       23055000	      2304	800012f4	f8514783	lbu	x15,-123(x2)	  x2:0x80008198 x15=0x00000000 PA:0x8000811d
       23065000	      2305	800012f8	57c06f93	ori	x31,x0,1404	  x0:0x00000000 x31=0x0000057c
       23075000	      2306	800012fc	403d8fb3	sub	x31,x27,x3	 x27:0x00000000  x3:0x0000ffc4 x31=0xffff003c
       23085000	      2307	80001300	f7011803	lh	x16,-144(x2)	  x2:0x80008198 x16=0x00000000 PA:0x80008108
       23095000	      2308	80001304	f9810ca3	sb	x24,-103(x2)	  x2:0x80008198 x24:0x00000000 PA:0x80008131
       23105000	      2309	80001308	c460bf13	sltiu	x30,x1,-954	  x1:0x00000000 x30=0x00000001
       23115000	      2310	8000130c	0a012783	lw	x15,160(x2)	  x2:0x80008198 x15=0x00000000 PA:0x80008238
       23125000	      2311	80001310	00007517	auipc	x10,0x7	 x10=0x8000830c
       23135000	      2312	80001314	e5b50513	addi	x10,x10,-421	 x10:0x8000830c x10=0x80008167
       23145000	      2313	80001318	97a5d617	auipc	x12,0x97a5d	 x12=0x17a5e314
       23155000	      2314	8000131c	ae136e13	ori	x28,x6,-1311	  x6:0x80009fc4 x28=0xffffffe5
       23165000	      2315	80001320	41790eb3	sub	x29,x18,x23	 x18:0x192d8c97 x23:0x00000000 x29=0x192d8c97
       23175000	      2316	80001324	00954a83	lbu	x21,9(x10)	 x10:0x80008167 x21=0x00000000 PA:0x80008170
       23185000	      2317	80001328	fef50403	lb	x8,-17(x10)	 x10:0x80008167  x8=0x00000000 PA:0x80008156
       23195000	      2318	8000132c	fef50003	lb	x0,-17(x10)	 x10:0x80008167 PA:0x80008156
       23205000	      2319	80001330	41008633	sub	x12,x1,x16	  x1:0x00000000 x16:0x00000000 x12=0x00000000
       23215000	      2320	80001334	fcc54c83	lbu	x25,-52(x10)	 x10:0x80008167 x25=0x00000000 PA:0x80008133
       23225000	      2321	80001338	011510a3	sh	x17,1(x10)	 x10:0x80008167 x17:0xfffff869 PA:0x80008168
       23235000	      2322	8000133c	fec54283	lbu	x5,-20(x10)	 x10:0x80008167  x5=0x00000000 PA:0x80008153
       23245000	      2323	80001340	01792db3	slt	x27,x18,x23	 x18:0x192d8c97 x23:0x00000000 x27=0x00000000
       23255000	      2324	80001344	01b50683	lb	x13,27(x10)	 x10:0x80008167 x13=0x00000000 PA:0x80008182
       23265000	      2325	80001348	20727413	andi	x8,x4,519	  x4:0x80009f28  x8=0x00000200
       23275000	      2326	8000134c	03d522a3	sw	x29,37(x10)	 x10:0x80008167 x29:0x192d8c97 PA:0x8000818c
       23285000	      2327	80001350	012519a3	sh	x18,19(x10)	 x10:0x80008167 x18:0x192d8c97 PA:0x8000817a
       23295000	      2328	80001354	03b50a23	sb	x27,52(x10)	 x10:0x80008167 x27:0x00000000 PA:0x8000819b
       23305000	      2329	80001358	03450a83	lb	x21,52(x10)	 x10:0x80008167 x21=0x00000000 PA:0x8000819b
       23315000	      2330	8000135c	00d49733	sll	x14,x9,x13	  x9:0x00009fc4 x13:0x00000000 x14=0x00009fc4
       23325000	      2331	80001360	03450e83	lb	x29,52(x10)	 x10:0x80008167 x29=0x00000000 PA:0x8000819b
       23335000	      2332	80001364	00007897	auipc	x17,0x7	 x17=0x80008360
       23345000	      2333	80001368	73d88893	addi	x17,x17,1853	 x17:0x80008360 x17=0x80008a9d
       23355000	      2334	8000136c	00008117	auipc	x2,0x8	  x2=0x80009368
       23365000	      2335	80001370	89b10113	addi	x2,x2,-1893	  x2:0x80009368  x2=0x80008c03
       23375000	      2336	80001374	00008a17	auipc	x20,0x8	 x20=0x80009370
       23385000	      2337	80001378	995a0a13	addi	x20,x20,-1643	 x20:0x80009370 x20=0x80008d05
       23395000	      2338	8000137c	00008f97	auipc	x31,0x8	 x31=0x80009378
       23405000	      2339	80001380	914f8f93	addi	x31,x31,-1772	 x31:0x80009378 x31=0x80008c8c
       23415000	      2340	80001384	004a4583	lbu	x11,4(x20)	 x20:0x80008d05 x11=0x00000000 PA:0x80008d09
       23425000	      2341	00000000	00000013	addi	x0,x0,0	  x0:0x00000000
       23435000	      2342	80001388	00b126a3	sw	x11,13(x2)	  x2:0x80008c03 x11:0x00000000 PA:0x80008c10
       23445000	      2343	8000138c	00008f17	auipc	x30,0x8	 x30=0x80009388
       23455000	      2344	80001390	abcf0f13	addi	x30,x30,-1348	 x30:0x80009388 x30=0x80008e44
       23465000	      2345	80001394	00a10503	lb	x10,10(x2)	  x2:0x80008c03 x10=0x00000000 PA:0x80008c0d
       23475000	      2346	80001398	f1cfd383	lhu	x7,-228(x31)	 x31:0x80008c8c  x7=0x00000000 PA:0x80008ba8
       23485000	      2347	8000139c	fd5f8ca3	sb	x21,-39(x31)	 x31:0x80008c8c x21:0x00000000 PA:0x80008c65
       23495000	      2348	800013a0	fed10a23	sb	x13,-12(x2)	  x2:0x80008c03 x13:0x00000000 PA:0x80008bf7
       23505000	      2349	800013a4	0068c803	lbu	x16,6(x17)	 x17:0x80008a9d x16=0x00000000 PA:0x80008aa3
       23515000	      2350	800013a8	fea10d23	sb	x10,-6(x2)	  x2:0x80008c03 x10:0x00000000 PA:0x80008bfd
       23525000	      2351	800013ac	fc2f81a3	sb	x2,-61(x31)	 x31:0x80008c8c  x2:0x80008c03 PA:0x80008c4f
       23535000	      2352	800013b0	fe5109a3	sb	x5,-13(x2)	  x2:0x80008c03  x5:0x00000000 PA:0x80008bf6
       23545000	      2353	800013b4	ff4fdc03	lhu	x24,-12(x31)	 x31:0x80008c8c x24=0x00000000 PA:0x80008c80
       23555000	      2354	800013b8	ff912583	lw	x11,-7(x2)	  x2:0x80008c03 x11=0x00000000 PA:0x80008bfc
       23565000	      2355	800013bc	01b88423	sb	x27,8(x17)	 x17:0x80008a9d x27:0x00000000 PA:0x80008aa5
       23575000	      2356	800013c0	01510023	sb	x21,0(x2)	  x2:0x80008c03 x21:0x00000000 PA:0x80008c03
       23585000	      2357	800013c4	f24fc603	lbu	x12,-220(x31)	 x31:0x80008c8c x12=0x00000000 PA:0x80008bb0
       23595000	      2358	800013c8	001f1123	sh	x1,2(x30)	 x30:0x80008e44  x1:0x00000000 PA:0x80008e46
       23605000	      2359	800013cc	005a5503	lhu	x10,5(x20)	 x20:0x80008d05 x10=0x00000000 PA:0x80008d0a
       23615000	      2360	800013d0	ff210a83	lb	x21,-14(x2)	  x2:0x80008c03 x21=0x00000000 PA:0x80008bf5
       23625000	      2361	800013d4	ffc8c983	lbu	x19,-4(x17)	 x17:0x80008a9d x19=0x00000000 PA:0x80008a99
       23635000	      2362	800013d8	008a4603	lbu	x12,8(x20)	 x20:0x80008d05 x12=0x00000000 PA:0x80008d0d
       23645000	      2363	800013dc	0018c383	lbu	x7,1(x17)	 x17:0x80008a9d  x7=0x00000000 PA:0x80008a9e
       23655000	      2364	800013e0	00f14b03	lbu	x22,15(x2)	  x2:0x80008c03 x22=0x00000000 PA:0x80008c12
       23665000	      2365	800013e4	003f0703	lb	x14,3(x30)	 x30:0x80008e44 x14=0x00000000 PA:0x80008e47
       23675000	      2366	800013e8	00515983	lhu	x19,5(x2)	  x2:0x80008c03 x19=0x00000000 PA:0x80008c08
       23685000	      2367	800013ec	ff88cc83	lbu	x25,-8(x17)	 x17:0x80008a9d x25=0x00000000 PA:0x80008a95
       23695000	      2368	800013f0	067f9123	sh	x7,98(x31)	 x31:0x80008c8c  x7:0x00000000 PA:0x80008cee
       23705000	      2369	800013f4	004f2983	lw	x19,4(x30)	 x30:0x80008e44 x19=0x00000000 PA:0x80008e48
       23715000	      2370	00000000	00000013	addi	x0,x0,0	  x0:0x00000000
       23725000	      2371	800013f8	ff3f0ba3	sb	x19,-9(x30)	 x30:0x80008e44 x19:0x00000000 PA:0x80008e3b
       23735000	      2372	800013fc	f46f8803	lb	x16,-186(x31)	 x31:0x80008c8c x16=0x00000000 PA:0x80008bd2
       23745000	      2373	80001400	001f0b03	lb	x22,1(x30)	 x30:0x80008e44 x22=0x00000000 PA:0x80008e45
       23755000	      2374	80001404	005a5b83	lhu	x23,5(x20)	 x20:0x80008d05 x23=0x00000000 PA:0x80008d0a
       23765000	      2375	80001408	00f8a1a3	sw	x15,3(x17)	 x17:0x80008a9d x15:0x00000000 PA:0x80008aa0
       23775000	      2376	8000140c	009a4383	lbu	x7,9(x20)	 x20:0x80008d05  x7=0x00000000 PA:0x80008d0e
       23785000	      2377	80001410	08dfc083	lbu	x1,141(x31)	 x31:0x80008c8c  x1=0x00000000 PA:0x80008d19
       23795000	      2378	80001414	ffcf1403	lh	x8,-4(x30)	 x30:0x80008e44  x8=0x00000000 PA:0x80008e40
       23805000	      2379	80001418	00007117	auipc	x2,0x7	  x2=0x80008414
       23815000	      2380	8000141c	fa810113	addi	x2,x2,-88	  x2:0x80008414  x2=0x800083bc
       23825000	      2381	80001420	00007097	auipc	x1,0x7	  x1=0x8000841c
       23835000	      2382	80001424	fd108093	addi	x1,x1,-47	  x1:0x8000841c  x1=0x800083ed
       23845000	      2383	80001428	eec11703	lh	x14,-276(x2)	  x2:0x800083bc x14=0x00000000 PA:0x800082a8
       23855000	      2384	8000142c	ff608583	lb	x11,-10(x1)	  x1:0x800083ed x11=0x00000000 PA:0x800083e3
       23865000	      2385	80001430	28215403	lhu	x8,642(x2)	  x2:0x800083bc  x8=0x00000000 PA:0x8000863e
       23875000	      2386	80001434	03108b23	sb	x17,54(x1)	  x1:0x800083ed x17:0x80008a9d PA:0x80008423
       23885000	      2387	80001438	00007797	auipc	x15,0x7	 x15=0x80008434
       23895000	      2388	8000143c	39d78793	addi	x15,x15,925	 x15:0x80008434 x15=0x800087d1
       23905000	      2389	80001440	fda08183	lb	x3,-38(x1)	  x1:0x800083ed  x3=0x00000000 PA:0x800083c7
       23915000	      2390	80001444	067108a3	sb	x7,113(x2)	  x2:0x800083bc  x7:0x00000000 PA:0x8000842d
       23925000	      2391	80001448	d3c10423	sb	x28,-728(x2)	  x2:0x800083bc x28:0xffffffe5 PA:0x800080e4
       23935000	      2392	8000144c	fd30a403	lw	x8,-45(x1)	  x1:0x800083ed  x8=0x00000000 PA:0x800083c0
       23945000	      2393	80001450	022093a3	sh	x2,39(x1)	  x1:0x800083ed  x2:0x800083bc PA:0x80008414
       23955000	      2394	80001454	0f610ca3	sb	x22,249(x2)	  x2:0x800083bc x22:0x00000000 PA:0x800084b5
       23965000	      2395	80001458	00808b03	lb	x22,8(x1)	  x1:0x800083ed x22=0x00000000 PA:0x800083f5
       23975000	      2396	8000145c	ffd7db83	lhu	x23,-3(x15)	 x15:0x800087d1 x23=0x000000a8 PA:0x800087ce
       23985000	      2397	80001460	18211483	lh	x9,386(x2)	  x2:0x800083bc  x9=0x00000000 PA:0x8000853e
       23995000	      2398	80001464	f757c803	lbu	x16,-139(x15)	 x15:0x800087d1 x16=0x00000000 PA:0x80008746
       24005000	      2399	80001468	fcd0d683	lhu	x13,-51(x1)	  x1:0x800083ed x13=0x00000000 PA:0x800083ba
       24015000	      2400	8000146c	fbb784a3	sb	x27,-87(x15)	 x15:0x800087d1 x27:0x00000000 PA:0x8000877a
       24025000	      2401	80001470	f9b11623	sh	x27,-116(x2)	  x2:0x800083bc x27:0x00000000 PA:0x80008348
       24035000	      2402	80001474	cf610883	lb	x17,-778(x2)	  x2:0x800083bc x17=0x00000000 PA:0x800080b2
       24045000	      2403	80001478	ffd08e23	sb	x29,-4(x1)	  x1:0x800083ed x29:0x00000000 PA:0x800083e9
       24055000	      2404	8000147c	eed10b03	lb	x22,-275(x2)	  x2:0x800083bc x22=0x00000000 PA:0x800082a9
       24065000	      2405	80001480	fb478a03	lb	x20,-76(x15)	 x15:0x800087d1 x20=0x00000000 PA:0x80008785
       24075000	      2406	80001484	02a0c403	lbu	x8,42(x1)	  x1:0x800083ed  x8=0x00000000 PA:0x80008417
       24085000	      2407	80001488	feb0dc83	lhu	x25,-21(x1)	  x1:0x800083ed x25=0x00000000 PA:0x800083d8
       24095000	      2408	8000148c	3aa10ba3	sb	x10,951(x2)	  x2:0x800083bc x10:0x00000000 PA:0x80008773
       24105000	      2409	80001490	f6578383	lb	x7,-155(x15)	 x15:0x800087d1  x7=0x00000000 PA:0x80008736
       24115000	      2410	80001494	00007097	auipc	x1,0x7	  x1=0x80008490
       24125000	      2411	80001498	78408093	addi	x1,x1,1924	  x1:0x80008490  x1=0x80008c14
       24135000	      2412	8000149c	f9a0c403	lbu	x8,-102(x1)	  x1:0x80008c14  x8=0x00000000 PA:0x80008bae
       24145000	      2413	00000000	00000013	addi	x0,x0,0	  x0:0x00000000
       24155000	      2414	800014a0	f8809d23	sh	x8,-102(x1)	  x1:0x80008c14  x8:0x00000000 PA:0x80008bae
       24165000	      2415	800014a4	f9a08e03	lb	x28,-102(x1)	  x1:0x80008c14 x28=0x00000000 PA:0x80008bae
       24175000	      2416	800014a8	a189e893	ori	x17,x19,-1512	 x19:0x00000000 x17=0xfffffa18
       24185000	      2417	800014ac	f9a08b83	lb	x23,-102(x1)	  x1:0x80008c14 x23=0x00000000 PA:0x80008bae
       24195000	      2418	800014b0	f9a08c83	lb	x25,-102(x1)	  x1:0x80008c14 x25=0x00000000 PA:0x80008bae
       24205000	      2419	800014b4	f8e09d23	sh	x14,-102(x1)	  x1:0x80008c14 x14:0x00000000 PA:0x80008bae
       24215000	      2420	800014b8	01aa7b33	and	x22,x20,x26	 x20:0x00000000 x26:0x00000000 x22=0x00000000
       24225000	      2421	800014bc	00000013	addi	x0,x0,0	  x0:0x00000000
       24235000	      2422	800014c0	f9a0cf03	lbu	x30,-102(x1)	  x1:0x80008c14 x30=0x00000000 PA:0x80008bae
       24245000	      2423	800014c4	f9509d23	sh	x21,-102(x1)	  x1:0x80008c14 x21:0x00000000 PA:0x80008bae
       24255000	      2424	800014c8	03e09703	lh	x14,62(x1)	  x1:0x80008c14 x14=0x00000000 PA:0x80008c52
       24265000	      2425	800014cc	c645ab13	slti	x22,x11,-924	 x11:0x00000000 x22=0x00000000
       24275000	      2426	800014d0	03e0c103	lbu	x2,62(x1)	  x1:0x80008c14  x2=0x00000000 PA:0x80008c52
       24285000	      2427	800014d4	03e09f83	lh	x31,62(x1)	  x1:0x80008c14 x31=0x00000000 PA:0x80008c52
       24295000	      2428	800014d8	00f32533	slt	x10,x6,x15	  x6:0x80009fc4 x15:0x800087d1 x10=0x00000000
       24305000	      2429	800014dc	ff209c03	lh	x24,-14(x1)	  x1:0x80008c14 x24=0x00000000 PA:0x80008c06
       24315000	      2430	800014e0	0e40a803	lw	x16,228(x1)	  x1:0x80008c14 x16=0x00000000 PA:0x80008cf8
       24325000	      2431	800014e4	00007c17	auipc	x24,0x7	 x24=0x800084e0
       24335000	      2432	800014e8	5a9c0c13	addi	x24,x24,1449	 x24:0x800084e0 x24=0x80008a89
       24345000	      2433	800014ec	05dc5b03	lhu	x22,93(x24)	 x24:0x80008a89 x22=0x00000000 PA:0x80008ae6
       24355000	      2434	800014f0	fdcc02a3	sb	x28,-59(x24)	 x24:0x80008a89 x28:0x00000000 PA:0x80008a4e
       24365000	      2435	800014f4	088c0483	lb	x9,136(x24)	 x24:0x80008a89  x9=0x00000000 PA:0x80008b11
       24375000	      2436	800014f8	e8616a13	ori	x20,x2,-378	  x2:0x00000000 x20=0xfffffe86
       24385000	      2437	800014fc	0e1c5b83	lhu	x23,225(x24)	 x24:0x80008a89 x23=0x0000c000 PA:0x80008b6a
       24395000	      2438	80001500	009d5513	srli	x10,x26,0x9	 x26:0x00000000 x10=0x00000000
       24405000	      2439	80001504	401106b3	sub	x13,x2,x1	  x2:0x00000000  x1:0x80008c14 x13=0x7fff73ec
       24415000	      2440	80001508	077c1b83	lh	x23,119(x24)	 x24:0x80008a89 x23=0x00000000 PA:0x80008b00
       24425000	      2441	8000150c	fa7c1703	lh	x14,-89(x24)	 x24:0x80008a89 x14=0x00000000 PA:0x80008a30
       24435000	      2442	80001510	0c6c0123	sb	x6,194(x24)	 x24:0x80008a89  x6:0x80009fc4 PA:0x80008b4b
       24445000	      2443	80001514	00d832b3	sltu	x5,x16,x13	 x16:0x00000000 x13:0x7fff73ec  x5=0x00000001
       24455000	      2444	80001518	5bae2593	slti	x11,x28,1466	 x28:0x00000000 x11=0x00000001
       24465000	      2445	8000151c	077c4e03	lbu	x28,119(x24)	 x24:0x80008a89 x28=0x00000000 PA:0x80008b00
       24475000	      2446	80001520	0157df33	srl	x30,x15,x21	 x15:0x800087d1 x21:0x00000000 x30=0x800087d1
       24485000	      2447	80001524	40fed793	srai	x15,x29,0xf	 x29:0x00000000 x15=0x00000000
       24495000	      2448	80001528	00bfccb3	xor	x25,x31,x11	 x31:0x00000000 x11:0x00000001 x25=0x00000001
       24505000	      2449	8000152c	0e3c1883	lh	x17,227(x24)	 x24:0x80008a89 x17=0x00000000 PA:0x80008b6c
       24515000	      2450	80001530	4104dfb3	sra	x31,x9,x16	  x9:0x00000000 x16:0x00000000 x31=0x00000000
       24525000	      2451	80001534	017c11a3	sh	x23,3(x24)	 x24:0x80008a89 x23:0x00000000 PA:0x80008a8c
       24535000	      2452	80001538	15daefb7	lui	x31,0x15dae	 x31=0x15dae000
       24545000	      2453	8000153c	0154d7b3	srl	x15,x9,x21	  x9:0x00000000 x21:0x00000000 x15=0x00000000
       24555000	      2454	80001540	00159813	slli	x16,x11,0x1	 x11:0x00000001 x16=0x00000002
       24565000	      2455	80001544	01a80633	add	x12,x16,x26	 x16:0x00000002 x26:0x00000000 x12=0x00000002
       24575000	      2456	80001548	0fec18a3	sh	x30,241(x24)	 x24:0x80008a89 x30:0x800087d1 PA:0x80008b7a
       24585000	      2457	8000154c	41ba5d33	sra	x26,x20,x27	 x20:0xfffffe86 x27:0x00000000 x26=0xfffffe86
       24595000	      2458	80001550	070c0ea3	sb	x16,125(x24)	 x24:0x80008a89 x16:0x00000002 PA:0x80008b06
       24605000	      2459	80001554	95ed1f37	lui	x30,0x95ed1	 x30=0x95ed1000
       24615000	      2460	80001558	41958e33	sub	x28,x11,x25	 x11:0x00000001 x25:0x00000001 x28=0x00000000
       24625000	      2461	8000155c	019c14a3	sh	x25,9(x24)	 x24:0x80008a89 x25:0x00000001 PA:0x80008a92
       24635000	      2462	80001560	f45c1983	lh	x19,-187(x24)	 x24:0x80008a89 x19=0x00000000 PA:0x800089ce
       24645000	      2463	80001564	e556f993	andi	x19,x13,-427	 x13:0x7fff73ec x19=0x7fff7244
       24655000	      2464	80001568	f54c4e83	lbu	x29,-172(x24)	 x24:0x80008a89 x29=0x00000000 PA:0x800089dd
       24665000	      2465	8000156c	e6cdb113	sltiu	x2,x27,-404	 x27:0x00000000  x2=0x00000001
       24675000	      2466	80001570	e5c83897	auipc	x17,0xe5c83	 x17=0x65c8456c
       24685000	      2467	80001574	40915433	sra	x8,x2,x9	  x2:0x00000001  x9:0x00000000  x8=0x00000001
       24695000	      2468	80001578	1f5a4113	xori	x2,x20,501	 x20:0xfffffe86  x2=0xffffff73
       24705000	      2469	8000157c	01a87d33	and	x26,x16,x26	 x16:0x00000002 x26:0xfffffe86 x26=0x00000002
       24715000	      2470	80001580	00000013	addi	x0,x0,0	  x0:0x00000000
       24725000	      2471	80001584	054c0383	lb	x7,84(x24)	 x24:0x80008a89  x7=0x00000000 PA:0x80008add
       24735000	      2472	80001588	00951a13	slli	x20,x10,0x9	 x10:0x00000000 x20=0x00000000
       24745000	      2473	8000158c	03f38c63	beq	x7,x31,800015c4	  x7:0x00000000 x31:0x15dae000
       24755000	      2474	80001590	01d3c6b3	xor	x13,x7,x29	  x7:0x00000000 x29:0x00000000 x13=0x00000000
       24765000	      2475	80001594	01db2833	slt	x16,x22,x29	 x22:0x00000000 x29:0x00000000 x16=0x00000000
       24775000	      2476	80001598	01521c93	slli	x25,x4,0x15	  x4:0x80009f28 x25=0xe5000000
       24785000	      2477	8000159c	0b148a13	addi	x20,x9,177	  x9:0x00000000 x20=0x000000b1
       24795000	      2478	800015a0	0281ee63	bltu	x3,x8,800015dc	  x3:0x00000000  x8:0x00000001
       24805000	      2479	00000000	00000013	addi	x0,x0,0	  x0:0x00000000
       24815000	      2480	800015d8	00000013	addi	x0,x0,0	  x0:0x00000000
       24825000	      2481	800015dc	0119bcb3	sltu	x25,x19,x17	 x19:0x7fff7244 x17:0x65c8456c x25=0x00000000
       24835000	      2482	800015e0	00e923b3	slt	x7,x18,x14	 x18:0x192d8c97 x14:0x00000000  x7=0x00000000
       24845000	      2483	800015e4	2f654f13	xori	x30,x10,758	 x10:0x00000000 x30=0x000002f6
       24855000	      2484	800015e8	0015ec33	or	x24,x11,x1	 x11:0x00000001  x1:0x80008c14 x24=0x80008c15
       24865000	      2485	800015ec	00d17fb3	and	x31,x2,x13	  x2:0xffffff73 x13:0x00000000 x31=0x00000000
       24875000	      2486	800015f0	00951b13	slli	x22,x10,0x9	 x10:0x00000000 x22=0x00000000
       24885000	      2487	800015f4	40985613	srai	x12,x16,0x9	 x16:0x00000000 x12=0x00000000
       24895000	      2488	800015f8	01078c63	beq	x15,x16,80001610	 x15:0x00000000 x16:0x00000000
       24905000	      2489	00000000	00000013	addi	x0,x0,0	  x0:0x00000000
       24915000	      2490	8000160c	00000013	addi	x0,x0,0	  x0:0x00000000
       24925000	      2491	80001610	00f41793	slli	x15,x8,0xf	  x8:0x00000001 x15=0x00008000
       24935000	      2492	80001614	00000013	addi	x0,x0,0	  x0:0x00000000
       24945000	      2493	80001618	00ab0db3	add	x27,x22,x10	 x22:0x00000000 x10:0x00000000 x27=0x00000000
       24955000	      2494	8000161c	418fd713	srai	x14,x31,0x18	 x31:0x00000000 x14=0x00000000
       24965000	      2495	80001620	001acdb3	xor	x27,x21,x1	 x21:0x00000000  x1:0x80008c14 x27=0x80008c14
       24975000	      2496	80001624	405d5193	srai	x3,x26,0x5	 x26:0x00000002  x3=0x00000000
       24985000	      2497	80001628	03ecfc63	bgeu	x25,x30,80001660	 x25:0x00000000 x30:0x000002f6
       24995000	      2498	8000162c	a6e44a93	xori	x21,x8,-1426	  x8:0x00000001 x21=0xfffffa6f
       25005000	      2499	80001630	04254263	blt	x10,x2,80001674	 x10:0x00000000  x2:0xffffff73
       25015000	      2500	80001634	01e39a93	slli	x21,x7,0x1e	  x7:0x00000000 x21=0x00000000
       25025000	      2501	80001638	400d5c13	srai	x24,x26,0x0	 x26:0x00000002 x24=0x00000002
       25035000	      2502	8000163c	00019f13	slli	x30,x3,0x0	  x3:0x00000000 x30=0x00000000
       25045000	      2503	80001640	b1d0ee13	ori	x28,x1,-1251	  x1:0x80008c14 x28=0xffffff1d
       25055000	      2504	80001644	00b74263	blt	x14,x11,80001648	 x14:0x00000000 x11:0x00000001
       25065000	      2505	00000000	00000013	addi	x0,x0,0	  x0:0x00000000
       25075000	      2506	80001644	00000013	addi	x0,x0,0	  x0:0x00000000
       25085000	      2507	80001648	00f75993	srli	x19,x14,0xf	 x14:0x00000000 x19=0x00000000
       25095000	      2508	8000164c	1678f637	lui	x12,0x1678f	 x12=0x1678f000
       25105000	      2509	80001650	00fefdb3	and	x27,x29,x15	 x29:0x00000000 x15:0x00008000 x27=0x00000000
       25115000	      2510	80001654	0181a1b3	slt	x3,x3,x24	  x3:0x00000000 x24:0x00000002  x3=0x00000001
       25125000	      2511	80001658	034cd063	bge	x25,x20,80001678	 x25:0x00000000 x20:0x000000b1
       25135000	      2512	8000165c	62390893	addi	x17,x18,1571	 x18:0x192d8c97 x17=0x192d92ba
       25145000	      2513	80001660	00d89b13	slli	x22,x17,0xd	 x17:0x192d92ba x22=0xb2574000
       25155000	      2514	80001664	001b7033	and	x0,x22,x1	 x22:0xb2574000  x1:0x80008c14
       25165000	      2515	80001668	02ddca63	blt	x27,x13,8000169c	 x27:0x00000000 x13:0x00000000
       25175000	      2516	8000166c	e3ff1297	auipc	x5,0xe3ff1	  x5=0x63ff2668
       25185000	      2517	80001670	04aa5263	bge	x20,x10,800016b4	 x20:0x000000b1 x10:0x00000000
       25195000	      2518	00000000	00000013	addi	x0,x0,0	  x0:0x00000000
       25205000	      2519	800016b0	00000013	addi	x0,x0,0	  x0:0x00000000
       25215000	      2520	800016b4	ebe4c613	xori	x12,x9,-322	  x9:0x00000000 x12=0xfffffebe
       25225000	      2521	800016b8	046d4063	blt	x26,x6,800016f8	 x26:0x00000002  x6:0x80009fc4
       25235000	      2522	800016bc	01956c33	or	x24,x10,x25	 x10:0x00000000 x25:0x00000000 x24=0x00000000
       25245000	      2523	800016c0	63032b93	slti	x23,x6,1584	  x6:0x80009fc4 x23=0x00000001
       25255000	      2524	800016c4	00e99a63	bne	x19,x14,800016d8	 x19:0x00000000 x14:0x00000000
       25265000	      2525	800016c8	0168d893	srli	x17,x17,0x16	 x17:0x192d92ba x17=0x00000064
       25275000	      2526	800016cc	00765bb3	srl	x23,x12,x7	 x12:0xfffffebe  x7:0x00000000 x23=0xfffffebe
       25285000	      2527	800016d0	005c6133	or	x2,x24,x5	 x24:0x00000000  x5:0x63ff2668  x2=0x63ff2668
       25295000	      2528	800016d4	01170833	add	x16,x14,x17	 x14:0x00000000 x17:0x00000064 x16=0x00000064
       25305000	      2529	800016d8	00c364b3	or	x9,x6,x12	  x6:0x80009fc4 x12:0xfffffebe  x9=0xfffffffe
       25315000	      2530	800016dc	a36e0db7	lui	x27,0xa36e0	 x27=0xa36e0000
       25325000	      2531	800016e0	4190d293	srai	x5,x1,0x19	  x1:0x80008c14  x5=0xffffffc0
       25335000	      2532	800016e4	eacb4b93	xori	x23,x22,-340	 x22:0xb2574000 x23=0x4da8beac
       25345000	      2533	800016e8	003e3133	sltu	x2,x28,x3	 x28:0xffffff1d  x3:0x00000001  x2=0x00000000
       25355000	      2534	800016ec	01939a13	slli	x20,x7,0x19	  x7:0x00000000 x20=0x00000000
       25365000	      2535	800016f0	d91ce613	ori	x12,x25,-623	 x25:0x00000000 x12=0xfffffd91
       25375000	      2536	800016f4	01c21713	slli	x14,x4,0x1c	  x4:0x80009f28 x14=0x80000000
       25385000	      2537	800016f8	d07f8513	addi	x10,x31,-761	 x31:0x00000000 x10=0xfffffd07
       25395000	      2538	800016fc	00d01c93	slli	x25,x0,0xd	  x0:0x00000000 x25=0x00000000
       25405000	      2539	80001700	01df29b3	slt	x19,x30,x29	 x30:0x00000000 x29:0x00000000 x19=0x00000000
       25415000	      2540	80001704	000a9e63	bne	x21,x0,80001720	 x21:0x00000000  x0:0x00000000
       25425000	      2541	80001708	22ad1617	auipc	x12,0x22ad1	 x12=0xa2ad2704
       25435000	      2542	8000170c	018ec533	xor	x10,x29,x24	 x29:0x00000000 x24:0x00000000 x10=0x00000000
       25445000	      2543	80001710	002efa33	and	x20,x29,x2	 x29:0x00000000  x2:0x00000000 x20=0x00000000
       25455000	      2544	80001714	02667c63	bgeu	x12,x6,8000174c	 x12:0xa2ad2704  x6:0x80009fc4
       25465000	      2545	00000000	00000013	addi	x0,x0,0	  x0:0x00000000
       25475000	      2546	80001748	00000013	addi	x0,x0,0	  x0:0x00000000
       25485000	      2547	8000174c	febb6a13	ori	x20,x22,-21	 x22:0xb2574000 x20=0xffffffeb
       25495000	      2548	80001750	00377533	and	x10,x14,x3	 x14:0x80000000  x3:0x00000001 x10=0x00000000
       25505000	      2549	80001754	a3f2eb13	ori	x22,x5,-1473	  x5:0xffffffc0 x22=0xffffffff
       25515000	      2550	80001758	9927b593	sltiu	x11,x15,-1646	 x15:0x00008000 x11=0x00000001
       25525000	      2551	8000175c	02c94063	blt	x18,x12,8000177c	 x18:0x192d8c97 x12:0xa2ad2704
       25535000	      2552	80001760	040f6263	bltu	x30,x0,800017a4	 x30:0x00000000  x0:0x00000000
       25545000	      2553	80001764	02caf863	bgeu	x21,x12,80001794	 x21:0x00000000 x12:0xa2ad2704
       25555000	      2554	80001768	de89a393	slti	x7,x19,-536	 x19:0x00000000  x7=0x00000000
       25565000	      2555	8000176c	006e0f33	add	x30,x28,x6	 x28:0xffffff1d  x6:0x80009fc4 x30=0x80009ee1
       25575000	      2556	80001770	d646ce93	xori	x29,x13,-668	 x13:0x00000000 x29=0xfffffd64
       25585000	      2557	80001774	0162f633	and	x12,x5,x22	  x5:0xffffffc0 x22:0xffffffff x12=0xffffffc0
       25595000	      2558	80001778	00339113	slli	x2,x7,0x3	  x7:0x00000000  x2=0x00000000
       25605000	      2559	8000177c	02485863	bge	x16,x4,800017ac	 x16:0x00000064  x4:0x80009f28
       25615000	      2560	00000000	00000013	addi	x0,x0,0	  x0:0x00000000
       25625000	      2561	800017a8	00000013	addi	x0,x0,0	  x0:0x00000000
       25635000	      2562	800017ac	35049437	lui	x8,0x35049	  x8=0x35049000
       25645000	      2563	800017b0	00cb5433	srl	x8,x22,x12	 x22:0xffffffff x12:0xffffffc0  x8=0xffffffff
       25655000	      2564	800017b4	ab938513	addi	x10,x7,-1351	  x7:0x00000000 x10=0xfffffab9
       25665000	      2565	800017b8	87a715b7	lui	x11,0x87a71	 x11=0x87a71000
       25675000	      2566	800017bc	00c6b4b3	sltu	x9,x13,x12	 x13:0x00000000 x12:0xffffffc0  x9=0x00000001
       25685000	      2567	800017c0	0173b5b3	sltu	x11,x7,x23	  x7:0x00000000 x23:0x4da8beac x11=0x00000001
       25695000	      2568	800017c4	0094d513	srli	x10,x9,0x9	  x9:0x00000001 x10=0x00000000
       25705000	      2569	800017c8	41a657b3	sra	x15,x12,x26	 x12:0xffffffc0 x26:0x00000002 x15=0xfffffff0
       25715000	      2570	800017cc	74ae07b7	lui	x15,0x74ae0	 x15=0x74ae0000
       25725000	      2571	800017d0	00d906b3	add	x13,x18,x13	 x18:0x192d8c97 x13:0x00000000 x13=0x192d8c97
       25735000	      2572	800017d4	b60e8037	lui	x0,0xb60e8	
       25745000	      2573	800017d8	0eccac93	slti	x25,x25,236	 x25:0x00000000 x25=0x00000001
       25755000	      2574	800017dc	03af7c63	bgeu	x30,x26,80001814	 x30:0x80009ee1 x26:0x00000002
       25765000	      2575	00000000	00000013	addi	x0,x0,0	  x0:0x00000000
       25775000	      2576	80001810	00000013	addi	x0,x0,0	  x0:0x00000000
       25785000	      2577	80001814	009ef133	and	x2,x29,x9	 x29:0xfffffd64  x9:0x00000001  x2=0x00000000
       25795000	      2578	80001818	01ff7cb3	and	x25,x30,x31	 x30:0x80009ee1 x31:0x00000000 x25=0x00000000
       25805000	      2579	8000181c	22ca4b13	xori	x22,x20,556	 x20:0xffffffeb x22=0xfffffdc7
       25815000	      2580	80001820	98e70e13	addi	x28,x14,-1650	 x14:0x80000000 x28=0x7ffff98e
       25825000	      2581	80001824	01f3c7b3	xor	x15,x7,x31	  x7:0x00000000 x31:0x00000000 x15=0x00000000
       25835000	      2582	80001828	04527463	bgeu	x4,x5,80001870	  x4:0x80009f28  x5:0xffffffc0
       25845000	      2583	8000182c	048f4263	blt	x30,x8,80001870	 x30:0x80009ee1  x8:0xffffffff
       25855000	      2584	00000000	00000013	addi	x0,x0,0	  x0:0x00000000
       25865000	      2585	8000186c	00000013	addi	x0,x0,0	  x0:0x00000000
       25875000	      2586	80001870	41de0b33	sub	x22,x28,x29	 x28:0x7ffff98e x29:0xfffffd64 x22=0x7ffffc2a
       25885000	      2587	80001874	77046f13	ori	x30,x8,1904	  x8:0xffffffff x30=0xffffffff
       25895000	      2588	80001878	01322f33	slt	x30,x4,x19	  x4:0x80009f28 x19:0x00000000 x30=0x00000001
       25905000	      2589	8000187c	01a41733	sll	x14,x8,x26	  x8:0xffffffff x26:0x00000002 x14=0xfffffffc
       25915000	      2590	80001880	0289cc63	blt	x19,x8,800018b8	 x19:0x00000000  x8:0xffffffff
       25925000	      2591	80001884	d408ff17	auipc	x30,0xd408f	 x30=0x54090880
       25935000	      2592	80001888	40c40e33	sub	x28,x8,x12	  x8:0xffffffff x12:0xffffffc0 x28=0x0000003f
       25945000	      2593	8000188c	f862d137	lui	x2,0xf862d	  x2=0xf862d000
       25955000	      2594	80001890	4a80f097	auipc	x1,0x4a80f	  x1=0xca81088c
       25965000	      2595	80001894	01fa1f93	slli	x31,x20,0x1f	 x20:0xffffffeb x31=0x80000000
       25975000	      2596	80001898	01611eb3	sll	x29,x2,x22	  x2:0xf862d000 x22:0x7ffffc2a x29=0x8b400000
       25985000	      2597	8000189c	348fff93	andi	x31,x31,840	 x31:0x80000000 x31=0x00000000
       25995000	      2598	800018a0	60d4e713	ori	x14,x9,1549	  x9:0x00000001 x14=0x0000060d
       26005000	      2599	800018a4	04d97263	bgeu	x18,x13,800018e8	 x18:0x192d8c97 x13:0x192d8c97
       26015000	      2600	00000000	00000013	addi	x0,x0,0	  x0:0x00000000
       26025000	      2601	800018e4	00000013	addi	x0,x0,0	  x0:0x00000000
       26035000	      2602	800018e8	41b05113	srai	x2,x0,0x1b	  x0:0x00000000  x2=0x00000000
       26045000	      2603	800018ec	00aea7b3	slt	x15,x29,x10	 x29:0x8b400000 x10:0x00000000 x15=0x00000001
       26055000	      2604	800018f0	41c2d193	srai	x3,x5,0x1c	  x5:0xffffffc0  x3=0xffffffff
       26065000	      2605	800018f4	41e25d13	srai	x26,x4,0x1e	  x4:0x80009f28 x26=0xfffffffe
       26075000	      2606	800018f8	0d769a63	bne	x13,x23,800019cc	 x13:0x192d8c97 x23:0x4da8beac
       26085000	      2607	00000000	00000013	addi	x0,x0,0	  x0:0x00000000
       26095000	      2608	800019c8	00000013	addi	x0,x0,0	  x0:0x00000000
       26105000	      2609	800019cc	03a11463	bne	x2,x26,800019f4	  x2:0x00000000 x26:0xfffffffe
       26115000	      2610	00000000	00000013	addi	x0,x0,0	  x0:0x00000000
       26125000	      2611	800019f0	00000013	addi	x0,x0,0	  x0:0x00000000
       26135000	      2612	800019f4	256c8f37	lui	x30,0x256c8	 x30=0x256c8000
       26145000	      2613	800019f8	c7f3cf13	xori	x30,x7,-897	  x7:0x00000000 x30=0xfffffc7f
       26155000	      2614	800019fc	8df3b013	sltiu	x0,x7,-1825	  x7:0x00000000
       26165000	      2615	80001a00	395f9117	auipc	x2,0x395f9	  x2=0xb95fa9fc
       26175000	      2616	80001a04	40d50133	sub	x2,x10,x13	 x10:0x00000000 x13:0x192d8c97  x2=0xe6d27369
       26185000	      2617	80001a08	d569ca93	xori	x21,x19,-682	 x19:0x00000000 x21=0xfffffd56
       26195000	      2618	80001a0c	01477033	and	x0,x14,x20	 x14:0x0000060d x20:0xffffffeb
       26205000	      2619	80001a10	6421a193	slti	x3,x3,1602	  x3:0xffffffff  x3=0x00000001
       26215000	      2620	80001a14	05b55263	bge	x10,x27,80001a58	 x10:0x00000000 x27:0xa36e0000
       26225000	      2621	00000000	00000013	addi	x0,x0,0	  x0:0x00000000
       26235000	      2622	80001a54	00000013	addi	x0,x0,0	  x0:0x00000000
       26245000	      2623	80001a58	013d9093	slli	x1,x27,0x13	 x27:0xa36e0000  x1=0x00000000
       26255000	      2624	80001a5c	4115d5b3	sra	x11,x11,x17	 x11:0x00000001 x17:0x00000064 x11=0x00000000
       26265000	      2625	80001a60	00000013	addi	x0,x0,0	  x0:0x00000000
       26275000	      2626	80001a64	013063b3	or	x7,x0,x19	  x0:0x00000000 x19:0x00000000  x7=0x00000000
       26285000	      2627	80001a68	009711b3	sll	x3,x14,x9	 x14:0x0000060d  x9:0x00000001  x3=0x00000c1a
       26295000	      2628	80001a6c	0f768e63	beq	x13,x23,80001b68	 x13:0x192d8c97 x23:0x4da8beac
       26305000	      2629	80001a70	a4952693	slti	x13,x10,-1463	 x10:0x00000000 x13=0x00000000
       26315000	      2630	80001a74	0db5d863	bge	x11,x27,80001b44	 x11:0x00000000 x27:0xa36e0000
       26325000	      2631	00000000	00000013	addi	x0,x0,0	  x0:0x00000000
       26335000	      2632	80001b40	00000013	addi	x0,x0,0	  x0:0x00000000
       26345000	      2633	80001b44	0152fbb3	and	x23,x5,x21	  x5:0xffffffc0 x21:0xfffffd56 x23=0xfffffd40
       26355000	      2634	80001b48	010978b3	and	x17,x18,x16	 x18:0x192d8c97 x16:0x00000064 x17=0x00000004
       26365000	      2635	80001b4c	00000013	addi	x0,x0,0	  x0:0x00000000
       26375000	      2636	80001b50	05936263	bltu	x6,x25,80001b94	  x6:0x80009fc4 x25:0x00000000
       26385000	      2637	80001b54	d1ff1f37	lui	x30,0xd1ff1	 x30=0xd1ff1000
       26395000	      2638	80001b58	355b6713	ori	x14,x22,853	 x22:0x7ffffc2a x14=0x7fffff7f
       26405000	      2639	80001b5c	03237463	bgeu	x6,x18,80001b84	  x6:0x80009fc4 x18:0x192d8c97
       26415000	      2640	00000000	00000013	addi	x0,x0,0	  x0:0x00000000
       26425000	      2641	80001b80	00000013	addi	x0,x0,0	  x0:0x00000000
       26435000	      2642	80001b84	41250b33	sub	x22,x10,x18	 x10:0x00000000 x18:0x192d8c97 x22=0xe6d27369
       26445000	      2643	80001b88	044f0263	beq	x30,x4,80001bcc	 x30:0xd1ff1000  x4:0x80009f28
       26455000	      2644	80001b8c	2701bb93	sltiu	x23,x3,624	  x3:0x00000c1a x23=0x00000000
       26465000	      2645	80001b90	242f3013	sltiu	x0,x30,578	 x30:0xd1ff1000
       26475000	      2646	80001b94	015f7c33	and	x24,x30,x21	 x30:0xd1ff1000 x21:0xfffffd56 x24=0xd1ff1000
       26485000	      2647	80001b98	0085c733	xor	x14,x11,x8	 x11:0x00000000  x8:0xffffffff x14=0xffffffff
       26495000	      2648	80001b9c	00109993	slli	x19,x1,0x1	  x1:0x00000000 x19=0x00000000
       26505000	      2649	80001ba0	004ff133	and	x2,x31,x4	 x31:0x00000000  x4:0x80009f28  x2=0x00000000
       26515000	      2650	80001ba4	08fbe113	ori	x2,x23,143	 x23:0x00000000  x2=0x0000008f
       26525000	      2651	80001ba8	41275193	srai	x3,x14,0x12	 x14:0xffffffff  x3=0xffffffff
       26535000	      2652	80001bac	41580bb3	sub	x23,x16,x21	 x16:0x00000064 x21:0xfffffd56 x23=0x0000030e
       26545000	      2653	80001bb0	4b7cc093	xori	x1,x25,1207	 x25:0x00000000  x1=0x000004b7
       26555000	      2654	80001bb4	014088b3	add	x17,x1,x20	  x1:0x000004b7 x20:0xffffffeb x17=0x000004a2
       26565000	      2655	80001bb8	b2cc0b37	lui	x22,0xb2cc0	 x22=0xb2cc0000
       26575000	      2656	80001bbc	8ae7b013	sltiu	x0,x15,-1874	 x15:0x00000001
       26585000	      2657	80001bc0	00e9d5b3	srl	x11,x19,x14	 x19:0x00000000 x14:0xffffffff x11=0x00000000
       26595000	      2658	80001bc4	01ca69b3	or	x19,x20,x28	 x20:0xffffffeb x28:0x0000003f x19=0xffffffff
       26605000	      2659	80001bc8	028a4c63	blt	x20,x8,80001c00	 x20:0xffffffeb  x8:0xffffffff
       26615000	      2660	00000000	00000013	addi	x0,x0,0	  x0:0x00000000
       26625000	      2661	80001bfc	00000013	addi	x0,x0,0	  x0:0x00000000
       26635000	      2662	80001c00	0146c263	blt	x13,x20,80001c04	 x13:0x00000000 x20:0xffffffeb
       26645000	      2663	80001c04	03e3f663	bgeu	x7,x30,80001c30	  x7:0x00000000 x30:0xd1ff1000
       26655000	      2664	80001c08	41e751b3	sra	x3,x14,x30	 x14:0xffffffff x30:0xd1ff1000  x3=0xffffffff
       26665000	      2665	80001c0c	d8d426b7	lui	x13,0xd8d42	 x13=0xd8d42000
       26675000	      2666	80001c10	01cf4533	xor	x10,x30,x28	 x30:0xd1ff1000 x28:0x0000003f x10=0xd1ff103f
       26685000	      2667	80001c14	015fcfb3	xor	x31,x31,x21	 x31:0x00000000 x21:0xfffffd56 x31=0xfffffd56
       26695000	      2668	80001c18	00e65c63	bge	x12,x14,80001c30	 x12:0xffffffc0 x14:0xffffffff
       26705000	      2669	80001c1c	e4e01837	lui	x16,0xe4e01	 x16=0xe4e01000
       26715000	      2670	80001c20	5bbf4013	xori	x0,x30,1467	 x30:0xd1ff1000
       26725000	      2671	80001c24	012a9533	sll	x10,x21,x18	 x21:0xfffffd56 x18:0x192d8c97 x10=0xab000000
       26735000	      2672	80001c28	baf2f013	andi	x0,x5,-1105	  x5:0xffffffc0
       26745000	      2673	80001c2c	001d5e33	srl	x28,x26,x1	 x26:0xfffffffe  x1:0x000004b7 x28=0x000001ff
       26755000	      2674	80001c30	02d95a63	bge	x18,x13,80001c64	 x18:0x192d8c97 x13:0xd8d42000
       26765000	      2675	00000000	00000013	addi	x0,x0,0	  x0:0x00000000
       26775000	      2676	80001c60	00000013	addi	x0,x0,0	  x0:0x00000000
       26785000	      2677	80001c64	000fbb33	sltu	x22,x31,x0	 x31:0xfffffd56  x0:0x00000000 x22=0x00000000
       26795000	      2678	80001c68	01899b13	slli	x22,x19,0x18	 x19:0xffffffff x22=0xff000000
       26805000	      2679	80001c6c	01a3b7b3	sltu	x15,x7,x26	  x7:0x00000000 x26:0xfffffffe x15=0x00000001
       26815000	      2680	80001c70	65490db7	lui	x27,0x65490	 x27=0x65490000
       26825000	      2681	80001c74	c9ba2d13	slti	x26,x20,-869	 x20:0xffffffeb x26=0x00000000
       26835000	      2682	80001c78	eb870113	addi	x2,x14,-328	 x14:0xffffffff  x2=0xfffffeb7
       26845000	      2683	80001c7c	ad9aad13	slti	x26,x21,-1319	 x21:0xfffffd56 x26=0x00000000
       26855000	      2684	80001c80	9b141a97	auipc	x21,0x9b141	 x21=0x1b142c7c
       26865000	      2685	80001c84	00f35713	srli	x14,x6,0xf	  x6:0x80009fc4 x14=0x00010001
       26875000	      2686	80001c88	011ce2b3	or	x5,x25,x17	 x25:0x00000000 x17:0x000004a2  x5=0x000004a2
       26885000	      2687	80001c8c	01cf7c63	bgeu	x30,x28,80001ca4	 x30:0xd1ff1000 x28:0x000001ff
       26895000	      2688	00000000	00000013	addi	x0,x0,0	  x0:0x00000000
       26905000	      2689	80001ca0	00000013	addi	x0,x0,0	  x0:0x00000000
       26915000	      2690	80001ca4	35c92613	slti	x12,x18,860	 x18:0x192d8c97 x12=0x00000000
       26925000	      2691	80001ca8	406b8d33	sub	x26,x23,x6	 x23:0x0000030e  x6:0x80009fc4 x26=0x7fff634a
       26935000	      2692	80001cac	b65ae993	ori	x19,x21,-1179	 x21:0x1b142c7c x19=0xffffff7d
       26945000	      2693	80001cb0	01e55413	srli	x8,x10,0x1e	 x10:0xab000000  x8=0x00000002
       26955000	      2694	80001cb4	01bcbcb3	sltu	x25,x25,x27	 x25:0x00000000 x27:0x65490000 x25=0x00000001
       26965000	      2695	80001cb8	40d250b3	sra	x1,x4,x13	  x4:0x80009f28 x13:0xd8d42000  x1=0x80009f28
       26975000	      2696	80001cbc	00a99293	slli	x5,x19,0xa	 x19:0xffffff7d  x5=0xfffdf400
       26985000	      2697	80001cc0	01b5a1b3	slt	x3,x11,x27	 x11:0x00000000 x27:0x65490000  x3=0x00000001
       26995000	      2698	80001cc4	03b39063	bne	x7,x27,80001ce4	  x7:0x00000000 x27:0x65490000
       27005000	      2699	00000000	00000013	addi	x0,x0,0	  x0:0x00000000
       27015000	      2700	80001ce0	00000013	addi	x0,x0,0	  x0:0x00000000
       27025000	      2701	80001ce4	01d1d493	srli	x9,x3,0x1d	  x3:0x00000001  x9=0x00000000
       27035000	      2702	80001ce8	01f98433	add	x8,x19,x31	 x19:0xffffff7d x31:0xfffffd56  x8=0xfffffcd3
       27045000	      2703	80001cec	049e5463	bge	x28,x9,80001d34	 x28:0x000001ff  x9:0x00000000
       27055000	      2704	00000000	00000013	addi	x0,x0,0	  x0:0x00000000
       27065000	      2705	80001d30	00000013	addi	x0,x0,0	  x0:0x00000000
       27075000	      2706	80001d34	416c02b3	sub	x5,x24,x22	 x24:0xd1ff1000 x22:0xff000000  x5=0xd2ff1000
       27085000	      2707	80001d38	01511713	slli	x14,x2,0x15	  x2:0xfffffeb7 x14=0xd6e00000
       27095000	      2708	80001d3c	01e37663	bgeu	x6,x30,80001d48	  x6:0x80009fc4 x30:0xd1ff1000
       27105000	      2709	80001d40	60edb113	sltiu	x2,x27,1550	 x27:0x65490000  x2=0x00000000
       27115000	      2710	80001d44	8fe16993	ori	x19,x2,-1794	  x2:0x00000000 x19=0xfffff8fe
       27125000	      2711	80001d48	05c08063	beq	x1,x28,80001d88	  x1:0x80009f28 x28:0x000001ff
       27135000	      2712	80001d4c	300d4d93	xori	x27,x26,768	 x26:0x7fff634a x27=0x7fff604a
       27145000	      2713	80001d50	0187d833	srl	x16,x15,x24	 x15:0x00000001 x24:0xd1ff1000 x16=0x00000001
       27155000	      2714	80001d54	01d2d1b3	srl	x3,x5,x29	  x5:0xd2ff1000 x29:0x8b400000  x3=0xd2ff1000
       27165000	      2715	80001d58	01cd66b3	or	x13,x26,x28	 x26:0x7fff634a x28:0x000001ff x13=0x7fff63ff
       27175000	      2716	80001d5c	0049cd33	xor	x26,x19,x4	 x19:0xfffff8fe  x4:0x80009f28 x26=0x7fff67d6
       27185000	      2717	80001d60	01881c93	slli	x25,x16,0x18	 x16:0x00000001 x25=0x01000000
       27195000	      2718	80001d64	40295293	srai	x5,x18,0x2	 x18:0x192d8c97  x5=0x064b6325
       27205000	      2719	80001d68	01a04c63	blt	x0,x26,80001d80	  x0:0x00000000 x26:0x7fff67d6
       27215000	      2720	00000000	00000013	addi	x0,x0,0	  x0:0x00000000
       27225000	      2721	80001d7c	00000013	addi	x0,x0,0	  x0:0x00000000
       27235000	      2722	80001d80	3ce94813	xori	x16,x18,974	 x18:0x192d8c97 x16=0x192d8f59
       27245000	      2723	80001d84	02866463	bltu	x12,x8,80001dac	 x12:0x00000000  x8:0xfffffcd3
       27255000	      2724	00000000	00000013	addi	x0,x0,0	  x0:0x00000000
       27265000	      2725	80001da8	00000013	addi	x0,x0,0	  x0:0x00000000
       27275000	      2726	80001dac	907a0093	addi	x1,x20,-1785	 x20:0xffffffeb  x1=0xfffff8f2
       27285000	      2727	80001db0	3059ee93	ori	x29,x19,773	 x19:0xfffff8fe x29=0xfffffbff
       27295000	      2728	80001db4	3e556093	ori	x1,x10,997	 x10:0xab000000  x1=0xab0003e5
       27305000	      2729	80001db8	3aee4513	xori	x10,x28,942	 x28:0x000001ff x10=0x00000251
       27315000	      2730	80001dbc	00ea9733	sll	x14,x21,x14	 x21:0x1b142c7c x14:0xd6e00000 x14=0x1b142c7c
       27325000	      2731	80001dc0	4059de33	sra	x28,x19,x5	 x19:0xfffff8fe  x5:0x064b6325 x28=0xffffffc7
       27335000	      2732	80001dc4	00711b13	slli	x22,x2,0x7	  x2:0x00000000 x22=0x00000000
       27345000	      2733	80001dc8	6c06e0b7	lui	x1,0x6c06e	  x1=0x6c06e000
       27355000	      2734	80001dcc	37aba697	auipc	x13,0x37aba	 x13=0xb7abbdc8
       27365000	      2735	80001dd0	01269533	sll	x10,x13,x18	 x13:0xb7abbdc8 x18:0x192d8c97 x10=0xe4000000
       27375000	      2736	80001dd4	a713ef13	ori	x30,x7,-1423	  x7:0x00000000 x30=0xfffffa71
       27385000	      2737	80001dd8	7b261017	auipc	x0,0x7b261	
       27395000	      2738	80001ddc	01d7a4b3	slt	x9,x15,x29	 x15:0x00000001 x29:0xfffffbff  x9=0x00000000
       27405000	      2739	80001de0	008ada13	srli	x20,x21,0x8	 x21:0x1b142c7c x20=0x001b142c
       27415000	      2740	80001de4	e0af7b13	andi	x22,x30,-502	 x30:0xfffffa71 x22=0xfffffa00
       27425000	      2741	80001de8	01ee4c33	xor	x24,x28,x30	 x28:0xffffffc7 x30:0xfffffa71 x24=0x000005b6
       27435000	      2742	80001dec	01d4ec33	or	x24,x9,x29	  x9:0x00000000 x29:0xfffffbff x24=0xfffffbff
       27445000	      2743	80001df0	7356c137	lui	x2,0x7356c	  x2=0x7356c000
       27455000	      2744	80001df4	6800fd13	andi	x26,x1,1664	  x1:0x6c06e000 x26=0x00000000
       27465000	      2745	80001df8	40e55a13	srai	x20,x10,0xe	 x10:0xe4000000 x20=0xffff9000
       27475000	      2746	80001dfc	03939c63	bne	x7,x25,80001e34	  x7:0x00000000 x25:0x01000000
       27485000	      2747	00000000	00000013	addi	x0,x0,0	  x0:0x00000000
       27495000	      2748	80001e30	00000013	addi	x0,x0,0	  x0:0x00000000
       27505000	      2749	80001e34	00519c33	sll	x24,x3,x5	  x3:0xd2ff1000  x5:0x064b6325 x24=0x5fe20000
       27515000	      2750	80001e38	007627b3	slt	x15,x12,x7	 x12:0x00000000  x7:0x00000000 x15=0x00000000
       27525000	      2751	80001e3c	00fcdf33	srl	x30,x25,x15	 x25:0x01000000 x15:0x00000000 x30=0x01000000
       27535000	      2752	80001e40	03f2f393	andi	x7,x5,63	  x5:0x064b6325  x7=0x00000025
       27545000	      2753	80001e44	00422a03	lw	x20,4(x4)	  x4:0x80009f28 x20=0x80001e8c PA:0x80009f2c
       27555000	      2754	80001e48	03820213	addi	x4,x4,56	  x4:0x80009f28  x4=0x80009f60
       27565000	      2755	80001e4c	771ebf97	auipc	x31,0x771eb	 x31=0xf71ece48
       27575000	      2756	80001e50	000a0893	addi	x17,x20,0	 x20:0x80001e8c x17=0x80001e8c
       27585000	      2757	80001e54	000888e7	jalr	x17,x17,0	 x17:0x80001e8c x17=0x80001e54
       27595000	      2758	00000000	00000013	addi	x0,x0,0	  x0:0x00000000
       27605000	      2759	80001e8c	00000013	addi	x0,x0,0	  x0:0x00000000
       27615000	      2760	80001e90	01c321b3	slt	x3,x6,x28	  x6:0x80009fc4 x28:0xffffffc7  x3=0x00000001
       27625000	      2761	80001e94	00d2eeb3	or	x29,x5,x13	  x5:0x064b6325 x13:0xb7abbdc8 x29=0xb7ebffed
       27635000	      2762	80001e98	00a5da33	srl	x20,x11,x10	 x11:0x00000000 x10:0xe4000000 x20=0x00000000
       27645000	      2763	80001e9c	c8263093	sltiu	x1,x12,-894	 x12:0x00000000  x1=0x00000001
       27655000	      2764	80001ea0	01c0e6b3	or	x13,x1,x28	  x1:0x00000001 x28:0xffffffc7 x13=0xffffffc7
       27665000	      2765	80001ea4	99cffa6f	jal	x20,80001ea4	 x20=0x80001ea4
       27675000	      2766	00000000	00000013	addi	x0,x0,0	  x0:0x00000000
       27685000	      2767	8000103c	00000013	addi	x0,x0,0	  x0:0x00000000
       27695000	      2768	80001040	fc820213	addi	x4,x4,-56	  x4:0x80009f60  x4=0x80009f28
       27705000	      2769	80001044	0076d433	srl	x8,x13,x7	 x13:0xffffffc7  x7:0x00000025  x8=0x07fffffe
       27715000	      2770	80001048	01422223	sw	x20,4(x4)	  x4:0x80009f28 x20:0x80001ea4 PA:0x80009f2c
       27725000	      2771	8000104c	4c2dee97	auipc	x29,0x4c2de	 x29=0xcc2df048
       27735000	      2772	80001050	00000013	addi	x0,x0,0	  x0:0x00000000
       27745000	      2773	80001054	00000013	addi	x0,x0,0	  x0:0x00000000
       27755000	      2774	80001058	01710033	add	x0,x2,x23	  x2:0x7356c000 x23:0x0000030e
       27765000	      2775	8000105c	00da5cb3	srl	x25,x20,x13	 x20:0x80001ea4 x13:0xffffffc7 x25=0x0100003d
       27775000	      2776	80001060	010983b3	add	x7,x19,x16	 x19:0xfffff8fe x16:0x192d8f59  x7=0x192d8857
       27785000	      2777	80001064	01549993	slli	x19,x9,0x15	  x9:0x00000000 x19=0x00000000
       27795000	      2778	80001068	01d1a133	slt	x2,x3,x29	  x3:0x00000001 x29:0xcc2df048  x2=0x00000000
       27805000	      2779	8000106c	00007297	auipc	x5,0x7	  x5=0x80008068
       27815000	      2780	80001070	66328293	addi	x5,x5,1635	  x5:0x80008068  x5=0x800086cb
       27825000	      2781	80001074	00007517	auipc	x10,0x7	 x10=0x80008070
       27835000	      2782	80001078	4e750513	addi	x10,x10,1255	 x10:0x80008070 x10=0x80008557
       27845000	      2783	8000107c	00007617	auipc	x12,0x7	 x12=0x80008078
       27855000	      2784	80001080	23060613	addi	x12,x12,560	 x12:0x80008078 x12=0x800082a8
       27865000	      2785	80001084	ff228e03	lb	x28,-14(x5)	  x5:0x800086cb x28=0x00000000 PA:0x800086bd
       27875000	      2786	80001088	00007697	auipc	x13,0x7	 x13=0x80008084
       27885000	      2787	8000108c	50268693	addi	x13,x13,1282	 x13:0x80008084 x13=0x80008586
       27895000	      2788	80001090	26862a23	sw	x8,628(x12)	 x12:0x800082a8  x8:0x07fffffe PA:0x8000851c
       27905000	      2789	80001094	01c683a3	sb	x28,7(x13)	 x13:0x80008586 x28:0x00000000 PA:0x8000858d
       27915000	      2790	80001098	3d361423	sh	x19,968(x12)	 x12:0x800082a8 x19:0x00000000 PA:0x80008670
       27925000	      2791	8000109c	ff028d23	sb	x16,-6(x5)	  x5:0x800086cb x16:0x192d8f59 PA:0x800086c5
       27935000	      2792	800010a0	f7264b03	lbu	x22,-142(x12)	 x12:0x800082a8 x22=0x00000000 PA:0x8000821a
       27945000	      2793	800010a4	c5f50723	sb	x31,-946(x10)	 x10:0x80008557 x31:0xf71ece48 PA:0x800081a5
       27955000	      2794	800010a8	01768023	sb	x23,0(x13)	 x13:0x80008586 x23:0x0000030e PA:0x80008586
       27965000	      2795	800010ac	00928383	lb	x7,9(x5)	  x5:0x800086cb  x7=0x00000000 PA:0x800086d4
       27975000	      2796	800010b0	3f264b03	lbu	x22,1010(x12)	 x12:0x800082a8 x22=0x00000000 PA:0x8000869a
       27985000	      2797	800010b4	00f29e83	lh	x29,15(x5)	  x5:0x800086cb x29=0x00000000 PA:0x800086da
       27995000	      2798	800010b8	0102c883	lbu	x17,16(x5)	  x5:0x800086cb x17=0x00000000 PA:0x800086db
       28005000	      2799	800010bc	f0f51d83	lh	x27,-241(x10)	 x10:0x80008557 x27=0x00000000 PA:0x80008466
       28015000	      2800	800010c0	ff36ca83	lbu	x21,-13(x13)	 x13:0x80008586 x21=0x00000000 PA:0x80008579
       28025000	      2801	800010c4	f8e54c83	lbu	x25,-114(x10)	 x10:0x80008557 x25=0x00000000 PA:0x800084e5
       28035000	      2802	800010c8	00d68a03	lb	x20,13(x13)	 x13:0x80008586 x20=0x00000000 PA:0x80008593
       28045000	      2803	800010cc	17850d03	lb	x26,376(x10)	 x10:0x80008557 x26=0x00000000 PA:0x800086cf
       28055000	      2804	800010d0	ff368803	lb	x16,-13(x13)	 x13:0x80008586 x16=0x00000000 PA:0x80008579
       28065000	      2805	800010d4	00c2ca03	lbu	x20,12(x5)	  x5:0x800086cb x20=0x00000000 PA:0x800086d7
       28075000	      2806	800010d8	242602a3	sb	x2,581(x12)	 x12:0x800082a8  x2:0x00000000 PA:0x800084ed
       28085000	      2807	800010dc	2ba54083	lbu	x1,698(x10)	 x10:0x80008557  x1=0x00000000 PA:0x80008811
       28095000	      2808	800010e0	00728483	lb	x9,7(x5)	  x5:0x800086cb  x9=0x00000000 PA:0x800086d2
       28105000	      2809	800010e4	f7d64783	lbu	x15,-131(x12)	 x12:0x800082a8 x15=0x00000000 PA:0x80008225
       28115000	      2810	800010e8	0ac62b83	lw	x23,172(x12)	 x12:0x800082a8 x23=0x00000000 PA:0x80008354
       28125000	      2811	800010ec	fe168823	sb	x1,-16(x13)	 x13:0x80008586  x1:0x00000000 PA:0x80008576
       28135000	      2812	800010f0	00f6c103	lbu	x2,15(x13)	 x13:0x80008586  x2=0x00000000 PA:0x80008595
       28145000	      2813	800010f4	3e764183	lbu	x3,999(x12)	 x12:0x800082a8  x3=0x00000000 PA:0x8000868f
       28155000	      2814	800010f8	ff12de83	lhu	x29,-15(x5)	  x5:0x800086cb x29=0x00000000 PA:0x800086bc
       28165000	      2815	800010fc	fcf55083	lhu	x1,-49(x10)	 x10:0x80008557  x1=0x00000000 PA:0x80008526
       28175000	      2816	80001100	00007497	auipc	x9,0x7	  x9=0x800080fc
       28185000	      2817	80001104	2b648493	addi	x9,x9,694	  x9:0x800080fc  x9=0x800083b2
       28195000	      2818	80001108	00007a97	auipc	x21,0x7	 x21=0x80008104
       28205000	      2819	8000110c	5baa8a93	addi	x21,x21,1466	 x21:0x80008104 x21=0x800086be
       28215000	      2820	80001110	00007c17	auipc	x24,0x7	 x24=0x8000810c
       28225000	      2821	80001114	212c0c13	addi	x24,x24,530	 x24:0x8000810c x24=0x8000831e
       28235000	      2822	80001118	ca1a8a23	sb	x1,-844(x21)	 x21:0x800086be  x1:0x00000000 PA:0x80008372
       28245000	      2823	8000111c	00007d97	auipc	x27,0x7	 x27=0x80008118
       28255000	      2824	80001120	33cd8d93	addi	x27,x27,828	 x27:0x80008118 x27=0x80008454
       28265000	      2825	80001124	3d2c0b23	sb	x18,982(x24)	 x24:0x8000831e x18:0x192d8c97 PA:0x800086f4
       28275000	      2826	80001128	00007897	auipc	x17,0x7	 x17=0x80008124
       28285000	      2827	8000112c	46d88893	addi	x17,x17,1133	 x17:0x80008124 x17=0x80008591
       28295000	      2828	80001130	02488083	lb	x1,36(x17)	 x17:0x80008591  x1=0x00000000 PA:0x800085b5
       28305000	      2829	80001134	fc6a8b03	lb	x22,-58(x21)	 x21:0x800086be x22=0x00000000 PA:0x80008684
       28315000	      2830	80001138	0b0c4283	lbu	x5,176(x24)	 x24:0x8000831e  x5=0x00000000 PA:0x800083ce
       28325000	      2831	8000113c	fdc88f23	sb	x28,-34(x17)	 x17:0x80008591 x28:0x00000000 PA:0x8000856f
       28335000	      2832	80001140	df0ad383	lhu	x7,-528(x21)	 x21:0x800086be  x7=0x00000000 PA:0x800084ae
       28345000	      2833	80001144	ffe4a183	lw	x3,-2(x9)	  x9:0x800083b2  x3=0x00000000 PA:0x800083b0
       28355000	      2834	80001148	fdcd9803	lh	x16,-36(x27)	 x27:0x80008454 x16=0x00000000 PA:0x80008430
       28365000	      2835	8000114c	fa0a9b83	lh	x23,-96(x21)	 x21:0x800086be x23=0x00000000 PA:0x8000865e
       28375000	      2836	00000000	00000013	addi	x0,x0,0	  x0:0x00000000
       28385000	      2837	80001150	fd789b83	lh	x23,-41(x17)	 x17:0x80008591 x23=0x00000000 PA:0x80008568
       28395000	      2838	80001154	fddd8da3	sb	x29,-37(x27)	 x27:0x80008454 x29:0x00000000 PA:0x8000842f
       28405000	      2839	80001158	fc38a583	lw	x11,-61(x17)	 x17:0x80008591 x11=0x00000000 PA:0x80008554
       28415000	      2840	8000115c	00749823	sh	x7,16(x9)	  x9:0x800083b2  x7:0x00000000 PA:0x800083c2
       28425000	      2841	80001160	4acc0823	sb	x12,1200(x24)	 x24:0x8000831e x12:0x800082a8 PA:0x800087ce
       28435000	      2842	80001164	ff5d9123	sh	x21,-30(x27)	 x27:0x80008454 x21:0x800086be PA:0x80008436
       28445000	      2843	80001168	e18aaf23	sw	x24,-482(x21)	 x21:0x800086be x24:0x8000831e PA:0x800084dc
       28455000	      2844	8000116c	182c2c83	lw	x25,386(x24)	 x24:0x8000831e x25=0x00000000 PA:0x800084a0
       28465000	      2845	80001170	00148423	sb	x1,8(x9)	  x9:0x800083b2  x1:0x00000000 PA:0x800083ba
       28475000	      2846	80001174	ff4d8723	sb	x20,-18(x27)	 x27:0x80008454 x20:0x00000000 PA:0x80008442
       28485000	      2847	80001178	d73aa523	sw	x19,-662(x21)	 x21:0x800086be x19:0x00000000 PA:0x80008428
       28495000	      2848	8000117c	036898a3	sh	x22,49(x17)	 x17:0x80008591 x22:0x00000000 PA:0x800085c2
       28505000	      2849	80001180	f93a8e03	lb	x28,-109(x21)	 x21:0x800086be x28=0x00000000 PA:0x80008651
       28515000	      2850	00000000	00000013	addi	x0,x0,0	  x0:0x00000000
       28525000	      2851	80001184	ffc48983	lb	x19,-4(x9)	  x9:0x800083b2 x19=0x00000000 PA:0x800083ae
       28535000	      2852	80001188	fe1d82a3	sb	x1,-27(x27)	 x27:0x80008454  x1:0x00000000 PA:0x80008439
       28545000	      2853	8000118c	bc1a8d23	sb	x1,-1062(x21)	 x21:0x800086be  x1:0x00000000 PA:0x80008298
       28555000	      2854	80001190	d59c4803	lbu	x16,-679(x24)	 x24:0x8000831e x16=0x00000000 PA:0x80008077
       28565000	      2855	80001194	003d89a3	sb	x3,19(x27)	 x27:0x80008454  x3:0x00000000 PA:0x80008467
       28575000	      2856	80001198	ff9890a3	sh	x25,-31(x17)	 x17:0x80008591 x25:0x00000000 PA:0x80008572
       28585000	      2857	8000119c	013487a3	sb	x19,15(x9)	  x9:0x800083b2 x19:0x00000000 PA:0x800083c1
       28595000	      2858	800011a0	fc288023	sb	x2,-64(x17)	 x17:0x80008591  x2:0x00000000 PA:0x80008551
       28605000	      2859	800011a4	33ac1b03	lh	x22,826(x24)	 x24:0x8000831e x22=0x00000000 PA:0x80008658
       28615000	      2860	800011a8	f1aa8423	sb	x26,-248(x21)	 x21:0x800086be x26:0x00000000 PA:0x800085c6
       28625000	      2861	800011ac	01e49523	sh	x30,10(x9)	  x9:0x800083b2 x30:0x01000000 PA:0x800083bc
       28635000	      2862	800011b0	01b8df83	lhu	x31,27(x17)	 x17:0x80008591 x31=0x00000000 PA:0x800085ac
       28645000	      2863	800011b4	00007117	auipc	x2,0x7	  x2=0x800081b0
       28655000	      2864	800011b8	51710113	addi	x2,x2,1303	  x2:0x800081b0  x2=0x800086c7
       28665000	      2865	800011bc	fcc10c23	sb	x12,-40(x2)	  x2:0x800086c7 x12:0x800082a8 PA:0x8000869f
       28675000	      2866	800011c0	fc710c23	sb	x7,-40(x2)	  x2:0x800086c7  x7:0x00000000 PA:0x8000869f
       28685000	      2867	800011c4	fec10703	lb	x14,-20(x2)	  x2:0x800086c7 x14=0x00000000 PA:0x800086b3
       28695000	      2868	800011c8	fec14c03	lbu	x24,-20(x2)	  x2:0x800086c7 x24=0x00000000 PA:0x800086b3
       28705000	      2869	800011cc	fec10c03	lb	x24,-20(x2)	  x2:0x800086c7 x24=0x00000000 PA:0x800086b3
       28715000	      2870	800011d0	fec14a03	lbu	x20,-20(x2)	  x2:0x800086c7 x20=0x00000000 PA:0x800086b3
       28725000	      2871	800011d4	ffa10623	sb	x26,-20(x2)	  x2:0x800086c7 x26:0x00000000 PA:0x800086b3
       28735000	      2872	800011d8	fec14683	lbu	x13,-20(x2)	  x2:0x800086c7 x13=0x00000000 PA:0x800086b3
       28745000	      2873	800011dc	fec10883	lb	x17,-20(x2)	  x2:0x800086c7 x17=0x00000000 PA:0x800086b3
       28755000	      2874	800011e0	fec14703	lbu	x14,-20(x2)	  x2:0x800086c7 x14=0x00000000 PA:0x800086b3
       28765000	      2875	800011e4	4110d013	srai	x0,x1,0x11	  x1:0x00000000
       28775000	      2876	800011e8	fec14a83	lbu	x21,-20(x2)	  x2:0x800086c7 x21=0x00000000 PA:0x800086b3
       28785000	      2877	800011ec	fec14503	lbu	x10,-20(x2)	  x2:0x800086c7 x10=0x00000000 PA:0x800086b3
       28795000	      2878	800011f0	ff410623	sb	x20,-20(x2)	  x2:0x800086c7 x20:0x00000000 PA:0x800086b3
       28805000	      2879	800011f4	fec14803	lbu	x16,-20(x2)	  x2:0x800086c7 x16=0x00000000 PA:0x800086b3
       28815000	      2880	800011f8	fc412ea3	sw	x4,-35(x2)	  x2:0x800086c7  x4:0x80009f28 PA:0x800086a4
       28825000	      2881	800011fc	fdd15403	lhu	x8,-35(x2)	  x2:0x800086c7  x8=0x00009f28 PA:0x800086a4
       28835000	      2882	00000000	00000013	addi	x0,x0,0	  x0:0x00000000
       28845000	      2883	80001200	fc810ea3	sb	x8,-35(x2)	  x2:0x800086c7  x8:0x00009f28 PA:0x800086a4
       28855000	      2884	80001204	fdd15d03	lhu	x26,-35(x2)	  x2:0x800086c7 x26=0x00009f28 PA:0x800086a4
       28865000	      2885	80001208	03c10b83	lb	x23,60(x2)	  x2:0x800086c7 x23=0x00000000 PA:0x80008703
       28875000	      2886	8000120c	03110e23	sb	x17,60(x2)	  x2:0x800086c7 x17:0x00000000 PA:0x80008703
       28885000	      2887	80001210	00008117	auipc	x2,0x8	  x2=0x8000920c
       28895000	      2888	80001214	dd010113	addi	x2,x2,-560	  x2:0x8000920c  x2=0x80008fdc
       28905000	      2889	80001218	fbe10f03	lb	x30,-66(x2)	  x2:0x80008fdc x30=0xffffffc4 PA:0x80008f9a
       28915000	      2890	00000000	00000013	addi	x0,x0,0	  x0:0x00000000
       28925000	      2891	8000121c	fbe10403	lb	x8,-66(x2)	  x2:0x80008fdc  x8=0xffffffc4 PA:0x80008f9a
       28935000	      2892	80001220	fbe15483	lhu	x9,-66(x2)	  x2:0x80008fdc  x9=0x00009fc4 PA:0x80008f9a
       28945000	      2893	80001224	fa611f23	sh	x6,-66(x2)	  x2:0x80008fdc  x6:0x80009fc4 PA:0x80008f9a
       28955000	      2894	80001228	40bade93	srai	x29,x21,0xb	 x21:0x00000000 x29=0x00000000
       28965000	      2895	8000122c	ff914003	lbu	x0,-7(x2)	  x2:0x80008fdc PA:0x80008fd5
       28975000	      2896	80001230	ff914d03	lbu	x26,-7(x2)	  x2:0x80008fdc x26=0x00000000 PA:0x80008fd5
       28985000	      2897	80001234	07ea3b17	auipc	x22,0x7ea3	 x22=0x87ea4230
       28995000	      2898	80001238	ff910ca3	sb	x25,-7(x2)	  x2:0x80008fdc x25:0x00000000 PA:0x80008fd5
       29005000	      2899	8000123c	f7f14083	lbu	x1,-129(x2)	  x2:0x80008fdc  x1=0x00000000 PA:0x80008f5b
       29015000	      2900	80001240	fa0108a3	sb	x0,-79(x2)	  x2:0x80008fdc  x0:0x00000000 PA:0x80008f8d
       29025000	      2901	80001244	000126b3	slt	x13,x2,x0	  x2:0x80008fdc  x0:0x00000000 x13=0x00000001
       29035000	      2902	80001248	f8250393	addi	x7,x10,-126	 x10:0x00000000  x7=0xffffff82
       29045000	      2903	8000124c	40cc5c93	srai	x25,x24,0xc	 x24:0x00000000 x25=0x00000000
       29055000	      2904	80001250	008026b3	slt	x13,x0,x8	  x0:0x00000000  x8:0xffffffc4 x13=0x00000000
       29065000	      2905	80001254	011ef7b3	and	x15,x29,x17	 x29:0x00000000 x17:0x00000000 x15=0x00000000
       29075000	      2906	80001258	f7611923	sh	x22,-142(x2)	  x2:0x80008fdc x22:0x87ea4230 PA:0x80008f4e
       29085000	      2907	8000125c	00007117	auipc	x2,0x7	  x2=0x80008258
       29095000	      2908	80001260	f4010113	addi	x2,x2,-192	  x2:0x80008258  x2=0x80008198
       29105000	      2909	80001264	f3d104a3	sb	x29,-215(x2)	  x2:0x80008198 x29:0x00000000 PA:0x800080c1
       29115000	      2910	80001268	f5d14383	lbu	x7,-163(x2)	  x2:0x80008198  x7=0x00000000 PA:0x800080f5
       29125000	      2911	8000126c	00000013	addi	x0,x0,0	  x0:0x00000000
       29135000	      2912	80001270	feb14b83	lbu	x23,-21(x2)	  x2:0x80008198 x23=0x00000000 PA:0x80008183
       29145000	      2913	80001274	408d5fb3	sra	x31,x26,x8	 x26:0x00000000  x8:0xffffffc4 x31=0x00000000
       29155000	      2914	80001278	f1710803	lb	x16,-233(x2)	  x2:0x80008198 x16=0x00000000 PA:0x800080af
       29165000	      2915	8000127c	f6114583	lbu	x11,-159(x2)	  x2:0x80008198 x11=0x00000000 PA:0x800080f9
       29175000	      2916	80001280	f7415b83	lhu	x23,-140(x2)	  x2:0x80008198 x23=0x00000000 PA:0x8000810c
       29185000	      2917	80001284	bbca8b93	addi	x23,x21,-1092	 x21:0x00000000 x23=0xfffffbbc
       29195000	      2918	80001288	08314503	lbu	x10,131(x2)	  x2:0x80008198 x10=0x00000000 PA:0x8000821b
       29205000	      2919	8000128c	05b10f83	lb	x31,91(x2)	  x2:0x80008198 x31=0x00000000 PA:0x800081f3
       29215000	      2920	80001290	00000013	addi	x0,x0,0	  x0:0x00000000
       29225000	      2921	80001294	0c49f793	andi	x15,x19,196	 x19:0x00000000 x15=0x00000000
       29235000	      2922	80001298	00d7adb3	slt	x27,x15,x13	 x15:0x00000000 x13:0x00000000 x27=0x00000000
       29245000	      2923	8000129c	017820b3	slt	x1,x16,x23	 x16:0x00000000 x23:0xfffffbbc  x1=0x00000000
       29255000	      2924	800012a0	003ad6b3	srl	x13,x21,x3	 x21:0x00000000  x3:0x00000000 x13=0x00000000
       29265000	      2925	800012a4	0ee10523	sb	x14,234(x2)	  x2:0x80008198 x14:0x00000000 PA:0x80008282
       29275000	      2926	800012a8	f4210183	lb	x3,-190(x2)	  x2:0x80008198  x3=0x00000000 PA:0x800080da
       29285000	      2927	800012ac	fde10ca3	sb	x30,-39(x2)	  x2:0x80008198 x30:0xffffffc4 PA:0x80008171
       29295000	      2928	800012b0	fa310983	lb	x19,-93(x2)	  x2:0x80008198 x19=0x00000000 PA:0x8000813b
       29305000	      2929	800012b4	005106a3	sb	x5,13(x2)	  x2:0x80008198  x5:0x00000000 PA:0x800081a5
       29315000	      2930	800012b8	00e6f6b3	and	x13,x13,x14	 x13:0x00000000 x14:0x00000000 x13=0x00000000
       29325000	      2931	800012bc	01358633	add	x12,x11,x19	 x11:0x00000000 x19:0x00000000 x12=0x00000000
       29335000	      2932	800012c0	fb810523	sb	x24,-86(x2)	  x2:0x80008198 x24:0x00000000 PA:0x80008142
       29345000	      2933	800012c4	02812423	sw	x8,40(x2)	  x2:0x80008198  x8:0xffffffc4 PA:0x800081c0
       29355000	      2934	800012c8	86980893	addi	x17,x16,-1943	 x16:0x00000000 x17=0xfffff869
       29365000	      2935	800012cc	00ee1f93	slli	x31,x28,0xe	 x28:0x00000000 x31=0x00000000
       29375000	      2936	800012d0	07010823	sb	x16,112(x2)	  x2:0x80008198 x16:0x00000000 PA:0x80008208
       29385000	      2937	800012d4	fd610503	lb	x10,-42(x2)	  x2:0x80008198 x10=0x00000000 PA:0x8000816e
       29395000	      2938	800012d8	c62c2f93	slti	x31,x24,-926	 x24:0x00000000 x31=0x00000000
       29405000	      2939	800012dc	02815183	lhu	x3,40(x2)	  x2:0x80008198  x3=0x0000ffc4 PA:0x800081c0
       29415000	      2940	800012e0	ff415b83	lhu	x23,-12(x2)	  x2:0x80008198 x23=0x00008c97 PA:0x8000818c
       29425000	      2941	800012e4	f8311523	sh	x3,-118(x2)	  x2:0x80008198  x3:0x0000ffc4 PA:0x80008122
       29435000	      2942	800012e8	fd210d23	sb	x18,-38(x2)	  x2:0x80008198 x18:0x192d8c97 PA:0x80008172
       29445000	      2943	800012ec	0d911d23	sh	x25,218(x2)	  x2:0x80008198 x25:0x00000000 PA:0x80008272
       29455000	      2944	800012f0	fa86b613	sltiu	x12,x13,-88	 x13:0x00000000 x12=0x00000001
       29465000	      2945	800012f4	f8514783	lbu	x15,-123(x2)	  x2:0x80008198 x15=0x00000000 PA:0x8000811d
       29475000	      2946	800012f8	57c06f93	ori	x31,x0,1404	  x0:0x00000000 x31=0x0000057c
       29485000	      2947	800012fc	403d8fb3	sub	x31,x27,x3	 x27:0x00000000  x3:0x0000ffc4 x31=0xffff003c
       29495000	      2948	80001300	f7011803	lh	x16,-144(x2)	  x2:0x80008198 x16=0x00000000 PA:0x80008108
       29505000	      2949	80001304	f9810ca3	sb	x24,-103(x2)	  x2:0x80008198 x24:0x00000000 PA:0x80008131
       29515000	      2950	80001308	c460bf13	sltiu	x30,x1,-954	  x1:0x00000000 x30=0x00000001
       29525000	      2951	8000130c	0a012783	lw	x15,160(x2)	  x2:0x80008198 x15=0x00000000 PA:0x80008238
       29535000	      2952	80001310	00007517	auipc	x10,0x7	 x10=0x8000830c
       29545000	      2953	80001314	e5b50513	addi	x10,x10,-421	 x10:0x8000830c x10=0x80008167
       29555000	      2954	80001318	97a5d617	auipc	x12,0x97a5d	 x12=0x17a5e314
       29565000	      2955	8000131c	ae136e13	ori	x28,x6,-1311	  x6:0x80009fc4 x28=0xffffffe5
       29575000	      2956	80001320	41790eb3	sub	x29,x18,x23	 x18:0x192d8c97 x23:0x00008c97 x29=0x192d0000
       29585000	      2957	80001324	00954a83	lbu	x21,9(x10)	 x10:0x80008167 x21=0x00000000 PA:0x80008170
       29595000	      2958	80001328	fef50403	lb	x8,-17(x10)	 x10:0x80008167  x8=0x00000000 PA:0x80008156
       29605000	      2959	8000132c	fef50003	lb	x0,-17(x10)	 x10:0x80008167 PA:0x80008156
       29615000	      2960	80001330	41008633	sub	x12,x1,x16	  x1:0x00000000 x16:0x00000000 x12=0x00000000
       29625000	      2961	80001334	fcc54c83	lbu	x25,-52(x10)	 x10:0x80008167 x25=0x00000000 PA:0x80008133
       29635000	      2962	80001338	011510a3	sh	x17,1(x10)	 x10:0x80008167 x17:0xfffff869 PA:0x80008168
       29645000	      2963	8000133c	fec54283	lbu	x5,-20(x10)	 x10:0x80008167  x5=0x00000000 PA:0x80008153
       29655000	      2964	80001340	01792db3	slt	x27,x18,x23	 x18:0x192d8c97 x23:0x00008c97 x27=0x00000000
       29665000	      2965	80001344	01b50683	lb	x13,27(x10)	 x10:0x80008167 x13=0x00000000 PA:0x80008182
       29675000	      2966	80001348	20727413	andi	x8,x4,519	  x4:0x80009f28  x8=0x00000200
       29685000	      2967	8000134c	03d522a3	sw	x29,37(x10)	 x10:0x80008167 x29:0x192d0000 PA:0x8000818c
       29695000	      2968	80001350	012519a3	sh	x18,19(x10)	 x10:0x80008167 x18:0x192d8c97 PA:0x8000817a
       29705000	      2969	80001354	03b50a23	sb	x27,52(x10)	 x10:0x80008167 x27:0x00000000 PA:0x8000819b
       29715000	      2970	80001358	03450a83	lb	x21,52(x10)	 x10:0x80008167 x21=0x00000000 PA:0x8000819b
       29725000	      2971	8000135c	00d49733	sll	x14,x9,x13	  x9:0x00009fc4 x13:0x00000000 x14=0x00009fc4
       29735000	      2972	80001360	03450e83	lb	x29,52(x10)	 x10:0x80008167 x29=0x00000000 PA:0x8000819b
       29745000	      2973	80001364	00007897	auipc	x17,0x7	 x17=0x80008360
       29755000	      2974	80001368	73d88893	addi	x17,x17,1853	 x17:0x80008360 x17=0x80008a9d
       29765000	      2975	8000136c	00008117	auipc	x2,0x8	  x2=0x80009368
       29775000	      2976	80001370	89b10113	addi	x2,x2,-1893	  x2:0x80009368  x2=0x80008c03
       29785000	      2977	80001374	00008a17	auipc	x20,0x8	 x20=0x80009370
       29795000	      2978	80001378	995a0a13	addi	x20,x20,-1643	 x20:0x80009370 x20=0x80008d05
       29805000	      2979	8000137c	00008f97	auipc	x31,0x8	 x31=0x80009378
       29815000	      2980	80001380	914f8f93	addi	x31,x31,-1772	 x31:0x80009378 x31=0x80008c8c
       29825000	      2981	80001384	004a4583	lbu	x11,4(x20)	 x20:0x80008d05 x11=0x00000000 PA:0x80008d09
       29835000	      2982	00000000	00000013	addi	x0,x0,0	  x0:0x00000000
       29845000	      2983	80001388	00b126a3	sw	x11,13(x2)	  x2:0x80008c03 x11:0x00000000 PA:0x80008c10
       29855000	      2984	8000138c	00008f17	auipc	x30,0x8	 x30=0x80009388
       29865000	      2985	80001390	abcf0f13	addi	x30,x30,-1348	 x30:0x80009388 x30=0x80008e44
       29875000	      2986	80001394	00a10503	lb	x10,10(x2)	  x2:0x80008c03 x10=0x00000000 PA:0x80008c0d
       29885000	      2987	80001398	f1cfd383	lhu	x7,-228(x31)	 x31:0x80008c8c  x7=0x00000000 PA:0x80008ba8
       29895000	      2988	8000139c	fd5f8ca3	sb	x21,-39(x31)	 x31:0x80008c8c x21:0x00000000 PA:0x80008c65
       29905000	      2989	800013a0	fed10a23	sb	x13,-12(x2)	  x2:0x80008c03 x13:0x00000000 PA:0x80008bf7
       29915000	      2990	800013a4	0068c803	lbu	x16,6(x17)	 x17:0x80008a9d x16=0x00000000 PA:0x80008aa3
       29925000	      2991	800013a8	fea10d23	sb	x10,-6(x2)	  x2:0x80008c03 x10:0x00000000 PA:0x80008bfd
       29935000	      2992	800013ac	fc2f81a3	sb	x2,-61(x31)	 x31:0x80008c8c  x2:0x80008c03 PA:0x80008c4f
       29945000	      2993	800013b0	fe5109a3	sb	x5,-13(x2)	  x2:0x80008c03  x5:0x00000000 PA:0x80008bf6
       29955000	      2994	800013b4	ff4fdc03	lhu	x24,-12(x31)	 x31:0x80008c8c x24=0x00000000 PA:0x80008c80
       29965000	      2995	800013b8	ff912583	lw	x11,-7(x2)	  x2:0x80008c03 x11=0x00000000 PA:0x80008bfc
       29975000	      2996	800013bc	01b88423	sb	x27,8(x17)	 x17:0x80008a9d x27:0x00000000 PA:0x80008aa5
       29985000	      2997	800013c0	01510023	sb	x21,0(x2)	  x2:0x80008c03 x21:0x00000000 PA:0x80008c03
       29995000	      2998	800013c4	f24fc603	lbu	x12,-220(x31)	 x31:0x80008c8c x12=0x00000000 PA:0x80008bb0
       30005000	      2999	800013c8	001f1123	sh	x1,2(x30)	 x30:0x80008e44  x1:0x00000000 PA:0x80008e46
       30015000	      3000	800013cc	005a5503	lhu	x10,5(x20)	 x20:0x80008d05 x10=0x00000000 PA:0x80008d0a
       30025000	      3001	800013d0	ff210a83	lb	x21,-14(x2)	  x2:0x80008c03 x21=0x00000000 PA:0x80008bf5
       30035000	      3002	800013d4	ffc8c983	lbu	x19,-4(x17)	 x17:0x80008a9d x19=0x00000000 PA:0x80008a99
       30045000	      3003	800013d8	008a4603	lbu	x12,8(x20)	 x20:0x80008d05 x12=0x00000000 PA:0x80008d0d
       30055000	      3004	800013dc	0018c383	lbu	x7,1(x17)	 x17:0x80008a9d  x7=0x00000000 PA:0x80008a9e
       30065000	      3005	800013e0	00f14b03	lbu	x22,15(x2)	  x2:0x80008c03 x22=0x00000000 PA:0x80008c12
       30075000	      3006	800013e4	003f0703	lb	x14,3(x30)	 x30:0x80008e44 x14=0x00000000 PA:0x80008e47
       30085000	      3007	800013e8	00515983	lhu	x19,5(x2)	  x2:0x80008c03 x19=0x00000000 PA:0x80008c08
       30095000	      3008	800013ec	ff88cc83	lbu	x25,-8(x17)	 x17:0x80008a9d x25=0x00000000 PA:0x80008a95
       30105000	      3009	800013f0	067f9123	sh	x7,98(x31)	 x31:0x80008c8c  x7:0x00000000 PA:0x80008cee
       30115000	      3010	800013f4	004f2983	lw	x19,4(x30)	 x30:0x80008e44 x19=0x00000000 PA:0x80008e48
       30125000	      3011	00000000	00000013	addi	x0,x0,0	  x0:0x00000000
       30135000	      3012	800013f8	ff3f0ba3	sb	x19,-9(x30)	 x30:0x80008e44 x19:0x00000000 PA:0x80008e3b
       30145000	      3013	800013fc	f46f8803	lb	x16,-186(x31)	 x31:0x80008c8c x16=0x00000000 PA:0x80008bd2
       30155000	      3014	80001400	001f0b03	lb	x22,1(x30)	 x30:0x80008e44 x22=0x00000000 PA:0x80008e45
       30165000	      3015	80001404	005a5b83	lhu	x23,5(x20)	 x20:0x80008d05 x23=0x00000000 PA:0x80008d0a
       30175000	      3016	80001408	00f8a1a3	sw	x15,3(x17)	 x17:0x80008a9d x15:0x00000000 PA:0x80008aa0
       30185000	      3017	8000140c	009a4383	lbu	x7,9(x20)	 x20:0x80008d05  x7=0x00000000 PA:0x80008d0e
       30195000	      3018	80001410	08dfc083	lbu	x1,141(x31)	 x31:0x80008c8c  x1=0x00000000 PA:0x80008d19
       30205000	      3019	80001414	ffcf1403	lh	x8,-4(x30)	 x30:0x80008e44  x8=0x00000000 PA:0x80008e40
       30215000	      3020	80001418	00007117	auipc	x2,0x7	  x2=0x80008414
       30225000	      3021	8000141c	fa810113	addi	x2,x2,-88	  x2:0x80008414  x2=0x800083bc
       30235000	      3022	80001420	00007097	auipc	x1,0x7	  x1=0x8000841c
       30245000	      3023	80001424	fd108093	addi	x1,x1,-47	  x1:0x8000841c  x1=0x800083ed
       30255000	      3024	80001428	eec11703	lh	x14,-276(x2)	  x2:0x800083bc x14=0x00000000 PA:0x800082a8
       30265000	      3025	8000142c	ff608583	lb	x11,-10(x1)	  x1:0x800083ed x11=0x00000000 PA:0x800083e3
       30275000	      3026	80001430	28215403	lhu	x8,642(x2)	  x2:0x800083bc  x8=0x00000000 PA:0x8000863e
       30285000	      3027	80001434	03108b23	sb	x17,54(x1)	  x1:0x800083ed x17:0x80008a9d PA:0x80008423
       30295000	      3028	80001438	00007797	auipc	x15,0x7	 x15=0x80008434
       30305000	      3029	8000143c	39d78793	addi	x15,x15,925	 x15:0x80008434 x15=0x800087d1
       30315000	      3030	80001440	fda08183	lb	x3,-38(x1)	  x1:0x800083ed  x3=0x00000000 PA:0x800083c7
       30325000	      3031	80001444	067108a3	sb	x7,113(x2)	  x2:0x800083bc  x7:0x00000000 PA:0x8000842d
       30335000	      3032	80001448	d3c10423	sb	x28,-728(x2)	  x2:0x800083bc x28:0xffffffe5 PA:0x800080e4
       30345000	      3033	8000144c	fd30a403	lw	x8,-45(x1)	  x1:0x800083ed  x8=0x00000000 PA:0x800083c0
       30355000	      3034	80001450	022093a3	sh	x2,39(x1)	  x1:0x800083ed  x2:0x800083bc PA:0x80008414
       30365000	      3035	80001454	0f610ca3	sb	x22,249(x2)	  x2:0x800083bc x22:0x00000000 PA:0x800084b5
       30375000	      3036	80001458	00808b03	lb	x22,8(x1)	  x1:0x800083ed x22=0x00000000 PA:0x800083f5
       30385000	      3037	8000145c	ffd7db83	lhu	x23,-3(x15)	 x15:0x800087d1 x23=0x000000a8 PA:0x800087ce
       30395000	      3038	80001460	18211483	lh	x9,386(x2)	  x2:0x800083bc  x9=0x00000000 PA:0x8000853e
       30405000	      3039	80001464	f757c803	lbu	x16,-139(x15)	 x15:0x800087d1 x16=0x00000000 PA:0x80008746
       30415000	      3040	80001468	fcd0d683	lhu	x13,-51(x1)	  x1:0x800083ed x13=0x00000000 PA:0x800083ba
       30425000	      3041	8000146c	fbb784a3	sb	x27,-87(x15)	 x15:0x800087d1 x27:0x00000000 PA:0x8000877a
       30435000	      3042	80001470	f9b11623	sh	x27,-116(x2)	  x2:0x800083bc x27:0x00000000 PA:0x80008348
       30445000	      3043	80001474	cf610883	lb	x17,-778(x2)	  x2:0x800083bc x17=0x00000000 PA:0x800080b2
       30455000	      3044	80001478	ffd08e23	sb	x29,-4(x1)	  x1:0x800083ed x29:0x00000000 PA:0x800083e9
       30465000	      3045	8000147c	eed10b03	lb	x22,-275(x2)	  x2:0x800083bc x22=0x00000000 PA:0x800082a9
       30475000	      3046	80001480	fb478a03	lb	x20,-76(x15)	 x15:0x800087d1 x20=0x00000000 PA:0x80008785
       30485000	      3047	80001484	02a0c403	lbu	x8,42(x1)	  x1:0x800083ed  x8=0x00000000 PA:0x80008417
       30495000	      3048	80001488	feb0dc83	lhu	x25,-21(x1)	  x1:0x800083ed x25=0x00000000 PA:0x800083d8
       30505000	      3049	8000148c	3aa10ba3	sb	x10,951(x2)	  x2:0x800083bc x10:0x00000000 PA:0x80008773
       30515000	      3050	80001490	f6578383	lb	x7,-155(x15)	 x15:0x800087d1  x7=0x00000000 PA:0x80008736
       30525000	      3051	80001494	00007097	auipc	x1,0x7	  x1=0x80008490
       30535000	      3052	80001498	78408093	addi	x1,x1,1924	  x1:0x80008490  x1=0x80008c14
       30545000	      3053	8000149c	f9a0c403	lbu	x8,-102(x1)	  x1:0x80008c14  x8=0x00000000 PA:0x80008bae
       30555000	      3054	00000000	00000013	addi	x0,x0,0	  x0:0x00000000
       30565000	      3055	800014a0	f8809d23	sh	x8,-102(x1)	  x1:0x80008c14  x8:0x00000000 PA:0x80008bae
       30575000	      3056	800014a4	f9a08e03	lb	x28,-102(x1)	  x1:0x80008c14 x28=0x00000000 PA:0x80008bae
       30585000	      3057	800014a8	a189e893	ori	x17,x19,-1512	 x19:0x00000000 x17=0xfffffa18
       30595000	      3058	800014ac	f9a08b83	lb	x23,-102(x1)	  x1:0x80008c14 x23=0x00000000 PA:0x80008bae
       30605000	      3059	800014b0	f9a08c83	lb	x25,-102(x1)	  x1:0x80008c14 x25=0x00000000 PA:0x80008bae
       30615000	      3060	800014b4	f8e09d23	sh	x14,-102(x1)	  x1:0x80008c14 x14:0x00000000 PA:0x80008bae
       30625000	      3061	800014b8	01aa7b33	and	x22,x20,x26	 x20:0x00000000 x26:0x00000000 x22=0x00000000
       30635000	      3062	800014bc	00000013	addi	x0,x0,0	  x0:0x00000000
       30645000	      3063	800014c0	f9a0cf03	lbu	x30,-102(x1)	  x1:0x80008c14 x30=0x00000000 PA:0x80008bae
       30655000	      3064	800014c4	f9509d23	sh	x21,-102(x1)	  x1:0x80008c14 x21:0x00000000 PA:0x80008bae
       30665000	      3065	800014c8	03e09703	lh	x14,62(x1)	  x1:0x80008c14 x14=0x00000000 PA:0x80008c52
       30675000	      3066	800014cc	c645ab13	slti	x22,x11,-924	 x11:0x00000000 x22=0x00000000
       30685000	      3067	800014d0	03e0c103	lbu	x2,62(x1)	  x1:0x80008c14  x2=0x00000000 PA:0x80008c52
       30695000	      3068	800014d4	03e09f83	lh	x31,62(x1)	  x1:0x80008c14 x31=0x00000000 PA:0x80008c52
       30705000	      3069	800014d8	00f32533	slt	x10,x6,x15	  x6:0x80009fc4 x15:0x800087d1 x10=0x00000000
       30715000	      3070	800014dc	ff209c03	lh	x24,-14(x1)	  x1:0x80008c14 x24=0x00000000 PA:0x80008c06
       30725000	      3071	800014e0	0e40a803	lw	x16,228(x1)	  x1:0x80008c14 x16=0x00000000 PA:0x80008cf8
       30735000	      3072	800014e4	00007c17	auipc	x24,0x7	 x24=0x800084e0
       30745000	      3073	800014e8	5a9c0c13	addi	x24,x24,1449	 x24:0x800084e0 x24=0x80008a89
       30755000	      3074	800014ec	05dc5b03	lhu	x22,93(x24)	 x24:0x80008a89 x22=0x00000000 PA:0x80008ae6
       30765000	      3075	800014f0	fdcc02a3	sb	x28,-59(x24)	 x24:0x80008a89 x28:0x00000000 PA:0x80008a4e
       30775000	      3076	800014f4	088c0483	lb	x9,136(x24)	 x24:0x80008a89  x9=0x00000000 PA:0x80008b11
       30785000	      3077	800014f8	e8616a13	ori	x20,x2,-378	  x2:0x00000000 x20=0xfffffe86
       30795000	      3078	800014fc	0e1c5b83	lhu	x23,225(x24)	 x24:0x80008a89 x23=0x0000c000 PA:0x80008b6a
       30805000	      3079	80001500	009d5513	srli	x10,x26,0x9	 x26:0x00000000 x10=0x00000000
       30815000	      3080	80001504	401106b3	sub	x13,x2,x1	  x2:0x00000000  x1:0x80008c14 x13=0x7fff73ec
       30825000	      3081	80001508	077c1b83	lh	x23,119(x24)	 x24:0x80008a89 x23=0x00000000 PA:0x80008b00
       30835000	      3082	8000150c	fa7c1703	lh	x14,-89(x24)	 x24:0x80008a89 x14=0x00000000 PA:0x80008a30
       30845000	      3083	80001510	0c6c0123	sb	x6,194(x24)	 x24:0x80008a89  x6:0x80009fc4 PA:0x80008b4b
       30855000	      3084	80001514	00d832b3	sltu	x5,x16,x13	 x16:0x00000000 x13:0x7fff73ec  x5=0x00000001
       30865000	      3085	80001518	5bae2593	slti	x11,x28,1466	 x28:0x00000000 x11=0x00000001
       30875000	      3086	8000151c	077c4e03	lbu	x28,119(x24)	 x24:0x80008a89 x28=0x00000000 PA:0x80008b00
       30885000	      3087	80001520	0157df33	srl	x30,x15,x21	 x15:0x800087d1 x21:0x00000000 x30=0x800087d1
       30895000	      3088	80001524	40fed793	srai	x15,x29,0xf	 x29:0x00000000 x15=0x00000000
       30905000	      3089	80001528	00bfccb3	xor	x25,x31,x11	 x31:0x00000000 x11:0x00000001 x25=0x00000001
       30915000	      3090	8000152c	0e3c1883	lh	x17,227(x24)	 x24:0x80008a89 x17=0x00000000 PA:0x80008b6c
       30925000	      3091	80001530	4104dfb3	sra	x31,x9,x16	  x9:0x00000000 x16:0x00000000 x31=0x00000000
       30935000	      3092	80001534	017c11a3	sh	x23,3(x24)	 x24:0x80008a89 x23:0x00000000 PA:0x80008a8c
       30945000	      3093	80001538	15daefb7	lui	x31,0x15dae	 x31=0x15dae000
       30955000	      3094	8000153c	0154d7b3	srl	x15,x9,x21	  x9:0x00000000 x21:0x00000000 x15=0x00000000
       30965000	      3095	80001540	00159813	slli	x16,x11,0x1	 x11:0x00000001 x16=0x00000002
       30975000	      3096	80001544	01a80633	add	x12,x16,x26	 x16:0x00000002 x26:0x00000000 x12=0x00000002
       30985000	      3097	80001548	0fec18a3	sh	x30,241(x24)	 x24:0x80008a89 x30:0x800087d1 PA:0x80008b7a
       30995000	      3098	8000154c	41ba5d33	sra	x26,x20,x27	 x20:0xfffffe86 x27:0x00000000 x26=0xfffffe86
       31005000	      3099	80001550	070c0ea3	sb	x16,125(x24)	 x24:0x80008a89 x16:0x00000002 PA:0x80008b06
       31015000	      3100	80001554	95ed1f37	lui	x30,0x95ed1	 x30=0x95ed1000
       31025000	      3101	80001558	41958e33	sub	x28,x11,x25	 x11:0x00000001 x25:0x00000001 x28=0x00000000
       31035000	      3102	8000155c	019c14a3	sh	x25,9(x24)	 x24:0x80008a89 x25:0x00000001 PA:0x80008a92
       31045000	      3103	80001560	f45c1983	lh	x19,-187(x24)	 x24:0x80008a89 x19=0x00000000 PA:0x800089ce
       31055000	      3104	80001564	e556f993	andi	x19,x13,-427	 x13:0x7fff73ec x19=0x7fff7244
       31065000	      3105	80001568	f54c4e83	lbu	x29,-172(x24)	 x24:0x80008a89 x29=0x00000000 PA:0x800089dd
       31075000	      3106	8000156c	e6cdb113	sltiu	x2,x27,-404	 x27:0x00000000  x2=0x00000001
       31085000	      3107	80001570	e5c83897	auipc	x17,0xe5c83	 x17=0x65c8456c
       31095000	      3108	80001574	40915433	sra	x8,x2,x9	  x2:0x00000001  x9:0x00000000  x8=0x00000001
       31105000	      3109	80001578	1f5a4113	xori	x2,x20,501	 x20:0xfffffe86  x2=0xffffff73
       31115000	      3110	8000157c	01a87d33	and	x26,x16,x26	 x16:0x00000002 x26:0xfffffe86 x26=0x00000002
       31125000	      3111	80001580	00000013	addi	x0,x0,0	  x0:0x00000000
       31135000	      3112	80001584	054c0383	lb	x7,84(x24)	 x24:0x80008a89  x7=0x00000000 PA:0x80008add
       31145000	      3113	80001588	00951a13	slli	x20,x10,0x9	 x10:0x00000000 x20=0x00000000
       31155000	      3114	8000158c	03f38c63	beq	x7,x31,800015c4	  x7:0x00000000 x31:0x15dae000
       31165000	      3115	80001590	01d3c6b3	xor	x13,x7,x29	  x7:0x00000000 x29:0x00000000 x13=0x00000000
       31175000	      3116	80001594	01db2833	slt	x16,x22,x29	 x22:0x00000000 x29:0x00000000 x16=0x00000000
       31185000	      3117	80001598	01521c93	slli	x25,x4,0x15	  x4:0x80009f28 x25=0xe5000000
       31195000	      3118	8000159c	0b148a13	addi	x20,x9,177	  x9:0x00000000 x20=0x000000b1
       31205000	      3119	800015a0	0281ee63	bltu	x3,x8,800015dc	  x3:0x00000000  x8:0x00000001
       31215000	      3120	00000000	00000013	addi	x0,x0,0	  x0:0x00000000
       31225000	      3121	800015d8	00000013	addi	x0,x0,0	  x0:0x00000000
       31235000	      3122	800015dc	0119bcb3	sltu	x25,x19,x17	 x19:0x7fff7244 x17:0x65c8456c x25=0x00000000
       31245000	      3123	800015e0	00e923b3	slt	x7,x18,x14	 x18:0x192d8c97 x14:0x00000000  x7=0x00000000
       31255000	      3124	800015e4	2f654f13	xori	x30,x10,758	 x10:0x00000000 x30=0x000002f6
       31265000	      3125	800015e8	0015ec33	or	x24,x11,x1	 x11:0x00000001  x1:0x80008c14 x24=0x80008c15
       31275000	      3126	800015ec	00d17fb3	and	x31,x2,x13	  x2:0xffffff73 x13:0x00000000 x31=0x00000000
       31285000	      3127	800015f0	00951b13	slli	x22,x10,0x9	 x10:0x00000000 x22=0x00000000
       31295000	      3128	800015f4	40985613	srai	x12,x16,0x9	 x16:0x00000000 x12=0x00000000
       31305000	      3129	800015f8	01078c63	beq	x15,x16,80001610	 x15:0x00000000 x16:0x00000000
       31315000	      3130	00000000	00000013	addi	x0,x0,0	  x0:0x00000000
       31325000	      3131	8000160c	00000013	addi	x0,x0,0	  x0:0x00000000
       31335000	      3132	80001610	00f41793	slli	x15,x8,0xf	  x8:0x00000001 x15=0x00008000
       31345000	      3133	80001614	00000013	addi	x0,x0,0	  x0:0x00000000
       31355000	      3134	80001618	00ab0db3	add	x27,x22,x10	 x22:0x00000000 x10:0x00000000 x27=0x00000000
       31365000	      3135	8000161c	418fd713	srai	x14,x31,0x18	 x31:0x00000000 x14=0x00000000
       31375000	      3136	80001620	001acdb3	xor	x27,x21,x1	 x21:0x00000000  x1:0x80008c14 x27=0x80008c14
       31385000	      3137	80001624	405d5193	srai	x3,x26,0x5	 x26:0x00000002  x3=0x00000000
       31395000	      3138	80001628	03ecfc63	bgeu	x25,x30,80001660	 x25:0x00000000 x30:0x000002f6
       31405000	      3139	8000162c	a6e44a93	xori	x21,x8,-1426	  x8:0x00000001 x21=0xfffffa6f
       31415000	      3140	80001630	04254263	blt	x10,x2,80001674	 x10:0x00000000  x2:0xffffff73
       31425000	      3141	80001634	01e39a93	slli	x21,x7,0x1e	  x7:0x00000000 x21=0x00000000
       31435000	      3142	80001638	400d5c13	srai	x24,x26,0x0	 x26:0x00000002 x24=0x00000002
       31445000	      3143	8000163c	00019f13	slli	x30,x3,0x0	  x3:0x00000000 x30=0x00000000
       31455000	      3144	80001640	b1d0ee13	ori	x28,x1,-1251	  x1:0x80008c14 x28=0xffffff1d
       31465000	      3145	80001644	00b74263	blt	x14,x11,80001648	 x14:0x00000000 x11:0x00000001
       31475000	      3146	00000000	00000013	addi	x0,x0,0	  x0:0x00000000
       31485000	      3147	80001644	00000013	addi	x0,x0,0	  x0:0x00000000
       31495000	      3148	80001648	00f75993	srli	x19,x14,0xf	 x14:0x00000000 x19=0x00000000
       31505000	      3149	8000164c	1678f637	lui	x12,0x1678f	 x12=0x1678f000
       31515000	      3150	80001650	00fefdb3	and	x27,x29,x15	 x29:0x00000000 x15:0x00008000 x27=0x00000000
       31525000	      3151	80001654	0181a1b3	slt	x3,x3,x24	  x3:0x00000000 x24:0x00000002  x3=0x00000001
       31535000	      3152	80001658	034cd063	bge	x25,x20,80001678	 x25:0x00000000 x20:0x000000b1
       31545000	      3153	8000165c	62390893	addi	x17,x18,1571	 x18:0x192d8c97 x17=0x192d92ba
       31555000	      3154	80001660	00d89b13	slli	x22,x17,0xd	 x17:0x192d92ba x22=0xb2574000
       31565000	      3155	80001664	001b7033	and	x0,x22,x1	 x22:0xb2574000  x1:0x80008c14
       31575000	      3156	80001668	02ddca63	blt	x27,x13,8000169c	 x27:0x00000000 x13:0x00000000
       31585000	      3157	8000166c	e3ff1297	auipc	x5,0xe3ff1	  x5=0x63ff2668
       31595000	      3158	80001670	04aa5263	bge	x20,x10,800016b4	 x20:0x000000b1 x10:0x00000000
       31605000	      3159	00000000	00000013	addi	x0,x0,0	  x0:0x00000000
       31615000	      3160	800016b0	00000013	addi	x0,x0,0	  x0:0x00000000
       31625000	      3161	800016b4	ebe4c613	xori	x12,x9,-322	  x9:0x00000000 x12=0xfffffebe
       31635000	      3162	800016b8	046d4063	blt	x26,x6,800016f8	 x26:0x00000002  x6:0x80009fc4
       31645000	      3163	800016bc	01956c33	or	x24,x10,x25	 x10:0x00000000 x25:0x00000000 x24=0x00000000
       31655000	      3164	800016c0	63032b93	slti	x23,x6,1584	  x6:0x80009fc4 x23=0x00000001
       31665000	      3165	800016c4	00e99a63	bne	x19,x14,800016d8	 x19:0x00000000 x14:0x00000000
       31675000	      3166	800016c8	0168d893	srli	x17,x17,0x16	 x17:0x192d92ba x17=0x00000064
       31685000	      3167	800016cc	00765bb3	srl	x23,x12,x7	 x12:0xfffffebe  x7:0x00000000 x23=0xfffffebe
       31695000	      3168	800016d0	005c6133	or	x2,x24,x5	 x24:0x00000000  x5:0x63ff2668  x2=0x63ff2668
       31705000	      3169	800016d4	01170833	add	x16,x14,x17	 x14:0x00000000 x17:0x00000064 x16=0x00000064
       31715000	      3170	800016d8	00c364b3	or	x9,x6,x12	  x6:0x80009fc4 x12:0xfffffebe  x9=0xfffffffe
       31725000	      3171	800016dc	a36e0db7	lui	x27,0xa36e0	 x27=0xa36e0000
       31735000	      3172	800016e0	4190d293	srai	x5,x1,0x19	  x1:0x80008c14  x5=0xffffffc0
       31745000	      3173	800016e4	eacb4b93	xori	x23,x22,-340	 x22:0xb2574000 x23=0x4da8beac
       31755000	      3174	800016e8	003e3133	sltu	x2,x28,x3	 x28:0xffffff1d  x3:0x00000001  x2=0x00000000
       31765000	      3175	800016ec	01939a13	slli	x20,x7,0x19	  x7:0x00000000 x20=0x00000000
       31775000	      3176	800016f0	d91ce613	ori	x12,x25,-623	 x25:0x00000000 x12=0xfffffd91
       31785000	      3177	800016f4	01c21713	slli	x14,x4,0x1c	  x4:0x80009f28 x14=0x80000000
       31795000	      3178	800016f8	d07f8513	addi	x10,x31,-761	 x31:0x00000000 x10=0xfffffd07
       31805000	      3179	800016fc	00d01c93	slli	x25,x0,0xd	  x0:0x00000000 x25=0x00000000
       31815000	      3180	80001700	01df29b3	slt	x19,x30,x29	 x30:0x00000000 x29:0x00000000 x19=0x00000000
       31825000	      3181	80001704	000a9e63	bne	x21,x0,80001720	 x21:0x00000000  x0:0x00000000
       31835000	      3182	80001708	22ad1617	auipc	x12,0x22ad1	 x12=0xa2ad2704
       31845000	      3183	8000170c	018ec533	xor	x10,x29,x24	 x29:0x00000000 x24:0x00000000 x10=0x00000000
       31855000	      3184	80001710	002efa33	and	x20,x29,x2	 x29:0x00000000  x2:0x00000000 x20=0x00000000
       31865000	      3185	80001714	02667c63	bgeu	x12,x6,8000174c	 x12:0xa2ad2704  x6:0x80009fc4
       31875000	      3186	00000000	00000013	addi	x0,x0,0	  x0:0x00000000
       31885000	      3187	80001748	00000013	addi	x0,x0,0	  x0:0x00000000
       31895000	      3188	8000174c	febb6a13	ori	x20,x22,-21	 x22:0xb2574000 x20=0xffffffeb
       31905000	      3189	80001750	00377533	and	x10,x14,x3	 x14:0x80000000  x3:0x00000001 x10=0x00000000
       31915000	      3190	80001754	a3f2eb13	ori	x22,x5,-1473	  x5:0xffffffc0 x22=0xffffffff
       31925000	      3191	80001758	9927b593	sltiu	x11,x15,-1646	 x15:0x00008000 x11=0x00000001
       31935000	      3192	8000175c	02c94063	blt	x18,x12,8000177c	 x18:0x192d8c97 x12:0xa2ad2704
       31945000	      3193	80001760	040f6263	bltu	x30,x0,800017a4	 x30:0x00000000  x0:0x00000000
       31955000	      3194	80001764	02caf863	bgeu	x21,x12,80001794	 x21:0x00000000 x12:0xa2ad2704
       31965000	      3195	80001768	de89a393	slti	x7,x19,-536	 x19:0x00000000  x7=0x00000000
       31975000	      3196	8000176c	006e0f33	add	x30,x28,x6	 x28:0xffffff1d  x6:0x80009fc4 x30=0x80009ee1
       31985000	      3197	80001770	d646ce93	xori	x29,x13,-668	 x13:0x00000000 x29=0xfffffd64
       31995000	      3198	80001774	0162f633	and	x12,x5,x22	  x5:0xffffffc0 x22:0xffffffff x12=0xffffffc0
       32005000	      3199	80001778	00339113	slli	x2,x7,0x3	  x7:0x00000000  x2=0x00000000
       32015000	      3200	8000177c	02485863	bge	x16,x4,800017ac	 x16:0x00000064  x4:0x80009f28
       32025000	      3201	00000000	00000013	addi	x0,x0,0	  x0:0x00000000
       32035000	      3202	800017a8	00000013	addi	x0,x0,0	  x0:0x00000000
       32045000	      3203	800017ac	35049437	lui	x8,0x35049	  x8=0x35049000
       32055000	      3204	800017b0	00cb5433	srl	x8,x22,x12	 x22:0xffffffff x12:0xffffffc0  x8=0xffffffff
       32065000	      3205	800017b4	ab938513	addi	x10,x7,-1351	  x7:0x00000000 x10=0xfffffab9
       32075000	      3206	800017b8	87a715b7	lui	x11,0x87a71	 x11=0x87a71000
       32085000	      3207	800017bc	00c6b4b3	sltu	x9,x13,x12	 x13:0x00000000 x12:0xffffffc0  x9=0x00000001
       32095000	      3208	800017c0	0173b5b3	sltu	x11,x7,x23	  x7:0x00000000 x23:0x4da8beac x11=0x00000001
       32105000	      3209	800017c4	0094d513	srli	x10,x9,0x9	  x9:0x00000001 x10=0x00000000
       32115000	      3210	800017c8	41a657b3	sra	x15,x12,x26	 x12:0xffffffc0 x26:0x00000002 x15=0xfffffff0
       32125000	      3211	800017cc	74ae07b7	lui	x15,0x74ae0	 x15=0x74ae0000
       32135000	      3212	800017d0	00d906b3	add	x13,x18,x13	 x18:0x192d8c97 x13:0x00000000 x13=0x192d8c97
       32145000	      3213	800017d4	b60e8037	lui	x0,0xb60e8	
       32155000	      3214	800017d8	0eccac93	slti	x25,x25,236	 x25:0x00000000 x25=0x00000001
       32165000	      3215	800017dc	03af7c63	bgeu	x30,x26,80001814	 x30:0x80009ee1 x26:0x00000002
       32175000	      3216	00000000	00000013	addi	x0,x0,0	  x0:0x00000000
       32185000	      3217	80001810	00000013	addi	x0,x0,0	  x0:0x00000000
       32195000	      3218	80001814	009ef133	and	x2,x29,x9	 x29:0xfffffd64  x9:0x00000001  x2=0x00000000
       32205000	      3219	80001818	01ff7cb3	and	x25,x30,x31	 x30:0x80009ee1 x31:0x00000000 x25=0x00000000
       32215000	      3220	8000181c	22ca4b13	xori	x22,x20,556	 x20:0xffffffeb x22=0xfffffdc7
       32225000	      3221	80001820	98e70e13	addi	x28,x14,-1650	 x14:0x80000000 x28=0x7ffff98e
       32235000	      3222	80001824	01f3c7b3	xor	x15,x7,x31	  x7:0x00000000 x31:0x00000000 x15=0x00000000
       32245000	      3223	80001828	04527463	bgeu	x4,x5,80001870	  x4:0x80009f28  x5:0xffffffc0
       32255000	      3224	8000182c	048f4263	blt	x30,x8,80001870	 x30:0x80009ee1  x8:0xffffffff
       32265000	      3225	00000000	00000013	addi	x0,x0,0	  x0:0x00000000
       32275000	      3226	8000186c	00000013	addi	x0,x0,0	  x0:0x00000000
       32285000	      3227	80001870	41de0b33	sub	x22,x28,x29	 x28:0x7ffff98e x29:0xfffffd64 x22=0x7ffffc2a
       32295000	      3228	80001874	77046f13	ori	x30,x8,1904	  x8:0xffffffff x30=0xffffffff
       32305000	      3229	80001878	01322f33	slt	x30,x4,x19	  x4:0x80009f28 x19:0x00000000 x30=0x00000001
       32315000	      3230	8000187c	01a41733	sll	x14,x8,x26	  x8:0xffffffff x26:0x00000002 x14=0xfffffffc
       32325000	      3231	80001880	0289cc63	blt	x19,x8,800018b8	 x19:0x00000000  x8:0xffffffff
       32335000	      3232	80001884	d408ff17	auipc	x30,0xd408f	 x30=0x54090880
       32345000	      3233	80001888	40c40e33	sub	x28,x8,x12	  x8:0xffffffff x12:0xffffffc0 x28=0x0000003f
       32355000	      3234	8000188c	f862d137	lui	x2,0xf862d	  x2=0xf862d000
       32365000	      3235	80001890	4a80f097	auipc	x1,0x4a80f	  x1=0xca81088c
       32375000	      3236	80001894	01fa1f93	slli	x31,x20,0x1f	 x20:0xffffffeb x31=0x80000000
       32385000	      3237	80001898	01611eb3	sll	x29,x2,x22	  x2:0xf862d000 x22:0x7ffffc2a x29=0x8b400000
       32395000	      3238	8000189c	348fff93	andi	x31,x31,840	 x31:0x80000000 x31=0x00000000
       32405000	      3239	800018a0	60d4e713	ori	x14,x9,1549	  x9:0x00000001 x14=0x0000060d
       32415000	      3240	800018a4	04d97263	bgeu	x18,x13,800018e8	 x18:0x192d8c97 x13:0x192d8c97
       32425000	      3241	00000000	00000013	addi	x0,x0,0	  x0:0x00000000
       32435000	      3242	800018e4	00000013	addi	x0,x0,0	  x0:0x00000000
       32445000	      3243	800018e8	41b05113	srai	x2,x0,0x1b	  x0:0x00000000  x2=0x00000000
       32455000	      3244	800018ec	00aea7b3	slt	x15,x29,x10	 x29:0x8b400000 x10:0x00000000 x15=0x00000001
       32465000	      3245	800018f0	41c2d193	srai	x3,x5,0x1c	  x5:0xffffffc0  x3=0xffffffff
       32475000	      3246	800018f4	41e25d13	srai	x26,x4,0x1e	  x4:0x80009f28 x26=0xfffffffe
       32485000	      3247	800018f8	0d769a63	bne	x13,x23,800019cc	 x13:0x192d8c97 x23:0x4da8beac
       32495000	      3248	00000000	00000013	addi	x0,x0,0	  x0:0x00000000
       32505000	      3249	800019c8	00000013	addi	x0,x0,0	  x0:0x00000000
       32515000	      3250	800019cc	03a11463	bne	x2,x26,800019f4	  x2:0x00000000 x26:0xfffffffe
       32525000	      3251	00000000	00000013	addi	x0,x0,0	  x0:0x00000000
       32535000	      3252	800019f0	00000013	addi	x0,x0,0	  x0:0x00000000
       32545000	      3253	800019f4	256c8f37	lui	x30,0x256c8	 x30=0x256c8000
       32555000	      3254	800019f8	c7f3cf13	xori	x30,x7,-897	  x7:0x00000000 x30=0xfffffc7f
       32565000	      3255	800019fc	8df3b013	sltiu	x0,x7,-1825	  x7:0x00000000
       32575000	      3256	80001a00	395f9117	auipc	x2,0x395f9	  x2=0xb95fa9fc
       32585000	      3257	80001a04	40d50133	sub	x2,x10,x13	 x10:0x00000000 x13:0x192d8c97  x2=0xe6d27369
       32595000	      3258	80001a08	d569ca93	xori	x21,x19,-682	 x19:0x00000000 x21=0xfffffd56
       32605000	      3259	80001a0c	01477033	and	x0,x14,x20	 x14:0x0000060d x20:0xffffffeb
       32615000	      3260	80001a10	6421a193	slti	x3,x3,1602	  x3:0xffffffff  x3=0x00000001
       32625000	      3261	80001a14	05b55263	bge	x10,x27,80001a58	 x10:0x00000000 x27:0xa36e0000
       32635000	      3262	00000000	00000013	addi	x0,x0,0	  x0:0x00000000
       32645000	      3263	80001a54	00000013	addi	x0,x0,0	  x0:0x00000000
       32655000	      3264	80001a58	013d9093	slli	x1,x27,0x13	 x27:0xa36e0000  x1=0x00000000
       32665000	      3265	80001a5c	4115d5b3	sra	x11,x11,x17	 x11:0x00000001 x17:0x00000064 x11=0x00000000
       32675000	      3266	80001a60	00000013	addi	x0,x0,0	  x0:0x00000000
       32685000	      3267	80001a64	013063b3	or	x7,x0,x19	  x0:0x00000000 x19:0x00000000  x7=0x00000000
       32695000	      3268	80001a68	009711b3	sll	x3,x14,x9	 x14:0x0000060d  x9:0x00000001  x3=0x00000c1a
       32705000	      3269	80001a6c	0f768e63	beq	x13,x23,80001b68	 x13:0x192d8c97 x23:0x4da8beac
       32715000	      3270	80001a70	a4952693	slti	x13,x10,-1463	 x10:0x00000000 x13=0x00000000
       32725000	      3271	80001a74	0db5d863	bge	x11,x27,80001b44	 x11:0x00000000 x27:0xa36e0000
       32735000	      3272	00000000	00000013	addi	x0,x0,0	  x0:0x00000000
       32745000	      3273	80001b40	00000013	addi	x0,x0,0	  x0:0x00000000
       32755000	      3274	80001b44	0152fbb3	and	x23,x5,x21	  x5:0xffffffc0 x21:0xfffffd56 x23=0xfffffd40
       32765000	      3275	80001b48	010978b3	and	x17,x18,x16	 x18:0x192d8c97 x16:0x00000064 x17=0x00000004
       32775000	      3276	80001b4c	00000013	addi	x0,x0,0	  x0:0x00000000
       32785000	      3277	80001b50	05936263	bltu	x6,x25,80001b94	  x6:0x80009fc4 x25:0x00000000
       32795000	      3278	80001b54	d1ff1f37	lui	x30,0xd1ff1	 x30=0xd1ff1000
       32805000	      3279	80001b58	355b6713	ori	x14,x22,853	 x22:0x7ffffc2a x14=0x7fffff7f
       32815000	      3280	80001b5c	03237463	bgeu	x6,x18,80001b84	  x6:0x80009fc4 x18:0x192d8c97
       32825000	      3281	00000000	00000013	addi	x0,x0,0	  x0:0x00000000
       32835000	      3282	80001b80	00000013	addi	x0,x0,0	  x0:0x00000000
       32845000	      3283	80001b84	41250b33	sub	x22,x10,x18	 x10:0x00000000 x18:0x192d8c97 x22=0xe6d27369
       32855000	      3284	80001b88	044f0263	beq	x30,x4,80001bcc	 x30:0xd1ff1000  x4:0x80009f28
       32865000	      3285	80001b8c	2701bb93	sltiu	x23,x3,624	  x3:0x00000c1a x23=0x00000000
       32875000	      3286	80001b90	242f3013	sltiu	x0,x30,578	 x30:0xd1ff1000
       32885000	      3287	80001b94	015f7c33	and	x24,x30,x21	 x30:0xd1ff1000 x21:0xfffffd56 x24=0xd1ff1000
       32895000	      3288	80001b98	0085c733	xor	x14,x11,x8	 x11:0x00000000  x8:0xffffffff x14=0xffffffff
       32905000	      3289	80001b9c	00109993	slli	x19,x1,0x1	  x1:0x00000000 x19=0x00000000
       32915000	      3290	80001ba0	004ff133	and	x2,x31,x4	 x31:0x00000000  x4:0x80009f28  x2=0x00000000
       32925000	      3291	80001ba4	08fbe113	ori	x2,x23,143	 x23:0x00000000  x2=0x0000008f
       32935000	      3292	80001ba8	41275193	srai	x3,x14,0x12	 x14:0xffffffff  x3=0xffffffff
       32945000	      3293	80001bac	41580bb3	sub	x23,x16,x21	 x16:0x00000064 x21:0xfffffd56 x23=0x0000030e
       32955000	      3294	80001bb0	4b7cc093	xori	x1,x25,1207	 x25:0x00000000  x1=0x000004b7
       32965000	      3295	80001bb4	014088b3	add	x17,x1,x20	  x1:0x000004b7 x20:0xffffffeb x17=0x000004a2
       32975000	      3296	80001bb8	b2cc0b37	lui	x22,0xb2cc0	 x22=0xb2cc0000
       32985000	      3297	80001bbc	8ae7b013	sltiu	x0,x15,-1874	 x15:0x00000001
       32995000	      3298	80001bc0	00e9d5b3	srl	x11,x19,x14	 x19:0x00000000 x14:0xffffffff x11=0x00000000
       33005000	      3299	80001bc4	01ca69b3	or	x19,x20,x28	 x20:0xffffffeb x28:0x0000003f x19=0xffffffff
       33015000	      3300	80001bc8	028a4c63	blt	x20,x8,80001c00	 x20:0xffffffeb  x8:0xffffffff
       33025000	      3301	00000000	00000013	addi	x0,x0,0	  x0:0x00000000
       33035000	      3302	80001bfc	00000013	addi	x0,x0,0	  x0:0x00000000
       33045000	      3303	80001c00	0146c263	blt	x13,x20,80001c04	 x13:0x00000000 x20:0xffffffeb
       33055000	      3304	80001c04	03e3f663	bgeu	x7,x30,80001c30	  x7:0x00000000 x30:0xd1ff1000
       33065000	      3305	80001c08	41e751b3	sra	x3,x14,x30	 x14:0xffffffff x30:0xd1ff1000  x3=0xffffffff
       33075000	      3306	80001c0c	d8d426b7	lui	x13,0xd8d42	 x13=0xd8d42000
       33085000	      3307	80001c10	01cf4533	xor	x10,x30,x28	 x30:0xd1ff1000 x28:0x0000003f x10=0xd1ff103f
       33095000	      3308	80001c14	015fcfb3	xor	x31,x31,x21	 x31:0x00000000 x21:0xfffffd56 x31=0xfffffd56
       33105000	      3309	80001c18	00e65c63	bge	x12,x14,80001c30	 x12:0xffffffc0 x14:0xffffffff
       33115000	      3310	80001c1c	e4e01837	lui	x16,0xe4e01	 x16=0xe4e01000
       33125000	      3311	80001c20	5bbf4013	xori	x0,x30,1467	 x30:0xd1ff1000
       33135000	      3312	80001c24	012a9533	sll	x10,x21,x18	 x21:0xfffffd56 x18:0x192d8c97 x10=0xab000000
       33145000	      3313	80001c28	baf2f013	andi	x0,x5,-1105	  x5:0xffffffc0
       33155000	      3314	80001c2c	001d5e33	srl	x28,x26,x1	 x26:0xfffffffe  x1:0x000004b7 x28=0x000001ff
       33165000	      3315	80001c30	02d95a63	bge	x18,x13,80001c64	 x18:0x192d8c97 x13:0xd8d42000
       33175000	      3316	00000000	00000013	addi	x0,x0,0	  x0:0x00000000
       33185000	      3317	80001c60	00000013	addi	x0,x0,0	  x0:0x00000000
       33195000	      3318	80001c64	000fbb33	sltu	x22,x31,x0	 x31:0xfffffd56  x0:0x00000000 x22=0x00000000
       33205000	      3319	80001c68	01899b13	slli	x22,x19,0x18	 x19:0xffffffff x22=0xff000000
       33215000	      3320	80001c6c	01a3b7b3	sltu	x15,x7,x26	  x7:0x00000000 x26:0xfffffffe x15=0x00000001
       33225000	      3321	80001c70	65490db7	lui	x27,0x65490	 x27=0x65490000
       33235000	      3322	80001c74	c9ba2d13	slti	x26,x20,-869	 x20:0xffffffeb x26=0x00000000
       33245000	      3323	80001c78	eb870113	addi	x2,x14,-328	 x14:0xffffffff  x2=0xfffffeb7
       33255000	      3324	80001c7c	ad9aad13	slti	x26,x21,-1319	 x21:0xfffffd56 x26=0x00000000
       33265000	      3325	80001c80	9b141a97	auipc	x21,0x9b141	 x21=0x1b142c7c
       33275000	      3326	80001c84	00f35713	srli	x14,x6,0xf	  x6:0x80009fc4 x14=0x00010001
       33285000	      3327	80001c88	011ce2b3	or	x5,x25,x17	 x25:0x00000000 x17:0x000004a2  x5=0x000004a2
       33295000	      3328	80001c8c	01cf7c63	bgeu	x30,x28,80001ca4	 x30:0xd1ff1000 x28:0x000001ff
       33305000	      3329	00000000	00000013	addi	x0,x0,0	  x0:0x00000000
       33315000	      3330	80001ca0	00000013	addi	x0,x0,0	  x0:0x00000000
       33325000	      3331	80001ca4	35c92613	slti	x12,x18,860	 x18:0x192d8c97 x12=0x00000000
       33335000	      3332	80001ca8	406b8d33	sub	x26,x23,x6	 x23:0x0000030e  x6:0x80009fc4 x26=0x7fff634a
       33345000	      3333	80001cac	b65ae993	ori	x19,x21,-1179	 x21:0x1b142c7c x19=0xffffff7d
       33355000	      3334	80001cb0	01e55413	srli	x8,x10,0x1e	 x10:0xab000000  x8=0x00000002
       33365000	      3335	80001cb4	01bcbcb3	sltu	x25,x25,x27	 x25:0x00000000 x27:0x65490000 x25=0x00000001
       33375000	      3336	80001cb8	40d250b3	sra	x1,x4,x13	  x4:0x80009f28 x13:0xd8d42000  x1=0x80009f28
       33385000	      3337	80001cbc	00a99293	slli	x5,x19,0xa	 x19:0xffffff7d  x5=0xfffdf400
       33395000	      3338	80001cc0	01b5a1b3	slt	x3,x11,x27	 x11:0x00000000 x27:0x65490000  x3=0x00000001
       33405000	      3339	80001cc4	03b39063	bne	x7,x27,80001ce4	  x7:0x00000000 x27:0x65490000
       33415000	      3340	00000000	00000013	addi	x0,x0,0	  x0:0x00000000
       33425000	      3341	80001ce0	00000013	addi	x0,x0,0	  x0:0x00000000
       33435000	      3342	80001ce4	01d1d493	srli	x9,x3,0x1d	  x3:0x00000001  x9=0x00000000
       33445000	      3343	80001ce8	01f98433	add	x8,x19,x31	 x19:0xffffff7d x31:0xfffffd56  x8=0xfffffcd3
       33455000	      3344	80001cec	049e5463	bge	x28,x9,80001d34	 x28:0x000001ff  x9:0x00000000
       33465000	      3345	00000000	00000013	addi	x0,x0,0	  x0:0x00000000
       33475000	      3346	80001d30	00000013	addi	x0,x0,0	  x0:0x00000000
       33485000	      3347	80001d34	416c02b3	sub	x5,x24,x22	 x24:0xd1ff1000 x22:0xff000000  x5=0xd2ff1000
       33495000	      3348	80001d38	01511713	slli	x14,x2,0x15	  x2:0xfffffeb7 x14=0xd6e00000
       33505000	      3349	80001d3c	01e37663	bgeu	x6,x30,80001d48	  x6:0x80009fc4 x30:0xd1ff1000
       33515000	      3350	80001d40	60edb113	sltiu	x2,x27,1550	 x27:0x65490000  x2=0x00000000
       33525000	      3351	80001d44	8fe16993	ori	x19,x2,-1794	  x2:0x00000000 x19=0xfffff8fe
       33535000	      3352	80001d48	05c08063	beq	x1,x28,80001d88	  x1:0x80009f28 x28:0x000001ff
       33545000	      3353	80001d4c	300d4d93	xori	x27,x26,768	 x26:0x7fff634a x27=0x7fff604a
       33555000	      3354	80001d50	0187d833	srl	x16,x15,x24	 x15:0x00000001 x24:0xd1ff1000 x16=0x00000001
       33565000	      3355	80001d54	01d2d1b3	srl	x3,x5,x29	  x5:0xd2ff1000 x29:0x8b400000  x3=0xd2ff1000
       33575000	      3356	80001d58	01cd66b3	or	x13,x26,x28	 x26:0x7fff634a x28:0x000001ff x13=0x7fff63ff
       33585000	      3357	80001d5c	0049cd33	xor	x26,x19,x4	 x19:0xfffff8fe  x4:0x80009f28 x26=0x7fff67d6
       33595000	      3358	80001d60	01881c93	slli	x25,x16,0x18	 x16:0x00000001 x25=0x01000000
       33605000	      3359	80001d64	40295293	srai	x5,x18,0x2	 x18:0x192d8c97  x5=0x064b6325
       33615000	      3360	80001d68	01a04c63	blt	x0,x26,80001d80	  x0:0x00000000 x26:0x7fff67d6
       33625000	      3361	00000000	00000013	addi	x0,x0,0	  x0:0x00000000
       33635000	      3362	80001d7c	00000013	addi	x0,x0,0	  x0:0x00000000
       33645000	      3363	80001d80	3ce94813	xori	x16,x18,974	 x18:0x192d8c97 x16=0x192d8f59
       33655000	      3364	80001d84	02866463	bltu	x12,x8,80001dac	 x12:0x00000000  x8:0xfffffcd3
       33665000	      3365	00000000	00000013	addi	x0,x0,0	  x0:0x00000000
       33675000	      3366	80001da8	00000013	addi	x0,x0,0	  x0:0x00000000
       33685000	      3367	80001dac	907a0093	addi	x1,x20,-1785	 x20:0xffffffeb  x1=0xfffff8f2
       33695000	      3368	80001db0	3059ee93	ori	x29,x19,773	 x19:0xfffff8fe x29=0xfffffbff
       33705000	      3369	80001db4	3e556093	ori	x1,x10,997	 x10:0xab000000  x1=0xab0003e5
       33715000	      3370	80001db8	3aee4513	xori	x10,x28,942	 x28:0x000001ff x10=0x00000251
       33725000	      3371	80001dbc	00ea9733	sll	x14,x21,x14	 x21:0x1b142c7c x14:0xd6e00000 x14=0x1b142c7c
       33735000	      3372	80001dc0	4059de33	sra	x28,x19,x5	 x19:0xfffff8fe  x5:0x064b6325 x28=0xffffffc7
       33745000	      3373	80001dc4	00711b13	slli	x22,x2,0x7	  x2:0x00000000 x22=0x00000000
       33755000	      3374	80001dc8	6c06e0b7	lui	x1,0x6c06e	  x1=0x6c06e000
       33765000	      3375	80001dcc	37aba697	auipc	x13,0x37aba	 x13=0xb7abbdc8
       33775000	      3376	80001dd0	01269533	sll	x10,x13,x18	 x13:0xb7abbdc8 x18:0x192d8c97 x10=0xe4000000
       33785000	      3377	80001dd4	a713ef13	ori	x30,x7,-1423	  x7:0x00000000 x30=0xfffffa71
       33795000	      3378	80001dd8	7b261017	auipc	x0,0x7b261	
       33805000	      3379	80001ddc	01d7a4b3	slt	x9,x15,x29	 x15:0x00000001 x29:0xfffffbff  x9=0x00000000
       33815000	      3380	80001de0	008ada13	srli	x20,x21,0x8	 x21:0x1b142c7c x20=0x001b142c
       33825000	      3381	80001de4	e0af7b13	andi	x22,x30,-502	 x30:0xfffffa71 x22=0xfffffa00
       33835000	      3382	80001de8	01ee4c33	xor	x24,x28,x30	 x28:0xffffffc7 x30:0xfffffa71 x24=0x000005b6
       33845000	      3383	80001dec	01d4ec33	or	x24,x9,x29	  x9:0x00000000 x29:0xfffffbff x24=0xfffffbff
       33855000	      3384	80001df0	7356c137	lui	x2,0x7356c	  x2=0x7356c000
       33865000	      3385	80001df4	6800fd13	andi	x26,x1,1664	  x1:0x6c06e000 x26=0x00000000
       33875000	      3386	80001df8	40e55a13	srai	x20,x10,0xe	 x10:0xe4000000 x20=0xffff9000
       33885000	      3387	80001dfc	03939c63	bne	x7,x25,80001e34	  x7:0x00000000 x25:0x01000000
       33895000	      3388	00000000	00000013	addi	x0,x0,0	  x0:0x00000000
       33905000	      3389	80001e30	00000013	addi	x0,x0,0	  x0:0x00000000
       33915000	      3390	80001e34	00519c33	sll	x24,x3,x5	  x3:0xd2ff1000  x5:0x064b6325 x24=0x5fe20000
       33925000	      3391	80001e38	007627b3	slt	x15,x12,x7	 x12:0x00000000  x7:0x00000000 x15=0x00000000
       33935000	      3392	80001e3c	00fcdf33	srl	x30,x25,x15	 x25:0x01000000 x15:0x00000000 x30=0x01000000
       33945000	      3393	80001e40	03f2f393	andi	x7,x5,63	  x5:0x064b6325  x7=0x00000025
       33955000	      3394	80001e44	00422a03	lw	x20,4(x4)	  x4:0x80009f28 x20=0x80001ea4 PA:0x80009f2c
       33965000	      3395	80001e48	03820213	addi	x4,x4,56	  x4:0x80009f28  x4=0x80009f60
       33975000	      3396	80001e4c	771ebf97	auipc	x31,0x771eb	 x31=0xf71ece48
       33985000	      3397	80001e50	000a0893	addi	x17,x20,0	 x20:0x80001ea4 x17=0x80001ea4
       33995000	      3398	80001e54	000888e7	jalr	x17,x17,0	 x17:0x80001ea4 x17=0x80001e54
       34005000	      3399	00000000	00000013	addi	x0,x0,0	  x0:0x00000000
       34015000	      3400	80001ea4	00000013	addi	x0,x0,0	  x0:0x00000000
       34025000	      3401	80001ea8	01cd1eb3	sll	x29,x26,x28	 x26:0x00000000 x28:0xffffffc7 x29=0x00000000
       34035000	      3402	80001eac	a0985297	auipc	x5,0xa0985	  x5=0x20986ea8
       34045000	      3403	80001eb0	0146c4b3	xor	x9,x13,x20	 x13:0xb7abbdc8 x20:0x80001ea4  x9=0x37aba36c
       34055000	      3404	80001eb4	0333c663	blt	x7,x19,80001ee0	  x7:0x00000025 x19:0xfffff8fe
       34065000	      3405	80001eb8	027cd663	bge	x25,x7,80001ee4	 x25:0x01000000  x7:0x00000025
       34075000	      3406	00000000	00000013	addi	x0,x0,0	  x0:0x00000000
       34085000	      3407	80001ee0	00000013	addi	x0,x0,0	  x0:0x00000000
       34095000	      3408	80001ee4	0159f6b3	and	x13,x19,x21	 x19:0xfffff8fe x21:0x1b142c7c x13=0x1b14287c
       34105000	      3409	80001ee8	cbe8f093	andi	x1,x17,-834	 x17:0x80001e54  x1=0x80001c14
       34115000	      3410	80001eec	003ef833	and	x16,x29,x3	 x29:0x00000000  x3:0xd2ff1000 x16=0x00000000
       34125000	      3411	80001ef0	00d79093	slli	x1,x15,0xd	 x15:0x00000000  x1=0x00000000
       34135000	      3412	80001ef4	00d39413	slli	x8,x7,0xd	  x7:0x00000025  x8=0x0004a000
       34145000	      3413	80001ef8	00422a03	lw	x20,4(x4)	  x4:0x80009f60 x20=0x80000fc0 PA:0x80009f64
       34155000	      3414	80001efc	009676b3	and	x13,x12,x9	 x12:0x00000000  x9:0x37aba36c x13=0x00000000
       34165000	      3415	80001f00	6db36e13	ori	x28,x6,1755	  x6:0x80009fc4 x28=0x80009fdf
       34175000	      3416	80001f04	fb227793	andi	x15,x4,-78	  x4:0x80009f60 x15=0x80009f20
       34185000	      3417	80001f08	8fe24393	xori	x7,x4,-1794	  x4:0x80009f60  x7=0x7fff679e
       34195000	      3418	80001f0c	8b159e17	auipc	x28,0x8b159	 x28=0x0b15af08
       34205000	      3419	80001f10	02420213	addi	x4,x4,36	  x4:0x80009f60  x4=0x80009f84
       34215000	      3420	80001f14	ed7a2593	slti	x11,x20,-297	 x20:0x80000fc0 x11=0x00000001
       34225000	      3421	80001f18	013d39b3	sltu	x19,x26,x19	 x26:0x00000000 x19:0xfffff8fe x19=0x00000001
       34235000	      3422	80001f1c	01a06e33	or	x28,x0,x26	  x0:0x00000000 x26:0x00000000 x28=0x00000000
       34245000	      3423	80001f20	001a0a93	addi	x21,x20,1	 x20:0x80000fc0 x21=0x80000fc1
       34255000	      3424	80001f24	000a8ae7	jalr	x21,x21,0	 x21:0x80000fc1 x21=0x80001f24
       34265000	      3425	00000000	00000013	addi	x0,x0,0	  x0:0x00000000
       34275000	      3426	80000fc0	00000013	addi	x0,x0,0	  x0:0x00000000
       34285000	      3427	80000fc4	4147d1b3	sra	x3,x15,x20	 x15:0x80009f20 x20:0x80000fc0  x3=0x80009f20
       34295000	      3428	80000fc8	00000013	addi	x0,x0,0	  x0:0x00000000
       34305000	      3429	80000fcc	2d3da793	slti	x15,x27,723	 x27:0x7fff604a x15=0x00000000
       34315000	      3430	80000fd0	00791bb3	sll	x23,x18,x7	 x18:0x192d8c97  x7:0x7fff679e x23=0xc0000000
       34325000	      3431	80000fd4	01ef2833	slt	x16,x30,x30	 x30:0x01000000 x30:0x01000000 x16=0x00000000
       34335000	      3432	80000fd8	0105ae33	slt	x28,x11,x16	 x11:0x00000001 x16:0x00000000 x28=0x00000000
       34345000	      3433	80000fdc	01a1e633	or	x12,x3,x26	  x3:0x80009f20 x26:0x00000000 x12=0x80009f20
       34355000	      3434	80000fe0	dc03bc93	sltiu	x25,x7,-576	  x7:0x7fff679e x25=0x00000001
       34365000	      3435	80000fe4	41550733	sub	x14,x10,x21	 x10:0xe4000000 x21:0x80001f24 x14=0x63ffe0dc
       34375000	      3436	80000fe8	5d912193	slti	x3,x2,1497	  x2:0x7356c000  x3=0x00000000
       34385000	      3437	80000fec	03cb7e63	bgeu	x22,x28,80001028	 x22:0xfffffa00 x28:0x00000000
       34395000	      3438	00000000	00000013	addi	x0,x0,0	  x0:0x00000000
       34405000	      3439	80001024	00000013	addi	x0,x0,0	  x0:0x00000000
       34415000	      3440	80001028	56529537	lui	x10,0x56529	 x10=0x56529000
       34425000	      3441	8000102c	00000917	auipc	x18,0x0	 x18=0x80001028
       34435000	      3442	80001030	00c90913	addi	x18,x18,12	 x18:0x80001028 x18=0x80001034
       34445000	      3443	80001034	00090067	jalr	x0,x18,0	 x18:0x80001034
       34455000	      3444	00000000	00000013	addi	x0,x0,0	  x0:0x00000000
       34465000	      3445	80001034	00000013	addi	x0,x0,0	  x0:0x00000000
       34475000	      3446	80001038	00100193	addi	x3,x0,1	  x0:0x00000000  x3=0x00000001
       34485000	      3447	8000103c	00000073	ecall	
       34495000	      3448	80001040	fc820213	addi	x4,x4,-56	  x4:0x80009f84  x4=0x80009f4c
