		Time			Cycle	PC		Insn	Decoded instruction	Register and memory contents
          65000	         5	80000004	00000293	addi	x5,x0,0	  x0:0x00000000  x5=0x00000000
          75000	         6	80000008	00000313	addi	x6,x0,0	  x0:0x00000000  x6=0x00000000
          85000	         7	8000000c	00628263	beq	x5,x6,80000010	  x5:0x00000000  x6:0x00000000
          95000	         8	00000000	00000013	addi	x0,x0,0	  x0:0x00000000
         105000	         9	8000000c	00000013	addi	x0,x0,0	  x0:0x00000000
         115000	        10	80000010	00000b97	auipc	x23,0x0	 x23=0x8000000c
         125000	        11	80000014	00cb8b93	addi	x23,x23,12	 x23:0x8000000c x23=0x80000018
         135000	        12	80000018	000b8067	jalr	x0,x23,0	 x23:0x80000018
         145000	        13	00000000	00000013	addi	x0,x0,0	  x0:0x00000000
         155000	        14	80000018	00000013	addi	x0,x0,0	  x0:0x00000000
         165000	        15	8000001c	40000437	lui	x8,0x40000	  x8=0x40000000
         175000	        16	80000020	10040413	addi	x8,x8,256	  x8:0x40000000  x8=0x40000100
         185000	        17	80000024	00000013	addi	x0,x0,0	  x0:0x00000000
         195000	        18	80000028	0000ab17	auipc	x22,0xa	 x22=0x8000a024
         205000	        19	8000002c	fa0b0b13	addi	x22,x22,-96	 x22:0x8000a024 x22=0x80009fc4
         215000	        20	80000030	00002417	auipc	x8,0x2	  x8=0x8000202c
         225000	        21	80000034	ec040413	addi	x8,x8,-320	  x8:0x8000202c  x8=0x80001eec
         235000	        22	80000038	00046413	ori	x8,x8,0	  x8:0x80001eec  x8=0x80001eec
         245000	        23	8000003c	00000013	addi	x0,x0,0	  x0:0x00000000
         255000	        24	80000040	00000417	auipc	x8,0x0	  x8=0x8000003c
         265000	        25	80000044	02040413	addi	x8,x8,32	  x8:0x8000003c  x8=0x8000005c
         275000	        26	80000048	00000013	addi	x0,x0,0	  x0:0x00000000
         285000	        27	8000004c	00000013	addi	x0,x0,0	  x0:0x00000000
         295000	        28	80000050	00002437	lui	x8,0x2	  x8=0x00002000
         305000	        29	80000054	80040413	addi	x8,x8,-2048	  x8:0x00002000  x8=0x00001800
         315000	        30	80000058	00000013	addi	x0,x0,0	  x0:0x00000000
         325000	        31	8000005c	00000013	addi	x0,x0,0	  x0:0x00000000
         335000	        32	80000060	80000037	lui	x0,0x80000	
         345000	        33	80000064	00000013	addi	x0,x0,0	  x0:0x00000000
         355000	        34	80000068	fb3dd0b7	lui	x1,0xfb3dd	  x1=0xfb3dd000
         365000	        35	8000006c	0af08093	addi	x1,x1,175	  x1:0xfb3dd000  x1=0xfb3dd0af
         375000	        36	80000070	00000193	addi	x3,x0,0	  x0:0x00000000  x3=0x00000000
         385000	        37	80000074	00200213	addi	x4,x0,2	  x0:0x00000000  x4=0x00000002
         395000	        38	80000078	00400293	addi	x5,x0,4	  x0:0x00000000  x5=0x00000004
         405000	        39	8000007c	f04c9337	lui	x6,0xf04c9	  x6=0xf04c9000
         415000	        40	80000080	a7430313	addi	x6,x6,-1420	  x6:0xf04c9000  x6=0xf04c8a74
         425000	        41	80000084	00000393	addi	x7,x0,0	  x0:0x00000000  x7=0x00000000
         435000	        42	80000088	f9d1a437	lui	x8,0xf9d1a	  x8=0xf9d1a000
         445000	        43	8000008c	82140413	addi	x8,x8,-2015	  x8:0xf9d1a000  x8=0xf9d19821
         455000	        44	80000090	800004b7	lui	x9,0x80000	  x9=0x80000000
         465000	        45	80000094	2f4fd537	lui	x10,0x2f4fd	 x10=0x2f4fd000
         475000	        46	80000098	c5050513	addi	x10,x10,-944	 x10:0x2f4fd000 x10=0x2f4fcc50
         485000	        47	8000009c	fef815b7	lui	x11,0xfef81	 x11=0xfef81000
         495000	        48	800000a0	fbd58593	addi	x11,x11,-67	 x11:0xfef81000 x11=0xfef80fbd
         505000	        49	800000a4	80000637	lui	x12,0x80000	 x12=0x80000000
         515000	        50	800000a8	00400693	addi	x13,x0,4	  x0:0x00000000 x13=0x00000004
         525000	        51	800000ac	7f6d3737	lui	x14,0x7f6d3	 x14=0x7f6d3000
         535000	        52	800000b0	cdb70713	addi	x14,x14,-805	 x14:0x7f6d3000 x14=0x7f6d2cdb
         545000	        53	800000b4	e8a527b7	lui	x15,0xe8a52	 x15=0xe8a52000
         555000	        54	800000b8	0c578793	addi	x15,x15,197	 x15:0xe8a52000 x15=0xe8a520c5
         565000	        55	800000bc	80000837	lui	x16,0x80000	 x16=0x80000000
         575000	        56	800000c0	800008b7	lui	x17,0x80000	 x17=0x80000000
         585000	        57	800000c4	80000937	lui	x18,0x80000	 x18=0x80000000
         595000	        58	800000c8	ff5b39b7	lui	x19,0xff5b3	 x19=0xff5b3000
         605000	        59	800000cc	79798993	addi	x19,x19,1943	 x19:0xff5b3000 x19=0xff5b3797
         615000	        60	800000d0	80000a37	lui	x20,0x80000	 x20=0x80000000
         625000	        61	800000d4	fada0ab7	lui	x21,0xfada0	 x21=0xfada0000
         635000	        62	800000d8	7b9a8a93	addi	x21,x21,1977	 x21:0xfada0000 x21=0xfada07b9
         645000	        63	800000dc	80000bb7	lui	x23,0x80000	 x23=0x80000000
         655000	        64	800000e0	80000c37	lui	x24,0x80000	 x24=0x80000000
         665000	        65	800000e4	00000c93	addi	x25,x0,0	  x0:0x00000000 x25=0x00000000
         675000	        66	800000e8	00000d13	addi	x26,x0,0	  x0:0x00000000 x26=0x00000000
         685000	        67	800000ec	d7ccedb7	lui	x27,0xd7cce	 x27=0xd7cce000
         695000	        68	800000f0	173d8d93	addi	x27,x27,371	 x27:0xd7cce000 x27=0xd7cce173
         705000	        69	800000f4	ff949e37	lui	x28,0xff949	 x28=0xff949000
         715000	        70	800000f8	f6ee0e13	addi	x28,x28,-146	 x28:0xff949000 x28=0xff948f6e
         725000	        71	800000fc	80000eb7	lui	x29,0x80000	 x29=0x80000000
         735000	        72	80000100	80000f37	lui	x30,0x80000	 x30=0x80000000
         745000	        73	80000104	00000f93	addi	x31,x0,0	  x0:0x00000000 x31=0x00000000
         755000	        74	80000108	0000a117	auipc	x2,0xa	  x2=0x8000a104
         765000	        75	8000010c	e8010113	addi	x2,x2,-384	  x2:0x8000a104  x2=0x80009f84
         775000	        76	80000110	00001817	auipc	x16,0x1	 x16=0x8000110c
         785000	        77	80000114	9bc80813	addi	x16,x16,-1604	 x16:0x8000110c x16=0x80000ac8
         795000	        78	80000118	4054d7b3	sra	x15,x9,x5	  x9:0x80000000  x5:0x00000004 x15=0xf8000000
         805000	        79	8000011c	4c276c13	ori	x24,x14,1218	 x14:0x7f6d2cdb x24=0x7f6d2cdb
         815000	        80	80000120	57717f17	auipc	x30,0x57717	 x30=0xd771711c
         825000	        81	80000124	f3a80813	addi	x16,x16,-198	 x16:0x80000ac8 x16=0x80000a02
         835000	        82	80000128	00835663	bge	x6,x8,80000134	  x6:0xf04c8a74  x8:0xf9d19821
         845000	        83	8000012c	000b4333	xor	x6,x22,x0	 x22:0x80009fc4  x0:0x00000000  x6=0x80009fc4
         855000	        84	80000130	00bd3cb3	sltu	x25,x26,x11	 x26:0x00000000 x11:0xfef80fbd x25=0x00000001
         865000	        85	80000134	0c7800e7	jalr	x1,x16,199	 x16:0x80000a02  x1=0x80000134
         875000	        86	00000000	00000013	addi	x0,x0,0	  x0:0x00000000
         885000	        87	80000ac8	00000013	addi	x0,x0,0	  x0:0x00000000
         895000	        88	80000acc	75e2cd93	xori	x27,x5,1886	  x5:0x00000004 x27=0x0000075a
         905000	        89	80000ad0	fc410113	addi	x2,x2,-60	  x2:0x80009f84  x2=0x80009f48
         915000	        90	80000ad4	402b5d13	srai	x26,x22,0x2	 x22:0x80009fc4 x26=0xe00027f1
         925000	        91	80000ad8	00112223	sw	x1,4(x2)	  x2:0x80009f48  x1:0x80000134 PA:0x80009f4c
         935000	        92	80000adc	5c634597	auipc	x11,0x5c634	 x11=0xdc634ad8
         945000	        93	80000ae0	57982c93	slti	x25,x16,1401	 x16:0x80000a02 x25=0x00000001
         955000	        94	80000ae4	40f151b3	sra	x3,x2,x15	  x2:0x80009f48 x15:0xf8000000  x3=0x80009f48
         965000	        95	80000ae8	40535e93	srai	x29,x6,0x5	  x6:0x80009fc4 x29=0xfc0004fe
         975000	        96	80000aec	014177b3	and	x15,x2,x20	  x2:0x80009f48 x20:0x80000000 x15=0x80000000
         985000	        97	80000af0	01095ab3	srl	x21,x18,x16	 x18:0x80000000 x16:0x80000a02 x21=0x20000000
         995000	        98	80000af4	41fe5f93	srai	x31,x28,0x1f	 x28:0xff948f6e x31=0xffffffff
        1005000	        99	80000af8	e1180993	addi	x19,x16,-495	 x16:0x80000a02 x19=0x80000813
        1015000	       100	80000afc	01ea1d33	sll	x26,x20,x30	 x20:0x80000000 x30:0xd771711c x26=0x00000000
        1025000	       101	80000b00	00e85863	bge	x16,x14,80000b10	 x16:0x80000a02 x14:0x7f6d2cdb
        1035000	       102	80000b04	8f46b313	sltiu	x6,x13,-1804	 x13:0x00000004  x6=0x00000001
        1045000	       103	80000b08	402800b3	sub	x1,x16,x2	 x16:0x80000a02  x2:0x80009f48  x1=0xffff6aba
        1055000	       104	80000b0c	9852bf93	sltiu	x31,x5,-1659	  x5:0x00000004 x31=0x00000001
        1065000	       105	80000b10	654000ef	jal	x1,80000b10	  x1=0x80000b10
        1075000	       106	00000000	00000013	addi	x0,x0,0	  x0:0x00000000
        1085000	       107	80001160	00000013	addi	x0,x0,0	  x0:0x00000000
        1095000	       108	80001164	01ab0463	beq	x22,x26,8000116c	 x22:0x80009fc4 x26:0x00000000
        1105000	       109	80001168	01a71393	slli	x7,x14,0x1a	 x14:0x7f6d2cdb  x7=0x6c000000
        1115000	       110	8000116c	fcc10113	addi	x2,x2,-52	  x2:0x80009f48  x2=0x80009f14
        1125000	       111	80001170	9adc7893	andi	x17,x24,-1619	 x24:0x7f6d2cdb x17=0x7f6d2889
        1135000	       112	80001174	2812a593	slti	x11,x5,641	  x5:0x00000004 x11=0x00000001
        1145000	       113	80001178	005df033	and	x0,x27,x5	 x27:0x0000075a  x5:0x00000004
        1155000	       114	8000117c	00112223	sw	x1,4(x2)	  x2:0x80009f14  x1:0x80000b10 PA:0x80009f18
        1165000	       115	80001180	eccc8c93	addi	x25,x25,-308	 x25:0x00000001 x25=0xfffffecd
        1175000	       116	80001184	0038c5b3	xor	x11,x17,x3	 x17:0x7f6d2889  x3:0x80009f48 x11=0xff6db7c1
        1185000	       117	80001188	00008a97	auipc	x21,0x8	 x21=0x80009184
        1195000	       118	8000118c	c7aa8a93	addi	x21,x21,-902	 x21:0x80009184 x21=0x80008dfe
        1205000	       119	80001190	fbcac583	lbu	x11,-68(x21)	 x21:0x80008dfe x11=0x00000000 PA:0x80008dba
        1215000	       120	80001194	fbcace83	lbu	x29,-68(x21)	 x21:0x80008dfe x29=0x00000000 PA:0x80008dba
        1225000	       121	80001198	fbcad703	lhu	x14,-68(x21)	 x21:0x80008dfe x14=0x00000000 PA:0x80008dba
        1235000	       122	8000119c	fbca8503	lb	x10,-68(x21)	 x21:0x80008dfe x10=0x00000000 PA:0x80008dba
        1245000	       123	800011a0	fa4a8e23	sb	x4,-68(x21)	 x21:0x80008dfe  x4:0x00000002 PA:0x80008dba
        1255000	       124	800011a4	fbcacf03	lbu	x30,-68(x21)	 x21:0x80008dfe x30=0x00000002 PA:0x80008dba
        1265000	       125	800011a8	fb4a9e23	sh	x20,-68(x21)	 x21:0x80008dfe x20:0x80000000 PA:0x80008dba
        1275000	       126	800011ac	008a1c93	slli	x25,x20,0x8	 x20:0x80000000 x25=0x00000000
        1285000	       127	800011b0	fa2a9e23	sh	x2,-68(x21)	 x21:0x80008dfe  x2:0x80009f14 PA:0x80008dba
        1295000	       128	800011b4	cd91d917	auipc	x18,0xcd91d	 x18=0x4d91e1b0
        1305000	       129	800011b8	fbaa8e23	sb	x26,-68(x21)	 x21:0x80008dfe x26:0x00000000 PA:0x80008dba
        1315000	       130	800011bc	fafa9e23	sh	x15,-68(x21)	 x21:0x80008dfe x15:0x80000000 PA:0x80008dba
        1325000	       131	800011c0	fbcac583	lbu	x11,-68(x21)	 x21:0x80008dfe x11=0x00000000 PA:0x80008dba
        1335000	       132	800011c4	fbca8003	lb	x0,-68(x21)	 x21:0x80008dfe PA:0x80008dba
        1345000	       133	800011c8	fafa9e23	sh	x15,-68(x21)	 x21:0x80008dfe x15:0x80000000 PA:0x80008dba
        1355000	       134	800011cc	fbcadf83	lhu	x31,-68(x21)	 x21:0x80008dfe x31=0x00000000 PA:0x80008dba
        1365000	       135	800011d0	fbcad403	lhu	x8,-68(x21)	 x21:0x80008dfe  x8=0x00000000 PA:0x80008dba
        1375000	       136	800011d4	fbca8803	lb	x16,-68(x21)	 x21:0x80008dfe x16=0x00000000 PA:0x80008dba
        1385000	       137	800011d8	fbcad583	lhu	x11,-68(x21)	 x21:0x80008dfe x11=0x00000000 PA:0x80008dba
        1395000	       138	800011dc	40dd82b3	sub	x5,x27,x13	 x27:0x0000075a x13:0x00000004  x5=0x00000756
        1405000	       139	800011e0	fbcac703	lbu	x14,-68(x21)	 x21:0x80008dfe x14=0x00000000 PA:0x80008dba
        1415000	       140	800011e4	fbda8e23	sb	x29,-68(x21)	 x21:0x80008dfe x29:0x00000000 PA:0x80008dba
        1425000	       141	800011e8	fbca9d83	lh	x27,-68(x21)	 x21:0x80008dfe x27=0x00000000 PA:0x80008dba
        1435000	       142	800011ec	00007e17	auipc	x28,0x7	 x28=0x800081e8
        1445000	       143	800011f0	12de0e13	addi	x28,x28,301	 x28:0x800081e8 x28=0x80008315
        1455000	       144	800011f4	00007d17	auipc	x26,0x7	 x26=0x800081f0
        1465000	       145	800011f8	059d0d13	addi	x26,x26,89	 x26:0x800081f0 x26=0x80008249
        1475000	       146	800011fc	00007617	auipc	x12,0x7	 x12=0x800081f8
        1485000	       147	80001200	5c860613	addi	x12,x12,1480	 x12:0x800081f8 x12=0x800087c0
        1495000	       148	80001204	00007f17	auipc	x30,0x7	 x30=0x80008200
        1505000	       149	80001208	27af0f13	addi	x30,x30,634	 x30:0x80008200 x30=0x8000847a
        1515000	       150	8000120c	522d4c83	lbu	x25,1314(x26)	 x26:0x80008249 x25=0x00000000 PA:0x8000876b
        1525000	       151	80001210	00007417	auipc	x8,0x7	  x8=0x8000820c
        1535000	       152	80001214	18240413	addi	x8,x8,386	  x8:0x8000820c  x8=0x8000838e
        1545000	       153	80001218	047f0903	lb	x18,71(x30)	 x30:0x8000847a x18=0x00000000 PA:0x800084c1
        1555000	       154	8000121c	067f0783	lb	x15,103(x30)	 x30:0x8000847a x15=0x00000000 PA:0x800084e1
        1565000	       155	80001220	e2bd0023	sb	x11,-480(x26)	 x26:0x80008249 x11:0x00000000 PA:0x80008069
        1575000	       156	80001224	fe544203	lbu	x4,-27(x8)	  x8:0x8000838e  x4=0x00000000 PA:0x80008373
        1585000	       157	80001228	feb44083	lbu	x1,-21(x8)	  x8:0x8000838e  x1=0x00000000 PA:0x80008379
        1595000	       158	8000122c	c4661283	lh	x5,-954(x12)	 x12:0x800087c0  x5=0x00000000 PA:0x80008406
        1605000	       159	80001230	20ae0783	lb	x15,522(x28)	 x28:0x80008315 x15=0x00000000 PA:0x8000851f
        1615000	       160	80001234	295e1aa3	sh	x21,661(x28)	 x28:0x80008315 x21:0x80008dfe PA:0x800085aa
        1625000	       161	80001238	c2462423	sw	x4,-984(x12)	 x12:0x800087c0  x4:0x00000000 PA:0x800083e8
        1635000	       162	8000123c	f1ad2da3	sw	x26,-229(x26)	 x26:0x80008249 x26:0x80008249 PA:0x80008164
        1645000	       163	80001240	d9be0383	lb	x7,-613(x28)	 x28:0x80008315  x7=0x00000000 PA:0x800080b0
        1655000	       164	80001244	d73f4303	lbu	x6,-653(x30)	 x30:0x8000847a  x6=0x00000000 PA:0x800081ed
        1665000	       165	80001248	ffa41c83	lh	x25,-6(x8)	  x8:0x8000838e x25=0x00000000 PA:0x80008388
        1675000	       166	8000124c	f82f02a3	sb	x2,-123(x30)	 x30:0x8000847a  x2:0x80009f14 PA:0x800083ff
        1685000	       167	80001250	de6f1203	lh	x4,-538(x30)	 x30:0x8000847a  x4=0x00000000 PA:0x80008260
        1695000	       168	80001254	f2061623	sh	x0,-212(x12)	 x12:0x800087c0  x0:0x00000000 PA:0x800086ec
        1705000	       169	80001258	b8360923	sb	x3,-1134(x12)	 x12:0x800087c0  x3:0x80009f48 PA:0x80008352
        1715000	       170	8000125c	1d7f0783	lb	x15,471(x30)	 x30:0x8000847a x15=0x00000000 PA:0x80008651
        1725000	       171	00000000	00000013	addi	x0,x0,0	  x0:0x00000000
        1735000	       172	80001260	e4f60c83	lb	x25,-433(x12)	 x12:0x800087c0 x25=0x00000000 PA:0x8000860f
        1745000	       173	80001264	184d4203	lbu	x4,388(x26)	 x26:0x80008249  x4=0x00000000 PA:0x800083cd
        1755000	       174	80001268	2ffe1c03	lh	x24,767(x28)	 x28:0x80008315 x24=0x00000000 PA:0x80008614
        1765000	       175	8000126c	4f0d0723	sb	x16,1262(x26)	 x26:0x80008249 x16:0x00000000 PA:0x80008737
        1775000	       176	80001270	fe340f83	lb	x31,-29(x8)	  x8:0x8000838e x31=0x00000000 PA:0x80008371
        1785000	       177	80001274	f0e64783	lbu	x15,-242(x12)	 x12:0x800087c0 x15=0x00000000 PA:0x800086ce
        1795000	       178	80001278	22be2383	lw	x7,555(x28)	 x28:0x80008315  x7=0x00000000 PA:0x80008540
        1805000	       179	00000000	00000013	addi	x0,x0,0	  x0:0x00000000
        1815000	       180	8000127c	02744683	lbu	x13,39(x8)	  x8:0x8000838e x13=0x00000000 PA:0x800083b5
        1825000	       181	80001280	1a2e0f23	sb	x2,446(x28)	 x28:0x80008315  x2:0x80009f14 PA:0x800084d3
        1835000	       182	80001284	017d0c83	lb	x25,23(x26)	 x26:0x80008249 x25=0x00000000 PA:0x80008260
        1845000	       183	80001288	a5d62423	sw	x29,-1464(x12)	 x12:0x800087c0 x29:0x00000000 PA:0x80008208
        1855000	       184	8000128c	c9164283	lbu	x5,-879(x12)	 x12:0x800087c0  x5=0x00000000 PA:0x80008451
        1865000	       185	80001290	00008a97	auipc	x21,0x8	 x21=0x8000928c
        1875000	       186	80001294	909a8a93	addi	x21,x21,-1783	 x21:0x8000928c x21=0x80008b95
        1885000	       187	80001298	30134893	xori	x17,x6,769	  x6:0x00000000 x17=0x00000301
        1895000	       188	8000129c	5a29bf13	sltiu	x30,x19,1442	 x19:0x80000813 x30=0x00000000
        1905000	       189	800012a0	ff5a97a3	sh	x21,-17(x21)	 x21:0x80008b95 x21:0x80008b95 PA:0x80008b84
        1915000	       190	800012a4	011f8c33	add	x24,x31,x17	 x31:0x00000000 x17:0x00000301 x24=0x00000301
        1925000	       191	800012a8	416950b3	sra	x1,x18,x22	 x18:0x00000000 x22:0x80009fc4  x1=0x00000000
        1935000	       192	800012ac	fb67fe13	andi	x28,x15,-74	 x15:0x00000000 x28=0x00000000
        1945000	       193	800012b0	ff2a8723	sb	x18,-18(x21)	 x21:0x80008b95 x18:0x00000000 PA:0x80008b83
        1955000	       194	800012b4	ff6aada3	sw	x22,-5(x21)	 x21:0x80008b95 x22:0x80009fc4 PA:0x80008b90
        1965000	       195	800012b8	00000013	addi	x0,x0,0	  x0:0x00000000
        1975000	       196	800012bc	00ab05b3	add	x11,x22,x10	 x22:0x80009fc4 x10:0x00000000 x11=0x80009fc4
        1985000	       197	800012c0	021a8e23	sb	x1,60(x21)	 x21:0x80008b95  x1:0x00000000 PA:0x80008bd1
        1995000	       198	800012c4	0fe73213	sltiu	x4,x14,254	 x14:0x00000000  x4=0x00000001
        2005000	       199	800012c8	9d912913	slti	x18,x2,-1575	  x2:0x80009f14 x18=0x00000001
        2015000	       200	800012cc	017b5a13	srli	x20,x22,0x17	 x22:0x80009fc4 x20=0x00000100
        2025000	       201	800012d0	347ebc93	sltiu	x25,x29,839	 x29:0x00000000 x25=0x00000001
        2035000	       202	800012d4	fc5a8723	sb	x5,-50(x21)	 x21:0x80008b95  x5:0x00000000 PA:0x80008b63
        2045000	       203	800012d8	015a95a3	sh	x21,11(x21)	 x21:0x80008b95 x21:0x80008b95 PA:0x80008ba0
        2055000	       204	800012dc	00000013	addi	x0,x0,0	  x0:0x00000000
        2065000	       205	800012e0	0142e2b3	or	x5,x5,x20	  x5:0x00000000 x20:0x00000100  x5=0x00000100
        2075000	       206	800012e4	ff2a8d03	lb	x26,-14(x21)	 x21:0x80008b95 x26=0x00000000 PA:0x80008b87
        2085000	       207	800012e8	fe3aa203	lw	x4,-29(x21)	 x21:0x80008b95  x4=0x00000000 PA:0x80008b78
        2095000	       208	00000000	00000013	addi	x0,x0,0	  x0:0x00000000
        2105000	       209	800012ec	00222533	slt	x10,x4,x2	  x4:0x00000000  x2:0x80009f14 x10=0x00000000
        2115000	       210	800012f0	ff9a9283	lh	x5,-7(x21)	 x21:0x80008b95  x5=0x00000000 PA:0x80008b8e
        2125000	       211	800012f4	fd9a9203	lh	x4,-39(x21)	 x21:0x80008b95  x4=0x00000000 PA:0x80008b6e
        2135000	       212	800012f8	42ef6813	ori	x16,x30,1070	 x30:0x00000000 x16=0x0000042e
        2145000	       213	800012fc	00cdf5b3	and	x11,x27,x12	 x27:0x00000000 x12:0x800087c0 x11=0x00000000
        2155000	       214	80001300	0075f033	and	x0,x11,x7	 x11:0x00000000  x7:0x00000000
        2165000	       215	80001304	a4f7c197	auipc	x3,0xa4f7c	  x3=0x24f7d300
        2175000	       216	80001308	00a92933	slt	x18,x18,x10	 x18:0x00000001 x10:0x00000000 x18=0x00000000
        2185000	       217	8000130c	9f747a13	andi	x20,x8,-1545	  x8:0x8000838e x20=0x80008186
        2195000	       218	80001310	006a8203	lb	x4,6(x21)	 x21:0x80008b95  x4=0x00000000 PA:0x80008b9b
        2205000	       219	80001314	011b9c33	sll	x24,x23,x17	 x23:0x80000000 x17:0x00000301 x24=0x00000000
        2215000	       220	80001318	fe2a8283	lb	x5,-30(x21)	 x21:0x80008b95  x5=0x00000000 PA:0x80008b77
        2225000	       221	8000131c	40138933	sub	x18,x7,x1	  x7:0x00000000  x1:0x00000000 x18=0x00000000
        2235000	       222	80001320	020a8583	lb	x11,32(x21)	 x21:0x80008b95 x11=0x00000000 PA:0x80008bb5
        2245000	       223	80001324	fcca8723	sb	x12,-50(x21)	 x21:0x80008b95 x12:0x800087c0 PA:0x80008b63
        2255000	       224	80001328	74b1fe13	andi	x28,x3,1867	  x3:0x24f7d300 x28=0x00000300
        2265000	       225	8000132c	ff7a8123	sb	x23,-30(x21)	 x21:0x80008b95 x23:0x80000000 PA:0x80008b77
        2275000	       226	80001330	01b859b3	srl	x19,x16,x27	 x16:0x0000042e x27:0x00000000 x19=0x0000042e
        2285000	       227	80001334	003ad983	lhu	x19,3(x21)	 x21:0x80008b95 x19=0x00000000 PA:0x80008b98
        2295000	       228	80001338	8e3bc437	lui	x8,0x8e3bc	  x8=0x8e3bc000
        2305000	       229	8000133c	01ca8523	sb	x28,10(x21)	 x21:0x80008b95 x28:0x00000300 PA:0x80008b9f
        2315000	       230	80001340	027a9a03	lh	x20,39(x21)	 x21:0x80008b95 x20=0x00000000 PA:0x80008bbc
        2325000	       231	80001344	032a8c23	sb	x18,56(x21)	 x21:0x80008b95 x18:0x00000000 PA:0x80008bcd
        2335000	       232	80001348	fdaac503	lbu	x10,-38(x21)	 x21:0x80008b95 x10=0x00000000 PA:0x80008b6f
        2345000	       233	8000134c	0102ba33	sltu	x20,x5,x16	  x5:0x00000000 x16:0x0000042e x20=0x00000001
        2355000	       234	80001350	9c086e93	ori	x29,x16,-1600	 x16:0x0000042e x29=0xfffffdee
        2365000	       235	80001354	023a99a3	sh	x3,51(x21)	 x21:0x80008b95  x3:0x24f7d300 PA:0x80008bc8
        2375000	       236	80001358	ff8acc03	lbu	x24,-8(x21)	 x21:0x80008b95 x24=0x00000000 PA:0x80008b8d
        2385000	       237	8000135c	03bac003	lbu	x0,59(x21)	 x21:0x80008b95 PA:0x80008bd0
        2395000	       238	80001360	551f5937	lui	x18,0x551f5	 x18=0x551f5000
        2405000	       239	80001364	fcea92a3	sh	x14,-59(x21)	 x21:0x80008b95 x14:0x00000000 PA:0x80008b5a
        2415000	       240	80001368	00007597	auipc	x11,0x7	 x11=0x80008364
        2425000	       241	8000136c	0e458593	addi	x11,x11,228	 x11:0x80008364 x11=0x80008448
        2435000	       242	80001370	f28586a3	sb	x8,-211(x11)	 x11:0x80008448  x8:0x8e3bc000 PA:0x80008375
        2445000	       243	80001374	c7038913	addi	x18,x7,-912	  x7:0x00000000 x18=0xfffffc70
        2455000	       244	80001378	fbe5c903	lbu	x18,-66(x11)	 x11:0x80008448 x18=0x00000000 PA:0x80008406
        2465000	       245	8000137c	01358a83	lb	x21,19(x11)	 x11:0x80008448 x21=0x00000000 PA:0x8000845b
        2475000	       246	80001380	0135ca83	lbu	x21,19(x11)	 x11:0x80008448 x21=0x00000000 PA:0x8000845b
        2485000	       247	80001384	01358603	lb	x12,19(x11)	 x11:0x80008448 x12=0x00000000 PA:0x8000845b
        2495000	       248	80001388	0135c203	lbu	x4,19(x11)	 x11:0x80008448  x4=0x00000000 PA:0x8000845b
        2505000	       249	8000138c	f715c903	lbu	x18,-143(x11)	 x11:0x80008448 x18=0x00000000 PA:0x800083b9
        2515000	       250	80001390	f75588a3	sb	x21,-143(x11)	 x11:0x80008448 x21:0x00000000 PA:0x800083b9
        2525000	       251	80001394	f1458c83	lb	x25,-236(x11)	 x11:0x80008448 x25=0x00000000 PA:0x8000835c
        2535000	       252	80001398	f5f58303	lb	x6,-161(x11)	 x11:0x80008448  x6=0x00000000 PA:0x800083a7
        2545000	       253	8000139c	f4a58fa3	sb	x10,-161(x11)	 x11:0x80008448 x10:0x00000000 PA:0x800083a7
        2555000	       254	800013a0	f5f5c083	lbu	x1,-161(x11)	 x11:0x80008448  x1=0x00000000 PA:0x800083a7
        2565000	       255	800013a4	f5f58fa3	sb	x31,-161(x11)	 x11:0x80008448 x31:0x00000000 PA:0x800083a7
        2575000	       256	800013a8	f5f5c383	lbu	x7,-161(x11)	 x11:0x80008448  x7=0x00000000 PA:0x800083a7
        2585000	       257	800013ac	f5f58283	lb	x5,-161(x11)	 x11:0x80008448  x5=0x00000000 PA:0x800083a7
        2595000	       258	800013b0	c26d83b7	lui	x7,0xc26d8	  x7=0xc26d8000
        2605000	       259	800013b4	f5f58403	lb	x8,-161(x11)	 x11:0x80008448  x8=0x00000000 PA:0x800083a7
        2615000	       260	800013b8	06758383	lb	x7,103(x11)	 x11:0x80008448  x7=0x00000000 PA:0x800084af
        2625000	       261	00000000	00000013	addi	x0,x0,0	  x0:0x00000000
        2635000	       262	800013bc	0675cc83	lbu	x25,103(x11)	 x11:0x80008448 x25=0x00000000 PA:0x800084af
        2645000	       263	800013c0	0fd5cc83	lbu	x25,253(x11)	 x11:0x80008448 x25=0x00000000 PA:0x80008545
        2655000	       264	800013c4	0fd58503	lb	x10,253(x11)	 x11:0x80008448 x10=0x00000000 PA:0x80008545
        2665000	       265	800013c8	00007817	auipc	x16,0x7	 x16=0x800083c4
        2675000	       266	800013cc	e6c80813	addi	x16,x16,-404	 x16:0x800083c4 x16=0x80008230
        2685000	       267	800013d0	08b80003	lb	x0,139(x16)	 x16:0x80008230 PA:0x800082bb
        2695000	       268	800013d4	5af80203	lb	x4,1455(x16)	 x16:0x80008230  x4=0x00000000 PA:0x800087df
        2705000	       269	800013d8	5aa82e23	sw	x10,1468(x16)	 x16:0x80008230 x10:0x00000000 PA:0x800087ec
        2715000	       270	800013dc	13681c03	lh	x24,310(x16)	 x16:0x80008230 x24=0x00000000 PA:0x80008366
        2725000	       271	800013e0	13680383	lb	x7,310(x16)	 x16:0x80008230  x7=0x00000000 PA:0x80008366
        2735000	       272	800013e4	13681003	lh	x0,310(x16)	 x16:0x80008230 PA:0x80008366
        2745000	       273	800013e8	00000013	addi	x0,x0,0	  x0:0x00000000
        2755000	       274	800013ec	210d3c93	sltiu	x25,x26,528	 x26:0x00000000 x25=0x00000001
        2765000	       275	800013f0	13685503	lhu	x10,310(x16)	 x16:0x80008230 x10=0x00000000 PA:0x80008366
        2775000	       276	800013f4	51285203	lhu	x4,1298(x16)	 x16:0x80008230  x4=0x00000000 PA:0x80008742
        2785000	       277	800013f8	50e81923	sh	x14,1298(x16)	 x16:0x80008230 x14:0x00000000 PA:0x80008742
        2795000	       278	800013fc	41d88d33	sub	x26,x17,x29	 x17:0x00000301 x29:0xfffffdee x26=0x00000513
        2805000	       279	80001400	58a80e03	lb	x28,1418(x16)	 x16:0x80008230 x28=0x00000000 PA:0x800087ba
        2815000	       280	80001404	00007597	auipc	x11,0x7	 x11=0x80008400
        2825000	       281	80001408	1b158593	addi	x11,x11,433	 x11:0x80008400 x11=0x800085b1
        2835000	       282	8000140c	f3b5ca83	lbu	x21,-197(x11)	 x11:0x800085b1 x21=0x00000000 PA:0x800084ec
        2845000	       283	00000000	00000013	addi	x0,x0,0	  x0:0x00000000
        2855000	       284	80001410	0355dc83	lhu	x25,53(x11)	 x11:0x800085b1 x25=0x00000000 PA:0x800085e6
        2865000	       285	80001414	ffd581a3	sb	x29,-29(x11)	 x11:0x800085b1 x29:0xfffffdee PA:0x80008594
        2875000	       286	80001418	f095c983	lbu	x19,-247(x11)	 x11:0x800085b1 x19=0x00000000 PA:0x800084ba
        2885000	       287	8000141c	0007e833	or	x16,x15,x0	 x15:0x00000000  x0:0x00000000 x16=0x00000000
        2895000	       288	80001420	f2c5cc03	lbu	x24,-212(x11)	 x11:0x800085b1 x24=0x00000000 PA:0x800084dd
        2905000	       289	80001424	4178d213	srai	x4,x17,0x17	 x17:0x00000301  x4=0x00000000
        2915000	       290	80001428	f5e58a03	lb	x20,-162(x11)	 x11:0x800085b1 x20=0x00000000 PA:0x8000850f
        2925000	       291	8000142c	0192d833	srl	x16,x5,x25	  x5:0x00000000 x25:0x00000000 x16=0x00000000
        2935000	       292	80001430	78ff8e97	auipc	x29,0x78ff8	 x29=0xf8ff942c
        2945000	       293	80001434	00feb633	sltu	x12,x29,x15	 x29:0xf8ff942c x15:0x00000000 x12=0x00000000
        2955000	       294	80001438	9cbe3713	sltiu	x14,x28,-1589	 x28:0x00000000 x14=0x00000001
        2965000	       295	8000143c	00000013	addi	x0,x0,0	  x0:0x00000000
        2975000	       296	80001440	5e427413	andi	x8,x4,1508	  x4:0x00000000  x8=0x00000000
        2985000	       297	80001444	0161af33	slt	x30,x3,x22	  x3:0x24f7d300 x22:0x80009fc4 x30=0x00000000
        2995000	       298	80001448	0a258803	lb	x16,162(x11)	 x11:0x800085b1 x16=0x00000000 PA:0x80008653
        3005000	       299	8000144c	ffa5c903	lbu	x18,-6(x11)	 x11:0x800085b1 x18=0x0000008d PA:0x800085ab
        3015000	       300	80001450	00a4f033	and	x0,x9,x10	  x9:0x80000000 x10:0x00000000
        3025000	       301	80001454	fc2587a3	sb	x2,-49(x11)	 x11:0x800085b1  x2:0x80009f14 PA:0x80008580
        3035000	       302	80001458	00279213	slli	x4,x15,0x2	 x15:0x00000000  x4=0x00000000
        3045000	       303	8000145c	0fc5cd83	lbu	x27,252(x11)	 x11:0x800085b1 x27=0x00000000 PA:0x800086ad
        3055000	       304	80001460	416c0fb3	sub	x31,x24,x22	 x24:0x00000000 x22:0x80009fc4 x31=0x7fff603c
        3065000	       305	80001464	003e5d33	srl	x26,x28,x3	 x28:0x00000000  x3:0x24f7d300 x26=0x00000000
        3075000	       306	80001468	018cf433	and	x8,x25,x24	 x25:0x00000000 x24:0x00000000  x8=0x00000000
        3085000	       307	8000146c	fa858083	lb	x1,-88(x11)	 x11:0x800085b1  x1=0x00000000 PA:0x80008559
        3095000	       308	80001470	9032ea17	auipc	x20,0x9032e	 x20=0x1032f46c
        3105000	       309	80001474	02f5d383	lhu	x7,47(x11)	 x11:0x800085b1  x7=0x00000000 PA:0x800085e0
        3115000	       310	80001478	fba58023	sb	x26,-96(x11)	 x11:0x800085b1 x26:0x00000000 PA:0x80008551
        3125000	       311	8000147c	0293fd13	andi	x26,x7,41	  x7:0x00000000 x26=0x00000000
        3135000	       312	80001480	0435d003	lhu	x0,67(x11)	 x11:0x800085b1 PA:0x800085f4
        3145000	       313	80001484	06f58123	sb	x15,98(x11)	 x11:0x800085b1 x15:0x00000000 PA:0x80008613
        3155000	       314	80001488	01af1c93	slli	x25,x30,0x1a	 x30:0x00000000 x25=0x00000000
        3165000	       315	8000148c	01c87ab3	and	x21,x16,x28	 x16:0x00000000 x28:0x00000000 x21=0x00000000
        3175000	       316	80001490	fd159603	lh	x12,-47(x11)	 x11:0x800085b1 x12=0x00000000 PA:0x80008582
        3185000	       317	80001494	f64594a3	sh	x4,-151(x11)	 x11:0x800085b1  x4:0x00000000 PA:0x8000851a
        3195000	       318	80001498	00007297	auipc	x5,0x7	  x5=0x80008494
        3205000	       319	8000149c	3ca28293	addi	x5,x5,970	  x5:0x80008494  x5=0x8000885e
        3215000	       320	800014a0	00007417	auipc	x8,0x7	  x8=0x8000849c
        3225000	       321	800014a4	4ff40413	addi	x8,x8,1279	  x8:0x8000849c  x8=0x8000899b
        3235000	       322	800014a8	00728803	lb	x16,7(x5)	  x5:0x8000885e x16=0x00000000 PA:0x80008865
        3245000	       323	800014ac	fed28da3	sb	x13,-5(x5)	  x5:0x8000885e x13:0x00000000 PA:0x80008859
        3255000	       324	800014b0	f7344203	lbu	x4,-141(x8)	  x8:0x8000899b  x4=0x00000000 PA:0x8000890e
        3265000	       325	800014b4	01929623	sh	x25,12(x5)	  x5:0x8000885e x25:0x00000000 PA:0x8000886a
        3275000	       326	800014b8	fb8417a3	sh	x24,-81(x8)	  x8:0x8000899b x24:0x00000000 PA:0x8000894a
        3285000	       327	800014bc	ff12c683	lbu	x13,-15(x5)	  x5:0x8000885e x13=0x00000000 PA:0x8000884f
        3295000	       328	800014c0	fa640e03	lb	x28,-90(x8)	  x8:0x8000899b x28=0x00000000 PA:0x80008941
        3305000	       329	800014c4	04540d23	sb	x5,90(x8)	  x8:0x8000899b  x5:0x8000885e PA:0x800089f5
        3315000	       330	800014c8	fea28fa3	sb	x10,-1(x5)	  x5:0x8000885e x10:0x00000000 PA:0x8000885d
        3325000	       331	800014cc	f2e44a03	lbu	x20,-210(x8)	  x8:0x8000899b x20=0x00000000 PA:0x800088c9
        3335000	       332	800014d0	f9c400a3	sb	x28,-127(x8)	  x8:0x8000899b x28:0x00000000 PA:0x8000891c
        3345000	       333	800014d4	ff828a23	sb	x24,-12(x5)	  x5:0x8000885e x24:0x00000000 PA:0x80008852
        3355000	       334	800014d8	00e44a03	lbu	x20,14(x8)	  x8:0x8000899b x20=0x00000000 PA:0x800089a9
        3365000	       335	800014dc	00545a03	lhu	x20,5(x8)	  x8:0x8000899b x20=0x00000000 PA:0x800089a0
        3375000	       336	800014e0	ff028f83	lb	x31,-16(x5)	  x5:0x8000885e x31=0x00000000 PA:0x8000884e
        3385000	       337	800014e4	ffa28e03	lb	x28,-6(x5)	  x5:0x8000885e x28=0x00000000 PA:0x80008858
        3395000	       338	800014e8	00007897	auipc	x17,0x7	 x17=0x800084e4
        3405000	       339	800014ec	28588893	addi	x17,x17,645	 x17:0x800084e4 x17=0x80008769
        3415000	       340	800014f0	f8a88403	lb	x8,-118(x17)	 x17:0x80008769  x8=0x00000000 PA:0x800086f3
        3425000	       341	800014f4	f6989483	lh	x9,-151(x17)	 x17:0x80008769  x9=0x00000000 PA:0x800086d2
        3435000	       342	800014f8	1eed4793	xori	x15,x26,494	 x26:0x00000000 x15=0x000001ee
        3445000	       343	800014fc	f2a89ba3	sh	x10,-201(x17)	 x17:0x80008769 x10:0x00000000 PA:0x800086a0
        3455000	       344	80001500	0608c503	lbu	x10,96(x17)	 x17:0x80008769 x10=0x00000000 PA:0x800087c9
        3465000	       345	80001504	57468f93	addi	x31,x13,1396	 x13:0x00000000 x31=0x00000574
        3475000	       346	80001508	fef8da83	lhu	x21,-17(x17)	 x17:0x80008769 x21=0x00000000 PA:0x80008758
        3485000	       347	8000150c	08688183	lb	x3,134(x17)	 x17:0x80008769  x3=0x00000000 PA:0x800087ef
        3495000	       348	80001510	00000013	addi	x0,x0,0	  x0:0x00000000
        3505000	       349	80001514	0668c683	lbu	x13,102(x17)	 x17:0x80008769 x13=0x00000000 PA:0x800087cf
        3515000	       350	80001518	40860d33	sub	x26,x12,x8	 x12:0x00000000  x8:0x00000000 x26=0x00000000
        3525000	       351	8000151c	fec88983	lb	x19,-20(x17)	 x17:0x80008769 x19=0x00000000 PA:0x80008755
        3535000	       352	80001520	f4c8cd03	lbu	x26,-180(x17)	 x17:0x80008769 x26=0x00000000 PA:0x800086b5
        3545000	       353	80001524	ff68c283	lbu	x5,-10(x17)	 x17:0x80008769  x5=0x00000000 PA:0x8000875f
        3555000	       354	80001528	f8388c23	sb	x3,-104(x17)	 x17:0x80008769  x3:0x00000000 PA:0x80008701
        3565000	       355	8000152c	0148c183	lbu	x3,20(x17)	 x17:0x80008769  x3=0x00000000 PA:0x8000877d
        3575000	       356	80001530	01366db3	or	x27,x12,x19	 x12:0x00000000 x19:0x00000000 x27=0x00000000
        3585000	       357	80001534	00073233	sltu	x4,x14,x0	 x14:0x00000001  x0:0x00000000  x4=0x00000000
        3595000	       358	80001538	0b9896a3	sh	x25,173(x17)	 x17:0x80008769 x25:0x00000000 PA:0x80008816
        3605000	       359	8000153c	fed89d83	lh	x27,-19(x17)	 x17:0x80008769 x27=0x00000000 PA:0x80008756
        3615000	       360	80001540	28b8ef93	ori	x31,x17,651	 x17:0x80008769 x31=0x800087eb
        3625000	       361	80001544	d112fe37	lui	x28,0xd112f	 x28=0xd112f000
        3635000	       362	80001548	f3089da3	sh	x16,-197(x17)	 x17:0x80008769 x16:0x00000000 PA:0x800086a4
        3645000	       363	8000154c	f0b88823	sb	x11,-240(x17)	 x17:0x80008769 x11:0x800085b1 PA:0x80008679
        3655000	       364	80001550	07788623	sb	x23,108(x17)	 x17:0x80008769 x23:0x80000000 PA:0x800087d5
        3665000	       365	80001554	9c37f993	andi	x19,x15,-1597	 x15:0x000001ee x19=0x000001c2
        3675000	       366	80001558	00000013	addi	x0,x0,0	  x0:0x00000000
        3685000	       367	8000155c	0918c083	lbu	x1,145(x17)	 x17:0x80008769  x1=0x00000000 PA:0x800087fa
        3695000	       368	80001560	413557b3	sra	x15,x10,x19	 x10:0x00000000 x19:0x000001c2 x15=0x00000000
        3705000	       369	80001564	98864693	xori	x13,x12,-1656	 x12:0x00000000 x13=0xfffff988
        3715000	       370	80001568	f7f89703	lh	x14,-129(x17)	 x17:0x80008769 x14=0x00000000 PA:0x800086e8
        3725000	       371	8000156c	00007c97	auipc	x25,0x7	 x25=0x80008568
        3735000	       372	80001570	554c8c93	addi	x25,x25,1364	 x25:0x80008568 x25=0x80008abc
        3745000	       373	80001574	00007e17	auipc	x28,0x7	 x28=0x80008570
        3755000	       374	80001578	6d5e0e13	addi	x28,x28,1749	 x28:0x80008570 x28=0x80008c45
        3765000	       375	8000157c	ff0e0923	sb	x16,-14(x28)	 x28:0x80008c45 x16:0x00000000 PA:0x80008c37
        3775000	       376	80001580	00007197	auipc	x3,0x7	  x3=0x8000857c
        3785000	       377	80001584	57218193	addi	x3,x3,1394	  x3:0x8000857c  x3=0x80008aee
        3795000	       378	80001588	00007d97	auipc	x27,0x7	 x27=0x80008584
        3805000	       379	8000158c	3ccd8d93	addi	x27,x27,972	 x27:0x80008584 x27=0x80008950
        3815000	       380	80001590	00008f17	auipc	x30,0x8	 x30=0x8000958c
        3825000	       381	80001594	9c5f0f13	addi	x30,x30,-1595	 x30:0x8000958c x30=0x80008f51
        3835000	       382	80001598	002ca423	sw	x2,8(x25)	 x25:0x80008abc  x2:0x80009f14 PA:0x80008ac4
        3845000	       383	8000159c	06af0e23	sb	x10,124(x30)	 x30:0x80008f51 x10:0x00000000 PA:0x80008fcd
        3855000	       384	800015a0	fe9e08a3	sb	x9,-15(x28)	 x28:0x80008c45  x9:0x00000000 PA:0x80008c36
        3865000	       385	800015a4	ff5cc483	lbu	x9,-11(x25)	 x25:0x80008abc  x9=0x00000000 PA:0x80008ab1
        3875000	       386	800015a8	0c2d8da3	sb	x2,219(x27)	 x27:0x80008950  x2:0x80009f14 PA:0x80008a2b
        3885000	       387	800015ac	00ae4603	lbu	x12,10(x28)	 x28:0x80008c45 x12=0x00000000 PA:0x80008c4f
        3895000	       388	800015b0	ff8ca903	lw	x18,-8(x25)	 x25:0x80008abc x18=0x00000000 PA:0x80008ab4
        3905000	       389	800015b4	fbaf0a83	lb	x21,-70(x30)	 x30:0x80008f51 x21=0x00000000 PA:0x80008f0b
        3915000	       390	800015b8	02cda603	lw	x12,44(x27)	 x27:0x80008950 x12=0x00000000 PA:0x8000897c
        3925000	       391	800015bc	f98dd283	lhu	x5,-104(x27)	 x27:0x80008950  x5=0x00000000 PA:0x800088e8
        3935000	       392	800015c0	00fe4403	lbu	x8,15(x28)	 x28:0x80008c45  x8=0x00000000 PA:0x80008c54
        3945000	       393	800015c4	4dd1cc03	lbu	x24,1245(x3)	  x3:0x80008aee x24=0x00000000 PA:0x80008fcb
        3955000	       394	800015c8	ffec9483	lh	x9,-2(x25)	 x25:0x80008abc  x9=0x00000000 PA:0x80008aba
        3965000	       395	800015cc	f58f4383	lbu	x7,-168(x30)	 x30:0x80008f51  x7=0x00000000 PA:0x80008ea9
        3975000	       396	800015d0	320184a3	sb	x0,809(x3)	  x3:0x80008aee  x0:0x00000000 PA:0x80008e17
        3985000	       397	800015d4	00ee0d03	lb	x26,14(x28)	 x28:0x80008c45 x26=0x00000000 PA:0x80008c53
        3995000	       398	800015d8	fe0dd303	lhu	x6,-32(x27)	 x27:0x80008950  x6=0x00000000 PA:0x80008930
        4005000	       399	800015dc	3d218883	lb	x17,978(x3)	  x3:0x80008aee x17=0x00000000 PA:0x80008ec0
        4015000	       400	800015e0	033f1683	lh	x13,51(x30)	 x30:0x80008f51 x13=0x00000000 PA:0x80008f84
        4025000	       401	800015e4	12918903	lb	x18,297(x3)	  x3:0x80008aee x18=0x00000000 PA:0x80008c17
        4035000	       402	800015e8	fd6dd983	lhu	x19,-42(x27)	 x27:0x80008950 x19=0x00000000 PA:0x80008926
        4045000	       403	800015ec	19e18fa3	sb	x30,415(x3)	  x3:0x80008aee x30:0x80008f51 PA:0x80008c8d
        4055000	       404	800015f0	feac9e23	sh	x10,-4(x25)	 x25:0x80008abc x10:0x00000000 PA:0x80008ab8
        4065000	       405	800015f4	00ce0503	lb	x10,12(x28)	 x28:0x80008c45 x10=0x00000000 PA:0x80008c51
        4075000	       406	800015f8	000e4483	lbu	x9,0(x28)	 x28:0x80008c45  x9=0x00000000 PA:0x80008c45
        4085000	       407	800015fc	dcf18ea3	sb	x15,-547(x3)	  x3:0x80008aee x15:0x00000000 PA:0x800088cb
        4095000	       408	80001600	ff6e4403	lbu	x8,-10(x28)	 x28:0x80008c45  x8=0x00000000 PA:0x80008c3b
        4105000	       409	80001604	077f0d03	lb	x26,119(x30)	 x30:0x80008f51 x26=0x00000000 PA:0x80008fc8
        4115000	       410	80001608	f5edc983	lbu	x19,-162(x27)	 x27:0x80008950 x19=0x00000000 PA:0x800088ae
        4125000	       411	8000160c	f47d8703	lb	x14,-185(x27)	 x27:0x80008950 x14=0x00000000 PA:0x80008897
        4135000	       412	80001610	071f00a3	sb	x17,97(x30)	 x30:0x80008f51 x17:0x00000000 PA:0x80008fb2
        4145000	       413	80001614	000e4483	lbu	x9,0(x28)	 x28:0x80008c45  x9=0x00000000 PA:0x80008c45
        4155000	       414	80001618	feec8ca3	sb	x14,-7(x25)	 x25:0x80008abc x14:0x00000000 PA:0x80008ab5
        4165000	       415	8000161c	010e0203	lb	x4,16(x28)	 x28:0x80008c45  x4=0x00000000 PA:0x80008c55
        4175000	       416	80001620	1d91c303	lbu	x6,473(x3)	  x3:0x80008aee  x6=0x00000000 PA:0x80008cc7
        4185000	       417	80001624	09ad81a3	sb	x26,131(x27)	 x27:0x80008950 x26:0x00000000 PA:0x800089d3
        4195000	       418	80001628	076f0683	lb	x13,118(x30)	 x30:0x80008f51 x13=0x00000000 PA:0x80008fc7
        4205000	       419	8000162c	fcaf0603	lb	x12,-54(x30)	 x30:0x80008f51 x12=0x00000000 PA:0x80008f1b
        4215000	       420	80001630	00007817	auipc	x16,0x7	 x16=0x8000862c
        4225000	       421	80001634	a5480813	addi	x16,x16,-1452	 x16:0x8000862c x16=0x80008080
        4235000	       422	80001638	6fc84883	lbu	x17,1788(x16)	 x16:0x80008080 x17=0x00000000 PA:0x8000877c
        4245000	       423	8000163c	4091da93	srai	x21,x3,0x9	  x3:0x80008aee x21=0xffc00045
        4255000	       424	80001640	0027a9b3	slt	x19,x15,x2	 x15:0x00000000  x2:0x80009f14 x19=0x00000000
        4265000	       425	80001644	01fcd8b3	srl	x17,x25,x31	 x25:0x80008abc x31:0x800087eb x17=0x00100011
        4275000	       426	80001648	019cf933	and	x18,x25,x25	 x25:0x80008abc x25:0x80008abc x18=0x80008abc
        4285000	       427	8000164c	3a8d3a93	sltiu	x21,x26,936	 x26:0x00000000 x21=0x00000001
        4295000	       428	80001650	ad7a0413	addi	x8,x20,-1321	 x20:0x00000000  x8=0xfffffad7
        4305000	       429	80001654	124c24b7	lui	x9,0x124c2	  x9=0x124c2000
        4315000	       430	80001658	014c2fb3	slt	x31,x24,x20	 x24:0x00000000 x20:0x00000000 x31=0x00000000
        4325000	       431	8000165c	01789013	slli	x0,x17,0x17	 x17:0x00100011
        4335000	       432	80001660	00ec00b3	add	x1,x24,x14	 x24:0x00000000 x14:0x00000000  x1=0x00000000
        4345000	       433	80001664	01e85393	srli	x7,x16,0x1e	 x16:0x80008080  x7=0x00000002
        4355000	       434	80001668	58384f03	lbu	x30,1411(x16)	 x16:0x80008080 x30=0x00000000 PA:0x80008603
        4365000	       435	8000166c	01dbdf13	srli	x30,x23,0x1d	 x23:0x80000000 x30=0x00000004
        4375000	       436	80001670	70b84283	lbu	x5,1803(x16)	 x16:0x80008080  x5=0x00000000 PA:0x8000878b
        4385000	       437	80001674	143809a3	sb	x3,339(x16)	 x16:0x80008080  x3:0x80008aee PA:0x800081d3
        4395000	       438	80001678	002613b3	sll	x7,x12,x2	 x12:0x00000000  x2:0x80009f14  x7=0x00000000
        4405000	       439	8000167c	79080d03	lb	x26,1936(x16)	 x16:0x80008080 x26=0x00000000 PA:0x80008810
        4415000	       440	80001680	72d81b23	sh	x13,1846(x16)	 x16:0x80008080 x13:0x00000000 PA:0x800087b6
        4425000	       441	80001684	049e1297	auipc	x5,0x49e1	  x5=0x849e2680
        4435000	       442	80001688	1f580d83	lb	x27,501(x16)	 x16:0x80008080 x27=0x00000000 PA:0x80008275
        4445000	       443	8000168c	79380083	lb	x1,1939(x16)	 x16:0x80008080  x1=0x00000000 PA:0x80008813
        4455000	       444	80001690	dcc13393	sltiu	x7,x2,-564	  x2:0x80009f14  x7=0x00000001
        4465000	       445	80001694	34880283	lb	x5,840(x16)	 x16:0x80008080  x5=0x00000000 PA:0x800083c8
        4475000	       446	80001698	00e43c33	sltu	x24,x8,x14	  x8:0xfffffad7 x14:0x00000000 x24=0x00000000
        4485000	       447	8000169c	01946a33	or	x20,x8,x25	  x8:0xfffffad7 x25:0x80008abc x20=0xfffffaff
        4495000	       448	800016a0	0046b6b3	sltu	x13,x13,x4	 x13:0x00000000  x4:0x00000000 x13=0x00000000
        4505000	       449	800016a4	00185893	srli	x17,x16,0x1	 x16:0x80008080 x17=0x40004040
        4515000	       450	800016a8	00003233	sltu	x4,x0,x0	  x0:0x00000000  x0:0x00000000  x4=0x00000000
        4525000	       451	800016ac	5626cd13	xori	x26,x13,1378	 x13:0x00000000 x26=0x00000562
        4535000	       452	800016b0	0115b733	sltu	x14,x11,x17	 x11:0x800085b1 x17:0x40004040 x14=0x00000000
        4545000	       453	800016b4	cdf2ae93	slti	x29,x5,-801	  x5:0x00000000 x29=0x00000000
        4555000	       454	800016b8	f324bf93	sltiu	x31,x9,-206	  x9:0x124c2000 x31=0x00000001
        4565000	       455	800016bc	00559693	slli	x13,x11,0x5	 x11:0x800085b1 x13=0x0010b620
        4575000	       456	800016c0	00d93eb3	sltu	x29,x18,x13	 x18:0x80008abc x13:0x0010b620 x29=0x00000000
        4585000	       457	800016c4	00000013	addi	x0,x0,0	  x0:0x00000000
        4595000	       458	800016c8	3e780823	sb	x7,1008(x16)	 x16:0x80008080  x7:0x00000001 PA:0x80008470
        4605000	       459	800016cc	7cf88493	addi	x9,x17,1999	 x17:0x40004040  x9=0x4000480f
        4615000	       460	800016d0	4c2809a3	sb	x2,1235(x16)	 x16:0x80008080  x2:0x80009f14 PA:0x80008553
        4625000	       461	800016d4	00cdea63	bltu	x27,x12,800016e8	 x27:0x00000000 x12:0x00000000
        4635000	       462	800016d8	40055313	srai	x6,x10,0x0	 x10:0x00000000  x6=0x00000000
        4645000	       463	800016dc	40cce637	lui	x12,0x40cce	 x12=0x40cce000
        4655000	       464	800016e0	4b0f3613	sltiu	x12,x30,1200	 x30:0x00000004 x12=0x00000001
        4665000	       465	800016e4	01991733	sll	x14,x18,x25	 x18:0x80008abc x25:0x80008abc x14=0xc0000000
        4675000	       466	800016e8	2c4dc737	lui	x14,0x2c4dc	 x14=0x2c4dc000
        4685000	       467	800016ec	84d36e13	ori	x28,x6,-1971	  x6:0x00000000 x28=0xfffff84d
        4695000	       468	800016f0	5c8cba93	sltiu	x21,x25,1480	 x25:0x80008abc x21=0x00000000
        4705000	       469	800016f4	01109e93	slli	x29,x1,0x11	  x1:0x00000000 x29=0x00000000
        4715000	       470	800016f8	0198e2b3	or	x5,x17,x25	 x17:0x40004040 x25:0x80008abc  x5=0xc000cafc
        4725000	       471	800016fc	418dd213	srai	x4,x27,0x18	 x27:0x00000000  x4=0x00000000
        4735000	       472	80001700	017219b3	sll	x19,x4,x23	  x4:0x00000000 x23:0x80000000 x19=0x00000000
        4745000	       473	80001704	b213ad13	slti	x26,x7,-1247	  x7:0x00000001 x26=0x00000000
        4755000	       474	80001708	003f19b3	sll	x19,x30,x3	 x30:0x00000004  x3:0x80008aee x19=0x00010000
        4765000	       475	8000170c	014ef333	and	x6,x29,x20	 x29:0x00000000 x20:0xfffffaff  x6=0x00000000
        4775000	       476	80001710	05b50663	beq	x10,x27,8000175c	 x10:0x00000000 x27:0x00000000
        4785000	       477	00000000	00000013	addi	x0,x0,0	  x0:0x00000000
        4795000	       478	80001758	00000013	addi	x0,x0,0	  x0:0x00000000
        4805000	       479	8000175c	e182e913	ori	x18,x5,-488	  x5:0xc000cafc x18=0xfffffefc
        4815000	       480	80001760	016b80b3	add	x1,x23,x22	 x23:0x80000000 x22:0x80009fc4  x1=0x00009fc4
        4825000	       481	80001764	0010b2b3	sltu	x5,x1,x1	  x1:0x00009fc4  x1:0x00009fc4  x5=0x00000000
        4835000	       482	80001768	033aee63	bltu	x21,x19,800017a4	 x21:0x00000000 x19:0x00010000
        4845000	       483	00000000	00000013	addi	x0,x0,0	  x0:0x00000000
        4855000	       484	800017a0	00000013	addi	x0,x0,0	  x0:0x00000000
        4865000	       485	800017a4	01cb9e33	sll	x28,x23,x28	 x23:0x80000000 x28:0xfffff84d x28=0x00000000
        4875000	       486	800017a8	03858063	beq	x11,x24,800017c8	 x11:0x800085b1 x24:0x00000000
        4885000	       487	800017ac	01b01e13	slli	x28,x0,0x1b	  x0:0x00000000 x28=0x00000000
        4895000	       488	800017b0	012d7c63	bgeu	x26,x18,800017c8	 x26:0x00000000 x18:0xfffffefc
        4905000	       489	800017b4	00ce7863	bgeu	x28,x12,800017c4	 x28:0x00000000 x12:0x00000001
        4915000	       490	800017b8	01869533	sll	x10,x13,x24	 x13:0x0010b620 x24:0x00000000 x10=0x0010b620
        4925000	       491	800017bc	41a2d213	srai	x4,x5,0x1a	  x5:0x00000000  x4=0x00000000
        4935000	       492	800017c0	013b4fb3	xor	x31,x22,x19	 x22:0x80009fc4 x19:0x00010000 x31=0x80019fc4
        4945000	       493	800017c4	003215b3	sll	x11,x4,x3	  x4:0x00000000  x3:0x80008aee x11=0x00000000
        4955000	       494	800017c8	be3fb097	auipc	x1,0xbe3fb	  x1=0x3e3fc7c4
        4965000	       495	800017cc	0f0cec13	ori	x24,x25,240	 x25:0x80008abc x24=0x80008afc
        4975000	       496	800017d0	01ec9393	slli	x7,x25,0x1e	 x25:0x80008abc  x7=0x00000000
        4985000	       497	800017d4	018c1a93	slli	x21,x24,0x18	 x24:0x80008afc x21=0xfc000000
        4995000	       498	800017d8	02084463	blt	x16,x0,80001800	 x16:0x80008080  x0:0x00000000
        5005000	       499	00000000	00000013	addi	x0,x0,0	  x0:0x00000000
        5015000	       500	800017fc	00000013	addi	x0,x0,0	  x0:0x00000000
        5025000	       501	80001800	00000013	addi	x0,x0,0	  x0:0x00000000
        5035000	       502	80001804	01d61413	slli	x8,x12,0x1d	 x12:0x00000001  x8=0x20000000
        5045000	       503	80001808	01b18733	add	x14,x3,x27	  x3:0x80008aee x27:0x00000000 x14=0x80008aee
        5055000	       504	8000180c	88d12693	slti	x13,x2,-1907	  x2:0x80009f14 x13=0x00000001
        5065000	       505	80001810	93baa493	slti	x9,x21,-1733	 x21:0xfc000000  x9=0x00000001
        5075000	       506	80001814	00d19013	slli	x0,x3,0xd	  x3:0x80008aee
        5085000	       507	80001818	00020033	add	x0,x4,x0	  x4:0x00000000  x0:0x00000000
        5095000	       508	8000181c	f502c297	auipc	x5,0xf502c	  x5=0x7502d818
        5105000	       509	80001820	009b9593	slli	x11,x23,0x9	 x23:0x80000000 x11=0x00000000
        5115000	       510	80001824	007762b3	or	x5,x14,x7	 x14:0x80008aee  x7:0x00000000  x5=0x80008aee
        5125000	       511	80001828	4107df93	srai	x31,x15,0x10	 x15:0x00000000 x31=0x00000000
        5135000	       512	8000182c	240cc093	xori	x1,x25,576	 x25:0x80008abc  x1=0x800088fc
        5145000	       513	80001830	09b2ea63	bltu	x5,x27,800018c4	  x5:0x80008aee x27:0x00000000
        5155000	       514	80001834	f2304e17	auipc	x28,0xf2304	 x28=0x72305830
        5165000	       515	80001838	65c4fd93	andi	x27,x9,1628	  x9:0x00000001 x27=0x00000000
        5175000	       516	8000183c	01069cb3	sll	x25,x13,x16	 x13:0x00000001 x16:0x80008080 x25=0x00000001
        5185000	       517	80001840	01412e33	slt	x28,x2,x20	  x2:0x80009f14 x20:0xfffffaff x28=0x00000001
        5195000	       518	80001844	000051b3	srl	x3,x0,x0	  x0:0x00000000  x0:0x00000000  x3=0x00000000
        5205000	       519	80001848	00000013	addi	x0,x0,0	  x0:0x00000000
        5215000	       520	8000184c	00007a17	auipc	x20,0x7	 x20=0x80008848
        5225000	       521	80001850	071a0a13	addi	x20,x20,113	 x20:0x80008848 x20=0x800088b9
        5235000	       522	80001854	2f5a25a3	sw	x21,747(x20)	 x20:0x800088b9 x21:0xfc000000 PA:0x80008ba4
        5245000	       523	80001858	725a04a3	sb	x5,1833(x20)	 x20:0x800088b9  x5:0x80008aee PA:0x80008fe2
        5255000	       524	8000185c	26ba0123	sb	x11,610(x20)	 x20:0x800088b9 x11:0x00000000 PA:0x80008b1b
        5265000	       525	80001860	01bb51b3	srl	x3,x22,x27	 x22:0x80009fc4 x27:0x00000000  x3=0x80009fc4
        5275000	       526	80001864	a3602293	slti	x5,x0,-1482	  x0:0x00000000  x5=0x00000000
        5285000	       527	80001868	262a4583	lbu	x11,610(x20)	 x20:0x800088b9 x11=0x00000000 PA:0x80008b1b
        5295000	       528	8000186c	3e3a5203	lhu	x4,995(x20)	 x20:0x800088b9  x4=0x00000000 PA:0x80008c9c
        5305000	       529	00000000	00000013	addi	x0,x0,0	  x0:0x00000000
        5315000	       530	80001870	724a0a83	lb	x21,1828(x20)	 x20:0x800088b9 x21=0x00000000 PA:0x80008fdd
        5325000	       531	80001874	ff6a1ba3	sh	x22,-9(x20)	 x20:0x800088b9 x22:0x80009fc4 PA:0x800088b0
        5335000	       532	80001878	352a0683	lb	x13,850(x20)	 x20:0x800088b9 x13=0x00000000 PA:0x80008c0b
        5345000	       533	8000187c	0048be33	sltu	x28,x17,x4	 x17:0x40004040  x4:0x00000000 x28=0x00000000
        5355000	       534	80001880	299a0b23	sb	x25,662(x20)	 x20:0x800088b9 x25:0x00000001 PA:0x80008b4f
        5365000	       535	80001884	3b716613	ori	x12,x2,951	  x2:0x80009f14 x12=0x80009fb7
        5375000	       536	80001888	1baa0003	lb	x0,442(x20)	 x20:0x800088b9 PA:0x80008a73
        5385000	       537	8000188c	636a4783	lbu	x15,1590(x20)	 x20:0x800088b9 x15=0x00000000 PA:0x80008eef
        5395000	       538	80001890	005105b3	add	x11,x2,x5	  x2:0x80009f14  x5:0x00000000 x11=0x80009f14
        5405000	       539	80001894	0141a233	slt	x4,x3,x20	  x3:0x80009fc4 x20:0x800088b9  x4=0x00000000
        5415000	       540	80001898	3b0a4d83	lbu	x27,944(x20)	 x20:0x800088b9 x27=0x00000000 PA:0x80008c69
        5425000	       541	8000189c	3b0a4903	lbu	x18,944(x20)	 x20:0x800088b9 x18=0x00000000 PA:0x80008c69
        5435000	       542	800018a0	729a4d03	lbu	x26,1833(x20)	 x20:0x800088b9 x26=0x000000ee PA:0x80008fe2
        5445000	       543	800018a4	726a14a3	sh	x6,1833(x20)	 x20:0x800088b9  x6:0x00000000 PA:0x80008fe2
        5455000	       544	800018a8	0cba0f83	lb	x31,203(x20)	 x20:0x800088b9 x31=0x00000000 PA:0x80008984
        5465000	       545	800018ac	21ea0403	lb	x8,542(x20)	 x20:0x800088b9  x8=0x00000000 PA:0x80008ad7
        5475000	       546	00000000	00000013	addi	x0,x0,0	  x0:0x00000000
        5485000	       547	800018b0	0a837d17	auipc	x26,0xa837	 x26=0x8a8388ac
        5495000	       548	800018b4	397a0803	lb	x16,919(x20)	 x20:0x800088b9 x16=0x00000000 PA:0x80008c50
        5505000	       549	800018b8	fd49e793	ori	x15,x19,-44	 x19:0x00010000 x15=0xffffffd4
        5515000	       550	800018bc	00c89d33	sll	x26,x17,x12	 x17:0x40004040 x12:0x80009fb7 x26=0x20000000
        5525000	       551	800018c0	011e5e33	srl	x28,x28,x17	 x28:0x00000000 x17:0x40004040 x28=0x00000000
        5535000	       552	800018c4	f263f493	andi	x9,x7,-218	  x7:0x00000000  x9=0x00000000
        5545000	       553	800018c8	404e56b3	sra	x13,x28,x4	 x28:0x00000000  x4:0x00000000 x13=0x00000000
        5555000	       554	800018cc	5d774d37	lui	x26,0x5d774	 x26=0x5d774000
        5565000	       555	800018d0	01f351b3	srl	x3,x6,x31	  x6:0x00000000 x31:0x00000000  x3=0x00000000
        5575000	       556	800018d4	417c03b3	sub	x7,x24,x23	 x24:0x80008afc x23:0x80000000  x7=0x00008afc
        5585000	       557	800018d8	4181dc33	sra	x24,x3,x24	  x3:0x00000000 x24:0x80008afc x24=0x00000000
        5595000	       558	800018dc	d804f993	andi	x19,x9,-640	  x9:0x00000000 x19=0x00000000
        5605000	       559	800018e0	00a5c933	xor	x18,x11,x10	 x11:0x80009f14 x10:0x0010b620 x18=0x80102934
        5615000	       560	800018e4	00d29333	sll	x6,x5,x13	  x5:0x00000000 x13:0x00000000  x6=0x00000000
        5625000	       561	800018e8	00007697	auipc	x13,0x7	 x13=0x800088e4
        5635000	       562	800018ec	bc968693	addi	x13,x13,-1079	 x13:0x800088e4 x13=0x800084ad
        5645000	       563	800018f0	09c68423	sb	x28,136(x13)	 x13:0x800084ad x28:0x00000000 PA:0x80008535
        5655000	       564	800018f4	00006917	auipc	x18,0x6	 x18=0x800078f0
        5665000	       565	800018f8	7a490913	addi	x18,x18,1956	 x18:0x800078f0 x18=0x80008094
        5675000	       566	800018fc	f3e68203	lb	x4,-194(x13)	 x13:0x800084ad  x4=0x00000000 PA:0x800083eb
        5685000	       567	80001900	0dd6d883	lhu	x17,221(x13)	 x13:0x800084ad x17=0x00000000 PA:0x8000858a
        5695000	       568	80001904	01790603	lb	x12,23(x18)	 x18:0x80008094 x12=0x00000000 PA:0x800080ab
        5705000	       569	80001908	f04693a3	sh	x4,-249(x13)	 x13:0x800084ad  x4:0x00000000 PA:0x800083b4
        5715000	       570	8000190c	00895983	lhu	x19,8(x18)	 x18:0x80008094 x19=0x00000000 PA:0x8000809c
        5725000	       571	80001910	fce906a3	sb	x14,-51(x18)	 x18:0x80008094 x14:0x80008aee PA:0x80008061
        5735000	       572	80001914	fdb94803	lbu	x16,-37(x18)	 x18:0x80008094 x16=0x00000000 PA:0x8000806f
        5745000	       573	80001918	04768c23	sb	x7,88(x13)	 x13:0x800084ad  x7:0x00008afc PA:0x80008505
        5755000	       574	8000191c	fdc91583	lh	x11,-36(x18)	 x18:0x80008094 x11=0x00000000 PA:0x80008070
        5765000	       575	80001920	58897893	andi	x17,x18,1416	 x18:0x80008094 x17=0x00000080
        5775000	       576	80001924	01990c33	add	x24,x18,x25	 x18:0x80008094 x25:0x00000001 x24=0x80008095
        5785000	       577	80001928	03640663	beq	x8,x22,80001954	  x8:0x00000000 x22:0x80009fc4
        5795000	       578	8000192c	0405e063	bltu	x11,x0,8000196c	 x11:0x00000000  x0:0x00000000
        5805000	       579	80001930	012c3a33	sltu	x20,x24,x18	 x24:0x80008095 x18:0x80008094 x20=0x00000000
        5815000	       580	80001934	7276b393	sltiu	x7,x13,1831	 x13:0x800084ad  x7=0x00000000
        5825000	       581	80001938	5813a393	slti	x7,x7,1409	  x7:0x00000000  x7=0x00000001
        5835000	       582	8000193c	004b8433	add	x8,x23,x4	 x23:0x80000000  x4:0x00000000  x8=0x80000000
        5845000	       583	80001940	00d82db3	slt	x27,x16,x13	 x16:0x00000000 x13:0x800084ad x27=0x00000000
        5855000	       584	80001944	009ddd93	srli	x27,x27,0x9	 x27:0x00000000 x27=0x00000000
        5865000	       585	80001948	00525263	bge	x4,x5,8000194c	  x4:0x00000000  x5:0x00000000
        5875000	       586	00000000	00000013	addi	x0,x0,0	  x0:0x00000000
        5885000	       587	80001948	00000013	addi	x0,x0,0	  x0:0x00000000
        5895000	       588	8000194c	01a3ac33	slt	x24,x7,x26	  x7:0x00000001 x26:0x5d774000 x24=0x00000001
        5905000	       589	80001950	01699c63	bne	x19,x22,80001968	 x19:0x00000000 x22:0x80009fc4
        5915000	       590	00000000	00000013	addi	x0,x0,0	  x0:0x00000000
        5925000	       591	80001964	00000013	addi	x0,x0,0	  x0:0x00000000
        5935000	       592	80001968	00fade13	srli	x28,x21,0xf	 x21:0x00000000 x28=0x00000000
        5945000	       593	8000196c	00555fb3	srl	x31,x10,x5	 x10:0x0010b620  x5:0x00000000 x31=0x0010b620
        5955000	       594	80001970	03e15263	bge	x2,x30,80001994	  x2:0x80009f14 x30:0x00000004
        5965000	       595	80001974	00ef54b3	srl	x9,x30,x14	 x30:0x00000004 x14:0x80008aee  x9=0x00000000
        5975000	       596	80001978	021e0663	beq	x28,x1,800019a4	 x28:0x00000000  x1:0x800088fc
        5985000	       597	8000197c	017a9e63	bne	x21,x23,80001998	 x21:0x00000000 x23:0x80000000
        5995000	       598	00000000	00000013	addi	x0,x0,0	  x0:0x00000000
        6005000	       599	80001994	00000013	addi	x0,x0,0	  x0:0x00000000
        6015000	       600	80001998	404f5033	sra	x0,x30,x4	 x30:0x00000004  x4:0x00000000
        6025000	       601	8000199c	034bce63	blt	x23,x20,800019d8	 x23:0x80000000 x20:0x00000000
        6035000	       602	00000000	00000013	addi	x0,x0,0	  x0:0x00000000
        6045000	       603	800019d4	00000013	addi	x0,x0,0	  x0:0x00000000
        6055000	       604	800019d8	00de1313	slli	x6,x28,0xd	 x28:0x00000000  x6=0x00000000
        6065000	       605	800019dc	03e04663	blt	x0,x30,80001a08	  x0:0x00000000 x30:0x00000004
        6075000	       606	00000000	00000013	addi	x0,x0,0	  x0:0x00000000
        6085000	       607	80001a04	00000013	addi	x0,x0,0	  x0:0x00000000
        6095000	       608	80001a08	00015033	srl	x0,x2,x0	  x2:0x80009f14  x0:0x00000000
        6105000	       609	80001a0c	018fdc63	bge	x31,x24,80001a24	 x31:0x0010b620 x24:0x00000001
        6115000	       610	00000000	00000013	addi	x0,x0,0	  x0:0x00000000
        6125000	       611	80001a20	00000013	addi	x0,x0,0	  x0:0x00000000
        6135000	       612	80001a24	f2023393	sltiu	x7,x4,-224	  x4:0x00000000  x7=0x00000001
        6145000	       613	80001a28	00179e93	slli	x29,x15,0x1	 x15:0xffffffd4 x29=0xffffffa8
        6155000	       614	80001a2c	03164463	blt	x12,x17,80001a54	 x12:0x00000000 x17:0x00000080
        6165000	       615	00000000	00000013	addi	x0,x0,0	  x0:0x00000000
        6175000	       616	80001a50	00000013	addi	x0,x0,0	  x0:0x00000000
        6185000	       617	80001a54	01c6bd33	sltu	x26,x13,x28	 x13:0x800084ad x28:0x00000000 x26=0x00000000
        6195000	       618	80001a58	003e7033	and	x0,x28,x3	 x28:0x00000000  x3:0x00000000
        6205000	       619	80001a5c	04b54863	blt	x10,x11,80001aac	 x10:0x0010b620 x11:0x00000000
        6215000	       620	80001a60	047a0863	beq	x20,x7,80001ab0	 x20:0x00000000  x7:0x00000001
        6225000	       621	80001a64	027ad263	bge	x21,x7,80001a88	 x21:0x00000000  x7:0x00000001
        6235000	       622	80001a68	201e8e37	lui	x28,0x201e8	 x28=0x201e8000
        6245000	       623	80001a6c	27500d93	addi	x27,x0,629	  x0:0x00000000 x27=0x00000275
        6255000	       624	80001a70	01639233	sll	x4,x7,x22	  x7:0x00000001 x22:0x80009fc4  x4=0x00000010
        6265000	       625	80001a74	000cccb3	xor	x25,x25,x0	 x25:0x00000001  x0:0x00000000 x25=0x00000001
        6275000	       626	80001a78	8127a593	slti	x11,x15,-2030	 x15:0xffffffd4 x11=0x00000000
        6285000	       627	80001a7c	78ceef93	ori	x31,x29,1932	 x29:0xffffffa8 x31=0xffffffac
        6295000	       628	80001a80	00fb8a33	add	x20,x23,x15	 x23:0x80000000 x15:0xffffffd4 x20=0x7fffffd4
        6305000	       629	80001a84	054ed663	bge	x29,x20,80001ad0	 x29:0xffffffa8 x20:0x7fffffd4
        6315000	       630	80001a88	010b6633	or	x12,x22,x16	 x22:0x80009fc4 x16:0x00000000 x12=0x80009fc4
        6325000	       631	80001a8c	411dd4b3	sra	x9,x27,x17	 x27:0x00000275 x17:0x00000080  x9=0x00000275
        6335000	       632	80001a90	00cc8e63	beq	x25,x12,80001aac	 x25:0x00000001 x12:0x80009fc4
        6345000	       633	80001a94	01cdd5b3	srl	x11,x27,x28	 x27:0x00000275 x28:0x201e8000 x11=0x00000275
        6355000	       634	80001a98	4043d993	srai	x19,x7,0x4	  x7:0x00000001 x19=0x00000000
        6365000	       635	80001a9c	00fef033	and	x0,x29,x15	 x29:0xffffffa8 x15:0xffffffd4
        6375000	       636	80001aa0	005b4e63	blt	x22,x5,80001abc	 x22:0x80009fc4  x5:0x00000000
        6385000	       637	00000000	00000013	addi	x0,x0,0	  x0:0x00000000
        6395000	       638	80001ab8	00000013	addi	x0,x0,0	  x0:0x00000000
        6405000	       639	80001abc	40ff5993	srai	x19,x30,0xf	 x30:0x00000004 x19=0x00000000
        6415000	       640	80001ac0	01aff263	bgeu	x31,x26,80001ac4	 x31:0xffffffac x26:0x00000000
        6425000	       641	00000000	00000013	addi	x0,x0,0	  x0:0x00000000
        6435000	       642	80001ac0	00000013	addi	x0,x0,0	  x0:0x00000000
        6445000	       643	80001ac4	01671393	slli	x7,x14,0x16	 x14:0x80008aee  x7=0xbb800000
        6455000	       644	80001ac8	0437e463	bltu	x15,x3,80001b10	 x15:0xffffffd4  x3:0x00000000
        6465000	       645	80001acc	014b7e63	bgeu	x22,x20,80001ae8	 x22:0x80009fc4 x20:0x7fffffd4
        6475000	       646	00000000	00000013	addi	x0,x0,0	  x0:0x00000000
        6485000	       647	80001ae4	00000013	addi	x0,x0,0	  x0:0x00000000
        6495000	       648	80001ae8	009e5333	srl	x6,x28,x9	 x28:0x201e8000  x9:0x00000275  x6=0x00000100
        6505000	       649	80001aec	032bce63	blt	x23,x18,80001b28	 x23:0x80000000 x18:0x80008094
        6515000	       650	00000000	00000013	addi	x0,x0,0	  x0:0x00000000
        6525000	       651	80001b24	00000013	addi	x0,x0,0	  x0:0x00000000
        6535000	       652	80001b28	41a00433	sub	x8,x0,x26	  x0:0x00000000 x26:0x00000000  x8=0x00000000
        6545000	       653	80001b2c	009a0533	add	x10,x20,x9	 x20:0x7fffffd4  x9:0x00000275 x10=0x80000249
        6555000	       654	80001b30	407f0db3	sub	x27,x30,x7	 x30:0x00000004  x7:0xbb800000 x27=0x44800004
        6565000	       655	80001b34	04e37063	bgeu	x6,x14,80001b74	  x6:0x00000100 x14:0x80008aee
        6575000	       656	80001b38	01bf9a93	slli	x21,x31,0x1b	 x31:0xffffffac x21=0x60000000
        6585000	       657	80001b3c	410306b3	sub	x13,x6,x16	  x6:0x00000100 x16:0x00000000 x13=0x00000100
        6595000	       658	80001b40	03135663	bge	x6,x17,80001b6c	  x6:0x00000100 x17:0x00000080
        6605000	       659	00000000	00000013	addi	x0,x0,0	  x0:0x00000000
        6615000	       660	80001b68	00000013	addi	x0,x0,0	  x0:0x00000000
        6625000	       661	80001b6c	f4d32193	slti	x3,x6,-179	  x6:0x00000100  x3=0x00000000
        6635000	       662	80001b70	dac58a93	addi	x21,x11,-596	 x11:0x00000275 x21=0x00000021
        6645000	       663	80001b74	01b823b3	slt	x7,x16,x27	 x16:0x00000000 x27:0x44800004  x7=0x00000001
        6655000	       664	80001b78	fe72ca37	lui	x20,0xfe72c	 x20=0xfe72c000
        6665000	       665	80001b7c	8111af93	slti	x31,x3,-2031	  x3:0x00000000 x31=0x00000000
        6675000	       666	80001b80	0396de63	bge	x13,x25,80001bbc	 x13:0x00000100 x25:0x00000001
        6685000	       667	00000000	00000013	addi	x0,x0,0	  x0:0x00000000
        6695000	       668	80001bb8	00000013	addi	x0,x0,0	  x0:0x00000000
        6705000	       669	80001bbc	00315033	srl	x0,x2,x3	  x2:0x80009f14  x3:0x00000000
        6715000	       670	80001bc0	03467e63	bgeu	x12,x20,80001bfc	 x12:0x80009fc4 x20:0xfe72c000
        6725000	       671	80001bc4	918c9cb7	lui	x25,0x918c9	 x25=0x918c9000
        6735000	       672	80001bc8	c8e03a93	sltiu	x21,x0,-882	  x0:0x00000000 x21=0x00000001
        6745000	       673	80001bcc	00a69393	slli	x7,x13,0xa	 x13:0x00000100  x7=0x00040000
        6755000	       674	80001bd0	00d13833	sltu	x16,x2,x13	  x2:0x80009f14 x13:0x00000100 x16=0x00000000
        6765000	       675	80001bd4	01a71eb3	sll	x29,x14,x26	 x14:0x80008aee x26:0x00000000 x29=0x80008aee
        6775000	       676	80001bd8	006a8d33	add	x26,x21,x6	 x21:0x00000001  x6:0x00000100 x26=0x00000101
        6785000	       677	80001bdc	009b2633	slt	x12,x22,x9	 x22:0x80009fc4  x9:0x00000275 x12=0x00000001
        6795000	       678	80001be0	8cd3ec13	ori	x24,x7,-1843	  x7:0x00040000 x24=0xfffff8cd
        6805000	       679	80001be4	00479d33	sll	x26,x15,x4	 x15:0xffffffd4  x4:0x00000010 x26=0xffd40000
        6815000	       680	80001be8	002425b3	slt	x11,x8,x2	  x8:0x00000000  x2:0x80009f14 x11=0x00000000
        6825000	       681	80001bec	00b43733	sltu	x14,x8,x11	  x8:0x00000000 x11:0x00000000 x14=0x00000000
        6835000	       682	80001bf0	69952093	slti	x1,x10,1689	 x10:0x80000249  x1=0x00000001
        6845000	       683	80001bf4	03c7c293	xori	x5,x15,60	 x15:0xffffffd4  x5=0xffffffe8
        6855000	       684	80001bf8	04ae8463	beq	x29,x10,80001c40	 x29:0x80008aee x10:0x80000249
        6865000	       685	80001bfc	0143de63	bge	x7,x20,80001c18	  x7:0x00040000 x20:0xfe72c000
        6875000	       686	00000000	00000013	addi	x0,x0,0	  x0:0x00000000
        6885000	       687	80001c14	00000013	addi	x0,x0,0	  x0:0x00000000
        6895000	       688	80001c18	1175e993	ori	x19,x11,279	 x11:0x00000000 x19=0x00000117
        6905000	       689	80001c1c	004bd4b3	srl	x9,x23,x4	 x23:0x80000000  x4:0x00000010  x9=0x00008000
        6915000	       690	80001c20	9e697f13	andi	x30,x18,-1562	 x18:0x80008094 x30=0x80008084
        6925000	       691	80001c24	0227c663	blt	x15,x2,80001c50	 x15:0xffffffd4  x2:0x80009f14
        6935000	       692	80001c28	00000013	addi	x0,x0,0	  x0:0x00000000
        6945000	       693	80001c2c	c91a8d13	addi	x26,x21,-879	 x21:0x00000001 x26=0xfffffc92
        6955000	       694	80001c30	018f9e93	slli	x29,x31,0x18	 x31:0x00000000 x29=0x00000000
        6965000	       695	80001c34	c12e0793	addi	x15,x28,-1006	 x28:0x201e8000 x15=0x201e7c12
        6975000	       696	80001c38	00000013	addi	x0,x0,0	  x0:0x00000000
        6985000	       697	80001c3c	04c08863	beq	x1,x12,80001c8c	  x1:0x00000001 x12:0x00000001
        6995000	       698	00000000	00000013	addi	x0,x0,0	  x0:0x00000000
        7005000	       699	80001c88	00000013	addi	x0,x0,0	  x0:0x00000000
        7015000	       700	80001c8c	025e1e63	bne	x28,x5,80001cc8	 x28:0x201e8000  x5:0xffffffe8
        7025000	       701	00000000	00000013	addi	x0,x0,0	  x0:0x00000000
        7035000	       702	80001cc4	00000013	addi	x0,x0,0	  x0:0x00000000
        7045000	       703	80001cc8	00c452b3	srl	x5,x8,x12	  x8:0x00000000 x12:0x00000001  x5=0x00000000
        7055000	       704	80001ccc	000de933	or	x18,x27,x0	 x27:0x44800004  x0:0x00000000 x18=0x44800004
        7065000	       705	80001cd0	00b28e63	beq	x5,x11,80001cec	  x5:0x00000000 x11:0x00000000
        7075000	       706	00000000	00000013	addi	x0,x0,0	  x0:0x00000000
        7085000	       707	80001ce8	00000013	addi	x0,x0,0	  x0:0x00000000
        7095000	       708	80001cec	004f9e13	slli	x28,x31,0x4	 x31:0x00000000 x28=0x00000000
        7105000	       709	80001cf0	03221063	bne	x4,x18,80001d10	  x4:0x00000010 x18:0x44800004
        7115000	       710	00000000	00000013	addi	x0,x0,0	  x0:0x00000000
        7125000	       711	80001d0c	00000013	addi	x0,x0,0	  x0:0x00000000
        7135000	       712	80001d10	00000013	addi	x0,x0,0	  x0:0x00000000
        7145000	       713	80001d14	01d04cb3	xor	x25,x0,x29	  x0:0x00000000 x29:0x00000000 x25=0x00000000
        7155000	       714	80001d18	05466463	bltu	x12,x20,80001d60	 x12:0x00000001 x20:0xfe72c000
        7165000	       715	00000000	00000013	addi	x0,x0,0	  x0:0x00000000
        7175000	       716	80001d5c	00000013	addi	x0,x0,0	  x0:0x00000000
        7185000	       717	80001d60	01789033	sll	x0,x17,x23	 x17:0x00000080 x23:0x80000000
        7195000	       718	80001d64	0077ac33	slt	x24,x15,x7	 x15:0x201e7c12  x7:0x00040000 x24=0x00000000
        7205000	       719	80001d68	04228063	beq	x5,x2,80001da8	  x5:0x00000000  x2:0x80009f14
        7215000	       720	80001d6c	0169dd33	srl	x26,x19,x22	 x19:0x00000117 x22:0x80009fc4 x26=0x00000011
        7225000	       721	80001d70	0137f633	and	x12,x15,x19	 x15:0x201e7c12 x19:0x00000117 x12=0x00000012
        7235000	       722	80001d74	77eb3293	sltiu	x5,x22,1918	 x22:0x80009fc4  x5=0x00000000
        7245000	       723	80001d78	aa4e3d13	sltiu	x26,x28,-1372	 x28:0x00000000 x26=0x00000001
        7255000	       724	80001d7c	00000013	addi	x0,x0,0	  x0:0x00000000
        7265000	       725	80001d80	01114fb3	xor	x31,x2,x17	  x2:0x80009f14 x17:0x00000080 x31=0x80009f94
        7275000	       726	80001d84	002c9db3	sll	x27,x25,x2	 x25:0x00000000  x2:0x80009f14 x27=0x00000000
        7285000	       727	80001d88	0a17c013	xori	x0,x15,161	 x15:0x201e7c12
        7295000	       728	80001d8c	01c6f9b3	and	x19,x13,x28	 x13:0x00000100 x28:0x00000000 x19=0x00000000
        7305000	       729	80001d90	411c5733	sra	x14,x24,x17	 x24:0x00000000 x17:0x00000080 x14=0x00000000
        7315000	       730	80001d94	005d85b3	add	x11,x27,x5	 x27:0x00000000  x5:0x00000000 x11=0x00000000
        7325000	       731	80001d98	00283833	sltu	x16,x16,x2	 x16:0x00000000  x2:0x80009f14 x16=0x00000001
        7335000	       732	80001d9c	00b2da93	srli	x21,x5,0xb	  x5:0x00000000 x21=0x00000000
        7345000	       733	80001da0	b1634493	xori	x9,x6,-1258	  x6:0x00000100  x9=0xfffffa16
        7355000	       734	80001da4	002e70b3	and	x1,x28,x2	 x28:0x00000000  x2:0x80009f14  x1=0x00000000
        7365000	       735	80001da8	01c3a233	slt	x4,x7,x28	  x7:0x00040000 x28:0x00000000  x4=0x00000000
        7375000	       736	80001dac	74a0b317	auipc	x6,0x74a0b	  x6=0xf4a0cda8
        7385000	       737	80001db0	002118b3	sll	x17,x2,x2	  x2:0x80009f14  x2:0x80009f14 x17=0xf1400000
        7395000	       738	80001db4	0046b9b3	sltu	x19,x13,x4	 x13:0x00000100  x4:0x00000000 x19=0x00000000
        7405000	       739	80001db8	85f18013	addi	x0,x3,-1953	  x3:0x00000000
        7415000	       740	80001dbc	00e1c533	xor	x10,x3,x14	  x3:0x00000000 x14:0x00000000 x10=0x00000000
        7425000	       741	80001dc0	01261193	slli	x3,x12,0x12	 x12:0x00000012  x3=0x00480000
        7435000	       742	80001dc4	031ee463	bltu	x29,x17,80001dec	 x29:0x00000000 x17:0xf1400000
        7445000	       743	00000000	00000013	addi	x0,x0,0	  x0:0x00000000
        7455000	       744	80001de8	00000013	addi	x0,x0,0	  x0:0x00000000
        7465000	       745	80001dec	1263f613	andi	x12,x7,294	  x7:0x00040000 x12=0x00000000
        7475000	       746	80001df0	40460eb3	sub	x29,x12,x4	 x12:0x00000000  x4:0x00000000 x29=0x00000000
        7485000	       747	80001df4	00000013	addi	x0,x0,0	  x0:0x00000000
        7495000	       748	80001df8	081a2813	slti	x16,x20,129	 x20:0xfe72c000 x16=0x00000001
        7505000	       749	80001dfc	cee4c913	xori	x18,x9,-786	  x9:0xfffffa16 x18=0x000006f8
        7515000	       750	80001e00	1172e297	auipc	x5,0x1172e	  x5=0x9172fdfc
        7525000	       751	80001e04	011ad093	srli	x1,x21,0x11	 x21:0x00000000  x1=0x00000000
        7535000	       752	80001e08	00ddd033	srl	x0,x27,x13	 x27:0x00000000 x13:0x00000100
        7545000	       753	80001e0c	b6c61d37	lui	x26,0xb6c61	 x26=0xb6c61000
        7555000	       754	80001e10	00000013	addi	x0,x0,0	  x0:0x00000000
        7565000	       755	80001e14	01ccdf13	srli	x30,x25,0x1c	 x25:0x00000000 x30=0x00000000
        7575000	       756	80001e18	a0c87793	andi	x15,x16,-1524	 x16:0x00000001 x15=0x00000000
        7585000	       757	80001e1c	01804c63	blt	x0,x24,80001e34	  x0:0x00000000 x24:0x00000000
        7595000	       758	80001e20	01758a63	beq	x11,x23,80001e34	 x11:0x00000000 x23:0x80000000
        7605000	       759	80001e24	0185de13	srli	x28,x11,0x18	 x11:0x00000000 x28=0x00000000
        7615000	       760	80001e28	00e6cab3	xor	x21,x13,x14	 x13:0x00000100 x14:0x00000000 x21=0x00000100
        7625000	       761	80001e2c	eb290093	addi	x1,x18,-334	 x18:0x000006f8  x1=0x000005aa
        7635000	       762	80001e30	1ae8c893	xori	x17,x17,430	 x17:0xf1400000 x17=0xf14001ae
        7645000	       763	80001e34	00000013	addi	x0,x0,0	  x0:0x00000000
        7655000	       764	80001e38	6e74ccb7	lui	x25,0x6e74c	 x25=0x6e74c000
        7665000	       765	80001e3c	014ae633	or	x12,x21,x20	 x21:0x00000100 x20:0xfe72c000 x12=0xfe72c100
        7675000	       766	80001e40	0b5f2193	slti	x3,x30,181	 x30:0x00000000  x3=0x00000001
        7685000	       767	80001e44	00abe933	or	x18,x23,x10	 x23:0x80000000 x10:0x00000000 x18=0x80000000
        7695000	       768	80001e48	00000013	addi	x0,x0,0	  x0:0x00000000
        7705000	       769	80001e4c	8441eeb7	lui	x29,0x8441e	 x29=0x8441e000
        7715000	       770	80001e50	0e5a7c93	andi	x25,x20,229	 x20:0xfe72c000 x25=0x00000000
        7725000	       771	80001e54	016b5993	srli	x19,x22,0x16	 x22:0x80009fc4 x19=0x00000200
        7735000	       772	80001e58	0042efb3	or	x31,x5,x4	  x5:0x9172fdfc  x4:0x00000000 x31=0x9172fdfc
        7745000	       773	80001e5c	98e9f437	lui	x8,0x98e9f	  x8=0x98e9f000
        7755000	       774	80001e60	f115bf97	auipc	x31,0xf115b	 x31=0x7115ce5c
        7765000	       775	80001e64	9490c3b7	lui	x7,0x9490c	  x7=0x9490c000
        7775000	       776	80001e68	4095d213	srai	x4,x11,0x9	 x11:0x00000000  x4=0x00000000
        7785000	       777	80001e6c	c95fa593	slti	x11,x31,-875	 x31:0x7115ce5c x11=0x00000000
        7795000	       778	80001e70	00000013	addi	x0,x0,0	  x0:0x00000000
        7805000	       779	80001e74	02628e63	beq	x5,x6,80001eb0	  x5:0x9172fdfc  x6:0xf4a0cda8
        7815000	       780	80001e78	f8fbbe13	sltiu	x28,x23,-113	 x23:0x80000000 x28=0x00000001
        7825000	       781	80001e7c	01dd5cb3	srl	x25,x26,x29	 x26:0xb6c61000 x29:0x8441e000 x25=0xb6c61000
        7835000	       782	80001e80	01a26e63	bltu	x4,x26,80001e9c	  x4:0x00000000 x26:0xb6c61000
        7845000	       783	00000000	00000013	addi	x0,x0,0	  x0:0x00000000
        7855000	       784	80001e98	00000013	addi	x0,x0,0	  x0:0x00000000
        7865000	       785	80001e9c	00000013	addi	x0,x0,0	  x0:0x00000000
        7875000	       786	80001ea0	01101a63	bne	x0,x17,80001eb4	  x0:0x00000000 x17:0xf14001ae
        7885000	       787	00000000	00000013	addi	x0,x0,0	  x0:0x00000000
        7895000	       788	80001eb0	00000013	addi	x0,x0,0	  x0:0x00000000
        7905000	       789	80001eb4	01207033	and	x0,x0,x18	  x0:0x00000000 x18:0x80000000
        7915000	       790	80001eb8	41fe51b3	sra	x3,x28,x31	 x28:0x00000001 x31:0x7115ce5c  x3=0x00000000
        7925000	       791	80001ebc	00412083	lw	x1,4(x2)	  x2:0x80009f14  x1=0x80000b10 PA:0x80009f18
        7935000	       792	80001ec0	10030f13	addi	x30,x6,256	  x6:0xf4a0cda8 x30=0xf4a0cea8
        7945000	       793	80001ec4	6eb96413	ori	x8,x18,1771	 x18:0x80000000  x8=0x800006eb
        7955000	       794	80001ec8	01a144b3	xor	x9,x2,x26	  x2:0x80009f14 x26:0xb6c61000  x9=0x36c68f14
        7965000	       795	80001ecc	404cd5b3	sra	x11,x25,x4	 x25:0xb6c61000  x4:0x00000000 x11=0xb6c61000
        7975000	       796	80001ed0	03410113	addi	x2,x2,52	  x2:0x80009f14  x2=0x80009f48
        7985000	       797	80001ed4	7905f393	andi	x7,x11,1936	 x11:0xb6c61000  x7=0x00000000
        7995000	       798	80001ed8	00008d93	addi	x27,x1,0	  x1:0x80000b10 x27=0x80000b10
        8005000	       799	80001edc	000d8de7	jalr	x27,x27,0	 x27:0x80000b10 x27=0x80001edc
        8015000	       800	00000000	00000013	addi	x0,x0,0	  x0:0x00000000
        8025000	       801	80000b10	00000013	addi	x0,x0,0	  x0:0x00000000
        8035000	       802	80000b14	00008097	auipc	x1,0x8	  x1=0x80008b10
        8045000	       803	80000b18	07108093	addi	x1,x1,113	  x1:0x80008b10  x1=0x80008b81
        8055000	       804	80000b1c	00108f03	lb	x30,1(x1)	  x1:0x80008b81 x30=0x00000000 PA:0x80008b82
        8065000	       805	80000b20	ff109383	lh	x7,-15(x1)	  x1:0x80008b81  x7=0x00000000 PA:0x80008b72
        8075000	       806	00000000	00000013	addi	x0,x0,0	  x0:0x00000000
        8085000	       807	80000b24	0070d503	lhu	x10,7(x1)	  x1:0x80008b81 x10=0x00000000 PA:0x80008b88
        8095000	       808	80000b28	00709303	lh	x6,7(x1)	  x1:0x80008b81  x6=0x00000000 PA:0x80008b88
        8105000	       809	80000b2c	fe208d23	sb	x2,-6(x1)	  x1:0x80008b81  x2:0x80009f48 PA:0x80008b7b
        8115000	       810	80000b30	00000013	addi	x0,x0,0	  x0:0x00000000
        8125000	       811	80000b34	ffa08503	lb	x10,-6(x1)	  x1:0x80008b81 x10=0x00000048 PA:0x80008b7b
        8135000	       812	80000b38	ffa0c783	lbu	x15,-6(x1)	  x1:0x80008b81 x15=0x00000048 PA:0x80008b7b
        8145000	       813	80000b3c	ffa08d03	lb	x26,-6(x1)	  x1:0x80008b81 x26=0x00000048 PA:0x80008b7b
        8155000	       814	00000000	00000013	addi	x0,x0,0	  x0:0x00000000
        8165000	       815	80000b40	ffa08a83	lb	x21,-6(x1)	  x1:0x80008b81 x21=0x00000048 PA:0x80008b7b
        8175000	       816	80000b44	ffa08e03	lb	x28,-6(x1)	  x1:0x80008b81 x28=0x00000048 PA:0x80008b7b
        8185000	       817	80000b48	ffd0c383	lbu	x7,-3(x1)	  x1:0x80008b81  x7=0x00000000 PA:0x80008b7e
        8195000	       818	80000b4c	ffd0d203	lhu	x4,-3(x1)	  x1:0x80008b81  x4=0x00000000 PA:0x80008b7e
        8205000	       819	80000b50	00b0ae83	lw	x29,11(x1)	  x1:0x80008b81 x29=0x00000000 PA:0x80008b8c
        8215000	       820	80000b54	ff208f23	sb	x18,-2(x1)	  x1:0x80008b81 x18:0x80000000 PA:0x80008b7f
        8225000	       821	80000b58	ffd08f23	sb	x29,-2(x1)	  x1:0x80008b81 x29:0x00000000 PA:0x80008b7f
        8235000	       822	80000b5c	ffe0c283	lbu	x5,-2(x1)	  x1:0x80008b81  x5=0x00000000 PA:0x80008b7f
        8245000	       823	80000b60	ffe08c83	lb	x25,-2(x1)	  x1:0x80008b81 x25=0x00000000 PA:0x80008b7f
        8255000	       824	80000b64	ff40c583	lbu	x11,-12(x1)	  x1:0x80008b81 x11=0x00000000 PA:0x80008b75
        8265000	       825	80000b68	ff40c203	lbu	x4,-12(x1)	  x1:0x80008b81  x4=0x00000000 PA:0x80008b75
        8275000	       826	80000b6c	ff208a23	sb	x18,-12(x1)	  x1:0x80008b81 x18:0x80000000 PA:0x80008b75
        8285000	       827	80000b70	00008897	auipc	x17,0x8	 x17=0x80008b6c
        8295000	       828	80000b74	27288893	addi	x17,x17,626	 x17:0x80008b6c x17=0x80008dde
        8305000	       829	80000b78	0f7882a3	sb	x23,229(x17)	 x17:0x80008dde x23:0x80000000 PA:0x80008ec3
        8315000	       830	80000b7c	fbf88fa3	sb	x31,-65(x17)	 x17:0x80008dde x31:0x7115ce5c PA:0x80008d9d
        8325000	       831	80000b80	f7188283	lb	x5,-143(x17)	 x17:0x80008dde  x5=0x00000000 PA:0x80008d4f
        8335000	       832	80000b84	4083d393	srai	x7,x7,0x8	  x7:0x00000000  x7=0x00000000
        8345000	       833	80000b88	f4c88403	lb	x8,-180(x17)	 x17:0x80008dde  x8=0x00000000 PA:0x80008d2a
        8355000	       834	80000b8c	0d0cac13	slti	x24,x25,208	 x25:0x00000000 x24=0x00000001
        8365000	       835	80000b90	fd188603	lb	x12,-47(x17)	 x17:0x80008dde x12=0x00000000 PA:0x80008daf
        8375000	       836	80000b94	ff689823	sh	x22,-16(x17)	 x17:0x80008dde x22:0x80009fc4 PA:0x80008dce
        8385000	       837	80000b98	d0af8a13	addi	x20,x31,-758	 x31:0x7115ce5c x20=0x7115cb66
        8395000	       838	80000b9c	f0a887a3	sb	x10,-241(x17)	 x17:0x80008dde x10:0x00000048 PA:0x80008ced
        8405000	       839	80000ba0	0ad88c83	lb	x25,173(x17)	 x17:0x80008dde x25=0x00000000 PA:0x80008e8b
        8415000	       840	80000ba4	05c8af23	sw	x28,94(x17)	 x17:0x80008dde x28:0x00000048 PA:0x80008e3c
        8425000	       841	80000ba8	01f6e9b3	or	x19,x13,x31	 x13:0x00000100 x31:0x7115ce5c x19=0x7115cf5c
        8435000	       842	80000bac	02c882a3	sb	x12,37(x17)	 x17:0x80008dde x12:0x00000000 PA:0x80008e03
        8445000	       843	80000bb0	09d88403	lb	x8,157(x17)	 x17:0x80008dde  x8=0x00000000 PA:0x80008e7b
        8455000	       844	80000bb4	00674eb3	xor	x29,x14,x6	 x14:0x00000000  x6:0x00000000 x29=0x00000000
        8465000	       845	80000bb8	f7e88803	lb	x16,-130(x17)	 x17:0x80008dde x16=0x00000000 PA:0x80008d5c
        8475000	       846	80000bbc	f2f8c383	lbu	x7,-209(x17)	 x17:0x80008dde  x7=0x00000000 PA:0x80008d0d
        8485000	       847	80000bc0	ff588da3	sb	x21,-5(x17)	 x17:0x80008dde x21:0x00000048 PA:0x80008dd9
        8495000	       848	80000bc4	d6177813	andi	x16,x14,-671	 x14:0x00000000 x16=0x00000000
        8505000	       849	80000bc8	009e70b3	and	x1,x28,x9	 x28:0x00000048  x9:0x36c68f14  x1=0x00000000
        8515000	       850	80000bcc	01bf5233	srl	x4,x30,x27	 x30:0x00000000 x27:0x80001edc  x4=0x00000000
        8525000	       851	80000bd0	37cc6393	ori	x7,x24,892	 x24:0x00000001  x7=0x0000037d
        8535000	       852	80000bd4	f5488303	lb	x6,-172(x17)	 x17:0x80008dde  x6=0x00000000 PA:0x80008d32
        8545000	       853	80000bd8	4187d3b3	sra	x7,x15,x24	 x15:0x00000048 x24:0x00000001  x7=0x00000024
        8555000	       854	80000bdc	04f8c603	lbu	x12,79(x17)	 x17:0x80008dde x12=0x00000000 PA:0x80008e2d
        8565000	       855	80000be0	40f50c33	sub	x24,x10,x15	 x10:0x00000048 x15:0x00000048 x24=0x00000000
        8575000	       856	80000be4	0cd89723	sh	x13,206(x17)	 x17:0x80008dde x13:0x00000100 PA:0x80008eac
        8585000	       857	80000be8	f078cc03	lbu	x24,-249(x17)	 x17:0x80008dde x24=0x00000000 PA:0x80008ce5
        8595000	       858	80000bec	01188483	lb	x9,17(x17)	 x17:0x80008dde  x9=0x00000000 PA:0x80008def
        8605000	       859	80000bf0	ff488783	lb	x15,-12(x17)	 x17:0x80008dde x15=0x00000000 PA:0x80008dd2
        8615000	       860	80000bf4	fb688ba3	sb	x22,-73(x17)	 x17:0x80008dde x22:0x80009fc4 PA:0x80008d95
        8625000	       861	80000bf8	00008497	auipc	x9,0x8	  x9=0x80008bf4
        8635000	       862	80000bfc	d6348493	addi	x9,x9,-669	  x9:0x80008bf4  x9=0x80008957
        8645000	       863	80000c00	00008297	auipc	x5,0x8	  x5=0x80008bfc
        8655000	       864	80000c04	d7528293	addi	x5,x5,-651	  x5:0x80008bfc  x5=0x80008971
        8665000	       865	80000c08	ffa2c383	lbu	x7,-6(x5)	  x5:0x80008971  x7=0x00000000 PA:0x8000896b
        8675000	       866	80000c0c	00008097	auipc	x1,0x8	  x1=0x80008c08
        8685000	       867	80000c10	2f708093	addi	x1,x1,759	  x1:0x80008c08  x1=0x80008eff
        8695000	       868	80000c14	005093a3	sh	x5,7(x1)	  x1:0x80008eff  x5:0x80008971 PA:0x80008f06
        8705000	       869	80000c18	01908123	sb	x25,2(x1)	  x1:0x80008eff x25:0x00000000 PA:0x80008f01
        8715000	       870	80000c1c	05828f03	lb	x30,88(x5)	  x5:0x80008971 x30=0x00000000 PA:0x800089c9
        8725000	       871	80000c20	fe32d303	lhu	x6,-29(x5)	  x5:0x80008971  x6=0x00000000 PA:0x80008954
        8735000	       872	80000c24	00f4d603	lhu	x12,15(x9)	  x9:0x80008957 x12=0x00000000 PA:0x80008966
        8745000	       873	80000c28	00b08e83	lb	x29,11(x1)	  x1:0x80008eff x29=0x00000000 PA:0x80008f0a
        8755000	       874	80000c2c	0b828e83	lb	x29,184(x5)	  x5:0x80008971 x29=0x00000000 PA:0x80008a29
        8765000	       875	80000c30	00d4cf03	lbu	x30,13(x9)	  x9:0x80008957 x30=0x00000000 PA:0x80008964
        8775000	       876	80000c34	ffc48d03	lb	x26,-4(x9)	  x9:0x80008957 x26=0x00000000 PA:0x80008953
        8785000	       877	80000c38	0070c583	lbu	x11,7(x1)	  x1:0x80008eff x11=0x00000071 PA:0x80008f06
        8795000	       878	80000c3c	f132a983	lw	x19,-237(x5)	  x5:0x80008971 x19=0x00000000 PA:0x80008884
        8805000	       879	80000c40	000496a3	sh	x0,13(x9)	  x9:0x80008957  x0:0x00000000 PA:0x80008964
        8815000	       880	80000c44	0cd29983	lh	x19,205(x5)	  x5:0x80008971 x19=0x00000000 PA:0x80008a3e
        8825000	       881	80000c48	ff84c803	lbu	x16,-8(x9)	  x9:0x80008957 x16=0x00000000 PA:0x8000894f
        8835000	       882	80000c4c	01d0a503	lw	x10,29(x1)	  x1:0x80008eff x10=0x00000000 PA:0x80008f1c
        8845000	       883	80000c50	ffd48e83	lb	x29,-3(x9)	  x9:0x80008957 x29=0x00000000 PA:0x80008954
        8855000	       884	80000c54	00a48d83	lb	x27,10(x9)	  x9:0x80008957 x27=0x00000000 PA:0x80008961
        8865000	       885	80000c58	ff948803	lb	x16,-7(x9)	  x9:0x80008957 x16=0x00000000 PA:0x80008950
        8875000	       886	80000c5c	01908723	sb	x25,14(x1)	  x1:0x80008eff x25:0x00000000 PA:0x80008f0d
        8885000	       887	80000c60	ff949403	lh	x8,-7(x9)	  x9:0x80008957  x8=0x00000000 PA:0x80008950
        8895000	       888	80000c64	ffb49ba3	sh	x27,-9(x9)	  x9:0x80008957 x27:0x00000000 PA:0x8000894e
        8905000	       889	80000c68	00008397	auipc	x7,0x8	  x7=0x80008c64
        8915000	       890	80000c6c	27538393	addi	x7,x7,629	  x7:0x80008c64  x7=0x80008ed9
        8925000	       891	80000c70	f4838803	lb	x16,-184(x7)	  x7:0x80008ed9 x16=0x00000000 PA:0x80008e21
        8935000	       892	80000c74	25c38913	addi	x18,x7,604	  x7:0x80008ed9 x18=0x80009135
        8945000	       893	80000c78	a6338d23	sb	x3,-1414(x7)	  x7:0x80008ed9  x3:0x00000000 PA:0x80008953
        8955000	       894	80000c7c	a7a3ca03	lbu	x20,-1414(x7)	  x7:0x80008ed9 x20=0x00000000 PA:0x80008953
        8965000	       895	80000c80	00303cb3	sltu	x25,x0,x3	  x0:0x00000000  x3:0x00000000 x25=0x00000000
        8975000	       896	80000c84	a7a3c703	lbu	x14,-1414(x7)	  x7:0x80008ed9 x14=0x00000000 PA:0x80008953
        8985000	       897	80000c88	a7a38483	lb	x9,-1414(x7)	  x7:0x80008ed9  x9=0x00000000 PA:0x80008953
        8995000	       898	80000c8c	a7a3cc03	lbu	x24,-1414(x7)	  x7:0x80008ed9 x24=0x00000000 PA:0x80008953
        9005000	       899	80000c90	a6a38d23	sb	x10,-1414(x7)	  x7:0x80008ed9 x10:0x00000000 PA:0x80008953
        9015000	       900	80000c94	a7a3ca03	lbu	x20,-1414(x7)	  x7:0x80008ed9 x20=0x00000000 PA:0x80008953
        9025000	       901	80000c98	a7a3cf83	lbu	x31,-1414(x7)	  x7:0x80008ed9 x31=0x00000000 PA:0x80008953
        9035000	       902	80000c9c	a7638d23	sb	x22,-1414(x7)	  x7:0x80008ed9 x22:0x80009fc4 PA:0x80008953
        9045000	       903	80000ca0	014e3233	sltu	x4,x28,x20	 x28:0x00000048 x20:0x00000000  x4=0x00000000
        9055000	       904	80000ca4	a6638d23	sb	x6,-1414(x7)	  x7:0x80008ed9  x6:0x00000000 PA:0x80008953
        9065000	       905	80000ca8	a6f38d23	sb	x15,-1414(x7)	  x7:0x80008ed9 x15:0x00000000 PA:0x80008953
        9075000	       906	80000cac	b983cc03	lbu	x24,-1128(x7)	  x7:0x80008ed9 x24=0x00000000 PA:0x80008a71
        9085000	       907	80000cb0	08638c83	lb	x25,134(x7)	  x7:0x80008ed9 x25=0x00000000 PA:0x80008f5f
        9095000	       908	80000cb4	08638f83	lb	x31,134(x7)	  x7:0x80008ed9 x31=0x00000000 PA:0x80008f5f
        9105000	       909	80000cb8	08638e03	lb	x28,134(x7)	  x7:0x80008ed9 x28=0x00000000 PA:0x80008f5f
        9115000	       910	80000cbc	00515c13	srli	x24,x2,0x5	  x2:0x80009f48 x24=0x040004fa
        9125000	       911	80000cc0	57da3913	sltiu	x18,x20,1405	 x20:0x00000000 x18=0x00000001
        9135000	       912	80000cc4	0863c703	lbu	x14,134(x7)	  x7:0x80008ed9 x14=0x00000000 PA:0x80008f5f
        9145000	       913	80000cc8	41082f97	auipc	x31,0x41082	 x31=0xc1082cc4
        9155000	       914	80000ccc	40475fb3	sra	x31,x14,x4	 x14:0x00000000  x4:0x00000000 x31=0x00000000
        9165000	       915	80000cd0	e673a3a3	sw	x7,-409(x7)	  x7:0x80008ed9  x7:0x80008ed9 PA:0x80008d40
        9175000	       916	80000cd4	e6739083	lh	x1,-409(x7)	  x7:0x80008ed9  x1=0xffff8ed9 PA:0x80008d40
        9185000	       917	00000000	00000013	addi	x0,x0,0	  x0:0x00000000
        9195000	       918	80000cd8	00008097	auipc	x1,0x8	  x1=0x80008cd4
        9205000	       919	80000cdc	15808093	addi	x1,x1,344	  x1:0x80008cd4  x1=0x80008e2c
        9215000	       920	80000ce0	016ee1b3	or	x3,x29,x22	 x29:0x00000000 x22:0x80009fc4  x3=0x80009fc4
        9225000	       921	80000ce4	ff808ea3	sb	x24,-3(x1)	  x1:0x80008e2c x24:0x040004fa PA:0x80008e29
        9235000	       922	80000ce8	0057d713	srli	x14,x15,0x5	 x15:0x00000000 x14=0x00000000
        9245000	       923	80000cec	0182cfb3	xor	x31,x5,x24	  x5:0x80008971 x24:0x040004fa x31=0x84008d8b
        9255000	       924	80000cf0	ffa0c183	lbu	x3,-6(x1)	  x1:0x80008e2c  x3=0x00000000 PA:0x80008e26
        9265000	       925	80000cf4	005082a3	sb	x5,5(x1)	  x1:0x80008e2c  x5:0x80008971 PA:0x80008e31
        9275000	       926	80000cf8	40cfd713	srai	x14,x31,0xc	 x31:0x84008d8b x14=0xfff84008
        9285000	       927	80000cfc	01a2c6b3	xor	x13,x5,x26	  x5:0x80008971 x26:0x00000000 x13=0x80008971
        9295000	       928	80000d00	00c55e33	srl	x28,x10,x12	 x10:0x00000000 x12:0x00000000 x28=0x00000000
        9305000	       929	80000d04	00420db3	add	x27,x4,x4	  x4:0x00000000  x4:0x00000000 x27=0x00000000
        9315000	       930	80000d08	ff00d183	lhu	x3,-16(x1)	  x1:0x80008e2c  x3=0x00000000 PA:0x80008e1c
        9325000	       931	80000d0c	ffe09303	lh	x6,-2(x1)	  x1:0x80008e2c  x6=0x00000000 PA:0x80008e2a
        9335000	       932	00000000	00000013	addi	x0,x0,0	  x0:0x00000000
        9345000	       933	80000d10	01531a33	sll	x20,x6,x21	  x6:0x00000000 x21:0x00000048 x20=0x00000000
        9355000	       934	80000d14	414fd913	srai	x18,x31,0x14	 x31:0x84008d8b x18=0xfffff840
        9365000	       935	80000d18	ff60cc03	lbu	x24,-10(x1)	  x1:0x80008e2c x24=0x00000000 PA:0x80008e22
        9375000	       936	80000d1c	7ce9ff13	andi	x30,x19,1998	 x19:0x00000000 x30=0x00000000
        9385000	       937	80000d20	fff08c83	lb	x25,-1(x1)	  x1:0x80008e2c x25=0x00000000 PA:0x80008e2b
        9395000	       938	80000d24	00708323	sb	x7,6(x1)	  x1:0x80008e2c  x7:0x80008ed9 PA:0x80008e32
        9405000	       939	80000d28	ff308c03	lb	x24,-13(x1)	  x1:0x80008e2c x24=0x00000000 PA:0x80008e1f
        9415000	       940	80000d2c	009083a3	sb	x9,7(x1)	  x1:0x80008e2c  x9:0x00000000 PA:0x80008e33
        9425000	       941	80000d30	015082a3	sb	x21,5(x1)	  x1:0x80008e2c x21:0x00000048 PA:0x80008e31
        9435000	       942	80000d34	00f08e83	lb	x29,15(x1)	  x1:0x80008e2c x29=0x00000000 PA:0x80008e3b
        9445000	       943	80000d38	ffb089a3	sb	x27,-13(x1)	  x1:0x80008e2c x27:0x00000000 PA:0x80008e1f
        9455000	       944	80000d3c	00f08203	lb	x4,15(x1)	  x1:0x80008e2c  x4=0x00000000 PA:0x80008e3b
        9465000	       945	80000d40	6e7c92b7	lui	x5,0x6e7c9	  x5=0x6e7c9000
        9475000	       946	80000d44	01e1fab3	and	x21,x3,x30	  x3:0x00000000 x30:0x00000000 x21=0x00000000
        9485000	       947	80000d48	00ffafb3	slt	x31,x31,x15	 x31:0x84008d8b x15:0x00000000 x31=0x00000001
        9495000	       948	80000d4c	012da633	slt	x12,x27,x18	 x27:0x00000000 x18:0xfffff840 x12=0x00000000
        9505000	       949	80000d50	3e097f13	andi	x30,x18,992	 x18:0xfffff840 x30=0x00000040
        9515000	       950	80000d54	0030ca03	lbu	x20,3(x1)	  x1:0x80008e2c x20=0x00000000 PA:0x80008e2f
        9525000	       951	80000d58	0040af83	lw	x31,4(x1)	  x1:0x80008e2c x31=0x00d94800 PA:0x80008e30
        9535000	       952	80000d5c	f9484737	lui	x14,0xf9484	 x14=0xf9484000
        9545000	       953	80000d60	ffd0ce83	lbu	x29,-3(x1)	  x1:0x80008e2c x29=0x000000fa PA:0x80008e29
        9555000	       954	80000d64	40be04b3	sub	x9,x28,x11	 x28:0x00000000 x11:0x00000071  x9=0xffffff8f
        9565000	       955	80000d68	003083a3	sb	x3,7(x1)	  x1:0x80008e2c  x3:0x00000000 PA:0x80008e33
        9575000	       956	80000d6c	0058bd93	sltiu	x27,x17,5	 x17:0x80008dde x27=0x00000000
        9585000	       957	80000d70	fad22213	slti	x4,x4,-83	  x4:0x00000000  x4=0x00000000
        9595000	       958	80000d74	00d085a3	sb	x13,11(x1)	  x1:0x80008e2c x13:0x80008971 PA:0x80008e37
        9605000	       959	80000d78	00208f83	lb	x31,2(x1)	  x1:0x80008e2c x31=0x00000000 PA:0x80008e2e
        9615000	       960	80000d7c	00402ab3	slt	x21,x0,x4	  x0:0x00000000  x4:0x00000000 x21=0x00000000
        9625000	       961	80000d80	40210d33	sub	x26,x2,x2	  x2:0x80009f48  x2:0x80009f48 x26=0x00000000
        9635000	       962	80000d84	29e13e93	sltiu	x29,x2,670	  x2:0x80009f48 x29=0x00000000
        9645000	       963	80000d88	00915213	srli	x4,x2,0x9	  x2:0x80009f48  x4=0x0040004f
        9655000	       964	80000d8c	fff08183	lb	x3,-1(x1)	  x1:0x80008e2c  x3=0x00000000 PA:0x80008e2b
        9665000	       965	80000d90	00000013	addi	x0,x0,0	  x0:0x00000000
        9675000	       966	80000d94	40e68d33	sub	x26,x13,x14	 x13:0x80008971 x14:0xf9484000 x26=0x86b84971
        9685000	       967	80000d98	044c1263	bne	x24,x4,80000ddc	 x24:0x00000000  x4:0x0040004f
        9695000	       968	00000000	00000013	addi	x0,x0,0	  x0:0x00000000
        9705000	       969	80000dd8	00000013	addi	x0,x0,0	  x0:0x00000000
        9715000	       970	80000ddc	034de863	bltu	x27,x20,80000e0c	 x27:0x00000000 x20:0x00000000
        9725000	       971	80000de0	41cb5893	srai	x17,x22,0x1c	 x22:0x80009fc4 x17=0xfffffff8
        9735000	       972	80000de4	01565fb3	srl	x31,x12,x21	 x12:0x00000000 x21:0x00000000 x31=0x00000000
        9745000	       973	80000de8	014b1533	sll	x10,x22,x20	 x22:0x80009fc4 x20:0x00000000 x10=0x80009fc4
        9755000	       974	80000dec	014a8cb3	add	x25,x21,x20	 x21:0x00000000 x20:0x00000000 x25=0x00000000
        9765000	       975	80000df0	02829a63	bne	x5,x8,80000e24	  x5:0x6e7c9000  x8:0x00000000
        9775000	       976	00000000	00000013	addi	x0,x0,0	  x0:0x00000000
        9785000	       977	80000e20	00000013	addi	x0,x0,0	  x0:0x00000000
        9795000	       978	80000e24	03940e63	beq	x8,x25,80000e60	  x8:0x00000000 x25:0x00000000
        9805000	       979	00000000	00000013	addi	x0,x0,0	  x0:0x00000000
        9815000	       980	80000e5c	00000013	addi	x0,x0,0	  x0:0x00000000
        9825000	       981	80000e60	04114863	blt	x2,x1,80000eb0	  x2:0x80009f48  x1:0x80008e2c
        9835000	       982	80000e64	01dc5313	srli	x6,x24,0x1d	 x24:0x00000000  x6=0x00000000
        9845000	       983	80000e68	011cc1b3	xor	x3,x25,x17	 x25:0x00000000 x17:0xfffffff8  x3=0xfffffff8
        9855000	       984	80000e6c	aeaae6b7	lui	x13,0xaeaae	 x13=0xaeaae000
        9865000	       985	80000e70	00deb5b3	sltu	x11,x29,x13	 x29:0x00000000 x13:0xaeaae000 x11=0x00000001
        9875000	       986	80000e74	09d37863	bgeu	x6,x29,80000f04	  x6:0x00000000 x29:0x00000000
        9885000	       987	00000000	00000013	addi	x0,x0,0	  x0:0x00000000
        9895000	       988	80000f00	00000013	addi	x0,x0,0	  x0:0x00000000
        9905000	       989	80000f04	00aa5633	srl	x12,x20,x10	 x20:0x00000000 x10:0x80009fc4 x12=0x00000000
        9915000	       990	80000f08	002d9a13	slli	x20,x27,0x2	 x27:0x00000000 x20=0x00000000
        9925000	       991	80000f0c	01c48e33	add	x28,x9,x28	  x9:0xffffff8f x28:0x00000000 x28=0xffffff8f
        9935000	       992	80000f10	01cb5263	bge	x22,x28,80000f14	 x22:0x80009fc4 x28:0xffffff8f
        9945000	       993	80000f14	015e0f33	add	x30,x28,x21	 x28:0xffffff8f x21:0x00000000 x30=0xffffff8f
        9955000	       994	80000f18	fd85e913	ori	x18,x11,-40	 x11:0x00000001 x18=0xffffffd9
        9965000	       995	80000f1c	01ea4fb3	xor	x31,x20,x30	 x20:0x00000000 x30:0xffffff8f x31=0xffffff8f
        9975000	       996	80000f20	46da2413	slti	x8,x20,1133	 x20:0x00000000  x8=0x00000001
        9985000	       997	80000f24	56cabf93	sltiu	x31,x21,1388	 x21:0x00000000 x31=0x00000001
        9995000	       998	80000f28	41e5d313	srai	x6,x11,0x1e	 x11:0x00000001  x6=0x00000000
       10005000	       999	80000f2c	41ce8ab3	sub	x21,x29,x28	 x29:0x00000000 x28:0xffffff8f x21=0x00000071
       10015000	      1000	80000f30	63e44c13	xori	x24,x8,1598	  x8:0x00000001 x24=0x0000063f
       10025000	      1001	80000f34	005d5d13	srli	x26,x26,0x5	 x26:0x86b84971 x26=0x0435c24b
       10035000	      1002	80000f38	01b149b3	xor	x19,x2,x27	  x2:0x80009f48 x27:0x00000000 x19=0x80009f48
       10045000	      1003	80000f3c	00e842b3	xor	x5,x16,x14	 x16:0x00000000 x14:0xf9484000  x5=0xf9484000
       10055000	      1004	80000f40	00000013	addi	x0,x0,0	  x0:0x00000000
       10065000	      1005	80000f44	01944ab3	xor	x21,x8,x25	  x8:0x00000001 x25:0x00000000 x21=0x00000001
       10075000	      1006	80000f48	01a1b5b3	sltu	x11,x3,x26	  x3:0xfffffff8 x26:0x0435c24b x11=0x00000000
       10085000	      1007	80000f4c	9684c397	auipc	x7,0x9684c	  x7=0x1684cf48
       10095000	      1008	80000f50	cb7f2213	slti	x4,x30,-841	 x30:0xffffff8f  x4=0x00000000
       10105000	      1009	80000f54	40de80b3	sub	x1,x29,x13	 x29:0x00000000 x13:0xaeaae000  x1=0x51552000
       10115000	      1010	80000f58	00c0aab3	slt	x21,x1,x12	  x1:0x51552000 x12:0x00000000 x21=0x00000000
       10125000	      1011	80000f5c	028ed463	bge	x29,x8,80000f84	 x29:0x00000000  x8:0x00000001
       10135000	      1012	80000f60	00ece0b3	or	x1,x25,x14	 x25:0x00000000 x14:0xf9484000  x1=0xf9484000
       10145000	      1013	80000f64	004a85b3	add	x11,x21,x4	 x21:0x00000000  x4:0x00000000 x11=0x00000000
       10155000	      1014	80000f68	41bf0233	sub	x4,x30,x27	 x30:0xffffff8f x27:0x00000000  x4=0xffffff8f
       10165000	      1015	80000f6c	511c2493	slti	x9,x24,1297	 x24:0x0000063f  x9=0x00000000
       10175000	      1016	80000f70	401b8cb3	sub	x25,x23,x1	 x23:0x80000000  x1:0xf9484000 x25=0x86b7c000
       10185000	      1017	80000f74	0311dc63	bge	x3,x17,80000fac	  x3:0xfffffff8 x17:0xfffffff8
       10195000	      1018	00000000	00000013	addi	x0,x0,0	  x0:0x00000000
       10205000	      1019	80000fa8	00000013	addi	x0,x0,0	  x0:0x00000000
       10215000	      1020	80000fac	0180ec63	bltu	x1,x24,80000fc4	  x1:0xf9484000 x24:0x0000063f
       10225000	      1021	80000fb0	011beab3	or	x21,x23,x17	 x23:0x80000000 x17:0xfffffff8 x21=0xfffffff8
       10235000	      1022	80000fb4	3a183713	sltiu	x14,x16,929	 x16:0x00000000 x14=0x00000001
       10245000	      1023	80000fb8	008164b3	or	x9,x2,x8	  x2:0x80009f48  x8:0x00000001  x9=0x80009f49
       10255000	      1024	80000fbc	83b30413	addi	x8,x6,-1989	  x6:0x00000000  x8=0xfffff83b
       10265000	      1025	80000fc0	72087e93	andi	x29,x16,1824	 x16:0x00000000 x29=0x00000000
       10275000	      1026	80000fc4	01279f93	slli	x31,x15,0x12	 x15:0x00000000 x31=0x00000000
       10285000	      1027	80000fc8	00b7c3b3	xor	x7,x15,x11	 x15:0x00000000 x11:0x00000000  x7=0x00000000
       10295000	      1028	80000fcc	2e122c13	slti	x24,x4,737	  x4:0xffffff8f x24=0x00000001
       10305000	      1029	80000fd0	00ec7533	and	x10,x24,x14	 x24:0x00000001 x14:0x00000001 x10=0x00000001
       10315000	      1030	80000fd4	6b64f193	andi	x3,x9,1718	  x9:0x80009f49  x3=0x00000600
       10325000	      1031	80000fd8	01b6d863	bge	x13,x27,80000fe8	 x13:0xaeaae000 x27:0x00000000
       10335000	      1032	80000fdc	05a88463	beq	x17,x26,80001024	 x17:0xfffffff8 x26:0x0435c24b
       10345000	      1033	80000fe0	04e10463	beq	x2,x14,80001028	  x2:0x80009f48 x14:0x00000001
       10355000	      1034	80000fe4	01a65263	bge	x12,x26,80000fe8	 x12:0x00000000 x26:0x0435c24b
       10365000	      1035	80000fe8	00000013	addi	x0,x0,0	  x0:0x00000000
       10375000	      1036	80000fec	053d1463	bne	x26,x19,80001034	 x26:0x0435c24b x19:0x80009f48
       10385000	      1037	00000000	00000013	addi	x0,x0,0	  x0:0x00000000
       10395000	      1038	80001030	00000013	addi	x0,x0,0	  x0:0x00000000
       10405000	      1039	80001034	fd26ff13	andi	x30,x13,-46	 x13:0xaeaae000 x30=0xaeaae000
       10415000	      1040	80001038	01577263	bgeu	x14,x21,8000103c	 x14:0x00000001 x21:0xfffffff8
       10425000	      1041	8000103c	cc51b593	sltiu	x11,x3,-827	  x3:0x00000600 x11=0x00000001
       10435000	      1042	80001040	01c29093	slli	x1,x5,0x1c	  x5:0xf9484000  x1=0x00000000
       10445000	      1043	80001044	eb1c4897	auipc	x17,0xeb1c4	 x17=0x6b1c5040
       10455000	      1044	80001048	cb07b917	auipc	x18,0xcb07b	 x18=0x4b07c044
       10465000	      1045	8000104c	83e8f593	andi	x11,x17,-1986	 x17:0x6b1c5040 x11=0x6b1c5000
       10475000	      1046	80001050	40868e33	sub	x28,x13,x8	 x13:0xaeaae000  x8:0xfffff83b x28=0xaeaae7c5
       10485000	      1047	80001054	0090f933	and	x18,x1,x9	  x1:0x00000000  x9:0x80009f49 x18=0x00000000
       10495000	      1048	80001058	0542c663	blt	x5,x20,800010a4	  x5:0xf9484000 x20:0x00000000
       10505000	      1049	00000000	00000013	addi	x0,x0,0	  x0:0x00000000
       10515000	      1050	800010a0	00000013	addi	x0,x0,0	  x0:0x00000000
       10525000	      1051	800010a4	01ab8263	beq	x23,x26,800010a8	 x23:0x80000000 x26:0x0435c24b
       10535000	      1052	800010a8	40ca5cb3	sra	x25,x20,x12	 x20:0x00000000 x12:0x00000000 x25=0x00000000
       10545000	      1053	800010ac	0167fd33	and	x26,x15,x22	 x15:0x00000000 x22:0x80009fc4 x26=0x00000000
       10555000	      1054	800010b0	029e7c63	bgeu	x28,x9,800010e8	 x28:0xaeaae7c5  x9:0x80009f49
       10565000	      1055	00000000	00000013	addi	x0,x0,0	  x0:0x00000000
       10575000	      1056	800010e4	00000013	addi	x0,x0,0	  x0:0x00000000
       10585000	      1057	800010e8	2b737613	andi	x12,x6,695	  x6:0x00000000 x12=0x00000000
       10595000	      1058	800010ec	d878ea17	auipc	x20,0xd878e	 x20=0x5878f0e8
       10605000	      1059	800010f0	01da7c33	and	x24,x20,x29	 x20:0x5878f0e8 x29:0x00000000 x24=0x00000000
       10615000	      1060	800010f4	01dea733	slt	x14,x29,x29	 x29:0x00000000 x29:0x00000000 x14=0x00000000
       10625000	      1061	800010f8	41035393	srai	x7,x6,0x10	  x6:0x00000000  x7=0x00000000
       10635000	      1062	800010fc	097933b7	lui	x7,0x9793	  x7=0x09793000
       10645000	      1063	80001100	010cfcb3	and	x25,x25,x16	 x25:0x00000000 x16:0x00000000 x25=0x00000000
       10655000	      1064	80001104	00f1aeb3	slt	x29,x3,x15	  x3:0x00000600 x15:0x00000000 x29=0x00000000
       10665000	      1065	80001108	40ad5893	srai	x17,x26,0xa	 x26:0x00000000 x17=0x00000000
       10675000	      1066	8000110c	03809863	bne	x1,x24,8000113c	  x1:0x00000000 x24:0x00000000
       10685000	      1067	80001110	018ef463	bgeu	x29,x24,80001118	 x29:0x00000000 x24:0x00000000
       10695000	      1068	00000000	00000013	addi	x0,x0,0	  x0:0x00000000
       10705000	      1069	80001114	00000013	addi	x0,x0,0	  x0:0x00000000
       10715000	      1070	80001118	00ecdcb3	srl	x25,x25,x14	 x25:0x00000000 x14:0x00000000 x25=0x00000000
       10725000	      1071	8000111c	00000013	addi	x0,x0,0	  x0:0x00000000
       10735000	      1072	80001120	02180063	beq	x16,x1,80001140	 x16:0x00000000  x1:0x00000000
       10745000	      1073	00000000	00000013	addi	x0,x0,0	  x0:0x00000000
       10755000	      1074	8000113c	00000013	addi	x0,x0,0	  x0:0x00000000
       10765000	      1075	80001140	b5be0d13	addi	x26,x28,-1189	 x28:0xaeaae7c5 x26=0xaeaae320
       10775000	      1076	80001144	402902b3	sub	x5,x18,x2	 x18:0x00000000  x2:0x80009f48  x5=0x7fff60b8
       10785000	      1077	80001148	01435233	srl	x4,x6,x20	  x6:0x00000000 x20:0x5878f0e8  x4=0x00000000
       10795000	      1078	8000114c	f54c4d93	xori	x27,x24,-172	 x24:0x00000000 x27=0xffffff54
       10805000	      1079	80001150	00412083	lw	x1,4(x2)	  x2:0x80009f48  x1=0x80000134 PA:0x80009f4c
       10815000	      1080	80001154	03c10113	addi	x2,x2,60	  x2:0x80009f48  x2=0x80009f84
       10825000	      1081	80001158	0d742313	slti	x6,x8,215	  x8:0xfffff83b  x6=0x00000001
       10835000	      1082	8000115c	00008d93	addi	x27,x1,0	  x1:0x80000134 x27=0x80000134
       10845000	      1083	80001160	000d8de7	jalr	x27,x27,0	 x27:0x80000134 x27=0x80001160
       10855000	      1084	00000000	00000013	addi	x0,x0,0	  x0:0x00000000
       10865000	      1085	80000134	00000013	addi	x0,x0,0	  x0:0x00000000
       10875000	      1086	80000138	00008697	auipc	x13,0x8	 x13=0x80008134
       10885000	      1087	8000013c	f6768693	addi	x13,x13,-153	 x13:0x80008134 x13=0x8000809b
       10895000	      1088	80000140	00000013	addi	x0,x0,0	  x0:0x00000000
       10905000	      1089	80000144	fd46cf03	lbu	x30,-44(x13)	 x13:0x8000809b x30=0x00000000 PA:0x8000806f
       10915000	      1090	80000148	0216af03	lw	x30,33(x13)	 x13:0x8000809b x30=0x00000000 PA:0x800080bc
       10925000	      1091	00000000	00000013	addi	x0,x0,0	  x0:0x00000000
       10935000	      1092	8000014c	01e68523	sb	x30,10(x13)	 x13:0x8000809b x30:0x00000000 PA:0x800080a5
       10945000	      1093	80000150	40c15833	sra	x16,x2,x12	  x2:0x80009f84 x12:0x00000000 x16=0x80009f84
       10955000	      1094	80000154	01c73a33	sltu	x20,x14,x28	 x14:0x00000000 x28:0xaeaae7c5 x20=0x00000001
       10965000	      1095	80000158	00368523	sb	x3,10(x13)	 x13:0x8000809b  x3:0x00000600 PA:0x800080a5
       10975000	      1096	8000015c	ff26ce83	lbu	x29,-14(x13)	 x13:0x8000809b x29=0x00000000 PA:0x8000808d
       10985000	      1097	80000160	fd76df03	lhu	x30,-41(x13)	 x13:0x8000809b x30=0x00000000 PA:0x80008072
       10995000	      1098	80000164	fd768083	lb	x1,-41(x13)	 x13:0x8000809b  x1=0x00000000 PA:0x80008072
       11005000	      1099	80000168	c4e70e93	addi	x29,x14,-946	 x14:0x00000000 x29=0xfffffc4e
       11015000	      1100	8000016c	03e68783	lb	x15,62(x13)	 x13:0x8000809b x15=0x00000000 PA:0x800080d9
       11025000	      1101	80000170	02668923	sb	x6,50(x13)	 x13:0x8000809b  x6:0x00000001 PA:0x800080cd
       11035000	      1102	80000174	00d68423	sb	x13,8(x13)	 x13:0x8000809b x13:0x8000809b PA:0x800080a3
       11045000	      1103	80000178	00c699a3	sh	x12,19(x13)	 x13:0x8000809b x12:0x00000000 PA:0x800080ae
       11055000	      1104	8000017c	a9e56393	ori	x7,x10,-1378	 x10:0x00000001  x7=0xfffffa9f
       11065000	      1105	80000180	0136d183	lhu	x3,19(x13)	 x13:0x8000809b  x3=0x00000000 PA:0x800080ae
       11075000	      1106	80000184	41858533	sub	x10,x11,x24	 x11:0x6b1c5000 x24:0x00000000 x10=0x6b1c5000
       11085000	      1107	80000188	01369583	lh	x11,19(x13)	 x13:0x8000809b x11=0x00000000 PA:0x800080ae
       11095000	      1108	8000018c	03b68a83	lb	x21,59(x13)	 x13:0x8000809b x21=0x00000000 PA:0x800080d6
       11105000	      1109	80000190	00d6df03	lhu	x30,13(x13)	 x13:0x8000809b x30=0x00000000 PA:0x800080a8
       11115000	      1110	80000194	01468723	sb	x20,14(x13)	 x13:0x8000809b x20:0x00000001 PA:0x800080a9
       11125000	      1111	80000198	00d6d403	lhu	x8,13(x13)	 x13:0x8000809b  x8=0x00000100 PA:0x800080a8
       11135000	      1112	8000019c	00009597	auipc	x11,0x9	 x11=0x80009198
       11145000	      1113	800001a0	bd558593	addi	x11,x11,-1067	 x11:0x80009198 x11=0x80008d6d
       11155000	      1114	800001a4	00009d97	auipc	x27,0x9	 x27=0x800091a0
       11165000	      1115	800001a8	b6dd8d93	addi	x27,x27,-1171	 x27:0x800091a0 x27=0x80008d0d
       11175000	      1116	800001ac	00009317	auipc	x6,0x9	  x6=0x800091a8
       11185000	      1117	800001b0	afc30313	addi	x6,x6,-1284	  x6:0x800091a8  x6=0x80008ca4
       11195000	      1118	800001b4	f82d8383	lb	x7,-126(x27)	 x27:0x80008d0d  x7=0x00000000 PA:0x80008c8f
       11205000	      1119	800001b8	00009897	auipc	x17,0x9	 x17=0x800091b4
       11215000	      1120	800001bc	b3688893	addi	x17,x17,-1226	 x17:0x800091b4 x17=0x80008cea
       11225000	      1121	800001c0	04031903	lh	x18,64(x6)	  x6:0x80008ca4 x18=0x00000000 PA:0x80008ce4
       11235000	      1122	800001c4	e5888603	lb	x12,-424(x17)	 x17:0x80008cea x12=0x00000000 PA:0x80008b42
       11245000	      1123	800001c8	01058483	lb	x9,16(x11)	 x11:0x80008d6d  x9=0x00000000 PA:0x80008d7d
       11255000	      1124	800001cc	132888a3	sb	x18,305(x17)	 x17:0x80008cea x18:0x00000000 PA:0x80008e1b
       11265000	      1125	800001d0	01959483	lh	x9,25(x11)	 x11:0x80008d6d  x9=0x00000000 PA:0x80008d86
       11275000	      1126	800001d4	ffe34803	lbu	x16,-2(x6)	  x6:0x80008ca4 x16=0x00000000 PA:0x80008ca2
       11285000	      1127	800001d8	2d6888a3	sb	x22,721(x17)	 x17:0x80008cea x22:0x80009fc4 PA:0x80008fbb
       11295000	      1128	800001dc	fdf30283	lb	x5,-33(x6)	  x6:0x80008ca4  x5=0x00000000 PA:0x80008c83
       11305000	      1129	800001e0	e358ce03	lbu	x28,-459(x17)	 x17:0x80008cea x28=0x00000000 PA:0x80008b1f
       11315000	      1130	800001e4	fb0888a3	sb	x16,-79(x17)	 x17:0x80008cea x16:0x00000000 PA:0x80008c9b
       11325000	      1131	800001e8	ff9dd803	lhu	x16,-7(x27)	 x27:0x80008d0d x16=0x00000000 PA:0x80008d06
       11335000	      1132	800001ec	03d30ea3	sb	x29,61(x6)	  x6:0x80008ca4 x29:0xfffffc4e PA:0x80008ce1
       11345000	      1133	800001f0	fd4309a3	sb	x20,-45(x6)	  x6:0x80008ca4 x20:0x00000001 PA:0x80008c77
       11355000	      1134	800001f4	ff058ea3	sb	x16,-3(x11)	 x11:0x80008d6d x16:0x00000000 PA:0x80008d6a
       11365000	      1135	800001f8	fcc58c03	lb	x24,-52(x11)	 x11:0x80008d6d x24=0x00000000 PA:0x80008d39
       11375000	      1136	800001fc	db988c83	lb	x25,-583(x17)	 x17:0x80008cea x25=0x00000000 PA:0x80008aa3
       11385000	      1137	80000200	0315da83	lhu	x21,49(x11)	 x11:0x80008d6d x21=0x00000000 PA:0x80008d9e
       11395000	      1138	80000204	03334c83	lbu	x25,51(x6)	  x6:0x80008ca4 x25=0x00000000 PA:0x80008cd7
       11405000	      1139	80000208	e8788123	sb	x7,-382(x17)	 x17:0x80008cea  x7:0x00000000 PA:0x80008b6c
       11415000	      1140	8000020c	f68d82a3	sb	x8,-155(x27)	 x27:0x80008d0d  x8:0x00000100 PA:0x80008c72
       11425000	      1141	80000210	1f288423	sb	x18,488(x17)	 x17:0x80008cea x18:0x00000000 PA:0x80008ed2
       11435000	      1142	80000214	01c5c903	lbu	x18,28(x11)	 x11:0x80008d6d x18=0x00000000 PA:0x80008d89
       11445000	      1143	80000218	0a8d8123	sb	x8,162(x27)	 x27:0x80008d0d  x8:0x00000100 PA:0x80008daf
       11455000	      1144	8000021c	fe159283	lh	x5,-31(x11)	 x11:0x80008d6d  x5=0x00000000 PA:0x80008d4e
       11465000	      1145	80000220	fed30203	lb	x4,-19(x6)	  x6:0x80008ca4  x4=0x00000000 PA:0x80008c91
       11475000	      1146	80000224	0065c983	lbu	x19,6(x11)	 x11:0x80008d6d x19=0x00000000 PA:0x80008d73
       11485000	      1147	80000228	f63dd203	lhu	x4,-157(x27)	 x27:0x80008d0d  x4=0x00000000 PA:0x80008c70
       11495000	      1148	8000022c	fd85c803	lbu	x16,-40(x11)	 x11:0x80008d6d x16=0x00000000 PA:0x80008d45
       11505000	      1149	80000230	ff9d8323	sb	x25,-26(x27)	 x27:0x80008d0d x25:0x00000000 PA:0x80008cf3
       11515000	      1150	80000234	1c589323	sh	x5,454(x17)	 x17:0x80008cea  x5:0x00000000 PA:0x80008eb0
       11525000	      1151	80000238	fd2582a3	sb	x18,-59(x11)	 x11:0x80008d6d x18:0x00000000 PA:0x80008d32
       11535000	      1152	8000023c	b7988183	lb	x3,-1159(x17)	 x17:0x80008cea  x3=0x00000000 PA:0x80008863
       11545000	      1153	80000240	feedca83	lbu	x21,-18(x27)	 x27:0x80008d0d x21=0x00000000 PA:0x80008cfb
       11555000	      1154	80000244	00008a97	auipc	x21,0x8	 x21=0x80008240
       11565000	      1155	80000248	790a8a93	addi	x21,x21,1936	 x21:0x80008240 x21=0x800089d0
       11575000	      1156	8000024c	00008397	auipc	x7,0x8	  x7=0x80008248
       11585000	      1157	80000250	74438393	addi	x7,x7,1860	  x7:0x80008248  x7=0x8000898c
       11595000	      1158	80000254	00009097	auipc	x1,0x9	  x1=0x80009250
       11605000	      1159	80000258	9f508093	addi	x1,x1,-1547	  x1:0x80009250  x1=0x80008c45
       11615000	      1160	8000025c	ffc0c203	lbu	x4,-4(x1)	  x1:0x80008c45  x4=0x00000000 PA:0x80008c41
       11625000	      1161	80000260	ff909603	lh	x12,-7(x1)	  x1:0x80008c45 x12=0x00000000 PA:0x80008c3e
       11635000	      1162	80000264	00fa8583	lb	x11,15(x21)	 x21:0x800089d0 x11=0x00000000 PA:0x800089df
       11645000	      1163	80000268	00909c03	lh	x24,9(x1)	  x1:0x80008c45 x24=0x00000000 PA:0x80008c4e
       11655000	      1164	8000026c	ff5ac503	lbu	x10,-11(x21)	 x21:0x800089d0 x10=0x00000000 PA:0x800089c5
       11665000	      1165	80000270	ffcad583	lhu	x11,-4(x21)	 x21:0x800089d0 x11=0x00000000 PA:0x800089cc
       11675000	      1166	80000274	f9a38903	lb	x18,-102(x7)	  x7:0x8000898c x18=0x00000000 PA:0x80008926
       11685000	      1167	80000278	00008403	lb	x8,0(x1)	  x1:0x80008c45  x8=0x00000000 PA:0x80008c45
       11695000	      1168	8000027c	fffa8f23	sb	x31,-2(x21)	 x21:0x800089d0 x31:0x00000000 PA:0x800089ce
       11705000	      1169	80000280	fb738303	lb	x6,-73(x7)	  x7:0x8000898c  x6=0x00000000 PA:0x80008943
       11715000	      1170	80000284	007aa223	sw	x7,4(x21)	 x21:0x800089d0  x7:0x8000898c PA:0x800089d4
       11725000	      1171	80000288	ff6a9923	sh	x22,-14(x21)	 x21:0x800089d0 x22:0x80009fc4 PA:0x800089c2
       11735000	      1172	8000028c	51a38c83	lb	x25,1306(x7)	  x7:0x8000898c x25=0x00000000 PA:0x80008ea6
       11745000	      1173	80000290	00d0c903	lbu	x18,13(x1)	  x1:0x80008c45 x18=0x00000000 PA:0x80008c52
       11755000	      1174	80000294	feca8fa3	sb	x12,-1(x21)	 x21:0x800089d0 x12:0x00000000 PA:0x800089cf
       11765000	      1175	80000298	ff608fa3	sb	x22,-1(x1)	  x1:0x80008c45 x22:0x80009fc4 PA:0x80008c44
       11775000	      1176	8000029c	009ace03	lbu	x28,9(x21)	 x21:0x800089d0 x28=0x00000000 PA:0x800089d9
       11785000	      1177	800002a0	0080cf03	lbu	x30,8(x1)	  x1:0x80008c45 x30=0x00000000 PA:0x80008c4d
       11795000	      1178	800002a4	4ee3a023	sw	x14,1248(x7)	  x7:0x8000898c x14:0x00000000 PA:0x80008e6c
       11805000	      1179	800002a8	00008223	sb	x0,4(x1)	  x1:0x80008c45  x0:0x00000000 PA:0x80008c49
       11815000	      1180	800002ac	25f3c903	lbu	x18,607(x7)	  x7:0x8000898c x18=0x00000000 PA:0x80008beb
       11825000	      1181	800002b0	16b3c783	lbu	x15,363(x7)	  x7:0x8000898c x15=0x00000000 PA:0x80008af7
       11835000	      1182	800002b4	ff1a8283	lb	x5,-15(x21)	 x21:0x800089d0  x5=0x00000000 PA:0x800089c1
       11845000	      1183	800002b8	000a80a3	sb	x0,1(x21)	 x21:0x800089d0  x0:0x00000000 PA:0x800089d1
       11855000	      1184	800002bc	0020c183	lbu	x3,2(x1)	  x1:0x80008c45  x3=0x00000000 PA:0x80008c47
       11865000	      1185	800002c0	ffb0ac03	lw	x24,-5(x1)	  x1:0x80008c45 x24=0x00000000 PA:0x80008c40
       11875000	      1186	800002c4	00009097	auipc	x1,0x9	  x1=0x800092c0
       11885000	      1187	800002c8	99308093	addi	x1,x1,-1645	  x1:0x800092c0  x1=0x80008c53
       11895000	      1188	800002cc	16d08a03	lb	x20,365(x1)	  x1:0x80008c53 x20=0x00000000 PA:0x80008dc0
       11905000	      1189	800002d0	1c40cd83	lbu	x27,452(x1)	  x1:0x80008c53 x27=0x00000000 PA:0x80008e17
       11915000	      1190	800002d4	1cf08223	sb	x15,452(x1)	  x1:0x80008c53 x15:0x00000000 PA:0x80008e17
       11925000	      1191	800002d8	00000013	addi	x0,x0,0	  x0:0x00000000
       11935000	      1192	800002dc	01e2ac33	slt	x24,x5,x30	  x5:0x00000000 x30:0x00000000 x24=0x00000000
       11945000	      1193	800002e0	13a08603	lb	x12,314(x1)	  x1:0x80008c53 x12=0x00000000 PA:0x80008d8d
       11955000	      1194	800002e4	13308d23	sb	x19,314(x1)	  x1:0x80008c53 x19:0x00000000 PA:0x80008d8d
       11965000	      1195	800002e8	00efdc93	srli	x25,x31,0xe	 x31:0x00000000 x25=0x00000000
       11975000	      1196	800002ec	aeae0293	addi	x5,x28,-1302	 x28:0x00000000  x5=0xfffffaea
       11985000	      1197	800002f0	012cd513	srli	x10,x25,0x12	 x25:0x00000000 x10=0x00000000
       11995000	      1198	800002f4	13a0c503	lbu	x10,314(x1)	  x1:0x80008c53 x10=0x00000000 PA:0x80008d8d
       12005000	      1199	800002f8	13a08d03	lb	x26,314(x1)	  x1:0x80008c53 x26=0x00000000 PA:0x80008d8d
       12015000	      1200	800002fc	2a70d503	lhu	x10,679(x1)	  x1:0x80008c53 x10=0x00000000 PA:0x80008efa
       12025000	      1201	80000300	c680c903	lbu	x18,-920(x1)	  x1:0x80008c53 x18=0x00000000 PA:0x800088bb
       12035000	      1202	80000304	2400c903	lbu	x18,576(x1)	  x1:0x80008c53 x18=0x00000000 PA:0x80008e93
       12045000	      1203	80000308	24008683	lb	x13,576(x1)	  x1:0x80008c53 x13=0x00000000 PA:0x80008e93
       12055000	      1204	8000030c	24a08023	sb	x10,576(x1)	  x1:0x80008c53 x10:0x00000000 PA:0x80008e93
       12065000	      1205	80000310	00008d17	auipc	x26,0x8	 x26=0x8000830c
       12075000	      1206	80000314	619d0d13	addi	x26,x26,1561	 x26:0x8000830c x26=0x80008925
       12085000	      1207	80000318	088d07a3	sb	x8,143(x26)	 x26:0x80008925  x8:0x00000000 PA:0x800089b4
       12095000	      1208	8000031c	f09d0fa3	sb	x9,-225(x26)	 x26:0x80008925  x9:0x00000000 PA:0x80008844
       12105000	      1209	80000320	a46e7197	auipc	x3,0xa46e7	  x3=0x246e731c
       12115000	      1210	80000324	01bd5383	lhu	x7,27(x26)	 x26:0x80008925  x7=0x00000000 PA:0x80008940
       12125000	      1211	80000328	004666b3	or	x13,x12,x4	 x12:0x00000000  x4:0x00000000 x13=0x00000000
       12135000	      1212	8000032c	02fd05a3	sb	x15,43(x26)	 x26:0x80008925 x15:0x00000000 PA:0x80008950
       12145000	      1213	80000330	f83d0a83	lb	x21,-125(x26)	 x26:0x80008925 x21=0x00000000 PA:0x800088a8
       12155000	      1214	80000334	01e45893	srli	x17,x8,0x1e	  x8:0x00000000 x17=0x00000000
       12165000	      1215	80000338	f2ad0723	sb	x10,-210(x26)	 x26:0x80008925 x10:0x00000000 PA:0x80008853
       12175000	      1216	8000033c	f6bd1983	lh	x19,-149(x26)	 x26:0x80008925 x19=0x00000000 PA:0x80008890
       12185000	      1217	80000340	09ad05a3	sb	x26,139(x26)	 x26:0x80008925 x26:0x80008925 PA:0x800089b0
       12195000	      1218	80000344	0d5d0223	sb	x21,196(x26)	 x26:0x80008925 x21:0x00000000 PA:0x800089e9
       12205000	      1219	80000348	36857093	andi	x1,x10,872	 x10:0x00000000  x1=0x00000000
       12215000	      1220	8000034c	e5c94813	xori	x16,x18,-420	 x18:0x00000000 x16=0xfffffe5c
       12225000	      1221	80000350	003d0fa3	sb	x3,31(x26)	 x26:0x80008925  x3:0x246e731c PA:0x80008944
       12235000	      1222	80000354	0023aab3	slt	x21,x7,x2	  x7:0x00000000  x2:0x80009f84 x21=0x00000000
       12245000	      1223	80000358	41825233	sra	x4,x4,x24	  x4:0x00000000 x24:0x00000000  x4=0x00000000
       12255000	      1224	8000035c	fa0d0323	sb	x0,-90(x26)	 x26:0x80008925  x0:0x00000000 PA:0x800088cb
       12265000	      1225	80000360	9f744493	xori	x9,x8,-1545	  x8:0x00000000  x9=0xfffff9f7
       12275000	      1226	80000364	03bd1603	lh	x12,59(x26)	 x26:0x80008925 x12=0x00000000 PA:0x80008960
       12285000	      1227	80000368	013f3c33	sltu	x24,x30,x19	 x30:0x00000000 x19:0x00000000 x24=0x00000000
       12295000	      1228	8000036c	a91521b7	lui	x3,0xa9152	  x3=0xa9152000
       12305000	      1229	80000370	006e1f93	slli	x31,x28,0x6	 x28:0x00000000 x31=0x00000000
       12315000	      1230	80000374	00000013	addi	x0,x0,0	  x0:0x00000000
       12325000	      1231	80000378	d6237093	andi	x1,x6,-670	  x6:0x00000000  x1=0x00000000
       12335000	      1232	8000037c	fd8d4183	lbu	x3,-40(x26)	 x26:0x80008925  x3=0x00000000 PA:0x800088fd
       12345000	      1233	80000380	00e4d833	srl	x16,x9,x14	  x9:0xfffff9f7 x14:0x00000000 x16=0xfffff9f7
       12355000	      1234	80000384	0d9d0823	sb	x25,208(x26)	 x26:0x80008925 x25:0x00000000 PA:0x800089f5
       12365000	      1235	80000388	00ea4333	xor	x6,x20,x14	 x20:0x00000000 x14:0x00000000  x6=0x00000000
       12375000	      1236	8000038c	05cd11a3	sh	x28,67(x26)	 x26:0x80008925 x28:0x00000000 PA:0x80008968
       12385000	      1237	80000390	f00d09a3	sb	x0,-237(x26)	 x26:0x80008925  x0:0x00000000 PA:0x80008838
       12395000	      1238	80000394	00008917	auipc	x18,0x8	 x18=0x80008390
       12405000	      1239	80000398	56290913	addi	x18,x18,1378	 x18:0x80008390 x18=0x800088f2
       12415000	      1240	8000039c	004259b3	srl	x19,x4,x4	  x4:0x00000000  x4:0x00000000 x19=0x00000000
       12425000	      1241	800003a0	ff095203	lhu	x4,-16(x18)	 x18:0x800088f2  x4=0x00000000 PA:0x800088e2
       12435000	      1242	800003a4	ff090183	lb	x3,-16(x18)	 x18:0x800088f2  x3=0x00000000 PA:0x800088e2
       12445000	      1243	800003a8	ffa91823	sh	x26,-16(x18)	 x18:0x800088f2 x26:0x80008925 PA:0x800088e2
       12455000	      1244	800003ac	0100b333	sltu	x6,x1,x16	  x1:0x00000000 x16:0xfffff9f7  x6=0x00000001
       12465000	      1245	800003b0	ff094483	lbu	x9,-16(x18)	 x18:0x800088f2  x9=0x00000025 PA:0x800088e2
       12475000	      1246	800003b4	5fc9b613	sltiu	x12,x19,1532	 x19:0x00000000 x12=0x00000001
       12485000	      1247	800003b8	00f94f83	lbu	x31,15(x18)	 x18:0x800088f2 x31=0x00000000 PA:0x80008901
       12495000	      1248	800003bc	3d416013	ori	x0,x2,980	  x2:0x80009f84
       12505000	      1249	800003c0	015907a3	sb	x21,15(x18)	 x18:0x800088f2 x21:0x00000000 PA:0x80008901
       12515000	      1250	800003c4	00f94e03	lbu	x28,15(x18)	 x18:0x800088f2 x28=0x00000000 PA:0x80008901
       12525000	      1251	800003c8	00f90883	lb	x17,15(x18)	 x18:0x800088f2 x17=0x00000000 PA:0x80008901
       12535000	      1252	800003cc	00491983	lh	x19,4(x18)	 x18:0x800088f2 x19=0x00000000 PA:0x800088f6
       12545000	      1253	800003d0	b4816e93	ori	x29,x2,-1208	  x2:0x80009f84 x29=0xffffffcc
       12555000	      1254	800003d4	41588fb3	sub	x31,x17,x21	 x17:0x00000000 x21:0x00000000 x31=0x00000000
       12565000	      1255	800003d8	00491203	lh	x4,4(x18)	 x18:0x800088f2  x4=0x00000000 PA:0x800088f6
       12575000	      1256	00000000	00000013	addi	x0,x0,0	  x0:0x00000000
       12585000	      1257	800003dc	00491e03	lh	x28,4(x18)	 x18:0x800088f2 x28=0x00000000 PA:0x800088f6
       12595000	      1258	800003e0	00495083	lhu	x1,4(x18)	 x18:0x800088f2  x1=0x00000000 PA:0x800088f6
       12605000	      1259	800003e4	00490703	lb	x14,4(x18)	 x18:0x800088f2 x14=0x00000000 PA:0x800088f6
       12615000	      1260	800003e8	00490883	lb	x17,4(x18)	 x18:0x800088f2 x17=0x00000000 PA:0x800088f6
       12625000	      1261	800003ec	00491003	lh	x0,4(x18)	 x18:0x800088f2 PA:0x800088f6
       12635000	      1262	800003f0	00490603	lb	x12,4(x18)	 x18:0x800088f2 x12=0x00000000 PA:0x800088f6
       12645000	      1263	800003f4	00008d97	auipc	x27,0x8	 x27=0x800083f0
       12655000	      1264	800003f8	61ed8d93	addi	x27,x27,1566	 x27:0x800083f0 x27=0x80008a0e
       12665000	      1265	800003fc	00009897	auipc	x17,0x9	 x17=0x800093f8
       12675000	      1266	80000400	92688893	addi	x17,x17,-1754	 x17:0x800093f8 x17=0x80008d1e
       12685000	      1267	80000404	002d85a3	sb	x2,11(x27)	 x27:0x80008a0e  x2:0x80009f84 PA:0x80008a19
       12695000	      1268	80000408	bab88623	sb	x11,-1108(x17)	 x17:0x80008d1e x11:0x00000000 PA:0x800088ca
       12705000	      1269	8000040c	fe6d8e23	sb	x6,-4(x27)	 x27:0x80008a0e  x6:0x00000001 PA:0x80008a0a
       12715000	      1270	80000410	00fd8483	lb	x9,15(x27)	 x27:0x80008a0e  x9=0x00000000 PA:0x80008a1d
       12725000	      1271	80000414	ff5d8e03	lb	x28,-11(x27)	 x27:0x80008a0e x28=0x00000000 PA:0x80008a03
       12735000	      1272	80000418	01889683	lh	x13,24(x17)	 x17:0x80008d1e x13=0x00000000 PA:0x80008d36
       12745000	      1273	8000041c	03e8a483	lw	x9,62(x17)	 x17:0x80008d1e  x9=0x00000000 PA:0x80008d5c
       12755000	      1274	80000420	09d888a3	sb	x29,145(x17)	 x17:0x80008d1e x29:0xffffffcc PA:0x80008daf
       12765000	      1275	80000424	dc888a03	lb	x20,-568(x17)	 x17:0x80008d1e x20=0x00000000 PA:0x80008ae6
       12775000	      1276	80000428	ffadda83	lhu	x21,-6(x27)	 x27:0x80008a0e x21=0x00000000 PA:0x80008a08
       12785000	      1277	8000042c	d7d88a83	lb	x21,-643(x17)	 x17:0x80008d1e x21=0x00000000 PA:0x80008a9b
       12795000	      1278	80000430	00008e97	auipc	x29,0x8	 x29=0x8000842c
       12805000	      1279	80000434	215e8e93	addi	x29,x29,533	 x29:0x8000842c x29=0x80008641
       12815000	      1280	80000438	b9bed983	lhu	x19,-1125(x29)	 x29:0x80008641 x19=0x00000000 PA:0x800081dc
       12825000	      1281	8000043c	374c7a17	auipc	x20,0x374c7	 x20=0xb74c7438
       12835000	      1282	80000440	c93c3213	sltiu	x4,x24,-877	 x24:0x00000000  x4=0x00000001
       12845000	      1283	80000444	a1eef513	andi	x10,x29,-1506	 x29:0x80008641 x10=0x80008200
       12855000	      1284	80000448	40f53193	sltiu	x3,x10,1039	 x10:0x80008200  x3=0x00000000
       12865000	      1285	8000044c	1b3ea583	lw	x11,435(x29)	 x29:0x80008641 x11=0x00000000 PA:0x800087f4
       12875000	      1286	80000450	e15e9ba3	sh	x21,-489(x29)	 x29:0x80008641 x21:0x00000000 PA:0x80008458
       12885000	      1287	80000454	015cbcb3	sltu	x25,x25,x21	 x25:0x00000000 x21:0x00000000 x25=0x00000000
       12895000	      1288	80000458	a71ecd83	lbu	x27,-1423(x29)	 x29:0x80008641 x27=0x00000000 PA:0x800080b2
       12905000	      1289	8000045c	ef9e82a3	sb	x25,-283(x29)	 x29:0x80008641 x25:0x00000000 PA:0x80008526
       12915000	      1290	80000460	004fd7b3	srl	x15,x31,x4	 x31:0x00000000  x4:0x00000001 x15=0x00000000
       12925000	      1291	80000464	f6be8d23	sb	x11,-134(x29)	 x29:0x80008641 x11:0x00000000 PA:0x800085bb
       12935000	      1292	80000468	cdee8803	lb	x16,-802(x29)	 x29:0x80008641 x16=0x00000000 PA:0x8000831f
       12945000	      1293	8000046c	1594a213	slti	x4,x9,345	  x9:0x00000000  x4=0x00000001
       12955000	      1294	80000470	5bddcf13	xori	x30,x27,1469	 x27:0x00000000 x30=0x000005bd
       12965000	      1295	80000474	0877ea93	ori	x21,x15,135	 x15:0x00000000 x21=0x00000087
       12975000	      1296	80000478	1e96e613	ori	x12,x13,489	 x13:0x00000000 x12=0x000001e9
       12985000	      1297	8000047c	41b28ab3	sub	x21,x5,x27	  x5:0xfffffaea x27:0x00000000 x21=0xfffffaea
       12995000	      1298	80000480	000d68b3	or	x17,x26,x0	 x26:0x80008925  x0:0x00000000 x17=0x80008925
       13005000	      1299	80000484	0b453c13	sltiu	x24,x10,180	 x10:0x80008200 x24=0x00000000
       13015000	      1300	80000488	a36ec683	lbu	x13,-1482(x29)	 x29:0x80008641 x13=0x00000000 PA:0x80008077
       13025000	      1301	8000048c	c91e8a23	sb	x17,-876(x29)	 x29:0x80008641 x17:0x80008925 PA:0x800082d5
       13035000	      1302	80000490	3bfbc313	xori	x6,x23,959	 x23:0x80000000  x6=0x800003bf
       13045000	      1303	80000494	c915f893	andi	x17,x11,-879	 x11:0x00000000 x17=0x00000000
       13055000	      1304	80000498	19de92a3	sh	x29,389(x29)	 x29:0x80008641 x29:0x80008641 PA:0x800087c6
       13065000	      1305	8000049c	cbbec483	lbu	x9,-837(x29)	 x29:0x80008641  x9=0x00000000 PA:0x800082fc
       13075000	      1306	800004a0	174e8183	lb	x3,372(x29)	 x29:0x80008641  x3=0x00000000 PA:0x800087b5
       13085000	      1307	800004a4	008f5793	srli	x15,x30,0x8	 x30:0x000005bd x15=0x00000005
       13095000	      1308	800004a8	c64ec783	lbu	x15,-924(x29)	 x29:0x80008641 x15=0x00000000 PA:0x800082a5
       13105000	      1309	800004ac	b66e85a3	sb	x6,-1173(x29)	 x29:0x80008641  x6:0x800003bf PA:0x800081ac
       13115000	      1310	800004b0	a12ecc83	lbu	x25,-1518(x29)	 x29:0x80008641 x25=0x00000000 PA:0x80008053
       13125000	      1311	800004b4	ae9e8b23	sb	x9,-1290(x29)	 x29:0x80008641  x9:0x00000000 PA:0x80008137
       13135000	      1312	800004b8	da5ec083	lbu	x1,-603(x29)	 x29:0x80008641  x1=0x00000000 PA:0x800083e6
       13145000	      1313	800004bc	01375c33	srl	x24,x14,x19	 x14:0x00000000 x19:0x00000000 x24=0x00000000
       13155000	      1314	800004c0	ae2e8003	lb	x0,-1310(x29)	 x29:0x80008641 PA:0x80008123
       13165000	      1315	800004c4	a40e9fa3	sh	x0,-1441(x29)	 x29:0x80008641  x0:0x00000000 PA:0x800080a0
       13175000	      1316	800004c8	41728733	sub	x14,x5,x23	  x5:0xfffffaea x23:0x80000000 x14=0x7ffffaea
       13185000	      1317	800004cc	fefea903	lw	x18,-17(x29)	 x29:0x80008641 x18=0x00000000 PA:0x80008630
       13195000	      1318	00000000	00000013	addi	x0,x0,0	  x0:0x00000000
       13205000	      1319	800004d0	ad2e8003	lb	x0,-1326(x29)	 x29:0x80008641 PA:0x80008113
       13215000	      1320	800004d4	bd6e8183	lb	x3,-1066(x29)	 x29:0x80008641  x3=0x00000000 PA:0x80008217
       13225000	      1321	800004d8	01cec483	lbu	x9,28(x29)	 x29:0x80008641  x9=0x00000000 PA:0x8000865d
       13235000	      1322	800004dc	4ceeae17	auipc	x28,0x4ceea	 x28=0xcceea4d8
       13245000	      1323	800004e0	40ec8a33	sub	x20,x25,x14	 x25:0x00000000 x14:0x7ffffaea x20=0x80000516
       13255000	      1324	800004e4	4084d833	sra	x16,x9,x8	  x9:0x00000000  x8:0x00000000 x16=0x00000000
       13265000	      1325	800004e8	40a98433	sub	x8,x19,x10	 x19:0x00000000 x10:0x80008200  x8=0x7fff7e00
       13275000	      1326	800004ec	14fe8983	lb	x19,335(x29)	 x29:0x80008641 x19=0x00000000 PA:0x80008790
       13285000	      1327	800004f0	de6e98a3	sh	x6,-527(x29)	 x29:0x80008641  x6:0x800003bf PA:0x80008432
       13295000	      1328	800004f4	f13e8323	sb	x19,-250(x29)	 x29:0x80008641 x19:0x00000000 PA:0x80008547
       13305000	      1329	800004f8	d5de9483	lh	x9,-675(x29)	 x29:0x80008641  x9=0x00000000 PA:0x8000839e
       13315000	      1330	00000000	00000013	addi	x0,x0,0	  x0:0x00000000
       13325000	      1331	800004fc	d89ecc83	lbu	x25,-631(x29)	 x29:0x80008641 x25=0x00000000 PA:0x800083ca
       13335000	      1332	80000500	01b81293	slli	x5,x16,0x1b	 x16:0x00000000  x5=0x00000000
       13345000	      1333	80000504	04221063	bne	x4,x2,80000544	  x4:0x00000001  x2:0x80009f84
       13355000	      1334	00000000	00000013	addi	x0,x0,0	  x0:0x00000000
       13365000	      1335	80000540	00000013	addi	x0,x0,0	  x0:0x00000000
       13375000	      1336	80000544	7c360393	addi	x7,x12,1987	 x12:0x000001e9  x7=0x000009ac
       13385000	      1337	80000548	7683f5b7	lui	x11,0x7683f	 x11=0x7683f000
       13395000	      1338	8000054c	00000013	addi	x0,x0,0	  x0:0x00000000
       13405000	      1339	80000550	8b638693	addi	x13,x7,-1866	  x7:0x000009ac x13=0x00000262
       13415000	      1340	80000554	02d3de63	bge	x7,x13,80000590	  x7:0x000009ac x13:0x00000262
       13425000	      1341	00000000	00000013	addi	x0,x0,0	  x0:0x00000000
       13435000	      1342	8000058c	00000013	addi	x0,x0,0	  x0:0x00000000
       13445000	      1343	80000590	3522a893	slti	x17,x5,850	  x5:0x00000000 x17=0x00000001
       13455000	      1344	80000594	ff7b2613	slti	x12,x22,-9	 x22:0x80009fc4 x12=0x00000001
       13465000	      1345	80000598	006280b3	add	x1,x5,x6	  x5:0x00000000  x6:0x800003bf  x1=0x800003bf
       13475000	      1346	8000059c	01835263	bge	x6,x24,800005a0	  x6:0x800003bf x24:0x00000000
       13485000	      1347	800005a0	0161f933	and	x18,x3,x22	  x3:0x00000000 x22:0x80009fc4 x18=0x00000000
       13495000	      1348	800005a4	012f97b3	sll	x15,x31,x18	 x31:0x00000000 x18:0x00000000 x15=0x00000000
       13505000	      1349	800005a8	84ba0c13	addi	x24,x20,-1973	 x20:0x80000516 x24=0x7ffffd61
       13515000	      1350	800005ac	00281813	slli	x16,x16,0x2	 x16:0x00000000 x16=0x00000000
       13525000	      1351	800005b0	009b2633	slt	x12,x22,x9	 x22:0x80009fc4  x9:0x00000000 x12=0x00000001
       13535000	      1352	800005b4	01538633	add	x12,x7,x21	  x7:0x000009ac x21:0xfffffaea x12=0x00000496
       13545000	      1353	800005b8	6fc5ed93	ori	x27,x11,1788	 x11:0x7683f000 x27=0x7683f6fc
       13555000	      1354	800005bc	f7a33293	sltiu	x5,x6,-134	  x6:0x800003bf  x5=0x00000001
       13565000	      1355	800005c0	75f1f693	andi	x13,x3,1887	  x3:0x00000000 x13=0x00000000
       13575000	      1356	800005c4	003b9313	slli	x6,x23,0x3	 x23:0x80000000  x6=0x00000000
       13585000	      1357	800005c8	32c2b093	sltiu	x1,x5,812	  x5:0x00000001  x1=0x00000001
       13595000	      1358	800005cc	00326eb3	or	x29,x4,x3	  x4:0x00000001  x3:0x00000000 x29=0x00000001
       13605000	      1359	800005d0	c9818693	addi	x13,x3,-872	  x3:0x00000000 x13=0xfffffc98
       13615000	      1360	800005d4	eb85edb7	lui	x27,0xeb85e	 x27=0xeb85e000
       13625000	      1361	800005d8	7455a913	slti	x18,x11,1861	 x11:0x7683f000 x18=0x00000000
       13635000	      1362	800005dc	0094c1b3	xor	x3,x9,x9	  x9:0x00000000  x9:0x00000000  x3=0x00000000
       13645000	      1363	800005e0	c3c66d13	ori	x26,x12,-964	 x12:0x00000496 x26=0xfffffcbe
       13655000	      1364	800005e4	53714597	auipc	x11,0x53714	 x11=0xd37145e0
       13665000	      1365	800005e8	3c40cc13	xori	x24,x1,964	  x1:0x00000001 x24=0x000003c5
       13675000	      1366	800005ec	90602593	slti	x11,x0,-1786	  x0:0x00000000 x11=0x00000000
       13685000	      1367	800005f0	01752db3	slt	x27,x10,x23	 x10:0x80008200 x23:0x80000000 x27=0x00000000
       13695000	      1368	800005f4	040de663	bltu	x27,x0,80000640	 x27:0x00000000  x0:0x00000000
       13705000	      1369	800005f8	006456b3	srl	x13,x8,x6	  x8:0x7fff7e00  x6:0x00000000 x13=0x7fff7e00
       13715000	      1370	800005fc	006d9c13	slli	x24,x27,0x6	 x27:0x00000000 x24=0x00000000
       13725000	      1371	80000600	6397ff13	andi	x30,x15,1593	 x15:0x00000000 x30=0x00000000
       13735000	      1372	80000604	dc615fb7	lui	x31,0xdc615	 x31=0xdc615000
       13745000	      1373	80000608	01b721b3	slt	x3,x14,x27	 x14:0x7ffffaea x27:0x00000000  x3=0x00000000
       13755000	      1374	8000060c	278e7613	andi	x12,x28,632	 x28:0xcceea4d8 x12=0x00000058
       13765000	      1375	80000610	41405833	sra	x16,x0,x20	  x0:0x00000000 x20:0x80000516 x16=0x00000000
       13775000	      1376	80000614	08128063	beq	x5,x1,80000694	  x5:0x00000001  x1:0x00000001
       13785000	      1377	00000000	00000013	addi	x0,x0,0	  x0:0x00000000
       13795000	      1378	80000690	00000013	addi	x0,x0,0	  x0:0x00000000
       13805000	      1379	80000694	102ab893	sltiu	x17,x21,258	 x21:0xfffffaea x17=0x00000000
       13815000	      1380	80000698	41c785b3	sub	x11,x15,x28	 x15:0x00000000 x28:0xcceea4d8 x11=0x33115b28
       13825000	      1381	8000069c	01771033	sll	x0,x14,x23	 x14:0x7ffffaea x23:0x80000000
       13835000	      1382	800006a0	00c09633	sll	x12,x1,x12	  x1:0x00000001 x12:0x00000058 x12=0x01000000
       13845000	      1383	800006a4	04267463	bgeu	x12,x2,800006ec	 x12:0x01000000  x2:0x80009f84
       13855000	      1384	800006a8	feb9f893	andi	x17,x19,-21	 x19:0x00000000 x17=0x00000000
       13865000	      1385	800006ac	408f0cb3	sub	x25,x30,x8	 x30:0x00000000  x8:0x7fff7e00 x25=0x80008200
       13875000	      1386	800006b0	10f4ff93	andi	x31,x9,271	  x9:0x00000000 x31=0x00000000
       13885000	      1387	800006b4	00000013	addi	x0,x0,0	  x0:0x00000000
       13895000	      1388	800006b8	002a7a63	bgeu	x20,x2,800006cc	 x20:0x80000516  x2:0x80009f84
       13905000	      1389	800006bc	00000013	addi	x0,x0,0	  x0:0x00000000
       13915000	      1390	800006c0	004b6863	bltu	x22,x4,800006d0	 x22:0x80009fc4  x4:0x00000001
       13925000	      1391	800006c4	0051f5b3	and	x11,x3,x5	  x3:0x00000000  x5:0x00000001 x11=0x00000000
       13935000	      1392	800006c8	00ee9863	bne	x29,x14,800006d8	 x29:0x00000001 x14:0x7ffffaea
       13945000	      1393	00000000	00000013	addi	x0,x0,0	  x0:0x00000000
       13955000	      1394	800006d4	00000013	addi	x0,x0,0	  x0:0x00000000
       13965000	      1395	800006d8	3a290693	addi	x13,x18,930	 x18:0x00000000 x13=0x000003a2
       13975000	      1396	800006dc	6d868213	addi	x4,x13,1752	 x13:0x000003a2  x4=0x00000a7a
       13985000	      1397	800006e0	04055663	bge	x10,x0,8000072c	 x10:0x80008200  x0:0x00000000
       13995000	      1398	800006e4	419558b3	sra	x17,x10,x25	 x10:0x80008200 x25:0x80008200 x17=0x80008200
       14005000	      1399	800006e8	4161d313	srai	x6,x3,0x16	  x3:0x00000000  x6=0x00000000
       14015000	      1400	800006ec	41b65013	srai	x0,x12,0x1b	 x12:0x01000000
       14025000	      1401	800006f0	f115cc93	xori	x25,x11,-239	 x11:0x00000000 x25=0xffffff11
       14035000	      1402	800006f4	02d2fc63	bgeu	x5,x13,8000072c	  x5:0x00000001 x13:0x000003a2
       14045000	      1403	800006f8	00549d13	slli	x26,x9,0x5	  x9:0x00000000 x26=0x00000000
       14055000	      1404	800006fc	69b78013	addi	x0,x15,1691	 x15:0x00000000
       14065000	      1405	80000700	40ac4693	xori	x13,x24,1034	 x24:0x00000000 x13=0x0000040a
       14075000	      1406	80000704	0379d263	bge	x19,x23,80000728	 x19:0x00000000 x23:0x80000000
       14085000	      1407	00000000	00000013	addi	x0,x0,0	  x0:0x00000000
       14095000	      1408	80000724	00000013	addi	x0,x0,0	  x0:0x00000000
       14105000	      1409	80000728	680a3793	sltiu	x15,x20,1664	 x20:0x80000516 x15=0x00000000
       14115000	      1410	8000072c	005b0a63	beq	x22,x5,80000740	 x22:0x80009fc4  x5:0x00000001
       14125000	      1411	80000730	01749c93	slli	x25,x9,0x17	  x9:0x00000000 x25=0x00000000
       14135000	      1412	80000734	5240c4b7	lui	x9,0x5240c	  x9=0x5240c000
       14145000	      1413	80000738	00000013	addi	x0,x0,0	  x0:0x00000000
       14155000	      1414	8000073c	0069f463	bgeu	x19,x6,80000744	 x19:0x00000000  x6:0x00000000
       14165000	      1415	00000000	00000013	addi	x0,x0,0	  x0:0x00000000
       14175000	      1416	80000740	00000013	addi	x0,x0,0	  x0:0x00000000
       14185000	      1417	80000744	41bf0f33	sub	x30,x30,x27	 x30:0x00000000 x27:0x00000000 x30=0x00000000
       14195000	      1418	80000748	405d89b3	sub	x19,x27,x5	 x27:0x00000000  x5:0x00000001 x19=0xffffffff
       14205000	      1419	8000074c	007824b3	slt	x9,x16,x7	 x16:0x00000000  x7:0x000009ac  x9=0x00000001
       14215000	      1420	80000750	003109b3	add	x19,x2,x3	  x2:0x80009f84  x3:0x00000000 x19=0x80009f84
       14225000	      1421	80000754	e769f093	andi	x1,x19,-394	 x19:0x80009f84  x1=0x80009e04
       14235000	      1422	80000758	0172fc63	bgeu	x5,x23,80000770	  x5:0x00000001 x23:0x80000000
       14245000	      1423	8000075c	947af393	andi	x7,x21,-1721	 x21:0xfffffaea  x7=0xfffff842
       14255000	      1424	80000760	41aad5b3	sra	x11,x21,x26	 x21:0xfffffaea x26:0x00000000 x11=0xfffffaea
       14265000	      1425	80000764	03c5d263	bge	x11,x28,80000788	 x11:0xfffffaea x28:0xcceea4d8
       14275000	      1426	00000000	00000013	addi	x0,x0,0	  x0:0x00000000
       14285000	      1427	80000784	00000013	addi	x0,x0,0	  x0:0x00000000
       14295000	      1428	80000788	01b8e733	or	x14,x17,x27	 x17:0x80008200 x27:0x00000000 x14=0x80008200
       14305000	      1429	8000078c	3c970a13	addi	x20,x14,969	 x14:0x80008200 x20=0x800085c9
       14315000	      1430	80000790	0067e833	or	x16,x15,x6	 x15:0x00000000  x6:0x00000000 x16=0x00000000
       14325000	      1431	80000794	07b92a93	slti	x21,x18,123	 x18:0x00000000 x21=0x00000001
       14335000	      1432	80000798	40d38333	sub	x6,x7,x13	  x7:0xfffff842 x13:0x0000040a  x6=0xfffff438
       14345000	      1433	8000079c	010ce5b3	or	x11,x25,x16	 x25:0x00000000 x16:0x00000000 x11=0x00000000
       14355000	      1434	800007a0	0031b733	sltu	x14,x3,x3	  x3:0x00000000  x3:0x00000000 x14=0x00000000
       14365000	      1435	800007a4	408158b3	sra	x17,x2,x8	  x2:0x80009f84  x8:0x7fff7e00 x17=0x80009f84
       14375000	      1436	800007a8	41e302b3	sub	x5,x6,x30	  x6:0xfffff438 x30:0x00000000  x5=0xfffff438
       14385000	      1437	800007ac	fc7ee5b7	lui	x11,0xfc7ee	 x11=0xfc7ee000
       14395000	      1438	800007b0	e7c4cf93	xori	x31,x9,-388	  x9:0x00000001 x31=0xfffffe7d
       14405000	      1439	800007b4	00000013	addi	x0,x0,0	  x0:0x00000000
       14415000	      1440	800007b8	01908463	beq	x1,x25,800007c0	  x1:0x80009e04 x25:0x00000000
       14425000	      1441	800007bc	02fa5a63	bge	x20,x15,800007f0	 x20:0x800085c9 x15:0x00000000
       14435000	      1442	800007c0	0006e5b3	or	x11,x13,x0	 x13:0x0000040a  x0:0x00000000 x11=0x0000040a
       14445000	      1443	800007c4	011c2d33	slt	x26,x24,x17	 x24:0x00000000 x17:0x80009f84 x26=0x00000000
       14455000	      1444	800007c8	6db3b013	sltiu	x0,x7,1755	  x7:0xfffff842
       14465000	      1445	800007cc	0148bfb3	sltu	x31,x17,x20	 x17:0x80009f84 x20:0x800085c9 x31=0x00000000
       14475000	      1446	800007d0	402c81b3	sub	x3,x25,x2	 x25:0x00000000  x2:0x80009f84  x3=0x7fff607c
       14485000	      1447	800007d4	04fd8663	beq	x27,x15,80000820	 x27:0x00000000 x15:0x00000000
       14495000	      1448	00000000	00000013	addi	x0,x0,0	  x0:0x00000000
       14505000	      1449	8000081c	00000013	addi	x0,x0,0	  x0:0x00000000
       14515000	      1450	80000820	a59acd13	xori	x26,x21,-1447	 x21:0x00000001 x26=0xfffffa58
       14525000	      1451	80000824	408adeb3	sra	x29,x21,x8	 x21:0x00000001  x8:0x7fff7e00 x29=0x00000001
       14535000	      1452	80000828	41065eb3	sra	x29,x12,x16	 x12:0x01000000 x16:0x00000000 x29=0x01000000
       14545000	      1453	8000082c	02ec6863	bltu	x24,x14,8000085c	 x24:0x00000000 x14:0x00000000
       14555000	      1454	80000830	15cd5797	auipc	x15,0x15cd5	 x15=0x95cd582c
       14565000	      1455	80000834	4bf4ea13	ori	x20,x9,1215	  x9:0x00000001 x20=0x000004bf
       14575000	      1456	80000838	00954433	xor	x8,x10,x9	 x10:0x80008200  x9:0x00000001  x8=0x80008201
       14585000	      1457	8000083c	01016a63	bltu	x2,x16,80000850	  x2:0x80009f84 x16:0x00000000
       14595000	      1458	80000840	002a4433	xor	x8,x20,x2	 x20:0x000004bf  x2:0x80009f84  x8=0x80009b3b
       14605000	      1459	80000844	04360463	beq	x12,x3,8000088c	 x12:0x01000000  x3:0x7fff607c
       14615000	      1460	80000848	002b9f13	slli	x30,x23,0x2	 x23:0x80000000 x30=0x00000000
       14625000	      1461	8000084c	3aa8e713	ori	x14,x17,938	 x17:0x80009f84 x14=0x80009fae
       14635000	      1462	80000850	00c74833	xor	x16,x14,x12	 x14:0x80009fae x12:0x01000000 x16=0x81009fae
       14645000	      1463	80000854	40e98833	sub	x16,x19,x14	 x19:0x80009f84 x14:0x80009fae x16=0xffffffd6
       14655000	      1464	80000858	016d80b3	add	x1,x27,x22	 x27:0x00000000 x22:0x80009fc4  x1=0x80009fc4
       14665000	      1465	8000085c	2aab0917	auipc	x18,0x2aab0	 x18=0xaaab0858
       14675000	      1466	80000860	01a55263	bge	x10,x26,80000864	 x10:0x80008200 x26:0xfffffa58
       14685000	      1467	80000864	39eb8a13	addi	x20,x23,926	 x23:0x80000000 x20=0x8000039e
       14695000	      1468	80000868	00000013	addi	x0,x0,0	  x0:0x00000000
       14705000	      1469	8000086c	00098c63	beq	x19,x0,80000884	 x19:0x80009f84  x0:0x00000000
       14715000	      1470	80000870	02564c63	blt	x12,x5,800008a8	 x12:0x01000000  x5:0xfffff438
       14725000	      1471	80000874	01127733	and	x14,x4,x17	  x4:0x00000a7a x17:0x80009f84 x14=0x00000a00
       14735000	      1472	80000878	fb79a513	slti	x10,x19,-73	 x19:0x80009f84 x10=0x00000001
       14745000	      1473	8000087c	0186dc93	srli	x25,x13,0x18	 x13:0x0000040a x25=0x00000000
       14755000	      1474	80000880	006bb9b3	sltu	x19,x23,x6	 x23:0x80000000  x6:0xfffff438 x19=0x00000001
       14765000	      1475	80000884	03400c63	beq	x0,x20,800008bc	  x0:0x00000000 x20:0x8000039e
       14775000	      1476	80000888	17cebf93	sltiu	x31,x29,380	 x29:0x01000000 x31=0x00000000
       14785000	      1477	8000088c	ddcd7c13	andi	x24,x26,-548	 x26:0xfffffa58 x24=0xfffff858
       14795000	      1478	80000890	81592e13	slti	x28,x18,-2027	 x18:0xaaab0858 x28=0x00000001
       14805000	      1479	80000894	00b67863	bgeu	x12,x11,800008a4	 x12:0x01000000 x11:0x0000040a
       14815000	      1480	00000000	00000013	addi	x0,x0,0	  x0:0x00000000
       14825000	      1481	800008a0	00000013	addi	x0,x0,0	  x0:0x00000000
       14835000	      1482	800008a4	002e89b3	add	x19,x29,x2	 x29:0x01000000  x2:0x80009f84 x19=0x81009f84
       14845000	      1483	800008a8	005da933	slt	x18,x27,x5	 x27:0x00000000  x5:0xfffff438 x18=0x00000000
       14855000	      1484	800008ac	01db7fb3	and	x31,x22,x29	 x22:0x80009fc4 x29:0x01000000 x31=0x00000000
       14865000	      1485	800008b0	0009d463	bge	x19,x0,800008b8	 x19:0x81009f84  x0:0x00000000
       14875000	      1486	800008b4	002f9493	slli	x9,x31,0x2	 x31:0x00000000  x9=0x00000000
       14885000	      1487	800008b8	016a1a93	slli	x21,x20,0x16	 x20:0x8000039e x21=0xe7800000
       14895000	      1488	800008bc	0e715263	bge	x2,x7,800009a0	  x2:0x80009f84  x7:0xfffff842
       14905000	      1489	800008c0	038cd263	bge	x25,x24,800008e4	 x25:0x00000000 x24:0xfffff858
       14915000	      1490	00000000	00000013	addi	x0,x0,0	  x0:0x00000000
       14925000	      1491	800008e0	00000013	addi	x0,x0,0	  x0:0x00000000
       14935000	      1492	800008e4	41015993	srai	x19,x2,0x10	  x2:0x80009f84 x19=0xffff8000
       14945000	      1493	800008e8	9341cd13	xori	x26,x3,-1740	  x3:0x7fff607c x26=0x80009948
       14955000	      1494	800008ec	0dde6863	bltu	x28,x29,800009bc	 x28:0x00000001 x29:0x01000000
       14965000	      1495	00000000	00000013	addi	x0,x0,0	  x0:0x00000000
       14975000	      1496	800009b8	00000013	addi	x0,x0,0	  x0:0x00000000
       14985000	      1497	800009bc	00231863	bne	x6,x2,800009cc	  x6:0xfffff438  x2:0x80009f84
       14995000	      1498	00000000	00000013	addi	x0,x0,0	  x0:0x00000000
       15005000	      1499	800009c8	00000013	addi	x0,x0,0	  x0:0x00000000
       15015000	      1500	800009cc	002892b3	sll	x5,x17,x2	 x17:0x80009f84  x2:0x80009f84  x5=0x0009f840
       15025000	      1501	800009d0	3a32e813	ori	x16,x5,931	  x5:0x0009f840 x16=0x0009fbe3
       15035000	      1502	800009d4	593c3e37	lui	x28,0x593c3	 x28=0x593c3000
       15045000	      1503	800009d8	4135d193	srai	x3,x11,0x13	 x11:0x0000040a  x3=0x00000000
       15055000	      1504	800009dc	01d9d9b3	srl	x19,x19,x29	 x19:0xffff8000 x29:0x01000000 x19=0xffff8000
       15065000	      1505	800009e0	491b2493	slti	x9,x22,1169	 x22:0x80009fc4  x9=0x00000001
       15075000	      1506	800009e4	a78be693	ori	x13,x23,-1416	 x23:0x80000000 x13=0xfffffa78
       15085000	      1507	800009e8	005e56b3	srl	x13,x28,x5	 x28:0x593c3000  x5:0x0009f840 x13=0x593c3000
       15095000	      1508	800009ec	84794393	xori	x7,x18,-1977	 x18:0x00000000  x7=0xfffff847
       15105000	      1509	800009f0	5b513093	sltiu	x1,x2,1461	  x2:0x80009f84  x1=0x00000000
       15115000	      1510	800009f4	001fe4b3	or	x9,x31,x1	 x31:0x00000000  x1:0x00000000  x9=0x00000000
       15125000	      1511	800009f8	00b4d533	srl	x10,x9,x11	  x9:0x00000000 x11:0x0000040a x10=0x00000000
       15135000	      1512	800009fc	01554463	blt	x10,x21,80000a04	 x10:0x00000000 x21:0xe7800000
       15145000	      1513	80000a00	008e6c63	bltu	x28,x8,80000a18	 x28:0x593c3000  x8:0x80009b3b
       15155000	      1514	00000000	00000013	addi	x0,x0,0	  x0:0x00000000
       15165000	      1515	80000a14	00000013	addi	x0,x0,0	  x0:0x00000000
       15175000	      1516	80000a18	0059fa33	and	x20,x19,x5	 x19:0xffff8000  x5:0x0009f840 x20=0x00098000
       15185000	      1517	80000a1c	00000013	addi	x0,x0,0	  x0:0x00000000
       15195000	      1518	80000a20	4079de33	sra	x28,x19,x7	 x19:0xffff8000  x7:0xfffff847 x28=0xffffff00
       15205000	      1519	80000a24	00768a63	beq	x13,x7,80000a38	 x13:0x593c3000  x7:0xfffff847
       15215000	      1520	80000a28	47780013	addi	x0,x16,1143	 x16:0x0009fbe3
       15225000	      1521	80000a2c	011f9e13	slli	x28,x31,0x11	 x31:0x00000000 x28=0x00000000
       15235000	      1522	80000a30	1fd92337	lui	x6,0x1fd92	  x6=0x1fd92000
       15245000	      1523	80000a34	7820f897	auipc	x17,0x7820f	 x17=0xf820fa30
       15255000	      1524	80000a38	016773b3	and	x7,x14,x22	 x14:0x00000a00 x22:0x80009fc4  x7=0x00000a00
       15265000	      1525	80000a3c	00000013	addi	x0,x0,0	  x0:0x00000000
       15275000	      1526	80000a40	00059a13	slli	x20,x11,0x0	 x11:0x0000040a x20=0x0000040a
       15285000	      1527	80000a44	40910e33	sub	x28,x2,x9	  x2:0x80009f84  x9:0x00000000 x28=0x80009f84
       15295000	      1528	80000a48	a39fe593	ori	x11,x31,-1479	 x31:0x00000000 x11=0xfffffa39
       15305000	      1529	80000a4c	00f32a33	slt	x20,x6,x15	  x6:0x1fd92000 x15:0x95cd582c x20=0x00000000
       15315000	      1530	80000a50	05f31863	bne	x6,x31,80000aa0	  x6:0x1fd92000 x31:0x00000000
       15325000	      1531	00000000	00000013	addi	x0,x0,0	  x0:0x00000000
       15335000	      1532	80000a9c	00000013	addi	x0,x0,0	  x0:0x00000000
       15345000	      1533	80000aa0	00209a63	bne	x1,x2,80000ab4	  x1:0x00000000  x2:0x80009f84
       15355000	      1534	00000000	00000013	addi	x0,x0,0	  x0:0x00000000
       15365000	      1535	80000ab0	00000013	addi	x0,x0,0	  x0:0x00000000
       15375000	      1536	80000ab4	419ad8b3	sra	x17,x21,x25	 x21:0xe7800000 x25:0x00000000 x17=0xe7800000
       15385000	      1537	80000ab8	00000b97	auipc	x23,0x0	 x23=0x80000ab4
       15395000	      1538	80000abc	00cb8b93	addi	x23,x23,12	 x23:0x80000ab4 x23=0x80000ac0
       15405000	      1539	80000ac0	000b8067	jalr	x0,x23,0	 x23:0x80000ac0
       15415000	      1540	00000000	00000013	addi	x0,x0,0	  x0:0x00000000
       15425000	      1541	80000ac0	00000013	addi	x0,x0,0	  x0:0x00000000
       15435000	      1542	80000ac4	00100193	addi	x3,x0,1	  x0:0x00000000  x3=0x00000001
       15445000	      1543	80000ac8	00000073	ecall	
       15455000	      1544	80000acc	75e2cd93	xori	x27,x5,1886	  x5:0x0009f840 x27=0x0009ff1e
