		Time			Cycle	PC		Insn	Decoded instruction	Register and memory contents
          65000	         5	80000004	00000293	addi	x5,x0,0	  x0:0x00000000  x5=0x00000000
          75000	         6	80000008	00000313	addi	x6,x0,0	  x0:0x00000000  x6=0x00000000
          85000	         7	8000000c	00628263	beq	x5,x6,80000010	  x5:0x00000000  x6:0x00000000
          95000	         8	00000000	00000013	addi	x0,x0,0	  x0:0x00000000
         105000	         9	8000000c	00000013	addi	x0,x0,0	  x0:0x00000000
         115000	        10	80000010	00000817	auipc	x16,0x0	 x16=0x8000000c
         125000	        11	80000014	00c80813	addi	x16,x16,12	 x16:0x8000000c x16=0x80000018
         135000	        12	80000018	00080067	jalr	x0,x16,0	 x16:0x80000018
         145000	        13	00000000	00000013	addi	x0,x0,0	  x0:0x00000000
         155000	        14	80000018	00000013	addi	x0,x0,0	  x0:0x00000000
         165000	        15	8000001c	400003b7	lui	x7,0x40000	  x7=0x40000000
         175000	        16	80000020	10038393	addi	x7,x7,256	  x7:0x40000000  x7=0x40000100
         185000	        17	80000024	00000013	addi	x0,x0,0	  x0:0x00000000
         195000	        18	80000028	0000ad97	auipc	x27,0xa	 x27=0x8000a024
         205000	        19	8000002c	fa0d8d93	addi	x27,x27,-96	 x27:0x8000a024 x27=0x80009fc4
         215000	        20	80000030	00002397	auipc	x7,0x2	  x7=0x8000202c
         225000	        21	80000034	e0c38393	addi	x7,x7,-500	  x7:0x8000202c  x7=0x80001e38
         235000	        22	80000038	0003e393	ori	x7,x7,0	  x7:0x80001e38  x7=0x80001e38
         245000	        23	8000003c	00000013	addi	x0,x0,0	  x0:0x00000000
         255000	        24	80000040	00000397	auipc	x7,0x0	  x7=0x8000003c
         265000	        25	80000044	02038393	addi	x7,x7,32	  x7:0x8000003c  x7=0x8000005c
         275000	        26	80000048	00000013	addi	x0,x0,0	  x0:0x00000000
         285000	        27	8000004c	00000013	addi	x0,x0,0	  x0:0x00000000
         295000	        28	80000050	000023b7	lui	x7,0x2	  x7=0x00002000
         305000	        29	80000054	80038393	addi	x7,x7,-2048	  x7:0x00002000  x7=0x00001800
         315000	        30	80000058	00000013	addi	x0,x0,0	  x0:0x00000000
         325000	        31	8000005c	00000013	addi	x0,x0,0	  x0:0x00000000
         335000	        32	80000060	00000013	addi	x0,x0,0	  x0:0x00000000
         345000	        33	80000064	800000b7	lui	x1,0x80000	  x1=0x80000000
         355000	        34	80000068	00000113	addi	x2,x0,0	  x0:0x00000000  x2=0x00000000
         365000	        35	8000006c	00000193	addi	x3,x0,0	  x0:0x00000000  x3=0x00000000
         375000	        36	80000070	5e0662b7	lui	x5,0x5e066	  x5=0x5e066000
         385000	        37	80000074	26828293	addi	x5,x5,616	  x5:0x5e066000  x5=0x5e066268
         395000	        38	80000078	00800313	addi	x6,x0,8	  x0:0x00000000  x6=0x00000008
         405000	        39	8000007c	800003b7	lui	x7,0x80000	  x7=0x80000000
         415000	        40	80000080	80000437	lui	x8,0x80000	  x8=0x80000000
         425000	        41	80000084	fb3c84b7	lui	x9,0xfb3c8	  x9=0xfb3c8000
         435000	        42	80000088	c2748493	addi	x9,x9,-985	  x9:0xfb3c8000  x9=0xfb3c7c27
         445000	        43	8000008c	ff881537	lui	x10,0xff881	 x10=0xff881000
         455000	        44	80000090	98950513	addi	x10,x10,-1655	 x10:0xff881000 x10=0xff880989
         465000	        45	80000094	00000593	addi	x11,x0,0	  x0:0x00000000 x11=0x00000000
         475000	        46	80000098	b4b95637	lui	x12,0xb4b95	 x12=0xb4b95000
         485000	        47	8000009c	fee60613	addi	x12,x12,-18	 x12:0xb4b95000 x12=0xb4b94fee
         495000	        48	800000a0	800006b7	lui	x13,0x80000	 x13=0x80000000
         505000	        49	800000a4	00900713	addi	x14,x0,9	  x0:0x00000000 x14=0x00000009
         515000	        50	800000a8	0e71b7b7	lui	x15,0xe71b	 x15=0x0e71b000
         525000	        51	800000ac	f8378793	addi	x15,x15,-125	 x15:0x0e71b000 x15=0x0e71af83
         535000	        52	800000b0	b11e2837	lui	x16,0xb11e2	 x16=0xb11e2000
         545000	        53	800000b4	93280813	addi	x16,x16,-1742	 x16:0xb11e2000 x16=0xb11e1932
         555000	        54	800000b8	800008b7	lui	x17,0x80000	 x17=0x80000000
         565000	        55	800000bc	f1ad2937	lui	x18,0xf1ad2	 x18=0xf1ad2000
         575000	        56	800000c0	dd090913	addi	x18,x18,-560	 x18:0xf1ad2000 x18=0xf1ad1dd0
         585000	        57	800000c4	f874b9b7	lui	x19,0xf874b	 x19=0xf874b000
         595000	        58	800000c8	fa298993	addi	x19,x19,-94	 x19:0xf874b000 x19=0xf874afa2
         605000	        59	800000cc	fc439a37	lui	x20,0xfc439	 x20=0xfc439000
         615000	        60	800000d0	0d5a0a13	addi	x20,x20,213	 x20:0xfc439000 x20=0xfc4390d5
         625000	        61	800000d4	80000ab7	lui	x21,0x80000	 x21=0x80000000
         635000	        62	800000d8	fc851b37	lui	x22,0xfc851	 x22=0xfc851000
         645000	        63	800000dc	4efb0b13	addi	x22,x22,1263	 x22:0xfc851000 x22=0xfc8514ef
         655000	        64	800000e0	57708bb7	lui	x23,0x57708	 x23=0x57708000
         665000	        65	800000e4	715b8b93	addi	x23,x23,1813	 x23:0x57708000 x23=0x57708715
         675000	        66	800000e8	00700c13	addi	x24,x0,7	  x0:0x00000000 x24=0x00000007
         685000	        67	800000ec	f4b32cb7	lui	x25,0xf4b32	 x25=0xf4b32000
         695000	        68	800000f0	7a2c8c93	addi	x25,x25,1954	 x25:0xf4b32000 x25=0xf4b327a2
         705000	        69	800000f4	ffc70d37	lui	x26,0xffc70	 x26=0xffc70000
         715000	        70	800000f8	28dd0d13	addi	x26,x26,653	 x26:0xffc70000 x26=0xffc7028d
         725000	        71	800000fc	ffc4ce37	lui	x28,0xffc4c	 x28=0xffc4c000
         735000	        72	80000100	852e0e13	addi	x28,x28,-1966	 x28:0xffc4c000 x28=0xffc4b852
         745000	        73	80000104	f487ceb7	lui	x29,0xf487c	 x29=0xf487c000
         755000	        74	80000108	bc1e8e93	addi	x29,x29,-1087	 x29:0xf487c000 x29=0xf487bbc1
         765000	        75	8000010c	f7d14f37	lui	x30,0xf7d14	 x30=0xf7d14000
         775000	        76	80000110	69cf0f13	addi	x30,x30,1692	 x30:0xf7d14000 x30=0xf7d1469c
         785000	        77	80000114	f1977fb7	lui	x31,0xf1977	 x31=0xf1977000
         795000	        78	80000118	edef8f93	addi	x31,x31,-290	 x31:0xf1977000 x31=0xf1976ede
         805000	        79	8000011c	0000a217	auipc	x4,0xa	  x4=0x8000a118
         815000	        80	80000120	e6c20213	addi	x4,x4,-404	  x4:0x8000a118  x4=0x80009f84
         825000	        81	80000124	01c97333	and	x6,x18,x28	 x18:0xf1ad1dd0 x28:0xffc4b852  x6=0xf1841850
         835000	        82	80000128	b6b9c893	xori	x17,x19,-1173	 x19:0xf874afa2 x17=0x078b54c9
         845000	        83	8000012c	36b76b17	auipc	x22,0x36b76	 x22=0xb6b76128
         855000	        84	80000130	c9dda993	slti	x19,x27,-867	 x27:0x80009fc4 x19=0x00000001
         865000	        85	80000134	01c646b3	xor	x13,x12,x28	 x12:0xb4b94fee x28:0xffc4b852 x13=0x4b7df7bc
         875000	        86	80000138	00002117	auipc	x2,0x2	  x2=0x80002134
         885000	        87	8000013c	88410113	addi	x2,x2,-1916	  x2:0x80002134  x2=0x800019b8
         895000	        88	80000140	f1410113	addi	x2,x2,-236	  x2:0x800019b8  x2=0x800018cc
         905000	        89	80000144	06eb0e93	addi	x29,x22,110	 x22:0xb6b76128 x29=0xb6b76196
         915000	        90	80000148	0ed10c67	jalr	x24,x2,237	  x2:0x800018cc x24=0x80000148
         925000	        91	00000000	00000013	addi	x0,x0,0	  x0:0x00000000
         935000	        92	800019b8	00000013	addi	x0,x0,0	  x0:0x00000000
         945000	        93	800019bc	fd420213	addi	x4,x4,-44	  x4:0x80009f84  x4=0x80009f58
         955000	        94	800019c0	7c95dcb7	lui	x25,0x7c95d	 x25=0x7c95d000
         965000	        95	800019c4	016c25b3	slt	x11,x24,x22	 x24:0x80000148 x22:0xb6b76128 x11=0x00000001
         975000	        96	800019c8	00383033	sltu	x0,x16,x3	 x16:0xb11e1932  x3:0x00000000
         985000	        97	800019cc	00b226b3	slt	x13,x4,x11	  x4:0x80009f58 x11:0x00000001 x13=0x00000001
         995000	        98	800019d0	01822223	sw	x24,4(x4)	  x4:0x80009f58 x24:0x80000148 PA:0x80009f5c
        1005000	        99	800019d4	40315d33	sra	x26,x2,x3	  x2:0x800018cc  x3:0x00000000 x26=0x800018cc
        1015000	       100	800019d8	bbcfbe13	sltiu	x28,x31,-1092	 x31:0xf1976ede x28=0x00000001
        1025000	       101	800019dc	00006617	auipc	x12,0x6	 x12=0x800079d8
        1035000	       102	800019e0	79b60613	addi	x12,x12,1947	 x12:0x800079d8 x12=0x80008173
        1045000	       103	800019e4	00007517	auipc	x10,0x7	 x10=0x800089e0
        1055000	       104	800019e8	b1d50513	addi	x10,x10,-1251	 x10:0x800089e0 x10=0x800084fd
        1065000	       105	800019ec	00765003	lhu	x0,7(x12)	 x12:0x80008173 PA:0x8000817a
        1075000	       106	800019f0	ff854c83	lbu	x25,-8(x10)	 x10:0x800084fd x25=0x000000ae PA:0x800084f5
        1085000	       107	800019f4	00007e97	auipc	x29,0x7	 x29=0x800089f0
        1095000	       108	800019f8	8e8e8e93	addi	x29,x29,-1816	 x29:0x800089f0 x29=0x800082d8
        1105000	       109	800019fc	00007197	auipc	x3,0x7	  x3=0x800089f8
        1115000	       110	80001a00	84d18193	addi	x3,x3,-1971	  x3:0x800089f8  x3=0x80008245
        1125000	       111	80001a04	0ea1c983	lbu	x19,234(x3)	  x3:0x80008245 x19=0x000000e4 PA:0x8000832f
        1135000	       112	80001a08	1b752b03	lw	x22,439(x10)	 x10:0x800084fd x22=0x6c6d6e6f PA:0x800086b4
        1145000	       113	80001a0c	f7fe85a3	sb	x31,-149(x29)	 x29:0x800082d8 x31:0xf1976ede PA:0x80008243
        1155000	       114	80001a10	01a60823	sb	x26,16(x12)	 x12:0x80008173 x26:0x800018cc PA:0x80008183
        1165000	       115	80001a14	b5c54c83	lbu	x25,-1188(x10)	 x10:0x800084fd x25=0x00000012 PA:0x80008059
        1175000	       116	80001a18	00a60703	lb	x14,10(x12)	 x12:0x80008173 x14=0x00000036 PA:0x8000817d
        1185000	       117	80001a1c	ffd60f23	sb	x29,-2(x12)	 x12:0x80008173 x29:0x800082d8 PA:0x80008171
        1195000	       118	80001a20	0e1188a3	sb	x1,241(x3)	  x3:0x80008245  x1:0x80000000 PA:0x80008336
        1205000	       119	80001a24	fbc1c783	lbu	x15,-68(x3)	  x3:0x80008245 x15=0x000000ba PA:0x80008201
        1215000	       120	80001a28	f37e8823	sb	x23,-208(x29)	 x29:0x800082d8 x23:0x57708715 PA:0x80008208
        1225000	       121	80001a2c	ff164583	lbu	x11,-15(x12)	 x12:0x80008173 x11=0x0000001f PA:0x80008164
        1235000	       122	80001a30	f331af83	lw	x31,-205(x3)	  x3:0x80008245 x31=0x30313233 PA:0x80008178
        1245000	       123	80001a34	043ec103	lbu	x2,67(x29)	 x29:0x800082d8  x2=0x000000d0 PA:0x8000831b
        1255000	       124	80001a38	ca450283	lb	x5,-860(x10)	 x10:0x800084fd  x5=0x0000005a PA:0x800081a1
        1265000	       125	80001a3c	fcc18623	sb	x12,-52(x3)	  x3:0x80008245 x12:0x80008173 PA:0x80008211
        1275000	       126	80001a40	d7354103	lbu	x2,-653(x10)	 x10:0x800084fd  x2=0x0000002b PA:0x80008270
        1285000	       127	80001a44	f6454003	lbu	x0,-156(x10)	 x10:0x800084fd PA:0x80008461
        1295000	       128	80001a48	03eecc03	lbu	x24,62(x29)	 x29:0x800082d8 x24=0x000000cd PA:0x80008316
        1305000	       129	80001a4c	ff165583	lhu	x11,-15(x12)	 x12:0x80008173 x11=0x00001e1f PA:0x80008164
        1315000	       130	80001a50	f2aec883	lbu	x17,-214(x29)	 x29:0x800082d8 x17=0x000000b9 PA:0x80008202
        1325000	       131	80001a54	fd5e8c03	lb	x24,-43(x29)	 x29:0x800082d8 x24=0x00000066 PA:0x800082ad
        1335000	       132	80001a58	16554403	lbu	x8,357(x10)	 x10:0x800084fd  x8=0x00000019 PA:0x80008662
        1345000	       133	80001a5c	f4ee8fa3	sb	x14,-161(x29)	 x29:0x800082d8 x14:0x00000036 PA:0x80008237
        1355000	       134	80001a60	f8c18903	lb	x18,-116(x3)	  x3:0x80008245 x18=0xffffff8a PA:0x800081d1
        1365000	       135	80001a64	f5654303	lbu	x6,-170(x10)	 x10:0x800084fd  x6=0x00000008 PA:0x80008453
        1375000	       136	80001a68	00007117	auipc	x2,0x7	  x2=0x80008a64
        1385000	       137	80001a6c	43710113	addi	x2,x2,1079	  x2:0x80008a64  x2=0x80008e9b
        1395000	       138	80001a70	01e886b3	add	x13,x17,x30	 x17:0x000000b9 x30:0xf7d1469c x13=0xf7d14755
        1405000	       139	80001a74	0b210da3	sb	x18,187(x2)	  x2:0x80008e9b x18:0xffffff8a PA:0x80008f56
        1415000	       140	80001a78	d81115a3	sh	x1,-629(x2)	  x2:0x80008e9b  x1:0x80000000 PA:0x80008c26
        1425000	       141	80001a7c	d8410b83	lb	x23,-636(x2)	  x2:0x80008e9b x23=0x00000004 PA:0x80008c1f
        1435000	       142	80001a80	d87117a3	sh	x7,-625(x2)	  x2:0x80008e9b  x7:0x80000000 PA:0x80008c2a
        1445000	       143	80001a84	b2210703	lb	x14,-1246(x2)	  x2:0x80008e9b x14=0xffffffa6 PA:0x800089bd
        1455000	       144	80001a88	db010b83	lb	x23,-592(x2)	  x2:0x80008e9b x23=0x00000030 PA:0x80008c4b
        1465000	       145	80001a8c	b1610083	lb	x1,-1258(x2)	  x2:0x80008e9b  x1=0xffffff9a PA:0x800089b1
        1475000	       146	80001a90	c85103a3	sb	x5,-889(x2)	  x2:0x80008e9b  x5:0x0000005a PA:0x80008b22
        1485000	       147	80001a94	12014b03	lbu	x22,288(x2)	  x2:0x80008e9b x22=0x000000a0 PA:0x80008fbb
        1495000	       148	80001a98	da512f03	lw	x30,-603(x2)	  x2:0x80008e9b x30=0x28292a2b PA:0x80008c40
        1505000	       149	00000000	00000013	addi	x0,x0,0	  x0:0x00000000
        1515000	       150	80001a9c	ffe10683	lb	x13,-2(x2)	  x2:0x80008e9b x13=0xffffff82 PA:0x80008e99
        1525000	       151	80001aa0	400604b3	sub	x9,x12,x0	 x12:0x80008173  x0:0x00000000  x9=0x80008173
        1535000	       152	80001aa4	01d476b3	and	x13,x8,x29	  x8:0x00000019 x29:0x800082d8 x13=0x00000018
        1545000	       153	80001aa8	002af0b3	and	x1,x21,x2	 x21:0x80000000  x2:0x80008e9b  x1=0x80000000
        1555000	       154	80001aac	005487b3	add	x15,x9,x5	  x9:0x80008173  x5:0x0000005a x15=0x800081cd
        1565000	       155	80001ab0	f2f11683	lh	x13,-209(x2)	  x2:0x80008e9b x13=0xffffb0b1 PA:0x80008dca
        1575000	       156	80001ab4	00567c33	and	x24,x12,x5	 x12:0x80008173  x5:0x0000005a x24=0x00000052
        1585000	       157	80001ab8	014184b3	add	x9,x3,x20	  x3:0x80008245 x20:0xfc4390d5  x9=0x7c44131a
        1595000	       158	80001abc	5ff54593	xori	x11,x10,1535	 x10:0x800084fd x11=0x80008102
        1605000	       159	80001ac0	b3f10a03	lb	x20,-1217(x2)	  x2:0x80008e9b x20=0xffffffc1 PA:0x800089da
        1615000	       160	80001ac4	00e37ab3	and	x21,x6,x14	  x6:0x00000008 x14:0xffffffa6 x21=0x00000000
        1625000	       161	80001ac8	8e8b3417	auipc	x8,0x8e8b3	  x8=0x0e8b4ac4
        1635000	       162	80001acc	01db6033	or	x0,x22,x29	 x22:0x000000a0 x29:0x800082d8
        1645000	       163	80001ad0	f0814b03	lbu	x22,-248(x2)	  x2:0x80008e9b x22=0x00000088 PA:0x80008da3
        1655000	       164	80001ad4	dc315603	lhu	x12,-573(x2)	  x2:0x80008e9b x12=0x00004445 PA:0x80008c5e
        1665000	       165	80001ad8	844fbf13	sltiu	x30,x31,-1980	 x31:0x30313233 x30=0x00000001
        1675000	       166	80001adc	04cec663	blt	x29,x12,80001b28	 x29:0x800082d8 x12:0x00004445
        1685000	       167	00000000	00000013	addi	x0,x0,0	  x0:0x00000000
        1695000	       168	80001b24	00000013	addi	x0,x0,0	  x0:0x00000000
        1705000	       169	80001b28	e664ff93	andi	x31,x9,-410	  x9:0x7c44131a x31=0x7c441202
        1715000	       170	80001b2c	00140c63	beq	x8,x1,80001b44	  x8:0x0e8b4ac4  x1:0x80000000
        1725000	       171	80001b30	417286b3	sub	x13,x5,x23	  x5:0x0000005a x23:0x00000030 x13=0x0000002a
        1735000	       172	80001b34	40dcd313	srai	x6,x25,0xd	 x25:0x00000012  x6=0x00000000
        1745000	       173	80001b38	f72a3137	lui	x2,0xf72a3	  x2=0xf72a3000
        1755000	       174	80001b3c	f746ba13	sltiu	x20,x13,-140	 x13:0x0000002a x20=0x00000001
        1765000	       175	80001b40	006c7e33	and	x28,x24,x6	 x24:0x00000052  x6:0x00000000 x28=0x00000000
        1775000	       176	80001b44	00986933	or	x18,x16,x9	 x16:0xb11e1932  x9:0x7c44131a x18=0xfd5e1b3a
        1785000	       177	80001b48	94e38a37	lui	x20,0x94e38	 x20=0x94e38000
        1795000	       178	80001b4c	8a32e793	ori	x15,x5,-1885	  x5:0x0000005a x15=0xfffff8fb
        1805000	       179	80001b50	9c5fb893	sltiu	x17,x31,-1595	 x31:0x7c441202 x17=0x00000001
        1815000	       180	80001b54	04c47a13	andi	x20,x8,76	  x8:0x0e8b4ac4 x20=0x00000044
        1825000	       181	80001b58	010bd893	srli	x17,x23,0x10	 x23:0x00000030 x17=0x00000000
        1835000	       182	80001b5c	37dac737	lui	x14,0x37dac	 x14=0x37dac000
        1845000	       183	80001b60	03d2ec63	bltu	x5,x29,80001b98	  x5:0x0000005a x29:0x800082d8
        1855000	       184	00000000	00000013	addi	x0,x0,0	  x0:0x00000000
        1865000	       185	80001b94	00000013	addi	x0,x0,0	  x0:0x00000000
        1875000	       186	80001b98	9e29cc13	xori	x24,x19,-1566	 x19:0x000000e4 x24=0xfffff906
        1885000	       187	80001b9c	00abaab3	slt	x21,x23,x10	 x23:0x00000030 x10:0x800084fd x21=0x00000000
        1895000	       188	80001ba0	04555463	bge	x10,x5,80001be8	 x10:0x800084fd  x5:0x0000005a
        1905000	       189	80001ba4	00985713	srli	x14,x16,0x9	 x16:0xb11e1932 x14=0x00588f0c
        1915000	       190	80001ba8	01971ab3	sll	x21,x14,x25	 x14:0x00588f0c x25:0x00000012 x21=0x3c300000
        1925000	       191	80001bac	007bd513	srli	x10,x23,0x7	 x23:0x00000030 x10=0x00000000
        1935000	       192	80001bb0	0134bc33	sltu	x24,x9,x19	  x9:0x7c44131a x19:0x000000e4 x24=0x00000000
        1945000	       193	80001bb4	4b232697	auipc	x13,0x4b232	 x13=0xcb233bb0
        1955000	       194	80001bb8	08fdfa63	bgeu	x27,x15,80001c4c	 x27:0x80009fc4 x15:0xfffff8fb
        1965000	       195	80001bbc	aea66a93	ori	x21,x12,-1302	 x12:0x00004445 x21=0xfffffeef
        1975000	       196	80001bc0	01ed93b3	sll	x7,x27,x30	 x27:0x80009fc4 x30:0x00000001  x7=0x00013f88
        1985000	       197	80001bc4	089d9863	bne	x27,x9,80001c54	 x27:0x80009fc4  x9:0x7c44131a
        1995000	       198	00000000	00000013	addi	x0,x0,0	  x0:0x00000000
        2005000	       199	80001c50	00000013	addi	x0,x0,0	  x0:0x00000000
        2015000	       200	80001c54	005cbab3	sltu	x21,x25,x5	 x25:0x00000012  x5:0x0000005a x21=0x00000001
        2025000	       201	80001c58	0095d993	srli	x19,x11,0x9	 x11:0x80008102 x19=0x00400040
        2035000	       202	80001c5c	41ee5393	srai	x7,x28,0x1e	 x28:0x00000000  x7=0x00000000
        2045000	       203	80001c60	00ca2a33	slt	x20,x20,x12	 x20:0x00000044 x12:0x00004445 x20=0x00000001
        2055000	       204	80001c64	00b8f6b3	and	x13,x17,x11	 x17:0x00000000 x11:0x80008102 x13=0x00000000
        2065000	       205	80001c68	00000013	addi	x0,x0,0	  x0:0x00000000
        2075000	       206	80001c6c	019cde93	srli	x29,x25,0x19	 x25:0x00000012 x29=0x00000000
        2085000	       207	80001c70	0307c663	blt	x15,x16,80001c9c	 x15:0xfffff8fb x16:0xb11e1932
        2095000	       208	80001c74	014cccb3	xor	x25,x25,x20	 x25:0x00000012 x20:0x00000001 x25=0x00000013
        2105000	       209	80001c78	0169f2b3	and	x5,x19,x22	 x19:0x00400040 x22:0x00000088  x5=0x00000000
        2115000	       210	80001c7c	e1ccec93	ori	x25,x25,-484	 x25:0x00000013 x25=0xfffffe1f
        2125000	       211	80001c80	41bb06b3	sub	x13,x22,x27	 x22:0x00000088 x27:0x80009fc4 x13=0x7fff60c4
        2135000	       212	80001c84	8ca87693	andi	x13,x16,-1846	 x16:0xb11e1932 x13=0xb11e1802
        2145000	       213	80001c88	6782e593	ori	x11,x5,1656	  x5:0x00000000 x11=0x00000678
        2155000	       214	80001c8c	00999b93	slli	x23,x19,0x9	 x19:0x00400040 x23=0x80008000
        2165000	       215	80001c90	0149d693	srli	x13,x19,0x14	 x19:0x00400040 x13=0x00000004
        2175000	       216	80001c94	01c60a33	add	x20,x12,x28	 x12:0x00004445 x28:0x00000000 x20=0x00004445
        2185000	       217	80001c98	03498a63	beq	x19,x20,80001ccc	 x19:0x00400040 x20:0x00004445
        2195000	       218	80001c9c	00877e33	and	x28,x14,x8	 x14:0x00588f0c  x8:0x0e8b4ac4 x28=0x00080a04
        2205000	       219	80001ca0	03ba1063	bne	x20,x27,80001cc0	 x20:0x00004445 x27:0x80009fc4
        2215000	       220	00000000	00000013	addi	x0,x0,0	  x0:0x00000000
        2225000	       221	80001cbc	00000013	addi	x0,x0,0	  x0:0x00000000
        2235000	       222	80001cc0	01ebc663	blt	x23,x30,80001ccc	 x23:0x80008000 x30:0x00000001
        2245000	       223	00000000	00000013	addi	x0,x0,0	  x0:0x00000000
        2255000	       224	80001cc8	00000013	addi	x0,x0,0	  x0:0x00000000
        2265000	       225	80001ccc	02d40863	beq	x8,x13,80001cfc	  x8:0x0e8b4ac4 x13:0x00000004
        2275000	       226	80001cd0	baab6513	ori	x10,x22,-1110	 x22:0x00000088 x10=0xfffffbaa
        2285000	       227	80001cd4	400750b3	sra	x1,x14,x0	 x14:0x00588f0c  x0:0x00000000  x1=0x00588f0c
        2295000	       228	80001cd8	01f81033	sll	x0,x16,x31	 x16:0xb11e1932 x31:0x7c441202
        2305000	       229	80001cdc	00b1c033	xor	x0,x3,x11	  x3:0x80008245 x11:0x00000678
        2315000	       230	80001ce0	00000013	addi	x0,x0,0	  x0:0x00000000
        2325000	       231	80001ce4	00000013	addi	x0,x0,0	  x0:0x00000000
        2335000	       232	80001ce8	01969533	sll	x10,x13,x25	 x13:0x00000004 x25:0xfffffe1f x10=0x00000000
        2345000	       233	80001cec	403bdc13	srai	x24,x23,0x3	 x23:0x80008000 x24=0xf0001000
        2355000	       234	80001cf0	01bb8ab3	add	x21,x23,x27	 x23:0x80008000 x27:0x80009fc4 x21=0x00011fc4
        2365000	       235	80001cf4	015d8a33	add	x20,x27,x21	 x27:0x80009fc4 x21:0x00011fc4 x20=0x8001bf88
        2375000	       236	80001cf8	05b68863	beq	x13,x27,80001d48	 x13:0x00000004 x27:0x80009fc4
        2385000	       237	80001cfc	01ae1433	sll	x8,x28,x26	 x28:0x00080a04 x26:0x800018cc  x8=0x80a04000
        2395000	       238	80001d00	014108b3	add	x17,x2,x20	  x2:0xf72a3000 x20:0x8001bf88 x17=0x772bef88
        2405000	       239	80001d04	01fa8d33	add	x26,x21,x31	 x21:0x00011fc4 x31:0x7c441202 x26=0x7c4531c6
        2415000	       240	80001d08	40ac5ab3	sra	x21,x24,x10	 x24:0xf0001000 x10:0x00000000 x21=0xf0001000
        2425000	       241	80001d0c	03711263	bne	x2,x23,80001d30	  x2:0xf72a3000 x23:0x80008000
        2435000	       242	00000000	00000013	addi	x0,x0,0	  x0:0x00000000
        2445000	       243	80001d2c	00000013	addi	x0,x0,0	  x0:0x00000000
        2455000	       244	80001d30	01349533	sll	x10,x9,x19	  x9:0x7c44131a x19:0x00400040 x10=0x7c44131a
        2465000	       245	80001d34	00f11b93	slli	x23,x2,0xf	  x2:0xf72a3000 x23=0x18000000
        2475000	       246	80001d38	01086733	or	x14,x16,x16	 x16:0xb11e1932 x16:0xb11e1932 x14=0xb11e1932
        2485000	       247	80001d3c	034cd863	bge	x25,x20,80001d6c	 x25:0xfffffe1f x20:0x8001bf88
        2495000	       248	00000000	00000013	addi	x0,x0,0	  x0:0x00000000
        2505000	       249	80001d68	00000013	addi	x0,x0,0	  x0:0x00000000
        2515000	       250	80001d6c	00e45a13	srli	x20,x8,0xe	  x8:0x80a04000 x20=0x00020281
        2525000	       251	80001d70	019b5e93	srli	x29,x22,0x19	 x22:0x00000088 x29=0x00000000
        2535000	       252	80001d74	41685133	sra	x2,x16,x22	 x16:0xb11e1932 x22:0x00000088  x2=0xffb11e19
        2545000	       253	80001d78	015cb733	sltu	x14,x25,x21	 x25:0xfffffe1f x21:0xf0001000 x14=0x00000000
        2555000	       254	80001d7c	03089263	bne	x17,x16,80001da0	 x17:0x772bef88 x16:0xb11e1932
        2565000	       255	00000000	00000013	addi	x0,x0,0	  x0:0x00000000
        2575000	       256	80001d9c	00000013	addi	x0,x0,0	  x0:0x00000000
        2585000	       257	80001da0	02a26663	bltu	x4,x10,80001dcc	  x4:0x80009f58 x10:0x7c44131a
        2595000	       258	80001da4	3b1c4a93	xori	x21,x24,945	 x24:0xf0001000 x21=0xf00013b1
        2605000	       259	80001da8	e95b6593	ori	x11,x22,-363	 x22:0x00000088 x11=0xfffffe9d
        2615000	       260	80001dac	40cedb33	sra	x22,x29,x12	 x29:0x00000000 x12:0x00004445 x22=0x00000000
        2625000	       261	80001db0	01061a93	slli	x21,x12,0x10	 x12:0x00004445 x21=0x44450000
        2635000	       262	80001db4	af412d13	slti	x26,x2,-1292	  x2:0xffb11e19 x26=0x00000001
        2645000	       263	80001db8	00791133	sll	x2,x18,x7	 x18:0xfd5e1b3a  x7:0x00000000  x2=0xfd5e1b3a
        2655000	       264	80001dbc	28486a93	ori	x21,x16,644	 x16:0xb11e1932 x21=0xb11e1bb6
        2665000	       265	80001dc0	00bb37b3	sltu	x15,x22,x11	 x22:0x00000000 x11:0xfffffe9d x15=0x00000001
        2675000	       266	80001dc4	3a372693	slti	x13,x14,931	 x14:0x00000000 x13=0x00000001
        2685000	       267	80001dc8	e2f46d17	auipc	x26,0xe2f46	 x26=0x62f47dc4
        2695000	       268	80001dcc	59270e93	addi	x29,x14,1426	 x14:0x00000000 x29=0x00000592
        2705000	       269	80001dd0	01ae6033	or	x0,x28,x26	 x28:0x00080a04 x26:0x62f47dc4
        2715000	       270	80001dd4	03af6663	bltu	x30,x26,80001e00	 x30:0x00000001 x26:0x62f47dc4
        2725000	       271	00000000	00000013	addi	x0,x0,0	  x0:0x00000000
        2735000	       272	80001dfc	00000013	addi	x0,x0,0	  x0:0x00000000
        2745000	       273	80001e00	41a0dc93	srai	x25,x1,0x1a	  x1:0x00588f0c x25=0x00000000
        2755000	       274	80001e04	00422c03	lw	x24,4(x4)	  x4:0x80009f58 x24=0x80000148 PA:0x80009f5c
        2765000	       275	80001e08	135ce293	ori	x5,x25,309	 x25:0x00000000  x5=0x00000135
        2775000	       276	80001e0c	0097fbb3	and	x23,x15,x9	 x15:0x00000001  x9:0x7c44131a x23=0x00000000
        2785000	       277	80001e10	009f4f33	xor	x30,x30,x9	 x30:0x00000001  x9:0x7c44131a x30=0x7c44131b
        2795000	       278	80001e14	02c20213	addi	x4,x4,44	  x4:0x80009f58  x4=0x80009f84
        2805000	       279	80001e18	c4d07613	andi	x12,x0,-947	  x0:0x00000000 x12=0x00000000
        2815000	       280	80001e1c	b2939a37	lui	x20,0xb2939	 x20=0xb2939000
        2825000	       281	80001e20	40ed5393	srai	x7,x26,0xe	 x26:0x62f47dc4  x7=0x00018bd1
        2835000	       282	80001e24	000c0a13	addi	x20,x24,0	 x24:0x80000148 x20=0x80000148
        2845000	       283	80001e28	000a0a67	jalr	x20,x20,0	 x20:0x80000148 x20=0x80001e28
        2855000	       284	00000000	00000013	addi	x0,x0,0	  x0:0x00000000
        2865000	       285	80000148	00000013	addi	x0,x0,0	  x0:0x00000000
        2875000	       286	8000014c	00008697	auipc	x13,0x8	 x13=0x80008148
        2885000	       287	80000150	0d168693	addi	x13,x13,209	 x13:0x80008148 x13=0x80008219
        2895000	       288	80000154	ffa68483	lb	x9,-6(x13)	 x13:0x80008219  x9=0xffffffc8 PA:0x80008213
        2905000	       289	80000158	ff968d23	sb	x25,-6(x13)	 x13:0x80008219 x25:0x00000000 PA:0x80008213
        2915000	       290	8000015c	ffa68f83	lb	x31,-6(x13)	 x13:0x80008219 x31=0x00000000 PA:0x80008213
        2925000	       291	80000160	ff96de03	lhu	x28,-7(x13)	 x13:0x80008219 x28=0x000000c9 PA:0x80008212
        2935000	       292	80000164	ff96c783	lbu	x15,-7(x13)	 x13:0x80008219 x15=0x000000c9 PA:0x80008212
        2945000	       293	80000168	7db46b13	ori	x22,x8,2011	  x8:0x80a04000 x22=0x80a047db
        2955000	       294	8000016c	ff96d383	lhu	x7,-7(x13)	 x13:0x80008219  x7=0x000000c9 PA:0x80008212
        2965000	       295	80000170	40eb0a33	sub	x20,x22,x14	 x22:0x80a047db x14:0x00000000 x20=0x80a047db
        2975000	       296	80000174	78304913	xori	x18,x0,1923	  x0:0x00000000 x18=0x00000783
        2985000	       297	80000178	fea68ca3	sb	x10,-7(x13)	 x13:0x80008219 x10:0x7c44131a PA:0x80008212
        2995000	       298	8000017c	ff969583	lh	x11,-7(x13)	 x13:0x80008219 x11=0x0000001a PA:0x80008212
        3005000	       299	80000180	ff16d883	lhu	x17,-15(x13)	 x13:0x80008219 x17=0x0000c0c1 PA:0x8000820a
        3015000	       300	80000184	01300f33	add	x30,x0,x19	  x0:0x00000000 x19:0x00400040 x30=0x00400040
        3025000	       301	80000188	ff169883	lh	x17,-15(x13)	 x13:0x80008219 x17=0xffffc0c1 PA:0x8000820a
        3035000	       302	00000000	00000013	addi	x0,x0,0	  x0:0x00000000
        3045000	       303	8000018c	ff168783	lb	x15,-15(x13)	 x13:0x80008219 x15=0xffffffc1 PA:0x8000820a
        3055000	       304	80000190	ffc698a3	sh	x28,-15(x13)	 x13:0x80008219 x28:0x000000c9 PA:0x8000820a
        3065000	       305	80000194	ff169603	lh	x12,-15(x13)	 x13:0x80008219 x12=0x000000c9 PA:0x8000820a
        3075000	       306	80000198	ff16c303	lbu	x6,-15(x13)	 x13:0x80008219  x6=0x000000c9 PA:0x8000820a
        3085000	       307	8000019c	ff168183	lb	x3,-15(x13)	 x13:0x80008219  x3=0xffffffc9 PA:0x8000820a
        3095000	       308	800001a0	ff169103	lh	x2,-15(x13)	 x13:0x80008219  x2=0x000000c9 PA:0x8000820a
        3105000	       309	800001a4	fe5688a3	sb	x5,-15(x13)	 x13:0x80008219  x5:0x00000135 PA:0x8000820a
        3115000	       310	800001a8	ff169f83	lh	x31,-15(x13)	 x13:0x80008219 x31=0x00000035 PA:0x8000820a
        3125000	       311	800001ac	00868883	lb	x17,8(x13)	 x13:0x80008219 x17=0xffffffda PA:0x80008221
        3135000	       312	800001b0	00009117	auipc	x2,0x9	  x2=0x800091ac
        3145000	       313	800001b4	c9b10113	addi	x2,x2,-869	  x2:0x800091ac  x2=0x80008e47
        3155000	       314	800001b8	ff610da3	sb	x22,-5(x2)	  x2:0x80008e47 x22:0x80a047db PA:0x80008e42
        3165000	       315	800001bc	858e2913	slti	x18,x28,-1960	 x28:0x000000c9 x18=0x00000000
        3175000	       316	800001c0	4147d9b3	sra	x19,x15,x20	 x15:0xffffffc1 x20:0x80a047db x19=0xffffffff
        3185000	       317	800001c4	88ba0f13	addi	x30,x20,-1909	 x20:0x80a047db x30=0x80a04066
        3195000	       318	800001c8	00410223	sb	x4,4(x2)	  x2:0x80008e47  x4:0x80009f84 PA:0x80008e4b
        3205000	       319	800001cc	00b675b3	and	x11,x12,x11	 x12:0x000000c9 x11:0x0000001a x11=0x00000008
        3215000	       320	800001d0	ff010003	lb	x0,-16(x2)	  x2:0x80008e47 PA:0x80008e37
        3225000	       321	800001d4	01e5e433	or	x8,x11,x30	 x11:0x00000008 x30:0x80a04066  x8=0x80a0406e
        3235000	       322	800001d8	ff010903	lb	x18,-16(x2)	  x2:0x80008e47 x18=0x0000001c PA:0x80008e37
        3245000	       323	800001dc	41c48793	addi	x15,x9,1052	  x9:0xffffffc8 x15=0x000003e4
        3255000	       324	800001e0	32717693	andi	x13,x2,807	  x2:0x80008e47 x13=0x00000207
        3265000	       325	800001e4	00814883	lbu	x17,8(x2)	  x2:0x80008e47 x17=0x00000034 PA:0x80008e4f
        3275000	       326	800001e8	008ee0b3	or	x1,x29,x8	 x29:0x00000592  x8:0x80a0406e  x1=0x80a045fe
        3285000	       327	800001ec	017101a3	sb	x23,3(x2)	  x2:0x80008e47 x23:0x00000000 PA:0x80008e4a
        3295000	       328	800001f0	ff715f83	lhu	x31,-9(x2)	  x2:0x80008e47 x31=0x00002425 PA:0x80008e3e
        3305000	       329	800001f4	8e284e93	xori	x29,x16,-1822	 x16:0xb11e1932 x29=0x4ee1e1d0
        3315000	       330	800001f8	ff912b83	lw	x23,-7(x2)	  x2:0x80008e47 x23=0x28db2a2b PA:0x80008e40
        3325000	       331	800001fc	0040ee33	or	x28,x1,x4	  x1:0x80a045fe  x4:0x80009f84 x28=0x80a0dffe
        3335000	       332	80000200	00e10503	lb	x10,14(x2)	  x2:0x80008e47 x10=0x0000003e PA:0x80008e55
        3345000	       333	80000204	01014a03	lbu	x20,16(x2)	  x2:0x80008e47 x20=0x0000003c PA:0x80008e57
        3355000	       334	80000208	00008317	auipc	x6,0x8	  x6=0x80008204
        3365000	       335	8000020c	ea530313	addi	x6,x6,-347	  x6:0x80008204  x6=0x800080a9
        3375000	       336	80000210	00008a17	auipc	x20,0x8	 x20=0x8000820c
        3385000	       337	80000214	04ea0a13	addi	x20,x20,78	 x20:0x8000820c x20=0x8000825a
        3395000	       338	80000218	172a1023	sh	x18,352(x20)	 x20:0x8000825a x18:0x0000001c PA:0x800083ba
        3405000	       339	8000021c	2f1316a3	sh	x17,749(x6)	  x6:0x800080a9 x17:0x00000034 PA:0x80008396
        3415000	       340	80000220	00008b97	auipc	x23,0x8	 x23=0x8000821c
        3425000	       341	80000224	105b8b93	addi	x23,x23,261	 x23:0x8000821c x23=0x80008321
        3435000	       342	80000228	5bb31383	lh	x7,1467(x6)	  x6:0x800080a9  x7=0x00001e1f PA:0x80008664
        3445000	       343	8000022c	f5ca0823	sb	x28,-176(x20)	 x20:0x8000825a x28:0x80a0dffe PA:0x800081aa
        3455000	       344	80000230	0cca1823	sh	x12,208(x20)	 x20:0x8000825a x12:0x000000c9 PA:0x8000832a
        3465000	       345	80000234	f85b9b03	lh	x22,-123(x23)	 x23:0x80008321 x22=0x00005c5d PA:0x800082a6
        3475000	       346	80000238	40334003	lbu	x0,1027(x6)	  x6:0x800080a9 PA:0x800084ac
        3485000	       347	8000023c	00008797	auipc	x15,0x8	 x15=0x80008238
        3495000	       348	80000240	05b78793	addi	x15,x15,91	 x15:0x80008238 x15=0x80008293
        3505000	       349	80000244	01fbc283	lbu	x5,31(x23)	 x23:0x80008321  x5=0x000000fb PA:0x80008340
        3515000	       350	80000248	00f79903	lh	x18,15(x15)	 x15:0x80008293 x18=0x00005859 PA:0x800082a2
        3525000	       351	8000024c	2a130b23	sb	x1,694(x6)	  x6:0x800080a9  x1:0x80a045fe PA:0x8000835f
        3535000	       352	80000250	14634c03	lbu	x24,326(x6)	  x6:0x800080a9 x24=0x000000a4 PA:0x800081ef
        3545000	       353	80000254	4cfa07a3	sb	x15,1231(x20)	 x20:0x8000825a x15:0x80008293 PA:0x80008729
        3555000	       354	80000258	ff379403	lh	x8,-13(x15)	 x15:0x80008293  x8=0x00003c3d PA:0x80008286
        3565000	       355	8000025c	042b90a3	sh	x2,65(x23)	 x23:0x80008321  x2:0x80008e47 PA:0x80008362
        3575000	       356	80000260	60830e83	lb	x29,1544(x6)	  x6:0x800080a9 x29=0x0000006a PA:0x800086b1
        3585000	       357	80000264	00878523	sb	x8,10(x15)	 x15:0x80008293  x8:0x00003c3d PA:0x8000829d
        3595000	       358	80000268	ff579ea3	sh	x21,-3(x15)	 x15:0x80008293 x21:0xb11e1bb6 PA:0x80008290
        3605000	       359	8000026c	34da0903	lb	x18,845(x20)	 x20:0x8000825a x18=0x0000005c PA:0x800085a7
        3615000	       360	80000270	00f78723	sb	x15,14(x15)	 x15:0x80008293 x15:0x80008293 PA:0x800082a1
        3625000	       361	80000274	fffb8c83	lb	x25,-1(x23)	 x23:0x80008321 x25=0xffffffdb PA:0x80008320
        3635000	       362	80000278	60b32e03	lw	x28,1547(x6)	  x6:0x800080a9 x28=0x6c6d6e6f PA:0x800086b4
        3645000	       363	00000000	00000013	addi	x0,x0,0	  x0:0x00000000
        3655000	       364	8000027c	ffc7ca83	lbu	x21,-4(x15)	 x15:0x80008293 x21=0x00000044 PA:0x8000828f
        3665000	       365	80000280	f63bd403	lhu	x8,-157(x23)	 x23:0x80008321  x8=0x00003e3f PA:0x80008284
        3675000	       366	80000284	f86a0fa3	sb	x6,-97(x20)	 x20:0x8000825a  x6:0x800080a9 PA:0x800081f9
        3685000	       367	80000288	00008e17	auipc	x28,0x8	 x28=0x80008284
        3695000	       368	8000028c	565e0e13	addi	x28,x28,1381	 x28:0x80008284 x28=0x800087e9
        3705000	       369	80000290	9a4e0683	lb	x13,-1628(x28)	 x28:0x800087e9 x13=0x00000046 PA:0x8000818d
        3715000	       370	80000294	e09e23a3	sw	x9,-505(x28)	 x28:0x800087e9  x9:0xffffffc8 PA:0x800085f0
        3725000	       371	80000298	b02e0983	lb	x19,-1278(x28)	 x28:0x800087e9 x19=0xffffffa0 PA:0x800082eb
        3735000	       372	8000029c	d4a2fe93	andi	x29,x5,-694	  x5:0x000000fb x29=0x0000004a
        3745000	       373	800002a0	994e4583	lbu	x11,-1644(x28)	 x28:0x800087e9 x11=0x00000036 PA:0x8000817d
        3755000	       374	800002a4	980e0a23	sb	x0,-1644(x28)	 x28:0x800087e9  x0:0x00000000 PA:0x8000817d
        3765000	       375	800002a8	994e4883	lbu	x17,-1644(x28)	 x28:0x800087e9 x17=0x00000000 PA:0x8000817d
        3775000	       376	800002ac	884e0ea3	sb	x4,-1891(x28)	 x28:0x800087e9  x4:0x80009f84 PA:0x80008086
        3785000	       377	800002b0	891e0ea3	sb	x17,-1891(x28)	 x28:0x800087e9 x17:0x00000000 PA:0x80008086
        3795000	       378	800002b4	bbee0ea3	sb	x30,-1091(x28)	 x28:0x800087e9 x30:0x80a04066 PA:0x800083a6
        3805000	       379	800002b8	b68e0083	lb	x1,-1176(x28)	 x28:0x800087e9  x1=0x0000000a PA:0x80008351
        3815000	       380	800002bc	b68e4983	lbu	x19,-1176(x28)	 x28:0x800087e9 x19=0x0000000a PA:0x80008351
        3825000	       381	800002c0	b79e0423	sb	x25,-1176(x28)	 x28:0x800087e9 x25:0xffffffdb PA:0x80008351
        3835000	       382	800002c4	00008897	auipc	x17,0x8	 x17=0x800082c0
        3845000	       383	800002c8	db388893	addi	x17,x17,-589	 x17:0x800082c0 x17=0x80008073
        3855000	       384	800002cc	00008117	auipc	x2,0x8	  x2=0x800082c8
        3865000	       385	800002d0	15a10113	addi	x2,x2,346	  x2:0x800082c8  x2=0x80008422
        3875000	       386	800002d4	00008e97	auipc	x29,0x8	 x29=0x800082d0
        3885000	       387	800002d8	396e8e93	addi	x29,x29,918	 x29:0x800082d0 x29=0x80008666
        3895000	       388	800002dc	008edb83	lhu	x23,8(x29)	 x29:0x80008666 x23=0x00002425 PA:0x8000866e
        3905000	       389	800002e0	00008a17	auipc	x20,0x8	 x20=0x800082dc
        3915000	       390	800002e4	3eba0a13	addi	x20,x20,1003	 x20:0x800082dc x20=0x800086c7
        3925000	       391	800002e8	0d488783	lb	x15,212(x17)	 x17:0x80008073 x15=0xfffffffc PA:0x80008147
        3935000	       392	800002ec	fd615d03	lhu	x26,-42(x2)	  x2:0x80008422 x26=0x0000b2b3 PA:0x800083f8
        3945000	       393	800002f0	05088c83	lb	x25,80(x17)	 x17:0x80008073 x25=0x00000078 PA:0x800080c3
        3955000	       394	800002f4	075a0ba3	sb	x21,119(x20)	 x20:0x800086c7 x21:0x00000044 PA:0x8000873e
        3965000	       395	800002f8	08b8d703	lhu	x14,139(x17)	 x17:0x80008073 x14=0x0000b4b5 PA:0x800080fe
        3975000	       396	00000000	00000013	addi	x0,x0,0	  x0:0x00000000
        3985000	       397	800002fc	fce10aa3	sb	x14,-43(x2)	  x2:0x80008422 x14:0x0000b4b5 PA:0x800083f7
        3995000	       398	80000300	b27a0423	sb	x7,-1240(x20)	 x20:0x800086c7  x7:0x00001e1f PA:0x800081ef
        4005000	       399	80000304	0d088903	lb	x18,208(x17)	 x17:0x80008073 x18=0xfffffff8 PA:0x80008143
        4015000	       400	80000308	03f10f83	lb	x31,63(x2)	  x2:0x80008422 x31=0x0000001a PA:0x80008461
        4025000	       401	8000030c	fefe8ca3	sb	x15,-7(x29)	 x29:0x80008666 x15:0xfffffffc PA:0x8000865f
        4035000	       402	80000310	ffee8823	sb	x30,-16(x29)	 x29:0x80008666 x30:0x80a04066 PA:0x80008656
        4045000	       403	80000314	ff911723	sh	x25,-18(x2)	  x2:0x80008422 x25:0x00000078 PA:0x80008410
        4055000	       404	80000318	0ffa4783	lbu	x15,255(x20)	 x20:0x800086c7 x15=0x0000007d PA:0x800087c6
        4065000	       405	8000031c	028ecf83	lbu	x31,40(x29)	 x29:0x80008666 x31=0x00000045 PA:0x8000868e
        4075000	       406	80000320	00be8503	lb	x10,11(x29)	 x29:0x80008666 x10=0x0000002a PA:0x80008671
        4085000	       407	80000324	e7ea0b83	lb	x23,-386(x20)	 x20:0x800086c7 x23=0xfffffffe PA:0x80008545
        4095000	       408	80000328	031ec983	lbu	x19,49(x29)	 x29:0x80008666 x19=0x0000004c PA:0x80008697
        4105000	       409	8000032c	fe414283	lbu	x5,-28(x2)	  x2:0x80008422  x5=0x000000bd PA:0x80008406
        4115000	       410	80000330	018ed683	lhu	x13,24(x29)	 x29:0x80008666 x13=0x00003435 PA:0x8000867e
        4125000	       411	80000334	ff514c03	lbu	x24,-11(x2)	  x2:0x80008422 x24=0x000000cc PA:0x80008417
        4135000	       412	80000338	0eea0b23	sb	x14,246(x20)	 x20:0x800086c7 x14:0x0000b4b5 PA:0x800087bd
        4145000	       413	8000033c	0f5898a3	sh	x21,241(x17)	 x17:0x80008073 x21:0x00000044 PA:0x80008164
        4155000	       414	80000340	00009597	auipc	x11,0x9	 x11=0x8000933c
        4165000	       415	80000344	82358593	addi	x11,x11,-2013	 x11:0x8000933c x11=0x80008b5f
        4175000	       416	80000348	00009a17	auipc	x20,0x9	 x20=0x80009344
        4185000	       417	8000034c	9c1a0a13	addi	x20,x20,-1599	 x20:0x80009344 x20=0x80008d05
        4195000	       418	80000350	00009897	auipc	x17,0x9	 x17=0x8000934c
        4205000	       419	80000354	abf88893	addi	x17,x17,-1345	 x17:0x8000934c x17=0x80008e0b
        4215000	       420	80000358	00ca4c03	lbu	x24,12(x20)	 x20:0x80008d05 x24=0x000000fa PA:0x80008d11
        4225000	       421	8000035c	00009117	auipc	x2,0x9	  x2=0x80009358
        4235000	       422	80000360	94210113	addi	x2,x2,-1726	  x2:0x80009358  x2=0x80008c9a
        4245000	       423	80000364	fd78cb83	lbu	x23,-41(x17)	 x17:0x80008e0b x23=0x000000c9 PA:0x80008de2
        4255000	       424	80000368	016a4183	lbu	x3,22(x20)	 x20:0x80008d05  x3=0x00000000 PA:0x80008d1b
        4265000	       425	8000036c	fda88923	sb	x26,-46(x17)	 x17:0x80008e0b x26:0x0000b2b3 PA:0x80008ddd
        4275000	       426	80000370	fd9893a3	sh	x25,-57(x17)	 x17:0x80008e0b x25:0x00000078 PA:0x80008dd2
        4285000	       427	80000374	ff514303	lbu	x6,-11(x2)	  x2:0x80008c9a  x6=0x00000074 PA:0x80008c8f
        4295000	       428	80000378	00110b83	lb	x23,1(x2)	  x2:0x80008c9a x23=0xffffff80 PA:0x80008c9b
        4305000	       429	8000037c	03088003	lb	x0,48(x17)	 x17:0x80008e0b PA:0x80008e3b
        4315000	       430	80000380	00a5cf83	lbu	x31,10(x11)	 x11:0x80008b5f x31=0x00000052 PA:0x80008b69
        4325000	       431	80000384	035a5183	lhu	x3,53(x20)	 x20:0x80008d05  x3=0x00002021 PA:0x80008d3a
        4335000	       432	80000388	00e58423	sb	x14,8(x11)	 x11:0x80008b5f x14:0x0000b4b5 PA:0x80008b67
        4345000	       433	8000038c	00212903	lw	x18,2(x2)	  x2:0x80008c9a x18=0x84858687 PA:0x80008c9c
        4355000	       434	80000390	ff15a903	lw	x18,-15(x11)	 x11:0x80008b5f x18=0x38393a3b PA:0x80008b50
        4365000	       435	80000394	00c11723	sh	x12,14(x2)	  x2:0x80008c9a x12:0x000000c9 PA:0x80008ca8
        4375000	       436	80000398	0248aaa3	sw	x4,53(x17)	 x17:0x80008e0b  x4:0x80009f84 PA:0x80008e40
        4385000	       437	8000039c	ffc5c283	lbu	x5,-4(x11)	 x11:0x80008b5f  x5=0x00000040 PA:0x80008b5b
        4395000	       438	800003a0	fd38d183	lhu	x3,-45(x17)	 x17:0x80008e0b  x3=0x0000c4c5 PA:0x80008dde
        4405000	       439	800003a4	018a4303	lbu	x6,24(x20)	 x20:0x80008d05  x6=0x00000006 PA:0x80008d1d
        4415000	       440	800003a8	fde88aa3	sb	x30,-43(x17)	 x17:0x80008e0b x30:0x80a04066 PA:0x80008de0
        4425000	       441	800003ac	ff45cc83	lbu	x25,-12(x11)	 x11:0x80008b5f x25=0x00000038 PA:0x80008b53
        4435000	       442	800003b0	fe211823	sh	x2,-16(x2)	  x2:0x80008c9a  x2:0x80008c9a PA:0x80008c8a
        4445000	       443	800003b4	022a0303	lb	x6,34(x20)	 x20:0x80008d05  x6=0x0000000c PA:0x80008d27
        4455000	       444	800003b8	00c88823	sb	x12,16(x17)	 x17:0x80008e0b x12:0x000000c9 PA:0x80008e1b
        4465000	       445	800003bc	ffa14c83	lbu	x25,-6(x2)	  x2:0x80008c9a x25=0x0000007f PA:0x80008c94
        4475000	       446	800003c0	fc6a4703	lbu	x14,-58(x20)	 x20:0x80008d05 x14=0x000000b0 PA:0x80008ccb
        4485000	       447	800003c4	fed10ba3	sb	x13,-9(x2)	  x2:0x80008c9a x13:0x00003435 PA:0x80008c91
        4495000	       448	800003c8	ffb10003	lb	x0,-5(x2)	  x2:0x80008c9a PA:0x80008c95
        4505000	       449	800003cc	ff888083	lb	x1,-8(x17)	 x17:0x80008e0b  x1=0xffffffe8 PA:0x80008e03
        4515000	       450	800003d0	ff114703	lbu	x14,-15(x2)	  x2:0x80008c9a x14=0x0000008c PA:0x80008c8b
        4525000	       451	800003d4	fed8af83	lw	x31,-19(x17)	 x17:0x80008e0b x31=0xe0e1e2e3 PA:0x80008df8
        4535000	       452	800003d8	ff5a10a3	sh	x21,-31(x20)	 x20:0x80008d05 x21:0x00000044 PA:0x80008ce6
        4545000	       453	800003dc	ff35d083	lhu	x1,-13(x11)	 x11:0x80008b5f  x1=0x00003839 PA:0x80008b52
        4555000	       454	800003e0	00b10503	lb	x10,11(x2)	  x2:0x80008c9a x10=0xffffff8e PA:0x80008ca5
        4565000	       455	800003e4	00008a97	auipc	x21,0x8	 x21=0x800083e0
        4575000	       456	800003e8	145a8a93	addi	x21,x21,325	 x21:0x800083e0 x21=0x80008525
        4585000	       457	800003ec	021a8483	lb	x9,33(x21)	 x21:0x80008525  x9=0xfffffffd PA:0x80008546
        4595000	       458	800003f0	005c1793	slli	x15,x24,0x5	 x24:0x000000fa x15=0x00001f40
        4605000	       459	800003f4	fecacc83	lbu	x25,-20(x21)	 x21:0x80008525 x25=0x000000ca PA:0x80008511
        4615000	       460	800003f8	62bacb93	xori	x23,x21,1579	 x21:0x80008525 x23=0x8000830e
        4625000	       461	800003fc	fecac383	lbu	x7,-20(x21)	 x21:0x80008525  x7=0x000000ca PA:0x80008511
        4635000	       462	80000400	dbb02e13	slti	x28,x0,-581	  x0:0x00000000 x28=0x00000000
        4645000	       463	80000404	480ff513	andi	x10,x31,1152	 x31:0xe0e1e2e3 x10=0x00000080
        4655000	       464	80000408	fd718f97	auipc	x31,0xfd718	 x31=0x7d718404
        4665000	       465	8000040c	fc0a85a3	sb	x0,-53(x21)	 x21:0x80008525  x0:0x00000000 PA:0x800084f0
        4675000	       466	80000410	fc5a8683	lb	x13,-59(x21)	 x21:0x80008525 x13=0xffffffa1 PA:0x800084ea
        4685000	       467	80000414	00ea8103	lb	x2,14(x21)	 x21:0x80008525  x2=0xffffffe8 PA:0x80008533
        4695000	       468	80000418	00eac903	lbu	x18,14(x21)	 x21:0x80008525 x18=0x000000e8 PA:0x80008533
        4705000	       469	8000041c	0191f9b3	and	x19,x3,x25	  x3:0x0000c4c5 x25:0x000000ca x19=0x000000c0
        4715000	       470	80000420	58d22093	slti	x1,x4,1421	  x4:0x80009f84  x1=0x00000001
        4725000	       471	80000424	06f9c993	xori	x19,x19,111	 x19:0x000000c0 x19=0x000000af
        4735000	       472	80000428	fefaae03	lw	x28,-17(x21)	 x21:0x80008525 x28=0xcccdcecf PA:0x80008514
        4745000	       473	8000042c	034a8423	sb	x20,40(x21)	 x21:0x80008525 x20:0x80008d05 PA:0x8000854d
        4755000	       474	80000430	02aaa3a3	sw	x10,39(x21)	 x21:0x80008525 x10:0x00000080 PA:0x8000854c
        4765000	       475	80000434	005ad403	lhu	x8,5(x21)	 x21:0x80008525  x8=0x0000e0e1 PA:0x8000852a
        4775000	       476	80000438	fc4a8783	lb	x15,-60(x21)	 x21:0x80008525 x15=0xffffffa2 PA:0x800084e9
        4785000	       477	8000043c	bf5bf513	andi	x10,x23,-1035	 x23:0x8000830e x10=0x80008304
        4795000	       478	80000440	037aa083	lw	x1,55(x21)	 x21:0x80008525  x1=0x14151617 PA:0x8000855c
        4805000	       479	80000444	01c81493	slli	x9,x16,0x1c	 x16:0xb11e1932  x9=0x20000000
        4815000	       480	80000448	9afd4313	xori	x6,x26,-1617	 x26:0x0000b2b3  x6=0xffff4b1c
        4825000	       481	8000044c	fe2a9ea3	sh	x2,-3(x21)	 x21:0x80008525  x2:0xffffffe8 PA:0x80008522
        4835000	       482	80000450	016bd693	srli	x13,x23,0x16	 x23:0x8000830e x13=0x00000200
        4845000	       483	80000454	03ea86a3	sb	x30,45(x21)	 x21:0x80008525 x30:0x80a04066 PA:0x80008552
        4855000	       484	80000458	01b2e633	or	x12,x5,x27	  x5:0x00000040 x27:0x80009fc4 x12=0x80009fc4
        4865000	       485	8000045c	40b807b3	sub	x15,x16,x11	 x16:0xb11e1932 x11:0x80008b5f x15=0x311d8dd3
        4875000	       486	80000460	010a8b83	lb	x23,16(x21)	 x21:0x80008525 x23=0xffffffee PA:0x80008535
        4885000	       487	80000464	036acc03	lbu	x24,54(x21)	 x21:0x80008525 x24=0x00000010 PA:0x8000855b
        4895000	       488	80000468	4d0e6293	ori	x5,x28,1232	 x28:0xcccdcecf  x5=0xcccdcedf
        4905000	       489	8000046c	e6e08893	addi	x17,x1,-402	  x1:0x14151617 x17=0x14151485
        4915000	       490	80000470	00aa8503	lb	x10,10(x21)	 x21:0x80008525 x10=0xffffffe4 PA:0x8000852f
        4925000	       491	80000474	ffaa8223	sb	x26,-28(x21)	 x21:0x80008525 x26:0x0000b2b3 PA:0x80008509
        4935000	       492	80000478	00000013	addi	x0,x0,0	  x0:0x00000000
        4945000	       493	8000047c	4150d1b3	sra	x3,x1,x21	  x1:0x14151617 x21:0x80008525  x3=0x00a0a8b0
        4955000	       494	80000480	4c610637	lui	x12,0x4c610	 x12=0x4c610000
        4965000	       495	80000484	4025d993	srai	x19,x11,0x2	 x11:0x80008b5f x19=0xe00022d7
        4975000	       496	80000488	00000013	addi	x0,x0,0	  x0:0x00000000
        4985000	       497	8000048c	01a99d33	sll	x26,x19,x26	 x19:0xe00022d7 x26:0x0000b2b3 x26=0x16b80000
        4995000	       498	80000490	01daafa3	sw	x29,31(x21)	 x21:0x80008525 x29:0x80008666 PA:0x80008544
        5005000	       499	80000494	fd1ad783	lhu	x15,-47(x21)	 x21:0x80008525 x15=0x0000acad PA:0x800084f6
        5015000	       500	80000498	182caa13	slti	x20,x25,386	 x25:0x000000ca x20=0x00000001
        5025000	       501	8000049c	015852b3	srl	x5,x16,x21	 x16:0xb11e1932 x21:0x80008525  x5=0x0588f0c9
        5035000	       502	800004a0	019adf83	lhu	x31,25(x21)	 x21:0x80008525 x31=0x0000f4f5 PA:0x8000853e
        5045000	       503	800004a4	000a8403	lb	x8,0(x21)	 x21:0x80008525  x8=0xffffffde PA:0x80008525
        5055000	       504	800004a8	3e736f13	ori	x30,x6,999	  x6:0xffff4b1c x30=0xffff4bff
        5065000	       505	800004ac	fd3aada3	sw	x19,-37(x21)	 x21:0x80008525 x19:0xe00022d7 PA:0x80008500
        5075000	       506	800004b0	b9ceb597	auipc	x11,0xb9ceb	 x11=0x39ceb4ac
        5085000	       507	800004b4	feface83	lbu	x29,-17(x21)	 x21:0x80008525 x29=0x000000cf PA:0x80008514
        5095000	       508	800004b8	00008797	auipc	x15,0x8	 x15=0x800084b4
        5105000	       509	800004bc	30b78793	addi	x15,x15,779	 x15:0x800084b4 x15=0x800087bf
        5115000	       510	800004c0	dff792a3	sh	x31,-539(x15)	 x15:0x800087bf x31:0x0000f4f5 PA:0x800085a4
        5125000	       511	800004c4	cf434c13	xori	x24,x6,-780	  x6:0xffff4b1c x24=0x0000b7e8
        5135000	       512	800004c8	df2782a3	sb	x18,-539(x15)	 x15:0x800087bf x18:0x000000e8 PA:0x800085a4
        5145000	       513	800004cc	012c8033	add	x0,x25,x18	 x25:0x000000ca x18:0x000000e8
        5155000	       514	800004d0	de57ac03	lw	x24,-539(x15)	 x15:0x800087bf x24=0x5c5df4e8 PA:0x800085a4
        5165000	       515	800004d4	de579d03	lh	x26,-539(x15)	 x15:0x800087bf x26=0xfffff4e8 PA:0x800085a4
        5175000	       516	800004d8	013463b3	or	x7,x8,x19	  x8:0xffffffde x19:0xe00022d7  x7=0xffffffdf
        5185000	       517	800004dc	dfd7a2a3	sw	x29,-539(x15)	 x15:0x800087bf x29:0x000000cf PA:0x800085a4
        5195000	       518	800004e0	de579103	lh	x2,-539(x15)	 x15:0x800087bf  x2=0x000000cf PA:0x800085a4
        5205000	       519	800004e4	df17a2a3	sw	x17,-539(x15)	 x15:0x800087bf x17:0x14151485 PA:0x800085a4
        5215000	       520	800004e8	df5792a3	sh	x21,-539(x15)	 x15:0x800087bf x21:0x80008525 PA:0x800085a4
        5225000	       521	800004ec	419f5033	sra	x0,x30,x25	 x30:0xffff4bff x25:0x000000ca
        5235000	       522	800004f0	da31cc13	xori	x24,x3,-605	  x3:0x00a0a8b0 x24=0xff5f5513
        5245000	       523	800004f4	df77a2a3	sw	x23,-539(x15)	 x15:0x800087bf x23:0xffffffee PA:0x800085a4
        5255000	       524	800004f8	de57a403	lw	x8,-539(x15)	 x15:0x800087bf  x8=0xffffffee PA:0x800085a4
        5265000	       525	800004fc	00008617	auipc	x12,0x8	 x12=0x800084f8
        5275000	       526	80000500	4ed60613	addi	x12,x12,1261	 x12:0x800084f8 x12=0x800089e5
        5285000	       527	80000504	f8460e83	lb	x29,-124(x12)	 x12:0x800089e5 x29=0x00000052 PA:0x80008969
        5295000	       528	80000508	017444b3	xor	x9,x8,x23	  x8:0xffffffee x23:0xffffffee  x9=0x00000000
        5305000	       529	8000050c	001b2f33	slt	x30,x22,x1	 x22:0x00005c5d  x1:0x14151617 x30=0x00000001
        5315000	       530	80000510	fa664083	lbu	x1,-90(x12)	 x12:0x800089e5  x1=0x00000070 PA:0x8000898b
        5325000	       531	80000514	01360023	sb	x19,0(x12)	 x12:0x800089e5 x19:0xe00022d7 PA:0x800089e5
        5335000	       532	80000518	03664a83	lbu	x21,54(x12)	 x12:0x800089e5 x21=0x00000000 PA:0x80008a1b
        5345000	       533	8000051c	41cc87b3	sub	x15,x25,x28	 x25:0x000000ca x28:0xcccdcecf x15=0x333231fb
        5355000	       534	80000520	f9064d03	lbu	x26,-112(x12)	 x12:0x800089e5 x26=0x0000005e PA:0x80008975
        5365000	       535	80000524	fe464a83	lbu	x21,-28(x12)	 x12:0x800089e5 x21=0x000000b2 PA:0x800089c9
        5375000	       536	80000528	00ea5b33	srl	x22,x20,x14	 x20:0x00000001 x14:0x0000008c x22=0x00000000
        5385000	       537	8000052c	f9864e83	lbu	x29,-104(x12)	 x12:0x800089e5 x29=0x00000066 PA:0x8000897d
        5395000	       538	80000530	d97aa4b7	lui	x9,0xd97aa	  x9=0xd97aa000
        5405000	       539	80000534	f8361e83	lh	x29,-125(x12)	 x12:0x800089e5 x29=0x00005253 PA:0x80008968
        5415000	       540	80000538	00060103	lb	x2,0(x12)	 x12:0x800089e5  x2=0xffffffd7 PA:0x800089e5
        5425000	       541	8000053c	01660103	lb	x2,22(x12)	 x12:0x800089e5  x2=0xffffffe0 PA:0x800089fb
        5435000	       542	80000540	0000e5b3	or	x11,x1,x0	  x1:0x00000070  x0:0x00000000 x11=0x00000070
        5445000	       543	80000544	41cddd33	sra	x26,x27,x28	 x27:0x80009fc4 x28:0xcccdcecf x26=0xffff0001
        5455000	       544	80000548	0041ea33	or	x20,x3,x4	  x3:0x00a0a8b0  x4:0x80009f84 x20=0x80a0bfb4
        5465000	       545	8000054c	dbc9c713	xori	x14,x19,-580	 x19:0xe00022d7 x14=0x1fffdf6b
        5475000	       546	80000550	880ca513	slti	x10,x25,-1920	 x25:0x000000ca x10=0x00000000
        5485000	       547	80000554	f9661ea3	sh	x22,-99(x12)	 x12:0x800089e5 x22:0x00000000 PA:0x80008982
        5495000	       548	80000558	f7c60883	lb	x17,-132(x12)	 x12:0x800089e5 x17=0x0000004a PA:0x80008961
        5505000	       549	8000055c	00000013	addi	x0,x0,0	  x0:0x00000000
        5515000	       550	80000560	00000013	addi	x0,x0,0	  x0:0x00000000
        5525000	       551	80000564	0010f133	and	x2,x1,x1	  x1:0x00000070  x1:0x00000070  x2=0x00000070
        5535000	       552	80000568	5a907493	andi	x9,x0,1449	  x0:0x00000000  x9=0x00000000
        5545000	       553	8000056c	0cd61783	lh	x15,205(x12)	 x12:0x800089e5 x15=0xffff9899 PA:0x80008ab2
        5555000	       554	80000570	faa64083	lbu	x1,-86(x12)	 x12:0x800089e5  x1=0x00000074 PA:0x8000898f
        5565000	       555	80000574	ffc64403	lbu	x8,-4(x12)	 x12:0x800089e5  x8=0x000000ca PA:0x800089e1
        5575000	       556	80000578	f1d60683	lb	x13,-227(x12)	 x12:0x800089e5 x13=0xffffffe9 PA:0x80008902
        5585000	       557	8000057c	017edb93	srli	x23,x29,0x17	 x29:0x00005253 x23=0x00000000
        5595000	       558	80000580	0af61f03	lh	x30,175(x12)	 x12:0x800089e5 x30=0x00007e7f PA:0x80008a94
        5605000	       559	00000000	00000013	addi	x0,x0,0	  x0:0x00000000
        5615000	       560	80000584	0be60da3	sb	x30,187(x12)	 x12:0x800089e5 x30:0x00007e7f PA:0x80008aa0
        5625000	       561	80000588	f6860903	lb	x18,-152(x12)	 x12:0x800089e5 x18=0x00000036 PA:0x8000894d
        5635000	       562	8000058c	00008597	auipc	x11,0x8	 x11=0x80008588
        5645000	       563	80000590	cff58593	addi	x11,x11,-769	 x11:0x80008588 x11=0x80008287
        5655000	       564	80000594	00008997	auipc	x19,0x8	 x19=0x80008590
        5665000	       565	80000598	d6198993	addi	x19,x19,-671	 x19:0x80008590 x19=0x800082f1
        5675000	       566	8000059c	00008f17	auipc	x30,0x8	 x30=0x80008598
        5685000	       567	800005a0	feef0f13	addi	x30,x30,-18	 x30:0x80008598 x30=0x80008586
        5695000	       568	800005a4	004f1423	sh	x4,8(x30)	 x30:0x80008586  x4:0x80009f84 PA:0x8000858e
        5705000	       569	800005a8	fce58b83	lb	x23,-50(x11)	 x11:0x80008287 x23=0x0000000e PA:0x80008255
        5715000	       570	800005ac	ff0f0683	lb	x13,-16(x30)	 x30:0x80008586 x13=0x0000002d PA:0x80008576
        5725000	       571	800005b0	fdd58723	sb	x29,-50(x11)	 x11:0x80008287 x29:0x00005253 PA:0x80008255
        5735000	       572	800005b4	002f4703	lbu	x14,2(x30)	 x30:0x80008586 x14=0x00000043 PA:0x80008588
        5745000	       573	800005b8	ff3f4403	lbu	x8,-13(x30)	 x30:0x80008586  x8=0x00000032 PA:0x80008579
        5755000	       574	800005bc	ff99db83	lhu	x23,-7(x19)	 x19:0x800082f1 x23=0x0000a0a1 PA:0x800082ea
        5765000	       575	800005c0	ff4f4883	lbu	x17,-12(x30)	 x30:0x80008586 x17=0x00000031 PA:0x8000857a
        5775000	       576	800005c4	fec58c83	lb	x25,-20(x11)	 x11:0x80008287 x25=0x00000028 PA:0x80008273
        5785000	       577	800005c8	00008a17	auipc	x20,0x8	 x20=0x800085c4
        5795000	       578	800005cc	e69a0a13	addi	x20,x20,-407	 x20:0x800085c4 x20=0x8000842d
        5805000	       579	800005d0	fedf2d23	sw	x13,-6(x30)	 x30:0x80008586 x13:0x0000002d PA:0x80008580
        5815000	       580	800005d4	ff6a02a3	sb	x22,-27(x20)	 x20:0x8000842d x22:0x00000000 PA:0x80008412
        5825000	       581	800005d8	00e98b03	lb	x22,14(x19)	 x19:0x800082f1 x22=0xffffffb4 PA:0x800082ff
        5835000	       582	800005dc	006f4303	lbu	x6,6(x30)	 x30:0x80008586  x6=0x00000047 PA:0x8000858c
        5845000	       583	800005e0	02e58783	lb	x15,46(x11)	 x11:0x80008287 x15=0x0000006e PA:0x800082b5
        5855000	       584	800005e4	fe299ea3	sh	x2,-3(x19)	 x19:0x800082f1  x2:0x00000070 PA:0x800082ee
        5865000	       585	800005e8	02ca4c03	lbu	x24,44(x20)	 x20:0x8000842d x24=0x00000012 PA:0x80008459
        5875000	       586	800005ec	f1d5c303	lbu	x6,-227(x11)	 x11:0x80008287  x6=0x0000005f PA:0x800081a4
        5885000	       587	800005f0	fef58403	lb	x8,-17(x11)	 x11:0x80008287  x8=0x0000002d PA:0x80008276
        5895000	       588	800005f4	fd6a4603	lbu	x12,-42(x20)	 x20:0x8000842d x12=0x000000b8 PA:0x80008403
        5905000	       589	800005f8	f9b58323	sb	x27,-122(x11)	 x11:0x80008287 x27:0x80009fc4 PA:0x8000820d
        5915000	       590	800005fc	023a0e03	lb	x28,35(x20)	 x20:0x8000842d x28=0x0000000b PA:0x80008450
        5925000	       591	80000600	00058a83	lb	x21,0(x11)	 x11:0x80008287 x21=0x0000003c PA:0x80008287
        5935000	       592	80000604	ffcf0da3	sb	x28,-5(x30)	 x30:0x80008586 x28:0x0000000b PA:0x80008581
        5945000	       593	80000608	00298103	lb	x2,2(x19)	 x19:0x800082f1  x2=0xffffffa8 PA:0x800082f3
        5955000	       594	8000060c	09b58603	lb	x12,155(x11)	 x11:0x80008287 x12=0xffffffd9 PA:0x80008322
        5965000	       595	80000610	feef09a3	sb	x14,-13(x30)	 x30:0x80008586 x14:0x00000043 PA:0x80008579
        5975000	       596	80000614	014a2ba3	sw	x20,23(x20)	 x20:0x8000842d x20:0x8000842d PA:0x80008444
        5985000	       597	80000618	fec98c23	sb	x12,-8(x19)	 x19:0x800082f1 x12:0xffffffd9 PA:0x800082e9
        5995000	       598	8000061c	01ba4403	lbu	x8,27(x20)	 x20:0x8000842d  x8=0x00000003 PA:0x80008448
        6005000	       599	80000620	003f4383	lbu	x7,3(x30)	 x30:0x80008586  x7=0x00000042 PA:0x80008589
        6015000	       600	80000624	00008117	auipc	x2,0x8	  x2=0x80008620
        6025000	       601	80000628	b2510113	addi	x2,x2,-1243	  x2:0x80008620  x2=0x80008145
        6035000	       602	8000062c	35810323	sb	x24,838(x2)	  x2:0x80008145 x24:0x00000012 PA:0x8000848b
        6045000	       603	80000630	41e40f33	sub	x30,x8,x30	  x8:0x00000003 x30:0x80008586 x30=0x7fff7a7d
        6055000	       604	80000634	34614003	lbu	x0,838(x2)	  x2:0x80008145 PA:0x8000848b
        6065000	       605	80000638	34610e03	lb	x28,838(x2)	  x2:0x80008145 x28=0x00000012 PA:0x8000848b
        6075000	       606	8000063c	34610483	lb	x9,838(x2)	  x2:0x80008145  x9=0x00000012 PA:0x8000848b
        6085000	       607	80000640	35c10323	sb	x28,838(x2)	  x2:0x80008145 x28:0x00000012 PA:0x8000848b
        6095000	       608	80000644	34610a83	lb	x21,838(x2)	  x2:0x80008145 x21=0x00000012 PA:0x8000848b
        6105000	       609	80000648	34610583	lb	x11,838(x2)	  x2:0x80008145 x11=0x00000012 PA:0x8000848b
        6115000	       610	8000064c	34614783	lbu	x15,838(x2)	  x2:0x80008145 x15=0x00000012 PA:0x8000848b
        6125000	       611	80000650	34614703	lbu	x14,838(x2)	  x2:0x80008145 x14=0x00000012 PA:0x8000848b
        6135000	       612	80000654	34610083	lb	x1,838(x2)	  x2:0x80008145  x1=0x00000012 PA:0x8000848b
        6145000	       613	80000658	34610c83	lb	x25,838(x2)	  x2:0x80008145 x25=0x00000012 PA:0x8000848b
        6155000	       614	8000065c	01051e33	sll	x28,x10,x16	 x10:0x00000000 x16:0xb11e1932 x28=0x00000000
        6165000	       615	80000660	41fa0a33	sub	x20,x20,x31	 x20:0x8000842d x31:0x0000f4f5 x20=0x7fff8f38
        6175000	       616	80000664	34614403	lbu	x8,838(x2)	  x2:0x80008145  x8=0x00000012 PA:0x8000848b
        6185000	       617	80000668	3ab11583	lh	x11,939(x2)	  x2:0x80008145 x11=0xffffaa00 PA:0x800084f0
        6195000	       618	00000000	00000013	addi	x0,x0,0	  x0:0x00000000
        6205000	       619	8000066c	3ab14403	lbu	x8,939(x2)	  x2:0x80008145  x8=0x00000000 PA:0x800084f0
        6215000	       620	80000670	3b0115a3	sh	x16,939(x2)	  x2:0x80008145 x16:0xb11e1932 PA:0x800084f0
        6225000	       621	80000674	3ab15f83	lhu	x31,939(x2)	  x2:0x80008145 x31=0x00001932 PA:0x800084f0
        6235000	       622	80000678	3ab12c03	lw	x24,939(x2)	  x2:0x80008145 x24=0xa8a91932 PA:0x800084f0
        6245000	       623	8000067c	3a1105a3	sb	x1,939(x2)	  x2:0x80008145  x1:0x00000012 PA:0x800084f0
        6255000	       624	80000680	3b8125a3	sw	x24,939(x2)	  x2:0x80008145 x24:0xa8a91932 PA:0x800084f0
        6265000	       625	80000684	00008397	auipc	x7,0x8	  x7=0x80008680
        6275000	       626	80000688	db238393	addi	x7,x7,-590	  x7:0x80008680  x7=0x80008432
        6285000	       627	8000068c	00008197	auipc	x3,0x8	  x3=0x80008688
        6295000	       628	80000690	d7218193	addi	x3,x3,-654	  x3:0x80008688  x3=0x800083fa
        6305000	       629	80000694	00008c17	auipc	x24,0x8	 x24=0x80008690
        6315000	       630	80000698	9c1c0c13	addi	x24,x24,-1599	 x24:0x80008690 x24=0x80008051
        6325000	       631	8000069c	00008f17	auipc	x30,0x8	 x30=0x80008698
        6335000	       632	800006a0	ed2f0f13	addi	x30,x30,-302	 x30:0x80008698 x30=0x8000856a
        6345000	       633	800006a4	fae3d503	lhu	x10,-82(x7)	  x7:0x80008432 x10=0x00009a9b PA:0x800083e0
        6355000	       634	800006a8	2da18023	sb	x26,704(x3)	  x3:0x800083fa x26:0xffff0001 PA:0x800086ba
        6365000	       635	800006ac	078c4683	lbu	x13,120(x24)	 x24:0x80008051 x13=0x00000082 PA:0x800080c9
        6375000	       636	800006b0	06a3ab83	lw	x23,106(x7)	  x7:0x80008432 x23=0x54555657 PA:0x8000849c
        6385000	       637	800006b4	00cc0703	lb	x14,12(x24)	 x24:0x80008051 x14=0x00000016 PA:0x8000805d
        6395000	       638	00000000	00000013	addi	x0,x0,0	  x0:0x00000000
        6405000	       639	800006b8	0ee1de03	lhu	x28,238(x3)	  x3:0x800083fa x28=0x0000a2a3 PA:0x800084e8
        6415000	       640	800006bc	3e71cf83	lbu	x31,999(x3)	  x3:0x800083fa x31=0x0000009a PA:0x800087e1
        6425000	       641	800006c0	00bf4603	lbu	x12,11(x30)	 x30:0x8000856a x12=0x0000002e PA:0x80008575
        6435000	       642	800006c4	0f91cb83	lbu	x23,249(x3)	  x3:0x800083fa x23=0x000000a8 PA:0x800084f3
        6445000	       643	800006c8	c9b381a3	sb	x27,-893(x7)	  x7:0x80008432 x27:0x80009fc4 PA:0x800080b5
        6455000	       644	800006cc	29918403	lb	x8,665(x3)	  x3:0x800083fa  x8=0x00000048 PA:0x80008693
        6465000	       645	800006d0	03ec0983	lb	x19,62(x24)	 x24:0x80008051 x19=0x00000044 PA:0x8000808f
        6475000	       646	800006d4	d823a983	lw	x19,-638(x7)	  x7:0x80008432 x19=0x6c6d6e6f PA:0x800081b4
        6485000	       647	800006d8	e003c983	lbu	x19,-512(x7)	  x7:0x80008432 x19=0x000000e9 PA:0x80008232
        6495000	       648	800006dc	018f06a3	sb	x24,13(x30)	 x30:0x8000856a x24:0x80008051 PA:0x80008577
        6505000	       649	800006e0	2e718a03	lb	x20,743(x3)	  x3:0x800083fa x20=0xffffff9a PA:0x800086e1
        6515000	       650	800006e4	fe2f0d23	sb	x2,-6(x30)	 x30:0x8000856a  x2:0x80008145 PA:0x80008564
        6525000	       651	800006e8	029c17a3	sh	x9,47(x24)	 x24:0x80008051  x9:0x00000012 PA:0x80008080
        6535000	       652	800006ec	10e3d003	lhu	x0,270(x7)	  x7:0x80008432 PA:0x80008540
        6545000	       653	800006f0	0a43c983	lbu	x19,164(x7)	  x7:0x80008432 x19=0x0000008d PA:0x800084d6
        6555000	       654	800006f4	01af0623	sb	x26,12(x30)	 x30:0x8000856a x26:0xffff0001 PA:0x80008576
        6565000	       655	800006f8	0001d283	lhu	x5,0(x3)	  x3:0x800083fa  x5=0x0000b0b1 PA:0x800083fa
        6575000	       656	800006fc	15e3d903	lhu	x18,350(x7)	  x7:0x80008432 x18=0x00004a4b PA:0x80008590
        6585000	       657	80000700	071c4883	lbu	x17,113(x24)	 x24:0x80008051 x17=0x00000079 PA:0x800080c2
        6595000	       658	80000704	3a6382a3	sb	x6,933(x7)	  x7:0x80008432  x6:0x0000005f PA:0x800087d7
        6605000	       659	80000708	fe3f09a3	sb	x3,-13(x30)	 x30:0x8000856a  x3:0x800083fa PA:0x8000855d
        6615000	       660	8000070c	084c21a3	sw	x4,131(x24)	 x24:0x80008051  x4:0x80009f84 PA:0x800080d4
        6625000	       661	80000710	249381a3	sb	x9,579(x7)	  x7:0x80008432  x9:0x00000012 PA:0x80008675
        6635000	       662	80000714	00bf0283	lb	x5,11(x30)	 x30:0x8000856a  x5=0x0000002e PA:0x80008575
        6645000	       663	80000718	00008117	auipc	x2,0x8	  x2=0x80008714
        6655000	       664	8000071c	22310113	addi	x2,x2,547	  x2:0x80008714  x2=0x80008937
        6665000	       665	80000720	17414d03	lbu	x26,372(x2)	  x2:0x80008937 x26=0x00000090 PA:0x80008aab
        6675000	       666	80000724	46f126a3	sw	x15,1133(x2)	  x2:0x80008937 x15:0x00000012 PA:0x80008da4
        6685000	       667	80000728	18512183	lw	x3,389(x2)	  x2:0x80008937  x3=0xa4a5a6a7 PA:0x80008abc
        6695000	       668	8000072c	a1ae7f93	andi	x31,x28,-1510	 x28:0x0000a2a3 x31=0x0000a202
        6705000	       669	80000730	46910903	lb	x18,1129(x2)	  x2:0x80008937 x18=0xffffff8b PA:0x80008da0
        6715000	       670	80000734	1db14303	lbu	x6,475(x2)	  x2:0x80008937  x6=0x000000f9 PA:0x80008b12
        6725000	       671	80000738	003db533	sltu	x10,x27,x3	 x27:0x80009fc4  x3:0xa4a5a6a7 x10=0x00000001
        6735000	       672	8000073c	00000013	addi	x0,x0,0	  x0:0x00000000
        6745000	       673	80000740	47b10fa3	sb	x27,1151(x2)	  x2:0x80008937 x27:0x80009fc4 PA:0x80008db6
        6755000	       674	80000744	016bef33	or	x30,x23,x22	 x23:0x000000a8 x22:0xffffffb4 x30=0xffffffbc
        6765000	       675	80000748	06614a03	lbu	x20,102(x2)	  x2:0x80008937 x20=0x00000086 PA:0x8000899d
        6775000	       676	8000074c	33911083	lh	x1,825(x2)	  x2:0x80008937  x1=0x00005a5b PA:0x80008c70
        6785000	       677	80000750	00baf533	and	x10,x21,x11	 x21:0x00000012 x11:0xffffaa00 x10=0x00000000
        6795000	       678	80000754	1b515503	lhu	x10,437(x2)	  x2:0x80008937 x10=0x0000d6d7 PA:0x80008aec
        6805000	       679	80000758	42d30797	auipc	x15,0x42d30	 x15=0xc2d30754
        6815000	       680	8000075c	00acaeb3	slt	x29,x25,x10	 x25:0x00000012 x10:0x0000d6d7 x29=0x00000001
        6825000	       681	80000760	0194fbb3	and	x23,x9,x25	  x9:0x00000012 x25:0x00000012 x23=0x00000012
        6835000	       682	80000764	00865333	srl	x6,x12,x8	 x12:0x0000002e  x8:0x00000048  x6=0x00000000
        6845000	       683	80000768	419ad893	srai	x17,x21,0x19	 x21:0x00000012 x17=0x00000000
        6855000	       684	8000076c	ef710f03	lb	x30,-265(x2)	  x2:0x80008937 x30=0x00000015 PA:0x8000882e
        6865000	       685	80000770	5a9110a3	sh	x9,1441(x2)	  x2:0x80008937  x9:0x00000012 PA:0x80008ed8
        6875000	       686	80000774	01aae533	or	x10,x21,x26	 x21:0x00000012 x26:0x00000090 x10=0x00000092
        6885000	       687	80000778	0ac10223	sb	x12,164(x2)	  x2:0x80008937 x12:0x0000002e PA:0x800089db
        6895000	       688	8000077c	12610083	lb	x1,294(x2)	  x2:0x80008937  x1=0x00000046 PA:0x80008a5d
        6905000	       689	80000780	50614b03	lbu	x22,1286(x2)	  x2:0x80008937 x22=0x00000026 PA:0x80008e3d
        6915000	       690	80000784	63810303	lb	x6,1592(x2)	  x2:0x80008937  x6=0x00000054 PA:0x80008f6f
        6925000	       691	80000788	5bb15b03	lhu	x22,1467(x2)	  x2:0x80008937 x22=0x0000d8d9 PA:0x80008ef2
        6935000	       692	8000078c	3f252e93	slti	x29,x10,1010	 x10:0x00000092 x29=0x00000001
        6945000	       693	80000790	29111083	lh	x1,657(x2)	  x2:0x80008937  x1=0xffffb2b3 PA:0x80008bc8
        6955000	       694	80000794	4ba14e83	lbu	x29,1210(x2)	  x2:0x80008937 x29=0x000000da PA:0x80008df1
        6965000	       695	80000798	53810883	lb	x17,1336(x2)	  x2:0x80008937 x17=0x00000054 PA:0x80008e6f
        6975000	       696	8000079c	3d610683	lb	x13,982(x2)	  x2:0x80008937 x13=0xfffffff6 PA:0x80008d0d
        6985000	       697	800007a0	005c8333	add	x6,x25,x5	 x25:0x00000012  x5:0x0000002e  x6=0x00000040
        6995000	       698	800007a4	32610b03	lb	x22,806(x2)	  x2:0x80008937 x22=0x00000046 PA:0x80008c5d
        7005000	       699	800007a8	01e0d313	srli	x6,x1,0x1e	  x1:0xffffb2b3  x6=0x00000003
        7015000	       700	800007ac	41810b83	lb	x23,1048(x2)	  x2:0x80008937 x23=0x00000034 PA:0x80008d4f
        7025000	       701	800007b0	00000013	addi	x0,x0,0	  x0:0x00000000
        7035000	       702	800007b4	1cb10c23	sb	x11,472(x2)	  x2:0x80008937 x11:0xffffaa00 PA:0x80008b0f
        7045000	       703	800007b8	00000013	addi	x0,x0,0	  x0:0x00000000
        7055000	       704	800007bc	d87d59b7	lui	x19,0xd87d5	 x19=0xd87d5000
        7065000	       705	800007c0	1e110523	sb	x1,490(x2)	  x2:0x80008937  x1:0xffffb2b3 PA:0x80008b21
        7075000	       706	800007c4	36410d03	lb	x26,868(x2)	  x2:0x80008937 x26=0xffffff80 PA:0x80008c9b
        7085000	       707	00000000	00000013	addi	x0,x0,0	  x0:0x00000000
        7095000	       708	800007c8	61a10a03	lb	x20,1562(x2)	  x2:0x80008937 x20=0x0000003a PA:0x80008f51
        7105000	       709	800007cc	16b23293	sltiu	x5,x4,363	  x4:0x80009f84  x5=0x00000000
        7115000	       710	800007d0	d0bf4793	xori	x15,x30,-757	 x30:0x00000015 x15=0xfffffd1e
        7125000	       711	800007d4	01895993	srli	x19,x18,0x18	 x18:0xffffff8b x19=0x000000ff
        7135000	       712	800007d8	40610483	lb	x9,1030(x2)	  x2:0x80008937  x9=0x00000026 PA:0x80008d3d
        7145000	       713	800007dc	00000013	addi	x0,x0,0	  x0:0x00000000
        7155000	       714	800007e0	59e10c83	lb	x25,1438(x2)	  x2:0x80008937 x25=0xffffffbe PA:0x80008ed5
        7165000	       715	800007e4	040c4463	blt	x24,x0,8000082c	 x24:0x80008051  x0:0x00000000
        7175000	       716	00000000	00000013	addi	x0,x0,0	  x0:0x00000000
        7185000	       717	80000828	00000013	addi	x0,x0,0	  x0:0x00000000
        7195000	       718	8000082c	034f9663	bne	x31,x20,80000858	 x31:0x0000a202 x20:0x0000003a
        7205000	       719	00000000	00000013	addi	x0,x0,0	  x0:0x00000000
        7215000	       720	80000854	00000013	addi	x0,x0,0	  x0:0x00000000
        7225000	       721	80000858	01495663	bge	x18,x20,80000864	 x18:0xffffff8b x20:0x0000003a
        7235000	       722	8000085c	01e4fab3	and	x21,x9,x30	  x9:0x00000026 x30:0x00000015 x21=0x00000004
        7245000	       723	80000860	01f191b3	sll	x3,x3,x31	  x3:0xa4a5a6a7 x31:0x0000a202  x3=0x92969a9c
        7255000	       724	80000864	98600c13	addi	x24,x0,-1658	  x0:0x00000000 x24=0xfffff986
        7265000	       725	80000868	00000013	addi	x0,x0,0	  x0:0x00000000
        7275000	       726	8000086c	287bce93	xori	x29,x23,647	 x23:0x00000034 x29=0x000002b3
        7285000	       727	80000870	01cc1e63	bne	x24,x28,8000088c	 x24:0xfffff986 x28:0x0000a2a3
        7295000	       728	00000000	00000013	addi	x0,x0,0	  x0:0x00000000
        7305000	       729	80000888	00000013	addi	x0,x0,0	  x0:0x00000000
        7315000	       730	8000088c	01296463	bltu	x18,x18,80000894	 x18:0xffffff8b x18:0xffffff8b
        7325000	       731	80000890	41bc85b3	sub	x11,x25,x27	 x25:0xffffffbe x27:0x80009fc4 x11=0x7fff5ffa
        7335000	       732	80000894	04ee9463	bne	x29,x14,800008dc	 x29:0x000002b3 x14:0x00000016
        7345000	       733	00000000	00000013	addi	x0,x0,0	  x0:0x00000000
        7355000	       734	800008d8	00000013	addi	x0,x0,0	  x0:0x00000000
        7365000	       735	800008dc	0041a1b3	slt	x3,x3,x4	  x3:0x92969a9c  x4:0x80009f84  x3=0x00000000
        7375000	       736	800008e0	017adc13	srli	x24,x21,0x17	 x21:0x00000004 x24=0x00000000
        7385000	       737	800008e4	40bd8e33	sub	x28,x27,x11	 x27:0x80009fc4 x11:0x7fff5ffa x28=0x00013fca
        7395000	       738	800008e8	00000013	addi	x0,x0,0	  x0:0x00000000
        7405000	       739	800008ec	00c4c863	blt	x9,x12,800008fc	  x9:0x00000026 x12:0x0000002e
        7415000	       740	00000000	00000013	addi	x0,x0,0	  x0:0x00000000
        7425000	       741	800008f8	00000013	addi	x0,x0,0	  x0:0x00000000
        7435000	       742	800008fc	00bdf7b3	and	x15,x27,x11	 x27:0x80009fc4 x11:0x7fff5ffa x15=0x00001fc0
        7445000	       743	80000900	01f9f5b3	and	x11,x19,x31	 x19:0x000000ff x31:0x0000a202 x11=0x00000002
        7455000	       744	80000904	01425b13	srli	x22,x4,0x14	  x4:0x80009f84 x22=0x00000800
        7465000	       745	80000908	02836863	bltu	x6,x8,80000938	  x6:0x00000003  x8:0x00000048
        7475000	       746	00000000	00000013	addi	x0,x0,0	  x0:0x00000000
        7485000	       747	80000934	00000013	addi	x0,x0,0	  x0:0x00000000
        7495000	       748	80000938	01c6d713	srli	x14,x13,0x1c	 x13:0xfffffff6 x14=0x0000000f
        7505000	       749	8000093c	04451663	bne	x10,x4,80000988	 x10:0x00000092  x4:0x80009f84
        7515000	       750	00000000	00000013	addi	x0,x0,0	  x0:0x00000000
        7525000	       751	80000984	00000013	addi	x0,x0,0	  x0:0x00000000
        7535000	       752	80000988	00000013	addi	x0,x0,0	  x0:0x00000000
        7545000	       753	8000098c	01b519b3	sll	x19,x10,x27	 x10:0x00000092 x27:0x80009fc4 x19=0x00000920
        7555000	       754	80000990	8e8e9637	lui	x12,0x8e8e9	 x12=0x8e8e9000
        7565000	       755	80000994	00000013	addi	x0,x0,0	  x0:0x00000000
        7575000	       756	80000998	4f7a0e93	addi	x29,x20,1271	 x20:0x0000003a x29=0x00000531
        7585000	       757	8000099c	00611c93	slli	x25,x2,0x6	  x2:0x80008937 x25=0x00224dc0
        7595000	       758	800009a0	00058cb3	add	x25,x11,x0	 x11:0x00000002  x0:0x00000000 x25=0x00000002
        7605000	       759	800009a4	2706ab93	slti	x23,x13,624	 x13:0xfffffff6 x23=0x00000001
        7615000	       760	800009a8	a1120293	addi	x5,x4,-1519	  x4:0x80009f84  x5=0x80009995
        7625000	       761	800009ac	00128d33	add	x26,x5,x1	  x5:0x80009995  x1:0xffffb2b3 x26=0x80004c48
        7635000	       762	800009b0	5741b313	sltiu	x6,x3,1396	  x3:0x00000000  x6=0x00000001
        7645000	       763	800009b4	00000013	addi	x0,x0,0	  x0:0x00000000
        7655000	       764	800009b8	00f11e93	slli	x29,x2,0xf	  x2:0x80008937 x29=0x449b8000
        7665000	       765	800009bc	0164ce33	xor	x28,x9,x22	  x9:0x00000026 x22:0x00000800 x28=0x00000826
        7675000	       766	800009c0	02808c63	beq	x1,x8,800009f8	  x1:0xffffb2b3  x8:0x00000048
        7685000	       767	800009c4	035e8a63	beq	x29,x21,800009f8	 x29:0x449b8000 x21:0x00000004
        7695000	       768	800009c8	01f89eb3	sll	x29,x17,x31	 x17:0x00000054 x31:0x0000a202 x29=0x00000150
        7705000	       769	800009cc	e25e3693	sltiu	x13,x28,-475	 x28:0x00000826 x13=0x00000001
        7715000	       770	800009d0	022c4a63	blt	x24,x2,80000a04	 x24:0x00000000  x2:0x80008937
        7725000	       771	800009d4	9411a113	slti	x2,x3,-1727	  x3:0x00000000  x2=0x00000000
        7735000	       772	800009d8	00e6ea33	or	x20,x13,x14	 x13:0x00000001 x14:0x0000000f x20=0x0000000f
        7745000	       773	800009dc	41ded413	srai	x8,x29,0x1d	 x29:0x00000150  x8=0x00000000
        7755000	       774	800009e0	04607063	bgeu	x0,x6,80000a20	  x0:0x00000000  x6:0x00000001
        7765000	       775	800009e4	00d54bb3	xor	x23,x10,x13	 x10:0x00000092 x13:0x00000001 x23=0x00000093
        7775000	       776	800009e8	0169ea33	or	x20,x19,x22	 x19:0x00000920 x22:0x00000800 x20=0x00000920
        7785000	       777	800009ec	71e47193	andi	x3,x8,1822	  x8:0x00000000  x3=0x00000000
        7795000	       778	800009f0	00333ab3	sltu	x21,x6,x3	  x6:0x00000001  x3:0x00000000 x21=0x00000000
        7805000	       779	800009f4	013cd7b3	srl	x15,x25,x19	 x25:0x00000002 x19:0x00000920 x15=0x00000002
        7815000	       780	800009f8	00000013	addi	x0,x0,0	  x0:0x00000000
        7825000	       781	800009fc	aa62aa13	slti	x20,x5,-1370	  x5:0x80009995 x20=0x00000001
        7835000	       782	80000a00	02dcce63	blt	x25,x13,80000a3c	 x25:0x00000002 x13:0x00000001
        7845000	       783	80000a04	015845b3	xor	x11,x16,x21	 x16:0xb11e1932 x21:0x00000000 x11=0xb11e1932
        7855000	       784	80000a08	0168b733	sltu	x14,x17,x22	 x17:0x00000054 x22:0x00000800 x14=0x00000001
        7865000	       785	80000a0c	01635ab3	srl	x21,x6,x22	  x6:0x00000001 x22:0x00000800 x21=0x00000001
        7875000	       786	80000a10	01943fb3	sltu	x31,x8,x25	  x8:0x00000000 x25:0x00000002 x31=0x00000001
        7885000	       787	80000a14	d477ae93	slti	x29,x15,-697	 x15:0x00000002 x29=0x00000000
        7895000	       788	80000a18	4c1ae297	auipc	x5,0x4c1ae	  x5=0xcc1aea14
        7905000	       789	80000a1c	08165663	bge	x12,x1,80000aa8	 x12:0x8e8e9000  x1:0xffffb2b3
        7915000	       790	80000a20	000592b3	sll	x5,x11,x0	 x11:0xb11e1932  x0:0x00000000  x5=0xb11e1932
        7925000	       791	80000a24	01b7d993	srli	x19,x15,0x1b	 x15:0x00000002 x19=0x00000000
        7935000	       792	80000a28	0142b7b3	sltu	x15,x5,x20	  x5:0xb11e1932 x20:0x00000001 x15=0x00000000
        7945000	       793	80000a2c	0188f663	bgeu	x17,x24,80000a38	 x17:0x00000054 x24:0x00000000
        7955000	       794	00000000	00000013	addi	x0,x0,0	  x0:0x00000000
        7965000	       795	80000a34	00000013	addi	x0,x0,0	  x0:0x00000000
        7975000	       796	80000a38	d7a92893	slti	x17,x18,-646	 x18:0xffffff8b x17=0x00000000
        7985000	       797	80000a3c	002fd7b3	srl	x15,x31,x2	 x31:0x00000001  x2:0x00000000 x15=0x00000001
        7995000	       798	80000a40	00000997	auipc	x19,0x0	 x19=0x80000a3c
        8005000	       799	80000a44	75098993	addi	x19,x19,1872	 x19:0x80000a3c x19=0x8000118c
        8015000	       800	80000a48	018517b3	sll	x15,x10,x24	 x10:0x00000092 x24:0x00000000 x15=0x00000092
        8025000	       801	80000a4c	01751a93	slli	x21,x10,0x17	 x10:0x00000092 x21=0x49000000
        8035000	       802	80000a50	40c105b3	sub	x11,x2,x12	  x2:0x00000000 x12:0x8e8e9000 x11=0x71717000
        8045000	       803	80000a54	47ae7a93	andi	x21,x28,1146	 x28:0x00000826 x21=0x00000022
        8055000	       804	80000a58	5d186793	ori	x15,x16,1489	 x16:0xb11e1932 x15=0xb11e1df3
        8065000	       805	80000a5c	e2e98993	addi	x19,x19,-466	 x19:0x8000118c x19=0x80000fba
        8075000	       806	80000a60	5aeca693	slti	x13,x25,1454	 x25:0x00000002 x13=0x00000001
        8085000	       807	80000a64	00f081b3	add	x3,x1,x15	  x1:0xffffb2b3 x15:0xb11e1df3  x3=0xb11dd0a6
        8095000	       808	80000a68	01c96863	bltu	x18,x28,80000a78	 x18:0xffffff8b x28:0x00000826
        8105000	       809	80000a6c	38ed8b37	lui	x22,0x38ed8	 x22=0x38ed8000
        8115000	       810	80000a70	9aeaef13	ori	x30,x21,-1618	 x21:0x00000022 x30=0xfffff9ae
        8125000	       811	80000a74	00aa4d33	xor	x26,x20,x10	 x20:0x00000001 x10:0x00000092 x26=0x00000093
        8135000	       812	80000a78	1d298c67	jalr	x24,x19,466	 x19:0x80000fba x24=0x80000a78
        8145000	       813	00000000	00000013	addi	x0,x0,0	  x0:0x00000000
        8155000	       814	8000118c	00000013	addi	x0,x0,0	  x0:0x00000000
        8165000	       815	80001190	00e3bcb3	sltu	x25,x7,x14	  x7:0x80008432 x14:0x00000001 x25=0x00000000
        8175000	       816	80001194	010b8263	beq	x23,x16,80001198	 x23:0x00000093 x16:0xb11e1932
        8185000	       817	80001198	fdc20213	addi	x4,x4,-36	  x4:0x80009f84  x4=0x80009f60
        8195000	       818	8000119c	41508633	sub	x12,x1,x21	  x1:0xffffb2b3 x21:0x00000022 x12=0xffffb291
        8205000	       819	800011a0	01822223	sw	x24,4(x4)	  x4:0x80009f60 x24:0x80000a78 PA:0x80009f64
        8215000	       820	800011a4	403083b3	sub	x7,x1,x3	  x1:0xffffb2b3  x3:0xb11dd0a6  x7=0x4ee1e20d
        8225000	       821	800011a8	00007997	auipc	x19,0x7	 x19=0x800081a4
        8235000	       822	800011ac	6be98993	addi	x19,x19,1726	 x19:0x800081a4 x19=0x80008862
        8245000	       823	800011b0	00008117	auipc	x2,0x8	  x2=0x800091ac
        8255000	       824	800011b4	b3410113	addi	x2,x2,-1228	  x2:0x800091ac  x2=0x80008ce0
        8265000	       825	800011b8	00008197	auipc	x3,0x8	  x3=0x800091b4
        8275000	       826	800011bc	97e18193	addi	x3,x3,-1666	  x3:0x800091b4  x3=0x80008b32
        8285000	       827	800011c0	00d982a3	sb	x13,5(x19)	 x19:0x80008862 x13:0x00000001 PA:0x80008867
        8295000	       828	800011c4	00d98503	lb	x10,13(x19)	 x19:0x80008862 x10=0x00000054 PA:0x8000886f
        8305000	       829	800011c8	cf819c23	sh	x24,-776(x3)	  x3:0x80008b32 x24:0x80000a78 PA:0x8000882a
        8315000	       830	800011cc	ff810ba3	sb	x24,-9(x2)	  x2:0x80008ce0 x24:0x80000a78 PA:0x80008cd7
        8325000	       831	800011d0	ff514903	lbu	x18,-11(x2)	  x2:0x80008ce0 x18=0x000000be PA:0x80008cd5
        8335000	       832	800011d4	fff9c083	lbu	x1,-1(x19)	 x19:0x80008862  x1=0x0000004a PA:0x80008861
        8345000	       833	800011d8	fea98ca3	sb	x10,-7(x19)	 x19:0x80008862 x10:0x00000054 PA:0x8000885b
        8355000	       834	800011dc	015985a3	sb	x21,11(x19)	 x19:0x80008862 x21:0x00000022 PA:0x8000886d
        8365000	       835	800011e0	0a41c403	lbu	x8,164(x3)	  x3:0x80008b32  x8=0x000000bd PA:0x80008bd6
        8375000	       836	800011e4	00008597	auipc	x11,0x8	 x11=0x800091e0
        8385000	       837	800011e8	a4258593	addi	x11,x11,-1470	 x11:0x800091e0 x11=0x80008c22
        8395000	       838	800011ec	00e14c03	lbu	x24,14(x2)	  x2:0x80008ce0 x24=0x000000d5 PA:0x80008cee
        8405000	       839	800011f0	31f183a3	sb	x31,775(x3)	  x3:0x80008b32 x31:0x00000001 PA:0x80008e39
        8415000	       840	800011f4	3f618483	lb	x9,1014(x3)	  x3:0x80008b32  x9=0x00000013 PA:0x80008f28
        8425000	       841	800011f8	0069dd03	lhu	x26,6(x19)	 x19:0x80008862 x26=0x00005253 PA:0x80008868
        8435000	       842	800011fc	e3e1d883	lhu	x17,-450(x3)	  x3:0x80008b32 x17=0x00005a5b PA:0x80008970
        8445000	       843	80001200	04358683	lb	x13,67(x11)	 x11:0x80008c22 x13=0x0000004e PA:0x80008c65
        8455000	       844	80001204	00598a03	lb	x20,5(x19)	 x19:0x80008862 x20=0x00000001 PA:0x80008867
        8465000	       845	80001208	00e98283	lb	x5,14(x19)	 x19:0x80008862  x5=0x0000005b PA:0x80008870
        8475000	       846	8000120c	46019903	lh	x18,1120(x3)	  x3:0x80008b32 x18=0x00007879 PA:0x80008f92
        8485000	       847	80001210	00a14f03	lbu	x30,10(x2)	  x2:0x80008ce0 x30=0x000000d1 PA:0x80008cea
        8495000	       848	80001214	03114283	lbu	x5,49(x2)	  x2:0x80008ce0  x5=0x000000fa PA:0x80008d11
        8505000	       849	80001218	ff798c03	lb	x24,-9(x19)	 x19:0x80008862 x24=0x00000042 PA:0x80008859
        8515000	       850	8000121c	fe810fa3	sb	x8,-1(x2)	  x2:0x80008ce0  x8:0x000000bd PA:0x80008cdf
        8525000	       851	80001220	0b95ca83	lbu	x21,185(x11)	 x11:0x80008c22 x21=0x000000c0 PA:0x80008cdb
        8535000	       852	80001224	fb65ab03	lw	x22,-74(x11)	 x11:0x80008c22 x22=0xc0c1c2c3 PA:0x80008bd8
        8545000	       853	80001228	f6c5cb03	lbu	x22,-148(x11)	 x11:0x80008c22 x22=0x00000075 PA:0x80008b8e
        8555000	       854	8000122c	f7958aa3	sb	x25,-139(x11)	 x11:0x80008c22 x25:0x00000000 PA:0x80008b97
        8565000	       855	80001230	00008897	auipc	x17,0x8	 x17=0x8000922c
        8575000	       856	80001234	d3d88893	addi	x17,x17,-707	 x17:0x8000922c x17=0x80008f69
        8585000	       857	80001238	00812533	slt	x10,x2,x8	  x2:0x80008ce0  x8:0x000000bd x10=0x00000001
        8595000	       858	8000123c	00000013	addi	x0,x0,0	  x0:0x00000000
        8605000	       859	80001240	406c5333	sra	x6,x24,x6	 x24:0x00000042  x6:0x00000001  x6=0x00000021
        8615000	       860	80001244	0144d5b3	srl	x11,x9,x20	  x9:0x00000013 x20:0x00000001 x11=0x00000009
        8625000	       861	80001248	8c382313	slti	x6,x16,-1853	 x16:0xb11e1932  x6=0x00000001
        8635000	       862	8000124c	5f54ae93	slti	x29,x9,1525	  x9:0x00000013 x29=0x00000001
        8645000	       863	80001250	fd488083	lb	x1,-44(x17)	 x17:0x80008f69  x1=0x00000026 PA:0x80008f3d
        8655000	       864	80001254	fe589003	lh	x0,-27(x17)	 x17:0x80008f69 PA:0x80008f4e
        8665000	       865	80001258	01f317b3	sll	x15,x6,x31	  x6:0x00000001 x31:0x00000001 x15=0x00000002
        8675000	       866	8000125c	1e436e13	ori	x28,x6,484	  x6:0x00000001 x28=0x000001e5
        8685000	       867	80001260	03288d23	sb	x18,58(x17)	 x17:0x80008f69 x18:0x00007879 PA:0x80008fa3
        8695000	       868	80001264	fcf89f03	lh	x30,-49(x17)	 x17:0x80008f69 x30=0x00002223 PA:0x80008f38
        8705000	       869	80001268	fdc88523	sb	x28,-54(x17)	 x17:0x80008f69 x28:0x000001e5 PA:0x80008f33
        8715000	       870	8000126c	0048ce03	lbu	x28,4(x17)	 x17:0x80008f69 x28=0x00000056 PA:0x80008f6d
        8725000	       871	80001270	fee88003	lb	x0,-18(x17)	 x17:0x80008f69 PA:0x80008f57
        8735000	       872	80001274	009683b3	add	x7,x13,x9	 x13:0x0000004e  x9:0x00000013  x7=0x00000061
        8745000	       873	80001278	02289da3	sh	x2,59(x17)	 x17:0x80008f69  x2:0x80008ce0 PA:0x80008fa4
        8755000	       874	8000127c	01388023	sb	x19,0(x17)	 x17:0x80008f69 x19:0x80008862 PA:0x80008f69
        8765000	       875	80001280	fd188183	lb	x3,-47(x17)	 x17:0x80008f69  x3=0x00000021 PA:0x80008f3a
        8775000	       876	80001284	0173fd33	and	x26,x7,x23	  x7:0x00000061 x23:0x00000093 x26=0x00000001
        8785000	       877	80001288	402e5d13	srai	x26,x28,0x2	 x28:0x00000056 x26=0x00000015
        8795000	       878	8000128c	ff088103	lb	x2,-16(x17)	 x17:0x80008f69  x2=0x00000042 PA:0x80008f59
        8805000	       879	80001290	02b8d083	lhu	x1,43(x17)	 x17:0x80008f69  x1=0x00007e7f PA:0x80008f94
        8815000	       880	80001294	03388da3	sb	x19,59(x17)	 x17:0x80008f69 x19:0x80008862 PA:0x80008fa4
        8825000	       881	80001298	003bde13	srli	x28,x23,0x3	 x23:0x00000093 x28=0x00000012
        8835000	       882	8000129c	fc088ca3	sb	x0,-39(x17)	 x17:0x80008f69  x0:0x00000000 PA:0x80008f42
        8845000	       883	800012a0	00008e17	auipc	x28,0x8	 x28=0x8000929c
        8855000	       884	800012a4	b7ae0e13	addi	x28,x28,-1158	 x28:0x8000929c x28=0x80008e16
        8865000	       885	800012a8	00008797	auipc	x15,0x8	 x15=0x800092a4
        8875000	       886	800012ac	9d778793	addi	x15,x15,-1577	 x15:0x800092a4 x15=0x80008c7b
        8885000	       887	800012b0	00007e97	auipc	x29,0x7	 x29=0x800082ac
        8895000	       888	800012b4	682e8e93	addi	x29,x29,1666	 x29:0x800082ac x29=0x8000892e
        8905000	       889	800012b8	ffee5083	lhu	x1,-2(x28)	 x28:0x80008e16  x1=0x0000feff PA:0x80008e14
        8915000	       890	00000000	00000013	addi	x0,x0,0	  x0:0x00000000
        8925000	       891	800012bc	00008b97	auipc	x23,0x8	 x23=0x800092b8
        8935000	       892	800012c0	8e3b8b93	addi	x23,x23,-1821	 x23:0x800092b8 x23=0x80008b9b
        8945000	       893	800012c4	00008897	auipc	x17,0x8	 x17=0x800092c0
        8955000	       894	800012c8	8c888893	addi	x17,x17,-1848	 x17:0x800092c0 x17=0x80008b88
        8965000	       895	800012cc	2d5e8383	lb	x7,725(x29)	 x29:0x8000892e  x7=0xffffffe8 PA:0x80008c03
        8975000	       896	800012d0	31aea083	lw	x1,794(x29)	 x29:0x8000892e  x1=0x30313233 PA:0x80008c48
        8985000	       897	800012d4	2da78683	lb	x13,730(x15)	 x15:0x80008c7b x13=0x0000003e PA:0x80008f55
        8995000	       898	800012d8	002bcf83	lbu	x31,2(x23)	 x23:0x80008b9b x31=0x00000086 PA:0x80008b9d
        9005000	       899	800012dc	04688003	lb	x0,70(x17)	 x17:0x80008b88 PA:0x80008bce
        9015000	       900	800012e0	05a8a823	sw	x26,80(x17)	 x17:0x80008b88 x26:0x00000015 PA:0x80008bd8
        9025000	       901	800012e4	ffdbda03	lhu	x20,-3(x23)	 x23:0x80008b9b x20=0x00008283 PA:0x80008b98
        9035000	       902	800012e8	0ac8c003	lbu	x0,172(x17)	 x17:0x80008b88 PA:0x80008c34
        9045000	       903	800012ec	35978aa3	sb	x25,853(x15)	 x15:0x80008c7b x25:0x00000000 PA:0x80008fd0
        9055000	       904	800012f0	ff1e0383	lb	x7,-15(x28)	 x28:0x80008e16  x7=0xffffffec PA:0x80008e07
        9065000	       905	800012f4	fd0bc303	lbu	x6,-48(x23)	 x23:0x80008b9b  x6=0x00000050 PA:0x80008b6b
        9075000	       906	800012f8	ff2ec403	lbu	x8,-14(x29)	 x29:0x8000892e  x8=0x0000000b PA:0x80008920
        9085000	       907	800012fc	393ec983	lbu	x19,915(x29)	 x29:0x8000892e x19=0x000000aa PA:0x80008cc1
        9095000	       908	00000000	00000013	addi	x0,x0,0	  x0:0x00000000
        9105000	       909	80001300	ff3e4583	lbu	x11,-13(x28)	 x28:0x80008e16 x11=0x000000f2 PA:0x80008e09
        9115000	       910	80001304	000b8403	lb	x8,0(x23)	 x23:0x80008b9b  x8=0xffffff80 PA:0x80008b9b
        9125000	       911	80001308	05289a03	lh	x20,82(x17)	 x17:0x80008b88 x20=0x00000000 PA:0x80008bda
        9135000	       912	8000130c	01cbca83	lbu	x21,28(x23)	 x23:0x80008b9b x21=0x0000009c PA:0x80008bb7
        9145000	       913	80001310	247797a3	sh	x7,591(x15)	 x15:0x80008c7b  x7:0xffffffec PA:0x80008eca
        9155000	       914	80001314	05689c03	lh	x24,86(x17)	 x17:0x80008b88 x24=0xffffc4c5 PA:0x80008bde
        9165000	       915	80001318	febb9ba3	sh	x11,-9(x23)	 x23:0x80008b9b x11:0x000000f2 PA:0x80008b92
        9175000	       916	8000131c	fe87cd03	lbu	x26,-24(x15)	 x15:0x80008c7b x26=0x00000048 PA:0x80008c63
        9185000	       917	80001320	003e0383	lb	x7,3(x28)	 x28:0x80008e16  x7=0x00000002 PA:0x80008e19
        9195000	       918	80001324	fccbc003	lbu	x0,-52(x23)	 x23:0x80008b9b PA:0x80008b67
        9205000	       919	80001328	ff7e4f03	lbu	x30,-9(x28)	 x28:0x80008e16 x30=0x000000f6 PA:0x80008e0d
        9215000	       920	8000132c	32078303	lb	x6,800(x15)	 x15:0x80008c7b  x6=0xffffff80 PA:0x80008f9b
        9225000	       921	80001330	ff9e9f23	sh	x25,-2(x29)	 x29:0x8000892e x25:0x00000000 PA:0x8000892c
        9235000	       922	80001334	03b88ca3	sb	x27,57(x17)	 x17:0x80008b88 x27:0x80009fc4 PA:0x80008bc1
        9245000	       923	80001338	fa579083	lh	x1,-91(x15)	 x15:0x80008c7b  x1=0x00000a0b PA:0x80008c20
        9255000	       924	8000133c	037b8483	lb	x9,55(x23)	 x23:0x80008b9b  x9=0xffffffb9 PA:0x80008bd2
        9265000	       925	80001340	ff1e0823	sb	x17,-16(x28)	 x28:0x80008e16 x17:0x80008b88 PA:0x80008e06
        9275000	       926	80001344	ffae0a83	lb	x21,-6(x28)	 x28:0x80008e16 x21=0xfffffffb PA:0x80008e10
        9285000	       927	80001348	4e3ec683	lbu	x13,1251(x29)	 x29:0x8000892e x13=0x000000fa PA:0x80008e11
        9295000	       928	8000134c	384ed383	lhu	x7,900(x29)	 x29:0x8000892e  x7=0x00009899 PA:0x80008cb2
        9305000	       929	80001350	04478b23	sb	x4,86(x15)	 x15:0x80008c7b  x4:0x80009f60 PA:0x80008cd1
        9315000	       930	80001354	104e8e23	sb	x4,284(x29)	 x29:0x8000892e  x4:0x80009f60 PA:0x80008a4a
        9325000	       931	80001358	00007597	auipc	x11,0x7	 x11=0x80008354
        9335000	       932	8000135c	4d858593	addi	x11,x11,1240	 x11:0x80008354 x11=0x8000882c
        9345000	       933	80001360	898afe93	andi	x29,x21,-1896	 x21:0xfffffffb x29=0xfffff898
        9355000	       934	80001364	01ca8fb3	add	x31,x21,x28	 x21:0xfffffffb x28:0x80008e16 x31=0x80008e11
        9365000	       935	80001368	09b5c783	lbu	x15,155(x11)	 x11:0x8000882c x15=0x000000ac PA:0x800088c7
        9375000	       936	8000136c	03a586a3	sb	x26,45(x11)	 x11:0x8000882c x26:0x00000048 PA:0x80008859
        9385000	       937	80001370	0b358683	lb	x13,179(x11)	 x11:0x8000882c x13=0xffffffc4 PA:0x800088df
        9395000	       938	80001374	41d50c33	sub	x24,x10,x29	 x10:0x00000001 x29:0xfffff898 x24=0x00000769
        9405000	       939	80001378	cde1aa37	lui	x20,0xcde1a	 x20=0xcde1a000
        9415000	       940	8000137c	0735c703	lbu	x14,115(x11)	 x11:0x8000882c x14=0x00000084 PA:0x8000889f
        9425000	       941	80001380	01d58623	sb	x29,12(x11)	 x11:0x8000882c x29:0xfffff898 PA:0x80008838
        9435000	       942	80001384	0cc59823	sh	x12,208(x11)	 x11:0x8000882c x12:0xffffb291 PA:0x800088fc
        9445000	       943	80001388	e3990693	addi	x13,x18,-455	 x18:0x00007879 x13=0x000076b2
        9455000	       944	8000138c	088581a3	sb	x8,131(x11)	 x11:0x8000882c  x8:0xffffff80 PA:0x800088af
        9465000	       945	80001390	0715c103	lbu	x2,113(x11)	 x11:0x8000882c  x2=0x00000086 PA:0x8000889d
        9475000	       946	80001394	40d05c13	srai	x24,x0,0xd	  x0:0x00000000 x24=0x00000000
        9485000	       947	80001398	00000013	addi	x0,x0,0	  x0:0x00000000
        9495000	       948	8000139c	41285093	srai	x1,x16,0x12	 x16:0xb11e1932  x1=0xffffec47
        9505000	       949	800013a0	064583a3	sb	x4,103(x11)	 x11:0x8000882c  x4:0x80009f60 PA:0x80008893
        9515000	       950	800013a4	00e06133	or	x2,x0,x14	  x0:0x00000000 x14:0x00000084  x2=0x00000084
        9525000	       951	800013a8	08458ba3	sb	x4,151(x11)	 x11:0x8000882c  x4:0x80009f60 PA:0x800088c3
        9535000	       952	800013ac	06648d37	lui	x26,0x6648	 x26=0x06648000
        9545000	       953	800013b0	01d4cc33	xor	x24,x9,x29	  x9:0xffffffb9 x29:0xfffff898 x24=0x00000721
        9555000	       954	800013b4	0575a623	sw	x23,76(x11)	 x11:0x8000882c x23:0x80008b9b PA:0x80008878
        9565000	       955	800013b8	0c858783	lb	x15,200(x11)	 x11:0x8000882c x15=0xffffffdf PA:0x800088f4
        9575000	       956	800013bc	08b58403	lb	x8,139(x11)	 x11:0x8000882c  x8=0xffffff9c PA:0x800088b7
        9585000	       957	800013c0	c6e23eb7	lui	x29,0xc6e23	 x29=0xc6e23000
        9595000	       958	800013c4	0285ce03	lbu	x28,40(x11)	 x11:0x8000882c x28=0x0000003f PA:0x80008854
        9605000	       959	800013c8	0ae59083	lh	x1,174(x11)	 x11:0x8000882c  x1=0xffffc0c1 PA:0x800088da
        9615000	       960	800013cc	0465df03	lhu	x30,70(x11)	 x11:0x8000882c x30=0x00005859 PA:0x80008872
        9625000	       961	800013d0	35137113	andi	x2,x6,849	  x6:0xffffff80  x2=0x00000300
        9635000	       962	800013d4	01e29c13	slli	x24,x5,0x1e	  x5:0x000000fa x24=0x80000000
        9645000	       963	800013d8	00a9e0b3	or	x1,x19,x10	 x19:0x000000aa x10:0x00000001  x1=0x000000ab
        9655000	       964	800013dc	00c5c703	lbu	x14,12(x11)	 x11:0x8000882c x14=0x00000098 PA:0x80008838
        9665000	       965	800013e0	0ec5c703	lbu	x14,236(x11)	 x11:0x8000882c x14=0x00000003 PA:0x80008918
        9675000	       966	800013e4	0da59d23	sh	x26,218(x11)	 x11:0x8000882c x26:0x06648000 PA:0x80008906
        9685000	       967	800013e8	0685c303	lbu	x6,104(x11)	 x11:0x8000882c  x6=0x0000007f PA:0x80008894
        9695000	       968	800013ec	0e1587a3	sb	x1,239(x11)	 x11:0x8000882c  x1:0x000000ab PA:0x8000891b
        9705000	       969	800013f0	a861ed37	lui	x26,0xa861e	 x26=0xa861e000
        9715000	       970	800013f4	00c8fa33	and	x20,x17,x12	 x17:0x80008b88 x12:0xffffb291 x20=0x80008280
        9725000	       971	800013f8	08b58b03	lb	x22,139(x11)	 x11:0x8000882c x22=0xffffff9c PA:0x800088b7
        9735000	       972	800013fc	02c59723	sh	x12,46(x11)	 x11:0x8000882c x12:0xffffb291 PA:0x8000885a
        9745000	       973	80001400	01058183	lb	x3,16(x11)	 x11:0x8000882c  x3=0x00000027 PA:0x8000883c
        9755000	       974	80001404	40d9d4b3	sra	x9,x19,x13	 x19:0x000000aa x13:0x000076b2  x9=0x00000000
        9765000	       975	80001408	9f0defb7	lui	x31,0x9f0de	 x31=0x9f0de000
        9775000	       976	8000140c	03d588a3	sb	x29,49(x11)	 x11:0x8000882c x29:0xc6e23000 PA:0x8000885d
        9785000	       977	80001410	01a5de03	lhu	x28,26(x11)	 x11:0x8000882c x28=0x00002c2d PA:0x80008846
        9795000	       978	80001414	5c462493	slti	x9,x12,1476	 x12:0xffffb291  x9=0x00000001
        9805000	       979	80001418	01e3dab3	srl	x21,x7,x30	  x7:0x00009899 x30:0x00005859 x21=0x00000000
        9815000	       980	8000141c	004e2733	slt	x14,x28,x4	 x28:0x00002c2d  x4:0x80009f60 x14=0x00000000
        9825000	       981	80001420	012b9ab3	sll	x21,x23,x18	 x23:0x80008b9b x18:0x00007879 x21=0x36000000
        9835000	       982	80001424	416cd3b3	sra	x7,x25,x22	 x25:0x00000000 x22:0xffffff9c  x7=0x00000000
        9845000	       983	80001428	0d2583a3	sb	x18,199(x11)	 x11:0x8000882c x18:0x00007879 PA:0x800088f3
        9855000	       984	8000142c	00000013	addi	x0,x0,0	  x0:0x00000000
        9865000	       985	80001430	0d45d303	lhu	x6,212(x11)	 x11:0x8000882c  x6=0x0000eaeb PA:0x80008900
        9875000	       986	80001434	01cf9e33	sll	x28,x31,x28	 x31:0x9f0de000 x28:0x00002c2d x28=0xbc000000
        9885000	       987	80001438	07658903	lb	x18,118(x11)	 x11:0x8000882c x18=0xffffff89 PA:0x800088a2
        9895000	       988	8000143c	0ed5a623	sw	x13,236(x11)	 x11:0x8000882c x13:0x000076b2 PA:0x80008918
        9905000	       989	80001440	aa26ed17	auipc	x26,0xaa26e	 x26=0x2a26f43c
        9915000	       990	80001444	773e3293	sltiu	x5,x28,1907	 x28:0xbc000000  x5=0x00000000
        9925000	       991	80001448	34b47993	andi	x19,x8,843	  x8:0xffffff9c x19=0x00000308
        9935000	       992	8000144c	4c46ad13	slti	x26,x13,1220	 x13:0x000076b2 x26=0x00000000
        9945000	       993	80001450	0002abb3	slt	x23,x5,x0	  x5:0x00000000  x0:0x00000000 x23=0x00000000
        9955000	       994	80001454	f6cd53b7	lui	x7,0xf6cd5	  x7=0xf6cd5000
        9965000	       995	80001458	018c3533	sltu	x10,x24,x24	 x24:0x80000000 x24:0x80000000 x10=0x00000000
        9975000	       996	8000145c	033b8e63	beq	x23,x19,80001498	 x23:0x00000000 x19:0x00000308
        9985000	       997	80001460	2affb793	sltiu	x15,x31,687	 x31:0x9f0de000 x15=0x00000000
        9995000	       998	80001464	999f7513	andi	x10,x30,-1639	 x30:0x00005859 x10=0x00005819
       10005000	       999	80001468	000ffc33	and	x24,x31,x0	 x31:0x9f0de000  x0:0x00000000 x24=0x00000000
       10015000	      1000	8000146c	000d5c93	srli	x25,x26,0x0	 x26:0x00000000 x25=0x00000000
       10025000	      1001	80001470	00000013	addi	x0,x0,0	  x0:0x00000000
       10035000	      1002	80001474	01ffd3b3	srl	x7,x31,x31	 x31:0x9f0de000 x31:0x9f0de000  x7=0x9f0de000
       10045000	      1003	80001478	01304633	xor	x12,x0,x19	  x0:0x00000000 x19:0x00000308 x12=0x00000308
       10055000	      1004	8000147c	00384463	blt	x16,x3,80001484	 x16:0xb11e1932  x3:0x00000027
       10065000	      1005	00000000	00000013	addi	x0,x0,0	  x0:0x00000000
       10075000	      1006	80001480	00000013	addi	x0,x0,0	  x0:0x00000000
       10085000	      1007	80001484	00e854b3	srl	x9,x16,x14	 x16:0xb11e1932 x14:0x00000000  x9=0xb11e1932
       10095000	      1008	80001488	d5e23b97	auipc	x23,0xd5e23	 x23=0x55e24484
       10105000	      1009	8000148c	0268ea63	bltu	x17,x6,800014c0	 x17:0x80008b88  x6:0x0000eaeb
       10115000	      1010	80001490	d6e6c317	auipc	x6,0xd6e6c	  x6=0x56e6d48c
       10125000	      1011	80001494	01d95593	srli	x11,x18,0x1d	 x18:0xffffff89 x11=0x00000007
       10135000	      1012	80001498	3c8f4c13	xori	x24,x30,968	 x30:0x00005859 x24=0x00005b91
       10145000	      1013	8000149c	a10bc693	xori	x13,x23,-1520	 x23:0x55e24484 x13=0xaa1dbe94
       10155000	      1014	800014a0	40d58cb3	sub	x25,x11,x13	 x11:0x00000007 x13:0xaa1dbe94 x25=0x55e24173
       10165000	      1015	800014a4	3d65d297	auipc	x5,0x3d65d	  x5=0xbd65e4a0
       10175000	      1016	800014a8	40263593	sltiu	x11,x12,1026	 x12:0x00000308 x11=0x00000001
       10185000	      1017	800014ac	01f8a133	slt	x2,x17,x31	 x17:0x80008b88 x31:0x9f0de000  x2=0x00000001
       10195000	      1018	800014b0	00c42b33	slt	x22,x8,x12	  x8:0xffffff9c x12:0x00000308 x22=0x00000001
       10205000	      1019	800014b4	807b4393	xori	x7,x22,-2041	 x22:0x00000001  x7=0xfffff806
       10215000	      1020	800014b8	7b202c93	slti	x25,x0,1970	  x0:0x00000000 x25=0x00000001
       10225000	      1021	800014bc	00688ab3	add	x21,x17,x6	 x17:0x80008b88  x6:0x56e6d48c x21=0xd6e76014
       10235000	      1022	800014c0	05a55863	bge	x10,x26,80001510	 x10:0x00005819 x26:0x00000000
       10245000	      1023	00000000	00000013	addi	x0,x0,0	  x0:0x00000000
       10255000	      1024	8000150c	00000013	addi	x0,x0,0	  x0:0x00000000
       10265000	      1025	80001510	00365a63	bge	x12,x3,80001524	 x12:0x00000308  x3:0x00000027
       10275000	      1026	00000000	00000013	addi	x0,x0,0	  x0:0x00000000
       10285000	      1027	80001520	00000013	addi	x0,x0,0	  x0:0x00000000
       10295000	      1028	80001524	00541a93	slli	x21,x8,0x5	  x8:0xffffff9c x21=0xfffff380
       10305000	      1029	80001528	005457b3	srl	x15,x8,x5	  x8:0xffffff9c  x5:0xbd65e4a0 x15=0xffffff9c
       10315000	      1030	8000152c	b0c37d13	andi	x26,x6,-1268	  x6:0x56e6d48c x26=0x56e6d00c
       10325000	      1031	80001530	cff04993	xori	x19,x0,-769	  x0:0x00000000 x19=0xfffffcff
       10335000	      1032	80001534	1c4e2a13	slti	x20,x28,452	 x28:0xbc000000 x20=0x00000001
       10345000	      1033	80001538	4f10fe13	andi	x28,x1,1265	  x1:0x000000ab x28=0x000000a1
       10355000	      1034	8000153c	023d7263	bgeu	x26,x3,80001560	 x26:0x56e6d00c  x3:0x00000027
       10365000	      1035	00000000	00000013	addi	x0,x0,0	  x0:0x00000000
       10375000	      1036	8000155c	00000013	addi	x0,x0,0	  x0:0x00000000
       10385000	      1037	80001560	006911b3	sll	x3,x18,x6	 x18:0xffffff89  x6:0x56e6d48c  x3=0xfff89000
       10395000	      1038	80001564	04f19863	bne	x3,x15,800015b4	  x3:0xfff89000 x15:0xffffff9c
       10405000	      1039	00000000	00000013	addi	x0,x0,0	  x0:0x00000000
       10415000	      1040	800015b0	00000013	addi	x0,x0,0	  x0:0x00000000
       10425000	      1041	800015b4	09d69663	bne	x13,x29,80001640	 x13:0xaa1dbe94 x29:0xc6e23000
       10435000	      1042	00000000	00000013	addi	x0,x0,0	  x0:0x00000000
       10445000	      1043	8000163c	00000013	addi	x0,x0,0	  x0:0x00000000
       10455000	      1044	80001640	fe3d3713	sltiu	x14,x26,-29	 x26:0x56e6d00c x14=0x00000001
       10465000	      1045	80001644	05925063	bge	x4,x25,80001684	  x4:0x80009f60 x25:0x00000001
       10475000	      1046	80001648	0189d663	bge	x19,x24,80001654	 x19:0xfffffcff x24:0x00005b91
       10485000	      1047	8000164c	0011c033	xor	x0,x3,x1	  x3:0xfff89000  x1:0x000000ab
       10495000	      1048	80001650	00a2f6b3	and	x13,x5,x10	  x5:0xbd65e4a0 x10:0x00005819 x13=0x00004000
       10505000	      1049	80001654	ad912013	slti	x0,x2,-1319	  x2:0x00000001
       10515000	      1050	80001658	04daf063	bgeu	x21,x13,80001698	 x21:0xfffff380 x13:0x00004000
       10525000	      1051	00000000	00000013	addi	x0,x0,0	  x0:0x00000000
       10535000	      1052	80001694	00000013	addi	x0,x0,0	  x0:0x00000000
       10545000	      1053	80001698	046b7263	bgeu	x22,x6,800016dc	 x22:0x00000001  x6:0x56e6d48c
       10555000	      1054	8000169c	023a6c63	bltu	x20,x3,800016d4	 x20:0x00000001  x3:0xfff89000
       10565000	      1055	00000000	00000013	addi	x0,x0,0	  x0:0x00000000
       10575000	      1056	800016d0	00000013	addi	x0,x0,0	  x0:0x00000000
       10585000	      1057	800016d4	00add313	srli	x6,x27,0xa	 x27:0x80009fc4  x6=0x00200027
       10595000	      1058	800016d8	011ad9b3	srl	x19,x21,x17	 x21:0xfffff380 x17:0x80008b88 x19=0x00fffff3
       10605000	      1059	800016dc	00000013	addi	x0,x0,0	  x0:0x00000000
       10615000	      1060	800016e0	40d73797	auipc	x15,0x40d73	 x15=0xc0d746dc
       10625000	      1061	800016e4	03299c63	bne	x19,x18,8000171c	 x19:0x00fffff3 x18:0xffffff89
       10635000	      1062	00000000	00000013	addi	x0,x0,0	  x0:0x00000000
       10645000	      1063	80001718	00000013	addi	x0,x0,0	  x0:0x00000000
       10655000	      1064	8000171c	01c98263	beq	x19,x28,80001720	 x19:0x00fffff3 x28:0x000000a1
       10665000	      1065	80001720	00cc5cb3	srl	x25,x24,x12	 x24:0x00005b91 x12:0x00000308 x25=0x0000005b
       10675000	      1066	80001724	00725d33	srl	x26,x4,x7	  x4:0x80009f60  x7:0xfffff806 x26=0x0200027d
       10685000	      1067	80001728	0368ca63	blt	x17,x22,8000175c	 x17:0x80008b88 x22:0x00000001
       10695000	      1068	00000000	00000013	addi	x0,x0,0	  x0:0x00000000
       10705000	      1069	80001758	00000013	addi	x0,x0,0	  x0:0x00000000
       10715000	      1070	8000175c	01d2e2b3	or	x5,x5,x29	  x5:0xbd65e4a0 x29:0xc6e23000  x5=0xffe7f4a0
       10725000	      1071	80001760	41235713	srai	x14,x6,0x12	  x6:0x00200027 x14=0x00000008
       10735000	      1072	80001764	b8f4ce13	xori	x28,x9,-1137	  x9:0xb11e1932 x28=0x4ee1e2bd
       10745000	      1073	80001768	017dd6b3	srl	x13,x27,x23	 x27:0x80009fc4 x23:0x55e24484 x13=0x080009fc
       10755000	      1074	8000176c	00cfc2b3	xor	x5,x31,x12	 x31:0x9f0de000 x12:0x00000308  x5=0x9f0de308
       10765000	      1075	80001770	403705b3	sub	x11,x14,x3	 x14:0x00000008  x3:0xfff89000 x11=0x00077008
       10775000	      1076	80001774	1100cb93	xori	x23,x1,272	  x1:0x000000ab x23=0x000001bb
       10785000	      1077	80001778	05594863	blt	x18,x21,800017c8	 x18:0xffffff89 x21:0xfffff380
       10795000	      1078	8000177c	008e7663	bgeu	x28,x8,80001788	 x28:0x4ee1e2bd  x8:0xffffff9c
       10805000	      1079	80001780	df6f8113	addi	x2,x31,-522	 x31:0x9f0de000  x2=0x9f0dddf6
       10815000	      1080	80001784	83abac13	slti	x24,x23,-1990	 x23:0x000001bb x24=0x00000000
       10825000	      1081	80001788	04c3e063	bltu	x7,x12,800017c8	  x7:0xfffff806 x12:0x00000308
       10835000	      1082	8000178c	011bd863	bge	x23,x17,8000179c	 x23:0x000001bb x17:0x80008b88
       10845000	      1083	00000000	00000013	addi	x0,x0,0	  x0:0x00000000
       10855000	      1084	80001798	00000013	addi	x0,x0,0	  x0:0x00000000
       10865000	      1085	8000179c	e09ffa93	andi	x21,x31,-503	 x31:0x9f0de000 x21=0x9f0de000
       10875000	      1086	800017a0	01a1bf33	sltu	x30,x3,x26	  x3:0xfff89000 x26:0x0200027d x30=0x00000000
       10885000	      1087	800017a4	001981b3	add	x3,x19,x1	 x19:0x00fffff3  x1:0x000000ab  x3=0x0100009e
       10895000	      1088	800017a8	019011b3	sll	x3,x0,x25	  x0:0x00000000 x25:0x0000005b  x3=0x00000000
       10905000	      1089	800017ac	01d89eb3	sll	x29,x17,x29	 x17:0x80008b88 x29:0xc6e23000 x29=0x80008b88
       10915000	      1090	800017b0	41f55013	srai	x0,x10,0x1f	 x10:0x00005819
       10925000	      1091	800017b4	01ece7b3	or	x15,x25,x30	 x25:0x0000005b x30:0x00000000 x15=0x0000005b
       10935000	      1092	800017b8	005d6fb3	or	x31,x26,x5	 x26:0x0200027d  x5:0x9f0de308 x31=0x9f0de37d
       10945000	      1093	800017bc	01ca9b13	slli	x22,x21,0x1c	 x21:0x9f0de000 x22=0x00000000
       10955000	      1094	800017c0	01db1913	slli	x18,x22,0x1d	 x22:0x00000000 x18=0x00000000
       10965000	      1095	800017c4	00ab26b3	slt	x13,x22,x10	 x22:0x00000000 x10:0x00005819 x13=0x00000001
       10975000	      1096	800017c8	015f47b3	xor	x15,x30,x21	 x30:0x00000000 x21:0x9f0de000 x15=0x9f0de000
       10985000	      1097	800017cc	05eb3637	lui	x12,0x5eb3	 x12=0x05eb3000
       10995000	      1098	800017d0	41b089b3	sub	x19,x1,x27	  x1:0x000000ab x27:0x80009fc4 x19=0x7fff60e7
       11005000	      1099	800017d4	9bf80793	addi	x15,x16,-1601	 x16:0xb11e1932 x15=0xb11e12f1
       11015000	      1100	800017d8	01152633	slt	x12,x10,x17	 x10:0x00005819 x17:0x80008b88 x12=0x00000000
       11025000	      1101	800017dc	004b7e63	bgeu	x22,x4,800017f8	 x22:0x00000000  x4:0x80009f60
       11035000	      1102	800017e0	40388e33	sub	x28,x17,x3	 x17:0x80008b88  x3:0x00000000 x28=0x80008b88
       11045000	      1103	800017e4	6ba83337	lui	x6,0x6ba83	  x6=0x6ba83000
       11055000	      1104	800017e8	5cb67593	andi	x11,x12,1483	 x12:0x00000000 x11=0x00000000
       11065000	      1105	800017ec	031a4663	blt	x20,x17,80001818	 x20:0x00000001 x17:0x80008b88
       11075000	      1106	800017f0	0089df13	srli	x30,x19,0x8	 x19:0x7fff60e7 x30=0x007fff60
       11085000	      1107	800017f4	6d0f4e93	xori	x29,x30,1744	 x30:0x007fff60 x29=0x007ff9b0
       11095000	      1108	800017f8	03619263	bne	x3,x22,8000181c	  x3:0x00000000 x22:0x00000000
       11105000	      1109	800017fc	02121a63	bne	x4,x1,80001830	  x4:0x80009f60  x1:0x000000ab
       11115000	      1110	00000000	00000013	addi	x0,x0,0	  x0:0x00000000
       11125000	      1111	8000182c	00000013	addi	x0,x0,0	  x0:0x00000000
       11135000	      1112	80001830	01ea9593	slli	x11,x21,0x1e	 x21:0x9f0de000 x11=0x00000000
       11145000	      1113	80001834	029b1c63	bne	x22,x9,8000186c	 x22:0x00000000  x9:0xb11e1932
       11155000	      1114	00000000	00000013	addi	x0,x0,0	  x0:0x00000000
       11165000	      1115	80001868	00000013	addi	x0,x0,0	  x0:0x00000000
       11175000	      1116	8000186c	41a15093	srai	x1,x2,0x1a	  x2:0x9f0dddf6  x1=0xffffffe7
       11185000	      1117	80001870	00131313	slli	x6,x6,0x1	  x6:0x6ba83000  x6=0xd7506000
       11195000	      1118	80001874	03c11863	bne	x2,x28,800018a4	  x2:0x9f0dddf6 x28:0x80008b88
       11205000	      1119	00000000	00000013	addi	x0,x0,0	  x0:0x00000000
       11215000	      1120	800018a0	00000013	addi	x0,x0,0	  x0:0x00000000
       11225000	      1121	800018a4	43509617	auipc	x12,0x43509	 x12=0xc350a8a0
       11235000	      1122	800018a8	d93dfe13	andi	x28,x27,-621	 x27:0x80009fc4 x28=0x80009d80
       11245000	      1123	800018ac	00b1ec33	or	x24,x3,x11	  x3:0x00000000 x11:0x00000000 x24=0x00000000
       11255000	      1124	800018b0	4025d613	srai	x12,x11,0x2	 x11:0x00000000 x12=0x00000000
       11265000	      1125	800018b4	00b3ff33	and	x30,x7,x11	  x7:0xfffff806 x11:0x00000000 x30=0x00000000
       11275000	      1126	800018b8	0131de33	srl	x28,x3,x19	  x3:0x00000000 x19:0x7fff60e7 x28=0x00000000
       11285000	      1127	800018bc	db7bca93	xori	x21,x23,-585	 x23:0x000001bb x21=0xfffffc0c
       11295000	      1128	800018c0	006de463	bltu	x27,x6,800018c8	 x27:0x80009fc4  x6:0xd7506000
       11305000	      1129	00000000	00000013	addi	x0,x0,0	  x0:0x00000000
       11315000	      1130	800018c4	00000013	addi	x0,x0,0	  x0:0x00000000
       11325000	      1131	800018c8	d0878413	addi	x8,x15,-760	 x15:0xb11e12f1  x8=0xb11e0ff9
       11335000	      1132	800018cc	014802b3	add	x5,x16,x20	 x16:0xb11e1932 x20:0x00000001  x5=0xb11e1933
       11345000	      1133	800018d0	003069b3	or	x19,x0,x3	  x0:0x00000000  x3:0x00000000 x19=0x00000000
       11355000	      1134	800018d4	018b0493	addi	x9,x22,24	 x22:0x00000000  x9=0x00000018
       11365000	      1135	800018d8	d84a2093	slti	x1,x20,-636	 x20:0x00000001  x1=0x00000000
       11375000	      1136	800018dc	016e8663	beq	x29,x22,800018e8	 x29:0x007ff9b0 x22:0x00000000
       11385000	      1137	800018e0	003463b3	or	x7,x8,x3	  x8:0xb11e0ff9  x3:0x00000000  x7=0xb11e0ff9
       11395000	      1138	800018e4	00000013	addi	x0,x0,0	  x0:0x00000000
       11405000	      1139	800018e8	414fdc33	sra	x24,x31,x20	 x31:0x9f0de37d x20:0x00000001 x24=0xcf86f1be
       11415000	      1140	800018ec	0180c0b3	xor	x1,x1,x24	  x1:0x00000000 x24:0xcf86f1be  x1=0xcf86f1be
       11425000	      1141	800018f0	015e1cb3	sll	x25,x28,x21	 x28:0x00000000 x21:0xfffffc0c x25=0x00000000
       11435000	      1142	800018f4	0056bcb3	sltu	x25,x13,x5	 x13:0x00000001  x5:0xb11e1933 x25=0x00000001
       11445000	      1143	800018f8	0b987063	bgeu	x16,x25,80001998	 x16:0xb11e1932 x25:0x00000001
       11455000	      1144	00000000	00000013	addi	x0,x0,0	  x0:0x00000000
       11465000	      1145	80001994	00000013	addi	x0,x0,0	  x0:0x00000000
       11475000	      1146	80001998	b9666637	lui	x12,0xb9666	 x12=0xb9666000
       11485000	      1147	8000199c	018014b3	sll	x9,x0,x24	  x0:0x00000000 x24:0xcf86f1be  x9=0x00000000
       11495000	      1148	800019a0	00422c03	lw	x24,4(x4)	  x4:0x80009f60 x24=0x80000a78 PA:0x80009f64
       11505000	      1149	800019a4	003613b3	sll	x7,x12,x3	 x12:0xb9666000  x3:0x00000000  x7=0xb9666000
       11515000	      1150	800019a8	0197e433	or	x8,x15,x25	 x15:0xb11e12f1 x25:0x00000001  x8=0xb11e12f1
       11525000	      1151	800019ac	02420213	addi	x4,x4,36	  x4:0x80009f60  x4=0x80009f84
       11535000	      1152	800019b0	01449093	slli	x1,x9,0x14	  x9:0x00000000  x1=0x00000000
       11545000	      1153	800019b4	001c0613	addi	x12,x24,1	 x24:0x80000a78 x12=0x80000a79
       11555000	      1154	800019b8	00060667	jalr	x12,x12,0	 x12:0x80000a79 x12=0x800019b8
       11565000	      1155	00000000	00000013	addi	x0,x0,0	  x0:0x00000000
       11575000	      1156	80000a78	00000013	addi	x0,x0,0	  x0:0x00000000
       11585000	      1157	80000a7c	03808663	beq	x1,x24,80000aa8	  x1:0x00000000 x24:0x80000a78
       11595000	      1158	80000a80	010afa33	and	x20,x21,x16	 x21:0xfffffc0c x16:0xb11e1932 x20=0xb11e1800
       11605000	      1159	80000a84	0048a633	slt	x12,x17,x4	 x17:0x80008b88  x4:0x80009f84 x12=0x00000001
       11615000	      1160	80000a88	04bc8063	beq	x25,x11,80000ac8	 x25:0x00000001 x11:0x00000000
       11625000	      1161	80000a8c	cc6b7613	andi	x12,x22,-826	 x22:0x00000000 x12=0x00000000
       11635000	      1162	80000a90	017dfeb3	and	x29,x27,x23	 x27:0x80009fc4 x23:0x000001bb x29=0x00000180
       11645000	      1163	80000a94	0161b633	sltu	x12,x3,x22	  x3:0x00000000 x22:0x00000000 x12=0x00000000
       11655000	      1164	80000a98	00991333	sll	x6,x18,x9	 x18:0x00000000  x9:0x00000000  x6=0x00000000
       11665000	      1165	80000a9c	01b57c33	and	x24,x10,x27	 x10:0x00005819 x27:0x80009fc4 x24=0x00001800
       11675000	      1166	80000aa0	49f41d37	lui	x26,0x49f41	 x26=0x49f41000
       11685000	      1167	80000aa4	014d7a33	and	x20,x26,x20	 x26:0x49f41000 x20:0xb11e1800 x20=0x01141000
       11695000	      1168	80000aa8	030bc063	blt	x23,x16,80000ac8	 x23:0x000001bb x16:0xb11e1932
       11705000	      1169	80000aac	40795fb3	sra	x31,x18,x7	 x18:0x00000000  x7:0xb9666000 x31=0x00000000
       11715000	      1170	80000ab0	016396b3	sll	x13,x7,x22	  x7:0xb9666000 x22:0x00000000 x13=0xb9666000
       11725000	      1171	80000ab4	8814e193	ori	x3,x9,-1919	  x9:0x00000000  x3=0xfffff881
       11735000	      1172	80000ab8	0fb72e13	slti	x28,x14,251	 x14:0x00000008 x28=0x00000001
       11745000	      1173	80000abc	01e64a63	blt	x12,x30,80000ad0	 x12:0x00000000 x30:0x00000000
       11755000	      1174	80000ac0	005b4a33	xor	x20,x22,x5	 x22:0x00000000  x5:0xb11e1933 x20=0xb11e1933
       11765000	      1175	80000ac4	03ef8a63	beq	x31,x30,80000af8	 x31:0x00000000 x30:0x00000000
       11775000	      1176	00000000	00000013	addi	x0,x0,0	  x0:0x00000000
       11785000	      1177	80000af4	00000013	addi	x0,x0,0	  x0:0x00000000
       11795000	      1178	80000af8	01cf3333	sltu	x6,x30,x28	 x30:0x00000000 x28:0x00000001  x6=0x00000001
       11805000	      1179	80000afc	00175863	bge	x14,x1,80000b0c	 x14:0x00000008  x1:0x00000000
       11815000	      1180	00000000	00000013	addi	x0,x0,0	  x0:0x00000000
       11825000	      1181	80000b08	00000013	addi	x0,x0,0	  x0:0x00000000
       11835000	      1182	80000b0c	0102dc93	srli	x25,x5,0x10	  x5:0xb11e1933 x25=0x0000b11e
       11845000	      1183	80000b10	05124463	blt	x4,x17,80000b58	  x4:0x80009f84 x17:0x80008b88
       11855000	      1184	80000b14	01481013	slli	x0,x16,0x14	 x16:0xb11e1932
       11865000	      1185	80000b18	00000013	addi	x0,x0,0	  x0:0x00000000
       11875000	      1186	80000b1c	03d9f863	bgeu	x19,x29,80000b4c	 x19:0x00000000 x29:0x00000180
       11885000	      1187	80000b20	a14f0e13	addi	x28,x30,-1516	 x30:0x00000000 x28=0xfffffa14
       11895000	      1188	80000b24	01e6fab3	and	x21,x13,x30	 x13:0xb9666000 x30:0x00000000 x21=0x00000000
       11905000	      1189	80000b28	105baf13	slti	x30,x23,261	 x23:0x000001bb x30=0x00000000
       11915000	      1190	80000b2c	40c855b3	sra	x11,x16,x12	 x16:0xb11e1932 x12:0x00000000 x11=0xb11e1932
       11925000	      1191	80000b30	0133d493	srli	x9,x7,0x13	  x7:0xb9666000  x9=0x0000172c
       11935000	      1192	80000b34	003de293	ori	x5,x27,3	 x27:0x80009fc4  x5=0x80009fc7
       11945000	      1193	80000b38	02046463	bltu	x8,x0,80000b60	  x8:0xb11e12f1  x0:0x00000000
       11955000	      1194	80000b3c	00679533	sll	x10,x15,x6	 x15:0xb11e12f1  x6:0x00000001 x10=0x623c25e2
       11965000	      1195	80000b40	01afc633	xor	x12,x31,x26	 x31:0x00000000 x26:0x49f41000 x12=0x49f41000
       11975000	      1196	80000b44	0181dfb3	srl	x31,x3,x24	  x3:0xfffff881 x24:0x00001800 x31=0xfffff881
       11985000	      1197	80000b48	fcefbd13	sltiu	x26,x31,-50	 x31:0xfffff881 x26=0x00000001
       11995000	      1198	80000b4c	7ed90c93	addi	x25,x18,2029	 x18:0x00000000 x25=0x000007ed
       12005000	      1199	80000b50	4058db93	srai	x23,x17,0x5	 x17:0x80008b88 x23=0xfc00045c
       12015000	      1200	80000b54	baf32793	slti	x15,x6,-1105	  x6:0x00000001 x15=0x00000000
       12025000	      1201	80000b58	0208ea63	bltu	x17,x0,80000b8c	 x17:0x80008b88  x0:0x00000000
       12035000	      1202	80000b5c	4038d533	sra	x10,x17,x3	 x17:0x80008b88  x3:0xfffff881 x10=0xc00045c4
       12045000	      1203	80000b60	b89aa793	slti	x15,x21,-1143	 x21:0x00000000 x15=0x00000000
       12055000	      1204	80000b64	c6c76293	ori	x5,x14,-916	 x14:0x00000008  x5=0xfffffc6c
       12065000	      1205	80000b68	0315d263	bge	x11,x17,80000b8c	 x11:0xb11e1932 x17:0x80008b88
       12075000	      1206	00000000	00000013	addi	x0,x0,0	  x0:0x00000000
       12085000	      1207	80000b88	00000013	addi	x0,x0,0	  x0:0x00000000
       12095000	      1208	80000b8c	011f9393	slli	x7,x31,0x11	 x31:0xfffff881  x7=0xf1020000
       12105000	      1209	80000b90	1f978293	addi	x5,x15,505	 x15:0x00000000  x5=0x000001f9
       12115000	      1210	80000b94	00903ab3	sltu	x21,x0,x9	  x0:0x00000000  x9:0x0000172c x21=0x00000001
       12125000	      1211	80000b98	042c9063	bne	x25,x2,80000bd8	 x25:0x000007ed  x2:0x9f0dddf6
       12135000	      1212	00000000	00000013	addi	x0,x0,0	  x0:0x00000000
       12145000	      1213	80000bd4	00000013	addi	x0,x0,0	  x0:0x00000000
       12155000	      1214	80000bd8	00f1ae33	slt	x28,x3,x15	  x3:0xfffff881 x15:0x00000000 x28=0x00000001
       12165000	      1215	80000bdc	41cbd113	srai	x2,x23,0x1c	 x23:0xfc00045c  x2=0xffffffff
       12175000	      1216	80000be0	003be463	bltu	x23,x3,80000be8	 x23:0xfc00045c  x3:0xfffff881
       12185000	      1217	00000000	00000013	addi	x0,x0,0	  x0:0x00000000
       12195000	      1218	80000be4	00000013	addi	x0,x0,0	  x0:0x00000000
       12205000	      1219	80000be8	a7824013	xori	x0,x4,-1416	  x4:0x80009f84
       12215000	      1220	80000bec	404c5e93	srai	x29,x24,0x4	 x24:0x00001800 x29=0x00000180
       12225000	      1221	80000bf0	01fb4333	xor	x6,x22,x31	 x22:0x00000000 x31:0xfffff881  x6=0xfffff881
       12235000	      1222	80000bf4	88d3f993	andi	x19,x7,-1907	  x7:0xf1020000 x19=0xf1020000
       12245000	      1223	80000bf8	01671713	slli	x14,x14,0x16	 x14:0x00000008 x14=0x02000000
       12255000	      1224	80000bfc	82cfec93	ori	x25,x31,-2004	 x31:0xfffff881 x25=0xfffff8ad
       12265000	      1225	80000c00	05de4863	blt	x28,x29,80000c50	 x28:0x00000001 x29:0x00000180
       12275000	      1226	00000000	00000013	addi	x0,x0,0	  x0:0x00000000
       12285000	      1227	80000c4c	00000013	addi	x0,x0,0	  x0:0x00000000
       12295000	      1228	80000c50	07c17463	bgeu	x2,x28,80000cb8	  x2:0xffffffff x28:0x00000001
       12305000	      1229	00000000	00000013	addi	x0,x0,0	  x0:0x00000000
       12315000	      1230	80000cb4	00000013	addi	x0,x0,0	  x0:0x00000000
       12325000	      1231	80000cb8	c8cd8e93	addi	x29,x27,-884	 x27:0x80009fc4 x29=0x80009c50
       12335000	      1232	80000cbc	1ea5a913	slti	x18,x11,490	 x11:0xb11e1932 x18=0x00000001
       12345000	      1233	80000cc0	a0fc4897	auipc	x17,0xa0fc4	 x17=0x20fc4cbc
       12355000	      1234	80000cc4	01665313	srli	x6,x12,0x16	 x12:0x49f41000  x6=0x00000127
       12365000	      1235	80000cc8	01121fb3	sll	x31,x4,x17	  x4:0x80009f84 x17:0x20fc4cbc x31=0x40000000
       12375000	      1236	80000ccc	40425413	srai	x8,x4,0x4	  x4:0x80009f84  x8=0xf80009f8
       12385000	      1237	80000cd0	013322b3	slt	x5,x6,x19	  x6:0x00000127 x19:0xf1020000  x5=0x00000000
       12395000	      1238	80000cd4	845b8c13	addi	x24,x23,-1979	 x23:0xfc00045c x24=0xfbfffca1
       12405000	      1239	80000cd8	40b259b3	sra	x19,x4,x11	  x4:0x80009f84 x11:0xb11e1932 x19=0xffffe000
       12415000	      1240	80000cdc	01072eb3	slt	x29,x14,x16	 x14:0x02000000 x16:0xb11e1932 x29=0x00000000
       12425000	      1241	80000ce0	01f89f33	sll	x30,x17,x31	 x17:0x20fc4cbc x31:0x40000000 x30=0x20fc4cbc
       12435000	      1242	80000ce4	d2d9cf37	lui	x30,0xd2d9c	 x30=0xd2d9c000
       12445000	      1243	80000ce8	a6a5c013	xori	x0,x11,-1430	 x11:0xb11e1932
       12455000	      1244	80000cec	df3f2c17	auipc	x24,0xdf3f2	 x24=0x5f3f2ce8
       12465000	      1245	80000cf0	016a3b33	sltu	x22,x20,x22	 x20:0xb11e1933 x22:0x00000000 x22=0x00000000
       12475000	      1246	80000cf4	023ffe63	bgeu	x31,x3,80000d30	 x31:0x40000000  x3:0xfffff881
       12485000	      1247	80000cf8	001893b3	sll	x7,x17,x1	 x17:0x20fc4cbc  x1:0x00000000  x7=0x20fc4cbc
       12495000	      1248	80000cfc	b6bb15b7	lui	x11,0xb6bb1	 x11=0xb6bb1000
       12505000	      1249	80000d00	96872993	slti	x19,x14,-1688	 x14:0x02000000 x19=0x00000000
       12515000	      1250	80000d04	a847ac97	auipc	x25,0xa847a	 x25=0x2847ad00
       12525000	      1251	80000d08	00b4b8b3	sltu	x17,x9,x11	  x9:0x0000172c x11:0xb6bb1000 x17=0x00000001
       12535000	      1252	80000d0c	0090d613	srli	x12,x1,0x9	  x1:0x00000000 x12=0x00000000
       12545000	      1253	80000d10	0038d033	srl	x0,x17,x3	 x17:0x00000001  x3:0xfffff881
       12555000	      1254	80000d14	408c5933	sra	x18,x24,x8	 x24:0x5f3f2ce8  x8:0xf80009f8 x18=0x0000005f
       12565000	      1255	80000d18	40f450b3	sra	x1,x8,x15	  x8:0xf80009f8 x15:0x00000000  x1=0xf80009f8
       12575000	      1256	80000d1c	011e4333	xor	x6,x28,x17	 x28:0x00000001 x17:0x00000001  x6=0x00000000
       12585000	      1257	80000d20	ae76b097	auipc	x1,0xae76b	  x1=0x2e76bd1c
       12595000	      1258	80000d24	0585c863	blt	x11,x24,80000d74	 x11:0xb6bb1000 x24:0x5f3f2ce8
       12605000	      1259	00000000	00000013	addi	x0,x0,0	  x0:0x00000000
       12615000	      1260	80000d70	00000013	addi	x0,x0,0	  x0:0x00000000
       12625000	      1261	80000d74	48d26a93	ori	x21,x4,1165	  x4:0x80009f84 x21=0x80009f8d
       12635000	      1262	80000d78	39b33297	auipc	x5,0x39b33	  x5=0xb9b33d74
       12645000	      1263	80000d7c	0269de63	bge	x19,x6,80000db8	 x19:0x00000000  x6:0x00000000
       12655000	      1264	00000000	00000013	addi	x0,x0,0	  x0:0x00000000
       12665000	      1265	80000db4	00000013	addi	x0,x0,0	  x0:0x00000000
       12675000	      1266	80000db8	1ca66193	ori	x3,x12,458	 x12:0x00000000  x3=0x000001ca
       12685000	      1267	80000dbc	001abab3	sltu	x21,x21,x1	 x21:0x80009f8d  x1:0x2e76bd1c x21=0x00000000
       12695000	      1268	80000dc0	00eee663	bltu	x29,x14,80000dcc	 x29:0x00000000 x14:0x02000000
       12705000	      1269	00000000	00000013	addi	x0,x0,0	  x0:0x00000000
       12715000	      1270	80000dc8	00000013	addi	x0,x0,0	  x0:0x00000000
       12725000	      1271	80000dcc	403c89b3	sub	x19,x25,x3	 x25:0x2847ad00  x3:0x000001ca x19=0x2847ab36
       12735000	      1272	80000dd0	00008317	auipc	x6,0x8	  x6=0x80008dcc
       12745000	      1273	80000dd4	ec030313	addi	x6,x6,-320	  x6:0x80008dcc  x6=0x80008c8c
       12755000	      1274	80000dd8	0bf309a3	sb	x31,179(x6)	  x6:0x80008c8c x31:0x40000000 PA:0x80008d3f
       12765000	      1275	80000ddc	f5c31b23	sh	x28,-170(x6)	  x6:0x80008c8c x28:0x00000001 PA:0x80008be2
       12775000	      1276	80000de0	ffb302a3	sb	x27,-27(x6)	  x6:0x80008c8c x27:0x80009fc4 PA:0x80008c71
       12785000	      1277	80000de4	d7730903	lb	x18,-649(x6)	  x6:0x80008c8c x18=0xffffffe8 PA:0x80008a03
       12795000	      1278	80000de8	41035b33	sra	x22,x6,x16	  x6:0x80008c8c x16:0xb11e1932 x22=0xffffe000
       12805000	      1279	80000dec	00d9bbb3	sltu	x23,x19,x13	 x19:0x2847ab36 x13:0xb9666000 x23=0x00000001
       12815000	      1280	80000df0	ea730c03	lb	x24,-345(x6)	  x6:0x80008c8c x24=0x00000018 PA:0x80008b33
       12825000	      1281	80000df4	61600513	addi	x10,x0,1558	  x0:0x00000000 x10=0x00000616
       12835000	      1282	80000df8	cc530d03	lb	x26,-827(x6)	  x6:0x80008c8c x26=0x0000003a PA:0x80008951
       12845000	      1283	80000dfc	00000013	addi	x0,x0,0	  x0:0x00000000
       12855000	      1284	80000e00	c8930e23	sb	x9,-868(x6)	  x6:0x80008c8c  x9:0x0000172c PA:0x80008928
       12865000	      1285	80000e04	b9131b23	sh	x17,-1130(x6)	  x6:0x80008c8c x17:0x00000001 PA:0x80008822
       12875000	      1286	80000e08	00d53cb3	sltu	x25,x10,x13	 x10:0x00000616 x13:0xb9666000 x25=0x00000001
       12885000	      1287	80000e0c	419354b3	sra	x9,x6,x25	  x6:0x80008c8c x25:0x00000001  x9=0xc0004646
       12895000	      1288	80000e10	cda34e03	lbu	x28,-806(x6)	  x6:0x80008c8c x28=0x0000004d PA:0x80008966
       12905000	      1289	80000e14	63da9997	auipc	x19,0x63da9	 x19=0xe3da9e10
       12915000	      1290	80000e18	df931d23	sh	x25,-518(x6)	  x6:0x80008c8c x25:0x00000001 PA:0x80008a86
       12925000	      1291	80000e1c	07230b83	lb	x23,114(x6)	  x6:0x80008c8c x23=0xffffffe5 PA:0x80008cfe
       12935000	      1292	80000e20	cf331823	sh	x19,-784(x6)	  x6:0x80008c8c x19:0xe3da9e10 PA:0x8000897c
       12945000	      1293	80000e24	afc05f17	auipc	x30,0xafc05	 x30=0x2fc05e20
       12955000	      1294	80000e28	f64308a3	sb	x4,-143(x6)	  x6:0x80008c8c  x4:0x80009f84 PA:0x80008bfd
       12965000	      1295	80000e2c	f7434f03	lbu	x30,-140(x6)	  x6:0x80008c8c x30=0x000000eb PA:0x80008c00
       12975000	      1296	80000e30	011ff4b3	and	x9,x31,x17	 x31:0x40000000 x17:0x00000001  x9=0x00000000
       12985000	      1297	80000e34	e5534b03	lbu	x22,-427(x6)	  x6:0x80008c8c x22=0x000000ca PA:0x80008ae1
       12995000	      1298	80000e38	04a30ea3	sb	x10,93(x6)	  x6:0x80008c8c x10:0x00000616 PA:0x80008ce9
       13005000	      1299	80000e3c	eba35583	lhu	x11,-326(x6)	  x6:0x80008c8c x11=0x00002c2d PA:0x80008b46
       13015000	      1300	80000e40	19534883	lbu	x17,405(x6)	  x6:0x80008c8c x17=0x0000000a PA:0x80008e21
       13025000	      1301	80000e44	ecc32f83	lw	x31,-308(x6)	  x6:0x80008c8c x31=0x40414243 PA:0x80008b58
       13035000	      1302	80000e48	1ec34c83	lbu	x25,492(x6)	  x6:0x80008c8c x25=0x00000063 PA:0x80008e78
       13045000	      1303	80000e4c	22c30ca3	sb	x12,569(x6)	  x6:0x80008c8c x12:0x00000000 PA:0x80008ec5
       13055000	      1304	80000e50	41d0d493	srai	x9,x1,0x1d	  x1:0x2e76bd1c  x9=0x00000001
       13065000	      1305	80000e54	00730383	lb	x7,7(x6)	  x6:0x80008c8c  x7=0x00000078 PA:0x80008c93
       13075000	      1306	80000e58	2d130d03	lb	x26,721(x6)	  x6:0x80008c8c x26=0x00000046 PA:0x80008f5d
       13085000	      1307	80000e5c	d6530123	sb	x5,-670(x6)	  x6:0x80008c8c  x5:0xb9b33d74 PA:0x800089ee
       13095000	      1308	80000e60	dec32e03	lw	x28,-532(x6)	  x6:0x80008c8c x28=0x60616263 PA:0x80008a78
       13105000	      1309	80000e64	295300a3	sb	x21,641(x6)	  x6:0x80008c8c x21:0x00000000 PA:0x80008f0d
       13115000	      1310	80000e68	06130903	lb	x18,97(x6)	  x6:0x80008c8c x18=0xffffffd6 PA:0x80008ced
       13125000	      1311	80000e6c	33d30283	lb	x5,829(x6)	  x6:0x80008c8c  x5=0xffffffb2 PA:0x80008fc9
       13135000	      1312	80000e70	5acd7293	andi	x5,x26,1452	 x26:0x00000046  x5=0x00000004
       13145000	      1313	80000e74	f79301a3	sb	x25,-157(x6)	  x6:0x80008c8c x25:0x00000063 PA:0x80008bef
       13155000	      1314	80000e78	d6534483	lbu	x9,-667(x6)	  x6:0x80008c8c  x9=0x000000da PA:0x800089f1
       13165000	      1315	80000e7c	e91eef93	ori	x31,x29,-367	 x29:0x00000000 x31=0xfffffe91
       13175000	      1316	80000e80	7d193413	sltiu	x8,x18,2001	 x18:0xffffffd6  x8=0x00000000
       13185000	      1317	80000e84	00ffd9b3	srl	x19,x31,x15	 x31:0xfffffe91 x15:0x00000000 x19=0xfffffe91
       13195000	      1318	80000e88	016c0663	beq	x24,x22,80000e94	 x24:0x00000018 x22:0x000000ca
       13205000	      1319	80000e8c	01ffca63	blt	x31,x31,80000ea0	 x31:0xfffffe91 x31:0xfffffe91
       13215000	      1320	80000e90	efc34593	xori	x11,x6,-260	  x6:0x80008c8c x11=0x7fff7270
       13225000	      1321	80000e94	0151ecb3	or	x25,x3,x21	  x3:0x000001ca x21:0x00000000 x25=0x000001ca
       13235000	      1322	80000e98	92348113	addi	x2,x9,-1757	  x9:0x000000da  x2=0xfffff9fd
       13245000	      1323	80000e9c	5051b537	lui	x10,0x5051b	 x10=0x5051b000
       13255000	      1324	80000ea0	01b44333	xor	x6,x8,x27	  x8:0x00000000 x27:0x80009fc4  x6=0x80009fc4
       13265000	      1325	80000ea4	39d97093	andi	x1,x18,925	 x18:0xffffffd6  x1=0x00000394
       13275000	      1326	80000ea8	a62ac113	xori	x2,x21,-1438	 x21:0x00000000  x2=0xfffffa62
       13285000	      1327	80000eac	bed3e293	ori	x5,x7,-1043	  x7:0x00000078  x5=0xfffffbfd
       13295000	      1328	80000eb0	04420463	beq	x4,x4,80000ef8	  x4:0x80009f84  x4:0x80009f84
       13305000	      1329	00000000	00000013	addi	x0,x0,0	  x0:0x00000000
       13315000	      1330	80000ef4	00000013	addi	x0,x0,0	  x0:0x00000000
       13325000	      1331	80000ef8	03bb7c63	bgeu	x22,x27,80000f30	 x22:0x000000ca x27:0x80009fc4
       13335000	      1332	80000efc	5ea7c493	xori	x9,x15,1514	 x15:0x00000000  x9=0x000005ea
       13345000	      1333	80000f00	00845113	srli	x2,x8,0x8	  x8:0x00000000  x2=0x00000000
       13355000	      1334	80000f04	00eccb33	xor	x22,x25,x14	 x25:0x000001ca x14:0x02000000 x22=0x020001ca
       13365000	      1335	80000f08	8ff559b7	lui	x19,0x8ff55	 x19=0x8ff55000
       13375000	      1336	80000f0c	06629463	bne	x5,x6,80000f74	  x5:0xfffffbfd  x6:0x80009fc4
       13385000	      1337	00000000	00000013	addi	x0,x0,0	  x0:0x00000000
       13395000	      1338	80000f70	00000013	addi	x0,x0,0	  x0:0x00000000
       13405000	      1339	80000f74	007701b3	add	x3,x14,x7	 x14:0x02000000  x7:0x00000078  x3=0x02000078
       13415000	      1340	80000f78	019899b3	sll	x19,x17,x25	 x17:0x0000000a x25:0x000001ca x19=0x00002800
       13425000	      1341	80000f7c	00531493	slli	x9,x6,0x5	  x6:0x80009fc4  x9=0x0013f880
       13435000	      1342	80000f80	027fc063	blt	x31,x7,80000fa0	 x31:0xfffffe91  x7:0x00000078
       13445000	      1343	00000000	00000013	addi	x0,x0,0	  x0:0x00000000
       13455000	      1344	80000f9c	00000013	addi	x0,x0,0	  x0:0x00000000
       13465000	      1345	80000fa0	68b57413	andi	x8,x10,1675	 x10:0x5051b000  x8=0x00000000
       13475000	      1346	80000fa4	406cde93	srai	x29,x25,0x6	 x25:0x000001ca x29=0x00000007
       13485000	      1347	80000fa8	03fef463	bgeu	x29,x31,80000fd0	 x29:0x00000007 x31:0xfffffe91
       13495000	      1348	80000fac	008b6463	bltu	x22,x8,80000fb4	 x22:0x020001ca  x8:0x00000000
       13505000	      1349	80000fb0	051a8863	beq	x21,x17,80001000	 x21:0x00000000 x17:0x0000000a
       13515000	      1350	80000fb4	41e85433	sra	x8,x16,x30	 x16:0xb11e1932 x30:0x000000eb  x8=0xfff623c3
       13525000	      1351	80000fb8	d99cf993	andi	x19,x25,-615	 x25:0x000001ca x19=0x00000188
       13535000	      1352	80000fbc	00bbc4b3	xor	x9,x23,x11	 x23:0xffffffe5 x11:0x7fff7270  x9=0x80008d95
       13545000	      1353	80000fc0	01c66433	or	x8,x12,x28	 x12:0x00000000 x28:0x60616263  x8=0x60616263
       13555000	      1354	80000fc4	01b91f33	sll	x30,x18,x27	 x18:0xffffffd6 x27:0x80009fc4 x30=0xfffffd60
       13565000	      1355	80000fc8	01c77333	and	x6,x14,x28	 x14:0x02000000 x28:0x60616263  x6=0x00000000
       13575000	      1356	80000fcc	00000013	addi	x0,x0,0	  x0:0x00000000
       13585000	      1357	80000fd0	acd8be93	sltiu	x29,x17,-1331	 x17:0x0000000a x29=0x00000001
       13595000	      1358	80000fd4	89d64017	auipc	x0,0x89d64	
       13605000	      1359	80000fd8	00d97863	bgeu	x18,x13,80000fe8	 x18:0xffffffd6 x13:0xb9666000
       13615000	      1360	00000000	00000013	addi	x0,x0,0	  x0:0x00000000
       13625000	      1361	80000fe4	00000013	addi	x0,x0,0	  x0:0x00000000
       13635000	      1362	80000fe8	3a8df493	andi	x9,x27,936	 x27:0x80009fc4  x9=0x00000380
       13645000	      1363	80000fec	68beaf13	slti	x30,x29,1675	 x29:0x00000001 x30=0x00000001
       13655000	      1364	80000ff0	01fbb7b3	sltu	x15,x23,x31	 x23:0xffffffe5 x31:0xfffffe91 x15=0x00000000
       13665000	      1365	80000ff4	469c0f93	addi	x31,x24,1129	 x24:0x00000018 x31=0x00000481
       13675000	      1366	80000ff8	40efde93	srai	x29,x31,0xe	 x31:0x00000481 x29=0x00000000
       13685000	      1367	80000ffc	00000013	addi	x0,x0,0	  x0:0x00000000
       13695000	      1368	80001000	01865433	srl	x8,x12,x24	 x12:0x00000000 x24:0x00000018  x8=0x00000000
       13705000	      1369	80001004	c455f193	andi	x3,x11,-955	 x11:0x7fff7270  x3=0x7fff7040
       13715000	      1370	80001008	0239cc63	blt	x19,x3,80001040	 x19:0x00000188  x3:0x7fff7040
       13725000	      1371	00000000	00000013	addi	x0,x0,0	  x0:0x00000000
       13735000	      1372	8000103c	00000013	addi	x0,x0,0	  x0:0x00000000
       13745000	      1373	80001040	40e901b3	sub	x3,x18,x14	 x18:0xffffffd6 x14:0x02000000  x3=0xfdffffd6
       13755000	      1374	80001044	414ad133	sra	x2,x21,x20	 x21:0x00000000 x20:0xb11e1933  x2=0x00000000
       13765000	      1375	80001048	1a31f013	andi	x0,x3,419	  x3:0xfdffffd6
       13775000	      1376	8000104c	00000013	addi	x0,x0,0	  x0:0x00000000
       13785000	      1377	80001050	b5756113	ori	x2,x10,-1193	 x10:0x5051b000  x2=0xfffffb57
       13795000	      1378	80001054	41e75733	sra	x14,x14,x30	 x14:0x02000000 x30:0x00000001 x14=0x01000000
       13805000	      1379	80001058	01c69cb3	sll	x25,x13,x28	 x13:0xb9666000 x28:0x60616263 x25=0xcb330000
       13815000	      1380	8000105c	008ebb33	sltu	x22,x29,x8	 x29:0x00000000  x8:0x00000000 x22=0x00000000
       13825000	      1381	80001060	014d88b3	add	x17,x27,x20	 x27:0x80009fc4 x20:0xb11e1933 x17=0x311eb8f7
       13835000	      1382	80001064	2229ab13	slti	x22,x19,546	 x19:0x00000188 x22=0x00000001
       13845000	      1383	80001068	00586633	or	x12,x16,x5	 x16:0xb11e1932  x5:0xfffffbfd x12=0xfffffbff
       13855000	      1384	8000106c	00000013	addi	x0,x0,0	  x0:0x00000000
       13865000	      1385	80001070	009c4ab3	xor	x21,x24,x9	 x24:0x00000018  x9:0x00000380 x21=0x00000398
       13875000	      1386	80001074	02341463	bne	x8,x3,8000109c	  x8:0x00000000  x3:0xfdffffd6
       13885000	      1387	00000000	00000013	addi	x0,x0,0	  x0:0x00000000
       13895000	      1388	80001098	00000013	addi	x0,x0,0	  x0:0x00000000
       13905000	      1389	8000109c	7d027893	andi	x17,x4,2000	  x4:0x80009f84 x17=0x00000780
       13915000	      1390	800010a0	0155c333	xor	x6,x11,x21	 x11:0x7fff7270 x21:0x00000398  x6=0x7fff71e8
       13925000	      1391	800010a4	00fcb7b3	sltu	x15,x25,x15	 x25:0xcb330000 x15:0x00000000 x15=0x00000000
       13935000	      1392	800010a8	b704be13	sltiu	x28,x9,-1168	  x9:0x00000380 x28=0x00000001
       13945000	      1393	800010ac	fb300093	addi	x1,x0,-77	  x0:0x00000000  x1=0xffffffb3
       13955000	      1394	800010b0	3068eb13	ori	x22,x17,774	 x17:0x00000780 x22=0x00000786
       13965000	      1395	800010b4	0098cc33	xor	x24,x17,x9	 x17:0x00000780  x9:0x00000380 x24=0x00000400
       13975000	      1396	800010b8	018fcbb3	xor	x23,x31,x24	 x31:0x00000481 x24:0x00000400 x23=0x00000081
       13985000	      1397	800010bc	0c6c6493	ori	x9,x24,198	 x24:0x00000400  x9=0x000004c6
       13995000	      1398	800010c0	4186d513	srai	x10,x13,0x18	 x13:0xb9666000 x10=0xffffffb9
       14005000	      1399	800010c4	008d84b3	add	x9,x27,x8	 x27:0x80009fc4  x8:0x00000000  x9=0x80009fc4
       14015000	      1400	800010c8	00c0d333	srl	x6,x1,x12	  x1:0xffffffb3 x12:0xfffffbff  x6=0x00000001
       14025000	      1401	800010cc	009a1913	slli	x18,x20,0x9	 x20:0xb11e1933 x18=0x3c326600
       14035000	      1402	800010d0	40b7da13	srai	x20,x15,0xb	 x15:0x00000000 x20=0x00000000
       14045000	      1403	800010d4	00eb9893	slli	x17,x23,0xe	 x23:0x00000081 x17=0x00204000
       14055000	      1404	800010d8	84854793	xori	x15,x10,-1976	 x10:0xffffffb9 x15=0x000007f1
       14065000	      1405	800010dc	00d165b3	or	x11,x2,x13	  x2:0xfffffb57 x13:0xb9666000 x11=0xfffffb57
       14075000	      1406	800010e0	01559733	sll	x14,x11,x21	 x11:0xfffffb57 x21:0x00000398 x14=0x57000000
       14085000	      1407	800010e4	1bbd7b93	andi	x23,x26,443	 x26:0x00000046 x23=0x00000002
       14095000	      1408	800010e8	c098c513	xori	x10,x17,-1015	 x17:0x00204000 x10=0xffdfbc09
       14105000	      1409	800010ec	01a74333	xor	x6,x14,x26	 x14:0x57000000 x26:0x00000046  x6=0x57000046
       14115000	      1410	800010f0	01920f93	addi	x31,x4,25	  x4:0x80009f84 x31=0x80009f9d
       14125000	      1411	800010f4	d35faf93	slti	x31,x31,-715	 x31:0x80009f9d x31=0x00000001
       14135000	      1412	800010f8	0ecd8a13	addi	x20,x27,236	 x27:0x80009fc4 x20=0x8000a0b0
       14145000	      1413	800010fc	0840f093	andi	x1,x1,132	  x1:0xffffffb3  x1=0x00000080
       14155000	      1414	80001100	017874b3	and	x9,x16,x23	 x16:0xb11e1932 x23:0x00000002  x9=0x00000002
       14165000	      1415	80001104	01dfb1b3	sltu	x3,x31,x29	 x31:0x00000001 x29:0x00000000  x3=0x00000000
       14175000	      1416	80001108	00bb1933	sll	x18,x22,x11	 x22:0x00000786 x11:0xfffffb57 x18=0xc3000000
       14185000	      1417	8000110c	00598a63	beq	x19,x5,80001120	 x19:0x00000188  x5:0xfffffbfd
       14195000	      1418	80001110	7194aa13	slti	x20,x9,1817	  x9:0x00000002 x20=0x00000001
       14205000	      1419	80001114	031d4e63	blt	x26,x17,80001150	 x26:0x00000046 x17:0x00204000
       14215000	      1420	00000000	00000013	addi	x0,x0,0	  x0:0x00000000
       14225000	      1421	8000114c	00000013	addi	x0,x0,0	  x0:0x00000000
       14235000	      1422	80001150	012faab3	slt	x21,x31,x18	 x31:0x00000001 x18:0xc3000000 x21=0x00000000
       14245000	      1423	80001154	007d3633	sltu	x12,x26,x7	 x26:0x00000046  x7:0x00000078 x12=0x00000001
       14255000	      1424	80001158	0148fbb3	and	x23,x17,x20	 x17:0x00204000 x20:0x00000001 x23=0x00000000
       14265000	      1425	8000115c	412752b3	sra	x5,x14,x18	 x14:0x57000000 x18:0xc3000000  x5=0x57000000
       14275000	      1426	80001160	cd4db693	sltiu	x13,x27,-812	 x27:0x80009fc4 x13=0x00000001
       14285000	      1427	80001164	00447533	and	x10,x8,x4	  x8:0x00000000  x4:0x80009f84 x10=0x00000000
       14295000	      1428	80001168	01fc74b3	and	x9,x24,x31	 x24:0x00000400 x31:0x00000001  x9=0x00000000
       14305000	      1429	8000116c	00d07e33	and	x28,x0,x13	  x0:0x00000000 x13:0x00000001 x28=0x00000000
       14315000	      1430	80001170	00c27733	and	x14,x4,x12	  x4:0x80009f84 x12:0x00000001 x14=0x00000000
       14325000	      1431	80001174	9dd93193	sltiu	x3,x18,-1571	 x18:0xc3000000  x3=0x00000001
       14335000	      1432	80001178	0074d093	srli	x1,x9,0x7	  x9:0x00000000  x1=0x00000000
       14345000	      1433	8000117c	00000817	auipc	x16,0x0	 x16=0x80001178
       14355000	      1434	80001180	00c80813	addi	x16,x16,12	 x16:0x80001178 x16=0x80001184
       14365000	      1435	80001184	00080067	jalr	x0,x16,0	 x16:0x80001184
       14375000	      1436	00000000	00000013	addi	x0,x0,0	  x0:0x00000000
       14385000	      1437	80001184	00000013	addi	x0,x0,0	  x0:0x00000000
       14395000	      1438	80001188	00100193	addi	x3,x0,1	  x0:0x00000000  x3=0x00000001
       14405000	      1439	8000118c	00000073	ecall	
       14415000	      1440	80001190	00e3bcb3	sltu	x25,x7,x14	  x7:0x00000078 x14:0x00000000 x25=0x00000000
