		Time			Cycle	PC		Insn	Decoded instruction	Register and memory contents
          65000	         5	80000004	00000293	addi	x5,x0,0	  x0:0x00000000  x5=0x00000000
          75000	         6	80000008	00000313	addi	x6,x0,0	  x0:0x00000000  x6=0x00000000
          85000	         7	8000000c	00628263	beq	x5,x6,80000010	  x5:0x00000000  x6:0x00000000
          95000	         8	00000000	00000013	addi	x0,x0,0	  x0:0x00000000
         105000	         9	8000000c	00000013	addi	x0,x0,0	  x0:0x00000000
         115000	        10	80000010	00000c97	auipc	x25,0x0	 x25=0x8000000c
         125000	        11	80000014	00cc8c93	addi	x25,x25,12	 x25:0x8000000c x25=0x80000018
         135000	        12	80000018	000c8067	jalr	x0,x25,0	 x25:0x80000018
         145000	        13	00000000	00000013	addi	x0,x0,0	  x0:0x00000000
         155000	        14	80000018	00000013	addi	x0,x0,0	  x0:0x00000000
         165000	        15	8000001c	40000637	lui	x12,0x40000	 x12=0x40000000
         175000	        16	80000020	10060613	addi	x12,x12,256	 x12:0x40000000 x12=0x40000100
         185000	        17	80000024	00000013	addi	x0,x0,0	  x0:0x00000000
         195000	        18	80000028	0000ac17	auipc	x24,0xa	 x24=0x8000a024
         205000	        19	8000002c	fa0c0c13	addi	x24,x24,-96	 x24:0x8000a024 x24=0x80009fc4
         215000	        20	80000030	00002617	auipc	x12,0x2	 x12=0x8000202c
         225000	        21	80000034	c8460613	addi	x12,x12,-892	 x12:0x8000202c x12=0x80001cb0
         235000	        22	80000038	00066613	ori	x12,x12,0	 x12:0x80001cb0 x12=0x80001cb0
         245000	        23	8000003c	00000013	addi	x0,x0,0	  x0:0x00000000
         255000	        24	80000040	00000617	auipc	x12,0x0	 x12=0x8000003c
         265000	        25	80000044	02060613	addi	x12,x12,32	 x12:0x8000003c x12=0x8000005c
         275000	        26	80000048	00000013	addi	x0,x0,0	  x0:0x00000000
         285000	        27	8000004c	00000013	addi	x0,x0,0	  x0:0x00000000
         295000	        28	80000050	00002637	lui	x12,0x2	 x12=0x00002000
         305000	        29	80000054	80060613	addi	x12,x12,-2048	 x12:0x00002000 x12=0x00001800
         315000	        30	80000058	00000013	addi	x0,x0,0	  x0:0x00000000
         325000	        31	8000005c	00000013	addi	x0,x0,0	  x0:0x00000000
         335000	        32	80000060	08a72037	lui	x0,0x8a72	
         345000	        33	80000064	c2200013	addi	x0,x0,-990	  x0:0x00000000
         355000	        34	80000068	00900093	addi	x1,x0,9	  x0:0x00000000  x1=0x00000009
         365000	        35	8000006c	80000137	lui	x2,0x80000	  x2=0x80000000
         375000	        36	80000070	f5c5b1b7	lui	x3,0xf5c5b	  x3=0xf5c5b000
         385000	        37	80000074	07218193	addi	x3,x3,114	  x3:0xf5c5b000  x3=0xf5c5b072
         395000	        38	80000078	0fd91237	lui	x4,0xfd91	  x4=0x0fd91000
         405000	        39	8000007c	fbc20213	addi	x4,x4,-68	  x4:0x0fd91000  x4=0x0fd90fbc
         415000	        40	80000080	5d6e92b7	lui	x5,0x5d6e9	  x5=0x5d6e9000
         425000	        41	80000084	8b528293	addi	x5,x5,-1867	  x5:0x5d6e9000  x5=0x5d6e88b5
         435000	        42	80000088	00800313	addi	x6,x0,8	  x0:0x00000000  x6=0x00000008
         445000	        43	8000008c	00000393	addi	x7,x0,0	  x0:0x00000000  x7=0x00000000
         455000	        44	80000090	00000413	addi	x8,x0,0	  x0:0x00000000  x8=0x00000000
         465000	        45	80000094	00000493	addi	x9,x0,0	  x0:0x00000000  x9=0x00000000
         475000	        46	80000098	00400513	addi	x10,x0,4	  x0:0x00000000 x10=0x00000004
         485000	        47	8000009c	800005b7	lui	x11,0x80000	 x11=0x80000000
         495000	        48	800000a0	8d895637	lui	x12,0x8d895	 x12=0x8d895000
         505000	        49	800000a4	b9d60613	addi	x12,x12,-1123	 x12:0x8d895000 x12=0x8d894b9d
         515000	        50	800000a8	abcda737	lui	x14,0xabcda	 x14=0xabcda000
         525000	        51	800000ac	5b870713	addi	x14,x14,1464	 x14:0xabcda000 x14=0xabcda5b8
         535000	        52	800000b0	f707b7b7	lui	x15,0xf707b	 x15=0xf707b000
         545000	        53	800000b4	fd078793	addi	x15,x15,-48	 x15:0xf707b000 x15=0xf707afd0
         555000	        54	800000b8	f0ad1837	lui	x16,0xf0ad1	 x16=0xf0ad1000
         565000	        55	800000bc	75f80813	addi	x16,x16,1887	 x16:0xf0ad1000 x16=0xf0ad175f
         575000	        56	800000c0	800008b7	lui	x17,0x80000	 x17=0x80000000
         585000	        57	800000c4	9ad1b937	lui	x18,0x9ad1b	 x18=0x9ad1b000
         595000	        58	800000c8	3d190913	addi	x18,x18,977	 x18:0x9ad1b000 x18=0x9ad1b3d1
         605000	        59	800000cc	00000993	addi	x19,x0,0	  x0:0x00000000 x19=0x00000000
         615000	        60	800000d0	f1ddba37	lui	x20,0xf1ddb	 x20=0xf1ddb000
         625000	        61	800000d4	3e5a0a13	addi	x20,x20,997	 x20:0xf1ddb000 x20=0xf1ddb3e5
         635000	        62	800000d8	80000ab7	lui	x21,0x80000	 x21=0x80000000
         645000	        63	800000dc	00000b13	addi	x22,x0,0	  x0:0x00000000 x22=0x00000000
         655000	        64	800000e0	00000b93	addi	x23,x0,0	  x0:0x00000000 x23=0x00000000
         665000	        65	800000e4	00100c93	addi	x25,x0,1	  x0:0x00000000 x25=0x00000001
         675000	        66	800000e8	80000d37	lui	x26,0x80000	 x26=0x80000000
         685000	        67	800000ec	80000db7	lui	x27,0x80000	 x27=0x80000000
         695000	        68	800000f0	0ba0ae37	lui	x28,0xba0a	 x28=0x0ba0a000
         705000	        69	800000f4	dbae0e13	addi	x28,x28,-582	 x28:0x0ba0a000 x28=0x0ba09dba
         715000	        70	800000f8	7fe6eeb7	lui	x29,0x7fe6e	 x29=0x7fe6e000
         725000	        71	800000fc	418e8e93	addi	x29,x29,1048	 x29:0x7fe6e000 x29=0x7fe6e418
         735000	        72	80000100	f3501f37	lui	x30,0xf3501	 x30=0xf3501000
         745000	        73	80000104	fcaf0f13	addi	x30,x30,-54	 x30:0xf3501000 x30=0xf3500fca
         755000	        74	80000108	f06dcfb7	lui	x31,0xf06dc	 x31=0xf06dc000
         765000	        75	8000010c	00af8f93	addi	x31,x31,10	 x31:0xf06dc000 x31=0xf06dc00a
         775000	        76	80000110	0000a697	auipc	x13,0xa	 x13=0x8000a10c
         785000	        77	80000114	e7868693	addi	x13,x13,-392	 x13:0x8000a10c x13=0x80009f84
         795000	        78	80000118	00001297	auipc	x5,0x1	  x5=0x80001114
         805000	        79	8000011c	18828293	addi	x5,x5,392	  x5:0x80001114  x5=0x8000129c
         815000	        80	80000120	011f8433	add	x8,x31,x17	 x31:0xf06dc00a x17:0x80000000  x8=0x706dc00a
         825000	        81	80000124	00000013	addi	x0,x0,0	  x0:0x00000000
         835000	        82	80000128	1763af13	slti	x30,x7,374	  x7:0x00000000 x30=0x00000001
         845000	        83	8000012c	e5c28293	addi	x5,x5,-420	  x5:0x8000129c  x5=0x800010f8
         855000	        84	80000130	41adda13	srai	x20,x27,0x1a	 x27:0x80000000 x20=0xffffffe0
         865000	        85	80000134	00797733	and	x14,x18,x7	 x18:0x9ad1b3d1  x7:0x00000000 x14=0x00000000
         875000	        86	80000138	1a5289e7	jalr	x19,x5,421	  x5:0x800010f8 x19=0x80000138
         885000	        87	00000000	00000013	addi	x0,x0,0	  x0:0x00000000
         895000	        88	8000129c	00000013	addi	x0,x0,0	  x0:0x00000000
         905000	        89	800012a0	fd068693	addi	x13,x13,-48	 x13:0x80009f84 x13=0x80009f54
         915000	        90	800012a4	008e3233	sltu	x4,x28,x8	 x28:0x0ba09dba  x8:0x706dc00a  x4=0x00000001
         925000	        91	800012a8	4067d913	srai	x18,x15,0x6	 x15:0xf707afd0 x18=0xffdc1ebf
         935000	        92	800012ac	0136a223	sw	x19,4(x13)	 x13:0x80009f54 x19:0x80000138 PA:0x80009f58
         945000	        93	800012b0	00be8833	add	x16,x29,x11	 x29:0x7fe6e418 x11:0x80000000 x16=0xffe6e418
         955000	        94	800012b4	66c46593	ori	x11,x8,1644	  x8:0x706dc00a x11=0x706dc66e
         965000	        95	800012b8	00007e97	auipc	x29,0x7	 x29=0x800082b4
         975000	        96	800012bc	342e8e93	addi	x29,x29,834	 x29:0x800082b4 x29=0x800085f6
         985000	        97	800012c0	58edd717	auipc	x14,0x58edd	 x14=0xd8ede2bc
         995000	        98	800012c4	417e02b3	sub	x5,x28,x23	 x28:0x0ba09dba x23:0x00000000  x5=0x0ba09dba
        1005000	        99	800012c8	cb637893	andi	x17,x6,-842	  x6:0x00000008 x17=0x00000000
        1015000	       100	800012cc	02eed603	lhu	x12,46(x29)	 x29:0x800085f6 x12=0x00000000 PA:0x80008624
        1025000	       101	800012d0	03dec483	lbu	x9,61(x29)	 x29:0x800085f6  x9=0x00000000 PA:0x80008633
        1035000	       102	800012d4	fe4e9483	lh	x9,-28(x29)	 x29:0x800085f6  x9=0x00000000 PA:0x800085da
        1045000	       103	00000000	00000013	addi	x0,x0,0	  x0:0x00000000
        1055000	       104	800012d8	00d48b33	add	x22,x9,x13	  x9:0x00000000 x13:0x80009f54 x22=0x80009f54
        1065000	       105	800012dc	01713733	sltu	x14,x2,x23	  x2:0x80000000 x23:0x00000000 x14=0x00000000
        1075000	       106	800012e0	026e80a3	sb	x6,33(x29)	 x29:0x800085f6  x6:0x00000008 PA:0x80008617
        1085000	       107	800012e4	004663b3	or	x7,x12,x4	 x12:0x00000000  x4:0x00000001  x7=0x00000001
        1095000	       108	800012e8	01ce8ca3	sb	x28,25(x29)	 x29:0x800085f6 x28:0x0ba09dba PA:0x8000860f
        1105000	       109	800012ec	027e8303	lb	x6,39(x29)	 x29:0x800085f6  x6=0x00000000 PA:0x8000861d
        1115000	       110	800012f0	00000013	addi	x0,x0,0	  x0:0x00000000
        1125000	       111	800012f4	fd5ecf03	lbu	x30,-43(x29)	 x29:0x800085f6 x30=0x00000000 PA:0x800085cb
        1135000	       112	800012f8	00646833	or	x16,x8,x6	  x8:0x706dc00a  x6:0x00000000 x16=0x706dc00a
        1145000	       113	800012fc	fe8e9023	sh	x8,-32(x29)	 x29:0x800085f6  x8:0x706dc00a PA:0x800085d6
        1155000	       114	80001300	fd6e8da3	sb	x22,-37(x29)	 x29:0x800085f6 x22:0x80009f54 PA:0x800085d1
        1165000	       115	80001304	cffe7917	auipc	x18,0xcffe7	 x18=0x4ffe8300
        1175000	       116	80001308	017287b3	add	x15,x5,x23	  x5:0x0ba09dba x23:0x00000000 x15=0x0ba09dba
        1185000	       117	8000130c	03ae8223	sb	x26,36(x29)	 x29:0x800085f6 x26:0x80000000 PA:0x8000861a
        1195000	       118	80001310	41315493	srai	x9,x2,0x13	  x2:0x80000000  x9=0xfffff000
        1205000	       119	80001314	00000013	addi	x0,x0,0	  x0:0x00000000
        1215000	       120	80001318	fefeca03	lbu	x20,-17(x29)	 x29:0x800085f6 x20=0x00000000 PA:0x800085e5
        1225000	       121	8000131c	00007297	auipc	x5,0x7	  x5=0x80008318
        1235000	       122	80001320	0b328293	addi	x5,x5,179	  x5:0x80008318  x5=0x800083cb
        1245000	       123	80001324	00007897	auipc	x17,0x7	 x17=0x80008320
        1255000	       124	80001328	fde88893	addi	x17,x17,-34	 x17:0x80008320 x17=0x800082fe
        1265000	       125	8000132c	f5d29ca3	sh	x29,-167(x5)	  x5:0x800083cb x29:0x800085f6 PA:0x80008324
        1275000	       126	80001330	00007f97	auipc	x31,0x7	 x31=0x8000832c
        1285000	       127	80001334	0fbf8f93	addi	x31,x31,251	 x31:0x8000832c x31=0x80008427
        1295000	       128	80001338	f0c28623	sb	x12,-244(x5)	  x5:0x800083cb x12:0x00000000 PA:0x800082d7
        1305000	       129	8000133c	0f2f8803	lb	x16,242(x31)	 x31:0x80008427 x16=0x00000000 PA:0x80008519
        1315000	       130	80001340	0218cb83	lbu	x23,33(x17)	 x17:0x800082fe x23=0x00000000 PA:0x8000831f
        1325000	       131	80001344	ffdf8023	sb	x29,-32(x31)	 x31:0x80008427 x29:0x800085f6 PA:0x80008407
        1335000	       132	80001348	01f28903	lb	x18,31(x5)	  x5:0x800083cb x18=0x00000000 PA:0x800083ea
        1345000	       133	8000134c	fcff8d23	sb	x15,-38(x31)	 x31:0x80008427 x15:0x0ba09dba PA:0x80008401
        1355000	       134	80001350	00a8c983	lbu	x19,10(x17)	 x17:0x800082fe x19=0x00000000 PA:0x80008308
        1365000	       135	80001354	feffcb03	lbu	x22,-17(x31)	 x31:0x80008427 x22=0x00000000 PA:0x80008416
        1375000	       136	00000000	00000013	addi	x0,x0,0	  x0:0x00000000
        1385000	       137	80001358	03628d23	sb	x22,58(x5)	  x5:0x800083cb x22:0x00000000 PA:0x80008405
        1395000	       138	8000135c	093f9f03	lh	x30,147(x31)	 x31:0x80008427 x30=0x00000000 PA:0x800084ba
        1405000	       139	80001360	00c88f03	lb	x30,12(x17)	 x17:0x800082fe x30=0x00000000 PA:0x8000830a
        1415000	       140	80001364	ffc28183	lb	x3,-4(x5)	  x5:0x800083cb  x3=0x00000000 PA:0x800083c7
        1425000	       141	80001368	f712c003	lbu	x0,-143(x5)	  x5:0x800083cb PA:0x8000833c
        1435000	       142	8000136c	0e1f8023	sb	x1,224(x31)	 x31:0x80008427  x1:0x00000009 PA:0x80008507
        1445000	       143	80001370	f8bfd503	lhu	x10,-117(x31)	 x31:0x80008427 x10=0x00000000 PA:0x800083b2
        1455000	       144	00000000	00000013	addi	x0,x0,0	  x0:0x00000000
        1465000	       145	80001374	00a8a903	lw	x18,10(x17)	 x17:0x800082fe x18=0x00000000 PA:0x80008308
        1475000	       146	80001378	04c28903	lb	x18,76(x5)	  x5:0x800083cb x18=0x00000000 PA:0x80008417
        1485000	       147	8000137c	03689183	lh	x3,54(x17)	 x17:0x800082fe  x3=0x00000000 PA:0x80008334
        1495000	       148	80001380	088f8303	lb	x6,136(x31)	 x31:0x80008427  x6=0x00000000 PA:0x800084af
        1505000	       149	80001384	01489a23	sh	x20,20(x17)	 x17:0x800082fe x20:0x00000000 PA:0x80008312
        1515000	       150	80001388	f22f8983	lb	x19,-222(x31)	 x31:0x80008427 x19=0x00000000 PA:0x80008349
        1525000	       151	8000138c	00007797	auipc	x15,0x7	 x15=0x80008388
        1535000	       152	80001390	e7678793	addi	x15,x15,-394	 x15:0x80008388 x15=0x800081fe
        1545000	       153	80001394	fb27d303	lhu	x6,-78(x15)	 x15:0x800081fe  x6=0x00000000 PA:0x800081b0
        1555000	       154	80001398	fc97c283	lbu	x5,-55(x15)	 x15:0x800081fe  x5=0x00000000 PA:0x800081c7
        1565000	       155	8000139c	00007b17	auipc	x22,0x7	 x22=0x80008398
        1575000	       156	800013a0	dc8b0b13	addi	x22,x22,-568	 x22:0x80008398 x22=0x80008160
        1585000	       157	800013a4	ff3b4183	lbu	x3,-13(x22)	 x22:0x80008160  x3=0x00000000 PA:0x80008153
        1595000	       158	800013a8	008b0d03	lb	x26,8(x22)	 x22:0x80008160 x26=0x00000000 PA:0x80008168
        1605000	       159	800013ac	0f57c283	lbu	x5,245(x15)	 x15:0x800081fe  x5=0x00000000 PA:0x800082f3
        1615000	       160	800013b0	fecb0ba3	sb	x12,-9(x22)	 x22:0x80008160 x12:0x00000000 PA:0x80008157
        1625000	       161	800013b4	fa178f03	lb	x30,-95(x15)	 x15:0x800081fe x30=0x00000000 PA:0x8000819f
        1635000	       162	800013b8	009b0103	lb	x2,9(x22)	 x22:0x80008160  x2=0x00000000 PA:0x80008169
        1645000	       163	800013bc	308783a3	sb	x8,775(x15)	 x15:0x800081fe  x8:0x706dc00a PA:0x80008505
        1655000	       164	800013c0	fffb0703	lb	x14,-1(x22)	 x22:0x80008160 x14=0x00000000 PA:0x8000815f
        1665000	       165	800013c4	faf7c083	lbu	x1,-81(x15)	 x15:0x800081fe  x1=0x00000000 PA:0x800081ad
        1675000	       166	800013c8	008b5d83	lhu	x27,8(x22)	 x22:0x80008160 x27=0x00000000 PA:0x80008168
        1685000	       167	800013cc	010b2803	lw	x16,16(x22)	 x22:0x80008160 x16=0x00000000 PA:0x80008170
        1695000	       168	800013d0	ff8b0ca3	sb	x24,-7(x22)	 x22:0x80008160 x24:0x80009fc4 PA:0x80008159
        1705000	       169	800013d4	f3578083	lb	x1,-203(x15)	 x15:0x800081fe  x1=0x00000000 PA:0x80008133
        1715000	       170	800013d8	42978523	sb	x9,1066(x15)	 x15:0x800081fe  x9:0xfffff000 PA:0x80008628
        1725000	       171	800013dc	007b4a03	lbu	x20,7(x22)	 x22:0x80008160 x20=0x00000000 PA:0x80008167
        1735000	       172	800013e0	f5d79c23	sh	x29,-168(x15)	 x15:0x800081fe x29:0x800085f6 PA:0x80008156
        1745000	       173	800013e4	01cb1823	sh	x28,16(x22)	 x22:0x80008160 x28:0x0ba09dba PA:0x80008170
        1755000	       174	800013e8	58c78c23	sb	x12,1432(x15)	 x15:0x800081fe x12:0x00000000 PA:0x80008796
        1765000	       175	800013ec	00007397	auipc	x7,0x7	  x7=0x800083e8
        1775000	       176	800013f0	5bd38393	addi	x7,x7,1469	  x7:0x800083e8  x7=0x800089a5
        1785000	       177	800013f4	2c139e03	lh	x28,705(x7)	  x7:0x800089a5 x28=0x00000000 PA:0x80008c66
        1795000	       178	800013f8	2c13c883	lbu	x17,705(x7)	  x7:0x800089a5 x17=0x00000000 PA:0x80008c66
        1805000	       179	800013fc	2c139a83	lh	x21,705(x7)	  x7:0x800089a5 x21=0x00000000 PA:0x80008c66
        1815000	       180	80001400	2db380a3	sb	x27,705(x7)	  x7:0x800089a5 x27:0x00000000 PA:0x80008c66
        1825000	       181	80001404	05438023	sb	x20,64(x7)	  x7:0x800089a5 x20:0x00000000 PA:0x800089e5
        1835000	       182	80001408	0403c903	lbu	x18,64(x7)	  x7:0x800089a5 x18=0x00000000 PA:0x800089e5
        1845000	       183	8000140c	37038e23	sb	x16,892(x7)	  x7:0x800089a5 x16:0x00000000 PA:0x80008d21
        1855000	       184	80001410	f3f38ea3	sb	x31,-195(x7)	  x7:0x800089a5 x31:0x80008427 PA:0x800088e2
        1865000	       185	80001414	63638183	lb	x3,1590(x7)	  x7:0x800089a5  x3=0x00000000 PA:0x80008fdb
        1875000	       186	80001418	63638403	lb	x8,1590(x7)	  x7:0x800089a5  x8=0x00000000 PA:0x80008fdb
        1885000	       187	8000141c	6363cd83	lbu	x27,1590(x7)	  x7:0x800089a5 x27=0x00000000 PA:0x80008fdb
        1895000	       188	80001420	0013a1b3	slt	x3,x7,x1	  x7:0x800089a5  x1:0x00000000  x3=0x00000001
        1905000	       189	80001424	40dbda93	srai	x21,x23,0xd	 x23:0x00000000 x21=0x00000000
        1915000	       190	80001428	01e05f93	srli	x31,x0,0x1e	  x0:0x00000000 x31=0x00000000
        1925000	       191	8000142c	b8af0293	addi	x5,x30,-1142	 x30:0x00000000  x5=0xfffffb8a
        1935000	       192	80001430	011adb93	srli	x23,x21,0x11	 x21:0x00000000 x23=0x00000000
        1945000	       193	80001434	62038b23	sb	x0,1590(x7)	  x7:0x800089a5  x0:0x00000000 PA:0x80008fdb
        1955000	       194	80001438	57039ca3	sh	x16,1401(x7)	  x7:0x800089a5 x16:0x00000000 PA:0x80008f1e
        1965000	       195	8000143c	00007597	auipc	x11,0x7	 x11=0x80008438
        1975000	       196	80001440	35258593	addi	x11,x11,850	 x11:0x80008438 x11=0x8000878a
        1985000	       197	80001444	00007317	auipc	x6,0x7	  x6=0x80008440
        1995000	       198	80001448	16430313	addi	x6,x6,356	  x6:0x80008440  x6=0x800085a4
        2005000	       199	8000144c	071588a3	sb	x17,113(x11)	 x11:0x8000878a x17:0x00000000 PA:0x800087fb
        2015000	       200	80001450	00007497	auipc	x9,0x7	  x9=0x8000844c
        2025000	       201	80001454	e3748493	addi	x9,x9,-457	  x9:0x8000844c  x9=0x80008283
        2035000	       202	80001458	f4730783	lb	x15,-185(x6)	  x6:0x800085a4 x15=0x00000000 PA:0x800084eb
        2045000	       203	8000145c	00007717	auipc	x14,0x7	 x14=0x80008458
        2055000	       204	80001460	08b70713	addi	x14,x14,139	 x14:0x80008458 x14=0x800084e3
        2065000	       205	80001464	04a35403	lhu	x8,74(x6)	  x6:0x800085a4  x8=0x00000000 PA:0x800085ee
        2075000	       206	80001468	55848ca3	sb	x24,1369(x9)	  x9:0x80008283 x24:0x80009fc4 PA:0x800087dc
        2085000	       207	8000146c	fd75c403	lbu	x8,-41(x11)	 x11:0x8000878a  x8=0x00000000 PA:0x80008761
        2095000	       208	80001470	f7a5c983	lbu	x19,-134(x11)	 x11:0x8000878a x19=0x00000000 PA:0x80008704
        2105000	       209	80001474	0ca35183	lhu	x3,202(x6)	  x6:0x800085a4  x3=0x00000000 PA:0x8000866e
        2115000	       210	80001478	0f374783	lbu	x15,243(x14)	 x14:0x800084e3 x15=0x0000000a PA:0x800085d6
        2125000	       211	8000147c	04d34203	lbu	x4,77(x6)	  x6:0x800085a4  x4=0x00000000 PA:0x800085f1
        2135000	       212	80001480	0d54a083	lw	x1,213(x9)	  x9:0x80008283  x1=0x00000000 PA:0x80008358
        2145000	       213	80001484	0ad75e03	lhu	x28,173(x14)	 x14:0x800084e3 x28=0x00000000 PA:0x80008590
        2155000	       214	80001488	f2b5c883	lbu	x17,-213(x11)	 x11:0x8000878a x17=0x00000000 PA:0x800086b5
        2165000	       215	00000000	00000013	addi	x0,x0,0	  x0:0x00000000
        2175000	       216	8000148c	07148503	lb	x10,113(x9)	  x9:0x80008283 x10=0x00000000 PA:0x800082f4
        2185000	       217	80001490	f7430a23	sb	x20,-140(x6)	  x6:0x800085a4 x20:0x00000000 PA:0x80008518
        2195000	       218	80001494	bb374383	lbu	x7,-1101(x14)	 x14:0x800084e3  x7=0x00000000 PA:0x80008096
        2205000	       219	80001498	fdb4c603	lbu	x12,-37(x9)	  x9:0x80008283 x12=0x00000000 PA:0x8000825e
        2215000	       220	00000000	00000013	addi	x0,x0,0	  x0:0x00000000
        2225000	       221	8000149c	22c70ca3	sb	x12,569(x14)	 x14:0x800084e3 x12:0x00000000 PA:0x8000871c
        2235000	       222	800014a0	3c04cf83	lbu	x31,960(x9)	  x9:0x80008283 x31=0x00000000 PA:0x80008643
        2245000	       223	800014a4	f3631323	sh	x22,-218(x6)	  x6:0x800085a4 x22:0x80008160 PA:0x800084ca
        2255000	       224	800014a8	f305da03	lhu	x20,-208(x11)	 x11:0x8000878a x20=0x00000000 PA:0x800086ba
        2265000	       225	800014ac	07c35903	lhu	x18,124(x6)	  x6:0x800085a4 x18=0x00000000 PA:0x80008620
        2275000	       226	800014b0	09c34103	lbu	x2,156(x6)	  x6:0x800085a4  x2=0x00000000 PA:0x80008640
        2285000	       227	800014b4	fa958903	lb	x18,-87(x11)	 x11:0x8000878a x18=0x00000000 PA:0x80008733
        2295000	       228	800014b8	4d54d183	lhu	x3,1237(x9)	  x9:0x80008283  x3=0x00000000 PA:0x80008758
        2305000	       229	800014bc	00c59983	lh	x19,12(x11)	 x11:0x8000878a x19=0x00000000 PA:0x80008796
        2315000	       230	800014c0	0d130f83	lb	x31,209(x6)	  x6:0x800085a4 x31=0x00000000 PA:0x80008675
        2325000	       231	800014c4	ce175403	lhu	x8,-799(x14)	 x14:0x800084e3  x8=0x00000000 PA:0x800081c4
        2335000	       232	800014c8	00007617	auipc	x12,0x7	 x12=0x800084c4
        2345000	       233	800014cc	43d60613	addi	x12,x12,1085	 x12:0x800084c4 x12=0x80008901
        2355000	       234	800014d0	00a60423	sb	x10,8(x12)	 x12:0x80008901 x10:0x00000000 PA:0x80008909
        2365000	       235	800014d4	a3e1d3b7	lui	x7,0xa3e1d	  x7=0xa3e1d000
        2375000	       236	800014d8	00860b83	lb	x23,8(x12)	 x12:0x80008901 x23=0x00000000 PA:0x80008909
        2385000	       237	800014dc	01324033	xor	x0,x4,x19	  x4:0x00000000 x19:0x00000000
        2395000	       238	800014e0	00060123	sb	x0,2(x12)	 x12:0x80008901  x0:0x00000000 PA:0x80008903
        2405000	       239	800014e4	00264983	lbu	x19,2(x12)	 x12:0x80008901 x19=0x00000000 PA:0x80008903
        2415000	       240	800014e8	ffa64003	lbu	x0,-6(x12)	 x12:0x80008901 PA:0x800088fb
        2425000	       241	800014ec	ff560d23	sb	x21,-6(x12)	 x12:0x80008901 x21:0x00000000 PA:0x800088fb
        2435000	       242	800014f0	ffa64183	lbu	x3,-6(x12)	 x12:0x80008901  x3=0x00000000 PA:0x800088fb
        2445000	       243	800014f4	fea60b23	sb	x10,-10(x12)	 x12:0x80008901 x10:0x00000000 PA:0x800088f7
        2455000	       244	800014f8	ff660303	lb	x6,-10(x12)	 x12:0x80008901  x6=0x00000000 PA:0x800088f7
        2465000	       245	800014fc	00960703	lb	x14,9(x12)	 x12:0x80008901 x14=0x00000000 PA:0x8000890a
        2475000	       246	80001500	414c5833	sra	x16,x24,x20	 x24:0x80009fc4 x20:0x00000000 x16=0x80009fc4
        2485000	       247	80001504	002604a3	sb	x2,9(x12)	 x12:0x80008901  x2:0x00000000 PA:0x8000890a
        2495000	       248	80001508	ec18b313	sltiu	x6,x17,-319	 x17:0x00000000  x6=0x00000001
        2505000	       249	8000150c	00965d03	lhu	x26,9(x12)	 x12:0x80008901 x26=0x00000000 PA:0x8000890a
        2515000	       250	80001510	00008a97	auipc	x21,0x8	 x21=0x8000950c
        2525000	       251	80001514	8d0a8a93	addi	x21,x21,-1840	 x21:0x8000950c x21=0x80008ddc
        2535000	       252	80001518	fd0aa783	lw	x15,-48(x21)	 x21:0x80008ddc x15=0x00000000 PA:0x80008dac
        2545000	       253	8000151c	080a8103	lb	x2,128(x21)	 x21:0x80008ddc  x2=0x00000000 PA:0x80008e5c
        2555000	       254	80001520	0bca9383	lh	x7,188(x21)	 x21:0x80008ddc  x7=0x00000000 PA:0x80008e98
        2565000	       255	80001524	f8bac003	lbu	x0,-117(x21)	 x21:0x80008ddc PA:0x80008d67
        2575000	       256	80001528	088ad003	lhu	x0,136(x21)	 x21:0x80008ddc PA:0x80008e64
        2585000	       257	8000152c	0152e8b3	or	x17,x5,x21	  x5:0xfffffb8a x21:0x80008ddc x17=0xffffffde
        2595000	       258	80001530	01bd4b33	xor	x22,x26,x27	 x26:0x00000000 x27:0x00000000 x22=0x00000000
        2605000	       259	80001534	0a9a8583	lb	x11,169(x21)	 x21:0x80008ddc x11=0x00000000 PA:0x80008e85
        2615000	       260	80001538	0176d813	srli	x16,x13,0x17	 x13:0x80009f54 x16=0x00000100
        2625000	       261	8000153c	4d897617	auipc	x12,0x4d897	 x12=0xcd898538
        2635000	       262	80001540	099aa023	sw	x25,128(x21)	 x21:0x80008ddc x25:0x00000001 PA:0x80008e5c
        2645000	       263	80001544	047a9323	sh	x7,70(x21)	 x21:0x80008ddc  x7:0x00000000 PA:0x80008e22
        2655000	       264	80001548	f2da8883	lb	x17,-211(x21)	 x21:0x80008ddc x17=0x00000000 PA:0x80008d09
        2665000	       265	8000154c	0175b0b3	sltu	x1,x11,x23	 x11:0x00000000 x23:0x00000000  x1=0x00000000
        2675000	       266	80001550	008822b3	slt	x5,x16,x8	 x16:0x00000100  x8:0x00000000  x5=0x00000000
        2685000	       267	80001554	92d0f493	andi	x9,x1,-1747	  x1:0x00000000  x9=0x00000000
        2695000	       268	80001558	fb4ac703	lbu	x14,-76(x21)	 x21:0x80008ddc x14=0x00000000 PA:0x80008d90
        2705000	       269	8000155c	00000013	addi	x0,x0,0	  x0:0x00000000
        2715000	       270	80001560	0dbac483	lbu	x9,219(x21)	 x21:0x80008ddc  x9=0x00000000 PA:0x80008eb7
        2725000	       271	80001564	02da8523	sb	x13,42(x21)	 x21:0x80008ddc x13:0x80009f54 PA:0x80008e06
        2735000	       272	80001568	69702d93	slti	x27,x0,1687	  x0:0x00000000 x27=0x00000001
        2745000	       273	8000156c	c9294637	lui	x12,0xc9294	 x12=0xc9294000
        2755000	       274	80001570	f0ba8583	lb	x11,-245(x21)	 x21:0x80008ddc x11=0x00000000 PA:0x80008ce7
        2765000	       275	80001574	028a8203	lb	x4,40(x21)	 x21:0x80008ddc  x4=0x00000000 PA:0x80008e04
        2775000	       276	80001578	09da8b03	lb	x22,157(x21)	 x21:0x80008ddc x22=0x00000000 PA:0x80008e79
        2785000	       277	8000157c	feead483	lhu	x9,-18(x21)	 x21:0x80008ddc  x9=0x00000000 PA:0x80008dca
        2795000	       278	80001580	093ac603	lbu	x12,147(x21)	 x21:0x80008ddc x12=0x00000000 PA:0x80008e6f
        2805000	       279	80001584	fb4aad83	lw	x27,-76(x21)	 x21:0x80008ddc x27=0x00000000 PA:0x80008d90
        2815000	       280	80001588	fada9823	sh	x13,-80(x21)	 x21:0x80008ddc x13:0x80009f54 PA:0x80008d8c
        2825000	       281	8000158c	f0ba80a3	sb	x11,-255(x21)	 x21:0x80008ddc x11:0x00000000 PA:0x80008cdd
        2835000	       282	80001590	f71a8f23	sb	x17,-130(x21)	 x21:0x80008ddc x17:0x00000000 PA:0x80008d5a
        2845000	       283	80001594	08aa8823	sb	x10,144(x21)	 x21:0x80008ddc x10:0x00000000 PA:0x80008e6c
        2855000	       284	80001598	00007297	auipc	x5,0x7	  x5=0x80008594
        2865000	       285	8000159c	7d228293	addi	x5,x5,2002	  x5:0x80008594  x5=0x80008d66
        2875000	       286	800015a0	df428e23	sb	x20,-516(x5)	  x5:0x80008d66 x20:0x00000000 PA:0x80008b62
        2885000	       287	800015a4	d582de03	lhu	x28,-680(x5)	  x5:0x80008d66 x28=0x00000000 PA:0x80008abe
        2895000	       288	800015a8	ed828da3	sb	x24,-293(x5)	  x5:0x80008d66 x24:0x80009fc4 PA:0x80008c41
        2905000	       289	800015ac	09829b83	lh	x23,152(x5)	  x5:0x80008d66 x23=0x00000000 PA:0x80008dfe
        2915000	       290	800015b0	cea58213	addi	x4,x11,-790	 x11:0x00000000  x4=0xfffffcea
        2925000	       291	800015b4	01e6fa33	and	x20,x13,x30	 x13:0x80009f54 x30:0x00000000 x20=0x00000000
        2935000	       292	800015b8	01c57633	and	x12,x10,x28	 x10:0x00000000 x28:0x00000000 x12=0x00000000
        2945000	       293	800015bc	40615093	srai	x1,x2,0x6	  x2:0x00000000  x1=0x00000000
        2955000	       294	800015c0	14428183	lb	x3,324(x5)	  x5:0x80008d66  x3=0x00000000 PA:0x80008eaa
        2965000	       295	800015c4	ed223eb7	lui	x29,0xed223	 x29=0xed223000
        2975000	       296	800015c8	01f95393	srli	x7,x18,0x1f	 x18:0x00000000  x7=0x00000000
        2985000	       297	800015cc	fe60ab17	auipc	x22,0xfe60a	 x22=0x7e60b5c8
        2995000	       298	800015d0	e7528983	lb	x19,-395(x5)	  x5:0x80008d66 x19=0x00000000 PA:0x80008bdb
        3005000	       299	800015d4	d422d703	lhu	x14,-702(x5)	  x5:0x80008d66 x14=0x00000000 PA:0x80008aa8
        3015000	       300	800015d8	01091213	slli	x4,x18,0x10	 x18:0x00000000  x4=0x00000000
        3025000	       301	800015dc	d9f28803	lb	x16,-609(x5)	  x5:0x80008d66 x16=0x00000000 PA:0x80008b05
        3035000	       302	800015e0	00f7e733	or	x14,x15,x15	 x15:0x00000000 x15:0x00000000 x14=0x00000000
        3045000	       303	800015e4	18c29583	lh	x11,396(x5)	  x5:0x80008d66 x11=0x00000000 PA:0x80008ef2
        3055000	       304	800015e8	e1428fa3	sb	x20,-481(x5)	  x5:0x80008d66 x20:0x00000000 PA:0x80008b85
        3065000	       305	800015ec	011930b3	sltu	x1,x18,x17	 x18:0x00000000 x17:0x00000000  x1=0x00000000
        3075000	       306	800015f0	ce628423	sb	x6,-792(x5)	  x5:0x80008d66  x6:0x00000001 PA:0x80008a4e
        3085000	       307	800015f4	d1f286a3	sb	x31,-755(x5)	  x5:0x80008d66 x31:0x00000000 PA:0x80008a73
        3095000	       308	800015f8	f1128b83	lb	x23,-239(x5)	  x5:0x80008d66 x23=0x00000000 PA:0x80008c77
        3105000	       309	800015fc	c262a783	lw	x15,-986(x5)	  x5:0x80008d66 x15=0x00000000 PA:0x8000898c
        3115000	       310	80001600	22c289a3	sb	x12,563(x5)	  x5:0x80008d66 x12:0x00000000 PA:0x80008f99
        3125000	       311	80001604	dc52a523	sw	x5,-566(x5)	  x5:0x80008d66  x5:0x80008d66 PA:0x80008b30
        3135000	       312	80001608	019f35b3	sltu	x11,x30,x25	 x30:0x00000000 x25:0x00000001 x11=0x00000001
        3145000	       313	8000160c	b652c903	lbu	x18,-1179(x5)	  x5:0x80008d66 x18=0x00000000 PA:0x800088cb
        3155000	       314	80001610	4c822493	slti	x9,x4,1224	  x4:0x00000000  x9=0x00000001
        3165000	       315	80001614	ef816ab7	lui	x21,0xef816	 x21=0xef816000
        3175000	       316	80001618	a29e4613	xori	x12,x28,-1495	 x28:0x00000000 x12=0xfffffa29
        3185000	       317	8000161c	012eb333	sltu	x6,x29,x18	 x29:0xed223000 x18:0x00000000  x6=0x00000000
        3195000	       318	80001620	00000013	addi	x0,x0,0	  x0:0x00000000
        3205000	       319	80001624	416c53b3	sra	x7,x24,x22	 x24:0x80009fc4 x22:0x7e60b5c8  x7=0xff80009f
        3215000	       320	80001628	09377663	bgeu	x14,x19,800016b4	 x14:0x00000000 x19:0x00000000
        3225000	       321	00000000	00000013	addi	x0,x0,0	  x0:0x00000000
        3235000	       322	800016b0	00000013	addi	x0,x0,0	  x0:0x00000000
        3245000	       323	800016b4	05e44063	blt	x8,x30,800016f4	  x8:0x00000000 x30:0x00000000
        3255000	       324	800016b8	400f01b3	sub	x3,x30,x0	 x30:0x00000000  x0:0x00000000  x3=0x00000000
        3265000	       325	800016bc	001bd333	srl	x6,x23,x1	 x23:0x00000000  x1:0x00000000  x6=0x00000000
        3275000	       326	800016c0	00000013	addi	x0,x0,0	  x0:0x00000000
        3285000	       327	800016c4	00555633	srl	x12,x10,x5	 x10:0x00000000  x5:0x80008d66 x12=0x00000000
        3295000	       328	800016c8	4083d713	srai	x14,x7,0x8	  x7:0xff80009f x14=0xffff8000
        3305000	       329	800016cc	3ee32113	slti	x2,x6,1006	  x6:0x00000000  x2=0x00000001
        3315000	       330	800016d0	00d52a33	slt	x20,x10,x13	 x10:0x00000000 x13:0x80009f54 x20=0x00000000
        3325000	       331	800016d4	2e8ce093	ori	x1,x25,744	 x25:0x00000001  x1=0x000002e9
        3335000	       332	800016d8	ba354817	auipc	x16,0xba354	 x16=0x3a3556d4
        3345000	       333	800016dc	4d932493	slti	x9,x6,1241	  x6:0x00000000  x9=0x00000001
        3355000	       334	800016e0	0136db13	srli	x22,x13,0x13	 x13:0x80009f54 x22=0x00001000
        3365000	       335	800016e4	01de9d33	sll	x26,x29,x29	 x29:0xed223000 x29:0xed223000 x26=0xed223000
        3375000	       336	800016e8	40c9d0b3	sra	x1,x19,x12	 x19:0x00000000 x12:0x00000000  x1=0x00000000
        3385000	       337	800016ec	00ab0e63	beq	x22,x10,80001708	 x22:0x00001000 x10:0x00000000
        3395000	       338	800016f0	00ccd793	srli	x15,x25,0xc	 x25:0x00000001 x15=0x00000000
        3405000	       339	800016f4	41770a33	sub	x20,x14,x23	 x14:0xffff8000 x23:0x00000000 x20=0xffff8000
        3415000	       340	800016f8	01881633	sll	x12,x16,x24	 x16:0x3a3556d4 x24:0x80009fc4 x12=0xa3556d40
        3425000	       341	800016fc	05351863	bne	x10,x19,8000174c	 x10:0x00000000 x19:0x00000000
        3435000	       342	80001700	01646d33	or	x26,x8,x22	  x8:0x00000000 x22:0x00001000 x26=0x00001000
        3445000	       343	80001704	033e6e63	bltu	x28,x19,80001740	 x28:0x00000000 x19:0x00000000
        3455000	       344	80001708	01d2e0b3	or	x1,x5,x29	  x5:0x80008d66 x29:0xed223000  x1=0xed22bd66
        3465000	       345	8000170c	264a6013	ori	x0,x20,612	 x20:0xffff8000
        3475000	       346	80001710	01cb78b3	and	x17,x22,x28	 x22:0x00001000 x28:0x00000000 x17=0x00000000
        3485000	       347	80001714	561ea293	slti	x5,x29,1377	 x29:0xed223000  x5=0x00000001
        3495000	       348	80001718	40ed85b3	sub	x11,x27,x14	 x27:0x00000000 x14:0xffff8000 x11=0x00008000
        3505000	       349	8000171c	015f5613	srli	x12,x30,0x15	 x30:0x00000000 x12=0x00000000
        3515000	       350	80001720	0e678a93	addi	x21,x15,230	 x15:0x00000000 x21=0x000000e6
        3525000	       351	80001724	019c55b3	srl	x11,x24,x25	 x24:0x80009fc4 x25:0x00000001 x11=0x40004fe2
        3535000	       352	80001728	f7523f93	sltiu	x31,x4,-139	  x4:0x00000000 x31=0x00000001
        3545000	       353	8000172c	9af67013	andi	x0,x12,-1617	 x12:0x00000000
        3555000	       354	80001730	40e35933	sra	x18,x6,x14	  x6:0x00000000 x14:0xffff8000 x18=0x00000000
        3565000	       355	80001734	18cd9097	auipc	x1,0x18cd9	  x1=0x98cda730
        3575000	       356	80001738	226da893	slti	x17,x27,550	 x27:0x00000000 x17=0x00000001
        3585000	       357	8000173c	003ae133	or	x2,x21,x3	 x21:0x000000e6  x3:0x00000000  x2=0x000000e6
        3595000	       358	80001740	0015f433	and	x8,x11,x1	 x11:0x40004fe2  x1:0x98cda730  x8=0x00000720
        3605000	       359	80001744	40c85d13	srai	x26,x16,0xc	 x16:0x3a3556d4 x26=0x0003a355
        3615000	       360	80001748	02e6ce63	blt	x13,x14,80001784	 x13:0x80009f54 x14:0xffff8000
        3625000	       361	00000000	00000013	addi	x0,x0,0	  x0:0x00000000
        3635000	       362	80001780	00000013	addi	x0,x0,0	  x0:0x00000000
        3645000	       363	80001784	00e92033	slt	x0,x18,x14	 x18:0x00000000 x14:0xffff8000
        3655000	       364	80001788	4173d993	srai	x19,x7,0x17	  x7:0xff80009f x19=0xffffffff
        3665000	       365	8000178c	95787013	andi	x0,x16,-1705	 x16:0x3a3556d4
        3675000	       366	80001790	403cd833	sra	x16,x25,x3	 x25:0x00000001  x3:0x00000000 x16=0x00000001
        3685000	       367	80001794	00261133	sll	x2,x12,x2	 x12:0x00000000  x2:0x000000e6  x2=0x00000000
        3695000	       368	80001798	009e1233	sll	x4,x28,x9	 x28:0x00000000  x9:0x00000001  x4=0x00000000
        3705000	       369	8000179c	00000013	addi	x0,x0,0	  x0:0x00000000
        3715000	       370	800017a0	01153d33	sltu	x26,x10,x17	 x10:0x00000000 x17:0x00000001 x26=0x00000001
        3725000	       371	800017a4	00d738b3	sltu	x17,x14,x13	 x14:0xffff8000 x13:0x80009f54 x17=0x00000000
        3735000	       372	800017a8	e8087593	andi	x11,x16,-384	 x16:0x00000001 x11=0x00000000
        3745000	       373	800017ac	00224833	xor	x16,x4,x2	  x4:0x00000000  x2:0x00000000 x16=0x00000000
        3755000	       374	800017b0	00000013	addi	x0,x0,0	  x0:0x00000000
        3765000	       375	800017b4	a82d4993	xori	x19,x26,-1406	 x26:0x00000001 x19=0xfffffa83
        3775000	       376	800017b8	411dd113	srai	x2,x27,0x11	 x27:0x00000000  x2=0x00000000
        3785000	       377	800017bc	02e49063	bne	x9,x14,800017dc	  x9:0x00000001 x14:0xffff8000
        3795000	       378	00000000	00000013	addi	x0,x0,0	  x0:0x00000000
        3805000	       379	800017d8	00000013	addi	x0,x0,0	  x0:0x00000000
        3815000	       380	800017dc	00000013	addi	x0,x0,0	  x0:0x00000000
        3825000	       381	800017e0	01761263	bne	x12,x23,800017e4	 x12:0x00000000 x23:0x00000000
        3835000	       382	800017e4	944af293	andi	x5,x21,-1724	 x21:0x000000e6  x5=0x00000044
        3845000	       383	800017e8	05239863	bne	x7,x18,80001838	  x7:0xff80009f x18:0x00000000
        3855000	       384	00000000	00000013	addi	x0,x0,0	  x0:0x00000000
        3865000	       385	80001834	00000013	addi	x0,x0,0	  x0:0x00000000
        3875000	       386	80001838	4a66bb93	sltiu	x23,x13,1190	 x13:0x80009f54 x23=0x00000000
        3885000	       387	8000183c	21583a13	sltiu	x20,x16,533	 x16:0x00000000 x20=0x00000001
        3895000	       388	80001840	02dfd263	bge	x31,x13,80001864	 x31:0x00000001 x13:0x80009f54
        3905000	       389	00000000	00000013	addi	x0,x0,0	  x0:0x00000000
        3915000	       390	80001860	00000013	addi	x0,x0,0	  x0:0x00000000
        3925000	       391	80001864	383cb793	sltiu	x15,x25,899	 x25:0x00000001 x15=0x00000001
        3935000	       392	80001868	cf0e3e17	auipc	x28,0xcf0e3	 x28=0x4f0e4864
        3945000	       393	8000186c	05961663	bne	x12,x25,800018b8	 x12:0x00000000 x25:0x00000001
        3955000	       394	00000000	00000013	addi	x0,x0,0	  x0:0x00000000
        3965000	       395	800018b4	00000013	addi	x0,x0,0	  x0:0x00000000
        3975000	       396	800018b8	c9b7cdb7	lui	x27,0xc9b7c	 x27=0xc9b7c000
        3985000	       397	800018bc	0423c063	blt	x7,x2,800018fc	  x7:0xff80009f  x2:0x00000000
        3995000	       398	00000000	00000013	addi	x0,x0,0	  x0:0x00000000
        4005000	       399	800018f8	00000013	addi	x0,x0,0	  x0:0x00000000
        4015000	       400	800018fc	01999b13	slli	x22,x19,0x19	 x19:0xfffffa83 x22=0x06000000
        4025000	       401	80001900	00365a13	srli	x20,x12,0x3	 x12:0x00000000 x20=0x00000000
        4035000	       402	80001904	0387f063	bgeu	x15,x24,80001924	 x15:0x00000001 x24:0x80009fc4
        4045000	       403	80001908	030a6263	bltu	x20,x16,8000192c	 x20:0x00000000 x16:0x00000000
        4055000	       404	8000190c	00fbebb3	or	x23,x23,x15	 x23:0x00000000 x15:0x00000001 x23=0x00000001
        4065000	       405	80001910	00f11393	slli	x7,x2,0xf	  x2:0x00000000  x7=0x00000000
        4075000	       406	80001914	00000013	addi	x0,x0,0	  x0:0x00000000
        4085000	       407	80001918	007a9433	sll	x8,x21,x7	 x21:0x000000e6  x7:0x00000000  x8=0x000000e6
        4095000	       408	8000191c	c0386317	auipc	x6,0xc0386	  x6=0x40387918
        4105000	       409	80001920	00df5993	srli	x19,x30,0xd	 x30:0x00000000 x19=0x00000000
        4115000	       410	80001924	0580e863	bltu	x1,x24,80001974	  x1:0x98cda730 x24:0x80009fc4
        4125000	       411	80001928	6ea57017	auipc	x0,0x6ea57	
        4135000	       412	8000192c	0420c263	blt	x1,x2,80001970	  x1:0x98cda730  x2:0x00000000
        4145000	       413	00000000	00000013	addi	x0,x0,0	  x0:0x00000000
        4155000	       414	8000196c	00000013	addi	x0,x0,0	  x0:0x00000000
        4165000	       415	80001970	176ec993	xori	x19,x29,374	 x29:0xed223000 x19=0xed223176
        4175000	       416	80001974	050d5863	bge	x26,x16,800019c4	 x26:0x00000001 x16:0x00000000
        4185000	       417	00000000	00000013	addi	x0,x0,0	  x0:0x00000000
        4195000	       418	800019c0	00000013	addi	x0,x0,0	  x0:0x00000000
        4205000	       419	800019c4	01d9d8b3	srl	x17,x19,x29	 x19:0xed223176 x29:0xed223000 x17=0xed223176
        4215000	       420	800019c8	408b0033	sub	x0,x22,x8	 x22:0x06000000  x8:0x000000e6
        4225000	       421	800019cc	7ac20793	addi	x15,x4,1964	  x4:0x00000000 x15=0x000007ac
        4235000	       422	800019d0	5d4bf213	andi	x4,x23,1492	 x23:0x00000001  x4=0x00000000
        4245000	       423	800019d4	ca36a137	lui	x2,0xca36a	  x2=0xca36a000
        4255000	       424	800019d8	0056edb3	or	x27,x13,x5	 x13:0x80009f54  x5:0x00000044 x27=0x80009f54
        4265000	       425	800019dc	00b07833	and	x16,x0,x11	  x0:0x00000000 x11:0x00000000 x16=0x00000000
        4275000	       426	800019e0	015d0913	addi	x18,x26,21	 x26:0x00000001 x18=0x00000016
        4285000	       427	800019e4	fc5d2513	slti	x10,x26,-59	 x26:0x00000001 x10=0x00000000
        4295000	       428	800019e8	00aebab3	sltu	x21,x29,x10	 x29:0xed223000 x10:0x00000000 x21=0x00000000
        4305000	       429	800019ec	6df37e37	lui	x28,0x6df37	 x28=0x6df37000
        4315000	       430	800019f0	01916eb3	or	x29,x2,x25	  x2:0xca36a000 x25:0x00000001 x29=0xca36a001
        4325000	       431	800019f4	a4c50293	addi	x5,x10,-1460	 x10:0x00000000  x5=0xfffffa4c
        4335000	       432	800019f8	41deda13	srai	x20,x29,0x1d	 x29:0xca36a001 x20=0xfffffffe
        4345000	       433	800019fc	8d614793	xori	x15,x2,-1834	  x2:0xca36a000 x15=0x35c958d6
        4355000	       434	80001a00	01649f13	slli	x30,x9,0x16	  x9:0x00000001 x30=0x00400000
        4365000	       435	80001a04	005915b3	sll	x11,x18,x5	 x18:0x00000016  x5:0xfffffa4c x11=0x00016000
        4375000	       436	80001a08	408a8933	sub	x18,x21,x8	 x21:0x00000000  x8:0x000000e6 x18=0xffffff1a
        4385000	       437	80001a0c	002d0663	beq	x26,x2,80001a18	 x26:0x00000001  x2:0xca36a000
        4395000	       438	80001a10	41e309b3	sub	x19,x6,x30	  x6:0x40387918 x30:0x00400000 x19=0x3ff87918
        4405000	       439	80001a14	01ba9b13	slli	x22,x21,0x1b	 x21:0x00000000 x22=0x00000000
        4415000	       440	80001a18	02f56463	bltu	x10,x15,80001a40	 x10:0x00000000 x15:0x35c958d6
        4425000	       441	00000000	00000013	addi	x0,x0,0	  x0:0x00000000
        4435000	       442	80001a3c	00000013	addi	x0,x0,0	  x0:0x00000000
        4445000	       443	80001a40	41c64e93	xori	x29,x12,1052	 x12:0x00000000 x29=0x0000041c
        4455000	       444	80001a44	04348063	beq	x9,x3,80001a84	  x9:0x00000001  x3:0x00000000
        4465000	       445	80001a48	f3782513	slti	x10,x16,-201	 x16:0x00000000 x10=0x00000000
        4475000	       446	80001a4c	00c799b3	sll	x19,x15,x12	 x15:0x35c958d6 x12:0x00000000 x19=0x35c958d6
        4485000	       447	80001a50	01aade93	srli	x29,x21,0x1a	 x21:0x00000000 x29=0x00000000
        4495000	       448	80001a54	b8132793	slti	x15,x6,-1151	  x6:0x40387918 x15=0x00000000
        4505000	       449	80001a58	02716263	bltu	x2,x7,80001a7c	  x2:0xca36a000  x7:0x00000000
        4515000	       450	80001a5c	a9b13213	sltiu	x4,x2,-1381	  x2:0xca36a000  x4=0x00000001
        4525000	       451	80001a60	f51a1d17	auipc	x26,0xf51a1	 x26=0x751a2a5c
        4535000	       452	80001a64	00000013	addi	x0,x0,0	  x0:0x00000000
        4545000	       453	80001a68	d5fb6593	ori	x11,x22,-673	 x22:0x00000000 x11=0xfffffd5f
        4555000	       454	80001a6c	612a3193	sltiu	x3,x20,1554	 x20:0xfffffffe  x3=0x00000000
        4565000	       455	80001a70	03769063	bne	x13,x23,80001a90	 x13:0x80009f54 x23:0x00000001
        4575000	       456	00000000	00000013	addi	x0,x0,0	  x0:0x00000000
        4585000	       457	80001a8c	00000013	addi	x0,x0,0	  x0:0x00000000
        4595000	       458	80001a90	01b057b3	srl	x15,x0,x27	  x0:0x00000000 x27:0x80009f54 x15=0x00000000
        4605000	       459	80001a94	45036e93	ori	x29,x6,1104	  x6:0x40387918 x29=0x40387d58
        4615000	       460	80001a98	01cda4b3	slt	x9,x27,x28	 x27:0x80009f54 x28:0x6df37000  x9=0x00000001
        4625000	       461	80001a9c	00b07a63	bgeu	x0,x11,80001ab0	  x0:0x00000000 x11:0xfffffd5f
        4635000	       462	80001aa0	03f29e63	bne	x5,x31,80001adc	  x5:0xfffffa4c x31:0x00000001
        4645000	       463	00000000	00000013	addi	x0,x0,0	  x0:0x00000000
        4655000	       464	80001ad8	00000013	addi	x0,x0,0	  x0:0x00000000
        4665000	       465	80001adc	001920b3	slt	x1,x18,x1	 x18:0xffffff1a  x1:0x98cda730  x1=0x00000000
        4675000	       466	80001ae0	54a60893	addi	x17,x12,1354	 x12:0x00000000 x17=0x0000054a
        4685000	       467	80001ae4	7fe50713	addi	x14,x10,2046	 x10:0x00000000 x14=0x000007fe
        4695000	       468	80001ae8	013c1593	slli	x11,x24,0x13	 x24:0x80009fc4 x11=0xfe200000
        4705000	       469	80001aec	291b0a93	addi	x21,x22,657	 x22:0x00000000 x21=0x00000291
        4715000	       470	80001af0	013ab833	sltu	x16,x21,x19	 x21:0x00000291 x19:0x35c958d6 x16=0x00000001
        4725000	       471	80001af4	00e45bb3	srl	x23,x8,x14	  x8:0x000000e6 x14:0x000007fe x23=0x00000000
        4735000	       472	80001af8	010e4bb3	xor	x23,x28,x16	 x28:0x6df37000 x16:0x00000001 x23=0x6df37001
        4745000	       473	80001afc	01fca933	slt	x18,x25,x31	 x25:0x00000001 x31:0x00000001 x18=0x00000000
        4755000	       474	80001b00	7a62ce93	xori	x29,x5,1958	  x5:0xfffffa4c x29=0xfffffdea
        4765000	       475	80001b04	00000013	addi	x0,x0,0	  x0:0x00000000
        4775000	       476	80001b08	00311263	bne	x2,x3,80001b0c	  x2:0xca36a000  x3:0x00000000
        4785000	       477	00000000	00000013	addi	x0,x0,0	  x0:0x00000000
        4795000	       478	80001b08	00000013	addi	x0,x0,0	  x0:0x00000000
        4805000	       479	80001b0c	01170633	add	x12,x14,x17	 x14:0x000007fe x17:0x0000054a x12=0x00000d48
        4815000	       480	80001b10	00ed4e33	xor	x28,x26,x14	 x26:0x751a2a5c x14:0x000007fe x28=0x751a2da2
        4825000	       481	80001b14	002a28b3	slt	x17,x20,x2	 x20:0xfffffffe  x2:0xca36a000 x17=0x00000000
        4835000	       482	80001b18	411a5433	sra	x8,x20,x17	 x20:0xfffffffe x17:0x00000000  x8=0xfffffffe
        4845000	       483	80001b1c	b4fbbf93	sltiu	x31,x23,-1201	 x23:0x6df37001 x31=0x00000001
        4855000	       484	80001b20	005e6b33	or	x22,x28,x5	 x28:0x751a2da2  x5:0xfffffa4c x22=0xffffffee
        4865000	       485	80001b24	00000013	addi	x0,x0,0	  x0:0x00000000
        4875000	       486	80001b28	0137aeb3	slt	x29,x15,x19	 x15:0x00000000 x19:0x35c958d6 x29=0x00000001
        4885000	       487	80001b2c	01803d33	sltu	x26,x0,x24	  x0:0x00000000 x24:0x80009fc4 x26=0x00000001
        4895000	       488	80001b30	057b4863	blt	x22,x23,80001b80	 x22:0xffffffee x23:0x6df37001
        4905000	       489	00000000	00000013	addi	x0,x0,0	  x0:0x00000000
        4915000	       490	80001b7c	00000013	addi	x0,x0,0	  x0:0x00000000
        4925000	       491	80001b80	0046f8b3	and	x17,x13,x4	 x13:0x80009f54  x4:0x00000001 x17=0x00000000
        4935000	       492	80001b84	01d98ab3	add	x21,x19,x29	 x19:0x35c958d6 x29:0x00000001 x21=0x35c958d7
        4945000	       493	80001b88	0194cab3	xor	x21,x9,x25	  x9:0x00000001 x25:0x00000001 x21=0x00000000
        4955000	       494	80001b8c	02e1f263	bgeu	x3,x14,80001bb0	  x3:0x00000000 x14:0x000007fe
        4965000	       495	80001b90	00163d33	sltu	x26,x12,x1	 x12:0x00000d48  x1:0x00000000 x26=0x00000000
        4975000	       496	80001b94	00fed513	srli	x10,x29,0xf	 x29:0x00000001 x10=0x00000000
        4985000	       497	80001b98	01d5d093	srli	x1,x11,0x1d	 x11:0xfe200000  x1=0x00000007
        4995000	       498	80001b9c	05ed4063	blt	x26,x30,80001bdc	 x26:0x00000000 x30:0x00400000
        5005000	       499	00000000	00000013	addi	x0,x0,0	  x0:0x00000000
        5015000	       500	80001bd8	00000013	addi	x0,x0,0	  x0:0x00000000
        5025000	       501	80001bdc	01438fb3	add	x31,x7,x20	  x7:0x00000000 x20:0xfffffffe x31=0xfffffffe
        5035000	       502	80001be0	00529ab3	sll	x21,x5,x5	  x5:0xfffffa4c  x5:0xfffffa4c x21=0xffa4c000
        5045000	       503	80001be4	40375493	srai	x9,x14,0x3	 x14:0x000007fe  x9=0x000000ff
        5055000	       504	80001be8	0325d463	bge	x11,x18,80001c10	 x11:0xfe200000 x18:0x00000000
        5065000	       505	80001bec	45c0f8b7	lui	x17,0x45c0f	 x17=0x45c0f000
        5075000	       506	80001bf0	403cde33	sra	x28,x25,x3	 x25:0x00000001  x3:0x00000000 x28=0x00000001
        5085000	       507	80001bf4	01d27663	bgeu	x4,x29,80001c00	  x4:0x00000001 x29:0x00000001
        5095000	       508	00000000	00000013	addi	x0,x0,0	  x0:0x00000000
        5105000	       509	80001bfc	00000013	addi	x0,x0,0	  x0:0x00000000
        5115000	       510	80001c00	41b15b13	srai	x22,x2,0x1b	  x2:0xca36a000 x22=0xfffffff9
        5125000	       511	80001c04	00002133	slt	x2,x0,x0	  x0:0x00000000  x0:0x00000000  x2=0x00000000
        5135000	       512	80001c08	006bda33	srl	x20,x23,x6	 x23:0x6df37001  x6:0x40387918 x20=0x0000006d
        5145000	       513	80001c0c	01925e13	srli	x28,x4,0x19	  x4:0x00000001 x28=0x00000000
        5155000	       514	80001c10	00c81213	slli	x4,x16,0xc	 x16:0x00000001  x4=0x00001000
        5165000	       515	80001c14	01f58333	add	x6,x11,x31	 x11:0xfe200000 x31:0xfffffffe  x6=0xfe1ffffe
        5175000	       516	80001c18	b48a9917	auipc	x18,0xb48a9	 x18=0x348aac14
        5185000	       517	80001c1c	00597e63	bgeu	x18,x5,80001c38	 x18:0x348aac14  x5:0xfffffa4c
        5195000	       518	80001c20	029cce63	blt	x25,x9,80001c5c	 x25:0x00000001  x9:0x000000ff
        5205000	       519	00000000	00000013	addi	x0,x0,0	  x0:0x00000000
        5215000	       520	80001c58	00000013	addi	x0,x0,0	  x0:0x00000000
        5225000	       521	80001c5c	4e0ff793	andi	x15,x31,1248	 x31:0xfffffffe x15=0x000004e0
        5235000	       522	80001c60	01a771b3	and	x3,x14,x26	 x14:0x000007fe x26:0x00000000  x3=0x00000000
        5245000	       523	80001c64	0018d2b3	srl	x5,x17,x1	 x17:0x45c0f000  x1:0x00000007  x5=0x008b81e0
        5255000	       524	80001c68	019c64b3	or	x9,x24,x25	 x24:0x80009fc4 x25:0x00000001  x9=0x80009fc5
        5265000	       525	80001c6c	b1d81b37	lui	x22,0xb1d81	 x22=0xb1d81000
        5275000	       526	80001c70	406e8533	sub	x10,x29,x6	 x29:0x00000001  x6:0xfe1ffffe x10=0x01e00003
        5285000	       527	80001c74	2eb1ca93	xori	x21,x3,747	  x3:0x00000000 x21=0x000002eb
        5295000	       528	80001c78	0046a983	lw	x19,4(x13)	 x13:0x80009f54 x19=0x80000138 PA:0x80009f58
        5305000	       529	80001c7c	84c5ba17	auipc	x20,0x84c5b	 x20=0x04c5cc78
        5315000	       530	80001c80	09054b13	xori	x22,x10,144	 x10:0x01e00003 x22=0x01e00093
        5325000	       531	80001c84	03068693	addi	x13,x13,48	 x13:0x80009f54 x13=0x80009f84
        5335000	       532	80001c88	01652333	slt	x6,x10,x22	 x10:0x01e00003 x22:0x01e00093  x6=0x00000001
        5345000	       533	80001c8c	dcc04093	xori	x1,x0,-564	  x0:0x00000000  x1=0xfffffdcc
        5355000	       534	80001c90	4994e793	ori	x15,x9,1177	  x9:0x80009fc5 x15=0x80009fdd
        5365000	       535	80001c94	40b35a13	srai	x20,x6,0xb	  x6:0x00000001 x20=0x00000000
        5375000	       536	80001c98	0012a0b3	slt	x1,x5,x1	  x5:0x008b81e0  x1:0xfffffdcc  x1=0x00000000
        5385000	       537	80001c9c	00198913	addi	x18,x19,1	 x19:0x80000138 x18=0x80000139
        5395000	       538	80001ca0	00090967	jalr	x18,x18,0	 x18:0x80000139 x18=0x80001ca0
        5405000	       539	00000000	00000013	addi	x0,x0,0	  x0:0x00000000
        5415000	       540	80000138	00000013	addi	x0,x0,0	  x0:0x00000000
        5425000	       541	8000013c	00008117	auipc	x2,0x8	  x2=0x80008138
        5435000	       542	80000140	1b210113	addi	x2,x2,434	  x2:0x80008138  x2=0x800082ea
        5445000	       543	80000144	9353ef13	ori	x30,x7,-1739	  x7:0x00000000 x30=0xfffff935
        5455000	       544	80000148	fff109a3	sb	x31,-13(x2)	  x2:0x800082ea x31:0xfffffffe PA:0x800082dd
        5465000	       545	8000014c	ffe14383	lbu	x7,-2(x2)	  x2:0x800082ea  x7=0x00000000 PA:0x800082e8
        5475000	       546	80000150	fe811b03	lh	x22,-24(x2)	  x2:0x800082ea x22=0x00000000 PA:0x800082d2
        5485000	       547	80000154	00000013	addi	x0,x0,0	  x0:0x00000000
        5495000	       548	80000158	fcc10723	sb	x12,-50(x2)	  x2:0x800082ea x12:0x00000d48 PA:0x800082b8
        5505000	       549	8000015c	03311b23	sh	x19,54(x2)	  x2:0x800082ea x19:0x80000138 PA:0x80008320
        5515000	       550	80000160	03214a03	lbu	x20,50(x2)	  x2:0x800082ea x20=0x00000000 PA:0x8000831c
        5525000	       551	80000164	00210223	sb	x2,4(x2)	  x2:0x800082ea  x2:0x800082ea PA:0x800082ee
        5535000	       552	80000168	fcc15483	lhu	x9,-52(x2)	  x2:0x800082ea  x9=0x00000000 PA:0x800082b6
        5545000	       553	8000016c	493b3413	sltiu	x8,x22,1171	 x22:0x00000000  x8=0x00000001
        5555000	       554	80000170	01279293	slli	x5,x15,0x12	 x15:0x80009fdd  x5=0x7f740000
        5565000	       555	80000174	00000013	addi	x0,x0,0	  x0:0x00000000
        5575000	       556	80000178	697f6713	ori	x14,x30,1687	 x30:0xfffff935 x14=0xffffffb7
        5585000	       557	8000017c	fff10403	lb	x8,-1(x2)	  x2:0x800082ea  x8=0x00000000 PA:0x800082e9
        5595000	       558	80000180	fc510083	lb	x1,-59(x2)	  x2:0x800082ea  x1=0x00000000 PA:0x800082af
        5605000	       559	80000184	006108a3	sb	x6,17(x2)	  x2:0x800082ea  x6:0x00000001 PA:0x800082fb
        5615000	       560	80000188	40765b33	sra	x22,x12,x7	 x12:0x00000d48  x7:0x00000000 x22=0x00000d48
        5625000	       561	8000018c	fe211583	lh	x11,-30(x2)	  x2:0x800082ea x11=0x00000000 PA:0x800082cc
        5635000	       562	80000190	03710ba3	sb	x23,55(x2)	  x2:0x800082ea x23:0x6df37001 PA:0x80008321
        5645000	       563	80000194	fb5af893	andi	x17,x21,-75	 x21:0x000002eb x17=0x000002a1
        5655000	       564	80000198	fc414483	lbu	x9,-60(x2)	  x2:0x800082ea  x9=0x00000000 PA:0x800082ae
        5665000	       565	8000019c	03b10183	lb	x3,59(x2)	  x2:0x800082ea  x3=0xffffff85 PA:0x80008325
        5675000	       566	800001a0	03a11323	sh	x26,38(x2)	  x2:0x800082ea x26:0x00000000 PA:0x80008310
        5685000	       567	800001a4	fe310ca3	sb	x3,-7(x2)	  x2:0x800082ea  x3:0xffffff85 PA:0x800082e3
        5695000	       568	800001a8	001e1733	sll	x14,x28,x1	 x28:0x00000000  x1:0x00000000 x14=0x00000000
        5705000	       569	800001ac	ff611003	lh	x0,-10(x2)	  x2:0x800082ea PA:0x800082e0
        5715000	       570	800001b0	02e10a03	lb	x20,46(x2)	  x2:0x800082ea x20=0x00000000 PA:0x80008318
        5725000	       571	800001b4	fe010903	lb	x18,-32(x2)	  x2:0x800082ea x18=0x00000000 PA:0x800082ca
        5735000	       572	800001b8	fed10383	lb	x7,-19(x2)	  x2:0x800082ea  x7=0x00000000 PA:0x800082d7
        5745000	       573	800001bc	fcb10883	lb	x17,-53(x2)	  x2:0x800082ea x17=0x00000000 PA:0x800082b5
        5755000	       574	800001c0	21aec393	xori	x7,x29,538	 x29:0x00000001  x7=0x0000021b
        5765000	       575	800001c4	03810203	lb	x4,56(x2)	  x2:0x800082ea  x4=0x00000000 PA:0x80008322
        5775000	       576	800001c8	fc6106a3	sb	x6,-51(x2)	  x2:0x800082ea  x6:0x00000001 PA:0x800082b7
        5785000	       577	800001cc	01549213	slli	x4,x9,0x15	  x9:0x00000000  x4=0x00000000
        5795000	       578	800001d0	015b8bb3	add	x23,x23,x21	 x23:0x6df37001 x21:0x000002eb x23=0x6df372ec
        5805000	       579	800001d4	007ce333	or	x6,x25,x7	 x25:0x00000001  x7:0x0000021b  x6=0x0000021b
        5815000	       580	800001d8	fce105a3	sb	x14,-53(x2)	  x2:0x800082ea x14:0x00000000 PA:0x800082b5
        5825000	       581	800001dc	fcf14283	lbu	x5,-49(x2)	  x2:0x800082ea  x5=0x00000000 PA:0x800082b9
        5835000	       582	800001e0	78bd4413	xori	x8,x26,1931	 x26:0x00000000  x8=0x0000078b
        5845000	       583	800001e4	ffc11f03	lh	x30,-4(x2)	  x2:0x800082ea x30=0x00000000 PA:0x800082e6
        5855000	       584	00000000	00000013	addi	x0,x0,0	  x0:0x00000000
        5865000	       585	800001e8	01e7c5b3	xor	x11,x15,x30	 x15:0x80009fdd x30:0x00000000 x11=0x80009fdd
        5875000	       586	800001ec	fe714d83	lbu	x27,-25(x2)	  x2:0x800082ea x27=0x00000000 PA:0x800082d1
        5885000	       587	800001f0	41eadbb3	sra	x23,x21,x30	 x21:0x000002eb x30:0x00000000 x23=0x000002eb
        5895000	       588	800001f4	417452b3	sra	x5,x8,x23	  x8:0x0000078b x23:0x000002eb  x5=0x00000000
        5905000	       589	800001f8	0063b1b3	sltu	x3,x7,x6	  x7:0x0000021b  x6:0x0000021b  x3=0x00000000
        5915000	       590	800001fc	41e10233	sub	x4,x2,x30	  x2:0x800082ea x30:0x00000000  x4=0x800082ea
        5925000	       591	80000200	000cb9b3	sltu	x19,x25,x0	 x25:0x00000001  x0:0x00000000 x19=0x00000000
        5935000	       592	80000204	02b107a3	sb	x11,47(x2)	  x2:0x800082ea x11:0x80009fdd PA:0x80008319
        5945000	       593	80000208	00008297	auipc	x5,0x8	  x5=0x80008204
        5955000	       594	8000020c	0d428293	addi	x5,x5,212	  x5:0x80008204  x5=0x800082d8
        5965000	       595	80000210	00008117	auipc	x2,0x8	  x2=0x8000820c
        5975000	       596	80000214	f7510113	addi	x2,x2,-139	  x2:0x8000820c  x2=0x80008181
        5985000	       597	80000218	fe628503	lb	x10,-26(x5)	  x5:0x800082d8 x10=0x00000000 PA:0x800082be
        5995000	       598	00000000	00000013	addi	x0,x0,0	  x0:0x00000000
        6005000	       599	8000021c	00a2d803	lhu	x16,10(x5)	  x5:0x800082d8 x16=0x00008500 PA:0x800082e2
        6015000	       600	80000220	ff12ce03	lbu	x28,-15(x5)	  x5:0x800082d8 x28=0x00000000 PA:0x800082c9
        6025000	       601	80000224	03911aa3	sh	x25,53(x2)	  x2:0x80008181 x25:0x00000001 PA:0x800081b6
        6035000	       602	80000228	ffc2a883	lw	x17,-4(x5)	  x5:0x800082d8 x17=0x00000000 PA:0x800082d4
        6045000	       603	8000022c	02515303	lhu	x6,37(x2)	  x2:0x80008181  x6=0x00000000 PA:0x800081a6
        6055000	       604	80000230	03f28a03	lb	x20,63(x5)	  x5:0x800082d8 x20=0x00000000 PA:0x80008317
        6065000	       605	80000234	fc0117a3	sh	x0,-49(x2)	  x2:0x80008181  x0:0x00000000 PA:0x80008150
        6075000	       606	80000238	fda29c23	sh	x26,-40(x5)	  x5:0x800082d8 x26:0x00000000 PA:0x800082b0
        6085000	       607	8000023c	01d15f03	lhu	x30,29(x2)	  x2:0x80008181 x30=0x00000000 PA:0x8000819e
        6095000	       608	80000240	02814a83	lbu	x21,40(x2)	  x2:0x80008181 x21=0x00000000 PA:0x800081a9
        6105000	       609	80000244	01910a23	sb	x25,20(x2)	  x2:0x80008181 x25:0x00000001 PA:0x80008195
        6115000	       610	80000248	01928303	lb	x6,25(x5)	  x5:0x800082d8  x6=0x00000000 PA:0x800082f1
        6125000	       611	8000024c	03410f23	sb	x20,62(x2)	  x2:0x80008181 x20:0x00000000 PA:0x800081bf
        6135000	       612	80000250	fca10fa3	sb	x10,-33(x2)	  x2:0x80008181 x10:0x00000000 PA:0x80008160
        6145000	       613	80000254	ff82d403	lhu	x8,-8(x5)	  x5:0x800082d8  x8=0x00000000 PA:0x800082d0
        6155000	       614	80000258	00008097	auipc	x1,0x8	  x1=0x80008254
        6165000	       615	8000025c	09808093	addi	x1,x1,152	  x1:0x80008254  x1=0x800082ec
        6175000	       616	80000260	a85a7d37	lui	x26,0xa85a7	 x26=0xa85a7000
        6185000	       617	80000264	46208f23	sb	x2,1150(x1)	  x1:0x800082ec  x2:0x80008181 PA:0x8000876a
        6195000	       618	80000268	ed2f7ab7	lui	x21,0xed2f7	 x21=0xed2f7000
        6205000	       619	8000026c	40cf0333	sub	x6,x30,x12	 x30:0x00000000 x12:0x00000d48  x6=0xfffff2b8
        6215000	       620	80000270	16608103	lb	x2,358(x1)	  x1:0x800082ec  x2=0x00000000 PA:0x80008452
        6225000	       621	80000274	17b082a3	sb	x27,357(x1)	  x1:0x800082ec x27:0x00000000 PA:0x80008451
        6235000	       622	80000278	00278ab3	add	x21,x15,x2	 x15:0x80009fdd  x2:0x00000000 x21=0x80009fdd
        6245000	       623	8000027c	a0a6a793	slti	x15,x13,-1526	 x13:0x80009f84 x15=0x00000001
        6255000	       624	80000280	1060d303	lhu	x6,262(x1)	  x1:0x800082ec  x6=0x00000000 PA:0x800083f2
        6265000	       625	80000284	1e508d83	lb	x27,485(x1)	  x1:0x800082ec x27=0x00000000 PA:0x800084d1
        6275000	       626	80000288	0056da33	srl	x20,x13,x5	 x13:0x80009f84  x5:0x800082d8 x20=0x00000080
        6285000	       627	8000028c	fe809523	sh	x8,-22(x1)	  x1:0x800082ec  x8:0x00000000 PA:0x800082d6
        6295000	       628	80000290	008c9fb3	sll	x31,x25,x8	 x25:0x00000001  x8:0x00000000 x31=0x00000001
        6305000	       629	80000294	2040ae83	lw	x29,516(x1)	  x1:0x800082ec x29=0x00000000 PA:0x800084f0
        6315000	       630	80000298	11a9e393	ori	x7,x19,282	 x19:0x00000000  x7=0x0000011a
        6325000	       631	8000029c	0fd08f23	sb	x29,254(x1)	  x1:0x800082ec x29:0x00000000 PA:0x800083ea
        6335000	       632	800002a0	af36fe93	andi	x29,x13,-1293	 x13:0x80009f84 x29=0x80009a80
        6345000	       633	800002a4	40565913	srai	x18,x12,0x5	 x12:0x00000d48 x18=0x0000006a
        6355000	       634	800002a8	5f13fa93	andi	x21,x7,1521	  x7:0x0000011a x21=0x00000110
        6365000	       635	800002ac	01c2c8b3	xor	x17,x5,x28	  x5:0x800082d8 x28:0x00000000 x17=0x800082d8
        6375000	       636	800002b0	0075da93	srli	x21,x11,0x7	 x11:0x80009fdd x21=0x0100013f
        6385000	       637	800002b4	01489213	slli	x4,x17,0x14	 x17:0x800082d8  x4=0x2d800000
        6395000	       638	800002b8	728e8f93	addi	x31,x29,1832	 x29:0x80009a80 x31=0x8000a1a8
        6405000	       639	800002bc	e82088a3	sb	x2,-367(x1)	  x1:0x800082ec  x2:0x00000000 PA:0x8000817d
        6415000	       640	800002c0	01031e13	slli	x28,x6,0x10	  x6:0x00000000 x28=0x00000000
        6425000	       641	800002c4	b793d5b7	lui	x11,0xb793d	 x11=0xb793d000
        6435000	       642	800002c8	3a509223	sh	x5,932(x1)	  x1:0x800082ec  x5:0x800082d8 PA:0x80008690
        6445000	       643	800002cc	40cc81b3	sub	x3,x25,x12	 x25:0x00000001 x12:0x00000d48  x3=0xfffff2b9
        6455000	       644	800002d0	0e39e737	lui	x14,0xe39e	 x14=0x0e39e000
        6465000	       645	800002d4	01e28333	add	x6,x5,x30	  x5:0x800082d8 x30:0x00000000  x6=0x800082d8
        6475000	       646	800002d8	d7708103	lb	x2,-649(x1)	  x1:0x800082ec  x2=0x00000000 PA:0x80008063
        6485000	       647	800002dc	01e938b3	sltu	x17,x18,x30	 x18:0x0000006a x30:0x00000000 x17=0x00000000
        6495000	       648	800002e0	00000013	addi	x0,x0,0	  x0:0x00000000
        6505000	       649	800002e4	2270c503	lbu	x10,551(x1)	  x1:0x800082ec x10=0x00000000 PA:0x80008513
        6515000	       650	800002e8	00009117	auipc	x2,0x9	  x2=0x800092e4
        6525000	       651	800002ec	9e710113	addi	x2,x2,-1561	  x2:0x800092e4  x2=0x80008ccb
        6535000	       652	800002f0	1ab15383	lhu	x7,427(x2)	  x2:0x80008ccb  x7=0x00000000 PA:0x80008e76
        6545000	       653	800002f4	1b7115a3	sh	x23,427(x2)	  x2:0x80008ccb x23:0x000002eb PA:0x80008e76
        6555000	       654	800002f8	8f86b493	sltiu	x9,x13,-1800	 x13:0x80009f84  x9=0x00000001
        6565000	       655	800002fc	1ab14383	lbu	x7,427(x2)	  x2:0x80008ccb  x7=0x000000eb PA:0x80008e76
        6575000	       656	80000300	c9a10803	lb	x16,-870(x2)	  x2:0x80008ccb x16=0x00000000 PA:0x80008965
        6585000	       657	80000304	0064a533	slt	x10,x9,x6	  x9:0x00000001  x6:0x800082d8 x10=0x00000000
        6595000	       658	80000308	c9a14b83	lbu	x23,-870(x2)	  x2:0x80008ccb x23=0x00000000 PA:0x80008965
        6605000	       659	8000030c	c9a14783	lbu	x15,-870(x2)	  x2:0x80008ccb x15=0x00000000 PA:0x80008965
        6615000	       660	80000310	ce8122a3	sw	x8,-795(x2)	  x2:0x80008ccb  x8:0x00000000 PA:0x800089b0
        6625000	       661	80000314	ce512303	lw	x6,-795(x2)	  x2:0x80008ccb  x6=0x00000000 PA:0x800089b0
        6635000	       662	80000318	ce510f83	lb	x31,-795(x2)	  x2:0x80008ccb x31=0x00000000 PA:0x800089b0
        6645000	       663	8000031c	ce512183	lw	x3,-795(x2)	  x2:0x80008ccb  x3=0x00000000 PA:0x800089b0
        6655000	       664	80000320	d8f11d83	lh	x27,-625(x2)	  x2:0x80008ccb x27=0x00000000 PA:0x80008a5a
        6665000	       665	80000324	d8f15b83	lhu	x23,-625(x2)	  x2:0x80008ccb x23=0x00000000 PA:0x80008a5a
        6675000	       666	80000328	00da68b3	or	x17,x20,x13	 x20:0x00000080 x13:0x80009f84 x17=0x80009f84
        6685000	       667	8000032c	24410603	lb	x12,580(x2)	  x2:0x80008ccb x12=0x00000000 PA:0x80008f0f
        6695000	       668	80000330	24410403	lb	x8,580(x2)	  x2:0x80008ccb  x8=0x00000000 PA:0x80008f0f
        6705000	       669	80000334	24410183	lb	x3,580(x2)	  x2:0x80008ccb  x3=0x00000000 PA:0x80008f0f
        6715000	       670	80000338	24414b03	lbu	x22,580(x2)	  x2:0x80008ccb x22=0x00000000 PA:0x80008f0f
        6725000	       671	8000033c	00008497	auipc	x9,0x8	  x9=0x80008338
        6735000	       672	80000340	f5f48493	addi	x9,x9,-161	  x9:0x80008338  x9=0x80008297
        6745000	       673	80000344	009490a3	sh	x9,1(x9)	  x9:0x80008297  x9:0x80008297 PA:0x80008298
        6755000	       674	80000348	0014c283	lbu	x5,1(x9)	  x9:0x80008297  x5=0x00000097 PA:0x80008298
        6765000	       675	8000034c	00248083	lb	x1,2(x9)	  x9:0x80008297  x1=0xffffff82 PA:0x80008299
        6775000	       676	80000350	ff248103	lb	x2,-14(x9)	  x9:0x80008297  x2=0x00000000 PA:0x80008289
        6785000	       677	80000354	ff04cd03	lbu	x26,-16(x9)	  x9:0x80008297 x26=0x00000000 PA:0x80008287
        6795000	       678	00000000	00000013	addi	x0,x0,0	  x0:0x00000000
        6805000	       679	80000358	ffa48783	lb	x15,-6(x9)	  x9:0x80008297 x15=0x00000000 PA:0x80008291
        6815000	       680	8000035c	00d811b3	sll	x3,x16,x13	 x16:0x00000000 x13:0x80009f84  x3=0x00000000
        6825000	       681	80000360	01548023	sb	x21,0(x9)	  x9:0x80008297 x21:0x0100013f PA:0x80008297
        6835000	       682	80000364	00648023	sb	x6,0(x9)	  x9:0x80008297  x6:0x00000000 PA:0x80008297
        6845000	       683	80000368	ff348603	lb	x12,-13(x9)	  x9:0x80008297 x12=0x00000000 PA:0x8000828a
        6855000	       684	8000036c	01dc8533	add	x10,x25,x29	 x25:0x00000001 x29:0x80009a80 x10=0x80009a81
        6865000	       685	80000370	ff34df83	lhu	x31,-13(x9)	  x9:0x80008297 x31=0x00000000 PA:0x8000828a
        6875000	       686	80000374	fe9489a3	sb	x9,-13(x9)	  x9:0x80008297  x9:0x80008297 PA:0x8000828a
        6885000	       687	80000378	01b48523	sb	x27,10(x9)	  x9:0x80008297 x27:0x00000000 PA:0x800082a1
        6895000	       688	8000037c	40ec5eb3	sra	x29,x24,x14	 x24:0x80009fc4 x14:0x0e39e000 x29=0x80009fc4
        6905000	       689	80000380	0074c603	lbu	x12,7(x9)	  x9:0x80008297 x12=0x00000000 PA:0x8000829e
        6915000	       690	80000384	fe148e23	sb	x1,-4(x9)	  x9:0x80008297  x1:0xffffff82 PA:0x80008293
        6925000	       691	80000388	ffc48903	lb	x18,-4(x9)	  x9:0x80008297 x18=0xffffff82 PA:0x80008293
        6935000	       692	8000038c	00d49b03	lh	x22,13(x9)	  x9:0x80008297 x22=0x00000000 PA:0x800082a4
        6945000	       693	80000390	0054d593	srli	x11,x9,0x5	  x9:0x80008297 x11=0x04000414
        6955000	       694	80000394	00d49803	lh	x16,13(x9)	  x9:0x80008297 x16=0x00000000 PA:0x800082a4
        6965000	       695	80000398	00d4c983	lbu	x19,13(x9)	  x9:0x80008297 x19=0x00000000 PA:0x800082a4
        6975000	       696	8000039c	01e484a3	sb	x30,9(x9)	  x9:0x80008297 x30:0x00000000 PA:0x800082a0
        6985000	       697	800003a0	02690463	beq	x18,x6,800003c8	 x18:0xffffff82  x6:0x00000000
        6995000	       698	800003a4	2bdb3b13	sltiu	x22,x22,701	 x22:0x00000000 x22=0x00000001
        7005000	       699	800003a8	02357e63	bgeu	x10,x3,800003e4	 x10:0x80009a81  x3:0x00000000
        7015000	       700	00000000	00000013	addi	x0,x0,0	  x0:0x00000000
        7025000	       701	800003e0	00000013	addi	x0,x0,0	  x0:0x00000000
        7035000	       702	800003e4	00d55333	srl	x6,x10,x13	 x10:0x80009a81 x13:0x80009f84  x6=0x080009a8
        7045000	       703	800003e8	02acca63	blt	x25,x10,8000041c	 x25:0x00000001 x10:0x80009a81
        7055000	       704	800003ec	00cdb3b3	sltu	x7,x27,x12	 x27:0x00000000 x12:0x00000000  x7=0x00000000
        7065000	       705	800003f0	01f279b3	and	x19,x4,x31	  x4:0x2d800000 x31:0x00000000 x19=0x00000000
        7075000	       706	800003f4	c437d7b7	lui	x15,0xc437d	 x15=0xc437d000
        7085000	       707	800003f8	15d0a013	slti	x0,x1,349	  x1:0xffffff82
        7095000	       708	800003fc	91f13b37	lui	x22,0x91f13	 x22=0x91f13000
        7105000	       709	80000400	03368863	beq	x13,x19,80000430	 x13:0x80009f84 x19:0x00000000
        7115000	       710	80000404	410d5bb3	sra	x23,x26,x16	 x26:0x00000000 x16:0x00000000 x23=0x00000000
        7125000	       711	80000408	95866f13	ori	x30,x12,-1704	 x12:0x00000000 x30=0xfffff958
        7135000	       712	8000040c	74dc6393	ori	x7,x24,1869	 x24:0x80009fc4  x7=0x80009fcd
        7145000	       713	80000410	0118efb3	or	x31,x17,x17	 x17:0x80009f84 x17:0x80009f84 x31=0x80009f84
        7155000	       714	80000414	64bc0d93	addi	x27,x24,1611	 x24:0x80009fc4 x27=0x8000a60f
        7165000	       715	80000418	04ae4063	blt	x28,x10,80000458	 x28:0x00000000 x10:0x80009a81
        7175000	       716	8000041c	00639193	slli	x3,x7,0x6	  x7:0x80009fcd  x3=0x0027f340
        7185000	       717	80000420	01801133	sll	x2,x0,x24	  x0:0x00000000 x24:0x80009fc4  x2=0x00000000
        7195000	       718	80000424	005d1d93	slli	x27,x26,0x5	 x26:0x00000000 x27=0x00000000
        7205000	       719	80000428	403b07b3	sub	x15,x22,x3	 x22:0x91f13000  x3:0x0027f340 x15=0x91c93cc0
        7215000	       720	8000042c	951c4613	xori	x12,x24,-1711	 x24:0x80009fc4 x12=0x7fff6695
        7225000	       721	80000430	01a3cab3	xor	x21,x7,x26	  x7:0x80009fcd x26:0x00000000 x21=0x80009fcd
        7235000	       722	80000434	ebf00a93	addi	x21,x0,-321	  x0:0x00000000 x21=0xfffffebf
        7245000	       723	80000438	8f97a313	slti	x6,x15,-1799	 x15:0x91c93cc0  x6=0x00000001
        7255000	       724	8000043c	4dd8f113	andi	x2,x17,1245	 x17:0x80009f84  x2=0x00000484
        7265000	       725	80000440	00ed7e63	bgeu	x26,x14,8000045c	 x26:0x00000000 x14:0x0e39e000
        7275000	       726	80000444	00b9c3b3	xor	x7,x19,x11	 x19:0x00000000 x11:0x04000414  x7=0x04000414
        7285000	       727	80000448	24eada97	auipc	x21,0x24ead	 x21=0xa4ead444
        7295000	       728	8000044c	416fd033	sra	x0,x31,x22	 x31:0x80009f84 x22:0x91f13000
        7305000	       729	80000450	00117663	bgeu	x2,x1,8000045c	  x2:0x00000484  x1:0xffffff82
        7315000	       730	80000454	03651e63	bne	x10,x22,80000490	 x10:0x80009a81 x22:0x91f13000
        7325000	       731	00000000	00000013	addi	x0,x0,0	  x0:0x00000000
        7335000	       732	8000048c	00000013	addi	x0,x0,0	  x0:0x00000000
        7345000	       733	80000490	4d53f293	andi	x5,x7,1237	  x7:0x04000414  x5=0x00000414
        7355000	       734	80000494	01251813	slli	x16,x10,0x12	 x10:0x80009a81 x16=0x6a040000
        7365000	       735	80000498	404304b3	sub	x9,x6,x4	  x6:0x00000001  x4:0x2d800000  x9=0xd2800001
        7375000	       736	8000049c	91ef3f93	sltiu	x31,x30,-1762	 x30:0xfffff958 x31=0x00000000
        7385000	       737	800004a0	40f653b3	sra	x7,x12,x15	 x12:0x7fff6695 x15:0x91c93cc0  x7=0x7fff6695
        7395000	       738	800004a4	4118dd13	srai	x26,x17,0x11	 x17:0x80009f84 x26=0xffffc000
        7405000	       739	800004a8	4052d233	sra	x4,x5,x5	  x5:0x00000414  x5:0x00000414  x4=0x00000000
        7415000	       740	800004ac	c94b3893	sltiu	x17,x22,-876	 x22:0x91f13000 x17=0x00000001
        7425000	       741	800004b0	01527663	bgeu	x4,x21,800004bc	  x4:0x00000000 x21:0xa4ead444
        7435000	       742	800004b4	406155b3	sra	x11,x2,x6	  x2:0x00000484  x6:0x00000001 x11=0x00000242
        7445000	       743	800004b8	02bfc063	blt	x31,x11,800004d8	 x31:0x00000000 x11:0x00000242
        7455000	       744	00000000	00000013	addi	x0,x0,0	  x0:0x00000000
        7465000	       745	800004d4	00000013	addi	x0,x0,0	  x0:0x00000000
        7475000	       746	800004d8	09344663	blt	x8,x19,80000564	  x8:0x00000000 x19:0x00000000
        7485000	       747	800004dc	40715f93	srai	x31,x2,0x7	  x2:0x00000484 x31=0x00000009
        7495000	       748	800004e0	b40c8e93	addi	x29,x25,-1216	 x25:0x00000001 x29=0xfffffb41
        7505000	       749	800004e4	000b19b3	sll	x19,x22,x0	 x22:0x91f13000  x0:0x00000000 x19=0x91f13000
        7515000	       750	800004e8	54964d93	xori	x27,x12,1353	 x12:0x7fff6695 x27=0x7fff63dc
        7525000	       751	800004ec	2abced93	ori	x27,x25,683	 x25:0x00000001 x27=0x000002ab
        7535000	       752	800004f0	07861663	bne	x12,x24,8000055c	 x12:0x7fff6695 x24:0x80009fc4
        7545000	       753	00000000	00000013	addi	x0,x0,0	  x0:0x00000000
        7555000	       754	80000558	00000013	addi	x0,x0,0	  x0:0x00000000
        7565000	       755	8000055c	00825633	srl	x12,x4,x8	  x4:0x00000000  x8:0x00000000 x12=0x00000000
        7575000	       756	80000560	fff993b7	lui	x7,0xfff99	  x7=0xfff99000
        7585000	       757	80000564	010568b3	or	x17,x10,x16	 x10:0x80009a81 x16:0x6a040000 x17=0xea049a81
        7595000	       758	80000568	f3eec137	lui	x2,0xf3eec	  x2=0xf3eec000
        7605000	       759	8000056c	012350b3	srl	x1,x6,x18	  x6:0x00000001 x18:0xffffff82  x1=0x00000000
        7615000	       760	80000570	00074733	xor	x14,x14,x0	 x14:0x0e39e000  x0:0x00000000 x14=0x0e39e000
        7625000	       761	80000574	0090da63	bge	x1,x9,80000588	  x1:0x00000000  x9:0xd2800001
        7635000	       762	00000000	00000013	addi	x0,x0,0	  x0:0x00000000
        7645000	       763	80000584	00000013	addi	x0,x0,0	  x0:0x00000000
        7655000	       764	80000588	01b68633	add	x12,x13,x27	 x13:0x80009f84 x27:0x000002ab x12=0x8000a22f
        7665000	       765	8000058c	02835e63	bge	x6,x8,800005c8	  x6:0x00000001  x8:0x00000000
        7675000	       766	00000000	00000013	addi	x0,x0,0	  x0:0x00000000
        7685000	       767	800005c4	00000013	addi	x0,x0,0	  x0:0x00000000
        7695000	       768	800005c8	00dc9863	bne	x25,x13,800005d8	 x25:0x00000001 x13:0x80009f84
        7705000	       769	00000000	00000013	addi	x0,x0,0	  x0:0x00000000
        7715000	       770	800005d4	00000013	addi	x0,x0,0	  x0:0x00000000
        7725000	       771	800005d8	f577be13	sltiu	x28,x15,-169	 x15:0x91c93cc0 x28=0x00000001
        7735000	       772	800005dc	d5d4e993	ori	x19,x9,-675	  x9:0xd2800001 x19=0xfffffd5d
        7745000	       773	800005e0	60fd4e13	xori	x28,x26,1551	 x26:0xffffc000 x28=0xffffc60f
        7755000	       774	800005e4	00741e93	slli	x29,x8,0x7	  x8:0x00000000 x29=0x00000000
        7765000	       775	800005e8	017165b3	or	x11,x2,x23	  x2:0xf3eec000 x23:0x00000000 x11=0xf3eec000
        7775000	       776	800005ec	cf8b4893	xori	x17,x22,-776	 x22:0x91f13000 x17=0x6e0eccf8
        7785000	       777	800005f0	9da63613	sltiu	x12,x12,-1574	 x12:0x8000a22f x12=0x00000001
        7795000	       778	800005f4	dff69d97	auipc	x27,0xdff69	 x27=0x5ff695f0
        7805000	       779	800005f8	b97f0193	addi	x3,x30,-1129	 x30:0xfffff958  x3=0xfffff4ef
        7815000	       780	800005fc	00045593	srli	x11,x8,0x0	  x8:0x00000000 x11=0x00000000
        7825000	       781	80000600	4e365897	auipc	x17,0x4e365	 x17=0xce3655fc
        7835000	       782	80000604	015a03b3	add	x7,x20,x21	 x20:0x00000080 x21:0xa4ead444  x7=0xa4ead4c4
        7845000	       783	80000608	600a5297	auipc	x5,0x600a5	  x5=0xe00a5604
        7855000	       784	8000060c	009cf7b3	and	x15,x25,x9	 x25:0x00000001  x9:0xd2800001 x15=0x00000001
        7865000	       785	80000610	00131663	bne	x6,x1,8000061c	  x6:0x00000001  x1:0x00000000
        7875000	       786	00000000	00000013	addi	x0,x0,0	  x0:0x00000000
        7885000	       787	80000618	00000013	addi	x0,x0,0	  x0:0x00000000
        7895000	       788	8000061c	000321b3	slt	x3,x6,x0	  x6:0x00000001  x0:0x00000000  x3=0x00000000
        7905000	       789	80000620	0a438863	beq	x7,x4,800006d0	  x7:0xa4ead4c4  x4:0x00000000
        7915000	       790	80000624	ee3a3713	sltiu	x14,x20,-285	 x20:0x00000080 x14=0x00000001
        7925000	       791	80000628	0b3f9063	bne	x31,x19,800006c8	 x31:0x00000009 x19:0xfffffd5d
        7935000	       792	00000000	00000013	addi	x0,x0,0	  x0:0x00000000
        7945000	       793	800006c4	00000013	addi	x0,x0,0	  x0:0x00000000
        7955000	       794	800006c8	00ea1333	sll	x6,x20,x14	 x20:0x00000080 x14:0x00000001  x6=0x00000100
        7965000	       795	800006cc	f1cf2293	slti	x5,x30,-228	 x30:0xfffff958  x5=0x00000001
        7975000	       796	800006d0	01c31913	slli	x18,x6,0x1c	  x6:0x00000100 x18=0x00000000
        7985000	       797	800006d4	01b92233	slt	x4,x18,x27	 x18:0x00000000 x27:0x5ff695f0  x4=0x00000001
        7995000	       798	800006d8	7d107497	auipc	x9,0x7d107	  x9=0xfd1076d4
        8005000	       799	800006dc	22168193	addi	x3,x13,545	 x13:0x80009f84  x3=0x8000a1a5
        8015000	       800	800006e0	058fe063	bltu	x31,x24,80000720	 x31:0x00000009 x24:0x80009fc4
        8025000	       801	00000000	00000013	addi	x0,x0,0	  x0:0x00000000
        8035000	       802	8000071c	00000013	addi	x0,x0,0	  x0:0x00000000
        8045000	       803	80000720	00624d33	xor	x26,x4,x6	  x4:0x00000001  x6:0x00000100 x26=0x00000101
        8055000	       804	80000724	aa9e2413	slti	x8,x28,-1367	 x28:0xffffc60f  x8=0x00000001
        8065000	       805	80000728	00f10333	add	x6,x2,x15	  x2:0xf3eec000 x15:0x00000001  x6=0xf3eec001
        8075000	       806	8000072c	01c55093	srli	x1,x10,0x1c	 x10:0x80009a81  x1=0x00000008
        8085000	       807	80000730	00000013	addi	x0,x0,0	  x0:0x00000000
        8095000	       808	80000734	005ce533	or	x10,x25,x5	 x25:0x00000001  x5:0x00000001 x10=0x00000001
        8105000	       809	80000738	eb7f6893	ori	x17,x30,-329	 x30:0xfffff958 x17=0xffffffff
        8115000	       810	8000073c	0c494e13	xori	x28,x18,196	 x18:0x00000000 x28=0x000000c4
        8125000	       811	80000740	02d98063	beq	x19,x13,80000760	 x19:0xfffffd5d x13:0x80009f84
        8135000	       812	80000744	40580bb3	sub	x23,x16,x5	 x16:0x6a040000  x5:0x00000001 x23=0x6a03ffff
        8145000	       813	80000748	01ebe933	or	x18,x23,x30	 x23:0x6a03ffff x30:0xfffff958 x18=0xffffffff
        8155000	       814	8000074c	011e1a63	bne	x28,x17,80000760	 x28:0x000000c4 x17:0xffffffff
        8165000	       815	00000000	00000013	addi	x0,x0,0	  x0:0x00000000
        8175000	       816	8000075c	00000013	addi	x0,x0,0	  x0:0x00000000
        8185000	       817	80000760	40b85e33	sra	x28,x16,x11	 x16:0x6a040000 x11:0x00000000 x28=0x6a040000
        8195000	       818	80000764	02b4c663	blt	x9,x11,80000790	  x9:0xfd1076d4 x11:0x00000000
        8205000	       819	00000000	00000013	addi	x0,x0,0	  x0:0x00000000
        8215000	       820	8000078c	00000013	addi	x0,x0,0	  x0:0x00000000
        8225000	       821	80000790	01835433	srl	x8,x6,x24	  x6:0xf3eec001 x24:0x80009fc4  x8=0x0f3eec00
        8235000	       822	80000794	02387063	bgeu	x16,x3,800007b4	 x16:0x6a040000  x3:0x8000a1a5
        8245000	       823	80000798	01eb9b33	sll	x22,x23,x30	 x23:0x6a03ffff x30:0xfffff958 x22=0xff000000
        8255000	       824	8000079c	009f25b3	slt	x11,x30,x9	 x30:0xfffff958  x9:0xfd1076d4 x11=0x00000000
        8265000	       825	800007a0	41ef0a33	sub	x20,x30,x30	 x30:0xfffff958 x30:0xfffff958 x20=0x00000000
        8275000	       826	800007a4	01157db3	and	x27,x10,x17	 x10:0x00000001 x17:0xffffffff x27=0x00000001
        8285000	       827	800007a8	00dddf33	srl	x30,x27,x13	 x27:0x00000001 x13:0x80009f84 x30=0x00000000
        8295000	       828	800007ac	00849513	slli	x10,x9,0x8	  x9:0xfd1076d4 x10=0x1076d400
        8305000	       829	800007b0	03826463	bltu	x4,x24,800007d8	  x4:0x00000001 x24:0x80009fc4
        8315000	       830	00000000	00000013	addi	x0,x0,0	  x0:0x00000000
        8325000	       831	800007d4	00000013	addi	x0,x0,0	  x0:0x00000000
        8335000	       832	800007d8	fa6baa13	slti	x20,x23,-90	 x23:0x6a03ffff x20=0x00000000
        8345000	       833	800007dc	3feb3797	auipc	x15,0x3feb3	 x15=0xbfeb37d8
        8355000	       834	800007e0	408487b3	sub	x15,x9,x8	  x9:0xfd1076d4  x8:0x0f3eec00 x15=0xedd18ad4
        8365000	       835	800007e4	059df063	bgeu	x27,x25,80000824	 x27:0x00000001 x25:0x00000001
        8375000	       836	00000000	00000013	addi	x0,x0,0	  x0:0x00000000
        8385000	       837	80000820	00000013	addi	x0,x0,0	  x0:0x00000000
        8395000	       838	80000824	00000013	addi	x0,x0,0	  x0:0x00000000
        8405000	       839	80000828	aa9ee713	ori	x14,x29,-1367	 x29:0x00000000 x14=0xfffffaa9
        8415000	       840	8000082c	010b9b33	sll	x22,x23,x16	 x23:0x6a03ffff x16:0x6a040000 x22=0x6a03ffff
        8425000	       841	80000830	02df4463	blt	x30,x13,80000858	 x30:0x00000000 x13:0x80009f84
        8435000	       842	80000834	3d940413	addi	x8,x8,985	  x8:0x0f3eec00  x8=0x0f3eefd9
        8445000	       843	80000838	3eeb8213	addi	x4,x23,1006	 x23:0x6a03ffff  x4=0x6a0403ed
        8455000	       844	8000083c	00f4dd13	srli	x26,x9,0xf	  x9:0xfd1076d4 x26=0x0001fa20
        8465000	       845	80000840	f3ee7113	andi	x2,x28,-194	 x28:0x6a040000  x2=0x6a040000
        8475000	       846	80000844	416bd833	sra	x16,x23,x22	 x23:0x6a03ffff x22:0x6a03ffff x16=0x00000000
        8485000	       847	80000848	01f88033	add	x0,x17,x31	 x17:0xffffffff x31:0x00000009
        8495000	       848	8000084c	40728633	sub	x12,x5,x7	  x5:0x00000001  x7:0xa4ead4c4 x12=0x5b152b3d
        8505000	       849	80000850	01f592b3	sll	x5,x11,x31	 x11:0x00000000 x31:0x00000009  x5=0x00000000
        8515000	       850	80000854	00c252b3	srl	x5,x4,x12	  x4:0x6a0403ed x12:0x5b152b3d  x5=0x00000003
        8525000	       851	80000858	01637a63	bgeu	x6,x22,8000086c	  x6:0xf3eec001 x22:0x6a03ffff
        8535000	       852	00000000	00000013	addi	x0,x0,0	  x0:0x00000000
        8545000	       853	80000868	00000013	addi	x0,x0,0	  x0:0x00000000
        8555000	       854	8000086c	f6672493	slti	x9,x14,-154	 x14:0xfffffaa9  x9=0x00000001
        8565000	       855	80000870	013a9a33	sll	x20,x21,x19	 x21:0xa4ead444 x19:0xfffffd5d x20=0x80000000
        8575000	       856	80000874	408807b3	sub	x15,x16,x8	 x16:0x00000000  x8:0x0f3eefd9 x15=0xf0c11027
        8585000	       857	80000878	00000c97	auipc	x25,0x0	 x25=0x80000874
        8595000	       858	8000087c	00cc8c93	addi	x25,x25,12	 x25:0x80000874 x25=0x80000880
        8605000	       859	80000880	000c8067	jalr	x0,x25,0	 x25:0x80000880
        8615000	       860	00000000	00000013	addi	x0,x0,0	  x0:0x00000000
        8625000	       861	80000880	00000013	addi	x0,x0,0	  x0:0x00000000
        8635000	       862	80000884	00100193	addi	x3,x0,1	  x0:0x00000000  x3=0x00000001
        8645000	       863	80000888	00000073	ecall	
        8655000	       864	8000088c	00221833	sll	x16,x4,x2	  x4:0x6a0403ed  x2:0x6a040000 x16=0x6a0403ed
