		Time			Cycle	PC		Insn	Decoded instruction	Register and memory contents
          65000	         5	80000004	00000293	addi	x5,x0,0	  x0:0x00000000  x5=0x00000000
          75000	         6	80000008	00000313	addi	x6,x0,0	  x0:0x00000000  x6=0x00000000
          85000	         7	8000000c	00628263	beq	x5,x6,80000010	  x5:0x00000000  x6:0x00000000
          95000	         8	00000000	00000013	addi	x0,x0,0	  x0:0x00000000
         105000	         9	8000000c	00000013	addi	x0,x0,0	  x0:0x00000000
         115000	        10	80000010	00000d97	auipc	x27,0x0	 x27=0x8000000c
         125000	        11	80000014	00cd8d93	addi	x27,x27,12	 x27:0x8000000c x27=0x80000018
         135000	        12	80000018	000d8067	jalr	x0,x27,0	 x27:0x80000018
         145000	        13	00000000	00000013	addi	x0,x0,0	  x0:0x00000000
         155000	        14	80000018	00000013	addi	x0,x0,0	  x0:0x00000000
         165000	        15	8000001c	400006b7	lui	x13,0x40000	 x13=0x40000000
         175000	        16	80000020	10068693	addi	x13,x13,256	 x13:0x40000000 x13=0x40000100
         185000	        17	80000024	00000013	addi	x0,x0,0	  x0:0x00000000
         195000	        18	80000028	0000a717	auipc	x14,0xa	 x14=0x8000a024
         205000	        19	8000002c	fa070713	addi	x14,x14,-96	 x14:0x8000a024 x14=0x80009fc4
         215000	        20	80000030	00002697	auipc	x13,0x2	 x13=0x8000202c
         225000	        21	80000034	0fc68693	addi	x13,x13,252	 x13:0x8000202c x13=0x80002128
         235000	        22	80000038	0006e693	ori	x13,x13,0	 x13:0x80002128 x13=0x80002128
         245000	        23	8000003c	00000013	addi	x0,x0,0	  x0:0x00000000
         255000	        24	80000040	00000697	auipc	x13,0x0	 x13=0x8000003c
         265000	        25	80000044	02068693	addi	x13,x13,32	 x13:0x8000003c x13=0x8000005c
         275000	        26	80000048	00000013	addi	x0,x0,0	  x0:0x00000000
         285000	        27	8000004c	00000013	addi	x0,x0,0	  x0:0x00000000
         295000	        28	80000050	000026b7	lui	x13,0x2	 x13=0x00002000
         305000	        29	80000054	80068693	addi	x13,x13,-2048	 x13:0x00002000 x13=0x00001800
         315000	        30	80000058	00000013	addi	x0,x0,0	  x0:0x00000000
         325000	        31	8000005c	00000013	addi	x0,x0,0	  x0:0x00000000
         335000	        32	80000060	00000013	addi	x0,x0,0	  x0:0x00000000
         345000	        33	80000064	f2eda0b7	lui	x1,0xf2eda	  x1=0xf2eda000
         355000	        34	80000068	8c308093	addi	x1,x1,-1853	  x1:0xf2eda000  x1=0xf2ed98c3
         365000	        35	8000006c	f4c6d137	lui	x2,0xf4c6d	  x2=0xf4c6d000
         375000	        36	80000070	c4210113	addi	x2,x2,-958	  x2:0xf4c6d000  x2=0xf4c6cc42
         385000	        37	80000074	00000193	addi	x3,x0,0	  x0:0x00000000  x3=0x00000000
         395000	        38	80000078	00000213	addi	x4,x0,0	  x0:0x00000000  x4=0x00000000
         405000	        39	8000007c	00000293	addi	x5,x0,0	  x0:0x00000000  x5=0x00000000
         415000	        40	80000080	00300313	addi	x6,x0,3	  x0:0x00000000  x6=0x00000003
         425000	        41	80000084	00d00393	addi	x7,x0,13	  x0:0x00000000  x7=0x0000000d
         435000	        42	80000088	f43a7437	lui	x8,0xf43a7	  x8=0xf43a7000
         445000	        43	8000008c	54c40413	addi	x8,x8,1356	  x8:0xf43a7000  x8=0xf43a754c
         455000	        44	80000090	f19be4b7	lui	x9,0xf19be	  x9=0xf19be000
         465000	        45	80000094	3e048493	addi	x9,x9,992	  x9:0xf19be000  x9=0xf19be3e0
         475000	        46	80000098	00e00513	addi	x10,x0,14	  x0:0x00000000 x10=0x0000000e
         485000	        47	8000009c	00400593	addi	x11,x0,4	  x0:0x00000000 x11=0x00000004
         495000	        48	800000a0	00300613	addi	x12,x0,3	  x0:0x00000000 x12=0x00000003
         505000	        49	800000a4	f3f296b7	lui	x13,0xf3f29	 x13=0xf3f29000
         515000	        50	800000a8	1dd68693	addi	x13,x13,477	 x13:0xf3f29000 x13=0xf3f291dd
         525000	        51	800000ac	fce927b7	lui	x15,0xfce92	 x15=0xfce92000
         535000	        52	800000b0	3c878793	addi	x15,x15,968	 x15:0xfce92000 x15=0xfce923c8
         545000	        53	800000b4	00c00813	addi	x16,x0,12	  x0:0x00000000 x16=0x0000000c
         555000	        54	800000b8	800008b7	lui	x17,0x80000	 x17=0x80000000
         565000	        55	800000bc	f8ed0937	lui	x18,0xf8ed0	 x18=0xf8ed0000
         575000	        56	800000c0	70990913	addi	x18,x18,1801	 x18:0xf8ed0000 x18=0xf8ed0709
         585000	        57	800000c4	00900993	addi	x19,x0,9	  x0:0x00000000 x19=0x00000009
         595000	        58	800000c8	80000a37	lui	x20,0x80000	 x20=0x80000000
         605000	        59	800000cc	00800a93	addi	x21,x0,8	  x0:0x00000000 x21=0x00000008
         615000	        60	800000d0	80000bb7	lui	x23,0x80000	 x23=0x80000000
         625000	        61	800000d4	4b6f2c37	lui	x24,0x4b6f2	 x24=0x4b6f2000
         635000	        62	800000d8	0b4c0c13	addi	x24,x24,180	 x24:0x4b6f2000 x24=0x4b6f20b4
         645000	        63	800000dc	37d3fcb7	lui	x25,0x37d3f	 x25=0x37d3f000
         655000	        64	800000e0	951c8c93	addi	x25,x25,-1711	 x25:0x37d3f000 x25=0x37d3e951
         665000	        65	800000e4	00000d13	addi	x26,x0,0	  x0:0x00000000 x26=0x00000000
         675000	        66	800000e8	00000d93	addi	x27,x0,0	  x0:0x00000000 x27=0x00000000
         685000	        67	800000ec	a0074e37	lui	x28,0xa0074	 x28=0xa0074000
         695000	        68	800000f0	6e4e0e13	addi	x28,x28,1764	 x28:0xa0074000 x28=0xa00746e4
         705000	        69	800000f4	8aba7eb7	lui	x29,0x8aba7	 x29=0x8aba7000
         715000	        70	800000f8	60be8e93	addi	x29,x29,1547	 x29:0x8aba7000 x29=0x8aba760b
         725000	        71	800000fc	00300f13	addi	x30,x0,3	  x0:0x00000000 x30=0x00000003
         735000	        72	80000100	00a00f93	addi	x31,x0,10	  x0:0x00000000 x31=0x0000000a
         745000	        73	80000104	0000ab17	auipc	x22,0xa	 x22=0x8000a100
         755000	        74	80000108	e84b0b13	addi	x22,x22,-380	 x22:0x8000a100 x22=0x80009f84
         765000	        75	8000010c	00000497	auipc	x9,0x0	  x9=0x80000108
         775000	        76	80000110	28c48493	addi	x9,x9,652	  x9:0x80000108  x9=0x80000394
         785000	        77	80000114	012e91b3	sll	x3,x29,x18	 x29:0x8aba760b x18:0xf8ed0709  x3=0x74ec1600
         795000	        78	80000118	0102cc33	xor	x24,x5,x16	  x5:0x00000000 x16:0x0000000c x24=0x0000000c
         805000	        79	8000011c	412fdd13	srai	x26,x31,0x12	 x31:0x0000000a x26=0x00000000
         815000	        80	80000120	bda67cb7	lui	x25,0xbda67	 x25=0xbda67000
         825000	        81	80000124	01801793	slli	x15,x0,0x18	  x0:0x00000000 x15=0x00000000
         835000	        82	80000128	00969b93	slli	x23,x13,0x9	 x13:0xf3f291dd x23=0xe523ba00
         845000	        83	8000012c	2c048493	addi	x9,x9,704	  x9:0x80000394  x9=0x80000654
         855000	        84	80000130	40d7d533	sra	x10,x15,x13	 x15:0x00000000 x13:0xf3f291dd x10=0x00000000
         865000	        85	80000134	000d5463	bge	x26,x0,8000013c	 x26:0x00000000  x0:0x00000000
         875000	        86	00000000	00000013	addi	x0,x0,0	  x0:0x00000000
         885000	        87	80000138	00000013	addi	x0,x0,0	  x0:0x00000000
         895000	        88	8000013c	d4048ee7	jalr	x29,x9,-704	  x9:0x80000654 x29=0x8000013c
         905000	        89	00000000	00000013	addi	x0,x0,0	  x0:0x00000000
         915000	        90	80000394	00000013	addi	x0,x0,0	  x0:0x00000000
         925000	        91	80000398	3bd5be13	sltiu	x28,x11,957	 x11:0x00000004 x28=0x00000001
         935000	        92	8000039c	f9bee113	ori	x2,x29,-101	 x29:0x8000013c  x2=0xffffffbf
         945000	        93	800003a0	00c60463	beq	x12,x12,800003a8	 x12:0x00000003 x12:0x00000003
         955000	        94	00000000	00000013	addi	x0,x0,0	  x0:0x00000000
         965000	        95	800003a4	00000013	addi	x0,x0,0	  x0:0x00000000
         975000	        96	800003a8	fd8b0b13	addi	x22,x22,-40	 x22:0x80009f84 x22=0x80009f5c
         985000	        97	800003ac	00000013	addi	x0,x0,0	  x0:0x00000000
         995000	        98	800003b0	01857333	and	x6,x10,x24	 x10:0x00000000 x24:0x0000000c  x6=0x00000000
        1005000	        99	800003b4	01db2223	sw	x29,4(x22)	 x22:0x80009f5c x29:0x8000013c PA:0x80009f60
        1015000	       100	800003b8	3f1fa113	slti	x2,x31,1009	 x31:0x0000000a  x2=0x00000001
        1025000	       101	800003bc	01fea633	slt	x12,x29,x31	 x29:0x8000013c x31:0x0000000a x12=0x00000001
        1035000	       102	800003c0	00008897	auipc	x17,0x8	 x17=0x800083bc
        1045000	       103	800003c4	e2988893	addi	x17,x17,-471	 x17:0x800083bc x17=0x800081e5
        1055000	       104	800003c8	0c58d083	lhu	x1,197(x17)	 x17:0x800081e5  x1=0x00006061 PA:0x800082aa
        1065000	       105	800003cc	0d8882a3	sb	x24,197(x17)	 x17:0x800081e5 x24:0x0000000c PA:0x800082aa
        1075000	       106	800003d0	0e989c03	lh	x24,233(x17)	 x17:0x800081e5 x24=0xffff8485 PA:0x800082ce
        1085000	       107	800003d4	0130c6b3	xor	x13,x1,x19	  x1:0x00006061 x19:0x00000009 x13=0x00006068
        1095000	       108	800003d8	ff78a983	lw	x19,-9(x17)	 x17:0x800081e5 x19=0x94959697 PA:0x800081dc
        1105000	       109	800003dc	f5088b23	sb	x16,-170(x17)	 x17:0x800081e5 x16:0x0000000c PA:0x8000813b
        1115000	       110	800003e0	f1e88c23	sb	x30,-232(x17)	 x17:0x800081e5 x30:0x00000003 PA:0x800080fd
        1125000	       111	800003e4	f11896a3	sh	x17,-243(x17)	 x17:0x800081e5 x17:0x800081e5 PA:0x800080f2
        1135000	       112	800003e8	8baa3813	sltiu	x16,x20,-1862	 x20:0x80000000 x16=0x00000001
        1145000	       113	800003ec	00000013	addi	x0,x0,0	  x0:0x00000000
        1155000	       114	800003f0	0868c603	lbu	x12,134(x17)	 x17:0x800081e5 x12=0x00000020 PA:0x8000826b
        1165000	       115	800003f4	f3588e23	sb	x21,-196(x17)	 x17:0x800081e5 x21:0x00000008 PA:0x80008121
        1175000	       116	800003f8	ff989283	lh	x5,-7(x17)	 x17:0x800081e5  x5=0xffff9495 PA:0x800081de
        1185000	       117	800003fc	f57888a3	sb	x23,-175(x17)	 x17:0x800081e5 x23:0xe523ba00 PA:0x80008136
        1195000	       118	80000400	f8189603	lh	x12,-127(x17)	 x17:0x800081e5 x12=0x00001c1d PA:0x80008166
        1205000	       119	80000404	04e8c303	lbu	x6,78(x17)	 x17:0x800081e5  x6=0x000000e8 PA:0x80008233
        1215000	       120	80000408	94e54393	xori	x7,x10,-1714	 x10:0x00000000  x7=0xfffff94e
        1225000	       121	8000040c	04f88723	sb	x15,78(x17)	 x17:0x800081e5 x15:0x00000000 PA:0x80008233
        1235000	       122	80000410	04288723	sb	x2,78(x17)	 x17:0x800081e5  x2:0x00000001 PA:0x80008233
        1245000	       123	80000414	f388c903	lbu	x18,-200(x17)	 x17:0x800081e5 x18=0x000000d6 PA:0x8000811d
        1255000	       124	80000418	7b85ba93	sltiu	x21,x11,1976	 x11:0x00000004 x21=0x00000001
        1265000	       125	8000041c	05388503	lb	x10,83(x17)	 x17:0x800081e5 x10=0xfffffff3 PA:0x80008238
        1275000	       126	80000420	fc189483	lh	x9,-63(x17)	 x17:0x800081e5  x9=0x00005c5d PA:0x800081a6
        1285000	       127	80000424	01c89fa3	sh	x28,31(x17)	 x17:0x800081e5 x28:0x00000001 PA:0x80008204
        1295000	       128	80000428	01292233	slt	x4,x18,x18	 x18:0x000000d6 x18:0x000000d6  x4=0x00000000
        1305000	       129	8000042c	0378dc83	lhu	x25,55(x17)	 x17:0x800081e5 x25=0x0000d6d7 PA:0x8000821c
        1315000	       130	80000430	00008117	auipc	x2,0x8	  x2=0x8000842c
        1325000	       131	80000434	77f10113	addi	x2,x2,1919	  x2:0x8000842c  x2=0x80008bab
        1335000	       132	80000438	00315b83	lhu	x23,3(x2)	  x2:0x80008bab x23=0x00009495 PA:0x80008bae
        1345000	       133	8000043c	00cfc1b3	xor	x3,x31,x12	 x31:0x0000000a x12:0x00001c1d  x3=0x00001c17
        1355000	       134	80000440	001111a3	sh	x1,3(x2)	  x2:0x80008bab  x1:0x00006061 PA:0x80008bae
        1365000	       135	80000444	00315503	lhu	x10,3(x2)	  x2:0x80008bab x10=0x00006061 PA:0x80008bae
        1375000	       136	80000448	00311383	lh	x7,3(x2)	  x2:0x80008bab  x7=0x00006061 PA:0x80008bae
        1385000	       137	8000044c	e6913c13	sltiu	x24,x2,-407	  x2:0x80008bab x24=0x00000001
        1395000	       138	80000450	01c111a3	sh	x28,3(x2)	  x2:0x80008bab x28:0x00000001 PA:0x80008bae
        1405000	       139	80000454	ff912503	lw	x10,-7(x2)	  x2:0x80008bab x10=0x8c8d8e8f PA:0x80008ba4
        1415000	       140	80000458	ffc14a03	lbu	x20,-4(x2)	  x2:0x80008bab x20=0x0000008c PA:0x80008ba7
        1425000	       141	00000000	00000013	addi	x0,x0,0	  x0:0x00000000
        1435000	       142	8000045c	014103a3	sb	x20,7(x2)	  x2:0x80008bab x20:0x0000008c PA:0x80008bb2
        1445000	       143	80000460	00710183	lb	x3,7(x2)	  x2:0x80008bab  x3=0xffffff8c PA:0x80008bb2
        1455000	       144	80000464	00711c03	lh	x24,7(x2)	  x2:0x80008bab x24=0xffff988c PA:0x80008bb2
        1465000	       145	80000468	00711883	lh	x17,7(x2)	  x2:0x80008bab x17=0xffff988c PA:0x80008bb2
        1475000	       146	8000046c	dd47c913	xori	x18,x15,-556	 x15:0x00000000 x18=0xfffffdd4
        1485000	       147	80000470	ff910e23	sb	x25,-4(x2)	  x2:0x80008bab x25:0x0000d6d7 PA:0x80008ba7
        1495000	       148	80000474	00fb9ab3	sll	x21,x23,x15	 x23:0x00009495 x15:0x00000000 x21=0x00009495
        1505000	       149	80000478	ffc10e83	lb	x29,-4(x2)	  x2:0x80008bab x29=0xffffffd7 PA:0x80008ba7
        1515000	       150	8000047c	fe810e23	sb	x8,-4(x2)	  x2:0x80008bab  x8:0xf43a754c PA:0x80008ba7
        1525000	       151	80000480	00000013	addi	x0,x0,0	  x0:0x00000000
        1535000	       152	80000484	ffc10383	lb	x7,-4(x2)	  x2:0x80008bab  x7=0x0000004c PA:0x80008ba7
        1545000	       153	80000488	00d10a03	lb	x20,13(x2)	  x2:0x80008bab x20=0xffffffa3 PA:0x80008bb8
        1555000	       154	8000048c	00d15183	lhu	x3,13(x2)	  x2:0x80008bab  x3=0x0000a2a3 PA:0x80008bb8
        1565000	       155	80000490	414b5e33	sra	x28,x22,x20	 x22:0x80009f5c x20:0xffffffa3 x28=0xf00013eb
        1575000	       156	80000494	00d11383	lh	x7,13(x2)	  x2:0x80008bab  x7=0xffffa2a3 PA:0x80008bb8
        1585000	       157	80000498	00008897	auipc	x17,0x8	 x17=0x80008494
        1595000	       158	8000049c	51988893	addi	x17,x17,1305	 x17:0x80008494 x17=0x800089ad
        1605000	       159	800004a0	00000013	addi	x0,x0,0	  x0:0x00000000
        1615000	       160	800004a4	6ce62993	slti	x19,x12,1742	 x12:0x00001c1d x19=0x00000000
        1625000	       161	800004a8	013e97b3	sll	x15,x29,x19	 x29:0xffffffd7 x19:0x00000000 x15=0xffffffd7
        1635000	       162	800004ac	fac88383	lb	x7,-84(x17)	 x17:0x800089ad  x7=0x00000042 PA:0x80008959
        1645000	       163	800004b0	191b6013	ori	x0,x22,401	 x22:0x80009f5c
        1655000	       164	800004b4	04088d03	lb	x26,64(x17)	 x17:0x800089ad x26=0xffffffd6 PA:0x800089ed
        1665000	       165	800004b8	5d488903	lb	x18,1492(x17)	 x17:0x800089ad x18=0x0000006a PA:0x80008f81
        1675000	       166	800004bc	54088103	lb	x2,1344(x17)	 x17:0x800089ad  x2=0xffffffd6 PA:0x80008eed
        1685000	       167	800004c0	11f88c03	lb	x24,287(x17)	 x17:0x800089ad x24=0xffffffb7 PA:0x80008acc
        1695000	       168	800004c4	00a466b3	or	x13,x8,x10	  x8:0xf43a754c x10:0x8c8d8e8f x13=0xfcbfffcf
        1705000	       169	800004c8	51452513	slti	x10,x10,1300	 x10:0x8c8d8e8f x10=0x00000001
        1715000	       170	800004cc	2a688a23	sb	x6,692(x17)	 x17:0x800089ad  x6:0x000000e8 PA:0x80008c61
        1725000	       171	800004d0	feaea413	slti	x8,x29,-22	 x29:0xffffffd7  x8=0x00000001
        1735000	       172	800004d4	62d89a03	lh	x20,1581(x17)	 x17:0x800089ad x20=0xffffc0c1 PA:0x80008fda
        1745000	       173	800004d8	00c01a13	slli	x20,x0,0xc	  x0:0x00000000 x20=0x00000000
        1755000	       174	800004dc	38f88583	lb	x11,911(x17)	 x17:0x800089ad x11=0x00000027 PA:0x80008d3c
        1765000	       175	800004e0	fc588323	sb	x5,-58(x17)	 x17:0x800089ad  x5:0xffff9495 PA:0x80008973
        1775000	       176	800004e4	419e5ab3	sra	x21,x28,x25	 x28:0xf00013eb x25:0x0000d6d7 x21=0xffffffe0
        1785000	       177	800004e8	f5e8a5a3	sw	x30,-181(x17)	 x17:0x800089ad x30:0x00000003 PA:0x800088f8
        1795000	       178	800004ec	946b4413	xori	x8,x22,-1722	 x22:0x80009f5c  x8=0x7fff661a
        1805000	       179	800004f0	18e88623	sb	x14,396(x17)	 x17:0x800089ad x14:0x80009fc4 PA:0x80008b39
        1815000	       180	800004f4	fe58df03	lhu	x30,-27(x17)	 x17:0x800089ad x30=0x00007879 PA:0x80008992
        1825000	       181	800004f8	01238133	add	x2,x7,x18	  x7:0x00000042 x18:0x0000006a  x2=0x000000ac
        1835000	       182	800004fc	3e888603	lb	x12,1000(x17)	 x17:0x800089ad x12=0x0000007e PA:0x80008d95
        1845000	       183	80000500	34f88fa3	sb	x15,863(x17)	 x17:0x800089ad x15:0xffffffd7 PA:0x80008d0c
        1855000	       184	80000504	012fdeb3	srl	x29,x31,x18	 x31:0x0000000a x18:0x0000006a x29=0x00000000
        1865000	       185	80000508	0218de03	lhu	x28,33(x17)	 x17:0x800089ad x28=0x0000b4b5 PA:0x800089ce
        1875000	       186	8000050c	011c0f33	add	x30,x24,x17	 x24:0xffffffb7 x17:0x800089ad x30=0x80008964
        1885000	       187	80000510	01541533	sll	x10,x8,x21	  x8:0x7fff661a x21:0xffffffe0 x10=0x7fff661a
        1895000	       188	80000514	01dc6e33	or	x28,x24,x29	 x24:0xffffffb7 x29:0x00000000 x28=0xffffffb7
        1905000	       189	80000518	5d989a83	lh	x21,1497(x17)	 x17:0x800089ad x21=0x00006c6d PA:0x80008f86
        1915000	       190	8000051c	0a960613	addi	x12,x12,169	 x12:0x0000007e x12=0x00000127
        1925000	       191	80000520	41fc8033	sub	x0,x25,x31	 x25:0x0000d6d7 x31:0x0000000a
        1935000	       192	80000524	0107dd33	srl	x26,x15,x16	 x15:0xffffffd7 x16:0x00000001 x26=0x7fffffeb
        1945000	       193	80000528	00d79e33	sll	x28,x15,x13	 x15:0xffffffd7 x13:0xfcbfffcf x28=0xffeb8000
        1955000	       194	8000052c	faf88903	lb	x18,-81(x17)	 x17:0x800089ad x18=0x00000047 PA:0x8000895c
        1965000	       195	00000000	00000013	addi	x0,x0,0	  x0:0x00000000
        1975000	       196	80000530	00a913b3	sll	x7,x18,x10	 x18:0x00000047 x10:0x7fff661a  x7=0x1c000000
        1985000	       197	80000534	e798d803	lhu	x16,-391(x17)	 x17:0x800089ad x16=0x00000c0d PA:0x80008826
        1995000	       198	80000538	fa88c403	lbu	x8,-88(x17)	 x17:0x800089ad  x8=0x0000003e PA:0x80008955
        2005000	       199	8000053c	00000013	addi	x0,x0,0	  x0:0x00000000
        2015000	       200	80000540	0fe8c283	lbu	x5,254(x17)	 x17:0x800089ad  x5=0x00000090 PA:0x80008aab
        2025000	       201	00000000	00000013	addi	x0,x0,0	  x0:0x00000000
        2035000	       202	80000544	00c28333	add	x6,x5,x12	  x5:0x00000090 x12:0x00000127  x6=0x000001b7
        2045000	       203	80000548	28888a83	lb	x21,648(x17)	 x17:0x800089ad x21=0x0000001e PA:0x80008c35
        2055000	       204	00000000	00000013	addi	x0,x0,0	  x0:0x00000000
        2065000	       205	8000054c	623acc93	xori	x25,x21,1571	 x21:0x0000001e x25=0x0000063d
        2075000	       206	80000550	08e898a3	sh	x14,145(x17)	 x17:0x800089ad x14:0x80009fc4 PA:0x80008a3e
        2085000	       207	80000554	6168c303	lbu	x6,1558(x17)	 x17:0x800089ad  x6=0x000000a8 PA:0x80008fc3
        2095000	       208	80000558	70ae2a93	slti	x21,x28,1802	 x28:0xffeb8000 x21=0x00000001
        2105000	       209	8000055c	96a87293	andi	x5,x16,-1686	 x16:0x00000c0d  x5=0x00000808
        2115000	       210	80000560	015bf9b3	and	x19,x23,x21	 x23:0x00009495 x21:0x00000001 x19=0x00000001
        2125000	       211	80000564	35388c23	sb	x19,856(x17)	 x17:0x800089ad x19:0x00000001 PA:0x80008d05
        2135000	       212	80000568	00c25e33	srl	x28,x4,x12	  x4:0x00000000 x12:0x00000127 x28=0x00000000
        2145000	       213	8000056c	414389b3	sub	x19,x7,x20	  x7:0x1c000000 x20:0x00000000 x19=0x1c000000
        2155000	       214	80000570	50a0e013	ori	x0,x1,1290	  x1:0x00006061
        2165000	       215	80000574	0ef89403	lh	x8,239(x17)	 x17:0x800089ad  x8=0xffff8687 PA:0x80008a9c
        2175000	       216	80000578	49d88923	sb	x29,1170(x17)	 x17:0x800089ad x29:0x00000000 PA:0x80008e3f
        2185000	       217	8000057c	62189a83	lh	x21,1569(x17)	 x17:0x800089ad x21=0xffffb4b5 PA:0x80008fce
        2195000	       218	80000580	00008117	auipc	x2,0x8	  x2=0x8000857c
        2205000	       219	80000584	f5910113	addi	x2,x2,-167	  x2:0x8000857c  x2=0x800084d5
        2215000	       220	80000588	008ed533	srl	x10,x29,x8	 x29:0x00000000  x8:0xffff8687 x10=0x00000000
        2225000	       221	8000058c	bf610c23	sb	x22,-1032(x2)	  x2:0x800084d5 x22:0x80009f5c PA:0x800080cd
        2235000	       222	80000590	00a65433	srl	x8,x12,x10	 x12:0x00000127 x10:0x00000000  x8=0x00000127
        2245000	       223	80000594	19810903	lb	x18,408(x2)	  x2:0x800084d5 x18=0x00000026 PA:0x8000866d
        2255000	       224	80000598	00e5ac33	slt	x24,x11,x14	 x11:0x00000027 x14:0x80009fc4 x24=0x00000000
        2265000	       225	8000059c	40845f33	sra	x30,x8,x8	  x8:0x00000127  x8:0x00000127 x30=0x00000002
        2275000	       226	800005a0	00000013	addi	x0,x0,0	  x0:0x00000000
        2285000	       227	800005a4	21210483	lb	x9,530(x2)	  x2:0x800084d5  x9=0xffffff9c PA:0x800086e7
        2295000	       228	800005a8	00189ab3	sll	x21,x17,x1	 x17:0x800089ad  x1:0x00006061 x21=0x0001135a
        2305000	       229	800005ac	f9b11e83	lh	x29,-101(x2)	  x2:0x800084d5 x29=0x00002a2b PA:0x80008470
        2315000	       230	800005b0	401d5f33	sra	x30,x26,x1	 x26:0x7fffffeb  x1:0x00006061 x30=0x3ffffff5
        2325000	       231	800005b4	0034dcb3	srl	x25,x9,x3	  x9:0xffffff9c  x3:0x0000a2a3 x25=0x1ffffff3
        2335000	       232	800005b8	009c91b3	sll	x3,x25,x9	 x25:0x1ffffff3  x9:0xffffff9c  x3=0x30000000
        2345000	       233	800005bc	57913f93	sltiu	x31,x2,1401	  x2:0x800084d5 x31=0x00000000
        2355000	       234	800005c0	40a550b3	sra	x1,x10,x10	 x10:0x00000000 x10:0x00000000  x1=0x00000000
        2365000	       235	800005c4	01040e33	add	x28,x8,x16	  x8:0x00000127 x16:0x00000c0d x28=0x00000d34
        2375000	       236	800005c8	000ea233	slt	x4,x29,x0	 x29:0x00002a2b  x0:0x00000000  x4=0x00000000
        2385000	       237	800005cc	c909a513	slti	x10,x19,-880	 x19:0x1c000000 x10=0x00000000
        2395000	       238	800005d0	29b12303	lw	x6,667(x2)	  x2:0x800084d5  x6=0x28292a2b PA:0x80008770
        2405000	       239	800005d4	cd080013	addi	x0,x16,-816	 x16:0x00000c0d
        2415000	       240	800005d8	a8d7ebb7	lui	x23,0xa8d7e	 x23=0xa8d7e000
        2425000	       241	800005dc	46ae3a93	sltiu	x21,x28,1130	 x28:0x00000d34 x21=0x00000000
        2435000	       242	800005e0	c4f10ba3	sb	x15,-937(x2)	  x2:0x800084d5 x15:0xffffffd7 PA:0x8000812c
        2445000	       243	800005e4	c2211aa3	sh	x2,-971(x2)	  x2:0x800084d5  x2:0x800084d5 PA:0x8000810a
        2455000	       244	800005e8	e658a193	slti	x3,x17,-411	 x17:0x800089ad  x3=0x00000001
        2465000	       245	800005ec	fac10523	sb	x12,-86(x2)	  x2:0x800084d5 x12:0x00000127 PA:0x8000847f
        2475000	       246	800005f0	9ff98837	lui	x16,0x9ff98	 x16=0x9ff98000
        2485000	       247	800005f4	b9210683	lb	x13,-1134(x2)	  x2:0x800084d5 x13=0x0000001c PA:0x80008067
        2495000	       248	800005f8	007aec33	or	x24,x21,x7	 x21:0x00000000  x7:0x1c000000 x24=0x1c000000
        2505000	       249	800005fc	17510023	sb	x21,352(x2)	  x2:0x800084d5 x21:0x00000000 PA:0x80008635
        2515000	       250	80000600	aeebbd13	sltiu	x26,x23,-1298	 x23:0xa8d7e000 x26=0x00000001
        2525000	       251	80000604	01435893	srli	x17,x6,0x14	  x6:0x28292a2b x17=0x00000282
        2535000	       252	80000608	52f82813	slti	x16,x16,1327	 x16:0x9ff98000 x16=0x00000001
        2545000	       253	8000060c	03610da3	sb	x22,59(x2)	  x2:0x800084d5 x22:0x80009f5c PA:0x80008510
        2555000	       254	80000610	d2c4d637	lui	x12,0xd2c4d	 x12=0xd2c4d000
        2565000	       255	80000614	50e5ec93	ori	x25,x11,1294	 x11:0x00000027 x25=0x0000052f
        2575000	       256	80000618	ee210783	lb	x15,-286(x2)	  x2:0x800084d5 x15=0x0000006c PA:0x800083b7
        2585000	       257	8000061c	01e9dd33	srl	x26,x19,x30	 x19:0x1c000000 x30:0x3ffffff5 x26=0x000000e0
        2595000	       258	80000620	352f8993	addi	x19,x31,850	 x31:0x00000000 x19=0x00000352
        2605000	       259	80000624	23027e13	andi	x28,x4,560	  x4:0x00000000 x28=0x00000000
        2615000	       260	80000628	b7c10183	lb	x3,-1156(x2)	  x2:0x800084d5  x3=0x0000000a PA:0x80008051
        2625000	       261	8000062c	00008d17	auipc	x26,0x8	 x26=0x80008628
        2635000	       262	80000630	560d0d13	addi	x26,x26,1376	 x26:0x80008628 x26=0x80008b88
        2645000	       263	80000634	7a348c93	addi	x25,x9,1955	  x9:0xffffff9c x25=0x0000073f
        2655000	       264	80000638	d8ed5b83	lhu	x23,-626(x26)	 x26:0x80008b88 x23=0x0000fcfd PA:0x80008916
        2665000	       265	8000063c	d53d0783	lb	x15,-685(x26)	 x26:0x80008b88 x15=0xffffffc0 PA:0x800088db
        2675000	       266	00000000	00000013	addi	x0,x0,0	  x0:0x00000000
        2685000	       267	80000640	41778bb3	sub	x23,x15,x23	 x15:0xffffffc0 x23:0x0000fcfd x23=0xffff02c3
        2695000	       268	80000644	40cb5693	srai	x13,x22,0xc	 x22:0x80009f5c x13=0xfff80009
        2705000	       269	80000648	f9dd1423	sh	x29,-120(x26)	 x26:0x80008b88 x29:0x00002a2b PA:0x80008b10
        2715000	       270	8000064c	ebed1223	sh	x30,-348(x26)	 x26:0x80008b88 x30:0x3ffffff5 PA:0x80008a2c
        2725000	       271	80000650	21dd0b83	lb	x23,541(x26)	 x26:0x80008b88 x23=0xffffff8e PA:0x80008da5
        2735000	       272	80000654	b7c02593	slti	x11,x0,-1156	  x0:0x00000000 x11=0x00000000
        2745000	       273	80000658	332d5683	lhu	x13,818(x26)	 x26:0x80008b88 x13=0x0000a0a1 PA:0x80008eba
        2755000	       274	8000065c	332d1403	lh	x8,818(x26)	 x26:0x80008b88  x8=0xffffa0a1 PA:0x80008eba
        2765000	       275	80000660	332d0003	lb	x0,818(x26)	 x26:0x80008b88 PA:0x80008eba
        2775000	       276	80000664	00c84033	xor	x0,x16,x12	 x16:0x00000001 x12:0xd2c4d000
        2785000	       277	80000668	49ceea93	ori	x21,x29,1180	 x29:0x00002a2b x21=0x00002ebf
        2795000	       278	8000066c	337d0923	sb	x23,818(x26)	 x26:0x80008b88 x23:0xffffff8e PA:0x80008eba
        2805000	       279	80000670	332d4a03	lbu	x20,818(x26)	 x26:0x80008b88 x20=0x0000008e PA:0x80008eba
        2815000	       280	80000674	332d5603	lhu	x12,818(x26)	 x26:0x80008b88 x12=0x0000a08e PA:0x80008eba
        2825000	       281	80000678	f28d2623	sw	x8,-212(x26)	 x26:0x80008b88  x8:0xffffa0a1 PA:0x80008ab4
        2835000	       282	8000067c	f2cd2303	lw	x6,-212(x26)	 x26:0x80008b88  x6=0xffffa0a1 PA:0x80008ab4
        2845000	       283	80000680	00008b97	auipc	x23,0x8	 x23=0x8000867c
        2855000	       284	80000684	0a1b8b93	addi	x23,x23,161	 x23:0x8000867c x23=0x8000871d
        2865000	       285	80000688	ff2bc103	lbu	x2,-14(x23)	 x23:0x8000871d  x2=0x000000c4 PA:0x8000870f
        2875000	       286	8000068c	03eb8503	lb	x10,62(x23)	 x23:0x8000871d x10=0x00000010 PA:0x8000875b
        2885000	       287	80000690	fc8bc683	lbu	x13,-56(x23)	 x23:0x8000871d x13=0x0000009e PA:0x800086e5
        2895000	       288	80000694	fffbce03	lbu	x28,-1(x23)	 x23:0x8000871d x28=0x000000d7 PA:0x8000871c
        2905000	       289	80000698	febb8183	lb	x3,-21(x23)	 x23:0x8000871d  x3=0xffffffc3 PA:0x80008708
        2915000	       290	8000069c	ff4bc403	lbu	x8,-12(x23)	 x23:0x8000871d  x8=0x000000ca PA:0x80008711
        2925000	       291	800006a0	00cb83a3	sb	x12,7(x23)	 x23:0x8000871d x12:0x0000a08e PA:0x80008724
        2935000	       292	800006a4	fe4bc783	lbu	x15,-28(x23)	 x23:0x8000871d x15=0x000000ba PA:0x80008701
        2945000	       293	800006a8	4039d113	srai	x2,x19,0x3	 x19:0x00000352  x2=0x0000006a
        2955000	       294	800006ac	6d97e313	ori	x6,x15,1753	 x15:0x000000ba  x6=0x000006fb
        2965000	       295	800006b0	fe4b8303	lb	x6,-28(x23)	 x23:0x8000871d  x6=0xffffffba PA:0x80008701
        2975000	       296	800006b4	40da5293	srai	x5,x20,0xd	 x20:0x0000008e  x5=0x00000000
        2985000	       297	800006b8	fe4b8603	lb	x12,-28(x23)	 x23:0x8000871d x12=0xffffffba PA:0x80008701
        2995000	       298	800006bc	00008117	auipc	x2,0x8	  x2=0x800086b8
        3005000	       299	800006c0	6c710113	addi	x2,x2,1735	  x2:0x800086b8  x2=0x80008d7f
        3015000	       300	800006c4	819d2793	slti	x15,x26,-2023	 x26:0x80008b88 x15=0x00000001
        3025000	       301	800006c8	a43f6f13	ori	x30,x30,-1469	 x30:0x3ffffff5 x30=0xfffffff7
        3035000	       302	800006cc	414fda93	srai	x21,x31,0x14	 x31:0x00000000 x21=0x00000000
        3045000	       303	800006d0	c5e10e23	sb	x30,-932(x2)	  x2:0x80008d7f x30:0xfffffff7 PA:0x800089db
        3055000	       304	800006d4	05710983	lb	x19,87(x2)	  x2:0x80008d7f x19=0xffffffbd PA:0x80008dd6
        3065000	       305	800006d8	0064b8b3	sltu	x17,x9,x6	  x9:0xffffff9c  x6:0xffffffba x17=0x00000001
        3075000	       306	800006dc	dbb11003	lh	x0,-581(x2)	  x2:0x80008d7f PA:0x80008b3a
        3085000	       307	800006e0	40965cb3	sra	x25,x12,x9	 x12:0xffffffba  x9:0xffffff9c x25=0xffffffff
        3095000	       308	800006e4	cca10303	lb	x6,-822(x2)	  x2:0x80008d7f  x6=0x00000032 PA:0x80008a49
        3105000	       309	800006e8	07bb7313	andi	x6,x22,123	 x22:0x80009f5c  x6=0x00000058
        3115000	       310	800006ec	16010203	lb	x4,352(x2)	  x2:0x80008d7f  x4=0xffffffc4 PA:0x80008edf
        3125000	       311	800006f0	40c65293	srai	x5,x12,0xc	 x12:0xffffffba  x5=0xffffffff
        3135000	       312	800006f4	10310583	lb	x11,259(x2)	  x2:0x80008d7f x11=0x00000069 PA:0x80008e82
        3145000	       313	00000000	00000013	addi	x0,x0,0	  x0:0x00000000
        3155000	       314	800006f8	83358813	addi	x16,x11,-1997	 x11:0x00000069 x16=0xfffff89c
        3165000	       315	800006fc	b2e10423	sb	x14,-1240(x2)	  x2:0x80008d7f x14:0x80009fc4 PA:0x800088a7
        3175000	       316	80000700	00000013	addi	x0,x0,0	  x0:0x00000000
        3185000	       317	80000704	efdf2893	slti	x17,x30,-259	 x30:0xfffffff7 x17=0x00000000
        3195000	       318	80000708	703a3e13	sltiu	x28,x20,1795	 x20:0x0000008e x28=0x00000001
        3205000	       319	8000070c	01c69813	slli	x16,x13,0x1c	 x13:0x0000009e x16=0xe0000000
        3215000	       320	80000710	c6110e23	sb	x1,-900(x2)	  x2:0x80008d7f  x1:0x00000000 PA:0x800089fb
        3225000	       321	80000714	cbc10c83	lb	x25,-836(x2)	  x2:0x80008d7f x25=0x00000020 PA:0x80008a3b
        3235000	       322	80000718	fc414383	lbu	x7,-60(x2)	  x2:0x80008d7f  x7=0x00000028 PA:0x80008d43
        3245000	       323	8000071c	c7b52a13	slti	x20,x10,-901	 x10:0x00000010 x20=0x00000000
        3255000	       324	80000720	d0f14f03	lbu	x30,-753(x2)	  x2:0x80008d7f x30=0x00000075 PA:0x80008a8e
        3265000	       325	80000724	e90119a3	sh	x16,-365(x2)	  x2:0x80008d7f x16:0xe0000000 PA:0x80008c12
        3275000	       326	80000728	00000013	addi	x0,x0,0	  x0:0x00000000
        3285000	       327	8000072c	01f09793	slli	x15,x1,0x1f	  x1:0x00000000 x15=0x00000000
        3295000	       328	80000730	0138c433	xor	x8,x17,x19	 x17:0x00000000 x19:0xffffffbd  x8=0xffffffbd
        3305000	       329	80000734	01c59a93	slli	x21,x11,0x1c	 x11:0x00000069 x21=0x90000000
        3315000	       330	80000738	1b7128a3	sw	x23,433(x2)	  x2:0x80008d7f x23:0x8000871d PA:0x80008f30
        3325000	       331	8000073c	00008117	auipc	x2,0x8	  x2=0x80008738
        3335000	       332	80000740	48c10113	addi	x2,x2,1164	  x2:0x80008738  x2=0x80008bc4
        3345000	       333	80000744	00d10ba3	sb	x13,23(x2)	  x2:0x80008bc4 x13:0x0000009e PA:0x80008bdb
        3355000	       334	80000748	01010ba3	sb	x16,23(x2)	  x2:0x80008bc4 x16:0xe0000000 PA:0x80008bdb
        3365000	       335	8000074c	00e10323	sb	x14,6(x2)	  x2:0x80008bc4 x14:0x80009fc4 PA:0x80008bca
        3375000	       336	80000750	03514083	lbu	x1,53(x2)	  x2:0x80008bc4  x1=0x000000e2 PA:0x80008bf9
        3385000	       337	80000754	02710aa3	sb	x7,53(x2)	  x2:0x80008bc4  x7:0x00000028 PA:0x80008bf9
        3395000	       338	80000758	03510a03	lb	x20,53(x2)	  x2:0x80008bc4 x20=0x00000028 PA:0x80008bf9
        3405000	       339	00000000	00000013	addi	x0,x0,0	  x0:0x00000000
        3415000	       340	8000075c	364a6e13	ori	x28,x20,868	 x20:0x00000028 x28=0x0000036c
        3425000	       341	80000760	00000013	addi	x0,x0,0	  x0:0x00000000
        3435000	       342	80000764	fe610d03	lb	x26,-26(x2)	  x2:0x80008bc4 x26=0xffffff91 PA:0x80008baa
        3445000	       343	80000768	01710b83	lb	x23,23(x2)	  x2:0x80008bc4 x23=0x00000000 PA:0x80008bdb
        3455000	       344	00000000	00000013	addi	x0,x0,0	  x0:0x00000000
        3465000	       345	8000076c	01710883	lb	x17,23(x2)	  x2:0x80008bc4 x17=0x00000000 PA:0x80008bdb
        3475000	       346	80000770	02411683	lh	x13,36(x2)	  x2:0x80008bc4 x13=0xffffd2d3 PA:0x80008be8
        3485000	       347	80000774	00410aa3	sb	x4,21(x2)	  x2:0x80008bc4  x4:0xffffffc4 PA:0x80008bd9
        3495000	       348	80000778	02f12223	sw	x15,36(x2)	  x2:0x80008bc4 x15:0x00000000 PA:0x80008be8
        3505000	       349	8000077c	03f10223	sb	x31,36(x2)	  x2:0x80008bc4 x31:0x00000000 PA:0x80008be8
        3515000	       350	80000780	fd310583	lb	x11,-45(x2)	  x2:0x80008bc4 x11=0x0000007c PA:0x80008b97
        3525000	       351	80000784	00008697	auipc	x13,0x8	 x13=0x80008780
        3535000	       352	80000788	df068693	addi	x13,x13,-528	 x13:0x80008780 x13=0x80008570
        3545000	       353	8000078c	001617b3	sll	x15,x12,x1	 x12:0xffffffba  x1:0x000000e2 x15=0xfffffee8
        3555000	       354	80000790	ffe69603	lh	x12,-2(x13)	 x13:0x80008570 x12=0x00002425 PA:0x8000856e
        3565000	       355	80000794	00000013	addi	x0,x0,0	  x0:0x00000000
        3575000	       356	80000798	ff368a83	lb	x21,-13(x13)	 x13:0x80008570 x21=0x00000018 PA:0x80008563
        3585000	       357	8000079c	00b68103	lb	x2,11(x13)	 x13:0x80008570  x2=0x00000030 PA:0x8000857b
        3595000	       358	800007a0	ff66d903	lhu	x18,-10(x13)	 x13:0x80008570 x18=0x00001c1d PA:0x80008566
        3605000	       359	800007a4	ffa6d503	lhu	x10,-6(x13)	 x13:0x80008570 x10=0x00002021 PA:0x8000856a
        3615000	       360	800007a8	01da2433	slt	x8,x20,x29	 x20:0x00000028 x29:0x00002a2b  x8=0x00000001
        3625000	       361	800007ac	01470fb3	add	x31,x14,x20	 x14:0x80009fc4 x20:0x00000028 x31=0x80009fec
        3635000	       362	800007b0	00869883	lh	x17,8(x13)	 x13:0x80008570 x17=0x00003233 PA:0x80008578
        3645000	       363	800007b4	40c485b3	sub	x11,x9,x12	  x9:0xffffff9c x12:0x00002425 x11=0xffffdb77
        3655000	       364	800007b8	ff56c903	lbu	x18,-11(x13)	 x13:0x80008570 x18=0x0000001e PA:0x80008565
        3665000	       365	800007bc	ff36ce03	lbu	x28,-13(x13)	 x13:0x80008570 x28=0x00000018 PA:0x80008563
        3675000	       366	800007c0	ffb6c303	lbu	x6,-5(x13)	 x13:0x80008570  x6=0x00000020 PA:0x8000856b
        3685000	       367	800007c4	fe468ea3	sb	x4,-3(x13)	 x13:0x80008570  x4:0xffffffc4 PA:0x8000856d
        3695000	       368	800007c8	ff96c983	lbu	x19,-7(x13)	 x13:0x80008570 x19=0x00000022 PA:0x80008569
        3705000	       369	800007cc	ff068583	lb	x11,-16(x13)	 x13:0x80008570 x11=0x0000001b PA:0x80008560
        3715000	       370	800007d0	ffa6cc83	lbu	x25,-6(x13)	 x13:0x80008570 x25=0x00000021 PA:0x8000856a
        3725000	       371	800007d4	00b7f533	and	x10,x15,x11	 x15:0xfffffee8 x11:0x0000001b x10=0x00000008
        3735000	       372	800007d8	d33f2113	slti	x2,x30,-717	 x30:0x00000075  x2=0x00000000
        3745000	       373	800007dc	ffd68403	lb	x8,-3(x13)	 x13:0x80008570  x8=0xffffffc4 PA:0x8000856d
        3755000	       374	800007e0	00724333	xor	x6,x4,x7	  x4:0xffffffc4  x7:0x00000028  x6=0xffffffec
        3765000	       375	800007e4	3c8d7c13	andi	x24,x26,968	 x26:0xffffff91 x24=0x00000380
        3775000	       376	800007e8	fff6cf03	lbu	x30,-1(x13)	 x13:0x80008570 x30=0x00000024 PA:0x8000856f
        3785000	       377	800007ec	0156a023	sw	x21,0(x13)	 x13:0x80008570 x21:0x00000018 PA:0x80008570
        3795000	       378	800007f0	005410b3	sll	x1,x8,x5	  x8:0xffffffc4  x5:0xffffffff  x1=0x00000000
        3805000	       379	800007f4	68afb493	sltiu	x9,x31,1674	 x31:0x80009fec  x9=0x00000000
        3815000	       380	800007f8	00768f03	lb	x30,7(x13)	 x13:0x80008570 x30=0x0000002c PA:0x80008577
        3825000	       381	800007fc	0171ca33	xor	x20,x3,x23	  x3:0xffffffc3 x23:0x00000000 x20=0xffffffc3
        3835000	       382	80000800	01768423	sb	x23,8(x13)	 x13:0x80008570 x23:0x00000000 PA:0x80008578
        3845000	       383	80000804	00168003	lb	x0,1(x13)	 x13:0x80008570 PA:0x80008571
        3855000	       384	80000808	ff968d03	lb	x26,-7(x13)	 x13:0x80008570 x26=0x00000022 PA:0x80008569
        3865000	       385	8000080c	00008297	auipc	x5,0x8	  x5=0x80008808
        3875000	       386	80000810	75428293	addi	x5,x5,1876	  x5:0x80008808  x5=0x80008f5c
        3885000	       387	80000814	00008917	auipc	x18,0x8	 x18=0x80008810
        3895000	       388	80000818	02a90913	addi	x18,x18,42	 x18:0x80008810 x18=0x8000883a
        3905000	       389	8000081c	0762c103	lbu	x2,118(x5)	  x5:0x80008f5c  x2=0x000000b9 PA:0x80008fd2
        3915000	       390	80000820	ffe95783	lhu	x15,-2(x18)	 x18:0x8000883a x15=0x00002223 PA:0x80008838
        3925000	       391	80000824	00008f97	auipc	x31,0x8	 x31=0x80008820
        3935000	       392	80000828	20ef8f93	addi	x31,x31,526	 x31:0x80008820 x31=0x80008a2e
        3945000	       393	8000082c	024f8ea3	sb	x4,61(x31)	 x31:0x80008a2e  x4:0xffffffc4 PA:0x80008a6b
        3955000	       394	80000830	00008e97	auipc	x29,0x8	 x29=0x8000882c
        3965000	       395	80000834	1e0e8e93	addi	x29,x29,480	 x29:0x8000882c x29=0x80008a0c
        3975000	       396	80000838	00008617	auipc	x12,0x8	 x12=0x80008834
        3985000	       397	8000083c	55860613	addi	x12,x12,1368	 x12:0x80008834 x12=0x80008d8c
        3995000	       398	80000840	f9f28da3	sb	x31,-101(x5)	  x5:0x80008f5c x31:0x80008a2e PA:0x80008ef7
        4005000	       399	80000844	cbe60583	lb	x11,-834(x12)	 x12:0x80008d8c x11=0x00000031 PA:0x80008a4a
        4015000	       400	80000848	3a3eae23	sw	x3,956(x29)	 x29:0x80008a0c  x3:0xffffffc3 PA:0x80008dc8
        4025000	       401	8000084c	0bf64d03	lbu	x26,191(x12)	 x12:0x80008d8c x26=0x00000030 PA:0x80008e4b
        4035000	       402	80000850	fae28da3	sb	x14,-69(x5)	  x5:0x80008f5c x14:0x80009fc4 PA:0x80008f17
        4045000	       403	80000854	f442dd03	lhu	x26,-188(x5)	  x5:0x80008f5c x26=0x00008a8b PA:0x80008ea0
        4055000	       404	80000858	2e8ec383	lbu	x7,744(x29)	 x29:0x80008a0c  x7=0x000000df PA:0x80008cf4
        4065000	       405	8000085c	004f9023	sh	x4,0(x31)	 x31:0x80008a2e  x4:0xffffffc4 PA:0x80008a2e
        4075000	       406	80000860	0a4ec203	lbu	x4,164(x29)	 x29:0x80008a0c  x4=0x0000009b PA:0x80008ab0
        4085000	       407	80000864	fc5f8303	lb	x6,-59(x31)	 x31:0x80008a2e  x6=0xffffffd8 PA:0x800089f3
        4095000	       408	80000868	388e9783	lh	x15,904(x29)	 x29:0x80008a0c x15=0x00007e7f PA:0x80008d94
        4105000	       409	8000086c	f4228883	lb	x17,-190(x5)	  x5:0x80008f5c x17=0xffffff85 PA:0x80008e9e
        4115000	       410	80000870	f3665783	lhu	x15,-202(x12)	 x12:0x80008d8c x15=0x0000a8a9 PA:0x80008cc2
        4125000	       411	80000874	fe8f8a03	lb	x20,-24(x31)	 x31:0x80008a2e x20=0xfffffffd PA:0x80008a16
        4135000	       412	80000878	ff994e03	lbu	x28,-7(x18)	 x18:0x8000883a x28=0x00000018 PA:0x80008833
        4145000	       413	8000087c	ffa92403	lw	x8,-6(x18)	 x18:0x8000883a  x8=0x1c1d1e1f PA:0x80008834
        4155000	       414	00000000	00000013	addi	x0,x0,0	  x0:0x00000000
        4165000	       415	80000880	f682a223	sw	x8,-156(x5)	  x5:0x80008f5c  x8:0x1c1d1e1f PA:0x80008ec0
        4175000	       416	80000884	00b94a83	lbu	x21,11(x18)	 x18:0x8000883a x21=0x0000002e PA:0x80008845
        4185000	       417	80000888	f7f28583	lb	x11,-129(x5)	  x5:0x80008f5c x11=0xffffffc0 PA:0x80008edb
        4195000	       418	8000088c	ff695a83	lhu	x21,-10(x18)	 x18:0x8000883a x21=0x00001a1b PA:0x80008830
        4205000	       419	80000890	017289a3	sb	x23,19(x5)	  x5:0x80008f5c x23:0x00000000 PA:0x80008f6f
        4215000	       420	80000894	10a65c83	lhu	x25,266(x12)	 x12:0x80008d8c x25=0x00007c7d PA:0x80008e96
        4225000	       421	80000898	000900a3	sb	x0,1(x18)	 x18:0x8000883a  x0:0x00000000 PA:0x8000883b
        4235000	       422	8000089c	f1f28c23	sb	x31,-232(x5)	  x5:0x80008f5c x31:0x80008a2e PA:0x80008e74
        4245000	       423	800008a0	40ae9483	lh	x9,1034(x29)	 x29:0x80008a0c  x9=0xfffffcfd PA:0x80008e16
        4255000	       424	800008a4	005f81a3	sb	x5,3(x31)	 x31:0x80008a2e  x5:0x80008f5c PA:0x80008a31
        4265000	       425	800008a8	0a860883	lb	x17,168(x12)	 x12:0x80008d8c x17=0x0000001f PA:0x80008e34
        4275000	       426	800008ac	e20605a3	sb	x0,-469(x12)	 x12:0x80008d8c  x0:0x00000000 PA:0x80008bb7
        4285000	       427	800008b0	eb2ed683	lhu	x13,-334(x29)	 x29:0x80008a0c x13=0x0000a4a5 PA:0x800088be
        4295000	       428	800008b4	01c90723	sb	x28,14(x18)	 x18:0x8000883a x28:0x00000018 PA:0x80008848
        4305000	       429	800008b8	00008897	auipc	x17,0x8	 x17=0x800088b4
        4315000	       430	800008bc	19f88893	addi	x17,x17,415	 x17:0x800088b4 x17=0x80008a53
        4325000	       431	800008c0	00008797	auipc	x15,0x8	 x15=0x800088bc
        4335000	       432	800008c4	4b678793	addi	x15,x15,1206	 x15:0x800088bc x15=0x80008d72
        4345000	       433	800008c8	fe27a203	lw	x4,-30(x15)	 x15:0x80008d72  x4=0x3c3d3e3f PA:0x80008d54
        4355000	       434	800008cc	00008417	auipc	x8,0x8	  x8=0x800088c8
        4365000	       435	800008d0	70340413	addi	x8,x8,1795	  x8:0x800088c8  x8=0x80008fcb
        4375000	       436	800008d4	fda88d23	sb	x26,-38(x17)	 x17:0x80008a53 x26:0x00008a8b PA:0x80008a2d
        4385000	       437	800008d8	00008097	auipc	x1,0x8	  x1=0x800088d4
        4395000	       438	800008dc	5fe08093	addi	x1,x1,1534	  x1:0x800088d4  x1=0x80008ed2
        4405000	       439	800008e0	00944603	lbu	x12,9(x8)	  x8:0x80008fcb x12=0x000000bf PA:0x80008fd4
        4415000	       440	800008e4	fe48cc83	lbu	x25,-28(x17)	 x17:0x80008a53 x25=0x0000001c PA:0x80008a37
        4425000	       441	800008e8	fcd78023	sb	x13,-64(x15)	 x15:0x80008d72 x13:0x0000a4a5 PA:0x80008d32
        4435000	       442	800008ec	fcb88123	sb	x11,-62(x17)	 x17:0x80008a53 x11:0xffffffc0 PA:0x80008a15
        4445000	       443	800008f0	05608da3	sb	x22,91(x1)	  x1:0x80008ed2 x22:0x80009f5c PA:0x80008f2d
        4455000	       444	800008f4	fd57cc03	lbu	x24,-43(x15)	 x15:0x80008d72 x24=0x0000002c PA:0x80008d47
        4465000	       445	800008f8	fd38cd03	lbu	x26,-45(x17)	 x17:0x80008a53 x26=0x0000000d PA:0x80008a26
        4475000	       446	800008fc	fe589383	lh	x7,-27(x17)	 x17:0x80008a53  x7=0x00002223 PA:0x80008a38
        4485000	       447	80000900	00008317	auipc	x6,0x8	  x6=0x800088fc
        4495000	       448	80000904	34f30313	addi	x6,x6,847	  x6:0x800088fc  x6=0x80008c4b
        4505000	       449	80000908	f1942103	lw	x2,-231(x8)	  x8:0x80008fcb  x2=0xcccdcecf PA:0x80008ee4
        4515000	       450	8000090c	01278483	lb	x9,18(x15)	 x15:0x80008d72  x9=0x0000006f PA:0x80008d84
        4525000	       451	80000910	09c086a3	sb	x28,141(x1)	  x1:0x80008ed2 x28:0x00000018 PA:0x80008f5f
        4535000	       452	80000914	f9734983	lbu	x19,-105(x6)	  x6:0x80008c4b x19=0x000000c9 PA:0x80008be2
        4545000	       453	80000918	00778203	lb	x4,7(x15)	 x15:0x80008d72  x4=0x00000062 PA:0x80008d79
        4555000	       454	8000091c	f9234903	lbu	x18,-110(x6)	  x6:0x80008c4b x18=0x000000c6 PA:0x80008bdd
        4565000	       455	80000920	fe87dc03	lhu	x24,-24(x15)	 x15:0x80008d72 x24=0x00004041 PA:0x80008d5a
        4575000	       456	80000924	f4f09623	sh	x15,-180(x1)	  x1:0x80008ed2 x15:0x80008d72 PA:0x80008e1e
        4585000	       457	80000928	03478ba3	sb	x20,55(x15)	 x15:0x80008d72 x20:0xfffffffd PA:0x80008da9
        4595000	       458	8000092c	f9c40483	lb	x9,-100(x8)	  x8:0x80008fcb  x9=0x0000004c PA:0x80008f67
        4605000	       459	80000930	ff47d483	lhu	x9,-12(x15)	 x15:0x80008d72  x9=0x00004c4d PA:0x80008d66
        4615000	       460	80000934	0260cb83	lbu	x23,38(x1)	  x1:0x80008ed2 x23=0x000000e3 PA:0x80008ef8
        4625000	       461	80000938	02789c03	lh	x24,39(x17)	 x17:0x80008a53 x24=0x00006061 PA:0x80008a7a
        4635000	       462	8000093c	09c30b23	sb	x28,150(x6)	  x6:0x80008c4b x28:0x00000018 PA:0x80008ce1
        4645000	       463	80000940	fbb08583	lb	x11,-69(x1)	  x1:0x80008ed2 x11=0x00000076 PA:0x80008e8d
        4655000	       464	80000944	f0744f83	lbu	x31,-249(x8)	  x8:0x80008fcb x31=0x000000b9 PA:0x80008ed2
        4665000	       465	80000948	fcf78f83	lb	x31,-49(x15)	 x15:0x80008d72 x31=0x0000002a PA:0x80008d41
        4675000	       466	8000094c	0e70c603	lbu	x12,231(x1)	  x1:0x80008ed2 x12=0x000000a2 PA:0x80008fb9
        4685000	       467	80000950	0f534483	lbu	x9,245(x6)	  x6:0x80008c4b  x9=0x0000002b PA:0x80008d40
        4695000	       468	80000954	f4108803	lb	x16,-191(x1)	  x1:0x80008ed2 x16=0xfffffff8 PA:0x80008e13
        4705000	       469	80000958	fa4407a3	sb	x4,-81(x8)	  x8:0x80008fcb  x4:0x00000062 PA:0x80008f7a
        4715000	       470	8000095c	013895a3	sh	x19,11(x17)	 x17:0x80008a53 x19:0x000000c9 PA:0x80008a5e
        4725000	       471	80000960	ffa34a83	lbu	x21,-6(x6)	  x6:0x80008c4b x21=0x0000002e PA:0x80008c45
        4735000	       472	80000964	00444103	lbu	x2,4(x8)	  x8:0x80008fcb  x2=0x000000b4 PA:0x80008fcf
        4745000	       473	80000968	0b030603	lb	x12,176(x6)	  x6:0x80008c4b x12=0xffffffe0 PA:0x80008cfb
        4755000	       474	8000096c	01e88e23	sb	x30,28(x17)	 x17:0x80008a53 x30:0x0000002c PA:0x80008a6f
        4765000	       475	80000970	f38413a3	sh	x24,-217(x8)	  x8:0x80008fcb x24:0x00006061 PA:0x80008ef2
        4775000	       476	80000974	f0508423	sb	x5,-248(x1)	  x1:0x80008ed2  x5:0x80008f5c PA:0x80008dda
        4785000	       477	80000978	fe388483	lb	x9,-29(x17)	 x17:0x80008a53  x9=0x0000001d PA:0x80008a36
        4795000	       478	8000097c	fc48ca03	lbu	x20,-60(x17)	 x17:0x80008a53 x20=0x000000fc PA:0x80008a17
        4805000	       479	80000980	0017c583	lbu	x11,1(x15)	 x15:0x80008d72 x11=0x00000058 PA:0x80008d73
        4815000	       480	80000984	00008c17	auipc	x24,0x8	 x24=0x80008980
        4825000	       481	80000988	c1cc0c13	addi	x24,x24,-996	 x24:0x80008980 x24=0x8000859c
        4835000	       482	8000098c	00008917	auipc	x18,0x8	 x18=0x80008988
        4845000	       483	80000990	dc890913	addi	x18,x18,-568	 x18:0x80008988 x18=0x80008750
        4855000	       484	80000994	dc7c4003	lbu	x0,-569(x24)	 x24:0x8000859c PA:0x80008363
        4865000	       485	80000998	b09909a3	sb	x9,-1261(x18)	 x18:0x80008750  x9:0x0000001d PA:0x80008263
        4875000	       486	8000099c	f1ec1603	lh	x12,-226(x24)	 x24:0x8000859c x12=0x00007071 PA:0x800084ba
        4885000	       487	800009a0	ec5c4583	lbu	x11,-315(x24)	 x24:0x8000859c x11=0x0000001a PA:0x80008461
        4895000	       488	800009a4	00008f17	auipc	x30,0x8	 x30=0x800089a0
        4905000	       489	800009a8	b78f0f13	addi	x30,x30,-1160	 x30:0x800089a0 x30=0x80008518
        4915000	       490	800009ac	118c4383	lbu	x7,280(x24)	 x24:0x8000859c  x7=0x0000006f PA:0x800086b4
        4925000	       491	800009b0	f2bf0da3	sb	x11,-197(x30)	 x30:0x80008518 x11:0x0000001a PA:0x80008453
        4935000	       492	800009b4	da492583	lw	x11,-604(x18)	 x18:0x80008750 x11=0xacadaeaf PA:0x800084f4
        4945000	       493	800009b8	0d9f2223	sw	x25,196(x30)	 x30:0x80008518 x25:0x0000001c PA:0x800085dc
        4955000	       494	800009bc	086f05a3	sb	x6,139(x30)	 x30:0x80008518  x6:0x80008c4b PA:0x800085a3
        4965000	       495	800009c0	231c4883	lbu	x17,561(x24)	 x24:0x8000859c x17=0x00000086 PA:0x800087cd
        4975000	       496	800009c4	b1295183	lhu	x3,-1262(x18)	 x18:0x80008750  x3=0x00001d19 PA:0x80008262
        4985000	       497	800009c8	c37c0483	lb	x9,-969(x24)	 x24:0x8000859c  x9=0xffffff88 PA:0x800081d3
        4995000	       498	800009cc	12ec03a3	sb	x14,295(x24)	 x24:0x8000859c x14:0x80009fc4 PA:0x800086c3
        5005000	       499	800009d0	0e3f07a3	sb	x3,239(x30)	 x30:0x80008518  x3:0x00001d19 PA:0x80008607
        5015000	       500	800009d4	fe8f4403	lbu	x8,-24(x30)	 x30:0x80008518  x8=0x000000bb PA:0x80008500
        5025000	       501	800009d8	e6294b83	lbu	x23,-414(x18)	 x18:0x80008750 x23=0x00000069 PA:0x800085b2
        5035000	       502	800009dc	f1cf4583	lbu	x11,-228(x30)	 x30:0x80008518 x11=0x000000ef PA:0x80008434
        5045000	       503	800009e0	f4df1723	sh	x13,-178(x30)	 x30:0x80008518 x13:0x0000a4a5 PA:0x80008466
        5055000	       504	800009e4	072c5483	lhu	x9,114(x24)	 x24:0x8000859c  x9=0x0000c4c5 PA:0x8000860e
        5065000	       505	800009e8	007f0283	lb	x5,7(x30)	 x30:0x80008518  x5=0xffffffd4 PA:0x8000851f
        5075000	       506	800009ec	0cef1383	lh	x7,206(x30)	 x30:0x80008518  x7=0xffff9c9d PA:0x800085e6
        5085000	       507	800009f0	fc9c4303	lbu	x6,-55(x24)	 x24:0x8000859c  x6=0x0000001e PA:0x80008565
        5095000	       508	800009f4	f3bf4183	lbu	x3,-197(x30)	 x30:0x80008518  x3=0x0000001a PA:0x80008453
        5105000	       509	800009f8	c5a91983	lh	x19,-934(x18)	 x18:0x80008750 x19=0x00006061 PA:0x800083aa
        5115000	       510	800009fc	00008917	auipc	x18,0x8	 x18=0x800089f8
        5125000	       511	80000a00	eb490913	addi	x18,x18,-332	 x18:0x800089f8 x18=0x800088ac
        5135000	       512	80000a04	fa490283	lb	x5,-92(x18)	 x18:0x800088ac  x5=0x0000003b PA:0x80008850
        5145000	       513	80000a08	01b377b3	and	x15,x6,x27	  x6:0x0000001e x27:0x00000000 x15=0x00000000
        5155000	       514	80000a0c	0de95583	lhu	x11,222(x18)	 x18:0x800088ac x11=0x00007071 PA:0x8000898a
        5165000	       515	80000a10	015692b3	sll	x5,x13,x21	 x13:0x0000a4a5 x21:0x0000002e  x5=0x29294000
        5175000	       516	80000a14	419254b3	sra	x9,x4,x25	  x4:0x00000062 x25:0x0000001c  x9=0x00000000
        5185000	       517	80000a18	fad92a23	sw	x13,-76(x18)	 x18:0x800088ac x13:0x0000a4a5 PA:0x80008860
        5195000	       518	80000a1c	01335b93	srli	x23,x6,0x13	  x6:0x0000001e x23=0x00000000
        5205000	       519	80000a20	03895c83	lhu	x25,56(x18)	 x18:0x800088ac x25=0x0000cecf PA:0x800088e4
        5215000	       520	80000a24	0f891823	sh	x24,240(x18)	 x18:0x800088ac x24:0x8000859c PA:0x8000899c
        5225000	       521	80000a28	90d98093	addi	x1,x19,-1779	 x19:0x00006061  x1=0x0000596e
        5235000	       522	80000a2c	0f295683	lhu	x13,242(x18)	 x18:0x800088ac x13=0x00008485 PA:0x8000899e
        5245000	       523	80000a30	fd190d03	lb	x26,-47(x18)	 x18:0x800088ac x26=0x00000066 PA:0x8000887d
        5255000	       524	80000a34	0085f033	and	x0,x11,x8	 x11:0x00007071  x8:0x000000bb
        5265000	       525	80000a38	f8394883	lbu	x17,-125(x18)	 x18:0x800088ac x17=0x00000014 PA:0x8000882f
        5275000	       526	80000a3c	fd2903a3	sb	x18,-57(x18)	 x18:0x800088ac x18:0x800088ac PA:0x80008873
        5285000	       527	80000a40	009134b3	sltu	x9,x2,x9	  x2:0x000000b4  x9:0x00000000  x9=0x00000000
        5295000	       528	80000a44	00ed9d13	slli	x26,x27,0xe	 x27:0x00000000 x26=0x00000000
        5305000	       529	80000a48	02404f93	xori	x31,x0,36	  x0:0x00000000 x31=0x00000024
        5315000	       530	80000a4c	0e190883	lb	x17,225(x18)	 x18:0x800088ac x17=0x00000076 PA:0x8000898d
        5325000	       531	80000a50	02f90f23	sb	x15,62(x18)	 x18:0x800088ac x15:0x00000000 PA:0x800088ea
        5335000	       532	80000a54	037904a3	sb	x23,41(x18)	 x18:0x800088ac x23:0x00000000 PA:0x800088d5
        5345000	       533	80000a58	02a91d23	sh	x10,58(x18)	 x18:0x800088ac x10:0x00000008 PA:0x800088e6
        5355000	       534	80000a5c	0ab94303	lbu	x6,171(x18)	 x18:0x800088ac  x6=0x0000003c PA:0x80008957
        5365000	       535	80000a60	4d553213	sltiu	x4,x10,1237	 x10:0x00000008  x4=0x00000001
        5375000	       536	80000a64	0e0902a3	sb	x0,229(x18)	 x18:0x800088ac  x0:0x00000000 PA:0x80008991
        5385000	       537	80000a68	000bdd33	srl	x26,x23,x0	 x23:0x00000000  x0:0x00000000 x26=0x00000000
        5395000	       538	80000a6c	0b490c23	sb	x20,184(x18)	 x18:0x800088ac x20:0x000000fc PA:0x80008964
        5405000	       539	80000a70	fe295883	lhu	x17,-30(x18)	 x18:0x800088ac x17=0x00007475 PA:0x8000888e
        5415000	       540	80000a74	02190983	lb	x19,33(x18)	 x18:0x800088ac x19=0xffffffb6 PA:0x800088cd
        5425000	       541	80000a78	93bab013	sltiu	x0,x21,-1733	 x21:0x0000002e
        5435000	       542	80000a7c	54de0393	addi	x7,x28,1357	 x28:0x00000018  x7=0x00000565
        5445000	       543	80000a80	40b6d413	srai	x8,x13,0xb	 x13:0x00008485  x8=0x00000010
        5455000	       544	80000a84	40e357b3	sra	x15,x6,x14	  x6:0x0000003c x14:0x80009fc4 x15=0x00000003
        5465000	       545	80000a88	00000013	addi	x0,x0,0	  x0:0x00000000
        5475000	       546	80000a8c	01b90c03	lb	x24,27(x18)	 x18:0x800088ac x24=0xffffffac PA:0x800088c7
        5485000	       547	80000a90	06090ba3	sb	x0,119(x18)	 x18:0x800088ac  x0:0x00000000 PA:0x80008923
        5495000	       548	80000a94	40f85e93	srai	x29,x16,0xf	 x16:0xfffffff8 x29=0xffffffff
        5505000	       549	80000a98	fc891783	lh	x15,-56(x18)	 x18:0x800088ac x15=0x00005e5f PA:0x80008874
        5515000	       550	80000a9c	f9690d23	sb	x22,-102(x18)	 x18:0x800088ac x22:0x80009f5c PA:0x80008846
        5525000	       551	80000aa0	00000013	addi	x0,x0,0	  x0:0x00000000
        5535000	       552	80000aa4	01bbf7b3	and	x15,x23,x27	 x23:0x00000000 x27:0x00000000 x15=0x00000000
        5545000	       553	80000aa8	00000013	addi	x0,x0,0	  x0:0x00000000
        5555000	       554	80000aac	15b3bd13	sltiu	x26,x7,347	  x7:0x00000565 x26=0x00000000
        5565000	       555	80000ab0	5fb34e93	xori	x29,x6,1531	  x6:0x0000003c x29=0x000005c7
        5575000	       556	80000ab4	b3a6fb93	andi	x23,x13,-1222	 x13:0x00008485 x23=0x00008000
        5585000	       557	80000ab8	02b90ea3	sb	x11,61(x18)	 x18:0x800088ac x11:0x00007071 PA:0x800088e9
        5595000	       558	80000abc	0cd90683	lb	x13,205(x18)	 x18:0x800088ac x13=0x00000062 PA:0x80008979
        5605000	       559	00000000	00000013	addi	x0,x0,0	  x0:0x00000000
        5615000	       560	80000ac0	f6d90c83	lb	x25,-147(x18)	 x18:0x800088ac x25=0x00000002 PA:0x80008819
        5625000	       561	80000ac4	02d90283	lb	x5,45(x18)	 x18:0x800088ac  x5=0xffffffc2 PA:0x800088d9
        5635000	       562	80000ac8	00007497	auipc	x9,0x7	  x9=0x80007ac4
        5645000	       563	80000acc	60348493	addi	x9,x9,1539	  x9:0x80007ac4  x9=0x800080c7
        5655000	       564	80000ad0	00948503	lb	x10,9(x9)	  x9:0x800080c7 x10=0xffffff8b PA:0x800080d0
        5665000	       565	80000ad4	00648023	sb	x6,0(x9)	  x9:0x800080c7  x6:0x0000003c PA:0x800080c7
        5675000	       566	80000ad8	fff48e83	lb	x29,-1(x9)	  x9:0x800080c7 x29=0x0000007d PA:0x800080c6
        5685000	       567	80000adc	3cabf793	andi	x15,x23,970	 x23:0x00008000 x15=0x00000000
        5695000	       568	80000ae0	ffa49ea3	sh	x26,-3(x9)	  x9:0x800080c7 x26:0x00000000 PA:0x800080c4
        5705000	       569	80000ae4	ff648c23	sb	x22,-8(x9)	  x9:0x800080c7 x22:0x80009f5c PA:0x800080bf
        5715000	       570	80000ae8	ff249ea3	sh	x18,-3(x9)	  x9:0x800080c7 x18:0x800088ac PA:0x800080c4
        5725000	       571	80000aec	01989533	sll	x10,x17,x25	 x17:0x00007475 x25:0x00000002 x10=0x0001d1d4
        5735000	       572	80000af0	018484a3	sb	x24,9(x9)	  x9:0x800080c7 x24:0xffffffac PA:0x800080d0
        5745000	       573	80000af4	01c495a3	sh	x28,11(x9)	  x9:0x800080c7 x28:0x00000018 PA:0x800080d2
        5755000	       574	80000af8	018f5ab3	srl	x21,x30,x24	 x30:0x80008518 x24:0xffffffac x21=0x00080008
        5765000	       575	80000afc	01e05b93	srli	x23,x0,0x1e	  x0:0x00000000 x23=0x00000000
        5775000	       576	80000b00	ff648f83	lb	x31,-10(x9)	  x9:0x800080c7 x31=0x00000076 PA:0x800080bd
        5785000	       577	80000b04	ff74de03	lhu	x28,-9(x9)	  x9:0x800080c7 x28=0x00005c75 PA:0x800080be
        5795000	       578	80000b08	017491a3	sh	x23,3(x9)	  x9:0x800080c7 x23:0x00000000 PA:0x800080ca
        5805000	       579	80000b0c	ff94c403	lbu	x8,-7(x9)	  x9:0x800080c7  x8=0x0000007b PA:0x800080c0
        5815000	       580	80000b10	009cd533	srl	x10,x25,x9	 x25:0x00000002  x9:0x800080c7 x10=0x00000000
        5825000	       581	80000b14	9f7cee97	auipc	x29,0x9f7ce	 x29=0x1f7ceb10
        5835000	       582	80000b18	017e20b3	slt	x1,x28,x23	 x28:0x00005c75 x23:0x00000000  x1=0x00000000
        5845000	       583	80000b1c	ffa488a3	sb	x26,-15(x9)	  x9:0x800080c7 x26:0x00000000 PA:0x800080b8
        5855000	       584	80000b20	00749103	lh	x2,7(x9)	  x9:0x800080c7  x2=0xffff8485 PA:0x800080ce
        5865000	       585	80000b24	ffa48083	lb	x1,-6(x9)	  x9:0x800080c7  x1=0x0000007a PA:0x800080c1
        5875000	       586	80000b28	f48bf937	lui	x18,0xf48bf	 x18=0xf48bf000
        5885000	       587	80000b2c	417dd5b3	sra	x11,x27,x23	 x27:0x00000000 x23:0x00000000 x11=0x00000000
        5895000	       588	80000b30	0094ad03	lw	x26,9(x9)	  x9:0x800080c7 x26=0x00188aac PA:0x800080d0
        5905000	       589	80000b34	fff48923	sb	x31,-14(x9)	  x9:0x800080c7 x31:0x00000076 PA:0x800080b9
        5915000	       590	80000b38	001f1eb3	sll	x29,x30,x1	 x30:0x80008518  x1:0x0000007a x29=0x60000000
        5925000	       591	80000b3c	00148f03	lb	x30,1(x9)	  x9:0x800080c7 x30=0xffffff83 PA:0x800080c8
        5935000	       592	80000b40	ff749d03	lh	x26,-9(x9)	  x9:0x800080c7 x26=0x00005c75 PA:0x800080be
        5945000	       593	80000b44	00448823	sb	x4,16(x9)	  x9:0x800080c7  x4:0x00000001 PA:0x800080d7
        5955000	       594	80000b48	ffc49ca3	sh	x28,-7(x9)	  x9:0x800080c7 x28:0x00005c75 PA:0x800080c0
        5965000	       595	80000b4c	013ddeb3	srl	x29,x27,x19	 x27:0x00000000 x19:0xffffffb6 x29=0x00000000
        5975000	       596	80000b50	d59d4113	xori	x2,x26,-679	 x26:0x00005c75  x2=0xffffa12c
        5985000	       597	80000b54	01f0ecb3	or	x25,x1,x31	  x1:0x0000007a x31:0x00000076 x25=0x0000007e
        5995000	       598	80000b58	0054a203	lw	x4,5(x9)	  x9:0x800080c7  x4=0x84855c87 PA:0x800080cc
        6005000	       599	80000b5c	fe834793	xori	x15,x6,-24	  x6:0x0000003c x15=0xffffffd4
        6015000	       600	80000b60	ffd4d583	lhu	x11,-3(x9)	  x9:0x800080c7 x11=0x000088ac PA:0x800080c4
        6025000	       601	80000b64	ff44cd03	lbu	x26,-12(x9)	  x9:0x800080c7 x26=0x00000070 PA:0x800080bb
        6035000	       602	80000b68	00000013	addi	x0,x0,0	  x0:0x00000000
        6045000	       603	80000b6c	fe748ba3	sb	x7,-9(x9)	  x9:0x800080c7  x7:0x00000565 PA:0x800080be
        6055000	       604	80000b70	40f0d833	sra	x16,x1,x15	  x1:0x0000007a x15:0xffffffd4 x16=0x00000000
        6065000	       605	80000b74	661aa813	slti	x16,x21,1633	 x21:0x00080008 x16=0x00000000
        6075000	       606	80000b78	00521613	slli	x12,x4,0x5	  x4:0x84855c87 x12=0x90ab90e0
        6085000	       607	80000b7c	00f482a3	sb	x15,5(x9)	  x9:0x800080c7 x15:0xffffffd4 PA:0x800080cc
        6095000	       608	80000b80	00008817	auipc	x16,0x8	 x16=0x80008b7c
        6105000	       609	80000b84	45d80813	addi	x16,x16,1117	 x16:0x80008b7c x16=0x80008fd9
        6115000	       610	80000b88	fc180883	lb	x17,-63(x16)	 x16:0x80008fd9 x17=0xffffff81 PA:0x80008f9a
        6125000	       611	80000b8c	00008917	auipc	x18,0x8	 x18=0x80008b88
        6135000	       612	80000b90	f7f90913	addi	x18,x18,-129	 x18:0x80008b88 x18=0x80008b07
        6145000	       613	80000b94	f7790c23	sb	x23,-136(x18)	 x18:0x80008b07 x23:0x00000000 PA:0x80008a7f
        6155000	       614	80000b98	17d91883	lh	x17,381(x18)	 x18:0x80008b07 x17=0x00006e6f PA:0x80008c84
        6165000	       615	80000b9c	4a590483	lb	x9,1189(x18)	 x18:0x80008b07  x9=0xffffff97 PA:0x80008fac
        6175000	       616	80000ba0	fcb85383	lhu	x7,-53(x16)	 x16:0x80008fd9  x7=0x00008e8f PA:0x80008fa4
        6185000	       617	80000ba4	06195f83	lhu	x31,97(x18)	 x18:0x80008b07 x31=0x00005253 PA:0x80008b68
        6195000	       618	80000ba8	ffe80a03	lb	x20,-2(x16)	 x16:0x80008fd9 x20=0xffffffbc PA:0x80008fd7
        6205000	       619	80000bac	e8395783	lhu	x15,-381(x18)	 x18:0x80008b07 x15=0x00007071 PA:0x8000898a
        6215000	       620	80000bb0	ffc84d03	lbu	x26,-4(x16)	 x16:0x80008fd9 x26=0x000000be PA:0x80008fd5
        6225000	       621	80000bb4	1f290da3	sb	x18,507(x18)	 x18:0x80008b07 x18:0x80008b07 PA:0x80008d02
        6235000	       622	80000bb8	fcc806a3	sb	x12,-51(x16)	 x16:0x80008fd9 x12:0x90ab90e0 PA:0x80008fa6
        6245000	       623	80000bbc	fcd80f23	sb	x13,-34(x16)	 x16:0x80008fd9 x13:0x00000062 PA:0x80008fb7
        6255000	       624	80000bc0	4a395d03	lhu	x26,1187(x18)	 x18:0x80008b07 x26=0x00009091 PA:0x80008faa
        6265000	       625	80000bc4	d2a90883	lb	x17,-726(x18)	 x18:0x80008b07 x17=0x0000001a PA:0x80008831
        6275000	       626	80000bc8	00d80e03	lb	x28,13(x16)	 x16:0x80008fd9 x28=0xffffffcd PA:0x80008fe6
        6285000	       627	80000bcc	d1991a83	lh	x21,-743(x18)	 x18:0x80008b07 x21=0x00000a0b PA:0x80008820
        6295000	       628	80000bd0	00007297	auipc	x5,0x7	  x5=0x80007bcc
        6305000	       629	80000bd4	66728293	addi	x5,x5,1639	  x5:0x80007bcc  x5=0x80008233
        6315000	       630	80000bd8	01dcad33	slt	x26,x25,x29	 x25:0x0000007e x29:0x00000000 x26=0x00000000
        6325000	       631	80000bdc	01870833	add	x16,x14,x24	 x14:0x80009fc4 x24:0xffffffac x16=0x80009f70
        6335000	       632	80000be0	f2b29003	lh	x0,-213(x5)	  x5:0x80008233 PA:0x8000815e
        6345000	       633	80000be4	032295a3	sh	x18,43(x5)	  x5:0x80008233 x18:0x80008b07 PA:0x8000825e
        6355000	       634	80000be8	00623833	sltu	x16,x4,x6	  x4:0x84855c87  x6:0x0000003c x16=0x00000000
        6365000	       635	80000bec	04628b23	sb	x6,86(x5)	  x5:0x80008233  x6:0x0000003c PA:0x80008289
        6375000	       636	80000bf0	f1229ca3	sh	x18,-231(x5)	  x5:0x80008233 x18:0x80008b07 PA:0x8000814c
        6385000	       637	80000bf4	40975f13	srai	x30,x14,0x9	 x14:0x80009fc4 x30=0xffc0004f
        6395000	       638	80000bf8	0138c613	xori	x12,x17,19	 x17:0x0000001a x12=0x00000009
        6405000	       639	80000bfc	f072d303	lhu	x6,-249(x5)	  x5:0x80008233  x6=0x00000cf1 PA:0x8000813a
        6415000	       640	80000c00	d3a04eb7	lui	x29,0xd3a04	 x29=0xd3a04000
        6425000	       641	80000c04	0562cf83	lbu	x31,86(x5)	  x5:0x80008233 x31=0x0000003c PA:0x80008289
        6435000	       642	80000c08	0272c783	lbu	x15,39(x5)	  x5:0x80008233 x15=0x00000011 PA:0x8000825a
        6445000	       643	80000c0c	f6b28ba3	sb	x11,-137(x5)	  x5:0x80008233 x11:0x000088ac PA:0x800081aa
        6455000	       644	80000c10	000e17b3	sll	x15,x28,x0	 x28:0xffffffcd  x0:0x00000000 x15=0xffffffcd
        6465000	       645	80000c14	03e28a03	lb	x20,62(x5)	  x5:0x80008233 x20=0x0000002a PA:0x80008271
        6475000	       646	80000c18	ff828f83	lb	x31,-8(x5)	  x5:0x80008233 x31=0xffffffe0 PA:0x8000822b
        6485000	       647	80000c1c	03e2c603	lbu	x12,62(x5)	  x5:0x80008233 x12=0x0000002a PA:0x80008271
        6495000	       648	80000c20	02d283a3	sb	x13,39(x5)	  x5:0x80008233 x13:0x00000062 PA:0x8000825a
        6505000	       649	80000c24	0ff28023	sb	x31,224(x5)	  x5:0x80008233 x31:0xffffffe0 PA:0x80008313
        6515000	       650	80000c28	f2d28923	sb	x13,-206(x5)	  x5:0x80008233 x13:0x00000062 PA:0x80008165
        6525000	       651	80000c2c	f8628a03	lb	x20,-122(x5)	  x5:0x80008233 x20=0x00000072 PA:0x800081b9
        6535000	       652	80000c30	01624d33	xor	x26,x4,x22	  x4:0x84855c87 x22:0x80009f5c x26=0x0485c3db
        6545000	       653	80000c34	00305f33	srl	x30,x0,x3	  x0:0x00000000  x3:0x0000001a x30=0x00000000
        6555000	       654	80000c38	0632ca03	lbu	x20,99(x5)	  x5:0x80008233 x20=0x0000004d PA:0x80008296
        6565000	       655	80000c3c	0ee28b23	sb	x14,246(x5)	  x5:0x80008233 x14:0x80009fc4 PA:0x80008329
        6575000	       656	80000c40	01ade833	or	x16,x27,x26	 x27:0x00000000 x26:0x0485c3db x16=0x0485c3db
        6585000	       657	80000c44	03c28483	lb	x9,60(x5)	  x5:0x80008233  x9=0x00000024 PA:0x8000826f
        6595000	       658	80000c48	52c1eb93	ori	x23,x3,1324	  x3:0x0000001a x23=0x0000053e
        6605000	       659	80000c4c	0b22c783	lbu	x15,178(x5)	  x5:0x80008233 x15=0x0000009e PA:0x800082e5
        6615000	       660	80000c50	fdd2dc83	lhu	x25,-35(x5)	  x5:0x80008233 x25=0x0000cacb PA:0x80008210
        6625000	       661	80000c54	05f2dc03	lhu	x24,95(x5)	  x5:0x80008233 x24=0x00004849 PA:0x80008292
        6635000	       662	80000c58	76b651b7	lui	x3,0x76b65	  x3=0x76b65000
        6645000	       663	80000c5c	0a22c783	lbu	x15,162(x5)	  x5:0x80008233 x15=0x0000008e PA:0x800082d5
        6655000	       664	80000c60	00970333	add	x6,x14,x9	 x14:0x80009fc4  x9:0x00000024  x6=0x80009fe8
        6665000	       665	80000c64	fde28c03	lb	x24,-34(x5)	  x5:0x80008233 x24=0xffffffca PA:0x80008211
        6675000	       666	80000c68	fe228d23	sb	x2,-6(x5)	  x5:0x80008233  x2:0xffffa12c PA:0x8000822d
        6685000	       667	80000c6c	40b903b3	sub	x7,x18,x11	 x18:0x80008b07 x11:0x000088ac  x7=0x8000025b
        6695000	       668	80000c70	018e60b3	or	x1,x28,x24	 x28:0xffffffcd x24:0xffffffca  x1=0xffffffcf
        6705000	       669	80000c74	f9c2c383	lbu	x7,-100(x5)	  x5:0x80008233  x7=0x00000084 PA:0x800081cf
        6715000	       670	80000c78	00008517	auipc	x10,0x8	 x10=0x80008c74
        6725000	       671	80000c7c	d8250513	addi	x10,x10,-638	 x10:0x80008c74 x10=0x800089f6
        6735000	       672	80000c80	00008417	auipc	x8,0x8	  x8=0x80008c7c
        6745000	       673	80000c84	eea40413	addi	x8,x8,-278	  x8:0x80008c7c  x8=0x80008b66
        6755000	       674	80000c88	03b44f03	lbu	x30,59(x8)	  x8:0x80008b66 x30=0x0000008a PA:0x80008ba1
        6765000	       675	80000c8c	f9554a83	lbu	x21,-107(x10)	 x10:0x800089f6 x21=0x00000070 PA:0x8000898b
        6775000	       676	80000c90	00245983	lhu	x19,2(x8)	  x8:0x80008b66 x19=0x00005253 PA:0x80008b68
        6785000	       677	80000c94	ff451c03	lh	x24,-12(x10)	 x10:0x800089f6 x24=0xffffd0d1 PA:0x800089ea
        6795000	       678	80000c98	fdb40c83	lb	x25,-37(x8)	  x8:0x80008b66 x25=0x0000002a PA:0x80008b41
        6805000	       679	80000c9c	f93509a3	sb	x19,-109(x10)	 x10:0x800089f6 x19:0x00005253 PA:0x80008989
        6815000	       680	80000ca0	f7950683	lb	x13,-135(x10)	 x10:0x800089f6 x13=0x00000054 PA:0x8000896f
        6825000	       681	80000ca4	fc840883	lb	x17,-56(x8)	  x8:0x80008b66 x17=0x00000015 PA:0x80008b2e
        6835000	       682	80000ca8	ffd44383	lbu	x7,-3(x8)	  x8:0x80008b66  x7=0x00000048 PA:0x80008b63
        6845000	       683	80000cac	05a51683	lh	x13,90(x10)	 x10:0x800089f6 x13=0x00003a3b PA:0x80008a50
        6855000	       684	80000cb0	00940e03	lb	x28,9(x8)	  x8:0x80008b66 x28=0x00000054 PA:0x80008b6f
        6865000	       685	80000cb4	00008397	auipc	x7,0x8	  x7=0x80008cb0
        6875000	       686	80000cb8	c9738393	addi	x7,x7,-873	  x7:0x80008cb0  x7=0x80008947
        6885000	       687	80000cbc	00008f17	auipc	x30,0x8	 x30=0x80008cb8
        6895000	       688	80000cc0	228f0f13	addi	x30,x30,552	 x30:0x80008cb8 x30=0x80008ee0
        6905000	       689	80000cc4	00008797	auipc	x15,0x8	 x15=0x80008cc0
        6915000	       690	80000cc8	25878793	addi	x15,x15,600	 x15:0x80008cc0 x15=0x80008f18
        6925000	       691	80000ccc	00008697	auipc	x13,0x8	 x13=0x80008cc8
        6935000	       692	80000cd0	b8468693	addi	x13,x13,-1148	 x13:0x80008cc8 x13=0x8000884c
        6945000	       693	80000cd4	020f0f83	lb	x31,32(x30)	 x30:0x80008ee0 x31=0xffffffeb PA:0x80008f00
        6955000	       694	80000cd8	01af0483	lb	x9,26(x30)	 x30:0x80008ee0  x9=0xffffffe1 PA:0x80008efa
        6965000	       695	80000cdc	00578b83	lb	x23,5(x15)	 x15:0x80008f18 x23=0x00000006 PA:0x80008f1d
        6975000	       696	80000ce0	ff538583	lb	x11,-11(x7)	  x7:0x80008947 x11=0x00000027 PA:0x8000893c
        6985000	       697	80000ce4	007384a3	sb	x7,9(x7)	  x7:0x80008947  x7:0x80008947 PA:0x80008950
        6995000	       698	80000ce8	00f786a3	sb	x15,13(x15)	 x15:0x80008f18 x15:0x80008f18 PA:0x80008f25
        7005000	       699	80000cec	032f05a3	sb	x18,43(x30)	 x30:0x80008ee0 x18:0x80008b07 PA:0x80008f0b
        7015000	       700	80000cf0	00008217	auipc	x4,0x8	  x4=0x80008cec
        7025000	       701	80000cf4	22420213	addi	x4,x4,548	  x4:0x80008cec  x4=0x80008f10
        7035000	       702	80000cf8	ff238e23	sb	x18,-4(x7)	  x7:0x80008947 x18:0x80008b07 PA:0x80008943
        7045000	       703	80000cfc	fe620f23	sb	x6,-2(x4)	  x4:0x80008f10  x6:0x80009fe8 PA:0x80008f0e
        7055000	       704	80000d00	fe7f4a03	lbu	x20,-25(x30)	 x30:0x80008ee0 x20=0x000000ac PA:0x80008ec7
        7065000	       705	80000d04	0ad685a3	sb	x13,171(x13)	 x13:0x8000884c x13:0x8000884c PA:0x800088f7
        7075000	       706	80000d08	00a38723	sb	x10,14(x7)	  x7:0x80008947 x10:0x800089f6 PA:0x80008955
        7085000	       707	80000d0c	01d79523	sh	x29,10(x15)	 x15:0x80008f18 x29:0xd3a04000 PA:0x80008f22
        7095000	       708	80000d10	01d381a3	sb	x29,3(x7)	  x7:0x80008947 x29:0xd3a04000 PA:0x8000894a
        7105000	       709	80000d14	ff324a83	lbu	x21,-13(x4)	  x4:0x80008f10 x21=0x000000e8 PA:0x80008f03
        7115000	       710	80000d18	fe7f4003	lbu	x0,-25(x30)	 x30:0x80008ee0 PA:0x80008ec7
        7125000	       711	80000d1c	00a3c903	lbu	x18,10(x7)	  x7:0x80008947 x18=0x0000003a PA:0x80008951
        7135000	       712	80000d20	ffd7c603	lbu	x12,-3(x15)	 x15:0x80008f18 x12=0x000000fe PA:0x80008f15
        7145000	       713	80000d24	017f4403	lbu	x8,23(x30)	 x30:0x80008ee0  x8=0x0000002e PA:0x80008ef7
        7155000	       714	80000d28	02520e83	lb	x29,37(x4)	  x4:0x80008f10 x29=0x0000001e PA:0x80008f35
        7165000	       715	80000d2c	02f69923	sh	x15,50(x13)	 x13:0x8000884c x15:0x80008f18 PA:0x8000887e
        7175000	       716	80000d30	00c38303	lb	x6,12(x7)	  x7:0x80008947  x6=0x00000038 PA:0x80008953
        7185000	       717	80000d34	0b668aa3	sb	x22,181(x13)	 x13:0x8000884c x22:0x80009f5c PA:0x80008901
        7195000	       718	80000d38	04021c83	lh	x25,64(x4)	  x4:0x80008f10 x25=0x00003a3b PA:0x80008f50
        7205000	       719	80000d3c	ff238a83	lb	x21,-14(x7)	  x7:0x80008947 x21=0x00000022 PA:0x80008939
        7215000	       720	80000d40	05b68c83	lb	x25,91(x13)	 x13:0x8000884c x25=0xffffffc4 PA:0x800088a7
        7225000	       721	80000d44	fea79d23	sh	x10,-6(x15)	 x15:0x80008f18 x10:0x800089f6 PA:0x80008f12
        7235000	       722	80000d48	0e068323	sb	x0,230(x13)	 x13:0x8000884c  x0:0x00000000 PA:0x80008932
        7245000	       723	80000d4c	01c207a3	sb	x28,15(x4)	  x4:0x80008f10 x28:0x00000054 PA:0x80008f1f
        7255000	       724	80000d50	0003cc03	lbu	x24,0(x7)	  x7:0x80008947 x24=0x0000002c PA:0x80008947
        7265000	       725	80000d54	00008497	auipc	x9,0x8	  x9=0x80008d50
        7275000	       726	80000d58	91248493	addi	x9,x9,-1774	  x9:0x80008d50  x9=0x80008662
        7285000	       727	80000d5c	02848fa3	sb	x8,63(x9)	  x9:0x80008662  x8:0x0000002e PA:0x800086a1
        7295000	       728	80000d60	03848f23	sb	x24,62(x9)	  x9:0x80008662 x24:0x0000002c PA:0x800086a0
        7305000	       729	80000d64	008e9113	slli	x2,x29,0x8	 x29:0x0000001e  x2=0x00001e00
        7315000	       730	80000d68	01b48c03	lb	x24,27(x9)	  x9:0x80008662 x24=0x00000036 PA:0x8000867d
        7325000	       731	80000d6c	02b48903	lb	x18,43(x9)	  x9:0x80008662 x18=0x00000046 PA:0x8000868d
        7335000	       732	80000d70	03c485a3	sb	x28,43(x9)	  x9:0x80008662 x28:0x00000054 PA:0x8000868d
        7345000	       733	80000d74	01d016b3	sll	x13,x0,x29	  x0:0x00000000 x29:0x0000001e x13=0x00000000
        7355000	       734	80000d78	fd24ce83	lbu	x29,-46(x9)	  x9:0x80008662 x29=0x000000ef PA:0x80008634
        7365000	       735	80000d7c	014fd513	srli	x10,x31,0x14	 x31:0xffffffeb x10=0x00000fff
        7375000	       736	80000d80	008e75b3	and	x11,x28,x8	 x28:0x00000054  x8:0x0000002e x11=0x00000004
        7385000	       737	80000d84	00d48b23	sb	x13,22(x9)	  x9:0x80008662 x13:0x00000000 PA:0x80008678
        7395000	       738	80000d88	0164ae83	lw	x29,22(x9)	  x9:0x80008662 x29=0x30313200 PA:0x80008678
        7405000	       739	80000d8c	00000013	addi	x0,x0,0	  x0:0x00000000
        7415000	       740	80000d90	ff04d383	lhu	x7,-16(x9)	  x9:0x80008662  x7=0x00000809 PA:0x80008652
        7425000	       741	80000d94	ffc48823	sb	x28,-16(x9)	  x9:0x80008662 x28:0x00000054 PA:0x80008652
        7435000	       742	80000d98	fc548ea3	sb	x5,-35(x9)	  x9:0x80008662  x5:0x80008233 PA:0x8000863f
        7445000	       743	80000d9c	01648fa3	sb	x22,31(x9)	  x9:0x80008662 x22:0x80009f5c PA:0x80008681
        7455000	       744	80000da0	fc74a523	sw	x7,-54(x9)	  x9:0x80008662  x7:0x00000809 PA:0x8000862c
        7465000	       745	80000da4	019bdb93	srli	x23,x23,0x19	 x23:0x00000006 x23=0x00000000
        7475000	       746	80000da8	00000013	addi	x0,x0,0	  x0:0x00000000
        7485000	       747	80000dac	01eb0d33	add	x26,x22,x30	 x22:0x80009f5c x30:0x80008ee0 x26=0x00012e3c
        7495000	       748	80000db0	00673633	sltu	x12,x14,x6	 x14:0x80009fc4  x6:0x00000038 x12=0x00000000
        7505000	       749	80000db4	003e5333	srl	x6,x28,x3	 x28:0x00000054  x3:0x76b65000  x6=0x00000054
        7515000	       750	80000db8	40e55293	srai	x5,x10,0xe	 x10:0x00000fff  x5=0x00000000
        7525000	       751	80000dbc	eac42813	slti	x16,x8,-340	  x8:0x0000002e x16=0x00000000
        7535000	       752	80000dc0	00000013	addi	x0,x0,0	  x0:0x00000000
        7545000	       753	80000dc4	05ab0263	beq	x22,x26,80000e08	 x22:0x80009f5c x26:0x00012e3c
        7555000	       754	80000dc8	00734463	blt	x6,x7,80000dd0	  x6:0x00000054  x7:0x00000809
        7565000	       755	00000000	00000013	addi	x0,x0,0	  x0:0x00000000
        7575000	       756	80000dcc	00000013	addi	x0,x0,0	  x0:0x00000000
        7585000	       757	80000dd0	001b9463	bne	x23,x1,80000dd8	 x23:0x00000000  x1:0xffffffcf
        7595000	       758	00000000	00000013	addi	x0,x0,0	  x0:0x00000000
        7605000	       759	80000dd4	00000013	addi	x0,x0,0	  x0:0x00000000
        7615000	       760	80000dd8	62163637	lui	x12,0x62163	 x12=0x62163000
        7625000	       761	80000ddc	4051d293	srai	x5,x3,0x5	  x3:0x76b65000  x5=0x03b5b280
        7635000	       762	80000de0	00000013	addi	x0,x0,0	  x0:0x00000000
        7645000	       763	80000de4	01025fb3	srl	x31,x4,x16	  x4:0x80008f10 x16:0x00000000 x31=0x80008f10
        7655000	       764	80000de8	0110c6b3	xor	x13,x1,x17	  x1:0xffffffcf x17:0x00000015 x13=0xffffffda
        7665000	       765	80000dec	4cb17017	auipc	x0,0x4cb17	
        7675000	       766	80000df0	0b7bf663	bgeu	x23,x23,80000e9c	 x23:0x00000000 x23:0x00000000
        7685000	       767	00000000	00000013	addi	x0,x0,0	  x0:0x00000000
        7695000	       768	80000e98	00000013	addi	x0,x0,0	  x0:0x00000000
        7705000	       769	80000e9c	419185b3	sub	x11,x3,x25	  x3:0x76b65000 x25:0xffffffc4 x11=0x76b6503c
        7715000	       770	80000ea0	0163e5b3	or	x11,x7,x22	  x7:0x00000809 x22:0x80009f5c x11=0x80009f5d
        7725000	       771	80000ea4	003c31b3	sltu	x3,x24,x3	 x24:0x00000036  x3:0x76b65000  x3=0x00000001
        7735000	       772	80000ea8	41cfd6b3	sra	x13,x31,x28	 x31:0x80008f10 x28:0x00000054 x13=0xfffff800
        7745000	       773	80000eac	006f9663	bne	x31,x6,80000eb8	 x31:0x80008f10  x6:0x00000054
        7755000	       774	00000000	00000013	addi	x0,x0,0	  x0:0x00000000
        7765000	       775	80000eb4	00000013	addi	x0,x0,0	  x0:0x00000000
        7775000	       776	80000eb8	00b7b233	sltu	x4,x15,x11	 x15:0x80008f18 x11:0x80009f5d  x4=0x00000001
        7785000	       777	80000ebc	019d5263	bge	x26,x25,80000ec0	 x26:0x00012e3c x25:0xffffffc4
        7795000	       778	00000000	00000013	addi	x0,x0,0	  x0:0x00000000
        7805000	       779	80000ebc	00000013	addi	x0,x0,0	  x0:0x00000000
        7815000	       780	80000ec0	01974663	blt	x14,x25,80000ecc	 x14:0x80009fc4 x25:0xffffffc4
        7825000	       781	00000000	00000013	addi	x0,x0,0	  x0:0x00000000
        7835000	       782	80000ec8	00000013	addi	x0,x0,0	  x0:0x00000000
        7845000	       783	80000ecc	01a8e663	bltu	x17,x26,80000ed8	 x17:0x00000015 x26:0x00012e3c
        7855000	       784	00000000	00000013	addi	x0,x0,0	  x0:0x00000000
        7865000	       785	80000ed4	00000013	addi	x0,x0,0	  x0:0x00000000
        7875000	       786	80000ed8	97b55637	lui	x12,0x97b55	 x12=0x97b55000
        7885000	       787	80000edc	41f9d813	srai	x16,x19,0x1f	 x19:0x00005253 x16=0x00000000
        7895000	       788	80000ee0	012487b3	add	x15,x9,x18	  x9:0x80008662 x18:0x00000046 x15=0x800086a8
        7905000	       789	80000ee4	006e5813	srli	x16,x28,0x6	 x28:0x00000054 x16=0x00000001
        7915000	       790	80000ee8	00b1c9b3	xor	x19,x3,x11	  x3:0x00000001 x11:0x80009f5d x19=0x80009f5c
        7925000	       791	80000eec	00127bb3	and	x23,x4,x1	  x4:0x00000001  x1:0xffffffcf x23=0x00000001
        7935000	       792	80000ef0	01deee63	bltu	x29,x29,80000f0c	 x29:0x30313200 x29:0x30313200
        7945000	       793	80000ef4	028c8063	beq	x25,x8,80000f14	 x25:0xffffffc4  x8:0x0000002e
        7955000	       794	80000ef8	00739433	sll	x8,x7,x7	  x7:0x00000809  x7:0x00000809  x8=0x00101200
        7965000	       795	80000efc	010535b3	sltu	x11,x10,x16	 x10:0x00000fff x16:0x00000001 x11=0x00000000
        7975000	       796	80000f00	00000013	addi	x0,x0,0	  x0:0x00000000
        7985000	       797	80000f04	4020d6b3	sra	x13,x1,x2	  x1:0xffffffcf  x2:0x00001e00 x13=0xffffffcf
        7995000	       798	80000f08	01bd4d33	xor	x26,x26,x27	 x26:0x00012e3c x27:0x00000000 x26=0x00012e3c
        8005000	       799	80000f0c	00019013	slli	x0,x3,0x0	  x3:0x00000001
        8015000	       800	80000f10	7e28f413	andi	x8,x17,2018	 x17:0x00000015  x8=0x00000000
        8025000	       801	80000f14	00000013	addi	x0,x0,0	  x0:0x00000000
        8035000	       802	80000f18	001516b3	sll	x13,x10,x1	 x10:0x00000fff  x1:0xffffffcf x13=0x07ff8000
        8045000	       803	80000f1c	00000013	addi	x0,x0,0	  x0:0x00000000
        8055000	       804	80000f20	5e2c4013	xori	x0,x24,1506	 x24:0x00000036
        8065000	       805	80000f24	002e9c33	sll	x24,x29,x2	 x29:0x30313200  x2:0x00001e00 x24=0x30313200
        8075000	       806	80000f28	e9028a13	addi	x20,x5,-368	  x5:0x03b5b280 x20=0x03b5b110
        8085000	       807	80000f2c	02f1ea63	bltu	x3,x15,80000f60	  x3:0x00000001 x15:0x800086a8
        8095000	       808	00000000	00000013	addi	x0,x0,0	  x0:0x00000000
        8105000	       809	80000f5c	00000013	addi	x0,x0,0	  x0:0x00000000
        8115000	       810	80000f60	4d40be13	sltiu	x28,x1,1236	  x1:0xffffffcf x28=0x00000000
        8125000	       811	80000f64	ac7b6c13	ori	x24,x22,-1337	 x22:0x80009f5c x24=0xffffffdf
        8135000	       812	80000f68	01cf4463	blt	x30,x28,80000f70	 x30:0x80008ee0 x28:0x00000000
        8145000	       813	00000000	00000013	addi	x0,x0,0	  x0:0x00000000
        8155000	       814	80000f6c	00000013	addi	x0,x0,0	  x0:0x00000000
        8165000	       815	80000f70	01ceffb3	and	x31,x29,x28	 x29:0x30313200 x28:0x00000000 x31=0x00000000
        8175000	       816	80000f74	41b78133	sub	x2,x15,x27	 x15:0x800086a8 x27:0x00000000  x2=0x800086a8
        8185000	       817	80000f78	02f19263	bne	x3,x15,80000f9c	  x3:0x00000001 x15:0x800086a8
        8195000	       818	00000000	00000013	addi	x0,x0,0	  x0:0x00000000
        8205000	       819	80000f98	00000013	addi	x0,x0,0	  x0:0x00000000
        8215000	       820	80000f9c	05d86263	bltu	x16,x29,80000fe0	 x16:0x00000001 x29:0x30313200
        8225000	       821	00000000	00000013	addi	x0,x0,0	  x0:0x00000000
        8235000	       822	80000fdc	00000013	addi	x0,x0,0	  x0:0x00000000
        8245000	       823	80000fe0	01379bb3	sll	x23,x15,x19	 x15:0x800086a8 x19:0x80009f5c x23=0x80000000
        8255000	       824	80000fe4	ee84f817	auipc	x16,0xee84f	 x16=0x6e84ffe0
        8265000	       825	80000fe8	000d8cb3	add	x25,x27,x0	 x27:0x00000000  x0:0x00000000 x25=0x00000000
        8275000	       826	80000fec	01c54f33	xor	x30,x10,x28	 x10:0x00000fff x28:0x00000000 x30=0x00000fff
        8285000	       827	80000ff0	9eff4c93	xori	x25,x30,-1553	 x30:0x00000fff x25=0xfffff610
        8295000	       828	80000ff4	00000013	addi	x0,x0,0	  x0:0x00000000
        8305000	       829	80000ff8	d573e313	ori	x6,x7,-681	  x7:0x00000809  x6=0xfffffd5f
        8315000	       830	80000ffc	412806b3	sub	x13,x16,x18	 x16:0x6e84ffe0 x18:0x00000046 x13=0x6e84ff9a
        8325000	       831	80001000	76842e13	slti	x28,x8,1896	  x8:0x00000000 x28=0x00000001
        8335000	       832	80001004	00186f33	or	x30,x16,x1	 x16:0x6e84ffe0  x1:0xffffffcf x30=0xffffffef
        8345000	       833	80001008	004cce33	xor	x28,x25,x4	 x25:0xfffff610  x4:0x00000001 x28=0xfffff611
        8355000	       834	8000100c	408206b3	sub	x13,x4,x8	  x4:0x00000001  x8:0x00000000 x13=0x00000001
        8365000	       835	80001010	41f85c13	srai	x24,x16,0x1f	 x16:0x6e84ffe0 x24=0x00000000
        8375000	       836	80001014	03e5ec63	bltu	x11,x30,8000104c	 x11:0x00000000 x30:0xffffffef
        8385000	       837	00000000	00000013	addi	x0,x0,0	  x0:0x00000000
        8395000	       838	80001048	00000013	addi	x0,x0,0	  x0:0x00000000
        8405000	       839	8000104c	51656613	ori	x12,x10,1302	 x10:0x00000fff x12=0x00000fff
        8415000	       840	80001050	015e33b3	sltu	x7,x28,x21	 x28:0xfffff611 x21:0x00000022  x7=0x00000000
        8425000	       841	80001054	01c27463	bgeu	x4,x28,8000105c	  x4:0x00000001 x28:0xfffff611
        8435000	       842	80001058	9262ec13	ori	x24,x5,-1754	  x5:0x03b5b280 x24=0xfffffba6
        8445000	       843	8000105c	01ced993	srli	x19,x29,0x1c	 x29:0x30313200 x19=0x00000003
        8455000	       844	80001060	004d6e33	or	x28,x26,x4	 x26:0x00012e3c  x4:0x00000001 x28=0x00012e3d
        8465000	       845	80001064	a31fb597	auipc	x11,0xa31fb	 x11=0x231fc060
        8475000	       846	80001068	00ac8e63	beq	x25,x10,80001084	 x25:0xfffff610 x10:0x00000fff
        8485000	       847	8000106c	01a2a433	slt	x8,x5,x26	  x5:0x03b5b280 x26:0x00012e3c  x8=0x00000000
        8495000	       848	80001070	984fe337	lui	x6,0x984fe	  x6=0x984fe000
        8505000	       849	80001074	1926e793	ori	x15,x13,402	 x13:0x00000001 x15=0x00000193
        8515000	       850	80001078	d86595b7	lui	x11,0xd8659	 x11=0xd8659000
        8525000	       851	8000107c	40e3dd13	srai	x26,x7,0xe	  x7:0x00000000 x26=0x00000000
        8535000	       852	80001080	01972a93	slti	x21,x14,25	 x14:0x80009fc4 x21=0x00000001
        8545000	       853	80001084	2f8b3697	auipc	x13,0x2f8b3	 x13=0xaf8b4080
        8555000	       854	80001088	04a40263	beq	x8,x10,800010cc	  x8:0x00000000 x10:0x00000fff
        8565000	       855	8000108c	013a1263	bne	x20,x19,80001090	 x20:0x03b5b110 x19:0x00000003
        8575000	       856	00000000	00000013	addi	x0,x0,0	  x0:0x00000000
        8585000	       857	8000108c	00000013	addi	x0,x0,0	  x0:0x00000000
        8595000	       858	80001090	004d2cb3	slt	x25,x26,x4	 x26:0x00000000  x4:0x00000001 x25=0x00000001
        8605000	       859	80001094	00869863	bne	x13,x8,800010a4	 x13:0xaf8b4080  x8:0x00000000
        8615000	       860	00000000	00000013	addi	x0,x0,0	  x0:0x00000000
        8625000	       861	800010a0	00000013	addi	x0,x0,0	  x0:0x00000000
        8635000	       862	800010a4	2b876013	ori	x0,x14,696	 x14:0x80009fc4
        8645000	       863	800010a8	40a1d913	srai	x18,x3,0xa	  x3:0x00000001 x18=0x00000000
        8655000	       864	800010ac	00a80463	beq	x16,x10,800010b4	 x16:0x6e84ffe0 x10:0x00000fff
        8665000	       865	800010b0	7054a237	lui	x4,0x7054a	  x4=0x7054a000
        8675000	       866	800010b4	40f9d893	srai	x17,x19,0xf	 x19:0x00000003 x17=0x00000000
        8685000	       867	800010b8	b9430f13	addi	x30,x6,-1132	  x6:0x984fe000 x30=0x984fdb94
        8695000	       868	800010bc	119f0a17	auipc	x20,0x119f0	 x20=0x919f10b8
        8705000	       869	800010c0	51afc793	xori	x15,x31,1306	 x31:0x00000000 x15=0x0000051a
        8715000	       870	800010c4	9ff38493	addi	x9,x7,-1537	  x7:0x00000000  x9=0xfffff9ff
        8725000	       871	800010c8	009bbcb3	sltu	x25,x23,x9	 x23:0x80000000  x9:0xfffff9ff x25=0x00000001
        8735000	       872	800010cc	1d910793	addi	x15,x2,473	  x2:0x800086a8 x15=0x80008881
        8745000	       873	800010d0	412002b3	sub	x5,x0,x18	  x0:0x00000000 x18:0x00000000  x5=0x00000000
        8755000	       874	800010d4	0c5df063	bgeu	x27,x5,80001194	 x27:0x00000000  x5:0x00000000
        8765000	       875	00000000	00000013	addi	x0,x0,0	  x0:0x00000000
        8775000	       876	80001190	00000013	addi	x0,x0,0	  x0:0x00000000
        8785000	       877	80001194	01c852b3	srl	x5,x16,x28	 x16:0x6e84ffe0 x28:0x00012e3d  x5=0x00000003
        8795000	       878	80001198	018c3e33	sltu	x28,x24,x24	 x24:0xfffffba6 x24:0xfffffba6 x28=0x00000000
        8805000	       879	8000119c	01c80663	beq	x16,x28,800011a8	 x16:0x6e84ffe0 x28:0x00000000
        8815000	       880	800011a0	03d18063	beq	x3,x29,800011c0	  x3:0x00000001 x29:0x30313200
        8825000	       881	800011a4	0191fc63	bgeu	x3,x25,800011bc	  x3:0x00000001 x25:0x00000001
        8835000	       882	00000000	00000013	addi	x0,x0,0	  x0:0x00000000
        8845000	       883	800011b8	00000013	addi	x0,x0,0	  x0:0x00000000
        8855000	       884	800011bc	c7b28e13	addi	x28,x5,-901	  x5:0x00000003 x28=0xfffffc7e
        8865000	       885	800011c0	000ecc63	blt	x29,x0,800011d8	 x29:0x30313200  x0:0x00000000
        8875000	       886	800011c4	416202b3	sub	x5,x4,x22	  x4:0x7054a000 x22:0x80009f5c  x5=0xf05400a4
        8885000	       887	800011c8	987a7f93	andi	x31,x20,-1657	 x20:0x919f10b8 x31=0x919f1080
        8895000	       888	800011cc	004168b3	or	x17,x2,x4	  x2:0x800086a8  x4:0x7054a000 x17=0xf054a6a8
        8905000	       889	800011d0	41bc5c33	sra	x24,x24,x27	 x24:0xfffffba6 x27:0x00000000 x24=0xfffffba6
        8915000	       890	800011d4	40ccd813	srai	x16,x25,0xc	 x25:0x00000001 x16=0x00000000
        8925000	       891	800011d8	029f8c63	beq	x31,x9,80001210	 x31:0x919f1080  x9:0xfffff9ff
        8935000	       892	800011dc	02e7c293	xori	x5,x15,46	 x15:0x80008881  x5=0x800088af
        8945000	       893	800011e0	00c6de33	srl	x28,x13,x12	 x13:0xaf8b4080 x12:0x00000fff x28=0x00000001
        8955000	       894	800011e4	00a87463	bgeu	x16,x10,800011ec	 x16:0x00000000 x10:0x00000fff
        8965000	       895	800011e8	01e1d133	srl	x2,x3,x30	  x3:0x00000001 x30:0x984fdb94  x2=0x00000000
        8975000	       896	800011ec	03634263	blt	x6,x22,80001210	  x6:0x984fe000 x22:0x80009f5c
        8985000	       897	800011f0	0c5d3193	sltiu	x3,x26,197	 x26:0x00000000  x3=0x00000001
        8995000	       898	800011f4	d16fca93	xori	x21,x31,-746	 x31:0x919f1080 x21=0x6e60ed96
        9005000	       899	800011f8	01e88263	beq	x17,x30,800011fc	 x17:0xf054a6a8 x30:0x984fdb94
        9015000	       900	800011fc	00000013	addi	x0,x0,0	  x0:0x00000000
        9025000	       901	80001200	003aa133	slt	x2,x21,x3	 x21:0x6e60ed96  x3:0x00000001  x2=0x00000000
        9035000	       902	80001204	b9e98213	addi	x4,x19,-1122	 x19:0x00000003  x4=0xfffffba1
        9045000	       903	80001208	01ac9493	slli	x9,x25,0x1a	 x25:0x00000001  x9=0x04000000
        9055000	       904	8000120c	fe076d37	lui	x26,0xfe076	 x26=0xfe076000
        9065000	       905	80001210	8cb53793	sltiu	x15,x10,-1845	 x10:0x00000fff x15=0x00000001
        9075000	       906	80001214	05b21263	bne	x4,x27,80001258	  x4:0xfffffba1 x27:0x00000000
        9085000	       907	00000000	00000013	addi	x0,x0,0	  x0:0x00000000
        9095000	       908	80001254	00000013	addi	x0,x0,0	  x0:0x00000000
        9105000	       909	80001258	41fed993	srai	x19,x29,0x1f	 x29:0x30313200 x19=0x00000000
        9115000	       910	8000125c	439e9817	auipc	x16,0x439e9	 x16=0xc39ea258
        9125000	       911	80001260	1c8db293	sltiu	x5,x27,456	 x27:0x00000000  x5=0x00000001
        9135000	       912	80001264	41dd8533	sub	x10,x27,x29	 x27:0x00000000 x29:0x30313200 x10=0xcfcece00
        9145000	       913	80001268	004f5913	srli	x18,x30,0x4	 x30:0x984fdb94 x18=0x0984fdb9
        9155000	       914	8000126c	00f35f93	srli	x31,x6,0xf	  x6:0x984fe000 x31=0x0001309f
        9165000	       915	80001270	f69d2a13	slti	x20,x26,-151	 x26:0xfe076000 x20=0x00000001
        9175000	       916	80001274	008cc633	xor	x12,x25,x8	 x25:0x00000001  x8:0x00000000 x12=0x00000001
        9185000	       917	80001278	efd93e13	sltiu	x28,x18,-259	 x18:0x0984fdb9 x28=0x00000001
        9195000	       918	8000127c	008607b3	add	x15,x12,x8	 x12:0x00000001  x8:0x00000000 x15=0x00000001
        9205000	       919	80001280	9a6fb313	sltiu	x6,x31,-1626	 x31:0x0001309f  x6=0x00000001
        9215000	       920	80001284	01645a33	srl	x20,x8,x22	  x8:0x00000000 x22:0x80009f5c x20=0x00000000
        9225000	       921	80001288	f0982c93	slti	x25,x16,-247	 x16:0xc39ea258 x25=0x00000001
        9235000	       922	8000128c	006b5a33	srl	x20,x22,x6	 x22:0x80009f5c  x6:0x00000001 x20=0x40004fae
        9245000	       923	80001290	8b8ecb93	xori	x23,x29,-1864	 x29:0x30313200 x23=0xcfcecab8
        9255000	       924	80001294	006e09b3	add	x19,x28,x6	 x28:0x00000001  x6:0x00000001 x19=0x00000002
        9265000	       925	80001298	00922333	slt	x6,x4,x9	  x4:0xfffffba1  x9:0x04000000  x6=0x00000001
        9275000	       926	8000129c	00000013	addi	x0,x0,0	  x0:0x00000000
        9285000	       927	800012a0	01ee1133	sll	x2,x28,x30	 x28:0x00000001 x30:0x984fdb94  x2=0x00100000
        9295000	       928	800012a4	00c17833	and	x16,x2,x12	  x2:0x00100000 x12:0x00000001 x16=0x00000000
        9305000	       929	800012a8	027a9e63	bne	x21,x7,800012e4	 x21:0x6e60ed96  x7:0x00000000
        9315000	       930	00000000	00000013	addi	x0,x0,0	  x0:0x00000000
        9325000	       931	800012e0	00000013	addi	x0,x0,0	  x0:0x00000000
        9335000	       932	800012e4	4476fc13	andi	x24,x13,1095	 x13:0xaf8b4080 x24=0x00000000
        9345000	       933	800012e8	00130a33	add	x20,x6,x1	  x6:0x00000001  x1:0xffffffcf x20=0xffffffd0
        9355000	       934	800012ec	010c2e33	slt	x28,x24,x16	 x24:0x00000000 x16:0x00000000 x28=0x00000000
        9365000	       935	800012f0	1adb7193	andi	x3,x22,429	 x22:0x80009f5c  x3=0x0000010c
        9375000	       936	800012f4	413c5093	srai	x1,x24,0x13	 x24:0x00000000  x1=0x00000000
        9385000	       937	800012f8	01a26c33	or	x24,x4,x26	  x4:0xfffffba1 x26:0xfe076000 x24=0xfffffba1
        9395000	       938	800012fc	0024a7b3	slt	x15,x9,x2	  x9:0x04000000  x2:0x00100000 x15=0x00000000
        9405000	       939	80001300	04e23613	sltiu	x12,x4,78	  x4:0xfffffba1 x12=0x00000000
        9415000	       940	80001304	0126bf33	sltu	x30,x13,x18	 x13:0xaf8b4080 x18:0x0984fdb9 x30=0x00000000
        9425000	       941	80001308	0137e833	or	x16,x15,x19	 x15:0x00000000 x19:0x00000002 x16=0x00000002
        9435000	       942	8000130c	4176d893	srai	x17,x13,0x17	 x13:0xaf8b4080 x17=0xffffff5f
        9445000	       943	80001310	771e7813	andi	x16,x28,1905	 x28:0x00000000 x16=0x00000000
        9455000	       944	80001314	2ae86493	ori	x9,x16,686	 x16:0x00000000  x9=0x000002ae
        9465000	       945	80001318	c14fae93	slti	x29,x31,-1004	 x31:0x0001309f x29=0x00000000
        9475000	       946	8000131c	9be37013	andi	x0,x6,-1602	  x6:0x00000001
        9485000	       947	80001320	023afa63	bgeu	x21,x3,80001354	 x21:0x6e60ed96  x3:0x0000010c
        9495000	       948	00000000	00000013	addi	x0,x0,0	  x0:0x00000000
        9505000	       949	80001350	00000013	addi	x0,x0,0	  x0:0x00000000
        9515000	       950	80001354	d3014693	xori	x13,x2,-720	  x2:0x00100000 x13=0xffeffd30
        9525000	       951	80001358	a4d2b113	sltiu	x2,x5,-1459	  x5:0x00000001  x2=0x00000001
        9535000	       952	8000135c	40800cb3	sub	x25,x0,x8	  x0:0x00000000  x8:0x00000000 x25=0x00000000
        9545000	       953	80001360	003310b3	sll	x1,x6,x3	  x6:0x00000001  x3:0x0000010c  x1=0x00001000
        9555000	       954	80001364	995b7f93	andi	x31,x22,-1643	 x22:0x80009f5c x31=0x80009914
        9565000	       955	80001368	00000417	auipc	x8,0x0	  x8=0x80001364
        9575000	       956	8000136c	71040413	addi	x8,x8,1808	  x8:0x80001364  x8=0x80001a74
        9585000	       957	80001370	01369e33	sll	x28,x13,x19	 x13:0xffeffd30 x19:0x00000002 x28=0xffbff4c0
        9595000	       958	80001374	000639b3	sltu	x19,x12,x0	 x12:0x00000000  x0:0x00000000 x19=0x00000000
        9605000	       959	80001378	722a43b7	lui	x7,0x722a4	  x7=0x722a4000
        9615000	       960	8000137c	1a240413	addi	x8,x8,418	  x8:0x80001a74  x8=0x80001c16
        9625000	       961	80001380	011e8033	add	x0,x29,x17	 x29:0x00000000 x17:0xffffff5f
        9635000	       962	80001384	c87ebd13	sltiu	x26,x29,-889	 x29:0x00000000 x26=0x00000001
        9645000	       963	80001388	e5e40ee7	jalr	x29,x8,-418	  x8:0x80001c16 x29=0x80001388
        9655000	       964	00000000	00000013	addi	x0,x0,0	  x0:0x00000000
        9665000	       965	80001a74	00000013	addi	x0,x0,0	  x0:0x00000000
        9675000	       966	80001a78	fc8b0b13	addi	x22,x22,-56	 x22:0x80009f5c x22=0x80009f24
        9685000	       967	80001a7c	01638033	add	x0,x7,x22	  x7:0x722a4000 x22:0x80009f24
        9695000	       968	80001a80	063eba17	auipc	x20,0x63eb	 x20=0x863eca7c
        9705000	       969	80001a84	23474a13	xori	x20,x14,564	 x14:0x80009fc4 x20=0x80009df0
        9715000	       970	80001a88	41628a33	sub	x20,x5,x22	  x5:0x00000001 x22:0x80009f24 x20=0x7fff60dd
        9725000	       971	80001a8c	01db2223	sw	x29,4(x22)	 x22:0x80009f24 x29:0x80001388 PA:0x80009f28
        9735000	       972	80001a90	3d4c0393	addi	x7,x24,980	 x24:0xfffffba1  x7=0xffffff75
        9745000	       973	80001a94	a964ce13	xori	x28,x9,-1386	  x9:0x000002ae x28=0xfffff838
        9755000	       974	80001a98	00a3c4b3	xor	x9,x7,x10	  x7:0xffffff75 x10:0xcfcece00  x9=0x30313175
        9765000	       975	80001a9c	a72a3c13	sltiu	x24,x20,-1422	 x20:0x7fff60dd x24=0x00000001
        9775000	       976	80001aa0	bf6d3f17	auipc	x30,0xbf6d3	 x30=0x3f6d4a9c
        9785000	       977	80001aa4	01836933	or	x18,x6,x24	  x6:0x00000001 x24:0x00000001 x18=0x00000001
        9795000	       978	80001aa8	00007117	auipc	x2,0x7	  x2=0x80008aa4
        9805000	       979	80001aac	af010113	addi	x2,x2,-1296	  x2:0x80008aa4  x2=0x80008594
        9815000	       980	80001ab0	ff214c83	lbu	x25,-14(x2)	  x2:0x80008594 x25=0x0000003d PA:0x80008586
        9825000	       981	80001ab4	ff012c03	lw	x24,-16(x2)	  x2:0x80008594 x24=0x3c3d3e3f PA:0x80008584
        9835000	       982	80001ab8	1798ff13	andi	x30,x17,377	 x17:0xffffff5f x30=0x00000159
        9845000	       983	80001abc	6b47f993	andi	x19,x15,1716	 x15:0x00000000 x19=0x00000000
        9855000	       984	80001ac0	ff410683	lb	x13,-12(x2)	  x2:0x80008594 x13=0x00000043 PA:0x80008588
        9865000	       985	80001ac4	ff110903	lb	x18,-15(x2)	  x2:0x80008594 x18=0x0000003e PA:0x80008585
        9875000	       986	80001ac8	01d82bb3	slt	x23,x16,x29	 x16:0x00000000 x29:0x80001388 x23=0x00000000
        9885000	       987	80001acc	00b14f83	lbu	x31,11(x2)	  x2:0x80008594 x31=0x00000054 PA:0x8000859f
        9895000	       988	80001ad0	00b10c03	lb	x24,11(x2)	  x2:0x80008594 x24=0x00000054 PA:0x8000859f
        9905000	       989	80001ad4	00a9d193	srli	x3,x19,0xa	 x19:0x00000000  x3=0x00000000
        9915000	       990	80001ad8	009916b3	sll	x13,x18,x9	 x18:0x0000003e  x9:0x30313175 x13=0x07c00000
        9925000	       991	80001adc	00a11283	lh	x5,10(x2)	  x2:0x80008594  x5=0x00005455 PA:0x8000859e
        9935000	       992	80001ae0	019a03b3	add	x7,x20,x25	 x20:0x7fff60dd x25:0x0000003d  x7=0x7fff611a
        9945000	       993	80001ae4	4724f693	andi	x13,x9,1138	  x9:0x30313175 x13=0x00000070
        9955000	       994	80001ae8	00f14583	lbu	x11,15(x2)	  x2:0x80008594 x11=0x0000004b PA:0x800085a3
        9965000	       995	80001aec	00910423	sb	x9,8(x2)	  x2:0x80008594  x9:0x30313175 PA:0x8000859c
        9975000	       996	80001af0	fe110b23	sb	x1,-10(x2)	  x2:0x80008594  x1:0x00001000 PA:0x8000858a
        9985000	       997	80001af4	00981793	slli	x15,x16,0x9	 x16:0x00000000 x15=0x00000000
        9995000	       998	80001af8	00000013	addi	x0,x0,0	  x0:0x00000000
       10005000	       999	80001afc	00a10503	lb	x10,10(x2)	  x2:0x80008594 x10=0x00000055 PA:0x8000859e
       10015000	      1000	80001b00	c3892613	slti	x12,x18,-968	 x18:0x0000003e x12=0x00000000
       10025000	      1001	80001b04	01c4ebb3	or	x23,x9,x28	  x9:0x30313175 x28:0xfffff838 x23=0xfffff97d
       10035000	      1002	80001b08	1efcea93	ori	x21,x25,495	 x25:0x0000003d x21=0x000001ff
       10045000	      1003	80001b0c	40bed193	srai	x3,x29,0xb	 x29:0x80001388  x3=0xfff00002
       10055000	      1004	80001b10	00210883	lb	x17,2(x2)	  x2:0x80008594 x17=0x0000004d PA:0x80008596
       10065000	      1005	80001b14	ff310c83	lb	x25,-13(x2)	  x2:0x80008594 x25=0x0000003c PA:0x80008587
       10075000	      1006	80001b18	017105a3	sb	x23,11(x2)	  x2:0x80008594 x23:0xfffff97d PA:0x8000859f
       10085000	      1007	80001b1c	01311023	sh	x19,0(x2)	  x2:0x80008594 x19:0x00000000 PA:0x80008594
       10095000	      1008	80001b20	124c3893	sltiu	x17,x24,292	 x24:0x00000054 x17=0x00000001
       10105000	      1009	80001b24	01511223	sh	x21,4(x2)	  x2:0x80008594 x21:0x000001ff PA:0x80008598
       10115000	      1010	80001b28	00c107a3	sb	x12,15(x2)	  x2:0x80008594 x12:0x00000000 PA:0x800085a3
       10125000	      1011	80001b2c	00710523	sb	x7,10(x2)	  x2:0x80008594  x7:0x7fff611a PA:0x8000859e
       10135000	      1012	80001b30	41c4d3b3	sra	x7,x9,x28	  x9:0x30313175 x28:0xfffff838  x7=0x00000030
       10145000	      1013	80001b34	33ee0f93	addi	x31,x28,830	 x28:0xfffff838 x31=0xfffffb76
       10155000	      1014	80001b38	8e082513	slti	x10,x16,-1824	 x16:0x00000000 x10=0x00000000
       10165000	      1015	80001b3c	1ef87213	andi	x4,x16,495	 x16:0x00000000  x4=0x00000000
       10175000	      1016	80001b40	fee10fa3	sb	x14,-1(x2)	  x2:0x80008594 x14:0x80009fc4 PA:0x80008593
       10185000	      1017	80001b44	0004ea33	or	x20,x9,x0	  x9:0x30313175  x0:0x00000000 x20=0x30313175
       10195000	      1018	80001b48	ff310c03	lb	x24,-13(x2)	  x2:0x80008594 x24=0x0000003c PA:0x80008587
       10205000	      1019	80001b4c	00214903	lbu	x18,2(x2)	  x2:0x80008594 x18=0x0000004d PA:0x80008596
       10215000	      1020	80001b50	ff011f23	sh	x16,-2(x2)	  x2:0x80008594 x16:0x00000000 PA:0x80008592
       10225000	      1021	80001b54	00006e17	auipc	x28,0x6	 x28=0x80007b50
       10235000	      1022	80001b58	6d8e0e13	addi	x28,x28,1752	 x28:0x80007b50 x28=0x80008228
       10245000	      1023	80001b5c	010edd13	srli	x26,x29,0x10	 x29:0x80001388 x26=0x00008000
       10255000	      1024	80001b60	ff5e4783	lbu	x15,-11(x28)	 x28:0x80008228 x15=0x000000d6 PA:0x8000821d
       10265000	      1025	80001b64	009e4503	lbu	x10,9(x28)	 x28:0x80008228 x10=0x000000ea PA:0x80008231
       10275000	      1026	80001b68	00eeafb3	slt	x31,x29,x14	 x29:0x80001388 x14:0x80009fc4 x31=0x00000001
       10285000	      1027	80001b6c	01ed83b3	add	x7,x27,x30	 x27:0x00000000 x30:0x00000159  x7=0x00000159
       10295000	      1028	80001b70	6084a613	slti	x12,x9,1544	  x9:0x30313175 x12=0x00000000
       10305000	      1029	80001b74	fe1e1823	sh	x1,-16(x28)	 x28:0x80008228  x1:0x00001000 PA:0x80008218
       10315000	      1030	80001b78	0046a5b3	slt	x11,x13,x4	 x13:0x00000070  x4:0x00000000 x11=0x00000000
       10325000	      1031	80001b7c	ff9e4583	lbu	x11,-7(x28)	 x28:0x80008228 x11=0x000000da PA:0x80008221
       10335000	      1032	80001b80	00523533	sltu	x10,x4,x5	  x4:0x00000000  x5:0x00005455 x10=0x00000001
       10345000	      1033	80001b84	ffae0e83	lb	x29,-6(x28)	 x28:0x80008228 x29=0xffffffd9 PA:0x80008222
       10355000	      1034	80001b88	ffee1403	lh	x8,-2(x28)	 x28:0x80008228  x8=0xffffdcdd PA:0x80008226
       10365000	      1035	80001b8c	00bae233	or	x4,x21,x11	 x21:0x000001ff x11:0x000000da  x4=0x000001ff
       10375000	      1036	80001b90	00ae4a83	lbu	x21,10(x28)	 x28:0x80008228 x21=0x000000e9 PA:0x80008232
       10385000	      1037	80001b94	fffe0403	lb	x8,-1(x28)	 x28:0x80008228  x8=0xffffffdc PA:0x80008227
       10395000	      1038	80001b98	f174f513	andi	x10,x9,-233	  x9:0x30313175 x10=0x30313115
       10405000	      1039	80001b9c	01145933	srl	x18,x8,x17	  x8:0xffffffdc x17:0x00000001 x18=0x7fffffee
       10415000	      1040	80001ba0	c35c7913	andi	x18,x24,-971	 x24:0x0000003c x18=0x00000034
       10425000	      1041	80001ba4	ffbe0583	lb	x11,-5(x28)	 x28:0x80008228 x11=0xffffffd8 PA:0x80008223
       10435000	      1042	80001ba8	01380eb3	add	x29,x16,x19	 x16:0x00000000 x19:0x00000000 x29=0x00000000
       10445000	      1043	80001bac	011193b3	sll	x7,x3,x17	  x3:0xfff00002 x17:0x00000001  x7=0xffe00004
       10455000	      1044	80001bb0	ff7c8393	addi	x7,x25,-9	 x25:0x0000003c  x7=0x00000033
       10465000	      1045	80001bb4	aabee513	ori	x10,x29,-1365	 x29:0x00000000 x10=0xfffffaab
       10475000	      1046	80001bb8	01c99613	slli	x12,x19,0x1c	 x19:0x00000000 x12=0x00000000
       10485000	      1047	80001bbc	00ae5403	lhu	x8,10(x28)	 x28:0x80008228  x8=0x000001e9 PA:0x80008232
       10495000	      1048	80001bc0	910a2093	slti	x1,x20,-1776	 x20:0x30313175  x1=0x00000000
       10505000	      1049	80001bc4	00ee0e83	lb	x29,14(x28)	 x28:0x80008228 x29=0xffffffed PA:0x80008236
       10515000	      1050	80001bc8	e92d7393	andi	x7,x26,-366	 x26:0x00008000  x7=0x00008000
       10525000	      1051	80001bcc	0102aa33	slt	x20,x5,x16	  x5:0x00005455 x16:0x00000000 x20=0x00000000
       10535000	      1052	80001bd0	000f34b3	sltu	x9,x30,x0	 x30:0x00000159  x0:0x00000000  x9=0x00000000
       10545000	      1053	80001bd4	00de1123	sh	x13,2(x28)	 x28:0x80008228 x13:0x00000070 PA:0x8000822a
       10555000	      1054	80001bd8	00006697	auipc	x13,0x6	 x13=0x80007bd4
       10565000	      1055	80001bdc	47468693	addi	x13,x13,1140	 x13:0x80007bd4 x13=0x80008048
       10575000	      1056	80001be0	0c069f23	sh	x0,222(x13)	 x13:0x80008048  x0:0x00000000 PA:0x80008126
       10585000	      1057	80001be4	0de6c283	lbu	x5,222(x13)	 x13:0x80008048  x5=0x00000000 PA:0x80008126
       10595000	      1058	80001be8	0de6d603	lhu	x12,222(x13)	 x13:0x80008048 x12=0x00000000 PA:0x80008126
       10605000	      1059	80001bec	0de69f23	sh	x30,222(x13)	 x13:0x80008048 x30:0x00000159 PA:0x80008126
       10615000	      1060	80001bf0	46fe2c93	slti	x25,x28,1135	 x28:0x80008228 x25=0x00000001
       10625000	      1061	80001bf4	0de6cc83	lbu	x25,222(x13)	 x13:0x80008048 x25=0x00000059 PA:0x80008126
       10635000	      1062	80001bf8	05768723	sb	x23,78(x13)	 x13:0x80008048 x23:0xfffff97d PA:0x80008096
       10645000	      1063	80001bfc	b3354e13	xori	x28,x10,-1229	 x10:0xfffffaab x28=0x00000198
       10655000	      1064	80001c00	41fddb93	srai	x23,x27,0x1f	 x27:0x00000000 x23=0x00000000
       10665000	      1065	80001c04	04e69303	lh	x6,78(x13)	 x13:0x80008048  x6=0x00004c7d PA:0x80008096
       10675000	      1066	80001c08	03568483	lb	x9,53(x13)	 x13:0x80008048  x9=0x00000036 PA:0x8000807d
       10685000	      1067	80001c0c	0356cc03	lbu	x24,53(x13)	 x13:0x80008048 x24=0x00000036 PA:0x8000807d
       10695000	      1068	80001c10	02a68aa3	sb	x10,53(x13)	 x13:0x80008048 x10:0xfffffaab PA:0x8000807d
       10705000	      1069	80001c14	0ef69223	sh	x15,228(x13)	 x13:0x80008048 x15:0x000000d6 PA:0x8000812c
       10715000	      1070	80001c18	0e46aa03	lw	x20,228(x13)	 x13:0x80008048 x20=0xe4e500d6 PA:0x8000812c
       10725000	      1071	80001c1c	0d9680a3	sb	x25,193(x13)	 x13:0x80008048 x25:0x00000059 PA:0x80008109
       10735000	      1072	80001c20	0dd680a3	sb	x29,193(x13)	 x13:0x80008048 x29:0xffffffed PA:0x80008109
       10745000	      1073	80001c24	0c16cc83	lbu	x25,193(x13)	 x13:0x80008048 x25=0x000000ed PA:0x80008109
       10755000	      1074	80001c28	0c168e03	lb	x28,193(x13)	 x13:0x80008048 x28=0xffffffed PA:0x80008109
       10765000	      1075	80001c2c	0c7680a3	sb	x7,193(x13)	 x13:0x80008048  x7:0x00008000 PA:0x80008109
       10775000	      1076	80001c30	012b9933	sll	x18,x23,x18	 x23:0x00000000 x18:0x00000034 x18=0x00000000
       10785000	      1077	80001c34	0c168203	lb	x4,193(x13)	 x13:0x80008048  x4=0x00000000 PA:0x80008109
       10795000	      1078	80001c38	07d68083	lb	x1,125(x13)	 x13:0x80008048  x1=0xffffff88 PA:0x800080c5
       10805000	      1079	80001c3c	07d68803	lb	x16,125(x13)	 x13:0x80008048 x16=0xffffff88 PA:0x800080c5
       10815000	      1080	80001c40	00007c17	auipc	x24,0x7	 x24=0x80008c3c
       10825000	      1081	80001c44	d5bc0c13	addi	x24,x24,-677	 x24:0x80008c3c x24=0x80008997
       10835000	      1082	80001c48	00007597	auipc	x11,0x7	 x11=0x80008c44
       10845000	      1083	80001c4c	05e58593	addi	x11,x11,94	 x11:0x80008c44 x11=0x80008ca2
       10855000	      1084	80001c50	ff5c0ca3	sb	x21,-7(x24)	 x24:0x80008997 x21:0x000000e9 PA:0x80008990
       10865000	      1085	80001c54	ff6c0803	lb	x16,-10(x24)	 x24:0x80008997 x16=0x00000076 PA:0x8000898d
       10875000	      1086	80001c58	2565a883	lw	x17,598(x11)	 x11:0x80008ca2 x17=0xe0e1e2e3 PA:0x80008ef8
       10885000	      1087	80001c5c	27558a03	lb	x20,629(x11)	 x11:0x80008ca2 x20=0xffffffc4 PA:0x80008f17
       10895000	      1088	80001c60	ff5c0983	lb	x19,-11(x24)	 x24:0x80008997 x19=0x00000077 PA:0x8000898c
       10905000	      1089	80001c64	2895a323	sw	x9,646(x11)	 x11:0x80008ca2  x9:0x00000036 PA:0x80008f28
       10915000	      1090	80001c68	ffac4903	lbu	x18,-6(x24)	 x24:0x80008997 x18=0x00000000 PA:0x80008991
       10925000	      1091	80001c6c	de05d883	lhu	x17,-544(x11)	 x11:0x80008ca2 x17=0x00006869 PA:0x80008a82
       10935000	      1092	80001c70	001c0603	lb	x12,1(x24)	 x24:0x80008997 x12=0xffffff83 PA:0x80008998
       10945000	      1093	00000000	00000013	addi	x0,x0,0	  x0:0x00000000
       10955000	      1094	80001c74	bcc58da3	sb	x12,-1061(x11)	 x11:0x80008ca2 x12:0xffffff83 PA:0x8000887d
       10965000	      1095	80001c78	005c5203	lhu	x4,5(x24)	 x24:0x80008997  x4=0x0000859c PA:0x8000899c
       10975000	      1096	80001c7c	d2c5d003	lhu	x0,-724(x11)	 x11:0x80008ca2 PA:0x800089ce
       10985000	      1097	80001c80	007c0903	lb	x18,7(x24)	 x24:0x80008997 x18=0xffffff85 PA:0x8000899e
       10995000	      1098	80001c84	010c0083	lb	x1,16(x24)	 x24:0x80008997  x1=0xffffff8c PA:0x800089a7
       11005000	      1099	80001c88	2605d983	lhu	x19,608(x11)	 x11:0x80008ca2 x19=0x0000e8e9 PA:0x80008f02
       11015000	      1100	80001c8c	ff9c5a03	lhu	x20,-7(x24)	 x24:0x80008997 x20=0x000000e9 PA:0x80008990
       11025000	      1101	80001c90	00007197	auipc	x3,0x7	  x3=0x80008c8c
       11035000	      1102	80001c94	d9418193	addi	x3,x3,-620	  x3:0x80008c8c  x3=0x80008a20
       11045000	      1103	80001c98	00c185a3	sb	x12,11(x3)	  x3:0x80008a20 x12:0xffffff83 PA:0x80008a2b
       11055000	      1104	80001c9c	ffe18b23	sb	x30,-10(x3)	  x3:0x80008a20 x30:0x00000159 PA:0x80008a16
       11065000	      1105	80001ca0	ff61d083	lhu	x1,-10(x3)	  x3:0x80008a20  x1=0x0000fc59 PA:0x80008a16
       11075000	      1106	80001ca4	ff61c503	lbu	x10,-10(x3)	  x3:0x80008a20 x10=0x00000059 PA:0x80008a16
       11085000	      1107	80001ca8	ff61cd03	lbu	x26,-10(x3)	  x3:0x80008a20 x26=0x00000059 PA:0x80008a16
       11095000	      1108	80001cac	00318f83	lb	x31,3(x3)	  x3:0x80008a20 x31=0x00000008 PA:0x80008a23
       11105000	      1109	80001cb0	ff119d23	sh	x17,-6(x3)	  x3:0x80008a20 x17:0x00006869 PA:0x80008a1a
       11115000	      1110	80001cb4	ff918d23	sb	x25,-6(x3)	  x3:0x80008a20 x25:0x000000ed PA:0x80008a1a
       11125000	      1111	80001cb8	ff919d23	sh	x25,-6(x3)	  x3:0x80008a20 x25:0x000000ed PA:0x80008a1a
       11135000	      1112	80001cbc	ffa18683	lb	x13,-6(x3)	  x3:0x80008a20 x13=0xffffffed PA:0x80008a1a
       11145000	      1113	80001cc0	ffa1de83	lhu	x29,-6(x3)	  x3:0x80008a20 x29=0x000000ed PA:0x80008a1a
       11155000	      1114	80001cc4	0091c403	lbu	x8,9(x3)	  x3:0x80008a20  x8=0x00000012 PA:0x80008a29
       11165000	      1115	80001cc8	00c7e7b3	or	x15,x15,x12	 x15:0x000000d6 x12:0xffffff83 x15=0xffffffd7
       11175000	      1116	80001ccc	0091c883	lbu	x17,9(x3)	  x3:0x80008a20 x17=0x00000012 PA:0x80008a29
       11185000	      1117	80001cd0	00918e83	lb	x29,9(x3)	  x3:0x80008a20 x29=0x00000012 PA:0x80008a29
       11195000	      1118	80001cd4	00007c17	auipc	x24,0x7	 x24=0x80008cd0
       11205000	      1119	80001cd8	276c0c13	addi	x24,x24,630	 x24:0x80008cd0 x24=0x80008f46
       11215000	      1120	80001cdc	fd3c0d03	lb	x26,-45(x24)	 x24:0x80008f46 x26=0x00000002 PA:0x80008f19
       11225000	      1121	80001ce0	00007497	auipc	x9,0x7	  x9=0x80008cdc
       11235000	      1122	80001ce4	fca48493	addi	x9,x9,-54	  x9:0x80008cdc  x9=0x80008ca6
       11245000	      1123	80001ce8	fde4dc83	lhu	x25,-34(x9)	  x9:0x80008ca6 x25=0x00006e6f PA:0x80008c84
       11255000	      1124	80001cec	011485a3	sb	x17,11(x9)	  x9:0x80008ca6 x17:0x00000012 PA:0x80008cb1
       11265000	      1125	80001cf0	01ac0683	lb	x13,26(x24)	 x24:0x80008f46 x13=0x0000004b PA:0x80008f60
       11275000	      1126	80001cf4	03c49783	lh	x15,60(x9)	  x9:0x80008ca6 x15=0xffffc8c9 PA:0x80008ce2
       11285000	      1127	80001cf8	fffc00a3	sb	x31,-31(x24)	 x24:0x80008f46 x31:0x00000008 PA:0x80008f27
       11295000	      1128	80001cfc	016c1b23	sh	x22,22(x24)	 x24:0x80008f46 x22:0x80009f24 PA:0x80008f5c
       11305000	      1129	80001d00	fc348b23	sb	x3,-42(x9)	  x9:0x80008ca6  x3:0x80008a20 PA:0x80008c7c
       11315000	      1130	80001d04	019c0803	lb	x16,25(x24)	 x24:0x80008f46 x16=0x00000018 PA:0x80008f5f
       11325000	      1131	80001d08	fdc4d783	lhu	x15,-36(x9)	  x9:0x80008ca6 x15=0x00006869 PA:0x80008c82
       11335000	      1132	80001d0c	ffec05a3	sb	x30,-21(x24)	 x24:0x80008f46 x30:0x00000159 PA:0x80008f31
       11345000	      1133	80001d10	03148203	lb	x4,49(x9)	  x9:0x80008ca6  x4=0xffffffbc PA:0x80008cd7
       11355000	      1134	80001d14	051c1023	sh	x17,64(x24)	 x24:0x80008f46 x17:0x00000012 PA:0x80008f86
       11365000	      1135	80001d18	ff7c0023	sb	x23,-32(x24)	 x24:0x80008f46 x23:0x00000000 PA:0x80008f26
       11375000	      1136	80001d1c	fdcc4583	lbu	x11,-36(x24)	 x24:0x80008f46 x11=0x00000000 PA:0x80008f22
       11385000	      1137	80001d20	010484a3	sb	x16,9(x9)	  x9:0x80008ca6 x16:0x00000018 PA:0x80008caf
       11395000	      1138	80001d24	00a11e13	slli	x28,x2,0xa	  x2:0x80008594 x28=0x02165000
       11405000	      1139	80001d28	0030e463	bltu	x1,x3,80001d30	  x1:0x0000fc59  x3:0x80008a20
       11415000	      1140	00000000	00000013	addi	x0,x0,0	  x0:0x00000000
       11425000	      1141	80001d2c	00000013	addi	x0,x0,0	  x0:0x00000000
       11435000	      1142	80001d30	0172de13	srli	x28,x5,0x17	  x5:0x00000000 x28=0x00000000
       11445000	      1143	80001d34	74658a13	addi	x20,x11,1862	 x11:0x00000000 x20=0x00000746
       11455000	      1144	80001d38	0b206913	ori	x18,x0,178	  x0:0x00000000 x18=0x000000b2
       11465000	      1145	80001d3c	76c64f13	xori	x30,x12,1900	 x12:0xffffff83 x30=0xfffff8ef
       11475000	      1146	80001d40	2a2c7e93	andi	x29,x24,674	 x24:0x80008f46 x29=0x00000202
       11485000	      1147	80001d44	03f94263	blt	x18,x31,80001d68	 x18:0x000000b2 x31:0x00000008
       11495000	      1148	80001d48	001b1133	sll	x2,x22,x1	 x22:0x80009f24  x1:0x0000fc59  x2=0x48000000
       11505000	      1149	80001d4c	40d65693	srai	x13,x12,0xd	 x12:0xffffff83 x13=0xffffffff
       11515000	      1150	80001d50	5d40af93	slti	x31,x1,1492	  x1:0x0000fc59 x31=0x00000000
       11525000	      1151	80001d54	010a1a93	slli	x21,x20,0x10	 x20:0x00000746 x21=0x07460000
       11535000	      1152	80001d58	00539633	sll	x12,x7,x5	  x7:0x00008000  x5:0x00000000 x12=0x00008000
       11545000	      1153	80001d5c	00456663	bltu	x10,x4,80001d68	 x10:0x00000059  x4:0xffffffbc
       11555000	      1154	00000000	00000013	addi	x0,x0,0	  x0:0x00000000
       11565000	      1155	80001d64	00000013	addi	x0,x0,0	  x0:0x00000000
       11575000	      1156	80001d68	004953b3	srl	x7,x18,x4	 x18:0x000000b2  x4:0xffffffbc  x7=0x00000000
       11585000	      1157	80001d6c	00087f33	and	x30,x16,x0	 x16:0x00000018  x0:0x00000000 x30=0x00000000
       11595000	      1158	80001d70	00000013	addi	x0,x0,0	  x0:0x00000000
       11605000	      1159	80001d74	3a340f37	lui	x30,0x3a340	 x30=0x3a340000
       11615000	      1160	80001d78	015669b3	or	x19,x12,x21	 x12:0x00008000 x21:0x07460000 x19=0x07468000
       11625000	      1161	80001d7c	41f002b3	sub	x5,x0,x31	  x0:0x00000000 x31:0x00000000  x5=0x00000000
       11635000	      1162	80001d80	0041df33	srl	x30,x3,x4	  x3:0x80008a20  x4:0xffffffbc x30=0x00000008
       11645000	      1163	80001d84	01bdc663	blt	x27,x27,80001d90	 x27:0x00000000 x27:0x00000000
       11655000	      1164	80001d88	01dfde63	bge	x31,x29,80001da4	 x31:0x00000000 x29:0x00000202
       11665000	      1165	80001d8c	01fbc663	blt	x23,x31,80001d98	 x23:0x00000000 x31:0x00000000
       11675000	      1166	80001d90	00ed8263	beq	x27,x14,80001d94	 x27:0x00000000 x14:0x80009fc4
       11685000	      1167	80001d94	01ae4a33	xor	x20,x28,x26	 x28:0x00000000 x26:0x00000002 x20=0x00000002
       11695000	      1168	80001d98	73e7a193	slti	x3,x15,1854	 x15:0x00006869  x3=0x00000000
       11705000	      1169	80001d9c	40245113	srai	x2,x8,0x2	  x8:0x00000012  x2=0x00000004
       11715000	      1170	80001da0	8f7b3193	sltiu	x3,x22,-1801	 x22:0x80009f24  x3=0x00000001
       11725000	      1171	80001da4	0566d263	bge	x13,x22,80001de8	 x13:0xffffffff x22:0x80009f24
       11735000	      1172	00000000	00000013	addi	x0,x0,0	  x0:0x00000000
       11745000	      1173	80001de4	00000013	addi	x0,x0,0	  x0:0x00000000
       11755000	      1174	80001de8	aabae413	ori	x8,x21,-1365	 x21:0x07460000  x8=0xfffffaab
       11765000	      1175	80001dec	008a06b3	add	x13,x20,x8	 x20:0x00000002  x8:0xfffffaab x13=0xfffffaad
       11775000	      1176	80001df0	00fd1413	slli	x8,x26,0xf	 x26:0x00000002  x8=0x00010000
       11785000	      1177	80001df4	a98ff693	andi	x13,x31,-1384	 x31:0x00000000 x13=0x00000000
       11795000	      1178	80001df8	0ed4acb7	lui	x25,0xed4a	 x25=0x0ed4a000
       11805000	      1179	80001dfc	fc34a337	lui	x6,0xfc34a	  x6=0xfc34a000
       11815000	      1180	80001e00	03a99863	bne	x19,x26,80001e30	 x19:0x07468000 x26:0x00000002
       11825000	      1181	00000000	00000013	addi	x0,x0,0	  x0:0x00000000
       11835000	      1182	80001e2c	00000013	addi	x0,x0,0	  x0:0x00000000
       11845000	      1183	80001e30	00000013	addi	x0,x0,0	  x0:0x00000000
       11855000	      1184	80001e34	41b9d3b3	sra	x7,x19,x27	 x19:0x07468000 x27:0x00000000  x7=0x07468000
       11865000	      1185	80001e38	40060133	sub	x2,x12,x0	 x12:0x00008000  x0:0x00000000  x2=0x00008000
       11875000	      1186	80001e3c	012f27b3	slt	x15,x30,x18	 x30:0x00000008 x18:0x000000b2 x15=0x00000001
       11885000	      1187	80001e40	45018493	addi	x9,x3,1104	  x3:0x00000001  x9=0x00000451
       11895000	      1188	80001e44	02ba4263	blt	x20,x11,80001e68	 x20:0x00000002 x11:0x00000000
       11905000	      1189	80001e48	00741893	slli	x17,x8,0x7	  x8:0x00010000 x17=0x00800000
       11915000	      1190	80001e4c	01a205b3	add	x11,x4,x26	  x4:0xffffffbc x26:0x00000002 x11=0xffffffbe
       11925000	      1191	80001e50	01accd33	xor	x26,x25,x26	 x25:0x0ed4a000 x26:0x00000002 x26=0x0ed4a002
       11935000	      1192	80001e54	41f18233	sub	x4,x3,x31	  x3:0x00000001 x31:0x00000000  x4=0x00000001
       11945000	      1193	80001e58	000f42b3	xor	x5,x30,x0	 x30:0x00000008  x0:0x00000000  x5=0x00000008
       11955000	      1194	80001e5c	00fb31b3	sltu	x3,x22,x15	 x22:0x80009f24 x15:0x00000001  x3=0x00000000
       11965000	      1195	80001e60	0038dc63	bge	x17,x3,80001e78	 x17:0x00800000  x3:0x00000000
       11975000	      1196	00000000	00000013	addi	x0,x0,0	  x0:0x00000000
       11985000	      1197	80001e74	00000013	addi	x0,x0,0	  x0:0x00000000
       11995000	      1198	80001e78	157cff93	andi	x31,x25,343	 x25:0x0ed4a000 x31=0x00000000
       12005000	      1199	80001e7c	006dfeb3	and	x29,x27,x6	 x27:0x00000000  x6:0xfc34a000 x29=0x00000000
       12015000	      1200	80001e80	00219263	bne	x3,x2,80001e84	  x3:0x00000000  x2:0x00008000
       12025000	      1201	00000000	00000013	addi	x0,x0,0	  x0:0x00000000
       12035000	      1202	80001e80	00000013	addi	x0,x0,0	  x0:0x00000000
       12045000	      1203	80001e84	01ca2f33	slt	x30,x20,x28	 x20:0x00000002 x28:0x00000000 x30=0x00000000
       12055000	      1204	80001e88	3d7b0413	addi	x8,x22,983	 x22:0x80009f24  x8=0x8000a2fb
       12065000	      1205	80001e8c	29df3693	sltiu	x13,x30,669	 x30:0x00000000 x13=0x00000001
       12075000	      1206	80001e90	03725a63	bge	x4,x23,80001ec4	  x4:0x00000001 x23:0x00000000
       12085000	      1207	00000000	00000013	addi	x0,x0,0	  x0:0x00000000
       12095000	      1208	80001ec0	00000013	addi	x0,x0,0	  x0:0x00000000
       12105000	      1209	80001ec4	ee642b93	slti	x23,x8,-282	  x8:0x8000a2fb x23=0x00000001
       12115000	      1210	80001ec8	9f0b8813	addi	x16,x23,-1552	 x23:0x00000001 x16=0xfffff9f1
       12125000	      1211	80001ecc	02f40663	beq	x8,x15,80001ef8	  x8:0x8000a2fb x15:0x00000001
       12135000	      1212	80001ed0	27072193	slti	x3,x14,624	 x14:0x80009fc4  x3=0x00000001
       12145000	      1213	80001ed4	027b0a63	beq	x22,x7,80001f08	 x22:0x80009f24  x7:0x07468000
       12155000	      1214	80001ed8	00b89fb3	sll	x31,x17,x11	 x17:0x00800000 x11:0xffffffbe x31=0x00000000
       12165000	      1215	80001edc	00f8c233	xor	x4,x17,x15	 x17:0x00800000 x15:0x00000001  x4=0x00800001
       12175000	      1216	80001ee0	c165f293	andi	x5,x11,-1002	 x11:0xffffffbe  x5=0xfffffc16
       12185000	      1217	80001ee4	41f75933	sra	x18,x14,x31	 x14:0x80009fc4 x31:0x00000000 x18=0x80009fc4
       12195000	      1218	80001ee8	41d35c93	srai	x25,x6,0x1d	  x6:0xfc34a000 x25=0xffffffff
       12205000	      1219	80001eec	8bb43897	auipc	x17,0x8bb43	 x17=0x0bb44ee8
       12215000	      1220	80001ef0	0032b2b3	sltu	x5,x5,x3	  x5:0xfffffc16  x3:0x00000001  x5=0x00000000
       12225000	      1221	80001ef4	ad63c197	auipc	x3,0xad63c	  x3=0x2d63def0
       12235000	      1222	80001ef8	c5ffec13	ori	x24,x31,-929	 x31:0x00000000 x24=0xfffffc5f
       12245000	      1223	80001efc	059bc463	blt	x23,x25,80001f44	 x23:0x00000001 x25:0xffffffff
       12255000	      1224	80001f00	406701b3	sub	x3,x14,x6	 x14:0x80009fc4  x6:0xfc34a000  x3=0x83cbffc4
       12265000	      1225	80001f04	004b58b3	srl	x17,x22,x4	 x22:0x80009f24  x4:0x00800001 x17=0x40004f92
       12275000	      1226	80001f08	73a3ef93	ori	x31,x7,1850	  x7:0x07468000 x31=0x0746873a
       12285000	      1227	80001f0c	01c71663	bne	x14,x28,80001f18	 x14:0x80009fc4 x28:0x00000000
       12295000	      1228	00000000	00000013	addi	x0,x0,0	  x0:0x00000000
       12305000	      1229	80001f14	00000013	addi	x0,x0,0	  x0:0x00000000
       12315000	      1230	80001f18	01849433	sll	x8,x9,x24	  x9:0x00000451 x24:0xfffffc5f  x8=0x80000000
       12325000	      1231	80001f1c	011e83b3	add	x7,x29,x17	 x29:0x00000000 x17:0x40004f92  x7=0x40004f92
       12335000	      1232	80001f20	61fdafb7	lui	x31,0x61fda	 x31=0x61fda000
       12345000	      1233	80001f24	f4aaed13	ori	x26,x21,-182	 x21:0x07460000 x26=0xffffff4a
       12355000	      1234	80001f28	02704863	blt	x0,x7,80001f58	  x0:0x00000000  x7:0x40004f92
       12365000	      1235	00000000	00000013	addi	x0,x0,0	  x0:0x00000000
       12375000	      1236	80001f54	00000013	addi	x0,x0,0	  x0:0x00000000
       12385000	      1237	80001f58	01b766b3	or	x13,x14,x27	 x14:0x80009fc4 x27:0x00000000 x13=0x80009fc4
       12395000	      1238	80001f5c	00740333	add	x6,x8,x7	  x8:0x80000000  x7:0x40004f92  x6=0xc0004f92
       12405000	      1239	80001f60	384d6393	ori	x7,x26,900	 x26:0xffffff4a  x7=0xffffffce
       12415000	      1240	80001f64	33c42813	slti	x16,x8,828	  x8:0x80000000 x16=0x00000001
       12425000	      1241	80001f68	01859663	bne	x11,x24,80001f74	 x11:0xffffffbe x24:0xfffffc5f
       12435000	      1242	00000000	00000013	addi	x0,x0,0	  x0:0x00000000
       12445000	      1243	80001f70	00000013	addi	x0,x0,0	  x0:0x00000000
       12455000	      1244	80001f74	00358133	add	x2,x11,x3	 x11:0xffffffbe  x3:0x83cbffc4  x2=0x83cbff82
       12465000	      1245	80001f78	01a75f33	srl	x30,x14,x26	 x14:0x80009fc4 x26:0xffffff4a x30=0x00200027
       12475000	      1246	80001f7c	00fbde93	srli	x29,x23,0xf	 x23:0x00000001 x29=0x00000000
       12485000	      1247	80001f80	010e33b3	sltu	x7,x28,x16	 x28:0x00000000 x16:0x00000001  x7=0x00000001
       12495000	      1248	80001f84	3ed62437	lui	x8,0x3ed62	  x8=0x3ed62000
       12505000	      1249	80001f88	01d98833	add	x16,x19,x29	 x19:0x07468000 x29:0x00000000 x16=0x07468000
       12515000	      1250	80001f8c	01015793	srli	x15,x2,0x10	  x2:0x83cbff82 x15=0x000083cb
       12525000	      1251	80001f90	408887b3	sub	x15,x17,x8	 x17:0x40004f92  x8:0x3ed62000 x15=0x012a2f92
       12535000	      1252	80001f94	766e8393	addi	x7,x29,1894	 x29:0x00000000  x7=0x00000766
       12545000	      1253	80001f98	2a340413	addi	x8,x8,675	  x8:0x3ed62000  x8=0x3ed622a3
       12555000	      1254	80001f9c	001af133	and	x2,x21,x1	 x21:0x07460000  x1:0x0000fc59  x2=0x00000000
       12565000	      1255	80001fa0	e492e313	ori	x6,x5,-439	  x5:0x00000000  x6=0xfffffe49
       12575000	      1256	80001fa4	040e1463	bne	x28,x0,80001fec	 x28:0x00000000  x0:0x00000000
       12585000	      1257	80001fa8	02ec6e13	ori	x28,x24,46	 x24:0xfffffc5f x28=0xfffffc7f
       12595000	      1258	80001fac	003afab3	and	x21,x21,x3	 x21:0x07460000  x3:0x83cbffc4 x21=0x03420000
       12605000	      1259	80001fb0	b1e07993	andi	x19,x0,-1250	  x0:0x00000000 x19=0x00000000
       12615000	      1260	80001fb4	03acf863	bgeu	x25,x26,80001fe4	 x25:0xffffffff x26:0xffffff4a
       12625000	      1261	00000000	00000013	addi	x0,x0,0	  x0:0x00000000
       12635000	      1262	80001fe0	00000013	addi	x0,x0,0	  x0:0x00000000
       12645000	      1263	80001fe4	00211ab3	sll	x21,x2,x2	  x2:0x00000000  x2:0x00000000 x21=0x00000000
       12655000	      1264	80001fe8	0fd27917	auipc	x18,0xfd27	 x18=0x8fd28fe4
       12665000	      1265	80001fec	40985193	srai	x3,x16,0x9	 x16:0x07468000  x3=0x0003a340
       12675000	      1266	80001ff0	405d5b93	srai	x23,x26,0x5	 x26:0xffffff4a x23=0xfffffffa
       12685000	      1267	80001ff4	02aa1a63	bne	x20,x10,80002028	 x20:0x00000002 x10:0x00000059
       12695000	      1268	00000000	00000013	addi	x0,x0,0	  x0:0x00000000
       12705000	      1269	80002024	00000013	addi	x0,x0,0	  x0:0x00000000
       12715000	      1270	80002028	05f50063	beq	x10,x31,80002068	 x10:0x00000059 x31:0x61fda000
       12725000	      1271	8000202c	02f01263	bne	x0,x15,80002050	  x0:0x00000000 x15:0x012a2f92
       12735000	      1272	00000000	00000013	addi	x0,x0,0	  x0:0x00000000
       12745000	      1273	8000204c	00000013	addi	x0,x0,0	  x0:0x00000000
       12755000	      1274	80002050	00a40333	add	x6,x8,x10	  x8:0x3ed622a3 x10:0x00000059  x6=0x3ed622fc
       12765000	      1275	80002054	01261033	sll	x0,x12,x18	 x12:0x00008000 x18:0x8fd28fe4
       12775000	      1276	80002058	717a0417	auipc	x8,0x717a0	  x8=0xf17a2054
       12785000	      1277	8000205c	13ebf593	andi	x11,x23,318	 x23:0xfffffffa x11=0x0000013a
       12795000	      1278	80002060	40d6d333	sra	x6,x13,x13	 x13:0x80009fc4 x13:0x80009fc4  x6=0xf80009fc
       12805000	      1279	80002064	a8026813	ori	x16,x4,-1408	  x4:0x00800001 x16=0xfffffa81
       12815000	      1280	80002068	418f5213	srai	x4,x30,0x18	 x30:0x00200027  x4=0x00000000
       12825000	      1281	8000206c	93c87493	andi	x9,x16,-1732	 x16:0xfffffa81  x9=0xfffff800
       12835000	      1282	80002070	4196db93	srai	x23,x13,0x19	 x13:0x80009fc4 x23=0xffffffc0
       12845000	      1283	80002074	00f62633	slt	x12,x12,x15	 x12:0x00008000 x15:0x012a2f92 x12=0x00000001
       12855000	      1284	80002078	073b3693	sltiu	x13,x22,115	 x22:0x80009f24 x13=0x00000000
       12865000	      1285	8000207c	50daa193	slti	x3,x21,1293	 x21:0x00000000  x3=0x00000001
       12875000	      1286	80002080	97392637	lui	x12,0x97392	 x12=0x97392000
       12885000	      1287	80002084	a38ff897	auipc	x17,0xa38ff	 x17=0x23901080
       12895000	      1288	80002088	899ec497	auipc	x9,0x899ec	  x9=0x099ee084
       12905000	      1289	8000208c	03869463	bne	x13,x24,800020b4	 x13:0x00000000 x24:0xfffffc5f
       12915000	      1290	00000000	00000013	addi	x0,x0,0	  x0:0x00000000
       12925000	      1291	800020b0	00000013	addi	x0,x0,0	  x0:0x00000000
       12935000	      1292	800020b4	82df4f93	xori	x31,x30,-2003	 x30:0x00200027 x31=0xffdff80a
       12945000	      1293	800020b8	c1b86693	ori	x13,x16,-997	 x16:0xfffffa81 x13=0xfffffe9b
       12955000	      1294	800020bc	00000013	addi	x0,x0,0	  x0:0x00000000
       12965000	      1295	800020c0	00cdafb3	slt	x31,x27,x12	 x27:0x00000000 x12:0x97392000 x31=0x00000000
       12975000	      1296	800020c4	1c3ac613	xori	x12,x21,451	 x21:0x00000000 x12=0x000001c3
       12985000	      1297	800020c8	01cd4933	xor	x18,x26,x28	 x26:0xffffff4a x28:0xfffffc7f x18=0x00000335
       12995000	      1298	800020cc	4121d393	srai	x7,x3,0x12	  x3:0x00000001  x7=0x00000000
       13005000	      1299	800020d0	00a7dc13	srli	x24,x15,0xa	 x15:0x012a2f92 x24=0x00004a8b
       13015000	      1300	800020d4	01ef5863	bge	x30,x30,800020e4	 x30:0x00200027 x30:0x00200027
       13025000	      1301	00000000	00000013	addi	x0,x0,0	  x0:0x00000000
       13035000	      1302	800020e0	00000013	addi	x0,x0,0	  x0:0x00000000
       13045000	      1303	800020e4	0cc62f13	slti	x30,x12,204	 x12:0x000001c3 x30=0x00000000
       13055000	      1304	800020e8	00729913	slli	x18,x5,0x7	  x5:0x00000000 x18=0x00000000
       13065000	      1305	800020ec	0019c833	xor	x16,x19,x1	 x19:0x00000000  x1:0x0000fc59 x16=0x0000fc59
       13075000	      1306	800020f0	41a40fb3	sub	x31,x8,x26	  x8:0xf17a2054 x26:0xffffff4a x31=0xf17a210a
       13085000	      1307	800020f4	00a65693	srli	x13,x12,0xa	 x12:0x000001c3 x13=0x00000000
       13095000	      1308	800020f8	01daf1b3	and	x3,x21,x29	 x21:0x00000000 x29:0x00000000  x3=0x00000000
       13105000	      1309	800020fc	004b2e83	lw	x29,4(x22)	 x22:0x80009f24 x29=0x80001388 PA:0x80009f28
       13115000	      1310	80002100	4173e893	ori	x17,x7,1047	  x7:0x00000000 x17=0x00000417
       13125000	      1311	80002104	038b0b13	addi	x22,x22,56	 x22:0x80009f24 x22=0x80009f5c
       13135000	      1312	80002108	00c79293	slli	x5,x15,0xc	 x15:0x012a2f92  x5=0xa2f92000
       13145000	      1313	8000210c	00234233	xor	x4,x6,x2	  x6:0xf80009fc  x2:0x00000000  x4=0xf80009fc
       13155000	      1314	80002110	123c0293	addi	x5,x24,291	 x24:0x00004a8b  x5=0x00004bae
       13165000	      1315	80002114	001e8593	addi	x11,x29,1	 x29:0x80001388 x11=0x80001389
       13175000	      1316	80002118	000585e7	jalr	x11,x11,0	 x11:0x80001389 x11=0x80002118
       13185000	      1317	00000000	00000013	addi	x0,x0,0	  x0:0x00000000
       13195000	      1318	80001388	00000013	addi	x0,x0,0	  x0:0x00000000
       13205000	      1319	8000138c	5885b237	lui	x4,0x5885b	  x4=0x5885b000
       13215000	      1320	80001390	01f99e93	slli	x29,x19,0x1f	 x19:0x00000000 x29=0x00000000
       13225000	      1321	80001394	017b9a33	sll	x20,x23,x23	 x23:0xffffffc0 x23:0xffffffc0 x20=0xffffffc0
       13235000	      1322	80001398	2eb2c593	xori	x11,x5,747	  x5:0x00004bae x11=0x00004945
       13245000	      1323	8000139c	01079cb3	sll	x25,x15,x16	 x15:0x012a2f92 x16:0x0000fc59 x25=0x24000000
       13255000	      1324	800013a0	0043a8b3	slt	x17,x7,x4	  x7:0x00000000  x4:0x5885b000 x17=0x00000001
       13265000	      1325	800013a4	49f48e93	addi	x29,x9,1183	  x9:0x099ee084 x29=0x099ee523
       13275000	      1326	800013a8	1123a897	auipc	x17,0x1123a	 x17=0x9123b3a4
       13285000	      1327	800013ac	009a41b3	xor	x3,x20,x9	 x20:0xffffffc0  x9:0x099ee084  x3=0xf6611f44
       13295000	      1328	800013b0	051c8263	beq	x25,x17,800013f4	 x25:0x24000000 x17:0x9123b3a4
       13305000	      1329	800013b4	0000d5b3	srl	x11,x1,x0	  x1:0x0000fc59  x0:0x00000000 x11=0x0000fc59
       13315000	      1330	800013b8	043dd063	bge	x27,x3,800013f8	 x27:0x00000000  x3:0xf6611f44
       13325000	      1331	00000000	00000013	addi	x0,x0,0	  x0:0x00000000
       13335000	      1332	800013f4	00000013	addi	x0,x0,0	  x0:0x00000000
       13345000	      1333	800013f8	009fa533	slt	x10,x31,x9	 x31:0xf17a210a  x9:0x099ee084 x10=0x00000001
       13355000	      1334	800013fc	6a37ab93	slti	x23,x15,1699	 x15:0x012a2f92 x23=0x00000000
       13365000	      1335	80001400	7b8bea17	auipc	x20,0x7b8be	 x20=0xfb8bf3fc
       13375000	      1336	80001404	40afd013	srai	x0,x31,0xa	 x31:0xf17a210a
       13385000	      1337	80001408	79992793	slti	x15,x18,1945	 x18:0x00000000 x15=0x00000001
       13395000	      1338	8000140c	01ebd913	srli	x18,x23,0x1e	 x23:0x00000000 x18=0x00000000
       13405000	      1339	80001410	663fea93	ori	x21,x31,1635	 x31:0xf17a210a x21=0xf17a276b
       13415000	      1340	80001414	7c53c8b7	lui	x17,0x7c53c	 x17=0x7c53c000
       13425000	      1341	80001418	016ba133	slt	x2,x23,x22	 x23:0x00000000 x22:0x80009f5c  x2=0x00000000
       13435000	      1342	8000141c	005cf863	bgeu	x25,x5,8000142c	 x25:0x24000000  x5:0x00004bae
       13445000	      1343	00000000	00000013	addi	x0,x0,0	  x0:0x00000000
       13455000	      1344	80001428	00000013	addi	x0,x0,0	  x0:0x00000000
       13465000	      1345	8000142c	0023c663	blt	x7,x2,80001438	  x7:0x00000000  x2:0x00000000
       13475000	      1346	80001430	016e5593	srli	x11,x28,0x16	 x28:0xfffffc7f x11=0x000003ff
       13485000	      1347	80001434	f468bf17	auipc	x30,0xf468b	 x30=0x7468c430
       13495000	      1348	80001438	4002d513	srai	x10,x5,0x0	  x5:0x00004bae x10=0x00004bae
       13505000	      1349	8000143c	00f9cc33	xor	x24,x19,x15	 x19:0x00000000 x15:0x00000001 x24=0x00000001
       13515000	      1350	80001440	00000013	addi	x0,x0,0	  x0:0x00000000
       13525000	      1351	80001444	41a45093	srai	x1,x8,0x1a	  x8:0xf17a2054  x1=0xfffffffc
       13535000	      1352	80001448	00944cb3	xor	x25,x8,x9	  x8:0xf17a2054  x9:0x099ee084 x25=0xf8e4c0d0
       13545000	      1353	8000144c	c6e09337	lui	x6,0xc6e09	  x6=0xc6e09000
       13555000	      1354	80001450	012ef1b3	and	x3,x29,x18	 x29:0x099ee523 x18:0x00000000  x3=0x00000000
       13565000	      1355	80001454	01785013	srli	x0,x16,0x17	 x16:0x0000fc59
       13575000	      1356	80001458	00ad04b3	add	x9,x26,x10	 x26:0xffffff4a x10:0x00004bae  x9=0x00004af8
       13585000	      1357	8000145c	04e0d263	bge	x1,x14,800014a0	  x1:0xfffffffc x14:0x80009fc4
       13595000	      1358	00000000	00000013	addi	x0,x0,0	  x0:0x00000000
       13605000	      1359	8000149c	00000013	addi	x0,x0,0	  x0:0x00000000
       13615000	      1360	800014a0	016a12b3	sll	x5,x20,x22	 x20:0xfb8bf3fc x22:0x80009f5c  x5=0xc0000000
       13625000	      1361	800014a4	00fc1263	bne	x24,x15,800014a8	 x24:0x00000001 x15:0x00000001
       13635000	      1362	800014a8	00389033	sll	x0,x17,x3	 x17:0x7c53c000  x3:0x00000000
       13645000	      1363	800014ac	03034063	blt	x6,x16,800014cc	  x6:0xc6e09000 x16:0x0000fc59
       13655000	      1364	00000000	00000013	addi	x0,x0,0	  x0:0x00000000
       13665000	      1365	800014c8	00000013	addi	x0,x0,0	  x0:0x00000000
       13675000	      1366	800014cc	00459793	slli	x15,x11,0x4	 x11:0x000003ff x15=0x00003ff0
       13685000	      1367	800014d0	01cb9a33	sll	x20,x23,x28	 x23:0x00000000 x28:0xfffffc7f x20=0x00000000
       13695000	      1368	800014d4	01327c33	and	x24,x4,x19	  x4:0x5885b000 x19:0x00000000 x24=0x00000000
       13705000	      1369	800014d8	03969463	bne	x13,x25,80001500	 x13:0x00000000 x25:0xf8e4c0d0
       13715000	      1370	00000000	00000013	addi	x0,x0,0	  x0:0x00000000
       13725000	      1371	800014fc	00000013	addi	x0,x0,0	  x0:0x00000000
       13735000	      1372	80001500	79b14c93	xori	x25,x2,1947	  x2:0x00000000 x25=0x0000079b
       13745000	      1373	80001504	001952b3	srl	x5,x18,x1	 x18:0x00000000  x1:0xfffffffc  x5=0x00000000
       13755000	      1374	80001508	00f7e7b3	or	x15,x15,x15	 x15:0x00003ff0 x15:0x00003ff0 x15=0x00003ff0
       13765000	      1375	8000150c	00608463	beq	x1,x6,80001514	  x1:0xfffffffc  x6:0xc6e09000
       13775000	      1376	80001510	017b5463	bge	x22,x23,80001518	 x22:0x80009f5c x23:0x00000000
       13785000	      1377	80001514	013e0cb3	add	x25,x28,x19	 x28:0xfffffc7f x19:0x00000000 x25=0xfffffc7f
       13795000	      1378	80001518	018f6333	or	x6,x30,x24	 x30:0x7468c430 x24:0x00000000  x6=0x7468c430
       13805000	      1379	8000151c	02870e63	beq	x14,x8,80001558	 x14:0x80009fc4  x8:0xf17a2054
       13815000	      1380	80001520	da99bb93	sltiu	x23,x19,-599	 x19:0x00000000 x23=0x00000001
       13825000	      1381	80001524	02651a63	bne	x10,x6,80001558	 x10:0x00004bae  x6:0x7468c430
       13835000	      1382	00000000	00000013	addi	x0,x0,0	  x0:0x00000000
       13845000	      1383	80001554	00000013	addi	x0,x0,0	  x0:0x00000000
       13855000	      1384	80001558	f8ef0913	addi	x18,x30,-114	 x30:0x7468c430 x18=0x7468c3be
       13865000	      1385	8000155c	00f7b9b3	sltu	x19,x15,x15	 x15:0x00003ff0 x15:0x00003ff0 x19=0x00000000
       13875000	      1386	80001560	6ee6ad17	auipc	x26,0x6ee6a	 x26=0xeee6b55c
       13885000	      1387	80001564	2b99eb93	ori	x23,x19,697	 x19:0x00000000 x23=0x000002b9
       13895000	      1388	80001568	00fd9463	bne	x27,x15,80001570	 x27:0x00000000 x15:0x00003ff0
       13905000	      1389	00000000	00000013	addi	x0,x0,0	  x0:0x00000000
       13915000	      1390	8000156c	00000013	addi	x0,x0,0	  x0:0x00000000
       13925000	      1391	80001570	02256e63	bltu	x10,x2,800015ac	 x10:0x00004bae  x2:0x00000000
       13935000	      1392	80001574	a9a7aa13	slti	x20,x15,-1382	 x15:0x00003ff0 x20=0x00000000
       13945000	      1393	80001578	0041d113	srli	x2,x3,0x4	  x3:0x00000000  x2=0x00000000
       13955000	      1394	8000157c	7fe0fe93	andi	x29,x1,2046	  x1:0xfffffffc x29=0x000007fc
       13965000	      1395	80001580	02cfd063	bge	x31,x12,800015a0	 x31:0xf17a210a x12:0x000001c3
       13975000	      1396	80001584	01b01e63	bne	x0,x27,800015a0	  x0:0x00000000 x27:0x00000000
       13985000	      1397	80001588	0117c3b3	xor	x7,x15,x17	 x15:0x00003ff0 x17:0x7c53c000  x7=0x7c53fff0
       13995000	      1398	8000158c	047df263	bgeu	x27,x7,800015d0	 x27:0x00000000  x7:0x7c53fff0
       14005000	      1399	80001590	9e1e2d13	slti	x26,x28,-1567	 x28:0xfffffc7f x26=0x00000000
       14015000	      1400	80001594	01588e33	add	x28,x17,x21	 x17:0x7c53c000 x21:0xf17a276b x28=0x6dcde76b
       14025000	      1401	80001598	8c1a0293	addi	x5,x20,-1855	 x20:0x00000000  x5=0xfffff8c1
       14035000	      1402	8000159c	1b37bf93	sltiu	x31,x15,435	 x15:0x00003ff0 x31=0x00000000
       14045000	      1403	800015a0	01117a63	bgeu	x2,x17,800015b4	  x2:0x00000000 x17:0x7c53c000
       14055000	      1404	800015a4	00000013	addi	x0,x0,0	  x0:0x00000000
       14065000	      1405	800015a8	01852a33	slt	x20,x10,x24	 x10:0x00004bae x24:0x00000000 x20=0x00000000
       14075000	      1406	800015ac	e5e9ba93	sltiu	x21,x19,-418	 x19:0x00000000 x21=0x00000001
       14085000	      1407	800015b0	018484b3	add	x9,x9,x24	  x9:0x00004af8 x24:0x00000000  x9=0x00004af8
       14095000	      1408	800015b4	410a5933	sra	x18,x20,x16	 x20:0x00000000 x16:0x0000fc59 x18=0x00000000
       14105000	      1409	800015b8	325f8c13	addi	x24,x31,805	 x31:0x00000000 x24=0x00000325
       14115000	      1410	800015bc	0177e663	bltu	x15,x23,800015c8	 x15:0x00003ff0 x23:0x000002b9
       14125000	      1411	800015c0	00006863	bltu	x0,x0,800015d0	  x0:0x00000000  x0:0x00000000
       14135000	      1412	800015c4	01a46e33	or	x28,x8,x26	  x8:0xf17a2054 x26:0x00000000 x28=0xf17a2054
       14145000	      1413	800015c8	02458a63	beq	x11,x4,800015fc	 x11:0x000003ff  x4:0x5885b000
       14155000	      1414	800015cc	04551063	bne	x10,x5,8000160c	 x10:0x00004bae  x5:0xfffff8c1
       14165000	      1415	00000000	00000013	addi	x0,x0,0	  x0:0x00000000
       14175000	      1416	80001608	00000013	addi	x0,x0,0	  x0:0x00000000
       14185000	      1417	8000160c	4016d533	sra	x10,x13,x1	 x13:0x00000000  x1:0xfffffffc x10=0x00000000
       14195000	      1418	80001610	012399b3	sll	x19,x7,x18	  x7:0x7c53fff0 x18:0x00000000 x19=0x7c53fff0
       14205000	      1419	80001614	0188c5b3	xor	x11,x17,x24	 x17:0x7c53c000 x24:0x00000325 x11=0x7c53c325
       14215000	      1420	80001618	01ebd293	srli	x5,x23,0x1e	 x23:0x000002b9  x5=0x00000000
       14225000	      1421	8000161c	c1ea0537	lui	x10,0xc1ea0	 x10=0xc1ea0000
       14235000	      1422	80001620	6838ce13	xori	x28,x17,1667	 x17:0x7c53c000 x28=0x7c53c683
       14245000	      1423	80001624	46d24693	xori	x13,x4,1133	  x4:0x5885b000 x13=0x5885b46d
       14255000	      1424	80001628	00ee38b3	sltu	x17,x28,x14	 x28:0x7c53c683 x14:0x80009fc4 x17=0x00000001
       14265000	      1425	8000162c	01e09193	slli	x3,x1,0x1e	  x1:0xfffffffc  x3=0x00000000
       14275000	      1426	80001630	001022b3	slt	x5,x0,x1	  x0:0x00000000  x1:0xfffffffc  x5=0x00000000
       14285000	      1427	80001634	00cb1833	sll	x16,x22,x12	 x22:0x80009f5c x12:0x000001c3 x16=0x0004fae0
       14295000	      1428	80001638	01b255b3	srl	x11,x4,x27	  x4:0x5885b000 x27:0x00000000 x11=0x5885b000
       14305000	      1429	8000163c	0102e7b3	or	x15,x5,x16	  x5:0x00000000 x16:0x0004fae0 x15=0x0004fae0
       14315000	      1430	80001640	01a472b3	and	x5,x8,x26	  x8:0xf17a2054 x26:0x00000000  x5=0x00000000
       14325000	      1431	80001644	011d9613	slli	x12,x27,0x11	 x27:0x00000000 x12=0x00000000
       14335000	      1432	80001648	002f68b3	or	x17,x30,x2	 x30:0x7468c430  x2:0x00000000 x17=0x7468c430
       14345000	      1433	8000164c	00000013	addi	x0,x0,0	  x0:0x00000000
       14355000	      1434	80001650	40378fb3	sub	x31,x15,x3	 x15:0x0004fae0  x3:0x00000000 x31=0x0004fae0
       14365000	      1435	80001654	4102dfb3	sra	x31,x5,x16	  x5:0x00000000 x16:0x0004fae0 x31=0x00000000
       14375000	      1436	80001658	01a3c463	blt	x7,x26,80001660	  x7:0x7c53fff0 x26:0x00000000
       14385000	      1437	8000165c	0167ff33	and	x30,x15,x22	 x15:0x0004fae0 x22:0x80009f5c x30=0x00009a40
       14395000	      1438	80001660	04e46263	bltu	x8,x14,800016a4	  x8:0xf17a2054 x14:0x80009fc4
       14405000	      1439	80001664	006dc033	xor	x0,x27,x6	 x27:0x00000000  x6:0x7468c430
       14415000	      1440	80001668	018d5633	srl	x12,x26,x24	 x26:0x00000000 x24:0x00000325 x12=0x00000000
       14425000	      1441	8000166c	56650d13	addi	x26,x10,1382	 x10:0xc1ea0000 x26=0xc1ea0566
       14435000	      1442	80001670	00830c63	beq	x6,x8,80001688	  x6:0x7468c430  x8:0xf17a2054
       14445000	      1443	80001674	cbc90793	addi	x15,x18,-836	 x18:0x00000000 x15=0xfffffcbc
       14455000	      1444	80001678	014cd133	srl	x2,x25,x20	 x25:0xfffffc7f x20:0x00000000  x2=0xfffffc7f
       14465000	      1445	8000167c	010f1463	bne	x30,x16,80001684	 x30:0x00009a40 x16:0x0004fae0
       14475000	      1446	00000000	00000013	addi	x0,x0,0	  x0:0x00000000
       14485000	      1447	80001680	00000013	addi	x0,x0,0	  x0:0x00000000
       14495000	      1448	80001684	05f8e263	bltu	x17,x31,800016c8	 x17:0x7468c430 x31:0x00000000
       14505000	      1449	80001688	005d20b3	slt	x1,x26,x5	 x26:0xc1ea0566  x5:0x00000000  x1=0x00000001
       14515000	      1450	8000168c	003ab0b3	sltu	x1,x21,x3	 x21:0x00000001  x3:0x00000000  x1=0x00000000
       14525000	      1451	80001690	ef3bff13	andi	x30,x23,-269	 x23:0x000002b9 x30=0x000002b1
       14535000	      1452	80001694	05137663	bgeu	x6,x17,800016e0	  x6:0x7468c430 x17:0x7468c430
       14545000	      1453	00000000	00000013	addi	x0,x0,0	  x0:0x00000000
       14555000	      1454	800016dc	00000013	addi	x0,x0,0	  x0:0x00000000
       14565000	      1455	800016e0	40b7d113	srai	x2,x15,0xb	 x15:0xfffffcbc  x2=0xffffffff
       14575000	      1456	800016e4	4daf4c93	xori	x25,x30,1242	 x30:0x000002b1 x25=0x0000066b
       14585000	      1457	800016e8	02945463	bge	x8,x9,80001710	  x8:0xf17a2054  x9:0x00004af8
       14595000	      1458	800016ec	a4792c13	slti	x24,x18,-1465	 x18:0x00000000 x24=0x00000000
       14605000	      1459	800016f0	015a54b3	srl	x9,x20,x21	 x20:0x00000000 x21:0x00000001  x9=0x00000000
       14615000	      1460	800016f4	01c6d8b3	srl	x17,x13,x28	 x13:0x5885b46d x28:0x7c53c683 x17=0x0b10b68d
       14625000	      1461	800016f8	0024d9b3	srl	x19,x9,x2	  x9:0x00000000  x2:0xffffffff x19=0x00000000
       14635000	      1462	800016fc	01773d33	sltu	x26,x14,x23	 x14:0x80009fc4 x23:0x000002b9 x26=0x00000000
       14645000	      1463	80001700	01cad793	srli	x15,x21,0x1c	 x21:0x00000001 x15=0x00000000
       14655000	      1464	80001704	01c240b3	xor	x1,x4,x28	  x4:0x5885b000 x28:0x7c53c683  x1=0x24d67683
       14665000	      1465	80001708	014592b3	sll	x5,x11,x20	 x11:0x5885b000 x20:0x00000000  x5=0x5885b000
       14675000	      1466	8000170c	00ca1093	slli	x1,x20,0xc	 x20:0x00000000  x1=0x00000000
       14685000	      1467	80001710	8d80ca13	xori	x20,x1,-1832	  x1:0x00000000 x20=0xfffff8d8
       14695000	      1468	80001714	62c4c893	xori	x17,x9,1580	  x9:0x00000000 x17=0x0000062c
       14705000	      1469	80001718	001afe63	bgeu	x21,x1,80001734	 x21:0x00000001  x1:0x00000000
       14715000	      1470	00000000	00000013	addi	x0,x0,0	  x0:0x00000000
       14725000	      1471	80001730	00000013	addi	x0,x0,0	  x0:0x00000000
       14735000	      1472	80001734	41b65c93	srai	x25,x12,0x1b	 x12:0x00000000 x25=0x00000000
       14745000	      1473	80001738	fac89ab7	lui	x21,0xfac89	 x21=0xfac89000
       14755000	      1474	8000173c	013d2d33	slt	x26,x26,x19	 x26:0x00000000 x19:0x00000000 x26=0x00000000
       14765000	      1475	80001740	028fec63	bltu	x31,x8,80001778	 x31:0x00000000  x8:0xf17a2054
       14775000	      1476	00000000	00000013	addi	x0,x0,0	  x0:0x00000000
       14785000	      1477	80001774	00000013	addi	x0,x0,0	  x0:0x00000000
       14795000	      1478	80001778	00000013	addi	x0,x0,0	  x0:0x00000000
       14805000	      1479	8000177c	010c1c63	bne	x24,x16,80001794	 x24:0x00000000 x16:0x0004fae0
       14815000	      1480	00000000	00000013	addi	x0,x0,0	  x0:0x00000000
       14825000	      1481	80001790	00000013	addi	x0,x0,0	  x0:0x00000000
       14835000	      1482	80001794	4137df33	sra	x30,x15,x19	 x15:0x00000000 x19:0x00000000 x30=0x00000000
       14845000	      1483	80001798	fac78c37	lui	x24,0xfac78	 x24=0xfac78000
       14855000	      1484	8000179c	41d0d293	srai	x5,x1,0x1d	  x1:0x00000000  x5=0x00000000
       14865000	      1485	800017a0	01bfec63	bltu	x31,x27,800017b8	 x31:0x00000000 x27:0x00000000
       14875000	      1486	800017a4	01d250b3	srl	x1,x4,x29	  x4:0x5885b000 x29:0x000007fc  x1=0x00000005
       14885000	      1487	800017a8	f628f313	andi	x6,x17,-158	 x17:0x0000062c  x6=0x00000620
       14895000	      1488	800017ac	01125533	srl	x10,x4,x17	  x4:0x5885b000 x17:0x0000062c x10=0x0005885b
       14905000	      1489	800017b0	00367fb3	and	x31,x12,x3	 x12:0x00000000  x3:0x00000000 x31=0x00000000
       14915000	      1490	800017b4	01601463	bne	x0,x22,800017bc	  x0:0x00000000 x22:0x80009f5c
       14925000	      1491	00000000	00000013	addi	x0,x0,0	  x0:0x00000000
       14935000	      1492	800017b8	00000013	addi	x0,x0,0	  x0:0x00000000
       14945000	      1493	800017bc	4b620eb7	lui	x29,0x4b620	 x29=0x4b620000
       14955000	      1494	800017c0	e71c4c13	xori	x24,x24,-399	 x24:0xfac78000 x24=0x05387e71
       14965000	      1495	800017c4	414983b3	sub	x7,x19,x20	 x19:0x00000000 x20:0xfffff8d8  x7=0x00000728
       14975000	      1496	800017c8	04278393	addi	x7,x15,66	 x15:0x00000000  x7=0x00000042
       14985000	      1497	800017cc	0125d093	srli	x1,x11,0x12	 x11:0x5885b000  x1=0x00001621
       14995000	      1498	800017d0	7f766a13	ori	x20,x12,2039	 x12:0x00000000 x20=0x000007f7
       15005000	      1499	800017d4	0100db93	srli	x23,x1,0x10	  x1:0x00001621 x23=0x00000000
       15015000	      1500	800017d8	3e3eb313	sltiu	x6,x29,995	 x29:0x4b620000  x6=0x00000000
       15025000	      1501	800017dc	010f5663	bge	x30,x16,800017e8	 x30:0x00000000 x16:0x0004fae0
       15035000	      1502	800017e0	01b74d33	xor	x26,x14,x27	 x14:0x80009fc4 x27:0x00000000 x26=0x80009fc4
       15045000	      1503	800017e4	5572fd13	andi	x26,x5,1367	  x5:0x00000000 x26=0x00000000
       15055000	      1504	800017e8	b0d44093	xori	x1,x8,-1267	  x8:0xf17a2054  x1=0x0e85db59
       15065000	      1505	800017ec	00b975b3	and	x11,x18,x11	 x18:0x00000000 x11:0x5885b000 x11=0x00000000
       15075000	      1506	800017f0	019e14b3	sll	x9,x28,x25	 x28:0x7c53c683 x25:0x00000000  x9=0x7c53c683
       15085000	      1507	800017f4	419ddc33	sra	x24,x27,x25	 x27:0x00000000 x25:0x00000000 x24=0x00000000
       15095000	      1508	800017f8	048c8063	beq	x25,x8,80001838	 x25:0x00000000  x8:0xf17a2054
       15105000	      1509	800017fc	184fe413	ori	x8,x31,388	 x31:0x00000000  x8=0x00000184
       15115000	      1510	80001800	40be5233	sra	x4,x28,x11	 x28:0x7c53c683 x11:0x00000000  x4=0x7c53c683
       15125000	      1511	80001804	a1d3c593	xori	x11,x7,-1507	  x7:0x00000042 x11=0xfffffa5f
       15135000	      1512	80001808	012d6bb3	or	x23,x26,x18	 x26:0x00000000 x18:0x00000000 x23=0x00000000
       15145000	      1513	8000180c	2fd5e093	ori	x1,x11,765	 x11:0xfffffa5f  x1=0xfffffaff
       15155000	      1514	80001810	09038793	addi	x15,x7,144	  x7:0x00000042 x15=0x000000d2
       15165000	      1515	80001814	73f02913	slti	x18,x0,1855	  x0:0x00000000 x18=0x00000001
       15175000	      1516	80001818	00af5493	srli	x9,x30,0xa	 x30:0x00000000  x9=0x00000000
       15185000	      1517	8000181c	4124d533	sra	x10,x9,x18	  x9:0x00000000 x18:0x00000001 x10=0x00000000
       15195000	      1518	80001820	00f32033	slt	x0,x6,x15	  x6:0x00000000 x15:0x000000d2
       15205000	      1519	80001824	593a7bb7	lui	x23,0x593a7	 x23=0x593a7000
       15215000	      1520	80001828	00eb9193	slli	x3,x23,0xe	 x23:0x593a7000  x3=0x9c000000
       15225000	      1521	8000182c	ecb4c5b7	lui	x11,0xecb4c	 x11=0xecb4c000
       15235000	      1522	80001830	0b766093	ori	x1,x12,183	 x12:0x00000000  x1=0x000000b7
       15245000	      1523	80001834	cb553793	sltiu	x15,x10,-843	 x10:0x00000000 x15=0x00000001
       15255000	      1524	80001838	01a78433	add	x8,x15,x26	 x15:0x00000001 x26:0x00000000  x8=0x00000001
       15265000	      1525	8000183c	60220937	lui	x18,0x60220	 x18=0x60220000
       15275000	      1526	80001840	015416b3	sll	x13,x8,x21	  x8:0x00000001 x21:0xfac89000 x13=0x00000001
       15285000	      1527	80001844	03e61c63	bne	x12,x30,8000187c	 x12:0x00000000 x30:0x00000000
       15295000	      1528	80001848	40025293	srai	x5,x4,0x0	  x4:0x7c53c683  x5=0x7c53c683
       15305000	      1529	8000184c	67e24a13	xori	x20,x4,1662	  x4:0x7c53c683 x20=0x7c53c0fd
       15315000	      1530	80001850	01a45213	srli	x4,x8,0x1a	  x8:0x00000001  x4=0x00000000
       15325000	      1531	80001854	4099d033	sra	x0,x19,x9	 x19:0x00000000  x9:0x00000000
       15335000	      1532	80001858	02197c63	bgeu	x18,x1,80001890	 x18:0x60220000  x1:0x000000b7
       15345000	      1533	00000000	00000013	addi	x0,x0,0	  x0:0x00000000
       15355000	      1534	8000188c	00000013	addi	x0,x0,0	  x0:0x00000000
       15365000	      1535	80001890	00594463	blt	x18,x5,80001898	 x18:0x60220000  x5:0x7c53c683
       15375000	      1536	00000000	00000013	addi	x0,x0,0	  x0:0x00000000
       15385000	      1537	80001894	00000013	addi	x0,x0,0	  x0:0x00000000
       15395000	      1538	80001898	ae340693	addi	x13,x8,-1309	  x8:0x00000001 x13=0xfffffae4
       15405000	      1539	8000189c	01e17463	bgeu	x2,x30,800018a4	  x2:0xffffffff x30:0x00000000
       15415000	      1540	00000000	00000013	addi	x0,x0,0	  x0:0x00000000
       15425000	      1541	800018a0	00000013	addi	x0,x0,0	  x0:0x00000000
       15435000	      1542	800018a4	b54df313	andi	x6,x27,-1196	 x27:0x00000000  x6=0x00000000
       15445000	      1543	800018a8	01aca8b3	slt	x17,x25,x26	 x25:0x00000000 x26:0x00000000 x17=0x00000000
       15455000	      1544	800018ac	75c42d13	slti	x26,x8,1884	  x8:0x00000001 x26=0x00000001
       15465000	      1545	800018b0	00784d33	xor	x26,x16,x7	 x16:0x0004fae0  x7:0x00000042 x26=0x0004faa2
       15475000	      1546	800018b4	02fdca63	blt	x27,x15,800018e8	 x27:0x00000000 x15:0x00000001
       15485000	      1547	00000000	00000013	addi	x0,x0,0	  x0:0x00000000
       15495000	      1548	800018e4	00000013	addi	x0,x0,0	  x0:0x00000000
       15505000	      1549	800018e8	01674263	blt	x14,x22,800018ec	 x14:0x80009fc4 x22:0x80009f5c
       15515000	      1550	800018ec	00000013	addi	x0,x0,0	  x0:0x00000000
       15525000	      1551	800018f0	0c9ac893	xori	x17,x21,201	 x21:0xfac89000 x17=0xfac890c9
       15535000	      1552	800018f4	88ad2813	slti	x16,x26,-1910	 x26:0x0004faa2 x16=0x00000000
       15545000	      1553	800018f8	05ec3397	auipc	x7,0x5ec3	  x7=0x85ec48f4
       15555000	      1554	800018fc	007b22b3	slt	x5,x22,x7	 x22:0x80009f5c  x7:0x85ec48f4  x5=0x00000001
       15565000	      1555	80001900	01365f33	srl	x30,x12,x19	 x12:0x00000000 x19:0x00000000 x30=0x00000000
       15575000	      1556	80001904	9d0c4e93	xori	x29,x24,-1584	 x24:0x00000000 x29=0xfffff9d0
       15585000	      1557	80001908	a1788217	auipc	x4,0xa1788	  x4=0x21789904
       15595000	      1558	8000190c	00000013	addi	x0,x0,0	  x0:0x00000000
       15605000	      1559	80001910	0488e263	bltu	x17,x8,80001954	 x17:0xfac890c9  x8:0x00000001
       15615000	      1560	80001914	48808993	addi	x19,x1,1160	  x1:0x000000b7 x19=0x0000053f
       15625000	      1561	80001918	016098b3	sll	x17,x1,x22	  x1:0x000000b7 x22:0x80009f5c x17=0x70000000
       15635000	      1562	8000191c	01d4f5b3	and	x11,x9,x29	  x9:0x00000000 x29:0xfffff9d0 x11=0x00000000
       15645000	      1563	80001920	0d912d17	auipc	x26,0xd912	 x26=0x8d91391c
       15655000	      1564	80001924	0362d263	bge	x5,x22,80001948	  x5:0x00000001 x22:0x80009f5c
       15665000	      1565	00000000	00000013	addi	x0,x0,0	  x0:0x00000000
       15675000	      1566	80001944	00000013	addi	x0,x0,0	  x0:0x00000000
       15685000	      1567	80001948	00748663	beq	x9,x7,80001954	  x9:0x00000000  x7:0x85ec48f4
       15695000	      1568	8000194c	40a35413	srai	x8,x6,0xa	  x6:0x00000000  x8=0x00000000
       15705000	      1569	80001950	25888ab7	lui	x21,0x25888	 x21=0x25888000
       15715000	      1570	80001954	03e8e063	bltu	x17,x30,80001974	 x17:0x70000000 x30:0x00000000
       15725000	      1571	80001958	00580833	add	x16,x16,x5	 x16:0x00000000  x5:0x00000001 x16=0x00000001
       15735000	      1572	8000195c	0026e233	or	x4,x13,x2	 x13:0xfffffae4  x2:0xffffffff  x4=0xffffffff
       15745000	      1573	80001960	00e96463	bltu	x18,x14,80001968	 x18:0x60220000 x14:0x80009fc4
       15755000	      1574	00000000	00000013	addi	x0,x0,0	  x0:0x00000000
       15765000	      1575	80001964	00000013	addi	x0,x0,0	  x0:0x00000000
       15775000	      1576	80001968	01541193	slli	x3,x8,0x15	  x8:0x00000000  x3=0x00000000
       15785000	      1577	8000196c	003cd9b3	srl	x19,x25,x3	 x25:0x00000000  x3:0x00000000 x19=0x00000000
       15795000	      1578	80001970	00000013	addi	x0,x0,0	  x0:0x00000000
       15805000	      1579	80001974	99af2b93	slti	x23,x30,-1638	 x30:0x00000000 x23=0x00000000
       15815000	      1580	80001978	56d7d817	auipc	x16,0x56d7d	 x16=0xd6d7e974
       15825000	      1581	8000197c	4eea3bb7	lui	x23,0x4eea3	 x23=0x4eea3000
       15835000	      1582	80001980	04ac7263	bgeu	x24,x10,800019c4	 x24:0x00000000 x10:0x00000000
       15845000	      1583	00000000	00000013	addi	x0,x0,0	  x0:0x00000000
       15855000	      1584	800019c0	00000013	addi	x0,x0,0	  x0:0x00000000
       15865000	      1585	800019c4	3c00a693	slti	x13,x1,960	  x1:0x000000b7 x13=0x00000001
       15875000	      1586	800019c8	05825663	bge	x4,x24,80001a14	  x4:0xffffffff x24:0x00000000
       15885000	      1587	800019cc	01a552b3	srl	x5,x10,x26	 x10:0x00000000 x26:0x8d91391c  x5=0x00000000
       15895000	      1588	800019d0	71172e93	slti	x29,x14,1809	 x14:0x80009fc4 x29=0x00000001
       15905000	      1589	800019d4	d6d86d17	auipc	x26,0xd6d86	 x26=0x56d879d0
       15915000	      1590	800019d8	01cdd263	bge	x27,x28,800019dc	 x27:0x00000000 x28:0x7c53c683
       15925000	      1591	800019dc	40155813	srai	x16,x10,0x1	 x10:0x00000000 x16=0x00000000
       15935000	      1592	800019e0	0105ec33	or	x24,x11,x16	 x11:0x00000000 x16:0x00000000 x24=0x00000000
       15945000	      1593	800019e4	011e9663	bne	x29,x17,800019f0	 x29:0x00000001 x17:0x70000000
       15955000	      1594	00000000	00000013	addi	x0,x0,0	  x0:0x00000000
       15965000	      1595	800019ec	00000013	addi	x0,x0,0	  x0:0x00000000
       15975000	      1596	800019f0	0102bbb3	sltu	x23,x5,x16	  x5:0x00000000 x16:0x00000000 x23=0x00000000
       15985000	      1597	800019f4	014f8e63	beq	x31,x20,80001a10	 x31:0x00000000 x20:0x7c53c0fd
       15995000	      1598	800019f8	2a7ba0b7	lui	x1,0x2a7ba	  x1=0x2a7ba000
       16005000	      1599	800019fc	407c8133	sub	x2,x25,x7	 x25:0x00000000  x7:0x85ec48f4  x2=0x7a13b70c
       16015000	      1600	80001a00	df444317	auipc	x6,0xdf444	  x6=0x5f4459fc
       16025000	      1601	80001a04	00605413	srli	x8,x0,0x6	  x0:0x00000000  x8=0x00000000
       16035000	      1602	80001a08	0092ebb3	or	x23,x5,x9	  x5:0x00000000  x9:0x00000000 x23=0x00000000
       16045000	      1603	80001a0c	00dd1c13	slli	x24,x26,0xd	 x26:0x56d879d0 x24=0x0f3a0000
       16055000	      1604	80001a10	03e29c63	bne	x5,x30,80001a48	  x5:0x00000000 x30:0x00000000
       16065000	      1605	80001a14	401b5333	sra	x6,x22,x1	 x22:0x80009f5c  x1:0x2a7ba000  x6=0x80009f5c
       16075000	      1606	80001a18	0106f833	and	x16,x13,x16	 x13:0x00000001 x16:0x00000000 x16=0x00000000
       16085000	      1607	80001a1c	02c2d663	bge	x5,x12,80001a48	  x5:0x00000000 x12:0x00000000
       16095000	      1608	00000000	00000013	addi	x0,x0,0	  x0:0x00000000
       16105000	      1609	80001a44	00000013	addi	x0,x0,0	  x0:0x00000000
       16115000	      1610	80001a48	6ed71bb7	lui	x23,0x6ed71	 x23=0x6ed71000
       16125000	      1611	80001a4c	0160e333	or	x6,x1,x22	  x1:0x2a7ba000 x22:0x80009f5c  x6=0xaa7bbf5c
       16135000	      1612	80001a50	0a84a313	slti	x6,x9,168	  x9:0x00000000  x6=0x00000001
       16145000	      1613	80001a54	40f27237	lui	x4,0x40f27	  x4=0x40f27000
       16155000	      1614	80001a58	004b2e83	lw	x29,4(x22)	 x22:0x80009f5c x29=0x8000013c PA:0x80009f60
       16165000	      1615	80001a5c	018afd33	and	x26,x21,x24	 x21:0x25888000 x24:0x0f3a0000 x26=0x05080000
       16175000	      1616	80001a60	017b5193	srli	x3,x22,0x17	 x22:0x80009f5c  x3=0x00000100
       16185000	      1617	80001a64	00379493	slli	x9,x15,0x3	 x15:0x00000001  x9=0x00000008
       16195000	      1618	80001a68	028b0b13	addi	x22,x22,40	 x22:0x80009f5c x22=0x80009f84
       16205000	      1619	80001a6c	f9e5c6b7	lui	x13,0xf9e5c	 x13=0xf9e5c000
       16215000	      1620	80001a70	000e8813	addi	x16,x29,0	 x29:0x8000013c x16=0x8000013c
       16225000	      1621	80001a74	00080867	jalr	x16,x16,0	 x16:0x8000013c x16=0x80001a74
       16235000	      1622	00000000	00000013	addi	x0,x0,0	  x0:0x00000000
       16245000	      1623	8000013c	00000013	addi	x0,x0,0	  x0:0x00000000
       16255000	      1624	80000140	00008817	auipc	x16,0x8	 x16=0x8000813c
       16265000	      1625	80000144	3ba80813	addi	x16,x16,954	 x16:0x8000813c x16=0x800084f6
       16275000	      1626	80000148	ff9808a3	sb	x25,-15(x16)	 x16:0x800084f6 x25:0x00000000 PA:0x800084e7
       16285000	      1627	8000014c	fe2808a3	sb	x2,-15(x16)	 x16:0x800084f6  x2:0x7a13b70c PA:0x800084e7
       16295000	      1628	80000150	ff184003	lbu	x0,-15(x16)	 x16:0x800084f6 PA:0x800084e7
       16305000	      1629	80000154	ff184e03	lbu	x28,-15(x16)	 x16:0x800084f6 x28=0x0000000c PA:0x800084e7
       16315000	      1630	80000158	ff180783	lb	x15,-15(x16)	 x16:0x800084f6 x15=0x0000000c PA:0x800084e7
       16325000	      1631	8000015c	fff808a3	sb	x31,-15(x16)	 x16:0x800084f6 x31:0x00000000 PA:0x800084e7
       16335000	      1632	80000160	01f56c33	or	x24,x10,x31	 x10:0x00000000 x31:0x00000000 x24=0x00000000
       16345000	      1633	80000164	41ee0c33	sub	x24,x28,x30	 x28:0x0000000c x30:0x00000000 x24=0x0000000c
       16355000	      1634	80000168	ff885583	lhu	x11,-8(x16)	 x16:0x800084f6 x11=0x0000a4a5 PA:0x800084ee
       16365000	      1635	8000016c	ff881a83	lh	x21,-8(x16)	 x16:0x800084f6 x21=0xffffa4a5 PA:0x800084ee
       16375000	      1636	00000000	00000013	addi	x0,x0,0	  x0:0x00000000
       16385000	      1637	80000170	0159dd13	srli	x26,x19,0x15	 x19:0x00000000 x26=0x00000000
       16395000	      1638	80000174	fe880c23	sb	x8,-8(x16)	 x16:0x800084f6  x8:0x00000000 PA:0x800084ee
       16405000	      1639	80000178	00984503	lbu	x10,9(x16)	 x16:0x800084f6 x10=0x000000b4 PA:0x800084ff
       16415000	      1640	8000017c	003804a3	sb	x3,9(x16)	 x16:0x800084f6  x3:0x00000100 PA:0x800084ff
       16425000	      1641	80000180	002804a3	sb	x2,9(x16)	 x16:0x800084f6  x2:0x7a13b70c PA:0x800084ff
       16435000	      1642	80000184	00984983	lbu	x19,9(x16)	 x16:0x800084f6 x19=0x0000000c PA:0x800084ff
       16445000	      1643	80000188	00481303	lh	x6,4(x16)	 x16:0x800084f6  x6=0xffffb0b1 PA:0x800084fa
       16455000	      1644	8000018c	00481a03	lh	x20,4(x16)	 x16:0x800084f6 x20=0xffffb0b1 PA:0x800084fa
       16465000	      1645	80000190	fe180ca3	sb	x1,-7(x16)	 x16:0x800084f6  x1:0x2a7ba000 PA:0x800084ef
       16475000	      1646	80000194	fe280ca3	sb	x2,-7(x16)	 x16:0x800084f6  x2:0x7a13b70c PA:0x800084ef
       16485000	      1647	80000198	fe680ca3	sb	x6,-7(x16)	 x16:0x800084f6  x6:0xffffb0b1 PA:0x800084ef
       16495000	      1648	8000019c	00380c83	lb	x25,3(x16)	 x16:0x800084f6 x25=0xffffffb2 PA:0x800084f9
       16505000	      1649	800001a0	00380403	lb	x8,3(x16)	 x16:0x800084f6  x8=0xffffffb2 PA:0x800084f9
       16515000	      1650	800001a4	00008997	auipc	x19,0x8	 x19=0x800081a0
       16525000	      1651	800001a8	23498993	addi	x19,x19,564	 x19:0x800081a0 x19=0x800083d4
       16535000	      1652	800001ac	a0f328b7	lui	x17,0xa0f32	 x17=0xa0f32000
       16545000	      1653	800001b0	10e9c883	lbu	x17,270(x19)	 x19:0x800083d4 x17=0x00000099 PA:0x800084e2
       16555000	      1654	800001b4	2d498423	sb	x20,712(x19)	 x19:0x800083d4 x20:0xffffb0b1 PA:0x8000869c
       16565000	      1655	800001b8	0169c883	lbu	x17,22(x19)	 x19:0x800083d4 x17=0x000000a1 PA:0x800083ea
       16575000	      1656	800001bc	e0a67293	andi	x5,x12,-502	 x12:0x00000000  x5=0x00000000
       16585000	      1657	800001c0	c8b98083	lb	x1,-885(x19)	 x19:0x800083d4  x1=0x00000014 PA:0x8000805f
       16595000	      1658	800001c4	d8398003	lb	x0,-637(x19)	 x19:0x800083d4 PA:0x80008157
       16605000	      1659	800001c8	2c69ce83	lbu	x29,710(x19)	 x19:0x800083d4 x29=0x00000051 PA:0x8000869a
       16615000	      1660	00000000	00000013	addi	x0,x0,0	  x0:0x00000000
       16625000	      1661	800001cc	d9d49a97	auipc	x21,0xd9d49	 x21=0x59d491c8
       16635000	      1662	800001d0	2c798103	lb	x2,711(x19)	 x19:0x800083d4  x2=0x00000050 PA:0x8000869b
       16645000	      1663	800001d4	0093e133	or	x2,x7,x9	  x7:0x85ec48f4  x9:0x00000008  x2=0x85ec48fc
       16655000	      1664	800001d8	cbf985a3	sb	x31,-853(x19)	 x19:0x800083d4 x31:0x00000000 PA:0x8000807f
       16665000	      1665	800001dc	c7178d13	addi	x26,x15,-911	 x15:0x0000000c x26=0xfffffc7d
       16675000	      1666	800001e0	0be9cc03	lbu	x24,190(x19)	 x19:0x800083d4 x24=0x00000049 PA:0x80008492
       16685000	      1667	800001e4	cd198c83	lb	x25,-815(x19)	 x19:0x800083d4 x25=0x0000005e PA:0x800080a5
       16695000	      1668	800001e8	3df89f37	lui	x30,0x3df89	 x30=0x3df89000
       16705000	      1669	800001ec	b4a83d13	sltiu	x26,x16,-1206	 x16:0x800084f6 x26=0x00000001
       16715000	      1670	800001f0	23798083	lb	x1,567(x19)	 x19:0x800083d4  x1=0xffffffc0 PA:0x8000860b
       16725000	      1671	800001f4	794af613	andi	x12,x21,1940	 x21:0x59d491c8 x12=0x00000180
       16735000	      1672	800001f8	edc9a223	sw	x28,-316(x19)	 x19:0x800083d4 x28:0x0000000c PA:0x80008298
       16745000	      1673	800001fc	016f13b3	sll	x7,x30,x22	 x30:0x3df89000 x22:0x80009f84  x7=0xdf890000
       16755000	      1674	80000200	f139cf03	lbu	x30,-237(x19)	 x19:0x800083d4 x30=0x0000009c PA:0x800082e7
       16765000	      1675	80000204	0030ef33	or	x30,x1,x3	  x1:0xffffffc0  x3:0x00000100 x30=0xffffffc0
       16775000	      1676	80000208	999f4793	xori	x15,x30,-1639	 x30:0xffffffc0 x15=0x00000659
       16785000	      1677	8000020c	00b64933	xor	x18,x12,x11	 x12:0x00000180 x11:0x0000a4a5 x18=0x0000a525
       16795000	      1678	80000210	f819c783	lbu	x15,-127(x19)	 x19:0x800083d4 x15=0x0000000e PA:0x80008355
       16805000	      1679	80000214	00000013	addi	x0,x0,0	  x0:0x00000000
       16815000	      1680	80000218	da926f93	ori	x31,x4,-599	  x4:0x40f27000 x31=0xfffffda9
       16825000	      1681	8000021c	00b85693	srli	x13,x16,0xb	 x16:0x800084f6 x13=0x00100010
       16835000	      1682	80000220	400c0633	sub	x12,x24,x0	 x24:0x00000049  x0:0x00000000 x12=0x00000049
       16845000	      1683	80000224	00000013	addi	x0,x0,0	  x0:0x00000000
       16855000	      1684	80000228	418a5d13	srai	x26,x20,0x18	 x20:0xffffb0b1 x26=0xffffffff
       16865000	      1685	8000022c	22099683	lh	x13,544(x19)	 x19:0x800083d4 x13=0xffffaeaf PA:0x800085f4
       16875000	      1686	80000230	08c99f23	sh	x12,158(x19)	 x19:0x800083d4 x12:0x00000049 PA:0x80008472
       16885000	      1687	80000234	014fffb3	and	x31,x31,x20	 x31:0xfffffda9 x20:0xffffb0b1 x31=0xffffb0a1
       16895000	      1688	80000238	45f9c513	xori	x10,x19,1119	 x19:0x800083d4 x10=0x8000878b
       16905000	      1689	8000023c	fd49d603	lhu	x12,-44(x19)	 x19:0x800083d4 x12=0x00006263 PA:0x800083a8
       16915000	      1690	80000240	2e09a203	lw	x4,736(x19)	 x19:0x800083d4  x4=0x6c6d6e6f PA:0x800086b4
       16925000	      1691	80000244	0fa99a23	sh	x26,244(x19)	 x19:0x800083d4 x26:0xffffffff PA:0x800084c8
       16935000	      1692	80000248	28d9f2b7	lui	x5,0x28d9f	  x5=0x28d9f000
       16945000	      1693	8000024c	011da4b3	slt	x9,x27,x17	 x27:0x00000000 x17:0x000000a1  x9=0x00000001
       16955000	      1694	80000250	01249093	slli	x1,x9,0x12	  x9:0x00000001  x1=0x00040000
       16965000	      1695	80000254	00863633	sltu	x12,x12,x8	 x12:0x00006263  x8:0xffffffb2 x12=0x00000001
       16975000	      1696	80000258	b4e10413	addi	x8,x2,-1202	  x2:0x85ec48fc  x8=0x85ec444a
       16985000	      1697	8000025c	00a67933	and	x18,x12,x10	 x12:0x00000001 x10:0x8000878b x18=0x00000001
       16995000	      1698	80000260	01c23ab3	sltu	x21,x4,x28	  x4:0x6c6d6e6f x28:0x0000000c x21=0x00000000
       17005000	      1699	80000264	3539c683	lbu	x13,851(x19)	 x19:0x800083d4 x13=0x000000dc PA:0x80008727
       17015000	      1700	80000268	feb99923	sh	x11,-14(x19)	 x19:0x800083d4 x11:0x0000a4a5 PA:0x800083c6
       17025000	      1701	8000026c	e759cd03	lbu	x26,-395(x19)	 x19:0x800083d4 x26=0x00000002 PA:0x80008249
       17035000	      1702	80000270	ec498d23	sb	x4,-294(x19)	 x19:0x800083d4  x4:0x6c6d6e6f PA:0x800082ae
       17045000	      1703	80000274	00008097	auipc	x1,0x8	  x1=0x80008270
       17055000	      1704	80000278	40108093	addi	x1,x1,1025	  x1:0x80008270  x1=0x80008671
       17065000	      1705	8000027c	00008217	auipc	x4,0x8	  x4=0x80008278
       17075000	      1706	80000280	4bd20213	addi	x4,x4,1213	  x4:0x80008278  x4=0x80008735
       17085000	      1707	80000284	00008c17	auipc	x24,0x8	 x24=0x80008280
       17095000	      1708	80000288	ee7c0c13	addi	x24,x24,-281	 x24:0x80008280 x24=0x80008167
       17105000	      1709	8000028c	e3f22d03	lw	x26,-449(x4)	  x4:0x80008735 x26=0x2c2d2e2f PA:0x80008574
       17115000	      1710	80000290	09120883	lb	x17,145(x4)	  x4:0x80008735 x17=0x0000007d PA:0x800087c6
       17125000	      1711	80000294	f4d09183	lh	x3,-179(x1)	  x1:0x80008671  x3=0x00007475 PA:0x800085be
       17135000	      1712	80000298	04b0a7a3	sw	x11,79(x1)	  x1:0x80008671 x11:0x0000a4a5 PA:0x800086c0
       17145000	      1713	8000029c	0f108d23	sb	x17,250(x1)	  x1:0x80008671 x17:0x0000007d PA:0x8000876b
       17155000	      1714	800002a0	002c4e83	lbu	x29,2(x24)	 x24:0x80008167 x29=0x00000022 PA:0x80008169
       17165000	      1715	800002a4	05f08d23	sb	x31,90(x1)	  x1:0x80008671 x31:0xffffb0a1 PA:0x800086cb
       17175000	      1716	800002a8	03dc2303	lw	x6,61(x24)	 x24:0x80008167  x6=0x5c5d5e5f PA:0x800081a4
       17185000	      1717	800002ac	d7a24583	lbu	x11,-646(x4)	  x4:0x80008735 x11=0x00000064 PA:0x800084af
       17195000	      1718	800002b0	06a0ce83	lbu	x29,106(x1)	  x1:0x80008671 x29=0x00000090 PA:0x800086db
       17205000	      1719	800002b4	f6808c23	sb	x8,-136(x1)	  x1:0x80008671  x8:0x85ec444a PA:0x800085e9
       17215000	      1720	800002b8	be020023	sb	x0,-1056(x4)	  x4:0x80008735  x0:0x00000000 PA:0x80008315
       17225000	      1721	800002bc	0fb0cf83	lbu	x31,251(x1)	  x1:0x80008671 x31=0x00000027 PA:0x8000876c
       17235000	      1722	800002c0	aea20f23	sb	x10,-1282(x4)	  x4:0x80008735 x10:0x8000878b PA:0x80008233
       17245000	      1723	800002c4	0bb24403	lbu	x8,187(x4)	  x4:0x80008735  x8=0x000000ab PA:0x800087f0
       17255000	      1724	800002c8	027c5883	lhu	x17,39(x24)	 x24:0x80008167 x17=0x00004445 PA:0x8000818e
       17265000	      1725	800002cc	06408423	sb	x4,104(x1)	  x1:0x80008671  x4:0x80008735 PA:0x800086d9
       17275000	      1726	800002d0	034c4883	lbu	x17,52(x24)	 x24:0x80008167 x17=0x00000050 PA:0x8000819b
       17285000	      1727	800002d4	021c1303	lh	x6,33(x24)	 x24:0x80008167  x6=0x00004243 PA:0x80008188
       17295000	      1728	800002d8	e8520b23	sb	x5,-362(x4)	  x4:0x80008735  x5:0x28d9f000 PA:0x800085cb
       17305000	      1729	800002dc	fe6c4683	lbu	x13,-26(x24)	 x24:0x80008167 x13=0x0000008b PA:0x8000814d
       17315000	      1730	800002e0	cb620123	sb	x22,-862(x4)	  x4:0x80008735 x22:0x80009f84 PA:0x800083d7
       17325000	      1731	800002e4	f8f08503	lb	x10,-113(x1)	  x1:0x80008671 x10=0xffffffbb PA:0x80008600
       17335000	      1732	800002e8	00000013	addi	x0,x0,0	  x0:0x00000000
       17345000	      1733	800002ec	00bc0ab3	add	x21,x24,x11	 x24:0x80008167 x11:0x00000064 x21=0x800081cb
       17355000	      1734	800002f0	40e3d613	srai	x12,x7,0xe	  x7:0xdf890000 x12=0xffff7e24
       17365000	      1735	800002f4	00bc5013	srli	x0,x24,0xb	 x24:0x80008167
       17375000	      1736	800002f8	05d8c863	blt	x17,x29,80000348	 x17:0x00000050 x29:0x00000090
       17385000	      1737	00000000	00000013	addi	x0,x0,0	  x0:0x00000000
       17395000	      1738	80000344	00000013	addi	x0,x0,0	  x0:0x00000000
       17405000	      1739	80000348	019edf13	srli	x30,x29,0x19	 x29:0x00000090 x30=0x00000000
       17415000	      1740	8000034c	0324e063	bltu	x9,x18,8000036c	  x9:0x00000001 x18:0x00000001
       17425000	      1741	80000350	00000013	addi	x0,x0,0	  x0:0x00000000
       17435000	      1742	80000354	0171f033	and	x0,x3,x23	  x3:0x00007475 x23:0x6ed71000
       17445000	      1743	80000358	0253f463	bgeu	x7,x5,80000380	  x7:0xdf890000  x5:0x28d9f000
       17455000	      1744	00000000	00000013	addi	x0,x0,0	  x0:0x00000000
       17465000	      1745	8000037c	00000013	addi	x0,x0,0	  x0:0x00000000
       17475000	      1746	80000380	018a9d13	slli	x26,x21,0x18	 x21:0x800081cb x26=0xcb000000
       17485000	      1747	80000384	00000d97	auipc	x27,0x0	 x27=0x80000380
       17495000	      1748	80000388	00cd8d93	addi	x27,x27,12	 x27:0x80000380 x27=0x8000038c
       17505000	      1749	8000038c	000d8067	jalr	x0,x27,0	 x27:0x8000038c
       17515000	      1750	00000000	00000013	addi	x0,x0,0	  x0:0x00000000
       17525000	      1751	8000038c	00000013	addi	x0,x0,0	  x0:0x00000000
       17535000	      1752	80000390	00100193	addi	x3,x0,1	  x0:0x00000000  x3=0x00000001
       17545000	      1753	80000394	00000073	ecall	
       17555000	      1754	80000398	3bd5be13	sltiu	x28,x11,957	 x11:0x00000064 x28=0x00000001
