		Time			Cycle	PC		Insn	Decoded instruction	Register and memory contents
          65000	         5	80000004	00000293	addi	x5,x0,0	  x0:0x00000000  x5=0x00000000
          75000	         6	80000008	00000313	addi	x6,x0,0	  x0:0x00000000  x6=0x00000000
          85000	         7	8000000c	00628263	beq	x5,x6,80000010	  x5:0x00000000  x6:0x00000000
          95000	         8	00000000	00000013	addi	x0,x0,0	  x0:0x00000000
         105000	         9	8000000c	00000013	addi	x0,x0,0	  x0:0x00000000
         115000	        10	80000010	00000897	auipc	x17,0x0	 x17=0x8000000c
         125000	        11	80000014	00c88893	addi	x17,x17,12	 x17:0x8000000c x17=0x80000018
         135000	        12	80000018	00088067	jalr	x0,x17,0	 x17:0x80000018
         145000	        13	00000000	00000013	addi	x0,x0,0	  x0:0x00000000
         155000	        14	80000018	00000013	addi	x0,x0,0	  x0:0x00000000
         165000	        15	8000001c	40000a37	lui	x20,0x40000	 x20=0x40000000
         175000	        16	80000020	100a0a13	addi	x20,x20,256	 x20:0x40000000 x20=0x40000100
         185000	        17	80000024	00000013	addi	x0,x0,0	  x0:0x00000000
         195000	        18	80000028	0000a597	auipc	x11,0xa	 x11=0x8000a024
         205000	        19	8000002c	fa058593	addi	x11,x11,-96	 x11:0x8000a024 x11=0x80009fc4
         215000	        20	80000030	00002a17	auipc	x20,0x2	 x20=0x8000202c
         225000	        21	80000034	f00a0a13	addi	x20,x20,-256	 x20:0x8000202c x20=0x80001f2c
         235000	        22	80000038	000a6a13	ori	x20,x20,0	 x20:0x80001f2c x20=0x80001f2c
         245000	        23	8000003c	00000013	addi	x0,x0,0	  x0:0x00000000
         255000	        24	80000040	00000a17	auipc	x20,0x0	 x20=0x8000003c
         265000	        25	80000044	020a0a13	addi	x20,x20,32	 x20:0x8000003c x20=0x8000005c
         275000	        26	80000048	00000013	addi	x0,x0,0	  x0:0x00000000
         285000	        27	8000004c	00000013	addi	x0,x0,0	  x0:0x00000000
         295000	        28	80000050	00002a37	lui	x20,0x2	 x20=0x00002000
         305000	        29	80000054	800a0a13	addi	x20,x20,-2048	 x20:0x00002000 x20=0x00001800
         315000	        30	80000058	00000013	addi	x0,x0,0	  x0:0x00000000
         325000	        31	8000005c	00000013	addi	x0,x0,0	  x0:0x00000000
         335000	        32	80000060	c43e8037	lui	x0,0xc43e8	
         345000	        33	80000064	81f00013	addi	x0,x0,-2017	  x0:0x00000000
         355000	        34	80000068	00f00093	addi	x1,x0,15	  x0:0x00000000  x1=0x0000000f
         365000	        35	8000006c	00000113	addi	x2,x0,0	  x0:0x00000000  x2=0x00000000
         375000	        36	80000070	de0851b7	lui	x3,0xde085	  x3=0xde085000
         385000	        37	80000074	15b18193	addi	x3,x3,347	  x3:0xde085000  x3=0xde08515b
         395000	        38	80000078	00000213	addi	x4,x0,0	  x0:0x00000000  x4=0x00000000
         405000	        39	8000007c	f36942b7	lui	x5,0xf3694	  x5=0xf3694000
         415000	        40	80000080	4a628293	addi	x5,x5,1190	  x5:0xf3694000  x5=0xf36944a6
         425000	        41	80000084	491ca337	lui	x6,0x491ca	  x6=0x491ca000
         435000	        42	80000088	8d130313	addi	x6,x6,-1839	  x6:0x491ca000  x6=0x491c98d1
         445000	        43	8000008c	80000437	lui	x8,0x80000	  x8=0x80000000
         455000	        44	80000090	00b00493	addi	x9,x0,11	  x0:0x00000000  x9=0x0000000b
         465000	        45	80000094	50e47537	lui	x10,0x50e47	 x10=0x50e47000
         475000	        46	80000098	24350513	addi	x10,x10,579	 x10:0x50e47000 x10=0x50e47243
         485000	        47	8000009c	00800613	addi	x12,x0,8	  x0:0x00000000 x12=0x00000008
         495000	        48	800000a0	e4d9a6b7	lui	x13,0xe4d9a	 x13=0xe4d9a000
         505000	        49	800000a4	83468693	addi	x13,x13,-1996	 x13:0xe4d9a000 x13=0xe4d99834
         515000	        50	800000a8	be45f737	lui	x14,0xbe45f	 x14=0xbe45f000
         525000	        51	800000ac	76570713	addi	x14,x14,1893	 x14:0xbe45f000 x14=0xbe45f765
         535000	        52	800000b0	f79257b7	lui	x15,0xf7925	 x15=0xf7925000
         545000	        53	800000b4	e9b78793	addi	x15,x15,-357	 x15:0xf7925000 x15=0xf7924e9b
         555000	        54	800000b8	00400813	addi	x16,x0,4	  x0:0x00000000 x16=0x00000004
         565000	        55	800000bc	00e00893	addi	x17,x0,14	  x0:0x00000000 x17=0x0000000e
         575000	        56	800000c0	00500913	addi	x18,x0,5	  x0:0x00000000 x18=0x00000005
         585000	        57	800000c4	00a00993	addi	x19,x0,10	  x0:0x00000000 x19=0x0000000a
         595000	        58	800000c8	00000a13	addi	x20,x0,0	  x0:0x00000000 x20=0x00000000
         605000	        59	800000cc	00000a93	addi	x21,x0,0	  x0:0x00000000 x21=0x00000000
         615000	        60	800000d0	40f3cb37	lui	x22,0x40f3c	 x22=0x40f3c000
         625000	        61	800000d4	fc3b0b13	addi	x22,x22,-61	 x22:0x40f3c000 x22=0x40f3bfc3
         635000	        62	800000d8	80000bb7	lui	x23,0x80000	 x23=0x80000000
         645000	        63	800000dc	00000c13	addi	x24,x0,0	  x0:0x00000000 x24=0x00000000
         655000	        64	800000e0	00000c93	addi	x25,x0,0	  x0:0x00000000 x25=0x00000000
         665000	        65	800000e4	00000d13	addi	x26,x0,0	  x0:0x00000000 x26=0x00000000
         675000	        66	800000e8	00900d93	addi	x27,x0,9	  x0:0x00000000 x27=0x00000009
         685000	        67	800000ec	80000e37	lui	x28,0x80000	 x28=0x80000000
         695000	        68	800000f0	00000e93	addi	x29,x0,0	  x0:0x00000000 x29=0x00000000
         705000	        69	800000f4	00900f13	addi	x30,x0,9	  x0:0x00000000 x30=0x00000009
         715000	        70	800000f8	00200f93	addi	x31,x0,2	  x0:0x00000000 x31=0x00000002
         725000	        71	800000fc	0000a397	auipc	x7,0xa	  x7=0x8000a0f8
         735000	        72	80000100	e8c38393	addi	x7,x7,-372	  x7:0x8000a0f8  x7=0x80009f84
         745000	        73	80000104	40f18bb3	sub	x23,x3,x15	  x3:0xde08515b x15:0xf7924e9b x23=0xe67602c0
         755000	        74	80000108	00000917	auipc	x18,0x0	 x18=0x80000104
         765000	        75	8000010c	72090913	addi	x18,x18,1824	 x18:0x80000104 x18=0x80000824
         775000	        76	80000110	00fe6233	or	x4,x28,x15	 x28:0x80000000 x15:0xf7924e9b  x4=0xf7924e9b
         785000	        77	80000114	7e752b13	slti	x22,x10,2023	 x10:0x50e47243 x22=0x00000000
         795000	        78	80000118	014d8433	add	x8,x27,x20	 x27:0x00000009 x20:0x00000000  x8=0x00000009
         805000	        79	8000011c	14790913	addi	x18,x18,327	 x18:0x80000824 x18=0x8000096b
         815000	        80	80000120	00397f33	and	x30,x18,x3	 x18:0x8000096b  x3:0xde08515b x30=0x8000014b
         825000	        81	80000124	eb990ae7	jalr	x21,x18,-327	 x18:0x8000096b x21=0x80000124
         835000	        82	00000000	00000013	addi	x0,x0,0	  x0:0x00000000
         845000	        83	80000824	00000013	addi	x0,x0,0	  x0:0x00000000
         855000	        84	80000828	012be263	bltu	x23,x18,8000082c	 x23:0xe67602c0 x18:0x8000096b
         865000	        85	8000082c	fe438393	addi	x7,x7,-28	  x7:0x80009f84  x7=0x80009f68
         875000	        86	80000830	00258333	add	x6,x11,x2	 x11:0x80009fc4  x2:0x00000000  x6=0x80009fc4
         885000	        87	80000834	00000013	addi	x0,x0,0	  x0:0x00000000
         895000	        88	80000838	0153a223	sw	x21,4(x7)	  x7:0x80009f68 x21:0x80000124 PA:0x80009f6c
         905000	        89	8000083c	7559ed97	auipc	x27,0x7559e	 x27=0xf559e838
         915000	        90	80000840	00008117	auipc	x2,0x8	  x2=0x8000883c
         925000	        91	80000844	57210113	addi	x2,x2,1394	  x2:0x8000883c  x2=0x80008dae
         935000	        92	80000848	0d710703	lb	x14,215(x2)	  x2:0x80008dae x14=0x0000006e PA:0x80008e85
         945000	        93	8000084c	c7e12503	lw	x10,-898(x2)	  x2:0x80008dae x10=0x14151617 PA:0x80008a2c
         955000	        94	80000850	1d410403	lb	x8,468(x2)	  x2:0x80008dae  x8=0x00000069 PA:0x80008f82
         965000	        95	80000854	d34106a3	sb	x20,-723(x2)	  x2:0x80008dae x20:0x00000000 PA:0x80008adb
         975000	        96	80000858	9ac0d017	auipc	x0,0x9ac0d	
         985000	        97	8000085c	013ede13	srli	x28,x29,0x13	 x29:0x00000000 x28=0x00000000
         995000	        98	80000860	de514803	lbu	x16,-539(x2)	  x2:0x80008dae x16=0x00000078 PA:0x80008b93
        1005000	        99	80000864	b8810703	lb	x14,-1144(x2)	  x2:0x80008dae x14=0x0000001d PA:0x80008936
        1015000	       100	80000868	0de11323	sh	x30,198(x2)	  x2:0x80008dae x30:0x8000014b PA:0x80008e74
        1025000	       101	8000086c	00721513	slli	x10,x4,0x7	  x4:0xf7924e9b x10=0xc9274d80
        1035000	       102	80000870	1ae15003	lhu	x0,430(x2)	  x2:0x80008dae PA:0x80008f5c
        1045000	       103	80000874	b2214703	lbu	x14,-1246(x2)	  x2:0x80008dae x14=0x000000bb PA:0x800088d0
        1055000	       104	80000878	018057b3	srl	x15,x0,x24	  x0:0x00000000 x24:0x00000000 x15=0x00000000
        1065000	       105	8000087c	d92108a3	sb	x18,-623(x2)	  x2:0x80008dae x18:0x8000096b PA:0x80008b3f
        1075000	       106	80000880	bb215303	lhu	x6,-1102(x2)	  x2:0x80008dae  x6=0x00004a4b PA:0x80008960
        1085000	       107	80000884	e1f10e23	sb	x31,-484(x2)	  x2:0x80008dae x31:0x00000002 PA:0x80008bca
        1095000	       108	80000888	0d010183	lb	x3,208(x2)	  x2:0x80008dae  x3=0x00000065 PA:0x80008e7e
        1105000	       109	8000088c	c8878e13	addi	x28,x15,-888	 x15:0x00000000 x28=0xfffffc88
        1115000	       110	80000890	00c15993	srli	x19,x2,0xc	  x2:0x80008dae x19=0x00080008
        1125000	       111	80000894	e7a10ca3	sb	x26,-391(x2)	  x2:0x80008dae x26:0x00000000 PA:0x80008c27
        1135000	       112	80000898	00866733	or	x14,x12,x8	 x12:0x00000008  x8:0x00000069 x14=0x00000069
        1145000	       113	8000089c	b7d10403	lb	x8,-1155(x2)	  x2:0x80008dae  x8=0x00000010 PA:0x8000892b
        1155000	       114	800008a0	cdaab713	sltiu	x14,x21,-806	 x21:0x80000124 x14=0x00000001
        1165000	       115	800008a4	04c11023	sh	x12,64(x2)	  x2:0x80008dae x12:0x00000008 PA:0x80008dee
        1175000	       116	800008a8	d5910603	lb	x12,-679(x2)	  x2:0x80008dae x12=0xffffffec PA:0x80008b07
        1185000	       117	800008ac	d3910903	lb	x18,-711(x2)	  x2:0x80008dae x18=0xffffffcc PA:0x80008ae7
        1195000	       118	800008b0	c1a14183	lbu	x3,-998(x2)	  x2:0x80008dae  x3=0x000000b3 PA:0x800089c8
        1205000	       119	800008b4	00b08b33	add	x22,x1,x11	  x1:0x0000000f x11:0x80009fc4 x22=0x80009fd3
        1215000	       120	800008b8	03011d83	lh	x27,48(x2)	  x2:0x80008dae x27=0xffffc4c5 PA:0x80008dde
        1225000	       121	800008bc	eb010ba3	sb	x16,-329(x2)	  x2:0x80008dae x16:0x00000078 PA:0x80008c65
        1235000	       122	800008c0	b9c10083	lb	x1,-1124(x2)	  x2:0x80008dae  x1=0x00000031 PA:0x8000894a
        1245000	       123	800008c4	e7e11d03	lh	x26,-386(x2)	  x2:0x80008dae x26=0x00001617 PA:0x80008c2c
        1255000	       124	800008c8	82e86093	ori	x1,x16,-2002	 x16:0x00000078  x1=0xfffff87e
        1265000	       125	800008cc	b4a15203	lhu	x4,-1206(x2)	  x2:0x80008dae  x4=0x0000e2e3 PA:0x800088f8
        1275000	       126	800008d0	b2d10323	sb	x13,-1242(x2)	  x2:0x80008dae x13:0xe4d99834 PA:0x800088d4
        1285000	       127	800008d4	f4e14783	lbu	x15,-178(x2)	  x2:0x80008dae x15=0x000000e7 PA:0x80008cfc
        1295000	       128	800008d8	cff10683	lb	x13,-769(x2)	  x2:0x80008dae x13=0xffffff96 PA:0x80008aad
        1305000	       129	800008dc	00008297	auipc	x5,0x8	  x5=0x800088d8
        1315000	       130	800008e0	0b128293	addi	x5,x5,177	  x5:0x800088d8  x5=0x80008989
        1325000	       131	800008e4	24c29ca3	sh	x12,601(x5)	  x5:0x80008989 x12:0xffffffec PA:0x80008be2
        1335000	       132	800008e8	4ba28123	sb	x26,1186(x5)	  x5:0x80008989 x26:0x00001617 PA:0x80008e2b
        1345000	       133	800008ec	72b6bb13	sltiu	x22,x13,1835	 x13:0xffffff96 x22=0x00000000
        1355000	       134	800008f0	fff2aba3	sw	x31,-9(x5)	  x5:0x80008989 x31:0x00000002 PA:0x80008980
        1365000	       135	800008f4	010d07b3	add	x15,x26,x16	 x26:0x00001617 x16:0x00000078 x15=0x0000168f
        1375000	       136	800008f8	20428323	sb	x4,518(x5)	  x5:0x80008989  x4:0x0000e2e3 PA:0x80008b8f
        1385000	       137	800008fc	01bdf7b3	and	x15,x27,x27	 x27:0xffffc4c5 x27:0xffffc4c5 x15=0xffffc4c5
        1395000	       138	80000900	2032a083	lw	x1,515(x5)	  x5:0x80008989  x1=0xe3757677 PA:0x80008b8c
        1405000	       139	80000904	58228e83	lb	x29,1410(x5)	  x5:0x80008989 x29=0xfffffff0 PA:0x80008f0b
        1415000	       140	80000908	01317bb3	and	x23,x2,x19	  x2:0x80008dae x19:0x00080008 x23=0x00000008
        1425000	       141	8000090c	1e12db03	lhu	x22,481(x5)	  x5:0x80008989 x22=0x00005051 PA:0x80008b6a
        1435000	       142	80000910	31128203	lb	x4,785(x5)	  x5:0x80008989  x4=0xffffff81 PA:0x80008c9a
        1445000	       143	00000000	00000013	addi	x0,x0,0	  x0:0x00000000
        1455000	       144	80000914	de458f93	addi	x31,x11,-540	 x11:0x80009fc4 x31=0x80009da8
        1465000	       145	80000918	41a851b3	sra	x3,x16,x26	 x16:0x00000078 x26:0x00001617  x3=0x00000000
        1475000	       146	8000091c	00b93b33	sltu	x22,x18,x11	 x18:0xffffffcc x11:0x80009fc4 x22=0x00000000
        1485000	       147	80000920	9bceeb13	ori	x22,x29,-1604	 x29:0xfffffff0 x22=0xfffffffc
        1495000	       148	80000924	da51c493	xori	x9,x3,-603	  x3:0x00000000  x9=0xfffffda5
        1505000	       149	80000928	0058f7b3	and	x15,x17,x5	 x17:0x0000000e  x5:0x80008989 x15=0x00000008
        1515000	       150	8000092c	28deb213	sltiu	x4,x29,653	 x29:0xfffffff0  x4=0x00000000
        1525000	       151	80000930	412fd033	sra	x0,x31,x18	 x31:0x80009da8 x18:0xffffffcc
        1535000	       152	80000934	007ad713	srli	x14,x21,0x7	 x21:0x80000124 x14=0x01000002
        1545000	       153	80000938	2532c983	lbu	x19,595(x5)	  x5:0x80008989 x19=0x000000c7 PA:0x80008bdc
        1555000	       154	8000093c	b20fa413	slti	x8,x31,-1248	 x31:0x80009da8  x8=0x00000001
        1565000	       155	80000940	5069d637	lui	x12,0x5069d	 x12=0x5069d000
        1575000	       156	80000944	54443a93	sltiu	x21,x8,1348	  x8:0x00000001 x21=0x00000001
        1585000	       157	80000948	7489ae13	slti	x28,x19,1864	 x19:0x000000c7 x28=0x00000001
        1595000	       158	8000094c	a1d86613	ori	x12,x16,-1507	 x16:0x00000078 x12=0xfffffa7d
        1605000	       159	80000950	00000013	addi	x0,x0,0	  x0:0x00000000
        1615000	       160	80000954	01481093	slli	x1,x16,0x14	 x16:0x00000078  x1=0x07800000
        1625000	       161	80000958	008fafb3	slt	x31,x31,x8	 x31:0x80009da8  x8:0x00000001 x31=0x00000001
        1635000	       162	8000095c	fe9280a3	sb	x9,-31(x5)	  x5:0x80008989  x9:0xfffffda5 PA:0x8000896a
        1645000	       163	80000960	01f28d03	lb	x26,31(x5)	  x5:0x80008989 x26=0xffffff93 PA:0x800089a8
        1655000	       164	80000964	00e25033	srl	x0,x4,x14	  x4:0x00000000 x14:0x01000002
        1665000	       165	80000968	0b02cc03	lbu	x24,176(x5)	  x5:0x80008989 x24=0x00000022 PA:0x80008a39
        1675000	       166	8000096c	45e28603	lb	x12,1118(x5)	  x5:0x80008989 x12=0xffffffcc PA:0x80008de7
        1685000	       167	80000970	00214933	xor	x18,x2,x2	  x2:0x80008dae  x2:0x80008dae x18=0x00000000
        1695000	       168	80000974	5fa28a03	lb	x20,1530(x5)	  x5:0x80008989 x20=0x00000068 PA:0x80008f83
        1705000	       169	00000000	00000013	addi	x0,x0,0	  x0:0x00000000
        1715000	       170	80000978	711a2993	slti	x19,x20,1809	 x20:0x00000068 x19=0x00000001
        1725000	       171	8000097c	f7228c83	lb	x25,-142(x5)	  x5:0x80008989 x25=0xffffffe0 PA:0x800088fb
        1735000	       172	80000980	400dd093	srai	x1,x27,0x0	 x27:0xffffc4c5  x1=0xffffc4c5
        1745000	       173	80000984	01410cb3	add	x25,x2,x20	  x2:0x80008dae x20:0x00000068 x25=0x80008e16
        1755000	       174	80000988	41a4d633	sra	x12,x9,x26	  x9:0xfffffda5 x26:0xffffff93 x12=0xffffffff
        1765000	       175	8000098c	417b0d33	sub	x26,x22,x23	 x22:0xfffffffc x23:0x00000008 x26=0xfffffff4
        1775000	       176	80000990	47c2cf03	lbu	x30,1148(x5)	  x5:0x80008989 x30=0x000000ee PA:0x80008e05
        1785000	       177	80000994	16c28c03	lb	x24,364(x5)	  x5:0x80008989 x24=0xffffffde PA:0x80008af5
        1795000	       178	80000998	20b61e17	auipc	x28,0x20b61	 x28=0xa0b61994
        1805000	       179	8000099c	ffb28123	sb	x27,-30(x5)	  x5:0x80008989 x27:0xffffc4c5 PA:0x8000896b
        1815000	       180	800009a0	00008d17	auipc	x26,0x8	 x26=0x8000899c
        1825000	       181	800009a4	01fd0d13	addi	x26,x26,31	 x26:0x8000899c x26=0x800089bb
        1835000	       182	800009a8	00008d97	auipc	x27,0x8	 x27=0x800089a4
        1845000	       183	800009ac	416d8d93	addi	x27,x27,1046	 x27:0x800089a4 x27=0x80008dba
        1855000	       184	800009b0	00008c97	auipc	x25,0x8	 x25=0x800089ac
        1865000	       185	800009b4	e75c8c93	addi	x25,x25,-395	 x25:0x800089ac x25=0x80008821
        1875000	       186	800009b8	029d85a3	sb	x9,43(x27)	 x27:0x80008dba  x9:0xfffffda5 PA:0x80008de5
        1885000	       187	800009bc	0d6d2aa3	sw	x22,213(x26)	 x26:0x800089bb x22:0xfffffffc PA:0x80008a90
        1895000	       188	800009c0	098c8e23	sb	x24,156(x25)	 x25:0x80008821 x24:0xffffffde PA:0x800088bd
        1905000	       189	800009c4	192c88a3	sb	x18,401(x25)	 x25:0x80008821 x18:0x00000000 PA:0x800089b2
        1915000	       190	800009c8	104ccb03	lbu	x22,260(x25)	 x25:0x80008821 x22=0x0000000e PA:0x80008925
        1925000	       191	800009cc	fd3d11a3	sh	x19,-61(x26)	 x26:0x800089bb x19:0x00000001 PA:0x8000897e
        1935000	       192	800009d0	029dc103	lbu	x2,41(x27)	 x27:0x80008dba  x2=0x000000c8 PA:0x80008de3
        1945000	       193	800009d4	195cc603	lbu	x12,405(x25)	 x25:0x80008821 x12=0x0000009d PA:0x800089b6
        1955000	       194	800009d8	00008a17	auipc	x20,0x8	 x20=0x800089d4
        1965000	       195	800009dc	1e0a0a13	addi	x20,x20,480	 x20:0x800089d4 x20=0x80008bb4
        1975000	       196	800009e0	01cd0023	sb	x28,0(x26)	 x26:0x800089bb x28:0xa0b61994 PA:0x800089bb
        1985000	       197	800009e4	051d4b03	lbu	x22,81(x26)	 x26:0x800089bb x22=0x000000f7 PA:0x80008a0c
        1995000	       198	800009e8	fe1a4203	lbu	x4,-31(x20)	 x20:0x80008bb4  x4=0x0000007e PA:0x80008b95
        2005000	       199	00000000	00000013	addi	x0,x0,0	  x0:0x00000000
        2015000	       200	800009ec	024dd683	lhu	x13,36(x27)	 x27:0x80008dba x13=0x0000c4c5 PA:0x80008dde
        2025000	       201	800009f0	017a0ea3	sb	x23,29(x20)	 x20:0x80008bb4 x23:0x00000008 PA:0x80008bd1
        2035000	       202	800009f4	0cec8683	lb	x13,206(x25)	 x25:0x80008821 x13=0xffffffd4 PA:0x800088ef
        2045000	       203	800009f8	f0ed15a3	sh	x14,-245(x26)	 x26:0x800089bb x14:0x01000002 PA:0x800088c6
        2055000	       204	800009fc	fdaa4403	lbu	x8,-38(x20)	 x20:0x80008bb4  x8=0x00000075 PA:0x80008b8e
        2065000	       205	80000a00	fd5d0e83	lb	x29,-43(x26)	 x26:0x800089bb x29=0x0000007b PA:0x80008990
        2075000	       206	80000a04	fcada783	lw	x15,-54(x27)	 x27:0x80008dba x15=0x6c6d6e6f PA:0x80008d84
        2085000	       207	80000a08	4a7c87a3	sb	x7,1199(x25)	 x25:0x80008821  x7:0x80009f68 PA:0x80008cd0
        2095000	       208	80000a0c	f7fd4683	lbu	x13,-129(x26)	 x26:0x800089bb x13=0x00000021 PA:0x8000893a
        2105000	       209	80000a10	feba2423	sw	x11,-24(x20)	 x20:0x80008bb4 x11:0x80009fc4 PA:0x80008b9c
        2115000	       210	80000a14	fccdd203	lhu	x4,-52(x27)	 x27:0x80008dba  x4=0x00006c6d PA:0x80008d86
        2125000	       211	80000a18	00ba1123	sh	x11,2(x20)	 x20:0x80008bb4 x11:0x80009fc4 PA:0x80008bb6
        2135000	       212	80000a1c	ff1d8103	lb	x2,-15(x27)	 x27:0x80008dba  x2=0xffffff90 PA:0x80008dab
        2145000	       213	80000a20	6d6c8803	lb	x16,1750(x25)	 x25:0x80008821 x16=0xffffffdc PA:0x80008ef7
        2155000	       214	80000a24	ffba1623	sh	x27,-20(x20)	 x20:0x80008bb4 x27:0x80008dba PA:0x80008ba0
        2165000	       215	80000a28	ff5dc703	lbu	x14,-11(x27)	 x27:0x80008dba x14=0x00000094 PA:0x80008daf
        2175000	       216	80000a2c	033a0683	lb	x13,51(x20)	 x20:0x80008bb4 x13=0xffffffcc PA:0x80008be7
        2185000	       217	80000a30	0d4d0983	lb	x19,212(x26)	 x26:0x800089bb x19=0x00000074 PA:0x80008a8f
        2195000	       218	80000a34	222c8103	lb	x2,546(x25)	 x25:0x80008821  x2=0x00000028 PA:0x80008a43
        2205000	       219	80000a38	f03d2ea3	sw	x3,-227(x26)	 x26:0x800089bb  x3:0x00000000 PA:0x800088d8
        2215000	       220	80000a3c	fdad9603	lh	x12,-38(x27)	 x27:0x80008dba x12=0x00007e7f PA:0x80008d94
        2225000	       221	80000a40	030d9503	lh	x10,48(x27)	 x27:0x80008dba x10=0xffffd0d1 PA:0x80008dea
        2235000	       222	80000a44	ff5a0ca3	sb	x21,-7(x20)	 x20:0x80008bb4 x21:0x00000001 PA:0x80008bad
        2245000	       223	80000a48	00007e97	auipc	x29,0x7	 x29=0x80007a44
        2255000	       224	80000a4c	7b5e8e93	addi	x29,x29,1973	 x29:0x80007a44 x29=0x800081f9
        2265000	       225	80000a50	011e8403	lb	x8,17(x29)	 x29:0x800081f9  x8=0xffffffc1 PA:0x8000820a
        2275000	       226	80000a54	fd9e8d23	sb	x25,-38(x29)	 x29:0x800081f9 x25:0x80008821 PA:0x800081d3
        2285000	       227	80000a58	002eca83	lbu	x21,2(x29)	 x29:0x800081f9 x21=0x000000b0 PA:0x800081fb
        2295000	       228	00000000	00000013	addi	x0,x0,0	  x0:0x00000000
        2305000	       229	80000a5c	7eeabc93	sltiu	x25,x21,2030	 x21:0x000000b0 x25=0x00000001
        2315000	       230	80000a60	fede8c23	sb	x13,-8(x29)	 x29:0x800081f9 x13:0xffffffcc PA:0x800081f1
        2325000	       231	80000a64	ff4e8923	sb	x20,-14(x29)	 x29:0x800081f9 x20:0x80008bb4 PA:0x800081eb
        2335000	       232	80000a68	039e8503	lb	x10,57(x29)	 x29:0x800081f9 x10=0xffffffe9 PA:0x80008232
        2345000	       233	80000a6c	ffee8783	lb	x15,-2(x29)	 x29:0x800081f9 x15=0xffffffac PA:0x800081f7
        2355000	       234	80000a70	41f45c93	srai	x25,x8,0x1f	  x8:0xffffffc1 x25=0xffffffff
        2365000	       235	80000a74	01bacf33	xor	x30,x21,x27	 x21:0x000000b0 x27:0x80008dba x30=0x80008d0a
        2375000	       236	80000a78	fd3e9f83	lh	x31,-45(x29)	 x29:0x800081f9 x31=0xffff8687 PA:0x800081cc
        2385000	       237	80000a7c	d1c18bb7	lui	x23,0xd1c18	 x23=0xd1c18000
        2395000	       238	80000a80	fede9203	lh	x4,-19(x29)	 x29:0x800081f9  x4=0xffff9c9d PA:0x800081e6
        2405000	       239	80000a84	fccecb83	lbu	x23,-52(x29)	 x29:0x800081f9 x23=0x0000007e PA:0x800081c5
        2415000	       240	80000a88	000e8e03	lb	x28,0(x29)	 x29:0x800081f9 x28=0xffffffb2 PA:0x800081f9
        2425000	       241	80000a8c	02de8f83	lb	x31,45(x29)	 x29:0x800081f9 x31=0xffffffdd PA:0x80008226
        2435000	       242	80000a90	03be9303	lh	x6,59(x29)	 x29:0x800081f9  x6=0xffffeeef PA:0x80008234
        2445000	       243	00000000	00000013	addi	x0,x0,0	  x0:0x00000000
        2455000	       244	80000a94	85636313	ori	x6,x6,-1962	  x6:0xffffeeef  x6=0xfffffeff
        2465000	       245	80000a98	017e90a3	sh	x23,1(x29)	 x29:0x800081f9 x23:0x0000007e PA:0x800081fa
        2475000	       246	80000a9c	011e9ea3	sh	x17,29(x29)	 x29:0x800081f9 x17:0x0000000e PA:0x80008216
        2485000	       247	80000aa0	009e8083	lb	x1,9(x29)	 x29:0x800081f9  x1=0xffffffb9 PA:0x80008202
        2495000	       248	80000aa4	037ea683	lw	x13,55(x29)	 x29:0x800081f9 x13=0xe8e9eaeb PA:0x80008230
        2505000	       249	80000aa8	032ec503	lbu	x10,50(x29)	 x29:0x800081f9 x10=0x000000e0 PA:0x8000822b
        2515000	       250	80000aac	fe5e8103	lb	x2,-27(x29)	 x29:0x800081f9  x2=0xffffff95 PA:0x800081de
        2525000	       251	80000ab0	41b65a13	srai	x20,x12,0x1b	 x12:0x00007e7f x20=0x00000000
        2535000	       252	80000ab4	fdee8483	lb	x9,-34(x29)	 x29:0x800081f9  x9=0xffffff8c PA:0x800081d7
        2545000	       253	80000ab8	018ecf83	lbu	x31,24(x29)	 x29:0x800081f9 x31=0x000000ca PA:0x80008211
        2555000	       254	80000abc	ff7e8aa3	sb	x23,-11(x29)	 x29:0x800081f9 x23:0x0000007e PA:0x800081ee
        2565000	       255	80000ac0	fe3e8723	sb	x3,-18(x29)	 x29:0x800081f9  x3:0x00000000 PA:0x800081e7
        2575000	       256	80000ac4	00b3d1b3	srl	x3,x7,x11	  x7:0x80009f68 x11:0x80009fc4  x3=0x080009f6
        2585000	       257	80000ac8	00d98fb3	add	x31,x19,x13	 x19:0x00000074 x13:0xe8e9eaeb x31=0xe8e9eb5f
        2595000	       258	80000acc	a9380813	addi	x16,x16,-1389	 x16:0xffffffdc x16=0xfffffa6f
        2605000	       259	80000ad0	fe2e8c03	lb	x24,-30(x29)	 x29:0x800081f9 x24=0xffffff90 PA:0x800081db
        2615000	       260	00000000	00000013	addi	x0,x0,0	  x0:0x00000000
        2625000	       261	80000ad4	c14c4d37	lui	x26,0xc14c4	 x26=0xc14c4000
        2635000	       262	80000ad8	02be9d83	lh	x27,43(x29)	 x29:0x800081f9 x27=0xffffdedf PA:0x80008224
        2645000	       263	80000adc	fc9ed003	lhu	x0,-55(x29)	 x29:0x800081f9 PA:0x800081c2
        2655000	       264	80000ae0	01fe8e03	lb	x28,31(x29)	 x29:0x800081f9 x28=0xffffffd3 PA:0x80008218
        2665000	       265	80000ae4	fd2e81a3	sb	x18,-61(x29)	 x29:0x800081f9 x18:0x00000000 PA:0x800081bc
        2675000	       266	80000ae8	00008697	auipc	x13,0x8	 x13=0x80008ae4
        2685000	       267	80000aec	0f968693	addi	x13,x13,249	 x13:0x80008ae4 x13=0x80008bdd
        2695000	       268	80000af0	fdb69a03	lh	x20,-37(x13)	 x13:0x80008bdd x20=0xffffa2a3 PA:0x80008bb8
        2705000	       269	80000af4	fdb6ac83	lw	x25,-37(x13)	 x13:0x80008bdd x25=0xa0a1a2a3 PA:0x80008bb8
        2715000	       270	80000af8	05668823	sb	x22,80(x13)	 x13:0x80008bdd x22:0x000000f7 PA:0x80008c2d
        2725000	       271	80000afc	f3069fa3	sh	x16,-193(x13)	 x13:0x80008bdd x16:0xfffffa6f PA:0x80008b1c
        2735000	       272	80000b00	f7f6a083	lw	x1,-129(x13)	 x13:0x80008bdd  x1=0x44454647 PA:0x80008b5c
        2745000	       273	80000b04	f7f6d103	lhu	x2,-129(x13)	 x13:0x80008bdd  x2=0x00004647 PA:0x80008b5c
        2755000	       274	80000b08	07568a23	sb	x21,116(x13)	 x13:0x80008bdd x21:0x000000b0 PA:0x80008c51
        2765000	       275	80000b0c	07468b83	lb	x23,116(x13)	 x13:0x80008bdd x23=0xffffffb0 PA:0x80008c51
        2775000	       276	80000b10	f1468a03	lb	x20,-236(x13)	 x13:0x80008bdd x20=0xffffffda PA:0x80008af1
        2785000	       277	80000b14	d4d3ca13	xori	x20,x7,-691	  x7:0x80009f68 x20=0x7fff6225
        2795000	       278	80000b18	abe98637	lui	x12,0xabe98	 x12=0xabe98000
        2805000	       279	80000b1c	f1268a23	sb	x18,-236(x13)	 x13:0x80008bdd x18:0x00000000 PA:0x80008af1
        2815000	       280	80000b20	00769483	lh	x9,7(x13)	 x13:0x80008bdd  x9=0xffffcecf PA:0x80008be4
        2825000	       281	00000000	00000013	addi	x0,x0,0	  x0:0x00000000
        2835000	       282	80000b24	00e49d13	slli	x26,x9,0xe	  x9:0xffffcecf x26=0xf3b3c000
        2845000	       283	80000b28	25cf5997	auipc	x19,0x25cf5	 x19=0xa5cf5b24
        2855000	       284	80000b2c	0076d283	lhu	x5,7(x13)	 x13:0x80008bdd  x5=0x0000cecf PA:0x80008be4
        2865000	       285	80000b30	0526cd03	lbu	x26,82(x13)	 x13:0x80008bdd x26=0x00000014 PA:0x80008c2f
        2875000	       286	80000b34	01979c93	slli	x25,x15,0x19	 x15:0xffffffac x25=0x58000000
        2885000	       287	80000b38	eec9f4b7	lui	x9,0xeec9f	  x9=0xeec9f000
        2895000	       288	80000b3c	fa16a1a3	sw	x1,-93(x13)	 x13:0x80008bdd  x1:0x44454647 PA:0x80008b80
        2905000	       289	80000b40	f2e68003	lb	x0,-210(x13)	 x13:0x80008bdd PA:0x80008b0b
        2915000	       290	80000b44	03768a83	lb	x21,55(x13)	 x13:0x80008bdd x21=0xffffffff PA:0x80008c14
        2925000	       291	80000b48	fe668e83	lb	x29,-26(x13)	 x13:0x80008bdd x29=0xffffffa8 PA:0x80008bc3
        2935000	       292	80000b4c	0025c1b3	xor	x3,x11,x2	 x11:0x80009fc4  x2:0x00004647  x3=0x8000d983
        2945000	       293	80000b50	01f68183	lb	x3,31(x13)	 x13:0x80008bdd  x3=0xffffffe7 PA:0x80008bfc
        2955000	       294	80000b54	0ea68b83	lb	x23,234(x13)	 x13:0x80008bdd x23=0xffffffac PA:0x80008cc7
        2965000	       295	80000b58	00007997	auipc	x19,0x7	 x19=0x80007b54
        2975000	       296	80000b5c	53798993	addi	x19,x19,1335	 x19:0x80007b54 x19=0x8000808b
        2985000	       297	80000b60	05d98023	sb	x29,64(x19)	 x19:0x8000808b x29:0xffffffa8 PA:0x800080cb
        2995000	       298	80000b64	87784d93	xori	x27,x16,-1929	 x16:0xfffffa6f x27=0x00000218
        3005000	       299	80000b68	0409c783	lbu	x15,64(x19)	 x19:0x8000808b x15=0x000000a8 PA:0x800080cb
        3015000	       300	80000b6c	0409c303	lbu	x6,64(x19)	 x19:0x8000808b  x6=0x000000a8 PA:0x800080cb
        3025000	       301	80000b70	01f9de83	lhu	x29,31(x19)	 x19:0x8000808b x29=0x00006061 PA:0x800080aa
        3035000	       302	80000b74	01f98803	lb	x16,31(x19)	 x19:0x8000808b x16=0x00000061 PA:0x800080aa
        3045000	       303	80000b78	01443633	sltu	x12,x8,x20	  x8:0xffffffc1 x20:0x7fff6225 x12=0x00000000
        3055000	       304	80000b7c	c0887f93	andi	x31,x16,-1016	 x16:0x00000061 x31=0x00000000
        3065000	       305	80000b80	01f99f83	lh	x31,31(x19)	 x19:0x8000808b x31=0x00006061 PA:0x800080aa
        3075000	       306	80000b84	01398223	sb	x19,4(x19)	 x19:0x8000808b x19:0x8000808b PA:0x8000808f
        3085000	       307	80000b88	0049c203	lbu	x4,4(x19)	 x19:0x8000808b  x4=0x0000008b PA:0x8000808f
        3095000	       308	00000000	00000013	addi	x0,x0,0	  x0:0x00000000
        3105000	       309	80000b8c	0049cf03	lbu	x30,4(x19)	 x19:0x8000808b x30=0x0000008b PA:0x8000808f
        3115000	       310	80000b90	02f99083	lh	x1,47(x19)	 x19:0x8000808b  x1=0x00007071 PA:0x800080ba
        3125000	       311	80000b94	02f9c283	lbu	x5,47(x19)	 x19:0x8000808b  x5=0x00000071 PA:0x800080ba
        3135000	       312	80000b98	03f987a3	sb	x31,47(x19)	 x19:0x8000808b x31:0x00006061 PA:0x800080ba
        3145000	       313	80000b9c	02f99703	lh	x14,47(x19)	 x19:0x8000808b x14=0x00007061 PA:0x800080ba
        3155000	       314	80000ba0	027987a3	sb	x7,47(x19)	 x19:0x8000808b  x7:0x80009f68 PA:0x800080ba
        3165000	       315	80000ba4	eb53ed13	ori	x26,x7,-331	  x7:0x80009f68 x26=0xfffffffd
        3175000	       316	80000ba8	02f9d103	lhu	x2,47(x19)	 x19:0x8000808b  x2=0x00007068 PA:0x800080ba
        3185000	       317	80000bac	41588733	sub	x14,x17,x21	 x17:0x0000000e x21:0xffffffff x14=0x0000000f
        3195000	       318	80000bb0	031987a3	sb	x17,47(x19)	 x19:0x8000808b x17:0x0000000e PA:0x800080ba
        3205000	       319	80000bb4	00008c17	auipc	x24,0x8	 x24=0x80008bb0
        3215000	       320	80000bb8	d8cc0c13	addi	x24,x24,-628	 x24:0x80008bb0 x24=0x8000893c
        3225000	       321	80000bbc	00008217	auipc	x4,0x8	  x4=0x80008bb8
        3235000	       322	80000bc0	3a520213	addi	x4,x4,933	  x4:0x80008bb8  x4=0x80008f5d
        3245000	       323	80000bc4	00008f17	auipc	x30,0x8	 x30=0x80008bc0
        3255000	       324	80000bc8	edef0f13	addi	x30,x30,-290	 x30:0x80008bc0 x30=0x80008a9e
        3265000	       325	80000bcc	fe6f5803	lhu	x16,-26(x30)	 x30:0x80008a9e x16=0x00006e6f PA:0x80008a84
        3275000	       326	80000bd0	0e3c0483	lb	x9,227(x24)	 x24:0x8000893c  x9=0x00000004 PA:0x80008a1f
        3285000	       327	80000bd4	f53200a3	sb	x19,-191(x4)	  x4:0x80008f5d x19:0x8000808b PA:0x80008e9e
        3295000	       328	80000bd8	fc3f4e03	lbu	x28,-61(x30)	 x30:0x80008a9e x28=0x0000004a PA:0x80008a61
        3305000	       329	80000bdc	ffdf1723	sh	x29,-18(x30)	 x30:0x80008a9e x29:0x00006061 PA:0x80008a8c
        3315000	       330	80000be0	09bc4603	lbu	x12,155(x24)	 x24:0x8000893c x12=0x000000bc PA:0x800089d7
        3325000	       331	80000be4	01cf4d83	lbu	x27,28(x30)	 x30:0x80008a9e x27=0x000000a1 PA:0x80008aba
        3335000	       332	80000be8	025c2623	sw	x5,44(x24)	 x24:0x8000893c  x5:0x00000071 PA:0x80008968
        3345000	       333	80000bec	fc921aa3	sh	x9,-43(x4)	  x4:0x80008f5d  x9:0x00000004 PA:0x80008f32
        3355000	       334	80000bf0	f2bc4d83	lbu	x27,-213(x24)	 x24:0x8000893c x27=0x0000004c PA:0x80008867
        3365000	       335	80000bf4	011f4983	lbu	x19,17(x30)	 x30:0x80008a9e x19=0x00000094 PA:0x80008aaf
        3375000	       336	80000bf8	f9921503	lh	x10,-103(x4)	  x4:0x80008f5d x10=0xffffdcdd PA:0x80008ef6
        3385000	       337	80000bfc	076c5d83	lhu	x27,118(x24)	 x24:0x8000893c x27=0x00009800 PA:0x800089b2
        3395000	       338	80000c00	05e24b83	lbu	x23,94(x4)	  x4:0x80008f5d x23=0x000000a0 PA:0x80008fbb
        3405000	       339	80000c04	fe1f0123	sb	x1,-30(x30)	 x30:0x80008a9e  x1:0x00007071 PA:0x80008a80
        3415000	       340	80000c08	f82c1603	lh	x12,-126(x24)	 x24:0x8000893c x12=0xffffa4a5 PA:0x800088be
        3425000	       341	80000c0c	048203a3	sb	x8,71(x4)	  x4:0x80008f5d  x8:0xffffffc1 PA:0x80008fa4
        3435000	       342	80000c10	00820783	lb	x15,8(x4)	  x4:0x80008f5d x15=0x0000004e PA:0x80008f65
        3445000	       343	00000000	00000013	addi	x0,x0,0	  x0:0x00000000
        3455000	       344	80000c14	00fcbdb3	sltu	x27,x25,x15	 x25:0x58000000 x15:0x0000004e x27=0x00000000
        3465000	       345	80000c18	004feeb3	or	x29,x31,x4	 x31:0x00006061  x4:0x80008f5d x29=0x8000ef7d
        3475000	       346	80000c1c	74c4c113	xori	x2,x9,1868	  x9:0x00000004  x2=0x00000748
        3485000	       347	80000c20	0076d033	srl	x0,x13,x7	 x13:0x80008bdd  x7:0x80009f68
        3495000	       348	80000c24	05ec1663	bne	x24,x30,80000c70	 x24:0x8000893c x30:0x80008a9e
        3505000	       349	00000000	00000013	addi	x0,x0,0	  x0:0x00000000
        3515000	       350	80000c6c	00000013	addi	x0,x0,0	  x0:0x00000000
        3525000	       351	80000c70	018954b3	srl	x9,x18,x24	 x18:0x00000000 x24:0x8000893c  x9=0x00000000
        3535000	       352	80000c74	01139eb3	sll	x29,x7,x17	  x7:0x80009f68 x17:0x0000000e x29=0x27da0000
        3545000	       353	80000c78	411d5e33	sra	x28,x26,x17	 x26:0xfffffffd x17:0x0000000e x28=0xffffffff
        3555000	       354	80000c7c	01219993	slli	x19,x3,0x12	  x3:0xffffffe7 x19=0xff9c0000
        3565000	       355	80000c80	40368f33	sub	x30,x13,x3	 x13:0x80008bdd  x3:0xffffffe7 x30=0x80008bf6
        3575000	       356	80000c84	512ec313	xori	x6,x29,1298	 x29:0x27da0000  x6=0x27da0512
        3585000	       357	80000c88	44818b13	addi	x22,x3,1096	  x3:0xffffffe7 x22=0x0000042f
        3595000	       358	80000c8c	9847f413	andi	x8,x15,-1660	 x15:0x0000004e  x8=0x00000004
        3605000	       359	80000c90	06c98a93	addi	x21,x19,108	 x19:0xff9c0000 x21=0xff9c006c
        3615000	       360	80000c94	a4190197	auipc	x3,0xa4190	  x3=0x24190c90
        3625000	       361	80000c98	018ff663	bgeu	x31,x24,80000ca4	 x31:0x00006061 x24:0x8000893c
        3635000	       362	80000c9c	00e38463	beq	x7,x14,80000ca4	  x7:0x80009f68 x14:0x0000000f
        3645000	       363	80000ca0	4935c113	xori	x2,x11,1171	 x11:0x80009fc4  x2=0x80009b57
        3655000	       364	80000ca4	00a872b3	and	x5,x16,x10	 x16:0x00006e6f x10:0xffffdcdd  x5=0x00004c4d
        3665000	       365	80000ca8	001c9a63	bne	x25,x1,80000cbc	 x25:0x58000000  x1:0x00007071
        3675000	       366	00000000	00000013	addi	x0,x0,0	  x0:0x00000000
        3685000	       367	80000cb8	00000013	addi	x0,x0,0	  x0:0x00000000
        3695000	       368	80000cbc	027f7663	bgeu	x30,x7,80000ce8	 x30:0x80008bf6  x7:0x80009f68
        3705000	       369	80000cc0	4019d0b3	sra	x1,x19,x1	 x19:0xff9c0000  x1:0x00007071  x1=0xffffffce
        3715000	       370	80000cc4	6cc4a713	slti	x14,x9,1740	  x9:0x00000000 x14=0x00000001
        3725000	       371	80000cc8	00a4acb3	slt	x25,x9,x10	  x9:0x00000000 x10:0xffffdcdd x25=0x00000000
        3735000	       372	80000ccc	c9794c93	xori	x25,x18,-873	 x18:0x00000000 x25=0xfffffc97
        3745000	       373	80000cd0	d0aa8d93	addi	x27,x21,-758	 x21:0xff9c006c x27=0xff9bfd76
        3755000	       374	80000cd4	02d39863	bne	x7,x13,80000d04	  x7:0x80009f68 x13:0x80008bdd
        3765000	       375	00000000	00000013	addi	x0,x0,0	  x0:0x00000000
        3775000	       376	80000d00	00000013	addi	x0,x0,0	  x0:0x00000000
        3785000	       377	80000d04	a2ed7113	andi	x2,x26,-1490	 x26:0xfffffffd  x2=0xfffffa2c
        3795000	       378	80000d08	41cb5013	srai	x0,x22,0x1c	 x22:0x0000042f
        3805000	       379	80000d0c	41edd413	srai	x8,x27,0x1e	 x27:0xff9bfd76  x8=0xffffffff
        3815000	       380	80000d10	016d9d33	sll	x26,x27,x22	 x27:0xff9bfd76 x22:0x0000042f x26=0xfebb0000
        3825000	       381	80000d14	cd2980b7	lui	x1,0xcd298	  x1=0xcd298000
        3835000	       382	80000d18	0089df13	srli	x30,x19,0x8	 x19:0xff9c0000 x30=0x00ff9c00
        3845000	       383	80000d1c	0390d863	bge	x1,x25,80000d4c	  x1:0xcd298000 x25:0xfffffc97
        3855000	       384	80000d20	01b67f33	and	x30,x12,x27	 x12:0xffffa4a5 x27:0xff9bfd76 x30=0xff9ba424
        3865000	       385	80000d24	45016b13	ori	x22,x2,1104	  x2:0xfffffa2c x22=0xfffffe7c
        3875000	       386	80000d28	01d4bab3	sltu	x21,x9,x29	  x9:0x00000000 x29:0x27da0000 x21=0x00000001
        3885000	       387	80000d2c	00e9a533	slt	x10,x19,x14	 x19:0xff9c0000 x14:0x00000001 x10=0x00000001
        3895000	       388	80000d30	00c32c33	slt	x24,x6,x12	  x6:0x27da0512 x12:0xffffa4a5 x24=0x00000000
        3905000	       389	80000d34	00000013	addi	x0,x0,0	  x0:0x00000000
        3915000	       390	80000d38	40e904b3	sub	x9,x18,x14	 x18:0x00000000 x14:0x00000001  x9=0xffffffff
        3925000	       391	80000d3c	03689a63	bne	x17,x22,80000d70	 x17:0x0000000e x22:0xfffffe7c
        3935000	       392	00000000	00000013	addi	x0,x0,0	  x0:0x00000000
        3945000	       393	80000d6c	00000013	addi	x0,x0,0	  x0:0x00000000
        3955000	       394	80000d70	022af663	bgeu	x21,x2,80000d9c	 x21:0x00000001  x2:0xfffffa2c
        3965000	       395	80000d74	40ea09b3	sub	x19,x20,x14	 x20:0x7fff6225 x14:0x00000001 x19=0x7fff6224
        3975000	       396	80000d78	013fdd33	srl	x26,x31,x19	 x31:0x00006061 x19:0x7fff6224 x26=0x00000606
        3985000	       397	80000d7c	00707c33	and	x24,x0,x7	  x0:0x00000000  x7:0x80009f68 x24=0x00000000
        3995000	       398	80000d80	66232713	slti	x14,x6,1634	  x6:0x27da0512 x14=0x00000000
        4005000	       399	80000d84	01fe67b3	or	x15,x28,x31	 x28:0xffffffff x31:0x00006061 x15=0xffffffff
        4015000	       400	80000d88	40655693	srai	x13,x10,0x6	 x10:0x00000001 x13=0x00000000
        4025000	       401	80000d8c	418ad693	srai	x13,x21,0x18	 x21:0x00000001 x13=0x00000000
        4035000	       402	80000d90	f42f4813	xori	x16,x30,-190	 x30:0xff9ba424 x16=0x00645b66
        4045000	       403	80000d94	0dded863	bge	x29,x29,80000e64	 x29:0x27da0000 x29:0x27da0000
        4055000	       404	00000000	00000013	addi	x0,x0,0	  x0:0x00000000
        4065000	       405	80000e60	00000013	addi	x0,x0,0	  x0:0x00000000
        4075000	       406	80000e64	2bb22913	slti	x18,x4,699	  x4:0x80008f5d x18=0x00000001
        4085000	       407	80000e68	029d0e63	beq	x26,x9,80000ea4	 x26:0x00000606  x9:0xffffffff
        4095000	       408	80000e6c	01b89993	slli	x19,x17,0x1b	 x17:0x0000000e x19=0x70000000
        4105000	       409	80000e70	005b9713	slli	x14,x23,0x5	 x23:0x000000a0 x14=0x00001400
        4115000	       410	80000e74	41995233	sra	x4,x18,x25	 x18:0x00000001 x25:0xfffffc97  x4=0x00000000
        4125000	       411	80000e78	01f24b33	xor	x22,x4,x31	  x4:0x00000000 x31:0x00006061 x22=0x00006061
        4135000	       412	80000e7c	014a7fb3	and	x31,x20,x20	 x20:0x7fff6225 x20:0x7fff6225 x31=0x7fff6225
        4145000	       413	80000e80	01c6a6b3	slt	x13,x13,x28	 x13:0x00000000 x28:0xffffffff x13=0x00000000
        4155000	       414	80000e84	008c7c33	and	x24,x24,x8	 x24:0x00000000  x8:0xffffffff x24=0x00000000
        4165000	       415	80000e88	01ee0e33	add	x28,x28,x30	 x28:0xffffffff x30:0xff9ba424 x28=0xff9ba423
        4175000	       416	80000e8c	b7008837	lui	x16,0xb7008	 x16=0xb7008000
        4185000	       417	80000e90	41728d33	sub	x26,x5,x23	  x5:0x00004c4d x23:0x000000a0 x26=0x00004bad
        4195000	       418	80000e94	eabb2c17	auipc	x24,0xeabb2	 x24=0x6abb2e90
        4205000	       419	80000e98	dbaeb793	sltiu	x15,x29,-582	 x29:0x27da0000 x15=0x00000001
        4215000	       420	80000e9c	00a11fb3	sll	x31,x2,x10	  x2:0xfffffa2c x10:0x00000001 x31=0xfffff458
        4225000	       421	80000ea0	7cc32ab7	lui	x21,0x7cc32	 x21=0x7cc32000
        4235000	       422	80000ea4	01b481b3	add	x3,x9,x27	  x9:0xffffffff x27:0xff9bfd76  x3=0xff9bfd75
        4245000	       423	80000ea8	eea33313	sltiu	x6,x6,-278	  x6:0x27da0512  x6=0x00000001
        4255000	       424	80000eac	026e4863	blt	x28,x6,80000edc	 x28:0xff9ba423  x6:0x00000001
        4265000	       425	00000000	00000013	addi	x0,x0,0	  x0:0x00000000
        4275000	       426	80000ed8	00000013	addi	x0,x0,0	  x0:0x00000000
        4285000	       427	80000edc	00ddadb3	slt	x27,x27,x13	 x27:0xff9bfd76 x13:0x00000000 x27=0x00000001
        4295000	       428	80000ee0	02d91a63	bne	x18,x13,80000f14	 x18:0x00000001 x13:0x00000000
        4305000	       429	00000000	00000013	addi	x0,x0,0	  x0:0x00000000
        4315000	       430	80000f10	00000013	addi	x0,x0,0	  x0:0x00000000
        4325000	       431	80000f14	0109b2b3	sltu	x5,x19,x16	 x19:0x70000000 x16:0xb7008000  x5=0x00000001
        4335000	       432	80000f18	02894063	blt	x18,x8,80000f38	 x18:0x00000001  x8:0xffffffff
        4345000	       433	80000f1c	00000013	addi	x0,x0,0	  x0:0x00000000
        4355000	       434	80000f20	03647863	bgeu	x8,x22,80000f50	  x8:0xffffffff x22:0x00006061
        4365000	       435	00000000	00000013	addi	x0,x0,0	  x0:0x00000000
        4375000	       436	80000f4c	00000013	addi	x0,x0,0	  x0:0x00000000
        4385000	       437	80000f50	0014c833	xor	x16,x9,x1	  x9:0xffffffff  x1:0xcd298000 x16=0x32d67fff
        4395000	       438	80000f54	01ddf463	bgeu	x27,x29,80000f5c	 x27:0x00000001 x29:0x27da0000
        4405000	       439	80000f58	419e8133	sub	x2,x29,x25	 x29:0x27da0000 x25:0xfffffc97  x2=0x27da0369
        4415000	       440	80000f5c	03254e63	blt	x10,x18,80000f98	 x10:0x00000001 x18:0x00000001
        4425000	       441	80000f60	01151f93	slli	x31,x10,0x11	 x10:0x00000001 x31=0x00020000
        4435000	       442	80000f64	02e6de63	bge	x13,x14,80000fa0	 x13:0x00000000 x14:0x00001400
        4445000	       443	80000f68	01989713	slli	x14,x17,0x19	 x17:0x0000000e x14=0x1c000000
        4455000	       444	80000f6c	40bb5193	srai	x3,x22,0xb	 x22:0x00006061  x3=0x0000000c
        4465000	       445	80000f70	c229f093	andi	x1,x19,-990	 x19:0x70000000  x1=0x70000000
        4475000	       446	80000f74	41ef5933	sra	x18,x30,x30	 x30:0xff9ba424 x30:0xff9ba424 x18=0xfff9ba42
        4485000	       447	80000f78	01b5f663	bgeu	x11,x27,80000f84	 x11:0x80009fc4 x27:0x00000001
        4495000	       448	00000000	00000013	addi	x0,x0,0	  x0:0x00000000
        4505000	       449	80000f80	00000013	addi	x0,x0,0	  x0:0x00000000
        4515000	       450	80000f84	c521fcb7	lui	x25,0xc521f	 x25=0xc521f000
        4525000	       451	80000f88	403a0ab3	sub	x21,x20,x3	 x20:0x7fff6225  x3:0x0000000c x21=0x7fff6219
        4535000	       452	80000f8c	01c92733	slt	x14,x18,x28	 x18:0xfff9ba42 x28:0xff9ba423 x14=0x00000000
        4545000	       453	80000f90	02c69663	bne	x13,x12,80000fbc	 x13:0x00000000 x12:0xffffa4a5
        4555000	       454	00000000	00000013	addi	x0,x0,0	  x0:0x00000000
        4565000	       455	80000fb8	00000013	addi	x0,x0,0	  x0:0x00000000
        4575000	       456	80000fbc	05716663	bltu	x2,x23,80001008	  x2:0x27da0369 x23:0x000000a0
        4585000	       457	80000fc0	01c38fb3	add	x31,x7,x28	  x7:0x80009f68 x28:0xff9ba423 x31=0x7f9c438b
        4595000	       458	80000fc4	01738663	beq	x7,x23,80000fd0	  x7:0x80009f68 x23:0x000000a0
        4605000	       459	80000fc8	0089fe33	and	x28,x19,x8	 x19:0x70000000  x8:0xffffffff x28=0x70000000
        4615000	       460	80000fcc	41578933	sub	x18,x15,x21	 x15:0x00000001 x21:0x7fff6219 x18=0x80009de8
        4625000	       461	80000fd0	0199cfb3	xor	x31,x19,x25	 x19:0x70000000 x25:0xc521f000 x31=0xb521f000
        4635000	       462	80000fd4	031f5263	bge	x30,x17,80000ff8	 x30:0xff9ba424 x17:0x0000000e
        4645000	       463	80000fd8	4bab5b17	auipc	x22,0x4bab5	 x22=0xcbab5fd4
        4655000	       464	80000fdc	fc21f713	andi	x14,x3,-62	  x3:0x0000000c x14=0x00000000
        4665000	       465	80000fe0	71c28313	addi	x6,x5,1820	  x5:0x00000001  x6=0x0000071d
        4675000	       466	80000fe4	02be7e63	bgeu	x28,x11,80001020	 x28:0x70000000 x11:0x80009fc4
        4685000	       467	80000fe8	004fbf33	sltu	x30,x31,x4	 x31:0xb521f000  x4:0x00000000 x30=0x00000000
        4695000	       468	80000fec	c9137713	andi	x14,x6,-879	  x6:0x0000071d x14=0x00000411
        4705000	       469	80000ff0	f3fac493	xori	x9,x21,-193	 x21:0x7fff6219  x9=0x80009d26
        4715000	       470	80000ff4	00551813	slli	x16,x10,0x5	 x10:0x00000001 x16=0x00000020
        4725000	       471	80000ff8	41fbd793	srai	x15,x23,0x1f	 x23:0x000000a0 x15=0x00000000
        4735000	       472	80000ffc	3b440e37	lui	x28,0x3b440	 x28=0x3b440000
        4745000	       473	80001000	41460c33	sub	x24,x12,x20	 x12:0xffffa4a5 x20:0x7fff6225 x24=0x80004280
        4755000	       474	80001004	007d7a63	bgeu	x26,x7,80001018	 x26:0x00004bad  x7:0x80009f68
        4765000	       475	80001008	f427cf13	xori	x30,x15,-190	 x15:0x00000000 x30=0xffffff42
        4775000	       476	8000100c	9d550113	addi	x2,x10,-1579	 x10:0x00000001  x2=0xfffff9d6
        4785000	       477	80001010	02aad263	bge	x21,x10,80001034	 x21:0x7fff6219 x10:0x00000001
        4795000	       478	00000000	00000013	addi	x0,x0,0	  x0:0x00000000
        4805000	       479	80001030	00000013	addi	x0,x0,0	  x0:0x00000000
        4815000	       480	80001034	04134e63	blt	x6,x1,80001090	  x6:0x0000071d  x1:0x70000000
        4825000	       481	00000000	00000013	addi	x0,x0,0	  x0:0x00000000
        4835000	       482	8000108c	00000013	addi	x0,x0,0	  x0:0x00000000
        4845000	       483	80001090	02578a63	beq	x15,x5,800010c4	 x15:0x00000000  x5:0x00000001
        4855000	       484	80001094	00ce7463	bgeu	x28,x12,8000109c	 x28:0x3b440000 x12:0xffffa4a5
        4865000	       485	80001098	04ab4663	blt	x22,x10,800010e4	 x22:0xcbab5fd4 x10:0x00000001
        4875000	       486	00000000	00000013	addi	x0,x0,0	  x0:0x00000000
        4885000	       487	800010e0	00000013	addi	x0,x0,0	  x0:0x00000000
        4895000	       488	800010e4	41dc8033	sub	x0,x25,x29	 x25:0xc521f000 x29:0x27da0000
        4905000	       489	800010e8	00000013	addi	x0,x0,0	  x0:0x00000000
        4915000	       490	800010ec	00971d33	sll	x26,x14,x9	 x14:0x00000411  x9:0x80009d26 x26=0x00010440
        4925000	       491	800010f0	faad8a93	addi	x21,x27,-86	 x27:0x00000001 x21=0xffffffab
        4935000	       492	800010f4	407b5833	sra	x16,x22,x7	 x22:0xcbab5fd4  x7:0x80009f68 x16=0xffcbab5f
        4945000	       493	800010f8	00dedd93	srli	x27,x29,0xd	 x29:0x27da0000 x27=0x00013ed0
        4955000	       494	800010fc	03849a63	bne	x9,x24,80001130	  x9:0x80009d26 x24:0x80004280
        4965000	       495	00000000	00000013	addi	x0,x0,0	  x0:0x00000000
        4975000	       496	8000112c	00000013	addi	x0,x0,0	  x0:0x00000000
        4985000	       497	80001130	0017bf33	sltu	x30,x15,x1	 x15:0x00000000  x1:0x70000000 x30=0x00000001
        4995000	       498	80001134	4a897713	andi	x14,x18,1192	 x18:0x80009de8 x14=0x000004a8
        5005000	       499	80001138	a517e493	ori	x9,x15,-1455	 x15:0x00000000  x9=0xfffffa51
        5015000	       500	8000113c	0295d263	bge	x11,x9,80001160	 x11:0x80009fc4  x9:0xfffffa51
        5025000	       501	80001140	00688663	beq	x17,x6,8000114c	 x17:0x0000000e  x6:0x0000071d
        5035000	       502	80001144	14eec913	xori	x18,x29,334	 x29:0x27da0000 x18=0x27da014e
        5045000	       503	80001148	04bfe663	bltu	x31,x11,80001194	 x31:0xb521f000 x11:0x80009fc4
        5055000	       504	8000114c	e4dfb613	sltiu	x12,x31,-435	 x31:0xb521f000 x12=0x00000001
        5065000	       505	80001150	01e230b3	sltu	x1,x4,x30	  x4:0x00000000 x30:0x00000001  x1=0x00000001
        5075000	       506	80001154	6e4a3613	sltiu	x12,x20,1764	 x20:0x7fff6225 x12=0x00000000
        5085000	       507	80001158	045c6463	bltu	x24,x5,800011a0	 x24:0x80004280  x5:0x00000001
        5095000	       508	8000115c	00f820b3	slt	x1,x16,x15	 x16:0xffcbab5f x15:0x00000000  x1=0x00000001
        5105000	       509	80001160	cf0a3217	auipc	x4,0xcf0a3	  x4=0x4f0a415c
        5115000	       510	80001164	402cdf93	srai	x31,x25,0x2	 x25:0xc521f000 x31=0xf1487c00
        5125000	       511	80001168	31158493	addi	x9,x11,785	 x11:0x80009fc4  x9=0x8000a2d5
        5135000	       512	8000116c	40ec02b3	sub	x5,x24,x14	 x24:0x80004280 x14:0x000004a8  x5=0x80003dd8
        5145000	       513	80001170	de0c4013	xori	x0,x24,-544	 x24:0x80004280
        5155000	       514	80001174	9d633c93	sltiu	x25,x6,-1578	  x6:0x0000071d x25=0x00000001
        5165000	       515	80001178	0118f663	bgeu	x17,x17,80001184	 x17:0x0000000e x17:0x0000000e
        5175000	       516	00000000	00000013	addi	x0,x0,0	  x0:0x00000000
        5185000	       517	80001180	00000013	addi	x0,x0,0	  x0:0x00000000
        5195000	       518	80001184	00872bb3	slt	x23,x14,x8	 x14:0x000004a8  x8:0xffffffff x23=0x00000000
        5205000	       519	80001188	014cda93	srli	x21,x25,0x14	 x25:0x00000001 x21=0x00000000
        5215000	       520	8000118c	41dfd9b3	sra	x19,x31,x29	 x31:0xf1487c00 x29:0x27da0000 x19=0xf1487c00
        5225000	       521	80001190	f996f013	andi	x0,x13,-103	 x13:0x00000000
        5235000	       522	80001194	0149ac33	slt	x24,x19,x20	 x19:0xf1487c00 x20:0x7fff6225 x24=0x00000001
        5245000	       523	80001198	038fe863	bltu	x31,x24,800011c8	 x31:0xf1487c00 x24:0x00000001
        5255000	       524	8000119c	01ca8433	add	x8,x21,x28	 x21:0x00000000 x28:0x3b440000  x8=0x3b440000
        5265000	       525	800011a0	01e35113	srli	x2,x6,0x1e	  x6:0x0000071d  x2=0x00000000
        5275000	       526	800011a4	01f6b4b3	sltu	x9,x13,x31	 x13:0x00000000 x31:0xf1487c00  x9=0x00000001
        5285000	       527	800011a8	030ece63	blt	x29,x16,800011e4	 x29:0x27da0000 x16:0xffcbab5f
        5295000	       528	800011ac	01da4cb3	xor	x25,x20,x29	 x20:0x7fff6225 x29:0x27da0000 x25=0x58256225
        5305000	       529	800011b0	01781693	slli	x13,x16,0x17	 x16:0xffcbab5f x13=0xaf800000
        5315000	       530	800011b4	fee46113	ori	x2,x8,-18	  x8:0x3b440000  x2=0xffffffee
        5325000	       531	800011b8	0339f663	bgeu	x19,x19,800011e4	 x19:0xf1487c00 x19:0xf1487c00
        5335000	       532	00000000	00000013	addi	x0,x0,0	  x0:0x00000000
        5345000	       533	800011e0	00000013	addi	x0,x0,0	  x0:0x00000000
        5355000	       534	800011e4	032f8263	beq	x31,x18,80001208	 x31:0xf1487c00 x18:0x27da014e
        5365000	       535	800011e8	00cb59b3	srl	x19,x22,x12	 x22:0xcbab5fd4 x12:0x00000000 x19=0xcbab5fd4
        5375000	       536	800011ec	03697863	bgeu	x18,x22,8000121c	 x18:0x27da014e x22:0xcbab5fd4
        5385000	       537	800011f0	9a31ccb7	lui	x25,0x9a31c	 x25=0x9a31c000
        5395000	       538	800011f4	adc3a313	slti	x6,x7,-1316	  x7:0x80009f68  x6=0x00000001
        5405000	       539	800011f8	70917693	andi	x13,x2,1801	  x2:0xffffffee x13=0x00000708
        5415000	       540	800011fc	7a841e97	auipc	x29,0x7a841	 x29=0xfa8421f8
        5425000	       541	80001200	0133b333	sltu	x6,x7,x19	  x7:0x80009f68 x19:0xcbab5fd4  x6=0x00000001
        5435000	       542	80001204	00000013	addi	x0,x0,0	  x0:0x00000000
        5445000	       543	80001208	4053d333	sra	x6,x7,x5	  x7:0x80009f68  x5:0x80003dd8  x6=0xffffff80
        5455000	       544	8000120c	4151d1b3	sra	x3,x3,x21	  x3:0x0000000c x21:0x00000000  x3=0x0000000c
        5465000	       545	80001210	18572a97	auipc	x21,0x18572	 x21=0x9857320c
        5475000	       546	80001214	00000013	addi	x0,x0,0	  x0:0x00000000
        5485000	       547	80001218	016c6533	or	x10,x24,x22	 x24:0x00000001 x22:0xcbab5fd4 x10=0xcbab5fd5
        5495000	       548	8000121c	37610e13	addi	x28,x2,886	  x2:0xffffffee x28=0x00000364
        5505000	       549	80001220	c0c50f93	addi	x31,x10,-1012	 x10:0xcbab5fd5 x31=0xcbab5be1
        5515000	       550	80001224	002adab3	srl	x21,x21,x2	 x21:0x9857320c  x2:0xffffffee x21=0x0002615c
        5525000	       551	80001228	41e68533	sub	x10,x13,x30	 x13:0x00000708 x30:0x00000001 x10=0x00000707
        5535000	       552	8000122c	01b9d713	srli	x14,x19,0x1b	 x19:0xcbab5fd4 x14=0x00000019
        5545000	       553	80001230	0376c063	blt	x13,x23,80001250	 x13:0x00000708 x23:0x00000000
        5555000	       554	80001234	fca26e93	ori	x29,x4,-54	  x4:0x4f0a415c x29=0xffffffde
        5565000	       555	80001238	7355bf13	sltiu	x30,x11,1845	 x11:0x80009fc4 x30=0x00000000
        5575000	       556	8000123c	014236b3	sltu	x13,x4,x20	  x4:0x4f0a415c x20:0x7fff6225 x13=0x00000001
        5585000	       557	80001240	19d0ff17	auipc	x30,0x19d0f	 x30=0x99d1023c
        5595000	       558	80001244	00000013	addi	x0,x0,0	  x0:0x00000000
        5605000	       559	80001248	14dc7913	andi	x18,x24,333	 x24:0x00000001 x18=0x00000001
        5615000	       560	8000124c	01cf7933	and	x18,x30,x28	 x30:0x99d1023c x28:0x00000364 x18=0x00000224
        5625000	       561	80001250	04400aef	jal	x21,80001250	 x21=0x80001250
        5635000	       562	00000000	00000013	addi	x0,x0,0	  x0:0x00000000
        5645000	       563	80001290	00000013	addi	x0,x0,0	  x0:0x00000000
        5655000	       564	80001294	29b4e913	ori	x18,x9,667	  x9:0x00000001 x18=0x0000029b
        5665000	       565	80001298	ff038393	addi	x7,x7,-16	  x7:0x80009f68  x7=0x80009f58
        5675000	       566	8000129c	40048d33	sub	x26,x9,x0	  x9:0x00000001  x0:0x00000000 x26=0x00000001
        5685000	       567	800012a0	01197733	and	x14,x18,x17	 x18:0x0000029b x17:0x0000000e x14=0x0000000a
        5695000	       568	800012a4	57bf0613	addi	x12,x30,1403	 x30:0x99d1023c x12=0x99d107b7
        5705000	       569	800012a8	40a9d433	sra	x8,x19,x10	 x19:0xcbab5fd4 x10:0x00000707  x8=0xff9756bf
        5715000	       570	800012ac	0153a223	sw	x21,4(x7)	  x7:0x80009f58 x21:0x80001250 PA:0x80009f5c
        5725000	       571	800012b0	33acc213	xori	x4,x25,826	 x25:0x9a31c000  x4=0x9a31c33a
        5735000	       572	800012b4	00007417	auipc	x8,0x7	  x8=0x800082b0
        5745000	       573	800012b8	4ad40413	addi	x8,x8,1197	  x8:0x800082b0  x8=0x8000875d
        5755000	       574	800012bc	bde44d03	lbu	x26,-1058(x8)	  x8:0x8000875d x26=0x000000f0 PA:0x8000833b
        5765000	       575	800012c0	00b21f13	slli	x30,x4,0xb	  x4:0x9a31c33a x30=0x8e19d000
        5775000	       576	800012c4	bde44983	lbu	x19,-1058(x8)	  x8:0x8000875d x19=0x000000f0 PA:0x8000833b
        5785000	       577	800012c8	da240303	lb	x6,-606(x8)	  x8:0x8000875d  x6=0xffffffb4 PA:0x800084ff
        5795000	       578	800012cc	cf15a213	slti	x4,x11,-783	 x11:0x80009fc4  x4=0x00000001
        5805000	       579	800012d0	da240a83	lb	x21,-606(x8)	  x8:0x8000875d x21=0xffffffb4 PA:0x800084ff
        5815000	       580	800012d4	da240f03	lb	x30,-606(x8)	  x8:0x8000875d x30=0xffffffb4 PA:0x800084ff
        5825000	       581	800012d8	da244a03	lbu	x20,-606(x8)	  x8:0x8000875d x20=0x000000b4 PA:0x800084ff
        5835000	       582	800012dc	c8240923	sb	x2,-878(x8)	  x8:0x8000875d  x2:0xffffffee PA:0x800083ef
        5845000	       583	800012e0	c9d40923	sb	x29,-878(x8)	  x8:0x8000875d x29:0xffffffde PA:0x800083ef
        5855000	       584	800012e4	76980a93	addi	x21,x16,1897	 x16:0xffcbab5f x21=0xffcbb2c8
        5865000	       585	800012e8	c9244003	lbu	x0,-878(x8)	  x8:0x8000875d PA:0x800083ef
        5875000	       586	800012ec	c9244703	lbu	x14,-878(x8)	  x8:0x8000875d x14=0x000000de PA:0x800083ef
        5885000	       587	800012f0	c9244203	lbu	x4,-878(x8)	  x8:0x8000875d  x4=0x000000de PA:0x800083ef
        5895000	       588	800012f4	c9f40923	sb	x31,-878(x8)	  x8:0x8000875d x31:0xcbab5be1 PA:0x800083ef
        5905000	       589	800012f8	ad945483	lhu	x9,-1319(x8)	  x8:0x8000875d  x9=0x0000eced PA:0x80008236
        5915000	       590	800012fc	ad944083	lbu	x1,-1319(x8)	  x8:0x8000875d  x1=0x000000ed PA:0x80008236
        5925000	       591	00000000	00000013	addi	x0,x0,0	  x0:0x00000000
        5935000	       592	80001300	00008917	auipc	x18,0x8	 x18=0x800092fc
        5945000	       593	80001304	80090913	addi	x18,x18,-2048	 x18:0x800092fc x18=0x80008afc
        5955000	       594	80001308	00b902a3	sb	x11,5(x18)	 x18:0x80008afc x11:0x80009fc4 PA:0x80008b01
        5965000	       595	8000130c	01b3da13	srli	x20,x7,0x1b	  x7:0x80009f58 x20=0x00000010
        5975000	       596	80001310	00593d33	sltu	x26,x18,x5	 x18:0x80008afc  x5:0x80003dd8 x26=0x00000000
        5985000	       597	80001314	00000013	addi	x0,x0,0	  x0:0x00000000
        5995000	       598	80001318	ff194703	lbu	x14,-15(x18)	 x18:0x80008afc x14=0x000000d6 PA:0x80008aed
        6005000	       599	8000131c	00194b03	lbu	x22,1(x18)	 x18:0x80008afc x22=0x000000e6 PA:0x80008afd
        6015000	       600	80001320	00194203	lbu	x4,1(x18)	 x18:0x80008afc  x4=0x000000e6 PA:0x80008afd
        6025000	       601	80001324	ffc91a03	lh	x20,-4(x18)	 x18:0x80008afc x20=0xffffe2e3 PA:0x80008af8
        6035000	       602	80001328	01c3db13	srli	x22,x7,0x1c	  x7:0x80009f58 x22=0x00000008
        6045000	       603	8000132c	00291683	lh	x13,2(x18)	 x18:0x80008afc x13=0xffffe4e5 PA:0x80008afe
        6055000	       604	80001330	ffe90683	lb	x13,-2(x18)	 x18:0x80008afc x13=0xffffffe1 PA:0x80008afa
        6065000	       605	80001334	ff794c83	lbu	x25,-9(x18)	 x18:0x80008afc x25=0x000000d8 PA:0x80008af3
        6075000	       606	80001338	01b2a533	slt	x10,x5,x27	  x5:0x80003dd8 x27:0x00013ed0 x10=0x00000001
        6085000	       607	8000133c	00492d03	lw	x26,4(x18)	 x18:0x80008afc x26=0xe8e9c4eb PA:0x80008b00
        6095000	       608	80001340	750e4993	xori	x19,x28,1872	 x28:0x00000364 x19=0x00000434
        6105000	       609	80001344	ff194d03	lbu	x26,-15(x18)	 x18:0x80008afc x26=0x000000d6 PA:0x80008aed
        6115000	       610	80001348	ffc90d83	lb	x27,-4(x18)	 x18:0x80008afc x27=0xffffffe3 PA:0x80008af8
        6125000	       611	8000134c	fe290f23	sb	x2,-2(x18)	 x18:0x80008afc  x2:0xffffffee PA:0x80008afa
        6135000	       612	80001350	ffc91f83	lh	x31,-4(x18)	 x18:0x80008afc x31=0xffffe2e3 PA:0x80008af8
        6145000	       613	80001354	00fde4b3	or	x9,x27,x15	 x27:0xffffffe3 x15:0x00000000  x9=0xffffffe3
        6155000	       614	80001358	01f90723	sb	x31,14(x18)	 x18:0x80008afc x31:0xffffe2e3 PA:0x80008b0a
        6165000	       615	8000135c	00590f03	lb	x30,5(x18)	 x18:0x80008afc x30=0xffffffc4 PA:0x80008b01
        6175000	       616	80001360	00590983	lb	x19,5(x18)	 x18:0x80008afc x19=0xffffffc4 PA:0x80008b01
        6185000	       617	80001364	00091323	sh	x0,6(x18)	 x18:0x80008afc  x0:0x00000000 PA:0x80008b02
        6195000	       618	80001368	41335213	srai	x4,x6,0x13	  x6:0xffffffb4  x4=0xffffffff
        6205000	       619	8000136c	01f901a3	sb	x31,3(x18)	 x18:0x80008afc x31:0xffffe2e3 PA:0x80008aff
        6215000	       620	80001370	ff290b83	lb	x23,-14(x18)	 x18:0x80008afc x23=0xffffffd5 PA:0x80008aee
        6225000	       621	80001374	00000013	addi	x0,x0,0	  x0:0x00000000
        6235000	       622	80001378	00c1a233	slt	x4,x3,x12	  x3:0x0000000c x12:0x99d107b7  x4=0x00000000
        6245000	       623	8000137c	00b4dd13	srli	x26,x9,0xb	  x9:0xffffffe3 x26=0x001fffff
        6255000	       624	80001380	4a57b713	sltiu	x14,x15,1189	 x15:0x00000000 x14=0x00000001
        6265000	       625	80001384	00000013	addi	x0,x0,0	  x0:0x00000000
        6275000	       626	80001388	ff390c03	lb	x24,-13(x18)	 x18:0x80008afc x24=0xffffffd4 PA:0x80008aef
        6285000	       627	8000138c	ff690fa3	sb	x22,-1(x18)	 x18:0x80008afc x22:0x00000008 PA:0x80008afb
        6295000	       628	80001390	01ec1a13	slli	x20,x24,0x1e	 x24:0xffffffd4 x20=0x00000000
        6305000	       629	80001394	00390803	lb	x16,3(x18)	 x18:0x80008afc x16=0xffffffe3 PA:0x80008aff
        6315000	       630	80001398	00008297	auipc	x5,0x8	  x5=0x80009394
        6325000	       631	8000139c	96128293	addi	x5,x5,-1695	  x5:0x80009394  x5=0x80008cf5
        6335000	       632	800013a0	cf729ca3	sh	x23,-775(x5)	  x5:0x80008cf5 x23:0xffffffd5 PA:0x800089ee
        6345000	       633	800013a4	ed684a93	xori	x21,x16,-298	 x16:0xffffffe3 x21=0x00000135
        6355000	       634	800013a8	0188aab3	slt	x21,x17,x24	 x17:0x0000000e x24:0xffffffd4 x21=0x00000000
        6365000	       635	800013ac	40375eb3	sra	x29,x14,x3	 x14:0x00000001  x3:0x0000000c x29=0x00000000
        6375000	       636	800013b0	fbb2a083	lw	x1,-69(x5)	  x5:0x80008cf5  x1=0x98999a9b PA:0x80008cb0
        6385000	       637	800013b4	df628083	lb	x1,-522(x5)	  x5:0x80008cf5  x1=0xffffffd0 PA:0x80008aeb
        6395000	       638	800013b8	0101f9b3	and	x19,x3,x16	  x3:0x0000000c x16:0xffffffe3 x19=0x00000000
        6405000	       639	800013bc	f3b2de03	lhu	x28,-197(x5)	  x5:0x80008cf5 x28=0x00001a1b PA:0x80008c30
        6415000	       640	800013c0	07d2ce03	lbu	x28,125(x5)	  x5:0x80008cf5 x28=0x00000059 PA:0x80008d72
        6425000	       641	800013c4	00000013	addi	x0,x0,0	  x0:0x00000000
        6435000	       642	800013c8	02daff37	lui	x30,0x2daf	 x30=0x02daf000
        6445000	       643	800013cc	e9b28203	lb	x4,-357(x5)	  x5:0x80008cf5  x4=0x0000007b PA:0x80008b90
        6455000	       644	800013d0	41f5dd93	srai	x27,x11,0x1f	 x11:0x80009fc4 x27=0xffffffff
        6465000	       645	800013d4	003f8633	add	x12,x31,x3	 x31:0xffffe2e3  x3:0x0000000c x12=0xffffe2ef
        6475000	       646	800013d8	00e95b13	srli	x22,x18,0xe	 x18:0x80008afc x22=0x00020002
        6485000	       647	800013dc	0c328f23	sb	x3,222(x5)	  x5:0x80008cf5  x3:0x0000000c PA:0x80008dd3
        6495000	       648	800013e0	2e8293a3	sh	x8,743(x5)	  x5:0x80008cf5  x8:0x8000875d PA:0x80008fdc
        6505000	       649	800013e4	17d2c483	lbu	x9,381(x5)	  x5:0x80008cf5  x9=0x00000059 PA:0x80008e72
        6515000	       650	800013e8	005f2eb3	slt	x29,x30,x5	 x30:0x02daf000  x5:0x80008cf5 x29=0x00000000
        6525000	       651	800013ec	f572c083	lbu	x1,-169(x5)	  x5:0x80008cf5  x1=0x00000037 PA:0x80008c4c
        6535000	       652	800013f0	fae2c803	lbu	x16,-82(x5)	  x5:0x80008cf5 x16=0x00000088 PA:0x80008ca3
        6545000	       653	800013f4	10329683	lh	x13,259(x5)	  x5:0x80008cf5 x13=0xffffe2e3 PA:0x80008df8
        6555000	       654	800013f8	11228103	lb	x2,274(x5)	  x5:0x80008cf5  x2=0xffffffec PA:0x80008e07
        6565000	       655	800013fc	01c03033	sltu	x0,x0,x28	  x0:0x00000000 x28:0x00000059
        6575000	       656	80001400	00f2d203	lhu	x4,15(x5)	  x5:0x80008cf5  x4=0x0000eeef PA:0x80008d04
        6585000	       657	80001404	01675d93	srli	x27,x14,0x16	 x14:0x00000001 x27=0x00000000
        6595000	       658	80001408	7d96a993	slti	x19,x13,2009	 x13:0xffffe2e3 x19=0x00000001
        6605000	       659	8000140c	02472697	auipc	x13,0x2472	 x13=0x82473408
        6615000	       660	80001410	4118deb3	sra	x29,x17,x17	 x17:0x0000000e x17:0x0000000e x29=0x00000000
        6625000	       661	80001414	01d4eeb3	or	x29,x9,x29	  x9:0x00000059 x29:0x00000000 x29=0x00000059
        6635000	       662	80001418	00e0a233	slt	x4,x1,x14	  x1:0x00000037 x14:0x00000001  x4=0x00000000
        6645000	       663	8000141c	1a028603	lb	x12,416(x5)	  x5:0x80008cf5 x12=0x0000007e PA:0x80008e95
        6655000	       664	00000000	00000013	addi	x0,x0,0	  x0:0x00000000
        6665000	       665	80001420	74c8aa93	slti	x21,x17,1868	 x17:0x0000000e x21=0x00000001
        6675000	       666	80001424	01f15913	srli	x18,x2,0x1f	  x2:0xffffffec x18=0x00000001
        6685000	       667	80001428	0130b9b3	sltu	x19,x1,x19	  x1:0x00000037 x19:0x00000001 x19=0x00000000
        6695000	       668	8000142c	c342c303	lbu	x6,-972(x5)	  x5:0x80008cf5  x6=0x00000012 PA:0x80008929
        6705000	       669	80001430	412d50b3	sra	x1,x26,x18	 x26:0x001fffff x18:0x00000001  x1=0x000fffff
        6715000	       670	80001434	01331f93	slli	x31,x6,0x13	  x6:0x00000012 x31=0x00900000
        6725000	       671	80001438	00b3af33	slt	x30,x7,x11	  x7:0x80009f58 x11:0x80009fc4 x30=0x00000001
        6735000	       672	8000143c	c8a28183	lb	x3,-886(x5)	  x5:0x80008cf5  x3=0x00000000 PA:0x8000897f
        6745000	       673	80001440	c002a3a3	sw	x0,-1017(x5)	  x5:0x80008cf5  x0:0x00000000 PA:0x800088fc
        6755000	       674	80001444	29b295a3	sh	x27,651(x5)	  x5:0x80008cf5 x27:0x00000000 PA:0x80008f80
        6765000	       675	80001448	00000013	addi	x0,x0,0	  x0:0x00000000
        6775000	       676	8000144c	b992c483	lbu	x9,-1127(x5)	  x5:0x80008cf5  x9=0x00000075 PA:0x8000888e
        6785000	       677	80001450	00008117	auipc	x2,0x8	  x2=0x8000944c
        6795000	       678	80001454	b5810113	addi	x2,x2,-1192	  x2:0x8000944c  x2=0x80008fa4
        6805000	       679	80001458	02710b03	lb	x22,39(x2)	  x2:0x80008fa4 x22=0xffffffb0 PA:0x80008fcb
        6815000	       680	00000000	00000013	addi	x0,x0,0	  x0:0x00000000
        6825000	       681	8000145c	036103a3	sb	x22,39(x2)	  x2:0x80008fa4 x22:0xffffffb0 PA:0x80008fcb
        6835000	       682	80001460	02710083	lb	x1,39(x2)	  x2:0x80008fa4  x1=0xffffffb0 PA:0x80008fcb
        6845000	       683	80001464	c6be2f93	slti	x31,x28,-917	 x28:0x00000059 x31=0x00000000
        6855000	       684	80001468	02714003	lbu	x0,39(x2)	  x2:0x80008fa4 PA:0x80008fcb
        6865000	       685	8000146c	02714803	lbu	x16,39(x2)	  x2:0x80008fa4 x16=0x000000b0 PA:0x80008fcb
        6875000	       686	80001470	013ebf33	sltu	x30,x29,x19	 x29:0x00000059 x19:0x00000000 x30=0x00000000
        6885000	       687	80001474	6e297c37	lui	x24,0x6e297	 x24=0x6e297000
        6895000	       688	80001478	02714803	lbu	x16,39(x2)	  x2:0x80008fa4 x16=0x000000b0 PA:0x80008fcb
        6905000	       689	8000147c	02710703	lb	x14,39(x2)	  x2:0x80008fa4 x14=0xffffffb0 PA:0x80008fcb
        6915000	       690	80001480	40ff8ab3	sub	x21,x31,x15	 x31:0x00000000 x15:0x00000000 x21=0x00000000
        6925000	       691	80001484	f7220ab7	lui	x21,0xf7220	 x21=0xf7220000
        6935000	       692	80001488	02714503	lbu	x10,39(x2)	  x2:0x80008fa4 x10=0x000000b0 PA:0x80008fcb
        6945000	       693	8000148c	02714703	lbu	x14,39(x2)	  x2:0x80008fa4 x14=0x000000b0 PA:0x80008fcb
        6955000	       694	80001490	02714283	lbu	x5,39(x2)	  x2:0x80008fa4  x5=0x000000b0 PA:0x80008fcb
        6965000	       695	80001494	02710483	lb	x9,39(x2)	  x2:0x80008fa4  x9=0xffffffb0 PA:0x80008fcb
        6975000	       696	80001498	02714a03	lbu	x20,39(x2)	  x2:0x80008fa4 x20=0x000000b0 PA:0x80008fcb
        6985000	       697	8000149c	0125beb3	sltu	x29,x11,x18	 x11:0x80009fc4 x18:0x00000001 x29=0x00000000
        6995000	       698	800014a0	02b103a3	sb	x11,39(x2)	  x2:0x80008fa4 x11:0x80009fc4 PA:0x80008fcb
        7005000	       699	800014a4	00007997	auipc	x19,0x7	 x19=0x800084a0
        7015000	       700	800014a8	3b098993	addi	x19,x19,944	 x19:0x800084a0 x19=0x80008850
        7025000	       701	800014ac	24398483	lb	x9,579(x19)	 x19:0x80008850  x9=0xffffffff PA:0x80008a93
        7035000	       702	800014b0	00aa0eb3	add	x29,x20,x10	 x20:0x000000b0 x10:0x000000b0 x29=0x00000160
        7045000	       703	800014b4	f0efc113	xori	x2,x31,-242	 x31:0x00000000  x2=0xffffff0e
        7055000	       704	800014b8	06398503	lb	x10,99(x19)	 x19:0x80008850 x10=0xffffff98 PA:0x800088b3
        7065000	       705	800014bc	33a98623	sb	x26,812(x19)	 x19:0x80008850 x26:0x001fffff PA:0x80008b7c
        7075000	       706	800014c0	3299a623	sw	x9,812(x19)	 x19:0x80008850  x9:0xffffffff PA:0x80008b7c
        7085000	       707	800014c4	32c98183	lb	x3,812(x19)	 x19:0x80008850  x3=0xffffffff PA:0x80008b7c
        7095000	       708	800014c8	79a985a3	sb	x26,1931(x19)	 x19:0x80008850 x26:0x001fffff PA:0x80008fdb
        7105000	       709	800014cc	50098a23	sb	x0,1300(x19)	 x19:0x80008850  x0:0x00000000 PA:0x80008d64
        7115000	       710	800014d0	51498d03	lb	x26,1300(x19)	 x19:0x80008850 x26=0x00000000 PA:0x80008d64
        7125000	       711	00000000	00000013	addi	x0,x0,0	  x0:0x00000000
        7135000	       712	800014d4	6fa5e293	ori	x5,x11,1786	 x11:0x80009fc4  x5=0x80009ffe
        7145000	       713	800014d8	00ed8e33	add	x28,x27,x14	 x27:0x00000000 x14:0x000000b0 x28=0x000000b0
        7155000	       714	800014dc	acfde937	lui	x18,0xacfde	 x18=0xacfde000
        7165000	       715	800014e0	72b98f83	lb	x31,1835(x19)	 x19:0x80008850 x31=0x00000060 PA:0x80008f7b
        7175000	       716	800014e4	2799c803	lbu	x16,633(x19)	 x19:0x80008850 x16=0x000000b2 PA:0x80008ac9
        7185000	       717	800014e8	2799c703	lbu	x14,633(x19)	 x19:0x80008850 x14=0x000000b2 PA:0x80008ac9
        7195000	       718	800014ec	00007117	auipc	x2,0x7	  x2=0x800084e8
        7205000	       719	800014f0	4da10113	addi	x2,x2,1242	  x2:0x800084e8  x2=0x800089c2
        7215000	       720	800014f4	00938733	add	x14,x7,x9	  x7:0x80009f58  x9:0xffffffff x14=0x80009f57
        7225000	       721	800014f8	01d0fcb3	and	x25,x1,x29	  x1:0xffffffb0 x29:0x00000160 x25=0x00000120
        7235000	       722	800014fc	0a4c4613	xori	x12,x24,164	 x24:0x6e297000 x12=0x6e2970a4
        7245000	       723	80001500	01e92eb3	slt	x29,x18,x30	 x18:0xacfde000 x30:0x00000000 x29=0x00000001
        7255000	       724	80001504	59dd0797	auipc	x15,0x59dd0	 x15=0xd9dd1500
        7265000	       725	80001508	ff010ea3	sb	x16,-3(x2)	  x2:0x800089c2 x16:0x000000b2 PA:0x800089bf
        7275000	       726	8000150c	009e71b3	and	x3,x28,x9	 x28:0x000000b0  x9:0xffffffff  x3=0x000000b0
        7285000	       727	80001510	34547917	auipc	x18,0x34547	 x18=0xb454850c
        7295000	       728	80001514	00e40cb3	add	x25,x8,x14	  x8:0x8000875d x14:0x80009f57 x25=0x000126b4
        7305000	       729	80001518	00114f83	lbu	x31,1(x2)	  x2:0x800089c2 x31=0x000000a8 PA:0x800089c3
        7315000	       730	8000151c	00000013	addi	x0,x0,0	  x0:0x00000000
        7325000	       731	80001520	41945333	sra	x6,x8,x25	  x8:0x8000875d x25:0x000126b4  x6=0xfffff800
        7335000	       732	80001524	ff711e23	sh	x23,-4(x2)	  x2:0x800089c2 x23:0xffffffd5 PA:0x800089be
        7345000	       733	80001528	01075233	srl	x4,x14,x16	 x14:0x80009f57 x16:0x000000b2  x4=0x00002000
        7355000	       734	8000152c	3f3a6993	ori	x19,x20,1011	 x20:0x000000b0 x19=0x000003f3
        7365000	       735	80001530	ff714c03	lbu	x24,-9(x2)	  x2:0x800089c2 x24=0x000000a2 PA:0x800089b9
        7375000	       736	80001534	004103a3	sb	x4,7(x2)	  x2:0x800089c2  x4:0x00002000 PA:0x800089c9
        7385000	       737	80001538	ffa15403	lhu	x8,-6(x2)	  x2:0x800089c2  x8=0x0000a6a7 PA:0x800089bc
        7395000	       738	8000153c	3c2c3f13	sltiu	x30,x24,962	 x24:0x000000a2 x30=0x00000001
        7405000	       739	80001540	ffc15c03	lhu	x24,-4(x2)	  x2:0x800089c2 x24=0x0000ffd5 PA:0x800089be
        7415000	       740	80001544	0daec197	auipc	x3,0xdaec	  x3=0x8daed540
        7425000	       741	80001548	ffc14b03	lbu	x22,-4(x2)	  x2:0x800089c2 x22=0x000000d5 PA:0x800089be
        7435000	       742	8000154c	ffd14403	lbu	x8,-3(x2)	  x2:0x800089c2  x8=0x000000ff PA:0x800089bf
        7445000	       743	80001550	a25a1ab7	lui	x21,0xa25a1	 x21=0xa25a1000
        7455000	       744	80001554	aaca3a13	sltiu	x20,x20,-1364	 x20:0x000000b0 x20=0x00000001
        7465000	       745	80001558	ff215c83	lhu	x25,-14(x2)	  x2:0x800089c2 x25=0x00009e9f PA:0x800089b4
        7475000	       746	8000155c	4168de33	sra	x28,x17,x22	 x17:0x0000000e x22:0x000000d5 x28=0x00000000
        7485000	       747	80001560	003ebd33	sltu	x26,x29,x3	 x29:0x00000001  x3:0x8daed540 x26=0x00000001
        7495000	       748	80001564	00910f83	lb	x31,9(x2)	  x2:0x800089c2 x31=0xffffffb0 PA:0x800089cb
        7505000	       749	00000000	00000013	addi	x0,x0,0	  x0:0x00000000
        7515000	       750	80001568	fff10ba3	sb	x31,-9(x2)	  x2:0x800089c2 x31:0xffffffb0 PA:0x800089b9
        7525000	       751	8000156c	40dd8833	sub	x16,x27,x13	 x27:0x00000000 x13:0x82473408 x16=0x7db8cbf8
        7535000	       752	80001570	96b33c93	sltiu	x25,x6,-1685	  x6:0xfffff800 x25=0x00000001
        7545000	       753	80001574	00c11c03	lh	x24,12(x2)	  x2:0x800089c2 x24=0xffffb4b5 PA:0x800089ce
        7555000	       754	80001578	00568233	add	x4,x13,x5	 x13:0x82473408  x5:0x80009ffe  x4=0x0247d406
        7565000	       755	8000157c	40ec3b93	sltiu	x23,x24,1038	 x24:0xffffb4b5 x23=0x00000000
        7575000	       756	80001580	00000013	addi	x0,x0,0	  x0:0x00000000
        7585000	       757	80001584	01211823	sh	x18,16(x2)	  x2:0x800089c2 x18:0xb454850c PA:0x800089d2
        7595000	       758	80001588	ff010e83	lb	x29,-16(x2)	  x2:0x800089c2 x29=0x00000000 PA:0x800089b2
        7605000	       759	8000158c	ffa14403	lbu	x8,-6(x2)	  x2:0x800089c2  x8=0x000000a7 PA:0x800089bc
        7615000	       760	80001590	41d209b3	sub	x19,x4,x29	  x4:0x0247d406 x29:0x00000000 x19=0x0247d406
        7625000	       761	80001594	ff310e23	sb	x19,-4(x2)	  x2:0x800089c2 x19:0x0247d406 PA:0x800089be
        7635000	       762	80001598	00067a33	and	x20,x12,x0	 x12:0x6e2970a4  x0:0x00000000 x20=0x00000000
        7645000	       763	8000159c	ff314683	lbu	x13,-13(x2)	  x2:0x800089c2 x13=0x0000009e PA:0x800089b5
        7655000	       764	800015a0	d164ea13	ori	x20,x9,-746	  x9:0xffffffff x20=0xffffffff
        7665000	       765	800015a4	019126b3	slt	x13,x2,x25	  x2:0x800089c2 x25:0x00000001 x13=0x00000001
        7675000	       766	800015a8	ff910683	lb	x13,-7(x2)	  x2:0x800089c2 x13=0xffffff94 PA:0x800089bb
        7685000	       767	800015ac	00007517	auipc	x10,0x7	 x10=0x800085a8
        7695000	       768	800015b0	52750513	addi	x10,x10,1319	 x10:0x800085a8 x10=0x80008acf
        7705000	       769	800015b4	00008a97	auipc	x21,0x8	 x21=0x800095b0
        7715000	       770	800015b8	8bca8a93	addi	x21,x21,-1860	 x21:0x800095b0 x21=0x80008e6c
        7725000	       771	800015bc	f49a8003	lb	x0,-183(x21)	 x21:0x80008e6c PA:0x80008db5
        7735000	       772	800015c0	01b54603	lbu	x12,27(x10)	 x10:0x80008acf x12=0x000000d1 PA:0x80008aea
        7745000	       773	800015c4	098a8ca3	sb	x24,153(x21)	 x21:0x80008e6c x24:0xffffb4b5 PA:0x80008f05
        7755000	       774	800015c8	fef50b83	lb	x23,-17(x10)	 x10:0x80008acf x23=0xffffffa5 PA:0x80008abe
        7765000	       775	800015cc	ffd54d03	lbu	x26,-3(x10)	 x10:0x80008acf x26=0x000000b7 PA:0x80008acc
        7775000	       776	800015d0	044a9483	lh	x9,68(x21)	 x21:0x80008e6c  x9=0xffff9a9b PA:0x80008eb0
        7785000	       777	800015d4	fe3a8e03	lb	x28,-29(x21)	 x21:0x80008e6c x28=0x00000034 PA:0x80008e4f
        7795000	       778	800015d8	0eba8ca3	sb	x11,249(x21)	 x21:0x80008e6c x11:0x80009fc4 PA:0x80008f65
        7805000	       779	800015dc	fd450c03	lb	x24,-44(x10)	 x10:0x80008acf x24=0xffffff88 PA:0x80008aa3
        7815000	       780	800015e0	080a8223	sb	x0,132(x21)	 x21:0x80008e6c  x0:0x00000000 PA:0x80008ef0
        7825000	       781	800015e4	fdf526a3	sw	x31,-51(x10)	 x10:0x80008acf x31:0xffffffb0 PA:0x80008a9c
        7835000	       782	800015e8	02d51d03	lh	x26,45(x10)	 x10:0x80008acf x26=0xffffe6e7 PA:0x80008afc
        7845000	       783	800015ec	fc8a8903	lb	x18,-56(x21)	 x21:0x80008e6c x18=0x0000001f PA:0x80008e34
        7855000	       784	800015f0	002a9f03	lh	x30,2(x21)	 x21:0x80008e6c x30=0x00005455 PA:0x80008e6e
        7865000	       785	800015f4	fcb50183	lb	x3,-53(x10)	 x10:0x80008acf  x3=0xffffff81 PA:0x80008a9a
        7875000	       786	800015f8	fb9a8da3	sb	x25,-69(x21)	 x21:0x80008e6c x25:0x00000001 PA:0x80008e27
        7885000	       787	800015fc	00008d97	auipc	x27,0x8	 x27=0x800095f8
        7895000	       788	80001600	9ecd8d93	addi	x27,x27,-1556	 x27:0x800095f8 x27=0x80008fe4
        7905000	       789	80001604	00008a97	auipc	x21,0x8	 x21=0x80009600
        7915000	       790	80001608	832a8a93	addi	x21,x21,-1998	 x21:0x80009600 x21=0x80008e32
        7925000	       791	8000160c	00007f17	auipc	x30,0x7	 x30=0x80008608
        7935000	       792	80001610	32df0f13	addi	x30,x30,813	 x30:0x80008608 x30=0x80008935
        7945000	       793	80001614	017f06a3	sb	x23,13(x30)	 x30:0x80008935 x23:0xffffffa5 PA:0x80008942
        7955000	       794	80001618	00007297	auipc	x5,0x7	  x5=0x80008614
        7965000	       795	8000161c	46228293	addi	x5,x5,1122	  x5:0x80008614  x5=0x80008a76
        7975000	       796	80001620	f04d9003	lh	x0,-252(x27)	 x27:0x80008fe4 PA:0x80008ee8
        7985000	       797	80001624	00007717	auipc	x14,0x7	 x14=0x80008620
        7995000	       798	80001628	58f70713	addi	x14,x14,1423	 x14:0x80008620 x14=0x80008baf
        8005000	       799	8000162c	003a8003	lb	x0,3(x21)	 x21:0x80008e32 PA:0x80008e35
        8015000	       800	80001630	01f285a3	sb	x31,11(x5)	  x5:0x80008a76 x31:0xffffffb0 PA:0x80008a81
        8025000	       801	80001634	ffca9c23	sh	x28,-8(x21)	 x21:0x80008e32 x28:0x00000034 PA:0x80008e2a
        8035000	       802	80001638	230726a3	sw	x16,557(x14)	 x14:0x80008baf x16:0x7db8cbf8 PA:0x80008ddc
        8045000	       803	8000163c	f15d9d23	sh	x21,-230(x27)	 x27:0x80008fe4 x21:0x80008e32 PA:0x80008efe
        8055000	       804	80001640	018282a3	sb	x24,5(x5)	  x5:0x80008a76 x24:0xffffff88 PA:0x80008a7b
        8065000	       805	80001644	00429503	lh	x10,4(x5)	  x5:0x80008a76 x10=0xffff8861 PA:0x80008a7a
        8075000	       806	80001648	f5bdc303	lbu	x6,-165(x27)	 x27:0x80008fe4  x6=0x00000024 PA:0x80008f3f
        8085000	       807	8000164c	19674683	lbu	x13,406(x14)	 x14:0x80008baf x13=0x0000002e PA:0x80008d45
        8095000	       808	80001650	01aa80a3	sb	x26,1(x21)	 x21:0x80008e32 x26:0xffffe6e7 PA:0x80008e33
        8105000	       809	80001654	fafd86a3	sb	x15,-83(x27)	 x27:0x80008fe4 x15:0xd9dd1500 PA:0x80008f91
        8115000	       810	80001658	f8474803	lbu	x16,-124(x14)	 x14:0x80008baf x16=0x00000018 PA:0x80008b33
        8125000	       811	8000165c	007ac303	lbu	x6,7(x21)	 x21:0x80008e32  x6=0x00000022 PA:0x80008e39
        8135000	       812	80001660	ff0ade83	lhu	x29,-16(x21)	 x21:0x80008e32 x29=0x00000809 PA:0x80008e22
        8145000	       813	80001664	f15d8523	sb	x21,-246(x27)	 x27:0x80008fe4 x21:0x80008e32 PA:0x80008eee
        8155000	       814	80001668	00e2dc03	lhu	x24,14(x5)	  x5:0x80008a76 x24=0x00006e6f PA:0x80008a84
        8165000	       815	8000166c	35f75a03	lhu	x20,863(x14)	 x14:0x80008baf x20=0x0000f4f5 PA:0x80008f0e
        8175000	       816	80001670	ff5acc03	lbu	x24,-11(x21)	 x21:0x80008e32 x24=0x00000001 PA:0x80008e27
        8185000	       817	80001674	ff3a8183	lb	x3,-13(x21)	 x21:0x80008e32  x3=0x0000000e PA:0x80008e25
        8195000	       818	80001678	ff2aa503	lw	x10,-14(x21)	 x21:0x80008e32 x10=0x010d0e0f PA:0x80008e24
        8205000	       819	8000167c	fddda023	sw	x29,-64(x27)	 x27:0x80008fe4 x29:0x00000809 PA:0x80008fa4
        8215000	       820	80001680	03af0623	sb	x26,44(x30)	 x30:0x80008935 x26:0xffffe6e7 PA:0x80008961
        8225000	       821	80001684	01f284a3	sb	x31,9(x5)	  x5:0x80008a76 x31:0xffffffb0 PA:0x80008a7f
        8235000	       822	80001688	ffef03a3	sb	x30,-25(x30)	 x30:0x80008935 x30:0x80008935 PA:0x8000891c
        8245000	       823	8000168c	f52d8b23	sb	x18,-170(x27)	 x27:0x80008fe4 x18:0x0000001f PA:0x80008f3a
        8255000	       824	80001690	016281a3	sb	x22,3(x5)	  x5:0x80008a76 x22:0x000000d5 PA:0x80008a79
        8265000	       825	80001694	ff429b23	sh	x20,-10(x5)	  x5:0x80008a76 x20:0x0000f4f5 PA:0x80008a6c
        8275000	       826	80001698	ff6f18a3	sh	x22,-15(x30)	 x30:0x80008935 x22:0x000000d5 PA:0x80008926
        8285000	       827	8000169c	feb28c23	sb	x11,-8(x5)	  x5:0x80008a76 x11:0x80009fc4 PA:0x80008a6e
        8295000	       828	800016a0	013f2203	lw	x4,19(x30)	 x30:0x80008935  x4=0x30313233 PA:0x80008948
        8305000	       829	800016a4	10d72083	lw	x1,269(x14)	 x14:0x80008baf  x1=0xa4a5a6a7 PA:0x80008cbc
        8315000	       830	800016a8	ff328d03	lb	x26,-13(x5)	  x5:0x80008a76 x26=0x00000052 PA:0x80008a69
        8325000	       831	800016ac	ffba8803	lb	x16,-5(x21)	 x21:0x80008e32 x16=0x00000016 PA:0x80008e2d
        8335000	       832	800016b0	f5cda003	lw	x0,-164(x27)	 x27:0x80008fe4 PA:0x80008f40
        8345000	       833	800016b4	fa870723	sb	x8,-82(x14)	 x14:0x80008baf  x8:0x000000a7 PA:0x80008b5d
        8355000	       834	800016b8	037f11a3	sh	x23,35(x30)	 x30:0x80008935 x23:0xffffffa5 PA:0x80008958
        8365000	       835	800016bc	ff328683	lb	x13,-13(x5)	  x5:0x80008a76 x13=0x00000052 PA:0x80008a69
        8375000	       836	800016c0	fdcda683	lw	x13,-36(x27)	 x27:0x80008fe4 x13=0xa8a9aaab PA:0x80008fc0
        8385000	       837	800016c4	00007e17	auipc	x28,0x7	 x28=0x800086c0
        8395000	       838	800016c8	0dee0e13	addi	x28,x28,222	 x28:0x800086c0 x28=0x8000879e
        8405000	       839	800016cc	00007717	auipc	x14,0x7	 x14=0x800086c8
        8415000	       840	800016d0	c7370713	addi	x14,x14,-909	 x14:0x800086c8 x14=0x8000833b
        8425000	       841	800016d4	00007c17	auipc	x24,0x7	 x24=0x800086d0
        8435000	       842	800016d8	dd6c0c13	addi	x24,x24,-554	 x24:0x800086d0 x24=0x800084a6
        8445000	       843	800016dc	00ee00a3	sb	x14,1(x28)	 x28:0x8000879e x14:0x8000833b PA:0x8000879f
        8455000	       844	800016e0	00007317	auipc	x6,0x7	  x6=0x800086dc
        8465000	       845	800016e4	bcc30313	addi	x6,x6,-1076	  x6:0x800086dc  x6=0x800082a8
        8475000	       846	800016e8	009e0523	sb	x9,10(x28)	 x28:0x8000879e  x9:0xffff9a9b PA:0x800087a8
        8485000	       847	800016ec	00007e97	auipc	x29,0x7	 x29=0x800086e8
        8495000	       848	800016f0	0d4e8e93	addi	x29,x29,212	 x29:0x800086e8 x29=0x800087bc
        8505000	       849	800016f4	00ee9183	lh	x3,14(x29)	 x29:0x800087bc  x3=0xffff8081 PA:0x800087ca
        8515000	       850	800016f8	ff8e4183	lbu	x3,-8(x28)	 x28:0x8000879e  x3=0x0000004d PA:0x80008796
        8525000	       851	800016fc	00d70623	sb	x13,12(x14)	 x14:0x8000833b x13:0xa8a9aaab PA:0x80008347
        8535000	       852	80001700	00ae1503	lh	x10,10(x28)	 x28:0x8000879e x10=0x0000629b PA:0x800087a8
        8545000	       853	80001704	f4dc4603	lbu	x12,-179(x24)	 x24:0x800084a6 x12=0x000000a8 PA:0x800083f3
        8555000	       854	80001708	fcee9a23	sh	x14,-44(x29)	 x29:0x800087bc x14:0x8000833b PA:0x80008790
        8565000	       855	8000170c	f30c00a3	sb	x16,-223(x24)	 x24:0x800084a6 x16:0x00000016 PA:0x800083c7
        8575000	       856	80001710	f5f30183	lb	x3,-161(x6)	  x6:0x800082a8  x3=0xffffffbc PA:0x80008207
        8585000	       857	80001714	00270903	lb	x18,2(x14)	 x14:0x8000833b x18=0xfffffff6 PA:0x8000833d
        8595000	       858	80001718	017309a3	sb	x23,19(x6)	  x6:0x800082a8 x23:0xffffffa5 PA:0x800082bb
        8605000	       859	8000171c	f4530da3	sb	x5,-165(x6)	  x6:0x800082a8  x5:0x80008a76 PA:0x80008203
        8615000	       860	80001720	005e4183	lbu	x3,5(x28)	 x28:0x8000879e  x3=0x00000058 PA:0x800087a3
        8625000	       861	80001724	ff370d83	lb	x27,-13(x14)	 x14:0x8000833b x27=0xffffffe5 PA:0x8000832e
        8635000	       862	80001728	03e30123	sb	x30,34(x6)	  x6:0x800082a8 x30:0x80008935 PA:0x800082ca
        8645000	       863	8000172c	fd3e8b83	lb	x23,-45(x29)	 x29:0x800087bc x23=0x00000044 PA:0x8000878f
        8655000	       864	80001730	feee1f23	sh	x14,-2(x28)	 x28:0x8000879e x14:0x8000833b PA:0x8000879c
        8665000	       865	80001734	ff972203	lw	x4,-7(x14)	 x14:0x8000833b  x4=0xecedeeef PA:0x80008334
        8675000	       866	00000000	00000013	addi	x0,x0,0	  x0:0x00000000
        8685000	       867	80001738	0e4c5903	lhu	x18,228(x24)	 x24:0x800084a6 x18=0x00004041 PA:0x8000858a
        8695000	       868	8000173c	00874983	lbu	x19,8(x14)	 x14:0x8000833b x19=0x000000f8 PA:0x80008343
        8705000	       869	80001740	00370223	sb	x3,4(x14)	 x14:0x8000833b  x3:0x00000058 PA:0x8000833f
        8715000	       870	80001744	01670323	sb	x22,6(x14)	 x14:0x8000833b x22:0x000000d5 PA:0x80008341
        8725000	       871	80001748	03ac2083	lw	x1,58(x24)	 x24:0x800084a6  x1=0x98999a9b PA:0x800084e0
        8735000	       872	8000174c	086c0503	lb	x10,134(x24)	 x24:0x800084a6 x10=0xffffffe7 PA:0x8000852c
        8745000	       873	80001750	fa134b03	lbu	x22,-95(x6)	  x6:0x800082a8 x22=0x00000002 PA:0x80008249
        8755000	       874	80001754	f02e81a3	sb	x2,-253(x29)	 x29:0x800087bc  x2:0x800089c2 PA:0x800086bf
        8765000	       875	80001758	011ec783	lbu	x15,17(x29)	 x29:0x800087bc x15=0x00000086 PA:0x800087cd
        8775000	       876	8000175c	fe7e09a3	sb	x7,-13(x28)	 x28:0x8000879e  x7:0x80009f58 PA:0x80008791
        8785000	       877	80001760	ff530b03	lb	x22,-11(x6)	  x6:0x800082a8 x22=0x00000056 PA:0x8000829d
        8795000	       878	80001764	0a331423	sh	x3,168(x6)	  x6:0x800082a8  x3:0x00000058 PA:0x80008350
        8805000	       879	80001768	006711a3	sh	x6,3(x14)	 x14:0x8000833b  x6:0x800082a8 PA:0x8000833e
        8815000	       880	8000176c	ff9e0923	sb	x25,-14(x28)	 x28:0x8000879e x25:0x00000001 PA:0x80008790
        8825000	       881	80001770	05e30223	sb	x30,68(x6)	  x6:0x800082a8 x30:0x80008935 PA:0x800082ec
        8835000	       882	80001774	050e9d83	lh	x27,80(x29)	 x29:0x800087bc x27=0xffffc6c7 PA:0x8000880c
        8845000	       883	80001778	ff571b83	lh	x23,-11(x14)	 x14:0x8000833b x23=0xffffeaeb PA:0x80008330
        8855000	       884	8000177c	00007117	auipc	x2,0x7	  x2=0x80008778
        8865000	       885	80001780	50410113	addi	x2,x2,1284	  x2:0x80008778  x2=0x80008c7c
        8875000	       886	80001784	2ed11223	sh	x13,740(x2)	  x2:0x80008c7c x13:0xa8a9aaab PA:0x80008f60
        8885000	       887	80001788	00ae5cb3	srl	x25,x28,x10	 x28:0x8000879e x10:0xffffffe7 x25=0x0100010f
        8895000	       888	8000178c	e8010b83	lb	x23,-384(x2)	  x2:0x80008c7c x23=0xffffffe7 PA:0x80008afc
        8905000	       889	80001790	01af0f33	add	x30,x30,x26	 x30:0x80008935 x26:0x00000052 x30=0x80008987
        8915000	       890	80001794	25a15d03	lhu	x26,602(x2)	  x2:0x80008c7c x26=0x0000bcbd PA:0x80008ed6
        8925000	       891	80001798	1bd10703	lb	x14,445(x2)	  x2:0x80008c7c x14=0x00000022 PA:0x80008e39
        8935000	       892	8000179c	2b810b03	lb	x22,696(x2)	  x2:0x80008c7c x22=0x0000001f PA:0x80008f34
        8945000	       893	800017a0	10410da3	sb	x4,283(x2)	  x2:0x80008c7c  x4:0xecedeeef PA:0x80008d97
        8955000	       894	800017a4	00000013	addi	x0,x0,0	  x0:0x00000000
        8965000	       895	800017a8	ce214d83	lbu	x27,-798(x2)	  x2:0x80008c7c x27=0x00000045 PA:0x8000895e
        8975000	       896	800017ac	00af2d33	slt	x26,x30,x10	 x30:0x80008987 x10:0xffffffe7 x26=0x00000001
        8985000	       897	800017b0	21714603	lbu	x12,535(x2)	  x2:0x80008c7c x12=0x00000078 PA:0x80008e93
        8995000	       898	800017b4	e0a10da3	sb	x10,-485(x2)	  x2:0x80008c7c x10:0xffffffe7 PA:0x80008a97
        9005000	       899	800017b8	33a15183	lhu	x3,826(x2)	  x2:0x80008c7c  x3=0x00009c9d PA:0x80008fb6
        9015000	       900	800017bc	4087d413	srai	x8,x15,0x8	 x15:0x00000086  x8=0x00000000
        9025000	       901	800017c0	e5810da3	sb	x24,-421(x2)	  x2:0x80008c7c x24:0x800084a6 PA:0x80008ad7
        9035000	       902	800017c4	faa10c03	lb	x24,-86(x2)	  x2:0x80008c7c x24=0x0000000d PA:0x80008c26
        9045000	       903	800017c8	30714183	lbu	x3,775(x2)	  x2:0x80008c7c  x3=0x00000068 PA:0x80008f83
        9055000	       904	800017cc	d34108a3	sb	x20,-719(x2)	  x2:0x80008c7c x20:0x0000f4f5 PA:0x800089ad
        9065000	       905	800017d0	0035db93	srli	x23,x11,0x3	 x11:0x80009fc4 x23=0x100013f8
        9075000	       906	800017d4	01703a33	sltu	x20,x0,x23	  x0:0x00000000 x23:0x100013f8 x20=0x00000001
        9085000	       907	800017d8	34414903	lbu	x18,836(x2)	  x2:0x80008c7c x18=0x000000ab PA:0x80008fc0
        9095000	       908	800017dc	004b1493	slli	x9,x22,0x4	 x22:0x0000001f  x9=0x000001f0
        9105000	       909	800017e0	c1010fa3	sb	x16,-993(x2)	  x2:0x80008c7c x16:0x00000016 PA:0x8000889b
        9115000	       910	800017e4	4199d993	srai	x19,x19,0x19	 x19:0x000000f8 x19=0x00000000
        9125000	       911	800017e8	6e017e13	andi	x28,x2,1760	  x2:0x80008c7c x28=0x00000460
        9135000	       912	800017ec	8434fc93	andi	x25,x9,-1981	  x9:0x000001f0 x25=0x00000040
        9145000	       913	800017f0	950ece93	xori	x29,x29,-1712	 x29:0x800087bc x29=0x7fff7eec
        9155000	       914	800017f4	c4f14803	lbu	x16,-945(x2)	  x2:0x80008c7c x16=0x000000b0 PA:0x800088cb
        9165000	       915	800017f8	e0711123	sh	x7,-510(x2)	  x2:0x80008c7c  x7:0x80009f58 PA:0x80008a7e
        9175000	       916	800017fc	d9e105a3	sb	x30,-629(x2)	  x2:0x80008c7c x30:0x80008987 PA:0x80008a07
        9185000	       917	80001800	00cbea63	bltu	x23,x12,80001814	 x23:0x100013f8 x12:0x00000078
        9195000	       918	80001804	008bc1b3	xor	x3,x23,x8	 x23:0x100013f8  x8:0x00000000  x3=0x100013f8
        9205000	       919	80001808	f821d817	auipc	x16,0xf821d	 x16=0x7821e804
        9215000	       920	8000180c	d97c7a13	andi	x20,x24,-617	 x24:0x0000000d x20=0x00000005
        9225000	       921	80001810	01aa5493	srli	x9,x20,0x1a	 x20:0x00000005  x9=0x00000000
        9235000	       922	80001814	41b35933	sra	x18,x6,x27	  x6:0x800082a8 x27:0x00000045 x18=0xfc000415
        9245000	       923	80001818	001d7a63	bgeu	x26,x1,8000182c	 x26:0x00000001  x1:0x98999a9b
        9255000	       924	8000181c	41c3d4b3	sra	x9,x7,x28	  x7:0x80009f58 x28:0x00000460  x9=0x80009f58
        9265000	       925	80001820	41435613	srai	x12,x6,0x14	  x6:0x800082a8 x12=0xfffff800
        9275000	       926	80001824	55566713	ori	x14,x12,1365	 x12:0xfffff800 x14=0xfffffd55
        9285000	       927	80001828	01ec5913	srli	x18,x24,0x1e	 x24:0x0000000d x18=0x00000000
        9295000	       928	8000182c	00000013	addi	x0,x0,0	  x0:0x00000000
        9305000	       929	80001830	40570db3	sub	x27,x14,x5	 x14:0xfffffd55  x5:0x80008a76 x27=0x7fff72df
        9315000	       930	80001834	460c0337	lui	x6,0x460c0	  x6=0x460c0000
        9325000	       931	80001838	00aa9613	slli	x12,x21,0xa	 x21:0x80008e32 x12=0x0238c800
        9335000	       932	8000183c	003db533	sltu	x10,x27,x3	 x27:0x7fff72df  x3:0x100013f8 x10=0x00000000
        9345000	       933	80001840	012f5f13	srli	x30,x30,0x12	 x30:0x80008987 x30=0x00002000
        9355000	       934	80001844	00afd663	bge	x31,x10,80001850	 x31:0xffffffb0 x10:0x00000000
        9365000	       935	80001848	5cee09b7	lui	x19,0x5cee0	 x19=0x5cee0000
        9375000	       936	8000184c	4130d813	srai	x16,x1,0x13	  x1:0x98999a9b x16=0xfffff313
        9385000	       937	80001850	024f0263	beq	x30,x4,80001874	 x30:0x00002000  x4:0xecedeeef
        9395000	       938	80001854	01315993	srli	x19,x2,0x13	  x2:0x80008c7c x19=0x00001000
        9405000	       939	80001858	0194f9b3	and	x19,x9,x25	  x9:0x80009f58 x25:0x00000040 x19=0x00000040
        9415000	       940	8000185c	9d74e693	ori	x13,x9,-1577	  x9:0x80009f58 x13=0xffffffdf
        9425000	       941	80001860	01f986b3	add	x13,x19,x31	 x19:0x00000040 x31:0xffffffb0 x13=0xfffffff0
        9435000	       942	80001864	caaab793	sltiu	x15,x21,-854	 x21:0x80008e32 x15=0x00000001
        9445000	       943	80001868	6b27e113	ori	x2,x15,1714	 x15:0x00000001  x2=0x000006b3
        9455000	       944	8000186c	03d67263	bgeu	x12,x29,80001890	 x12:0x0238c800 x29:0x7fff7eec
        9465000	       945	80001870	afcde413	ori	x8,x27,-1284	 x27:0x7fff72df  x8=0xfffffaff
        9475000	       946	80001874	01bb8263	beq	x23,x27,80001878	 x23:0x100013f8 x27:0x7fff72df
        9485000	       947	80001878	ac813713	sltiu	x14,x2,-1336	  x2:0x000006b3 x14=0x00000001
        9495000	       948	8000187c	00d48c63	beq	x9,x13,80001894	  x9:0x80009f58 x13:0xfffffff0
        9505000	       949	80001880	af588e13	addi	x28,x17,-1291	 x17:0x0000000e x28=0xfffffb03
        9515000	       950	80001884	4100d633	sra	x12,x1,x16	  x1:0x98999a9b x16:0xfffff313 x12=0xfffff313
        9525000	       951	80001888	41115b13	srai	x22,x2,0x11	  x2:0x000006b3 x22=0x00000000
        9535000	       952	8000188c	3a1b0a93	addi	x21,x22,929	 x22:0x00000000 x21=0x000003a1
        9545000	       953	80001890	8ed8e913	ori	x18,x17,-1811	 x17:0x0000000e x18=0xfffff8ef
        9555000	       954	80001894	031dca63	blt	x27,x17,800018c8	 x27:0x7fff72df x17:0x0000000e
        9565000	       955	80001898	40718d33	sub	x26,x3,x7	  x3:0x100013f8  x7:0x80009f58 x26=0x8fff74a0
        9575000	       956	8000189c	00522733	slt	x14,x4,x5	  x4:0xecedeeef  x5:0x80008a76 x14=0x00000000
        9585000	       957	800018a0	01f3b633	sltu	x12,x7,x31	  x7:0x80009f58 x31:0xffffffb0 x12=0x00000001
        9595000	       958	800018a4	01b1d663	bge	x3,x27,800018b0	  x3:0x100013f8 x27:0x7fff72df
        9605000	       959	800018a8	00d61c63	bne	x12,x13,800018c0	 x12:0x00000001 x13:0xfffffff0
        9615000	       960	00000000	00000013	addi	x0,x0,0	  x0:0x00000000
        9625000	       961	800018bc	00000013	addi	x0,x0,0	  x0:0x00000000
        9635000	       962	800018c0	025d4a63	blt	x26,x5,800018f4	 x26:0x8fff74a0  x5:0x80008a76
        9645000	       963	800018c4	01ac69b3	or	x19,x24,x26	 x24:0x0000000d x26:0x8fff74a0 x19=0x8fff74ad
        9655000	       964	800018c8	011d6fb3	or	x31,x26,x17	 x26:0x8fff74a0 x17:0x0000000e x31=0x8fff74ae
        9665000	       965	800018cc	499eee93	ori	x29,x29,1177	 x29:0x7fff7eec x29=0x7fff7efd
        9675000	       966	800018d0	54f53213	sltiu	x4,x10,1359	 x10:0x00000000  x4=0x00000001
        9685000	       967	800018d4	00f8c2b3	xor	x5,x17,x15	 x17:0x0000000e x15:0x00000001  x5=0x0000000f
        9695000	       968	800018d8	00e61833	sll	x16,x12,x14	 x12:0x00000001 x14:0x00000000 x16=0x00000001
        9705000	       969	800018dc	410a8bb3	sub	x23,x21,x16	 x21:0x000003a1 x16:0x00000001 x23=0x000003a0
        9715000	       970	800018e0	41db5e93	srai	x29,x22,0x1d	 x22:0x00000000 x29=0x00000000
        9725000	       971	800018e4	01b23e33	sltu	x28,x4,x27	  x4:0x00000001 x27:0x7fff72df x28=0x00000001
        9735000	       972	800018e8	012d9833	sll	x16,x27,x18	 x27:0x7fff72df x18:0xfffff8ef x16=0xb96f8000
        9745000	       973	800018ec	7e460db7	lui	x27,0x7e460	 x27=0x7e460000
        9755000	       974	800018f0	a76c4fb7	lui	x31,0xa76c4	 x31=0xa76c4000
        9765000	       975	800018f4	01fa4e63	blt	x20,x31,80001910	 x20:0x00000005 x31:0xa76c4000
        9775000	       976	800018f8	00000013	addi	x0,x0,0	  x0:0x00000000
        9785000	       977	800018fc	02210663	beq	x2,x2,80001928	  x2:0x000006b3  x2:0x000006b3
        9795000	       978	00000000	00000013	addi	x0,x0,0	  x0:0x00000000
        9805000	       979	80001924	00000013	addi	x0,x0,0	  x0:0x00000000
        9815000	       980	80001928	00000013	addi	x0,x0,0	  x0:0x00000000
        9825000	       981	8000192c	822ebc13	sltiu	x24,x29,-2014	 x29:0x00000000 x24=0x00000001
        9835000	       982	80001930	4009d413	srai	x8,x19,0x0	 x19:0x8fff74ad  x8=0x8fff74ad
        9845000	       983	80001934	41838eb3	sub	x29,x7,x24	  x7:0x80009f58 x24:0x00000001 x29=0x80009f57
        9855000	       984	80001938	18902d13	slti	x26,x0,393	  x0:0x00000000 x26=0x00000001
        9865000	       985	8000193c	05a77863	bgeu	x14,x26,8000198c	 x14:0x00000000 x26:0x00000001
        9875000	       986	80001940	008b9863	bne	x23,x8,80001950	 x23:0x000003a0  x8:0x8fff74ad
        9885000	       987	00000000	00000013	addi	x0,x0,0	  x0:0x00000000
        9895000	       988	8000194c	00000013	addi	x0,x0,0	  x0:0x00000000
        9905000	       989	80001950	00704ab3	xor	x21,x0,x7	  x0:0x00000000  x7:0x80009f58 x21=0x80009f58
        9915000	       990	80001954	019c5a33	srl	x20,x24,x25	 x24:0x00000001 x25:0x00000040 x20=0x00000001
        9925000	       991	80001958	01c2b833	sltu	x16,x5,x28	  x5:0x0000000f x28:0x00000001 x16=0x00000000
        9935000	       992	8000195c	048d7797	auipc	x15,0x48d7	 x15=0x848d8958
        9945000	       993	80001960	c7b16113	ori	x2,x2,-901	  x2:0x000006b3  x2=0xfffffefb
        9955000	       994	80001964	019a1033	sll	x0,x20,x25	 x20:0x00000001 x25:0x00000040
        9965000	       995	80001968	0146ad33	slt	x26,x13,x20	 x13:0xfffffff0 x20:0x00000001 x26=0x00000001
        9975000	       996	8000196c	0a492913	slti	x18,x18,164	 x18:0xfffff8ef x18=0x00000001
        9985000	       997	80001970	d78b8e13	addi	x28,x23,-648	 x23:0x000003a0 x28=0x00000118
        9995000	       998	80001974	3c233093	sltiu	x1,x6,962	  x6:0x460c0000  x1=0x00000000
       10005000	       999	80001978	002ea033	slt	x0,x29,x2	 x29:0x80009f57  x2:0xfffffefb
       10015000	      1000	8000197c	019857b3	srl	x15,x16,x25	 x16:0x00000000 x25:0x00000040 x15=0x00000000
       10025000	      1001	80001980	052f9263	bne	x31,x18,800019c4	 x31:0xa76c4000 x18:0x00000001
       10035000	      1002	00000000	00000013	addi	x0,x0,0	  x0:0x00000000
       10045000	      1003	800019c0	00000013	addi	x0,x0,0	  x0:0x00000000
       10055000	      1004	800019c4	002f3133	sltu	x2,x30,x2	 x30:0x00002000  x2:0xfffffefb  x2=0x00000001
       10065000	      1005	800019c8	0197d113	srli	x2,x15,0x19	 x15:0x00000000  x2=0x00000000
       10075000	      1006	800019cc	6aadfe93	andi	x29,x27,1706	 x27:0x7e460000 x29=0x00000000
       10085000	      1007	800019d0	04ddc463	blt	x27,x13,80001a18	 x27:0x7e460000 x13:0xfffffff0
       10095000	      1008	800019d4	01fe1a63	bne	x28,x31,800019e8	 x28:0x00000118 x31:0xa76c4000
       10105000	      1009	00000000	00000013	addi	x0,x0,0	  x0:0x00000000
       10115000	      1010	800019e4	00000013	addi	x0,x0,0	  x0:0x00000000
       10125000	      1011	800019e8	416cd313	srai	x6,x25,0x16	 x25:0x00000040  x6=0x00000000
       10135000	      1012	800019ec	40c40e33	sub	x28,x8,x12	  x8:0x8fff74ad x12:0x00000001 x28=0x8fff74ac
       10145000	      1013	800019f0	00243a33	sltu	x20,x8,x2	  x8:0x8fff74ad  x2:0x00000000 x20=0x00000000
       10155000	      1014	800019f4	01d556b3	srl	x13,x10,x29	 x10:0x00000000 x29:0x00000000 x13=0x00000000
       10165000	      1015	800019f8	01645b33	srl	x22,x8,x22	  x8:0x8fff74ad x22:0x00000000 x22=0x8fff74ad
       10175000	      1016	800019fc	41d45113	srai	x2,x8,0x1d	  x8:0x8fff74ad  x2=0xfffffffc
       10185000	      1017	80001a00	91703693	sltiu	x13,x0,-1769	  x0:0x00000000 x13=0x00000001
       10195000	      1018	80001a04	01388233	add	x4,x17,x19	 x17:0x0000000e x19:0x8fff74ad  x4=0x8fff74bb
       10205000	      1019	80001a08	03d85063	bge	x16,x29,80001a28	 x16:0x00000000 x29:0x00000000
       10215000	      1020	00000000	00000013	addi	x0,x0,0	  x0:0x00000000
       10225000	      1021	80001a24	00000013	addi	x0,x0,0	  x0:0x00000000
       10235000	      1022	80001a28	0140b533	sltu	x10,x1,x20	  x1:0x00000000 x20:0x00000000 x10=0x00000000
       10245000	      1023	80001a2c	20492f13	slti	x30,x18,516	 x18:0x00000001 x30=0x00000001
       10255000	      1024	80001a30	00000013	addi	x0,x0,0	  x0:0x00000000
       10265000	      1025	80001a34	0040ea33	or	x20,x1,x4	  x1:0x00000000  x4:0x8fff74bb x20=0x8fff74bb
       10275000	      1026	80001a38	29eb7413	andi	x8,x22,670	 x22:0x8fff74ad  x8=0x0000008c
       10285000	      1027	80001a3c	002ad863	bge	x21,x2,80001a4c	 x21:0x80009f58  x2:0xfffffffc
       10295000	      1028	80001a40	40485133	sra	x2,x16,x4	 x16:0x00000000  x4:0x8fff74bb  x2=0x00000000
       10305000	      1029	80001a44	007cfc63	bgeu	x25,x7,80001a5c	 x25:0x00000040  x7:0x80009f58
       10315000	      1030	80001a48	e6458513	addi	x10,x11,-412	 x11:0x80009fc4 x10=0x80009e28
       10325000	      1031	80001a4c	bda22313	slti	x6,x4,-1062	  x4:0x8fff74bb  x6=0x00000001
       10335000	      1032	80001a50	00000013	addi	x0,x0,0	  x0:0x00000000
       10345000	      1033	80001a54	00f1b7b3	sltu	x15,x3,x15	  x3:0x100013f8 x15:0x00000000 x15=0x00000000
       10355000	      1034	80001a58	7b4abb13	sltiu	x22,x21,1972	 x21:0x80009f58 x22=0x00000000
       10365000	      1035	80001a5c	0050e7b3	or	x15,x1,x5	  x1:0x00000000  x5:0x0000000f x15=0x0000000f
       10375000	      1036	80001a60	005d06b3	add	x13,x26,x5	 x26:0x00000001  x5:0x0000000f x13=0x00000010
       10385000	      1037	80001a64	05539663	bne	x7,x21,80001ab0	  x7:0x80009f58 x21:0x80009f58
       10395000	      1038	80001a68	40a7d493	srai	x9,x15,0xa	 x15:0x0000000f  x9=0x00000000
       10405000	      1039	80001a6c	0c848993	addi	x19,x9,200	  x9:0x00000000 x19=0x000000c8
       10415000	      1040	80001a70	0032a2b3	slt	x5,x5,x3	  x5:0x0000000f  x3:0x100013f8  x5=0x00000001
       10425000	      1041	80001a74	accc8d93	addi	x27,x25,-1332	 x25:0x00000040 x27=0xfffffb0c
       10435000	      1042	80001a78	00a28633	add	x12,x5,x10	  x5:0x00000001 x10:0x80009e28 x12=0x80009e29
       10445000	      1043	80001a7c	41555013	srai	x0,x10,0x15	 x10:0x80009e28
       10455000	      1044	80001a80	0031d663	bge	x3,x3,80001a8c	  x3:0x100013f8  x3:0x100013f8
       10465000	      1045	00000000	00000013	addi	x0,x0,0	  x0:0x00000000
       10475000	      1046	80001a88	00000013	addi	x0,x0,0	  x0:0x00000000
       10485000	      1047	80001a8c	0015d693	srli	x13,x11,0x1	 x11:0x80009fc4 x13=0x40004fe2
       10495000	      1048	80001a90	01567a63	bgeu	x12,x21,80001aa4	 x12:0x80009e29 x21:0x80009f58
       10505000	      1049	80001a94	401cde13	srai	x28,x25,0x1	 x25:0x00000040 x28=0x00000020
       10515000	      1050	80001a98	00b6aa33	slt	x20,x13,x11	 x13:0x40004fe2 x11:0x80009fc4 x20=0x00000000
       10525000	      1051	80001a9c	a4c6c613	xori	x12,x13,-1460	 x13:0x40004fe2 x12=0xbfffb5ae
       10535000	      1052	80001aa0	029f9263	bne	x31,x9,80001ac4	 x31:0xa76c4000  x9:0x00000000
       10545000	      1053	00000000	00000013	addi	x0,x0,0	  x0:0x00000000
       10555000	      1054	80001ac0	00000013	addi	x0,x0,0	  x0:0x00000000
       10565000	      1055	80001ac4	4f657313	andi	x6,x10,1270	 x10:0x80009e28  x6=0x00000420
       10575000	      1056	80001ac8	016d8733	add	x14,x27,x22	 x27:0xfffffb0c x22:0x00000000 x14=0xfffffb0c
       10585000	      1057	80001acc	040e0663	beq	x28,x0,80001b18	 x28:0x00000020  x0:0x00000000
       10595000	      1058	80001ad0	017417b3	sll	x15,x8,x23	  x8:0x0000008c x23:0x000003a0 x15=0x0000008c
       10605000	      1059	80001ad4	048d7793	andi	x15,x26,72	 x26:0x00000001 x15=0x00000000
       10615000	      1060	80001ad8	00783db3	sltu	x27,x16,x7	 x16:0x00000000  x7:0x80009f58 x27=0x00000001
       10625000	      1061	80001adc	08a50013	addi	x0,x10,138	 x10:0x80009e28
       10635000	      1062	80001ae0	0187b433	sltu	x8,x15,x24	 x15:0x00000000 x24:0x00000001  x8=0x00000001
       10645000	      1063	80001ae4	00770d33	add	x26,x14,x7	 x14:0xfffffb0c  x7:0x80009f58 x26=0x80009a64
       10655000	      1064	80001ae8	017816b3	sll	x13,x16,x23	 x16:0x00000000 x23:0x000003a0 x13=0x00000000
       10665000	      1065	80001aec	7d284013	xori	x0,x16,2002	 x16:0x00000000
       10675000	      1066	80001af0	00a4f133	and	x2,x9,x10	  x9:0x00000000 x10:0x80009e28  x2=0x00000000
       10685000	      1067	80001af4	40208133	sub	x2,x1,x2	  x1:0x00000000  x2:0x00000000  x2=0x00000000
       10695000	      1068	80001af8	0185d793	srli	x15,x11,0x18	 x11:0x80009fc4 x15=0x00000080
       10705000	      1069	80001afc	226ce113	ori	x2,x25,550	 x25:0x00000040  x2=0x00000266
       10715000	      1070	80001b00	05eb0663	beq	x22,x30,80001b4c	 x22:0x00000000 x30:0x00000001
       10725000	      1071	80001b04	40940eb3	sub	x29,x8,x9	  x8:0x00000001  x9:0x00000000 x29=0x00000001
       10735000	      1072	80001b08	417adf13	srai	x30,x21,0x17	 x21:0x80009f58 x30=0xffffff00
       10745000	      1073	80001b0c	4c891117	auipc	x2,0x4c891	  x2=0xcc892b08
       10755000	      1074	80001b10	00a66833	or	x16,x12,x10	 x12:0xbfffb5ae x10:0x80009e28 x16=0xbfffbfae
       10765000	      1075	80001b14	b71a2d93	slti	x27,x20,-1167	 x20:0x00000000 x27=0x00000000
       10775000	      1076	80001b18	01502ab3	slt	x21,x0,x21	  x0:0x00000000 x21:0x80009f58 x21=0x00000000
       10785000	      1077	80001b1c	41ff0433	sub	x8,x30,x31	 x30:0xffffff00 x31:0xa76c4000  x8=0x5893bf00
       10795000	      1078	80001b20	035b6663	bltu	x22,x21,80001b4c	 x22:0x00000000 x21:0x00000000
       10805000	      1079	80001b24	02d0f263	bgeu	x1,x13,80001b48	  x1:0x00000000 x13:0x00000000
       10815000	      1080	00000000	00000013	addi	x0,x0,0	  x0:0x00000000
       10825000	      1081	80001b44	00000013	addi	x0,x0,0	  x0:0x00000000
       10835000	      1082	80001b48	00000013	addi	x0,x0,0	  x0:0x00000000
       10845000	      1083	80001b4c	0175dcb3	srl	x25,x11,x23	 x11:0x80009fc4 x23:0x000003a0 x25=0x80009fc4
       10855000	      1084	80001b50	b70b7113	andi	x2,x22,-1168	 x22:0x00000000  x2=0x00000000
       10865000	      1085	80001b54	044d5263	bge	x26,x4,80001b98	 x26:0x80009a64  x4:0x8fff74bb
       10875000	      1086	80001b58	030bc063	blt	x23,x16,80001b78	 x23:0x000003a0 x16:0xbfffbfae
       10885000	      1087	80001b5c	5e450513	addi	x10,x10,1508	 x10:0x80009e28 x10=0x8000a40c
       10895000	      1088	80001b60	00000013	addi	x0,x0,0	  x0:0x00000000
       10905000	      1089	80001b64	01491f93	slli	x31,x18,0x14	 x18:0x00000001 x31=0x00100000
       10915000	      1090	80001b68	b1b47d17	auipc	x26,0xb1b47	 x26=0x31b48b64
       10925000	      1091	80001b6c	00a917b3	sll	x15,x18,x10	 x18:0x00000001 x10:0x8000a40c x15=0x00001000
       10935000	      1092	80001b70	01b5d2b3	srl	x5,x11,x27	 x11:0x80009fc4 x27:0x00000000  x5=0x80009fc4
       10945000	      1093	80001b74	01a9aeb3	slt	x29,x19,x26	 x19:0x000000c8 x26:0x31b48b64 x29=0x00000001
       10955000	      1094	80001b78	01d2d693	srli	x13,x5,0x1d	  x5:0x80009fc4 x13=0x00000004
       10965000	      1095	80001b7c	015fd993	srli	x19,x31,0x15	 x31:0x00100000 x19=0x00000000
       10975000	      1096	80001b80	00404a63	blt	x0,x4,80001b94	  x0:0x00000000  x4:0x8fff74bb
       10985000	      1097	80001b84	012dfeb3	and	x29,x27,x18	 x27:0x00000000 x18:0x00000001 x29=0x00000000
       10995000	      1098	80001b88	01323b33	sltu	x22,x4,x19	  x4:0x8fff74bb x19:0x00000000 x22=0x00000000
       11005000	      1099	80001b8c	40e95e33	sra	x28,x18,x14	 x18:0x00000001 x14:0xfffffb0c x28=0x00000000
       11015000	      1100	80001b90	40898133	sub	x2,x19,x8	 x19:0x00000000  x8:0x5893bf00  x2=0xa76c4100
       11025000	      1101	80001b94	0137da63	bge	x15,x19,80001ba8	 x15:0x00001000 x19:0x00000000
       11035000	      1102	00000000	00000013	addi	x0,x0,0	  x0:0x00000000
       11045000	      1103	80001ba4	00000013	addi	x0,x0,0	  x0:0x00000000
       11055000	      1104	80001ba8	018a1293	slli	x5,x20,0x18	 x20:0x00000000  x5=0x00000000
       11065000	      1105	80001bac	019b6e63	bltu	x22,x25,80001bc8	 x22:0x00000000 x25:0x80009fc4
       11075000	      1106	00000000	00000013	addi	x0,x0,0	  x0:0x00000000
       11085000	      1107	80001bc4	00000013	addi	x0,x0,0	  x0:0x00000000
       11095000	      1108	80001bc8	e1510613	addi	x12,x2,-491	  x2:0xa76c4100 x12=0xa76c3f15
       11105000	      1109	80001bcc	00be5d13	srli	x26,x28,0xb	 x28:0x00000000 x26=0x00000000
       11115000	      1110	80001bd0	0022ddb3	srl	x27,x5,x2	  x5:0x00000000  x2:0xa76c4100 x27=0x00000000
       11125000	      1111	80001bd4	6b9f8193	addi	x3,x31,1721	 x31:0x00100000  x3=0x001006b9
       11135000	      1112	80001bd8	0369e863	bltu	x19,x22,80001c08	 x19:0x00000000 x22:0x00000000
       11145000	      1113	80001bdc	7a54ca97	auipc	x21,0x7a54c	 x21=0xfa54dbd8
       11155000	      1114	80001be0	bbc5f537	lui	x10,0xbbc5f	 x10=0xbbc5f000
       11165000	      1115	80001be4	01e65663	bge	x12,x30,80001bf0	 x12:0xa76c3f15 x30:0xffffff00
       11175000	      1116	80001be8	01bcc4b3	xor	x9,x25,x27	 x25:0x80009fc4 x27:0x00000000  x9=0x80009fc4
       11185000	      1117	80001bec	40d580b3	sub	x1,x11,x13	 x11:0x80009fc4 x13:0x00000004  x1=0x80009fc0
       11195000	      1118	80001bf0	68da3c13	sltiu	x24,x20,1677	 x20:0x00000000 x24=0x00000001
       11205000	      1119	80001bf4	00b0e433	or	x8,x1,x11	  x1:0x80009fc0 x11:0x80009fc4  x8=0x80009fc4
       11215000	      1120	80001bf8	004a8c63	beq	x21,x4,80001c10	 x21:0xfa54dbd8  x4:0x8fff74bb
       11225000	      1121	80001bfc	011ad613	srli	x12,x21,0x11	 x21:0xfa54dbd8 x12=0x00007d2a
       11235000	      1122	80001c00	01ae61b3	or	x3,x28,x26	 x28:0x00000000 x26:0x00000000  x3=0x00000000
       11245000	      1123	80001c04	41a186b3	sub	x13,x3,x26	  x3:0x00000000 x26:0x00000000 x13=0x00000000
       11255000	      1124	80001c08	41435c13	srai	x24,x6,0x14	  x6:0x00000420 x24=0x00000000
       11265000	      1125	80001c0c	00fac933	xor	x18,x21,x15	 x21:0xfa54dbd8 x15:0x00001000 x18=0xfa54cbd8
       11275000	      1126	80001c10	01e55b33	srl	x22,x10,x30	 x10:0xbbc5f000 x30:0xffffff00 x22=0xbbc5f000
       11285000	      1127	80001c14	03478a63	beq	x15,x20,80001c48	 x15:0x00001000 x20:0x00000000
       11295000	      1128	80001c18	00000013	addi	x0,x0,0	  x0:0x00000000
       11305000	      1129	80001c1c	5ad22d93	slti	x27,x4,1453	  x4:0x8fff74bb x27=0x00000001
       11315000	      1130	80001c20	14342313	slti	x6,x8,323	  x8:0x80009fc4  x6=0x00000001
       11325000	      1131	80001c24	40100c33	sub	x24,x0,x1	  x0:0x00000000  x1:0x80009fc0 x24=0x7fff6040
       11335000	      1132	80001c28	0223e063	bltu	x7,x2,80001c48	  x7:0x80009f58  x2:0xa76c4100
       11345000	      1133	00000000	00000013	addi	x0,x0,0	  x0:0x00000000
       11355000	      1134	80001c44	00000013	addi	x0,x0,0	  x0:0x00000000
       11365000	      1135	80001c48	40fb5033	sra	x0,x22,x15	 x22:0xbbc5f000 x15:0x00001000
       11375000	      1136	80001c4c	01cdda63	bge	x27,x28,80001c60	 x27:0x00000001 x28:0x00000000
       11385000	      1137	00000000	00000013	addi	x0,x0,0	  x0:0x00000000
       11395000	      1138	80001c5c	00000013	addi	x0,x0,0	  x0:0x00000000
       11405000	      1139	80001c60	01385413	srli	x8,x16,0x13	 x16:0xbfffbfae  x8=0x000017ff
       11415000	      1140	80001c64	01762c33	slt	x24,x12,x23	 x12:0x00007d2a x23:0x000003a0 x24=0x00000000
       11425000	      1141	80001c68	2c76e693	ori	x13,x13,711	 x13:0x00000000 x13=0x000002c7
       11435000	      1142	80001c6c	00007117	auipc	x2,0x7	  x2=0x80008c68
       11445000	      1143	80001c70	c9110113	addi	x2,x2,-879	  x2:0x80008c68  x2=0x800088f9
       11455000	      1144	80001c74	fff12e83	lw	x29,-1(x2)	  x2:0x800088f9 x29=0xe0e1e2e3 PA:0x800088f8
       11465000	      1145	80001c78	66c4b713	sltiu	x14,x9,1644	  x9:0x80009fc4 x14=0x00000000
       11475000	      1146	80001c7c	fff15483	lhu	x9,-1(x2)	  x2:0x800088f9  x9=0x0000e2e3 PA:0x800088f8
       11485000	      1147	80001c80	0f614783	lbu	x15,246(x2)	  x2:0x800088f9 x15=0x000000ff PA:0x800089ef
       11495000	      1148	80001c84	0f614483	lbu	x9,246(x2)	  x2:0x800088f9  x9=0x000000ff PA:0x800089ef
       11505000	      1149	80001c88	0f610d83	lb	x27,246(x2)	  x2:0x800088f9 x27=0xffffffff PA:0x800089ef
       11515000	      1150	80001c8c	c0760b13	addi	x22,x12,-1017	 x12:0x00007d2a x22=0x00007931
       11525000	      1151	80001c90	08210503	lb	x10,130(x2)	  x2:0x800088f9 x10=0x00000060 PA:0x8000897b
       11535000	      1152	80001c94	09c10123	sb	x28,130(x2)	  x2:0x800088f9 x28:0x00000000 PA:0x8000897b
       11545000	      1153	80001c98	0c910083	lb	x1,201(x2)	  x2:0x800088f9  x1=0xffffffa9 PA:0x800089c2
       11555000	      1154	80001c9c	0c915083	lhu	x1,201(x2)	  x2:0x800088f9  x1=0x0000a8a9 PA:0x800089c2
       11565000	      1155	80001ca0	0c910683	lb	x13,201(x2)	  x2:0x800088f9 x13=0xffffffa9 PA:0x800089c2
       11575000	      1156	80001ca4	0c914e03	lbu	x28,201(x2)	  x2:0x800088f9 x28=0x000000a9 PA:0x800089c2
       11585000	      1157	80001ca8	0da114a3	sh	x26,201(x2)	  x2:0x800088f9 x26:0x00000000 PA:0x800089c2
       11595000	      1158	80001cac	0cf104a3	sb	x15,201(x2)	  x2:0x800088f9 x15:0x000000ff PA:0x800089c2
       11605000	      1159	80001cb0	00eac733	xor	x14,x21,x14	 x21:0xfa54dbd8 x14:0x00000000 x14=0xfa54dbd8
       11615000	      1160	80001cb4	09110323	sb	x17,134(x2)	  x2:0x800088f9 x17:0x0000000e PA:0x8000897f
       11625000	      1161	80001cb8	f6c10983	lb	x19,-148(x2)	  x2:0x800088f9 x19=0x0000004e PA:0x80008865
       11635000	      1162	80001cbc	f7b10623	sb	x27,-148(x2)	  x2:0x800088f9 x27:0xffffffff PA:0x80008865
       11645000	      1163	80001cc0	f3510423	sb	x21,-216(x2)	  x2:0x800088f9 x21:0xfa54dbd8 PA:0x80008821
       11655000	      1164	80001cc4	f2814c03	lbu	x24,-216(x2)	  x2:0x800088f9 x24=0x000000d8 PA:0x80008821
       11665000	      1165	80001cc8	f2814f03	lbu	x30,-216(x2)	  x2:0x800088f9 x30=0x000000d8 PA:0x80008821
       11675000	      1166	80001ccc	c2ed6b93	ori	x23,x26,-978	 x26:0x00000000 x23=0xfffffc2e
       11685000	      1167	80001cd0	f2810703	lb	x14,-216(x2)	  x2:0x800088f9 x14=0xffffffd8 PA:0x80008821
       11695000	      1168	00000000	00000013	addi	x0,x0,0	  x0:0x00000000
       11705000	      1169	80001cd4	00c71213	slli	x4,x14,0xc	 x14:0xffffffd8  x4=0xfffd8000
       11715000	      1170	80001cd8	c0352b13	slti	x22,x10,-1021	 x10:0x00000060 x22=0x00000000
       11725000	      1171	80001cdc	056a8663	beq	x21,x22,80001d28	 x21:0xfa54dbd8 x22:0x00000000
       11735000	      1172	80001ce0	015add33	srl	x26,x21,x21	 x21:0xfa54dbd8 x21:0xfa54dbd8 x26=0x000000fa
       11745000	      1173	80001ce4	005f5e93	srli	x29,x30,0x5	 x30:0x000000d8 x29=0x00000006
       11755000	      1174	80001ce8	0063d533	srl	x10,x7,x6	  x7:0x80009f58  x6:0x00000001 x10=0x40004fac
       11765000	      1175	80001cec	00655e93	srli	x29,x10,0x6	 x10:0x40004fac x29=0x0100013e
       11775000	      1176	80001cf0	0088c033	xor	x0,x17,x8	 x17:0x0000000e  x8:0x000017ff
       11785000	      1177	80001cf4	96e7fc93	andi	x25,x15,-1682	 x15:0x000000ff x25=0x0000006e
       11795000	      1178	80001cf8	00499663	bne	x19,x4,80001d04	 x19:0x0000004e  x4:0xfffd8000
       11805000	      1179	00000000	00000013	addi	x0,x0,0	  x0:0x00000000
       11815000	      1180	80001d00	00000013	addi	x0,x0,0	  x0:0x00000000
       11825000	      1181	80001d04	ce39f413	andi	x8,x19,-797	 x19:0x0000004e  x8=0x00000042
       11835000	      1182	80001d08	03146093	ori	x1,x8,49	  x8:0x00000042  x1=0x00000073
       11845000	      1183	80001d0c	4b4c4d13	xori	x26,x24,1204	 x24:0x000000d8 x26=0x0000046c
       11855000	      1184	80001d10	3c0ff813	andi	x16,x31,960	 x31:0x00100000 x16=0x00000000
       11865000	      1185	80001d14	01ff1333	sll	x6,x30,x31	 x30:0x000000d8 x31:0x00100000  x6=0x000000d8
       11875000	      1186	80001d18	41630f33	sub	x30,x6,x22	  x6:0x000000d8 x22:0x00000000 x30=0x000000d8
       11885000	      1187	80001d1c	00000013	addi	x0,x0,0	  x0:0x00000000
       11895000	      1188	80001d20	0594e263	bltu	x9,x25,80001d64	  x9:0x000000ff x25:0x0000006e
       11905000	      1189	80001d24	02a68663	beq	x13,x10,80001d50	 x13:0xffffffa9 x10:0x40004fac
       11915000	      1190	80001d28	00f51cb3	sll	x25,x10,x15	 x10:0x40004fac x15:0x000000ff x25=0x00000000
       11925000	      1191	80001d2c	00a9ad33	slt	x26,x19,x10	 x19:0x0000004e x10:0x40004fac x26=0x00000001
       11935000	      1192	80001d30	c02de193	ori	x3,x27,-1022	 x27:0xffffffff  x3=0xffffffff
       11945000	      1193	80001d34	016f5a63	bge	x30,x22,80001d48	 x30:0x000000d8 x22:0x00000000
       11955000	      1194	00000000	00000013	addi	x0,x0,0	  x0:0x00000000
       11965000	      1195	80001d44	00000013	addi	x0,x0,0	  x0:0x00000000
       11975000	      1196	80001d48	014d9e33	sll	x28,x27,x20	 x27:0xffffffff x20:0x00000000 x28=0xffffffff
       11985000	      1197	80001d4c	c344f693	andi	x13,x9,-972	  x9:0x000000ff x13=0x00000034
       11995000	      1198	80001d50	00379813	slli	x16,x15,0x3	 x15:0x000000ff x16=0x000007f8
       12005000	      1199	80001d54	00fd74b3	and	x9,x26,x15	 x26:0x00000001 x15:0x000000ff  x9=0x00000001
       12015000	      1200	80001d58	01552033	slt	x0,x10,x21	 x10:0x40004fac x21:0xfa54dbd8
       12025000	      1201	80001d5c	049c8663	beq	x25,x9,80001da8	 x25:0x00000000  x9:0x00000001
       12035000	      1202	80001d60	028dc663	blt	x27,x8,80001d8c	 x27:0xffffffff  x8:0x00000042
       12045000	      1203	00000000	00000013	addi	x0,x0,0	  x0:0x00000000
       12055000	      1204	80001d88	00000013	addi	x0,x0,0	  x0:0x00000000
       12065000	      1205	80001d8c	d06ef813	andi	x16,x29,-762	 x29:0x0100013e x16=0x01000106
       12075000	      1206	80001d90	054c4463	blt	x24,x20,80001dd8	 x24:0x000000d8 x20:0x00000000
       12085000	      1207	80001d94	35090293	addi	x5,x18,848	 x18:0xfa54cbd8  x5=0xfa54cf28
       12095000	      1208	80001d98	4184d233	sra	x4,x9,x24	  x9:0x00000001 x24:0x000000d8  x4=0x00000000
       12105000	      1209	80001d9c	013f3833	sltu	x16,x30,x19	 x30:0x000000d8 x19:0x0000004e x16=0x00000000
       12115000	      1210	80001da0	9313a913	slti	x18,x7,-1743	  x7:0x80009f58 x18=0x00000001
       12125000	      1211	80001da4	01c49c63	bne	x9,x28,80001dbc	  x9:0x00000001 x28:0xffffffff
       12135000	      1212	00000000	00000013	addi	x0,x0,0	  x0:0x00000000
       12145000	      1213	80001db8	00000013	addi	x0,x0,0	  x0:0x00000000
       12155000	      1214	80001dbc	f855e493	ori	x9,x11,-123	 x11:0x80009fc4  x9=0xffffffc5
       12165000	      1215	80001dc0	01884eb3	xor	x29,x16,x24	 x16:0x00000000 x24:0x000000d8 x29=0x000000d8
       12175000	      1216	80001dc4	74a54213	xori	x4,x10,1866	 x10:0x40004fac  x4=0x400048e6
       12185000	      1217	80001dc8	01b49663	bne	x9,x27,80001dd4	  x9:0xffffffc5 x27:0xffffffff
       12195000	      1218	00000000	00000013	addi	x0,x0,0	  x0:0x00000000
       12205000	      1219	80001dd0	00000013	addi	x0,x0,0	  x0:0x00000000
       12215000	      1220	80001dd4	01185263	bge	x16,x17,80001dd8	 x16:0x00000000 x17:0x0000000e
       12225000	      1221	80001dd8	00c2b233	sltu	x4,x5,x12	  x5:0xfa54cf28 x12:0x00007d2a  x4=0x00000000
       12235000	      1222	80001ddc	f5f7e713	ori	x14,x15,-161	 x15:0x000000ff x14=0xffffffff
       12245000	      1223	80001de0	0041cc13	xori	x24,x3,4	  x3:0xffffffff x24=0xfffffffb
       12255000	      1224	80001de4	034ec063	blt	x29,x20,80001e04	 x29:0x000000d8 x20:0x00000000
       12265000	      1225	80001de8	0171a733	slt	x14,x3,x23	  x3:0xffffffff x23:0xfffffc2e x14=0x00000000
       12275000	      1226	80001dec	003a2f33	slt	x30,x20,x3	 x20:0x00000000  x3:0xffffffff x30=0x00000000
       12285000	      1227	80001df0	a356b813	sltiu	x16,x13,-1483	 x13:0x00000034 x16=0x00000001
       12295000	      1228	80001df4	411809b3	sub	x19,x16,x17	 x16:0x00000001 x17:0x0000000e x19=0xfffffff3
       12305000	      1229	80001df8	13307f93	andi	x31,x0,307	  x0:0x00000000 x31=0x00000000
       12315000	      1230	80001dfc	d9ec0b93	addi	x23,x24,-610	 x24:0xfffffffb x23=0xfffffd99
       12325000	      1231	80001e00	0180d693	srli	x13,x1,0x18	  x1:0x00000073 x13=0x00000000
       12335000	      1232	80001e04	6fae2c13	slti	x24,x28,1786	 x28:0xffffffff x24=0x00000001
       12345000	      1233	80001e08	00a42933	slt	x18,x8,x10	  x8:0x00000042 x10:0x40004fac x18=0x00000001
       12355000	      1234	80001e0c	df733293	sltiu	x5,x6,-521	  x6:0x000000d8  x5=0x00000001
       12365000	      1235	80001e10	1392b413	sltiu	x8,x5,313	  x5:0x00000001  x8=0x00000001
       12375000	      1236	80001e14	41e8db93	srai	x23,x17,0x1e	 x17:0x0000000e x23=0x00000000
       12385000	      1237	80001e18	073b9863	bne	x23,x19,80001e88	 x23:0x00000000 x19:0xfffffff3
       12395000	      1238	00000000	00000013	addi	x0,x0,0	  x0:0x00000000
       12405000	      1239	80001e84	00000013	addi	x0,x0,0	  x0:0x00000000
       12415000	      1240	80001e88	00404ab3	xor	x21,x0,x4	  x0:0x00000000  x4:0x00000000 x21=0x00000000
       12425000	      1241	80001e8c	02bbf063	bgeu	x23,x11,80001eac	 x23:0x00000000 x11:0x80009fc4
       12435000	      1242	80001e90	0177cf33	xor	x30,x15,x23	 x15:0x000000ff x23:0x00000000 x30=0x000000ff
       12445000	      1243	80001e94	03c47063	bgeu	x8,x28,80001eb4	  x8:0x00000001 x28:0xffffffff
       12455000	      1244	80001e98	01511313	slli	x6,x2,0x15	  x2:0x800088f9  x6=0x1f200000
       12465000	      1245	80001e9c	81e32e13	slti	x28,x6,-2018	  x6:0x1f200000 x28=0x00000000
       12475000	      1246	80001ea0	00f35a33	srl	x20,x6,x15	  x6:0x1f200000 x15:0x000000ff x20=0x00000000
       12485000	      1247	80001ea4	02b65663	bge	x12,x11,80001ed0	 x12:0x00007d2a x11:0x80009fc4
       12495000	      1248	00000000	00000013	addi	x0,x0,0	  x0:0x00000000
       12505000	      1249	80001ecc	00000013	addi	x0,x0,0	  x0:0x00000000
       12515000	      1250	80001ed0	00db1033	sll	x0,x22,x13	 x22:0x00000000 x13:0x00000000
       12525000	      1251	80001ed4	00000013	addi	x0,x0,0	  x0:0x00000000
       12535000	      1252	80001ed8	012d0233	add	x4,x26,x18	 x26:0x00000001 x18:0x00000001  x4=0x00000002
       12545000	      1253	80001edc	12300c93	addi	x25,x0,291	  x0:0x00000000 x25=0x00000123
       12555000	      1254	80001ee0	4aeba613	slti	x12,x23,1198	 x23:0x00000000 x12=0x00000001
       12565000	      1255	80001ee4	40fdcb93	xori	x23,x27,1039	 x27:0xffffffff x23=0xfffffbf0
       12575000	      1256	80001ee8	41068233	sub	x4,x13,x16	 x13:0x00000000 x16:0x00000001  x4=0xffffffff
       12585000	      1257	80001eec	61892b13	slti	x22,x18,1560	 x18:0x00000001 x22=0x00000001
       12595000	      1258	80001ef0	d6807013	andi	x0,x0,-664	  x0:0x00000000
       12605000	      1259	80001ef4	0002e933	or	x18,x5,x0	  x5:0x00000001  x0:0x00000000 x18=0x00000001
       12615000	      1260	80001ef8	0043aa83	lw	x21,4(x7)	  x7:0x80009f58 x21=0x80001250 PA:0x80009f5c
       12625000	      1261	80001efc	1e8ebb37	lui	x22,0x1e8eb	 x22=0x1e8eb000
       12635000	      1262	80001f00	3779af93	slti	x31,x19,887	 x19:0xfffffff3 x31=0x00000001
       12645000	      1263	80001f04	01038393	addi	x7,x7,16	  x7:0x80009f58  x7=0x80009f68
       12655000	      1264	80001f08	00d64d33	xor	x26,x12,x13	 x12:0x00000001 x13:0x00000000 x26=0x00000001
       12665000	      1265	80001f0c	2ea6df17	auipc	x30,0x2ea6d	 x30=0xaea6ef08
       12675000	      1266	80001f10	01c1e233	or	x4,x3,x28	  x3:0xffffffff x28:0x00000000  x4=0xffffffff
       12685000	      1267	80001f14	00039113	slli	x2,x7,0x0	  x7:0x80009f68  x2=0x80009f68
       12695000	      1268	80001f18	001a8413	addi	x8,x21,1	 x21:0x80001250  x8=0x80001251
       12705000	      1269	80001f1c	00040467	jalr	x8,x8,0	  x8:0x80001251  x8=0x80001f1c
       12715000	      1270	00000000	00000013	addi	x0,x0,0	  x0:0x00000000
       12725000	      1271	80001250	00000013	addi	x0,x0,0	  x0:0x00000000
       12735000	      1272	80001254	005bfe63	bgeu	x23,x5,80001270	 x23:0xfffffbf0  x5:0x00000001
       12745000	      1273	00000000	00000013	addi	x0,x0,0	  x0:0x00000000
       12755000	      1274	8000126c	00000013	addi	x0,x0,0	  x0:0x00000000
       12765000	      1275	80001270	004b9b93	slli	x23,x23,0x4	 x23:0xfffffbf0 x23=0xffffbf00
       12775000	      1276	80001274	7709c093	xori	x1,x19,1904	 x19:0xfffffff3  x1=0xfffff883
       12785000	      1277	80001278	0043aa83	lw	x21,4(x7)	  x7:0x80009f68 x21=0x80000124 PA:0x80009f6c
       12795000	      1278	8000127c	01c38393	addi	x7,x7,28	  x7:0x80009f68  x7=0x80009f84
       12805000	      1279	80001280	41665093	srai	x1,x12,0x16	 x12:0x00000001  x1=0x00000000
       12815000	      1280	80001284	00fa9e13	slli	x28,x21,0xf	 x21:0x80000124 x28=0x00920000
       12825000	      1281	80001288	405f5533	sra	x10,x30,x5	 x30:0xaea6ef08  x5:0x00000001 x10=0xd7537784
       12835000	      1282	8000128c	000a8e93	addi	x29,x21,0	 x21:0x80000124 x29=0x80000124
       12845000	      1283	80001290	000e8ee7	jalr	x29,x29,0	 x29:0x80000124 x29=0x80001290
       12855000	      1284	00000000	00000013	addi	x0,x0,0	  x0:0x00000000
       12865000	      1285	80000124	00000013	addi	x0,x0,0	  x0:0x00000000
       12875000	      1286	80000128	00009b17	auipc	x22,0x9	 x22=0x80009124
       12885000	      1287	8000012c	c57b0b13	addi	x22,x22,-937	 x22:0x80009124 x22=0x80008d7b
       12895000	      1288	80000130	00009117	auipc	x2,0x9	  x2=0x8000912c
       12905000	      1289	80000134	9fb10113	addi	x2,x2,-1541	  x2:0x8000912c  x2=0x80008b27
       12915000	      1290	80000138	00009f17	auipc	x30,0x9	 x30=0x80009134
       12925000	      1291	8000013c	a5ef0f13	addi	x30,x30,-1442	 x30:0x80009134 x30=0x80008b92
       12935000	      1292	80000140	03c14483	lbu	x9,60(x2)	  x2:0x80008b27  x9=0x00000048 PA:0x80008b63
       12945000	      1293	80000144	382f0803	lb	x16,898(x30)	 x30:0x80008b92 x16=0xffffffff PA:0x80008f14
       12955000	      1294	80000148	07eb4c03	lbu	x24,126(x22)	 x22:0x80008d7b x24=0x000000e2 PA:0x80008df9
       12965000	      1295	8000014c	2fcf5703	lhu	x14,764(x30)	 x30:0x80008b92 x14=0x00007475 PA:0x80008e8e
       12975000	      1296	80000150	ff715203	lhu	x4,-9(x2)	  x2:0x80008b27  x4=0x00000405 PA:0x80008b1e
       12985000	      1297	80000154	05cf1d83	lh	x27,92(x30)	 x30:0x80008b92 x27=0xffffd4d5 PA:0x80008bee
       12995000	      1298	80000158	f40b0c83	lb	x25,-192(x22)	 x22:0x80008d7b x25=0xffffffa0 PA:0x80008cbb
       13005000	      1299	8000015c	182f1803	lh	x16,386(x30)	 x30:0x80008b92 x16=0xfffffeff PA:0x80008d14
       13015000	      1300	80000160	03510723	sb	x21,46(x2)	  x2:0x80008b27 x21:0x80000124 PA:0x80008b55
       13025000	      1301	80000164	05cb0403	lb	x8,92(x22)	 x22:0x80008d7b  x8=0xffffffbc PA:0x80008dd7
       13035000	      1302	80000168	f44f06a3	sb	x4,-179(x30)	 x30:0x80008b92  x4:0x00000405 PA:0x80008adf
       13045000	      1303	8000016c	ff010303	lb	x6,-16(x2)	  x2:0x80008b27  x6=0xfffffffc PA:0x80008b17
       13055000	      1304	80000170	ffa10503	lb	x10,-6(x2)	  x2:0x80008b27 x10=0x0000000a PA:0x80008b21
       13065000	      1305	80000174	f70b0e23	sb	x16,-132(x22)	 x22:0x80008d7b x16:0xfffffeff PA:0x80008cf7
       13075000	      1306	80000178	192f0803	lb	x16,402(x30)	 x30:0x80008b92 x16=0x0000000f PA:0x80008d24
       13085000	      1307	8000017c	006b0d23	sb	x6,26(x22)	 x22:0x80008d7b  x6:0xfffffffc PA:0x80008d95
       13095000	      1308	80000180	f4df1223	sh	x13,-188(x30)	 x30:0x80008b92 x13:0x00000000 PA:0x80008ad6
       13105000	      1309	80000184	035b0a23	sb	x21,52(x22)	 x22:0x80008d7b x21:0x80000124 PA:0x80008daf
       13115000	      1310	80000188	fe614903	lbu	x18,-26(x2)	  x2:0x80008b27 x18=0x000000f6 PA:0x80008b0d
       13125000	      1311	8000018c	0c6f2683	lw	x13,198(x30)	 x30:0x80008b92 x13=0x40414243 PA:0x80008c58
       13135000	      1312	80000190	f46f5e83	lhu	x29,-186(x30)	 x30:0x80008b92 x29=0x0000c2c3 PA:0x80008ad8
       13145000	      1313	80000194	0bab0f83	lb	x31,186(x22)	 x22:0x80008d7b x31=0x0000001e PA:0x80008e35
       13155000	      1314	80000198	00e10183	lb	x3,14(x2)	  x2:0x80008b27  x3=0x0000001e PA:0x80008b35
       13165000	      1315	8000019c	edef5003	lhu	x0,-290(x30)	 x30:0x80008b92 PA:0x80008a70
       13175000	      1316	800001a0	02f118a3	sh	x15,49(x2)	  x2:0x80008b27 x15:0x000000ff PA:0x80008b58
       13185000	      1317	800001a4	00008417	auipc	x8,0x8	  x8=0x800081a0
       13195000	      1318	800001a8	6d940413	addi	x8,x8,1753	  x8:0x800081a0  x8=0x80008879
       13205000	      1319	800001ac	ff240ea3	sb	x18,-3(x8)	  x8:0x80008879 x18:0x000000f6 PA:0x80008876
       13215000	      1320	800001b0	ff940ea3	sb	x25,-3(x8)	  x8:0x80008879 x25:0xffffffa0 PA:0x80008876
       13225000	      1321	800001b4	ffd40103	lb	x2,-3(x8)	  x8:0x80008879  x2=0xffffffa0 PA:0x80008876
       13235000	      1322	800001b8	ffd44183	lbu	x3,-3(x8)	  x8:0x80008879  x3=0x000000a0 PA:0x80008876
       13245000	      1323	800001bc	ff841ea3	sh	x24,-3(x8)	  x8:0x80008879 x24:0x000000e2 PA:0x80008876
       13255000	      1324	800001c0	228fb813	sltiu	x16,x31,552	 x31:0x0000001e x16=0x00000001
       13265000	      1325	800001c4	00865133	srl	x2,x12,x8	 x12:0x00000001  x8:0x80008879  x2=0x00000000
       13275000	      1326	800001c8	ffd45003	lhu	x0,-3(x8)	  x8:0x80008879 PA:0x80008876
       13285000	      1327	800001cc	ffd41ea3	sh	x29,-3(x8)	  x8:0x80008879 x29:0x0000c2c3 PA:0x80008876
       13295000	      1328	800001d0	00f42103	lw	x2,15(x8)	  x8:0x80008879  x2=0x70717273 PA:0x80008888
       13305000	      1329	800001d4	00ee39b3	sltu	x19,x28,x14	 x28:0x00920000 x14:0x00007475 x19=0x00000000
       13315000	      1330	800001d8	018407a3	sb	x24,15(x8)	  x8:0x80008879 x24:0x000000e2 PA:0x80008888
       13325000	      1331	800001dc	00f42083	lw	x1,15(x8)	  x8:0x80008879  x1=0x707172e2 PA:0x80008888
       13335000	      1332	00000000	00000013	addi	x0,x0,0	  x0:0x00000000
       13345000	      1333	800001e0	00009817	auipc	x16,0x9	 x16=0x800091dc
       13355000	      1334	800001e4	ca380813	addi	x16,x16,-861	 x16:0x800091dc x16=0x80008e7f
       13365000	      1335	800001e8	00008b97	auipc	x23,0x8	 x23=0x800081e4
       13375000	      1336	800001ec	718b8b93	addi	x23,x23,1816	 x23:0x800081e4 x23=0x800088fc
       13385000	      1337	800001f0	00009197	auipc	x3,0x9	  x3=0x800091ec
       13395000	      1338	800001f4	add18193	addi	x3,x3,-1315	  x3:0x800091ec  x3=0x80008cc9
       13405000	      1339	800001f8	00181683	lh	x13,1(x16)	 x16:0x80008e7f x13=0x00006a6b PA:0x80008e80
       13415000	      1340	800001fc	00c84403	lbu	x8,12(x16)	 x16:0x80008e7f  x8=0x00000070 PA:0x80008e8b
       13425000	      1341	80000200	f8718623	sb	x7,-116(x3)	  x3:0x80008cc9  x7:0x80009f84 PA:0x80008c55
       13435000	      1342	80000204	ffc80303	lb	x6,-4(x16)	 x16:0x80008e7f  x6=0x00000060 PA:0x80008e7b
       13445000	      1343	80000208	0ad184a3	sb	x13,169(x3)	  x3:0x80008cc9 x13:0x00006a6b PA:0x80008d72
       13455000	      1344	8000020c	01f805a3	sb	x31,11(x16)	 x16:0x80008e7f x31:0x0000001e PA:0x80008e8a
       13465000	      1345	80000210	02018a03	lb	x20,32(x3)	  x3:0x80008cc9 x20=0xffffffd2 PA:0x80008ce9
       13475000	      1346	80000214	69db8683	lb	x13,1693(x23)	 x23:0x800088fc x13=0xffffff82 PA:0x80008f99
       13485000	      1347	80000218	3a7bc083	lbu	x1,935(x23)	 x23:0x800088fc  x1=0x00000088 PA:0x80008ca3
       13495000	      1348	8000021c	f7c18323	sb	x28,-154(x3)	  x3:0x80008cc9 x28:0x00920000 PA:0x80008c2f
       13505000	      1349	80000220	00580623	sb	x5,12(x16)	 x16:0x80008e7f  x5:0x00000001 PA:0x80008e8b
       13515000	      1350	80000224	00f80023	sb	x15,0(x16)	 x16:0x80008e7f x15:0x000000ff PA:0x80008e7f
       13525000	      1351	80000228	0451c783	lbu	x15,69(x3)	  x3:0x80008cc9 x15=0x000000f5 PA:0x80008d0e
       13535000	      1352	8000022c	041b88a3	sb	x1,81(x23)	 x23:0x800088fc  x1:0x00000088 PA:0x8000894d
       13545000	      1353	80000230	ff980f03	lb	x30,-7(x16)	 x16:0x80008e7f x30=0x00000063 PA:0x80008e78
       13555000	      1354	80000234	0fc18923	sb	x28,242(x3)	  x3:0x80008cc9 x28:0x00920000 PA:0x80008dbb
       13565000	      1355	80000238	33db8903	lb	x18,829(x23)	 x23:0x800088fc x18=0x00000022 PA:0x80008c39
       13575000	      1356	8000023c	f3918623	sb	x25,-212(x3)	  x3:0x80008cc9 x25:0xffffffa0 PA:0x80008bf5
       13585000	      1357	80000240	00982603	lw	x12,9(x16)	 x16:0x80008e7f x12=0x011e7273 PA:0x80008e88
       13595000	      1358	80000244	00e84303	lbu	x6,14(x16)	 x16:0x80008e7f  x6=0x00000076 PA:0x80008e8d
       13605000	      1359	80000248	07a188a3	sb	x26,113(x3)	  x3:0x80008cc9 x26:0x00000001 PA:0x80008d3a
       13615000	      1360	8000024c	fe981ba3	sh	x9,-9(x16)	 x16:0x80008e7f  x9:0x00000048 PA:0x80008e76
       13625000	      1361	80000250	060b9783	lh	x15,96(x23)	 x23:0x800088fc x15=0x00004647 PA:0x8000895c
       13635000	      1362	80000254	00008117	auipc	x2,0x8	  x2=0x80008250
       13645000	      1363	80000258	65b10113	addi	x2,x2,1627	  x2:0x80008250  x2=0x800088ab
       13655000	      1364	8000025c	fe014b83	lbu	x23,-32(x2)	  x2:0x800088ab x23=0x00000070 PA:0x8000888b
       13665000	      1365	80000260	02810783	lb	x15,40(x2)	  x2:0x800088ab x15=0xffffffb8 PA:0x800088d3
       13675000	      1366	80000264	00550bb3	add	x23,x10,x5	 x10:0x0000000a  x5:0x00000001 x23=0x0000000b
       13685000	      1367	80000268	014d7f33	and	x30,x26,x20	 x26:0x00000001 x20:0xffffffd2 x30=0x00000000
       13695000	      1368	8000026c	00c14c83	lbu	x25,12(x2)	  x2:0x800088ab x25=0x0000009c PA:0x800088b7
       13705000	      1369	80000270	41558533	sub	x10,x11,x21	 x11:0x80009fc4 x21:0x80000124 x10=0x00009ea0
       13715000	      1370	80000274	fd910f83	lb	x31,-39(x2)	  x2:0x800088ab x31=0x0000006f PA:0x80008884
       13725000	      1371	80000278	f45ac213	xori	x4,x21,-187	 x21:0x80000124  x4=0x7ffffe61
       13735000	      1372	8000027c	ff214983	lbu	x19,-14(x2)	  x2:0x800088ab x19=0x00000086 PA:0x8000889d
       13745000	      1373	80000280	0016efb3	or	x31,x13,x1	 x13:0xffffff82  x1:0x00000088 x31=0xffffff8a
       13755000	      1374	80000284	958ef693	andi	x13,x29,-1704	 x29:0x0000c2c3 x13=0x0000c040
       13765000	      1375	80000288	00000013	addi	x0,x0,0	  x0:0x00000000
       13775000	      1376	8000028c	ff110203	lb	x4,-15(x2)	  x2:0x800088ab  x4=0xffffff87 PA:0x8000889c
       13785000	      1377	80000290	01299433	sll	x8,x19,x18	 x19:0x00000086 x18:0x00000022  x8=0x00000218
       13795000	      1378	80000294	01c4ce33	xor	x28,x9,x28	  x9:0x00000048 x28:0x00920000 x28=0x00920048
       13805000	      1379	80000298	8e1fbd93	sltiu	x27,x31,-1823	 x31:0xffffff8a x27=0x00000000
       13815000	      1380	8000029c	02a14c83	lbu	x25,42(x2)	  x2:0x800088ab x25=0x000000be PA:0x800088d5
       13825000	      1381	800002a0	01b11d03	lh	x26,27(x2)	  x2:0x800088ab x26=0x00000002 PA:0x800088c6
       13835000	      1382	800002a4	00a70d33	add	x26,x14,x10	 x14:0x00007475 x10:0x00009ea0 x26=0x00011315
       13845000	      1383	800002a8	fc614783	lbu	x15,-58(x2)	  x2:0x800088ab x15=0x0000005a PA:0x80008871
       13855000	      1384	800002ac	865f6a97	auipc	x21,0x865f6	 x21=0x065f62a8
       13865000	      1385	800002b0	ffb10e23	sb	x27,-4(x2)	  x2:0x800088ab x27:0x00000000 PA:0x800088a7
       13875000	      1386	800002b4	ff111983	lh	x19,-15(x2)	  x2:0x800088ab x19=0xffff8687 PA:0x8000889c
       13885000	      1387	800002b8	ff014283	lbu	x5,-16(x2)	  x2:0x800088ab  x5=0x00000016 PA:0x8000889b
       13895000	      1388	800002bc	016dd9b3	srl	x19,x27,x22	 x27:0x00000000 x22:0x80008d7b x19=0x00000000
       13905000	      1389	800002c0	001c09b3	add	x19,x24,x1	 x24:0x000000e2  x1:0x00000088 x19=0x0000016a
       13915000	      1390	800002c4	015201b3	add	x3,x4,x21	  x4:0xffffff87 x21:0x065f62a8  x3=0x065f622f
       13925000	      1391	800002c8	fff116a3	sh	x31,-19(x2)	  x2:0x800088ab x31:0xffffff8a PA:0x80008898
       13935000	      1392	800002cc	c7f57d97	auipc	x27,0xc7f57	 x27=0x47f572c8
       13945000	      1393	800002d0	00311ea3	sh	x3,29(x2)	  x2:0x800088ab  x3:0x065f622f PA:0x800088c8
       13955000	      1394	800002d4	01449db3	sll	x27,x9,x20	  x9:0x00000048 x20:0xffffffd2 x27=0x01200000
       13965000	      1395	800002d8	01a10e23	sb	x26,28(x2)	  x2:0x800088ab x26:0x00011315 PA:0x800088c7
       13975000	      1396	800002dc	00008817	auipc	x16,0x8	 x16=0x800082d8
       13985000	      1397	800002e0	da080813	addi	x16,x16,-608	 x16:0x800082d8 x16=0x80008078
       13995000	      1398	800002e4	01984303	lbu	x6,25(x16)	 x16:0x80008078  x6=0x0000004a PA:0x80008091
       14005000	      1399	800002e8	00f0d793	srli	x15,x1,0xf	  x1:0x00000088 x15=0x00000000
       14015000	      1400	800002ec	9bbb7f13	andi	x30,x22,-1605	 x22:0x80008d7b x30=0x8000893b
       14025000	      1401	800002f0	eb116793	ori	x15,x2,-335	  x2:0x800088ab x15=0xfffffebb
       14035000	      1402	800002f4	02784703	lbu	x14,39(x16)	 x16:0x80008078 x14=0x00000054 PA:0x8000809f
       14045000	      1403	800002f8	fed80a03	lb	x20,-19(x16)	 x16:0x80008078 x20=0x0000001e PA:0x80008065
       14055000	      1404	800002fc	09281e23	sh	x18,156(x16)	 x16:0x80008078 x18:0x00000022 PA:0x80008114
       14065000	      1405	80000300	09084603	lbu	x12,144(x16)	 x16:0x80008078 x12=0x000000c3 PA:0x80008108
       14075000	      1406	80000304	0077e9b3	or	x19,x15,x7	 x15:0xfffffebb  x7:0x80009f84 x19=0xffffffbf
       14085000	      1407	80000308	0a384283	lbu	x5,163(x16)	 x16:0x80008078  x5=0x000000d0 PA:0x8000811b
       14095000	      1408	8000030c	013526b3	slt	x13,x10,x19	 x10:0x00009ea0 x19:0xffffffbf x13=0x00000000
       14105000	      1409	80000310	07080f83	lb	x31,112(x16)	 x16:0x80008078 x31=0xffffffa3 PA:0x800080e8
       14115000	      1410	80000314	ff084683	lbu	x13,-16(x16)	 x16:0x80008078 x13=0x00000023 PA:0x80008068
       14125000	      1411	80000318	41e25333	sra	x6,x4,x30	  x4:0xffffff87 x30:0x8000893b  x6=0xffffffff
       14135000	      1412	8000031c	06285e03	lhu	x28,98(x16)	 x16:0x80008078 x28=0x00009091 PA:0x800080da
       14145000	      1413	80000320	0d584683	lbu	x13,213(x16)	 x16:0x80008078 x13=0x00000006 PA:0x8000814d
       14155000	      1414	80000324	00789e13	slli	x28,x17,0x7	 x17:0x0000000e x28=0x00000700
       14165000	      1415	80000328	0dd82e23	sw	x29,220(x16)	 x16:0x80008078 x29:0x0000c2c3 PA:0x80008154
       14175000	      1416	8000032c	0e285a03	lhu	x20,226(x16)	 x16:0x80008078 x20=0x00001011 PA:0x8000815a
       14185000	      1417	80000330	0c184f83	lbu	x31,193(x16)	 x16:0x80008078 x31=0x000000f2 PA:0x80008139
       14195000	      1418	80000334	0fe81483	lh	x9,254(x16)	 x16:0x80008078  x9=0x00002c2d PA:0x80008176
       14205000	      1419	80000338	0188ad33	slt	x26,x17,x24	 x17:0x0000000e x24:0x000000e2 x26=0x00000001
       14215000	      1420	8000033c	8d0c9c17	auipc	x24,0x8d0c9	 x24=0x0d0c9338
       14225000	      1421	80000340	01a84983	lbu	x19,26(x16)	 x16:0x80008078 x19=0x00000049 PA:0x80008092
       14235000	      1422	80000344	fe882a23	sw	x8,-12(x16)	 x16:0x80008078  x8:0x00000218 PA:0x8000806c
       14245000	      1423	80000348	01972cb3	slt	x25,x14,x25	 x14:0x00000054 x25:0x000000be x25=0x00000001
       14255000	      1424	8000034c	0c380b03	lb	x22,195(x16)	 x16:0x80008078 x22=0xfffffff0 PA:0x8000813b
       14265000	      1425	80000350	00bd7133	and	x2,x26,x11	 x26:0x00000001 x11:0x80009fc4  x2=0x00000000
       14275000	      1426	80000354	0ba82e23	sw	x26,188(x16)	 x16:0x80008078 x26:0x00000001 PA:0x80008134
       14285000	      1427	80000358	00de9733	sll	x14,x29,x13	 x29:0x0000c2c3 x13:0x00000006 x14=0x0030b0c0
       14295000	      1428	8000035c	00b85793	srli	x15,x16,0xb	 x16:0x80008078 x15=0x00100010
       14305000	      1429	80000360	e545cb93	xori	x23,x11,-428	 x11:0x80009fc4 x23=0x7fff6190
       14315000	      1430	80000364	00d2ea33	or	x20,x5,x13	  x5:0x000000d0 x13:0x00000006 x20=0x000000d6
       14325000	      1431	80000368	06484503	lbu	x10,100(x16)	 x16:0x80008078 x10=0x00000097 PA:0x800080dc
       14335000	      1432	8000036c	0e880b23	sb	x8,246(x16)	 x16:0x80008078  x8:0x00000218 PA:0x8000816e
       14345000	      1433	80000370	00b80ba3	sb	x11,23(x16)	 x16:0x80008078 x11:0x80009fc4 PA:0x8000808f
       14355000	      1434	80000374	03f84e83	lbu	x29,63(x16)	 x16:0x80008078 x29=0x0000006c PA:0x800080b7
       14365000	      1435	80000378	9b456c13	ori	x24,x10,-1612	 x10:0x00000097 x24=0xfffff9b7
       14375000	      1436	8000037c	4e036f13	ori	x30,x6,1248	  x6:0xffffffff x30=0xffffffff
       14385000	      1437	80000380	3f59b013	sltiu	x0,x19,1013	 x19:0x00000049
       14395000	      1438	80000384	07181923	sh	x17,114(x16)	 x16:0x80008078 x17:0x0000000e PA:0x800080ea
       14405000	      1439	80000388	23410c93	addi	x25,x2,564	  x2:0x00000000 x25=0x00000234
       14415000	      1440	8000038c	41ab0eb3	sub	x29,x22,x26	 x22:0xfffffff0 x26:0x00000001 x29=0xffffffef
       14425000	      1441	80000390	04a81823	sh	x10,80(x16)	 x16:0x80008078 x10:0x00000097 PA:0x800080c8
       14435000	      1442	80000394	0ae80c83	lb	x25,174(x16)	 x16:0x80008078 x25=0xffffffdd PA:0x80008126
       14445000	      1443	80000398	00008417	auipc	x8,0x8	  x8=0x80008394
       14455000	      1444	8000039c	07d40413	addi	x8,x8,125	  x8:0x80008394  x8=0x80008411
       14465000	      1445	800003a0	00aee4b3	or	x9,x29,x10	 x29:0xffffffef x10:0x00000097  x9=0xffffffff
       14475000	      1446	800003a4	01de6f33	or	x30,x28,x29	 x28:0x00000700 x29:0xffffffef x30=0xffffffef
       14485000	      1447	800003a8	01812eb3	slt	x29,x2,x24	  x2:0x00000000 x24:0xfffff9b7 x29=0x00000000
       14495000	      1448	800003ac	00644083	lbu	x1,6(x8)	  x8:0x80008411  x1=0x000000cc PA:0x80008417
       14505000	      1449	800003b0	01400e33	add	x28,x0,x20	  x0:0x00000000 x20:0x000000d6 x28=0x000000d6
       14515000	      1450	800003b4	00a9c333	xor	x6,x19,x10	 x19:0x00000049 x10:0x00000097  x6=0x000000de
       14525000	      1451	800003b8	09b57193	andi	x3,x10,155	 x10:0x00000097  x3=0x00000093
       14535000	      1452	800003bc	00640e03	lb	x28,6(x8)	  x8:0x80008411 x28=0xffffffcc PA:0x80008417
       14545000	      1453	800003c0	fdf44603	lbu	x12,-33(x8)	  x8:0x80008411 x12=0x000000ab PA:0x800083f0
       14555000	      1454	800003c4	fc0400a3	sb	x0,-63(x8)	  x8:0x80008411  x0:0x00000000 PA:0x800083d2
       14565000	      1455	800003c8	fd141f03	lh	x30,-47(x8)	  x8:0x80008411 x30=0xffff9899 PA:0x800083e2
       14575000	      1456	800003cc	01b50033	add	x0,x10,x27	 x10:0x00000097 x27:0x01200000
       14585000	      1457	800003d0	fd145b03	lhu	x22,-47(x8)	  x8:0x80008411 x22=0x00009899 PA:0x800083e2
       14595000	      1458	800003d4	01840783	lb	x15,24(x8)	  x8:0x80008411 x15=0xffffffe2 PA:0x80008429
       14605000	      1459	800003d8	01844d03	lbu	x26,24(x8)	  x8:0x80008411 x26=0x000000e2 PA:0x80008429
       14615000	      1460	800003dc	01844103	lbu	x2,24(x8)	  x8:0x80008411  x2=0x000000e2 PA:0x80008429
       14625000	      1461	800003e0	01840903	lb	x18,24(x8)	  x8:0x80008411 x18=0xffffffe2 PA:0x80008429
       14635000	      1462	800003e4	01840283	lb	x5,24(x8)	  x8:0x80008411  x5=0xffffffe2 PA:0x80008429
       14645000	      1463	800003e8	03344003	lbu	x0,51(x8)	  x8:0x80008411 PA:0x80008444
       14655000	      1464	800003ec	00c2dfb3	srl	x31,x5,x12	  x5:0xffffffe2 x12:0x000000ab x31=0x001fffff
       14665000	      1465	800003f0	018c6c63	bltu	x24,x24,80000408	 x24:0xfffff9b7 x24:0xfffff9b7
       14675000	      1466	800003f4	03986463	bltu	x16,x25,8000041c	 x16:0x80008078 x25:0xffffffdd
       14685000	      1467	00000000	00000013	addi	x0,x0,0	  x0:0x00000000
       14695000	      1468	80000418	00000013	addi	x0,x0,0	  x0:0x00000000
       14705000	      1469	8000041c	009e1193	slli	x3,x28,0x9	 x28:0xffffffcc  x3=0xffff9800
       14715000	      1470	80000420	4b4feb13	ori	x22,x31,1204	 x31:0x001fffff x22=0x001fffff
       14725000	      1471	80000424	40b481b3	sub	x3,x9,x11	  x9:0xffffffff x11:0x80009fc4  x3=0x7fff603b
       14735000	      1472	80000428	01cb54b3	srl	x9,x22,x28	 x22:0x001fffff x28:0xffffffcc  x9=0x000001ff
       14745000	      1473	8000042c	bf662213	slti	x4,x12,-1034	 x12:0x000000ab  x4=0x00000000
       14755000	      1474	80000430	018d9c33	sll	x24,x27,x24	 x27:0x01200000 x24:0xfffff9b7 x24=0x00000000
       14765000	      1475	80000434	40558333	sub	x6,x11,x5	 x11:0x80009fc4  x5:0xffffffe2  x6=0x80009fe2
       14775000	      1476	80000438	0619dc63	bge	x19,x1,800004b0	 x19:0x00000049  x1:0x000000cc
       14785000	      1477	8000043c	069c8a63	beq	x25,x9,800004b0	 x25:0xffffffdd  x9:0x000001ff
       14795000	      1478	80000440	40ae0c33	sub	x24,x28,x10	 x28:0xffffffcc x10:0x00000097 x24=0xffffff35
       14805000	      1479	80000444	b4a01697	auipc	x13,0xb4a01	 x13=0x34a01440
       14815000	      1480	80000448	ef88b513	sltiu	x10,x17,-264	 x17:0x0000000e x10=0x00000001
       14825000	      1481	8000044c	4197dd33	sra	x26,x15,x25	 x15:0xffffffe2 x25:0xffffffdd x26=0xffffffff
       14835000	      1482	80000450	00000013	addi	x0,x0,0	  x0:0x00000000
       14845000	      1483	80000454	00fe97b3	sll	x15,x29,x15	 x29:0x00000000 x15:0xffffffe2 x15=0x00000000
       14855000	      1484	80000458	075cf663	bgeu	x25,x21,800004c4	 x25:0xffffffdd x21:0x065f62a8
       14865000	      1485	00000000	00000013	addi	x0,x0,0	  x0:0x00000000
       14875000	      1486	800004c0	00000013	addi	x0,x0,0	  x0:0x00000000
       14885000	      1487	800004c4	010a2fb3	slt	x31,x20,x16	 x20:0x000000d6 x16:0x80008078 x31=0x00000000
       14895000	      1488	800004c8	00fe5293	srli	x5,x28,0xf	 x28:0xffffffcc  x5=0x0001ffff
       14905000	      1489	800004cc	00891f33	sll	x30,x18,x8	 x18:0xffffffe2  x8:0x80008411 x30=0xffc40000
       14915000	      1490	800004d0	41030e33	sub	x28,x6,x16	  x6:0x80009fe2 x16:0x80008078 x28=0x00001f6a
       14925000	      1491	800004d4	007dd0b3	srl	x1,x27,x7	 x27:0x01200000  x7:0x80009f84  x1=0x00120000
       14935000	      1492	800004d8	2a117a93	andi	x21,x2,673	  x2:0x000000e2 x21=0x000000a0
       14945000	      1493	800004dc	40418633	sub	x12,x3,x4	  x3:0x7fff603b  x4:0x00000000 x12=0x7fff603b
       14955000	      1494	800004e0	00000013	addi	x0,x0,0	  x0:0x00000000
       14965000	      1495	800004e4	01ec5233	srl	x4,x24,x30	 x24:0xffffff35 x30:0xffc40000  x4=0xffffff35
       14975000	      1496	800004e8	014a9e13	slli	x28,x21,0x14	 x21:0x000000a0 x28=0x0a000000
       14985000	      1497	800004ec	40bd5033	sra	x0,x26,x11	 x26:0xffffffff x11:0x80009fc4
       14995000	      1498	800004f0	01957663	bgeu	x10,x25,800004fc	 x10:0x00000001 x25:0xffffffdd
       15005000	      1499	800004f4	016ab1b3	sltu	x3,x21,x22	 x21:0x000000a0 x22:0x001fffff  x3=0x00000001
       15015000	      1500	800004f8	01b94463	blt	x18,x27,80000500	 x18:0xffffffe2 x27:0x01200000
       15025000	      1501	00000000	00000013	addi	x0,x0,0	  x0:0x00000000
       15035000	      1502	800004fc	00000013	addi	x0,x0,0	  x0:0x00000000
       15045000	      1503	80000500	28ba8093	addi	x1,x21,651	 x21:0x000000a0  x1=0x0000032b
       15055000	      1504	80000504	6024ed37	lui	x26,0x6024e	 x26=0x6024e000
       15065000	      1505	80000508	00cdf263	bgeu	x27,x12,8000050c	 x27:0x01200000 x12:0x7fff603b
       15075000	      1506	8000050c	cfb48213	addi	x4,x9,-773	  x9:0x000001ff  x4=0xfffffefa
       15085000	      1507	80000510	93319f17	auipc	x30,0x93319	 x30=0x1331950c
       15095000	      1508	80000514	9bc4be93	sltiu	x29,x9,-1604	  x9:0x000001ff x29=0x00000001
       15105000	      1509	80000518	01eb69b3	or	x19,x22,x30	 x22:0x001fffff x30:0x1331950c x19=0x133fffff
       15115000	      1510	8000051c	010ecf33	xor	x30,x29,x16	 x29:0x00000001 x16:0x80008078 x30=0x80008079
       15125000	      1511	80000520	00b91b33	sll	x22,x18,x11	 x18:0xffffffe2 x11:0x80009fc4 x22=0xfffffe20
       15135000	      1512	80000524	41f15a33	sra	x20,x2,x31	  x2:0x000000e2 x31:0x00000000 x20=0x000000e2
       15145000	      1513	80000528	009de1b3	or	x3,x27,x9	 x27:0x01200000  x9:0x000001ff  x3=0x012001ff
       15155000	      1514	8000052c	a42da337	lui	x6,0xa42da	  x6=0xa42da000
       15165000	      1515	80000530	0179d033	srl	x0,x19,x23	 x19:0x133fffff x23:0x7fff6190
       15175000	      1516	80000534	03a17a63	bgeu	x2,x26,80000568	  x2:0x000000e2 x26:0x6024e000
       15185000	      1517	80000538	7df13e13	sltiu	x28,x2,2015	  x2:0x000000e2 x28=0x00000001
       15195000	      1518	8000053c	001806b3	add	x13,x16,x1	 x16:0x80008078  x1:0x0000032b x13=0x800083a3
       15205000	      1519	80000540	01795213	srli	x4,x18,0x17	 x18:0xffffffe2  x4=0x000001ff
       15215000	      1520	80000544	01c91d93	slli	x27,x18,0x1c	 x18:0xffffffe2 x27=0x20000000
       15225000	      1521	80000548	2bbd3113	sltiu	x2,x26,699	 x26:0x6024e000  x2=0x00000000
       15235000	      1522	8000054c	aab12f13	slti	x30,x2,-1365	  x2:0x00000000 x30=0x00000000
       15245000	      1523	80000550	40a80d33	sub	x26,x16,x10	 x16:0x80008078 x10:0x00000001 x26=0x80008077
       15255000	      1524	80000554	048c5863	bge	x24,x8,800005a4	 x24:0xffffff35  x8:0x80008411
       15265000	      1525	00000000	00000013	addi	x0,x0,0	  x0:0x00000000
       15275000	      1526	800005a0	00000013	addi	x0,x0,0	  x0:0x00000000
       15285000	      1527	800005a4	0117da33	srl	x20,x15,x17	 x15:0x00000000 x17:0x0000000e x20=0x00000000
       15295000	      1528	800005a8	53c73117	auipc	x2,0x53c73	  x2=0xd3c735a4
       15305000	      1529	800005ac	41ac5793	srai	x15,x24,0x1a	 x24:0xffffff35 x15=0xffffffff
       15315000	      1530	800005b0	00072fb3	slt	x31,x14,x0	 x14:0x0030b0c0  x0:0x00000000 x31=0x00000000
       15325000	      1531	800005b4	d82ea693	slti	x13,x29,-638	 x29:0x00000001 x13=0x00000000
       15335000	      1532	800005b8	cce7d137	lui	x2,0xcce7d	  x2=0xcce7d000
       15345000	      1533	800005bc	01f77f33	and	x30,x14,x31	 x14:0x0030b0c0 x31:0x00000000 x30=0x00000000
       15355000	      1534	800005c0	01336fb3	or	x31,x6,x19	  x6:0xa42da000 x19:0x133fffff x31=0xb73fffff
       15365000	      1535	800005c4	018ea333	slt	x6,x29,x24	 x29:0x00000001 x24:0xffffff35  x6=0x00000000
       15375000	      1536	800005c8	031df863	bgeu	x27,x17,800005f8	 x27:0x20000000 x17:0x0000000e
       15385000	      1537	00000000	00000013	addi	x0,x0,0	  x0:0x00000000
       15395000	      1538	800005f4	00000013	addi	x0,x0,0	  x0:0x00000000
       15405000	      1539	800005f8	31558b93	addi	x23,x11,789	 x11:0x80009fc4 x23=0x8000a2d9
       15415000	      1540	800005fc	1f9ecf13	xori	x30,x29,505	 x29:0x00000001 x30=0x000001f8
       15425000	      1541	80000600	40a75d13	srai	x26,x14,0xa	 x14:0x0030b0c0 x26=0x00000c2c
       15435000	      1542	80000604	419ee093	ori	x1,x29,1049	 x29:0x00000001  x1=0x00000419
       15445000	      1543	80000608	00cd29b3	slt	x19,x26,x12	 x26:0x00000c2c x12:0x7fff603b x19=0x00000001
       15455000	      1544	8000060c	02a54663	blt	x10,x10,80000638	 x10:0x00000001 x10:0x00000001
       15465000	      1545	80000610	000d9493	slli	x9,x27,0x0	 x27:0x20000000  x9=0x20000000
       15475000	      1546	80000614	019599b3	sll	x19,x11,x25	 x11:0x80009fc4 x25:0xffffffdd x19=0x80000000
       15485000	      1547	80000618	0065dcb3	srl	x25,x11,x6	 x11:0x80009fc4  x6:0x00000000 x25=0x80009fc4
       15495000	      1548	8000061c	01199193	slli	x3,x19,0x11	 x19:0x80000000  x3=0x00000000
       15505000	      1549	80000620	af1d1317	auipc	x6,0xaf1d1	  x6=0x2f1d161c
       15515000	      1550	80000624	a54ccd13	xori	x26,x25,-1452	 x25:0x80009fc4 x26=0x7fff6590
       15525000	      1551	80000628	04281463	bne	x16,x2,80000670	 x16:0x80008078  x2:0xcce7d000
       15535000	      1552	00000000	00000013	addi	x0,x0,0	  x0:0x00000000
       15545000	      1553	8000066c	00000013	addi	x0,x0,0	  x0:0x00000000
       15555000	      1554	80000670	019ad293	srli	x5,x21,0x19	 x21:0x000000a0  x5=0x00000000
       15565000	      1555	80000674	4114dc93	srai	x25,x9,0x11	  x9:0x20000000 x25=0x00001000
       15575000	      1556	80000678	03d80e63	beq	x16,x29,800006b4	 x16:0x80008078 x29:0x00000001
       15585000	      1557	8000067c	1bc03ab7	lui	x21,0x1bc03	 x21=0x1bc03000
       15595000	      1558	80000680	01759c63	bne	x11,x23,80000698	 x11:0x80009fc4 x23:0x8000a2d9
       15605000	      1559	00000000	00000013	addi	x0,x0,0	  x0:0x00000000
       15615000	      1560	80000694	00000013	addi	x0,x0,0	  x0:0x00000000
       15625000	      1561	80000698	f13ec697	auipc	x13,0xf13ec	 x13=0x713ec694
       15635000	      1562	8000069c	50a5e093	ori	x1,x11,1290	 x11:0x80009fc4  x1=0x80009fce
       15645000	      1563	800006a0	00671693	slli	x13,x14,0x6	 x14:0x0030b0c0 x13=0x0c2c3000
       15655000	      1564	800006a4	4171dab3	sra	x21,x3,x23	  x3:0x00000000 x23:0x8000a2d9 x21=0x00000000
       15665000	      1565	800006a8	01252cb3	slt	x25,x10,x18	 x10:0x00000001 x18:0xffffffe2 x25=0x00000000
       15675000	      1566	800006ac	01870333	add	x6,x14,x24	 x14:0x0030b0c0 x24:0xffffff35  x6=0x0030aff5
       15685000	      1567	800006b0	82ece313	ori	x6,x25,-2002	 x25:0x00000000  x6=0xfffff82e
       15695000	      1568	800006b4	701550b7	lui	x1,0x70155	  x1=0x70155000
       15705000	      1569	800006b8	0111d2b3	srl	x5,x3,x17	  x3:0x00000000 x17:0x0000000e  x5=0x00000000
       15715000	      1570	800006bc	013bdf33	srl	x30,x23,x19	 x23:0x8000a2d9 x19:0x80000000 x30=0x8000a2d9
       15725000	      1571	800006c0	fb98a213	slti	x4,x17,-71	 x17:0x0000000e  x4=0x00000000
       15735000	      1572	800006c4	7e110713	addi	x14,x2,2017	  x2:0xcce7d000 x14=0xcce7d7e1
       15745000	      1573	800006c8	03288663	beq	x17,x18,800006f4	 x17:0x0000000e x18:0xffffffe2
       15755000	      1574	800006cc	00ce5433	srl	x8,x28,x12	 x28:0x00000001 x12:0x7fff603b  x8=0x00000000
       15765000	      1575	800006d0	01636bb3	or	x23,x6,x22	  x6:0xfffff82e x22:0xfffffe20 x23=0xfffffe2e
       15775000	      1576	800006d4	01166c33	or	x24,x12,x17	 x12:0x7fff603b x17:0x0000000e x24=0x7fff603f
       15785000	      1577	800006d8	f1ae3013	sltiu	x0,x28,-230	 x28:0x00000001
       15795000	      1578	800006dc	011e5633	srl	x12,x28,x17	 x28:0x00000001 x17:0x0000000e x12=0x00000000
       15805000	      1579	800006e0	01d87db3	and	x27,x16,x29	 x16:0x80008078 x29:0x00000001 x27=0x00000000
       15815000	      1580	800006e4	01e26233	or	x4,x4,x30	  x4:0x00000000 x30:0x8000a2d9  x4=0x8000a2d9
       15825000	      1581	800006e8	406fdb33	sra	x22,x31,x6	 x31:0xb73fffff  x6:0xfffff82e x22=0xfffedcff
       15835000	      1582	800006ec	26c6e313	ori	x6,x13,620	 x13:0x0c2c3000  x6=0x0c2c326c
       15845000	      1583	800006f0	41f95193	srai	x3,x18,0x1f	 x18:0xffffffe2  x3=0xffffffff
       15855000	      1584	800006f4	00607133	and	x2,x0,x6	  x0:0x00000000  x6:0x0c2c326c  x2=0x00000000
       15865000	      1585	800006f8	000d5213	srli	x4,x26,0x0	 x26:0x7fff6590  x4=0x7fff6590
       15875000	      1586	800006fc	46f2e213	ori	x4,x5,1135	  x5:0x00000000  x4=0x0000046f
       15885000	      1587	80000700	00550533	add	x10,x10,x5	 x10:0x00000001  x5:0x00000000 x10=0x00000001
       15895000	      1588	80000704	414dd133	sra	x2,x27,x20	 x27:0x00000000 x20:0x00000000  x2=0x00000000
       15905000	      1589	80000708	05f65463	bge	x12,x31,80000750	 x12:0x00000000 x31:0xb73fffff
       15915000	      1590	00000000	00000013	addi	x0,x0,0	  x0:0x00000000
       15925000	      1591	8000074c	00000013	addi	x0,x0,0	  x0:0x00000000
       15935000	      1592	80000750	07d96013	ori	x0,x18,125	 x18:0xffffffe2
       15945000	      1593	80000754	39d84f93	xori	x31,x16,925	 x16:0x80008078 x31=0x800083e5
       15955000	      1594	80000758	04068063	beq	x13,x0,80000798	 x13:0x0c2c3000  x0:0x00000000
       15965000	      1595	8000075c	009b6f33	or	x30,x22,x9	 x22:0xfffedcff  x9:0x20000000 x30=0xfffedcff
       15975000	      1596	80000760	f5694b13	xori	x22,x18,-170	 x18:0xffffffe2 x22=0x000000b4
       15985000	      1597	80000764	01640663	beq	x8,x22,80000770	  x8:0x00000000 x22:0x000000b4
       15995000	      1598	80000768	00000013	addi	x0,x0,0	  x0:0x00000000
       16005000	      1599	8000076c	0193d713	srli	x14,x7,0x19	  x7:0x80009f84 x14=0x00000040
       16015000	      1600	80000770	03391663	bne	x18,x19,8000079c	 x18:0xffffffe2 x19:0x80000000
       16025000	      1601	00000000	00000013	addi	x0,x0,0	  x0:0x00000000
       16035000	      1602	80000798	00000013	addi	x0,x0,0	  x0:0x00000000
       16045000	      1603	8000079c	010617b3	sll	x15,x12,x16	 x12:0x00000000 x16:0x80008078 x15=0x00000000
       16055000	      1604	800007a0	013fd693	srli	x13,x31,0x13	 x31:0x800083e5 x13=0x00001000
       16065000	      1605	800007a4	01af8e63	beq	x31,x26,800007c0	 x31:0x800083e5 x26:0x7fff6590
       16075000	      1606	800007a8	05985063	bge	x16,x25,800007e8	 x16:0x80008078 x25:0x00000000
       16085000	      1607	800007ac	bc494437	lui	x8,0xbc494	  x8=0xbc494000
       16095000	      1608	800007b0	00f66bb3	or	x23,x12,x15	 x12:0x00000000 x15:0x00000000 x23=0x00000000
       16105000	      1609	800007b4	00794233	xor	x4,x18,x7	 x18:0xffffffe2  x7:0x80009f84  x4=0x7fff6066
       16115000	      1610	800007b8	40c584b3	sub	x9,x11,x12	 x11:0x80009fc4 x12:0x00000000  x9=0x80009fc4
       16125000	      1611	800007bc	05e68263	beq	x13,x30,80000800	 x13:0x00001000 x30:0xfffedcff
       16135000	      1612	800007c0	00fd0ab3	add	x21,x26,x15	 x26:0x7fff6590 x15:0x00000000 x21=0x7fff6590
       16145000	      1613	800007c4	01f61d93	slli	x27,x12,0x1f	 x12:0x00000000 x27=0x00000000
       16155000	      1614	800007c8	0111f533	and	x10,x3,x17	  x3:0xffffffff x17:0x0000000e x10=0x0000000e
       16165000	      1615	800007cc	019fcdb3	xor	x27,x31,x25	 x31:0x800083e5 x25:0x00000000 x27=0x800083e5
       16175000	      1616	800007d0	016f1533	sll	x10,x30,x22	 x30:0xfffedcff x22:0x000000b4 x10=0xcff00000
       16185000	      1617	800007d4	4dd63e13	sltiu	x28,x12,1245	 x12:0x00000000 x28=0x00000001
       16195000	      1618	800007d8	41150433	sub	x8,x10,x17	 x10:0xcff00000 x17:0x0000000e  x8=0xcfeffff2
       16205000	      1619	800007dc	00bbfb33	and	x22,x23,x11	 x23:0x00000000 x11:0x80009fc4 x22=0x00000000
       16215000	      1620	800007e0	0154cf33	xor	x30,x9,x21	  x9:0x80009fc4 x21:0x7fff6590 x30=0xfffffa54
       16225000	      1621	800007e4	408cdc93	srai	x25,x25,0x8	 x25:0x00000000 x25=0x00000000
       16235000	      1622	800007e8	00e94b33	xor	x22,x18,x14	 x18:0xffffffe2 x14:0x00000040 x22=0xffffffa2
       16245000	      1623	800007ec	01ddbc33	sltu	x24,x27,x29	 x27:0x800083e5 x29:0x00000001 x24=0x00000000
       16255000	      1624	800007f0	0251f063	bgeu	x3,x5,80000810	  x3:0xffffffff  x5:0x00000000
       16265000	      1625	00000000	00000013	addi	x0,x0,0	  x0:0x00000000
       16275000	      1626	8000080c	00000013	addi	x0,x0,0	  x0:0x00000000
       16285000	      1627	80000810	01d1acb3	slt	x25,x3,x29	  x3:0xffffffff x29:0x00000001 x25=0x00000001
       16295000	      1628	80000814	00000897	auipc	x17,0x0	 x17=0x80000810
       16305000	      1629	80000818	00c88893	addi	x17,x17,12	 x17:0x80000810 x17=0x8000081c
       16315000	      1630	8000081c	00088067	jalr	x0,x17,0	 x17:0x8000081c
       16325000	      1631	00000000	00000013	addi	x0,x0,0	  x0:0x00000000
       16335000	      1632	8000081c	00000013	addi	x0,x0,0	  x0:0x00000000
       16345000	      1633	80000820	00100193	addi	x3,x0,1	  x0:0x00000000  x3=0x00000001
       16355000	      1634	80000824	00000073	ecall	
       16365000	      1635	80000828	012be263	bltu	x23,x18,8000082c	 x23:0x00000000 x18:0xffffffe2
