		Time			Cycle	PC		Insn	Decoded instruction	Register and memory contents
          65000	         5	80000004	00000293	addi	x5,x0,0	  x0:0x00000000  x5=0x00000000
          75000	         6	80000008	00000313	addi	x6,x0,0	  x0:0x00000000  x6=0x00000000
          85000	         7	8000000c	00628263	beq	x5,x6,80000010	  x5:0x00000000  x6:0x00000000
          95000	         8	00000000	00000013	addi	x0,x0,0	  x0:0x00000000
         105000	         9	8000000c	00000013	addi	x0,x0,0	  x0:0x00000000
         115000	        10	80000010	00000317	auipc	x6,0x0	  x6=0x8000000c
         125000	        11	80000014	00c30313	addi	x6,x6,12	  x6:0x8000000c  x6=0x80000018
         135000	        12	80000018	00030067	jalr	x0,x6,0	  x6:0x80000018
         145000	        13	00000000	00000013	addi	x0,x0,0	  x0:0x00000000
         155000	        14	80000018	00000013	addi	x0,x0,0	  x0:0x00000000
         165000	        15	8000001c	40000bb7	lui	x23,0x40000	 x23=0x40000000
         175000	        16	80000020	100b8b93	addi	x23,x23,256	 x23:0x40000000 x23=0x40000100
         185000	        17	80000024	00000013	addi	x0,x0,0	  x0:0x00000000
         195000	        18	80000028	0000a417	auipc	x8,0xa	  x8=0x8000a024
         205000	        19	8000002c	fa040413	addi	x8,x8,-96	  x8:0x8000a024  x8=0x80009fc4
         215000	        20	80000030	00002b97	auipc	x23,0x2	 x23=0x8000202c
         225000	        21	80000034	c5cb8b93	addi	x23,x23,-932	 x23:0x8000202c x23=0x80001c88
         235000	        22	80000038	000beb93	ori	x23,x23,0	 x23:0x80001c88 x23=0x80001c88
         245000	        23	8000003c	00000013	addi	x0,x0,0	  x0:0x00000000
         255000	        24	80000040	00000b97	auipc	x23,0x0	 x23=0x8000003c
         265000	        25	80000044	020b8b93	addi	x23,x23,32	 x23:0x8000003c x23=0x8000005c
         275000	        26	80000048	00000013	addi	x0,x0,0	  x0:0x00000000
         285000	        27	8000004c	00000013	addi	x0,x0,0	  x0:0x00000000
         295000	        28	80000050	00002bb7	lui	x23,0x2	 x23=0x00002000
         305000	        29	80000054	800b8b93	addi	x23,x23,-2048	 x23:0x00002000 x23=0x00001800
         315000	        30	80000058	00000013	addi	x0,x0,0	  x0:0x00000000
         325000	        31	8000005c	00000013	addi	x0,x0,0	  x0:0x00000000
         335000	        32	80000060	e7208037	lui	x0,0xe7208	
         345000	        33	80000064	5ef00013	addi	x0,x0,1519	  x0:0x00000000
         355000	        34	80000068	fbe880b7	lui	x1,0xfbe88	  x1=0xfbe88000
         365000	        35	8000006c	3b108093	addi	x1,x1,945	  x1:0xfbe88000  x1=0xfbe883b1
         375000	        36	80000070	caa0d137	lui	x2,0xcaa0d	  x2=0xcaa0d000
         385000	        37	80000074	7d010113	addi	x2,x2,2000	  x2:0xcaa0d000  x2=0xcaa0d7d0
         395000	        38	80000078	00000193	addi	x3,x0,0	  x0:0x00000000  x3=0x00000000
         405000	        39	8000007c	00000213	addi	x4,x0,0	  x0:0x00000000  x4=0x00000000
         415000	        40	80000080	72df82b7	lui	x5,0x72df8	  x5=0x72df8000
         425000	        41	80000084	aaa28293	addi	x5,x5,-1366	  x5:0x72df8000  x5=0x72df7aaa
         435000	        42	80000088	80000337	lui	x6,0x80000	  x6=0x80000000
         445000	        43	8000008c	00600393	addi	x7,x0,6	  x0:0x00000000  x7=0x00000006
         455000	        44	80000090	00800493	addi	x9,x0,8	  x0:0x00000000  x9=0x00000008
         465000	        45	80000094	00000513	addi	x10,x0,0	  x0:0x00000000 x10=0x00000000
         475000	        46	80000098	800005b7	lui	x11,0x80000	 x11=0x80000000
         485000	        47	8000009c	de938637	lui	x12,0xde938	 x12=0xde938000
         495000	        48	800000a0	ff860613	addi	x12,x12,-8	 x12:0xde938000 x12=0xde937ff8
         505000	        49	800000a4	00000693	addi	x13,x0,0	  x0:0x00000000 x13=0x00000000
         515000	        50	800000a8	80000737	lui	x14,0x80000	 x14=0x80000000
         525000	        51	800000ac	fb1a37b7	lui	x15,0xfb1a3	 x15=0xfb1a3000
         535000	        52	800000b0	96978793	addi	x15,x15,-1687	 x15:0xfb1a3000 x15=0xfb1a2969
         545000	        53	800000b4	80000837	lui	x16,0x80000	 x16=0x80000000
         555000	        54	800000b8	00000913	addi	x18,x0,0	  x0:0x00000000 x18=0x00000000
         565000	        55	800000bc	00000993	addi	x19,x0,0	  x0:0x00000000 x19=0x00000000
         575000	        56	800000c0	f0ef2a37	lui	x20,0xf0ef2	 x20=0xf0ef2000
         585000	        57	800000c4	4eea0a13	addi	x20,x20,1262	 x20:0xf0ef2000 x20=0xf0ef24ee
         595000	        58	800000c8	00a00a93	addi	x21,x0,10	  x0:0x00000000 x21=0x0000000a
         605000	        59	800000cc	00000b13	addi	x22,x0,0	  x0:0x00000000 x22=0x00000000
         615000	        60	800000d0	00000b93	addi	x23,x0,0	  x0:0x00000000 x23=0x00000000
         625000	        61	800000d4	00000c13	addi	x24,x0,0	  x0:0x00000000 x24=0x00000000
         635000	        62	800000d8	00800c93	addi	x25,x0,8	  x0:0x00000000 x25=0x00000008
         645000	        63	800000dc	00000d13	addi	x26,x0,0	  x0:0x00000000 x26=0x00000000
         655000	        64	800000e0	f2ec9db7	lui	x27,0xf2ec9	 x27=0xf2ec9000
         665000	        65	800000e4	7c1d8d93	addi	x27,x27,1985	 x27:0xf2ec9000 x27=0xf2ec97c1
         675000	        66	800000e8	80000e37	lui	x28,0x80000	 x28=0x80000000
         685000	        67	800000ec	00800e93	addi	x29,x0,8	  x0:0x00000000 x29=0x00000008
         695000	        68	800000f0	00000f13	addi	x30,x0,0	  x0:0x00000000 x30=0x00000000
         705000	        69	800000f4	2b0a3fb7	lui	x31,0x2b0a3	 x31=0x2b0a3000
         715000	        70	800000f8	c55f8f93	addi	x31,x31,-939	 x31:0x2b0a3000 x31=0x2b0a2c55
         725000	        71	800000fc	0000a897	auipc	x17,0xa	 x17=0x8000a0f8
         735000	        72	80000100	e8c88893	addi	x17,x17,-372	 x17:0x8000a0f8 x17=0x80009f84
         745000	        73	80000104	00009d17	auipc	x26,0x9	 x26=0x80009100
         755000	        74	80000108	8b9d0d13	addi	x26,x26,-1863	 x26:0x80009100 x26=0x800089b9
         765000	        75	8000010c	00009717	auipc	x14,0x9	 x14=0x80009108
         775000	        76	80000110	e4870713	addi	x14,x14,-440	 x14:0x80009108 x14=0x80008f50
         785000	        77	80000114	f82d4283	lbu	x5,-126(x26)	 x26:0x800089b9  x5=0x00000020 PA:0x8000893b
         795000	        78	80000118	0e0d4083	lbu	x1,224(x26)	 x26:0x800089b9  x1=0x00000082 PA:0x80008a99
         805000	        79	8000011c	f5f70a03	lb	x20,-161(x14)	 x14:0x80008f50 x20=0xffffff94 PA:0x80008eaf
         815000	        80	80000120	f59d0e03	lb	x28,-167(x26)	 x26:0x800089b9 x28=0xfffffff9 PA:0x80008912
         825000	        81	80000124	f98d09a3	sb	x24,-109(x26)	 x26:0x800089b9 x24:0x00000000 PA:0x8000894c
         835000	        82	80000128	fc1d0903	lb	x18,-63(x26)	 x26:0x800089b9 x18=0x00000061 PA:0x8000897a
         845000	        83	8000012c	fdf70f83	lb	x31,-33(x14)	 x14:0x80008f50 x31=0x00000014 PA:0x80008f2f
         855000	        84	80000130	06374583	lbu	x11,99(x14)	 x14:0x80008f50 x11=0x00000098 PA:0x80008fb3
         865000	        85	80000134	f58d4b83	lbu	x23,-168(x26)	 x26:0x800089b9 x23=0x000000fa PA:0x80008911
         875000	        86	80000138	05c71983	lh	x19,92(x14)	 x14:0x80008f50 x19=0xffff9697 PA:0x80008fac
         885000	        87	8000013c	0e8d0723	sb	x8,238(x26)	 x26:0x800089b9  x8:0x80009fc4 PA:0x80008aa7
         895000	        88	80000140	f87d2fa3	sw	x7,-97(x26)	 x26:0x800089b9  x7:0x00000006 PA:0x80008958
         905000	        89	80000144	fa6709a3	sb	x6,-77(x14)	 x14:0x80008f50  x6:0x80000000 PA:0x80008f03
         915000	        90	80000148	062d0aa3	sb	x2,117(x26)	 x26:0x800089b9  x2:0xcaa0d7d0 PA:0x80008a2e
         925000	        91	8000014c	f6b74c83	lbu	x25,-149(x14)	 x14:0x80008f50 x25=0x000000a0 PA:0x80008ebb
         935000	        92	80000150	00008697	auipc	x13,0x8	 x13=0x8000814c
         945000	        93	80000154	24f68693	addi	x13,x13,591	 x13:0x8000814c x13=0x8000839b
         955000	        94	80000158	ff16ce03	lbu	x28,-15(x13)	 x13:0x8000839b x28=0x00000047 PA:0x8000838c
         965000	        95	8000015c	ff169983	lh	x19,-15(x13)	 x13:0x8000839b x19=0x00004647 PA:0x8000838c
         975000	        96	80000160	fef688a3	sb	x15,-15(x13)	 x13:0x8000839b x15:0xfb1a2969 PA:0x8000838c
         985000	        97	80000164	ffb6a8a3	sw	x27,-15(x13)	 x13:0x8000839b x27:0xf2ec97c1 PA:0x8000838c
         995000	        98	80000168	00a68223	sb	x10,4(x13)	 x13:0x8000839b x10:0x00000000 PA:0x8000839f
        1005000	        99	8000016c	00000013	addi	x0,x0,0	  x0:0x00000000
        1015000	       100	80000170	40718933	sub	x18,x3,x7	  x3:0x00000000  x7:0x00000006 x18=0xfffffffa
        1025000	       101	80000174	01a3a0b3	slt	x1,x7,x26	  x7:0x00000006 x26:0x800089b9  x1=0x00000000
        1035000	       102	80000178	4003d493	srai	x9,x7,0x0	  x7:0x00000006  x9=0x00000006
        1045000	       103	8000017c	017563b3	or	x7,x10,x23	 x10:0x00000000 x23:0x000000fa  x7=0x000000fa
        1055000	       104	80000180	fe168ca3	sb	x1,-7(x13)	 x13:0x8000839b  x1:0x00000000 PA:0x80008394
        1065000	       105	80000184	017d4533	xor	x10,x26,x23	 x26:0x800089b9 x23:0x000000fa x10=0x80008943
        1075000	       106	80000188	fed68ca3	sb	x13,-7(x13)	 x13:0x8000839b x13:0x8000839b PA:0x80008394
        1085000	       107	8000018c	fe769ca3	sh	x7,-7(x13)	 x13:0x8000839b  x7:0x000000fa PA:0x80008394
        1095000	       108	80000190	01b6a2a3	sw	x27,5(x13)	 x13:0x8000839b x27:0xf2ec97c1 PA:0x800083a0
        1105000	       109	80000194	feb68923	sb	x11,-14(x13)	 x13:0x8000839b x11:0x00000098 PA:0x8000838d
        1115000	       110	80000198	00008f17	auipc	x30,0x8	 x30=0x80008194
        1125000	       111	8000019c	396f0f13	addi	x30,x30,918	 x30:0x80008194 x30=0x8000852a
        1135000	       112	800001a0	00008617	auipc	x12,0x8	 x12=0x8000819c
        1145000	       113	800001a4	30b60613	addi	x12,x12,779	 x12:0x8000819c x12=0x800084a7
        1155000	       114	800001a8	00008917	auipc	x18,0x8	 x18=0x800081a4
        1165000	       115	800001ac	53690913	addi	x18,x18,1334	 x18:0x800081a4 x18=0x800086da
        1175000	       116	800001b0	fc360fa3	sb	x3,-33(x12)	 x12:0x800084a7  x3:0x00000000 PA:0x80008486
        1185000	       117	800001b4	fc1908a3	sb	x1,-47(x18)	 x18:0x800086da  x1:0x00000000 PA:0x800086ab
        1195000	       118	800001b8	005f0783	lb	x15,5(x30)	 x30:0x8000852a x15=0xffffffe4 PA:0x8000852f
        1205000	       119	800001bc	a0394d83	lbu	x27,-1533(x18)	 x18:0x800086da x27=0x00000096 PA:0x800080dd
        1215000	       120	800001c0	0a8f5c83	lhu	x25,168(x30)	 x30:0x8000852a x25=0x00008889 PA:0x800085d2
        1225000	       121	800001c4	fca60a23	sb	x10,-44(x12)	 x12:0x800084a7 x10:0x80008943 PA:0x8000847b
        1235000	       122	800001c8	020f5183	lhu	x3,32(x30)	 x30:0x8000852a  x3=0x00000001 PA:0x8000854a
        1245000	       123	800001cc	00e60983	lb	x19,14(x12)	 x12:0x800084a7 x19=0x0000006e PA:0x800084b5
        1255000	       124	800001d0	f3b91123	sh	x27,-222(x18)	 x18:0x800086da x27:0x00000096 PA:0x800085fc
        1265000	       125	800001d4	f10f4183	lbu	x3,-240(x30)	 x30:0x8000852a  x3=0x000000f1 PA:0x8000843a
        1275000	       126	800001d8	ffb60283	lb	x5,-5(x12)	 x12:0x800084a7  x5=0x00000059 PA:0x800084a2
        1285000	       127	800001dc	97694783	lbu	x15,-1674(x18)	 x18:0x800086da x15=0x0000000b PA:0x80008050
        1295000	       128	800001e0	ff561e83	lh	x29,-11(x12)	 x12:0x800084a7 x29=0x00005657 PA:0x8000849c
        1305000	       129	800001e4	03761aa3	sh	x23,53(x12)	 x12:0x800084a7 x23:0x000000fa PA:0x800084dc
        1315000	       130	800001e8	07292383	lw	x7,114(x18)	 x18:0x800086da  x7=0x04050607 PA:0x8000874c
        1325000	       131	800001ec	02860a03	lb	x20,40(x12)	 x12:0x800084a7 x20=0xffffff84 PA:0x800084cf
        1335000	       132	800001f0	d9d94183	lbu	x3,-611(x18)	 x18:0x800086da  x3=0x0000002c PA:0x80008477
        1345000	       133	800001f4	f56f1e03	lh	x28,-170(x30)	 x30:0x8000852a x28=0x00003a3b PA:0x80008480
        1355000	       134	800001f8	fcc95683	lhu	x13,-52(x18)	 x18:0x800086da x13=0x00005c5d PA:0x800086a6
        1365000	       135	800001fc	00008617	auipc	x12,0x8	 x12=0x800081f8
        1375000	       136	80000200	fb560613	addi	x12,x12,-75	 x12:0x800081f8 x12=0x800081ad
        1385000	       137	80000204	0fc60e23	sb	x28,252(x12)	 x12:0x800081ad x28:0x00003a3b PA:0x800082a9
        1395000	       138	80000208	08860c03	lb	x24,136(x12)	 x12:0x800081ad x24=0xffffffee PA:0x80008235
        1405000	       139	8000020c	00664533	xor	x10,x12,x6	 x12:0x800081ad  x6:0x80000000 x10=0x000081ad
        1415000	       140	80000210	6bc94293	xori	x5,x18,1724	 x18:0x800086da  x5=0x80008066
        1425000	       141	80000214	00000013	addi	x0,x0,0	  x0:0x00000000
        1435000	       142	80000218	ccccf713	andi	x14,x25,-820	 x25:0x00008889 x14=0x00008888
        1445000	       143	8000021c	40218bb3	sub	x23,x3,x2	  x3:0x0000002c  x2:0xcaa0d7d0 x23=0x355f285c
        1455000	       144	80000220	00d64483	lbu	x9,13(x12)	 x12:0x800081ad  x9=0x00000071 PA:0x800081ba
        1465000	       145	80000224	00760103	lb	x2,7(x12)	 x12:0x800081ad  x2=0x0000006f PA:0x800081b4
        1475000	       146	80000228	4089dbb3	sra	x23,x19,x8	 x19:0x0000006e  x8:0x80009fc4 x23=0x00000006
        1485000	       147	8000022c	0f160223	sb	x17,228(x12)	 x12:0x800081ad x17:0x80009f84 PA:0x80008291
        1495000	       148	80000230	00000013	addi	x0,x0,0	  x0:0x00000000
        1505000	       149	80000234	f1360723	sb	x19,-242(x12)	 x12:0x800081ad x19:0x0000006e PA:0x800080bb
        1515000	       150	80000238	01c29193	slli	x3,x5,0x1c	  x5:0x80008066  x3=0x60000000
        1525000	       151	8000023c	01064703	lbu	x14,16(x12)	 x12:0x800081ad x14=0x00000076 PA:0x800081bd
        1535000	       152	80000240	01e6abb3	slt	x23,x13,x30	 x13:0x00005c5d x30:0x8000852a x23=0x00000000
        1545000	       153	80000244	0e961fa3	sh	x9,255(x12)	 x12:0x800081ad  x9:0x00000071 PA:0x800082ac
        1555000	       154	80000248	78538597	auipc	x11,0x78538	 x11=0xf8538244
        1565000	       155	8000024c	0c360c03	lb	x24,195(x12)	 x12:0x800081ad x24=0x0000002b PA:0x80008270
        1575000	       156	00000000	00000013	addi	x0,x0,0	  x0:0x00000000
        1585000	       157	80000250	efcc4a93	xori	x21,x24,-260	 x24:0x0000002b x21=0xfffffed7
        1595000	       158	80000254	01c01bb3	sll	x23,x0,x28	  x0:0x00000000 x28:0x00003a3b x23=0x00000000
        1605000	       159	80000258	00fc9513	slli	x10,x25,0xf	 x25:0x00008889 x10=0x44448000
        1615000	       160	8000025c	015c9713	slli	x14,x25,0x15	 x25:0x00008889 x14=0x11200000
        1625000	       161	80000260	0b260f03	lb	x30,178(x12)	 x12:0x800081ad x30=0x00000014 PA:0x8000825f
        1635000	       162	80000264	3329bd13	sltiu	x26,x19,818	 x19:0x0000006e x26=0x00000001
        1645000	       163	80000268	ff864e83	lbu	x29,-8(x12)	 x12:0x800081ad x29=0x0000005e PA:0x800081a5
        1655000	       164	8000026c	014c62b3	or	x5,x24,x20	 x24:0x0000002b x20:0xffffff84  x5=0xffffffaf
        1665000	       165	80000270	fdb603a3	sb	x27,-57(x12)	 x12:0x800081ad x27:0x00000096 PA:0x80008174
        1675000	       166	80000274	0a361f83	lh	x31,163(x12)	 x12:0x800081ad x31=0x00000a0b PA:0x80008250
        1685000	       167	80000278	f0160683	lb	x13,-255(x12)	 x12:0x800081ad x13=0x00000065 PA:0x800080ae
        1695000	       168	8000027c	fd164783	lbu	x15,-47(x12)	 x12:0x800081ad x15=0x00000035 PA:0x8000817e
        1705000	       169	80000280	83500e93	addi	x29,x0,-1995	  x0:0x00000000 x29=0xfffff835
        1715000	       170	80000284	00864383	lbu	x7,8(x12)	 x12:0x800081ad  x7=0x0000006e PA:0x800081b5
        1725000	       171	00000000	00000013	addi	x0,x0,0	  x0:0x00000000
        1735000	       172	80000288	007d60b3	or	x1,x26,x7	 x26:0x00000001  x7:0x0000006e  x1=0x0000006f
        1745000	       173	8000028c	467f7c93	andi	x25,x30,1127	 x30:0x00000014 x25=0x00000004
        1755000	       174	80000290	01964803	lbu	x16,25(x12)	 x12:0x800081ad x16=0x0000007d PA:0x800081c6
        1765000	       175	80000294	01658393	addi	x7,x11,22	 x11:0xf8538244  x7=0xf853825a
        1775000	       176	80000298	4059d993	srai	x19,x19,0x5	 x19:0x0000006e x19=0x00000003
        1785000	       177	8000029c	a8d00793	addi	x15,x0,-1395	  x0:0x00000000 x15=0xfffffa8d
        1795000	       178	800002a0	00a4db13	srli	x22,x9,0xa	  x9:0x00000071 x22=0x00000000
        1805000	       179	800002a4	45357d93	andi	x27,x10,1107	 x10:0x44448000 x27=0x00000000
        1815000	       180	800002a8	b35dba17	auipc	x20,0xb35db	 x20=0x335db2a4
        1825000	       181	800002ac	06565f03	lhu	x30,101(x12)	 x12:0x800081ad x30=0x0000c8c9 PA:0x80008212
        1835000	       182	800002b0	00008e17	auipc	x28,0x8	 x28=0x800082ac
        1845000	       183	800002b4	1c2e0e13	addi	x28,x28,450	 x28:0x800082ac x28=0x8000846e
        1855000	       184	800002b8	01fe4283	lbu	x5,31(x28)	 x28:0x8000846e  x5=0x00000046 PA:0x8000848d
        1865000	       185	800002bc	00d17033	and	x0,x2,x13	  x2:0x0000006f x13:0x00000065
        1875000	       186	800002c0	41fa5a33	sra	x20,x20,x31	 x20:0x335db2a4 x31:0x00000a0b x20=0x00066bb6
        1885000	       187	800002c4	01fe4683	lbu	x13,31(x28)	 x28:0x8000846e x13=0x00000046 PA:0x8000848d
        1895000	       188	800002c8	fdce5d83	lhu	x27,-36(x28)	 x28:0x8000846e x27=0x00000001 PA:0x8000844a
        1905000	       189	800002cc	fc1e0f03	lb	x30,-63(x28)	 x28:0x8000846e x30=0xffffffe4 PA:0x8000842f
        1915000	       190	800002d0	036e4c83	lbu	x25,54(x28)	 x28:0x8000846e x25=0x0000005f PA:0x800084a4
        1925000	       191	800002d4	003e4383	lbu	x7,3(x28)	 x28:0x8000846e  x7=0x0000002a PA:0x80008471
        1935000	       192	800002d8	ff8e1d03	lh	x26,-8(x28)	 x28:0x8000846e x26=0x00001c1d PA:0x80008466
        1945000	       193	800002dc	011e4383	lbu	x7,17(x28)	 x28:0x8000846e  x7=0x00000034 PA:0x8000847f
        1955000	       194	800002e0	00000013	addi	x0,x0,0	  x0:0x00000000
        1965000	       195	800002e4	011e4d03	lbu	x26,17(x28)	 x28:0x8000846e x26=0x00000034 PA:0x8000847f
        1975000	       196	800002e8	011e4d83	lbu	x27,17(x28)	 x28:0x8000846e x27=0x00000034 PA:0x8000847f
        1985000	       197	00000000	00000013	addi	x0,x0,0	  x0:0x00000000
        1995000	       198	800002ec	b5b2f997	auipc	x19,0xb5b2f	 x19=0x35b2f2e8
        2005000	       199	800002f0	00ee5203	lhu	x4,14(x28)	 x28:0x8000846e  x4=0x00003637 PA:0x8000847c
        2015000	       200	800002f4	00ee0103	lb	x2,14(x28)	 x28:0x8000846e  x2=0x00000037 PA:0x8000847c
        2025000	       201	800002f8	ab408c13	addi	x24,x1,-1356	  x1:0x0000006f x24=0xfffffb23
        2035000	       202	800002fc	03ae4c03	lbu	x24,58(x28)	 x28:0x8000846e x24=0x00000063 PA:0x800084a8
        2045000	       203	80000300	fc9e0383	lb	x7,-55(x28)	 x28:0x8000846e  x7=0xffffffec PA:0x80008437
        2055000	       204	80000304	fc9e4483	lbu	x9,-55(x28)	 x28:0x8000846e  x9=0x000000ec PA:0x80008437
        2065000	       205	80000308	00008d17	auipc	x26,0x8	 x26=0x80008304
        2075000	       206	8000030c	e1cd0d13	addi	x26,x26,-484	 x26:0x80008304 x26=0x80008120
        2085000	       207	80000310	00008617	auipc	x12,0x8	 x12=0x8000830c
        2095000	       208	80000314	0da60613	addi	x12,x12,218	 x12:0x8000830c x12=0x800083e6
        2105000	       209	80000318	00008f97	auipc	x31,0x8	 x31=0x80008314
        2115000	       210	8000031c	e38f8f93	addi	x31,x31,-456	 x31:0x80008314 x31=0x8000814c
        2125000	       211	80000320	02ffc483	lbu	x9,47(x31)	 x31:0x8000814c  x9=0x00000030 PA:0x8000817b
        2135000	       212	80000324	fcdfcc03	lbu	x24,-51(x31)	 x31:0x8000814c x24=0x000000d2 PA:0x80008119
        2145000	       213	80000328	00d60983	lb	x19,13(x12)	 x12:0x800083e6 x19=0xffffffa8 PA:0x800083f3
        2155000	       214	00000000	00000013	addi	x0,x0,0	  x0:0x00000000
        2165000	       215	8000032c	ff364c83	lbu	x25,-13(x12)	 x12:0x800083e6 x25=0x00000092 PA:0x800083d9
        2175000	       216	80000330	feefae23	sw	x14,-4(x31)	 x31:0x8000814c x14:0x11200000 PA:0x80008148
        2185000	       217	80000334	fe164e83	lbu	x29,-31(x12)	 x12:0x800083e6 x29=0x0000007c PA:0x800083c7
        2195000	       218	80000338	02560ba3	sb	x5,55(x12)	 x12:0x800083e6  x5:0x00000046 PA:0x8000841d
        2205000	       219	8000033c	01efd183	lhu	x3,30(x31)	 x31:0x8000814c  x3=0x00002021 PA:0x8000816a
        2215000	       220	80000340	01d62923	sw	x29,18(x12)	 x12:0x800083e6 x29:0x0000007c PA:0x800083f8
        2225000	       221	80000344	00964e03	lbu	x28,9(x12)	 x12:0x800083e6 x28=0x000000a4 PA:0x800083ef
        2235000	       222	00000000	00000013	addi	x0,x0,0	  x0:0x00000000
        2245000	       223	80000348	07cd2003	lw	x0,124(x26)	 x26:0x80008120 PA:0x8000819c
        2255000	       224	8000034c	fed60103	lb	x2,-19(x12)	 x12:0x800083e6  x2=0xffffff88 PA:0x800083d3
        2265000	       225	80000350	040fcc03	lbu	x24,64(x31)	 x31:0x8000814c x24=0x00000047 PA:0x8000818c
        2275000	       226	80000354	fd361e23	sh	x19,-36(x12)	 x12:0x800083e6 x19:0xffffffa8 PA:0x800083c2
        2285000	       227	80000358	f7cd0c83	lb	x25,-132(x26)	 x26:0x80008120 x25=0x00000057 PA:0x8000809c
        2295000	       228	8000035c	ff4f8da3	sb	x20,-5(x31)	 x31:0x8000814c x20:0x00066bb6 PA:0x80008147
        2305000	       229	80000360	01b60903	lb	x18,27(x12)	 x12:0x800083e6 x18=0xffffffba PA:0x80008401
        2315000	       230	80000364	fa9d4683	lbu	x13,-87(x26)	 x26:0x80008120 x13=0x00000082 PA:0x800080c9
        2325000	       231	80000368	01fd06a3	sb	x31,13(x26)	 x26:0x80008120 x31:0x8000814c PA:0x8000812d
        2335000	       232	8000036c	035f8483	lb	x9,53(x31)	 x31:0x8000814c  x9=0x0000003a PA:0x80008181
        2345000	       233	80000370	fd9f8c83	lb	x25,-39(x31)	 x31:0x8000814c x25=0xffffffde PA:0x80008125
        2355000	       234	80000374	fdad4383	lbu	x7,-38(x26)	 x26:0x80008120  x7=0x000000b1 PA:0x800080fa
        2365000	       235	80000378	fdf64703	lbu	x14,-33(x12)	 x12:0x800083e6 x14=0x0000007e PA:0x800083c5
        2375000	       236	8000037c	00008117	auipc	x2,0x8	  x2=0x80008378
        2385000	       237	80000380	52b10113	addi	x2,x2,1323	  x2:0x80008378  x2=0x800088a3
        2395000	       238	80000384	08014d03	lbu	x26,128(x2)	  x2:0x800088a3 x26=0x00000008 PA:0x80008923
        2405000	       239	80000388	0086c9b3	xor	x19,x13,x8	 x13:0x00000082  x8:0x80009fc4 x19=0x80009f46
        2415000	       240	8000038c	0028a933	slt	x18,x17,x2	 x17:0x80009f84  x2:0x800088a3 x18=0x00000000
        2425000	       241	80000390	1d315a03	lhu	x20,467(x2)	  x2:0x800088a3 x20=0x00005c5d PA:0x80008a76
        2435000	       242	80000394	52a18693	addi	x13,x3,1322	  x3:0x00002021 x13=0x0000254b
        2445000	       243	80000398	01c9a9b3	slt	x19,x19,x28	 x19:0x80009f46 x28:0x000000a4 x19=0x00000001
        2455000	       244	8000039c	4d54e0b7	lui	x1,0x4d54e	  x1=0x4d54e000
        2465000	       245	800003a0	32814283	lbu	x5,808(x2)	  x2:0x800088a3  x5=0x000000b0 PA:0x80008bcb
        2475000	       246	800003a4	0103bdb3	sltu	x27,x7,x16	  x7:0x000000b1 x16:0x0000007d x27=0x00000000
        2485000	       247	800003a8	4b311803	lh	x16,1203(x2)	  x2:0x800088a3 x16=0x00003c3d PA:0x80008d56
        2495000	       248	800003ac	44610923	sb	x6,1106(x2)	  x2:0x800088a3  x6:0x80000000 PA:0x80008cf5
        2505000	       249	800003b0	18315503	lhu	x10,387(x2)	  x2:0x800088a3 x10=0x00000c0d PA:0x80008a26
        2515000	       250	800003b4	51a10283	lb	x5,1306(x2)	  x2:0x800088a3  x5=0xffffffa6 PA:0x80008dbd
        2525000	       251	800003b8	6aa115a3	sh	x10,1707(x2)	  x2:0x800088a3 x10:0x00000c0d PA:0x80008f4e
        2535000	       252	800003bc	47c02c93	slti	x25,x0,1148	  x0:0x00000000 x25=0x00000001
        2545000	       253	800003c0	034b4213	xori	x4,x22,52	 x22:0x00000000  x4=0x00000034
        2555000	       254	800003c4	01385bb3	srl	x23,x16,x19	 x16:0x00003c3d x19:0x00000001 x23=0x00001e1e
        2565000	       255	800003c8	43810383	lb	x7,1080(x2)	  x2:0x800088a3  x7=0xffffffc0 PA:0x80008cdb
        2575000	       256	800003cc	62110183	lb	x3,1569(x2)	  x2:0x800088a3  x3=0xffffffaf PA:0x80008ec4
        2585000	       257	800003d0	006485b3	add	x11,x9,x6	  x9:0x0000003a  x6:0x80000000 x11=0x8000003a
        2595000	       258	800003d4	68f15f83	lhu	x31,1679(x2)	  x2:0x800088a3 x31=0x00001819 PA:0x80008f32
        2605000	       259	800003d8	3ba10803	lb	x16,954(x2)	  x2:0x800088a3 x16=0x00000046 PA:0x80008c5d
        2615000	       260	800003dc	00953e33	sltu	x28,x10,x9	 x10:0x00000c0d  x9:0x0000003a x28=0x00000000
        2625000	       261	800003e0	24f15803	lhu	x16,591(x2)	  x2:0x800088a3 x16=0x0000d8d9 PA:0x80008af2
        2635000	       262	800003e4	00008117	auipc	x2,0x8	  x2=0x800083e0
        2645000	       263	800003e8	f8810113	addi	x2,x2,-120	  x2:0x800083e0  x2=0x80008368
        2655000	       264	800003ec	fe910123	sb	x9,-30(x2)	  x2:0x80008368  x9:0x0000003a PA:0x8000834a
        2665000	       265	800003f0	00000013	addi	x0,x0,0	  x0:0x00000000
        2675000	       266	800003f4	02310583	lb	x11,35(x2)	  x2:0x80008368 x11=0x00000040 PA:0x8000838b
        2685000	       267	800003f8	404d8b33	sub	x22,x27,x4	 x27:0x00000000  x4:0x00000034 x22=0xffffffcc
        2695000	       268	800003fc	55eafb17	auipc	x22,0x55eaf	 x22=0xd5eaf3f8
        2705000	       269	80000400	00f14f83	lbu	x31,15(x2)	  x2:0x80008368 x31=0x0000002c PA:0x80008377
        2715000	       270	80000404	fef14383	lbu	x7,-17(x2)	  x2:0x80008368  x7=0x0000000c PA:0x80008357
        2725000	       271	80000408	00cdad33	slt	x26,x27,x12	 x27:0x00000000 x12:0x800083e6 x26=0x00000000
        2735000	       272	8000040c	019f76b3	and	x13,x30,x25	 x30:0xffffffe4 x25:0x00000001 x13=0x00000000
        2745000	       273	80000410	a2032937	lui	x18,0xa2032	 x18=0xa2032000
        2755000	       274	80000414	0090cc33	xor	x24,x1,x9	  x1:0x4d54e000  x9:0x0000003a x24=0x4d54e03a
        2765000	       275	80000418	7ef61a97	auipc	x21,0x7ef61	 x21=0xfef61414
        2775000	       276	8000041c	00a39813	slli	x16,x7,0xa	  x7:0x0000000c x16=0x00003000
        2785000	       277	80000420	00117fb3	and	x31,x2,x1	  x2:0x80008368  x1:0x4d54e000 x31=0x00008000
        2795000	       278	80000424	40dd04b3	sub	x9,x26,x13	 x26:0x00000000 x13:0x00000000  x9=0x00000000
        2805000	       279	80000428	02f10a23	sb	x15,52(x2)	  x2:0x80008368 x15:0xfffffa8d PA:0x8000839c
        2815000	       280	8000042c	403e5213	srai	x4,x28,0x3	 x28:0x00000000  x4=0x00000000
        2825000	       281	80000430	01681713	slli	x14,x16,0x16	 x16:0x00003000 x14=0x00000000
        2835000	       282	80000434	01c100a3	sb	x28,1(x2)	  x2:0x80008368 x28:0x00000000 PA:0x80008369
        2845000	       283	80000438	ff812283	lw	x5,-8(x2)	  x2:0x80008368  x5=0x18191a1b PA:0x80008360
        2855000	       284	00000000	00000013	addi	x0,x0,0	  x0:0x00000000
        2865000	       285	8000043c	01a2dd33	srl	x26,x5,x26	  x5:0x18191a1b x26:0x00000000 x26=0x18191a1b
        2875000	       286	80000440	e7a89217	auipc	x4,0xe7a89	  x4=0x67a8943c
        2885000	       287	80000444	fd114803	lbu	x16,-47(x2)	  x2:0x80008368 x16=0x000000f2 PA:0x80008339
        2895000	       288	80000448	40918f33	sub	x30,x3,x9	  x3:0xffffffaf  x9:0x00000000 x30=0xffffffaf
        2905000	       289	8000044c	ff015083	lhu	x1,-16(x2)	  x2:0x80008368  x1=0x00001213 PA:0x80008358
        2915000	       290	80000450	fd310c83	lb	x25,-45(x2)	  x2:0x80008368 x25=0xfffffff0 PA:0x8000833b
        2925000	       291	80000454	00aba6b3	slt	x13,x23,x10	 x23:0x00001e1e x10:0x00000c0d x13=0x00000000
        2935000	       292	80000458	fdd10b03	lb	x22,-35(x2)	  x2:0x80008368 x22=0xfffffffe PA:0x80008345
        2945000	       293	8000045c	01e14d03	lbu	x26,30(x2)	  x2:0x80008368 x26=0x0000003d PA:0x80008386
        2955000	       294	80000460	00008097	auipc	x1,0x8	  x1=0x8000845c
        2965000	       295	80000464	29d08093	addi	x1,x1,669	  x1:0x8000845c  x1=0x800086f9
        2975000	       296	80000468	df90d203	lhu	x4,-519(x1)	  x1:0x800086f9  x4=0x0000a8a9 PA:0x800084f2
        2985000	       297	8000046c	c4f09f83	lh	x31,-945(x1)	  x1:0x800086f9 x31=0x00000203 PA:0x80008348
        2995000	       298	80000470	c4b0a7a3	sw	x11,-945(x1)	  x1:0x800086f9 x11:0x00000040 PA:0x80008348
        3005000	       299	80000474	c4f0a503	lw	x10,-945(x1)	  x1:0x800086f9 x10=0x00000040 PA:0x80008348
        3015000	       300	80000478	c4c097a3	sh	x12,-945(x1)	  x1:0x800086f9 x12:0x800083e6 PA:0x80008348
        3025000	       301	8000047c	c4f09603	lh	x12,-945(x1)	  x1:0x800086f9 x12=0xffff83e6 PA:0x80008348
        3035000	       302	80000480	c4f0c003	lbu	x0,-945(x1)	  x1:0x800086f9 PA:0x80008348
        3045000	       303	80000484	c4f0ab83	lw	x23,-945(x1)	  x1:0x800086f9 x23=0x000083e6 PA:0x80008348
        3055000	       304	80000488	c400a7a3	sw	x0,-945(x1)	  x1:0x800086f9  x0:0x00000000 PA:0x80008348
        3065000	       305	8000048c	0178de33	srl	x28,x17,x23	 x17:0x80009f84 x23:0x000083e6 x28=0x0200027e
        3075000	       306	80000490	c4f0c983	lbu	x19,-945(x1)	  x1:0x800086f9 x19=0x00000000 PA:0x80008348
        3085000	       307	80000494	c4f0de03	lhu	x28,-945(x1)	  x1:0x800086f9 x28=0x00000000 PA:0x80008348
        3095000	       308	80000498	c5b087a3	sb	x27,-945(x1)	  x1:0x800086f9 x27:0x00000000 PA:0x80008348
        3105000	       309	8000049c	c4f0ab03	lw	x22,-945(x1)	  x1:0x800086f9 x22=0x00000000 PA:0x80008348
        3115000	       310	800004a0	c4f0c783	lbu	x15,-945(x1)	  x1:0x800086f9 x15=0x00000000 PA:0x80008348
        3125000	       311	00000000	00000013	addi	x0,x0,0	  x0:0x00000000
        3135000	       312	800004a4	c4f08383	lb	x7,-945(x1)	  x1:0x800086f9  x7=0x00000000 PA:0x80008348
        3145000	       313	800004a8	c5d087a3	sb	x29,-945(x1)	  x1:0x800086f9 x29:0x0000007c PA:0x80008348
        3155000	       314	800004ac	00008117	auipc	x2,0x8	  x2=0x800084a8
        3165000	       315	800004b0	3dd10113	addi	x2,x2,989	  x2:0x800084a8  x2=0x80008885
        3175000	       316	800004b4	05e14603	lbu	x12,94(x2)	  x2:0x80008885 x12=0x000000c8 PA:0x800088e3
        3185000	       317	800004b8	faf11b03	lh	x22,-81(x2)	  x2:0x80008885 x22=0x00001e1f PA:0x80008834
        3195000	       318	800004bc	fa911183	lh	x3,-87(x2)	  x2:0x80008885  x3=0x00001415 PA:0x8000882e
        3205000	       319	800004c0	fa915d03	lhu	x26,-87(x2)	  x2:0x80008885 x26=0x00001415 PA:0x8000882e
        3215000	       320	800004c4	fa911203	lh	x4,-87(x2)	  x2:0x80008885  x4=0x00001415 PA:0x8000882e
        3225000	       321	800004c8	fa914c03	lbu	x24,-87(x2)	  x2:0x80008885 x24=0x00000015 PA:0x8000882e
        3235000	       322	800004cc	029108a3	sb	x9,49(x2)	  x2:0x80008885  x9:0x00000000 PA:0x800088b6
        3245000	       323	800004d0	035108a3	sb	x21,49(x2)	  x2:0x80008885 x21:0xfef61414 PA:0x800088b6
        3255000	       324	800004d4	fbd10283	lb	x5,-67(x2)	  x2:0x80008885  x5=0x00000029 PA:0x80008842
        3265000	       325	800004d8	0c810283	lb	x5,200(x2)	  x2:0x80008885  x5=0x00000036 PA:0x8000894d
        3275000	       326	800004dc	278a6e13	ori	x28,x20,632	 x20:0x00005c5d x28=0x00005e7d
        3285000	       327	800004e0	0d510423	sb	x21,200(x2)	  x2:0x80008885 x21:0xfef61414 PA:0x8000894d
        3295000	       328	800004e4	0c810a83	lb	x21,200(x2)	  x2:0x80008885 x21=0x00000014 PA:0x8000894d
        3305000	       329	800004e8	0c610123	sb	x6,194(x2)	  x2:0x80008885  x6:0x80000000 PA:0x80008947
        3315000	       330	800004ec	0c210603	lb	x12,194(x2)	  x2:0x80008885 x12=0x00000000 PA:0x80008947
        3325000	       331	800004f0	0c310123	sb	x3,194(x2)	  x2:0x80008885  x3:0x00001415 PA:0x80008947
        3335000	       332	800004f4	0e014383	lbu	x7,224(x2)	  x2:0x80008885  x7=0x0000004e PA:0x80008965
        3345000	       333	800004f8	01f804b3	add	x9,x16,x31	 x16:0x000000f2 x31:0x00000203  x9=0x000002f5
        3355000	       334	800004fc	0c715983	lhu	x19,199(x2)	  x2:0x80008885 x19=0x00001400 PA:0x8000894c
        3365000	       335	80000500	41460e33	sub	x28,x12,x20	 x12:0x00000000 x20:0x00005c5d x28=0xffffa3a3
        3375000	       336	80000504	fea10e83	lb	x29,-22(x2)	  x2:0x80008885 x29=0x00000054 PA:0x8000886f
        3385000	       337	80000508	00008117	auipc	x2,0x8	  x2=0x80008504
        3395000	       338	8000050c	40310113	addi	x2,x2,1027	  x2:0x80008504  x2=0x80008907
        3405000	       339	80000510	fcc72813	slti	x16,x14,-52	 x14:0x00000000 x16=0x00000000
        3415000	       340	80000514	ff515283	lhu	x5,-11(x2)	  x2:0x80008907  x5=0x0000e6e7 PA:0x800088fc
        3425000	       341	80000518	d89e6b93	ori	x23,x28,-631	 x28:0xffffa3a3 x23=0xffffffab
        3435000	       342	8000051c	ff410383	lb	x7,-12(x2)	  x2:0x80008907  x7=0xffffffe0 PA:0x800088fb
        3445000	       343	80000520	f22b6d13	ori	x26,x22,-222	 x22:0x00001e1f x26=0xffffff3f
        3455000	       344	80000524	fff14903	lbu	x18,-1(x2)	  x2:0x80008907 x18=0x000000ed PA:0x80008906
        3465000	       345	80000528	00912783	lw	x15,9(x2)	  x2:0x80008907 x15=0xf8f9fafb PA:0x80008910
        3475000	       346	00000000	00000013	addi	x0,x0,0	  x0:0x00000000
        3485000	       347	8000052c	00f10223	sb	x15,4(x2)	  x2:0x80008907 x15:0xf8f9fafb PA:0x8000890b
        3495000	       348	80000530	00410b83	lb	x23,4(x2)	  x2:0x80008907 x23=0xfffffffb PA:0x8000890b
        3505000	       349	80000534	00414203	lbu	x4,4(x2)	  x2:0x80008907  x4=0x000000fb PA:0x8000890b
        3515000	       350	80000538	ffd14b83	lbu	x23,-3(x2)	  x2:0x80008907 x23=0x000000ef PA:0x80008904
        3525000	       351	8000053c	ffd10703	lb	x14,-3(x2)	  x2:0x80008907 x14=0xffffffef PA:0x80008904
        3535000	       352	80000540	ff014983	lbu	x19,-16(x2)	  x2:0x80008907 x19=0x000000dc PA:0x800088f7
        3545000	       353	80000544	ff010c83	lb	x25,-16(x2)	  x2:0x80008907 x25=0xffffffdc PA:0x800088f7
        3555000	       354	80000548	00000013	addi	x0,x0,0	  x0:0x00000000
        3565000	       355	8000054c	000122a3	sw	x0,5(x2)	  x2:0x80008907  x0:0x00000000 PA:0x8000890c
        3575000	       356	80000550	00510583	lb	x11,5(x2)	  x2:0x80008907 x11=0x00000000 PA:0x8000890c
        3585000	       357	80000554	fe410da3	sb	x4,-5(x2)	  x2:0x80008907  x4:0x000000fb PA:0x80008902
        3595000	       358	80000558	ff610983	lb	x19,-10(x2)	  x2:0x80008907 x19=0xffffffe6 PA:0x800088fd
        3605000	       359	8000055c	00512c03	lw	x24,5(x2)	  x2:0x80008907 x24=0x00000000 PA:0x8000890c
        3615000	       360	80000560	00d10583	lb	x11,13(x2)	  x2:0x80008907 x11=0xffffffff PA:0x80008914
        3625000	       361	80000564	00009217	auipc	x4,0x9	  x4=0x80009560
        3635000	       362	80000568	9c720213	addi	x4,x4,-1593	  x4:0x80009560  x4=0x80008f27
        3645000	       363	8000056c	fe820a23	sb	x8,-12(x4)	  x4:0x80008f27  x8:0x80009fc4 PA:0x80008f1b
        3655000	       364	80000570	00009f97	auipc	x31,0x9	 x31=0x8000956c
        3665000	       365	80000574	a52f8f93	addi	x31,x31,-1454	 x31:0x8000956c x31=0x80008fbe
        3675000	       366	80000578	f63f81a3	sb	x3,-157(x31)	 x31:0x80008fbe  x3:0x00001415 PA:0x80008f21
        3685000	       367	8000057c	f4ff8e83	lb	x29,-177(x31)	 x31:0x80008fbe x29=0xfffffff6 PA:0x80008f0d
        3695000	       368	80000580	00b224a3	sw	x11,9(x4)	  x4:0x80008f27 x11:0xffffffff PA:0x80008f30
        3705000	       369	80000584	001fcb03	lbu	x22,1(x31)	 x31:0x80008fbe x22=0x000000a4 PA:0x80008fbf
        3715000	       370	80000588	01f20123	sb	x31,2(x4)	  x4:0x80008f27 x31:0x80008fbe PA:0x80008f29
        3725000	       371	8000058c	fcff8423	sb	x15,-56(x31)	 x31:0x80008fbe x15:0xf8f9fafb PA:0x80008f86
        3735000	       372	80000590	faef9523	sh	x14,-86(x31)	 x31:0x80008fbe x14:0xffffffef PA:0x80008f68
        3745000	       373	80000594	01020903	lb	x18,16(x4)	  x4:0x80008f27 x18=0x0000001c PA:0x80008f37
        3755000	       374	80000598	00009197	auipc	x3,0x9	  x3=0x80009594
        3765000	       375	8000059c	a0218193	addi	x3,x3,-1534	  x3:0x80009594  x3=0x80008f96
        3775000	       376	800005a0	fea20c23	sb	x10,-8(x4)	  x4:0x80008f27 x10:0x00000040 PA:0x80008f1f
        3785000	       377	800005a4	f42f89a3	sb	x2,-173(x31)	 x31:0x80008fbe  x2:0x80008907 PA:0x80008f11
        3795000	       378	800005a8	01019103	lh	x2,16(x3)	  x3:0x80008f96  x2=0xffff8c8d PA:0x80008fa6
        3805000	       379	800005ac	ffe24983	lbu	x19,-2(x4)	  x4:0x80008f27 x19=0x0000000e PA:0x80008f25
        3815000	       380	800005b0	ff11c903	lbu	x18,-15(x3)	  x3:0x80008f96 x18=0x0000006c PA:0x80008f87
        3825000	       381	800005b4	02a1c083	lbu	x1,42(x3)	  x3:0x80008f96  x1=0x000000ab PA:0x80008fc0
        3835000	       382	800005b8	f6afd503	lhu	x10,-150(x31)	 x31:0x80008fbe x10=0x0000be13 PA:0x80008f28
        3845000	       383	800005bc	00522983	lw	x19,5(x4)	  x4:0x80008f27 x19=0x14151617 PA:0x80008f2c
        3855000	       384	800005c0	00f25e83	lhu	x29,15(x4)	  x4:0x80008f27 x29=0x00001c1d PA:0x80008f36
        3865000	       385	800005c4	f2cf86a3	sb	x12,-211(x31)	 x31:0x80008fbe x12:0x00000000 PA:0x80008eeb
        3875000	       386	800005c8	f18f8783	lb	x15,-232(x31)	 x31:0x80008fbe x15=0xffffffbd PA:0x80008ed6
        3885000	       387	800005cc	ff420e83	lb	x29,-12(x4)	  x4:0x80008f27 x29=0xffffffc4 PA:0x80008f1b
        3895000	       388	800005d0	f7b18103	lb	x2,-133(x3)	  x3:0x80008f96  x2=0x00000007 PA:0x80008f11
        3905000	       389	00000000	00000013	addi	x0,x0,0	  x0:0x00000000
        3915000	       390	800005d4	00224103	lbu	x2,2(x4)	  x4:0x80008f27  x2=0x000000be PA:0x80008f29
        3925000	       391	800005d8	f2efde83	lhu	x29,-210(x31)	 x31:0x80008fbe x29=0x0000d6d7 PA:0x80008eec
        3935000	       392	800005dc	04118103	lb	x2,65(x3)	  x3:0x80008f96  x2=0xffffffbc PA:0x80008fd7
        3945000	       393	800005e0	00008217	auipc	x4,0x8	  x4=0x800085dc
        3955000	       394	800005e4	e2c20213	addi	x4,x4,-468	  x4:0x800085dc  x4=0x80008408
        3965000	       395	800005e8	00008397	auipc	x7,0x8	  x7=0x800085e4
        3975000	       396	800005ec	ef138393	addi	x7,x7,-271	  x7:0x800085e4  x7=0x800084d5
        3985000	       397	800005f0	fff3cd03	lbu	x26,-1(x7)	  x7:0x800084d5 x26=0x0000008f PA:0x800084d4
        3995000	       398	800005f4	fe822d03	lw	x26,-24(x4)	  x4:0x80008408 x26=0xa8a9aaab PA:0x800083f0
        4005000	       399	800005f8	ff03c183	lbu	x3,-16(x7)	  x7:0x800084d5  x3=0x0000007e PA:0x800084c5
        4015000	       400	800005fc	00008617	auipc	x12,0x8	 x12=0x800085f8
        4025000	       401	80000600	10160613	addi	x12,x12,257	 x12:0x800085f8 x12=0x800086f9
        4035000	       402	80000604	03225183	lhu	x3,50(x4)	  x4:0x80008408  x3=0x0000f0f1 PA:0x8000843a
        4045000	       403	00000000	00000013	addi	x0,x0,0	  x0:0x00000000
        4055000	       404	80000608	00338f83	lb	x31,3(x7)	  x7:0x800084d5 x31=0xffffff93 PA:0x800084d8
        4065000	       405	8000060c	01d64b83	lbu	x23,29(x12)	 x12:0x800086f9 x23=0x000000cd PA:0x80008716
        4075000	       406	80000610	01c22283	lw	x5,28(x4)	  x4:0x80008408  x5=0xdcdddedf PA:0x80008424
        4085000	       407	00000000	00000013	addi	x0,x0,0	  x0:0x00000000
        4095000	       408	80000614	fe53ada3	sw	x5,-5(x7)	  x7:0x800084d5  x5:0xdcdddedf PA:0x800084d0
        4105000	       409	80000618	ff120023	sb	x17,-32(x4)	  x4:0x80008408 x17:0x80009f84 PA:0x800083e8
        4115000	       410	8000061c	01f22223	sw	x31,4(x4)	  x4:0x80008408 x31:0xffffff93 PA:0x8000840c
        4125000	       411	80000620	03f62c03	lw	x24,63(x12)	 x12:0x800086f9 x24=0xf0f1f2f3 PA:0x80008738
        4135000	       412	80000624	ff038903	lb	x18,-16(x7)	  x7:0x800084d5 x18=0x0000007e PA:0x800084c5
        4145000	       413	80000628	00038a83	lb	x21,0(x7)	  x7:0x800084d5 x21=0xffffff8e PA:0x800084d5
        4155000	       414	8000062c	fc860023	sb	x8,-64(x12)	 x12:0x800086f9  x8:0x80009fc4 PA:0x800086b9
        4165000	       415	80000630	03620e03	lb	x28,54(x4)	  x4:0x80008408 x28=0xfffffff5 PA:0x8000843e
        4175000	       416	80000634	fe638ea3	sb	x6,-3(x7)	  x7:0x800084d5  x6:0x80000000 PA:0x800084d2
        4185000	       417	80000638	fd120783	lb	x15,-47(x4)	  x4:0x80008408 x15=0xffffff92 PA:0x800083d9
        4195000	       418	8000063c	fe9603a3	sb	x9,-25(x12)	 x12:0x800086f9  x9:0x000002f5 PA:0x800086e0
        4205000	       419	80000640	ffb3c783	lbu	x15,-5(x7)	  x7:0x800084d5 x15=0x000000df PA:0x800084d0
        4215000	       420	80000644	00d64d03	lbu	x26,13(x12)	 x12:0x800086f9 x26=0x000000bd PA:0x80008706
        4225000	       421	80000648	01e208a3	sb	x30,17(x4)	  x4:0x80008408 x30:0xffffffaf PA:0x80008419
        4235000	       422	8000064c	ffd39d83	lh	x27,-3(x7)	  x7:0x800084d5 x27=0xffffdc00 PA:0x800084d2
        4245000	       423	80000650	ff23c183	lbu	x3,-14(x7)	  x7:0x800084d5  x3=0x0000007c PA:0x800084c7
        4255000	       424	80000654	00009397	auipc	x7,0x9	  x7=0x80009650
        4265000	       425	80000658	90c38393	addi	x7,x7,-1780	  x7:0x80009650  x7=0x80008f5c
        4275000	       426	8000065c	03438523	sb	x20,42(x7)	  x7:0x80008f5c x20:0x00005c5d PA:0x80008f86
        4285000	       427	80000660	4082de93	srai	x29,x5,0x8	  x5:0xdcdddedf x29=0xffdcddde
        4295000	       428	80000664	00d38fa3	sb	x13,31(x7)	  x7:0x80008f5c x13:0x00000000 PA:0x80008f7b
        4305000	       429	80000668	009b5cb3	srl	x25,x22,x9	 x22:0x000000a4  x9:0x000002f5 x25=0x00000000
        4315000	       430	8000066c	ff138d03	lb	x26,-15(x7)	  x7:0x80008f5c x26=0x00000036 PA:0x80008f4d
        4325000	       431	80000670	fea38083	lb	x1,-22(x7)	  x7:0x80008f5c  x1=0x0000002d PA:0x80008f46
        4335000	       432	80000674	fc53cb03	lbu	x22,-59(x7)	  x7:0x80008f5c x22=0x00000015 PA:0x80008f21
        4345000	       433	00000000	00000013	addi	x0,x0,0	  x0:0x00000000
        4355000	       434	80000678	036385a3	sb	x22,43(x7)	  x7:0x80008f5c x22:0x00000015 PA:0x80008f87
        4365000	       435	8000067c	004f1eb3	sll	x29,x30,x4	 x30:0xffffffaf  x4:0x80008408 x29=0xffffaf00
        4375000	       436	80000680	00638d83	lb	x27,6(x7)	  x7:0x80008f5c x27=0x00000049 PA:0x80008f62
        4385000	       437	80000684	9635bf93	sltiu	x31,x11,-1693	 x11:0xffffffff x31=0x00000000
        4395000	       438	80000688	03639983	lh	x19,54(x7)	  x7:0x80008f5c x19=0x00007879 PA:0x80008f92
        4405000	       439	8000068c	01aedc33	srl	x24,x29,x26	 x29:0xffffaf00 x26:0x00000036 x24=0x000003ff
        4415000	       440	80000690	02639903	lh	x18,38(x7)	  x7:0x80008f5c x18=0x00006869 PA:0x80008f82
        4425000	       441	80000694	00000013	addi	x0,x0,0	  x0:0x00000000
        4435000	       442	80000698	88f2a593	slti	x11,x5,-1905	  x5:0xdcdddedf x11=0x00000001
        4445000	       443	8000069c	036381a3	sb	x22,35(x7)	  x7:0x80008f5c x22:0x00000015 PA:0x80008f7f
        4455000	       444	800006a0	03439523	sh	x20,42(x7)	  x7:0x80008f5c x20:0x00005c5d PA:0x80008f86
        4465000	       445	800006a4	8dc40b93	addi	x23,x8,-1828	  x8:0x80009fc4 x23=0x800098a0
        4475000	       446	800006a8	fe83ab03	lw	x22,-24(x7)	  x7:0x80008f5c x22=0x2c2d2e2f PA:0x80008f44
        4485000	       447	800006ac	00239a83	lh	x21,2(x7)	  x7:0x80008f5c x21=0x00004445 PA:0x80008f5e
        4495000	       448	800006b0	fc4386a3	sb	x4,-51(x7)	  x7:0x80008f5c  x4:0x80008408 PA:0x80008f29
        4505000	       449	800006b4	00000013	addi	x0,x0,0	  x0:0x00000000
        4515000	       450	800006b8	015eecb3	or	x25,x29,x21	 x29:0xffffaf00 x21:0x00004445 x25=0xffffef45
        4525000	       451	800006bc	00ab9c33	sll	x24,x23,x10	 x23:0x800098a0 x10:0x0000be13 x24=0xc5000000
        4535000	       452	800006c0	012e2133	slt	x2,x28,x18	 x28:0xfffffff5 x18:0x00006869  x2=0x00000001
        4545000	       453	800006c4	b6013197	auipc	x3,0xb6013	  x3=0x360136c0
        4555000	       454	800006c8	03038fa3	sb	x16,63(x7)	  x7:0x80008f5c x16:0x00000000 PA:0x80008f9b
        4565000	       455	800006cc	e3dd8193	addi	x3,x27,-451	 x27:0x00000049  x3=0xfffffe86
        4575000	       456	800006d0	00ff0133	add	x2,x30,x15	 x30:0xffffffaf x15:0x000000df  x2=0x0000008e
        4585000	       457	800006d4	00b7a633	slt	x12,x15,x11	 x15:0x000000df x11:0x00000001 x12=0x00000000
        4595000	       458	800006d8	ffc38b03	lb	x22,-4(x7)	  x7:0x80008f5c x22=0x00000043 PA:0x80008f58
        4605000	       459	800006dc	5353e713	ori	x14,x7,1333	  x7:0x80008f5c x14=0x80008f7d
        4615000	       460	800006e0	01affd33	and	x26,x31,x26	 x31:0x00000000 x26:0x00000036 x26=0x00000000
        4625000	       461	800006e4	0093c683	lbu	x13,9(x7)	  x7:0x80008f5c x13=0x0000004e PA:0x80008f65
        4635000	       462	800006e8	ff638523	sb	x22,-22(x7)	  x7:0x80008f5c x22:0x00000043 PA:0x80008f46
        4645000	       463	800006ec	032386a3	sb	x18,45(x7)	  x7:0x80008f5c x18:0x00006869 PA:0x80008f89
        4655000	       464	800006f0	99e5b193	sltiu	x3,x11,-1634	 x11:0x00000001  x3=0x00000001
        4665000	       465	800006f4	fcb3c203	lbu	x4,-53(x7)	  x7:0x80008f5c  x4=0x0000000c PA:0x80008f27
        4675000	       466	800006f8	00000013	addi	x0,x0,0	  x0:0x00000000
        4685000	       467	800006fc	004a9993	slli	x19,x21,0x4	 x21:0x00004445 x19=0x00044450
        4695000	       468	80000700	fe038983	lb	x19,-32(x7)	  x7:0x80008f5c x19=0x00000027 PA:0x80008f3c
        4705000	       469	80000704	0273cc83	lbu	x25,39(x7)	  x7:0x80008f5c x25=0x00000068 PA:0x80008f83
        4715000	       470	80000708	fe338c83	lb	x25,-29(x7)	  x7:0x80008f5c x25=0x00000024 PA:0x80008f3f
        4725000	       471	8000070c	41f104b3	sub	x9,x2,x31	  x2:0x0000008e x31:0x00000000  x9=0x0000008e
        4735000	       472	80000710	004ec633	xor	x12,x29,x4	 x29:0xffffaf00  x4:0x0000000c x12=0xffffaf0c
        4745000	       473	80000714	005680b3	add	x1,x13,x5	 x13:0x0000004e  x5:0xdcdddedf  x1=0xdcdddf2d
        4755000	       474	80000718	007adf13	srli	x30,x21,0x7	 x21:0x00004445 x30=0x00000088
        4765000	       475	8000071c	fc23c703	lbu	x14,-62(x7)	  x7:0x80008f5c x14=0x00000005 PA:0x80008f1e
        4775000	       476	80000720	00008097	auipc	x1,0x8	  x1=0x8000871c
        4785000	       477	80000724	67d08093	addi	x1,x1,1661	  x1:0x8000871c  x1=0x80008d99
        4795000	       478	80000728	0069a2b3	slt	x5,x19,x6	 x19:0x00000027  x6:0x80000000  x5=0x00000000
        4805000	       479	8000072c	fc40c483	lbu	x9,-60(x1)	  x1:0x80008d99  x9=0x00000046 PA:0x80008d5d
        4815000	       480	80000730	b3108223	sb	x17,-1244(x1)	  x1:0x80008d99 x17:0x80009f84 PA:0x800088bd
        4825000	       481	80000734	21f0db83	lhu	x23,543(x1)	  x1:0x80008d99 x23=0x0000a2a3 PA:0x80008fb8
        4835000	       482	80000738	014b1e93	slli	x29,x22,0x14	 x22:0x00000043 x29=0x04300000
        4845000	       483	8000073c	1f6093a3	sh	x22,487(x1)	  x1:0x80008d99 x22:0x00000043 PA:0x80008f80
        4855000	       484	80000740	e1d0da83	lhu	x21,-483(x1)	  x1:0x80008d99 x21=0x00009c9d PA:0x80008bb6
        4865000	       485	80000744	fa80c983	lbu	x19,-88(x1)	  x1:0x80008d99 x19=0x0000002a PA:0x80008d41
        4875000	       486	80000748	01b55593	srli	x11,x10,0x1b	 x10:0x0000be13 x11=0x00000000
        4885000	       487	8000074c	e7908e23	sb	x25,-388(x1)	  x1:0x80008d99 x25:0x00000024 PA:0x80008c15
        4895000	       488	80000750	ba10c003	lbu	x0,-1119(x1)	  x1:0x80008d99 PA:0x8000893a
        4905000	       489	80000754	9579ca13	xori	x20,x19,-1705	 x19:0x0000002a x20=0xfffff97d
        4915000	       490	80000758	121089a3	sb	x1,307(x1)	  x1:0x80008d99  x1:0x80008d99 PA:0x80008ecc
        4925000	       491	8000075c	30eac293	xori	x5,x21,782	 x21:0x00009c9d  x5=0x00009f93
        4935000	       492	80000760	27518513	addi	x10,x3,629	  x3:0x00000001 x10=0x00000276
        4945000	       493	80000764	ca608b83	lb	x23,-858(x1)	  x1:0x80008d99 x23=0x00000024 PA:0x80008a3f
        4955000	       494	80000768	e8408823	sb	x4,-368(x1)	  x1:0x80008d99  x4:0x0000000c PA:0x80008c29
        4965000	       495	8000076c	ec1080a3	sb	x1,-319(x1)	  x1:0x80008d99  x1:0x80008d99 PA:0x80008c5a
        4975000	       496	80000770	1475f513	andi	x10,x11,327	 x11:0x00000000 x10=0x00000000
        4985000	       497	80000774	08508103	lb	x2,133(x1)	  x1:0x80008d99  x2=0x00000005 PA:0x80008e1e
        4995000	       498	80000778	b5e08983	lb	x19,-1186(x1)	  x1:0x80008d99 x19=0xffffffdc PA:0x800088f7
        5005000	       499	8000077c	b7a0c503	lbu	x10,-1158(x1)	  x1:0x80008d99 x10=0x000000f8 PA:0x80008913
        5015000	       500	80000780	0450c183	lbu	x3,69(x1)	  x1:0x80008d99  x3=0x000000c5 PA:0x80008dde
        5025000	       501	80000784	0153c3b3	xor	x7,x7,x21	  x7:0x80008f5c x21:0x00009c9d  x7=0x800013c1
        5035000	       502	80000788	b4608683	lb	x13,-1210(x1)	  x1:0x80008d99 x13=0xffffffc4 PA:0x800088df
        5045000	       503	8000078c	c350c383	lbu	x7,-971(x1)	  x1:0x80008d99  x7=0x000000b5 PA:0x800089ce
        5055000	       504	80000790	1684cd93	xori	x27,x9,360	  x9:0x00000046 x27=0x0000012e
        5065000	       505	80000794	22908d23	sb	x9,570(x1)	  x1:0x80008d99  x9:0x00000046 PA:0x80008fd3
        5075000	       506	80000798	0ca0cd03	lbu	x26,202(x1)	  x1:0x80008d99 x26=0x00000048 PA:0x80008e63
        5085000	       507	8000079c	20f08123	sb	x15,514(x1)	  x1:0x80008d99 x15:0x000000df PA:0x80008f9b
        5095000	       508	800007a0	e150db83	lhu	x23,-491(x1)	  x1:0x80008d99 x23=0x00009495 PA:0x80008bae
        5105000	       509	800007a4	14a08783	lb	x15,330(x1)	  x1:0x80008d99 x15=0xffffffc8 PA:0x80008ee3
        5115000	       510	800007a8	e400ca03	lbu	x20,-448(x1)	  x1:0x80008d99 x20=0x000000c2 PA:0x80008bd9
        5125000	       511	800007ac	41bed113	srai	x2,x29,0x1b	 x29:0x04300000  x2=0x00000000
        5135000	       512	800007b0	e43087a3	sb	x3,-433(x1)	  x1:0x80008d99  x3:0x000000c5 PA:0x80008be8
        5145000	       513	800007b4	00008a17	auipc	x20,0x8	 x20=0x800087b0
        5155000	       514	800007b8	048a0a13	addi	x20,x20,72	 x20:0x800087b0 x20=0x800087f8
        5165000	       515	800007bc	ae8a0ca3	sb	x8,-1287(x20)	 x20:0x800087f8  x8:0x80009fc4 PA:0x800082f1
        5175000	       516	800007c0	e0fa4483	lbu	x9,-497(x20)	 x20:0x800087f8  x9=0x000000bc PA:0x80008607
        5185000	       517	800007c4	beaa0e23	sb	x10,-1028(x20)	 x20:0x800087f8 x10:0x000000f8 PA:0x800083f4
        5195000	       518	800007c8	ff8a1803	lh	x16,-8(x20)	 x20:0x800087f8 x16=0xffffaaab PA:0x800087f0
        5205000	       519	800007cc	e7ba0923	sb	x27,-398(x20)	 x20:0x800087f8 x27:0x0000012e PA:0x8000866a
        5215000	       520	800007d0	fc3a2823	sw	x3,-48(x20)	 x20:0x800087f8  x3:0x000000c5 PA:0x800087c8
        5225000	       521	800007d4	93def917	auipc	x18,0x93def	 x18=0x13def7d0
        5235000	       522	800007d8	c4a22513	slti	x10,x4,-950	  x4:0x0000000c x10=0x00000000
        5245000	       523	800007dc	f3e33913	sltiu	x18,x6,-194	  x6:0x80000000 x18=0x00000001
        5255000	       524	800007e0	be7a2c23	sw	x7,-1032(x20)	 x20:0x800087f8  x7:0x000000b5 PA:0x800083f0
        5265000	       525	800007e4	d9ca2b83	lw	x23,-612(x20)	 x20:0x800087f8 x23=0x4c4d4e4f PA:0x80008594
        5275000	       526	800007e8	413e52b3	sra	x5,x28,x19	 x28:0xfffffff5 x19:0xffffffdc  x5=0xffffffff
        5285000	       527	800007ec	95064c13	xori	x24,x12,-1712	 x12:0xffffaf0c x24=0x0000565c
        5295000	       528	800007f0	fb1a4003	lbu	x0,-79(x20)	 x20:0x800087f8 PA:0x800087a9
        5305000	       529	800007f4	006edab3	srl	x21,x29,x6	 x29:0x04300000  x6:0x80000000 x21=0x04300000
        5315000	       530	800007f8	9e2a1783	lh	x15,-1566(x20)	 x20:0x800087f8 x15=0xffff9091 PA:0x800081da
        5325000	       531	800007fc	28904713	xori	x14,x0,649	  x0:0x00000000 x14=0x00000289
        5335000	       532	80000800	00132d33	slt	x26,x6,x1	  x6:0x80000000  x1:0x80008d99 x26=0x00000001
        5345000	       533	80000804	d1fa0a23	sb	x31,-748(x20)	 x20:0x800087f8 x31:0x00000000 PA:0x8000850c
        5355000	       534	80000808	ab0a1d03	lh	x26,-1360(x20)	 x20:0x800087f8 x26=0x00003b63 PA:0x800082a8
        5365000	       535	8000080c	a79a4f03	lbu	x30,-1415(x20)	 x20:0x800087f8 x30=0x0000002a PA:0x80008271
        5375000	       536	80000810	917a4483	lbu	x9,-1769(x20)	 x20:0x800087f8  x9=0x000000c4 PA:0x8000810f
        5385000	       537	80000814	e79a0d03	lb	x26,-391(x20)	 x20:0x800087f8 x26=0x0000002a PA:0x80008671
        5395000	       538	80000818	3db07db7	lui	x27,0x3db07	 x27=0x3db07000
        5405000	       539	8000081c	4055db33	sra	x22,x11,x5	 x11:0x00000000  x5:0xffffffff x22=0x00000000
        5415000	       540	80000820	9cba0f83	lb	x31,-1589(x20)	 x20:0x800087f8 x31=0x00000078 PA:0x800081c3
        5425000	       541	80000824	018d3cb3	sltu	x25,x26,x24	 x26:0x0000002a x24:0x0000565c x25=0x00000001
        5435000	       542	80000828	508baf93	slti	x31,x23,1288	 x23:0x4c4d4e4f x31=0x00000000
        5445000	       543	8000082c	d0ca0ba3	sb	x12,-745(x20)	 x20:0x800087f8 x12:0xffffaf0c PA:0x8000850f
        5455000	       544	80000830	00008f97	auipc	x31,0x8	 x31=0x8000882c
        5465000	       545	80000834	0a7f8f93	addi	x31,x31,167	 x31:0x8000882c x31=0x800088d3
        5475000	       546	80000838	031fd503	lhu	x10,49(x31)	 x31:0x800088d3 x10=0x0000eeef PA:0x80008904
        5485000	       547	00000000	00000013	addi	x0,x0,0	  x0:0x00000000
        5495000	       548	8000083c	02af8223	sb	x10,36(x31)	 x31:0x800088d3 x10:0x0000eeef PA:0x800088f7
        5505000	       549	80000840	01df9d03	lh	x26,29(x31)	 x31:0x800088d3 x26=0xffffdadb PA:0x800088f0
        5515000	       550	80000844	01df8903	lb	x18,29(x31)	 x31:0x800088d3 x18=0xffffffdb PA:0x800088f0
        5525000	       551	80000848	0fbfd203	lhu	x4,251(x31)	 x31:0x800088d3  x4=0x0000b4b5 PA:0x800089ce
        5535000	       552	8000084c	006fb133	sltu	x2,x31,x6	 x31:0x800088d3  x6:0x80000000  x2=0x00000000
        5545000	       553	80000850	f61f9a03	lh	x20,-159(x31)	 x31:0x800088d3 x20=0x00001e1f PA:0x80008834
        5555000	       554	80000854	f61fa103	lw	x2,-159(x31)	 x31:0x800088d3  x2=0x1c1d1e1f PA:0x80008834
        5565000	       555	80000858	fe4fcd83	lbu	x27,-28(x31)	 x31:0x800088d3 x27=0x0000009c PA:0x800088b7
        5575000	       556	8000085c	044fcd03	lbu	x26,68(x31)	 x31:0x800088d3 x26=0x000000fc PA:0x80008917
        5585000	       557	80000860	044fce03	lbu	x28,68(x31)	 x31:0x800088d3 x28=0x000000fc PA:0x80008917
        5595000	       558	80000864	050f90a3	sh	x16,65(x31)	 x31:0x800088d3 x16:0xffffaaab PA:0x80008914
        5605000	       559	80000868	027f9ea3	sh	x7,61(x31)	 x31:0x800088d3  x7:0x000000b5 PA:0x80008910
        5615000	       560	8000086c	f80f8d83	lb	x27,-128(x31)	 x31:0x800088d3 x27=0x00000038 PA:0x80008853
        5625000	       561	80000870	d639e713	ori	x14,x19,-669	 x19:0xffffffdc x14=0xffffffff
        5635000	       562	80000874	0c1f8603	lb	x12,193(x31)	 x31:0x800088d3 x12=0x0000007f PA:0x80008994
        5645000	       563	80000878	08af8b83	lb	x23,138(x31)	 x31:0x800088d3 x23=0x00000046 PA:0x8000895d
        5655000	       564	8000087c	f82f8fa3	sb	x2,-97(x31)	 x31:0x800088d3  x2:0x1c1d1e1f PA:0x80008872
        5665000	       565	80000880	4159ddb3	sra	x27,x19,x21	 x19:0xffffffdc x21:0x04300000 x27=0xffffffdc
        5675000	       566	80000884	40618cb3	sub	x25,x3,x6	  x3:0x000000c5  x6:0x80000000 x25=0x800000c5
        5685000	       567	80000888	0136d093	srli	x1,x13,0x13	 x13:0xffffffc4  x1=0x00001fff
        5695000	       568	8000088c	04990463	beq	x18,x9,800008d4	 x18:0xffffffdb  x9:0x000000c4
        5705000	       569	80000890	01175c63	bge	x14,x17,800008a8	 x14:0xffffffff x17:0x80009f84
        5715000	       570	00000000	00000013	addi	x0,x0,0	  x0:0x00000000
        5725000	       571	800008a4	00000013	addi	x0,x0,0	  x0:0x00000000
        5735000	       572	800008a8	00000013	addi	x0,x0,0	  x0:0x00000000
        5745000	       573	800008ac	8ee2a793	slti	x15,x5,-1810	  x5:0xffffffff x15=0x00000000
        5755000	       574	800008b0	40c3d0b3	sra	x1,x7,x12	  x7:0x000000b5 x12:0x0000007f  x1=0x00000000
        5765000	       575	800008b4	00d3a0b3	slt	x1,x7,x13	  x7:0x000000b5 x13:0xffffffc4  x1=0x00000000
        5775000	       576	800008b8	976f2d13	slti	x26,x30,-1674	 x30:0x0000002a x26=0x00000000
        5785000	       577	800008bc	0c0c9e63	bne	x25,x0,80000998	 x25:0x800000c5  x0:0x00000000
        5795000	       578	00000000	00000013	addi	x0,x0,0	  x0:0x00000000
        5805000	       579	80000994	00000013	addi	x0,x0,0	  x0:0x00000000
        5815000	       580	80000998	001cb4b3	sltu	x9,x25,x1	 x25:0x800000c5  x1:0x00000000  x9=0x00000000
        5825000	       581	8000099c	6b15af13	slti	x30,x11,1713	 x11:0x00000000 x30=0x00000001
        5835000	       582	800009a0	03984663	blt	x16,x25,800009cc	 x16:0xffffaaab x25:0x800000c5
        5845000	       583	800009a4	00000013	addi	x0,x0,0	  x0:0x00000000
        5855000	       584	800009a8	01dfd393	srli	x7,x31,0x1d	 x31:0x800088d3  x7=0x00000004
        5865000	       585	800009ac	124e6637	lui	x12,0x124e6	 x12=0x124e6000
        5875000	       586	800009b0	32152a93	slti	x21,x10,801	 x10:0x0000eeef x21=0x00000000
        5885000	       587	800009b4	01222d33	slt	x26,x4,x18	  x4:0x0000b4b5 x18:0xffffffdb x26=0x00000000
        5895000	       588	800009b8	a377ae93	slti	x29,x15,-1481	 x15:0x00000000 x29=0x00000000
        5905000	       589	800009bc	0013d0b3	srl	x1,x7,x1	  x7:0x00000004  x1:0x00000000  x1=0x00000004
        5915000	       590	800009c0	04e8e663	bltu	x17,x14,80000a0c	 x17:0x80009f84 x14:0xffffffff
        5925000	       591	00000000	00000013	addi	x0,x0,0	  x0:0x00000000
        5935000	       592	80000a08	00000013	addi	x0,x0,0	  x0:0x00000000
        5945000	       593	80000a0c	01835b93	srli	x23,x6,0x18	  x6:0x80000000 x23=0x00000080
        5955000	       594	80000a10	016a1213	slli	x4,x20,0x16	 x20:0x00001e1f  x4=0x87c00000
        5965000	       595	80000a14	01c7c733	xor	x14,x15,x28	 x15:0x00000000 x28:0x000000fc x14=0x000000fc
        5975000	       596	80000a18	3f0aae93	slti	x29,x21,1008	 x21:0x00000000 x29=0x00000001
        5985000	       597	80000a1c	01704c33	xor	x24,x0,x23	  x0:0x00000000 x23:0x00000080 x24=0x00000080
        5995000	       598	80000a20	b741a117	auipc	x2,0xb741a	  x2=0x3741aa1c
        6005000	       599	80000a24	00dcfbb3	and	x23,x25,x13	 x25:0x800000c5 x13:0xffffffc4 x23=0x800000c4
        6015000	       600	80000a28	41c952b3	sra	x5,x18,x28	 x18:0xffffffdb x28:0x000000fc  x5=0xffffffff
        6025000	       601	80000a2c	00df6933	or	x18,x30,x13	 x30:0x00000001 x13:0xffffffc4 x18=0xffffffc5
        6035000	       602	80000a30	04f7f863	bgeu	x15,x15,80000a80	 x15:0x00000000 x15:0x00000000
        6045000	       603	00000000	00000013	addi	x0,x0,0	  x0:0x00000000
        6055000	       604	80000a7c	00000013	addi	x0,x0,0	  x0:0x00000000
        6065000	       605	80000a80	03298463	beq	x19,x18,80000aa8	 x19:0xffffffdc x18:0xffffffc5
        6075000	       606	80000a84	00685f33	srl	x30,x16,x6	 x16:0xffffaaab  x6:0x80000000 x30=0xffffaaab
        6085000	       607	80000a88	017bbb33	sltu	x22,x23,x23	 x23:0x800000c4 x23:0x800000c4 x22=0x00000000
        6095000	       608	80000a8c	00a34263	blt	x6,x10,80000a90	  x6:0x80000000 x10:0x0000eeef
        6105000	       609	00000000	00000013	addi	x0,x0,0	  x0:0x00000000
        6115000	       610	80000a8c	00000013	addi	x0,x0,0	  x0:0x00000000
        6125000	       611	80000a90	8887a793	slti	x15,x15,-1912	 x15:0x00000000 x15=0x00000000
        6135000	       612	80000a94	01c3bc33	sltu	x24,x7,x28	  x7:0x00000004 x28:0x000000fc x24=0x00000001
        6145000	       613	80000a98	00000013	addi	x0,x0,0	  x0:0x00000000
        6155000	       614	80000a9c	012b6863	bltu	x22,x18,80000aac	 x22:0x00000000 x18:0xffffffc5
        6165000	       615	00000000	00000013	addi	x0,x0,0	  x0:0x00000000
        6175000	       616	80000aa8	00000013	addi	x0,x0,0	  x0:0x00000000
        6185000	       617	80000aac	e49cb213	sltiu	x4,x25,-439	 x25:0x800000c5  x4=0x00000001
        6195000	       618	80000ab0	01ffe6b3	or	x13,x31,x31	 x31:0x800088d3 x31:0x800088d3 x13=0x800088d3
        6205000	       619	80000ab4	01fbafb3	slt	x31,x23,x31	 x23:0x800000c4 x31:0x800088d3 x31=0x00000001
        6215000	       620	80000ab8	01c87933	and	x18,x16,x28	 x16:0xffffaaab x28:0x000000fc x18=0x000000a8
        6225000	       621	80000abc	cef9b513	sltiu	x10,x19,-785	 x19:0xffffffdc x10=0x00000000
        6235000	       622	80000ac0	0069dd33	srl	x26,x19,x6	 x19:0xffffffdc  x6:0x80000000 x26=0xffffffdc
        6245000	       623	80000ac4	f750b613	sltiu	x12,x1,-139	  x1:0x00000004 x12=0x00000001
        6255000	       624	80000ac8	414009b3	sub	x19,x0,x20	  x0:0x00000000 x20:0x00001e1f x19=0xffffe1e1
        6265000	       625	80000acc	02c58a63	beq	x11,x12,80000b00	 x11:0x00000000 x12:0x00000001
        6275000	       626	80000ad0	008bec63	bltu	x23,x8,80000ae8	 x23:0x800000c4  x8:0x80009fc4
        6285000	       627	00000000	00000013	addi	x0,x0,0	  x0:0x00000000
        6295000	       628	80000ae4	00000013	addi	x0,x0,0	  x0:0x00000000
        6305000	       629	80000ae8	0140deb3	srl	x29,x1,x20	  x1:0x00000004 x20:0x00001e1f x29=0x00000000
        6315000	       630	80000aec	00c11933	sll	x18,x2,x12	  x2:0x3741aa1c x12:0x00000001 x18=0x6e835438
        6325000	       631	80000af0	0105f9b3	and	x19,x11,x16	 x11:0x00000000 x16:0xffffaaab x19=0x00000000
        6335000	       632	80000af4	84639097	auipc	x1,0x84639	  x1=0x04639af0
        6345000	       633	80000af8	00e5da13	srli	x20,x11,0xe	 x11:0x00000000 x20=0x00000000
        6355000	       634	80000afc	76354293	xori	x5,x10,1891	 x10:0x00000000  x5=0x00000763
        6365000	       635	80000b00	00d4b9b3	sltu	x19,x9,x13	  x9:0x00000000 x13:0x800088d3 x19=0x00000001
        6375000	       636	80000b04	00001f17	auipc	x30,0x1	 x30=0x80001b00
        6385000	       637	80000b08	c10f0f13	addi	x30,x30,-1008	 x30:0x80001b00 x30=0x80001710
        6395000	       638	80000b0c	3d856f93	ori	x31,x10,984	 x10:0x00000000 x31=0x000003d8
        6405000	       639	80000b10	111f0f13	addi	x30,x30,273	 x30:0x80001710 x30=0x80001821
        6415000	       640	80000b14	00069693	slli	x13,x13,0x0	 x13:0x800088d3 x13=0x800088d3
        6425000	       641	80000b18	011f9033	sll	x0,x31,x17	 x31:0x000003d8 x17:0x80009f84
        6435000	       642	80000b1c	a96be217	auipc	x4,0xa96be	  x4=0x296beb18
        6445000	       643	80000b20	01f1e463	bltu	x3,x31,80000b28	  x3:0x000000c5 x31:0x000003d8
        6455000	       644	00000000	00000013	addi	x0,x0,0	  x0:0x00000000
        6465000	       645	80000b24	00000013	addi	x0,x0,0	  x0:0x00000000
        6475000	       646	80000b28	eeff00e7	jalr	x1,x30,-273	 x30:0x80001821  x1=0x80000b28
        6485000	       647	00000000	00000013	addi	x0,x0,0	  x0:0x00000000
        6495000	       648	80001710	00000013	addi	x0,x0,0	  x0:0x00000000
        6505000	       649	80001714	2a38b793	sltiu	x15,x17,675	 x17:0x80009f84 x15=0x00000000
        6515000	       650	80001718	fd488893	addi	x17,x17,-44	 x17:0x80009f84 x17=0x80009f58
        6525000	       651	8000171c	40ee5193	srai	x3,x28,0xe	 x28:0x000000fc  x3=0x00000000
        6535000	       652	80001720	0018a223	sw	x1,4(x17)	 x17:0x80009f58  x1:0x80000b28 PA:0x80009f5c
        6545000	       653	80001724	d7dbd497	auipc	x9,0xd7dbd	  x9=0x57dbe720
        6555000	       654	80001728	01429e93	slli	x29,x5,0x14	  x5:0x00000763 x29=0x76300000
        6565000	       655	8000172c	d7e98b93	addi	x23,x19,-642	 x19:0x00000001 x23=0xfffffd7f
        6575000	       656	80001730	01dabc33	sltu	x24,x21,x29	 x21:0x00000000 x29:0x76300000 x24=0x00000001
        6585000	       657	80001734	c853b493	sltiu	x9,x7,-891	  x7:0x00000004  x9=0x00000001
        6595000	       658	80001738	00000797	auipc	x15,0x0	 x15=0x80001734
        6605000	       659	8000173c	16478793	addi	x15,x15,356	 x15:0x80001734 x15=0x80001898
        6615000	       660	80001740	e7178793	addi	x15,x15,-399	 x15:0x80001898 x15=0x80001709
        6625000	       661	80001744	41fc5733	sra	x14,x24,x31	 x24:0x00000001 x31:0x000003d8 x14=0x00000000
        6635000	       662	80001748	2f53b813	sltiu	x16,x7,757	  x7:0x00000004 x16=0x00000001
        6645000	       663	8000174c	01a81b93	slli	x23,x16,0x1a	 x16:0x00000001 x23=0x04000000
        6655000	       664	80001750	01c4e233	or	x4,x9,x28	  x9:0x00000001 x28:0x000000fc  x4=0x000000fd
        6665000	       665	80001754	b8eea493	slti	x9,x29,-1138	 x29:0x76300000  x9=0x00000000
        6675000	       666	80001758	18f780e7	jalr	x1,x15,399	 x15:0x80001709  x1=0x80001758
        6685000	       667	00000000	00000013	addi	x0,x0,0	  x0:0x00000000
        6695000	       668	80001898	00000013	addi	x0,x0,0	  x0:0x00000000
        6705000	       669	8000189c	ff088893	addi	x17,x17,-16	 x17:0x80009f58 x17=0x80009f48
        6715000	       670	800018a0	019477b3	and	x15,x8,x25	  x8:0x80009fc4 x25:0x800000c5 x15=0x800000c4
        6725000	       671	800018a4	01c65e33	srl	x28,x12,x28	 x12:0x00000001 x28:0x000000fc x28=0x00000000
        6735000	       672	800018a8	00e2c233	xor	x4,x5,x14	  x5:0x00000763 x14:0x00000000  x4=0x00000763
        6745000	       673	800018ac	019b9513	slli	x10,x23,0x19	 x23:0x04000000 x10=0x00000000
        6755000	       674	800018b0	0018a223	sw	x1,4(x17)	 x17:0x80009f48  x1:0x80001758 PA:0x80009f4c
        6765000	       675	800018b4	0127da93	srli	x21,x15,0x12	 x15:0x800000c4 x21=0x00002000
        6775000	       676	800018b8	40a509b3	sub	x19,x10,x10	 x10:0x00000000 x10:0x00000000 x19=0x00000000
        6785000	       677	800018bc	01467033	and	x0,x12,x20	 x12:0x00000001 x20:0x00000000
        6795000	       678	800018c0	0067bbb3	sltu	x23,x15,x6	 x15:0x800000c4  x6:0x80000000 x23=0x00000000
        6805000	       679	800018c4	00051133	sll	x2,x10,x0	 x10:0x00000000  x0:0x00000000  x2=0x00000000
        6815000	       680	800018c8	d1c5e193	ori	x3,x11,-740	 x11:0x00000000  x3=0xfffffd1c
        6825000	       681	800018cc	00007a97	auipc	x21,0x7	 x21=0x800088c8
        6835000	       682	800018d0	1f6a8a93	addi	x21,x21,502	 x21:0x800088c8 x21=0x80008abe
        6845000	       683	800018d4	f65aa123	sw	x5,-158(x21)	 x21:0x80008abe  x5:0x00000763 PA:0x80008a20
        6855000	       684	800018d8	00007917	auipc	x18,0x7	 x18=0x800088d4
        6865000	       685	800018dc	4e090913	addi	x18,x18,1248	 x18:0x800088d4 x18=0x80008db4
        6875000	       686	800018e0	43ca8ba3	sb	x28,1079(x21)	 x21:0x80008abe x28:0x00000000 PA:0x80008ef5
        6885000	       687	800018e4	fad90d03	lb	x26,-83(x18)	 x18:0x80008db4 x26=0x0000004a PA:0x80008d61
        6895000	       688	800018e8	158ac103	lbu	x2,344(x21)	 x21:0x80008abe  x2=0x000000fd PA:0x80008c16
        6905000	       689	800018ec	00b94103	lbu	x2,11(x18)	 x18:0x80008db4  x2=0x000000a4 PA:0x80008dbf
        6915000	       690	800018f0	261a8503	lb	x10,609(x21)	 x21:0x80008abe x10=0x00000004 PA:0x80008d1f
        6925000	       691	800018f4	3e8a8f03	lb	x30,1000(x21)	 x21:0x80008abe x30=0xffffff8d PA:0x80008ea6
        6935000	       692	800018f8	fc390703	lb	x14,-61(x18)	 x18:0x80008db4 x14=0x0000005c PA:0x80008d77
        6945000	       693	800018fc	34ca82a3	sb	x12,837(x21)	 x21:0x80008abe x12:0x00000001 PA:0x80008e03
        6955000	       694	80001900	10090583	lb	x11,256(x18)	 x18:0x80008db4 x11=0xffffff9f PA:0x80008eb4
        6965000	       695	80001904	00f90083	lb	x1,15(x18)	 x18:0x80008db4  x1=0xffffffa8 PA:0x80008dc3
        6975000	       696	80001908	e2ca80a3	sb	x12,-479(x21)	 x21:0x80008abe x12:0x00000001 PA:0x800088df
        6985000	       697	8000190c	f4eac603	lbu	x12,-178(x21)	 x21:0x80008abe x12=0x000000f7 PA:0x80008a0c
        6995000	       698	80001910	faa90623	sb	x10,-84(x18)	 x18:0x80008db4 x10:0x00000004 PA:0x80008d60
        7005000	       699	80001914	072a8223	sb	x18,100(x21)	 x21:0x80008abe x18:0x80008db4 PA:0x80008b22
        7015000	       700	80001918	0da94a03	lbu	x20,218(x18)	 x18:0x80008db4 x20=0x00000075 PA:0x80008e8e
        7025000	       701	8000191c	d68acd83	lbu	x27,-664(x21)	 x21:0x80008abe x27=0x0000000d PA:0x80008826
        7035000	       702	00000000	00000013	addi	x0,x0,0	  x0:0x00000000
        7045000	       703	80001920	f9b94c83	lbu	x25,-101(x18)	 x18:0x80008db4 x25=0x00000034 PA:0x80008d4f
        7055000	       704	80001924	00007297	auipc	x5,0x7	  x5=0x80008920
        7065000	       705	80001928	4e728293	addi	x5,x5,1255	  x5:0x80008920  x5=0x80008e07
        7075000	       706	8000192c	d2528ba3	sb	x5,-713(x5)	  x5:0x80008e07  x5:0x80008e07 PA:0x80008b3e
        7085000	       707	80001930	f492d783	lhu	x15,-183(x5)	  x5:0x80008e07 x15=0x00003a3b PA:0x80008d50
        7095000	       708	80001934	f4929603	lh	x12,-183(x5)	  x5:0x80008e07 x12=0x00003a3b PA:0x80008d50
        7105000	       709	80001938	944c0b13	addi	x22,x24,-1724	 x24:0x00000001 x22=0xfffff945
        7115000	       710	8000193c	f4928e03	lb	x28,-183(x5)	  x5:0x80008e07 x28=0x0000003b PA:0x80008d50
        7125000	       711	80001940	33994613	xori	x12,x18,825	 x18:0x80008db4 x12=0x80008e8d
        7135000	       712	80001944	f0d296a3	sh	x13,-243(x5)	  x5:0x80008e07 x13:0x800088d3 PA:0x80008d14
        7145000	       713	80001948	f0d2a503	lw	x10,-243(x5)	  x5:0x80008e07 x10=0xfcfd88d3 PA:0x80008d14
        7155000	       714	8000194c	f0d2ca03	lbu	x20,-243(x5)	  x5:0x80008e07 x20=0x000000d3 PA:0x80008d14
        7165000	       715	80001950	f0d29483	lh	x9,-243(x5)	  x5:0x80008e07  x9=0xffff88d3 PA:0x80008d14
        7175000	       716	80001954	407a5833	sra	x16,x20,x7	 x20:0x000000d3  x7:0x00000004 x16=0x0000000d
        7185000	       717	80001958	00730133	add	x2,x6,x7	  x6:0x80000000  x7:0x00000004  x2=0x80000004
        7195000	       718	8000195c	c5a7d497	auipc	x9,0xc5a7d	  x9=0x45a7e958
        7205000	       719	80001960	cb02c903	lbu	x18,-848(x5)	  x5:0x80008e07 x18=0x0000009c PA:0x80008ab7
        7215000	       720	80001964	d3c2a4a3	sw	x28,-727(x5)	  x5:0x80008e07 x28:0x0000003b PA:0x80008b30
        7225000	       721	80001968	d292c103	lbu	x2,-727(x5)	  x5:0x80008e07  x2=0x0000003b PA:0x80008b30
        7235000	       722	8000196c	d2928003	lb	x0,-727(x5)	  x5:0x80008e07 PA:0x80008b30
        7245000	       723	80001970	e4eb0993	addi	x19,x22,-434	 x22:0xfffff945 x19=0xfffff793
        7255000	       724	80001974	010d1cb3	sll	x25,x26,x16	 x26:0x0000004a x16:0x0000000d x25=0x00094000
        7265000	       725	80001978	bff2ce83	lbu	x29,-1025(x5)	  x5:0x80008e07 x29=0x000000ed PA:0x80008a06
        7275000	       726	8000197c	bf929fa3	sh	x25,-1025(x5)	  x5:0x80008e07 x25:0x00094000 PA:0x80008a06
        7285000	       727	80001980	00007117	auipc	x2,0x7	  x2=0x8000897c
        7295000	       728	80001984	0a910113	addi	x2,x2,169	  x2:0x8000897c  x2=0x80008a25
        7305000	       729	80001988	419a57b3	sra	x15,x20,x25	 x20:0x000000d3 x25:0x00094000 x15=0x000000d3
        7315000	       730	8000198c	4da86613	ori	x12,x16,1242	 x16:0x0000000d x12=0x000004df
        7325000	       731	80001990	00d10b23	sb	x13,22(x2)	  x2:0x80008a25 x13:0x800088d3 PA:0x80008a3b
        7335000	       732	80001994	a9c0c397	auipc	x7,0xa9c0c	  x7=0x29c0d990
        7345000	       733	80001998	c2e2ea93	ori	x21,x5,-978	  x5:0x80008e07 x21=0xfffffe2f
        7355000	       734	8000199c	c48f1ab7	lui	x21,0xc48f1	 x21=0xc48f1000
        7365000	       735	800019a0	f0610b23	sb	x6,-234(x2)	  x2:0x80008a25  x6:0x80000000 PA:0x8000893b
        7375000	       736	800019a4	04c10823	sb	x12,80(x2)	  x2:0x80008a25 x12:0x000004df PA:0x80008a75
        7385000	       737	800019a8	412c83b3	sub	x7,x25,x18	 x25:0x00094000 x18:0x0000009c  x7=0x00093f64
        7395000	       738	800019ac	010a14b3	sll	x9,x20,x16	 x20:0x000000d3 x16:0x0000000d  x9=0x001a6000
        7405000	       739	800019b0	00a10123	sb	x10,2(x2)	  x2:0x80008a25 x10:0xfcfd88d3 PA:0x80008a27
        7415000	       740	800019b4	02214703	lbu	x14,34(x2)	  x2:0x80008a25 x14=0x0000002c PA:0x80008a47
        7425000	       741	800019b8	00c1ccb3	xor	x25,x3,x12	  x3:0xfffffd1c x12:0x000004df x25=0xfffff9c3
        7435000	       742	800019bc	0a610803	lb	x16,166(x2)	  x2:0x80008a25 x16=0xffffffb0 PA:0x80008acb
        7445000	       743	800019c0	0f810b03	lb	x22,248(x2)	  x2:0x80008a25 x22=0x00000006 PA:0x80008b1d
        7455000	       744	800019c4	f39123a3	sw	x25,-217(x2)	  x2:0x80008a25 x25:0xfffff9c3 PA:0x8000894c
        7465000	       745	800019c8	0036c6b3	xor	x13,x13,x3	 x13:0x800088d3  x3:0xfffffd1c x13=0x7fff75cf
        7475000	       746	800019cc	001ae1b3	or	x3,x21,x1	 x21:0xc48f1000  x1:0xffffffa8  x3=0xffffffa8
        7485000	       747	800019d0	01c27f33	and	x30,x4,x28	  x4:0x00000763 x28:0x0000003b x30=0x00000023
        7495000	       748	800019d4	216be0b7	lui	x1,0x216be	  x1=0x216be000
        7505000	       749	800019d8	06f11683	lh	x13,111(x2)	  x2:0x80008a25 x13=0x00007e7f PA:0x80008a94
        7515000	       750	800019dc	f6911203	lh	x4,-151(x2)	  x2:0x80008a25  x4=0x00007475 PA:0x8000898e
        7525000	       751	800019e0	00000013	addi	x0,x0,0	  x0:0x00000000
        7535000	       752	800019e4	41ac83b3	sub	x7,x25,x26	 x25:0xfffff9c3 x26:0x0000004a  x7=0xfffff979
        7545000	       753	800019e8	f2d40513	addi	x10,x8,-211	  x8:0x80009fc4 x10=0x80009ef1
        7555000	       754	800019ec	5280c013	xori	x0,x1,1320	  x1:0x216be000
        7565000	       755	800019f0	df6dec17	auipc	x24,0xdf6de	 x24=0x5f6df9ec
        7575000	       756	800019f4	00a14603	lbu	x12,10(x2)	  x2:0x80008a25 x12=0x00000014 PA:0x80008a2f
        7585000	       757	800019f8	f7711a03	lh	x20,-137(x2)	  x2:0x80008a25 x20=0xffff8687 PA:0x8000899c
        7595000	       758	800019fc	019411b3	sll	x3,x8,x25	  x8:0x80009fc4 x25:0xfffff9c3  x3=0x0004fe20
        7605000	       759	80001a00	003924b3	slt	x9,x18,x3	 x18:0x0000009c  x3:0x0004fe20  x9=0x00000001
        7615000	       760	80001a04	00889b13	slli	x22,x17,0x8	 x17:0x80009f48 x22=0x009f4800
        7625000	       761	80001a08	52b10993	addi	x19,x2,1323	  x2:0x80008a25 x19=0x80008f50
        7635000	       762	80001a0c	73164713	xori	x14,x12,1841	 x12:0x00000014 x14=0x00000725
        7645000	       763	80001a10	417780b3	sub	x1,x15,x23	 x15:0x000000d3 x23:0x00000000  x1=0x000000d3
        7655000	       764	80001a14	2dfbed37	lui	x26,0x2dfbe	 x26=0x2dfbe000
        7665000	       765	80001a18	f5b10583	lb	x11,-165(x2)	  x2:0x80008a25 x11=0x0000006b PA:0x80008980
        7675000	       766	80001a1c	f8514803	lbu	x16,-123(x2)	  x2:0x80008a25 x16=0x00000091 PA:0x800089aa
        7685000	       767	80001a20	fe410683	lb	x13,-28(x2)	  x2:0x80008a25 x13=0xfffffff2 PA:0x80008a09
        7695000	       768	80001a24	faf15c03	lhu	x24,-81(x2)	  x2:0x80008a25 x24=0x0000bebf PA:0x800089d4
        7705000	       769	80001a28	08d10a23	sb	x13,148(x2)	  x2:0x80008a25 x13:0xfffffff2 PA:0x80008ab9
        7715000	       770	80001a2c	ac80b813	sltiu	x16,x1,-1336	  x1:0x000000d3 x16=0x00000001
        7725000	       771	80001a30	f8610a83	lb	x21,-122(x2)	  x2:0x80008a25 x21=0xffffff90 PA:0x800089ab
        7735000	       772	80001a34	01295d33	srl	x26,x18,x18	 x18:0x0000009c x18:0x0000009c x26=0x00000000
        7745000	       773	80001a38	00cf3e33	sltu	x28,x30,x12	 x30:0x00000023 x12:0x00000014 x28=0x00000000
        7755000	       774	80001a3c	01795193	srli	x3,x18,0x17	 x18:0x0000009c  x3=0x00000000
        7765000	       775	80001a40	00c282b3	add	x5,x5,x12	  x5:0x80008e07 x12:0x00000014  x5=0x80008e1b
        7775000	       776	80001a44	0089cb33	xor	x22,x19,x8	 x19:0x80008f50  x8:0x80009fc4 x22=0x00001094
        7785000	       777	80001a48	310c3c13	sltiu	x24,x24,784	 x24:0x0000bebf x24=0x00000000
        7795000	       778	80001a4c	014b2633	slt	x12,x22,x20	 x22:0x00001094 x20:0xffff8687 x12=0x00000000
        7805000	       779	80001a50	018bf033	and	x0,x23,x24	 x23:0x00000000 x24:0x00000000
        7815000	       780	80001a54	0030dd93	srli	x27,x1,0x3	  x1:0x000000d3 x27=0x0000001a
        7825000	       781	80001a58	4a164693	xori	x13,x12,1185	 x12:0x00000000 x13=0x000004a1
        7835000	       782	80001a5c	018d5f33	srl	x30,x26,x24	 x26:0x00000000 x24:0x00000000 x30=0x00000000
        7845000	       783	80001a60	00780033	add	x0,x16,x7	 x16:0x00000001  x7:0xfffff979
        7855000	       784	80001a64	02689a63	bne	x17,x6,80001a98	 x17:0x80009f48  x6:0x80000000
        7865000	       785	00000000	00000013	addi	x0,x0,0	  x0:0x00000000
        7875000	       786	80001a94	00000013	addi	x0,x0,0	  x0:0x00000000
        7885000	       787	80001a98	01493033	sltu	x0,x18,x20	 x18:0x0000009c x20:0xffff8687
        7895000	       788	80001a9c	415dda33	sra	x20,x27,x21	 x27:0x0000001a x21:0xffffff90 x20=0x00000000
        7905000	       789	80001aa0	013bd863	bge	x23,x19,80001ab0	 x23:0x00000000 x19:0x80008f50
        7915000	       790	00000000	00000013	addi	x0,x0,0	  x0:0x00000000
        7925000	       791	80001aac	00000013	addi	x0,x0,0	  x0:0x00000000
        7935000	       792	80001ab0	007f9eb3	sll	x29,x31,x7	 x31:0x000003d8  x7:0xfffff979 x29=0xb0000000
        7945000	       793	80001ab4	8ad06393	ori	x7,x0,-1875	  x0:0x00000000  x7=0xfffff8ad
        7955000	       794	80001ab8	c7453393	sltiu	x7,x10,-908	 x10:0x80009ef1  x7=0x00000001
        7965000	       795	80001abc	d3913c93	sltiu	x25,x2,-711	  x2:0x80008a25 x25=0x00000001
        7975000	       796	80001ac0	01a54b33	xor	x22,x10,x26	 x10:0x80009ef1 x26:0x00000000 x22=0x80009ef1
        7985000	       797	80001ac4	00000013	addi	x0,x0,0	  x0:0x00000000
        7995000	       798	80001ac8	1f05ae93	slti	x29,x11,496	 x11:0x0000006b x29=0x00000001
        8005000	       799	80001acc	02e39e63	bne	x7,x14,80001b08	  x7:0x00000001 x14:0x00000725
        8015000	       800	00000000	00000013	addi	x0,x0,0	  x0:0x00000000
        8025000	       801	80001b04	00000013	addi	x0,x0,0	  x0:0x00000000
        8035000	       802	80001b08	a983e813	ori	x16,x7,-1384	  x7:0x00000001 x16=0xfffffa99
        8045000	       803	80001b0c	a4fe3093	sltiu	x1,x28,-1457	 x28:0x00000000  x1=0x00000001
        8055000	       804	80001b10	01085993	srli	x19,x16,0x10	 x16:0xfffffa99 x19=0x0000ffff
        8065000	       805	80001b14	01d94c63	blt	x18,x29,80001b2c	 x18:0x0000009c x29:0x00000001
        8075000	       806	80001b18	011ebe33	sltu	x28,x29,x17	 x29:0x00000001 x17:0x80009f48 x28=0x00000001
        8085000	       807	80001b1c	010ad113	srli	x2,x21,0x10	 x21:0xffffff90  x2=0x0000ffff
        8095000	       808	80001b20	73fd7d13	andi	x26,x26,1855	 x26:0x00000000 x26=0x00000000
        8105000	       809	80001b24	f049e993	ori	x19,x19,-252	 x19:0x0000ffff x19=0xffffffff
        8115000	       810	80001b28	01d61393	slli	x7,x12,0x1d	 x12:0x00000000  x7=0x00000000
        8125000	       811	80001b2c	00000013	addi	x0,x0,0	  x0:0x00000000
        8135000	       812	80001b30	b8d3a9b7	lui	x19,0xb8d3a	 x19=0xb8d3a000
        8145000	       813	80001b34	7d1c0f93	addi	x31,x24,2001	 x24:0x00000000 x31=0x000007d1
        8155000	       814	80001b38	379f2c93	slti	x25,x30,889	 x30:0x00000000 x25=0x00000001
        8165000	       815	80001b3c	d19dfb93	andi	x23,x27,-743	 x27:0x0000001a x23=0x00000018
        8175000	       816	80001b40	00efda93	srli	x21,x31,0xe	 x31:0x000007d1 x21=0x00000000
        8185000	       817	80001b44	40745693	srai	x13,x8,0x7	  x8:0x80009fc4 x13=0xff00013f
        8195000	       818	80001b48	57574d93	xori	x27,x14,1397	 x14:0x00000725 x27=0x00000250
        8205000	       819	80001b4c	01499013	slli	x0,x19,0x14	 x19:0xb8d3a000
        8215000	       820	80001b50	01641c33	sll	x24,x8,x22	  x8:0x80009fc4 x22:0x80009ef1 x24=0x3f880000
        8225000	       821	80001b54	0218fc63	bgeu	x17,x1,80001b8c	 x17:0x80009f48  x1:0x00000001
        8235000	       822	00000000	00000013	addi	x0,x0,0	  x0:0x00000000
        8245000	       823	80001b88	00000013	addi	x0,x0,0	  x0:0x00000000
        8255000	       824	80001b8c	3b852f13	slti	x30,x10,952	 x10:0x80009ef1 x30=0x00000001
        8265000	       825	80001b90	01bc8c93	addi	x25,x25,27	 x25:0x00000001 x25=0x0000001c
        8275000	       826	80001b94	035b7a63	bgeu	x22,x21,80001bc8	 x22:0x80009ef1 x21:0x00000000
        8285000	       827	00000000	00000013	addi	x0,x0,0	  x0:0x00000000
        8295000	       828	80001bc4	00000013	addi	x0,x0,0	  x0:0x00000000
        8305000	       829	80001bc8	0030e233	or	x4,x1,x3	  x1:0x00000001  x3:0x00000000  x4=0x00000001
        8315000	       830	80001bcc	01699c63	bne	x19,x22,80001be4	 x19:0xb8d3a000 x22:0x80009ef1
        8325000	       831	00000000	00000013	addi	x0,x0,0	  x0:0x00000000
        8335000	       832	80001be0	00000013	addi	x0,x0,0	  x0:0x00000000
        8345000	       833	80001be4	01413e33	sltu	x28,x2,x20	  x2:0x0000ffff x20:0x00000000 x28=0x00000000
        8355000	       834	80001be8	01ad2833	slt	x16,x26,x26	 x26:0x00000000 x26:0x00000000 x16=0x00000000
        8365000	       835	80001bec	412a81b3	sub	x3,x21,x18	 x21:0x00000000 x18:0x0000009c  x3=0xffffff64
        8375000	       836	80001bf0	01aeffb3	and	x31,x29,x26	 x29:0x00000001 x26:0x00000000 x31=0x00000000
        8385000	       837	80001bf4	018b4d33	xor	x26,x22,x24	 x22:0x80009ef1 x24:0x3f880000 x26=0xbf889ef1
        8395000	       838	80001bf8	414bd233	sra	x4,x23,x20	 x23:0x00000018 x20:0x00000000  x4=0x00000018
        8405000	       839	80001bfc	01871593	slli	x11,x14,0x18	 x14:0x00000725 x11=0x25000000
        8415000	       840	80001c00	036f5863	bge	x30,x22,80001c30	 x30:0x00000001 x22:0x80009ef1
        8425000	       841	00000000	00000013	addi	x0,x0,0	  x0:0x00000000
        8435000	       842	80001c2c	00000013	addi	x0,x0,0	  x0:0x00000000
        8445000	       843	80001c30	0188e533	or	x10,x17,x24	 x17:0x80009f48 x24:0x3f880000 x10=0xbf889f48
        8455000	       844	80001c34	01582833	slt	x16,x16,x21	 x16:0x00000000 x21:0x00000000 x16=0x00000000
        8465000	       845	80001c38	eb0ff913	andi	x18,x31,-336	 x31:0x00000000 x18=0x00000000
        8475000	       846	80001c3c	00000013	addi	x0,x0,0	  x0:0x00000000
        8485000	       847	80001c40	dbefb213	sltiu	x4,x31,-578	 x31:0x00000000  x4=0x00000001
        8495000	       848	80001c44	00165663	bge	x12,x1,80001c50	 x12:0x00000000  x1:0x00000001
        8505000	       849	80001c48	000b17b3	sll	x15,x22,x0	 x22:0x80009ef1  x0:0x00000000 x15=0x80009ef1
        8515000	       850	80001c4c	41b25db3	sra	x27,x4,x27	  x4:0x00000001 x27:0x00000250 x27=0x00000000
        8525000	       851	80001c50	01c8e5b3	or	x11,x17,x28	 x17:0x80009f48 x28:0x00000000 x11=0x80009f48
        8535000	       852	80001c54	009bd393	srli	x7,x23,0x9	 x23:0x00000018  x7=0x00000000
        8545000	       853	80001c58	0048a083	lw	x1,4(x17)	 x17:0x80009f48  x1=0x80001758 PA:0x80009f4c
        8555000	       854	80001c5c	0174d213	srli	x4,x9,0x17	  x9:0x00000001  x4=0x00000000
        8565000	       855	80001c60	00000013	addi	x0,x0,0	  x0:0x00000000
        8575000	       856	80001c64	01088893	addi	x17,x17,16	 x17:0x80009f48 x17=0x80009f58
        8585000	       857	80001c68	410a8cb3	sub	x25,x21,x16	 x21:0x00000000 x16:0x00000000 x25=0x00000000
        8595000	       858	80001c6c	01ee67b3	or	x15,x28,x30	 x28:0x00000000 x30:0x00000001 x15=0x00000001
        8605000	       859	80001c70	ca73b293	sltiu	x5,x7,-857	  x7:0x00000000  x5=0x00000001
        8615000	       860	80001c74	00108b13	addi	x22,x1,1	  x1:0x80001758 x22=0x80001759
        8625000	       861	80001c78	000b0b67	jalr	x22,x22,0	 x22:0x80001759 x22=0x80001c78
        8635000	       862	00000000	00000013	addi	x0,x0,0	  x0:0x00000000
        8645000	       863	80001758	00000013	addi	x0,x0,0	  x0:0x00000000
        8655000	       864	8000175c	00214663	blt	x2,x2,80001768	  x2:0x0000ffff  x2:0x0000ffff
        8665000	       865	80001760	4045d133	sra	x2,x11,x4	 x11:0x80009f48  x4:0x00000000  x2=0x80009f48
        8675000	       866	80001764	00e7beb3	sltu	x29,x15,x14	 x15:0x00000001 x14:0x00000725 x29=0x00000001
        8685000	       867	80001768	00000013	addi	x0,x0,0	  x0:0x00000000
        8695000	       868	8000176c	0042a833	slt	x16,x5,x4	  x5:0x00000001  x4:0x00000000 x16=0x00000000
        8705000	       869	80001770	01da66b3	or	x13,x20,x29	 x20:0x00000000 x29:0x00000001 x13=0x00000001
        8715000	       870	80001774	1f44ef97	auipc	x31,0x1f44e	 x31=0x9f44f770
        8725000	       871	80001778	002ae233	or	x4,x21,x2	 x21:0x00000000  x2:0x80009f48  x4=0x80009f48
        8735000	       872	8000177c	fce96213	ori	x4,x18,-50	 x18:0x00000000  x4=0xffffffce
        8745000	       873	80001780	d3084f97	auipc	x31,0xd3084	 x31=0x5308577c
        8755000	       874	80001784	40875c93	srai	x25,x14,0x8	 x14:0x00000725 x25=0x00000007
        8765000	       875	80001788	01191ab3	sll	x21,x18,x17	 x18:0x00000000 x17:0x80009f58 x21=0x00000000
        8775000	       876	8000178c	414d5533	sra	x10,x26,x20	 x26:0xbf889ef1 x20:0x00000000 x10=0xbf889ef1
        8785000	       877	80001790	40615393	srai	x7,x2,0x6	  x2:0x80009f48  x7=0xfe00027d
        8795000	       878	80001794	05c47463	bgeu	x8,x28,800017dc	  x8:0x80009fc4 x28:0x00000000
        8805000	       879	00000000	00000013	addi	x0,x0,0	  x0:0x00000000
        8815000	       880	800017d8	00000013	addi	x0,x0,0	  x0:0x00000000
        8825000	       881	800017dc	41ae0233	sub	x4,x28,x26	 x28:0x00000000 x26:0xbf889ef1  x4=0x4077610f
        8835000	       882	800017e0	0560d663	bge	x1,x22,8000182c	  x1:0x80001758 x22:0x80001c78
        8845000	       883	800017e4	03e20863	beq	x4,x30,80001814	  x4:0x4077610f x30:0x00000001
        8855000	       884	800017e8	00d80eb3	add	x29,x16,x13	 x16:0x00000000 x13:0x00000001 x29=0x00000001
        8865000	       885	800017ec	889bfc93	andi	x25,x23,-1911	 x23:0x00000018 x25=0x00000008
        8875000	       886	800017f0	003cdb93	srli	x23,x25,0x3	 x25:0x00000008 x23=0x00000001
        8885000	       887	800017f4	0084b833	sltu	x16,x9,x8	  x9:0x00000001  x8:0x80009fc4 x16=0x00000001
        8895000	       888	800017f8	00000013	addi	x0,x0,0	  x0:0x00000000
        8905000	       889	800017fc	418a5a33	sra	x20,x20,x24	 x20:0x00000000 x24:0x3f880000 x20=0x00000000
        8915000	       890	80001800	d1403193	sltiu	x3,x0,-748	  x0:0x00000000  x3=0x00000001
        8925000	       891	80001804	8390ea93	ori	x21,x1,-1991	  x1:0x80001758 x21=0xffffff79
        8935000	       892	80001808	41e10a33	sub	x20,x2,x30	  x2:0x80009f48 x30:0x00000001 x20=0x80009f47
        8945000	       893	8000180c	01e012b3	sll	x5,x0,x30	  x0:0x00000000 x30:0x00000001  x5=0x00000000
        8955000	       894	80001810	4007d1b3	sra	x3,x15,x0	 x15:0x00000001  x0:0x00000000  x3=0x00000001
        8965000	       895	80001814	050bd663	bge	x23,x16,80001860	 x23:0x00000001 x16:0x00000001
        8975000	       896	00000000	00000013	addi	x0,x0,0	  x0:0x00000000
        8985000	       897	8000185c	00000013	addi	x0,x0,0	  x0:0x00000000
        8995000	       898	80001860	40b70633	sub	x12,x14,x11	 x14:0x00000725 x11:0x80009f48 x12=0x7fff67dd
        9005000	       899	80001864	00a83733	sltu	x14,x16,x10	 x16:0x00000001 x10:0xbf889ef1 x14=0x00000001
        9015000	       900	80001868	dc39a5b7	lui	x11,0xdc39a	 x11=0xdc39a000
        9025000	       901	8000186c	d5a03f17	auipc	x30,0xd5a03	 x30=0x55a04868
        9035000	       902	80001870	b3f9c513	xori	x10,x19,-1217	 x19:0xb8d3a000 x10=0x472c5b3f
        9045000	       903	80001874	410ad993	srai	x19,x21,0x10	 x21:0xffffff79 x19=0xffffffff
        9055000	       904	80001878	01a89d13	slli	x26,x17,0x1a	 x17:0x80009f58 x26=0x60000000
        9065000	       905	8000187c	00000013	addi	x0,x0,0	  x0:0x00000000
        9075000	       906	80001880	0048a083	lw	x1,4(x17)	 x17:0x80009f58  x1=0x80000b28 PA:0x80009f5c
        9085000	       907	80001884	02c88893	addi	x17,x17,44	 x17:0x80009f58 x17=0x80009f84
        9095000	       908	80001888	40fedb13	srai	x22,x29,0xf	 x29:0x00000001 x22=0x00000000
        9105000	       909	8000188c	01453933	sltu	x18,x10,x20	 x10:0x472c5b3f x20:0x80009f47 x18=0x00000001
        9115000	       910	80001890	7cb6c493	xori	x9,x13,1995	 x13:0x00000001  x9=0x000007ca
        9125000	       911	80001894	00008d13	addi	x26,x1,0	  x1:0x80000b28 x26=0x80000b28
        9135000	       912	80001898	000d0d67	jalr	x26,x26,0	 x26:0x80000b28 x26=0x80001898
        9145000	       913	00000000	00000013	addi	x0,x0,0	  x0:0x00000000
        9155000	       914	80000b28	00000013	addi	x0,x0,0	  x0:0x00000000
        9165000	       915	80000b2c	0136d3b3	srl	x7,x13,x19	 x13:0x00000001 x19:0xffffffff  x7=0x00000000
        9175000	       916	80000b30	009d4863	blt	x26,x9,80000b40	 x26:0x80001898  x9:0x000007ca
        9185000	       917	00000000	00000013	addi	x0,x0,0	  x0:0x00000000
        9195000	       918	80000b3c	00000013	addi	x0,x0,0	  x0:0x00000000
        9205000	       919	80000b40	00b3a133	slt	x2,x7,x11	  x7:0x00000000 x11:0xdc39a000  x2=0x00000000
        9215000	       920	80000b44	00681bb3	sll	x23,x16,x6	 x16:0x00000001  x6:0x80000000 x23=0x00000001
        9225000	       921	80000b48	00000013	addi	x0,x0,0	  x0:0x00000000
        9235000	       922	80000b4c	00c41bb3	sll	x23,x8,x12	  x8:0x80009fc4 x12:0x7fff67dd x23=0x80000000
        9245000	       923	80000b50	01975c63	bge	x14,x25,80000b68	 x14:0x00000001 x25:0x00000008
        9255000	       924	80000b54	01cfb4b3	sltu	x9,x31,x28	 x31:0x5308577c x28:0x00000000  x9=0x00000000
        9265000	       925	80000b58	00c3dd93	srli	x27,x7,0xc	  x7:0x00000000 x27=0x00000000
        9275000	       926	80000b5c	01fde733	or	x14,x27,x31	 x27:0x00000000 x31:0x5308577c x14=0x5308577c
        9285000	       927	80000b60	45ec4817	auipc	x16,0x45ec4	 x16=0xc5ec4b5c
        9295000	       928	80000b64	1acb6813	ori	x16,x22,428	 x22:0x00000000 x16=0x000001ac
        9305000	       929	80000b68	552ac517	auipc	x10,0x552ac	 x10=0xd52acb64
        9315000	       930	80000b6c	0110fa33	and	x20,x1,x17	  x1:0x80000b28 x17:0x80009f84 x20=0x80000b00
        9325000	       931	80000b70	013b86b3	add	x13,x23,x19	 x23:0x80000000 x19:0xffffffff x13=0x7fffffff
        9335000	       932	80000b74	01c9e033	or	x0,x19,x28	 x19:0xffffffff x28:0x00000000
        9345000	       933	80000b78	0109deb3	srl	x29,x19,x16	 x19:0xffffffff x16:0x000001ac x29=0x000fffff
        9355000	       934	80000b7c	00e85a93	srli	x21,x16,0xe	 x16:0x000001ac x21=0x00000000
        9365000	       935	80000b80	02eb4663	blt	x22,x14,80000bac	 x22:0x00000000 x14:0x5308577c
        9375000	       936	00000000	00000013	addi	x0,x0,0	  x0:0x00000000
        9385000	       937	80000ba8	00000013	addi	x0,x0,0	  x0:0x00000000
        9395000	       938	80000bac	0134ff33	and	x30,x9,x19	  x9:0x00000000 x19:0xffffffff x30=0x00000000
        9405000	       939	80000bb0	a5fb3d17	auipc	x26,0xa5fb3	 x26=0x25fb3bac
        9415000	       940	80000bb4	05b2c463	blt	x5,x27,80000bfc	  x5:0x00000000 x27:0x00000000
        9425000	       941	80000bb8	4b3c4993	xori	x19,x24,1203	 x24:0x3f880000 x19=0x3f8804b3
        9435000	       942	80000bbc	015a1513	slli	x10,x20,0x15	 x20:0x80000b00 x10=0x60000000
        9445000	       943	80000bc0	00791693	slli	x13,x18,0x7	 x18:0x00000001 x13=0x00000080
        9455000	       944	80000bc4	e2e77113	andi	x2,x14,-466	 x14:0x5308577c  x2=0x5308562c
        9465000	       945	80000bc8	00c629b3	slt	x19,x12,x12	 x12:0x7fff67dd x12:0x7fff67dd x19=0x00000000
        9475000	       946	80000bcc	004a1db3	sll	x27,x20,x4	 x20:0x80000b00  x4:0x4077610f x27=0x05800000
        9485000	       947	80000bd0	015ce3b3	or	x7,x25,x21	 x25:0x00000008 x21:0x00000000  x7=0x00000008
        9495000	       948	80000bd4	013dae33	slt	x28,x27,x19	 x27:0x05800000 x19:0x00000000 x28=0x00000000
        9505000	       949	80000bd8	01f8ef33	or	x30,x17,x31	 x17:0x80009f84 x31:0x5308577c x30=0xd308dffc
        9515000	       950	80000bdc	01de1f33	sll	x30,x28,x29	 x28:0x00000000 x29:0x000fffff x30=0x00000000
        9525000	       951	80000be0	41440533	sub	x10,x8,x20	  x8:0x80009fc4 x20:0x80000b00 x10=0x000094c4
        9535000	       952	80000be4	00babd33	sltu	x26,x21,x11	 x21:0x00000000 x11:0xdc39a000 x26=0x00000001
        9545000	       953	80000be8	019ed3b3	srl	x7,x29,x25	 x29:0x000fffff x25:0x00000008  x7=0x00000fff
        9555000	       954	80000bec	56deb513	sltiu	x10,x29,1389	 x29:0x000fffff x10=0x00000000
        9565000	       955	80000bf0	00d6ec13	ori	x24,x13,13	 x13:0x00000080 x24=0x0000008d
        9575000	       956	80000bf4	00877eb3	and	x29,x14,x8	 x14:0x5308577c  x8:0x80009fc4 x29=0x00001744
        9585000	       957	80000bf8	41d48db3	sub	x27,x9,x29	  x9:0x00000000 x29:0x00001744 x27=0xffffe8bc
        9595000	       958	80000bfc	6a0e0013	addi	x0,x28,1696	 x28:0x00000000
        9605000	       959	80000c00	03290863	beq	x18,x18,80000c30	 x18:0x00000001 x18:0x00000001
        9615000	       960	00000000	00000013	addi	x0,x0,0	  x0:0x00000000
        9625000	       961	80000c2c	00000013	addi	x0,x0,0	  x0:0x00000000
        9635000	       962	80000c30	002b5613	srli	x12,x22,0x2	 x22:0x00000000 x12=0x00000000
        9645000	       963	80000c34	000a9693	slli	x13,x21,0x0	 x21:0x00000000 x13=0x00000000
        9655000	       964	80000c38	41ecdf33	sra	x30,x25,x30	 x25:0x00000008 x30:0x00000000 x30=0x00000008
        9665000	       965	80000c3c	03456463	bltu	x10,x20,80000c64	 x10:0x00000000 x20:0x80000b00
        9675000	       966	00000000	00000013	addi	x0,x0,0	  x0:0x00000000
        9685000	       967	80000c60	00000013	addi	x0,x0,0	  x0:0x00000000
        9695000	       968	80000c64	d9e88d93	addi	x27,x17,-610	 x17:0x80009f84 x27=0x80009d22
        9705000	       969	80000c68	01247933	and	x18,x8,x18	  x8:0x80009fc4 x18:0x00000001 x18=0x00000000
        9715000	       970	80000c6c	040f1663	bne	x30,x0,80000cb8	 x30:0x00000008  x0:0x00000000
        9725000	       971	00000000	00000013	addi	x0,x0,0	  x0:0x00000000
        9735000	       972	80000cb4	00000013	addi	x0,x0,0	  x0:0x00000000
        9745000	       973	80000cb8	001213b3	sll	x7,x4,x1	  x4:0x4077610f  x1:0x80000b28  x7=0x77610f00
        9755000	       974	80000cbc	02279a63	bne	x15,x2,80000cf0	 x15:0x00000001  x2:0x5308562c
        9765000	       975	00000000	00000013	addi	x0,x0,0	  x0:0x00000000
        9775000	       976	80000cec	00000013	addi	x0,x0,0	  x0:0x00000000
        9785000	       977	80000cf0	00000013	addi	x0,x0,0	  x0:0x00000000
        9795000	       978	80000cf4	4008d193	srai	x3,x17,0x0	 x17:0x80009f84  x3=0x80009f84
        9805000	       979	80000cf8	0003d463	bge	x7,x0,80000d00	  x7:0x77610f00  x0:0x00000000
        9815000	       980	00000000	00000013	addi	x0,x0,0	  x0:0x00000000
        9825000	       981	80000cfc	00000013	addi	x0,x0,0	  x0:0x00000000
        9835000	       982	80000d00	00dd5c63	bge	x26,x13,80000d18	 x26:0x00000001 x13:0x00000000
        9845000	       983	00000000	00000013	addi	x0,x0,0	  x0:0x00000000
        9855000	       984	80000d14	00000013	addi	x0,x0,0	  x0:0x00000000
        9865000	       985	80000d18	40235ab3	sra	x21,x6,x2	  x6:0x80000000  x2:0x5308562c x21=0xfff80000
        9875000	       986	80000d1c	fb9a4b93	xori	x23,x20,-71	 x20:0x80000b00 x23=0x7ffff4b9
        9885000	       987	80000d20	65a93a93	sltiu	x21,x18,1626	 x18:0x00000000 x21=0x00000001
        9895000	       988	80000d24	014c4db3	xor	x27,x24,x20	 x24:0x0000008d x20:0x80000b00 x27=0x80000b8d
        9905000	       989	80000d28	2699bd93	sltiu	x27,x19,617	 x19:0x00000000 x27=0x00000001
        9915000	       990	80000d2c	00548ab3	add	x21,x9,x5	  x9:0x00000000  x5:0x00000000 x21=0x00000000
        9925000	       991	80000d30	00f3e233	or	x4,x7,x15	  x7:0x77610f00 x15:0x00000001  x4=0x77610f01
        9935000	       992	80000d34	402a00b3	sub	x1,x20,x2	 x20:0x80000b00  x2:0x5308562c  x1=0x2cf7b4d4
        9945000	       993	80000d38	01f2e3b3	or	x7,x5,x31	  x5:0x00000000 x31:0x5308577c  x7=0x5308577c
        9955000	       994	80000d3c	01936863	bltu	x6,x25,80000d4c	  x6:0x80000000 x25:0x00000008
        9965000	       995	80000d40	3226ea13	ori	x20,x13,802	 x13:0x00000000 x20=0x00000322
        9975000	       996	80000d44	017e2733	slt	x14,x28,x23	 x28:0x00000000 x23:0x7ffff4b9 x14=0x00000001
        9985000	       997	80000d48	0398e263	bltu	x17,x25,80000d6c	 x17:0x80009f84 x25:0x00000008
        9995000	       998	80000d4c	00000013	addi	x0,x0,0	  x0:0x00000000
       10005000	       999	80000d50	03d31663	bne	x6,x29,80000d7c	  x6:0x80000000 x29:0x00001744
       10015000	      1000	00000000	00000013	addi	x0,x0,0	  x0:0x00000000
       10025000	      1001	80000d78	00000013	addi	x0,x0,0	  x0:0x00000000
       10035000	      1002	80000d7c	40c1d213	srai	x4,x3,0xc	  x3:0x80009f84  x4=0xfff80009
       10045000	      1003	80000d80	01ba3e33	sltu	x28,x20,x27	 x20:0x00000322 x27:0x00000001 x28=0x00000000
       10055000	      1004	80000d84	01060663	beq	x12,x16,80000d90	 x12:0x00000000 x16:0x000001ac
       10065000	      1005	80000d88	133a7993	andi	x19,x20,307	 x20:0x00000322 x19=0x00000122
       10075000	      1006	80000d8c	41a5dfb3	sra	x31,x11,x26	 x11:0xdc39a000 x26:0x00000001 x31=0xee1cd000
       10085000	      1007	80000d90	00de7933	and	x18,x28,x13	 x28:0x00000000 x13:0x00000000 x18=0x00000000
       10095000	      1008	80000d94	ef606d37	lui	x26,0xef606	 x26=0xef606000
       10105000	      1009	80000d98	007afc33	and	x24,x21,x7	 x21:0x00000000  x7:0x5308577c x24=0x00000000
       10115000	      1010	80000d9c	ea73ad37	lui	x26,0xea73a	 x26=0xea73a000
       10125000	      1011	80000da0	01a54633	xor	x12,x10,x26	 x10:0x00000000 x26:0xea73a000 x12=0xea73a000
       10135000	      1012	80000da4	01c102b3	add	x5,x2,x28	  x2:0x5308562c x28:0x00000000  x5=0x5308562c
       10145000	      1013	80000da8	01046213	ori	x4,x8,16	  x8:0x80009fc4  x4=0x80009fd4
       10155000	      1014	80000dac	00000013	addi	x0,x0,0	  x0:0x00000000
       10165000	      1015	80000db0	f55bcd93	xori	x27,x23,-171	 x23:0x7ffff4b9 x27=0x80000bec
       10175000	      1016	80000db4	afbbb013	sltiu	x0,x23,-1285	 x23:0x7ffff4b9
       10185000	      1017	80000db8	400a5293	srai	x5,x20,0x0	 x20:0x00000322  x5=0x00000322
       10195000	      1018	80000dbc	019fdc63	bge	x31,x25,80000dd4	 x31:0xee1cd000 x25:0x00000008
       10205000	      1019	80000dc0	0410e263	bltu	x1,x1,80000e04	  x1:0x2cf7b4d4  x1:0x2cf7b4d4
       10215000	      1020	80000dc4	01235213	srli	x4,x6,0x12	  x6:0x80000000  x4=0x00002000
       10225000	      1021	80000dc8	d89e2617	auipc	x12,0xd89e2	 x12=0x589e2dc4
       10235000	      1022	80000dcc	00058ab3	add	x21,x11,x0	 x11:0xdc39a000  x0:0x00000000 x21=0xdc39a000
       10245000	      1023	80000dd0	01c45f33	srl	x30,x8,x28	  x8:0x80009fc4 x28:0x00000000 x30=0x80009fc4
       10255000	      1024	80000dd4	018d8233	add	x4,x27,x24	 x27:0x80000bec x24:0x00000000  x4=0x80000bec
       10265000	      1025	80000dd8	41105e93	srai	x29,x0,0x11	  x0:0x00000000 x29=0x00000000
       10275000	      1026	80000ddc	01336263	bltu	x6,x19,80000de0	  x6:0x80000000 x19:0x00000122
       10285000	      1027	80000de0	01a8c833	xor	x16,x17,x26	 x17:0x80009f84 x26:0xea73a000 x16=0x6a733f84
       10295000	      1028	80000de4	a3d04f13	xori	x30,x0,-1475	  x0:0x00000000 x30=0xfffffa3d
       10305000	      1029	80000de8	0077dc33	srl	x24,x15,x7	 x15:0x00000001  x7:0x5308577c x24=0x00000000
       10315000	      1030	80000dec	928e7b93	andi	x23,x28,-1752	 x28:0x00000000 x23=0x00000000
       10325000	      1031	80000df0	0fc1c063	blt	x3,x28,80000ed0	  x3:0x80009f84 x28:0x00000000
       10335000	      1032	00000000	00000013	addi	x0,x0,0	  x0:0x00000000
       10345000	      1033	80000ecc	00000013	addi	x0,x0,0	  x0:0x00000000
       10355000	      1034	80000ed0	017e74b3	and	x9,x28,x23	 x28:0x00000000 x23:0x00000000  x9=0x00000000
       10365000	      1035	80000ed4	5d43bf93	sltiu	x31,x7,1492	  x7:0x5308577c x31=0x00000000
       10375000	      1036	80000ed8	87086b93	ori	x23,x16,-1936	 x16:0x6a733f84 x23=0xfffffff4
       10385000	      1037	80000edc	01d97533	and	x10,x18,x29	 x18:0x00000000 x29:0x00000000 x10=0x00000000
       10395000	      1038	80000ee0	cc334b17	auipc	x22,0xcc334	 x22=0x4c334edc
       10405000	      1039	80000ee4	6bb6bf13	sltiu	x30,x13,1723	 x13:0x00000000 x30=0x00000001
       10415000	      1040	80000ee8	9ffec113	xori	x2,x29,-1537	 x29:0x00000000  x2=0xfffff9ff
       10425000	      1041	80000eec	7b91c613	xori	x12,x3,1977	  x3:0x80009f84 x12=0x8000983d
       10435000	      1042	80000ef0	00000013	addi	x0,x0,0	  x0:0x00000000
       10445000	      1043	80000ef4	0172f1b3	and	x3,x5,x23	  x5:0x00000322 x23:0xfffffff4  x3=0x00000320
       10455000	      1044	80000ef8	415f5393	srai	x7,x30,0x15	 x30:0x00000001  x7=0x00000000
       10465000	      1045	80000efc	4187dab3	sra	x21,x15,x24	 x15:0x00000001 x24:0x00000000 x21=0x00000001
       10475000	      1046	80000f00	03995463	bge	x18,x25,80000f28	 x18:0x00000000 x25:0x00000008
       10485000	      1047	80000f04	40445133	sra	x2,x8,x4	  x8:0x80009fc4  x4:0x80000bec  x2=0xfff80009
       10495000	      1048	80000f08	41c90cb3	sub	x25,x18,x28	 x18:0x00000000 x28:0x00000000 x25=0x00000000
       10505000	      1049	80000f0c	012a9013	slli	x0,x21,0x12	 x21:0x00000001
       10515000	      1050	80000f10	0e6d8213	addi	x4,x27,230	 x27:0x80000bec  x4=0x80000cd2
       10525000	      1051	80000f14	ac37cc17	auipc	x24,0xac37c	 x24=0x2c37cf10
       10535000	      1052	80000f18	7a2d8b13	addi	x22,x27,1954	 x27:0x80000bec x22=0x8000138e
       10545000	      1053	80000f1c	04a9e463	bltu	x19,x10,80000f64	 x19:0x00000122 x10:0x00000000
       10555000	      1054	80000f20	0169f0b3	and	x1,x19,x22	 x19:0x00000122 x22:0x8000138e  x1=0x00000102
       10565000	      1055	80000f24	07f25217	auipc	x4,0x7f25	  x4=0x87f25f20
       10575000	      1056	80000f28	04c9d663	bge	x19,x12,80000f74	 x19:0x00000122 x12:0x8000983d
       10585000	      1057	00000000	00000013	addi	x0,x0,0	  x0:0x00000000
       10595000	      1058	80000f70	00000013	addi	x0,x0,0	  x0:0x00000000
       10605000	      1059	80000f74	01fa7eb3	and	x29,x20,x31	 x20:0x00000322 x31:0x00000000 x29=0x00000000
       10615000	      1060	80000f78	ed735f17	auipc	x30,0xed735	 x30=0x6d735f74
       10625000	      1061	80000f7c	2ba7ff93	andi	x31,x15,698	 x15:0x00000001 x31=0x00000000
       10635000	      1062	80000f80	418dd093	srai	x1,x27,0x18	 x27:0x80000bec  x1=0xffffff80
       10645000	      1063	80000f84	01f6a4b3	slt	x9,x13,x31	 x13:0x00000000 x31:0x00000000  x9=0x00000000
       10655000	      1064	80000f88	01e39c93	slli	x25,x7,0x1e	  x7:0x00000000 x25=0x00000000
       10665000	      1065	80000f8c	0570a117	auipc	x2,0x570a	  x2=0x8570af88
       10675000	      1066	80000f90	6aced6b7	lui	x13,0x6aced	 x13=0x6aced000
       10685000	      1067	80000f94	412fd513	srai	x10,x31,0x12	 x31:0x00000000 x10=0x00000000
       10695000	      1068	80000f98	525f8293	addi	x5,x31,1317	 x31:0x00000000  x5=0x00000525
       10705000	      1069	80000f9c	007fbfb3	sltu	x31,x31,x7	 x31:0x00000000  x7:0x00000000 x31=0x00000000
       10715000	      1070	80000fa0	004065b3	or	x11,x0,x4	  x0:0x00000000  x4:0x87f25f20 x11=0x87f25f20
       10725000	      1071	80000fa4	005e4e33	xor	x28,x28,x5	 x28:0x00000000  x5:0x00000525 x28=0x00000525
       10735000	      1072	80000fa8	01e1d863	bge	x3,x30,80000fb8	  x3:0x00000320 x30:0x6d735f74
       10745000	      1073	80000fac	eb2e2d17	auipc	x26,0xeb2e2	 x26=0x6b2e2fa8
       10755000	      1074	80000fb0	d1dbb213	sltiu	x4,x23,-739	 x23:0xfffffff4  x4=0x00000000
       10765000	      1075	80000fb4	01c4dd33	srl	x26,x9,x28	  x9:0x00000000 x28:0x00000525 x26=0x00000000
       10775000	      1076	80000fb8	008a5fb3	srl	x31,x20,x8	 x20:0x00000322  x8:0x80009fc4 x31=0x00000032
       10785000	      1077	80000fbc	00000013	addi	x0,x0,0	  x0:0x00000000
       10795000	      1078	80000fc0	018fc263	blt	x31,x24,80000fc4	 x31:0x00000032 x24:0x2c37cf10
       10805000	      1079	00000000	00000013	addi	x0,x0,0	  x0:0x00000000
       10815000	      1080	80000fc0	00000013	addi	x0,x0,0	  x0:0x00000000
       10825000	      1081	80000fc4	001fec33	or	x24,x31,x1	 x31:0x00000032  x1:0xffffff80 x24=0xffffffb2
       10835000	      1082	80000fc8	79e96d17	auipc	x26,0x79e96	 x26=0xf9e96fc4
       10845000	      1083	80000fcc	04ef7263	bgeu	x30,x14,80001010	 x30:0x6d735f74 x14:0x00000001
       10855000	      1084	00000000	00000013	addi	x0,x0,0	  x0:0x00000000
       10865000	      1085	8000100c	00000013	addi	x0,x0,0	  x0:0x00000000
       10875000	      1086	80001010	012e1713	slli	x14,x28,0x12	 x28:0x00000525 x14=0x14940000
       10885000	      1087	80001014	00000013	addi	x0,x0,0	  x0:0x00000000
       10895000	      1088	80001018	0029d933	srl	x18,x19,x2	 x19:0x00000122  x2:0x8570af88 x18=0x00000001
       10905000	      1089	8000101c	02aee793	ori	x15,x29,42	 x29:0x00000000 x15=0x0000002a
       10915000	      1090	80001020	02344c63	blt	x8,x3,80001058	  x8:0x80009fc4  x3:0x00000320
       10925000	      1091	00000000	00000013	addi	x0,x0,0	  x0:0x00000000
       10935000	      1092	80001054	00000013	addi	x0,x0,0	  x0:0x00000000
       10945000	      1093	80001058	015e0a63	beq	x28,x21,8000106c	 x28:0x00000525 x21:0x00000001
       10955000	      1094	8000105c	eaccfa13	andi	x20,x25,-340	 x25:0x00000000 x20=0x00000000
       10965000	      1095	80001060	06c88e63	beq	x17,x12,800010dc	 x17:0x80009f84 x12:0x8000983d
       10975000	      1096	80001064	7044c593	xori	x11,x9,1796	  x9:0x00000000 x11=0x00000704
       10985000	      1097	80001068	20d3b013	sltiu	x0,x7,525	  x7:0x00000000
       10995000	      1098	8000106c	015946b3	xor	x13,x18,x21	 x18:0x00000001 x21:0x00000001 x13=0x00000000
       11005000	      1099	80001070	41dc8bb3	sub	x23,x25,x29	 x25:0x00000000 x29:0x00000000 x23=0x00000000
       11015000	      1100	80001074	4105d193	srai	x3,x11,0x10	 x11:0x00000704  x3=0x00000000
       11025000	      1101	80001078	08120e63	beq	x4,x1,80001114	  x4:0x00000000  x1:0xffffff80
       11035000	      1102	8000107c	65109217	auipc	x4,0x65109	  x4=0xe510a078
       11045000	      1103	80001080	00007117	auipc	x2,0x7	  x2=0x8000807c
       11055000	      1104	80001084	66610113	addi	x2,x2,1638	  x2:0x8000807c  x2=0x800086e2
       11065000	      1105	80001088	05811683	lh	x13,88(x2)	  x2:0x800086e2 x13=0xfffff0f1 PA:0x8000873a
       11075000	      1106	8000108c	b1b4ec13	ori	x24,x9,-1253	  x9:0x00000000 x24=0xfffffb1b
       11085000	      1107	80001090	05815603	lhu	x12,88(x2)	  x2:0x800086e2 x12=0x0000f0f1 PA:0x8000873a
       11095000	      1108	80001094	05611c23	sh	x22,88(x2)	  x2:0x800086e2 x22:0x8000138e PA:0x8000873a
       11105000	      1109	80001098	017affb3	and	x31,x21,x23	 x21:0x00000001 x23:0x00000000 x31=0x00000000
       11115000	      1110	8000109c	f6610f83	lb	x31,-154(x2)	  x2:0x800086e2 x31=0x00000003 PA:0x80008648
       11125000	      1111	800010a0	feb14b83	lbu	x23,-21(x2)	  x2:0x800086e2 x23=0x00000086 PA:0x800086cd
       11135000	      1112	800010a4	409d8033	sub	x0,x27,x9	 x27:0x80000bec  x9:0x00000000
       11145000	      1113	800010a8	006b5793	srli	x15,x22,0x6	 x22:0x8000138e x15=0x0200004e
       11155000	      1114	800010ac	15667793	andi	x15,x12,342	 x12:0x0000f0f1 x15=0x00000050
       11165000	      1115	800010b0	0077cf33	xor	x30,x15,x7	 x15:0x00000050  x7:0x00000000 x30=0x00000050
       11175000	      1116	800010b4	ffa105a3	sb	x26,-21(x2)	  x2:0x800086e2 x26:0xf9e96fc4 PA:0x800086cd
       11185000	      1117	800010b8	0c310423	sb	x3,200(x2)	  x2:0x800086e2  x3:0x00000000 PA:0x800087aa
       11195000	      1118	800010bc	0ab109a3	sb	x11,179(x2)	  x2:0x800086e2 x11:0x00000704 PA:0x80008795
       11205000	      1119	800010c0	0b314903	lbu	x18,179(x2)	  x2:0x800086e2 x18=0x00000004 PA:0x80008795
       11215000	      1120	800010c4	0b310f03	lb	x30,179(x2)	  x2:0x800086e2 x30=0x00000004 PA:0x80008795
       11225000	      1121	800010c8	0a9109a3	sb	x9,179(x2)	  x2:0x800086e2  x9:0x00000000 PA:0x80008795
       11235000	      1122	800010cc	0e314283	lbu	x5,227(x2)	  x2:0x800086e2  x5=0x0000007e PA:0x800087c5
       11245000	      1123	800010d0	01391663	bne	x18,x19,800010dc	 x18:0x00000004 x19:0x00000122
       11255000	      1124	00000000	00000013	addi	x0,x0,0	  x0:0x00000000
       11265000	      1125	800010d8	00000013	addi	x0,x0,0	  x0:0x00000000
       11275000	      1126	800010dc	018efe63	bgeu	x29,x24,800010f8	 x29:0x00000000 x24:0xfffffb1b
       11285000	      1127	800010e0	05685263	bge	x16,x22,80001124	 x16:0x6a733f84 x22:0x8000138e
       11295000	      1128	00000000	00000013	addi	x0,x0,0	  x0:0x00000000
       11305000	      1129	80001120	00000013	addi	x0,x0,0	  x0:0x00000000
       11315000	      1130	80001124	02518a63	beq	x3,x5,80001158	  x3:0x00000000  x5:0x0000007e
       11325000	      1131	80001128	41a1c093	xori	x1,x3,1050	  x3:0x00000000  x1=0x0000041a
       11335000	      1132	8000112c	044ad863	bge	x21,x4,8000117c	 x21:0x00000001  x4:0xe510a078
       11345000	      1133	00000000	00000013	addi	x0,x0,0	  x0:0x00000000
       11355000	      1134	80001178	00000013	addi	x0,x0,0	  x0:0x00000000
       11365000	      1135	8000117c	008d00b3	add	x1,x26,x8	 x26:0xf9e96fc4  x8:0x80009fc4  x1=0x79ea0f88
       11375000	      1136	80001180	03dd7663	bgeu	x26,x29,800011ac	 x26:0xf9e96fc4 x29:0x00000000
       11385000	      1137	00000000	00000013	addi	x0,x0,0	  x0:0x00000000
       11395000	      1138	800011a8	00000013	addi	x0,x0,0	  x0:0x00000000
       11405000	      1139	800011ac	409cd5b3	sra	x11,x25,x9	 x25:0x00000000  x9:0x00000000 x11=0x00000000
       11415000	      1140	800011b0	014826b3	slt	x13,x16,x20	 x16:0x6a733f84 x20:0x00000000 x13=0x00000000
       11425000	      1141	800011b4	3ae28f93	addi	x31,x5,942	  x5:0x0000007e x31=0x0000042c
       11435000	      1142	800011b8	22309eb7	lui	x29,0x22309	 x29=0x22309000
       11445000	      1143	800011bc	02635663	bge	x6,x6,800011e8	  x6:0x80000000  x6:0x80000000
       11455000	      1144	00000000	00000013	addi	x0,x0,0	  x0:0x00000000
       11465000	      1145	800011e4	00000013	addi	x0,x0,0	  x0:0x00000000
       11475000	      1146	800011e8	40bd0233	sub	x4,x26,x11	 x26:0xf9e96fc4 x11:0x00000000  x4=0xf9e96fc4
       11485000	      1147	800011ec	02b80663	beq	x16,x11,80001218	 x16:0x6a733f84 x11:0x00000000
       11495000	      1148	800011f0	1e27a1b7	lui	x3,0x1e27a	  x3=0x1e27a000
       11505000	      1149	800011f4	2d616d13	ori	x26,x2,726	  x2:0x800086e2 x26=0x800086f6
       11515000	      1150	800011f8	01f2aab3	slt	x21,x5,x31	  x5:0x0000007e x31:0x0000042c x21=0x00000001
       11525000	      1151	800011fc	40058bb3	sub	x23,x11,x0	 x11:0x00000000  x0:0x00000000 x23=0x00000000
       11535000	      1152	80001200	0093bd33	sltu	x26,x7,x9	  x7:0x00000000  x9:0x00000000 x26=0x00000000
       11545000	      1153	80001204	00ed5eb3	srl	x29,x26,x14	 x26:0x00000000 x14:0x14940000 x29=0x00000000
       11555000	      1154	80001208	5d5bbe13	sltiu	x28,x23,1493	 x23:0x00000000 x28=0x00000001
       11565000	      1155	8000120c	03831463	bne	x6,x24,80001234	  x6:0x80000000 x24:0xfffffb1b
       11575000	      1156	00000000	00000013	addi	x0,x0,0	  x0:0x00000000
       11585000	      1157	80001230	00000013	addi	x0,x0,0	  x0:0x00000000
       11595000	      1158	80001234	40ced693	srai	x13,x29,0xc	 x29:0x00000000 x13=0x00000000
       11605000	      1159	80001238	e28bc093	xori	x1,x23,-472	 x23:0x00000000  x1=0xfffffe28
       11615000	      1160	8000123c	0129a4b3	slt	x9,x19,x18	 x19:0x00000122 x18:0x00000004  x9=0x00000000
       11625000	      1161	80001240	007b9733	sll	x14,x23,x7	 x23:0x00000000  x7:0x00000000 x14=0x00000000
       11635000	      1162	80001244	00d4cbb3	xor	x23,x9,x13	  x9:0x00000000 x13:0x00000000 x23=0x00000000
       11645000	      1163	80001248	22bbc393	xori	x7,x23,555	 x23:0x00000000  x7=0x0000022b
       11655000	      1164	8000124c	07f9e497	auipc	x9,0x7f9e	  x9=0x87f9f248
       11665000	      1165	80001250	00e85e33	srl	x28,x16,x14	 x16:0x6a733f84 x14:0x00000000 x28=0x6a733f84
       11675000	      1166	80001254	0048c2b3	xor	x5,x17,x4	 x17:0x80009f84  x4:0xf9e96fc4  x5=0x79e9f040
       11685000	      1167	80001258	00678f33	add	x30,x15,x6	 x15:0x00000050  x6:0x80000000 x30=0x80000050
       11695000	      1168	8000125c	015b3933	sltu	x18,x22,x21	 x22:0x8000138e x21:0x00000001 x18=0x00000000
       11705000	      1169	80001260	014b4a63	blt	x22,x20,80001274	 x22:0x8000138e x20:0x00000000
       11715000	      1170	00000000	00000013	addi	x0,x0,0	  x0:0x00000000
       11725000	      1171	80001270	00000013	addi	x0,x0,0	  x0:0x00000000
       11735000	      1172	80001274	60e22d93	slti	x27,x4,1550	  x4:0xf9e96fc4 x27=0x00000001
       11745000	      1173	80001278	1accb013	sltiu	x0,x25,428	 x25:0x00000000
       11755000	      1174	8000127c	00ca0633	add	x12,x20,x12	 x20:0x00000000 x12:0x0000f0f1 x12=0x0000f0f1
       11765000	      1175	80001280	776c0813	addi	x16,x24,1910	 x24:0xfffffb1b x16=0x00000291
       11775000	      1176	80001284	017f4c63	blt	x30,x23,8000129c	 x30:0x80000050 x23:0x00000000
       11785000	      1177	00000000	00000013	addi	x0,x0,0	  x0:0x00000000
       11795000	      1178	80001298	00000013	addi	x0,x0,0	  x0:0x00000000
       11805000	      1179	8000129c	01cbfc63	bgeu	x23,x28,800012b4	 x23:0x00000000 x28:0x6a733f84
       11815000	      1180	800012a0	02468463	beq	x13,x4,800012c8	 x13:0x00000000  x4:0xf9e96fc4
       11825000	      1181	800012a4	00226c63	bltu	x4,x2,800012bc	  x4:0xf9e96fc4  x2:0x800086e2
       11835000	      1182	800012a8	d55a1ab7	lui	x21,0xd55a1	 x21=0xd55a1000
       11845000	      1183	800012ac	7bedae13	slti	x28,x27,1982	 x27:0x00000001 x28=0x00000001
       11855000	      1184	800012b0	94247713	andi	x14,x8,-1726	  x8:0x80009fc4 x14=0x80009940
       11865000	      1185	800012b4	04209263	bne	x1,x2,800012f8	  x1:0xfffffe28  x2:0x800086e2
       11875000	      1186	00000000	00000013	addi	x0,x0,0	  x0:0x00000000
       11885000	      1187	800012f4	00000013	addi	x0,x0,0	  x0:0x00000000
       11895000	      1188	800012f8	00299c13	slli	x24,x19,0x2	 x19:0x00000122 x24=0x00000488
       11905000	      1189	800012fc	41df0a33	sub	x20,x30,x29	 x30:0x80000050 x29:0x00000000 x20=0x80000050
       11915000	      1190	80001300	004999b3	sll	x19,x19,x4	 x19:0x00000122  x4:0xf9e96fc4 x19=0x00001220
       11925000	      1191	80001304	03234a63	blt	x6,x18,80001338	  x6:0x80000000 x18:0x00000000
       11935000	      1192	00000000	00000013	addi	x0,x0,0	  x0:0x00000000
       11945000	      1193	80001334	00000013	addi	x0,x0,0	  x0:0x00000000
       11955000	      1194	80001338	415b80b3	sub	x1,x23,x21	 x23:0x00000000 x21:0xd55a1000  x1=0x2aa5f000
       11965000	      1195	8000133c	01fe7033	and	x0,x28,x31	 x28:0x00000001 x31:0x0000042c
       11975000	      1196	80001340	5df009b7	lui	x19,0x5df00	 x19=0x5df00000
       11985000	      1197	80001344	04c17263	bgeu	x2,x12,80001388	  x2:0x800086e2 x12:0x0000f0f1
       11995000	      1198	00000000	00000013	addi	x0,x0,0	  x0:0x00000000
       12005000	      1199	80001384	00000013	addi	x0,x0,0	  x0:0x00000000
       12015000	      1200	80001388	00000013	addi	x0,x0,0	  x0:0x00000000
       12025000	      1201	8000138c	015ccdb3	xor	x27,x25,x21	 x25:0x00000000 x21:0xd55a1000 x27=0xd55a1000
       12035000	      1202	80001390	01e78a63	beq	x15,x30,800013a4	 x15:0x00000050 x30:0x80000050
       12045000	      1203	80001394	c3b4ff13	andi	x30,x9,-965	  x9:0x87f9f248 x30=0x87f9f008
       12055000	      1204	80001398	f1458393	addi	x7,x11,-236	 x11:0x00000000  x7=0xffffff14
       12065000	      1205	8000139c	aea44213	xori	x4,x8,-1302	  x8:0x80009fc4  x4=0x7fff652e
       12075000	      1206	800013a0	03a14663	blt	x2,x26,800013cc	  x2:0x800086e2 x26:0x00000000
       12085000	      1207	00000000	00000013	addi	x0,x0,0	  x0:0x00000000
       12095000	      1208	800013c8	00000013	addi	x0,x0,0	  x0:0x00000000
       12105000	      1209	800013cc	008d0a33	add	x20,x26,x8	 x26:0x00000000  x8:0x80009fc4 x20=0x80009fc4
       12115000	      1210	800013d0	413c0f33	sub	x30,x24,x19	 x24:0x00000488 x19:0x5df00000 x30=0xa2100488
       12125000	      1211	800013d4	002cdc63	bge	x25,x2,800013ec	 x25:0x00000000  x2:0x800086e2
       12135000	      1212	00000000	00000013	addi	x0,x0,0	  x0:0x00000000
       12145000	      1213	800013e8	00000013	addi	x0,x0,0	  x0:0x00000000
       12155000	      1214	800013ec	40d483b3	sub	x7,x9,x13	  x9:0x87f9f248 x13:0x00000000  x7=0x87f9f248
       12165000	      1215	800013f0	00613b33	sltu	x22,x2,x6	  x2:0x800086e2  x6:0x80000000 x22=0x00000000
       12175000	      1216	800013f4	1604f193	andi	x3,x9,352	  x9:0x87f9f248  x3=0x00000040
       12185000	      1217	800013f8	005022b3	slt	x5,x0,x5	  x0:0x00000000  x5:0x79e9f040  x5=0x00000001
       12195000	      1218	800013fc	404757b3	sra	x15,x14,x4	 x14:0x80009940  x4:0x7fff652e x15=0xfffe0002
       12205000	      1219	80001400	bde33113	sltiu	x2,x6,-1058	  x6:0x80000000  x2=0x00000001
       12215000	      1220	80001404	0e3e8613	addi	x12,x29,227	 x29:0x00000000 x12=0x000000e3
       12225000	      1221	80001408	2d09ef13	ori	x30,x19,720	 x19:0x5df00000 x30=0x5df002d0
       12235000	      1222	8000140c	01db25b3	slt	x11,x22,x29	 x22:0x00000000 x29:0x00000000 x11=0x00000000
       12245000	      1223	80001410	fbd52c13	slti	x24,x10,-67	 x10:0x00000000 x24=0x00000000
       12255000	      1224	80001414	ad58c297	auipc	x5,0xad58c	  x5=0x2d58d410
       12265000	      1225	80001418	fd6184b7	lui	x9,0xfd618	  x9=0xfd618000
       12275000	      1226	8000141c	41e203b3	sub	x7,x4,x30	  x4:0x7fff652e x30:0x5df002d0  x7=0x220f625e
       12285000	      1227	80001420	051c6863	bltu	x24,x17,80001470	 x24:0x00000000 x17:0x80009f84
       12295000	      1228	00000000	00000013	addi	x0,x0,0	  x0:0x00000000
       12305000	      1229	8000146c	00000013	addi	x0,x0,0	  x0:0x00000000
       12315000	      1230	80001470	01c144b3	xor	x9,x2,x28	  x2:0x00000001 x28:0x00000001  x9=0x00000000
       12325000	      1231	80001474	3c3b6293	ori	x5,x22,963	 x22:0x00000000  x5=0x000003c3
       12335000	      1232	80001478	00000013	addi	x0,x0,0	  x0:0x00000000
       12345000	      1233	8000147c	cad00f93	addi	x31,x0,-851	  x0:0x00000000 x31=0xfffffcad
       12355000	      1234	80001480	a26a4b93	xori	x23,x20,-1498	 x20:0x80009fc4 x23=0x7fff65e2
       12365000	      1235	80001484	008d4eb3	xor	x29,x26,x8	 x26:0x00000000  x8:0x80009fc4 x29=0x80009fc4
       12375000	      1236	80001488	00349013	slli	x0,x9,0x3	  x9:0x00000000
       12385000	      1237	8000148c	00c967b3	or	x15,x18,x12	 x18:0x00000000 x12:0x000000e3 x15=0x000000e3
       12395000	      1238	80001490	019d5b93	srli	x23,x26,0x19	 x26:0x00000000 x23=0x00000000
       12405000	      1239	80001494	01d5f6b3	and	x13,x11,x29	 x11:0x00000000 x29:0x80009fc4 x13=0x00000000
       12415000	      1240	80001498	00000013	addi	x0,x0,0	  x0:0x00000000
       12425000	      1241	8000149c	03dde263	bltu	x27,x29,800014c0	 x27:0xd55a1000 x29:0x80009fc4
       12435000	      1242	800014a0	01281213	slli	x4,x16,0x12	 x16:0x00000291  x4=0x0a440000
       12445000	      1243	800014a4	86d7b5b7	lui	x11,0x86d7b	 x11=0x86d7b000
       12455000	      1244	800014a8	0139ff33	and	x30,x19,x19	 x19:0x5df00000 x19:0x5df00000 x30=0x5df00000
       12465000	      1245	800014ac	6202b993	sltiu	x19,x5,1568	  x5:0x000003c3 x19=0x00000001
       12475000	      1246	800014b0	03809463	bne	x1,x24,800014d8	  x1:0x2aa5f000 x24:0x00000000
       12485000	      1247	00000000	00000013	addi	x0,x0,0	  x0:0x00000000
       12495000	      1248	800014d4	00000013	addi	x0,x0,0	  x0:0x00000000
       12505000	      1249	800014d8	00000013	addi	x0,x0,0	  x0:0x00000000
       12515000	      1250	800014dc	0568c463	blt	x17,x22,80001524	 x17:0x80009f84 x22:0x00000000
       12525000	      1251	00000000	00000013	addi	x0,x0,0	  x0:0x00000000
       12535000	      1252	80001520	00000013	addi	x0,x0,0	  x0:0x00000000
       12545000	      1253	80001524	f9f06013	ori	x0,x0,-97	  x0:0x00000000
       12555000	      1254	80001528	01c4be33	sltu	x28,x9,x28	  x9:0x00000000 x28:0x00000001 x28=0x00000001
       12565000	      1255	8000152c	002a1e33	sll	x28,x20,x2	 x20:0x80009fc4  x2:0x00000001 x28=0x00013f88
       12575000	      1256	80001530	01c7a233	slt	x4,x15,x28	 x15:0x000000e3 x28:0x00013f88  x4=0x00000001
       12585000	      1257	80001534	0a2ad463	bge	x21,x2,800015dc	 x21:0xd55a1000  x2:0x00000001
       12595000	      1258	80001538	003ea0b3	slt	x1,x29,x3	 x29:0x80009fc4  x3:0x00000040  x1=0x00000001
       12605000	      1259	8000153c	d62d8393	addi	x7,x27,-670	 x27:0xd55a1000  x7=0xd55a0d62
       12615000	      1260	80001540	d25aa017	auipc	x0,0xd25aa	
       12625000	      1261	80001544	8c978113	addi	x2,x15,-1847	 x15:0x000000e3  x2=0xfffff9ac
       12635000	      1262	80001548	c661e013	ori	x0,x3,-922	  x3:0x00000040
       12645000	      1263	8000154c	09fc4863	blt	x24,x31,800015dc	 x24:0x00000000 x31:0xfffffcad
       12655000	      1264	80001550	0100ddb3	srl	x27,x1,x16	  x1:0x00000001 x16:0x00000291 x27=0x00000000
       12665000	      1265	80001554	00007c97	auipc	x25,0x7	 x25=0x80008550
       12675000	      1266	80001558	c67c8c93	addi	x25,x25,-921	 x25:0x80008550 x25=0x800081b7
       12685000	      1267	8000155c	00007d97	auipc	x27,0x7	 x27=0x80008558
       12695000	      1268	80001560	130d8d93	addi	x27,x27,304	 x27:0x80008558 x27=0x80008688
       12705000	      1269	80001564	00007797	auipc	x15,0x7	 x15=0x80008560
       12715000	      1270	80001568	d9578793	addi	x15,x15,-619	 x15:0x80008560 x15=0x800082f5
       12725000	      1271	8000156c	e4bd8aa3	sb	x11,-427(x27)	 x27:0x80008688 x11:0x86d7b000 PA:0x800084dd
       12735000	      1272	80001570	00bcc103	lbu	x2,11(x25)	 x25:0x800081b7  x2=0x00000079 PA:0x800081c2
       12745000	      1273	80001574	ffa7cb83	lbu	x23,-6(x15)	 x15:0x800082f5 x23=0x000000a4 PA:0x800082ef
       12755000	      1274	80001578	0037c383	lbu	x7,3(x15)	 x15:0x800082f5  x7=0x000000b3 PA:0x800082f8
       12765000	      1275	8000157c	d0bd8c23	sb	x11,-744(x27)	 x27:0x80008688 x11:0x86d7b000 PA:0x800083a0
       12775000	      1276	80001580	a8dd8c03	lb	x24,-1395(x27)	 x27:0x80008688 x24=0xffffffce PA:0x80008115
       12785000	      1277	80001584	ffa7c983	lbu	x19,-6(x15)	 x15:0x800082f5 x19=0x000000a4 PA:0x800082ef
       12795000	      1278	80001588	ff57da83	lhu	x21,-11(x15)	 x15:0x800082f5 x21=0x0000a0a1 PA:0x800082ea
       12805000	      1279	8000158c	000c8823	sb	x0,16(x25)	 x25:0x800081b7  x0:0x00000000 PA:0x800081c7
       12815000	      1280	80001590	ff17c803	lbu	x16,-15(x15)	 x15:0x800082f5 x16=0x0000009d PA:0x800082e6
       12825000	      1281	80001594	ff178d03	lb	x26,-15(x15)	 x15:0x800082f5 x26=0xffffff9d PA:0x800082e6
       12835000	      1282	80001598	05ddc003	lbu	x0,93(x27)	 x27:0x80008688 PA:0x800086e5
       12845000	      1283	8000159c	ff378f83	lb	x31,-13(x15)	 x15:0x800082f5 x31=0xffffffa3 PA:0x800082e8
       12855000	      1284	800015a0	ff9ca703	lw	x14,-7(x25)	 x25:0x800081b7 x14=0x68696a6b PA:0x800081b0
       12865000	      1285	800015a4	009782a3	sb	x9,5(x15)	 x15:0x800082f5  x9:0x00000000 PA:0x800082fa
       12875000	      1286	800015a8	00878123	sb	x8,2(x15)	 x15:0x800082f5  x8:0x80009fc4 PA:0x800082f7
       12885000	      1287	800015ac	ff4cc083	lbu	x1,-12(x25)	 x25:0x800081b7  x1=0x00000060 PA:0x800081ab
       12895000	      1288	800015b0	fbed8183	lb	x3,-66(x27)	 x27:0x80008688  x3=0xfffffffd PA:0x80008646
       12905000	      1289	800015b4	ff3c9203	lh	x4,-13(x25)	 x25:0x800081b7  x4=0x00006061 PA:0x800081aa
       12915000	      1290	800015b8	016ecb33	xor	x22,x29,x22	 x29:0x80009fc4 x22:0x00000000 x22=0x80009fc4
       12925000	      1291	800015bc	00636a63	bltu	x6,x6,800015d0	  x6:0x80000000  x6:0x80000000
       12935000	      1292	800015c0	40c4d693	srai	x13,x9,0xc	  x9:0x00000000 x13=0x00000000
       12945000	      1293	800015c4	00000013	addi	x0,x0,0	  x0:0x00000000
       12955000	      1294	800015c8	00000013	addi	x0,x0,0	  x0:0x00000000
       12965000	      1295	800015cc	017d1863	bne	x26,x23,800015dc	 x26:0xffffff9d x23:0x000000a4
       12975000	      1296	00000000	00000013	addi	x0,x0,0	  x0:0x00000000
       12985000	      1297	800015d8	00000013	addi	x0,x0,0	  x0:0x00000000
       12995000	      1298	800015dc	dc436213	ori	x4,x6,-572	  x6:0x80000000  x4=0xfffffdc4
       13005000	      1299	800015e0	d6373c13	sltiu	x24,x14,-669	 x14:0x68696a6b x24=0x00000001
       13015000	      1300	800015e4	0128df93	srli	x31,x17,0x12	 x17:0x80009f84 x31=0x00002000
       13025000	      1301	800015e8	7559db97	auipc	x23,0x7559d	 x23=0xf559e5e4
       13035000	      1302	800015ec	3c109a97	auipc	x21,0x3c109	 x21=0xbc10a5e8
       13045000	      1303	800015f0	00000013	addi	x0,x0,0	  x0:0x00000000
       13055000	      1304	800015f4	009cb133	sltu	x2,x25,x9	 x25:0x800081b7  x9:0x00000000  x2=0x00000000
       13065000	      1305	800015f8	31552d13	slti	x26,x10,789	 x10:0x00000000 x26=0x00000001
       13075000	      1306	800015fc	004abfb3	sltu	x31,x21,x4	 x21:0xbc10a5e8  x4:0xfffffdc4 x31=0x00000001
       13085000	      1307	80001600	05f7c263	blt	x15,x31,80001644	 x15:0x800082f5 x31:0x00000001
       13095000	      1308	00000000	00000013	addi	x0,x0,0	  x0:0x00000000
       13105000	      1309	80001640	00000013	addi	x0,x0,0	  x0:0x00000000
       13115000	      1310	80001644	0020c5b3	xor	x11,x1,x2	  x1:0x00000060  x2:0x00000000 x11=0x00000060
       13125000	      1311	80001648	03b91263	bne	x18,x27,8000166c	 x18:0x00000000 x27:0x80008688
       13135000	      1312	00000000	00000013	addi	x0,x0,0	  x0:0x00000000
       13145000	      1313	80001668	00000013	addi	x0,x0,0	  x0:0x00000000
       13155000	      1314	8000166c	02824663	blt	x4,x8,80001698	  x4:0xfffffdc4  x8:0x80009fc4
       13165000	      1315	80001670	a0bae013	ori	x0,x21,-1525	 x21:0xbc10a5e8
       13175000	      1316	80001674	003e16b3	sll	x13,x28,x3	 x28:0x00013f88  x3:0xfffffffd x13=0x00000000
       13185000	      1317	80001678	012f73b3	and	x7,x30,x18	 x30:0x5df00000 x18:0x00000000  x7=0x00000000
       13195000	      1318	8000167c	38976cb7	lui	x25,0x38976	 x25=0x38976000
       13205000	      1319	80001680	41645993	srai	x19,x8,0x16	  x8:0x80009fc4 x19=0xfffffe00
       13215000	      1320	80001684	01d3d0b3	srl	x1,x7,x29	  x7:0x00000000 x29:0x80009fc4  x1=0x00000000
       13225000	      1321	80001688	00000013	addi	x0,x0,0	  x0:0x00000000
       13235000	      1322	8000168c	0320f463	bgeu	x1,x18,800016b4	  x1:0x00000000 x18:0x00000000
       13245000	      1323	00000000	00000013	addi	x0,x0,0	  x0:0x00000000
       13255000	      1324	800016b0	00000013	addi	x0,x0,0	  x0:0x00000000
       13265000	      1325	800016b4	01649793	slli	x15,x9,0x16	  x9:0x00000000 x15=0x00000000
       13275000	      1326	800016b8	41258e33	sub	x28,x11,x18	 x11:0x00000060 x18:0x00000000 x28=0x00000060
       13285000	      1327	800016bc	01f0e263	bltu	x1,x31,800016c0	  x1:0x00000000 x31:0x00000001
       13295000	      1328	00000000	00000013	addi	x0,x0,0	  x0:0x00000000
       13305000	      1329	800016bc	00000013	addi	x0,x0,0	  x0:0x00000000
       13315000	      1330	800016c0	9a2c5db7	lui	x27,0x9a2c5	 x27=0x9a2c5000
       13325000	      1331	800016c4	31a08b13	addi	x22,x1,794	  x1:0x00000000 x22=0x0000031a
       13335000	      1332	800016c8	01650c63	beq	x10,x22,800016e0	 x10:0x00000000 x22:0x0000031a
       13345000	      1333	800016cc	001f7c63	bgeu	x30,x1,800016e4	 x30:0x5df00000  x1:0x00000000
       13355000	      1334	00000000	00000013	addi	x0,x0,0	  x0:0x00000000
       13365000	      1335	800016e0	00000013	addi	x0,x0,0	  x0:0x00000000
       13375000	      1336	800016e4	004e0c63	beq	x28,x4,800016fc	 x28:0x00000060  x4:0xfffffdc4
       13385000	      1337	800016e8	0039af33	slt	x30,x19,x3	 x19:0xfffffe00  x3:0xfffffffd x30=0x00000001
       13395000	      1338	800016ec	010ac863	blt	x21,x16,800016fc	 x21:0xbc10a5e8 x16:0x0000009d
       13405000	      1339	00000000	00000013	addi	x0,x0,0	  x0:0x00000000
       13415000	      1340	800016f8	00000013	addi	x0,x0,0	  x0:0x00000000
       13425000	      1341	800016fc	b6d18913	addi	x18,x3,-1171	  x3:0xfffffffd x18=0xfffffb6a
       13435000	      1342	80001700	00000317	auipc	x6,0x0	  x6=0x800016fc
       13445000	      1343	80001704	00c30313	addi	x6,x6,12	  x6:0x800016fc  x6=0x80001708
       13455000	      1344	80001708	00030067	jalr	x0,x6,0	  x6:0x80001708
       13465000	      1345	00000000	00000013	addi	x0,x0,0	  x0:0x00000000
       13475000	      1346	80001708	00000013	addi	x0,x0,0	  x0:0x00000000
       13485000	      1347	8000170c	00100193	addi	x3,x0,1	  x0:0x00000000  x3=0x00000001
       13495000	      1348	80001710	00000073	ecall	
       13505000	      1349	80001714	2a38b793	sltiu	x15,x17,675	 x17:0x80009f84 x15=0x00000000
