		Time			Cycle	PC		Insn	Decoded instruction	Register and memory contents
          65000	         5	80000004	00000293	addi	x5,x0,0	  x0:0x00000000  x5=0x00000000
          75000	         6	80000008	00000313	addi	x6,x0,0	  x0:0x00000000  x6=0x00000000
          85000	         7	8000000c	00628263	beq	x5,x6,80000010	  x5:0x00000000  x6:0x00000000
          95000	         8	00000000	00000013	addi	x0,x0,0	  x0:0x00000000
         105000	         9	8000000c	00000013	addi	x0,x0,0	  x0:0x00000000
         115000	        10	80000010	00000b97	auipc	x23,0x0	 x23=0x8000000c
         125000	        11	80000014	00cb8b93	addi	x23,x23,12	 x23:0x8000000c x23=0x80000018
         135000	        12	80000018	000b8067	jalr	x0,x23,0	 x23:0x80000018
         145000	        13	00000000	00000013	addi	x0,x0,0	  x0:0x00000000
         155000	        14	80000018	00000013	addi	x0,x0,0	  x0:0x00000000
         165000	        15	8000001c	40000f37	lui	x30,0x40000	 x30=0x40000000
         175000	        16	80000020	100f0f13	addi	x30,x30,256	 x30:0x40000000 x30=0x40000100
         185000	        17	80000024	00000013	addi	x0,x0,0	  x0:0x00000000
         195000	        18	80000028	0000a897	auipc	x17,0xa	 x17=0x8000a024
         205000	        19	8000002c	fa088893	addi	x17,x17,-96	 x17:0x8000a024 x17=0x80009fc4
         215000	        20	80000030	00002f17	auipc	x30,0x2	 x30=0x8000202c
         225000	        21	80000034	114f0f13	addi	x30,x30,276	 x30:0x8000202c x30=0x80002140
         235000	        22	80000038	000f6f13	ori	x30,x30,0	 x30:0x80002140 x30=0x80002140
         245000	        23	8000003c	00000013	addi	x0,x0,0	  x0:0x00000000
         255000	        24	80000040	00000f17	auipc	x30,0x0	 x30=0x8000003c
         265000	        25	80000044	020f0f13	addi	x30,x30,32	 x30:0x8000003c x30=0x8000005c
         275000	        26	80000048	00000013	addi	x0,x0,0	  x0:0x00000000
         285000	        27	8000004c	00000013	addi	x0,x0,0	  x0:0x00000000
         295000	        28	80000050	00002f37	lui	x30,0x2	 x30=0x00002000
         305000	        29	80000054	800f0f13	addi	x30,x30,-2048	 x30:0x00002000 x30=0x00001800
         315000	        30	80000058	00000013	addi	x0,x0,0	  x0:0x00000000
         325000	        31	8000005c	00000013	addi	x0,x0,0	  x0:0x00000000
         335000	        32	80000060	00f00013	addi	x0,x0,15	  x0:0x00000000
         345000	        33	80000064	800000b7	lui	x1,0x80000	  x1=0x80000000
         355000	        34	80000068	c4f5f137	lui	x2,0xc4f5f	  x2=0xc4f5f000
         365000	        35	8000006c	aea10113	addi	x2,x2,-1302	  x2:0xc4f5f000  x2=0xc4f5eaea
         375000	        36	80000070	fa26f1b7	lui	x3,0xfa26f	  x3=0xfa26f000
         385000	        37	80000074	37518193	addi	x3,x3,885	  x3:0xfa26f000  x3=0xfa26f375
         395000	        38	80000078	f1701237	lui	x4,0xf1701	  x4=0xf1701000
         405000	        39	8000007c	76120213	addi	x4,x4,1889	  x4:0xf1701000  x4=0xf1701761
         415000	        40	80000080	00000293	addi	x5,x0,0	  x0:0x00000000  x5=0x00000000
         425000	        41	80000084	80000337	lui	x6,0x80000	  x6=0x80000000
         435000	        42	80000088	fb1aa3b7	lui	x7,0xfb1aa	  x7=0xfb1aa000
         445000	        43	8000008c	b0b38393	addi	x7,x7,-1269	  x7:0xfb1aa000  x7=0xfb1a9b0b
         455000	        44	80000090	9fce7437	lui	x8,0x9fce7	  x8=0x9fce7000
         465000	        45	80000094	91240413	addi	x8,x8,-1774	  x8:0x9fce7000  x8=0x9fce6912
         475000	        46	80000098	dd2a74b7	lui	x9,0xdd2a7	  x9=0xdd2a7000
         485000	        47	8000009c	c4348493	addi	x9,x9,-957	  x9:0xdd2a7000  x9=0xdd2a6c43
         495000	        48	800000a0	00f00513	addi	x10,x0,15	  x0:0x00000000 x10=0x0000000f
         505000	        49	800000a4	00f00593	addi	x11,x0,15	  x0:0x00000000 x11=0x0000000f
         515000	        50	800000a8	80000637	lui	x12,0x80000	 x12=0x80000000
         525000	        51	800000ac	800006b7	lui	x13,0x80000	 x13=0x80000000
         535000	        52	800000b0	00b00713	addi	x14,x0,11	  x0:0x00000000 x14=0x0000000b
         545000	        53	800000b4	f2d4d7b7	lui	x15,0xf2d4d	 x15=0xf2d4d000
         555000	        54	800000b8	47678793	addi	x15,x15,1142	 x15:0xf2d4d000 x15=0xf2d4d476
         565000	        55	800000bc	2ea14837	lui	x16,0x2ea14	 x16=0x2ea14000
         575000	        56	800000c0	3f580813	addi	x16,x16,1013	 x16:0x2ea14000 x16=0x2ea143f5
         585000	        57	800000c4	f6624937	lui	x18,0xf6624	 x18=0xf6624000
         595000	        58	800000c8	9dd90913	addi	x18,x18,-1571	 x18:0xf6624000 x18=0xf66239dd
         605000	        59	800000cc	00100993	addi	x19,x0,1	  x0:0x00000000 x19=0x00000001
         615000	        60	800000d0	00f00a13	addi	x20,x0,15	  x0:0x00000000 x20=0x0000000f
         625000	        61	800000d4	faf68ab7	lui	x21,0xfaf68	 x21=0xfaf68000
         635000	        62	800000d8	7f8a8a93	addi	x21,x21,2040	 x21:0xfaf68000 x21=0xfaf687f8
         645000	        63	800000dc	00600b13	addi	x22,x0,6	  x0:0x00000000 x22=0x00000006
         655000	        64	800000e0	00000b93	addi	x23,x0,0	  x0:0x00000000 x23=0x00000000
         665000	        65	800000e4	00000c93	addi	x25,x0,0	  x0:0x00000000 x25=0x00000000
         675000	        66	800000e8	a5342d37	lui	x26,0xa5342	 x26=0xa5342000
         685000	        67	800000ec	2a4d0d13	addi	x26,x26,676	 x26:0xa5342000 x26=0xa53422a4
         695000	        68	800000f0	80000db7	lui	x27,0x80000	 x27=0x80000000
         705000	        69	800000f4	dd425e37	lui	x28,0xdd425	 x28=0xdd425000
         715000	        70	800000f8	a49e0e13	addi	x28,x28,-1463	 x28:0xdd425000 x28=0xdd424a49
         725000	        71	800000fc	f10cceb7	lui	x29,0xf10cc	 x29=0xf10cc000
         735000	        72	80000100	6cfe8e93	addi	x29,x29,1743	 x29:0xf10cc000 x29=0xf10cc6cf
         745000	        73	80000104	00000f13	addi	x30,x0,0	  x0:0x00000000 x30=0x00000000
         755000	        74	80000108	9ffc2fb7	lui	x31,0x9ffc2	 x31=0x9ffc2000
         765000	        75	8000010c	a6cf8f93	addi	x31,x31,-1428	 x31:0x9ffc2000 x31=0x9ffc1a6c
         775000	        76	80000110	0000ac17	auipc	x24,0xa	 x24=0x8000a10c
         785000	        77	80000114	e78c0c13	addi	x24,x24,-392	 x24:0x8000a10c x24=0x80009f84
         795000	        78	80000118	00f90b33	add	x22,x18,x15	 x18:0xf66239dd x15:0xf2d4d476 x22=0xe9370e53
         805000	        79	8000011c	41d70333	sub	x6,x14,x29	 x14:0x0000000b x29:0xf10cc6cf  x6=0x0ef3393c
         815000	        80	80000120	77c12f13	slti	x30,x2,1916	  x2:0xc4f5eaea x30=0x00000001
         825000	        81	80000124	00000517	auipc	x10,0x0	 x10=0x80000120
         835000	        82	80000128	2a450513	addi	x10,x10,676	 x10:0x80000120 x10=0x800003c4
         845000	        83	8000012c	94bf3e93	sltiu	x29,x30,-1717	 x30:0x00000001 x29=0x00000001
         855000	        84	80000130	2fd50513	addi	x10,x10,765	 x10:0x800003c4 x10=0x800006c1
         865000	        85	80000134	70bd5a17	auipc	x20,0x70bd5	 x20=0xf0bd5130
         875000	        86	80000138	01e1c1b3	xor	x3,x3,x30	  x3:0xfa26f375 x30:0x00000001  x3=0xfa26f374
         885000	        87	8000013c	006c1b13	slli	x22,x24,0x6	 x24:0x80009f84 x22=0x0027e100
         895000	        88	80000140	d03500e7	jalr	x1,x10,-765	 x10:0x800006c1  x1=0x80000140
         905000	        89	00000000	00000013	addi	x0,x0,0	  x0:0x00000000
         915000	        90	800003c4	00000013	addi	x0,x0,0	  x0:0x00000000
         925000	        91	800003c8	00fde233	or	x4,x27,x15	 x27:0x80000000 x15:0xf2d4d476  x4=0xf2d4d476
         935000	        92	800003cc	00ee4263	blt	x28,x14,800003d0	 x28:0xdd424a49 x14:0x0000000b
         945000	        93	00000000	00000013	addi	x0,x0,0	  x0:0x00000000
         955000	        94	800003cc	00000013	addi	x0,x0,0	  x0:0x00000000
         965000	        95	800003d0	fecc0c13	addi	x24,x24,-20	 x24:0x80009f84 x24=0x80009f70
         975000	        96	800003d4	0021f2b3	and	x5,x3,x2	  x3:0xfa26f374  x2:0xc4f5eaea  x5=0xc024e260
         985000	        97	800003d8	001c2223	sw	x1,4(x24)	 x24:0x80009f70  x1:0x80000140 PA:0x80009f74
         995000	        98	800003dc	019987b3	add	x15,x19,x25	 x19:0x00000001 x25:0x00000000 x15=0x00000001
        1005000	        99	800003e0	009dfdb3	and	x27,x27,x9	 x27:0x80000000  x9:0xdd2a6c43 x27=0x80000000
        1015000	       100	800003e4	4ddc4c93	xori	x25,x24,1245	 x24:0x80009f70 x25=0x80009bad
        1025000	       101	800003e8	00008d17	auipc	x26,0x8	 x26=0x800083e4
        1035000	       102	800003ec	16cd0d13	addi	x26,x26,364	 x26:0x800083e4 x26=0x80008550
        1045000	       103	800003f0	00a2ccb3	xor	x25,x5,x10	  x5:0xc024e260 x10:0x800006c1 x25=0x4024e4a1
        1055000	       104	800003f4	cfad07a3	sb	x26,-785(x26)	 x26:0x80008550 x26:0x80008550 PA:0x8000823f
        1065000	       105	800003f8	070dc593	xori	x11,x27,112	 x27:0x80000000 x11=0x80000070
        1075000	       106	800003fc	00de5313	srli	x6,x28,0xd	 x28:0xdd424a49  x6=0x0006ea12
        1085000	       107	80000400	266d0523	sb	x6,618(x26)	 x26:0x80008550  x6:0x0006ea12 PA:0x800087ba
        1095000	       108	80000404	26ad1483	lh	x9,618(x26)	 x26:0x80008550  x9=0x00000012 PA:0x800087ba
        1105000	       109	00000000	00000013	addi	x0,x0,0	  x0:0x00000000
        1115000	       110	80000408	001492b3	sll	x5,x9,x1	  x9:0x00000012  x1:0x80000140  x5=0x00000012
        1125000	       111	8000040c	26ad5703	lhu	x14,618(x26)	 x26:0x80008550 x14=0x00000012 PA:0x800087ba
        1135000	       112	80000410	b8ad2823	sw	x10,-1136(x26)	 x26:0x80008550 x10:0x800006c1 PA:0x800080e0
        1145000	       113	80000414	b98d1823	sh	x24,-1136(x26)	 x26:0x80008550 x24:0x80009f70 PA:0x800080e0
        1155000	       114	80000418	b90d0f03	lb	x30,-1136(x26)	 x26:0x80008550 x30=0x00000070 PA:0x800080e0
        1165000	       115	8000041c	cc8d0483	lb	x9,-824(x26)	 x26:0x80008550  x9=0x00000000 PA:0x80008218
        1175000	       116	80000420	cc8d2383	lw	x7,-824(x26)	 x26:0x80008550  x7=0x00000000 PA:0x80008218
        1185000	       117	80000424	cc8d4703	lbu	x14,-824(x26)	 x26:0x80008550 x14=0x00000000 PA:0x80008218
        1195000	       118	80000428	55c10713	addi	x14,x2,1372	  x2:0xc4f5eaea x14=0xc4f5f046
        1205000	       119	8000042c	02ed01a3	sb	x14,35(x26)	 x26:0x80008550 x14:0xc4f5f046 PA:0x80008573
        1215000	       120	80000430	022d01a3	sb	x2,35(x26)	 x26:0x80008550  x2:0xc4f5eaea PA:0x80008573
        1225000	       121	80000434	02cd01a3	sb	x12,35(x26)	 x26:0x80008550 x12:0x80000000 PA:0x80008573
        1235000	       122	80000438	efbd0183	lb	x3,-261(x26)	 x26:0x80008550  x3=0x00000000 PA:0x8000844b
        1245000	       123	8000043c	efbd4e03	lbu	x28,-261(x26)	 x26:0x80008550 x28=0x00000000 PA:0x8000844b
        1255000	       124	80000440	ef3d0da3	sb	x19,-261(x26)	 x26:0x80008550 x19:0x00000001 PA:0x8000844b
        1265000	       125	80000444	00009e97	auipc	x29,0x9	 x29=0x80009440
        1275000	       126	80000448	862e8e93	addi	x29,x29,-1950	 x29:0x80009440 x29=0x80008ca2
        1285000	       127	8000044c	013ec083	lbu	x1,19(x29)	 x29:0x80008ca2  x1=0x00000000 PA:0x80008cb5
        1295000	       128	80000450	fd5ec183	lbu	x3,-43(x29)	 x29:0x80008ca2  x3=0x00000000 PA:0x80008c77
        1305000	       129	80000454	00008417	auipc	x8,0x8	  x8=0x80008450
        1315000	       130	80000458	40440413	addi	x8,x8,1028	  x8:0x80008450  x8=0x80008854
        1325000	       131	8000045c	02be8a83	lb	x21,43(x29)	 x29:0x80008ca2 x21=0x00000000 PA:0x80008ccd
        1335000	       132	80000460	00008917	auipc	x18,0x8	 x18=0x8000845c
        1345000	       133	80000464	68590913	addi	x18,x18,1669	 x18:0x8000845c x18=0x80008ae1
        1355000	       134	80000468	2a544e03	lbu	x28,677(x8)	  x8:0x80008854 x28=0x00000000 PA:0x80008af9
        1365000	       135	8000046c	03e94803	lbu	x16,62(x18)	 x18:0x80008ae1 x16=0x00000000 PA:0x80008b1f
        1375000	       136	80000470	00008397	auipc	x7,0x8	  x7=0x8000846c
        1385000	       137	80000474	57a38393	addi	x7,x7,1402	  x7:0x8000846c  x7=0x800089e6
        1395000	       138	80000478	13544d03	lbu	x26,309(x8)	  x8:0x80008854 x26=0x00000000 PA:0x80008989
        1405000	       139	8000047c	47c45603	lhu	x12,1148(x8)	  x8:0x80008854 x12=0x00000000 PA:0x80008cd0
        1415000	       140	80000480	5733c983	lbu	x19,1395(x7)	  x7:0x800089e6 x19=0x00000000 PA:0x80008f59
        1425000	       141	80000484	fc190703	lb	x14,-63(x18)	 x18:0x80008ae1 x14=0x00000000 PA:0x80008aa2
        1435000	       142	80000488	16540623	sb	x5,364(x8)	  x8:0x80008854  x5:0x00000012 PA:0x800089c0
        1445000	       143	8000048c	01894483	lbu	x9,24(x18)	 x18:0x80008ae1  x9=0x00000000 PA:0x80008af9
        1455000	       144	80000490	57e39583	lh	x11,1406(x7)	  x7:0x800089e6 x11=0x00000000 PA:0x80008f64
        1465000	       145	80000494	fcfe8d83	lb	x27,-49(x29)	 x29:0x80008ca2 x27=0x00000000 PA:0x80008c71
        1475000	       146	80000498	03e94803	lbu	x16,62(x18)	 x18:0x80008ae1 x16=0x00000000 PA:0x80008b1f
        1485000	       147	8000049c	32538a83	lb	x21,805(x7)	  x7:0x800089e6 x21=0x00000000 PA:0x80008d0b
        1495000	       148	800004a0	11445703	lhu	x14,276(x8)	  x8:0x80008854 x14=0x00000000 PA:0x80008968
        1505000	       149	00000000	00000013	addi	x0,x0,0	  x0:0x00000000
        1515000	       150	800004a4	18e39823	sh	x14,400(x7)	  x7:0x800089e6 x14:0x00000000 PA:0x80008b76
        1525000	       151	800004a8	02490a83	lb	x21,36(x18)	 x18:0x80008ae1 x21=0x00000000 PA:0x80008b05
        1535000	       152	800004ac	f883c483	lbu	x9,-120(x7)	  x7:0x800089e6  x9=0x00000000 PA:0x8000896e
        1545000	       153	800004b0	65f40803	lb	x16,1631(x8)	  x8:0x80008854 x16=0x00000000 PA:0x80008eb3
        1555000	       154	800004b4	fef91503	lh	x10,-17(x18)	 x18:0x80008ae1 x10=0x00000000 PA:0x80008ad0
        1565000	       155	800004b8	03ae80a3	sb	x26,33(x29)	 x29:0x80008ca2 x26:0x00000000 PA:0x80008cc3
        1575000	       156	800004bc	45638203	lb	x4,1110(x7)	  x7:0x800089e6  x4=0x00000000 PA:0x80008e3c
        1585000	       157	800004c0	13d38f23	sb	x29,318(x7)	  x7:0x800089e6 x29:0x80008ca2 PA:0x80008b24
        1595000	       158	800004c4	01ced103	lhu	x2,28(x29)	 x29:0x80008ca2  x2=0x00000000 PA:0x80008cbe
        1605000	       159	800004c8	ebd38ea3	sb	x29,-323(x7)	  x7:0x800089e6 x29:0x80008ca2 PA:0x800088a3
        1615000	       160	800004cc	00008b17	auipc	x22,0x8	 x22=0x800084c8
        1625000	       161	800004d0	d8eb0b13	addi	x22,x22,-626	 x22:0x800084c8 x22=0x80008256
        1635000	       162	800004d4	00008197	auipc	x3,0x8	  x3=0x800084d0
        1645000	       163	800004d8	faa18193	addi	x3,x3,-86	  x3:0x800084d0  x3=0x8000847a
        1655000	       164	800004dc	00008a17	auipc	x20,0x8	 x20=0x800084d8
        1665000	       165	800004e0	c85a0a13	addi	x20,x20,-891	 x20:0x800084d8 x20=0x8000815d
        1675000	       166	800004e4	ffc18223	sb	x28,-28(x3)	  x3:0x8000847a x28:0x00000000 PA:0x8000845e
        1685000	       167	800004e8	fc7a0c23	sb	x7,-40(x20)	 x20:0x8000815d  x7:0x800089e6 PA:0x80008135
        1695000	       168	800004ec	0ef1c703	lbu	x14,239(x3)	  x3:0x8000847a x14=0x00000000 PA:0x80008569
        1705000	       169	800004f0	004b4203	lbu	x4,4(x22)	 x22:0x80008256  x4=0x00000000 PA:0x8000825a
        1715000	       170	800004f4	ff7b4783	lbu	x15,-9(x22)	 x22:0x80008256 x15=0x00000000 PA:0x8000824d
        1725000	       171	800004f8	021a4f03	lbu	x30,33(x20)	 x20:0x8000815d x30=0x00000000 PA:0x8000817e
        1735000	       172	800004fc	005b4003	lbu	x0,5(x22)	 x22:0x80008256 PA:0x8000825b
        1745000	       173	80000500	f9918003	lb	x0,-103(x3)	  x3:0x8000847a PA:0x80008413
        1755000	       174	80000504	03ca4283	lbu	x5,60(x20)	 x20:0x8000815d  x5=0x00000000 PA:0x80008199
        1765000	       175	80000508	fb818b23	sb	x24,-74(x3)	  x3:0x8000847a x24:0x80009f70 PA:0x80008430
        1775000	       176	8000050c	006b4583	lbu	x11,6(x22)	 x22:0x80008256 x11=0x00000000 PA:0x8000825c
        1785000	       177	80000510	fdba1303	lh	x6,-37(x20)	 x20:0x8000815d  x6=0x00000000 PA:0x80008138
        1795000	       178	80000514	fef18983	lb	x19,-17(x3)	  x3:0x8000847a x19=0x00000000 PA:0x80008469
        1805000	       179	80000518	feea0223	sb	x14,-28(x20)	 x20:0x8000815d x14:0x00000000 PA:0x80008141
        1815000	       180	8000051c	0611cc83	lbu	x25,97(x3)	  x3:0x8000847a x25=0x00000000 PA:0x800084db
        1825000	       181	80000520	fd818f83	lb	x31,-40(x3)	  x3:0x8000847a x31=0x00000000 PA:0x80008452
        1835000	       182	80000524	ff0b0d83	lb	x27,-16(x22)	 x22:0x80008256 x27=0x00000000 PA:0x80008246
        1845000	       183	80000528	03da0c23	sb	x29,56(x20)	 x20:0x8000815d x29:0x80008ca2 PA:0x80008195
        1855000	       184	8000052c	00008117	auipc	x2,0x8	  x2=0x80008528
        1865000	       185	80000530	73310113	addi	x2,x2,1843	  x2:0x80008528  x2=0x80008c5b
        1875000	       186	80000534	01359b33	sll	x22,x11,x19	 x11:0x00000000 x19:0x00000000 x22=0x00000000
        1885000	       187	80000538	c20e6413	ori	x8,x28,-992	 x28:0x00000000  x8=0xfffffc20
        1895000	       188	8000053c	d8e10f83	lb	x31,-626(x2)	  x2:0x80008c5b x31=0x00000000 PA:0x800089e9
        1905000	       189	80000540	21948613	addi	x12,x9,537	  x9:0x00000000 x12=0x00000219
        1915000	       190	80000544	011f3ab3	sltu	x21,x30,x17	 x30:0x00000000 x17:0x80009fc4 x21=0x00000001
        1925000	       191	80000548	410fd7b3	sra	x15,x31,x16	 x31:0x00000000 x16:0x00000000 x15=0x00000000
        1935000	       192	8000054c	fe810583	lb	x11,-24(x2)	  x2:0x80008c5b x11=0x00000000 PA:0x80008c43
        1945000	       193	00000000	00000013	addi	x0,x0,0	  x0:0x00000000
        1955000	       194	80000550	08b115a3	sh	x11,139(x2)	  x2:0x80008c5b x11:0x00000000 PA:0x80008ce6
        1965000	       195	80000554	00c36633	or	x12,x6,x12	  x6:0x00000000 x12:0x00000219 x12=0x00000219
        1975000	       196	80000558	f9b47793	andi	x15,x8,-101	  x8:0xfffffc20 x15=0xfffffc00
        1985000	       197	8000055c	006471b3	and	x3,x8,x6	  x8:0xfffffc20  x6:0x00000000  x3=0x00000000
        1995000	       198	80000560	d0115503	lhu	x10,-767(x2)	  x2:0x80008c5b x10=0x00000000 PA:0x8000895c
        2005000	       199	80000564	01b580b3	add	x1,x11,x27	 x11:0x00000000 x27:0x00000000  x1=0x00000000
        2015000	       200	80000568	0f810ca3	sb	x24,249(x2)	  x2:0x80008c5b x24:0x80009f70 PA:0x80008d54
        2025000	       201	8000056c	d88ee717	auipc	x14,0xd88ee	 x14=0x588ee568
        2035000	       202	80000570	01cbd913	srli	x18,x23,0x1c	 x23:0x00000000 x18=0x00000000
        2045000	       203	80000574	14e14383	lbu	x7,334(x2)	  x2:0x80008c5b  x7=0x00000000 PA:0x80008da9
        2055000	       204	80000578	002197b3	sll	x15,x3,x2	  x3:0x00000000  x2:0x80008c5b x15=0x00000000
        2065000	       205	8000057c	00000013	addi	x0,x0,0	  x0:0x00000000
        2075000	       206	80000580	eac14f83	lbu	x31,-340(x2)	  x2:0x80008c5b x31=0x00000000 PA:0x80008b07
        2085000	       207	80000584	d6214903	lbu	x18,-670(x2)	  x2:0x80008c5b x18=0x00000000 PA:0x800089bd
        2095000	       208	80000588	d5414703	lbu	x14,-684(x2)	  x2:0x80008c5b x14=0x00000000 PA:0x800089af
        2105000	       209	8000058c	d8010123	sb	x0,-638(x2)	  x2:0x80008c5b  x0:0x00000000 PA:0x800089dd
        2115000	       210	80000590	cc85e393	ori	x7,x11,-824	 x11:0x00000000  x7=0xfffffcc8
        2125000	       211	80000594	5b230f93	addi	x31,x6,1458	  x6:0x00000000 x31=0x000005b2
        2135000	       212	80000598	27482693	slti	x13,x16,628	 x16:0x00000000 x13=0x00000001
        2145000	       213	8000059c	c6b15a03	lhu	x20,-917(x2)	  x2:0x80008c5b x20=0x00000000 PA:0x800088c6
        2155000	       214	800005a0	12f11603	lh	x12,303(x2)	  x2:0x80008c5b x12=0x00000000 PA:0x80008d8a
        2165000	       215	800005a4	00008197	auipc	x3,0x8	  x3=0x800085a0
        2175000	       216	800005a8	03518193	addi	x3,x3,53	  x3:0x800085a0  x3=0x800085d5
        2185000	       217	800005ac	00008117	auipc	x2,0x8	  x2=0x800085a8
        2195000	       218	800005b0	e8c10113	addi	x2,x2,-372	  x2:0x800085a8  x2=0x80008434
        2205000	       219	800005b4	ffd10f83	lb	x31,-3(x2)	  x2:0x80008434 x31=0x00000000 PA:0x80008431
        2215000	       220	800005b8	00008e97	auipc	x29,0x8	 x29=0x800085b4
        2225000	       221	800005bc	e04e8e93	addi	x29,x29,-508	 x29:0x800085b4 x29=0x800083b8
        2235000	       222	800005c0	01418583	lb	x11,20(x3)	  x3:0x800085d5 x11=0x00000000 PA:0x800085e9
        2245000	       223	800005c4	00008317	auipc	x6,0x8	  x6=0x800085c0
        2255000	       224	800005c8	cdd30313	addi	x6,x6,-803	  x6:0x800085c0  x6=0x8000829d
        2265000	       225	800005cc	00012283	lw	x5,0(x2)	  x2:0x80008434  x5=0x00000000 PA:0x80008434
        2275000	       226	800005d0	00f183a3	sb	x15,7(x3)	  x3:0x800085d5 x15:0x00000000 PA:0x800085dc
        2285000	       227	800005d4	0251d983	lhu	x19,37(x3)	  x3:0x800085d5 x19=0x00000000 PA:0x800085fa
        2295000	       228	800005d8	03ae9683	lh	x13,58(x29)	 x29:0x800083b8 x13=0x00000000 PA:0x800083f2
        2305000	       229	800005dc	ffe34f83	lbu	x31,-2(x6)	  x6:0x8000829d x31=0x00000000 PA:0x8000829b
        2315000	       230	800005e0	028e9b23	sh	x8,54(x29)	 x29:0x800083b8  x8:0xfffffc20 PA:0x800083ee
        2325000	       231	800005e4	00b100a3	sb	x11,1(x2)	  x2:0x80008434 x11:0x00000000 PA:0x80008435
        2335000	       232	800005e8	fe834e03	lbu	x28,-24(x6)	  x6:0x8000829d x28=0x00000000 PA:0x80008285
        2345000	       233	800005ec	028313a3	sh	x8,39(x6)	  x6:0x8000829d  x8:0xfffffc20 PA:0x800082c4
        2355000	       234	800005f0	001e85a3	sb	x1,11(x29)	 x29:0x800083b8  x1:0x00000000 PA:0x800083c3
        2365000	       235	800005f4	fd834203	lbu	x4,-40(x6)	  x6:0x8000829d  x4=0x00000000 PA:0x80008275
        2375000	       236	800005f8	012107a3	sb	x18,15(x2)	  x2:0x80008434 x18:0x00000000 PA:0x80008443
        2385000	       237	800005fc	ffd10683	lb	x13,-3(x2)	  x2:0x80008434 x13=0x00000000 PA:0x80008431
        2395000	       238	80000600	01530023	sb	x21,0(x6)	  x6:0x8000829d x21:0x00000001 PA:0x8000829d
        2405000	       239	80000604	03b18123	sb	x27,34(x3)	  x3:0x800085d5 x27:0x00000000 PA:0x800085f7
        2415000	       240	80000608	fd3e8483	lb	x9,-45(x29)	 x29:0x800083b8  x9=0x00000000 PA:0x8000838b
        2425000	       241	8000060c	ff114603	lbu	x12,-15(x2)	  x2:0x80008434 x12=0x00000000 PA:0x80008425
        2435000	       242	80000610	feae8a23	sb	x10,-12(x29)	 x29:0x800083b8 x10:0x00000000 PA:0x800083ac
        2445000	       243	80000614	01931783	lh	x15,25(x6)	  x6:0x8000829d x15=0x00000000 PA:0x800082b6
        2455000	       244	80000618	fe310923	sb	x3,-14(x2)	  x2:0x80008434  x3:0x800085d5 PA:0x80008426
        2465000	       245	8000061c	00714a03	lbu	x20,7(x2)	  x2:0x80008434 x20=0x00000000 PA:0x8000843b
        2475000	       246	80000620	00510483	lb	x9,5(x2)	  x2:0x80008434  x9=0x00000000 PA:0x80008439
        2485000	       247	80000624	fe81c203	lbu	x4,-24(x3)	  x3:0x800085d5  x4=0x00000000 PA:0x800085bd
        2495000	       248	80000628	ff910483	lb	x9,-7(x2)	  x2:0x80008434  x9=0x00000000 PA:0x8000842d
        2505000	       249	8000062c	fd0ed583	lhu	x11,-48(x29)	 x29:0x800083b8 x11=0x00000000 PA:0x80008388
        2515000	       250	80000630	fd135603	lhu	x12,-47(x6)	  x6:0x8000829d x12=0x00000000 PA:0x8000826e
        2525000	       251	80000634	fcfe8923	sb	x15,-46(x29)	 x29:0x800083b8 x15:0x00000000 PA:0x8000838a
        2535000	       252	80000638	019187a3	sb	x25,15(x3)	  x3:0x800085d5 x25:0x00000000 PA:0x800085e4
        2545000	       253	8000063c	008e8003	lb	x0,8(x29)	 x29:0x800083b8 PA:0x800083c0
        2555000	       254	80000640	00008817	auipc	x16,0x8	 x16=0x8000863c
        2565000	       255	80000644	d9080813	addi	x16,x16,-624	 x16:0x8000863c x16=0x800083cc
        2575000	       256	80000648	cc481623	sh	x4,-820(x16)	 x16:0x800083cc  x4:0x00000000 PA:0x80008098
        2585000	       257	8000064c	00008f17	auipc	x30,0x8	 x30=0x80008648
        2595000	       258	80000650	ff8f0f13	addi	x30,x30,-8	 x30:0x80008648 x30=0x80008640
        2605000	       259	80000654	f4280223	sb	x2,-188(x16)	 x16:0x800083cc  x2:0x80008434 PA:0x80008310
        2615000	       260	80000658	ff1f0683	lb	x13,-15(x30)	 x30:0x80008640 x13=0x00000000 PA:0x80008631
        2625000	       261	8000065c	dc880983	lb	x19,-568(x16)	 x16:0x800083cc x19=0x00000000 PA:0x80008194
        2635000	       262	80000660	004f1003	lh	x0,4(x30)	 x30:0x80008640 PA:0x80008644
        2645000	       263	80000664	00008917	auipc	x18,0x8	 x18=0x80008660
        2655000	       264	80000668	9fd90913	addi	x18,x18,-1539	 x18:0x80008660 x18=0x8000805d
        2665000	       265	8000066c	37684583	lbu	x11,886(x16)	 x16:0x800083cc x11=0x00000000 PA:0x80008742
        2675000	       266	80000670	07380083	lb	x1,115(x16)	 x16:0x800083cc  x1=0x00000000 PA:0x8000843f
        2685000	       267	80000674	00894583	lbu	x11,8(x18)	 x18:0x8000805d x11=0x00000000 PA:0x80008065
        2695000	       268	80000678	ff5f2c23	sw	x21,-8(x30)	 x30:0x80008640 x21:0x00000001 PA:0x80008638
        2705000	       269	8000067c	03494003	lbu	x0,52(x18)	 x18:0x8000805d PA:0x80008091
        2715000	       270	80000680	02194a03	lbu	x20,33(x18)	 x18:0x8000805d x20=0x00000000 PA:0x8000807e
        2725000	       271	80000684	d3d805a3	sb	x29,-725(x16)	 x16:0x800083cc x29:0x800083b8 PA:0x800080f7
        2735000	       272	80000688	1bf84703	lbu	x14,447(x16)	 x16:0x800083cc x14=0x00000000 PA:0x8000858b
        2745000	       273	8000068c	ff690383	lb	x7,-10(x18)	 x18:0x8000805d  x7=0x00000000 PA:0x80008053
        2755000	       274	80000690	01790603	lb	x12,23(x18)	 x18:0x8000805d x12=0x00000000 PA:0x80008074
        2765000	       275	80000694	ffef1a03	lh	x20,-2(x30)	 x30:0x80008640 x20=0x00000000 PA:0x8000863e
        2775000	       276	80000698	cdd84a03	lbu	x20,-803(x16)	 x16:0x800083cc x20=0x00000000 PA:0x800080a9
        2785000	       277	8000069c	ff0f4d03	lbu	x26,-16(x30)	 x30:0x80008640 x26=0x00000000 PA:0x80008630
        2795000	       278	00000000	00000013	addi	x0,x0,0	  x0:0x00000000
        2805000	       279	800006a0	21a84303	lbu	x6,538(x16)	 x16:0x800083cc  x6=0x00000000 PA:0x800085e6
        2815000	       280	800006a4	04090103	lb	x2,64(x18)	 x18:0x8000805d  x2=0x00000000 PA:0x8000809d
        2825000	       281	800006a8	03b95f83	lhu	x31,59(x18)	 x18:0x8000805d x31=0x00000000 PA:0x80008098
        2835000	       282	800006ac	374802a3	sb	x20,869(x16)	 x16:0x800083cc x20:0x00000000 PA:0x80008731
        2845000	       283	800006b0	ff0f0ea3	sb	x16,-3(x30)	 x30:0x80008640 x16:0x800083cc PA:0x8000863d
        2855000	       284	800006b4	00008117	auipc	x2,0x8	  x2=0x800086b0
        2865000	       285	800006b8	a8a10113	addi	x2,x2,-1398	  x2:0x800086b0  x2=0x8000813a
        2875000	       286	800006bc	25114903	lbu	x18,593(x2)	  x2:0x8000813a x18=0x00000000 PA:0x8000838b
        2885000	       287	800006c0	4197d913	srai	x18,x15,0x19	 x15:0x00000000 x18=0x00000000
        2895000	       288	800006c4	0bf12123	sw	x31,162(x2)	  x2:0x8000813a x31:0x00000000 PA:0x800081dc
        2905000	       289	800006c8	09211503	lh	x10,146(x2)	  x2:0x8000813a x10=0x00000000 PA:0x800081cc
        2915000	       290	800006cc	01799013	slli	x0,x19,0x17	 x19:0x00000000
        2925000	       291	800006d0	9a098093	addi	x1,x19,-1632	 x19:0x00000000  x1=0xfffff9a0
        2935000	       292	800006d4	66510c23	sb	x5,1656(x2)	  x2:0x8000813a  x5:0x00000000 PA:0x800087b2
        2945000	       293	800006d8	24814983	lbu	x19,584(x2)	  x2:0x8000813a x19=0x00000000 PA:0x80008382
        2955000	       294	800006dc	006a2333	slt	x6,x20,x6	 x20:0x00000000  x6:0x00000000  x6=0x00000000
        2965000	       295	800006e0	5f910203	lb	x4,1529(x2)	  x2:0x8000813a  x4=0x00000000 PA:0x80008733
        2975000	       296	800006e4	f3910423	sb	x25,-216(x2)	  x2:0x8000813a x25:0x00000000 PA:0x80008062
        2985000	       297	800006e8	45710423	sb	x23,1096(x2)	  x2:0x8000813a x23:0x00000000 PA:0x80008582
        2995000	       298	800006ec	51514583	lbu	x11,1301(x2)	  x2:0x8000813a x11=0x00000000 PA:0x8000864f
        3005000	       299	800006f0	2ff10e83	lb	x29,767(x2)	  x2:0x8000813a x29=0x00000000 PA:0x80008439
        3015000	       300	800006f4	003763b3	or	x7,x14,x3	 x14:0x00000000  x3:0x800085d5  x7=0x800085d5
        3025000	       301	800006f8	415be093	ori	x1,x23,1045	 x23:0x00000000  x1=0x00000415
        3035000	       302	800006fc	4a3102a3	sb	x3,1189(x2)	  x2:0x8000813a  x3:0x800085d5 PA:0x800085df
        3045000	       303	80000700	011dd393	srli	x7,x27,0x11	 x27:0x00000000  x7=0x00000000
        3055000	       304	80000704	003770b3	and	x1,x14,x3	 x14:0x00000000  x3:0x800085d5  x1=0x00000000
        3065000	       305	80000708	007d8eb3	add	x29,x27,x7	 x27:0x00000000  x7:0x00000000 x29=0x00000000
        3075000	       306	8000070c	00351533	sll	x10,x10,x3	 x10:0x00000000  x3:0x800085d5 x10=0x00000000
        3085000	       307	80000710	62210da3	sb	x2,1595(x2)	  x2:0x8000813a  x2:0x8000813a PA:0x80008775
        3095000	       308	80000714	66f17593	andi	x11,x2,1647	  x2:0x8000813a x11=0x0000002a
        3105000	       309	80000718	008a4eb3	xor	x29,x20,x8	 x20:0x00000000  x8:0xfffffc20 x29=0xfffffc20
        3115000	       310	8000071c	5e510a83	lb	x21,1509(x2)	  x2:0x8000813a x21=0x00000000 PA:0x8000871f
        3125000	       311	80000720	00000013	addi	x0,x0,0	  x0:0x00000000
        3135000	       312	80000724	5fe11e23	sh	x30,1532(x2)	  x2:0x8000813a x30:0x80008640 PA:0x80008736
        3145000	       313	80000728	22610fa3	sb	x6,575(x2)	  x2:0x8000813a  x6:0x00000000 PA:0x80008379
        3155000	       314	8000072c	017eb333	sltu	x6,x29,x23	 x29:0xfffffc20 x23:0x00000000  x6=0x00000000
        3165000	       315	80000730	485be913	ori	x18,x23,1157	 x23:0x00000000 x18=0x00000485
        3175000	       316	80000734	007d4433	xor	x8,x26,x7	 x26:0x00000000  x7:0x00000000  x8=0x00000000
        3185000	       317	80000738	2a011823	sh	x0,688(x2)	  x2:0x8000813a  x0:0x00000000 PA:0x800083ea
        3195000	       318	8000073c	01937633	and	x12,x6,x25	  x6:0x00000000 x25:0x00000000 x12=0x00000000
        3205000	       319	80000740	008d11b3	sll	x3,x26,x8	 x26:0x00000000  x8:0x00000000  x3=0x00000000
        3215000	       320	80000744	1ab14e83	lbu	x29,427(x2)	  x2:0x8000813a x29=0x00000000 PA:0x800082e5
        3225000	       321	80000748	41355433	sra	x8,x10,x19	 x10:0x00000000 x19:0x00000000  x8=0x00000000
        3235000	       322	8000074c	8fba2fb7	lui	x31,0x8fba2	 x31=0x8fba2000
        3245000	       323	80000750	5d811f23	sh	x24,1502(x2)	  x2:0x8000813a x24:0x80009f70 PA:0x80008718
        3255000	       324	80000754	01869f93	slli	x31,x13,0x18	 x13:0x00000000 x31=0x00000000
        3265000	       325	80000758	083101a3	sb	x3,131(x2)	  x2:0x8000813a  x3:0x00000000 PA:0x800081bd
        3275000	       326	8000075c	00901eb3	sll	x29,x0,x9	  x0:0x00000000  x9:0x00000000 x29=0x00000000
        3285000	       327	80000760	6c810a03	lb	x20,1736(x2)	  x2:0x8000813a x20=0x00000000 PA:0x80008802
        3295000	       328	80000764	89017e93	andi	x29,x2,-1904	  x2:0x8000813a x29=0x80008010
        3305000	       329	80000768	10510aa3	sb	x5,277(x2)	  x2:0x8000813a  x5:0x00000000 PA:0x8000824f
        3315000	       330	8000076c	41e155b3	sra	x11,x2,x30	  x2:0x8000813a x30:0x80008640 x11=0x8000813a
        3325000	       331	80000770	3fb106a3	sb	x27,1005(x2)	  x2:0x8000813a x27:0x00000000 PA:0x80008527
        3335000	       332	80000774	000091b3	sll	x3,x1,x0	  x1:0x00000000  x0:0x00000000  x3=0x00000000
        3345000	       333	80000778	39c11c23	sh	x28,920(x2)	  x2:0x8000813a x28:0x00000000 PA:0x800084d2
        3355000	       334	8000077c	66410223	sb	x4,1636(x2)	  x2:0x8000813a  x4:0x00000000 PA:0x8000879e
        3365000	       335	80000780	5b415f03	lhu	x30,1460(x2)	  x2:0x8000813a x30=0x00000000 PA:0x800086ee
        3375000	       336	80000784	1a411983	lh	x19,420(x2)	  x2:0x8000813a x19=0x00000000 PA:0x800082de
        3385000	       337	80000788	00008217	auipc	x4,0x8	  x4=0x80008784
        3395000	       338	8000078c	f5a20213	addi	x4,x4,-166	  x4:0x80008784  x4=0x800086de
        3405000	       339	80000790	fc724f03	lbu	x30,-57(x4)	  x4:0x800086de x30=0x00000000 PA:0x800086a5
        3415000	       340	80000794	4078d3b3	sra	x7,x17,x7	 x17:0x80009fc4  x7:0x00000000  x7=0x80009fc4
        3425000	       341	80000798	fc8203a3	sb	x8,-57(x4)	  x4:0x800086de  x8:0x00000000 PA:0x800086a5
        3435000	       342	8000079c	f6620083	lb	x1,-154(x4)	  x4:0x800086de  x1=0x00000000 PA:0x80008644
        3445000	       343	800007a0	019b1533	sll	x10,x22,x25	 x22:0x00000000 x25:0x00000000 x10=0x00000000
        3455000	       344	800007a4	fa720c83	lb	x25,-89(x4)	  x4:0x800086de x25=0x00000000 PA:0x80008685
        3465000	       345	800007a8	fa724c83	lbu	x25,-89(x4)	  x4:0x800086de x25=0x00000000 PA:0x80008685
        3475000	       346	800007ac	60f17493	andi	x9,x2,1551	  x2:0x8000813a  x9=0x0000000a
        3485000	       347	800007b0	fba203a3	sb	x26,-89(x4)	  x4:0x800086de x26:0x00000000 PA:0x80008685
        3495000	       348	800007b4	002c1f33	sll	x30,x24,x2	 x24:0x80009f70  x2:0x8000813a x30=0xc0000000
        3505000	       349	800007b8	39d74013	xori	x0,x14,925	 x14:0x00000000
        3515000	       350	800007bc	fa724483	lbu	x9,-89(x4)	  x4:0x800086de  x9=0x00000000 PA:0x80008685
        3525000	       351	800007c0	fa720783	lb	x15,-89(x4)	  x4:0x800086de x15=0x00000000 PA:0x80008685
        3535000	       352	800007c4	fff20c23	sb	x31,-8(x4)	  x4:0x800086de x31:0x00000000 PA:0x800086d6
        3545000	       353	800007c8	fd024903	lbu	x18,-48(x4)	  x4:0x800086de x18=0x00000000 PA:0x800086ae
        3555000	       354	800007cc	0eb24f83	lbu	x31,235(x4)	  x4:0x800086de x31=0x00000000 PA:0x800087c9
        3565000	       355	800007d0	0e2205a3	sb	x2,235(x4)	  x4:0x800086de  x2:0x8000813a PA:0x800087c9
        3575000	       356	800007d4	0e6205a3	sb	x6,235(x4)	  x4:0x800086de  x6:0x00000000 PA:0x800087c9
        3585000	       357	800007d8	0eb24183	lbu	x3,235(x4)	  x4:0x800086de  x3=0x00000000 PA:0x800087c9
        3595000	       358	800007dc	00008197	auipc	x3,0x8	  x3=0x800087d8
        3605000	       359	800007e0	70d18193	addi	x3,x3,1805	  x3:0x800087d8  x3=0x80008ee5
        3615000	       360	800007e4	41bbdab3	sra	x21,x23,x27	 x23:0x00000000 x27:0x00000000 x21=0x00000000
        3625000	       361	800007e8	004f1813	slli	x16,x30,0x4	 x30:0xc0000000 x16=0x00000000
        3635000	       362	800007ec	00318083	lb	x1,3(x3)	  x3:0x80008ee5  x1=0x00000000 PA:0x80008ee8
        3645000	       363	800007f0	0031a703	lw	x14,3(x3)	  x3:0x80008ee5 x14=0x00000000 PA:0x80008ee8
        3655000	       364	800007f4	02b19e83	lh	x29,43(x3)	  x3:0x80008ee5 x29=0x00000000 PA:0x80008f10
        3665000	       365	800007f8	ea7f4e13	xori	x28,x30,-345	 x30:0xc0000000 x28=0x3ffffea7
        3675000	       366	800007fc	f1f1a203	lw	x4,-225(x3)	  x3:0x80008ee5  x4=0x00000000 PA:0x80008e04
        3685000	       367	80000800	f1419fa3	sh	x20,-225(x3)	  x3:0x80008ee5 x20:0x00000000 PA:0x80008e04
        3695000	       368	80000804	f0718fa3	sb	x7,-225(x3)	  x3:0x80008ee5  x7:0x80009fc4 PA:0x80008e04
        3705000	       369	80000808	04919703	lh	x14,73(x3)	  x3:0x80008ee5 x14=0x00000000 PA:0x80008f2e
        3715000	       370	8000080c	05c184a3	sb	x28,73(x3)	  x3:0x80008ee5 x28:0x3ffffea7 PA:0x80008f2e
        3725000	       371	80000810	0491c903	lbu	x18,73(x3)	  x3:0x80008ee5 x18=0x000000a7 PA:0x80008f2e
        3735000	       372	80000814	04919e83	lh	x29,73(x3)	  x3:0x80008ee5 x29=0x000000a7 PA:0x80008f2e
        3745000	       373	80000818	0d71d203	lhu	x4,215(x3)	  x3:0x80008ee5  x4=0x00000000 PA:0x80008fbc
        3755000	       374	8000081c	00008117	auipc	x2,0x8	  x2=0x80008818
        3765000	       375	80000820	24a10113	addi	x2,x2,586	  x2:0x80008818  x2=0x80008a62
        3775000	       376	80000824	00810303	lb	x6,8(x2)	  x2:0x80008a62  x6=0x00000000 PA:0x80008a6a
        3785000	       377	80000828	00000013	addi	x0,x0,0	  x0:0x00000000
        3795000	       378	8000082c	01ef9793	slli	x15,x31,0x1e	 x31:0x00000000 x15=0x00000000
        3805000	       379	80000830	006f1b33	sll	x22,x30,x6	 x30:0xc0000000  x6:0x00000000 x22=0xc0000000
        3815000	       380	80000834	0092ae33	slt	x28,x5,x9	  x5:0x00000000  x9:0x00000000 x28=0x00000000
        3825000	       381	80000838	00b14283	lbu	x5,11(x2)	  x2:0x80008a62  x5=0x00000000 PA:0x80008a6d
        3835000	       382	8000083c	00000013	addi	x0,x0,0	  x0:0x00000000
        3845000	       383	80000840	40c25f93	srai	x31,x4,0xc	  x4:0x00000000 x31=0x00000000
        3855000	       384	80000844	ff914e83	lbu	x29,-7(x2)	  x2:0x80008a62 x29=0x00000000 PA:0x80008a5b
        3865000	       385	80000848	00014203	lbu	x4,0(x2)	  x2:0x80008a62  x4=0x00000000 PA:0x80008a62
        3875000	       386	8000084c	ff714083	lbu	x1,-9(x2)	  x2:0x80008a62  x1=0x00000000 PA:0x80008a59
        3885000	       387	80000850	ffd10da3	sb	x29,-5(x2)	  x2:0x80008a62 x29:0x00000000 PA:0x80008a5d
        3895000	       388	80000854	005104a3	sb	x5,9(x2)	  x2:0x80008a62  x5:0x00000000 PA:0x80008a6b
        3905000	       389	80000858	f9ad6c93	ori	x25,x26,-102	 x26:0x00000000 x25=0xffffff9a
        3915000	       390	8000085c	01488b33	add	x22,x17,x20	 x17:0x80009fc4 x20:0x00000000 x22=0x80009fc4
        3925000	       391	80000860	fec10823	sb	x12,-16(x2)	  x2:0x80008a62 x12:0x00000000 PA:0x80008a52
        3935000	       392	80000864	01710223	sb	x23,4(x2)	  x2:0x80008a62 x23:0x00000000 PA:0x80008a66
        3945000	       393	80000868	fed12d23	sw	x13,-6(x2)	  x2:0x80008a62 x13:0x00000000 PA:0x80008a5c
        3955000	       394	8000086c	00c942b3	xor	x5,x18,x12	 x18:0x000000a7 x12:0x00000000  x5=0x000000a7
        3965000	       395	80000870	ff215483	lhu	x9,-14(x2)	  x2:0x80008a62  x9=0x00000000 PA:0x80008a54
        3975000	       396	80000874	01a96433	or	x8,x18,x26	 x18:0x000000a7 x26:0x00000000  x8=0x000000a7
        3985000	       397	80000878	17947393	andi	x7,x8,377	  x8:0x000000a7  x7=0x00000021
        3995000	       398	8000087c	01e56233	or	x4,x10,x30	 x10:0x00000000 x30:0xc0000000  x4=0xc0000000
        4005000	       399	80000880	00880e33	add	x28,x16,x8	 x16:0x00000000  x8:0x000000a7 x28=0x000000a7
        4015000	       400	80000884	01010203	lb	x4,16(x2)	  x2:0x80008a62  x4=0x00000000 PA:0x80008a72
        4025000	       401	80000888	2bed4813	xori	x16,x26,702	 x26:0x00000000 x16=0x000002be
        4035000	       402	8000088c	00211723	sh	x2,14(x2)	  x2:0x80008a62  x2:0x80008a62 PA:0x80008a70
        4045000	       403	80000890	00f10183	lb	x3,15(x2)	  x2:0x80008a62  x3=0xffffff8a PA:0x80008a71
        4055000	       404	80000894	00611203	lh	x4,6(x2)	  x2:0x80008a62  x4=0x00000000 PA:0x80008a68
        4065000	       405	80000898	ff314503	lbu	x10,-13(x2)	  x2:0x80008a62 x10=0x00000000 PA:0x80008a55
        4075000	       406	8000089c	dd1d4993	xori	x19,x26,-559	 x26:0x00000000 x19=0xfffffdd1
        4085000	       407	800008a0	01d100a3	sb	x29,1(x2)	  x2:0x80008a62 x29:0x00000000 PA:0x80008a63
        4095000	       408	800008a4	ff815e83	lhu	x29,-8(x2)	  x2:0x80008a62 x29=0x00000000 PA:0x80008a5a
        4105000	       409	800008a8	003104a3	sb	x3,9(x2)	  x2:0x80008a62  x3:0xffffff8a PA:0x80008a6b
        4115000	       410	800008ac	ff714403	lbu	x8,-9(x2)	  x2:0x80008a62  x8=0x00000000 PA:0x80008a59
        4125000	       411	800008b0	011013b3	sll	x7,x0,x17	  x0:0x00000000 x17:0x80009fc4  x7=0x00000000
        4135000	       412	800008b4	310ca513	slti	x10,x25,784	 x25:0xffffff9a x10=0x00000001
        4145000	       413	800008b8	000105a3	sb	x0,11(x2)	  x2:0x80008a62  x0:0x00000000 PA:0x80008a6d
        4155000	       414	800008bc	ff310683	lb	x13,-13(x2)	  x2:0x80008a62 x13=0x00000000 PA:0x80008a55
        4165000	       415	800008c0	fe611a23	sh	x6,-12(x2)	  x2:0x80008a62  x6:0x00000000 PA:0x80008a56
        4175000	       416	800008c4	01979d93	slli	x27,x15,0x19	 x15:0x00000000 x27=0x00000000
        4185000	       417	800008c8	f718cab7	lui	x21,0xf718c	 x21=0xf718c000
        4195000	       418	800008cc	00514c83	lbu	x25,5(x2)	  x2:0x80008a62 x25=0x00000000 PA:0x80008a67
        4205000	       419	800008d0	01611523	sh	x22,10(x2)	  x2:0x80008a62 x22:0x80009fc4 PA:0x80008a6c
        4215000	       420	800008d4	ffa10d83	lb	x27,-6(x2)	  x2:0x80008a62 x27=0x00000000 PA:0x80008a5c
        4225000	       421	800008d8	00b14083	lbu	x1,11(x2)	  x2:0x80008a62  x1=0x0000009f PA:0x80008a6d
        4235000	       422	800008dc	415d00b3	sub	x1,x26,x21	 x26:0x00000000 x21:0xf718c000  x1=0x08e74000
        4245000	       423	800008e0	00f14f83	lbu	x31,15(x2)	  x2:0x80008a62 x31=0x0000008a PA:0x80008a71
        4255000	       424	800008e4	fb570593	addi	x11,x14,-75	 x14:0x00000000 x11=0xffffffb5
        4265000	       425	800008e8	ff614e03	lbu	x28,-10(x2)	  x2:0x80008a62 x28=0x00000000 PA:0x80008a58
        4275000	       426	800008ec	00008597	auipc	x11,0x8	 x11=0x800088e8
        4285000	       427	800008f0	ac658593	addi	x11,x11,-1338	 x11:0x800088e8 x11=0x800083ae
        4295000	       428	800008f4	00008f97	auipc	x31,0x8	 x31=0x800088f0
        4305000	       429	800008f8	9dff8f93	addi	x31,x31,-1569	 x31:0x800088f0 x31=0x800082cf
        4315000	       430	800008fc	ff7fc083	lbu	x1,-9(x31)	 x31:0x800082cf  x1=0x00000000 PA:0x800082c6
        4325000	       431	00000000	00000013	addi	x0,x0,0	  x0:0x00000000
        4335000	       432	80000900	00008a97	auipc	x21,0x8	 x21=0x800088fc
        4345000	       433	80000904	a0ba8a93	addi	x21,x21,-1525	 x21:0x800088fc x21=0x80008307
        4355000	       434	80000908	0785c383	lbu	x7,120(x11)	 x11:0x800083ae  x7=0x000000d5 PA:0x80008426
        4365000	       435	8000090c	fed58b03	lb	x22,-19(x11)	 x11:0x800083ae x22=0x00000000 PA:0x8000839b
        4375000	       436	80000910	00008717	auipc	x14,0x8	 x14=0x8000890c
        4385000	       437	80000914	a5170713	addi	x14,x14,-1455	 x14:0x8000890c x14=0x8000835d
        4395000	       438	80000918	deb70b23	sb	x11,-522(x14)	 x14:0x8000835d x11:0x800083ae PA:0x80008153
        4405000	       439	8000091c	f9a59123	sh	x26,-126(x11)	 x11:0x800083ae x26:0x00000000 PA:0x80008330
        4415000	       440	80000920	33670223	sb	x22,804(x14)	 x14:0x8000835d x22:0x00000000 PA:0x80008681
        4425000	       441	80000924	fcbf8923	sb	x11,-46(x31)	 x31:0x800082cf x11:0x800083ae PA:0x800082a1
        4435000	       442	80000928	1b1701a3	sb	x17,419(x14)	 x14:0x8000835d x17:0x80009fc4 PA:0x80008500
        4445000	       443	8000092c	fd8acd83	lbu	x27,-40(x21)	 x21:0x80008307 x27=0x00000000 PA:0x800082df
        4455000	       444	80000930	f8d583a3	sb	x13,-121(x11)	 x11:0x800083ae x13:0x00000000 PA:0x80008335
        4465000	       445	80000934	fe7a8303	lb	x6,-25(x21)	 x21:0x80008307  x6=0x00000000 PA:0x800082ee
        4475000	       446	80000938	03af8423	sb	x26,40(x31)	 x31:0x800082cf x26:0x00000000 PA:0x800082f7
        4485000	       447	8000093c	01ea8aa3	sb	x30,21(x21)	 x21:0x80008307 x30:0xc0000000 PA:0x8000831c
        4495000	       448	80000940	39b70823	sb	x27,912(x14)	 x14:0x8000835d x27:0x00000000 PA:0x800086ed
        4505000	       449	80000944	00c59683	lh	x13,12(x11)	 x11:0x800083ae x13=0x00000000 PA:0x800083ba
        4515000	       450	80000948	e2771483	lh	x9,-473(x14)	 x14:0x8000835d  x9=0x00000000 PA:0x80008184
        4525000	       451	8000094c	3ca74d83	lbu	x27,970(x14)	 x14:0x8000835d x27=0x00000000 PA:0x80008727
        4535000	       452	80000950	ff1a8323	sb	x17,-26(x21)	 x21:0x80008307 x17:0x80009fc4 PA:0x800082ed
        4545000	       453	80000954	fc7f8203	lb	x4,-57(x31)	 x31:0x800082cf  x4=0x00000000 PA:0x80008296
        4555000	       454	80000958	fceac003	lbu	x0,-50(x21)	 x21:0x80008307 PA:0x800082d5
        4565000	       455	8000095c	01971e03	lh	x28,25(x14)	 x14:0x8000835d x28=0x00000000 PA:0x80008376
        4575000	       456	80000960	00baa6a3	sw	x11,13(x21)	 x21:0x80008307 x11:0x800083ae PA:0x80008314
        4585000	       457	80000964	40e70183	lb	x3,1038(x14)	 x14:0x8000835d  x3=0x00000000 PA:0x8000876b
        4595000	       458	80000968	fcfa9983	lh	x19,-49(x21)	 x21:0x80008307 x19=0x00000000 PA:0x800082d6
        4605000	       459	8000096c	fdafc203	lbu	x4,-38(x31)	 x31:0x800082cf  x4=0x00000000 PA:0x800082a9
        4615000	       460	80000970	f745d003	lhu	x0,-140(x11)	 x11:0x800083ae PA:0x80008322
        4625000	       461	80000974	f5c58a03	lb	x20,-164(x11)	 x11:0x800083ae x20=0x00000000 PA:0x8000830a
        4635000	       462	80000978	fcfa8483	lb	x9,-49(x21)	 x21:0x80008307  x9=0x00000000 PA:0x800082d6
        4645000	       463	8000097c	fc7fc483	lbu	x9,-57(x31)	 x31:0x800082cf  x9=0x00000000 PA:0x80008296
        4655000	       464	80000980	0485cf03	lbu	x30,72(x11)	 x11:0x800083ae x30=0x00000000 PA:0x800083f6
        4665000	       465	80000984	fefa88a3	sb	x15,-15(x21)	 x21:0x80008307 x15:0x00000000 PA:0x800082f8
        4675000	       466	80000988	02bfc603	lbu	x12,43(x31)	 x31:0x800082cf x12=0x00000000 PA:0x800082fa
        4685000	       467	00000000	00000013	addi	x0,x0,0	  x0:0x00000000
        4695000	       468	8000098c	02cf87a3	sb	x12,47(x31)	 x31:0x800082cf x12:0x00000000 PA:0x800082fe
        4705000	       469	80000990	00008797	auipc	x15,0x8	 x15=0x8000898c
        4715000	       470	80000994	9ee78793	addi	x15,x15,-1554	 x15:0x8000898c x15=0x8000837a
        4725000	       471	80000998	ffc79183	lh	x3,-4(x15)	 x15:0x8000837a  x3=0x00000000 PA:0x80008376
        4735000	       472	8000099c	40e4d033	sra	x0,x9,x14	  x9:0x00000000 x14:0x8000835d
        4745000	       473	800009a0	0037c183	lbu	x3,3(x15)	 x15:0x8000837a  x3=0x00000000 PA:0x8000837d
        4755000	       474	00000000	00000013	addi	x0,x0,0	  x0:0x00000000
        4765000	       475	800009a4	0111d933	srl	x18,x3,x17	  x3:0x00000000 x17:0x80009fc4 x18=0x00000000
        4775000	       476	800009a8	01c95c93	srli	x25,x18,0x1c	 x18:0x00000000 x25=0x00000000
        4785000	       477	800009ac	0121d913	srli	x18,x3,0x12	  x3:0x00000000 x18=0x00000000
        4795000	       478	800009b0	ffd79923	sh	x29,-14(x15)	 x15:0x8000837a x29:0x00000000 PA:0x8000836c
        4805000	       479	800009b4	00279983	lh	x19,2(x15)	 x15:0x8000837a x19=0x00000000 PA:0x8000837c
        4815000	       480	00000000	00000013	addi	x0,x0,0	  x0:0x00000000
        4825000	       481	800009b8	953b8b17	auipc	x22,0x953b8	 x22=0x153b89b4
        4835000	       482	800009bc	0123a933	slt	x18,x7,x18	  x7:0x000000d5 x18:0x00000000 x18=0x00000000
        4845000	       483	800009c0	00420833	add	x16,x4,x4	  x4:0x00000000  x4:0x00000000 x16=0x00000000
        4855000	       484	800009c4	f04aad13	slti	x26,x21,-252	 x21:0x80008307 x26=0x00000001
        4865000	       485	800009c8	41465093	srai	x1,x12,0x14	 x12:0x00000000  x1=0x00000000
        4875000	       486	800009cc	00c7da03	lhu	x20,12(x15)	 x15:0x8000837a x20=0x00000000 PA:0x80008386
        4885000	       487	800009d0	00865713	srli	x14,x12,0x8	 x12:0x00000000 x14=0x00000000
        4895000	       488	800009d4	004abcb3	sltu	x25,x21,x4	 x21:0x80008307  x4:0x00000000 x25=0x00000000
        4905000	       489	800009d8	b54fbb13	sltiu	x22,x31,-1196	 x31:0x800082cf x22=0x00000001
        4915000	       490	800009dc	7e4ff593	andi	x11,x31,2020	 x31:0x800082cf x11=0x000002c4
        4925000	       491	800009e0	00d79723	sh	x13,14(x15)	 x15:0x8000837a x13:0x00000000 PA:0x80008388
        4935000	       492	800009e4	fed78fa3	sb	x13,-1(x15)	 x15:0x8000837a x13:0x00000000 PA:0x80008379
        4945000	       493	800009e8	01084433	xor	x8,x16,x16	 x16:0x00000000 x16:0x00000000  x8=0x00000000
        4955000	       494	800009ec	fe3789a3	sb	x3,-13(x15)	 x15:0x8000837a  x3:0x00000000 PA:0x8000836d
        4965000	       495	800009f0	00853cb3	sltu	x25,x10,x8	 x10:0x00000001  x8:0x00000000 x25=0x00000000
        4975000	       496	800009f4	00686e33	or	x28,x16,x6	 x16:0x00000000  x6:0x00000000 x28=0x00000000
        4985000	       497	800009f8	ff378f23	sb	x19,-2(x15)	 x15:0x8000837a x19:0x00000000 PA:0x80008378
        4995000	       498	800009fc	011e0cb3	add	x25,x28,x17	 x28:0x00000000 x17:0x80009fc4 x25=0x80009fc4
        5005000	       499	80000a00	ff67aa83	lw	x21,-10(x15)	 x15:0x8000837a x21=0x00000000 PA:0x80008370
        5015000	       500	80000a04	00008d97	auipc	x27,0x8	 x27=0x80008a00
        5025000	       501	80000a08	45ed8d93	addi	x27,x27,1118	 x27:0x80008a00 x27=0x80008e5e
        5035000	       502	80000a0c	405bde93	srai	x29,x23,0x5	 x23:0x00000000 x29=0x00000000
        5045000	       503	80000a10	00000013	addi	x0,x0,0	  x0:0x00000000
        5055000	       504	80000a14	16fd8623	sb	x15,364(x27)	 x27:0x80008e5e x15:0x8000837a PA:0x80008fca
        5065000	       505	80000a18	00000013	addi	x0,x0,0	  x0:0x00000000
        5075000	       506	80000a1c	01c1eeb3	or	x29,x3,x28	  x3:0x00000000 x28:0x00000000 x29=0x00000000
        5085000	       507	80000a20	16cd9f83	lh	x31,364(x27)	 x27:0x80008e5e x31=0x0000007a PA:0x80008fca
        5095000	       508	80000a24	16cdc803	lbu	x16,364(x27)	 x27:0x80008e5e x16=0x0000007a PA:0x80008fca
        5105000	       509	80000a28	01dd8f33	add	x30,x27,x29	 x27:0x80008e5e x29:0x00000000 x30=0x80008e5e
        5115000	       510	80000a2c	16cdca03	lbu	x20,364(x27)	 x27:0x80008e5e x20=0x0000007a PA:0x80008fca
        5125000	       511	80000a30	17ad9623	sh	x26,364(x27)	 x27:0x80008e5e x26:0x00000001 PA:0x80008fca
        5135000	       512	80000a34	01c59613	slli	x12,x11,0x1c	 x11:0x000002c4 x12=0x40000000
        5145000	       513	80000a38	e49d8583	lb	x11,-439(x27)	 x27:0x80008e5e x11=0x00000000 PA:0x80008ca7
        5155000	       514	80000a3c	fdd3d137	lui	x2,0xfdd3d	  x2=0xfdd3d000
        5165000	       515	80000a40	9d0d89a3	sb	x16,-1581(x27)	 x27:0x80008e5e x16:0x0000007a PA:0x80008831
        5175000	       516	80000a44	e6ddc903	lbu	x18,-403(x27)	 x27:0x80008e5e x18=0x00000000 PA:0x80008ccb
        5185000	       517	80000a48	16ed8423	sb	x14,360(x27)	 x27:0x80008e5e x14:0x00000000 PA:0x80008fc6
        5195000	       518	80000a4c	177d9423	sh	x23,360(x27)	 x27:0x80008e5e x23:0x00000000 PA:0x80008fc6
        5205000	       519	80000a50	168dc583	lbu	x11,360(x27)	 x27:0x80008e5e x11=0x00000000 PA:0x80008fc6
        5215000	       520	80000a54	00008117	auipc	x2,0x8	  x2=0x80008a50
        5225000	       521	80000a58	46d10113	addi	x2,x2,1133	  x2:0x80008a50  x2=0x80008ebd
        5235000	       522	80000a5c	ffdd4797	auipc	x15,0xffdd4	 x15=0x7fdd4a58
        5245000	       523	80000a60	03b15483	lhu	x9,59(x2)	  x2:0x80008ebd  x9=0x00000000 PA:0x80008ef8
        5255000	       524	80000a64	01cc8fb3	add	x31,x25,x28	 x25:0x80009fc4 x28:0x00000000 x31=0x80009fc4
        5265000	       525	80000a68	fde10e03	lb	x28,-34(x2)	  x2:0x80008ebd x28=0x00000000 PA:0x80008e9b
        5275000	       526	80000a6c	fd910f23	sb	x25,-34(x2)	  x2:0x80008ebd x25:0x80009fc4 PA:0x80008e9b
        5285000	       527	80000a70	fda10f23	sb	x26,-34(x2)	  x2:0x80008ebd x26:0x00000001 PA:0x80008e9b
        5295000	       528	80000a74	ff410d23	sb	x20,-6(x2)	  x2:0x80008ebd x20:0x0000007a PA:0x80008eb7
        5305000	       529	80000a78	ffb129a3	sw	x27,-13(x2)	  x2:0x80008ebd x27:0x80008e5e PA:0x80008eb0
        5315000	       530	80000a7c	823b8993	addi	x19,x23,-2013	 x23:0x00000000 x19=0xfffff823
        5325000	       531	80000a80	ff3109a3	sb	x19,-13(x2)	  x2:0x80008ebd x19:0xfffff823 PA:0x80008eb0
        5335000	       532	80000a84	00e10923	sb	x14,18(x2)	  x2:0x80008ebd x14:0x00000000 PA:0x80008ecf
        5345000	       533	80000a88	00110923	sb	x1,18(x2)	  x2:0x80008ebd  x1:0x00000000 PA:0x80008ecf
        5355000	       534	80000a8c	00510923	sb	x5,18(x2)	  x2:0x80008ebd  x5:0x000000a7 PA:0x80008ecf
        5365000	       535	80000a90	00008117	auipc	x2,0x8	  x2=0x80008a8c
        5375000	       536	80000a94	ae010113	addi	x2,x2,-1312	  x2:0x80008a8c  x2=0x8000856c
        5385000	       537	80000a98	00710923	sb	x7,18(x2)	  x2:0x8000856c  x7:0x000000d5 PA:0x8000857e
        5395000	       538	80000a9c	00f11923	sh	x15,18(x2)	  x2:0x8000856c x15:0x7fdd4a58 PA:0x8000857e
        5405000	       539	80000aa0	01210083	lb	x1,18(x2)	  x2:0x8000856c  x1=0x00000058 PA:0x8000857e
        5415000	       540	80000aa4	01215003	lhu	x0,18(x2)	  x2:0x8000856c PA:0x8000857e
        5425000	       541	80000aa8	02914383	lbu	x7,41(x2)	  x2:0x8000856c  x7=0x00000000 PA:0x80008595
        5435000	       542	80000aac	016d44b3	xor	x9,x26,x22	 x26:0x00000001 x22:0x00000001  x9=0x00000000
        5445000	       543	80000ab0	4115d213	srai	x4,x11,0x11	 x11:0x00000000  x4=0x00000000
        5455000	       544	80000ab4	02910e03	lb	x28,41(x2)	  x2:0x8000856c x28=0x00000000 PA:0x80008595
        5465000	       545	80000ab8	00114703	lbu	x14,1(x2)	  x2:0x8000856c x14=0x00000000 PA:0x8000856d
        5475000	       546	80000abc	00110c83	lb	x25,1(x2)	  x2:0x8000856c x25=0x00000000 PA:0x8000856d
        5485000	       547	80000ac0	ff215583	lhu	x11,-14(x2)	  x2:0x8000856c x11=0x00000000 PA:0x8000855e
        5495000	       548	80000ac4	fea10923	sb	x10,-14(x2)	  x2:0x8000856c x10:0x00000001 PA:0x8000855e
        5505000	       549	80000ac8	ff210c83	lb	x25,-14(x2)	  x2:0x8000856c x25=0x00000001 PA:0x8000855e
        5515000	       550	80000acc	00007397	auipc	x7,0x7	  x7=0x80007ac8
        5525000	       551	80000ad0	69538393	addi	x7,x7,1685	  x7:0x80007ac8  x7=0x8000815d
        5535000	       552	80000ad4	0043c583	lbu	x11,4(x7)	  x7:0x8000815d x11=0x00000000 PA:0x80008161
        5545000	       553	80000ad8	ff939a83	lh	x21,-7(x7)	  x7:0x8000815d x21=0x00000000 PA:0x80008156
        5555000	       554	80000adc	001474b3	and	x9,x8,x1	  x8:0x00000000  x1:0x00000058  x9=0x00000000
        5565000	       555	80000ae0	00f1e733	or	x14,x3,x15	  x3:0x00000000 x15:0x7fdd4a58 x14=0x7fdd4a58
        5575000	       556	80000ae4	011100b3	add	x1,x2,x17	  x2:0x8000856c x17:0x80009fc4  x1=0x00012530
        5585000	       557	80000ae8	015d1993	slli	x19,x26,0x15	 x26:0x00000001 x19=0x00200000
        5595000	       558	80000aec	00000013	addi	x0,x0,0	  x0:0x00000000
        5605000	       559	80000af0	8ef1cc93	xori	x25,x3,-1809	  x3:0x00000000 x25=0xfffff8ef
        5615000	       560	80000af4	d9b07097	auipc	x1,0xd9b07	  x1=0x59b07af0
        5625000	       561	80000af8	fc570597	auipc	x11,0xfc570	 x11=0x7c570af4
        5635000	       562	80000afc	ff638703	lb	x14,-10(x7)	  x7:0x8000815d x14=0xffffffae PA:0x80008153
        5645000	       563	80000b00	0063c303	lbu	x6,6(x7)	  x7:0x8000815d  x6=0x00000000 PA:0x80008163
        5655000	       564	80000b04	06ac6197	auipc	x3,0x6ac6	  x3=0x86ac6b00
        5665000	       565	80000b08	009395a3	sh	x9,11(x7)	  x7:0x8000815d  x9:0x00000000 PA:0x80008168
        5675000	       566	80000b0c	3264e993	ori	x19,x9,806	  x9:0x00000000 x19=0x00000326
        5685000	       567	80000b10	00ec5f33	srl	x30,x24,x14	 x24:0x80009f70 x14:0xffffffae x30=0x00020002
        5695000	       568	80000b14	01c52633	slt	x12,x10,x28	 x10:0x00000001 x28:0x00000000 x12=0x00000000
        5705000	       569	80000b18	408a5133	sra	x2,x20,x8	 x20:0x0000007a  x8:0x00000000  x2=0x0000007a
        5715000	       570	80000b1c	fff3ca83	lbu	x21,-1(x7)	  x7:0x8000815d x21=0x00000000 PA:0x8000815c
        5725000	       571	80000b20	ffc3c483	lbu	x9,-4(x7)	  x7:0x8000815d  x9=0x00000000 PA:0x80008159
        5735000	       572	80000b24	ff738ba3	sb	x23,-9(x7)	  x7:0x8000815d x23:0x00000000 PA:0x80008154
        5745000	       573	80000b28	00d39583	lh	x11,13(x7)	  x7:0x8000815d x11=0x00000000 PA:0x8000816a
        5755000	       574	80000b2c	00cc29b3	slt	x19,x24,x12	 x24:0x80009f70 x12:0x00000000 x19=0x00000001
        5765000	       575	80000b30	e2f37d37	lui	x26,0xe2f37	 x26=0xe2f37000
        5775000	       576	80000b34	0063c103	lbu	x2,6(x7)	  x7:0x8000815d  x2=0x00000000 PA:0x80008163
        5785000	       577	80000b38	005395a3	sh	x5,11(x7)	  x7:0x8000815d  x5:0x000000a7 PA:0x80008168
        5795000	       578	80000b3c	00d9e9b3	or	x19,x19,x13	 x19:0x00000001 x13:0x00000000 x19=0x00000001
        5805000	       579	80000b40	014b3933	sltu	x18,x22,x20	 x22:0x00000001 x20:0x0000007a x18=0x00000001
        5815000	       580	80000b44	00e38023	sb	x14,0(x7)	  x7:0x8000815d x14:0xffffffae PA:0x8000815d
        5825000	       581	80000b48	01a79593	slli	x11,x15,0x1a	 x15:0x7fdd4a58 x11=0x60000000
        5835000	       582	80000b4c	ff638583	lb	x11,-10(x7)	  x7:0x8000815d x11=0xffffffae PA:0x80008153
        5845000	       583	80000b50	004c9713	slli	x14,x25,0x4	 x25:0xfffff8ef x14=0xffff8ef0
        5855000	       584	80000b54	010391a3	sh	x16,3(x7)	  x7:0x8000815d x16:0x0000007a PA:0x80008160
        5865000	       585	80000b58	00007e17	auipc	x28,0x7	 x28=0x80007b54
        5875000	       586	80000b5c	5dfe0e13	addi	x28,x28,1503	 x28:0x80007b54 x28=0x80008133
        5885000	       587	80000b60	017e15a3	sh	x23,11(x28)	 x28:0x80008133 x23:0x00000000 PA:0x8000813e
        5895000	       588	80000b64	3e0fc913	xori	x18,x31,992	 x31:0x80009fc4 x18=0x80009c24
        5905000	       589	80000b68	5de03993	sltiu	x19,x0,1502	  x0:0x00000000 x19=0x00000001
        5915000	       590	80000b6c	000e18a3	sh	x0,17(x28)	 x28:0x80008133  x0:0x00000000 PA:0x80008144
        5925000	       591	80000b70	011e1f83	lh	x31,17(x28)	 x28:0x80008133 x31=0x00000000 PA:0x80008144
        5935000	       592	80000b74	015c6d33	or	x26,x24,x21	 x24:0x80009f70 x21:0x00000000 x26=0x80009f70
        5945000	       593	80000b78	00de28a3	sw	x13,17(x28)	 x28:0x80008133 x13:0x00000000 PA:0x80008144
        5955000	       594	80000b7c	008a9f33	sll	x30,x21,x8	 x21:0x00000000  x8:0x00000000 x30=0x00000000
        5965000	       595	80000b80	c4e66397	auipc	x7,0xc4e66	  x7=0x44e66b7c
        5975000	       596	80000b84	011e5803	lhu	x16,17(x28)	 x28:0x80008133 x16=0x00000000 PA:0x80008144
        5985000	       597	80000b88	039e01a3	sb	x25,35(x28)	 x28:0x80008133 x25:0xfffff8ef PA:0x80008156
        5995000	       598	80000b8c	9c0a3393	sltiu	x7,x20,-1600	 x20:0x0000007a  x7=0x00000001
        6005000	       599	80000b90	023e4083	lbu	x1,35(x28)	 x28:0x80008133  x1=0x000000ef PA:0x80008156
        6015000	       600	80000b94	03ee01a3	sb	x30,35(x28)	 x28:0x80008133 x30:0x00000000 PA:0x80008156
        6025000	       601	80000b98	00bd5b33	srl	x22,x26,x11	 x26:0x80009f70 x11:0xffffffae x22=0x00020002
        6035000	       602	80000b9c	023e5903	lhu	x18,35(x28)	 x28:0x80008133 x18=0x00000000 PA:0x80008156
        6045000	       603	80000ba0	023e1583	lh	x11,35(x28)	 x28:0x80008133 x11=0x00000000 PA:0x80008156
        6055000	       604	80000ba4	00008717	auipc	x14,0x8	 x14=0x80008ba0
        6065000	       605	80000ba8	01470713	addi	x14,x14,20	 x14:0x80008ba0 x14=0x80008bb4
        6075000	       606	80000bac	01bb2833	slt	x16,x22,x27	 x22:0x00020002 x27:0x80008e5e x16=0x00000000
        6085000	       607	80000bb0	cfb70a23	sb	x27,-780(x14)	 x14:0x80008bb4 x27:0x80008e5e PA:0x800088a8
        6095000	       608	80000bb4	42e17193	andi	x3,x2,1070	  x2:0x00000000  x3=0x00000000
        6105000	       609	80000bb8	014bb4b3	sltu	x9,x23,x20	 x23:0x00000000 x20:0x0000007a  x9=0x00000001
        6115000	       610	80000bbc	cf475f03	lhu	x30,-780(x14)	 x14:0x80008bb4 x30=0x0000005e PA:0x800088a8
        6125000	       611	80000bc0	32e71683	lh	x13,814(x14)	 x14:0x80008bb4 x13=0x00000000 PA:0x80008ee2
        6135000	       612	80000bc4	d13700a3	sb	x19,-767(x14)	 x14:0x80008bb4 x19:0x00000001 PA:0x800088b5
        6145000	       613	80000bc8	16c708a3	sb	x12,369(x14)	 x14:0x80008bb4 x12:0x00000000 PA:0x80008d25
        6155000	       614	80000bcc	ced74603	lbu	x12,-787(x14)	 x14:0x80008bb4 x12=0x00000000 PA:0x800088a1
        6165000	       615	80000bd0	3d970f83	lb	x31,985(x14)	 x14:0x80008bb4 x31=0x00000000 PA:0x80008f8d
        6175000	       616	80000bd4	10971d23	sh	x9,282(x14)	 x14:0x80008bb4  x9:0x00000001 PA:0x80008cce
        6185000	       617	80000bd8	10271d23	sh	x2,282(x14)	 x14:0x80008bb4  x2:0x00000000 PA:0x80008cce
        6195000	       618	80000bdc	41865ab3	sra	x21,x12,x24	 x12:0x00000000 x24:0x80009f70 x21=0x00000000
        6205000	       619	80000be0	11574e03	lbu	x28,277(x14)	 x14:0x80008bb4 x28=0x00000000 PA:0x80008cc9
        6215000	       620	80000be4	0a170e03	lb	x28,161(x14)	 x14:0x80008bb4 x28=0x00000000 PA:0x80008c55
        6225000	       621	80000be8	0a170283	lb	x5,161(x14)	 x14:0x80008bb4  x5=0x00000000 PA:0x80008c55
        6235000	       622	80000bec	04675983	lhu	x19,70(x14)	 x14:0x80008bb4 x19=0x00000000 PA:0x80008bfa
        6245000	       623	80000bf0	fbc700a3	sb	x28,-95(x14)	 x14:0x80008bb4 x28:0x00000000 PA:0x80008b55
        6255000	       624	80000bf4	00414033	xor	x0,x2,x4	  x2:0x00000000  x4:0x00000000
        6265000	       625	80000bf8	d4c70d23	sb	x12,-678(x14)	 x14:0x80008bb4 x12:0x00000000 PA:0x8000890e
        6275000	       626	80000bfc	d3070483	lb	x9,-720(x14)	 x14:0x80008bb4  x9=0x00000000 PA:0x800088e4
        6285000	       627	80000c00	36770803	lb	x16,871(x14)	 x14:0x80008bb4 x16=0x00000000 PA:0x80008f1b
        6295000	       628	80000c04	c7170423	sb	x17,-920(x14)	 x14:0x80008bb4 x17:0x80009fc4 PA:0x8000881c
        6305000	       629	80000c08	053708a3	sb	x19,81(x14)	 x14:0x80008bb4 x19:0x00000000 PA:0x80008c05
        6315000	       630	80000c0c	d5574f03	lbu	x30,-683(x14)	 x14:0x80008bb4 x30=0x00000000 PA:0x80008909
        6325000	       631	80000c10	00007117	auipc	x2,0x7	  x2=0x80007c0c
        6335000	       632	80000c14	7a510113	addi	x2,x2,1957	  x2:0x80007c0c  x2=0x800083b1
        6345000	       633	80000c18	ff014f03	lbu	x30,-16(x2)	  x2:0x800083b1 x30=0x00000000 PA:0x800083a1
        6355000	       634	80000c1c	7827fe93	andi	x29,x15,1922	 x15:0x7fdd4a58 x29=0x00000200
        6365000	       635	80000c20	00a116a3	sh	x10,13(x2)	  x2:0x800083b1 x10:0x00000001 PA:0x800083be
        6375000	       636	80000c24	00a102a3	sb	x10,5(x2)	  x2:0x800083b1 x10:0x00000001 PA:0x800083b6
        6385000	       637	80000c28	00e10b03	lb	x22,14(x2)	  x2:0x800083b1 x22=0x00000000 PA:0x800083bf
        6395000	       638	80000c2c	50ddb513	sltiu	x10,x27,1293	 x27:0x80008e5e x10=0x00000000
        6405000	       639	80000c30	00410523	sb	x4,10(x2)	  x2:0x800083b1  x4:0x00000000 PA:0x800083bb
        6415000	       640	80000c34	00214c83	lbu	x25,2(x2)	  x2:0x800083b1 x25=0x00000000 PA:0x800083b3
        6425000	       641	80000c38	ff814203	lbu	x4,-8(x2)	  x2:0x800083b1  x4=0x00000000 PA:0x800083a9
        6435000	       642	80000c3c	01f123a3	sw	x31,7(x2)	  x2:0x800083b1 x31:0x00000000 PA:0x800083b8
        6445000	       643	80000c40	ffd11ba3	sh	x29,-9(x2)	  x2:0x800083b1 x29:0x00000200 PA:0x800083a8
        6455000	       644	80000c44	00210483	lb	x9,2(x2)	  x2:0x800083b1  x9=0x00000000 PA:0x800083b3
        6465000	       645	80000c48	01105a33	srl	x20,x0,x17	  x0:0x00000000 x17:0x80009fc4 x20=0x00000000
        6475000	       646	80000c4c	01dbb333	sltu	x6,x23,x29	 x23:0x00000000 x29:0x00000200  x6=0x00000001
        6485000	       647	80000c50	fe310b23	sb	x3,-10(x2)	  x2:0x800083b1  x3:0x00000000 PA:0x800083a7
        6495000	       648	80000c54	010105a3	sb	x16,11(x2)	  x2:0x800083b1 x16:0x00000000 PA:0x800083bc
        6505000	       649	80000c58	00be5813	srli	x16,x28,0xb	 x28:0x00000000 x16=0x00000000
        6515000	       650	80000c5c	00d15e03	lhu	x28,13(x2)	  x2:0x800083b1 x28=0x00000001 PA:0x800083be
        6525000	       651	80000c60	000114a3	sh	x0,9(x2)	  x2:0x800083b1  x0:0x00000000 PA:0x800083ba
        6535000	       652	80000c64	1dfa7a93	andi	x21,x20,479	 x20:0x00000000 x21=0x00000000
        6545000	       653	80000c68	016f33b3	sltu	x7,x30,x22	 x30:0x00000000 x22:0x00000000  x7=0x00000000
        6555000	       654	80000c6c	06fe7517	auipc	x10,0x6fe7	 x10=0x86fe7c68
        6565000	       655	80000c70	00000013	addi	x0,x0,0	  x0:0x00000000
        6575000	       656	80000c74	00315003	lhu	x0,3(x2)	  x2:0x800083b1 PA:0x800083b4
        6585000	       657	80000c78	ff111503	lh	x10,-15(x2)	  x2:0x800083b1 x10=0x00000000 PA:0x800083a2
        6595000	       658	80000c7c	00b14583	lbu	x11,11(x2)	  x2:0x800083b1 x11=0x00000000 PA:0x800083bc
        6605000	       659	80000c80	005d57b3	srl	x15,x26,x5	 x26:0x80009f70  x5:0x00000000 x15=0x80009f70
        6615000	       660	80000c84	00000013	addi	x0,x0,0	  x0:0x00000000
        6625000	       661	80000c88	000e34b3	sltu	x9,x28,x0	 x28:0x00000001  x0:0x00000000  x9=0x00000000
        6635000	       662	80000c8c	ff814a83	lbu	x21,-8(x2)	  x2:0x800083b1 x21=0x00000002 PA:0x800083a9
        6645000	       663	80000c90	d8510017	auipc	x0,0xd8510	
        6655000	       664	80000c94	00000013	addi	x0,x0,0	  x0:0x00000000
        6665000	       665	80000c98	00c14d03	lbu	x26,12(x2)	  x2:0x800083b1 x26=0x00000000 PA:0x800083bd
        6675000	       666	80000c9c	006b9fb3	sll	x31,x23,x6	 x23:0x00000000  x6:0x00000001 x31=0x00000000
        6685000	       667	80000ca0	400e5a13	srai	x20,x28,0x0	 x28:0x00000001 x20=0x00000001
        6695000	       668	80000ca4	fff12b03	lw	x22,-1(x2)	  x2:0x800083b1 x22=0x00000000 PA:0x800083b0
        6705000	       669	80000ca8	00e10783	lb	x15,14(x2)	  x2:0x800083b1 x15=0x00000000 PA:0x800083bf
        6715000	       670	80000cac	fe010c23	sb	x0,-8(x2)	  x2:0x800083b1  x0:0x00000000 PA:0x800083a9
        6725000	       671	80000cb0	ff610d83	lb	x27,-10(x2)	  x2:0x800083b1 x27=0x00000000 PA:0x800083a7
        6735000	       672	80000cb4	00008397	auipc	x7,0x8	  x7=0x80008cb0
        6745000	       673	80000cb8	ed838393	addi	x7,x7,-296	  x7:0x80008cb0  x7=0x80008b88
        6755000	       674	80000cbc	00008c97	auipc	x25,0x8	 x25=0x80008cb8
        6765000	       675	80000cc0	0b2c8c93	addi	x25,x25,178	 x25:0x80008cb8 x25=0x80008d6a
        6775000	       676	80000cc4	e23caf23	sw	x3,-450(x25)	 x25:0x80008d6a  x3:0x00000000 PA:0x80008ba8
        6785000	       677	80000cc8	fd738f23	sb	x23,-34(x7)	  x7:0x80008b88 x23:0x00000000 PA:0x80008b66
        6795000	       678	80000ccc	02938603	lb	x12,41(x7)	  x7:0x80008b88 x12=0x00000000 PA:0x80008bb1
        6805000	       679	80000cd0	fcf3c803	lbu	x16,-49(x7)	  x7:0x80008b88 x16=0x00000000 PA:0x80008b57
        6815000	       680	80000cd4	00008317	auipc	x6,0x8	  x6=0x80008cd0
        6825000	       681	80000cd8	f1b30313	addi	x6,x6,-229	  x6:0x80008cd0  x6=0x80008beb
        6835000	       682	80000cdc	00008e97	auipc	x29,0x8	 x29=0x80008cd8
        6845000	       683	80000ce0	249e8e93	addi	x29,x29,585	 x29:0x80008cd8 x29=0x80008f21
        6855000	       684	80000ce4	01030483	lb	x9,16(x6)	  x6:0x80008beb  x9=0x00000000 PA:0x80008bfb
        6865000	       685	80000ce8	f68cd003	lhu	x0,-152(x25)	 x25:0x80008d6a PA:0x80008cd2
        6875000	       686	80000cec	fd9e8923	sb	x25,-46(x29)	 x29:0x80008f21 x25:0x80008d6a PA:0x80008ef3
        6885000	       687	80000cf0	00008e17	auipc	x28,0x8	 x28=0x80008cec
        6895000	       688	80000cf4	23ce0e13	addi	x28,x28,572	 x28:0x80008cec x28=0x80008f28
        6905000	       689	80000cf8	ff731683	lh	x13,-9(x6)	  x6:0x80008beb x13=0x00000000 PA:0x80008be2
        6915000	       690	80000cfc	c8fe0703	lb	x14,-881(x28)	 x28:0x80008f28 x14=0x00000000 PA:0x80008bb7
        6925000	       691	80000d00	ffb35f03	lhu	x30,-5(x6)	  x6:0x80008beb x30=0x00000000 PA:0x80008be6
        6935000	       692	80000d04	fbcc8d03	lb	x26,-68(x25)	 x25:0x80008d6a x26=0x00000000 PA:0x80008d26
        6945000	       693	80000d08	deee5583	lhu	x11,-530(x28)	 x28:0x80008f28 x11=0x00000000 PA:0x80008d16
        6955000	       694	80000d0c	1ffc89a3	sb	x31,499(x25)	 x25:0x80008d6a x31:0x00000000 PA:0x80008f5d
        6965000	       695	80000d10	fc9ed003	lhu	x0,-55(x29)	 x29:0x80008f21 PA:0x80008eea
        6975000	       696	80000d14	f89e4d83	lbu	x27,-119(x28)	 x28:0x80008f28 x27=0x0000008e PA:0x80008eb1
        6985000	       697	80000d18	ff030603	lb	x12,-16(x6)	  x6:0x80008beb x12=0x00000000 PA:0x80008bdb
        6995000	       698	80000d1c	b6acda83	lhu	x21,-1174(x25)	 x25:0x80008d6a x21=0x00000000 PA:0x800088d4
        7005000	       699	80000d20	fce3d803	lhu	x16,-50(x7)	  x7:0x80008b88 x16=0x00000000 PA:0x80008b56
        7015000	       700	80000d24	01de9083	lh	x1,29(x29)	 x29:0x80008f21  x1=0x00000000 PA:0x80008f3e
        7025000	       701	80000d28	01be4b03	lbu	x22,27(x28)	 x28:0x80008f28 x22=0x00000000 PA:0x80008f43
        7035000	       702	80000d2c	08fcca83	lbu	x21,143(x25)	 x25:0x80008d6a x21=0x00000000 PA:0x80008df9
        7045000	       703	80000d30	fe4e99a3	sh	x4,-13(x29)	 x29:0x80008f21  x4:0x00000000 PA:0x80008f14
        7055000	       704	80000d34	020ec703	lbu	x14,32(x29)	 x29:0x80008f21 x14=0x00000000 PA:0x80008f41
        7065000	       705	80000d38	fef308a3	sb	x15,-15(x6)	  x6:0x80008beb x15:0x00000000 PA:0x80008bdc
        7075000	       706	80000d3c	01a38aa3	sb	x26,21(x7)	  x7:0x80008b88 x26:0x00000000 PA:0x80008b9d
        7085000	       707	80000d40	d90c8a83	lb	x21,-624(x25)	 x25:0x80008d6a x21=0x00000000 PA:0x80008afa
        7095000	       708	80000d44	00d307a3	sb	x13,15(x6)	  x6:0x80008beb x13:0x00000000 PA:0x80008bfa
        7105000	       709	80000d48	060e0da3	sb	x0,123(x28)	 x28:0x80008f28  x0:0x00000000 PA:0x80008fa3
        7115000	       710	80000d4c	00f315a3	sh	x15,11(x6)	  x6:0x80008beb x15:0x00000000 PA:0x80008bf6
        7125000	       711	80000d50	ffb3ac23	sw	x27,-8(x7)	  x7:0x80008b88 x27:0x0000008e PA:0x80008b80
        7135000	       712	80000d54	fcbe8f03	lb	x30,-53(x29)	 x29:0x80008f21 x30=0x00000000 PA:0x80008eec
        7145000	       713	80000d58	025384a3	sb	x5,41(x7)	  x7:0x80008b88  x5:0x00000000 PA:0x80008bb1
        7155000	       714	80000d5c	eefccd83	lbu	x27,-273(x25)	 x25:0x80008d6a x27=0x00000000 PA:0x80008c59
        7165000	       715	80000d60	fff30483	lb	x9,-1(x6)	  x6:0x80008beb  x9=0x00000000 PA:0x80008bea
        7175000	       716	80000d64	b23cc503	lbu	x10,-1245(x25)	 x25:0x80008d6a x10=0x00000000 PA:0x8000888d
        7185000	       717	80000d68	01d307a3	sb	x29,15(x6)	  x6:0x80008beb x29:0x80008f21 PA:0x80008bfa
        7195000	       718	80000d6c	f1de4503	lbu	x10,-227(x28)	 x28:0x80008f28 x10=0x00000000 PA:0x80008e45
        7205000	       719	80000d70	fc4e8f03	lb	x30,-60(x29)	 x29:0x80008f21 x30=0x00000000 PA:0x80008ee5
        7215000	       720	80000d74	02c38da3	sb	x12,59(x7)	  x7:0x80008b88 x12:0x00000000 PA:0x80008bc3
        7225000	       721	80000d78	027e8223	sb	x7,36(x29)	 x29:0x80008f21  x7:0x80008b88 PA:0x80008f45
        7235000	       722	80000d7c	00008297	auipc	x5,0x8	  x5=0x80008d78
        7245000	       723	80000d80	81b28293	addi	x5,x5,-2021	  x5:0x80008d78  x5=0x80008593
        7255000	       724	80000d84	fb628003	lb	x0,-74(x5)	  x5:0x80008593 PA:0x80008549
        7265000	       725	80000d88	ec6289a3	sb	x6,-301(x5)	  x5:0x80008593  x6:0x80008beb PA:0x80008466
        7275000	       726	80000d8c	bc329983	lh	x19,-1085(x5)	  x5:0x80008593 x19=0x00000000 PA:0x80008156
        7285000	       727	00000000	00000013	addi	x0,x0,0	  x0:0x00000000
        7295000	       728	80000d90	d0d9c613	xori	x12,x19,-755	 x19:0x00000000 x12=0xfffffd0d
        7305000	       729	80000d94	265291a3	sh	x5,611(x5)	  x5:0x80008593  x5:0x80008593 PA:0x800087f6
        7315000	       730	80000d98	009c6f33	or	x30,x24,x9	 x24:0x80009f70  x9:0x00000000 x30=0x80009f70
        7325000	       731	80000d9c	00df9033	sll	x0,x31,x13	 x31:0x00000000 x13:0x00000000
        7335000	       732	80000da0	b1e28a03	lb	x20,-1250(x5)	  x5:0x80008593 x20=0x00000000 PA:0x800080b1
        7345000	       733	80000da4	05e28003	lb	x0,94(x5)	  x5:0x80008593 PA:0x800085f1
        7355000	       734	80000da8	aba28203	lb	x4,-1350(x5)	  x5:0x80008593  x4=0x00000000 PA:0x8000804d
        7365000	       735	80000dac	c0b2df83	lhu	x31,-1013(x5)	  x5:0x80008593 x31=0x00000000 PA:0x8000819e
        7375000	       736	80000db0	fef2db03	lhu	x22,-17(x5)	  x5:0x80008593 x22=0x00000000 PA:0x80008582
        7385000	       737	80000db4	f7728023	sb	x23,-160(x5)	  x5:0x80008593 x23:0x00000000 PA:0x800084f3
        7395000	       738	80000db8	01051f13	slli	x30,x10,0x10	 x10:0x00000000 x30=0x00000000
        7405000	       739	80000dbc	0a52ca83	lbu	x21,165(x5)	  x5:0x80008593 x21=0x00000001 PA:0x80008638
        7415000	       740	80000dc0	eda28e83	lb	x29,-294(x5)	  x5:0x80008593 x29=0x00000000 PA:0x8000846d
        7425000	       741	80000dc4	cf97a213	slti	x4,x15,-775	 x15:0x00000000  x4=0x00000000
        7435000	       742	80000dc8	01911113	slli	x2,x2,0x19	  x2:0x800083b1  x2=0x62000000
        7445000	       743	80000dcc	00705eb3	srl	x29,x0,x7	  x0:0x00000000  x7:0x80008b88 x29=0x00000000
        7455000	       744	80000dd0	00b20933	add	x18,x4,x11	  x4:0x00000000 x11:0x00000000 x18=0x00000000
        7465000	       745	80000dd4	0a628a23	sb	x6,180(x5)	  x5:0x80008593  x6:0x80008beb PA:0x80008647
        7475000	       746	80000dd8	ca22aea3	sw	x2,-835(x5)	  x5:0x80008593  x2:0x62000000 PA:0x80008250
        7485000	       747	80000ddc	40655033	sra	x0,x10,x6	 x10:0x00000000  x6:0x80008beb
        7495000	       748	80000de0	09c28483	lb	x9,156(x5)	  x5:0x80008593  x9=0x00000000 PA:0x8000862f
        7505000	       749	80000de4	bad28da3	sb	x13,-1093(x5)	  x5:0x80008593 x13:0x00000000 PA:0x8000814e
        7515000	       750	80000de8	0402c103	lbu	x2,64(x5)	  x5:0x80008593  x2=0x00000000 PA:0x800085d3
        7525000	       751	80000dec	40f95493	srai	x9,x18,0xf	 x18:0x00000000  x9=0x00000000
        7535000	       752	80000df0	01660233	add	x4,x12,x22	 x12:0xfffffd0d x22:0x00000000  x4=0xfffffd0d
        7545000	       753	80000df4	1a12cd03	lbu	x26,417(x5)	  x5:0x80008593 x26=0x00000000 PA:0x80008734
        7555000	       754	80000df8	40055db3	sra	x27,x10,x0	 x10:0x00000000  x0:0x00000000 x27=0x00000000
        7565000	       755	80000dfc	75cfb993	sltiu	x19,x31,1884	 x31:0x00000000 x19=0x00000001
        7575000	       756	80000e00	704aa793	slti	x15,x21,1796	 x21:0x00000001 x15=0x00000001
        7585000	       757	80000e04	6059bc93	sltiu	x25,x19,1541	 x19:0x00000001 x25=0x00000001
        7595000	       758	80000e08	404d5a13	srai	x20,x26,0x4	 x26:0x00000000 x20=0x00000000
        7605000	       759	80000e0c	1c1293a3	sh	x1,455(x5)	  x5:0x80008593  x1:0x00000000 PA:0x8000875a
        7615000	       760	80000e10	00ab1db3	sll	x27,x22,x10	 x22:0x00000000 x10:0x00000000 x27=0x00000000
        7625000	       761	80000e14	15328f83	lb	x31,339(x5)	  x5:0x80008593 x31=0x00000000 PA:0x800086e6
        7635000	       762	80000e18	f6bc8e13	addi	x28,x25,-149	 x25:0x00000001 x28=0xffffff6c
        7645000	       763	80000e1c	774ef613	andi	x12,x29,1908	 x29:0x00000000 x12=0x00000000
        7655000	       764	80000e20	52142313	slti	x6,x8,1313	  x8:0x00000000  x6=0x00000001
        7665000	       765	80000e24	ed12aaa3	sw	x17,-299(x5)	  x5:0x80008593 x17:0x80009fc4 PA:0x80008468
        7675000	       766	80000e28	cd48e493	ori	x9,x17,-812	 x17:0x80009fc4  x9=0xffffffd4
        7685000	       767	80000e2c	fad2d703	lhu	x14,-83(x5)	  x5:0x80008593 x14=0x00000000 PA:0x80008540
        7695000	       768	80000e30	b8328da3	sb	x3,-1125(x5)	  x5:0x80008593  x3:0x00000000 PA:0x8000812e
        7705000	       769	80000e34	00008a97	auipc	x21,0x8	 x21=0x80008e30
        7715000	       770	80000e38	f81a8a93	addi	x21,x21,-127	 x21:0x80008e30 x21=0x80008db1
        7725000	       771	80000e3c	00008d97	auipc	x27,0x8	 x27=0x80008e38
        7735000	       772	80000e40	addd8d93	addi	x27,x27,-1315	 x27:0x80008e38 x27=0x80008915
        7745000	       773	80000e44	fecd8ea3	sb	x12,-3(x27)	 x27:0x80008915 x12:0x00000000 PA:0x80008912
        7755000	       774	80000e48	005d8a03	lb	x20,5(x27)	 x27:0x80008915 x20=0x00000000 PA:0x8000891a
        7765000	       775	80000e4c	007d8003	lb	x0,7(x27)	 x27:0x80008915 PA:0x8000891c
        7775000	       776	80000e50	01ed8123	sb	x30,2(x27)	 x27:0x80008915 x30:0x00000000 PA:0x80008917
        7785000	       777	80000e54	00008717	auipc	x14,0x8	 x14=0x80008e50
        7795000	       778	80000e58	be370713	addi	x14,x14,-1053	 x14:0x80008e50 x14=0x80008a33
        7805000	       779	80000e5c	001a8223	sb	x1,4(x21)	 x21:0x80008db1  x1:0x00000000 PA:0x80008db5
        7815000	       780	80000e60	fefd8fa3	sb	x15,-1(x27)	 x27:0x80008915 x15:0x00000001 PA:0x80008914
        7825000	       781	80000e64	ede71fa3	sh	x30,-289(x14)	 x14:0x80008a33 x30:0x00000000 PA:0x80008912
        7835000	       782	80000e68	fffdad03	lw	x26,-1(x27)	 x27:0x80008915 x26=0x00000001 PA:0x80008914
        7845000	       783	80000e6c	ef374083	lbu	x1,-269(x14)	 x14:0x80008a33  x1=0x00000000 PA:0x80008926
        7855000	       784	80000e70	ff6d8c83	lb	x25,-10(x27)	 x27:0x80008915 x25=0x00000000 PA:0x8000890b
        7865000	       785	80000e74	001aafa3	sw	x1,31(x21)	 x21:0x80008db1  x1:0x00000000 PA:0x80008dd0
        7875000	       786	80000e78	fd670fa3	sb	x22,-33(x14)	 x14:0x80008a33 x22:0x00000000 PA:0x80008a12
        7885000	       787	80000e7c	ffbad083	lhu	x1,-5(x21)	 x21:0x80008db1  x1=0x00000000 PA:0x80008dac
        7895000	       788	80000e80	007da583	lw	x11,7(x27)	 x27:0x80008915 x11=0x00000000 PA:0x8000891c
        7905000	       789	80000e84	037a8f83	lb	x31,55(x21)	 x21:0x80008db1 x31=0x00000000 PA:0x80008de8
        7915000	       790	80000e88	003d8723	sb	x3,14(x27)	 x27:0x80008915  x3:0x00000000 PA:0x80008923
        7925000	       791	80000e8c	35975083	lhu	x1,857(x14)	 x14:0x80008a33  x1=0x00000000 PA:0x80008d8c
        7935000	       792	80000e90	ec8718a3	sh	x8,-303(x14)	 x14:0x80008a33  x8:0x00000000 PA:0x80008904
        7945000	       793	80000e94	febaa683	lw	x13,-21(x21)	 x21:0x80008db1 x13=0x00000000 PA:0x80008d9c
        7955000	       794	80000e98	0ab71da3	sh	x11,187(x14)	 x14:0x80008a33 x11:0x00000000 PA:0x80008aee
        7965000	       795	80000e9c	f1d70ea3	sb	x29,-227(x14)	 x14:0x80008a33 x29:0x00000000 PA:0x80008950
        7975000	       796	80000ea0	002dcf83	lbu	x31,2(x27)	 x27:0x80008915 x31=0x00000000 PA:0x80008917
        7985000	       797	80000ea4	1cb74103	lbu	x2,459(x14)	 x14:0x80008a33  x2=0x00000000 PA:0x80008bfe
        7995000	       798	80000ea8	034a8f83	lb	x31,52(x21)	 x21:0x80008db1 x31=0x00000000 PA:0x80008de5
        8005000	       799	80000eac	00008f97	auipc	x31,0x8	 x31=0x80008ea8
        8015000	       800	80000eb0	bdff8f93	addi	x31,x31,-1057	 x31:0x80008ea8 x31=0x80008a87
        8025000	       801	80000eb4	f5ff9aa3	sh	x31,-171(x31)	 x31:0x80008a87 x31:0x80008a87 PA:0x800089dc
        8035000	       802	80000eb8	f4cf8a03	lb	x20,-180(x31)	 x31:0x80008a87 x20=0x00000000 PA:0x800089d3
        8045000	       803	80000ebc	003c5d33	srl	x26,x24,x3	 x24:0x80009f70  x3:0x00000000 x26=0x80009f70
        8055000	       804	80000ec0	f9368993	addi	x19,x13,-109	 x13:0x00000000 x19=0xffffff93
        8065000	       805	80000ec4	016799b3	sll	x19,x15,x22	 x15:0x00000001 x22:0x00000000 x19=0x00000001
        8075000	       806	80000ec8	f7af98a3	sh	x26,-143(x31)	 x31:0x80008a87 x26:0x80009f70 PA:0x800089f8
        8085000	       807	80000ecc	00b5f533	and	x10,x11,x11	 x11:0x00000000 x11:0x00000000 x10=0x00000000
        8095000	       808	80000ed0	1f849f17	auipc	x30,0x1f849	 x30=0x9f849ecc
        8105000	       809	80000ed4	412b8033	sub	x0,x23,x18	 x23:0x00000000 x18:0x00000000
        8115000	       810	80000ed8	db5b0813	addi	x16,x22,-587	 x22:0x00000000 x16=0xfffffdb5
        8125000	       811	80000edc	f2af8603	lb	x12,-214(x31)	 x31:0x80008a87 x12=0x00000000 PA:0x800089b1
        8135000	       812	80000ee0	6438f713	andi	x14,x17,1603	 x17:0x80009fc4 x14=0x00000640
        8145000	       813	80000ee4	000f72b3	and	x5,x30,x0	 x30:0x9f849ecc  x0:0x00000000  x5=0x00000000
        8155000	       814	80000ee8	fa8f83a3	sb	x8,-89(x31)	 x31:0x80008a87  x8:0x00000000 PA:0x80008a2e
        8165000	       815	80000eec	6835ac93	slti	x25,x11,1667	 x11:0x00000000 x25=0x00000001
        8175000	       816	80000ef0	040f8e23	sb	x0,92(x31)	 x31:0x80008a87  x0:0x00000000 PA:0x80008ae3
        8185000	       817	80000ef4	004fbeb3	sltu	x29,x31,x4	 x31:0x80008a87  x4:0xfffffd0d x29=0x00000001
        8195000	       818	80000ef8	5aea0a93	addi	x21,x20,1454	 x20:0x00000000 x21=0x000005ae
        8205000	       819	80000efc	f79f89a3	sb	x25,-141(x31)	 x31:0x80008a87 x25:0x00000001 PA:0x800089fa
        8215000	       820	80000f00	fe8f8383	lb	x7,-24(x31)	 x31:0x80008a87  x7=0x00000000 PA:0x80008a6f
        8225000	       821	80000f04	050fcd03	lbu	x26,80(x31)	 x31:0x80008a87 x26=0x00000000 PA:0x80008ad7
        8235000	       822	80000f08	00d01733	sll	x14,x0,x13	  x0:0x00000000 x13:0x00000000 x14=0x00000000
        8245000	       823	80000f0c	0a4f8823	sb	x4,176(x31)	 x31:0x80008a87  x4:0xfffffd0d PA:0x80008b37
        8255000	       824	80000f10	f34f8583	lb	x11,-204(x31)	 x31:0x80008a87 x11=0x00000000 PA:0x800089bb
        8265000	       825	80000f14	017ba4b3	slt	x9,x23,x23	 x23:0x00000000 x23:0x00000000  x9=0x00000000
        8275000	       826	80000f18	fb7f9d83	lh	x27,-73(x31)	 x31:0x80008a87 x27=0x00000000 PA:0x80008a3e
        8285000	       827	80000f1c	00cd29b3	slt	x19,x26,x12	 x26:0x00000000 x12:0x00000000 x19=0x00000000
        8295000	       828	80000f20	0d4fc983	lbu	x19,212(x31)	 x31:0x80008a87 x19=0x00000000 PA:0x80008b5b
        8305000	       829	80000f24	59f28493	addi	x9,x5,1439	  x5:0x00000000  x9=0x0000059f
        8315000	       830	80000f28	bd982a93	slti	x21,x16,-1063	 x16:0xfffffdb5 x21=0x00000000
        8325000	       831	80000f2c	009d5d93	srli	x27,x26,0x9	 x26:0x00000000 x27=0x00000000
        8335000	       832	80000f30	f90f4813	xori	x16,x30,-112	 x30:0x9f849ecc x16=0x607b615c
        8345000	       833	80000f34	017b5d13	srli	x26,x22,0x17	 x22:0x00000000 x26=0x00000000
        8355000	       834	80000f38	00000013	addi	x0,x0,0	  x0:0x00000000
        8365000	       835	80000f3c	034fca83	lbu	x21,52(x31)	 x31:0x80008a87 x21=0x00000000 PA:0x80008abb
        8375000	       836	00000000	00000013	addi	x0,x0,0	  x0:0x00000000
        8385000	       837	80000f40	035fd183	lhu	x3,53(x31)	 x31:0x80008a87  x3=0x00000000 PA:0x80008abc
        8395000	       838	80000f44	00547933	and	x18,x8,x5	  x8:0x00000000  x5:0x00000000 x18=0x00000000
        8405000	       839	80000f48	409fd313	srai	x6,x31,0x9	 x31:0x80008a87  x6=0xffc00045
        8415000	       840	80000f4c	1185ad93	slti	x27,x11,280	 x11:0x00000000 x27=0x00000001
        8425000	       841	80000f50	0aff9303	lh	x6,175(x31)	 x31:0x80008a87  x6=0x00000d00 PA:0x80008b36
        8435000	       842	80000f54	6d456093	ori	x1,x10,1748	 x10:0x00000000  x1=0x000006d4
        8445000	       843	80000f58	a9b90d13	addi	x26,x18,-1381	 x18:0x00000000 x26=0xfffffa9b
        8455000	       844	80000f5c	01302033	slt	x0,x0,x19	  x0:0x00000000 x19:0x00000000
        8465000	       845	80000f60	40f35533	sra	x10,x6,x15	  x6:0x00000d00 x15:0x00000001 x10=0x00000680
        8475000	       846	80000f64	f0efca03	lbu	x20,-242(x31)	 x31:0x80008a87 x20=0x00000000 PA:0x80008995
        8485000	       847	80000f68	00581eb3	sll	x29,x16,x5	 x16:0x607b615c  x5:0x00000000 x29=0x607b615c
        8495000	       848	80000f6c	fa5fd903	lhu	x18,-91(x31)	 x31:0x80008a87 x18=0x00000000 PA:0x80008a2c
        8505000	       849	80000f70	00008117	auipc	x2,0x8	  x2=0x80008f6c
        8515000	       850	80000f74	8ad10113	addi	x2,x2,-1875	  x2:0x80008f6c  x2=0x80008819
        8525000	       851	80000f78	00b14d83	lbu	x27,11(x2)	  x2:0x80008819 x27=0x00000000 PA:0x80008824
        8535000	       852	80000f7c	00b10e03	lb	x28,11(x2)	  x2:0x80008819 x28=0x00000000 PA:0x80008824
        8545000	       853	80000f80	00b11a83	lh	x21,11(x2)	  x2:0x80008819 x21=0x00000000 PA:0x80008824
        8555000	       854	80000f84	00f125a3	sw	x15,11(x2)	  x2:0x80008819 x15:0x00000001 PA:0x80008824
        8565000	       855	80000f88	01c115a3	sh	x28,11(x2)	  x2:0x80008819 x28:0x00000000 PA:0x80008824
        8575000	       856	80000f8c	41ac5b33	sra	x22,x24,x26	 x24:0x80009f70 x26:0xfffffa9b x22=0xfffffff0
        8585000	       857	80000f90	00b15503	lhu	x10,11(x2)	  x2:0x80008819 x10=0x00000000 PA:0x80008824
        8595000	       858	80000f94	01d115a3	sh	x29,11(x2)	  x2:0x80008819 x29:0x607b615c PA:0x80008824
        8605000	       859	80000f98	007115a3	sh	x7,11(x2)	  x2:0x80008819  x7:0x00000000 PA:0x80008824
        8615000	       860	80000f9c	00b15003	lhu	x0,11(x2)	  x2:0x80008819 PA:0x80008824
        8625000	       861	80000fa0	00b14d03	lbu	x26,11(x2)	  x2:0x80008819 x26=0x00000000 PA:0x80008824
        8635000	       862	80000fa4	00b11a03	lh	x20,11(x2)	  x2:0x80008819 x20=0x00000000 PA:0x80008824
        8645000	       863	80000fa8	00b11503	lh	x10,11(x2)	  x2:0x80008819 x10=0x00000000 PA:0x80008824
        8655000	       864	80000fac	01e105a3	sb	x30,11(x2)	  x2:0x80008819 x30:0x9f849ecc PA:0x80008824
        8665000	       865	80000fb0	00b15e83	lhu	x29,11(x2)	  x2:0x80008819 x29=0x000000cc PA:0x80008824
        8675000	       866	80000fb4	00b14a83	lbu	x21,11(x2)	  x2:0x80008819 x21=0x000000cc PA:0x80008824
        8685000	       867	00000000	00000013	addi	x0,x0,0	  x0:0x00000000
        8695000	       868	80000fb8	015115a3	sh	x21,11(x2)	  x2:0x80008819 x21:0x000000cc PA:0x80008824
        8705000	       869	80000fbc	00e125a3	sw	x14,11(x2)	  x2:0x80008819 x14:0x00000000 PA:0x80008824
        8715000	       870	80000fc0	015125a3	sw	x21,11(x2)	  x2:0x80008819 x21:0x000000cc PA:0x80008824
        8725000	       871	80000fc4	00b11003	lh	x0,11(x2)	  x2:0x80008819 PA:0x80008824
        8735000	       872	80000fc8	00007117	auipc	x2,0x7	  x2=0x80007fc4
        8745000	       873	80000fcc	1d210113	addi	x2,x2,466	  x2:0x80007fc4  x2=0x80008196
        8755000	       874	80000fd0	f24107a3	sb	x4,-209(x2)	  x2:0x80008196  x4:0xfffffd0d PA:0x800080c5
        8765000	       875	80000fd4	46310a83	lb	x21,1123(x2)	  x2:0x80008196 x21=0x00000000 PA:0x800085f9
        8775000	       876	80000fd8	10b10c83	lb	x25,267(x2)	  x2:0x80008196 x25=0xffffffae PA:0x800082a1
        8785000	       877	80000fdc	00007097	auipc	x1,0x7	  x1=0x80007fd8
        8795000	       878	80000fe0	14e08093	addi	x1,x1,334	  x1:0x80007fd8  x1=0x80008126
        8805000	       879	80000fe4	0090c603	lbu	x12,9(x1)	  x1:0x80008126 x12=0x00000000 PA:0x8000812f
        8815000	       880	80000fe8	5b714d03	lbu	x26,1463(x2)	  x2:0x80008196 x26=0x00000000 PA:0x8000874d
        8825000	       881	80000fec	ffe08503	lb	x10,-2(x1)	  x1:0x80008126 x10=0x00000000 PA:0x80008124
        8835000	       882	80000ff0	00c09c83	lh	x25,12(x1)	  x1:0x80008126 x25=0x00000000 PA:0x80008132
        8845000	       883	80000ff4	02814383	lbu	x7,40(x2)	  x2:0x80008196  x7=0x00000000 PA:0x800081be
        8855000	       884	80000ff8	ff30cd83	lbu	x27,-13(x1)	  x1:0x80008126 x27=0x00000000 PA:0x80008119
        8865000	       885	80000ffc	63910283	lb	x5,1593(x2)	  x2:0x80008196  x5=0x00000000 PA:0x800087cf
        8875000	       886	80001000	01a09023	sh	x26,0(x1)	  x1:0x80008126 x26:0x00000000 PA:0x80008126
        8885000	       887	80001004	006082a3	sb	x6,5(x1)	  x1:0x80008126  x6:0x00000d00 PA:0x8000812b
        8895000	       888	80001008	36011403	lh	x8,864(x2)	  x2:0x80008196  x8=0x00000000 PA:0x800084f6
        8905000	       889	8000100c	ffa08ca3	sb	x26,-7(x1)	  x1:0x80008126 x26:0x00000000 PA:0x8000811f
        8915000	       890	80001010	0070c583	lbu	x11,7(x1)	  x1:0x80008126 x11=0x00000000 PA:0x8000812d
        8925000	       891	80001014	541101a3	sb	x1,1347(x2)	  x2:0x80008196  x1:0x80008126 PA:0x800086d9
        8935000	       892	80001018	012087a3	sb	x18,15(x1)	  x1:0x80008126 x18:0x00000000 PA:0x80008135
        8945000	       893	8000101c	38614703	lbu	x14,902(x2)	  x2:0x80008196 x14=0x00000000 PA:0x8000851c
        8955000	       894	80001020	37610283	lb	x5,886(x2)	  x2:0x80008196  x5=0x00000000 PA:0x8000850c
        8965000	       895	80001024	01ac09b3	add	x19,x24,x26	 x24:0x80009f70 x26:0x00000000 x19=0x80009f70
        8975000	       896	80001028	00364233	xor	x4,x12,x3	 x12:0x00000000  x3:0x00000000  x4=0x00000000
        8985000	       897	8000102c	001b8fb3	add	x31,x23,x1	 x23:0x00000000  x1:0x80008126 x31=0x80008126
        8995000	       898	80001030	7af88fb7	lui	x31,0x7af88	 x31=0x7af88000
        9005000	       899	80001034	40ae85b3	sub	x11,x29,x10	 x29:0x000000cc x10:0x00000000 x11=0x000000cc
        9015000	       900	80001038	034e6a63	bltu	x28,x20,8000106c	 x28:0x00000000 x20:0x00000000
        9025000	       901	8000103c	00ea0e33	add	x28,x20,x14	 x20:0x00000000 x14:0x00000000 x28=0x00000000
        9035000	       902	80001040	00a51c63	bne	x10,x10,80001058	 x10:0x00000000 x10:0x00000000
        9045000	       903	80001044	00dab4b3	sltu	x9,x21,x13	 x21:0x00000000 x13:0x00000000  x9=0x00000000
        9055000	       904	80001048	10ec2193	slti	x3,x24,270	 x24:0x80009f70  x3=0x00000001
        9065000	       905	8000104c	61574313	xori	x6,x14,1557	 x14:0x00000000  x6=0x00000615
        9075000	       906	80001050	00000013	addi	x0,x0,0	  x0:0x00000000
        9085000	       907	80001054	017d5033	srl	x0,x26,x23	 x26:0x00000000 x23:0x00000000
        9095000	       908	80001058	0385ec63	bltu	x11,x24,80001090	 x11:0x000000cc x24:0x80009f70
        9105000	       909	00000000	00000013	addi	x0,x0,0	  x0:0x00000000
        9115000	       910	8000108c	00000013	addi	x0,x0,0	  x0:0x00000000
        9125000	       911	80001090	41bf5b33	sra	x22,x30,x27	 x30:0x9f849ecc x27:0x00000000 x22=0x9f849ecc
        9135000	       912	80001094	0069c433	xor	x8,x19,x6	 x19:0x80009f70  x6:0x00000615  x8=0x80009965
        9145000	       913	80001098	01fa1213	slli	x4,x20,0x1f	 x20:0x00000000  x4=0x00000000
        9155000	       914	8000109c	0dfb7063	bgeu	x22,x31,8000115c	 x22:0x9f849ecc x31:0x7af88000
        9165000	       915	00000000	00000013	addi	x0,x0,0	  x0:0x00000000
        9175000	       916	80001158	00000013	addi	x0,x0,0	  x0:0x00000000
        9185000	       917	8000115c	40f082b3	sub	x5,x1,x15	  x1:0x80008126 x15:0x00000001  x5=0x80008125
        9195000	       918	80001160	007044b3	xor	x9,x0,x7	  x0:0x00000000  x7:0x00000000  x9=0x00000000
        9205000	       919	80001164	243da013	slti	x0,x27,579	 x27:0x00000000
        9215000	       920	80001168	68304e93	xori	x29,x0,1667	  x0:0x00000000 x29=0x00000683
        9225000	       921	8000116c	01f21a63	bne	x4,x31,80001180	  x4:0x00000000 x31:0x7af88000
        9235000	       922	00000000	00000013	addi	x0,x0,0	  x0:0x00000000
        9245000	       923	8000117c	00000013	addi	x0,x0,0	  x0:0x00000000
        9255000	       924	80001180	016e5813	srli	x16,x28,0x16	 x28:0x00000000 x16=0x00000000
        9265000	       925	80001184	00000013	addi	x0,x0,0	  x0:0x00000000
        9275000	       926	80001188	05d56263	bltu	x10,x29,800011cc	 x10:0x00000000 x29:0x00000683
        9285000	       927	00000000	00000013	addi	x0,x0,0	  x0:0x00000000
        9295000	       928	800011c8	00000013	addi	x0,x0,0	  x0:0x00000000
        9305000	       929	800011cc	016abf33	sltu	x30,x21,x22	 x21:0x00000000 x22:0x9f849ecc x30=0x00000001
        9315000	       930	800011d0	40f48333	sub	x6,x9,x15	  x9:0x00000000 x15:0x00000001  x6=0xffffffff
        9325000	       931	800011d4	36b34113	xori	x2,x6,875	  x6:0xffffffff  x2=0xfffffc94
        9335000	       932	800011d8	3ac1c793	xori	x15,x3,940	  x3:0x00000001 x15=0x000003ad
        9345000	       933	800011dc	00e214b3	sll	x9,x4,x14	  x4:0x00000000 x14:0x00000000  x9=0x00000000
        9355000	       934	800011e0	c1584f93	xori	x31,x16,-1003	 x16:0x00000000 x31=0xfffffc15
        9365000	       935	800011e4	8ab16393	ori	x7,x2,-1877	  x2:0xfffffc94  x7=0xfffffcbf
        9375000	       936	800011e8	024cc463	blt	x25,x4,80001210	 x25:0x00000000  x4:0x00000000
        9385000	       937	800011ec	0daf6813	ori	x16,x30,218	 x30:0x00000001 x16=0x000000db
        9395000	       938	800011f0	003f9a13	slli	x20,x31,0x3	 x31:0xfffffc15 x20=0xffffe0a8
        9405000	       939	800011f4	0296fe63	bgeu	x13,x9,80001230	 x13:0x00000000  x9:0x00000000
        9415000	       940	00000000	00000013	addi	x0,x0,0	  x0:0x00000000
        9425000	       941	8000122c	00000013	addi	x0,x0,0	  x0:0x00000000
        9435000	       942	80001230	0089b6b3	sltu	x13,x19,x8	 x19:0x80009f70  x8:0x80009965 x13=0x00000000
        9445000	       943	80001234	4021d693	srai	x13,x3,0x2	  x3:0x00000001 x13=0x00000000
        9455000	       944	80001238	41595fb3	sra	x31,x18,x21	 x18:0x00000000 x21:0x00000000 x31=0x00000000
        9465000	       945	8000123c	00003233	sltu	x4,x0,x0	  x0:0x00000000  x0:0x00000000  x4=0x00000000
        9475000	       946	80001240	00129533	sll	x10,x5,x1	  x5:0x80008125  x1:0x80008126 x10=0x00204940
        9485000	       947	80001244	4026d233	sra	x4,x13,x2	 x13:0x00000000  x2:0xfffffc94  x4=0x00000000
        9495000	       948	80001248	7aba0d93	addi	x27,x20,1963	 x20:0xffffe0a8 x27=0xffffe853
        9505000	       949	8000124c	caeb8813	addi	x16,x23,-850	 x23:0x00000000 x16=0xfffffcae
        9515000	       950	80001250	bf446d97	auipc	x27,0xbf446	 x27=0x3f44724c
        9525000	       951	80001254	6ee14d13	xori	x26,x2,1774	  x2:0xfffffc94 x26=0xfffffa7a
        9535000	       952	80001258	057ef863	bgeu	x29,x23,800012a8	 x29:0x00000683 x23:0x00000000
        9545000	       953	00000000	00000013	addi	x0,x0,0	  x0:0x00000000
        9555000	       954	800012a4	00000013	addi	x0,x0,0	  x0:0x00000000
        9565000	       955	800012a8	fa03fd13	andi	x26,x7,-96	  x7:0xfffffcbf x26=0xfffffca0
        9575000	       956	800012ac	03c91663	bne	x18,x28,800012d8	 x18:0x00000000 x28:0x00000000
        9585000	       957	800012b0	00000013	addi	x0,x0,0	  x0:0x00000000
        9595000	       958	800012b4	0031a133	slt	x2,x3,x3	  x3:0x00000001  x3:0x00000001  x2=0x00000000
        9605000	       959	800012b8	02c66e63	bltu	x12,x12,800012f4	 x12:0x00000000 x12:0x00000000
        9615000	       960	800012bc	ab918f93	addi	x31,x3,-1351	  x3:0x00000001 x31=0xfffffaba
        9625000	       961	800012c0	00b2e1b3	or	x3,x5,x11	  x5:0x80008125 x11:0x000000cc  x3=0x800081ed
        9635000	       962	800012c4	002a1413	slli	x8,x20,0x2	 x20:0xffffe0a8  x8=0xffff82a0
        9645000	       963	800012c8	88be9797	auipc	x15,0x88be9	 x15=0x08bea2c4
        9655000	       964	800012cc	01cc5c63	bge	x24,x28,800012e4	 x24:0x80009f70 x28:0x00000000
        9665000	       965	800012d0	26614f17	auipc	x30,0x26614	 x30=0xa66152cc
        9675000	       966	800012d4	00000013	addi	x0,x0,0	  x0:0x00000000
        9685000	       967	800012d8	03ae1c63	bne	x28,x26,80001310	 x28:0x00000000 x26:0xfffffca0
        9695000	       968	00000000	00000013	addi	x0,x0,0	  x0:0x00000000
        9705000	       969	8000130c	00000013	addi	x0,x0,0	  x0:0x00000000
        9715000	       970	80001310	01808463	beq	x1,x24,80001318	  x1:0x80008126 x24:0x80009f70
        9725000	       971	80001314	009330b3	sltu	x1,x6,x9	  x6:0xffffffff  x9:0x00000000  x1=0x00000000
        9735000	       972	80001318	dc0f2293	slti	x5,x30,-576	 x30:0xa66152cc  x5=0x00000001
        9745000	       973	8000131c	00e10133	add	x2,x2,x14	  x2:0x00000000 x14:0x00000000  x2=0x00000000
        9755000	       974	80001320	10ce6193	ori	x3,x28,268	 x28:0x00000000  x3=0x0000010c
        9765000	       975	80001324	016fd663	bge	x31,x22,80001330	 x31:0xfffffaba x22:0x9f849ecc
        9775000	       976	00000000	00000013	addi	x0,x0,0	  x0:0x00000000
        9785000	       977	8000132c	00000013	addi	x0,x0,0	  x0:0x00000000
        9795000	       978	80001330	01c6d333	srl	x6,x13,x28	 x13:0x00000000 x28:0x00000000  x6=0x00000000
        9805000	       979	80001334	0079de63	bge	x19,x7,80001350	 x19:0x80009f70  x7:0xfffffcbf
        9815000	       980	80001338	01805493	srli	x9,x0,0x18	  x0:0x00000000  x9=0x00000000
        9825000	       981	8000133c	019ee463	bltu	x29,x25,80001344	 x29:0x00000683 x25:0x00000000
        9835000	       982	80001340	03095663	bge	x18,x16,8000136c	 x18:0x00000000 x16:0xfffffcae
        9845000	       983	00000000	00000013	addi	x0,x0,0	  x0:0x00000000
        9855000	       984	80001368	00000013	addi	x0,x0,0	  x0:0x00000000
        9865000	       985	8000136c	01470b33	add	x22,x14,x20	 x14:0x00000000 x20:0xffffe0a8 x22=0xffffe0a8
        9875000	       986	80001370	03d87863	bgeu	x16,x29,800013a0	 x16:0xfffffcae x29:0x00000683
        9885000	       987	00000000	00000013	addi	x0,x0,0	  x0:0x00000000
        9895000	       988	8000139c	00000013	addi	x0,x0,0	  x0:0x00000000
        9905000	       989	800013a0	d2465c97	auipc	x25,0xd2465	 x25=0x5246639c
        9915000	       990	800013a4	56ab7e13	andi	x28,x22,1386	 x22:0xffffe0a8 x28=0x00000028
        9925000	       991	800013a8	4105d013	srai	x0,x11,0x10	 x11:0x000000cc
        9935000	       992	800013ac	00c2be33	sltu	x28,x5,x12	  x5:0x00000001 x12:0x00000000 x28=0x00000000
        9945000	       993	800013b0	0033bb33	sltu	x22,x7,x3	  x7:0xfffffcbf  x3:0x0000010c x22=0x00000000
        9955000	       994	800013b4	9a1d0f13	addi	x30,x26,-1631	 x26:0xfffffca0 x30=0xfffff641
        9965000	       995	800013b8	014842b3	xor	x5,x16,x20	 x16:0xfffffcae x20:0xffffe0a8  x5=0x00001c06
        9975000	       996	800013bc	ec553293	sltiu	x5,x10,-315	 x10:0x00204940  x5=0x00000001
        9985000	       997	800013c0	01e89693	slli	x13,x17,0x1e	 x17:0x80009fc4 x13=0x00000000
        9995000	       998	800013c4	00d8cdb3	xor	x27,x17,x13	 x17:0x80009fc4 x13:0x00000000 x27=0x80009fc4
       10005000	       999	800013c8	81314d93	xori	x27,x2,-2029	  x2:0x00000000 x27=0xfffff813
       10015000	      1000	800013cc	0130a233	slt	x4,x1,x19	  x1:0x00000000 x19:0x80009f70  x4=0x00000000
       10025000	      1001	800013d0	032c1463	bne	x24,x18,800013f8	 x24:0x80009f70 x18:0x00000000
       10035000	      1002	00000000	00000013	addi	x0,x0,0	  x0:0x00000000
       10045000	      1003	800013f4	00000013	addi	x0,x0,0	  x0:0x00000000
       10055000	      1004	800013f8	003fc9b3	xor	x19,x31,x3	 x31:0xfffffaba  x3:0x0000010c x19=0xfffffbb6
       10065000	      1005	800013fc	00832d33	slt	x26,x6,x8	  x6:0x00000000  x8:0xffff82a0 x26=0x00000000
       10075000	      1006	80001400	01018463	beq	x3,x16,80001408	  x3:0x0000010c x16:0xfffffcae
       10085000	      1007	80001404	017863b3	or	x7,x16,x23	 x16:0xfffffcae x23:0x00000000  x7=0xfffffcae
       10095000	      1008	80001408	40fbd393	srai	x7,x23,0xf	 x23:0x00000000  x7=0x00000000
       10105000	      1009	8000140c	002ef7b3	and	x15,x29,x2	 x29:0x00000683  x2:0x00000000 x15=0x00000000
       10115000	      1010	80001410	726d6e93	ori	x29,x26,1830	 x26:0x00000000 x29=0x00000726
       10125000	      1011	80001414	00eb5813	srli	x16,x22,0xe	 x22:0x00000000 x16=0x00000000
       10135000	      1012	80001418	87e2ff13	andi	x30,x5,-1922	  x5:0x00000001 x30=0x00000000
       10145000	      1013	8000141c	40e8d4b3	sra	x9,x17,x14	 x17:0x80009fc4 x14:0x00000000  x9=0x80009fc4
       10155000	      1014	80001420	400250b3	sra	x1,x4,x0	  x4:0x00000000  x0:0x00000000  x1=0x00000000
       10165000	      1015	80001424	01d5f5b3	and	x11,x11,x29	 x11:0x000000cc x29:0x00000726 x11=0x00000004
       10175000	      1016	80001428	afbe8d13	addi	x26,x29,-1285	 x29:0x00000726 x26=0x00000221
       10185000	      1017	8000142c	03a95a63	bge	x18,x26,80001460	 x18:0x00000000 x26:0x00000221
       10195000	      1018	80001430	00de8933	add	x18,x29,x13	 x29:0x00000726 x13:0x00000000 x18=0x00000726
       10205000	      1019	80001434	01eb1f13	slli	x30,x22,0x1e	 x22:0x00000000 x30=0x00000000
       10215000	      1020	80001438	00407733	and	x14,x0,x4	  x0:0x00000000  x4:0x00000000 x14=0x00000000
       10225000	      1021	8000143c	0228ec63	bltu	x17,x2,80001474	 x17:0x80009fc4  x2:0x00000000
       10235000	      1022	80001440	638dfb13	andi	x22,x27,1592	 x27:0xfffff813 x22=0x00000010
       10245000	      1023	80001444	0031b1b3	sltu	x3,x3,x3	  x3:0x0000010c  x3:0x0000010c  x3=0x00000000
       10255000	      1024	80001448	00f40a33	add	x20,x8,x15	  x8:0xffff82a0 x15:0x00000000 x20=0xffff82a0
       10265000	      1025	8000144c	26937217	auipc	x4,0x26937	  x4=0xa6938448
       10275000	      1026	80001450	008cda63	bge	x25,x8,80001464	 x25:0x5246639c  x8:0xffff82a0
       10285000	      1027	00000000	00000013	addi	x0,x0,0	  x0:0x00000000
       10295000	      1028	80001460	00000013	addi	x0,x0,0	  x0:0x00000000
       10305000	      1029	80001464	41035c93	srai	x25,x6,0x10	  x6:0x00000000 x25=0x00000000
       10315000	      1030	80001468	002fb033	sltu	x0,x31,x2	 x31:0xfffffaba  x2:0x00000000
       10325000	      1031	8000146c	00904a33	xor	x20,x0,x9	  x0:0x00000000  x9:0x80009fc4 x20=0x80009fc4
       10335000	      1032	80001470	01318c63	beq	x3,x19,80001488	  x3:0x00000000 x19:0xfffffbb6
       10345000	      1033	80001474	41775093	srai	x1,x14,0x17	 x14:0x00000000  x1=0x00000000
       10355000	      1034	80001478	65fac1b7	lui	x3,0x65fac	  x3=0x65fac000
       10365000	      1035	8000147c	0129a433	slt	x8,x19,x18	 x19:0xfffffbb6 x18:0x00000726  x8=0x00000001
       10375000	      1036	80001480	2e27ad17	auipc	x26,0x2e27a	 x26=0xae27b47c
       10385000	      1037	80001484	02bbd263	bge	x23,x11,800014a8	 x23:0x00000000 x11:0x00000004
       10395000	      1038	80001488	01001a63	bne	x0,x16,8000149c	  x0:0x00000000 x16:0x00000000
       10405000	      1039	8000148c	675a3e13	sltiu	x28,x20,1653	 x20:0x80009fc4 x28=0x00000000
       10415000	      1040	80001490	c9bcca93	xori	x21,x25,-869	 x25:0x00000000 x21=0xfffffc9b
       10425000	      1041	80001494	c600b093	sltiu	x1,x1,-928	  x1:0x00000000  x1=0x00000001
       10435000	      1042	80001498	003d5e63	bge	x26,x3,800014b4	 x26:0xae27b47c  x3:0x65fac000
       10445000	      1043	8000149c	03038463	beq	x7,x16,800014c4	  x7:0x00000000 x16:0x00000000
       10455000	      1044	00000000	00000013	addi	x0,x0,0	  x0:0x00000000
       10465000	      1045	800014c0	00000013	addi	x0,x0,0	  x0:0x00000000
       10475000	      1046	800014c4	00f872b3	and	x5,x16,x15	 x16:0x00000000 x15:0x00000000  x5=0x00000000
       10485000	      1047	800014c8	cba38837	lui	x16,0xcba38	 x16=0xcba38000
       10495000	      1048	800014cc	00c3d493	srli	x9,x7,0xc	  x7:0x00000000  x9=0x00000000
       10505000	      1049	800014d0	41658333	sub	x6,x11,x22	 x11:0x00000004 x22:0x00000010  x6=0xfffffff4
       10515000	      1050	800014d4	01fcd113	srli	x2,x25,0x1f	 x25:0x00000000  x2=0x00000000
       10525000	      1051	800014d8	2f37c5b7	lui	x11,0x2f37c	 x11=0x2f37c000
       10535000	      1052	800014dc	41230eb3	sub	x29,x6,x18	  x6:0xfffffff4 x18:0x00000726 x29=0xfffff8ce
       10545000	      1053	800014e0	0095dd93	srli	x27,x11,0x9	 x11:0x2f37c000 x27=0x00179be0
       10555000	      1054	800014e4	006019b3	sll	x19,x0,x6	  x0:0x00000000  x6:0xfffffff4 x19=0x00000000
       10565000	      1055	800014e8	03090e63	beq	x18,x16,80001524	 x18:0x00000726 x16:0xcba38000
       10575000	      1056	800014ec	4003d533	sra	x10,x7,x0	  x7:0x00000000  x0:0x00000000 x10=0x00000000
       10585000	      1057	800014f0	96577313	andi	x6,x14,-1691	 x14:0x00000000  x6=0x00000000
       10595000	      1058	800014f4	408bd213	srai	x4,x23,0x8	 x23:0x00000000  x4=0x00000000
       10605000	      1059	800014f8	00efd093	srli	x1,x31,0xe	 x31:0xfffffaba  x1=0x0003ffff
       10615000	      1060	800014fc	02268c63	beq	x13,x2,80001534	 x13:0x00000000  x2:0x00000000
       10625000	      1061	00000000	00000013	addi	x0,x0,0	  x0:0x00000000
       10635000	      1062	80001530	00000013	addi	x0,x0,0	  x0:0x00000000
       10645000	      1063	80001534	e8b1c213	xori	x4,x3,-373	  x3:0x65fac000  x4=0x9a053e8b
       10655000	      1064	80001538	016c8433	add	x8,x25,x22	 x25:0x00000000 x22:0x00000010  x8=0x00000010
       10665000	      1065	8000153c	40f380b3	sub	x1,x7,x15	  x7:0x00000000 x15:0x00000000  x1=0x00000000
       10675000	      1066	80001540	0108ca63	blt	x17,x16,80001554	 x17:0x80009fc4 x16:0xcba38000
       10685000	      1067	00000000	00000013	addi	x0,x0,0	  x0:0x00000000
       10695000	      1068	80001550	00000013	addi	x0,x0,0	  x0:0x00000000
       10705000	      1069	80001554	011a1013	slli	x0,x20,0x11	 x20:0x80009fc4
       10715000	      1070	80001558	3db98393	addi	x7,x19,987	 x19:0x00000000  x7=0x000003db
       10725000	      1071	8000155c	401c01b3	sub	x3,x24,x1	 x24:0x80009f70  x1:0x00000000  x3=0x80009f70
       10735000	      1072	80001560	40e10733	sub	x14,x2,x14	  x2:0x00000000 x14:0x00000000 x14=0x00000000
       10745000	      1073	80001564	019cfa63	bgeu	x25,x25,80001578	 x25:0x00000000 x25:0x00000000
       10755000	      1074	00000000	00000013	addi	x0,x0,0	  x0:0x00000000
       10765000	      1075	80001574	00000013	addi	x0,x0,0	  x0:0x00000000
       10775000	      1076	80001578	0155b4b3	sltu	x9,x11,x21	 x11:0x2f37c000 x21:0xfffffc9b  x9=0x00000001
       10785000	      1077	8000157c	01bcdf93	srli	x31,x25,0x1b	 x25:0x00000000 x31=0x00000000
       10795000	      1078	80001580	01201c63	bne	x0,x18,80001598	  x0:0x00000000 x18:0x00000726
       10805000	      1079	00000000	00000013	addi	x0,x0,0	  x0:0x00000000
       10815000	      1080	80001594	00000013	addi	x0,x0,0	  x0:0x00000000
       10825000	      1081	80001598	00929913	slli	x18,x5,0x9	  x5:0x00000000 x18=0x00000000
       10835000	      1082	8000159c	014ac233	xor	x4,x21,x20	 x21:0xfffffc9b x20:0x80009fc4  x4=0x7fff635f
       10845000	      1083	800015a0	019a3233	sltu	x4,x20,x25	 x20:0x80009fc4 x25:0x00000000  x4=0x00000000
       10855000	      1084	800015a4	018c7fb3	and	x31,x24,x24	 x24:0x80009f70 x24:0x80009f70 x31=0x80009f70
       10865000	      1085	800015a8	01ebda63	bge	x23,x30,800015bc	 x23:0x00000000 x30:0x00000000
       10875000	      1086	00000000	00000013	addi	x0,x0,0	  x0:0x00000000
       10885000	      1087	800015b8	00000013	addi	x0,x0,0	  x0:0x00000000
       10895000	      1088	800015bc	709a1217	auipc	x4,0x709a1	  x4=0xf09a25b8
       10905000	      1089	800015c0	029b0e63	beq	x22,x9,800015fc	 x22:0x00000010  x9:0x00000001
       10915000	      1090	800015c4	00000013	addi	x0,x0,0	  x0:0x00000000
       10925000	      1091	800015c8	02ae7e63	bgeu	x28,x10,80001604	 x28:0x00000000 x10:0x00000000
       10935000	      1092	00000000	00000013	addi	x0,x0,0	  x0:0x00000000
       10945000	      1093	80001600	00000013	addi	x0,x0,0	  x0:0x00000000
       10955000	      1094	80001604	02b10863	beq	x2,x11,80001634	  x2:0x00000000 x11:0x2f37c000
       10965000	      1095	80001608	0111d093	srli	x1,x3,0x11	  x3:0x80009f70  x1=0x00004000
       10975000	      1096	8000160c	417adeb3	sra	x29,x21,x23	 x21:0xfffffc9b x23:0x00000000 x29=0xfffffc9b
       10985000	      1097	80001610	00000013	addi	x0,x0,0	  x0:0x00000000
       10995000	      1098	80001614	004f7533	and	x10,x30,x4	 x30:0x00000000  x4:0xf09a25b8 x10=0x00000000
       11005000	      1099	80001618	032a7663	bgeu	x20,x18,80001644	 x20:0x80009fc4 x18:0x00000000
       11015000	      1100	00000000	00000013	addi	x0,x0,0	  x0:0x00000000
       11025000	      1101	80001640	00000013	addi	x0,x0,0	  x0:0x00000000
       11035000	      1102	80001644	00418933	add	x18,x3,x4	  x3:0x80009f70  x4:0xf09a25b8 x18=0x709ac528
       11045000	      1103	80001648	bf9dac93	slti	x25,x27,-1031	 x27:0x00179be0 x25=0x00000000
       11055000	      1104	8000164c	01b2ea33	or	x20,x5,x27	  x5:0x00000000 x27:0x00179be0 x20=0x00179be0
       11065000	      1105	80001650	0193de63	bge	x7,x25,8000166c	  x7:0x000003db x25:0x00000000
       11075000	      1106	00000000	00000013	addi	x0,x0,0	  x0:0x00000000
       11085000	      1107	80001668	00000013	addi	x0,x0,0	  x0:0x00000000
       11095000	      1108	8000166c	0106c633	xor	x12,x13,x16	 x13:0x00000000 x16:0xcba38000 x12=0xcba38000
       11105000	      1109	80001670	003d4463	blt	x26,x3,80001678	 x26:0xae27b47c  x3:0x80009f70
       11115000	      1110	80001674	00a3c0b3	xor	x1,x7,x10	  x7:0x000003db x10:0x00000000  x1=0x000003db
       11125000	      1111	80001678	d350c613	xori	x12,x1,-715	  x1:0x000003db x12=0xfffffeee
       11135000	      1112	8000167c	81262313	slti	x6,x12,-2030	 x12:0xfffffeee  x6=0x00000000
       11145000	      1113	80001680	40895d93	srai	x27,x18,0x8	 x18:0x709ac528 x27=0x00709ac5
       11155000	      1114	80001684	01e45a13	srli	x20,x8,0x1e	  x8:0x00000010 x20=0x00000000
       11165000	      1115	80001688	007ab633	sltu	x12,x21,x7	 x21:0xfffffc9b  x7:0x000003db x12=0x00000000
       11175000	      1116	8000168c	0034d633	srl	x12,x9,x3	  x9:0x00000001  x3:0x80009f70 x12=0x00000000
       11185000	      1117	80001690	010db4b3	sltu	x9,x27,x16	 x27:0x00709ac5 x16:0xcba38000  x9=0x00000001
       11195000	      1118	80001694	d6dbb593	sltiu	x11,x23,-659	 x23:0x00000000 x11=0x00000001
       11205000	      1119	80001698	02298c63	beq	x19,x2,800016d0	 x19:0x00000000  x2:0x00000000
       11215000	      1120	00000000	00000013	addi	x0,x0,0	  x0:0x00000000
       11225000	      1121	800016cc	00000013	addi	x0,x0,0	  x0:0x00000000
       11235000	      1122	800016d0	019be663	bltu	x23,x25,800016dc	 x23:0x00000000 x25:0x00000000
       11245000	      1123	800016d4	40d28ab3	sub	x21,x5,x13	  x5:0x00000000 x13:0x00000000 x21=0x00000000
       11255000	      1124	800016d8	01fcd533	srl	x10,x25,x31	 x25:0x00000000 x31:0x80009f70 x10=0x00000000
       11265000	      1125	800016dc	4009d013	srai	x0,x19,0x0	 x19:0x00000000
       11275000	      1126	800016e0	00000013	addi	x0,x0,0	  x0:0x00000000
       11285000	      1127	800016e4	05ee9863	bne	x29,x30,80001734	 x29:0xfffffc9b x30:0x00000000
       11295000	      1128	00000000	00000013	addi	x0,x0,0	  x0:0x00000000
       11305000	      1129	80001730	00000013	addi	x0,x0,0	  x0:0x00000000
       11315000	      1130	80001734	01d48463	beq	x9,x29,8000173c	  x9:0x00000001 x29:0xfffffc9b
       11325000	      1131	80001738	02781e63	bne	x16,x7,80001774	 x16:0xcba38000  x7:0x000003db
       11335000	      1132	00000000	00000013	addi	x0,x0,0	  x0:0x00000000
       11345000	      1133	80001770	00000013	addi	x0,x0,0	  x0:0x00000000
       11355000	      1134	80001774	f7416a13	ori	x20,x2,-140	  x2:0x00000000 x20=0xffffff74
       11365000	      1135	80001778	01b7ee63	bltu	x15,x27,80001794	 x15:0x00000000 x27:0x00709ac5
       11375000	      1136	00000000	00000013	addi	x0,x0,0	  x0:0x00000000
       11385000	      1137	80001790	00000013	addi	x0,x0,0	  x0:0x00000000
       11395000	      1138	80001794	407c5d33	sra	x26,x24,x7	 x24:0x80009f70  x7:0x000003db x26=0xfffffff0
       11405000	      1139	80001798	014de733	or	x14,x27,x20	 x27:0x00709ac5 x20:0xffffff74 x14=0xfffffff5
       11415000	      1140	8000179c	00000013	addi	x0,x0,0	  x0:0x00000000
       11425000	      1141	800017a0	83638493	addi	x9,x7,-1994	  x7:0x000003db  x9=0xfffffc11
       11435000	      1142	800017a4	02435e63	bge	x6,x4,800017e0	  x6:0x00000000  x4:0xf09a25b8
       11445000	      1143	00000000	00000013	addi	x0,x0,0	  x0:0x00000000
       11455000	      1144	800017dc	00000013	addi	x0,x0,0	  x0:0x00000000
       11465000	      1145	800017e0	007b4f33	xor	x30,x22,x7	 x22:0x00000010  x7:0x000003db x30=0x000003cb
       11475000	      1146	800017e4	01ee6663	bltu	x28,x30,800017f0	 x28:0x00000000 x30:0x000003cb
       11485000	      1147	00000000	00000013	addi	x0,x0,0	  x0:0x00000000
       11495000	      1148	800017ec	00000013	addi	x0,x0,0	  x0:0x00000000
       11505000	      1149	800017f0	cf5f3a93	sltiu	x21,x30,-779	 x30:0x000003cb x21=0x00000001
       11515000	      1150	800017f4	017dda63	bge	x27,x23,80001808	 x27:0x00709ac5 x23:0x00000000
       11525000	      1151	00000000	00000013	addi	x0,x0,0	  x0:0x00000000
       11535000	      1152	80001804	00000013	addi	x0,x0,0	  x0:0x00000000
       11545000	      1153	80001808	402d5413	srai	x8,x26,0x2	 x26:0xfffffff0  x8=0xfffffffc
       11555000	      1154	8000180c	018b13b3	sll	x7,x22,x24	 x22:0x00000010 x24:0x80009f70  x7=0x00100000
       11565000	      1155	80001810	00259663	bne	x11,x2,8000181c	 x11:0x00000001  x2:0x00000000
       11575000	      1156	00000000	00000013	addi	x0,x0,0	  x0:0x00000000
       11585000	      1157	80001818	00000013	addi	x0,x0,0	  x0:0x00000000
       11595000	      1158	8000181c	a34c3393	sltiu	x7,x24,-1484	 x24:0x80009f70  x7=0x00000001
       11605000	      1159	80001820	00636eb3	or	x29,x6,x6	  x6:0x00000000  x6:0x00000000 x29=0x00000000
       11615000	      1160	80001824	c93179b7	lui	x19,0xc9317	 x19=0xc9317000
       11625000	      1161	80001828	00056f33	or	x30,x10,x0	 x10:0x00000000  x0:0x00000000 x30=0x00000000
       11635000	      1162	8000182c	028bca63	blt	x23,x8,80001860	 x23:0x00000000  x8:0xfffffffc
       11645000	      1163	80001830	01cd4733	xor	x14,x26,x28	 x26:0xfffffff0 x28:0x00000000 x14=0xfffffff0
       11655000	      1164	80001834	00b6e833	or	x16,x13,x11	 x13:0x00000000 x11:0x00000001 x16=0x00000001
       11665000	      1165	80001838	015f7733	and	x14,x30,x21	 x30:0x00000000 x21:0x00000001 x14=0x00000000
       11675000	      1166	8000183c	05ded863	bge	x29,x29,8000188c	 x29:0x00000000 x29:0x00000000
       11685000	      1167	00000000	00000013	addi	x0,x0,0	  x0:0x00000000
       11695000	      1168	80001888	00000013	addi	x0,x0,0	  x0:0x00000000
       11705000	      1169	8000188c	015b9f13	slli	x30,x23,0x15	 x23:0x00000000 x30=0x00000000
       11715000	      1170	80001890	00c4fe63	bgeu	x9,x12,800018ac	  x9:0xfffffc11 x12:0x00000000
       11725000	      1171	00000000	00000013	addi	x0,x0,0	  x0:0x00000000
       11735000	      1172	800018a8	00000013	addi	x0,x0,0	  x0:0x00000000
       11745000	      1173	800018ac	41e28133	sub	x2,x5,x30	  x5:0x00000000 x30:0x00000000  x2=0x00000000
       11755000	      1174	800018b0	01dc7ab3	and	x21,x24,x29	 x24:0x80009f70 x29:0x00000000 x21=0x00000000
       11765000	      1175	800018b4	00b53033	sltu	x0,x10,x11	 x10:0x00000000 x11:0x00000001
       11775000	      1176	800018b8	003e5093	srli	x1,x28,0x3	 x28:0x00000000  x1=0x00000000
       11785000	      1177	800018bc	04ff5863	bge	x30,x15,8000190c	 x30:0x00000000 x15:0x00000000
       11795000	      1178	00000000	00000013	addi	x0,x0,0	  x0:0x00000000
       11805000	      1179	80001908	00000013	addi	x0,x0,0	  x0:0x00000000
       11815000	      1180	8000190c	0265c663	blt	x11,x6,80001938	 x11:0x00000001  x6:0x00000000
       11825000	      1181	80001910	4a27b5b7	lui	x11,0x4a27b	 x11=0x4a27b000
       11835000	      1182	80001914	a85b3813	sltiu	x16,x22,-1403	 x22:0x00000010 x16=0x00000001
       11845000	      1183	80001918	01f070b3	and	x1,x0,x31	  x0:0x00000000 x31:0x80009f70  x1=0x00000000
       11855000	      1184	8000191c	b438a413	slti	x8,x17,-1213	 x17:0x80009fc4  x8=0x00000001
       11865000	      1185	80001920	01239633	sll	x12,x7,x18	  x7:0x00000001 x18:0x709ac528 x12=0x00000100
       11875000	      1186	80001924	004626b3	slt	x13,x12,x4	 x12:0x00000100  x4:0xf09a25b8 x13=0x00000000
       11885000	      1187	80001928	97cbb393	sltiu	x7,x23,-1668	 x23:0x00000000  x7=0x00000001
       11895000	      1188	8000192c	003a9793	slli	x15,x21,0x3	 x21:0x00000000 x15=0x00000000
       11905000	      1189	80001930	01f0ddb3	srl	x27,x1,x31	  x1:0x00000000 x31:0x80009f70 x27=0x00000000
       11915000	      1190	80001934	00f05663	bge	x0,x15,80001940	  x0:0x00000000 x15:0x00000000
       11925000	      1191	00000000	00000013	addi	x0,x0,0	  x0:0x00000000
       11935000	      1192	8000193c	00000013	addi	x0,x0,0	  x0:0x00000000
       11945000	      1193	80001940	e7534697	auipc	x13,0xe7534	 x13=0x6753593c
       11955000	      1194	80001944	03fb8c63	beq	x23,x31,8000197c	 x23:0x00000000 x31:0x80009f70
       11965000	      1195	80001948	0e8a7617	auipc	x12,0xe8a7	 x12=0x8e8a8944
       11975000	      1196	8000194c	025cd863	bge	x25,x5,8000197c	 x25:0x00000000  x5:0x00000000
       11985000	      1197	00000000	00000013	addi	x0,x0,0	  x0:0x00000000
       11995000	      1198	80001978	00000013	addi	x0,x0,0	  x0:0x00000000
       12005000	      1199	8000197c	014f7b33	and	x22,x30,x20	 x30:0x00000000 x20:0xffffff74 x22=0x00000000
       12015000	      1200	80001980	0293dc63	bge	x7,x9,800019b8	  x7:0x00000001  x9:0xfffffc11
       12025000	      1201	00000000	00000013	addi	x0,x0,0	  x0:0x00000000
       12035000	      1202	800019b4	00000013	addi	x0,x0,0	  x0:0x00000000
       12045000	      1203	800019b8	01b594b3	sll	x9,x11,x27	 x11:0x4a27b000 x27:0x00000000  x9=0x4a27b000
       12055000	      1204	800019bc	02ab4c63	blt	x22,x10,800019f4	 x22:0x00000000 x10:0x00000000
       12065000	      1205	800019c0	49e62593	slti	x11,x12,1182	 x12:0x8e8a8944 x11=0x00000001
       12075000	      1206	800019c4	02dd9e63	bne	x27,x13,80001a00	 x27:0x00000000 x13:0x6753593c
       12085000	      1207	00000000	00000013	addi	x0,x0,0	  x0:0x00000000
       12095000	      1208	800019fc	00000013	addi	x0,x0,0	  x0:0x00000000
       12105000	      1209	80001a00	02568463	beq	x13,x5,80001a28	 x13:0x6753593c  x5:0x00000000
       12115000	      1210	80001a04	019f9663	bne	x31,x25,80001a10	 x31:0x80009f70 x25:0x00000000
       12125000	      1211	00000000	00000013	addi	x0,x0,0	  x0:0x00000000
       12135000	      1212	80001a0c	00000013	addi	x0,x0,0	  x0:0x00000000
       12145000	      1213	80001a10	45727f37	lui	x30,0x45727	 x30=0x45727000
       12155000	      1214	80001a14	02988a63	beq	x17,x9,80001a48	 x17:0x80009fc4  x9:0x4a27b000
       12165000	      1215	80001a18	a96f8193	addi	x3,x31,-1386	 x31:0x80009f70  x3=0x80009a06
       12175000	      1216	80001a1c	4029d2b3	sra	x5,x19,x2	 x19:0xc9317000  x2:0x00000000  x5=0xc9317000
       12185000	      1217	80001a20	003f3eb3	sltu	x29,x30,x3	 x30:0x45727000  x3:0x80009a06 x29=0x00000001
       12195000	      1218	80001a24	2c57f293	andi	x5,x15,709	 x15:0x00000000  x5=0x00000000
       12205000	      1219	80001a28	01bf7233	and	x4,x30,x27	 x30:0x45727000 x27:0x00000000  x4=0x00000000
       12215000	      1220	80001a2c	01211b13	slli	x22,x2,0x12	  x2:0x00000000 x22=0x00000000
       12225000	      1221	80001a30	00a7d713	srli	x14,x15,0xa	 x15:0x00000000 x14=0x00000000
       12235000	      1222	80001a34	00000013	addi	x0,x0,0	  x0:0x00000000
       12245000	      1223	80001a38	01c68a63	beq	x13,x28,80001a4c	 x13:0x6753593c x28:0x00000000
       12255000	      1224	80001a3c	7705e693	ori	x13,x11,1904	 x11:0x00000001 x13=0x00000771
       12265000	      1225	80001a40	c8810113	addi	x2,x2,-888	  x2:0x00000000  x2=0xfffffc88
       12275000	      1226	80001a44	6c7a0513	addi	x10,x20,1735	 x20:0xffffff74 x10=0x0000063b
       12285000	      1227	80001a48	007c9c63	bne	x25,x7,80001a60	 x25:0x00000000  x7:0x00000001
       12295000	      1228	00000000	00000013	addi	x0,x0,0	  x0:0x00000000
       12305000	      1229	80001a5c	00000013	addi	x0,x0,0	  x0:0x00000000
       12315000	      1230	80001a60	26d58193	addi	x3,x11,621	 x11:0x00000001  x3=0x0000026e
       12325000	      1231	80001a64	002cb7b3	sltu	x15,x25,x2	 x25:0x00000000  x2:0xfffffc88 x15=0x00000001
       12335000	      1232	80001a68	00009a63	bne	x1,x0,80001a7c	  x1:0x00000000  x0:0x00000000
       12345000	      1233	80001a6c	01e11c63	bne	x2,x30,80001a84	  x2:0xfffffc88 x30:0x45727000
       12355000	      1234	00000000	00000013	addi	x0,x0,0	  x0:0x00000000
       12365000	      1235	80001a80	00000013	addi	x0,x0,0	  x0:0x00000000
       12375000	      1236	80001a84	011721b3	slt	x3,x14,x17	 x14:0x00000000 x17:0x80009fc4  x3=0x00000000
       12385000	      1237	80001a88	019819b3	sll	x19,x16,x25	 x16:0x00000001 x25:0x00000000 x19=0x00000001
       12395000	      1238	80001a8c	00c79e13	slli	x28,x15,0xc	 x15:0x00000001 x28=0x00001000
       12405000	      1239	80001a90	d06a6293	ori	x5,x20,-762	 x20:0xffffff74  x5=0xffffff76
       12415000	      1240	80001a94	0061d2b3	srl	x5,x3,x6	  x3:0x00000000  x6:0x00000000  x5=0x00000000
       12425000	      1241	80001a98	02b19463	bne	x3,x11,80001ac0	  x3:0x00000000 x11:0x00000001
       12435000	      1242	00000000	00000013	addi	x0,x0,0	  x0:0x00000000
       12445000	      1243	80001abc	00000013	addi	x0,x0,0	  x0:0x00000000
       12455000	      1244	80001ac0	0033fe33	and	x28,x7,x3	  x7:0x00000001  x3:0x00000000 x28=0x00000000
       12465000	      1245	80001ac4	03cbca63	blt	x23,x28,80001af8	 x23:0x00000000 x28:0x00000000
       12475000	      1246	80001ac8	e167b293	sltiu	x5,x15,-490	 x15:0x00000001  x5=0x00000001
       12485000	      1247	80001acc	ad186693	ori	x13,x16,-1327	 x16:0x00000001 x13=0xfffffad1
       12495000	      1248	80001ad0	0176f4b3	and	x9,x13,x23	 x13:0xfffffad1 x23:0x00000000  x9=0x00000000
       12505000	      1249	80001ad4	5e30f037	lui	x0,0x5e30f	
       12515000	      1250	80001ad8	0308fe63	bgeu	x17,x16,80001b14	 x17:0x80009fc4 x16:0x00000001
       12525000	      1251	00000000	00000013	addi	x0,x0,0	  x0:0x00000000
       12535000	      1252	80001b10	00000013	addi	x0,x0,0	  x0:0x00000000
       12545000	      1253	80001b14	8f464793	xori	x15,x12,-1804	 x12:0x8e8a8944 x15=0x717571b0
       12555000	      1254	80001b18	01d35633	srl	x12,x6,x29	  x6:0x00000000 x29:0x00000001 x12=0x00000000
       12565000	      1255	80001b1c	0025d793	srli	x15,x11,0x2	 x11:0x00000001 x15=0x00000000
       12575000	      1256	80001b20	a2553f93	sltiu	x31,x10,-1499	 x10:0x0000063b x31=0x00000001
       12585000	      1257	80001b24	00cbceb3	xor	x29,x23,x12	 x23:0x00000000 x12:0x00000000 x29=0x00000000
       12595000	      1258	80001b28	00cfeb33	or	x22,x31,x12	 x31:0x00000001 x12:0x00000000 x22=0x00000001
       12605000	      1259	80001b2c	0189a3b3	slt	x7,x19,x24	 x19:0x00000001 x24:0x80009f70  x7=0x00000000
       12615000	      1260	80001b30	03e74e63	blt	x14,x30,80001b6c	 x14:0x00000000 x30:0x45727000
       12625000	      1261	00000000	00000013	addi	x0,x0,0	  x0:0x00000000
       12635000	      1262	80001b68	00000013	addi	x0,x0,0	  x0:0x00000000
       12645000	      1263	80001b6c	04f3d863	bge	x7,x15,80001bbc	  x7:0x00000000 x15:0x00000000
       12655000	      1264	00000000	00000013	addi	x0,x0,0	  x0:0x00000000
       12665000	      1265	80001bb8	00000013	addi	x0,x0,0	  x0:0x00000000
       12675000	      1266	80001bbc	00be0a63	beq	x28,x11,80001bd0	 x28:0x00000000 x11:0x00000001
       12685000	      1267	80001bc0	002e9713	slli	x14,x29,0x2	 x29:0x00000000 x14=0x00000000
       12695000	      1268	80001bc4	db9cc393	xori	x7,x25,-583	 x25:0x00000000  x7=0xfffffdb9
       12705000	      1269	80001bc8	f465a793	slti	x15,x11,-186	 x11:0x00000001 x15=0x00000000
       12715000	      1270	80001bcc	2bee7793	andi	x15,x28,702	 x28:0x00000000 x15=0x00000000
       12725000	      1271	80001bd0	40c780b3	sub	x1,x15,x12	 x15:0x00000000 x12:0x00000000  x1=0x00000000
       12735000	      1272	80001bd4	016f0e63	beq	x30,x22,80001bf0	 x30:0x45727000 x22:0x00000001
       12745000	      1273	80001bd8	b79df593	andi	x11,x27,-1159	 x27:0x00000000 x11=0x00000000
       12755000	      1274	80001bdc	0060d2b3	srl	x5,x1,x6	  x1:0x00000000  x6:0x00000000  x5=0x00000000
       12765000	      1275	80001be0	009d1193	slli	x3,x26,0x9	 x26:0xfffffff0  x3=0xffffe000
       12775000	      1276	80001be4	004127b3	slt	x15,x2,x4	  x2:0xfffffc88  x4:0x00000000 x15=0x00000001
       12785000	      1277	80001be8	01665193	srli	x3,x12,0x16	 x12:0x00000000  x3=0x00000000
       12795000	      1278	80001bec	01a94833	xor	x16,x18,x26	 x18:0x709ac528 x26:0xfffffff0 x16=0x8f653ad8
       12805000	      1279	80001bf0	00b71e93	slli	x29,x14,0xb	 x14:0x00000000 x29=0x00000000
       12815000	      1280	80001bf4	e7e37c93	andi	x25,x6,-386	  x6:0x00000000 x25=0x00000000
       12825000	      1281	80001bf8	4e207393	andi	x7,x0,1250	  x0:0x00000000  x7=0x00000000
       12835000	      1282	80001bfc	40985db3	sra	x27,x16,x9	 x16:0x8f653ad8  x9:0x00000000 x27=0x8f653ad8
       12845000	      1283	80001c00	02b1e863	bltu	x3,x11,80001c30	  x3:0x00000000 x11:0x00000000
       12855000	      1284	80001c04	a7164837	lui	x16,0xa7164	 x16=0xa7164000
       12865000	      1285	80001c08	d3936c93	ori	x25,x6,-711	  x6:0x00000000 x25=0xfffffd39
       12875000	      1286	80001c0c	01681413	slli	x8,x16,0x16	 x16:0xa7164000  x8=0x00000000
       12885000	      1287	80001c10	4057d5b3	sra	x11,x15,x5	 x15:0x00000001  x5:0x00000000 x11=0x00000001
       12895000	      1288	80001c14	40230133	sub	x2,x6,x2	  x6:0x00000000  x2:0xfffffc88  x2=0x00000378
       12905000	      1289	80001c18	02a86c63	bltu	x16,x10,80001c50	 x16:0xa7164000 x10:0x0000063b
       12915000	      1290	80001c1c	402ad513	srai	x10,x21,0x2	 x21:0x00000000 x10=0x00000000
       12925000	      1291	80001c20	019e77b3	and	x15,x28,x25	 x28:0x00000000 x25:0xfffffd39 x15=0x00000000
       12935000	      1292	80001c24	4830fd97	auipc	x27,0x4830f	 x27=0xc8310c20
       12945000	      1293	80001c28	01dae233	or	x4,x21,x29	 x21:0x00000000 x29:0x00000000  x4=0x00000000
       12955000	      1294	80001c2c	00db6a33	or	x20,x22,x13	 x22:0x00000001 x13:0xfffffad1 x20=0xfffffad1
       12965000	      1295	80001c30	01aa6663	bltu	x20,x26,80001c3c	 x20:0xfffffad1 x26:0xfffffff0
       12975000	      1296	00000000	00000013	addi	x0,x0,0	  x0:0x00000000
       12985000	      1297	80001c38	00000013	addi	x0,x0,0	  x0:0x00000000
       12995000	      1298	80001c3c	497d7113	andi	x2,x26,1175	 x26:0xfffffff0  x2=0x00000490
       13005000	      1299	80001c40	01b1ee33	or	x28,x3,x27	  x3:0x00000000 x27:0xc8310c20 x28=0xc8310c20
       13015000	      1300	80001c44	416bd093	srai	x1,x23,0x16	 x23:0x00000000  x1=0x00000000
       13025000	      1301	80001c48	015cacb3	slt	x25,x25,x21	 x25:0xfffffd39 x21:0x00000000 x25=0x00000001
       13035000	      1302	80001c4c	008faeb3	slt	x29,x31,x8	 x31:0x00000001  x8:0x00000000 x29=0x00000000
       13045000	      1303	80001c50	0e47cd93	xori	x27,x15,228	 x15:0x00000000 x27=0x000000e4
       13055000	      1304	80001c54	0059a2b3	slt	x5,x19,x5	 x19:0x00000001  x5:0x00000000  x5=0x00000000
       13065000	      1305	80001c58	01789433	sll	x8,x17,x23	 x17:0x80009fc4 x23:0x00000000  x8=0x80009fc4
       13075000	      1306	80001c5c	0219f463	bgeu	x19,x1,80001c84	 x19:0x00000001  x1:0x00000000
       13085000	      1307	00000000	00000013	addi	x0,x0,0	  x0:0x00000000
       13095000	      1308	80001c80	00000013	addi	x0,x0,0	  x0:0x00000000
       13105000	      1309	80001c84	019c5f93	srli	x31,x24,0x19	 x24:0x80009f70 x31=0x00000040
       13115000	      1310	80001c88	01e43033	sltu	x0,x8,x30	  x8:0x80009fc4 x30:0x45727000
       13125000	      1311	80001c8c	00bf1593	slli	x11,x30,0xb	 x30:0x45727000 x11=0x93800000
       13135000	      1312	80001c90	415c0eb3	sub	x29,x24,x21	 x24:0x80009f70 x21:0x00000000 x29=0x80009f70
       13145000	      1313	80001c94	008b8663	beq	x23,x8,80001ca0	 x23:0x00000000  x8:0x80009fc4
       13155000	      1314	80001c98	00c1b3b3	sltu	x7,x3,x12	  x3:0x00000000 x12:0x00000000  x7=0x00000000
       13165000	      1315	80001c9c	01a11333	sll	x6,x2,x26	  x2:0x00000490 x26:0xfffffff0  x6=0x04900000
       13175000	      1316	80001ca0	00e2c463	blt	x5,x14,80001ca8	  x5:0x00000000 x14:0x00000000
       13185000	      1317	80001ca4	014d0b33	add	x22,x26,x20	 x26:0xfffffff0 x20:0xfffffad1 x22=0xfffffac1
       13195000	      1318	80001ca8	01b1ddb3	srl	x27,x3,x27	  x3:0x00000000 x27:0x000000e4 x27=0x00000000
       13205000	      1319	80001cac	0108cb33	xor	x22,x17,x16	 x17:0x80009fc4 x16:0xa7164000 x22=0x2716dfc4
       13215000	      1320	80001cb0	01bcd463	bge	x25,x27,80001cb8	 x25:0x00000001 x27:0x00000000
       13225000	      1321	00000000	00000013	addi	x0,x0,0	  x0:0x00000000
       13235000	      1322	80001cb4	00000013	addi	x0,x0,0	  x0:0x00000000
       13245000	      1323	80001cb8	01159413	slli	x8,x11,0x11	 x11:0x93800000  x8=0x00000000
       13255000	      1324	80001cbc	00c4c533	xor	x10,x9,x12	  x9:0x00000000 x12:0x00000000 x10=0x00000000
       13265000	      1325	80001cc0	40678633	sub	x12,x15,x6	 x15:0x00000000  x6:0x04900000 x12=0xfb700000
       13275000	      1326	80001cc4	5b17a593	slti	x11,x15,1457	 x15:0x00000000 x11=0x00000001
       13285000	      1327	80001cc8	005b85b3	add	x11,x23,x5	 x23:0x00000000  x5:0x00000000 x11=0x00000000
       13295000	      1328	80001ccc	ba73cc97	auipc	x25,0xba73c	 x25=0x3a73dcc8
       13305000	      1329	80001cd0	011a9b13	slli	x22,x21,0x11	 x21:0x00000000 x22=0x00000000
       13315000	      1330	80001cd4	3e680c93	addi	x25,x16,998	 x16:0xa7164000 x25=0xa71643e6
       13325000	      1331	80001cd8	01fcc5b3	xor	x11,x25,x31	 x25:0xa71643e6 x31:0x00000040 x11=0xa71643a6
       13335000	      1332	80001cdc	00f86f33	or	x30,x16,x15	 x16:0xa7164000 x15:0x00000000 x30=0xa7164000
       13345000	      1333	80001ce0	017d7eb3	and	x29,x26,x23	 x26:0xfffffff0 x23:0x00000000 x29=0x00000000
       13355000	      1334	80001ce4	d823fa13	andi	x20,x7,-638	  x7:0x00000000 x20=0x00000000
       13365000	      1335	80001ce8	05864263	blt	x12,x24,80001d2c	 x12:0xfb700000 x24:0x80009f70
       13375000	      1336	80001cec	02f11463	bne	x2,x15,80001d14	  x2:0x00000490 x15:0x00000000
       13385000	      1337	00000000	00000013	addi	x0,x0,0	  x0:0x00000000
       13395000	      1338	80001d10	00000013	addi	x0,x0,0	  x0:0x00000000
       13405000	      1339	80001d14	05f49863	bne	x9,x31,80001d64	  x9:0x00000000 x31:0x00000040
       13415000	      1340	00000000	00000013	addi	x0,x0,0	  x0:0x00000000
       13425000	      1341	80001d60	00000013	addi	x0,x0,0	  x0:0x00000000
       13435000	      1342	80001d64	0136beb3	sltu	x29,x13,x19	 x13:0xfffffad1 x19:0x00000001 x29=0x00000000
       13445000	      1343	80001d68	0119d113	srli	x2,x19,0x11	 x19:0x00000001  x2=0x00000000
       13455000	      1344	80001d6c	01c305b3	add	x11,x6,x28	  x6:0x04900000 x28:0xc8310c20 x11=0xccc10c20
       13465000	      1345	80001d70	00f3d493	srli	x9,x7,0xf	  x7:0x00000000  x9=0x00000000
       13475000	      1346	80001d74	643b2f93	slti	x31,x22,1603	 x22:0x00000000 x31=0x00000001
       13485000	      1347	80001d78	005d5c93	srli	x25,x26,0x5	 x26:0xfffffff0 x25=0x07ffffff
       13495000	      1348	80001d7c	03928863	beq	x5,x25,80001dac	  x5:0x00000000 x25:0x07ffffff
       13505000	      1349	80001d80	01c39313	slli	x6,x7,0x1c	  x7:0x00000000  x6=0x00000000
       13515000	      1350	80001d84	41880e33	sub	x28,x16,x24	 x16:0xa7164000 x24:0x80009f70 x28=0x2715a090
       13525000	      1351	80001d88	01c91ab3	sll	x21,x18,x28	 x18:0x709ac528 x28:0x2715a090 x21=0xc5280000
       13535000	      1352	80001d8c	c45a3113	sltiu	x2,x20,-955	 x20:0x00000000  x2=0x00000001
       13545000	      1353	80001d90	00a91e33	sll	x28,x18,x10	 x18:0x709ac528 x10:0x00000000 x28=0x709ac528
       13555000	      1354	80001d94	01cd6c63	bltu	x26,x28,80001dac	 x26:0xfffffff0 x28:0x709ac528
       13565000	      1355	80001d98	72e9afb7	lui	x31,0x72e9a	 x31=0x72e9a000
       13575000	      1356	80001d9c	9acda193	slti	x3,x27,-1620	 x27:0x00000000  x3=0x00000000
       13585000	      1357	80001da0	41cade33	sra	x28,x21,x28	 x21:0xc5280000 x28:0x709ac528 x28=0xffc52800
       13595000	      1358	80001da4	da0e0d13	addi	x26,x28,-608	 x28:0xffc52800 x26=0xffc525a0
       13605000	      1359	80001da8	00000013	addi	x0,x0,0	  x0:0x00000000
       13615000	      1360	80001dac	0083fe63	bgeu	x7,x8,80001dc8	  x7:0x00000000  x8:0x00000000
       13625000	      1361	00000000	00000013	addi	x0,x0,0	  x0:0x00000000
       13635000	      1362	80001dc4	00000013	addi	x0,x0,0	  x0:0x00000000
       13645000	      1363	80001dc8	011f1393	slli	x7,x30,0x11	 x30:0xa7164000  x7=0x80000000
       13655000	      1364	80001dcc	0033a833	slt	x16,x7,x3	  x7:0x80000000  x3:0x00000000 x16=0x00000001
       13665000	      1365	80001dd0	014cefb3	or	x31,x25,x20	 x25:0x07ffffff x20:0x00000000 x31=0x07ffffff
       13675000	      1366	80001dd4	00fdcb33	xor	x22,x27,x15	 x27:0x00000000 x15:0x00000000 x22=0x00000000
       13685000	      1367	80001dd8	f7d84e93	xori	x29,x16,-131	 x16:0x00000001 x29=0xffffff7c
       13695000	      1368	80001ddc	7441d997	auipc	x19,0x7441d	 x19=0xf441edd8
       13705000	      1369	80001de0	41da5813	srai	x16,x20,0x1d	 x20:0x00000000 x16=0x00000000
       13715000	      1370	80001de4	417402b3	sub	x5,x8,x23	  x8:0x00000000 x23:0x00000000  x5=0x00000000
       13725000	      1371	80001de8	01d46663	bltu	x8,x29,80001df4	  x8:0x00000000 x29:0xffffff7c
       13735000	      1372	00000000	00000013	addi	x0,x0,0	  x0:0x00000000
       13745000	      1373	80001df0	00000013	addi	x0,x0,0	  x0:0x00000000
       13755000	      1374	80001df4	058b0863	beq	x22,x24,80001e44	 x22:0x00000000 x24:0x80009f70
       13765000	      1375	80001df8	014f89b3	add	x19,x31,x20	 x31:0x07ffffff x20:0x00000000 x19=0x07ffffff
       13775000	      1376	80001dfc	01155a63	bge	x10,x17,80001e10	 x10:0x00000000 x17:0x80009fc4
       13785000	      1377	00000000	00000013	addi	x0,x0,0	  x0:0x00000000
       13795000	      1378	80001e0c	00000013	addi	x0,x0,0	  x0:0x00000000
       13805000	      1379	80001e10	02e61c63	bne	x12,x14,80001e48	 x12:0xfb700000 x14:0x00000000
       13815000	      1380	00000000	00000013	addi	x0,x0,0	  x0:0x00000000
       13825000	      1381	80001e44	00000013	addi	x0,x0,0	  x0:0x00000000
       13835000	      1382	80001e48	01581eb3	sll	x29,x16,x21	 x16:0x00000000 x21:0xc5280000 x29=0x00000000
       13845000	      1383	80001e4c	00c9c663	blt	x19,x12,80001e58	 x19:0x07ffffff x12:0xfb700000
       13855000	      1384	80001e50	01a29f33	sll	x30,x5,x26	  x5:0x00000000 x26:0xffc525a0 x30=0x00000000
       13865000	      1385	80001e54	01e6d933	srl	x18,x13,x30	 x13:0xfffffad1 x30:0x00000000 x18=0xfffffad1
       13875000	      1386	80001e58	007d83b3	add	x7,x27,x7	 x27:0x00000000  x7:0x80000000  x7=0x80000000
       13885000	      1387	80001e5c	01f1bb33	sltu	x22,x3,x31	  x3:0x00000000 x31:0x07ffffff x22=0x00000001
       13895000	      1388	80001e60	00000013	addi	x0,x0,0	  x0:0x00000000
       13905000	      1389	80001e64	182fc013	xori	x0,x31,386	 x31:0x07ffffff
       13915000	      1390	80001e68	00007e97	auipc	x29,0x7	 x29=0x80008e64
       13925000	      1391	80001e6c	ccce8e93	addi	x29,x29,-820	 x29:0x80008e64 x29=0x80008b30
       13935000	      1392	80001e70	f50e81a3	sb	x16,-189(x29)	 x29:0x80008b30 x16:0x00000000 PA:0x80008a73
       13945000	      1393	80001e74	002e81a3	sb	x2,3(x29)	 x29:0x80008b30  x2:0x00000001 PA:0x80008b33
       13955000	      1394	80001e78	093e9323	sh	x19,134(x29)	 x29:0x80008b30 x19:0x07ffffff PA:0x80008bb6
       13965000	      1395	80001e7c	f4fe9f23	sh	x15,-162(x29)	 x29:0x80008b30 x15:0x00000000 PA:0x80008a8e
       13975000	      1396	80001e80	fb0e9803	lh	x16,-80(x29)	 x29:0x80008b30 x16=0x00000000 PA:0x80008ae0
       13985000	      1397	80001e84	4127d733	sra	x14,x15,x18	 x15:0x00000000 x18:0xfffffad1 x14=0x00000000
       13995000	      1398	80001e88	05de8303	lb	x6,93(x29)	 x29:0x80008b30  x6=0x00000000 PA:0x80008b8d
       14005000	      1399	80001e8c	ff7ecb03	lbu	x22,-9(x29)	 x29:0x80008b30 x22=0x00000000 PA:0x80008b27
       14015000	      1400	80001e90	f84eaa23	sw	x4,-108(x29)	 x29:0x80008b30  x4:0x00000000 PA:0x80008ac4
       14025000	      1401	80001e94	f94edb03	lhu	x22,-108(x29)	 x29:0x80008b30 x22=0x00000000 PA:0x80008ac4
       14035000	      1402	80001e98	f10eac23	sw	x16,-232(x29)	 x29:0x80008b30 x16:0x00000000 PA:0x80008a48
       14045000	      1403	80001e9c	0b8ec903	lbu	x18,184(x29)	 x29:0x80008b30 x18=0x00000000 PA:0x80008be8
       14055000	      1404	80001ea0	0e8ea423	sw	x8,232(x29)	 x29:0x80008b30  x8:0x00000000 PA:0x80008c18
       14065000	      1405	80001ea4	00e04f33	xor	x30,x0,x14	  x0:0x00000000 x14:0x00000000 x30=0x00000000
       14075000	      1406	80001ea8	fc4e8683	lb	x13,-60(x29)	 x29:0x80008b30 x13=0x00000000 PA:0x80008af4
       14085000	      1407	80001eac	fc3e8d03	lb	x26,-61(x29)	 x29:0x80008b30 x26=0x00000000 PA:0x80008af3
       14095000	      1408	80001eb0	00fbd993	srli	x19,x23,0xf	 x23:0x00000000 x19=0x00000000
       14105000	      1409	80001eb4	f26e9583	lh	x11,-218(x29)	 x29:0x80008b30 x11=0x00000000 PA:0x80008a56
       14115000	      1410	80001eb8	0c4ed703	lhu	x14,196(x29)	 x29:0x80008b30 x14=0x00000000 PA:0x80008bf4
       14125000	      1411	80001ebc	fa2e81a3	sb	x2,-93(x29)	 x29:0x80008b30  x2:0x00000001 PA:0x80008ad3
       14135000	      1412	80001ec0	0d7ecd03	lbu	x26,215(x29)	 x29:0x80008b30 x26=0x00000000 PA:0x80008c07
       14145000	      1413	80001ec4	705df017	auipc	x0,0x705df	
       14155000	      1414	80001ec8	0157c4b3	xor	x9,x15,x21	 x15:0x00000000 x21:0xc5280000  x9=0xc5280000
       14165000	      1415	80001ecc	012fbdb3	sltu	x27,x31,x18	 x31:0x07ffffff x18:0x00000000 x27=0x00000000
       14175000	      1416	80001ed0	f71e84a3	sb	x17,-151(x29)	 x29:0x80008b30 x17:0x80009fc4 PA:0x80008a99
       14185000	      1417	80001ed4	012e8b23	sb	x18,22(x29)	 x29:0x80008b30 x18:0x00000000 PA:0x80008b46
       14195000	      1418	80001ed8	f00e8ba3	sb	x0,-233(x29)	 x29:0x80008b30  x0:0x00000000 PA:0x80008a47
       14205000	      1419	80001edc	721d0497	auipc	x9,0x721d0	  x9=0xf21d1ed8
       14215000	      1420	80001ee0	f33e8d03	lb	x26,-205(x29)	 x29:0x80008b30 x26=0x00000000 PA:0x80008a63
       14225000	      1421	80001ee4	2ade4a13	xori	x20,x28,685	 x28:0xffc52800 x20=0xffc52aad
       14235000	      1422	80001ee8	019ec803	lbu	x16,25(x29)	 x29:0x80008b30 x16=0x00000000 PA:0x80008b49
       14245000	      1423	80001eec	012d3b33	sltu	x22,x26,x18	 x26:0x00000000 x18:0x00000000 x22=0x00000000
       14255000	      1424	80001ef0	f09ec283	lbu	x5,-247(x29)	 x29:0x80008b30  x5=0x00000000 PA:0x80008a39
       14265000	      1425	80001ef4	01aec703	lbu	x14,26(x29)	 x29:0x80008b30 x14=0x00000000 PA:0x80008b4a
       14275000	      1426	80001ef8	f83ec003	lbu	x0,-125(x29)	 x29:0x80008b30 PA:0x80008ab3
       14285000	      1427	80001efc	00a72fb3	slt	x31,x14,x10	 x14:0x00000000 x10:0x00000000 x31=0x00000000
       14295000	      1428	80001f00	04ee8ca3	sb	x14,89(x29)	 x29:0x80008b30 x14:0x00000000 PA:0x80008b89
       14305000	      1429	80001f04	fb8e9223	sh	x24,-92(x29)	 x29:0x80008b30 x24:0x80009f70 PA:0x80008ad4
       14315000	      1430	80001f08	41dd5f33	sra	x30,x26,x29	 x26:0x00000000 x29:0x80008b30 x30=0x00000000
       14325000	      1431	80001f0c	003b6a63	bltu	x22,x3,80001f20	 x22:0x00000000  x3:0x00000000
       14335000	      1432	80001f10	40a6d493	srai	x9,x13,0xa	 x13:0x00000000  x9=0x00000000
       14345000	      1433	80001f14	00b2ad33	slt	x26,x5,x11	  x5:0x00000000 x11:0x00000000 x26=0x00000000
       14355000	      1434	80001f18	01d24833	xor	x16,x4,x29	  x4:0x00000000 x29:0x80008b30 x16=0x80008b30
       14365000	      1435	80001f1c	006457b3	srl	x15,x8,x6	  x8:0x00000000  x6:0x00000000 x15=0x00000000
       14375000	      1436	80001f20	40d20a33	sub	x20,x4,x13	  x4:0x00000000 x13:0x00000000 x20=0x00000000
       14385000	      1437	80001f24	8bb9a413	slti	x8,x19,-1861	 x19:0x00000000  x8=0x00000000
       14395000	      1438	80001f28	405559b3	sra	x19,x10,x5	 x10:0x00000000  x5:0x00000000 x19=0x00000000
       14405000	      1439	80001f2c	018c10b3	sll	x1,x24,x24	 x24:0x80009f70 x24:0x80009f70  x1=0x9f700000
       14415000	      1440	80001f30	400cdf13	srai	x30,x25,0x0	 x25:0x07ffffff x30=0x07ffffff
       14425000	      1441	80001f34	00055463	bge	x10,x0,80001f3c	 x10:0x00000000  x0:0x00000000
       14435000	      1442	00000000	00000013	addi	x0,x0,0	  x0:0x00000000
       14445000	      1443	80001f38	00000013	addi	x0,x0,0	  x0:0x00000000
       14455000	      1444	80001f3c	2f86f793	andi	x15,x13,760	 x13:0x00000000 x15=0x00000000
       14465000	      1445	80001f40	707a0397	auipc	x7,0x707a0	  x7=0xf07a1f3c
       14475000	      1446	80001f44	f6774d13	xori	x26,x14,-153	 x14:0x00000000 x26=0xffffff67
       14485000	      1447	80001f48	01080cb3	add	x25,x16,x16	 x16:0x80008b30 x16:0x80008b30 x25=0x00011660
       14495000	      1448	80001f4c	01ed3133	sltu	x2,x26,x30	 x26:0xffffff67 x30:0x07ffffff  x2=0x00000000
       14505000	      1449	80001f50	00268d33	add	x26,x13,x2	 x13:0x00000000  x2:0x00000000 x26=0x00000000
       14515000	      1450	80001f54	0154f663	bgeu	x9,x21,80001f60	  x9:0x00000000 x21:0xc5280000
       14525000	      1451	80001f58	fe812193	slti	x3,x2,-24	  x2:0x00000000  x3=0x00000000
       14535000	      1452	80001f5c	021f4863	blt	x30,x1,80001f8c	 x30:0x07ffffff  x1:0x9f700000
       14545000	      1453	80001f60	01ccb333	sltu	x6,x25,x28	 x25:0x00011660 x28:0xffc52800  x6=0x00000001
       14555000	      1454	80001f64	0148aab3	slt	x21,x17,x20	 x17:0x80009fc4 x20:0x00000000 x21=0x00000001
       14565000	      1455	80001f68	40e050b3	sra	x1,x0,x14	  x0:0x00000000 x14:0x00000000  x1=0x00000000
       14575000	      1456	80001f6c	040a6863	bltu	x20,x0,80001fbc	 x20:0x00000000  x0:0x00000000
       14585000	      1457	80001f70	283aaa93	slti	x21,x21,643	 x21:0x00000001 x21=0x00000001
       14595000	      1458	80001f74	038551b7	lui	x3,0x3855	  x3=0x03855000
       14605000	      1459	80001f78	41420b33	sub	x22,x4,x20	  x4:0x00000000 x20:0x00000000 x22=0x00000000
       14615000	      1460	80001f7c	42f6c113	xori	x2,x13,1071	 x13:0x00000000  x2=0x0000042f
       14625000	      1461	80001f80	4059d1b3	sra	x3,x19,x5	 x19:0x00000000  x5:0x00000000  x3=0x00000000
       14635000	      1462	80001f84	022e1c63	bne	x28,x2,80001fbc	 x28:0xffc52800  x2:0x0000042f
       14645000	      1463	00000000	00000013	addi	x0,x0,0	  x0:0x00000000
       14655000	      1464	80001fb8	00000013	addi	x0,x0,0	  x0:0x00000000
       14665000	      1465	80001fbc	09bff993	andi	x19,x31,155	 x31:0x00000000 x19=0x00000000
       14675000	      1466	80001fc0	41f05293	srai	x5,x0,0x1f	  x0:0x00000000  x5=0x00000000
       14685000	      1467	80001fc4	41175193	srai	x3,x14,0x11	 x14:0x00000000  x3=0x00000000
       14695000	      1468	80001fc8	636ebd13	sltiu	x26,x29,1590	 x29:0x80008b30 x26=0x00000000
       14705000	      1469	80001fcc	0012da63	bge	x5,x1,80001fe0	  x5:0x00000000  x1:0x00000000
       14715000	      1470	00000000	00000013	addi	x0,x0,0	  x0:0x00000000
       14725000	      1471	80001fdc	00000013	addi	x0,x0,0	  x0:0x00000000
       14735000	      1472	80001fe0	00846d33	or	x26,x8,x8	  x8:0x00000000  x8:0x00000000 x26=0x00000000
       14745000	      1473	80001fe4	00727a63	bgeu	x4,x7,80001ff8	  x4:0x00000000  x7:0xf07a1f3c
       14755000	      1474	80001fe8	0012d633	srl	x12,x5,x1	  x5:0x00000000  x1:0x00000000 x12=0x00000000
       14765000	      1475	80001fec	04c36a93	ori	x21,x6,76	  x6:0x00000001 x21=0x0000004d
       14775000	      1476	80001ff0	02448263	beq	x9,x4,80002014	  x9:0x00000000  x4:0x00000000
       14785000	      1477	00000000	00000013	addi	x0,x0,0	  x0:0x00000000
       14795000	      1478	80002010	00000013	addi	x0,x0,0	  x0:0x00000000
       14805000	      1479	80002014	0287e463	bltu	x15,x8,8000203c	 x15:0x00000000  x8:0x00000000
       14815000	      1480	80002018	018fc033	xor	x0,x31,x24	 x31:0x00000000 x24:0x80009f70
       14825000	      1481	8000201c	000f0333	add	x6,x30,x0	 x30:0x07ffffff  x0:0x00000000  x6=0x07ffffff
       14835000	      1482	80002020	000f99b3	sll	x19,x31,x0	 x31:0x00000000  x0:0x00000000 x19=0x00000000
       14845000	      1483	80002024	00470fb3	add	x31,x14,x4	 x14:0x00000000  x4:0x00000000 x31=0x00000000
       14855000	      1484	80002028	a02c2c93	slti	x25,x24,-1534	 x24:0x80009f70 x25=0x00000001
       14865000	      1485	8000202c	033e8463	beq	x29,x19,80002054	 x29:0x80008b30 x19:0x00000000
       14875000	      1486	80002030	00ac0533	add	x10,x24,x10	 x24:0x80009f70 x10:0x00000000 x10=0x80009f70
       14885000	      1487	80002034	0025f663	bgeu	x11,x2,80002040	 x11:0x00000000  x2:0x0000042f
       14895000	      1488	80002038	00c61193	slli	x3,x12,0xc	 x12:0x00000000  x3=0x00000000
       14905000	      1489	8000203c	00ac9cb3	sll	x25,x25,x10	 x25:0x00000001 x10:0x80009f70 x25=0x00010000
       14915000	      1490	80002040	afa4c513	xori	x10,x9,-1286	  x9:0x00000000 x10=0xfffffafa
       14925000	      1491	80002044	91ecb513	sltiu	x10,x25,-1762	 x25:0x00010000 x10=0x00000001
       14935000	      1492	80002048	3f60e613	ori	x12,x1,1014	  x1:0x00000000 x12=0x000003f6
       14945000	      1493	8000204c	018ade63	bge	x21,x24,80002068	 x21:0x0000004d x24:0x80009f70
       14955000	      1494	00000000	00000013	addi	x0,x0,0	  x0:0x00000000
       14965000	      1495	80002064	00000013	addi	x0,x0,0	  x0:0x00000000
       14975000	      1496	80002068	00f2de63	bge	x5,x15,80002084	  x5:0x00000000 x15:0x00000000
       14985000	      1497	00000000	00000013	addi	x0,x0,0	  x0:0x00000000
       14995000	      1498	80002080	00000013	addi	x0,x0,0	  x0:0x00000000
       15005000	      1499	80002084	e60f6d13	ori	x26,x30,-416	 x30:0x07ffffff x26=0xffffffff
       15015000	      1500	80002088	004c2083	lw	x1,4(x24)	 x24:0x80009f70  x1=0x80000140 PA:0x80009f74
       15025000	      1501	00000000	00000013	addi	x0,x0,0	  x0:0x00000000
       15035000	      1502	8000208c	0070b433	sltu	x8,x1,x7	  x1:0x80000140  x7:0xf07a1f3c  x8=0x00000001
       15045000	      1503	80002090	163b6393	ori	x7,x22,355	 x22:0x00000000  x7=0x00000163
       15055000	      1504	80002094	01f97fb3	and	x31,x18,x31	 x18:0x00000000 x31:0x00000000 x31=0x00000000
       15065000	      1505	80002098	0185afb3	slt	x31,x11,x24	 x11:0x00000000 x24:0x80009f70 x31=0x00000000
       15075000	      1506	8000209c	00ad34b3	sltu	x9,x26,x10	 x26:0xffffffff x10:0x00000001  x9=0x00000000
       15085000	      1507	800020a0	9805c7b7	lui	x15,0x9805c	 x15=0x9805c000
       15095000	      1508	800020a4	01832b33	slt	x22,x6,x24	  x6:0x07ffffff x24:0x80009f70 x22=0x00000000
       15105000	      1509	800020a8	547eef93	ori	x31,x29,1351	 x29:0x80008b30 x31=0x80008f77
       15115000	      1510	800020ac	014c0c13	addi	x24,x24,20	 x24:0x80009f70 x24=0x80009f84
       15125000	      1511	800020b0	40d5dd13	srai	x26,x11,0xd	 x11:0x00000000 x26=0x00000000
       15135000	      1512	800020b4	41350733	sub	x14,x10,x19	 x10:0x00000001 x19:0x00000000 x14=0x00000001
       15145000	      1513	800020b8	00008a13	addi	x20,x1,0	  x1:0x80000140 x20=0x80000140
       15155000	      1514	800020bc	000a0a67	jalr	x20,x20,0	 x20:0x80000140 x20=0x800020bc
       15165000	      1515	00000000	00000013	addi	x0,x0,0	  x0:0x00000000
       15175000	      1516	80000140	00000013	addi	x0,x0,0	  x0:0x00000000
       15185000	      1517	80000144	00f91633	sll	x12,x18,x15	 x18:0x00000000 x15:0x9805c000 x12=0x00000000
       15195000	      1518	80000148	014506b3	add	x13,x10,x20	 x10:0x00000001 x20:0x800020bc x13=0x800020bd
       15205000	      1519	8000014c	85f92e13	slti	x28,x18,-1953	 x18:0x00000000 x28=0x00000000
       15215000	      1520	80000150	00002497	auipc	x9,0x2	  x9=0x8000214c
       15225000	      1521	80000154	f7048493	addi	x9,x9,-144	  x9:0x8000214c  x9=0x800020bc
       15235000	      1522	80000158	03248493	addi	x9,x9,50	  x9:0x800020bc  x9=0x800020ee
       15245000	      1523	8000015c	15f8ea13	ori	x20,x17,351	 x17:0x80009fc4 x20=0x80009fdf
       15255000	      1524	80000160	011b0e63	beq	x22,x17,8000017c	 x22:0x00000000 x17:0x80009fc4
       15265000	      1525	80000164	417a5d93	srai	x27,x20,0x17	 x20:0x80009fdf x27=0xffffff00
       15275000	      1526	80000168	d3c2e793	ori	x15,x5,-708	  x5:0x00000000 x15=0xfffffd3c
       15285000	      1527	8000016c	01a47d33	and	x26,x8,x26	  x8:0x00000001 x26:0x00000000 x26=0x00000000
       15295000	      1528	80000170	3b18cb13	xori	x22,x17,945	 x17:0x80009fc4 x22=0x80009c75
       15305000	      1529	80000174	f118f613	andi	x12,x17,-239	 x17:0x80009fc4 x12=0x80009f00
       15315000	      1530	80000178	01c74433	xor	x8,x14,x28	 x14:0x00000001 x28:0x00000000  x8=0x00000001
       15325000	      1531	8000017c	fce480e7	jalr	x1,x9,-50	  x9:0x800020ee  x1=0x8000017c
       15335000	      1532	00000000	00000013	addi	x0,x0,0	  x0:0x00000000
       15345000	      1533	800020bc	00000013	addi	x0,x0,0	  x0:0x00000000
       15355000	      1534	800020c0	00741813	slli	x16,x8,0x7	  x8:0x00000001 x16=0x00000080
       15365000	      1535	800020c4	00f0d2b3	srl	x5,x1,x15	  x1:0x8000017c x15:0xfffffd3c  x5=0x00000008
       15375000	      1536	800020c8	0199da93	srli	x21,x19,0x19	 x19:0x00000000 x21=0x00000000
       15385000	      1537	800020cc	fc8c0c13	addi	x24,x24,-56	 x24:0x80009f84 x24=0x80009f4c
       15395000	      1538	800020d0	d494f793	andi	x15,x9,-695	  x9:0x800020ee x15=0x80002048
       15405000	      1539	800020d4	001c2223	sw	x1,4(x24)	 x24:0x80009f4c  x1:0x8000017c PA:0x80009f50
       15415000	      1540	800020d8	b34de113	ori	x2,x27,-1228	 x27:0xffffff00  x2=0xffffff34
       15425000	      1541	800020dc	000c1a13	slli	x20,x24,0x0	 x24:0x80009f4c x20=0x80009f4c
       15435000	      1542	800020e0	01bed933	srl	x18,x29,x27	 x29:0x80008b30 x27:0xffffff00 x18=0x80008b30
       15445000	      1543	800020e4	01367a33	and	x20,x12,x19	 x12:0x80009f00 x19:0x00000000 x20=0x00000000
       15455000	      1544	800020e8	ffd3b593	sltiu	x11,x7,-3	  x7:0x00000163 x11=0x00000001
       15465000	      1545	800020ec	c4256593	ori	x11,x10,-958	 x10:0x00000001 x11=0xfffffc43
       15475000	      1546	800020f0	0132ce63	blt	x5,x19,8000210c	  x5:0x00000008 x19:0x00000000
       15485000	      1547	800020f4	01f32eb3	slt	x29,x6,x31	  x6:0x07ffffff x31:0x80008f77 x29=0x00000000
       15495000	      1548	800020f8	01f38863	beq	x7,x31,80002108	  x7:0x00000163 x31:0x80008f77
       15505000	      1549	800020fc	00409463	bne	x1,x4,80002104	  x1:0x8000017c  x4:0x00000000
       15515000	      1550	00000000	00000013	addi	x0,x0,0	  x0:0x00000000
       15525000	      1551	80002100	00000013	addi	x0,x0,0	  x0:0x00000000
       15535000	      1552	80002104	41e38a33	sub	x20,x7,x30	  x7:0x00000163 x30:0x07ffffff x20=0xf8000164
       15545000	      1553	80002108	c0ff0197	auipc	x3,0xc0ff0	  x3=0x40ff2104
       15555000	      1554	8000210c	0025dab3	srl	x21,x11,x2	 x11:0xfffffc43  x2:0xffffff34 x21=0x00000fff
       15565000	      1555	80002110	004c2083	lw	x1,4(x24)	 x24:0x80009f4c  x1=0x8000017c PA:0x80009f50
       15575000	      1556	80002114	00af9f33	sll	x30,x31,x10	 x31:0x80008f77 x10:0x00000001 x30=0x00011eee
       15585000	      1557	80002118	038c0c13	addi	x24,x24,56	 x24:0x80009f4c x24=0x80009f84
       15595000	      1558	8000211c	40cb5a33	sra	x20,x22,x12	 x22:0x80009c75 x12:0x80009f00 x20=0x80009c75
       15605000	      1559	80002120	00645193	srli	x3,x8,0x6	  x8:0x00000001  x3=0x00000000
       15615000	      1560	80002124	4c0ef693	andi	x13,x29,1216	 x29:0x00000000 x13=0x00000000
       15625000	      1561	80002128	40c45413	srai	x8,x8,0xc	  x8:0x00000001  x8=0x00000000
       15635000	      1562	8000212c	00008693	addi	x13,x1,0	  x1:0x8000017c x13=0x8000017c
       15645000	      1563	80002130	000686e7	jalr	x13,x13,0	 x13:0x8000017c x13=0x80002130
       15655000	      1564	00000000	00000013	addi	x0,x0,0	  x0:0x00000000
       15665000	      1565	8000017c	00000013	addi	x0,x0,0	  x0:0x00000000
       15675000	      1566	80000180	00008f17	auipc	x30,0x8	 x30=0x8000817c
       15685000	      1567	80000184	ee7f0f13	addi	x30,x30,-281	 x30:0x8000817c x30=0x80008063
       15695000	      1568	80000188	00dd6633	or	x12,x26,x13	 x26:0x00000000 x13:0x80002130 x12=0x80002130
       15705000	      1569	8000018c	011df7b3	and	x15,x27,x17	 x27:0xffffff00 x17:0x80009fc4 x15=0x80009f00
       15715000	      1570	80000190	73446a13	ori	x20,x8,1844	  x8:0x00000000 x20=0x00000734
       15725000	      1571	80000194	433f1da3	sh	x19,1083(x30)	 x30:0x80008063 x19:0x00000000 PA:0x8000849e
       15735000	      1572	80000198	017f1ea3	sh	x23,29(x30)	 x30:0x80008063 x23:0x00000000 PA:0x80008080
       15745000	      1573	8000019c	669f5683	lhu	x13,1641(x30)	 x30:0x80008063 x13=0x00000000 PA:0x800086cc
       15755000	      1574	800001a0	c2cc6593	ori	x11,x24,-980	 x24:0x80009f84 x11=0xffffffac
       15765000	      1575	800001a4	e5867093	andi	x1,x12,-424	 x12:0x80002130  x1=0x80002010
       15775000	      1576	800001a8	334f0e83	lb	x29,820(x30)	 x30:0x80008063 x29=0x00000000 PA:0x80008397
       15785000	      1577	800001ac	00f21013	slli	x0,x4,0xf	  x4:0x00000000
       15795000	      1578	800001b0	01a04d33	xor	x26,x0,x26	  x0:0x00000000 x26:0x00000000 x26=0x00000000
       15805000	      1579	800001b4	01b8e033	or	x0,x17,x27	 x17:0x80009fc4 x27:0xffffff00
       15815000	      1580	800001b8	028f4783	lbu	x15,40(x30)	 x30:0x80008063 x15=0x00000000 PA:0x8000808b
       15825000	      1581	800001bc	53374913	xori	x18,x14,1331	 x14:0x00000001 x18=0x00000532
       15835000	      1582	800001c0	182f4903	lbu	x18,386(x30)	 x30:0x80008063 x18=0x00000000 PA:0x800081e5
       15845000	      1583	800001c4	563f0183	lb	x3,1379(x30)	 x30:0x80008063  x3=0x00000000 PA:0x800085c6
       15855000	      1584	800001c8	8aa33713	sltiu	x14,x6,-1878	  x6:0x07ffffff x14=0x00000001
       15865000	      1585	800001cc	01889db3	sll	x27,x17,x24	 x17:0x80009fc4 x24:0x80009f84 x27=0x0009fc40
       15875000	      1586	800001d0	01c31093	slli	x1,x6,0x1c	  x6:0x07ffffff  x1=0xf0000000
       15885000	      1587	800001d4	6b8f4603	lbu	x12,1720(x30)	 x30:0x80008063 x12=0x00000000 PA:0x8000871b
       15895000	      1588	800001d8	001914b3	sll	x9,x18,x1	 x18:0x00000000  x1:0xf0000000  x9=0x00000000
       15905000	      1589	800001dc	2a7f09a3	sb	x7,691(x30)	 x30:0x80008063  x7:0x00000163 PA:0x80008316
       15915000	      1590	800001e0	0083d193	srli	x3,x7,0x8	  x7:0x00000163  x3=0x00000001
       15925000	      1591	800001e4	29df4083	lbu	x1,669(x30)	 x30:0x80008063  x1=0x00000000 PA:0x80008300
       15935000	      1592	800001e8	29471337	lui	x6,0x29471	  x6=0x29471000
       15945000	      1593	800001ec	892cb413	sltiu	x8,x25,-1902	 x25:0x00010000  x8=0x00000001
       15955000	      1594	800001f0	234f0783	lb	x15,564(x30)	 x30:0x80008063 x15=0x00000000 PA:0x80008297
       15965000	      1595	800001f4	692f00a3	sb	x18,1665(x30)	 x30:0x80008063 x18:0x00000000 PA:0x800086e4
       15975000	      1596	800001f8	ac67eb17	auipc	x22,0xac67e	 x22=0x2c67e1f4
       15985000	      1597	800001fc	077f0123	sb	x23,98(x30)	 x30:0x80008063 x23:0x00000000 PA:0x800080c5
       15995000	      1598	80000200	261f26a3	sw	x1,621(x30)	 x30:0x80008063  x1:0x00000000 PA:0x800082d0
       16005000	      1599	80000204	282f0b03	lb	x22,642(x30)	 x30:0x80008063 x22=0x00000000 PA:0x800082e5
       16015000	      1600	80000208	0043d1b3	srl	x3,x7,x4	  x7:0x00000163  x4:0x00000000  x3=0x00000163
       16025000	      1601	8000020c	6e4f4183	lbu	x3,1764(x30)	 x30:0x80008063  x3=0x00000000 PA:0x80008747
       16035000	      1602	80000210	0f9f0a03	lb	x20,249(x30)	 x30:0x80008063 x20=0x00000000 PA:0x8000815c
       16045000	      1603	80000214	119f0ca3	sb	x25,281(x30)	 x30:0x80008063 x25:0x00010000 PA:0x8000817c
       16055000	      1604	80000218	118f0923	sb	x24,274(x30)	 x30:0x80008063 x24:0x80009f84 PA:0x80008175
       16065000	      1605	8000021c	41325eb3	sra	x29,x4,x19	  x4:0x00000000 x19:0x00000000 x29=0x00000000
       16075000	      1606	80000220	0131bcb3	sltu	x25,x3,x19	  x3:0x00000000 x19:0x00000000 x25=0x00000000
       16085000	      1607	80000224	006e2b33	slt	x22,x28,x6	 x28:0x00000000  x6:0x29471000 x22=0x00000001
       16095000	      1608	80000228	a50f2117	auipc	x2,0xa50f2	  x2=0x250f2224
       16105000	      1609	8000022c	01095db3	srl	x27,x18,x16	 x18:0x00000000 x16:0x00000080 x27=0x00000000
       16115000	      1610	80000230	8dcdfc97	auipc	x25,0x8dcdf	 x25=0x0dcdf22c
       16125000	      1611	80000234	d21e7593	andi	x11,x28,-735	 x28:0x00000000 x11=0x00000000
       16135000	      1612	80000238	01f17ab3	and	x21,x2,x31	  x2:0x250f2224 x31:0x80008f77 x21=0x00000224
       16145000	      1613	8000023c	700f4d83	lbu	x27,1792(x30)	 x30:0x80008063 x27=0x00000000 PA:0x80008763
       16155000	      1614	80000240	030f4a83	lbu	x21,48(x30)	 x30:0x80008063 x21=0x00000000 PA:0x80008093
       16165000	      1615	80000244	3fbf0223	sb	x27,996(x30)	 x30:0x80008063 x27:0x00000000 PA:0x80008447
       16175000	      1616	80000248	400f0403	lb	x8,1024(x30)	 x30:0x80008063  x8=0x00000000 PA:0x80008463
       16185000	      1617	8000024c	b16c0393	addi	x7,x24,-1258	 x24:0x80009f84  x7=0x80009a9a
       16195000	      1618	80000250	682f0e23	sb	x2,1692(x30)	 x30:0x80008063  x2:0x250f2224 PA:0x800086ff
       16205000	      1619	80000254	387f1903	lh	x18,903(x30)	 x30:0x80008063 x18=0x00000000 PA:0x800083ea
       16215000	      1620	80000258	57af0123	sb	x26,1378(x30)	 x30:0x80008063 x26:0x00000000 PA:0x800085c5
       16225000	      1621	8000025c	01579eb3	sll	x29,x15,x21	 x15:0x00000000 x21:0x00000000 x29=0x00000000
       16235000	      1622	80000260	30df5383	lhu	x7,781(x30)	 x30:0x80008063  x7=0x00000000 PA:0x80008370
       16245000	      1623	80000264	29e7d117	auipc	x2,0x29e7d	  x2=0xa9e7d260
       16255000	      1624	80000268	153f0d83	lb	x27,339(x30)	 x30:0x80008063 x27=0x00000000 PA:0x800081b6
       16265000	      1625	8000026c	0acf4083	lbu	x1,172(x30)	 x30:0x80008063  x1=0x00000000 PA:0x8000810f
       16275000	      1626	00000000	00000013	addi	x0,x0,0	  x0:0x00000000
       16285000	      1627	80000270	00009797	auipc	x15,0x9	 x15=0x8000926c
       16295000	      1628	80000274	98678793	addi	x15,x15,-1658	 x15:0x8000926c x15=0x80008bf2
       16305000	      1629	80000278	00009417	auipc	x8,0x9	  x8=0x80009274
       16315000	      1630	8000027c	d0a40413	addi	x8,x8,-758	  x8:0x80009274  x8=0x80008f7e
       16325000	      1631	80000280	013785a3	sb	x19,11(x15)	 x15:0x80008bf2 x19:0x00000000 PA:0x80008bfd
       16335000	      1632	80000284	00009097	auipc	x1,0x9	  x1=0x80009280
       16345000	      1633	80000288	a9b08093	addi	x1,x1,-1381	  x1:0x80009280  x1=0x80008d1b
       16355000	      1634	8000028c	ff309383	lh	x7,-13(x1)	  x1:0x80008d1b  x7=0x00000000 PA:0x80008d0e
       16365000	      1635	80000290	ffe0cd83	lbu	x27,-2(x1)	  x1:0x80008d1b x27=0x00000000 PA:0x80008d19
       16375000	      1636	80000294	02040d03	lb	x26,32(x8)	  x8:0x80008f7e x26=0x00000000 PA:0x80008f9e
       16385000	      1637	80000298	003082a3	sb	x3,5(x1)	  x1:0x80008d1b  x3:0x00000000 PA:0x80008d20
       16395000	      1638	8000029c	00078583	lb	x11,0(x15)	 x15:0x80008bf2 x11=0x00000000 PA:0x80008bf2
       16405000	      1639	800002a0	fe340983	lb	x19,-29(x8)	  x8:0x80008f7e x19=0x00000000 PA:0x80008f61
       16415000	      1640	800002a4	ff109203	lh	x4,-15(x1)	  x1:0x80008d1b  x4=0x00000000 PA:0x80008d0c
       16425000	      1641	800002a8	cb144803	lbu	x16,-847(x8)	  x8:0x80008f7e x16=0x00000000 PA:0x80008c2f
       16435000	      1642	800002ac	0060c983	lbu	x19,6(x1)	  x1:0x80008d1b x19=0x00000000 PA:0x80008d21
       16445000	      1643	800002b0	0017c183	lbu	x3,1(x15)	 x15:0x80008bf2  x3=0x00000000 PA:0x80008bf3
       16455000	      1644	800002b4	00d79823	sh	x13,16(x15)	 x15:0x80008bf2 x13:0x00000000 PA:0x80008c02
       16465000	      1645	800002b8	90b44003	lbu	x0,-1781(x8)	  x8:0x80008f7e PA:0x80008889
       16475000	      1646	800002bc	00808683	lb	x13,8(x1)	  x1:0x80008d1b x13=0x00000000 PA:0x80008d23
       16485000	      1647	800002c0	baa45e03	lhu	x28,-1110(x8)	  x8:0x80008f7e x28=0x00000000 PA:0x80008b28
       16495000	      1648	800002c4	0107df83	lhu	x31,16(x15)	 x15:0x80008bf2 x31=0x00000000 PA:0x80008c02
       16505000	      1649	800002c8	faa42523	sw	x10,-86(x8)	  x8:0x80008f7e x10:0x00000001 PA:0x80008f28
       16515000	      1650	800002cc	fef0a8a3	sw	x15,-15(x1)	  x1:0x80008d1b x15:0x80008bf2 PA:0x80008d0c
       16525000	      1651	800002d0	f5f44f03	lbu	x30,-161(x8)	  x8:0x80008f7e x30=0x00000000 PA:0x80008edd
       16535000	      1652	800002d4	b3b44183	lbu	x3,-1221(x8)	  x8:0x80008f7e  x3=0x00000000 PA:0x80008ab9
       16545000	      1653	800002d8	00a78023	sb	x10,0(x15)	 x15:0x80008bf2 x10:0x00000001 PA:0x80008bf2
       16555000	      1654	800002dc	ffb0d483	lhu	x9,-5(x1)	  x1:0x80008d1b  x9=0x00000000 PA:0x80008d16
       16565000	      1655	800002e0	01208623	sb	x18,12(x1)	  x1:0x80008d1b x18:0x00000000 PA:0x80008d27
       16575000	      1656	800002e4	016083a3	sb	x22,7(x1)	  x1:0x80008d1b x22:0x00000001 PA:0x80008d22
       16585000	      1657	800002e8	00008117	auipc	x2,0x8	  x2=0x800082e4
       16595000	      1658	800002ec	02810113	addi	x2,x2,40	  x2:0x800082e4  x2=0x8000830c
       16605000	      1659	800002f0	ff510203	lb	x4,-11(x2)	  x2:0x8000830c  x4=0x00000000 PA:0x80008301
       16615000	      1660	800002f4	00215603	lhu	x12,2(x2)	  x2:0x8000830c x12=0x00000000 PA:0x8000830e
       16625000	      1661	800002f8	41785a93	srai	x21,x16,0x17	 x16:0x00000000 x21=0x00000000
       16635000	      1662	800002fc	cdad0017	auipc	x0,0xcdad0	
       16645000	      1663	80000300	00d14703	lbu	x14,13(x2)	  x2:0x8000830c x14=0x00000000 PA:0x80008319
       16655000	      1664	80000304	00d14383	lbu	x7,13(x2)	  x2:0x8000830c  x7=0x00000000 PA:0x80008319
       16665000	      1665	80000308	00d10283	lb	x5,13(x2)	  x2:0x8000830c  x5=0x00000000 PA:0x80008319
       16675000	      1666	8000030c	ff412683	lw	x13,-12(x2)	  x2:0x8000830c x13=0x00000000 PA:0x80008300
       16685000	      1667	80000310	00012023	sw	x0,0(x2)	  x2:0x8000830c  x0:0x00000000 PA:0x8000830c
       16695000	      1668	80000314	01086633	or	x12,x16,x16	 x16:0x00000000 x16:0x00000000 x12=0x00000000
       16705000	      1669	80000318	00710983	lb	x19,7(x2)	  x2:0x8000830c x19=0x00000000 PA:0x80008313
       16715000	      1670	8000031c	00514783	lbu	x15,5(x2)	  x2:0x8000830c x15=0x00000000 PA:0x80008311
       16725000	      1671	80000320	01e102a3	sb	x30,5(x2)	  x2:0x8000830c x30:0x00000000 PA:0x80008311
       16735000	      1672	80000324	ff714a83	lbu	x21,-9(x2)	  x2:0x8000830c x21=0x00000000 PA:0x80008303
       16745000	      1673	80000328	ffc10ba3	sb	x28,-9(x2)	  x2:0x8000830c x28:0x00000000 PA:0x80008303
       16755000	      1674	8000032c	fea10823	sb	x10,-16(x2)	  x2:0x8000830c x10:0x00000001 PA:0x800082fc
       16765000	      1675	80000330	00576b33	or	x22,x14,x5	 x14:0x00000000  x5:0x00000000 x22=0x00000000
       16775000	      1676	80000334	016ace33	xor	x28,x21,x22	 x21:0x00000000 x22:0x00000000 x28=0x00000000
       16785000	      1677	80000338	ff410303	lb	x6,-12(x2)	  x2:0x8000830c  x6=0x00000000 PA:0x80008300
       16795000	      1678	8000033c	400189b3	sub	x19,x3,x0	  x3:0x00000000  x0:0x00000000 x19=0x00000000
       16805000	      1679	80000340	40355493	srai	x9,x10,0x3	 x10:0x00000001  x9=0x00000000
       16815000	      1680	80000344	05559863	bne	x11,x21,80000394	 x11:0x00000000 x21:0x00000000
       16825000	      1681	80000348	54092493	slti	x9,x18,1344	 x18:0x00000000  x9=0x00000001
       16835000	      1682	8000034c	006d23b3	slt	x7,x26,x6	 x26:0x00000000  x6:0x00000000  x7=0x00000000
       16845000	      1683	80000350	019b46b3	xor	x13,x22,x25	 x22:0x00000000 x25:0x0dcdf22c x13=0x0dcdf22c
       16855000	      1684	80000354	2661e813	ori	x16,x3,614	  x3:0x00000000 x16=0x00000266
       16865000	      1685	80000358	40190833	sub	x16,x18,x1	 x18:0x00000000  x1:0x80008d1b x16=0x7fff72e5
       16875000	      1686	8000035c	00841b13	slli	x22,x8,0x8	  x8:0x80008f7e x22=0x008f7e00
       16885000	      1687	80000360	00002317	auipc	x6,0x2	  x6=0x8000235c
       16895000	      1688	80000364	d6030313	addi	x6,x6,-672	  x6:0x8000235c  x6=0x800020bc
       16905000	      1689	80000368	01a5d193	srli	x3,x11,0x1a	 x11:0x00000000  x3=0x00000000
       16915000	      1690	8000036c	00000013	addi	x0,x0,0	  x0:0x00000000
       16925000	      1691	80000370	f5d30313	addi	x6,x6,-163	  x6:0x800020bc  x6=0x80002019
       16935000	      1692	80000374	010dab33	slt	x22,x27,x16	 x27:0x00000000 x16:0x7fff72e5 x22=0x00000001
       16945000	      1693	80000378	b83f2093	slti	x1,x30,-1149	 x30:0x00000000  x1=0x00000000
       16955000	      1694	8000037c	01fdee33	or	x28,x27,x31	 x27:0x00000000 x31:0x00000000 x28=0x00000000
       16965000	      1695	80000380	01842d33	slt	x26,x8,x24	  x8:0x80008f7e x24:0x80009f84 x26=0x00000001
       16975000	      1696	80000384	00a7f663	bgeu	x15,x10,80000390	 x15:0x00000000 x10:0x00000001
       16985000	      1697	80000388	a4672d93	slti	x27,x14,-1466	 x14:0x00000000 x27=0x00000000
       16995000	      1698	8000038c	01b99b33	sll	x22,x19,x27	 x19:0x00000000 x27:0x00000000 x22=0x00000000
       17005000	      1699	80000390	0a4300e7	jalr	x1,x6,164	  x6:0x80002019  x1=0x80000390
       17015000	      1700	00000000	00000013	addi	x0,x0,0	  x0:0x00000000
       17025000	      1701	800020bc	00000013	addi	x0,x0,0	  x0:0x00000000
       17035000	      1702	800020c0	00741813	slli	x16,x8,0x7	  x8:0x80008f7e x16=0x0047bf00
       17045000	      1703	800020c4	00f0d2b3	srl	x5,x1,x15	  x1:0x80000390 x15:0x00000000  x5=0x80000390
       17055000	      1704	800020c8	0199da93	srli	x21,x19,0x19	 x19:0x00000000 x21=0x00000000
       17065000	      1705	800020cc	fc8c0c13	addi	x24,x24,-56	 x24:0x80009f84 x24=0x80009f4c
       17075000	      1706	800020d0	d494f793	andi	x15,x9,-695	  x9:0x00000001 x15=0x00000001
       17085000	      1707	800020d4	001c2223	sw	x1,4(x24)	 x24:0x80009f4c  x1:0x80000390 PA:0x80009f50
       17095000	      1708	800020d8	b34de113	ori	x2,x27,-1228	 x27:0x00000000  x2=0xfffffb34
       17105000	      1709	800020dc	000c1a13	slli	x20,x24,0x0	 x24:0x80009f4c x20=0x80009f4c
       17115000	      1710	800020e0	01bed933	srl	x18,x29,x27	 x29:0x00000000 x27:0x00000000 x18=0x00000000
       17125000	      1711	800020e4	01367a33	and	x20,x12,x19	 x12:0x00000000 x19:0x00000000 x20=0x00000000
       17135000	      1712	800020e8	ffd3b593	sltiu	x11,x7,-3	  x7:0x00000000 x11=0x00000001
       17145000	      1713	800020ec	c4256593	ori	x11,x10,-958	 x10:0x00000001 x11=0xfffffc43
       17155000	      1714	800020f0	0132ce63	blt	x5,x19,8000210c	  x5:0x80000390 x19:0x00000000
       17165000	      1715	00000000	00000013	addi	x0,x0,0	  x0:0x00000000
       17175000	      1716	80002108	00000013	addi	x0,x0,0	  x0:0x00000000
       17185000	      1717	8000210c	0025dab3	srl	x21,x11,x2	 x11:0xfffffc43  x2:0xfffffb34 x21=0x00000fff
       17195000	      1718	80002110	004c2083	lw	x1,4(x24)	 x24:0x80009f4c  x1=0x80000390 PA:0x80009f50
       17205000	      1719	80002114	00af9f33	sll	x30,x31,x10	 x31:0x00000000 x10:0x00000001 x30=0x00000000
       17215000	      1720	80002118	038c0c13	addi	x24,x24,56	 x24:0x80009f4c x24=0x80009f84
       17225000	      1721	8000211c	40cb5a33	sra	x20,x22,x12	 x22:0x00000000 x12:0x00000000 x20=0x00000000
       17235000	      1722	80002120	00645193	srli	x3,x8,0x6	  x8:0x80008f7e  x3=0x0200023d
       17245000	      1723	80002124	4c0ef693	andi	x13,x29,1216	 x29:0x00000000 x13=0x00000000
       17255000	      1724	80002128	40c45413	srai	x8,x8,0xc	  x8:0x80008f7e  x8=0xfff80008
       17265000	      1725	8000212c	00008693	addi	x13,x1,0	  x1:0x80000390 x13=0x80000390
       17275000	      1726	80002130	000686e7	jalr	x13,x13,0	 x13:0x80000390 x13=0x80002130
       17285000	      1727	00000000	00000013	addi	x0,x0,0	  x0:0x00000000
       17295000	      1728	80000390	00000013	addi	x0,x0,0	  x0:0x00000000
       17305000	      1729	80000394	0cfe6813	ori	x16,x28,207	 x28:0x00000000 x16=0x000000cf
       17315000	      1730	80000398	011a23b3	slt	x7,x20,x17	 x20:0x00000000 x17:0x80009fc4  x7=0x00000000
       17325000	      1731	8000039c	004d2233	slt	x4,x26,x4	 x26:0x00000001  x4:0x00000000  x4=0x00000000
       17335000	      1732	800003a0	0105f863	bgeu	x11,x16,800003b0	 x11:0xfffffc43 x16:0x000000cf
       17345000	      1733	00000000	00000013	addi	x0,x0,0	  x0:0x00000000
       17355000	      1734	800003ac	00000013	addi	x0,x0,0	  x0:0x00000000
       17365000	      1735	800003b0	000737b3	sltu	x15,x14,x0	 x14:0x00000000  x0:0x00000000 x15=0x00000000
       17375000	      1736	800003b4	00000b97	auipc	x23,0x0	 x23=0x800003b0
       17385000	      1737	800003b8	00cb8b93	addi	x23,x23,12	 x23:0x800003b0 x23=0x800003bc
       17395000	      1738	800003bc	000b8067	jalr	x0,x23,0	 x23:0x800003bc
       17405000	      1739	00000000	00000013	addi	x0,x0,0	  x0:0x00000000
       17415000	      1740	800003bc	00000013	addi	x0,x0,0	  x0:0x00000000
       17425000	      1741	800003c0	00100193	addi	x3,x0,1	  x0:0x00000000  x3=0x00000001
       17435000	      1742	800003c4	00000073	ecall	
       17445000	      1743	800003c8	00fde233	or	x4,x27,x15	 x27:0x00000000 x15:0x00000000  x4=0x00000000
