		Time			Cycle	PC		Insn	Decoded instruction	Register and memory contents
          65000	         5	80000004	00000293	addi	x5,x0,0	  x0:0x00000000  x5=0x00000000
          75000	         6	80000008	00000313	addi	x6,x0,0	  x0:0x00000000  x6=0x00000000
          85000	         7	8000000c	00628263	beq	x5,x6,80000010	  x5:0x00000000  x6:0x00000000
          95000	         8	00000000	00000013	addi	x0,x0,0	  x0:0x00000000
         105000	         9	8000000c	00000013	addi	x0,x0,0	  x0:0x00000000
         115000	        10	80000010	00000397	auipc	x7,0x0	  x7=0x8000000c
         125000	        11	80000014	00c38393	addi	x7,x7,12	  x7:0x8000000c  x7=0x80000018
         135000	        12	80000018	00038067	jalr	x0,x7,0	  x7:0x80000018
         145000	        13	00000000	00000013	addi	x0,x0,0	  x0:0x00000000
         155000	        14	80000018	00000013	addi	x0,x0,0	  x0:0x00000000
         165000	        15	8000001c	400009b7	lui	x19,0x40000	 x19=0x40000000
         175000	        16	80000020	10098993	addi	x19,x19,256	 x19:0x40000000 x19=0x40000100
         185000	        17	80000024	00000013	addi	x0,x0,0	  x0:0x00000000
         195000	        18	80000028	0000a817	auipc	x16,0xa	 x16=0x8000a024
         205000	        19	8000002c	fa080813	addi	x16,x16,-96	 x16:0x8000a024 x16=0x80009fc4
         215000	        20	80000030	00002997	auipc	x19,0x2	 x19=0x8000202c
         225000	        21	80000034	de498993	addi	x19,x19,-540	 x19:0x8000202c x19=0x80001e10
         235000	        22	80000038	0009e993	ori	x19,x19,0	 x19:0x80001e10 x19=0x80001e10
         245000	        23	8000003c	00000013	addi	x0,x0,0	  x0:0x00000000
         255000	        24	80000040	00000997	auipc	x19,0x0	 x19=0x8000003c
         265000	        25	80000044	02098993	addi	x19,x19,32	 x19:0x8000003c x19=0x8000005c
         275000	        26	80000048	00000013	addi	x0,x0,0	  x0:0x00000000
         285000	        27	8000004c	00000013	addi	x0,x0,0	  x0:0x00000000
         295000	        28	80000050	000029b7	lui	x19,0x2	 x19=0x00002000
         305000	        29	80000054	80098993	addi	x19,x19,-2048	 x19:0x00002000 x19=0x00001800
         315000	        30	80000058	00000013	addi	x0,x0,0	  x0:0x00000000
         325000	        31	8000005c	00000013	addi	x0,x0,0	  x0:0x00000000
         335000	        32	80000060	00000013	addi	x0,x0,0	  x0:0x00000000
         345000	        33	80000064	800000b7	lui	x1,0x80000	  x1=0x80000000
         355000	        34	80000068	00300113	addi	x2,x0,3	  x0:0x00000000  x2=0x00000003
         365000	        35	8000006c	00000193	addi	x3,x0,0	  x0:0x00000000  x3=0x00000000
         375000	        36	80000070	00100213	addi	x4,x0,1	  x0:0x00000000  x4=0x00000001
         385000	        37	80000074	00000293	addi	x5,x0,0	  x0:0x00000000  x5=0x00000000
         395000	        38	80000078	80000337	lui	x6,0x80000	  x6=0x80000000
         405000	        39	8000007c	00b00393	addi	x7,x0,11	  x0:0x00000000  x7=0x0000000b
         415000	        40	80000080	00000413	addi	x8,x0,0	  x0:0x00000000  x8=0x00000000
         425000	        41	80000084	00300493	addi	x9,x0,3	  x0:0x00000000  x9=0x00000003
         435000	        42	80000088	00300513	addi	x10,x0,3	  x0:0x00000000 x10=0x00000003
         445000	        43	8000008c	fef525b7	lui	x11,0xfef52	 x11=0xfef52000
         455000	        44	80000090	ff858593	addi	x11,x11,-8	 x11:0xfef52000 x11=0xfef51ff8
         465000	        45	80000094	80000637	lui	x12,0x80000	 x12=0x80000000
         475000	        46	80000098	00600693	addi	x13,x0,6	  x0:0x00000000 x13=0x00000006
         485000	        47	8000009c	00000713	addi	x14,x0,0	  x0:0x00000000 x14=0x00000000
         495000	        48	800000a0	f538b7b7	lui	x15,0xf538b	 x15=0xf538b000
         505000	        49	800000a4	34278793	addi	x15,x15,834	 x15:0xf538b000 x15=0xf538b342
         515000	        50	800000a8	00c00893	addi	x17,x0,12	  x0:0x00000000 x17=0x0000000c
         525000	        51	800000ac	0d7669b7	lui	x19,0xd766	 x19=0x0d766000
         535000	        52	800000b0	ed998993	addi	x19,x19,-295	 x19:0x0d766000 x19=0x0d765ed9
         545000	        53	800000b4	00700a13	addi	x20,x0,7	  x0:0x00000000 x20=0x00000007
         555000	        54	800000b8	f77eeab7	lui	x21,0xf77ee	 x21=0xf77ee000
         565000	        55	800000bc	324a8a93	addi	x21,x21,804	 x21:0xf77ee000 x21=0xf77ee324
         575000	        56	800000c0	34aa6b37	lui	x22,0x34aa6	 x22=0x34aa6000
         585000	        57	800000c4	00fb0b13	addi	x22,x22,15	 x22:0x34aa6000 x22=0x34aa600f
         595000	        58	800000c8	f62ecbb7	lui	x23,0xf62ec	 x23=0xf62ec000
         605000	        59	800000cc	c61b8b93	addi	x23,x23,-927	 x23:0xf62ec000 x23=0xf62ebc61
         615000	        60	800000d0	00000c13	addi	x24,x0,0	  x0:0x00000000 x24=0x00000000
         625000	        61	800000d4	f1da8cb7	lui	x25,0xf1da8	 x25=0xf1da8000
         635000	        62	800000d8	070c8c93	addi	x25,x25,112	 x25:0xf1da8000 x25=0xf1da8070
         645000	        63	800000dc	00800d13	addi	x26,x0,8	  x0:0x00000000 x26=0x00000008
         655000	        64	800000e0	f34f6db7	lui	x27,0xf34f6	 x27=0xf34f6000
         665000	        65	800000e4	e71d8d93	addi	x27,x27,-399	 x27:0xf34f6000 x27=0xf34f5e71
         675000	        66	800000e8	00000e13	addi	x28,x0,0	  x0:0x00000000 x28=0x00000000
         685000	        67	800000ec	80000eb7	lui	x29,0x80000	 x29=0x80000000
         695000	        68	800000f0	80000f37	lui	x30,0x80000	 x30=0x80000000
         705000	        69	800000f4	f295dfb7	lui	x31,0xf295d	 x31=0xf295d000
         715000	        70	800000f8	774f8f93	addi	x31,x31,1908	 x31:0xf295d000 x31=0xf295d774
         725000	        71	800000fc	0000a917	auipc	x18,0xa	 x18=0x8000a0f8
         735000	        72	80000100	e8c90913	addi	x18,x18,-372	 x18:0x8000a0f8 x18=0x80009f84
         745000	        73	80000104	40b8da33	sra	x20,x17,x11	 x17:0x0000000c x11:0xfef51ff8 x20=0x00000000
         755000	        74	80000108	fa010093	addi	x1,x2,-96	  x2:0x00000003  x1=0xffffffa3
         765000	        75	8000010c	5a6dec13	ori	x24,x27,1446	 x27:0xf34f5e71 x24=0xf34f5ff7
         775000	        76	80000110	0056da93	srli	x21,x13,0x5	 x13:0x00000006 x21=0x00000000
         785000	        77	80000114	00001f17	auipc	x30,0x1	 x30=0x80001110
         795000	        78	80000118	ef0f0f13	addi	x30,x30,-272	 x30:0x80001110 x30=0x80001000
         805000	        79	8000011c	7857b193	sltiu	x3,x15,1925	 x15:0xf538b342  x3=0x00000000
         815000	        80	80000120	0131a233	slt	x4,x3,x19	  x3:0x00000000 x19:0x0d765ed9  x4=0x00000001
         825000	        81	80000124	e7c54213	xori	x4,x10,-388	 x10:0x00000003  x4=0xfffffe7f
         835000	        82	80000128	1b7f0f13	addi	x30,x30,439	 x30:0x80001000 x30=0x800011b7
         845000	        83	8000012c	9aaf0493	addi	x9,x30,-1622	 x30:0x800011b7  x9=0x80000b61
         855000	        84	80000130	0121c463	blt	x3,x18,80000138	  x3:0x00000000 x18:0x80009f84
         865000	        85	80000134	00b65cb3	srl	x25,x12,x11	 x12:0x80000000 x11:0xfef51ff8 x25=0x00000080
         875000	        86	80000138	e49f00e7	jalr	x1,x30,-439	 x30:0x800011b7  x1=0x80000138
         885000	        87	00000000	00000013	addi	x0,x0,0	  x0:0x00000000
         895000	        88	80001000	00000013	addi	x0,x0,0	  x0:0x00000000
         905000	        89	80001004	00bfe463	bltu	x31,x11,8000100c	 x31:0xf295d774 x11:0xfef51ff8
         915000	        90	00000000	00000013	addi	x0,x0,0	  x0:0x00000000
         925000	        91	80001008	00000013	addi	x0,x0,0	  x0:0x00000000
         935000	        92	8000100c	fc890913	addi	x18,x18,-56	 x18:0x80009f84 x18=0x80009f4c
         945000	        93	80001010	000076b3	and	x13,x0,x0	  x0:0x00000000  x0:0x00000000 x13=0x00000000
         955000	        94	80001014	01fef033	and	x0,x29,x31	 x29:0x80000000 x31:0xf295d774
         965000	        95	80001018	e9c26197	auipc	x3,0xe9c26	  x3=0x69c27014
         975000	        96	8000101c	00192223	sw	x1,4(x18)	 x18:0x80009f4c  x1:0x80000138 PA:0x80009f50
         985000	        97	80001020	00000013	addi	x0,x0,0	  x0:0x00000000
         995000	        98	80001024	2ce825b7	lui	x11,0x2ce82	 x11=0x2ce82000
        1005000	        99	80001028	00007117	auipc	x2,0x7	  x2=0x80008024
        1015000	       100	8000102c	0b210113	addi	x2,x2,178	  x2:0x80008024  x2=0x800080d6
        1025000	       101	80001030	c737c893	xori	x17,x15,-909	 x15:0xf538b342 x17=0x0ac74f31
        1035000	       102	80001034	fe910a83	lb	x21,-23(x2)	  x2:0x800080d6 x21=0x00000000 PA:0x800080bf
        1045000	       103	80001038	00165533	srl	x10,x12,x1	 x12:0x80000000  x1:0x80000138 x10=0x00000080
        1055000	       104	8000103c	01a14003	lbu	x0,26(x2)	  x2:0x800080d6 PA:0x800080f0
        1065000	       105	80001040	02110c23	sb	x1,56(x2)	  x2:0x800080d6  x1:0x80000138 PA:0x8000810e
        1075000	       106	80001044	02c15783	lhu	x15,44(x2)	  x2:0x800080d6 x15=0x00000000 PA:0x80008102
        1085000	       107	80001048	00c2a633	slt	x12,x5,x12	  x5:0x00000000 x12:0x80000000 x12=0x00000000
        1095000	       108	8000104c	01c104a3	sb	x28,9(x2)	  x2:0x800080d6 x28:0x00000000 PA:0x800080df
        1105000	       109	80001050	c7bf0993	addi	x19,x30,-901	 x30:0x800011b7 x19=0x80000e32
        1115000	       110	80001054	44413e13	sltiu	x28,x2,1092	  x2:0x800080d6 x28=0x00000000
        1125000	       111	80001058	ff810c83	lb	x25,-8(x2)	  x2:0x800080d6 x25=0x00000000 PA:0x800080ce
        1135000	       112	8000105c	fe110a83	lb	x21,-31(x2)	  x2:0x800080d6 x21=0x00000000 PA:0x800080b7
        1145000	       113	80001060	01e42eb3	slt	x29,x8,x30	  x8:0x00000000 x30:0x800011b7 x29=0x00000000
        1155000	       114	80001064	fe0104a3	sb	x0,-23(x2)	  x2:0x800080d6  x0:0x00000000 PA:0x800080bf
        1165000	       115	80001068	00411493	slli	x9,x2,0x4	  x2:0x800080d6  x9=0x00080d60
        1175000	       116	8000106c	017ecdb3	xor	x27,x29,x23	 x29:0x00000000 x23:0xf62ebc61 x27=0xf62ebc61
        1185000	       117	80001070	01307a33	and	x20,x0,x19	  x0:0x00000000 x19:0x80000e32 x20=0x00000000
        1195000	       118	80001074	8a0e0193	addi	x3,x28,-1888	 x28:0x00000000  x3=0xfffff8a0
        1205000	       119	80001078	fed10483	lb	x9,-19(x2)	  x2:0x800080d6  x9=0x00000000 PA:0x800080c3
        1215000	       120	8000107c	fff10b03	lb	x22,-1(x2)	  x2:0x800080d6 x22=0x00000000 PA:0x800080d5
        1225000	       121	80001080	00d94a33	xor	x20,x18,x13	 x18:0x80009f4c x13:0x00000000 x20=0x80009f4c
        1235000	       122	80001084	00414c83	lbu	x25,4(x2)	  x2:0x800080d6 x25=0x00000000 PA:0x800080da
        1245000	       123	00000000	00000013	addi	x0,x0,0	  x0:0x00000000
        1255000	       124	80001088	5ebcbf13	sltiu	x30,x25,1515	 x25:0x00000000 x30=0x00000001
        1265000	       125	8000108c	01e88333	add	x6,x17,x30	 x17:0x0ac74f31 x30:0x00000001  x6=0x0ac74f32
        1275000	       126	80001090	728480b7	lui	x1,0x72848	  x1=0x72848000
        1285000	       127	80001094	ff611583	lh	x11,-10(x2)	  x2:0x800080d6 x11=0x00000000 PA:0x800080cc
        1295000	       128	80001098	ffc11c23	sh	x28,-8(x2)	  x2:0x800080d6 x28:0x00000000 PA:0x800080ce
        1305000	       129	8000109c	18856a13	ori	x20,x10,392	 x10:0x00000080 x20=0x00000188
        1315000	       130	800010a0	fc910723	sb	x9,-50(x2)	  x2:0x800080d6  x9:0x00000000 PA:0x800080a4
        1325000	       131	800010a4	02f10b23	sb	x15,54(x2)	  x2:0x800080d6 x15:0x00000000 PA:0x8000810c
        1335000	       132	800010a8	a3733493	sltiu	x9,x6,-1481	  x6:0x0ac74f32  x9=0x00000001
        1345000	       133	800010ac	02612a03	lw	x20,38(x2)	  x2:0x800080d6 x20=0x00000000 PA:0x800080fc
        1355000	       134	00000000	00000013	addi	x0,x0,0	  x0:0x00000000
        1365000	       135	800010b0	01494e33	xor	x28,x18,x20	 x18:0x80009f4c x20:0x00000000 x28=0x80009f4c
        1375000	       136	800010b4	017a8e33	add	x28,x21,x23	 x21:0x00000000 x23:0xf62ebc61 x28=0xf62ebc61
        1385000	       137	800010b8	fe114b03	lbu	x22,-31(x2)	  x2:0x800080d6 x22=0x00000000 PA:0x800080b7
        1395000	       138	800010bc	41c35613	srai	x12,x6,0x1c	  x6:0x0ac74f32 x12=0x00000000
        1405000	       139	800010c0	03f10e23	sb	x31,60(x2)	  x2:0x800080d6 x31:0xf295d774 PA:0x80008112
        1415000	       140	800010c4	7b563093	sltiu	x1,x12,1973	 x12:0x00000000  x1=0x00000001
        1425000	       141	800010c8	c63e0f13	addi	x30,x28,-925	 x28:0xf62ebc61 x30=0xf62eb8c4
        1435000	       142	800010cc	00000013	addi	x0,x0,0	  x0:0x00000000
        1445000	       143	800010d0	01477333	and	x6,x14,x20	 x14:0x00000000 x20:0x00000000  x6=0x00000000
        1455000	       144	800010d4	401c04b3	sub	x9,x24,x1	 x24:0xf34f5ff7  x1:0x00000001  x9=0xf34f5ff6
        1465000	       145	800010d8	016fab33	slt	x22,x31,x22	 x31:0xf295d774 x22:0x00000000 x22=0x00000001
        1475000	       146	800010dc	03900893	addi	x17,x0,57	  x0:0x00000000 x17=0x00000039
        1485000	       147	800010e0	00629ab3	sll	x21,x5,x6	  x5:0x00000000  x6:0x00000000 x21=0x00000000
        1495000	       148	800010e4	fd310203	lb	x4,-45(x2)	  x2:0x800080d6  x4=0x00000000 PA:0x800080a9
        1505000	       149	800010e8	00007117	auipc	x2,0x7	  x2=0x800080e4
        1515000	       150	800010ec	5eb10113	addi	x2,x2,1515	  x2:0x800080e4  x2=0x800086cf
        1525000	       151	800010f0	ffd12183	lw	x3,-3(x2)	  x2:0x800086cf  x3=0x00000000 PA:0x800086cc
        1535000	       152	800010f4	ffd15e03	lhu	x28,-3(x2)	  x2:0x800086cf x28=0x00000000 PA:0x800086cc
        1545000	       153	800010f8	40cb0733	sub	x14,x22,x12	 x22:0x00000001 x12:0x00000000 x14=0x00000001
        1555000	       154	800010fc	ffc10483	lb	x9,-4(x2)	  x2:0x800086cf  x9=0x00000000 PA:0x800086cb
        1565000	       155	80001100	00d126a3	sw	x13,13(x2)	  x2:0x800086cf x13:0x00000000 PA:0x800086dc
        1575000	       156	80001104	00310303	lb	x6,3(x2)	  x2:0x800086cf  x6=0x00000000 PA:0x800086d2
        1585000	       157	80001108	03814783	lbu	x15,56(x2)	  x2:0x800086cf x15=0x00000000 PA:0x80008707
        1595000	       158	8000110c	ff110723	sb	x17,-18(x2)	  x2:0x800086cf x17:0x00000039 PA:0x800086bd
        1605000	       159	80001110	02c10e23	sb	x12,60(x2)	  x2:0x800086cf x12:0x00000000 PA:0x8000870b
        1615000	       160	80001114	fe111c83	lh	x25,-31(x2)	  x2:0x800086cf x25=0x00000000 PA:0x800086b0
        1625000	       161	80001118	ff6100a3	sb	x22,-31(x2)	  x2:0x800086cf x22:0x00000001 PA:0x800086b0
        1635000	       162	8000111c	00ca80b3	add	x1,x21,x12	 x21:0x00000000 x12:0x00000000  x1=0x00000000
        1645000	       163	80001120	02e10623	sb	x14,44(x2)	  x2:0x800086cf x14:0x00000001 PA:0x800086fb
        1655000	       164	80001124	3d6595b7	lui	x11,0x3d659	 x11=0x3d659000
        1665000	       165	80001128	01210783	lb	x15,18(x2)	  x2:0x800086cf x15=0x00000000 PA:0x800086e1
        1675000	       166	8000112c	00b14503	lbu	x10,11(x2)	  x2:0x800086cf x10=0x00000000 PA:0x800086da
        1685000	       167	80001130	71beff93	andi	x31,x29,1819	 x29:0x00000000 x31=0x00000000
        1695000	       168	80001134	fcc10c83	lb	x25,-52(x2)	  x2:0x800086cf x25=0x00000000 PA:0x8000869b
        1705000	       169	80001138	fef7c693	xori	x13,x15,-17	 x15:0x00000000 x13=0xffffffef
        1715000	       170	8000113c	fcc14083	lbu	x1,-52(x2)	  x2:0x800086cf  x1=0x00000000 PA:0x8000869b
        1725000	       171	80001140	fd910123	sb	x25,-62(x2)	  x2:0x800086cf x25:0x00000000 PA:0x80008691
        1735000	       172	80001144	fd114503	lbu	x10,-47(x2)	  x2:0x800086cf x10=0x00000000 PA:0x800086a0
        1745000	       173	80001148	01375713	srli	x14,x14,0x13	 x14:0x00000001 x14=0x00000000
        1755000	       174	8000114c	01414783	lbu	x15,20(x2)	  x2:0x800086cf x15=0x00000000 PA:0x800086e3
        1765000	       175	80001150	fd115983	lhu	x19,-47(x2)	  x2:0x800086cf x19=0x00000000 PA:0x800086a0
        1775000	       176	80001154	00008a97	auipc	x21,0x8	 x21=0x80009150
        1785000	       177	80001158	88ba8a93	addi	x21,x21,-1909	 x21:0x80009150 x21=0x800089db
        1795000	       178	8000115c	025a9ea3	sh	x5,61(x21)	 x21:0x800089db  x5:0x00000000 PA:0x80008a18
        1805000	       179	80001160	0b8ac603	lbu	x12,184(x21)	 x21:0x800089db x12=0x00000000 PA:0x80008a93
        1815000	       180	80001164	00008297	auipc	x5,0x8	  x5=0x80009160
        1825000	       181	80001168	adb28293	addi	x5,x5,-1317	  x5:0x80009160  x5=0x80008c3b
        1835000	       182	8000116c	00008997	auipc	x19,0x8	 x19=0x80009168
        1845000	       183	80001170	b5898993	addi	x19,x19,-1192	 x19:0x80009168 x19=0x80008cc0
        1855000	       184	80001174	04e28023	sb	x14,64(x5)	  x5:0x80008c3b x14:0x00000000 PA:0x80008c7b
        1865000	       185	80001178	02fadb03	lhu	x22,47(x21)	 x21:0x800089db x22=0x00000000 PA:0x80008a0a
        1875000	       186	8000117c	f1dacb83	lbu	x23,-227(x21)	 x21:0x800089db x23=0x00000000 PA:0x800088f8
        1885000	       187	80001180	f399cc03	lbu	x24,-199(x19)	 x19:0x80008cc0 x24=0x00000000 PA:0x80008bf9
        1895000	       188	80001184	0112ac03	lw	x24,17(x5)	  x5:0x80008c3b x24=0x00000000 PA:0x80008c4c
        1905000	       189	80001188	07baaca3	sw	x27,121(x21)	 x21:0x800089db x27:0xf62ebc61 PA:0x80008a54
        1915000	       190	8000118c	f44a86a3	sb	x4,-179(x21)	 x21:0x800089db  x4:0x00000000 PA:0x80008928
        1925000	       191	80001190	07698223	sb	x22,100(x19)	 x19:0x80008cc0 x22:0x00000000 PA:0x80008d24
        1935000	       192	80001194	01628623	sb	x22,12(x5)	  x5:0x80008c3b x22:0x00000000 PA:0x80008c47
        1945000	       193	80001198	fdca8783	lb	x15,-36(x21)	 x21:0x800089db x15=0x00000000 PA:0x800089b7
        1955000	       194	8000119c	0c998fa3	sb	x9,223(x19)	 x19:0x80008cc0  x9:0x00000000 PA:0x80008d9f
        1965000	       195	800011a0	f58ac183	lbu	x3,-168(x21)	 x21:0x800089db  x3=0x00000000 PA:0x80008933
        1975000	       196	800011a4	f3b98703	lb	x14,-197(x19)	 x19:0x80008cc0 x14=0x00000000 PA:0x80008bfb
        1985000	       197	800011a8	01428e23	sb	x20,28(x5)	  x5:0x80008c3b x20:0x00000000 PA:0x80008c57
        1995000	       198	800011ac	f1298623	sb	x18,-244(x19)	 x19:0x80008cc0 x18:0x80009f4c PA:0x80008bcc
        2005000	       199	800011b0	03d29203	lh	x4,61(x5)	  x5:0x80008c3b  x4=0x00000000 PA:0x80008c78
        2015000	       200	800011b4	031295a3	sh	x17,43(x5)	  x5:0x80008c3b x17:0x00000039 PA:0x80008c66
        2025000	       201	800011b8	02328e83	lb	x29,35(x5)	  x5:0x80008c3b x29=0x00000000 PA:0x80008c5e
        2035000	       202	800011bc	f969cf03	lbu	x30,-106(x19)	 x19:0x80008cc0 x30=0x00000000 PA:0x80008c56
        2045000	       203	800011c0	fdb98483	lb	x9,-37(x19)	 x19:0x80008cc0  x9=0x00000000 PA:0x80008c9b
        2055000	       204	00000000	00000013	addi	x0,x0,0	  x0:0x00000000
        2065000	       205	800011c4	fc92d183	lhu	x3,-55(x5)	  x5:0x80008c3b  x3=0x00000000 PA:0x80008c04
        2075000	       206	800011c8	0eba9583	lh	x11,235(x21)	 x21:0x800089db x11=0x00000000 PA:0x80008ac6
        2085000	       207	800011cc	0969d183	lhu	x3,150(x19)	 x19:0x80008cc0  x3=0x00000000 PA:0x80008d56
        2095000	       208	800011d0	00007897	auipc	x17,0x7	 x17=0x800081cc
        2105000	       209	800011d4	1aa88893	addi	x17,x17,426	 x17:0x800081cc x17=0x80008376
        2115000	       210	800011d8	f168d703	lhu	x14,-234(x17)	 x17:0x80008376 x14=0x00000000 PA:0x8000828c
        2125000	       211	800011dc	0518ca03	lbu	x20,81(x17)	 x17:0x80008376 x20=0x00000000 PA:0x800083c7
        2135000	       212	800011e0	f3f8a323	sw	x31,-218(x17)	 x17:0x80008376 x31:0x00000000 PA:0x8000829c
        2145000	       213	800011e4	00007f97	auipc	x31,0x7	 x31=0x800081e0
        2155000	       214	800011e8	40ff8f93	addi	x31,x31,1039	 x31:0x800081e0 x31=0x800085ef
        2165000	       215	800011ec	fd7fc503	lbu	x10,-41(x31)	 x31:0x800085ef x10=0x00000000 PA:0x800085c6
        2175000	       216	800011f0	f52f8523	sb	x18,-182(x31)	 x31:0x800085ef x18:0x80009f4c PA:0x80008539
        2185000	       217	800011f4	f08887a3	sb	x8,-241(x17)	 x17:0x80008376  x8:0x00000000 PA:0x80008285
        2195000	       218	800011f8	f85fa6a3	sw	x5,-115(x31)	 x31:0x800085ef  x5:0x80008c3b PA:0x8000857c
        2205000	       219	800011fc	f04f97a3	sh	x4,-241(x31)	 x31:0x800085ef  x4:0x00000000 PA:0x800084fe
        2215000	       220	80001200	0a98c403	lbu	x8,169(x17)	 x17:0x80008376  x8=0x00000000 PA:0x8000841f
        2225000	       221	80001204	f3e89483	lh	x9,-194(x17)	 x17:0x80008376  x9=0x00000000 PA:0x800082b4
        2235000	       222	80001208	0c8faea3	sw	x8,221(x31)	 x31:0x800085ef  x8:0x00000000 PA:0x800086cc
        2245000	       223	8000120c	f338ce83	lbu	x29,-205(x17)	 x17:0x80008376 x29=0x00000000 PA:0x800082a9
        2255000	       224	80001210	f65f8a23	sb	x5,-140(x31)	 x31:0x800085ef  x5:0x80008c3b PA:0x80008563
        2265000	       225	80001214	f7cf8e83	lb	x29,-132(x31)	 x31:0x800085ef x29=0x00000000 PA:0x8000856b
        2275000	       226	80001218	fa88c983	lbu	x19,-88(x17)	 x17:0x80008376 x19=0x00000000 PA:0x8000831e
        2285000	       227	8000121c	00007f17	auipc	x30,0x7	 x30=0x80008218
        2295000	       228	80001220	e3ff0f13	addi	x30,x30,-449	 x30:0x80008218 x30=0x80008057
        2305000	       229	80001224	ff9f0603	lb	x12,-7(x30)	 x30:0x80008057 x12=0x00000000 PA:0x80008050
        2315000	       230	80001228	ff9f0983	lb	x19,-7(x30)	 x30:0x80008057 x19=0x00000000 PA:0x80008050
        2325000	       231	8000122c	00675eb3	srl	x29,x14,x6	 x14:0x00000000  x6:0x00000000 x29=0x00000000
        2335000	       232	80001230	01df0923	sb	x29,18(x30)	 x30:0x80008057 x29:0x00000000 PA:0x80008069
        2345000	       233	80001234	012f4983	lbu	x19,18(x30)	 x30:0x80008057 x19=0x00000000 PA:0x80008069
        2355000	       234	80001238	012f4a83	lbu	x21,18(x30)	 x30:0x80008057 x21=0x00000000 PA:0x80008069
        2365000	       235	8000123c	040f4403	lbu	x8,64(x30)	 x30:0x80008057  x8=0x00000000 PA:0x80008097
        2375000	       236	80001240	040f4f83	lbu	x31,64(x30)	 x30:0x80008057 x31=0x00000000 PA:0x80008097
        2385000	       237	80001244	006c8ab3	add	x21,x25,x6	 x25:0x00000000  x6:0x00000000 x21=0x00000000
        2395000	       238	80001248	040f4a03	lbu	x20,64(x30)	 x30:0x80008057 x20=0x00000000 PA:0x80008097
        2405000	       239	8000124c	02bf1b83	lh	x23,43(x30)	 x30:0x80008057 x23=0x00000000 PA:0x80008082
        2415000	       240	80001250	021f05a3	sb	x1,43(x30)	 x30:0x80008057  x1:0x00000000 PA:0x80008082
        2425000	       241	80001254	001f1283	lh	x5,1(x30)	 x30:0x80008057  x5=0x00000000 PA:0x80008058
        2435000	       242	80001258	001f1783	lh	x15,1(x30)	 x30:0x80008057 x15=0x00000000 PA:0x80008058
        2445000	       243	8000125c	017a49b3	xor	x19,x20,x23	 x20:0x00000000 x23:0x00000000 x19=0x00000000
        2455000	       244	80001260	00df10a3	sh	x13,1(x30)	 x30:0x80008057 x13:0xffffffef PA:0x80008058
        2465000	       245	80001264	001f2303	lw	x6,1(x30)	 x30:0x80008057  x6=0x0000ffef PA:0x80008058
        2475000	       246	80001268	00ff17b3	sll	x15,x30,x15	 x30:0x80008057 x15:0x00000000 x15=0x80008057
        2485000	       247	8000126c	001f2203	lw	x4,1(x30)	 x30:0x80008057  x4=0x0000ffef PA:0x80008058
        2495000	       248	80001270	040f4c03	lbu	x24,64(x30)	 x30:0x80008057 x24=0x00000000 PA:0x80008097
        2505000	       249	80001274	040f4103	lbu	x2,64(x30)	 x30:0x80008057  x2=0x00000000 PA:0x80008097
        2515000	       250	80001278	00007a17	auipc	x20,0x7	 x20=0x80008274
        2525000	       251	8000127c	2cda0a13	addi	x20,x20,717	 x20:0x80008274 x20=0x80008541
        2535000	       252	80001280	00007197	auipc	x3,0x7	  x3=0x8000827c
        2545000	       253	80001284	4d218193	addi	x3,x3,1234	  x3:0x8000827c  x3=0x8000874e
        2555000	       254	80001288	ff018103	lb	x2,-16(x3)	  x3:0x8000874e  x2=0x00000000 PA:0x8000873e
        2565000	       255	8000128c	d69a0923	sb	x9,-654(x20)	 x20:0x80008541  x9:0x00000000 PA:0x800082b3
        2575000	       256	80001290	0001d303	lhu	x6,0(x3)	  x3:0x8000874e  x6=0x00000000 PA:0x8000874e
        2585000	       257	80001294	f94a4983	lbu	x19,-108(x20)	 x20:0x80008541 x19=0x00000000 PA:0x800084d5
        2595000	       258	80001298	1cba5403	lhu	x8,459(x20)	 x20:0x80008541  x8=0x00000000 PA:0x8000870c
        2605000	       259	8000129c	00319323	sh	x3,6(x3)	  x3:0x8000874e  x3:0x8000874e PA:0x80008754
        2615000	       260	800012a0	23aa4b03	lbu	x22,570(x20)	 x20:0x80008541 x22=0x00000000 PA:0x8000877b
        2625000	       261	800012a4	28aa4d83	lbu	x27,650(x20)	 x20:0x80008541 x27=0x00000000 PA:0x800087cb
        2635000	       262	800012a8	181a4703	lbu	x14,385(x20)	 x20:0x80008541 x14=0x00000000 PA:0x800086c2
        2645000	       263	800012ac	01e183a3	sb	x30,7(x3)	  x3:0x8000874e x30:0x80008057 PA:0x80008755
        2655000	       264	800012b0	d88a0923	sb	x8,-622(x20)	 x20:0x80008541  x8:0x00000000 PA:0x800082d3
        2665000	       265	800012b4	fef19b23	sh	x15,-10(x3)	  x3:0x8000874e x15:0x80008057 PA:0x80008744
        2675000	       266	800012b8	00007e17	auipc	x28,0x7	 x28=0x800082b4
        2685000	       267	800012bc	588e0e13	addi	x28,x28,1416	 x28:0x800082b4 x28=0x8000883c
        2695000	       268	800012c0	028e0a03	lb	x20,40(x28)	 x28:0x8000883c x20=0x00000000 PA:0x80008864
        2705000	       269	800012c4	028e2d83	lw	x27,40(x28)	 x28:0x8000883c x27=0x00000000 PA:0x80008864
        2715000	       270	800012c8	02de0423	sb	x13,40(x28)	 x28:0x8000883c x13:0xffffffef PA:0x80008864
        2725000	       271	800012cc	028e0003	lb	x0,40(x28)	 x28:0x8000883c PA:0x80008864
        2735000	       272	800012d0	054e4b83	lbu	x23,84(x28)	 x28:0x8000883c x23=0x00000000 PA:0x80008890
        2745000	       273	800012d4	054e1983	lh	x19,84(x28)	 x28:0x8000883c x19=0x00000000 PA:0x80008890
        2755000	       274	800012d8	054e5483	lhu	x9,84(x28)	 x28:0x8000883c  x9=0x00000000 PA:0x80008890
        2765000	       275	800012dc	0b2e0ca3	sb	x18,185(x28)	 x28:0x8000883c x18:0x80009f4c PA:0x800088f5
        2775000	       276	800012e0	0b0e0ca3	sb	x16,185(x28)	 x28:0x8000883c x16:0x80009fc4 PA:0x800088f5
        2785000	       277	800012e4	0b9e0403	lb	x8,185(x28)	 x28:0x8000883c  x8=0xffffffc4 PA:0x800088f5
        2795000	       278	800012e8	09be05a3	sb	x27,139(x28)	 x28:0x8000883c x27:0x00000000 PA:0x800088c7
        2805000	       279	800012ec	096e05a3	sb	x22,139(x28)	 x28:0x8000883c x22:0x00000000 PA:0x800088c7
        2815000	       280	800012f0	a6f85637	lui	x12,0xa6f85	 x12=0xa6f85000
        2825000	       281	800012f4	027e06a3	sb	x7,45(x28)	 x28:0x8000883c  x7:0x0000000b PA:0x80008869
        2835000	       282	800012f8	0b6e1223	sh	x22,164(x28)	 x28:0x8000883c x22:0x00000000 PA:0x800088e0
        2845000	       283	800012fc	0ade0223	sb	x13,164(x28)	 x28:0x8000883c x13:0xffffffef PA:0x800088e0
        2855000	       284	80001300	00007e97	auipc	x29,0x7	 x29=0x800082fc
        2865000	       285	80001304	d50e8e93	addi	x29,x29,-688	 x29:0x800082fc x29=0x8000804c
        2875000	       286	80001308	586ec783	lbu	x15,1414(x29)	 x29:0x8000804c x15=0x00000000 PA:0x800085d2
        2885000	       287	8000130c	2f9ecb83	lbu	x23,761(x29)	 x29:0x8000804c x23=0x00000000 PA:0x80008345
        2895000	       288	80001310	003d8fb3	add	x31,x27,x3	 x27:0x00000000  x3:0x8000874e x31=0x8000874e
        2905000	       289	80001314	651ecd03	lbu	x26,1617(x29)	 x29:0x8000804c x26=0x00000000 PA:0x8000869d
        2915000	       290	80001318	004af2b3	and	x5,x21,x4	 x21:0x00000000  x4:0x0000ffef  x5=0x00000000
        2925000	       291	8000131c	73be9923	sh	x27,1842(x29)	 x29:0x8000804c x27:0x00000000 PA:0x8000877e
        2935000	       292	80001320	000c21b3	slt	x3,x24,x0	 x24:0x00000000  x0:0x00000000  x3=0x00000000
        2945000	       293	80001324	75dec483	lbu	x9,1885(x29)	 x29:0x8000804c  x9=0x00000000 PA:0x800087a9
        2955000	       294	80001328	41bc01b3	sub	x3,x24,x27	 x24:0x00000000 x27:0x00000000  x3=0x00000000
        2965000	       295	8000132c	3d4a8037	lui	x0,0x3d4a8	
        2975000	       296	80001330	749e84a3	sb	x9,1865(x29)	 x29:0x8000804c  x9:0x00000000 PA:0x80008795
        2985000	       297	80001334	434e9583	lh	x11,1076(x29)	 x29:0x8000804c x11=0x00000000 PA:0x80008480
        2995000	       298	80001338	01e1d013	srli	x0,x3,0x1e	  x3:0x00000000
        3005000	       299	8000133c	00b51593	slli	x11,x10,0xb	 x10:0x00000000 x11=0x00000000
        3015000	       300	80001340	7d743d17	auipc	x26,0x7d743	 x26=0xfd74433c
        3025000	       301	80001344	00000013	addi	x0,x0,0	  x0:0x00000000
        3035000	       302	80001348	5dbe8a03	lb	x20,1499(x29)	 x29:0x8000804c x20=0x00000000 PA:0x80008627
        3045000	       303	8000134c	5a2e8783	lb	x15,1442(x29)	 x29:0x8000804c x15=0x00000000 PA:0x800085ee
        3055000	       304	80001350	683e8183	lb	x3,1667(x29)	 x29:0x8000804c  x3=0x00000000 PA:0x800086cf
        3065000	       305	80001354	717eca03	lbu	x20,1815(x29)	 x29:0x8000804c x20=0x00000000 PA:0x80008763
        3075000	       306	80001358	010ea083	lw	x1,16(x29)	 x29:0x8000804c  x1=0x00000000 PA:0x8000805c
        3085000	       307	8000135c	c57a7213	andi	x4,x20,-937	 x20:0x00000000  x4=0x00000000
        3095000	       308	80001360	495e8283	lb	x5,1173(x29)	 x29:0x8000804c  x5=0x00000000 PA:0x800084e1
        3105000	       309	80001364	5b3e8da3	sb	x19,1467(x29)	 x29:0x8000804c x19:0x00000000 PA:0x80008607
        3115000	       310	80001368	00a02f33	slt	x30,x0,x10	  x0:0x00000000 x10:0x00000000 x30=0x00000000
        3125000	       311	8000136c	1efe8503	lb	x10,495(x29)	 x29:0x8000804c x10=0x00000000 PA:0x8000823b
        3135000	       312	80001370	55ae8023	sb	x26,1344(x29)	 x29:0x8000804c x26:0xfd74433c PA:0x8000858c
        3145000	       313	80001374	2a1e8d03	lb	x26,673(x29)	 x29:0x8000804c x26=0x00000000 PA:0x800082ed
        3155000	       314	80001378	002a9033	sll	x0,x21,x2	 x21:0x00000000  x2:0x00000000
        3165000	       315	8000137c	a586ab17	auipc	x22,0xa586a	 x22=0x2586b378
        3175000	       316	80001380	72f8b4b7	lui	x9,0x72f8b	  x9=0x72f8b000
        3185000	       317	80001384	01d95a13	srli	x20,x18,0x1d	 x18:0x80009f4c x20=0x00000004
        3195000	       318	80001388	4191d533	sra	x10,x3,x25	  x3:0x00000000 x25:0x00000000 x10=0x00000000
        3205000	       319	8000138c	4618bf93	sltiu	x31,x17,1121	 x17:0x80008376 x31=0x00000000
        3215000	       320	80001390	1e8ed103	lhu	x2,488(x29)	 x29:0x8000804c  x2=0x00000000 PA:0x80008234
        3225000	       321	80001394	6f7e8c03	lb	x24,1783(x29)	 x29:0x8000804c x24=0x00000000 PA:0x80008743
        3235000	       322	80001398	01f494b3	sll	x9,x9,x31	  x9:0x72f8b000 x31:0x00000000  x9=0x72f8b000
        3245000	       323	8000139c	7dbe84a3	sb	x27,1993(x29)	 x29:0x8000804c x27:0x00000000 PA:0x80008815
        3255000	       324	800013a0	01f7b733	sltu	x14,x15,x31	 x15:0x00000000 x31:0x00000000 x14=0x00000000
        3265000	       325	800013a4	065e8503	lb	x10,101(x29)	 x29:0x8000804c x10=0x00000000 PA:0x800080b1
        3275000	       326	800013a8	0f7e8ea3	sb	x23,253(x29)	 x29:0x8000804c x23:0x00000000 PA:0x80008149
        3285000	       327	800013ac	bed2fc37	lui	x24,0xbed2f	 x24=0xbed2f000
        3295000	       328	800013b0	00690133	add	x2,x18,x6	 x18:0x80009f4c  x6:0x00000000  x2=0x80009f4c
        3305000	       329	800013b4	017db433	sltu	x8,x27,x23	 x27:0x00000000 x23:0x00000000  x8=0x00000000
        3315000	       330	800013b8	411c5213	srai	x4,x24,0x11	 x24:0xbed2f000  x4=0xffffdf69
        3325000	       331	800013bc	2b5e8da3	sb	x21,699(x29)	 x29:0x8000804c x21:0x00000000 PA:0x80008307
        3335000	       332	800013c0	7b32b117	auipc	x2,0x7b32b	  x2=0xfb32c3bc
        3345000	       333	800013c4	45bec683	lbu	x13,1115(x29)	 x29:0x8000804c x13=0x00000000 PA:0x800084a7
        3355000	       334	800013c8	798e87a3	sb	x24,1935(x29)	 x29:0x8000804c x24:0xbed2f000 PA:0x800087db
        3365000	       335	800013cc	458e8923	sb	x24,1106(x29)	 x29:0x8000804c x24:0xbed2f000 PA:0x8000849e
        3375000	       336	800013d0	031f4e63	blt	x30,x17,8000140c	 x30:0x00000000 x17:0x80008376
        3385000	       337	800013d4	00332533	slt	x10,x6,x3	  x6:0x00000000  x3:0x00000000 x10=0x00000000
        3395000	       338	800013d8	009ef133	and	x2,x29,x9	 x29:0x8000804c  x9:0x72f8b000  x2=0x00008000
        3405000	       339	800013dc	f648c0b7	lui	x1,0xf648c	  x1=0xf648c000
        3415000	       340	800013e0	6e82f013	andi	x0,x5,1768	  x5:0x00000000
        3425000	       341	800013e4	41270e33	sub	x28,x14,x18	 x14:0x00000000 x18:0x80009f4c x28=0x7fff60b4
        3435000	       342	800013e8	41245613	srai	x12,x8,0x12	  x8:0x00000000 x12=0x00000000
        3445000	       343	800013ec	006b9213	slli	x4,x23,0x6	 x23:0x00000000  x4=0x00000000
        3455000	       344	800013f0	fe4bba13	sltiu	x20,x23,-28	 x23:0x00000000 x20=0x00000001
        3465000	       345	800013f4	01b55263	bge	x10,x27,800013f8	 x10:0x00000000 x27:0x00000000
        3475000	       346	00000000	00000013	addi	x0,x0,0	  x0:0x00000000
        3485000	       347	800013f4	00000013	addi	x0,x0,0	  x0:0x00000000
        3495000	       348	800013f8	016e1c13	slli	x24,x28,0x16	 x28:0x7fff60b4 x24=0x2d000000
        3505000	       349	800013fc	01489093	slli	x1,x17,0x14	 x17:0x80008376  x1=0x37600000
        3515000	       350	80001400	003f67b3	or	x15,x30,x3	 x30:0x00000000  x3:0x00000000 x15=0x00000000
        3525000	       351	80001404	0594f063	bgeu	x9,x25,80001444	  x9:0x72f8b000 x25:0x00000000
        3535000	       352	00000000	00000013	addi	x0,x0,0	  x0:0x00000000
        3545000	       353	80001440	00000013	addi	x0,x0,0	  x0:0x00000000
        3555000	       354	80001444	27c83213	sltiu	x4,x16,636	 x16:0x80009fc4  x4=0x00000000
        3565000	       355	80001448	c9eea113	slti	x2,x29,-866	 x29:0x8000804c  x2=0x00000001
        3575000	       356	8000144c	05e9f263	bgeu	x19,x30,80001490	 x19:0x00000000 x30:0x00000000
        3585000	       357	00000000	00000013	addi	x0,x0,0	  x0:0x00000000
        3595000	       358	8000148c	00000013	addi	x0,x0,0	  x0:0x00000000
        3605000	       359	80001490	41df5433	sra	x8,x30,x29	 x30:0x00000000 x29:0x8000804c  x8=0x00000000
        3615000	       360	80001494	91ecba97	auipc	x21,0x91ecb	 x21=0x11ecc490
        3625000	       361	80001498	35477293	andi	x5,x14,852	 x14:0x00000000  x5=0x00000000
        3635000	       362	8000149c	00eb72b3	and	x5,x22,x14	 x22:0x2586b378 x14:0x00000000  x5=0x00000000
        3645000	       363	800014a0	0053dfb3	srl	x31,x7,x5	  x7:0x0000000b  x5:0x00000000 x31=0x0000000b
        3655000	       364	800014a4	10044e13	xori	x28,x8,256	  x8:0x00000000 x28=0x00000100
        3665000	       365	800014a8	01fb1693	slli	x13,x22,0x1f	 x22:0x2586b378 x13=0x00000000
        3675000	       366	800014ac	40c18db3	sub	x27,x3,x12	  x3:0x00000000 x12:0x00000000 x27=0x00000000
        3685000	       367	800014b0	003609b3	add	x19,x12,x3	 x12:0x00000000  x3:0x00000000 x19=0x00000000
        3695000	       368	800014b4	970cc693	xori	x13,x25,-1680	 x25:0x00000000 x13=0xfffff970
        3705000	       369	800014b8	04fc5863	bge	x24,x15,80001508	 x24:0x2d000000 x15:0x00000000
        3715000	       370	00000000	00000013	addi	x0,x0,0	  x0:0x00000000
        3725000	       371	80001504	00000013	addi	x0,x0,0	  x0:0x00000000
        3735000	       372	80001508	00000013	addi	x0,x0,0	  x0:0x00000000
        3745000	       373	8000150c	9ee67893	andi	x17,x12,-1554	 x12:0x00000000 x17=0x00000000
        3755000	       374	80001510	e86c4d93	xori	x27,x24,-378	 x24:0x2d000000 x27=0xd2fffe86
        3765000	       375	80001514	02a06263	bltu	x0,x10,80001538	  x0:0x00000000 x10:0x00000000
        3775000	       376	80001518	01f369b3	or	x19,x6,x31	  x6:0x00000000 x31:0x0000000b x19=0x0000000b
        3785000	       377	8000151c	00000013	addi	x0,x0,0	  x0:0x00000000
        3795000	       378	80001520	0147edb3	or	x27,x15,x20	 x15:0x00000000 x20:0x00000001 x27=0x00000001
        3805000	       379	80001524	0115bc33	sltu	x24,x11,x17	 x11:0x00000000 x17:0x00000000 x24=0x00000000
        3815000	       380	80001528	41d35493	srai	x9,x6,0x1d	  x6:0x00000000  x9=0x00000000
        3825000	       381	8000152c	01f797b3	sll	x15,x15,x31	 x15:0x00000000 x31:0x0000000b x15=0x00000000
        3835000	       382	80001530	010f2733	slt	x14,x30,x16	 x30:0x00000000 x16:0x80009fc4 x14=0x00000000
        3845000	       383	80001534	00e04eb3	xor	x29,x0,x14	  x0:0x00000000 x14:0x00000000 x29=0x00000000
        3855000	       384	80001538	01c8dd13	srli	x26,x17,0x1c	 x17:0x00000000 x26=0x00000000
        3865000	       385	8000153c	00b99e13	slli	x28,x19,0xb	 x19:0x0000000b x28=0x00005800
        3875000	       386	80001540	01c21593	slli	x11,x4,0x1c	  x4:0x00000000 x11=0x00000000
        3885000	       387	80001544	41a85113	srai	x2,x16,0x1a	 x16:0x80009fc4  x2=0xffffffe0
        3895000	       388	80001548	00000013	addi	x0,x0,0	  x0:0x00000000
        3905000	       389	8000154c	01ff99b3	sll	x19,x31,x31	 x31:0x0000000b x31:0x0000000b x19=0x00005800
        3915000	       390	80001550	cd9dc193	xori	x3,x27,-807	 x27:0x00000001  x3=0xfffffcd8
        3925000	       391	80001554	41585633	sra	x12,x16,x21	 x16:0x80009fc4 x21:0x11ecc490 x12=0xffff8000
        3935000	       392	80001558	724cbe93	sltiu	x29,x25,1828	 x25:0x00000000 x29=0x00000001
        3945000	       393	8000155c	019a9863	bne	x21,x25,8000156c	 x21:0x11ecc490 x25:0x00000000
        3955000	       394	00000000	00000013	addi	x0,x0,0	  x0:0x00000000
        3965000	       395	80001568	00000013	addi	x0,x0,0	  x0:0x00000000
        3975000	       396	8000156c	41e907b3	sub	x15,x18,x30	 x18:0x80009f4c x30:0x00000000 x15=0x80009f4c
        3985000	       397	80001570	00ea5a63	bge	x20,x14,80001584	 x20:0x00000001 x14:0x00000000
        3995000	       398	00000000	00000013	addi	x0,x0,0	  x0:0x00000000
        4005000	       399	80001580	00000013	addi	x0,x0,0	  x0:0x00000000
        4015000	       400	80001584	00469e13	slli	x28,x13,0x4	 x13:0xfffff970 x28=0xffff9700
        4025000	       401	80001588	5f084c13	xori	x24,x16,1520	 x16:0x80009fc4 x24=0x80009a34
        4035000	       402	8000158c	00a48133	add	x2,x9,x10	  x9:0x00000000 x10:0x00000000  x2=0x00000000
        4045000	       403	80001590	41975093	srai	x1,x14,0x19	 x14:0x00000000  x1=0x00000000
        4055000	       404	80001594	029b6463	bltu	x22,x9,800015bc	 x22:0x2586b378  x9:0x00000000
        4065000	       405	80001598	00000013	addi	x0,x0,0	  x0:0x00000000
        4075000	       406	8000159c	00000013	addi	x0,x0,0	  x0:0x00000000
        4085000	       407	800015a0	05606663	bltu	x0,x22,800015ec	  x0:0x00000000 x22:0x2586b378
        4095000	       408	00000000	00000013	addi	x0,x0,0	  x0:0x00000000
        4105000	       409	800015e8	00000013	addi	x0,x0,0	  x0:0x00000000
        4115000	       410	800015ec	00bc9133	sll	x2,x25,x11	 x25:0x00000000 x11:0x00000000  x2=0x00000000
        4125000	       411	800015f0	004b9db3	sll	x27,x23,x4	 x23:0x00000000  x4:0x00000000 x27=0x00000000
        4135000	       412	800015f4	0057bf33	sltu	x30,x15,x5	 x15:0x80009f4c  x5:0x00000000 x30=0x00000000
        4145000	       413	800015f8	c45d6613	ori	x12,x26,-955	 x26:0x00000000 x12=0xfffffc45
        4155000	       414	800015fc	03469863	bne	x13,x20,8000162c	 x13:0xfffff970 x20:0x00000001
        4165000	       415	00000000	00000013	addi	x0,x0,0	  x0:0x00000000
        4175000	       416	80001628	00000013	addi	x0,x0,0	  x0:0x00000000
        4185000	       417	8000162c	61847893	andi	x17,x8,1560	  x8:0x00000000 x17=0x00000000
        4195000	       418	80001630	007c9263	bne	x25,x7,80001634	 x25:0x00000000  x7:0x0000000b
        4205000	       419	00000000	00000013	addi	x0,x0,0	  x0:0x00000000
        4215000	       420	80001630	00000013	addi	x0,x0,0	  x0:0x00000000
        4225000	       421	80001634	000a8d33	add	x26,x21,x0	 x21:0x11ecc490  x0:0x00000000 x26=0x11ecc490
        4235000	       422	80001638	0503e463	bltu	x7,x16,80001680	  x7:0x0000000b x16:0x80009fc4
        4245000	       423	00000000	00000013	addi	x0,x0,0	  x0:0x00000000
        4255000	       424	8000167c	00000013	addi	x0,x0,0	  x0:0x00000000
        4265000	       425	80001680	01fd3333	sltu	x6,x26,x31	 x26:0x11ecc490 x31:0x0000000b  x6=0x00000000
        4275000	       426	80001684	211485b7	lui	x11,0x21148	 x11=0x21148000
        4285000	       427	80001688	013fb9b3	sltu	x19,x31,x19	 x31:0x0000000b x19:0x00005800 x19=0x00000001
        4295000	       428	8000168c	00fe0a33	add	x20,x28,x15	 x28:0xffff9700 x15:0x80009f4c x20=0x8000364c
        4305000	       429	80001690	01d1de93	srli	x29,x3,0x1d	  x3:0xfffffcd8 x29=0x00000007
        4315000	       430	80001694	d8f7a113	slti	x2,x15,-625	 x15:0x80009f4c  x2=0x00000001
        4325000	       431	80001698	0016d513	srli	x10,x13,0x1	 x13:0xfffff970 x10=0x7ffffcb8
        4335000	       432	8000169c	03ff5c63	bge	x30,x31,800016d4	 x30:0x00000000 x31:0x0000000b
        4345000	       433	800016a0	001d2633	slt	x12,x26,x1	 x26:0x11ecc490  x1:0x00000000 x12=0x00000000
        4355000	       434	800016a4	01197eb3	and	x29,x18,x17	 x18:0x80009f4c x17:0x00000000 x29=0x00000000
        4365000	       435	800016a8	00c7a7b3	slt	x15,x15,x12	 x15:0x80009f4c x12:0x00000000 x15=0x00000001
        4375000	       436	800016ac	03ab0663	beq	x22,x26,800016d8	 x22:0x2586b378 x26:0x11ecc490
        4385000	       437	800016b0	0071e2b3	or	x5,x3,x7	  x3:0xfffffcd8  x7:0x0000000b  x5=0xfffffcdb
        4395000	       438	800016b4	bad56a93	ori	x21,x10,-1107	 x10:0x7ffffcb8 x21=0xffffffbd
        4405000	       439	800016b8	01bd7663	bgeu	x26,x27,800016c4	 x26:0x11ecc490 x27:0x00000000
        4415000	       440	00000000	00000013	addi	x0,x0,0	  x0:0x00000000
        4425000	       441	800016c0	00000013	addi	x0,x0,0	  x0:0x00000000
        4435000	       442	800016c4	1a283293	sltiu	x5,x16,418	 x16:0x80009fc4  x5=0x00000000
        4445000	       443	800016c8	012d5613	srli	x12,x26,0x12	 x26:0x11ecc490 x12=0x0000047b
        4455000	       444	800016cc	01cb5263	bge	x22,x28,800016d0	 x22:0x2586b378 x28:0xffff9700
        4465000	       445	00000000	00000013	addi	x0,x0,0	  x0:0x00000000
        4475000	       446	800016cc	00000013	addi	x0,x0,0	  x0:0x00000000
        4485000	       447	800016d0	05abe463	bltu	x23,x26,80001718	 x23:0x00000000 x26:0x11ecc490
        4495000	       448	00000000	00000013	addi	x0,x0,0	  x0:0x00000000
        4505000	       449	80001714	00000013	addi	x0,x0,0	  x0:0x00000000
        4515000	       450	80001718	02074863	blt	x14,x0,80001748	 x14:0x00000000  x0:0x00000000
        4525000	       451	8000171c	019867b3	or	x15,x16,x25	 x16:0x80009fc4 x25:0x00000000 x15=0x80009fc4
        4535000	       452	80001720	b9ee0e13	addi	x28,x28,-1122	 x28:0xffff9700 x28=0xffff929e
        4545000	       453	80001724	0022f263	bgeu	x5,x2,80001728	  x5:0x00000000  x2:0x00000001
        4555000	       454	80001728	015935b3	sltu	x11,x18,x21	 x18:0x80009f4c x21:0xffffffbd x11=0x00000001
        4565000	       455	8000172c	faf95b97	auipc	x23,0xfaf95	 x23=0x7af96728
        4575000	       456	80001730	0173b9b3	sltu	x19,x7,x23	  x7:0x0000000b x23:0x7af96728 x19=0x00000001
        4585000	       457	80001734	add55cb7	lui	x25,0xadd55	 x25=0xadd55000
        4595000	       458	80001738	02828263	beq	x5,x8,8000175c	  x5:0x00000000  x8:0x00000000
        4605000	       459	00000000	00000013	addi	x0,x0,0	  x0:0x00000000
        4615000	       460	80001758	00000013	addi	x0,x0,0	  x0:0x00000000
        4625000	       461	8000175c	01007033	and	x0,x0,x16	  x0:0x00000000 x16:0x80009fc4
        4635000	       462	80001760	00f29263	bne	x5,x15,80001764	  x5:0x00000000 x15:0x80009fc4
        4645000	       463	00000000	00000013	addi	x0,x0,0	  x0:0x00000000
        4655000	       464	80001760	00000013	addi	x0,x0,0	  x0:0x00000000
        4665000	       465	80001764	01613133	sltu	x2,x2,x22	  x2:0x00000001 x22:0x2586b378  x2=0x00000001
        4675000	       466	80001768	0095cf93	xori	x31,x11,9	 x11:0x00000001 x31=0x00000008
        4685000	       467	8000176c	be423593	sltiu	x11,x4,-1052	  x4:0x00000000 x11=0x00000001
        4695000	       468	80001770	03207263	bgeu	x0,x18,80001794	  x0:0x00000000 x18:0x80009f4c
        4705000	       469	80001774	40ecd493	srai	x9,x25,0xe	 x25:0xadd55000  x9=0xfffeb755
        4715000	       470	80001778	00615293	srli	x5,x2,0x6	  x2:0x00000001  x5=0x00000000
        4725000	       471	8000177c	001377b3	and	x15,x6,x1	  x6:0x00000000  x1:0x00000000 x15=0x00000000
        4735000	       472	80001780	05aff863	bgeu	x31,x26,800017d0	 x31:0x00000008 x26:0x11ecc490
        4745000	       473	80001784	2c851037	lui	x0,0x2c851	
        4755000	       474	80001788	01ca0463	beq	x20,x28,80001790	 x20:0x8000364c x28:0xffff929e
        4765000	       475	8000178c	40870033	sub	x0,x14,x8	 x14:0x00000000  x8:0x00000000
        4775000	       476	80001790	56247513	andi	x10,x8,1378	  x8:0x00000000 x10=0x00000000
        4785000	       477	80001794	015334b3	sltu	x9,x6,x21	  x6:0x00000000 x21:0xffffffbd  x9=0x00000001
        4795000	       478	80001798	40a30333	sub	x6,x6,x10	  x6:0x00000000 x10:0x00000000  x6=0x00000000
        4805000	       479	8000179c	40858133	sub	x2,x11,x8	 x11:0x00000001  x8:0x00000000  x2=0x00000001
        4815000	       480	800017a0	34a12b13	slti	x22,x2,842	  x2:0x00000001 x22=0x00000001
        4825000	       481	800017a4	00995e33	srl	x28,x18,x9	 x18:0x80009f4c  x9:0x00000001 x28=0x40004fa6
        4835000	       482	800017a8	033ece63	blt	x29,x19,800017e4	 x29:0x00000000 x19:0x00000001
        4845000	       483	00000000	00000013	addi	x0,x0,0	  x0:0x00000000
        4855000	       484	800017e0	00000013	addi	x0,x0,0	  x0:0x00000000
        4865000	       485	800017e4	41b68db3	sub	x27,x13,x27	 x13:0xfffff970 x27:0x00000000 x27=0xfffff970
        4875000	       486	800017e8	000f2cb3	slt	x25,x30,x0	 x30:0x00000000  x0:0x00000000 x25=0x00000000
        4885000	       487	800017ec	03dd9463	bne	x27,x29,80001814	 x27:0xfffff970 x29:0x00000000
        4895000	       488	00000000	00000013	addi	x0,x0,0	  x0:0x00000000
        4905000	       489	80001810	00000013	addi	x0,x0,0	  x0:0x00000000
        4915000	       490	80001814	01fb18b3	sll	x17,x22,x31	 x22:0x00000001 x31:0x00000008 x17=0x00000100
        4925000	       491	80001818	0087d513	srli	x10,x15,0x8	 x15:0x00000000 x10=0x00000000
        4935000	       492	8000181c	83113993	sltiu	x19,x2,-1999	  x2:0x00000001 x19=0x00000001
        4945000	       493	80001820	40a15113	srai	x2,x2,0xa	  x2:0x00000001  x2=0x00000000
        4955000	       494	80001824	ce6fbd93	sltiu	x27,x31,-794	 x31:0x00000008 x27=0x00000001
        4965000	       495	80001828	a5b1fb93	andi	x23,x3,-1445	  x3:0xfffffcd8 x23=0xfffff858
        4975000	       496	8000182c	024cf863	bgeu	x25,x4,8000185c	 x25:0x00000000  x4:0x00000000
        4985000	       497	00000000	00000013	addi	x0,x0,0	  x0:0x00000000
        4995000	       498	80001858	00000013	addi	x0,x0,0	  x0:0x00000000
        5005000	       499	8000185c	3a63bd93	sltiu	x27,x7,934	  x7:0x0000000b x27=0x00000001
        5015000	       500	80001860	e2018793	addi	x15,x3,-480	  x3:0xfffffcd8 x15=0xfffffaf8
        5025000	       501	80001864	00b91ab3	sll	x21,x18,x11	 x18:0x80009f4c x11:0x00000001 x21=0x00013e98
        5035000	       502	80001868	639d3113	sltiu	x2,x26,1593	 x26:0x11ecc490  x2=0x00000000
        5045000	       503	8000186c	d83f6a93	ori	x21,x30,-637	 x30:0x00000000 x21=0xfffffd83
        5055000	       504	80001870	9ac1a6b7	lui	x13,0x9ac1a	 x13=0x9ac1a000
        5065000	       505	80001874	02800263	beq	x0,x8,80001898	  x0:0x00000000  x8:0x00000000
        5075000	       506	00000000	00000013	addi	x0,x0,0	  x0:0x00000000
        5085000	       507	80001894	00000013	addi	x0,x0,0	  x0:0x00000000
        5095000	       508	80001898	ee1e7a13	andi	x20,x28,-287	 x28:0x40004fa6 x20=0x40004ea0
        5105000	       509	8000189c	8723b713	sltiu	x14,x7,-1934	  x7:0x0000000b x14=0x00000001
        5115000	       510	800018a0	7e7da793	slti	x15,x27,2023	 x27:0x00000001 x15=0x00000001
        5125000	       511	800018a4	009714b3	sll	x9,x14,x9	 x14:0x00000001  x9:0x00000001  x9=0x00000002
        5135000	       512	800018a8	010ed713	srli	x14,x29,0x10	 x29:0x00000000 x14=0x00000000
        5145000	       513	800018ac	000d84b3	add	x9,x27,x0	 x27:0x00000001  x0:0x00000000  x9=0x00000001
        5155000	       514	800018b0	01b11713	slli	x14,x2,0x1b	  x2:0x00000000 x14=0x00000000
        5165000	       515	800018b4	011620b3	slt	x1,x12,x17	 x12:0x0000047b x17:0x00000100  x1=0x00000000
        5175000	       516	800018b8	00928463	beq	x5,x9,800018c0	  x5:0x00000000  x9:0x00000001
        5185000	       517	800018bc	00f05313	srli	x6,x0,0xf	  x0:0x00000000  x6=0x00000000
        5195000	       518	800018c0	01ef5f33	srl	x30,x30,x30	 x30:0x00000000 x30:0x00000000 x30=0x00000000
        5205000	       519	800018c4	00ffe9b3	or	x19,x31,x15	 x31:0x00000008 x15:0x00000001 x19=0x00000009
        5215000	       520	800018c8	02674863	blt	x14,x6,800018f8	 x14:0x00000000  x6:0x00000000
        5225000	       521	800018cc	e3b97e93	andi	x29,x18,-453	 x18:0x80009f4c x29=0x80009e08
        5235000	       522	800018d0	0063c1b3	xor	x3,x7,x6	  x7:0x0000000b  x6:0x00000000  x3=0x0000000b
        5245000	       523	800018d4	41578fb3	sub	x31,x15,x21	 x15:0x00000001 x21:0xfffffd83 x31=0x0000027e
        5255000	       524	800018d8	00000013	addi	x0,x0,0	  x0:0x00000000
        5265000	       525	800018dc	ee79b237	lui	x4,0xee79b	  x4=0xee79b000
        5275000	       526	800018e0	b049cc13	xori	x24,x19,-1276	 x19:0x00000009 x24=0xfffffb0d
        5285000	       527	800018e4	59ecea93	ori	x21,x25,1438	 x25:0x00000000 x21=0x0000059e
        5295000	       528	800018e8	97f4c097	auipc	x1,0x97f4c	  x1=0x17f4d8e4
        5305000	       529	800018ec	01aa2eb3	slt	x29,x20,x26	 x20:0x40004ea0 x26:0x11ecc490 x29=0x00000000
        5315000	       530	800018f0	401551b3	sra	x3,x10,x1	 x10:0x00000000  x1:0x17f4d8e4  x3=0x00000000
        5325000	       531	800018f4	40f65c13	srai	x24,x12,0xf	 x12:0x0000047b x24=0x00000000
        5335000	       532	800018f8	41f75133	sra	x2,x14,x31	 x14:0x00000000 x31:0x0000027e  x2=0x00000000
        5345000	       533	800018fc	02ebde63	bge	x23,x14,80001938	 x23:0xfffff858 x14:0x00000000
        5355000	       534	80001900	c4ad7113	andi	x2,x26,-950	 x26:0x11ecc490  x2=0x11ecc400
        5365000	       535	80001904	00eec4b3	xor	x9,x29,x14	 x29:0x00000000 x14:0x00000000  x9=0x00000000
        5375000	       536	80001908	c19cf093	andi	x1,x25,-999	 x25:0x00000000  x1=0x00000000
        5385000	       537	8000190c	01090db3	add	x27,x18,x16	 x18:0x80009f4c x16:0x80009fc4 x27=0x00013f10
        5395000	       538	80001910	01139193	slli	x3,x7,0x11	  x7:0x0000000b  x3=0x00160000
        5405000	       539	80001914	003aa9b3	slt	x19,x21,x3	 x21:0x0000059e  x3:0x00160000 x19=0x00000001
        5415000	       540	80001918	01359193	slli	x3,x11,0x13	 x11:0x00000001  x3=0x00080000
        5425000	       541	8000191c	00cbed33	or	x26,x23,x12	 x23:0xfffff858 x12:0x0000047b x26=0xfffffc7b
        5435000	       542	80001920	034f1863	bne	x30,x20,80001950	 x30:0x00000000 x20:0x40004ea0
        5445000	       543	00000000	00000013	addi	x0,x0,0	  x0:0x00000000
        5455000	       544	8000194c	00000013	addi	x0,x0,0	  x0:0x00000000
        5465000	       545	80001950	40351ab7	lui	x21,0x40351	 x21=0x40351000
        5475000	       546	80001954	00000013	addi	x0,x0,0	  x0:0x00000000
        5485000	       547	80001958	97f29337	lui	x6,0x97f29	  x6=0x97f29000
        5495000	       548	8000195c	0176fb33	and	x22,x13,x23	 x13:0x9ac1a000 x23:0xfffff858 x22=0x9ac1a000
        5505000	       549	80001960	8a77d237	lui	x4,0x8a77d	  x4=0x8a77d000
        5515000	       550	80001964	2626b313	sltiu	x6,x13,610	 x13:0x9ac1a000  x6=0x00000000
        5525000	       551	80001968	bfa12313	slti	x6,x2,-1030	  x2:0x11ecc400  x6=0x00000000
        5535000	       552	8000196c	0dd41a63	bne	x8,x29,80001a40	  x8:0x00000000 x29:0x00000000
        5545000	       553	80001970	00007617	auipc	x12,0x7	 x12=0x8000896c
        5555000	       554	80001974	96b60613	addi	x12,x12,-1685	 x12:0x8000896c x12=0x800082d7
        5565000	       555	80001978	01460ca3	sb	x20,25(x12)	 x12:0x800082d7 x20:0x40004ea0 PA:0x800082f0
        5575000	       556	8000197c	00007517	auipc	x10,0x7	 x10=0x80008978
        5585000	       557	80001980	c0250513	addi	x10,x10,-1022	 x10:0x80008978 x10=0x8000857a
        5595000	       558	80001984	17e50283	lb	x5,382(x10)	 x10:0x8000857a  x5=0x00000000 PA:0x800086f8
        5605000	       559	80001988	00007797	auipc	x15,0x7	 x15=0x80008984
        5615000	       560	8000198c	b2478793	addi	x15,x15,-1244	 x15:0x80008984 x15=0x800084a8
        5625000	       561	80001990	00006697	auipc	x13,0x6	 x13=0x8000798c
        5635000	       562	80001994	72068693	addi	x13,x13,1824	 x13:0x8000798c x13=0x800080ac
        5645000	       563	80001998	1e9501a3	sb	x9,483(x10)	 x10:0x8000857a  x9:0x00000000 PA:0x8000875d
        5655000	       564	8000199c	03460403	lb	x8,52(x12)	 x12:0x800082d7  x8=0x00000000 PA:0x8000830b
        5665000	       565	800019a0	fc76c703	lbu	x14,-57(x13)	 x13:0x800080ac x14=0x00000000 PA:0x80008073
        5675000	       566	800019a4	00007317	auipc	x6,0x7	  x6=0x800089a0
        5685000	       567	800019a8	9de30313	addi	x6,x6,-1570	  x6:0x800089a0  x6=0x8000837e
        5695000	       568	800019ac	24950003	lb	x0,585(x10)	 x10:0x8000857a PA:0x800087c3
        5705000	       569	800019b0	fd2684a3	sb	x18,-55(x13)	 x13:0x800080ac x18:0x80009f4c PA:0x80008075
        5715000	       570	800019b4	fff78b83	lb	x23,-1(x15)	 x15:0x800084a8 x23=0x00000000 PA:0x800084a7
        5725000	       571	800019b8	02761c83	lh	x25,39(x12)	 x12:0x800082d7 x25=0x00000000 PA:0x800082fe
        5735000	       572	800019bc	fe868583	lb	x11,-24(x13)	 x13:0x800080ac x11=0x00000000 PA:0x80008094
        5745000	       573	800019c0	fec60423	sb	x12,-24(x12)	 x12:0x800082d7 x12:0x800082d7 PA:0x800082bf
        5755000	       574	800019c4	ffa7cb83	lbu	x23,-6(x15)	 x15:0x800084a8 x23=0x00000000 PA:0x800084a2
        5765000	       575	800019c8	00d30d03	lb	x26,13(x6)	  x6:0x8000837e x26=0x00000000 PA:0x8000838b
        5775000	       576	800019cc	b8450e23	sb	x4,-1124(x10)	 x10:0x8000857a  x4:0x8a77d000 PA:0x80008116
        5785000	       577	800019d0	00978583	lb	x11,9(x15)	 x15:0x800084a8 x11=0x00000000 PA:0x800084b1
        5795000	       578	800019d4	03f64703	lbu	x14,63(x12)	 x12:0x800082d7 x14=0x00000000 PA:0x80008316
        5805000	       579	800019d8	ff97c003	lbu	x0,-7(x15)	 x15:0x800084a8 PA:0x800084a1
        5815000	       580	800019dc	0026d103	lhu	x2,2(x13)	 x13:0x800080ac  x2=0x00000000 PA:0x800080ae
        5825000	       581	800019e0	25150c03	lb	x24,593(x10)	 x10:0x8000857a x24=0x00000000 PA:0x800087cb
        5835000	       582	800019e4	00e7d703	lhu	x14,14(x15)	 x15:0x800084a8 x14=0x00000000 PA:0x800084b6
        5845000	       583	800019e8	0ad54083	lbu	x1,173(x10)	 x10:0x8000857a  x1=0x00000000 PA:0x80008627
        5855000	       584	800019ec	fc864d03	lbu	x26,-56(x12)	 x12:0x800082d7 x26=0x00000000 PA:0x8000829f
        5865000	       585	800019f0	00f60a03	lb	x20,15(x12)	 x12:0x800082d7 x20=0x00000000 PA:0x800082e6
        5875000	       586	800019f4	fed6c483	lbu	x9,-19(x13)	 x13:0x800080ac  x9=0x00000000 PA:0x80008099
        5885000	       587	800019f8	01a6c983	lbu	x19,26(x13)	 x13:0x800080ac x19=0x00000000 PA:0x800080c6
        5895000	       588	800019fc	00c7a883	lw	x17,12(x15)	 x15:0x800084a8 x17=0x00000000 PA:0x800084b4
        5905000	       589	80001a00	01730223	sb	x23,4(x6)	  x6:0x8000837e x23:0x00000000 PA:0x80008382
        5915000	       590	80001a04	ff264a03	lbu	x20,-14(x12)	 x12:0x800082d7 x20=0x00000000 PA:0x800082c9
        5925000	       591	80001a08	fd369323	sh	x19,-58(x13)	 x13:0x800080ac x19:0x00000000 PA:0x80008072
        5935000	       592	80001a0c	fd160823	sb	x17,-48(x12)	 x12:0x800082d7 x17:0x00000000 PA:0x800082a7
        5945000	       593	80001a10	ad451823	sh	x20,-1328(x10)	 x10:0x8000857a x20:0x00000000 PA:0x8000804a
        5955000	       594	80001a14	21151223	sh	x17,516(x10)	 x10:0x8000857a x17:0x00000000 PA:0x8000877e
        5965000	       595	80001a18	008306a3	sb	x8,13(x6)	  x6:0x8000837e  x8:0x00000000 PA:0x8000838b
        5975000	       596	80001a1c	024681a3	sb	x4,35(x13)	 x13:0x800080ac  x4:0x8a77d000 PA:0x800080cf
        5985000	       597	80001a20	00630e03	lb	x28,6(x6)	  x6:0x8000837e x28=0x00000000 PA:0x80008384
        5995000	       598	80001a24	ffd78f03	lb	x30,-3(x15)	 x15:0x800084a8 x30=0x00000000 PA:0x800084a5
        6005000	       599	80001a28	fd361e83	lh	x29,-45(x12)	 x12:0x800082d7 x29=0x00000000 PA:0x800082aa
        6015000	       600	80001a2c	1f954a03	lbu	x20,505(x10)	 x10:0x8000857a x20=0x00000000 PA:0x80008773
        6025000	       601	80001a30	01f31423	sh	x31,8(x6)	  x6:0x8000837e x31:0x0000027e PA:0x80008386
        6035000	       602	80001a34	fe668083	lb	x1,-26(x13)	 x13:0x800080ac  x1=0x00000000 PA:0x80008092
        6045000	       603	80001a38	01315713	srli	x14,x2,0x13	  x2:0x00000000 x14=0x00000000
        6055000	       604	80001a3c	00929633	sll	x12,x5,x9	  x5:0x00000000  x9:0x00000000 x12=0x00000000
        6065000	       605	80001a40	c7717f13	andi	x30,x2,-905	  x2:0x00000000 x30=0x00000000
        6075000	       606	80001a44	85b6c613	xori	x12,x13,-1957	 x13:0x800080ac x12=0x7fff78f7
        6085000	       607	80001a48	005c68b3	or	x17,x24,x5	 x24:0x00000000  x5:0x00000000 x17=0x00000000
        6095000	       608	80001a4c	20bea313	slti	x6,x29,523	 x29:0x00000000  x6=0x00000001
        6105000	       609	80001a50	0090afb3	slt	x31,x1,x9	  x1:0x00000000  x9:0x00000000 x31=0x00000000
        6115000	       610	80001a54	9752b513	sltiu	x10,x5,-1675	  x5:0x00000000 x10=0x00000001
        6125000	       611	80001a58	89eca997	auipc	x19,0x89eca	 x19=0x09ecba54
        6135000	       612	80001a5c	01391413	slli	x8,x18,0x13	 x18:0x80009f4c  x8=0xfa600000
        6145000	       613	80001a60	009c5e93	srli	x29,x24,0x9	 x24:0x00000000 x29=0x00000000
        6155000	       614	80001a64	01be9863	bne	x29,x27,80001a74	 x29:0x00000000 x27:0x00013f10
        6165000	       615	00000000	00000013	addi	x0,x0,0	  x0:0x00000000
        6175000	       616	80001a70	00000013	addi	x0,x0,0	  x0:0x00000000
        6185000	       617	80001a74	016f5693	srli	x13,x30,0x16	 x30:0x00000000 x13=0x00000000
        6195000	       618	80001a78	035d8263	beq	x27,x21,80001a9c	 x27:0x00013f10 x21:0x40351000
        6205000	       619	80001a7c	003b9a13	slli	x20,x23,0x3	 x23:0x00000000 x20=0x00000000
        6215000	       620	80001a80	0445c863	blt	x11,x4,80001ad0	 x11:0x00000000  x4:0x8a77d000
        6225000	       621	80001a84	0062dd93	srli	x27,x5,0x6	  x5:0x00000000 x27=0x00000000
        6235000	       622	80001a88	41c959b3	sra	x19,x18,x28	 x18:0x80009f4c x28:0x00000000 x19=0x80009f4c
        6245000	       623	80001a8c	01b4c633	xor	x12,x9,x27	  x9:0x00000000 x27:0x00000000 x12=0x00000000
        6255000	       624	80001a90	00217e33	and	x28,x2,x2	  x2:0x00000000  x2:0x00000000 x28=0x00000000
        6265000	       625	80001a94	01c50263	beq	x10,x28,80001a98	 x10:0x00000001 x28:0x00000000
        6275000	       626	80001a98	00fe1b13	slli	x22,x28,0xf	 x28:0x00000000 x22=0x00000000
        6285000	       627	80001a9c	0af57313	andi	x6,x10,175	 x10:0x00000001  x6=0x00000001
        6295000	       628	80001aa0	0090d233	srl	x4,x1,x9	  x1:0x00000000  x9:0x00000000  x4=0x00000000
        6305000	       629	80001aa4	0034d493	srli	x9,x9,0x3	  x9:0x00000000  x9=0x00000000
        6315000	       630	80001aa8	dceff193	andi	x3,x31,-562	 x31:0x00000000  x3=0x00000000
        6325000	       631	80001aac	8e132793	slti	x15,x6,-1823	  x6:0x00000001 x15=0x00000000
        6335000	       632	80001ab0	6950ff13	andi	x30,x1,1685	  x1:0x00000000 x30=0x00000000
        6345000	       633	80001ab4	011f01b3	add	x3,x30,x17	 x30:0x00000000 x17:0x00000000  x3=0x00000000
        6355000	       634	80001ab8	009c3bb3	sltu	x23,x24,x9	 x24:0x00000000  x9:0x00000000 x23=0x00000000
        6365000	       635	80001abc	00acce63	blt	x25,x10,80001ad8	 x25:0x00000000 x10:0x00000001
        6375000	       636	00000000	00000013	addi	x0,x0,0	  x0:0x00000000
        6385000	       637	80001ad4	00000013	addi	x0,x0,0	  x0:0x00000000
        6395000	       638	80001ad8	0dd2f663	bgeu	x5,x29,80001ba4	  x5:0x00000000 x29:0x00000000
        6405000	       639	00000000	00000013	addi	x0,x0,0	  x0:0x00000000
        6415000	       640	80001ba0	00000013	addi	x0,x0,0	  x0:0x00000000
        6425000	       641	80001ba4	00000013	addi	x0,x0,0	  x0:0x00000000
        6435000	       642	80001ba8	122e4263	blt	x28,x2,80001ccc	 x28:0x00000000  x2:0x00000000
        6445000	       643	80001bac	0d985663	bge	x16,x25,80001c78	 x16:0x80009fc4 x25:0x00000000
        6455000	       644	80001bb0	00000013	addi	x0,x0,0	  x0:0x00000000
        6465000	       645	80001bb4	01cee433	or	x8,x29,x28	 x29:0x00000000 x28:0x00000000  x8=0x00000000
        6475000	       646	80001bb8	014560b3	or	x1,x10,x20	 x10:0x00000001 x20:0x00000000  x1=0x00000001
        6485000	       647	80001bbc	00007497	auipc	x9,0x7	  x9=0x80008bb8
        6495000	       648	80001bc0	22048493	addi	x9,x9,544	  x9:0x80008bb8  x9=0x80008dd8
        6505000	       649	80001bc4	ffc48a83	lb	x21,-4(x9)	  x9:0x80008dd8 x21=0x00000000 PA:0x80008dd4
        6515000	       650	80001bc8	ff34ce83	lbu	x29,-13(x9)	  x9:0x80008dd8 x29=0x00000000 PA:0x80008dcb
        6525000	       651	00000000	00000013	addi	x0,x0,0	  x0:0x00000000
        6535000	       652	80001bcc	01d069b3	or	x19,x0,x29	  x0:0x00000000 x29:0x00000000 x19=0x00000000
        6545000	       653	80001bd0	0144e9b3	or	x19,x9,x20	  x9:0x80008dd8 x20:0x00000000 x19=0x80008dd8
        6555000	       654	80001bd4	01d5d6b3	srl	x13,x11,x29	 x11:0x00000000 x29:0x00000000 x13=0x00000000
        6565000	       655	80001bd8	00048d83	lb	x27,0(x9)	  x9:0x80008dd8 x27=0x00000000 PA:0x80008dd8
        6575000	       656	80001bdc	ff649683	lh	x13,-10(x9)	  x9:0x80008dd8 x13=0x00000000 PA:0x80008dce
        6585000	       657	80001be0	ffc4c083	lbu	x1,-4(x9)	  x9:0x80008dd8  x1=0x00000000 PA:0x80008dd4
        6595000	       658	80001be4	ff948983	lb	x19,-7(x9)	  x9:0x80008dd8 x19=0x00000000 PA:0x80008dd1
        6605000	       659	80001be8	4d0ef2b7	lui	x5,0x4d0ef	  x5=0x4d0ef000
        6615000	       660	80001bec	00248a83	lb	x21,2(x9)	  x9:0x80008dd8 x21=0x00000000 PA:0x80008dda
        6625000	       661	80001bf0	ffd4cd83	lbu	x27,-3(x9)	  x9:0x80008dd8 x27=0x00000000 PA:0x80008dd5
        6635000	       662	80001bf4	0077d413	srli	x8,x15,0x7	 x15:0x00000000  x8=0x00000000
        6645000	       663	80001bf8	00748883	lb	x17,7(x9)	  x9:0x80008dd8 x17=0x00000000 PA:0x80008ddf
        6655000	       664	80001bfc	010fdb33	srl	x22,x31,x16	 x31:0x00000000 x16:0x80009fc4 x22=0x00000000
        6665000	       665	80001c00	411e5f93	srai	x31,x28,0x11	 x28:0x00000000 x31=0x00000000
        6675000	       666	80001c04	0074c883	lbu	x17,7(x9)	  x9:0x80008dd8 x17=0x00000000 PA:0x80008ddf
        6685000	       667	80001c08	009485a3	sb	x9,11(x9)	  x9:0x80008dd8  x9:0x80008dd8 PA:0x80008de3
        6695000	       668	80001c0c	ff54cf83	lbu	x31,-11(x9)	  x9:0x80008dd8 x31=0x00000000 PA:0x80008dcd
        6705000	       669	80001c10	00f48e03	lb	x28,15(x9)	  x9:0x80008dd8 x28=0x00000000 PA:0x80008de7
        6715000	       670	80001c14	ff848ea3	sb	x24,-3(x9)	  x9:0x80008dd8 x24:0x00000000 PA:0x80008dd5
        6725000	       671	80001c18	017bd733	srl	x14,x23,x23	 x23:0x00000000 x23:0x00000000 x14=0x00000000
        6735000	       672	80001c1c	f8378993	addi	x19,x15,-125	 x15:0x00000000 x19=0xffffff83
        6745000	       673	80001c20	5d677093	andi	x1,x14,1494	 x14:0x00000000  x1=0x00000000
        6755000	       674	80001c24	008ca233	slt	x4,x25,x8	 x25:0x00000000  x8:0x00000000  x4=0x00000000
        6765000	       675	80001c28	01048e03	lb	x28,16(x9)	  x9:0x80008dd8 x28=0x00000000 PA:0x80008de8
        6775000	       676	80001c2c	0b2c6e63	bltu	x24,x18,80001ce8	 x24:0x00000000 x18:0x80009f4c
        6785000	       677	00000000	00000013	addi	x0,x0,0	  x0:0x00000000
        6795000	       678	80001ce4	00000013	addi	x0,x0,0	  x0:0x00000000
        6805000	       679	80001ce8	b0532513	slti	x10,x6,-1275	  x6:0x00000001 x10=0x00000000
        6815000	       680	80001cec	00bac633	xor	x12,x21,x11	 x21:0x00000000 x11:0x00000000 x12=0x00000000
        6825000	       681	80001cf0	00cc0733	add	x14,x24,x12	 x24:0x00000000 x12:0x00000000 x14=0x00000000
        6835000	       682	80001cf4	57c8d037	lui	x0,0x57c8d	
        6845000	       683	80001cf8	34b20013	addi	x0,x4,843	  x4:0x00000000
        6855000	       684	80001cfc	a89cc513	xori	x10,x25,-1399	 x25:0x00000000 x10=0xfffffa89
        6865000	       685	80001d00	ee0f4093	xori	x1,x30,-288	 x30:0x00000000  x1=0xfffffee0
        6875000	       686	80001d04	000f3333	sltu	x6,x30,x0	 x30:0x00000000  x0:0x00000000  x6=0x00000000
        6885000	       687	80001d08	0075c263	blt	x11,x7,80001d0c	 x11:0x00000000  x7:0x0000000b
        6895000	       688	00000000	00000013	addi	x0,x0,0	  x0:0x00000000
        6905000	       689	80001d08	00000013	addi	x0,x0,0	  x0:0x00000000
        6915000	       690	80001d0c	ba144693	xori	x13,x8,-1119	  x8:0x00000000 x13=0xfffffba1
        6925000	       691	80001d10	013c6463	bltu	x24,x19,80001d18	 x24:0x00000000 x19:0xffffff83
        6935000	       692	00000000	00000013	addi	x0,x0,0	  x0:0x00000000
        6945000	       693	80001d14	00000013	addi	x0,x0,0	  x0:0x00000000
        6955000	       694	80001d18	07706097	auipc	x1,0x7706	  x1=0x87707d14
        6965000	       695	80001d1c	04259863	bne	x11,x2,80001d6c	 x11:0x00000000  x2:0x00000000
        6975000	       696	80001d20	0111f663	bgeu	x3,x17,80001d2c	  x3:0x00000000 x17:0x00000000
        6985000	       697	00000000	00000013	addi	x0,x0,0	  x0:0x00000000
        6995000	       698	80001d28	00000013	addi	x0,x0,0	  x0:0x00000000
        7005000	       699	80001d2c	00535263	bge	x6,x5,80001d30	  x6:0x00000000  x5:0x4d0ef000
        7015000	       700	80001d30	000cd8b3	srl	x17,x25,x0	 x25:0x00000000  x0:0x00000000 x17=0x00000000
        7025000	       701	80001d34	406e8733	sub	x14,x29,x6	 x29:0x00000000  x6:0x00000000 x14=0x00000000
        7035000	       702	80001d38	12100f17	auipc	x30,0x12100	 x30=0x92101d34
        7045000	       703	80001d3c	e2843097	auipc	x1,0xe2843	  x1=0x62844d38
        7055000	       704	80001d40	3174f613	andi	x12,x9,791	  x9:0x80008dd8 x12=0x00000110
        7065000	       705	80001d44	0daf1c37	lui	x24,0xdaf1	 x24=0x0daf1000
        7075000	       706	80001d48	0103b1b3	sltu	x3,x7,x16	  x7:0x0000000b x16:0x80009fc4  x3=0x00000001
        7085000	       707	80001d4c	03805263	bge	x0,x24,80001d70	  x0:0x00000000 x24:0x0daf1000
        7095000	       708	80001d50	4c374db7	lui	x27,0x4c374	 x27=0x4c374000
        7105000	       709	80001d54	02ddf263	bgeu	x27,x13,80001d78	 x27:0x4c374000 x13:0xfffffba1
        7115000	       710	80001d58	0020e333	or	x6,x1,x2	  x1:0x62844d38  x2:0x00000000  x6=0x62844d38
        7125000	       711	80001d5c	002ee433	or	x8,x29,x2	 x29:0x00000000  x2:0x00000000  x8=0x00000000
        7135000	       712	80001d60	011d37b3	sltu	x15,x26,x17	 x26:0x00000000 x17:0x00000000 x15=0x00000000
        7145000	       713	80001d64	403fdd93	srai	x27,x31,0x3	 x31:0x00000000 x27=0x00000000
        7155000	       714	80001d68	f34e3013	sltiu	x0,x28,-204	 x28:0x00000000
        7165000	       715	80001d6c	41f10633	sub	x12,x2,x31	  x2:0x00000000 x31:0x00000000 x12=0x00000000
        7175000	       716	80001d70	ddf60db7	lui	x27,0xddf60	 x27=0xddf60000
        7185000	       717	80001d74	58130c93	addi	x25,x6,1409	  x6:0x62844d38 x25=0x628452b9
        7195000	       718	80001d78	427cf793	andi	x15,x25,1063	 x25:0x628452b9 x15=0x00000021
        7205000	       719	80001d7c	01a60263	beq	x12,x26,80001d80	 x12:0x00000000 x26:0x00000000
        7215000	       720	00000000	00000013	addi	x0,x0,0	  x0:0x00000000
        7225000	       721	80001d7c	00000013	addi	x0,x0,0	  x0:0x00000000
        7235000	       722	80001d80	02f01e63	bne	x0,x15,80001dbc	  x0:0x00000000 x15:0x00000021
        7245000	       723	00000000	00000013	addi	x0,x0,0	  x0:0x00000000
        7255000	       724	80001db8	00000013	addi	x0,x0,0	  x0:0x00000000
        7265000	       725	80001dbc	d054c593	xori	x11,x9,-763	  x9:0x80008dd8 x11=0x7fff70dd
        7275000	       726	80001dc0	40025ab3	sra	x21,x4,x0	  x4:0x00000000  x0:0x00000000 x21=0x00000000
        7285000	       727	80001dc4	9ddf2893	slti	x17,x30,-1571	 x30:0x92101d34 x17=0x00000001
        7295000	       728	80001dc8	d5668693	addi	x13,x13,-682	 x13:0xfffffba1 x13=0xfffff8f7
        7305000	       729	80001dcc	00492083	lw	x1,4(x18)	 x18:0x80009f4c  x1=0x80000138 PA:0x80009f50
        7315000	       730	80001dd0	1597c493	xori	x9,x15,345	 x15:0x00000021  x9=0x00000178
        7325000	       731	80001dd4	005b9993	slli	x19,x23,0x5	 x23:0x00000000 x19=0x00000000
        7335000	       732	80001dd8	7878af17	auipc	x30,0x7878a	 x30=0xf878bdd4
        7345000	       733	80001ddc	03890913	addi	x18,x18,56	 x18:0x80009f4c x18=0x80009f84
        7355000	       734	80001de0	cf8e3893	sltiu	x17,x28,-776	 x28:0x00000000 x17=0x00000001
        7365000	       735	80001de4	3d6a7413	andi	x8,x20,982	 x20:0x00000000  x8=0x00000000
        7375000	       736	80001de8	017018b3	sll	x17,x0,x23	  x0:0x00000000 x23:0x00000000 x17=0x00000000
        7385000	       737	80001dec	b986a593	slti	x11,x13,-1128	 x13:0xfffff8f7 x11=0x00000001
        7395000	       738	80001df0	01fa2733	slt	x14,x20,x31	 x20:0x00000000 x31:0x00000000 x14=0x00000000
        7405000	       739	80001df4	00d8d793	srli	x15,x17,0xd	 x17:0x00000000 x15=0x00000000
        7415000	       740	80001df8	01f31f13	slli	x30,x6,0x1f	  x6:0x62844d38 x30=0x00000000
        7425000	       741	80001dfc	00008c93	addi	x25,x1,0	  x1:0x80000138 x25=0x80000138
        7435000	       742	80001e00	000c8ce7	jalr	x25,x25,0	 x25:0x80000138 x25=0x80001e00
        7445000	       743	00000000	00000013	addi	x0,x0,0	  x0:0x00000000
        7455000	       744	80000138	00000013	addi	x0,x0,0	  x0:0x00000000
        7465000	       745	8000013c	00009117	auipc	x2,0x9	  x2=0x80009138
        7475000	       746	80000140	cb210113	addi	x2,x2,-846	  x2:0x80009138  x2=0x80008dea
        7485000	       747	80000144	fa110883	lb	x17,-95(x2)	  x2:0x80008dea x17=0x00000000 PA:0x80008d8b
        7495000	       748	80000148	04c9be93	sltiu	x29,x19,76	 x19:0x00000000 x29=0x00000001
        7505000	       749	8000014c	01e91c33	sll	x24,x18,x30	 x18:0x80009f84 x30:0x00000000 x24=0x80009f84
        7515000	       750	80000150	f3c12523	sw	x28,-214(x2)	  x2:0x80008dea x28:0x00000000 PA:0x80008d14
        7525000	       751	80000154	0042d613	srli	x12,x5,0x4	  x5:0x4d0ef000 x12=0x04d0ef00
        7535000	       752	80000158	009de6b3	or	x13,x27,x9	 x27:0xddf60000  x9:0x00000178 x13=0xddf60178
        7545000	       753	8000015c	ad811a83	lh	x21,-1320(x2)	  x2:0x80008dea x21=0x00000000 PA:0x800088c2
        7555000	       754	80000160	400586b3	sub	x13,x11,x0	 x11:0x00000001  x0:0x00000000 x13=0x00000001
        7565000	       755	80000164	00000013	addi	x0,x0,0	  x0:0x00000000
        7575000	       756	80000168	00cc4f33	xor	x30,x24,x12	 x24:0x80009f84 x12:0x04d0ef00 x30=0x84d07084
        7585000	       757	8000016c	a4010123	sb	x0,-1470(x2)	  x2:0x80008dea  x0:0x00000000 PA:0x8000882c
        7595000	       758	80000170	d6c10a83	lb	x21,-660(x2)	  x2:0x80008dea x21=0x00000000 PA:0x80008b56
        7605000	       759	80000174	f5314b03	lbu	x22,-173(x2)	  x2:0x80008dea x22=0x00000000 PA:0x80008d3d
        7615000	       760	80000178	b0014203	lbu	x4,-1280(x2)	  x2:0x80008dea  x4=0x00000000 PA:0x800088ea
        7625000	       761	8000017c	40c459b3	sra	x19,x8,x12	  x8:0x00000000 x12:0x04d0ef00 x19=0x00000000
        7635000	       762	80000180	01b0ea33	or	x20,x1,x27	  x1:0x80000138 x27:0xddf60000 x20=0xddf60138
        7645000	       763	80000184	00d4acb3	slt	x25,x9,x13	  x9:0x00000178 x13:0x00000001 x25=0x00000000
        7655000	       764	80000188	fab6c6b7	lui	x13,0xfab6c	 x13=0xfab6c000
        7665000	       765	8000018c	e2892a93	slti	x21,x18,-472	 x18:0x80009f84 x21=0x00000001
        7675000	       766	80000190	b1a15983	lhu	x19,-1254(x2)	  x2:0x80008dea x19=0x00000000 PA:0x80008904
        7685000	       767	80000194	c9540f97	auipc	x31,0xc9540	 x31=0x49540190
        7695000	       768	80000198	00a439b3	sltu	x19,x8,x10	  x8:0x00000000 x10:0xfffffa89 x19=0x00000001
        7705000	       769	8000019c	c6a259b7	lui	x19,0xc6a25	 x19=0xc6a25000
        7715000	       770	800001a0	f2510223	sb	x5,-220(x2)	  x2:0x80008dea  x5:0x4d0ef000 PA:0x80008d0e
        7725000	       771	800001a4	dbc11723	sh	x28,-594(x2)	  x2:0x80008dea x28:0x00000000 PA:0x80008b98
        7735000	       772	800001a8	b045ef17	auipc	x30,0xb045e	 x30=0x3045e1a4
        7745000	       773	800001ac	a8a15783	lhu	x15,-1398(x2)	  x2:0x80008dea x15=0x00000000 PA:0x80008874
        7755000	       774	800001b0	dc414603	lbu	x12,-572(x2)	  x2:0x80008dea x12=0x00000000 PA:0x80008bae
        7765000	       775	800001b4	0f014203	lbu	x4,240(x2)	  x2:0x80008dea  x4=0x00000000 PA:0x80008eda
        7775000	       776	800001b8	d8510c83	lb	x25,-635(x2)	  x2:0x80008dea x25=0x00000000 PA:0x80008b6f
        7785000	       777	800001bc	0086d6b3	srl	x13,x13,x8	 x13:0xfab6c000  x8:0x00000000 x13=0xfab6c000
        7795000	       778	800001c0	002107a3	sb	x2,15(x2)	  x2:0x80008dea  x2:0x80008dea PA:0x80008df9
        7805000	       779	800001c4	00397733	and	x14,x18,x3	 x18:0x80009f84  x3:0x00000001 x14=0x00000000
        7815000	       780	800001c8	410edc93	srai	x25,x29,0x10	 x29:0x00000001 x25=0x00000000
        7825000	       781	800001cc	00a125b3	slt	x11,x2,x10	  x2:0x80008dea x10:0xfffffa89 x11=0x00000001
        7835000	       782	800001d0	d43a0c17	auipc	x24,0xd43a0	 x24=0x543a01cc
        7845000	       783	800001d4	bb114203	lbu	x4,-1103(x2)	  x2:0x80008dea  x4=0x00000000 PA:0x8000899b
        7855000	       784	800001d8	00f766b3	or	x13,x14,x15	 x14:0x00000000 x15:0x00000000 x13=0x00000000
        7865000	       785	800001dc	eab14e83	lbu	x29,-341(x2)	  x2:0x80008dea x29=0x00000000 PA:0x80008c95
        7875000	       786	800001e0	1585aa93	slti	x21,x11,344	 x11:0x00000001 x21=0x00000001
        7885000	       787	800001e4	405dd6b3	sra	x13,x27,x5	 x27:0xddf60000  x5:0x4d0ef000 x13=0xddf60000
        7895000	       788	800001e8	00715ab3	srl	x21,x2,x7	  x2:0x80008dea  x7:0x0000000b x21=0x00100011
        7905000	       789	800001ec	01ba2533	slt	x10,x20,x27	 x20:0xddf60138 x27:0xddf60000 x10=0x00000000
        7915000	       790	800001f0	d0210ba3	sb	x2,-745(x2)	  x2:0x80008dea  x2:0x80008dea PA:0x80008b01
        7925000	       791	800001f4	f1e10aa3	sb	x30,-235(x2)	  x2:0x80008dea x30:0x3045e1a4 PA:0x80008cff
        7935000	       792	800001f8	e8510683	lb	x13,-379(x2)	  x2:0x80008dea x13=0x00000000 PA:0x80008c6f
        7945000	       793	800001fc	b7e60e13	addi	x28,x12,-1154	 x12:0x00000000 x28=0xfffffb7e
        7955000	       794	80000200	e1212b83	lw	x23,-494(x2)	  x2:0x80008dea x23=0x00000000 PA:0x80008bfc
        7965000	       795	80000204	00008e97	auipc	x29,0x8	 x29=0x80008200
        7975000	       796	80000208	67ce8e93	addi	x29,x29,1660	 x29:0x80008200 x29=0x8000887c
        7985000	       797	8000020c	00009717	auipc	x14,0x9	 x14=0x80009208
        7995000	       798	80000210	bfd70713	addi	x14,x14,-1027	 x14:0x80009208 x14=0x80008e05
        8005000	       799	80000214	00009a17	auipc	x20,0x9	 x20=0x80009210
        8015000	       800	80000218	813a0a13	addi	x20,x20,-2029	 x20:0x80009210 x20=0x80008a23
        8025000	       801	8000021c	00009d17	auipc	x26,0x9	 x26=0x80009218
        8035000	       802	80000220	925d0d13	addi	x26,x26,-1755	 x26:0x80009218 x26=0x80008b3d
        8045000	       803	80000224	ffee8983	lb	x19,-2(x29)	 x29:0x8000887c x19=0x00000000 PA:0x8000887a
        8055000	       804	80000228	0c0a0883	lb	x17,192(x20)	 x20:0x80008a23 x17=0x00000000 PA:0x80008ae3
        8065000	       805	8000022c	f53d18a3	sh	x19,-175(x26)	 x26:0x80008b3d x19:0x00000000 PA:0x80008a8e
        8075000	       806	80000230	fcb700a3	sb	x11,-63(x14)	 x14:0x80008e05 x11:0x00000001 PA:0x80008dc6
        8085000	       807	80000234	ff7ecf83	lbu	x31,-9(x29)	 x29:0x8000887c x31=0x00000000 PA:0x80008873
        8095000	       808	80000238	00009a97	auipc	x21,0x9	 x21=0x80009234
        8105000	       809	8000023c	c67a8a93	addi	x21,x21,-921	 x21:0x80009234 x21=0x80008e9b
        8115000	       810	80000240	fe370083	lb	x1,-29(x14)	 x14:0x80008e05  x1=0x00000000 PA:0x80008de8
        8125000	       811	80000244	0f8d08a3	sb	x24,241(x26)	 x26:0x80008b3d x24:0x543a01cc PA:0x80008c2e
        8135000	       812	80000248	ff0a8203	lb	x4,-16(x21)	 x21:0x80008e9b  x4=0x00000000 PA:0x80008e8b
        8145000	       813	8000024c	fe570223	sb	x5,-28(x14)	 x14:0x80008e05  x5:0x4d0ef000 PA:0x80008de9
        8155000	       814	80000250	ff2e9183	lh	x3,-14(x29)	 x29:0x8000887c  x3=0x00000000 PA:0x8000886e
        8165000	       815	80000254	ff4d0a23	sb	x20,-12(x26)	 x26:0x80008b3d x20:0x80008a23 PA:0x80008b31
        8175000	       816	80000258	fa2a0103	lb	x2,-94(x20)	 x20:0x80008a23  x2=0x00000000 PA:0x800089c5
        8185000	       817	8000025c	026a8d83	lb	x27,38(x21)	 x21:0x80008e9b x27=0x00000000 PA:0x80008ec1
        8195000	       818	80000260	00fe8b03	lb	x22,15(x29)	 x29:0x8000887c x22=0x00000000 PA:0x8000888b
        8205000	       819	80000264	ff2a8103	lb	x2,-14(x21)	 x21:0x80008e9b  x2=0x00000000 PA:0x80008e8d
        8215000	       820	80000268	04dd1203	lh	x4,77(x26)	 x26:0x80008b3d  x4=0x00000000 PA:0x80008b8a
        8225000	       821	8000026c	01fa0d23	sb	x31,26(x20)	 x20:0x80008a23 x31:0x00000000 PA:0x80008a3d
        8235000	       822	80000270	f7cd0783	lb	x15,-132(x26)	 x26:0x80008b3d x15=0x00000000 PA:0x80008ab9
        8245000	       823	80000274	01aa81a3	sb	x26,3(x21)	 x21:0x80008e9b x26:0x80008b3d PA:0x80008e9e
        8255000	       824	80000278	fdd70e23	sb	x29,-36(x14)	 x14:0x80008e05 x29:0x8000887c PA:0x80008de1
        8265000	       825	8000027c	016a4283	lbu	x5,22(x20)	 x20:0x80008a23  x5=0x00000000 PA:0x80008a39
        8275000	       826	80000280	fe8721a3	sw	x8,-29(x14)	 x14:0x80008e05  x8:0x00000000 PA:0x80008de8
        8285000	       827	80000284	089a16a3	sh	x9,141(x20)	 x20:0x80008a23  x9:0x00000178 PA:0x80008ab0
        8295000	       828	80000288	ffeec603	lbu	x12,-2(x29)	 x29:0x8000887c x12=0x00000000 PA:0x8000887a
        8305000	       829	8000028c	03874b83	lbu	x23,56(x14)	 x14:0x80008e05 x23=0x00000000 PA:0x80008e3d
        8315000	       830	80000290	00770b23	sb	x7,22(x14)	 x14:0x80008e05  x7:0x0000000b PA:0x80008e1b
        8325000	       831	80000294	013ac183	lbu	x3,19(x21)	 x21:0x80008e9b  x3=0x00000000 PA:0x80008eae
        8335000	       832	80000298	fd1a8da3	sb	x17,-37(x21)	 x21:0x80008e9b x17:0x00000000 PA:0x80008e76
        8345000	       833	8000029c	0f2a20a3	sw	x18,225(x20)	 x20:0x80008a23 x18:0x80009f84 PA:0x80008b04
        8355000	       834	800002a0	f35d1b83	lh	x23,-203(x26)	 x26:0x80008b3d x23=0x00000000 PA:0x80008a72
        8365000	       835	800002a4	ffae9923	sh	x26,-14(x29)	 x29:0x8000887c x26:0x80008b3d PA:0x8000886e
        8375000	       836	800002a8	01270603	lb	x12,18(x14)	 x14:0x80008e05 x12=0x00000000 PA:0x80008e17
        8385000	       837	800002ac	00becc83	lbu	x25,11(x29)	 x29:0x8000887c x25=0x00000000 PA:0x80008887
        8395000	       838	800002b0	049a2483	lw	x9,73(x20)	 x20:0x80008a23  x9=0x00000000 PA:0x80008a6c
        8405000	       839	800002b4	0e4a0d23	sb	x4,250(x20)	 x20:0x80008a23  x4:0x00000000 PA:0x80008b1d
        8415000	       840	800002b8	075d0623	sb	x21,108(x26)	 x26:0x80008b3d x21:0x80008e9b PA:0x80008ba9
        8425000	       841	800002bc	002a8503	lb	x10,2(x21)	 x21:0x80008e9b x10=0x00000000 PA:0x80008e9d
        8435000	       842	800002c0	f7ad0423	sb	x26,-152(x26)	 x26:0x80008b3d x26:0x80008b3d PA:0x80008aa5
        8445000	       843	800002c4	00008a97	auipc	x21,0x8	 x21=0x800082c0
        8455000	       844	800002c8	07fa8a93	addi	x21,x21,127	 x21:0x800082c0 x21=0x8000833f
        8465000	       845	800002cc	00bac283	lbu	x5,11(x21)	 x21:0x8000833f  x5=0x00000000 PA:0x8000834a
        8475000	       846	800002d0	00ba8703	lb	x14,11(x21)	 x21:0x8000833f x14=0x00000000 PA:0x8000834a
        8485000	       847	800002d4	5980bb93	sltiu	x23,x1,1432	  x1:0x00000000 x23=0x00000001
        8495000	       848	800002d8	ff9a9603	lh	x12,-7(x21)	 x21:0x8000833f x12=0x00000000 PA:0x80008338
        8505000	       849	800002dc	00325993	srli	x19,x4,0x3	  x4:0x00000000 x19=0x00000000
        8515000	       850	800002e0	41d05333	sra	x6,x0,x29	  x0:0x00000000 x29:0x8000887c  x6=0x00000000
        8525000	       851	800002e4	ff9a9f03	lh	x30,-7(x21)	 x21:0x8000833f x30=0x00000000 PA:0x80008338
        8535000	       852	800002e8	ffba8c83	lb	x25,-5(x21)	 x21:0x8000833f x25=0x00000000 PA:0x8000833a
        8545000	       853	800002ec	ffbac783	lbu	x15,-5(x21)	 x21:0x8000833f x15=0x00000000 PA:0x8000833a
        8555000	       854	800002f0	410d8eb3	sub	x29,x27,x16	 x27:0x00000000 x16:0x80009fc4 x29=0x7fff603c
        8565000	       855	800002f4	ffda8503	lb	x10,-3(x21)	 x21:0x8000833f x10=0x00000000 PA:0x8000833c
        8575000	       856	800002f8	ffdaa703	lw	x14,-3(x21)	 x21:0x8000833f x14=0x00000000 PA:0x8000833c
        8585000	       857	800002fc	00da8623	sb	x13,12(x21)	 x21:0x8000833f x13:0x00000000 PA:0x8000834b
        8595000	       858	80000300	fe8a8b23	sb	x8,-10(x21)	 x21:0x8000833f  x8:0x00000000 PA:0x80008335
        8605000	       859	80000304	407e0633	sub	x12,x28,x7	 x28:0xfffffb7e  x7:0x0000000b x12=0xfffffb73
        8615000	       860	80000308	00b0db13	srli	x22,x1,0xb	  x1:0x00000000 x22=0x00000000
        8625000	       861	8000030c	00962cb3	slt	x25,x12,x9	 x12:0xfffffb73  x9:0x00000000 x25=0x00000001
        8635000	       862	80000310	ff9a8f23	sb	x25,-2(x21)	 x21:0x8000833f x25:0x00000001 PA:0x8000833d
        8645000	       863	80000314	005ac683	lbu	x13,5(x21)	 x21:0x8000833f x13=0x00000000 PA:0x80008344
        8655000	       864	80000318	04358863	beq	x11,x3,80000368	 x11:0x00000001  x3:0x00000000
        8665000	       865	8000031c	4095d413	srai	x8,x11,0x9	 x11:0x00000001  x8=0x00000000
        8675000	       866	80000320	00865333	srl	x6,x12,x8	 x12:0xfffffb73  x8:0x00000000  x6=0xfffffb73
        8685000	       867	80000324	4042d6b3	sra	x13,x5,x4	  x5:0x00000000  x4:0x00000000 x13=0x00000000
        8695000	       868	80000328	7da2f213	andi	x4,x5,2010	  x5:0x00000000  x4=0x00000000
        8705000	       869	8000032c	00000013	addi	x0,x0,0	  x0:0x00000000
        8715000	       870	80000330	ac00e413	ori	x8,x1,-1344	  x1:0x00000000  x8=0xfffffac0
        8725000	       871	80000334	83364593	xori	x11,x12,-1997	 x12:0xfffffb73 x11=0x00000340
        8735000	       872	80000338	02fe1463	bne	x28,x15,80000360	 x28:0xfffffb7e x15:0x00000000
        8745000	       873	00000000	00000013	addi	x0,x0,0	  x0:0x00000000
        8755000	       874	8000035c	00000013	addi	x0,x0,0	  x0:0x00000000
        8765000	       875	80000360	56593793	sltiu	x15,x18,1381	 x18:0x80009f84 x15=0x00000000
        8775000	       876	80000364	02a0d263	bge	x1,x10,80000388	  x1:0x00000000 x10:0x00000000
        8785000	       877	00000000	00000013	addi	x0,x0,0	  x0:0x00000000
        8795000	       878	80000384	00000013	addi	x0,x0,0	  x0:0x00000000
        8805000	       879	80000388	00061b93	slli	x23,x12,0x0	 x12:0xfffffb73 x23=0xfffffb73
        8815000	       880	8000038c	006a9533	sll	x10,x21,x6	 x21:0x8000833f  x6:0xfffffb73 x10=0x19f80000
        8825000	       881	80000390	405052b3	sra	x5,x0,x5	  x0:0x00000000  x5:0x00000000  x5=0x00000000
        8835000	       882	80000394	6f910b17	auipc	x22,0x6f910	 x22=0xef910390
        8845000	       883	80000398	012fc863	blt	x31,x18,800003a8	 x31:0x00000000 x18:0x80009f84
        8855000	       884	8000039c	03841463	bne	x8,x24,800003c4	  x8:0xfffffac0 x24:0x543a01cc
        8865000	       885	00000000	00000013	addi	x0,x0,0	  x0:0x00000000
        8875000	       886	800003c0	00000013	addi	x0,x0,0	  x0:0x00000000
        8885000	       887	800003c4	00000013	addi	x0,x0,0	  x0:0x00000000
        8895000	       888	800003c8	011a7463	bgeu	x20,x17,800003d0	 x20:0x80008a23 x17:0x00000000
        8905000	       889	00000000	00000013	addi	x0,x0,0	  x0:0x00000000
        8915000	       890	800003cc	00000013	addi	x0,x0,0	  x0:0x00000000
        8925000	       891	800003d0	41fad1b3	sra	x3,x21,x31	 x21:0x8000833f x31:0x00000000  x3=0x8000833f
        8935000	       892	800003d4	01f724b3	slt	x9,x14,x31	 x14:0x00000000 x31:0x00000000  x9=0x00000000
        8945000	       893	800003d8	01e95db3	srl	x27,x18,x30	 x18:0x80009f84 x30:0x00000000 x27=0x80009f84
        8955000	       894	800003dc	60622613	slti	x12,x4,1542	  x4:0x00000000 x12=0x00000001
        8965000	       895	800003e0	412202b3	sub	x5,x4,x18	  x4:0x00000000 x18:0x80009f84  x5=0x7fff607c
        8975000	       896	800003e4	40388233	sub	x4,x17,x3	 x17:0x00000000  x3:0x8000833f  x4=0x7fff7cc1
        8985000	       897	800003e8	050c0663	beq	x24,x16,80000434	 x24:0x543a01cc x16:0x80009fc4
        8995000	       898	800003ec	0047da63	bge	x15,x4,80000400	 x15:0x00000000  x4:0x7fff7cc1
        9005000	       899	800003f0	00000013	addi	x0,x0,0	  x0:0x00000000
        9015000	       900	800003f4	03c3e463	bltu	x7,x28,8000041c	  x7:0x0000000b x28:0xfffffb7e
        9025000	       901	00000000	00000013	addi	x0,x0,0	  x0:0x00000000
        9035000	       902	80000418	00000013	addi	x0,x0,0	  x0:0x00000000
        9045000	       903	8000041c	02264263	blt	x12,x2,80000440	 x12:0x00000001  x2:0x00000000
        9055000	       904	80000420	48e5ff93	andi	x31,x11,1166	 x11:0x00000340 x31=0x00000000
        9065000	       905	80000424	01a355b3	srl	x11,x6,x26	  x6:0xfffffb73 x26:0x80008b3d x11=0x00000007
        9075000	       906	80000428	59fbc993	xori	x19,x23,1439	 x23:0xfffffb73 x19=0xfffffeec
        9085000	       907	8000042c	00547663	bgeu	x8,x5,80000438	  x8:0xfffffac0  x5:0x7fff607c
        9095000	       908	00000000	00000013	addi	x0,x0,0	  x0:0x00000000
        9105000	       909	80000434	00000013	addi	x0,x0,0	  x0:0x00000000
        9115000	       910	80000438	01949e63	bne	x9,x25,80000454	  x9:0x00000000 x25:0x00000001
        9125000	       911	00000000	00000013	addi	x0,x0,0	  x0:0x00000000
        9135000	       912	80000450	00000013	addi	x0,x0,0	  x0:0x00000000
        9145000	       913	80000454	015d7c63	bgeu	x26,x21,8000046c	 x26:0x80008b3d x21:0x8000833f
        9155000	       914	00000000	00000013	addi	x0,x0,0	  x0:0x00000000
        9165000	       915	80000468	00000013	addi	x0,x0,0	  x0:0x00000000
        9175000	       916	8000046c	43cd3093	sltiu	x1,x26,1084	 x26:0x80008b3d  x1=0x00000000
        9185000	       917	80000470	01e9a0b3	slt	x1,x19,x30	 x19:0xfffffeec x30:0x00000000  x1=0x00000001
        9195000	       918	80000474	0380f863	bgeu	x1,x24,800004a4	  x1:0x00000001 x24:0x543a01cc
        9205000	       919	80000478	f34ff593	andi	x11,x31,-204	 x31:0x00000000 x11=0x00000000
        9215000	       920	8000047c	011e0263	beq	x28,x17,80000480	 x28:0xfffffb7e x17:0x00000000
        9225000	       921	80000480	406987b3	sub	x15,x19,x6	 x19:0xfffffeec  x6:0xfffffb73 x15=0x00000379
        9235000	       922	80000484	52663c93	sltiu	x25,x12,1318	 x12:0x00000001 x25=0x00000001
        9245000	       923	80000488	fabbc213	xori	x4,x23,-85	 x23:0xfffffb73  x4=0x000004d8
        9255000	       924	8000048c	01332bb3	slt	x23,x6,x19	  x6:0xfffffb73 x19:0xfffffeec x23=0x00000001
        9265000	       925	80000490	001ac8b3	xor	x17,x21,x1	 x21:0x8000833f  x1:0x00000001 x17=0x8000833e
        9275000	       926	80000494	028e1463	bne	x28,x8,800004bc	 x28:0xfffffb7e  x8:0xfffffac0
        9285000	       927	00000000	00000013	addi	x0,x0,0	  x0:0x00000000
        9295000	       928	800004b8	00000013	addi	x0,x0,0	  x0:0x00000000
        9305000	       929	800004bc	01aaee33	or	x28,x21,x26	 x21:0x8000833f x26:0x80008b3d x28=0x80008b3f
        9315000	       930	800004c0	40fad613	srai	x12,x21,0xf	 x21:0x8000833f x12=0xffff0001
        9325000	       931	800004c4	0d382213	slti	x4,x16,211	 x16:0x80009fc4  x4=0x00000001
        9335000	       932	800004c8	00394263	blt	x18,x3,800004cc	 x18:0x80009f84  x3:0x8000833f
        9345000	       933	800004cc	00855db3	srl	x27,x10,x8	 x10:0x19f80000  x8:0xfffffac0 x27=0x19f80000
        9355000	       934	800004d0	adcf8097	auipc	x1,0xadcf8	  x1=0x2dcf84cc
        9365000	       935	800004d4	005dd2b3	srl	x5,x27,x5	 x27:0x19f80000  x5:0x7fff607c  x5=0x00000001
        9375000	       936	800004d8	01054eb3	xor	x29,x10,x16	 x10:0x19f80000 x16:0x80009fc4 x29=0x99f89fc4
        9385000	       937	800004dc	4187df93	srai	x31,x15,0x18	 x15:0x00000379 x31=0x00000000
        9395000	       938	800004e0	04498197	auipc	x3,0x4498	  x3=0x844984dc
        9405000	       939	800004e4	4143d793	srai	x15,x7,0x14	  x7:0x0000000b x15=0x00000000
        9415000	       940	800004e8	014bd9b3	srl	x19,x23,x20	 x23:0x00000001 x20:0x80008a23 x19=0x00000000
        9425000	       941	800004ec	00665a93	srli	x21,x12,0x6	 x12:0xffff0001 x21=0x03fffc00
        9435000	       942	800004f0	00001597	auipc	x11,0x1	 x11=0x800014ec
        9445000	       943	800004f4	b1458593	addi	x11,x11,-1260	 x11:0x800014ec x11=0x80001000
        9455000	       944	800004f8	41478033	sub	x0,x15,x20	 x15:0x00000000 x20:0x80008a23
        9465000	       945	800004fc	03358593	addi	x11,x11,51	 x11:0x80001000 x11=0x80001033
        9475000	       946	80000500	018a1313	slli	x6,x20,0x18	 x20:0x80008a23  x6=0x23000000
        9485000	       947	80000504	002f7463	bgeu	x30,x2,8000050c	 x30:0x00000000  x2:0x00000000
        9495000	       948	00000000	00000013	addi	x0,x0,0	  x0:0x00000000
        9505000	       949	80000508	00000013	addi	x0,x0,0	  x0:0x00000000
        9515000	       950	8000050c	fce580e7	jalr	x1,x11,-50	 x11:0x80001033  x1=0x8000050c
        9525000	       951	00000000	00000013	addi	x0,x0,0	  x0:0x00000000
        9535000	       952	80001000	00000013	addi	x0,x0,0	  x0:0x00000000
        9545000	       953	80001004	00bfe463	bltu	x31,x11,8000100c	 x31:0x00000000 x11:0x80001033
        9555000	       954	00000000	00000013	addi	x0,x0,0	  x0:0x00000000
        9565000	       955	80001008	00000013	addi	x0,x0,0	  x0:0x00000000
        9575000	       956	8000100c	fc890913	addi	x18,x18,-56	 x18:0x80009f84 x18=0x80009f4c
        9585000	       957	80001010	000076b3	and	x13,x0,x0	  x0:0x00000000  x0:0x00000000 x13=0x00000000
        9595000	       958	80001014	01fef033	and	x0,x29,x31	 x29:0x99f89fc4 x31:0x00000000
        9605000	       959	80001018	e9c26197	auipc	x3,0xe9c26	  x3=0x69c27014
        9615000	       960	8000101c	00192223	sw	x1,4(x18)	 x18:0x80009f4c  x1:0x8000050c PA:0x80009f50
        9625000	       961	80001020	00000013	addi	x0,x0,0	  x0:0x00000000
        9635000	       962	80001024	2ce825b7	lui	x11,0x2ce82	 x11=0x2ce82000
        9645000	       963	80001028	00007117	auipc	x2,0x7	  x2=0x80008024
        9655000	       964	8000102c	0b210113	addi	x2,x2,178	  x2:0x80008024  x2=0x800080d6
        9665000	       965	80001030	c737c893	xori	x17,x15,-909	 x15:0x00000000 x17=0xfffffc73
        9675000	       966	80001034	fe910a83	lb	x21,-23(x2)	  x2:0x800080d6 x21=0x00000000 PA:0x800080bf
        9685000	       967	80001038	00165533	srl	x10,x12,x1	 x12:0xffff0001  x1:0x8000050c x10=0x000ffff0
        9695000	       968	8000103c	01a14003	lbu	x0,26(x2)	  x2:0x800080d6 PA:0x800080f0
        9705000	       969	80001040	02110c23	sb	x1,56(x2)	  x2:0x800080d6  x1:0x8000050c PA:0x8000810e
        9715000	       970	80001044	02c15783	lhu	x15,44(x2)	  x2:0x800080d6 x15=0x00000000 PA:0x80008102
        9725000	       971	80001048	00c2a633	slt	x12,x5,x12	  x5:0x00000001 x12:0xffff0001 x12=0x00000000
        9735000	       972	8000104c	01c104a3	sb	x28,9(x2)	  x2:0x800080d6 x28:0x80008b3f PA:0x800080df
        9745000	       973	80001050	c7bf0993	addi	x19,x30,-901	 x30:0x00000000 x19=0xfffffc7b
        9755000	       974	80001054	44413e13	sltiu	x28,x2,1092	  x2:0x800080d6 x28=0x00000000
        9765000	       975	80001058	ff810c83	lb	x25,-8(x2)	  x2:0x800080d6 x25=0x00000000 PA:0x800080ce
        9775000	       976	8000105c	fe110a83	lb	x21,-31(x2)	  x2:0x800080d6 x21=0x00000000 PA:0x800080b7
        9785000	       977	80001060	01e42eb3	slt	x29,x8,x30	  x8:0xfffffac0 x30:0x00000000 x29=0x00000001
        9795000	       978	80001064	fe0104a3	sb	x0,-23(x2)	  x2:0x800080d6  x0:0x00000000 PA:0x800080bf
        9805000	       979	80001068	00411493	slli	x9,x2,0x4	  x2:0x800080d6  x9=0x00080d60
        9815000	       980	8000106c	017ecdb3	xor	x27,x29,x23	 x29:0x00000001 x23:0x00000001 x27=0x00000000
        9825000	       981	80001070	01307a33	and	x20,x0,x19	  x0:0x00000000 x19:0xfffffc7b x20=0x00000000
        9835000	       982	80001074	8a0e0193	addi	x3,x28,-1888	 x28:0x00000000  x3=0xfffff8a0
        9845000	       983	80001078	fed10483	lb	x9,-19(x2)	  x2:0x800080d6  x9=0x00000000 PA:0x800080c3
        9855000	       984	8000107c	fff10b03	lb	x22,-1(x2)	  x2:0x800080d6 x22=0x00000000 PA:0x800080d5
        9865000	       985	80001080	00d94a33	xor	x20,x18,x13	 x18:0x80009f4c x13:0x00000000 x20=0x80009f4c
        9875000	       986	80001084	00414c83	lbu	x25,4(x2)	  x2:0x800080d6 x25=0x00000000 PA:0x800080da
        9885000	       987	00000000	00000013	addi	x0,x0,0	  x0:0x00000000
        9895000	       988	80001088	5ebcbf13	sltiu	x30,x25,1515	 x25:0x00000000 x30=0x00000001
        9905000	       989	8000108c	01e88333	add	x6,x17,x30	 x17:0xfffffc73 x30:0x00000001  x6=0xfffffc74
        9915000	       990	80001090	728480b7	lui	x1,0x72848	  x1=0x72848000
        9925000	       991	80001094	ff611583	lh	x11,-10(x2)	  x2:0x800080d6 x11=0x00000000 PA:0x800080cc
        9935000	       992	80001098	ffc11c23	sh	x28,-8(x2)	  x2:0x800080d6 x28:0x00000000 PA:0x800080ce
        9945000	       993	8000109c	18856a13	ori	x20,x10,392	 x10:0x000ffff0 x20=0x000ffff8
        9955000	       994	800010a0	fc910723	sb	x9,-50(x2)	  x2:0x800080d6  x9:0x00000000 PA:0x800080a4
        9965000	       995	800010a4	02f10b23	sb	x15,54(x2)	  x2:0x800080d6 x15:0x00000000 PA:0x8000810c
        9975000	       996	800010a8	a3733493	sltiu	x9,x6,-1481	  x6:0xfffffc74  x9=0x00000000
        9985000	       997	800010ac	02612a03	lw	x20,38(x2)	  x2:0x800080d6 x20=0x00000000 PA:0x800080fc
        9995000	       998	00000000	00000013	addi	x0,x0,0	  x0:0x00000000
       10005000	       999	800010b0	01494e33	xor	x28,x18,x20	 x18:0x80009f4c x20:0x00000000 x28=0x80009f4c
       10015000	      1000	800010b4	017a8e33	add	x28,x21,x23	 x21:0x00000000 x23:0x00000001 x28=0x00000001
       10025000	      1001	800010b8	fe114b03	lbu	x22,-31(x2)	  x2:0x800080d6 x22=0x00000000 PA:0x800080b7
       10035000	      1002	800010bc	41c35613	srai	x12,x6,0x1c	  x6:0xfffffc74 x12=0xffffffff
       10045000	      1003	800010c0	03f10e23	sb	x31,60(x2)	  x2:0x800080d6 x31:0x00000000 PA:0x80008112
       10055000	      1004	800010c4	7b563093	sltiu	x1,x12,1973	 x12:0xffffffff  x1=0x00000000
       10065000	      1005	800010c8	c63e0f13	addi	x30,x28,-925	 x28:0x00000001 x30=0xfffffc64
       10075000	      1006	800010cc	00000013	addi	x0,x0,0	  x0:0x00000000
       10085000	      1007	800010d0	01477333	and	x6,x14,x20	 x14:0x00000000 x20:0x00000000  x6=0x00000000
       10095000	      1008	800010d4	401c04b3	sub	x9,x24,x1	 x24:0x543a01cc  x1:0x00000000  x9=0x543a01cc
       10105000	      1009	800010d8	016fab33	slt	x22,x31,x22	 x31:0x00000000 x22:0x00000000 x22=0x00000000
       10115000	      1010	800010dc	03900893	addi	x17,x0,57	  x0:0x00000000 x17=0x00000039
       10125000	      1011	800010e0	00629ab3	sll	x21,x5,x6	  x5:0x00000001  x6:0x00000000 x21=0x00000001
       10135000	      1012	800010e4	fd310203	lb	x4,-45(x2)	  x2:0x800080d6  x4=0x00000000 PA:0x800080a9
       10145000	      1013	800010e8	00007117	auipc	x2,0x7	  x2=0x800080e4
       10155000	      1014	800010ec	5eb10113	addi	x2,x2,1515	  x2:0x800080e4  x2=0x800086cf
       10165000	      1015	800010f0	ffd12183	lw	x3,-3(x2)	  x2:0x800086cf  x3=0x00000000 PA:0x800086cc
       10175000	      1016	800010f4	ffd15e03	lhu	x28,-3(x2)	  x2:0x800086cf x28=0x00000000 PA:0x800086cc
       10185000	      1017	800010f8	40cb0733	sub	x14,x22,x12	 x22:0x00000000 x12:0xffffffff x14=0x00000001
       10195000	      1018	800010fc	ffc10483	lb	x9,-4(x2)	  x2:0x800086cf  x9=0x00000000 PA:0x800086cb
       10205000	      1019	80001100	00d126a3	sw	x13,13(x2)	  x2:0x800086cf x13:0x00000000 PA:0x800086dc
       10215000	      1020	80001104	00310303	lb	x6,3(x2)	  x2:0x800086cf  x6=0x00000000 PA:0x800086d2
       10225000	      1021	80001108	03814783	lbu	x15,56(x2)	  x2:0x800086cf x15=0x00000000 PA:0x80008707
       10235000	      1022	8000110c	ff110723	sb	x17,-18(x2)	  x2:0x800086cf x17:0x00000039 PA:0x800086bd
       10245000	      1023	80001110	02c10e23	sb	x12,60(x2)	  x2:0x800086cf x12:0xffffffff PA:0x8000870b
       10255000	      1024	80001114	fe111c83	lh	x25,-31(x2)	  x2:0x800086cf x25=0x00000001 PA:0x800086b0
       10265000	      1025	80001118	ff6100a3	sb	x22,-31(x2)	  x2:0x800086cf x22:0x00000000 PA:0x800086b0
       10275000	      1026	8000111c	00ca80b3	add	x1,x21,x12	 x21:0x00000001 x12:0xffffffff  x1=0x00000000
       10285000	      1027	80001120	02e10623	sb	x14,44(x2)	  x2:0x800086cf x14:0x00000001 PA:0x800086fb
       10295000	      1028	80001124	3d6595b7	lui	x11,0x3d659	 x11=0x3d659000
       10305000	      1029	80001128	01210783	lb	x15,18(x2)	  x2:0x800086cf x15=0x00000000 PA:0x800086e1
       10315000	      1030	8000112c	00b14503	lbu	x10,11(x2)	  x2:0x800086cf x10=0x00000000 PA:0x800086da
       10325000	      1031	80001130	71beff93	andi	x31,x29,1819	 x29:0x00000001 x31=0x00000001
       10335000	      1032	80001134	fcc10c83	lb	x25,-52(x2)	  x2:0x800086cf x25=0x00000000 PA:0x8000869b
       10345000	      1033	80001138	fef7c693	xori	x13,x15,-17	 x15:0x00000000 x13=0xffffffef
       10355000	      1034	8000113c	fcc14083	lbu	x1,-52(x2)	  x2:0x800086cf  x1=0x00000000 PA:0x8000869b
       10365000	      1035	80001140	fd910123	sb	x25,-62(x2)	  x2:0x800086cf x25:0x00000000 PA:0x80008691
       10375000	      1036	80001144	fd114503	lbu	x10,-47(x2)	  x2:0x800086cf x10=0x00000000 PA:0x800086a0
       10385000	      1037	80001148	01375713	srli	x14,x14,0x13	 x14:0x00000001 x14=0x00000000
       10395000	      1038	8000114c	01414783	lbu	x15,20(x2)	  x2:0x800086cf x15=0x00000000 PA:0x800086e3
       10405000	      1039	80001150	fd115983	lhu	x19,-47(x2)	  x2:0x800086cf x19=0x00000000 PA:0x800086a0
       10415000	      1040	80001154	00008a97	auipc	x21,0x8	 x21=0x80009150
       10425000	      1041	80001158	88ba8a93	addi	x21,x21,-1909	 x21:0x80009150 x21=0x800089db
       10435000	      1042	8000115c	025a9ea3	sh	x5,61(x21)	 x21:0x800089db  x5:0x00000001 PA:0x80008a18
       10445000	      1043	80001160	0b8ac603	lbu	x12,184(x21)	 x21:0x800089db x12=0x00000000 PA:0x80008a93
       10455000	      1044	80001164	00008297	auipc	x5,0x8	  x5=0x80009160
       10465000	      1045	80001168	adb28293	addi	x5,x5,-1317	  x5:0x80009160  x5=0x80008c3b
       10475000	      1046	8000116c	00008997	auipc	x19,0x8	 x19=0x80009168
       10485000	      1047	80001170	b5898993	addi	x19,x19,-1192	 x19:0x80009168 x19=0x80008cc0
       10495000	      1048	80001174	04e28023	sb	x14,64(x5)	  x5:0x80008c3b x14:0x00000000 PA:0x80008c7b
       10505000	      1049	80001178	02fadb03	lhu	x22,47(x21)	 x21:0x800089db x22=0x00000000 PA:0x80008a0a
       10515000	      1050	8000117c	f1dacb83	lbu	x23,-227(x21)	 x21:0x800089db x23=0x00000000 PA:0x800088f8
       10525000	      1051	80001180	f399cc03	lbu	x24,-199(x19)	 x19:0x80008cc0 x24=0x00000000 PA:0x80008bf9
       10535000	      1052	80001184	0112ac03	lw	x24,17(x5)	  x5:0x80008c3b x24=0x00000000 PA:0x80008c4c
       10545000	      1053	80001188	07baaca3	sw	x27,121(x21)	 x21:0x800089db x27:0x00000000 PA:0x80008a54
       10555000	      1054	8000118c	f44a86a3	sb	x4,-179(x21)	 x21:0x800089db  x4:0x00000000 PA:0x80008928
       10565000	      1055	80001190	07698223	sb	x22,100(x19)	 x19:0x80008cc0 x22:0x00000000 PA:0x80008d24
       10575000	      1056	80001194	01628623	sb	x22,12(x5)	  x5:0x80008c3b x22:0x00000000 PA:0x80008c47
       10585000	      1057	80001198	fdca8783	lb	x15,-36(x21)	 x21:0x800089db x15=0x00000000 PA:0x800089b7
       10595000	      1058	8000119c	0c998fa3	sb	x9,223(x19)	 x19:0x80008cc0  x9:0x00000000 PA:0x80008d9f
       10605000	      1059	800011a0	f58ac183	lbu	x3,-168(x21)	 x21:0x800089db  x3=0x00000000 PA:0x80008933
       10615000	      1060	800011a4	f3b98703	lb	x14,-197(x19)	 x19:0x80008cc0 x14=0x00000000 PA:0x80008bfb
       10625000	      1061	800011a8	01428e23	sb	x20,28(x5)	  x5:0x80008c3b x20:0x00000000 PA:0x80008c57
       10635000	      1062	800011ac	f1298623	sb	x18,-244(x19)	 x19:0x80008cc0 x18:0x80009f4c PA:0x80008bcc
       10645000	      1063	800011b0	03d29203	lh	x4,61(x5)	  x5:0x80008c3b  x4=0x00000000 PA:0x80008c78
       10655000	      1064	800011b4	031295a3	sh	x17,43(x5)	  x5:0x80008c3b x17:0x00000039 PA:0x80008c66
       10665000	      1065	800011b8	02328e83	lb	x29,35(x5)	  x5:0x80008c3b x29=0x00000000 PA:0x80008c5e
       10675000	      1066	800011bc	f969cf03	lbu	x30,-106(x19)	 x19:0x80008cc0 x30=0x00000000 PA:0x80008c56
       10685000	      1067	800011c0	fdb98483	lb	x9,-37(x19)	 x19:0x80008cc0  x9=0x00000000 PA:0x80008c9b
       10695000	      1068	00000000	00000013	addi	x0,x0,0	  x0:0x00000000
       10705000	      1069	800011c4	fc92d183	lhu	x3,-55(x5)	  x5:0x80008c3b  x3=0x00000000 PA:0x80008c04
       10715000	      1070	800011c8	0eba9583	lh	x11,235(x21)	 x21:0x800089db x11=0x00000000 PA:0x80008ac6
       10725000	      1071	800011cc	0969d183	lhu	x3,150(x19)	 x19:0x80008cc0  x3=0x00000000 PA:0x80008d56
       10735000	      1072	800011d0	00007897	auipc	x17,0x7	 x17=0x800081cc
       10745000	      1073	800011d4	1aa88893	addi	x17,x17,426	 x17:0x800081cc x17=0x80008376
       10755000	      1074	800011d8	f168d703	lhu	x14,-234(x17)	 x17:0x80008376 x14=0x00000000 PA:0x8000828c
       10765000	      1075	800011dc	0518ca03	lbu	x20,81(x17)	 x17:0x80008376 x20=0x00000000 PA:0x800083c7
       10775000	      1076	800011e0	f3f8a323	sw	x31,-218(x17)	 x17:0x80008376 x31:0x00000001 PA:0x8000829c
       10785000	      1077	800011e4	00007f97	auipc	x31,0x7	 x31=0x800081e0
       10795000	      1078	800011e8	40ff8f93	addi	x31,x31,1039	 x31:0x800081e0 x31=0x800085ef
       10805000	      1079	800011ec	fd7fc503	lbu	x10,-41(x31)	 x31:0x800085ef x10=0x00000000 PA:0x800085c6
       10815000	      1080	800011f0	f52f8523	sb	x18,-182(x31)	 x31:0x800085ef x18:0x80009f4c PA:0x80008539
       10825000	      1081	800011f4	f08887a3	sb	x8,-241(x17)	 x17:0x80008376  x8:0xfffffac0 PA:0x80008285
       10835000	      1082	800011f8	f85fa6a3	sw	x5,-115(x31)	 x31:0x800085ef  x5:0x80008c3b PA:0x8000857c
       10845000	      1083	800011fc	f04f97a3	sh	x4,-241(x31)	 x31:0x800085ef  x4:0x00000000 PA:0x800084fe
       10855000	      1084	80001200	0a98c403	lbu	x8,169(x17)	 x17:0x80008376  x8=0x00000000 PA:0x8000841f
       10865000	      1085	80001204	f3e89483	lh	x9,-194(x17)	 x17:0x80008376  x9=0x00000000 PA:0x800082b4
       10875000	      1086	80001208	0c8faea3	sw	x8,221(x31)	 x31:0x800085ef  x8:0x00000000 PA:0x800086cc
       10885000	      1087	8000120c	f338ce83	lbu	x29,-205(x17)	 x17:0x80008376 x29=0x00000000 PA:0x800082a9
       10895000	      1088	80001210	f65f8a23	sb	x5,-140(x31)	 x31:0x800085ef  x5:0x80008c3b PA:0x80008563
       10905000	      1089	80001214	f7cf8e83	lb	x29,-132(x31)	 x31:0x800085ef x29=0x00000000 PA:0x8000856b
       10915000	      1090	80001218	fa88c983	lbu	x19,-88(x17)	 x17:0x80008376 x19=0x00000000 PA:0x8000831e
       10925000	      1091	8000121c	00007f17	auipc	x30,0x7	 x30=0x80008218
       10935000	      1092	80001220	e3ff0f13	addi	x30,x30,-449	 x30:0x80008218 x30=0x80008057
       10945000	      1093	80001224	ff9f0603	lb	x12,-7(x30)	 x30:0x80008057 x12=0x00000000 PA:0x80008050
       10955000	      1094	80001228	ff9f0983	lb	x19,-7(x30)	 x30:0x80008057 x19=0x00000000 PA:0x80008050
       10965000	      1095	8000122c	00675eb3	srl	x29,x14,x6	 x14:0x00000000  x6:0x00000000 x29=0x00000000
       10975000	      1096	80001230	01df0923	sb	x29,18(x30)	 x30:0x80008057 x29:0x00000000 PA:0x80008069
       10985000	      1097	80001234	012f4983	lbu	x19,18(x30)	 x30:0x80008057 x19=0x00000000 PA:0x80008069
       10995000	      1098	80001238	012f4a83	lbu	x21,18(x30)	 x30:0x80008057 x21=0x00000000 PA:0x80008069
       11005000	      1099	8000123c	040f4403	lbu	x8,64(x30)	 x30:0x80008057  x8=0x00000000 PA:0x80008097
       11015000	      1100	80001240	040f4f83	lbu	x31,64(x30)	 x30:0x80008057 x31=0x00000000 PA:0x80008097
       11025000	      1101	80001244	006c8ab3	add	x21,x25,x6	 x25:0x00000000  x6:0x00000000 x21=0x00000000
       11035000	      1102	80001248	040f4a03	lbu	x20,64(x30)	 x30:0x80008057 x20=0x00000000 PA:0x80008097
       11045000	      1103	8000124c	02bf1b83	lh	x23,43(x30)	 x30:0x80008057 x23=0x00000000 PA:0x80008082
       11055000	      1104	80001250	021f05a3	sb	x1,43(x30)	 x30:0x80008057  x1:0x00000000 PA:0x80008082
       11065000	      1105	80001254	001f1283	lh	x5,1(x30)	 x30:0x80008057  x5=0xffffffef PA:0x80008058
       11075000	      1106	80001258	001f1783	lh	x15,1(x30)	 x30:0x80008057 x15=0xffffffef PA:0x80008058
       11085000	      1107	8000125c	017a49b3	xor	x19,x20,x23	 x20:0x00000000 x23:0x00000000 x19=0x00000000
       11095000	      1108	80001260	00df10a3	sh	x13,1(x30)	 x30:0x80008057 x13:0xffffffef PA:0x80008058
       11105000	      1109	80001264	001f2303	lw	x6,1(x30)	 x30:0x80008057  x6=0x0000ffef PA:0x80008058
       11115000	      1110	80001268	00ff17b3	sll	x15,x30,x15	 x30:0x80008057 x15:0xffffffef x15=0x402b8000
       11125000	      1111	8000126c	001f2203	lw	x4,1(x30)	 x30:0x80008057  x4=0x0000ffef PA:0x80008058
       11135000	      1112	80001270	040f4c03	lbu	x24,64(x30)	 x30:0x80008057 x24=0x00000000 PA:0x80008097
       11145000	      1113	80001274	040f4103	lbu	x2,64(x30)	 x30:0x80008057  x2=0x00000000 PA:0x80008097
       11155000	      1114	80001278	00007a17	auipc	x20,0x7	 x20=0x80008274
       11165000	      1115	8000127c	2cda0a13	addi	x20,x20,717	 x20:0x80008274 x20=0x80008541
       11175000	      1116	80001280	00007197	auipc	x3,0x7	  x3=0x8000827c
       11185000	      1117	80001284	4d218193	addi	x3,x3,1234	  x3:0x8000827c  x3=0x8000874e
       11195000	      1118	80001288	ff018103	lb	x2,-16(x3)	  x3:0x8000874e  x2=0x00000000 PA:0x8000873e
       11205000	      1119	8000128c	d69a0923	sb	x9,-654(x20)	 x20:0x80008541  x9:0x00000000 PA:0x800082b3
       11215000	      1120	80001290	0001d303	lhu	x6,0(x3)	  x3:0x8000874e  x6=0x00000000 PA:0x8000874e
       11225000	      1121	80001294	f94a4983	lbu	x19,-108(x20)	 x20:0x80008541 x19=0x00000000 PA:0x800084d5
       11235000	      1122	80001298	1cba5403	lhu	x8,459(x20)	 x20:0x80008541  x8=0x00000000 PA:0x8000870c
       11245000	      1123	8000129c	00319323	sh	x3,6(x3)	  x3:0x8000874e  x3:0x8000874e PA:0x80008754
       11255000	      1124	800012a0	23aa4b03	lbu	x22,570(x20)	 x20:0x80008541 x22=0x00000000 PA:0x8000877b
       11265000	      1125	800012a4	28aa4d83	lbu	x27,650(x20)	 x20:0x80008541 x27=0x00000000 PA:0x800087cb
       11275000	      1126	800012a8	181a4703	lbu	x14,385(x20)	 x20:0x80008541 x14=0x00000000 PA:0x800086c2
       11285000	      1127	800012ac	01e183a3	sb	x30,7(x3)	  x3:0x8000874e x30:0x80008057 PA:0x80008755
       11295000	      1128	800012b0	d88a0923	sb	x8,-622(x20)	 x20:0x80008541  x8:0x00000000 PA:0x800082d3
       11305000	      1129	800012b4	fef19b23	sh	x15,-10(x3)	  x3:0x8000874e x15:0x402b8000 PA:0x80008744
       11315000	      1130	800012b8	00007e17	auipc	x28,0x7	 x28=0x800082b4
       11325000	      1131	800012bc	588e0e13	addi	x28,x28,1416	 x28:0x800082b4 x28=0x8000883c
       11335000	      1132	800012c0	028e0a03	lb	x20,40(x28)	 x28:0x8000883c x20=0xffffffef PA:0x80008864
       11345000	      1133	800012c4	028e2d83	lw	x27,40(x28)	 x28:0x8000883c x27=0x000000ef PA:0x80008864
       11355000	      1134	800012c8	02de0423	sb	x13,40(x28)	 x28:0x8000883c x13:0xffffffef PA:0x80008864
       11365000	      1135	800012cc	028e0003	lb	x0,40(x28)	 x28:0x8000883c PA:0x80008864
       11375000	      1136	800012d0	054e4b83	lbu	x23,84(x28)	 x28:0x8000883c x23=0x00000000 PA:0x80008890
       11385000	      1137	800012d4	054e1983	lh	x19,84(x28)	 x28:0x8000883c x19=0x00000000 PA:0x80008890
       11395000	      1138	800012d8	054e5483	lhu	x9,84(x28)	 x28:0x8000883c  x9=0x00000000 PA:0x80008890
       11405000	      1139	800012dc	0b2e0ca3	sb	x18,185(x28)	 x28:0x8000883c x18:0x80009f4c PA:0x800088f5
       11415000	      1140	800012e0	0b0e0ca3	sb	x16,185(x28)	 x28:0x8000883c x16:0x80009fc4 PA:0x800088f5
       11425000	      1141	800012e4	0b9e0403	lb	x8,185(x28)	 x28:0x8000883c  x8=0xffffffc4 PA:0x800088f5
       11435000	      1142	800012e8	09be05a3	sb	x27,139(x28)	 x28:0x8000883c x27:0x000000ef PA:0x800088c7
       11445000	      1143	800012ec	096e05a3	sb	x22,139(x28)	 x28:0x8000883c x22:0x00000000 PA:0x800088c7
       11455000	      1144	800012f0	a6f85637	lui	x12,0xa6f85	 x12=0xa6f85000
       11465000	      1145	800012f4	027e06a3	sb	x7,45(x28)	 x28:0x8000883c  x7:0x0000000b PA:0x80008869
       11475000	      1146	800012f8	0b6e1223	sh	x22,164(x28)	 x28:0x8000883c x22:0x00000000 PA:0x800088e0
       11485000	      1147	800012fc	0ade0223	sb	x13,164(x28)	 x28:0x8000883c x13:0xffffffef PA:0x800088e0
       11495000	      1148	80001300	00007e97	auipc	x29,0x7	 x29=0x800082fc
       11505000	      1149	80001304	d50e8e93	addi	x29,x29,-688	 x29:0x800082fc x29=0x8000804c
       11515000	      1150	80001308	586ec783	lbu	x15,1414(x29)	 x29:0x8000804c x15=0x00000000 PA:0x800085d2
       11525000	      1151	8000130c	2f9ecb83	lbu	x23,761(x29)	 x29:0x8000804c x23=0x00000000 PA:0x80008345
       11535000	      1152	80001310	003d8fb3	add	x31,x27,x3	 x27:0x000000ef  x3:0x8000874e x31=0x8000883d
       11545000	      1153	80001314	651ecd03	lbu	x26,1617(x29)	 x29:0x8000804c x26=0x00000000 PA:0x8000869d
       11555000	      1154	80001318	004af2b3	and	x5,x21,x4	 x21:0x00000000  x4:0x0000ffef  x5=0x00000000
       11565000	      1155	8000131c	73be9923	sh	x27,1842(x29)	 x29:0x8000804c x27:0x000000ef PA:0x8000877e
       11575000	      1156	80001320	000c21b3	slt	x3,x24,x0	 x24:0x00000000  x0:0x00000000  x3=0x00000000
       11585000	      1157	80001324	75dec483	lbu	x9,1885(x29)	 x29:0x8000804c  x9=0x00000000 PA:0x800087a9
       11595000	      1158	80001328	41bc01b3	sub	x3,x24,x27	 x24:0x00000000 x27:0x000000ef  x3=0xffffff11
       11605000	      1159	8000132c	3d4a8037	lui	x0,0x3d4a8	
       11615000	      1160	80001330	749e84a3	sb	x9,1865(x29)	 x29:0x8000804c  x9:0x00000000 PA:0x80008795
       11625000	      1161	80001334	434e9583	lh	x11,1076(x29)	 x29:0x8000804c x11=0x00000000 PA:0x80008480
       11635000	      1162	80001338	01e1d013	srli	x0,x3,0x1e	  x3:0xffffff11
       11645000	      1163	8000133c	00b51593	slli	x11,x10,0xb	 x10:0x00000000 x11=0x00000000
       11655000	      1164	80001340	7d743d17	auipc	x26,0x7d743	 x26=0xfd74433c
       11665000	      1165	80001344	00000013	addi	x0,x0,0	  x0:0x00000000
       11675000	      1166	80001348	5dbe8a03	lb	x20,1499(x29)	 x29:0x8000804c x20=0x00000000 PA:0x80008627
       11685000	      1167	8000134c	5a2e8783	lb	x15,1442(x29)	 x29:0x8000804c x15=0x00000000 PA:0x800085ee
       11695000	      1168	80001350	683e8183	lb	x3,1667(x29)	 x29:0x8000804c  x3=0x00000000 PA:0x800086cf
       11705000	      1169	80001354	717eca03	lbu	x20,1815(x29)	 x29:0x8000804c x20=0x00000000 PA:0x80008763
       11715000	      1170	80001358	010ea083	lw	x1,16(x29)	 x29:0x8000804c  x1=0x00000000 PA:0x8000805c
       11725000	      1171	8000135c	c57a7213	andi	x4,x20,-937	 x20:0x00000000  x4=0x00000000
       11735000	      1172	80001360	495e8283	lb	x5,1173(x29)	 x29:0x8000804c  x5=0x00000000 PA:0x800084e1
       11745000	      1173	80001364	5b3e8da3	sb	x19,1467(x29)	 x29:0x8000804c x19:0x00000000 PA:0x80008607
       11755000	      1174	80001368	00a02f33	slt	x30,x0,x10	  x0:0x00000000 x10:0x00000000 x30=0x00000000
       11765000	      1175	8000136c	1efe8503	lb	x10,495(x29)	 x29:0x8000804c x10=0x00000000 PA:0x8000823b
       11775000	      1176	80001370	55ae8023	sb	x26,1344(x29)	 x29:0x8000804c x26:0xfd74433c PA:0x8000858c
       11785000	      1177	80001374	2a1e8d03	lb	x26,673(x29)	 x29:0x8000804c x26=0x00000000 PA:0x800082ed
       11795000	      1178	80001378	002a9033	sll	x0,x21,x2	 x21:0x00000000  x2:0x00000000
       11805000	      1179	8000137c	a586ab17	auipc	x22,0xa586a	 x22=0x2586b378
       11815000	      1180	80001380	72f8b4b7	lui	x9,0x72f8b	  x9=0x72f8b000
       11825000	      1181	80001384	01d95a13	srli	x20,x18,0x1d	 x18:0x80009f4c x20=0x00000004
       11835000	      1182	80001388	4191d533	sra	x10,x3,x25	  x3:0x00000000 x25:0x00000000 x10=0x00000000
       11845000	      1183	8000138c	4618bf93	sltiu	x31,x17,1121	 x17:0x80008376 x31=0x00000000
       11855000	      1184	80001390	1e8ed103	lhu	x2,488(x29)	 x29:0x8000804c  x2=0x00000000 PA:0x80008234
       11865000	      1185	80001394	6f7e8c03	lb	x24,1783(x29)	 x29:0x8000804c x24=0x00000000 PA:0x80008743
       11875000	      1186	80001398	01f494b3	sll	x9,x9,x31	  x9:0x72f8b000 x31:0x00000000  x9=0x72f8b000
       11885000	      1187	8000139c	7dbe84a3	sb	x27,1993(x29)	 x29:0x8000804c x27:0x000000ef PA:0x80008815
       11895000	      1188	800013a0	01f7b733	sltu	x14,x15,x31	 x15:0x00000000 x31:0x00000000 x14=0x00000000
       11905000	      1189	800013a4	065e8503	lb	x10,101(x29)	 x29:0x8000804c x10=0x00000000 PA:0x800080b1
       11915000	      1190	800013a8	0f7e8ea3	sb	x23,253(x29)	 x29:0x8000804c x23:0x00000000 PA:0x80008149
       11925000	      1191	800013ac	bed2fc37	lui	x24,0xbed2f	 x24=0xbed2f000
       11935000	      1192	800013b0	00690133	add	x2,x18,x6	 x18:0x80009f4c  x6:0x00000000  x2=0x80009f4c
       11945000	      1193	800013b4	017db433	sltu	x8,x27,x23	 x27:0x000000ef x23:0x00000000  x8=0x00000000
       11955000	      1194	800013b8	411c5213	srai	x4,x24,0x11	 x24:0xbed2f000  x4=0xffffdf69
       11965000	      1195	800013bc	2b5e8da3	sb	x21,699(x29)	 x29:0x8000804c x21:0x00000000 PA:0x80008307
       11975000	      1196	800013c0	7b32b117	auipc	x2,0x7b32b	  x2=0xfb32c3bc
       11985000	      1197	800013c4	45bec683	lbu	x13,1115(x29)	 x29:0x8000804c x13=0x00000000 PA:0x800084a7
       11995000	      1198	800013c8	798e87a3	sb	x24,1935(x29)	 x29:0x8000804c x24:0xbed2f000 PA:0x800087db
       12005000	      1199	800013cc	458e8923	sb	x24,1106(x29)	 x29:0x8000804c x24:0xbed2f000 PA:0x8000849e
       12015000	      1200	800013d0	031f4e63	blt	x30,x17,8000140c	 x30:0x00000000 x17:0x80008376
       12025000	      1201	800013d4	00332533	slt	x10,x6,x3	  x6:0x00000000  x3:0x00000000 x10=0x00000000
       12035000	      1202	800013d8	009ef133	and	x2,x29,x9	 x29:0x8000804c  x9:0x72f8b000  x2=0x00008000
       12045000	      1203	800013dc	f648c0b7	lui	x1,0xf648c	  x1=0xf648c000
       12055000	      1204	800013e0	6e82f013	andi	x0,x5,1768	  x5:0x00000000
       12065000	      1205	800013e4	41270e33	sub	x28,x14,x18	 x14:0x00000000 x18:0x80009f4c x28=0x7fff60b4
       12075000	      1206	800013e8	41245613	srai	x12,x8,0x12	  x8:0x00000000 x12=0x00000000
       12085000	      1207	800013ec	006b9213	slli	x4,x23,0x6	 x23:0x00000000  x4=0x00000000
       12095000	      1208	800013f0	fe4bba13	sltiu	x20,x23,-28	 x23:0x00000000 x20=0x00000001
       12105000	      1209	800013f4	01b55263	bge	x10,x27,800013f8	 x10:0x00000000 x27:0x000000ef
       12115000	      1210	800013f8	016e1c13	slli	x24,x28,0x16	 x28:0x7fff60b4 x24=0x2d000000
       12125000	      1211	800013fc	01489093	slli	x1,x17,0x14	 x17:0x80008376  x1=0x37600000
       12135000	      1212	80001400	003f67b3	or	x15,x30,x3	 x30:0x00000000  x3:0x00000000 x15=0x00000000
       12145000	      1213	80001404	0594f063	bgeu	x9,x25,80001444	  x9:0x72f8b000 x25:0x00000000
       12155000	      1214	00000000	00000013	addi	x0,x0,0	  x0:0x00000000
       12165000	      1215	80001440	00000013	addi	x0,x0,0	  x0:0x00000000
       12175000	      1216	80001444	27c83213	sltiu	x4,x16,636	 x16:0x80009fc4  x4=0x00000000
       12185000	      1217	80001448	c9eea113	slti	x2,x29,-866	 x29:0x8000804c  x2=0x00000001
       12195000	      1218	8000144c	05e9f263	bgeu	x19,x30,80001490	 x19:0x00000000 x30:0x00000000
       12205000	      1219	00000000	00000013	addi	x0,x0,0	  x0:0x00000000
       12215000	      1220	8000148c	00000013	addi	x0,x0,0	  x0:0x00000000
       12225000	      1221	80001490	41df5433	sra	x8,x30,x29	 x30:0x00000000 x29:0x8000804c  x8=0x00000000
       12235000	      1222	80001494	91ecba97	auipc	x21,0x91ecb	 x21=0x11ecc490
       12245000	      1223	80001498	35477293	andi	x5,x14,852	 x14:0x00000000  x5=0x00000000
       12255000	      1224	8000149c	00eb72b3	and	x5,x22,x14	 x22:0x2586b378 x14:0x00000000  x5=0x00000000
       12265000	      1225	800014a0	0053dfb3	srl	x31,x7,x5	  x7:0x0000000b  x5:0x00000000 x31=0x0000000b
       12275000	      1226	800014a4	10044e13	xori	x28,x8,256	  x8:0x00000000 x28=0x00000100
       12285000	      1227	800014a8	01fb1693	slli	x13,x22,0x1f	 x22:0x2586b378 x13=0x00000000
       12295000	      1228	800014ac	40c18db3	sub	x27,x3,x12	  x3:0x00000000 x12:0x00000000 x27=0x00000000
       12305000	      1229	800014b0	003609b3	add	x19,x12,x3	 x12:0x00000000  x3:0x00000000 x19=0x00000000
       12315000	      1230	800014b4	970cc693	xori	x13,x25,-1680	 x25:0x00000000 x13=0xfffff970
       12325000	      1231	800014b8	04fc5863	bge	x24,x15,80001508	 x24:0x2d000000 x15:0x00000000
       12335000	      1232	00000000	00000013	addi	x0,x0,0	  x0:0x00000000
       12345000	      1233	80001504	00000013	addi	x0,x0,0	  x0:0x00000000
       12355000	      1234	80001508	00000013	addi	x0,x0,0	  x0:0x00000000
       12365000	      1235	8000150c	9ee67893	andi	x17,x12,-1554	 x12:0x00000000 x17=0x00000000
       12375000	      1236	80001510	e86c4d93	xori	x27,x24,-378	 x24:0x2d000000 x27=0xd2fffe86
       12385000	      1237	80001514	02a06263	bltu	x0,x10,80001538	  x0:0x00000000 x10:0x00000000
       12395000	      1238	80001518	01f369b3	or	x19,x6,x31	  x6:0x00000000 x31:0x0000000b x19=0x0000000b
       12405000	      1239	8000151c	00000013	addi	x0,x0,0	  x0:0x00000000
       12415000	      1240	80001520	0147edb3	or	x27,x15,x20	 x15:0x00000000 x20:0x00000001 x27=0x00000001
       12425000	      1241	80001524	0115bc33	sltu	x24,x11,x17	 x11:0x00000000 x17:0x00000000 x24=0x00000000
       12435000	      1242	80001528	41d35493	srai	x9,x6,0x1d	  x6:0x00000000  x9=0x00000000
       12445000	      1243	8000152c	01f797b3	sll	x15,x15,x31	 x15:0x00000000 x31:0x0000000b x15=0x00000000
       12455000	      1244	80001530	010f2733	slt	x14,x30,x16	 x30:0x00000000 x16:0x80009fc4 x14=0x00000000
       12465000	      1245	80001534	00e04eb3	xor	x29,x0,x14	  x0:0x00000000 x14:0x00000000 x29=0x00000000
       12475000	      1246	80001538	01c8dd13	srli	x26,x17,0x1c	 x17:0x00000000 x26=0x00000000
       12485000	      1247	8000153c	00b99e13	slli	x28,x19,0xb	 x19:0x0000000b x28=0x00005800
       12495000	      1248	80001540	01c21593	slli	x11,x4,0x1c	  x4:0x00000000 x11=0x00000000
       12505000	      1249	80001544	41a85113	srai	x2,x16,0x1a	 x16:0x80009fc4  x2=0xffffffe0
       12515000	      1250	80001548	00000013	addi	x0,x0,0	  x0:0x00000000
       12525000	      1251	8000154c	01ff99b3	sll	x19,x31,x31	 x31:0x0000000b x31:0x0000000b x19=0x00005800
       12535000	      1252	80001550	cd9dc193	xori	x3,x27,-807	 x27:0x00000001  x3=0xfffffcd8
       12545000	      1253	80001554	41585633	sra	x12,x16,x21	 x16:0x80009fc4 x21:0x11ecc490 x12=0xffff8000
       12555000	      1254	80001558	724cbe93	sltiu	x29,x25,1828	 x25:0x00000000 x29=0x00000001
       12565000	      1255	8000155c	019a9863	bne	x21,x25,8000156c	 x21:0x11ecc490 x25:0x00000000
       12575000	      1256	00000000	00000013	addi	x0,x0,0	  x0:0x00000000
       12585000	      1257	80001568	00000013	addi	x0,x0,0	  x0:0x00000000
       12595000	      1258	8000156c	41e907b3	sub	x15,x18,x30	 x18:0x80009f4c x30:0x00000000 x15=0x80009f4c
       12605000	      1259	80001570	00ea5a63	bge	x20,x14,80001584	 x20:0x00000001 x14:0x00000000
       12615000	      1260	00000000	00000013	addi	x0,x0,0	  x0:0x00000000
       12625000	      1261	80001580	00000013	addi	x0,x0,0	  x0:0x00000000
       12635000	      1262	80001584	00469e13	slli	x28,x13,0x4	 x13:0xfffff970 x28=0xffff9700
       12645000	      1263	80001588	5f084c13	xori	x24,x16,1520	 x16:0x80009fc4 x24=0x80009a34
       12655000	      1264	8000158c	00a48133	add	x2,x9,x10	  x9:0x00000000 x10:0x00000000  x2=0x00000000
       12665000	      1265	80001590	41975093	srai	x1,x14,0x19	 x14:0x00000000  x1=0x00000000
       12675000	      1266	80001594	029b6463	bltu	x22,x9,800015bc	 x22:0x2586b378  x9:0x00000000
       12685000	      1267	80001598	00000013	addi	x0,x0,0	  x0:0x00000000
       12695000	      1268	8000159c	00000013	addi	x0,x0,0	  x0:0x00000000
       12705000	      1269	800015a0	05606663	bltu	x0,x22,800015ec	  x0:0x00000000 x22:0x2586b378
       12715000	      1270	00000000	00000013	addi	x0,x0,0	  x0:0x00000000
       12725000	      1271	800015e8	00000013	addi	x0,x0,0	  x0:0x00000000
       12735000	      1272	800015ec	00bc9133	sll	x2,x25,x11	 x25:0x00000000 x11:0x00000000  x2=0x00000000
       12745000	      1273	800015f0	004b9db3	sll	x27,x23,x4	 x23:0x00000000  x4:0x00000000 x27=0x00000000
       12755000	      1274	800015f4	0057bf33	sltu	x30,x15,x5	 x15:0x80009f4c  x5:0x00000000 x30=0x00000000
       12765000	      1275	800015f8	c45d6613	ori	x12,x26,-955	 x26:0x00000000 x12=0xfffffc45
       12775000	      1276	800015fc	03469863	bne	x13,x20,8000162c	 x13:0xfffff970 x20:0x00000001
       12785000	      1277	00000000	00000013	addi	x0,x0,0	  x0:0x00000000
       12795000	      1278	80001628	00000013	addi	x0,x0,0	  x0:0x00000000
       12805000	      1279	8000162c	61847893	andi	x17,x8,1560	  x8:0x00000000 x17=0x00000000
       12815000	      1280	80001630	007c9263	bne	x25,x7,80001634	 x25:0x00000000  x7:0x0000000b
       12825000	      1281	00000000	00000013	addi	x0,x0,0	  x0:0x00000000
       12835000	      1282	80001630	00000013	addi	x0,x0,0	  x0:0x00000000
       12845000	      1283	80001634	000a8d33	add	x26,x21,x0	 x21:0x11ecc490  x0:0x00000000 x26=0x11ecc490
       12855000	      1284	80001638	0503e463	bltu	x7,x16,80001680	  x7:0x0000000b x16:0x80009fc4
       12865000	      1285	00000000	00000013	addi	x0,x0,0	  x0:0x00000000
       12875000	      1286	8000167c	00000013	addi	x0,x0,0	  x0:0x00000000
       12885000	      1287	80001680	01fd3333	sltu	x6,x26,x31	 x26:0x11ecc490 x31:0x0000000b  x6=0x00000000
       12895000	      1288	80001684	211485b7	lui	x11,0x21148	 x11=0x21148000
       12905000	      1289	80001688	013fb9b3	sltu	x19,x31,x19	 x31:0x0000000b x19:0x00005800 x19=0x00000001
       12915000	      1290	8000168c	00fe0a33	add	x20,x28,x15	 x28:0xffff9700 x15:0x80009f4c x20=0x8000364c
       12925000	      1291	80001690	01d1de93	srli	x29,x3,0x1d	  x3:0xfffffcd8 x29=0x00000007
       12935000	      1292	80001694	d8f7a113	slti	x2,x15,-625	 x15:0x80009f4c  x2=0x00000001
       12945000	      1293	80001698	0016d513	srli	x10,x13,0x1	 x13:0xfffff970 x10=0x7ffffcb8
       12955000	      1294	8000169c	03ff5c63	bge	x30,x31,800016d4	 x30:0x00000000 x31:0x0000000b
       12965000	      1295	800016a0	001d2633	slt	x12,x26,x1	 x26:0x11ecc490  x1:0x00000000 x12=0x00000000
       12975000	      1296	800016a4	01197eb3	and	x29,x18,x17	 x18:0x80009f4c x17:0x00000000 x29=0x00000000
       12985000	      1297	800016a8	00c7a7b3	slt	x15,x15,x12	 x15:0x80009f4c x12:0x00000000 x15=0x00000001
       12995000	      1298	800016ac	03ab0663	beq	x22,x26,800016d8	 x22:0x2586b378 x26:0x11ecc490
       13005000	      1299	800016b0	0071e2b3	or	x5,x3,x7	  x3:0xfffffcd8  x7:0x0000000b  x5=0xfffffcdb
       13015000	      1300	800016b4	bad56a93	ori	x21,x10,-1107	 x10:0x7ffffcb8 x21=0xffffffbd
       13025000	      1301	800016b8	01bd7663	bgeu	x26,x27,800016c4	 x26:0x11ecc490 x27:0x00000000
       13035000	      1302	00000000	00000013	addi	x0,x0,0	  x0:0x00000000
       13045000	      1303	800016c0	00000013	addi	x0,x0,0	  x0:0x00000000
       13055000	      1304	800016c4	1a283293	sltiu	x5,x16,418	 x16:0x80009fc4  x5=0x00000000
       13065000	      1305	800016c8	012d5613	srli	x12,x26,0x12	 x26:0x11ecc490 x12=0x0000047b
       13075000	      1306	800016cc	01cb5263	bge	x22,x28,800016d0	 x22:0x2586b378 x28:0xffff9700
       13085000	      1307	00000000	00000013	addi	x0,x0,0	  x0:0x00000000
       13095000	      1308	800016cc	00000013	addi	x0,x0,0	  x0:0x00000000
       13105000	      1309	800016d0	05abe463	bltu	x23,x26,80001718	 x23:0x00000000 x26:0x11ecc490
       13115000	      1310	00000000	00000013	addi	x0,x0,0	  x0:0x00000000
       13125000	      1311	80001714	00000013	addi	x0,x0,0	  x0:0x00000000
       13135000	      1312	80001718	02074863	blt	x14,x0,80001748	 x14:0x00000000  x0:0x00000000
       13145000	      1313	8000171c	019867b3	or	x15,x16,x25	 x16:0x80009fc4 x25:0x00000000 x15=0x80009fc4
       13155000	      1314	80001720	b9ee0e13	addi	x28,x28,-1122	 x28:0xffff9700 x28=0xffff929e
       13165000	      1315	80001724	0022f263	bgeu	x5,x2,80001728	  x5:0x00000000  x2:0x00000001
       13175000	      1316	80001728	015935b3	sltu	x11,x18,x21	 x18:0x80009f4c x21:0xffffffbd x11=0x00000001
       13185000	      1317	8000172c	faf95b97	auipc	x23,0xfaf95	 x23=0x7af96728
       13195000	      1318	80001730	0173b9b3	sltu	x19,x7,x23	  x7:0x0000000b x23:0x7af96728 x19=0x00000001
       13205000	      1319	80001734	add55cb7	lui	x25,0xadd55	 x25=0xadd55000
       13215000	      1320	80001738	02828263	beq	x5,x8,8000175c	  x5:0x00000000  x8:0x00000000
       13225000	      1321	00000000	00000013	addi	x0,x0,0	  x0:0x00000000
       13235000	      1322	80001758	00000013	addi	x0,x0,0	  x0:0x00000000
       13245000	      1323	8000175c	01007033	and	x0,x0,x16	  x0:0x00000000 x16:0x80009fc4
       13255000	      1324	80001760	00f29263	bne	x5,x15,80001764	  x5:0x00000000 x15:0x80009fc4
       13265000	      1325	00000000	00000013	addi	x0,x0,0	  x0:0x00000000
       13275000	      1326	80001760	00000013	addi	x0,x0,0	  x0:0x00000000
       13285000	      1327	80001764	01613133	sltu	x2,x2,x22	  x2:0x00000001 x22:0x2586b378  x2=0x00000001
       13295000	      1328	80001768	0095cf93	xori	x31,x11,9	 x11:0x00000001 x31=0x00000008
       13305000	      1329	8000176c	be423593	sltiu	x11,x4,-1052	  x4:0x00000000 x11=0x00000001
       13315000	      1330	80001770	03207263	bgeu	x0,x18,80001794	  x0:0x00000000 x18:0x80009f4c
       13325000	      1331	80001774	40ecd493	srai	x9,x25,0xe	 x25:0xadd55000  x9=0xfffeb755
       13335000	      1332	80001778	00615293	srli	x5,x2,0x6	  x2:0x00000001  x5=0x00000000
       13345000	      1333	8000177c	001377b3	and	x15,x6,x1	  x6:0x00000000  x1:0x00000000 x15=0x00000000
       13355000	      1334	80001780	05aff863	bgeu	x31,x26,800017d0	 x31:0x00000008 x26:0x11ecc490
       13365000	      1335	80001784	2c851037	lui	x0,0x2c851	
       13375000	      1336	80001788	01ca0463	beq	x20,x28,80001790	 x20:0x8000364c x28:0xffff929e
       13385000	      1337	8000178c	40870033	sub	x0,x14,x8	 x14:0x00000000  x8:0x00000000
       13395000	      1338	80001790	56247513	andi	x10,x8,1378	  x8:0x00000000 x10=0x00000000
       13405000	      1339	80001794	015334b3	sltu	x9,x6,x21	  x6:0x00000000 x21:0xffffffbd  x9=0x00000001
       13415000	      1340	80001798	40a30333	sub	x6,x6,x10	  x6:0x00000000 x10:0x00000000  x6=0x00000000
       13425000	      1341	8000179c	40858133	sub	x2,x11,x8	 x11:0x00000001  x8:0x00000000  x2=0x00000001
       13435000	      1342	800017a0	34a12b13	slti	x22,x2,842	  x2:0x00000001 x22=0x00000001
       13445000	      1343	800017a4	00995e33	srl	x28,x18,x9	 x18:0x80009f4c  x9:0x00000001 x28=0x40004fa6
       13455000	      1344	800017a8	033ece63	blt	x29,x19,800017e4	 x29:0x00000000 x19:0x00000001
       13465000	      1345	00000000	00000013	addi	x0,x0,0	  x0:0x00000000
       13475000	      1346	800017e0	00000013	addi	x0,x0,0	  x0:0x00000000
       13485000	      1347	800017e4	41b68db3	sub	x27,x13,x27	 x13:0xfffff970 x27:0x00000000 x27=0xfffff970
       13495000	      1348	800017e8	000f2cb3	slt	x25,x30,x0	 x30:0x00000000  x0:0x00000000 x25=0x00000000
       13505000	      1349	800017ec	03dd9463	bne	x27,x29,80001814	 x27:0xfffff970 x29:0x00000000
       13515000	      1350	00000000	00000013	addi	x0,x0,0	  x0:0x00000000
       13525000	      1351	80001810	00000013	addi	x0,x0,0	  x0:0x00000000
       13535000	      1352	80001814	01fb18b3	sll	x17,x22,x31	 x22:0x00000001 x31:0x00000008 x17=0x00000100
       13545000	      1353	80001818	0087d513	srli	x10,x15,0x8	 x15:0x00000000 x10=0x00000000
       13555000	      1354	8000181c	83113993	sltiu	x19,x2,-1999	  x2:0x00000001 x19=0x00000001
       13565000	      1355	80001820	40a15113	srai	x2,x2,0xa	  x2:0x00000001  x2=0x00000000
       13575000	      1356	80001824	ce6fbd93	sltiu	x27,x31,-794	 x31:0x00000008 x27=0x00000001
       13585000	      1357	80001828	a5b1fb93	andi	x23,x3,-1445	  x3:0xfffffcd8 x23=0xfffff858
       13595000	      1358	8000182c	024cf863	bgeu	x25,x4,8000185c	 x25:0x00000000  x4:0x00000000
       13605000	      1359	00000000	00000013	addi	x0,x0,0	  x0:0x00000000
       13615000	      1360	80001858	00000013	addi	x0,x0,0	  x0:0x00000000
       13625000	      1361	8000185c	3a63bd93	sltiu	x27,x7,934	  x7:0x0000000b x27=0x00000001
       13635000	      1362	80001860	e2018793	addi	x15,x3,-480	  x3:0xfffffcd8 x15=0xfffffaf8
       13645000	      1363	80001864	00b91ab3	sll	x21,x18,x11	 x18:0x80009f4c x11:0x00000001 x21=0x00013e98
       13655000	      1364	80001868	639d3113	sltiu	x2,x26,1593	 x26:0x11ecc490  x2=0x00000000
       13665000	      1365	8000186c	d83f6a93	ori	x21,x30,-637	 x30:0x00000000 x21=0xfffffd83
       13675000	      1366	80001870	9ac1a6b7	lui	x13,0x9ac1a	 x13=0x9ac1a000
       13685000	      1367	80001874	02800263	beq	x0,x8,80001898	  x0:0x00000000  x8:0x00000000
       13695000	      1368	00000000	00000013	addi	x0,x0,0	  x0:0x00000000
       13705000	      1369	80001894	00000013	addi	x0,x0,0	  x0:0x00000000
       13715000	      1370	80001898	ee1e7a13	andi	x20,x28,-287	 x28:0x40004fa6 x20=0x40004ea0
       13725000	      1371	8000189c	8723b713	sltiu	x14,x7,-1934	  x7:0x0000000b x14=0x00000001
       13735000	      1372	800018a0	7e7da793	slti	x15,x27,2023	 x27:0x00000001 x15=0x00000001
       13745000	      1373	800018a4	009714b3	sll	x9,x14,x9	 x14:0x00000001  x9:0x00000001  x9=0x00000002
       13755000	      1374	800018a8	010ed713	srli	x14,x29,0x10	 x29:0x00000000 x14=0x00000000
       13765000	      1375	800018ac	000d84b3	add	x9,x27,x0	 x27:0x00000001  x0:0x00000000  x9=0x00000001
       13775000	      1376	800018b0	01b11713	slli	x14,x2,0x1b	  x2:0x00000000 x14=0x00000000
       13785000	      1377	800018b4	011620b3	slt	x1,x12,x17	 x12:0x0000047b x17:0x00000100  x1=0x00000000
       13795000	      1378	800018b8	00928463	beq	x5,x9,800018c0	  x5:0x00000000  x9:0x00000001
       13805000	      1379	800018bc	00f05313	srli	x6,x0,0xf	  x0:0x00000000  x6=0x00000000
       13815000	      1380	800018c0	01ef5f33	srl	x30,x30,x30	 x30:0x00000000 x30:0x00000000 x30=0x00000000
       13825000	      1381	800018c4	00ffe9b3	or	x19,x31,x15	 x31:0x00000008 x15:0x00000001 x19=0x00000009
       13835000	      1382	800018c8	02674863	blt	x14,x6,800018f8	 x14:0x00000000  x6:0x00000000
       13845000	      1383	800018cc	e3b97e93	andi	x29,x18,-453	 x18:0x80009f4c x29=0x80009e08
       13855000	      1384	800018d0	0063c1b3	xor	x3,x7,x6	  x7:0x0000000b  x6:0x00000000  x3=0x0000000b
       13865000	      1385	800018d4	41578fb3	sub	x31,x15,x21	 x15:0x00000001 x21:0xfffffd83 x31=0x0000027e
       13875000	      1386	800018d8	00000013	addi	x0,x0,0	  x0:0x00000000
       13885000	      1387	800018dc	ee79b237	lui	x4,0xee79b	  x4=0xee79b000
       13895000	      1388	800018e0	b049cc13	xori	x24,x19,-1276	 x19:0x00000009 x24=0xfffffb0d
       13905000	      1389	800018e4	59ecea93	ori	x21,x25,1438	 x25:0x00000000 x21=0x0000059e
       13915000	      1390	800018e8	97f4c097	auipc	x1,0x97f4c	  x1=0x17f4d8e4
       13925000	      1391	800018ec	01aa2eb3	slt	x29,x20,x26	 x20:0x40004ea0 x26:0x11ecc490 x29=0x00000000
       13935000	      1392	800018f0	401551b3	sra	x3,x10,x1	 x10:0x00000000  x1:0x17f4d8e4  x3=0x00000000
       13945000	      1393	800018f4	40f65c13	srai	x24,x12,0xf	 x12:0x0000047b x24=0x00000000
       13955000	      1394	800018f8	41f75133	sra	x2,x14,x31	 x14:0x00000000 x31:0x0000027e  x2=0x00000000
       13965000	      1395	800018fc	02ebde63	bge	x23,x14,80001938	 x23:0xfffff858 x14:0x00000000
       13975000	      1396	80001900	c4ad7113	andi	x2,x26,-950	 x26:0x11ecc490  x2=0x11ecc400
       13985000	      1397	80001904	00eec4b3	xor	x9,x29,x14	 x29:0x00000000 x14:0x00000000  x9=0x00000000
       13995000	      1398	80001908	c19cf093	andi	x1,x25,-999	 x25:0x00000000  x1=0x00000000
       14005000	      1399	8000190c	01090db3	add	x27,x18,x16	 x18:0x80009f4c x16:0x80009fc4 x27=0x00013f10
       14015000	      1400	80001910	01139193	slli	x3,x7,0x11	  x7:0x0000000b  x3=0x00160000
       14025000	      1401	80001914	003aa9b3	slt	x19,x21,x3	 x21:0x0000059e  x3:0x00160000 x19=0x00000001
       14035000	      1402	80001918	01359193	slli	x3,x11,0x13	 x11:0x00000001  x3=0x00080000
       14045000	      1403	8000191c	00cbed33	or	x26,x23,x12	 x23:0xfffff858 x12:0x0000047b x26=0xfffffc7b
       14055000	      1404	80001920	034f1863	bne	x30,x20,80001950	 x30:0x00000000 x20:0x40004ea0
       14065000	      1405	00000000	00000013	addi	x0,x0,0	  x0:0x00000000
       14075000	      1406	8000194c	00000013	addi	x0,x0,0	  x0:0x00000000
       14085000	      1407	80001950	40351ab7	lui	x21,0x40351	 x21=0x40351000
       14095000	      1408	80001954	00000013	addi	x0,x0,0	  x0:0x00000000
       14105000	      1409	80001958	97f29337	lui	x6,0x97f29	  x6=0x97f29000
       14115000	      1410	8000195c	0176fb33	and	x22,x13,x23	 x13:0x9ac1a000 x23:0xfffff858 x22=0x9ac1a000
       14125000	      1411	80001960	8a77d237	lui	x4,0x8a77d	  x4=0x8a77d000
       14135000	      1412	80001964	2626b313	sltiu	x6,x13,610	 x13:0x9ac1a000  x6=0x00000000
       14145000	      1413	80001968	bfa12313	slti	x6,x2,-1030	  x2:0x11ecc400  x6=0x00000000
       14155000	      1414	8000196c	0dd41a63	bne	x8,x29,80001a40	  x8:0x00000000 x29:0x00000000
       14165000	      1415	80001970	00007617	auipc	x12,0x7	 x12=0x8000896c
       14175000	      1416	80001974	96b60613	addi	x12,x12,-1685	 x12:0x8000896c x12=0x800082d7
       14185000	      1417	80001978	01460ca3	sb	x20,25(x12)	 x12:0x800082d7 x20:0x40004ea0 PA:0x800082f0
       14195000	      1418	8000197c	00007517	auipc	x10,0x7	 x10=0x80008978
       14205000	      1419	80001980	c0250513	addi	x10,x10,-1022	 x10:0x80008978 x10=0x8000857a
       14215000	      1420	80001984	17e50283	lb	x5,382(x10)	 x10:0x8000857a  x5=0x00000000 PA:0x800086f8
       14225000	      1421	80001988	00007797	auipc	x15,0x7	 x15=0x80008984
       14235000	      1422	8000198c	b2478793	addi	x15,x15,-1244	 x15:0x80008984 x15=0x800084a8
       14245000	      1423	80001990	00006697	auipc	x13,0x6	 x13=0x8000798c
       14255000	      1424	80001994	72068693	addi	x13,x13,1824	 x13:0x8000798c x13=0x800080ac
       14265000	      1425	80001998	1e9501a3	sb	x9,483(x10)	 x10:0x8000857a  x9:0x00000000 PA:0x8000875d
       14275000	      1426	8000199c	03460403	lb	x8,52(x12)	 x12:0x800082d7  x8=0x00000000 PA:0x8000830b
       14285000	      1427	800019a0	fc76c703	lbu	x14,-57(x13)	 x13:0x800080ac x14=0x00000000 PA:0x80008073
       14295000	      1428	800019a4	00007317	auipc	x6,0x7	  x6=0x800089a0
       14305000	      1429	800019a8	9de30313	addi	x6,x6,-1570	  x6:0x800089a0  x6=0x8000837e
       14315000	      1430	800019ac	24950003	lb	x0,585(x10)	 x10:0x8000857a PA:0x800087c3
       14325000	      1431	800019b0	fd2684a3	sb	x18,-55(x13)	 x13:0x800080ac x18:0x80009f4c PA:0x80008075
       14335000	      1432	800019b4	fff78b83	lb	x23,-1(x15)	 x15:0x800084a8 x23=0x00000000 PA:0x800084a7
       14345000	      1433	800019b8	02761c83	lh	x25,39(x12)	 x12:0x800082d7 x25=0x00000000 PA:0x800082fe
       14355000	      1434	800019bc	fe868583	lb	x11,-24(x13)	 x13:0x800080ac x11=0x00000000 PA:0x80008094
       14365000	      1435	800019c0	fec60423	sb	x12,-24(x12)	 x12:0x800082d7 x12:0x800082d7 PA:0x800082bf
       14375000	      1436	800019c4	ffa7cb83	lbu	x23,-6(x15)	 x15:0x800084a8 x23=0x00000000 PA:0x800084a2
       14385000	      1437	800019c8	00d30d03	lb	x26,13(x6)	  x6:0x8000837e x26=0x00000000 PA:0x8000838b
       14395000	      1438	800019cc	b8450e23	sb	x4,-1124(x10)	 x10:0x8000857a  x4:0x8a77d000 PA:0x80008116
       14405000	      1439	800019d0	00978583	lb	x11,9(x15)	 x15:0x800084a8 x11=0x00000000 PA:0x800084b1
       14415000	      1440	800019d4	03f64703	lbu	x14,63(x12)	 x12:0x800082d7 x14=0x00000000 PA:0x80008316
       14425000	      1441	800019d8	ff97c003	lbu	x0,-7(x15)	 x15:0x800084a8 PA:0x800084a1
       14435000	      1442	800019dc	0026d103	lhu	x2,2(x13)	 x13:0x800080ac  x2=0x00000000 PA:0x800080ae
       14445000	      1443	800019e0	25150c03	lb	x24,593(x10)	 x10:0x8000857a x24=0x00000000 PA:0x800087cb
       14455000	      1444	800019e4	00e7d703	lhu	x14,14(x15)	 x15:0x800084a8 x14=0x00000000 PA:0x800084b6
       14465000	      1445	800019e8	0ad54083	lbu	x1,173(x10)	 x10:0x8000857a  x1=0x00000000 PA:0x80008627
       14475000	      1446	800019ec	fc864d03	lbu	x26,-56(x12)	 x12:0x800082d7 x26=0x00000000 PA:0x8000829f
       14485000	      1447	800019f0	00f60a03	lb	x20,15(x12)	 x12:0x800082d7 x20=0x00000000 PA:0x800082e6
       14495000	      1448	800019f4	fed6c483	lbu	x9,-19(x13)	 x13:0x800080ac  x9=0x00000000 PA:0x80008099
       14505000	      1449	800019f8	01a6c983	lbu	x19,26(x13)	 x13:0x800080ac x19=0x00000000 PA:0x800080c6
       14515000	      1450	800019fc	00c7a883	lw	x17,12(x15)	 x15:0x800084a8 x17=0x00000000 PA:0x800084b4
       14525000	      1451	80001a00	01730223	sb	x23,4(x6)	  x6:0x8000837e x23:0x00000000 PA:0x80008382
       14535000	      1452	80001a04	ff264a03	lbu	x20,-14(x12)	 x12:0x800082d7 x20=0x00000000 PA:0x800082c9
       14545000	      1453	80001a08	fd369323	sh	x19,-58(x13)	 x13:0x800080ac x19:0x00000000 PA:0x80008072
       14555000	      1454	80001a0c	fd160823	sb	x17,-48(x12)	 x12:0x800082d7 x17:0x00000000 PA:0x800082a7
       14565000	      1455	80001a10	ad451823	sh	x20,-1328(x10)	 x10:0x8000857a x20:0x00000000 PA:0x8000804a
       14575000	      1456	80001a14	21151223	sh	x17,516(x10)	 x10:0x8000857a x17:0x00000000 PA:0x8000877e
       14585000	      1457	80001a18	008306a3	sb	x8,13(x6)	  x6:0x8000837e  x8:0x00000000 PA:0x8000838b
       14595000	      1458	80001a1c	024681a3	sb	x4,35(x13)	 x13:0x800080ac  x4:0x8a77d000 PA:0x800080cf
       14605000	      1459	80001a20	00630e03	lb	x28,6(x6)	  x6:0x8000837e x28=0x00000000 PA:0x80008384
       14615000	      1460	80001a24	ffd78f03	lb	x30,-3(x15)	 x15:0x800084a8 x30=0x00000000 PA:0x800084a5
       14625000	      1461	80001a28	fd361e83	lh	x29,-45(x12)	 x12:0x800082d7 x29=0x00000000 PA:0x800082aa
       14635000	      1462	80001a2c	1f954a03	lbu	x20,505(x10)	 x10:0x8000857a x20=0x00000000 PA:0x80008773
       14645000	      1463	80001a30	01f31423	sh	x31,8(x6)	  x6:0x8000837e x31:0x0000027e PA:0x80008386
       14655000	      1464	80001a34	fe668083	lb	x1,-26(x13)	 x13:0x800080ac  x1=0x00000000 PA:0x80008092
       14665000	      1465	80001a38	01315713	srli	x14,x2,0x13	  x2:0x00000000 x14=0x00000000
       14675000	      1466	80001a3c	00929633	sll	x12,x5,x9	  x5:0x00000000  x9:0x00000000 x12=0x00000000
       14685000	      1467	80001a40	c7717f13	andi	x30,x2,-905	  x2:0x00000000 x30=0x00000000
       14695000	      1468	80001a44	85b6c613	xori	x12,x13,-1957	 x13:0x800080ac x12=0x7fff78f7
       14705000	      1469	80001a48	005c68b3	or	x17,x24,x5	 x24:0x00000000  x5:0x00000000 x17=0x00000000
       14715000	      1470	80001a4c	20bea313	slti	x6,x29,523	 x29:0x00000000  x6=0x00000001
       14725000	      1471	80001a50	0090afb3	slt	x31,x1,x9	  x1:0x00000000  x9:0x00000000 x31=0x00000000
       14735000	      1472	80001a54	9752b513	sltiu	x10,x5,-1675	  x5:0x00000000 x10=0x00000001
       14745000	      1473	80001a58	89eca997	auipc	x19,0x89eca	 x19=0x09ecba54
       14755000	      1474	80001a5c	01391413	slli	x8,x18,0x13	 x18:0x80009f4c  x8=0xfa600000
       14765000	      1475	80001a60	009c5e93	srli	x29,x24,0x9	 x24:0x00000000 x29=0x00000000
       14775000	      1476	80001a64	01be9863	bne	x29,x27,80001a74	 x29:0x00000000 x27:0x00013f10
       14785000	      1477	00000000	00000013	addi	x0,x0,0	  x0:0x00000000
       14795000	      1478	80001a70	00000013	addi	x0,x0,0	  x0:0x00000000
       14805000	      1479	80001a74	016f5693	srli	x13,x30,0x16	 x30:0x00000000 x13=0x00000000
       14815000	      1480	80001a78	035d8263	beq	x27,x21,80001a9c	 x27:0x00013f10 x21:0x40351000
       14825000	      1481	80001a7c	003b9a13	slli	x20,x23,0x3	 x23:0x00000000 x20=0x00000000
       14835000	      1482	80001a80	0445c863	blt	x11,x4,80001ad0	 x11:0x00000000  x4:0x8a77d000
       14845000	      1483	80001a84	0062dd93	srli	x27,x5,0x6	  x5:0x00000000 x27=0x00000000
       14855000	      1484	80001a88	41c959b3	sra	x19,x18,x28	 x18:0x80009f4c x28:0x00000000 x19=0x80009f4c
       14865000	      1485	80001a8c	01b4c633	xor	x12,x9,x27	  x9:0x00000000 x27:0x00000000 x12=0x00000000
       14875000	      1486	80001a90	00217e33	and	x28,x2,x2	  x2:0x00000000  x2:0x00000000 x28=0x00000000
       14885000	      1487	80001a94	01c50263	beq	x10,x28,80001a98	 x10:0x00000001 x28:0x00000000
       14895000	      1488	80001a98	00fe1b13	slli	x22,x28,0xf	 x28:0x00000000 x22=0x00000000
       14905000	      1489	80001a9c	0af57313	andi	x6,x10,175	 x10:0x00000001  x6=0x00000001
       14915000	      1490	80001aa0	0090d233	srl	x4,x1,x9	  x1:0x00000000  x9:0x00000000  x4=0x00000000
       14925000	      1491	80001aa4	0034d493	srli	x9,x9,0x3	  x9:0x00000000  x9=0x00000000
       14935000	      1492	80001aa8	dceff193	andi	x3,x31,-562	 x31:0x00000000  x3=0x00000000
       14945000	      1493	80001aac	8e132793	slti	x15,x6,-1823	  x6:0x00000001 x15=0x00000000
       14955000	      1494	80001ab0	6950ff13	andi	x30,x1,1685	  x1:0x00000000 x30=0x00000000
       14965000	      1495	80001ab4	011f01b3	add	x3,x30,x17	 x30:0x00000000 x17:0x00000000  x3=0x00000000
       14975000	      1496	80001ab8	009c3bb3	sltu	x23,x24,x9	 x24:0x00000000  x9:0x00000000 x23=0x00000000
       14985000	      1497	80001abc	00acce63	blt	x25,x10,80001ad8	 x25:0x00000000 x10:0x00000001
       14995000	      1498	00000000	00000013	addi	x0,x0,0	  x0:0x00000000
       15005000	      1499	80001ad4	00000013	addi	x0,x0,0	  x0:0x00000000
       15015000	      1500	80001ad8	0dd2f663	bgeu	x5,x29,80001ba4	  x5:0x00000000 x29:0x00000000
       15025000	      1501	00000000	00000013	addi	x0,x0,0	  x0:0x00000000
       15035000	      1502	80001ba0	00000013	addi	x0,x0,0	  x0:0x00000000
       15045000	      1503	80001ba4	00000013	addi	x0,x0,0	  x0:0x00000000
       15055000	      1504	80001ba8	122e4263	blt	x28,x2,80001ccc	 x28:0x00000000  x2:0x00000000
       15065000	      1505	80001bac	0d985663	bge	x16,x25,80001c78	 x16:0x80009fc4 x25:0x00000000
       15075000	      1506	80001bb0	00000013	addi	x0,x0,0	  x0:0x00000000
       15085000	      1507	80001bb4	01cee433	or	x8,x29,x28	 x29:0x00000000 x28:0x00000000  x8=0x00000000
       15095000	      1508	80001bb8	014560b3	or	x1,x10,x20	 x10:0x00000001 x20:0x00000000  x1=0x00000001
       15105000	      1509	80001bbc	00007497	auipc	x9,0x7	  x9=0x80008bb8
       15115000	      1510	80001bc0	22048493	addi	x9,x9,544	  x9:0x80008bb8  x9=0x80008dd8
       15125000	      1511	80001bc4	ffc48a83	lb	x21,-4(x9)	  x9:0x80008dd8 x21=0x00000000 PA:0x80008dd4
       15135000	      1512	80001bc8	ff34ce83	lbu	x29,-13(x9)	  x9:0x80008dd8 x29=0x00000000 PA:0x80008dcb
       15145000	      1513	00000000	00000013	addi	x0,x0,0	  x0:0x00000000
       15155000	      1514	80001bcc	01d069b3	or	x19,x0,x29	  x0:0x00000000 x29:0x00000000 x19=0x00000000
       15165000	      1515	80001bd0	0144e9b3	or	x19,x9,x20	  x9:0x80008dd8 x20:0x00000000 x19=0x80008dd8
       15175000	      1516	80001bd4	01d5d6b3	srl	x13,x11,x29	 x11:0x00000000 x29:0x00000000 x13=0x00000000
       15185000	      1517	80001bd8	00048d83	lb	x27,0(x9)	  x9:0x80008dd8 x27=0x00000000 PA:0x80008dd8
       15195000	      1518	80001bdc	ff649683	lh	x13,-10(x9)	  x9:0x80008dd8 x13=0x00000000 PA:0x80008dce
       15205000	      1519	80001be0	ffc4c083	lbu	x1,-4(x9)	  x9:0x80008dd8  x1=0x00000000 PA:0x80008dd4
       15215000	      1520	80001be4	ff948983	lb	x19,-7(x9)	  x9:0x80008dd8 x19=0x00000000 PA:0x80008dd1
       15225000	      1521	80001be8	4d0ef2b7	lui	x5,0x4d0ef	  x5=0x4d0ef000
       15235000	      1522	80001bec	00248a83	lb	x21,2(x9)	  x9:0x80008dd8 x21=0x00000000 PA:0x80008dda
       15245000	      1523	80001bf0	ffd4cd83	lbu	x27,-3(x9)	  x9:0x80008dd8 x27=0x00000000 PA:0x80008dd5
       15255000	      1524	80001bf4	0077d413	srli	x8,x15,0x7	 x15:0x00000000  x8=0x00000000
       15265000	      1525	80001bf8	00748883	lb	x17,7(x9)	  x9:0x80008dd8 x17=0x00000000 PA:0x80008ddf
       15275000	      1526	80001bfc	010fdb33	srl	x22,x31,x16	 x31:0x00000000 x16:0x80009fc4 x22=0x00000000
       15285000	      1527	80001c00	411e5f93	srai	x31,x28,0x11	 x28:0x00000000 x31=0x00000000
       15295000	      1528	80001c04	0074c883	lbu	x17,7(x9)	  x9:0x80008dd8 x17=0x00000000 PA:0x80008ddf
       15305000	      1529	80001c08	009485a3	sb	x9,11(x9)	  x9:0x80008dd8  x9:0x80008dd8 PA:0x80008de3
       15315000	      1530	80001c0c	ff54cf83	lbu	x31,-11(x9)	  x9:0x80008dd8 x31=0x00000000 PA:0x80008dcd
       15325000	      1531	80001c10	00f48e03	lb	x28,15(x9)	  x9:0x80008dd8 x28=0x00000000 PA:0x80008de7
       15335000	      1532	80001c14	ff848ea3	sb	x24,-3(x9)	  x9:0x80008dd8 x24:0x00000000 PA:0x80008dd5
       15345000	      1533	80001c18	017bd733	srl	x14,x23,x23	 x23:0x00000000 x23:0x00000000 x14=0x00000000
       15355000	      1534	80001c1c	f8378993	addi	x19,x15,-125	 x15:0x00000000 x19=0xffffff83
       15365000	      1535	80001c20	5d677093	andi	x1,x14,1494	 x14:0x00000000  x1=0x00000000
       15375000	      1536	80001c24	008ca233	slt	x4,x25,x8	 x25:0x00000000  x8:0x00000000  x4=0x00000000
       15385000	      1537	80001c28	01048e03	lb	x28,16(x9)	  x9:0x80008dd8 x28=0x00000000 PA:0x80008de8
       15395000	      1538	80001c2c	0b2c6e63	bltu	x24,x18,80001ce8	 x24:0x00000000 x18:0x80009f4c
       15405000	      1539	00000000	00000013	addi	x0,x0,0	  x0:0x00000000
       15415000	      1540	80001ce4	00000013	addi	x0,x0,0	  x0:0x00000000
       15425000	      1541	80001ce8	b0532513	slti	x10,x6,-1275	  x6:0x00000001 x10=0x00000000
       15435000	      1542	80001cec	00bac633	xor	x12,x21,x11	 x21:0x00000000 x11:0x00000000 x12=0x00000000
       15445000	      1543	80001cf0	00cc0733	add	x14,x24,x12	 x24:0x00000000 x12:0x00000000 x14=0x00000000
       15455000	      1544	80001cf4	57c8d037	lui	x0,0x57c8d	
       15465000	      1545	80001cf8	34b20013	addi	x0,x4,843	  x4:0x00000000
       15475000	      1546	80001cfc	a89cc513	xori	x10,x25,-1399	 x25:0x00000000 x10=0xfffffa89
       15485000	      1547	80001d00	ee0f4093	xori	x1,x30,-288	 x30:0x00000000  x1=0xfffffee0
       15495000	      1548	80001d04	000f3333	sltu	x6,x30,x0	 x30:0x00000000  x0:0x00000000  x6=0x00000000
       15505000	      1549	80001d08	0075c263	blt	x11,x7,80001d0c	 x11:0x00000000  x7:0x0000000b
       15515000	      1550	00000000	00000013	addi	x0,x0,0	  x0:0x00000000
       15525000	      1551	80001d08	00000013	addi	x0,x0,0	  x0:0x00000000
       15535000	      1552	80001d0c	ba144693	xori	x13,x8,-1119	  x8:0x00000000 x13=0xfffffba1
       15545000	      1553	80001d10	013c6463	bltu	x24,x19,80001d18	 x24:0x00000000 x19:0xffffff83
       15555000	      1554	00000000	00000013	addi	x0,x0,0	  x0:0x00000000
       15565000	      1555	80001d14	00000013	addi	x0,x0,0	  x0:0x00000000
       15575000	      1556	80001d18	07706097	auipc	x1,0x7706	  x1=0x87707d14
       15585000	      1557	80001d1c	04259863	bne	x11,x2,80001d6c	 x11:0x00000000  x2:0x00000000
       15595000	      1558	80001d20	0111f663	bgeu	x3,x17,80001d2c	  x3:0x00000000 x17:0x00000000
       15605000	      1559	00000000	00000013	addi	x0,x0,0	  x0:0x00000000
       15615000	      1560	80001d28	00000013	addi	x0,x0,0	  x0:0x00000000
       15625000	      1561	80001d2c	00535263	bge	x6,x5,80001d30	  x6:0x00000000  x5:0x4d0ef000
       15635000	      1562	80001d30	000cd8b3	srl	x17,x25,x0	 x25:0x00000000  x0:0x00000000 x17=0x00000000
       15645000	      1563	80001d34	406e8733	sub	x14,x29,x6	 x29:0x00000000  x6:0x00000000 x14=0x00000000
       15655000	      1564	80001d38	12100f17	auipc	x30,0x12100	 x30=0x92101d34
       15665000	      1565	80001d3c	e2843097	auipc	x1,0xe2843	  x1=0x62844d38
       15675000	      1566	80001d40	3174f613	andi	x12,x9,791	  x9:0x80008dd8 x12=0x00000110
       15685000	      1567	80001d44	0daf1c37	lui	x24,0xdaf1	 x24=0x0daf1000
       15695000	      1568	80001d48	0103b1b3	sltu	x3,x7,x16	  x7:0x0000000b x16:0x80009fc4  x3=0x00000001
       15705000	      1569	80001d4c	03805263	bge	x0,x24,80001d70	  x0:0x00000000 x24:0x0daf1000
       15715000	      1570	80001d50	4c374db7	lui	x27,0x4c374	 x27=0x4c374000
       15725000	      1571	80001d54	02ddf263	bgeu	x27,x13,80001d78	 x27:0x4c374000 x13:0xfffffba1
       15735000	      1572	80001d58	0020e333	or	x6,x1,x2	  x1:0x62844d38  x2:0x00000000  x6=0x62844d38
       15745000	      1573	80001d5c	002ee433	or	x8,x29,x2	 x29:0x00000000  x2:0x00000000  x8=0x00000000
       15755000	      1574	80001d60	011d37b3	sltu	x15,x26,x17	 x26:0x00000000 x17:0x00000000 x15=0x00000000
       15765000	      1575	80001d64	403fdd93	srai	x27,x31,0x3	 x31:0x00000000 x27=0x00000000
       15775000	      1576	80001d68	f34e3013	sltiu	x0,x28,-204	 x28:0x00000000
       15785000	      1577	80001d6c	41f10633	sub	x12,x2,x31	  x2:0x00000000 x31:0x00000000 x12=0x00000000
       15795000	      1578	80001d70	ddf60db7	lui	x27,0xddf60	 x27=0xddf60000
       15805000	      1579	80001d74	58130c93	addi	x25,x6,1409	  x6:0x62844d38 x25=0x628452b9
       15815000	      1580	80001d78	427cf793	andi	x15,x25,1063	 x25:0x628452b9 x15=0x00000021
       15825000	      1581	80001d7c	01a60263	beq	x12,x26,80001d80	 x12:0x00000000 x26:0x00000000
       15835000	      1582	00000000	00000013	addi	x0,x0,0	  x0:0x00000000
       15845000	      1583	80001d7c	00000013	addi	x0,x0,0	  x0:0x00000000
       15855000	      1584	80001d80	02f01e63	bne	x0,x15,80001dbc	  x0:0x00000000 x15:0x00000021
       15865000	      1585	00000000	00000013	addi	x0,x0,0	  x0:0x00000000
       15875000	      1586	80001db8	00000013	addi	x0,x0,0	  x0:0x00000000
       15885000	      1587	80001dbc	d054c593	xori	x11,x9,-763	  x9:0x80008dd8 x11=0x7fff70dd
       15895000	      1588	80001dc0	40025ab3	sra	x21,x4,x0	  x4:0x00000000  x0:0x00000000 x21=0x00000000
       15905000	      1589	80001dc4	9ddf2893	slti	x17,x30,-1571	 x30:0x92101d34 x17=0x00000001
       15915000	      1590	80001dc8	d5668693	addi	x13,x13,-682	 x13:0xfffffba1 x13=0xfffff8f7
       15925000	      1591	80001dcc	00492083	lw	x1,4(x18)	 x18:0x80009f4c  x1=0x8000050c PA:0x80009f50
       15935000	      1592	80001dd0	1597c493	xori	x9,x15,345	 x15:0x00000021  x9=0x00000178
       15945000	      1593	80001dd4	005b9993	slli	x19,x23,0x5	 x23:0x00000000 x19=0x00000000
       15955000	      1594	80001dd8	7878af17	auipc	x30,0x7878a	 x30=0xf878bdd4
       15965000	      1595	80001ddc	03890913	addi	x18,x18,56	 x18:0x80009f4c x18=0x80009f84
       15975000	      1596	80001de0	cf8e3893	sltiu	x17,x28,-776	 x28:0x00000000 x17=0x00000001
       15985000	      1597	80001de4	3d6a7413	andi	x8,x20,982	 x20:0x00000000  x8=0x00000000
       15995000	      1598	80001de8	017018b3	sll	x17,x0,x23	  x0:0x00000000 x23:0x00000000 x17=0x00000000
       16005000	      1599	80001dec	b986a593	slti	x11,x13,-1128	 x13:0xfffff8f7 x11=0x00000001
       16015000	      1600	80001df0	01fa2733	slt	x14,x20,x31	 x20:0x00000000 x31:0x00000000 x14=0x00000000
       16025000	      1601	80001df4	00d8d793	srli	x15,x17,0xd	 x17:0x00000000 x15=0x00000000
       16035000	      1602	80001df8	01f31f13	slli	x30,x6,0x1f	  x6:0x62844d38 x30=0x00000000
       16045000	      1603	80001dfc	00008c93	addi	x25,x1,0	  x1:0x8000050c x25=0x8000050c
       16055000	      1604	80001e00	000c8ce7	jalr	x25,x25,0	 x25:0x8000050c x25=0x80001e00
       16065000	      1605	00000000	00000013	addi	x0,x0,0	  x0:0x00000000
       16075000	      1606	8000050c	00000013	addi	x0,x0,0	  x0:0x00000000
       16085000	      1607	80000510	413c57b3	sra	x15,x24,x19	 x24:0x0daf1000 x19:0x00000000 x15=0x0daf1000
       16095000	      1608	80000514	40c7d513	srai	x10,x15,0xc	 x15:0x0daf1000 x10=0x0000daf1
       16105000	      1609	80000518	40a48733	sub	x14,x9,x10	  x9:0x00000178 x10:0x0000daf1 x14=0xffff2687
       16115000	      1610	8000051c	012ac263	blt	x21,x18,80000520	 x21:0x00000000 x18:0x80009f84
       16125000	      1611	80000520	010aa5b3	slt	x11,x21,x16	 x21:0x00000000 x16:0x80009fc4 x11=0x00000000
       16135000	      1612	80000524	01974133	xor	x2,x14,x25	 x14:0xffff2687 x25:0x80001e00  x2=0x7fff3887
       16145000	      1613	80000528	05f71063	bne	x14,x31,80000568	 x14:0xffff2687 x31:0x00000000
       16155000	      1614	00000000	00000013	addi	x0,x0,0	  x0:0x00000000
       16165000	      1615	80000564	00000013	addi	x0,x0,0	  x0:0x00000000
       16175000	      1616	80000568	4188db13	srai	x22,x17,0x18	 x17:0x00000000 x22=0x00000000
       16185000	      1617	8000056c	3b11ec13	ori	x24,x3,945	  x3:0x00000001 x24=0x000003b1
       16195000	      1618	80000570	7c11ab93	slti	x23,x3,1985	  x3:0x00000001 x23=0x00000001
       16205000	      1619	80000574	00000013	addi	x0,x0,0	  x0:0x00000000
       16215000	      1620	80000578	0787cf93	xori	x31,x15,120	 x15:0x0daf1000 x31=0x0daf1078
       16225000	      1621	8000057c	0151efb3	or	x31,x3,x21	  x3:0x00000001 x21:0x00000000 x31=0x00000001
       16235000	      1622	80000580	01d85263	bge	x16,x29,80000584	 x16:0x80009fc4 x29:0x00000000
       16245000	      1623	80000584	00000013	addi	x0,x0,0	  x0:0x00000000
       16255000	      1624	80000588	00000397	auipc	x7,0x0	  x7=0x80000584
       16265000	      1625	8000058c	00c38393	addi	x7,x7,12	  x7:0x80000584  x7=0x80000590
       16275000	      1626	80000590	00038067	jalr	x0,x7,0	  x7:0x80000590
       16285000	      1627	00000000	00000013	addi	x0,x0,0	  x0:0x00000000
       16295000	      1628	80000590	00000013	addi	x0,x0,0	  x0:0x00000000
       16305000	      1629	80000594	00100193	addi	x3,x0,1	  x0:0x00000000  x3=0x00000001
       16315000	      1630	80000598	00000073	ecall	
       16325000	      1631	8000059c	002cffb3	and	x31,x25,x2	 x25:0x80001e00  x2:0x7fff3887 x31=0x00001800
