		Time			Cycle	PC		Insn	Decoded instruction	Register and memory contents
          65000	         5	80000004	00000293	addi	x5,x0,0	  x0:0x00000000  x5=0x00000000
          75000	         6	80000008	00000313	addi	x6,x0,0	  x0:0x00000000  x6=0x00000000
          85000	         7	8000000c	00628263	beq	x5,x6,80000010	  x5:0x00000000  x6:0x00000000
          95000	         8	00000000	00000013	addi	x0,x0,0	  x0:0x00000000
         105000	         9	8000000c	00000013	addi	x0,x0,0	  x0:0x00000000
         115000	        10	80000010	00000b97	auipc	x23,0x0	 x23=0x8000000c
         125000	        11	80000014	00cb8b93	addi	x23,x23,12	 x23:0x8000000c x23=0x80000018
         135000	        12	80000018	000b8067	jalr	x0,x23,0	 x23:0x80000018
         145000	        13	00000000	00000013	addi	x0,x0,0	  x0:0x00000000
         155000	        14	80000018	00000013	addi	x0,x0,0	  x0:0x00000000
         165000	        15	8000001c	400002b7	lui	x5,0x40000	  x5=0x40000000
         175000	        16	80000020	10028293	addi	x5,x5,256	  x5:0x40000000  x5=0x40000100
         185000	        17	80000024	00000013	addi	x0,x0,0	  x0:0x00000000
         195000	        18	80000028	0000a897	auipc	x17,0xa	 x17=0x8000a024
         205000	        19	8000002c	fa088893	addi	x17,x17,-96	 x17:0x8000a024 x17=0x80009fc4
         215000	        20	80000030	00002297	auipc	x5,0x2	  x5=0x8000202c
         225000	        21	80000034	75428293	addi	x5,x5,1876	  x5:0x8000202c  x5=0x80002780
         235000	        22	80000038	0012e293	ori	x5,x5,1	  x5:0x80002780  x5=0x80002781
         245000	        23	8000003c	00000013	addi	x0,x0,0	  x0:0x00000000
         255000	        24	80000040	00000297	auipc	x5,0x0	  x5=0x8000003c
         265000	        25	80000044	02028293	addi	x5,x5,32	  x5:0x8000003c  x5=0x8000005c
         275000	        26	80000048	00000013	addi	x0,x0,0	  x0:0x00000000
         285000	        27	8000004c	00000013	addi	x0,x0,0	  x0:0x00000000
         295000	        28	80000050	000022b7	lui	x5,0x2	  x5=0x00002000
         305000	        29	80000054	80028293	addi	x5,x5,-2048	  x5:0x00002000  x5=0x00001800
         315000	        30	80000058	00000013	addi	x0,x0,0	  x0:0x00000000
         325000	        31	8000005c	00000013	addi	x0,x0,0	  x0:0x00000000
         335000	        32	80000060	80000037	lui	x0,0x80000	
         345000	        33	80000064	00000013	addi	x0,x0,0	  x0:0x00000000
         355000	        34	80000068	00000093	addi	x1,x0,0	  x0:0x00000000  x1=0x00000000
         365000	        35	8000006c	00000113	addi	x2,x0,0	  x0:0x00000000  x2=0x00000000
         375000	        36	80000070	00000193	addi	x3,x0,0	  x0:0x00000000  x3=0x00000000
         385000	        37	80000074	96612237	lui	x4,0x96612	  x4=0x96612000
         395000	        38	80000078	5e220213	addi	x4,x4,1506	  x4:0x96612000  x4=0x966125e2
         405000	        39	8000007c	fcb972b7	lui	x5,0xfcb97	  x5=0xfcb97000
         415000	        40	80000080	a9f28293	addi	x5,x5,-1377	  x5:0xfcb97000  x5=0xfcb96a9f
         425000	        41	80000084	00400313	addi	x6,x0,4	  x0:0x00000000  x6=0x00000004
         435000	        42	80000088	89bf13b7	lui	x7,0x89bf1	  x7=0x89bf1000
         445000	        43	8000008c	be538393	addi	x7,x7,-1051	  x7:0x89bf1000  x7=0x89bf0be5
         455000	        44	80000090	80000437	lui	x8,0x80000	  x8=0x80000000
         465000	        45	80000094	00000493	addi	x9,x0,0	  x0:0x00000000  x9=0x00000000
         475000	        46	80000098	f607e537	lui	x10,0xf607e	 x10=0xf607e000
         485000	        47	8000009c	36350513	addi	x10,x10,867	 x10:0xf607e000 x10=0xf607e363
         495000	        48	800000a0	800005b7	lui	x11,0x80000	 x11=0x80000000
         505000	        49	800000a4	b40d0637	lui	x12,0xb40d0	 x12=0xb40d0000
         515000	        50	800000a8	93260613	addi	x12,x12,-1742	 x12:0xb40d0000 x12=0xb40cf932
         525000	        51	800000ac	00000693	addi	x13,x0,0	  x0:0x00000000 x13=0x00000000
         535000	        52	800000b0	146dc737	lui	x14,0x146dc	 x14=0x146dc000
         545000	        53	800000b4	83370713	addi	x14,x14,-1997	 x14:0x146dc000 x14=0x146db833
         555000	        54	800000b8	800007b7	lui	x15,0x80000	 x15=0x80000000
         565000	        55	800000bc	00000813	addi	x16,x0,0	  x0:0x00000000 x16=0x00000000
         575000	        56	800000c0	00b00913	addi	x18,x0,11	  x0:0x00000000 x18=0x0000000b
         585000	        57	800000c4	fd7589b7	lui	x19,0xfd758	 x19=0xfd758000
         595000	        58	800000c8	77198993	addi	x19,x19,1905	 x19:0xfd758000 x19=0xfd758771
         605000	        59	800000cc	f8deba37	lui	x20,0xf8deb	 x20=0xf8deb000
         615000	        60	800000d0	215a0a13	addi	x20,x20,533	 x20:0xf8deb000 x20=0xf8deb215
         625000	        61	800000d4	80000b37	lui	x22,0x80000	 x22=0x80000000
         635000	        62	800000d8	f7392bb7	lui	x23,0xf7392	 x23=0xf7392000
         645000	        63	800000dc	cc8b8b93	addi	x23,x23,-824	 x23:0xf7392000 x23=0xf7391cc8
         655000	        64	800000e0	52c32c37	lui	x24,0x52c32	 x24=0x52c32000
         665000	        65	800000e4	bb0c0c13	addi	x24,x24,-1104	 x24:0x52c32000 x24=0x52c31bb0
         675000	        66	800000e8	00000c93	addi	x25,x0,0	  x0:0x00000000 x25=0x00000000
         685000	        67	800000ec	80000d37	lui	x26,0x80000	 x26=0x80000000
         695000	        68	800000f0	00000d93	addi	x27,x0,0	  x0:0x00000000 x27=0x00000000
         705000	        69	800000f4	00100e13	addi	x28,x0,1	  x0:0x00000000 x28=0x00000001
         715000	        70	800000f8	00000e93	addi	x29,x0,0	  x0:0x00000000 x29=0x00000000
         725000	        71	800000fc	00600f13	addi	x30,x0,6	  x0:0x00000000 x30=0x00000006
         735000	        72	80000100	00700f93	addi	x31,x0,7	  x0:0x00000000 x31=0x00000007
         745000	        73	80000104	0000aa97	auipc	x21,0xa	 x21=0x8000a100
         755000	        74	80000108	e84a8a93	addi	x21,x21,-380	 x21:0x8000a100 x21=0x80009f84
         765000	        75	8000010c	00008917	auipc	x18,0x8	 x18=0x80008108
         775000	        76	80000110	52690913	addi	x18,x18,1318	 x18:0x80008108 x18=0x8000862e
         785000	        77	80000114	00008197	auipc	x3,0x8	  x3=0x80008110
         795000	        78	80000118	29c18193	addi	x3,x3,668	  x3:0x80008110  x3=0x800083ac
         805000	        79	8000011c	f5a1df83	lhu	x31,-166(x3)	  x3:0x800083ac x31=0x00000000 PA:0x80008306
         815000	        80	80000120	00008797	auipc	x15,0x8	 x15=0x8000811c
         825000	        81	80000124	fca78793	addi	x15,x15,-54	 x15:0x8000811c x15=0x800080e6
         835000	        82	80000128	f72186a3	sb	x18,-147(x3)	  x3:0x800083ac x18:0x8000862e PA:0x80008319
         845000	        83	8000012c	00008c17	auipc	x24,0x8	 x24=0x80008128
         855000	        84	80000130	40bc0c13	addi	x24,x24,1035	 x24:0x80008128 x24=0x80008533
         865000	        85	80000134	f9b18ca3	sb	x27,-103(x3)	  x3:0x800083ac x27:0x00000000 PA:0x80008345
         875000	        86	80000138	00008b17	auipc	x22,0x8	 x22=0x80008134
         885000	        87	8000013c	151b0b13	addi	x22,x22,337	 x22:0x80008134 x22=0x80008285
         895000	        88	80000140	068c24a3	sw	x8,105(x24)	 x24:0x80008533  x8:0x80000000 PA:0x8000859c
         905000	        89	80000144	0267d603	lhu	x12,38(x15)	 x15:0x800080e6 x12=0x00000000 PA:0x8000810c
         915000	        90	80000148	fdb78683	lb	x13,-37(x15)	 x15:0x800080e6 x13=0x00000000 PA:0x800080c1
         925000	        91	8000014c	f2790e83	lb	x29,-217(x18)	 x18:0x8000862e x29=0x00000000 PA:0x80008555
         935000	        92	80000150	c75c0323	sb	x21,-922(x24)	 x24:0x80008533 x21:0x80009f84 PA:0x80008199
         945000	        93	80000154	04a1c483	lbu	x9,74(x3)	  x3:0x800083ac  x9=0x00000000 PA:0x800083f6
         955000	        94	00000000	00000013	addi	x0,x0,0	  x0:0x00000000
         965000	        95	80000158	009b5603	lhu	x12,9(x22)	 x22:0x80008285 x12=0x00000000 PA:0x8000828e
         975000	        96	8000015c	fd291823	sh	x18,-48(x18)	 x18:0x8000862e x18:0x8000862e PA:0x800085fe
         985000	        97	80000160	0f9c5283	lhu	x5,249(x24)	 x24:0x80008533  x5=0x00000000 PA:0x8000862c
         995000	        98	80000164	f1a1d483	lhu	x9,-230(x3)	  x3:0x800083ac  x9=0x00000000 PA:0x800082c6
        1005000	        99	80000168	03c78e03	lb	x28,60(x15)	 x15:0x800080e6 x28=0x00000000 PA:0x80008122
        1015000	       100	8000016c	004b0c83	lb	x25,4(x22)	 x22:0x80008285 x25=0x00000000 PA:0x80008289
        1025000	       101	80000170	02f78c83	lb	x25,47(x15)	 x15:0x800080e6 x25=0x00000000 PA:0x80008115
        1035000	       102	80000174	013b02a3	sb	x19,5(x22)	 x22:0x80008285 x19:0xfd758771 PA:0x8000828a
        1045000	       103	80000178	f4a91d83	lh	x27,-182(x18)	 x18:0x8000862e x27=0x00000000 PA:0x80008578
        1055000	       104	8000017c	0e818603	lb	x12,232(x3)	  x3:0x800083ac x12=0x00000000 PA:0x80008494
        1065000	       105	80000180	02a7a523	sw	x10,42(x15)	 x15:0x800080e6 x10:0xf607e363 PA:0x80008110
        1075000	       106	80000184	03b19623	sh	x27,44(x3)	  x3:0x800083ac x27:0x00000000 PA:0x800083d8
        1085000	       107	80000188	fa019623	sh	x0,-84(x3)	  x3:0x800083ac  x0:0x00000000 PA:0x80008358
        1095000	       108	8000018c	03b90483	lb	x9,59(x18)	 x18:0x8000862e  x9=0x00000000 PA:0x80008669
        1105000	       109	80000190	f8318d23	sb	x3,-102(x3)	  x3:0x800083ac  x3:0x800083ac PA:0x80008346
        1115000	       110	80000194	000b4803	lbu	x16,0(x22)	 x22:0x80008285 x16=0x00000000 PA:0x80008285
        1125000	       111	80000198	f14c4683	lbu	x13,-236(x24)	 x24:0x80008533 x13=0x00000000 PA:0x80008447
        1135000	       112	8000019c	004c0aa3	sb	x4,21(x24)	 x24:0x80008533  x4:0x966125e2 PA:0x80008548
        1145000	       113	800001a0	01491683	lh	x13,20(x18)	 x18:0x8000862e x13=0x00000000 PA:0x80008642
        1155000	       114	800001a4	f1618ea3	sb	x22,-227(x3)	  x3:0x800083ac x22:0x80008285 PA:0x800082c9
        1165000	       115	800001a8	fffb4483	lbu	x9,-1(x22)	 x22:0x80008285  x9=0x00000000 PA:0x80008284
        1175000	       116	800001ac	001c1803	lh	x16,1(x24)	 x24:0x80008533 x16=0x00000000 PA:0x80008534
        1185000	       117	800001b0	01779423	sh	x23,8(x15)	 x15:0x800080e6 x23:0xf7391cc8 PA:0x800080ee
        1195000	       118	800001b4	09090ba3	sb	x16,151(x18)	 x18:0x8000862e x16:0x00000000 PA:0x800086c5
        1205000	       119	800001b8	da8c4f03	lbu	x30,-600(x24)	 x24:0x80008533 x30=0x00000000 PA:0x800082db
        1215000	       120	800001bc	01f7c483	lbu	x9,31(x15)	 x15:0x800080e6  x9=0x00000000 PA:0x80008105
        1225000	       121	800001c0	1ddc5503	lhu	x10,477(x24)	 x24:0x80008533 x10=0x00000000 PA:0x80008710
        1235000	       122	800001c4	04590b23	sb	x5,86(x18)	 x18:0x8000862e  x5:0x00000000 PA:0x80008684
        1245000	       123	800001c8	04c94c83	lbu	x25,76(x18)	 x18:0x8000862e x25=0x00000000 PA:0x8000867a
        1255000	       124	800001cc	cebc20a3	sw	x11,-799(x24)	 x24:0x80008533 x11:0x80000000 PA:0x80008214
        1265000	       125	800001d0	c0fc4f03	lbu	x30,-1009(x24)	 x24:0x80008533 x30=0x00000000 PA:0x80008142
        1275000	       126	800001d4	fe8b29a3	sw	x8,-13(x22)	 x22:0x80008285  x8:0x80000000 PA:0x80008278
        1285000	       127	800001d8	00009617	auipc	x12,0x9	 x12=0x800091d4
        1295000	       128	800001dc	b3960613	addi	x12,x12,-1223	 x12:0x800091d4 x12=0x80008d0d
        1305000	       129	800001e0	00009217	auipc	x4,0x9	  x4=0x800091dc
        1315000	       130	800001e4	95e20213	addi	x4,x4,-1698	  x4:0x800091dc  x4=0x80008b3a
        1325000	       131	800001e8	00009c97	auipc	x25,0x9	 x25=0x800091e4
        1335000	       132	800001ec	c9dc8c93	addi	x25,x25,-867	 x25:0x800091e4 x25=0x80008e81
        1345000	       133	800001f0	ff0c8e83	lb	x29,-16(x25)	 x25:0x80008e81 x29=0x00000000 PA:0x80008e71
        1355000	       134	800001f4	00a64283	lbu	x5,10(x12)	 x12:0x80008d0d  x5=0x00000000 PA:0x80008d17
        1365000	       135	800001f8	fc720803	lb	x16,-57(x4)	  x4:0x80008b3a x16=0x00000000 PA:0x80008b01
        1375000	       136	800001fc	00660323	sb	x6,6(x12)	 x12:0x80008d0d  x6:0x00000004 PA:0x80008d13
        1385000	       137	80000200	02124803	lbu	x16,33(x4)	  x4:0x80008b3a x16=0x00000000 PA:0x80008b5b
        1395000	       138	80000204	006c8703	lb	x14,6(x25)	 x25:0x80008e81 x14=0x00000000 PA:0x80008e87
        1405000	       139	80000208	fd221083	lh	x1,-46(x4)	  x4:0x80008b3a  x1=0x00000000 PA:0x80008b0c
        1415000	       140	8000020c	fe760e23	sb	x7,-4(x12)	 x12:0x80008d0d  x7:0x89bf0be5 PA:0x80008d09
        1425000	       141	80000210	fffca503	lw	x10,-1(x25)	 x25:0x80008e81 x10=0x00000000 PA:0x80008e80
        1435000	       142	80000214	006c95a3	sh	x6,11(x25)	 x25:0x80008e81  x6:0x00000004 PA:0x80008e8c
        1445000	       143	80000218	00960183	lb	x3,9(x12)	 x12:0x80008d0d  x3=0x00000000 PA:0x80008d16
        1455000	       144	8000021c	ffec8823	sb	x30,-16(x25)	 x25:0x80008e81 x30:0x00000000 PA:0x80008e71
        1465000	       145	80000220	fe5c8d23	sb	x5,-6(x25)	 x25:0x80008e81  x5:0x00000000 PA:0x80008e7b
        1475000	       146	80000224	03a24003	lbu	x0,58(x4)	  x4:0x80008b3a PA:0x80008b74
        1485000	       147	80000228	fc820623	sb	x8,-52(x4)	  x4:0x80008b3a  x8:0x80000000 PA:0x80008b06
        1495000	       148	8000022c	004601a3	sb	x4,3(x12)	 x12:0x80008d0d  x4:0x80008b3a PA:0x80008d10
        1505000	       149	80000230	00008997	auipc	x19,0x8	 x19=0x8000822c
        1515000	       150	80000234	ff098993	addi	x19,x19,-16	 x19:0x8000822c x19=0x8000821c
        1525000	       151	80000238	006b8e33	add	x28,x23,x6	 x23:0xf7391cc8  x6:0x00000004 x28=0xf7391ccc
        1535000	       152	8000023c	f43989a3	sb	x3,-173(x19)	 x19:0x8000821c  x3:0x00000000 PA:0x8000816f
        1545000	       153	80000240	fd298e83	lb	x29,-46(x19)	 x19:0x8000821c x29=0x00000000 PA:0x800081ee
        1555000	       154	80000244	00cc0d33	add	x26,x24,x12	 x24:0x80008533 x12:0x80008d0d x26=0x00011240
        1565000	       155	80000248	008988a3	sb	x8,17(x19)	 x19:0x8000821c  x8:0x80000000 PA:0x8000822d
        1575000	       156	8000024c	00999123	sh	x9,2(x19)	 x19:0x8000821c  x9:0x00000000 PA:0x8000821e
        1585000	       157	80000250	09c9a783	lw	x15,156(x19)	 x19:0x8000821c x15=0x00000000 PA:0x800082b8
        1595000	       158	80000254	f909de83	lhu	x29,-112(x19)	 x19:0x8000821c x29=0x00000000 PA:0x800081ac
        1605000	       159	80000258	0219ce03	lbu	x28,33(x19)	 x19:0x8000821c x28=0x00000000 PA:0x8000823d
        1615000	       160	8000025c	f4498303	lb	x6,-188(x19)	 x19:0x8000821c  x6=0x00000000 PA:0x80008160
        1625000	       161	80000260	f8798d83	lb	x27,-121(x19)	 x19:0x8000821c x27=0x00000000 PA:0x800081a3
        1635000	       162	80000264	0bd9ae23	sw	x29,188(x19)	 x19:0x8000821c x29:0x00000000 PA:0x800082d8
        1645000	       163	80000268	0ea9ce83	lbu	x29,234(x19)	 x19:0x8000821c x29=0x00000000 PA:0x80008306
        1655000	       164	8000026c	4010d5b3	sra	x11,x1,x1	  x1:0x00000000  x1:0x00000000 x11=0x00000000
        1665000	       165	80000270	fd9987a3	sb	x25,-49(x19)	 x19:0x8000821c x25:0x80008e81 PA:0x800081eb
        1675000	       166	80000274	002e9533	sll	x10,x29,x2	 x29:0x00000000  x2:0x00000000 x10=0x00000000
        1685000	       167	80000278	f5798d03	lb	x26,-169(x19)	 x19:0x8000821c x26=0x00000000 PA:0x80008173
        1695000	       168	8000027c	fec99703	lh	x14,-20(x19)	 x19:0x8000821c x14=0x00000000 PA:0x80008208
        1705000	       169	80000280	fd599823	sh	x21,-48(x19)	 x19:0x8000821c x21:0x80009f84 PA:0x800081ec
        1715000	       170	80000284	00000013	addi	x0,x0,0	  x0:0x00000000
        1725000	       171	80000288	4097dd93	srai	x27,x15,0x9	 x15:0x00000000 x27=0x00000000
        1735000	       172	8000028c	c9f895b7	lui	x11,0xc9f89	 x11=0xc9f89000
        1745000	       173	80000290	0959c483	lbu	x9,149(x19)	 x19:0x8000821c  x9=0x00000000 PA:0x800082b1
        1755000	       174	80000294	f2699a23	sh	x6,-204(x19)	 x19:0x8000821c  x6:0x00000000 PA:0x80008150
        1765000	       175	80000298	f5298303	lb	x6,-174(x19)	 x19:0x8000821c  x6=0x00000000 PA:0x8000816e
        1775000	       176	8000029c	01d48433	add	x8,x9,x29	  x9:0x00000000 x29:0x00000000  x8=0x00000000
        1785000	       177	800002a0	40d4d733	sra	x14,x9,x13	  x9:0x00000000 x13:0x00000000 x14=0x00000000
        1795000	       178	800002a4	29f1ae93	slti	x29,x3,671	  x3:0x00000000 x29=0x00000001
        1805000	       179	800002a8	c93ce313	ori	x6,x25,-877	 x25:0x80008e81  x6=0xfffffe93
        1815000	       180	800002ac	0ea986a3	sb	x10,237(x19)	 x19:0x8000821c x10:0x00000000 PA:0x80008309
        1825000	       181	800002b0	99b10393	addi	x7,x2,-1637	  x2:0x00000000  x7=0xfffff99b
        1835000	       182	800002b4	f25989a3	sb	x5,-205(x19)	 x19:0x8000821c  x5:0x00000000 PA:0x8000814f
        1845000	       183	800002b8	01111693	slli	x13,x2,0x11	  x2:0x00000000 x13=0x00000000
        1855000	       184	800002bc	0759cf03	lbu	x30,117(x19)	 x19:0x8000821c x30=0x00000000 PA:0x80008291
        1865000	       185	800002c0	00008c97	auipc	x25,0x8	 x25=0x800082bc
        1875000	       186	800002c4	2d2c8c93	addi	x25,x25,722	 x25:0x800082bc x25=0x8000858e
        1885000	       187	800002c8	e22c8423	sb	x2,-472(x25)	 x25:0x8000858e  x2:0x00000000 PA:0x800083b6
        1895000	       188	800002cc	0190c533	xor	x10,x1,x25	  x1:0x00000000 x25:0x8000858e x10=0x8000858e
        1905000	       189	800002d0	daec86a3	sb	x14,-595(x25)	 x25:0x8000858e x14:0x00000000 PA:0x8000833b
        1915000	       190	800002d4	fdacd903	lhu	x18,-38(x25)	 x25:0x8000858e x18=0x00000000 PA:0x80008568
        1925000	       191	800002d8	fdac8083	lb	x1,-38(x25)	 x25:0x8000858e  x1=0x00000000 PA:0x80008568
        1935000	       192	800002dc	280cd783	lhu	x15,640(x25)	 x25:0x8000858e x15=0x00000000 PA:0x8000880e
        1945000	       193	800002e0	280cd203	lhu	x4,640(x25)	 x25:0x8000858e  x4=0x00000000 PA:0x8000880e
        1955000	       194	800002e4	673c0093	addi	x1,x24,1651	 x24:0x80008533  x1=0x80008ba6
        1965000	       195	800002e8	00d2ff33	and	x30,x5,x13	  x5:0x00000000 x13:0x00000000 x30=0x00000000
        1975000	       196	800002ec	28ec9023	sh	x14,640(x25)	 x25:0x8000858e x14:0x00000000 PA:0x8000880e
        1985000	       197	800002f0	419e5d13	srai	x26,x28,0x19	 x28:0x00000000 x26=0x00000000
        1995000	       198	800002f4	07fcc603	lbu	x12,127(x25)	 x25:0x8000858e x12=0x00000000 PA:0x8000860d
        2005000	       199	800002f8	cc0cd383	lhu	x7,-832(x25)	 x25:0x8000858e  x7=0x00000000 PA:0x8000824e
        2015000	       200	800002fc	2500a593	slti	x11,x1,592	  x1:0x80008ba6 x11=0x00000001
        2025000	       201	80000300	00aca703	lw	x14,10(x25)	 x25:0x8000858e x14=0x00000000 PA:0x80008598
        2035000	       202	80000304	e1cc9903	lh	x18,-484(x25)	 x25:0x8000858e x18=0x00000000 PA:0x800083aa
        2045000	       203	80000308	00009117	auipc	x2,0x9	  x2=0x80009304
        2055000	       204	8000030c	a3210113	addi	x2,x2,-1486	  x2:0x80009304  x2=0x80008d36
        2065000	       205	80000310	01575db3	srl	x27,x14,x21	 x14:0x00000000 x21:0x80009f84 x27=0x00000000
        2075000	       206	80000314	1a6109a3	sb	x6,435(x2)	  x2:0x80008d36  x6:0xfffffe93 PA:0x80008ee9
        2085000	       207	80000318	00fc99b3	sll	x19,x25,x15	 x25:0x8000858e x15:0x00000000 x19=0x8000858e
        2095000	       208	8000031c	9f904fb7	lui	x31,0x9f904	 x31=0x9f904000
        2105000	       209	80000320	016529b3	slt	x19,x10,x22	 x10:0x8000858e x22:0x80008285 x19=0x00000000
        2115000	       210	80000324	23f10823	sb	x31,560(x2)	  x2:0x80008d36 x31:0x9f904000 PA:0x80008f66
        2125000	       211	80000328	b5b11a23	sh	x27,-1196(x2)	  x2:0x80008d36 x27:0x00000000 PA:0x8000888a
        2135000	       212	8000032c	deb43393	sltiu	x7,x8,-533	  x8:0x00000000  x7=0x00000001
        2145000	       213	80000330	41a687b3	sub	x15,x13,x26	 x13:0x00000000 x26:0x00000000 x15=0x00000000
        2155000	       214	80000334	23711f23	sh	x23,574(x2)	  x2:0x80008d36 x23:0xf7391cc8 PA:0x80008f74
        2165000	       215	80000338	31217a17	auipc	x20,0x31217	 x20=0xb1217334
        2175000	       216	8000033c	41a1de93	srai	x29,x3,0x1a	  x3:0x00000000 x29=0x00000000
        2185000	       217	80000340	edf10c83	lb	x25,-289(x2)	  x2:0x80008d36 x25=0x00000000 PA:0x80008c15
        2195000	       218	80000344	f05b3293	sltiu	x5,x22,-251	 x22:0x80008285  x5=0x00000001
        2205000	       219	80000348	18b10203	lb	x4,395(x2)	  x2:0x80008d36  x4=0x00000000 PA:0x80008ec1
        2215000	       220	8000034c	13d12123	sw	x29,290(x2)	  x2:0x80008d36 x29:0x00000000 PA:0x80008e58
        2225000	       221	80000350	b7310383	lb	x7,-1165(x2)	  x2:0x80008d36  x7=0x00000000 PA:0x800088a9
        2235000	       222	80000354	00000013	addi	x0,x0,0	  x0:0x00000000
        2245000	       223	80000358	b3414783	lbu	x15,-1228(x2)	  x2:0x80008d36 x15=0x00000000 PA:0x8000886a
        2255000	       224	8000035c	02514003	lbu	x0,37(x2)	  x2:0x80008d36 PA:0x80008d5b
        2265000	       225	80000360	0063ef33	or	x30,x7,x6	  x7:0x00000000  x6:0xfffffe93 x30=0xfffffe93
        2275000	       226	80000364	0f710f83	lb	x31,247(x2)	  x2:0x80008d36 x31=0x00000000 PA:0x80008e2d
        2285000	       227	80000368	fb810823	sb	x24,-80(x2)	  x2:0x80008d36 x24:0x80008533 PA:0x80008ce6
        2295000	       228	8000036c	1a710d03	lb	x26,423(x2)	  x2:0x80008d36 x26=0x00000000 PA:0x80008edd
        2305000	       229	80000370	cdf10ba3	sb	x31,-809(x2)	  x2:0x80008d36 x31:0x00000000 PA:0x80008a0d
        2315000	       230	80000374	009a9533	sll	x10,x21,x9	 x21:0x80009f84  x9:0x00000000 x10=0x80009f84
        2325000	       231	80000378	be203293	sltiu	x5,x0,-1054	  x0:0x00000000  x5=0x00000001
        2335000	       232	8000037c	be015e83	lhu	x29,-1056(x2)	  x2:0x80008d36 x29=0x00000000 PA:0x80008916
        2345000	       233	80000380	bc011683	lh	x13,-1088(x2)	  x2:0x80008d36 x13=0x00000000 PA:0x800088f6
        2355000	       234	80000384	00008f97	auipc	x31,0x8	 x31=0x80008380
        2365000	       235	80000388	3dff8f93	addi	x31,x31,991	 x31:0x80008380 x31=0x8000875f
        2375000	       236	8000038c	406cdb13	srai	x22,x25,0x6	 x25:0x00000000 x22=0x00000000
        2385000	       237	80000390	0a8f92a3	sh	x8,165(x31)	 x31:0x8000875f  x8:0x00000000 PA:0x80008804
        2395000	       238	80000394	0a5fa583	lw	x11,165(x31)	 x31:0x8000875f x11=0x00000000 PA:0x80008804
        2405000	       239	80000398	0a5fc603	lbu	x12,165(x31)	 x31:0x8000875f x12=0x00000000 PA:0x80008804
        2415000	       240	8000039c	1e55d317	auipc	x6,0x1e55d	  x6=0x9e55d398
        2425000	       241	800003a0	fbcf8e83	lb	x29,-68(x31)	 x31:0x8000875f x29=0x00000000 PA:0x8000871b
        2435000	       242	800003a4	facf8e23	sb	x12,-68(x31)	 x31:0x8000875f x12:0x00000000 PA:0x8000871b
        2445000	       243	800003a8	5e1bcf13	xori	x30,x23,1505	 x23:0xf7391cc8 x30=0xf7391929
        2455000	       244	800003ac	39dd6013	ori	x0,x26,925	 x26:0x00000000
        2465000	       245	800003b0	fbcf8103	lb	x2,-68(x31)	 x31:0x8000875f  x2=0x00000000 PA:0x8000871b
        2475000	       246	800003b4	00f89a13	slli	x20,x17,0xf	 x17:0x80009fc4 x20=0x4fe20000
        2485000	       247	800003b8	011f9083	lh	x1,17(x31)	 x31:0x8000875f  x1=0x00000000 PA:0x80008770
        2495000	       248	800003bc	01d99e93	slli	x29,x19,0x1d	 x19:0x00000000 x29=0x00000000
        2505000	       249	800003c0	01ff98a3	sh	x31,17(x31)	 x31:0x8000875f x31:0x8000875f PA:0x80008770
        2515000	       250	800003c4	011f8403	lb	x8,17(x31)	 x31:0x8000875f  x8=0x0000005f PA:0x80008770
        2525000	       251	800003c8	011fc083	lbu	x1,17(x31)	 x31:0x8000875f  x1=0x0000005f PA:0x80008770
        2535000	       252	800003cc	29924393	xori	x7,x4,665	  x4:0x00000000  x7=0x00000299
        2545000	       253	800003d0	008f88a3	sb	x8,17(x31)	 x31:0x8000875f  x8:0x0000005f PA:0x80008770
        2555000	       254	800003d4	054fc403	lbu	x8,84(x31)	 x31:0x8000875f  x8=0x00000000 PA:0x800087b3
        2565000	       255	800003d8	054f8903	lb	x18,84(x31)	 x31:0x8000875f x18=0x00000000 PA:0x800087b3
        2575000	       256	800003dc	08bf9a03	lh	x20,139(x31)	 x31:0x8000875f x20=0x00000000 PA:0x800087ea
        2585000	       257	800003e0	00008697	auipc	x13,0x8	 x13=0x800083dc
        2595000	       258	800003e4	03068693	addi	x13,x13,48	 x13:0x800083dc x13=0x8000840c
        2605000	       259	800003e8	ff868da3	sb	x24,-5(x13)	 x13:0x8000840c x24:0x80008533 PA:0x80008407
        2615000	       260	800003ec	fe168e23	sb	x1,-4(x13)	 x13:0x8000840c  x1:0x0000005f PA:0x80008408
        2625000	       261	800003f0	ffc6a583	lw	x11,-4(x13)	 x13:0x8000840c x11=0x0000005f PA:0x80008408
        2635000	       262	800003f4	ff868183	lb	x3,-8(x13)	 x13:0x8000840c  x3=0x00000000 PA:0x80008404
        2645000	       263	800003f8	ff86de03	lhu	x28,-8(x13)	 x13:0x8000840c x28=0x00000000 PA:0x80008404
        2655000	       264	800003fc	ff569c23	sh	x21,-8(x13)	 x13:0x8000840c x21:0x80009f84 PA:0x80008404
        2665000	       265	80000400	ff368783	lb	x15,-13(x13)	 x13:0x8000840c x15=0x00000000 PA:0x800083ff
        2675000	       266	80000404	01c0d113	srli	x2,x1,0x1c	  x1:0x0000005f  x2=0x00000000
        2685000	       267	80000408	001682a3	sb	x1,5(x13)	 x13:0x8000840c  x1:0x0000005f PA:0x80008411
        2695000	       268	8000040c	018682a3	sb	x24,5(x13)	 x13:0x8000840c x24:0x80008533 PA:0x80008411
        2705000	       269	80000410	00c69c83	lh	x25,12(x13)	 x13:0x8000840c x25=0x00000000 PA:0x80008418
        2715000	       270	80000414	00c6a483	lw	x9,12(x13)	 x13:0x8000840c  x9=0x00000000 PA:0x80008418
        2725000	       271	80000418	0006a623	sw	x0,12(x13)	 x13:0x8000840c  x0:0x00000000 PA:0x80008418
        2735000	       272	8000041c	00008f17	auipc	x30,0x8	 x30=0x80008418
        2745000	       273	80000420	172f0f13	addi	x30,x30,370	 x30:0x80008418 x30=0x8000858a
        2755000	       274	80000424	00008517	auipc	x10,0x8	 x10=0x80008420
        2765000	       275	80000428	d4250513	addi	x10,x10,-702	 x10:0x80008420 x10=0x80008162
        2775000	       276	8000042c	f5c51803	lh	x16,-164(x10)	 x10:0x80008162 x16=0x00000000 PA:0x800080be
        2785000	       277	80000430	00008197	auipc	x3,0x8	  x3=0x8000842c
        2795000	       278	80000434	d6918193	addi	x3,x3,-663	  x3:0x8000842c  x3=0x80008195
        2805000	       279	80000438	00008c97	auipc	x25,0x8	 x25=0x80008434
        2815000	       280	8000043c	faec8c93	addi	x25,x25,-82	 x25:0x80008434 x25=0x800083e2
        2825000	       281	80000440	032cd583	lhu	x11,50(x25)	 x25:0x800083e2 x11=0x00000000 PA:0x80008414
        2835000	       282	80000444	411c8f83	lb	x31,1041(x25)	 x25:0x800083e2 x31=0x00000000 PA:0x800087f3
        2845000	       283	00000000	00000013	addi	x0,x0,0	  x0:0x00000000
        2855000	       284	80000448	fff18403	lb	x8,-1(x3)	  x3:0x80008195  x8=0x00000000 PA:0x80008194
        2865000	       285	8000044c	0a354583	lbu	x11,163(x10)	 x10:0x80008162 x11=0x00000000 PA:0x80008205
        2875000	       286	80000450	00a18023	sb	x10,0(x3)	  x3:0x80008195 x10:0x80008162 PA:0x80008195
        2885000	       287	80000454	faef08a3	sb	x14,-79(x30)	 x30:0x8000858a x14:0x00000000 PA:0x8000853b
        2895000	       288	80000458	fd1f0123	sb	x17,-62(x30)	 x30:0x8000858a x17:0x80009fc4 PA:0x8000854c
        2905000	       289	8000045c	e57c8ea3	sb	x23,-419(x25)	 x25:0x800083e2 x23:0xf7391cc8 PA:0x8000823f
        2915000	       290	80000460	f1455703	lhu	x14,-236(x10)	 x10:0x80008162 x14=0x00000000 PA:0x80008076
        2925000	       291	80000464	f7ff0a03	lb	x20,-129(x30)	 x30:0x8000858a x20=0x00000000 PA:0x80008509
        2935000	       292	00000000	00000013	addi	x0,x0,0	  x0:0x00000000
        2945000	       293	80000468	03454483	lbu	x9,52(x10)	 x10:0x80008162  x9=0x00000000 PA:0x80008196
        2955000	       294	8000046c	094f1a23	sh	x20,148(x30)	 x30:0x8000858a x20:0x00000000 PA:0x8000861e
        2965000	       295	80000470	f5851783	lh	x15,-168(x10)	 x10:0x80008162 x15=0x00000000 PA:0x800080ba
        2975000	       296	80000474	0cbf0583	lb	x11,203(x30)	 x30:0x8000858a x11=0x00000000 PA:0x80008655
        2985000	       297	80000478	380c9f23	sh	x0,926(x25)	 x25:0x800083e2  x0:0x00000000 PA:0x80008780
        2995000	       298	8000047c	01218623	sb	x18,12(x3)	  x3:0x80008195 x18:0x00000000 PA:0x800081a1
        3005000	       299	80000480	f4455003	lhu	x0,-188(x10)	 x10:0x80008162 PA:0x800080a6
        3015000	       300	80000484	01c18823	sb	x28,16(x3)	  x3:0x80008195 x28:0x00000000 PA:0x800081a5
        3025000	       301	80000488	ff518823	sb	x21,-16(x3)	  x3:0x80008195 x21:0x80009f84 PA:0x80008185
        3035000	       302	8000048c	ff9f0023	sb	x25,-32(x30)	 x30:0x8000858a x25:0x800083e2 PA:0x8000856a
        3045000	       303	80000490	ff5f4d03	lbu	x26,-11(x30)	 x30:0x8000858a x26=0x00000000 PA:0x8000857f
        3055000	       304	80000494	ff750083	lb	x1,-9(x10)	 x10:0x80008162  x1=0x00000000 PA:0x80008159
        3065000	       305	80000498	f4ef06a3	sb	x14,-179(x30)	 x30:0x8000858a x14:0x00000000 PA:0x800084d7
        3075000	       306	8000049c	f0b50703	lb	x14,-245(x10)	 x10:0x80008162 x14=0x00000000 PA:0x8000806d
        3085000	       307	800004a0	0001c703	lbu	x14,0(x3)	  x3:0x80008195 x14=0x00000062 PA:0x80008195
        3095000	       308	800004a4	046509a3	sb	x6,83(x10)	 x10:0x80008162  x6:0x9e55d398 PA:0x800081b5
        3105000	       309	800004a8	0051d303	lhu	x6,5(x3)	  x3:0x80008195  x6=0x00000000 PA:0x8000819a
        3115000	       310	800004ac	174ccf83	lbu	x31,372(x25)	 x25:0x800083e2 x31=0x00000000 PA:0x80008556
        3125000	       311	800004b0	00008917	auipc	x18,0x8	 x18=0x800084ac
        3135000	       312	800004b4	f4b90913	addi	x18,x18,-181	 x18:0x800084ac x18=0x800083f7
        3145000	       313	800004b8	00008b17	auipc	x22,0x8	 x22=0x800084b4
        3155000	       314	800004bc	be8b0b13	addi	x22,x22,-1048	 x22:0x800084b4 x22=0x8000809c
        3165000	       315	800004c0	00008797	auipc	x15,0x8	 x15=0x800084bc
        3175000	       316	800004c4	d4378793	addi	x15,x15,-701	 x15:0x800084bc x15=0x800081ff
        3185000	       317	800004c8	fd0b0f23	sb	x16,-34(x22)	 x22:0x8000809c x16:0x00000000 PA:0x8000807a
        3195000	       318	800004cc	00008717	auipc	x14,0x8	 x14=0x800084c8
        3205000	       319	800004d0	ff970713	addi	x14,x14,-7	 x14:0x800084c8 x14=0x800084c1
        3215000	       320	800004d4	0f67c103	lbu	x2,246(x15)	 x15:0x800081ff  x2=0x00000000 PA:0x800082f5
        3225000	       321	800004d8	00090e83	lb	x29,0(x18)	 x18:0x800083f7 x29=0x00000000 PA:0x800083f7
        3235000	       322	800004dc	fc8b0da3	sb	x8,-37(x22)	 x22:0x8000809c  x8:0x00000000 PA:0x80008077
        3245000	       323	800004e0	00008d17	auipc	x26,0x8	 x26=0x800084dc
        3255000	       324	800004e4	194d0d13	addi	x26,x26,404	 x26:0x800084dc x26=0x80008670
        3265000	       325	800004e8	f7e7c003	lbu	x0,-130(x15)	 x15:0x800081ff PA:0x8000817d
        3275000	       326	800004ec	fced2023	sw	x14,-64(x26)	 x26:0x80008670 x14:0x800084c1 PA:0x80008630
        3285000	       327	800004f0	019b05a3	sb	x25,11(x22)	 x22:0x8000809c x25:0x800083e2 PA:0x800080a7
        3295000	       328	800004f4	05d7c583	lbu	x11,93(x15)	 x15:0x800081ff x11=0x00000000 PA:0x8000825c
        3305000	       329	800004f8	ff694e83	lbu	x29,-10(x18)	 x18:0x800083f7 x29=0x00000000 PA:0x800083ed
        3315000	       330	800004fc	fd878423	sb	x24,-56(x15)	 x15:0x800081ff x24:0x80008533 PA:0x800081c7
        3325000	       331	80000500	fed90d23	sb	x13,-6(x18)	 x18:0x800083f7 x13:0x8000840c PA:0x800083f1
        3335000	       332	80000504	febd1823	sh	x11,-16(x26)	 x26:0x80008670 x11:0x00000000 PA:0x80008660
        3345000	       333	80000508	00171e03	lh	x28,1(x14)	 x14:0x800084c1 x28=0x00000000 PA:0x800084c2
        3355000	       334	8000050c	01eb08a3	sb	x30,17(x22)	 x22:0x8000809c x30:0x8000858a PA:0x800080ad
        3365000	       335	80000510	00f91303	lh	x6,15(x18)	 x18:0x800083f7  x6=0x00003300 PA:0x80008406
        3375000	       336	80000514	00890383	lb	x7,8(x18)	 x18:0x800083f7  x7=0x00000000 PA:0x800083ff
        3385000	       337	80000518	ff070683	lb	x13,-16(x14)	 x14:0x800084c1 x13=0x00000000 PA:0x800084b1
        3395000	       338	8000051c	006b0523	sb	x6,10(x22)	 x22:0x8000809c  x6:0x00003300 PA:0x800080a6
        3405000	       339	80000520	0f178123	sb	x17,226(x15)	 x15:0x800081ff x17:0x80009fc4 PA:0x800082e1
        3415000	       340	80000524	fe590923	sb	x5,-14(x18)	 x18:0x800083f7  x5:0x00000001 PA:0x800083e9
        3425000	       341	80000528	fccb1683	lh	x13,-52(x22)	 x22:0x8000809c x13=0x00000000 PA:0x80008068
        3435000	       342	8000052c	fe570c23	sb	x5,-8(x14)	 x14:0x800084c1  x5:0x00000001 PA:0x800084b9
        3445000	       343	80000530	fe390923	sb	x3,-14(x18)	 x18:0x800083f7  x3:0x80008195 PA:0x800083e9
        3455000	       344	80000534	fdad5e03	lhu	x28,-38(x26)	 x26:0x80008670 x28=0x00000000 PA:0x8000864a
        3465000	       345	80000538	fc5d0583	lb	x11,-59(x26)	 x26:0x80008670 x11=0x00000000 PA:0x80008635
        3475000	       346	8000053c	f35781a3	sb	x21,-221(x15)	 x15:0x800081ff x21:0x80009f84 PA:0x80008122
        3485000	       347	80000540	015d0983	lb	x19,21(x26)	 x26:0x80008670 x19=0x00000000 PA:0x80008685
        3495000	       348	80000544	030b1003	lh	x0,48(x22)	 x22:0x8000809c PA:0x800080cc
        3505000	       349	80000548	0bb78123	sb	x27,162(x15)	 x15:0x800081ff x27:0x00000000 PA:0x800082a1
        3515000	       350	8000054c	0d67cf03	lbu	x30,214(x15)	 x15:0x800081ff x30=0x00000000 PA:0x800082d5
        3525000	       351	80000550	fd8b5c83	lhu	x25,-40(x22)	 x22:0x8000809c x25=0x00000000 PA:0x80008074
        3535000	       352	80000554	00f71f03	lh	x30,15(x14)	 x14:0x800084c1 x30=0x00000000 PA:0x800084d0
        3545000	       353	80000558	fe290e23	sb	x2,-4(x18)	 x18:0x800083f7  x2:0x00000000 PA:0x800083f3
        3555000	       354	8000055c	fd3b0da3	sb	x19,-37(x22)	 x22:0x8000809c x19:0x00000000 PA:0x80008077
        3565000	       355	80000560	00870383	lb	x7,8(x14)	 x14:0x800084c1  x7=0x00000000 PA:0x800084c9
        3575000	       356	80000564	00bd0da3	sb	x11,27(x26)	 x26:0x80008670 x11:0x00000000 PA:0x8000868b
        3585000	       357	80000568	f4b78d83	lb	x27,-181(x15)	 x15:0x800081ff x27=0x00000000 PA:0x8000814a
        3595000	       358	8000056c	feeb4d83	lbu	x27,-18(x22)	 x22:0x8000809c x27=0x00000000 PA:0x8000808a
        3605000	       359	80000570	01290823	sb	x18,16(x18)	 x18:0x800083f7 x18:0x800083f7 PA:0x80008407
        3615000	       360	80000574	09e7c383	lbu	x7,158(x15)	 x15:0x800081ff  x7=0x00000000 PA:0x8000829d
        3625000	       361	80000578	00008097	auipc	x1,0x8	  x1=0x80008574
        3635000	       362	8000057c	cbe08093	addi	x1,x1,-834	  x1:0x80008574  x1=0x80008232
        3645000	       363	80000580	0ca0c003	lbu	x0,202(x1)	  x1:0x80008232 PA:0x800082fc
        3655000	       364	80000584	fd00cc03	lbu	x24,-48(x1)	  x1:0x80008232 x24=0x00000000 PA:0x80008202
        3665000	       365	80000588	0630c003	lbu	x0,99(x1)	  x1:0x80008232 PA:0x80008295
        3675000	       366	8000058c	40c38f33	sub	x30,x7,x12	  x7:0x00000000 x12:0x00000000 x30=0x00000000
        3685000	       367	80000590	01208003	lb	x0,18(x1)	  x1:0x80008232 PA:0x80008244
        3695000	       368	80000594	87624993	xori	x19,x4,-1930	  x4:0x00000000 x19=0xfffff876
        3705000	       369	80000598	0c609183	lh	x3,198(x1)	  x1:0x80008232  x3=0x00000000 PA:0x800082f8
        3715000	       370	8000059c	5212ab13	slti	x22,x5,1313	  x5:0x00000001 x22=0x00000001
        3725000	       371	800005a0	0c2088a3	sb	x2,209(x1)	  x1:0x80008232  x2:0x00000000 PA:0x80008303
        3735000	       372	800005a4	0c308f83	lb	x31,195(x1)	  x1:0x80008232 x31=0x00000000 PA:0x800082f5
        3745000	       373	800005a8	021080a3	sb	x1,33(x1)	  x1:0x80008232  x1:0x80008232 PA:0x80008253
        3755000	       374	800005ac	b2c54293	xori	x5,x10,-1236	 x10:0x80008162  x5=0x7fff7a4e
        3765000	       375	800005b0	8d87a793	slti	x15,x15,-1832	 x15:0x800081ff x15=0x00000001
        3775000	       376	800005b4	a3342f13	slti	x30,x8,-1485	  x8:0x00000000 x30=0x00000000
        3785000	       377	800005b8	f2f084a3	sb	x15,-215(x1)	  x1:0x80008232 x15:0x00000001 PA:0x8000815b
        3795000	       378	800005bc	01015fb3	srl	x31,x2,x16	  x2:0x00000000 x16:0x00000000 x31=0x00000000
        3805000	       379	800005c0	06509c23	sh	x5,120(x1)	  x1:0x80008232  x5:0x7fff7a4e PA:0x800082aa
        3815000	       380	800005c4	05a0c783	lbu	x15,90(x1)	  x1:0x80008232 x15=0x00000000 PA:0x8000828c
        3825000	       381	800005c8	f1609123	sh	x22,-254(x1)	  x1:0x80008232 x22:0x00000001 PA:0x80008134
        3835000	       382	800005cc	bee00413	addi	x8,x0,-1042	  x0:0x00000000  x8=0xfffffbee
        3845000	       383	800005d0	00a70e33	add	x28,x14,x10	 x14:0x800084c1 x10:0x80008162 x28=0x00010623
        3855000	       384	800005d4	012a5d13	srli	x26,x20,0x12	 x20:0x00000000 x26=0x00000000
        3865000	       385	800005d8	01c8f633	and	x12,x17,x28	 x17:0x80009fc4 x28:0x00010623 x12=0x00000600
        3875000	       386	800005dc	01577033	and	x0,x14,x21	 x14:0x800084c1 x21:0x80009f84
        3885000	       387	800005e0	00da5433	srl	x8,x20,x13	 x20:0x00000000 x13:0x00000000  x8=0x00000000
        3895000	       388	800005e4	0180c683	lbu	x13,24(x1)	  x1:0x80008232 x13=0x00000000 PA:0x8000824a
        3905000	       389	800005e8	012e1193	slli	x3,x28,0x12	 x28:0x00010623  x3=0x188c0000
        3915000	       390	800005ec	0da0ce03	lbu	x28,218(x1)	  x1:0x80008232 x28=0x00000000 PA:0x8000830c
        3925000	       391	800005f0	73ada393	slti	x7,x27,1850	 x27:0x00000000  x7=0x00000001
        3935000	       392	800005f4	0e60cc83	lbu	x25,230(x1)	  x1:0x80008232 x25=0x00000000 PA:0x80008318
        3945000	       393	800005f8	008fdf13	srli	x30,x31,0x8	 x31:0x00000000 x30=0x00000000
        3955000	       394	800005fc	0c309523	sh	x3,202(x1)	  x1:0x80008232  x3:0x188c0000 PA:0x800082fc
        3965000	       395	80000600	4115d193	srai	x3,x11,0x11	 x11:0x00000000  x3=0x00000000
        3975000	       396	80000604	067085a3	sb	x7,107(x1)	  x1:0x80008232  x7:0x00000001 PA:0x8000829d
        3985000	       397	80000608	004ae533	or	x10,x21,x4	 x21:0x80009f84  x4:0x00000000 x10=0x80009f84
        3995000	       398	8000060c	6e4c8cb7	lui	x25,0x6e4c8	 x25=0x6e4c8000
        4005000	       399	80000610	00024233	xor	x4,x4,x0	  x4:0x00000000  x0:0x00000000  x4=0x00000000
        4015000	       400	80000614	003854b3	srl	x9,x16,x3	 x16:0x00000000  x3:0x00000000  x9=0x00000000
        4025000	       401	80000618	ff20c103	lbu	x2,-14(x1)	  x1:0x80008232  x2=0x00000000 PA:0x80008224
        4035000	       402	8000061c	01ce5113	srli	x2,x28,0x1c	 x28:0x00000000  x2=0x00000000
        4045000	       403	80000620	bc0ae437	lui	x8,0xbc0ae	  x8=0xbc0ae000
        4055000	       404	80000624	f8508983	lb	x19,-123(x1)	  x1:0x80008232 x19=0x00000000 PA:0x800081b7
        4065000	       405	80000628	6c8a9297	auipc	x5,0x6c8a9	  x5=0xec8a9624
        4075000	       406	8000062c	0b109a23	sh	x17,180(x1)	  x1:0x80008232 x17:0x80009fc4 PA:0x800082e6
        4085000	       407	80000630	01009203	lh	x4,16(x1)	  x1:0x80008232  x4=0x00000000 PA:0x80008242
        4095000	       408	80000634	05609683	lh	x13,86(x1)	  x1:0x80008232 x13=0x00000000 PA:0x80008288
        4105000	       409	80000638	f660ae83	lw	x29,-154(x1)	  x1:0x80008232 x29=0x00008400 PA:0x80008198
        4115000	       410	8000063c	00008117	auipc	x2,0x8	  x2=0x80008638
        4125000	       411	80000640	b3f10113	addi	x2,x2,-1217	  x2:0x80008638  x2=0x80008177
        4135000	       412	80000644	fe710f23	sb	x7,-2(x2)	  x2:0x80008177  x7:0x00000001 PA:0x80008175
        4145000	       413	80000648	ffe14903	lbu	x18,-2(x2)	  x2:0x80008177 x18=0x00000001 PA:0x80008175
        4155000	       414	8000064c	ffe10683	lb	x13,-2(x2)	  x2:0x80008177 x13=0x00000001 PA:0x80008175
        4165000	       415	80000650	00814503	lbu	x10,8(x2)	  x2:0x80008177 x10=0x00000000 PA:0x8000817f
        4175000	       416	80000654	00810803	lb	x16,8(x2)	  x2:0x80008177 x16=0x00000000 PA:0x8000817f
        4185000	       417	80000658	00810f03	lb	x30,8(x2)	  x2:0x80008177 x30=0x00000000 PA:0x8000817f
        4195000	       418	8000065c	00814703	lbu	x14,8(x2)	  x2:0x80008177 x14=0x00000000 PA:0x8000817f
        4205000	       419	80000660	00810583	lb	x11,8(x2)	  x2:0x80008177 x11=0x00000000 PA:0x8000817f
        4215000	       420	80000664	01910423	sb	x25,8(x2)	  x2:0x80008177 x25:0x6e4c8000 PA:0x8000817f
        4225000	       421	80000668	00410423	sb	x4,8(x2)	  x2:0x80008177  x4:0x00000000 PA:0x8000817f
        4235000	       422	8000066c	00814683	lbu	x13,8(x2)	  x2:0x80008177 x13=0x00000000 PA:0x8000817f
        4245000	       423	80000670	0c004d17	auipc	x26,0xc004	 x26=0x8c00466c
        4255000	       424	80000674	01e38cb3	add	x25,x7,x30	  x7:0x00000001 x30:0x00000000 x25=0x00000001
        4265000	       425	80000678	00814183	lbu	x3,8(x2)	  x2:0x80008177  x3=0x00000000 PA:0x8000817f
        4275000	       426	8000067c	00814283	lbu	x5,8(x2)	  x2:0x80008177  x5=0x00000000 PA:0x8000817f
        4285000	       427	80000680	00c10423	sb	x12,8(x2)	  x2:0x80008177 x12:0x00000600 PA:0x8000817f
        4295000	       428	80000684	005804b3	add	x9,x16,x5	 x16:0x00000000  x5:0x00000000  x9=0x00000000
        4305000	       429	80000688	01f10423	sb	x31,8(x2)	  x2:0x80008177 x31:0x00000000 PA:0x8000817f
        4315000	       430	8000068c	00008117	auipc	x2,0x8	  x2=0x80008688
        4325000	       431	80000690	2b810113	addi	x2,x2,696	  x2:0x80008688  x2=0x80008940
        4335000	       432	80000694	00008997	auipc	x19,0x8	 x19=0x80008690
        4345000	       433	80000698	32798993	addi	x19,x19,807	 x19:0x80008690 x19=0x800089b7
        4355000	       434	8000069c	02f98ba3	sb	x15,55(x19)	 x19:0x800089b7 x15:0x00000000 PA:0x800089ee
        4365000	       435	800006a0	00009817	auipc	x16,0x9	 x16=0x8000969c
        4375000	       436	800006a4	8c680813	addi	x16,x16,-1850	 x16:0x8000969c x16=0x80008f62
        4385000	       437	800006a8	0119d503	lhu	x10,17(x19)	 x19:0x800089b7 x10=0x00000000 PA:0x800089c8
        4395000	       438	800006ac	030800a3	sb	x16,33(x16)	 x16:0x80008f62 x16:0x80008f62 PA:0x80008f83
        4405000	       439	800006b0	fe910823	sb	x9,-16(x2)	  x2:0x80008940  x9:0x00000000 PA:0x80008930
        4415000	       440	800006b4	00009097	auipc	x1,0x9	  x1=0x800096b0
        4425000	       441	800006b8	92108093	addi	x1,x1,-1759	  x1:0x800096b0  x1=0x80008fd1
        4435000	       442	800006bc	feb99b03	lh	x22,-21(x19)	 x19:0x800089b7 x22=0x00000000 PA:0x800089a2
        4445000	       443	800006c0	02085a03	lhu	x20,32(x16)	 x16:0x80008f62 x20=0x00006200 PA:0x80008f82
        4455000	       444	800006c4	01b102a3	sb	x27,5(x2)	  x2:0x80008940 x27:0x00000000 PA:0x80008945
        4465000	       445	800006c8	fd199e03	lh	x28,-47(x19)	 x19:0x800089b7 x28=0x00000000 PA:0x80008988
        4475000	       446	800006cc	ffb14683	lbu	x13,-5(x2)	  x2:0x80008940 x13=0x00000000 PA:0x8000893b
        4485000	       447	800006d0	00984483	lbu	x9,9(x16)	 x16:0x80008f62  x9=0x00000000 PA:0x80008f6b
        4495000	       448	800006d4	fc698703	lb	x14,-58(x19)	 x19:0x800089b7 x14=0x00000000 PA:0x8000897d
        4505000	       449	800006d8	00212823	sw	x2,16(x2)	  x2:0x80008940  x2:0x80008940 PA:0x80008950
        4515000	       450	800006dc	01882523	sw	x24,10(x16)	 x16:0x80008f62 x24:0x00000000 PA:0x80008f6c
        4525000	       451	800006e0	02c98783	lb	x15,44(x19)	 x19:0x800089b7 x15=0x00000000 PA:0x800089e3
        4535000	       452	800006e4	ff908583	lb	x11,-7(x1)	  x1:0x80008fd1 x11=0x00000000 PA:0x80008fca
        4545000	       453	800006e8	0139cd83	lbu	x27,19(x19)	 x19:0x800089b7 x27=0x00000000 PA:0x800089ca
        4555000	       454	800006ec	03180423	sb	x17,40(x16)	 x16:0x80008f62 x17:0x80009fc4 PA:0x80008f8a
        4565000	       455	800006f0	01408483	lb	x9,20(x1)	  x1:0x80008fd1  x9=0x00000000 PA:0x80008fe5
        4575000	       456	800006f4	0119cb03	lbu	x22,17(x19)	 x19:0x800089b7 x22=0x00000000 PA:0x800089c8
        4585000	       457	800006f8	ffc12d03	lw	x26,-4(x2)	  x2:0x80008940 x26=0x00000000 PA:0x8000893c
        4595000	       458	800006fc	00c10303	lb	x6,12(x2)	  x2:0x80008940  x6=0x00000000 PA:0x8000894c
        4605000	       459	80000700	fec08c03	lb	x24,-20(x1)	  x1:0x80008fd1 x24=0x00000000 PA:0x80008fbd
        4615000	       460	80000704	ffd10583	lb	x11,-3(x2)	  x2:0x80008940 x11=0x00000000 PA:0x8000893d
        4625000	       461	80000708	fce9cd83	lbu	x27,-50(x19)	 x19:0x800089b7 x27=0x00000000 PA:0x80008985
        4635000	       462	8000070c	03c81c03	lh	x24,60(x16)	 x16:0x80008f62 x24=0x00000000 PA:0x80008f9e
        4645000	       463	80000710	ff1082a3	sb	x17,-27(x1)	  x1:0x80008fd1 x17:0x80009fc4 PA:0x80008fb6
        4655000	       464	80000714	011096a3	sh	x17,13(x1)	  x1:0x80008fd1 x17:0x80009fc4 PA:0x80008fde
        4665000	       465	80000718	feb12c23	sw	x11,-8(x2)	  x2:0x80008940 x11:0x00000000 PA:0x80008938
        4675000	       466	8000071c	fef98f23	sb	x15,-2(x19)	 x19:0x800089b7 x15:0x00000000 PA:0x800089b5
        4685000	       467	80000720	00d0d603	lhu	x12,13(x1)	  x1:0x80008fd1 x12=0x00009fc4 PA:0x80008fde
        4695000	       468	80000724	fea80e03	lb	x28,-22(x16)	 x16:0x80008f62 x28=0x00000000 PA:0x80008f4c
        4705000	       469	80000728	ff884f03	lbu	x30,-8(x16)	 x16:0x80008f62 x30=0x00000000 PA:0x80008f5a
        4715000	       470	8000072c	00009597	auipc	x11,0x9	 x11=0x80009728
        4725000	       471	80000730	86758593	addi	x11,x11,-1945	 x11:0x80009728 x11=0x80008f8f
        4735000	       472	80000734	013f1433	sll	x8,x30,x19	 x30:0x00000000 x19:0x800089b7  x8=0x00000000
        4745000	       473	80000738	fd05c183	lbu	x3,-48(x11)	 x11:0x80008f8f  x3=0x00000000 PA:0x80008f5f
        4755000	       474	8000073c	93ec8313	addi	x6,x25,-1730	 x25:0x00000001  x6=0xfffff93f
        4765000	       475	80000740	e5904a13	xori	x20,x0,-423	  x0:0x00000000 x20=0xfffffe59
        4775000	       476	80000744	ffc58b23	sb	x28,-10(x11)	 x11:0x80008f8f x28:0x00000000 PA:0x80008f85
        4785000	       477	80000748	0135da03	lhu	x20,19(x11)	 x11:0x80008f8f x20=0x00000000 PA:0x80008fa2
        4795000	       478	8000074c	9e9b7137	lui	x2,0x9e9b7	  x2=0x9e9b7000
        4805000	       479	80000750	0068ab33	slt	x22,x17,x6	 x17:0x80009fc4  x6:0xfffff93f x22=0x00000001
        4815000	       480	80000754	410d51b3	sra	x3,x26,x16	 x26:0x00000000 x16:0x80008f62  x3=0x00000000
        4825000	       481	80000758	01751433	sll	x8,x10,x23	 x10:0x00000000 x23:0xf7391cc8  x8=0x00000000
        4835000	       482	8000075c	ff8596a3	sh	x24,-19(x11)	 x11:0x80008f8f x24:0x00000000 PA:0x80008f7c
        4845000	       483	80000760	00000013	addi	x0,x0,0	  x0:0x00000000
        4855000	       484	80000764	02b58503	lb	x10,43(x11)	 x11:0x80008f8f x10=0x00000000 PA:0x80008fba
        4865000	       485	80000768	e5f5a813	slti	x16,x11,-417	 x11:0x80008f8f x16=0x00000001
        4875000	       486	8000076c	ffb58e03	lb	x28,-5(x11)	 x11:0x80008f8f x28=0xffffffc4 PA:0x80008f8a
        4885000	       487	80000770	00d592a3	sh	x13,5(x11)	 x11:0x80008f8f x13:0x00000000 PA:0x80008f94
        4895000	       488	80000774	004457b3	srl	x15,x8,x4	  x8:0x00000000  x4:0x00000000 x15=0x00000000
        4905000	       489	80000778	018c60b3	or	x1,x24,x24	 x24:0x00000000 x24:0x00000000  x1=0x00000000
        4915000	       490	8000077c	0275dd03	lhu	x26,39(x11)	 x11:0x80008f8f x26=0x000000c4 PA:0x80008fb6
        4925000	       491	80000780	01058223	sb	x16,4(x11)	 x11:0x80008f8f x16:0x00000001 PA:0x80008f93
        4935000	       492	80000784	41aa56b3	sra	x13,x20,x26	 x20:0x00000000 x26:0x000000c4 x13=0x00000000
        4945000	       493	80000788	9489b797	auipc	x15,0x9489b	 x15=0x1489b784
        4955000	       494	8000078c	0265cf03	lbu	x30,38(x11)	 x11:0x80008f8f x30=0x00000000 PA:0x80008fb5
        4965000	       495	80000790	41535a13	srai	x20,x6,0x15	  x6:0xfffff93f x20=0xffffffff
        4975000	       496	80000794	fe95ad83	lw	x27,-23(x11)	 x11:0x80008f8f x27=0x00000000 PA:0x80008f78
        4985000	       497	80000798	fcf5df03	lhu	x30,-49(x11)	 x11:0x80008f8f x30=0x00000000 PA:0x80008f5e
        4995000	       498	8000079c	ff058083	lb	x1,-16(x11)	 x11:0x80008f8f  x1=0x00000000 PA:0x80008f7f
        5005000	       499	800007a0	4057ddb3	sra	x27,x15,x5	 x15:0x1489b784  x5:0x00000000 x27=0x1489b784
        5015000	       500	800007a4	57e64413	xori	x8,x12,1406	 x12:0x00009fc4  x8=0x00009aba
        5025000	       501	800007a8	b2384493	xori	x9,x16,-1245	 x16:0x00000001  x9=0xfffffb22
        5035000	       502	800007ac	fd95ce83	lbu	x29,-39(x11)	 x11:0x80008f8f x29=0x00000000 PA:0x80008f68
        5045000	       503	800007b0	c4c52213	slti	x4,x10,-948	 x10:0x00000000  x4=0x00000000
        5055000	       504	800007b4	02358203	lb	x4,35(x11)	 x11:0x80008f8f  x4=0x00000000 PA:0x80008fb2
        5065000	       505	800007b8	c54ef413	andi	x8,x29,-940	 x29:0x00000000  x8=0x00000000
        5075000	       506	800007bc	02f58323	sb	x15,38(x11)	 x11:0x80008f8f x15:0x1489b784 PA:0x80008fb5
        5085000	       507	800007c0	0215c403	lbu	x8,33(x11)	 x11:0x80008f8f  x8=0x00000000 PA:0x80008fb0
        5095000	       508	800007c4	fc35d683	lhu	x13,-61(x11)	 x11:0x80008f8f x13=0x00000000 PA:0x80008f52
        5105000	       509	800007c8	00e2b533	sltu	x10,x5,x14	  x5:0x00000000 x14:0x00000000 x10=0x00000000
        5115000	       510	800007cc	c864f493	andi	x9,x9,-890	  x9:0xfffffb22  x9=0xfffff802
        5125000	       511	800007d0	b8192713	slti	x14,x18,-1151	 x18:0x00000001 x14=0x00000000
        5135000	       512	800007d4	fc958d23	sb	x9,-38(x11)	 x11:0x80008f8f  x9:0xfffff802 PA:0x80008f69
        5145000	       513	800007d8	03d59083	lh	x1,61(x11)	 x11:0x80008f8f  x1=0x00000000 PA:0x80008fcc
        5155000	       514	800007dc	0098d1b3	srl	x3,x17,x9	 x17:0x80009fc4  x9:0xfffff802  x3=0x200027f1
        5165000	       515	800007e0	ff05cf03	lbu	x30,-16(x11)	 x11:0x80008f8f x30=0x00000000 PA:0x80008f7f
        5175000	       516	800007e4	fd058203	lb	x4,-48(x11)	 x11:0x80008f8f  x4=0x00000000 PA:0x80008f5f
        5185000	       517	800007e8	afc53e13	sltiu	x28,x10,-1284	 x10:0x00000000 x28=0x00000001
        5195000	       518	800007ec	06260497	auipc	x9,0x6260	  x9=0x862607e8
        5205000	       519	800007f0	02458e83	lb	x29,36(x11)	 x11:0x80008f8f x29=0x00000000 PA:0x80008fb3
        5215000	       520	800007f4	04058183	lb	x3,64(x11)	 x11:0x80008f8f  x3=0x00000000 PA:0x80008fcf
        5225000	       521	800007f8	869cb213	sltiu	x4,x25,-1943	 x25:0x00000001  x4=0x00000001
        5235000	       522	800007fc	ff95c383	lbu	x7,-7(x11)	 x11:0x80008f8f  x7=0x00000000 PA:0x80008f88
        5245000	       523	80000800	00a996b3	sll	x13,x19,x10	 x19:0x800089b7 x10:0x00000000 x13=0x800089b7
        5255000	       524	80000804	015d1533	sll	x10,x26,x21	 x26:0x000000c4 x21:0x80009f84 x10=0x00000c40
        5265000	       525	80000808	00a4f833	and	x16,x9,x10	  x9:0x862607e8 x10:0x00000c40 x16=0x00000440
        5275000	       526	8000080c	00e5cf83	lbu	x31,14(x11)	 x11:0x80008f8f x31=0x00000000 PA:0x80008f9d
        5285000	       527	80000810	c8ebc513	xori	x10,x23,-882	 x23:0xf7391cc8 x10=0x08c6e046
        5295000	       528	80000814	fc058f23	sb	x0,-34(x11)	 x11:0x80008f8f  x0:0x00000000 PA:0x80008f6d
        5305000	       529	80000818	fcd5ce03	lbu	x28,-51(x11)	 x11:0x80008f8f x28=0x00000000 PA:0x80008f5c
        5315000	       530	8000081c	00008597	auipc	x11,0x8	 x11=0x80008818
        5325000	       531	80000820	ff258593	addi	x11,x11,-14	 x11:0x80008818 x11=0x8000880a
        5335000	       532	80000824	76b42713	slti	x14,x8,1899	  x8:0x00000000 x14=0x00000001
        5345000	       533	80000828	000420b3	slt	x1,x8,x0	  x8:0x00000000  x0:0x00000000  x1=0x00000000
        5355000	       534	8000082c	a1158a23	sb	x17,-1516(x11)	 x11:0x8000880a x17:0x80009fc4 PA:0x8000821e
        5365000	       535	80000830	00000013	addi	x0,x0,0	  x0:0x00000000
        5375000	       536	80000834	0194b733	sltu	x14,x9,x25	  x9:0x862607e8 x25:0x00000001 x14=0x00000000
        5385000	       537	80000838	f775c403	lbu	x8,-137(x11)	 x11:0x8000880a  x8=0x00000000 PA:0x80008781
        5395000	       538	8000083c	002de4b3	or	x9,x27,x2	 x27:0x1489b784  x2:0x9e9b7000  x9=0x9e9bf784
        5405000	       539	80000840	91d5ce83	lbu	x29,-1763(x11)	 x11:0x8000880a x29=0x00000000 PA:0x80008127
        5415000	       540	80000844	ad358803	lb	x16,-1325(x11)	 x11:0x8000880a x16=0x00000000 PA:0x800082dd
        5425000	       541	80000848	01efd733	srl	x14,x31,x30	 x31:0x00000000 x30:0x00000000 x14=0x00000000
        5435000	       542	8000084c	9b6ddf97	auipc	x31,0x9b6dd	 x31=0x1b6dd848
        5445000	       543	80000850	018b5f93	srli	x31,x22,0x18	 x22:0x00000001 x31=0x00000000
        5455000	       544	80000854	d305d983	lhu	x19,-720(x11)	 x11:0x8000880a x19=0x00000000 PA:0x8000853a
        5465000	       545	80000858	01ab1b13	slli	x22,x22,0x1a	 x22:0x00000001 x22=0x04000000
        5475000	       546	8000085c	01f06eb3	or	x29,x0,x31	  x0:0x00000000 x31:0x00000000 x29=0x00000000
        5485000	       547	80000860	006f93b3	sll	x7,x31,x6	 x31:0x00000000  x6:0xfffff93f  x7=0x00000000
        5495000	       548	80000864	973dc493	xori	x9,x27,-1677	 x27:0x1489b784  x9=0xeb764ef7
        5505000	       549	80000868	1f9fb293	sltiu	x5,x31,505	 x31:0x00000000  x5=0x00000001
        5515000	       550	8000086c	ebb587a3	sb	x27,-337(x11)	 x11:0x8000880a x27:0x1489b784 PA:0x800086b9
        5525000	       551	80000870	c5e5cc03	lbu	x24,-930(x11)	 x11:0x8000880a x24=0x00000000 PA:0x80008468
        5535000	       552	80000874	840582a3	sb	x0,-1979(x11)	 x11:0x8000880a  x0:0x00000000 PA:0x8000804f
        5545000	       553	80000878	01b55cb3	srl	x25,x10,x27	 x10:0x08c6e046 x27:0x1489b784 x25=0x008c6e04
        5555000	       554	8000087c	0154d133	srl	x2,x9,x21	  x9:0xeb764ef7 x21:0x80009f84  x2=0x0eb764ef
        5565000	       555	80000880	c815c783	lbu	x15,-895(x11)	 x11:0x8000880a x15=0x00000000 PA:0x8000848b
        5575000	       556	80000884	d685cf83	lbu	x31,-664(x11)	 x11:0x8000880a x31=0x00000000 PA:0x80008572
        5585000	       557	00000000	00000013	addi	x0,x0,0	  x0:0x00000000
        5595000	       558	80000888	01fb1b13	slli	x22,x22,0x1f	 x22:0x04000000 x22=0x00000000
        5605000	       559	8000088c	d9858d23	sb	x24,-614(x11)	 x11:0x8000880a x24:0x00000000 PA:0x800085a4
        5615000	       560	80000890	00c164b3	or	x9,x2,x12	  x2:0x0eb764ef x12:0x00009fc4  x9=0x0eb7ffef
        5625000	       561	80000894	9f46e613	ori	x12,x13,-1548	 x13:0x800089b7 x12=0xfffff9f7
        5635000	       562	80000898	00c5d103	lhu	x2,12(x11)	 x11:0x8000880a  x2=0x00000000 PA:0x80008816
        5645000	       563	00000000	00000013	addi	x0,x0,0	  x0:0x00000000
        5655000	       564	8000089c	a6258803	lb	x16,-1438(x11)	 x11:0x8000880a x16=0x00000000 PA:0x8000826c
        5665000	       565	800008a0	92558a03	lb	x20,-1755(x11)	 x11:0x8000880a x20=0x00000000 PA:0x8000812f
        5675000	       566	800008a4	eee5a923	sw	x14,-270(x11)	 x11:0x8000880a x14:0x00000000 PA:0x800086fc
        5685000	       567	800008a8	9cc5df83	lhu	x31,-1588(x11)	 x11:0x8000880a x31=0x00000000 PA:0x800081d6
        5695000	       568	800008ac	009a9613	slli	x12,x21,0x9	 x21:0x80009f84 x12=0x013f0800
        5705000	       569	800008b0	ffed2393	slti	x7,x26,-2	 x26:0x000000c4  x7=0x00000000
        5715000	       570	800008b4	8eb5c403	lbu	x8,-1813(x11)	 x11:0x8000880a  x8=0x00000000 PA:0x800080f5
        5725000	       571	800008b8	db75ad23	sw	x23,-582(x11)	 x11:0x8000880a x23:0xf7391cc8 PA:0x800085c4
        5735000	       572	800008bc	f90588a3	sb	x16,-111(x11)	 x11:0x8000880a x16:0x00000000 PA:0x8000879b
        5745000	       573	800008c0	ba358003	lb	x0,-1117(x11)	 x11:0x8000880a PA:0x800083ad
        5755000	       574	800008c4	be35c703	lbu	x14,-1053(x11)	 x11:0x8000880a x14=0x00000000 PA:0x800083ed
        5765000	       575	800008c8	21856013	ori	x0,x10,536	 x10:0x08c6e046
        5775000	       576	800008cc	f645c383	lbu	x7,-156(x11)	 x11:0x8000880a  x7=0x00000000 PA:0x8000876e
        5785000	       577	800008d0	f7159a23	sh	x17,-140(x11)	 x11:0x8000880a x17:0x80009fc4 PA:0x8000877e
        5795000	       578	800008d4	cb32ad13	slti	x26,x5,-845	  x5:0x00000001 x26=0x00000000
        5805000	       579	800008d8	bd358983	lb	x19,-1069(x11)	 x11:0x8000880a x19=0x00000000 PA:0x800083dd
        5815000	       580	800008dc	fd658483	lb	x9,-42(x11)	 x11:0x8000880a  x9=0x00000000 PA:0x800087e0
        5825000	       581	800008e0	a5d30613	addi	x12,x6,-1443	  x6:0xfffff93f x12=0xfffff39c
        5835000	       582	800008e4	01623933	sltu	x18,x4,x22	  x4:0x00000001 x22:0x00000000 x18=0x00000000
        5845000	       583	800008e8	da4583a3	sb	x4,-601(x11)	 x11:0x8000880a  x4:0x00000001 PA:0x800085b1
        5855000	       584	800008ec	27d3a3b7	lui	x7,0x27d3a	  x7=0x27d3a000
        5865000	       585	800008f0	90259123	sh	x2,-1790(x11)	 x11:0x8000880a  x2:0x00000000 PA:0x8000810c
        5875000	       586	800008f4	ab859223	sh	x24,-1372(x11)	 x11:0x8000880a x24:0x00000000 PA:0x800082ae
        5885000	       587	800008f8	00008e17	auipc	x28,0x8	 x28=0x800088f4
        5895000	       588	800008fc	964e0e13	addi	x28,x28,-1692	 x28:0x800088f4 x28=0x80008258
        5905000	       589	80000900	fa3e4783	lbu	x15,-93(x28)	 x28:0x80008258 x15=0x00000000 PA:0x800081fb
        5915000	       590	80000904	00008717	auipc	x14,0x8	 x14=0x80008900
        5925000	       591	80000908	9db70713	addi	x14,x14,-1573	 x14:0x80008900 x14=0x800082db
        5935000	       592	8000090c	26671da3	sh	x6,635(x14)	 x14:0x800082db  x6:0xfffff93f PA:0x80008556
        5945000	       593	80000910	f0fe0283	lb	x5,-241(x28)	 x28:0x80008258  x5=0x00000000 PA:0x80008167
        5955000	       594	80000914	f95709a3	sb	x21,-109(x14)	 x14:0x800082db x21:0x80009f84 PA:0x8000826e
        5965000	       595	80000918	0a9e0fa3	sb	x9,191(x28)	 x28:0x80008258  x9:0x00000000 PA:0x80008317
        5975000	       596	8000091c	04ee0ca3	sb	x14,89(x28)	 x28:0x80008258 x14:0x800082db PA:0x800082b1
        5985000	       597	80000920	0bf75a03	lhu	x20,191(x14)	 x14:0x800082db x20=0x00000000 PA:0x8000839a
        5995000	       598	80000924	11f71003	lh	x0,287(x14)	 x14:0x800082db PA:0x800083fa
        6005000	       599	80000928	00ce1103	lh	x2,12(x28)	 x28:0x80008258  x2=0x00000000 PA:0x80008264
        6015000	       600	8000092c	f6070a03	lb	x20,-160(x14)	 x14:0x800082db x20=0x00000000 PA:0x8000823b
        6025000	       601	80000930	febe00a3	sb	x11,-31(x28)	 x28:0x80008258 x11:0x8000880a PA:0x80008239
        6035000	       602	80000934	dc870623	sb	x8,-564(x14)	 x14:0x800082db  x8:0x00000000 PA:0x800080a7
        6045000	       603	80000938	06ee4b03	lbu	x22,110(x28)	 x28:0x80008258 x22=0x00000000 PA:0x800082c6
        6055000	       604	8000093c	0ac71fa3	sh	x12,191(x14)	 x14:0x800082db x12:0xfffff39c PA:0x8000839a
        6065000	       605	80000940	fcce04a3	sb	x12,-55(x28)	 x28:0x80008258 x12:0xfffff39c PA:0x80008221
        6075000	       606	80000944	fe3e0f03	lb	x30,-29(x28)	 x28:0x80008258 x30=0x00000000 PA:0x8000823b
        6085000	       607	80000948	25571803	lh	x16,597(x14)	 x14:0x800082db x16=0x00000000 PA:0x80008530
        6095000	       608	8000094c	089e4103	lbu	x2,137(x28)	 x28:0x80008258  x2=0x000000c4 PA:0x800082e1
        6105000	       609	80000950	00008417	auipc	x8,0x8	  x8=0x8000894c
        6115000	       610	80000954	4da40413	addi	x8,x8,1242	  x8:0x8000894c  x8=0x80008e26
        6125000	       611	80000958	01cc5233	srl	x4,x24,x28	 x24:0x00000000 x28:0x80008258  x4=0x00000000
        6135000	       612	8000095c	615ea813	slti	x16,x29,1557	 x29:0x00000000 x16=0x00000001
        6145000	       613	80000960	b58402a3	sb	x24,-1211(x8)	  x8:0x80008e26 x24:0x00000000 PA:0x8000896b
        6155000	       614	80000964	b4544e83	lbu	x29,-1211(x8)	  x8:0x80008e26 x29=0x00000000 PA:0x8000896b
        6165000	       615	80000968	b4540f83	lb	x31,-1211(x8)	  x8:0x80008e26 x31=0x00000000 PA:0x8000896b
        6175000	       616	8000096c	00ee4cb3	xor	x25,x28,x14	 x28:0x80008258 x14:0x800082db x25=0x00000083
        6185000	       617	80000970	b4b402a3	sb	x11,-1211(x8)	  x8:0x80008e26 x11:0x8000880a PA:0x8000896b
        6195000	       618	80000974	b4544083	lbu	x1,-1211(x8)	  x8:0x80008e26  x1=0x0000000a PA:0x8000896b
        6205000	       619	80000978	0c5407a3	sb	x5,207(x8)	  x8:0x80008e26  x5:0x00000000 PA:0x80008ef5
        6215000	       620	8000097c	0cf40783	lb	x15,207(x8)	  x8:0x80008e26 x15=0x00000000 PA:0x80008ef5
        6225000	       621	80000980	41aad5b3	sra	x11,x21,x26	 x21:0x80009f84 x26:0x00000000 x11=0x80009f84
        6235000	       622	80000984	0cf40903	lb	x18,207(x8)	  x8:0x80008e26 x18=0x00000000 PA:0x80008ef5
        6245000	       623	80000988	0c0407a3	sb	x0,207(x8)	  x8:0x80008e26  x0:0x00000000 PA:0x80008ef5
        6255000	       624	8000098c	01f51333	sll	x6,x10,x31	 x10:0x08c6e046 x31:0x00000000  x6=0x08c6e046
        6265000	       625	80000990	fd340103	lb	x2,-45(x8)	  x8:0x80008e26  x2=0x00000000 PA:0x80008df9
        6275000	       626	80000994	1bd40903	lb	x18,445(x8)	  x8:0x80008e26 x18=0x00000000 PA:0x80008fe3
        6285000	       627	80000998	04c40523	sb	x12,74(x8)	  x8:0x80008e26 x12:0xfffff39c PA:0x80008e70
        6295000	       628	8000099c	04a44e83	lbu	x29,74(x8)	  x8:0x80008e26 x29=0x0000009c PA:0x80008e70
        6305000	       629	800009a0	ac944d83	lbu	x27,-1335(x8)	  x8:0x80008e26 x27=0x00000000 PA:0x800088ef
        6315000	       630	800009a4	00008117	auipc	x2,0x8	  x2=0x800089a0
        6325000	       631	800009a8	cdb10113	addi	x2,x2,-805	  x2:0x800089a0  x2=0x8000867b
        6335000	       632	800009ac	fe810283	lb	x5,-24(x2)	  x2:0x8000867b  x5=0x00000000 PA:0x80008663
        6345000	       633	800009b0	00959c93	slli	x25,x11,0x9	 x11:0x80009f84 x25=0x013f0800
        6355000	       634	800009b4	fe810183	lb	x3,-24(x2)	  x2:0x8000867b  x3=0x00000000 PA:0x80008663
        6365000	       635	800009b8	00531213	slli	x4,x6,0x5	  x6:0x08c6e046  x4=0x18dc08c0
        6375000	       636	800009bc	fe810583	lb	x11,-24(x2)	  x2:0x8000867b x11=0x00000000 PA:0x80008663
        6385000	       637	800009c0	09314403	lbu	x8,147(x2)	  x2:0x8000867b  x8=0x00000000 PA:0x8000870e
        6395000	       638	800009c4	081119a3	sh	x1,147(x2)	  x2:0x8000867b  x1:0x0000000a PA:0x8000870e
        6405000	       639	800009c8	087119a3	sh	x7,147(x2)	  x2:0x8000867b  x7:0x27d3a000 PA:0x8000870e
        6415000	       640	800009cc	245eb313	sltiu	x6,x29,581	 x29:0x0000009c  x6=0x00000001
        6425000	       641	800009d0	0105b0b3	sltu	x1,x11,x16	 x11:0x00000000 x16:0x00000001  x1=0x00000001
        6435000	       642	800009d4	ce996d93	ori	x27,x18,-791	 x18:0x00000000 x27=0xfffffce9
        6445000	       643	800009d8	0dd10703	lb	x14,221(x2)	  x2:0x8000867b x14=0x00000000 PA:0x80008758
        6455000	       644	800009dc	0db10ea3	sb	x27,221(x2)	  x2:0x8000867b x27:0xfffffce9 PA:0x80008758
        6465000	       645	800009e0	008c62b3	or	x5,x24,x8	 x24:0x00000000  x8:0x00000000  x5=0x00000000
        6475000	       646	800009e4	fbb14c03	lbu	x24,-69(x2)	  x2:0x8000867b x24=0x00000000 PA:0x80008636
        6485000	       647	800009e8	4e34b493	sltiu	x9,x9,1251	  x9:0x00000000  x9=0x00000001
        6495000	       648	800009ec	fbb15683	lhu	x13,-69(x2)	  x2:0x8000867b x13=0x00000000 PA:0x80008636
        6505000	       649	800009f0	fbb10d83	lb	x27,-69(x2)	  x2:0x8000867b x27=0x00000000 PA:0x80008636
        6515000	       650	800009f4	fbc11da3	sh	x28,-69(x2)	  x2:0x8000867b x28:0x80008258 PA:0x80008636
        6525000	       651	800009f8	00008f97	auipc	x31,0x8	 x31=0x800089f4
        6535000	       652	800009fc	dcdf8f93	addi	x31,x31,-563	 x31:0x800089f4 x31=0x800087c1
        6545000	       653	80000a00	fd3faf03	lw	x30,-45(x31)	 x31:0x800087c1 x30=0x00000000 PA:0x80008794
        6555000	       654	80000a04	7ae18317	auipc	x6,0x7ae18	  x6=0xfae18a00
        6565000	       655	80000a08	00e621b3	slt	x3,x12,x14	 x12:0xfffff39c x14:0x00000000  x3=0x00000001
        6575000	       656	80000a0c	00000013	addi	x0,x0,0	  x0:0x00000000
        6585000	       657	80000a10	ff7fda03	lhu	x20,-9(x31)	 x31:0x800087c1 x20=0x00000000 PA:0x800087b8
        6595000	       658	80000a14	f04fcd83	lbu	x27,-252(x31)	 x31:0x800087c1 x27=0x00000000 PA:0x800086c5
        6605000	       659	80000a18	f26f8183	lb	x3,-218(x31)	 x31:0x800087c1  x3=0x00000000 PA:0x800086e7
        6615000	       660	80000a1c	f4df8903	lb	x18,-179(x31)	 x31:0x800087c1 x18=0x00000000 PA:0x8000870e
        6625000	       661	00000000	00000013	addi	x0,x0,0	  x0:0x00000000
        6635000	       662	80000a20	052fc283	lbu	x5,82(x31)	 x31:0x800087c1  x5=0x00000000 PA:0x80008813
        6645000	       663	00000000	00000013	addi	x0,x0,0	  x0:0x00000000
        6655000	       664	80000a24	f85f95a3	sh	x5,-117(x31)	 x31:0x800087c1  x5:0x00000000 PA:0x8000874c
        6665000	       665	80000a28	fbcf8203	lb	x4,-68(x31)	 x31:0x800087c1  x4=0x00000000 PA:0x8000877d
        6675000	       666	80000a2c	f48fc903	lbu	x18,-184(x31)	 x31:0x800087c1 x18=0x00000000 PA:0x80008709
        6685000	       667	80000a30	38027013	andi	x0,x4,896	  x4:0x00000000
        6695000	       668	80000a34	f79fce03	lbu	x28,-135(x31)	 x31:0x800087c1 x28=0x00000000 PA:0x8000873a
        6705000	       669	80000a38	b385ac13	slti	x24,x11,-1224	 x11:0x00000000 x24=0x00000000
        6715000	       670	80000a3c	017f9403	lh	x8,23(x31)	 x31:0x800087c1  x8=0x00000000 PA:0x800087d8
        6725000	       671	80000a40	64de4493	xori	x9,x28,1613	 x28:0x00000000  x9=0x0000064d
        6735000	       672	80000a44	01351b33	sll	x22,x10,x19	 x10:0x08c6e046 x19:0x00000000 x22=0x08c6e046
        6745000	       673	80000a48	040fc383	lbu	x7,64(x31)	 x31:0x800087c1  x7=0x00000000 PA:0x80008801
        6755000	       674	80000a4c	f8d42c37	lui	x24,0xf8d42	 x24=0xf8d42000
        6765000	       675	80000a50	054f84a3	sb	x20,73(x31)	 x31:0x800087c1 x20:0x00000000 PA:0x8000880a
        6775000	       676	80000a54	f9afce03	lbu	x28,-102(x31)	 x31:0x800087c1 x28=0x00000000 PA:0x8000875b
        6785000	       677	80000a58	13b1a913	slti	x18,x3,315	  x3:0x00000000 x18=0x00000001
        6795000	       678	80000a5c	00000013	addi	x0,x0,0	  x0:0x00000000
        6805000	       679	80000a60	f17f8323	sb	x23,-250(x31)	 x31:0x800087c1 x23:0xf7391cc8 PA:0x800086c7
        6815000	       680	80000a64	fbcfada3	sw	x28,-69(x31)	 x31:0x800087c1 x28:0x00000000 PA:0x8000877c
        6825000	       681	80000a68	00008f17	auipc	x30,0x8	 x30=0x80008a64
        6835000	       682	80000a6c	e3df0f13	addi	x30,x30,-451	 x30:0x80008a64 x30=0x800088a1
        6845000	       683	80000a70	00008e97	auipc	x29,0x8	 x29=0x80008a6c
        6855000	       684	80000a74	e25e8e93	addi	x29,x29,-475	 x29:0x80008a6c x29=0x80008891
        6865000	       685	80000a78	f88ec003	lbu	x0,-120(x29)	 x29:0x80008891 PA:0x80008819
        6875000	       686	80000a7c	fe0f0583	lb	x11,-32(x30)	 x30:0x800088a1 x11=0x00000000 PA:0x80008881
        6885000	       687	80000a80	00008117	auipc	x2,0x8	  x2=0x80008a7c
        6895000	       688	80000a84	42110113	addi	x2,x2,1057	  x2:0x80008a7c  x2=0x80008e9d
        6905000	       689	80000a88	0e7eaba3	sw	x7,247(x29)	 x29:0x80008891  x7:0x00000000 PA:0x80008988
        6915000	       690	80000a8c	00008617	auipc	x12,0x8	 x12=0x80008a88
        6925000	       691	80000a90	2ff60613	addi	x12,x12,767	 x12:0x80008a88 x12=0x80008d87
        6935000	       692	80000a94	c8210003	lb	x0,-894(x2)	  x2:0x80008e9d PA:0x80008b1f
        6945000	       693	80000a98	9f914003	lbu	x0,-1543(x2)	  x2:0x80008e9d PA:0x80008896
        6955000	       694	80000a9c	08de89a3	sb	x13,147(x29)	 x29:0x80008891 x13:0x00000000 PA:0x80008924
        6965000	       695	80000aa0	08ae8003	lb	x0,138(x29)	 x29:0x80008891 PA:0x8000891b
        6975000	       696	80000aa4	f4610a23	sb	x6,-172(x2)	  x2:0x80008e9d  x6:0xfae18a00 PA:0x80008df1
        6985000	       697	80000aa8	db460703	lb	x14,-588(x12)	 x12:0x80008d87 x14=0x00000000 PA:0x80008b3b
        6995000	       698	80000aac	23b60583	lb	x11,571(x12)	 x12:0x80008d87 x11=0x00000000 PA:0x80008fc2
        7005000	       699	80000ab0	fe9f4c03	lbu	x24,-23(x30)	 x30:0x800088a1 x24=0x00000000 PA:0x8000888a
        7015000	       700	80000ab4	02ef4a03	lbu	x20,46(x30)	 x30:0x800088a1 x20=0x00000000 PA:0x800088cf
        7025000	       701	80000ab8	cde10ca3	sb	x30,-807(x2)	  x2:0x80008e9d x30:0x800088a1 PA:0x80008b76
        7035000	       702	80000abc	18b61d03	lh	x26,395(x12)	 x12:0x80008d87 x26=0x00000000 PA:0x80008f12
        7045000	       703	80000ac0	150101a3	sb	x16,323(x2)	  x2:0x80008e9d x16:0x00000001 PA:0x80008fe0
        7055000	       704	80000ac4	cfb60ea3	sb	x27,-771(x12)	 x12:0x80008d87 x27:0x00000000 PA:0x80008a84
        7065000	       705	80000ac8	028f0183	lb	x3,40(x30)	 x30:0x800088a1  x3=0x00000000 PA:0x800088c9
        7075000	       706	80000acc	d25110a3	sh	x5,-735(x2)	  x2:0x80008e9d  x5:0x00000000 PA:0x80008bbe
        7085000	       707	80000ad0	08bea3a3	sw	x11,135(x29)	 x29:0x80008891 x11:0x00000000 PA:0x80008918
        7095000	       708	80000ad4	ffbf0d03	lb	x26,-5(x30)	 x30:0x800088a1 x26=0x00000000 PA:0x8000889c
        7105000	       709	80000ad8	fd4ec303	lbu	x6,-44(x29)	 x29:0x80008891  x6=0x00000000 PA:0x80008865
        7115000	       710	80000adc	f87ecc03	lbu	x24,-121(x29)	 x29:0x80008891 x24=0x00000000 PA:0x80008818
        7125000	       711	80000ae0	b4c60c03	lb	x24,-1204(x12)	 x12:0x80008d87 x24=0x00000000 PA:0x800088d3
        7135000	       712	00000000	00000013	addi	x0,x0,0	  x0:0x00000000
        7145000	       713	80000ae4	fd8f0523	sb	x24,-54(x30)	 x30:0x800088a1 x24:0x00000000 PA:0x8000886b
        7155000	       714	80000ae8	036e8903	lb	x18,54(x29)	 x29:0x80008891 x18=0x00000000 PA:0x800088c7
        7165000	       715	80000aec	011f0fa3	sb	x17,31(x30)	 x30:0x800088a1 x17:0x80009fc4 PA:0x800088c0
        7175000	       716	80000af0	10560303	lb	x6,261(x12)	 x12:0x80008d87  x6=0x00000004 PA:0x80008e8c
        7185000	       717	80000af4	0f8e8003	lb	x0,248(x29)	 x29:0x80008891 PA:0x80008989
        7195000	       718	80000af8	00008197	auipc	x3,0x8	  x3=0x80008af4
        7205000	       719	80000afc	36918193	addi	x3,x3,873	  x3:0x80008af4  x3=0x80008e5d
        7215000	       720	80000b00	ffe18003	lb	x0,-2(x3)	  x3:0x80008e5d PA:0x80008e5b
        7225000	       721	80000b04	ff718aa3	sb	x23,-11(x3)	  x3:0x80008e5d x23:0xf7391cc8 PA:0x80008e52
        7235000	       722	80000b08	0081c203	lbu	x4,8(x3)	  x3:0x80008e5d  x4=0x00000000 PA:0x80008e65
        7245000	       723	80000b0c	fe018ea3	sb	x0,-3(x3)	  x3:0x80008e5d  x0:0x00000000 PA:0x80008e5a
        7255000	       724	80000b10	00f18683	lb	x13,15(x3)	  x3:0x80008e5d x13=0x00000000 PA:0x80008e6c
        7265000	       725	80000b14	fec18e23	sb	x12,-4(x3)	  x3:0x80008e5d x12:0x80008d87 PA:0x80008e59
        7275000	       726	80000b18	ff018e23	sb	x16,-4(x3)	  x3:0x80008e5d x16:0x00000001 PA:0x80008e59
        7285000	       727	80000b1c	00718623	sb	x7,12(x3)	  x3:0x80008e5d  x7:0x00000000 PA:0x80008e69
        7295000	       728	80000b20	ffd18b23	sb	x29,-10(x3)	  x3:0x80008e5d x29:0x80008891 PA:0x80008e53
        7305000	       729	80000b24	002183a3	sb	x2,7(x3)	  x3:0x80008e5d  x2:0x80008e9d PA:0x80008e64
        7315000	       730	80000b28	ff41c083	lbu	x1,-12(x3)	  x3:0x80008e5d  x1=0x00000000 PA:0x80008e51
        7325000	       731	80000b2c	db033693	sltiu	x13,x6,-592	  x6:0x00000004 x13=0x00000001
        7335000	       732	80000b30	fec19ea3	sh	x12,-3(x3)	  x3:0x80008e5d x12:0x80008d87 PA:0x80008e5a
        7345000	       733	80000b34	0041cf03	lbu	x30,4(x3)	  x3:0x80008e5d x30=0x00000000 PA:0x80008e61
        7355000	       734	80000b38	ff018c03	lb	x24,-16(x3)	  x3:0x80008e5d x24=0x00000000 PA:0x80008e4d
        7365000	       735	80000b3c	015a33b3	sltu	x7,x20,x21	 x20:0x00000000 x21:0x80009f84  x7=0x00000001
        7375000	       736	80000b40	00e18303	lb	x6,14(x3)	  x3:0x80008e5d  x6=0x00000000 PA:0x80008e6b
        7385000	       737	80000b44	41a95313	srai	x6,x18,0x1a	 x18:0x00000000  x6=0x00000000
        7395000	       738	80000b48	00e1ce03	lbu	x28,14(x3)	  x3:0x80008e5d x28=0x00000000 PA:0x80008e6b
        7405000	       739	80000b4c	ff518483	lb	x9,-11(x3)	  x3:0x80008e5d  x9=0xffffffc8 PA:0x80008e52
        7415000	       740	80000b50	ff51d203	lhu	x4,-11(x3)	  x3:0x80008e5d  x4=0x000091c8 PA:0x80008e52
        7425000	       741	80000b54	fe31aba3	sw	x3,-9(x3)	  x3:0x80008e5d  x3:0x80008e5d PA:0x80008e54
        7435000	       742	80000b58	ff71c103	lbu	x2,-9(x3)	  x3:0x80008e5d  x2=0x0000005d PA:0x80008e54
        7445000	       743	80000b5c	4157da13	srai	x20,x15,0x15	 x15:0x00000000 x20=0x00000000
        7455000	       744	80000b60	012ebd33	sltu	x26,x29,x18	 x29:0x80008891 x18:0x00000000 x26=0x00000000
        7465000	       745	80000b64	41ab82b3	sub	x5,x23,x26	 x23:0xf7391cc8 x26:0x00000000  x5=0xf7391cc8
        7475000	       746	80000b68	d5658693	addi	x13,x11,-682	 x11:0x00000000 x13=0xfffffd56
        7485000	       747	80000b6c	00b3d433	srl	x8,x7,x11	  x7:0x00000001 x11:0x00000000  x8=0x00000001
        7495000	       748	80000b70	01dd5913	srli	x18,x26,0x1d	 x26:0x00000000 x18=0x00000000
        7505000	       749	80000b74	0155f5b3	and	x11,x11,x21	 x11:0x00000000 x21:0x80009f84 x11=0x00000000
        7515000	       750	80000b78	008fc533	xor	x10,x31,x8	 x31:0x800087c1  x8:0x00000001 x10=0x800087c0
        7525000	       751	80000b7c	00f77c33	and	x24,x14,x15	 x14:0x00000000 x15:0x00000000 x24=0x00000000
        7535000	       752	80000b80	41a159b3	sra	x19,x2,x26	  x2:0x0000005d x26:0x00000000 x19=0x0000005d
        7545000	       753	80000b84	01368f33	add	x30,x13,x19	 x13:0xfffffd56 x19:0x0000005d x30=0xfffffdb3
        7555000	       754	80000b88	04be2617	auipc	x12,0x4be2	 x12=0x84be2b84
        7565000	       755	80000b8c	3cee02b7	lui	x5,0x3cee0	  x5=0x3cee0000
        7575000	       756	80000b90	00b383b3	add	x7,x7,x11	  x7:0x00000001 x11:0x00000000  x7=0x00000001
        7585000	       757	80000b94	019d9933	sll	x18,x27,x25	 x27:0x00000000 x25:0x013f0800 x18=0x00000000
        7595000	       758	80000b98	003c2033	slt	x0,x24,x3	 x24:0x00000000  x3:0x80008e5d
        7605000	       759	80000b9c	2ce6a3b7	lui	x7,0x2ce6a	  x7=0x2ce6a000
        7615000	       760	80000ba0	405f8fb3	sub	x31,x31,x5	 x31:0x800087c1  x5:0x3cee0000 x31=0x431287c1
        7625000	       761	80000ba4	01c967b3	or	x15,x18,x28	 x18:0x00000000 x28:0x00000000 x15=0x00000000
        7635000	       762	80000ba8	01b09293	slli	x5,x1,0x1b	  x1:0x00000000  x5=0x00000000
        7645000	       763	80000bac	05ca8463	beq	x21,x28,80000bf4	 x21:0x80009f84 x28:0x00000000
        7655000	       764	80000bb0	01b6f863	bgeu	x13,x27,80000bc0	 x13:0xfffffd56 x27:0x00000000
        7665000	       765	00000000	00000013	addi	x0,x0,0	  x0:0x00000000
        7675000	       766	80000bbc	00000013	addi	x0,x0,0	  x0:0x00000000
        7685000	       767	80000bc0	00b4d863	bge	x9,x11,80000bd0	  x9:0xffffffc8 x11:0x00000000
        7695000	       768	80000bc4	03e66c63	bltu	x12,x30,80000bfc	 x12:0x84be2b84 x30:0xfffffdb3
        7705000	       769	00000000	00000013	addi	x0,x0,0	  x0:0x00000000
        7715000	       770	80000bf8	00000013	addi	x0,x0,0	  x0:0x00000000
        7725000	       771	80000bfc	01dc5c13	srli	x24,x24,0x1d	 x24:0x00000000 x24=0x00000000
        7735000	       772	80000c00	00bec0b3	xor	x1,x29,x11	 x29:0x80008891 x11:0x00000000  x1=0x80008891
        7745000	       773	80000c04	70f80413	addi	x8,x16,1807	 x16:0x00000001  x8=0x00000710
        7755000	       774	80000c08	c92cf513	andi	x10,x25,-878	 x25:0x013f0800 x10=0x013f0800
        7765000	       775	80000c0c	0415c863	blt	x11,x1,80000c5c	 x11:0x00000000  x1:0x80008891
        7775000	       776	80000c10	00d303b3	add	x7,x6,x13	  x6:0x00000000 x13:0xfffffd56  x7=0xfffffd56
        7785000	       777	80000c14	0e6c3eb7	lui	x29,0xe6c3	 x29=0x0e6c3000
        7795000	       778	80000c18	05d00463	beq	x0,x29,80000c60	  x0:0x00000000 x29:0x0e6c3000
        7805000	       779	80000c1c	a46f4f13	xori	x30,x30,-1466	 x30:0xfffffdb3 x30=0x000007f5
        7815000	       780	80000c20	00a899b3	sll	x19,x17,x10	 x17:0x80009fc4 x10:0x013f0800 x19=0x80009fc4
        7825000	       781	80000c24	008d34b3	sltu	x9,x26,x8	 x26:0x00000000  x8:0x00000710  x9=0x00000001
        7835000	       782	80000c28	410409b3	sub	x19,x8,x16	  x8:0x00000710 x16:0x00000001 x19=0x0000070f
        7845000	       783	80000c2c	891b6d13	ori	x26,x22,-1903	 x22:0x08c6e046 x26=0xfffff8d7
        7855000	       784	80000c30	7c126993	ori	x19,x4,1985	  x4:0x000091c8 x19=0x000097c9
        7865000	       785	80000c34	a2c2ac93	slti	x25,x5,-1492	  x5:0x00000000 x25=0x00000000
        7875000	       786	80000c38	e0538a13	addi	x20,x7,-507	  x7:0xfffffd56 x20=0xfffffb5b
        7885000	       787	80000c3c	62cc8193	addi	x3,x25,1580	 x25:0x00000000  x3=0x0000062c
        7895000	       788	80000c40	00871a33	sll	x20,x14,x8	 x14:0x00000000  x8:0x00000710 x20=0x00000000
        7905000	       789	80000c44	77b93993	sltiu	x19,x18,1915	 x18:0x00000000 x19=0x00000001
        7915000	       790	80000c48	7c290d93	addi	x27,x18,1986	 x18:0x00000000 x27=0x000007c2
        7925000	       791	80000c4c	41a4d613	srai	x12,x9,0x1a	  x9:0x00000001 x12=0x00000000
        7935000	       792	80000c50	b33de093	ori	x1,x27,-1229	 x27:0x000007c2  x1=0xfffffff3
        7945000	       793	80000c54	019ad663	bge	x21,x25,80000c60	 x21:0x80009f84 x25:0x00000000
        7955000	       794	80000c58	fad2cd17	auipc	x26,0xfad2c	 x26=0x7ad2cc54
        7965000	       795	80000c5c	005bd693	srli	x13,x23,0x5	 x23:0xf7391cc8 x13=0x07b9c8e6
        7975000	       796	80000c60	025a6c63	bltu	x20,x5,80000c98	 x20:0x00000000  x5:0x00000000
        7985000	       797	80000c64	021c8663	beq	x25,x1,80000c90	 x25:0x00000000  x1:0xfffffff3
        7995000	       798	80000c68	013a2b33	slt	x22,x20,x19	 x20:0x00000000 x19:0x00000001 x22=0x00000001
        8005000	       799	80000c6c	40515813	srai	x16,x2,0x5	  x2:0x0000005d x16=0x00000002
        8015000	       800	80000c70	018c5e33	srl	x28,x24,x24	 x24:0x00000000 x24:0x00000000 x28=0x00000000
        8025000	       801	80000c74	004e5033	srl	x0,x28,x4	 x28:0x00000000  x4:0x000091c8
        8035000	       802	80000c78	025d7863	bgeu	x26,x5,80000ca8	 x26:0x7ad2cc54  x5:0x00000000
        8045000	       803	00000000	00000013	addi	x0,x0,0	  x0:0x00000000
        8055000	       804	80000ca4	00000013	addi	x0,x0,0	  x0:0x00000000
        8065000	       805	80000ca8	ba4b4c93	xori	x25,x22,-1116	 x22:0x00000001 x25=0xfffffba5
        8075000	       806	80000cac	011d3d33	sltu	x26,x26,x17	 x26:0x7ad2cc54 x17:0x80009fc4 x26=0x00000001
        8085000	       807	80000cb0	9ed9b193	sltiu	x3,x19,-1555	 x19:0x00000001  x3=0x00000001
        8095000	       808	80000cb4	72e83f13	sltiu	x30,x16,1838	 x16:0x00000002 x30=0x00000001
        8105000	       809	80000cb8	02330463	beq	x6,x3,80000ce0	  x6:0x00000000  x3:0x00000001
        8115000	       810	80000cbc	44c0ac93	slti	x25,x1,1100	  x1:0xfffffff3 x25=0x00000001
        8125000	       811	80000cc0	0159d913	srli	x18,x19,0x15	 x19:0x00000001 x18=0x00000000
        8135000	       812	80000cc4	03b58063	beq	x11,x27,80000ce4	 x11:0x00000000 x27:0x000007c2
        8145000	       813	80000cc8	d8f8a017	auipc	x0,0xd8f8a	
        8155000	       814	80000ccc	0115b4b3	sltu	x9,x11,x17	 x11:0x00000000 x17:0x80009fc4  x9=0x00000001
        8165000	       815	80000cd0	db8b8993	addi	x19,x23,-584	 x23:0xf7391cc8 x19=0xf7391a80
        8175000	       816	80000cd4	01cb9f13	slli	x30,x23,0x1c	 x23:0xf7391cc8 x30=0x80000000
        8185000	       817	80000cd8	045ea837	lui	x16,0x45ea	 x16=0x045ea000
        8195000	       818	80000cdc	01d17933	and	x18,x2,x29	  x2:0x0000005d x29:0x0e6c3000 x18=0x00000000
        8205000	       819	80000ce0	01a21333	sll	x6,x4,x26	  x4:0x000091c8 x26:0x00000001  x6=0x00012390
        8215000	       820	80000ce4	002ba333	slt	x6,x23,x2	 x23:0xf7391cc8  x2:0x0000005d  x6=0x00000001
        8225000	       821	80000ce8	00bb62b3	or	x5,x22,x11	 x22:0x00000001 x11:0x00000000  x5=0x00000001
        8235000	       822	80000cec	1033a4b7	lui	x9,0x1033a	  x9=0x1033a000
        8245000	       823	80000cf0	41438b33	sub	x22,x7,x20	  x7:0xfffffd56 x20:0x00000000 x22=0xfffffd56
        8255000	       824	80000cf4	00200a63	beq	x0,x2,80000d08	  x0:0x00000000  x2:0x0000005d
        8265000	       825	80000cf8	bfb53f13	sltiu	x30,x10,-1029	 x10:0x013f0800 x30=0x00000001
        8275000	       826	80000cfc	00ff9433	sll	x8,x31,x15	 x31:0x431287c1 x15:0x00000000  x8=0x431287c1
        8285000	       827	80000d00	04ed7863	bgeu	x26,x14,80000d50	 x26:0x00000001 x14:0x00000000
        8295000	       828	00000000	00000013	addi	x0,x0,0	  x0:0x00000000
        8305000	       829	80000d4c	00000013	addi	x0,x0,0	  x0:0x00000000
        8315000	       830	80000d50	29d00713	addi	x14,x0,669	  x0:0x00000000 x14=0x0000029d
        8325000	       831	80000d54	40ed84b3	sub	x9,x27,x14	 x27:0x000007c2 x14:0x0000029d  x9=0x00000525
        8335000	       832	80000d58	4007d5b3	sra	x11,x15,x0	 x15:0x00000000  x0:0x00000000 x11=0x00000000
        8345000	       833	80000d5c	b58d2093	slti	x1,x26,-1192	 x26:0x00000001  x1=0x00000000
        8355000	       834	80000d60	010b8d33	add	x26,x23,x16	 x23:0xf7391cc8 x16:0x045ea000 x26=0xfb97bcc8
        8365000	       835	80000d64	16fb0f13	addi	x30,x22,367	 x22:0xfffffd56 x30=0xfffffec5
        8375000	       836	80000d68	01aa3f33	sltu	x30,x20,x26	 x20:0x00000000 x26:0xfb97bcc8 x30=0x00000001
        8385000	       837	80000d6c	00851133	sll	x2,x10,x8	 x10:0x013f0800  x8:0x431287c1  x2=0x027e1000
        8395000	       838	80000d70	e7750b17	auipc	x22,0xe7750	 x22=0x67750d6c
        8405000	       839	80000d74	23f06693	ori	x13,x0,575	  x0:0x00000000 x13=0x0000023f
        8415000	       840	80000d78	0cbd0197	auipc	x3,0xcbd0	  x3=0x8cbd0d74
        8425000	       841	80000d7c	02adf063	bgeu	x27,x10,80000d9c	 x27:0x000007c2 x10:0x013f0800
        8435000	       842	80000d80	41595e13	srai	x28,x18,0x15	 x18:0x00000000 x28=0x00000000
        8445000	       843	80000d84	0037e4b3	or	x9,x15,x3	 x15:0x00000000  x3:0x8cbd0d74  x9=0x8cbd0d74
        8455000	       844	80000d88	0387c263	blt	x15,x24,80000dac	 x15:0x00000000 x24:0x00000000
        8465000	       845	80000d8c	01e43033	sltu	x0,x8,x30	  x8:0x431287c1 x30:0x00000001
        8475000	       846	80000d90	40588fb3	sub	x31,x17,x5	 x17:0x80009fc4  x5:0x00000001 x31=0x80009fc3
        8485000	       847	80000d94	b64be113	ori	x2,x23,-1180	 x23:0xf7391cc8  x2=0xffffffec
        8495000	       848	80000d98	0087aeb3	slt	x29,x15,x8	 x15:0x00000000  x8:0x431287c1 x29=0x00000001
        8505000	       849	80000d9c	0178d4b3	srl	x9,x17,x23	 x17:0x80009fc4 x23:0xf7391cc8  x9=0x0080009f
        8515000	       850	80000da0	41c6d993	srai	x19,x13,0x1c	 x13:0x0000023f x19=0x00000000
        8525000	       851	80000da4	05838863	beq	x7,x24,80000df4	  x7:0xfffffd56 x24:0x00000000
        8535000	       852	80000da8	0452e063	bltu	x5,x5,80000de8	  x5:0x00000001  x5:0x00000001
        8545000	       853	80000dac	05266063	bltu	x12,x18,80000dec	 x12:0x00000000 x18:0x00000000
        8555000	       854	80000db0	027a7063	bgeu	x20,x7,80000dd0	 x20:0x00000000  x7:0xfffffd56
        8565000	       855	80000db4	01931013	slli	x0,x6,0x19	  x6:0x00000001
        8575000	       856	80000db8	000c1f93	slli	x31,x24,0x0	 x24:0x00000000 x31=0x00000000
        8585000	       857	80000dbc	01e07eb3	and	x29,x0,x30	  x0:0x00000000 x30:0x00000001 x29=0x00000000
        8595000	       858	80000dc0	cef06c93	ori	x25,x0,-785	  x0:0x00000000 x25=0xfffffcef
        8605000	       859	80000dc4	030aea63	bltu	x21,x16,80000df8	 x21:0x80009f84 x16:0x045ea000
        8615000	       860	80000dc8	002bb633	sltu	x12,x23,x2	 x23:0xf7391cc8  x2:0xffffffec x12=0x00000001
        8625000	       861	80000dcc	02ea5863	bge	x20,x14,80000dfc	 x20:0x00000000 x14:0x0000029d
        8635000	       862	80000dd0	006efc63	bgeu	x29,x6,80000de8	 x29:0x00000000  x6:0x00000001
        8645000	       863	80000dd4	01ea1913	slli	x18,x20,0x1e	 x20:0x00000000 x18=0x00000000
        8655000	       864	80000dd8	bbfb6013	ori	x0,x22,-1089	 x22:0x67750d6c
        8665000	       865	80000ddc	04537463	bgeu	x6,x5,80000e24	  x6:0x00000001  x5:0x00000001
        8675000	       866	00000000	00000013	addi	x0,x0,0	  x0:0x00000000
        8685000	       867	80000e20	00000013	addi	x0,x0,0	  x0:0x00000000
        8695000	       868	80000e24	01891613	slli	x12,x18,0x18	 x18:0x00000000 x12=0x00000000
        8705000	       869	80000e28	5ef8c213	xori	x4,x17,1519	 x17:0x80009fc4  x4=0x80009a2b
        8715000	       870	80000e2c	86f0dd97	auipc	x27,0x86f0d	 x27=0x06f0de28
        8725000	       871	80000e30	3bb6e293	ori	x5,x13,955	 x13:0x0000023f  x5=0x000003bf
        8735000	       872	80000e34	04e98863	beq	x19,x14,80000e84	 x19:0x00000000 x14:0x0000029d
        8745000	       873	80000e38	02544663	blt	x8,x5,80000e64	  x8:0x431287c1  x5:0x000003bf
        8755000	       874	80000e3c	00000013	addi	x0,x0,0	  x0:0x00000000
        8765000	       875	80000e40	039cf263	bgeu	x25,x25,80000e64	 x25:0xfffffcef x25:0xfffffcef
        8775000	       876	00000000	00000013	addi	x0,x0,0	  x0:0x00000000
        8785000	       877	80000e60	00000013	addi	x0,x0,0	  x0:0x00000000
        8795000	       878	80000e64	00dd9cb3	sll	x25,x27,x13	 x27:0x06f0de28 x13:0x0000023f x25=0x00000000
        8805000	       879	80000e68	00e680b3	add	x1,x13,x14	 x13:0x0000023f x14:0x0000029d  x1=0x000004dc
        8815000	       880	80000e6c	54890913	addi	x18,x18,1352	 x18:0x00000000 x18=0x00000548
        8825000	       881	80000e70	404ad233	sra	x4,x21,x4	 x21:0x80009f84  x4:0x80009a2b  x4=0xfff00013
        8835000	       882	80000e74	31fb7d93	andi	x27,x22,799	 x22:0x67750d6c x27=0x0000010c
        8845000	       883	80000e78	015b8a33	add	x20,x23,x21	 x23:0xf7391cc8 x21:0x80009f84 x20=0x7739bc4c
        8855000	       884	80000e7c	91da8913	addi	x18,x21,-1763	 x21:0x80009f84 x18=0x800098a1
        8865000	       885	80000e80	90652c93	slti	x25,x10,-1786	 x10:0x013f0800 x25=0x00000000
        8875000	       886	80000e84	013d6c33	or	x24,x26,x19	 x26:0xfb97bcc8 x19:0x00000000 x24=0xfb97bcc8
        8885000	       887	80000e88	0057afb3	slt	x31,x15,x5	 x15:0x00000000  x5:0x000003bf x31=0x00000001
        8895000	       888	80000e8c	ec96bc13	sltiu	x24,x13,-311	 x13:0x0000023f x24=0x00000001
        8905000	       889	80000e90	055b8063	beq	x23,x21,80000ed0	 x23:0xf7391cc8 x21:0x80009f84
        8915000	       890	80000e94	00d62a33	slt	x20,x12,x13	 x12:0x00000000 x13:0x0000023f x20=0x00000001
        8925000	       891	80000e98	01d7d793	srli	x15,x15,0x1d	 x15:0x00000000 x15=0x00000000
        8935000	       892	80000e9c	53982637	lui	x12,0x53982	 x12=0x53982000
        8945000	       893	80000ea0	40870733	sub	x14,x14,x8	 x14:0x0000029d  x8:0x431287c1 x14=0xbced7adc
        8955000	       894	80000ea4	265f3493	sltiu	x9,x30,613	 x30:0x00000001  x9=0x00000001
        8965000	       895	80000ea8	01799463	bne	x19,x23,80000eb0	 x19:0x00000000 x23:0xf7391cc8
        8975000	       896	00000000	00000013	addi	x0,x0,0	  x0:0x00000000
        8985000	       897	80000eac	00000013	addi	x0,x0,0	  x0:0x00000000
        8995000	       898	80000eb0	0322fc37	lui	x24,0x322f	 x24=0x0322f000
        9005000	       899	80000eb4	1db06d13	ori	x26,x0,475	  x0:0x00000000 x26=0x000001db
        9015000	       900	80000eb8	00000013	addi	x0,x0,0	  x0:0x00000000
        9025000	       901	80000ebc	194b4d93	xori	x27,x22,404	 x22:0x67750d6c x27=0x67750cf8
        9035000	       902	80000ec0	012a1993	slli	x19,x20,0x12	 x20:0x00000001 x19=0x00040000
        9045000	       903	80000ec4	5e0122b7	lui	x5,0x5e012	  x5=0x5e012000
        9055000	       904	80000ec8	be1ca313	slti	x6,x25,-1055	 x25:0x00000000  x6=0x00000000
        9065000	       905	80000ecc	01326933	or	x18,x4,x19	  x4:0xfff00013 x19:0x00040000 x18=0xfff40013
        9075000	       906	80000ed0	01e5ccb3	xor	x25,x11,x30	 x11:0x00000000 x30:0x00000001 x25=0x00000001
        9085000	       907	80000ed4	79476237	lui	x4,0x79476	  x4=0x79476000
        9095000	       908	80000ed8	405702b3	sub	x5,x14,x5	 x14:0xbced7adc  x5:0x5e012000  x5=0x5eec5adc
        9105000	       909	80000edc	14ab6013	ori	x0,x22,330	 x22:0x67750d6c
        9115000	       910	80000ee0	01d96433	or	x8,x18,x29	 x18:0xfff40013 x29:0x00000000  x8=0xfff40013
        9125000	       911	80000ee4	00fba133	slt	x2,x23,x15	 x23:0xf7391cc8 x15:0x00000000  x2=0x00000001
        9135000	       912	80000ee8	035bc063	blt	x23,x21,80000f08	 x23:0xf7391cc8 x21:0x80009f84
        9145000	       913	80000eec	97ab4613	xori	x12,x22,-1670	 x22:0x67750d6c x12=0x988af416
        9155000	       914	80000ef0	02ba6463	bltu	x20,x11,80000f18	 x20:0x00000001 x11:0x00000000
        9165000	       915	80000ef4	406c0db3	sub	x27,x24,x6	 x24:0x0322f000  x6:0x00000000 x27=0x0322f000
        9175000	       916	80000ef8	4197dc13	srai	x24,x15,0x19	 x15:0x00000000 x24=0x00000000
        9185000	       917	80000efc	01d0adb3	slt	x27,x1,x29	  x1:0x000004dc x29:0x00000000 x27=0x00000000
        9195000	       918	80000f00	002c0a63	beq	x24,x2,80000f14	 x24:0x00000000  x2:0x00000001
        9205000	       919	80000f04	00969393	slli	x7,x13,0x9	 x13:0x0000023f  x7=0x00047e00
        9215000	       920	80000f08	0154ce63	blt	x9,x21,80000f24	  x9:0x00000001 x21:0x80009f84
        9225000	       921	80000f0c	40375133	sra	x2,x14,x3	 x14:0xbced7adc  x3:0x8cbd0d74  x2=0xfffffbce
        9235000	       922	80000f10	23f90c93	addi	x25,x18,575	 x18:0xfff40013 x25=0xfff40252
        9245000	       923	80000f14	03b8d863	bge	x17,x27,80000f44	 x17:0x80009fc4 x27:0x00000000
        9255000	       924	80000f18	01995e13	srli	x28,x18,0x19	 x18:0xfff40013 x28=0x0000007f
        9265000	       925	80000f1c	01ced863	bge	x29,x28,80000f2c	 x29:0x00000000 x28:0x0000007f
        9275000	       926	80000f20	98200b13	addi	x22,x0,-1662	  x0:0x00000000 x22=0xfffff982
        9285000	       927	80000f24	0137eeb3	or	x29,x15,x19	 x15:0x00000000 x19:0x00040000 x29=0x00040000
        9295000	       928	80000f28	04540863	beq	x8,x5,80000f78	  x8:0xfff40013  x5:0x5eec5adc
        9305000	       929	80000f2c	02685a63	bge	x16,x6,80000f60	 x16:0x045ea000  x6:0x00000000
        9315000	       930	00000000	00000013	addi	x0,x0,0	  x0:0x00000000
        9325000	       931	80000f5c	00000013	addi	x0,x0,0	  x0:0x00000000
        9335000	       932	80000f60	00000013	addi	x0,x0,0	  x0:0x00000000
        9345000	       933	80000f64	01c833b3	sltu	x7,x16,x28	 x16:0x045ea000 x28:0x0000007f  x7=0x00000000
        9355000	       934	80000f68	00ab7e33	and	x28,x22,x10	 x22:0xfffff982 x10:0x013f0800 x28=0x013f0800
        9365000	       935	80000f6c	41778533	sub	x10,x15,x23	 x15:0x00000000 x23:0xf7391cc8 x10=0x08c6e338
        9375000	       936	80000f70	01385c33	srl	x24,x16,x19	 x16:0x045ea000 x19:0x00040000 x24=0x045ea000
        9385000	       937	80000f74	3c84ed13	ori	x26,x9,968	  x9:0x00000001 x26=0x000003c9
        9395000	       938	80000f78	c3816213	ori	x4,x2,-968	  x2:0xfffffbce  x4=0xfffffffe
        9405000	       939	80000f7c	97593013	sltiu	x0,x18,-1675	 x18:0xfff40013
        9415000	       940	80000f80	03b60263	beq	x12,x27,80000fa4	 x12:0x988af416 x27:0x00000000
        9425000	       941	80000f84	00000013	addi	x0,x0,0	  x0:0x00000000
        9435000	       942	80000f88	00f55c33	srl	x24,x10,x15	 x10:0x08c6e338 x15:0x00000000 x24=0x08c6e338
        9445000	       943	80000f8c	0391d063	bge	x3,x25,80000fac	  x3:0x8cbd0d74 x25:0xfff40252
        9455000	       944	80000f90	00a1ec33	or	x24,x3,x10	  x3:0x8cbd0d74 x10:0x08c6e338 x24=0x8cffef7c
        9465000	       945	80000f94	402d52b3	sra	x5,x26,x2	 x26:0x000003c9  x2:0xfffffbce  x5=0x00000000
        9475000	       946	80000f98	05e7f863	bgeu	x15,x30,80000fe8	 x15:0x00000000 x30:0x00000001
        9485000	       947	80000f9c	00000013	addi	x0,x0,0	  x0:0x00000000
        9495000	       948	80000fa0	01135293	srli	x5,x6,0x11	  x6:0x00000000  x5=0x00000000
        9505000	       949	80000fa4	4039d833	sra	x16,x19,x3	 x19:0x00040000  x3:0x8cbd0d74 x16=0x00000000
        9515000	       950	80000fa8	0b397b13	andi	x22,x18,179	 x18:0xfff40013 x22=0x00000013
        9525000	       951	80000fac	01bd2933	slt	x18,x26,x27	 x26:0x000003c9 x27:0x00000000 x18=0x00000000
        9535000	       952	80000fb0	40eb5293	srai	x5,x22,0xe	 x22:0x00000013  x5=0x00000000
        9545000	       953	80000fb4	00ffb033	sltu	x0,x31,x15	 x31:0x00000001 x15:0x00000000
        9555000	       954	80000fb8	05694063	blt	x18,x22,80000ff8	 x18:0x00000000 x22:0x00000013
        9565000	       955	00000000	00000013	addi	x0,x0,0	  x0:0x00000000
        9575000	       956	80000ff4	00000013	addi	x0,x0,0	  x0:0x00000000
        9585000	       957	80000ff8	03184463	blt	x16,x17,80001020	 x16:0x00000000 x17:0x80009fc4
        9595000	       958	80000ffc	9b70a513	slti	x10,x1,-1609	  x1:0x000004dc x10=0x00000000
        9605000	       959	80001000	f4bfee13	ori	x28,x31,-181	 x31:0x00000001 x28=0xffffff4b
        9615000	       960	80001004	a928f193	andi	x3,x17,-1390	 x17:0x80009fc4  x3=0x80009a80
        9625000	       961	80001008	df70ad93	slti	x27,x1,-521	  x1:0x000004dc x27=0x00000000
        9635000	       962	8000100c	40a50d33	sub	x26,x10,x10	 x10:0x00000000 x10:0x00000000 x26=0x00000000
        9645000	       963	80001010	5bb721b7	lui	x3,0x5bb72	  x3=0x5bb72000
        9655000	       964	80001014	011372b3	and	x5,x6,x17	  x6:0x00000000 x17:0x80009fc4  x5=0x00000000
        9665000	       965	80001018	bd1a6fb7	lui	x31,0xbd1a6	 x31=0xbd1a6000
        9675000	       966	8000101c	0028dd33	srl	x26,x17,x2	 x17:0x80009fc4  x2:0xfffffbce x26=0x00020002
        9685000	       967	80001020	00975813	srli	x16,x14,0x9	 x14:0xbced7adc x16=0x005e76bd
        9695000	       968	80001024	016a1b13	slli	x22,x20,0x16	 x20:0x00000001 x22=0x00400000
        9705000	       969	80001028	004d7863	bgeu	x26,x4,80001038	 x26:0x00020002  x4:0xfffffffe
        9715000	       970	8000102c	01242333	slt	x6,x8,x18	  x8:0xfff40013 x18:0x00000000  x6=0x00000001
        9725000	       971	80001030	552b2d13	slti	x26,x22,1362	 x22:0x00400000 x26=0x00000000
        9735000	       972	80001034	2e5cce13	xori	x28,x25,741	 x25:0xfff40252 x28=0xfff400b7
        9745000	       973	80001038	010a5f33	srl	x30,x20,x16	 x20:0x00000001 x16:0x005e76bd x30=0x00000000
        9755000	       974	8000103c	01a6bd33	sltu	x26,x13,x26	 x13:0x0000023f x26:0x00000000 x26=0x00000000
        9765000	       975	80001040	00a7d913	srli	x18,x15,0xa	 x15:0x00000000 x18=0x00000000
        9775000	       976	80001044	030d9c63	bne	x27,x16,8000107c	 x27:0x00000000 x16:0x005e76bd
        9785000	       977	00000000	00000013	addi	x0,x0,0	  x0:0x00000000
        9795000	       978	80001078	00000013	addi	x0,x0,0	  x0:0x00000000
        9805000	       979	8000107c	724ca993	slti	x19,x25,1828	 x25:0xfff40252 x19=0x00000001
        9815000	       980	80001080	0074f1b3	and	x3,x9,x7	  x9:0x00000001  x7:0x00000000  x3=0x00000000
        9825000	       981	80001084	0024e733	or	x14,x9,x2	  x9:0x00000001  x2:0xfffffbce x14=0xfffffbcf
        9835000	       982	80001088	c1975f37	lui	x30,0xc1975	 x30=0xc1975000
        9845000	       983	8000108c	8b807f13	andi	x30,x0,-1864	  x0:0x00000000 x30=0x00000000
        9855000	       984	80001090	8b9d7013	andi	x0,x26,-1863	 x26:0x00000000
        9865000	       985	80001094	003a1cb3	sll	x25,x20,x3	 x20:0x00000001  x3:0x00000000 x25=0x00000001
        9875000	       986	80001098	e44cb9b7	lui	x19,0xe44cb	 x19=0xe44cb000
        9885000	       987	8000109c	a798d617	auipc	x12,0xa798d	 x12=0x2798e098
        9895000	       988	800010a0	04ab7063	bgeu	x22,x10,800010e0	 x22:0x00400000 x10:0x00000000
        9905000	       989	00000000	00000013	addi	x0,x0,0	  x0:0x00000000
        9915000	       990	800010dc	00000013	addi	x0,x0,0	  x0:0x00000000
        9925000	       991	800010e0	00b4ea63	bltu	x9,x11,800010f4	  x9:0x00000001 x11:0x00000000
        9935000	       992	800010e4	8c23f293	andi	x5,x7,-1854	  x7:0x00000000  x5=0x00000000
        9945000	       993	800010e8	0073b933	sltu	x18,x7,x7	  x7:0x00000000  x7:0x00000000 x18=0x00000000
        9955000	       994	800010ec	04b96463	bltu	x18,x11,80001134	 x18:0x00000000 x11:0x00000000
        9965000	       995	800010f0	00ee5013	srli	x0,x28,0xe	 x28:0xfff400b7
        9975000	       996	800010f4	415dd6b3	sra	x13,x27,x21	 x27:0x00000000 x21:0x80009f84 x13=0x00000000
        9985000	       997	800010f8	00000013	addi	x0,x0,0	  x0:0x00000000
        9995000	       998	800010fc	01677c63	bgeu	x14,x22,80001114	 x14:0xfffffbcf x22:0x00400000
       10005000	       999	00000000	00000013	addi	x0,x0,0	  x0:0x00000000
       10015000	      1000	80001110	00000013	addi	x0,x0,0	  x0:0x00000000
       10025000	      1001	80001114	f1287393	andi	x7,x16,-238	 x16:0x005e76bd  x7=0x005e7610
       10035000	      1002	80001118	0273c063	blt	x7,x7,80001138	  x7:0x005e7610  x7:0x005e7610
       10045000	      1003	8000111c	40665d13	srai	x26,x12,0x6	 x12:0x2798e098 x26=0x009e6382
       10055000	      1004	80001120	1e826913	ori	x18,x4,488	  x4:0xfffffffe x18=0xfffffffe
       10065000	      1005	80001124	04248463	beq	x9,x2,8000116c	  x9:0x00000001  x2:0xfffffbce
       10075000	      1006	80001128	41635793	srai	x15,x6,0x16	  x6:0x00000001 x15=0x00000000
       10085000	      1007	8000112c	bceb0393	addi	x7,x22,-1074	 x22:0x00400000  x7=0x003ffbce
       10095000	      1008	80001130	00000013	addi	x0,x0,0	  x0:0x00000000
       10105000	      1009	80001134	41005d93	srai	x27,x0,0x10	  x0:0x00000000 x27=0x00000000
       10115000	      1010	80001138	00a79f13	slli	x30,x15,0xa	 x15:0x00000000 x30=0x00000000
       10125000	      1011	8000113c	00000013	addi	x0,x0,0	  x0:0x00000000
       10135000	      1012	80001140	2ed14293	xori	x5,x2,749	  x2:0xfffffbce  x5=0xfffff923
       10145000	      1013	80001144	0530d863	bge	x1,x19,80001194	  x1:0x000004dc x19:0xe44cb000
       10155000	      1014	00000000	00000013	addi	x0,x0,0	  x0:0x00000000
       10165000	      1015	80001190	00000013	addi	x0,x0,0	  x0:0x00000000
       10175000	      1016	80001194	014074b3	and	x9,x0,x20	  x0:0x00000000 x20:0x00000001  x9=0x00000000
       10185000	      1017	80001198	002d04b3	add	x9,x26,x2	 x26:0x009e6382  x2:0xfffffbce  x9=0x009e5f50
       10195000	      1018	8000119c	41a8de93	srai	x29,x17,0x1a	 x17:0x80009fc4 x29=0xffffffe0
       10205000	      1019	800011a0	05c96863	bltu	x18,x28,800011f0	 x18:0xfffffffe x28:0xfff400b7
       10215000	      1020	800011a4	3a09c613	xori	x12,x19,928	 x19:0xe44cb000 x12=0xe44cb3a0
       10225000	      1021	800011a8	028d8863	beq	x27,x8,800011d8	 x27:0x00000000  x8:0xfff40013
       10235000	      1022	800011ac	00537333	and	x6,x6,x5	  x6:0x00000001  x5:0xfffff923  x6=0x00000001
       10245000	      1023	800011b0	0063d713	srli	x14,x7,0x6	  x7:0x003ffbce x14=0x0000ffef
       10255000	      1024	800011b4	03056063	bltu	x10,x16,800011d4	 x10:0x00000000 x16:0x005e76bd
       10265000	      1025	00000000	00000013	addi	x0,x0,0	  x0:0x00000000
       10275000	      1026	800011d0	00000013	addi	x0,x0,0	  x0:0x00000000
       10285000	      1027	800011d4	c0be3637	lui	x12,0xc0be3	 x12=0xc0be3000
       10295000	      1028	800011d8	00b95d13	srli	x26,x18,0xb	 x18:0xfffffffe x26=0x001fffff
       10305000	      1029	800011dc	73636613	ori	x12,x6,1846	  x6:0x00000001 x12=0x00000737
       10315000	      1030	800011e0	415e8eb3	sub	x29,x29,x21	 x29:0xffffffe0 x21:0x80009f84 x29=0x7fff605c
       10325000	      1031	800011e4	009e6eb3	or	x29,x28,x9	 x28:0xfff400b7  x9:0x009e5f50 x29=0xfffe5ff7
       10335000	      1032	800011e8	40265193	srai	x3,x12,0x2	 x12:0x00000737  x3=0x000001cd
       10345000	      1033	800011ec	4cdf3413	sltiu	x8,x30,1229	 x30:0x00000000  x8=0x00000001
       10355000	      1034	800011f0	01378933	add	x18,x15,x19	 x15:0x00000000 x19:0xe44cb000 x18=0xe44cb000
       10365000	      1035	800011f4	000e0663	beq	x28,x0,80001200	 x28:0xfff400b7  x0:0x00000000
       10375000	      1036	800011f8	867fb813	sltiu	x16,x31,-1945	 x31:0xbd1a6000 x16=0x00000001
       10385000	      1037	800011fc	01c17cb3	and	x25,x2,x28	  x2:0xfffffbce x28:0xfff400b7 x25=0xfff40086
       10395000	      1038	80001200	005d2c33	slt	x24,x26,x5	 x26:0x001fffff  x5:0xfffff923 x24=0x00000000
       10405000	      1039	80001204	04e80863	beq	x16,x14,80001254	 x16:0x00000001 x14:0x0000ffef
       10415000	      1040	80001208	007defb3	or	x31,x27,x7	 x27:0x00000000  x7:0x003ffbce x31=0x003ffbce
       10425000	      1041	8000120c	01c34633	xor	x12,x6,x28	  x6:0x00000001 x28:0xfff400b7 x12=0xfff400b6
       10435000	      1042	80001210	df6e3013	sltiu	x0,x28,-522	 x28:0xfff400b7
       10445000	      1043	80001214	00000013	addi	x0,x0,0	  x0:0x00000000
       10455000	      1044	80001218	00549cb3	sll	x25,x9,x5	  x9:0x009e5f50  x5:0xfffff923 x25=0x04f2fa80
       10465000	      1045	8000121c	015452b3	srl	x5,x8,x21	  x8:0x00000001 x21:0x80009f84  x5=0x00000000
       10475000	      1046	80001220	00d38633	add	x12,x7,x13	  x7:0x003ffbce x13:0x00000000 x12=0x003ffbce
       10485000	      1047	80001224	010e0f33	add	x30,x28,x16	 x28:0xfff400b7 x16:0x00000001 x30=0xfff400b8
       10495000	      1048	80001228	cf308d13	addi	x26,x1,-781	  x1:0x000004dc x26=0x000001cf
       10505000	      1049	8000122c	00859433	sll	x8,x11,x8	 x11:0x00000000  x8:0x00000001  x8=0x00000000
       10515000	      1050	80001230	0311e263	bltu	x3,x17,80001254	  x3:0x000001cd x17:0x80009fc4
       10525000	      1051	00000000	00000013	addi	x0,x0,0	  x0:0x00000000
       10535000	      1052	80001250	00000013	addi	x0,x0,0	  x0:0x00000000
       10545000	      1053	80001254	9066b313	sltiu	x6,x13,-1786	 x13:0x00000000  x6=0x00000001
       10555000	      1054	80001258	0576d463	bge	x13,x23,800012a0	 x13:0x00000000 x23:0xf7391cc8
       10565000	      1055	00000000	00000013	addi	x0,x0,0	  x0:0x00000000
       10575000	      1056	8000129c	00000013	addi	x0,x0,0	  x0:0x00000000
       10585000	      1057	800012a0	0103e4b3	or	x9,x7,x16	  x7:0x003ffbce x16:0x00000001  x9=0x003ffbcf
       10595000	      1058	800012a4	07106a63	bltu	x0,x17,80001318	  x0:0x00000000 x17:0x80009fc4
       10605000	      1059	00000000	00000013	addi	x0,x0,0	  x0:0x00000000
       10615000	      1060	80001314	00000013	addi	x0,x0,0	  x0:0x00000000
       10625000	      1061	80001318	01f55833	srl	x16,x10,x31	 x10:0x00000000 x31:0x003ffbce x16=0x00000000
       10635000	      1062	8000131c	014ba1b3	slt	x3,x23,x20	 x23:0xf7391cc8 x20:0x00000001  x3=0x00000001
       10645000	      1063	80001320	005809b3	add	x19,x16,x5	 x16:0x00000000  x5:0x00000000 x19=0x00000000
       10655000	      1064	80001324	4a2c3993	sltiu	x19,x24,1186	 x24:0x00000000 x19=0x00000001
       10665000	      1065	80001328	019d7863	bgeu	x26,x25,80001338	 x26:0x000001cf x25:0x04f2fa80
       10675000	      1066	8000132c	78f68613	addi	x12,x13,1935	 x13:0x00000000 x12=0x0000078f
       10685000	      1067	80001330	01601a13	slli	x20,x0,0x16	  x0:0x00000000 x20=0x00000000
       10695000	      1068	80001334	bcb12093	slti	x1,x2,-1077	  x2:0xfffffbce  x1=0x00000000
       10705000	      1069	80001338	404f5413	srai	x8,x30,0x4	 x30:0xfff400b8  x8=0xffff400b
       10715000	      1070	8000133c	0e38b093	sltiu	x1,x17,227	 x17:0x80009fc4  x1=0x00000000
       10725000	      1071	80001340	22eec593	xori	x11,x29,558	 x29:0xfffe5ff7 x11=0xfffe5dd9
       10735000	      1072	80001344	00c9ff33	and	x30,x19,x12	 x19:0x00000001 x12:0x0000078f x30=0x00000001
       10745000	      1073	80001348	03ec7863	bgeu	x24,x30,80001378	 x24:0x00000000 x30:0x00000001
       10755000	      1074	8000134c	009badb3	slt	x27,x23,x9	 x23:0xf7391cc8  x9:0x003ffbcf x27=0x00000001
       10765000	      1075	80001350	0148fc33	and	x24,x17,x20	 x17:0x80009fc4 x20:0x00000000 x24=0x00000000
       10775000	      1076	80001354	0163dc33	srl	x24,x7,x22	  x7:0x003ffbce x22:0x00400000 x24=0x003ffbce
       10785000	      1077	80001358	dfdde293	ori	x5,x27,-515	 x27:0x00000001  x5=0xfffffdfd
       10795000	      1078	8000135c	be30b993	sltiu	x19,x1,-1053	  x1:0x00000000 x19=0x00000001
       10805000	      1079	80001360	017919b3	sll	x19,x18,x23	 x18:0xe44cb000 x23:0xf7391cc8 x19=0x4cb00000
       10815000	      1080	80001364	7612f037	lui	x0,0x7612f	
       10825000	      1081	80001368	01339f13	slli	x30,x7,0x13	  x7:0x003ffbce x30=0xde700000
       10835000	      1082	8000136c	03e3fc63	bgeu	x7,x30,800013a4	  x7:0x003ffbce x30:0xde700000
       10845000	      1083	80001370	0021de63	bge	x3,x2,8000138c	  x3:0x00000001  x2:0xfffffbce
       10855000	      1084	00000000	00000013	addi	x0,x0,0	  x0:0x00000000
       10865000	      1085	80001388	00000013	addi	x0,x0,0	  x0:0x00000000
       10875000	      1086	8000138c	0115e9b3	or	x19,x11,x17	 x11:0xfffe5dd9 x17:0x80009fc4 x19=0xfffedfdd
       10885000	      1087	80001390	05f39863	bne	x7,x31,800013e0	  x7:0x003ffbce x31:0x003ffbce
       10895000	      1088	80001394	00000013	addi	x0,x0,0	  x0:0x00000000
       10905000	      1089	80001398	85f8cd13	xori	x26,x17,-1953	 x17:0x80009fc4 x26=0x7fff679b
       10915000	      1090	8000139c	004450b3	srl	x1,x8,x4	  x8:0xffff400b  x4:0xfffffffe  x1=0x00000003
       10925000	      1091	800013a0	0db48113	addi	x2,x9,219	  x9:0x003ffbcf  x2=0x003ffcaa
       10935000	      1092	800013a4	85686493	ori	x9,x16,-1962	 x16:0x00000000  x9=0xfffff856
       10945000	      1093	800013a8	035c5663	bge	x24,x21,800013d4	 x24:0x003ffbce x21:0x80009f84
       10955000	      1094	00000000	00000013	addi	x0,x0,0	  x0:0x00000000
       10965000	      1095	800013d0	00000013	addi	x0,x0,0	  x0:0x00000000
       10975000	      1096	800013d4	0031a733	slt	x14,x3,x3	  x3:0x00000001  x3:0x00000001 x14=0x00000000
       10985000	      1097	800013d8	015cc833	xor	x16,x25,x21	 x25:0x04f2fa80 x21:0x80009f84 x16=0x84f26504
       10995000	      1098	800013dc	0035d813	srli	x16,x11,0x3	 x11:0xfffe5dd9 x16=0x1fffcbbb
       11005000	      1099	800013e0	01f7b133	sltu	x2,x15,x31	 x15:0x00000000 x31:0x003ffbce  x2=0x00000001
       11015000	      1100	800013e4	01d75c63	bge	x14,x29,800013fc	 x14:0x00000000 x29:0xfffe5ff7
       11025000	      1101	00000000	00000013	addi	x0,x0,0	  x0:0x00000000
       11035000	      1102	800013f8	00000013	addi	x0,x0,0	  x0:0x00000000
       11045000	      1103	800013fc	40dd0d33	sub	x26,x26,x13	 x26:0x7fff679b x13:0x00000000 x26=0x7fff679b
       11055000	      1104	80001400	2ccb7c93	andi	x25,x22,716	 x22:0x00400000 x25=0x00000000
       11065000	      1105	80001404	012cac33	slt	x24,x25,x18	 x25:0x00000000 x18:0xe44cb000 x24=0x00000000
       11075000	      1106	80001408	0127c633	xor	x12,x15,x18	 x15:0x00000000 x18:0xe44cb000 x12=0xe44cb000
       11085000	      1107	8000140c	412a0e33	sub	x28,x20,x18	 x20:0x00000000 x18:0xe44cb000 x28=0x1bb35000
       11095000	      1108	80001410	00000013	addi	x0,x0,0	  x0:0x00000000
       11105000	      1109	80001414	001f5cb3	srl	x25,x30,x1	 x30:0xde700000  x1:0x00000003 x25=0x1bce0000
       11115000	      1110	80001418	01d96333	or	x6,x18,x29	 x18:0xe44cb000 x29:0xfffe5ff7  x6=0xfffefff7
       11125000	      1111	8000141c	7f28a293	slti	x5,x17,2034	 x17:0x80009fc4  x5=0x00000001
       11135000	      1112	80001420	03917a63	bgeu	x2,x25,80001454	  x2:0x00000001 x25:0x1bce0000
       11145000	      1113	80001424	011f5b33	srl	x22,x30,x17	 x30:0xde700000 x17:0x80009fc4 x22=0x0de70000
       11155000	      1114	80001428	05d0f463	bgeu	x1,x29,80001470	  x1:0x00000003 x29:0xfffe5ff7
       11165000	      1115	8000142c	6b20c093	xori	x1,x1,1714	  x1:0x00000003  x1=0x000006b1
       11175000	      1116	80001430	e18f3f13	sltiu	x30,x30,-488	 x30:0xde700000 x30=0x00000001
       11185000	      1117	80001434	05704863	blt	x0,x23,80001484	  x0:0x00000000 x23:0xf7391cc8
       11195000	      1118	80001438	405c4713	xori	x14,x24,1029	 x24:0x00000000 x14=0x00000405
       11205000	      1119	8000143c	00e32f33	slt	x30,x6,x14	  x6:0xfffefff7 x14:0x00000405 x30=0x00000001
       11215000	      1120	80001440	bb30af13	slti	x30,x1,-1101	  x1:0x000006b1 x30=0x00000000
       11225000	      1121	80001444	414bd833	sra	x16,x23,x20	 x23:0xf7391cc8 x20:0x00000000 x16=0xf7391cc8
       11235000	      1122	80001448	01bdcfb3	xor	x31,x27,x27	 x27:0x00000001 x27:0x00000001 x31=0x00000000
       11245000	      1123	8000144c	e28943b7	lui	x7,0xe2894	  x7=0xe2894000
       11255000	      1124	80001450	01a4d833	srl	x16,x9,x26	  x9:0xfffff856 x26:0x7fff679b x16=0x0000001f
       11265000	      1125	80001454	00b70833	add	x16,x14,x11	 x14:0x00000405 x11:0xfffe5dd9 x16=0xfffe61de
       11275000	      1126	80001458	d50ba993	slti	x19,x23,-688	 x23:0xf7391cc8 x19=0x00000001
       11285000	      1127	8000145c	032fd063	bge	x31,x18,8000147c	 x31:0x00000000 x18:0xe44cb000
       11295000	      1128	00000000	00000013	addi	x0,x0,0	  x0:0x00000000
       11305000	      1129	80001478	00000013	addi	x0,x0,0	  x0:0x00000000
       11315000	      1130	8000147c	4a188693	addi	x13,x17,1185	 x17:0x80009fc4 x13=0x8000a465
       11325000	      1131	80001480	00bea933	slt	x18,x29,x11	 x29:0xfffe5ff7 x11:0xfffe5dd9 x18=0x00000000
       11335000	      1132	80001484	00f5a933	slt	x18,x11,x15	 x11:0xfffe5dd9 x15:0x00000000 x18=0x00000001
       11345000	      1133	80001488	40cc0833	sub	x16,x24,x12	 x24:0x00000000 x12:0xe44cb000 x16=0x1bb35000
       11355000	      1134	8000148c	007e8c63	beq	x29,x7,800014a4	 x29:0xfffe5ff7  x7:0xe2894000
       11365000	      1135	80001490	d743e193	ori	x3,x7,-652	  x7:0xe2894000  x3=0xfffffd74
       11375000	      1136	80001494	00e1a133	slt	x2,x3,x14	  x3:0xfffffd74 x14:0x00000405  x2=0x00000001
       11385000	      1137	80001498	a7633113	sltiu	x2,x6,-1418	  x6:0xfffefff7  x2=0x00000001
       11395000	      1138	8000149c	2d128913	addi	x18,x5,721	  x5:0x00000001 x18=0x000002d2
       11405000	      1139	800014a0	40ee5213	srai	x4,x28,0xe	 x28:0x1bb35000  x4=0x00006ecd
       11415000	      1140	800014a4	3e8b6a13	ori	x20,x22,1000	 x22:0x0de70000 x20=0x0de703e8
       11425000	      1141	800014a8	417f0833	sub	x16,x30,x23	 x30:0x00000000 x23:0xf7391cc8 x16=0x08c6e338
       11435000	      1142	800014ac	0f96bc13	sltiu	x24,x13,249	 x13:0x8000a465 x24=0x00000000
       11445000	      1143	800014b0	809b2313	slti	x6,x22,-2039	 x22:0x0de70000  x6=0x00000000
       11455000	      1144	800014b4	0051de93	srli	x29,x3,0x5	  x3:0xfffffd74 x29=0x07ffffeb
       11465000	      1145	800014b8	00000013	addi	x0,x0,0	  x0:0x00000000
       11475000	      1146	800014bc	aa910913	addi	x18,x2,-1367	  x2:0x00000001 x18=0xfffffaaa
       11485000	      1147	800014c0	2d997913	andi	x18,x18,729	 x18:0xfffffaaa x18=0x00000288
       11495000	      1148	800014c4	01b29433	sll	x8,x5,x27	  x5:0x00000001 x27:0x00000001  x8=0x00000002
       11505000	      1149	800014c8	02df8a63	beq	x31,x13,800014fc	 x31:0x00000000 x13:0x8000a465
       11515000	      1150	800014cc	01cd3db3	sltu	x27,x26,x28	 x26:0x7fff679b x28:0x1bb35000 x27=0x00000000
       11525000	      1151	800014d0	013800b3	add	x1,x16,x19	 x16:0x08c6e338 x19:0x00000001  x1=0x08c6e339
       11535000	      1152	800014d4	188de613	ori	x12,x27,392	 x27:0x00000000 x12=0x00000188
       11545000	      1153	800014d8	017725b3	slt	x11,x14,x23	 x14:0x00000405 x23:0xf7391cc8 x11=0x00000000
       11555000	      1154	800014dc	014d5393	srli	x7,x26,0x14	 x26:0x7fff679b  x7=0x000007ff
       11565000	      1155	800014e0	011ebe33	sltu	x28,x29,x17	 x29:0x07ffffeb x17:0x80009fc4 x28=0x00000001
       11575000	      1156	800014e4	405f56b3	sra	x13,x30,x5	 x30:0x00000000  x5:0x00000001 x13=0x00000000
       11585000	      1157	800014e8	1156e063	bltu	x13,x21,800015e8	 x13:0x00000000 x21:0x80009f84
       11595000	      1158	00000000	00000013	addi	x0,x0,0	  x0:0x00000000
       11605000	      1159	800015e4	00000013	addi	x0,x0,0	  x0:0x00000000
       11615000	      1160	800015e8	01d5bfb3	sltu	x31,x11,x29	 x11:0x00000000 x29:0x07ffffeb x31=0x00000001
       11625000	      1161	800015ec	00fc0eb3	add	x29,x24,x15	 x24:0x00000000 x15:0x00000000 x29=0x00000000
       11635000	      1162	800015f0	01ad5313	srli	x6,x26,0x1a	 x26:0x7fff679b  x6=0x0000001f
       11645000	      1163	800015f4	117cba37	lui	x20,0x117cb	 x20=0x117cb000
       11655000	      1164	800015f8	03124263	blt	x4,x17,8000161c	  x4:0x00006ecd x17:0x80009fc4
       11665000	      1165	800015fc	019566b3	or	x13,x10,x25	 x10:0x00000000 x25:0x1bce0000 x13=0x1bce0000
       11675000	      1166	80001600	4090d733	sra	x14,x1,x9	  x1:0x08c6e339  x9:0xfffff856 x14=0x00000023
       11685000	      1167	80001604	948fa993	slti	x19,x31,-1720	 x31:0x00000001 x19=0x00000000
       11695000	      1168	80001608	002600b3	add	x1,x12,x2	 x12:0x00000188  x2:0x00000001  x1=0x00000189
       11705000	      1169	8000160c	a50d0617	auipc	x12,0xa50d0	 x12=0x250d1608
       11715000	      1170	80001610	b2de8193	addi	x3,x29,-1235	 x29:0x00000000  x3=0xfffffb2d
       11725000	      1171	80001614	0037a6b3	slt	x13,x15,x3	 x15:0x00000000  x3:0xfffffb2d x13=0x00000000
       11735000	      1172	80001618	03a5dc63	bge	x11,x26,80001650	 x11:0x00000000 x26:0x7fff679b
       11745000	      1173	8000161c	00000013	addi	x0,x0,0	  x0:0x00000000
       11755000	      1174	80001620	031ae863	bltu	x21,x17,80001650	 x21:0x80009f84 x17:0x80009fc4
       11765000	      1175	00000000	00000013	addi	x0,x0,0	  x0:0x00000000
       11775000	      1176	8000164c	00000013	addi	x0,x0,0	  x0:0x00000000
       11785000	      1177	80001650	74696913	ori	x18,x18,1862	 x18:0x00000288 x18=0x000007ce
       11795000	      1178	80001654	01544d33	xor	x26,x8,x21	  x8:0x00000002 x21:0x80009f84 x26=0x80009f86
       11805000	      1179	80001658	00000013	addi	x0,x0,0	  x0:0x00000000
       11815000	      1180	8000165c	014049b3	xor	x19,x0,x20	  x0:0x00000000 x20:0x117cb000 x19=0x117cb000
       11825000	      1181	80001660	01e50433	add	x8,x10,x30	 x10:0x00000000 x30:0x00000000  x8=0x00000000
       11835000	      1182	80001664	034dec63	bltu	x27,x20,8000169c	 x27:0x00000000 x20:0x117cb000
       11845000	      1183	00000000	00000013	addi	x0,x0,0	  x0:0x00000000
       11855000	      1184	80001698	00000013	addi	x0,x0,0	  x0:0x00000000
       11865000	      1185	8000169c	01483cb3	sltu	x25,x16,x20	 x16:0x08c6e338 x20:0x117cb000 x25=0x00000001
       11875000	      1186	800016a0	e27fb293	sltiu	x5,x31,-473	 x31:0x00000001  x5=0x00000001
       11885000	      1187	800016a4	001f8db3	add	x27,x31,x1	 x31:0x00000001  x1:0x00000189 x27=0x0000018a
       11895000	      1188	800016a8	6ad40fb7	lui	x31,0x6ad40	 x31=0x6ad40000
       11905000	      1189	800016ac	04876063	bltu	x14,x8,800016ec	 x14:0x00000023  x8:0x00000000
       11915000	      1190	800016b0	01a20cb3	add	x25,x4,x26	  x4:0x00006ecd x26:0x80009f86 x25=0x80010e53
       11925000	      1191	800016b4	01dfd813	srli	x16,x31,0x1d	 x31:0x6ad40000 x16=0x00000003
       11935000	      1192	800016b8	41aedb33	sra	x22,x29,x26	 x29:0x00000000 x26:0x80009f86 x22=0x00000000
       11945000	      1193	800016bc	410686b3	sub	x13,x13,x16	 x13:0x00000000 x16:0x00000003 x13=0xfffffffd
       11955000	      1194	800016c0	00612733	slt	x14,x2,x6	  x2:0x00000001  x6:0x0000001f x14=0x00000001
       11965000	      1195	800016c4	0089b133	sltu	x2,x19,x8	 x19:0x117cb000  x8:0x00000000  x2=0x00000000
       11975000	      1196	800016c8	4183d993	srai	x19,x7,0x18	  x7:0x000007ff x19=0x00000000
       11985000	      1197	800016cc	00000013	addi	x0,x0,0	  x0:0x00000000
       11995000	      1198	800016d0	d1e52b13	slti	x22,x10,-738	 x10:0x00000000 x22=0x00000000
       12005000	      1199	800016d4	b13a8613	addi	x12,x21,-1261	 x21:0x80009f84 x12=0x80009a97
       12015000	      1200	800016d8	05a31863	bne	x6,x26,80001728	  x6:0x0000001f x26:0x80009f86
       12025000	      1201	00000000	00000013	addi	x0,x0,0	  x0:0x00000000
       12035000	      1202	80001724	00000013	addi	x0,x0,0	  x0:0x00000000
       12045000	      1203	80001728	d9a1f993	andi	x19,x3,-614	  x3:0xfffffb2d x19=0xfffff908
       12055000	      1204	8000172c	01163a33	sltu	x20,x12,x17	 x12:0x80009a97 x17:0x80009fc4 x20=0x00000001
       12065000	      1205	80001730	050b4463	blt	x22,x16,80001778	 x22:0x00000000 x16:0x00000003
       12075000	      1206	00000000	00000013	addi	x0,x0,0	  x0:0x00000000
       12085000	      1207	80001774	00000013	addi	x0,x0,0	  x0:0x00000000
       12095000	      1208	80001778	00f76663	bltu	x14,x15,80001784	 x14:0x00000001 x15:0x00000000
       12105000	      1209	8000177c	03de8663	beq	x29,x29,800017a8	 x29:0x00000000 x29:0x00000000
       12115000	      1210	00000000	00000013	addi	x0,x0,0	  x0:0x00000000
       12125000	      1211	800017a4	00000013	addi	x0,x0,0	  x0:0x00000000
       12135000	      1212	800017a8	01055a63	bge	x10,x16,800017bc	 x10:0x00000000 x16:0x00000003
       12145000	      1213	800017ac	00f346b3	xor	x13,x6,x15	  x6:0x0000001f x15:0x00000000 x13=0x0000001f
       12155000	      1214	800017b0	01a80533	add	x10,x16,x26	 x16:0x00000003 x26:0x80009f86 x10=0x80009f89
       12165000	      1215	800017b4	001ce533	or	x10,x25,x1	 x25:0x80010e53  x1:0x00000189 x10=0x80010fdb
       12175000	      1216	800017b8	408800b3	sub	x1,x16,x8	 x16:0x00000003  x8:0x00000000  x1=0x00000003
       12185000	      1217	800017bc	41920333	sub	x6,x4,x25	  x4:0x00006ecd x25:0x80010e53  x6=0x7fff607a
       12195000	      1218	800017c0	0eec3093	sltiu	x1,x24,238	 x24:0x00000000  x1=0x00000001
       12205000	      1219	800017c4	006f8b33	add	x22,x31,x6	 x31:0x6ad40000  x6:0x7fff607a x22=0xead3607a
       12215000	      1220	800017c8	018c84b3	add	x9,x25,x24	 x25:0x80010e53 x24:0x00000000  x9=0x80010e53
       12225000	      1221	800017cc	01825413	srli	x8,x4,0x18	  x4:0x00006ecd  x8=0x00000000
       12235000	      1222	800017d0	013999b3	sll	x19,x19,x19	 x19:0xfffff908 x19:0xfffff908 x19=0xfff90800
       12245000	      1223	800017d4	01991293	slli	x5,x18,0x19	 x18:0x000007ce  x5=0x9c000000
       12255000	      1224	800017d8	03f6ec63	bltu	x13,x31,80001810	 x13:0x0000001f x31:0x6ad40000
       12265000	      1225	00000000	00000013	addi	x0,x0,0	  x0:0x00000000
       12275000	      1226	8000180c	00000013	addi	x0,x0,0	  x0:0x00000000
       12285000	      1227	80001810	008d1133	sll	x2,x26,x8	 x26:0x80009f86  x8:0x00000000  x2=0x80009f86
       12295000	      1228	80001814	02191063	bne	x18,x1,80001834	 x18:0x000007ce  x1:0x00000001
       12305000	      1229	00000000	00000013	addi	x0,x0,0	  x0:0x00000000
       12315000	      1230	80001830	00000013	addi	x0,x0,0	  x0:0x00000000
       12325000	      1231	80001834	726fad13	slti	x26,x31,1830	 x31:0x6ad40000 x26=0x00000000
       12335000	      1232	80001838	00000b97	auipc	x23,0x0	 x23=0x80001834
       12345000	      1233	8000183c	00cb8b93	addi	x23,x23,12	 x23:0x80001834 x23=0x80001840
       12355000	      1234	80001840	000b8067	jalr	x0,x23,0	 x23:0x80001840
       12365000	      1235	00000000	00000013	addi	x0,x0,0	  x0:0x00000000
       12375000	      1236	80001840	00000013	addi	x0,x0,0	  x0:0x00000000
       12385000	      1237	80001844	00100193	addi	x3,x0,1	  x0:0x00000000  x3=0x00000001
       12395000	      1238	80001848	00000073	ecall	
       12405000	      1239	8000184c	013c4a63	blt	x24,x19,80001860	 x24:0x00000000 x19:0xfff90800
