		Time			Cycle	PC		Insn	Decoded instruction	Register and memory contents
          65000	         5	80000004	00000293	addi	x5,x0,0	  x0:0x00000000  x5=0x00000000
          75000	         6	80000008	00000313	addi	x6,x0,0	  x0:0x00000000  x6=0x00000000
          85000	         7	8000000c	00628263	beq	x5,x6,80000010	  x5:0x00000000  x6:0x00000000
          95000	         8	00000000	00000013	addi	x0,x0,0	  x0:0x00000000
         105000	         9	8000000c	00000013	addi	x0,x0,0	  x0:0x00000000
         115000	        10	80000010	00000697	auipc	x13,0x0	 x13=0x8000000c
         125000	        11	80000014	00c68693	addi	x13,x13,12	 x13:0x8000000c x13=0x80000018
         135000	        12	80000018	00068067	jalr	x0,x13,0	 x13:0x80000018
         145000	        13	00000000	00000013	addi	x0,x0,0	  x0:0x00000000
         155000	        14	80000018	00000013	addi	x0,x0,0	  x0:0x00000000
         165000	        15	8000001c	40000537	lui	x10,0x40000	 x10=0x40000000
         175000	        16	80000020	10050513	addi	x10,x10,256	 x10:0x40000000 x10=0x40000100
         185000	        17	80000024	00000013	addi	x0,x0,0	  x0:0x00000000
         195000	        18	80000028	0000ac17	auipc	x24,0xa	 x24=0x8000a024
         205000	        19	8000002c	fa0c0c13	addi	x24,x24,-96	 x24:0x8000a024 x24=0x80009fc4
         215000	        20	80000030	00002517	auipc	x10,0x2	 x10=0x8000202c
         225000	        21	80000034	ea050513	addi	x10,x10,-352	 x10:0x8000202c x10=0x80001ecc
         235000	        22	80000038	00056513	ori	x10,x10,0	 x10:0x80001ecc x10=0x80001ecc
         245000	        23	8000003c	00000013	addi	x0,x0,0	  x0:0x00000000
         255000	        24	80000040	00000517	auipc	x10,0x0	 x10=0x8000003c
         265000	        25	80000044	02050513	addi	x10,x10,32	 x10:0x8000003c x10=0x8000005c
         275000	        26	80000048	00000013	addi	x0,x0,0	  x0:0x00000000
         285000	        27	8000004c	00000013	addi	x0,x0,0	  x0:0x00000000
         295000	        28	80000050	00002537	lui	x10,0x2	 x10=0x00002000
         305000	        29	80000054	80050513	addi	x10,x10,-2048	 x10:0x00002000 x10=0x00001800
         315000	        30	80000058	00000013	addi	x0,x0,0	  x0:0x00000000
         325000	        31	8000005c	00000013	addi	x0,x0,0	  x0:0x00000000
         335000	        32	80000060	c9ef9037	lui	x0,0xc9ef9	
         345000	        33	80000064	4b400013	addi	x0,x0,1204	  x0:0x00000000
         355000	        34	80000068	f4e060b7	lui	x1,0xf4e06	  x1=0xf4e06000
         365000	        35	8000006c	1eb08093	addi	x1,x1,491	  x1:0xf4e06000  x1=0xf4e061eb
         375000	        36	80000070	f2cc1137	lui	x2,0xf2cc1	  x2=0xf2cc1000
         385000	        37	80000074	ef810113	addi	x2,x2,-264	  x2:0xf2cc1000  x2=0xf2cc0ef8
         395000	        38	80000078	00000193	addi	x3,x0,0	  x0:0x00000000  x3=0x00000000
         405000	        39	8000007c	7fb69237	lui	x4,0x7fb69	  x4=0x7fb69000
         415000	        40	80000080	02b20213	addi	x4,x4,43	  x4:0x7fb69000  x4=0x7fb6902b
         425000	        41	80000084	800002b7	lui	x5,0x80000	  x5=0x80000000
         435000	        42	80000088	00c00313	addi	x6,x0,12	  x0:0x00000000  x6=0x0000000c
         445000	        43	8000008c	7d1dd3b7	lui	x7,0x7d1dd	  x7=0x7d1dd000
         455000	        44	80000090	e5738393	addi	x7,x7,-425	  x7:0x7d1dd000  x7=0x7d1dce57
         465000	        45	80000094	6b3e7437	lui	x8,0x6b3e7	  x8=0x6b3e7000
         475000	        46	80000098	dc840413	addi	x8,x8,-568	  x8:0x6b3e7000  x8=0x6b3e6dc8
         485000	        47	8000009c	00000493	addi	x9,x0,0	  x0:0x00000000  x9=0x00000000
         495000	        48	800000a0	00000513	addi	x10,x0,0	  x0:0x00000000 x10=0x00000000
         505000	        49	800000a4	00000593	addi	x11,x0,0	  x0:0x00000000 x11=0x00000000
         515000	        50	800000a8	0f7036b7	lui	x13,0xf703	 x13=0x0f703000
         525000	        51	800000ac	17968693	addi	x13,x13,377	 x13:0x0f703000 x13=0x0f703179
         535000	        52	800000b0	00200713	addi	x14,x0,2	  x0:0x00000000 x14=0x00000002
         545000	        53	800000b4	800007b7	lui	x15,0x80000	 x15=0x80000000
         555000	        54	800000b8	00f00813	addi	x16,x0,15	  x0:0x00000000 x16=0x0000000f
         565000	        55	800000bc	c0b738b7	lui	x17,0xc0b73	 x17=0xc0b73000
         575000	        56	800000c0	70788893	addi	x17,x17,1799	 x17:0xc0b73000 x17=0xc0b73707
         585000	        57	800000c4	80000937	lui	x18,0x80000	 x18=0x80000000
         595000	        58	800000c8	800009b7	lui	x19,0x80000	 x19=0x80000000
         605000	        59	800000cc	80000a37	lui	x20,0x80000	 x20=0x80000000
         615000	        60	800000d0	5e5daab7	lui	x21,0x5e5da	 x21=0x5e5da000
         625000	        61	800000d4	5a9a8a93	addi	x21,x21,1449	 x21:0x5e5da000 x21=0x5e5da5a9
         635000	        62	800000d8	80000b37	lui	x22,0x80000	 x22=0x80000000
         645000	        63	800000dc	00300b93	addi	x23,x0,3	  x0:0x00000000 x23=0x00000003
         655000	        64	800000e0	00100c93	addi	x25,x0,1	  x0:0x00000000 x25=0x00000001
         665000	        65	800000e4	80000d37	lui	x26,0x80000	 x26=0x80000000
         675000	        66	800000e8	00100d93	addi	x27,x0,1	  x0:0x00000000 x27=0x00000001
         685000	        67	800000ec	00a00e13	addi	x28,x0,10	  x0:0x00000000 x28=0x0000000a
         695000	        68	800000f0	00e00e93	addi	x29,x0,14	  x0:0x00000000 x29=0x0000000e
         705000	        69	800000f4	f60daf37	lui	x30,0xf60da	 x30=0xf60da000
         715000	        70	800000f8	d8ff0f13	addi	x30,x30,-625	 x30:0xf60da000 x30=0xf60d9d8f
         725000	        71	800000fc	00000f93	addi	x31,x0,0	  x0:0x00000000 x31=0x00000000
         735000	        72	80000100	0000a617	auipc	x12,0xa	 x12=0x8000a0fc
         745000	        73	80000104	e8860613	addi	x12,x12,-376	 x12:0x8000a0fc x12=0x80009f84
         755000	        74	80000108	000b3b33	sltu	x22,x22,x0	 x22:0x80000000  x0:0x00000000 x22=0x00000000
         765000	        75	8000010c	00000013	addi	x0,x0,0	  x0:0x00000000
         775000	        76	80000110	00009eb3	sll	x29,x1,x0	  x1:0xf4e061eb  x0:0x00000000 x29=0xf4e061eb
         785000	        77	80000114	00863833	sltu	x16,x12,x8	 x12:0x80009f84  x8:0x6b3e6dc8 x16=0x00000000
         795000	        78	80000118	00000c97	auipc	x25,0x0	 x25=0x80000114
         805000	        79	8000011c	378c8c93	addi	x25,x25,888	 x25:0x80000114 x25=0x8000048c
         815000	        80	80000120	c815e493	ori	x9,x11,-895	 x11:0x00000000  x9=0xfffffc81
         825000	        81	80000124	00691193	slli	x3,x18,0x6	 x18:0x80000000  x3=0x00000000
         835000	        82	80000128	0133dab3	srl	x21,x7,x19	  x7:0x7d1dce57 x19:0x80000000 x21=0x7d1dce57
         845000	        83	8000012c	416bd593	srai	x11,x23,0x16	 x23:0x00000003 x11=0x00000000
         855000	        84	80000130	33bc8c93	addi	x25,x25,827	 x25:0x8000048c x25=0x800007c7
         865000	        85	80000134	d4342513	slti	x10,x8,-701	  x8:0x6b3e6dc8 x10=0x00000000
         875000	        86	80000138	cc6c88e7	jalr	x17,x25,-826	 x25:0x800007c7 x17=0x80000138
         885000	        87	00000000	00000013	addi	x0,x0,0	  x0:0x00000000
         895000	        88	8000048c	00000013	addi	x0,x0,0	  x0:0x00000000
         905000	        89	80000490	fe860613	addi	x12,x12,-24	 x12:0x80009f84 x12=0x80009f6c
         915000	        90	80000494	01ed6533	or	x10,x26,x30	 x26:0x80000000 x30:0xf60d9d8f x10=0xf60d9d8f
         925000	        91	80000498	7359b717	auipc	x14,0x7359b	 x14=0xf359b494
         935000	        92	8000049c	01162223	sw	x17,4(x12)	 x12:0x80009f6c x17:0x80000138 PA:0x80009f70
         945000	        93	800004a0	00c6cb33	xor	x22,x13,x12	 x13:0x0f703179 x12:0x80009f6c x22=0x8f70ae15
         955000	        94	800004a4	00647cb3	and	x25,x8,x6	  x8:0x6b3e6dc8  x6:0x0000000c x25=0x00000008
         965000	        95	800004a8	71de1d37	lui	x26,0x71de1	 x26=0x71de1000
         975000	        96	800004ac	00000297	auipc	x5,0x0	  x5=0x800004a8
         985000	        97	800004b0	14028293	addi	x5,x5,320	  x5:0x800004a8  x5=0x800005e8
         995000	        98	800004b4	010ab933	sltu	x18,x21,x16	 x21:0x7d1dce57 x16:0x00000000 x18=0x00000000
        1005000	        99	800004b8	40340db3	sub	x27,x8,x3	  x8:0x6b3e6dc8  x3:0x00000000 x27=0x6b3e6dc8
        1015000	       100	800004bc	1b328293	addi	x5,x5,435	  x5:0x800005e8  x5=0x8000079b
        1025000	       101	800004c0	2cc50d13	addi	x26,x10,716	 x10:0xf60d9d8f x26=0xf60da05b
        1035000	       102	800004c4	01bc6733	or	x14,x24,x27	 x24:0x80009fc4 x27:0x6b3e6dc8 x14=0xeb3effcc
        1045000	       103	800004c8	00dd9463	bne	x27,x13,800004d0	 x27:0x6b3e6dc8 x13:0x0f703179
        1055000	       104	00000000	00000013	addi	x0,x0,0	  x0:0x00000000
        1065000	       105	800004cc	00000013	addi	x0,x0,0	  x0:0x00000000
        1075000	       106	800004d0	e4e288e7	jalr	x17,x5,-434	  x5:0x8000079b x17=0x800004d0
        1085000	       107	00000000	00000013	addi	x0,x0,0	  x0:0x00000000
        1095000	       108	800005e8	00000013	addi	x0,x0,0	  x0:0x00000000
        1105000	       109	800005ec	f1fffe37	lui	x28,0xf1fff	 x28=0xf1fff000
        1115000	       110	800005f0	01136a63	bltu	x6,x17,80000604	  x6:0x0000000c x17:0x800004d0
        1125000	       111	00000000	00000013	addi	x0,x0,0	  x0:0x00000000
        1135000	       112	80000600	00000013	addi	x0,x0,0	  x0:0x00000000
        1145000	       113	80000604	fe060613	addi	x12,x12,-32	 x12:0x80009f6c x12=0x80009f4c
        1155000	       114	80000608	01162223	sw	x17,4(x12)	 x12:0x80009f4c x17:0x800004d0 PA:0x80009f50
        1165000	       115	8000060c	0169d513	srli	x10,x19,0x16	 x19:0x80000000 x10=0x00000200
        1175000	       116	80000610	00000013	addi	x0,x0,0	  x0:0x00000000
        1185000	       117	80000614	cab96a93	ori	x21,x18,-853	 x18:0x00000000 x21=0xfffffcab
        1195000	       118	80000618	b021a097	auipc	x1,0xb021a	  x1=0x3021a614
        1205000	       119	8000061c	4abb7f93	andi	x31,x22,1195	 x22:0x8f70ae15 x31=0x00000401
        1215000	       120	80000620	00009117	auipc	x2,0x9	  x2=0x8000961c
        1225000	       121	80000624	8a710113	addi	x2,x2,-1881	  x2:0x8000961c  x2=0x80008ec3
        1235000	       122	80000628	07910183	lb	x3,121(x2)	  x2:0x80008ec3  x3=0x00000000 PA:0x80008f3c
        1245000	       123	8000062c	07911803	lh	x16,121(x2)	  x2:0x80008ec3 x16=0x00000000 PA:0x80008f3c
        1255000	       124	80000630	07c11ca3	sh	x28,121(x2)	  x2:0x80008ec3 x28:0xf1fff000 PA:0x80008f3c
        1265000	       125	80000634	0fe14983	lbu	x19,254(x2)	  x2:0x80008ec3 x19=0x00000000 PA:0x80008fc1
        1275000	       126	80000638	0fe10283	lb	x5,254(x2)	  x2:0x80008ec3  x5=0x00000000 PA:0x80008fc1
        1285000	       127	8000063c	0eb10f23	sb	x11,254(x2)	  x2:0x80008ec3 x11:0x00000000 PA:0x80008fc1
        1295000	       128	80000640	fba14b03	lbu	x22,-70(x2)	  x2:0x80008ec3 x22=0x00000000 PA:0x80008e7d
        1305000	       129	80000644	fba14f83	lbu	x31,-70(x2)	  x2:0x80008ec3 x31=0x00000000 PA:0x80008e7d
        1315000	       130	80000648	0088c733	xor	x14,x17,x8	 x17:0x800004d0  x8:0x6b3e6dc8 x14=0xeb3e6918
        1325000	       131	8000064c	fba10a03	lb	x20,-70(x2)	  x2:0x80008ec3 x20=0x00000000 PA:0x80008e7d
        1335000	       132	80000650	2b3b6793	ori	x15,x22,691	 x22:0x00000000 x15=0x000002b3
        1345000	       133	80000654	0ef10f23	sb	x15,254(x2)	  x2:0x80008ec3 x15:0x000002b3 PA:0x80008fc1
        1355000	       134	80000658	0fe10283	lb	x5,254(x2)	  x2:0x80008ec3  x5=0xffffffb3 PA:0x80008fc1
        1365000	       135	8000065c	0fe10e83	lb	x29,254(x2)	  x2:0x80008ec3 x29=0xffffffb3 PA:0x80008fc1
        1375000	       136	80000660	0fe10c83	lb	x25,254(x2)	  x2:0x80008ec3 x25=0xffffffb3 PA:0x80008fc1
        1385000	       137	80000664	0fe14e83	lbu	x29,254(x2)	  x2:0x80008ec3 x29=0x000000b3 PA:0x80008fc1
        1395000	       138	80000668	f9a105a3	sb	x26,-117(x2)	  x2:0x80008ec3 x26:0xf60da05b PA:0x80008e4e
        1405000	       139	8000066c	f8b10803	lb	x16,-117(x2)	  x2:0x80008ec3 x16=0x0000005b PA:0x80008e4e
        1415000	       140	80000670	f0010703	lb	x14,-256(x2)	  x2:0x80008ec3 x14=0x00000000 PA:0x80008dc3
        1425000	       141	80000674	f0014b03	lbu	x22,-256(x2)	  x2:0x80008ec3 x22=0x00000000 PA:0x80008dc3
        1435000	       142	80000678	2666cf93	xori	x31,x13,614	 x13:0x0f703179 x31=0x0f70331f
        1445000	       143	8000067c	f1210023	sb	x18,-256(x2)	  x2:0x80008ec3 x18:0x00000000 PA:0x80008dc3
        1455000	       144	80000680	f0d10023	sb	x13,-256(x2)	  x2:0x80008ec3 x13:0x0f703179 PA:0x80008dc3
        1465000	       145	80000684	00008117	auipc	x2,0x8	  x2=0x80008680
        1475000	       146	80000688	45110113	addi	x2,x2,1105	  x2:0x80008680  x2=0x80008ad1
        1485000	       147	8000068c	01510223	sb	x21,4(x2)	  x2:0x80008ad1 x21:0xfffffcab PA:0x80008ad5
        1495000	       148	80000690	0bd00597	auipc	x11,0xbd00	 x11=0x8bd0068c
        1505000	       149	80000694	00414f83	lbu	x31,4(x2)	  x2:0x80008ad1 x31=0x000000ab PA:0x80008ad5
        1515000	       150	80000698	00410303	lb	x6,4(x2)	  x2:0x80008ad1  x6=0xffffffab PA:0x80008ad5
        1525000	       151	8000069c	00d10223	sb	x13,4(x2)	  x2:0x80008ad1 x13:0x0f703179 PA:0x80008ad5
        1535000	       152	800006a0	00410b03	lb	x22,4(x2)	  x2:0x80008ad1 x22=0x00000079 PA:0x80008ad5
        1545000	       153	800006a4	00414b83	lbu	x23,4(x2)	  x2:0x80008ad1 x23=0x00000079 PA:0x80008ad5
        1555000	       154	800006a8	3f4d4093	xori	x1,x26,1012	 x26:0xf60da05b  x1=0xf60da3af
        1565000	       155	800006ac	00414a03	lbu	x20,4(x2)	  x2:0x80008ad1 x20=0x00000079 PA:0x80008ad5
        1575000	       156	800006b0	00410203	lb	x4,4(x2)	  x2:0x80008ad1  x4=0x00000079 PA:0x80008ad5
        1585000	       157	00000000	00000013	addi	x0,x0,0	  x0:0x00000000
        1595000	       158	800006b4	00414f03	lbu	x30,4(x2)	  x2:0x80008ad1 x30=0x00000079 PA:0x80008ad5
        1605000	       159	800006b8	01f10223	sb	x31,4(x2)	  x2:0x80008ad1 x31:0x000000ab PA:0x80008ad5
        1615000	       160	800006bc	00510223	sb	x5,4(x2)	  x2:0x80008ad1  x5:0xffffffb3 PA:0x80008ad5
        1625000	       161	800006c0	00410c83	lb	x25,4(x2)	  x2:0x80008ad1 x25=0xffffffb3 PA:0x80008ad5
        1635000	       162	800006c4	00410c83	lb	x25,4(x2)	  x2:0x80008ad1 x25=0xffffffb3 PA:0x80008ad5
        1645000	       163	800006c8	00414583	lbu	x11,4(x2)	  x2:0x80008ad1 x11=0x000000b3 PA:0x80008ad5
        1655000	       164	800006cc	00510223	sb	x5,4(x2)	  x2:0x80008ad1  x5:0xffffffb3 PA:0x80008ad5
        1665000	       165	800006d0	01e10223	sb	x30,4(x2)	  x2:0x80008ad1 x30:0x00000079 PA:0x80008ad5
        1675000	       166	800006d4	00310223	sb	x3,4(x2)	  x2:0x80008ad1  x3:0x00000000 PA:0x80008ad5
        1685000	       167	800006d8	01a10223	sb	x26,4(x2)	  x2:0x80008ad1 x26:0xf60da05b PA:0x80008ad5
        1695000	       168	800006dc	00008e17	auipc	x28,0x8	 x28=0x800086d8
        1705000	       169	800006e0	e1ae0e13	addi	x28,x28,-486	 x28:0x800086d8 x28=0x800084f2
        1715000	       170	800006e4	00008417	auipc	x8,0x8	  x8=0x800086e0
        1725000	       171	800006e8	09f40413	addi	x8,x8,159	  x8:0x800086e0  x8=0x8000877f
        1735000	       172	800006ec	fe240da3	sb	x2,-5(x8)	  x8:0x8000877f  x2:0x80008ad1 PA:0x8000877a
        1745000	       173	800006f0	00008797	auipc	x15,0x8	 x15=0x800086ec
        1755000	       174	800006f4	d7378793	addi	x15,x15,-653	 x15:0x800086ec x15=0x8000845f
        1765000	       175	800006f8	d03e0003	lb	x0,-765(x28)	 x28:0x800084f2 PA:0x800081f5
        1775000	       176	800006fc	018e5303	lhu	x6,24(x28)	 x28:0x800084f2  x6=0x00000000 PA:0x8000850a
        1785000	       177	80000700	fc478823	sb	x4,-48(x15)	 x15:0x8000845f  x4:0x00000079 PA:0x8000842f
        1795000	       178	80000704	ff041da3	sh	x16,-5(x8)	  x8:0x8000877f x16:0x0000005b PA:0x8000877a
        1805000	       179	80000708	31de4e83	lbu	x29,797(x28)	 x28:0x800084f2 x29=0x00000000 PA:0x8000880f
        1815000	       180	8000070c	00340323	sb	x3,6(x8)	  x8:0x8000877f  x3:0x00000000 PA:0x80008785
        1825000	       181	80000710	c0ce1983	lh	x19,-1012(x28)	 x28:0x800084f2 x19=0x00000000 PA:0x800080fe
        1835000	       182	80000714	ff240d03	lb	x26,-14(x8)	  x8:0x8000877f x26=0x00000000 PA:0x80008771
        1845000	       183	80000718	fe940823	sb	x9,-16(x8)	  x8:0x8000877f  x9:0xfffffc81 PA:0x8000876f
        1855000	       184	8000071c	f45e4b03	lbu	x22,-187(x28)	 x28:0x800084f2 x22=0x00000000 PA:0x80008437
        1865000	       185	80000720	ff37c883	lbu	x17,-13(x15)	 x15:0x8000845f x17=0x00000000 PA:0x80008452
        1875000	       186	80000724	ff542c83	lw	x25,-11(x8)	  x8:0x8000877f x25=0x00000000 PA:0x80008774
        1885000	       187	80000728	190e1b23	sh	x16,406(x28)	 x28:0x800084f2 x16:0x0000005b PA:0x80008688
        1895000	       188	8000072c	d69e0483	lb	x9,-663(x28)	 x28:0x800084f2  x9=0x00000000 PA:0x8000825b
        1905000	       189	80000730	ff341703	lh	x14,-13(x8)	  x8:0x8000877f x14=0x00000000 PA:0x80008772
        1915000	       190	80000734	0097d503	lhu	x10,9(x15)	 x15:0x8000845f x10=0x00000000 PA:0x80008468
        1925000	       191	80000738	ff640903	lb	x18,-10(x8)	  x8:0x8000877f x18=0x00000000 PA:0x80008775
        1935000	       192	8000073c	00f79da3	sh	x15,27(x15)	 x15:0x8000845f x15:0x8000845f PA:0x8000847a
        1945000	       193	80000740	00244003	lbu	x0,2(x8)	  x8:0x8000877f PA:0x80008781
        1955000	       194	80000744	febe0d23	sb	x11,-6(x28)	 x28:0x800084f2 x11:0x000000b3 PA:0x800084ec
        1965000	       195	80000748	ffc40303	lb	x6,-4(x8)	  x8:0x8000877f  x6=0x00000000 PA:0x8000877b
        1975000	       196	8000074c	02a799a3	sh	x10,51(x15)	 x15:0x8000845f x10:0x00000000 PA:0x80008492
        1985000	       197	80000750	00008717	auipc	x14,0x8	 x14=0x8000874c
        1995000	       198	80000754	36370713	addi	x14,x14,867	 x14:0x8000874c x14=0x80008aaf
        2005000	       199	80000758	ec270b03	lb	x22,-318(x14)	 x14:0x80008aaf x22=0x00000000 PA:0x80008971
        2015000	       200	8000075c	f9070b83	lb	x23,-112(x14)	 x14:0x80008aaf x23=0x00000000 PA:0x80008a3f
        2025000	       201	80000760	00000013	addi	x0,x0,0	  x0:0x00000000
        2035000	       202	80000764	02670723	sb	x6,46(x14)	 x14:0x80008aaf  x6:0x00000000 PA:0x80008add
        2045000	       203	80000768	e3b71083	lh	x1,-453(x14)	 x14:0x80008aaf  x1=0x00000000 PA:0x800088ea
        2055000	       204	8000076c	e3b74983	lbu	x19,-453(x14)	 x14:0x80008aaf x19=0x00000000 PA:0x800088ea
        2065000	       205	80000770	1c274c83	lbu	x25,450(x14)	 x14:0x80008aaf x25=0x00000000 PA:0x80008c71
        2075000	       206	80000774	40d50eb3	sub	x29,x10,x13	 x10:0x00000000 x13:0x0f703179 x29=0xf08fce87
        2085000	       207	80000778	4051ddb3	sra	x27,x3,x5	  x3:0x00000000  x5:0xffffffb3 x27=0x00000000
        2095000	       208	8000077c	15a70183	lb	x3,346(x14)	 x14:0x80008aaf  x3=0x00000000 PA:0x80008c09
        2105000	       209	80000780	14670d23	sb	x6,346(x14)	 x14:0x80008aaf  x6:0x00000000 PA:0x80008c09
        2115000	       210	80000784	e4570123	sb	x5,-446(x14)	 x14:0x80008aaf  x5:0xffffffb3 PA:0x800088f1
        2125000	       211	80000788	31870a83	lb	x21,792(x14)	 x14:0x80008aaf x21=0x00000000 PA:0x80008dc7
        2135000	       212	8000078c	1c407893	andi	x17,x0,452	  x0:0x00000000 x17=0x00000000
        2145000	       213	80000790	2d470203	lb	x4,724(x14)	 x14:0x80008aaf  x4=0x00000000 PA:0x80008d83
        2155000	       214	80000794	0159cdb3	xor	x27,x19,x21	 x19:0x00000000 x21:0x00000000 x27=0x00000000
        2165000	       215	80000798	00c74e83	lbu	x29,12(x14)	 x14:0x80008aaf x29=0x00000000 PA:0x80008abb
        2175000	       216	8000079c	00770623	sb	x7,12(x14)	 x14:0x80008aaf  x7:0x7d1dce57 PA:0x80008abb
        2185000	       217	800007a0	2f670f03	lb	x30,758(x14)	 x14:0x80008aaf x30=0x00000000 PA:0x80008da5
        2195000	       218	800007a4	2b270c23	sb	x18,696(x14)	 x14:0x80008aaf x18:0x00000000 PA:0x80008d67
        2205000	       219	800007a8	0ac70b03	lb	x22,172(x14)	 x14:0x80008aaf x22=0x00000000 PA:0x80008b5b
        2215000	       220	800007ac	001fb933	sltu	x18,x31,x1	 x31:0x000000ab  x1:0x00000000 x18=0x00000000
        2225000	       221	800007b0	0ac74883	lbu	x17,172(x14)	 x14:0x80008aaf x17=0x00000000 PA:0x80008b5b
        2235000	       222	800007b4	14674003	lbu	x0,326(x14)	 x14:0x80008aaf PA:0x80008bf5
        2245000	       223	800007b8	00008117	auipc	x2,0x8	  x2=0x800087b4
        2255000	       224	800007bc	7ed10113	addi	x2,x2,2029	  x2:0x800087b4  x2=0x80008fa1
        2265000	       225	800007c0	e6f11183	lh	x3,-401(x2)	  x2:0x80008fa1  x3=0x00000000 PA:0x80008e10
        2275000	       226	800007c4	c0614003	lbu	x0,-1018(x2)	  x2:0x80008fa1 PA:0x80008ba7
        2285000	       227	800007c8	01b25eb3	srl	x29,x4,x27	  x4:0x00000000 x27:0x00000000 x29=0x00000000
        2295000	       228	800007cc	e3c14f03	lbu	x30,-452(x2)	  x2:0x80008fa1 x30=0x00000000 PA:0x80008ddd
        2305000	       229	800007d0	00f73ab3	sltu	x21,x14,x15	 x14:0x80008aaf x15:0x8000845f x21=0x00000000
        2315000	       230	800007d4	bbf125a3	sw	x31,-1109(x2)	  x2:0x80008fa1 x31:0x000000ab PA:0x80008b4c
        2325000	       231	800007d8	c37ccd93	xori	x27,x25,-969	 x25:0x00000000 x27=0xfffffc37
        2335000	       232	800007dc	ff511da3	sh	x21,-5(x2)	  x2:0x80008fa1 x21:0x00000000 PA:0x80008f9c
        2345000	       233	800007e0	00614c83	lbu	x25,6(x2)	  x2:0x80008fa1 x25=0x00000000 PA:0x80008fa7
        2355000	       234	800007e4	81738893	addi	x17,x7,-2025	  x7:0x7d1dce57 x17=0x7d1dc66e
        2365000	       235	800007e8	8d114c83	lbu	x25,-1839(x2)	  x2:0x80008fa1 x25=0x00000000 PA:0x80008872
        2375000	       236	800007ec	8c114c83	lbu	x25,-1855(x2)	  x2:0x80008fa1 x25=0x00000000 PA:0x80008862
        2385000	       237	800007f0	ac510aa3	sb	x5,-1323(x2)	  x2:0x80008fa1  x5:0xffffffb3 PA:0x80008a76
        2395000	       238	800007f4	cbf15b03	lhu	x22,-833(x2)	  x2:0x80008fa1 x22=0x00000000 PA:0x80008c60
        2405000	       239	800007f8	a0e14503	lbu	x10,-1522(x2)	  x2:0x80008fa1 x10=0x00000000 PA:0x800089af
        2415000	       240	800007fc	cc915b03	lhu	x22,-823(x2)	  x2:0x80008fa1 x22=0x00000000 PA:0x80008c6a
        2425000	       241	80000800	90c110a3	sh	x12,-1791(x2)	  x2:0x80008fa1 x12:0x80009f4c PA:0x800088a2
        2435000	       242	80000804	019d40b3	xor	x1,x26,x25	 x26:0x00000000 x25:0x00000000  x1=0x00000000
        2445000	       243	80000808	abd110a3	sh	x29,-1375(x2)	  x2:0x80008fa1 x29:0x00000000 PA:0x80008a42
        2455000	       244	8000080c	cdb15903	lhu	x18,-805(x2)	  x2:0x80008fa1 x18=0x00000000 PA:0x80008c7c
        2465000	       245	80000810	eedcc593	xori	x11,x25,-275	 x25:0x00000000 x11=0xfffffeed
        2475000	       246	80000814	01614703	lbu	x14,22(x2)	  x2:0x80008fa1 x14=0x00000000 PA:0x80008fb7
        2485000	       247	80000818	906102a3	sb	x6,-1787(x2)	  x2:0x80008fa1  x6:0x00000000 PA:0x800088a6
        2495000	       248	8000081c	74ae6b93	ori	x23,x28,1866	 x28:0x800084f2 x23=0x800087fa
        2505000	       249	80000820	d2f12483	lw	x9,-721(x2)	  x2:0x80008fa1  x9=0x00000000 PA:0x80008cd0
        2515000	       250	80000824	92b116a3	sh	x11,-1747(x2)	  x2:0x80008fa1 x11:0xfffffeed PA:0x800088ce
        2525000	       251	80000828	01515a83	lhu	x21,21(x2)	  x2:0x80008fa1 x21=0x00000000 PA:0x80008fb6
        2535000	       252	8000082c	013d7bb3	and	x23,x26,x19	 x26:0x00000000 x19:0x00000000 x23=0x00000000
        2545000	       253	80000830	dd210003	lb	x0,-558(x2)	  x2:0x80008fa1 PA:0x80008d73
        2555000	       254	80000834	e38117a3	sh	x24,-465(x2)	  x2:0x80008fa1 x24:0x80009fc4 PA:0x80008dd0
        2565000	       255	80000838	f0a10483	lb	x9,-246(x2)	  x2:0x80008fa1  x9=0x00000000 PA:0x80008eab
        2575000	       256	8000083c	401bd9b3	sra	x19,x23,x1	 x23:0x00000000  x1:0x00000000 x19=0x00000000
        2585000	       257	80000840	1a376097	auipc	x1,0x1a376	  x1=0x9a37683c
        2595000	       258	80000844	db635fb7	lui	x31,0xdb635	 x31=0xdb635000
        2605000	       259	80000848	92114503	lbu	x10,-1759(x2)	  x2:0x80008fa1 x10=0x00000000 PA:0x800088c2
        2615000	       260	00000000	00000013	addi	x0,x0,0	  x0:0x00000000
        2625000	       261	8000084c	018510b3	sll	x1,x10,x24	 x10:0x00000000 x24:0x80009fc4  x1=0x00000000
        2635000	       262	80000850	b5410223	sb	x20,-1212(x2)	  x2:0x80008fa1 x20:0x00000079 PA:0x80008ae5
        2645000	       263	80000854	9e314083	lbu	x1,-1565(x2)	  x2:0x80008fa1  x1=0x00000000 PA:0x80008984
        2655000	       264	80000858	8c241397	auipc	x7,0x8c241	  x7=0x0c241854
        2665000	       265	8000085c	cc010903	lb	x18,-832(x2)	  x2:0x80008fa1 x18=0x00000000 PA:0x80008c61
        2675000	       266	80000860	a6014003	lbu	x0,-1440(x2)	  x2:0x80008fa1 PA:0x80008a01
        2685000	       267	80000864	9e511003	lh	x0,-1563(x2)	  x2:0x80008fa1 PA:0x80008986
        2695000	       268	80000868	c78103a3	sb	x24,-921(x2)	  x2:0x80008fa1 x24:0x80009fc4 PA:0x80008c08
        2705000	       269	8000086c	00008797	auipc	x15,0x8	 x15=0x80008868
        2715000	       270	80000870	b5878793	addi	x15,x15,-1192	 x15:0x80008868 x15=0x800083c0
        2725000	       271	80000874	03c72a93	slti	x21,x14,60	 x14:0x00000000 x21=0x00000001
        2735000	       272	80000878	ff57c103	lbu	x2,-11(x15)	 x15:0x800083c0  x2=0x00000000 PA:0x800083b5
        2745000	       273	8000087c	fe378aa3	sb	x3,-11(x15)	 x15:0x800083c0  x3:0x00000000 PA:0x800083b5
        2755000	       274	80000880	ff578803	lb	x16,-11(x15)	 x15:0x800083c0 x16=0x00000000 PA:0x800083b5
        2765000	       275	80000884	ff578f03	lb	x30,-11(x15)	 x15:0x800083c0 x30=0x00000000 PA:0x800083b5
        2775000	       276	80000888	fe378aa3	sb	x3,-11(x15)	 x15:0x800083c0  x3:0x00000000 PA:0x800083b5
        2785000	       277	8000088c	ff578803	lb	x16,-11(x15)	 x15:0x800083c0 x16=0x00000000 PA:0x800083b5
        2795000	       278	80000890	ff57ca83	lbu	x21,-11(x15)	 x15:0x800083c0 x21=0x00000000 PA:0x800083b5
        2805000	       279	00000000	00000013	addi	x0,x0,0	  x0:0x00000000
        2815000	       280	80000894	ff578083	lb	x1,-11(x15)	 x15:0x800083c0  x1=0x00000000 PA:0x800083b5
        2825000	       281	80000898	ff57cd03	lbu	x26,-11(x15)	 x15:0x800083c0 x26=0x00000000 PA:0x800083b5
        2835000	       282	8000089c	ff578583	lb	x11,-11(x15)	 x15:0x800083c0 x11=0x00000000 PA:0x800083b5
        2845000	       283	800008a0	fff78aa3	sb	x31,-11(x15)	 x15:0x800083c0 x31:0xdb635000 PA:0x800083b5
        2855000	       284	800008a4	00008c97	auipc	x25,0x8	 x25=0x800088a0
        2865000	       285	800008a8	821c8c93	addi	x25,x25,-2015	 x25:0x800088a0 x25=0x800080c1
        2875000	       286	800008ac	00008d17	auipc	x26,0x8	 x26=0x800088a8
        2885000	       287	800008b0	b59d0d13	addi	x26,x26,-1191	 x26:0x800088a8 x26=0x80008401
        2895000	       288	800008b4	0edc9303	lh	x6,237(x25)	 x25:0x800080c1  x6=0x00000000 PA:0x800081ae
        2905000	       289	800008b8	00007717	auipc	x14,0x7	 x14=0x800078b4
        2915000	       290	800008bc	7e470713	addi	x14,x14,2020	 x14:0x800078b4 x14=0x80008098
        2925000	       291	800008c0	fa9d18a3	sh	x9,-79(x26)	 x26:0x80008401  x9:0x00000000 PA:0x800083b2
        2935000	       292	800008c4	0cbc94a3	sh	x11,201(x25)	 x25:0x800080c1 x11:0x00000000 PA:0x8000818a
        2945000	       293	800008c8	09f704a3	sb	x31,137(x14)	 x14:0x80008098 x31:0xdb635000 PA:0x80008121
        2955000	       294	800008cc	02bc8523	sb	x11,42(x25)	 x25:0x800080c1 x11:0x00000000 PA:0x800080eb
        2965000	       295	800008d0	f29d0583	lb	x11,-215(x26)	 x26:0x80008401 x11=0x00000000 PA:0x8000832a
        2975000	       296	800008d4	f53d2003	lw	x0,-173(x26)	 x26:0x80008401 PA:0x80008354
        2985000	       297	800008d8	fe2703a3	sb	x2,-25(x14)	 x14:0x80008098  x2:0x00000000 PA:0x8000807f
        2995000	       298	800008dc	f7ed4383	lbu	x7,-130(x26)	 x26:0x80008401  x7=0x00000000 PA:0x8000837f
        3005000	       299	800008e0	ff9c9783	lh	x15,-7(x25)	 x25:0x800080c1 x15=0x00000000 PA:0x800080ba
        3015000	       300	800008e4	fda70ca3	sb	x26,-39(x14)	 x14:0x80008098 x26:0x80008401 PA:0x80008071
        3025000	       301	800008e8	07671d83	lh	x27,118(x14)	 x14:0x80008098 x27=0x00000000 PA:0x8000810e
        3035000	       302	800008ec	fb7ca803	lw	x16,-73(x25)	 x25:0x800080c1 x16=0x00000000 PA:0x80008078
        3045000	       303	800008f0	0c1cc003	lbu	x0,193(x25)	 x25:0x800080c1 PA:0x80008182
        3055000	       304	800008f4	03ad0503	lb	x10,58(x26)	 x26:0x80008401 x10=0x00000000 PA:0x8000843b
        3065000	       305	800008f8	0c770d83	lb	x27,199(x14)	 x14:0x80008098 x27=0x00000000 PA:0x8000815f
        3075000	       306	800008fc	032c8b03	lb	x22,50(x25)	 x25:0x800080c1 x22=0x00000000 PA:0x800080f3
        3085000	       307	00000000	00000013	addi	x0,x0,0	  x0:0x00000000
        3095000	       308	80000900	076cc103	lbu	x2,118(x25)	 x25:0x800080c1  x2=0x00000000 PA:0x80008137
        3105000	       309	80000904	020c8a23	sb	x0,52(x25)	 x25:0x800080c1  x0:0x00000000 PA:0x800080f5
        3115000	       310	80000908	07fc8023	sb	x31,96(x25)	 x25:0x800080c1 x31:0xdb635000 PA:0x80008121
        3125000	       311	8000090c	0f374803	lbu	x16,243(x14)	 x14:0x80008098 x16=0x00000000 PA:0x8000818b
        3135000	       312	80000910	00475883	lhu	x17,4(x14)	 x14:0x80008098 x17=0x00000000 PA:0x8000809c
        3145000	       313	80000914	00008117	auipc	x2,0x8	  x2=0x80008910
        3155000	       314	80000918	02910113	addi	x2,x2,41	  x2:0x80008910  x2=0x80008939
        3165000	       315	8000091c	41108d33	sub	x26,x1,x17	  x1:0x00000000 x17:0x00000000 x26=0x00000000
        3175000	       316	80000920	01dc0533	add	x10,x24,x29	 x24:0x80009fc4 x29:0x00000000 x10=0x80009fc4
        3185000	       317	80000924	71ca4917	auipc	x18,0x71ca4	 x18=0xf1ca4920
        3195000	       318	80000928	1efc3f13	sltiu	x30,x24,495	 x24:0x80009fc4 x30=0x00000000
        3205000	       319	8000092c	017182b3	add	x5,x3,x23	  x3:0x00000000 x23:0x00000000  x5=0x00000000
        3215000	       320	80000930	005e9293	slli	x5,x29,0x5	 x29:0x00000000  x5=0x00000000
        3225000	       321	80000934	ae39fc93	andi	x25,x19,-1309	 x19:0x00000000 x25=0x00000000
        3235000	       322	80000938	fed10483	lb	x9,-19(x2)	  x2:0x80008939  x9=0x00000000 PA:0x80008926
        3245000	       323	00000000	00000013	addi	x0,x0,0	  x0:0x00000000
        3255000	       324	8000093c	38910703	lb	x14,905(x2)	  x2:0x80008939 x14=0x00000000 PA:0x80008cc2
        3265000	       325	80000940	27c10e83	lb	x29,636(x2)	  x2:0x80008939 x29=0x00000000 PA:0x80008bb5
        3275000	       326	80000944	018ac433	xor	x8,x21,x24	 x21:0x00000000 x24:0x80009fc4  x8=0x80009fc4
        3285000	       327	80000948	23314783	lbu	x15,563(x2)	  x2:0x80008939 x15=0x00000000 PA:0x80008b6c
        3295000	       328	8000094c	01aa8433	add	x8,x21,x26	 x21:0x00000000 x26:0x00000000  x8=0x00000000
        3305000	       329	80000950	40008ab3	sub	x21,x1,x0	  x1:0x00000000  x0:0x00000000 x21=0x00000000
        3315000	       330	80000954	40b35433	sra	x8,x6,x11	  x6:0x00000000 x11:0x00000000  x8=0x00000000
        3325000	       331	80000958	02414f83	lbu	x31,36(x2)	  x2:0x80008939 x31=0x00000000 PA:0x8000895d
        3335000	       332	8000095c	00824433	xor	x8,x4,x8	  x4:0x00000000  x8:0x00000000  x8=0x00000000
        3345000	       333	80000960	00319b93	slli	x23,x3,0x3	  x3:0x00000000 x23=0x00000000
        3355000	       334	80000964	0bc14503	lbu	x10,188(x2)	  x2:0x80008939 x10=0x00000000 PA:0x800089f5
        3365000	       335	80000968	00cbf333	and	x6,x23,x12	 x23:0x00000000 x12:0x80009f4c  x6=0x00000000
        3375000	       336	8000096c	01d29733	sll	x14,x5,x29	  x5:0x00000000 x29:0x00000000 x14=0x00000000
        3385000	       337	80000970	018542b3	xor	x5,x10,x24	 x10:0x00000000 x24:0x80009fc4  x5=0x80009fc4
        3395000	       338	80000974	fc111e03	lh	x28,-63(x2)	  x2:0x80008939 x28=0x00000000 PA:0x800088fa
        3405000	       339	80000978	1d010e03	lb	x28,464(x2)	  x2:0x80008939 x28=0x00000000 PA:0x80008b09
        3415000	       340	8000097c	00fac433	xor	x8,x21,x15	 x21:0x00000000 x15:0x00000000  x8=0x00000000
        3425000	       341	80000980	015118a3	sh	x21,17(x2)	  x2:0x80008939 x21:0x00000000 PA:0x8000894a
        3435000	       342	80000984	01851233	sll	x4,x10,x24	 x10:0x00000000 x24:0x80009fc4  x4=0x00000000
        3445000	       343	80000988	19fcef37	lui	x30,0x19fce	 x30=0x19fce000
        3455000	       344	8000098c	01632833	slt	x16,x6,x22	  x6:0x00000000 x22:0x00000000 x16=0x00000000
        3465000	       345	80000990	01691bb3	sll	x23,x18,x22	 x18:0xf1ca4920 x22:0x00000000 x23=0xf1ca4920
        3475000	       346	80000994	fb910f23	sb	x25,-66(x2)	  x2:0x80008939 x25:0x00000000 PA:0x800088f7
        3485000	       347	80000998	529f6813	ori	x16,x30,1321	 x30:0x19fce000 x16=0x19fce529
        3495000	       348	8000099c	03210d03	lb	x26,50(x2)	  x2:0x80008939 x26=0x00000000 PA:0x8000896b
        3505000	       349	800009a0	41da0cb3	sub	x25,x20,x29	 x20:0x00000079 x29:0x00000000 x25=0x00000079
        3515000	       350	800009a4	b249db37	lui	x22,0xb249d	 x22=0xb249d000
        3525000	       351	800009a8	01d534b3	sltu	x9,x10,x29	 x10:0x00000000 x29:0x00000000  x9=0x00000000
        3535000	       352	800009ac	3f4c2793	slti	x15,x24,1012	 x24:0x80009fc4 x15=0x00000001
        3545000	       353	800009b0	32b15a03	lhu	x20,811(x2)	  x2:0x80008939 x20=0x00000000 PA:0x80008c64
        3555000	       354	800009b4	005667b3	or	x15,x12,x5	 x12:0x80009f4c  x5:0x80009fc4 x15=0x80009fcc
        3565000	       355	800009b8	93d34a93	xori	x21,x6,-1731	  x6:0x00000000 x21=0xfffff93d
        3575000	       356	800009bc	94f88593	addi	x11,x17,-1713	 x17:0x00000000 x11=0xfffff94f
        3585000	       357	800009c0	407fd8b3	sra	x17,x31,x7	 x31:0x00000000  x7:0x00000000 x17=0x00000000
        3595000	       358	800009c4	08410923	sb	x4,146(x2)	  x2:0x80008939  x4:0x00000000 PA:0x800089cb
        3605000	       359	800009c8	30414983	lbu	x19,772(x2)	  x2:0x80008939 x19=0x00000000 PA:0x80008c3d
        3615000	       360	800009cc	00008117	auipc	x2,0x8	  x2=0x800089c8
        3625000	       361	800009d0	82210113	addi	x2,x2,-2014	  x2:0x800089c8  x2=0x800081ea
        3635000	       362	800009d4	013101a3	sb	x19,3(x2)	  x2:0x800081ea x19:0x00000000 PA:0x800081ed
        3645000	       363	800009d8	00310503	lb	x10,3(x2)	  x2:0x800081ea x10=0x00000000 PA:0x800081ed
        3655000	       364	800009dc	01e0e8b3	or	x17,x1,x30	  x1:0x00000000 x30:0x19fce000 x17=0x19fce000
        3665000	       365	800009e0	159ab993	sltiu	x19,x21,345	 x21:0xfffff93d x19=0x00000000
        3675000	       366	800009e4	77017d93	andi	x27,x2,1904	  x2:0x800081ea x27=0x00000160
        3685000	       367	800009e8	00a15803	lhu	x16,10(x2)	  x2:0x800081ea x16=0x00000000 PA:0x800081f4
        3695000	       368	800009ec	ff410da3	sb	x20,-5(x2)	  x2:0x800081ea x20:0x00000000 PA:0x800081e5
        3705000	       369	800009f0	ffb14283	lbu	x5,-5(x2)	  x2:0x800081ea  x5=0x00000000 PA:0x800081e5
        3715000	       370	800009f4	ff910b83	lb	x23,-7(x2)	  x2:0x800081ea x23=0x00000000 PA:0x800081e3
        3725000	       371	800009f8	fef10ca3	sb	x15,-7(x2)	  x2:0x800081ea x15:0x80009fcc PA:0x800081e3
        3735000	       372	800009fc	fe910ca3	sb	x9,-7(x2)	  x2:0x800081ea  x9:0x00000000 PA:0x800081e3
        3745000	       373	80000a00	ff914e03	lbu	x28,-7(x2)	  x2:0x800081ea x28=0x00000000 PA:0x800081e3
        3755000	       374	80000a04	00210183	lb	x3,2(x2)	  x2:0x800081ea  x3=0x00000000 PA:0x800081ec
        3765000	       375	80000a08	00008397	auipc	x7,0x8	  x7=0x80008a04
        3775000	       376	80000a0c	af238393	addi	x7,x7,-1294	  x7:0x80008a04  x7=0x800084f6
        3785000	       377	80000a10	fe638c23	sb	x6,-8(x7)	  x7:0x800084f6  x6:0x00000000 PA:0x800084ee
        3795000	       378	80000a14	0183cb33	xor	x22,x7,x24	  x7:0x800084f6 x24:0x80009fc4 x22=0x00001b32
        3805000	       379	80000a18	006728b3	slt	x17,x14,x6	 x14:0x00000000  x6:0x00000000 x17=0x00000000
        3815000	       380	80000a1c	ad8db413	sltiu	x8,x27,-1320	 x27:0x00000160  x8=0x00000001
        3825000	       381	80000a20	0a03c283	lbu	x5,160(x7)	  x7:0x800084f6  x5=0x00000000 PA:0x80008596
        3835000	       382	80000a24	01b3c283	lbu	x5,27(x7)	  x7:0x800084f6  x5=0x00000000 PA:0x80008511
        3845000	       383	80000a28	0533ca83	lbu	x21,83(x7)	  x7:0x800084f6 x21=0x00000000 PA:0x80008549
        3855000	       384	80000a2c	01b18233	add	x4,x3,x27	  x3:0x00000000 x27:0x00000160  x4=0x00000160
        3865000	       385	80000a30	93cc2e13	slti	x28,x24,-1732	 x24:0x80009fc4 x28=0x00000001
        3875000	       386	80000a34	f4a3ac83	lw	x25,-182(x7)	  x7:0x800084f6 x25=0x00000000 PA:0x80008440
        3885000	       387	80000a38	0ea39f03	lh	x30,234(x7)	  x7:0x800084f6 x30=0x00000000 PA:0x800085e0
        3895000	       388	80000a3c	fd038883	lb	x17,-48(x7)	  x7:0x800084f6 x17=0x00000000 PA:0x800084c6
        3905000	       389	80000a40	00125533	srl	x10,x4,x1	  x4:0x00000160  x1:0x00000000 x10=0x00000160
        3915000	       390	80000a44	007a47b3	xor	x15,x20,x7	 x20:0x00000000  x7:0x800084f6 x15=0x800084f6
        3925000	       391	80000a48	210f3193	sltiu	x3,x30,528	 x30:0x00000000  x3=0x00000001
        3935000	       392	80000a4c	f153c103	lbu	x2,-235(x7)	  x7:0x800084f6  x2=0x00000000 PA:0x8000840b
        3945000	       393	80000a50	4140dab3	sra	x21,x1,x20	  x1:0x00000000 x20:0x00000000 x21=0x00000000
        3955000	       394	80000a54	08a39523	sh	x10,138(x7)	  x7:0x800084f6 x10:0x00000160 PA:0x80008580
        3965000	       395	80000a58	f9c3de83	lhu	x29,-100(x7)	  x7:0x800084f6 x29=0x00000000 PA:0x80008492
        3975000	       396	80000a5c	0433ab23	sw	x3,86(x7)	  x7:0x800084f6  x3:0x00000001 PA:0x8000854c
        3985000	       397	80000a60	01c45e13	srli	x28,x8,0x1c	  x8:0x00000001 x28=0x00000000
        3995000	       398	80000a64	f6f38ea3	sb	x15,-131(x7)	  x7:0x800084f6 x15:0x800084f6 PA:0x80008473
        4005000	       399	80000a68	0ed38083	lb	x1,237(x7)	  x7:0x800084f6  x1=0x00000000 PA:0x800085e3
        4015000	       400	80000a6c	a4024eb7	lui	x29,0xa4024	 x29=0xa4024000
        4025000	       401	80000a70	f5738a03	lb	x20,-169(x7)	  x7:0x800084f6 x20=0x00000000 PA:0x8000844d
        4035000	       402	80000a74	00008117	auipc	x2,0x8	  x2=0x80008a70
        4045000	       403	80000a78	c3510113	addi	x2,x2,-971	  x2:0x80008a70  x2=0x800086a5
        4055000	       404	80000a7c	f5e10083	lb	x1,-162(x2)	  x2:0x800086a5  x1=0x00000000 PA:0x80008603
        4065000	       405	80000a80	00480033	add	x0,x16,x4	 x16:0x00000000  x4:0x00000160
        4075000	       406	80000a84	009c5533	srl	x10,x24,x9	 x24:0x80009fc4  x9:0x00000000 x10=0x80009fc4
        4085000	       407	80000a88	008227b3	slt	x15,x4,x8	  x4:0x00000160  x8:0x00000001 x15=0x00000000
        4095000	       408	80000a8c	435cb213	sltiu	x4,x25,1077	 x25:0x00000000  x4=0x00000001
        4105000	       409	80000a90	01c770b3	and	x1,x14,x28	 x14:0x00000000 x28:0x00000000  x1=0x00000000
        4115000	       410	80000a94	00e45d33	srl	x26,x8,x14	  x8:0x00000001 x14:0x00000000 x26=0x00000001
        4125000	       411	80000a98	06110583	lb	x11,97(x2)	  x2:0x800086a5 x11=0x00000000 PA:0x80008706
        4135000	       412	80000a9c	09711ea3	sh	x23,157(x2)	  x2:0x800086a5 x23:0x00000000 PA:0x80008742
        4145000	       413	80000aa0	00000013	addi	x0,x0,0	  x0:0x00000000
        4155000	       414	80000aa4	01210703	lb	x14,18(x2)	  x2:0x800086a5 x14=0x00000000 PA:0x800086b7
        4165000	       415	80000aa8	00000013	addi	x0,x0,0	  x0:0x00000000
        4175000	       416	80000aac	f3410ea3	sb	x20,-195(x2)	  x2:0x800086a5 x20:0x00000000 PA:0x800085e2
        4185000	       417	80000ab0	41637cb7	lui	x25,0x41637	 x25=0x41637000
        4195000	       418	80000ab4	56d78193	addi	x3,x15,1389	 x15:0x00000000  x3=0x0000056d
        4205000	       419	80000ab8	1194a413	slti	x8,x9,281	  x9:0x00000000  x8=0x00000001
        4215000	       420	80000abc	4e69e3b7	lui	x7,0x4e69e	  x7=0x4e69e000
        4225000	       421	80000ac0	f5210803	lb	x16,-174(x2)	  x2:0x800086a5 x16=0x00000000 PA:0x800085f7
        4235000	       422	80000ac4	0cf15403	lhu	x8,207(x2)	  x2:0x800086a5  x8=0x00000000 PA:0x80008774
        4245000	       423	80000ac8	06c10403	lb	x8,108(x2)	  x2:0x800086a5  x8=0x00000000 PA:0x80008711
        4255000	       424	80000acc	00f1dab3	srl	x21,x3,x15	  x3:0x0000056d x15:0x00000000 x21=0x0000056d
        4265000	       425	80000ad0	0a911aa3	sh	x9,181(x2)	  x2:0x800086a5  x9:0x00000000 PA:0x8000875a
        4275000	       426	80000ad4	b6ba8e93	addi	x29,x21,-1173	 x21:0x0000056d x29=0x000000d8
        4285000	       427	80000ad8	f2110e23	sb	x1,-196(x2)	  x2:0x800086a5  x1:0x00000000 PA:0x800085e1
        4295000	       428	80000adc	f0410823	sb	x4,-240(x2)	  x2:0x800086a5  x4:0x00000001 PA:0x800085b5
        4305000	       429	80000ae0	014dc7b3	xor	x15,x27,x20	 x27:0x00000160 x20:0x00000000 x15=0x00000160
        4315000	       430	80000ae4	f9115403	lhu	x8,-111(x2)	  x2:0x800086a5  x8=0x00000000 PA:0x80008636
        4325000	       431	00000000	00000013	addi	x0,x0,0	  x0:0x00000000
        4335000	       432	80000ae8	f88108a3	sb	x8,-111(x2)	  x2:0x800086a5  x8:0x00000000 PA:0x80008636
        4345000	       433	80000aec	0fa14f03	lbu	x30,250(x2)	  x2:0x800086a5 x30=0x00000000 PA:0x8000879f
        4355000	       434	80000af0	f54a0e97	auipc	x29,0xf54a0	 x29=0x754a0aec
        4365000	       435	80000af4	0f810aa3	sb	x24,245(x2)	  x2:0x800086a5 x24:0x80009fc4 PA:0x8000879a
        4375000	       436	80000af8	094104a3	sb	x20,137(x2)	  x2:0x800086a5 x20:0x00000000 PA:0x8000872e
        4385000	       437	80000afc	0129dc93	srli	x25,x19,0x12	 x19:0x00000000 x25=0x00000000
        4395000	       438	80000b00	ee6bb293	sltiu	x5,x23,-282	 x23:0x00000000  x5=0x00000001
        4405000	       439	80000b04	0fe10783	lb	x15,254(x2)	  x2:0x800086a5 x15=0x00000000 PA:0x800087a3
        4415000	       440	80000b08	00008c97	auipc	x25,0x8	 x25=0x80008b04
        4425000	       441	80000b0c	4c5c8c93	addi	x25,x25,1221	 x25:0x80008b04 x25=0x80008fc9
        4435000	       442	80000b10	00008e97	auipc	x29,0x8	 x29=0x80008b0c
        4445000	       443	80000b14	2eee8e93	addi	x29,x29,750	 x29:0x80008b0c x29=0x80008dfa
        4455000	       444	80000b18	00008797	auipc	x15,0x8	 x15=0x80008b14
        4465000	       445	80000b1c	ea278793	addi	x15,x15,-350	 x15:0x80008b14 x15=0x800089b6
        4475000	       446	80000b20	f04e9b83	lh	x23,-252(x29)	 x29:0x80008dfa x23=0x00000000 PA:0x80008cfe
        4485000	       447	80000b24	ff8cc583	lbu	x11,-8(x25)	 x25:0x80008fc9 x11=0x000000b3 PA:0x80008fc1
        4495000	       448	80000b28	00008a17	auipc	x20,0x8	 x20=0x80008b24
        4505000	       449	80000b2c	d53a0a13	addi	x20,x20,-685	 x20:0x80008b24 x20=0x80008877
        4515000	       450	80000b30	45f7cf83	lbu	x31,1119(x15)	 x15:0x800089b6 x31=0x00000000 PA:0x80008e15
        4525000	       451	80000b34	2db78183	lb	x3,731(x15)	 x15:0x800089b6  x3=0x00000000 PA:0x80008c91
        4535000	       452	80000b38	004c8b23	sb	x4,22(x25)	 x25:0x80008fc9  x4:0x00000001 PA:0x80008fdf
        4545000	       453	80000b3c	00eea083	lw	x1,14(x29)	 x29:0x80008dfa  x1=0x00000000 PA:0x80008e08
        4555000	       454	80000b40	fedcd203	lhu	x4,-19(x25)	 x25:0x80008fc9  x4=0x00000000 PA:0x80008fb6
        4565000	       455	80000b44	00ca0623	sb	x12,12(x20)	 x20:0x80008877 x12:0x80009f4c PA:0x80008883
        4575000	       456	80000b48	4ed78183	lb	x3,1261(x15)	 x15:0x800089b6  x3=0x00000000 PA:0x80008ea3
        4585000	       457	80000b4c	01aa06a3	sb	x26,13(x20)	 x20:0x80008877 x26:0x00000001 PA:0x80008884
        4595000	       458	80000b50	f6fec203	lbu	x4,-145(x29)	 x29:0x80008dfa  x4=0x00000000 PA:0x80008d69
        4605000	       459	80000b54	fc8ccd03	lbu	x26,-56(x25)	 x25:0x80008fc9 x26=0x00000000 PA:0x80008f91
        4615000	       460	80000b58	0f37c083	lbu	x1,243(x15)	 x15:0x800089b6  x1=0x00000000 PA:0x80008aa9
        4625000	       461	80000b5c	ff0a4883	lbu	x17,-16(x20)	 x20:0x80008877 x17=0x00000000 PA:0x80008867
        4635000	       462	80000b60	f5fe8103	lb	x2,-161(x29)	 x29:0x80008dfa  x2=0x00000000 PA:0x80008d59
        4645000	       463	80000b64	fd2c8503	lb	x10,-46(x25)	 x25:0x80008fc9 x10=0x00000000 PA:0x80008f9b
        4655000	       464	80000b68	17279983	lh	x19,370(x15)	 x15:0x800089b6 x19=0x00000000 PA:0x80008b28
        4665000	       465	80000b6c	001c8423	sb	x1,8(x25)	 x25:0x80008fc9  x1:0x00000000 PA:0x80008fd1
        4675000	       466	80000b70	ff5a5d03	lhu	x26,-11(x20)	 x20:0x80008877 x26=0x00000000 PA:0x8000886c
        4685000	       467	80000b74	46b78803	lb	x16,1131(x15)	 x15:0x800089b6 x16=0x00000000 PA:0x80008e21
        4695000	       468	80000b78	01c79003	lh	x0,28(x15)	 x15:0x800089b6 PA:0x800089d2
        4705000	       469	80000b7c	052e9c23	sh	x18,88(x29)	 x29:0x80008dfa x18:0xf1ca4920 PA:0x80008e52
        4715000	       470	80000b80	005a4403	lbu	x8,5(x20)	 x20:0x80008877  x8=0x00000000 PA:0x8000887c
        4725000	       471	80000b84	4ad78903	lb	x18,1197(x15)	 x15:0x800089b6 x18=0x00000000 PA:0x80008e63
        4735000	       472	80000b88	febc8d83	lb	x27,-21(x25)	 x25:0x80008fc9 x27=0x00000000 PA:0x80008fb4
        4745000	       473	80000b8c	fffa4a83	lbu	x21,-1(x20)	 x20:0x80008877 x21=0x00000000 PA:0x80008876
        4755000	       474	80000b90	fe6a0da3	sb	x6,-5(x20)	 x20:0x80008877  x6:0x00000000 PA:0x80008872
        4765000	       475	80000b94	ff5a2303	lw	x6,-11(x20)	 x20:0x80008877  x6=0x00000000 PA:0x8000886c
        4775000	       476	80000b98	00007117	auipc	x2,0x7	  x2=0x80007b94
        4785000	       477	80000b9c	64510113	addi	x2,x2,1605	  x2:0x80007b94  x2=0x800081d9
        4795000	       478	80000ba0	faa10123	sb	x10,-94(x2)	  x2:0x800081d9 x10:0x00000000 PA:0x8000817b
        4805000	       479	80000ba4	d03b8f37	lui	x30,0xd03b8	 x30=0xd03b8000
        4815000	       480	80000ba8	fc510403	lb	x8,-59(x2)	  x2:0x800081d9  x8=0x00000000 PA:0x8000819e
        4825000	       481	80000bac	0af14c83	lbu	x25,175(x2)	  x2:0x800081d9 x25=0x00000000 PA:0x80008288
        4835000	       482	80000bb0	0ba107a3	sb	x26,175(x2)	  x2:0x800081d9 x26:0x00000000 PA:0x80008288
        4845000	       483	80000bb4	0ad107a3	sb	x13,175(x2)	  x2:0x800081d9 x13:0x0f703179 PA:0x80008288
        4855000	       484	80000bb8	0af12003	lw	x0,175(x2)	  x2:0x800081d9 PA:0x80008288
        4865000	       485	80000bbc	f65104a3	sb	x5,-151(x2)	  x2:0x800081d9  x5:0x00000001 PA:0x80008142
        4875000	       486	80000bc0	f7e104a3	sb	x30,-151(x2)	  x2:0x800081d9 x30:0xd03b8000 PA:0x80008142
        4885000	       487	80000bc4	ffb10ca3	sb	x27,-7(x2)	  x2:0x800081d9 x27:0x00000000 PA:0x800081d2
        4895000	       488	80000bc8	00da1733	sll	x14,x20,x13	 x20:0x80008877 x13:0x0f703179 x14=0xee000000
        4905000	       489	80000bcc	00f2acb3	slt	x25,x5,x15	  x5:0x00000001 x15:0x800089b6 x25=0x00000000
        4915000	       490	80000bd0	ff910483	lb	x9,-7(x2)	  x2:0x800081d9  x9=0x00000000 PA:0x800081d2
        4925000	       491	80000bd4	ff914503	lbu	x10,-7(x2)	  x2:0x800081d9 x10=0x00000000 PA:0x800081d2
        4935000	       492	80000bd8	ff911b83	lh	x23,-7(x2)	  x2:0x800081d9 x23=0x00000000 PA:0x800081d2
        4945000	       493	80000bdc	ff915903	lhu	x18,-7(x2)	  x2:0x800081d9 x18=0x00000000 PA:0x800081d2
        4955000	       494	80000be0	ff911203	lh	x4,-7(x2)	  x2:0x800081d9  x4=0x00000000 PA:0x800081d2
        4965000	       495	80000be4	fe811ca3	sh	x8,-7(x2)	  x2:0x800081d9  x8:0x00000000 PA:0x800081d2
        4975000	       496	80000be8	01f12a83	lw	x21,31(x2)	  x2:0x800081d9 x21=0x00000000 PA:0x800081f8
        4985000	       497	80000bec	36fa2313	slti	x6,x20,879	 x20:0x80008877  x6=0x00000001
        4995000	       498	80000bf0	0078bf33	sltu	x30,x17,x7	 x17:0x00000000  x7:0x4e69e000 x30=0x00000001
        5005000	       499	80000bf4	00310fa3	sb	x3,31(x2)	  x2:0x800081d9  x3:0x00000000 PA:0x800081f8
        5015000	       500	80000bf8	f9810a83	lb	x21,-104(x2)	  x2:0x800081d9 x21=0x00000000 PA:0x80008171
        5025000	       501	80000bfc	f9810d03	lb	x26,-104(x2)	  x2:0x800081d9 x26=0x00000000 PA:0x80008171
        5035000	       502	80000c00	599afa37	lui	x20,0x599af	 x20=0x599af000
        5045000	       503	80000c04	04d103a3	sb	x13,71(x2)	  x2:0x800081d9 x13:0x0f703179 PA:0x80008220
        5055000	       504	80000c08	00008497	auipc	x9,0x8	  x9=0x80008c04
        5065000	       505	80000c0c	e1c48493	addi	x9,x9,-484	  x9:0x80008c04  x9=0x80008a20
        5075000	       506	80000c10	00008317	auipc	x6,0x8	  x6=0x80008c0c
        5085000	       507	80000c14	d5330313	addi	x6,x6,-685	  x6:0x80008c0c  x6=0x8000895f
        5095000	       508	80000c18	ff649803	lh	x16,-10(x9)	  x9:0x80008a20 x16=0x00000000 PA:0x80008a16
        5105000	       509	80000c1c	00008f97	auipc	x31,0x8	 x31=0x80008c18
        5115000	       510	80000c20	009f8f93	addi	x31,x31,9	 x31:0x80008c18 x31=0x80008c21
        5125000	       511	80000c24	f2430103	lb	x2,-220(x6)	  x6:0x8000895f  x2=0x0000004c PA:0x80008883
        5135000	       512	80000c28	00f4c503	lbu	x10,15(x9)	  x9:0x80008a20 x10=0x00000000 PA:0x80008a2f
        5145000	       513	80000c2c	ffb4cb83	lbu	x23,-5(x9)	  x9:0x80008a20 x23=0x00000000 PA:0x80008a1b
        5155000	       514	80000c30	005f8623	sb	x5,12(x31)	 x31:0x80008c21  x5:0x00000001 PA:0x80008c2d
        5165000	       515	80000c34	67234e03	lbu	x28,1650(x6)	  x6:0x8000895f x28=0x00000000 PA:0x80008fd1
        5175000	       516	80000c38	01049023	sh	x16,0(x9)	  x9:0x80008a20 x16:0x00000000 PA:0x80008a20
        5185000	       517	80000c3c	51530c23	sb	x21,1304(x6)	  x6:0x8000895f x21:0x00000000 PA:0x80008e77
        5195000	       518	80000c40	00bfd583	lhu	x11,11(x31)	 x31:0x80008c21 x11=0x00000100 PA:0x80008c2c
        5205000	       519	00000000	00000013	addi	x0,x0,0	  x0:0x00000000
        5215000	       520	80000c44	00bfca03	lbu	x20,11(x31)	 x31:0x80008c21 x20=0x00000000 PA:0x80008c2c
        5225000	       521	80000c48	00548d03	lb	x26,5(x9)	  x9:0x80008a20 x26=0x00000000 PA:0x80008a25
        5235000	       522	80000c4c	00dfce83	lbu	x29,13(x31)	 x31:0x80008c21 x29=0x00000000 PA:0x80008c2e
        5245000	       523	80000c50	2db31b03	lh	x22,731(x6)	  x6:0x8000895f x22=0x00000000 PA:0x80008c3a
        5255000	       524	80000c54	069311a3	sh	x9,99(x6)	  x6:0x8000895f  x9:0x80008a20 PA:0x800089c2
        5265000	       525	80000c58	00d4c983	lbu	x19,13(x9)	  x9:0x80008a20 x19=0x00000000 PA:0x80008a2d
        5275000	       526	80000c5c	4a534183	lbu	x3,1189(x6)	  x6:0x8000895f  x3=0x00000000 PA:0x80008e04
        5285000	       527	80000c60	fe4f8923	sb	x4,-14(x31)	 x31:0x80008c21  x4:0x00000000 PA:0x80008c13
        5295000	       528	80000c64	ff748903	lb	x18,-9(x9)	  x9:0x80008a20 x18=0x00000000 PA:0x80008a17
        5305000	       529	80000c68	0014c903	lbu	x18,1(x9)	  x9:0x80008a20 x18=0x00000000 PA:0x80008a21
        5315000	       530	80000c6c	00008397	auipc	x7,0x8	  x7=0x80008c68
        5325000	       531	80000c70	a6838393	addi	x7,x7,-1432	  x7:0x80008c68  x7=0x800086d0
        5335000	       532	80000c74	00007a17	auipc	x20,0x7	 x20=0x80007c70
        5345000	       533	80000c78	589a0a13	addi	x20,x20,1417	 x20:0x80007c70 x20=0x800081f9
        5355000	       534	80000c7c	00008517	auipc	x10,0x8	 x10=0x80008c78
        5365000	       535	80000c80	94450513	addi	x10,x10,-1724	 x10:0x80008c78 x10=0x800085bc
        5375000	       536	80000c84	449a5403	lhu	x8,1097(x20)	 x20:0x800081f9  x8=0x00000000 PA:0x80008642
        5385000	       537	80000c88	00008d17	auipc	x26,0x8	 x26=0x80008c84
        5395000	       538	80000c8c	8e8d0d13	addi	x26,x26,-1816	 x26:0x80008c84 x26=0x8000856c
        5405000	       539	80000c90	fcea4403	lbu	x8,-50(x20)	 x20:0x800081f9  x8=0x00000000 PA:0x800081c7
        5415000	       540	80000c94	000d04a3	sb	x0,9(x26)	 x26:0x8000856c  x0:0x00000000 PA:0x80008575
        5425000	       541	80000c98	00007097	auipc	x1,0x7	  x1=0x80007c94
        5435000	       542	80000c9c	76308093	addi	x1,x1,1891	  x1:0x80007c94  x1=0x800083f7
        5445000	       543	80000ca0	ff439a23	sh	x20,-12(x7)	  x7:0x800086d0 x20:0x800081f9 PA:0x800086c4
        5455000	       544	80000ca4	ee4092a3	sh	x4,-283(x1)	  x1:0x800083f7  x4:0x00000000 PA:0x800082dc
        5465000	       545	80000ca8	fe551823	sh	x5,-16(x10)	 x10:0x800085bc  x5:0x00000001 PA:0x800085ac
        5475000	       546	80000cac	0d150a83	lb	x21,209(x10)	 x10:0x800085bc x21=0x00000000 PA:0x8000868d
        5485000	       547	80000cb0	00038023	sb	x0,0(x7)	  x7:0x800086d0  x0:0x00000000 PA:0x800086d0
        5495000	       548	80000cb4	37d0a983	lw	x19,893(x1)	  x1:0x800083f7 x19=0x00000000 PA:0x80008774
        5505000	       549	80000cb8	fe1d0ea3	sb	x1,-3(x26)	 x26:0x8000856c  x1:0x800083f7 PA:0x80008569
        5515000	       550	80000cbc	ffe39f03	lh	x30,-2(x7)	  x7:0x800086d0 x30=0x00000000 PA:0x800086ce
        5525000	       551	80000cc0	ff838c83	lb	x25,-8(x7)	  x7:0x800086d0 x25=0x00000000 PA:0x800086c8
        5535000	       552	80000cc4	00ed1783	lh	x15,14(x26)	 x26:0x8000856c x15=0x00000000 PA:0x8000857a
        5545000	       553	80000cc8	01f501a3	sb	x31,3(x10)	 x10:0x800085bc x31:0x80008c21 PA:0x800085bf
        5555000	       554	80000ccc	f6e08d83	lb	x27,-146(x1)	  x1:0x800083f7 x27=0x00000000 PA:0x80008365
        5565000	       555	80000cd0	00c38783	lb	x15,12(x7)	  x7:0x800086d0 x15=0x00000000 PA:0x800086dc
        5575000	       556	80000cd4	ff439a83	lh	x21,-12(x7)	  x7:0x800086d0 x21=0xffff81f9 PA:0x800086c4
        5585000	       557	80000cd8	ca00c903	lbu	x18,-864(x1)	  x1:0x800083f7 x18=0x00000000 PA:0x80008097
        5595000	       558	80000cdc	0160cc83	lbu	x25,22(x1)	  x1:0x800083f7 x25=0x00000000 PA:0x8000840d
        5605000	       559	80000ce0	f3154803	lbu	x16,-207(x10)	 x10:0x800085bc x16=0x00000000 PA:0x800084ed
        5615000	       560	80000ce4	fe1d0483	lb	x9,-31(x26)	 x26:0x8000856c  x9=0x00000000 PA:0x8000854d
        5625000	       561	80000ce8	077508a3	sb	x23,113(x10)	 x10:0x800085bc x23:0x00000000 PA:0x8000862d
        5635000	       562	80000cec	ffa39183	lh	x3,-6(x7)	  x7:0x800086d0  x3=0x00000000 PA:0x800086ca
        5645000	       563	80000cf0	00138583	lb	x11,1(x7)	  x7:0x800086d0 x11=0x00000000 PA:0x800086d1
        5655000	       564	80000cf4	01ed1283	lh	x5,30(x26)	 x26:0x8000856c  x5=0x00000000 PA:0x8000858a
        5665000	       565	00000000	00000013	addi	x0,x0,0	  x0:0x00000000
        5675000	       566	80000cf8	ec5a25a3	sw	x5,-309(x20)	 x20:0x800081f9  x5:0x00000000 PA:0x800080c4
        5685000	       567	80000cfc	f0f08623	sb	x15,-244(x1)	  x1:0x800083f7 x15:0x00000000 PA:0x80008303
        5695000	       568	80000d00	fd5d0783	lb	x15,-43(x26)	 x26:0x8000856c x15=0x00000000 PA:0x80008541
        5705000	       569	80000d04	ca008403	lb	x8,-864(x1)	  x1:0x800083f7  x8=0x00000000 PA:0x80008097
        5715000	       570	80000d08	11fa0ca3	sb	x31,281(x20)	 x20:0x800081f9 x31:0x80008c21 PA:0x80008312
        5725000	       571	80000d0c	04f54d83	lbu	x27,79(x10)	 x10:0x800085bc x27=0x00000000 PA:0x8000860b
        5735000	       572	80000d10	0d655783	lhu	x15,214(x10)	 x10:0x800085bc x15=0x00000000 PA:0x80008692
        5745000	       573	80000d14	ff53c283	lbu	x5,-11(x7)	  x7:0x800086d0  x5=0x00000081 PA:0x800086c5
        5755000	       574	80000d18	5cca0183	lb	x3,1484(x20)	 x20:0x800081f9  x3=0x00000000 PA:0x800087c5
        5765000	       575	80000d1c	0310a983	lw	x19,49(x1)	  x1:0x800083f7 x19=0x00000000 PA:0x80008428
        5775000	       576	80000d20	00008b17	auipc	x22,0x8	 x22=0x80008d1c
        5785000	       577	80000d24	245b0b13	addi	x22,x22,581	 x22:0x80008d1c x22=0x80008f61
        5795000	       578	80000d28	fe3f4f13	xori	x30,x30,-29	 x30:0x00000000 x30=0xffffffe3
        5805000	       579	80000d2c	a3ed6e93	ori	x29,x26,-1474	 x26:0x8000856c x29=0xffffff7e
        5815000	       580	80000d30	01e752b3	srl	x5,x14,x30	 x14:0xee000000 x30:0xffffffe3  x5=0x1dc00000
        5825000	       581	80000d34	03fb5f83	lhu	x31,63(x22)	 x22:0x80008f61 x31=0x00000000 PA:0x80008fa0
        5835000	       582	80000d38	0060d933	srl	x18,x1,x6	  x1:0x800083f7  x6:0x8000895f x18=0x00000001
        5845000	       583	80000d3c	8aae2b93	slti	x23,x28,-1878	 x28:0x00000000 x23=0x00000000
        5855000	       584	80000d40	fe1b5e03	lhu	x28,-31(x22)	 x22:0x80008f61 x28=0x00000000 PA:0x80008f42
        5865000	       585	80000d44	00000013	addi	x0,x0,0	  x0:0x00000000
        5875000	       586	80000d48	03bb0983	lb	x19,59(x22)	 x22:0x80008f61 x19=0x00000000 PA:0x80008f9c
        5885000	       587	80000d4c	006b5f33	srl	x30,x22,x6	 x22:0x80008f61  x6:0x8000895f x30=0x00000001
        5895000	       588	80000d50	017917b3	sll	x15,x18,x23	 x18:0x00000001 x23:0x00000000 x15=0x00000001
        5905000	       589	80000d54	417d5e33	sra	x28,x26,x23	 x26:0x8000856c x23:0x00000000 x28=0x8000856c
        5915000	       590	80000d58	003b4103	lbu	x2,3(x22)	 x22:0x80008f61  x2=0x00000000 PA:0x80008f64
        5925000	       591	80000d5c	d0300793	addi	x15,x0,-765	  x0:0x00000000 x15=0xfffffd03
        5935000	       592	80000d60	40cb8ab3	sub	x21,x23,x12	 x23:0x00000000 x12:0x80009f4c x21=0x7fff60b4
        5945000	       593	80000d64	400bd713	srai	x14,x23,0x0	 x23:0x00000000 x14=0x00000000
        5955000	       594	80000d68	00e26233	or	x4,x4,x14	  x4:0x00000000 x14:0x00000000  x4=0x00000000
        5965000	       595	80000d6c	017e5413	srli	x8,x28,0x17	 x28:0x8000856c  x8=0x00000100
        5975000	       596	80000d70	fd1b0623	sb	x17,-52(x22)	 x22:0x80008f61 x17:0x00000000 PA:0x80008f2d
        5985000	       597	80000d74	7280c097	auipc	x1,0x7280c	  x1=0xf280cd70
        5995000	       598	80000d78	031b5983	lhu	x19,49(x22)	 x22:0x80008f61 x19=0x00000000 PA:0x80008f92
        6005000	       599	80000d7c	409dd093	srai	x1,x27,0x9	 x27:0x00000000  x1=0x00000000
        6015000	       600	80000d80	0049d433	srl	x8,x19,x4	 x19:0x00000000  x4:0x00000000  x8=0x00000000
        6025000	       601	80000d84	01c99a13	slli	x20,x19,0x1c	 x19:0x00000000 x20=0x00000000
        6035000	       602	80000d88	be06d497	auipc	x9,0xbe06d	  x9=0x3e06dd84
        6045000	       603	80000d8c	fe6b4703	lbu	x14,-26(x22)	 x22:0x80008f61 x14=0x00000000 PA:0x80008f47
        6055000	       604	80000d90	00f5d493	srli	x9,x11,0xf	 x11:0x00000000  x9=0x00000000
        6065000	       605	80000d94	00000013	addi	x0,x0,0	  x0:0x00000000
        6075000	       606	80000d98	407f7813	andi	x16,x30,1031	 x30:0x00000001 x16=0x00000001
        6085000	       607	80000d9c	20d92193	slti	x3,x18,525	 x18:0x00000001  x3=0x00000001
        6095000	       608	80000da0	00f258b3	srl	x17,x4,x15	  x4:0x00000000 x15:0xfffffd03 x17=0x00000000
        6105000	       609	80000da4	fd3b0123	sb	x19,-62(x22)	 x22:0x80008f61 x19:0x00000000 PA:0x80008f23
        6115000	       610	80000da8	0c64ef17	auipc	x30,0xc64e	 x30=0x8c64eda4
        6125000	       611	80000dac	b1a4a717	auipc	x14,0xb1a4a	 x14=0x31a4ada8
        6135000	       612	80000db0	9b032e13	slti	x28,x6,-1616	  x6:0x8000895f x28=0x00000001
        6145000	       613	80000db4	033b18a3	sh	x19,49(x22)	 x22:0x80008f61 x19:0x00000000 PA:0x80008f92
        6155000	       614	80000db8	a93af193	andi	x3,x21,-1389	 x21:0x7fff60b4  x3=0x7fff6090
        6165000	       615	80000dbc	1503fc97	auipc	x25,0x1503f	 x25=0x9503fdb8
        6175000	       616	80000dc0	02db0203	lb	x4,45(x22)	 x22:0x80008f61  x4=0x00000000 PA:0x80008f8e
        6185000	       617	80000dc4	00007897	auipc	x17,0x7	 x17=0x80007dc0
        6195000	       618	80000dc8	63888893	addi	x17,x17,1592	 x17:0x80007dc0 x17=0x800083f8
        6205000	       619	80000dcc	0088a183	lw	x3,8(x17)	 x17:0x800083f8  x3=0x00000000 PA:0x80008400
        6215000	       620	80000dd0	0027d0b3	srl	x1,x15,x2	 x15:0xfffffd03  x2:0x00000000  x1=0xfffffd03
        6225000	       621	80000dd4	01a88223	sb	x26,4(x17)	 x17:0x800083f8 x26:0x8000856c PA:0x800083fc
        6235000	       622	80000dd8	0071b133	sltu	x2,x3,x7	  x3:0x00000000  x7:0x800086d0  x2=0x00000001
        6245000	       623	80000ddc	0144f733	and	x14,x9,x20	  x9:0x00000000 x20:0x00000000 x14=0x00000000
        6255000	       624	80000de0	f81fbe97	auipc	x29,0xf81fb	 x29=0x781fbddc
        6265000	       625	80000de4	00f88a03	lb	x20,15(x17)	 x17:0x800083f8 x20=0x00000000 PA:0x80008407
        6275000	       626	80000de8	ff9889a3	sb	x25,-13(x17)	 x17:0x800083f8 x25:0x9503fdb8 PA:0x800083eb
        6285000	       627	80000dec	ffd88aa3	sb	x29,-11(x17)	 x17:0x800083f8 x29:0x781fbddc PA:0x800083ed
        6295000	       628	80000df0	00a880a3	sb	x10,1(x17)	 x17:0x800083f8 x10:0x800085bc PA:0x800083f9
        6305000	       629	80000df4	ffc88c23	sb	x28,-8(x17)	 x17:0x800083f8 x28:0x00000001 PA:0x800083f0
        6315000	       630	80000df8	fef88923	sb	x15,-14(x17)	 x17:0x800083f8 x15:0xfffffd03 PA:0x800083ea
        6325000	       631	80000dfc	00a8dd83	lhu	x27,10(x17)	 x17:0x800083f8 x27=0x00000000 PA:0x80008402
        6335000	       632	80000e00	0011be33	sltu	x28,x3,x1	  x3:0x00000000  x1:0xfffffd03 x28=0x00000001
        6345000	       633	80000e04	ff488aa3	sb	x20,-11(x17)	 x17:0x800083f8 x20:0x00000000 PA:0x800083ed
        6355000	       634	80000e08	013433b3	sltu	x7,x8,x19	  x8:0x00000000 x19:0x00000000  x7=0x00000000
        6365000	       635	80000e0c	fe088da3	sb	x0,-5(x17)	 x17:0x800083f8  x0:0x00000000 PA:0x800083f3
        6375000	       636	80000e10	0038cb03	lbu	x22,3(x17)	 x17:0x800083f8 x22=0x00000000 PA:0x800083fb
        6385000	       637	80000e14	00909713	slli	x14,x1,0x9	  x1:0xfffffd03 x14=0xfffa0600
        6395000	       638	80000e18	fef88e23	sb	x15,-4(x17)	 x17:0x800083f8 x15:0xfffffd03 PA:0x800083f4
        6405000	       639	80000e1c	ff088783	lb	x15,-16(x17)	 x17:0x800083f8 x15=0x00000000 PA:0x800083e8
        6415000	       640	80000e20	ffa8d183	lhu	x3,-6(x17)	 x17:0x800083f8  x3=0x00000000 PA:0x800083f2
        6425000	       641	80000e24	00588023	sb	x5,0(x17)	 x17:0x800083f8  x5:0x1dc00000 PA:0x800083f8
        6435000	       642	80000e28	417cdb33	sra	x22,x25,x23	 x25:0x9503fdb8 x23:0x00000000 x22=0x9503fdb8
        6445000	       643	80000e2c	ff388b83	lb	x23,-13(x17)	 x17:0x800083f8 x23=0xffffffb8 PA:0x800083eb
        6455000	       644	80000e30	20c55cb7	lui	x25,0x20c55	 x25=0x20c55000
        6465000	       645	80000e34	00e11393	slli	x7,x2,0xe	  x2:0x00000001  x7=0x00004000
        6475000	       646	80000e38	96a4ba93	sltiu	x21,x9,-1686	  x9:0x00000000 x21=0x00000001
        6485000	       647	80000e3c	0064bf33	sltu	x30,x9,x6	  x9:0x00000000  x6:0x8000895f x30=0x00000001
        6495000	       648	80000e40	00889a83	lh	x21,8(x17)	 x17:0x800083f8 x21=0x00000000 PA:0x80008400
        6505000	       649	80000e44	fe289923	sh	x2,-14(x17)	 x17:0x800083f8  x2:0x00000001 PA:0x800083ea
        6515000	       650	80000e48	00788d83	lb	x27,7(x17)	 x17:0x800083f8 x27=0x00000000 PA:0x800083ff
        6525000	       651	80000e4c	ff68df83	lhu	x31,-10(x17)	 x17:0x800083f8 x31=0x00000000 PA:0x800083ee
        6535000	       652	80000e50	00a89a83	lh	x21,10(x17)	 x17:0x800083f8 x21=0x00000000 PA:0x80008402
        6545000	       653	80000e54	c2231ab7	lui	x21,0xc2231	 x21=0xc2231000
        6555000	       654	80000e58	01d886a3	sb	x29,13(x17)	 x17:0x800083f8 x29:0x781fbddc PA:0x80008405
        6565000	       655	80000e5c	00008417	auipc	x8,0x8	  x8=0x80008e58
        6575000	       656	80000e60	f6b40413	addi	x8,x8,-149	  x8:0x80008e58  x8=0x80008dc3
        6585000	       657	80000e64	21344e03	lbu	x28,531(x8)	  x8:0x80008dc3 x28=0x00000000 PA:0x80008fd6
        6595000	       658	80000e68	00008497	auipc	x9,0x8	  x9=0x80008e64
        6605000	       659	80000e6c	16348493	addi	x9,x9,355	  x9:0x80008e64  x9=0x80008fc7
        6615000	       660	80000e70	fa84c383	lbu	x7,-88(x9)	  x9:0x80008fc7  x7=0x00000000 PA:0x80008f6f
        6625000	       661	80000e74	e5940383	lb	x7,-423(x8)	  x8:0x80008dc3  x7=0x00000000 PA:0x80008c1c
        6635000	       662	00000000	00000013	addi	x0,x0,0	  x0:0x00000000
        6645000	       663	80000e78	f474ce03	lbu	x28,-185(x9)	  x9:0x80008fc7 x28=0x00000000 PA:0x80008f0e
        6655000	       664	80000e7c	00448323	sb	x4,6(x9)	  x9:0x80008fc7  x4:0x00000000 PA:0x80008fcd
        6665000	       665	80000e80	c7941ea3	sh	x25,-899(x8)	  x8:0x80008dc3 x25:0x20c55000 PA:0x80008a40
        6675000	       666	80000e84	f7549083	lh	x1,-139(x9)	  x9:0x80008fc7  x1=0xfffff000 PA:0x80008f3c
        6685000	       667	80000e88	1ef45b83	lhu	x23,495(x8)	  x8:0x80008dc3 x23=0x00000000 PA:0x80008fb2
        6695000	       668	80000e8c	d3f41783	lh	x15,-705(x8)	  x8:0x80008dc3 x15=0x00000000 PA:0x80008b02
        6705000	       669	80000e90	21d40f23	sb	x29,542(x8)	  x8:0x80008dc3 x29:0x781fbddc PA:0x80008fe1
        6715000	       670	80000e94	f9749ea3	sh	x23,-99(x9)	  x9:0x80008fc7 x23:0x00000000 PA:0x80008f64
        6725000	       671	80000e98	f844ca83	lbu	x21,-124(x9)	  x9:0x80008fc7 x21=0x00000000 PA:0x80008f4b
        6735000	       672	80000e9c	f6349803	lh	x16,-157(x9)	  x9:0x80008fc7 x16=0x00000000 PA:0x80008f2a
        6745000	       673	80000ea0	d7740a83	lb	x21,-649(x8)	  x8:0x80008dc3 x21=0x00000000 PA:0x80008b3a
        6755000	       674	80000ea4	00008117	auipc	x2,0x8	  x2=0x80008ea0
        6765000	       675	80000ea8	87510113	addi	x2,x2,-1931	  x2:0x80008ea0  x2=0x80008715
        6775000	       676	80000eac	00915803	lhu	x16,9(x2)	  x2:0x80008715 x16=0x00000000 PA:0x8000871e
        6785000	       677	80000eb0	00210123	sb	x2,2(x2)	  x2:0x80008715  x2:0x80008715 PA:0x80008717
        6795000	       678	80000eb4	00911483	lh	x9,9(x2)	  x2:0x80008715  x9=0x00000000 PA:0x8000871e
        6805000	       679	80000eb8	ff910f83	lb	x31,-7(x2)	  x2:0x80008715 x31=0x00000000 PA:0x8000870e
        6815000	       680	80000ebc	00414403	lbu	x8,4(x2)	  x2:0x80008715  x8=0x00000000 PA:0x80008719
        6825000	       681	80000ec0	00614583	lbu	x11,6(x2)	  x2:0x80008715 x11=0x00000000 PA:0x8000871b
        6835000	       682	80000ec4	00610b83	lb	x23,6(x2)	  x2:0x80008715 x23=0x00000000 PA:0x8000871b
        6845000	       683	80000ec8	2de22c93	slti	x25,x4,734	  x4:0x00000000 x25=0x00000001
        6855000	       684	80000ecc	017ebe33	sltu	x28,x29,x23	 x29:0x781fbddc x23:0x00000000 x28=0x00000000
        6865000	       685	80000ed0	00610d03	lb	x26,6(x2)	  x2:0x80008715 x26=0x00000000 PA:0x8000871b
        6875000	       686	80000ed4	00610403	lb	x8,6(x2)	  x2:0x80008715  x8=0x00000000 PA:0x8000871b
        6885000	       687	80000ed8	019e8233	add	x4,x29,x25	 x29:0x781fbddc x25:0x00000001  x4=0x781fbddd
        6895000	       688	80000edc	00610583	lb	x11,6(x2)	  x2:0x80008715 x11=0x00000000 PA:0x8000871b
        6905000	       689	80000ee0	00614003	lbu	x0,6(x2)	  x2:0x80008715 PA:0x8000871b
        6915000	       690	80000ee4	e9c34793	xori	x15,x6,-356	  x6:0x8000895f x15=0x7fff77c3
        6925000	       691	80000ee8	00514083	lbu	x1,5(x2)	  x2:0x80008715  x1=0x00000000 PA:0x8000871a
        6935000	       692	80000eec	00f102a3	sb	x15,5(x2)	  x2:0x80008715 x15:0x7fff77c3 PA:0x8000871a
        6945000	       693	80000ef0	00c10583	lb	x11,12(x2)	  x2:0x80008715 x11=0x00000000 PA:0x80008721
        6955000	       694	80000ef4	00c14483	lbu	x9,12(x2)	  x2:0x80008715  x9=0x00000000 PA:0x80008721
        6965000	       695	80000ef8	ff910083	lb	x1,-7(x2)	  x2:0x80008715  x1=0x00000000 PA:0x8000870e
        6975000	       696	80000efc	fef10f23	sb	x15,-2(x2)	  x2:0x80008715 x15:0x7fff77c3 PA:0x80008713
        6985000	       697	80000f00	fef119a3	sh	x15,-13(x2)	  x2:0x80008715 x15:0x7fff77c3 PA:0x80008708
        6995000	       698	80000f04	ff911f03	lh	x30,-7(x2)	  x2:0x80008715 x30=0x00000000 PA:0x8000870e
        7005000	       699	80000f08	0046a0b3	slt	x1,x13,x4	 x13:0x0f703179  x4:0x781fbddd  x1=0x00000001
        7015000	       700	80000f0c	00fa94b3	sll	x9,x21,x15	 x21:0x00000000 x15:0x7fff77c3  x9=0x00000000
        7025000	       701	80000f10	feb11ca3	sh	x11,-7(x2)	  x2:0x80008715 x11:0x00000000 PA:0x8000870e
        7035000	       702	80000f14	00008417	auipc	x8,0x8	  x8=0x80008f10
        7045000	       703	80000f18	f6f40413	addi	x8,x8,-145	  x8:0x80008f10  x8=0x80008e7f
        7055000	       704	80000f1c	00008397	auipc	x7,0x8	  x7=0x80008f18
        7065000	       705	80000f20	d6338393	addi	x7,x7,-669	  x7:0x80008f18  x7=0x80008c7b
        7075000	       706	80000f24	00008e97	auipc	x29,0x8	 x29=0x80008f20
        7085000	       707	80000f28	d77e8e93	addi	x29,x29,-649	 x29:0x80008f20 x29=0x80008c97
        7095000	       708	80000f2c	00008a17	auipc	x20,0x8	 x20=0x80008f28
        7105000	       709	80000f30	f5ea0a13	addi	x20,x20,-162	 x20:0x80008f28 x20=0x80008e86
        7115000	       710	80000f34	00940523	sb	x9,10(x8)	  x8:0x80008e7f  x9:0x00000000 PA:0x80008e89
        7125000	       711	80000f38	fe43aca3	sw	x4,-7(x7)	  x7:0x80008c7b  x4:0x781fbddd PA:0x80008c74
        7135000	       712	80000f3c	0003c303	lbu	x6,0(x7)	  x7:0x80008c7b  x6=0x00000000 PA:0x80008c7b
        7145000	       713	80000f40	00f40b03	lb	x22,15(x8)	  x8:0x80008e7f x22=0x00000000 PA:0x80008e8e
        7155000	       714	80000f44	00008517	auipc	x10,0x8	 x10=0x80008f40
        7165000	       715	80000f48	efd50513	addi	x10,x10,-259	 x10:0x80008f40 x10=0x80008e3d
        7175000	       716	80000f4c	00b3cb03	lbu	x22,11(x7)	  x7:0x80008c7b x22=0x00000000 PA:0x80008c86
        7185000	       717	80000f50	171e8e23	sb	x17,380(x29)	 x29:0x80008c97 x17:0x800083f8 PA:0x80008e13
        7195000	       718	80000f54	1f8ec983	lbu	x19,504(x29)	 x29:0x80008c97 x19=0x00000000 PA:0x80008e8f
        7205000	       719	80000f58	00840823	sb	x8,16(x8)	  x8:0x80008e7f  x8:0x80008e7f PA:0x80008e8f
        7215000	       720	80000f5c	fdfe8723	sb	x31,-50(x29)	 x29:0x80008c97 x31:0x00000000 PA:0x80008c65
        7225000	       721	80000f60	00938803	lb	x16,9(x7)	  x7:0x80008c7b x16=0x00000000 PA:0x80008c84
        7235000	       722	80000f64	042e8f03	lb	x30,66(x29)	 x29:0x80008c97 x30=0x00000000 PA:0x80008cd9
        7245000	       723	80000f68	ec852fa3	sw	x8,-289(x10)	 x10:0x80008e3d  x8:0x80008e7f PA:0x80008d1c
        7255000	       724	80000f6c	e10a5d83	lhu	x27,-496(x20)	 x20:0x80008e86 x27=0x00000000 PA:0x80008c96
        7265000	       725	80000f70	a7454a83	lbu	x21,-1420(x10)	 x10:0x80008e3d x21=0x00000000 PA:0x800088b1
        7275000	       726	80000f74	ff241ba3	sh	x18,-9(x8)	  x8:0x80008e7f x18:0x00000001 PA:0x80008e76
        7285000	       727	80000f78	120a09a3	sb	x0,307(x20)	 x20:0x80008e86  x0:0x00000000 PA:0x80008fb9
        7295000	       728	80000f7c	00c3c103	lbu	x2,12(x7)	  x7:0x80008c7b  x2=0x00000000 PA:0x80008c87
        7305000	       729	80000f80	19fe8e23	sb	x31,412(x29)	 x29:0x80008c97 x31:0x00000000 PA:0x80008e33
        7315000	       730	80000f84	a6c518a3	sh	x12,-1423(x10)	 x10:0x80008e3d x12:0x80009f4c PA:0x800088ae
        7325000	       731	80000f88	e70a1483	lh	x9,-400(x20)	 x20:0x80008e86  x9=0x00000000 PA:0x80008cf6
        7335000	       732	80000f8c	d41eaf83	lw	x31,-703(x29)	 x29:0x80008c97 x31=0x00000000 PA:0x800089d8
        7345000	       733	80000f90	f0555883	lhu	x17,-251(x10)	 x10:0x80008e3d x17=0x00000000 PA:0x80008d42
        7355000	       734	80000f94	2a3e9303	lh	x6,675(x29)	 x29:0x80008c97  x6=0x00000000 PA:0x80008f3a
        7365000	       735	80000f98	adca4883	lbu	x17,-1316(x20)	 x20:0x80008e86 x17=0x00000000 PA:0x80008962
        7375000	       736	80000f9c	02150103	lb	x2,33(x10)	 x10:0x80008e3d  x2=0x00000000 PA:0x80008e5e
        7385000	       737	80000fa0	c26ea8a3	sw	x6,-975(x29)	 x29:0x80008c97  x6:0x00000000 PA:0x800088c8
        7395000	       738	80000fa4	00838c83	lb	x25,8(x7)	  x7:0x80008c7b x25=0x00000000 PA:0x80008c83
        7405000	       739	80000fa8	286ec003	lbu	x0,646(x29)	 x29:0x80008c97 PA:0x80008f1d
        7415000	       740	80000fac	00938903	lb	x18,9(x7)	  x7:0x80008c7b x18=0x00000000 PA:0x80008c84
        7425000	       741	80000fb0	a7b50e03	lb	x28,-1413(x10)	 x10:0x80008e3d x28=0x00000000 PA:0x800088b8
        7435000	       742	80000fb4	dc2a5b83	lhu	x23,-574(x20)	 x20:0x80008e86 x23=0x00000000 PA:0x80008c48
        7445000	       743	80000fb8	ff938c23	sb	x25,-8(x7)	  x7:0x80008c7b x25:0x00000000 PA:0x80008c73
        7455000	       744	80000fbc	e6a50203	lb	x4,-406(x10)	 x10:0x80008e3d  x4=0x00000000 PA:0x80008ca7
        7465000	       745	80000fc0	01e40723	sb	x30,14(x8)	  x8:0x80008e7f x30:0x00000000 PA:0x80008e8d
        7475000	       746	80000fc4	ee2a0903	lb	x18,-286(x20)	 x20:0x80008e86 x18=0x00000000 PA:0x80008d68
        7485000	       747	80000fc8	ffa3cd83	lbu	x27,-6(x7)	  x7:0x80008c7b x27=0x000000bd PA:0x80008c75
        7495000	       748	80000fcc	e9d51783	lh	x15,-355(x10)	 x10:0x80008e3d x15=0x00000000 PA:0x80008cda
        7505000	       749	80000fd0	03de8b03	lb	x22,61(x29)	 x29:0x80008c97 x22=0x00000000 PA:0x80008cd4
        7515000	       750	80000fd4	f2050c23	sb	x0,-200(x10)	 x10:0x80008e3d  x0:0x00000000 PA:0x80008d75
        7525000	       751	80000fd8	a4ea01a3	sb	x14,-1469(x20)	 x20:0x80008e86 x14:0xfffa0600 PA:0x800088c9
        7535000	       752	80000fdc	00007897	auipc	x17,0x7	 x17=0x80007fd8
        7545000	       753	80000fe0	7e288893	addi	x17,x17,2018	 x17:0x80007fd8 x17=0x800087ba
        7555000	       754	80000fe4	00007097	auipc	x1,0x7	  x1=0x80007fe0
        7565000	       755	80000fe8	1ce08093	addi	x1,x1,462	  x1:0x80007fe0  x1=0x800081ae
        7575000	       756	80000fec	0168c403	lbu	x8,22(x17)	 x17:0x800087ba  x8=0x00000000 PA:0x800087d0
        7585000	       757	80000ff0	01d08a03	lb	x20,29(x1)	  x1:0x800081ae x20=0x00000000 PA:0x800081cb
        7595000	       758	80000ff4	00309f23	sh	x3,30(x1)	  x1:0x800081ae  x3:0x00000000 PA:0x800081cc
        7605000	       759	80000ff8	02808583	lb	x11,40(x1)	  x1:0x800081ae x11=0x00000000 PA:0x800081d6
        7615000	       760	80000ffc	fc188303	lb	x6,-63(x17)	 x17:0x800087ba  x6=0x00000000 PA:0x8000877b
        7625000	       761	80001000	fe80cc83	lbu	x25,-24(x1)	  x1:0x800081ae x25=0x00000000 PA:0x80008196
        7635000	       762	80001004	03089503	lh	x10,48(x17)	 x17:0x800087ba x10=0x00000000 PA:0x800087ea
        7645000	       763	80001008	00d0c983	lbu	x19,13(x1)	  x1:0x800081ae x19=0x00000000 PA:0x800081bb
        7655000	       764	8000100c	00d88103	lb	x2,13(x17)	 x17:0x800087ba  x2=0x00000000 PA:0x800087c7
        7665000	       765	80001010	03088e83	lb	x29,48(x17)	 x17:0x800087ba x29=0x00000000 PA:0x800087ea
        7675000	       766	80001014	00c89e83	lh	x29,12(x17)	 x17:0x800087ba x29=0x00000000 PA:0x800087c6
        7685000	       767	80001018	01f88b03	lb	x22,31(x17)	 x17:0x800087ba x22=0x00000000 PA:0x800087d9
        7695000	       768	8000101c	0288a323	sw	x8,38(x17)	 x17:0x800087ba  x8:0x00000000 PA:0x800087e0
        7705000	       769	80001020	0230ca83	lbu	x21,35(x1)	  x1:0x800081ae x21=0x00000000 PA:0x800081d1
        7715000	       770	80001024	fc988583	lb	x11,-55(x17)	 x17:0x800087ba x11=0x00000000 PA:0x80008783
        7725000	       771	80001028	00007097	auipc	x1,0x7	  x1=0x80008024
        7735000	       772	8000102c	5a408093	addi	x1,x1,1444	  x1:0x80008024  x1=0x800085c8
        7745000	       773	80001030	00f09923	sh	x15,18(x1)	  x1:0x800085c8 x15:0x00000000 PA:0x800085da
        7755000	       774	80001034	01a08923	sb	x26,18(x1)	  x1:0x800085c8 x26:0x00000000 PA:0x800085da
        7765000	       775	80001038	01a09923	sh	x26,18(x1)	  x1:0x800085c8 x26:0x00000000 PA:0x800085da
        7775000	       776	8000103c	0120d183	lhu	x3,18(x1)	  x1:0x800085c8  x3=0x00000000 PA:0x800085da
        7785000	       777	80001040	00808923	sb	x8,18(x1)	  x1:0x800085c8  x8:0x00000000 PA:0x800085da
        7795000	       778	80001044	033082a3	sb	x19,37(x1)	  x1:0x800085c8 x19:0x00000000 PA:0x800085ed
        7805000	       779	80001048	fe80d783	lhu	x15,-24(x1)	  x1:0x800085c8 x15=0x00000000 PA:0x800085b0
        7815000	       780	8000104c	fe80a103	lw	x2,-24(x1)	  x1:0x800085c8  x2=0x00000000 PA:0x800085b0
        7825000	       781	80001050	ff70a423	sw	x23,-24(x1)	  x1:0x800085c8 x23:0x00000000 PA:0x800085b0
        7835000	       782	80001054	75aae393	ori	x7,x21,1882	 x21:0x00000000  x7=0x0000075a
        7845000	       783	80001058	ff709423	sh	x23,-24(x1)	  x1:0x800085c8 x23:0x00000000 PA:0x800085b0
        7855000	       784	8000105c	fe80a703	lw	x14,-24(x1)	  x1:0x800085c8 x14=0x00000000 PA:0x800085b0
        7865000	       785	80001060	03d0c703	lbu	x14,61(x1)	  x1:0x800085c8 x14=0x00000000 PA:0x80008605
        7875000	       786	80001064	03d0c383	lbu	x7,61(x1)	  x1:0x800085c8  x7=0x00000000 PA:0x80008605
        7885000	       787	00000000	00000013	addi	x0,x0,0	  x0:0x00000000
        7895000	       788	80001068	40795213	srai	x4,x18,0x7	 x18:0x00000000  x4=0x00000000
        7905000	       789	8000106c	021a9463	bne	x21,x1,80001094	 x21:0x00000000  x1:0x800085c8
        7915000	       790	00000000	00000013	addi	x0,x0,0	  x0:0x00000000
        7925000	       791	80001090	00000013	addi	x0,x0,0	  x0:0x00000000
        7935000	       792	80001094	01c19fb3	sll	x31,x3,x28	  x3:0x00000000 x28:0x00000000 x31=0x00000000
        7945000	       793	80001098	01d5e863	bltu	x11,x29,800010a8	 x11:0x00000000 x29:0x00000000
        7955000	       794	8000109c	01d45593	srli	x11,x8,0x1d	  x8:0x00000000 x11=0x00000000
        7965000	       795	800010a0	012be663	bltu	x23,x18,800010ac	 x23:0x00000000 x18:0x00000000
        7975000	       796	800010a4	40c00433	sub	x8,x0,x12	  x0:0x00000000 x12:0x80009f4c  x8=0x7fff60b4
        7985000	       797	800010a8	ec03ee37	lui	x28,0xec03e	 x28=0xec03e000
        7995000	       798	800010ac	01393a33	sltu	x20,x18,x19	 x18:0x00000000 x19:0x00000000 x20=0x00000000
        8005000	       799	800010b0	41505733	sra	x14,x0,x21	  x0:0x00000000 x21:0x00000000 x14=0x00000000
        8015000	       800	800010b4	05fcd063	bge	x25,x31,800010f4	 x25:0x00000000 x31:0x00000000
        8025000	       801	00000000	00000013	addi	x0,x0,0	  x0:0x00000000
        8035000	       802	800010f0	00000013	addi	x0,x0,0	  x0:0x00000000
        8045000	       803	800010f4	00451413	slli	x8,x10,0x4	 x10:0x00000000  x8=0x00000000
        8055000	       804	800010f8	52d1f037	lui	x0,0x52d1f	
        8065000	       805	800010fc	40790133	sub	x2,x18,x7	 x18:0x00000000  x7:0x00000000  x2=0x00000000
        8075000	       806	80001100	003e08b3	add	x17,x28,x3	 x28:0xec03e000  x3:0x00000000 x17=0xec03e000
        8085000	       807	80001104	0000d333	srl	x6,x1,x0	  x1:0x800085c8  x0:0x00000000  x6=0x800085c8
        8095000	       808	80001108	01e8d813	srli	x16,x17,0x1e	 x17:0xec03e000 x16=0x00000003
        8105000	       809	8000110c	a2bc0f93	addi	x31,x24,-1493	 x24:0x80009fc4 x31=0x800099ef
        8115000	       810	80001110	419b07b3	sub	x15,x22,x25	 x22:0x00000000 x25:0x00000000 x15=0x00000000
        8125000	       811	80001114	41f55d33	sra	x26,x10,x31	 x10:0x00000000 x31:0x800099ef x26=0x00000000
        8135000	       812	80001118	0176d593	srli	x11,x13,0x17	 x13:0x0f703179 x11=0x0000001e
        8145000	       813	8000111c	99d5cc93	xori	x25,x11,-1635	 x11:0x0000001e x25=0xfffff983
        8155000	       814	80001120	0131d1b3	srl	x3,x3,x19	  x3:0x00000000 x19:0x00000000  x3=0x00000000
        8165000	       815	80001124	00975593	srli	x11,x14,0x9	 x14:0x00000000 x11=0x00000000
        8175000	       816	80001128	014f5ab3	srl	x21,x30,x20	 x30:0x00000000 x20:0x00000000 x21=0x00000000
        8185000	       817	8000112c	02738e63	beq	x7,x7,80001168	  x7:0x00000000  x7:0x00000000
        8195000	       818	00000000	00000013	addi	x0,x0,0	  x0:0x00000000
        8205000	       819	80001164	00000013	addi	x0,x0,0	  x0:0x00000000
        8215000	       820	80001168	01021e63	bne	x4,x16,80001184	  x4:0x00000000 x16:0x00000003
        8225000	       821	00000000	00000013	addi	x0,x0,0	  x0:0x00000000
        8235000	       822	80001180	00000013	addi	x0,x0,0	  x0:0x00000000
        8245000	       823	80001184	789a6517	auipc	x10,0x789a6	 x10=0xf89a7180
        8255000	       824	80001188	017b5c63	bge	x22,x23,800011a0	 x22:0x00000000 x23:0x00000000
        8265000	       825	00000000	00000013	addi	x0,x0,0	  x0:0x00000000
        8275000	       826	8000119c	00000013	addi	x0,x0,0	  x0:0x00000000
        8285000	       827	800011a0	3b407413	andi	x8,x0,948	  x0:0x00000000  x8=0x00000000
        8295000	       828	800011a4	0127d1b3	srl	x3,x15,x18	 x15:0x00000000 x18:0x00000000  x3=0x00000000
        8305000	       829	800011a8	b61d0993	addi	x19,x26,-1183	 x26:0x00000000 x19=0xfffffb61
        8315000	       830	800011ac	0560d063	bge	x1,x22,800011ec	  x1:0x800085c8 x22:0x00000000
        8325000	       831	800011b0	0164d463	bge	x9,x22,800011b8	  x9:0x00000000 x22:0x00000000
        8335000	       832	00000000	00000013	addi	x0,x0,0	  x0:0x00000000
        8345000	       833	800011b4	00000013	addi	x0,x0,0	  x0:0x00000000
        8355000	       834	800011b8	33b0c9b7	lui	x19,0x33b0c	 x19=0x33b0c000
        8365000	       835	800011bc	0191d793	srli	x15,x3,0x19	  x3:0x00000000 x15=0x00000000
        8375000	       836	800011c0	00523033	sltu	x0,x4,x5	  x4:0x00000000  x5:0x1dc00000
        8385000	       837	800011c4	00e05593	srli	x11,x0,0xe	  x0:0x00000000 x11=0x00000000
        8395000	       838	800011c8	00000013	addi	x0,x0,0	  x0:0x00000000
        8405000	       839	800011cc	054b8863	beq	x23,x20,8000121c	 x23:0x00000000 x20:0x00000000
        8415000	       840	00000000	00000013	addi	x0,x0,0	  x0:0x00000000
        8425000	       841	80001218	00000013	addi	x0,x0,0	  x0:0x00000000
        8435000	       842	8000121c	41b35e33	sra	x28,x6,x27	  x6:0x800085c8 x27:0x000000bd x28=0xfffffffc
        8445000	       843	80001220	00c68413	addi	x8,x13,12	 x13:0x0f703179  x8=0x0f703185
        8455000	       844	80001224	0074de63	bge	x9,x7,80001240	  x9:0x00000000  x7:0x00000000
        8465000	       845	00000000	00000013	addi	x0,x0,0	  x0:0x00000000
        8475000	       846	8000123c	00000013	addi	x0,x0,0	  x0:0x00000000
        8485000	       847	80001240	00961b13	slli	x22,x12,0x9	 x12:0x80009f4c x22=0x013e9800
        8495000	       848	80001244	83e8f193	andi	x3,x17,-1986	 x17:0xec03e000  x3=0xec03e000
        8505000	       849	80001248	04761863	bne	x12,x7,80001298	 x12:0x80009f4c  x7:0x00000000
        8515000	       850	00000000	00000013	addi	x0,x0,0	  x0:0x00000000
        8525000	       851	80001294	00000013	addi	x0,x0,0	  x0:0x00000000
        8535000	       852	80001298	3cfa8d13	addi	x26,x21,975	 x21:0x00000000 x26=0x000003cf
        8545000	       853	8000129c	00d48663	beq	x9,x13,800012a8	  x9:0x00000000 x13:0x0f703179
        8555000	       854	800012a0	00459e13	slli	x28,x11,0x4	 x11:0x00000000 x28=0x00000000
        8565000	       855	800012a4	95eced93	ori	x27,x25,-1698	 x25:0xfffff983 x27=0xfffff9df
        8575000	       856	800012a8	00096f33	or	x30,x18,x0	 x18:0x00000000  x0:0x00000000 x30=0x00000000
        8585000	       857	800012ac	01c07463	bgeu	x0,x28,800012b4	  x0:0x00000000 x28:0x00000000
        8595000	       858	00000000	00000013	addi	x0,x0,0	  x0:0x00000000
        8605000	       859	800012b0	00000013	addi	x0,x0,0	  x0:0x00000000
        8615000	       860	800012b4	41b30833	sub	x16,x6,x27	  x6:0x800085c8 x27:0xfffff9df x16=0x80008be9
        8625000	       861	800012b8	014ede13	srli	x28,x29,0x14	 x29:0x00000000 x28=0x00000000
        8635000	       862	800012bc	41575a33	sra	x20,x14,x21	 x14:0x00000000 x21:0x00000000 x20=0x00000000
        8645000	       863	800012c0	00f8d5b3	srl	x11,x17,x15	 x17:0xec03e000 x15:0x00000000 x11=0xec03e000
        8655000	       864	800012c4	0846fe13	andi	x28,x13,132	 x13:0x0f703179 x28=0x00000000
        8665000	       865	800012c8	bb73ab93	slti	x23,x7,-1097	  x7:0x00000000 x23=0x00000000
        8675000	       866	800012cc	7344c393	xori	x7,x9,1844	  x9:0x00000000  x7=0x00000734
        8685000	       867	800012d0	05ef8063	beq	x31,x30,80001310	 x31:0x800099ef x30:0x00000000
        8695000	       868	800012d4	03e3c263	blt	x7,x30,800012f8	  x7:0x00000734 x30:0x00000000
        8705000	       869	800012d8	a4d5ff13	andi	x30,x11,-1459	 x11:0xec03e000 x30=0xec03e000
        8715000	       870	800012dc	02a00c63	beq	x0,x10,80001314	  x0:0x00000000 x10:0xf89a7180
        8725000	       871	800012e0	00fa9db3	sll	x27,x21,x15	 x21:0x00000000 x15:0x00000000 x27=0x00000000
        8735000	       872	800012e4	0545f263	bgeu	x11,x20,80001328	 x11:0xec03e000 x20:0x00000000
        8745000	       873	00000000	00000013	addi	x0,x0,0	  x0:0x00000000
        8755000	       874	80001324	00000013	addi	x0,x0,0	  x0:0x00000000
        8765000	       875	80001328	01a8e3b3	or	x7,x17,x26	 x17:0xec03e000 x26:0x000003cf  x7=0xec03e3cf
        8775000	       876	8000132c	00971113	slli	x2,x14,0x9	 x14:0x00000000  x2=0x00000000
        8785000	       877	80001330	00251cb3	sll	x25,x10,x2	 x10:0xf89a7180  x2:0x00000000 x25=0xf89a7180
        8795000	       878	80001334	07403013	sltiu	x0,x0,116	  x0:0x00000000
        8805000	       879	80001338	01fe5013	srli	x0,x28,0x1f	 x28:0x00000000
        8815000	       880	8000133c	1d098237	lui	x4,0x1d098	  x4=0x1d098000
        8825000	       881	80001340	006f05b3	add	x11,x30,x6	 x30:0xec03e000  x6:0x800085c8 x11=0x6c0465c8
        8835000	       882	80001344	02ef4c93	xori	x25,x30,46	 x30:0xec03e000 x25=0xec03e02e
        8845000	       883	80001348	05ecf263	bgeu	x25,x30,8000138c	 x25:0xec03e02e x30:0xec03e000
        8855000	       884	00000000	00000013	addi	x0,x0,0	  x0:0x00000000
        8865000	       885	80001388	00000013	addi	x0,x0,0	  x0:0x00000000
        8875000	       886	8000138c	bd0865b7	lui	x11,0xbd086	 x11=0xbd086000
        8885000	       887	80001390	00d8b533	sltu	x10,x17,x13	 x17:0xec03e000 x13:0x0f703179 x10=0x00000000
        8895000	       888	80001394	01f4b8b3	sltu	x17,x9,x31	  x9:0x00000000 x31:0x800099ef x17=0x00000001
        8905000	       889	80001398	00639463	bne	x7,x6,800013a0	  x7:0xec03e3cf  x6:0x800085c8
        8915000	       890	00000000	00000013	addi	x0,x0,0	  x0:0x00000000
        8925000	       891	8000139c	00000013	addi	x0,x0,0	  x0:0x00000000
        8935000	       892	800013a0	00b95013	srli	x0,x18,0xb	 x18:0x00000000
        8945000	       893	800013a4	005be7b3	or	x15,x23,x5	 x23:0x00000000  x5:0x1dc00000 x15=0x1dc00000
        8955000	       894	800013a8	00ea04b3	add	x9,x20,x14	 x20:0x00000000 x14:0x00000000  x9=0x00000000
        8965000	       895	800013ac	008c7d33	and	x26,x24,x8	 x24:0x80009fc4  x8:0x0f703185 x26=0x00001184
        8975000	       896	800013b0	01783333	sltu	x6,x16,x23	 x16:0x80008be9 x23:0x00000000  x6=0x00000000
        8985000	       897	800013b4	6f3f3993	sltiu	x19,x30,1779	 x30:0xec03e000 x19=0x00000000
        8995000	       898	800013b8	00cc3d33	sltu	x26,x24,x12	 x24:0x80009fc4 x12:0x80009f4c x26=0x00000000
        9005000	       899	800013bc	03370463	beq	x14,x19,800013e4	 x14:0x00000000 x19:0x00000000
        9015000	       900	00000000	00000013	addi	x0,x0,0	  x0:0x00000000
        9025000	       901	800013e0	00000013	addi	x0,x0,0	  x0:0x00000000
        9035000	       902	800013e4	da48cd13	xori	x26,x17,-604	 x17:0x00000001 x26=0xfffffda5
        9045000	       903	800013e8	00d40e63	beq	x8,x13,80001404	  x8:0x0f703185 x13:0x0f703179
        9055000	       904	800013ec	00d8cd33	xor	x26,x17,x13	 x17:0x00000001 x13:0x0f703179 x26=0x0f703178
        9065000	       905	800013f0	fbd87213	andi	x4,x16,-67	 x16:0x80008be9  x4=0x80008ba9
        9075000	       906	800013f4	41c25113	srai	x2,x4,0x1c	  x4:0x80008ba9  x2=0xfffffff8
        9085000	       907	800013f8	41bedf13	srai	x30,x29,0x1b	 x29:0x00000000 x30=0x00000000
        9095000	       908	800013fc	00f81993	slli	x19,x16,0xf	 x16:0x80008be9 x19=0x45f48000
        9105000	       909	80001400	0172fc63	bgeu	x5,x23,80001418	  x5:0x1dc00000 x23:0x00000000
        9115000	       910	00000000	00000013	addi	x0,x0,0	  x0:0x00000000
        9125000	       911	80001414	00000013	addi	x0,x0,0	  x0:0x00000000
        9135000	       912	80001418	05276663	bltu	x14,x18,80001464	 x14:0x00000000 x18:0x00000000
        9145000	       913	8000141c	595b4193	xori	x3,x22,1429	 x22:0x013e9800  x3=0x013e9d95
        9155000	       914	80001420	019d1493	slli	x9,x26,0x19	 x26:0x0f703178  x9=0xf0000000
        9165000	       915	80001424	00cdce63	blt	x27,x12,80001440	 x27:0x00000000 x12:0x80009f4c
        9175000	       916	80001428	014e6a63	bltu	x28,x20,8000143c	 x28:0x00000000 x20:0x00000000
        9185000	       917	8000142c	64102f93	slti	x31,x0,1601	  x0:0x00000000 x31=0x00000001
        9195000	       918	80001430	00645db3	srl	x27,x8,x6	  x8:0x0f703185  x6:0x00000000 x27=0x0f703185
        9205000	       919	80001434	01c9c033	xor	x0,x19,x28	 x19:0x45f48000 x28:0x00000000
        9215000	       920	80001438	0e51f593	andi	x11,x3,229	  x3:0x013e9d95 x11=0x00000085
        9225000	       921	8000143c	00944fb3	xor	x31,x8,x9	  x8:0x0f703185  x9:0xf0000000 x31=0xff703185
        9235000	       922	80001440	001794b3	sll	x9,x15,x1	 x15:0x1dc00000  x1:0x800085c8  x9=0xc0000000
        9245000	       923	80001444	502bf593	andi	x11,x23,1282	 x23:0x00000000 x11=0x00000000
        9255000	       924	80001448	02934463	blt	x6,x9,80001470	  x6:0x00000000  x9:0xc0000000
        9265000	       925	8000144c	01ecdb33	srl	x22,x25,x30	 x25:0xec03e02e x30:0x00000000 x22=0xec03e02e
        9275000	       926	80001450	6d192897	auipc	x17,0x6d192	 x17=0xed19344c
        9285000	       927	80001454	4166deb3	sra	x29,x13,x22	 x13:0x0f703179 x22:0xec03e02e x29=0x00003dc0
        9295000	       928	80001458	58c6e313	ori	x6,x13,1420	 x13:0x0f703179  x6=0x0f7035fd
        9305000	       929	8000145c	02948863	beq	x9,x9,8000148c	  x9:0xc0000000  x9:0xc0000000
        9315000	       930	00000000	00000013	addi	x0,x0,0	  x0:0x00000000
        9325000	       931	80001488	00000013	addi	x0,x0,0	  x0:0x00000000
        9335000	       932	8000148c	40fadf33	sra	x30,x21,x15	 x21:0x00000000 x15:0x1dc00000 x30=0x00000000
        9345000	       933	80001490	024a7263	bgeu	x20,x4,800014b4	 x20:0x00000000  x4:0x80008ba9
        9355000	       934	80001494	00fb8eb3	add	x29,x23,x15	 x23:0x00000000 x15:0x1dc00000 x29=0x1dc00000
        9365000	       935	80001498	00c9d5b3	srl	x11,x19,x12	 x19:0x45f48000 x12:0x80009f4c x11=0x00045f48
        9375000	       936	8000149c	03d38863	beq	x7,x29,800014cc	  x7:0xec03e3cf x29:0x1dc00000
        9385000	       937	800014a0	005b5d13	srli	x26,x22,0x5	 x22:0xec03e02e x26=0x07601f01
        9395000	       938	800014a4	a0b0b513	sltiu	x10,x1,-1525	  x1:0x800085c8 x10=0x00000001
        9405000	       939	800014a8	00931e63	bne	x6,x9,800014c4	  x6:0x0f7035fd  x9:0xc0000000
        9415000	       940	00000000	00000013	addi	x0,x0,0	  x0:0x00000000
        9425000	       941	800014c0	00000013	addi	x0,x0,0	  x0:0x00000000
        9435000	       942	800014c4	04eb7263	bgeu	x22,x14,80001508	 x22:0xec03e02e x14:0x00000000
        9445000	       943	00000000	00000013	addi	x0,x0,0	  x0:0x00000000
        9455000	       944	80001504	00000013	addi	x0,x0,0	  x0:0x00000000
        9465000	       945	80001508	00ab02b3	add	x5,x22,x10	 x22:0xec03e02e x10:0x00000001  x5=0xec03e02f
        9475000	       946	8000150c	0009de13	srli	x28,x19,0x0	 x19:0x45f48000 x28=0x45f48000
        9485000	       947	80001510	80dc0893	addi	x17,x24,-2035	 x24:0x80009fc4 x17=0x800097d1
        9495000	       948	80001514	00502733	slt	x14,x0,x5	  x0:0x00000000  x5:0xec03e02f x14=0x00000000
        9505000	       949	80001518	00d19933	sll	x18,x3,x13	  x3:0x013e9d95 x13:0x0f703179 x18=0x2a000000
        9515000	       950	8000151c	00869c93	slli	x25,x13,0x8	 x13:0x0f703179 x25=0x70317900
        9525000	       951	80001520	00e26eb3	or	x29,x4,x14	  x4:0x80008ba9 x14:0x00000000 x29=0x80008ba9
        9535000	       952	80001524	ef2c3c93	sltiu	x25,x24,-270	 x24:0x80009fc4 x25=0x00000001
        9545000	       953	80001528	0188b133	sltu	x2,x17,x24	 x17:0x800097d1 x24:0x80009fc4  x2=0x00000001
        9555000	       954	8000152c	c15fae93	slti	x29,x31,-1003	 x31:0xff703185 x29=0x00000001
        9565000	       955	80001530	05888463	beq	x17,x24,80001578	 x17:0x800097d1 x24:0x80009fc4
        9575000	       956	80001534	03215463	bge	x2,x18,8000155c	  x2:0x00000001 x18:0x2a000000
        9585000	       957	80001538	872fb193	sltiu	x3,x31,-1934	 x31:0xff703185  x3=0x00000001
        9595000	       958	8000153c	9a033593	sltiu	x11,x6,-1632	  x6:0x0f7035fd x11=0x00000001
        9605000	       959	80001540	0134e0b3	or	x1,x9,x19	  x9:0xc0000000 x19:0x45f48000  x1=0xc5f48000
        9615000	       960	80001544	05510263	beq	x2,x21,80001588	  x2:0x00000001 x21:0x00000000
        9625000	       961	80001548	0048d7b3	srl	x15,x17,x4	 x17:0x800097d1  x4:0x80008ba9 x15=0x0040004b
        9635000	       962	8000154c	00cec0b3	xor	x1,x29,x12	 x29:0x00000001 x12:0x80009f4c  x1=0x80009f4d
        9645000	       963	80001550	004c8533	add	x10,x25,x4	 x25:0x00000001  x4:0x80008ba9 x10=0x80008baa
        9655000	       964	80001554	acddc213	xori	x4,x27,-1331	 x27:0x0f703185  x4=0xf08fcb48
        9665000	       965	80001558	009b4bb3	xor	x23,x22,x9	 x22:0xec03e02e  x9:0xc0000000 x23=0x2c03e02e
        9675000	       966	8000155c	40ca84b3	sub	x9,x21,x12	 x21:0x00000000 x12:0x80009f4c  x9=0x7fff60b4
        9685000	       967	80001560	71943817	auipc	x16,0x71943	 x16=0xf194455c
        9695000	       968	80001564	00709113	slli	x2,x1,0x7	  x1:0x80009f4d  x2=0x004fa680
        9705000	       969	80001568	3f51fc93	andi	x25,x3,1013	  x3:0x00000001 x25=0x00000001
        9715000	       970	8000156c	01325413	srli	x8,x4,0x13	  x4:0xf08fcb48  x8=0x00001e11
        9725000	       971	80001570	66aa6b93	ori	x23,x20,1642	 x20:0x00000000 x23=0x0000066a
        9735000	       972	80001574	2813ceb7	lui	x29,0x2813c	 x29=0x2813c000
        9745000	       973	80001578	01f57e63	bgeu	x10,x31,80001594	 x10:0x80008baa x31:0xff703185
        9755000	       974	8000157c	416754b3	sra	x9,x14,x22	 x14:0x00000000 x22:0xec03e02e  x9=0x00000000
        9765000	       975	80001580	01ea5e33	srl	x28,x20,x30	 x20:0x00000000 x30:0x00000000 x28=0x00000000
        9775000	       976	80001584	0f11a393	slti	x7,x3,241	  x3:0x00000001  x7=0x00000001
        9785000	       977	80001588	00f3d413	srli	x8,x7,0xf	  x7:0x00000001  x8=0x00000000
        9795000	       978	8000158c	41568233	sub	x4,x13,x21	 x13:0x0f703179 x21:0x00000000  x4=0x0f703179
        9805000	       979	80001590	0112fb33	and	x22,x5,x17	  x5:0xec03e02f x17:0x800097d1 x22=0x80008001
        9815000	       980	80001594	7a037b13	andi	x22,x6,1952	  x6:0x0f7035fd x22=0x000005a0
        9825000	       981	80001598	01fc8133	add	x2,x25,x31	 x25:0x00000001 x31:0xff703185  x2=0xff703186
        9835000	       982	8000159c	01001293	slli	x5,x0,0x10	  x0:0x00000000  x5=0x00000000
        9845000	       983	800015a0	05954263	blt	x10,x25,800015e4	 x10:0x80008baa x25:0x00000001
        9855000	       984	00000000	00000013	addi	x0,x0,0	  x0:0x00000000
        9865000	       985	800015e0	00000013	addi	x0,x0,0	  x0:0x00000000
        9875000	       986	800015e4	04315863	bge	x2,x3,80001634	  x2:0xff703186  x3:0x00000001
        9885000	       987	800015e8	5f7c4393	xori	x7,x24,1527	 x24:0x80009fc4  x7=0x80009a33
        9895000	       988	800015ec	00000013	addi	x0,x0,0	  x0:0x00000000
        9905000	       989	800015f0	055e9063	bne	x29,x21,80001630	 x29:0x2813c000 x21:0x00000000
        9915000	       990	00000000	00000013	addi	x0,x0,0	  x0:0x00000000
        9925000	       991	8000162c	00000013	addi	x0,x0,0	  x0:0x00000000
        9935000	       992	80001630	02950063	beq	x10,x9,80001650	 x10:0x80008baa  x9:0x00000000
        9945000	       993	80001634	40beff13	andi	x30,x29,1035	 x29:0x2813c000 x30=0x00000000
        9955000	       994	80001638	d603cb13	xori	x22,x7,-672	  x7:0x80009a33 x22=0x7fff6753
        9965000	       995	8000163c	05210663	beq	x2,x18,80001688	  x2:0xff703186 x18:0x2a000000
        9975000	       996	80001640	02e79c63	bne	x15,x14,80001678	 x15:0x0040004b x14:0x00000000
        9985000	       997	00000000	00000013	addi	x0,x0,0	  x0:0x00000000
        9995000	       998	80001674	00000013	addi	x0,x0,0	  x0:0x00000000
       10005000	       999	80001678	405452b3	sra	x5,x8,x5	  x8:0x00000000  x5:0x00000000  x5=0x00000000
       10015000	      1000	8000167c	c46ecd13	xori	x26,x29,-954	 x29:0x2813c000 x26=0xd7ec3c46
       10025000	      1001	80001680	00269bb3	sll	x23,x13,x2	 x13:0x0f703179  x2:0xff703186 x23=0xdc0c5e40
       10035000	      1002	80001684	00d62233	slt	x4,x12,x13	 x12:0x80009f4c x13:0x0f703179  x4=0x00000001
       10045000	      1003	80001688	7e33c913	xori	x18,x7,2019	  x7:0x80009a33 x18=0x80009dd0
       10055000	      1004	8000168c	03af7463	bgeu	x30,x26,800016b4	 x30:0x00000000 x26:0xd7ec3c46
       10065000	      1005	80001690	05955063	bge	x10,x25,800016d0	 x10:0x80008baa x25:0x00000001
       10075000	      1006	80001694	005aef97	auipc	x31,0x5ae	 x31=0x805af690
       10085000	      1007	80001698	00751a93	slli	x21,x10,0x7	 x10:0x80008baa x21=0x0045d500
       10095000	      1008	8000169c	856d2d13	slti	x26,x26,-1962	 x26:0xd7ec3c46 x26=0x00000001
       10105000	      1009	800016a0	bc05ae93	slti	x29,x11,-1088	 x11:0x00000001 x29=0x00000000
       10115000	      1010	800016a4	40cb0133	sub	x2,x22,x12	 x22:0x7fff6753 x12:0x80009f4c  x2=0xfffec807
       10125000	      1011	800016a8	0129e263	bltu	x19,x18,800016ac	 x19:0x45f48000 x18:0x80009dd0
       10135000	      1012	00000000	00000013	addi	x0,x0,0	  x0:0x00000000
       10145000	      1013	800016a8	00000013	addi	x0,x0,0	  x0:0x00000000
       10155000	      1014	800016ac	321ca893	slti	x17,x25,801	 x25:0x00000001 x17=0x00000001
       10165000	      1015	800016b0	00e29833	sll	x16,x5,x14	  x5:0x00000000 x14:0x00000000 x16=0x00000000
       10175000	      1016	800016b4	f036be93	sltiu	x29,x13,-253	 x13:0x0f703179 x29=0x00000001
       10185000	      1017	800016b8	04610263	beq	x2,x6,800016fc	  x2:0xfffec807  x6:0x0f7035fd
       10195000	      1018	800016bc	af8ca713	slti	x14,x25,-1288	 x25:0x00000001 x14=0x00000000
       10205000	      1019	800016c0	03cbd063	bge	x23,x28,800016e0	 x23:0xdc0c5e40 x28:0x00000000
       10215000	      1020	800016c4	00165313	srli	x6,x12,0x1	 x12:0x80009f4c  x6=0x40004fa6
       10225000	      1021	800016c8	002d1cb3	sll	x25,x26,x2	 x26:0x00000001  x2:0xfffec807 x25=0x00000080
       10235000	      1022	800016cc	41050eb3	sub	x29,x10,x16	 x10:0x80008baa x16:0x00000000 x29=0x80008baa
       10245000	      1023	800016d0	00b50a33	add	x20,x10,x11	 x10:0x80008baa x11:0x00000001 x20=0x80008bab
       10255000	      1024	800016d4	00a1bcb3	sltu	x25,x3,x10	  x3:0x00000001 x10:0x80008baa x25=0x00000001
       10265000	      1025	800016d8	00de14b3	sll	x9,x28,x13	 x28:0x00000000 x13:0x0f703179  x9=0x00000000
       10275000	      1026	800016dc	0f119463	bne	x3,x17,800017c4	  x3:0x00000001 x17:0x00000001
       10285000	      1027	800016e0	a981af93	slti	x31,x3,-1384	  x3:0x00000001 x31=0x00000000
       10295000	      1028	800016e4	00000013	addi	x0,x0,0	  x0:0x00000000
       10305000	      1029	800016e8	cbc6cd13	xori	x26,x13,-836	 x13:0x0f703179 x26=0xf08fcdc5
       10315000	      1030	800016ec	019653b3	srl	x7,x12,x25	 x12:0x80009f4c x25:0x00000001  x7=0x40004fa6
       10325000	      1031	800016f0	304bb793	sltiu	x15,x23,772	 x23:0xdc0c5e40 x15=0x00000000
       10335000	      1032	800016f4	008f21b3	slt	x3,x30,x8	 x30:0x00000000  x8:0x00000000  x3=0x00000000
       10345000	      1033	800016f8	00000013	addi	x0,x0,0	  x0:0x00000000
       10355000	      1034	800016fc	45a61d37	lui	x26,0x45a61	 x26=0x45a61000
       10365000	      1035	80001700	b8e9fb93	andi	x23,x19,-1138	 x19:0x45f48000 x23=0x45f48000
       10375000	      1036	80001704	00007117	auipc	x2,0x7	  x2=0x80008700
       10385000	      1037	80001708	b9d10113	addi	x2,x2,-1123	  x2:0x80008700  x2=0x8000829d
       10395000	      1038	8000170c	0026c333	xor	x6,x13,x2	 x13:0x0f703179  x2:0x8000829d  x6=0x8f70b3e4
       10405000	      1039	80001710	0193a7b3	slt	x15,x7,x25	  x7:0x40004fa6 x25:0x00000001 x15=0x00000000
       10415000	      1040	80001714	4de9fa17	auipc	x20,0x4de9f	 x20=0xcdea0710
       10425000	      1041	80001718	51a32193	slti	x3,x6,1306	  x6:0x8f70b3e4  x3=0x00000001
       10435000	      1042	8000171c	072102a3	sb	x18,101(x2)	  x2:0x8000829d x18:0x80009dd0 PA:0x80008302
       10445000	      1043	80001720	ab14b713	sltiu	x14,x9,-1359	  x9:0x00000000 x14=0x00000001
       10455000	      1044	80001724	00ce91b3	sll	x3,x29,x12	 x29:0x80008baa x12:0x80009f4c  x3=0x08baa000
       10465000	      1045	80001728	0033d733	srl	x14,x7,x3	  x7:0x40004fa6  x3:0x08baa000 x14=0x40004fa6
       10475000	      1046	8000172c	f6614a83	lbu	x21,-154(x2)	  x2:0x8000829d x21=0x00000000 PA:0x80008203
       10485000	      1047	80001730	f9b15583	lhu	x11,-101(x2)	  x2:0x8000829d x11=0x00000000 PA:0x80008238
       10495000	      1048	80001734	002ff0b3	and	x1,x31,x2	 x31:0x00000000  x2:0x8000829d  x1=0x00000000
       10505000	      1049	80001738	00724d33	xor	x26,x4,x7	  x4:0x00000001  x7:0x40004fa6 x26=0x40004fa7
       10515000	      1050	8000173c	01abdf93	srli	x31,x23,0x1a	 x23:0x45f48000 x31=0x00000011
       10525000	      1051	80001740	cb4bc393	xori	x7,x23,-844	 x23:0x45f48000  x7=0xba0b7cb4
       10535000	      1052	80001744	f9d15f03	lhu	x30,-99(x2)	  x2:0x8000829d x30=0x00000000 PA:0x8000823a
       10545000	      1053	80001748	d87af037	lui	x0,0xd87af	
       10555000	      1054	8000174c	01e10503	lb	x10,30(x2)	  x2:0x8000829d x10=0x00000000 PA:0x800082bb
       10565000	      1055	80001750	01f93db3	sltu	x27,x18,x31	 x18:0x80009dd0 x31:0x00000011 x27=0x00000000
       10575000	      1056	80001754	1f3fe793	ori	x15,x31,499	 x31:0x00000011 x15=0x000001f3
       10585000	      1057	80001758	5cfeaf13	slti	x30,x29,1487	 x29:0x80008baa x30=0x00000001
       10595000	      1058	8000175c	00d868b3	or	x17,x16,x13	 x16:0x00000000 x13:0x0f703179 x17=0x0f703179
       10605000	      1059	80001760	00b4ee33	or	x28,x9,x11	  x9:0x00000000 x11:0x00000000 x28=0x00000000
       10615000	      1060	80001764	d4d81fb7	lui	x31,0xd4d81	 x31=0xd4d81000
       10625000	      1061	80001768	b690ed93	ori	x27,x1,-1175	  x1:0x00000000 x27=0xfffffb69
       10635000	      1062	8000176c	0bc11ba3	sh	x28,183(x2)	  x2:0x8000829d x28:0x00000000 PA:0x80008354
       10645000	      1063	80001770	118cf813	andi	x16,x25,280	 x25:0x00000001 x16=0x00000000
       10655000	      1064	80001774	fa48a213	slti	x4,x17,-92	 x17:0x0f703179  x4=0x00000000
       10665000	      1065	80001778	010f4f33	xor	x30,x30,x16	 x30:0x00000001 x16:0x00000000 x30=0x00000001
       10675000	      1066	8000177c	07915783	lhu	x15,121(x2)	  x2:0x8000829d x15=0x00000000 PA:0x80008316
       10685000	      1067	80001780	01ffbbb3	sltu	x23,x31,x31	 x31:0xd4d81000 x31:0xd4d81000 x23=0x00000000
       10695000	      1068	80001784	0056bab3	sltu	x21,x13,x5	 x13:0x0f703179  x5:0x00000000 x21=0x00000000
       10705000	      1069	80001788	404d87b3	sub	x15,x27,x4	 x27:0xfffffb69  x4:0x00000000 x15=0xfffffb69
       10715000	      1070	8000178c	000a3fb3	sltu	x31,x20,x0	 x20:0xcdea0710  x0:0x00000000 x31=0x00000000
       10725000	      1071	80001790	0ca114a3	sh	x10,201(x2)	  x2:0x8000829d x10:0x00000000 PA:0x80008366
       10735000	      1072	80001794	00f21b33	sll	x22,x4,x15	  x4:0x00000000 x15:0xfffffb69 x22=0x00000000
       10745000	      1073	80001798	01da0233	add	x4,x20,x29	 x20:0xcdea0710 x29:0x80008baa  x4=0x4dea92ba
       10755000	      1074	8000179c	f1110883	lb	x17,-239(x2)	  x2:0x8000829d x17=0x00000000 PA:0x800081ae
       10765000	      1075	800017a0	f4414403	lbu	x8,-188(x2)	  x2:0x8000829d  x8=0x00000000 PA:0x800081e1
       10775000	      1076	800017a4	012d4933	xor	x18,x26,x18	 x26:0x40004fa7 x18:0x80009dd0 x18=0xc000d277
       10785000	      1077	800017a8	01711ba3	sh	x23,23(x2)	  x2:0x8000829d x23:0x00000000 PA:0x800082b4
       10795000	      1078	800017ac	03b98263	beq	x19,x27,800017d0	 x19:0x45f48000 x27:0xfffffb69
       10805000	      1079	800017b0	2bc00593	addi	x11,x0,700	  x0:0x00000000 x11=0x000002bc
       10815000	      1080	800017b4	22301837	lui	x16,0x22301	 x16=0x22301000
       10825000	      1081	800017b8	5593aa13	slti	x20,x7,1369	  x7:0xba0b7cb4 x20=0x00000001
       10835000	      1082	800017bc	005679b3	and	x19,x12,x5	 x12:0x80009f4c  x5:0x00000000 x19=0x00000000
       10845000	      1083	800017c0	00a57333	and	x6,x10,x10	 x10:0x00000000 x10:0x00000000  x6=0x00000000
       10855000	      1084	800017c4	362efc93	andi	x25,x29,866	 x29:0x80008baa x25=0x00000322
       10865000	      1085	800017c8	015b5113	srli	x2,x22,0x15	 x22:0x00000000  x2=0x00000000
       10875000	      1086	800017cc	057cf863	bgeu	x25,x23,8000181c	 x25:0x00000322 x23:0x00000000
       10885000	      1087	00000000	00000013	addi	x0,x0,0	  x0:0x00000000
       10895000	      1088	80001818	00000013	addi	x0,x0,0	  x0:0x00000000
       10905000	      1089	8000181c	a3f578b7	lui	x17,0xa3f57	 x17=0xa3f57000
       10915000	      1090	80001820	0037d133	srl	x2,x15,x3	 x15:0xfffffb69  x3:0x08baa000  x2=0xfffffb69
       10925000	      1091	80001824	023ade63	bge	x21,x3,80001860	 x21:0x00000000  x3:0x08baa000
       10935000	      1092	80001828	41b7dfb3	sra	x31,x15,x27	 x15:0xfffffb69 x27:0xfffffb69 x31=0xfffffffd
       10945000	      1093	8000182c	40d28fb3	sub	x31,x5,x13	  x5:0x00000000 x13:0x0f703179 x31=0xf08fce87
       10955000	      1094	80001830	df370d93	addi	x27,x14,-525	 x14:0x40004fa6 x27=0x40004d99
       10965000	      1095	80001834	a6d27813	andi	x16,x4,-1427	  x4:0x4dea92ba x16=0x4dea9228
       10975000	      1096	80001838	4017d513	srai	x10,x15,0x1	 x15:0xfffffb69 x10=0xfffffdb4
       10985000	      1097	8000183c	05214463	blt	x2,x18,80001884	  x2:0xfffffb69 x18:0xc000d277
       10995000	      1098	80001840	007c1313	slli	x6,x24,0x7	 x24:0x80009fc4  x6=0x004fe200
       11005000	      1099	80001844	014f54b3	srl	x9,x30,x20	 x30:0x00000001 x20:0x00000001  x9=0x00000000
       11015000	      1100	80001848	02205263	bge	x0,x2,8000186c	  x0:0x00000000  x2:0xfffffb69
       11025000	      1101	00000000	00000013	addi	x0,x0,0	  x0:0x00000000
       11035000	      1102	80001868	00000013	addi	x0,x0,0	  x0:0x00000000
       11045000	      1103	8000186c	6c42b793	sltiu	x15,x5,1732	  x5:0x00000000 x15=0x00000001
       11055000	      1104	80001870	413cd593	srai	x11,x25,0x13	 x25:0x00000322 x11=0x00000000
       11065000	      1105	80001874	ae6b4d13	xori	x26,x22,-1306	 x22:0x00000000 x26=0xfffffae6
       11075000	      1106	80001878	d6460793	addi	x15,x12,-668	 x12:0x80009f4c x15=0x80009cb0
       11085000	      1107	8000187c	00bd6e63	bltu	x26,x11,80001898	 x26:0xfffffae6 x11:0x00000000
       11095000	      1108	80001880	40d0db33	sra	x22,x1,x13	  x1:0x00000000 x13:0x0f703179 x22=0x00000000
       11105000	      1109	80001884	01fc6463	bltu	x24,x31,8000188c	 x24:0x80009fc4 x31:0xf08fce87
       11115000	      1110	00000000	00000013	addi	x0,x0,0	  x0:0x00000000
       11125000	      1111	80001888	00000013	addi	x0,x0,0	  x0:0x00000000
       11135000	      1112	8000188c	0b2ce263	bltu	x25,x18,80001930	 x25:0x00000322 x18:0xc000d277
       11145000	      1113	00000000	00000013	addi	x0,x0,0	  x0:0x00000000
       11155000	      1114	8000192c	00000013	addi	x0,x0,0	  x0:0x00000000
       11165000	      1115	80001930	415bd293	srai	x5,x23,0x15	 x23:0x00000000  x5=0x00000000
       11175000	      1116	80001934	05e56063	bltu	x10,x30,80001974	 x10:0xfffffdb4 x30:0x00000001
       11185000	      1117	80001938	04620263	beq	x4,x6,8000197c	  x4:0x4dea92ba  x6:0x004fe200
       11195000	      1118	8000193c	41478e33	sub	x28,x15,x20	 x15:0x80009cb0 x20:0x00000001 x28=0x80009caf
       11205000	      1119	80001940	07e7b997	auipc	x19,0x7e7b	 x19=0x87e7c93c
       11215000	      1120	80001944	00e6e033	or	x0,x13,x14	 x13:0x0f703179 x14:0x40004fa6
       11225000	      1121	80001948	41a1d833	sra	x16,x3,x26	  x3:0x08baa000 x26:0xfffffae6 x16=0x0022ea80
       11235000	      1122	8000194c	000e99b3	sll	x19,x29,x0	 x29:0x80008baa  x0:0x00000000 x19=0x80008baa
       11245000	      1123	80001950	00ffaeb3	slt	x29,x31,x15	 x31:0xf08fce87 x15:0x80009cb0 x29=0x00000000
       11255000	      1124	80001954	d06ec193	xori	x3,x29,-762	 x29:0x00000000  x3=0xfffffd06
       11265000	      1125	80001958	9db8cd93	xori	x27,x17,-1573	 x17:0xa3f57000 x27=0x5c0a89db
       11275000	      1126	8000195c	0caacf13	xori	x30,x21,202	 x21:0x00000000 x30=0x000000ca
       11285000	      1127	80001960	41ebde33	sra	x28,x23,x30	 x23:0x00000000 x30:0x000000ca x28=0x00000000
       11295000	      1128	80001964	0093d293	srli	x5,x7,0x9	  x7:0xba0b7cb4  x5=0x005d05be
       11305000	      1129	80001968	ce7d9e37	lui	x28,0xce7d9	 x28=0xce7d9000
       11315000	      1130	8000196c	015f99b3	sll	x19,x31,x21	 x31:0xf08fce87 x21:0x00000000 x19=0xf08fce87
       11325000	      1131	80001970	f3baba97	auipc	x21,0xf3bab	 x21=0x73bac96c
       11335000	      1132	80001974	000b8b33	add	x22,x23,x0	 x23:0x00000000  x0:0x00000000 x22=0x00000000
       11345000	      1133	80001978	02b54c63	blt	x10,x11,800019b0	 x10:0xfffffdb4 x11:0x00000000
       11355000	      1134	00000000	00000013	addi	x0,x0,0	  x0:0x00000000
       11365000	      1135	800019ac	00000013	addi	x0,x0,0	  x0:0x00000000
       11375000	      1136	800019b0	0dc30f13	addi	x30,x6,220	  x6:0x004fe200 x30=0x004fe2dc
       11385000	      1137	800019b4	0300f463	bgeu	x1,x16,800019dc	  x1:0x00000000 x16:0x0022ea80
       11395000	      1138	800019b8	da348413	addi	x8,x9,-605	  x9:0x00000000  x8=0xfffffda3
       11405000	      1139	800019bc	04e2f663	bgeu	x5,x14,80001a08	  x5:0x005d05be x14:0x40004fa6
       11415000	      1140	800019c0	0569c263	blt	x19,x22,80001a04	 x19:0xf08fce87 x22:0x00000000
       11425000	      1141	00000000	00000013	addi	x0,x0,0	  x0:0x00000000
       11435000	      1142	80001a00	00000013	addi	x0,x0,0	  x0:0x00000000
       11445000	      1143	80001a04	00609463	bne	x1,x6,80001a0c	  x1:0x00000000  x6:0x004fe200
       11455000	      1144	00000000	00000013	addi	x0,x0,0	  x0:0x00000000
       11465000	      1145	80001a08	00000013	addi	x0,x0,0	  x0:0x00000000
       11475000	      1146	80001a0c	33007813	andi	x16,x0,816	  x0:0x00000000 x16=0x00000000
       11485000	      1147	80001a10	00000013	addi	x0,x0,0	  x0:0x00000000
       11495000	      1148	80001a14	00000013	addi	x0,x0,0	  x0:0x00000000
       11505000	      1149	80001a18	00b69263	bne	x13,x11,80001a1c	 x13:0x0f703179 x11:0x00000000
       11515000	      1150	00000000	00000013	addi	x0,x0,0	  x0:0x00000000
       11525000	      1151	80001a18	00000013	addi	x0,x0,0	  x0:0x00000000
       11535000	      1152	80001a1c	00cc2833	slt	x16,x24,x12	 x24:0x80009fc4 x12:0x80009f4c x16=0x00000000
       11545000	      1153	80001a20	6b043d93	sltiu	x27,x8,1712	  x8:0xfffffda3 x27=0x00000000
       11555000	      1154	80001a24	00fedd33	srl	x26,x29,x15	 x29:0x00000000 x15:0x80009cb0 x26=0x00000000
       11565000	      1155	80001a28	c5087e13	andi	x28,x16,-944	 x16:0x00000000 x28=0x00000000
       11575000	      1156	80001a2c	00bd20b3	slt	x1,x26,x11	 x26:0x00000000 x11:0x00000000  x1=0x00000000
       11585000	      1157	80001a30	0083d713	srli	x14,x7,0x8	  x7:0xba0b7cb4 x14=0x00ba0b7c
       11595000	      1158	80001a34	00ced933	srl	x18,x29,x12	 x29:0x00000000 x12:0x80009f4c x18=0x00000000
       11605000	      1159	80001a38	04364063	blt	x12,x3,80001a78	 x12:0x80009f4c  x3:0xfffffd06
       11615000	      1160	00000000	00000013	addi	x0,x0,0	  x0:0x00000000
       11625000	      1161	80001a74	00000013	addi	x0,x0,0	  x0:0x00000000
       11635000	      1162	80001a78	00079e63	bne	x15,x0,80001a94	 x15:0x80009cb0  x0:0x00000000
       11645000	      1163	00000000	00000013	addi	x0,x0,0	  x0:0x00000000
       11655000	      1164	80001a90	00000013	addi	x0,x0,0	  x0:0x00000000
       11665000	      1165	80001a94	1deeb037	lui	x0,0x1deeb	
       11675000	      1166	80001a98	03ae7063	bgeu	x28,x26,80001ab8	 x28:0x00000000 x26:0x00000000
       11685000	      1167	00000000	00000013	addi	x0,x0,0	  x0:0x00000000
       11695000	      1168	80001ab4	00000013	addi	x0,x0,0	  x0:0x00000000
       11705000	      1169	80001ab8	41c40833	sub	x16,x8,x28	  x8:0xfffffda3 x28:0x00000000 x16=0xfffffda3
       11715000	      1170	80001abc	013b2433	slt	x8,x22,x19	 x22:0x00000000 x19:0xf08fce87  x8=0x00000000
       11725000	      1171	80001ac0	00c1a813	slti	x16,x3,12	  x3:0xfffffd06 x16=0x00000001
       11735000	      1172	80001ac4	01543033	sltu	x0,x8,x21	  x8:0x00000000 x21:0x73bac96c
       11745000	      1173	80001ac8	a1f30f37	lui	x30,0xa1f30	 x30=0xa1f30000
       11755000	      1174	80001acc	b1976093	ori	x1,x14,-1255	 x14:0x00ba0b7c  x1=0xfffffb7d
       11765000	      1175	80001ad0	40868133	sub	x2,x13,x8	 x13:0x0f703179  x8:0x00000000  x2=0x0f703179
       11775000	      1176	80001ad4	28eae413	ori	x8,x21,654	 x21:0x73bac96c  x8=0x73bacbee
       11785000	      1177	80001ad8	005cf1b3	and	x3,x25,x5	 x25:0x00000322  x5:0x005d05be  x3=0x00000122
       11795000	      1178	80001adc	0079a4b3	slt	x9,x19,x7	 x19:0xf08fce87  x7:0xba0b7cb4  x9=0x00000000
       11805000	      1179	80001ae0	0059fb33	and	x22,x19,x5	 x19:0xf08fce87  x5:0x005d05be x22=0x000d0486
       11815000	      1180	80001ae4	40c6dbb3	sra	x23,x13,x12	 x13:0x0f703179 x12:0x80009f4c x23=0x0000f703
       11825000	      1181	80001ae8	01498eb3	add	x29,x19,x20	 x19:0xf08fce87 x20:0x00000001 x29=0xf08fce88
       11835000	      1182	80001aec	d154e513	ori	x10,x9,-747	  x9:0x00000000 x10=0xfffffd15
       11845000	      1183	80001af0	01a3f533	and	x10,x7,x26	  x7:0xba0b7cb4 x26:0x00000000 x10=0x00000000
       11855000	      1184	80001af4	e8752113	slti	x2,x10,-377	 x10:0x00000000  x2=0x00000000
       11865000	      1185	80001af8	00085db3	srl	x27,x16,x0	 x16:0x00000001  x0:0x00000000 x27=0x00000001
       11875000	      1186	80001afc	01164eb3	xor	x29,x12,x17	 x12:0x80009f4c x17:0xa3f57000 x29=0x23f5ef4c
       11885000	      1187	80001b00	01966e33	or	x28,x12,x25	 x12:0x80009f4c x25:0x00000322 x28=0x80009f6e
       11895000	      1188	80001b04	8dc2a593	slti	x11,x5,-1828	  x5:0x005d05be x11=0x00000000
       11905000	      1189	80001b08	02456c63	bltu	x10,x4,80001b40	 x10:0x00000000  x4:0x4dea92ba
       11915000	      1190	00000000	00000013	addi	x0,x0,0	  x0:0x00000000
       11925000	      1191	80001b3c	00000013	addi	x0,x0,0	  x0:0x00000000
       11935000	      1192	80001b40	002dbeb3	sltu	x29,x27,x2	 x27:0x00000001  x2:0x00000000 x29=0x00000000
       11945000	      1193	80001b44	02f24863	blt	x4,x15,80001b74	  x4:0x4dea92ba x15:0x80009cb0
       11955000	      1194	80001b48	00000013	addi	x0,x0,0	  x0:0x00000000
       11965000	      1195	80001b4c	c3978cb7	lui	x25,0xc3978	 x25=0xc3978000
       11975000	      1196	80001b50	50a009b7	lui	x19,0x50a00	 x19=0x50a00000
       11985000	      1197	80001b54	01981813	slli	x16,x16,0x19	 x16:0x00000001 x16=0x02000000
       11995000	      1198	80001b58	01b32733	slt	x14,x6,x27	  x6:0x004fe200 x27:0x00000001 x14=0x00000000
       12005000	      1199	80001b5c	07afbb93	sltiu	x23,x31,122	 x31:0xf08fce87 x23=0x00000000
       12015000	      1200	80001b60	00de1eb3	sll	x29,x28,x13	 x28:0x80009f6e x13:0x0f703179 x29=0xdc000000
       12025000	      1201	80001b64	00bf9413	slli	x8,x31,0xb	 x31:0xf08fce87  x8=0x7e743800
       12035000	      1202	80001b68	00000013	addi	x0,x0,0	  x0:0x00000000
       12045000	      1203	80001b6c	014f4a63	blt	x30,x20,80001b80	 x30:0xa1f30000 x20:0x00000001
       12055000	      1204	00000000	00000013	addi	x0,x0,0	  x0:0x00000000
       12065000	      1205	80001b7c	00000013	addi	x0,x0,0	  x0:0x00000000
       12075000	      1206	80001b80	006ceeb3	or	x29,x25,x6	 x25:0xc3978000  x6:0x004fe200 x29=0xc3dfe200
       12085000	      1207	80001b84	4028d213	srai	x4,x17,0x2	 x17:0xa3f57000  x4=0xe8fd5c00
       12095000	      1208	80001b88	5ea84493	xori	x9,x16,1514	 x16:0x02000000  x9=0x020005ea
       12105000	      1209	80001b8c	00b75393	srli	x7,x14,0xb	 x14:0x00000000  x7=0x00000000
       12115000	      1210	80001b90	01aa9863	bne	x21,x26,80001ba0	 x21:0x73bac96c x26:0x00000000
       12125000	      1211	00000000	00000013	addi	x0,x0,0	  x0:0x00000000
       12135000	      1212	80001b9c	00000013	addi	x0,x0,0	  x0:0x00000000
       12145000	      1213	80001ba0	42976e13	ori	x28,x14,1065	 x14:0x00000000 x28=0x00000429
       12155000	      1214	80001ba4	016aa2b3	slt	x5,x21,x22	 x21:0x73bac96c x22:0x000d0486  x5=0x00000000
       12165000	      1215	80001ba8	052c6263	bltu	x24,x18,80001bec	 x24:0x80009fc4 x18:0x00000000
       12175000	      1216	80001bac	41afd093	srai	x1,x31,0x1a	 x31:0xf08fce87  x1=0xfffffffc
       12185000	      1217	80001bb0	048b8063	beq	x23,x8,80001bf0	 x23:0x00000000  x8:0x7e743800
       12195000	      1218	80001bb4	f17a3393	sltiu	x7,x20,-233	 x20:0x00000001  x7=0x00000001
       12205000	      1219	80001bb8	8b59fb13	andi	x22,x19,-1867	 x19:0x50a00000 x22=0x50a00000
       12215000	      1220	80001bbc	00198eb3	add	x29,x19,x1	 x19:0x50a00000  x1:0xfffffffc x29=0x509ffffc
       12225000	      1221	80001bc0	03764263	blt	x12,x23,80001be4	 x12:0x80009f4c x23:0x00000000
       12235000	      1222	00000000	00000013	addi	x0,x0,0	  x0:0x00000000
       12245000	      1223	80001be0	00000013	addi	x0,x0,0	  x0:0x00000000
       12255000	      1224	80001be4	29346d93	ori	x27,x8,659	  x8:0x7e743800 x27=0x7e743a93
       12265000	      1225	80001be8	038e1463	bne	x28,x24,80001c10	 x28:0x00000429 x24:0x80009fc4
       12275000	      1226	00000000	00000013	addi	x0,x0,0	  x0:0x00000000
       12285000	      1227	80001c0c	00000013	addi	x0,x0,0	  x0:0x00000000
       12295000	      1228	80001c10	b5d6fa93	andi	x21,x13,-1187	 x13:0x0f703179 x21=0x0f703159
       12305000	      1229	80001c14	006e9493	slli	x9,x29,0x6	 x29:0x509ffffc  x9=0x27ffff00
       12315000	      1230	80001c18	fc596fb7	lui	x31,0xfc596	 x31=0xfc596000
       12325000	      1231	80001c1c	0143da13	srli	x20,x7,0x14	  x7:0x00000001 x20=0x00000000
       12335000	      1232	80001c20	01791b93	slli	x23,x18,0x17	 x18:0x00000000 x23=0x00000000
       12345000	      1233	80001c24	00b9fa33	and	x20,x19,x11	 x19:0x50a00000 x11:0x00000000 x20=0x00000000
       12355000	      1234	80001c28	3b224793	xori	x15,x4,946	  x4:0xe8fd5c00 x15=0xe8fd5fb2
       12365000	      1235	80001c2c	00ff8a33	add	x20,x31,x15	 x31:0xfc596000 x15:0xe8fd5fb2 x20=0xe556bfb2
       12375000	      1236	80001c30	05be9263	bne	x29,x27,80001c74	 x29:0x509ffffc x27:0x7e743a93
       12385000	      1237	00000000	00000013	addi	x0,x0,0	  x0:0x00000000
       12395000	      1238	80001c70	00000013	addi	x0,x0,0	  x0:0x00000000
       12405000	      1239	80001c74	04b8c863	blt	x17,x11,80001cc4	 x17:0xa3f57000 x11:0x00000000
       12415000	      1240	00000000	00000013	addi	x0,x0,0	  x0:0x00000000
       12425000	      1241	80001cc0	00000013	addi	x0,x0,0	  x0:0x00000000
       12435000	      1242	80001cc4	00a141b3	xor	x3,x2,x10	  x2:0x00000000 x10:0x00000000  x3=0x00000000
       12445000	      1243	80001cc8	04bbf463	bgeu	x23,x11,80001d10	 x23:0x00000000 x11:0x00000000
       12455000	      1244	00000000	00000013	addi	x0,x0,0	  x0:0x00000000
       12465000	      1245	80001d0c	00000013	addi	x0,x0,0	  x0:0x00000000
       12475000	      1246	80001d10	54072a97	auipc	x21,0x54072	 x21=0xd4073d0c
       12485000	      1247	80001d14	000c75b3	and	x11,x24,x0	 x24:0x80009fc4  x0:0x00000000 x11=0x00000000
       12495000	      1248	80001d18	00c31b33	sll	x22,x6,x12	  x6:0x004fe200 x12:0x80009f4c x22=0xfe200000
       12505000	      1249	80001d1c	011f5793	srli	x15,x30,0x11	 x30:0xa1f30000 x15=0x000050f9
       12515000	      1250	80001d20	41580033	sub	x0,x16,x21	 x16:0x02000000 x21:0xd4073d0c
       12525000	      1251	80001d24	056e7063	bgeu	x28,x22,80001d64	 x28:0x00000429 x22:0xfe200000
       12535000	      1252	80001d28	405b53b3	sra	x7,x22,x5	 x22:0xfe200000  x5:0x00000000  x7=0xfe200000
       12545000	      1253	80001d2c	02ef0263	beq	x30,x14,80001d50	 x30:0xa1f30000 x14:0x00000000
       12555000	      1254	80001d30	00a609b3	add	x19,x12,x10	 x12:0x80009f4c x10:0x00000000 x19=0x80009f4c
       12565000	      1255	80001d34	01a6f9b3	and	x19,x13,x26	 x13:0x0f703179 x26:0x00000000 x19=0x00000000
       12575000	      1256	80001d38	01ee5913	srli	x18,x28,0x1e	 x28:0x00000429 x18=0x00000000
       12585000	      1257	80001d3c	05b34793	xori	x15,x6,91	  x6:0x004fe200 x15=0x004fe25b
       12595000	      1258	80001d40	cc4f6c93	ori	x25,x30,-828	 x30:0xa1f30000 x25=0xfffffcc4
       12605000	      1259	80001d44	01e3da93	srli	x21,x7,0x1e	  x7:0xfe200000 x21=0x00000003
       12615000	      1260	80001d48	08ed0a37	lui	x20,0x8ed0	 x20=0x08ed0000
       12625000	      1261	80001d4c	4f777293	andi	x5,x14,1271	 x14:0x00000000  x5=0x00000000
       12635000	      1262	80001d50	01d9d3b3	srl	x7,x19,x29	 x19:0x00000000 x29:0x509ffffc  x7=0x00000000
       12645000	      1263	80001d54	04d27663	bgeu	x4,x13,80001da0	  x4:0xe8fd5c00 x13:0x0f703179
       12655000	      1264	00000000	00000013	addi	x0,x0,0	  x0:0x00000000
       12665000	      1265	80001d9c	00000013	addi	x0,x0,0	  x0:0x00000000
       12675000	      1266	80001da0	007872b3	and	x5,x16,x7	 x16:0x02000000  x7:0x00000000  x5=0x00000000
       12685000	      1267	80001da4	05ad0263	beq	x26,x26,80001de8	 x26:0x00000000 x26:0x00000000
       12695000	      1268	00000000	00000013	addi	x0,x0,0	  x0:0x00000000
       12705000	      1269	80001de4	00000013	addi	x0,x0,0	  x0:0x00000000
       12715000	      1270	80001de8	00527a33	and	x20,x4,x5	  x4:0xe8fd5c00  x5:0x00000000 x20=0x00000000
       12725000	      1271	80001dec	016dd833	srl	x16,x27,x22	 x27:0x7e743a93 x22:0xfe200000 x16=0x7e743a93
       12735000	      1272	80001df0	41328533	sub	x10,x5,x19	  x5:0x00000000 x19:0x00000000 x10=0x00000000
       12745000	      1273	80001df4	76fab813	sltiu	x16,x21,1903	 x21:0x00000003 x16=0x00000001
       12755000	      1274	80001df8	01d57863	bgeu	x10,x29,80001e08	 x10:0x00000000 x29:0x509ffffc
       12765000	      1275	80001dfc	1faf3213	sltiu	x4,x30,506	 x30:0xa1f30000  x4=0x00000000
       12775000	      1276	80001e00	015734b3	sltu	x9,x14,x21	 x14:0x00000000 x21:0x00000003  x9=0x00000001
       12785000	      1277	80001e04	40dcd533	sra	x10,x25,x13	 x25:0xfffffcc4 x13:0x0f703179 x10=0xffffffff
       12795000	      1278	80001e08	f4953b13	sltiu	x22,x10,-183	 x10:0xffffffff x22=0x00000000
       12805000	      1279	80001e0c	08e84d13	xori	x26,x16,142	 x16:0x00000001 x26=0x0000008f
       12815000	      1280	80001e10	0067efb3	or	x31,x15,x6	 x15:0x004fe25b  x6:0x004fe200 x31=0x004fe25b
       12825000	      1281	80001e14	00000013	addi	x0,x0,0	  x0:0x00000000
       12835000	      1282	80001e18	016b58b3	srl	x17,x22,x22	 x22:0x00000000 x22:0x00000000 x17=0x00000000
       12845000	      1283	80001e1c	40ee5513	srai	x10,x28,0xe	 x28:0x00000429 x10=0x00000000
       12855000	      1284	80001e20	32128e93	addi	x29,x5,801	  x5:0x00000000 x29=0x00000321
       12865000	      1285	80001e24	ba257293	andi	x5,x10,-1118	 x10:0x00000000  x5=0x00000000
       12875000	      1286	80001e28	def67493	andi	x9,x12,-529	 x12:0x80009f4c  x9=0x80009d4c
       12885000	      1287	80001e2c	002edd33	srl	x26,x29,x2	 x29:0x00000321  x2:0x00000000 x26=0x00000321
       12895000	      1288	80001e30	bf559817	auipc	x16,0xbf559	 x16=0x3f55ae2c
       12905000	      1289	80001e34	005bc263	blt	x23,x5,80001e38	 x23:0x00000000  x5:0x00000000
       12915000	      1290	80001e38	43baa097	auipc	x1,0x43baa	  x1=0xc3babe34
       12925000	      1291	80001e3c	010b9f13	slli	x30,x23,0x10	 x23:0x00000000 x30=0x00000000
       12935000	      1292	80001e40	028bec63	bltu	x23,x8,80001e78	 x23:0x00000000  x8:0x7e743800
       12945000	      1293	00000000	00000013	addi	x0,x0,0	  x0:0x00000000
       12955000	      1294	80001e74	00000013	addi	x0,x0,0	  x0:0x00000000
       12965000	      1295	80001e78	87848d13	addi	x26,x9,-1928	  x9:0x80009d4c x26=0x800095c4
       12975000	      1296	80001e7c	7cd8e913	ori	x18,x17,1997	 x17:0x00000000 x18=0x000007cd
       12985000	      1297	80001e80	0108fbb3	and	x23,x17,x16	 x17:0x00000000 x16:0x3f55ae2c x23=0x00000000
       12995000	      1298	80001e84	01684733	xor	x14,x16,x22	 x16:0x3f55ae2c x22:0x00000000 x14=0x3f55ae2c
       13005000	      1299	80001e88	00d25e33	srl	x28,x4,x13	  x4:0x00000000 x13:0x0f703179 x28=0x00000000
       13015000	      1300	80001e8c	01cd5933	srl	x18,x26,x28	 x26:0x800095c4 x28:0x00000000 x18=0x800095c4
       13025000	      1301	80001e90	00000013	addi	x0,x0,0	  x0:0x00000000
       13035000	      1302	80001e94	688bed13	ori	x26,x23,1672	 x23:0x00000000 x26=0x00000688
       13045000	      1303	80001e98	00462883	lw	x17,4(x12)	 x12:0x80009f4c x17=0x800004d0 PA:0x80009f50
       13055000	      1304	80001e9c	02060613	addi	x12,x12,32	 x12:0x80009f4c x12=0x80009f6c
       13065000	      1305	80001ea0	01d21593	slli	x11,x4,0x1d	  x4:0x00000000 x11=0x00000000
       13075000	      1306	80001ea4	0e7a3713	sltiu	x14,x20,231	 x20:0x00000000 x14=0x00000001
       13085000	      1307	80001ea8	8a8eea93	ori	x21,x29,-1880	 x29:0x00000321 x21=0xfffffba9
       13095000	      1308	80001eac	775b33b7	lui	x7,0x775b3	  x7=0x775b3000
       13105000	      1309	80001eb0	00b5deb3	srl	x29,x11,x11	 x11:0x00000000 x11:0x00000000 x29=0x00000000
       13115000	      1310	80001eb4	00ed1b33	sll	x22,x26,x14	 x26:0x00000688 x14:0x00000001 x22=0x00000d10
       13125000	      1311	80001eb8	00188f13	addi	x30,x17,1	 x17:0x800004d0 x30=0x800004d1
       13135000	      1312	80001ebc	000f0f67	jalr	x30,x30,0	 x30:0x800004d1 x30=0x80001ebc
       13145000	      1313	00000000	00000013	addi	x0,x0,0	  x0:0x00000000
       13155000	      1314	800004d0	00000013	addi	x0,x0,0	  x0:0x00000000
       13165000	      1315	800004d4	00a3bd33	sltu	x26,x7,x10	  x7:0x775b3000 x10:0x00000000 x26=0x00000000
       13175000	      1316	800004d8	002e2a33	slt	x20,x28,x2	 x28:0x00000000  x2:0x00000000 x20=0x00000000
       13185000	      1317	800004dc	00000013	addi	x0,x0,0	  x0:0x00000000
       13195000	      1318	800004e0	bbdf7113	andi	x2,x30,-1091	 x30:0x80001ebc  x2=0x80001abc
       13205000	      1319	800004e4	0069a7b3	slt	x15,x19,x6	 x19:0x00000000  x6:0x004fe200 x15=0x00000001
       13215000	      1320	800004e8	b4398717	auipc	x14,0xb4398	 x14=0x343984e4
       13225000	      1321	800004ec	0143d933	srl	x18,x7,x20	  x7:0x775b3000 x20:0x00000000 x18=0x775b3000
       13235000	      1322	800004f0	005c6033	or	x0,x24,x5	 x24:0x80009fc4  x5:0x00000000
       13245000	      1323	800004f4	008ca433	slt	x8,x25,x8	 x25:0xfffffcc4  x8:0x7e743800  x8=0x00000001
       13255000	      1324	800004f8	136b1d17	auipc	x26,0x136b1	 x26=0x936b14f4
       13265000	      1325	800004fc	00000013	addi	x0,x0,0	  x0:0x00000000
       13275000	      1326	80000500	41ba05b3	sub	x11,x20,x27	 x20:0x00000000 x27:0x7e743a93 x11=0x818bc56d
       13285000	      1327	80000504	02ea4263	blt	x20,x14,80000528	 x20:0x00000000 x14:0x343984e4
       13295000	      1328	00000000	00000013	addi	x0,x0,0	  x0:0x00000000
       13305000	      1329	80000524	00000013	addi	x0,x0,0	  x0:0x00000000
       13315000	      1330	80000528	00fc91b3	sll	x3,x25,x15	 x25:0xfffffcc4 x15:0x00000001  x3=0xfffff988
       13325000	      1331	8000052c	40f8df33	sra	x30,x17,x15	 x17:0x800004d0 x15:0x00000001 x30=0xc0000268
       13335000	      1332	80000530	00881c63	bne	x16,x8,80000548	 x16:0x3f55ae2c  x8:0x00000001
       13345000	      1333	00000000	00000013	addi	x0,x0,0	  x0:0x00000000
       13355000	      1334	80000544	00000013	addi	x0,x0,0	  x0:0x00000000
       13365000	      1335	80000548	410c5a93	srai	x21,x24,0x10	 x24:0x80009fc4 x21=0xffff8000
       13375000	      1336	8000054c	03e75c63	bge	x14,x30,80000584	 x14:0x343984e4 x30:0xc0000268
       13385000	      1337	00000000	00000013	addi	x0,x0,0	  x0:0x00000000
       13395000	      1338	80000580	00000013	addi	x0,x0,0	  x0:0x00000000
       13405000	      1339	80000584	30227d13	andi	x26,x4,770	  x4:0x00000000 x26=0x00000000
       13415000	      1340	80000588	00000013	addi	x0,x0,0	  x0:0x00000000
       13425000	      1341	8000058c	b47a4537	lui	x10,0xb47a4	 x10=0xb47a4000
       13435000	      1342	80000590	00000013	addi	x0,x0,0	  x0:0x00000000
       13445000	      1343	80000594	03dc0863	beq	x24,x29,800005c4	 x24:0x80009fc4 x29:0x00000000
       13455000	      1344	80000598	0202ea63	bltu	x5,x0,800005cc	  x5:0x00000000  x0:0x00000000
       13465000	      1345	8000059c	0f853893	sltiu	x17,x10,248	 x10:0xb47a4000 x17=0x00000000
       13475000	      1346	800005a0	00000013	addi	x0,x0,0	  x0:0x00000000
       13485000	      1347	800005a4	02119463	bne	x3,x1,800005cc	  x3:0xfffff988  x1:0xc3babe34
       13495000	      1348	00000000	00000013	addi	x0,x0,0	  x0:0x00000000
       13505000	      1349	800005c8	00000013	addi	x0,x0,0	  x0:0x00000000
       13515000	      1350	800005cc	865fcb97	auipc	x23,0x865fc	 x23=0x065fc5c8
       13525000	      1351	800005d0	00462883	lw	x17,4(x12)	 x12:0x80009f6c x17=0x80000138 PA:0x80009f70
       13535000	      1352	800005d4	01860613	addi	x12,x12,24	 x12:0x80009f6c x12=0x80009f84
       13545000	      1353	800005d8	00b35933	srl	x18,x6,x11	  x6:0x004fe200 x11:0x818bc56d x18=0x0000027f
       13555000	      1354	800005dc	01244433	xor	x8,x8,x18	  x8:0x00000001 x18:0x0000027f  x8=0x0000027e
       13565000	      1355	800005e0	072bf493	andi	x9,x23,114	 x23:0x065fc5c8  x9=0x00000040
       13575000	      1356	800005e4	00188513	addi	x10,x17,1	 x17:0x80000138 x10=0x80000139
       13585000	      1357	800005e8	00050567	jalr	x10,x10,0	 x10:0x80000139 x10=0x800005e8
       13595000	      1358	00000000	00000013	addi	x0,x0,0	  x0:0x00000000
       13605000	      1359	80000138	00000013	addi	x0,x0,0	  x0:0x00000000
       13615000	      1360	8000013c	00009117	auipc	x2,0x9	  x2=0x80009138
       13625000	      1361	80000140	ab910113	addi	x2,x2,-1351	  x2:0x80009138  x2=0x80008bf1
       13635000	      1362	80000144	00914783	lbu	x15,9(x2)	  x2:0x80008bf1 x15=0x00000000 PA:0x80008bfa
       13645000	      1363	80000148	00269d33	sll	x26,x13,x2	 x13:0x0f703179  x2:0x80008bf1 x26=0x62f20000
       13655000	      1364	8000014c	e2adc893	xori	x17,x27,-470	 x27:0x7e743a93 x17=0x818bc4b9
       13665000	      1365	80000150	01110123	sb	x17,2(x2)	  x2:0x80008bf1 x17:0x818bc4b9 PA:0x80008bf3
       13675000	      1366	80000154	00dbfeb3	and	x29,x23,x13	 x23:0x065fc5c8 x13:0x0f703179 x29=0x06500148
       13685000	      1367	80000158	00214e83	lbu	x29,2(x2)	  x2:0x80008bf1 x29=0x000000b9 PA:0x80008bf3
       13695000	      1368	8000015c	414054b3	sra	x9,x0,x20	  x0:0x00000000 x20:0x00000000  x9=0x00000000
       13705000	      1369	80000160	ffb10203	lb	x4,-5(x2)	  x2:0x80008bf1  x4=0x00000000 PA:0x80008bec
       13715000	      1370	80000164	0169e3b3	or	x7,x19,x22	 x19:0x00000000 x22:0x00000d10  x7=0x00000d10
       13725000	      1371	80000168	003ee333	or	x6,x29,x3	 x29:0x000000b9  x3:0xfffff988  x6=0xfffff9b9
       13735000	      1372	8000016c	01d113a3	sh	x29,7(x2)	  x2:0x80008bf1 x29:0x000000b9 PA:0x80008bf8
       13745000	      1373	80000170	00414203	lbu	x4,4(x2)	  x2:0x80008bf1  x4=0x00000000 PA:0x80008bf5
       13755000	      1374	80000174	009d65b3	or	x11,x26,x9	 x26:0x62f20000  x9:0x00000000 x11=0x62f20000
       13765000	      1375	80000178	ffa14e83	lbu	x29,-6(x2)	  x2:0x80008bf1 x29=0x00000000 PA:0x80008beb
       13775000	      1376	8000017c	ffa10a03	lb	x20,-6(x2)	  x2:0x80008bf1 x20=0x00000000 PA:0x80008beb
       13785000	      1377	80000180	00514503	lbu	x10,5(x2)	  x2:0x80008bf1 x10=0x00000000 PA:0x80008bf6
       13795000	      1378	80000184	fff14b03	lbu	x22,-1(x2)	  x2:0x80008bf1 x22=0x00000000 PA:0x80008bf0
       13805000	      1379	80000188	fe210c23	sb	x2,-8(x2)	  x2:0x80008bf1  x2:0x80008bf1 PA:0x80008be9
       13815000	      1380	8000018c	00008897	auipc	x17,0x8	 x17=0x80008188
       13825000	      1381	80000190	1c788893	addi	x17,x17,455	 x17:0x80008188 x17=0x8000834f
       13835000	      1382	80000194	00008797	auipc	x15,0x8	 x15=0x80008190
       13845000	      1383	80000198	2ab78793	addi	x15,x15,683	 x15:0x80008190 x15=0x8000843b
       13855000	      1384	8000019c	fa4799a3	sh	x4,-77(x15)	 x15:0x8000843b  x4:0x00000000 PA:0x800083ee
       13865000	      1385	800001a0	f4288a23	sb	x2,-172(x17)	 x17:0x8000834f  x2:0x80008bf1 PA:0x800082a3
       13875000	      1386	800001a4	fdd8d583	lhu	x11,-35(x17)	 x17:0x8000834f x11=0x00000000 PA:0x8000832c
       13885000	      1387	800001a8	f9a88583	lb	x11,-102(x17)	 x17:0x8000834f x11=0x00000000 PA:0x800082e9
       13895000	      1388	800001ac	05878e03	lb	x28,88(x15)	 x15:0x8000843b x28=0x00000000 PA:0x80008493
       13905000	      1389	800001b0	03788623	sb	x23,44(x17)	 x17:0x8000834f x23:0x065fc5c8 PA:0x8000837b
       13915000	      1390	800001b4	fd38de83	lhu	x29,-45(x17)	 x17:0x8000834f x29=0x00000000 PA:0x80008322
       13925000	      1391	800001b8	02b78183	lb	x3,43(x15)	 x15:0x8000843b  x3=0x00000000 PA:0x80008466
       13935000	      1392	800001bc	fa579d83	lh	x27,-91(x15)	 x15:0x8000843b x27=0x00000000 PA:0x800083e0
       13945000	      1393	800001c0	f5e88303	lb	x6,-162(x17)	 x17:0x8000834f  x6=0x00000000 PA:0x800082ad
       13955000	      1394	800001c4	f557a403	lw	x8,-171(x15)	 x15:0x8000843b  x8=0x00000000 PA:0x80008390
       13965000	      1395	800001c8	00078b23	sb	x0,22(x15)	 x15:0x8000843b  x0:0x00000000 PA:0x80008451
       13975000	      1396	800001cc	02b892a3	sh	x11,37(x17)	 x17:0x8000834f x11:0x00000000 PA:0x80008374
       13985000	      1397	800001d0	fd87ca03	lbu	x20,-40(x15)	 x15:0x8000843b x20=0x00000000 PA:0x80008413
       13995000	      1398	800001d4	08e88203	lb	x4,142(x17)	 x17:0x8000834f  x4=0x00000000 PA:0x800083dd
       14005000	      1399	800001d8	0bb89d83	lh	x27,187(x17)	 x17:0x8000834f x27=0x00000000 PA:0x8000840a
       14015000	      1400	00000000	00000013	addi	x0,x0,0	  x0:0x00000000
       14025000	      1401	800001dc	f9b78523	sb	x27,-118(x15)	 x15:0x8000843b x27:0x00000000 PA:0x800083c5
       14035000	      1402	800001e0	00008317	auipc	x6,0x8	  x6=0x800081dc
       14045000	      1403	800001e4	e9c30313	addi	x6,x6,-356	  x6:0x800081dc  x6=0x80008078
       14055000	      1404	800001e8	52878113	addi	x2,x15,1320	 x15:0x8000843b  x2=0x80008963
       14065000	      1405	800001ec	60b34183	lbu	x3,1547(x6)	  x6:0x80008078  x3=0x00000000 PA:0x80008683
       14075000	      1406	800001f0	2cb30ca3	sb	x11,729(x6)	  x6:0x80008078 x11:0x00000000 PA:0x80008351
       14085000	      1407	800001f4	41130a03	lb	x20,1041(x6)	  x6:0x80008078 x20=0x00000000 PA:0x80008489
       14095000	      1408	800001f8	01330ca3	sb	x19,25(x6)	  x6:0x80008078 x19:0x00000000 PA:0x80008091
       14105000	      1409	800001fc	32f32e23	sw	x15,828(x6)	  x6:0x80008078 x15:0x8000843b PA:0x800083b4
       14115000	      1410	80000200	fbbd6f93	ori	x31,x26,-69	 x26:0x62f20000 x31=0xffffffbb
       14125000	      1411	80000204	4c130623	sb	x1,1228(x6)	  x6:0x80008078  x1:0xc3babe34 PA:0x80008544
       14135000	      1412	80000208	31d30183	lb	x3,797(x6)	  x6:0x80008078  x3=0x00000000 PA:0x80008395
       14145000	      1413	8000020c	009ac9b3	xor	x19,x21,x9	 x21:0xffff8000  x9:0x00000000 x19=0xffff8000
       14155000	      1414	80000210	6ab30403	lb	x8,1707(x6)	  x6:0x80008078  x8=0x00000000 PA:0x80008723
       14165000	      1415	80000214	55934903	lbu	x18,1369(x6)	  x6:0x80008078 x18=0x00000000 PA:0x800085d1
       14175000	      1416	80000218	4eb34e83	lbu	x29,1259(x6)	  x6:0x80008078 x29=0x00000000 PA:0x80008563
       14185000	      1417	8000021c	000c85b3	add	x11,x25,x0	 x25:0xfffffcc4  x0:0x00000000 x11=0xfffffcc4
       14195000	      1418	80000220	07f30903	lb	x18,127(x6)	  x6:0x80008078 x18=0x00000000 PA:0x800080f7
       14205000	      1419	80000224	41b34a03	lbu	x20,1051(x6)	  x6:0x80008078 x20=0x00000000 PA:0x80008493
       14215000	      1420	80000228	f227ab17	auipc	x22,0xf227a	 x22=0x7227a224
       14225000	      1421	8000022c	00ff00b3	add	x1,x30,x15	 x30:0xc0000268 x15:0x8000843b  x1=0x400086a3
       14235000	      1422	80000230	00c31d83	lh	x27,12(x6)	  x6:0x80008078 x27=0x00000000 PA:0x80008084
       14245000	      1423	80000234	0170f4b3	and	x9,x1,x23	  x1:0x400086a3 x23:0x065fc5c8  x9=0x00008480
       14255000	      1424	80000238	5bf30d03	lb	x26,1471(x6)	  x6:0x80008078 x26=0x00000000 PA:0x80008637
       14265000	      1425	8000023c	b8d7d817	auipc	x16,0xb8d7d	 x16=0x38d7d238
       14275000	      1426	80000240	6ba30c83	lb	x25,1722(x6)	  x6:0x80008078 x25=0x00000000 PA:0x80008732
       14285000	      1427	80000244	06430ea3	sb	x4,125(x6)	  x6:0x80008078  x4:0x00000000 PA:0x800080f5
       14295000	      1428	80000248	611309a3	sb	x17,1555(x6)	  x6:0x80008078 x17:0x8000834f PA:0x8000868b
       14305000	      1429	8000024c	2f830da3	sb	x24,763(x6)	  x6:0x80008078 x24:0x80009fc4 PA:0x80008373
       14315000	      1430	80000250	6a630983	lb	x19,1702(x6)	  x6:0x80008078 x19=0x00000000 PA:0x8000871e
       14325000	      1431	80000254	abdf2d13	slti	x26,x30,-1347	 x30:0xc0000268 x26=0x00000001
       14335000	      1432	80000258	0137df93	srli	x31,x15,0x13	 x15:0x8000843b x31=0x00001000
       14345000	      1433	8000025c	40695493	srai	x9,x18,0x6	 x18:0x00000000  x9=0x00000000
       14355000	      1434	80000260	51c32183	lw	x3,1308(x6)	  x6:0x80008078  x3=0x00000000 PA:0x80008594
       14365000	      1435	80000264	52234d83	lbu	x27,1314(x6)	  x6:0x80008078 x27=0x00000000 PA:0x8000859a
       14375000	      1436	80000268	000b35b3	sltu	x11,x22,x0	 x22:0x7227a224  x0:0x00000000 x11=0x00000000
       14385000	      1437	8000026c	ba252713	slti	x14,x10,-1118	 x10:0x00000000 x14=0x00000000
       14395000	      1438	80000270	0094c4b3	xor	x9,x9,x9	  x9:0x00000000  x9:0x00000000  x9=0x00000000
       14405000	      1439	80000274	67530283	lb	x5,1653(x6)	  x6:0x80008078  x5=0x00000000 PA:0x800086ed
       14415000	      1440	80000278	010b8ab3	add	x21,x23,x16	 x23:0x065fc5c8 x16:0x38d7d238 x21=0x3f379800
       14425000	      1441	8000027c	01119213	slli	x4,x3,0x11	  x3:0x00000000  x4=0x00000000
       14435000	      1442	80000280	00cb5933	srl	x18,x22,x12	 x22:0x7227a224 x12:0x80009f84 x18=0x07227a22
       14445000	      1443	80000284	60f30283	lb	x5,1551(x6)	  x6:0x80008078  x5=0x00000000 PA:0x80008687
       14455000	      1444	80000288	69435f83	lhu	x31,1684(x6)	  x6:0x80008078 x31=0x00000000 PA:0x8000870c
       14465000	      1445	00000000	00000013	addi	x0,x0,0	  x0:0x00000000
       14475000	      1446	8000028c	fff73b93	sltiu	x23,x14,-1	 x14:0x00000000 x23=0x00000001
       14485000	      1447	80000290	71530983	lb	x19,1813(x6)	  x6:0x80008078 x19=0x00000000 PA:0x8000878d
       14495000	      1448	80000294	21e31403	lh	x8,542(x6)	  x6:0x80008078  x8=0x00000000 PA:0x80008296
       14505000	      1449	80000298	00105d13	srli	x26,x0,0x1	  x0:0x00000000 x26=0x00000000
       14515000	      1450	8000029c	27734d03	lbu	x26,631(x6)	  x6:0x80008078 x26=0x00000000 PA:0x800082ef
       14525000	      1451	800002a0	58835d83	lhu	x27,1416(x6)	  x6:0x80008078 x27=0x00000000 PA:0x80008600
       14535000	      1452	800002a4	0543c863	blt	x7,x20,800002f4	  x7:0x00000d10 x20:0x00000000
       14545000	      1453	800002a8	03449263	bne	x9,x20,800002cc	  x9:0x00000000 x20:0x00000000
       14555000	      1454	800002ac	00971b93	slli	x23,x14,0x9	 x14:0x00000000 x23=0x00000000
       14565000	      1455	800002b0	00ab0033	add	x0,x22,x10	 x22:0x7227a224 x10:0x00000000
       14575000	      1456	800002b4	0095d2b3	srl	x5,x11,x9	 x11:0x00000000  x9:0x00000000  x5=0x00000000
       14585000	      1457	800002b8	00694133	xor	x2,x18,x6	 x18:0x07227a22  x6:0x80008078  x2=0x8722fa5a
       14595000	      1458	800002bc	8a41dfb7	lui	x31,0x8a41d	 x31=0x8a41d000
       14605000	      1459	800002c0	0e23b393	sltiu	x7,x7,226	  x7:0x00000d10  x7=0x00000000
       14615000	      1460	800002c4	e6a78013	addi	x0,x15,-406	 x15:0x8000843b
       14625000	      1461	800002c8	93de0593	addi	x11,x28,-1731	 x28:0x00000000 x11=0xfffff93d
       14635000	      1462	800002cc	0172c0b3	xor	x1,x5,x23	  x5:0x00000000 x23:0x00000000  x1=0x00000000
       14645000	      1463	800002d0	53ed8d13	addi	x26,x27,1342	 x27:0x00000000 x26=0x0000053e
       14655000	      1464	800002d4	40a35d93	srai	x27,x6,0xa	  x6:0x80008078 x27=0xffe00020
       14665000	      1465	800002d8	0561d863	bge	x3,x22,80000328	  x3:0x00000000 x22:0x7227a224
       14675000	      1466	800002dc	01581a93	slli	x21,x16,0x15	 x16:0x38d7d238 x21=0x47000000
       14685000	      1467	800002e0	02b8ea63	bltu	x17,x11,80000314	 x17:0x8000834f x11:0xfffff93d
       14695000	      1468	00000000	00000013	addi	x0,x0,0	  x0:0x00000000
       14705000	      1469	80000310	00000013	addi	x0,x0,0	  x0:0x00000000
       14715000	      1470	80000314	24f6e293	ori	x5,x13,591	 x13:0x0f703179  x5=0x0f70337f
       14725000	      1471	80000318	7ec5e793	ori	x15,x11,2028	 x11:0xfffff93d x15=0xfffffffd
       14735000	      1472	8000031c	01e99133	sll	x2,x19,x30	 x19:0x00000000 x30:0xc0000268  x2=0x00000000
       14745000	      1473	80000320	00000013	addi	x0,x0,0	  x0:0x00000000
       14755000	      1474	80000324	24662d17	auipc	x26,0x24662	 x26=0xa4662320
       14765000	      1475	80000328	01816b33	or	x22,x2,x24	  x2:0x00000000 x24:0x80009fc4 x22=0x80009fc4
       14775000	      1476	8000032c	00573033	sltu	x0,x14,x5	 x14:0x00000000  x5:0x0f70337f
       14785000	      1477	80000330	0009f463	bgeu	x19,x0,80000338	 x19:0x00000000  x0:0x00000000
       14795000	      1478	00000000	00000013	addi	x0,x0,0	  x0:0x00000000
       14805000	      1479	80000334	00000013	addi	x0,x0,0	  x0:0x00000000
       14815000	      1480	80000338	00655093	srli	x1,x10,0x6	 x10:0x00000000  x1=0x00000000
       14825000	      1481	8000033c	0087f233	and	x4,x15,x8	 x15:0xfffffffd  x8:0x00000000  x4=0x00000000
       14835000	      1482	80000340	0100c733	xor	x14,x1,x16	  x1:0x00000000 x16:0x38d7d238 x14=0x38d7d238
       14845000	      1483	80000344	7f7527b7	lui	x15,0x7f752	 x15=0x7f752000
       14855000	      1484	80000348	40c85893	srai	x17,x16,0xc	 x16:0x38d7d238 x17=0x00038d7d
       14865000	      1485	8000034c	4119d8b3	sra	x17,x19,x17	 x19:0x00000000 x17:0x00038d7d x17=0x00000000
       14875000	      1486	80000350	40755493	srai	x9,x10,0x7	 x10:0x00000000  x9=0x00000000
       14885000	      1487	80000354	00000b17	auipc	x22,0x0	 x22=0x80000350
       14895000	      1488	80000358	13cb0b13	addi	x22,x22,316	 x22:0x80000350 x22=0x8000048c
       14905000	      1489	8000035c	412e5db3	sra	x27,x28,x18	 x28:0x00000000 x18:0x07227a22 x27=0x00000000
       14915000	      1490	80000360	40055213	srai	x4,x10,0x0	 x10:0x00000000  x4=0x00000000
       14925000	      1491	80000364	e42b0b13	addi	x22,x22,-446	 x22:0x8000048c x22=0x800002ce
       14935000	      1492	80000368	006578b3	and	x17,x10,x6	 x10:0x00000000  x6:0x80008078 x17=0x00000000
       14945000	      1493	8000036c	00d35cb3	srl	x25,x6,x13	  x6:0x80008078 x13:0x0f703179 x25=0x00000040
       14955000	      1494	80000370	000a1a13	slli	x20,x20,0x0	 x20:0x00000000 x20=0x00000000
       14965000	      1495	80000374	00411663	bne	x2,x4,80000380	  x2:0x00000000  x4:0x00000000
       14975000	      1496	80000378	41f60bb3	sub	x23,x12,x31	 x12:0x80009f84 x31:0x8a41d000 x23=0xf5becf84
       14985000	      1497	8000037c	002fdeb3	srl	x29,x31,x2	 x31:0x8a41d000  x2:0x00000000 x29=0x8a41d000
       14995000	      1498	80000380	1beb08e7	jalr	x17,x22,446	 x22:0x800002ce x17=0x80000380
       15005000	      1499	00000000	00000013	addi	x0,x0,0	  x0:0x00000000
       15015000	      1500	8000048c	00000013	addi	x0,x0,0	  x0:0x00000000
       15025000	      1501	80000490	fe860613	addi	x12,x12,-24	 x12:0x80009f84 x12=0x80009f6c
       15035000	      1502	80000494	01ed6533	or	x10,x26,x30	 x26:0xa4662320 x30:0xc0000268 x10=0xe4662368
       15045000	      1503	80000498	7359b717	auipc	x14,0x7359b	 x14=0xf359b494
       15055000	      1504	8000049c	01162223	sw	x17,4(x12)	 x12:0x80009f6c x17:0x80000380 PA:0x80009f70
       15065000	      1505	800004a0	00c6cb33	xor	x22,x13,x12	 x13:0x0f703179 x12:0x80009f6c x22=0x8f70ae15
       15075000	      1506	800004a4	00647cb3	and	x25,x8,x6	  x8:0x00000000  x6:0x80008078 x25=0x00000000
       15085000	      1507	800004a8	71de1d37	lui	x26,0x71de1	 x26=0x71de1000
       15095000	      1508	800004ac	00000297	auipc	x5,0x0	  x5=0x800004a8
       15105000	      1509	800004b0	14028293	addi	x5,x5,320	  x5:0x800004a8  x5=0x800005e8
       15115000	      1510	800004b4	010ab933	sltu	x18,x21,x16	 x21:0x47000000 x16:0x38d7d238 x18=0x00000000
       15125000	      1511	800004b8	40340db3	sub	x27,x8,x3	  x8:0x00000000  x3:0x00000000 x27=0x00000000
       15135000	      1512	800004bc	1b328293	addi	x5,x5,435	  x5:0x800005e8  x5=0x8000079b
       15145000	      1513	800004c0	2cc50d13	addi	x26,x10,716	 x10:0xe4662368 x26=0xe4662634
       15155000	      1514	800004c4	01bc6733	or	x14,x24,x27	 x24:0x80009fc4 x27:0x00000000 x14=0x80009fc4
       15165000	      1515	800004c8	00dd9463	bne	x27,x13,800004d0	 x27:0x00000000 x13:0x0f703179
       15175000	      1516	00000000	00000013	addi	x0,x0,0	  x0:0x00000000
       15185000	      1517	800004cc	00000013	addi	x0,x0,0	  x0:0x00000000
       15195000	      1518	800004d0	e4e288e7	jalr	x17,x5,-434	  x5:0x8000079b x17=0x800004d0
       15205000	      1519	00000000	00000013	addi	x0,x0,0	  x0:0x00000000
       15215000	      1520	800005e8	00000013	addi	x0,x0,0	  x0:0x00000000
       15225000	      1521	800005ec	f1fffe37	lui	x28,0xf1fff	 x28=0xf1fff000
       15235000	      1522	800005f0	01136a63	bltu	x6,x17,80000604	  x6:0x80008078 x17:0x800004d0
       15245000	      1523	800005f4	00e3b733	sltu	x14,x7,x14	  x7:0x00000000 x14:0x80009fc4 x14=0x00000001
       15255000	      1524	800005f8	408adeb3	sra	x29,x21,x8	 x21:0x47000000  x8:0x00000000 x29=0x47000000
       15265000	      1525	800005fc	40d4dd33	sra	x26,x9,x13	  x9:0x00000000 x13:0x0f703179 x26=0x00000000
       15275000	      1526	80000600	4006d593	srai	x11,x13,0x0	 x13:0x0f703179 x11=0x0f703179
       15285000	      1527	80000604	fe060613	addi	x12,x12,-32	 x12:0x80009f6c x12=0x80009f4c
       15295000	      1528	80000608	01162223	sw	x17,4(x12)	 x12:0x80009f4c x17:0x800004d0 PA:0x80009f50
       15305000	      1529	8000060c	0169d513	srli	x10,x19,0x16	 x19:0x00000000 x10=0x00000000
       15315000	      1530	80000610	00000013	addi	x0,x0,0	  x0:0x00000000
       15325000	      1531	80000614	cab96a93	ori	x21,x18,-853	 x18:0x00000000 x21=0xfffffcab
       15335000	      1532	80000618	b021a097	auipc	x1,0xb021a	  x1=0x3021a614
       15345000	      1533	8000061c	4abb7f93	andi	x31,x22,1195	 x22:0x8f70ae15 x31=0x00000401
       15355000	      1534	80000620	00009117	auipc	x2,0x9	  x2=0x8000961c
       15365000	      1535	80000624	8a710113	addi	x2,x2,-1881	  x2:0x8000961c  x2=0x80008ec3
       15375000	      1536	80000628	07910183	lb	x3,121(x2)	  x2:0x80008ec3  x3=0x00000000 PA:0x80008f3c
       15385000	      1537	8000062c	07911803	lh	x16,121(x2)	  x2:0x80008ec3 x16=0xfffff000 PA:0x80008f3c
       15395000	      1538	80000630	07c11ca3	sh	x28,121(x2)	  x2:0x80008ec3 x28:0xf1fff000 PA:0x80008f3c
       15405000	      1539	80000634	0fe14983	lbu	x19,254(x2)	  x2:0x80008ec3 x19=0x000000b3 PA:0x80008fc1
       15415000	      1540	80000638	0fe10283	lb	x5,254(x2)	  x2:0x80008ec3  x5=0xffffffb3 PA:0x80008fc1
       15425000	      1541	8000063c	0eb10f23	sb	x11,254(x2)	  x2:0x80008ec3 x11:0x0f703179 PA:0x80008fc1
       15435000	      1542	80000640	fba14b03	lbu	x22,-70(x2)	  x2:0x80008ec3 x22=0x00000000 PA:0x80008e7d
       15445000	      1543	80000644	fba14f83	lbu	x31,-70(x2)	  x2:0x80008ec3 x31=0x00000000 PA:0x80008e7d
       15455000	      1544	80000648	0088c733	xor	x14,x17,x8	 x17:0x800004d0  x8:0x00000000 x14=0x800004d0
       15465000	      1545	8000064c	fba10a03	lb	x20,-70(x2)	  x2:0x80008ec3 x20=0x00000000 PA:0x80008e7d
       15475000	      1546	80000650	2b3b6793	ori	x15,x22,691	 x22:0x00000000 x15=0x000002b3
       15485000	      1547	80000654	0ef10f23	sb	x15,254(x2)	  x2:0x80008ec3 x15:0x000002b3 PA:0x80008fc1
       15495000	      1548	80000658	0fe10283	lb	x5,254(x2)	  x2:0x80008ec3  x5=0xffffffb3 PA:0x80008fc1
       15505000	      1549	8000065c	0fe10e83	lb	x29,254(x2)	  x2:0x80008ec3 x29=0xffffffb3 PA:0x80008fc1
       15515000	      1550	80000660	0fe10c83	lb	x25,254(x2)	  x2:0x80008ec3 x25=0xffffffb3 PA:0x80008fc1
       15525000	      1551	80000664	0fe14e83	lbu	x29,254(x2)	  x2:0x80008ec3 x29=0x000000b3 PA:0x80008fc1
       15535000	      1552	80000668	f9a105a3	sb	x26,-117(x2)	  x2:0x80008ec3 x26:0x00000000 PA:0x80008e4e
       15545000	      1553	8000066c	f8b10803	lb	x16,-117(x2)	  x2:0x80008ec3 x16=0x00000000 PA:0x80008e4e
       15555000	      1554	80000670	f0010703	lb	x14,-256(x2)	  x2:0x80008ec3 x14=0x00000079 PA:0x80008dc3
       15565000	      1555	80000674	f0014b03	lbu	x22,-256(x2)	  x2:0x80008ec3 x22=0x00000079 PA:0x80008dc3
       15575000	      1556	80000678	2666cf93	xori	x31,x13,614	 x13:0x0f703179 x31=0x0f70331f
       15585000	      1557	8000067c	f1210023	sb	x18,-256(x2)	  x2:0x80008ec3 x18:0x00000000 PA:0x80008dc3
       15595000	      1558	80000680	f0d10023	sb	x13,-256(x2)	  x2:0x80008ec3 x13:0x0f703179 PA:0x80008dc3
       15605000	      1559	80000684	00008117	auipc	x2,0x8	  x2=0x80008680
       15615000	      1560	80000688	45110113	addi	x2,x2,1105	  x2:0x80008680  x2=0x80008ad1
       15625000	      1561	8000068c	01510223	sb	x21,4(x2)	  x2:0x80008ad1 x21:0xfffffcab PA:0x80008ad5
       15635000	      1562	80000690	0bd00597	auipc	x11,0xbd00	 x11=0x8bd0068c
       15645000	      1563	80000694	00414f83	lbu	x31,4(x2)	  x2:0x80008ad1 x31=0x000000ab PA:0x80008ad5
       15655000	      1564	80000698	00410303	lb	x6,4(x2)	  x2:0x80008ad1  x6=0xffffffab PA:0x80008ad5
       15665000	      1565	8000069c	00d10223	sb	x13,4(x2)	  x2:0x80008ad1 x13:0x0f703179 PA:0x80008ad5
       15675000	      1566	800006a0	00410b03	lb	x22,4(x2)	  x2:0x80008ad1 x22=0x00000079 PA:0x80008ad5
       15685000	      1567	800006a4	00414b83	lbu	x23,4(x2)	  x2:0x80008ad1 x23=0x00000079 PA:0x80008ad5
       15695000	      1568	800006a8	3f4d4093	xori	x1,x26,1012	 x26:0x00000000  x1=0x000003f4
       15705000	      1569	800006ac	00414a03	lbu	x20,4(x2)	  x2:0x80008ad1 x20=0x00000079 PA:0x80008ad5
       15715000	      1570	800006b0	00410203	lb	x4,4(x2)	  x2:0x80008ad1  x4=0x00000079 PA:0x80008ad5
       15725000	      1571	00000000	00000013	addi	x0,x0,0	  x0:0x00000000
       15735000	      1572	800006b4	00414f03	lbu	x30,4(x2)	  x2:0x80008ad1 x30=0x00000079 PA:0x80008ad5
       15745000	      1573	800006b8	01f10223	sb	x31,4(x2)	  x2:0x80008ad1 x31:0x000000ab PA:0x80008ad5
       15755000	      1574	800006bc	00510223	sb	x5,4(x2)	  x2:0x80008ad1  x5:0xffffffb3 PA:0x80008ad5
       15765000	      1575	800006c0	00410c83	lb	x25,4(x2)	  x2:0x80008ad1 x25=0xffffffb3 PA:0x80008ad5
       15775000	      1576	800006c4	00410c83	lb	x25,4(x2)	  x2:0x80008ad1 x25=0xffffffb3 PA:0x80008ad5
       15785000	      1577	800006c8	00414583	lbu	x11,4(x2)	  x2:0x80008ad1 x11=0x000000b3 PA:0x80008ad5
       15795000	      1578	800006cc	00510223	sb	x5,4(x2)	  x2:0x80008ad1  x5:0xffffffb3 PA:0x80008ad5
       15805000	      1579	800006d0	01e10223	sb	x30,4(x2)	  x2:0x80008ad1 x30:0x00000079 PA:0x80008ad5
       15815000	      1580	800006d4	00310223	sb	x3,4(x2)	  x2:0x80008ad1  x3:0x00000000 PA:0x80008ad5
       15825000	      1581	800006d8	01a10223	sb	x26,4(x2)	  x2:0x80008ad1 x26:0x00000000 PA:0x80008ad5
       15835000	      1582	800006dc	00008e17	auipc	x28,0x8	 x28=0x800086d8
       15845000	      1583	800006e0	e1ae0e13	addi	x28,x28,-486	 x28:0x800086d8 x28=0x800084f2
       15855000	      1584	800006e4	00008417	auipc	x8,0x8	  x8=0x800086e0
       15865000	      1585	800006e8	09f40413	addi	x8,x8,159	  x8:0x800086e0  x8=0x8000877f
       15875000	      1586	800006ec	fe240da3	sb	x2,-5(x8)	  x8:0x8000877f  x2:0x80008ad1 PA:0x8000877a
       15885000	      1587	800006f0	00008797	auipc	x15,0x8	 x15=0x800086ec
       15895000	      1588	800006f4	d7378793	addi	x15,x15,-653	 x15:0x800086ec x15=0x8000845f
       15905000	      1589	800006f8	d03e0003	lb	x0,-765(x28)	 x28:0x800084f2 PA:0x800081f5
       15915000	      1590	800006fc	018e5303	lhu	x6,24(x28)	 x28:0x800084f2  x6=0x00000000 PA:0x8000850a
       15925000	      1591	80000700	fc478823	sb	x4,-48(x15)	 x15:0x8000845f  x4:0x00000079 PA:0x8000842f
       15935000	      1592	80000704	ff041da3	sh	x16,-5(x8)	  x8:0x8000877f x16:0x00000000 PA:0x8000877a
       15945000	      1593	80000708	31de4e83	lbu	x29,797(x28)	 x28:0x800084f2 x29=0x00000000 PA:0x8000880f
       15955000	      1594	8000070c	00340323	sb	x3,6(x8)	  x8:0x8000877f  x3:0x00000000 PA:0x80008785
       15965000	      1595	80000710	c0ce1983	lh	x19,-1012(x28)	 x28:0x800084f2 x19=0x00000000 PA:0x800080fe
       15975000	      1596	80000714	ff240d03	lb	x26,-14(x8)	  x8:0x8000877f x26=0x00000000 PA:0x80008771
       15985000	      1597	80000718	fe940823	sb	x9,-16(x8)	  x8:0x8000877f  x9:0x00000000 PA:0x8000876f
       15995000	      1598	8000071c	f45e4b03	lbu	x22,-187(x28)	 x28:0x800084f2 x22=0x00000000 PA:0x80008437
       16005000	      1599	80000720	ff37c883	lbu	x17,-13(x15)	 x15:0x8000845f x17=0x00000000 PA:0x80008452
       16015000	      1600	80000724	ff542c83	lw	x25,-11(x8)	  x8:0x8000877f x25=0x00000000 PA:0x80008774
       16025000	      1601	80000728	190e1b23	sh	x16,406(x28)	 x28:0x800084f2 x16:0x00000000 PA:0x80008688
       16035000	      1602	8000072c	d69e0483	lb	x9,-663(x28)	 x28:0x800084f2  x9=0x00000000 PA:0x8000825b
       16045000	      1603	80000730	ff341703	lh	x14,-13(x8)	  x8:0x8000877f x14=0x00000000 PA:0x80008772
       16055000	      1604	80000734	0097d503	lhu	x10,9(x15)	 x15:0x8000845f x10=0x00000000 PA:0x80008468
       16065000	      1605	80000738	ff640903	lb	x18,-10(x8)	  x8:0x8000877f x18=0x00000000 PA:0x80008775
       16075000	      1606	8000073c	00f79da3	sh	x15,27(x15)	 x15:0x8000845f x15:0x8000845f PA:0x8000847a
       16085000	      1607	80000740	00244003	lbu	x0,2(x8)	  x8:0x8000877f PA:0x80008781
       16095000	      1608	80000744	febe0d23	sb	x11,-6(x28)	 x28:0x800084f2 x11:0x000000b3 PA:0x800084ec
       16105000	      1609	80000748	ffc40303	lb	x6,-4(x8)	  x8:0x8000877f  x6=0x00000000 PA:0x8000877b
       16115000	      1610	8000074c	02a799a3	sh	x10,51(x15)	 x15:0x8000845f x10:0x00000000 PA:0x80008492
       16125000	      1611	80000750	00008717	auipc	x14,0x8	 x14=0x8000874c
       16135000	      1612	80000754	36370713	addi	x14,x14,867	 x14:0x8000874c x14=0x80008aaf
       16145000	      1613	80000758	ec270b03	lb	x22,-318(x14)	 x14:0x80008aaf x22=0x00000000 PA:0x80008971
       16155000	      1614	8000075c	f9070b83	lb	x23,-112(x14)	 x14:0x80008aaf x23=0x00000000 PA:0x80008a3f
       16165000	      1615	80000760	00000013	addi	x0,x0,0	  x0:0x00000000
       16175000	      1616	80000764	02670723	sb	x6,46(x14)	 x14:0x80008aaf  x6:0x00000000 PA:0x80008add
       16185000	      1617	80000768	e3b71083	lh	x1,-453(x14)	 x14:0x80008aaf  x1=0x00000000 PA:0x800088ea
       16195000	      1618	8000076c	e3b74983	lbu	x19,-453(x14)	 x14:0x80008aaf x19=0x00000000 PA:0x800088ea
       16205000	      1619	80000770	1c274c83	lbu	x25,450(x14)	 x14:0x80008aaf x25=0x00000000 PA:0x80008c71
       16215000	      1620	80000774	40d50eb3	sub	x29,x10,x13	 x10:0x00000000 x13:0x0f703179 x29=0xf08fce87
       16225000	      1621	80000778	4051ddb3	sra	x27,x3,x5	  x3:0x00000000  x5:0xffffffb3 x27=0x00000000
       16235000	      1622	8000077c	15a70183	lb	x3,346(x14)	 x14:0x80008aaf  x3=0x00000000 PA:0x80008c09
       16245000	      1623	80000780	14670d23	sb	x6,346(x14)	 x14:0x80008aaf  x6:0x00000000 PA:0x80008c09
       16255000	      1624	80000784	e4570123	sb	x5,-446(x14)	 x14:0x80008aaf  x5:0xffffffb3 PA:0x800088f1
       16265000	      1625	80000788	31870a83	lb	x21,792(x14)	 x14:0x80008aaf x21=0x00000000 PA:0x80008dc7
       16275000	      1626	8000078c	1c407893	andi	x17,x0,452	  x0:0x00000000 x17=0x00000000
       16285000	      1627	80000790	2d470203	lb	x4,724(x14)	 x14:0x80008aaf  x4=0x00000000 PA:0x80008d83
       16295000	      1628	80000794	0159cdb3	xor	x27,x19,x21	 x19:0x00000000 x21:0x00000000 x27=0x00000000
       16305000	      1629	80000798	00c74e83	lbu	x29,12(x14)	 x14:0x80008aaf x29=0x00000057 PA:0x80008abb
       16315000	      1630	8000079c	00770623	sb	x7,12(x14)	 x14:0x80008aaf  x7:0x00000000 PA:0x80008abb
       16325000	      1631	800007a0	2f670f03	lb	x30,758(x14)	 x14:0x80008aaf x30=0x00000000 PA:0x80008da5
       16335000	      1632	800007a4	2b270c23	sb	x18,696(x14)	 x14:0x80008aaf x18:0x00000000 PA:0x80008d67
       16345000	      1633	800007a8	0ac70b03	lb	x22,172(x14)	 x14:0x80008aaf x22=0x00000000 PA:0x80008b5b
       16355000	      1634	800007ac	001fb933	sltu	x18,x31,x1	 x31:0x000000ab  x1:0x00000000 x18=0x00000000
       16365000	      1635	800007b0	0ac74883	lbu	x17,172(x14)	 x14:0x80008aaf x17=0x00000000 PA:0x80008b5b
       16375000	      1636	800007b4	14674003	lbu	x0,326(x14)	 x14:0x80008aaf PA:0x80008bf5
       16385000	      1637	800007b8	00008117	auipc	x2,0x8	  x2=0x800087b4
       16395000	      1638	800007bc	7ed10113	addi	x2,x2,2029	  x2:0x800087b4  x2=0x80008fa1
       16405000	      1639	800007c0	e6f11183	lh	x3,-401(x2)	  x2:0x80008fa1  x3=0x00000000 PA:0x80008e10
       16415000	      1640	800007c4	c0614003	lbu	x0,-1018(x2)	  x2:0x80008fa1 PA:0x80008ba7
       16425000	      1641	800007c8	01b25eb3	srl	x29,x4,x27	  x4:0x00000000 x27:0x00000000 x29=0x00000000
       16435000	      1642	800007cc	e3c14f03	lbu	x30,-452(x2)	  x2:0x80008fa1 x30=0x00000000 PA:0x80008ddd
       16445000	      1643	800007d0	00f73ab3	sltu	x21,x14,x15	 x14:0x80008aaf x15:0x8000845f x21=0x00000000
       16455000	      1644	800007d4	bbf125a3	sw	x31,-1109(x2)	  x2:0x80008fa1 x31:0x000000ab PA:0x80008b4c
       16465000	      1645	800007d8	c37ccd93	xori	x27,x25,-969	 x25:0x00000000 x27=0xfffffc37
       16475000	      1646	800007dc	ff511da3	sh	x21,-5(x2)	  x2:0x80008fa1 x21:0x00000000 PA:0x80008f9c
       16485000	      1647	800007e0	00614c83	lbu	x25,6(x2)	  x2:0x80008fa1 x25=0x00000000 PA:0x80008fa7
       16495000	      1648	800007e4	81738893	addi	x17,x7,-2025	  x7:0x00000000 x17=0xfffff817
       16505000	      1649	800007e8	8d114c83	lbu	x25,-1839(x2)	  x2:0x80008fa1 x25=0x00000000 PA:0x80008872
       16515000	      1650	800007ec	8c114c83	lbu	x25,-1855(x2)	  x2:0x80008fa1 x25=0x00000000 PA:0x80008862
       16525000	      1651	800007f0	ac510aa3	sb	x5,-1323(x2)	  x2:0x80008fa1  x5:0xffffffb3 PA:0x80008a76
       16535000	      1652	800007f4	cbf15b03	lhu	x22,-833(x2)	  x2:0x80008fa1 x22=0x00000000 PA:0x80008c60
       16545000	      1653	800007f8	a0e14503	lbu	x10,-1522(x2)	  x2:0x80008fa1 x10=0x00000000 PA:0x800089af
       16555000	      1654	800007fc	cc915b03	lhu	x22,-823(x2)	  x2:0x80008fa1 x22=0x00000000 PA:0x80008c6a
       16565000	      1655	80000800	90c110a3	sh	x12,-1791(x2)	  x2:0x80008fa1 x12:0x80009f4c PA:0x800088a2
       16575000	      1656	80000804	019d40b3	xor	x1,x26,x25	 x26:0x00000000 x25:0x00000000  x1=0x00000000
       16585000	      1657	80000808	abd110a3	sh	x29,-1375(x2)	  x2:0x80008fa1 x29:0x00000000 PA:0x80008a42
       16595000	      1658	8000080c	cdb15903	lhu	x18,-805(x2)	  x2:0x80008fa1 x18=0x00000000 PA:0x80008c7c
       16605000	      1659	80000810	eedcc593	xori	x11,x25,-275	 x25:0x00000000 x11=0xfffffeed
       16615000	      1660	80000814	01614703	lbu	x14,22(x2)	  x2:0x80008fa1 x14=0x00000000 PA:0x80008fb7
       16625000	      1661	80000818	906102a3	sb	x6,-1787(x2)	  x2:0x80008fa1  x6:0x00000000 PA:0x800088a6
       16635000	      1662	8000081c	74ae6b93	ori	x23,x28,1866	 x28:0x800084f2 x23=0x800087fa
       16645000	      1663	80000820	d2f12483	lw	x9,-721(x2)	  x2:0x80008fa1  x9=0x00000000 PA:0x80008cd0
       16655000	      1664	80000824	92b116a3	sh	x11,-1747(x2)	  x2:0x80008fa1 x11:0xfffffeed PA:0x800088ce
       16665000	      1665	80000828	01515a83	lhu	x21,21(x2)	  x2:0x80008fa1 x21=0x00000000 PA:0x80008fb6
       16675000	      1666	8000082c	013d7bb3	and	x23,x26,x19	 x26:0x00000000 x19:0x00000000 x23=0x00000000
       16685000	      1667	80000830	dd210003	lb	x0,-558(x2)	  x2:0x80008fa1 PA:0x80008d73
       16695000	      1668	80000834	e38117a3	sh	x24,-465(x2)	  x2:0x80008fa1 x24:0x80009fc4 PA:0x80008dd0
       16705000	      1669	80000838	f0a10483	lb	x9,-246(x2)	  x2:0x80008fa1  x9=0x00000000 PA:0x80008eab
       16715000	      1670	8000083c	401bd9b3	sra	x19,x23,x1	 x23:0x00000000  x1:0x00000000 x19=0x00000000
       16725000	      1671	80000840	1a376097	auipc	x1,0x1a376	  x1=0x9a37683c
       16735000	      1672	80000844	db635fb7	lui	x31,0xdb635	 x31=0xdb635000
       16745000	      1673	80000848	92114503	lbu	x10,-1759(x2)	  x2:0x80008fa1 x10=0x00000000 PA:0x800088c2
       16755000	      1674	00000000	00000013	addi	x0,x0,0	  x0:0x00000000
       16765000	      1675	8000084c	018510b3	sll	x1,x10,x24	 x10:0x00000000 x24:0x80009fc4  x1=0x00000000
       16775000	      1676	80000850	b5410223	sb	x20,-1212(x2)	  x2:0x80008fa1 x20:0x00000079 PA:0x80008ae5
       16785000	      1677	80000854	9e314083	lbu	x1,-1565(x2)	  x2:0x80008fa1  x1=0x00000000 PA:0x80008984
       16795000	      1678	80000858	8c241397	auipc	x7,0x8c241	  x7=0x0c241854
       16805000	      1679	8000085c	cc010903	lb	x18,-832(x2)	  x2:0x80008fa1 x18=0x00000000 PA:0x80008c61
       16815000	      1680	80000860	a6014003	lbu	x0,-1440(x2)	  x2:0x80008fa1 PA:0x80008a01
       16825000	      1681	80000864	9e511003	lh	x0,-1563(x2)	  x2:0x80008fa1 PA:0x80008986
       16835000	      1682	80000868	c78103a3	sb	x24,-921(x2)	  x2:0x80008fa1 x24:0x80009fc4 PA:0x80008c08
       16845000	      1683	8000086c	00008797	auipc	x15,0x8	 x15=0x80008868
       16855000	      1684	80000870	b5878793	addi	x15,x15,-1192	 x15:0x80008868 x15=0x800083c0
       16865000	      1685	80000874	03c72a93	slti	x21,x14,60	 x14:0x00000000 x21=0x00000001
       16875000	      1686	80000878	ff57c103	lbu	x2,-11(x15)	 x15:0x800083c0  x2=0x00000084 PA:0x800083b5
       16885000	      1687	8000087c	fe378aa3	sb	x3,-11(x15)	 x15:0x800083c0  x3:0x00000000 PA:0x800083b5
       16895000	      1688	80000880	ff578803	lb	x16,-11(x15)	 x15:0x800083c0 x16=0x00000000 PA:0x800083b5
       16905000	      1689	80000884	ff578f03	lb	x30,-11(x15)	 x15:0x800083c0 x30=0x00000000 PA:0x800083b5
       16915000	      1690	80000888	fe378aa3	sb	x3,-11(x15)	 x15:0x800083c0  x3:0x00000000 PA:0x800083b5
       16925000	      1691	8000088c	ff578803	lb	x16,-11(x15)	 x15:0x800083c0 x16=0x00000000 PA:0x800083b5
       16935000	      1692	80000890	ff57ca83	lbu	x21,-11(x15)	 x15:0x800083c0 x21=0x00000000 PA:0x800083b5
       16945000	      1693	00000000	00000013	addi	x0,x0,0	  x0:0x00000000
       16955000	      1694	80000894	ff578083	lb	x1,-11(x15)	 x15:0x800083c0  x1=0x00000000 PA:0x800083b5
       16965000	      1695	80000898	ff57cd03	lbu	x26,-11(x15)	 x15:0x800083c0 x26=0x00000000 PA:0x800083b5
       16975000	      1696	8000089c	ff578583	lb	x11,-11(x15)	 x15:0x800083c0 x11=0x00000000 PA:0x800083b5
       16985000	      1697	800008a0	fff78aa3	sb	x31,-11(x15)	 x15:0x800083c0 x31:0xdb635000 PA:0x800083b5
       16995000	      1698	800008a4	00008c97	auipc	x25,0x8	 x25=0x800088a0
       17005000	      1699	800008a8	821c8c93	addi	x25,x25,-2015	 x25:0x800088a0 x25=0x800080c1
       17015000	      1700	800008ac	00008d17	auipc	x26,0x8	 x26=0x800088a8
       17025000	      1701	800008b0	b59d0d13	addi	x26,x26,-1191	 x26:0x800088a8 x26=0x80008401
       17035000	      1702	800008b4	0edc9303	lh	x6,237(x25)	 x25:0x800080c1  x6=0x00000000 PA:0x800081ae
       17045000	      1703	800008b8	00007717	auipc	x14,0x7	 x14=0x800078b4
       17055000	      1704	800008bc	7e470713	addi	x14,x14,2020	 x14:0x800078b4 x14=0x80008098
       17065000	      1705	800008c0	fa9d18a3	sh	x9,-79(x26)	 x26:0x80008401  x9:0x00000000 PA:0x800083b2
       17075000	      1706	800008c4	0cbc94a3	sh	x11,201(x25)	 x25:0x800080c1 x11:0x00000000 PA:0x8000818a
       17085000	      1707	800008c8	09f704a3	sb	x31,137(x14)	 x14:0x80008098 x31:0xdb635000 PA:0x80008121
       17095000	      1708	800008cc	02bc8523	sb	x11,42(x25)	 x25:0x800080c1 x11:0x00000000 PA:0x800080eb
       17105000	      1709	800008d0	f29d0583	lb	x11,-215(x26)	 x26:0x80008401 x11=0x00000000 PA:0x8000832a
       17115000	      1710	800008d4	f53d2003	lw	x0,-173(x26)	 x26:0x80008401 PA:0x80008354
       17125000	      1711	800008d8	fe2703a3	sb	x2,-25(x14)	 x14:0x80008098  x2:0x00000084 PA:0x8000807f
       17135000	      1712	800008dc	f7ed4383	lbu	x7,-130(x26)	 x26:0x80008401  x7=0x00000000 PA:0x8000837f
       17145000	      1713	800008e0	ff9c9783	lh	x15,-7(x25)	 x25:0x800080c1 x15=0x00000000 PA:0x800080ba
       17155000	      1714	800008e4	fda70ca3	sb	x26,-39(x14)	 x14:0x80008098 x26:0x80008401 PA:0x80008071
       17165000	      1715	800008e8	07671d83	lh	x27,118(x14)	 x14:0x80008098 x27=0x00000000 PA:0x8000810e
       17175000	      1716	800008ec	fb7ca803	lw	x16,-73(x25)	 x25:0x800080c1 x16=0x00000000 PA:0x80008078
       17185000	      1717	800008f0	0c1cc003	lbu	x0,193(x25)	 x25:0x800080c1 PA:0x80008182
       17195000	      1718	800008f4	03ad0503	lb	x10,58(x26)	 x26:0x80008401 x10=0x00000000 PA:0x8000843b
       17205000	      1719	800008f8	0c770d83	lb	x27,199(x14)	 x14:0x80008098 x27=0x00000000 PA:0x8000815f
       17215000	      1720	800008fc	032c8b03	lb	x22,50(x25)	 x25:0x800080c1 x22=0x00000000 PA:0x800080f3
       17225000	      1721	00000000	00000013	addi	x0,x0,0	  x0:0x00000000
       17235000	      1722	80000900	076cc103	lbu	x2,118(x25)	 x25:0x800080c1  x2=0x00000000 PA:0x80008137
       17245000	      1723	80000904	020c8a23	sb	x0,52(x25)	 x25:0x800080c1  x0:0x00000000 PA:0x800080f5
       17255000	      1724	80000908	07fc8023	sb	x31,96(x25)	 x25:0x800080c1 x31:0xdb635000 PA:0x80008121
       17265000	      1725	8000090c	0f374803	lbu	x16,243(x14)	 x14:0x80008098 x16=0x00000000 PA:0x8000818b
       17275000	      1726	80000910	00475883	lhu	x17,4(x14)	 x14:0x80008098 x17=0x00000000 PA:0x8000809c
       17285000	      1727	80000914	00008117	auipc	x2,0x8	  x2=0x80008910
       17295000	      1728	80000918	02910113	addi	x2,x2,41	  x2:0x80008910  x2=0x80008939
       17305000	      1729	8000091c	41108d33	sub	x26,x1,x17	  x1:0x00000000 x17:0x00000000 x26=0x00000000
       17315000	      1730	80000920	01dc0533	add	x10,x24,x29	 x24:0x80009fc4 x29:0x00000000 x10=0x80009fc4
       17325000	      1731	80000924	71ca4917	auipc	x18,0x71ca4	 x18=0xf1ca4920
       17335000	      1732	80000928	1efc3f13	sltiu	x30,x24,495	 x24:0x80009fc4 x30=0x00000000
       17345000	      1733	8000092c	017182b3	add	x5,x3,x23	  x3:0x00000000 x23:0x00000000  x5=0x00000000
       17355000	      1734	80000930	005e9293	slli	x5,x29,0x5	 x29:0x00000000  x5=0x00000000
       17365000	      1735	80000934	ae39fc93	andi	x25,x19,-1309	 x19:0x00000000 x25=0x00000000
       17375000	      1736	80000938	fed10483	lb	x9,-19(x2)	  x2:0x80008939  x9=0x00000000 PA:0x80008926
       17385000	      1737	00000000	00000013	addi	x0,x0,0	  x0:0x00000000
       17395000	      1738	8000093c	38910703	lb	x14,905(x2)	  x2:0x80008939 x14=0x00000000 PA:0x80008cc2
       17405000	      1739	80000940	27c10e83	lb	x29,636(x2)	  x2:0x80008939 x29=0x00000000 PA:0x80008bb5
       17415000	      1740	80000944	018ac433	xor	x8,x21,x24	 x21:0x00000000 x24:0x80009fc4  x8=0x80009fc4
       17425000	      1741	80000948	23314783	lbu	x15,563(x2)	  x2:0x80008939 x15=0x00000000 PA:0x80008b6c
       17435000	      1742	8000094c	01aa8433	add	x8,x21,x26	 x21:0x00000000 x26:0x00000000  x8=0x00000000
       17445000	      1743	80000950	40008ab3	sub	x21,x1,x0	  x1:0x00000000  x0:0x00000000 x21=0x00000000
       17455000	      1744	80000954	40b35433	sra	x8,x6,x11	  x6:0x00000000 x11:0x00000000  x8=0x00000000
       17465000	      1745	80000958	02414f83	lbu	x31,36(x2)	  x2:0x80008939 x31=0x00000000 PA:0x8000895d
       17475000	      1746	8000095c	00824433	xor	x8,x4,x8	  x4:0x00000000  x8:0x00000000  x8=0x00000000
       17485000	      1747	80000960	00319b93	slli	x23,x3,0x3	  x3:0x00000000 x23=0x00000000
       17495000	      1748	80000964	0bc14503	lbu	x10,188(x2)	  x2:0x80008939 x10=0x00000000 PA:0x800089f5
       17505000	      1749	80000968	00cbf333	and	x6,x23,x12	 x23:0x00000000 x12:0x80009f4c  x6=0x00000000
       17515000	      1750	8000096c	01d29733	sll	x14,x5,x29	  x5:0x00000000 x29:0x00000000 x14=0x00000000
       17525000	      1751	80000970	018542b3	xor	x5,x10,x24	 x10:0x00000000 x24:0x80009fc4  x5=0x80009fc4
       17535000	      1752	80000974	fc111e03	lh	x28,-63(x2)	  x2:0x80008939 x28=0x00000000 PA:0x800088fa
       17545000	      1753	80000978	1d010e03	lb	x28,464(x2)	  x2:0x80008939 x28=0x00000000 PA:0x80008b09
       17555000	      1754	8000097c	00fac433	xor	x8,x21,x15	 x21:0x00000000 x15:0x00000000  x8=0x00000000
       17565000	      1755	80000980	015118a3	sh	x21,17(x2)	  x2:0x80008939 x21:0x00000000 PA:0x8000894a
       17575000	      1756	80000984	01851233	sll	x4,x10,x24	 x10:0x00000000 x24:0x80009fc4  x4=0x00000000
       17585000	      1757	80000988	19fcef37	lui	x30,0x19fce	 x30=0x19fce000
       17595000	      1758	8000098c	01632833	slt	x16,x6,x22	  x6:0x00000000 x22:0x00000000 x16=0x00000000
       17605000	      1759	80000990	01691bb3	sll	x23,x18,x22	 x18:0xf1ca4920 x22:0x00000000 x23=0xf1ca4920
       17615000	      1760	80000994	fb910f23	sb	x25,-66(x2)	  x2:0x80008939 x25:0x00000000 PA:0x800088f7
       17625000	      1761	80000998	529f6813	ori	x16,x30,1321	 x30:0x19fce000 x16=0x19fce529
       17635000	      1762	8000099c	03210d03	lb	x26,50(x2)	  x2:0x80008939 x26=0x00000000 PA:0x8000896b
       17645000	      1763	800009a0	41da0cb3	sub	x25,x20,x29	 x20:0x00000079 x29:0x00000000 x25=0x00000079
       17655000	      1764	800009a4	b249db37	lui	x22,0xb249d	 x22=0xb249d000
       17665000	      1765	800009a8	01d534b3	sltu	x9,x10,x29	 x10:0x00000000 x29:0x00000000  x9=0x00000000
       17675000	      1766	800009ac	3f4c2793	slti	x15,x24,1012	 x24:0x80009fc4 x15=0x00000001
       17685000	      1767	800009b0	32b15a03	lhu	x20,811(x2)	  x2:0x80008939 x20=0x00000000 PA:0x80008c64
       17695000	      1768	800009b4	005667b3	or	x15,x12,x5	 x12:0x80009f4c  x5:0x80009fc4 x15=0x80009fcc
       17705000	      1769	800009b8	93d34a93	xori	x21,x6,-1731	  x6:0x00000000 x21=0xfffff93d
       17715000	      1770	800009bc	94f88593	addi	x11,x17,-1713	 x17:0x00000000 x11=0xfffff94f
       17725000	      1771	800009c0	407fd8b3	sra	x17,x31,x7	 x31:0x00000000  x7:0x00000000 x17=0x00000000
       17735000	      1772	800009c4	08410923	sb	x4,146(x2)	  x2:0x80008939  x4:0x00000000 PA:0x800089cb
       17745000	      1773	800009c8	30414983	lbu	x19,772(x2)	  x2:0x80008939 x19=0x00000000 PA:0x80008c3d
       17755000	      1774	800009cc	00008117	auipc	x2,0x8	  x2=0x800089c8
       17765000	      1775	800009d0	82210113	addi	x2,x2,-2014	  x2:0x800089c8  x2=0x800081ea
       17775000	      1776	800009d4	013101a3	sb	x19,3(x2)	  x2:0x800081ea x19:0x00000000 PA:0x800081ed
       17785000	      1777	800009d8	00310503	lb	x10,3(x2)	  x2:0x800081ea x10=0x00000000 PA:0x800081ed
       17795000	      1778	800009dc	01e0e8b3	or	x17,x1,x30	  x1:0x00000000 x30:0x19fce000 x17=0x19fce000
       17805000	      1779	800009e0	159ab993	sltiu	x19,x21,345	 x21:0xfffff93d x19=0x00000000
       17815000	      1780	800009e4	77017d93	andi	x27,x2,1904	  x2:0x800081ea x27=0x00000160
       17825000	      1781	800009e8	00a15803	lhu	x16,10(x2)	  x2:0x800081ea x16=0x00000000 PA:0x800081f4
       17835000	      1782	800009ec	ff410da3	sb	x20,-5(x2)	  x2:0x800081ea x20:0x00000000 PA:0x800081e5
       17845000	      1783	800009f0	ffb14283	lbu	x5,-5(x2)	  x2:0x800081ea  x5=0x00000000 PA:0x800081e5
       17855000	      1784	800009f4	ff910b83	lb	x23,-7(x2)	  x2:0x800081ea x23=0x00000000 PA:0x800081e3
       17865000	      1785	800009f8	fef10ca3	sb	x15,-7(x2)	  x2:0x800081ea x15:0x80009fcc PA:0x800081e3
       17875000	      1786	800009fc	fe910ca3	sb	x9,-7(x2)	  x2:0x800081ea  x9:0x00000000 PA:0x800081e3
       17885000	      1787	80000a00	ff914e03	lbu	x28,-7(x2)	  x2:0x800081ea x28=0x00000000 PA:0x800081e3
       17895000	      1788	80000a04	00210183	lb	x3,2(x2)	  x2:0x800081ea  x3=0x00000000 PA:0x800081ec
       17905000	      1789	80000a08	00008397	auipc	x7,0x8	  x7=0x80008a04
       17915000	      1790	80000a0c	af238393	addi	x7,x7,-1294	  x7:0x80008a04  x7=0x800084f6
       17925000	      1791	80000a10	fe638c23	sb	x6,-8(x7)	  x7:0x800084f6  x6:0x00000000 PA:0x800084ee
       17935000	      1792	80000a14	0183cb33	xor	x22,x7,x24	  x7:0x800084f6 x24:0x80009fc4 x22=0x00001b32
       17945000	      1793	80000a18	006728b3	slt	x17,x14,x6	 x14:0x00000000  x6:0x00000000 x17=0x00000000
       17955000	      1794	80000a1c	ad8db413	sltiu	x8,x27,-1320	 x27:0x00000160  x8=0x00000001
       17965000	      1795	80000a20	0a03c283	lbu	x5,160(x7)	  x7:0x800084f6  x5=0x00000000 PA:0x80008596
       17975000	      1796	80000a24	01b3c283	lbu	x5,27(x7)	  x7:0x800084f6  x5=0x00000000 PA:0x80008511
       17985000	      1797	80000a28	0533ca83	lbu	x21,83(x7)	  x7:0x800084f6 x21=0x00000000 PA:0x80008549
       17995000	      1798	80000a2c	01b18233	add	x4,x3,x27	  x3:0x00000000 x27:0x00000160  x4=0x00000160
       18005000	      1799	80000a30	93cc2e13	slti	x28,x24,-1732	 x24:0x80009fc4 x28=0x00000001
       18015000	      1800	80000a34	f4a3ac83	lw	x25,-182(x7)	  x7:0x800084f6 x25=0x00000000 PA:0x80008440
       18025000	      1801	80000a38	0ea39f03	lh	x30,234(x7)	  x7:0x800084f6 x30=0x00000000 PA:0x800085e0
       18035000	      1802	80000a3c	fd038883	lb	x17,-48(x7)	  x7:0x800084f6 x17=0x00000000 PA:0x800084c6
       18045000	      1803	80000a40	00125533	srl	x10,x4,x1	  x4:0x00000160  x1:0x00000000 x10=0x00000160
       18055000	      1804	80000a44	007a47b3	xor	x15,x20,x7	 x20:0x00000000  x7:0x800084f6 x15=0x800084f6
       18065000	      1805	80000a48	210f3193	sltiu	x3,x30,528	 x30:0x00000000  x3=0x00000001
       18075000	      1806	80000a4c	f153c103	lbu	x2,-235(x7)	  x7:0x800084f6  x2=0x00000000 PA:0x8000840b
       18085000	      1807	80000a50	4140dab3	sra	x21,x1,x20	  x1:0x00000000 x20:0x00000000 x21=0x00000000
       18095000	      1808	80000a54	08a39523	sh	x10,138(x7)	  x7:0x800084f6 x10:0x00000160 PA:0x80008580
       18105000	      1809	80000a58	f9c3de83	lhu	x29,-100(x7)	  x7:0x800084f6 x29=0x00000000 PA:0x80008492
       18115000	      1810	80000a5c	0433ab23	sw	x3,86(x7)	  x7:0x800084f6  x3:0x00000001 PA:0x8000854c
       18125000	      1811	80000a60	01c45e13	srli	x28,x8,0x1c	  x8:0x00000001 x28=0x00000000
       18135000	      1812	80000a64	f6f38ea3	sb	x15,-131(x7)	  x7:0x800084f6 x15:0x800084f6 PA:0x80008473
       18145000	      1813	80000a68	0ed38083	lb	x1,237(x7)	  x7:0x800084f6  x1=0x00000000 PA:0x800085e3
       18155000	      1814	80000a6c	a4024eb7	lui	x29,0xa4024	 x29=0xa4024000
       18165000	      1815	80000a70	f5738a03	lb	x20,-169(x7)	  x7:0x800084f6 x20=0x00000000 PA:0x8000844d
       18175000	      1816	80000a74	00008117	auipc	x2,0x8	  x2=0x80008a70
       18185000	      1817	80000a78	c3510113	addi	x2,x2,-971	  x2:0x80008a70  x2=0x800086a5
       18195000	      1818	80000a7c	f5e10083	lb	x1,-162(x2)	  x2:0x800086a5  x1=0x00000000 PA:0x80008603
       18205000	      1819	80000a80	00480033	add	x0,x16,x4	 x16:0x00000000  x4:0x00000160
       18215000	      1820	80000a84	009c5533	srl	x10,x24,x9	 x24:0x80009fc4  x9:0x00000000 x10=0x80009fc4
       18225000	      1821	80000a88	008227b3	slt	x15,x4,x8	  x4:0x00000160  x8:0x00000001 x15=0x00000000
       18235000	      1822	80000a8c	435cb213	sltiu	x4,x25,1077	 x25:0x00000000  x4=0x00000001
       18245000	      1823	80000a90	01c770b3	and	x1,x14,x28	 x14:0x00000000 x28:0x00000000  x1=0x00000000
       18255000	      1824	80000a94	00e45d33	srl	x26,x8,x14	  x8:0x00000001 x14:0x00000000 x26=0x00000001
       18265000	      1825	80000a98	06110583	lb	x11,97(x2)	  x2:0x800086a5 x11=0x00000000 PA:0x80008706
       18275000	      1826	80000a9c	09711ea3	sh	x23,157(x2)	  x2:0x800086a5 x23:0x00000000 PA:0x80008742
       18285000	      1827	80000aa0	00000013	addi	x0,x0,0	  x0:0x00000000
       18295000	      1828	80000aa4	01210703	lb	x14,18(x2)	  x2:0x800086a5 x14=0x00000000 PA:0x800086b7
       18305000	      1829	80000aa8	00000013	addi	x0,x0,0	  x0:0x00000000
       18315000	      1830	80000aac	f3410ea3	sb	x20,-195(x2)	  x2:0x800086a5 x20:0x00000000 PA:0x800085e2
       18325000	      1831	80000ab0	41637cb7	lui	x25,0x41637	 x25=0x41637000
       18335000	      1832	80000ab4	56d78193	addi	x3,x15,1389	 x15:0x00000000  x3=0x0000056d
       18345000	      1833	80000ab8	1194a413	slti	x8,x9,281	  x9:0x00000000  x8=0x00000001
       18355000	      1834	80000abc	4e69e3b7	lui	x7,0x4e69e	  x7=0x4e69e000
       18365000	      1835	80000ac0	f5210803	lb	x16,-174(x2)	  x2:0x800086a5 x16=0x00000000 PA:0x800085f7
       18375000	      1836	80000ac4	0cf15403	lhu	x8,207(x2)	  x2:0x800086a5  x8=0x00000000 PA:0x80008774
       18385000	      1837	80000ac8	06c10403	lb	x8,108(x2)	  x2:0x800086a5  x8=0x00000000 PA:0x80008711
       18395000	      1838	80000acc	00f1dab3	srl	x21,x3,x15	  x3:0x0000056d x15:0x00000000 x21=0x0000056d
       18405000	      1839	80000ad0	0a911aa3	sh	x9,181(x2)	  x2:0x800086a5  x9:0x00000000 PA:0x8000875a
       18415000	      1840	80000ad4	b6ba8e93	addi	x29,x21,-1173	 x21:0x0000056d x29=0x000000d8
       18425000	      1841	80000ad8	f2110e23	sb	x1,-196(x2)	  x2:0x800086a5  x1:0x00000000 PA:0x800085e1
       18435000	      1842	80000adc	f0410823	sb	x4,-240(x2)	  x2:0x800086a5  x4:0x00000001 PA:0x800085b5
       18445000	      1843	80000ae0	014dc7b3	xor	x15,x27,x20	 x27:0x00000160 x20:0x00000000 x15=0x00000160
       18455000	      1844	80000ae4	f9115403	lhu	x8,-111(x2)	  x2:0x800086a5  x8=0x00000000 PA:0x80008636
       18465000	      1845	00000000	00000013	addi	x0,x0,0	  x0:0x00000000
       18475000	      1846	80000ae8	f88108a3	sb	x8,-111(x2)	  x2:0x800086a5  x8:0x00000000 PA:0x80008636
       18485000	      1847	80000aec	0fa14f03	lbu	x30,250(x2)	  x2:0x800086a5 x30=0x00000000 PA:0x8000879f
       18495000	      1848	80000af0	f54a0e97	auipc	x29,0xf54a0	 x29=0x754a0aec
       18505000	      1849	80000af4	0f810aa3	sb	x24,245(x2)	  x2:0x800086a5 x24:0x80009fc4 PA:0x8000879a
       18515000	      1850	80000af8	094104a3	sb	x20,137(x2)	  x2:0x800086a5 x20:0x00000000 PA:0x8000872e
       18525000	      1851	80000afc	0129dc93	srli	x25,x19,0x12	 x19:0x00000000 x25=0x00000000
       18535000	      1852	80000b00	ee6bb293	sltiu	x5,x23,-282	 x23:0x00000000  x5=0x00000001
       18545000	      1853	80000b04	0fe10783	lb	x15,254(x2)	  x2:0x800086a5 x15=0x00000000 PA:0x800087a3
       18555000	      1854	80000b08	00008c97	auipc	x25,0x8	 x25=0x80008b04
       18565000	      1855	80000b0c	4c5c8c93	addi	x25,x25,1221	 x25:0x80008b04 x25=0x80008fc9
       18575000	      1856	80000b10	00008e97	auipc	x29,0x8	 x29=0x80008b0c
       18585000	      1857	80000b14	2eee8e93	addi	x29,x29,750	 x29:0x80008b0c x29=0x80008dfa
       18595000	      1858	80000b18	00008797	auipc	x15,0x8	 x15=0x80008b14
       18605000	      1859	80000b1c	ea278793	addi	x15,x15,-350	 x15:0x80008b14 x15=0x800089b6
       18615000	      1860	80000b20	f04e9b83	lh	x23,-252(x29)	 x29:0x80008dfa x23=0x00000000 PA:0x80008cfe
       18625000	      1861	80000b24	ff8cc583	lbu	x11,-8(x25)	 x25:0x80008fc9 x11=0x000000b3 PA:0x80008fc1
       18635000	      1862	80000b28	00008a17	auipc	x20,0x8	 x20=0x80008b24
       18645000	      1863	80000b2c	d53a0a13	addi	x20,x20,-685	 x20:0x80008b24 x20=0x80008877
       18655000	      1864	80000b30	45f7cf83	lbu	x31,1119(x15)	 x15:0x800089b6 x31=0x00000000 PA:0x80008e15
       18665000	      1865	80000b34	2db78183	lb	x3,731(x15)	 x15:0x800089b6  x3=0x00000000 PA:0x80008c91
       18675000	      1866	80000b38	004c8b23	sb	x4,22(x25)	 x25:0x80008fc9  x4:0x00000001 PA:0x80008fdf
       18685000	      1867	80000b3c	00eea083	lw	x1,14(x29)	 x29:0x80008dfa  x1=0x00000000 PA:0x80008e08
       18695000	      1868	80000b40	fedcd203	lhu	x4,-19(x25)	 x25:0x80008fc9  x4=0x00000000 PA:0x80008fb6
       18705000	      1869	80000b44	00ca0623	sb	x12,12(x20)	 x20:0x80008877 x12:0x80009f4c PA:0x80008883
       18715000	      1870	80000b48	4ed78183	lb	x3,1261(x15)	 x15:0x800089b6  x3=0x00000000 PA:0x80008ea3
       18725000	      1871	80000b4c	01aa06a3	sb	x26,13(x20)	 x20:0x80008877 x26:0x00000001 PA:0x80008884
       18735000	      1872	80000b50	f6fec203	lbu	x4,-145(x29)	 x29:0x80008dfa  x4=0x00000000 PA:0x80008d69
       18745000	      1873	80000b54	fc8ccd03	lbu	x26,-56(x25)	 x25:0x80008fc9 x26=0x00000000 PA:0x80008f91
       18755000	      1874	80000b58	0f37c083	lbu	x1,243(x15)	 x15:0x800089b6  x1=0x00000000 PA:0x80008aa9
       18765000	      1875	80000b5c	ff0a4883	lbu	x17,-16(x20)	 x20:0x80008877 x17=0x00000000 PA:0x80008867
       18775000	      1876	80000b60	f5fe8103	lb	x2,-161(x29)	 x29:0x80008dfa  x2=0x00000000 PA:0x80008d59
       18785000	      1877	80000b64	fd2c8503	lb	x10,-46(x25)	 x25:0x80008fc9 x10=0x00000000 PA:0x80008f9b
       18795000	      1878	80000b68	17279983	lh	x19,370(x15)	 x15:0x800089b6 x19=0x00000000 PA:0x80008b28
       18805000	      1879	80000b6c	001c8423	sb	x1,8(x25)	 x25:0x80008fc9  x1:0x00000000 PA:0x80008fd1
       18815000	      1880	80000b70	ff5a5d03	lhu	x26,-11(x20)	 x20:0x80008877 x26=0x00000000 PA:0x8000886c
       18825000	      1881	80000b74	46b78803	lb	x16,1131(x15)	 x15:0x800089b6 x16=0x00000000 PA:0x80008e21
       18835000	      1882	80000b78	01c79003	lh	x0,28(x15)	 x15:0x800089b6 PA:0x800089d2
       18845000	      1883	80000b7c	052e9c23	sh	x18,88(x29)	 x29:0x80008dfa x18:0xf1ca4920 PA:0x80008e52
       18855000	      1884	80000b80	005a4403	lbu	x8,5(x20)	 x20:0x80008877  x8=0x00000000 PA:0x8000887c
       18865000	      1885	80000b84	4ad78903	lb	x18,1197(x15)	 x15:0x800089b6 x18=0x00000000 PA:0x80008e63
       18875000	      1886	80000b88	febc8d83	lb	x27,-21(x25)	 x25:0x80008fc9 x27=0x00000000 PA:0x80008fb4
       18885000	      1887	80000b8c	fffa4a83	lbu	x21,-1(x20)	 x20:0x80008877 x21=0x00000000 PA:0x80008876
       18895000	      1888	80000b90	fe6a0da3	sb	x6,-5(x20)	 x20:0x80008877  x6:0x00000000 PA:0x80008872
       18905000	      1889	80000b94	ff5a2303	lw	x6,-11(x20)	 x20:0x80008877  x6=0x00000000 PA:0x8000886c
       18915000	      1890	80000b98	00007117	auipc	x2,0x7	  x2=0x80007b94
       18925000	      1891	80000b9c	64510113	addi	x2,x2,1605	  x2:0x80007b94  x2=0x800081d9
       18935000	      1892	80000ba0	faa10123	sb	x10,-94(x2)	  x2:0x800081d9 x10:0x00000000 PA:0x8000817b
       18945000	      1893	80000ba4	d03b8f37	lui	x30,0xd03b8	 x30=0xd03b8000
       18955000	      1894	80000ba8	fc510403	lb	x8,-59(x2)	  x2:0x800081d9  x8=0x00000000 PA:0x8000819e
       18965000	      1895	80000bac	0af14c83	lbu	x25,175(x2)	  x2:0x800081d9 x25=0x00000079 PA:0x80008288
       18975000	      1896	80000bb0	0ba107a3	sb	x26,175(x2)	  x2:0x800081d9 x26:0x00000000 PA:0x80008288
       18985000	      1897	80000bb4	0ad107a3	sb	x13,175(x2)	  x2:0x800081d9 x13:0x0f703179 PA:0x80008288
       18995000	      1898	80000bb8	0af12003	lw	x0,175(x2)	  x2:0x800081d9 PA:0x80008288
       19005000	      1899	80000bbc	f65104a3	sb	x5,-151(x2)	  x2:0x800081d9  x5:0x00000001 PA:0x80008142
       19015000	      1900	80000bc0	f7e104a3	sb	x30,-151(x2)	  x2:0x800081d9 x30:0xd03b8000 PA:0x80008142
       19025000	      1901	80000bc4	ffb10ca3	sb	x27,-7(x2)	  x2:0x800081d9 x27:0x00000000 PA:0x800081d2
       19035000	      1902	80000bc8	00da1733	sll	x14,x20,x13	 x20:0x80008877 x13:0x0f703179 x14=0xee000000
       19045000	      1903	80000bcc	00f2acb3	slt	x25,x5,x15	  x5:0x00000001 x15:0x800089b6 x25=0x00000000
       19055000	      1904	80000bd0	ff910483	lb	x9,-7(x2)	  x2:0x800081d9  x9=0x00000000 PA:0x800081d2
       19065000	      1905	80000bd4	ff914503	lbu	x10,-7(x2)	  x2:0x800081d9 x10=0x00000000 PA:0x800081d2
       19075000	      1906	80000bd8	ff911b83	lh	x23,-7(x2)	  x2:0x800081d9 x23=0x00000000 PA:0x800081d2
       19085000	      1907	80000bdc	ff915903	lhu	x18,-7(x2)	  x2:0x800081d9 x18=0x00000000 PA:0x800081d2
       19095000	      1908	80000be0	ff911203	lh	x4,-7(x2)	  x2:0x800081d9  x4=0x00000000 PA:0x800081d2
       19105000	      1909	80000be4	fe811ca3	sh	x8,-7(x2)	  x2:0x800081d9  x8:0x00000000 PA:0x800081d2
       19115000	      1910	80000be8	01f12a83	lw	x21,31(x2)	  x2:0x800081d9 x21=0x00000000 PA:0x800081f8
       19125000	      1911	80000bec	36fa2313	slti	x6,x20,879	 x20:0x80008877  x6=0x00000001
       19135000	      1912	80000bf0	0078bf33	sltu	x30,x17,x7	 x17:0x00000000  x7:0x4e69e000 x30=0x00000001
       19145000	      1913	80000bf4	00310fa3	sb	x3,31(x2)	  x2:0x800081d9  x3:0x00000000 PA:0x800081f8
       19155000	      1914	80000bf8	f9810a83	lb	x21,-104(x2)	  x2:0x800081d9 x21=0x00000000 PA:0x80008171
       19165000	      1915	80000bfc	f9810d03	lb	x26,-104(x2)	  x2:0x800081d9 x26=0x00000000 PA:0x80008171
       19175000	      1916	80000c00	599afa37	lui	x20,0x599af	 x20=0x599af000
       19185000	      1917	80000c04	04d103a3	sb	x13,71(x2)	  x2:0x800081d9 x13:0x0f703179 PA:0x80008220
       19195000	      1918	80000c08	00008497	auipc	x9,0x8	  x9=0x80008c04
       19205000	      1919	80000c0c	e1c48493	addi	x9,x9,-484	  x9:0x80008c04  x9=0x80008a20
       19215000	      1920	80000c10	00008317	auipc	x6,0x8	  x6=0x80008c0c
       19225000	      1921	80000c14	d5330313	addi	x6,x6,-685	  x6:0x80008c0c  x6=0x8000895f
       19235000	      1922	80000c18	ff649803	lh	x16,-10(x9)	  x9:0x80008a20 x16=0x00000000 PA:0x80008a16
       19245000	      1923	80000c1c	00008f97	auipc	x31,0x8	 x31=0x80008c18
       19255000	      1924	80000c20	009f8f93	addi	x31,x31,9	 x31:0x80008c18 x31=0x80008c21
       19265000	      1925	80000c24	f2430103	lb	x2,-220(x6)	  x6:0x8000895f  x2=0x0000004c PA:0x80008883
       19275000	      1926	80000c28	00f4c503	lbu	x10,15(x9)	  x9:0x80008a20 x10=0x00000000 PA:0x80008a2f
       19285000	      1927	80000c2c	ffb4cb83	lbu	x23,-5(x9)	  x9:0x80008a20 x23=0x00000000 PA:0x80008a1b
       19295000	      1928	80000c30	005f8623	sb	x5,12(x31)	 x31:0x80008c21  x5:0x00000001 PA:0x80008c2d
       19305000	      1929	80000c34	67234e03	lbu	x28,1650(x6)	  x6:0x8000895f x28=0x00000000 PA:0x80008fd1
       19315000	      1930	80000c38	01049023	sh	x16,0(x9)	  x9:0x80008a20 x16:0x00000000 PA:0x80008a20
       19325000	      1931	80000c3c	51530c23	sb	x21,1304(x6)	  x6:0x8000895f x21:0x00000000 PA:0x80008e77
       19335000	      1932	80000c40	00bfd583	lhu	x11,11(x31)	 x31:0x80008c21 x11=0x00000100 PA:0x80008c2c
       19345000	      1933	00000000	00000013	addi	x0,x0,0	  x0:0x00000000
       19355000	      1934	80000c44	00bfca03	lbu	x20,11(x31)	 x31:0x80008c21 x20=0x00000000 PA:0x80008c2c
       19365000	      1935	80000c48	00548d03	lb	x26,5(x9)	  x9:0x80008a20 x26=0x00000000 PA:0x80008a25
       19375000	      1936	80000c4c	00dfce83	lbu	x29,13(x31)	 x31:0x80008c21 x29=0x00000000 PA:0x80008c2e
       19385000	      1937	80000c50	2db31b03	lh	x22,731(x6)	  x6:0x8000895f x22=0x00000000 PA:0x80008c3a
       19395000	      1938	80000c54	069311a3	sh	x9,99(x6)	  x6:0x8000895f  x9:0x80008a20 PA:0x800089c2
       19405000	      1939	80000c58	00d4c983	lbu	x19,13(x9)	  x9:0x80008a20 x19=0x00000000 PA:0x80008a2d
       19415000	      1940	80000c5c	4a534183	lbu	x3,1189(x6)	  x6:0x8000895f  x3=0x00000000 PA:0x80008e04
       19425000	      1941	80000c60	fe4f8923	sb	x4,-14(x31)	 x31:0x80008c21  x4:0x00000000 PA:0x80008c13
       19435000	      1942	80000c64	ff748903	lb	x18,-9(x9)	  x9:0x80008a20 x18=0x00000000 PA:0x80008a17
       19445000	      1943	80000c68	0014c903	lbu	x18,1(x9)	  x9:0x80008a20 x18=0x00000000 PA:0x80008a21
       19455000	      1944	80000c6c	00008397	auipc	x7,0x8	  x7=0x80008c68
       19465000	      1945	80000c70	a6838393	addi	x7,x7,-1432	  x7:0x80008c68  x7=0x800086d0
       19475000	      1946	80000c74	00007a17	auipc	x20,0x7	 x20=0x80007c70
       19485000	      1947	80000c78	589a0a13	addi	x20,x20,1417	 x20:0x80007c70 x20=0x800081f9
       19495000	      1948	80000c7c	00008517	auipc	x10,0x8	 x10=0x80008c78
       19505000	      1949	80000c80	94450513	addi	x10,x10,-1724	 x10:0x80008c78 x10=0x800085bc
       19515000	      1950	80000c84	449a5403	lhu	x8,1097(x20)	 x20:0x800081f9  x8=0x00000000 PA:0x80008642
       19525000	      1951	80000c88	00008d17	auipc	x26,0x8	 x26=0x80008c84
       19535000	      1952	80000c8c	8e8d0d13	addi	x26,x26,-1816	 x26:0x80008c84 x26=0x8000856c
       19545000	      1953	80000c90	fcea4403	lbu	x8,-50(x20)	 x20:0x800081f9  x8=0x00000000 PA:0x800081c7
       19555000	      1954	80000c94	000d04a3	sb	x0,9(x26)	 x26:0x8000856c  x0:0x00000000 PA:0x80008575
       19565000	      1955	80000c98	00007097	auipc	x1,0x7	  x1=0x80007c94
       19575000	      1956	80000c9c	76308093	addi	x1,x1,1891	  x1:0x80007c94  x1=0x800083f7
       19585000	      1957	80000ca0	ff439a23	sh	x20,-12(x7)	  x7:0x800086d0 x20:0x800081f9 PA:0x800086c4
       19595000	      1958	80000ca4	ee4092a3	sh	x4,-283(x1)	  x1:0x800083f7  x4:0x00000000 PA:0x800082dc
       19605000	      1959	80000ca8	fe551823	sh	x5,-16(x10)	 x10:0x800085bc  x5:0x00000001 PA:0x800085ac
       19615000	      1960	80000cac	0d150a83	lb	x21,209(x10)	 x10:0x800085bc x21=0x00000000 PA:0x8000868d
       19625000	      1961	80000cb0	00038023	sb	x0,0(x7)	  x7:0x800086d0  x0:0x00000000 PA:0x800086d0
       19635000	      1962	80000cb4	37d0a983	lw	x19,893(x1)	  x1:0x800083f7 x19=0x00000000 PA:0x80008774
       19645000	      1963	80000cb8	fe1d0ea3	sb	x1,-3(x26)	 x26:0x8000856c  x1:0x800083f7 PA:0x80008569
       19655000	      1964	80000cbc	ffe39f03	lh	x30,-2(x7)	  x7:0x800086d0 x30=0x00000000 PA:0x800086ce
       19665000	      1965	80000cc0	ff838c83	lb	x25,-8(x7)	  x7:0x800086d0 x25=0x00000000 PA:0x800086c8
       19675000	      1966	80000cc4	00ed1783	lh	x15,14(x26)	 x26:0x8000856c x15=0x00000000 PA:0x8000857a
       19685000	      1967	80000cc8	01f501a3	sb	x31,3(x10)	 x10:0x800085bc x31:0x80008c21 PA:0x800085bf
       19695000	      1968	80000ccc	f6e08d83	lb	x27,-146(x1)	  x1:0x800083f7 x27=0x00000000 PA:0x80008365
       19705000	      1969	80000cd0	00c38783	lb	x15,12(x7)	  x7:0x800086d0 x15=0x00000000 PA:0x800086dc
       19715000	      1970	80000cd4	ff439a83	lh	x21,-12(x7)	  x7:0x800086d0 x21=0xffff81f9 PA:0x800086c4
       19725000	      1971	80000cd8	ca00c903	lbu	x18,-864(x1)	  x1:0x800083f7 x18=0x00000000 PA:0x80008097
       19735000	      1972	80000cdc	0160cc83	lbu	x25,22(x1)	  x1:0x800083f7 x25=0x00000000 PA:0x8000840d
       19745000	      1973	80000ce0	f3154803	lbu	x16,-207(x10)	 x10:0x800085bc x16=0x00000000 PA:0x800084ed
       19755000	      1974	80000ce4	fe1d0483	lb	x9,-31(x26)	 x26:0x8000856c  x9=0x00000000 PA:0x8000854d
       19765000	      1975	80000ce8	077508a3	sb	x23,113(x10)	 x10:0x800085bc x23:0x00000000 PA:0x8000862d
       19775000	      1976	80000cec	ffa39183	lh	x3,-6(x7)	  x7:0x800086d0  x3=0x00000000 PA:0x800086ca
       19785000	      1977	80000cf0	00138583	lb	x11,1(x7)	  x7:0x800086d0 x11=0x00000000 PA:0x800086d1
       19795000	      1978	80000cf4	01ed1283	lh	x5,30(x26)	 x26:0x8000856c  x5=0x00000000 PA:0x8000858a
       19805000	      1979	00000000	00000013	addi	x0,x0,0	  x0:0x00000000
       19815000	      1980	80000cf8	ec5a25a3	sw	x5,-309(x20)	 x20:0x800081f9  x5:0x00000000 PA:0x800080c4
       19825000	      1981	80000cfc	f0f08623	sb	x15,-244(x1)	  x1:0x800083f7 x15:0x00000000 PA:0x80008303
       19835000	      1982	80000d00	fd5d0783	lb	x15,-43(x26)	 x26:0x8000856c x15=0x00000000 PA:0x80008541
       19845000	      1983	80000d04	ca008403	lb	x8,-864(x1)	  x1:0x800083f7  x8=0x00000000 PA:0x80008097
       19855000	      1984	80000d08	11fa0ca3	sb	x31,281(x20)	 x20:0x800081f9 x31:0x80008c21 PA:0x80008312
       19865000	      1985	80000d0c	04f54d83	lbu	x27,79(x10)	 x10:0x800085bc x27=0x00000000 PA:0x8000860b
       19875000	      1986	80000d10	0d655783	lhu	x15,214(x10)	 x10:0x800085bc x15=0x00000000 PA:0x80008692
       19885000	      1987	80000d14	ff53c283	lbu	x5,-11(x7)	  x7:0x800086d0  x5=0x00000081 PA:0x800086c5
       19895000	      1988	80000d18	5cca0183	lb	x3,1484(x20)	 x20:0x800081f9  x3=0x00000000 PA:0x800087c5
       19905000	      1989	80000d1c	0310a983	lw	x19,49(x1)	  x1:0x800083f7 x19=0x00000000 PA:0x80008428
       19915000	      1990	80000d20	00008b17	auipc	x22,0x8	 x22=0x80008d1c
       19925000	      1991	80000d24	245b0b13	addi	x22,x22,581	 x22:0x80008d1c x22=0x80008f61
       19935000	      1992	80000d28	fe3f4f13	xori	x30,x30,-29	 x30:0x00000000 x30=0xffffffe3
       19945000	      1993	80000d2c	a3ed6e93	ori	x29,x26,-1474	 x26:0x8000856c x29=0xffffff7e
       19955000	      1994	80000d30	01e752b3	srl	x5,x14,x30	 x14:0xee000000 x30:0xffffffe3  x5=0x1dc00000
       19965000	      1995	80000d34	03fb5f83	lhu	x31,63(x22)	 x22:0x80008f61 x31=0x00000000 PA:0x80008fa0
       19975000	      1996	80000d38	0060d933	srl	x18,x1,x6	  x1:0x800083f7  x6:0x8000895f x18=0x00000001
       19985000	      1997	80000d3c	8aae2b93	slti	x23,x28,-1878	 x28:0x00000000 x23=0x00000000
       19995000	      1998	80000d40	fe1b5e03	lhu	x28,-31(x22)	 x22:0x80008f61 x28=0x00000000 PA:0x80008f42
       20005000	      1999	80000d44	00000013	addi	x0,x0,0	  x0:0x00000000
       20015000	      2000	80000d48	03bb0983	lb	x19,59(x22)	 x22:0x80008f61 x19=0x00000000 PA:0x80008f9c
       20025000	      2001	80000d4c	006b5f33	srl	x30,x22,x6	 x22:0x80008f61  x6:0x8000895f x30=0x00000001
       20035000	      2002	80000d50	017917b3	sll	x15,x18,x23	 x18:0x00000001 x23:0x00000000 x15=0x00000001
       20045000	      2003	80000d54	417d5e33	sra	x28,x26,x23	 x26:0x8000856c x23:0x00000000 x28=0x8000856c
       20055000	      2004	80000d58	003b4103	lbu	x2,3(x22)	 x22:0x80008f61  x2=0x00000000 PA:0x80008f64
       20065000	      2005	80000d5c	d0300793	addi	x15,x0,-765	  x0:0x00000000 x15=0xfffffd03
       20075000	      2006	80000d60	40cb8ab3	sub	x21,x23,x12	 x23:0x00000000 x12:0x80009f4c x21=0x7fff60b4
       20085000	      2007	80000d64	400bd713	srai	x14,x23,0x0	 x23:0x00000000 x14=0x00000000
       20095000	      2008	80000d68	00e26233	or	x4,x4,x14	  x4:0x00000000 x14:0x00000000  x4=0x00000000
       20105000	      2009	80000d6c	017e5413	srli	x8,x28,0x17	 x28:0x8000856c  x8=0x00000100
       20115000	      2010	80000d70	fd1b0623	sb	x17,-52(x22)	 x22:0x80008f61 x17:0x00000000 PA:0x80008f2d
       20125000	      2011	80000d74	7280c097	auipc	x1,0x7280c	  x1=0xf280cd70
       20135000	      2012	80000d78	031b5983	lhu	x19,49(x22)	 x22:0x80008f61 x19=0x00000000 PA:0x80008f92
       20145000	      2013	80000d7c	409dd093	srai	x1,x27,0x9	 x27:0x00000000  x1=0x00000000
       20155000	      2014	80000d80	0049d433	srl	x8,x19,x4	 x19:0x00000000  x4:0x00000000  x8=0x00000000
       20165000	      2015	80000d84	01c99a13	slli	x20,x19,0x1c	 x19:0x00000000 x20=0x00000000
       20175000	      2016	80000d88	be06d497	auipc	x9,0xbe06d	  x9=0x3e06dd84
       20185000	      2017	80000d8c	fe6b4703	lbu	x14,-26(x22)	 x22:0x80008f61 x14=0x00000000 PA:0x80008f47
       20195000	      2018	80000d90	00f5d493	srli	x9,x11,0xf	 x11:0x00000000  x9=0x00000000
       20205000	      2019	80000d94	00000013	addi	x0,x0,0	  x0:0x00000000
       20215000	      2020	80000d98	407f7813	andi	x16,x30,1031	 x30:0x00000001 x16=0x00000001
       20225000	      2021	80000d9c	20d92193	slti	x3,x18,525	 x18:0x00000001  x3=0x00000001
       20235000	      2022	80000da0	00f258b3	srl	x17,x4,x15	  x4:0x00000000 x15:0xfffffd03 x17=0x00000000
       20245000	      2023	80000da4	fd3b0123	sb	x19,-62(x22)	 x22:0x80008f61 x19:0x00000000 PA:0x80008f23
       20255000	      2024	80000da8	0c64ef17	auipc	x30,0xc64e	 x30=0x8c64eda4
       20265000	      2025	80000dac	b1a4a717	auipc	x14,0xb1a4a	 x14=0x31a4ada8
       20275000	      2026	80000db0	9b032e13	slti	x28,x6,-1616	  x6:0x8000895f x28=0x00000001
       20285000	      2027	80000db4	033b18a3	sh	x19,49(x22)	 x22:0x80008f61 x19:0x00000000 PA:0x80008f92
       20295000	      2028	80000db8	a93af193	andi	x3,x21,-1389	 x21:0x7fff60b4  x3=0x7fff6090
       20305000	      2029	80000dbc	1503fc97	auipc	x25,0x1503f	 x25=0x9503fdb8
       20315000	      2030	80000dc0	02db0203	lb	x4,45(x22)	 x22:0x80008f61  x4=0x00000000 PA:0x80008f8e
       20325000	      2031	80000dc4	00007897	auipc	x17,0x7	 x17=0x80007dc0
       20335000	      2032	80000dc8	63888893	addi	x17,x17,1592	 x17:0x80007dc0 x17=0x800083f8
       20345000	      2033	80000dcc	0088a183	lw	x3,8(x17)	 x17:0x800083f8  x3=0x00000000 PA:0x80008400
       20355000	      2034	80000dd0	0027d0b3	srl	x1,x15,x2	 x15:0xfffffd03  x2:0x00000000  x1=0xfffffd03
       20365000	      2035	80000dd4	01a88223	sb	x26,4(x17)	 x17:0x800083f8 x26:0x8000856c PA:0x800083fc
       20375000	      2036	80000dd8	0071b133	sltu	x2,x3,x7	  x3:0x00000000  x7:0x800086d0  x2=0x00000001
       20385000	      2037	80000ddc	0144f733	and	x14,x9,x20	  x9:0x00000000 x20:0x00000000 x14=0x00000000
       20395000	      2038	80000de0	f81fbe97	auipc	x29,0xf81fb	 x29=0x781fbddc
       20405000	      2039	80000de4	00f88a03	lb	x20,15(x17)	 x17:0x800083f8 x20=0x00000000 PA:0x80008407
       20415000	      2040	80000de8	ff9889a3	sb	x25,-13(x17)	 x17:0x800083f8 x25:0x9503fdb8 PA:0x800083eb
       20425000	      2041	80000dec	ffd88aa3	sb	x29,-11(x17)	 x17:0x800083f8 x29:0x781fbddc PA:0x800083ed
       20435000	      2042	80000df0	00a880a3	sb	x10,1(x17)	 x17:0x800083f8 x10:0x800085bc PA:0x800083f9
       20445000	      2043	80000df4	ffc88c23	sb	x28,-8(x17)	 x17:0x800083f8 x28:0x00000001 PA:0x800083f0
       20455000	      2044	80000df8	fef88923	sb	x15,-14(x17)	 x17:0x800083f8 x15:0xfffffd03 PA:0x800083ea
       20465000	      2045	80000dfc	00a8dd83	lhu	x27,10(x17)	 x17:0x800083f8 x27=0x00000000 PA:0x80008402
       20475000	      2046	80000e00	0011be33	sltu	x28,x3,x1	  x3:0x00000000  x1:0xfffffd03 x28=0x00000001
       20485000	      2047	80000e04	ff488aa3	sb	x20,-11(x17)	 x17:0x800083f8 x20:0x00000000 PA:0x800083ed
       20495000	      2048	80000e08	013433b3	sltu	x7,x8,x19	  x8:0x00000000 x19:0x00000000  x7=0x00000000
       20505000	      2049	80000e0c	fe088da3	sb	x0,-5(x17)	 x17:0x800083f8  x0:0x00000000 PA:0x800083f3
       20515000	      2050	80000e10	0038cb03	lbu	x22,3(x17)	 x17:0x800083f8 x22=0x00000000 PA:0x800083fb
       20525000	      2051	80000e14	00909713	slli	x14,x1,0x9	  x1:0xfffffd03 x14=0xfffa0600
       20535000	      2052	80000e18	fef88e23	sb	x15,-4(x17)	 x17:0x800083f8 x15:0xfffffd03 PA:0x800083f4
       20545000	      2053	80000e1c	ff088783	lb	x15,-16(x17)	 x17:0x800083f8 x15=0x00000000 PA:0x800083e8
       20555000	      2054	80000e20	ffa8d183	lhu	x3,-6(x17)	 x17:0x800083f8  x3=0x00000000 PA:0x800083f2
       20565000	      2055	80000e24	00588023	sb	x5,0(x17)	 x17:0x800083f8  x5:0x1dc00000 PA:0x800083f8
       20575000	      2056	80000e28	417cdb33	sra	x22,x25,x23	 x25:0x9503fdb8 x23:0x00000000 x22=0x9503fdb8
       20585000	      2057	80000e2c	ff388b83	lb	x23,-13(x17)	 x17:0x800083f8 x23=0xffffffb8 PA:0x800083eb
       20595000	      2058	80000e30	20c55cb7	lui	x25,0x20c55	 x25=0x20c55000
       20605000	      2059	80000e34	00e11393	slli	x7,x2,0xe	  x2:0x00000001  x7=0x00004000
       20615000	      2060	80000e38	96a4ba93	sltiu	x21,x9,-1686	  x9:0x00000000 x21=0x00000001
       20625000	      2061	80000e3c	0064bf33	sltu	x30,x9,x6	  x9:0x00000000  x6:0x8000895f x30=0x00000001
       20635000	      2062	80000e40	00889a83	lh	x21,8(x17)	 x17:0x800083f8 x21=0x00000000 PA:0x80008400
       20645000	      2063	80000e44	fe289923	sh	x2,-14(x17)	 x17:0x800083f8  x2:0x00000001 PA:0x800083ea
       20655000	      2064	80000e48	00788d83	lb	x27,7(x17)	 x17:0x800083f8 x27=0x00000000 PA:0x800083ff
       20665000	      2065	80000e4c	ff68df83	lhu	x31,-10(x17)	 x17:0x800083f8 x31=0x00000000 PA:0x800083ee
       20675000	      2066	80000e50	00a89a83	lh	x21,10(x17)	 x17:0x800083f8 x21=0x00000000 PA:0x80008402
       20685000	      2067	80000e54	c2231ab7	lui	x21,0xc2231	 x21=0xc2231000
       20695000	      2068	80000e58	01d886a3	sb	x29,13(x17)	 x17:0x800083f8 x29:0x781fbddc PA:0x80008405
       20705000	      2069	80000e5c	00008417	auipc	x8,0x8	  x8=0x80008e58
       20715000	      2070	80000e60	f6b40413	addi	x8,x8,-149	  x8:0x80008e58  x8=0x80008dc3
       20725000	      2071	80000e64	21344e03	lbu	x28,531(x8)	  x8:0x80008dc3 x28=0x00000000 PA:0x80008fd6
       20735000	      2072	80000e68	00008497	auipc	x9,0x8	  x9=0x80008e64
       20745000	      2073	80000e6c	16348493	addi	x9,x9,355	  x9:0x80008e64  x9=0x80008fc7
       20755000	      2074	80000e70	fa84c383	lbu	x7,-88(x9)	  x9:0x80008fc7  x7=0x00000000 PA:0x80008f6f
       20765000	      2075	80000e74	e5940383	lb	x7,-423(x8)	  x8:0x80008dc3  x7=0x00000000 PA:0x80008c1c
       20775000	      2076	00000000	00000013	addi	x0,x0,0	  x0:0x00000000
       20785000	      2077	80000e78	f474ce03	lbu	x28,-185(x9)	  x9:0x80008fc7 x28=0x00000000 PA:0x80008f0e
       20795000	      2078	80000e7c	00448323	sb	x4,6(x9)	  x9:0x80008fc7  x4:0x00000000 PA:0x80008fcd
       20805000	      2079	80000e80	c7941ea3	sh	x25,-899(x8)	  x8:0x80008dc3 x25:0x20c55000 PA:0x80008a40
       20815000	      2080	80000e84	f7549083	lh	x1,-139(x9)	  x9:0x80008fc7  x1=0xfffff000 PA:0x80008f3c
       20825000	      2081	80000e88	1ef45b83	lhu	x23,495(x8)	  x8:0x80008dc3 x23=0x00000000 PA:0x80008fb2
       20835000	      2082	80000e8c	d3f41783	lh	x15,-705(x8)	  x8:0x80008dc3 x15=0x00000000 PA:0x80008b02
       20845000	      2083	80000e90	21d40f23	sb	x29,542(x8)	  x8:0x80008dc3 x29:0x781fbddc PA:0x80008fe1
       20855000	      2084	80000e94	f9749ea3	sh	x23,-99(x9)	  x9:0x80008fc7 x23:0x00000000 PA:0x80008f64
       20865000	      2085	80000e98	f844ca83	lbu	x21,-124(x9)	  x9:0x80008fc7 x21=0x00000000 PA:0x80008f4b
       20875000	      2086	80000e9c	f6349803	lh	x16,-157(x9)	  x9:0x80008fc7 x16=0x00000000 PA:0x80008f2a
       20885000	      2087	80000ea0	d7740a83	lb	x21,-649(x8)	  x8:0x80008dc3 x21=0x00000000 PA:0x80008b3a
       20895000	      2088	80000ea4	00008117	auipc	x2,0x8	  x2=0x80008ea0
       20905000	      2089	80000ea8	87510113	addi	x2,x2,-1931	  x2:0x80008ea0  x2=0x80008715
       20915000	      2090	80000eac	00915803	lhu	x16,9(x2)	  x2:0x80008715 x16=0x00000000 PA:0x8000871e
       20925000	      2091	80000eb0	00210123	sb	x2,2(x2)	  x2:0x80008715  x2:0x80008715 PA:0x80008717
       20935000	      2092	80000eb4	00911483	lh	x9,9(x2)	  x2:0x80008715  x9=0x00000000 PA:0x8000871e
       20945000	      2093	80000eb8	ff910f83	lb	x31,-7(x2)	  x2:0x80008715 x31=0x00000000 PA:0x8000870e
       20955000	      2094	80000ebc	00414403	lbu	x8,4(x2)	  x2:0x80008715  x8=0x00000000 PA:0x80008719
       20965000	      2095	80000ec0	00614583	lbu	x11,6(x2)	  x2:0x80008715 x11=0x00000000 PA:0x8000871b
       20975000	      2096	80000ec4	00610b83	lb	x23,6(x2)	  x2:0x80008715 x23=0x00000000 PA:0x8000871b
       20985000	      2097	80000ec8	2de22c93	slti	x25,x4,734	  x4:0x00000000 x25=0x00000001
       20995000	      2098	80000ecc	017ebe33	sltu	x28,x29,x23	 x29:0x781fbddc x23:0x00000000 x28=0x00000000
       21005000	      2099	80000ed0	00610d03	lb	x26,6(x2)	  x2:0x80008715 x26=0x00000000 PA:0x8000871b
       21015000	      2100	80000ed4	00610403	lb	x8,6(x2)	  x2:0x80008715  x8=0x00000000 PA:0x8000871b
       21025000	      2101	80000ed8	019e8233	add	x4,x29,x25	 x29:0x781fbddc x25:0x00000001  x4=0x781fbddd
       21035000	      2102	80000edc	00610583	lb	x11,6(x2)	  x2:0x80008715 x11=0x00000000 PA:0x8000871b
       21045000	      2103	80000ee0	00614003	lbu	x0,6(x2)	  x2:0x80008715 PA:0x8000871b
       21055000	      2104	80000ee4	e9c34793	xori	x15,x6,-356	  x6:0x8000895f x15=0x7fff77c3
       21065000	      2105	80000ee8	00514083	lbu	x1,5(x2)	  x2:0x80008715  x1=0x000000c3 PA:0x8000871a
       21075000	      2106	80000eec	00f102a3	sb	x15,5(x2)	  x2:0x80008715 x15:0x7fff77c3 PA:0x8000871a
       21085000	      2107	80000ef0	00c10583	lb	x11,12(x2)	  x2:0x80008715 x11=0x00000000 PA:0x80008721
       21095000	      2108	80000ef4	00c14483	lbu	x9,12(x2)	  x2:0x80008715  x9=0x00000000 PA:0x80008721
       21105000	      2109	80000ef8	ff910083	lb	x1,-7(x2)	  x2:0x80008715  x1=0x00000000 PA:0x8000870e
       21115000	      2110	80000efc	fef10f23	sb	x15,-2(x2)	  x2:0x80008715 x15:0x7fff77c3 PA:0x80008713
       21125000	      2111	80000f00	fef119a3	sh	x15,-13(x2)	  x2:0x80008715 x15:0x7fff77c3 PA:0x80008708
       21135000	      2112	80000f04	ff911f03	lh	x30,-7(x2)	  x2:0x80008715 x30=0x00000000 PA:0x8000870e
       21145000	      2113	80000f08	0046a0b3	slt	x1,x13,x4	 x13:0x0f703179  x4:0x781fbddd  x1=0x00000001
       21155000	      2114	80000f0c	00fa94b3	sll	x9,x21,x15	 x21:0x00000000 x15:0x7fff77c3  x9=0x00000000
       21165000	      2115	80000f10	feb11ca3	sh	x11,-7(x2)	  x2:0x80008715 x11:0x00000000 PA:0x8000870e
       21175000	      2116	80000f14	00008417	auipc	x8,0x8	  x8=0x80008f10
       21185000	      2117	80000f18	f6f40413	addi	x8,x8,-145	  x8:0x80008f10  x8=0x80008e7f
       21195000	      2118	80000f1c	00008397	auipc	x7,0x8	  x7=0x80008f18
       21205000	      2119	80000f20	d6338393	addi	x7,x7,-669	  x7:0x80008f18  x7=0x80008c7b
       21215000	      2120	80000f24	00008e97	auipc	x29,0x8	 x29=0x80008f20
       21225000	      2121	80000f28	d77e8e93	addi	x29,x29,-649	 x29:0x80008f20 x29=0x80008c97
       21235000	      2122	80000f2c	00008a17	auipc	x20,0x8	 x20=0x80008f28
       21245000	      2123	80000f30	f5ea0a13	addi	x20,x20,-162	 x20:0x80008f28 x20=0x80008e86
       21255000	      2124	80000f34	00940523	sb	x9,10(x8)	  x8:0x80008e7f  x9:0x00000000 PA:0x80008e89
       21265000	      2125	80000f38	fe43aca3	sw	x4,-7(x7)	  x7:0x80008c7b  x4:0x781fbddd PA:0x80008c74
       21275000	      2126	80000f3c	0003c303	lbu	x6,0(x7)	  x7:0x80008c7b  x6=0x00000000 PA:0x80008c7b
       21285000	      2127	80000f40	00f40b03	lb	x22,15(x8)	  x8:0x80008e7f x22=0x00000000 PA:0x80008e8e
       21295000	      2128	80000f44	00008517	auipc	x10,0x8	 x10=0x80008f40
       21305000	      2129	80000f48	efd50513	addi	x10,x10,-259	 x10:0x80008f40 x10=0x80008e3d
       21315000	      2130	80000f4c	00b3cb03	lbu	x22,11(x7)	  x7:0x80008c7b x22=0x00000000 PA:0x80008c86
       21325000	      2131	80000f50	171e8e23	sb	x17,380(x29)	 x29:0x80008c97 x17:0x800083f8 PA:0x80008e13
       21335000	      2132	80000f54	1f8ec983	lbu	x19,504(x29)	 x29:0x80008c97 x19=0x0000007f PA:0x80008e8f
       21345000	      2133	80000f58	00840823	sb	x8,16(x8)	  x8:0x80008e7f  x8:0x80008e7f PA:0x80008e8f
       21355000	      2134	80000f5c	fdfe8723	sb	x31,-50(x29)	 x29:0x80008c97 x31:0x00000000 PA:0x80008c65
       21365000	      2135	80000f60	00938803	lb	x16,9(x7)	  x7:0x80008c7b x16=0x00000000 PA:0x80008c84
       21375000	      2136	80000f64	042e8f03	lb	x30,66(x29)	 x29:0x80008c97 x30=0x00000000 PA:0x80008cd9
       21385000	      2137	80000f68	ec852fa3	sw	x8,-289(x10)	 x10:0x80008e3d  x8:0x80008e7f PA:0x80008d1c
       21395000	      2138	80000f6c	e10a5d83	lhu	x27,-496(x20)	 x20:0x80008e86 x27=0x00000000 PA:0x80008c96
       21405000	      2139	80000f70	a7454a83	lbu	x21,-1420(x10)	 x10:0x80008e3d x21=0x00000000 PA:0x800088b1
       21415000	      2140	80000f74	ff241ba3	sh	x18,-9(x8)	  x8:0x80008e7f x18:0x00000001 PA:0x80008e76
       21425000	      2141	80000f78	120a09a3	sb	x0,307(x20)	 x20:0x80008e86  x0:0x00000000 PA:0x80008fb9
       21435000	      2142	80000f7c	00c3c103	lbu	x2,12(x7)	  x7:0x80008c7b  x2=0x00000000 PA:0x80008c87
       21445000	      2143	80000f80	19fe8e23	sb	x31,412(x29)	 x29:0x80008c97 x31:0x00000000 PA:0x80008e33
       21455000	      2144	80000f84	a6c518a3	sh	x12,-1423(x10)	 x10:0x80008e3d x12:0x80009f4c PA:0x800088ae
       21465000	      2145	80000f88	e70a1483	lh	x9,-400(x20)	 x20:0x80008e86  x9=0x00000000 PA:0x80008cf6
       21475000	      2146	80000f8c	d41eaf83	lw	x31,-703(x29)	 x29:0x80008c97 x31=0x00000000 PA:0x800089d8
       21485000	      2147	80000f90	f0555883	lhu	x17,-251(x10)	 x10:0x80008e3d x17=0x00000000 PA:0x80008d42
       21495000	      2148	80000f94	2a3e9303	lh	x6,675(x29)	 x29:0x80008c97  x6=0x00000000 PA:0x80008f3a
       21505000	      2149	80000f98	adca4883	lbu	x17,-1316(x20)	 x20:0x80008e86 x17=0x00000000 PA:0x80008962
       21515000	      2150	80000f9c	02150103	lb	x2,33(x10)	 x10:0x80008e3d  x2=0x00000000 PA:0x80008e5e
       21525000	      2151	80000fa0	c26ea8a3	sw	x6,-975(x29)	 x29:0x80008c97  x6:0x00000000 PA:0x800088c8
       21535000	      2152	80000fa4	00838c83	lb	x25,8(x7)	  x7:0x80008c7b x25=0x00000000 PA:0x80008c83
       21545000	      2153	80000fa8	286ec003	lbu	x0,646(x29)	 x29:0x80008c97 PA:0x80008f1d
       21555000	      2154	80000fac	00938903	lb	x18,9(x7)	  x7:0x80008c7b x18=0x00000000 PA:0x80008c84
       21565000	      2155	80000fb0	a7b50e03	lb	x28,-1413(x10)	 x10:0x80008e3d x28=0x00000000 PA:0x800088b8
       21575000	      2156	80000fb4	dc2a5b83	lhu	x23,-574(x20)	 x20:0x80008e86 x23=0x00000000 PA:0x80008c48
       21585000	      2157	80000fb8	ff938c23	sb	x25,-8(x7)	  x7:0x80008c7b x25:0x00000000 PA:0x80008c73
       21595000	      2158	80000fbc	e6a50203	lb	x4,-406(x10)	 x10:0x80008e3d  x4=0x00000000 PA:0x80008ca7
       21605000	      2159	80000fc0	01e40723	sb	x30,14(x8)	  x8:0x80008e7f x30:0x00000000 PA:0x80008e8d
       21615000	      2160	80000fc4	ee2a0903	lb	x18,-286(x20)	 x20:0x80008e86 x18=0x00000000 PA:0x80008d68
       21625000	      2161	80000fc8	ffa3cd83	lbu	x27,-6(x7)	  x7:0x80008c7b x27=0x000000bd PA:0x80008c75
       21635000	      2162	80000fcc	e9d51783	lh	x15,-355(x10)	 x10:0x80008e3d x15=0x00000000 PA:0x80008cda
       21645000	      2163	80000fd0	03de8b03	lb	x22,61(x29)	 x29:0x80008c97 x22=0x00000000 PA:0x80008cd4
       21655000	      2164	80000fd4	f2050c23	sb	x0,-200(x10)	 x10:0x80008e3d  x0:0x00000000 PA:0x80008d75
       21665000	      2165	80000fd8	a4ea01a3	sb	x14,-1469(x20)	 x20:0x80008e86 x14:0xfffa0600 PA:0x800088c9
       21675000	      2166	80000fdc	00007897	auipc	x17,0x7	 x17=0x80007fd8
       21685000	      2167	80000fe0	7e288893	addi	x17,x17,2018	 x17:0x80007fd8 x17=0x800087ba
       21695000	      2168	80000fe4	00007097	auipc	x1,0x7	  x1=0x80007fe0
       21705000	      2169	80000fe8	1ce08093	addi	x1,x1,462	  x1:0x80007fe0  x1=0x800081ae
       21715000	      2170	80000fec	0168c403	lbu	x8,22(x17)	 x17:0x800087ba  x8=0x00000000 PA:0x800087d0
       21725000	      2171	80000ff0	01d08a03	lb	x20,29(x1)	  x1:0x800081ae x20=0x00000000 PA:0x800081cb
       21735000	      2172	80000ff4	00309f23	sh	x3,30(x1)	  x1:0x800081ae  x3:0x00000000 PA:0x800081cc
       21745000	      2173	80000ff8	02808583	lb	x11,40(x1)	  x1:0x800081ae x11=0x00000000 PA:0x800081d6
       21755000	      2174	80000ffc	fc188303	lb	x6,-63(x17)	 x17:0x800087ba  x6=0x00000000 PA:0x8000877b
       21765000	      2175	80001000	fe80cc83	lbu	x25,-24(x1)	  x1:0x800081ae x25=0x00000000 PA:0x80008196
       21775000	      2176	80001004	03089503	lh	x10,48(x17)	 x17:0x800087ba x10=0x00000000 PA:0x800087ea
       21785000	      2177	80001008	00d0c983	lbu	x19,13(x1)	  x1:0x800081ae x19=0x00000000 PA:0x800081bb
       21795000	      2178	8000100c	00d88103	lb	x2,13(x17)	 x17:0x800087ba  x2=0x00000000 PA:0x800087c7
       21805000	      2179	80001010	03088e83	lb	x29,48(x17)	 x17:0x800087ba x29=0x00000000 PA:0x800087ea
       21815000	      2180	80001014	00c89e83	lh	x29,12(x17)	 x17:0x800087ba x29=0x00000000 PA:0x800087c6
       21825000	      2181	80001018	01f88b03	lb	x22,31(x17)	 x17:0x800087ba x22=0x00000000 PA:0x800087d9
       21835000	      2182	8000101c	0288a323	sw	x8,38(x17)	 x17:0x800087ba  x8:0x00000000 PA:0x800087e0
       21845000	      2183	80001020	0230ca83	lbu	x21,35(x1)	  x1:0x800081ae x21=0x00000000 PA:0x800081d1
       21855000	      2184	80001024	fc988583	lb	x11,-55(x17)	 x17:0x800087ba x11=0x00000000 PA:0x80008783
       21865000	      2185	80001028	00007097	auipc	x1,0x7	  x1=0x80008024
       21875000	      2186	8000102c	5a408093	addi	x1,x1,1444	  x1:0x80008024  x1=0x800085c8
       21885000	      2187	80001030	00f09923	sh	x15,18(x1)	  x1:0x800085c8 x15:0x00000000 PA:0x800085da
       21895000	      2188	80001034	01a08923	sb	x26,18(x1)	  x1:0x800085c8 x26:0x00000000 PA:0x800085da
       21905000	      2189	80001038	01a09923	sh	x26,18(x1)	  x1:0x800085c8 x26:0x00000000 PA:0x800085da
       21915000	      2190	8000103c	0120d183	lhu	x3,18(x1)	  x1:0x800085c8  x3=0x00000000 PA:0x800085da
       21925000	      2191	80001040	00808923	sb	x8,18(x1)	  x1:0x800085c8  x8:0x00000000 PA:0x800085da
       21935000	      2192	80001044	033082a3	sb	x19,37(x1)	  x1:0x800085c8 x19:0x00000000 PA:0x800085ed
       21945000	      2193	80001048	fe80d783	lhu	x15,-24(x1)	  x1:0x800085c8 x15=0x00000000 PA:0x800085b0
       21955000	      2194	8000104c	fe80a103	lw	x2,-24(x1)	  x1:0x800085c8  x2=0x00000000 PA:0x800085b0
       21965000	      2195	80001050	ff70a423	sw	x23,-24(x1)	  x1:0x800085c8 x23:0x00000000 PA:0x800085b0
       21975000	      2196	80001054	75aae393	ori	x7,x21,1882	 x21:0x00000000  x7=0x0000075a
       21985000	      2197	80001058	ff709423	sh	x23,-24(x1)	  x1:0x800085c8 x23:0x00000000 PA:0x800085b0
       21995000	      2198	8000105c	fe80a703	lw	x14,-24(x1)	  x1:0x800085c8 x14=0x00000000 PA:0x800085b0
       22005000	      2199	80001060	03d0c703	lbu	x14,61(x1)	  x1:0x800085c8 x14=0x00000000 PA:0x80008605
       22015000	      2200	80001064	03d0c383	lbu	x7,61(x1)	  x1:0x800085c8  x7=0x00000000 PA:0x80008605
       22025000	      2201	00000000	00000013	addi	x0,x0,0	  x0:0x00000000
       22035000	      2202	80001068	40795213	srai	x4,x18,0x7	 x18:0x00000000  x4=0x00000000
       22045000	      2203	8000106c	021a9463	bne	x21,x1,80001094	 x21:0x00000000  x1:0x800085c8
       22055000	      2204	00000000	00000013	addi	x0,x0,0	  x0:0x00000000
       22065000	      2205	80001090	00000013	addi	x0,x0,0	  x0:0x00000000
       22075000	      2206	80001094	01c19fb3	sll	x31,x3,x28	  x3:0x00000000 x28:0x00000000 x31=0x00000000
       22085000	      2207	80001098	01d5e863	bltu	x11,x29,800010a8	 x11:0x00000000 x29:0x00000000
       22095000	      2208	8000109c	01d45593	srli	x11,x8,0x1d	  x8:0x00000000 x11=0x00000000
       22105000	      2209	800010a0	012be663	bltu	x23,x18,800010ac	 x23:0x00000000 x18:0x00000000
       22115000	      2210	800010a4	40c00433	sub	x8,x0,x12	  x0:0x00000000 x12:0x80009f4c  x8=0x7fff60b4
       22125000	      2211	800010a8	ec03ee37	lui	x28,0xec03e	 x28=0xec03e000
       22135000	      2212	800010ac	01393a33	sltu	x20,x18,x19	 x18:0x00000000 x19:0x00000000 x20=0x00000000
       22145000	      2213	800010b0	41505733	sra	x14,x0,x21	  x0:0x00000000 x21:0x00000000 x14=0x00000000
       22155000	      2214	800010b4	05fcd063	bge	x25,x31,800010f4	 x25:0x00000000 x31:0x00000000
       22165000	      2215	00000000	00000013	addi	x0,x0,0	  x0:0x00000000
       22175000	      2216	800010f0	00000013	addi	x0,x0,0	  x0:0x00000000
       22185000	      2217	800010f4	00451413	slli	x8,x10,0x4	 x10:0x00000000  x8=0x00000000
       22195000	      2218	800010f8	52d1f037	lui	x0,0x52d1f	
       22205000	      2219	800010fc	40790133	sub	x2,x18,x7	 x18:0x00000000  x7:0x00000000  x2=0x00000000
       22215000	      2220	80001100	003e08b3	add	x17,x28,x3	 x28:0xec03e000  x3:0x00000000 x17=0xec03e000
       22225000	      2221	80001104	0000d333	srl	x6,x1,x0	  x1:0x800085c8  x0:0x00000000  x6=0x800085c8
       22235000	      2222	80001108	01e8d813	srli	x16,x17,0x1e	 x17:0xec03e000 x16=0x00000003
       22245000	      2223	8000110c	a2bc0f93	addi	x31,x24,-1493	 x24:0x80009fc4 x31=0x800099ef
       22255000	      2224	80001110	419b07b3	sub	x15,x22,x25	 x22:0x00000000 x25:0x00000000 x15=0x00000000
       22265000	      2225	80001114	41f55d33	sra	x26,x10,x31	 x10:0x00000000 x31:0x800099ef x26=0x00000000
       22275000	      2226	80001118	0176d593	srli	x11,x13,0x17	 x13:0x0f703179 x11=0x0000001e
       22285000	      2227	8000111c	99d5cc93	xori	x25,x11,-1635	 x11:0x0000001e x25=0xfffff983
       22295000	      2228	80001120	0131d1b3	srl	x3,x3,x19	  x3:0x00000000 x19:0x00000000  x3=0x00000000
       22305000	      2229	80001124	00975593	srli	x11,x14,0x9	 x14:0x00000000 x11=0x00000000
       22315000	      2230	80001128	014f5ab3	srl	x21,x30,x20	 x30:0x00000000 x20:0x00000000 x21=0x00000000
       22325000	      2231	8000112c	02738e63	beq	x7,x7,80001168	  x7:0x00000000  x7:0x00000000
       22335000	      2232	00000000	00000013	addi	x0,x0,0	  x0:0x00000000
       22345000	      2233	80001164	00000013	addi	x0,x0,0	  x0:0x00000000
       22355000	      2234	80001168	01021e63	bne	x4,x16,80001184	  x4:0x00000000 x16:0x00000003
       22365000	      2235	00000000	00000013	addi	x0,x0,0	  x0:0x00000000
       22375000	      2236	80001180	00000013	addi	x0,x0,0	  x0:0x00000000
       22385000	      2237	80001184	789a6517	auipc	x10,0x789a6	 x10=0xf89a7180
       22395000	      2238	80001188	017b5c63	bge	x22,x23,800011a0	 x22:0x00000000 x23:0x00000000
       22405000	      2239	00000000	00000013	addi	x0,x0,0	  x0:0x00000000
       22415000	      2240	8000119c	00000013	addi	x0,x0,0	  x0:0x00000000
       22425000	      2241	800011a0	3b407413	andi	x8,x0,948	  x0:0x00000000  x8=0x00000000
       22435000	      2242	800011a4	0127d1b3	srl	x3,x15,x18	 x15:0x00000000 x18:0x00000000  x3=0x00000000
       22445000	      2243	800011a8	b61d0993	addi	x19,x26,-1183	 x26:0x00000000 x19=0xfffffb61
       22455000	      2244	800011ac	0560d063	bge	x1,x22,800011ec	  x1:0x800085c8 x22:0x00000000
       22465000	      2245	800011b0	0164d463	bge	x9,x22,800011b8	  x9:0x00000000 x22:0x00000000
       22475000	      2246	00000000	00000013	addi	x0,x0,0	  x0:0x00000000
       22485000	      2247	800011b4	00000013	addi	x0,x0,0	  x0:0x00000000
       22495000	      2248	800011b8	33b0c9b7	lui	x19,0x33b0c	 x19=0x33b0c000
       22505000	      2249	800011bc	0191d793	srli	x15,x3,0x19	  x3:0x00000000 x15=0x00000000
       22515000	      2250	800011c0	00523033	sltu	x0,x4,x5	  x4:0x00000000  x5:0x1dc00000
       22525000	      2251	800011c4	00e05593	srli	x11,x0,0xe	  x0:0x00000000 x11=0x00000000
       22535000	      2252	800011c8	00000013	addi	x0,x0,0	  x0:0x00000000
       22545000	      2253	800011cc	054b8863	beq	x23,x20,8000121c	 x23:0x00000000 x20:0x00000000
       22555000	      2254	00000000	00000013	addi	x0,x0,0	  x0:0x00000000
       22565000	      2255	80001218	00000013	addi	x0,x0,0	  x0:0x00000000
       22575000	      2256	8000121c	41b35e33	sra	x28,x6,x27	  x6:0x800085c8 x27:0x000000bd x28=0xfffffffc
       22585000	      2257	80001220	00c68413	addi	x8,x13,12	 x13:0x0f703179  x8=0x0f703185
       22595000	      2258	80001224	0074de63	bge	x9,x7,80001240	  x9:0x00000000  x7:0x00000000
       22605000	      2259	00000000	00000013	addi	x0,x0,0	  x0:0x00000000
       22615000	      2260	8000123c	00000013	addi	x0,x0,0	  x0:0x00000000
       22625000	      2261	80001240	00961b13	slli	x22,x12,0x9	 x12:0x80009f4c x22=0x013e9800
       22635000	      2262	80001244	83e8f193	andi	x3,x17,-1986	 x17:0xec03e000  x3=0xec03e000
       22645000	      2263	80001248	04761863	bne	x12,x7,80001298	 x12:0x80009f4c  x7:0x00000000
       22655000	      2264	00000000	00000013	addi	x0,x0,0	  x0:0x00000000
       22665000	      2265	80001294	00000013	addi	x0,x0,0	  x0:0x00000000
       22675000	      2266	80001298	3cfa8d13	addi	x26,x21,975	 x21:0x00000000 x26=0x000003cf
       22685000	      2267	8000129c	00d48663	beq	x9,x13,800012a8	  x9:0x00000000 x13:0x0f703179
       22695000	      2268	800012a0	00459e13	slli	x28,x11,0x4	 x11:0x00000000 x28=0x00000000
       22705000	      2269	800012a4	95eced93	ori	x27,x25,-1698	 x25:0xfffff983 x27=0xfffff9df
       22715000	      2270	800012a8	00096f33	or	x30,x18,x0	 x18:0x00000000  x0:0x00000000 x30=0x00000000
       22725000	      2271	800012ac	01c07463	bgeu	x0,x28,800012b4	  x0:0x00000000 x28:0x00000000
       22735000	      2272	00000000	00000013	addi	x0,x0,0	  x0:0x00000000
       22745000	      2273	800012b0	00000013	addi	x0,x0,0	  x0:0x00000000
       22755000	      2274	800012b4	41b30833	sub	x16,x6,x27	  x6:0x800085c8 x27:0xfffff9df x16=0x80008be9
       22765000	      2275	800012b8	014ede13	srli	x28,x29,0x14	 x29:0x00000000 x28=0x00000000
       22775000	      2276	800012bc	41575a33	sra	x20,x14,x21	 x14:0x00000000 x21:0x00000000 x20=0x00000000
       22785000	      2277	800012c0	00f8d5b3	srl	x11,x17,x15	 x17:0xec03e000 x15:0x00000000 x11=0xec03e000
       22795000	      2278	800012c4	0846fe13	andi	x28,x13,132	 x13:0x0f703179 x28=0x00000000
       22805000	      2279	800012c8	bb73ab93	slti	x23,x7,-1097	  x7:0x00000000 x23=0x00000000
       22815000	      2280	800012cc	7344c393	xori	x7,x9,1844	  x9:0x00000000  x7=0x00000734
       22825000	      2281	800012d0	05ef8063	beq	x31,x30,80001310	 x31:0x800099ef x30:0x00000000
       22835000	      2282	800012d4	03e3c263	blt	x7,x30,800012f8	  x7:0x00000734 x30:0x00000000
       22845000	      2283	800012d8	a4d5ff13	andi	x30,x11,-1459	 x11:0xec03e000 x30=0xec03e000
       22855000	      2284	800012dc	02a00c63	beq	x0,x10,80001314	  x0:0x00000000 x10:0xf89a7180
       22865000	      2285	800012e0	00fa9db3	sll	x27,x21,x15	 x21:0x00000000 x15:0x00000000 x27=0x00000000
       22875000	      2286	800012e4	0545f263	bgeu	x11,x20,80001328	 x11:0xec03e000 x20:0x00000000
       22885000	      2287	00000000	00000013	addi	x0,x0,0	  x0:0x00000000
       22895000	      2288	80001324	00000013	addi	x0,x0,0	  x0:0x00000000
       22905000	      2289	80001328	01a8e3b3	or	x7,x17,x26	 x17:0xec03e000 x26:0x000003cf  x7=0xec03e3cf
       22915000	      2290	8000132c	00971113	slli	x2,x14,0x9	 x14:0x00000000  x2=0x00000000
       22925000	      2291	80001330	00251cb3	sll	x25,x10,x2	 x10:0xf89a7180  x2:0x00000000 x25=0xf89a7180
       22935000	      2292	80001334	07403013	sltiu	x0,x0,116	  x0:0x00000000
       22945000	      2293	80001338	01fe5013	srli	x0,x28,0x1f	 x28:0x00000000
       22955000	      2294	8000133c	1d098237	lui	x4,0x1d098	  x4=0x1d098000
       22965000	      2295	80001340	006f05b3	add	x11,x30,x6	 x30:0xec03e000  x6:0x800085c8 x11=0x6c0465c8
       22975000	      2296	80001344	02ef4c93	xori	x25,x30,46	 x30:0xec03e000 x25=0xec03e02e
       22985000	      2297	80001348	05ecf263	bgeu	x25,x30,8000138c	 x25:0xec03e02e x30:0xec03e000
       22995000	      2298	00000000	00000013	addi	x0,x0,0	  x0:0x00000000
       23005000	      2299	80001388	00000013	addi	x0,x0,0	  x0:0x00000000
       23015000	      2300	8000138c	bd0865b7	lui	x11,0xbd086	 x11=0xbd086000
       23025000	      2301	80001390	00d8b533	sltu	x10,x17,x13	 x17:0xec03e000 x13:0x0f703179 x10=0x00000000
       23035000	      2302	80001394	01f4b8b3	sltu	x17,x9,x31	  x9:0x00000000 x31:0x800099ef x17=0x00000001
       23045000	      2303	80001398	00639463	bne	x7,x6,800013a0	  x7:0xec03e3cf  x6:0x800085c8
       23055000	      2304	00000000	00000013	addi	x0,x0,0	  x0:0x00000000
       23065000	      2305	8000139c	00000013	addi	x0,x0,0	  x0:0x00000000
       23075000	      2306	800013a0	00b95013	srli	x0,x18,0xb	 x18:0x00000000
       23085000	      2307	800013a4	005be7b3	or	x15,x23,x5	 x23:0x00000000  x5:0x1dc00000 x15=0x1dc00000
       23095000	      2308	800013a8	00ea04b3	add	x9,x20,x14	 x20:0x00000000 x14:0x00000000  x9=0x00000000
       23105000	      2309	800013ac	008c7d33	and	x26,x24,x8	 x24:0x80009fc4  x8:0x0f703185 x26=0x00001184
       23115000	      2310	800013b0	01783333	sltu	x6,x16,x23	 x16:0x80008be9 x23:0x00000000  x6=0x00000000
       23125000	      2311	800013b4	6f3f3993	sltiu	x19,x30,1779	 x30:0xec03e000 x19=0x00000000
       23135000	      2312	800013b8	00cc3d33	sltu	x26,x24,x12	 x24:0x80009fc4 x12:0x80009f4c x26=0x00000000
       23145000	      2313	800013bc	03370463	beq	x14,x19,800013e4	 x14:0x00000000 x19:0x00000000
       23155000	      2314	00000000	00000013	addi	x0,x0,0	  x0:0x00000000
       23165000	      2315	800013e0	00000013	addi	x0,x0,0	  x0:0x00000000
       23175000	      2316	800013e4	da48cd13	xori	x26,x17,-604	 x17:0x00000001 x26=0xfffffda5
       23185000	      2317	800013e8	00d40e63	beq	x8,x13,80001404	  x8:0x0f703185 x13:0x0f703179
       23195000	      2318	800013ec	00d8cd33	xor	x26,x17,x13	 x17:0x00000001 x13:0x0f703179 x26=0x0f703178
       23205000	      2319	800013f0	fbd87213	andi	x4,x16,-67	 x16:0x80008be9  x4=0x80008ba9
       23215000	      2320	800013f4	41c25113	srai	x2,x4,0x1c	  x4:0x80008ba9  x2=0xfffffff8
       23225000	      2321	800013f8	41bedf13	srai	x30,x29,0x1b	 x29:0x00000000 x30=0x00000000
       23235000	      2322	800013fc	00f81993	slli	x19,x16,0xf	 x16:0x80008be9 x19=0x45f48000
       23245000	      2323	80001400	0172fc63	bgeu	x5,x23,80001418	  x5:0x1dc00000 x23:0x00000000
       23255000	      2324	00000000	00000013	addi	x0,x0,0	  x0:0x00000000
       23265000	      2325	80001414	00000013	addi	x0,x0,0	  x0:0x00000000
       23275000	      2326	80001418	05276663	bltu	x14,x18,80001464	 x14:0x00000000 x18:0x00000000
       23285000	      2327	8000141c	595b4193	xori	x3,x22,1429	 x22:0x013e9800  x3=0x013e9d95
       23295000	      2328	80001420	019d1493	slli	x9,x26,0x19	 x26:0x0f703178  x9=0xf0000000
       23305000	      2329	80001424	00cdce63	blt	x27,x12,80001440	 x27:0x00000000 x12:0x80009f4c
       23315000	      2330	80001428	014e6a63	bltu	x28,x20,8000143c	 x28:0x00000000 x20:0x00000000
       23325000	      2331	8000142c	64102f93	slti	x31,x0,1601	  x0:0x00000000 x31=0x00000001
       23335000	      2332	80001430	00645db3	srl	x27,x8,x6	  x8:0x0f703185  x6:0x00000000 x27=0x0f703185
       23345000	      2333	80001434	01c9c033	xor	x0,x19,x28	 x19:0x45f48000 x28:0x00000000
       23355000	      2334	80001438	0e51f593	andi	x11,x3,229	  x3:0x013e9d95 x11=0x00000085
       23365000	      2335	8000143c	00944fb3	xor	x31,x8,x9	  x8:0x0f703185  x9:0xf0000000 x31=0xff703185
       23375000	      2336	80001440	001794b3	sll	x9,x15,x1	 x15:0x1dc00000  x1:0x800085c8  x9=0xc0000000
       23385000	      2337	80001444	502bf593	andi	x11,x23,1282	 x23:0x00000000 x11=0x00000000
       23395000	      2338	80001448	02934463	blt	x6,x9,80001470	  x6:0x00000000  x9:0xc0000000
       23405000	      2339	8000144c	01ecdb33	srl	x22,x25,x30	 x25:0xec03e02e x30:0x00000000 x22=0xec03e02e
       23415000	      2340	80001450	6d192897	auipc	x17,0x6d192	 x17=0xed19344c
       23425000	      2341	80001454	4166deb3	sra	x29,x13,x22	 x13:0x0f703179 x22:0xec03e02e x29=0x00003dc0
       23435000	      2342	80001458	58c6e313	ori	x6,x13,1420	 x13:0x0f703179  x6=0x0f7035fd
       23445000	      2343	8000145c	02948863	beq	x9,x9,8000148c	  x9:0xc0000000  x9:0xc0000000
       23455000	      2344	00000000	00000013	addi	x0,x0,0	  x0:0x00000000
       23465000	      2345	80001488	00000013	addi	x0,x0,0	  x0:0x00000000
       23475000	      2346	8000148c	40fadf33	sra	x30,x21,x15	 x21:0x00000000 x15:0x1dc00000 x30=0x00000000
       23485000	      2347	80001490	024a7263	bgeu	x20,x4,800014b4	 x20:0x00000000  x4:0x80008ba9
       23495000	      2348	80001494	00fb8eb3	add	x29,x23,x15	 x23:0x00000000 x15:0x1dc00000 x29=0x1dc00000
       23505000	      2349	80001498	00c9d5b3	srl	x11,x19,x12	 x19:0x45f48000 x12:0x80009f4c x11=0x00045f48
       23515000	      2350	8000149c	03d38863	beq	x7,x29,800014cc	  x7:0xec03e3cf x29:0x1dc00000
       23525000	      2351	800014a0	005b5d13	srli	x26,x22,0x5	 x22:0xec03e02e x26=0x07601f01
       23535000	      2352	800014a4	a0b0b513	sltiu	x10,x1,-1525	  x1:0x800085c8 x10=0x00000001
       23545000	      2353	800014a8	00931e63	bne	x6,x9,800014c4	  x6:0x0f7035fd  x9:0xc0000000
       23555000	      2354	00000000	00000013	addi	x0,x0,0	  x0:0x00000000
       23565000	      2355	800014c0	00000013	addi	x0,x0,0	  x0:0x00000000
       23575000	      2356	800014c4	04eb7263	bgeu	x22,x14,80001508	 x22:0xec03e02e x14:0x00000000
       23585000	      2357	00000000	00000013	addi	x0,x0,0	  x0:0x00000000
       23595000	      2358	80001504	00000013	addi	x0,x0,0	  x0:0x00000000
       23605000	      2359	80001508	00ab02b3	add	x5,x22,x10	 x22:0xec03e02e x10:0x00000001  x5=0xec03e02f
       23615000	      2360	8000150c	0009de13	srli	x28,x19,0x0	 x19:0x45f48000 x28=0x45f48000
       23625000	      2361	80001510	80dc0893	addi	x17,x24,-2035	 x24:0x80009fc4 x17=0x800097d1
       23635000	      2362	80001514	00502733	slt	x14,x0,x5	  x0:0x00000000  x5:0xec03e02f x14=0x00000000
       23645000	      2363	80001518	00d19933	sll	x18,x3,x13	  x3:0x013e9d95 x13:0x0f703179 x18=0x2a000000
       23655000	      2364	8000151c	00869c93	slli	x25,x13,0x8	 x13:0x0f703179 x25=0x70317900
       23665000	      2365	80001520	00e26eb3	or	x29,x4,x14	  x4:0x80008ba9 x14:0x00000000 x29=0x80008ba9
       23675000	      2366	80001524	ef2c3c93	sltiu	x25,x24,-270	 x24:0x80009fc4 x25=0x00000001
       23685000	      2367	80001528	0188b133	sltu	x2,x17,x24	 x17:0x800097d1 x24:0x80009fc4  x2=0x00000001
       23695000	      2368	8000152c	c15fae93	slti	x29,x31,-1003	 x31:0xff703185 x29=0x00000001
       23705000	      2369	80001530	05888463	beq	x17,x24,80001578	 x17:0x800097d1 x24:0x80009fc4
       23715000	      2370	80001534	03215463	bge	x2,x18,8000155c	  x2:0x00000001 x18:0x2a000000
       23725000	      2371	80001538	872fb193	sltiu	x3,x31,-1934	 x31:0xff703185  x3=0x00000001
       23735000	      2372	8000153c	9a033593	sltiu	x11,x6,-1632	  x6:0x0f7035fd x11=0x00000001
       23745000	      2373	80001540	0134e0b3	or	x1,x9,x19	  x9:0xc0000000 x19:0x45f48000  x1=0xc5f48000
       23755000	      2374	80001544	05510263	beq	x2,x21,80001588	  x2:0x00000001 x21:0x00000000
       23765000	      2375	80001548	0048d7b3	srl	x15,x17,x4	 x17:0x800097d1  x4:0x80008ba9 x15=0x0040004b
       23775000	      2376	8000154c	00cec0b3	xor	x1,x29,x12	 x29:0x00000001 x12:0x80009f4c  x1=0x80009f4d
       23785000	      2377	80001550	004c8533	add	x10,x25,x4	 x25:0x00000001  x4:0x80008ba9 x10=0x80008baa
       23795000	      2378	80001554	acddc213	xori	x4,x27,-1331	 x27:0x0f703185  x4=0xf08fcb48
       23805000	      2379	80001558	009b4bb3	xor	x23,x22,x9	 x22:0xec03e02e  x9:0xc0000000 x23=0x2c03e02e
       23815000	      2380	8000155c	40ca84b3	sub	x9,x21,x12	 x21:0x00000000 x12:0x80009f4c  x9=0x7fff60b4
       23825000	      2381	80001560	71943817	auipc	x16,0x71943	 x16=0xf194455c
       23835000	      2382	80001564	00709113	slli	x2,x1,0x7	  x1:0x80009f4d  x2=0x004fa680
       23845000	      2383	80001568	3f51fc93	andi	x25,x3,1013	  x3:0x00000001 x25=0x00000001
       23855000	      2384	8000156c	01325413	srli	x8,x4,0x13	  x4:0xf08fcb48  x8=0x00001e11
       23865000	      2385	80001570	66aa6b93	ori	x23,x20,1642	 x20:0x00000000 x23=0x0000066a
       23875000	      2386	80001574	2813ceb7	lui	x29,0x2813c	 x29=0x2813c000
       23885000	      2387	80001578	01f57e63	bgeu	x10,x31,80001594	 x10:0x80008baa x31:0xff703185
       23895000	      2388	8000157c	416754b3	sra	x9,x14,x22	 x14:0x00000000 x22:0xec03e02e  x9=0x00000000
       23905000	      2389	80001580	01ea5e33	srl	x28,x20,x30	 x20:0x00000000 x30:0x00000000 x28=0x00000000
       23915000	      2390	80001584	0f11a393	slti	x7,x3,241	  x3:0x00000001  x7=0x00000001
       23925000	      2391	80001588	00f3d413	srli	x8,x7,0xf	  x7:0x00000001  x8=0x00000000
       23935000	      2392	8000158c	41568233	sub	x4,x13,x21	 x13:0x0f703179 x21:0x00000000  x4=0x0f703179
       23945000	      2393	80001590	0112fb33	and	x22,x5,x17	  x5:0xec03e02f x17:0x800097d1 x22=0x80008001
       23955000	      2394	80001594	7a037b13	andi	x22,x6,1952	  x6:0x0f7035fd x22=0x000005a0
       23965000	      2395	80001598	01fc8133	add	x2,x25,x31	 x25:0x00000001 x31:0xff703185  x2=0xff703186
       23975000	      2396	8000159c	01001293	slli	x5,x0,0x10	  x0:0x00000000  x5=0x00000000
       23985000	      2397	800015a0	05954263	blt	x10,x25,800015e4	 x10:0x80008baa x25:0x00000001
       23995000	      2398	00000000	00000013	addi	x0,x0,0	  x0:0x00000000
       24005000	      2399	800015e0	00000013	addi	x0,x0,0	  x0:0x00000000
       24015000	      2400	800015e4	04315863	bge	x2,x3,80001634	  x2:0xff703186  x3:0x00000001
       24025000	      2401	800015e8	5f7c4393	xori	x7,x24,1527	 x24:0x80009fc4  x7=0x80009a33
       24035000	      2402	800015ec	00000013	addi	x0,x0,0	  x0:0x00000000
       24045000	      2403	800015f0	055e9063	bne	x29,x21,80001630	 x29:0x2813c000 x21:0x00000000
       24055000	      2404	00000000	00000013	addi	x0,x0,0	  x0:0x00000000
       24065000	      2405	8000162c	00000013	addi	x0,x0,0	  x0:0x00000000
       24075000	      2406	80001630	02950063	beq	x10,x9,80001650	 x10:0x80008baa  x9:0x00000000
       24085000	      2407	80001634	40beff13	andi	x30,x29,1035	 x29:0x2813c000 x30=0x00000000
       24095000	      2408	80001638	d603cb13	xori	x22,x7,-672	  x7:0x80009a33 x22=0x7fff6753
       24105000	      2409	8000163c	05210663	beq	x2,x18,80001688	  x2:0xff703186 x18:0x2a000000
       24115000	      2410	80001640	02e79c63	bne	x15,x14,80001678	 x15:0x0040004b x14:0x00000000
       24125000	      2411	00000000	00000013	addi	x0,x0,0	  x0:0x00000000
       24135000	      2412	80001674	00000013	addi	x0,x0,0	  x0:0x00000000
       24145000	      2413	80001678	405452b3	sra	x5,x8,x5	  x8:0x00000000  x5:0x00000000  x5=0x00000000
       24155000	      2414	8000167c	c46ecd13	xori	x26,x29,-954	 x29:0x2813c000 x26=0xd7ec3c46
       24165000	      2415	80001680	00269bb3	sll	x23,x13,x2	 x13:0x0f703179  x2:0xff703186 x23=0xdc0c5e40
       24175000	      2416	80001684	00d62233	slt	x4,x12,x13	 x12:0x80009f4c x13:0x0f703179  x4=0x00000001
       24185000	      2417	80001688	7e33c913	xori	x18,x7,2019	  x7:0x80009a33 x18=0x80009dd0
       24195000	      2418	8000168c	03af7463	bgeu	x30,x26,800016b4	 x30:0x00000000 x26:0xd7ec3c46
       24205000	      2419	80001690	05955063	bge	x10,x25,800016d0	 x10:0x80008baa x25:0x00000001
       24215000	      2420	80001694	005aef97	auipc	x31,0x5ae	 x31=0x805af690
       24225000	      2421	80001698	00751a93	slli	x21,x10,0x7	 x10:0x80008baa x21=0x0045d500
       24235000	      2422	8000169c	856d2d13	slti	x26,x26,-1962	 x26:0xd7ec3c46 x26=0x00000001
       24245000	      2423	800016a0	bc05ae93	slti	x29,x11,-1088	 x11:0x00000001 x29=0x00000000
       24255000	      2424	800016a4	40cb0133	sub	x2,x22,x12	 x22:0x7fff6753 x12:0x80009f4c  x2=0xfffec807
       24265000	      2425	800016a8	0129e263	bltu	x19,x18,800016ac	 x19:0x45f48000 x18:0x80009dd0
       24275000	      2426	00000000	00000013	addi	x0,x0,0	  x0:0x00000000
       24285000	      2427	800016a8	00000013	addi	x0,x0,0	  x0:0x00000000
       24295000	      2428	800016ac	321ca893	slti	x17,x25,801	 x25:0x00000001 x17=0x00000001
       24305000	      2429	800016b0	00e29833	sll	x16,x5,x14	  x5:0x00000000 x14:0x00000000 x16=0x00000000
       24315000	      2430	800016b4	f036be93	sltiu	x29,x13,-253	 x13:0x0f703179 x29=0x00000001
       24325000	      2431	800016b8	04610263	beq	x2,x6,800016fc	  x2:0xfffec807  x6:0x0f7035fd
       24335000	      2432	800016bc	af8ca713	slti	x14,x25,-1288	 x25:0x00000001 x14=0x00000000
       24345000	      2433	800016c0	03cbd063	bge	x23,x28,800016e0	 x23:0xdc0c5e40 x28:0x00000000
       24355000	      2434	800016c4	00165313	srli	x6,x12,0x1	 x12:0x80009f4c  x6=0x40004fa6
       24365000	      2435	800016c8	002d1cb3	sll	x25,x26,x2	 x26:0x00000001  x2:0xfffec807 x25=0x00000080
       24375000	      2436	800016cc	41050eb3	sub	x29,x10,x16	 x10:0x80008baa x16:0x00000000 x29=0x80008baa
       24385000	      2437	800016d0	00b50a33	add	x20,x10,x11	 x10:0x80008baa x11:0x00000001 x20=0x80008bab
       24395000	      2438	800016d4	00a1bcb3	sltu	x25,x3,x10	  x3:0x00000001 x10:0x80008baa x25=0x00000001
       24405000	      2439	800016d8	00de14b3	sll	x9,x28,x13	 x28:0x00000000 x13:0x0f703179  x9=0x00000000
       24415000	      2440	800016dc	0f119463	bne	x3,x17,800017c4	  x3:0x00000001 x17:0x00000001
       24425000	      2441	800016e0	a981af93	slti	x31,x3,-1384	  x3:0x00000001 x31=0x00000000
       24435000	      2442	800016e4	00000013	addi	x0,x0,0	  x0:0x00000000
       24445000	      2443	800016e8	cbc6cd13	xori	x26,x13,-836	 x13:0x0f703179 x26=0xf08fcdc5
       24455000	      2444	800016ec	019653b3	srl	x7,x12,x25	 x12:0x80009f4c x25:0x00000001  x7=0x40004fa6
       24465000	      2445	800016f0	304bb793	sltiu	x15,x23,772	 x23:0xdc0c5e40 x15=0x00000000
       24475000	      2446	800016f4	008f21b3	slt	x3,x30,x8	 x30:0x00000000  x8:0x00000000  x3=0x00000000
       24485000	      2447	800016f8	00000013	addi	x0,x0,0	  x0:0x00000000
       24495000	      2448	800016fc	45a61d37	lui	x26,0x45a61	 x26=0x45a61000
       24505000	      2449	80001700	b8e9fb93	andi	x23,x19,-1138	 x19:0x45f48000 x23=0x45f48000
       24515000	      2450	80001704	00007117	auipc	x2,0x7	  x2=0x80008700
       24525000	      2451	80001708	b9d10113	addi	x2,x2,-1123	  x2:0x80008700  x2=0x8000829d
       24535000	      2452	8000170c	0026c333	xor	x6,x13,x2	 x13:0x0f703179  x2:0x8000829d  x6=0x8f70b3e4
       24545000	      2453	80001710	0193a7b3	slt	x15,x7,x25	  x7:0x40004fa6 x25:0x00000001 x15=0x00000000
       24555000	      2454	80001714	4de9fa17	auipc	x20,0x4de9f	 x20=0xcdea0710
       24565000	      2455	80001718	51a32193	slti	x3,x6,1306	  x6:0x8f70b3e4  x3=0x00000001
       24575000	      2456	8000171c	072102a3	sb	x18,101(x2)	  x2:0x8000829d x18:0x80009dd0 PA:0x80008302
       24585000	      2457	80001720	ab14b713	sltiu	x14,x9,-1359	  x9:0x00000000 x14=0x00000001
       24595000	      2458	80001724	00ce91b3	sll	x3,x29,x12	 x29:0x80008baa x12:0x80009f4c  x3=0x08baa000
       24605000	      2459	80001728	0033d733	srl	x14,x7,x3	  x7:0x40004fa6  x3:0x08baa000 x14=0x40004fa6
       24615000	      2460	8000172c	f6614a83	lbu	x21,-154(x2)	  x2:0x8000829d x21=0x00000000 PA:0x80008203
       24625000	      2461	80001730	f9b15583	lhu	x11,-101(x2)	  x2:0x8000829d x11=0x00000000 PA:0x80008238
       24635000	      2462	80001734	002ff0b3	and	x1,x31,x2	 x31:0x00000000  x2:0x8000829d  x1=0x00000000
       24645000	      2463	80001738	00724d33	xor	x26,x4,x7	  x4:0x00000001  x7:0x40004fa6 x26=0x40004fa7
       24655000	      2464	8000173c	01abdf93	srli	x31,x23,0x1a	 x23:0x45f48000 x31=0x00000011
       24665000	      2465	80001740	cb4bc393	xori	x7,x23,-844	 x23:0x45f48000  x7=0xba0b7cb4
       24675000	      2466	80001744	f9d15f03	lhu	x30,-99(x2)	  x2:0x8000829d x30=0x00000000 PA:0x8000823a
       24685000	      2467	80001748	d87af037	lui	x0,0xd87af	
       24695000	      2468	8000174c	01e10503	lb	x10,30(x2)	  x2:0x8000829d x10=0x00000000 PA:0x800082bb
       24705000	      2469	80001750	01f93db3	sltu	x27,x18,x31	 x18:0x80009dd0 x31:0x00000011 x27=0x00000000
       24715000	      2470	80001754	1f3fe793	ori	x15,x31,499	 x31:0x00000011 x15=0x000001f3
       24725000	      2471	80001758	5cfeaf13	slti	x30,x29,1487	 x29:0x80008baa x30=0x00000001
       24735000	      2472	8000175c	00d868b3	or	x17,x16,x13	 x16:0x00000000 x13:0x0f703179 x17=0x0f703179
       24745000	      2473	80001760	00b4ee33	or	x28,x9,x11	  x9:0x00000000 x11:0x00000000 x28=0x00000000
       24755000	      2474	80001764	d4d81fb7	lui	x31,0xd4d81	 x31=0xd4d81000
       24765000	      2475	80001768	b690ed93	ori	x27,x1,-1175	  x1:0x00000000 x27=0xfffffb69
       24775000	      2476	8000176c	0bc11ba3	sh	x28,183(x2)	  x2:0x8000829d x28:0x00000000 PA:0x80008354
       24785000	      2477	80001770	118cf813	andi	x16,x25,280	 x25:0x00000001 x16=0x00000000
       24795000	      2478	80001774	fa48a213	slti	x4,x17,-92	 x17:0x0f703179  x4=0x00000000
       24805000	      2479	80001778	010f4f33	xor	x30,x30,x16	 x30:0x00000001 x16:0x00000000 x30=0x00000001
       24815000	      2480	8000177c	07915783	lhu	x15,121(x2)	  x2:0x8000829d x15=0x00000000 PA:0x80008316
       24825000	      2481	80001780	01ffbbb3	sltu	x23,x31,x31	 x31:0xd4d81000 x31:0xd4d81000 x23=0x00000000
       24835000	      2482	80001784	0056bab3	sltu	x21,x13,x5	 x13:0x0f703179  x5:0x00000000 x21=0x00000000
       24845000	      2483	80001788	404d87b3	sub	x15,x27,x4	 x27:0xfffffb69  x4:0x00000000 x15=0xfffffb69
       24855000	      2484	8000178c	000a3fb3	sltu	x31,x20,x0	 x20:0xcdea0710  x0:0x00000000 x31=0x00000000
       24865000	      2485	80001790	0ca114a3	sh	x10,201(x2)	  x2:0x8000829d x10:0x00000000 PA:0x80008366
       24875000	      2486	80001794	00f21b33	sll	x22,x4,x15	  x4:0x00000000 x15:0xfffffb69 x22=0x00000000
       24885000	      2487	80001798	01da0233	add	x4,x20,x29	 x20:0xcdea0710 x29:0x80008baa  x4=0x4dea92ba
       24895000	      2488	8000179c	f1110883	lb	x17,-239(x2)	  x2:0x8000829d x17=0x00000000 PA:0x800081ae
       24905000	      2489	800017a0	f4414403	lbu	x8,-188(x2)	  x2:0x8000829d  x8=0x00000000 PA:0x800081e1
       24915000	      2490	800017a4	012d4933	xor	x18,x26,x18	 x26:0x40004fa7 x18:0x80009dd0 x18=0xc000d277
       24925000	      2491	800017a8	01711ba3	sh	x23,23(x2)	  x2:0x8000829d x23:0x00000000 PA:0x800082b4
       24935000	      2492	800017ac	03b98263	beq	x19,x27,800017d0	 x19:0x45f48000 x27:0xfffffb69
       24945000	      2493	800017b0	2bc00593	addi	x11,x0,700	  x0:0x00000000 x11=0x000002bc
       24955000	      2494	800017b4	22301837	lui	x16,0x22301	 x16=0x22301000
       24965000	      2495	800017b8	5593aa13	slti	x20,x7,1369	  x7:0xba0b7cb4 x20=0x00000001
       24975000	      2496	800017bc	005679b3	and	x19,x12,x5	 x12:0x80009f4c  x5:0x00000000 x19=0x00000000
       24985000	      2497	800017c0	00a57333	and	x6,x10,x10	 x10:0x00000000 x10:0x00000000  x6=0x00000000
       24995000	      2498	800017c4	362efc93	andi	x25,x29,866	 x29:0x80008baa x25=0x00000322
       25005000	      2499	800017c8	015b5113	srli	x2,x22,0x15	 x22:0x00000000  x2=0x00000000
       25015000	      2500	800017cc	057cf863	bgeu	x25,x23,8000181c	 x25:0x00000322 x23:0x00000000
       25025000	      2501	00000000	00000013	addi	x0,x0,0	  x0:0x00000000
       25035000	      2502	80001818	00000013	addi	x0,x0,0	  x0:0x00000000
       25045000	      2503	8000181c	a3f578b7	lui	x17,0xa3f57	 x17=0xa3f57000
       25055000	      2504	80001820	0037d133	srl	x2,x15,x3	 x15:0xfffffb69  x3:0x08baa000  x2=0xfffffb69
       25065000	      2505	80001824	023ade63	bge	x21,x3,80001860	 x21:0x00000000  x3:0x08baa000
       25075000	      2506	80001828	41b7dfb3	sra	x31,x15,x27	 x15:0xfffffb69 x27:0xfffffb69 x31=0xfffffffd
       25085000	      2507	8000182c	40d28fb3	sub	x31,x5,x13	  x5:0x00000000 x13:0x0f703179 x31=0xf08fce87
       25095000	      2508	80001830	df370d93	addi	x27,x14,-525	 x14:0x40004fa6 x27=0x40004d99
       25105000	      2509	80001834	a6d27813	andi	x16,x4,-1427	  x4:0x4dea92ba x16=0x4dea9228
       25115000	      2510	80001838	4017d513	srai	x10,x15,0x1	 x15:0xfffffb69 x10=0xfffffdb4
       25125000	      2511	8000183c	05214463	blt	x2,x18,80001884	  x2:0xfffffb69 x18:0xc000d277
       25135000	      2512	80001840	007c1313	slli	x6,x24,0x7	 x24:0x80009fc4  x6=0x004fe200
       25145000	      2513	80001844	014f54b3	srl	x9,x30,x20	 x30:0x00000001 x20:0x00000001  x9=0x00000000
       25155000	      2514	80001848	02205263	bge	x0,x2,8000186c	  x0:0x00000000  x2:0xfffffb69
       25165000	      2515	00000000	00000013	addi	x0,x0,0	  x0:0x00000000
       25175000	      2516	80001868	00000013	addi	x0,x0,0	  x0:0x00000000
       25185000	      2517	8000186c	6c42b793	sltiu	x15,x5,1732	  x5:0x00000000 x15=0x00000001
       25195000	      2518	80001870	413cd593	srai	x11,x25,0x13	 x25:0x00000322 x11=0x00000000
       25205000	      2519	80001874	ae6b4d13	xori	x26,x22,-1306	 x22:0x00000000 x26=0xfffffae6
       25215000	      2520	80001878	d6460793	addi	x15,x12,-668	 x12:0x80009f4c x15=0x80009cb0
       25225000	      2521	8000187c	00bd6e63	bltu	x26,x11,80001898	 x26:0xfffffae6 x11:0x00000000
       25235000	      2522	80001880	40d0db33	sra	x22,x1,x13	  x1:0x00000000 x13:0x0f703179 x22=0x00000000
       25245000	      2523	80001884	01fc6463	bltu	x24,x31,8000188c	 x24:0x80009fc4 x31:0xf08fce87
       25255000	      2524	00000000	00000013	addi	x0,x0,0	  x0:0x00000000
       25265000	      2525	80001888	00000013	addi	x0,x0,0	  x0:0x00000000
       25275000	      2526	8000188c	0b2ce263	bltu	x25,x18,80001930	 x25:0x00000322 x18:0xc000d277
       25285000	      2527	00000000	00000013	addi	x0,x0,0	  x0:0x00000000
       25295000	      2528	8000192c	00000013	addi	x0,x0,0	  x0:0x00000000
       25305000	      2529	80001930	415bd293	srai	x5,x23,0x15	 x23:0x00000000  x5=0x00000000
       25315000	      2530	80001934	05e56063	bltu	x10,x30,80001974	 x10:0xfffffdb4 x30:0x00000001
       25325000	      2531	80001938	04620263	beq	x4,x6,8000197c	  x4:0x4dea92ba  x6:0x004fe200
       25335000	      2532	8000193c	41478e33	sub	x28,x15,x20	 x15:0x80009cb0 x20:0x00000001 x28=0x80009caf
       25345000	      2533	80001940	07e7b997	auipc	x19,0x7e7b	 x19=0x87e7c93c
       25355000	      2534	80001944	00e6e033	or	x0,x13,x14	 x13:0x0f703179 x14:0x40004fa6
       25365000	      2535	80001948	41a1d833	sra	x16,x3,x26	  x3:0x08baa000 x26:0xfffffae6 x16=0x0022ea80
       25375000	      2536	8000194c	000e99b3	sll	x19,x29,x0	 x29:0x80008baa  x0:0x00000000 x19=0x80008baa
       25385000	      2537	80001950	00ffaeb3	slt	x29,x31,x15	 x31:0xf08fce87 x15:0x80009cb0 x29=0x00000000
       25395000	      2538	80001954	d06ec193	xori	x3,x29,-762	 x29:0x00000000  x3=0xfffffd06
       25405000	      2539	80001958	9db8cd93	xori	x27,x17,-1573	 x17:0xa3f57000 x27=0x5c0a89db
       25415000	      2540	8000195c	0caacf13	xori	x30,x21,202	 x21:0x00000000 x30=0x000000ca
       25425000	      2541	80001960	41ebde33	sra	x28,x23,x30	 x23:0x00000000 x30:0x000000ca x28=0x00000000
       25435000	      2542	80001964	0093d293	srli	x5,x7,0x9	  x7:0xba0b7cb4  x5=0x005d05be
       25445000	      2543	80001968	ce7d9e37	lui	x28,0xce7d9	 x28=0xce7d9000
       25455000	      2544	8000196c	015f99b3	sll	x19,x31,x21	 x31:0xf08fce87 x21:0x00000000 x19=0xf08fce87
       25465000	      2545	80001970	f3baba97	auipc	x21,0xf3bab	 x21=0x73bac96c
       25475000	      2546	80001974	000b8b33	add	x22,x23,x0	 x23:0x00000000  x0:0x00000000 x22=0x00000000
       25485000	      2547	80001978	02b54c63	blt	x10,x11,800019b0	 x10:0xfffffdb4 x11:0x00000000
       25495000	      2548	00000000	00000013	addi	x0,x0,0	  x0:0x00000000
       25505000	      2549	800019ac	00000013	addi	x0,x0,0	  x0:0x00000000
       25515000	      2550	800019b0	0dc30f13	addi	x30,x6,220	  x6:0x004fe200 x30=0x004fe2dc
       25525000	      2551	800019b4	0300f463	bgeu	x1,x16,800019dc	  x1:0x00000000 x16:0x0022ea80
       25535000	      2552	800019b8	da348413	addi	x8,x9,-605	  x9:0x00000000  x8=0xfffffda3
       25545000	      2553	800019bc	04e2f663	bgeu	x5,x14,80001a08	  x5:0x005d05be x14:0x40004fa6
       25555000	      2554	800019c0	0569c263	blt	x19,x22,80001a04	 x19:0xf08fce87 x22:0x00000000
       25565000	      2555	00000000	00000013	addi	x0,x0,0	  x0:0x00000000
       25575000	      2556	80001a00	00000013	addi	x0,x0,0	  x0:0x00000000
       25585000	      2557	80001a04	00609463	bne	x1,x6,80001a0c	  x1:0x00000000  x6:0x004fe200
       25595000	      2558	00000000	00000013	addi	x0,x0,0	  x0:0x00000000
       25605000	      2559	80001a08	00000013	addi	x0,x0,0	  x0:0x00000000
       25615000	      2560	80001a0c	33007813	andi	x16,x0,816	  x0:0x00000000 x16=0x00000000
       25625000	      2561	80001a10	00000013	addi	x0,x0,0	  x0:0x00000000
       25635000	      2562	80001a14	00000013	addi	x0,x0,0	  x0:0x00000000
       25645000	      2563	80001a18	00b69263	bne	x13,x11,80001a1c	 x13:0x0f703179 x11:0x00000000
       25655000	      2564	00000000	00000013	addi	x0,x0,0	  x0:0x00000000
       25665000	      2565	80001a18	00000013	addi	x0,x0,0	  x0:0x00000000
       25675000	      2566	80001a1c	00cc2833	slt	x16,x24,x12	 x24:0x80009fc4 x12:0x80009f4c x16=0x00000000
       25685000	      2567	80001a20	6b043d93	sltiu	x27,x8,1712	  x8:0xfffffda3 x27=0x00000000
       25695000	      2568	80001a24	00fedd33	srl	x26,x29,x15	 x29:0x00000000 x15:0x80009cb0 x26=0x00000000
       25705000	      2569	80001a28	c5087e13	andi	x28,x16,-944	 x16:0x00000000 x28=0x00000000
       25715000	      2570	80001a2c	00bd20b3	slt	x1,x26,x11	 x26:0x00000000 x11:0x00000000  x1=0x00000000
       25725000	      2571	80001a30	0083d713	srli	x14,x7,0x8	  x7:0xba0b7cb4 x14=0x00ba0b7c
       25735000	      2572	80001a34	00ced933	srl	x18,x29,x12	 x29:0x00000000 x12:0x80009f4c x18=0x00000000
       25745000	      2573	80001a38	04364063	blt	x12,x3,80001a78	 x12:0x80009f4c  x3:0xfffffd06
       25755000	      2574	00000000	00000013	addi	x0,x0,0	  x0:0x00000000
       25765000	      2575	80001a74	00000013	addi	x0,x0,0	  x0:0x00000000
       25775000	      2576	80001a78	00079e63	bne	x15,x0,80001a94	 x15:0x80009cb0  x0:0x00000000
       25785000	      2577	00000000	00000013	addi	x0,x0,0	  x0:0x00000000
       25795000	      2578	80001a90	00000013	addi	x0,x0,0	  x0:0x00000000
       25805000	      2579	80001a94	1deeb037	lui	x0,0x1deeb	
       25815000	      2580	80001a98	03ae7063	bgeu	x28,x26,80001ab8	 x28:0x00000000 x26:0x00000000
       25825000	      2581	00000000	00000013	addi	x0,x0,0	  x0:0x00000000
       25835000	      2582	80001ab4	00000013	addi	x0,x0,0	  x0:0x00000000
       25845000	      2583	80001ab8	41c40833	sub	x16,x8,x28	  x8:0xfffffda3 x28:0x00000000 x16=0xfffffda3
       25855000	      2584	80001abc	013b2433	slt	x8,x22,x19	 x22:0x00000000 x19:0xf08fce87  x8=0x00000000
       25865000	      2585	80001ac0	00c1a813	slti	x16,x3,12	  x3:0xfffffd06 x16=0x00000001
       25875000	      2586	80001ac4	01543033	sltu	x0,x8,x21	  x8:0x00000000 x21:0x73bac96c
       25885000	      2587	80001ac8	a1f30f37	lui	x30,0xa1f30	 x30=0xa1f30000
       25895000	      2588	80001acc	b1976093	ori	x1,x14,-1255	 x14:0x00ba0b7c  x1=0xfffffb7d
       25905000	      2589	80001ad0	40868133	sub	x2,x13,x8	 x13:0x0f703179  x8:0x00000000  x2=0x0f703179
       25915000	      2590	80001ad4	28eae413	ori	x8,x21,654	 x21:0x73bac96c  x8=0x73bacbee
       25925000	      2591	80001ad8	005cf1b3	and	x3,x25,x5	 x25:0x00000322  x5:0x005d05be  x3=0x00000122
       25935000	      2592	80001adc	0079a4b3	slt	x9,x19,x7	 x19:0xf08fce87  x7:0xba0b7cb4  x9=0x00000000
       25945000	      2593	80001ae0	0059fb33	and	x22,x19,x5	 x19:0xf08fce87  x5:0x005d05be x22=0x000d0486
       25955000	      2594	80001ae4	40c6dbb3	sra	x23,x13,x12	 x13:0x0f703179 x12:0x80009f4c x23=0x0000f703
       25965000	      2595	80001ae8	01498eb3	add	x29,x19,x20	 x19:0xf08fce87 x20:0x00000001 x29=0xf08fce88
       25975000	      2596	80001aec	d154e513	ori	x10,x9,-747	  x9:0x00000000 x10=0xfffffd15
       25985000	      2597	80001af0	01a3f533	and	x10,x7,x26	  x7:0xba0b7cb4 x26:0x00000000 x10=0x00000000
       25995000	      2598	80001af4	e8752113	slti	x2,x10,-377	 x10:0x00000000  x2=0x00000000
       26005000	      2599	80001af8	00085db3	srl	x27,x16,x0	 x16:0x00000001  x0:0x00000000 x27=0x00000001
       26015000	      2600	80001afc	01164eb3	xor	x29,x12,x17	 x12:0x80009f4c x17:0xa3f57000 x29=0x23f5ef4c
       26025000	      2601	80001b00	01966e33	or	x28,x12,x25	 x12:0x80009f4c x25:0x00000322 x28=0x80009f6e
       26035000	      2602	80001b04	8dc2a593	slti	x11,x5,-1828	  x5:0x005d05be x11=0x00000000
       26045000	      2603	80001b08	02456c63	bltu	x10,x4,80001b40	 x10:0x00000000  x4:0x4dea92ba
       26055000	      2604	00000000	00000013	addi	x0,x0,0	  x0:0x00000000
       26065000	      2605	80001b3c	00000013	addi	x0,x0,0	  x0:0x00000000
       26075000	      2606	80001b40	002dbeb3	sltu	x29,x27,x2	 x27:0x00000001  x2:0x00000000 x29=0x00000000
       26085000	      2607	80001b44	02f24863	blt	x4,x15,80001b74	  x4:0x4dea92ba x15:0x80009cb0
       26095000	      2608	80001b48	00000013	addi	x0,x0,0	  x0:0x00000000
       26105000	      2609	80001b4c	c3978cb7	lui	x25,0xc3978	 x25=0xc3978000
       26115000	      2610	80001b50	50a009b7	lui	x19,0x50a00	 x19=0x50a00000
       26125000	      2611	80001b54	01981813	slli	x16,x16,0x19	 x16:0x00000001 x16=0x02000000
       26135000	      2612	80001b58	01b32733	slt	x14,x6,x27	  x6:0x004fe200 x27:0x00000001 x14=0x00000000
       26145000	      2613	80001b5c	07afbb93	sltiu	x23,x31,122	 x31:0xf08fce87 x23=0x00000000
       26155000	      2614	80001b60	00de1eb3	sll	x29,x28,x13	 x28:0x80009f6e x13:0x0f703179 x29=0xdc000000
       26165000	      2615	80001b64	00bf9413	slli	x8,x31,0xb	 x31:0xf08fce87  x8=0x7e743800
       26175000	      2616	80001b68	00000013	addi	x0,x0,0	  x0:0x00000000
       26185000	      2617	80001b6c	014f4a63	blt	x30,x20,80001b80	 x30:0xa1f30000 x20:0x00000001
       26195000	      2618	00000000	00000013	addi	x0,x0,0	  x0:0x00000000
       26205000	      2619	80001b7c	00000013	addi	x0,x0,0	  x0:0x00000000
       26215000	      2620	80001b80	006ceeb3	or	x29,x25,x6	 x25:0xc3978000  x6:0x004fe200 x29=0xc3dfe200
       26225000	      2621	80001b84	4028d213	srai	x4,x17,0x2	 x17:0xa3f57000  x4=0xe8fd5c00
       26235000	      2622	80001b88	5ea84493	xori	x9,x16,1514	 x16:0x02000000  x9=0x020005ea
       26245000	      2623	80001b8c	00b75393	srli	x7,x14,0xb	 x14:0x00000000  x7=0x00000000
       26255000	      2624	80001b90	01aa9863	bne	x21,x26,80001ba0	 x21:0x73bac96c x26:0x00000000
       26265000	      2625	00000000	00000013	addi	x0,x0,0	  x0:0x00000000
       26275000	      2626	80001b9c	00000013	addi	x0,x0,0	  x0:0x00000000
       26285000	      2627	80001ba0	42976e13	ori	x28,x14,1065	 x14:0x00000000 x28=0x00000429
       26295000	      2628	80001ba4	016aa2b3	slt	x5,x21,x22	 x21:0x73bac96c x22:0x000d0486  x5=0x00000000
       26305000	      2629	80001ba8	052c6263	bltu	x24,x18,80001bec	 x24:0x80009fc4 x18:0x00000000
       26315000	      2630	80001bac	41afd093	srai	x1,x31,0x1a	 x31:0xf08fce87  x1=0xfffffffc
       26325000	      2631	80001bb0	048b8063	beq	x23,x8,80001bf0	 x23:0x00000000  x8:0x7e743800
       26335000	      2632	80001bb4	f17a3393	sltiu	x7,x20,-233	 x20:0x00000001  x7=0x00000001
       26345000	      2633	80001bb8	8b59fb13	andi	x22,x19,-1867	 x19:0x50a00000 x22=0x50a00000
       26355000	      2634	80001bbc	00198eb3	add	x29,x19,x1	 x19:0x50a00000  x1:0xfffffffc x29=0x509ffffc
       26365000	      2635	80001bc0	03764263	blt	x12,x23,80001be4	 x12:0x80009f4c x23:0x00000000
       26375000	      2636	00000000	00000013	addi	x0,x0,0	  x0:0x00000000
       26385000	      2637	80001be0	00000013	addi	x0,x0,0	  x0:0x00000000
       26395000	      2638	80001be4	29346d93	ori	x27,x8,659	  x8:0x7e743800 x27=0x7e743a93
       26405000	      2639	80001be8	038e1463	bne	x28,x24,80001c10	 x28:0x00000429 x24:0x80009fc4
       26415000	      2640	00000000	00000013	addi	x0,x0,0	  x0:0x00000000
       26425000	      2641	80001c0c	00000013	addi	x0,x0,0	  x0:0x00000000
       26435000	      2642	80001c10	b5d6fa93	andi	x21,x13,-1187	 x13:0x0f703179 x21=0x0f703159
       26445000	      2643	80001c14	006e9493	slli	x9,x29,0x6	 x29:0x509ffffc  x9=0x27ffff00
       26455000	      2644	80001c18	fc596fb7	lui	x31,0xfc596	 x31=0xfc596000
       26465000	      2645	80001c1c	0143da13	srli	x20,x7,0x14	  x7:0x00000001 x20=0x00000000
       26475000	      2646	80001c20	01791b93	slli	x23,x18,0x17	 x18:0x00000000 x23=0x00000000
       26485000	      2647	80001c24	00b9fa33	and	x20,x19,x11	 x19:0x50a00000 x11:0x00000000 x20=0x00000000
       26495000	      2648	80001c28	3b224793	xori	x15,x4,946	  x4:0xe8fd5c00 x15=0xe8fd5fb2
       26505000	      2649	80001c2c	00ff8a33	add	x20,x31,x15	 x31:0xfc596000 x15:0xe8fd5fb2 x20=0xe556bfb2
       26515000	      2650	80001c30	05be9263	bne	x29,x27,80001c74	 x29:0x509ffffc x27:0x7e743a93
       26525000	      2651	00000000	00000013	addi	x0,x0,0	  x0:0x00000000
       26535000	      2652	80001c70	00000013	addi	x0,x0,0	  x0:0x00000000
       26545000	      2653	80001c74	04b8c863	blt	x17,x11,80001cc4	 x17:0xa3f57000 x11:0x00000000
       26555000	      2654	00000000	00000013	addi	x0,x0,0	  x0:0x00000000
       26565000	      2655	80001cc0	00000013	addi	x0,x0,0	  x0:0x00000000
       26575000	      2656	80001cc4	00a141b3	xor	x3,x2,x10	  x2:0x00000000 x10:0x00000000  x3=0x00000000
       26585000	      2657	80001cc8	04bbf463	bgeu	x23,x11,80001d10	 x23:0x00000000 x11:0x00000000
       26595000	      2658	00000000	00000013	addi	x0,x0,0	  x0:0x00000000
       26605000	      2659	80001d0c	00000013	addi	x0,x0,0	  x0:0x00000000
       26615000	      2660	80001d10	54072a97	auipc	x21,0x54072	 x21=0xd4073d0c
       26625000	      2661	80001d14	000c75b3	and	x11,x24,x0	 x24:0x80009fc4  x0:0x00000000 x11=0x00000000
       26635000	      2662	80001d18	00c31b33	sll	x22,x6,x12	  x6:0x004fe200 x12:0x80009f4c x22=0xfe200000
       26645000	      2663	80001d1c	011f5793	srli	x15,x30,0x11	 x30:0xa1f30000 x15=0x000050f9
       26655000	      2664	80001d20	41580033	sub	x0,x16,x21	 x16:0x02000000 x21:0xd4073d0c
       26665000	      2665	80001d24	056e7063	bgeu	x28,x22,80001d64	 x28:0x00000429 x22:0xfe200000
       26675000	      2666	80001d28	405b53b3	sra	x7,x22,x5	 x22:0xfe200000  x5:0x00000000  x7=0xfe200000
       26685000	      2667	80001d2c	02ef0263	beq	x30,x14,80001d50	 x30:0xa1f30000 x14:0x00000000
       26695000	      2668	80001d30	00a609b3	add	x19,x12,x10	 x12:0x80009f4c x10:0x00000000 x19=0x80009f4c
       26705000	      2669	80001d34	01a6f9b3	and	x19,x13,x26	 x13:0x0f703179 x26:0x00000000 x19=0x00000000
       26715000	      2670	80001d38	01ee5913	srli	x18,x28,0x1e	 x28:0x00000429 x18=0x00000000
       26725000	      2671	80001d3c	05b34793	xori	x15,x6,91	  x6:0x004fe200 x15=0x004fe25b
       26735000	      2672	80001d40	cc4f6c93	ori	x25,x30,-828	 x30:0xa1f30000 x25=0xfffffcc4
       26745000	      2673	80001d44	01e3da93	srli	x21,x7,0x1e	  x7:0xfe200000 x21=0x00000003
       26755000	      2674	80001d48	08ed0a37	lui	x20,0x8ed0	 x20=0x08ed0000
       26765000	      2675	80001d4c	4f777293	andi	x5,x14,1271	 x14:0x00000000  x5=0x00000000
       26775000	      2676	80001d50	01d9d3b3	srl	x7,x19,x29	 x19:0x00000000 x29:0x509ffffc  x7=0x00000000
       26785000	      2677	80001d54	04d27663	bgeu	x4,x13,80001da0	  x4:0xe8fd5c00 x13:0x0f703179
       26795000	      2678	00000000	00000013	addi	x0,x0,0	  x0:0x00000000
       26805000	      2679	80001d9c	00000013	addi	x0,x0,0	  x0:0x00000000
       26815000	      2680	80001da0	007872b3	and	x5,x16,x7	 x16:0x02000000  x7:0x00000000  x5=0x00000000
       26825000	      2681	80001da4	05ad0263	beq	x26,x26,80001de8	 x26:0x00000000 x26:0x00000000
       26835000	      2682	00000000	00000013	addi	x0,x0,0	  x0:0x00000000
       26845000	      2683	80001de4	00000013	addi	x0,x0,0	  x0:0x00000000
       26855000	      2684	80001de8	00527a33	and	x20,x4,x5	  x4:0xe8fd5c00  x5:0x00000000 x20=0x00000000
       26865000	      2685	80001dec	016dd833	srl	x16,x27,x22	 x27:0x7e743a93 x22:0xfe200000 x16=0x7e743a93
       26875000	      2686	80001df0	41328533	sub	x10,x5,x19	  x5:0x00000000 x19:0x00000000 x10=0x00000000
       26885000	      2687	80001df4	76fab813	sltiu	x16,x21,1903	 x21:0x00000003 x16=0x00000001
       26895000	      2688	80001df8	01d57863	bgeu	x10,x29,80001e08	 x10:0x00000000 x29:0x509ffffc
       26905000	      2689	80001dfc	1faf3213	sltiu	x4,x30,506	 x30:0xa1f30000  x4=0x00000000
       26915000	      2690	80001e00	015734b3	sltu	x9,x14,x21	 x14:0x00000000 x21:0x00000003  x9=0x00000001
       26925000	      2691	80001e04	40dcd533	sra	x10,x25,x13	 x25:0xfffffcc4 x13:0x0f703179 x10=0xffffffff
       26935000	      2692	80001e08	f4953b13	sltiu	x22,x10,-183	 x10:0xffffffff x22=0x00000000
       26945000	      2693	80001e0c	08e84d13	xori	x26,x16,142	 x16:0x00000001 x26=0x0000008f
       26955000	      2694	80001e10	0067efb3	or	x31,x15,x6	 x15:0x004fe25b  x6:0x004fe200 x31=0x004fe25b
       26965000	      2695	80001e14	00000013	addi	x0,x0,0	  x0:0x00000000
       26975000	      2696	80001e18	016b58b3	srl	x17,x22,x22	 x22:0x00000000 x22:0x00000000 x17=0x00000000
       26985000	      2697	80001e1c	40ee5513	srai	x10,x28,0xe	 x28:0x00000429 x10=0x00000000
       26995000	      2698	80001e20	32128e93	addi	x29,x5,801	  x5:0x00000000 x29=0x00000321
       27005000	      2699	80001e24	ba257293	andi	x5,x10,-1118	 x10:0x00000000  x5=0x00000000
       27015000	      2700	80001e28	def67493	andi	x9,x12,-529	 x12:0x80009f4c  x9=0x80009d4c
       27025000	      2701	80001e2c	002edd33	srl	x26,x29,x2	 x29:0x00000321  x2:0x00000000 x26=0x00000321
       27035000	      2702	80001e30	bf559817	auipc	x16,0xbf559	 x16=0x3f55ae2c
       27045000	      2703	80001e34	005bc263	blt	x23,x5,80001e38	 x23:0x00000000  x5:0x00000000
       27055000	      2704	80001e38	43baa097	auipc	x1,0x43baa	  x1=0xc3babe34
       27065000	      2705	80001e3c	010b9f13	slli	x30,x23,0x10	 x23:0x00000000 x30=0x00000000
       27075000	      2706	80001e40	028bec63	bltu	x23,x8,80001e78	 x23:0x00000000  x8:0x7e743800
       27085000	      2707	00000000	00000013	addi	x0,x0,0	  x0:0x00000000
       27095000	      2708	80001e74	00000013	addi	x0,x0,0	  x0:0x00000000
       27105000	      2709	80001e78	87848d13	addi	x26,x9,-1928	  x9:0x80009d4c x26=0x800095c4
       27115000	      2710	80001e7c	7cd8e913	ori	x18,x17,1997	 x17:0x00000000 x18=0x000007cd
       27125000	      2711	80001e80	0108fbb3	and	x23,x17,x16	 x17:0x00000000 x16:0x3f55ae2c x23=0x00000000
       27135000	      2712	80001e84	01684733	xor	x14,x16,x22	 x16:0x3f55ae2c x22:0x00000000 x14=0x3f55ae2c
       27145000	      2713	80001e88	00d25e33	srl	x28,x4,x13	  x4:0x00000000 x13:0x0f703179 x28=0x00000000
       27155000	      2714	80001e8c	01cd5933	srl	x18,x26,x28	 x26:0x800095c4 x28:0x00000000 x18=0x800095c4
       27165000	      2715	80001e90	00000013	addi	x0,x0,0	  x0:0x00000000
       27175000	      2716	80001e94	688bed13	ori	x26,x23,1672	 x23:0x00000000 x26=0x00000688
       27185000	      2717	80001e98	00462883	lw	x17,4(x12)	 x12:0x80009f4c x17=0x800004d0 PA:0x80009f50
       27195000	      2718	80001e9c	02060613	addi	x12,x12,32	 x12:0x80009f4c x12=0x80009f6c
       27205000	      2719	80001ea0	01d21593	slli	x11,x4,0x1d	  x4:0x00000000 x11=0x00000000
       27215000	      2720	80001ea4	0e7a3713	sltiu	x14,x20,231	 x20:0x00000000 x14=0x00000001
       27225000	      2721	80001ea8	8a8eea93	ori	x21,x29,-1880	 x29:0x00000321 x21=0xfffffba9
       27235000	      2722	80001eac	775b33b7	lui	x7,0x775b3	  x7=0x775b3000
       27245000	      2723	80001eb0	00b5deb3	srl	x29,x11,x11	 x11:0x00000000 x11:0x00000000 x29=0x00000000
       27255000	      2724	80001eb4	00ed1b33	sll	x22,x26,x14	 x26:0x00000688 x14:0x00000001 x22=0x00000d10
       27265000	      2725	80001eb8	00188f13	addi	x30,x17,1	 x17:0x800004d0 x30=0x800004d1
       27275000	      2726	80001ebc	000f0f67	jalr	x30,x30,0	 x30:0x800004d1 x30=0x80001ebc
       27285000	      2727	00000000	00000013	addi	x0,x0,0	  x0:0x00000000
       27295000	      2728	800004d0	00000013	addi	x0,x0,0	  x0:0x00000000
       27305000	      2729	800004d4	00a3bd33	sltu	x26,x7,x10	  x7:0x775b3000 x10:0x00000000 x26=0x00000000
       27315000	      2730	800004d8	002e2a33	slt	x20,x28,x2	 x28:0x00000000  x2:0x00000000 x20=0x00000000
       27325000	      2731	800004dc	00000013	addi	x0,x0,0	  x0:0x00000000
       27335000	      2732	800004e0	bbdf7113	andi	x2,x30,-1091	 x30:0x80001ebc  x2=0x80001abc
       27345000	      2733	800004e4	0069a7b3	slt	x15,x19,x6	 x19:0x00000000  x6:0x004fe200 x15=0x00000001
       27355000	      2734	800004e8	b4398717	auipc	x14,0xb4398	 x14=0x343984e4
       27365000	      2735	800004ec	0143d933	srl	x18,x7,x20	  x7:0x775b3000 x20:0x00000000 x18=0x775b3000
       27375000	      2736	800004f0	005c6033	or	x0,x24,x5	 x24:0x80009fc4  x5:0x00000000
       27385000	      2737	800004f4	008ca433	slt	x8,x25,x8	 x25:0xfffffcc4  x8:0x7e743800  x8=0x00000001
       27395000	      2738	800004f8	136b1d17	auipc	x26,0x136b1	 x26=0x936b14f4
       27405000	      2739	800004fc	00000013	addi	x0,x0,0	  x0:0x00000000
       27415000	      2740	80000500	41ba05b3	sub	x11,x20,x27	 x20:0x00000000 x27:0x7e743a93 x11=0x818bc56d
       27425000	      2741	80000504	02ea4263	blt	x20,x14,80000528	 x20:0x00000000 x14:0x343984e4
       27435000	      2742	00000000	00000013	addi	x0,x0,0	  x0:0x00000000
       27445000	      2743	80000524	00000013	addi	x0,x0,0	  x0:0x00000000
       27455000	      2744	80000528	00fc91b3	sll	x3,x25,x15	 x25:0xfffffcc4 x15:0x00000001  x3=0xfffff988
       27465000	      2745	8000052c	40f8df33	sra	x30,x17,x15	 x17:0x800004d0 x15:0x00000001 x30=0xc0000268
       27475000	      2746	80000530	00881c63	bne	x16,x8,80000548	 x16:0x3f55ae2c  x8:0x00000001
       27485000	      2747	00000000	00000013	addi	x0,x0,0	  x0:0x00000000
       27495000	      2748	80000544	00000013	addi	x0,x0,0	  x0:0x00000000
       27505000	      2749	80000548	410c5a93	srai	x21,x24,0x10	 x24:0x80009fc4 x21=0xffff8000
       27515000	      2750	8000054c	03e75c63	bge	x14,x30,80000584	 x14:0x343984e4 x30:0xc0000268
       27525000	      2751	00000000	00000013	addi	x0,x0,0	  x0:0x00000000
       27535000	      2752	80000580	00000013	addi	x0,x0,0	  x0:0x00000000
       27545000	      2753	80000584	30227d13	andi	x26,x4,770	  x4:0x00000000 x26=0x00000000
       27555000	      2754	80000588	00000013	addi	x0,x0,0	  x0:0x00000000
       27565000	      2755	8000058c	b47a4537	lui	x10,0xb47a4	 x10=0xb47a4000
       27575000	      2756	80000590	00000013	addi	x0,x0,0	  x0:0x00000000
       27585000	      2757	80000594	03dc0863	beq	x24,x29,800005c4	 x24:0x80009fc4 x29:0x00000000
       27595000	      2758	80000598	0202ea63	bltu	x5,x0,800005cc	  x5:0x00000000  x0:0x00000000
       27605000	      2759	8000059c	0f853893	sltiu	x17,x10,248	 x10:0xb47a4000 x17=0x00000000
       27615000	      2760	800005a0	00000013	addi	x0,x0,0	  x0:0x00000000
       27625000	      2761	800005a4	02119463	bne	x3,x1,800005cc	  x3:0xfffff988  x1:0xc3babe34
       27635000	      2762	00000000	00000013	addi	x0,x0,0	  x0:0x00000000
       27645000	      2763	800005c8	00000013	addi	x0,x0,0	  x0:0x00000000
       27655000	      2764	800005cc	865fcb97	auipc	x23,0x865fc	 x23=0x065fc5c8
       27665000	      2765	800005d0	00462883	lw	x17,4(x12)	 x12:0x80009f6c x17=0x80000380 PA:0x80009f70
       27675000	      2766	800005d4	01860613	addi	x12,x12,24	 x12:0x80009f6c x12=0x80009f84
       27685000	      2767	800005d8	00b35933	srl	x18,x6,x11	  x6:0x004fe200 x11:0x818bc56d x18=0x0000027f
       27695000	      2768	800005dc	01244433	xor	x8,x8,x18	  x8:0x00000001 x18:0x0000027f  x8=0x0000027e
       27705000	      2769	800005e0	072bf493	andi	x9,x23,114	 x23:0x065fc5c8  x9=0x00000040
       27715000	      2770	800005e4	00188513	addi	x10,x17,1	 x17:0x80000380 x10=0x80000381
       27725000	      2771	800005e8	00050567	jalr	x10,x10,0	 x10:0x80000381 x10=0x800005e8
       27735000	      2772	00000000	00000013	addi	x0,x0,0	  x0:0x00000000
       27745000	      2773	80000380	00000013	addi	x0,x0,0	  x0:0x00000000
       27755000	      2774	80000384	7d253e13	sltiu	x28,x10,2002	 x10:0x800005e8 x28=0x00000000
       27765000	      2775	80000388	0d81c493	xori	x9,x3,216	  x3:0xfffff988  x9=0xfffff950
       27775000	      2776	8000038c	01f410b3	sll	x1,x8,x31	  x8:0x0000027e x31:0x004fe25b  x1=0xf0000000
       27785000	      2777	80000390	5e60af13	slti	x30,x1,1510	  x1:0xf0000000 x30=0x00000001
       27795000	      2778	80000394	c5967793	andi	x15,x12,-935	 x12:0x80009f84 x15=0x80009c00
       27805000	      2779	80000398	00c0c4b3	xor	x9,x1,x12	  x1:0xf0000000 x12:0x80009f84  x9=0x70009f84
       27815000	      2780	8000039c	00800cb3	add	x25,x0,x8	  x0:0x00000000  x8:0x0000027e x25=0x0000027e
       27825000	      2781	800003a0	0285e863	bltu	x11,x8,800003d0	 x11:0x818bc56d  x8:0x0000027e
       27835000	      2782	800003a4	00000013	addi	x0,x0,0	  x0:0x00000000
       27845000	      2783	800003a8	a8c4f493	andi	x9,x9,-1396	  x9:0x70009f84  x9=0x70009a84
       27855000	      2784	800003ac	41080413	addi	x8,x16,1040	 x16:0x3f55ae2c  x8=0x3f55b23c
       27865000	      2785	800003b0	0052ee63	bltu	x5,x5,800003cc	  x5:0x00000000  x5:0x00000000
       27875000	      2786	800003b4	422dbf93	sltiu	x31,x27,1058	 x27:0x7e743a93 x31=0x00000000
       27885000	      2787	800003b8	40bd54b3	sra	x9,x26,x11	 x26:0x00000000 x11:0x818bc56d  x9=0x00000000
       27895000	      2788	800003bc	a3764893	xori	x17,x12,-1481	 x12:0x80009f84 x17=0x7fff65b3
       27905000	      2789	800003c0	00f01f33	sll	x30,x0,x15	  x0:0x00000000 x15:0x80009c00 x30=0x00000000
       27915000	      2790	800003c4	007e68b3	or	x17,x28,x7	 x28:0x00000000  x7:0x775b3000 x17=0x775b3000
       27925000	      2791	800003c8	00134833	xor	x16,x6,x1	  x6:0x004fe200  x1:0xf0000000 x16=0xf04fe200
       27935000	      2792	800003cc	4fe9bf93	sltiu	x31,x19,1278	 x19:0x00000000 x31=0x00000001
       27945000	      2793	800003d0	008f1893	slli	x17,x30,0x8	 x30:0x00000000 x17=0x00000000
       27955000	      2794	800003d4	0131fb33	and	x22,x3,x19	  x3:0xfffff988 x19:0x00000000 x22=0x00000000
       27965000	      2795	800003d8	010b1fb3	sll	x31,x22,x16	 x22:0x00000000 x16:0xf04fe200 x31=0x00000000
       27975000	      2796	800003dc	05dc0263	beq	x24,x29,80000420	 x24:0x80009fc4 x29:0x00000000
       27985000	      2797	800003e0	017cd213	srli	x4,x25,0x17	 x25:0x0000027e  x4=0x00000000
       27995000	      2798	800003e4	00e93733	sltu	x14,x18,x14	 x18:0x0000027f x14:0x343984e4 x14=0x00000001
       28005000	      2799	800003e8	048c8663	beq	x25,x8,80000434	 x25:0x0000027e  x8:0x3f55b23c
       28015000	      2800	800003ec	050a5863	bge	x20,x16,8000043c	 x20:0x00000000 x16:0xf04fe200
       28025000	      2801	00000000	00000013	addi	x0,x0,0	  x0:0x00000000
       28035000	      2802	80000438	00000013	addi	x0,x0,0	  x0:0x00000000
       28045000	      2803	8000043c	40e35013	srai	x0,x6,0xe	  x6:0x004fe200
       28055000	      2804	80000440	02dd6193	ori	x3,x26,45	 x26:0x00000000  x3=0x0000002d
       28065000	      2805	80000444	01d04663	blt	x0,x29,80000450	  x0:0x00000000 x29:0x00000000
       28075000	      2806	80000448	014cc833	xor	x16,x25,x20	 x25:0x0000027e x20:0x00000000 x16=0x0000027e
       28085000	      2807	8000044c	01a4bcb3	sltu	x25,x9,x26	  x9:0x00000000 x26:0x00000000 x25=0x00000000
       28095000	      2808	80000450	009f1033	sll	x0,x30,x9	 x30:0x00000000  x9:0x00000000
       28105000	      2809	80000454	00e7bcb3	sltu	x25,x15,x14	 x15:0x80009c00 x14:0x00000001 x25=0x00000000
       28115000	      2810	80000458	cc0f8213	addi	x4,x31,-832	 x31:0x00000000  x4=0xfffffcc0
       28125000	      2811	8000045c	01d35e63	bge	x6,x29,80000478	  x6:0x004fe200 x29:0x00000000
       28135000	      2812	00000000	00000013	addi	x0,x0,0	  x0:0x00000000
       28145000	      2813	80000474	00000013	addi	x0,x0,0	  x0:0x00000000
       28155000	      2814	80000478	54f9f393	andi	x7,x19,1359	 x19:0x00000000  x7=0x00000000
       28165000	      2815	8000047c	00000697	auipc	x13,0x0	 x13=0x80000478
       28175000	      2816	80000480	00c68693	addi	x13,x13,12	 x13:0x80000478 x13=0x80000484
       28185000	      2817	80000484	00068067	jalr	x0,x13,0	 x13:0x80000484
       28195000	      2818	00000000	00000013	addi	x0,x0,0	  x0:0x00000000
       28205000	      2819	80000484	00000013	addi	x0,x0,0	  x0:0x00000000
       28215000	      2820	80000488	00100193	addi	x3,x0,1	  x0:0x00000000  x3=0x00000001
       28225000	      2821	8000048c	00000073	ecall	
       28235000	      2822	80000490	fe860613	addi	x12,x12,-24	 x12:0x80009f84 x12=0x80009f6c
