		Time			Cycle	PC		Insn	Decoded instruction	Register and memory contents
          65000	         5	80000004	00000293	addi	x5,x0,0	  x0:0x00000000  x5=0x00000000
          75000	         6	80000008	00000313	addi	x6,x0,0	  x0:0x00000000  x6=0x00000000
          85000	         7	8000000c	00628263	beq	x5,x6,80000010	  x5:0x00000000  x6:0x00000000
          95000	         8	00000000	00000013	addi	x0,x0,0	  x0:0x00000000
         105000	         9	8000000c	00000013	addi	x0,x0,0	  x0:0x00000000
         115000	        10	80000010	00000a17	auipc	x20,0x0	 x20=0x8000000c
         125000	        11	80000014	00ca0a13	addi	x20,x20,12	 x20:0x8000000c x20=0x80000018
         135000	        12	80000018	000a0067	jalr	x0,x20,0	 x20:0x80000018
         145000	        13	00000000	00000013	addi	x0,x0,0	  x0:0x00000000
         155000	        14	80000018	00000013	addi	x0,x0,0	  x0:0x00000000
         165000	        15	8000001c	40000337	lui	x6,0x40000	  x6=0x40000000
         175000	        16	80000020	10030313	addi	x6,x6,256	  x6:0x40000000  x6=0x40000100
         185000	        17	80000024	00000013	addi	x0,x0,0	  x0:0x00000000
         195000	        18	80000028	0000a297	auipc	x5,0xa	  x5=0x8000a024
         205000	        19	8000002c	fa028293	addi	x5,x5,-96	  x5:0x8000a024  x5=0x80009fc4
         215000	        20	80000030	00002317	auipc	x6,0x2	  x6=0x8000202c
         225000	        21	80000034	f9030313	addi	x6,x6,-112	  x6:0x8000202c  x6=0x80001fbc
         235000	        22	80000038	00036313	ori	x6,x6,0	  x6:0x80001fbc  x6=0x80001fbc
         245000	        23	8000003c	00000013	addi	x0,x0,0	  x0:0x00000000
         255000	        24	80000040	00000317	auipc	x6,0x0	  x6=0x8000003c
         265000	        25	80000044	02030313	addi	x6,x6,32	  x6:0x8000003c  x6=0x8000005c
         275000	        26	80000048	00000013	addi	x0,x0,0	  x0:0x00000000
         285000	        27	8000004c	00000013	addi	x0,x0,0	  x0:0x00000000
         295000	        28	80000050	00002337	lui	x6,0x2	  x6=0x00002000
         305000	        29	80000054	80030313	addi	x6,x6,-2048	  x6:0x00002000  x6=0x00001800
         315000	        30	80000058	00000013	addi	x0,x0,0	  x0:0x00000000
         325000	        31	8000005c	00000013	addi	x0,x0,0	  x0:0x00000000
         335000	        32	80000060	00000013	addi	x0,x0,0	  x0:0x00000000
         345000	        33	80000064	00a00093	addi	x1,x0,10	  x0:0x00000000  x1=0x0000000a
         355000	        34	80000068	462be137	lui	x2,0x462be	  x2=0x462be000
         365000	        35	8000006c	9c410113	addi	x2,x2,-1596	  x2:0x462be000  x2=0x462bd9c4
         375000	        36	80000070	800001b7	lui	x3,0x80000	  x3=0x80000000
         385000	        37	80000074	3fd86237	lui	x4,0x3fd86	  x4=0x3fd86000
         395000	        38	80000078	0e920213	addi	x4,x4,233	  x4:0x3fd86000  x4=0x3fd860e9
         405000	        39	8000007c	80000337	lui	x6,0x80000	  x6=0x80000000
         415000	        40	80000080	00f00393	addi	x7,x0,15	  x0:0x00000000  x7=0x0000000f
         425000	        41	80000084	3ee87437	lui	x8,0x3ee87	  x8=0x3ee87000
         435000	        42	80000088	ce940413	addi	x8,x8,-791	  x8:0x3ee87000  x8=0x3ee86ce9
         445000	        43	8000008c	ca78d4b7	lui	x9,0xca78d	  x9=0xca78d000
         455000	        44	80000090	95748493	addi	x9,x9,-1705	  x9:0xca78d000  x9=0xca78c957
         465000	        45	80000094	00000513	addi	x10,x0,0	  x0:0x00000000 x10=0x00000000
         475000	        46	80000098	800005b7	lui	x11,0x80000	 x11=0x80000000
         485000	        47	8000009c	00000613	addi	x12,x0,0	  x0:0x00000000 x12=0x00000000
         495000	        48	800000a0	0d1056b7	lui	x13,0xd105	 x13=0x0d105000
         505000	        49	800000a4	9a368693	addi	x13,x13,-1629	 x13:0x0d105000 x13=0x0d1049a3
         515000	        50	800000a8	f2100737	lui	x14,0xf2100	 x14=0xf2100000
         525000	        51	800000ac	ea070713	addi	x14,x14,-352	 x14:0xf2100000 x14=0xf20ffea0
         535000	        52	800000b0	5e2b07b7	lui	x15,0x5e2b0	 x15=0x5e2b0000
         545000	        53	800000b4	34978793	addi	x15,x15,841	 x15:0x5e2b0000 x15=0x5e2b0349
         555000	        54	800000b8	00600813	addi	x16,x0,6	  x0:0x00000000 x16=0x00000006
         565000	        55	800000bc	00000893	addi	x17,x0,0	  x0:0x00000000 x17=0x00000000
         575000	        56	800000c0	00300913	addi	x18,x0,3	  x0:0x00000000 x18=0x00000003
         585000	        57	800000c4	800009b7	lui	x19,0x80000	 x19=0x80000000
         595000	        58	800000c8	54a28a37	lui	x20,0x54a28	 x20=0x54a28000
         605000	        59	800000cc	8e5a0a13	addi	x20,x20,-1819	 x20:0x54a28000 x20=0x54a278e5
         615000	        60	800000d0	56d50ab7	lui	x21,0x56d50	 x21=0x56d50000
         625000	        61	800000d4	d2fa8a93	addi	x21,x21,-721	 x21:0x56d50000 x21=0x56d4fd2f
         635000	        62	800000d8	00000b13	addi	x22,x0,0	  x0:0x00000000 x22=0x00000000
         645000	        63	800000dc	00000b93	addi	x23,x0,0	  x0:0x00000000 x23=0x00000000
         655000	        64	800000e0	b5e92c37	lui	x24,0xb5e92	 x24=0xb5e92000
         665000	        65	800000e4	ea9c0c13	addi	x24,x24,-343	 x24:0xb5e92000 x24=0xb5e91ea9
         675000	        66	800000e8	3e815cb7	lui	x25,0x3e815	 x25=0x3e815000
         685000	        67	800000ec	b7ac8c93	addi	x25,x25,-1158	 x25:0x3e815000 x25=0x3e814b7a
         695000	        68	800000f0	80000d37	lui	x26,0x80000	 x26=0x80000000
         705000	        69	800000f4	00000d93	addi	x27,x0,0	  x0:0x00000000 x27=0x00000000
         715000	        70	800000f8	00000e93	addi	x29,x0,0	  x0:0x00000000 x29=0x00000000
         725000	        71	800000fc	00000f13	addi	x30,x0,0	  x0:0x00000000 x30=0x00000000
         735000	        72	80000100	00000f93	addi	x31,x0,0	  x0:0x00000000 x31=0x00000000
         745000	        73	80000104	0000ae17	auipc	x28,0xa	 x28=0x8000a100
         755000	        74	80000108	e84e0e13	addi	x28,x28,-380	 x28:0x8000a100 x28=0x80009f84
         765000	        75	8000010c	00009597	auipc	x11,0x9	 x11=0x80009108
         775000	        76	80000110	86558593	addi	x11,x11,-1947	 x11:0x80009108 x11=0x8000896d
         785000	        77	80000114	09a58da3	sb	x26,155(x11)	 x11:0x8000896d x26:0x80000000 PA:0x80008a08
         795000	        78	80000118	00009097	auipc	x1,0x9	  x1=0x80009114
         805000	        79	8000011c	dac08093	addi	x1,x1,-596	  x1:0x80009114  x1=0x80008ec0
         815000	        80	80000120	fdd5c683	lbu	x13,-35(x11)	 x11:0x8000896d x13=0x00000031 PA:0x8000894a
         825000	        81	80000124	00008817	auipc	x16,0x8	 x16=0x80008120
         835000	        82	80000128	76480813	addi	x16,x16,1892	 x16:0x80008120 x16=0x80008884
         845000	        83	8000012c	f035c903	lbu	x18,-253(x11)	 x11:0x8000896d x18=0x0000005b PA:0x80008870
         855000	        84	80000130	00a0c703	lbu	x14,10(x1)	  x1:0x80008ec0 x14=0x000000b1 PA:0x80008eca
         865000	        85	80000134	0c258f83	lb	x31,194(x11)	 x11:0x8000896d x31=0x00000014 PA:0x80008a2f
         875000	        86	80000138	02d08783	lb	x15,45(x1)	  x1:0x80008ec0 x15=0xffffffd6 PA:0x80008eed
         885000	        87	8000013c	fd409103	lh	x2,-44(x1)	  x1:0x80008ec0  x2=0x00007e7f PA:0x80008e94
         895000	        88	80000140	fb980f03	lb	x30,-71(x16)	 x16:0x80008884 x30=0x00000026 PA:0x8000883d
         905000	        89	80000144	fc780203	lb	x4,-57(x16)	 x16:0x80008884  x4=0x00000030 PA:0x8000884b
         915000	        90	80000148	01485183	lhu	x3,20(x16)	 x16:0x80008884  x3=0x00008283 PA:0x80008898
         925000	        91	8000014c	02a81303	lh	x6,42(x16)	 x16:0x80008884  x6=0xffff9495 PA:0x800088ae
         935000	        92	80000150	0725c983	lbu	x19,114(x11)	 x11:0x8000896d x19=0x000000c4 PA:0x800089df
         945000	        93	80000154	0080ac83	lw	x25,8(x1)	  x1:0x80008ec0 x25=0xb0b1b2b3 PA:0x80008ec8
         955000	        94	80000158	06d58f23	sb	x13,126(x11)	 x11:0x8000896d x13:0x00000031 PA:0x800089eb
         965000	        95	8000015c	07a81383	lh	x7,122(x16)	 x16:0x80008884  x7=0xffffe4e5 PA:0x800088fe
         975000	        96	80000160	0280d403	lhu	x8,40(x1)	  x1:0x80008ec0  x8=0x0000d2d3 PA:0x80008ee8
         985000	        97	80000164	fc485403	lhu	x8,-60(x16)	 x16:0x80008884  x8=0x00003233 PA:0x80008848
         995000	        98	80000168	02b08703	lb	x14,43(x1)	  x1:0x80008ec0 x14=0xffffffd0 PA:0x80008eeb
        1005000	        99	8000016c	02508b03	lb	x22,37(x1)	  x1:0x80008ec0 x22=0xffffffce PA:0x80008ee5
        1015000	       100	80000170	0c259ba3	sh	x2,215(x11)	 x11:0x8000896d  x2:0x00007e7f PA:0x80008a44
        1025000	       101	80000174	fc680103	lb	x2,-58(x16)	 x16:0x80008884  x2=0x00000031 PA:0x8000884a
        1035000	       102	80000178	fbe58823	sb	x30,-80(x11)	 x11:0x8000896d x30:0x00000026 PA:0x8000891d
        1045000	       103	8000017c	f8858b03	lb	x22,-120(x11)	 x11:0x8000896d x22=0xffffffde PA:0x800088f5
        1055000	       104	80000180	04008a83	lb	x21,64(x1)	  x1:0x80008ec0 x21=0xffffffeb PA:0x80008f00
        1065000	       105	80000184	0070cf03	lbu	x30,7(x1)	  x1:0x80008ec0 x30=0x000000ac PA:0x80008ec7
        1075000	       106	80000188	fd008ea3	sb	x16,-35(x1)	  x1:0x80008ec0 x16:0x80008884 PA:0x80008e9d
        1085000	       107	8000018c	05780983	lb	x19,87(x16)	 x16:0x80008884 x19=0xffffffc0 PA:0x800088db
        1095000	       108	80000190	00008717	auipc	x14,0x8	 x14=0x8000818c
        1105000	       109	80000194	79d70713	addi	x14,x14,1949	 x14:0x8000818c x14=0x80008929
        1115000	       110	80000198	015bd833	srl	x16,x23,x21	 x23:0x00000000 x21:0xffffffeb x16=0x00000000
        1125000	       111	8000019c	00000013	addi	x0,x0,0	  x0:0x00000000
        1135000	       112	800001a0	f7370423	sb	x19,-152(x14)	 x14:0x80008929 x19:0xffffffc0 PA:0x80008891
        1145000	       113	800001a4	017aac33	slt	x24,x21,x23	 x21:0xffffffeb x23:0x00000000 x24=0x00000001
        1155000	       114	800001a8	00fa11b3	sll	x3,x20,x15	 x20:0x54a278e5 x15:0xffffffd6  x3=0x39400000
        1165000	       115	800001ac	4863f213	andi	x4,x7,1158	  x7:0xffffe4e5  x4=0x00000484
        1175000	       116	800001b0	08175303	lhu	x6,129(x14)	 x14:0x80008929  x6=0x00009091 PA:0x800089aa
        1185000	       117	800001b4	0a274603	lbu	x12,162(x14)	 x14:0x80008929 x12=0x000000b0 PA:0x800089cb
        1195000	       118	800001b8	f9870e23	sb	x24,-100(x14)	 x14:0x80008929 x24:0x00000001 PA:0x800088c5
        1205000	       119	800001bc	0fd70383	lb	x7,253(x14)	 x14:0x80008929  x7=0x0000000d PA:0x80008a26
        1215000	       120	800001c0	09a74803	lbu	x16,154(x14)	 x14:0x80008929 x16=0x000000a8 PA:0x800089c3
        1225000	       121	800001c4	0040d193	srli	x3,x1,0x4	  x1:0x80008ec0  x3=0x080008ec
        1235000	       122	800001c8	015d5ab3	srl	x21,x26,x21	 x26:0x80000000 x21:0xffffffeb x21=0x00100000
        1245000	       123	800001cc	fea702a3	sb	x10,-27(x14)	 x14:0x80008929 x10:0x00000000 PA:0x8000890e
        1255000	       124	800001d0	00270803	lb	x16,2(x14)	 x14:0x80008929 x16=0x00000010 PA:0x8000892b
        1265000	       125	800001d4	0ec704a3	sb	x12,233(x14)	 x14:0x80008929 x12:0x000000b0 PA:0x80008a12
        1275000	       126	800001d8	05f71983	lh	x19,95(x14)	 x14:0x80008929 x19=0x00007273 PA:0x80008988
        1285000	       127	800001dc	06070783	lb	x15,96(x14)	 x14:0x80008929 x15=0x00000072 PA:0x80008989
        1295000	       128	800001e0	03e74383	lbu	x7,62(x14)	 x14:0x80008929  x7=0x0000004c PA:0x80008967
        1305000	       129	800001e4	0004a833	slt	x16,x9,x0	  x9:0xca78c957  x0:0x00000000 x16=0x00000001
        1315000	       130	800001e8	01e49613	slli	x12,x9,0x1e	  x9:0xca78c957 x12=0xc0000000
        1325000	       131	800001ec	f0470f03	lb	x30,-252(x14)	 x14:0x80008929 x30=0x00000016 PA:0x8000882d
        1335000	       132	800001f0	f893ae93	slti	x29,x7,-119	  x7:0x0000004c x29=0x00000000
        1345000	       133	800001f4	01a70483	lb	x9,26(x14)	 x14:0x80008929  x9=0x00000028 PA:0x80008943
        1355000	       134	800001f8	0cd71c03	lh	x24,205(x14)	 x14:0x80008929 x24=0xffffdcdd PA:0x800089f6
        1365000	       135	800001fc	3c7de493	ori	x9,x27,967	 x27:0x00000000  x9=0x000003c7
        1375000	       136	80000200	08d70883	lb	x17,141(x14)	 x14:0x80008929 x17=0xffffff9d PA:0x800089b6
        1385000	       137	80000204	fb570f23	sb	x21,-66(x14)	 x14:0x80008929 x21:0x00100000 PA:0x800088e7
        1395000	       138	80000208	f3d70b83	lb	x23,-195(x14)	 x14:0x80008929 x23=0x0000004d PA:0x80008866
        1405000	       139	8000020c	05a70083	lb	x1,90(x14)	 x14:0x80008929  x1=0x00000068 PA:0x80008983
        1415000	       140	80000210	f8674b03	lbu	x22,-122(x14)	 x14:0x80008929 x22=0x00000094 PA:0x800088af
        1425000	       141	80000214	05771403	lh	x8,87(x14)	 x14:0x80008929  x8=0x00006a6b PA:0x80008980
        1435000	       142	80000218	01ad4793	xori	x15,x26,26	 x26:0x80000000 x15=0x8000001a
        1445000	       143	8000021c	fad71183	lh	x3,-83(x14)	 x14:0x80008929  x3=0xffffbcbd PA:0x800088d6
        1455000	       144	80000220	fbb75003	lhu	x0,-69(x14)	 x14:0x80008929 PA:0x800088e4
        1465000	       145	80000224	f17704a3	sb	x23,-247(x14)	 x14:0x80008929 x23:0x0000004d PA:0x80008832
        1475000	       146	80000228	00009117	auipc	x2,0x9	  x2=0x80009224
        1485000	       147	8000022c	8d910113	addi	x2,x2,-1831	  x2:0x80009224  x2=0x80008afd
        1495000	       148	80000230	07d10ea3	sb	x29,125(x2)	  x2:0x80008afd x29:0x00000000 PA:0x80008b7a
        1505000	       149	80000234	0f715d83	lhu	x27,247(x2)	  x2:0x80008afd x27=0x0000dedf PA:0x80008bf4
        1515000	       150	80000238	0f310ba3	sb	x19,247(x2)	  x2:0x80008afd x19:0x00007273 PA:0x80008bf4
        1525000	       151	8000023c	0eb10ba3	sb	x11,247(x2)	  x2:0x80008afd x11:0x8000896d PA:0x80008bf4
        1535000	       152	80000240	0f711e83	lh	x29,247(x2)	  x2:0x80008afd x29=0xffffde6d PA:0x80008bf4
        1545000	       153	80000244	f2d11603	lh	x12,-211(x2)	  x2:0x80008afd x12=0x00001011 PA:0x80008a2a
        1555000	       154	80000248	1621f597	auipc	x11,0x1621f	 x11=0x9621f244
        1565000	       155	8000024c	f2d11b03	lh	x22,-211(x2)	  x2:0x80008afd x22=0x00001011 PA:0x80008a2a
        1575000	       156	80000250	0a610e83	lb	x29,166(x2)	  x2:0x80008afd x29=0xffffff88 PA:0x80008ba3
        1585000	       157	80000254	0a810323	sb	x8,166(x2)	  x2:0x80008afd  x8:0x00006a6b PA:0x80008ba3
        1595000	       158	80000258	f9c10203	lb	x4,-100(x2)	  x2:0x80008afd  x4=0xffffff82 PA:0x80008a99
        1605000	       159	8000025c	f9210e23	sb	x18,-100(x2)	  x2:0x80008afd x18:0x0000005b PA:0x80008a99
        1615000	       160	80000260	0c712883	lw	x17,199(x2)	  x2:0x80008afd x17=0xacadaeaf PA:0x80008bc4
        1625000	       161	80000264	0dd113a3	sh	x29,199(x2)	  x2:0x80008afd x29:0xffffff88 PA:0x80008bc4
        1635000	       162	80000268	406303b3	sub	x7,x6,x6	  x6:0x00009091  x6:0x00009091  x7=0x00000000
        1645000	       163	8000026c	41f35213	srai	x4,x6,0x1f	  x6:0x00009091  x4=0x00000000
        1655000	       164	80000270	0c711603	lh	x12,199(x2)	  x2:0x80008afd x12=0xffffff88 PA:0x80008bc4
        1665000	       165	80000274	b6306693	ori	x13,x0,-1181	  x0:0x00000000 x13=0xfffffb63
        1675000	       166	80000278	0094b7b3	sltu	x15,x9,x9	  x9:0x000003c7  x9:0x000003c7 x15=0x00000000
        1685000	       167	8000027c	01315f83	lhu	x31,19(x2)	  x2:0x80008afd x31=0x0000fafb PA:0x80008b10
        1695000	       168	80000280	00008217	auipc	x4,0x8	  x4=0x8000827c
        1705000	       169	80000284	34820213	addi	x4,x4,840	  x4:0x8000827c  x4=0x800085c4
        1715000	       170	80000288	00008117	auipc	x2,0x8	  x2=0x80008284
        1725000	       171	8000028c	de310113	addi	x2,x2,-541	  x2:0x80008284  x2=0x80008067
        1735000	       172	80000290	018200a3	sb	x24,1(x4)	  x4:0x800085c4 x24:0xffffdcdd PA:0x800085c5
        1745000	       173	80000294	00520823	sb	x5,16(x4)	  x4:0x800085c4  x5:0x80009fc4 PA:0x800085d4
        1755000	       174	80000298	00008897	auipc	x17,0x8	 x17=0x80008294
        1765000	       175	8000029c	f3588893	addi	x17,x17,-203	 x17:0x80008294 x17=0x800081c9
        1775000	       176	800002a0	00008697	auipc	x13,0x8	 x13=0x8000829c
        1785000	       177	800002a4	2b368693	addi	x13,x13,691	 x13:0x8000829c x13=0x8000854f
        1795000	       178	800002a8	00008517	auipc	x10,0x8	 x10=0x800082a4
        1805000	       179	800002ac	f9850513	addi	x10,x10,-104	 x10:0x800082a4 x10=0x8000823c
        1815000	       180	800002b0	00851f83	lh	x31,8(x10)	 x10:0x8000823c x31=0xfffffeff PA:0x80008244
        1825000	       181	800002b4	1a06c083	lbu	x1,416(x13)	 x13:0x8000854f  x1=0x000000a4 PA:0x800086ef
        1835000	       182	800002b8	0e814083	lbu	x1,232(x2)	  x2:0x80008067  x1=0x00000004 PA:0x8000814f
        1845000	       183	00000000	00000013	addi	x0,x0,0	  x0:0x00000000
        1855000	       184	800002bc	00120b03	lb	x22,1(x4)	  x4:0x800085c4 x22=0xffffffdd PA:0x800085c5
        1865000	       185	800002c0	bca6c183	lbu	x3,-1078(x13)	 x13:0x8000854f  x3=0x000000d2 PA:0x80008119
        1875000	       186	800002c4	00a25f83	lhu	x31,10(x4)	  x4:0x800085c4 x31=0x00008485 PA:0x800085ce
        1885000	       187	800002c8	ff88ce83	lbu	x29,-8(x17)	 x17:0x800081c9 x29=0x0000007a PA:0x800081c1
        1895000	       188	800002cc	019881a3	sb	x25,3(x17)	 x17:0x800081c9 x25:0xb0b1b2b3 PA:0x800081cc
        1905000	       189	800002d0	09210b83	lb	x23,146(x2)	  x2:0x80008067 x23=0xffffffb2 PA:0x800080f9
        1915000	       190	800002d4	fee50ea3	sb	x14,-3(x10)	 x10:0x8000823c x14:0x80008929 PA:0x80008239
        1925000	       191	800002d8	ff38aba3	sw	x19,-9(x17)	 x17:0x800081c9 x19:0x00007273 PA:0x800081c0
        1935000	       192	800002dc	fe520ba3	sb	x5,-9(x4)	  x4:0x800085c4  x5:0x80009fc4 PA:0x800085bb
        1945000	       193	800002e0	ffc50e23	sb	x28,-4(x10)	 x10:0x8000823c x28:0x80009f84 PA:0x80008238
        1955000	       194	800002e4	cd46c303	lbu	x6,-812(x13)	 x13:0x8000854f  x6=0x000000d8 PA:0x80008223
        1965000	       195	800002e8	08810123	sb	x8,130(x2)	  x2:0x80008067  x8:0x00006a6b PA:0x800080e9
        1975000	       196	800002ec	f8168d03	lb	x26,-127(x13)	 x13:0x8000854f x26=0xffffff8b PA:0x800084d0
        1985000	       197	00000000	00000013	addi	x0,x0,0	  x0:0x00000000
        1995000	       198	800002f0	ffa8c983	lbu	x19,-6(x17)	 x17:0x800081c9 x19=0x00000000 PA:0x800081c3
        2005000	       199	800002f4	ff78d383	lhu	x7,-9(x17)	 x17:0x800081c9  x7=0x00007273 PA:0x800081c0
        2015000	       200	800002f8	ff58c303	lbu	x6,-11(x17)	 x17:0x800081c9  x6=0x00000075 PA:0x800081be
        2025000	       201	00000000	00000013	addi	x0,x0,0	  x0:0x00000000
        2035000	       202	800002fc	00688423	sb	x6,8(x17)	 x17:0x800081c9  x6:0x00000075 PA:0x800081d1
        2045000	       203	80000300	00120003	lb	x0,1(x4)	  x4:0x800085c4 PA:0x800085c5
        2055000	       204	80000304	ff822583	lw	x11,-8(x4)	  x4:0x800085c4 x11=0x74757677 PA:0x800085bc
        2065000	       205	80000308	0ae14e83	lbu	x29,174(x2)	  x2:0x80008067 x29=0x000000ce PA:0x80008115
        2075000	       206	8000030c	ff988ea3	sb	x25,-3(x17)	 x17:0x800081c9 x25:0xb0b1b2b3 PA:0x800081c6
        2085000	       207	80000310	ff654b83	lbu	x23,-10(x10)	 x10:0x8000823c x23=0x000000e9 PA:0x80008232
        2095000	       208	80000314	b1369703	lh	x14,-1261(x13)	 x13:0x8000854f x14=0x00001819 PA:0x80008062
        2105000	       209	80000318	d0a6ca83	lbu	x21,-758(x13)	 x13:0x8000854f x21=0x00000012 PA:0x80008259
        2115000	       210	8000031c	00855083	lhu	x1,8(x10)	 x10:0x8000823c  x1=0x0000feff PA:0x80008244
        2125000	       211	80000320	06e14483	lbu	x9,110(x2)	  x2:0x80008067  x9=0x0000008e PA:0x800080d5
        2135000	       212	80000324	feb21b23	sh	x11,-10(x4)	  x4:0x800085c4 x11:0x74757677 PA:0x800085ba
        2145000	       213	80000328	08414d03	lbu	x26,132(x2)	  x2:0x80008067 x26=0x000000a0 PA:0x800080eb
        2155000	       214	8000032c	00e88903	lb	x18,14(x17)	 x17:0x800081c9 x18=0xffffff8c PA:0x800081d7
        2165000	       215	80000330	02e10703	lb	x14,46(x2)	  x2:0x80008067 x14=0x0000004e PA:0x80008095
        2175000	       216	80000334	ff88c483	lbu	x9,-8(x17)	 x17:0x800081c9  x9=0x00000072 PA:0x800081c1
        2185000	       217	80000338	02315183	lhu	x3,35(x2)	  x2:0x80008067  x3=0x00004041 PA:0x8000808a
        2195000	       218	8000033c	00008d97	auipc	x27,0x8	 x27=0x80008338
        2205000	       219	80000340	e6ed8d93	addi	x27,x27,-402	 x27:0x80008338 x27=0x800081a6
        2215000	       220	80000344	01cb2b33	slt	x22,x22,x28	 x22:0xffffffdd x28:0x80009f84 x22=0x00000000
        2225000	       221	80000348	ffcdcf83	lbu	x31,-4(x27)	 x27:0x800081a6 x31=0x00000059 PA:0x800081a2
        2235000	       222	8000034c	ff4d9b83	lh	x23,-12(x27)	 x27:0x800081a6 x23=0x00005051 PA:0x8000819a
        2245000	       223	80000350	fe5d8aa3	sb	x5,-11(x27)	 x27:0x800081a6  x5:0x80009fc4 PA:0x8000819b
        2255000	       224	80000354	017d8023	sb	x23,0(x27)	 x27:0x800081a6 x23:0x00005051 PA:0x800081a6
        2265000	       225	80000358	ffeda003	lw	x0,-2(x27)	 x27:0x800081a6 PA:0x800081a4
        2275000	       226	8000035c	015d82a3	sb	x21,5(x27)	 x27:0x800081a6 x21:0x00000012 PA:0x800081ab
        2285000	       227	80000360	01a95113	srli	x2,x18,0x1a	 x18:0xffffff8c  x2=0x0000003f
        2295000	       228	80000364	00a86eb3	or	x29,x16,x10	 x16:0x00000001 x10:0x8000823c x29=0x8000823d
        2305000	       229	80000368	0085df13	srli	x30,x11,0x8	 x11:0x74757677 x30=0x00747576
        2315000	       230	8000036c	ff1dc083	lbu	x1,-15(x27)	 x27:0x800081a6  x1=0x0000004c PA:0x80008197
        2325000	       231	80000370	a1ad98b7	lui	x17,0xa1ad9	 x17=0xa1ad9000
        2335000	       232	80000374	007d81a3	sb	x7,3(x27)	 x27:0x800081a6  x7:0x00007273 PA:0x800081a9
        2345000	       233	80000378	ffbdc103	lbu	x2,-5(x27)	 x27:0x800081a6  x2=0x0000005a PA:0x800081a1
        2355000	       234	00000000	00000013	addi	x0,x0,0	  x0:0x00000000
        2365000	       235	8000037c	002d83a3	sb	x2,7(x27)	 x27:0x800081a6  x2:0x0000005a PA:0x800081ad
        2375000	       236	80000380	ff2dd503	lhu	x10,-14(x27)	 x27:0x800081a6 x10=0x00005253 PA:0x80008198
        2385000	       237	80000384	77200713	addi	x14,x0,1906	  x0:0x00000000 x14=0x00000772
        2395000	       238	80000388	c846f097	auipc	x1,0xc846f	  x1=0x4846f384
        2405000	       239	8000038c	d46fb713	sltiu	x14,x31,-698	 x31:0x00000059 x14=0x00000001
        2415000	       240	80000390	31c0e613	ori	x12,x1,796	  x1:0x4846f384 x12=0x4846f39c
        2425000	       241	80000394	01241ab3	sll	x21,x8,x18	  x8:0x00006a6b x18:0xffffff8c x21=0x06a6b000
        2435000	       242	80000398	00b033b3	sltu	x7,x0,x11	  x0:0x00000000 x11:0x74757677  x7=0x00000001
        2445000	       243	8000039c	878ece93	xori	x29,x29,-1928	 x29:0x8000823d x29=0x7fff7a45
        2455000	       244	800003a0	ff4d9883	lh	x17,-12(x27)	 x27:0x800081a6 x17=0xffffc451 PA:0x8000819a
        2465000	       245	800003a4	005d8583	lb	x11,5(x27)	 x27:0x800081a6 x11=0x00000012 PA:0x800081ab
        2475000	       246	800003a8	ff7d8703	lb	x14,-9(x27)	 x27:0x800081a6 x14=0x00000056 PA:0x8000819d
        2485000	       247	800003ac	ffdd8483	lb	x9,-3(x27)	 x27:0x800081a6  x9=0x00000058 PA:0x800081a3
        2495000	       248	800003b0	00cd86a3	sb	x12,13(x27)	 x27:0x800081a6 x12:0x4846f39c PA:0x800081b3
        2505000	       249	800003b4	00151793	slli	x15,x10,0x1	 x10:0x00005253 x15=0x0000a4a6
        2515000	       250	800003b8	01c4a633	slt	x12,x9,x28	  x9:0x00000058 x28:0x80009f84 x12=0x00000000
        2525000	       251	800003bc	fe5d9a23	sh	x5,-12(x27)	 x27:0x800081a6  x5:0x80009fc4 PA:0x8000819a
        2535000	       252	800003c0	00000013	addi	x0,x0,0	  x0:0x00000000
        2545000	       253	800003c4	002dd103	lhu	x2,2(x27)	 x27:0x800081a6  x2=0x00007363 PA:0x800081a8
        2555000	       254	800003c8	04f31463	bne	x6,x15,80000410	  x6:0x00000075 x15:0x0000a4a6
        2565000	       255	00000000	00000013	addi	x0,x0,0	  x0:0x00000000
        2575000	       256	8000040c	00000013	addi	x0,x0,0	  x0:0x00000000
        2585000	       257	80000410	011eeab3	or	x21,x29,x17	 x29:0x7fff7a45 x17:0xffffc451 x21=0xfffffe55
        2595000	       258	80000414	414805b3	sub	x11,x16,x20	 x16:0x00000001 x20:0x54a278e5 x11=0xab5d871c
        2605000	       259	80000418	01eddbb3	srl	x23,x27,x30	 x27:0x800081a6 x30:0x00747576 x23=0x00000200
        2615000	       260	8000041c	6f9ca093	slti	x1,x25,1785	 x25:0xb0b1b2b3  x1=0x00000001
        2625000	       261	80000420	0068d893	srli	x17,x17,0x6	 x17:0xffffc451 x17=0x03ffff11
        2635000	       262	80000424	40b65733	sra	x14,x12,x11	 x12:0x00000000 x11:0xab5d871c x14=0x00000000
        2645000	       263	80000428	00b24cb3	xor	x25,x4,x11	  x4:0x800085c4 x11:0xab5d871c x25=0x2b5d02d8
        2655000	       264	8000042c	00000013	addi	x0,x0,0	  x0:0x00000000
        2665000	       265	80000430	01b6e8b3	or	x17,x13,x27	 x13:0x8000854f x27:0x800081a6 x17=0x800085ef
        2675000	       266	80000434	0134d733	srl	x14,x9,x19	  x9:0x00000058 x19:0x00000000 x14=0x00000058
        2685000	       267	80000438	00815113	srli	x2,x2,0x8	  x2:0x00007363  x2=0x00000073
        2695000	       268	8000043c	00cb9513	slli	x10,x23,0xc	 x23:0x00000200 x10=0x00200000
        2705000	       269	80000440	01eb81b3	add	x3,x23,x30	 x23:0x00000200 x30:0x00747576  x3=0x00747776
        2715000	       270	80000444	40658c33	sub	x24,x11,x6	 x11:0xab5d871c  x6:0x00000075 x24=0xab5d86a7
        2725000	       271	80000448	b41b68b7	lui	x17,0xb41b6	 x17=0xb41b6000
        2735000	       272	8000044c	dfa4cc93	xori	x25,x9,-518	  x9:0x00000058 x25=0xfffffda2
        2745000	       273	80000450	01b00eb3	add	x29,x0,x27	  x0:0x00000000 x27:0x800081a6 x29=0x800081a6
        2755000	       274	80000454	00cc5713	srli	x14,x24,0xc	 x24:0xab5d86a7 x14=0x000ab5d8
        2765000	       275	80000458	01a2a833	slt	x16,x5,x26	  x5:0x80009fc4 x26:0x000000a0 x16=0x00000001
        2775000	       276	8000045c	0019ecb3	or	x25,x19,x1	 x19:0x00000000  x1:0x00000001 x25=0x00000001
        2785000	       277	80000460	00008997	auipc	x19,0x8	 x19=0x8000845c
        2795000	       278	80000464	79398993	addi	x19,x19,1939	 x19:0x8000845c x19=0x80008bef
        2805000	       279	80000468	0219ab83	lw	x23,33(x19)	 x19:0x80008bef x23=0xf8f9fafb PA:0x80008c10
        2815000	       280	8000046c	02c9cc83	lbu	x25,44(x19)	 x19:0x80008bef x25=0x00000000 PA:0x80008c1b
        2825000	       281	80000470	02698623	sb	x6,44(x19)	 x19:0x80008bef  x6:0x00000075 PA:0x80008c1b
        2835000	       282	80000474	005ab433	sltu	x8,x21,x5	 x21:0xfffffe55  x5:0x80009fc4  x8=0x00000000
        2845000	       283	80000478	010c30b3	sltu	x1,x24,x16	 x24:0xab5d86a7 x16:0x00000001  x1=0x00000000
        2855000	       284	8000047c	e571eb93	ori	x23,x3,-425	  x3:0x00747776 x23=0xffffff77
        2865000	       285	80000480	02c98903	lb	x18,44(x19)	 x19:0x80008bef x18=0x00000075 PA:0x80008c1b
        2875000	       286	80000484	01375113	srli	x2,x14,0x13	 x14:0x000ab5d8  x2=0x00000001
        2885000	       287	80000488	02c9c783	lbu	x15,44(x19)	 x19:0x80008bef x15=0x00000075 PA:0x80008c1b
        2895000	       288	8000048c	02c9cd03	lbu	x26,44(x19)	 x19:0x80008bef x26=0x00000075 PA:0x80008c1b
        2905000	       289	00000000	00000013	addi	x0,x0,0	  x0:0x00000000
        2915000	       290	80000490	41aadeb3	sra	x29,x21,x26	 x21:0xfffffe55 x26:0x00000075 x29=0xffffffff
        2925000	       291	80000494	02d99083	lh	x1,45(x19)	 x19:0x80008bef  x1=0x00000607 PA:0x80008c1c
        2935000	       292	80000498	02d9d583	lhu	x11,45(x19)	 x19:0x80008bef x11=0x00000607 PA:0x80008c1c
        2945000	       293	8000049c	4acaeb93	ori	x23,x21,1196	 x21:0xfffffe55 x23=0xfffffefd
        2955000	       294	800004a0	40d307b3	sub	x15,x6,x13	  x6:0x00000075 x13:0x8000854f x15=0x7fff7b26
        2965000	       295	800004a4	0229a6a3	sw	x2,45(x19)	 x19:0x80008bef  x2:0x00000001 PA:0x80008c1c
        2975000	       296	800004a8	02d99403	lh	x8,45(x19)	 x19:0x80008bef  x8=0x00000001 PA:0x80008c1c
        2985000	       297	800004ac	02d9d483	lhu	x9,45(x19)	 x19:0x80008bef  x9=0x00000001 PA:0x80008c1c
        2995000	       298	800004b0	03c986a3	sb	x28,45(x19)	 x19:0x80008bef x28:0x80009f84 PA:0x80008c1c
        3005000	       299	800004b4	02d99403	lh	x8,45(x19)	 x19:0x80008bef  x8=0x00000084 PA:0x80008c1c
        3015000	       300	800004b8	02e9a6a3	sw	x14,45(x19)	 x19:0x80008bef x14:0x000ab5d8 PA:0x80008c1c
        3025000	       301	800004bc	fc498783	lb	x15,-60(x19)	 x19:0x80008bef x15=0xffffff98 PA:0x80008bb3
        3035000	       302	800004c0	01109033	sll	x0,x1,x17	  x1:0x00000607 x17:0xb41b6000
        3045000	       303	800004c4	dabce313	ori	x6,x25,-597	 x25:0x00000000  x6=0xfffffdab
        3055000	       304	800004c8	afba6f93	ori	x31,x20,-1285	 x20:0x54a278e5 x31=0xfffffaff
        3065000	       305	800004cc	e1a8c793	xori	x15,x17,-486	 x17:0xb41b6000 x15=0x4be49e1a
        3075000	       306	800004d0	02b0ea63	bltu	x1,x11,80000504	  x1:0x00000607 x11:0x00000607
        3085000	       307	800004d4	00ec8c63	beq	x25,x14,800004ec	 x25:0x00000000 x14:0x000ab5d8
        3095000	       308	800004d8	016ab133	sltu	x2,x21,x22	 x21:0xfffffe55 x22:0x00000000  x2=0x00000000
        3105000	       309	800004dc	4fde2593	slti	x11,x28,1277	 x28:0x80009f84 x11=0x00000001
        3115000	       310	800004e0	9832e013	ori	x0,x5,-1661	  x5:0x80009fc4
        3125000	       311	800004e4	01a2a7b3	slt	x15,x5,x26	  x5:0x80009fc4 x26:0x00000075 x15=0x00000001
        3135000	       312	800004e8	01c818b3	sll	x17,x16,x28	 x16:0x00000001 x28:0x80009f84 x17=0x00000010
        3145000	       313	800004ec	011dd1b3	srl	x3,x27,x17	 x27:0x800081a6 x17:0x00000010  x3=0x00008000
        3155000	       314	800004f0	7a044493	xori	x9,x8,1952	  x8:0x00000084  x9=0x00000724
        3165000	       315	800004f4	01aff263	bgeu	x31,x26,800004f8	 x31:0xfffffaff x26:0x00000075
        3175000	       316	00000000	00000013	addi	x0,x0,0	  x0:0x00000000
        3185000	       317	800004f4	00000013	addi	x0,x0,0	  x0:0x00000000
        3195000	       318	800004f8	71d6d337	lui	x6,0x71d6d	  x6=0x71d6d000
        3205000	       319	800004fc	017afc33	and	x24,x21,x23	 x21:0xfffffe55 x23:0xfffffefd x24=0xfffffe55
        3215000	       320	80000500	cf9e7413	andi	x8,x28,-775	 x28:0x80009f84  x8=0x80009c80
        3225000	       321	80000504	0051dd33	srl	x26,x3,x5	  x3:0x00008000  x5:0x80009fc4 x26=0x00000800
        3235000	       322	80000508	01529113	slli	x2,x5,0x15	  x5:0x80009fc4  x2=0xf8800000
        3245000	       323	8000050c	003d1733	sll	x14,x26,x3	 x26:0x00000800  x3:0x00008000 x14=0x00000800
        3255000	       324	80000510	00f89f33	sll	x30,x17,x15	 x17:0x00000010 x15:0x00000001 x30=0x00000020
        3265000	       325	80000514	69f7dbb7	lui	x23,0x69f7d	 x23=0x69f7d000
        3275000	       326	80000518	d6823213	sltiu	x4,x4,-664	  x4:0x800085c4  x4=0x00000001
        3285000	       327	8000051c	d7f53713	sltiu	x14,x10,-641	 x10:0x00200000 x14=0x00000001
        3295000	       328	80000520	406fd393	srai	x7,x31,0x6	 x31:0xfffffaff  x7=0xffffffeb
        3305000	       329	80000524	00909c63	bne	x1,x9,8000053c	  x1:0x00000607  x9:0x00000724
        3315000	       330	00000000	00000013	addi	x0,x0,0	  x0:0x00000000
        3325000	       331	80000538	00000013	addi	x0,x0,0	  x0:0x00000000
        3335000	       332	8000053c	0143d1b3	srl	x3,x7,x20	  x7:0xffffffeb x20:0x54a278e5  x3=0x07ffffff
        3345000	       333	80000540	13ee8613	addi	x12,x29,318	 x29:0xffffffff x12=0x0000013d
        3355000	       334	80000544	00131a93	slli	x21,x6,0x1	  x6:0x71d6d000 x21=0xe3ada000
        3365000	       335	80000548	015771b3	and	x3,x14,x21	 x14:0x00000001 x21:0xe3ada000  x3=0x00000000
        3375000	       336	8000054c	0134d5b3	srl	x11,x9,x19	  x9:0x00000724 x19:0x80008bef x11=0x00000000
        3385000	       337	80000550	3a9ab693	sltiu	x13,x21,937	 x21:0xe3ada000 x13=0x00000000
        3395000	       338	80000554	0079afb3	slt	x31,x19,x7	 x19:0x80008bef  x7:0xffffffeb x31=0x00000001
        3405000	       339	80000558	02e71663	bne	x14,x14,80000584	 x14:0x00000001 x14:0x00000001
        3415000	       340	8000055c	01906d33	or	x26,x0,x25	  x0:0x00000000 x25:0x00000000 x26=0x00000000
        3425000	       341	80000560	ade5ee93	ori	x29,x11,-1314	 x11:0x00000000 x29=0xfffffade
        3435000	       342	80000564	4075d913	srai	x18,x11,0x7	 x11:0x00000000 x18=0x00000000
        3445000	       343	80000568	3b1e8813	addi	x16,x29,945	 x29:0xfffffade x16=0xfffffe8f
        3455000	       344	8000056c	0082f833	and	x16,x5,x8	  x5:0x80009fc4  x8:0x80009c80 x16=0x80009c80
        3465000	       345	80000570	0188d813	srli	x16,x17,0x18	 x17:0x00000010 x16=0x00000000
        3475000	       346	80000574	a3c4a413	slti	x8,x9,-1476	  x9:0x00000724  x8=0x00000000
        3485000	       347	80000578	012f9613	slli	x12,x31,0x12	 x31:0x00000001 x12=0x00040000
        3495000	       348	8000057c	07247663	bgeu	x8,x18,800005e8	  x8:0x00000000 x18:0x00000000
        3505000	       349	00000000	00000013	addi	x0,x0,0	  x0:0x00000000
        3515000	       350	800005e4	00000013	addi	x0,x0,0	  x0:0x00000000
        3525000	       351	800005e8	11ffc313	xori	x6,x31,287	 x31:0x00000001  x6=0x0000011e
        3535000	       352	800005ec	0101c663	blt	x3,x16,800005f8	  x3:0x00000000 x16:0x00000000
        3545000	       353	800005f0	010e0cb3	add	x25,x28,x16	 x28:0x80009f84 x16:0x00000000 x25=0x80009f84
        3555000	       354	800005f4	41b35d33	sra	x26,x6,x27	  x6:0x0000011e x27:0x800081a6 x26=0x00000004
        3565000	       355	800005f8	417808b3	sub	x17,x16,x23	 x16:0x00000000 x23:0x69f7d000 x17=0x96083000
        3575000	       356	800005fc	400c0633	sub	x12,x24,x0	 x24:0xfffffe55  x0:0x00000000 x12=0xfffffe55
        3585000	       357	80000600	5e684013	xori	x0,x16,1510	 x16:0x00000000
        3595000	       358	80000604	40ebd493	srai	x9,x23,0xe	 x23:0x69f7d000  x9=0x0001a7df
        3605000	       359	80000608	1a82e413	ori	x8,x5,424	  x5:0x80009fc4  x8=0x80009fec
        3615000	       360	8000060c	b55f0c13	addi	x24,x30,-1195	 x30:0x00000020 x24=0xfffffb75
        3625000	       361	80000610	01350333	add	x6,x10,x19	 x10:0x00200000 x19:0x80008bef  x6=0x80208bef
        3635000	       362	80000614	0163df33	srl	x30,x7,x22	  x7:0xffffffeb x22:0x00000000 x30=0xffffffeb
        3645000	       363	80000618	05bf0263	beq	x30,x27,8000065c	 x30:0xffffffeb x27:0x800081a6
        3655000	       364	8000061c	01a6cd33	xor	x26,x13,x26	 x13:0x00000000 x26:0x00000004 x26=0x00000004
        3665000	       365	80000620	7852e613	ori	x12,x5,1925	  x5:0x80009fc4 x12=0x80009fc5
        3675000	       366	80000624	01fcc633	xor	x12,x25,x31	 x25:0x80009f84 x31:0x00000001 x12=0x80009f85
        3685000	       367	80000628	ae6a4f13	xori	x30,x20,-1306	 x20:0x54a278e5 x30=0xab5d8203
        3695000	       368	8000062c	01e85093	srli	x1,x16,0x1e	 x16:0x00000000  x1=0x00000000
        3705000	       369	80000630	0399c263	blt	x19,x25,80000654	 x19:0x80008bef x25:0x80009f84
        3715000	       370	00000000	00000013	addi	x0,x0,0	  x0:0x00000000
        3725000	       371	80000650	00000013	addi	x0,x0,0	  x0:0x00000000
        3735000	       372	80000654	611e7997	auipc	x19,0x611e7	 x19=0xe11e7650
        3745000	       373	80000658	72c74c13	xori	x24,x14,1836	 x14:0x00000001 x24=0x0000072d
        3755000	       374	8000065c	01ac5013	srli	x0,x24,0x1a	 x24:0x0000072d
        3765000	       375	80000660	0522e063	bltu	x5,x18,800006a0	  x5:0x80009fc4 x18:0x00000000
        3775000	       376	80000664	04218463	beq	x3,x2,800006ac	  x3:0x00000000  x2:0xf8800000
        3785000	       377	80000668	ed21ed93	ori	x27,x3,-302	  x3:0x00000000 x27=0xfffffed2
        3795000	       378	8000066c	018ebbb3	sltu	x23,x29,x24	 x29:0xfffffade x24:0x0000072d x23=0x00000000
        3805000	       379	80000670	022b4063	blt	x22,x2,80000690	 x22:0x00000000  x2:0xf8800000
        3815000	       380	80000674	011b54b3	srl	x9,x22,x17	 x22:0x00000000 x17:0x96083000  x9=0x00000000
        3825000	       381	80000678	0185d513	srli	x10,x11,0x18	 x11:0x00000000 x10=0x00000000
        3835000	       382	8000067c	0cc78c93	addi	x25,x15,204	 x15:0x00000001 x25=0x000000cd
        3845000	       383	80000680	01174433	xor	x8,x14,x17	 x14:0x00000001 x17:0x96083000  x8=0x96083001
        3855000	       384	80000684	01ca1793	slli	x15,x20,0x1c	 x20:0x54a278e5 x15=0x50000000
        3865000	       385	80000688	00157c63	bgeu	x10,x1,800006a0	 x10:0x00000000  x1:0x00000000
        3875000	       386	00000000	00000013	addi	x0,x0,0	  x0:0x00000000
        3885000	       387	8000069c	00000013	addi	x0,x0,0	  x0:0x00000000
        3895000	       388	800006a0	f8160497	auipc	x9,0xf8160	  x9=0x7816069c
        3905000	       389	800006a4	016c7fb3	and	x31,x24,x22	 x24:0x0000072d x22:0x00000000 x31=0x00000000
        3915000	       390	800006a8	03c8cc63	blt	x17,x28,800006e0	 x17:0x96083000 x28:0x80009f84
        3925000	       391	800006ac	0560c063	blt	x1,x22,800006ec	  x1:0x00000000 x22:0x00000000
        3935000	       392	800006b0	b50bfdb7	lui	x27,0xb50bf	 x27=0xb50bf000
        3945000	       393	800006b4	01d76833	or	x16,x14,x29	 x14:0x00000001 x29:0xfffffade x16=0xfffffadf
        3955000	       394	800006b8	05878863	beq	x15,x24,80000708	 x15:0x50000000 x24:0x0000072d
        3965000	       395	800006bc	00079b13	slli	x22,x15,0x0	 x15:0x50000000 x22=0x50000000
        3975000	       396	800006c0	04831663	bne	x6,x8,8000070c	  x6:0x80208bef  x8:0x96083001
        3985000	       397	00000000	00000013	addi	x0,x0,0	  x0:0x00000000
        3995000	       398	80000708	00000013	addi	x0,x0,0	  x0:0x00000000
        4005000	       399	8000070c	41cc0333	sub	x6,x24,x28	 x24:0x0000072d x28:0x80009f84  x6=0x7fff67a9
        4015000	       400	80000710	007ab633	sltu	x12,x21,x7	 x21:0xe3ada000  x7:0xffffffeb x12=0x00000001
        4025000	       401	80000714	cd532c93	slti	x25,x6,-811	  x6:0x7fff67a9 x25=0x00000000
        4035000	       402	80000718	00000013	addi	x0,x0,0	  x0:0x00000000
        4045000	       403	8000071c	0592f663	bgeu	x5,x25,80000768	  x5:0x80009fc4 x25:0x00000000
        4055000	       404	00000000	00000013	addi	x0,x0,0	  x0:0x00000000
        4065000	       405	80000764	00000013	addi	x0,x0,0	  x0:0x00000000
        4075000	       406	80000768	01ab5093	srli	x1,x22,0x1a	 x22:0x50000000  x1=0x00000014
        4085000	       407	8000076c	40f258b3	sra	x17,x4,x15	  x4:0x00000001 x15:0x50000000 x17=0x00000001
        4095000	       408	80000770	b4fb4b97	auipc	x23,0xb4fb4	 x23=0x34fb476c
        4105000	       409	80000774	958bc597	auipc	x11,0x958bc	 x11=0x158bc770
        4115000	       410	80000778	ed1d3493	sltiu	x9,x26,-303	 x26:0x00000004  x9=0x00000001
        4125000	       411	8000077c	b4d41117	auipc	x2,0xb4d41	  x2=0x34d41778
        4135000	       412	80000780	01868863	beq	x13,x24,80000790	 x13:0x00000000 x24:0x0000072d
        4145000	       413	80000784	01dacdb3	xor	x27,x21,x29	 x21:0xe3ada000 x29:0xfffffade x27=0x1c525ade
        4155000	       414	80000788	01895033	srl	x0,x18,x24	 x18:0x00000000 x24:0x0000072d
        4165000	       415	8000078c	01304933	xor	x18,x0,x19	  x0:0x00000000 x19:0xe11e7650 x18=0xe11e7650
        4175000	       416	80000790	40cadc33	sra	x24,x21,x12	 x21:0xe3ada000 x12:0x00000001 x24=0xf1d6d000
        4185000	       417	80000794	00000a17	auipc	x20,0x0	 x20=0x80000790
        4195000	       418	80000798	00ca0a13	addi	x20,x20,12	 x20:0x80000790 x20=0x8000079c
        4205000	       419	8000079c	000a0067	jalr	x0,x20,0	 x20:0x8000079c
        4215000	       420	00000000	00000013	addi	x0,x0,0	  x0:0x00000000
        4225000	       421	8000079c	00000013	addi	x0,x0,0	  x0:0x00000000
        4235000	       422	800007a0	00100193	addi	x3,x0,1	  x0:0x00000000  x3=0x00000001
        4245000	       423	800007a4	00000073	ecall	
        4255000	       424	800007a8	96c74993	xori	x19,x14,-1684	 x14:0x00000001 x19=0xfffff96d
