		Time			Cycle	PC		Insn	Decoded instruction	Register and memory contents
          65000	         5	80000004	00000293	addi	x5,x0,0	  x0:0x00000000  x5=0x00000000
          75000	         6	80000008	00000313	addi	x6,x0,0	  x0:0x00000000  x6=0x00000000
          85000	         7	8000000c	00628263	beq	x5,x6,80000010	  x5:0x00000000  x6:0x00000000
          95000	         8	00000000	00000013	addi	x0,x0,0	  x0:0x00000000
         105000	         9	8000000c	00000013	addi	x0,x0,0	  x0:0x00000000
         115000	        10	80000010	00000a17	auipc	x20,0x0	 x20=0x8000000c
         125000	        11	80000014	00ca0a13	addi	x20,x20,12	 x20:0x8000000c x20=0x80000018
         135000	        12	80000018	000a0067	jalr	x0,x20,0	 x20:0x80000018
         145000	        13	00000000	00000013	addi	x0,x0,0	  x0:0x00000000
         155000	        14	80000018	00000013	addi	x0,x0,0	  x0:0x00000000
         165000	        15	8000001c	400003b7	lui	x7,0x40000	  x7=0x40000000
         175000	        16	80000020	10038393	addi	x7,x7,256	  x7:0x40000000  x7=0x40000100
         185000	        17	80000024	00000013	addi	x0,x0,0	  x0:0x00000000
         195000	        18	80000028	0000ac17	auipc	x24,0xa	 x24=0x8000a024
         205000	        19	8000002c	fa0c0c13	addi	x24,x24,-96	 x24:0x8000a024 x24=0x80009fc4
         215000	        20	80000030	00003397	auipc	x7,0x3	  x7=0x8000302c
         225000	        21	80000034	94438393	addi	x7,x7,-1724	  x7:0x8000302c  x7=0x80002970
         235000	        22	80000038	0013e393	ori	x7,x7,1	  x7:0x80002970  x7=0x80002971
         245000	        23	8000003c	00000013	addi	x0,x0,0	  x0:0x00000000
         255000	        24	80000040	00000397	auipc	x7,0x0	  x7=0x8000003c
         265000	        25	80000044	02038393	addi	x7,x7,32	  x7:0x8000003c  x7=0x8000005c
         275000	        26	80000048	00000013	addi	x0,x0,0	  x0:0x00000000
         285000	        27	8000004c	00000013	addi	x0,x0,0	  x0:0x00000000
         295000	        28	80000050	000023b7	lui	x7,0x2	  x7=0x00002000
         305000	        29	80000054	80038393	addi	x7,x7,-2048	  x7:0x00002000  x7=0x00001800
         315000	        30	80000058	00000013	addi	x0,x0,0	  x0:0x00000000
         325000	        31	8000005c	00000013	addi	x0,x0,0	  x0:0x00000000
         335000	        32	80000060	2c35a037	lui	x0,0x2c35a	
         345000	        33	80000064	ac100013	addi	x0,x0,-1343	  x0:0x00000000
         355000	        34	80000068	0df290b7	lui	x1,0xdf29	  x1=0x0df29000
         365000	        35	8000006c	baf08093	addi	x1,x1,-1105	  x1:0x0df29000  x1=0x0df28baf
         375000	        36	80000070	00400113	addi	x2,x0,4	  x0:0x00000000  x2=0x00000004
         385000	        37	80000074	00300193	addi	x3,x0,3	  x0:0x00000000  x3=0x00000003
         395000	        38	80000078	00800213	addi	x4,x0,8	  x0:0x00000000  x4=0x00000008
         405000	        39	8000007c	dafbe2b7	lui	x5,0xdafbe	  x5=0xdafbe000
         415000	        40	80000080	15428293	addi	x5,x5,340	  x5:0xdafbe000  x5=0xdafbe154
         425000	        41	80000084	f4c73337	lui	x6,0xf4c73	  x6=0xf4c73000
         435000	        42	80000088	03e30313	addi	x6,x6,62	  x6:0xf4c73000  x6=0xf4c7303e
         445000	        43	8000008c	f92ad3b7	lui	x7,0xf92ad	  x7=0xf92ad000
         455000	        44	80000090	a6b38393	addi	x7,x7,-1429	  x7:0xf92ad000  x7=0xf92aca6b
         465000	        45	80000094	e23aa437	lui	x8,0xe23aa	  x8=0xe23aa000
         475000	        46	80000098	f9340413	addi	x8,x8,-109	  x8:0xe23aa000  x8=0xe23a9f93
         485000	        47	8000009c	819b44b7	lui	x9,0x819b4	  x9=0x819b4000
         495000	        48	800000a0	66748493	addi	x9,x9,1639	  x9:0x819b4000  x9=0x819b4667
         505000	        49	800000a4	04656537	lui	x10,0x4656	 x10=0x04656000
         515000	        50	800000a8	1d950513	addi	x10,x10,473	 x10:0x04656000 x10=0x046561d9
         525000	        51	800000ac	00000593	addi	x11,x0,0	  x0:0x00000000 x11=0x00000000
         535000	        52	800000b0	33f2d637	lui	x12,0x33f2d	 x12=0x33f2d000
         545000	        53	800000b4	2ec60613	addi	x12,x12,748	 x12:0x33f2d000 x12=0x33f2d2ec
         555000	        54	800000b8	00e00693	addi	x13,x0,14	  x0:0x00000000 x13=0x0000000e
         565000	        55	800000bc	00000713	addi	x14,x0,0	  x0:0x00000000 x14=0x00000000
         575000	        56	800000c0	00000793	addi	x15,x0,0	  x0:0x00000000 x15=0x00000000
         585000	        57	800000c4	6a2bf837	lui	x16,0x6a2bf	 x16=0x6a2bf000
         595000	        58	800000c8	74c80813	addi	x16,x16,1868	 x16:0x6a2bf000 x16=0x6a2bf74c
         605000	        59	800000cc	faf238b7	lui	x17,0xfaf23	 x17=0xfaf23000
         615000	        60	800000d0	19088893	addi	x17,x17,400	 x17:0xfaf23000 x17=0xfaf23190
         625000	        61	800000d4	00e00913	addi	x18,x0,14	  x0:0x00000000 x18=0x0000000e
         635000	        62	800000d8	f9ab59b7	lui	x19,0xf9ab5	 x19=0xf9ab5000
         645000	        63	800000dc	38898993	addi	x19,x19,904	 x19:0xf9ab5000 x19=0xf9ab5388
         655000	        64	800000e0	00000a13	addi	x20,x0,0	  x0:0x00000000 x20=0x00000000
         665000	        65	800000e4	00000a93	addi	x21,x0,0	  x0:0x00000000 x21=0x00000000
         675000	        66	800000e8	00600b13	addi	x22,x0,6	  x0:0x00000000 x22=0x00000006
         685000	        67	800000ec	00900c93	addi	x25,x0,9	  x0:0x00000000 x25=0x00000009
         695000	        68	800000f0	80000d37	lui	x26,0x80000	 x26=0x80000000
         705000	        69	800000f4	80000db7	lui	x27,0x80000	 x27=0x80000000
         715000	        70	800000f8	92c51e37	lui	x28,0x92c51	 x28=0x92c51000
         725000	        71	800000fc	7f6e0e13	addi	x28,x28,2038	 x28:0x92c51000 x28=0x92c517f6
         735000	        72	80000100	00000e93	addi	x29,x0,0	  x0:0x00000000 x29=0x00000000
         745000	        73	80000104	80000f37	lui	x30,0x80000	 x30=0x80000000
         755000	        74	80000108	6fd4dfb7	lui	x31,0x6fd4d	 x31=0x6fd4d000
         765000	        75	8000010c	79bf8f93	addi	x31,x31,1947	 x31:0x6fd4d000 x31=0x6fd4d79b
         775000	        76	80000110	0000ab97	auipc	x23,0xa	 x23=0x8000a10c
         785000	        77	80000114	e78b8b93	addi	x23,x23,-392	 x23:0x8000a10c x23=0x80009f84
         795000	        78	80000118	00008117	auipc	x2,0x8	  x2=0x80008114
         805000	        79	8000011c	57a10113	addi	x2,x2,1402	  x2:0x80008114  x2=0x8000868e
         815000	        80	80000120	00fd4433	xor	x8,x26,x15	 x26:0x80000000 x15:0x00000000  x8=0x80000000
         825000	        81	80000124	a93109a3	sb	x19,-1389(x2)	  x2:0x8000868e x19:0xf9ab5388 PA:0x80008121
         835000	        82	80000128	004a1913	slli	x18,x20,0x4	 x20:0x00000000 x18=0x00000000
         845000	        83	8000012c	01afa5b3	slt	x11,x31,x26	 x31:0x6fd4d79b x26:0x80000000 x11=0x00000000
         855000	        84	80000130	fd142e93	slti	x29,x8,-47	  x8:0x80000000 x29=0x00000001
         865000	        85	80000134	a6610ca3	sb	x6,-1415(x2)	  x2:0x8000868e  x6:0xf4c7303e PA:0x80008107
         875000	        86	80000138	41ea04b3	sub	x9,x20,x30	 x20:0x00000000 x30:0x80000000  x9=0x80000000
         885000	        87	8000013c	002a55b3	srl	x11,x20,x2	 x20:0x00000000  x2:0x8000868e x11=0x00000000
         895000	        88	80000140	0ce109a3	sb	x14,211(x2)	  x2:0x8000868e x14:0x00000000 PA:0x80008761
         905000	        89	80000144	e6411003	lh	x0,-412(x2)	  x2:0x8000868e PA:0x800084f2
         915000	        90	80000148	002cbe33	sltu	x28,x25,x2	 x25:0x00000009  x2:0x8000868e x28=0x00000001
         925000	        91	8000014c	f3d14d83	lbu	x27,-195(x2)	  x2:0x8000868e x27=0x00000000 PA:0x800085cb
         935000	        92	80000150	fd211683	lh	x13,-46(x2)	  x2:0x8000868e x13=0x00000000 PA:0x80008660
         945000	        93	80000154	d5610c83	lb	x25,-682(x2)	  x2:0x8000868e x25=0x00000000 PA:0x800083e4
         955000	        94	80000158	af410b23	sb	x20,-1290(x2)	  x2:0x8000868e x20:0x00000000 PA:0x80008184
         965000	        95	8000015c	01a10d03	lb	x26,26(x2)	  x2:0x8000868e x26=0x00000000 PA:0x800086a8
         975000	        96	80000160	fdd10583	lb	x11,-35(x2)	  x2:0x8000868e x11=0x00000000 PA:0x8000866b
         985000	        97	80000164	b6e10223	sb	x14,-1180(x2)	  x2:0x8000868e x14:0x00000000 PA:0x800081f2
         995000	        98	80000168	c45109a3	sb	x5,-941(x2)	  x2:0x8000868e  x5:0xdafbe154 PA:0x800082e1
        1005000	        99	8000016c	c14106a3	sb	x20,-1011(x2)	  x2:0x8000868e x20:0x00000000 PA:0x8000829b
        1015000	       100	80000170	00e09313	slli	x6,x1,0xe	  x1:0x0df28baf  x6=0xa2ebc000
        1025000	       101	80000174	08215303	lhu	x6,130(x2)	  x2:0x8000868e  x6=0x00000000 PA:0x80008710
        1035000	       102	80000178	ac510583	lb	x11,-1339(x2)	  x2:0x8000868e x11=0x00000000 PA:0x80008153
        1045000	       103	8000017c	c0411483	lh	x9,-1020(x2)	  x2:0x8000868e  x9=0x00000000 PA:0x80008292
        1055000	       104	80000180	c5b3ef13	ori	x30,x7,-933	  x7:0xf92aca6b x30=0xfffffe7b
        1065000	       105	80000184	f3c10783	lb	x15,-196(x2)	  x2:0x8000868e x15=0x00000000 PA:0x800085ca
        1075000	       106	80000188	01810fa3	sb	x24,31(x2)	  x2:0x8000868e x24:0x80009fc4 PA:0x800086ad
        1085000	       107	8000018c	c6a14e03	lbu	x28,-918(x2)	  x2:0x8000868e x28=0x00000000 PA:0x800082f8
        1095000	       108	80000190	e4d14283	lbu	x5,-435(x2)	  x2:0x8000868e  x5=0x00000000 PA:0x800084db
        1105000	       109	80000194	b90caf93	slti	x31,x25,-1136	 x25:0x00000000 x31=0x00000000
        1115000	       110	80000198	015d9713	slli	x14,x27,0x15	 x27:0x00000000 x14=0x00000000
        1125000	       111	8000019c	daf10f23	sb	x15,-578(x2)	  x2:0x8000868e x15:0x00000000 PA:0x8000844c
        1135000	       112	800001a0	153102a3	sb	x19,325(x2)	  x2:0x8000868e x19:0xf9ab5388 PA:0x800087d3
        1145000	       113	800001a4	00bf7f33	and	x30,x30,x11	 x30:0xfffffe7b x11:0x00000000 x30=0x00000000
        1155000	       114	800001a8	b5510d23	sb	x21,-1190(x2)	  x2:0x8000868e x21:0x00000000 PA:0x800081e8
        1165000	       115	800001ac	a6a15303	lhu	x6,-1430(x2)	  x2:0x8000868e  x6=0x00000000 PA:0x800080f8
        1175000	       116	00000000	00000013	addi	x0,x0,0	  x0:0x00000000
        1185000	       117	800001b0	40604713	xori	x14,x0,1030	  x0:0x00000000 x14=0x00000406
        1195000	       118	800001b4	0f310b03	lb	x22,243(x2)	  x2:0x8000868e x22=0x00000000 PA:0x80008781
        1205000	       119	800001b8	dae12923	sw	x14,-590(x2)	  x2:0x8000868e x14:0x00000406 PA:0x80008440
        1215000	       120	800001bc	0a010983	lb	x19,160(x2)	  x2:0x8000868e x19=0x00000000 PA:0x8000872e
        1225000	       121	800001c0	e6510f83	lb	x31,-411(x2)	  x2:0x8000868e x31=0x00000000 PA:0x800084f3
        1235000	       122	800001c4	c7610203	lb	x4,-906(x2)	  x2:0x8000868e  x4=0x00000000 PA:0x80008304
        1245000	       123	800001c8	a0214383	lbu	x7,-1534(x2)	  x2:0x8000868e  x7=0x00000000 PA:0x80008090
        1255000	       124	800001cc	00008e97	auipc	x29,0x8	 x29=0x800081c8
        1265000	       125	800001d0	157e8e93	addi	x29,x29,343	 x29:0x800081c8 x29=0x8000831f
        1275000	       126	800001d4	ffee8b03	lb	x22,-2(x29)	 x29:0x8000831f x22=0x00000000 PA:0x8000831d
        1285000	       127	800001d8	ffee8e03	lb	x28,-2(x29)	 x29:0x8000831f x28=0x00000000 PA:0x8000831d
        1295000	       128	800001dc	f74e8203	lb	x4,-140(x29)	 x29:0x8000831f  x4=0x00000000 PA:0x80008293
        1305000	       129	800001e0	f62e8a23	sb	x2,-140(x29)	 x29:0x8000831f  x2:0x8000868e PA:0x80008293
        1315000	       130	800001e4	f74ecd03	lbu	x26,-140(x29)	 x29:0x8000831f x26=0x0000008e PA:0x80008293
        1325000	       131	800001e8	41eddc93	srai	x25,x27,0x1e	 x27:0x00000000 x25=0x00000000
        1335000	       132	800001ec	f74e8283	lb	x5,-140(x29)	 x29:0x8000831f  x5=0xffffff8e PA:0x80008293
        1345000	       133	800001f0	3b6ec713	xori	x14,x29,950	 x29:0x8000831f x14=0x800080a9
        1355000	       134	800001f4	fd2ecb03	lbu	x22,-46(x29)	 x29:0x8000831f x22=0x00000000 PA:0x800082f1
        1365000	       135	800001f8	005eed33	or	x26,x29,x5	 x29:0x8000831f  x5:0xffffff8e x26=0xffffff9f
        1375000	       136	800001fc	fd2ec683	lbu	x13,-46(x29)	 x29:0x8000831f x13=0x00000000 PA:0x800082f1
        1385000	       137	80000200	fd2e8183	lb	x3,-46(x29)	 x29:0x8000831f  x3=0x00000000 PA:0x800082f1
        1395000	       138	80000204	a0de0213	addi	x4,x28,-1523	 x28:0x00000000  x4=0xfffffa0d
        1405000	       139	80000208	194eaca3	sw	x20,409(x29)	 x29:0x8000831f x20:0x00000000 PA:0x800084b8
        1415000	       140	8000020c	00e33133	sltu	x2,x6,x14	  x6:0x00000000 x14:0x800080a9  x2=0x00000001
        1425000	       141	80000210	017b55b3	srl	x11,x22,x23	 x22:0x00000000 x23:0x80009f84 x11=0x00000000
        1435000	       142	80000214	926bb797	auipc	x15,0x926bb	 x15=0x126bb210
        1445000	       143	80000218	e73ec203	lbu	x4,-397(x29)	 x29:0x8000831f  x4=0x00000000 PA:0x80008192
        1455000	       144	00000000	00000013	addi	x0,x0,0	  x0:0x00000000
        1465000	       145	8000021c	d84ea4a3	sw	x4,-631(x29)	 x29:0x8000831f  x4:0x00000000 PA:0x800080a8
        1475000	       146	80000220	00009197	auipc	x3,0x9	  x3=0x8000921c
        1485000	       147	80000224	afe18193	addi	x3,x3,-1282	  x3:0x8000921c  x3=0x80008d1a
        1495000	       148	80000228	00009f17	auipc	x30,0x9	 x30=0x80009224
        1505000	       149	8000022c	86ff0f13	addi	x30,x30,-1937	 x30:0x80009224 x30=0x80008a93
        1515000	       150	80000230	00008597	auipc	x11,0x8	 x11=0x8000822c
        1525000	       151	80000234	67a58593	addi	x11,x11,1658	 x11:0x8000822c x11=0x800088a6
        1535000	       152	80000238	44558ba3	sb	x5,1111(x11)	 x11:0x800088a6  x5:0xffffff8e PA:0x80008cfd
        1545000	       153	8000023c	1975c383	lbu	x7,407(x11)	 x11:0x800088a6  x7=0x00000000 PA:0x80008a3d
        1555000	       154	80000240	ff9f5283	lhu	x5,-7(x30)	 x30:0x80008a93  x5=0x00000000 PA:0x80008a8c
        1565000	       155	80000244	ff918e03	lb	x28,-7(x3)	  x3:0x80008d1a x28=0x00000000 PA:0x80008d13
        1575000	       156	80000248	ff5f4403	lbu	x8,-11(x30)	 x30:0x80008a93  x8=0x00000000 PA:0x80008a88
        1585000	       157	8000024c	0051cb03	lbu	x22,5(x3)	  x3:0x80008d1a x22=0x00000000 PA:0x80008d1f
        1595000	       158	80000250	5ed58da3	sb	x13,1531(x11)	 x11:0x800088a6 x13:0x00000000 PA:0x80008ea1
        1605000	       159	80000254	005f2483	lw	x9,5(x30)	 x30:0x80008a93  x9=0x00000000 PA:0x80008a98
        1615000	       160	80000258	6da581a3	sb	x26,1731(x11)	 x11:0x800088a6 x26:0xffffff9f PA:0x80008f69
        1625000	       161	8000025c	ff5f1aa3	sh	x21,-11(x30)	 x30:0x80008a93 x21:0x00000000 PA:0x80008a88
        1635000	       162	80000260	fff18ea3	sb	x31,-3(x3)	  x3:0x80008d1a x31:0x00000000 PA:0x80008d17
        1645000	       163	80000264	002f0223	sb	x2,4(x30)	 x30:0x80008a93  x2:0x00000001 PA:0x80008a97
        1655000	       164	80000268	067581a3	sb	x7,99(x11)	 x11:0x800088a6  x7:0x00000000 PA:0x80008909
        1665000	       165	8000026c	0031c203	lbu	x4,3(x3)	  x3:0x80008d1a  x4=0x00000000 PA:0x80008d1d
        1675000	       166	80000270	ffa19a23	sh	x26,-12(x3)	  x3:0x80008d1a x26:0xffffff9f PA:0x80008d0e
        1685000	       167	80000274	440583a3	sb	x0,1095(x11)	 x11:0x800088a6  x0:0x00000000 PA:0x80008ced
        1695000	       168	80000278	ff718983	lb	x19,-9(x3)	  x3:0x80008d1a x19=0x00000000 PA:0x80008d11
        1705000	       169	8000027c	10158d03	lb	x26,257(x11)	 x11:0x800088a6 x26=0x00000000 PA:0x800089a7
        1715000	       170	80000280	ff8f0783	lb	x15,-8(x30)	 x30:0x80008a93 x15=0x00000000 PA:0x80008a8b
        1725000	       171	80000284	00718303	lb	x6,7(x3)	  x3:0x80008d1a  x6=0x00000000 PA:0x80008d21
        1735000	       172	80000288	1455cd03	lbu	x26,325(x11)	 x11:0x800088a6 x26=0x00000000 PA:0x800089eb
        1745000	       173	8000028c	f300ea93	ori	x21,x1,-208	  x1:0x0df28baf x21=0xffffffbf
        1755000	       174	80000290	cf28fe93	andi	x29,x17,-782	 x17:0xfaf23190 x29=0xfaf23090
        1765000	       175	80000294	32566193	ori	x3,x12,805	 x12:0x33f2d2ec  x3=0x33f2d3ed
        1775000	       176	80000298	01bf17b3	sll	x15,x30,x27	 x30:0x80008a93 x27:0x00000000 x15=0x80008a93
        1785000	       177	8000029c	afea5c97	auipc	x25,0xafea5	 x25=0x2fea5298
        1795000	       178	800002a0	01c85933	srl	x18,x16,x28	 x16:0x6a2bf74c x28:0x00000000 x18=0x6a2bf74c
        1805000	       179	800002a4	dcc47e13	andi	x28,x8,-564	  x8:0x00000000 x28=0x00000000
        1815000	       180	800002a8	01c9c4b3	xor	x9,x19,x28	 x19:0x00000000 x28:0x00000000  x9=0x00000000
        1825000	       181	800002ac	40a5d493	srai	x9,x11,0xa	 x11:0x800088a6  x9=0xffe00022
        1835000	       182	800002b0	00a39013	slli	x0,x7,0xa	  x7:0x00000000
        1845000	       183	800002b4	0386e463	bltu	x13,x24,800002dc	 x13:0x00000000 x24:0x80009fc4
        1855000	       184	00000000	00000013	addi	x0,x0,0	  x0:0x00000000
        1865000	       185	800002d8	00000013	addi	x0,x0,0	  x0:0x00000000
        1875000	       186	800002dc	00cb5fb3	srl	x31,x22,x12	 x22:0x00000000 x12:0x33f2d2ec x31=0x00000000
        1885000	       187	800002e0	00218eb3	add	x29,x3,x2	  x3:0x33f2d3ed  x2:0x00000001 x29=0x33f2d3ee
        1895000	       188	800002e4	002118b3	sll	x17,x2,x2	  x2:0x00000001  x2:0x00000001 x17=0x00000002
        1905000	       189	800002e8	605fc013	xori	x0,x31,1541	 x31:0x00000000
        1915000	       190	800002ec	016e20b3	slt	x1,x28,x22	 x28:0x00000000 x22:0x00000000  x1=0x00000000
        1925000	       191	800002f0	00000917	auipc	x18,0x0	 x18=0x800002ec
        1935000	       192	800002f4	2b090913	addi	x18,x18,688	 x18:0x800002ec x18=0x8000059c
        1945000	       193	800002f8	00e703b3	add	x7,x14,x14	 x14:0x800080a9 x14:0x800080a9  x7=0x00010152
        1955000	       194	800002fc	20c90913	addi	x18,x18,524	 x18:0x8000059c x18=0x800007a8
        1965000	       195	80000300	1e266d93	ori	x27,x12,482	 x12:0x33f2d2ec x27=0x33f2d3ee
        1975000	       196	80000304	01d63533	sltu	x10,x12,x29	 x12:0x33f2d2ec x29:0x33f2d3ee x10=0x00000001
        1985000	       197	80000308	01ca5b33	srl	x22,x20,x28	 x20:0x00000000 x28:0x00000000 x22=0x00000000
        1995000	       198	8000030c	00035463	bge	x6,x0,80000314	  x6:0x00000000  x0:0x00000000
        2005000	       199	00000000	00000013	addi	x0,x0,0	  x0:0x00000000
        2015000	       200	80000310	00000013	addi	x0,x0,0	  x0:0x00000000
        2025000	       201	80000314	df490d67	jalr	x26,x18,-524	 x18:0x800007a8 x26=0x80000314
        2035000	       202	00000000	00000013	addi	x0,x0,0	  x0:0x00000000
        2045000	       203	8000059c	00000013	addi	x0,x0,0	  x0:0x00000000
        2055000	       204	800005a0	ff4b8b93	addi	x23,x23,-12	 x23:0x80009f84 x23=0x80009f78
        2065000	       205	800005a4	ba3d4f37	lui	x30,0xba3d4	 x30=0xba3d4000
        2075000	       206	800005a8	01aba223	sw	x26,4(x23)	 x23:0x80009f78 x26:0x80000314 PA:0x80009f7c
        2085000	       207	800005ac	0fba6793	ori	x15,x20,251	 x20:0x00000000 x15=0x000000fb
        2095000	       208	800005b0	6463d637	lui	x12,0x6463d	 x12=0x6463d000
        2105000	       209	800005b4	00421613	slli	x12,x4,0x4	  x4:0x00000000 x12=0x00000000
        2115000	       210	800005b8	00008117	auipc	x2,0x8	  x2=0x800085b4
        2125000	       211	800005bc	d0510113	addi	x2,x2,-763	  x2:0x800085b4  x2=0x800082b9
        2135000	       212	800005c0	edc10083	lb	x1,-292(x2)	  x2:0x800082b9  x1=0x00000000 PA:0x80008195
        2145000	       213	800005c4	50773c93	sltiu	x25,x14,1287	 x14:0x800080a9 x25=0x00000000
        2155000	       214	800005c8	e1110983	lb	x19,-495(x2)	  x2:0x800082b9 x19=0x00000000 PA:0x800080ca
        2165000	       215	800005cc	405123a3	sw	x5,1031(x2)	  x2:0x800082b9  x5:0x00000000 PA:0x800086c0
        2175000	       216	800005d0	0cf11083	lh	x1,207(x2)	  x2:0x800082b9  x1=0x00000000 PA:0x80008388
        2185000	       217	800005d4	ff715183	lhu	x3,-9(x2)	  x2:0x800082b9  x3=0x00000000 PA:0x800082b0
        2195000	       218	800005d8	e8510d23	sb	x5,-358(x2)	  x2:0x800082b9  x5:0x00000000 PA:0x80008153
        2205000	       219	800005dc	20c112a3	sh	x12,517(x2)	  x2:0x800082b9 x12:0x00000000 PA:0x800084be
        2215000	       220	800005e0	012b58b3	srl	x17,x22,x18	 x22:0x00000000 x18:0x800007a8 x17=0x00000000
        2225000	       221	800005e4	2a414983	lbu	x19,676(x2)	  x2:0x800082b9 x19=0x00000000 PA:0x8000855d
        2235000	       222	800005e8	01df2d33	slt	x26,x30,x29	 x30:0xba3d4000 x29:0x33f2d3ee x26=0x00000001
        2245000	       223	800005ec	01559293	slli	x5,x11,0x15	 x11:0x800088a6  x5=0x14c00000
        2255000	       224	800005f0	fec10083	lb	x1,-20(x2)	  x2:0x800082b9  x1=0x00000000 PA:0x800082a5
        2265000	       225	800005f4	29115c83	lhu	x25,657(x2)	  x2:0x800082b9 x25=0x00000000 PA:0x8000854a
        2275000	       226	800005f8	00000013	addi	x0,x0,0	  x0:0x00000000
        2285000	       227	800005fc	f7214b03	lbu	x22,-142(x2)	  x2:0x800082b9 x22=0x00000000 PA:0x8000822b
        2295000	       228	80000600	f7410583	lb	x11,-140(x2)	  x2:0x800082b9 x11=0x00000000 PA:0x8000822d
        2305000	       229	80000604	37a10323	sb	x26,870(x2)	  x2:0x800082b9 x26:0x00000001 PA:0x8000861f
        2315000	       230	80000608	00029233	sll	x4,x5,x0	  x5:0x14c00000  x0:0x00000000  x4=0x14c00000
        2325000	       231	8000060c	d45d4e93	xori	x29,x26,-699	 x26:0x00000001 x29=0xfffffd44
        2335000	       232	80000610	eee10a83	lb	x21,-274(x2)	  x2:0x800082b9 x21=0x00000000 PA:0x800081a7
        2345000	       233	80000614	00000013	addi	x0,x0,0	  x0:0x00000000
        2355000	       234	80000618	754af893	andi	x17,x21,1876	 x21:0x00000000 x17=0x00000000
        2365000	       235	8000061c	003c8f33	add	x30,x25,x3	 x25:0x00000000  x3:0x00000000 x30=0x00000000
        2375000	       236	80000620	27e100a3	sb	x30,609(x2)	  x2:0x800082b9 x30:0x00000000 PA:0x8000851a
        2385000	       237	80000624	009b21b3	slt	x3,x22,x9	 x22:0x00000000  x9:0xffe00022  x3=0x00000000
        2395000	       238	80000628	51410e83	lb	x29,1300(x2)	  x2:0x800082b9 x29=0x00000000 PA:0x800087cd
        2405000	       239	8000062c	4033d333	sra	x6,x7,x3	  x7:0x00010152  x3:0x00000000  x6=0x00010152
        2415000	       240	80000630	26a14503	lbu	x10,618(x2)	  x2:0x800082b9 x10=0x00000000 PA:0x80008523
        2425000	       241	80000634	f6f77313	andi	x6,x14,-145	 x14:0x800080a9  x6=0x80008029
        2435000	       242	80000638	00d4de33	srl	x28,x9,x13	  x9:0xffe00022 x13:0x00000000 x28=0xffe00022
        2445000	       243	8000063c	f6614703	lbu	x14,-154(x2)	  x2:0x800082b9 x14=0x00000000 PA:0x8000821f
        2455000	       244	80000640	46d15b03	lhu	x22,1133(x2)	  x2:0x800082b9 x22=0x00000000 PA:0x80008726
        2465000	       245	80000644	00000013	addi	x0,x0,0	  x0:0x00000000
        2475000	       246	80000648	11d119a3	sh	x29,275(x2)	  x2:0x800082b9 x29:0x00000000 PA:0x800083cc
        2485000	       247	8000064c	42510e23	sb	x5,1084(x2)	  x2:0x800082b9  x5:0x14c00000 PA:0x800086f5
        2495000	       248	80000650	1ad11aa3	sh	x13,437(x2)	  x2:0x800082b9 x13:0x00000000 PA:0x8000846e
        2505000	       249	80000654	e3610883	lb	x17,-458(x2)	  x2:0x800082b9 x17=0x00000000 PA:0x800080ef
        2515000	       250	00000000	00000013	addi	x0,x0,0	  x0:0x00000000
        2525000	       251	80000658	0168f6b3	and	x13,x17,x22	 x17:0x00000000 x22:0x00000000 x13=0x00000000
        2535000	       252	8000065c	40a10483	lb	x9,1034(x2)	  x2:0x800082b9  x9=0x00000000 PA:0x800086c3
        2545000	       253	80000660	00008c97	auipc	x25,0x8	 x25=0x8000865c
        2555000	       254	80000664	15ac8c93	addi	x25,x25,346	 x25:0x8000865c x25=0x800087b6
        2565000	       255	80000668	d05c8583	lb	x11,-763(x25)	 x25:0x800087b6 x11=0x00000000 PA:0x800084bb
        2575000	       256	8000066c	d05c8003	lb	x0,-763(x25)	 x25:0x800087b6 PA:0x800084bb
        2585000	       257	80000670	3c1b1817	auipc	x16,0x3c1b1	 x16=0xbc1b166c
        2595000	       258	80000674	d05c8f03	lb	x30,-763(x25)	 x25:0x800087b6 x30=0x00000000 PA:0x800084bb
        2605000	       259	80000678	d05c8483	lb	x9,-763(x25)	 x25:0x800087b6  x9=0x00000000 PA:0x800084bb
        2615000	       260	8000067c	d05c8383	lb	x7,-763(x25)	 x25:0x800087b6  x7=0x00000000 PA:0x800084bb
        2625000	       261	00000000	00000013	addi	x0,x0,0	  x0:0x00000000
        2635000	       262	80000680	40a3df93	srai	x31,x7,0xa	  x7:0x00000000 x31=0x00000000
        2645000	       263	80000684	d05cc983	lbu	x19,-763(x25)	 x25:0x800087b6 x19=0x00000000 PA:0x800084bb
        2655000	       264	80000688	d05c8983	lb	x19,-763(x25)	 x25:0x800087b6 x19=0x00000000 PA:0x800084bb
        2665000	       265	8000068c	08a0cd13	xori	x26,x1,138	  x1:0x00000000 x26=0x0000008a
        2675000	       266	80000690	d05cc783	lbu	x15,-763(x25)	 x25:0x800087b6 x15=0x00000000 PA:0x800084bb
        2685000	       267	80000694	d05cc803	lbu	x16,-763(x25)	 x25:0x800087b6 x16=0x00000000 PA:0x800084bb
        2695000	       268	80000698	d05cc803	lbu	x16,-763(x25)	 x25:0x800087b6 x16=0x00000000 PA:0x800084bb
        2705000	       269	8000069c	d14c82a3	sb	x20,-763(x25)	 x25:0x800087b6 x20:0x00000000 PA:0x800084bb
        2715000	       270	800006a0	a67ca123	sw	x7,-1438(x25)	 x25:0x800087b6  x7:0x00000000 PA:0x80008218
        2725000	       271	800006a4	01b7ef33	or	x30,x15,x27	 x15:0x00000000 x27:0x33f2d3ee x30=0x33f2d3ee
        2735000	       272	800006a8	a77c8123	sb	x23,-1438(x25)	 x25:0x800087b6 x23:0x80009f78 PA:0x80008218
        2745000	       273	800006ac	a62cdf83	lhu	x31,-1438(x25)	 x25:0x800087b6 x31=0x00000078 PA:0x80008218
        2755000	       274	800006b0	a6bca123	sw	x11,-1438(x25)	 x25:0x800087b6 x11:0x00000000 PA:0x80008218
        2765000	       275	800006b4	055c8103	lb	x2,85(x25)	 x25:0x800087b6  x2=0x00000000 PA:0x8000880b
        2775000	       276	800006b8	055cc483	lbu	x9,85(x25)	 x25:0x800087b6  x9=0x00000000 PA:0x8000880b
        2785000	       277	800006bc	00008097	auipc	x1,0x8	  x1=0x800086b8
        2795000	       278	800006c0	f4b08093	addi	x1,x1,-181	  x1:0x800086b8  x1=0x80008603
        2805000	       279	800006c4	00608823	sb	x6,16(x1)	  x1:0x80008603  x6:0x80008029 PA:0x80008613
        2815000	       280	800006c8	00408823	sb	x4,16(x1)	  x1:0x80008603  x4:0x14c00000 PA:0x80008613
        2825000	       281	800006cc	00608823	sb	x6,16(x1)	  x1:0x80008603  x6:0x80008029 PA:0x80008613
        2835000	       282	800006d0	0048e133	or	x2,x17,x4	 x17:0x00000000  x4:0x14c00000  x2=0x14c00000
        2845000	       283	800006d4	9bac7213	andi	x4,x24,-1606	 x24:0x80009fc4  x4=0x80009980
        2855000	       284	800006d8	ff008583	lb	x11,-16(x1)	  x1:0x80008603 x11=0x00000000 PA:0x800085f3
        2865000	       285	800006dc	40f60733	sub	x14,x12,x15	 x12:0x00000000 x15:0x00000000 x14=0x00000000
        2875000	       286	800006e0	402a8633	sub	x12,x21,x2	 x21:0x00000000  x2:0x14c00000 x12=0xeb400000
        2885000	       287	800006e4	012f63b3	or	x7,x30,x18	 x30:0x33f2d3ee x18:0x800007a8  x7=0xb3f2d7ee
        2895000	       288	800006e8	01153433	sltu	x8,x10,x17	 x10:0x00000000 x17:0x00000000  x8=0x00000000
        2905000	       289	800006ec	01108123	sb	x17,2(x1)	  x1:0x80008603 x17:0x00000000 PA:0x80008605
        2915000	       290	800006f0	0020c983	lbu	x19,2(x1)	  x1:0x80008603 x19=0x00000000 PA:0x80008605
        2925000	       291	800006f4	000c1f93	slli	x31,x24,0x0	 x24:0x80009fc4 x31=0x80009fc4
        2935000	       292	800006f8	00208703	lb	x14,2(x1)	  x1:0x80008603 x14=0x00000000 PA:0x80008605
        2945000	       293	800006fc	0020cf83	lbu	x31,2(x1)	  x1:0x80008603 x31=0x00000000 PA:0x80008605
        2955000	       294	80000700	0020c983	lbu	x19,2(x1)	  x1:0x80008603 x19=0x00000000 PA:0x80008605
        2965000	       295	80000704	00308123	sb	x3,2(x1)	  x1:0x80008603  x3:0x00000000 PA:0x80008605
        2975000	       296	80000708	00008217	auipc	x4,0x8	  x4=0x80008704
        2985000	       297	8000070c	0e820213	addi	x4,x4,232	  x4:0x80008704  x4=0x800087ec
        2995000	       298	80000710	00008d97	auipc	x27,0x8	 x27=0x8000870c
        3005000	       299	80000714	da3d8d93	addi	x27,x27,-605	 x27:0x8000870c x27=0x800084af
        3015000	       300	80000718	00ed8083	lb	x1,14(x27)	 x27:0x800084af  x1=0x00000000 PA:0x800084bd
        3025000	       301	8000071c	ff524383	lbu	x7,-11(x4)	  x4:0x800087ec  x7=0x00000000 PA:0x800087e1
        3035000	       302	80000720	fe6d8ca3	sb	x6,-7(x27)	 x27:0x800084af  x6:0x80008029 PA:0x800084a8
        3045000	       303	80000724	fff21b23	sh	x31,-10(x4)	  x4:0x800087ec x31:0x00000000 PA:0x800087e2
        3055000	       304	80000728	ff0d8583	lb	x11,-16(x27)	 x27:0x800084af x11=0x00000000 PA:0x8000849f
        3065000	       305	8000072c	00ad8103	lb	x2,10(x27)	 x27:0x800084af  x2=0x00000000 PA:0x800084b9
        3075000	       306	80000730	006dc883	lbu	x17,6(x27)	 x27:0x800084af x17=0x00000000 PA:0x800084b5
        3085000	       307	80000734	00b22423	sw	x11,8(x4)	  x4:0x800087ec x11:0x00000000 PA:0x800087f4
        3095000	       308	80000738	ff724783	lbu	x15,-9(x4)	  x4:0x800087ec x15=0x00000000 PA:0x800087e3
        3105000	       309	8000073c	00adc383	lbu	x7,10(x27)	 x27:0x800084af  x7=0x00000000 PA:0x800084b9
        3115000	       310	80000740	ff8dcd03	lbu	x26,-8(x27)	 x27:0x800084af x26=0x00000000 PA:0x800084a7
        3125000	       311	80000744	00022423	sw	x0,8(x4)	  x4:0x800087ec  x0:0x00000000 PA:0x800087f4
        3135000	       312	80000748	005d8483	lb	x9,5(x27)	 x27:0x800084af  x9=0x00000000 PA:0x800084b4
        3145000	       313	8000074c	010d8783	lb	x15,16(x27)	 x27:0x800084af x15=0x00000000 PA:0x800084bf
        3155000	       314	80000750	ff821823	sh	x24,-16(x4)	  x4:0x800087ec x24:0x80009fc4 PA:0x800087dc
        3165000	       315	80000754	00d20003	lb	x0,13(x4)	  x4:0x800087ec PA:0x800087f9
        3175000	       316	80000758	00d24183	lbu	x3,13(x4)	  x4:0x800087ec  x3=0x00000000 PA:0x800087f9
        3185000	       317	8000075c	00adc983	lbu	x19,10(x27)	 x27:0x800084af x19=0x00000000 PA:0x800084b9
        3195000	       318	80000760	00008917	auipc	x18,0x8	 x18=0x8000875c
        3205000	       319	80000764	78c90913	addi	x18,x18,1932	 x18:0x8000875c x18=0x80008ee8
        3215000	       320	80000768	4059dcb3	sra	x25,x19,x5	 x19:0x00000000  x5:0x14c00000 x25=0x00000000
        3225000	       321	8000076c	40cdd313	srai	x6,x27,0xc	 x27:0x800084af  x6=0xfff80008
        3235000	       322	80000770	d6a92e23	sw	x10,-644(x18)	 x18:0x80008ee8 x10:0x00000000 PA:0x80008c64
        3245000	       323	80000774	01f40893	addi	x17,x8,31	  x8:0x00000000 x17=0x0000001f
        3255000	       324	80000778	41bd5ab3	sra	x21,x26,x27	 x26:0x00000000 x27:0x800084af x21=0x00000000
        3265000	       325	8000077c	0885cd13	xori	x26,x11,136	 x11:0x00000000 x26=0x00000088
        3275000	       326	80000780	daf909a3	sb	x15,-589(x18)	 x18:0x80008ee8 x15:0x00000000 PA:0x80008c9b
        3285000	       327	80000784	d7094c83	lbu	x25,-656(x18)	 x18:0x80008ee8 x25=0x00000000 PA:0x80008c58
        3295000	       328	80000788	41dadd93	srai	x27,x21,0x1d	 x21:0x00000000 x27=0x00000000
        3305000	       329	8000078c	01cdd293	srli	x5,x27,0x1c	 x27:0x00000000  x5=0x00000000
        3315000	       330	80000790	00319eb3	sll	x29,x3,x3	  x3:0x00000000  x3:0x00000000 x29=0x00000000
        3325000	       331	80000794	0ea94803	lbu	x16,234(x18)	 x18:0x80008ee8 x16=0x00000000 PA:0x80008fd2
        3335000	       332	80000798	009aaab3	slt	x21,x21,x9	 x21:0x00000000  x9:0x00000000 x21=0x00000000
        3345000	       333	8000079c	ad094503	lbu	x10,-1328(x18)	 x18:0x80008ee8 x10=0x00000000 PA:0x800089b8
        3355000	       334	00000000	00000013	addi	x0,x0,0	  x0:0x00000000
        3365000	       335	800007a0	a0453fb7	lui	x31,0xa0453	 x31=0xa0453000
        3375000	       336	800007a4	dbf91623	sh	x31,-596(x18)	 x18:0x80008ee8 x31:0xa0453000 PA:0x80008c94
        3385000	       337	800007a8	05b90503	lb	x10,91(x18)	 x18:0x80008ee8 x10=0x00000000 PA:0x80008f43
        3395000	       338	800007ac	0102adb3	slt	x27,x5,x16	  x5:0x00000000 x16:0x00000000 x27=0x00000000
        3405000	       339	800007b0	be694e83	lbu	x29,-1050(x18)	 x18:0x80008ee8 x29=0x00000000 PA:0x80008ace
        3415000	       340	800007b4	6f110617	auipc	x12,0x6f110	 x12=0xef1107b0
        3425000	       341	800007b8	017f5133	srl	x2,x30,x23	 x30:0x33f2d3ee x23:0x80009f78  x2=0x00000033
        3435000	       342	800007bc	01da1313	slli	x6,x20,0x1d	 x20:0x00000000  x6=0x00000000
        3445000	       343	800007c0	41c85033	sra	x0,x16,x28	 x16:0x00000000 x28:0xffe00022
        3455000	       344	800007c4	006f24b3	slt	x9,x30,x6	 x30:0x33f2d3ee  x6:0x00000000  x9=0x00000000
        3465000	       345	800007c8	018379b3	and	x19,x6,x24	  x6:0x00000000 x24:0x80009fc4 x19=0x00000000
        3475000	       346	800007cc	d6d91a23	sh	x13,-652(x18)	 x18:0x80008ee8 x13:0x00000000 PA:0x80008c5c
        3485000	       347	800007d0	a0e94503	lbu	x10,-1522(x18)	 x18:0x80008ee8 x10=0x00000000 PA:0x800088f6
        3495000	       348	800007d4	e2291203	lh	x4,-478(x18)	 x18:0x80008ee8  x4=0x00000000 PA:0x80008d0a
        3505000	       349	800007d8	001f6e33	or	x28,x30,x1	 x30:0x33f2d3ee  x1:0x00000000 x28=0x33f2d3ee
        3515000	       350	800007dc	1ad3b517	auipc	x10,0x1ad3b	 x10=0x9ad3b7d8
        3525000	       351	800007e0	00cf43b3	xor	x7,x30,x12	 x30:0x33f2d3ee x12:0xef1107b0  x7=0xdce3d45e
        3535000	       352	800007e4	dc4db317	auipc	x6,0xdc4db	  x6=0x5c4db7e0
        3545000	       353	800007e8	000b99b3	sll	x19,x23,x0	 x23:0x80009f78  x0:0x00000000 x19=0x80009f78
        3555000	       354	800007ec	f3191a23	sh	x17,-204(x18)	 x18:0x80008ee8 x17:0x0000001f PA:0x80008e1c
        3565000	       355	800007f0	40d7d613	srai	x12,x15,0xd	 x15:0x00000000 x12=0x00000000
        3575000	       356	800007f4	7c2ff793	andi	x15,x31,1986	 x31:0xa0453000 x15=0x00000000
        3585000	       357	800007f8	48412193	slti	x3,x2,1156	  x2:0x00000033  x3=0x00000001
        3595000	       358	800007fc	40d88333	sub	x6,x17,x13	 x17:0x0000001f x13:0x00000000  x6=0x0000001f
        3605000	       359	80000800	07090ea3	sb	x16,125(x18)	 x18:0x80008ee8 x16:0x00000000 PA:0x80008f65
        3615000	       360	80000804	00008d97	auipc	x27,0x8	 x27=0x80008800
        3625000	       361	80000808	22ed8d93	addi	x27,x27,558	 x27:0x80008800 x27=0x80008a2e
        3635000	       362	8000080c	00008b17	auipc	x22,0x8	 x22=0x80008808
        3645000	       363	80000810	51bb0b13	addi	x22,x22,1307	 x22:0x80008808 x22=0x80008d23
        3655000	       364	80000814	001b5203	lhu	x4,1(x22)	 x22:0x80008d23  x4=0x00000000 PA:0x80008d24
        3665000	       365	80000818	00008997	auipc	x19,0x8	 x19=0x80008814
        3675000	       366	8000081c	0d598993	addi	x19,x19,213	 x19:0x80008814 x19=0x800088e9
        3685000	       367	80000820	00008c97	auipc	x25,0x8	 x25=0x8000881c
        3695000	       368	80000824	0edc8c93	addi	x25,x25,237	 x25:0x8000881c x25=0x80008909
        3705000	       369	80000828	ff2b0703	lb	x14,-14(x22)	 x22:0x80008d23 x14=0x00000000 PA:0x80008d15
        3715000	       370	8000082c	029d9e23	sh	x9,60(x27)	 x27:0x80008a2e  x9:0x00000000 PA:0x80008a6a
        3725000	       371	80000830	ffdb0c23	sb	x29,-8(x22)	 x22:0x80008d23 x29:0x00000000 PA:0x80008d1b
        3735000	       372	80000834	f21c8023	sb	x1,-224(x25)	 x25:0x80008909  x1:0x00000000 PA:0x80008829
        3745000	       373	80000838	fc898783	lb	x15,-56(x19)	 x19:0x800088e9 x15=0x00000000 PA:0x800088b1
        3755000	       374	8000083c	009b5083	lhu	x1,9(x22)	 x22:0x80008d23  x1=0x00000000 PA:0x80008d2c
        3765000	       375	80000840	03498903	lb	x18,52(x19)	 x19:0x800088e9 x18=0x00000000 PA:0x8000891d
        3775000	       376	80000844	ff9b09a3	sb	x25,-13(x22)	 x22:0x80008d23 x25:0x80008909 PA:0x80008d16
        3785000	       377	80000848	007d89a3	sb	x7,19(x27)	 x27:0x80008a2e  x7:0xdce3d45e PA:0x80008a41
        3795000	       378	8000084c	00ab07a3	sb	x10,15(x22)	 x22:0x80008d23 x10:0x9ad3b7d8 PA:0x80008d32
        3805000	       379	80000850	011d8e03	lb	x28,17(x27)	 x27:0x80008a2e x28=0x00000000 PA:0x80008a3f
        3815000	       380	80000854	03a98183	lb	x3,58(x19)	 x19:0x800088e9  x3=0x00000000 PA:0x80008923
        3825000	       381	80000858	ff0b4803	lbu	x16,-16(x22)	 x22:0x80008d23 x16=0x00000000 PA:0x80008d13
        3835000	       382	8000085c	f9bca483	lw	x9,-101(x25)	 x25:0x80008909  x9=0x00000000 PA:0x800088a4
        3845000	       383	80000860	00bdc783	lbu	x15,11(x27)	 x27:0x80008a2e x15=0x00000000 PA:0x80008a39
        3855000	       384	80000864	031d8803	lb	x16,49(x27)	 x27:0x80008a2e x16=0x00000000 PA:0x80008a5f
        3865000	       385	80000868	fecdd183	lhu	x3,-20(x27)	 x27:0x80008a2e  x3=0x00000000 PA:0x80008a1a
        3875000	       386	8000086c	fa0cc683	lbu	x13,-96(x25)	 x25:0x80008909 x13=0x00000000 PA:0x800088a9
        3885000	       387	80000870	03098803	lb	x16,48(x19)	 x19:0x800088e9 x16=0x00000000 PA:0x80008919
        3895000	       388	80000874	ff2c8f23	sb	x18,-2(x25)	 x25:0x80008909 x18:0x00000000 PA:0x80008907
        3905000	       389	80000878	009b1f03	lh	x30,9(x22)	 x22:0x80008d23 x30=0x00000000 PA:0x80008d2c
        3915000	       390	8000087c	01398603	lb	x12,19(x19)	 x19:0x800088e9 x12=0x00000000 PA:0x800088fc
        3925000	       391	80000880	fc29c503	lbu	x10,-62(x19)	 x19:0x800088e9 x10=0x00000000 PA:0x800088ab
        3935000	       392	80000884	00bb11a3	sh	x11,3(x22)	 x22:0x80008d23 x11:0x00000000 PA:0x80008d26
        3945000	       393	80000888	fa4ca5a3	sw	x4,-85(x25)	 x25:0x80008909  x4:0x00000000 PA:0x800088b4
        3955000	       394	8000088c	0e5c8ca3	sb	x5,249(x25)	 x25:0x80008909  x5:0x00000000 PA:0x80008a02
        3965000	       395	80000890	fcec9da3	sh	x14,-37(x25)	 x25:0x80008909 x14:0x00000000 PA:0x800088e4
        3975000	       396	80000894	077c9e03	lh	x28,119(x25)	 x25:0x80008909 x28=0x00000000 PA:0x80008980
        3985000	       397	80000898	02999703	lh	x14,41(x19)	 x19:0x800088e9 x14=0x00000000 PA:0x80008912
        3995000	       398	8000089c	00008997	auipc	x19,0x8	 x19=0x80008898
        4005000	       399	800008a0	ac698993	addi	x19,x19,-1338	 x19:0x80008898 x19=0x8000835e
        4015000	       400	800008a4	00650b33	add	x22,x10,x6	 x10:0x00000000  x6:0x0000001f x22=0x0000001f
        4025000	       401	800008a8	41cb56b3	sra	x13,x22,x28	 x22:0x0000001f x28:0x00000000 x13=0x0000001f
        4035000	       402	800008ac	f4016d13	ori	x26,x2,-192	  x2:0x00000033 x26=0xffffff73
        4045000	       403	800008b0	02c9c203	lbu	x4,44(x19)	 x19:0x8000835e  x4=0x00000000 PA:0x8000838a
        4055000	       404	800008b4	fca98ea3	sb	x10,-35(x19)	 x19:0x8000835e x10:0x00000000 PA:0x8000833b
        4065000	       405	800008b8	4cb4c193	xori	x3,x9,1227	  x9:0x00000000  x3=0x000004cb
        4075000	       406	800008bc	f7099903	lh	x18,-144(x19)	 x19:0x8000835e x18=0x00000000 PA:0x800082ce
        4085000	       407	800008c0	fb3984a3	sb	x19,-87(x19)	 x19:0x8000835e x19:0x8000835e PA:0x80008307
        4095000	       408	800008c4	00d21fb3	sll	x31,x4,x13	  x4:0x00000000 x13:0x0000001f x31=0x00000000
        4105000	       409	800008c8	00a085b3	add	x11,x1,x10	  x1:0x00000000 x10:0x00000000 x11=0x00000000
        4115000	       410	800008cc	38330513	addi	x10,x6,899	  x6:0x0000001f x10=0x000003a2
        4125000	       411	800008d0	f949d883	lhu	x17,-108(x19)	 x19:0x8000835e x17=0x00000000 PA:0x800082f2
        4135000	       412	800008d4	fe798703	lb	x14,-25(x19)	 x19:0x8000835e x14=0x00000000 PA:0x80008345
        4145000	       413	800008d8	0d198303	lb	x6,209(x19)	 x19:0x8000835e  x6=0x00000000 PA:0x8000842f
        4155000	       414	800008dc	f3298383	lb	x7,-206(x19)	 x19:0x8000835e  x7=0x00000000 PA:0x80008290
        4165000	       415	800008e0	f589dd83	lhu	x27,-168(x19)	 x19:0x8000835e x27=0x00000000 PA:0x800082b6
        4175000	       416	800008e4	f149d383	lhu	x7,-236(x19)	 x19:0x8000835e  x7=0x00000000 PA:0x80008272
        4185000	       417	800008e8	f429c283	lbu	x5,-190(x19)	 x19:0x8000835e  x5=0x00000000 PA:0x800082a0
        4195000	       418	800008ec	0479cf03	lbu	x30,71(x19)	 x19:0x8000835e x30=0x00000000 PA:0x800083a5
        4205000	       419	800008f0	00145633	srl	x12,x8,x1	  x8:0x00000000  x1:0x00000000 x12=0x00000000
        4215000	       420	800008f4	002a2db3	slt	x27,x20,x2	 x20:0x00000000  x2:0x00000033 x27=0x00000001
        4225000	       421	800008f8	85f56793	ori	x15,x10,-1953	 x10:0x000003a2 x15=0xfffffbff
        4235000	       422	800008fc	40880733	sub	x14,x16,x8	 x16:0x00000000  x8:0x00000000 x14=0x00000000
        4245000	       423	80000900	fe29d903	lhu	x18,-30(x19)	 x19:0x8000835e x18=0x00000000 PA:0x80008340
        4255000	       424	80000904	0bd98383	lb	x7,189(x19)	 x19:0x8000835e  x7=0x00000000 PA:0x8000841b
        4265000	       425	80000908	00e024b3	slt	x9,x0,x14	  x0:0x00000000 x14:0x00000000  x9=0x00000000
        4275000	       426	8000090c	08598103	lb	x2,133(x19)	 x19:0x8000835e  x2=0x00000000 PA:0x800083e3
        4285000	       427	80000910	f6998183	lb	x3,-151(x19)	 x19:0x8000835e  x3=0x00000000 PA:0x800082c7
        4295000	       428	80000914	0d098f83	lb	x31,208(x19)	 x19:0x8000835e x31=0x00000000 PA:0x8000842e
        4305000	       429	80000918	f1299503	lh	x10,-238(x19)	 x19:0x8000835e x10=0x00000000 PA:0x80008270
        4315000	       430	8000091c	005c5333	srl	x6,x24,x5	 x24:0x80009fc4  x5:0x00000000  x6=0x80009fc4
        4325000	       431	80000920	f2d98e03	lb	x28,-211(x19)	 x19:0x8000835e x28=0x00000000 PA:0x8000828b
        4335000	       432	80000924	41770533	sub	x10,x14,x23	 x14:0x00000000 x23:0x80009f78 x10=0x7fff6088
        4345000	       433	80000928	0159c703	lbu	x14,21(x19)	 x19:0x8000835e x14=0x00000000 PA:0x80008373
        4355000	       434	8000092c	02098683	lb	x13,32(x19)	 x19:0x8000835e x13=0x00000000 PA:0x8000837e
        4365000	       435	80000930	f9498fa3	sb	x20,-97(x19)	 x19:0x8000835e x20:0x00000000 PA:0x800082fd
        4375000	       436	80000934	02699423	sh	x6,40(x19)	 x19:0x8000835e  x6:0x80009fc4 PA:0x80008386
        4385000	       437	80000938	f0a9ab23	sw	x10,-234(x19)	 x19:0x8000835e x10:0x7fff6088 PA:0x80008274
        4395000	       438	8000093c	0fc9a123	sw	x28,226(x19)	 x19:0x8000835e x28:0x00000000 PA:0x80008440
        4405000	       439	80000940	f789c683	lbu	x13,-136(x19)	 x19:0x8000835e x13=0x00000000 PA:0x800082d6
        4415000	       440	80000944	014df6b3	and	x13,x27,x20	 x27:0x00000001 x20:0x00000000 x13=0x00000000
        4425000	       441	80000948	0a59ca83	lbu	x21,165(x19)	 x19:0x8000835e x21=0x00000000 PA:0x80008403
        4435000	       442	8000094c	00008117	auipc	x2,0x8	  x2=0x80008948
        4445000	       443	80000950	b6d10113	addi	x2,x2,-1171	  x2:0x80008948  x2=0x800084b5
        4455000	       444	80000954	f3515883	lhu	x17,-203(x2)	  x2:0x800084b5 x17=0x00000000 PA:0x800083ea
        4465000	       445	00000000	00000013	addi	x0,x0,0	  x0:0x00000000
        4475000	       446	80000958	f1110823	sb	x17,-240(x2)	  x2:0x800084b5 x17:0x00000000 PA:0x800083c5
        4485000	       447	8000095c	3f784993	xori	x19,x16,1015	 x16:0x00000000 x19=0x000003f7
        4495000	       448	80000960	f1010683	lb	x13,-240(x2)	  x2:0x800084b5 x13=0x00000000 PA:0x800083c5
        4505000	       449	80000964	414309b3	sub	x19,x6,x20	  x6:0x80009fc4 x20:0x00000000 x19=0x80009fc4
        4515000	       450	80000968	f1014683	lbu	x13,-240(x2)	  x2:0x800084b5 x13=0x00000000 PA:0x800083c5
        4525000	       451	8000096c	f1110423	sb	x17,-248(x2)	  x2:0x800084b5 x17:0x00000000 PA:0x800083bd
        4535000	       452	80000970	f0814183	lbu	x3,-248(x2)	  x2:0x800084b5  x3=0x00000000 PA:0x800083bd
        4545000	       453	80000974	f0810003	lb	x0,-248(x2)	  x2:0x800084b5 PA:0x800083bd
        4555000	       454	80000978	08e0a413	slti	x8,x1,142	  x1:0x00000000  x8=0x00000001
        4565000	       455	8000097c	f0610423	sb	x6,-248(x2)	  x2:0x800084b5  x6:0x80009fc4 PA:0x800083bd
        4575000	       456	80000980	f0c10423	sb	x12,-248(x2)	  x2:0x800084b5 x12:0x00000000 PA:0x800083bd
        4585000	       457	80000984	06384413	xori	x8,x16,99	 x16:0x00000000  x8=0x00000063
        4595000	       458	80000988	0ef10a23	sb	x15,244(x2)	  x2:0x800084b5 x15:0xfffffbff PA:0x800085a9
        4605000	       459	8000098c	fcd14303	lbu	x6,-51(x2)	  x2:0x800084b5  x6=0x00000000 PA:0x80008482
        4615000	       460	80000990	fd5116a3	sh	x21,-51(x2)	  x2:0x800084b5 x21:0x00000000 PA:0x80008482
        4625000	       461	80000994	40168633	sub	x12,x13,x1	 x13:0x00000000  x1:0x00000000 x12=0x00000000
        4635000	       462	80000998	fcd14303	lbu	x6,-51(x2)	  x2:0x800084b5  x6=0x00000000 PA:0x80008482
        4645000	       463	8000099c	fcd15283	lhu	x5,-51(x2)	  x2:0x800084b5  x5=0x00000000 PA:0x80008482
        4655000	       464	800009a0	fc8106a3	sb	x8,-51(x2)	  x2:0x800084b5  x8:0x00000063 PA:0x80008482
        4665000	       465	800009a4	00008997	auipc	x19,0x8	 x19=0x800089a0
        4675000	       466	800009a8	52798993	addi	x19,x19,1319	 x19:0x800089a0 x19=0x80008ec7
        4685000	       467	800009ac	00008797	auipc	x15,0x8	 x15=0x800089a8
        4695000	       468	800009b0	3ee78793	addi	x15,x15,1006	 x15:0x800089a8 x15=0x80008d96
        4705000	       469	800009b4	00f9c103	lbu	x2,15(x19)	 x19:0x80008ec7  x2=0x00000000 PA:0x80008ed6
        4715000	       470	800009b8	ff49c503	lbu	x10,-12(x19)	 x19:0x80008ec7 x10=0x00000000 PA:0x80008ebb
        4725000	       471	800009bc	bac78023	sb	x12,-1120(x15)	 x15:0x80008d96 x12:0x00000000 PA:0x80008936
        4735000	       472	800009c0	ffa98403	lb	x8,-6(x19)	 x19:0x80008ec7  x8=0x00000000 PA:0x80008ec1
        4745000	       473	800009c4	ff398b23	sb	x19,-10(x19)	 x19:0x80008ec7 x19:0x80008ec7 PA:0x80008ebd
        4755000	       474	800009c8	de378e83	lb	x29,-541(x15)	 x15:0x80008d96 x29=0x00000000 PA:0x80008b79
        4765000	       475	800009cc	1d578f83	lb	x31,469(x15)	 x15:0x80008d96 x31=0x00000000 PA:0x80008f6b
        4775000	       476	800009d0	00a98b03	lb	x22,10(x19)	 x19:0x80008ec7 x22=0x00000000 PA:0x80008ed1
        4785000	       477	800009d4	00c98423	sb	x12,8(x19)	 x19:0x80008ec7 x12:0x00000000 PA:0x80008ecf
        4795000	       478	800009d8	ff898f23	sb	x24,-2(x19)	 x19:0x80008ec7 x24:0x80009fc4 PA:0x80008ec5
        4805000	       479	800009dc	e0b7a123	sw	x11,-510(x15)	 x15:0x80008d96 x11:0x00000000 PA:0x80008b98
        4815000	       480	800009e0	ff29c283	lbu	x5,-14(x19)	 x19:0x80008ec7  x5=0x00000000 PA:0x80008eb9
        4825000	       481	800009e4	00f9dc83	lhu	x25,15(x19)	 x19:0x80008ec7 x25=0x00000000 PA:0x80008ed6
        4835000	       482	800009e8	b4378323	sb	x3,-1210(x15)	 x15:0x80008d96  x3:0x00000000 PA:0x800088dc
        4845000	       483	800009ec	00098483	lb	x9,0(x19)	 x19:0x80008ec7  x9=0x00000000 PA:0x80008ec7
        4855000	       484	800009f0	d5b78e03	lb	x28,-677(x15)	 x15:0x80008d96 x28=0x00000000 PA:0x80008af1
        4865000	       485	800009f4	0dd78da3	sb	x29,219(x15)	 x15:0x80008d96 x29:0x00000000 PA:0x80008e71
        4875000	       486	800009f8	b3279223	sh	x18,-1244(x15)	 x15:0x80008d96 x18:0x00000000 PA:0x800088ba
        4885000	       487	800009fc	00008e97	auipc	x29,0x8	 x29=0x800089f8
        4895000	       488	80000a00	e7ee8e93	addi	x29,x29,-386	 x29:0x800089f8 x29=0x80008876
        4905000	       489	80000a04	00008f97	auipc	x31,0x8	 x31=0x80008a00
        4915000	       490	80000a08	32af8f93	addi	x31,x31,810	 x31:0x80008a00 x31=0x80008d2a
        4925000	       491	80000a0c	00008617	auipc	x12,0x8	 x12=0x80008a08
        4935000	       492	80000a10	fa560613	addi	x12,x12,-91	 x12:0x80008a08 x12=0x800089ad
        4945000	       493	80000a14	00008097	auipc	x1,0x8	  x1=0x80008a10
        4955000	       494	80000a18	eb108093	addi	x1,x1,-335	  x1:0x80008a10  x1=0x800088c1
        4965000	       495	80000a1c	02fe83a3	sb	x15,39(x29)	 x29:0x80008876 x15:0x80008d96 PA:0x8000889d
        4975000	       496	80000a20	ffafca83	lbu	x21,-6(x31)	 x31:0x80008d2a x21=0x00000000 PA:0x80008d24
        4985000	       497	80000a24	fff08da3	sb	x31,-5(x1)	  x1:0x800088c1 x31:0x80008d2a PA:0x800088bc
        4995000	       498	80000a28	fdd09503	lh	x10,-35(x1)	  x1:0x800088c1 x10=0x00000000 PA:0x8000889e
        5005000	       499	80000a2c	00008497	auipc	x9,0x8	  x9=0x80008a28
        5015000	       500	80000a30	2fe48493	addi	x9,x9,766	  x9:0x80008a28  x9=0x80008d26
        5025000	       501	80000a34	fca60183	lb	x3,-54(x12)	 x12:0x800089ad  x3=0x00000000 PA:0x80008977
        5035000	       502	80000a38	01a08323	sb	x26,6(x1)	  x1:0x800088c1 x26:0xffffff73 PA:0x800088c7
        5045000	       503	80000a3c	0170ca83	lbu	x21,23(x1)	  x1:0x800088c1 x21=0x00000000 PA:0x800088d8
        5055000	       504	80000a40	fc8ed983	lhu	x19,-56(x29)	 x29:0x80008876 x19=0x00000000 PA:0x8000883e
        5065000	       505	80000a44	008fc703	lbu	x14,8(x31)	 x31:0x80008d2a x14=0x000000d8 PA:0x80008d32
        5075000	       506	80000a48	0e74c683	lbu	x13,231(x9)	  x9:0x80008d26 x13=0x00000000 PA:0x80008e0d
        5085000	       507	80000a4c	01c60583	lb	x11,28(x12)	 x12:0x800089ad x11=0x00000000 PA:0x800089c9
        5095000	       508	80000a50	02408803	lb	x16,36(x1)	  x1:0x800088c1 x16=0x00000000 PA:0x800088e5
        5105000	       509	80000a54	fef08ea3	sb	x15,-3(x1)	  x1:0x800088c1 x15:0x80008d96 PA:0x800088be
        5115000	       510	80000a58	0d44d803	lhu	x16,212(x9)	  x9:0x80008d26 x16=0x00000000 PA:0x80008dfa
        5125000	       511	80000a5c	fdb61183	lh	x3,-37(x12)	 x12:0x800089ad  x3=0x00000000 PA:0x80008988
        5135000	       512	80000a60	fd165583	lhu	x11,-47(x12)	 x12:0x800089ad x11=0x00000000 PA:0x8000897e
        5145000	       513	80000a64	ff8e89a3	sb	x24,-13(x29)	 x29:0x80008876 x24:0x80009fc4 PA:0x80008869
        5155000	       514	80000a68	ff4fcd83	lbu	x27,-12(x31)	 x31:0x80008d2a x27=0x00000000 PA:0x80008d1e
        5165000	       515	80000a6c	00f09003	lh	x0,15(x1)	  x1:0x800088c1 PA:0x800088d0
        5175000	       516	80000a70	fc7e8523	sb	x7,-54(x29)	 x29:0x80008876  x7:0x00000000 PA:0x80008840
        5185000	       517	80000a74	00dfc203	lbu	x4,13(x31)	 x31:0x80008d2a  x4=0x00000000 PA:0x80008d37
        5195000	       518	80000a78	fe7e9123	sh	x7,-30(x29)	 x29:0x80008876  x7:0x00000000 PA:0x80008858
        5205000	       519	80000a7c	05d48ea3	sb	x29,93(x9)	  x9:0x80008d26 x29:0x80008876 PA:0x80008d83
        5215000	       520	80000a80	0cf4cf03	lbu	x30,207(x9)	  x9:0x80008d26 x30=0x00000000 PA:0x80008df5
        5225000	       521	80000a84	00b0c683	lbu	x13,11(x1)	  x1:0x800088c1 x13=0x00000000 PA:0x800088cc
        5235000	       522	80000a88	03760323	sb	x23,38(x12)	 x12:0x800089ad x23:0x80009f78 PA:0x800089d3
        5245000	       523	80000a8c	007fc583	lbu	x11,7(x31)	 x31:0x80008d2a x11=0x00000000 PA:0x80008d31
        5255000	       524	80000a90	fe7ec983	lbu	x19,-25(x29)	 x29:0x80008876 x19=0x00000000 PA:0x8000885d
        5265000	       525	80000a94	ffcfcf03	lbu	x30,-4(x31)	 x31:0x80008d2a x30=0x00000000 PA:0x80008d26
        5275000	       526	80000a98	01af8323	sb	x26,6(x31)	 x31:0x80008d2a x26:0xffffff73 PA:0x80008d30
        5285000	       527	80000a9c	fdf09983	lh	x19,-33(x1)	  x1:0x800088c1 x19=0x00000000 PA:0x800088a0
        5295000	       528	80000aa0	fc8623a3	sw	x8,-57(x12)	 x12:0x800089ad  x8:0x00000000 PA:0x80008974
        5305000	       529	80000aa4	0104c803	lbu	x16,16(x9)	  x9:0x80008d26 x16=0x00000000 PA:0x80008d36
        5315000	       530	80000aa8	0ab4cd03	lbu	x26,171(x9)	  x9:0x80008d26 x26=0x00000000 PA:0x80008dd1
        5325000	       531	80000aac	fdc49523	sh	x28,-54(x9)	  x9:0x80008d26 x28:0x00000000 PA:0x80008cf0
        5335000	       532	80000ab0	00008117	auipc	x2,0x8	  x2=0x80008aac
        5345000	       533	80000ab4	3b910113	addi	x2,x2,953	  x2:0x80008aac  x2=0x80008e65
        5355000	       534	80000ab8	007659b3	srl	x19,x12,x7	 x12:0x800089ad  x7:0x00000000 x19=0x800089ad
        5365000	       535	80000abc	cd768513	addi	x10,x13,-809	 x13:0x00000000 x10=0xfffffcd7
        5375000	       536	80000ac0	014bcdb3	xor	x27,x23,x20	 x23:0x80009f78 x20:0x00000000 x27=0x80009f78
        5385000	       537	80000ac4	007b1cb3	sll	x25,x22,x7	 x22:0x00000000  x7:0x00000000 x25=0x00000000
        5395000	       538	80000ac8	4f1ce3b7	lui	x7,0x4f1ce	  x7=0x4f1ce000
        5405000	       539	80000acc	fec129a3	sw	x12,-13(x2)	  x2:0x80008e65 x12:0x800089ad PA:0x80008e58
        5415000	       540	80000ad0	40f651b3	sra	x3,x12,x15	 x12:0x800089ad x15:0x80008d96  x3=0xfffffe00
        5425000	       541	80000ad4	00d11283	lh	x5,13(x2)	  x2:0x80008e65  x5=0x00000000 PA:0x80008e72
        5435000	       542	80000ad8	00000013	addi	x0,x0,0	  x0:0x00000000
        5445000	       543	80000adc	00000013	addi	x0,x0,0	  x0:0x00000000
        5455000	       544	80000ae0	011123a3	sw	x17,7(x2)	  x2:0x80008e65 x17:0x00000000 PA:0x80008e6c
        5465000	       545	80000ae4	fff15203	lhu	x4,-1(x2)	  x2:0x80008e65  x4=0x00000000 PA:0x80008e64
        5475000	       546	80000ae8	25630e13	addi	x28,x6,598	  x6:0x00000000 x28=0x00000256
        5485000	       547	80000aec	ff714183	lbu	x3,-9(x2)	  x2:0x80008e65  x3=0x00000000 PA:0x80008e5c
        5495000	       548	80000af0	ff214703	lbu	x14,-14(x2)	  x2:0x80008e65 x14=0x00000000 PA:0x80008e57
        5505000	       549	80000af4	01b599b3	sll	x19,x11,x27	 x11:0x00000000 x27:0x80009f78 x19=0x00000000
        5515000	       550	80000af8	01229e13	slli	x28,x5,0x12	  x5:0x00000000 x28=0x00000000
        5525000	       551	80000afc	003117a3	sh	x3,15(x2)	  x2:0x80008e65  x3:0x00000000 PA:0x80008e74
        5535000	       552	80000b00	ff210203	lb	x4,-14(x2)	  x2:0x80008e65  x4=0x00000000 PA:0x80008e57
        5545000	       553	80000b04	40565993	srai	x19,x12,0x5	 x12:0x800089ad x19=0xfc00044d
        5555000	       554	80000b08	828c6693	ori	x13,x24,-2008	 x24:0x80009fc4 x13=0xffffffec
        5565000	       555	80000b0c	00a14f83	lbu	x31,10(x2)	  x2:0x80008e65 x31=0x00000000 PA:0x80008e6f
        5575000	       556	80000b10	00810483	lb	x9,8(x2)	  x2:0x80008e65  x9=0x00000000 PA:0x80008e6d
        5585000	       557	80000b14	01410023	sb	x20,0(x2)	  x2:0x80008e65 x20:0x00000000 PA:0x80008e65
        5595000	       558	80000b18	ffd15483	lhu	x9,-3(x2)	  x2:0x80008e65  x9=0x00000000 PA:0x80008e62
        5605000	       559	80000b1c	78aa4997	auipc	x19,0x78aa4	 x19=0xf8aa4b18
        5615000	       560	80000b20	00d10303	lb	x6,13(x2)	  x2:0x80008e65  x6=0x00000000 PA:0x80008e72
        5625000	       561	80000b24	00378733	add	x14,x15,x3	 x15:0x80008d96  x3:0x00000000 x14=0x80008d96
        5635000	       562	80000b28	ff211da3	sh	x18,-5(x2)	  x2:0x80008e65 x18:0x00000000 PA:0x80008e60
        5645000	       563	80000b2c	410a55b3	sra	x11,x20,x16	 x20:0x00000000 x16:0x00000000 x11=0x00000000
        5655000	       564	80000b30	00c107a3	sb	x12,15(x2)	  x2:0x80008e65 x12:0x800089ad PA:0x80008e74
        5665000	       565	80000b34	ffb10aa3	sb	x27,-11(x2)	  x2:0x80008e65 x27:0x80009f78 PA:0x80008e5a
        5675000	       566	80000b38	00010303	lb	x6,0(x2)	  x2:0x80008e65  x6=0x00000000 PA:0x80008e65
        5685000	       567	80000b3c	00a10683	lb	x13,10(x2)	  x2:0x80008e65 x13=0x00000000 PA:0x80008e6f
        5695000	       568	80000b40	7bfe3e13	sltiu	x28,x28,1983	 x28:0x00000000 x28=0x00000001
        5705000	       569	80000b44	00a125a3	sw	x10,11(x2)	  x2:0x80008e65 x10:0xfffffcd7 PA:0x80008e70
        5715000	       570	80000b48	00649d13	slli	x26,x9,0x6	  x9:0x00000000 x26=0x00000000
        5725000	       571	80000b4c	ff514803	lbu	x16,-11(x2)	  x2:0x80008e65 x16=0x00000078 PA:0x80008e5a
        5735000	       572	00000000	00000013	addi	x0,x0,0	  x0:0x00000000
        5745000	       573	80000b50	2304e793	ori	x15,x9,560	  x9:0x00000000 x15=0x00000230
        5755000	       574	80000b54	00a10983	lb	x19,10(x2)	  x2:0x80008e65 x19=0x00000000 PA:0x80008e6f
        5765000	       575	80000b58	00014203	lbu	x4,0(x2)	  x2:0x80008e65  x4=0x00000000 PA:0x80008e65
        5775000	       576	80000b5c	0189dd33	srl	x26,x19,x24	 x19:0x00000000 x24:0x80009fc4 x26=0x00000000
        5785000	       577	80000b60	01215613	srli	x12,x2,0x12	  x2:0x80008e65 x12=0x00002000
        5795000	       578	80000b64	2d17a193	slti	x3,x15,721	 x15:0x00000230  x3=0x00000001
        5805000	       579	80000b68	00f12483	lw	x9,15(x2)	  x2:0x80008e65  x9=0x000000ad PA:0x80008e74
        5815000	       580	80000b6c	fff10783	lb	x15,-1(x2)	  x2:0x80008e65 x15=0x00000000 PA:0x80008e64
        5825000	       581	80000b70	9c5bcd93	xori	x27,x23,-1595	 x23:0x80009f78 x27=0x7fff66bd
        5835000	       582	80000b74	00599a93	slli	x21,x19,0x5	 x19:0x00000000 x21=0x00000000
        5845000	       583	80000b78	fed10a23	sb	x13,-12(x2)	  x2:0x80008e65 x13:0x00000000 PA:0x80008e59
        5855000	       584	80000b7c	00e10d83	lb	x27,14(x2)	  x2:0x80008e65 x27=0xffffffff PA:0x80008e73
        5865000	       585	80000b80	00974f33	xor	x30,x14,x9	 x14:0x80008d96  x9:0x000000ad x30=0x80008d3b
        5875000	       586	80000b84	ff711803	lh	x16,-9(x2)	  x2:0x80008e65 x16=0x00000000 PA:0x80008e5c
        5885000	       587	80000b88	013c1613	slli	x12,x24,0x13	 x24:0x80009fc4 x12=0xfe200000
        5895000	       588	80000b8c	01aa31b3	sltu	x3,x20,x26	 x20:0x00000000 x26:0x00000000  x3=0x00000000
        5905000	       589	80000b90	461efb13	andi	x22,x29,1121	 x29:0x80008876 x22=0x00000060
        5915000	       590	80000b94	ffc10003	lb	x0,-4(x2)	  x2:0x80008e65 PA:0x80008e61
        5925000	       591	80000b98	ff210283	lb	x5,-14(x2)	  x2:0x80008e65  x5=0x00000000 PA:0x80008e57
        5935000	       592	80000b9c	015dd893	srli	x17,x27,0x15	 x27:0xffffffff x17=0x000007ff
        5945000	       593	80000ba0	308fef93	ori	x31,x31,776	 x31:0x00000000 x31=0x00000308
        5955000	       594	80000ba4	01969293	slli	x5,x13,0x19	 x13:0x00000000  x5=0x00000000
        5965000	       595	80000ba8	25e09f37	lui	x30,0x25e09	 x30=0x25e09000
        5975000	       596	80000bac	169c6e37	lui	x28,0x169c6	 x28=0x169c6000
        5985000	       597	80000bb0	00403933	sltu	x18,x0,x4	  x0:0x00000000  x4:0x00000000 x18=0x00000000
        5995000	       598	80000bb4	00d1beb3	sltu	x29,x3,x13	  x3:0x00000000 x13:0x00000000 x29=0x00000000
        6005000	       599	80000bb8	00d1d9b3	srl	x19,x3,x13	  x3:0x00000000 x13:0x00000000 x19=0x00000000
        6015000	       600	80000bbc	0378b893	sltiu	x17,x17,55	 x17:0x000007ff x17=0x00000000
        6025000	       601	80000bc0	00f5c933	xor	x18,x11,x15	 x11:0x00000000 x15:0x00000000 x18=0x00000000
        6035000	       602	80000bc4	0152e5b3	or	x11,x5,x21	  x5:0x00000000 x21:0x00000000 x11=0x00000000
        6045000	       603	80000bc8	b066c013	xori	x0,x13,-1274	 x13:0x00000000
        6055000	       604	80000bcc	f788e493	ori	x9,x17,-136	 x17:0x00000000  x9=0xffffff78
        6065000	       605	80000bd0	87ecd217	auipc	x4,0x87ecd	  x4=0x07ecdbcc
        6075000	       606	80000bd4	f1472e93	slti	x29,x14,-236	 x14:0x80008d96 x29=0x00000001
        6085000	       607	80000bd8	01ef2db3	slt	x27,x30,x30	 x30:0x25e09000 x30:0x25e09000 x27=0x00000000
        6095000	       608	80000bdc	045e1263	bne	x28,x5,80000c20	 x28:0x169c6000  x5:0x00000000
        6105000	       609	00000000	00000013	addi	x0,x0,0	  x0:0x00000000
        6115000	       610	80000c1c	00000013	addi	x0,x0,0	  x0:0x00000000
        6125000	       611	80000c20	03887263	bgeu	x16,x24,80000c44	 x16:0x00000000 x24:0x80009fc4
        6135000	       612	80000c24	63732f13	slti	x30,x6,1591	  x6:0x00000000 x30=0x00000001
        6145000	       613	80000c28	008d6eb3	or	x29,x26,x8	 x26:0x00000000  x8:0x00000000 x29=0x00000000
        6155000	       614	80000c2c	40a683b3	sub	x7,x13,x10	 x13:0x00000000 x10:0xfffffcd7  x7=0x00000329
        6165000	       615	80000c30	01aed263	bge	x29,x26,80000c34	 x29:0x00000000 x26:0x00000000
        6175000	       616	00000000	00000013	addi	x0,x0,0	  x0:0x00000000
        6185000	       617	80000c30	00000013	addi	x0,x0,0	  x0:0x00000000
        6195000	       618	80000c34	05de3b13	sltiu	x22,x28,93	 x28:0x169c6000 x22=0x00000000
        6205000	       619	80000c38	fc15ef93	ori	x31,x11,-63	 x11:0x00000000 x31=0xffffffc1
        6215000	       620	80000c3c	a63147b7	lui	x15,0xa6314	 x15=0xa6314000
        6225000	       621	80000c40	401d5813	srai	x16,x26,0x1	 x26:0x00000000 x16=0x00000000
        6235000	       622	80000c44	01b87fb3	and	x31,x16,x27	 x16:0x00000000 x27:0x00000000 x31=0x00000000
        6245000	       623	80000c48	01761933	sll	x18,x12,x23	 x12:0xfe200000 x23:0x80009f78 x18=0x00000000
        6255000	       624	80000c4c	3ee87313	andi	x6,x16,1006	 x16:0x00000000  x6=0x00000000
        6265000	       625	80000c50	00007317	auipc	x6,0x7	  x6=0x80007c4c
        6275000	       626	80000c54	43d30313	addi	x6,x6,1085	  x6:0x80007c4c  x6=0x80008089
        6285000	       627	80000c58	00c30b03	lb	x22,12(x6)	  x6:0x80008089 x22=0x00000000 PA:0x80008095
        6295000	       628	80000c5c	00c30623	sb	x12,12(x6)	  x6:0x80008089 x12:0xfe200000 PA:0x80008095
        6305000	       629	80000c60	00830623	sb	x8,12(x6)	  x6:0x80008089  x8:0x00000000 PA:0x80008095
        6315000	       630	80000c64	00c34b03	lbu	x22,12(x6)	  x6:0x80008089 x22=0x00000000 PA:0x80008095
        6325000	       631	80000c68	00c34403	lbu	x8,12(x6)	  x6:0x80008089  x8=0x00000000 PA:0x80008095
        6335000	       632	80000c6c	00530623	sb	x5,12(x6)	  x6:0x80008089  x5:0x00000000 PA:0x80008095
        6345000	       633	80000c70	00c30e03	lb	x28,12(x6)	  x6:0x80008089 x28=0x00000000 PA:0x80008095
        6355000	       634	80000c74	00530623	sb	x5,12(x6)	  x6:0x80008089  x5:0x00000000 PA:0x80008095
        6365000	       635	80000c78	00c30983	lb	x19,12(x6)	  x6:0x80008089 x19=0x00000000 PA:0x80008095
        6375000	       636	80000c7c	418852b3	sra	x5,x16,x24	 x16:0x00000000 x24:0x80009fc4  x5=0x00000000
        6385000	       637	80000c80	002cfab3	and	x21,x25,x2	 x25:0x00000000  x2:0x80008e65 x21=0x00000000
        6395000	       638	80000c84	00e30623	sb	x14,12(x6)	  x6:0x80008089 x14:0x80008d96 PA:0x80008095
        6405000	       639	80000c88	00c34f03	lbu	x30,12(x6)	  x6:0x80008089 x30=0x00000096 PA:0x80008095
        6415000	       640	80000c8c	00c30103	lb	x2,12(x6)	  x6:0x80008089  x2=0xffffff96 PA:0x80008095
        6425000	       641	80000c90	00c34083	lbu	x1,12(x6)	  x6:0x80008089  x1=0x00000096 PA:0x80008095
        6435000	       642	80000c94	00c34483	lbu	x9,12(x6)	  x6:0x80008089  x9=0x00000096 PA:0x80008095
        6445000	       643	80000c98	00c34203	lbu	x4,12(x6)	  x6:0x80008089  x4=0x00000096 PA:0x80008095
        6455000	       644	80000c9c	00330623	sb	x3,12(x6)	  x6:0x80008089  x3:0x00000000 PA:0x80008095
        6465000	       645	80000ca0	01f30623	sb	x31,12(x6)	  x6:0x80008089 x31:0x00000000 PA:0x80008095
        6475000	       646	80000ca4	01b30623	sb	x27,12(x6)	  x6:0x80008089 x27:0x00000000 PA:0x80008095
        6485000	       647	80000ca8	00c34803	lbu	x16,12(x6)	  x6:0x80008089 x16=0x00000000 PA:0x80008095
        6495000	       648	80000cac	00c30183	lb	x3,12(x6)	  x6:0x80008089  x3=0x00000000 PA:0x80008095
        6505000	       649	80000cb0	64e7d097	auipc	x1,0x64e7d	  x1=0xe4e7dcac
        6515000	       650	80000cb4	413001b3	sub	x3,x0,x19	  x0:0x00000000 x19:0x00000000  x3=0x00000000
        6525000	       651	80000cb8	016bb633	sltu	x12,x23,x22	 x23:0x80009f78 x22:0x00000000 x12=0x00000000
        6535000	       652	80000cbc	011374b3	and	x9,x6,x17	  x6:0x80008089 x17:0x00000000  x9=0x00000000
        6545000	       653	80000cc0	01aa6663	bltu	x20,x26,80000ccc	 x20:0x00000000 x26:0x00000000
        6555000	       654	80000cc4	41c9a613	slti	x12,x19,1052	 x19:0x00000000 x12=0x00000001
        6565000	       655	80000cc8	21752013	slti	x0,x10,535	 x10:0xfffffcd7
        6575000	       656	80000ccc	34c7ae97	auipc	x29,0x34c7a	 x29=0xb4c7acc8
        6585000	       657	80000cd0	4111d213	srai	x4,x3,0x11	  x3:0x00000000  x4=0x00000000
        6595000	       658	80000cd4	d559b593	sltiu	x11,x19,-683	 x19:0x00000000 x11=0x00000001
        6605000	       659	80000cd8	01abc833	xor	x16,x23,x26	 x23:0x80009f78 x26:0x00000000 x16=0x80009f78
        6615000	       660	80000cdc	ed4c2093	slti	x1,x24,-300	 x24:0x80009fc4  x1=0x00000001
        6625000	       661	80000ce0	02cef063	bgeu	x29,x12,80000d00	 x29:0xb4c7acc8 x12:0x00000001
        6635000	       662	00000000	00000013	addi	x0,x0,0	  x0:0x00000000
        6645000	       663	80000cfc	00000013	addi	x0,x0,0	  x0:0x00000000
        6655000	       664	80000d00	58eab097	auipc	x1,0x58eab	  x1=0xd8eabcfc
        6665000	       665	80000d04	40685913	srai	x18,x16,0x6	 x16:0x80009f78 x18=0xfe00027d
        6675000	       666	80000d08	4bb34413	xori	x8,x6,1211	  x6:0x80008089  x8=0x80008432
        6685000	       667	80000d0c	413ad593	srai	x11,x21,0x13	 x21:0x00000000 x11=0x00000000
        6695000	       668	80000d10	004d7633	and	x12,x26,x4	 x26:0x00000000  x4:0x00000000 x12=0x00000000
        6705000	       669	80000d14	00000013	addi	x0,x0,0	  x0:0x00000000
        6715000	       670	80000d18	01fdd933	srl	x18,x27,x31	 x27:0x00000000 x31:0x00000000 x18=0x00000000
        6725000	       671	80000d1c	00dd9d13	slli	x26,x27,0xd	 x27:0x00000000 x26=0x00000000
        6735000	       672	80000d20	9d7e7713	andi	x14,x28,-1577	 x28:0x00000000 x14=0x00000000
        6745000	       673	80000d24	007db733	sltu	x14,x27,x7	 x27:0x00000000  x7:0x00000329 x14=0x00000001
        6755000	       674	80000d28	01a8d693	srli	x13,x17,0x1a	 x17:0x00000000 x13=0x00000000
        6765000	       675	80000d2c	03644e63	blt	x8,x22,80000d68	  x8:0x80008432 x22:0x00000000
        6775000	       676	00000000	00000013	addi	x0,x0,0	  x0:0x00000000
        6785000	       677	80000d64	00000013	addi	x0,x0,0	  x0:0x00000000
        6795000	       678	80000d68	41d9d693	srai	x13,x19,0x1d	 x19:0x00000000 x13=0x00000000
        6805000	       679	80000d6c	dd20c713	xori	x14,x1,-558	  x1:0xd8eabcfc x14=0x2715412e
        6815000	       680	80000d70	03d4c863	blt	x9,x29,80000da0	  x9:0x00000000 x29:0xb4c7acc8
        6825000	       681	80000d74	508f6017	auipc	x0,0x508f6	
        6835000	       682	80000d78	00b4d733	srl	x14,x9,x11	  x9:0x00000000 x11:0x00000000 x14=0x00000000
        6845000	       683	80000d7c	02d75e63	bge	x14,x13,80000db8	 x14:0x00000000 x13:0x00000000
        6855000	       684	00000000	00000013	addi	x0,x0,0	  x0:0x00000000
        6865000	       685	80000db4	00000013	addi	x0,x0,0	  x0:0x00000000
        6875000	       686	80000db8	009668b3	or	x17,x12,x9	 x12:0x00000000  x9:0x00000000 x17=0x00000000
        6885000	       687	80000dbc	019b45b3	xor	x11,x22,x25	 x22:0x00000000 x25:0x00000000 x11=0x00000000
        6895000	       688	80000dc0	02c51c63	bne	x10,x12,80000df8	 x10:0xfffffcd7 x12:0x00000000
        6905000	       689	00000000	00000013	addi	x0,x0,0	  x0:0x00000000
        6915000	       690	80000df4	00000013	addi	x0,x0,0	  x0:0x00000000
        6925000	       691	80000df8	41980233	sub	x4,x16,x25	 x16:0x80009f78 x25:0x00000000  x4=0x80009f78
        6935000	       692	80000dfc	005da6b3	slt	x13,x27,x5	 x27:0x00000000  x5:0x00000000 x13=0x00000000
        6945000	       693	80000e00	af32b393	sltiu	x7,x5,-1293	  x5:0x00000000  x7=0x00000001
        6955000	       694	80000e04	027f0c63	beq	x30,x7,80000e3c	 x30:0x00000096  x7:0x00000001
        6965000	       695	80000e08	00000013	addi	x0,x0,0	  x0:0x00000000
        6975000	       696	80000e0c	034d4e63	blt	x26,x20,80000e48	 x26:0x00000000 x20:0x00000000
        6985000	       697	80000e10	01d3d1b3	srl	x3,x7,x29	  x7:0x00000001 x29:0xb4c7acc8  x3=0x00000000
        6995000	       698	80000e14	235a4093	xori	x1,x20,565	 x20:0x00000000  x1=0x00000235
        7005000	       699	80000e18	015a11b3	sll	x3,x20,x21	 x20:0x00000000 x21:0x00000000  x3=0x00000000
        7015000	       700	80000e1c	03bac463	blt	x21,x27,80000e44	 x21:0x00000000 x27:0x00000000
        7025000	       701	80000e20	404a5cb3	sra	x25,x20,x4	 x20:0x00000000  x4:0x80009f78 x25=0x00000000
        7035000	       702	80000e24	36df7993	andi	x19,x30,877	 x30:0x00000096 x19=0x00000004
        7045000	       703	80000e28	2950bdb7	lui	x27,0x2950b	 x27=0x2950b000
        7055000	       704	80000e2c	006228b3	slt	x17,x4,x6	  x4:0x80009f78  x6:0x80008089 x17=0x00000000
        7065000	       705	80000e30	6ef58d93	addi	x27,x11,1775	 x11:0x00000000 x27=0x000006ef
        7075000	       706	80000e34	afcb0e93	addi	x29,x22,-1284	 x22:0x00000000 x29=0xfffffafc
        7085000	       707	80000e38	008cefb3	or	x31,x25,x8	 x25:0x00000000  x8:0x80008432 x31=0x80008432
        7095000	       708	80000e3c	018a8c63	beq	x21,x24,80000e54	 x21:0x00000000 x24:0x80009fc4
        7105000	       709	80000e40	00ed32b3	sltu	x5,x26,x14	 x26:0x00000000 x14:0x00000000  x5=0x00000000
        7115000	       710	80000e44	014e24b3	slt	x9,x28,x20	 x28:0x00000000 x20:0x00000000  x9=0x00000000
        7125000	       711	80000e48	00a88ab3	add	x21,x17,x10	 x17:0x00000000 x10:0xfffffcd7 x21=0xfffffcd7
        7135000	       712	80000e4c	035e1c63	bne	x28,x21,80000e84	 x28:0x00000000 x21:0xfffffcd7
        7145000	       713	00000000	00000013	addi	x0,x0,0	  x0:0x00000000
        7155000	       714	80000e80	00000013	addi	x0,x0,0	  x0:0x00000000
        7165000	       715	80000e84	00000013	addi	x0,x0,0	  x0:0x00000000
        7175000	       716	80000e88	40d25393	srai	x7,x4,0xd	  x4:0x80009f78  x7=0xfffc0004
        7185000	       717	80000e8c	017d1833	sll	x16,x26,x23	 x26:0x00000000 x23:0x80009f78 x16=0x00000000
        7195000	       718	80000e90	bf8a3113	sltiu	x2,x20,-1032	 x20:0x00000000  x2=0x00000001
        7205000	       719	80000e94	00b52d33	slt	x26,x10,x11	 x10:0xfffffcd7 x11:0x00000000 x26=0x00000001
        7215000	       720	80000e98	011e60b3	or	x1,x28,x17	 x28:0x00000000 x17:0x00000000  x1=0x00000000
        7225000	       721	80000e9c	1797b613	sltiu	x12,x15,377	 x15:0xa6314000 x12=0x00000000
        7235000	       722	80000ea0	574ca393	slti	x7,x25,1396	 x25:0x00000000  x7=0x00000001
        7245000	       723	80000ea4	03055e63	bge	x10,x16,80000ee0	 x10:0xfffffcd7 x16:0x00000000
        7255000	       724	80000ea8	00485533	srl	x10,x16,x4	 x16:0x00000000  x4:0x80009f78 x10=0x00000000
        7265000	       725	80000eac	00375f13	srli	x30,x14,0x3	 x14:0x00000000 x30=0x00000000
        7275000	       726	80000eb0	02117863	bgeu	x2,x1,80000ee0	  x2:0x00000001  x1:0x00000000
        7285000	       727	00000000	00000013	addi	x0,x0,0	  x0:0x00000000
        7295000	       728	80000edc	00000013	addi	x0,x0,0	  x0:0x00000000
        7305000	       729	80000ee0	82358013	addi	x0,x11,-2013	 x11:0x00000000
        7315000	       730	80000ee4	0127bcb3	sltu	x25,x15,x18	 x15:0xa6314000 x18:0x00000000 x25=0x00000000
        7325000	       731	80000ee8	07cada63	bge	x21,x28,80000f5c	 x21:0xfffffcd7 x28:0x00000000
        7335000	       732	80000eec	040ed863	bge	x29,x0,80000f3c	 x29:0xfffffafc  x0:0x00000000
        7345000	       733	80000ef0	01205133	srl	x2,x0,x18	  x0:0x00000000 x18:0x00000000  x2=0x00000000
        7355000	       734	80000ef4	00af5d13	srli	x26,x30,0xa	 x30:0x00000000 x26=0x00000000
        7365000	       735	80000ef8	00000197	auipc	x3,0x0	  x3=0x80000ef4
        7375000	       736	80000efc	3c018193	addi	x3,x3,960	  x3:0x80000ef4  x3=0x800012b4
        7385000	       737	80000f00	e0f9b7b7	lui	x15,0xe0f9b	 x15=0xe0f9b000
        7395000	       738	80000f04	129b12b7	lui	x5,0x129b1	  x5=0x129b1000
        7405000	       739	80000f08	00d79f33	sll	x30,x15,x13	 x15:0xe0f9b000 x13:0x00000000 x30=0xe0f9b000
        7415000	       740	80000f0c	c2318193	addi	x3,x3,-989	  x3:0x800012b4  x3=0x80000ed7
        7425000	       741	80000f10	01fff933	and	x18,x31,x31	 x31:0x80008432 x31:0x80008432 x18=0x80008432
        7435000	       742	80000f14	40840333	sub	x6,x8,x8	  x8:0x80008432  x8:0x80008432  x6=0x00000000
        7445000	       743	80000f18	3dd18d67	jalr	x26,x3,989	  x3:0x80000ed7 x26=0x80000f18
        7455000	       744	00000000	00000013	addi	x0,x0,0	  x0:0x00000000
        7465000	       745	800012b4	00000013	addi	x0,x0,0	  x0:0x00000000
        7475000	       746	800012b8	fdcb8b93	addi	x23,x23,-36	 x23:0x80009f78 x23=0x80009f54
        7485000	       747	800012bc	412f05b3	sub	x11,x30,x18	 x30:0xe0f9b000 x18:0x80008432 x11=0x60f92bce
        7495000	       748	800012c0	01f200b3	add	x1,x4,x31	  x4:0x80009f78 x31:0x80008432  x1=0x000123aa
        7505000	       749	800012c4	01aba223	sw	x26,4(x23)	 x23:0x80009f54 x26:0x80000f18 PA:0x80009f58
        7515000	       750	800012c8	009ce9b3	or	x19,x25,x9	 x25:0x00000000  x9:0x00000000 x19=0x00000000
        7525000	       751	800012cc	016a2ab3	slt	x21,x20,x22	 x20:0x00000000 x22:0x00000000 x21=0x00000000
        7535000	       752	800012d0	a5d20793	addi	x15,x4,-1443	  x4:0x80009f78 x15=0x800099d5
        7545000	       753	800012d4	40cb51b3	sra	x3,x22,x12	 x22:0x00000000 x12:0x00000000  x3=0x00000000
        7555000	       754	800012d8	00b31813	slli	x16,x6,0xb	  x6:0x00000000 x16=0x00000000
        7565000	       755	800012dc	f9252093	slti	x1,x10,-110	 x10:0x00000000  x1=0x00000000
        7575000	       756	800012e0	00972133	slt	x2,x14,x9	 x14:0x00000000  x9:0x00000000  x2=0x00000000
        7585000	       757	800012e4	00ffdb13	srli	x22,x31,0xf	 x31:0x80008432 x22=0x00010001
        7595000	       758	800012e8	00007117	auipc	x2,0x7	  x2=0x800082e4
        7605000	       759	800012ec	49d10113	addi	x2,x2,1181	  x2:0x800082e4  x2=0x80008781
        7615000	       760	800012f0	012100a3	sb	x18,1(x2)	  x2:0x80008781 x18:0x80008432 PA:0x80008782
        7625000	       761	800012f4	00114883	lbu	x17,1(x2)	  x2:0x80008781 x17=0x00000032 PA:0x80008782
        7635000	       762	800012f8	01b129b3	slt	x19,x2,x27	  x2:0x80008781 x27:0x000006ef x19=0x00000001
        7645000	       763	800012fc	00110f03	lb	x30,1(x2)	  x2:0x80008781 x30=0x00000032 PA:0x80008782
        7655000	       764	80001300	fcc14283	lbu	x5,-52(x2)	  x2:0x80008781  x5=0x00000000 PA:0x8000874d
        7665000	       765	80001304	fd710623	sb	x23,-52(x2)	  x2:0x80008781 x23:0x80009f54 PA:0x8000874d
        7675000	       766	80001308	fcc10383	lb	x7,-52(x2)	  x2:0x80008781  x7=0x00000054 PA:0x8000874d
        7685000	       767	00000000	00000013	addi	x0,x0,0	  x0:0x00000000
        7695000	       768	8000130c	fc710623	sb	x7,-52(x2)	  x2:0x80008781  x7:0x00000054 PA:0x8000874d
        7705000	       769	80001310	fea10e23	sb	x10,-4(x2)	  x2:0x80008781 x10:0x00000000 PA:0x8000877d
        7715000	       770	80001314	fe210e23	sb	x2,-4(x2)	  x2:0x80008781  x2:0x80008781 PA:0x8000877d
        7725000	       771	80001318	ffc14d03	lbu	x26,-4(x2)	  x2:0x80008781 x26=0x00000081 PA:0x8000877d
        7735000	       772	8000131c	01febdb3	sltu	x27,x29,x31	 x29:0xfffffafc x31:0x80008432 x27=0x00000000
        7745000	       773	80001320	fe47f413	andi	x8,x15,-28	 x15:0x800099d5  x8=0x800099c4
        7755000	       774	80001324	ffc10603	lb	x12,-4(x2)	  x2:0x80008781 x12=0xffffff81 PA:0x8000877d
        7765000	       775	80001328	ffc14583	lbu	x11,-4(x2)	  x2:0x80008781 x11=0x00000081 PA:0x8000877d
        7775000	       776	8000132c	ffc10303	lb	x6,-4(x2)	  x2:0x80008781  x6=0xffffff81 PA:0x8000877d
        7785000	       777	80001330	01086933	or	x18,x16,x16	 x16:0x00000000 x16:0x00000000 x18=0x00000000
        7795000	       778	80001334	ffc10783	lb	x15,-4(x2)	  x2:0x80008781 x15=0xffffff81 PA:0x8000877d
        7805000	       779	80001338	06414f03	lbu	x30,100(x2)	  x2:0x80008781 x30=0x00000000 PA:0x800087e5
        7815000	       780	8000133c	06010223	sb	x0,100(x2)	  x2:0x80008781  x0:0x00000000 PA:0x800087e5
        7825000	       781	80001340	06210223	sb	x2,100(x2)	  x2:0x80008781  x2:0x80008781 PA:0x800087e5
        7835000	       782	80001344	a5170293	addi	x5,x14,-1455	 x14:0x00000000  x5=0xfffffa51
        7845000	       783	80001348	ffb10d23	sb	x27,-6(x2)	  x2:0x80008781 x27:0x00000000 PA:0x8000877b
        7855000	       784	8000134c	00007217	auipc	x4,0x7	  x4=0x80008348
        7865000	       785	80001350	e4920213	addi	x4,x4,-439	  x4:0x80008348  x4=0x80008191
        7875000	       786	80001354	011217a3	sh	x17,15(x4)	  x4:0x80008191 x17:0x00000032 PA:0x800081a0
        7885000	       787	80001358	0049fcb3	and	x25,x19,x4	 x19:0x00000001  x4:0x80008191 x25=0x00000001
        7895000	       788	8000135c	00f25903	lhu	x18,15(x4)	  x4:0x80008191 x18=0x00000032 PA:0x800081a0
        7905000	       789	80001360	008227a3	sw	x8,15(x4)	  x4:0x80008191  x8:0x800099c4 PA:0x800081a0
        7915000	       790	80001364	00f22883	lw	x17,15(x4)	  x4:0x80008191 x17=0x800099c4 PA:0x800081a0
        7925000	       791	80001368	fec20823	sb	x12,-16(x4)	  x4:0x80008191 x12:0xffffff81 PA:0x80008181
        7935000	       792	8000136c	00824b03	lbu	x22,8(x4)	  x4:0x80008191 x22=0x00000000 PA:0x80008199
        7945000	       793	80001370	00824083	lbu	x1,8(x4)	  x4:0x80008191  x1=0x00000000 PA:0x80008199
        7955000	       794	80001374	d9467e13	andi	x28,x12,-620	 x12:0xffffff81 x28=0xfffffd80
        7965000	       795	80001378	ff224783	lbu	x15,-14(x4)	  x4:0x80008191 x15=0x00000000 PA:0x80008183
        7975000	       796	8000137c	00624303	lbu	x6,6(x4)	  x4:0x80008191  x6=0x00000000 PA:0x80008197
        7985000	       797	00000000	00000013	addi	x0,x0,0	  x0:0x00000000
        7995000	       798	80001380	00620a83	lb	x21,6(x4)	  x4:0x80008191 x21=0x00000000 PA:0x80008197
        8005000	       799	80001384	ff224483	lbu	x9,-14(x4)	  x4:0x80008191  x9=0x00000000 PA:0x80008183
        8015000	       800	80001388	ffc24383	lbu	x7,-4(x4)	  x4:0x80008191  x7=0x00000000 PA:0x8000818d
        8025000	       801	8000138c	b93fb917	auipc	x18,0xb93fb	 x18=0x393fc388
        8035000	       802	80001390	01720323	sb	x23,6(x4)	  x4:0x80008191 x23:0x80009f54 PA:0x80008197
        8045000	       803	80001394	00007117	auipc	x2,0x7	  x2=0x80008390
        8055000	       804	80001398	7f010113	addi	x2,x2,2032	  x2:0x80008390  x2=0x80008b80
        8065000	       805	8000139c	d9830793	addi	x15,x6,-616	  x6:0x00000000 x15=0xfffffd98
        8075000	       806	800013a0	35514403	lbu	x8,853(x2)	  x2:0x80008b80  x8=0x00000000 PA:0x80008ed5
        8085000	       807	800013a4	35514e83	lbu	x29,853(x2)	  x2:0x80008b80 x29=0x00000000 PA:0x80008ed5
        8095000	       808	800013a8	44702793	slti	x15,x0,1095	  x0:0x00000000 x15=0x00000001
        8105000	       809	800013ac	35514203	lbu	x4,853(x2)	  x2:0x80008b80  x4=0x00000000 PA:0x80008ed5
        8115000	       810	800013b0	34710aa3	sb	x7,853(x2)	  x2:0x80008b80  x7:0x00000000 PA:0x80008ed5
        8125000	       811	800013b4	018aa0b3	slt	x1,x21,x24	 x21:0x00000000 x24:0x80009fc4  x1=0x00000000
        8135000	       812	800013b8	35514803	lbu	x16,853(x2)	  x2:0x80008b80 x16=0x00000000 PA:0x80008ed5
        8145000	       813	800013bc	017ad4b3	srl	x9,x21,x23	 x21:0x00000000 x23:0x80009f54  x9=0x00000000
        8155000	       814	800013c0	34010aa3	sb	x0,853(x2)	  x2:0x80008b80  x0:0x00000000 PA:0x80008ed5
        8165000	       815	800013c4	45956b13	ori	x22,x10,1113	 x10:0x00000000 x22=0x00000459
        8175000	       816	800013c8	35510503	lb	x10,853(x2)	  x2:0x80008b80 x10=0x00000000 PA:0x80008ed5
        8185000	       817	800013cc	00eef6b3	and	x13,x29,x14	 x29:0x00000000 x14:0x00000000 x13=0x00000000
        8195000	       818	800013d0	35514803	lbu	x16,853(x2)	  x2:0x80008b80 x16=0x00000000 PA:0x80008ed5
        8205000	       819	00000000	00000013	addi	x0,x0,0	  x0:0x00000000
        8215000	       820	800013d4	94f82393	slti	x7,x16,-1713	 x16:0x00000000  x7=0x00000000
        8225000	       821	800013d8	35510a83	lb	x21,853(x2)	  x2:0x80008b80 x21=0x00000000 PA:0x80008ed5
        8235000	       822	00000000	00000013	addi	x0,x0,0	  x0:0x00000000
        8245000	       823	800013dc	315108a3	sb	x21,785(x2)	  x2:0x80008b80 x21:0x00000000 PA:0x80008e91
        8255000	       824	800013e0	30b108a3	sb	x11,785(x2)	  x2:0x80008b80 x11:0x00000081 PA:0x80008e91
        8265000	       825	800013e4	313108a3	sb	x19,785(x2)	  x2:0x80008b80 x19:0x00000001 PA:0x80008e91
        8275000	       826	800013e8	31110483	lb	x9,785(x2)	  x2:0x80008b80  x9=0x00000001 PA:0x80008e91
        8285000	       827	800013ec	222101a3	sb	x2,547(x2)	  x2:0x80008b80  x2:0x80008b80 PA:0x80008da3
        8295000	       828	800013f0	33310323	sb	x19,806(x2)	  x2:0x80008b80 x19:0x00000001 PA:0x80008ea6
        8305000	       829	800013f4	32f11323	sh	x15,806(x2)	  x2:0x80008b80 x15:0x00000001 PA:0x80008ea6
        8315000	       830	800013f8	00007317	auipc	x6,0x7	  x6=0x800083f4
        8325000	       831	800013fc	3fe30313	addi	x6,x6,1022	  x6:0x800083f4  x6=0x800087f2
        8335000	       832	80001400	00007297	auipc	x5,0x7	  x5=0x800083fc
        8345000	       833	80001404	e3e28293	addi	x5,x5,-450	  x5:0x800083fc  x5=0x8000823a
        8355000	       834	80001408	00007397	auipc	x7,0x7	  x7=0x80008404
        8365000	       835	8000140c	e3538393	addi	x7,x7,-459	  x7:0x80008404  x7=0x80008239
        8375000	       836	80001410	f7338f83	lb	x31,-141(x7)	  x7:0x80008239 x31=0x00000000 PA:0x800081ac
        8385000	       837	80001414	ffd28f03	lb	x30,-3(x5)	  x5:0x8000823a x30=0x00000000 PA:0x80008237
        8395000	       838	80001418	fe139da3	sh	x1,-5(x7)	  x7:0x80008239  x1:0x00000000 PA:0x80008234
        8405000	       839	8000141c	fe83c103	lbu	x2,-24(x7)	  x7:0x80008239  x2=0x00000000 PA:0x80008221
        8415000	       840	80001420	9ea30683	lb	x13,-1558(x6)	  x6:0x800087f2 x13=0x00000000 PA:0x800081dc
        8425000	       841	80001424	ff228c23	sb	x18,-8(x5)	  x5:0x8000823a x18:0x393fc388 PA:0x80008232
        8435000	       842	80001428	a2635c83	lhu	x25,-1498(x6)	  x6:0x800087f2 x25=0x00000000 PA:0x80008218
        8445000	       843	8000142c	ed839fa3	sh	x24,-289(x7)	  x7:0x80008239 x24:0x80009fc4 PA:0x80008118
        8455000	       844	80001430	d28306a3	sb	x8,-723(x6)	  x6:0x800087f2  x8:0x00000000 PA:0x8000851f
        8465000	       845	80001434	1a938603	lb	x12,425(x7)	  x7:0x80008239 x12=0x00000000 PA:0x800083e2
        8475000	       846	80001438	91b30603	lb	x12,-1765(x6)	  x6:0x800087f2 x12=0x00000000 PA:0x8000810d
        8485000	       847	8000143c	00f2c103	lbu	x2,15(x5)	  x5:0x8000823a  x2=0x00000000 PA:0x80008249
        8495000	       848	80001440	9c530503	lb	x10,-1595(x6)	  x6:0x800087f2 x10=0x00000000 PA:0x800081b7
        8505000	       849	80001444	00528803	lb	x16,5(x5)	  x5:0x8000823a x16=0x00000000 PA:0x8000823f
        8515000	       850	80001448	00a2af03	lw	x30,10(x5)	  x5:0x8000823a x30=0x00000000 PA:0x80008244
        8525000	       851	8000144c	ecb30a83	lb	x21,-309(x6)	  x6:0x800087f2 x21=0x00000000 PA:0x800086bd
        8535000	       852	80001450	0593c103	lbu	x2,89(x7)	  x7:0x80008239  x2=0x00000000 PA:0x80008292
        8545000	       853	80001454	a7530503	lb	x10,-1419(x6)	  x6:0x800087f2 x10=0x00000000 PA:0x80008267
        8555000	       854	80001458	32138803	lb	x16,801(x7)	  x7:0x80008239 x16=0x00000000 PA:0x8000855a
        8565000	       855	8000145c	ffd2c403	lbu	x8,-3(x5)	  x5:0x8000823a  x8=0x00000000 PA:0x80008237
        8575000	       856	80001460	00528583	lb	x11,5(x5)	  x5:0x8000823a x11=0x00000000 PA:0x8000823f
        8585000	       857	80001464	00008217	auipc	x4,0x8	  x4=0x80009460
        8595000	       858	80001468	8d720213	addi	x4,x4,-1833	  x4:0x80009460  x4=0x80008d37
        8605000	       859	8000146c	00007d97	auipc	x27,0x7	 x27=0x80008468
        8615000	       860	80001470	474d8d93	addi	x27,x27,1140	 x27:0x80008468 x27=0x800088dc
        8625000	       861	80001474	00008f97	auipc	x31,0x8	 x31=0x80009470
        8635000	       862	80001478	9b0f8f93	addi	x31,x31,-1616	 x31:0x80009470 x31=0x80008e20
        8645000	       863	8000147c	00007097	auipc	x1,0x7	  x1=0x80008478
        8655000	       864	80001480	40008093	addi	x1,x1,1024	  x1:0x80008478  x1=0x80008878
        8665000	       865	80001484	fec0a283	lw	x5,-20(x1)	  x1:0x80008878  x5=0x00000000 PA:0x80008864
        8675000	       866	80001488	00007197	auipc	x3,0x7	  x3=0x80008484
        8685000	       867	8000148c	74d18193	addi	x3,x3,1869	  x3:0x80008484  x3=0x80008bd1
        8695000	       868	80001490	07d1c103	lbu	x2,125(x3)	  x3:0x80008bd1  x2=0x00000000 PA:0x80008c4e
        8705000	       869	80001494	0b620423	sb	x22,168(x4)	  x4:0x80008d37 x22:0x00000459 PA:0x80008ddf
        8715000	       870	80001498	006fda83	lhu	x21,6(x31)	 x31:0x80008e20 x21=0x00000000 PA:0x80008e26
        8725000	       871	8000149c	f9edac23	sw	x30,-104(x27)	 x27:0x800088dc x30:0x00000000 PA:0x80008874
        8735000	       872	800014a0	0591ce83	lbu	x29,89(x3)	  x3:0x80008bd1 x29=0x00000000 PA:0x80008c2a
        8745000	       873	800014a4	f5121d03	lh	x26,-175(x4)	  x4:0x80008d37 x26=0x00000000 PA:0x80008c88
        8755000	       874	800014a8	00b0c003	lbu	x0,11(x1)	  x1:0x80008878 PA:0x80008883
        8765000	       875	800014ac	fbf18983	lb	x19,-65(x3)	  x3:0x80008bd1 x19=0x00000000 PA:0x80008b90
        8775000	       876	800014b0	014dc403	lbu	x8,20(x27)	 x27:0x800088dc  x8=0x00000000 PA:0x800088f0
        8785000	       877	800014b4	fd8daf03	lw	x30,-40(x27)	 x27:0x800088dc x30=0x00000000 PA:0x800088b4
        8795000	       878	800014b8	fc518d23	sb	x5,-38(x3)	  x3:0x80008bd1  x5:0x00000000 PA:0x80008bab
        8805000	       879	800014bc	ff5f8683	lb	x13,-11(x31)	 x31:0x80008e20 x13=0x00000000 PA:0x80008e15
        8815000	       880	800014c0	072dd803	lhu	x16,114(x27)	 x27:0x800088dc x16=0x00000000 PA:0x8000894e
        8825000	       881	800014c4	03d08683	lb	x13,61(x1)	  x1:0x80008878 x13=0x00000000 PA:0x800088b5
        8835000	       882	800014c8	fd321f03	lh	x30,-45(x4)	  x4:0x80008d37 x30=0x00000000 PA:0x80008d0a
        8845000	       883	800014cc	f6721d03	lh	x26,-153(x4)	  x4:0x80008d37 x26=0x00000000 PA:0x80008c9e
        8855000	       884	800014d0	fee18703	lb	x14,-18(x3)	  x3:0x80008bd1 x14=0x00000000 PA:0x80008bbf
        8865000	       885	800014d4	03c08903	lb	x18,60(x1)	  x1:0x80008878 x18=0x00000000 PA:0x800088b4
        8875000	       886	800014d8	002f9103	lh	x2,2(x31)	 x31:0x80008e20  x2=0x00000000 PA:0x80008e22
        8885000	       887	800014dc	0481cb03	lbu	x22,72(x3)	  x3:0x80008bd1 x22=0x00000000 PA:0x80008c19
        8895000	       888	800014e0	fd0083a3	sb	x16,-57(x1)	  x1:0x80008878 x16:0x00000000 PA:0x8000883f
        8905000	       889	800014e4	010f84a3	sb	x16,9(x31)	 x31:0x80008e20 x16:0x00000000 PA:0x80008e29
        8915000	       890	800014e8	fbf20923	sb	x31,-78(x4)	  x4:0x80008d37 x31:0x80008e20 PA:0x80008ce9
        8925000	       891	800014ec	ff1f8e83	lb	x29,-15(x31)	 x31:0x80008e20 x29=0x00000000 PA:0x80008e11
        8935000	       892	800014f0	00a18c83	lb	x25,10(x3)	  x3:0x80008bd1 x25=0x00000000 PA:0x80008bdb
        8945000	       893	800014f4	07a1c383	lbu	x7,122(x3)	  x3:0x80008bd1  x7=0x00000000 PA:0x80008c4b
        8955000	       894	800014f8	fb0dc583	lbu	x11,-80(x27)	 x27:0x800088dc x11=0x00000000 PA:0x8000888c
        8965000	       895	800014fc	fe40ae03	lw	x28,-28(x1)	  x1:0x80008878 x28=0x00000000 PA:0x8000885c
        8975000	       896	80001500	f3120d23	sb	x17,-198(x4)	  x4:0x80008d37 x17:0x800099c4 PA:0x80008c71
        8985000	       897	80001504	006f9903	lh	x18,6(x31)	 x31:0x80008e20 x18=0x00000000 PA:0x80008e26
        8995000	       898	80001508	03824983	lbu	x19,56(x4)	  x4:0x80008d37 x19=0x00000000 PA:0x80008d6f
        9005000	       899	8000150c	fe4da023	sw	x4,-32(x27)	 x27:0x800088dc  x4:0x80008d37 PA:0x800088bc
        9015000	       900	80001510	f6c18123	sb	x12,-158(x3)	  x3:0x80008bd1 x12:0x00000000 PA:0x80008b33
        9025000	       901	80001514	ff70c803	lbu	x16,-9(x1)	  x1:0x80008878 x16=0x00000000 PA:0x8000886f
        9035000	       902	80001518	02a08da3	sb	x10,59(x1)	  x1:0x80008878 x10:0x00000000 PA:0x800088b3
        9045000	       903	8000151c	fbfdc583	lbu	x11,-65(x27)	 x27:0x800088dc x11=0x00000000 PA:0x8000889b
        9055000	       904	80001520	fca20803	lb	x16,-54(x4)	  x4:0x80008d37 x16=0x00000000 PA:0x80008d01
        9065000	       905	80001524	f8bd8b03	lb	x22,-117(x27)	 x27:0x800088dc x22=0x00000000 PA:0x80008867
        9075000	       906	80001528	ff3fca83	lbu	x21,-13(x31)	 x31:0x80008e20 x21=0x00000000 PA:0x80008e13
        9085000	       907	8000152c	f801c003	lbu	x0,-128(x3)	  x3:0x80008bd1 PA:0x80008b51
        9095000	       908	80001530	00007397	auipc	x7,0x7	  x7=0x8000852c
        9105000	       909	80001534	53138393	addi	x7,x7,1329	  x7:0x8000852c  x7=0x80008a5d
        9115000	       910	80001538	0fd3c883	lbu	x17,253(x7)	  x7:0x80008a5d x17=0x00000000 PA:0x80008b5a
        9125000	       911	8000153c	00007217	auipc	x4,0x7	  x4=0x80008538
        9135000	       912	80001540	36820213	addi	x4,x4,872	  x4:0x80008538  x4=0x800088a0
        9145000	       913	80001544	00008b17	auipc	x22,0x8	 x22=0x80009540
        9155000	       914	80001548	86cb0b13	addi	x22,x22,-1940	 x22:0x80009540 x22=0x80008dac
        9165000	       915	8000154c	00007f97	auipc	x31,0x7	 x31=0x80008548
        9175000	       916	80001550	52bf8f93	addi	x31,x31,1323	 x31:0x80008548 x31=0x80008a73
        9185000	       917	80001554	ff738683	lb	x13,-9(x7)	  x7:0x80008a5d x13=0x00000000 PA:0x80008a54
        9195000	       918	80001558	1cc20323	sb	x12,454(x4)	  x4:0x800088a0 x12:0x00000000 PA:0x80008a66
        9205000	       919	8000155c	45d20523	sb	x29,1098(x4)	  x4:0x800088a0 x29:0x00000000 PA:0x80008cea
        9215000	       920	80001560	00cb1303	lh	x6,12(x22)	 x22:0x80008dac  x6=0x00000000 PA:0x80008db8
        9225000	       921	80001564	0383c703	lbu	x14,56(x7)	  x7:0x80008a5d x14=0x00000000 PA:0x80008a95
        9235000	       922	80001568	f3e38e23	sb	x30,-196(x7)	  x7:0x80008a5d x30:0x00000000 PA:0x80008999
        9245000	       923	8000156c	ffdb4a83	lbu	x21,-3(x22)	 x22:0x80008dac x21=0x00000000 PA:0x80008da9
        9255000	       924	80001570	f1f38da3	sb	x31,-229(x7)	  x7:0x80008a5d x31:0x80008a73 PA:0x80008978
        9265000	       925	80001574	00ab0683	lb	x13,10(x22)	 x22:0x80008dac x13=0x00000000 PA:0x80008db6
        9275000	       926	80001578	ff6b4703	lbu	x14,-10(x22)	 x22:0x80008dac x14=0x00000000 PA:0x80008da2
        9285000	       927	8000157c	01bb03a3	sb	x27,7(x22)	 x22:0x80008dac x27:0x800088dc PA:0x80008db3
        9295000	       928	80001580	17e21803	lh	x16,382(x4)	  x4:0x800088a0 x16=0x00000000 PA:0x80008a1e
        9305000	       929	80001584	01cb1823	sh	x28,16(x22)	 x22:0x80008dac x28:0x00000000 PA:0x80008dbc
        9315000	       930	80001588	03738783	lb	x15,55(x7)	  x7:0x80008a5d x15=0x00000000 PA:0x80008a94
        9325000	       931	8000158c	fedb0aa3	sb	x13,-11(x22)	 x22:0x80008dac x13:0x00000000 PA:0x80008da1
        9335000	       932	80001590	304fcf03	lbu	x30,772(x31)	 x31:0x80008a73 x30=0x00000000 PA:0x80008d77
        9345000	       933	80001594	49af8e83	lb	x29,1178(x31)	 x31:0x80008a73 x29=0x00000000 PA:0x80008f0d
        9355000	       934	80001598	fb739003	lh	x0,-73(x7)	  x7:0x80008a5d PA:0x80008a14
        9365000	       935	8000159c	ffcb5303	lhu	x6,-4(x22)	 x22:0x80008dac  x6=0x00000000 PA:0x80008da8
        9375000	       936	800015a0	4cb24083	lbu	x1,1227(x4)	  x4:0x800088a0  x1=0x00000000 PA:0x80008d6b
        9385000	       937	800015a4	008b0123	sb	x8,2(x22)	 x22:0x80008dac  x8:0x00000000 PA:0x80008dae
        9395000	       938	800015a8	25ef8d03	lb	x26,606(x31)	 x31:0x80008a73 x26=0x00000000 PA:0x80008cd1
        9405000	       939	800015ac	f5e3c083	lbu	x1,-162(x7)	  x7:0x80008a5d  x1=0x00000000 PA:0x800089bb
        9415000	       940	00000000	00000013	addi	x0,x0,0	  x0:0x00000000
        9425000	       941	800015b0	361fa603	lw	x12,865(x31)	 x31:0x80008a73 x12=0x00000000 PA:0x80008dd4
        9435000	       942	800015b4	468203a3	sb	x8,1127(x4)	  x4:0x800088a0  x8:0x00000000 PA:0x80008d07
        9445000	       943	800015b8	1d2f87a3	sb	x18,463(x31)	 x31:0x80008a73 x18:0x00000000 PA:0x80008c42
        9455000	       944	800015bc	03a38503	lb	x10,58(x7)	  x7:0x80008a5d x10=0x00000001 PA:0x80008a97
        9465000	       945	800015c0	128f8f03	lb	x30,296(x31)	 x31:0x80008a73 x30=0x00000000 PA:0x80008b9b
        9475000	       946	800015c4	0a822603	lw	x12,168(x4)	  x4:0x800088a0 x12=0x00000000 PA:0x80008948
        9485000	       947	800015c8	00007797	auipc	x15,0x7	 x15=0x800085c4
        9495000	       948	800015cc	ce378793	addi	x15,x15,-797	 x15:0x800085c4 x15=0x800082a7
        9505000	       949	800015d0	40878923	sb	x8,1042(x15)	 x15:0x800082a7  x8:0x00000000 PA:0x800086b9
        9515000	       950	800015d4	8a80f613	andi	x12,x1,-1880	  x1:0x00000000 x12=0x00000000
        9525000	       951	800015d8	f227c483	lbu	x9,-222(x15)	 x15:0x800082a7  x9=0x00000000 PA:0x800081c9
        9535000	       952	800015dc	c3503713	sltiu	x14,x0,-971	  x0:0x00000000 x14=0x00000001
        9545000	       953	800015e0	fd779f03	lh	x30,-41(x15)	 x15:0x800082a7 x30=0x00000000 PA:0x8000827e
        9555000	       954	800015e4	01c9b833	sltu	x16,x19,x28	 x19:0x00000000 x28:0x00000000 x16=0x00000000
        9565000	       955	800015e8	26978b23	sb	x9,630(x15)	 x15:0x800082a7  x9:0x00000000 PA:0x8000851d
        9575000	       956	800015ec	42a78123	sb	x10,1058(x15)	 x15:0x800082a7 x10:0x00000001 PA:0x800086c9
        9585000	       957	800015f0	1d57af83	lw	x31,469(x15)	 x15:0x800082a7 x31=0x00000000 PA:0x8000847c
        9595000	       958	800015f4	0de78d83	lb	x27,222(x15)	 x15:0x800082a7 x27=0x00000000 PA:0x80008385
        9605000	       959	800015f8	43579da3	sh	x21,1083(x15)	 x15:0x800082a7 x21:0x00000000 PA:0x800086e2
        9615000	       960	800015fc	573792a3	sh	x19,1381(x15)	 x15:0x800082a7 x19:0x00000000 PA:0x8000880c
        9625000	       961	80001600	4d478b23	sb	x20,1238(x15)	 x15:0x800082a7 x20:0x00000000 PA:0x8000877d
        9635000	       962	80001604	0107c703	lbu	x14,16(x15)	 x15:0x800082a7 x14=0x00000000 PA:0x800082b7
        9645000	       963	80001608	41895e93	srai	x29,x18,0x18	 x18:0x00000000 x29=0x00000000
        9655000	       964	8000160c	3b7780a3	sb	x23,929(x15)	 x15:0x800082a7 x23:0x80009f54 PA:0x80008648
        9665000	       965	80001610	3a978823	sb	x9,944(x15)	 x15:0x800082a7  x9:0x00000000 PA:0x80008657
        9675000	       966	80001614	35c79ba3	sh	x28,855(x15)	 x15:0x800082a7 x28:0x00000000 PA:0x800085fe
        9685000	       967	80001618	eda78ba3	sb	x26,-297(x15)	 x15:0x800082a7 x26:0x00000000 PA:0x8000817e
        9695000	       968	8000161c	3c078023	sb	x0,960(x15)	 x15:0x800082a7  x0:0x00000000 PA:0x80008667
        9705000	       969	80001620	40b7d403	lhu	x8,1035(x15)	 x15:0x800082a7  x8=0x00000000 PA:0x800086b2
        9715000	       970	80001624	00e78b33	add	x22,x15,x14	 x15:0x800082a7 x14:0x00000000 x22=0x800082a7
        9725000	       971	80001628	01d10e33	add	x28,x2,x29	  x2:0x00000000 x29:0x00000000 x28=0x00000000
        9735000	       972	8000162c	b6b29d97	auipc	x27,0xb6b29	 x27=0x36b2a628
        9745000	       973	80001630	f8678123	sb	x6,-126(x15)	 x15:0x800082a7  x6:0x00000000 PA:0x80008229
        9755000	       974	80001634	40845813	srai	x16,x8,0x8	  x8:0x00000000 x16=0x00000000
        9765000	       975	80001638	bf7e4513	xori	x10,x28,-1033	 x28:0x00000000 x10=0xfffffbf7
        9775000	       976	8000163c	3447c303	lbu	x6,836(x15)	 x15:0x800082a7  x6=0x00000000 PA:0x800085eb
        9785000	       977	80001640	50e7c303	lbu	x6,1294(x15)	 x15:0x800082a7  x6=0x00000000 PA:0x800087b5
        9795000	       978	80001644	00000013	addi	x0,x0,0	  x0:0x00000000
        9805000	       979	80001648	0807c983	lbu	x19,128(x15)	 x15:0x800082a7 x19=0x00000000 PA:0x80008327
        9815000	       980	00000000	00000013	addi	x0,x0,0	  x0:0x00000000
        9825000	       981	8000164c	013da633	slt	x12,x27,x19	 x27:0x36b2a628 x19:0x00000000 x12=0x00000000
        9835000	       982	80001650	2db78f23	sb	x27,734(x15)	 x15:0x800082a7 x27:0x36b2a628 PA:0x80008585
        9845000	       983	80001654	56178683	lb	x13,1377(x15)	 x15:0x800082a7 x13=0x00000000 PA:0x80008808
        9855000	       984	80001658	42579e83	lh	x29,1061(x15)	 x15:0x800082a7 x29=0x00000000 PA:0x800086cc
        9865000	       985	8000165c	0a97ae03	lw	x28,169(x15)	 x15:0x800082a7 x28=0x00000000 PA:0x80008350
        9875000	       986	80001660	e5378923	sb	x19,-430(x15)	 x15:0x800082a7 x19:0x00000000 PA:0x800080f9
        9885000	       987	80001664	00be55b3	srl	x11,x28,x11	 x28:0x00000000 x11:0x00000000 x11=0x00000000
        9895000	       988	80001668	3cb78e23	sb	x11,988(x15)	 x15:0x800082a7 x11:0x00000000 PA:0x80008683
        9905000	       989	8000166c	00389313	slli	x6,x17,0x3	 x17:0x00000000  x6=0x00000000
        9915000	       990	80001670	0f778903	lb	x18,247(x15)	 x15:0x800082a7 x18=0x00000000 PA:0x8000839e
        9925000	       991	80001674	df07c703	lbu	x14,-528(x15)	 x15:0x800082a7 x14=0x00000000 PA:0x80008097
        9935000	       992	80001678	00007a97	auipc	x21,0x7	 x21=0x80008674
        9945000	       993	8000167c	b4ca8a93	addi	x21,x21,-1204	 x21:0x80008674 x21=0x800081c0
        9955000	       994	80001680	00007097	auipc	x1,0x7	  x1=0x8000867c
        9965000	       995	80001684	11a08093	addi	x1,x1,282	  x1:0x8000867c  x1=0x80008796
        9975000	       996	80001688	ff4a9b23	sh	x20,-10(x21)	 x21:0x800081c0 x20:0x00000000 PA:0x800081b6
        9985000	       997	8000168c	0000db03	lhu	x22,0(x1)	  x1:0x80008796 x22=0x00000000 PA:0x80008796
        9995000	       998	80001690	ff50cc83	lbu	x25,-11(x1)	  x1:0x80008796 x25=0x00000000 PA:0x8000878b
       10005000	       999	80001694	00007797	auipc	x15,0x7	 x15=0x80008690
       10015000	      1000	80001698	b1478793	addi	x15,x15,-1260	 x15:0x80008690 x15=0x800081a4
       10025000	      1001	8000169c	fc47ad83	lw	x27,-60(x15)	 x15:0x800081a4 x27=0x00000000 PA:0x80008168
       10035000	      1002	800016a0	fcc7d403	lhu	x8,-52(x15)	 x15:0x800081a4  x8=0x00000000 PA:0x80008170
       10045000	      1003	800016a4	fff0c383	lbu	x7,-1(x1)	  x1:0x80008796  x7=0x00000000 PA:0x80008795
       10055000	      1004	800016a8	00fac203	lbu	x4,15(x21)	 x21:0x800081c0  x4=0x00000000 PA:0x800081cf
       10065000	      1005	800016ac	03a79003	lh	x0,58(x15)	 x15:0x800081a4 PA:0x800081de
       10075000	      1006	800016b0	001ac103	lbu	x2,1(x21)	 x21:0x800081c0  x2=0x00000000 PA:0x800081c1
       10085000	      1007	800016b4	00b08023	sb	x11,0(x1)	  x1:0x80008796 x11:0x00000000 PA:0x80008796
       10095000	      1008	800016b8	ffc0d603	lhu	x12,-4(x1)	  x1:0x80008796 x12=0x00000000 PA:0x80008792
       10105000	      1009	800016bc	ff2ac983	lbu	x19,-14(x21)	 x21:0x800081c0 x19=0x00000000 PA:0x800081b2
       10115000	      1010	800016c0	ffd7ce83	lbu	x29,-3(x15)	 x15:0x800081a4 x29=0x00000099 PA:0x800081a1
       10125000	      1011	800016c4	ff4a8283	lb	x5,-12(x21)	 x21:0x800081c0  x5=0x00000000 PA:0x800081b4
       10135000	      1012	800016c8	ff5ac303	lbu	x6,-11(x21)	 x21:0x800081c0  x6=0x00000000 PA:0x800081b5
       10145000	      1013	800016cc	fd678da3	sb	x22,-37(x15)	 x15:0x800081a4 x22:0x00000000 PA:0x8000817f
       10155000	      1014	800016d0	00007717	auipc	x14,0x7	 x14=0x800086cc
       10165000	      1015	800016d4	2d570713	addi	x14,x14,725	 x14:0x800086cc x14=0x800089a1
       10175000	      1016	800016d8	00274603	lbu	x12,2(x14)	 x14:0x800089a1 x12=0x00000000 PA:0x800089a3
       10185000	      1017	800016dc	002704a3	sb	x2,9(x14)	 x14:0x800089a1  x2:0x00000000 PA:0x800089aa
       10195000	      1018	800016e0	0110de13	srli	x28,x1,0x11	  x1:0x80008796 x28=0x00004000
       10205000	      1019	800016e4	00170623	sb	x1,12(x14)	 x14:0x800089a1  x1:0x80008796 PA:0x800089ad
       10215000	      1020	800016e8	00e74a83	lbu	x21,14(x14)	 x14:0x800089a1 x21=0x00000000 PA:0x800089af
       10225000	      1021	800016ec	41300b33	sub	x22,x0,x19	  x0:0x00000000 x19:0x00000000 x22=0x00000000
       10235000	      1022	800016f0	01d4a533	slt	x10,x9,x29	  x9:0x00000000 x29:0x00000099 x10=0x00000001
       10245000	      1023	800016f4	0134d993	srli	x19,x9,0x13	  x9:0x00000000 x19=0x00000000
       10255000	      1024	800016f8	00000013	addi	x0,x0,0	  x0:0x00000000
       10265000	      1025	800016fc	018414b3	sll	x9,x8,x24	  x8:0x00000000 x24:0x80009fc4  x9=0x00000000
       10275000	      1026	80001700	008ae033	or	x0,x21,x8	 x21:0x00000000  x8:0x00000000
       10285000	      1027	80001704	0153dcb3	srl	x25,x7,x21	  x7:0x00000000 x21:0x00000000 x25=0x00000000
       10295000	      1028	80001708	ffe70f03	lb	x30,-2(x14)	 x14:0x800089a1 x30=0x00000000 PA:0x8000899f
       10305000	      1029	8000170c	0158ff33	and	x30,x17,x21	 x17:0x00000000 x21:0x00000000 x30=0x00000000
       10315000	      1030	80001710	00971d83	lh	x27,9(x14)	 x14:0x800089a1 x27=0x00000000 PA:0x800089aa
       10325000	      1031	80001714	00fd5933	srl	x18,x26,x15	 x26:0x00000000 x15:0x800081a4 x18=0x00000000
       10335000	      1032	80001718	6f8a0093	addi	x1,x20,1784	 x20:0x00000000  x1=0x000006f8
       10345000	      1033	8000171c	3c4f2e93	slti	x29,x30,964	 x30:0x00000000 x29=0x00000001
       10355000	      1034	80001720	01a68cb3	add	x25,x13,x26	 x13:0x00000000 x26:0x00000000 x25=0x00000000
       10365000	      1035	80001724	004bdab3	srl	x21,x23,x4	 x23:0x80009f54  x4:0x00000000 x21=0x80009f54
       10375000	      1036	80001728	014472b3	and	x5,x8,x20	  x8:0x00000000 x20:0x00000000  x5=0x00000000
       10385000	      1037	8000172c	a37ce693	ori	x13,x25,-1481	 x25:0x00000000 x13=0xfffffa37
       10395000	      1038	80001730	00ee9813	slli	x16,x29,0xe	 x29:0x00000001 x16=0x00004000
       10405000	      1039	80001734	00470603	lb	x12,4(x14)	 x14:0x800089a1 x12=0x00000000 PA:0x800089a5
       10415000	      1040	80001738	ffc74803	lbu	x16,-4(x14)	 x14:0x800089a1 x16=0x00000000 PA:0x8000899d
       10425000	      1041	8000173c	059bc613	xori	x12,x23,89	 x23:0x80009f54 x12=0x80009f0d
       10435000	      1042	80001740	c8637993	andi	x19,x6,-890	  x6:0x00000000 x19=0x00000000
       10445000	      1043	80001744	fe0709a3	sb	x0,-13(x14)	 x14:0x800089a1  x0:0x00000000 PA:0x80008994
       10455000	      1044	80001748	01f70123	sb	x31,2(x14)	 x14:0x800089a1 x31:0x00000000 PA:0x800089a3
       10465000	      1045	8000174c	88548f93	addi	x31,x9,-1915	  x9:0x00000000 x31=0xfffff885
       10475000	      1046	80001750	01638d33	add	x26,x7,x22	  x7:0x00000000 x22:0x00000000 x26=0x00000000
       10485000	      1047	80001754	00774403	lbu	x8,7(x14)	 x14:0x800089a1  x8=0x00000000 PA:0x800089a8
       10495000	      1048	00000000	00000013	addi	x0,x0,0	  x0:0x00000000
       10505000	      1049	80001758	01a46ab3	or	x21,x8,x26	  x8:0x00000000 x26:0x00000000 x21=0x00000000
       10515000	      1050	8000175c	012e3cb3	sltu	x25,x28,x18	 x28:0x00004000 x18:0x00000000 x25=0x00000000
       10525000	      1051	80001760	0000de33	srl	x28,x1,x0	  x1:0x000006f8  x0:0x00000000 x28=0x000006f8
       10535000	      1052	80001764	a58a51b7	lui	x3,0xa58a5	  x3=0xa58a5000
       10545000	      1053	80001768	41ddd933	sra	x18,x27,x29	 x27:0x00000000 x29:0x00000001 x18=0x00000000
       10555000	      1054	8000176c	fb630e17	auipc	x28,0xfb630	 x28=0x7b631768
       10565000	      1055	80001770	40075113	srai	x2,x14,0x0	 x14:0x800089a1  x2=0x800089a1
       10575000	      1056	80001774	ff674b03	lbu	x22,-10(x14)	 x14:0x800089a1 x22=0x00000000 PA:0x80008997
       10585000	      1057	00000000	00000013	addi	x0,x0,0	  x0:0x00000000
       10595000	      1058	80001778	01600fb3	add	x31,x0,x22	  x0:0x00000000 x22:0x00000000 x31=0x00000000
       10605000	      1059	8000177c	ff270c83	lb	x25,-14(x14)	 x14:0x800089a1 x25=0x00000000 PA:0x80008993
       10615000	      1060	80001780	ff775e83	lhu	x29,-9(x14)	 x14:0x800089a1 x29=0x00000000 PA:0x80008998
       10625000	      1061	80001784	ff974e83	lbu	x29,-7(x14)	 x14:0x800089a1 x29=0x00000000 PA:0x8000899a
       10635000	      1062	80001788	00007c97	auipc	x25,0x7	 x25=0x80008784
       10645000	      1063	8000178c	b43c8c93	addi	x25,x25,-1213	 x25:0x80008784 x25=0x800082c7
       10655000	      1064	80001790	037c86a3	sb	x23,45(x25)	 x25:0x800082c7 x23:0x80009f54 PA:0x800082f4
       10665000	      1065	80001794	fddc8923	sb	x29,-46(x25)	 x25:0x800082c7 x29:0x00000000 PA:0x80008299
       10675000	      1066	80001798	7abd0097	auipc	x1,0x7abd0	  x1=0xfabd1794
       10685000	      1067	8000179c	341d0293	addi	x5,x26,833	 x26:0x00000000  x5=0x00000341
       10695000	      1068	800017a0	000f1e33	sll	x28,x30,x0	 x30:0x00000000  x0:0x00000000 x28=0x00000000
       10705000	      1069	800017a4	ffacc183	lbu	x3,-6(x25)	 x25:0x800082c7  x3=0x00000000 PA:0x800082c1
       10715000	      1070	800017a8	001caf03	lw	x30,1(x25)	 x25:0x800082c7 x30=0x00000000 PA:0x800082c8
       10725000	      1071	800017ac	01dbe833	or	x16,x23,x29	 x23:0x80009f54 x29:0x00000000 x16=0x80009f54
       10735000	      1072	800017b0	015db9b3	sltu	x19,x27,x21	 x27:0x00000000 x21:0x00000000 x19=0x00000000
       10745000	      1073	800017b4	00f1d193	srli	x3,x3,0xf	  x3:0x00000000  x3=0x00000000
       10755000	      1074	800017b8	00240433	add	x8,x8,x2	  x8:0x00000000  x2:0x800089a1  x8=0x800089a1
       10765000	      1075	800017bc	02ac8b03	lb	x22,42(x25)	 x25:0x800082c7 x22=0x00000000 PA:0x800082f1
       10775000	      1076	800017c0	017e5e33	srl	x28,x28,x23	 x28:0x00000000 x23:0x80009f54 x28=0x00000000
       10785000	      1077	800017c4	5fe87613	andi	x12,x16,1534	 x16:0x80009f54 x12=0x00000554
       10795000	      1078	800017c8	003c8a23	sb	x3,20(x25)	 x25:0x800082c7  x3:0x00000000 PA:0x800082db
       10805000	      1079	800017cc	edfdcfb7	lui	x31,0xedfdc	 x31=0xedfdc000
       10815000	      1080	800017d0	2bdae737	lui	x14,0x2bdae	 x14=0x2bdae000
       10825000	      1081	800017d4	6858e213	ori	x4,x17,1669	 x17:0x00000000  x4=0x00000685
       10835000	      1082	800017d8	02dc8923	sb	x13,50(x25)	 x25:0x800082c7 x13:0xfffffa37 PA:0x800082f9
       10845000	      1083	800017dc	ff8c9da3	sh	x24,-5(x25)	 x25:0x800082c7 x24:0x80009fc4 PA:0x800082c2
       10855000	      1084	800017e0	005a60b3	or	x1,x20,x5	 x20:0x00000000  x5:0x00000341  x1=0x00000341
       10865000	      1085	800017e4	013c8183	lb	x3,19(x25)	 x25:0x800082c7  x3=0x00000000 PA:0x800082da
       10875000	      1086	800017e8	011a4633	xor	x12,x20,x17	 x20:0x00000000 x17:0x00000000 x12=0x00000000
       10885000	      1087	800017ec	fc5c8283	lb	x5,-59(x25)	 x25:0x800082c7  x5=0x00000000 PA:0x8000828c
       10895000	      1088	800017f0	57cc8293	addi	x5,x25,1404	 x25:0x800082c7  x5=0x80008843
       10905000	      1089	800017f4	959ab213	sltiu	x4,x21,-1703	 x21:0x00000000  x4=0x00000001
       10915000	      1090	800017f8	01828f33	add	x30,x5,x24	  x5:0x80008843 x24:0x80009fc4 x30=0x00012807
       10925000	      1091	800017fc	4058d893	srai	x17,x17,0x5	 x17:0x00000000 x17=0x00000000
       10935000	      1092	80001800	f64d8613	addi	x12,x27,-156	 x27:0x00000000 x12=0xffffff64
       10945000	      1093	80001804	008c8383	lb	x7,8(x25)	 x25:0x800082c7  x7=0x00000000 PA:0x800082cf
       10955000	      1094	80001808	01e25893	srli	x17,x4,0x1e	  x4:0x00000001 x17=0x00000000
       10965000	      1095	8000180c	006c8b03	lb	x22,6(x25)	 x25:0x800082c7 x22=0x00000000 PA:0x800082cd
       10975000	      1096	80001810	fe4c9ca3	sh	x4,-7(x25)	 x25:0x800082c7  x4:0x00000001 PA:0x800082c0
       10985000	      1097	80001814	ff9ca283	lw	x5,-7(x25)	 x25:0x800082c7  x5=0x9fc40001 PA:0x800082c0
       10995000	      1098	80001818	03fc9ea3	sh	x31,61(x25)	 x25:0x800082c7 x31:0xedfdc000 PA:0x80008304
       11005000	      1099	8000181c	0156da93	srli	x21,x13,0x15	 x13:0xfffffa37 x21=0x000007ff
       11015000	      1100	80001820	005112b3	sll	x5,x2,x5	  x2:0x800089a1  x5:0x9fc40001  x5=0x00011342
       11025000	      1101	80001824	0135ae33	slt	x28,x11,x19	 x11:0x00000000 x19:0x00000000 x28=0x00000000
       11035000	      1102	80001828	019329b3	slt	x19,x6,x25	  x6:0x00000000 x25:0x800082c7 x19=0x00000000
       11045000	      1103	8000182c	4dc90713	addi	x14,x18,1244	 x18:0x00000000 x14=0x000004dc
       11055000	      1104	80001830	038bf663	bgeu	x23,x24,8000185c	 x23:0x80009f54 x24:0x80009fc4
       11065000	      1105	80001834	32dc7993	andi	x19,x24,813	 x24:0x80009fc4 x19=0x00000304
       11075000	      1106	80001838	000f3333	sltu	x6,x30,x0	 x30:0x00012807  x0:0x00000000  x6=0x00000000
       11085000	      1107	8000183c	014e1113	slli	x2,x28,0x14	 x28:0x00000000  x2=0x00000000
       11095000	      1108	80001840	0154c7b3	xor	x15,x9,x21	  x9:0x00000000 x21:0x000007ff x15=0x000007ff
       11105000	      1109	80001844	cbd12313	slti	x6,x2,-835	  x2:0x00000000  x6=0x00000000
       11115000	      1110	80001848	05c74063	blt	x14,x28,80001888	 x14:0x000004dc x28:0x00000000
       11125000	      1111	8000184c	41ae0eb3	sub	x29,x28,x26	 x28:0x00000000 x26:0x00000000 x29=0x00000000
       11135000	      1112	80001850	00c8d2b3	srl	x5,x17,x12	 x17:0x00000000 x12:0xffffff64  x5=0x00000000
       11145000	      1113	80001854	02328263	beq	x5,x3,80001878	  x5:0x00000000  x3:0x00000000
       11155000	      1114	00000000	00000013	addi	x0,x0,0	  x0:0x00000000
       11165000	      1115	80001874	00000013	addi	x0,x0,0	  x0:0x00000000
       11175000	      1116	80001878	05cd4663	blt	x26,x28,800018c4	 x26:0x00000000 x28:0x00000000
       11185000	      1117	8000187c	00000013	addi	x0,x0,0	  x0:0x00000000
       11195000	      1118	80001880	01615113	srli	x2,x2,0x16	  x2:0x00000000  x2=0x00000000
       11205000	      1119	80001884	8f47b513	sltiu	x10,x15,-1804	 x15:0x000007ff x10=0x00000001
       11215000	      1120	80001888	8787ff13	andi	x30,x15,-1928	 x15:0x000007ff x30=0x00000078
       11225000	      1121	8000188c	41808233	sub	x4,x1,x24	  x1:0x00000341 x24:0x80009fc4  x4=0x7fff637d
       11235000	      1122	80001890	00e7dcb3	srl	x25,x15,x14	 x15:0x000007ff x14:0x000004dc x25=0x00000000
       11245000	      1123	80001894	01e98cb3	add	x25,x19,x30	 x19:0x00000304 x30:0x00000078 x25=0x0000037c
       11255000	      1124	80001898	04017663	bgeu	x2,x0,800018e4	  x2:0x00000000  x0:0x00000000
       11265000	      1125	00000000	00000013	addi	x0,x0,0	  x0:0x00000000
       11275000	      1126	800018e0	00000013	addi	x0,x0,0	  x0:0x00000000
       11285000	      1127	800018e4	01f5cd33	xor	x26,x11,x31	 x11:0x00000000 x31:0xedfdc000 x26=0xedfdc000
       11295000	      1128	800018e8	00ea0533	add	x10,x20,x14	 x20:0x00000000 x14:0x000004dc x10=0x000004dc
       11305000	      1129	800018ec	40b48233	sub	x4,x9,x11	  x9:0x00000000 x11:0x00000000  x4=0x00000000
       11315000	      1130	800018f0	04687463	bgeu	x16,x6,80001938	 x16:0x80009f54  x6:0x00000000
       11325000	      1131	00000000	00000013	addi	x0,x0,0	  x0:0x00000000
       11335000	      1132	80001934	00000013	addi	x0,x0,0	  x0:0x00000000
       11345000	      1133	80001938	ad0c0317	auipc	x6,0xad0c0	  x6=0x2d0c1934
       11355000	      1134	8000193c	e4abf993	andi	x19,x23,-438	 x23:0x80009f54 x19=0x80009e40
       11365000	      1135	80001940	01669013	slli	x0,x13,0x16	 x13:0xfffffa37
       11375000	      1136	80001944	01dd8d33	add	x26,x27,x29	 x27:0x00000000 x29:0x00000000 x26=0x00000000
       11385000	      1137	80001948	41d20e33	sub	x28,x4,x29	  x4:0x00000000 x29:0x00000000 x28=0x00000000
       11395000	      1138	8000194c	407186b3	sub	x13,x3,x7	  x3:0x00000000  x7:0x00000000 x13=0x00000000
       11405000	      1139	80001950	03c18063	beq	x3,x28,80001970	  x3:0x00000000 x28:0x00000000
       11415000	      1140	00000000	00000013	addi	x0,x0,0	  x0:0x00000000
       11425000	      1141	8000196c	00000013	addi	x0,x0,0	  x0:0x00000000
       11435000	      1142	80001970	01c4f733	and	x14,x9,x28	  x9:0x00000000 x28:0x00000000 x14=0x00000000
       11445000	      1143	80001974	03d4fe63	bgeu	x9,x29,800019b0	  x9:0x00000000 x29:0x00000000
       11455000	      1144	00000000	00000013	addi	x0,x0,0	  x0:0x00000000
       11465000	      1145	800019ac	00000013	addi	x0,x0,0	  x0:0x00000000
       11475000	      1146	800019b0	6b736113	ori	x2,x6,1719	  x6:0x2d0c1934  x2=0x2d0c1fb7
       11485000	      1147	800019b4	00000013	addi	x0,x0,0	  x0:0x00000000
       11495000	      1148	800019b8	00d9bb33	sltu	x22,x19,x13	 x19:0x80009e40 x13:0x00000000 x22=0x00000000
       11505000	      1149	800019bc	00000013	addi	x0,x0,0	  x0:0x00000000
       11515000	      1150	800019c0	4124d233	sra	x4,x9,x18	  x9:0x00000000 x18:0x00000000  x4=0x00000000
       11525000	      1151	800019c4	03305663	bge	x0,x19,800019f0	  x0:0x00000000 x19:0x80009e40
       11535000	      1152	00000000	00000013	addi	x0,x0,0	  x0:0x00000000
       11545000	      1153	800019ec	00000013	addi	x0,x0,0	  x0:0x00000000
       11555000	      1154	800019f0	00d044b3	xor	x9,x0,x13	  x0:0x00000000 x13:0x00000000  x9=0x00000000
       11565000	      1155	800019f4	00b25293	srli	x5,x4,0xb	  x4:0x00000000  x5=0x00000000
       11575000	      1156	800019f8	41c887b3	sub	x15,x17,x28	 x17:0x00000000 x28:0x00000000 x15=0x00000000
       11585000	      1157	800019fc	01437d33	and	x26,x6,x20	  x6:0x2d0c1934 x20:0x00000000 x26=0x00000000
       11595000	      1158	80001a00	0ecb4313	xori	x6,x22,236	 x22:0x00000000  x6=0x000000ec
       11605000	      1159	80001a04	00819d33	sll	x26,x3,x8	  x3:0x00000000  x8:0x800089a1 x26=0x00000000
       11615000	      1160	80001a08	13e73d13	sltiu	x26,x14,318	 x14:0x00000000 x26=0x00000001
       11625000	      1161	80001a0c	00c89133	sll	x2,x17,x12	 x17:0x00000000 x12:0xffffff64  x2=0x00000000
       11635000	      1162	80001a10	01665093	srli	x1,x12,0x16	 x12:0xffffff64  x1=0x000003ff
       11645000	      1163	80001a14	00007317	auipc	x6,0x7	  x6=0x80008a10
       11655000	      1164	80001a18	83230313	addi	x6,x6,-1998	  x6:0x80008a10  x6=0x80008242
       11665000	      1165	80001a1c	f1b30923	sb	x27,-238(x6)	  x6:0x80008242 x27:0x00000000 PA:0x80008154
       11675000	      1166	80001a20	f5e30283	lb	x5,-162(x6)	  x6:0x80008242  x5=0xffffffc4 PA:0x800081a0
       11685000	      1167	80001a24	0c030023	sb	x0,192(x6)	  x6:0x80008242  x0:0x00000000 PA:0x80008302
       11695000	      1168	80001a28	0c034183	lbu	x3,192(x6)	  x6:0x80008242  x3=0x00000000 PA:0x80008302
       11705000	      1169	80001a2c	01239b13	slli	x22,x7,0x12	  x7:0x00000000 x22=0x00000000
       11715000	      1170	80001a30	0c030103	lb	x2,192(x6)	  x6:0x80008242  x2=0x00000000 PA:0x80008302
       11725000	      1171	80001a34	0dd30023	sb	x29,192(x6)	  x6:0x80008242 x29:0x00000000 PA:0x80008302
       11735000	      1172	80001a38	0c035683	lhu	x13,192(x6)	  x6:0x80008242 x13=0x00000000 PA:0x80008302
       11745000	      1173	80001a3c	7904e413	ori	x8,x9,1936	  x9:0x00000000  x8=0x00000790
       11755000	      1174	80001a40	0c031e83	lh	x29,192(x6)	  x6:0x80008242 x29=0x00000000 PA:0x80008302
       11765000	      1175	80001a44	0c030e83	lb	x29,192(x6)	  x6:0x80008242 x29=0x00000000 PA:0x80008302
       11775000	      1176	80001a48	00f8d133	srl	x2,x17,x15	 x17:0x00000000 x15:0x00000000  x2=0x00000000
       11785000	      1177	80001a4c	0c031b03	lh	x22,192(x6)	  x6:0x80008242 x22=0x00000000 PA:0x80008302
       11795000	      1178	80001a50	01130423	sb	x17,8(x6)	  x6:0x80008242 x17:0x00000000 PA:0x8000824a
       11805000	      1179	80001a54	571e8c93	addi	x25,x29,1393	 x29:0x00000000 x25=0x00000571
       11815000	      1180	80001a58	00830183	lb	x3,8(x6)	  x6:0x80008242  x3=0x00000000 PA:0x8000824a
       11825000	      1181	80001a5c	00835903	lhu	x18,8(x6)	  x6:0x80008242 x18=0x00000000 PA:0x8000824a
       11835000	      1182	80001a60	124bf413	andi	x8,x23,292	 x23:0x80009f54  x8=0x00000104
       11845000	      1183	80001a64	f1a31f03	lh	x30,-230(x6)	  x6:0x80008242 x30=0x00000000 PA:0x8000815c
       11855000	      1184	80001a68	f0a30d23	sb	x10,-230(x6)	  x6:0x80008242 x10:0x000004dc PA:0x8000815c
       11865000	      1185	80001a6c	f1a31283	lh	x5,-230(x6)	  x6:0x80008242  x5=0x000000dc PA:0x8000815c
       11875000	      1186	80001a70	fc430903	lb	x18,-60(x6)	  x6:0x80008242 x18=0x00000000 PA:0x80008206
       11885000	      1187	80001a74	009d8e33	add	x28,x27,x9	 x27:0x00000000  x9:0x00000000 x28=0x00000000
       11895000	      1188	80001a78	fc431a83	lh	x21,-60(x6)	  x6:0x80008242 x21=0x00000000 PA:0x80008206
       11905000	      1189	80001a7c	fc435603	lhu	x12,-60(x6)	  x6:0x80008242 x12=0x00000000 PA:0x80008206
       11915000	      1190	80001a80	7db1ea93	ori	x21,x3,2011	  x3:0x00000000 x21=0x000007db
       11925000	      1191	80001a84	00930283	lb	x5,9(x6)	  x6:0x80008242  x5=0x00000000 PA:0x8000824b
       11935000	      1192	80001a88	866abd17	auipc	x26,0x866ab	 x26=0x066aca84
       11945000	      1193	80001a8c	943c0797	auipc	x15,0x943c0	 x15=0x143c1a88
       11955000	      1194	80001a90	03f97663	bgeu	x18,x31,80001abc	 x18:0x00000000 x31:0xedfdc000
       11965000	      1195	80001a94	001dd913	srli	x18,x27,0x1	 x27:0x00000000 x18=0x00000000
       11975000	      1196	80001a98	0117d893	srli	x17,x15,0x11	 x15:0x143c1a88 x17=0x00000a1e
       11985000	      1197	80001a9c	00ab1493	slli	x9,x22,0xa	 x22:0x00000000  x9=0x00000000
       11995000	      1198	80001aa0	a0ba2393	slti	x7,x20,-1525	 x20:0x00000000  x7=0x00000000
       12005000	      1199	80001aa4	023b9c63	bne	x23,x3,80001adc	 x23:0x80009f54  x3:0x00000000
       12015000	      1200	00000000	00000013	addi	x0,x0,0	  x0:0x00000000
       12025000	      1201	80001ad8	00000013	addi	x0,x0,0	  x0:0x00000000
       12035000	      1202	80001adc	00d58933	add	x18,x11,x13	 x11:0x00000000 x13:0x00000000 x18=0x00000000
       12045000	      1203	80001ae0	4105de13	srai	x28,x11,0x10	 x11:0x00000000 x28=0x00000000
       12055000	      1204	80001ae4	e16acb13	xori	x22,x21,-490	 x21:0x000007db x22=0xfffff9cd
       12065000	      1205	80001ae8	0022bab3	sltu	x21,x5,x2	  x5:0x00000000  x2:0x00000000 x21=0x00000000
       12075000	      1206	80001aec	8a354893	xori	x17,x10,-1885	 x10:0x000004dc x17=0xfffffc7f
       12085000	      1207	80001af0	58c7ba93	sltiu	x21,x15,1420	 x15:0x143c1a88 x21=0x00000000
       12095000	      1208	80001af4	01252e33	slt	x28,x10,x18	 x10:0x000004dc x18:0x00000000 x28=0x00000000
       12105000	      1209	80001af8	0270f463	bgeu	x1,x7,80001b20	  x1:0x000003ff  x7:0x00000000
       12115000	      1210	00000000	00000013	addi	x0,x0,0	  x0:0x00000000
       12125000	      1211	80001b1c	00000013	addi	x0,x0,0	  x0:0x00000000
       12135000	      1212	80001b20	a4c4b293	sltiu	x5,x9,-1460	  x9:0x00000000  x5=0x00000001
       12145000	      1213	80001b24	000d4263	blt	x26,x0,80001b28	 x26:0x066aca84  x0:0x00000000
       12155000	      1214	80001b28	747fc817	auipc	x16,0x747fc	 x16=0xf47fdb24
       12165000	      1215	80001b2c	00e311b3	sll	x3,x6,x14	  x6:0x80008242 x14:0x00000000  x3=0x80008242
       12175000	      1216	80001b30	0147e4b3	or	x9,x15,x20	 x15:0x143c1a88 x20:0x00000000  x9=0x143c1a88
       12185000	      1217	80001b34	00946e63	bltu	x8,x9,80001b50	  x8:0x00000104  x9:0x143c1a88
       12195000	      1218	00000000	00000013	addi	x0,x0,0	  x0:0x00000000
       12205000	      1219	80001b4c	00000013	addi	x0,x0,0	  x0:0x00000000
       12215000	      1220	80001b50	00000013	addi	x0,x0,0	  x0:0x00000000
       12225000	      1221	80001b54	41b65913	srai	x18,x12,0x1b	 x12:0x00000000 x18=0x00000000
       12235000	      1222	80001b58	01ee0733	add	x14,x28,x30	 x28:0x00000000 x30:0x00000000 x14=0x00000000
       12245000	      1223	80001b5c	8d470413	addi	x8,x14,-1836	 x14:0x00000000  x8=0xfffff8d4
       12255000	      1224	80001b60	40bd5013	srai	x0,x26,0xb	 x26:0x066aca84
       12265000	      1225	80001b64	3d78f313	andi	x6,x17,983	 x17:0xfffffc7f  x6=0x00000057
       12275000	      1226	80001b68	00c4e1b3	or	x3,x9,x12	  x9:0x143c1a88 x12:0x00000000  x3=0x143c1a88
       12285000	      1227	80001b6c	0082dc93	srli	x25,x5,0x8	  x5:0x00000001 x25=0x00000000
       12295000	      1228	80001b70	000d80b3	add	x1,x27,x0	 x27:0x00000000  x0:0x00000000  x1=0x00000000
       12305000	      1229	80001b74	40a204b3	sub	x9,x4,x10	  x4:0x00000000 x10:0x000004dc  x9=0xfffffb24
       12315000	      1230	80001b78	41465413	srai	x8,x12,0x14	 x12:0x00000000  x8=0x00000000
       12325000	      1231	80001b7c	2eaf5017	auipc	x0,0x2eaf5	
       12335000	      1232	80001b80	01a61733	sll	x14,x12,x26	 x12:0x00000000 x26:0x066aca84 x14=0x00000000
       12345000	      1233	80001b84	04131463	bne	x6,x1,80001bcc	  x6:0x00000057  x1:0x00000000
       12355000	      1234	00000000	00000013	addi	x0,x0,0	  x0:0x00000000
       12365000	      1235	80001bc8	00000013	addi	x0,x0,0	  x0:0x00000000
       12375000	      1236	80001bcc	408f54b3	sra	x9,x30,x8	 x30:0x00000000  x8:0x00000000  x9=0x00000000
       12385000	      1237	80001bd0	01f04a63	blt	x0,x31,80001be4	  x0:0x00000000 x31:0xedfdc000
       12395000	      1238	80001bd4	01550e33	add	x28,x10,x21	 x10:0x000004dc x21:0x00000000 x28=0x000004dc
       12405000	      1239	80001bd8	6a960713	addi	x14,x12,1705	 x12:0x00000000 x14=0x000006a9
       12415000	      1240	80001bdc	9e4fb513	sltiu	x10,x31,-1564	 x31:0xedfdc000 x10=0x00000001
       12425000	      1241	80001be0	017489b3	add	x19,x9,x23	  x9:0x00000000 x23:0x80009f54 x19=0x80009f54
       12435000	      1242	80001be4	03d67e63	bgeu	x12,x29,80001c20	 x12:0x00000000 x29:0x00000000
       12445000	      1243	00000000	00000013	addi	x0,x0,0	  x0:0x00000000
       12455000	      1244	80001c1c	00000013	addi	x0,x0,0	  x0:0x00000000
       12465000	      1245	80001c20	0081ffb3	and	x31,x3,x8	  x3:0x143c1a88  x8:0x00000000 x31=0x00000000
       12475000	      1246	80001c24	0119c033	xor	x0,x19,x17	 x19:0x80009f54 x17:0xfffffc7f
       12485000	      1247	80001c28	411884b3	sub	x9,x17,x17	 x17:0xfffffc7f x17:0xfffffc7f  x9=0x00000000
       12495000	      1248	80001c2c	013314b3	sll	x9,x6,x19	  x6:0x00000057 x19:0x80009f54  x9=0x05700000
       12505000	      1249	80001c30	41fcd313	srai	x6,x25,0x1f	 x25:0x00000000  x6=0x00000000
       12515000	      1250	80001c34	00b85333	srl	x6,x16,x11	 x16:0xf47fdb24 x11:0x00000000  x6=0xf47fdb24
       12525000	      1251	80001c38	01711463	bne	x2,x23,80001c40	  x2:0x00000000 x23:0x80009f54
       12535000	      1252	00000000	00000013	addi	x0,x0,0	  x0:0x00000000
       12545000	      1253	80001c3c	00000013	addi	x0,x0,0	  x0:0x00000000
       12555000	      1254	80001c40	038a3493	sltiu	x9,x20,56	 x20:0x00000000  x9=0x00000001
       12565000	      1255	80001c44	01a7db33	srl	x22,x15,x26	 x15:0x143c1a88 x26:0x066aca84 x22=0x0143c1a8
       12575000	      1256	80001c48	005d61b3	or	x3,x26,x5	 x26:0x066aca84  x5:0x00000001  x3=0x066aca85
       12585000	      1257	80001c4c	013fda93	srli	x21,x31,0x13	 x31:0x00000000 x21=0x00000000
       12595000	      1258	80001c50	8ad84693	xori	x13,x16,-1875	 x16:0xf47fdb24 x13=0x0b802389
       12605000	      1259	80001c54	00efa7b3	slt	x15,x31,x14	 x31:0x00000000 x14:0x000006a9 x15=0x00000001
       12615000	      1260	80001c58	04ff0063	beq	x30,x15,80001c98	 x30:0x00000000 x15:0x00000001
       12625000	      1261	80001c5c	74b3cdb7	lui	x27,0x74b3c	 x27=0x74b3c000
       12635000	      1262	80001c60	009daf33	slt	x30,x27,x9	 x27:0x74b3c000  x9:0x00000001 x30=0x00000000
       12645000	      1263	80001c64	00000013	addi	x0,x0,0	  x0:0x00000000
       12655000	      1264	80001c68	01ec6cb3	or	x25,x24,x30	 x24:0x80009fc4 x30:0x00000000 x25=0x80009fc4
       12665000	      1265	80001c6c	412107b3	sub	x15,x2,x18	  x2:0x00000000 x18:0x00000000 x15=0x00000000
       12675000	      1266	80001c70	5e624613	xori	x12,x4,1510	  x4:0x00000000 x12=0x000005e6
       12685000	      1267	80001c74	f7aab513	sltiu	x10,x21,-134	 x21:0x00000000 x10=0x00000001
       12695000	      1268	80001c78	0029eab3	or	x21,x19,x2	 x19:0x80009f54  x2:0x00000000 x21=0x80009f54
       12705000	      1269	80001c7c	c6deb493	sltiu	x9,x29,-915	 x29:0x00000000  x9=0x00000001
       12715000	      1270	80001c80	02478263	beq	x15,x4,80001ca4	 x15:0x00000000  x4:0x00000000
       12725000	      1271	00000000	00000013	addi	x0,x0,0	  x0:0x00000000
       12735000	      1272	80001ca0	00000013	addi	x0,x0,0	  x0:0x00000000
       12745000	      1273	80001ca4	c718e493	ori	x9,x17,-911	 x17:0xfffffc7f  x9=0xfffffc7f
       12755000	      1274	80001ca8	00a15e93	srli	x29,x2,0xa	  x2:0x00000000 x29=0x00000000
       12765000	      1275	80001cac	00395d13	srli	x26,x18,0x3	 x18:0x00000000 x26=0x00000000
       12775000	      1276	80001cb0	3c3c4d13	xori	x26,x24,963	 x24:0x80009fc4 x26=0x80009c07
       12785000	      1277	80001cb4	04b79663	bne	x15,x11,80001d00	 x15:0x00000000 x11:0x00000000
       12795000	      1278	80001cb8	00009893	slli	x17,x1,0x0	  x1:0x00000000 x17=0x00000000
       12805000	      1279	80001cbc	1dc1c393	xori	x7,x3,476	  x3:0x066aca85  x7=0x066acb59
       12815000	      1280	80001cc0	a8197d13	andi	x26,x18,-1407	 x18:0x00000000 x26=0x00000000
       12825000	      1281	80001cc4	01239613	slli	x12,x7,0x12	  x7:0x066acb59 x12=0x2d640000
       12835000	      1282	80001cc8	0251f263	bgeu	x3,x5,80001cec	  x3:0x066aca85  x5:0x00000001
       12845000	      1283	00000000	00000013	addi	x0,x0,0	  x0:0x00000000
       12855000	      1284	80001ce8	00000013	addi	x0,x0,0	  x0:0x00000000
       12865000	      1285	80001cec	60ae8d93	addi	x27,x29,1546	 x29:0x00000000 x27=0x0000060a
       12875000	      1286	80001cf0	00a501b3	add	x3,x10,x10	 x10:0x00000001 x10:0x00000001  x3=0x00000002
       12885000	      1287	80001cf4	00c1dcb3	srl	x25,x3,x12	  x3:0x00000002 x12:0x2d640000 x25=0x00000002
       12895000	      1288	80001cf8	eddc2d93	slti	x27,x24,-291	 x24:0x80009fc4 x27=0x00000001
       12905000	      1289	80001cfc	5b96a493	slti	x9,x13,1465	 x13:0x0b802389  x9=0x00000000
       12915000	      1290	80001d00	409d56b3	sra	x13,x26,x9	 x26:0x00000000  x9:0x00000000 x13=0x00000000
       12925000	      1291	80001d04	01154263	blt	x10,x17,80001d08	 x10:0x00000001 x17:0x00000000
       12935000	      1292	80001d08	10332313	slti	x6,x6,259	  x6:0xf47fdb24  x6=0x00000001
       12945000	      1293	80001d0c	407b5293	srai	x5,x22,0x7	 x22:0x0143c1a8  x5=0x00028783
       12955000	      1294	80001d10	87ad9317	auipc	x6,0x87ad9	  x6=0x07adad0c
       12965000	      1295	80001d14	00365863	bge	x12,x3,80001d24	 x12:0x2d640000  x3:0x00000002
       12975000	      1296	00000000	00000013	addi	x0,x0,0	  x0:0x00000000
       12985000	      1297	80001d20	00000013	addi	x0,x0,0	  x0:0x00000000
       12995000	      1298	80001d24	053bf863	bgeu	x23,x19,80001d74	 x23:0x80009f54 x19:0x80009f54
       13005000	      1299	00000000	00000013	addi	x0,x0,0	  x0:0x00000000
       13015000	      1300	80001d70	00000013	addi	x0,x0,0	  x0:0x00000000
       13025000	      1301	80001d74	005700b3	add	x1,x14,x5	 x14:0x000006a9  x5:0x00028783  x1=0x00028e2c
       13035000	      1302	80001d78	c950b417	auipc	x8,0xc950b	  x8=0x4950cd74
       13045000	      1303	80001d7c	00415e33	srl	x28,x2,x4	  x2:0x00000000  x4:0x00000000 x28=0x00000000
       13055000	      1304	80001d80	0104c7b3	xor	x15,x9,x16	  x9:0x00000000 x16:0xf47fdb24 x15=0xf47fdb24
       13065000	      1305	80001d84	780d9c97	auipc	x25,0x780d9	 x25=0xf80dad80
       13075000	      1306	80001d88	01469e33	sll	x28,x13,x20	 x13:0x00000000 x20:0x00000000 x28=0x00000000
       13085000	      1307	80001d8c	7dc6a193	slti	x3,x13,2012	 x13:0x00000000  x3=0x00000001
       13095000	      1308	80001d90	00e51033	sll	x0,x10,x14	 x10:0x00000001 x14:0x000006a9
       13105000	      1309	80001d94	3a1a3f93	sltiu	x31,x20,929	 x20:0x00000000 x31=0x00000001
       13115000	      1310	80001d98	01d58db3	add	x27,x11,x29	 x11:0x00000000 x29:0x00000000 x27=0x00000000
       13125000	      1311	80001d9c	00007117	auipc	x2,0x7	  x2=0x80008d98
       13135000	      1312	80001da0	b5610113	addi	x2,x2,-1194	  x2:0x80008d98  x2=0x800088ee
       13145000	      1313	80001da4	39b10603	lb	x12,923(x2)	  x2:0x800088ee x12=0x00000000 PA:0x80008c89
       13155000	      1314	80001da8	27311423	sh	x19,616(x2)	  x2:0x800088ee x19:0x80009f54 PA:0x80008b56
       13165000	      1315	80001dac	6c210023	sb	x2,1728(x2)	  x2:0x800088ee  x2:0x800088ee PA:0x80008fae
       13175000	      1316	80001db0	02212d83	lw	x27,34(x2)	  x2:0x800088ee x27=0x00000000 PA:0x80008910
       13185000	      1317	80001db4	4d887b13	andi	x22,x16,1240	 x16:0xf47fdb24 x22=0x00000000
       13195000	      1318	80001db8	30666293	ori	x5,x12,774	 x12:0x00000000  x5=0x00000306
       13205000	      1319	80001dbc	00939db3	sll	x27,x7,x9	  x7:0x066acb59  x9:0x00000000 x27=0x066acb59
       13215000	      1320	80001dc0	3c414683	lbu	x13,964(x2)	  x2:0x800088ee x13=0x00000000 PA:0x80008cb2
       13225000	      1321	80001dc4	f320c2b7	lui	x5,0xf320c	  x5=0xf320c000
       13235000	      1322	80001dc8	909c6e93	ori	x29,x24,-1783	 x24:0x80009fc4 x29=0xffffffcd
       13245000	      1323	80001dcc	fe16e393	ori	x7,x13,-31	 x13:0x00000000  x7=0xffffffe1
       13255000	      1324	80001dd0	55d14e83	lbu	x29,1373(x2)	  x2:0x800088ee x29=0x00000000 PA:0x80008e4b
       13265000	      1325	80001dd4	00454333	xor	x6,x10,x4	 x10:0x00000001  x4:0x00000000  x6=0x00000001
       13275000	      1326	80001dd8	00087db3	and	x27,x16,x0	 x16:0xf47fdb24  x0:0x00000000 x27=0x00000000
       13285000	      1327	80001ddc	34312723	sw	x3,846(x2)	  x2:0x800088ee  x3:0x00000001 PA:0x80008c3c
       13295000	      1328	80001de0	06a11203	lh	x4,106(x2)	  x2:0x800088ee  x4=0x00000000 PA:0x80008958
       13305000	      1329	80001de4	177e2793	slti	x15,x28,375	 x28:0x00000000 x15=0x00000001
       13315000	      1330	80001de8	06914403	lbu	x8,105(x2)	  x2:0x800088ee  x8=0x00000000 PA:0x80008957
       13325000	      1331	80001dec	1d714403	lbu	x8,471(x2)	  x2:0x800088ee  x8=0x00000000 PA:0x80008ac5
       13335000	      1332	80001df0	01f10a23	sb	x31,20(x2)	  x2:0x800088ee x31:0x00000001 PA:0x80008902
       13345000	      1333	80001df4	4f114783	lbu	x15,1265(x2)	  x2:0x800088ee x15=0x00000059 PA:0x80008ddf
       13355000	      1334	80001df8	28d10f03	lb	x30,653(x2)	  x2:0x800088ee x30=0x00000000 PA:0x80008b7b
       13365000	      1335	80001dfc	019bd793	srli	x15,x23,0x19	 x23:0x80009f54 x15=0x00000040
       13375000	      1336	80001e00	07514d83	lbu	x27,117(x2)	  x2:0x800088ee x27=0x00000000 PA:0x80008963
       13385000	      1337	80001e04	2593f413	andi	x8,x7,601	  x7:0xffffffe1  x8=0x00000241
       13395000	      1338	80001e08	002a0433	add	x8,x20,x2	 x20:0x00000000  x2:0x800088ee  x8=0x800088ee
       13405000	      1339	80001e0c	29610f83	lb	x31,662(x2)	  x2:0x800088ee x31=0x00000000 PA:0x80008b84
       13415000	      1340	80001e10	006c9e93	slli	x29,x25,0x6	 x25:0xf80dad80 x29=0x036b6000
       13425000	      1341	80001e14	2c110d83	lb	x27,705(x2)	  x2:0x800088ee x27=0x00000000 PA:0x80008baf
       13435000	      1342	80001e18	57610f03	lb	x30,1398(x2)	  x2:0x800088ee x30=0x00000000 PA:0x80008e64
       13445000	      1343	80001e1c	01feb633	sltu	x12,x29,x31	 x29:0x036b6000 x31:0x00000000 x12=0x00000000
       13455000	      1344	80001e20	3ca11c23	sh	x10,984(x2)	  x2:0x800088ee x10:0x00000001 PA:0x80008cc6
       13465000	      1345	80001e24	4132dab3	sra	x21,x5,x19	  x5:0xf320c000 x19:0x80009f54 x21=0xffffff32
       13475000	      1346	80001e28	0d810683	lb	x13,216(x2)	  x2:0x800088ee x13=0x00000000 PA:0x800089c6
       13485000	      1347	80001e2c	00a766b3	or	x13,x14,x10	 x14:0x000006a9 x10:0x00000001 x13=0x000006a9
       13495000	      1348	80001e30	e39f7093	andi	x1,x30,-455	 x30:0x00000000  x1=0x00000000
       13505000	      1349	80001e34	9af24793	xori	x15,x4,-1617	  x4:0x00000000 x15=0xfffff9af
       13515000	      1350	80001e38	d217ba93	sltiu	x21,x15,-735	 x15:0xfffff9af x21=0x00000001
       13525000	      1351	80001e3c	67c11e03	lh	x28,1660(x2)	  x2:0x800088ee x28=0x00000000 PA:0x80008f6a
       13535000	      1352	80001e40	004cf033	and	x0,x25,x4	 x25:0xf80dad80  x4:0x00000000
       13545000	      1353	80001e44	00000013	addi	x0,x0,0	  x0:0x00000000
       13555000	      1354	80001e48	00bcb5b3	sltu	x11,x25,x11	 x25:0xf80dad80 x11:0x00000000 x11=0x00000000
       13565000	      1355	80001e4c	016d9f33	sll	x30,x27,x22	 x27:0x00000000 x22:0x00000000 x30=0x00000000
       13575000	      1356	80001e50	4067dc93	srai	x25,x15,0x6	 x15:0xfffff9af x25=0xffffffe6
       13585000	      1357	80001e54	4b314b03	lbu	x22,1203(x2)	  x2:0x800088ee x22=0x00000000 PA:0x80008da1
       13595000	      1358	80001e58	ff2e7793	andi	x15,x28,-14	 x28:0x00000000 x15=0x00000000
       13605000	      1359	80001e5c	da753413	sltiu	x8,x10,-601	 x10:0x00000001  x8=0x00000001
       13615000	      1360	80001e60	35d10303	lb	x6,861(x2)	  x2:0x800088ee  x6=0x00000000 PA:0x80008c4b
       13625000	      1361	80001e64	21914c83	lbu	x25,537(x2)	  x2:0x800088ee x25=0x00000000 PA:0x80008b07
       13635000	      1362	80001e68	05c11583	lh	x11,92(x2)	  x2:0x800088ee x11=0x00000000 PA:0x8000894a
       13645000	      1363	00000000	00000013	addi	x0,x0,0	  x0:0x00000000
       13655000	      1364	80001e6c	00b629b3	slt	x19,x12,x11	 x12:0x00000000 x11:0x00000000 x19=0x00000000
       13665000	      1365	80001e70	60310f83	lb	x31,1539(x2)	  x2:0x800088ee x31=0x00000000 PA:0x80008ef1
       13675000	      1366	80001e74	17c11523	sh	x28,362(x2)	  x2:0x800088ee x28:0x00000000 PA:0x80008a58
       13685000	      1367	80001e78	04ddd663	bge	x27,x13,80001ec4	 x27:0x00000000 x13:0x000006a9
       13695000	      1368	80001e7c	41e2de33	sra	x28,x5,x30	  x5:0xf320c000 x30:0x00000000 x28=0xf320c000
       13705000	      1369	80001e80	0f09af93	slti	x31,x19,240	 x19:0x00000000 x31=0x00000001
       13715000	      1370	80001e84	b9343913	sltiu	x18,x8,-1133	  x8:0x00000001 x18=0x00000001
       13725000	      1371	80001e88	2ca0a113	slti	x2,x1,714	  x1:0x00000000  x2=0x00000001
       13735000	      1372	80001e8c	40f40533	sub	x10,x8,x15	  x8:0x00000001 x15:0x00000000 x10=0x00000001
       13745000	      1373	80001e90	69782537	lui	x10,0x69782	 x10=0x69782000
       13755000	      1374	80001e94	05f55063	bge	x10,x31,80001ed4	 x10:0x69782000 x31:0x00000001
       13765000	      1375	00000000	00000013	addi	x0,x0,0	  x0:0x00000000
       13775000	      1376	80001ed0	00000013	addi	x0,x0,0	  x0:0x00000000
       13785000	      1377	80001ed4	a1343a97	auipc	x21,0xa1343	 x21=0x21344ed0
       13795000	      1378	80001ed8	014fbf33	sltu	x30,x31,x20	 x31:0x00000001 x20:0x00000000 x30=0x00000000
       13805000	      1379	80001edc	30c4b213	sltiu	x4,x9,780	  x9:0x00000000  x4=0x00000001
       13815000	      1380	80001ee0	bb5f3693	sltiu	x13,x30,-1099	 x30:0x00000000 x13=0x00000001
       13825000	      1381	80001ee4	01a8e993	ori	x19,x17,26	 x17:0x00000000 x19=0x0000001a
       13835000	      1382	80001ee8	02f67063	bgeu	x12,x15,80001f08	 x12:0x00000000 x15:0x00000000
       13845000	      1383	00000000	00000013	addi	x0,x0,0	  x0:0x00000000
       13855000	      1384	80001f04	00000013	addi	x0,x0,0	  x0:0x00000000
       13865000	      1385	80001f08	013695b3	sll	x11,x13,x19	 x13:0x00000001 x19:0x0000001a x11=0x04000000
       13875000	      1386	80001f0c	01a2b333	sltu	x6,x5,x26	  x5:0xf320c000 x26:0x00000000  x6=0x00000000
       13885000	      1387	80001f10	01e14e33	xor	x28,x2,x30	  x2:0x00000001 x30:0x00000000 x28=0x00000001
       13895000	      1388	80001f14	7d7cf813	andi	x16,x25,2007	 x25:0x00000000 x16=0x00000000
       13905000	      1389	80001f18	004d8663	beq	x27,x4,80001f24	 x27:0x00000000  x4:0x00000001
       13915000	      1390	80001f1c	40318ab3	sub	x21,x3,x3	  x3:0x00000001  x3:0x00000001 x21=0x00000000
       13925000	      1391	80001f20	043ad263	bge	x21,x3,80001f64	 x21:0x00000000  x3:0x00000001
       13935000	      1392	80001f24	40968ab3	sub	x21,x13,x9	 x13:0x00000001  x9:0x00000000 x21=0x00000001
       13945000	      1393	80001f28	1c793d93	sltiu	x27,x18,455	 x18:0x00000001 x27=0x00000001
       13955000	      1394	80001f2c	03fa1063	bne	x20,x31,80001f4c	 x20:0x00000000 x31:0x00000001
       13965000	      1395	00000000	00000013	addi	x0,x0,0	  x0:0x00000000
       13975000	      1396	80001f48	00000013	addi	x0,x0,0	  x0:0x00000000
       13985000	      1397	80001f4c	39be7913	andi	x18,x28,923	 x28:0x00000001 x18=0x00000001
       13995000	      1398	80001f50	0017a4b3	slt	x9,x15,x1	 x15:0x00000000  x1:0x00000000  x9=0x00000000
       14005000	      1399	80001f54	01a1b533	sltu	x10,x3,x26	  x3:0x00000001 x26:0x00000000 x10=0x00000000
       14015000	      1400	80001f58	01cd0d33	add	x26,x26,x28	 x26:0x00000000 x28:0x00000001 x26=0x00000001
       14025000	      1401	80001f5c	0531c463	blt	x3,x19,80001fa4	  x3:0x00000001 x19:0x0000001a
       14035000	      1402	00000000	00000013	addi	x0,x0,0	  x0:0x00000000
       14045000	      1403	80001fa0	00000013	addi	x0,x0,0	  x0:0x00000000
       14055000	      1404	80001fa4	0135e2b3	or	x5,x11,x19	 x11:0x04000000 x19:0x0000001a  x5=0x0400001a
       14065000	      1405	80001fa8	41c45513	srai	x10,x8,0x1c	  x8:0x00000001 x10=0x00000000
       14075000	      1406	80001fac	01ecd463	bge	x25,x30,80001fb4	 x25:0x00000000 x30:0x00000000
       14085000	      1407	00000000	00000013	addi	x0,x0,0	  x0:0x00000000
       14095000	      1408	80001fb0	00000013	addi	x0,x0,0	  x0:0x00000000
       14105000	      1409	80001fb4	0af6ec93	ori	x25,x13,175	 x13:0x00000001 x25=0x000000af
       14115000	      1410	80001fb8	41e1d133	sra	x2,x3,x30	  x3:0x00000001 x30:0x00000000  x2=0x00000001
       14125000	      1411	80001fbc	41ed0933	sub	x18,x26,x30	 x26:0x00000001 x30:0x00000000 x18=0x00000001
       14135000	      1412	80001fc0	01869093	slli	x1,x13,0x18	 x13:0x00000001  x1=0x01000000
       14145000	      1413	80001fc4	20f22a97	auipc	x21,0x20f22	 x21=0xa0f23fc0
       14155000	      1414	80001fc8	0192a933	slt	x18,x5,x25	  x5:0x0400001a x25:0x000000af x18=0x00000000
       14165000	      1415	80001fcc	a1d14d93	xori	x27,x2,-1507	  x2:0x00000001 x27=0xfffffa1c
       14175000	      1416	80001fd0	a5d63313	sltiu	x6,x12,-1443	 x12:0x00000000  x6=0x00000001
       14185000	      1417	80001fd4	010d4463	blt	x26,x16,80001fdc	 x26:0x00000001 x16:0x00000000
       14195000	      1418	80001fd8	0048a8b3	slt	x17,x17,x4	 x17:0x00000000  x4:0x00000001 x17=0x00000001
       14205000	      1419	80001fdc	40c601b3	sub	x3,x12,x12	 x12:0x00000000 x12:0x00000000  x3=0x00000000
       14215000	      1420	80001fe0	01e237b3	sltu	x15,x4,x30	  x4:0x00000001 x30:0x00000000 x15=0x00000000
       14225000	      1421	80001fe4	004bad03	lw	x26,4(x23)	 x23:0x80009f54 x26=0x80000f18 PA:0x80009f58
       14235000	      1422	80001fe8	00dba133	slt	x2,x23,x13	 x23:0x80009f54 x13:0x00000001  x2=0x00000001
       14245000	      1423	80001fec	8be3ae93	slti	x29,x7,-1858	  x7:0xffffffe1 x29=0x00000000
       14255000	      1424	80001ff0	024b8b93	addi	x23,x23,36	 x23:0x80009f54 x23=0x80009f78
       14265000	      1425	80001ff4	00000013	addi	x0,x0,0	  x0:0x00000000
       14275000	      1426	80001ff8	001d0a93	addi	x21,x26,1	 x26:0x80000f18 x21=0x80000f19
       14285000	      1427	80001ffc	000a8ae7	jalr	x21,x21,0	 x21:0x80000f19 x21=0x80001ffc
       14295000	      1428	00000000	00000013	addi	x0,x0,0	  x0:0x00000000
       14305000	      1429	80000f18	00000013	addi	x0,x0,0	  x0:0x00000000
       14315000	      1430	80000f1c	41418633	sub	x12,x3,x20	  x3:0x00000000 x20:0x00000000 x12=0x00000000
       14325000	      1431	80000f20	03655063	bge	x10,x22,80000f40	 x10:0x00000000 x22:0x00000000
       14335000	      1432	00000000	00000013	addi	x0,x0,0	  x0:0x00000000
       14345000	      1433	80000f3c	00000013	addi	x0,x0,0	  x0:0x00000000
       14355000	      1434	80000f40	01278633	add	x12,x15,x18	 x15:0x00000000 x18:0x00000000 x12=0x00000000
       14365000	      1435	80000f44	ebe5e893	ori	x17,x11,-322	 x11:0x04000000 x17=0xfffffebe
       14375000	      1436	80000f48	40528fb3	sub	x31,x5,x5	  x5:0x0400001a  x5:0x0400001a x31=0x00000000
       14385000	      1437	80000f4c	00225e13	srli	x28,x4,0x2	  x4:0x00000001 x28=0x00000000
       14395000	      1438	80000f50	1509b593	sltiu	x11,x19,336	 x19:0x0000001a x11=0x00000001
       14405000	      1439	80000f54	0018db33	srl	x22,x17,x1	 x17:0xfffffebe  x1:0x01000000 x22=0xfffffebe
       14415000	      1440	80000f58	523dbb13	sltiu	x22,x27,1315	 x27:0xfffffa1c x22=0x00000000
       14425000	      1441	80000f5c	8f7b7913	andi	x18,x22,-1801	 x22:0x00000000 x18=0x00000000
       14435000	      1442	80000f60	007e6c63	bltu	x28,x7,80000f78	 x28:0x00000000  x7:0xffffffe1
       14445000	      1443	00000000	00000013	addi	x0,x0,0	  x0:0x00000000
       14455000	      1444	80000f74	00000013	addi	x0,x0,0	  x0:0x00000000
       14465000	      1445	80000f78	4a752613	slti	x12,x10,1191	 x10:0x00000000 x12=0x00000001
       14475000	      1446	80000f7c	0035c533	xor	x10,x11,x3	 x11:0x00000001  x3:0x00000000 x10=0x00000001
       14485000	      1447	80000f80	0117edb3	or	x27,x15,x17	 x15:0x00000000 x17:0xfffffebe x27=0xfffffebe
       14495000	      1448	80000f84	e1186b37	lui	x22,0xe1186	 x22=0xe1186000
       14505000	      1449	80000f88	01e69913	slli	x18,x13,0x1e	 x13:0x00000001 x18=0x40000000
       14515000	      1450	80000f8c	b1eb2113	slti	x2,x22,-1250	 x22:0xe1186000  x2=0x00000001
       14525000	      1451	80000f90	009037b3	sltu	x15,x0,x9	  x0:0x00000000  x9:0x00000000 x15=0x00000000
       14535000	      1452	80000f94	010738b3	sltu	x17,x14,x16	 x14:0x000006a9 x16:0x00000000 x17=0x00000000
       14545000	      1453	80000f98	d2bb2513	slti	x10,x22,-725	 x22:0xe1186000 x10=0x00000001
       14555000	      1454	80000f9c	ea69af93	slti	x31,x19,-346	 x19:0x0000001a x31=0x00000000
       14565000	      1455	80000fa0	05971063	bne	x14,x25,80000fe0	 x14:0x000006a9 x25:0x000000af
       14575000	      1456	00000000	00000013	addi	x0,x0,0	  x0:0x00000000
       14585000	      1457	80000fdc	00000013	addi	x0,x0,0	  x0:0x00000000
       14595000	      1458	80000fe0	02eddc63	bge	x27,x14,80001018	 x27:0xfffffebe x14:0x000006a9
       14605000	      1459	80000fe4	00062f33	slt	x30,x12,x0	 x12:0x00000001  x0:0x00000000 x30=0x00000000
       14615000	      1460	80000fe8	0147d093	srli	x1,x15,0x14	 x15:0x00000000  x1=0x00000000
       14625000	      1461	80000fec	e2eb9d37	lui	x26,0xe2eb9	 x26=0xe2eb9000
       14635000	      1462	80000ff0	415dd113	srai	x2,x27,0x15	 x27:0xfffffebe  x2=0xffffffff
       14645000	      1463	80000ff4	0184fb13	andi	x22,x9,24	  x9:0x00000000 x22=0x00000000
       14655000	      1464	80000ff8	3eaa7313	andi	x6,x20,1002	 x20:0x00000000  x6=0x00000000
       14665000	      1465	80000ffc	3f4a7d13	andi	x26,x20,1012	 x20:0x00000000 x26=0x00000000
       14675000	      1466	80001000	3b3e0c93	addi	x25,x28,947	 x28:0x00000000 x25=0x000003b3
       14685000	      1467	80001004	e9d97f13	andi	x30,x18,-355	 x18:0x40000000 x30=0x40000000
       14695000	      1468	80001008	01f28033	add	x0,x5,x31	  x5:0x0400001a x31:0x00000000
       14705000	      1469	8000100c	011ca4b3	slt	x9,x25,x17	 x25:0x000003b3 x17:0x00000000  x9=0x00000000
       14715000	      1470	80001010	70abe613	ori	x12,x23,1802	 x23:0x80009f78 x12=0x80009f7a
       14725000	      1471	80001014	01dbd833	srl	x16,x23,x29	 x23:0x80009f78 x29:0x00000000 x16=0x80009f78
       14735000	      1472	80001018	0358ca63	blt	x17,x21,8000104c	 x17:0x00000000 x21:0x80001ffc
       14745000	      1473	8000101c	032b6863	bltu	x22,x18,8000104c	 x22:0x00000000 x18:0x40000000
       14755000	      1474	00000000	00000013	addi	x0,x0,0	  x0:0x00000000
       14765000	      1475	80001048	00000013	addi	x0,x0,0	  x0:0x00000000
       14775000	      1476	8000104c	00000013	addi	x0,x0,0	  x0:0x00000000
       14785000	      1477	80001050	0137a2b3	slt	x5,x15,x19	 x15:0x00000000 x19:0x0000001a  x5=0x00000001
       14795000	      1478	80001054	40ed0eb3	sub	x29,x26,x14	 x26:0x00000000 x14:0x000006a9 x29=0xfffff957
       14805000	      1479	80001058	00b1e6b3	or	x13,x3,x11	  x3:0x00000000 x11:0x00000001 x13=0x00000001
       14815000	      1480	8000105c	01099893	slli	x17,x19,0x10	 x19:0x0000001a x17=0x001a0000
       14825000	      1481	80001060	013dd133	srl	x2,x27,x19	 x27:0xfffffebe x19:0x0000001a  x2=0x0000003f
       14835000	      1482	80001064	03eaee63	bltu	x21,x30,800010a0	 x21:0x80001ffc x30:0x40000000
       14845000	      1483	80001068	772d7513	andi	x10,x26,1906	 x26:0x00000000 x10=0x00000000
       14855000	      1484	8000106c	0b22e693	ori	x13,x5,178	  x5:0x00000001 x13=0x000000b3
       14865000	      1485	80001070	020bdc63	bge	x23,x0,800010a8	 x23:0x80009f78  x0:0x00000000
       14875000	      1486	80001074	002e7a63	bgeu	x28,x2,80001088	 x28:0x00000000  x2:0x0000003f
       14885000	      1487	80001078	028c8663	beq	x25,x8,800010a4	 x25:0x000003b3  x8:0x00000001
       14895000	      1488	8000107c	00c70933	add	x18,x14,x12	 x14:0x000006a9 x12:0x80009f7a x18=0x8000a623
       14905000	      1489	80001080	00000013	addi	x0,x0,0	  x0:0x00000000
       14915000	      1490	80001084	fae06d13	ori	x26,x0,-82	  x0:0x00000000 x26=0xffffffae
       14925000	      1491	80001088	41e28cb3	sub	x25,x5,x30	  x5:0x00000001 x30:0x40000000 x25=0xc0000001
       14935000	      1492	8000108c	05434863	blt	x6,x20,800010dc	  x6:0x00000000 x20:0x00000000
       14945000	      1493	80001090	01db4133	xor	x2,x22,x29	 x22:0x00000000 x29:0xfffff957  x2=0xfffff957
       14955000	      1494	80001094	13da4213	xori	x4,x20,317	 x20:0x00000000  x4=0x0000013d
       14965000	      1495	80001098	05bc9263	bne	x25,x27,800010dc	 x25:0xc0000001 x27:0xfffffebe
       14975000	      1496	00000000	00000013	addi	x0,x0,0	  x0:0x00000000
       14985000	      1497	800010d8	00000013	addi	x0,x0,0	  x0:0x00000000
       14995000	      1498	800010dc	027afe63	bgeu	x21,x7,80001118	 x21:0x80001ffc  x7:0xffffffe1
       15005000	      1499	800010e0	026fde63	bge	x31,x6,8000111c	 x31:0x00000000  x6:0x00000000
       15015000	      1500	00000000	00000013	addi	x0,x0,0	  x0:0x00000000
       15025000	      1501	80001118	00000013	addi	x0,x0,0	  x0:0x00000000
       15035000	      1502	8000111c	05326063	bltu	x4,x19,8000115c	  x4:0x0000013d x19:0x0000001a
       15045000	      1503	80001120	41ef5113	srai	x2,x30,0x1e	 x30:0x40000000  x2=0x00000001
       15055000	      1504	80001124	016fcc63	blt	x31,x22,8000113c	 x31:0x00000000 x22:0x00000000
       15065000	      1505	80001128	41bb5b33	sra	x22,x22,x27	 x22:0x00000000 x27:0xfffffebe x22=0x00000000
       15075000	      1506	8000112c	02535a63	bge	x6,x5,80001160	  x6:0x00000000  x5:0x00000001
       15085000	      1507	80001130	01115f33	srl	x30,x2,x17	  x2:0x00000001 x17:0x001a0000 x30=0x00000001
       15095000	      1508	80001134	f5d70093	addi	x1,x14,-163	 x14:0x000006a9  x1=0x00000606
       15105000	      1509	80001138	b2a9e313	ori	x6,x19,-1238	 x19:0x0000001a  x6=0xfffffb3a
       15115000	      1510	8000113c	01de0533	add	x10,x28,x29	 x28:0x00000000 x29:0xfffff957 x10=0xfffff957
       15125000	      1511	80001140	02285263	bge	x16,x2,80001164	 x16:0x80009f78  x2:0x00000001
       15135000	      1512	80001144	4041d493	srai	x9,x3,0x4	  x3:0x00000000  x9=0x00000000
       15145000	      1513	80001148	ab80b713	sltiu	x14,x1,-1352	  x1:0x00000606 x14=0x00000001
       15155000	      1514	8000114c	0092a733	slt	x14,x5,x9	  x5:0x00000001  x9:0x00000000 x14=0x00000000
       15165000	      1515	80001150	03c75663	bge	x14,x28,8000117c	 x14:0x00000000 x28:0x00000000
       15175000	      1516	00000000	00000013	addi	x0,x0,0	  x0:0x00000000
       15185000	      1517	80001178	00000013	addi	x0,x0,0	  x0:0x00000000
       15195000	      1518	8000117c	05539263	bne	x7,x21,800011c0	  x7:0xffffffe1 x21:0x80001ffc
       15205000	      1519	00000000	00000013	addi	x0,x0,0	  x0:0x00000000
       15215000	      1520	800011bc	00000013	addi	x0,x0,0	  x0:0x00000000
       15225000	      1521	800011c0	038c8c63	beq	x25,x24,800011f8	 x25:0xc0000001 x24:0x80009fc4
       15235000	      1522	800011c4	b50d7593	andi	x11,x26,-1200	 x26:0xffffffae x11=0xfffffb00
       15245000	      1523	800011c8	52c5e813	ori	x16,x11,1324	 x11:0xfffffb00 x16=0xffffff2c
       15255000	      1524	800011cc	03b25e63	bge	x4,x27,80001208	  x4:0x0000013d x27:0xfffffebe
       15265000	      1525	00000000	00000013	addi	x0,x0,0	  x0:0x00000000
       15275000	      1526	80001204	00000013	addi	x0,x0,0	  x0:0x00000000
       15285000	      1527	80001208	40035ab3	sra	x21,x6,x0	  x6:0xfffffb3a  x0:0x00000000 x21=0xfffffb3a
       15295000	      1528	8000120c	d90d2f93	slti	x31,x26,-624	 x26:0xffffffae x31=0x00000000
       15305000	      1529	80001210	d94cc893	xori	x17,x25,-620	 x25:0xc0000001 x17=0x3ffffd95
       15315000	      1530	80001214	d7ad25b7	lui	x11,0xd7ad2	 x11=0xd7ad2000
       15325000	      1531	80001218	01589293	slli	x5,x17,0x15	 x17:0x3ffffd95  x5=0xb2a00000
       15335000	      1532	8000121c	419e5293	srai	x5,x28,0x19	 x28:0x00000000  x5=0x00000000
       15345000	      1533	80001220	014cadb3	slt	x27,x25,x20	 x25:0xc0000001 x20:0x00000000 x27=0x00000001
       15355000	      1534	80001224	00b58a63	beq	x11,x11,80001238	 x11:0xd7ad2000 x11:0xd7ad2000
       15365000	      1535	00000000	00000013	addi	x0,x0,0	  x0:0x00000000
       15375000	      1536	80001234	00000013	addi	x0,x0,0	  x0:0x00000000
       15385000	      1537	80001238	00a0bb33	sltu	x22,x1,x10	  x1:0x00000606 x10:0xfffff957 x22=0x00000001
       15395000	      1538	8000123c	0105b4b3	sltu	x9,x11,x16	 x11:0xd7ad2000 x16:0xffffff2c  x9=0x00000001
       15405000	      1539	80001240	405c80b3	sub	x1,x25,x5	 x25:0xc0000001  x5:0x00000000  x1=0xc0000001
       15415000	      1540	80001244	031b8c63	beq	x23,x17,8000127c	 x23:0x80009f78 x17:0x3ffffd95
       15425000	      1541	80001248	03b7d863	bge	x15,x27,80001278	 x15:0x00000000 x27:0x00000001
       15435000	      1542	8000124c	03c08463	beq	x1,x28,80001274	  x1:0xc0000001 x28:0x00000000
       15445000	      1543	80001250	c33f8993	addi	x19,x31,-973	 x31:0x00000000 x19=0xfffffc33
       15455000	      1544	80001254	007685b3	add	x11,x13,x7	 x13:0x000000b3  x7:0xffffffe1 x11=0x00000094
       15465000	      1545	80001258	01fd5e93	srli	x29,x26,0x1f	 x26:0xffffffae x29=0x00000001
       15475000	      1546	8000125c	b40c7013	andi	x0,x24,-1216	 x24:0x80009fc4
       15485000	      1547	80001260	009b7e63	bgeu	x22,x9,8000127c	 x22:0x00000001  x9:0x00000001
       15495000	      1548	00000000	00000013	addi	x0,x0,0	  x0:0x00000000
       15505000	      1549	80001278	00000013	addi	x0,x0,0	  x0:0x00000000
       15515000	      1550	8000127c	1d404313	xori	x6,x0,468	  x0:0x00000000  x6=0x000001d4
       15525000	      1551	80001280	9f42bf17	auipc	x30,0x9f42b	 x30=0x1f42c27c
       15535000	      1552	80001284	40c55a93	srai	x21,x10,0xc	 x10:0xfffff957 x21=0xffffffff
       15545000	      1553	80001288	c5533713	sltiu	x14,x6,-939	  x6:0x000001d4 x14=0x00000001
       15555000	      1554	8000128c	01fb4e33	xor	x28,x22,x31	 x22:0x00000001 x31:0x00000000 x28=0x00000001
       15565000	      1555	80001290	d0539397	auipc	x7,0xd0539	  x7=0x5053a28c
       15575000	      1556	80001294	01265393	srli	x7,x12,0x12	 x12:0x80009f7a  x7=0x00002000
       15585000	      1557	80001298	004bad03	lw	x26,4(x23)	 x23:0x80009f78 x26=0x80000314 PA:0x80009f7c
       15595000	      1558	8000129c	01c243b3	xor	x7,x4,x28	  x4:0x0000013d x28:0x00000001  x7=0x0000013c
       15605000	      1559	800012a0	01a6a0b3	slt	x1,x13,x26	 x13:0x000000b3 x26:0x80000314  x1=0x00000000
       15615000	      1560	800012a4	01d39733	sll	x14,x7,x29	  x7:0x0000013c x29:0x00000001 x14=0x00000278
       15625000	      1561	800012a8	00cb8b93	addi	x23,x23,12	 x23:0x80009f78 x23=0x80009f84
       15635000	      1562	800012ac	00b6d513	srli	x10,x13,0xb	 x13:0x000000b3 x10=0x00000000
       15645000	      1563	800012b0	000d0d93	addi	x27,x26,0	 x26:0x80000314 x27=0x80000314
       15655000	      1564	800012b4	000d8de7	jalr	x27,x27,0	 x27:0x80000314 x27=0x800012b4
       15665000	      1565	00000000	00000013	addi	x0,x0,0	  x0:0x00000000
       15675000	      1566	80000314	00000013	addi	x0,x0,0	  x0:0x00000000
       15685000	      1567	80000318	4abaec93	ori	x25,x21,1195	 x21:0xffffffff x25=0xffffffff
       15695000	      1568	8000031c	006fe2b3	or	x5,x31,x6	 x31:0x00000000  x6:0x000001d4  x5=0x000001d4
       15705000	      1569	80000320	00000013	addi	x0,x0,0	  x0:0x00000000
       15715000	      1570	80000324	017cf2b3	and	x5,x25,x23	 x25:0xffffffff x23:0x80009f84  x5=0x80009f84
       15725000	      1571	80000328	0c974513	xori	x10,x14,201	 x14:0x00000278 x10=0x000002b1
       15735000	      1572	8000032c	0450f463	bgeu	x1,x5,80000374	  x1:0x00000000  x5:0x80009f84
       15745000	      1573	80000330	1d02f993	andi	x19,x5,464	  x5:0x80009f84 x19=0x00000180
       15755000	      1574	80000334	00b65f13	srli	x30,x12,0xb	 x12:0x80009f7a x30=0x00100013
       15765000	      1575	80000338	a6dbbb13	sltiu	x22,x23,-1427	 x23:0x80009f84 x22=0x00000001
       15775000	      1576	8000033c	f54be193	ori	x3,x23,-172	 x23:0x80009f84  x3=0xffffffd4
       15785000	      1577	80000340	01d2bcb3	sltu	x25,x5,x29	  x5:0x80009f84 x29:0x00000001 x25=0x00000000
       15795000	      1578	80000344	01864033	xor	x0,x12,x24	 x12:0x80009f7a x24:0x80009fc4
       15805000	      1579	80000348	00000013	addi	x0,x0,0	  x0:0x00000000
       15815000	      1580	8000034c	015b31b3	sltu	x3,x22,x21	 x22:0x00000001 x21:0xffffffff  x3=0x00000001
       15825000	      1581	80000350	02ff4863	blt	x30,x15,80000380	 x30:0x00100013 x15:0x00000000
       15835000	      1582	80000354	9bb63493	sltiu	x9,x12,-1605	 x12:0x80009f7a  x9=0x00000001
       15845000	      1583	80000358	015249b3	xor	x19,x4,x21	  x4:0x0000013d x21:0xffffffff x19=0xfffffec2
       15855000	      1584	8000035c	02198c63	beq	x19,x1,80000394	 x19:0xfffffec2  x1:0x00000000
       15865000	      1585	80000360	0144c133	xor	x2,x9,x20	  x9:0x00000001 x20:0x00000000  x2=0x00000001
       15875000	      1586	80000364	41305333	sra	x6,x0,x19	  x0:0x00000000 x19:0xfffffec2  x6=0x00000000
       15885000	      1587	80000368	047b0263	beq	x22,x7,800003ac	 x22:0x00000001  x7:0x0000013c
       15895000	      1588	8000036c	00000013	addi	x0,x0,0	  x0:0x00000000
       15905000	      1589	80000370	019d1263	bne	x26,x25,80000374	 x26:0x80000314 x25:0x00000000
       15915000	      1590	00000000	00000013	addi	x0,x0,0	  x0:0x00000000
       15925000	      1591	80000370	00000013	addi	x0,x0,0	  x0:0x00000000
       15935000	      1592	80000374	01ef3ab3	sltu	x21,x30,x30	 x30:0x00100013 x30:0x00100013 x21=0x00000000
       15945000	      1593	80000378	59912913	slti	x18,x2,1433	  x2:0x00000001 x18=0x00000001
       15955000	      1594	8000037c	410fdf93	srai	x31,x31,0x10	 x31:0x00000000 x31=0x00000000
       15965000	      1595	80000380	b836ed93	ori	x27,x13,-1149	 x13:0x000000b3 x27=0xfffffbb3
       15975000	      1596	80000384	0051e7b3	or	x15,x3,x5	  x3:0x00000001  x5:0x80009f84 x15=0x80009f85
       15985000	      1597	80000388	04799263	bne	x19,x7,800003cc	 x19:0xfffffec2  x7:0x0000013c
       15995000	      1598	00000000	00000013	addi	x0,x0,0	  x0:0x00000000
       16005000	      1599	800003c8	00000013	addi	x0,x0,0	  x0:0x00000000
       16015000	      1600	800003cc	00534833	xor	x16,x6,x5	  x6:0x00000000  x5:0x80009f84 x16=0x80009f84
       16025000	      1601	800003d0	00abc863	blt	x23,x10,800003e0	 x23:0x80009f84 x10:0x000002b1
       16035000	      1602	00000000	00000013	addi	x0,x0,0	  x0:0x00000000
       16045000	      1603	800003dc	00000013	addi	x0,x0,0	  x0:0x00000000
       16055000	      1604	800003e0	01c8d913	srli	x18,x17,0x1c	 x17:0x3ffffd95 x18=0x00000003
       16065000	      1605	800003e4	7d023f93	sltiu	x31,x4,2000	  x4:0x0000013d x31=0x00000001
       16075000	      1606	800003e8	93e8ecb7	lui	x25,0x93e8e	 x25=0x93e8e000
       16085000	      1607	800003ec	00000013	addi	x0,x0,0	  x0:0x00000000
       16095000	      1608	800003f0	93227413	andi	x8,x4,-1742	  x4:0x0000013d  x8=0x00000130
       16105000	      1609	800003f4	01f68cb3	add	x25,x13,x31	 x13:0x000000b3 x31:0x00000001 x25=0x000000b4
       16115000	      1610	800003f8	0148c8b3	xor	x17,x17,x20	 x17:0x3ffffd95 x20:0x00000000 x17=0x3ffffd95
       16125000	      1611	800003fc	e4d4a093	slti	x1,x9,-435	  x9:0x00000001  x1=0x00000000
       16135000	      1612	80000400	00264033	xor	x0,x12,x2	 x12:0x80009f7a  x2:0x00000001
       16145000	      1613	80000404	01e25f93	srli	x31,x4,0x1e	  x4:0x0000013d x31=0x00000000
       16155000	      1614	80000408	01ad76b3	and	x13,x26,x26	 x26:0x80000314 x26:0x80000314 x13=0x80000314
       16165000	      1615	8000040c	04a38863	beq	x7,x10,8000045c	  x7:0x0000013c x10:0x000002b1
       16175000	      1616	80000410	035e8c63	beq	x29,x21,80000448	 x29:0x00000001 x21:0x00000000
       16185000	      1617	80000414	40d782b3	sub	x5,x15,x13	 x15:0x80009f85 x13:0x80000314  x5=0x00009c71
       16195000	      1618	80000418	0006dd93	srli	x27,x13,0x0	 x13:0x80000314 x27=0x80000314
       16205000	      1619	8000041c	00a71f13	slli	x30,x14,0xa	 x14:0x00000278 x30=0x0009e000
       16215000	      1620	80000420	01f99db3	sll	x27,x19,x31	 x19:0xfffffec2 x31:0x00000000 x27=0xfffffec2
       16225000	      1621	80000424	400ad913	srai	x18,x21,0x0	 x21:0x00000000 x18=0x00000000
       16235000	      1622	80000428	0186beb3	sltu	x29,x13,x24	 x13:0x80000314 x24:0x80009fc4 x29=0x00000001
       16245000	      1623	8000042c	41e38333	sub	x6,x7,x30	  x7:0x0000013c x30:0x0009e000  x6=0xfff6213c
       16255000	      1624	80000430	cfc57d13	andi	x26,x10,-772	 x10:0x000002b1 x26=0x000000b0
       16265000	      1625	80000434	9cf52613	slti	x12,x10,-1585	 x10:0x000002b1 x12=0x00000000
       16275000	      1626	80000438	05931063	bne	x6,x25,80000478	  x6:0xfff6213c x25:0x000000b4
       16285000	      1627	00000000	00000013	addi	x0,x0,0	  x0:0x00000000
       16295000	      1628	80000474	00000013	addi	x0,x0,0	  x0:0x00000000
       16305000	      1629	80000478	00c5e633	or	x12,x11,x12	 x11:0x00000094 x12:0x00000000 x12=0x00000094
       16315000	      1630	8000047c	05db7463	bgeu	x22,x29,800004c4	 x22:0x00000001 x29:0x00000001
       16325000	      1631	00000000	00000013	addi	x0,x0,0	  x0:0x00000000
       16335000	      1632	800004c0	00000013	addi	x0,x0,0	  x0:0x00000000
       16345000	      1633	800004c4	00989463	bne	x17,x9,800004cc	 x17:0x3ffffd95  x9:0x00000001
       16355000	      1634	00000000	00000013	addi	x0,x0,0	  x0:0x00000000
       16365000	      1635	800004c8	00000013	addi	x0,x0,0	  x0:0x00000000
       16375000	      1636	800004cc	00e3c663	blt	x7,x14,800004d8	  x7:0x0000013c x14:0x00000278
       16385000	      1637	00000000	00000013	addi	x0,x0,0	  x0:0x00000000
       16395000	      1638	800004d4	00000013	addi	x0,x0,0	  x0:0x00000000
       16405000	      1639	800004d8	0152da93	srli	x21,x5,0x15	  x5:0x00009c71 x21=0x00000000
       16415000	      1640	800004dc	12912193	slti	x3,x2,297	  x2:0x00000001  x3=0x00000001
       16425000	      1641	800004e0	00e46033	or	x0,x8,x14	  x8:0x00000130 x14:0x00000278
       16435000	      1642	800004e4	03917c63	bgeu	x2,x25,8000051c	  x2:0x00000001 x25:0x000000b4
       16445000	      1643	800004e8	02468463	beq	x13,x4,80000510	 x13:0x80000314  x4:0x0000013d
       16455000	      1644	800004ec	052c9263	bne	x25,x18,80000530	 x25:0x000000b4 x18:0x00000000
       16465000	      1645	00000000	00000013	addi	x0,x0,0	  x0:0x00000000
       16475000	      1646	8000052c	00000013	addi	x0,x0,0	  x0:0x00000000
       16485000	      1647	80000530	004456b3	srl	x13,x8,x4	  x8:0x00000130  x4:0x0000013d x13=0x00000000
       16495000	      1648	80000534	01049d33	sll	x26,x9,x16	  x9:0x00000001 x16:0x80009f84 x26=0x00000010
       16505000	      1649	80000538	03186c63	bltu	x16,x17,80000570	 x16:0x80009f84 x17:0x3ffffd95
       16515000	      1650	8000053c	419807b3	sub	x15,x16,x25	 x16:0x80009f84 x25:0x000000b4 x15=0x80009ed0
       16525000	      1651	80000540	01559693	slli	x13,x11,0x15	 x11:0x00000094 x13=0x12800000
       16535000	      1652	80000544	01347e33	and	x28,x8,x19	  x8:0x00000130 x19:0xfffffec2 x28=0x00000000
       16545000	      1653	80000548	686f7a93	andi	x21,x30,1670	 x30:0x0009e000 x21=0x00000000
       16555000	      1654	8000054c	40be0fb3	sub	x31,x28,x11	 x28:0x00000000 x11:0x00000094 x31=0xffffff6c
       16565000	      1655	80000550	021bc063	blt	x23,x1,80000570	 x23:0x80009f84  x1:0x00000000
       16575000	      1656	00000000	00000013	addi	x0,x0,0	  x0:0x00000000
       16585000	      1657	8000056c	00000013	addi	x0,x0,0	  x0:0x00000000
       16595000	      1658	80000570	bca3e493	ori	x9,x7,-1078	  x7:0x0000013c  x9=0xfffffbfe
       16605000	      1659	80000574	dcdca997	auipc	x19,0xdcdca	 x19=0x5cdca570
       16615000	      1660	80000578	41438f33	sub	x30,x7,x20	  x7:0x0000013c x20:0x00000000 x30=0x0000013c
       16625000	      1661	8000057c	015fe4b3	or	x9,x31,x21	 x31:0xffffff6c x21:0x00000000  x9=0xffffff6c
       16635000	      1662	80000580	24324693	xori	x13,x4,579	  x4:0x0000013d x13=0x0000037e
       16645000	      1663	80000584	01208263	beq	x1,x18,80000588	  x1:0x00000000 x18:0x00000000
       16655000	      1664	00000000	00000013	addi	x0,x0,0	  x0:0x00000000
       16665000	      1665	80000584	00000013	addi	x0,x0,0	  x0:0x00000000
       16675000	      1666	80000588	00ba45b3	xor	x11,x20,x11	 x20:0x00000000 x11:0x00000094 x11=0x00000094
       16685000	      1667	8000058c	00000a17	auipc	x20,0x0	 x20=0x80000588
       16695000	      1668	80000590	00ca0a13	addi	x20,x20,12	 x20:0x80000588 x20=0x80000594
       16705000	      1669	80000594	000a0067	jalr	x0,x20,0	 x20:0x80000594
       16715000	      1670	00000000	00000013	addi	x0,x0,0	  x0:0x00000000
       16725000	      1671	80000594	00000013	addi	x0,x0,0	  x0:0x00000000
       16735000	      1672	80000598	00100193	addi	x3,x0,1	  x0:0x00000000  x3=0x00000001
       16745000	      1673	8000059c	00000073	ecall	
       16755000	      1674	800005a0	ff4b8b93	addi	x23,x23,-12	 x23:0x80009f84 x23=0x80009f78
