		Time			Cycle	PC		Insn	Decoded instruction	Register and memory contents
          65000	         5	80000004	00000293	addi	x5,x0,0	  x0:0x00000000  x5=0x00000000
          75000	         6	80000008	00000313	addi	x6,x0,0	  x0:0x00000000  x6=0x00000000
          85000	         7	8000000c	00628263	beq	x5,x6,80000010	  x5:0x00000000  x6:0x00000000
          95000	         8	00000000	00000013	addi	x0,x0,0	  x0:0x00000000
         105000	         9	8000000c	00000013	addi	x0,x0,0	  x0:0x00000000
         115000	        10	80000010	00000c97	auipc	x25,0x0	 x25=0x8000000c
         125000	        11	80000014	00cc8c93	addi	x25,x25,12	 x25:0x8000000c x25=0x80000018
         135000	        12	80000018	000c8067	jalr	x0,x25,0	 x25:0x80000018
         145000	        13	00000000	00000013	addi	x0,x0,0	  x0:0x00000000
         155000	        14	80000018	00000013	addi	x0,x0,0	  x0:0x00000000
         165000	        15	8000001c	40000a37	lui	x20,0x40000	 x20=0x40000000
         175000	        16	80000020	100a0a13	addi	x20,x20,256	 x20:0x40000000 x20=0x40000100
         185000	        17	80000024	00000013	addi	x0,x0,0	  x0:0x00000000
         195000	        18	80000028	0000a497	auipc	x9,0xa	  x9=0x8000a024
         205000	        19	8000002c	fa048493	addi	x9,x9,-96	  x9:0x8000a024  x9=0x80009fc4
         215000	        20	80000030	00003a17	auipc	x20,0x3	 x20=0x8000302c
         225000	        21	80000034	844a0a13	addi	x20,x20,-1980	 x20:0x8000302c x20=0x80002870
         235000	        22	80000038	001a6a13	ori	x20,x20,1	 x20:0x80002870 x20=0x80002871
         245000	        23	8000003c	00000013	addi	x0,x0,0	  x0:0x00000000
         255000	        24	80000040	00000a17	auipc	x20,0x0	 x20=0x8000003c
         265000	        25	80000044	020a0a13	addi	x20,x20,32	 x20:0x8000003c x20=0x8000005c
         275000	        26	80000048	00000013	addi	x0,x0,0	  x0:0x00000000
         285000	        27	8000004c	00000013	addi	x0,x0,0	  x0:0x00000000
         295000	        28	80000050	00002a37	lui	x20,0x2	 x20=0x00002000
         305000	        29	80000054	800a0a13	addi	x20,x20,-2048	 x20:0x00002000 x20=0x00001800
         315000	        30	80000058	00000013	addi	x0,x0,0	  x0:0x00000000
         325000	        31	8000005c	00000013	addi	x0,x0,0	  x0:0x00000000
         335000	        32	80000060	80000037	lui	x0,0x80000	
         345000	        33	80000064	00000013	addi	x0,x0,0	  x0:0x00000000
         355000	        34	80000068	00000093	addi	x1,x0,0	  x0:0x00000000  x1=0x00000000
         365000	        35	8000006c	80000137	lui	x2,0x80000	  x2=0x80000000
         375000	        36	80000070	239e91b7	lui	x3,0x239e9	  x3=0x239e9000
         385000	        37	80000074	3b618193	addi	x3,x3,950	  x3:0x239e9000  x3=0x239e93b6
         395000	        38	80000078	80000237	lui	x4,0x80000	  x4=0x80000000
         405000	        39	8000007c	ff9032b7	lui	x5,0xff903	  x5=0xff903000
         415000	        40	80000080	98928293	addi	x5,x5,-1655	  x5:0xff903000  x5=0xff902989
         425000	        41	80000084	00e00313	addi	x6,x0,14	  x0:0x00000000  x6=0x0000000e
         435000	        42	80000088	800003b7	lui	x7,0x80000	  x7=0x80000000
         445000	        43	8000008c	00000413	addi	x8,x0,0	  x0:0x00000000  x8=0x00000000
         455000	        44	80000090	f27bc537	lui	x10,0xf27bc	 x10=0xf27bc000
         465000	        45	80000094	58650513	addi	x10,x10,1414	 x10:0xf27bc000 x10=0xf27bc586
         475000	        46	80000098	00000593	addi	x11,x0,0	  x0:0x00000000 x11=0x00000000
         485000	        47	8000009c	00300613	addi	x12,x0,3	  x0:0x00000000 x12=0x00000003
         495000	        48	800000a0	800006b7	lui	x13,0x80000	 x13=0x80000000
         505000	        49	800000a4	00000713	addi	x14,x0,0	  x0:0x00000000 x14=0x00000000
         515000	        50	800000a8	ba0d07b7	lui	x15,0xba0d0	 x15=0xba0d0000
         525000	        51	800000ac	d0078793	addi	x15,x15,-768	 x15:0xba0d0000 x15=0xba0cfd00
         535000	        52	800000b0	fc459837	lui	x16,0xfc459	 x16=0xfc459000
         545000	        53	800000b4	e4480813	addi	x16,x16,-444	 x16:0xfc459000 x16=0xfc458e44
         555000	        54	800000b8	00700893	addi	x17,x0,7	  x0:0x00000000 x17=0x00000007
         565000	        55	800000bc	00000913	addi	x18,x0,0	  x0:0x00000000 x18=0x00000000
         575000	        56	800000c0	800009b7	lui	x19,0x80000	 x19=0x80000000
         585000	        57	800000c4	00500a13	addi	x20,x0,5	  x0:0x00000000 x20=0x00000005
         595000	        58	800000c8	80000ab7	lui	x21,0x80000	 x21=0x80000000
         605000	        59	800000cc	00900b13	addi	x22,x0,9	  x0:0x00000000 x22=0x00000009
         615000	        60	800000d0	80000bb7	lui	x23,0x80000	 x23=0x80000000
         625000	        61	800000d4	faa05c37	lui	x24,0xfaa05	 x24=0xfaa05000
         635000	        62	800000d8	6ffc0c13	addi	x24,x24,1791	 x24:0xfaa05000 x24=0xfaa056ff
         645000	        63	800000dc	00000c93	addi	x25,x0,0	  x0:0x00000000 x25=0x00000000
         655000	        64	800000e0	d3b4ad37	lui	x26,0xd3b4a	 x26=0xd3b4a000
         665000	        65	800000e4	1e7d0d13	addi	x26,x26,487	 x26:0xd3b4a000 x26=0xd3b4a1e7
         675000	        66	800000e8	00200d93	addi	x27,x0,2	  x0:0x00000000 x27=0x00000002
         685000	        67	800000ec	80000e37	lui	x28,0x80000	 x28=0x80000000
         695000	        68	800000f0	00800f13	addi	x30,x0,8	  x0:0x00000000 x30=0x00000008
         705000	        69	800000f4	80000fb7	lui	x31,0x80000	 x31=0x80000000
         715000	        70	800000f8	0000ae97	auipc	x29,0xa	 x29=0x8000a0f4
         725000	        71	800000fc	e90e8e93	addi	x29,x29,-368	 x29:0x8000a0f4 x29=0x80009f84
         735000	        72	80000100	00009117	auipc	x2,0x9	  x2=0x800090fc
         745000	        73	80000104	85410113	addi	x2,x2,-1964	  x2:0x800090fc  x2=0x80008950
         755000	        74	80000108	ff310f03	lb	x30,-13(x2)	  x2:0x80008950 x30=0x0000003b PA:0x80008943
         765000	        75	8000010c	b71e9a97	auipc	x21,0xb71e9	 x21=0x371e9108
         775000	        76	80000110	017c7933	and	x18,x24,x23	 x24:0xfaa056ff x23:0x80000000 x18=0x80000000
         785000	        77	80000114	e4de86b7	lui	x13,0xe4de8	 x13=0xe4de8000
         795000	        78	80000118	ff210c03	lb	x24,-14(x2)	  x2:0x80008950 x24=0xffffffd4 PA:0x80008942
         805000	        79	8000011c	b4d7cc13	xori	x24,x15,-1203	 x15:0xba0cfd00 x24=0x45f3064d
         815000	        80	80000120	003107a3	sb	x3,15(x2)	  x2:0x80008950  x3:0x239e93b6 PA:0x8000895f
         825000	        81	80000124	8f79bc13	sltiu	x24,x19,-1801	 x19:0x80000000 x24=0x00000001
         835000	        82	80000128	fe810b23	sb	x8,-10(x2)	  x2:0x80008950  x8:0x00000000 PA:0x80008946
         845000	        83	8000012c	b695cd37	lui	x26,0xb695c	 x26=0xb695c000
         855000	        84	80000130	7b52f213	andi	x4,x5,1973	  x5:0xff902989  x4=0x00000181
         865000	        85	80000134	40125913	srai	x18,x4,0x1	  x4:0x00000181 x18=0x000000c0
         875000	        86	80000138	af7c3213	sltiu	x4,x24,-1289	 x24:0x00000001  x4=0x00000001
         885000	        87	8000013c	00e11f83	lh	x31,14(x2)	  x2:0x80008950 x31=0xffffb6a8 PA:0x8000895e
         895000	        88	80000140	01524bb3	xor	x23,x4,x21	  x4:0x00000001 x21:0x371e9108 x23=0x371e9109
         905000	        89	80000144	01ea8b33	add	x22,x21,x30	 x21:0x371e9108 x30:0x0000003b x22=0x371e9143
         915000	        90	80000148	18e1a413	slti	x8,x3,398	  x3:0x239e93b6  x8=0x00000000
         925000	        91	8000014c	feb109a3	sb	x11,-13(x2)	  x2:0x80008950 x11:0x00000000 PA:0x80008943
         935000	        92	80000150	2d92b613	sltiu	x12,x5,729	  x5:0xff902989 x12=0x00000000
         945000	        93	80000154	ffb10a83	lb	x21,-5(x2)	  x2:0x80008950 x21=0x00000029 PA:0x8000894b
         955000	        94	80000158	00314203	lbu	x4,3(x2)	  x2:0x80008950  x4=0x0000000f PA:0x80008953
         965000	        95	8000015c	95914d93	xori	x27,x2,-1703	  x2:0x80008950 x27=0x7fff7009
         975000	        96	80000160	01431f13	slli	x30,x6,0x14	  x6:0x0000000e x30=0x00e00000
         985000	        97	80000164	00f14b03	lbu	x22,15(x2)	  x2:0x80008950 x22=0x000000b6 PA:0x8000895f
         995000	        98	80000168	ff910683	lb	x13,-7(x2)	  x2:0x80008950 x13=0xffffffe3 PA:0x80008949
        1005000	        99	8000016c	00e10e03	lb	x28,14(x2)	  x2:0x80008950 x28=0xffffffa8 PA:0x8000895e
        1015000	       100	80000170	78754613	xori	x12,x10,1927	 x10:0xf27bc586 x12=0xf27bc201
        1025000	       101	80000174	017729b3	slt	x19,x14,x23	 x14:0x00000000 x23:0x371e9109 x19=0x00000001
        1035000	       102	80000178	017fad33	slt	x26,x31,x23	 x31:0xffffb6a8 x23:0x371e9109 x26=0x00000001
        1045000	       103	8000017c	01c8f933	and	x18,x17,x28	 x17:0x00000007 x28:0xffffffa8 x18=0x00000000
        1055000	       104	80000180	008102a3	sb	x8,5(x2)	  x2:0x80008950  x8:0x00000000 PA:0x80008955
        1065000	       105	80000184	4c633813	sltiu	x16,x6,1222	  x6:0x0000000e x16=0x00000001
        1075000	       106	80000188	fe310aa3	sb	x3,-11(x2)	  x2:0x80008950  x3:0x239e93b6 PA:0x80008945
        1085000	       107	8000018c	01998733	add	x14,x19,x25	 x19:0x00000001 x25:0x00000000 x14=0x00000001
        1095000	       108	80000190	00000013	addi	x0,x0,0	  x0:0x00000000
        1105000	       109	80000194	ff310f03	lb	x30,-13(x2)	  x2:0x80008950 x30=0x00000000 PA:0x80008943
        1115000	       110	80000198	a4bc2b13	slti	x22,x24,-1461	 x24:0x00000001 x22=0x00000000
        1125000	       111	8000019c	01f8e3b3	or	x7,x17,x31	 x17:0x00000007 x31:0xffffb6a8  x7=0xffffb6af
        1135000	       112	800001a0	00611b83	lh	x23,6(x2)	  x2:0x80008950 x23=0x00001cfe PA:0x80008956
        1145000	       113	800001a4	00009117	auipc	x2,0x9	  x2=0x800091a0
        1155000	       114	800001a8	88910113	addi	x2,x2,-1911	  x2:0x800091a0  x2=0x80008a29
        1165000	       115	800001ac	013d1733	sll	x14,x26,x19	 x26:0x00000001 x19:0x00000001 x14=0x00000002
        1175000	       116	800001b0	05012da3	sw	x16,91(x2)	  x2:0x80008a29 x16:0x00000001 PA:0x80008a84
        1185000	       117	800001b4	08712903	lw	x18,135(x2)	  x2:0x80008a29 x18=0xe188883f PA:0x80008ab0
        1195000	       118	800001b8	07014903	lbu	x18,112(x2)	  x2:0x80008a29 x18=0x00000007 PA:0x80008a99
        1205000	       119	00000000	00000013	addi	x0,x0,0	  x0:0x00000000
        1215000	       120	800001bc	40e95093	srai	x1,x18,0xe	 x18:0x00000007  x1=0x00000000
        1225000	       121	800001c0	731bfd17	auipc	x26,0x731bf	 x26=0xf31bf1bc
        1235000	       122	800001c4	ffc127a3	sw	x28,-17(x2)	  x2:0x80008a29 x28:0xffffffa8 PA:0x80008a18
        1245000	       123	800001c8	018dd3b3	srl	x7,x27,x24	 x27:0x7fff7009 x24:0x00000001  x7=0x3fffb804
        1255000	       124	800001cc	f3b14583	lbu	x11,-197(x2)	  x2:0x80008a29 x11=0x0000005b PA:0x80008964
        1265000	       125	800001d0	01f79093	slli	x1,x15,0x1f	 x15:0xba0cfd00  x1=0x00000000
        1275000	       126	800001d4	b61b0bb7	lui	x23,0xb61b0	 x23=0xb61b0000
        1285000	       127	800001d8	88902a13	slti	x20,x0,-1911	  x0:0x00000000 x20=0x00000000
        1295000	       128	800001dc	277caa93	slti	x21,x25,631	 x25:0x00000000 x21=0x00000001
        1305000	       129	800001e0	fc712b03	lw	x22,-57(x2)	  x2:0x80008a29 x22=0x80a00831 PA:0x800089f0
        1315000	       130	800001e4	00849793	slli	x15,x9,0x8	  x9:0x80009fc4 x15=0x009fc400
        1325000	       131	800001e8	01b47f33	and	x30,x8,x27	  x8:0x00000000 x27:0x7fff7009 x30=0x00000000
        1335000	       132	800001ec	02010423	sb	x0,40(x2)	  x2:0x80008a29  x0:0x00000000 PA:0x80008a51
        1345000	       133	800001f0	f5810123	sb	x24,-190(x2)	  x2:0x80008a29 x24:0x00000001 PA:0x8000896b
        1355000	       134	800001f4	017913b3	sll	x7,x18,x23	 x18:0x00000007 x23:0xb61b0000  x7=0x00000007
        1365000	       135	800001f8	f5f14883	lbu	x17,-161(x2)	  x2:0x80008a29 x17=0x00000081 PA:0x80008988
        1375000	       136	800001fc	02910e03	lb	x28,41(x2)	  x2:0x80008a29 x28=0x00000067 PA:0x80008a52
        1385000	       137	80000200	1af0f193	andi	x3,x1,431	  x1:0x00000000  x3=0x00000000
        1395000	       138	80000204	40795593	srai	x11,x18,0x7	 x18:0x00000007 x11=0x00000000
        1405000	       139	80000208	016c1fb3	sll	x31,x24,x22	 x24:0x00000001 x22:0x80a00831 x31=0x00020000
        1415000	       140	8000020c	0da10d03	lb	x26,218(x2)	  x2:0x80008a29 x26=0xffffffdf PA:0x80008b03
        1425000	       141	80000210	07e14203	lbu	x4,126(x2)	  x2:0x80008a29  x4=0x0000009b PA:0x80008aa7
        1435000	       142	80000214	01c29bb3	sll	x23,x5,x28	  x5:0xff902989 x28:0x00000067 x23=0xc814c480
        1445000	       143	80000218	41965293	srai	x5,x12,0x19	 x12:0xf27bc201  x5=0xfffffff9
        1455000	       144	8000021c	409ba213	slti	x4,x23,1033	 x23:0xc814c480  x4=0x00000001
        1465000	       145	80000220	41cb51b3	sra	x3,x22,x28	 x22:0x80a00831 x28:0x00000067  x3=0xff014010
        1475000	       146	80000224	81ab37b7	lui	x15,0x81ab3	 x15=0x81ab3000
        1485000	       147	80000228	87cf7217	auipc	x4,0x87cf7	  x4=0x07cf7224
        1495000	       148	8000022c	fee10f23	sb	x14,-2(x2)	  x2:0x80008a29 x14:0x00000002 PA:0x80008a27
        1505000	       149	80000230	0dc10a83	lb	x21,220(x2)	  x2:0x80008a29 x21=0x00000012 PA:0x80008b05
        1515000	       150	80000234	08e10583	lb	x11,142(x2)	  x2:0x80008a29 x11=0xffffffaf PA:0x80008ab7
        1525000	       151	80000238	f2710323	sb	x7,-218(x2)	  x2:0x80008a29  x7:0x00000007 PA:0x8000894f
        1535000	       152	8000023c	00008517	auipc	x10,0x8	 x10=0x80008238
        1545000	       153	80000240	33050513	addi	x10,x10,816	 x10:0x80008238 x10=0x80008568
        1555000	       154	80000244	01d54b83	lbu	x23,29(x10)	 x10:0x80008568 x23=0x00000041 PA:0x80008585
        1565000	       155	80000248	00008217	auipc	x4,0x8	  x4=0x80008244
        1575000	       156	8000024c	1ec20213	addi	x4,x4,492	  x4:0x80008244  x4=0x80008430
        1585000	       157	80000250	00008117	auipc	x2,0x8	  x2=0x8000824c
        1595000	       158	80000254	ff310113	addi	x2,x2,-13	  x2:0x8000824c  x2=0x8000823f
        1605000	       159	80000258	00008617	auipc	x12,0x8	 x12=0x80008254
        1615000	       160	8000025c	e5960613	addi	x12,x12,-423	 x12:0x80008254 x12=0x800080ad
        1625000	       161	80000260	e8422383	lw	x7,-380(x4)	  x4:0x80008430  x7=0x69e8f8e1 PA:0x800082b4
        1635000	       162	80000264	44d64c03	lbu	x24,1101(x12)	 x12:0x800080ad x24=0x00000020 PA:0x800084fa
        1645000	       163	80000268	f2d10d83	lb	x27,-211(x2)	  x2:0x8000823f x27=0x00000021 PA:0x8000816c
        1655000	       164	8000026c	4cd64283	lbu	x5,1229(x12)	 x12:0x800080ad  x5=0x0000000d PA:0x8000857a
        1665000	       165	80000270	fd610a23	sb	x22,-44(x2)	  x2:0x8000823f x22:0x80a00831 PA:0x80008213
        1675000	       166	80000274	15b503a3	sb	x27,327(x10)	 x10:0x80008568 x27:0x00000021 PA:0x800086af
        1685000	       167	80000278	f4e21523	sh	x14,-182(x4)	  x4:0x80008430 x14:0x00000002 PA:0x8000837a
        1695000	       168	8000027c	70c623a3	sw	x12,1799(x12)	 x12:0x800080ad x12:0x800080ad PA:0x800087b4
        1705000	       169	80000280	080504a3	sb	x0,137(x10)	 x10:0x80008568  x0:0x00000000 PA:0x800085f1
        1715000	       170	80000284	ef650123	sb	x22,-286(x10)	 x10:0x80008568 x22:0x80a00831 PA:0x8000844a
        1725000	       171	80000288	c5a500a3	sb	x26,-959(x10)	 x10:0x80008568 x26:0xffffffdf PA:0x800081a9
        1735000	       172	8000028c	f64200a3	sb	x4,-159(x4)	  x4:0x80008430  x4:0x80008430 PA:0x80008391
        1745000	       173	80000290	f3a55403	lhu	x8,-198(x10)	 x10:0x80008568  x8=0x00009e49 PA:0x800084a2
        1755000	       174	80000294	0de50983	lb	x19,222(x10)	 x10:0x80008568 x19=0xffffffaa PA:0x80008646
        1765000	       175	80000298	f8b14c03	lbu	x24,-117(x2)	  x2:0x8000823f x24=0x0000008f PA:0x800081ca
        1775000	       176	8000029c	f5310283	lb	x5,-173(x2)	  x2:0x8000823f  x5=0xffffffe3 PA:0x80008192
        1785000	       177	800002a0	2eb64b83	lbu	x23,747(x12)	 x12:0x800080ad x23=0x00000095 PA:0x80008398
        1795000	       178	800002a4	0f910803	lb	x16,249(x2)	  x2:0x8000823f x16=0x00000022 PA:0x80008338
        1805000	       179	800002a8	16b50a83	lb	x21,363(x10)	 x10:0x80008568 x21=0x00000025 PA:0x800086d3
        1815000	       180	800002ac	e2724f03	lbu	x30,-473(x4)	  x4:0x80008430 x30=0x000000d6 PA:0x80008257
        1825000	       181	800002b0	050102a3	sb	x16,69(x2)	  x2:0x8000823f x16:0x00000022 PA:0x80008284
        1835000	       182	800002b4	29060703	lb	x14,656(x12)	 x12:0x800080ad x14=0x0000005e PA:0x8000833d
        1845000	       183	800002b8	ee321d23	sh	x3,-262(x4)	  x4:0x80008430  x3:0xff014010 PA:0x8000832a
        1855000	       184	800002bc	bdb50523	sb	x27,-1078(x10)	 x10:0x80008568 x27:0x00000021 PA:0x80008132
        1865000	       185	800002c0	22855383	lhu	x7,552(x10)	 x10:0x80008568  x7=0x0000c00b PA:0x80008790
        1875000	       186	800002c4	0fa10e03	lb	x28,250(x2)	  x2:0x8000823f x28=0x00000051 PA:0x80008339
        1885000	       187	800002c8	00009117	auipc	x2,0x9	  x2=0x800092c4
        1895000	       188	800002cc	85810113	addi	x2,x2,-1960	  x2:0x800092c4  x2=0x80008b1c
        1905000	       189	800002d0	f6810ba3	sb	x8,-137(x2)	  x2:0x80008b1c  x8:0x00009e49 PA:0x80008a93
        1915000	       190	800002d4	375e7393	andi	x7,x28,885	 x28:0x00000051  x7=0x00000051
        1925000	       191	800002d8	f7714883	lbu	x17,-137(x2)	  x2:0x80008b1c x17=0x00000049 PA:0x80008a93
        1935000	       192	800002dc	f7710783	lb	x15,-137(x2)	  x2:0x80008b1c x15=0x00000049 PA:0x80008a93
        1945000	       193	800002e0	f7710e03	lb	x28,-137(x2)	  x2:0x80008b1c x28=0x00000049 PA:0x80008a93
        1955000	       194	800002e4	f7710403	lb	x8,-137(x2)	  x2:0x80008b1c  x8=0x00000049 PA:0x80008a93
        1965000	       195	800002e8	f7710603	lb	x12,-137(x2)	  x2:0x80008b1c x12=0x00000049 PA:0x80008a93
        1975000	       196	800002ec	f7714383	lbu	x7,-137(x2)	  x2:0x80008b1c  x7=0x00000049 PA:0x80008a93
        1985000	       197	800002f0	f7710083	lb	x1,-137(x2)	  x2:0x80008b1c  x1=0x00000049 PA:0x80008a93
        1995000	       198	800002f4	f7714e03	lbu	x28,-137(x2)	  x2:0x80008b1c x28=0x00000049 PA:0x80008a93
        2005000	       199	800002f8	f7910ba3	sb	x25,-137(x2)	  x2:0x80008b1c x25:0x00000000 PA:0x80008a93
        2015000	       200	800002fc	00008f97	auipc	x31,0x8	 x31=0x800082f8
        2025000	       201	80000300	329f8f93	addi	x31,x31,809	 x31:0x800082f8 x31=0x80008621
        2035000	       202	80000304	124fc083	lbu	x1,292(x31)	 x31:0x80008621  x1=0x000000bd PA:0x80008745
        2045000	       203	80000308	039f8823	sb	x25,48(x31)	 x31:0x80008621 x25:0x00000000 PA:0x80008651
        2055000	       204	8000030c	d7ff9ca3	sh	x31,-647(x31)	 x31:0x80008621 x31:0x80008621 PA:0x8000839a
        2065000	       205	80000310	019d1593	slli	x11,x26,0x19	 x26:0xffffffdf x11=0xbe000000
        2075000	       206	80000314	00461913	slli	x18,x12,0x4	 x12:0x00000049 x18=0x00000490
        2085000	       207	80000318	a35fb593	sltiu	x11,x31,-1483	 x31:0x80008621 x11=0x00000001
        2095000	       208	8000031c	00c51b33	sll	x22,x10,x12	 x10:0x80008568 x12:0x00000049 x22=0x010ad000
        2105000	       209	80000320	00de5213	srli	x4,x28,0xd	 x28:0x00000049  x4=0x00000000
        2115000	       210	80000324	addf8323	sb	x29,-1338(x31)	 x31:0x80008621 x29:0x80009f84 PA:0x800080e7
        2125000	       211	80000328	cfaf88a3	sb	x26,-783(x31)	 x31:0x80008621 x26:0xffffffdf PA:0x80008312
        2135000	       212	8000032c	773d7697	auipc	x13,0x773d7	 x13=0xf73d7328
        2145000	       213	80000330	007699b3	sll	x19,x13,x7	 x13:0xf73d7328  x7:0x00000049 x19=0x7ae65000
        2155000	       214	80000334	f2c86637	lui	x12,0xf2c86	 x12=0xf2c86000
        2165000	       215	80000338	debf9003	lh	x0,-533(x31)	 x31:0x80008621 PA:0x8000840c
        2175000	       216	8000033c	051f8a83	lb	x21,81(x31)	 x31:0x80008621 x21=0xffffffd3 PA:0x80008672
        2185000	       217	80000340	69d3f893	andi	x17,x7,1693	  x7:0x00000049 x17=0x00000009
        2195000	       218	80000344	01ea0ab3	add	x21,x20,x30	 x20:0x00000000 x30:0x000000d6 x21=0x000000d6
        2205000	       219	80000348	01694f33	xor	x30,x18,x22	 x18:0x00000490 x22:0x010ad000 x30=0x010ad490
        2215000	       220	8000034c	00e4a3b3	slt	x7,x9,x14	  x9:0x80009fc4 x14:0x0000005e  x7=0x00000001
        2225000	       221	80000350	a71f8323	sb	x17,-1434(x31)	 x31:0x80008621 x17:0x00000009 PA:0x80008087
        2235000	       222	80000354	01366833	or	x16,x12,x19	 x12:0xf2c86000 x19:0x7ae65000 x16=0xfaee7000
        2245000	       223	80000358	e10f8123	sb	x16,-510(x31)	 x31:0x80008621 x16:0xfaee7000 PA:0x80008423
        2255000	       224	8000035c	b54f8aa3	sb	x20,-1195(x31)	 x31:0x80008621 x20:0x00000000 PA:0x80008176
        2265000	       225	80000360	00008997	auipc	x19,0x8	 x19=0x8000835c
        2275000	       226	80000364	0a098993	addi	x19,x19,160	 x19:0x8000835c x19=0x800083fc
        2285000	       227	80000368	8e6c6193	ori	x3,x24,-1818	 x24:0x0000008f  x3=0xfffff8ef
        2295000	       228	8000036c	3a30e797	auipc	x15,0x3a30e	 x15=0xba30e368
        2305000	       229	80000370	40e856b3	sra	x13,x16,x14	 x16:0xfaee7000 x14:0x0000005e x13=0xffffffff
        2315000	       230	80000374	0409c603	lbu	x12,64(x19)	 x19:0x800083fc x12=0x000000f9 PA:0x8000843c
        2325000	       231	80000378	030985a3	sb	x16,43(x19)	 x19:0x800083fc x16:0xfaee7000 PA:0x80008427
        2335000	       232	8000037c	ff398403	lb	x8,-13(x19)	 x19:0x800083fc  x8=0x00000027 PA:0x800083ef
        2345000	       233	80000380	01f98e03	lb	x28,31(x19)	 x19:0x800083fc x28=0x00000032 PA:0x8000841b
        2355000	       234	80000384	00298523	sb	x2,10(x19)	 x19:0x800083fc  x2:0x80008b1c PA:0x80008406
        2365000	       235	80000388	fe09d403	lhu	x8,-32(x19)	 x19:0x800083fc  x8=0x0000f812 PA:0x800083dc
        2375000	       236	8000038c	0269d383	lhu	x7,38(x19)	 x19:0x800083fc  x7=0x000000cd PA:0x80008422
        2385000	       237	80000390	0049b133	sltu	x2,x19,x4	 x19:0x800083fc  x4:0x00000000  x2=0x00000000
        2395000	       238	80000394	01b98da3	sb	x27,27(x19)	 x19:0x800083fc x27:0x00000021 PA:0x80008417
        2405000	       239	80000398	7845a213	slti	x4,x11,1924	 x11:0x00000001  x4=0x00000001
        2415000	       240	8000039c	00b99b23	sh	x11,22(x19)	 x19:0x800083fc x11:0x00000001 PA:0x80008412
        2425000	       241	800003a0	01da57b3	srl	x15,x20,x29	 x20:0x00000000 x29:0x80009f84 x15=0x00000000
        2435000	       242	800003a4	01d4db13	srli	x22,x9,0x1d	  x9:0x80009fc4 x22=0x00000004
        2445000	       243	800003a8	012985a3	sb	x18,11(x19)	 x19:0x800083fc x18:0x00000490 PA:0x80008407
        2455000	       244	800003ac	fed9c403	lbu	x8,-19(x19)	 x19:0x800083fc  x8=0x00000081 PA:0x800083e9
        2465000	       245	800003b0	fff9c203	lbu	x4,-1(x19)	 x19:0x800083fc  x4=0x00000010 PA:0x800083fb
        2475000	       246	800003b4	fcf98583	lb	x11,-49(x19)	 x19:0x800083fc x11=0xffffff8b PA:0x800083cb
        2485000	       247	800003b8	01a98803	lb	x16,26(x19)	 x19:0x800083fc x16=0xffffff83 PA:0x80008416
        2495000	       248	800003bc	0179c283	lbu	x5,23(x19)	 x19:0x800083fc  x5=0x00000000 PA:0x80008413
        2505000	       249	800003c0	01b98783	lb	x15,27(x19)	 x19:0x800083fc x15=0x00000021 PA:0x80008417
        2515000	       250	800003c4	0189cd03	lbu	x26,24(x19)	 x19:0x800083fc x26=0x0000006f PA:0x80008414
        2525000	       251	800003c8	00189633	sll	x12,x17,x1	 x17:0x00000009  x1:0x000000bd x12=0x20000000
        2535000	       252	800003cc	ffb98323	sb	x27,-26(x19)	 x19:0x800083fc x27:0x00000021 PA:0x800083e2
        2545000	       253	800003d0	00c99a23	sh	x12,20(x19)	 x19:0x800083fc x12:0x20000000 PA:0x80008410
        2555000	       254	800003d4	0349c583	lbu	x11,52(x19)	 x19:0x800083fc x11=0x00000006 PA:0x80008430
        2565000	       255	800003d8	2808a193	slti	x3,x17,640	 x17:0x00000009  x3=0x00000001
        2575000	       256	800003dc	fe69c803	lbu	x16,-26(x19)	 x19:0x800083fc x16=0x00000021 PA:0x800083e2
        2585000	       257	800003e0	ff598f83	lb	x31,-11(x19)	 x19:0x800083fc x31=0xffffffc6 PA:0x800083f1
        2595000	       258	800003e4	00398e23	sb	x3,28(x19)	 x19:0x800083fc  x3:0x00000001 PA:0x80008418
        2605000	       259	800003e8	0319cd83	lbu	x27,49(x19)	 x19:0x800083fc x27=0x000000de PA:0x8000842d
        2615000	       260	800003ec	01732b33	slt	x22,x6,x23	  x6:0x0000000e x23:0x00000095 x22=0x00000001
        2625000	       261	800003f0	0299c603	lbu	x12,41(x19)	 x19:0x800083fc x12=0x00000014 PA:0x80008425
        2635000	       262	800003f4	00399423	sh	x3,8(x19)	 x19:0x800083fc  x3:0x00000001 PA:0x80008404
        2645000	       263	800003f8	0129a023	sw	x18,0(x19)	 x19:0x800083fc x18:0x00000490 PA:0x800083fc
        2655000	       264	800003fc	00008117	auipc	x2,0x8	  x2=0x800083f8
        2665000	       265	80000400	eb310113	addi	x2,x2,-333	  x2:0x800083f8  x2=0x800082ab
        2675000	       266	80000404	010940b3	xor	x1,x18,x16	 x18:0x00000490 x16:0x00000021  x1=0x000004b1
        2685000	       267	80000408	017117a3	sh	x23,15(x2)	  x2:0x800082ab x23:0x00000095 PA:0x800082ba
        2695000	       268	8000040c	ff014583	lbu	x11,-16(x2)	  x2:0x800082ab x11=0x000000d3 PA:0x8000829b
        2705000	       269	80000410	415f52b3	sra	x5,x30,x21	 x30:0x010ad490 x21:0x000000d6  x5=0x00000004
        2715000	       270	80000414	410e5d13	srai	x26,x28,0x10	 x28:0x00000032 x26=0x00000000
        2725000	       271	80000418	00810303	lb	x6,8(x2)	  x2:0x800082ab  x6=0x0000001a PA:0x800082b3
        2735000	       272	8000041c	36a74093	xori	x1,x14,874	 x14:0x0000005e  x1=0x00000334
        2745000	       273	80000420	01ea1733	sll	x14,x20,x30	 x20:0x00000000 x30:0x010ad490 x14=0x00000000
        2755000	       274	80000424	01d91213	slli	x4,x18,0x1d	 x18:0x00000490  x4=0x00000000
        2765000	       275	80000428	ffc14903	lbu	x18,-4(x2)	  x2:0x800082ab x18=0x0000009f PA:0x800082a7
        2775000	       276	8000042c	00814583	lbu	x11,8(x2)	  x2:0x800082ab x11=0x0000001a PA:0x800082b3
        2785000	       277	80000430	75ce6d93	ori	x27,x28,1884	 x28:0x00000032 x27=0x0000077e
        2795000	       278	80000434	01110523	sb	x17,10(x2)	  x2:0x800082ab x17:0x00000009 PA:0x800082b5
        2805000	       279	80000438	ffe10783	lb	x15,-2(x2)	  x2:0x800082ab x15=0xffffffdc PA:0x800082a9
        2815000	       280	8000043c	01a689b3	add	x19,x13,x26	 x13:0xffffffff x26:0x00000000 x19=0xffffffff
        2825000	       281	80000440	00c6d733	srl	x14,x13,x12	 x13:0xffffffff x12:0x00000014 x14=0x00000fff
        2835000	       282	80000444	ff511b03	lh	x22,-11(x2)	  x2:0x800082ab x22=0x00002b40 PA:0x800082a0
        2845000	       283	00000000	00000013	addi	x0,x0,0	  x0:0x00000000
        2855000	       284	80000448	236a6f93	ori	x31,x20,566	 x20:0x00000000 x31=0x00000236
        2865000	       285	8000044c	01ffdb33	srl	x22,x31,x31	 x31:0x00000236 x31:0x00000236 x22=0x00000000
        2875000	       286	80000450	ff714083	lbu	x1,-9(x2)	  x2:0x800082ab  x1=0x000000a7 PA:0x800082a2
        2885000	       287	80000454	00210503	lb	x10,2(x2)	  x2:0x800082ab x10=0x00000050 PA:0x800082ad
        2895000	       288	80000458	40bd5d93	srai	x27,x26,0xb	 x26:0x00000000 x27=0x00000000
        2905000	       289	8000045c	0043d093	srli	x1,x7,0x4	  x7:0x000000cd  x1=0x0000000c
        2915000	       290	80000460	00000013	addi	x0,x0,0	  x0:0x00000000
        2925000	       291	80000464	ff710783	lb	x15,-9(x2)	  x2:0x800082ab x15=0xffffffa7 PA:0x800082a2
        2935000	       292	80000468	00000013	addi	x0,x0,0	  x0:0x00000000
        2945000	       293	8000046c	0197a833	slt	x16,x15,x25	 x15:0xffffffa7 x25:0x00000000 x16=0x00000001
        2955000	       294	80000470	0183da33	srl	x20,x7,x24	  x7:0x000000cd x24:0x0000008f x20=0x00000000
        2965000	       295	80000474	ff014903	lbu	x18,-16(x2)	  x2:0x800082ab x18=0x000000d3 PA:0x8000829b
        2975000	       296	80000478	ae310993	addi	x19,x2,-1309	  x2:0x800082ab x19=0x80007d8e
        2985000	       297	8000047c	00c14a03	lbu	x20,12(x2)	  x2:0x800082ab x20=0x00000069 PA:0x800082b7
        2995000	       298	80000480	ff814703	lbu	x14,-8(x2)	  x2:0x800082ab x14=0x0000007c PA:0x800082a3
        3005000	       299	80000484	015e4433	xor	x8,x28,x21	 x28:0x00000032 x21:0x000000d6  x8=0x000000e4
        3015000	       300	80000488	ff314183	lbu	x3,-13(x2)	  x2:0x800082ab  x3=0x000000cb PA:0x8000829e
        3025000	       301	8000048c	01be7633	and	x12,x28,x27	 x28:0x00000032 x27:0x00000000 x12=0x00000000
        3035000	       302	80000490	ff115503	lhu	x10,-15(x2)	  x2:0x800082ab x10=0x000074d4 PA:0x8000829c
        3045000	       303	80000494	00b10723	sb	x11,14(x2)	  x2:0x800082ab x11:0x0000001a PA:0x800082b9
        3055000	       304	80000498	b74fd737	lui	x14,0xb74fd	 x14=0xb74fd000
        3065000	       305	8000049c	01a06833	or	x16,x0,x26	  x0:0x00000000 x26:0x00000000 x16=0x00000000
        3075000	       306	800004a0	40d5db33	sra	x22,x11,x13	 x11:0x0000001a x13:0xffffffff x22=0x00000000
        3085000	       307	800004a4	ffe10923	sb	x30,-14(x2)	  x2:0x800082ab x30:0x010ad490 PA:0x8000829d
        3095000	       308	800004a8	00a10903	lb	x18,10(x2)	  x2:0x800082ab x18=0x00000009 PA:0x800082b5
        3105000	       309	00000000	00000013	addi	x0,x0,0	  x0:0x00000000
        3115000	       310	800004ac	01d935b3	sltu	x11,x18,x29	 x18:0x00000009 x29:0x80009f84 x11=0x00000001
        3125000	       311	800004b0	01aa09b3	add	x19,x20,x26	 x20:0x00000069 x26:0x00000000 x19=0x00000069
        3135000	       312	800004b4	ff515883	lhu	x17,-11(x2)	  x2:0x800082ab x17=0x00002b40 PA:0x800082a0
        3145000	       313	800004b8	41265913	srai	x18,x12,0x12	 x12:0x00000000 x18=0x00000000
        3155000	       314	800004bc	ff410b23	sb	x20,-10(x2)	  x2:0x800082ab x20:0x00000069 PA:0x800082a1
        3165000	       315	800004c0	fe211da3	sh	x2,-5(x2)	  x2:0x800082ab  x2:0x800082ab PA:0x800082a6
        3175000	       316	800004c4	ff014003	lbu	x0,-16(x2)	  x2:0x800082ab PA:0x8000829b
        3185000	       317	800004c8	b7e23913	sltiu	x18,x4,-1154	  x4:0x00000000 x18=0x00000001
        3195000	       318	800004cc	019bf833	and	x16,x23,x25	 x23:0x00000095 x25:0x00000000 x16=0x00000000
        3205000	       319	800004d0	01519a93	slli	x21,x3,0x15	  x3:0x000000cb x21=0x19600000
        3215000	       320	800004d4	014122a3	sw	x20,5(x2)	  x2:0x800082ab x20:0x00000069 PA:0x800082b0
        3225000	       321	800004d8	00d10723	sb	x13,14(x2)	  x2:0x800082ab x13:0xffffffff PA:0x800082b9
        3235000	       322	800004dc	fff15883	lhu	x17,-1(x2)	  x2:0x800082ab x17=0x0000b6f9 PA:0x800082aa
        3245000	       323	800004e0	00008117	auipc	x2,0x8	  x2=0x800084dc
        3255000	       324	800004e4	50a10113	addi	x2,x2,1290	  x2:0x800084dc  x2=0x800089e6
        3265000	       325	800004e8	ffe11a03	lh	x20,-2(x2)	  x2:0x800089e6 x20=0x000075ec PA:0x800089e4
        3275000	       326	800004ec	ff211f23	sh	x18,-2(x2)	  x2:0x800089e6 x18:0x00000001 PA:0x800089e4
        3285000	       327	800004f0	00e10fa3	sb	x14,31(x2)	  x2:0x800089e6 x14:0xb74fd000 PA:0x80008a05
        3295000	       328	800004f4	00e10fa3	sb	x14,31(x2)	  x2:0x800089e6 x14:0xb74fd000 PA:0x80008a05
        3305000	       329	800004f8	ff914903	lbu	x18,-7(x2)	  x2:0x800089e6 x18=0x00000058 PA:0x800089df
        3315000	       330	800004fc	fe011003	lh	x0,-32(x2)	  x2:0x800089e6 PA:0x800089c6
        3325000	       331	80000500	fe110ca3	sb	x1,-7(x2)	  x2:0x800089e6  x1:0x0000000c PA:0x800089df
        3335000	       332	80000504	ff910d83	lb	x27,-7(x2)	  x2:0x800089e6 x27=0x0000000c PA:0x800089df
        3345000	       333	80000508	ff910e03	lb	x28,-7(x2)	  x2:0x800089e6 x28=0x0000000c PA:0x800089df
        3355000	       334	8000050c	ff910283	lb	x5,-7(x2)	  x2:0x800089e6  x5=0x0000000c PA:0x800089df
        3365000	       335	80000510	ff710ca3	sb	x23,-7(x2)	  x2:0x800089e6 x23:0x00000095 PA:0x800089df
        3375000	       336	80000514	fe110ca3	sb	x1,-7(x2)	  x2:0x800089e6  x1:0x0000000c PA:0x800089df
        3385000	       337	80000518	bcd54993	xori	x19,x10,-1075	 x10:0x000074d4 x19=0xffff8f19
        3395000	       338	8000051c	ff914a03	lbu	x20,-7(x2)	  x2:0x800089e6 x20=0x0000000c PA:0x800089df
        3405000	       339	80000520	ff914683	lbu	x13,-7(x2)	  x2:0x800089e6 x13=0x0000000c PA:0x800089df
        3415000	       340	80000524	fe015703	lhu	x14,-32(x2)	  x2:0x800089e6 x14=0x0000c8e7 PA:0x800089c6
        3425000	       341	80000528	fe010883	lb	x17,-32(x2)	  x2:0x800089e6 x17=0xffffffe7 PA:0x800089c6
        3435000	       342	8000052c	00008117	auipc	x2,0x8	  x2=0x80008528
        3445000	       343	80000530	42710113	addi	x2,x2,1063	  x2:0x80008528  x2=0x8000894f
        3455000	       344	80000534	00810383	lb	x7,8(x2)	  x2:0x8000894f  x7=0x0000001c PA:0x80008957
        3465000	       345	80000538	01b10423	sb	x27,8(x2)	  x2:0x8000894f x27:0x0000000c PA:0x80008957
        3475000	       346	8000053c	00a10423	sb	x10,8(x2)	  x2:0x8000894f x10:0x000074d4 PA:0x80008957
        3485000	       347	80000540	40e280b3	sub	x1,x5,x14	  x5:0x0000000c x14:0x0000c8e7  x1=0xffff3725
        3495000	       348	80000544	00710423	sb	x7,8(x2)	  x2:0x8000894f  x7:0x0000001c PA:0x80008957
        3505000	       349	80000548	00810183	lb	x3,8(x2)	  x2:0x8000894f  x3=0x0000001c PA:0x80008957
        3515000	       350	8000054c	00614f03	lbu	x30,6(x2)	  x2:0x8000894f x30=0x00000000 PA:0x80008955
        3525000	       351	00000000	00000013	addi	x0,x0,0	  x0:0x00000000
        3535000	       352	80000550	01e100a3	sb	x30,1(x2)	  x2:0x8000894f x30:0x00000000 PA:0x80008950
        3545000	       353	80000554	00ef9813	slli	x16,x31,0xe	 x31:0x00000236 x16=0x008d8000
        3555000	       354	80000558	ffc14203	lbu	x4,-4(x2)	  x2:0x8000894f  x4=0x00000029 PA:0x8000894b
        3565000	       355	8000055c	00a10823	sb	x10,16(x2)	  x2:0x8000894f x10:0x000074d4 PA:0x8000895f
        3575000	       356	80000560	01e881b3	add	x3,x17,x30	 x17:0xffffffe7 x30:0x00000000  x3=0xffffffe7
        3585000	       357	80000564	01010083	lb	x1,16(x2)	  x2:0x8000894f  x1=0xffffffd4 PA:0x8000895f
        3595000	       358	80000568	00ecd093	srli	x1,x25,0xe	 x25:0x00000000  x1=0x00000000
        3605000	       359	8000056c	fe511aa3	sh	x5,-11(x2)	  x2:0x8000894f  x5:0x0000000c PA:0x80008944
        3615000	       360	80000570	ff510983	lb	x19,-11(x2)	  x2:0x8000894f x19=0x0000000c PA:0x80008944
        3625000	       361	00000000	00000013	addi	x0,x0,0	  x0:0x00000000
        3635000	       362	80000574	2c699237	lui	x4,0x2c699	  x4=0x2c699000
        3645000	       363	80000578	fe510aa3	sb	x5,-11(x2)	  x2:0x8000894f  x5:0x0000000c PA:0x80008944
        3655000	       364	8000057c	fe511aa3	sh	x5,-11(x2)	  x2:0x8000894f  x5:0x0000000c PA:0x80008944
        3665000	       365	80000580	00008597	auipc	x11,0x8	 x11=0x8000857c
        3675000	       366	80000584	2dd58593	addi	x11,x11,733	 x11:0x8000857c x11=0x80008859
        3685000	       367	80000588	00008197	auipc	x3,0x8	  x3=0x80008584
        3695000	       368	8000058c	52c18193	addi	x3,x3,1324	  x3:0x80008584  x3=0x80008ab0
        3705000	       369	80000590	00008a17	auipc	x20,0x8	 x20=0x8000858c
        3715000	       370	80000594	44ba0a13	addi	x20,x20,1099	 x20:0x8000858c x20=0x800089d7
        3725000	       371	80000598	03758f23	sb	x23,62(x11)	 x11:0x80008859 x23:0x00000095 PA:0x80008897
        3735000	       372	8000059c	03f182a3	sb	x31,37(x3)	  x3:0x80008ab0 x31:0x00000236 PA:0x80008ad5
        3745000	       373	800005a0	f38a0403	lb	x8,-200(x20)	 x20:0x800089d7  x8=0xffffffaa PA:0x8000890f
        3755000	       374	800005a4	f4c1d803	lhu	x16,-180(x3)	  x3:0x80008ab0 x16=0x00000d63 PA:0x800089fc
        3765000	       375	800005a8	00009617	auipc	x12,0x9	 x12=0x800095a4
        3775000	       376	800005ac	81060613	addi	x12,x12,-2032	 x12:0x800095a4 x12=0x80008db4
        3785000	       377	800005b0	f0864283	lbu	x5,-248(x12)	 x12:0x80008db4  x5=0x00000054 PA:0x80008cbc
        3795000	       378	800005b4	0355d783	lhu	x15,53(x11)	 x11:0x80008859 x15=0x00007450 PA:0x8000888e
        3805000	       379	800005b8	f461c883	lbu	x17,-186(x3)	  x3:0x80008ab0 x17=0x00000094 PA:0x800089f6
        3815000	       380	800005bc	016a0f23	sb	x22,30(x20)	 x20:0x800089d7 x22:0x00000000 PA:0x800089f5
        3825000	       381	800005c0	fe3a1883	lh	x17,-29(x20)	 x20:0x800089d7 x17=0xfffff97e PA:0x800089ba
        3835000	       382	800005c4	fc05c903	lbu	x18,-64(x11)	 x11:0x80008859 x18=0x00000061 PA:0x80008819
        3845000	       383	800005c8	01058383	lb	x7,16(x11)	 x11:0x80008859  x7=0xffffffef PA:0x80008869
        3855000	       384	800005cc	fef58e23	sb	x15,-4(x11)	 x11:0x80008859 x15:0x00007450 PA:0x80008855
        3865000	       385	800005d0	08f1c103	lbu	x2,143(x3)	  x3:0x80008ab0  x2=0x000000a3 PA:0x80008b3f
        3875000	       386	800005d4	001604a3	sb	x1,9(x12)	 x12:0x80008db4  x1:0x00000000 PA:0x80008dbd
        3885000	       387	800005d8	033585a3	sb	x19,43(x11)	 x11:0x80008859 x19:0x0000000c PA:0x80008884
        3895000	       388	800005dc	f9418303	lb	x6,-108(x3)	  x3:0x80008ab0  x6=0xfffffffc PA:0x80008a44
        3905000	       389	800005e0	ff358a23	sb	x19,-12(x11)	 x11:0x80008859 x19:0x0000000c PA:0x8000884d
        3915000	       390	800005e4	00c64103	lbu	x2,12(x12)	 x12:0x80008db4  x2=0x000000ee PA:0x80008dc0
        3925000	       391	800005e8	feea4103	lbu	x2,-18(x20)	 x20:0x800089d7  x2=0x00000007 PA:0x800089c5
        3935000	       392	800005ec	fa11ca83	lbu	x21,-95(x3)	  x3:0x80008ab0 x21=0x00000000 PA:0x80008a51
        3945000	       393	800005f0	06160d83	lb	x27,97(x12)	 x12:0x80008db4 x27=0x0000000d PA:0x80008e15
        3955000	       394	800005f4	f4a1db03	lhu	x22,-182(x3)	  x3:0x80008ab0 x22=0x0000e717 PA:0x800089fa
        3965000	       395	800005f8	fb561c23	sh	x21,-72(x12)	 x12:0x80008db4 x21:0x00000000 PA:0x80008d6c
        3975000	       396	800005fc	fa8183a3	sb	x8,-89(x3)	  x3:0x80008ab0  x8:0xffffffaa PA:0x80008a57
        3985000	       397	80000600	0d4a4703	lbu	x14,212(x20)	 x20:0x800089d7 x14=0x000000ea PA:0x80008aab
        3995000	       398	00000000	00000013	addi	x0,x0,0	  x0:0x00000000
        4005000	       399	80000604	f8e19123	sh	x14,-126(x3)	  x3:0x80008ab0 x14:0x000000ea PA:0x80008a32
        4015000	       400	80000608	07f60723	sb	x31,110(x12)	 x12:0x80008db4 x31:0x00000236 PA:0x80008e22
        4025000	       401	8000060c	fc6599a3	sh	x6,-45(x11)	 x11:0x80008859  x6:0xfffffffc PA:0x8000882c
        4035000	       402	80000610	02558623	sb	x5,44(x11)	 x11:0x80008859  x5:0x00000054 PA:0x80008885
        4045000	       403	80000614	00008797	auipc	x15,0x8	 x15=0x80008610
        4055000	       404	80000618	e0278793	addi	x15,x15,-510	 x15:0x80008610 x15=0x80008412
        4065000	       405	8000061c	00008e17	auipc	x28,0x8	 x28=0x80008618
        4075000	       406	80000620	142e0e13	addi	x28,x28,322	 x28:0x80008618 x28=0x8000875a
        4085000	       407	80000624	00008417	auipc	x8,0x8	  x8=0x80008620
        4095000	       408	80000628	c7840413	addi	x8,x8,-904	  x8:0x80008620  x8=0x80008298
        4105000	       409	8000062c	ffd78303	lb	x6,-3(x15)	 x15:0x80008412  x6=0xfffffff0 PA:0x8000840f
        4115000	       410	80000630	00008697	auipc	x13,0x8	 x13=0x8000862c
        4125000	       411	80000634	cce68693	addi	x13,x13,-818	 x13:0x8000862c x13=0x800082fa
        4135000	       412	80000638	ffd6cd03	lbu	x26,-3(x13)	 x13:0x800082fa x26=0x000000a0 PA:0x800082f7
        4145000	       413	8000063c	22a68a03	lb	x20,554(x13)	 x13:0x800082fa x20=0x0000004c PA:0x80008524
        4155000	       414	80000640	fe8e0b83	lb	x23,-24(x28)	 x28:0x8000875a x23=0x00000022 PA:0x80008742
        4165000	       415	80000644	574401a3	sb	x20,1379(x8)	  x8:0x80008298 x20:0x0000004c PA:0x800087fb
        4175000	       416	80000648	01478223	sb	x20,4(x15)	 x15:0x80008412 x20:0x0000004c PA:0x80008416
        4185000	       417	8000064c	0317cb03	lbu	x22,49(x15)	 x15:0x80008412 x22=0x000000ed PA:0x80008443
        4195000	       418	80000650	fe6e1d83	lh	x27,-26(x28)	 x28:0x8000875a x27=0xfffff131 PA:0x80008740
        4205000	       419	80000654	fe7e4883	lbu	x17,-25(x28)	 x28:0x8000875a x17=0x000000f1 PA:0x80008741
        4215000	       420	80000658	1fb6c183	lbu	x3,507(x13)	 x13:0x800082fa  x3=0x000000ca PA:0x800084f5
        4225000	       421	8000065c	0077c103	lbu	x2,7(x15)	 x15:0x80008412  x2=0x000000c0 PA:0x80008419
        4235000	       422	80000660	03f6c703	lbu	x14,63(x13)	 x13:0x800082fa x14=0x00000051 PA:0x80008339
        4245000	       423	80000664	ff9e4903	lbu	x18,-7(x28)	 x28:0x8000875a x18=0x0000002b PA:0x80008753
        4255000	       424	80000668	fe67c883	lbu	x17,-26(x15)	 x15:0x80008412 x17=0x00000063 PA:0x800083f8
        4265000	       425	8000066c	ff0e08a3	sb	x16,-15(x28)	 x28:0x8000875a x16:0x00000d63 PA:0x8000874b
        4275000	       426	80000670	31c68ca3	sb	x28,793(x13)	 x13:0x800082fa x28:0x8000875a PA:0x80008613
        4285000	       427	80000674	3b840b83	lb	x23,952(x8)	  x8:0x80008298 x23=0x0000000d PA:0x80008650
        4295000	       428	80000678	02fe0f23	sb	x15,62(x28)	 x28:0x8000875a x15:0x80008412 PA:0x80008798
        4305000	       429	8000067c	00379823	sh	x3,16(x15)	 x15:0x80008412  x3:0x000000ca PA:0x80008422
        4315000	       430	80000680	f8240383	lb	x7,-126(x8)	  x8:0x80008298  x7=0x00000016 PA:0x8000821a
        4325000	       431	80000684	fd078103	lb	x2,-48(x15)	 x15:0x80008412  x2=0x00000021 PA:0x800083e2
        4335000	       432	80000688	46a42e23	sw	x10,1148(x8)	  x8:0x80008298 x10:0x000074d4 PA:0x80008714
        4345000	       433	8000068c	3246df83	lhu	x31,804(x13)	 x13:0x800082fa x31=0x00006214 PA:0x8000861e
        4355000	       434	80000690	3f7404a3	sb	x23,1001(x8)	  x8:0x80008298 x23:0x0000000d PA:0x80008681
        4365000	       435	80000694	37068aa3	sb	x16,885(x13)	 x13:0x800082fa x16:0x00000d63 PA:0x8000866f
        4375000	       436	80000698	00008d97	auipc	x27,0x8	 x27=0x80008694
        4385000	       437	8000069c	770d8d93	addi	x27,x27,1904	 x27:0x80008694 x27=0x80008e04
        4395000	       438	800006a0	073d8d03	lb	x26,115(x27)	 x27:0x80008e04 x26=0x00000070 PA:0x80008e77
        4405000	       439	800006a4	00337133	and	x2,x6,x3	  x6:0xfffffff0  x3:0x000000ca  x2=0x000000c0
        4415000	       440	800006a8	03fd8323	sb	x31,38(x27)	 x27:0x80008e04 x31:0x00006214 PA:0x80008e2a
        4425000	       441	800006ac	026dd003	lhu	x0,38(x27)	 x27:0x80008e04 PA:0x80008e2a
        4435000	       442	800006b0	ffcd8123	sb	x28,-30(x27)	 x27:0x80008e04 x28:0x8000875a PA:0x80008de6
        4445000	       443	800006b4	fe2d9e03	lh	x28,-30(x27)	 x27:0x80008e04 x28=0x00002c5a PA:0x80008de6
        4455000	       444	800006b8	f5bd8583	lb	x11,-165(x27)	 x27:0x80008e04 x11=0xffffffce PA:0x80008d5f
        4465000	       445	800006bc	61e24d13	xori	x26,x4,1566	  x4:0x2c699000 x26=0x2c69961e
        4475000	       446	800006c0	f5bdc803	lbu	x16,-165(x27)	 x27:0x80008e04 x16=0x000000ce PA:0x80008d5f
        4485000	       447	00000000	00000013	addi	x0,x0,0	  x0:0x00000000
        4495000	       448	800006c4	f50d8da3	sb	x16,-165(x27)	 x27:0x80008e04 x16:0x000000ce PA:0x80008d5f
        4505000	       449	800006c8	008755b3	srl	x11,x14,x8	 x14:0x00000051  x8:0x80008298 x11=0x00000000
        4515000	       450	800006cc	f53d8da3	sb	x19,-165(x27)	 x27:0x80008e04 x19:0x0000000c PA:0x80008d5f
        4525000	       451	800006d0	b783a813	slti	x16,x7,-1160	  x7:0x00000016 x16=0x00000000
        4535000	       452	800006d4	f5bd8983	lb	x19,-165(x27)	 x27:0x80008e04 x19=0x0000000c PA:0x80008d5f
        4545000	       453	800006d8	f9ed8ba3	sb	x30,-105(x27)	 x27:0x80008e04 x30:0x00000000 PA:0x80008d9b
        4555000	       454	800006dc	f97dc083	lbu	x1,-105(x27)	 x27:0x80008e04  x1=0x00000000 PA:0x80008d9b
        4565000	       455	800006e0	f97dc203	lbu	x4,-105(x27)	 x27:0x80008e04  x4=0x00000000 PA:0x80008d9b
        4575000	       456	800006e4	00cbbb33	sltu	x22,x23,x12	 x23:0x0000000d x12:0x80008db4 x22=0x00000001
        4585000	       457	800006e8	0132d393	srli	x7,x5,0x13	  x5:0x00000054  x7=0x00000000
        4595000	       458	800006ec	f97d8083	lb	x1,-105(x27)	 x27:0x80008e04  x1=0x00000000 PA:0x80008d9b
        4605000	       459	00000000	00000013	addi	x0,x0,0	  x0:0x00000000
        4615000	       460	800006f0	00008117	auipc	x2,0x8	  x2=0x800086ec
        4625000	       461	800006f4	7cd10113	addi	x2,x2,1997	  x2:0x800086ec  x2=0x80008eb9
        4635000	       462	800006f8	00009597	auipc	x11,0x9	 x11=0x800096f4
        4645000	       463	800006fc	86758593	addi	x11,x11,-1945	 x11:0x800096f4 x11=0x80008f5b
        4655000	       464	80000700	00009297	auipc	x5,0x9	  x5=0x800096fc
        4665000	       465	80000704	87428293	addi	x5,x5,-1932	  x5:0x800096fc  x5=0x80008f70
        4675000	       466	80000708	fe414e03	lbu	x28,-28(x2)	  x2:0x80008eb9 x28=0x00000012 PA:0x80008e9d
        4685000	       467	8000070c	fe929c23	sh	x9,-8(x5)	  x5:0x80008f70  x9:0x80009fc4 PA:0x80008f68
        4695000	       468	80000710	01e583a3	sb	x30,7(x11)	 x11:0x80008f5b x30:0x00000000 PA:0x80008f62
        4705000	       469	80000714	ffe10f83	lb	x31,-2(x2)	  x2:0x80008eb9 x31=0x0000007f PA:0x80008eb7
        4715000	       470	80000718	01614503	lbu	x10,22(x2)	  x2:0x80008eb9 x10=0x00000009 PA:0x80008ecf
        4725000	       471	8000071c	00008d97	auipc	x27,0x8	 x27=0x80008718
        4735000	       472	80000720	383d8d93	addi	x27,x27,899	 x27:0x80008718 x27=0x80008a9b
        4745000	       473	80000724	ffdd8503	lb	x10,-3(x27)	 x27:0x80008a9b x10=0xfffffff0 PA:0x80008a98
        4755000	       474	80000728	01e14503	lbu	x10,30(x2)	  x2:0x80008eb9 x10=0x0000005e PA:0x80008ed7
        4765000	       475	8000072c	00f2c203	lbu	x4,15(x5)	  x5:0x80008f70  x4=0x000000c2 PA:0x80008f7f
        4775000	       476	80000730	0102cc03	lbu	x24,16(x5)	  x5:0x80008f70 x24=0x000000fe PA:0x80008f80
        4785000	       477	80000734	fd910323	sb	x25,-58(x2)	  x2:0x80008eb9 x25:0x00000000 PA:0x80008e7f
        4795000	       478	80000738	fe729923	sh	x7,-14(x5)	  x5:0x80008f70  x7:0x00000000 PA:0x80008f62
        4805000	       479	8000073c	02914f03	lbu	x30,41(x2)	  x2:0x80008eb9 x30=0x00000010 PA:0x80008ee2
        4815000	       480	80000740	02b58183	lb	x3,43(x11)	 x11:0x80008f5b  x3=0xffffff89 PA:0x80008f86
        4825000	       481	80000744	004dc203	lbu	x4,4(x27)	 x27:0x80008a9b  x4=0x000000a9 PA:0x80008a9f
        4835000	       482	80000748	fd010603	lb	x12,-48(x2)	  x2:0x80008eb9 x12=0xffffff98 PA:0x80008e89
        4845000	       483	8000074c	ff9d9ea3	sh	x25,-3(x27)	 x27:0x80008a9b x25:0x00000000 PA:0x80008a98
        4855000	       484	80000750	fc458f23	sb	x4,-34(x11)	 x11:0x80008f5b  x4:0x000000a9 PA:0x80008f39
        4865000	       485	80000754	00c29d03	lh	x26,12(x5)	  x5:0x80008f70 x26=0x00001a3c PA:0x80008f7c
        4875000	       486	80000758	fe05cb83	lbu	x23,-32(x11)	 x11:0x80008f5b x23=0x000000c2 PA:0x80008f3b
        4885000	       487	8000075c	00328803	lb	x16,3(x5)	  x5:0x80008f70 x16=0xffffffaf PA:0x80008f73
        4895000	       488	80000760	01914a03	lbu	x20,25(x2)	  x2:0x80008eb9 x20=0x000000f8 PA:0x80008ed2
        4905000	       489	80000764	ff2d8a83	lb	x21,-14(x27)	 x27:0x80008a9b x21=0xffffff9a PA:0x80008a8d
        4915000	       490	80000768	0205c983	lbu	x19,32(x11)	 x11:0x80008f5b x19=0x00000067 PA:0x80008f7b
        4925000	       491	8000076c	02759903	lh	x18,39(x11)	 x11:0x80008f5b x18=0x00003b87 PA:0x80008f82
        4935000	       492	80000770	fc014703	lbu	x14,-64(x2)	  x2:0x80008eb9 x14=0x0000003f PA:0x80008e79
        4945000	       493	80000774	03159383	lh	x7,49(x11)	 x11:0x80008f5b  x7=0xffff936f PA:0x80008f8c
        4955000	       494	80000778	fecd8f23	sb	x12,-2(x27)	 x27:0x80008a9b x12:0xffffff98 PA:0x80008a99
        4965000	       495	8000077c	ffc29183	lh	x3,-4(x5)	  x5:0x80008f70  x3=0x00007573 PA:0x80008f6c
        4975000	       496	80000780	02510623	sb	x5,44(x2)	  x2:0x80008eb9  x5:0x80008f70 PA:0x80008ee5
        4985000	       497	80000784	0315d003	lhu	x0,49(x11)	 x11:0x80008f5b PA:0x80008f8c
        4995000	       498	80000788	ff12c783	lbu	x15,-15(x5)	  x5:0x80008f70 x15=0x000000df PA:0x80008f61
        5005000	       499	8000078c	00ed8f03	lb	x30,14(x27)	 x27:0x80008a9b x30=0xffffffdb PA:0x80008aa9
        5015000	       500	80000790	fe3d9fa3	sh	x3,-1(x27)	 x27:0x80008a9b  x3:0x00007573 PA:0x80008a9a
        5025000	       501	80000794	009282a3	sb	x9,5(x5)	  x5:0x80008f70  x9:0x80009fc4 PA:0x80008f75
        5035000	       502	80000798	00008a97	auipc	x21,0x8	 x21=0x80008794
        5045000	       503	8000079c	e9ca8a93	addi	x21,x21,-356	 x21:0x80008794 x21=0x80008630
        5055000	       504	800007a0	008a8023	sb	x8,0(x21)	 x21:0x80008630  x8:0x80008298 PA:0x80008630
        5065000	       505	800007a4	00008717	auipc	x14,0x8	 x14=0x800087a0
        5075000	       506	800007a8	c7770713	addi	x14,x14,-905	 x14:0x800087a0 x14=0x80008417
        5085000	       507	800007ac	ff9a88a3	sb	x25,-15(x21)	 x21:0x80008630 x25:0x00000000 PA:0x80008621
        5095000	       508	800007b0	009a9523	sh	x9,10(x21)	 x21:0x80008630  x9:0x80009fc4 PA:0x8000863a
        5105000	       509	800007b4	ff375003	lhu	x0,-13(x14)	 x14:0x80008417 PA:0x8000840a
        5115000	       510	800007b8	ff0a9683	lh	x13,-16(x21)	 x21:0x80008630 x13=0x00000052 PA:0x80008620
        5125000	       511	800007bc	015a8323	sb	x21,6(x21)	 x21:0x80008630 x21:0x80008630 PA:0x80008636
        5135000	       512	800007c0	ff7a8603	lb	x12,-9(x21)	 x21:0x80008630 x12=0x00000055 PA:0x80008627
        5145000	       513	800007c4	00575683	lhu	x13,5(x14)	 x14:0x80008417 x13=0x0000dac8 PA:0x8000841c
        5155000	       514	800007c8	00c74083	lbu	x1,12(x14)	 x14:0x80008417  x1=0x00000000 PA:0x80008423
        5165000	       515	800007cc	ff5a8c03	lb	x24,-11(x21)	 x21:0x80008630 x24=0x00000006 PA:0x80008625
        5175000	       516	800007d0	00aad503	lhu	x10,10(x21)	 x21:0x80008630 x10=0x00009fc4 PA:0x8000863a
        5185000	       517	800007d4	ff0aa503	lw	x10,-16(x21)	 x21:0x80008630 x10=0x09e70052 PA:0x80008620
        5195000	       518	800007d8	00371203	lh	x4,3(x14)	 x14:0x80008417  x4=0x00003274 PA:0x8000841a
        5205000	       519	800007dc	002adb83	lhu	x23,2(x21)	 x21:0x80008630 x23=0x0000f32a PA:0x80008632
        5215000	       520	800007e0	fee71da3	sh	x14,-5(x14)	 x14:0x80008417 x14:0x80008417 PA:0x80008412
        5225000	       521	800007e4	011e87b3	add	x15,x29,x17	 x29:0x80009f84 x17:0x00000063 x15=0x80009fe7
        5235000	       522	800007e8	01c00663	beq	x0,x28,800007f4	  x0:0x00000000 x28:0x00000012
        5245000	       523	800007ec	017c7fb3	and	x31,x24,x23	 x24:0x00000006 x23:0x0000f32a x31=0x00000002
        5255000	       524	800007f0	502f6913	ori	x18,x30,1282	 x30:0xffffffdb x18=0xffffffdb
        5265000	       525	800007f4	00c91463	bne	x18,x12,800007fc	 x18:0xffffffdb x12:0x00000055
        5275000	       526	00000000	00000013	addi	x0,x0,0	  x0:0x00000000
        5285000	       527	800007f8	00000013	addi	x0,x0,0	  x0:0x00000000
        5295000	       528	800007fc	019d0933	add	x18,x26,x25	 x26:0x00001a3c x25:0x00000000 x18=0x00001a3c
        5305000	       529	80000800	00cbcb33	xor	x22,x23,x12	 x23:0x0000f32a x12:0x00000055 x22=0x0000f37f
        5315000	       530	80000804	01ce0133	add	x2,x28,x28	 x28:0x00000012 x28:0x00000012  x2=0x00000024
        5325000	       531	80000808	00db9293	slli	x5,x23,0xd	 x23:0x0000f32a  x5=0x1e654000
        5335000	       532	8000080c	a0376413	ori	x8,x14,-1533	 x14:0x80008417  x8=0xfffffe17
        5345000	       533	80000810	014f7e63	bgeu	x30,x20,8000082c	 x30:0xffffffdb x20:0x000000f8
        5355000	       534	00000000	00000013	addi	x0,x0,0	  x0:0x00000000
        5365000	       535	80000828	00000013	addi	x0,x0,0	  x0:0x00000000
        5375000	       536	8000082c	01edf9b3	and	x19,x27,x30	 x27:0x80008a9b x30:0xffffffdb x19=0x80008a9b
        5385000	       537	80000830	41bbdf93	srai	x31,x23,0x1b	 x23:0x0000f32a x31=0x00000000
        5395000	       538	80000834	01cba8b3	slt	x17,x23,x28	 x23:0x0000f32a x28:0x00000012 x17=0x00000000
        5405000	       539	80000838	018a1513	slli	x10,x20,0x18	 x20:0x000000f8 x10=0xf8000000
        5415000	       540	8000083c	010f70b3	and	x1,x30,x16	 x30:0xffffffdb x16:0xffffffaf  x1=0xffffff8b
        5425000	       541	80000840	001b8fb3	add	x31,x23,x1	 x23:0x0000f32a  x1:0xffffff8b x31=0x0000f2b5
        5435000	       542	80000844	351fa293	slti	x5,x31,849	 x31:0x0000f2b5  x5=0x00000000
        5445000	       543	80000848	021dc063	blt	x27,x1,80000868	 x27:0x80008a9b  x1:0xffffff8b
        5455000	       544	00000000	00000013	addi	x0,x0,0	  x0:0x00000000
        5465000	       545	80000864	00000013	addi	x0,x0,0	  x0:0x00000000
        5475000	       546	80000868	03840263	beq	x8,x24,8000088c	  x8:0xfffffe17 x24:0x00000006
        5485000	       547	8000086c	01a38c63	beq	x7,x26,80000884	  x7:0xffff936f x26:0x00001a3c
        5495000	       548	80000870	54b66413	ori	x8,x12,1355	 x12:0x00000055  x8=0x0000055f
        5505000	       549	80000874	016aa633	slt	x12,x21,x22	 x21:0x80008630 x22:0x0000f37f x12=0x00000001
        5515000	       550	80000878	00a869b3	or	x19,x16,x10	 x16:0xffffffaf x10:0xf8000000 x19=0xffffffaf
        5525000	       551	8000087c	7fdf4793	xori	x15,x30,2045	 x30:0xffffffdb x15=0xfffff826
        5535000	       552	80000880	0182f033	and	x0,x5,x24	  x5:0x00000000 x24:0x00000006
        5545000	       553	80000884	02179063	bne	x15,x1,800008a4	 x15:0xfffff826  x1:0xffffff8b
        5555000	       554	00000000	00000013	addi	x0,x0,0	  x0:0x00000000
        5565000	       555	800008a0	00000013	addi	x0,x0,0	  x0:0x00000000
        5575000	       556	800008a4	02f69063	bne	x13,x15,800008c4	 x13:0x0000dac8 x15:0xfffff826
        5585000	       557	00000000	00000013	addi	x0,x0,0	  x0:0x00000000
        5595000	       558	800008c0	00000013	addi	x0,x0,0	  x0:0x00000000
        5605000	       559	800008c4	0341e463	bltu	x3,x20,800008ec	  x3:0x00007573 x20:0x000000f8
        5615000	       560	800008c8	00506bb3	or	x23,x0,x5	  x0:0x00000000  x5:0x00000000 x23=0x00000000
        5625000	       561	800008cc	033a4263	blt	x20,x19,800008f0	 x20:0x000000f8 x19:0xffffffaf
        5635000	       562	800008d0	01d16863	bltu	x2,x29,800008e0	  x2:0x00000024 x29:0x80009f84
        5645000	       563	00000000	00000013	addi	x0,x0,0	  x0:0x00000000
        5655000	       564	800008dc	00000013	addi	x0,x0,0	  x0:0x00000000
        5665000	       565	800008e0	02904c63	blt	x0,x9,80000918	  x0:0x00000000  x9:0x80009fc4
        5675000	       566	800008e4	f1e2eb13	ori	x22,x5,-226	  x5:0x00000000 x22=0xffffff1e
        5685000	       567	800008e8	00a61913	slli	x18,x12,0xa	 x12:0x00000001 x18=0x00000400
        5695000	       568	800008ec	45da0b93	addi	x23,x20,1117	 x20:0x000000f8 x23=0x00000555
        5705000	       569	800008f0	d3772593	slti	x11,x14,-713	 x14:0x80008417 x11=0x00000001
        5715000	       570	800008f4	01040663	beq	x8,x16,80000900	  x8:0x0000055f x16:0xffffffaf
        5725000	       571	800008f8	017ec463	blt	x29,x23,80000900	 x29:0x80009f84 x23:0x00000555
        5735000	       572	00000000	00000013	addi	x0,x0,0	  x0:0x00000000
        5745000	       573	800008fc	00000013	addi	x0,x0,0	  x0:0x00000000
        5755000	       574	80000900	00c04833	xor	x16,x0,x12	  x0:0x00000000 x12:0x00000001 x16=0x00000001
        5765000	       575	80000904	b196bf93	sltiu	x31,x13,-1255	 x13:0x0000dac8 x31=0x00000001
        5775000	       576	80000908	50c70793	addi	x15,x14,1292	 x14:0x80008417 x15=0x80008923
        5785000	       577	8000090c	04e96463	bltu	x18,x14,80000954	 x18:0x00000400 x14:0x80008417
        5795000	       578	00000000	00000013	addi	x0,x0,0	  x0:0x00000000
        5805000	       579	80000950	00000013	addi	x0,x0,0	  x0:0x00000000
        5815000	       580	80000954	8e190a97	auipc	x21,0x8e190	 x21=0x0e190950
        5825000	       581	80000958	01ef3a33	sltu	x20,x30,x30	 x30:0xffffffdb x30:0xffffffdb x20=0x00000000
        5835000	       582	8000095c	41e1df13	srai	x30,x3,0x1e	  x3:0x00007573 x30=0x00000000
        5845000	       583	80000960	00da9433	sll	x8,x21,x13	 x21:0x0e190950 x13:0x0000dac8  x8=0x19095000
        5855000	       584	80000964	d7c70313	addi	x6,x14,-644	 x14:0x80008417  x6=0x80008193
        5865000	       585	80000968	b51bbb13	sltiu	x22,x23,-1199	 x23:0x00000555 x22=0x00000001
        5875000	       586	8000096c	4cfee013	ori	x0,x29,1231	 x29:0x80009f84
        5885000	       587	80000970	03a48263	beq	x9,x26,80000994	  x9:0x80009fc4 x26:0x00001a3c
        5895000	       588	80000974	0554f063	bgeu	x9,x21,800009b4	  x9:0x80009fc4 x21:0x0e190950
        5905000	       589	00000000	00000013	addi	x0,x0,0	  x0:0x00000000
        5915000	       590	800009b0	00000013	addi	x0,x0,0	  x0:0x00000000
        5925000	       591	800009b4	0057b833	sltu	x16,x15,x5	 x15:0x80008923  x5:0x00000000 x16=0x00000000
        5935000	       592	800009b8	406dd8b3	sra	x17,x27,x6	 x27:0x80008a9b  x6:0x80008193 x17=0xfffff000
        5945000	       593	800009bc	6231f593	andi	x11,x3,1571	  x3:0x00007573 x11=0x00000423
        5955000	       594	800009c0	6378a597	auipc	x11,0x6378a	 x11=0xe378a9bc
        5965000	       595	800009c4	00a800b3	add	x1,x16,x10	 x16:0x00000000 x10:0xf8000000  x1=0xf8000000
        5975000	       596	800009c8	c63fddb7	lui	x27,0xc63fd	 x27=0xc63fd000
        5985000	       597	800009cc	00e29f33	sll	x30,x5,x14	  x5:0x00000000 x14:0x80008417 x30=0x00000000
        5995000	       598	800009d0	01ebe533	or	x10,x23,x30	 x23:0x00000555 x30:0x00000000 x10=0x00000555
        6005000	       599	800009d4	02a67a63	bgeu	x12,x10,80000a08	 x12:0x00000001 x10:0x00000555
        6015000	       600	800009d8	02080263	beq	x16,x0,800009fc	 x16:0x00000000  x0:0x00000000
        6025000	       601	00000000	00000013	addi	x0,x0,0	  x0:0x00000000
        6035000	       602	800009f8	00000013	addi	x0,x0,0	  x0:0x00000000
        6045000	       603	800009fc	02985263	bge	x16,x9,80000a20	 x16:0x00000000  x9:0x80009fc4
        6055000	       604	00000000	00000013	addi	x0,x0,0	  x0:0x00000000
        6065000	       605	80000a1c	00000013	addi	x0,x0,0	  x0:0x00000000
        6075000	       606	80000a20	01ef2a33	slt	x20,x30,x30	 x30:0x00000000 x30:0x00000000 x20=0x00000000
        6085000	       607	80000a24	016277b3	and	x15,x4,x22	  x4:0x00003274 x22:0x00000001 x15=0x00000000
        6095000	       608	80000a28	7b8dcf17	auipc	x30,0x7b8dc	 x30=0xfb8dca24
        6105000	       609	80000a2c	bb2bca93	xori	x21,x23,-1102	 x23:0x00000555 x21=0xfffffee7
        6115000	       610	80000a30	01fa3e33	sltu	x28,x20,x31	 x20:0x00000000 x31:0x00000001 x28=0x00000001
        6125000	       611	80000a34	2559c213	xori	x4,x19,597	 x19:0xffffffaf  x4=0xfffffdfa
        6135000	       612	80000a38	00540833	add	x16,x8,x5	  x8:0x19095000  x5:0x00000000 x16=0x19095000
        6145000	       613	80000a3c	4108d113	srai	x2,x17,0x10	 x17:0xfffff000  x2=0xffffffff
        6155000	       614	80000a40	0014d463	bge	x9,x1,80000a48	  x9:0x80009fc4  x1:0xf8000000
        6165000	       615	80000a44	74e4b537	lui	x10,0x74e4b	 x10=0x74e4b000
        6175000	       616	80000a48	02c77063	bgeu	x14,x12,80000a68	 x14:0x80008417 x12:0x00000001
        6185000	       617	00000000	00000013	addi	x0,x0,0	  x0:0x00000000
        6195000	       618	80000a64	00000013	addi	x0,x0,0	  x0:0x00000000
        6205000	       619	80000a68	037bf263	bgeu	x23,x23,80000a8c	 x23:0x00000555 x23:0x00000555
        6215000	       620	00000000	00000013	addi	x0,x0,0	  x0:0x00000000
        6225000	       621	80000a88	00000013	addi	x0,x0,0	  x0:0x00000000
        6235000	       622	80000a8c	00866133	or	x2,x12,x8	 x12:0x00000001  x8:0x19095000  x2=0x19095001
        6245000	       623	80000a90	028e1a63	bne	x28,x8,80000ac4	 x28:0x00000001  x8:0x19095000
        6255000	       624	00000000	00000013	addi	x0,x0,0	  x0:0x00000000
        6265000	       625	80000ac0	00000013	addi	x0,x0,0	  x0:0x00000000
        6275000	       626	80000ac4	63e257b7	lui	x15,0x63e25	 x15=0x63e25000
        6285000	       627	80000ac8	030b8663	beq	x23,x16,80000af4	 x23:0x00000555 x16:0x19095000
        6295000	       628	80000acc	002c9613	slli	x12,x25,0x2	 x25:0x00000000 x12=0x00000000
        6305000	       629	80000ad0	0237c063	blt	x15,x3,80000af0	 x15:0x63e25000  x3:0x00007573
        6315000	       630	80000ad4	40b18733	sub	x14,x3,x11	  x3:0x00007573 x11:0xe378a9bc x14=0x1c87cbb7
        6325000	       631	80000ad8	41e7d093	srai	x1,x15,0x1e	 x15:0x63e25000  x1=0x00000001
        6335000	       632	80000adc	0420d063	bge	x1,x2,80000b1c	  x1:0x00000001  x2:0x19095001
        6345000	       633	80000ae0	0176df13	srli	x30,x13,0x17	 x13:0x0000dac8 x30=0x00000000
        6355000	       634	80000ae4	d0ac5737	lui	x14,0xd0ac5	 x14=0xd0ac5000
        6365000	       635	80000ae8	630c4a13	xori	x20,x24,1584	 x24:0x00000006 x20=0x00000636
        6375000	       636	80000aec	00000013	addi	x0,x0,0	  x0:0x00000000
        6385000	       637	80000af0	f81da293	slti	x5,x27,-127	 x27:0xc63fd000  x5=0x00000001
        6395000	       638	80000af4	bd147f93	andi	x31,x8,-1071	  x8:0x19095000 x31=0x19095000
        6405000	       639	80000af8	005cc433	xor	x8,x25,x5	 x25:0x00000000  x5:0x00000001  x8=0x00000001
        6415000	       640	80000afc	848aa093	slti	x1,x21,-1976	 x21:0xfffffee7  x1=0x00000000
        6425000	       641	80000b00	00b54633	xor	x12,x10,x11	 x10:0x74e4b000 x11:0xe378a9bc x12=0x979c19bc
        6435000	       642	80000b04	017da833	slt	x16,x27,x23	 x27:0xc63fd000 x23:0x00000555 x16=0x00000001
        6445000	       643	80000b08	4116d313	srai	x6,x13,0x11	 x13:0x0000dac8  x6=0x00000000
        6455000	       644	80000b0c	b06fc813	xori	x16,x31,-1274	 x31:0x19095000 x16=0xe6f6ab06
        6465000	       645	80000b10	175e0113	addi	x2,x28,373	 x28:0x00000001  x2=0x00000176
        6475000	       646	80000b14	2e1b2413	slti	x8,x22,737	 x22:0x00000001  x8=0x00000001
        6485000	       647	80000b18	402e5ab3	sra	x21,x28,x2	 x28:0x00000001  x2:0x00000176 x21=0x00000000
        6495000	       648	80000b1c	fb483113	sltiu	x2,x16,-76	 x16:0xe6f6ab06  x2=0x00000001
        6505000	       649	80000b20	00cb73b3	and	x7,x22,x12	 x22:0x00000001 x12:0x979c19bc  x7=0x00000000
        6515000	       650	80000b24	fa0ec213	xori	x4,x29,-96	 x29:0x80009f84  x4=0x7fff6024
        6525000	       651	80000b28	00cf1b33	sll	x22,x30,x12	 x30:0x00000000 x12:0x979c19bc x22=0x00000000
        6535000	       652	80000b2c	6479ac13	slti	x24,x19,1607	 x19:0xffffffaf x24=0x00000001
        6545000	       653	80000b30	0939d063	bge	x19,x19,80000bb0	 x19:0xffffffaf x19:0xffffffaf
        6555000	       654	00000000	00000013	addi	x0,x0,0	  x0:0x00000000
        6565000	       655	80000bac	00000013	addi	x0,x0,0	  x0:0x00000000
        6575000	       656	80000bb0	000a6d33	or	x26,x20,x0	 x20:0x00000636  x0:0x00000000 x26=0x00000636
        6585000	       657	80000bb4	01db4333	xor	x6,x22,x29	 x22:0x00000000 x29:0x80009f84  x6=0x80009f84
        6595000	       658	80000bb8	039ad263	bge	x21,x25,80000bdc	 x21:0x00000000 x25:0x00000000
        6605000	       659	00000000	00000013	addi	x0,x0,0	  x0:0x00000000
        6615000	       660	80000bd8	00000013	addi	x0,x0,0	  x0:0x00000000
        6625000	       661	80000bdc	001bdc13	srli	x24,x23,0x1	 x23:0x00000555 x24=0x000002aa
        6635000	       662	80000be0	401dd3b3	sra	x7,x27,x1	 x27:0xc63fd000  x1:0x00000000  x7=0xc63fd000
        6645000	       663	80000be4	01b49663	bne	x9,x27,80000bf0	  x9:0x80009fc4 x27:0xc63fd000
        6655000	       664	00000000	00000013	addi	x0,x0,0	  x0:0x00000000
        6665000	       665	80000bec	00000013	addi	x0,x0,0	  x0:0x00000000
        6675000	       666	80000bf0	02e6ce63	blt	x13,x14,80000c2c	 x13:0x0000dac8 x14:0xd0ac5000
        6685000	       667	80000bf4	02044063	blt	x8,x0,80000c14	  x8:0x00000001  x0:0x00000000
        6695000	       668	80000bf8	005af463	bgeu	x21,x5,80000c00	 x21:0x00000000  x5:0x00000001
        6705000	       669	80000bfc	00b95693	srli	x13,x18,0xb	 x18:0x00000400 x13=0x00000000
        6715000	       670	80000c00	00a2a833	slt	x16,x5,x10	  x5:0x00000001 x10:0x74e4b000 x16=0x00000001
        6725000	       671	80000c04	01d41293	slli	x5,x8,0x1d	  x8:0x00000001  x5=0x20000000
        6735000	       672	80000c08	412507b3	sub	x15,x10,x18	 x10:0x74e4b000 x18:0x00000400 x15=0x74e4ac00
        6745000	       673	80000c0c	418285b3	sub	x11,x5,x24	  x5:0x20000000 x24:0x000002aa x11=0x1ffffd56
        6755000	       674	80000c10	b312e193	ori	x3,x5,-1231	  x5:0x20000000  x3=0xfffffb31
        6765000	       675	80000c14	d1cbf613	andi	x12,x23,-740	 x23:0x00000555 x12=0x00000514
        6775000	       676	80000c18	03aa4c63	blt	x20,x26,80000c50	 x20:0x00000636 x26:0x00000636
        6785000	       677	80000c1c	01857663	bgeu	x10,x24,80000c28	 x10:0x74e4b000 x24:0x000002aa
        6795000	       678	00000000	00000013	addi	x0,x0,0	  x0:0x00000000
        6805000	       679	80000c24	00000013	addi	x0,x0,0	  x0:0x00000000
        6815000	       680	80000c28	403fd6b7	lui	x13,0x403fd	 x13=0x403fd000
        6825000	       681	80000c2c	006a8463	beq	x21,x6,80000c34	 x21:0x00000000  x6:0x80009f84
        6835000	       682	80000c30	0151f233	and	x4,x3,x21	  x3:0xfffffb31 x21:0x00000000  x4=0x00000000
        6845000	       683	80000c34	01b21733	sll	x14,x4,x27	  x4:0x00000000 x27:0xc63fd000 x14=0x00000000
        6855000	       684	80000c38	01869863	bne	x13,x24,80000c48	 x13:0x403fd000 x24:0x000002aa
        6865000	       685	00000000	00000013	addi	x0,x0,0	  x0:0x00000000
        6875000	       686	80000c44	00000013	addi	x0,x0,0	  x0:0x00000000
        6885000	       687	80000c48	d6c22513	slti	x10,x4,-660	  x4:0x00000000 x10=0x00000000
        6895000	       688	80000c4c	013e9233	sll	x4,x29,x19	 x29:0x80009f84 x19:0xffffffaf  x4=0x4fc20000
        6905000	       689	80000c50	54b3e193	ori	x3,x7,1355	  x7:0xc63fd000  x3=0xc63fd54b
        6915000	       690	80000c54	00654d33	xor	x26,x10,x6	 x10:0x00000000  x6:0x80009f84 x26=0x80009f84
        6925000	       691	80000c58	36376213	ori	x4,x14,867	 x14:0x00000000  x4=0x00000363
        6935000	       692	80000c5c	016dfc63	bgeu	x27,x22,80000c74	 x27:0xc63fd000 x22:0x00000000
        6945000	       693	00000000	00000013	addi	x0,x0,0	  x0:0x00000000
        6955000	       694	80000c70	00000013	addi	x0,x0,0	  x0:0x00000000
        6965000	       695	80000c74	08ecd263	bge	x25,x14,80000cf8	 x25:0x00000000 x14:0x00000000
        6975000	       696	00000000	00000013	addi	x0,x0,0	  x0:0x00000000
        6985000	       697	80000cf4	00000013	addi	x0,x0,0	  x0:0x00000000
        6995000	       698	80000cf8	01334db3	xor	x27,x6,x19	  x6:0x80009f84 x19:0xffffffaf x27=0x7fff602b
        7005000	       699	80000cfc	4addfd93	andi	x27,x27,1197	 x27:0x7fff602b x27=0x00000029
        7015000	       700	80000d00	00504663	blt	x0,x5,80000d0c	  x0:0x00000000  x5:0x20000000
        7025000	       701	00000000	00000013	addi	x0,x0,0	  x0:0x00000000
        7035000	       702	80000d08	00000013	addi	x0,x0,0	  x0:0x00000000
        7045000	       703	80000d0c	4cd03013	sltiu	x0,x0,1229	  x0:0x00000000
        7055000	       704	80000d10	03381063	bne	x16,x19,80000d30	 x16:0x00000001 x19:0xffffffaf
        7065000	       705	00000000	00000013	addi	x0,x0,0	  x0:0x00000000
        7075000	       706	80000d2c	00000013	addi	x0,x0,0	  x0:0x00000000
        7085000	       707	80000d30	01fff733	and	x14,x31,x31	 x31:0x19095000 x31:0x19095000 x14=0x19095000
        7095000	       708	80000d34	01b0bc33	sltu	x24,x1,x27	  x1:0x00000000 x27:0x00000029 x24=0x00000001
        7105000	       709	80000d38	41635a93	srai	x21,x6,0x16	  x6:0x80009f84 x21=0xfffffe00
        7115000	       710	80000d3c	038f1e63	bne	x30,x24,80000d78	 x30:0x00000000 x24:0x00000001
        7125000	       711	00000000	00000013	addi	x0,x0,0	  x0:0x00000000
        7135000	       712	80000d74	00000013	addi	x0,x0,0	  x0:0x00000000
        7145000	       713	80000d78	009db733	sltu	x14,x27,x9	 x27:0x00000029  x9:0x80009fc4 x14=0x00000001
        7155000	       714	80000d7c	8317e913	ori	x18,x15,-1999	 x15:0x74e4ac00 x18=0xfffffc31
        7165000	       715	80000d80	032e1c63	bne	x28,x18,80000db8	 x28:0x00000001 x18:0xfffffc31
        7175000	       716	00000000	00000013	addi	x0,x0,0	  x0:0x00000000
        7185000	       717	80000db4	00000013	addi	x0,x0,0	  x0:0x00000000
        7195000	       718	80000db8	396b8993	addi	x19,x23,918	 x23:0x00000555 x19=0x000008eb
        7205000	       719	80000dbc	011dfe63	bgeu	x27,x17,80000dd8	 x27:0x00000029 x17:0xfffff000
        7215000	       720	80000dc0	01214c63	blt	x2,x18,80000dd8	  x2:0x00000001 x18:0xfffffc31
        7225000	       721	80000dc4	3f194813	xori	x16,x18,1009	 x18:0xfffffc31 x16=0xffffffc0
        7235000	       722	80000dc8	01879263	bne	x15,x24,80000dcc	 x15:0x74e4ac00 x24:0x00000001
        7245000	       723	00000000	00000013	addi	x0,x0,0	  x0:0x00000000
        7255000	       724	80000dc8	00000013	addi	x0,x0,0	  x0:0x00000000
        7265000	       725	80000dcc	003ba1b3	slt	x3,x23,x3	 x23:0x00000555  x3:0xc63fd54b  x3=0x00000000
        7275000	       726	80000dd0	278ad237	lui	x4,0x278ad	  x4=0x278ad000
        7285000	       727	80000dd4	03ee7663	bgeu	x28,x30,80000e00	 x28:0x00000001 x30:0x00000000
        7295000	       728	00000000	00000013	addi	x0,x0,0	  x0:0x00000000
        7305000	       729	80000dfc	00000013	addi	x0,x0,0	  x0:0x00000000
        7315000	       730	80000e00	01779013	slli	x0,x15,0x17	 x15:0x74e4ac00
        7325000	       731	80000e04	00000013	addi	x0,x0,0	  x0:0x00000000
        7335000	       732	80000e08	002e5413	srli	x8,x28,0x2	 x28:0x00000001  x8=0x00000000
        7345000	       733	80000e0c	00b00d33	add	x26,x0,x11	  x0:0x00000000 x11:0x1ffffd56 x26=0x1ffffd56
        7355000	       734	80000e10	00c85993	srli	x19,x16,0xc	 x16:0xffffffc0 x19=0x000fffff
        7365000	       735	80000e14	0040ed33	or	x26,x1,x4	  x1:0x00000000  x4:0x278ad000 x26=0x278ad000
        7375000	       736	80000e18	03910e63	beq	x2,x25,80000e54	  x2:0x00000001 x25:0x00000000
        7385000	       737	80000e1c	00cf1463	bne	x30,x12,80000e24	 x30:0x00000000 x12:0x00000514
        7395000	       738	00000000	00000013	addi	x0,x0,0	  x0:0x00000000
        7405000	       739	80000e20	00000013	addi	x0,x0,0	  x0:0x00000000
        7415000	       740	80000e24	01463c33	sltu	x24,x12,x20	 x12:0x00000514 x20:0x00000636 x24=0x00000001
        7425000	       741	80000e28	8912cc13	xori	x24,x5,-1903	  x5:0x20000000 x24=0xdffff891
        7435000	       742	80000e2c	019763b3	or	x7,x14,x25	 x14:0x00000001 x25:0x00000000  x7=0x00000001
        7445000	       743	80000e30	00ef66b3	or	x13,x30,x14	 x30:0x00000000 x14:0x00000001 x13=0x00000001
        7455000	       744	80000e34	b6037537	lui	x10,0xb6037	 x10=0xb6037000
        7465000	       745	80000e38	e35e3693	sltiu	x13,x28,-459	 x28:0x00000001 x13=0x00000001
        7475000	       746	80000e3c	026aec63	bltu	x21,x6,80000e74	 x21:0xfffffe00  x6:0x80009f84
        7485000	       747	80000e40	01f56933	or	x18,x10,x31	 x10:0xb6037000 x31:0x19095000 x18=0xbf0b7000
        7495000	       748	80000e44	1d8d0893	addi	x17,x26,472	 x26:0x278ad000 x17=0x278ad1d8
        7505000	       749	80000e48	01846f33	or	x30,x8,x24	  x8:0x00000000 x24:0xdffff891 x30=0xdffff891
        7515000	       750	80000e4c	f2f12513	slti	x10,x2,-209	  x2:0x00000001 x10=0x00000000
        7525000	       751	80000e50	00000013	addi	x0,x0,0	  x0:0x00000000
        7535000	       752	80000e54	01094fb3	xor	x31,x18,x16	 x18:0xbf0b7000 x16:0xffffffc0 x31=0x40f48fc0
        7545000	       753	80000e58	ab407013	andi	x0,x0,-1356	  x0:0x00000000
        7555000	       754	80000e5c	ae242613	slti	x12,x8,-1310	  x8:0x00000000 x12=0x00000000
        7565000	       755	80000e60	0155c433	xor	x8,x11,x21	 x11:0x1ffffd56 x21:0xfffffe00  x8=0xe0000356
        7575000	       756	80000e64	02b0c463	blt	x1,x11,80000e8c	  x1:0x00000000 x11:0x1ffffd56
        7585000	       757	00000000	00000013	addi	x0,x0,0	  x0:0x00000000
        7595000	       758	80000e88	00000013	addi	x0,x0,0	  x0:0x00000000
        7605000	       759	80000e8c	02b96463	bltu	x18,x11,80000eb4	 x18:0xbf0b7000 x11:0x1ffffd56
        7615000	       760	80000e90	0184e033	or	x0,x9,x24	  x9:0x80009fc4 x24:0xdffff891
        7625000	       761	80000e94	03357663	bgeu	x10,x19,80000ec0	 x10:0x00000000 x19:0x000fffff
        7635000	       762	80000e98	00f64863	blt	x12,x15,80000ea8	 x12:0x00000000 x15:0x74e4ac00
        7645000	       763	00000000	00000013	addi	x0,x0,0	  x0:0x00000000
        7655000	       764	80000ea4	00000013	addi	x0,x0,0	  x0:0x00000000
        7665000	       765	80000ea8	005b1463	bne	x22,x5,80000eb0	 x22:0x00000000  x5:0x20000000
        7675000	       766	00000000	00000013	addi	x0,x0,0	  x0:0x00000000
        7685000	       767	80000eac	00000013	addi	x0,x0,0	  x0:0x00000000
        7695000	       768	80000eb0	6ab34913	xori	x18,x6,1707	  x6:0x80009f84 x18=0x8000992f
        7705000	       769	80000eb4	00261ab3	sll	x21,x12,x2	 x12:0x00000000  x2:0x00000001 x21=0x00000000
        7715000	       770	80000eb8	034c4a63	blt	x24,x20,80000eec	 x24:0xdffff891 x20:0x00000636
        7725000	       771	00000000	00000013	addi	x0,x0,0	  x0:0x00000000
        7735000	       772	80000ee8	00000013	addi	x0,x0,0	  x0:0x00000000
        7745000	       773	80000eec	01d7d1b3	srl	x3,x15,x29	 x15:0x74e4ac00 x29:0x80009f84  x3=0x074e4ac0
        7755000	       774	80000ef0	0676da63	bge	x13,x7,80000f64	 x13:0x00000001  x7:0x00000001
        7765000	       775	00000000	00000013	addi	x0,x0,0	  x0:0x00000000
        7775000	       776	80000f60	00000013	addi	x0,x0,0	  x0:0x00000000
        7785000	       777	80000f64	00529193	slli	x3,x5,0x5	  x5:0x20000000  x3=0x00000000
        7795000	       778	80000f68	415e0533	sub	x10,x28,x21	 x28:0x00000001 x21:0x00000000 x10=0x00000001
        7805000	       779	80000f6c	0059ddb3	srl	x27,x19,x5	 x19:0x000fffff  x5:0x20000000 x27=0x000fffff
        7815000	       780	80000f70	942e7613	andi	x12,x28,-1726	 x28:0x00000001 x12=0x00000000
        7825000	       781	80000f74	03ce8263	beq	x29,x28,80000f98	 x29:0x80009f84 x28:0x00000001
        7835000	       782	80000f78	05949063	bne	x9,x25,80000fb8	  x9:0x80009fc4 x25:0x00000000
        7845000	       783	00000000	00000013	addi	x0,x0,0	  x0:0x00000000
        7855000	       784	80000fb4	00000013	addi	x0,x0,0	  x0:0x00000000
        7865000	       785	80000fb8	40b4d313	srai	x6,x9,0xb	  x9:0x80009fc4  x6=0xfff00013
        7875000	       786	80000fbc	ebcfd0b7	lui	x1,0xebcfd	  x1=0xebcfd000
        7885000	       787	80000fc0	0111e633	or	x12,x3,x17	  x3:0x00000000 x17:0x278ad1d8 x12=0x278ad1d8
        7895000	       788	80000fc4	00b80633	add	x12,x16,x11	 x16:0xffffffc0 x11:0x1ffffd56 x12=0x1ffffd16
        7905000	       789	80000fc8	9d84f713	andi	x14,x9,-1576	  x9:0x80009fc4 x14=0x800099c0
        7915000	       790	80000fcc	01825913	srli	x18,x4,0x18	  x4:0x278ad000 x18=0x00000027
        7925000	       791	80000fd0	55ae6093	ori	x1,x28,1370	 x28:0x00000001  x1=0x0000055b
        7935000	       792	80000fd4	0028d7b3	srl	x15,x17,x2	 x17:0x278ad1d8  x2:0x00000001 x15=0x13c568ec
        7945000	       793	80000fd8	0a306113	ori	x2,x0,163	  x0:0x00000000  x2=0x000000a3
        7955000	       794	80000fdc	00da75b3	and	x11,x20,x13	 x20:0x00000636 x13:0x00000001 x11=0x00000000
        7965000	       795	80000fe0	00419d93	slli	x27,x3,0x4	  x3:0x00000000 x27=0x00000000
        7975000	       796	80000fe4	40868c33	sub	x24,x13,x8	 x13:0x00000001  x8:0xe0000356 x24=0x1ffffcab
        7985000	       797	80000fe8	212ea997	auipc	x19,0x212ea	 x19=0xa12eafe4
        7995000	       798	80000fec	00cb5f33	srl	x30,x22,x12	 x22:0x00000000 x12:0x1ffffd16 x30=0x00000000
        8005000	       799	80000ff0	00857e63	bgeu	x10,x8,8000100c	 x10:0x00000001  x8:0xe0000356
        8015000	       800	80000ff4	01acc263	blt	x25,x26,80000ff8	 x25:0x00000000 x26:0x278ad000
        8025000	       801	00000000	00000013	addi	x0,x0,0	  x0:0x00000000
        8035000	       802	80000ff4	00000013	addi	x0,x0,0	  x0:0x00000000
        8045000	       803	80000ff8	004e7733	and	x14,x28,x4	 x28:0x00000001  x4:0x278ad000 x14=0x00000000
        8055000	       804	80000ffc	018d9813	slli	x16,x27,0x18	 x27:0x00000000 x16=0x00000000
        8065000	       805	80001000	0080a333	slt	x6,x1,x8	  x1:0x0000055b  x8:0xe0000356  x6=0x00000000
        8075000	       806	80001004	00000013	addi	x0,x0,0	  x0:0x00000000
        8085000	       807	80001008	00293933	sltu	x18,x18,x2	 x18:0x00000027  x2:0x000000a3 x18=0x00000001
        8095000	       808	8000100c	c7e40113	addi	x2,x8,-898	  x8:0xe0000356  x2=0xdfffffd4
        8105000	       809	80001010	52a61b97	auipc	x23,0x52a61	 x23=0xd2a6200c
        8115000	       810	80001014	02884863	blt	x16,x8,80001044	 x16:0x00000000  x8:0xe0000356
        8125000	       811	80001018	03df1063	bne	x30,x29,80001038	 x30:0x00000000 x29:0x80009f84
        8135000	       812	00000000	00000013	addi	x0,x0,0	  x0:0x00000000
        8145000	       813	80001034	00000013	addi	x0,x0,0	  x0:0x00000000
        8155000	       814	80001038	012d28b3	slt	x17,x26,x18	 x26:0x278ad000 x18:0x00000001 x17=0x00000000
        8165000	       815	8000103c	00000013	addi	x0,x0,0	  x0:0x00000000
        8175000	       816	80001040	af3af113	andi	x2,x21,-1293	 x21:0x00000000  x2=0x00000000
        8185000	       817	80001044	0217ec63	bltu	x15,x1,8000107c	 x15:0x13c568ec  x1:0x0000055b
        8195000	       818	80001048	40395f93	srai	x31,x18,0x3	 x18:0x00000001 x31=0x00000000
        8205000	       819	8000104c	41c15593	srai	x11,x2,0x1c	  x2:0x00000000 x11=0x00000000
        8215000	       820	80001050	00000013	addi	x0,x0,0	  x0:0x00000000
        8225000	       821	80001054	41ae8a33	sub	x20,x29,x26	 x29:0x80009f84 x26:0x278ad000 x20=0x5875cf84
        8235000	       822	80001058	02851263	bne	x10,x8,8000107c	 x10:0x00000001  x8:0xe0000356
        8245000	       823	00000000	00000013	addi	x0,x0,0	  x0:0x00000000
        8255000	       824	80001078	00000013	addi	x0,x0,0	  x0:0x00000000
        8265000	       825	8000107c	003db3b3	sltu	x7,x27,x3	 x27:0x00000000  x3:0x00000000  x7=0x00000000
        8275000	       826	80001080	01f5d863	bge	x11,x31,80001090	 x11:0x00000000 x31:0x00000000
        8285000	       827	00000000	00000013	addi	x0,x0,0	  x0:0x00000000
        8295000	       828	8000108c	00000013	addi	x0,x0,0	  x0:0x00000000
        8305000	       829	80001090	00000013	addi	x0,x0,0	  x0:0x00000000
        8315000	       830	80001094	06d2d063	bge	x5,x13,800010f4	  x5:0x20000000 x13:0x00000001
        8325000	       831	00000000	00000013	addi	x0,x0,0	  x0:0x00000000
        8335000	       832	800010f0	00000013	addi	x0,x0,0	  x0:0x00000000
        8345000	       833	800010f4	da84aa13	slti	x20,x9,-600	  x9:0x80009fc4 x20=0x00000001
        8355000	       834	800010f8	68dccb93	xori	x23,x25,1677	 x25:0x00000000 x23=0x0000068d
        8365000	       835	800010fc	0032cab3	xor	x21,x5,x3	  x5:0x20000000  x3:0x00000000 x21=0x20000000
        8375000	       836	80001100	b04ca017	auipc	x0,0xb04ca	
        8385000	       837	80001104	016f23b3	slt	x7,x30,x22	 x30:0x00000000 x22:0x00000000  x7=0x00000000
        8395000	       838	80001108	029d9263	bne	x27,x9,8000112c	 x27:0x00000000  x9:0x80009fc4
        8405000	       839	00000000	00000013	addi	x0,x0,0	  x0:0x00000000
        8415000	       840	80001128	00000013	addi	x0,x0,0	  x0:0x00000000
        8425000	       841	8000112c	00000013	addi	x0,x0,0	  x0:0x00000000
        8435000	       842	80001130	01fdd5b3	srl	x11,x27,x31	 x27:0x00000000 x31:0x00000000 x11=0x00000000
        8445000	       843	80001134	c7aff1b7	lui	x3,0xc7aff	  x3=0xc7aff000
        8455000	       844	80001138	00459fb3	sll	x31,x11,x4	 x11:0x00000000  x4:0x278ad000 x31=0x00000000
        8465000	       845	8000113c	014d82b3	add	x5,x27,x20	 x27:0x00000000 x20:0x00000001  x5=0x00000001
        8475000	       846	80001140	e7456e13	ori	x28,x10,-396	 x10:0x00000001 x28=0xfffffe75
        8485000	       847	80001144	f975ff93	andi	x31,x11,-105	 x11:0x00000000 x31=0x00000000
        8495000	       848	80001148	40ba89b3	sub	x19,x21,x11	 x21:0x20000000 x11:0x00000000 x19=0x20000000
        8505000	       849	8000114c	005ce133	or	x2,x25,x5	 x25:0x00000000  x5:0x00000001  x2=0x00000001
        8515000	       850	80001150	01c2d293	srli	x5,x5,0x1c	  x5:0x00000001  x5=0x00000000
        8525000	       851	80001154	41055133	sra	x2,x10,x16	 x10:0x00000001 x16:0x00000000  x2=0x00000001
        8535000	       852	80001158	014ff1b3	and	x3,x31,x20	 x31:0x00000000 x20:0x00000001  x3=0x00000000
        8545000	       853	8000115c	fab06a17	auipc	x20,0xfab06	 x20=0x7ab07158
        8555000	       854	80001160	01d39813	slli	x16,x7,0x1d	  x7:0x00000000 x16=0x00000000
        8565000	       855	80001164	00000c97	auipc	x25,0x0	 x25=0x80001160
        8575000	       856	80001168	00cc8c93	addi	x25,x25,12	 x25:0x80001160 x25=0x8000116c
        8585000	       857	8000116c	000c8067	jalr	x0,x25,0	 x25:0x8000116c
        8595000	       858	00000000	00000013	addi	x0,x0,0	  x0:0x00000000
        8605000	       859	8000116c	00000013	addi	x0,x0,0	  x0:0x00000000
        8615000	       860	80001170	00100193	addi	x3,x0,1	  x0:0x00000000  x3=0x00000001
        8625000	       861	80001174	00000073	ecall	
        8635000	       862	80001178	5a09b097	auipc	x1,0x5a09b	  x1=0xda09c174
