		Time			Cycle	PC		Insn	Decoded instruction	Register and memory contents
          65000	         5	80000004	00000293	addi	x5,x0,0	  x0:0x00000000  x5=0x00000000
          75000	         6	80000008	00000313	addi	x6,x0,0	  x0:0x00000000  x6=0x00000000
          85000	         7	8000000c	00628263	beq	x5,x6,80000010	  x5:0x00000000  x6:0x00000000
          95000	         8	00000000	00000013	addi	x0,x0,0	  x0:0x00000000
         105000	         9	8000000c	00000013	addi	x0,x0,0	  x0:0x00000000
         115000	        10	80000010	00000817	auipc	x16,0x0	 x16=0x8000000c
         125000	        11	80000014	00c80813	addi	x16,x16,12	 x16:0x8000000c x16=0x80000018
         135000	        12	80000018	00080067	jalr	x0,x16,0	 x16:0x80000018
         145000	        13	00000000	00000013	addi	x0,x0,0	  x0:0x00000000
         155000	        14	80000018	00000013	addi	x0,x0,0	  x0:0x00000000
         165000	        15	8000001c	40000cb7	lui	x25,0x40000	 x25=0x40000000
         175000	        16	80000020	100c8c93	addi	x25,x25,256	 x25:0x40000000 x25=0x40000100
         185000	        17	80000024	00000013	addi	x0,x0,0	  x0:0x00000000
         195000	        18	80000028	0000aa97	auipc	x21,0xa	 x21=0x8000a024
         205000	        19	8000002c	fa0a8a93	addi	x21,x21,-96	 x21:0x8000a024 x21=0x80009fc4
         215000	        20	80000030	00003c97	auipc	x25,0x3	 x25=0x8000302c
         225000	        21	80000034	8c4c8c93	addi	x25,x25,-1852	 x25:0x8000302c x25=0x800028f0
         235000	        22	80000038	001cec93	ori	x25,x25,1	 x25:0x800028f0 x25=0x800028f1
         245000	        23	8000003c	00000013	addi	x0,x0,0	  x0:0x00000000
         255000	        24	80000040	00000c97	auipc	x25,0x0	 x25=0x8000003c
         265000	        25	80000044	020c8c93	addi	x25,x25,32	 x25:0x8000003c x25=0x8000005c
         275000	        26	80000048	00000013	addi	x0,x0,0	  x0:0x00000000
         285000	        27	8000004c	00000013	addi	x0,x0,0	  x0:0x00000000
         295000	        28	80000050	00002cb7	lui	x25,0x2	 x25=0x00002000
         305000	        29	80000054	800c8c93	addi	x25,x25,-2048	 x25:0x00002000 x25=0x00001800
         315000	        30	80000058	00000013	addi	x0,x0,0	  x0:0x00000000
         325000	        31	8000005c	00000013	addi	x0,x0,0	  x0:0x00000000
         335000	        32	80000060	49b89037	lui	x0,0x49b89	
         345000	        33	80000064	fbb00013	addi	x0,x0,-69	  x0:0x00000000
         355000	        34	80000068	800000b7	lui	x1,0x80000	  x1=0x80000000
         365000	        35	8000006c	00b00113	addi	x2,x0,11	  x0:0x00000000  x2=0x0000000b
         375000	        36	80000070	31c8d1b7	lui	x3,0x31c8d	  x3=0x31c8d000
         385000	        37	80000074	29a18193	addi	x3,x3,666	  x3:0x31c8d000  x3=0x31c8d29a
         395000	        38	80000078	41c5e237	lui	x4,0x41c5e	  x4=0x41c5e000
         405000	        39	8000007c	e6f20213	addi	x4,x4,-401	  x4:0x41c5e000  x4=0x41c5de6f
         415000	        40	80000080	f5e1f2b7	lui	x5,0xf5e1f	  x5=0xf5e1f000
         425000	        41	80000084	9f728293	addi	x5,x5,-1545	  x5:0xf5e1f000  x5=0xf5e1e9f7
         435000	        42	80000088	80000337	lui	x6,0x80000	  x6=0x80000000
         445000	        43	8000008c	f4c2d3b7	lui	x7,0xf4c2d	  x7=0xf4c2d000
         455000	        44	80000090	3fb38393	addi	x7,x7,1019	  x7:0xf4c2d000  x7=0xf4c2d3fb
         465000	        45	80000094	00f00413	addi	x8,x0,15	  x0:0x00000000  x8=0x0000000f
         475000	        46	80000098	f04b44b7	lui	x9,0xf04b4	  x9=0xf04b4000
         485000	        47	8000009c	72c48493	addi	x9,x9,1836	  x9:0xf04b4000  x9=0xf04b472c
         495000	        48	800000a0	201e2537	lui	x10,0x201e2	 x10=0x201e2000
         505000	        49	800000a4	8ad50513	addi	x10,x10,-1875	 x10:0x201e2000 x10=0x201e18ad
         515000	        50	800000a8	00300593	addi	x11,x0,3	  x0:0x00000000 x11=0x00000003
         525000	        51	800000ac	00000613	addi	x12,x0,0	  x0:0x00000000 x12=0x00000000
         535000	        52	800000b0	00000713	addi	x14,x0,0	  x0:0x00000000 x14=0x00000000
         545000	        53	800000b4	00000793	addi	x15,x0,0	  x0:0x00000000 x15=0x00000000
         555000	        54	800000b8	00000813	addi	x16,x0,0	  x0:0x00000000 x16=0x00000000
         565000	        55	800000bc	800008b7	lui	x17,0x80000	 x17=0x80000000
         575000	        56	800000c0	80000937	lui	x18,0x80000	 x18=0x80000000
         585000	        57	800000c4	fad889b7	lui	x19,0xfad88	 x19=0xfad88000
         595000	        58	800000c8	c7498993	addi	x19,x19,-908	 x19:0xfad88000 x19=0xfad87c74
         605000	        59	800000cc	4893ea37	lui	x20,0x4893e	 x20=0x4893e000
         615000	        60	800000d0	1daa0a13	addi	x20,x20,474	 x20:0x4893e000 x20=0x4893e1da
         625000	        61	800000d4	e3c7cb37	lui	x22,0xe3c7c	 x22=0xe3c7c000
         635000	        62	800000d8	d04b0b13	addi	x22,x22,-764	 x22:0xe3c7c000 x22=0xe3c7bd04
         645000	        63	800000dc	00000b93	addi	x23,x0,0	  x0:0x00000000 x23=0x00000000
         655000	        64	800000e0	00a00c13	addi	x24,x0,10	  x0:0x00000000 x24=0x0000000a
         665000	        65	800000e4	00000c93	addi	x25,x0,0	  x0:0x00000000 x25=0x00000000
         675000	        66	800000e8	afb77d37	lui	x26,0xafb77	 x26=0xafb77000
         685000	        67	800000ec	9dcd0d13	addi	x26,x26,-1572	 x26:0xafb77000 x26=0xafb769dc
         695000	        68	800000f0	00000d93	addi	x27,x0,0	  x0:0x00000000 x27=0x00000000
         705000	        69	800000f4	00000e13	addi	x28,x0,0	  x0:0x00000000 x28=0x00000000
         715000	        70	800000f8	80000eb7	lui	x29,0x80000	 x29=0x80000000
         725000	        71	800000fc	37740f37	lui	x30,0x37740	 x30=0x37740000
         735000	        72	80000100	8cef0f13	addi	x30,x30,-1842	 x30:0x37740000 x30=0x3773f8ce
         745000	        73	80000104	12796fb7	lui	x31,0x12796	 x31=0x12796000
         755000	        74	80000108	f65f8f93	addi	x31,x31,-155	 x31:0x12796000 x31=0x12795f65
         765000	        75	8000010c	0000a697	auipc	x13,0xa	 x13=0x8000a108
         775000	        76	80000110	e7c68693	addi	x13,x13,-388	 x13:0x8000a108 x13=0x80009f84
         785000	        77	80000114	00000117	auipc	x2,0x0	  x2=0x80000110
         795000	        78	80000118	48810113	addi	x2,x2,1160	  x2:0x80000110  x2=0x80000598
         805000	        79	8000011c	1c110113	addi	x2,x2,449	  x2:0x80000598  x2=0x80000759
         815000	        80	80000120	ab5bbf13	sltiu	x30,x23,-1355	 x23:0x00000000 x30=0x00000001
         825000	        81	80000124	d982fb93	andi	x23,x5,-616	  x5:0xf5e1e9f7 x23=0xf5e1e990
         835000	        82	80000128	01d90863	beq	x18,x29,80000138	 x18:0x80000000 x29:0x80000000
         845000	        83	00000000	00000013	addi	x0,x0,0	  x0:0x00000000
         855000	        84	80000134	00000013	addi	x0,x0,0	  x0:0x00000000
         865000	        85	80000138	e3f10b67	jalr	x22,x2,-449	  x2:0x80000759 x22=0x80000138
         875000	        86	00000000	00000013	addi	x0,x0,0	  x0:0x00000000
         885000	        87	80000598	00000013	addi	x0,x0,0	  x0:0x00000000
         895000	        88	8000059c	41670433	sub	x8,x14,x22	 x14:0x00000000 x22:0x80000138  x8=0x7ffffec8
         905000	        89	800005a0	00a4c8b3	xor	x17,x9,x10	  x9:0xf04b472c x10:0x201e18ad x17=0xd0555f81
         915000	        90	800005a4	009b7733	and	x14,x22,x9	 x22:0x80000138  x9:0xf04b472c x14=0x80000128
         925000	        91	800005a8	01381433	sll	x8,x16,x19	 x16:0x00000000 x19:0xfad87c74  x8=0x00000000
         935000	        92	800005ac	00000013	addi	x0,x0,0	  x0:0x00000000
         945000	        93	800005b0	fd868693	addi	x13,x13,-40	 x13:0x80009f84 x13=0x80009f5c
         955000	        94	800005b4	f208a113	slti	x2,x17,-224	 x17:0xd0555f81  x2=0x00000001
         965000	        95	800005b8	001fe1b3	or	x3,x31,x1	 x31:0x12795f65  x1:0x80000000  x3=0x92795f65
         975000	        96	800005bc	0166a223	sw	x22,4(x13)	 x13:0x80009f5c x22:0x80000138 PA:0x80009f60
         985000	        97	800005c0	01a19713	slli	x14,x3,0x1a	  x3:0x92795f65 x14=0x94000000
         995000	        98	800005c4	94b250b7	lui	x1,0x94b25	  x1=0x94b25000
        1005000	        99	800005c8	48cae513	ori	x10,x21,1164	 x21:0x80009fc4 x10=0x80009fcc
        1015000	       100	800005cc	00008797	auipc	x15,0x8	 x15=0x800085c8
        1025000	       101	800005d0	1b178793	addi	x15,x15,433	 x15:0x800085c8 x15=0x80008779
        1035000	       102	800005d4	000795a3	sh	x0,11(x15)	 x15:0x80008779  x0:0x00000000 PA:0x80008784
        1045000	       103	800005d8	0059f0b3	and	x1,x19,x5	 x19:0xfad87c74  x5:0xf5e1e9f7  x1=0xf0c06874
        1055000	       104	800005dc	ff778e03	lb	x28,-9(x15)	 x15:0x80008779 x28=0x0000002b PA:0x80008770
        1065000	       105	800005e0	ff179e83	lh	x29,-15(x15)	 x15:0x80008779 x29=0x00002021 PA:0x8000876a
        1075000	       106	800005e4	017785a3	sb	x23,11(x15)	 x15:0x80008779 x23:0xf5e1e990 PA:0x80008784
        1085000	       107	800005e8	323f3713	sltiu	x14,x30,803	 x30:0x00000001 x14=0x00000001
        1095000	       108	800005ec	64c90393	addi	x7,x18,1612	 x18:0x80000000  x7=0x8000064c
        1105000	       109	800005f0	001c6233	or	x4,x24,x1	 x24:0x0000000a  x1:0xf0c06874  x4=0xf0c0687e
        1115000	       110	800005f4	011784a3	sb	x17,9(x15)	 x15:0x80008779 x17:0xd0555f81 PA:0x80008782
        1125000	       111	800005f8	7f490893	addi	x17,x18,2036	 x18:0x80000000 x17=0x800007f4
        1135000	       112	800005fc	019785a3	sb	x25,11(x15)	 x15:0x80008779 x25:0x00000000 PA:0x80008784
        1145000	       113	80000600	ff17da03	lhu	x20,-15(x15)	 x15:0x80008779 x20=0x00002021 PA:0x8000876a
        1155000	       114	80000604	ff278b03	lb	x22,-14(x15)	 x15:0x80008779 x22=0x00000020 PA:0x8000876b
        1165000	       115	80000608	00000013	addi	x0,x0,0	  x0:0x00000000
        1175000	       116	8000060c	00ece333	or	x6,x25,x14	 x25:0x00000000 x14:0x00000001  x6=0x00000001
        1185000	       117	80000610	00cef9b3	and	x19,x29,x12	 x29:0x00002021 x12:0x00000000 x19=0x00000000
        1195000	       118	80000614	a6181017	auipc	x0,0xa6181	
        1205000	       119	80000618	4d66b293	sltiu	x5,x13,1238	 x13:0x80009f5c  x5=0x00000000
        1215000	       120	8000061c	0187a7a3	sw	x24,15(x15)	 x15:0x80008779 x24:0x0000000a PA:0x80008788
        1225000	       121	80000620	00c78e03	lb	x28,12(x15)	 x15:0x80008779 x28=0x00000000 PA:0x80008785
        1235000	       122	80000624	0027ce83	lbu	x29,2(x15)	 x15:0x80008779 x29=0x00000030 PA:0x8000877b
        1245000	       123	80000628	01178723	sb	x17,14(x15)	 x15:0x80008779 x17:0x800007f4 PA:0x80008787
        1255000	       124	8000062c	0ef72d13	slti	x26,x14,239	 x14:0x00000001 x26=0x00000001
        1265000	       125	80000630	5f7d0713	addi	x14,x26,1527	 x26:0x00000001 x14=0x000005f8
        1275000	       126	80000634	003b7f33	and	x30,x22,x3	 x22:0x00000020  x3:0x92795f65 x30=0x00000020
        1285000	       127	80000638	ff179b83	lh	x23,-15(x15)	 x15:0x80008779 x23=0x00002021 PA:0x8000876a
        1295000	       128	8000063c	ff579a03	lh	x20,-11(x15)	 x15:0x80008779 x20=0x00002425 PA:0x8000876e
        1305000	       129	80000640	596bfc17	auipc	x24,0x596bf	 x24=0xd96bf63c
        1315000	       130	80000644	ff37d203	lhu	x4,-13(x15)	 x15:0x80008779  x4=0x00002627 PA:0x8000876c
        1325000	       131	80000648	ff979fa3	sh	x25,-1(x15)	 x15:0x80008779 x25:0x00000000 PA:0x80008778
        1335000	       132	8000064c	00463433	sltu	x8,x12,x4	 x12:0x00000000  x4:0x00002627  x8=0x00000001
        1345000	       133	80000650	ba033b13	sltiu	x22,x6,-1120	  x6:0x00000001 x22=0x00000001
        1355000	       134	80000654	408ed513	srai	x10,x29,0x8	 x29:0x00000030 x10=0x00000000
        1365000	       135	80000658	bfbfe213	ori	x4,x31,-1029	 x31:0x12795f65  x4=0xffffffff
        1375000	       136	8000065c	00cee9b3	or	x19,x29,x12	 x29:0x00000030 x12:0x00000000 x19=0x00000030
        1385000	       137	80000660	010b63b3	or	x7,x22,x16	 x22:0x00000001 x16:0x00000000  x7=0x00000001
        1395000	       138	80000664	00de2933	slt	x18,x28,x13	 x28:0x00000000 x13:0x80009f5c x18=0x00000000
        1405000	       139	80000668	0067c883	lbu	x17,6(x15)	 x15:0x80008779 x17=0x00000034 PA:0x8000877f
        1415000	       140	8000066c	408d0eb3	sub	x29,x26,x8	 x26:0x00000001  x8:0x00000001 x29=0x00000000
        1425000	       141	80000670	00d7c983	lbu	x19,13(x15)	 x15:0x80008779 x19=0x0000003d PA:0x80008786
        1435000	       142	80000674	00c7cc03	lbu	x24,12(x15)	 x15:0x80008779 x24=0x00000000 PA:0x80008785
        1445000	       143	80000678	00221133	sll	x2,x4,x2	  x4:0xffffffff  x2:0x00000001  x2=0xfffffffe
        1455000	       144	8000067c	ffa7c983	lbu	x19,-6(x15)	 x15:0x80008779 x19=0x00000028 PA:0x80008773
        1465000	       145	80000680	ff07c003	lbu	x0,-16(x15)	 x15:0x80008779 PA:0x80008769
        1475000	       146	80000684	014785a3	sb	x20,11(x15)	 x15:0x80008779 x20:0x00002425 PA:0x80008784
        1485000	       147	80000688	00008217	auipc	x4,0x8	  x4=0x80008684
        1495000	       148	8000068c	e4e20213	addi	x4,x4,-434	  x4:0x80008684  x4=0x800084d2
        1505000	       149	80000690	ff720a03	lb	x20,-9(x4)	  x4:0x800084d2 x20=0xffffff82 PA:0x800084c9
        1515000	       150	80000694	012203b3	add	x7,x4,x18	  x4:0x800084d2 x18:0x00000000  x7=0x800084d2
        1525000	       151	80000698	ff724403	lbu	x8,-9(x4)	  x4:0x800084d2  x8=0x00000082 PA:0x800084c9
        1535000	       152	8000069c	ff720b03	lb	x22,-9(x4)	  x4:0x800084d2 x22=0xffffff82 PA:0x800084c9
        1545000	       153	800006a0	01f200a3	sb	x31,1(x4)	  x4:0x800084d2 x31:0x12795f65 PA:0x800084d3
        1555000	       154	800006a4	00124e03	lbu	x28,1(x4)	  x4:0x800084d2 x28=0x00000065 PA:0x800084d3
        1565000	       155	800006a8	00124303	lbu	x6,1(x4)	  x4:0x800084d2  x6=0x00000065 PA:0x800084d3
        1575000	       156	800006ac	00124f03	lbu	x30,1(x4)	  x4:0x800084d2 x30=0x00000065 PA:0x800084d3
        1585000	       157	800006b0	00120e83	lb	x29,1(x4)	  x4:0x800084d2 x29=0x00000065 PA:0x800084d3
        1595000	       158	800006b4	00de3133	sltu	x2,x28,x13	 x28:0x00000065 x13:0x80009f5c  x2=0x00000001
        1605000	       159	800006b8	00124883	lbu	x17,1(x4)	  x4:0x800084d2 x17=0x00000065 PA:0x800084d3
        1615000	       160	800006bc	ff222d23	sw	x18,-6(x4)	  x4:0x800084d2 x18:0x00000000 PA:0x800084cc
        1625000	       161	800006c0	ffa25f83	lhu	x31,-6(x4)	  x4:0x800084d2 x31=0x00000000 PA:0x800084cc
        1635000	       162	800006c4	ffa20a03	lb	x20,-6(x4)	  x4:0x800084d2 x20=0x00000000 PA:0x800084cc
        1645000	       163	800006c8	966eb093	sltiu	x1,x29,-1690	 x29:0x00000065  x1=0x00000001
        1655000	       164	800006cc	ff024b03	lbu	x22,-16(x4)	  x4:0x800084d2 x22=0x00000079 PA:0x800084c2
        1665000	       165	800006d0	e53ce013	ori	x0,x25,-429	 x25:0x00000000
        1675000	       166	800006d4	ff021c03	lh	x24,-16(x4)	  x4:0x800084d2 x24=0x00007879 PA:0x800084c2
        1685000	       167	800006d8	ff021d03	lh	x26,-16(x4)	  x4:0x800084d2 x26=0x00007879 PA:0x800084c2
        1695000	       168	800006dc	ff020d03	lb	x26,-16(x4)	  x4:0x800084d2 x26=0x00000079 PA:0x800084c2
        1705000	       169	800006e0	ff020f83	lb	x31,-16(x4)	  x4:0x800084d2 x31=0x00000079 PA:0x800084c2
        1715000	       170	800006e4	00720c03	lb	x24,7(x4)	  x4:0x800084d2 x24=0xffffff92 PA:0x800084d9
        1725000	       171	800006e8	00720783	lb	x15,7(x4)	  x4:0x800084d2 x15=0xffffff92 PA:0x800084d9
        1735000	       172	800006ec	01b203a3	sb	x27,7(x4)	  x4:0x800084d2 x27:0x00000000 PA:0x800084d9
        1745000	       173	800006f0	91863317	auipc	x6,0x91863	  x6=0x118636ec
        1755000	       174	800006f4	ad04bd93	sltiu	x27,x9,-1328	  x9:0xf04b472c x27=0x00000001
        1765000	       175	800006f8	a9e2bb13	sltiu	x22,x5,-1378	  x5:0x00000000 x22=0x00000001
        1775000	       176	800006fc	000c1eb3	sll	x29,x24,x0	 x24:0xffffff92  x0:0x00000000 x29=0xffffff92
        1785000	       177	80000700	bb9dd2b7	lui	x5,0xbb9dd	  x5=0xbb9dd000
        1795000	       178	80000704	01560e33	add	x28,x12,x21	 x12:0x00000000 x21:0x80009fc4 x28=0x80009fc4
        1805000	       179	80000708	059e5863	bge	x28,x25,80000758	 x28:0x80009fc4 x25:0x00000000
        1815000	       180	8000070c	4146d733	sra	x14,x13,x20	 x13:0x80009f5c x20:0x00000000 x14=0x80009f5c
        1825000	       181	80000710	04327263	bgeu	x4,x3,80000754	  x4:0x800084d2  x3:0x92795f65
        1835000	       182	80000714	00e05233	srl	x4,x0,x14	  x0:0x00000000 x14:0x80009f5c  x4=0x00000000
        1845000	       183	80000718	013ebfb3	sltu	x31,x29,x19	 x29:0xffffff92 x19:0x00000028 x31=0x00000000
        1855000	       184	8000071c	018c7863	bgeu	x24,x24,8000072c	 x24:0xffffff92 x24:0xffffff92
        1865000	       185	00000000	00000013	addi	x0,x0,0	  x0:0x00000000
        1875000	       186	80000728	00000013	addi	x0,x0,0	  x0:0x00000000
        1885000	       187	8000072c	005b1f13	slli	x30,x22,0x5	 x22:0x00000001 x30=0x00000020
        1895000	       188	80000730	00447233	and	x4,x8,x4	  x8:0x00000082  x4:0x00000000  x4=0x00000000
        1905000	       189	80000734	00c552b3	srl	x5,x10,x12	 x10:0x00000000 x12:0x00000000  x5=0x00000000
        1915000	       190	80000738	9e308113	addi	x2,x1,-1565	  x1:0x00000001  x2=0xfffff9e4
        1925000	       191	8000073c	40895393	srai	x7,x18,0x8	 x18:0x00000000  x7=0x00000000
        1935000	       192	80000740	019b7bb3	and	x23,x22,x25	 x22:0x00000001 x25:0x00000000 x23=0x00000000
        1945000	       193	80000744	01029733	sll	x14,x5,x16	  x5:0x00000000 x16:0x00000000 x14=0x00000000
        1955000	       194	80000748	01f2d3b3	srl	x7,x5,x31	  x5:0x00000000 x31:0x00000000  x7=0x00000000
        1965000	       195	8000074c	01d5a933	slt	x18,x11,x29	 x11:0x00000003 x29:0xffffff92 x18=0x00000000
        1975000	       196	80000750	05290663	beq	x18,x18,8000079c	 x18:0x00000000 x18:0x00000000
        1985000	       197	00000000	00000013	addi	x0,x0,0	  x0:0x00000000
        1995000	       198	80000798	00000013	addi	x0,x0,0	  x0:0x00000000
        2005000	       199	8000079c	053d5863	bge	x26,x19,800007ec	 x26:0x00000079 x19:0x00000028
        2015000	       200	00000000	00000013	addi	x0,x0,0	  x0:0x00000000
        2025000	       201	800007e8	00000013	addi	x0,x0,0	  x0:0x00000000
        2035000	       202	800007ec	f9662f93	slti	x31,x12,-106	 x12:0x00000000 x31=0x00000000
        2045000	       203	800007f0	0b9fc063	blt	x31,x25,80000890	 x31:0x00000000 x25:0x00000000
        2055000	       204	800007f4	0111deb3	srl	x29,x3,x17	  x3:0x92795f65 x17:0x00000065 x29=0x0493cafb
        2065000	       205	800007f8	00000013	addi	x0,x0,0	  x0:0x00000000
        2075000	       206	800007fc	01dd2033	slt	x0,x26,x29	 x26:0x00000079 x29:0x0493cafb
        2085000	       207	80000800	00008717	auipc	x14,0x8	 x14=0x800087fc
        2095000	       208	80000804	97670713	addi	x14,x14,-1674	 x14:0x800087fc x14=0x80008172
        2105000	       209	80000808	00008997	auipc	x19,0x8	 x19=0x80008804
        2115000	       210	8000080c	fe598993	addi	x19,x19,-27	 x19:0x80008804 x19=0x800087e9
        2125000	       211	80000810	eff70f83	lb	x31,-257(x14)	 x14:0x80008172 x31=0x0000002a PA:0x80008071
        2135000	       212	80000814	11570f03	lb	x30,277(x14)	 x14:0x80008172 x30=0x0000003c PA:0x80008287
        2145000	       213	80000818	ffa98283	lb	x5,-6(x19)	 x19:0x800087e9  x5=0xffffff98 PA:0x800087e3
        2155000	       214	8000081c	00008317	auipc	x6,0x8	  x6=0x80008818
        2165000	       215	80000820	fa330313	addi	x6,x6,-93	  x6:0x80008818  x6=0x800087bb
        2175000	       216	80000824	f3974783	lbu	x15,-199(x14)	 x14:0x80008172 x15=0x00000060 PA:0x800080ab
        2185000	       217	80000828	0d570083	lb	x1,213(x14)	 x14:0x80008172  x1=0xfffffffc PA:0x80008247
        2195000	       218	8000082c	fcc30403	lb	x8,-52(x6)	  x6:0x800087bb  x8=0xfffffff4 PA:0x80008787
        2205000	       219	80000830	02a30483	lb	x9,42(x6)	  x6:0x800087bb  x9=0xffffff9e PA:0x800087e5
        2215000	       220	80000834	19a72783	lw	x15,410(x14)	 x14:0x80008172 x15=0xc4c5c6c7 PA:0x8000830c
        2225000	       221	80000838	00898423	sb	x8,8(x19)	 x19:0x800087e9  x8:0xfffffff4 PA:0x800087f1
        2235000	       222	8000083c	fdf30123	sb	x31,-62(x6)	  x6:0x800087bb x31:0x0000002a PA:0x8000877d
        2245000	       223	80000840	ff79c603	lbu	x12,-9(x19)	 x19:0x800087e9 x12=0x0000009b PA:0x800087e0
        2255000	       224	80000844	01a30323	sb	x26,6(x6)	  x6:0x800087bb x26:0x00000079 PA:0x800087c1
        2265000	       225	80000848	51d704a3	sb	x29,1289(x14)	 x14:0x80008172 x29:0x0493cafb PA:0x8000867b
        2275000	       226	8000084c	34070823	sb	x0,848(x14)	 x14:0x80008172  x0:0x00000000 PA:0x800084c2
        2285000	       227	80000850	ff79d203	lhu	x4,-9(x19)	 x19:0x800087e9  x4=0x00009a9b PA:0x800087e0
        2295000	       228	80000854	02531d83	lh	x27,37(x6)	  x6:0x800087bb x27=0xffff9a9b PA:0x800087e0
        2305000	       229	80000858	018985a3	sb	x24,11(x19)	 x19:0x800087e9 x24:0xffffff92 PA:0x800087f4
        2315000	       230	8000085c	02030383	lb	x7,32(x6)	  x6:0x800087bb  x7=0xffffff90 PA:0x800087db
        2325000	       231	80000860	00e994a3	sh	x14,9(x19)	 x19:0x800087e9 x14:0x80008172 PA:0x800087f2
        2335000	       232	80000864	19970ca3	sb	x25,409(x14)	 x14:0x80008172 x25:0x00000000 PA:0x8000830b
        2345000	       233	80000868	03735203	lhu	x4,55(x6)	  x6:0x800087bb  x4=0x00008172 PA:0x800087f2
        2355000	       234	8000086c	fe9322a3	sw	x9,-27(x6)	  x6:0x800087bb  x9:0xffffff9e PA:0x800087a0
        2365000	       235	80000870	0049ce83	lbu	x29,4(x19)	 x19:0x800087e9 x29=0x000000a6 PA:0x800087ed
        2375000	       236	80000874	10370483	lb	x9,259(x14)	 x14:0x80008172  x9=0x0000002e PA:0x80008275
        2385000	       237	80000878	40b6d213	srai	x4,x13,0xb	 x13:0x80009f5c  x4=0xfff00013
        2395000	       238	8000087c	9ef4c793	xori	x15,x9,-1553	  x9:0x0000002e x15=0xfffff9c1
        2405000	       239	80000880	56460993	addi	x19,x12,1380	 x12:0x0000009b x19=0x000005ff
        2415000	       240	80000884	02bd5063	bge	x26,x11,800008a4	 x26:0x00000079 x11:0x00000003
        2425000	       241	00000000	00000013	addi	x0,x0,0	  x0:0x00000000
        2435000	       242	800008a0	00000013	addi	x0,x0,0	  x0:0x00000000
        2445000	       243	800008a4	0064ea33	or	x20,x9,x6	  x9:0x0000002e  x6:0x800087bb x20=0x800087bf
        2455000	       244	800008a8	05056663	bltu	x10,x16,800008f4	 x10:0x00000000 x16:0x00000000
        2465000	       245	800008ac	01bcee63	bltu	x25,x27,800008c8	 x25:0x00000000 x27:0xffff9a9b
        2475000	       246	00000000	00000013	addi	x0,x0,0	  x0:0x00000000
        2485000	       247	800008c4	00000013	addi	x0,x0,0	  x0:0x00000000
        2495000	       248	800008c8	00e14f33	xor	x30,x2,x14	  x2:0xfffff9e4 x14:0x80008172 x30=0x7fff7896
        2505000	       249	800008cc	01e95613	srli	x12,x18,0x1e	 x18:0x00000000 x12=0x00000000
        2515000	       250	800008d0	00102533	slt	x10,x0,x1	  x0:0x00000000  x1:0xfffffffc x10=0x00000000
        2525000	       251	800008d4	00ef8863	beq	x31,x14,800008e4	 x31:0x0000002a x14:0x80008172
        2535000	       252	800008d8	41250233	sub	x4,x10,x18	 x10:0x00000000 x18:0x00000000  x4=0x00000000
        2545000	       253	800008dc	41145d13	srai	x26,x8,0x11	  x8:0xfffffff4 x26=0xffffffff
        2555000	       254	800008e0	01bdc9b3	xor	x19,x27,x27	 x27:0xffff9a9b x27:0xffff9a9b x19=0x00000000
        2565000	       255	800008e4	026be063	bltu	x23,x6,80000904	 x23:0x00000000  x6:0x800087bb
        2575000	       256	00000000	00000013	addi	x0,x0,0	  x0:0x00000000
        2585000	       257	80000900	00000013	addi	x0,x0,0	  x0:0x00000000
        2595000	       258	80000904	412c0733	sub	x14,x24,x18	 x24:0xffffff92 x18:0x00000000 x14=0xffffff92
        2605000	       259	80000908	a3e87a37	lui	x20,0xa3e87	 x20=0xa3e87000
        2615000	       260	8000090c	00000013	addi	x0,x0,0	  x0:0x00000000
        2625000	       261	80000910	0046ab03	lw	x22,4(x13)	 x13:0x80009f5c x22=0x80000138 PA:0x80009f60
        2635000	       262	80000914	00000013	addi	x0,x0,0	  x0:0x00000000
        2645000	       263	80000918	e6772a17	auipc	x20,0xe6772	 x20=0x66772914
        2655000	       264	8000091c	02868693	addi	x13,x13,40	 x13:0x80009f5c x13=0x80009f84
        2665000	       265	80000920	411dd913	srai	x18,x27,0x11	 x27:0xffff9a9b x18=0xffffffff
        2675000	       266	80000924	000121b3	slt	x3,x2,x0	  x2:0xfffff9e4  x0:0x00000000  x3=0x00000001
        2685000	       267	80000928	000b0213	addi	x4,x22,0	 x22:0x80000138  x4=0x80000138
        2695000	       268	8000092c	00020267	jalr	x4,x4,0	  x4:0x80000138  x4=0x8000092c
        2705000	       269	00000000	00000013	addi	x0,x0,0	  x0:0x00000000
        2715000	       270	80000138	00000013	addi	x0,x0,0	  x0:0x00000000
        2725000	       271	8000013c	00008317	auipc	x6,0x8	  x6=0x80008138
        2735000	       272	80000140	ff930313	addi	x6,x6,-7	  x6:0x80008138  x6=0x80008131
        2745000	       273	80000144	1bc304a3	sb	x28,425(x6)	  x6:0x80008131 x28:0x80009fc4 PA:0x800082da
        2755000	       274	80000148	00008617	auipc	x12,0x8	 x12=0x80008144
        2765000	       275	8000014c	3ef60613	addi	x12,x12,1007	 x12:0x80008144 x12=0x80008533
        2775000	       276	80000150	03660523	sb	x22,42(x12)	 x12:0x80008533 x22:0x80000138 PA:0x8000855d
        2785000	       277	80000154	00008117	auipc	x2,0x8	  x2=0x80008150
        2795000	       278	80000158	07110113	addi	x2,x2,113	  x2:0x80008150  x2=0x800081c1
        2805000	       279	8000015c	44b31c03	lh	x24,1099(x6)	  x6:0x80008131 x24=0x00003637 PA:0x8000857c
        2815000	       280	80000160	58b10203	lb	x4,1419(x2)	  x2:0x800081c1  x4=0x00000007 PA:0x8000874c
        2825000	       281	80000164	002611a3	sh	x2,3(x12)	 x12:0x80008533  x2:0x800081c1 PA:0x80008536
        2835000	       282	80000168	0cb15703	lhu	x14,203(x2)	  x2:0x800081c1 x14=0x00004647 PA:0x8000828c
        2845000	       283	8000016c	37e10283	lb	x5,894(x2)	  x2:0x800081c1  x5=0xfffffff4 PA:0x8000853f
        2855000	       284	80000170	42c14783	lbu	x15,1068(x2)	  x2:0x800081c1 x15=0x000000a6 PA:0x800085ed
        2865000	       285	80000174	fc460023	sb	x4,-64(x12)	 x12:0x80008533  x4:0x00000007 PA:0x800084f3
        2875000	       286	80000178	1e610983	lb	x19,486(x2)	  x2:0x800081c1 x19=0x0000005c PA:0x800083a7
        2885000	       287	8000017c	20d30703	lb	x14,525(x6)	  x6:0x80008131 x14=0xfffffff5 PA:0x8000833e
        2895000	       288	80000180	00514703	lbu	x14,5(x2)	  x2:0x800081c1 x14=0x0000007d PA:0x800081c6
        2905000	       289	80000184	3af119a3	sh	x15,947(x2)	  x2:0x800081c1 x15:0x000000a6 PA:0x80008574
        2915000	       290	80000188	01660783	lb	x15,22(x12)	 x12:0x80008533 x15=0x00000002 PA:0x80008549
        2925000	       291	8000018c	52930403	lb	x8,1321(x6)	  x6:0x80008131  x8=0x00000011 PA:0x8000865a
        2935000	       292	80000190	06b10b03	lb	x22,107(x2)	  x2:0x800081c1 x22=0xffffffe7 PA:0x8000822c
        2945000	       293	80000194	ff560503	lb	x10,-11(x12)	 x12:0x80008533 x10=0xffffffe3 PA:0x80008528
        2955000	       294	80000198	0cd10b83	lb	x23,205(x2)	  x2:0x800081c1 x23=0x00000045 PA:0x8000828e
        2965000	       295	8000019c	42614783	lbu	x15,1062(x2)	  x2:0x800081c1 x15=0x0000009c PA:0x800085e7
        2975000	       296	800001a0	40135f83	lhu	x31,1025(x6)	  x6:0x80008131 x31=0x0000e8e9 PA:0x80008532
        2985000	       297	800001a4	fd664e83	lbu	x29,-42(x12)	 x12:0x80008533 x29=0x000000c2 PA:0x80008509
        2995000	       298	800001a8	fd160823	sb	x17,-48(x12)	 x12:0x80008533 x17:0x00000065 PA:0x80008503
        3005000	       299	800001ac	00008897	auipc	x17,0x8	 x17=0x800081a8
        3015000	       300	800001b0	46288893	addi	x17,x17,1122	 x17:0x800081a8 x17=0x8000860a
        3025000	       301	800001b4	f338c183	lbu	x3,-205(x17)	 x17:0x8000860a  x3=0x000000f6 PA:0x8000853d
        3035000	       302	800001b8	f338c283	lbu	x5,-205(x17)	 x17:0x8000860a  x5=0x000000f6 PA:0x8000853d
        3045000	       303	800001bc	f23889a3	sb	x3,-205(x17)	 x17:0x8000860a  x3:0x000000f6 PA:0x8000853d
        3055000	       304	800001c0	f23889a3	sb	x3,-205(x17)	 x17:0x8000860a  x3:0x000000f6 PA:0x8000853d
        3065000	       305	800001c4	7d9f6b13	ori	x22,x30,2009	 x30:0x7fff7896 x22=0x7fff7fdf
        3075000	       306	800001c8	f36889a3	sb	x22,-205(x17)	 x17:0x8000860a x22:0x7fff7fdf PA:0x8000853d
        3085000	       307	800001cc	03289623	sh	x18,44(x17)	 x17:0x8000860a x18:0xffffffff PA:0x80008636
        3095000	       308	800001d0	02c8d083	lhu	x1,44(x17)	 x17:0x8000860a  x1=0x0000ffff PA:0x80008636
        3105000	       309	800001d4	02c89f03	lh	x30,44(x17)	 x17:0x8000860a x30=0xffffffff PA:0x80008636
        3115000	       310	800001d8	f8d88c03	lb	x24,-115(x17)	 x17:0x8000860a x24=0x0000004c PA:0x80008597
        3125000	       311	800001dc	f7788083	lb	x1,-137(x17)	 x17:0x8000860a  x1=0x0000003a PA:0x80008581
        3135000	       312	800001e0	feb8c983	lbu	x19,-21(x17)	 x17:0x8000860a x19=0x000000ae PA:0x800085f5
        3145000	       313	800001e4	feb8c603	lbu	x12,-21(x17)	 x17:0x8000860a x12=0x000000ae PA:0x800085f5
        3155000	       314	800001e8	004b00b3	add	x1,x22,x4	 x22:0x7fff7fdf  x4:0x00000007  x1=0x7fff7fe6
        3165000	       315	800001ec	feb8ce03	lbu	x28,-21(x17)	 x17:0x8000860a x28=0x000000ae PA:0x800085f5
        3175000	       316	800001f0	fcb8ca03	lbu	x20,-53(x17)	 x17:0x8000860a x20=0x0000008e PA:0x800085d5
        3185000	       317	800001f4	00009117	auipc	x2,0x9	  x2=0x800091f0
        3195000	       318	800001f8	bb310113	addi	x2,x2,-1101	  x2:0x800091f0  x2=0x80008da3
        3205000	       319	800001fc	ffe10c23	sb	x30,-8(x2)	  x2:0x80008da3 x30:0xffffffff PA:0x80008d9b
        3215000	       320	80000200	d15f7437	lui	x8,0xd15f7	  x8=0xd15f7000
        3225000	       321	80000204	46930f93	addi	x31,x6,1129	  x6:0x80008131 x31=0x8000859a
        3235000	       322	80000208	40c55433	sra	x8,x10,x12	 x10:0xffffffe3 x12:0x000000ae  x8=0xffffffff
        3245000	       323	8000020c	40345233	sra	x4,x8,x3	  x8:0xffffffff  x3:0x000000f6  x4=0xffffffff
        3255000	       324	80000210	01f10623	sb	x31,12(x2)	  x2:0x80008da3 x31:0x8000859a PA:0x80008daf
        3265000	       325	80000214	00bbf333	and	x6,x23,x11	 x23:0x00000045 x11:0x00000003  x6=0x00000001
        3275000	       326	80000218	ffc14f83	lbu	x31,-4(x2)	  x2:0x80008da3 x31=0x00000084 PA:0x80008d9f
        3285000	       327	00000000	00000013	addi	x0,x0,0	  x0:0x00000000
        3295000	       328	8000021c	01f744b3	xor	x9,x14,x31	 x14:0x0000007d x31:0x00000084  x9=0x000000f9
        3305000	       329	80000220	413ad033	sra	x0,x21,x19	 x21:0x80009fc4 x19:0x000000ae
        3315000	       330	80000224	fe710da3	sb	x7,-5(x2)	  x2:0x80008da3  x7:0xffffff90 PA:0x80008d9e
        3325000	       331	80000228	00c10303	lb	x6,12(x2)	  x2:0x80008da3  x6=0xffffff9a PA:0x80008daf
        3335000	       332	8000022c	4d06e793	ori	x15,x13,1232	 x13:0x80009f84 x15=0x80009fd4
        3345000	       333	80000230	004eb8b3	sltu	x17,x29,x4	 x29:0x000000c2  x4:0xffffffff x17=0x00000001
        3355000	       334	80000234	fe910c23	sb	x9,-8(x2)	  x2:0x80008da3  x9:0x000000f9 PA:0x80008d9b
        3365000	       335	80000238	ff214783	lbu	x15,-14(x2)	  x2:0x80008da3 x15=0x0000007e PA:0x80008d95
        3375000	       336	8000023c	ff510d23	sb	x21,-6(x2)	  x2:0x80008da3 x21:0x80009fc4 PA:0x80008d9d
        3385000	       337	80000240	01e66933	or	x18,x12,x30	 x12:0x000000ae x30:0xffffffff x18=0xffffffff
        3395000	       338	80000244	862ba513	slti	x10,x23,-1950	 x23:0x00000045 x10=0x00000000
        3405000	       339	80000248	00180fb3	add	x31,x16,x1	 x16:0x00000000  x1:0x7fff7fe6 x31=0x7fff7fe6
        3415000	       340	8000024c	01a120a3	sw	x26,1(x2)	  x2:0x80008da3 x26:0xffffffff PA:0x80008da4
        3425000	       341	80000250	00814503	lbu	x10,8(x2)	  x2:0x80008da3 x10=0x00000090 PA:0x80008dab
        3435000	       342	80000254	01c10223	sb	x28,4(x2)	  x2:0x80008da3 x28:0x000000ae PA:0x80008da7
        3445000	       343	80000258	ff810983	lb	x19,-8(x2)	  x2:0x80008da3 x19=0xfffffff9 PA:0x80008d9b
        3455000	       344	8000025c	ff510783	lb	x15,-11(x2)	  x2:0x80008da3 x15=0xffffff83 PA:0x80008d98
        3465000	       345	80000260	00e10183	lb	x3,14(x2)	  x2:0x80008da3  x3=0xffffff9a PA:0x80008db1
        3475000	       346	80000264	01b35f93	srli	x31,x6,0x1b	  x6:0xffffff9a x31=0x0000001f
        3485000	       347	80000268	9ef33d93	sltiu	x27,x6,-1553	  x6:0xffffff9a x27=0x00000000
        3495000	       348	8000026c	fff11f03	lh	x30,-1(x2)	  x2:0x80008da3 x30=0xffff8889 PA:0x80008da2
        3505000	       349	00000000	00000013	addi	x0,x0,0	  x0:0x00000000
        3515000	       350	80000270	ffe10f03	lb	x30,-2(x2)	  x2:0x80008da3 x30=0xffffff8a PA:0x80008da1
        3525000	       351	80000274	00b15303	lhu	x6,11(x2)	  x2:0x80008da3  x6=0x00009a95 PA:0x80008dae
        3535000	       352	80000278	40248c33	sub	x24,x9,x2	  x9:0x000000f9  x2:0x80008da3 x24=0x7fff7356
        3545000	       353	8000027c	0070c0b3	xor	x1,x1,x7	  x1:0x7fff7fe6  x7:0xffffff90  x1=0x80008076
        3555000	       354	80000280	00e14f03	lbu	x30,14(x2)	  x2:0x80008da3 x30=0x0000009a PA:0x80008db1
        3565000	       355	80000284	00315c03	lhu	x24,3(x2)	  x2:0x80008da3 x24=0x0000aeff PA:0x80008da6
        3575000	       356	80000288	00acb633	sltu	x12,x25,x10	 x25:0x00000000 x10:0x00000090 x12=0x00000001
        3585000	       357	8000028c	004be9b3	or	x19,x23,x4	 x23:0x00000045  x4:0xffffffff x19=0xffffffff
        3595000	       358	80000290	fe012aa3	sw	x0,-11(x2)	  x2:0x80008da3  x0:0x00000000 PA:0x80008d98
        3605000	       359	80000294	00912883	lw	x17,9(x2)	  x2:0x80008da3 x17=0x9a959697 PA:0x80008dac
        3615000	       360	80000298	fef12ca3	sw	x15,-7(x2)	  x2:0x80008da3 x15:0xffffff83 PA:0x80008d9c
        3625000	       361	8000029c	41335a13	srai	x20,x6,0x13	  x6:0x00009a95 x20=0x00000000
        3635000	       362	800002a0	ffd15603	lhu	x12,-3(x2)	  x2:0x80008da3 x12=0x00008a8b PA:0x80008da0
        3645000	       363	800002a4	feb10e23	sb	x11,-4(x2)	  x2:0x80008da3 x11:0x00000003 PA:0x80008d9f
        3655000	       364	800002a8	00110b83	lb	x23,1(x2)	  x2:0x80008da3 x23=0xffffffff PA:0x80008da4
        3665000	       365	800002ac	00710983	lb	x19,7(x2)	  x2:0x80008da3 x19=0xffffff91 PA:0x80008daa
        3675000	       366	800002b0	00f15603	lhu	x12,15(x2)	  x2:0x80008da3 x12=0x00009899 PA:0x80008db2
        3685000	       367	800002b4	ff210a03	lb	x20,-14(x2)	  x2:0x80008da3 x20=0x0000007e PA:0x80008d95
        3695000	       368	800002b8	40ae8633	sub	x12,x29,x10	 x29:0x000000c2 x10:0x00000090 x12=0x00000032
        3705000	       369	800002bc	002a5333	srl	x6,x20,x2	 x20:0x0000007e  x2:0x80008da3  x6=0x0000000f
        3715000	       370	800002c0	4181da33	sra	x20,x3,x24	  x3:0xffffff9a x24:0x0000aeff x20=0xffffffff
        3725000	       371	800002c4	018e30b3	sltu	x1,x28,x24	 x28:0x000000ae x24:0x0000aeff  x1=0x00000001
        3735000	       372	800002c8	019b5463	bge	x22,x25,800002d0	 x22:0x7fff7fdf x25:0x00000000
        3745000	       373	00000000	00000013	addi	x0,x0,0	  x0:0x00000000
        3755000	       374	800002cc	00000013	addi	x0,x0,0	  x0:0x00000000
        3765000	       375	800002d0	0151fe33	and	x28,x3,x21	  x3:0xffffff9a x21:0x80009fc4 x28=0x80009f80
        3775000	       376	800002d4	00f2c463	blt	x5,x15,800002dc	  x5:0x000000f6 x15:0xffffff83
        3785000	       377	800002d8	0200d663	bge	x1,x0,80000304	  x1:0x00000001  x0:0x00000000
        3795000	       378	00000000	00000013	addi	x0,x0,0	  x0:0x00000000
        3805000	       379	80000300	00000013	addi	x0,x0,0	  x0:0x00000000
        3815000	       380	80000304	41535cb3	sra	x25,x6,x21	  x6:0x0000000f x21:0x80009fc4 x25=0x00000000
        3825000	       381	80000308	01ba9233	sll	x4,x21,x27	 x21:0x80009fc4 x27:0x00000000  x4=0x80009fc4
        3835000	       382	8000030c	634f6113	ori	x2,x30,1588	 x30:0x0000009a  x2=0x000006be
        3845000	       383	80000310	0059a333	slt	x6,x19,x5	 x19:0xffffff91  x5:0x000000f6  x6=0x00000001
        3855000	       384	80000314	cca76513	ori	x10,x14,-822	 x14:0x0000007d x10=0xfffffcff
        3865000	       385	80000318	0f26e293	ori	x5,x13,242	 x13:0x80009f84  x5=0x80009ff6
        3875000	       386	8000031c	3b844d93	xori	x27,x8,952	  x8:0xffffffff x27=0xfffffc47
        3885000	       387	80000320	01856863	bltu	x10,x24,80000330	 x10:0xfffffcff x24:0x0000aeff
        3895000	       388	80000324	00000013	addi	x0,x0,0	  x0:0x00000000
        3905000	       389	80000328	02ba6863	bltu	x20,x11,80000358	 x20:0xffffffff x11:0x00000003
        3915000	       390	8000032c	40ec5eb3	sra	x29,x24,x14	 x24:0x0000aeff x14:0x0000007d x29=0x00000000
        3925000	       391	80000330	029c6263	bltu	x24,x9,80000354	 x24:0x0000aeff  x9:0x000000f9
        3935000	       392	80000334	00318c63	beq	x3,x3,8000034c	  x3:0xffffff9a  x3:0xffffff9a
        3945000	       393	00000000	00000013	addi	x0,x0,0	  x0:0x00000000
        3955000	       394	80000348	00000013	addi	x0,x0,0	  x0:0x00000000
        3965000	       395	8000034c	0065b4b3	sltu	x9,x11,x6	 x11:0x00000003  x6:0x00000001  x9=0x00000000
        3975000	       396	80000350	b01b0993	addi	x19,x22,-1279	 x22:0x7fff7fdf x19=0x7fff7ae0
        3985000	       397	80000354	00000013	addi	x0,x0,0	  x0:0x00000000
        3995000	       398	80000358	08f41063	bne	x8,x15,800003d8	  x8:0xffffffff x15:0xffffff83
        4005000	       399	00000000	00000013	addi	x0,x0,0	  x0:0x00000000
        4015000	       400	800003d4	00000013	addi	x0,x0,0	  x0:0x00000000
        4025000	       401	800003d8	00470033	add	x0,x14,x4	 x14:0x0000007d  x4:0x80009fc4
        4035000	       402	800003dc	01fedc13	srli	x24,x29,0x1f	 x29:0x00000000 x24=0x00000000
        4045000	       403	800003e0	03a0fa63	bgeu	x1,x26,80000414	  x1:0x00000001 x26:0xffffffff
        4055000	       404	800003e4	00b45f33	srl	x30,x8,x11	  x8:0xffffffff x11:0x00000003 x30=0x1fffffff
        4065000	       405	800003e8	818aaf13	slti	x30,x21,-2024	 x21:0x80009fc4 x30=0x00000001
        4075000	       406	800003ec	41eb53b3	sra	x7,x22,x30	 x22:0x7fff7fdf x30:0x00000001  x7=0x3fffbfef
        4085000	       407	800003f0	004fa3b3	slt	x7,x31,x4	 x31:0x0000001f  x4:0x80009fc4  x7=0x00000000
        4095000	       408	800003f4	01a51d93	slli	x27,x10,0x1a	 x10:0xfffffcff x27=0xfc000000
        4105000	       409	800003f8	04ae6463	bltu	x28,x10,80000440	 x28:0x80009f80 x10:0xfffffcff
        4115000	       410	00000000	00000013	addi	x0,x0,0	  x0:0x00000000
        4125000	       411	8000043c	00000013	addi	x0,x0,0	  x0:0x00000000
        4135000	       412	80000440	00903233	sltu	x4,x0,x9	  x0:0x00000000  x9:0x00000000  x4=0x00000000
        4145000	       413	80000444	012db4b3	sltu	x9,x27,x18	 x27:0xfc000000 x18:0xffffffff  x9=0x00000001
        4155000	       414	80000448	8b858d13	addi	x26,x11,-1864	 x11:0x00000003 x26=0xfffff8bb
        4165000	       415	8000044c	004b1893	slli	x17,x22,0x4	 x22:0x7fff7fdf x17=0xfff7fdf0
        4175000	       416	80000450	00385293	srli	x5,x16,0x3	 x16:0x00000000  x5=0x00000000
        4185000	       417	80000454	40c6df93	srai	x31,x13,0xc	 x13:0x80009f84 x31=0xfff80009
        4195000	       418	80000458	40565313	srai	x6,x12,0x5	 x12:0x00000032  x6=0x00000001
        4205000	       419	8000045c	00c05093	srli	x1,x0,0xc	  x0:0x00000000  x1=0x00000000
        4215000	       420	80000460	01ef64b3	or	x9,x30,x30	 x30:0x00000001 x30:0x00000001  x9=0x00000001
        4225000	       421	80000464	414e82b3	sub	x5,x29,x20	 x29:0x00000000 x20:0xffffffff  x5=0x00000001
        4235000	       422	80000468	2c1be993	ori	x19,x23,705	 x23:0xffffffff x19=0xffffffff
        4245000	       423	8000046c	08aad917	auipc	x18,0x8aad	 x18=0x88aad468
        4255000	       424	80000470	40f2d593	srai	x11,x5,0xf	  x5:0x00000001 x11=0x00000000
        4265000	       425	80000474	668fd917	auipc	x18,0x668fd	 x18=0xe68fd470
        4275000	       426	80000478	7f9dc397	auipc	x7,0x7f9dc	  x7=0xff9dc474
        4285000	       427	8000047c	54ee2613	slti	x12,x28,1358	 x28:0x80009f80 x12=0x00000001
        4295000	       428	80000480	009b8f33	add	x30,x23,x9	 x23:0xffffffff  x9:0x00000001 x30=0x00000000
        4305000	       429	80000484	01da1993	slli	x19,x20,0x1d	 x20:0xffffffff x19=0xe0000000
        4315000	       430	80000488	00949a63	bne	x9,x9,8000049c	  x9:0x00000001  x9:0x00000001
        4325000	       431	8000048c	ae78b413	sltiu	x8,x17,-1305	 x17:0xfff7fdf0  x8=0x00000001
        4335000	       432	80000490	010004b3	add	x9,x0,x16	  x0:0x00000000 x16:0x00000000  x9=0x00000000
        4345000	       433	80000494	01c07033	and	x0,x0,x28	  x0:0x00000000 x28:0x80009f80
        4355000	       434	80000498	41abd4b3	sra	x9,x23,x26	 x23:0xffffffff x26:0xfffff8bb  x9=0xffffffff
        4365000	       435	8000049c	012e0a33	add	x20,x28,x18	 x28:0x80009f80 x18:0xe68fd470 x20=0x669073f0
        4375000	       436	800004a0	416a8133	sub	x2,x21,x22	 x21:0x80009fc4 x22:0x7fff7fdf  x2=0x00011fe5
        4385000	       437	800004a4	01287263	bgeu	x16,x18,800004a8	 x16:0x00000000 x18:0xe68fd470
        4395000	       438	800004a8	f21d3293	sltiu	x5,x26,-223	 x26:0xfffff8bb  x5=0x00000001
        4405000	       439	800004ac	40bb0eb3	sub	x29,x22,x11	 x22:0x7fff7fdf x11:0x00000000 x29=0x7fff7fdf
        4415000	       440	800004b0	c7fa4c13	xori	x24,x20,-897	 x20:0x669073f0 x24=0x996f8f8f
        4425000	       441	800004b4	003fc133	xor	x2,x31,x3	 x31:0xfff80009  x3:0xffffff9a  x2=0x0007ff93
        4435000	       442	800004b8	a88d8e97	auipc	x29,0xa88d8	 x29=0x288d84b4
        4445000	       443	800004bc	019e3533	sltu	x10,x28,x25	 x28:0x80009f80 x25:0x00000000 x10=0x00000000
        4455000	       444	800004c0	00955863	bge	x10,x9,800004d0	 x10:0x00000000  x9:0xffffffff
        4465000	       445	00000000	00000013	addi	x0,x0,0	  x0:0x00000000
        4475000	       446	800004cc	00000013	addi	x0,x0,0	  x0:0x00000000
        4485000	       447	800004d0	04389463	bne	x17,x3,80000518	 x17:0xfff7fdf0  x3:0xffffff9a
        4495000	       448	00000000	00000013	addi	x0,x0,0	  x0:0x00000000
        4505000	       449	80000514	00000013	addi	x0,x0,0	  x0:0x00000000
        4515000	       450	80000518	07377663	bgeu	x14,x19,80000584	 x14:0x0000007d x19:0xe0000000
        4525000	       451	8000051c	00000013	addi	x0,x0,0	  x0:0x00000000
        4535000	       452	80000520	018e5793	srli	x15,x28,0x18	 x28:0x80009f80 x15=0x00000080
        4545000	       453	80000524	011fe633	or	x12,x31,x17	 x31:0xfff80009 x17:0xfff7fdf0 x12=0xfffffdf9
        4555000	       454	80000528	400b55b3	sra	x11,x22,x0	 x22:0x7fff7fdf  x0:0x00000000 x11=0x7fff7fdf
        4565000	       455	8000052c	0052ffb3	and	x31,x5,x5	  x5:0x00000001  x5:0x00000001 x31=0x00000001
        4575000	       456	80000530	04b45a63	bge	x8,x11,80000584	  x8:0x00000001 x11:0x7fff7fdf
        4585000	       457	80000534	0468d863	bge	x17,x6,80000584	 x17:0xfff7fdf0  x6:0x00000001
        4595000	       458	80000538	41bb0333	sub	x6,x22,x27	 x22:0x7fff7fdf x27:0xfc000000  x6=0x83ff7fdf
        4605000	       459	8000053c	01d99113	slli	x2,x19,0x1d	 x19:0xe0000000  x2=0x00000000
        4615000	       460	80000540	3239e937	lui	x18,0x3239e	 x18=0x3239e000
        4625000	       461	80000544	00e350b3	srl	x1,x6,x14	  x6:0x83ff7fdf x14:0x0000007d  x1=0x00000004
        4635000	       462	80000548	017de3b3	or	x7,x27,x23	 x27:0xfc000000 x23:0xffffffff  x7=0xffffffff
        4645000	       463	8000054c	418e85b3	sub	x11,x29,x24	 x29:0x288d84b4 x24:0x996f8f8f x11=0x8f1df525
        4655000	       464	80000550	00000217	auipc	x4,0x0	  x4=0x8000054c
        4665000	       465	80000554	3e020213	addi	x4,x4,992	  x4:0x8000054c  x4=0x8000092c
        4675000	       466	80000558	013868b3	or	x17,x16,x19	 x16:0x00000000 x19:0xe0000000 x17=0xe0000000
        4685000	       467	8000055c	018e1393	slli	x7,x28,0x18	 x28:0x80009f80  x7=0x80000000
        4695000	       468	80000560	00340cb3	add	x25,x8,x3	  x8:0x00000001  x3:0xffffff9a x25=0xffffff9b
        4705000	       469	80000564	01cf0f33	add	x30,x30,x28	 x30:0x00000000 x28:0x80009f80 x30=0x80009f80
        4715000	       470	80000568	fc220213	addi	x4,x4,-62	  x4:0x8000092c  x4=0x800008ee
        4725000	       471	8000056c	4d48dd37	lui	x26,0x4d48d	 x26=0x4d48d000
        4735000	       472	80000570	01f63f33	sltu	x30,x12,x31	 x12:0xfffffdf9 x31:0x00000001 x30=0x00000000
        4745000	       473	80000574	a94c8c93	addi	x25,x25,-1388	 x25:0xffffff9b x25=0xfffffa2f
        4755000	       474	80000578	0018c463	blt	x17,x1,80000580	 x17:0xe0000000  x1:0x00000004
        4765000	       475	00000000	00000013	addi	x0,x0,0	  x0:0x00000000
        4775000	       476	8000057c	00000013	addi	x0,x0,0	  x0:0x00000000
        4785000	       477	80000580	03f20b67	jalr	x22,x4,63	  x4:0x800008ee x22=0x80000580
        4795000	       478	00000000	00000013	addi	x0,x0,0	  x0:0x00000000
        4805000	       479	8000092c	00000013	addi	x0,x0,0	  x0:0x00000000
        4815000	       480	80000930	0069d8b3	srl	x17,x19,x6	 x19:0xe0000000  x6:0x83ff7fdf x17=0x00000001
        4825000	       481	80000934	40675093	srai	x1,x14,0x6	 x14:0x0000007d  x1=0x00000001
        4835000	       482	80000938	01636463	bltu	x6,x22,80000940	  x6:0x83ff7fdf x22:0x80000580
        4845000	       483	8000093c	00fbefb3	or	x31,x23,x15	 x23:0xffffffff x15:0x00000080 x31=0xffffffff
        4855000	       484	80000940	fec68693	addi	x13,x13,-20	 x13:0x80009f84 x13=0x80009f70
        4865000	       485	80000944	0166a223	sw	x22,4(x13)	 x13:0x80009f70 x22:0x80000580 PA:0x80009f74
        4875000	       486	80000948	bfc34413	xori	x8,x6,-1028	  x6:0x83ff7fdf  x8=0x7c008423
        4885000	       487	8000094c	00008f97	auipc	x31,0x8	 x31=0x80008948
        4895000	       488	80000950	eadf8f93	addi	x31,x31,-339	 x31:0x80008948 x31=0x800087f5
        4905000	       489	80000954	00008897	auipc	x17,0x8	 x17=0x80008950
        4915000	       490	80000958	e5e88893	addi	x17,x17,-418	 x17:0x80008950 x17=0x800087ae
        4925000	       491	8000095c	00008d97	auipc	x27,0x8	 x27=0x80008958
        4935000	       492	80000960	defd8d93	addi	x27,x27,-529	 x27:0x80008958 x27=0x80008747
        4945000	       493	80000964	0078c003	lbu	x0,7(x17)	 x17:0x800087ae PA:0x800087b5
        4955000	       494	80000968	fe7f9ba3	sh	x7,-9(x31)	 x31:0x800087f5  x7:0x80000000 PA:0x800087ec
        4965000	       495	8000096c	008f8183	lb	x3,8(x31)	 x31:0x800087f5  x3=0xffffffb6 PA:0x800087fd
        4975000	       496	80000970	fff88503	lb	x10,-1(x17)	 x17:0x800087ae x10=0x00000066 PA:0x800087ad
        4985000	       497	80000974	00007317	auipc	x6,0x7	  x6=0x80007970
        4995000	       498	80000978	7f730313	addi	x6,x6,2039	  x6:0x80007970  x6=0x80008167
        5005000	       499	8000097c	00008617	auipc	x12,0x8	 x12=0x80008978
        5015000	       500	80000980	bed60613	addi	x12,x12,-1043	 x12:0x80008978 x12=0x80008565
        5025000	       501	80000984	fd330423	sb	x19,-56(x6)	  x6:0x80008167 x19:0xe0000000 PA:0x8000812f
        5035000	       502	80000988	f0664c83	lbu	x25,-250(x12)	 x12:0x80008565 x25=0x00000020 PA:0x8000846b
        5045000	       503	8000098c	00b8c083	lbu	x1,11(x17)	 x17:0x800087ae  x1=0x00000072 PA:0x800087b9
        5055000	       504	80000990	002f8f03	lb	x30,2(x31)	 x31:0x800087f5 x30=0xffffffac PA:0x800087f7
        5065000	       505	80000994	006d8023	sb	x6,0(x27)	 x27:0x80008747  x6:0x80008167 PA:0x80008747
        5075000	       506	80000998	00cf84a3	sb	x12,9(x31)	 x31:0x800087f5 x12:0x80008565 PA:0x800087fe
        5085000	       507	8000099c	fddd8223	sb	x29,-60(x27)	 x27:0x80008747 x29:0x288d84b4 PA:0x8000870b
        5095000	       508	800009a0	f0c619a3	sh	x12,-237(x12)	 x12:0x80008565 x12:0x80008565 PA:0x80008478
        5105000	       509	800009a4	ffe8aa03	lw	x20,-2(x17)	 x17:0x800087ae x20=0x64656667 PA:0x800087ac
        5115000	       510	800009a8	009f8403	lb	x8,9(x31)	 x31:0x800087f5  x8=0x00000065 PA:0x800087fe
        5125000	       511	800009ac	000fce83	lbu	x29,0(x31)	 x31:0x800087f5 x29=0x000000ae PA:0x800087f5
        5135000	       512	800009b0	fc860023	sb	x8,-64(x12)	 x12:0x80008565  x8:0x00000065 PA:0x80008525
        5145000	       513	800009b4	ffe89f23	sh	x30,-2(x17)	 x17:0x800087ae x30:0xffffffac PA:0x800087ac
        5155000	       514	800009b8	fe330523	sb	x3,-22(x6)	  x6:0x80008167  x3:0xffffffb6 PA:0x80008151
        5165000	       515	800009bc	ffff8aa3	sb	x31,-11(x31)	 x31:0x800087f5 x31:0x800087f5 PA:0x800087ea
        5175000	       516	800009c0	fee318a3	sh	x14,-15(x6)	  x6:0x80008167 x14:0x0000007d PA:0x80008158
        5185000	       517	800009c4	fe565403	lhu	x8,-27(x12)	 x12:0x80008565  x8=0x00000001 PA:0x8000854a
        5195000	       518	800009c8	fda30703	lb	x14,-38(x6)	  x6:0x80008167 x14=0xfffffffa PA:0x80008141
        5205000	       519	800009cc	fc7dc103	lbu	x2,-57(x27)	 x27:0x80008747  x2=0x000000c5 PA:0x8000870e
        5215000	       520	800009d0	fd264483	lbu	x9,-46(x12)	 x12:0x80008565  x9=0x00000081 PA:0x80008537
        5225000	       521	800009d4	02064783	lbu	x15,32(x12)	 x12:0x80008565 x15=0x0000003e PA:0x80008585
        5235000	       522	800009d8	fc630703	lb	x14,-58(x6)	  x6:0x80008167 x14=0xffffffe6 PA:0x8000812d
        5245000	       523	800009dc	fd530083	lb	x1,-43(x6)	  x6:0x80008167  x1=0xfffffff7 PA:0x8000813c
        5255000	       524	800009e0	000f8e03	lb	x28,0(x31)	 x31:0x800087f5 x28=0xffffffae PA:0x800087f5
        5265000	       525	800009e4	ff38c083	lbu	x1,-13(x17)	 x17:0x800087ae  x1=0x000000ff PA:0x800087a1
        5275000	       526	800009e8	fc260523	sb	x2,-54(x12)	 x12:0x80008565  x2:0x000000c5 PA:0x8000852f
        5285000	       527	800009ec	026dc383	lbu	x7,38(x27)	 x27:0x80008747  x7=0x00000026 PA:0x8000876d
        5295000	       528	800009f0	fcadc103	lbu	x2,-54(x27)	 x27:0x80008747  x2=0x000000ca PA:0x80008711
        5305000	       529	800009f4	03834d03	lbu	x26,56(x6)	  x6:0x80008167 x26=0x00000054 PA:0x8000819f
        5315000	       530	800009f8	fdbd8fa3	sb	x27,-33(x27)	 x27:0x80008747 x27:0x80008747 PA:0x80008726
        5325000	       531	800009fc	ffd8c383	lbu	x7,-3(x17)	 x17:0x800087ae  x7=0x00000060 PA:0x800087ab
        5335000	       532	80000a00	fd3d9d03	lh	x26,-45(x27)	 x27:0x80008747 x26=0xffffd0d1 PA:0x8000871a
        5345000	       533	80000a04	00008797	auipc	x15,0x8	 x15=0x80008a00
        5355000	       534	80000a08	efa78793	addi	x15,x15,-262	 x15:0x80008a00 x15=0x800088fa
        5365000	       535	80000a0c	019fd3b3	srl	x7,x31,x25	 x31:0x800087f5 x25:0x00000020  x7=0x800087f5
        5375000	       536	80000a10	0017cf83	lbu	x31,1(x15)	 x15:0x800088fa x31=0x000000e0 PA:0x800088fb
        5385000	       537	80000a14	0017c283	lbu	x5,1(x15)	 x15:0x800088fa  x5=0x000000e0 PA:0x800088fb
        5395000	       538	80000a18	00a4f533	and	x10,x9,x10	  x9:0x00000081 x10:0x00000066 x10=0x00000000
        5405000	       539	80000a1c	7c743237	lui	x4,0x7c743	  x4=0x7c743000
        5415000	       540	80000a20	01205113	srli	x2,x0,0x12	  x0:0x00000000  x2=0x00000000
        5425000	       541	80000a24	0077ce03	lbu	x28,7(x15)	 x15:0x800088fa x28=0x000000ea PA:0x80008901
        5435000	       542	80000a28	c5bcbf93	sltiu	x31,x25,-933	 x25:0x00000020 x31=0x00000001
        5445000	       543	80000a2c	0077cf83	lbu	x31,7(x15)	 x15:0x800088fa x31=0x000000ea PA:0x80008901
        5455000	       544	00000000	00000013	addi	x0,x0,0	  x0:0x00000000
        5465000	       545	80000a30	008f9733	sll	x14,x31,x8	 x31:0x000000ea  x8:0x00000001 x14=0x000001d4
        5475000	       546	80000a34	00ab9413	slli	x8,x23,0xa	 x23:0xffffffff  x8=0xfffffc00
        5485000	       547	80000a38	012b5233	srl	x4,x22,x18	 x22:0x80000580 x18:0x3239e000  x4=0x80000580
        5495000	       548	80000a3c	0077c483	lbu	x9,7(x15)	 x15:0x800088fa  x9=0x000000ea PA:0x80008901
        5505000	       549	00000000	00000013	addi	x0,x0,0	  x0:0x00000000
        5515000	       550	80000a40	409d52b3	sra	x5,x26,x9	 x26:0xffffd0d1  x9:0x000000ea  x5=0xfffffff4
        5525000	       551	80000a44	01d178b3	and	x17,x2,x29	  x2:0x00000000 x29:0x000000ae x17=0x00000000
        5535000	       552	80000a48	008e5493	srli	x9,x28,0x8	 x28:0x000000ea  x9=0x00000000
        5545000	       553	80000a4c	81506b93	ori	x23,x0,-2027	  x0:0x00000000 x23=0xfffff815
        5555000	       554	80000a50	0057c083	lbu	x1,5(x15)	 x15:0x800088fa  x1=0x000000e4 PA:0x800088ff
        5565000	       555	80000a54	ff67a903	lw	x18,-10(x15)	 x15:0x800088fa x18=0xd8d9dadb PA:0x800088f0
        5575000	       556	80000a58	01978023	sb	x25,0(x15)	 x15:0x800088fa x25:0x00000020 PA:0x800088fa
        5585000	       557	80000a5c	fec788a3	sb	x12,-15(x15)	 x15:0x800088fa x12:0x80008565 PA:0x800088eb
        5595000	       558	80000a60	ff57ce83	lbu	x29,-11(x15)	 x15:0x800088fa x29=0x000000d4 PA:0x800088ef
        5605000	       559	80000a64	01c783a3	sb	x28,7(x15)	 x15:0x800088fa x28:0x000000ea PA:0x80008901
        5615000	       560	80000a68	00000013	addi	x0,x0,0	  x0:0x00000000
        5625000	       561	80000a6c	00f780a3	sb	x15,1(x15)	 x15:0x800088fa x15:0x800088fa PA:0x800088fb
        5635000	       562	80000a70	0077c083	lbu	x1,7(x15)	 x15:0x800088fa  x1=0x000000ea PA:0x80008901
        5645000	       563	80000a74	ff87cd03	lbu	x26,-8(x15)	 x15:0x800088fa x26=0x000000d9 PA:0x800088f2
        5655000	       564	80000a78	00879b83	lh	x23,8(x15)	 x15:0x800088fa x23=0xffffe8e9 PA:0x80008902
        5665000	       565	80000a7c	ff178703	lb	x14,-15(x15)	 x15:0x800088fa x14=0x00000065 PA:0x800088eb
        5675000	       566	80000a80	001224b3	slt	x9,x4,x1	  x4:0x80000580  x1:0x000000ea  x9=0x00000001
        5685000	       567	80000a84	0057c003	lbu	x0,5(x15)	 x15:0x800088fa PA:0x800088ff
        5695000	       568	80000a88	01c6b133	sltu	x2,x13,x28	 x13:0x80009f70 x28:0x000000ea  x2=0x00000000
        5705000	       569	80000a8c	629b6c93	ori	x25,x22,1577	 x22:0x80000580 x25=0x800007a9
        5715000	       570	80000a90	00778e83	lb	x29,7(x15)	 x15:0x800088fa x29=0xffffffea PA:0x80008901
        5725000	       571	80000a94	000cb8b3	sltu	x17,x25,x0	 x25:0x800007a9  x0:0x00000000 x17=0x00000000
        5735000	       572	80000a98	f67cb313	sltiu	x6,x25,-153	 x25:0x800007a9  x6=0x00000001
        5745000	       573	80000a9c	01598c33	add	x24,x19,x21	 x19:0xe0000000 x21:0x80009fc4 x24=0x60009fc4
        5755000	       574	80000aa0	00879823	sh	x8,16(x15)	 x15:0x800088fa  x8:0xfffffc00 PA:0x8000890a
        5765000	       575	80000aa4	ff178b03	lb	x22,-15(x15)	 x15:0x800088fa x22=0x00000065 PA:0x800088eb
        5775000	       576	80000aa8	00008d97	auipc	x27,0x8	 x27=0x80008aa4
        5785000	       577	80000aac	068d8d93	addi	x27,x27,104	 x27:0x80008aa4 x27=0x80008b0c
        5795000	       578	80000ab0	00008b97	auipc	x23,0x8	 x23=0x80008aac
        5805000	       579	80000ab4	f9fb8b93	addi	x23,x23,-97	 x23:0x80008aac x23=0x80008a4b
        5815000	       580	80000ab8	00008517	auipc	x10,0x8	 x10=0x80008ab4
        5825000	       581	80000abc	deb50513	addi	x10,x10,-533	 x10:0x80008ab4 x10=0x8000889f
        5835000	       582	80000ac0	00008717	auipc	x14,0x8	 x14=0x80008abc
        5845000	       583	80000ac4	dc570713	addi	x14,x14,-571	 x14:0x80008abc x14=0x80008881
        5855000	       584	80000ac8	0d5bdc03	lhu	x24,213(x23)	 x23:0x80008a4b x24=0x00000a0b PA:0x80008b20
        5865000	       585	80000acc	02adcb03	lbu	x22,42(x27)	 x27:0x80008b0c x22=0x0000001d PA:0x80008b36
        5875000	       586	80000ad0	00970883	lb	x17,9(x14)	 x14:0x80008881 x17=0x00000071 PA:0x8000888a
        5885000	       587	80000ad4	00008297	auipc	x5,0x8	  x5=0x80008ad0
        5895000	       588	80000ad8	01328293	addi	x5,x5,19	  x5:0x80008ad0  x5=0x80008ae3
        5905000	       589	80000adc	fa755a03	lhu	x20,-89(x10)	 x10:0x8000889f x20=0x00002c2d PA:0x80008846
        5915000	       590	80000ae0	00e74583	lbu	x11,14(x14)	 x14:0x80008881 x11=0x00000074 PA:0x8000888f
        5925000	       591	80000ae4	fecdde83	lhu	x29,-20(x27)	 x27:0x80008b0c x29=0x0000e2e3 PA:0x80008af8
        5935000	       592	80000ae8	08cb89a3	sb	x12,147(x23)	 x23:0x80008a4b x12:0x80008565 PA:0x80008ade
        5945000	       593	80000aec	ff428a23	sb	x20,-12(x5)	  x5:0x80008ae3 x20:0x00002c2d PA:0x80008ad7
        5955000	       594	80000af0	09bb9583	lh	x11,155(x23)	 x23:0x80008a4b x11=0xffffcccd PA:0x80008ae6
        5965000	       595	80000af4	f87513a3	sh	x7,-121(x10)	 x10:0x8000889f  x7:0x800087f5 PA:0x80008826
        5975000	       596	80000af8	fded8f03	lb	x30,-34(x27)	 x27:0x80008b0c x30=0xffffffd1 PA:0x80008aea
        5985000	       597	80000afc	ff870583	lb	x11,-8(x14)	 x14:0x80008881 x11=0x00000062 PA:0x80008879
        5995000	       598	80000b00	fe4d8da3	sb	x4,-5(x27)	 x27:0x80008b0c  x4:0x80000580 PA:0x80008b07
        6005000	       599	80000b04	fcddc183	lbu	x3,-51(x27)	 x27:0x80008b0c  x3=0x000000c2 PA:0x80008ad9
        6015000	       600	80000b08	ff570f23	sb	x21,-2(x14)	 x14:0x80008881 x21:0x80009fc4 PA:0x8000887f
        6025000	       601	80000b0c	ff0b8a03	lb	x20,-16(x23)	 x23:0x80008a4b x20=0x00000020 PA:0x80008a3b
        6035000	       602	80000b10	00e28383	lb	x7,14(x5)	  x5:0x80008ae3  x7=0xffffffda PA:0x80008af1
        6045000	       603	80000b14	fe0da203	lw	x4,-32(x27)	 x27:0x80008b0c  x4=0xd4d5d6d7 PA:0x80008aec
        6055000	       604	80000b18	ffb72c83	lw	x25,-5(x14)	 x14:0x80008881 x25=0xc4656667 PA:0x8000887c
        6065000	       605	80000b1c	0ba52ea3	sw	x26,189(x10)	 x10:0x8000889f x26:0x000000d9 PA:0x8000895c
        6075000	       606	80000b20	fe128923	sb	x1,-14(x5)	  x5:0x80008ae3  x1:0x000000ea PA:0x80008ad5
        6085000	       607	80000b24	fc6d8203	lb	x4,-58(x27)	 x27:0x80008b0c  x4=0xffffffb9 PA:0x80008ad2
        6095000	       608	80000b28	00e28e03	lb	x28,14(x5)	  x5:0x80008ae3 x28=0xffffffda PA:0x80008af1
        6105000	       609	80000b2c	00028103	lb	x2,0(x5)	  x5:0x80008ae3  x2=0xffffffc8 PA:0x80008ae3
        6115000	       610	80000b30	fd9d8d03	lb	x26,-39(x27)	 x27:0x80008b0c x26=0xffffffce PA:0x80008ae5
        6125000	       611	80000b34	0a054083	lbu	x1,160(x10)	 x10:0x8000889f  x1=0x00000024 PA:0x8000893f
        6135000	       612	80000b38	0082c583	lbu	x11,8(x5)	  x5:0x80008ae3 x11=0x000000d0 PA:0x80008aeb
        6145000	       613	80000b3c	ff874c03	lbu	x24,-8(x14)	 x14:0x80008881 x24=0x00000062 PA:0x80008879
        6155000	       614	80000b40	f65ba2a3	sw	x5,-155(x23)	 x23:0x80008a4b  x5:0x80008ae3 PA:0x800089b0
        6165000	       615	80000b44	06a50783	lb	x15,106(x10)	 x10:0x8000889f x15=0xfffffff2 PA:0x80008909
        6175000	       616	80000b48	004d9b23	sh	x4,22(x27)	 x27:0x80008b0c  x4:0xffffffb9 PA:0x80008b22
        6185000	       617	80000b4c	02250603	lb	x12,34(x10)	 x10:0x8000889f x12=0xffffffaa PA:0x800088c1
        6195000	       618	80000b50	ff172da3	sw	x17,-5(x14)	 x14:0x80008881 x17:0x00000071 PA:0x8000887c
        6205000	       619	80000b54	fefd8f03	lb	x30,-17(x27)	 x27:0x80008b0c x30=0xffffffe0 PA:0x80008afb
        6215000	       620	80000b58	00628383	lb	x7,6(x5)	  x5:0x80008ae3  x7=0xffffffd2 PA:0x80008ae9
        6225000	       621	80000b5c	00008c97	auipc	x25,0x8	 x25=0x80008b58
        6235000	       622	80000b60	a07c8c93	addi	x25,x25,-1529	 x25:0x80008b58 x25=0x8000855f
        6245000	       623	80000b64	00008897	auipc	x17,0x8	 x17=0x80008b60
        6255000	       624	80000b68	87b88893	addi	x17,x17,-1925	 x17:0x80008b60 x17=0x800083db
        6265000	       625	80000b6c	fe38c783	lbu	x15,-29(x17)	 x17:0x800083db x15=0x00000075 PA:0x800083be
        6275000	       626	80000b70	00007f97	auipc	x31,0x7	 x31=0x80007b6c
        6285000	       627	80000b74	790f8f93	addi	x31,x31,1936	 x31:0x80007b6c x31=0x800082fc
        6295000	       628	80000b78	c80cc103	lbu	x2,-896(x25)	 x25:0x8000855f  x2=0x00000094 PA:0x800081df
        6305000	       629	80000b7c	1caf84a3	sb	x10,457(x31)	 x31:0x800082fc x10:0x8000889f PA:0x800084c5
        6315000	       630	80000b80	00008397	auipc	x7,0x8	  x7=0x80008b7c
        6325000	       631	80000b84	aac38393	addi	x7,x7,-1364	  x7:0x80008b7c  x7=0x80008628
        6335000	       632	80000b88	ff08c903	lbu	x18,-16(x17)	 x17:0x800083db x18=0x00000080 PA:0x800083cb
        6345000	       633	80000b8c	e76ccb83	lbu	x23,-394(x25)	 x25:0x8000855f x23=0x0000008e PA:0x800083d5
        6355000	       634	80000b90	fef3cf03	lbu	x30,-17(x7)	  x7:0x80008628 x30=0x000000cc PA:0x80008617
        6365000	       635	80000b94	f41fc483	lbu	x9,-191(x31)	 x31:0x800082fc  x9=0x000000f6 PA:0x8000823d
        6375000	       636	80000b98	fc5f8f03	lb	x30,-59(x31)	 x31:0x800082fc x30=0x0000007a PA:0x800082c1
        6385000	       637	80000b9c	e82f8c03	lb	x24,-382(x31)	 x31:0x800082fc x24=0x00000035 PA:0x8000817e
        6395000	       638	80000ba0	0313c703	lbu	x14,49(x7)	  x7:0x80008628 x14=0x00000012 PA:0x80008659
        6405000	       639	80000ba4	c48c8da3	sb	x8,-933(x25)	 x25:0x8000855f  x8:0xfffffc00 PA:0x800081ba
        6415000	       640	80000ba8	119f9823	sh	x25,272(x31)	 x31:0x800082fc x25:0x8000855f PA:0x8000840c
        6425000	       641	80000bac	02b38d03	lb	x26,43(x7)	  x7:0x80008628 x26=0x00000008 PA:0x80008653
        6435000	       642	80000bb0	00a39a03	lh	x20,10(x7)	  x7:0x80008628 x20=0xffffe8e9 PA:0x80008632
        6445000	       643	80000bb4	d63c91a3	sh	x3,-669(x25)	 x25:0x8000855f  x3:0x000000c2 PA:0x800082c2
        6455000	       644	80000bb8	03c3ae83	lw	x29,60(x7)	  x7:0x80008628 x29=0x1c1d1e1f PA:0x80008664
        6465000	       645	80000bbc	257c8903	lb	x18,599(x25)	 x25:0x8000855f x18=0x0000006d PA:0x800087b6
        6475000	       646	80000bc0	473f8583	lb	x11,1139(x31)	 x31:0x800082fc x11=0x00000024 PA:0x8000876f
        6485000	       647	80000bc4	faf8d083	lhu	x1,-81(x17)	 x17:0x800083db  x1=0x00004041 PA:0x8000838a
        6495000	       648	80000bc8	197c8523	sb	x23,394(x25)	 x25:0x8000855f x23:0x0000008e PA:0x800086e9
        6505000	       649	80000bcc	fe538fa3	sb	x5,-1(x7)	  x7:0x80008628  x5:0x80008ae3 PA:0x80008627
        6515000	       650	80000bd0	fd938e83	lb	x29,-39(x7)	  x7:0x80008628 x29=0xffffffba PA:0x80008601
        6525000	       651	80000bd4	0e0c8fa3	sb	x0,255(x25)	 x25:0x8000855f  x0:0x00000000 PA:0x8000865e
        6535000	       652	80000bd8	2cbfc203	lbu	x4,715(x31)	 x31:0x800082fc  x4=0x0000007c PA:0x800085c7
        6545000	       653	80000bdc	fef38303	lb	x6,-17(x7)	  x7:0x80008628  x6=0xffffffcc PA:0x80008617
        6555000	       654	80000be0	0dcc8923	sb	x28,210(x25)	 x25:0x8000855f x28:0xffffffda PA:0x80008631
        6565000	       655	80000be4	fcf88023	sb	x15,-64(x17)	 x17:0x800083db x15:0x00000075 PA:0x8000839b
        6575000	       656	80000be8	fdc38d23	sb	x28,-38(x7)	  x7:0x80008628 x28:0xffffffda PA:0x80008602
        6585000	       657	80000bec	fcc8c303	lbu	x6,-52(x17)	 x17:0x800083db  x6=0x0000005c PA:0x800083a7
        6595000	       658	80000bf0	00007117	auipc	x2,0x7	  x2=0x80007bec
        6605000	       659	80000bf4	4ea10113	addi	x2,x2,1258	  x2:0x80007bec  x2=0x800080d6
        6615000	       660	80000bf8	5f23d4b7	lui	x9,0x5f23d	  x9=0x5f23d000
        6625000	       661	80000bfc	00b10603	lb	x12,11(x2)	  x2:0x800080d6 x12=0xffffff9a PA:0x800080e1
        6635000	       662	80000c00	010105a3	sb	x16,11(x2)	  x2:0x800080d6 x16:0x00000000 PA:0x800080e1
        6645000	       663	80000c04	fff10d83	lb	x27,-1(x2)	  x2:0x800080d6 x27=0xffffff8e PA:0x800080d5
        6655000	       664	80000c08	00d8d213	srli	x4,x17,0xd	 x17:0x800083db  x4=0x00040004
        6665000	       665	80000c0c	41a1db13	srai	x22,x3,0x1a	  x3:0x000000c2 x22=0x00000000
        6675000	       666	80000c10	fff14603	lbu	x12,-1(x2)	  x2:0x800080d6 x12=0x0000008e PA:0x800080d5
        6685000	       667	80000c14	40bc5933	sra	x18,x24,x11	 x24:0x00000035 x11:0x00000024 x18=0x00000003
        6695000	       668	80000c18	0118cc33	xor	x24,x17,x17	 x17:0x800083db x17:0x800083db x24=0x00000000
        6705000	       669	80000c1c	005964b3	or	x9,x18,x5	 x18:0x00000003  x5:0x80008ae3  x9=0x80008ae3
        6715000	       670	80000c20	ff615183	lhu	x3,-10(x2)	  x2:0x800080d6  x3=0x00008687 PA:0x800080cc
        6725000	       671	80000c24	ff615c83	lhu	x25,-10(x2)	  x2:0x800080d6 x25=0x00008687 PA:0x800080cc
        6735000	       672	80000c28	ffa108a3	sb	x26,-15(x2)	  x2:0x800080d6 x26:0x00000008 PA:0x800080c7
        6745000	       673	80000c2c	00d14703	lbu	x14,13(x2)	  x2:0x800080d6 x14=0x00000098 PA:0x800080e3
        6755000	       674	80000c30	00b10903	lb	x18,11(x2)	  x2:0x800080d6 x18=0x00000000 PA:0x800080e1
        6765000	       675	80000c34	fff14e03	lbu	x28,-1(x2)	  x2:0x800080d6 x28=0x0000008e PA:0x800080d5
        6775000	       676	80000c38	01011003	lh	x0,16(x2)	  x2:0x800080d6 PA:0x800080e6
        6785000	       677	80000c3c	00008217	auipc	x4,0x8	  x4=0x80008c38
        6795000	       678	80000c40	98820213	addi	x4,x4,-1656	  x4:0x80008c38  x4=0x800085c0
        6805000	       679	80000c44	40638733	sub	x14,x7,x6	  x7:0x80008628  x6:0x0000005c x14=0x800085cc
        6815000	       680	80000c48	01185e13	srli	x28,x16,0x11	 x16:0x00000000 x28=0x00000000
        6825000	       681	80000c4c	fc624f83	lbu	x31,-58(x4)	  x4:0x800085c0 x31=0x0000003d PA:0x80008586
        6835000	       682	80000c50	00733a33	sltu	x20,x6,x7	  x6:0x0000005c  x7:0x80008628 x20=0x00000001
        6845000	       683	80000c54	cc320283	lb	x5,-829(x4)	  x4:0x800085c0  x5=0x00000038 PA:0x80008283
        6855000	       684	80000c58	df224303	lbu	x6,-526(x4)	  x4:0x800085c0  x6=0x00000069 PA:0x800083b2
        6865000	       685	80000c5c	2b85de17	auipc	x28,0x2b85d	 x28=0xab85dc58
        6875000	       686	80000c60	e2b24603	lbu	x12,-469(x4)	  x4:0x800085c0 x12=0x000000a0 PA:0x800083eb
        6885000	       687	80000c64	4049ddb3	sra	x27,x19,x4	 x19:0xe0000000  x4:0x800085c0 x27=0xe0000000
        6895000	       688	80000c68	00441893	slli	x17,x8,0x4	  x8:0xfffffc00 x17=0xffffc000
        6905000	       689	80000c6c	1c924c03	lbu	x24,457(x4)	  x4:0x800085c0 x24=0x00000000 PA:0x80008789
        6915000	       690	80000c70	20324483	lbu	x9,515(x4)	  x4:0x800085c0  x9=0x00000078 PA:0x800087c3
        6925000	       691	00000000	00000013	addi	x0,x0,0	  x0:0x00000000
        6935000	       692	80000c74	7c906313	ori	x6,x0,1993	  x0:0x00000000  x6=0x000007c9
        6945000	       693	80000c78	13920fa3	sb	x25,319(x4)	  x4:0x800085c0 x25:0x00008687 PA:0x800086ff
        6955000	       694	80000c7c	00f4ab33	slt	x22,x9,x15	  x9:0x00000078 x15:0x00000075 x22=0x00000000
        6965000	       695	80000c80	f0520f83	lb	x31,-251(x4)	  x4:0x800085c0 x31=0xffffff9f PA:0x800084c5
        6975000	       696	80000c84	c0821303	lh	x6,-1016(x4)	  x4:0x800085c0  x6=0xffff8283 PA:0x800081c8
        6985000	       697	80000c88	eca20303	lb	x6,-310(x4)	  x4:0x800085c0  x6=0x00000041 PA:0x8000848a
        6995000	       698	80000c8c	f9425583	lhu	x11,-108(x4)	  x4:0x800085c0 x11=0x00000e0f PA:0x80008554
        7005000	       699	80000c90	0b424e03	lbu	x28,180(x4)	  x4:0x800085c0 x28=0x0000002f PA:0x80008674
        7015000	       700	80000c94	c3720283	lb	x5,-969(x4)	  x4:0x800085c0  x5=0xffffffac PA:0x800081f7
        7025000	       701	80000c98	6526c897	auipc	x17,0x6526c	 x17=0xe526cc94
        7035000	       702	80000c9c	42d10b37	lui	x22,0x42d10	 x22=0x42d10000
        7045000	       703	80000ca0	dae25b03	lhu	x22,-594(x4)	  x4:0x800085c0 x22=0x00002425 PA:0x8000836e
        7055000	       704	80000ca4	e4021703	lh	x14,-448(x4)	  x4:0x800085c0 x14=0xffffbabb PA:0x80008400
        7065000	       705	80000ca8	08520b03	lb	x22,133(x4)	  x4:0x800085c0 x22=0xfffffffe PA:0x80008645
        7075000	       706	80000cac	34362a13	slti	x20,x12,835	 x12:0x000000a0 x20=0x00000001
        7085000	       707	80000cb0	006aaeb3	slt	x29,x21,x6	 x21:0x80009fc4  x6:0x00000041 x29=0x00000001
        7095000	       708	80000cb4	ed621d83	lh	x27,-298(x4)	  x4:0x800085c0 x27=0x00004c4d PA:0x80008496
        7105000	       709	80000cb8	00008117	auipc	x2,0x8	  x2=0x80008cb4
        7115000	       710	80000cbc	2f110113	addi	x2,x2,753	  x2:0x80008cb4  x2=0x80008fa5
        7125000	       711	80000cc0	f8210083	lb	x1,-126(x2)	  x2:0x80008fa5  x1=0x0000000c PA:0x80008f27
        7135000	       712	80000cc4	00c65d33	srl	x26,x12,x12	 x12:0x000000a0 x12:0x000000a0 x26=0x000000a0
        7145000	       713	80000cc8	a6710e03	lb	x28,-1433(x2)	  x2:0x80008fa5 x28=0xfffffff7 PA:0x80008a0c
        7155000	       714	80000ccc	0160dfb3	srl	x31,x1,x22	  x1:0x0000000c x22:0xfffffffe x31=0x00000000
        7165000	       715	80000cd0	a6712b03	lw	x22,-1433(x2)	  x2:0x80008fa5 x22=0xf4f5f6f7 PA:0x80008a0c
        7175000	       716	80000cd4	7d0fbf93	sltiu	x31,x31,2000	 x31:0x00000000 x31=0x00000001
        7185000	       717	80000cd8	00d61793	slli	x15,x12,0xd	 x12:0x000000a0 x15=0x00140000
        7195000	       718	80000cdc	a6710583	lb	x11,-1433(x2)	  x2:0x80008fa5 x11=0xfffffff7 PA:0x80008a0c
        7205000	       719	80000ce0	da210503	lb	x10,-606(x2)	  x2:0x80008fa5 x10=0x0000002c PA:0x80008d47
        7215000	       720	80000ce4	da210383	lb	x7,-606(x2)	  x2:0x80008fa5  x7=0x0000002c PA:0x80008d47
        7225000	       721	80000ce8	01c98db3	add	x27,x19,x28	 x19:0xe0000000 x28:0xfffffff7 x27=0xdffffff7
        7235000	       722	80000cec	01e78533	add	x10,x15,x30	 x15:0x00140000 x30:0x0000007a x10=0x0014007a
        7245000	       723	80000cf0	e4d15083	lhu	x1,-435(x2)	  x2:0x80008fa5  x1=0x0000d8d9 PA:0x80008df2
        7255000	       724	80000cf4	9e010aa3	sb	x0,-1547(x2)	  x2:0x80008fa5  x0:0x00000000 PA:0x8000899a
        7265000	       725	80000cf8	b3e10323	sb	x30,-1242(x2)	  x2:0x80008fa5 x30:0x0000007a PA:0x80008acb
        7275000	       726	80000cfc	a12119a3	sh	x18,-1517(x2)	  x2:0x80008fa5 x18:0x00000000 PA:0x800089b8
        7285000	       727	80000d00	00008c97	auipc	x25,0x8	 x25=0x80008cfc
        7295000	       728	80000d04	0cec8c93	addi	x25,x25,206	 x25:0x80008cfc x25=0x80008dca
        7305000	       729	80000d08	00008a17	auipc	x20,0x8	 x20=0x80008d04
        7315000	       730	80000d0c	e93a0a13	addi	x20,x20,-365	 x20:0x80008d04 x20=0x80008b97
        7325000	       731	80000d10	00008317	auipc	x6,0x8	  x6=0x80008d0c
        7335000	       732	80000d14	03e30313	addi	x6,x6,62	  x6:0x80008d0c  x6=0x80008d4a
        7345000	       733	80000d18	f8ac8e23	sb	x10,-100(x25)	 x25:0x80008dca x10:0x0014007a PA:0x80008d66
        7355000	       734	80000d1c	029cc983	lbu	x19,41(x25)	 x25:0x80008dca x19=0x000000d8 PA:0x80008df3
        7365000	       735	80000d20	00008297	auipc	x5,0x8	  x5=0x80008d1c
        7375000	       736	80000d24	c7228293	addi	x5,x5,-910	  x5:0x80008d1c  x5=0x8000898e
        7385000	       737	80000d28	dd234503	lbu	x10,-558(x6)	  x6:0x80008d4a x10=0x00000007 PA:0x80008b1c
        7395000	       738	80000d2c	00008617	auipc	x12,0x8	 x12=0x80008d28
        7405000	       739	80000d30	bc660613	addi	x12,x12,-1082	 x12:0x80008d28 x12=0x800088ee
        7415000	       740	80000d34	fd861983	lh	x19,-40(x12)	 x12:0x800088ee x19=0xffffacad PA:0x800088c6
        7425000	       741	80000d38	00ec8c23	sb	x14,24(x25)	 x25:0x80008dca x14:0xffffbabb PA:0x80008de2
        7435000	       742	80000d3c	119306a3	sb	x25,269(x6)	  x6:0x80008d4a x25:0x80008dca PA:0x80008e57
        7445000	       743	80000d40	fecc9e23	sh	x12,-4(x25)	 x25:0x80008dca x12:0x800088ee PA:0x80008dc6
        7455000	       744	80000d44	34a28e03	lb	x28,842(x5)	  x5:0x8000898e x28=0xffffffc3 PA:0x80008cd8
        7465000	       745	80000d48	f412cd03	lbu	x26,-191(x5)	  x5:0x8000898e x26=0x000000b4 PA:0x800088cf
        7475000	       746	80000d4c	00960083	lb	x1,9(x12)	 x12:0x800088ee  x1=0xffffffdc PA:0x800088f7
        7485000	       747	80000d50	080cd483	lhu	x9,128(x25)	 x25:0x80008dca  x9=0x00003031 PA:0x80008e4a
        7495000	       748	00000000	00000013	addi	x0,x0,0	  x0:0x00000000
        7505000	       749	80000d54	fc961a23	sh	x9,-44(x12)	 x12:0x800088ee  x9:0x00003031 PA:0x800088c2
        7515000	       750	80000d58	5c72cd83	lbu	x27,1479(x5)	  x5:0x8000898e x27=0x0000003e PA:0x80008f55
        7525000	       751	80000d5c	fa829323	sh	x8,-90(x5)	  x5:0x8000898e  x8:0xfffffc00 PA:0x80008934
        7535000	       752	80000d60	024a0383	lb	x7,36(x20)	 x20:0x80008b97  x7=0xffffffa0 PA:0x80008bbb
        7545000	       753	80000d64	bf534e83	lbu	x29,-1035(x6)	  x6:0x80008d4a x29=0x00000024 PA:0x8000893f
        7555000	       754	80000d68	03464203	lbu	x4,52(x12)	 x12:0x800088ee  x4=0x00000009 PA:0x80008922
        7565000	       755	80000d6c	f7bccc03	lbu	x24,-133(x25)	 x25:0x80008dca x24=0x0000002e PA:0x80008d45
        7575000	       756	80000d70	08eca403	lw	x8,142(x25)	 x25:0x80008dca  x8=0x40414243 PA:0x80008e58
        7585000	       757	80000d74	ee028aa3	sb	x0,-267(x5)	  x5:0x8000898e  x0:0x00000000 PA:0x80008883
        7595000	       758	80000d78	02160983	lb	x19,33(x12)	 x12:0x800088ee x19=0xfffffff4 PA:0x8000890f
        7605000	       759	80000d7c	074c9703	lh	x14,116(x25)	 x25:0x80008dca x14=0x00002425 PA:0x80008e3e
        7615000	       760	80000d80	019a1383	lh	x7,25(x20)	 x20:0x80008b97  x7=0xffff9a9b PA:0x80008bb0
        7625000	       761	80000d84	42c28f83	lb	x31,1068(x5)	  x5:0x8000898e x31=0xffffffa1 PA:0x80008dba
        7635000	       762	80000d88	ffca4f03	lbu	x30,-4(x20)	 x20:0x80008b97 x30=0x00000078 PA:0x80008b93
        7645000	       763	80000d8c	d7730103	lb	x2,-649(x6)	  x6:0x80008d4a  x2=0xffffffaa PA:0x80008ac1
        7655000	       764	00000000	00000013	addi	x0,x0,0	  x0:0x00000000
        7665000	       765	80000d90	02265b03	lhu	x22,34(x12)	 x12:0x800088ee x22=0x0000fafb PA:0x80008910
        7675000	       766	80000d94	13231223	sh	x18,292(x6)	  x6:0x80008d4a x18:0x00000000 PA:0x80008e6e
        7685000	       767	80000d98	03b60e03	lb	x28,59(x12)	 x12:0x800088ee x28=0x00000012 PA:0x80008929
        7695000	       768	80000d9c	012a0703	lb	x14,18(x20)	 x20:0x80008b97 x14=0xffffff92 PA:0x80008ba9
        7705000	       769	80000da0	003a0d03	lb	x26,3(x20)	 x20:0x80008b97 x26=0xffffff81 PA:0x80008b9a
        7715000	       770	80000da4	0b9c8aa3	sb	x25,181(x25)	 x25:0x80008dca x25:0x80008dca PA:0x80008e7f
        7725000	       771	80000da8	07fcc983	lbu	x19,127(x25)	 x25:0x80008dca x19=0x00000032 PA:0x80008e49
        7735000	       772	80000dac	3392c883	lbu	x17,825(x5)	  x5:0x8000898e x17=0x000000ac PA:0x80008cc7
        7745000	       773	80000db0	00008e97	auipc	x29,0x8	 x29=0x80008dac
        7755000	       774	80000db4	ee5e8e93	addi	x29,x29,-283	 x29:0x80008dac x29=0x80008c91
        7765000	       775	80000db8	23de9da3	sh	x29,571(x29)	 x29:0x80008c91 x29:0x80008c91 PA:0x80008ecc
        7775000	       776	80000dbc	00008d97	auipc	x27,0x8	 x27=0x80008db8
        7785000	       777	80000dc0	09dd8d93	addi	x27,x27,157	 x27:0x80008db8 x27=0x80008e55
        7795000	       778	80000dc4	00008417	auipc	x8,0x8	  x8=0x80008dc0
        7805000	       779	80000dc8	c5440413	addi	x8,x8,-940	  x8:0x80008dc0  x8=0x80008a14
        7815000	       780	80000dcc	032d8183	lb	x3,50(x27)	 x27:0x80008e55  x3=0x0000006c PA:0x80008e87
        7825000	       781	80000dd0	01ed8983	lb	x19,30(x27)	 x27:0x80008e55 x19=0x00000058 PA:0x80008e73
        7835000	       782	80000dd4	ed144383	lbu	x7,-303(x8)	  x8:0x80008a14  x7=0x000000ce PA:0x800088e5
        7845000	       783	80000dd8	e8dedb03	lhu	x22,-371(x29)	 x29:0x80008c91 x22=0x00000405 PA:0x80008b1e
        7855000	       784	80000ddc	47741323	sh	x23,1126(x8)	  x8:0x80008a14 x23:0x0000008e PA:0x80008e7a
        7865000	       785	80000de0	070dcb83	lbu	x23,112(x27)	 x27:0x80008e55 x23=0x000000ae PA:0x80008ec5
        7875000	       786	80000de4	089e9203	lh	x4,137(x29)	 x29:0x80008c91  x4=0x00000001 PA:0x80008d1a
        7885000	       787	80000de8	27d40503	lb	x10,637(x8)	  x8:0x80008a14 x10=0x0000007a PA:0x80008c91
        7895000	       788	80000dec	f45d9783	lh	x15,-187(x27)	 x27:0x80008e55 x15=0x00000000 PA:0x80008d9a
        7905000	       789	80000df0	03ed8b83	lb	x23,62(x27)	 x27:0x80008e55 x23=0x00000078 PA:0x80008e93
        7915000	       790	80000df4	f2540003	lb	x0,-219(x8)	  x8:0x80008a14 PA:0x80008939
        7925000	       791	80000df8	b96e8203	lb	x4,-1130(x29)	 x29:0x80008c91  x4=0xffffff87 PA:0x80008827
        7935000	       792	80000dfc	f21d8503	lb	x10,-223(x27)	 x27:0x80008e55 x10=0x0000005d PA:0x80008d76
        7945000	       793	80000e00	ee344f03	lbu	x30,-285(x8)	  x8:0x80008a14 x30=0x000000dc PA:0x800088f7
        7955000	       794	80000e04	47944d03	lbu	x26,1145(x8)	  x8:0x80008a14 x26=0x00000076 PA:0x80008e8d
        7965000	       795	80000e08	0fed8303	lb	x6,254(x27)	 x27:0x80008e55  x6=0x00000038 PA:0x80008f53
        7975000	       796	80000e0c	f9be93a3	sh	x27,-121(x29)	 x29:0x80008c91 x27:0x80008e55 PA:0x80008c18
        7985000	       797	80000e10	22444f83	lbu	x31,548(x8)	  x8:0x80008a14 x31=0x00000023 PA:0x80008c38
        7995000	       798	80000e14	f3edc783	lbu	x15,-194(x27)	 x27:0x80008e55 x15=0x00000078 PA:0x80008d93
        8005000	       799	80000e18	31440823	sb	x20,784(x8)	  x8:0x80008a14 x20:0x80008b97 PA:0x80008d24
        8015000	       800	80000e1c	0ebd8723	sb	x11,238(x27)	 x27:0x80008e55 x11:0xfffffff7 PA:0x80008f43
        8025000	       801	80000e20	f41e9783	lh	x15,-191(x29)	 x29:0x80008c91 x15=0xffffb8b9 PA:0x80008bd2
        8035000	       802	80000e24	00008117	auipc	x2,0x8	  x2=0x80008e20
        8045000	       803	80000e28	b0f10113	addi	x2,x2,-1265	  x2:0x80008e20  x2=0x8000892f
        8055000	       804	80000e2c	ff010a23	sb	x16,-12(x2)	  x2:0x8000892f x16:0x00000000 PA:0x80008923
        8065000	       805	80000e30	ff3115a3	sh	x19,-21(x2)	  x2:0x8000892f x19:0x00000058 PA:0x8000891a
        8075000	       806	80000e34	02214d83	lbu	x27,34(x2)	  x2:0x8000892f x27=0x0000003a PA:0x80008951
        8085000	       807	80000e38	01c64733	xor	x14,x12,x28	 x12:0x800088ee x28:0x00000012 x14=0x800088fc
        8095000	       808	80000e3c	fed10d03	lb	x26,-19(x2)	  x2:0x8000892f x26=0x00000007 PA:0x8000891c
        8105000	       809	00000000	00000013	addi	x0,x0,0	  x0:0x00000000
        8115000	       810	80000e40	fda10d23	sb	x26,-38(x2)	  x2:0x8000892f x26:0x00000007 PA:0x80008909
        8125000	       811	80000e44	fc610323	sb	x6,-58(x2)	  x2:0x8000892f  x6:0x00000038 PA:0x800088f5
        8135000	       812	80000e48	fe210183	lb	x3,-30(x2)	  x2:0x8000892f  x3=0xfffffffa PA:0x80008911
        8145000	       813	80000e4c	fd310223	sb	x19,-60(x2)	  x2:0x8000892f x19:0x00000058 PA:0x800088f3
        8155000	       814	80000e50	01bcb3b3	sltu	x7,x25,x27	 x25:0x80008dca x27:0x0000003a  x7=0x00000000
        8165000	       815	80000e54	f5be2c93	slti	x25,x28,-165	 x28:0x00000012 x25=0x00000000
        8175000	       816	80000e58	fc314983	lbu	x19,-61(x2)	  x2:0x8000892f x19=0x000000d9 PA:0x800088f2
        8185000	       817	80000e5c	01910b23	sb	x25,22(x2)	  x2:0x8000892f x25:0x00000000 PA:0x80008945
        8195000	       818	80000e60	fc7106a3	sb	x7,-51(x2)	  x2:0x8000892f  x7:0x00000000 PA:0x800088fc
        8205000	       819	80000e64	04014d83	lbu	x27,64(x2)	  x2:0x8000892f x27=0x00000054 PA:0x8000896f
        8215000	       820	80000e68	02d114a3	sh	x13,41(x2)	  x2:0x8000892f x13:0x80009f70 PA:0x80008958
        8225000	       821	80000e6c	000a4fb3	xor	x31,x20,x0	 x20:0x80008b97  x0:0x00000000 x31=0x80008b97
        8235000	       822	80000e70	01010383	lb	x7,16(x2)	  x2:0x8000892f  x7=0x00000024 PA:0x8000893f
        8245000	       823	80000e74	00000013	addi	x0,x0,0	  x0:0x00000000
        8255000	       824	80000e78	fd310f83	lb	x31,-45(x2)	  x2:0x8000892f x31=0xffffffe9 PA:0x80008902
        8265000	       825	80000e7c	fe414e03	lbu	x28,-28(x2)	  x2:0x8000892f x28=0x000000f8 PA:0x80008913
        8275000	       826	80000e80	015452b3	srl	x5,x8,x21	  x8:0x80008a14 x21:0x80009fc4  x5=0x080008a1
        8285000	       827	80000e84	ff810383	lb	x7,-8(x2)	  x2:0x8000892f  x7=0x0000000c PA:0x80008927
        8295000	       828	80000e88	6d894b93	xori	x23,x18,1752	 x18:0x00000000 x23=0x000006d8
        8305000	       829	80000e8c	9a2e1b97	auipc	x23,0x9a2e1	 x23=0x1a2e1e88
        8315000	       830	80000e90	e378eb97	auipc	x23,0xe378e	 x23=0x6378ee8c
        8325000	       831	80000e94	02810503	lb	x10,40(x2)	  x2:0x8000892f x10=0x0000003c PA:0x80008957
        8335000	       832	00000000	00000013	addi	x0,x0,0	  x0:0x00000000
        8345000	       833	80000e98	fca11ba3	sh	x10,-41(x2)	  x2:0x8000892f x10:0x0000003c PA:0x80008906
        8355000	       834	80000e9c	01e14e03	lbu	x28,30(x2)	  x2:0x8000892f x28=0x00000036 PA:0x8000894d
        8365000	       835	80000ea0	00414983	lbu	x19,4(x2)	  x2:0x8000892f x19=0x00000018 PA:0x80008933
        8375000	       836	80000ea4	fb479337	lui	x6,0xfb479	  x6=0xfb479000
        8385000	       837	80000ea8	ffc14e83	lbu	x29,-4(x2)	  x2:0x8000892f x29=0x00000010 PA:0x8000892b
        8395000	       838	80000eac	fc7112a3	sh	x7,-59(x2)	  x2:0x8000892f  x7:0x0000000c PA:0x800088f4
        8405000	       839	80000eb0	fca111a3	sh	x10,-61(x2)	  x2:0x8000892f x10:0x0000003c PA:0x800088f2
        8415000	       840	80000eb4	03e10d23	sb	x30,58(x2)	  x2:0x8000892f x30:0x000000dc PA:0x80008969
        8425000	       841	80000eb8	fda14903	lbu	x18,-38(x2)	  x2:0x8000892f x18=0x00000007 PA:0x80008909
        8435000	       842	80000ebc	fd910da3	sb	x25,-37(x2)	  x2:0x8000892f x25:0x00000000 PA:0x8000890a
        8445000	       843	80000ec0	01f14883	lbu	x17,31(x2)	  x2:0x8000892f x17=0x00000035 PA:0x8000894e
        8455000	       844	80000ec4	01410623	sb	x20,12(x2)	  x2:0x8000892f x20:0x80008b97 PA:0x8000893b
        8465000	       845	80000ec8	63346397	auipc	x7,0x63346	  x7=0xe3346ec4
        8475000	       846	80000ecc	03010a23	sb	x16,52(x2)	  x2:0x8000892f x16:0x00000000 PA:0x80008963
        8485000	       847	80000ed0	00008117	auipc	x2,0x8	  x2=0x80008ecc
        8495000	       848	80000ed4	d8910113	addi	x2,x2,-631	  x2:0x80008ecc  x2=0x80008c55
        8505000	       849	80000ed8	08511ba3	sh	x5,151(x2)	  x2:0x80008c55  x5:0x080008a1 PA:0x80008cec
        8515000	       850	80000edc	016dbbb3	sltu	x23,x27,x22	 x27:0x00000054 x22:0x00000405 x23=0x00000001
        8525000	       851	80000ee0	05214503	lbu	x10,82(x2)	  x2:0x80008c55 x10=0x0000008c PA:0x80008ca7
        8535000	       852	80000ee4	f7d14b83	lbu	x23,-131(x2)	  x2:0x80008c55 x23=0x000000b9 PA:0x80008bd2
        8545000	       853	00000000	00000013	addi	x0,x0,0	  x0:0x00000000
        8555000	       854	80000ee8	0f712203	lw	x4,247(x2)	  x2:0x80008c55  x4=0x34353637 PA:0x80008d4c
        8565000	       855	80000eec	21f7be93	sltiu	x29,x15,543	 x15:0xffffb8b9 x29=0x00000000
        8575000	       856	80000ef0	075ff293	andi	x5,x31,117	 x31:0xffffffe9  x5=0x00000061
        8585000	       857	80000ef4	699a31b7	lui	x3,0x699a3	  x3=0x699a3000
        8595000	       858	80000ef8	010797b3	sll	x15,x15,x16	 x15:0xffffb8b9 x16:0x00000000 x15=0xffffb8b9
        8605000	       859	80000efc	017f88b3	add	x17,x31,x23	 x31:0xffffffe9 x23:0x000000b9 x17=0x000000a2
        8615000	       860	80000f00	f78108a3	sb	x24,-143(x2)	  x2:0x80008c55 x24:0x0000002e PA:0x80008bc6
        8625000	       861	80000f04	00000013	addi	x0,x0,0	  x0:0x00000000
        8635000	       862	80000f08	f5a10403	lb	x8,-166(x2)	  x2:0x80008c55  x8=0xffffff94 PA:0x80008baf
        8645000	       863	00000000	00000013	addi	x0,x0,0	  x0:0x00000000
        8655000	       864	80000f0c	001433b3	sltu	x7,x8,x1	  x8:0xffffff94  x1:0xffffffdc  x7=0x00000001
        8665000	       865	80000f10	09011ea3	sh	x16,157(x2)	  x2:0x80008c55 x16:0x00000000 PA:0x80008cf2
        8675000	       866	80000f14	01c96f33	or	x30,x18,x28	 x18:0x00000007 x28:0x00000036 x30=0x00000037
        8685000	       867	80000f18	0d610e23	sb	x22,220(x2)	  x2:0x80008c55 x22:0x00000405 PA:0x80008d31
        8695000	       868	80000f1c	8ecaac93	slti	x25,x21,-1812	 x21:0x80009fc4 x25=0x00000001
        8705000	       869	80000f20	98b53993	sltiu	x19,x10,-1653	 x10:0x0000008c x19=0x00000001
        8715000	       870	80000f24	fdd10523	sb	x29,-54(x2)	  x2:0x80008c55 x29:0x00000000 PA:0x80008c1f
        8725000	       871	80000f28	06c10423	sb	x12,104(x2)	  x2:0x80008c55 x12:0x800088ee PA:0x80008cbd
        8735000	       872	80000f2c	4ec6b297	auipc	x5,0x4ec6b	  x5=0xcec6bf28
        8745000	       873	80000f30	23600213	addi	x4,x0,566	  x0:0x00000000  x4=0x00000236
        8755000	       874	80000f34	f5014b03	lbu	x22,-176(x2)	  x2:0x80008c55 x22=0x0000008e PA:0x80008ba5
        8765000	       875	80000f38	07212fa3	sw	x18,127(x2)	  x2:0x80008c55 x18:0x00000007 PA:0x80008cd4
        8775000	       876	80000f3c	00008917	auipc	x18,0x8	 x18=0x80008f38
        8785000	       877	80000f40	c0990913	addi	x18,x18,-1015	 x18:0x80008f38 x18=0x80008b41
        8795000	       878	80000f44	ff391e83	lh	x29,-13(x18)	 x18:0x80008b41 x29=0x00001e1f PA:0x80008b34
        8805000	       879	80000f48	0169a3b3	slt	x7,x19,x22	 x19:0x00000001 x22:0x0000008e  x7=0x00000001
        8815000	       880	80000f4c	fe0919a3	sh	x0,-13(x18)	 x18:0x80008b41  x0:0x00000000 PA:0x80008b34
        8825000	       881	80000f50	ff392883	lw	x17,-13(x18)	 x18:0x80008b41 x17=0x1c1d0000 PA:0x80008b34
        8835000	       882	80000f54	ff391183	lh	x3,-13(x18)	 x18:0x80008b41  x3=0x00000000 PA:0x80008b34
        8845000	       883	80000f58	fe9909a3	sb	x9,-13(x18)	 x18:0x80008b41  x9:0x00003031 PA:0x80008b34
        8855000	       884	80000f5c	ff391c83	lh	x25,-13(x18)	 x18:0x80008b41 x25=0x00000031 PA:0x80008b34
        8865000	       885	80000f60	415c03b3	sub	x7,x24,x21	 x24:0x0000002e x21:0x80009fc4  x7=0x7fff606a
        8875000	       886	80000f64	01000eb3	add	x29,x0,x16	  x0:0x00000000 x16:0x00000000 x29=0x00000000
        8885000	       887	80000f68	40095f93	srai	x31,x18,0x0	 x18:0x80008b41 x31=0x80008b41
        8895000	       888	80000f6c	05da8713	addi	x14,x21,93	 x21:0x80009fc4 x14=0x8000a021
        8905000	       889	80000f70	ff995083	lhu	x1,-7(x18)	 x18:0x80008b41  x1=0x00002021 PA:0x80008b3a
        8915000	       890	80000f74	ff990003	lb	x0,-7(x18)	 x18:0x80008b41 PA:0x80008b3a
        8925000	       891	80000f78	ff994103	lbu	x2,-7(x18)	 x18:0x80008b41  x2=0x00000021 PA:0x80008b3a
        8935000	       892	80000f7c	ff990703	lb	x14,-7(x18)	 x18:0x80008b41 x14=0x00000021 PA:0x80008b3a
        8945000	       893	80000f80	fff90ca3	sb	x31,-7(x18)	 x18:0x80008b41 x31:0x80008b41 PA:0x80008b3a
        8955000	       894	80000f84	01291f13	slli	x30,x18,0x12	 x18:0x80008b41 x30=0x2d040000
        8965000	       895	80000f88	ff990983	lb	x19,-7(x18)	 x18:0x80008b41 x19=0x00000041 PA:0x80008b3a
        8975000	       896	80000f8c	ff991f03	lh	x30,-7(x18)	 x18:0x80008b41 x30=0x00002041 PA:0x80008b3a
        8985000	       897	80000f90	ff990b83	lb	x23,-7(x18)	 x18:0x80008b41 x23=0x00000041 PA:0x80008b3a
        8995000	       898	80000f94	01231413	slli	x8,x6,0x12	  x6:0xfb479000  x8=0x40000000
        9005000	       899	80000f98	ff995c83	lhu	x25,-7(x18)	 x18:0x80008b41 x25=0x00002041 PA:0x80008b3a
        9015000	       900	00000000	00000013	addi	x0,x0,0	  x0:0x00000000
        9025000	       901	80000f9c	ff991883	lh	x17,-7(x18)	 x18:0x80008b41 x17=0x00002041 PA:0x80008b3a
        9035000	       902	80000fa0	ff991e83	lh	x29,-7(x18)	 x18:0x80008b41 x29=0x00002041 PA:0x80008b3a
        9045000	       903	80000fa4	00008117	auipc	x2,0x8	  x2=0x80008fa0
        9055000	       904	80000fa8	a2410113	addi	x2,x2,-1500	  x2:0x80008fa0  x2=0x800089c4
        9065000	       905	80000fac	019a9093	slli	x1,x21,0x19	 x21:0x80009fc4  x1=0x88000000
        9075000	       906	80000fb0	00d3df13	srli	x30,x7,0xd	  x7:0x7fff606a x30=0x0003fffb
        9085000	       907	80000fb4	00114b03	lbu	x22,1(x2)	  x2:0x800089c4 x22=0x000000ae PA:0x800089c5
        9095000	       908	00000000	00000013	addi	x0,x0,0	  x0:0x00000000
        9105000	       909	80000fb8	01611283	lh	x5,22(x2)	  x2:0x800089c4  x5=0xffffc0c1 PA:0x800089da
        9115000	       910	80000fbc	02415283	lhu	x5,36(x2)	  x2:0x800089c4  x5=0x0000d2d3 PA:0x800089e8
        9125000	       911	80000fc0	03714083	lbu	x1,55(x2)	  x2:0x800089c4  x1=0x000000e0 PA:0x800089fb
        9135000	       912	80000fc4	fff14003	lbu	x0,-1(x2)	  x2:0x800089c4 PA:0x800089c3
        9145000	       913	80000fc8	02510983	lb	x19,37(x2)	  x2:0x800089c4 x19=0xffffffd2 PA:0x800089e9
        9155000	       914	80000fcc	fd510703	lb	x14,-43(x2)	  x2:0x800089c4 x14=0xffffff82 PA:0x80008999
        9165000	       915	80000fd0	3d4b1e97	auipc	x29,0x3d4b1	 x29=0xbd4b1fcc
        9175000	       916	80000fd4	fce100a3	sb	x14,-63(x2)	  x2:0x800089c4 x14:0xffffff82 PA:0x80008985
        9185000	       917	80000fd8	010aa9b3	slt	x19,x21,x16	 x21:0x80009fc4 x16:0x00000000 x19=0x00000001
        9195000	       918	80000fdc	02812b03	lw	x22,40(x2)	  x2:0x800089c4 x22=0xd4d5d6d7 PA:0x800089ec
        9205000	       919	80000fe0	02b10303	lb	x6,43(x2)	  x2:0x800089c4  x6=0xffffffd4 PA:0x800089ef
        9215000	       920	80000fe4	feb6bf13	sltiu	x30,x13,-21	 x13:0x80009f70 x30=0x00000001
        9225000	       921	80000fe8	fe510383	lb	x7,-27(x2)	  x2:0x800089c4  x7=0xffffff92 PA:0x800089a9
        9235000	       922	80000fec	01a10fa3	sb	x26,31(x2)	  x2:0x800089c4 x26:0x00000007 PA:0x800089e3
        9245000	       923	80000ff0	01911723	sh	x25,14(x2)	  x2:0x800089c4 x25:0x00002041 PA:0x800089d2
        9255000	       924	80000ff4	1a2c0f13	addi	x30,x24,418	 x24:0x0000002e x30=0x000001d0
        9265000	       925	80000ff8	039102a3	sb	x25,37(x2)	  x2:0x800089c4 x25:0x00002041 PA:0x800089e9
        9275000	       926	80000ffc	01314203	lbu	x4,19(x2)	  x2:0x800089c4  x4=0x000000bc PA:0x800089d7
        9285000	       927	80001000	01012023	sw	x16,0(x2)	  x2:0x800089c4 x16:0x00000000 PA:0x800089c4
        9295000	       928	80001004	00a104a3	sb	x10,9(x2)	  x2:0x800089c4 x10:0x0000008c PA:0x800089cd
        9305000	       929	80001008	03314083	lbu	x1,51(x2)	  x2:0x800089c4  x1=0x000000dc PA:0x800089f7
        9315000	       930	8000100c	ff75ad17	auipc	x26,0xff75a	 x26=0x7f75b008
        9325000	       931	80001010	015108a3	sb	x21,17(x2)	  x2:0x800089c4 x21:0x80009fc4 PA:0x800089d5
        9335000	       932	80001014	02a10da3	sb	x10,59(x2)	  x2:0x800089c4 x10:0x0000008c PA:0x800089ff
        9345000	       933	80001018	00ef75b3	and	x11,x30,x14	 x30:0x000001d0 x14:0xffffff82 x11=0x00000180
        9355000	       934	8000101c	fc612223	sw	x6,-60(x2)	  x2:0x800089c4  x6:0xffffffd4 PA:0x80008988
        9365000	       935	80001020	fe810003	lb	x0,-24(x2)	  x2:0x800089c4 PA:0x800089ac
        9375000	       936	80001024	fee11383	lh	x7,-18(x2)	  x2:0x800089c4  x7=0xffff8000 PA:0x800089b2
        9385000	       937	80001028	fd210603	lb	x12,-46(x2)	  x2:0x800089c4 x12=0x0000007d PA:0x80008996
        9395000	       938	8000102c	02a10ea3	sb	x10,61(x2)	  x2:0x800089c4 x10:0x0000008c PA:0x80008a01
        9405000	       939	80001030	0157ccb3	xor	x25,x15,x21	 x15:0xffffb8b9 x21:0x80009fc4 x25=0x7fff277d
        9415000	       940	80001034	fc815783	lhu	x15,-56(x2)	  x2:0x800089c4 x15=0x00007677 PA:0x8000898c
        9425000	       941	80001038	bf99cc17	auipc	x24,0xbf99c	 x24=0x3f99d034
        9435000	       942	8000103c	b8630f93	addi	x31,x6,-1146	  x6:0xffffffd4 x31=0xfffffb5a
        9445000	       943	80001040	00111f23	sh	x1,30(x2)	  x2:0x800089c4  x1:0x000000dc PA:0x800089e2
        9455000	       944	80001044	03310383	lb	x7,51(x2)	  x2:0x800089c4  x7=0xffffffdc PA:0x800089f7
        9465000	       945	80001048	00d68233	add	x4,x13,x13	 x13:0x80009f70 x13:0x80009f70  x4=0x00013ee0
        9475000	       946	8000104c	02110203	lb	x4,33(x2)	  x2:0x800089c4  x4=0xffffffce PA:0x800089e5
        9485000	       947	80001050	00611383	lh	x7,6(x2)	  x2:0x800089c4  x7=0xffffb0b1 PA:0x800089ca
        9495000	       948	80001054	00008997	auipc	x19,0x8	 x19=0x80009050
        9505000	       949	80001058	de098993	addi	x19,x19,-544	 x19:0x80009050 x19=0x80008e30
        9515000	       950	8000105c	00b985a3	sb	x11,11(x19)	 x19:0x80008e30 x11:0x00000180 PA:0x80008e3b
        9525000	       951	80001060	00298303	lb	x6,2(x19)	 x19:0x80008e30  x6=0x00000019 PA:0x80008e32
        9535000	       952	80001064	ff398b03	lb	x22,-13(x19)	 x19:0x80008e30 x22=0x00000008 PA:0x80008e23
        9545000	       953	80001068	ff5988a3	sb	x21,-15(x19)	 x19:0x80008e30 x21:0x80009fc4 PA:0x80008e21
        9555000	       954	8000106c	ff29c903	lbu	x18,-14(x19)	 x19:0x80008e30 x18=0x00000009 PA:0x80008e22
        9565000	       955	00000000	00000013	addi	x0,x0,0	  x0:0x00000000
        9575000	       956	80001070	ff298483	lb	x9,-14(x19)	 x19:0x80008e30  x9=0x00000009 PA:0x80008e22
        9585000	       957	80001074	ff29d503	lhu	x10,-14(x19)	 x19:0x80008e30 x10=0x00000809 PA:0x80008e22
        9595000	       958	80001078	9f0b4513	xori	x10,x22,-1552	 x22:0x00000008 x10=0xfffff9f8
        9605000	       959	8000107c	ffa98923	sb	x26,-14(x19)	 x19:0x80008e30 x26:0x7f75b008 PA:0x80008e22
        9615000	       960	80001080	a248ea13	ori	x20,x17,-1500	 x17:0x00002041 x20=0xfffffa65
        9625000	       961	80001084	ff29d303	lhu	x6,-14(x19)	 x19:0x80008e30  x6=0x00000808 PA:0x80008e22
        9635000	       962	80001088	ff498923	sb	x20,-14(x19)	 x19:0x80008e30 x20:0xfffffa65 PA:0x80008e22
        9645000	       963	8000108c	01299223	sh	x18,4(x19)	 x19:0x80008e30 x18:0x00000009 PA:0x80008e34
        9655000	       964	80001090	ff09c883	lbu	x17,-16(x19)	 x19:0x80008e30 x17=0x0000000b PA:0x80008e20
        9665000	       965	80001094	01d99223	sh	x29,4(x19)	 x19:0x80008e30 x29:0xbd4b1fcc PA:0x80008e34
        9675000	       966	80001098	ff09a183	lw	x3,-16(x19)	 x19:0x80008e30  x3=0x0865c40b PA:0x80008e20
        9685000	       967	8000109c	ff098903	lb	x18,-16(x19)	 x19:0x80008e30 x18=0x0000000b PA:0x80008e20
        9695000	       968	800010a0	fe998da3	sb	x9,-5(x19)	 x19:0x80008e30  x9:0x00000009 PA:0x80008e2b
        9705000	       969	800010a4	00007097	auipc	x1,0x7	  x1=0x800080a0
        9715000	       970	800010a8	09d08093	addi	x1,x1,157	  x1:0x800080a0  x1=0x8000813d
        9725000	       971	800010ac	00007517	auipc	x10,0x7	 x10=0x800080a8
        9735000	       972	800010b0	50450513	addi	x10,x10,1284	 x10:0x800080a8 x10=0x800085ac
        9745000	       973	800010b4	00007c17	auipc	x24,0x7	 x24=0x800080b0
        9755000	       974	800010b8	0edc0c13	addi	x24,x24,237	 x24:0x800080b0 x24=0x8000819d
        9765000	       975	800010bc	00007717	auipc	x14,0x7	 x14=0x800080b8
        9775000	       976	800010c0	1e070713	addi	x14,x14,480	 x14:0x800080b8 x14=0x80008298
        9785000	       977	800010c4	f53c5003	lhu	x0,-173(x24)	 x24:0x8000819d PA:0x800080f0
        9795000	       978	800010c8	fc970f03	lb	x30,-55(x14)	 x14:0x80008298 x30=0x0000001a PA:0x80008261
        9805000	       979	800010cc	0c0c4203	lbu	x4,192(x24)	 x24:0x8000819d  x4=0x00000016 PA:0x8000825d
        9815000	       980	800010d0	039508a3	sb	x25,49(x10)	 x10:0x800085ac x25:0x7fff277d PA:0x800085dd
        9825000	       981	800010d4	00007897	auipc	x17,0x7	 x17=0x800080d0
        9835000	       982	800010d8	2f588893	addi	x17,x17,757	 x17:0x800080d0 x17=0x800083c5
        9845000	       983	800010dc	ff751f23	sh	x23,-2(x10)	 x10:0x800085ac x23:0x00000041 PA:0x800085aa
        9855000	       984	800010e0	f18c4403	lbu	x8,-232(x24)	 x24:0x8000819d  x8=0x0000006e PA:0x800080b5
        9865000	       985	800010e4	ff408e03	lb	x28,-12(x1)	  x1:0x8000813d x28=0xffffffea PA:0x80008131
        9875000	       986	800010e8	fc80c483	lbu	x9,-56(x1)	  x1:0x8000813d  x9=0x000000be PA:0x80008105
        9885000	       987	800010ec	2818cf03	lbu	x30,641(x17)	 x17:0x800083c5 x30=0x000000fd PA:0x80008646
        9895000	       988	800010f0	02e51f83	lh	x31,46(x10)	 x10:0x800085ac x31=0xffff9091 PA:0x800085da
        9905000	       989	800010f4	fe90c603	lbu	x12,-23(x1)	  x1:0x8000813d x12=0x000000dd PA:0x80008126
        9915000	       990	800010f8	f2988c23	sb	x9,-200(x17)	 x17:0x800083c5  x9:0x000000be PA:0x800082fd
        9925000	       991	800010fc	f9fc0623	sb	x31,-116(x24)	 x24:0x8000819d x31:0xffff9091 PA:0x80008129
        9935000	       992	80001100	03e08e83	lb	x29,62(x1)	  x1:0x8000813d x29=0x00000030 PA:0x8000817b
        9945000	       993	80001104	004702a3	sb	x4,5(x14)	 x14:0x80008298  x4:0x00000016 PA:0x8000829d
        9955000	       994	80001108	01b50e83	lb	x29,27(x10)	 x10:0x800085ac x29=0x0000007c PA:0x800085c7
        9965000	       995	8000110c	3eb89e83	lh	x29,1003(x17)	 x17:0x800083c5 x29=0x00006a6b PA:0x800087b0
        9975000	       996	80001110	35088003	lb	x0,848(x17)	 x17:0x800083c5 PA:0x80008715
        9985000	       997	80001114	fc608c83	lb	x25,-58(x1)	  x1:0x8000813d x25=0xffffffb8 PA:0x80008103
        9995000	       998	80001118	02008123	sb	x0,34(x1)	  x1:0x8000813d  x0:0x00000000 PA:0x8000815f
       10005000	       999	8000111c	03fc0723	sb	x31,46(x24)	 x24:0x8000819d x31:0xffff9091 PA:0x800081cb
       10015000	      1000	80001120	f6188a23	sb	x1,-140(x17)	 x17:0x800083c5  x1:0x8000813d PA:0x80008339
       10025000	      1001	80001124	3168c203	lbu	x4,790(x17)	 x17:0x800083c5  x4=0x00000090 PA:0x800086db
       10035000	      1002	80001128	03152823	sw	x17,48(x10)	 x10:0x800085ac x17:0x800083c5 PA:0x800085dc
       10045000	      1003	8000112c	fdc0c983	lbu	x19,-36(x1)	  x1:0x8000813d x19=0x000000d2 PA:0x80008119
       10055000	      1004	80001130	03674d03	lbu	x26,54(x14)	 x14:0x80008298 x26=0x00000085 PA:0x800082ce
       10065000	      1005	80001134	fc1c0fa3	sb	x1,-33(x24)	 x24:0x8000819d  x1:0x8000813d PA:0x8000817c
       10075000	      1006	80001138	fff08623	sb	x31,-20(x1)	  x1:0x8000813d x31:0xffff9091 PA:0x80008129
       10085000	      1007	8000113c	fe471f83	lh	x31,-28(x14)	 x14:0x80008298 x31=0x00003637 PA:0x8000827c
       10095000	      1008	80001140	fd470783	lb	x15,-44(x14)	 x14:0x80008298 x15=0x00000027 PA:0x8000826c
       10105000	      1009	80001144	fc550e83	lb	x29,-59(x10)	 x10:0x800085ac x29=0x0000002a PA:0x80008571
       10115000	      1010	80001148	ff570903	lb	x18,-11(x14)	 x14:0x80008298 x18=0x00000046 PA:0x8000828d
       10125000	      1011	8000114c	fe6080a3	sb	x6,-31(x1)	  x1:0x8000813d  x6:0x00000808 PA:0x8000811e
       10135000	      1012	80001150	0cac4303	lbu	x6,202(x24)	 x24:0x8000819d  x6=0x0000001c PA:0x80008267
       10145000	      1013	80001154	e9588923	sb	x21,-366(x17)	 x17:0x800083c5 x21:0x80009fc4 PA:0x80008257
       10155000	      1014	80001158	00007417	auipc	x8,0x7	  x8=0x80008154
       10165000	      1015	8000115c	77340413	addi	x8,x8,1907	  x8:0x80008154  x8=0x800088c7
       10175000	      1016	80001160	fc340383	lb	x7,-61(x8)	  x8:0x800088c7  x7=0x00000071 PA:0x8000888a
       10185000	      1017	80001164	fde411a3	sh	x30,-61(x8)	  x8:0x800088c7 x30:0x000000fd PA:0x8000888a
       10195000	      1018	80001168	fc344783	lbu	x15,-61(x8)	  x8:0x800088c7 x15=0x000000fd PA:0x8000888a
       10205000	      1019	8000116c	fc5401a3	sb	x5,-61(x8)	  x8:0x800088c7  x5:0x0000d2d3 PA:0x8000888a
       10215000	      1020	80001170	fc6401a3	sb	x6,-61(x8)	  x8:0x800088c7  x6:0x0000001c PA:0x8000888a
       10225000	      1021	80001174	fc340583	lb	x11,-61(x8)	  x8:0x800088c7 x11=0x0000001c PA:0x8000888a
       10235000	      1022	80001178	fc344c83	lbu	x25,-61(x8)	  x8:0x800088c7 x25=0x0000001c PA:0x8000888a
       10245000	      1023	8000117c	fd5401a3	sb	x21,-61(x8)	  x8:0x800088c7 x21:0x80009fc4 PA:0x8000888a
       10255000	      1024	80001180	fc340103	lb	x2,-61(x8)	  x8:0x800088c7  x2=0xffffffc4 PA:0x8000888a
       10265000	      1025	80001184	fc345183	lhu	x3,-61(x8)	  x8:0x800088c7  x3=0x000000c4 PA:0x8000888a
       10275000	      1026	00000000	00000013	addi	x0,x0,0	  x0:0x00000000
       10285000	      1027	80001188	fc345103	lhu	x2,-61(x8)	  x8:0x800088c7  x2=0x000000c4 PA:0x8000888a
       10295000	      1028	8000118c	fc344b03	lbu	x22,-61(x8)	  x8:0x800088c7 x22=0x000000c4 PA:0x8000888a
       10305000	      1029	80001190	fc345b03	lhu	x22,-61(x8)	  x8:0x800088c7 x22=0x000000c4 PA:0x8000888a
       10315000	      1030	80001194	fc344703	lbu	x14,-61(x8)	  x8:0x800088c7 x14=0x000000c4 PA:0x8000888a
       10325000	      1031	80001198	fc341283	lh	x5,-61(x8)	  x8:0x800088c7  x5=0x000000c4 PA:0x8000888a
       10335000	      1032	8000119c	00a05013	srli	x0,x0,0xa	  x0:0x00000000
       10345000	      1033	800011a0	fc340c03	lb	x24,-61(x8)	  x8:0x800088c7 x24=0xffffffc4 PA:0x8000888a
       10355000	      1034	800011a4	00000013	addi	x0,x0,0	  x0:0x00000000
       10365000	      1035	800011a8	fc340b03	lb	x22,-61(x8)	  x8:0x800088c7 x22=0xffffffc4 PA:0x8000888a
       10375000	      1036	800011ac	fc340b03	lb	x22,-61(x8)	  x8:0x800088c7 x22=0xffffffc4 PA:0x8000888a
       10385000	      1037	800011b0	00007397	auipc	x7,0x7	  x7=0x800081ac
       10395000	      1038	800011b4	62e38393	addi	x7,x7,1582	  x7:0x800081ac  x7=0x800087da
       10405000	      1039	800011b8	333d2193	slti	x3,x26,819	 x26:0x00000085  x3=0x00000001
       10415000	      1040	800011bc	fa239483	lh	x9,-94(x7)	  x7:0x800087da  x9=0x00002a37 PA:0x8000877c
       10425000	      1041	800011c0	3a167713	andi	x14,x12,929	 x12:0x000000dd x14=0x00000081
       10435000	      1042	800011c4	0073cb83	lbu	x23,7(x7)	  x7:0x800087da x23=0x0000009a PA:0x800087e1
       10445000	      1043	800011c8	f3438123	sb	x20,-222(x7)	  x7:0x800087da x20:0xfffffa65 PA:0x800086fc
       10455000	      1044	800011cc	03039023	sh	x16,32(x7)	  x7:0x800087da x16:0x00000000 PA:0x800087fa
       10465000	      1045	800011d0	5cb78893	addi	x17,x15,1483	 x15:0x000000fd x17=0x000006c8
       10475000	      1046	800011d4	30d0e013	ori	x0,x1,781	  x1:0x8000813d
       10485000	      1047	800011d8	f3539323	sh	x21,-218(x7)	  x7:0x800087da x21:0x80009fc4 PA:0x80008700
       10495000	      1048	800011dc	0045fc33	and	x24,x11,x4	 x11:0x0000001c  x4:0x00000090 x24=0x00000010
       10505000	      1049	800011e0	00306db3	or	x27,x0,x3	  x0:0x00000000  x3:0x00000001 x27=0x00000001
       10515000	      1050	800011e4	f93383a3	sb	x19,-121(x7)	  x7:0x800087da x19:0x000000d2 PA:0x80008761
       10525000	      1051	800011e8	f3c5ff13	andi	x30,x11,-196	 x11:0x0000001c x30=0x0000001c
       10535000	      1052	800011ec	f353ce83	lbu	x29,-203(x7)	  x7:0x800087da x29=0x000000c4 PA:0x8000870f
       10545000	      1053	800011f0	e670b293	sltiu	x5,x1,-409	  x1:0x8000813d  x5=0x00000001
       10555000	      1054	800011f4	fa638aa3	sb	x6,-75(x7)	  x7:0x800087da  x6:0x0000001c PA:0x8000878f
       10565000	      1055	800011f8	f3338d83	lb	x27,-205(x7)	  x7:0x800087da x27=0xffffffc6 PA:0x8000870d
       10575000	      1056	800011fc	5f88fa37	lui	x20,0x5f88f	 x20=0x5f88f000
       10585000	      1057	80001200	00af88b3	add	x17,x31,x10	 x31:0x00003637 x10:0x800085ac x17=0x8000bbe3
       10595000	      1058	80001204	8c304a13	xori	x20,x0,-1853	  x0:0x00000000 x20=0xfffff8c3
       10605000	      1059	80001208	ff13cf83	lbu	x31,-15(x7)	  x7:0x800087da x31=0x00000080 PA:0x800087cb
       10615000	      1060	8000120c	00007d97	auipc	x27,0x7	 x27=0x80008208
       10625000	      1061	80001210	49bd8d93	addi	x27,x27,1179	 x27:0x80008208 x27=0x800086a3
       10635000	      1062	80001214	9bcd8523	sb	x28,-1622(x27)	 x27:0x800086a3 x28:0xffffffea PA:0x8000804d
       10645000	      1063	80001218	41ac5733	sra	x14,x24,x26	 x24:0x00000010 x26:0x00000085 x14=0x00000000
       10655000	      1064	8000121c	9aadc183	lbu	x3,-1622(x27)	 x27:0x800086a3  x3=0x000000ea PA:0x8000804d
       10665000	      1065	80001220	733efe13	andi	x28,x29,1843	 x29:0x000000c4 x28=0x00000000
       10675000	      1066	80001224	9afd8523	sb	x15,-1622(x27)	 x27:0x800086a3 x15:0x000000fd PA:0x8000804d
       10685000	      1067	80001228	9aadc383	lbu	x7,-1622(x27)	 x27:0x800086a3  x7=0x000000fd PA:0x8000804d
       10695000	      1068	8000122c	b5dd99a3	sh	x29,-1197(x27)	 x27:0x800086a3 x29:0x000000c4 PA:0x800081f6
       10705000	      1069	80001230	b53d8703	lb	x14,-1197(x27)	 x27:0x800086a3 x14=0xffffffc4 PA:0x800081f6
       10715000	      1070	80001234	b53d9883	lh	x17,-1197(x27)	 x27:0x800086a3 x17=0x000000c4 PA:0x800081f6
       10725000	      1071	80001238	b53d8e03	lb	x28,-1197(x27)	 x27:0x800086a3 x28=0xffffffc4 PA:0x800081f6
       10735000	      1072	8000123c	b46d99a3	sh	x6,-1197(x27)	 x27:0x800086a3  x6:0x0000001c PA:0x800081f6
       10745000	      1073	80001240	b4fd89a3	sb	x15,-1197(x27)	 x27:0x800086a3 x15:0x000000fd PA:0x800081f6
       10755000	      1074	80001244	b53ddf83	lhu	x31,-1197(x27)	 x27:0x800086a3 x31=0x000000fd PA:0x800081f6
       10765000	      1075	80001248	b53d8383	lb	x7,-1197(x27)	 x27:0x800086a3  x7=0xfffffffd PA:0x800081f6
       10775000	      1076	8000124c	b53d8c03	lb	x24,-1197(x27)	 x27:0x800086a3 x24=0xfffffffd PA:0x800081f6
       10785000	      1077	80001250	b53d9783	lh	x15,-1197(x27)	 x27:0x800086a3 x15=0x000000fd PA:0x800081f6
       10795000	      1078	80001254	01d11b13	slli	x22,x2,0x1d	  x2:0x000000c4 x22=0x80000000
       10805000	      1079	80001258	b5cd89a3	sb	x28,-1197(x27)	 x27:0x800086a3 x28:0xffffffc4 PA:0x800081f6
       10815000	      1080	8000125c	00007997	auipc	x19,0x7	 x19=0x80008258
       10825000	      1081	80001260	e2d98993	addi	x19,x19,-467	 x19:0x80008258 x19=0x80008085
       10835000	      1082	80001264	03d98a03	lb	x20,61(x19)	 x19:0x80008085 x20=0x00000079 PA:0x800080c2
       10845000	      1083	80001268	00007e97	auipc	x29,0x7	 x29=0x80008264
       10855000	      1084	8000126c	353e8e93	addi	x29,x29,851	 x29:0x80008264 x29=0x800085b7
       10865000	      1085	80001270	00a9c603	lbu	x12,10(x19)	 x19:0x80008085 x12=0x00000044 PA:0x8000808f
       10875000	      1086	80001274	013edc83	lhu	x25,19(x29)	 x29:0x800085b7 x25=0x00008081 PA:0x800085ca
       10885000	      1087	80001278	fc09a5a3	sw	x0,-53(x19)	 x19:0x80008085  x0:0x00000000 PA:0x80008050
       10895000	      1088	8000127c	00007597	auipc	x11,0x7	 x11=0x80008278
       10905000	      1089	80001280	10b58593	addi	x11,x11,267	 x11:0x80008278 x11=0x80008383
       10915000	      1090	80001284	01199103	lh	x2,17(x19)	 x19:0x80008085  x2=0x00004c4d PA:0x80008096
       10925000	      1091	80001288	09d5df03	lhu	x30,157(x11)	 x11:0x80008383 x30=0x0000dadb PA:0x80008420
       10935000	      1092	8000128c	004e8183	lb	x3,4(x29)	 x29:0x800085b7  x3=0x00000070 PA:0x800085bb
       10945000	      1093	80001290	f6b5d903	lhu	x18,-149(x11)	 x11:0x80008383 x18=0x0000a4a5 PA:0x800082ee
       10955000	      1094	80001294	08658183	lb	x3,134(x11)	 x11:0x80008383  x3=0xffffffc2 PA:0x80008409
       10965000	      1095	80001298	03ae8083	lb	x1,58(x29)	 x29:0x800085b7  x1=0xffffffaa PA:0x800085f1
       10975000	      1096	8000129c	ffae8883	lb	x17,-6(x29)	 x29:0x800085b7 x17=0x0000006a PA:0x800085b1
       10985000	      1097	800012a0	fdf9a183	lw	x3,-33(x19)	 x19:0x80008085  x3=0x1c1d1e1f PA:0x80008064
       10995000	      1098	800012a4	05958c03	lb	x24,89(x11)	 x11:0x80008383 x24=0xffffff97 PA:0x800083dc
       11005000	      1099	00000000	00000013	addi	x0,x0,0	  x0:0x00000000
       11015000	      1100	800012a8	018ecd03	lbu	x26,24(x29)	 x29:0x800085b7 x26=0x00000084 PA:0x800085cf
       11025000	      1101	800012ac	f0c58b03	lb	x22,-244(x11)	 x11:0x80008383 x22=0x00000044 PA:0x8000828f
       11035000	      1102	800012b0	03dedb03	lhu	x22,61(x29)	 x29:0x800085b7 x22=0x0000aeaf PA:0x800085f4
       11045000	      1103	800012b4	fcf99c03	lh	x24,-49(x19)	 x19:0x80008085 x24=0x00000e0f PA:0x80008054
       11055000	      1104	800012b8	fc1ec083	lbu	x1,-63(x29)	 x29:0x800085b7  x1=0x00000033 PA:0x80008578
       11065000	      1105	800012bc	0129cc83	lbu	x25,18(x19)	 x19:0x80008085 x25=0x0000004c PA:0x80008097
       11075000	      1106	800012c0	00dea283	lw	x5,13(x29)	 x29:0x800085b7  x5=0x7c7d7e7f PA:0x800085c4
       11085000	      1107	800012c4	01c5c383	lbu	x7,28(x11)	 x11:0x80008383  x7=0x00000054 PA:0x8000839f
       11095000	      1108	800012c8	06e58d83	lb	x27,110(x11)	 x11:0x80008383 x27=0xffffffaa PA:0x800083f1
       11105000	      1109	800012cc	fd498523	sb	x20,-54(x19)	 x19:0x80008085 x20:0x00000079 PA:0x8000804f
       11115000	      1110	800012d0	03fe9903	lh	x18,63(x29)	 x29:0x800085b7 x18=0xffffacad PA:0x800085f6
       11125000	      1111	800012d4	00007417	auipc	x8,0x7	  x8=0x800082d0
       11135000	      1112	800012d8	4e340413	addi	x8,x8,1251	  x8:0x800082d0  x8=0x800087b3
       11145000	      1113	800012dc	f82b3293	sltiu	x5,x22,-126	 x22:0x0000aeaf  x5=0x00000001
       11155000	      1114	800012e0	fd640c23	sb	x22,-40(x8)	  x8:0x800087b3 x22:0x0000aeaf PA:0x8000878b
       11165000	      1115	800012e4	7d81eb13	ori	x22,x3,2008	  x3:0x1c1d1e1f x22=0x1c1d1fdf
       11175000	      1116	800012e8	04b44b83	lbu	x23,75(x8)	  x8:0x800087b3 x23=0x00000065 PA:0x800087fe
       11185000	      1117	800012ec	ffc41aa3	sh	x28,-11(x8)	  x8:0x800087b3 x28:0xffffffc4 PA:0x800087a8
       11195000	      1118	800012f0	00b8e033	or	x0,x17,x11	 x17:0x0000006a x11:0x80008383
       11205000	      1119	800012f4	405384b3	sub	x9,x7,x5	  x7:0x00000054  x5:0x00000001  x9=0x00000053
       11215000	      1120	800012f8	41185b93	srai	x23,x16,0x11	 x16:0x00000000 x23=0x00000000
       11225000	      1121	800012fc	41d505b3	sub	x11,x10,x29	 x10:0x800085ac x29:0x800085b7 x11=0xfffffff5
       11235000	      1122	80001300	014374b3	and	x9,x6,x20	  x6:0x0000001c x20:0x00000079  x9=0x00000018
       11245000	      1123	80001304	f5f40b23	sb	x31,-170(x8)	  x8:0x800087b3 x31:0x000000fd PA:0x80008709
       11255000	      1124	80001308	02e40f23	sb	x14,62(x8)	  x8:0x800087b3 x14:0xffffffc4 PA:0x800087f1
       11265000	      1125	8000130c	30264f13	xori	x30,x12,770	 x12:0x00000044 x30=0x00000346
       11275000	      1126	80001310	f9140303	lb	x6,-111(x8)	  x8:0x800087b3  x6=0xffffffff PA:0x80008744
       11285000	      1127	80001314	f5741183	lh	x3,-169(x8)	  x8:0x800087b3  x3=0xffffb4c1 PA:0x8000870a
       11295000	      1128	80001318	010d3033	sltu	x0,x26,x16	 x26:0x00000084 x16:0x00000000
       11305000	      1129	8000131c	00d14d33	xor	x26,x2,x13	  x2:0x00004c4d x13:0x80009f70 x26=0x8000d33d
       11315000	      1130	80001320	e5ad0213	addi	x4,x26,-422	 x26:0x8000d33d  x4=0x8000d197
       11325000	      1131	80001324	0009ceb3	xor	x29,x19,x0	 x19:0x80008085  x0:0x00000000 x29=0x80008085
       11335000	      1132	80001328	ff840f03	lb	x30,-8(x8)	  x8:0x800087b3 x30=0x00000060 PA:0x800087ab
       11345000	      1133	8000132c	e5a77313	andi	x6,x14,-422	 x14:0xffffffc4  x6=0xfffffe40
       11355000	      1134	80001330	01875c33	srl	x24,x14,x24	 x14:0xffffffc4 x24:0x00000e0f x24=0x0001ffff
       11365000	      1135	80001334	f2a40b23	sb	x10,-202(x8)	  x8:0x800087b3 x10:0x800085ac PA:0x800086e9
       11375000	      1136	80001338	f9244c83	lbu	x25,-110(x8)	  x8:0x800087b3 x25=0x000000fe PA:0x80008745
       11385000	      1137	8000133c	fb240603	lb	x12,-78(x8)	  x8:0x800087b3 x12=0x0000001e PA:0x80008765
       11395000	      1138	80001340	04040e83	lb	x29,64(x8)	  x8:0x800087b3 x29=0xffffff81 PA:0x800087f3
       11405000	      1139	80001344	8a122993	slti	x19,x4,-1887	  x4:0x8000d197 x19=0x00000001
       11415000	      1140	80001348	06d5e293	ori	x5,x11,109	 x11:0xfffffff5  x5=0xfffffffd
       11425000	      1141	8000134c	28ee4f37	lui	x30,0x28ee4	 x30=0x28ee4000
       11435000	      1142	80001350	00be5f93	srli	x31,x28,0xb	 x28:0xffffffc4 x31=0x001fffff
       11445000	      1143	80001354	4013d493	srai	x9,x7,0x1	  x7:0x00000054  x9=0x0000002a
       11455000	      1144	80001358	416cd9b3	sra	x19,x25,x22	 x25:0x000000fe x22:0x1c1d1fdf x19=0x00000000
       11465000	      1145	8000135c	0243d663	bge	x7,x4,80001388	  x7:0x00000054  x4:0x8000d197
       11475000	      1146	00000000	00000013	addi	x0,x0,0	  x0:0x00000000
       11485000	      1147	80001384	00000013	addi	x0,x0,0	  x0:0x00000000
       11495000	      1148	80001388	00000013	addi	x0,x0,0	  x0:0x00000000
       11505000	      1149	8000138c	8bf46217	auipc	x4,0x8bf46	  x4=0x0bf47388
       11515000	      1150	80001390	1afdaf17	auipc	x30,0x1afda	 x30=0x9afdb38c
       11525000	      1151	80001394	41878b33	sub	x22,x15,x24	 x15:0x000000fd x24:0x0001ffff x22=0xfffe00fe
       11535000	      1152	80001398	01818bb3	add	x23,x3,x24	  x3:0xffffb4c1 x24:0x0001ffff x23=0x0001b4c0
       11545000	      1153	8000139c	01f36b33	or	x22,x6,x31	  x6:0xfffffe40 x31:0x001fffff x22=0xffffffff
       11555000	      1154	800013a0	015452b3	srl	x5,x8,x21	  x8:0x800087b3 x21:0x80009fc4  x5=0x0800087b
       11565000	      1155	800013a4	00eac463	blt	x21,x14,800013ac	 x21:0x80009fc4 x14:0xffffffc4
       11575000	      1156	00000000	00000013	addi	x0,x0,0	  x0:0x00000000
       11585000	      1157	800013a8	00000013	addi	x0,x0,0	  x0:0x00000000
       11595000	      1158	800013ac	01907033	and	x0,x0,x25	  x0:0x00000000 x25:0x000000fe
       11605000	      1159	800013b0	b3e33293	sltiu	x5,x6,-1218	  x6:0xfffffe40  x5=0x00000000
       11615000	      1160	800013b4	00329293	slli	x5,x5,0x3	  x5:0x00000000  x5=0x00000000
       11625000	      1161	800013b8	be24cb93	xori	x23,x9,-1054	  x9:0x0000002a x23=0xfffffbc8
       11635000	      1162	800013bc	254e4613	xori	x12,x28,596	 x28:0xffffffc4 x12=0xfffffd90
       11645000	      1163	800013c0	41a55933	sra	x18,x10,x26	 x10:0x800085ac x26:0x8000d33d x18=0xfffffffc
       11655000	      1164	800013c4	00d22bb3	slt	x23,x4,x13	  x4:0x0bf47388 x13:0x80009f70 x23=0x00000000
       11665000	      1165	800013c8	006c5263	bge	x24,x6,800013cc	 x24:0x0001ffff  x6:0xfffffe40
       11675000	      1166	00000000	00000013	addi	x0,x0,0	  x0:0x00000000
       11685000	      1167	800013c8	00000013	addi	x0,x0,0	  x0:0x00000000
       11695000	      1168	800013cc	01ae1f33	sll	x30,x28,x26	 x28:0xffffffc4 x26:0x8000d33d x30=0x80000000
       11705000	      1169	800013d0	ae0c2493	slti	x9,x24,-1312	 x24:0x0001ffff  x9=0x00000000
       11715000	      1170	800013d4	02f14863	blt	x2,x15,80001404	  x2:0x00004c4d x15:0x000000fd
       11725000	      1171	800013d8	018d23b3	slt	x7,x26,x24	 x26:0x8000d33d x24:0x0001ffff  x7=0x00000001
       11735000	      1172	800013dc	00809733	sll	x14,x1,x8	  x1:0x00000033  x8:0x800087b3 x14=0x01980000
       11745000	      1173	800013e0	01575213	srli	x4,x14,0x15	 x14:0x01980000  x4=0x0000000c
       11755000	      1174	800013e4	005b64b3	or	x9,x22,x5	 x22:0xffffffff  x5:0x00000000  x9=0xffffffff
       11765000	      1175	800013e8	0197b533	sltu	x10,x15,x25	 x15:0x000000fd x25:0x000000fe x10=0x00000001
       11775000	      1176	800013ec	90cd4c17	auipc	x24,0x90cd4	 x24=0x10cd53e8
       11785000	      1177	800013f0	017d6663	bltu	x26,x23,800013fc	 x26:0x8000d33d x23:0x00000000
       11795000	      1178	800013f4	112fac93	slti	x25,x31,274	 x31:0x001fffff x25=0x00000000
       11805000	      1179	800013f8	03348a63	beq	x9,x19,8000142c	  x9:0xffffffff x19:0x00000000
       11815000	      1180	800013fc	019dfdb3	and	x27,x27,x25	 x27:0xffffffaa x25:0x00000000 x27=0x00000000
       11825000	      1181	80001400	00c3fc63	bgeu	x7,x12,80001418	  x7:0x00000001 x12:0xfffffd90
       11835000	      1182	80001404	01340a33	add	x20,x8,x19	  x8:0x800087b3 x19:0x00000000 x20=0x800087b3
       11845000	      1183	80001408	00ad4733	xor	x14,x26,x10	 x26:0x8000d33d x10:0x00000001 x14=0x8000d33c
       11855000	      1184	8000140c	00723cb3	sltu	x25,x4,x7	  x4:0x0000000c  x7:0x00000001 x25=0x00000000
       11865000	      1185	80001410	40ba8bb3	sub	x23,x21,x11	 x21:0x80009fc4 x11:0xfffffff5 x23=0x80009fcf
       11875000	      1186	80001414	01019a63	bne	x3,x16,80001428	  x3:0xffffb4c1 x16:0x00000000
       11885000	      1187	00000000	00000013	addi	x0,x0,0	  x0:0x00000000
       11895000	      1188	80001424	00000013	addi	x0,x0,0	  x0:0x00000000
       11905000	      1189	80001428	97f08bb7	lui	x23,0x97f08	 x23=0x97f08000
       11915000	      1190	8000142c	ca043593	sltiu	x11,x8,-864	  x8:0x800087b3 x11=0x00000001
       11925000	      1191	80001430	faaef637	lui	x12,0xfaaef	 x12=0xfaaef000
       11935000	      1192	80001434	027b8663	beq	x23,x7,80001460	 x23:0x97f08000  x7:0x00000001
       11945000	      1193	80001438	56808513	addi	x10,x1,1384	  x1:0x00000033 x10=0x0000059b
       11955000	      1194	8000143c	00b65a63	bge	x12,x11,80001450	 x12:0xfaaef000 x11:0x00000001
       11965000	      1195	80001440	00623633	sltu	x12,x4,x6	  x4:0x0000000c  x6:0xfffffe40 x12=0x00000001
       11975000	      1196	80001444	bd06a513	slti	x10,x13,-1072	 x13:0x80009f70 x10=0x00000001
       11985000	      1197	80001448	40eb5c33	sra	x24,x22,x14	 x22:0xffffffff x14:0x8000d33c x24=0xffffffff
       11995000	      1198	8000144c	4136d033	sra	x0,x13,x19	 x13:0x80009f70 x19:0x00000000
       12005000	      1199	80001450	411182b3	sub	x5,x3,x17	  x3:0xffffb4c1 x17:0x0000006a  x5=0xffffb457
       12015000	      1200	80001454	009ec863	blt	x29,x9,80001464	 x29:0xffffff81  x9:0xffffffff
       12025000	      1201	00000000	00000013	addi	x0,x0,0	  x0:0x00000000
       12035000	      1202	80001460	00000013	addi	x0,x0,0	  x0:0x00000000
       12045000	      1203	80001464	01324cb3	xor	x25,x4,x19	  x4:0x0000000c x19:0x00000000 x25=0x0000000c
       12055000	      1204	80001468	40cc5113	srai	x2,x24,0xc	 x24:0xffffffff  x2=0xffffffff
       12065000	      1205	8000146c	41825bb3	sra	x23,x4,x24	  x4:0x0000000c x24:0xffffffff x23=0x00000000
       12075000	      1206	80001470	0095ad33	slt	x26,x11,x9	 x11:0x00000001  x9:0xffffffff x26=0x00000000
       12085000	      1207	80001474	e9363793	sltiu	x15,x12,-365	 x12:0x00000001 x15=0x00000001
       12095000	      1208	80001478	c52ef613	andi	x12,x29,-942	 x29:0xffffff81 x12=0xfffffc00
       12105000	      1209	8000147c	005c68b3	or	x17,x24,x5	 x24:0xffffffff  x5:0xffffb457 x17=0xffffffff
       12115000	      1210	80001480	35d55037	lui	x0,0x35d55	
       12125000	      1211	80001484	01a024b3	slt	x9,x0,x26	  x0:0x00000000 x26:0x00000000  x9=0x00000000
       12135000	      1212	80001488	401ede13	srai	x28,x29,0x1	 x29:0xffffff81 x28=0xffffffc0
       12145000	      1213	8000148c	04da9263	bne	x21,x13,800014d0	 x21:0x80009fc4 x13:0x80009f70
       12155000	      1214	00000000	00000013	addi	x0,x0,0	  x0:0x00000000
       12165000	      1215	800014cc	00000013	addi	x0,x0,0	  x0:0x00000000
       12175000	      1216	800014d0	03b8ca63	blt	x17,x27,80001504	 x17:0xffffffff x27:0x00000000
       12185000	      1217	00000000	00000013	addi	x0,x0,0	  x0:0x00000000
       12195000	      1218	80001500	00000013	addi	x0,x0,0	  x0:0x00000000
       12205000	      1219	80001504	04c3d063	bge	x7,x12,80001544	  x7:0x00000001 x12:0xfffffc00
       12215000	      1220	00000000	00000013	addi	x0,x0,0	  x0:0x00000000
       12225000	      1221	80001540	00000013	addi	x0,x0,0	  x0:0x00000000
       12235000	      1222	80001544	01944433	xor	x8,x8,x25	  x8:0x800087b3 x25:0x0000000c  x8=0x800087bf
       12245000	      1223	80001548	030d5063	bge	x26,x16,80001568	 x26:0x00000000 x16:0x00000000
       12255000	      1224	00000000	00000013	addi	x0,x0,0	  x0:0x00000000
       12265000	      1225	80001564	00000013	addi	x0,x0,0	  x0:0x00000000
       12275000	      1226	80001568	00000013	addi	x0,x0,0	  x0:0x00000000
       12285000	      1227	8000156c	01b625b3	slt	x11,x12,x27	 x12:0xfffffc00 x27:0x00000000 x11=0x00000001
       12295000	      1228	80001570	00ac1133	sll	x2,x24,x10	 x24:0xffffffff x10:0x00000001  x2=0xfffffffe
       12305000	      1229	80001574	41705733	sra	x14,x0,x23	  x0:0x00000000 x23:0x00000000 x14=0x00000000
       12315000	      1230	80001578	04cbe663	bltu	x23,x12,800015c4	 x23:0x00000000 x12:0xfffffc00
       12325000	      1231	00000000	00000013	addi	x0,x0,0	  x0:0x00000000
       12335000	      1232	800015c0	00000013	addi	x0,x0,0	  x0:0x00000000
       12345000	      1233	800015c4	d2e82793	slti	x15,x16,-722	 x16:0x00000000 x15=0x00000000
       12355000	      1234	800015c8	0017d013	srli	x0,x15,0x1	 x15:0x00000000
       12365000	      1235	800015cc	0398ca63	blt	x17,x25,80001600	 x17:0xffffffff x25:0x0000000c
       12375000	      1236	00000000	00000013	addi	x0,x0,0	  x0:0x00000000
       12385000	      1237	800015fc	00000013	addi	x0,x0,0	  x0:0x00000000
       12395000	      1238	80001600	ac7d6393	ori	x7,x26,-1337	 x26:0x00000000  x7=0xfffffac7
       12405000	      1239	80001604	d6df5117	auipc	x2,0xd6df5	  x2=0x56df6600
       12415000	      1240	80001608	0239f063	bgeu	x19,x3,80001628	 x19:0x00000000  x3:0xffffb4c1
       12425000	      1241	8000160c	403c81b3	sub	x3,x25,x3	 x25:0x0000000c  x3:0xffffb4c1  x3=0x00004b4b
       12435000	      1242	80001610	22af7b17	auipc	x22,0x22af7	 x22=0xa2af860c
       12445000	      1243	80001614	c011b597	auipc	x11,0xc011b	 x11=0x4011c610
       12455000	      1244	80001618	0cf8cd13	xori	x26,x17,207	 x17:0xffffffff x26=0xffffff30
       12465000	      1245	8000161c	0223ca63	blt	x7,x2,80001650	  x7:0xfffffac7  x2:0x56df6600
       12475000	      1246	00000000	00000013	addi	x0,x0,0	  x0:0x00000000
       12485000	      1247	8000164c	00000013	addi	x0,x0,0	  x0:0x00000000
       12495000	      1248	80001650	005301b3	add	x3,x6,x5	  x6:0xfffffe40  x5:0xffffb457  x3=0xffffb297
       12505000	      1249	80001654	00060633	add	x12,x12,x0	 x12:0xfffffc00  x0:0x00000000 x12=0xfffffc00
       12515000	      1250	80001658	00ad0633	add	x12,x26,x10	 x26:0xffffff30 x10:0x00000001 x12=0xffffff31
       12525000	      1251	8000165c	ba71c9b7	lui	x19,0xba71c	 x19=0xba71c000
       12535000	      1252	80001660	015704b3	add	x9,x14,x21	 x14:0x00000000 x21:0x80009fc4  x9=0x80009fc4
       12545000	      1253	80001664	6bdee213	ori	x4,x29,1725	 x29:0xffffff81  x4=0xffffffbd
       12555000	      1254	80001668	cdb8e213	ori	x4,x17,-805	 x17:0xffffffff  x4=0xffffffff
       12565000	      1255	8000166c	01eca033	slt	x0,x25,x30	 x25:0x0000000c x30:0x80000000
       12575000	      1256	80001670	77132213	slti	x4,x6,1905	  x6:0xfffffe40  x4=0x00000001
       12585000	      1257	80001674	0198f7b3	and	x15,x17,x25	 x17:0xffffffff x25:0x0000000c x15=0x0000000c
       12595000	      1258	80001678	037b6663	bltu	x22,x23,800016a4	 x22:0xa2af860c x23:0x00000000
       12605000	      1259	8000167c	00000013	addi	x0,x0,0	  x0:0x00000000
       12615000	      1260	80001680	00d163b3	or	x7,x2,x13	  x2:0x56df6600 x13:0x80009f70  x7=0xd6dfff70
       12625000	      1261	80001684	234a6493	ori	x9,x20,564	 x20:0x800087b3  x9=0x800087b7
       12635000	      1262	80001688	00260263	beq	x12,x2,8000168c	 x12:0xffffff31  x2:0x56df6600
       12645000	      1263	8000168c	ffdfc613	xori	x12,x31,-3	 x31:0x001fffff x12=0xffe00002
       12655000	      1264	80001690	77db6913	ori	x18,x22,1917	 x22:0xa2af860c x18=0xa2af877d
       12665000	      1265	80001694	4e877e93	andi	x29,x14,1256	 x14:0x00000000 x29=0x00000000
       12675000	      1266	80001698	40d55293	srai	x5,x10,0xd	 x10:0x00000001  x5=0x00000000
       12685000	      1267	8000169c	01b85663	bge	x16,x27,800016a8	 x16:0x00000000 x27:0x00000000
       12695000	      1268	00000000	00000013	addi	x0,x0,0	  x0:0x00000000
       12705000	      1269	800016a4	00000013	addi	x0,x0,0	  x0:0x00000000
       12715000	      1270	800016a8	01bde533	or	x10,x27,x27	 x27:0x00000000 x27:0x00000000 x10=0x00000000
       12725000	      1271	800016ac	0384ee63	bltu	x9,x24,800016e8	  x9:0x800087b7 x24:0xffffffff
       12735000	      1272	00000000	00000013	addi	x0,x0,0	  x0:0x00000000
       12745000	      1273	800016e4	00000013	addi	x0,x0,0	  x0:0x00000000
       12755000	      1274	800016e8	4127d493	srai	x9,x15,0x12	 x15:0x0000000c  x9=0x00000000
       12765000	      1275	800016ec	4085d093	srai	x1,x11,0x8	 x11:0x4011c610  x1=0x004011c6
       12775000	      1276	800016f0	02ba4463	blt	x20,x11,80001718	 x20:0x800087b3 x11:0x4011c610
       12785000	      1277	00000000	00000013	addi	x0,x0,0	  x0:0x00000000
       12795000	      1278	80001714	00000013	addi	x0,x0,0	  x0:0x00000000
       12805000	      1279	80001718	06996f93	ori	x31,x18,105	 x18:0xa2af877d x31=0xa2af877d
       12815000	      1280	8000171c	00f02133	slt	x2,x0,x15	  x0:0x00000000 x15:0x0000000c  x2=0x00000001
       12825000	      1281	80001720	01667663	bgeu	x12,x22,8000172c	 x12:0xffe00002 x22:0xa2af860c
       12835000	      1282	00000000	00000013	addi	x0,x0,0	  x0:0x00000000
       12845000	      1283	80001728	00000013	addi	x0,x0,0	  x0:0x00000000
       12855000	      1284	8000172c	88febf17	auipc	x30,0x88feb	 x30=0x08fec728
       12865000	      1285	80001730	01b539b3	sltu	x19,x10,x27	 x10:0x00000000 x27:0x00000000 x19=0x00000000
       12875000	      1286	80001734	8756b093	sltiu	x1,x13,-1931	 x13:0x80009f70  x1=0x00000001
       12885000	      1287	80001738	00007117	auipc	x2,0x7	  x2=0x80008734
       12895000	      1288	8000173c	c8510113	addi	x2,x2,-891	  x2:0x80008734  x2=0x800083b9
       12905000	      1289	80001740	32715203	lhu	x4,807(x2)	  x2:0x800083b9  x4=0x00009a9b PA:0x800086e0
       12915000	      1290	80001744	11a14283	lbu	x5,282(x2)	  x2:0x800083b9  x5=0x00000065 PA:0x800084d3
       12925000	      1291	80001748	11a10b83	lb	x23,282(x2)	  x2:0x800083b9 x23=0x00000065 PA:0x800084d3
       12935000	      1292	8000174c	1a3108a3	sb	x3,433(x2)	  x2:0x800083b9  x3:0xffffb297 PA:0x8000856a
       12945000	      1293	80001750	1b110903	lb	x18,433(x2)	  x2:0x800083b9 x18=0xffffff97 PA:0x8000856a
       12955000	      1294	80001754	01e39f13	slli	x30,x7,0x1e	  x7:0xd6dfff70 x30=0x00000000
       12965000	      1295	80001758	1a7108a3	sb	x7,433(x2)	  x2:0x800083b9  x7:0xd6dfff70 PA:0x8000856a
       12975000	      1296	8000175c	f3014d83	lbu	x27,-208(x2)	  x2:0x800083b9 x27=0x000000a2 PA:0x800082e9
       12985000	      1297	80001760	f3010503	lb	x10,-208(x2)	  x2:0x800083b9 x10=0xffffffa2 PA:0x800082e9
       12995000	      1298	80001764	f3014903	lbu	x18,-208(x2)	  x2:0x800083b9 x18=0x000000a2 PA:0x800082e9
       13005000	      1299	80001768	013df1b3	and	x3,x27,x19	 x27:0x000000a2 x19:0x00000000  x3=0x00000000
       13015000	      1300	8000176c	f3014583	lbu	x11,-208(x2)	  x2:0x800083b9 x11=0x000000a2 PA:0x800082e9
       13025000	      1301	80001770	3a410a03	lb	x20,932(x2)	  x2:0x800083b9 x20=0x00000016 PA:0x8000875d
       13035000	      1302	80001774	fdb121a3	sw	x27,-61(x2)	  x2:0x800083b9 x27:0x000000a2 PA:0x8000837c
       13045000	      1303	80001778	d9b15483	lhu	x9,-613(x2)	  x2:0x800083b9  x9=0x00000e0f PA:0x80008154
       13055000	      1304	8000177c	d9f11da3	sh	x31,-613(x2)	  x2:0x800083b9 x31:0xa2af877d PA:0x80008154
       13065000	      1305	80001780	400edf33	sra	x30,x29,x0	 x29:0x00000000  x0:0x00000000 x30=0x00000000
       13075000	      1306	80001784	01f08a33	add	x20,x1,x31	  x1:0x00000001 x31:0xa2af877d x20=0xa2af877e
       13085000	      1307	80001788	39610283	lb	x5,918(x2)	  x2:0x800083b9  x5=0x00000004 PA:0x8000874f
       13095000	      1308	8000178c	d1510523	sb	x21,-758(x2)	  x2:0x800083b9 x21:0x80009fc4 PA:0x800080c3
       13105000	      1309	80001790	0d640a13	addi	x20,x8,214	  x8:0x800087bf x20=0x80008895
       13115000	      1310	80001794	41b14083	lbu	x1,1051(x2)	  x2:0x800083b9  x1=0x0000008f PA:0x800087d4
       13125000	      1311	80001798	daf10ca3	sb	x15,-583(x2)	  x2:0x800083b9 x15:0x0000000c PA:0x80008172
       13135000	      1312	8000179c	da414a03	lbu	x20,-604(x2)	  x2:0x800083b9 x20=0x00000016 PA:0x8000815d
       13145000	      1313	800017a0	810ee317	auipc	x6,0x810ee	  x6=0x010ef79c
       13155000	      1314	800017a4	e7010003	lb	x0,-400(x2)	  x2:0x800083b9 PA:0x80008229
       13165000	      1315	800017a8	0112a033	slt	x0,x5,x17	  x5:0x00000004 x17:0xffffffff
       13175000	      1316	800017ac	01642433	slt	x8,x8,x22	  x8:0x800087bf x22:0xa2af860c  x8=0x00000001
       13185000	      1317	800017b0	00c0f8b3	and	x17,x1,x12	  x1:0x0000008f x12:0xffe00002 x17=0x00000002
       13195000	      1318	800017b4	d3cb5537	lui	x10,0xd3cb5	 x10=0xd3cb5000
       13205000	      1319	800017b8	00000013	addi	x0,x0,0	  x0:0x00000000
       13215000	      1320	800017bc	01977333	and	x6,x14,x25	 x14:0x00000000 x25:0x0000000c  x6=0x00000000
       13225000	      1321	800017c0	00220eb3	add	x29,x4,x2	  x4:0x00009a9b  x2:0x800083b9 x29=0x80011e54
       13235000	      1322	800017c4	908d0a13	addi	x20,x26,-1784	 x26:0xffffff30 x20=0xfffff838
       13245000	      1323	800017c8	ee288093	addi	x1,x17,-286	 x17:0x00000002  x1=0xfffffee4
       13255000	      1324	800017cc	db8c04b7	lui	x9,0xdb8c0	  x9=0xdb8c0000
       13265000	      1325	800017d0	00bce933	or	x18,x25,x11	 x25:0x0000000c x11:0x000000a2 x18=0x000000ae
       13275000	      1326	800017d4	01461113	slli	x2,x12,0x14	 x12:0xffe00002  x2=0x00200000
       13285000	      1327	800017d8	01244cb3	xor	x25,x8,x18	  x8:0x00000001 x18:0x000000ae x25=0x000000af
       13295000	      1328	800017dc	41ebd333	sra	x6,x23,x30	 x23:0x00000065 x30:0x00000000  x6=0x00000065
       13305000	      1329	800017e0	005b95b3	sll	x11,x23,x5	 x23:0x00000065  x5:0x00000004 x11=0x00000650
       13315000	      1330	800017e4	c6fc7b93	andi	x23,x24,-913	 x24:0xffffffff x23=0xfffffc6f
       13325000	      1331	800017e8	01808863	beq	x1,x24,800017f8	  x1:0xfffffee4 x24:0xffffffff
       13335000	      1332	800017ec	00751093	slli	x1,x10,0x7	 x10:0xd3cb5000  x1=0xe5a80000
       13345000	      1333	800017f0	fc1122b7	lui	x5,0xfc112	  x5=0xfc112000
       13355000	      1334	800017f4	63cc4017	auipc	x0,0x63cc4	
       13365000	      1335	800017f8	8b3b7b93	andi	x23,x22,-1869	 x22:0xa2af860c x23=0xa2af8000
       13375000	      1336	800017fc	015814b3	sll	x9,x16,x21	 x16:0x00000000 x21:0x80009fc4  x9=0x00000000
       13385000	      1337	80001800	05469263	bne	x13,x20,80001844	 x13:0x80009f70 x20:0xfffff838
       13395000	      1338	00000000	00000013	addi	x0,x0,0	  x0:0x00000000
       13405000	      1339	80001840	00000013	addi	x0,x0,0	  x0:0x00000000
       13415000	      1340	80001844	006d77b3	and	x15,x26,x6	 x26:0xffffff30  x6:0x00000065 x15=0x00000020
       13425000	      1341	80001848	01fff463	bgeu	x31,x31,80001850	 x31:0xa2af877d x31:0xa2af877d
       13435000	      1342	00000000	00000013	addi	x0,x0,0	  x0:0x00000000
       13445000	      1343	8000184c	00000013	addi	x0,x0,0	  x0:0x00000000
       13455000	      1344	80001850	008c2733	slt	x14,x24,x8	 x24:0xffffffff  x8:0x00000001 x14=0x00000001
       13465000	      1345	80001854	41568633	sub	x12,x13,x21	 x13:0x80009f70 x21:0x80009fc4 x12=0xffffffac
       13475000	      1346	80001858	000001b3	add	x3,x0,x0	  x0:0x00000000  x0:0x00000000  x3=0x00000000
       13485000	      1347	8000185c	f13e3f13	sltiu	x30,x28,-237	 x28:0xffffffc0 x30=0x00000000
       13495000	      1348	80001860	00c29733	sll	x14,x5,x12	  x5:0xfc112000 x12:0xffffffac x14=0x12000000
       13505000	      1349	80001864	78b44d13	xori	x26,x8,1931	  x8:0x00000001 x26=0x0000078a
       13515000	      1350	80001868	019857b3	srl	x15,x16,x25	 x16:0x00000000 x25:0x000000af x15=0x00000000
       13525000	      1351	8000186c	41f6db93	srai	x23,x13,0x1f	 x13:0x80009f70 x23=0xffffffff
       13535000	      1352	80001870	c6f1ed97	auipc	x27,0xc6f1e	 x27=0x46f1f86c
       13545000	      1353	80001874	025c8e63	beq	x25,x5,800018b0	 x25:0x000000af  x5:0xfc112000
       13555000	      1354	80001878	00d41993	slli	x19,x8,0xd	  x8:0x00000001 x19=0x00002000
       13565000	      1355	8000187c	01613f33	sltu	x30,x2,x22	  x2:0x00200000 x22:0xa2af860c x30=0x00000001
       13575000	      1356	80001880	00041a63	bne	x8,x0,80001894	  x8:0x00000001  x0:0x00000000
       13585000	      1357	00000000	00000013	addi	x0,x0,0	  x0:0x00000000
       13595000	      1358	80001890	00000013	addi	x0,x0,0	  x0:0x00000000
       13605000	      1359	80001894	0d336613	ori	x12,x6,211	  x6:0x00000065 x12=0x000000f7
       13615000	      1360	80001898	45739c17	auipc	x24,0x45739	 x24=0xc573a894
       13625000	      1361	8000189c	00000013	addi	x0,x0,0	  x0:0x00000000
       13635000	      1362	800018a0	40218bb3	sub	x23,x3,x2	  x3:0x00000000  x2:0x00200000 x23=0xffe00000
       13645000	      1363	800018a4	01eebfb3	sltu	x31,x29,x30	 x29:0x80011e54 x30:0x00000001 x31=0x00000000
       13655000	      1364	800018a8	3ea0b913	sltiu	x18,x1,1002	  x1:0xe5a80000 x18=0x00000000
       13665000	      1365	800018ac	40500933	sub	x18,x0,x5	  x0:0x00000000  x5:0xfc112000 x18=0x03eee000
       13675000	      1366	800018b0	40e28e33	sub	x28,x5,x14	  x5:0xfc112000 x14:0x12000000 x28=0xea112000
       13685000	      1367	800018b4	0203c463	blt	x7,x0,800018dc	  x7:0xd6dfff70  x0:0x00000000
       13695000	      1368	00000000	00000013	addi	x0,x0,0	  x0:0x00000000
       13705000	      1369	800018d8	00000013	addi	x0,x0,0	  x0:0x00000000
       13715000	      1370	800018dc	fc6f6d13	ori	x26,x30,-58	 x30:0x00000001 x26=0xffffffc7
       13725000	      1371	800018e0	407fd933	sra	x18,x31,x7	 x31:0x00000000  x7:0xd6dfff70 x18=0x00000000
       13735000	      1372	800018e4	3b9b0213	addi	x4,x22,953	 x22:0xa2af860c  x4=0xa2af89c5
       13745000	      1373	800018e8	00c10133	add	x2,x2,x12	  x2:0x00200000 x12:0x000000f7  x2=0x002000f7
       13755000	      1374	800018ec	01050e33	add	x28,x10,x16	 x10:0xd3cb5000 x16:0x00000000 x28=0xd3cb5000
       13765000	      1375	800018f0	034e6663	bltu	x28,x20,8000191c	 x28:0xd3cb5000 x20:0xfffff838
       13775000	      1376	00000000	00000013	addi	x0,x0,0	  x0:0x00000000
       13785000	      1377	80001918	00000013	addi	x0,x0,0	  x0:0x00000000
       13795000	      1378	8000191c	40fd5533	sra	x10,x26,x15	 x26:0xffffffc7 x15:0x00000000 x10=0xffffffc7
       13805000	      1379	80001920	01f415b3	sll	x11,x8,x31	  x8:0x00000001 x31:0x00000000 x11=0x00000001
       13815000	      1380	80001924	d3817713	andi	x14,x2,-712	  x2:0x002000f7 x14=0x00200030
       13825000	      1381	80001928	01c5b9b3	sltu	x19,x11,x28	 x11:0x00000001 x28:0xd3cb5000 x19=0x00000001
       13835000	      1382	8000192c	40a7ddb3	sra	x27,x15,x10	 x15:0x00000000 x10:0xffffffc7 x27=0x00000000
       13845000	      1383	80001930	b1ad8393	addi	x7,x27,-1254	 x27:0x00000000  x7=0xfffffb1a
       13855000	      1384	80001934	c5dfe093	ori	x1,x31,-931	 x31:0x00000000  x1=0xfffffc5d
       13865000	      1385	80001938	01db1db3	sll	x27,x22,x29	 x22:0xa2af860c x29:0x80011e54 x27=0x60c00000
       13875000	      1386	8000193c	01a9cc63	blt	x19,x26,80001954	 x19:0x00000001 x26:0xffffffc7
       13885000	      1387	80001940	7d378b13	addi	x22,x15,2003	 x15:0x00000000 x22=0x000007d3
       13895000	      1388	80001944	015a3eb3	sltu	x29,x20,x21	 x20:0xfffff838 x21:0x80009fc4 x29=0x00000000
       13905000	      1389	80001948	00000013	addi	x0,x0,0	  x0:0x00000000
       13915000	      1390	8000194c	8742ba13	sltiu	x20,x5,-1932	  x5:0xfc112000 x20=0x00000001
       13925000	      1391	80001950	02e1c863	blt	x3,x14,80001980	  x3:0x00000000 x14:0x00200030
       13935000	      1392	00000000	00000013	addi	x0,x0,0	  x0:0x00000000
       13945000	      1393	8000197c	00000013	addi	x0,x0,0	  x0:0x00000000
       13955000	      1394	80001980	413c4f93	xori	x31,x24,1043	 x24:0xc573a894 x31=0xc573ac87
       13965000	      1395	80001984	012f2733	slt	x14,x30,x18	 x30:0x00000001 x18:0x00000000 x14=0x00000000
       13975000	      1396	80001988	00f17263	bgeu	x2,x15,8000198c	  x2:0x002000f7 x15:0x00000000
       13985000	      1397	00000000	00000013	addi	x0,x0,0	  x0:0x00000000
       13995000	      1398	80001988	00000013	addi	x0,x0,0	  x0:0x00000000
       14005000	      1399	8000198c	40395493	srai	x9,x18,0x3	 x18:0x00000000  x9=0x00000000
       14015000	      1400	80001990	01295c33	srl	x24,x18,x18	 x18:0x00000000 x18:0x00000000 x24=0x00000000
       14025000	      1401	80001994	008a93b3	sll	x7,x21,x8	 x21:0x80009fc4  x8:0x00000001  x7=0x00013f88
       14035000	      1402	80001998	4013d733	sra	x14,x7,x1	  x7:0x00013f88  x1:0xfffffc5d x14=0x00000000
       14045000	      1403	8000199c	00331663	bne	x6,x3,800019a8	  x6:0x00000065  x3:0x00000000
       14055000	      1404	00000000	00000013	addi	x0,x0,0	  x0:0x00000000
       14065000	      1405	800019a4	00000013	addi	x0,x0,0	  x0:0x00000000
       14075000	      1406	800019a8	00ab1893	slli	x17,x22,0xa	 x22:0x000007d3 x17=0x001f4c00
       14085000	      1407	800019ac	195bb093	sltiu	x1,x23,405	 x23:0xffe00000  x1=0x00000000
       14095000	      1408	800019b0	008c4f33	xor	x30,x24,x8	 x24:0x00000000  x8:0x00000001 x30=0x00000001
       14105000	      1409	800019b4	01a48233	add	x4,x9,x26	  x9:0x00000000 x26:0xffffffc7  x4=0xffffffc7
       14115000	      1410	800019b8	40985bb3	sra	x23,x16,x9	 x16:0x00000000  x9:0x00000000 x23=0x00000000
       14125000	      1411	800019bc	31192793	slti	x15,x18,785	 x18:0x00000000 x15=0x00000001
       14135000	      1412	800019c0	01d0dc33	srl	x24,x1,x29	  x1:0x00000000 x29:0x00000000 x24=0x00000000
       14145000	      1413	800019c4	05789263	bne	x17,x23,80001a08	 x17:0x001f4c00 x23:0x00000000
       14155000	      1414	00000000	00000013	addi	x0,x0,0	  x0:0x00000000
       14165000	      1415	80001a04	00000013	addi	x0,x0,0	  x0:0x00000000
       14175000	      1416	80001a08	00551d93	slli	x27,x10,0x5	 x10:0xffffffc7 x27=0xfffff8e0
       14185000	      1417	80001a0c	44eff613	andi	x12,x31,1102	 x31:0xc573ac87 x12=0x00000406
       14195000	      1418	80001a10	017b5013	srli	x0,x22,0x17	 x22:0x000007d3
       14205000	      1419	80001a14	40ecdcb3	sra	x25,x25,x14	 x25:0x000000af x14:0x00000000 x25=0x000000af
       14215000	      1420	80001a18	62c16593	ori	x11,x2,1580	  x2:0x002000f7 x11=0x002006ff
       14225000	      1421	80001a1c	035f6a63	bltu	x30,x21,80001a50	 x30:0x00000001 x21:0x80009fc4
       14235000	      1422	00000000	00000013	addi	x0,x0,0	  x0:0x00000000
       14245000	      1423	80001a4c	00000013	addi	x0,x0,0	  x0:0x00000000
       14255000	      1424	80001a50	03e2e463	bltu	x5,x30,80001a78	  x5:0xfc112000 x30:0x00000001
       14265000	      1425	80001a54	011714b3	sll	x9,x14,x17	 x14:0x00000000 x17:0x001f4c00  x9=0x00000000
       14275000	      1426	80001a58	05e6a093	slti	x1,x13,94	 x13:0x80009f70  x1=0x00000001
       14285000	      1427	80001a5c	9e88a213	slti	x4,x17,-1560	 x17:0x001f4c00  x4=0x00000000
       14295000	      1428	80001a60	013d7e63	bgeu	x26,x19,80001a7c	 x26:0xffffffc7 x19:0x00000001
       14305000	      1429	00000000	00000013	addi	x0,x0,0	  x0:0x00000000
       14315000	      1430	80001a78	00000013	addi	x0,x0,0	  x0:0x00000000
       14325000	      1431	80001a7c	9a4f0f13	addi	x30,x30,-1628	 x30:0x00000001 x30=0xfffff9a5
       14335000	      1432	80001a80	00635633	srl	x12,x6,x6	  x6:0x00000065  x6:0x00000065 x12=0x00000003
       14345000	      1433	80001a84	8ede4993	xori	x19,x28,-1811	 x28:0xd3cb5000 x19=0x2c34a8ed
       14355000	      1434	80001a88	66506213	ori	x4,x0,1637	  x0:0x00000000  x4=0x00000665
       14365000	      1435	80001a8c	00b16e33	or	x28,x2,x11	  x2:0x002000f7 x11:0x002006ff x28=0x002006ff
       14375000	      1436	80001a90	010658b3	srl	x17,x12,x16	 x12:0x00000003 x16:0x00000000 x17=0x00000003
       14385000	      1437	80001a94	001fef33	or	x30,x31,x1	 x31:0xc573ac87  x1:0x00000001 x30=0xc573ac87
       14395000	      1438	80001a98	2641fb13	andi	x22,x3,612	  x3:0x00000000 x22=0x00000000
       14405000	      1439	80001a9c	40870db3	sub	x27,x14,x8	 x14:0x00000000  x8:0x00000001 x27=0xffffffff
       14415000	      1440	80001aa0	0048acb3	slt	x25,x17,x4	 x17:0x00000003  x4:0x00000665 x25=0x00000001
       14425000	      1441	80001aa4	01221913	slli	x18,x4,0x12	  x4:0x00000665 x18=0x19940000
       14435000	      1442	80001aa8	00996933	or	x18,x18,x9	 x18:0x19940000  x9:0x00000000 x18=0x19940000
       14445000	      1443	80001aac	01c70663	beq	x14,x28,80001ab8	 x14:0x00000000 x28:0x002006ff
       14455000	      1444	80001ab0	011cbfb3	sltu	x31,x25,x17	 x25:0x00000001 x17:0x00000003 x31=0x00000001
       14465000	      1445	80001ab4	00f3e933	or	x18,x7,x15	  x7:0x00013f88 x15:0x00000001 x18=0x00013f89
       14475000	      1446	80001ab8	40190cb3	sub	x25,x18,x1	 x18:0x00013f89  x1:0x00000001 x25=0x00013f88
       14485000	      1447	80001abc	4831a713	slti	x14,x3,1155	  x3:0x00000000 x14=0x00000001
       14495000	      1448	80001ac0	01446e63	bltu	x8,x20,80001adc	  x8:0x00000001 x20:0x00000001
       14505000	      1449	80001ac4	00464f33	xor	x30,x12,x4	 x12:0x00000003  x4:0x00000665 x30=0x00000666
       14515000	      1450	80001ac8	000e9933	sll	x18,x29,x0	 x29:0x00000000  x0:0x00000000 x18=0x00000000
       14525000	      1451	80001acc	00acc033	xor	x0,x25,x10	 x25:0x00013f88 x10:0xffffffc7
       14535000	      1452	80001ad0	6b16ba13	sltiu	x20,x13,1713	 x13:0x80009f70 x20=0x00000000
       14545000	      1453	80001ad4	2390c593	xori	x11,x1,569	  x1:0x00000001 x11=0x00000238
       14555000	      1454	80001ad8	40355133	sra	x2,x10,x3	 x10:0xffffffc7  x3:0x00000000  x2=0xffffffc7
       14565000	      1455	80001adc	026a7a63	bgeu	x20,x6,80001b10	 x20:0x00000000  x6:0x00000065
       14575000	      1456	80001ae0	00ed38b3	sltu	x17,x26,x14	 x26:0xffffffc7 x14:0x00000001 x17=0x00000000
       14585000	      1457	80001ae4	01cbeb33	or	x22,x23,x28	 x23:0x00000000 x28:0x002006ff x22=0x002006ff
       14595000	      1458	80001ae8	01f44263	blt	x8,x31,80001aec	  x8:0x00000001 x31:0x00000001
       14605000	      1459	80001aec	ad1a8713	addi	x14,x21,-1327	 x21:0x80009fc4 x14=0x80009a95
       14615000	      1460	80001af0	01f55593	srli	x11,x10,0x1f	 x10:0xffffffc7 x11=0x00000001
       14625000	      1461	80001af4	b35acb13	xori	x22,x21,-1227	 x21:0x80009fc4 x22=0x7fff64f1
       14635000	      1462	80001af8	4e967893	andi	x17,x12,1257	 x12:0x00000003 x17=0x00000001
       14645000	      1463	80001afc	2f154913	xori	x18,x10,753	 x10:0xffffffc7 x18=0xfffffd36
       14655000	      1464	80001b00	84adf993	andi	x19,x27,-1974	 x27:0xffffffff x19=0xfffff84a
       14665000	      1465	80001b04	01bfdc33	srl	x24,x31,x27	 x31:0x00000001 x27:0xffffffff x24=0x00000000
       14675000	      1466	80001b08	41050733	sub	x14,x10,x16	 x10:0xffffffc7 x16:0x00000000 x14=0xffffffc7
       14685000	      1467	80001b0c	3c17fcb7	lui	x25,0x3c17f	 x25=0x3c17f000
       14695000	      1468	80001b10	00229863	bne	x5,x2,80001b20	  x5:0xfc112000  x2:0xffffffc7
       14705000	      1469	00000000	00000013	addi	x0,x0,0	  x0:0x00000000
       14715000	      1470	80001b1c	00000013	addi	x0,x0,0	  x0:0x00000000
       14725000	      1471	80001b20	41a7dc33	sra	x24,x15,x26	 x15:0x00000001 x26:0xffffffc7 x24=0x00000000
       14735000	      1472	80001b24	01551263	bne	x10,x21,80001b28	 x10:0xffffffc7 x21:0x80009fc4
       14745000	      1473	00000000	00000013	addi	x0,x0,0	  x0:0x00000000
       14755000	      1474	80001b24	00000013	addi	x0,x0,0	  x0:0x00000000
       14765000	      1475	80001b28	400655b3	sra	x11,x12,x0	 x12:0x00000003  x0:0x00000000 x11=0x00000003
       14775000	      1476	80001b2c	41c6d613	srai	x12,x13,0x1c	 x13:0x80009f70 x12=0xfffffff8
       14785000	      1477	80001b30	84ea3d13	sltiu	x26,x20,-1970	 x20:0x00000000 x26=0x00000001
       14795000	      1478	80001b34	4041de93	srai	x29,x3,0x4	  x3:0x00000000 x29=0x00000000
       14805000	      1479	80001b38	00629b33	sll	x22,x5,x6	  x5:0xfc112000  x6:0x00000065 x22=0x82240000
       14815000	      1480	80001b3c	00ca59b3	srl	x19,x20,x12	 x20:0x00000000 x12:0xfffffff8 x19=0x00000000
       14825000	      1481	80001b40	35ca3c97	auipc	x25,0x35ca3	 x25=0xb5ca4b3c
       14835000	      1482	80001b44	d90b6937	lui	x18,0xd90b6	 x18=0xd90b6000
       14845000	      1483	80001b48	4152d393	srai	x7,x5,0x15	  x5:0xfc112000  x7=0xffffffe0
       14855000	      1484	80001b4c	019ec133	xor	x2,x29,x25	 x29:0x00000000 x25:0xb5ca4b3c  x2=0xb5ca4b3c
       14865000	      1485	80001b50	0f9772b7	lui	x5,0xf977	  x5=0x0f977000
       14875000	      1486	80001b54	401680b3	sub	x1,x13,x1	 x13:0x80009f70  x1:0x00000001  x1=0x80009f6f
       14885000	      1487	80001b58	0069f1b3	and	x3,x19,x6	 x19:0x00000000  x6:0x00000065  x3=0x00000000
       14895000	      1488	80001b5c	00eb1463	bne	x22,x14,80001b64	 x22:0x82240000 x14:0xffffffc7
       14905000	      1489	00000000	00000013	addi	x0,x0,0	  x0:0x00000000
       14915000	      1490	80001b60	00000013	addi	x0,x0,0	  x0:0x00000000
       14925000	      1491	80001b64	a39ffa13	andi	x20,x31,-1479	 x31:0x00000001 x20=0x00000001
       14935000	      1492	80001b68	9e8d2d93	slti	x27,x26,-1560	 x26:0x00000001 x27=0x00000000
       14945000	      1493	80001b6c	005d35b3	sltu	x11,x26,x5	 x26:0x00000001  x5:0x0f977000 x11=0x00000001
       14955000	      1494	80001b70	01219c33	sll	x24,x3,x18	  x3:0x00000000 x18:0xd90b6000 x24=0x00000000
       14965000	      1495	80001b74	01310133	add	x2,x2,x19	  x2:0xb5ca4b3c x19:0x00000000  x2=0xb5ca4b3c
       14975000	      1496	80001b78	026c6463	bltu	x24,x6,80001ba0	 x24:0x00000000  x6:0x00000065
       14985000	      1497	00000000	00000013	addi	x0,x0,0	  x0:0x00000000
       14995000	      1498	80001b9c	00000013	addi	x0,x0,0	  x0:0x00000000
       15005000	      1499	80001ba0	d63f6013	ori	x0,x30,-669	 x30:0x00000666
       15015000	      1500	80001ba4	00308933	add	x18,x1,x3	  x1:0x80009f6f  x3:0x00000000 x18=0x80009f6f
       15025000	      1501	80001ba8	00429a63	bne	x5,x4,80001bbc	  x5:0x0f977000  x4:0x00000665
       15035000	      1502	00000000	00000013	addi	x0,x0,0	  x0:0x00000000
       15045000	      1503	80001bb8	00000013	addi	x0,x0,0	  x0:0x00000000
       15055000	      1504	80001bbc	034f6663	bltu	x30,x20,80001be8	 x30:0x00000666 x20:0x00000001
       15065000	      1505	80001bc0	01040933	add	x18,x8,x16	  x8:0x00000001 x16:0x00000000 x18=0x00000001
       15075000	      1506	80001bc4	175f8313	addi	x6,x31,373	 x31:0x00000001  x6=0x00000176
       15085000	      1507	80001bc8	19097b13	andi	x22,x18,400	 x18:0x00000001 x22=0x00000000
       15095000	      1508	80001bcc	00000013	addi	x0,x0,0	  x0:0x00000000
       15105000	      1509	80001bd0	00000013	addi	x0,x0,0	  x0:0x00000000
       15115000	      1510	80001bd4	e09d0893	addi	x17,x26,-503	 x26:0x00000001 x17=0xfffffe0a
       15125000	      1511	80001bd8	0076d463	bge	x13,x7,80001be0	 x13:0x80009f70  x7:0xffffffe0
       15135000	      1512	80001bdc	01561093	slli	x1,x12,0x15	 x12:0xfffffff8  x1=0xff000000
       15145000	      1513	80001be0	41795213	srai	x4,x18,0x17	 x18:0x00000001  x4=0x00000000
       15155000	      1514	80001be4	2daa2213	slti	x4,x20,730	 x20:0x00000001  x4=0x00000001
       15165000	      1515	80001be8	0110ec63	bltu	x1,x17,80001c00	  x1:0xff000000 x17:0xfffffe0a
       15175000	      1516	00000000	00000013	addi	x0,x0,0	  x0:0x00000000
       15185000	      1517	80001bfc	00000013	addi	x0,x0,0	  x0:0x00000000
       15195000	      1518	80001c00	039a4a63	blt	x20,x25,80001c34	 x20:0x00000001 x25:0xb5ca4b3c
       15205000	      1519	80001c04	00049b33	sll	x22,x9,x0	  x9:0x00000000  x0:0x00000000 x22=0x00000000
       15215000	      1520	80001c08	417ed4b3	sra	x9,x29,x23	 x29:0x00000000 x23:0x00000000  x9=0x00000000
       15225000	      1521	80001c0c	007b8133	add	x2,x23,x7	 x23:0x00000000  x7:0xffffffe0  x2=0xffffffe0
       15235000	      1522	80001c10	043af663	bgeu	x21,x3,80001c5c	 x21:0x80009fc4  x3:0x00000000
       15245000	      1523	00000000	00000013	addi	x0,x0,0	  x0:0x00000000
       15255000	      1524	80001c58	00000013	addi	x0,x0,0	  x0:0x00000000
       15265000	      1525	80001c5c	03606e63	bltu	x0,x22,80001c98	  x0:0x00000000 x22:0x00000000
       15275000	      1526	80001c60	0274d663	bge	x9,x7,80001c8c	  x9:0x00000000  x7:0xffffffe0
       15285000	      1527	00000000	00000013	addi	x0,x0,0	  x0:0x00000000
       15295000	      1528	80001c88	00000013	addi	x0,x0,0	  x0:0x00000000
       15305000	      1529	80001c8c	03a54463	blt	x10,x26,80001cb4	 x10:0xffffffc7 x26:0x00000001
       15315000	      1530	00000000	00000013	addi	x0,x0,0	  x0:0x00000000
       15325000	      1531	80001cb0	00000013	addi	x0,x0,0	  x0:0x00000000
       15335000	      1532	80001cb4	011e5b93	srli	x23,x28,0x11	 x28:0x002006ff x23=0x00000010
       15345000	      1533	80001cb8	00849463	bne	x9,x8,80001cc0	  x9:0x00000000  x8:0x00000001
       15355000	      1534	00000000	00000013	addi	x0,x0,0	  x0:0x00000000
       15365000	      1535	80001cbc	00000013	addi	x0,x0,0	  x0:0x00000000
       15375000	      1536	80001cc0	00289e13	slli	x28,x17,0x2	 x17:0xfffffe0a x28=0xfffff828
       15385000	      1537	80001cc4	c6b54a13	xori	x20,x10,-917	 x10:0xffffffc7 x20=0x000003ac
       15395000	      1538	80001cc8	996fc193	xori	x3,x31,-1642	 x31:0x00000001  x3=0xfffff997
       15405000	      1539	80001ccc	99f74913	xori	x18,x14,-1633	 x14:0xffffffc7 x18=0x00000658
       15415000	      1540	80001cd0	00cfc0b3	xor	x1,x31,x12	 x31:0x00000001 x12:0xfffffff8  x1=0xfffffff9
       15425000	      1541	80001cd4	012de633	or	x12,x27,x18	 x27:0x00000000 x18:0x00000658 x12=0x00000658
       15435000	      1542	80001cd8	a3b74417	auipc	x8,0xa3b74	  x8=0x23b75cd4
       15445000	      1543	80001cdc	011e1663	bne	x28,x17,80001ce8	 x28:0xfffff828 x17:0xfffffe0a
       15455000	      1544	00000000	00000013	addi	x0,x0,0	  x0:0x00000000
       15465000	      1545	80001ce4	00000013	addi	x0,x0,0	  x0:0x00000000
       15475000	      1546	80001ce8	00338a63	beq	x7,x3,80001cfc	  x7:0xffffffe0  x3:0xfffff997
       15485000	      1547	80001cec	401559b3	sra	x19,x10,x1	 x10:0xffffffc7  x1:0xfffffff9 x19=0xffffffff
       15495000	      1548	80001cf0	41335093	srai	x1,x6,0x13	  x6:0x00000176  x1=0x00000000
       15505000	      1549	80001cf4	03501a63	bne	x0,x21,80001d28	  x0:0x00000000 x21:0x80009fc4
       15515000	      1550	00000000	00000013	addi	x0,x0,0	  x0:0x00000000
       15525000	      1551	80001d24	00000013	addi	x0,x0,0	  x0:0x00000000
       15535000	      1552	80001d28	3189e293	ori	x5,x19,792	 x19:0xffffffff  x5=0xffffffff
       15545000	      1553	80001d2c	61af3893	sltiu	x17,x30,1562	 x30:0x00000666 x17=0x00000000
       15555000	      1554	80001d30	01837033	and	x0,x6,x24	  x6:0x00000176 x24:0x00000000
       15565000	      1555	80001d34	01299f93	slli	x31,x19,0x12	 x19:0xffffffff x31=0xfffc0000
       15575000	      1556	80001d38	038b8463	beq	x23,x24,80001d60	 x23:0x00000010 x24:0x00000000
       15585000	      1557	80001d3c	0395ea63	bltu	x11,x25,80001d70	 x11:0x00000001 x25:0xb5ca4b3c
       15595000	      1558	00000000	00000013	addi	x0,x0,0	  x0:0x00000000
       15605000	      1559	80001d6c	00000013	addi	x0,x0,0	  x0:0x00000000
       15615000	      1560	80001d70	00000013	addi	x0,x0,0	  x0:0x00000000
       15625000	      1561	80001d74	404e8a33	sub	x20,x29,x4	 x29:0x00000000  x4:0x00000001 x20=0xffffffff
       15635000	      1562	80001d78	00000013	addi	x0,x0,0	  x0:0x00000000
       15645000	      1563	80001d7c	01d63233	sltu	x4,x12,x29	 x12:0x00000658 x29:0x00000000  x4=0x00000000
       15655000	      1564	80001d80	00ce41b3	xor	x3,x28,x12	 x28:0xfffff828 x12:0x00000658  x3=0xfffffe70
       15665000	      1565	80001d84	406a5593	srai	x11,x20,0x6	 x20:0xffffffff x11=0xffffffff
       15675000	      1566	80001d88	525dc793	xori	x15,x27,1317	 x27:0x00000000 x15=0x00000525
       15685000	      1567	80001d8c	1a012113	slti	x2,x2,416	  x2:0xffffffe0  x2=0x00000001
       15695000	      1568	80001d90	01936263	bltu	x6,x25,80001d94	  x6:0x00000176 x25:0xb5ca4b3c
       15705000	      1569	00000000	00000013	addi	x0,x0,0	  x0:0x00000000
       15715000	      1570	80001d90	00000013	addi	x0,x0,0	  x0:0x00000000
       15725000	      1571	80001d94	8f546437	lui	x8,0x8f546	  x8=0x8f546000
       15735000	      1572	80001d98	00e18cb3	add	x25,x3,x14	  x3:0xfffffe70 x14:0xffffffc7 x25=0xfffffe37
       15745000	      1573	80001d9c	c3147937	lui	x18,0xc3147	 x18=0xc3147000
       15755000	      1574	80001da0	e0207117	auipc	x2,0xe0207	  x2=0x60208d9c
       15765000	      1575	80001da4	40b6d433	sra	x8,x13,x11	 x13:0x80009f70 x11:0xffffffff  x8=0xffffffff
       15775000	      1576	80001da8	b4737413	andi	x8,x6,-1209	  x6:0x00000176  x8=0x00000146
       15785000	      1577	80001dac	0210c663	blt	x1,x1,80001dd8	  x1:0x00000000  x1:0x00000000
       15795000	      1578	80001db0	02a85a63	bge	x16,x10,80001de4	 x16:0x00000000 x10:0xffffffc7
       15805000	      1579	00000000	00000013	addi	x0,x0,0	  x0:0x00000000
       15815000	      1580	80001de0	00000013	addi	x0,x0,0	  x0:0x00000000
       15825000	      1581	80001de4	9be82213	slti	x4,x16,-1602	 x16:0x00000000  x4=0x00000000
       15835000	      1582	80001de8	0075ec63	bltu	x11,x7,80001e00	 x11:0xffffffff  x7:0xffffffe0
       15845000	      1583	80001dec	4082d893	srai	x17,x5,0x8	  x5:0xffffffff x17=0xffffffff
       15855000	      1584	80001df0	011cd313	srli	x6,x25,0x11	 x25:0xfffffe37  x6=0x00007fff
       15865000	      1585	80001df4	410689b3	sub	x19,x13,x16	 x13:0x80009f70 x16:0x00000000 x19=0x80009f70
       15875000	      1586	80001df8	407a81b3	sub	x3,x21,x7	 x21:0x80009fc4  x7:0xffffffe0  x3=0x80009fe4
       15885000	      1587	80001dfc	b4dab4b7	lui	x9,0xb4dab	  x9=0xb4dab000
       15895000	      1588	80001e00	017b8863	beq	x23,x23,80001e10	 x23:0x00000010 x23:0x00000010
       15905000	      1589	00000000	00000013	addi	x0,x0,0	  x0:0x00000000
       15915000	      1590	80001e0c	00000013	addi	x0,x0,0	  x0:0x00000000
       15925000	      1591	80001e10	01e907b3	add	x15,x18,x30	 x18:0xc3147000 x30:0x00000666 x15=0xc3147666
       15935000	      1592	80001e14	011d9863	bne	x27,x17,80001e24	 x27:0x00000000 x17:0xffffffff
       15945000	      1593	00000000	00000013	addi	x0,x0,0	  x0:0x00000000
       15955000	      1594	80001e20	00000013	addi	x0,x0,0	  x0:0x00000000
       15965000	      1595	80001e24	55e2b393	sltiu	x7,x5,1374	  x5:0xffffffff  x7=0x00000000
       15975000	      1596	80001e28	cf798293	addi	x5,x19,-777	 x19:0x80009f70  x5=0x80009c67
       15985000	      1597	80001e2c	01c422b3	slt	x5,x8,x28	  x8:0x00000146 x28:0xfffff828  x5=0x00000000
       15995000	      1598	80001e30	011b5193	srli	x3,x22,0x11	 x22:0x00000000  x3=0x00000000
       16005000	      1599	80001e34	411ed3b3	sra	x7,x29,x17	 x29:0x00000000 x17:0xffffffff  x7=0x00000000
       16015000	      1600	80001e38	4100d513	srai	x10,x1,0x10	  x1:0x00000000 x10=0x00000000
       16025000	      1601	80001e3c	32fcb713	sltiu	x14,x25,815	 x25:0xfffffe37 x14=0x00000000
       16035000	      1602	80001e40	00d60863	beq	x12,x13,80001e50	 x12:0x00000658 x13:0x80009f70
       16045000	      1603	80001e44	379e3113	sltiu	x2,x28,889	 x28:0xfffff828  x2=0x00000000
       16055000	      1604	80001e48	00e4a0b3	slt	x1,x9,x14	  x9:0xb4dab000 x14:0x00000000  x1=0x00000001
       16065000	      1605	80001e4c	80e988b7	lui	x17,0x80e98	 x17=0x80e98000
       16075000	      1606	80001e50	01ad7e63	bgeu	x26,x26,80001e6c	 x26:0x00000001 x26:0x00000001
       16085000	      1607	00000000	00000013	addi	x0,x0,0	  x0:0x00000000
       16095000	      1608	80001e68	00000013	addi	x0,x0,0	  x0:0x00000000
       16105000	      1609	80001e6c	00e55333	srl	x6,x10,x14	 x10:0x00000000 x14:0x00000000  x6=0x00000000
       16115000	      1610	80001e70	0170c933	xor	x18,x1,x23	  x1:0x00000001 x23:0x00000010 x18=0x00000011
       16125000	      1611	80001e74	05261063	bne	x12,x18,80001eb4	 x12:0x00000658 x18:0x00000011
       16135000	      1612	00000000	00000013	addi	x0,x0,0	  x0:0x00000000
       16145000	      1613	80001eb0	00000013	addi	x0,x0,0	  x0:0x00000000
       16155000	      1614	80001eb4	40658a33	sub	x20,x11,x6	 x11:0xffffffff  x6:0x00000000 x20=0xffffffff
       16165000	      1615	80001eb8	0192e2b3	or	x5,x5,x25	  x5:0x00000000 x25:0xfffffe37  x5=0xfffffe37
       16175000	      1616	80001ebc	8597b493	sltiu	x9,x15,-1959	 x15:0xc3147666  x9=0x00000001
       16185000	      1617	80001ec0	00b3cb33	xor	x22,x7,x11	  x7:0x00000000 x11:0xffffffff x22=0xffffffff
       16195000	      1618	80001ec4	0060d013	srli	x0,x1,0x6	  x1:0x00000001
       16205000	      1619	80001ec8	3f5ac797	auipc	x15,0x3f5ac	 x15=0xbf5adec4
       16215000	      1620	80001ecc	82d2f293	andi	x5,x5,-2003	  x5:0xfffffe37  x5=0xfffff825
       16225000	      1621	80001ed0	373bfdb7	lui	x27,0x373bf	 x27=0x373bf000
       16235000	      1622	80001ed4	62e57d13	andi	x26,x10,1582	 x10:0x00000000 x26=0x00000000
       16245000	      1623	80001ed8	c4b2e013	ori	x0,x5,-949	  x5:0xfffff825
       16255000	      1624	80001edc	00206863	bltu	x0,x2,80001eec	  x0:0x00000000  x2:0x00000000
       16265000	      1625	80001ee0	028bd463	bge	x23,x8,80001f08	 x23:0x00000010  x8:0x00000146
       16275000	      1626	80001ee4	00000013	addi	x0,x0,0	  x0:0x00000000
       16285000	      1627	80001ee8	6199fd93	andi	x27,x19,1561	 x19:0x80009f70 x27=0x00000610
       16295000	      1628	80001eec	00c80eb3	add	x29,x16,x12	 x16:0x00000000 x12:0x00000658 x29=0x00000658
       16305000	      1629	80001ef0	0116d893	srli	x17,x13,0x11	 x13:0x80009f70 x17=0x00004000
       16315000	      1630	80001ef4	40e85033	sra	x0,x16,x14	 x16:0x00000000 x14:0x00000000
       16325000	      1631	80001ef8	00af1393	slli	x7,x30,0xa	 x30:0x00000666  x7=0x00199800
       16335000	      1632	80001efc	00e95db3	srl	x27,x18,x14	 x18:0x00000011 x14:0x00000000 x27=0x00000011
       16345000	      1633	80001f00	00000013	addi	x0,x0,0	  x0:0x00000000
       16355000	      1634	80001f04	02f5d663	bge	x11,x15,80001f30	 x11:0xffffffff x15:0xbf5adec4
       16365000	      1635	00000000	00000013	addi	x0,x0,0	  x0:0x00000000
       16375000	      1636	80001f2c	00000013	addi	x0,x0,0	  x0:0x00000000
       16385000	      1637	80001f30	0285c063	blt	x11,x8,80001f50	 x11:0xffffffff  x8:0x00000146
       16395000	      1638	00000000	00000013	addi	x0,x0,0	  x0:0x00000000
       16405000	      1639	80001f4c	00000013	addi	x0,x0,0	  x0:0x00000000
       16415000	      1640	80001f50	01f393b3	sll	x7,x7,x31	  x7:0x00199800 x31:0xfffc0000  x7=0x00199800
       16425000	      1641	80001f54	0046ab03	lw	x22,4(x13)	 x13:0x80009f70 x22=0x80000580 PA:0x80009f74
       16435000	      1642	80001f58	00f3aa33	slt	x20,x7,x15	  x7:0x00199800 x15:0xbf5adec4 x20=0x00000000
       16445000	      1643	80001f5c	016f5b93	srli	x23,x30,0x16	 x30:0x00000666 x23=0x00000000
       16455000	      1644	80001f60	00000013	addi	x0,x0,0	  x0:0x00000000
       16465000	      1645	80001f64	01468693	addi	x13,x13,20	 x13:0x80009f70 x13=0x80009f84
       16475000	      1646	80001f68	01179613	slli	x12,x15,0x11	 x15:0xbf5adec4 x12=0xbd880000
       16485000	      1647	80001f6c	a1fe4313	xori	x6,x28,-1505	 x28:0xfffff828  x6=0x00000237
       16495000	      1648	80001f70	009e22b3	slt	x5,x28,x9	 x28:0xfffff828  x9:0x00000001  x5=0x00000001
       16505000	      1649	80001f74	00000013	addi	x0,x0,0	  x0:0x00000000
       16515000	      1650	80001f78	7dbbb313	sltiu	x6,x23,2011	 x23:0x00000000  x6=0x00000001
       16525000	      1651	80001f7c	001b0593	addi	x11,x22,1	 x22:0x80000580 x11=0x80000581
       16535000	      1652	80001f80	000585e7	jalr	x11,x11,0	 x11:0x80000581 x11=0x80001f80
       16545000	      1653	00000000	00000013	addi	x0,x0,0	  x0:0x00000000
       16555000	      1654	80000580	00000013	addi	x0,x0,0	  x0:0x00000000
       16565000	      1655	80000584	413ade13	srai	x28,x21,0x13	 x21:0x80009fc4 x28=0xfffff000
       16575000	      1656	80000588	00000817	auipc	x16,0x0	 x16=0x80000584
       16585000	      1657	8000058c	00c80813	addi	x16,x16,12	 x16:0x80000584 x16=0x80000590
       16595000	      1658	80000590	00080067	jalr	x0,x16,0	 x16:0x80000590
       16605000	      1659	00000000	00000013	addi	x0,x0,0	  x0:0x00000000
       16615000	      1660	80000590	00000013	addi	x0,x0,0	  x0:0x00000000
       16625000	      1661	80000594	00100193	addi	x3,x0,1	  x0:0x00000000  x3=0x00000001
       16635000	      1662	80000598	00000073	ecall	
       16645000	      1663	8000059c	41670433	sub	x8,x14,x22	 x14:0x00000000 x22:0x80000580  x8=0x7ffffa80
