		Time			Cycle	PC		Insn	Decoded instruction	Register and memory contents
          65000	         5	80000004	00000293	addi	x5,x0,0	  x0:0x00000000  x5=0x00000000
          75000	         6	80000008	00000313	addi	x6,x0,0	  x0:0x00000000  x6=0x00000000
          85000	         7	8000000c	00628263	beq	x5,x6,80000010	  x5:0x00000000  x6:0x00000000
          95000	         8	00000000	00000013	addi	x0,x0,0	  x0:0x00000000
         105000	         9	8000000c	00000013	addi	x0,x0,0	  x0:0x00000000
         115000	        10	80000010	00000c97	auipc	x25,0x0	 x25=0x8000000c
         125000	        11	80000014	00cc8c93	addi	x25,x25,12	 x25:0x8000000c x25=0x80000018
         135000	        12	80000018	000c8067	jalr	x0,x25,0	 x25:0x80000018
         145000	        13	00000000	00000013	addi	x0,x0,0	  x0:0x00000000
         155000	        14	80000018	00000013	addi	x0,x0,0	  x0:0x00000000
         165000	        15	8000001c	40000a37	lui	x20,0x40000	 x20=0x40000000
         175000	        16	80000020	100a0a13	addi	x20,x20,256	 x20:0x40000000 x20=0x40000100
         185000	        17	80000024	00000013	addi	x0,x0,0	  x0:0x00000000
         195000	        18	80000028	0000a717	auipc	x14,0xa	 x14=0x8000a024
         205000	        19	8000002c	fa070713	addi	x14,x14,-96	 x14:0x8000a024 x14=0x80009fc4
         215000	        20	80000030	00003a17	auipc	x20,0x3	 x20=0x8000302c
         225000	        21	80000034	924a0a13	addi	x20,x20,-1756	 x20:0x8000302c x20=0x80002950
         235000	        22	80000038	001a6a13	ori	x20,x20,1	 x20:0x80002950 x20=0x80002951
         245000	        23	8000003c	00000013	addi	x0,x0,0	  x0:0x00000000
         255000	        24	80000040	00000a17	auipc	x20,0x0	 x20=0x8000003c
         265000	        25	80000044	020a0a13	addi	x20,x20,32	 x20:0x8000003c x20=0x8000005c
         275000	        26	80000048	00000013	addi	x0,x0,0	  x0:0x00000000
         285000	        27	8000004c	00000013	addi	x0,x0,0	  x0:0x00000000
         295000	        28	80000050	00002a37	lui	x20,0x2	 x20=0x00002000
         305000	        29	80000054	800a0a13	addi	x20,x20,-2048	 x20:0x00002000 x20=0x00001800
         315000	        30	80000058	00000013	addi	x0,x0,0	  x0:0x00000000
         325000	        31	8000005c	00000013	addi	x0,x0,0	  x0:0x00000000
         335000	        32	80000060	f4ecb037	lui	x0,0xf4ecb	
         345000	        33	80000064	d8200013	addi	x0,x0,-638	  x0:0x00000000
         355000	        34	80000068	800000b7	lui	x1,0x80000	  x1=0x80000000
         365000	        35	8000006c	00c00113	addi	x2,x0,12	  x0:0x00000000  x2=0x0000000c
         375000	        36	80000070	00000193	addi	x3,x0,0	  x0:0x00000000  x3=0x00000000
         385000	        37	80000074	f63202b7	lui	x5,0xf6320	  x5=0xf6320000
         395000	        38	80000078	98428293	addi	x5,x5,-1660	  x5:0xf6320000  x5=0xf631f984
         405000	        39	8000007c	00300313	addi	x6,x0,3	  x0:0x00000000  x6=0x00000003
         415000	        40	80000080	f8dc03b7	lui	x7,0xf8dc0	  x7=0xf8dc0000
         425000	        41	80000084	42f38393	addi	x7,x7,1071	  x7:0xf8dc0000  x7=0xf8dc042f
         435000	        42	80000088	f33f5437	lui	x8,0xf33f5	  x8=0xf33f5000
         445000	        43	8000008c	64b40413	addi	x8,x8,1611	  x8:0xf33f5000  x8=0xf33f564b
         455000	        44	80000090	00000493	addi	x9,x0,0	  x0:0x00000000  x9=0x00000000
         465000	        45	80000094	80000537	lui	x10,0x80000	 x10=0x80000000
         475000	        46	80000098	00400593	addi	x11,x0,4	  x0:0x00000000 x11=0x00000004
         485000	        47	8000009c	00800613	addi	x12,x0,8	  x0:0x00000000 x12=0x00000008
         495000	        48	800000a0	00400693	addi	x13,x0,4	  x0:0x00000000 x13=0x00000004
         505000	        49	800000a4	39abf7b7	lui	x15,0x39abf	 x15=0x39abf000
         515000	        50	800000a8	18f78793	addi	x15,x15,399	 x15:0x39abf000 x15=0x39abf18f
         525000	        51	800000ac	11ad4837	lui	x16,0x11ad4	 x16=0x11ad4000
         535000	        52	800000b0	12e80813	addi	x16,x16,302	 x16:0x11ad4000 x16=0x11ad412e
         545000	        53	800000b4	00000893	addi	x17,x0,0	  x0:0x00000000 x17=0x00000000
         555000	        54	800000b8	fd6ee937	lui	x18,0xfd6ee	 x18=0xfd6ee000
         565000	        55	800000bc	d8090913	addi	x18,x18,-640	 x18:0xfd6ee000 x18=0xfd6edd80
         575000	        56	800000c0	6447e9b7	lui	x19,0x6447e	 x19=0x6447e000
         585000	        57	800000c4	10198993	addi	x19,x19,257	 x19:0x6447e000 x19=0x6447e101
         595000	        58	800000c8	00000a13	addi	x20,x0,0	  x0:0x00000000 x20=0x00000000
         605000	        59	800000cc	f7c70ab7	lui	x21,0xf7c70	 x21=0xf7c70000
         615000	        60	800000d0	0f6a8a93	addi	x21,x21,246	 x21:0xf7c70000 x21=0xf7c700f6
         625000	        61	800000d4	f32aeb37	lui	x22,0xf32ae	 x22=0xf32ae000
         635000	        62	800000d8	4e3b0b13	addi	x22,x22,1251	 x22:0xf32ae000 x22=0xf32ae4e3
         645000	        63	800000dc	8e0b6bb7	lui	x23,0x8e0b6	 x23=0x8e0b6000
         655000	        64	800000e0	159b8b93	addi	x23,x23,345	 x23:0x8e0b6000 x23=0x8e0b6159
         665000	        65	800000e4	80000c37	lui	x24,0x80000	 x24=0x80000000
         675000	        66	800000e8	f3bb5cb7	lui	x25,0xf3bb5	 x25=0xf3bb5000
         685000	        67	800000ec	683c8c93	addi	x25,x25,1667	 x25:0xf3bb5000 x25=0xf3bb5683
         695000	        68	800000f0	80000d37	lui	x26,0x80000	 x26=0x80000000
         705000	        69	800000f4	00300d93	addi	x27,x0,3	  x0:0x00000000 x27=0x00000003
         715000	        70	800000f8	00d00e13	addi	x28,x0,13	  x0:0x00000000 x28=0x0000000d
         725000	        71	800000fc	9153ceb7	lui	x29,0x9153c	 x29=0x9153c000
         735000	        72	80000100	6d7e8e93	addi	x29,x29,1751	 x29:0x9153c000 x29=0x9153c6d7
         745000	        73	80000104	f5720f37	lui	x30,0xf5720	 x30=0xf5720000
         755000	        74	80000108	6b7f0f13	addi	x30,x30,1719	 x30:0xf5720000 x30=0xf57206b7
         765000	        75	8000010c	00000f93	addi	x31,x0,0	  x0:0x00000000 x31=0x00000000
         775000	        76	80000110	0000a217	auipc	x4,0xa	  x4=0x8000a10c
         785000	        77	80000114	e7820213	addi	x4,x4,-392	  x4:0x8000a10c  x4=0x80009f84
         795000	        78	80000118	00008297	auipc	x5,0x8	  x5=0x80008114
         805000	        79	8000011c	41428293	addi	x5,x5,1044	  x5:0x80008114  x5=0x80008528
         815000	        80	80000120	00128003	lb	x0,1(x5)	  x5:0x80008528 PA:0x80008529
         825000	        81	80000124	ffd28f03	lb	x30,-3(x5)	  x5:0x80008528 x30=0xffffffde PA:0x80008525
         835000	        82	80000128	00008b17	auipc	x22,0x8	 x22=0x80008124
         845000	        83	8000012c	406b0b13	addi	x22,x22,1030	 x22:0x80008124 x22=0x8000852a
         855000	        84	80000130	00008897	auipc	x17,0x8	 x17=0x8000812c
         865000	        85	80000134	59988893	addi	x17,x17,1433	 x17:0x8000812c x17=0x800086c5
         875000	        86	80000138	00008097	auipc	x1,0x8	  x1=0x80008134
         885000	        87	8000013c	f6e08093	addi	x1,x1,-146	  x1:0x80008134  x1=0x800080a2
         895000	        88	80000140	fe18de83	lhu	x29,-31(x17)	 x17:0x800086c5 x29=0x00005c5d PA:0x800086a6
         905000	        89	80000144	00008197	auipc	x3,0x8	  x3=0x80008140
         915000	        90	80000148	17018193	addi	x3,x3,368	  x3:0x80008140  x3=0x800082b0
         925000	        91	8000014c	00829403	lh	x8,8(x5)	  x5:0x80008528  x8=0xffffeaeb PA:0x80008530
         935000	        92	80000150	01008d03	lb	x26,16(x1)	  x1:0x800080a2 x26=0x00000069 PA:0x800080b2
         945000	        93	80000154	c24b5983	lhu	x19,-988(x22)	 x22:0x8000852a x19=0x00000405 PA:0x8000814e
         955000	        94	80000158	fd988f23	sb	x25,-34(x17)	 x17:0x800086c5 x25:0xf3bb5683 PA:0x800086a3
         965000	        95	8000015c	b80b0523	sb	x0,-1142(x22)	 x22:0x8000852a  x0:0x00000000 PA:0x800080b4
         975000	        96	80000160	f1d186a3	sb	x29,-243(x3)	  x3:0x800082b0 x29:0x00005c5d PA:0x800081bd
         985000	        97	80000164	00128c03	lb	x24,1(x5)	  x5:0x80008528 x24=0xffffffe2 PA:0x80008529
         995000	        98	80000168	2a4b4c03	lbu	x24,676(x22)	 x22:0x8000852a x24=0x00000085 PA:0x800087ce
        1005000	        99	8000016c	b96b2503	lw	x10,-1130(x22)	 x22:0x8000852a x10=0x78797a7b PA:0x800080c0
        1015000	       100	80000170	fdb08a83	lb	x21,-37(x1)	  x1:0x800080a2 x21=0x00000036 PA:0x8000807d
        1025000	       101	80000174	0298c403	lbu	x8,41(x17)	 x17:0x800086c5  x8=0x000000a5 PA:0x800086ee
        1035000	       102	80000178	01c181a3	sb	x28,3(x3)	  x3:0x800082b0 x28:0x0000000d PA:0x800082b3
        1045000	       103	8000017c	00728683	lb	x13,7(x5)	  x5:0x80008528 x13=0xffffffe4 PA:0x8000852f
        1055000	       104	80000180	fe109623	sh	x1,-20(x1)	  x1:0x800080a2  x1:0x800080a2 PA:0x8000808e
        1065000	       105	80000184	d81b0723	sb	x1,-626(x22)	 x22:0x8000852a  x1:0x800080a2 PA:0x800082b8
        1075000	       106	80000188	00519d23	sh	x5,26(x3)	  x3:0x800082b0  x5:0x80008528 PA:0x800082ca
        1085000	       107	8000018c	03a08f03	lb	x30,58(x1)	  x1:0x800080a2 x30=0xffffff97 PA:0x800080dc
        1095000	       108	80000190	fef28ea3	sb	x15,-3(x5)	  x5:0x80008528 x15:0x39abf18f PA:0x80008525
        1105000	       109	80000194	06819783	lh	x15,104(x3)	  x3:0x800082b0 x15=0xffffd2d3 PA:0x80008318
        1115000	       110	80000198	01488403	lb	x8,20(x17)	 x17:0x800086c5  x8=0xffffff92 PA:0x800086d9
        1125000	       111	8000019c	ff12c483	lbu	x9,-15(x5)	  x5:0x80008528  x9=0x000000d2 PA:0x80008519
        1135000	       112	800001a0	00388c23	sb	x3,24(x17)	 x17:0x800086c5  x3:0x800082b0 PA:0x800086dd
        1145000	       113	800001a4	fe6185a3	sb	x6,-21(x3)	  x3:0x800082b0  x6:0x00000003 PA:0x8000829b
        1155000	       114	800001a8	160b1e23	sh	x0,380(x22)	 x22:0x8000852a  x0:0x00000000 PA:0x800086a6
        1165000	       115	800001ac	02e88023	sb	x14,32(x17)	 x17:0x800086c5 x14:0x80009fc4 PA:0x800086e5
        1175000	       116	800001b0	00a09b23	sh	x10,22(x1)	  x1:0x800080a2 x10:0x78797a7b PA:0x800080b8
        1185000	       117	800001b4	cf6b4983	lbu	x19,-778(x22)	 x22:0x8000852a x19=0x000000db PA:0x80008220
        1195000	       118	800001b8	fe589b83	lh	x23,-27(x17)	 x17:0x800086c5 x23=0x00006061 PA:0x800086aa
        1205000	       119	800001bc	ffd28603	lb	x12,-3(x5)	  x5:0x80008528 x12=0xffffff8f PA:0x80008525
        1215000	       120	800001c0	02d1c103	lbu	x2,45(x3)	  x3:0x800082b0  x2=0x00000096 PA:0x800082dd
        1225000	       121	800001c4	0f7b4003	lbu	x0,247(x22)	 x22:0x8000852a PA:0x80008621
        1235000	       122	800001c8	00009097	auipc	x1,0x9	  x1=0x800091c4
        1245000	       123	800001cc	9ad08093	addi	x1,x1,-1619	  x1:0x800091c4  x1=0x80008b71
        1255000	       124	800001d0	1d6a3c13	sltiu	x24,x20,470	 x20:0x00000000 x24=0x00000001
        1265000	       125	800001d4	2c70d183	lhu	x3,711(x1)	  x1:0x80008b71  x3=0x00002223 PA:0x80008e38
        1275000	       126	800001d8	741d7897	auipc	x17,0x741d7	 x17=0xf41d71d4
        1285000	       127	800001dc	00fd8633	add	x12,x27,x15	 x27:0x00000003 x15:0xffffd2d3 x12=0xffffd2d6
        1295000	       128	800001e0	01b61813	slli	x16,x12,0x1b	 x12:0xffffd2d6 x16=0xb0000000
        1305000	       129	800001e4	400e8333	sub	x6,x29,x0	 x29:0x00005c5d  x0:0x00000000  x6=0x00005c5d
        1315000	       130	800001e8	01928eb3	add	x29,x5,x25	  x5:0x80008528 x25:0xf3bb5683 x29=0x73bbdbab
        1325000	       131	800001ec	1cb09383	lh	x7,459(x1)	  x1:0x80008b71  x7=0x00002627 PA:0x80008d3c
        1335000	       132	00000000	00000013	addi	x0,x0,0	  x0:0x00000000
        1345000	       133	800001f0	00939c13	slli	x24,x7,0x9	  x7:0x00002627 x24=0x004c4e00
        1355000	       134	800001f4	2d886113	ori	x2,x16,728	 x16:0xb0000000  x2=0xb00002d8
        1365000	       135	800001f8	dce0cd83	lbu	x27,-562(x1)	  x1:0x80008b71 x27=0x00000024 PA:0x8000893f
        1375000	       136	800001fc	00abd4b3	srl	x9,x23,x10	 x23:0x00006061 x10:0x78797a7b  x9=0x00000000
        1385000	       137	80000200	00531013	slli	x0,x6,0x5	  x6:0x00005c5d
        1395000	       138	80000204	00000013	addi	x0,x0,0	  x0:0x00000000
        1405000	       139	80000208	edc0ca83	lbu	x21,-292(x1)	  x1:0x80008b71 x21=0x00000036 PA:0x80008a4d
        1415000	       140	8000020c	012937b3	sltu	x15,x18,x18	 x18:0xfd6edd80 x18:0xfd6edd80 x15=0x00000000
        1425000	       141	80000210	41d80b33	sub	x22,x16,x29	 x16:0xb0000000 x29:0x73bbdbab x22=0x3c442455
        1435000	       142	80000214	6a2ecd13	xori	x26,x29,1698	 x29:0x73bbdbab x26=0x73bbdd09
        1445000	       143	80000218	3830a983	lw	x19,899(x1)	  x1:0x80008b71 x19=0xdcdddedf PA:0x80008ef4
        1455000	       144	8000021c	011b6db3	or	x27,x22,x17	 x22:0x3c442455 x17:0xf41d71d4 x27=0xfc5d75d5
        1465000	       145	80000220	01fd7b33	and	x22,x26,x31	 x26:0x73bbdd09 x31:0x00000000 x22=0x00000000
        1475000	       146	80000224	00e08903	lb	x18,14(x1)	  x1:0x80008b71 x18=0x00000064 PA:0x80008b7f
        1485000	       147	80000228	010601b3	add	x3,x12,x16	 x12:0xffffd2d6 x16:0xb0000000  x3=0xafffd2d6
        1495000	       148	8000022c	4049dc33	sra	x24,x19,x4	 x19:0xdcdddedf  x4:0x80009f84 x24=0xfdcddded
        1505000	       149	80000230	af04fa13	andi	x20,x9,-1296	  x9:0x00000000 x20=0x00000000
        1515000	       150	80000234	4144d993	srai	x19,x9,0x14	  x9:0x00000000 x19=0x00000000
        1525000	       151	80000238	07e0c003	lbu	x0,126(x1)	  x1:0x80008b71 PA:0x80008bef
        1535000	       152	8000023c	01911013	slli	x0,x2,0x19	  x2:0xb00002d8
        1545000	       153	80000240	6566ad13	slti	x26,x13,1622	 x13:0xffffffe4 x26=0x00000001
        1555000	       154	80000244	8de332b7	lui	x5,0x8de33	  x5=0x8de33000
        1565000	       155	80000248	4118d2b3	sra	x5,x17,x17	 x17:0xf41d71d4 x17:0xf41d71d4  x5=0xffffff41
        1575000	       156	8000024c	227cc937	lui	x18,0x227cc	 x18=0x227cc000
        1585000	       157	80000250	d1009da3	sh	x16,-741(x1)	  x1:0x80008b71 x16:0xb0000000 PA:0x8000888c
        1595000	       158	80000254	28008483	lb	x9,640(x1)	  x1:0x80008b71  x9=0xffffffda PA:0x80008df1
        1605000	       159	80000258	2da08e23	sb	x26,732(x1)	  x1:0x80008b71 x26:0x00000001 PA:0x80008e4d
        1615000	       160	8000025c	31fa2913	slti	x18,x20,799	 x20:0x00000000 x18=0x00000001
        1625000	       161	80000260	812cad13	slti	x26,x25,-2030	 x25:0xf3bb5683 x26=0x00000001
        1635000	       162	80000264	e820ca03	lbu	x20,-382(x1)	  x1:0x80008b71 x20=0x000000d8 PA:0x800089f3
        1645000	       163	80000268	f770c683	lbu	x13,-137(x1)	  x1:0x80008b71 x13=0x000000d3 PA:0x80008ae8
        1655000	       164	8000026c	00000013	addi	x0,x0,0	  x0:0x00000000
        1665000	       165	80000270	eae0c383	lbu	x7,-338(x1)	  x1:0x80008b71  x7=0x00000004 PA:0x80008a1f
        1675000	       166	80000274	41a45513	srai	x10,x8,0x1a	  x8:0xffffff92 x10=0xffffffff
        1685000	       167	80000278	fb708da3	sb	x23,-69(x1)	  x1:0x80008b71 x23:0x00006061 PA:0x80008b2c
        1695000	       168	8000027c	00008a17	auipc	x20,0x8	 x20=0x80008278
        1705000	       169	80000280	2bea0a13	addi	x20,x20,702	 x20:0x80008278 x20=0x80008536
        1715000	       170	80000284	f90a02a3	sb	x16,-123(x20)	 x20:0x80008536 x16:0xb0000000 PA:0x800084bb
        1725000	       171	80000288	f8fa02a3	sb	x15,-123(x20)	 x20:0x80008536 x15:0x00000000 PA:0x800084bb
        1735000	       172	8000028c	f9ca4083	lbu	x1,-100(x20)	 x20:0x80008536  x1=0x00000089 PA:0x800084d2
        1745000	       173	80000290	f9ca4803	lbu	x16,-100(x20)	 x20:0x80008536 x16=0x00000089 PA:0x800084d2
        1755000	       174	80000294	accb0313	addi	x6,x22,-1332	 x22:0x00000000  x6=0xfffffacc
        1765000	       175	80000298	0a1a4483	lbu	x9,161(x20)	 x20:0x80008536  x9=0x0000008c PA:0x800085d7
        1775000	       176	8000029c	0a1a0d83	lb	x27,161(x20)	 x20:0x80008536 x27=0xffffff8c PA:0x800085d7
        1785000	       177	800002a0	1861ce17	auipc	x28,0x1861c	 x28=0x9861c29c
        1795000	       178	800002a4	0a1a4103	lbu	x2,161(x20)	 x20:0x80008536  x2=0x0000008c PA:0x800085d7
        1805000	       179	800002a8	0a1a4c03	lbu	x24,161(x20)	 x20:0x80008536 x24=0x0000008c PA:0x800085d7
        1815000	       180	800002ac	0bea00a3	sb	x30,161(x20)	 x20:0x80008536 x30:0xffffff97 PA:0x800085d7
        1825000	       181	800002b0	009ec9b3	xor	x19,x29,x9	 x29:0x73bbdbab  x9:0x0000008c x19=0x73bbdb27
        1835000	       182	800002b4	0a1a4683	lbu	x13,161(x20)	 x20:0x80008536 x13=0x00000097 PA:0x800085d7
        1845000	       183	800002b8	b4f32993	slti	x19,x6,-1201	  x6:0xfffffacc x19=0x00000001
        1855000	       184	800002bc	18fa2a13	slti	x20,x20,399	 x20:0x80008536 x20=0x00000001
        1865000	       185	800002c0	000b00b3	add	x1,x22,x0	 x22:0x00000000  x0:0x00000000  x1=0x00000000
        1875000	       186	800002c4	0025f033	and	x0,x11,x2	 x11:0x00000004  x2:0x0000008c
        1885000	       187	800002c8	00d5a633	slt	x12,x11,x13	 x11:0x00000004 x13:0x00000097 x12=0x00000001
        1895000	       188	800002cc	40fd0ab3	sub	x21,x26,x15	 x26:0x00000001 x15:0x00000000 x21=0x00000001
        1905000	       189	800002d0	00491993	slli	x19,x18,0x4	 x18:0x00000001 x19=0x00000010
        1915000	       190	800002d4	01b81f13	slli	x30,x16,0x1b	 x16:0x00000089 x30=0x48000000
        1925000	       191	800002d8	02964063	blt	x12,x9,800002f8	 x12:0x00000001  x9:0x0000008c
        1935000	       192	00000000	00000013	addi	x0,x0,0	  x0:0x00000000
        1945000	       193	800002f4	00000013	addi	x0,x0,0	  x0:0x00000000
        1955000	       194	800002f8	00be5663	bge	x28,x11,80000304	 x28:0x9861c29c x11:0x00000004
        1965000	       195	800002fc	01761263	bne	x12,x23,80000300	 x12:0x00000001 x23:0x00006061
        1975000	       196	00000000	00000013	addi	x0,x0,0	  x0:0x00000000
        1985000	       197	800002fc	00000013	addi	x0,x0,0	  x0:0x00000000
        1995000	       198	80000300	022f9663	bne	x31,x2,8000032c	 x31:0x00000000  x2:0x0000008c
        2005000	       199	00000000	00000013	addi	x0,x0,0	  x0:0x00000000
        2015000	       200	80000328	00000013	addi	x0,x0,0	  x0:0x00000000
        2025000	       201	8000032c	41c3dbb3	sra	x23,x7,x28	  x7:0x00000004 x28:0x9861c29c x23=0x00000000
        2035000	       202	80000330	002bf6b3	and	x13,x23,x2	 x23:0x00000000  x2:0x0000008c x13=0x00000000
        2045000	       203	80000334	010efc63	bgeu	x29,x16,8000034c	 x29:0x73bbdbab x16:0x00000089
        2055000	       204	00000000	00000013	addi	x0,x0,0	  x0:0x00000000
        2065000	       205	80000348	00000013	addi	x0,x0,0	  x0:0x00000000
        2075000	       206	8000034c	647e4197	auipc	x3,0x647e4	  x3=0xe47e4348
        2085000	       207	80000350	00289433	sll	x8,x17,x2	 x17:0xf41d71d4  x2:0x0000008c  x8=0xd71d4000
        2095000	       208	80000354	139903b7	lui	x7,0x13990	  x7=0x13990000
        2105000	       209	80000358	00002b97	auipc	x23,0x2	 x23=0x80002354
        2115000	       210	8000035c	bf0b8b93	addi	x23,x23,-1040	 x23:0x80002354 x23=0x80001f44
        2125000	       211	80000360	26206693	ori	x13,x0,610	  x0:0x00000000 x13=0x00000262
        2135000	       212	80000364	e48b8b93	addi	x23,x23,-440	 x23:0x80001f44 x23=0x80001d8c
        2145000	       213	80000368	0018c133	xor	x2,x17,x1	 x17:0xf41d71d4  x1:0x00000000  x2=0xf41d71d4
        2155000	       214	8000036c	01c5c6b3	xor	x13,x11,x28	 x11:0x00000004 x28:0x9861c29c x13=0x9861c298
        2165000	       215	80000370	f751c7b7	lui	x15,0xf751c	 x15=0xf751c000
        2175000	       216	80000374	82cbcf93	xori	x31,x23,-2004	 x23:0x80001d8c x31=0x7fffe5a0
        2185000	       217	80000378	0051c0b3	xor	x1,x3,x5	  x3:0xe47e4348  x5:0xffffff41  x1=0x1b81bc09
        2195000	       218	8000037c	01f04463	blt	x0,x31,80000384	  x0:0x00000000 x31:0x7fffe5a0
        2205000	       219	00000000	00000013	addi	x0,x0,0	  x0:0x00000000
        2215000	       220	80000380	00000013	addi	x0,x0,0	  x0:0x00000000
        2225000	       221	80000384	1b8b8c67	jalr	x24,x23,440	 x23:0x80001d8c x24=0x80000384
        2235000	       222	00000000	00000013	addi	x0,x0,0	  x0:0x00000000
        2245000	       223	80001f44	00000013	addi	x0,x0,0	  x0:0x00000000
        2255000	       224	80001f48	44f75eb7	lui	x29,0x44f75	 x29=0x44f75000
        2265000	       225	80001f4c	012c1d13	slli	x26,x24,0x12	 x24:0x80000384 x26=0x0e100000
        2275000	       226	80001f50	aeaccb13	xori	x22,x25,-1302	 x25:0xf3bb5683 x22=0x0c44ac69
        2285000	       227	80001f54	0077b133	sltu	x2,x15,x7	 x15:0xf751c000  x7:0x13990000  x2=0x00000000
        2295000	       228	80001f58	ff020213	addi	x4,x4,-16	  x4:0x80009f84  x4=0x80009f74
        2305000	       229	80001f5c	004fd9b3	srl	x19,x31,x4	 x31:0x7fffe5a0  x4:0x80009f74 x19=0x000007ff
        2315000	       230	80001f60	00cc38b3	sltu	x17,x24,x12	 x24:0x80000384 x12:0x00000001 x17=0x00000000
        2325000	       231	80001f64	00000013	addi	x0,x0,0	  x0:0x00000000
        2335000	       232	80001f68	dd63c013	xori	x0,x7,-554	  x7:0x13990000
        2345000	       233	80001f6c	105de693	ori	x13,x27,261	 x27:0xffffff8c x13=0xffffff8d
        2355000	       234	80001f70	01822223	sw	x24,4(x4)	  x4:0x80009f74 x24:0x80000384 PA:0x80009f78
        2365000	       235	80001f74	01ee4ab3	xor	x21,x28,x30	 x28:0x9861c29c x30:0x48000000 x21=0xd061c29c
        2375000	       236	80001f78	0015fdb3	and	x27,x11,x1	 x11:0x00000004  x1:0x1b81bc09 x27=0x00000000
        2385000	       237	80001f7c	0031b133	sltu	x2,x3,x3	  x3:0xe47e4348  x3:0xe47e4348  x2=0x00000000
        2395000	       238	80001f80	d1100e13	addi	x28,x0,-751	  x0:0x00000000 x28=0xfffffd11
        2405000	       239	80001f84	7c600893	addi	x17,x0,1990	  x0:0x00000000 x17=0x000007c6
        2415000	       240	80001f88	013f3eb3	sltu	x29,x30,x19	 x30:0x48000000 x19:0x000007ff x29=0x00000000
        2425000	       241	80001f8c	00000013	addi	x0,x0,0	  x0:0x00000000
        2435000	       242	80001f90	00d70e63	beq	x14,x13,80001fac	 x14:0x80009fc4 x13:0xffffff8d
        2445000	       243	80001f94	408e0533	sub	x10,x28,x8	 x28:0xfffffd11  x8:0xd71d4000 x10=0x28e2bd11
        2455000	       244	80001f98	0068feb3	and	x29,x17,x6	 x17:0x000007c6  x6:0xfffffacc x29=0x000002c4
        2465000	       245	80001f9c	07b4ea93	ori	x21,x9,123	  x9:0x0000008c x21=0x000000ff
        2475000	       246	80001fa0	40d05613	srai	x12,x0,0xd	  x0:0x00000000 x12=0x00000000
        2485000	       247	80001fa4	4198dab3	sra	x21,x17,x25	 x17:0x000007c6 x25:0xf3bb5683 x21=0x000000f8
        2495000	       248	80001fa8	41e6d133	sra	x2,x13,x30	 x13:0xffffff8d x30:0x48000000  x2=0xffffff8d
        2505000	       249	80001fac	009d78b3	and	x17,x26,x9	 x26:0x0e100000  x9:0x0000008c x17=0x00000000
        2515000	       250	80001fb0	0199fd33	and	x26,x19,x25	 x19:0x000007ff x25:0xf3bb5683 x26=0x00000683
        2525000	       251	80001fb4	00422c03	lw	x24,4(x4)	  x4:0x80009f74 x24=0x80000384 PA:0x80009f78
        2535000	       252	80001fb8	40e2d0b3	sra	x1,x5,x14	  x5:0xffffff41 x14:0x80009fc4  x1=0xfffffff4
        2545000	       253	80001fbc	41a85613	srai	x12,x16,0x1a	 x16:0x00000089 x12=0x00000000
        2555000	       254	80001fc0	357ffa17	auipc	x20,0x357ff	 x20=0xb5800fbc
        2565000	       255	80001fc4	0146d5b3	srl	x11,x13,x20	 x13:0xffffff8d x20:0xb5800fbc x11=0x0000000f
        2575000	       256	80001fc8	412ade93	srai	x29,x21,0x12	 x21:0x000000f8 x29=0x00000000
        2585000	       257	80001fcc	410bd993	srai	x19,x23,0x10	 x23:0x80001d8c x19=0xffff8000
        2595000	       258	80001fd0	00aac133	xor	x2,x21,x10	 x21:0x000000f8 x10:0x28e2bd11  x2=0x28e2bde9
        2605000	       259	80001fd4	01020213	addi	x4,x4,16	  x4:0x80009f74  x4=0x80009f84
        2615000	       260	80001fd8	85fd05b7	lui	x11,0x85fd0	 x11=0x85fd0000
        2625000	       261	80001fdc	001c0893	addi	x17,x24,1	 x24:0x80000384 x17=0x80000385
        2635000	       262	80001fe0	000888e7	jalr	x17,x17,0	 x17:0x80000385 x17=0x80001fe0
        2645000	       263	00000000	00000013	addi	x0,x0,0	  x0:0x00000000
        2655000	       264	80000384	00000013	addi	x0,x0,0	  x0:0x00000000
        2665000	       265	80000388	02d6ec63	bltu	x13,x13,800003c0	 x13:0xffffff8d x13:0xffffff8d
        2675000	       266	8000038c	01b5dfb3	srl	x31,x11,x27	 x11:0x85fd0000 x27:0x00000000 x31=0x85fd0000
        2685000	       267	80000390	f0966a93	ori	x21,x12,-247	 x12:0x00000000 x21=0xffffff09
        2695000	       268	80000394	00b9aa13	slti	x20,x19,11	 x19:0xffff8000 x20=0x00000001
        2705000	       269	80000398	40ad07b3	sub	x15,x26,x10	 x26:0x00000683 x10:0x28e2bd11 x15=0xd71d4972
        2715000	       270	8000039c	036a1863	bne	x20,x22,800003cc	 x20:0x00000001 x22:0x0c44ac69
        2725000	       271	00000000	00000013	addi	x0,x0,0	  x0:0x00000000
        2735000	       272	800003c8	00000013	addi	x0,x0,0	  x0:0x00000000
        2745000	       273	800003cc	41dedb33	sra	x22,x29,x29	 x29:0x00000000 x29:0x00000000 x22=0x00000000
        2755000	       274	800003d0	5ee56e37	lui	x28,0x5ee56	 x28=0x5ee56000
        2765000	       275	800003d4	0105e1b3	or	x3,x11,x16	 x11:0x85fd0000 x16:0x00000089  x3=0x85fd0089
        2775000	       276	800003d8	0096de33	srl	x28,x13,x9	 x13:0xffffff8d  x9:0x0000008c x28=0x000fffff
        2785000	       277	800003dc	d8747193	andi	x3,x8,-633	  x8:0xd71d4000  x3=0xd71d4000
        2795000	       278	800003e0	40bbd4b3	sra	x9,x23,x11	 x23:0x80001d8c x11:0x85fd0000  x9=0x80001d8c
        2805000	       279	800003e4	40475093	srai	x1,x14,0x4	 x14:0x80009fc4  x1=0xf80009fc
        2815000	       280	800003e8	40dd8ab3	sub	x21,x27,x13	 x27:0x00000000 x13:0xffffff8d x21=0x00000073
        2825000	       281	800003ec	01bf24b3	slt	x9,x30,x27	 x30:0x48000000 x27:0x00000000  x9=0x00000000
        2835000	       282	800003f0	0598f063	bgeu	x17,x25,80000430	 x17:0x80001fe0 x25:0xf3bb5683
        2845000	       283	800003f4	4190d913	srai	x18,x1,0x19	  x1:0xf80009fc x18=0xfffffffc
        2855000	       284	800003f8	00000013	addi	x0,x0,0	  x0:0x00000000
        2865000	       285	800003fc	0317f463	bgeu	x15,x17,80000424	 x15:0xd71d4972 x17:0x80001fe0
        2875000	       286	00000000	00000013	addi	x0,x0,0	  x0:0x00000000
        2885000	       287	80000420	00000013	addi	x0,x0,0	  x0:0x00000000
        2895000	       288	80000424	00c29b33	sll	x22,x5,x12	  x5:0xffffff41 x12:0x00000000 x22=0xffffff41
        2905000	       289	80000428	016e5793	srli	x15,x28,0x16	 x28:0x000fffff x15=0x00000000
        2915000	       290	8000042c	01eb9113	slli	x2,x23,0x1e	 x23:0x80001d8c  x2=0x00000000
        2925000	       291	80000430	411ed333	sra	x6,x29,x17	 x29:0x00000000 x17:0x80001fe0  x6=0x00000000
        2935000	       292	80000434	1df6e613	ori	x12,x13,479	 x13:0xffffff8d x12=0xffffffdf
        2945000	       293	80000438	e1f04837	lui	x16,0xe1f04	 x16=0xe1f04000
        2955000	       294	8000043c	1bfeb993	sltiu	x19,x29,447	 x29:0x00000000 x19=0x00000001
        2965000	       295	80000440	0754d863	bge	x9,x21,800004b0	  x9:0x00000000 x21:0x00000073
        2975000	       296	80000444	40e90133	sub	x2,x18,x14	 x18:0xfffffffc x14:0x80009fc4  x2=0x7fff6038
        2985000	       297	80000448	002acbb3	xor	x23,x21,x2	 x21:0x00000073  x2:0x7fff6038 x23=0x7fff604b
        2995000	       298	8000044c	0154a933	slt	x18,x9,x21	  x9:0x00000000 x21:0x00000073 x18=0x00000001
        3005000	       299	80000450	f4b08513	addi	x10,x1,-181	  x1:0xf80009fc x10=0xf8000947
        3015000	       300	80000454	00000013	addi	x0,x0,0	  x0:0x00000000
        3025000	       301	80000458	01c45263	bge	x8,x28,8000045c	  x8:0xd71d4000 x28:0x000fffff
        3035000	       302	8000045c	07a17e63	bgeu	x2,x26,800004d8	  x2:0x7fff6038 x26:0x00000683
        3045000	       303	00000000	00000013	addi	x0,x0,0	  x0:0x00000000
        3055000	       304	800004d4	00000013	addi	x0,x0,0	  x0:0x00000000
        3065000	       305	800004d8	00746d33	or	x26,x8,x7	  x8:0xd71d4000  x7:0x13990000 x26=0xd79d4000
        3075000	       306	800004dc	019aff33	and	x30,x21,x25	 x21:0x00000073 x25:0xf3bb5683 x30=0x00000003
        3085000	       307	800004e0	018f4d33	xor	x26,x30,x24	 x30:0x00000003 x24:0x80000384 x26=0x80000387
        3095000	       308	800004e4	4028de33	sra	x28,x17,x2	 x17:0x80001fe0  x2:0x7fff6038 x28=0xffffff80
        3105000	       309	800004e8	e3a83013	sltiu	x0,x16,-454	 x16:0xe1f04000
        3115000	       310	800004ec	f6cd8293	addi	x5,x27,-148	 x27:0x00000000  x5=0xffffff6c
        3125000	       311	800004f0	41f48333	sub	x6,x9,x31	  x9:0x00000000 x31:0x85fd0000  x6=0x7a030000
        3135000	       312	800004f4	01e11463	bne	x2,x30,800004fc	  x2:0x7fff6038 x30:0x00000003
        3145000	       313	00000000	00000013	addi	x0,x0,0	  x0:0x00000000
        3155000	       314	800004f8	00000013	addi	x0,x0,0	  x0:0x00000000
        3165000	       315	800004fc	40448d33	sub	x26,x9,x4	  x9:0x00000000  x4:0x80009f84 x26=0x7fff607c
        3175000	       316	80000500	00000c97	auipc	x25,0x0	 x25=0x800004fc
        3185000	       317	80000504	00cc8c93	addi	x25,x25,12	 x25:0x800004fc x25=0x80000508
        3195000	       318	80000508	000c8067	jalr	x0,x25,0	 x25:0x80000508
        3205000	       319	00000000	00000013	addi	x0,x0,0	  x0:0x00000000
        3215000	       320	80000508	00000013	addi	x0,x0,0	  x0:0x00000000
        3225000	       321	8000050c	00100193	addi	x3,x0,1	  x0:0x00000000  x3=0x00000001
        3235000	       322	80000510	00000073	ecall	
        3245000	       323	80000514	fe020213	addi	x4,x4,-32	  x4:0x80009f84  x4=0x80009f64
