		Time			Cycle	PC		Insn	Decoded instruction	Register and memory contents
          65000	         5	80000004	00000293	addi	x5,x0,0	  x0:0x00000000  x5=0x00000000
          75000	         6	80000008	00000313	addi	x6,x0,0	  x0:0x00000000  x6=0x00000000
          85000	         7	8000000c	00628263	beq	x5,x6,80000010	  x5:0x00000000  x6:0x00000000
          95000	         8	00000000	00000013	addi	x0,x0,0	  x0:0x00000000
         105000	         9	8000000c	00000013	addi	x0,x0,0	  x0:0x00000000
         115000	        10	80000010	00000217	auipc	x4,0x0	  x4=0x8000000c
         125000	        11	80000014	00c20213	addi	x4,x4,12	  x4:0x8000000c  x4=0x80000018
         135000	        12	80000018	00020067	jalr	x0,x4,0	  x4:0x80000018
         145000	        13	00000000	00000013	addi	x0,x0,0	  x0:0x00000000
         155000	        14	80000018	00000013	addi	x0,x0,0	  x0:0x00000000
         165000	        15	8000001c	40000437	lui	x8,0x40000	  x8=0x40000000
         175000	        16	80000020	10040413	addi	x8,x8,256	  x8:0x40000000  x8=0x40000100
         185000	        17	80000024	00000013	addi	x0,x0,0	  x0:0x00000000
         195000	        18	80000028	0000aa17	auipc	x20,0xa	 x20=0x8000a024
         205000	        19	8000002c	fa0a0a13	addi	x20,x20,-96	 x20:0x8000a024 x20=0x80009fc4
         215000	        20	80000030	00002417	auipc	x8,0x2	  x8=0x8000202c
         225000	        21	80000034	62440413	addi	x8,x8,1572	  x8:0x8000202c  x8=0x80002650
         235000	        22	80000038	00146413	ori	x8,x8,1	  x8:0x80002650  x8=0x80002651
         245000	        23	8000003c	00000013	addi	x0,x0,0	  x0:0x00000000
         255000	        24	80000040	00000417	auipc	x8,0x0	  x8=0x8000003c
         265000	        25	80000044	02040413	addi	x8,x8,32	  x8:0x8000003c  x8=0x8000005c
         275000	        26	80000048	00000013	addi	x0,x0,0	  x0:0x00000000
         285000	        27	8000004c	00000013	addi	x0,x0,0	  x0:0x00000000
         295000	        28	80000050	00002437	lui	x8,0x2	  x8=0x00002000
         305000	        29	80000054	80040413	addi	x8,x8,-2048	  x8:0x00002000  x8=0x00001800
         315000	        30	80000058	00000013	addi	x0,x0,0	  x0:0x00000000
         325000	        31	8000005c	00000013	addi	x0,x0,0	  x0:0x00000000
         335000	        32	80000060	00800013	addi	x0,x0,8	  x0:0x00000000
         345000	        33	80000064	800000b7	lui	x1,0x80000	  x1=0x80000000
         355000	        34	80000068	80000137	lui	x2,0x80000	  x2=0x80000000
         365000	        35	8000006c	00000193	addi	x3,x0,0	  x0:0x00000000  x3=0x00000000
         375000	        36	80000070	f40a2237	lui	x4,0xf40a2	  x4=0xf40a2000
         385000	        37	80000074	7b220213	addi	x4,x4,1970	  x4:0xf40a2000  x4=0xf40a27b2
         395000	        38	80000078	00f00293	addi	x5,x0,15	  x0:0x00000000  x5=0x0000000f
         405000	        39	8000007c	80000337	lui	x6,0x80000	  x6=0x80000000
         415000	        40	80000080	f32063b7	lui	x7,0xf3206	  x7=0xf3206000
         425000	        41	80000084	8af38393	addi	x7,x7,-1873	  x7:0xf3206000  x7=0xf32058af
         435000	        42	80000088	00000413	addi	x8,x0,0	  x0:0x00000000  x8=0x00000000
         445000	        43	8000008c	00000493	addi	x9,x0,0	  x0:0x00000000  x9=0x00000000
         455000	        44	80000090	80000537	lui	x10,0x80000	 x10=0x80000000
         465000	        45	80000094	800005b7	lui	x11,0x80000	 x11=0x80000000
         475000	        46	80000098	31476637	lui	x12,0x31476	 x12=0x31476000
         485000	        47	8000009c	e0d60613	addi	x12,x12,-499	 x12:0x31476000 x12=0x31475e0d
         495000	        48	800000a0	00b00693	addi	x13,x0,11	  x0:0x00000000 x13=0x0000000b
         505000	        49	800000a4	5626f737	lui	x14,0x5626f	 x14=0x5626f000
         515000	        50	800000a8	10a70713	addi	x14,x14,266	 x14:0x5626f000 x14=0x5626f10a
         525000	        51	800000ac	00600793	addi	x15,x0,6	  x0:0x00000000 x15=0x00000006
         535000	        52	800000b0	7e36e837	lui	x16,0x7e36e	 x16=0x7e36e000
         545000	        53	800000b4	35080813	addi	x16,x16,848	 x16:0x7e36e000 x16=0x7e36e350
         555000	        54	800000b8	08069937	lui	x18,0x8069	 x18=0x08069000
         565000	        55	800000bc	37690913	addi	x18,x18,886	 x18:0x08069000 x18=0x08069376
         575000	        56	800000c0	00100993	addi	x19,x0,1	  x0:0x00000000 x19=0x00000001
         585000	        57	800000c4	00000a93	addi	x21,x0,0	  x0:0x00000000 x21=0x00000000
         595000	        58	800000c8	80000b37	lui	x22,0x80000	 x22=0x80000000
         605000	        59	800000cc	fa4c0bb7	lui	x23,0xfa4c0	 x23=0xfa4c0000
         615000	        60	800000d0	801b8b93	addi	x23,x23,-2047	 x23:0xfa4c0000 x23=0xfa4bf801
         625000	        61	800000d4	f3076c37	lui	x24,0xf3076	 x24=0xf3076000
         635000	        62	800000d8	270c0c13	addi	x24,x24,624	 x24:0xf3076000 x24=0xf3076270
         645000	        63	800000dc	00400c93	addi	x25,x0,4	  x0:0x00000000 x25=0x00000004
         655000	        64	800000e0	00000d13	addi	x26,x0,0	  x0:0x00000000 x26=0x00000000
         665000	        65	800000e4	80000db7	lui	x27,0x80000	 x27=0x80000000
         675000	        66	800000e8	00000e13	addi	x28,x0,0	  x0:0x00000000 x28=0x00000000
         685000	        67	800000ec	80000eb7	lui	x29,0x80000	 x29=0x80000000
         695000	        68	800000f0	00900f13	addi	x30,x0,9	  x0:0x00000000 x30=0x00000009
         705000	        69	800000f4	00000f93	addi	x31,x0,0	  x0:0x00000000 x31=0x00000000
         715000	        70	800000f8	0000a897	auipc	x17,0xa	 x17=0x8000a0f4
         725000	        71	800000fc	e9088893	addi	x17,x17,-368	 x17:0x8000a0f4 x17=0x80009f84
         735000	        72	80000100	00009117	auipc	x2,0x9	  x2=0x800090fc
         745000	        73	80000104	b0a10113	addi	x2,x2,-1270	  x2:0x800090fc  x2=0x80008c06
         755000	        74	80000108	2e814a83	lbu	x21,744(x2)	  x2:0x80008c06 x21=0x00000000 PA:0x80008eee
         765000	        75	8000010c	403c0833	sub	x16,x24,x3	 x24:0xf3076270  x3:0x00000000 x16=0xf3076270
         775000	        76	80000110	d1d14003	lbu	x0,-739(x2)	  x2:0x80008c06 PA:0x80008923
         785000	        77	80000114	c97104a3	sb	x23,-887(x2)	  x2:0x80008c06 x23:0xfa4bf801 PA:0x8000888f
         795000	        78	80000118	f7110f23	sb	x17,-130(x2)	  x2:0x80008c06 x17:0x80009f84 PA:0x80008b84
         805000	        79	8000011c	00475633	srl	x12,x14,x4	 x14:0x5626f10a  x4:0xf40a27b2 x12=0x00001589
         815000	        80	80000120	0112bb33	sltu	x22,x5,x17	  x5:0x0000000f x17:0x80009f84 x22=0x00000001
         825000	        81	80000124	f7e15f03	lhu	x30,-130(x2)	  x2:0x80008c06 x30=0x00000084 PA:0x80008b84
         835000	        82	80000128	04514f83	lbu	x31,69(x2)	  x2:0x80008c06 x31=0x00000000 PA:0x80008c4b
         845000	        83	8000012c	d0614983	lbu	x19,-762(x2)	  x2:0x80008c06 x19=0x00000000 PA:0x8000890c
         855000	        84	80000130	0cd10ba3	sb	x13,215(x2)	  x2:0x80008c06 x13:0x0000000b PA:0x80008cdd
         865000	        85	80000134	f0c14003	lbu	x0,-244(x2)	  x2:0x80008c06 PA:0x80008b12
         875000	        86	80000138	0095feb3	and	x29,x11,x9	 x11:0x80000000  x9:0x00000000 x29=0x00000000
         885000	        87	8000013c	006c17b3	sll	x15,x24,x6	 x24:0xf3076270  x6:0x80000000 x15=0xf3076270
         895000	        88	80000140	15211b83	lh	x23,338(x2)	  x2:0x80008c06 x23=0x00000000 PA:0x80008d58
         905000	        89	80000144	00009097	auipc	x1,0x9	  x1=0x80009140
         915000	        90	80000148	87308093	addi	x1,x1,-1933	  x1:0x80009140  x1=0x800089b3
         925000	        91	8000014c	00008b17	auipc	x22,0x8	 x22=0x80008148
         935000	        92	80000150	7e1b0b13	addi	x22,x22,2017	 x22:0x80008148 x22=0x80008929
         945000	        93	80000154	00009f97	auipc	x31,0x9	 x31=0x80009150
         955000	        94	80000158	85af8f93	addi	x31,x31,-1958	 x31:0x80009150 x31=0x800089aa
         965000	        95	8000015c	02908823	sb	x9,48(x1)	  x1:0x800089b3  x9:0x00000000 PA:0x800089e3
         975000	        96	80000160	ff808123	sb	x24,-30(x1)	  x1:0x800089b3 x24:0xf3076270 PA:0x80008995
         985000	        97	80000164	fc70c903	lbu	x18,-57(x1)	  x1:0x800089b3 x18=0x00000000 PA:0x8000897a
         995000	        98	80000168	ff0b4a83	lbu	x21,-16(x22)	 x22:0x80008929 x21=0x00000000 PA:0x80008919
        1005000	        99	8000016c	fd4f9c83	lh	x25,-44(x31)	 x31:0x800089aa x25=0x00000000 PA:0x8000897e
        1015000	       100	80000170	0e3f80a3	sb	x3,225(x31)	 x31:0x800089aa  x3:0x00000000 PA:0x80008a8b
        1025000	       101	80000174	08efd403	lhu	x8,142(x31)	 x31:0x800089aa  x8=0x00000000 PA:0x80008a38
        1035000	       102	80000178	03f08483	lb	x9,63(x1)	  x1:0x800089b3  x9=0x00000000 PA:0x800089f2
        1045000	       103	8000017c	0adfc283	lbu	x5,173(x31)	 x31:0x800089aa  x5=0x00000000 PA:0x80008a57
        1055000	       104	80000180	000b0023	sb	x0,0(x22)	 x22:0x80008929  x0:0x00000000 PA:0x80008929
        1065000	       105	80000184	febb08a3	sb	x11,-15(x22)	 x22:0x80008929 x11:0x80000000 PA:0x8000891a
        1075000	       106	80000188	00009c17	auipc	x24,0x9	 x24=0x80009184
        1085000	       107	8000018c	beec0c13	addi	x24,x24,-1042	 x24:0x80009184 x24=0x80008d72
        1095000	       108	80000190	fadf8b23	sb	x13,-74(x31)	 x31:0x800089aa x13:0x0000000b PA:0x80008960
        1105000	       109	80000194	ffeb0183	lb	x3,-2(x22)	 x22:0x80008929  x3=0x00000000 PA:0x80008927
        1115000	       110	80000198	011c00a3	sb	x17,1(x24)	 x24:0x80008d72 x17:0x80009f84 PA:0x80008d73
        1125000	       111	8000019c	03a0c583	lbu	x11,58(x1)	  x1:0x800089b3 x11=0x00000000 PA:0x800089ed
        1135000	       112	800001a0	01c08d03	lb	x26,28(x1)	  x1:0x800089b3 x26=0x00000000 PA:0x800089cf
        1145000	       113	800001a4	004c0223	sb	x4,4(x24)	 x24:0x80008d72  x4:0xf40a27b2 PA:0x80008d76
        1155000	       114	800001a8	008c4583	lbu	x11,8(x24)	 x24:0x80008d72 x11=0x00000000 PA:0x80008d7a
        1165000	       115	800001ac	ffcb0e83	lb	x29,-4(x22)	 x22:0x80008929 x29=0x00000000 PA:0x80008925
        1175000	       116	800001b0	ff7c4383	lbu	x7,-9(x24)	 x24:0x80008d72  x7=0x00000000 PA:0x80008d69
        1185000	       117	800001b4	072f8fa3	sb	x18,127(x31)	 x31:0x800089aa x18:0x00000000 PA:0x80008a29
        1195000	       118	800001b8	03b09703	lh	x14,59(x1)	  x1:0x800089b3 x14=0x00000000 PA:0x800089ee
        1205000	       119	800001bc	ffeb0783	lb	x15,-2(x22)	 x22:0x80008929 x15=0x00000000 PA:0x80008927
        1215000	       120	800001c0	00ec5983	lhu	x19,14(x24)	 x24:0x80008d72 x19=0x00000000 PA:0x80008d80
        1225000	       121	800001c4	ff90a103	lw	x2,-7(x1)	  x1:0x800089b3  x2=0x00000000 PA:0x800089ac
        1235000	       122	800001c8	000b0583	lb	x11,0(x22)	 x22:0x80008929 x11=0x00000000 PA:0x80008929
        1245000	       123	800001cc	fdff9f23	sh	x31,-34(x31)	 x31:0x800089aa x31:0x800089aa PA:0x80008988
        1255000	       124	800001d0	00008117	auipc	x2,0x8	  x2=0x800081cc
        1265000	       125	800001d4	f4a10113	addi	x2,x2,-182	  x2:0x800081cc  x2=0x80008116
        1275000	       126	800001d8	0109cd33	xor	x26,x19,x16	 x19:0x00000000 x16:0xf3076270 x26=0xf3076270
        1285000	       127	800001dc	02f11f23	sh	x15,62(x2)	  x2:0x80008116 x15:0x00000000 PA:0x80008154
        1295000	       128	800001e0	03210f23	sb	x18,62(x2)	  x2:0x80008116 x18:0x00000000 PA:0x80008154
        1305000	       129	800001e4	03e12d03	lw	x26,62(x2)	  x2:0x80008116 x26=0x00000000 PA:0x80008154
        1315000	       130	800001e8	03e12f23	sw	x30,62(x2)	  x2:0x80008116 x30:0x00000084 PA:0x80008154
        1325000	       131	800001ec	03e12f03	lw	x30,62(x2)	  x2:0x80008116 x30=0x00000084 PA:0x80008154
        1335000	       132	800001f0	02212f23	sw	x2,62(x2)	  x2:0x80008116  x2:0x80008116 PA:0x80008154
        1345000	       133	800001f4	03e14503	lbu	x10,62(x2)	  x2:0x80008116 x10=0x00000016 PA:0x80008154
        1355000	       134	800001f8	03e15283	lhu	x5,62(x2)	  x2:0x80008116  x5=0x00008116 PA:0x80008154
        1365000	       135	800001fc	03e12983	lw	x19,62(x2)	  x2:0x80008116 x19=0x80008116 PA:0x80008154
        1375000	       136	80000200	03e14783	lbu	x15,62(x2)	  x2:0x80008116 x15=0x00000016 PA:0x80008154
        1385000	       137	80000204	03e15a83	lhu	x21,62(x2)	  x2:0x80008116 x21=0x00008116 PA:0x80008154
        1395000	       138	80000208	5e7d2393	slti	x7,x26,1511	 x26:0x00000000  x7=0x00000001
        1405000	       139	8000020c	03212f23	sw	x18,62(x2)	  x2:0x80008116 x18:0x00000000 PA:0x80008154
        1415000	       140	80000210	03e14603	lbu	x12,62(x2)	  x2:0x80008116 x12=0x00000000 PA:0x80008154
        1425000	       141	80000214	03e14d03	lbu	x26,62(x2)	  x2:0x80008116 x26=0x00000000 PA:0x80008154
        1435000	       142	80000218	03610f23	sb	x22,62(x2)	  x2:0x80008116 x22:0x80008929 PA:0x80008154
        1445000	       143	8000021c	40030fb3	sub	x31,x6,x0	  x6:0x80000000  x0:0x00000000 x31=0x80000000
        1455000	       144	80000220	03e15003	lhu	x0,62(x2)	  x2:0x80008116 PA:0x80008154
        1465000	       145	80000224	00264fb3	xor	x31,x12,x2	 x12:0x00000000  x2:0x80008116 x31=0x80008116
        1475000	       146	80000228	0023b6b3	sltu	x13,x7,x2	  x7:0x00000001  x2:0x80008116 x13=0x00000001
        1485000	       147	8000022c	03e15f83	lhu	x31,62(x2)	  x2:0x80008116 x31=0x00000029 PA:0x80008154
        1495000	       148	80000230	03e14e03	lbu	x28,62(x2)	  x2:0x80008116 x28=0x00000029 PA:0x80008154
        1505000	       149	80000234	03e14903	lbu	x18,62(x2)	  x2:0x80008116 x18=0x00000029 PA:0x80008154
        1515000	       150	80000238	00009117	auipc	x2,0x9	  x2=0x80009234
        1525000	       151	8000023c	be010113	addi	x2,x2,-1056	  x2:0x80009234  x2=0x80008e14
        1535000	       152	80000240	ff114483	lbu	x9,-15(x2)	  x2:0x80008e14  x9=0x00000000 PA:0x80008e05
        1545000	       153	80000244	ffa10f83	lb	x31,-6(x2)	  x2:0x80008e14 x31=0x00000000 PA:0x80008e0e
        1555000	       154	80000248	00000013	addi	x0,x0,0	  x0:0x00000000
        1565000	       155	8000024c	120dbcb7	lui	x25,0x120db	 x25=0x120db000
        1575000	       156	80000250	ffa10703	lb	x14,-6(x2)	  x2:0x80008e14 x14=0x00000000 PA:0x80008e0e
        1585000	       157	80000254	ff510583	lb	x11,-11(x2)	  x2:0x80008e14 x11=0x00000000 PA:0x80008e09
        1595000	       158	80000258	405e5493	srai	x9,x28,0x5	 x28:0x00000029  x9=0x00000001
        1605000	       159	8000025c	00110803	lb	x16,1(x2)	  x2:0x80008e14 x16=0x00000000 PA:0x80008e15
        1615000	       160	80000260	00a10083	lb	x1,10(x2)	  x2:0x80008e14  x1=0x00000000 PA:0x80008e1e
        1625000	       161	80000264	6ad04337	lui	x6,0x6ad04	  x6=0x6ad04000
        1635000	       162	80000268	41705733	sra	x14,x0,x23	  x0:0x00000000 x23:0x00000000 x14=0x00000000
        1645000	       163	8000026c	ff410303	lb	x6,-12(x2)	  x2:0x80008e14  x6=0x00000000 PA:0x80008e08
        1655000	       164	80000270	419004b3	sub	x9,x0,x25	  x0:0x00000000 x25:0x120db000  x9=0xedf25000
        1665000	       165	80000274	00ad7933	and	x18,x26,x10	 x26:0x00000000 x10:0x00000016 x18=0x00000000
        1675000	       166	80000278	505e71b7	lui	x3,0x505e7	  x3=0x505e7000
        1685000	       167	8000027c	00f10f03	lb	x30,15(x2)	  x2:0x80008e14 x30=0x00000000 PA:0x80008e23
        1695000	       168	80000280	fe610aa3	sb	x6,-11(x2)	  x2:0x80008e14  x6:0x00000000 PA:0x80008e09
        1705000	       169	80000284	005dad33	slt	x26,x27,x5	 x27:0x80000000  x5:0x00008116 x26=0x00000001
        1715000	       170	80000288	009e6bb3	or	x23,x28,x9	 x28:0x00000029  x9:0xedf25000 x23=0xedf25029
        1725000	       171	8000028c	ffd11f23	sh	x29,-2(x2)	  x2:0x80008e14 x29:0x00000000 PA:0x80008e12
        1735000	       172	80000290	ffc10b03	lb	x22,-4(x2)	  x2:0x80008e14 x22=0x00000000 PA:0x80008e10
        1745000	       173	80000294	ffe11b83	lh	x23,-2(x2)	  x2:0x80008e14 x23=0x00000000 PA:0x80008e12
        1755000	       174	80000298	00014d83	lbu	x27,0(x2)	  x2:0x80008e14 x27=0x00000000 PA:0x80008e14
        1765000	       175	8000029c	009100a3	sb	x9,1(x2)	  x2:0x80008e14  x9:0xedf25000 PA:0x80008e15
        1775000	       176	800002a0	00710403	lb	x8,7(x2)	  x2:0x80008e14  x8=0x00000000 PA:0x80008e1b
        1785000	       177	800002a4	ffb10aa3	sb	x27,-11(x2)	  x2:0x80008e14 x27:0x00000000 PA:0x80008e09
        1795000	       178	800002a8	4193d093	srai	x1,x7,0x19	  x7:0x00000001  x1=0x00000000
        1805000	       179	800002ac	00710903	lb	x18,7(x2)	  x2:0x80008e14 x18=0x00000000 PA:0x80008e1b
        1815000	       180	800002b0	404b8933	sub	x18,x23,x4	 x23:0x00000000  x4:0xf40a27b2 x18=0x0bf5d84e
        1825000	       181	800002b4	00110b83	lb	x23,1(x2)	  x2:0x80008e14 x23=0x00000000 PA:0x80008e15
        1835000	       182	800002b8	01312023	sw	x19,0(x2)	  x2:0x80008e14 x19:0x80008116 PA:0x80008e14
        1845000	       183	800002bc	00a10903	lb	x18,10(x2)	  x2:0x80008e14 x18=0x00000000 PA:0x80008e1e
        1855000	       184	800002c0	ff414803	lbu	x16,-12(x2)	  x2:0x80008e14 x16=0x00000000 PA:0x80008e08
        1865000	       185	800002c4	ffc14483	lbu	x9,-4(x2)	  x2:0x80008e14  x9=0x00000000 PA:0x80008e10
        1875000	       186	800002c8	015103a3	sb	x21,7(x2)	  x2:0x80008e14 x21:0x00008116 PA:0x80008e1b
        1885000	       187	800002cc	00110c03	lb	x24,1(x2)	  x2:0x80008e14 x24=0xffffff81 PA:0x80008e15
        1895000	       188	800002d0	00412a83	lw	x21,4(x2)	  x2:0x80008e14 x21=0x16000000 PA:0x80008e18
        1905000	       189	800002d4	ffa10da3	sb	x26,-5(x2)	  x2:0x80008e14 x26:0x00000001 PA:0x80008e0f
        1915000	       190	800002d8	00045613	srli	x12,x8,0x0	  x8:0x00000000 x12=0x00000000
        1925000	       191	800002dc	b4e5b497	auipc	x9,0xb4e5b	  x9=0x34e5b2d8
        1935000	       192	800002e0	4e98c293	xori	x5,x17,1257	 x17:0x80009f84  x5=0x80009b6d
        1945000	       193	800002e4	ffb14e03	lbu	x28,-5(x2)	  x2:0x80008e14 x28=0x00000001 PA:0x80008e0f
        1955000	       194	800002e8	00c10383	lb	x7,12(x2)	  x2:0x80008e14  x7=0x00000000 PA:0x80008e20
        1965000	       195	800002ec	00d14c83	lbu	x25,13(x2)	  x2:0x80008e14 x25=0x00000000 PA:0x80008e21
        1975000	       196	800002f0	fe410ca3	sb	x4,-7(x2)	  x2:0x80008e14  x4:0xf40a27b2 PA:0x80008e0d
        1985000	       197	800002f4	00008097	auipc	x1,0x8	  x1=0x800082f0
        1995000	       198	800002f8	0f008093	addi	x1,x1,240	  x1:0x800082f0  x1=0x800083e0
        2005000	       199	800002fc	015a99b3	sll	x19,x21,x21	 x21:0x16000000 x21:0x16000000 x19=0x16000000
        2015000	       200	80000300	de009923	sh	x0,-526(x1)	  x1:0x800083e0  x0:0x00000000 PA:0x800081d2
        2025000	       201	80000304	f8c09383	lh	x7,-116(x1)	  x1:0x800083e0  x7=0x00000000 PA:0x8000836c
        2035000	       202	80000308	01d85eb3	srl	x29,x16,x29	 x16:0x00000000 x29:0x00000000 x29=0x00000000
        2045000	       203	8000030c	3f50c483	lbu	x9,1013(x1)	  x1:0x800083e0  x9=0x00000000 PA:0x800087d5
        2055000	       204	80000310	2bb0c403	lbu	x8,699(x1)	  x1:0x800083e0  x8=0x00000000 PA:0x8000869b
        2065000	       205	80000314	40ce5493	srai	x9,x28,0xc	 x28:0x00000001  x9=0x00000000
        2075000	       206	80000318	dfc83313	sltiu	x6,x16,-516	 x16:0x00000000  x6=0x00000001
        2085000	       207	8000031c	00eaee33	or	x28,x21,x14	 x21:0x16000000 x14:0x00000000 x28=0x16000000
        2095000	       208	80000320	009a5bb3	srl	x23,x20,x9	 x20:0x80009fc4  x9:0x00000000 x23=0x80009fc4
        2105000	       209	80000324	4135df33	sra	x30,x11,x19	 x11:0x00000000 x19:0x16000000 x30=0x00000000
        2115000	       210	80000328	ae919ab7	lui	x21,0xae919	 x21=0xae919000
        2125000	       211	8000032c	d2809583	lh	x11,-728(x1)	  x1:0x800083e0 x11=0x00000000 PA:0x80008108
        2135000	       212	80000330	0a708f03	lb	x30,167(x1)	  x1:0x800083e0 x30=0x00000000 PA:0x80008487
        2145000	       213	80000334	16242b13	slti	x22,x8,354	  x8:0x00000000 x22=0x00000001
        2155000	       214	80000338	26a09923	sh	x10,626(x1)	  x1:0x800083e0 x10:0x00000016 PA:0x80008652
        2165000	       215	8000033c	d700dc03	lhu	x24,-656(x1)	  x1:0x800083e0 x24=0x00000000 PA:0x80008150
        2175000	       216	80000340	40d28833	sub	x16,x5,x13	  x5:0x80009b6d x13:0x00000001 x16=0x80009b6c
        2185000	       217	80000344	41d40133	sub	x2,x8,x29	  x8:0x00000000 x29:0x00000000  x2=0x00000000
        2195000	       218	80000348	734b6d93	ori	x27,x22,1844	 x22:0x00000001 x27=0x00000735
        2205000	       219	8000034c	002b9813	slli	x16,x23,0x2	 x23:0x80009fc4 x16=0x00027f10
        2215000	       220	80000350	ad91f3b7	lui	x7,0xad91f	  x7=0xad91f000
        2225000	       221	80000354	00000013	addi	x0,x0,0	  x0:0x00000000
        2235000	       222	80000358	01da9fb3	sll	x31,x21,x29	 x21:0xae919000 x29:0x00000000 x31=0xae919000
        2245000	       223	8000035c	d0a09623	sh	x10,-756(x1)	  x1:0x800083e0 x10:0x00000016 PA:0x800080ec
        2255000	       224	80000360	0ebe2193	slti	x3,x28,235	 x28:0x16000000  x3=0x00000000
        2265000	       225	80000364	00bc5733	srl	x14,x24,x11	 x24:0x00000000 x11:0x00000000 x14=0x00000000
        2275000	       226	80000368	cab08103	lb	x2,-853(x1)	  x1:0x800083e0  x2=0x00000000 PA:0x8000808b
        2285000	       227	8000036c	000a9493	slli	x9,x21,0x0	 x21:0xae919000  x9=0xae919000
        2295000	       228	80000370	4280a023	sw	x8,1056(x1)	  x1:0x800083e0  x8:0x00000000 PA:0x80008800
        2305000	       229	80000374	3750c683	lbu	x13,885(x1)	  x1:0x800083e0 x13=0x00000000 PA:0x80008755
        2315000	       230	80000378	dd60c003	lbu	x0,-554(x1)	  x1:0x800083e0 PA:0x800081b6
        2325000	       231	8000037c	deec4613	xori	x12,x24,-530	 x24:0x00000000 x12=0xfffffdee
        2335000	       232	80000380	00b3cf33	xor	x30,x7,x11	  x7:0xad91f000 x11:0x00000000 x30=0xad91f000
        2345000	       233	80000384	d9c33113	sltiu	x2,x6,-612	  x6:0x00000001  x2=0x00000001
        2355000	       234	80000388	406cdfb3	sra	x31,x25,x6	 x25:0x00000000  x6:0x00000001 x31=0x00000000
        2365000	       235	8000038c	01c51493	slli	x9,x10,0x1c	 x10:0x00000016  x9=0x60000000
        2375000	       236	80000390	2a2bae13	slti	x28,x23,674	 x23:0x80009fc4 x28=0x00000001
        2385000	       237	80000394	40878333	sub	x6,x15,x8	 x15:0x00000016  x8:0x00000000  x6=0x00000016
        2395000	       238	80000398	01c829b3	slt	x19,x16,x28	 x16:0x00027f10 x28:0x00000001 x19=0x00000000
        2405000	       239	8000039c	f0a09583	lh	x11,-246(x1)	  x1:0x800083e0 x11=0x00000000 PA:0x800082ea
        2415000	       240	800003a0	00884a63	blt	x16,x8,800003b4	 x16:0x00027f10  x8:0x00000000
        2425000	       241	800003a4	24c3f617	auipc	x12,0x24c3f	 x12=0xa4c3f3a0
        2435000	       242	800003a8	ecfb6593	ori	x11,x22,-305	 x22:0x00000001 x11=0xfffffecf
        2445000	       243	800003ac	00000013	addi	x0,x0,0	  x0:0x00000000
        2455000	       244	800003b0	01958e63	beq	x11,x25,800003cc	 x11:0xfffffecf x25:0x00000000
        2465000	       245	800003b4	0093d413	srli	x8,x7,0x9	  x7:0xad91f000  x8=0x0056c8f8
        2475000	       246	800003b8	039cf263	bgeu	x25,x25,800003dc	 x25:0x00000000 x25:0x00000000
        2485000	       247	00000000	00000013	addi	x0,x0,0	  x0:0x00000000
        2495000	       248	800003d8	00000013	addi	x0,x0,0	  x0:0x00000000
        2505000	       249	800003dc	02aacc63	blt	x21,x10,80000414	 x21:0xae919000 x10:0x00000016
        2515000	       250	00000000	00000013	addi	x0,x0,0	  x0:0x00000000
        2525000	       251	80000410	00000013	addi	x0,x0,0	  x0:0x00000000
        2535000	       252	80000414	2d627317	auipc	x6,0x2d627	  x6=0xad627410
        2545000	       253	80000418	00000013	addi	x0,x0,0	  x0:0x00000000
        2555000	       254	8000041c	b4382993	slti	x19,x16,-1213	 x16:0x00027f10 x19=0x00000000
        2565000	       255	80000420	40b2d5b3	sra	x11,x5,x11	  x5:0x80009b6d x11:0xfffffecf x11=0xffff0001
        2575000	       256	80000424	70f54093	xori	x1,x10,1807	 x10:0x00000016  x1=0x00000719
        2585000	       257	80000428	3658e313	ori	x6,x17,869	 x17:0x80009f84  x6=0x80009fe5
        2595000	       258	8000042c	007d1733	sll	x14,x26,x7	 x26:0x00000001  x7:0xad91f000 x14=0x00000001
        2605000	       259	80000430	0158c863	blt	x17,x21,80000440	 x17:0x80009f84 x21:0xae919000
        2615000	       260	00000000	00000013	addi	x0,x0,0	  x0:0x00000000
        2625000	       261	8000043c	00000013	addi	x0,x0,0	  x0:0x00000000
        2635000	       262	80000440	017a32b3	sltu	x5,x20,x23	 x20:0x80009fc4 x23:0x80009fc4  x5=0x00000000
        2645000	       263	80000444	9af7bc13	sltiu	x24,x15,-1617	 x15:0x00000016 x24=0x00000001
        2655000	       264	80000448	5cb00c13	addi	x24,x0,1483	  x0:0x00000000 x24=0x000005cb
        2665000	       265	8000044c	00001397	auipc	x7,0x1	  x7=0x80001448
        2675000	       266	80000450	6f438393	addi	x7,x7,1780	  x7:0x80001448  x7=0x80001b3c
        2685000	       267	80000454	015abeb3	sltu	x29,x21,x21	 x21:0xae919000 x21:0xae919000 x29=0x00000000
        2695000	       268	80000458	011211b3	sll	x3,x4,x17	  x4:0xf40a27b2 x17:0x80009f84  x3=0x40a27b20
        2705000	       269	8000045c	04738393	addi	x7,x7,71	  x7:0x80001b3c  x7=0x80001b83
        2715000	       270	80000460	01425c63	bge	x4,x20,80000478	  x4:0xf40a27b2 x20:0x80009fc4
        2725000	       271	00000000	00000013	addi	x0,x0,0	  x0:0x00000000
        2735000	       272	80000474	00000013	addi	x0,x0,0	  x0:0x00000000
        2745000	       273	80000478	fba38f67	jalr	x30,x7,-70	  x7:0x80001b83 x30=0x80000478
        2755000	       274	00000000	00000013	addi	x0,x0,0	  x0:0x00000000
        2765000	       275	80001b3c	00000013	addi	x0,x0,0	  x0:0x00000000
        2775000	       276	80001b40	019db533	sltu	x10,x27,x25	 x27:0x00000735 x25:0x00000000 x10=0x00000000
        2785000	       277	80001b44	406a85b3	sub	x11,x21,x6	 x21:0xae919000  x6:0x80009fe5 x11=0x2e90f01b
        2795000	       278	80001b48	00b07533	and	x10,x0,x11	  x0:0x00000000 x11:0x2e90f01b x10=0x00000000
        2805000	       279	80001b4c	fdc88893	addi	x17,x17,-36	 x17:0x80009f84 x17=0x80009f60
        2815000	       280	80001b50	b5fd2913	slti	x18,x26,-1185	 x26:0x00000001 x18=0x00000000
        2825000	       281	80001b54	d4aacc93	xori	x25,x21,-694	 x21:0xae919000 x25=0x516e6d4a
        2835000	       282	80001b58	0188ac33	slt	x24,x17,x24	 x17:0x80009f60 x24:0x000005cb x24=0x00000001
        2845000	       283	80001b5c	00149e93	slli	x29,x9,0x1	  x9:0x60000000 x29=0xc0000000
        2855000	       284	80001b60	01e8a223	sw	x30,4(x17)	 x17:0x80009f60 x30:0x80000478 PA:0x80009f64
        2865000	       285	80001b64	40b9d913	srai	x18,x19,0xb	 x19:0x00000000 x18=0x00000000
        2875000	       286	80001b68	010c81b3	add	x3,x25,x16	 x25:0x516e6d4a x16:0x00027f10  x3=0x5170ec5a
        2885000	       287	80001b6c	fffff797	auipc	x15,0xfffff	 x15=0x80000b68
        2895000	       288	80001b70	ca078793	addi	x15,x15,-864	 x15:0x80000b68 x15=0x80000808
        2905000	       289	80001b74	0be64f93	xori	x31,x12,190	 x12:0xa4c3f3a0 x31=0xa4c3f31e
        2915000	       290	80001b78	4c15e713	ori	x14,x11,1217	 x11:0x2e90f01b x14=0x2e90f4db
        2925000	       291	80001b7c	018743b3	xor	x7,x14,x24	 x14:0x2e90f4db x24:0x00000001  x7=0x2e90f4da
        2935000	       292	80001b80	d1778793	addi	x15,x15,-745	 x15:0x80000808 x15=0x8000051f
        2945000	       293	80001b84	22f3dd97	auipc	x27,0x22f3d	 x27=0xa2f3eb80
        2955000	       294	80001b88	00ba5f13	srli	x30,x20,0xb	 x20:0x80009fc4 x30=0x00100013
        2965000	       295	80001b8c	2e978f67	jalr	x30,x15,745	 x15:0x8000051f x30=0x80001b8c
        2975000	       296	00000000	00000013	addi	x0,x0,0	  x0:0x00000000
        2985000	       297	80000808	00000013	addi	x0,x0,0	  x0:0x00000000
        2995000	       298	8000080c	fdc88893	addi	x17,x17,-36	 x17:0x80009f60 x17=0x80009f3c
        3005000	       299	80000810	01575c93	srli	x25,x14,0x15	 x14:0x2e90f4db x25=0x00000174
        3015000	       300	80000814	01e8a223	sw	x30,4(x17)	 x17:0x80009f3c x30:0x80001b8c PA:0x80009f40
        3025000	       301	80000818	004e2e33	slt	x28,x28,x4	 x28:0x00000001  x4:0xf40a27b2 x28=0x00000000
        3035000	       302	8000081c	00467733	and	x14,x12,x4	 x12:0xa4c3f3a0  x4:0xf40a27b2 x14=0xa40223a0
        3045000	       303	80000820	756dbf93	sltiu	x31,x27,1878	 x27:0xa2f3eb80 x31=0x00000000
        3055000	       304	80000824	0100e333	or	x6,x1,x16	  x1:0x00000719 x16:0x00027f10  x6=0x00027f19
        3065000	       305	80000828	00240b93	addi	x23,x8,2	  x8:0x0056c8f8 x23=0x0056c8fa
        3075000	       306	8000082c	00000013	addi	x0,x0,0	  x0:0x00000000
        3085000	       307	80000830	00008497	auipc	x9,0x8	  x9=0x8000882c
        3095000	       308	80000834	a8848493	addi	x9,x9,-1400	  x9:0x8000882c  x9=0x800082b4
        3105000	       309	80000838	00008697	auipc	x13,0x8	 x13=0x80008834
        3115000	       310	8000083c	eda68693	addi	x13,x13,-294	 x13:0x80008834 x13=0x8000870e
        3125000	       311	80000840	00008d17	auipc	x26,0x8	 x26=0x8000883c
        3135000	       312	80000844	d81d0d13	addi	x26,x26,-639	 x26:0x8000883c x26=0x800085bd
        3145000	       313	80000848	0cbd1ea3	sh	x11,221(x26)	 x26:0x800085bd x11:0x2e90f01b PA:0x8000869a
        3155000	       314	8000084c	f8448e83	lb	x29,-124(x9)	  x9:0x800082b4 x29=0x00000000 PA:0x80008238
        3165000	       315	80000850	f884aa83	lw	x21,-120(x9)	  x9:0x800082b4 x21=0x00000000 PA:0x8000823c
        3175000	       316	80000854	0146c603	lbu	x12,20(x13)	 x13:0x8000870e x12=0x00000000 PA:0x80008722
        3185000	       317	80000858	fca4df83	lhu	x31,-54(x9)	  x9:0x800082b4 x31=0x00000000 PA:0x8000827e
        3195000	       318	8000085c	f6ad0723	sb	x10,-146(x26)	 x26:0x800085bd x10:0x00000000 PA:0x8000852b
        3205000	       319	80000860	02669583	lh	x11,38(x13)	 x13:0x8000870e x11=0x00000000 PA:0x80008734
        3215000	       320	80000864	fe4d4e03	lbu	x28,-28(x26)	 x26:0x800085bd x28=0x00000000 PA:0x800085a1
        3225000	       321	80000868	f15d4103	lbu	x2,-235(x26)	 x26:0x800085bd  x2=0x00000000 PA:0x800084d2
        3235000	       322	8000086c	fd24d083	lhu	x1,-46(x9)	  x9:0x800082b4  x1=0x00000000 PA:0x80008286
        3245000	       323	80000870	fc56c703	lbu	x14,-59(x13)	 x13:0x8000870e x14=0x00000000 PA:0x800086d3
        3255000	       324	80000874	0efd0303	lb	x6,239(x26)	 x26:0x800085bd  x6=0x00000000 PA:0x800086ac
        3265000	       325	80000878	fd4681a3	sb	x20,-61(x13)	 x13:0x8000870e x20:0x80009fc4 PA:0x800086d1
        3275000	       326	8000087c	07ad0503	lb	x10,122(x26)	 x26:0x800085bd x10=0x00000000 PA:0x80008637
        3285000	       327	80000880	06548fa3	sb	x5,127(x9)	  x9:0x800082b4  x5:0x00000000 PA:0x80008333
        3295000	       328	80000884	0e3d5003	lhu	x0,227(x26)	 x26:0x800085bd PA:0x800086a0
        3305000	       329	80000888	0066a803	lw	x16,6(x13)	 x13:0x8000870e x16=0x00000000 PA:0x80008714
        3315000	       330	8000088c	07fd15a3	sh	x31,107(x26)	 x26:0x800085bd x31:0x00000000 PA:0x80008628
        3325000	       331	80000890	0c9d08a3	sb	x9,209(x26)	 x26:0x800085bd  x9:0x800082b4 PA:0x8000868e
        3335000	       332	80000894	f204a303	lw	x6,-224(x9)	  x9:0x800082b4  x6=0x00000000 PA:0x800081d4
        3345000	       333	80000898	0234c003	lbu	x0,35(x9)	  x9:0x800082b4 PA:0x800082d7
        3355000	       334	8000089c	00548903	lb	x18,5(x9)	  x9:0x800082b4 x18=0x00000000 PA:0x800082b9
        3365000	       335	800008a0	0dc4db83	lhu	x23,220(x9)	  x9:0x800082b4 x23=0x00000000 PA:0x80008390
        3375000	       336	800008a4	00008117	auipc	x2,0x8	  x2=0x800088a0
        3385000	       337	800008a8	14810113	addi	x2,x2,328	  x2:0x800088a0  x2=0x800089e8
        3395000	       338	800008ac	fd914003	lbu	x0,-39(x2)	  x2:0x800089e8 PA:0x800089c1
        3405000	       339	800008b0	fd910803	lb	x16,-39(x2)	  x2:0x800089e8 x16=0x00000000 PA:0x800089c1
        3415000	       340	800008b4	fe514c83	lbu	x25,-27(x2)	  x2:0x800089e8 x25=0x00000000 PA:0x800089cd
        3425000	       341	800008b8	ff410aa3	sb	x20,-11(x2)	  x2:0x800089e8 x20:0x80009fc4 PA:0x800089dd
        3435000	       342	800008bc	ff514383	lbu	x7,-11(x2)	  x2:0x800089e8  x7=0x000000c4 PA:0x800089dd
        3445000	       343	800008c0	fe010aa3	sb	x0,-11(x2)	  x2:0x800089e8  x0:0x00000000 PA:0x800089dd
        3455000	       344	800008c4	ff514d03	lbu	x26,-11(x2)	  x2:0x800089e8 x26=0x00000000 PA:0x800089dd
        3465000	       345	800008c8	00c12423	sw	x12,8(x2)	  x2:0x800089e8 x12:0x00000000 PA:0x800089f0
        3475000	       346	800008cc	00610423	sb	x6,8(x2)	  x2:0x800089e8  x6:0x00000000 PA:0x800089f0
        3485000	       347	800008d0	00815803	lhu	x16,8(x2)	  x2:0x800089e8 x16=0x00000000 PA:0x800089f0
        3495000	       348	800008d4	00810a83	lb	x21,8(x2)	  x2:0x800089e8 x21=0x00000000 PA:0x800089f0
        3505000	       349	800008d8	00810b03	lb	x22,8(x2)	  x2:0x800089e8 x22=0x00000000 PA:0x800089f0
        3515000	       350	800008dc	00710483	lb	x9,7(x2)	  x2:0x800089e8  x9=0x00000000 PA:0x800089ef
        3525000	       351	800008e0	1df25517	auipc	x10,0x1df25	 x10=0x9df258dc
        3535000	       352	800008e4	5e066db7	lui	x27,0x5e066	 x27=0x5e066000
        3545000	       353	800008e8	fc111323	sh	x1,-58(x2)	  x2:0x800089e8  x1:0x00000000 PA:0x800089ae
        3555000	       354	800008ec	fd514a83	lbu	x21,-43(x2)	  x2:0x800089e8 x21=0x00000000 PA:0x800089bd
        3565000	       355	800008f0	fd314e03	lbu	x28,-45(x2)	  x2:0x800089e8 x28=0x00000000 PA:0x800089bb
        3575000	       356	800008f4	fd811c83	lh	x25,-40(x2)	  x2:0x800089e8 x25=0x00000000 PA:0x800089c0
        3585000	       357	800008f8	fc215e03	lhu	x28,-62(x2)	  x2:0x800089e8 x28=0x00000000 PA:0x800089aa
        3595000	       358	800008fc	00008117	auipc	x2,0x8	  x2=0x800088f8
        3605000	       359	80000900	f9e10113	addi	x2,x2,-98	  x2:0x800088f8  x2=0x80008896
        3615000	       360	80000904	00000013	addi	x0,x0,0	  x0:0x00000000
        3625000	       361	80000908	4aab2617	auipc	x12,0x4aab2	 x12=0xcaab2904
        3635000	       362	8000090c	00000013	addi	x0,x0,0	  x0:0x00000000
        3645000	       363	80000910	fb78a497	auipc	x9,0xfb78a	  x9=0x7b78a90c
        3655000	       364	80000914	0064c4b3	xor	x9,x9,x6	  x9:0x7b78a90c  x6:0x00000000  x9=0x7b78a90c
        3665000	       365	80000918	00f89613	slli	x12,x17,0xf	 x17:0x80009f3c x12=0x4f9e0000
        3675000	       366	8000091c	41dad493	srai	x9,x21,0x1d	 x21:0x00000000  x9=0x00000000
        3685000	       367	80000920	00d2df13	srli	x30,x5,0xd	  x5:0x00000000 x30=0x00000000
        3695000	       368	80000924	012afbb3	and	x23,x21,x18	 x21:0x00000000 x18:0x00000000 x23=0x00000000
        3705000	       369	80000928	7f5e6793	ori	x15,x28,2037	 x28:0x00000000 x15=0x000007f5
        3715000	       370	8000092c	03015983	lhu	x19,48(x2)	  x2:0x80008896 x19=0x00000000 PA:0x800088c6
        3725000	       371	80000930	02011323	sh	x0,38(x2)	  x2:0x80008896  x0:0x00000000 PA:0x800088bc
        3735000	       372	80000934	00e10983	lb	x19,14(x2)	  x2:0x80008896 x19=0x00000000 PA:0x800088a4
        3745000	       373	80000938	40c7de33	sra	x28,x15,x12	 x15:0x000007f5 x12:0x4f9e0000 x28=0x000007f5
        3755000	       374	8000093c	ff314303	lbu	x6,-13(x2)	  x2:0x80008896  x6=0x00000000 PA:0x80008889
        3765000	       375	80000940	40355b93	srai	x23,x10,0x3	 x10:0x9df258dc x23=0xf3be4b1b
        3775000	       376	80000944	01c3d933	srl	x18,x7,x28	  x7:0x000000c4 x28:0x000007f5 x18=0x00000000
        3785000	       377	80000948	026109a3	sb	x6,51(x2)	  x2:0x80008896  x6:0x00000000 PA:0x800088c9
        3795000	       378	8000094c	016b32b3	sltu	x5,x22,x22	 x22:0x00000000 x22:0x00000000  x5=0x00000000
        3805000	       379	80000950	03114d83	lbu	x27,49(x2)	  x2:0x80008896 x27=0x00000000 PA:0x800088c7
        3815000	       380	80000954	415bd513	srai	x10,x23,0x15	 x23:0xf3be4b1b x10=0xffffff9d
        3825000	       381	80000958	01c26bb3	or	x23,x4,x28	  x4:0xf40a27b2 x28:0x000007f5 x23=0xf40a27f7
        3835000	       382	8000095c	00932e33	slt	x28,x6,x9	  x6:0x00000000  x9:0x00000000 x28=0x00000000
        3845000	       383	80000960	40cc5e13	srai	x28,x24,0xc	 x24:0x00000001 x28=0x00000000
        3855000	       384	80000964	4cb5e493	ori	x9,x11,1227	 x11:0x00000000  x9=0x000004cb
        3865000	       385	80000968	fdb10e03	lb	x28,-37(x2)	  x2:0x80008896 x28=0x00000000 PA:0x80008871
        3875000	       386	8000096c	cb82fcb7	lui	x25,0xcb82f	 x25=0xcb82f000
        3885000	       387	80000970	0069eeb3	or	x29,x19,x6	 x19:0x00000000  x6:0x00000000 x29=0x00000000
        3895000	       388	80000974	03010703	lb	x14,48(x2)	  x2:0x80008896 x14=0x00000000 PA:0x800088c6
        3905000	       389	80000978	1b516f13	ori	x30,x2,437	  x2:0x80008896 x30=0x800089b7
        3915000	       390	8000097c	00000013	addi	x0,x0,0	  x0:0x00000000
        3925000	       391	80000980	04dd7c93	andi	x25,x26,77	 x26:0x00000000 x25=0x00000000
        3935000	       392	80000984	009107a3	sb	x9,15(x2)	  x2:0x80008896  x9:0x000004cb PA:0x800088a5
        3945000	       393	80000988	01b3dcb3	srl	x25,x7,x27	  x7:0x000000c4 x27:0x00000000 x25=0x000000c4
        3955000	       394	8000098c	01fcc533	xor	x10,x25,x31	 x25:0x000000c4 x31:0x00000000 x10=0x000000c4
        3965000	       395	80000990	03614003	lbu	x0,54(x2)	  x2:0x80008896 PA:0x800088cc
        3975000	       396	80000994	7daf7713	andi	x14,x30,2010	 x30:0x800089b7 x14=0x00000192
        3985000	       397	80000998	e6928a93	addi	x21,x5,-407	  x5:0x00000000 x21=0xfffffe69
        3995000	       398	8000099c	00011483	lh	x9,0(x2)	  x2:0x80008896  x9=0x00000000 PA:0x80008896
        4005000	       399	800009a0	03c11b23	sh	x28,54(x2)	  x2:0x80008896 x28:0x00000000 PA:0x800088cc
        4015000	       400	800009a4	039100a3	sb	x25,33(x2)	  x2:0x80008896 x25:0x000000c4 PA:0x800088b7
        4025000	       401	800009a8	00008f97	auipc	x31,0x8	 x31=0x800089a4
        4035000	       402	800009ac	9def8f93	addi	x31,x31,-1570	 x31:0x800089a4 x31=0x80008382
        4045000	       403	800009b0	0bdf8823	sb	x29,176(x31)	 x31:0x80008382 x29:0x00000000 PA:0x80008432
        4055000	       404	800009b4	b43af7b7	lui	x15,0xb43af	 x15=0xb43af000
        4065000	       405	800009b8	fe3fc403	lbu	x8,-29(x31)	 x31:0x80008382  x8=0x00000000 PA:0x80008365
        4075000	       406	800009bc	fe3f8503	lb	x10,-29(x31)	 x31:0x80008382 x10=0x00000000 PA:0x80008365
        4085000	       407	800009c0	0def8e03	lb	x28,222(x31)	 x31:0x80008382 x28=0x00000000 PA:0x80008460
        4095000	       408	00000000	00000013	addi	x0,x0,0	  x0:0x00000000
        4105000	       409	800009c4	09cf8fa3	sb	x28,159(x31)	 x31:0x80008382 x28:0x00000000 PA:0x80008421
        4115000	       410	800009c8	0d220e93	addi	x29,x4,210	  x4:0xf40a27b2 x29=0xf40a2884
        4125000	       411	800009cc	080f8fa3	sb	x0,159(x31)	 x31:0x80008382  x0:0x00000000 PA:0x80008421
        4135000	       412	800009d0	09ff8003	lb	x0,159(x31)	 x31:0x80008382 PA:0x80008421
        4145000	       413	800009d4	084f8fa3	sb	x4,159(x31)	 x31:0x80008382  x4:0xf40a27b2 PA:0x80008421
        4155000	       414	800009d8	40cf8533	sub	x10,x31,x12	 x31:0x80008382 x12:0x4f9e0000 x10=0x30628382
        4165000	       415	800009dc	0bff4413	xori	x8,x30,191	 x30:0x800089b7  x8=0x80008908
        4175000	       416	800009e0	080f8fa3	sb	x0,159(x31)	 x31:0x80008382  x0:0x00000000 PA:0x80008421
        4185000	       417	800009e4	09ff8a83	lb	x21,159(x31)	 x31:0x80008382 x21=0x00000000 PA:0x80008421
        4195000	       418	800009e8	09ff8783	lb	x15,159(x31)	 x31:0x80008382 x15=0x00000000 PA:0x80008421
        4205000	       419	800009ec	09ffc903	lbu	x18,159(x31)	 x31:0x80008382 x18=0x00000000 PA:0x80008421
        4215000	       420	800009f0	00008517	auipc	x10,0x8	 x10=0x800089ec
        4225000	       421	800009f4	3e950513	addi	x10,x10,1001	 x10:0x800089ec x10=0x80008dd5
        4235000	       422	800009f8	00008f97	auipc	x31,0x8	 x31=0x800089f4
        4245000	       423	800009fc	24ff8f93	addi	x31,x31,591	 x31:0x800089f4 x31=0x80008c43
        4255000	       424	80000a00	00008117	auipc	x2,0x8	  x2=0x800089fc
        4265000	       425	80000a04	53910113	addi	x2,x2,1337	  x2:0x800089fc  x2=0x80008f35
        4275000	       426	80000a08	fcf10903	lb	x18,-49(x2)	  x2:0x80008f35 x18=0x00000000 PA:0x80008f04
        4285000	       427	80000a0c	00ff93a3	sh	x15,7(x31)	 x31:0x80008c43 x15:0x00000000 PA:0x80008c4a
        4295000	       428	80000a10	fc710383	lb	x7,-57(x2)	  x2:0x80008f35  x7=0x00000000 PA:0x80008efc
        4305000	       429	80000a14	fea10303	lb	x6,-22(x2)	  x2:0x80008f35  x6=0x00000000 PA:0x80008f1f
        4315000	       430	80000a18	ffc50f03	lb	x30,-4(x10)	 x10:0x80008dd5 x30=0x00000000 PA:0x80008dd1
        4325000	       431	80000a1c	00008997	auipc	x19,0x8	 x19=0x80008a18
        4335000	       432	80000a20	fb098993	addi	x19,x19,-80	 x19:0x80008a18 x19=0x800089c8
        4345000	       433	80000a24	ff4fc003	lbu	x0,-12(x31)	 x31:0x80008c43 PA:0x80008c37
        4355000	       434	80000a28	00050a83	lb	x21,0(x10)	 x10:0x80008dd5 x21=0x00000000 PA:0x80008dd5
        4365000	       435	80000a2c	fcc10923	sb	x12,-46(x2)	  x2:0x80008f35 x12:0x4f9e0000 PA:0x80008f07
        4375000	       436	80000a30	00cfcc83	lbu	x25,12(x31)	 x31:0x80008c43 x25=0x00000000 PA:0x80008c4f
        4385000	       437	80000a34	f7e9da83	lhu	x21,-130(x19)	 x19:0x800089c8 x21=0x00000000 PA:0x80008946
        4395000	       438	80000a38	5a49df03	lhu	x30,1444(x19)	 x19:0x800089c8 x30=0x00000000 PA:0x80008f6c
        4405000	       439	80000a3c	01810123	sb	x24,2(x2)	  x2:0x80008f35 x24:0x00000001 PA:0x80008f37
        4415000	       440	80000a40	01b10c23	sb	x27,24(x2)	  x2:0x80008f35 x27:0x00000000 PA:0x80008f4d
        4425000	       441	80000a44	56598183	lb	x3,1381(x19)	 x19:0x800089c8  x3=0x00000000 PA:0x80008f2d
        4435000	       442	80000a48	008fc283	lbu	x5,8(x31)	 x31:0x80008c43  x5=0x00000000 PA:0x80008c4b
        4445000	       443	80000a4c	3f198d03	lb	x26,1009(x19)	 x19:0x800089c8 x26=0x00000000 PA:0x80008db9
        4455000	       444	80000a50	4769d683	lhu	x13,1142(x19)	 x19:0x800089c8 x13=0x00000000 PA:0x80008e3e
        4465000	       445	80000a54	fe0f9aa3	sh	x0,-11(x31)	 x31:0x80008c43  x0:0x00000000 PA:0x80008c38
        4475000	       446	80000a58	e999cc83	lbu	x25,-359(x19)	 x19:0x800089c8 x25=0x00000000 PA:0x80008861
        4485000	       447	80000a5c	ff610b23	sb	x22,-10(x2)	  x2:0x80008f35 x22:0x00000000 PA:0x80008f2b
        4495000	       448	80000a60	00b52e03	lw	x28,11(x10)	 x10:0x80008dd5 x28=0x00000000 PA:0x80008de0
        4505000	       449	80000a64	00df8703	lb	x14,13(x31)	 x31:0x80008c43 x14=0x00000000 PA:0x80008c50
        4515000	       450	80000a68	31a9cd03	lbu	x26,794(x19)	 x19:0x800089c8 x26=0x00000000 PA:0x80008ce2
        4525000	       451	80000a6c	02510f03	lb	x30,37(x2)	  x2:0x80008f35 x30=0x00000000 PA:0x80008f5a
        4535000	       452	80000a70	ff254283	lbu	x5,-14(x10)	 x10:0x80008dd5  x5=0x00000000 PA:0x80008dc7
        4545000	       453	00000000	00000013	addi	x0,x0,0	  x0:0x00000000
        4555000	       454	80000a74	48598fa3	sb	x5,1183(x19)	 x19:0x800089c8  x5:0x00000000 PA:0x80008e67
        4565000	       455	80000a78	1ff9c703	lbu	x14,511(x19)	 x19:0x800089c8 x14=0x00000000 PA:0x80008bc7
        4575000	       456	80000a7c	00af8183	lb	x3,10(x31)	 x31:0x80008c43  x3=0x00000000 PA:0x80008c4d
        4585000	       457	80000a80	ff6f8383	lb	x7,-10(x31)	 x31:0x80008c43  x7=0x00000000 PA:0x80008c39
        4595000	       458	80000a84	00cfc803	lbu	x16,12(x31)	 x31:0x80008c43 x16=0x00000000 PA:0x80008c4f
        4605000	       459	80000a88	ffe54d03	lbu	x26,-2(x10)	 x10:0x80008dd5 x26=0x00000000 PA:0x80008dd3
        4615000	       460	80000a8c	ffdf9383	lh	x7,-3(x31)	 x31:0x80008c43  x7=0x00000000 PA:0x80008c40
        4625000	       461	80000a90	00008117	auipc	x2,0x8	  x2=0x80008a8c
        4635000	       462	80000a94	a9610113	addi	x2,x2,-1386	  x2:0x80008a8c  x2=0x80008522
        4645000	       463	80000a98	ff914703	lbu	x14,-7(x2)	  x2:0x80008522 x14=0x00000000 PA:0x8000851b
        4655000	       464	80000a9c	01914e83	lbu	x29,25(x2)	  x2:0x80008522 x29=0x00000000 PA:0x8000853b
        4665000	       465	80000aa0	03514903	lbu	x18,53(x2)	  x2:0x80008522 x18=0x00000000 PA:0x80008557
        4675000	       466	80000aa4	02210aa3	sb	x2,53(x2)	  x2:0x80008522  x2:0x80008522 PA:0x80008557
        4685000	       467	80000aa8	00519093	slli	x1,x3,0x5	  x3:0x00000000  x1=0x00000000
        4695000	       468	80000aac	03510983	lb	x19,53(x2)	  x2:0x80008522 x19=0x00000022 PA:0x80008557
        4705000	       469	80000ab0	00000013	addi	x0,x0,0	  x0:0x00000000
        4715000	       470	80000ab4	a8aaf293	andi	x5,x21,-1398	 x21:0x00000000  x5=0x00000000
        4725000	       471	80000ab8	03510e83	lb	x29,53(x2)	  x2:0x80008522 x29=0x00000022 PA:0x80008557
        4735000	       472	80000abc	03514c83	lbu	x25,53(x2)	  x2:0x80008522 x25=0x00000022 PA:0x80008557
        4745000	       473	80000ac0	03410aa3	sb	x20,53(x2)	  x2:0x80008522 x20:0x80009fc4 PA:0x80008557
        4755000	       474	80000ac4	03510a83	lb	x21,53(x2)	  x2:0x80008522 x21=0xffffffc4 PA:0x80008557
        4765000	       475	80000ac8	03f10aa3	sb	x31,53(x2)	  x2:0x80008522 x31:0x80008c43 PA:0x80008557
        4775000	       476	80000acc	005863b3	or	x7,x16,x5	 x16:0x00000000  x5:0x00000000  x7=0x00000000
        4785000	       477	80000ad0	03514303	lbu	x6,53(x2)	  x2:0x80008522  x6=0x00000043 PA:0x80008557
        4795000	       478	80000ad4	03510c83	lb	x25,53(x2)	  x2:0x80008522 x25=0x00000043 PA:0x80008557
        4805000	       479	80000ad8	008dc933	xor	x18,x27,x8	 x27:0x00000000  x8:0x80008908 x18=0x80008908
        4815000	       480	80000adc	00adc533	xor	x10,x27,x10	 x27:0x00000000 x10:0x80008dd5 x10=0x80008dd5
        4825000	       481	80000ae0	03510003	lb	x0,53(x2)	  x2:0x80008522 PA:0x80008557
        4835000	       482	80000ae4	00007e17	auipc	x28,0x7	 x28=0x80007ae0
        4845000	       483	80000ae8	5a9e0e13	addi	x28,x28,1449	 x28:0x80007ae0 x28=0x80008089
        4855000	       484	80000aec	042e0b23	sb	x2,86(x28)	 x28:0x80008089  x2:0x80008522 PA:0x800080df
        4865000	       485	80000af0	0e5e0123	sb	x5,226(x28)	 x28:0x80008089  x5:0x00000000 PA:0x8000816b
        4875000	       486	80000af4	d0fcff13	andi	x30,x25,-753	 x25:0x00000043 x30=0x00000003
        4885000	       487	80000af8	b3b491b7	lui	x3,0xb3b49	  x3=0xb3b49000
        4895000	       488	80000afc	00543fb3	sltu	x31,x8,x5	  x8:0x80008908  x5:0x00000000 x31=0x00000000
        4905000	       489	80000b00	40b9d593	srai	x11,x19,0xb	 x19:0x00000022 x11=0x00000000
        4915000	       490	80000b04	fdce4e83	lbu	x29,-36(x28)	 x28:0x80008089 x29=0x00000000 PA:0x80008065
        4925000	       491	80000b08	fc9e0023	sb	x9,-64(x28)	 x28:0x80008089  x9:0x00000000 PA:0x80008049
        4935000	       492	80000b0c	06be5803	lhu	x16,107(x28)	 x28:0x80008089 x16=0x00000000 PA:0x800080f4
        4945000	       493	80000b10	0b8e0223	sb	x24,164(x28)	 x28:0x80008089 x24:0x00000001 PA:0x8000812d
        4955000	       494	80000b14	61caf713	andi	x14,x21,1564	 x21:0xffffffc4 x14=0x00000604
        4965000	       495	80000b18	e07bbb93	sltiu	x23,x23,-505	 x23:0xf40a27f7 x23=0x00000001
        4975000	       496	80000b1c	c39e6993	ori	x19,x28,-967	 x28:0x80008089 x19=0xfffffcb9
        4985000	       497	80000b20	097e0e23	sb	x23,156(x28)	 x28:0x80008089 x23:0x00000001 PA:0x80008125
        4995000	       498	80000b24	02be0d23	sb	x11,58(x28)	 x28:0x80008089 x11:0x00000000 PA:0x800080c3
        5005000	       499	80000b28	ff3e0e23	sb	x19,-4(x28)	 x28:0x80008089 x19:0xfffffcb9 PA:0x80008085
        5015000	       500	80000b2c	052e0583	lb	x11,82(x28)	 x28:0x80008089 x11=0x00000000 PA:0x800080db
        5025000	       501	80000b30	005e0ea3	sb	x5,29(x28)	 x28:0x80008089  x5:0x00000000 PA:0x800080a6
        5035000	       502	80000b34	40d351b3	sra	x3,x6,x13	  x6:0x00000043 x13:0x00000000  x3=0x00000043
        5045000	       503	80000b38	064e0e83	lb	x29,100(x28)	 x28:0x80008089 x29=0x00000000 PA:0x800080ed
        5055000	       504	80000b3c	0a9e1103	lh	x2,169(x28)	 x28:0x80008089  x2=0x00000000 PA:0x80008132
        5065000	       505	80000b40	0097fcb3	and	x25,x15,x9	 x15:0x00000000  x9:0x00000000 x25=0x00000000
        5075000	       506	80000b44	44228817	auipc	x16,0x44228	 x16=0xc4228b40
        5085000	       507	80000b48	021e0d03	lb	x26,33(x28)	 x28:0x80008089 x26=0x00000000 PA:0x800080aa
        5095000	       508	80000b4c	00008117	auipc	x2,0x8	  x2=0x80008b48
        5105000	       509	80000b50	29510113	addi	x2,x2,661	  x2:0x80008b48  x2=0x80008ddd
        5115000	       510	80000b54	005694b3	sll	x9,x13,x5	 x13:0x00000000  x5:0x00000000  x9=0x00000000
        5125000	       511	80000b58	fff14f83	lbu	x31,-1(x2)	  x2:0x80008ddd x31=0x00000000 PA:0x80008ddc
        5135000	       512	80000b5c	ba16b513	sltiu	x10,x13,-1119	 x13:0x00000000 x10=0x00000001
        5145000	       513	80000b60	41168eb3	sub	x29,x13,x17	 x13:0x00000000 x17:0x80009f3c x29=0x7fff60c4
        5155000	       514	80000b64	00115e83	lhu	x29,1(x2)	  x2:0x80008ddd x29=0x00000000 PA:0x80008dde
        5165000	       515	80000b68	01014583	lbu	x11,16(x2)	  x2:0x80008ddd x11=0x00000000 PA:0x80008ded
        5175000	       516	80000b6c	4103dbb3	sra	x23,x7,x16	  x7:0x00000000 x16:0xc4228b40 x23=0x00000000
        5185000	       517	80000b70	cb78a513	slti	x10,x17,-841	 x17:0x80009f3c x10=0x00000001
        5195000	       518	80000b74	98724b13	xori	x22,x4,-1657	  x4:0xf40a27b2 x22=0x0bf5de35
        5205000	       519	80000b78	00110223	sb	x1,4(x2)	  x2:0x80008ddd  x1:0x00000000 PA:0x80008de1
        5215000	       520	80000b7c	00210483	lb	x9,2(x2)	  x2:0x80008ddd  x9=0x00000000 PA:0x80008ddf
        5225000	       521	80000b80	fe311ea3	sh	x3,-3(x2)	  x2:0x80008ddd  x3:0x00000043 PA:0x80008dda
        5235000	       522	80000b84	13060c13	addi	x24,x12,304	 x12:0x4f9e0000 x24=0x4f9e0130
        5245000	       523	80000b88	a1cf2013	slti	x0,x30,-1508	 x30:0x00000003
        5255000	       524	80000b8c	00000013	addi	x0,x0,0	  x0:0x00000000
        5265000	       525	80000b90	00a14683	lbu	x13,10(x2)	  x2:0x80008ddd x13=0x00000000 PA:0x80008de7
        5275000	       526	80000b94	00441e33	sll	x28,x8,x4	  x8:0x80008908  x4:0xf40a27b2 x28=0x24200000
        5285000	       527	80000b98	ff710e23	sb	x23,-4(x2)	  x2:0x80008ddd x23:0x00000000 PA:0x80008dd9
        5295000	       528	80000b9c	408f89b3	sub	x19,x31,x8	 x31:0x00000000  x8:0x80008908 x19=0x7fff76f8
        5305000	       529	80000ba0	4058dcb3	sra	x25,x17,x5	 x17:0x80009f3c  x5:0x00000000 x25=0x80009f3c
        5315000	       530	80000ba4	00d10903	lb	x18,13(x2)	  x2:0x80008ddd x18=0x00000000 PA:0x80008dea
        5325000	       531	80000ba8	01c79ab3	sll	x21,x15,x28	 x15:0x00000000 x28:0x24200000 x21=0x00000000
        5335000	       532	80000bac	fff11803	lh	x16,-1(x2)	  x2:0x80008ddd x16=0x00000000 PA:0x80008ddc
        5345000	       533	80000bb0	ff814003	lbu	x0,-8(x2)	  x2:0x80008ddd PA:0x80008dd5
        5355000	       534	80000bb4	414057b3	sra	x15,x0,x20	  x0:0x00000000 x20:0x80009fc4 x15=0x00000000
        5365000	       535	80000bb8	00ed5d13	srli	x26,x26,0xe	 x26:0x00000000 x26=0x00000000
        5375000	       536	80000bbc	00d15903	lhu	x18,13(x2)	  x2:0x80008ddd x18=0x00000000 PA:0x80008dea
        5385000	       537	80000bc0	a58bf593	andi	x11,x23,-1448	 x23:0x00000000 x11=0x00000000
        5395000	       538	80000bc4	ff410503	lb	x10,-12(x2)	  x2:0x80008ddd x10=0x00000000 PA:0x80008dd1
        5405000	       539	80000bc8	01510123	sb	x21,2(x2)	  x2:0x80008ddd x21:0x00000000 PA:0x80008ddf
        5415000	       540	80000bcc	00890433	add	x8,x18,x8	 x18:0x00000000  x8:0x80008908  x8=0x80008908
        5425000	       541	80000bd0	4fa81db7	lui	x27,0x4fa81	 x27=0x4fa81000
        5435000	       542	80000bd4	01759f13	slli	x30,x11,0x17	 x11:0x00000000 x30=0x00000000
        5445000	       543	80000bd8	01010383	lb	x7,16(x2)	  x2:0x80008ddd  x7=0x00000000 PA:0x80008ded
        5455000	       544	80000bdc	01a121a3	sw	x26,3(x2)	  x2:0x80008ddd x26:0x00000000 PA:0x80008de0
        5465000	       545	80000be0	00c14f83	lbu	x31,12(x2)	  x2:0x80008ddd x31=0x00000000 PA:0x80008de9
        5475000	       546	80000be4	00710023	sb	x7,0(x2)	  x2:0x80008ddd  x7:0x00000000 PA:0x80008ddd
        5485000	       547	80000be8	01e379b3	and	x19,x6,x30	  x6:0x00000043 x30:0x00000000 x19=0x00000000
        5495000	       548	80000bec	01e0d413	srli	x8,x1,0x1e	  x1:0x00000000  x8=0x00000000
        5505000	       549	80000bf0	4ca18d93	addi	x27,x3,1226	  x3:0x00000043 x27=0x0000050d
        5515000	       550	80000bf4	4183df13	srai	x30,x7,0x18	  x7:0x00000000 x30=0x00000000
        5525000	       551	80000bf8	40dddc33	sra	x24,x27,x13	 x27:0x0000050d x13:0x00000000 x24=0x0000050d
        5535000	       552	80000bfc	00d15b83	lhu	x23,13(x2)	  x2:0x80008ddd x23=0x00000000 PA:0x80008dea
        5545000	       553	80000c00	00007117	auipc	x2,0x7	  x2=0x80007bfc
        5555000	       554	80000c04	5b410113	addi	x2,x2,1460	  x2:0x80007bfc  x2=0x800081b0
        5565000	       555	80000c08	ff411603	lh	x12,-12(x2)	  x2:0x800081b0 x12=0x00000000 PA:0x800081a4
        5575000	       556	80000c0c	01fc9eb3	sll	x29,x25,x31	 x25:0x80009f3c x31:0x00000000 x29=0x80009f3c
        5585000	       557	80000c10	fef12e23	sw	x15,-4(x2)	  x2:0x800081b0 x15:0x00000000 PA:0x800081ac
        5595000	       558	80000c14	fe012e23	sw	x0,-4(x2)	  x2:0x800081b0  x0:0x00000000 PA:0x800081ac
        5605000	       559	80000c18	ff914c03	lbu	x24,-7(x2)	  x2:0x800081b0 x24=0x00000000 PA:0x800081a9
        5615000	       560	80000c1c	ff914383	lbu	x7,-7(x2)	  x2:0x800081b0  x7=0x00000000 PA:0x800081a9
        5625000	       561	80000c20	00c65793	srli	x15,x12,0xc	 x12:0x00000000 x15=0x00000000
        5635000	       562	80000c24	ff910783	lb	x15,-7(x2)	  x2:0x800081b0 x15=0x00000000 PA:0x800081a9
        5645000	       563	80000c28	fe810ca3	sb	x8,-7(x2)	  x2:0x800081b0  x8:0x00000000 PA:0x800081a9
        5655000	       564	80000c2c	ff910783	lb	x15,-7(x2)	  x2:0x800081b0 x15=0x00000000 PA:0x800081a9
        5665000	       565	80000c30	00214003	lbu	x0,2(x2)	  x2:0x800081b0 PA:0x800081b2
        5675000	       566	80000c34	00214303	lbu	x6,2(x2)	  x2:0x800081b0  x6=0x00000000 PA:0x800081b2
        5685000	       567	80000c38	00211d03	lh	x26,2(x2)	  x2:0x800081b0 x26=0x00000000 PA:0x800081b2
        5695000	       568	80000c3c	00211e83	lh	x29,2(x2)	  x2:0x800081b0 x29=0x00000000 PA:0x800081b2
        5705000	       569	80000c40	00214183	lbu	x3,2(x2)	  x2:0x800081b0  x3=0x00000000 PA:0x800081b2
        5715000	       570	80000c44	009107a3	sb	x9,15(x2)	  x2:0x800081b0  x9:0x00000000 PA:0x800081bf
        5725000	       571	80000c48	41248fb3	sub	x31,x9,x18	  x9:0x00000000 x18:0x00000000 x31=0x00000000
        5735000	       572	80000c4c	007102a3	sb	x7,5(x2)	  x2:0x800081b0  x7:0x00000000 PA:0x800081b5
        5745000	       573	80000c50	ff615a83	lhu	x21,-10(x2)	  x2:0x800081b0 x21=0x00000000 PA:0x800081a6
        5755000	       574	80000c54	00008317	auipc	x6,0x8	  x6=0x80008c50
        5765000	       575	80000c58	2e630313	addi	x6,x6,742	  x6:0x80008c50  x6=0x80008f36
        5775000	       576	80000c5c	00008c97	auipc	x25,0x8	 x25=0x80008c58
        5785000	       577	80000c60	2c0c8c93	addi	x25,x25,704	 x25:0x80008c58 x25=0x80008f18
        5795000	       578	80000c64	fed308a3	sb	x13,-15(x6)	  x6:0x80008f36 x13:0x00000000 PA:0x80008f27
        5805000	       579	80000c68	01ec8e23	sb	x30,28(x25)	 x25:0x80008f18 x30:0x00000000 PA:0x80008f34
        5815000	       580	80000c6c	00d34e03	lbu	x28,13(x6)	  x6:0x80008f36 x28=0x00000000 PA:0x80008f43
        5825000	       581	80000c70	ff630583	lb	x11,-10(x6)	  x6:0x80008f36 x11=0x00000000 PA:0x80008f2c
        5835000	       582	80000c74	fc9cc483	lbu	x9,-55(x25)	 x25:0x80008f18  x9=0x00000000 PA:0x80008ee1
        5845000	       583	80000c78	007307a3	sb	x7,15(x6)	  x6:0x80008f36  x7:0x00000000 PA:0x80008f45
        5855000	       584	80000c7c	ff230fa3	sb	x18,-1(x6)	  x6:0x80008f36 x18:0x00000000 PA:0x80008f35
        5865000	       585	80000c80	ffc35b83	lhu	x23,-4(x6)	  x6:0x80008f36 x23=0x00000000 PA:0x80008f32
        5875000	       586	80000c84	fe330ea3	sb	x3,-3(x6)	  x6:0x80008f36  x3:0x00000000 PA:0x80008f33
        5885000	       587	80000c88	fc1c87a3	sb	x1,-49(x25)	 x25:0x80008f18  x1:0x00000000 PA:0x80008ee7
        5895000	       588	80000c8c	ffe31c23	sh	x30,-8(x6)	  x6:0x80008f36 x30:0x00000000 PA:0x80008f2e
        5905000	       589	80000c90	fffccd03	lbu	x26,-1(x25)	 x25:0x80008f18 x26=0x00000000 PA:0x80008f17
        5915000	       590	80000c94	fccccd03	lbu	x26,-52(x25)	 x25:0x80008f18 x26=0x00000000 PA:0x80008ee4
        5925000	       591	80000c98	00008b97	auipc	x23,0x8	 x23=0x80008c94
        5935000	       592	80000c9c	807b8b93	addi	x23,x23,-2041	 x23:0x80008c94 x23=0x8000849b
        5945000	       593	80000ca0	006c7433	and	x8,x24,x6	 x24:0x00000000  x6:0x80008f36  x8=0x00000000
        5955000	       594	80000ca4	f21b9483	lh	x9,-223(x23)	 x23:0x8000849b  x9=0x00000000 PA:0x800083bc
        5965000	       595	80000ca8	06abc483	lbu	x9,106(x23)	 x23:0x8000849b  x9=0x00000000 PA:0x80008505
        5975000	       596	80000cac	e2054d13	xori	x26,x10,-480	 x10:0x00000000 x26=0xfffffe20
        5985000	       597	80000cb0	f41b9503	lh	x10,-191(x23)	 x23:0x8000849b x10=0x00000000 PA:0x800083dc
        5995000	       598	80000cb4	17d1f713	andi	x14,x3,381	  x3:0x00000000 x14=0x00000000
        6005000	       599	80000cb8	f79bce83	lbu	x29,-135(x23)	 x23:0x8000849b x29=0x00000000 PA:0x80008414
        6015000	       600	80000cbc	047b94a3	sh	x7,73(x23)	 x23:0x8000849b  x7:0x00000000 PA:0x800084e4
        6025000	       601	80000cc0	faabca83	lbu	x21,-86(x23)	 x23:0x8000849b x21=0x00000000 PA:0x80008445
        6035000	       602	80000cc4	006749b3	xor	x19,x14,x6	 x14:0x00000000  x6:0x80008f36 x19=0x80008f36
        6045000	       603	80000cc8	fd00f293	andi	x5,x1,-48	  x1:0x00000000  x5=0x00000000
        6055000	       604	80000ccc	d6208013	addi	x0,x1,-670	  x1:0x00000000
        6065000	       605	80000cd0	02db8da3	sb	x13,59(x23)	 x23:0x8000849b x13:0x00000000 PA:0x800084d6
        6075000	       606	80000cd4	048b8e83	lb	x29,72(x23)	 x23:0x8000849b x29=0x00000000 PA:0x800084e3
        6085000	       607	80000cd8	01685593	srli	x11,x16,0x16	 x16:0x00000000 x11=0x00000000
        6095000	       608	80000cdc	4125dc33	sra	x24,x11,x18	 x11:0x00000000 x18:0x00000000 x24=0x00000000
        6105000	       609	80000ce0	0f3bd103	lhu	x2,243(x23)	 x23:0x8000849b  x2=0x00000000 PA:0x8000858e
        6115000	       610	80000ce4	f3bb8483	lb	x9,-197(x23)	 x23:0x8000849b  x9=0x00000000 PA:0x800083d6
        6125000	       611	80000ce8	00c1e2b3	or	x5,x3,x12	  x3:0x00000000 x12:0x00000000  x5=0x00000000
        6135000	       612	80000cec	0c9ba903	lw	x18,201(x23)	 x23:0x8000849b x18=0x00000000 PA:0x80008564
        6145000	       613	80000cf0	0d4bc283	lbu	x5,212(x23)	 x23:0x8000849b  x5=0x00000000 PA:0x8000856f
        6155000	       614	80000cf4	09dbd103	lhu	x2,157(x23)	 x23:0x8000849b  x2=0x00000000 PA:0x80008538
        6165000	       615	80000cf8	00db94a3	sh	x13,9(x23)	 x23:0x8000849b x13:0x00000000 PA:0x800084a4
        6175000	       616	80000cfc	058b8c03	lb	x24,88(x23)	 x23:0x8000849b x24=0x00000000 PA:0x800084f3
        6185000	       617	80000d00	13186637	lui	x12,0x13186	 x12=0x13186000
        6195000	       618	80000d04	0bfb8283	lb	x5,191(x23)	 x23:0x8000849b  x5=0x00000000 PA:0x8000855a
        6205000	       619	80000d08	084b8623	sb	x4,140(x23)	 x23:0x8000849b  x4:0xf40a27b2 PA:0x80008527
        6215000	       620	80000d0c	00008197	auipc	x3,0x8	  x3=0x80008d08
        6225000	       621	80000d10	c6518193	addi	x3,x3,-923	  x3:0x80008d08  x3=0x8000896d
        6235000	       622	80000d14	00008b97	auipc	x23,0x8	 x23=0x80008d10
        6245000	       623	80000d18	b81b8b93	addi	x23,x23,-1151	 x23:0x80008d10 x23=0x80008891
        6255000	       624	80000d1c	fc1b9ea3	sh	x1,-35(x23)	 x23:0x80008891  x1:0x00000000 PA:0x8000886e
        6265000	       625	80000d20	ff21c783	lbu	x15,-14(x3)	  x3:0x8000896d x15=0x00000000 PA:0x8000895f
        6275000	       626	80000d24	ff719e03	lh	x28,-9(x3)	  x3:0x8000896d x28=0x00000000 PA:0x80008964
        6285000	       627	80000d28	00008f17	auipc	x30,0x8	 x30=0x80008d24
        6295000	       628	80000d2c	2b4f0f13	addi	x30,x30,692	 x30:0x80008d24 x30=0x80008fd8
        6305000	       629	80000d30	0051cb03	lbu	x22,5(x3)	  x3:0x8000896d x22=0x00000000 PA:0x80008972
        6315000	       630	80000d34	00008917	auipc	x18,0x8	 x18=0x80008d30
        6325000	       631	80000d38	bb990913	addi	x18,x18,-1095	 x18:0x80008d30 x18=0x800088e9
        6335000	       632	80000d3c	653908a3	sb	x19,1617(x18)	 x18:0x800088e9 x19:0x80008f36 PA:0x80008f3a
        6345000	       633	80000d40	ffff06a3	sb	x31,-19(x30)	 x30:0x80008fd8 x31:0x00000000 PA:0x80008fc5
        6355000	       634	80000d44	1f790523	sb	x23,490(x18)	 x18:0x800088e9 x23:0x80008891 PA:0x80008ad3
        6365000	       635	80000d48	3c0b8983	lb	x19,960(x23)	 x23:0x80008891 x19=0x00000000 PA:0x80008c51
        6375000	       636	80000d4c	5b8b8223	sb	x24,1444(x23)	 x23:0x80008891 x24:0x00000000 PA:0x80008e35
        6385000	       637	80000d50	6aa91fa3	sh	x10,1727(x18)	 x18:0x800088e9 x10:0x00000000 PA:0x80008fa8
        6395000	       638	80000d54	00ff4483	lbu	x9,15(x30)	 x30:0x80008fd8  x9=0x00000000 PA:0x80008fe7
        6405000	       639	80000d58	ff51d983	lhu	x19,-11(x3)	  x3:0x8000896d x19=0x00000000 PA:0x80008962
        6415000	       640	80000d5c	fa6b8b03	lb	x22,-90(x23)	 x23:0x80008891 x22=0x00000000 PA:0x80008837
        6425000	       641	80000d60	26991283	lh	x5,617(x18)	 x18:0x800088e9  x5=0x00000000 PA:0x80008b52
        6435000	       642	80000d64	38391b03	lh	x22,899(x18)	 x18:0x800088e9 x22=0x00000000 PA:0x80008c6c
        6445000	       643	80000d68	50bb96a3	sh	x11,1293(x23)	 x23:0x80008891 x11:0x00000000 PA:0x80008d9e
        6455000	       644	80000d6c	ff3f09a3	sb	x19,-13(x30)	 x30:0x80008fd8 x19:0x00000000 PA:0x80008fcb
        6465000	       645	80000d70	feaf5083	lhu	x1,-22(x30)	 x30:0x80008fd8  x1=0x00000000 PA:0x80008fc2
        6475000	       646	80000d74	05bb8c23	sb	x27,88(x23)	 x23:0x80008891 x27:0x0000050d PA:0x800088e9
        6485000	       647	80000d78	ff918383	lb	x7,-7(x3)	  x3:0x8000896d  x7=0x00000000 PA:0x80008966
        6495000	       648	80000d7c	fdff4083	lbu	x1,-33(x30)	 x30:0x80008fd8  x1=0x00000000 PA:0x80008fb7
        6505000	       649	00000000	00000013	addi	x0,x0,0	  x0:0x00000000
        6515000	       650	80000d80	0011c803	lbu	x16,1(x3)	  x3:0x8000896d x16=0x00000000 PA:0x8000896e
        6525000	       651	80000d84	324bc603	lbu	x12,804(x23)	 x23:0x80008891 x12=0x00000000 PA:0x80008bb5
        6535000	       652	80000d88	01018d03	lb	x26,16(x3)	  x3:0x8000896d x26=0x00000000 PA:0x8000897d
        6545000	       653	80000d8c	44c94083	lbu	x1,1100(x18)	 x18:0x800088e9  x1=0x00000000 PA:0x80008d35
        6555000	       654	80000d90	405902a3	sb	x5,1029(x18)	 x18:0x800088e9  x5:0x00000000 PA:0x80008cee
        6565000	       655	80000d94	ff018003	lb	x0,-16(x3)	  x3:0x8000896d PA:0x8000895d
        6575000	       656	80000d98	3fa912a3	sh	x26,997(x18)	 x18:0x800088e9 x26:0x00000000 PA:0x80008cce
        6585000	       657	80000d9c	00008117	auipc	x2,0x8	  x2=0x80008d98
        6595000	       658	80000da0	a9010113	addi	x2,x2,-1392	  x2:0x80008d98  x2=0x80008828
        6605000	       659	80000da4	00415583	lhu	x11,4(x2)	  x2:0x80008828 x11=0x00000000 PA:0x8000882c
        6615000	       660	80000da8	02c10b03	lb	x22,44(x2)	  x2:0x80008828 x22=0x00000000 PA:0x80008854
        6625000	       661	80000dac	02c14503	lbu	x10,44(x2)	  x2:0x80008828 x10=0x00000000 PA:0x80008854
        6635000	       662	80000db0	03c10ca3	sb	x28,57(x2)	  x2:0x80008828 x28:0x00000000 PA:0x80008861
        6645000	       663	80000db4	00812c03	lw	x24,8(x2)	  x2:0x80008828 x24=0x00000000 PA:0x80008830
        6655000	       664	80000db8	401a5b13	srai	x22,x20,0x1	 x20:0x80009fc4 x22=0xc0004fe2
        6665000	       665	80000dbc	02e10e03	lb	x28,46(x2)	  x2:0x80008828 x28=0x00000000 PA:0x80008856
        6675000	       666	80000dc0	00310803	lb	x16,3(x2)	  x2:0x80008828 x16=0x00000000 PA:0x8000882b
        6685000	       667	80000dc4	019101a3	sb	x25,3(x2)	  x2:0x80008828 x25:0x80008f18 PA:0x8000882b
        6695000	       668	80000dc8	00698fb3	add	x31,x19,x6	 x19:0x00000000  x6:0x80008f36 x31=0x80008f36
        6705000	       669	80000dcc	00310383	lb	x7,3(x2)	  x2:0x80008828  x7=0x00000018 PA:0x8000882b
        6715000	       670	80000dd0	03f10183	lb	x3,63(x2)	  x2:0x80008828  x3=0x00000000 PA:0x80008867
        6725000	       671	80000dd4	00040db3	add	x27,x8,x0	  x8:0x00000000  x0:0x00000000 x27=0x00000000
        6735000	       672	80000dd8	03910fa3	sb	x25,63(x2)	  x2:0x80008828 x25:0x80008f18 PA:0x80008867
        6745000	       673	80000ddc	02010fa3	sb	x0,63(x2)	  x2:0x80008828  x0:0x00000000 PA:0x80008867
        6755000	       674	80000de0	03f14f83	lbu	x31,63(x2)	  x2:0x80008828 x31=0x00000000 PA:0x80008867
        6765000	       675	80000de4	02110b83	lb	x23,33(x2)	  x2:0x80008828 x23=0x00000000 PA:0x80008849
        6775000	       676	80000de8	ffb10c83	lb	x25,-5(x2)	  x2:0x80008828 x25=0x00000000 PA:0x80008823
        6785000	       677	80000dec	ff810da3	sb	x24,-5(x2)	  x2:0x80008828 x24:0x00000000 PA:0x80008823
        6795000	       678	80000df0	01b10e83	lb	x29,27(x2)	  x2:0x80008828 x29=0x00000000 PA:0x80008843
        6805000	       679	80000df4	01b10603	lb	x12,27(x2)	  x2:0x80008828 x12=0x00000000 PA:0x80008843
        6815000	       680	80000df8	00110a83	lb	x21,1(x2)	  x2:0x80008828 x21=0x00000000 PA:0x80008829
        6825000	       681	80000dfc	00007317	auipc	x6,0x7	  x6=0x80007df8
        6835000	       682	80000e00	58a30313	addi	x6,x6,1418	  x6:0x80007df8  x6=0x80008382
        6845000	       683	80000e04	00007c97	auipc	x25,0x7	 x25=0x80007e00
        6855000	       684	80000e08	3fcc8c93	addi	x25,x25,1020	 x25:0x80007e00 x25=0x800081fc
        6865000	       685	80000e0c	00007197	auipc	x3,0x7	  x3=0x80007e08
        6875000	       686	80000e10	2bb18193	addi	x3,x3,699	  x3:0x80007e08  x3=0x800080c3
        6885000	       687	80000e14	00007e17	auipc	x28,0x7	 x28=0x80007e10
        6895000	       688	80000e18	2bde0e13	addi	x28,x28,701	 x28:0x80007e10 x28=0x800080cd
        6905000	       689	80000e1c	fed34e83	lbu	x29,-19(x6)	  x6:0x80008382 x29=0x00000000 PA:0x8000836f
        6915000	       690	80000e20	fda1c583	lbu	x11,-38(x3)	  x3:0x800080c3 x11=0x00000000 PA:0x8000809d
        6925000	       691	80000e24	014e4f83	lbu	x31,20(x28)	 x28:0x800080cd x31=0x00000000 PA:0x800080e1
        6935000	       692	80000e28	fd031323	sh	x16,-58(x6)	  x6:0x80008382 x16:0x00000000 PA:0x80008348
        6945000	       693	80000e2c	0e218e23	sb	x2,252(x3)	  x3:0x800080c3  x2:0x80008828 PA:0x800081bf
        6955000	       694	80000e30	ff2e0483	lb	x9,-14(x28)	 x28:0x800080cd  x9=0x00000000 PA:0x800080bf
        6965000	       695	80000e34	026ca623	sw	x6,44(x25)	 x25:0x800081fc  x6:0x80008382 PA:0x80008228
        6975000	       696	80000e38	ff3c9623	sh	x19,-20(x25)	 x25:0x800081fc x19:0x00000000 PA:0x800081e8
        6985000	       697	80000e3c	0b8cc683	lbu	x13,184(x25)	 x25:0x800081fc x13=0x00000000 PA:0x800082b4
        6995000	       698	80000e40	003e0ea3	sb	x3,29(x28)	 x28:0x800080cd  x3:0x800080c3 PA:0x800080ea
        7005000	       699	80000e44	ff5e07a3	sb	x21,-17(x28)	 x28:0x800080cd x21:0x00000000 PA:0x800080bc
        7015000	       700	80000e48	0d71c283	lbu	x5,215(x3)	  x3:0x800080c3  x5=0x00000000 PA:0x8000819a
        7025000	       701	80000e4c	00930083	lb	x1,9(x6)	  x6:0x80008382  x1=0x00000000 PA:0x8000838b
        7035000	       702	80000e50	076ca423	sw	x22,104(x25)	 x25:0x800081fc x22:0xc0004fe2 PA:0x80008264
        7045000	       703	80000e54	fd9e1e83	lh	x29,-39(x28)	 x28:0x800080cd x29=0x00000000 PA:0x800080a6
        7055000	       704	80000e58	fb81c803	lbu	x16,-72(x3)	  x3:0x800080c3 x16=0x00000000 PA:0x8000807b
        7065000	       705	80000e5c	fd9c84a3	sb	x25,-55(x25)	 x25:0x800081fc x25:0x800081fc PA:0x800081c5
        7075000	       706	80000e60	02fe4283	lbu	x5,47(x28)	 x28:0x800080cd  x5=0x00000000 PA:0x800080fc
        7085000	       707	80000e64	fff30283	lb	x5,-1(x6)	  x6:0x80008382  x5=0x00000000 PA:0x80008381
        7095000	       708	80000e68	01ae1fa3	sh	x26,31(x28)	 x28:0x800080cd x26:0x00000000 PA:0x800080ec
        7105000	       709	80000e6c	0e71a8a3	sw	x7,241(x3)	  x3:0x800080c3  x7:0x00000018 PA:0x800081b4
        7115000	       710	80000e70	fc3e4c03	lbu	x24,-61(x28)	 x28:0x800080cd x24=0x00000000 PA:0x80008090
        7125000	       711	80000e74	fef303a3	sb	x15,-25(x6)	  x6:0x80008382 x15:0x00000000 PA:0x80008369
        7135000	       712	80000e78	016e4b83	lbu	x23,22(x28)	 x28:0x800080cd x23=0x00000000 PA:0x800080e3
        7145000	       713	80000e7c	06ac8383	lb	x7,106(x25)	 x25:0x800081fc  x7=0x00000000 PA:0x80008266
        7155000	       714	80000e80	fcd34a83	lbu	x21,-51(x6)	  x6:0x80008382 x21=0x00000000 PA:0x8000834f
        7165000	       715	80000e84	fb0c9423	sh	x16,-88(x25)	 x25:0x800081fc x16:0x00000000 PA:0x800081a4
        7175000	       716	80000e88	00008117	auipc	x2,0x8	  x2=0x80008e84
        7185000	       717	80000e8c	e9410113	addi	x2,x2,-364	  x2:0x80008e84  x2=0x80008d18
        7195000	       718	80000e90	fd210803	lb	x16,-46(x2)	  x2:0x80008d18 x16=0x00000000 PA:0x80008cea
        7205000	       719	80000e94	3a7d8937	lui	x18,0x3a7d8	 x18=0x3a7d8000
        7215000	       720	80000e98	0024de13	srli	x28,x9,0x2	  x9:0x00000000 x28=0x00000000
        7225000	       721	80000e9c	03514a83	lbu	x21,53(x2)	  x2:0x80008d18 x21=0x00000000 PA:0x80008d4d
        7235000	       722	80000ea0	fd0106a3	sb	x16,-51(x2)	  x2:0x80008d18 x16:0x00000000 PA:0x80008ce5
        7245000	       723	80000ea4	ff510b23	sb	x21,-10(x2)	  x2:0x80008d18 x21:0x00000000 PA:0x80008d0e
        7255000	       724	80000ea8	0032b3b3	sltu	x7,x5,x3	  x5:0x00000000  x3:0x800080c3  x7=0x00000001
        7265000	       725	80000eac	dbdb8f13	addi	x30,x23,-579	 x23:0x00000000 x30=0xfffffdbd
        7275000	       726	80000eb0	fec11523	sh	x12,-22(x2)	  x2:0x80008d18 x12:0x00000000 PA:0x80008d02
        7285000	       727	80000eb4	0160f5b3	and	x11,x1,x22	  x1:0x00000000 x22:0xc0004fe2 x11=0x00000000
        7295000	       728	80000eb8	006217b3	sll	x15,x4,x6	  x4:0xf40a27b2  x6:0x80008382 x15=0xd0289ec8
        7305000	       729	80000ebc	93895297	auipc	x5,0x93895	  x5=0x13895eb8
        7315000	       730	80000ec0	014102a3	sb	x20,5(x2)	  x2:0x80008d18 x20:0x80009fc4 PA:0x80008d1d
        7325000	       731	80000ec4	43a87493	andi	x9,x16,1082	 x16:0x00000000  x9=0x00000000
        7335000	       732	80000ec8	00000013	addi	x0,x0,0	  x0:0x00000000
        7345000	       733	80000ecc	03910003	lb	x0,57(x2)	  x2:0x80008d18 PA:0x80008d51
        7355000	       734	80000ed0	00871b13	slli	x22,x14,0x8	 x14:0x00000000 x22=0x00000000
        7365000	       735	80000ed4	5504ba93	sltiu	x21,x9,1360	  x9:0x00000000 x21=0x00000001
        7375000	       736	80000ed8	003c81b3	add	x3,x25,x3	 x25:0x800081fc  x3:0x800080c3  x3=0x000102bf
        7385000	       737	80000edc	00810fa3	sb	x8,31(x2)	  x2:0x80008d18  x8:0x00000000 PA:0x80008d37
        7395000	       738	80000ee0	4966b793	sltiu	x15,x13,1174	 x13:0x00000000 x15=0x00000001
        7405000	       739	80000ee4	fcb10423	sb	x11,-56(x2)	  x2:0x80008d18 x11:0x00000000 PA:0x80008ce0
        7415000	       740	80000ee8	fe211623	sh	x2,-20(x2)	  x2:0x80008d18  x2:0x80008d18 PA:0x80008d04
        7425000	       741	80000eec	00008117	auipc	x2,0x8	  x2=0x80008ee8
        7435000	       742	80000ef0	f8f10113	addi	x2,x2,-113	  x2:0x80008ee8  x2=0x80008e77
        7445000	       743	80000ef4	00511b03	lh	x22,5(x2)	  x2:0x80008e77 x22=0x00000000 PA:0x80008e7c
        7455000	       744	80000ef8	40738b33	sub	x22,x7,x7	  x7:0x00000001  x7:0x00000001 x22=0x00000000
        7465000	       745	80000efc	00510983	lb	x19,5(x2)	  x2:0x80008e77 x19=0x00000000 PA:0x80008e7c
        7475000	       746	80000f00	ff210d03	lb	x26,-14(x2)	  x2:0x80008e77 x26=0x00000000 PA:0x80008e69
        7485000	       747	80000f04	ff214283	lbu	x5,-14(x2)	  x2:0x80008e77  x5=0x00000000 PA:0x80008e69
        7495000	       748	80000f08	ff210003	lb	x0,-14(x2)	  x2:0x80008e77 PA:0x80008e69
        7505000	       749	80000f0c	01eb1f33	sll	x30,x22,x30	 x22:0x00000000 x30:0xfffffdbd x30=0x00000000
        7515000	       750	80000f10	00410123	sb	x4,2(x2)	  x2:0x80008e77  x4:0xf40a27b2 PA:0x80008e79
        7525000	       751	80000f14	00210903	lb	x18,2(x2)	  x2:0x80008e77 x18=0xffffffb2 PA:0x80008e79
        7535000	       752	80000f18	01b10123	sb	x27,2(x2)	  x2:0x80008e77 x27:0x00000000 PA:0x80008e79
        7545000	       753	80000f1c	00510683	lb	x13,5(x2)	  x2:0x80008e77 x13=0x00000000 PA:0x80008e7c
        7555000	       754	80000f20	00c14803	lbu	x16,12(x2)	  x2:0x80008e77 x16=0x00000000 PA:0x80008e83
        7565000	       755	80000f24	2a798313	addi	x6,x19,679	 x19:0x00000000  x6=0x000002a7
        7575000	       756	80000f28	00b15d03	lhu	x26,11(x2)	  x2:0x80008e77 x26=0x00000000 PA:0x80008e82
        7585000	       757	80000f2c	00b14703	lbu	x14,11(x2)	  x2:0x80008e77 x14=0x00000000 PA:0x80008e82
        7595000	       758	00000000	00000013	addi	x0,x0,0	  x0:0x00000000
        7605000	       759	80000f30	00ee1eb3	sll	x29,x28,x14	 x28:0x00000000 x14:0x00000000 x29=0x00000000
        7615000	       760	80000f34	00b15c83	lhu	x25,11(x2)	  x2:0x80008e77 x25=0x00000000 PA:0x80008e82
        7625000	       761	80000f38	00b14483	lbu	x9,11(x2)	  x2:0x80008e77  x9=0x00000000 PA:0x80008e82
        7635000	       762	80000f3c	00b14183	lbu	x3,11(x2)	  x2:0x80008e77  x3=0x00000000 PA:0x80008e82
        7645000	       763	80000f40	0125cab3	xor	x21,x11,x18	 x11:0x00000000 x18:0xffffffb2 x21=0xffffffb2
        7655000	       764	80000f44	0198d4b3	srl	x9,x17,x25	 x17:0x80009f3c x25:0x00000000  x9=0x80009f3c
        7665000	       765	80000f48	003d5993	srli	x19,x26,0x3	 x26:0x00000000 x19=0x00000000
        7675000	       766	80000f4c	2e1cf1b7	lui	x3,0x2e1cf	  x3=0x2e1cf000
        7685000	       767	80000f50	01369863	bne	x13,x19,80000f60	 x13:0x00000000 x19:0x00000000
        7695000	       768	80000f54	015d7e63	bgeu	x26,x21,80000f70	 x26:0x00000000 x21:0xffffffb2
        7705000	       769	80000f58	e0eb8b93	addi	x23,x23,-498	 x23:0x00000000 x23=0xfffffe0e
        7715000	       770	80000f5c	da5e3b97	auipc	x23,0xda5e3	 x23=0x5a5e3f58
        7725000	       771	80000f60	00135813	srli	x16,x6,0x1	  x6:0x000002a7 x16=0x00000153
        7735000	       772	80000f64	02311e63	bne	x2,x3,80000fa0	  x2:0x80008e77  x3:0x2e1cf000
        7745000	       773	00000000	00000013	addi	x0,x0,0	  x0:0x00000000
        7755000	       774	80000f9c	00000013	addi	x0,x0,0	  x0:0x00000000
        7765000	       775	80000fa0	416907b3	sub	x15,x18,x22	 x18:0xffffffb2 x22:0x00000000 x15=0xffffffb2
        7775000	       776	80000fa4	ea3c8093	addi	x1,x25,-349	 x25:0x00000000  x1=0xfffffea3
        7785000	       777	80000fa8	d1b06013	ori	x0,x0,-741	  x0:0x00000000
        7795000	       778	80000fac	01f85833	srl	x16,x16,x31	 x16:0x00000153 x31:0x00000000 x16=0x00000153
        7805000	       779	80000fb0	004ed5b3	srl	x11,x29,x4	 x29:0x00000000  x4:0xf40a27b2 x11=0x00000000
        7815000	       780	80000fb4	029b5a63	bge	x22,x9,80000fe8	 x22:0x00000000  x9:0x80009f3c
        7825000	       781	00000000	00000013	addi	x0,x0,0	  x0:0x00000000
        7835000	       782	80000fe4	00000013	addi	x0,x0,0	  x0:0x00000000
        7845000	       783	80000fe8	00593fb3	sltu	x31,x18,x5	 x18:0xffffffb2  x5:0x00000000 x31=0x00000000
        7855000	       784	80000fec	ea82cc93	xori	x25,x5,-344	  x5:0x00000000 x25=0xfffffea8
        7865000	       785	80000ff0	00000013	addi	x0,x0,0	  x0:0x00000000
        7875000	       786	80000ff4	00fb07b3	add	x15,x22,x15	 x22:0x00000000 x15:0xffffffb2 x15=0xffffffb2
        7885000	       787	80000ff8	01f23533	sltu	x10,x4,x31	  x4:0xf40a27b2 x31:0x00000000 x10=0x00000000
        7895000	       788	80000ffc	2e783c13	sltiu	x24,x16,743	 x16:0x00000153 x24=0x00000001
        7905000	       789	80001000	01afdb33	srl	x22,x31,x26	 x31:0x00000000 x26:0x00000000 x22=0x00000000
        7915000	       790	80001004	41368433	sub	x8,x13,x19	 x13:0x00000000 x19:0x00000000  x8=0x00000000
        7925000	       791	80001008	753b9417	auipc	x8,0x753b9	  x8=0xf53ba004
        7935000	       792	8000100c	00e49b13	slli	x22,x9,0xe	  x9:0x80009f3c x22=0x27cf0000
        7945000	       793	80001010	00b0fbb3	and	x23,x1,x11	  x1:0xfffffea3 x11:0x00000000 x23=0x00000000
        7955000	       794	80001014	00000013	addi	x0,x0,0	  x0:0x00000000
        7965000	       795	80001018	403f06b3	sub	x13,x30,x3	 x30:0x00000000  x3:0x2e1cf000 x13=0xd1e31000
        7975000	       796	8000101c	03154c97	auipc	x25,0x3154	 x25=0x83155018
        7985000	       797	80001020	008e4433	xor	x8,x28,x8	 x28:0x00000000  x8:0xf53ba004  x8=0xf53ba004
        7995000	       798	80001024	01fe0463	beq	x28,x31,8000102c	 x28:0x00000000 x31:0x00000000
        8005000	       799	00000000	00000013	addi	x0,x0,0	  x0:0x00000000
        8015000	       800	80001028	00000013	addi	x0,x0,0	  x0:0x00000000
        8025000	       801	8000102c	002e9263	bne	x29,x2,80001030	 x29:0x00000000  x2:0x80008e77
        8035000	       802	00000000	00000013	addi	x0,x0,0	  x0:0x00000000
        8045000	       803	8000102c	00000013	addi	x0,x0,0	  x0:0x00000000
        8055000	       804	80001030	2caeed93	ori	x27,x29,714	 x29:0x00000000 x27=0x000002ca
        8065000	       805	80001034	05814063	blt	x2,x24,80001074	  x2:0x80008e77 x24:0x00000001
        8075000	       806	00000000	00000013	addi	x0,x0,0	  x0:0x00000000
        8085000	       807	80001070	00000013	addi	x0,x0,0	  x0:0x00000000
        8095000	       808	80001074	01486eb3	or	x29,x16,x20	 x16:0x00000153 x20:0x80009fc4 x29=0x80009fd7
        8105000	       809	80001078	c95bc713	xori	x14,x23,-875	 x23:0x00000000 x14=0xfffffc95
        8115000	       810	8000107c	01331393	slli	x7,x6,0x13	  x6:0x000002a7  x7=0x15380000
        8125000	       811	80001080	00000013	addi	x0,x0,0	  x0:0x00000000
        8135000	       812	80001084	00b69bb3	sll	x23,x13,x11	 x13:0xd1e31000 x11:0x00000000 x23=0xd1e31000
        8145000	       813	80001088	335df593	andi	x11,x27,821	 x27:0x000002ca x11=0x00000200
        8155000	       814	8000108c	029e6863	bltu	x28,x9,800010bc	 x28:0x00000000  x9:0x80009f3c
        8165000	       815	00000000	00000013	addi	x0,x0,0	  x0:0x00000000
        8175000	       816	800010b8	00000013	addi	x0,x0,0	  x0:0x00000000
        8185000	       817	800010bc	fddf6993	ori	x19,x30,-35	 x30:0x00000000 x19=0xffffffdd
        8195000	       818	800010c0	011ba133	slt	x2,x23,x17	 x23:0xd1e31000 x17:0x80009f3c  x2=0x00000000
        8205000	       819	800010c4	028d7063	bgeu	x26,x8,800010e4	 x26:0x00000000  x8:0xf53ba004
        8215000	       820	800010c8	4dbb6d13	ori	x26,x22,1243	 x22:0x27cf0000 x26=0x27cf04db
        8225000	       821	800010cc	00d013b3	sll	x7,x0,x13	  x0:0x00000000 x13:0xd1e31000  x7=0x00000000
        8235000	       822	800010d0	445d3113	sltiu	x2,x26,1093	 x26:0x27cf04db  x2=0x00000000
        8245000	       823	800010d4	01a71133	sll	x2,x14,x26	 x14:0xfffffc95 x26:0x27cf04db  x2=0xa8000000
        8255000	       824	800010d8	01a55e63	bge	x10,x26,800010f4	 x10:0x00000000 x26:0x27cf04db
        8265000	       825	800010dc	010eda63	bge	x29,x16,800010f0	 x29:0x80009fd7 x16:0x00000153
        8275000	       826	800010e0	01466ab3	or	x21,x12,x20	 x12:0x00000000 x20:0x80009fc4 x21=0x80009fc4
        8285000	       827	800010e4	08048d17	auipc	x26,0x8048	 x26=0x880490e0
        8295000	       828	800010e8	05339063	bne	x7,x19,80001128	  x7:0x00000000 x19:0xffffffdd
        8305000	       829	00000000	00000013	addi	x0,x0,0	  x0:0x00000000
        8315000	       830	80001124	00000013	addi	x0,x0,0	  x0:0x00000000
        8325000	       831	80001128	0ace8e13	addi	x28,x29,172	 x29:0x80009fd7 x28=0x8000a083
        8335000	       832	8000112c	2c2c2113	slti	x2,x24,706	 x24:0x00000001  x2=0x00000001
        8345000	       833	80001130	004476b3	and	x13,x8,x4	  x8:0xf53ba004  x4:0xf40a27b2 x13=0xf40a2000
        8355000	       834	80001134	8939a513	slti	x10,x19,-1901	 x19:0xffffffdd x10=0x00000000
        8365000	       835	80001138	0118ca63	blt	x17,x17,8000114c	 x17:0x80009f3c x17:0x80009f3c
        8375000	       836	8000113c	41ad0fb3	sub	x31,x26,x26	 x26:0x880490e0 x26:0x880490e0 x31=0x00000000
        8385000	       837	80001140	01ceaeb3	slt	x29,x29,x28	 x29:0x80009fd7 x28:0x8000a083 x29=0x00000001
        8395000	       838	80001144	ca24a493	slti	x9,x9,-862	  x9:0x80009f3c  x9=0x00000001
        8405000	       839	80001148	00ff9663	bne	x31,x15,80001154	 x31:0x00000000 x15:0xffffffb2
        8415000	       840	00000000	00000013	addi	x0,x0,0	  x0:0x00000000
        8425000	       841	80001150	00000013	addi	x0,x0,0	  x0:0x00000000
        8435000	       842	80001154	00591593	slli	x11,x18,0x5	 x18:0xffffffb2 x11=0xfffff640
        8445000	       843	80001158	000a44b3	xor	x9,x20,x0	 x20:0x80009fc4  x0:0x00000000  x9=0x80009fc4
        8455000	       844	8000115c	0397dc63	bge	x15,x25,80001194	 x15:0xffffffb2 x25:0x83155018
        8465000	       845	00000000	00000013	addi	x0,x0,0	  x0:0x00000000
        8475000	       846	80001190	00000013	addi	x0,x0,0	  x0:0x00000000
        8485000	       847	80001194	01f45fb3	srl	x31,x8,x31	  x8:0xf53ba004 x31:0x00000000 x31=0xf53ba004
        8495000	       848	80001198	000cfdb3	and	x27,x25,x0	 x25:0x83155018  x0:0x00000000 x27=0x00000000
        8505000	       849	8000119c	004eeab3	or	x21,x29,x4	 x29:0x00000001  x4:0xf40a27b2 x21=0xf40a27b3
        8515000	       850	800011a0	002550b3	srl	x1,x10,x2	 x10:0x00000000  x2:0x00000001  x1=0x00000000
        8525000	       851	800011a4	00990db3	add	x27,x18,x9	 x18:0xffffffb2  x9:0x80009fc4 x27=0x80009f76
        8535000	       852	800011a8	01ff1393	slli	x7,x30,0x1f	 x30:0x00000000  x7=0x00000000
        8545000	       853	800011ac	003f2533	slt	x10,x30,x3	 x30:0x00000000  x3:0x2e1cf000 x10=0x00000001
        8555000	       854	800011b0	eb28b713	sltiu	x14,x17,-334	 x17:0x80009f3c x14=0x00000001
        8565000	       855	800011b4	2b788f93	addi	x31,x17,695	 x17:0x80009f3c x31=0x8000a1f3
        8575000	       856	800011b8	0763af13	slti	x30,x7,118	  x7:0x00000000 x30=0x00000001
        8585000	       857	800011bc	72962617	auipc	x12,0x72962	 x12=0xf29631b8
        8595000	       858	800011c0	00000013	addi	x0,x0,0	  x0:0x00000000
        8605000	       859	800011c4	09330063	beq	x6,x19,80001244	  x6:0x000002a7 x19:0xffffffdd
        8615000	       860	800011c8	00de91b3	sll	x3,x29,x13	 x29:0x00000001 x13:0xf40a2000  x3=0x00000001
        8625000	       861	800011cc	0099bfb3	sltu	x31,x19,x9	 x19:0xffffffdd  x9:0x80009fc4 x31=0x00000000
        8635000	       862	800011d0	05237e63	bgeu	x6,x18,8000122c	  x6:0x000002a7 x18:0xffffffb2
        8645000	       863	800011d4	007acfb3	xor	x31,x21,x7	 x21:0xf40a27b3  x7:0x00000000 x31=0xf40a27b3
        8655000	       864	800011d8	04355e63	bge	x10,x3,80001234	 x10:0x00000001  x3:0x00000001
        8665000	       865	00000000	00000013	addi	x0,x0,0	  x0:0x00000000
        8675000	       866	80001230	00000013	addi	x0,x0,0	  x0:0x00000000
        8685000	       867	80001234	02b4ea63	bltu	x9,x11,80001268	  x9:0x80009fc4 x11:0xfffff640
        8695000	       868	00000000	00000013	addi	x0,x0,0	  x0:0x00000000
        8705000	       869	80001264	00000013	addi	x0,x0,0	  x0:0x00000000
        8715000	       870	80001268	0281ce63	blt	x3,x8,800012a4	  x3:0x00000001  x8:0xf53ba004
        8725000	       871	8000126c	00000013	addi	x0,x0,0	  x0:0x00000000
        8735000	       872	80001270	02841e63	bne	x8,x8,800012ac	  x8:0xf53ba004  x8:0xf53ba004
        8745000	       873	80001274	412a0c33	sub	x24,x20,x18	 x20:0x80009fc4 x18:0xffffffb2 x24=0x8000a012
        8755000	       874	80001278	087d90b7	lui	x1,0x87d9	  x1=0x087d9000
        8765000	       875	8000127c	bbf62413	slti	x8,x12,-1089	 x12:0xf29631b8  x8=0x00000001
        8775000	       876	80001280	01809c93	slli	x25,x1,0x18	  x1:0x087d9000 x25=0x00000000
        8785000	       877	80001284	04a9c063	blt	x19,x10,800012c4	 x19:0xffffffdd x10:0x00000001
        8795000	       878	00000000	00000013	addi	x0,x0,0	  x0:0x00000000
        8805000	       879	800012c0	00000013	addi	x0,x0,0	  x0:0x00000000
        8815000	       880	800012c4	3b6d2713	slti	x14,x26,950	 x26:0x880490e0 x14=0x00000001
        8825000	       881	800012c8	3946b913	sltiu	x18,x13,916	 x13:0xf40a2000 x18=0x00000000
        8835000	       882	800012cc	05b5d663	bge	x11,x27,80001318	 x11:0xfffff640 x27:0x80009f76
        8845000	       883	00000000	00000013	addi	x0,x0,0	  x0:0x00000000
        8855000	       884	80001314	00000013	addi	x0,x0,0	  x0:0x00000000
        8865000	       885	80001318	40950db3	sub	x27,x10,x9	 x10:0x00000001  x9:0x80009fc4 x27=0x7fff603d
        8875000	       886	8000131c	01b1f863	bgeu	x3,x27,8000132c	  x3:0x00000001 x27:0x7fff603d
        8885000	       887	80001320	036f0063	beq	x30,x22,80001340	 x30:0x00000001 x22:0x27cf0000
        8895000	       888	80001324	47a96413	ori	x8,x18,1146	 x18:0x00000000  x8=0x0000047a
        8905000	       889	80001328	01f247b3	xor	x15,x4,x31	  x4:0xf40a27b2 x31:0xf40a27b3 x15=0x00000001
        8915000	       890	8000132c	02625e63	bge	x4,x6,80001368	  x4:0xf40a27b2  x6:0x000002a7
        8925000	       891	80001330	02b6fa63	bgeu	x13,x11,80001364	 x13:0xf40a2000 x11:0xfffff640
        8935000	       892	80001334	005f0933	add	x18,x30,x5	 x30:0x00000001  x5:0x00000000 x18=0x00000001
        8945000	       893	80001338	02bcc663	blt	x25,x11,80001364	 x25:0x00000000 x11:0xfffff640
        8955000	       894	8000133c	00d61013	slli	x0,x12,0xd	 x12:0xf29631b8
        8965000	       895	80001340	40f4d313	srai	x6,x9,0xf	  x9:0x80009fc4  x6=0xffff0001
        8975000	       896	80001344	00000013	addi	x0,x0,0	  x0:0x00000000
        8985000	       897	80001348	41cd5c33	sra	x24,x26,x28	 x26:0x880490e0 x28:0x8000a083 x24=0xf100921c
        8995000	       898	8000134c	02df8863	beq	x31,x13,8000137c	 x31:0xf40a27b3 x13:0xf40a2000
        9005000	       899	80001350	00d30333	add	x6,x6,x13	  x6:0xffff0001 x13:0xf40a2000  x6=0xf4092001
        9015000	       900	80001354	03df9a63	bne	x31,x29,80001388	 x31:0xf40a27b3 x29:0x00000001
        9025000	       901	00000000	00000013	addi	x0,x0,0	  x0:0x00000000
        9035000	       902	80001384	00000013	addi	x0,x0,0	  x0:0x00000000
        9045000	       903	80001388	0173ab33	slt	x22,x7,x23	  x7:0x00000000 x23:0xd1e31000 x22=0x00000000
        9055000	       904	8000138c	419ad9b3	sra	x19,x21,x25	 x21:0xf40a27b3 x25:0x00000000 x19=0xf40a27b3
        9065000	       905	80001390	40ac5013	srai	x0,x24,0xa	 x24:0xf100921c
        9075000	       906	80001394	29bb8093	addi	x1,x23,667	 x23:0xd1e31000  x1=0xd1e3129b
        9085000	       907	80001398	a8bc11b7	lui	x3,0xa8bc1	  x3=0xa8bc1000
        9095000	       908	8000139c	009b4e63	blt	x22,x9,800013b8	 x22:0x00000000  x9:0x80009fc4
        9105000	       909	800013a0	01d14a63	blt	x2,x29,800013b4	  x2:0x00000001 x29:0x00000001
        9115000	       910	800013a4	2dc00293	addi	x5,x0,732	  x0:0x00000000  x5=0x000002dc
        9125000	       911	800013a8	01d2ceb3	xor	x29,x5,x29	  x5:0x000002dc x29:0x00000001 x29=0x000002dd
        9135000	       912	800013ac	046a5063	bge	x20,x6,800013ec	 x20:0x80009fc4  x6:0xf4092001
        9145000	       913	800013b0	017e5a63	bge	x28,x23,800013c4	 x28:0x8000a083 x23:0xd1e31000
        9155000	       914	800013b4	00351663	bne	x10,x3,800013c0	 x10:0x00000001  x3:0xa8bc1000
        9165000	       915	00000000	00000013	addi	x0,x0,0	  x0:0x00000000
        9175000	       916	800013bc	00000013	addi	x0,x0,0	  x0:0x00000000
        9185000	       917	800013c0	016b5793	srli	x15,x22,0x16	 x22:0x00000000 x15=0x00000000
        9195000	       918	800013c4	4c1eb593	sltiu	x11,x29,1217	 x29:0x000002dd x11=0x00000001
        9205000	       919	800013c8	01d23133	sltu	x2,x4,x29	  x4:0xf40a27b2 x29:0x000002dd  x2=0x00000000
        9215000	       920	800013cc	d569fc37	lui	x24,0xd569f	 x24=0xd569f000
        9225000	       921	800013d0	01c3feb3	and	x29,x7,x28	  x7:0x00000000 x28:0x8000a083 x29=0x00000000
        9235000	       922	800013d4	11e76663	bltu	x14,x30,800014e0	 x14:0x00000001 x30:0x00000001
        9245000	       923	800013d8	b1087f17	auipc	x30,0xb1087	 x30=0x310883d4
        9255000	       924	800013dc	0117f4b3	and	x9,x15,x17	 x15:0x00000000 x17:0x80009f3c  x9=0x00000000
        9265000	       925	800013e0	407b5b93	srai	x23,x22,0x7	 x22:0x00000000 x23=0x00000000
        9275000	       926	800013e4	ccb6dc97	auipc	x25,0xccb6d	 x25=0x4cb6e3e0
        9285000	       927	800013e8	8a39ef97	auipc	x31,0x8a39e	 x31=0x0a39f3e4
        9295000	       928	800013ec	c8f7d537	lui	x10,0xc8f7d	 x10=0xc8f7d000
        9305000	       929	800013f0	01340433	add	x8,x8,x19	  x8:0x0000047a x19:0xf40a27b3  x8=0xf40a2c2d
        9315000	       930	800013f4	00008117	auipc	x2,0x8	  x2=0x800093f0
        9325000	       931	800013f8	8db10113	addi	x2,x2,-1829	  x2:0x800093f0  x2=0x80008ccb
        9335000	       932	800013fc	012d26b3	slt	x13,x26,x18	 x26:0x880490e0 x18:0x00000001 x13=0x00000001
        9345000	       933	80001400	00d612b3	sll	x5,x12,x13	 x12:0xf29631b8 x13:0x00000001  x5=0xe52c6370
        9355000	       934	80001404	00911a83	lh	x21,9(x2)	  x2:0x80008ccb x21=0x00000000 PA:0x80008cd4
        9365000	       935	80001408	0a51ccb7	lui	x25,0xa51c	 x25=0x0a51c000
        9375000	       936	8000140c	4d44b613	sltiu	x12,x9,1236	  x9:0x00000000 x12=0x00000001
        9385000	       937	80001410	86370e93	addi	x29,x14,-1949	 x14:0x00000001 x29=0xfffff864
        9395000	       938	80001414	fe310b23	sb	x3,-10(x2)	  x2:0x80008ccb  x3:0xa8bc1000 PA:0x80008cc1
        9405000	       939	80001418	01c056b3	srl	x13,x0,x28	  x0:0x00000000 x28:0x8000a083 x13=0x00000000
        9415000	       940	8000141c	416f80b3	sub	x1,x31,x22	 x31:0x0a39f3e4 x22:0x00000000  x1=0x0a39f3e4
        9425000	       941	80001420	ffd14d83	lbu	x27,-3(x2)	  x2:0x80008ccb x27=0x00000000 PA:0x80008cc8
        9435000	       942	80001424	41c85f93	srai	x31,x16,0x1c	 x16:0x00000153 x31=0x00000000
        9445000	       943	80001428	a78d0793	addi	x15,x26,-1416	 x26:0x880490e0 x15=0x88048b58
        9455000	       944	8000142c	412b5cb3	sra	x25,x22,x18	 x22:0x00000000 x18:0x00000001 x25=0x00000000
        9465000	       945	80001430	41a2d933	sra	x18,x5,x26	  x5:0xe52c6370 x26:0x880490e0 x18=0xe52c6370
        9475000	       946	80001434	01c10323	sb	x28,6(x2)	  x2:0x80008ccb x28:0x8000a083 PA:0x80008cd1
        9485000	       947	80001438	005e5eb3	srl	x29,x28,x5	 x28:0x8000a083  x5:0xe52c6370 x29=0x00008000
        9495000	       948	8000143c	ff214803	lbu	x16,-14(x2)	  x2:0x80008ccb x16=0x00000000 PA:0x80008cbd
        9505000	       949	80001440	00825e13	srli	x28,x4,0x8	  x4:0xf40a27b2 x28=0x00f40a27
        9515000	       950	80001444	00000013	addi	x0,x0,0	  x0:0x00000000
        9525000	       951	80001448	fff119a3	sh	x31,-13(x2)	  x2:0x80008ccb x31:0x00000000 PA:0x80008cbe
        9535000	       952	8000144c	298ce413	ori	x8,x25,664	 x25:0x00000000  x8=0x00000298
        9545000	       953	80001450	00210123	sb	x2,2(x2)	  x2:0x80008ccb  x2:0x80008ccb PA:0x80008ccd
        9555000	       954	80001454	8fdc6093	ori	x1,x24,-1795	 x24:0xd569f000  x1=0xfffff8fd
        9565000	       955	80001458	ff010b03	lb	x22,-16(x2)	  x2:0x80008ccb x22=0x00000000 PA:0x80008cbb
        9575000	       956	8000145c	00a10583	lb	x11,10(x2)	  x2:0x80008ccb x11=0x00000000 PA:0x80008cd5
        9585000	       957	80001460	403fdf33	sra	x30,x31,x3	 x31:0x00000000  x3:0xa8bc1000 x30=0x00000000
        9595000	       958	80001464	0136c3b3	xor	x7,x13,x19	 x13:0x00000000 x19:0xf40a27b3  x7=0xf40a27b3
        9605000	       959	80001468	26251937	lui	x18,0x26251	 x18=0x26251000
        9615000	       960	8000146c	ff214803	lbu	x16,-14(x2)	  x2:0x80008ccb x16=0x00000000 PA:0x80008cbd
        9625000	       961	80001470	00b10003	lb	x0,11(x2)	  x2:0x80008ccb PA:0x80008cd6
        9635000	       962	80001474	00616333	or	x6,x2,x6	  x2:0x80008ccb  x6:0xf4092001  x6=0xf409accb
        9645000	       963	80001478	0dad2413	slti	x8,x26,218	 x26:0x880490e0  x8=0x00000001
        9655000	       964	8000147c	014100a3	sb	x20,1(x2)	  x2:0x80008ccb x20:0x80009fc4 PA:0x80008ccc
        9665000	       965	80001480	fe210923	sb	x2,-14(x2)	  x2:0x80008ccb  x2:0x80008ccb PA:0x80008cbd
        9675000	       966	80001484	50ac8513	addi	x10,x25,1290	 x25:0x00000000 x10=0x0000050a
        9685000	       967	80001488	ff110a83	lb	x21,-15(x2)	  x2:0x80008ccb x21=0x00000000 PA:0x80008cbc
        9695000	       968	00000000	00000013	addi	x0,x0,0	  x0:0x00000000
        9705000	       969	8000148c	01575693	srli	x13,x14,0x15	 x14:0x00000001 x13=0x00000000
        9715000	       970	80001490	00715083	lhu	x1,7(x2)	  x2:0x80008ccb  x1=0x00000000 PA:0x80008cd2
        9725000	       971	80001494	00210703	lb	x14,2(x2)	  x2:0x80008ccb x14=0xffffffcb PA:0x80008ccd
        9735000	       972	80001498	019c9793	slli	x15,x25,0x19	 x25:0x00000000 x15=0x00000000
        9745000	       973	8000149c	a69e8f13	addi	x30,x29,-1431	 x29:0x00008000 x30=0x00007a69
        9755000	       974	800014a0	ffc10c23	sb	x28,-8(x2)	  x2:0x80008ccb x28:0x00f40a27 PA:0x80008cc3
        9765000	       975	800014a4	00b15d03	lhu	x26,11(x2)	  x2:0x80008ccb x26=0x00000000 PA:0x80008cd6
        9775000	       976	800014a8	00000013	addi	x0,x0,0	  x0:0x00000000
        9785000	       977	800014ac	fe010c23	sb	x0,-8(x2)	  x2:0x80008ccb  x0:0x00000000 PA:0x80008cc3
        9795000	       978	800014b0	0113b493	sltiu	x9,x7,17	  x7:0xf40a27b3  x9=0x00000000
        9805000	       979	800014b4	40d70b33	sub	x22,x14,x13	 x14:0xffffffcb x13:0x00000000 x22=0xffffffcb
        9815000	       980	800014b8	005313b3	sll	x7,x6,x5	  x6:0xf409accb  x5:0xe52c6370  x7=0xaccb0000
        9825000	       981	800014bc	00903eb3	sltu	x29,x0,x9	  x0:0x00000000  x9:0x00000000 x29=0x00000000
        9835000	       982	800014c0	00511c03	lh	x24,5(x2)	  x2:0x80008ccb x24=0xffff8300 PA:0x80008cd0
        9845000	       983	800014c4	01c6a5b3	slt	x11,x13,x28	 x13:0x00000000 x28:0x00f40a27 x11=0x00000001
        9855000	       984	800014c8	004003b3	add	x7,x0,x4	  x0:0x00000000  x4:0xf40a27b2  x7=0xf40a27b2
        9865000	       985	800014cc	01a1e863	bltu	x3,x26,800014dc	  x3:0xa8bc1000 x26:0x00000000
        9875000	       986	800014d0	8fdd6293	ori	x5,x26,-1795	 x26:0x00000000  x5=0xfffff8fd
        9885000	       987	800014d4	0040a833	slt	x16,x1,x4	  x1:0x00000000  x4:0xf40a27b2 x16=0x00000000
        9895000	       988	800014d8	412edd13	srai	x26,x29,0x12	 x29:0x00000000 x26=0x00000000
        9905000	       989	800014dc	015c79b3	and	x19,x24,x21	 x24:0xffff8300 x21:0x00000000 x19=0x00000000
        9915000	       990	800014e0	01ad1413	slli	x8,x26,0x1a	 x26:0x00000000  x8=0x00000000
        9925000	       991	800014e4	02e2e063	bltu	x5,x14,80001504	  x5:0xfffff8fd x14:0xffffffcb
        9935000	       992	00000000	00000013	addi	x0,x0,0	  x0:0x00000000
        9945000	       993	80001500	00000013	addi	x0,x0,0	  x0:0x00000000
        9955000	       994	80001504	1f8aae13	slti	x28,x21,504	 x21:0x00000000 x28=0x00000001
        9965000	       995	80001508	c0ce7613	andi	x12,x28,-1012	 x28:0x00000001 x12=0x00000000
        9975000	       996	8000150c	03b3d863	bge	x7,x27,8000153c	  x7:0xf40a27b2 x27:0x00000000
        9985000	       997	80001510	00bf7a63	bgeu	x30,x11,80001524	 x30:0x00007a69 x11:0x00000001
        9995000	       998	00000000	00000013	addi	x0,x0,0	  x0:0x00000000
       10005000	       999	80001520	00000013	addi	x0,x0,0	  x0:0x00000000
       10015000	      1000	80001524	00feb333	sltu	x6,x29,x15	 x29:0x00000000 x15:0x00000000  x6=0x00000000
       10025000	      1001	80001528	01df9133	sll	x2,x31,x29	 x31:0x00000000 x29:0x00000000  x2=0x00000000
       10035000	      1002	8000152c	01446bb3	or	x23,x8,x20	  x8:0x00000000 x20:0x80009fc4 x23=0x80009fc4
       10045000	      1003	80001530	0283ca63	blt	x7,x8,80001564	  x7:0xf40a27b2  x8:0x00000000
       10055000	      1004	00000000	00000013	addi	x0,x0,0	  x0:0x00000000
       10065000	      1005	80001560	00000013	addi	x0,x0,0	  x0:0x00000000
       10075000	      1006	80001564	4175db33	sra	x22,x11,x23	 x11:0x00000001 x23:0x80009fc4 x22=0x00000000
       10085000	      1007	80001568	016b9bb3	sll	x23,x23,x22	 x23:0x80009fc4 x22:0x00000000 x23=0x80009fc4
       10095000	      1008	8000156c	41d10b33	sub	x22,x2,x29	  x2:0x00000000 x29:0x00000000 x22=0x00000000
       10105000	      1009	80001570	ad9fb713	sltiu	x14,x31,-1319	 x31:0x00000000 x14=0x00000001
       10115000	      1010	80001574	db98cf13	xori	x30,x17,-583	 x17:0x80009f3c x30=0x7fff6285
       10125000	      1011	80001578	0204ea63	bltu	x9,x0,800015ac	  x9:0x00000000  x0:0x00000000
       10135000	      1012	8000157c	bff3fb13	andi	x22,x7,-1025	  x7:0xf40a27b2 x22=0xf40a23b2
       10145000	      1013	80001580	0e6eab13	slti	x22,x29,230	 x29:0x00000000 x22=0x00000001
       10155000	      1014	80001584	001b0e63	beq	x22,x1,800015a0	 x22:0x00000001  x1:0x00000000
       10165000	      1015	80001588	000af7b3	and	x15,x21,x0	 x21:0x00000000  x0:0x00000000 x15=0x00000000
       10175000	      1016	8000158c	0455d063	bge	x11,x5,800015cc	 x11:0x00000001  x5:0xfffff8fd
       10185000	      1017	00000000	00000013	addi	x0,x0,0	  x0:0x00000000
       10195000	      1018	800015c8	00000013	addi	x0,x0,0	  x0:0x00000000
       10205000	      1019	800015cc	00e64533	xor	x10,x12,x14	 x12:0x00000000 x14:0x00000001 x10=0x00000001
       10215000	      1020	800015d0	01e3c2b3	xor	x5,x7,x30	  x7:0xf40a27b2 x30:0x7fff6285  x5=0x8bf54537
       10225000	      1021	800015d4	41980fb3	sub	x31,x16,x25	 x16:0x00000000 x25:0x00000000 x31=0x00000000
       10235000	      1022	800015d8	00b89263	bne	x17,x11,800015dc	 x17:0x80009f3c x11:0x00000001
       10245000	      1023	00000000	00000013	addi	x0,x0,0	  x0:0x00000000
       10255000	      1024	800015d8	00000013	addi	x0,x0,0	  x0:0x00000000
       10265000	      1025	800015dc	c7720813	addi	x16,x4,-905	  x4:0xf40a27b2 x16=0xf40a2429
       10275000	      1026	800015e0	3adc6713	ori	x14,x24,941	 x24:0xffff8300 x14=0xffff83ad
       10285000	      1027	800015e4	00c78eb3	add	x29,x15,x12	 x15:0x00000000 x12:0x00000000 x29=0x00000000
       10295000	      1028	800015e8	04619663	bne	x3,x6,80001634	  x3:0xa8bc1000  x6:0x00000000
       10305000	      1029	00000000	00000013	addi	x0,x0,0	  x0:0x00000000
       10315000	      1030	80001630	00000013	addi	x0,x0,0	  x0:0x00000000
       10325000	      1031	80001634	415ed6b3	sra	x13,x29,x21	 x29:0x00000000 x21:0x00000000 x13=0x00000000
       10335000	      1032	80001638	23610f93	addi	x31,x2,566	  x2:0x00000000 x31=0x00000236
       10345000	      1033	8000163c	00832633	slt	x12,x6,x8	  x6:0x00000000  x8:0x00000000 x12=0x00000000
       10355000	      1034	80001640	4edaf693	andi	x13,x21,1261	 x21:0x00000000 x13=0x00000000
       10365000	      1035	80001644	00196033	or	x0,x18,x1	 x18:0x26251000  x1:0x00000000
       10375000	      1036	80001648	0028e933	or	x18,x17,x2	 x17:0x80009f3c  x2:0x00000000 x18=0x80009f3c
       10385000	      1037	8000164c	ac39f713	andi	x14,x19,-1341	 x19:0x00000000 x14=0x00000000
       10395000	      1038	80001650	30d1cab7	lui	x21,0x30d1c	 x21=0x30d1c000
       10405000	      1039	80001654	01caeb33	or	x22,x21,x28	 x21:0x30d1c000 x28:0x00000001 x22=0x30d1c001
       10415000	      1040	80001658	03a95e63	bge	x18,x26,80001694	 x18:0x80009f3c x26:0x00000000
       10425000	      1041	8000165c	1610ff93	andi	x31,x1,353	  x1:0x00000000 x31=0x00000000
       10435000	      1042	80001660	00c19493	slli	x9,x3,0xc	  x3:0xa8bc1000  x9=0xc1000000
       10445000	      1043	80001664	44807f93	andi	x31,x0,1096	  x0:0x00000000 x31=0x00000000
       10455000	      1044	80001668	03671a63	bne	x14,x22,8000169c	 x14:0x00000000 x22:0x30d1c001
       10465000	      1045	00000000	00000013	addi	x0,x0,0	  x0:0x00000000
       10475000	      1046	80001698	00000013	addi	x0,x0,0	  x0:0x00000000
       10485000	      1047	8000169c	00cd2733	slt	x14,x26,x12	 x26:0x00000000 x12:0x00000000 x14=0x00000000
       10495000	      1048	800016a0	41fbd993	srai	x19,x23,0x1f	 x23:0x80009fc4 x19=0xffffffff
       10505000	      1049	800016a4	00a76e63	bltu	x14,x10,800016c0	 x14:0x00000000 x10:0x00000001
       10515000	      1050	00000000	00000013	addi	x0,x0,0	  x0:0x00000000
       10525000	      1051	800016bc	00000013	addi	x0,x0,0	  x0:0x00000000
       10535000	      1052	800016c0	39dc6693	ori	x13,x24,925	 x24:0xffff8300 x13=0xffff839d
       10545000	      1053	800016c4	54e13a93	sltiu	x21,x2,1358	  x2:0x00000000 x21=0x00000001
       10555000	      1054	800016c8	5a8132b7	lui	x5,0x5a813	  x5=0x5a813000
       10565000	      1055	800016cc	007f9db3	sll	x27,x31,x7	 x31:0x00000000  x7:0xf40a27b2 x27=0x00000000
       10575000	      1056	800016d0	02765063	bge	x12,x7,800016f0	 x12:0x00000000  x7:0xf40a27b2
       10585000	      1057	00000000	00000013	addi	x0,x0,0	  x0:0x00000000
       10595000	      1058	800016ec	00000013	addi	x0,x0,0	  x0:0x00000000
       10605000	      1059	800016f0	82544993	xori	x19,x8,-2011	  x8:0x00000000 x19=0xfffff825
       10615000	      1060	800016f4	014f5e13	srli	x28,x30,0x14	 x30:0x7fff6285 x28=0x000007ff
       10625000	      1061	800016f8	cfd0ac13	slti	x24,x1,-771	  x1:0x00000000 x24=0x00000000
       10635000	      1062	800016fc	2cc47993	andi	x19,x8,716	  x8:0x00000000 x19=0x00000000
       10645000	      1063	80001700	00a3bcb3	sltu	x25,x7,x10	  x7:0xf40a27b2 x10:0x00000001 x25=0x00000000
       10655000	      1064	80001704	02d67c63	bgeu	x12,x13,8000173c	 x12:0x00000000 x13:0xffff839d
       10665000	      1065	80001708	1ff38db7	lui	x27,0x1ff38	 x27=0x1ff38000
       10675000	      1066	8000170c	b178a113	slti	x2,x17,-1257	 x17:0x80009f3c  x2=0x00000001
       10685000	      1067	80001710	00630f33	add	x30,x6,x6	  x6:0x00000000  x6:0x00000000 x30=0x00000000
       10695000	      1068	80001714	00566663	bltu	x12,x5,80001720	 x12:0x00000000  x5:0x5a813000
       10705000	      1069	00000000	00000013	addi	x0,x0,0	  x0:0x00000000
       10715000	      1070	8000171c	00000013	addi	x0,x0,0	  x0:0x00000000
       10725000	      1071	80001720	ac370193	addi	x3,x14,-1341	 x14:0x00000000  x3=0xfffffac3
       10735000	      1072	80001724	0350fa63	bgeu	x1,x21,80001758	  x1:0x00000000 x21:0x00000001
       10745000	      1073	80001728	490b3d93	sltiu	x27,x22,1168	 x22:0x30d1c001 x27=0x00000000
       10755000	      1074	8000172c	41168bb3	sub	x23,x13,x17	 x13:0xffff839d x17:0x80009f3c x23=0x7ffee461
       10765000	      1075	80001730	9d706313	ori	x6,x0,-1577	  x0:0x00000000  x6=0xfffff9d7
       10775000	      1076	80001734	02704863	blt	x0,x7,80001764	  x0:0x00000000  x7:0xf40a27b2
       10785000	      1077	80001738	020b9e63	bne	x23,x0,80001774	 x23:0x7ffee461  x0:0x00000000
       10795000	      1078	00000000	00000013	addi	x0,x0,0	  x0:0x00000000
       10805000	      1079	80001770	00000013	addi	x0,x0,0	  x0:0x00000000
       10815000	      1080	80001774	019ddeb3	srl	x29,x27,x25	 x27:0x00000000 x25:0x00000000 x29=0x00000000
       10825000	      1081	80001778	0118d593	srli	x11,x17,0x11	 x17:0x80009f3c x11=0x00004000
       10835000	      1082	8000177c	0170d133	srl	x2,x1,x23	  x1:0x00000000 x23:0x7ffee461  x2=0x00000000
       10845000	      1083	80001780	40d6dd33	sra	x26,x13,x13	 x13:0xffff839d x13:0xffff839d x26=0xffffffff
       10855000	      1084	80001784	1e51ce93	xori	x29,x3,485	  x3:0xfffffac3 x29=0xfffffb26
       10865000	      1085	80001788	0119c5b3	xor	x11,x19,x17	 x19:0x00000000 x17:0x80009f3c x11=0x80009f3c
       10875000	      1086	8000178c	01048933	add	x18,x9,x16	  x9:0xc1000000 x16:0xf40a2429 x18=0xb50a2429
       10885000	      1087	80001790	415a0533	sub	x10,x20,x21	 x20:0x80009fc4 x21:0x00000001 x10=0x80009fc3
       10895000	      1088	80001794	000bdf93	srli	x31,x23,0x0	 x23:0x7ffee461 x31=0x7ffee461
       10905000	      1089	80001798	008a1c13	slli	x24,x20,0x8	 x20:0x80009fc4 x24=0x009fc400
       10915000	      1090	8000179c	01d410b3	sll	x1,x8,x29	  x8:0x00000000 x29:0xfffffb26  x1=0x00000000
       10925000	      1091	800017a0	02669e63	bne	x13,x6,800017dc	 x13:0xffff839d  x6:0xfffff9d7
       10935000	      1092	00000000	00000013	addi	x0,x0,0	  x0:0x00000000
       10945000	      1093	800017d8	00000013	addi	x0,x0,0	  x0:0x00000000
       10955000	      1094	800017dc	010a5413	srli	x8,x20,0x10	 x20:0x80009fc4  x8=0x00008000
       10965000	      1095	800017e0	0115d013	srli	x0,x11,0x11	 x11:0x80009f3c
       10975000	      1096	800017e4	00731e63	bne	x6,x7,80001800	  x6:0xfffff9d7  x7:0xf40a27b2
       10985000	      1097	00000000	00000013	addi	x0,x0,0	  x0:0x00000000
       10995000	      1098	800017fc	00000013	addi	x0,x0,0	  x0:0x00000000
       11005000	      1099	80001800	0171e263	bltu	x3,x23,80001804	  x3:0xfffffac3 x23:0x7ffee461
       11015000	      1100	80001804	01b80bb3	add	x23,x16,x27	 x16:0xf40a2429 x27:0x00000000 x23=0xf40a2429
       11025000	      1101	80001808	01010633	add	x12,x2,x16	  x2:0x00000000 x16:0xf40a2429 x12=0xf40a2429
       11035000	      1102	8000180c	00794533	xor	x10,x18,x7	 x18:0xb50a2429  x7:0xf40a27b2 x10=0x4100039b
       11045000	      1103	80001810	5a7e2513	slti	x10,x28,1447	 x28:0x000007ff x10=0x00000000
       11055000	      1104	80001814	00046263	bltu	x8,x0,80001818	  x8:0x00008000  x0:0x00000000
       11065000	      1105	80001818	a99ce693	ori	x13,x25,-1383	 x25:0x00000000 x13=0xfffffa99
       11075000	      1106	8000181c	01a95f93	srli	x31,x18,0x1a	 x18:0xb50a2429 x31=0x0000002d
       11085000	      1107	80001820	003799b3	sll	x19,x15,x3	 x15:0x00000000  x3:0xfffffac3 x19=0x00000000
       11095000	      1108	80001824	407d86b3	sub	x13,x27,x7	 x27:0x00000000  x7:0xf40a27b2 x13=0x0bf5d84e
       11105000	      1109	80001828	4137d993	srai	x19,x15,0x13	 x15:0x00000000 x19=0x00000000
       11115000	      1110	8000182c	01a30733	add	x14,x6,x26	  x6:0xfffff9d7 x26:0xffffffff x14=0xfffff9d6
       11125000	      1111	80001830	005bf6b3	and	x13,x23,x5	 x23:0xf40a2429  x5:0x5a813000 x13=0x50002000
       11135000	      1112	80001834	01db9813	slli	x16,x23,0x1d	 x23:0xf40a2429 x16=0x20000000
       11145000	      1113	80001838	a1c8f493	andi	x9,x17,-1508	 x17:0x80009f3c  x9=0x80009a1c
       11155000	      1114	8000183c	015c45b3	xor	x11,x24,x21	 x24:0x009fc400 x21:0x00000001 x11=0x009fc401
       11165000	      1115	80001840	01435e63	bge	x6,x20,8000185c	  x6:0xfffff9d7 x20:0x80009fc4
       11175000	      1116	00000000	00000013	addi	x0,x0,0	  x0:0x00000000
       11185000	      1117	80001858	00000013	addi	x0,x0,0	  x0:0x00000000
       11195000	      1118	8000185c	a003f913	andi	x18,x7,-1536	  x7:0xf40a27b2 x18=0xf40a2200
       11205000	      1119	80001860	0139d433	srl	x8,x19,x19	 x19:0x00000000 x19:0x00000000  x8=0x00000000
       11215000	      1120	80001864	db976a93	ori	x21,x14,-583	 x14:0xfffff9d6 x21=0xfffffdff
       11225000	      1121	80001868	00c21933	sll	x18,x4,x12	  x4:0xf40a27b2 x12:0xf40a2429 x18=0x144f6400
       11235000	      1122	8000186c	00f7a433	slt	x8,x15,x15	 x15:0x00000000 x15:0x00000000  x8=0x00000000
       11245000	      1123	80001870	9bd1b793	sltiu	x15,x3,-1603	  x3:0xfffffac3 x15=0x00000000
       11255000	      1124	80001874	002bc7b3	xor	x15,x23,x2	 x23:0xf40a2429  x2:0x00000000 x15=0xf40a2429
       11265000	      1125	80001878	04d98063	beq	x19,x13,800018b8	 x19:0x00000000 x13:0x50002000
       11275000	      1126	8000187c	40bfd913	srai	x18,x31,0xb	 x31:0x0000002d x18=0x00000000
       11285000	      1127	80001880	01d0a733	slt	x14,x1,x29	  x1:0x00000000 x29:0xfffffb26 x14=0x00000000
       11295000	      1128	80001884	04fafc93	andi	x25,x21,79	 x21:0xfffffdff x25=0x0000004f
       11305000	      1129	80001888	0066ae33	slt	x28,x13,x6	 x13:0x50002000  x6:0xfffff9d7 x28=0x00000000
       11315000	      1130	8000188c	f470fe93	andi	x29,x1,-185	  x1:0x00000000 x29=0x00000000
       11325000	      1131	80001890	0433c063	blt	x7,x3,800018d0	  x7:0xf40a27b2  x3:0xfffffac3
       11335000	      1132	00000000	00000013	addi	x0,x0,0	  x0:0x00000000
       11345000	      1133	800018cc	00000013	addi	x0,x0,0	  x0:0x00000000
       11355000	      1134	800018d0	0162be33	sltu	x28,x5,x22	  x5:0x5a813000 x22:0x30d1c001 x28=0x00000000
       11365000	      1135	800018d4	0260f063	bgeu	x1,x6,800018f4	  x1:0x00000000  x6:0xfffff9d7
       11375000	      1136	800018d8	d5898313	addi	x6,x19,-680	 x19:0x00000000  x6=0xfffffd58
       11385000	      1137	800018dc	00a43db3	sltu	x27,x8,x10	  x8:0x00000000 x10:0x00000000 x27=0x00000000
       11395000	      1138	800018e0	0088dc13	srli	x24,x17,0x8	 x17:0x80009f3c x24=0x0080009f
       11405000	      1139	800018e4	0048b533	sltu	x10,x17,x4	 x17:0x80009f3c  x4:0xf40a27b2 x10=0x00000001
       11415000	      1140	800018e8	005c2c33	slt	x24,x24,x5	 x24:0x0080009f  x5:0x5a813000 x24=0x00000001
       11425000	      1141	800018ec	3f482993	slti	x19,x16,1012	 x16:0x20000000 x19=0x00000000
       11435000	      1142	800018f0	01b14b33	xor	x22,x2,x27	  x2:0x00000000 x27:0x00000000 x22=0x00000000
       11445000	      1143	800018f4	00000013	addi	x0,x0,0	  x0:0x00000000
       11455000	      1144	800018f8	0088b2b3	sltu	x5,x17,x8	 x17:0x80009f3c  x8:0x00000000  x5=0x00000000
       11465000	      1145	800018fc	004cf733	and	x14,x25,x4	 x25:0x0000004f  x4:0xf40a27b2 x14=0x00000002
       11475000	      1146	80001900	02170e63	beq	x14,x1,8000193c	 x14:0x00000002  x1:0x00000000
       11485000	      1147	80001904	441f7913	andi	x18,x30,1089	 x30:0x00000000 x18=0x00000000
       11495000	      1148	80001908	9b7af193	andi	x3,x21,-1609	 x21:0xfffffdff  x3=0xfffff9b7
       11505000	      1149	8000190c	0388c063	blt	x17,x24,8000192c	 x17:0x80009f3c x24:0x00000001
       11515000	      1150	00000000	00000013	addi	x0,x0,0	  x0:0x00000000
       11525000	      1151	80001928	00000013	addi	x0,x0,0	  x0:0x00000000
       11535000	      1152	8000192c	002a9633	sll	x12,x21,x2	 x21:0xfffffdff  x2:0x00000000 x12=0xfffffdff
       11545000	      1153	80001930	01901413	slli	x8,x0,0x19	  x0:0x00000000  x8=0x00000000
       11555000	      1154	80001934	00d4c263	blt	x9,x13,80001938	  x9:0x80009a1c x13:0x50002000
       11565000	      1155	00000000	00000013	addi	x0,x0,0	  x0:0x00000000
       11575000	      1156	80001934	00000013	addi	x0,x0,0	  x0:0x00000000
       11585000	      1157	80001938	eadbad13	slti	x26,x23,-339	 x23:0xf40a2429 x26=0x00000001
       11595000	      1158	8000193c	016a5113	srli	x2,x20,0x16	 x20:0x80009fc4  x2=0x00000200
       11605000	      1159	80001940	a860ac97	auipc	x25,0xa860a	 x25=0x2860b93c
       11615000	      1160	80001944	017f4e33	xor	x28,x30,x23	 x30:0x00000000 x23:0xf40a2429 x28=0xf40a2429
       11625000	      1161	80001948	18ddaf13	slti	x30,x27,397	 x27:0x00000000 x30=0x00000001
       11635000	      1162	8000194c	01a11eb3	sll	x29,x2,x26	  x2:0x00000200 x26:0x00000001 x29=0x00000400
       11645000	      1163	80001950	018b5c93	srli	x25,x22,0x18	 x22:0x00000000 x25=0x00000000
       11655000	      1164	80001954	5cd2fb93	andi	x23,x5,1485	  x5:0x00000000 x23=0x00000000
       11665000	      1165	80001958	01dc1393	slli	x7,x24,0x1d	 x24:0x00000001  x7=0x20000000
       11675000	      1166	8000195c	25ab2993	slti	x19,x22,602	 x22:0x00000000 x19=0x00000001
       11685000	      1167	80001960	6eae2317	auipc	x6,0x6eae2	  x6=0xeeae395c
       11695000	      1168	80001964	00ee2033	slt	x0,x28,x14	 x28:0xf40a2429 x14:0x00000002
       11705000	      1169	80001968	003c9f33	sll	x30,x25,x3	 x25:0x00000000  x3:0xfffff9b7 x30=0x00000000
       11715000	      1170	8000196c	01139fb3	sll	x31,x7,x17	  x7:0x20000000 x17:0x80009f3c x31=0x00000000
       11725000	      1171	80001970	00c21db3	sll	x27,x4,x12	  x4:0xf40a27b2 x12:0xfffffdff x27=0x00000000
       11735000	      1172	80001974	012bfdb3	and	x27,x23,x18	 x23:0x00000000 x18:0x00000000 x27=0x00000000
       11745000	      1173	80001978	035c7e63	bgeu	x24,x21,800019b4	 x24:0x00000001 x21:0xfffffdff
       11755000	      1174	8000197c	00b19f33	sll	x30,x3,x11	  x3:0xfffff9b7 x11:0x009fc401 x30=0xfffff36e
       11765000	      1175	80001980	01496bb3	or	x23,x18,x20	 x18:0x00000000 x20:0x80009fc4 x23=0x80009fc4
       11775000	      1176	80001984	00a43333	sltu	x6,x8,x10	  x8:0x00000000 x10:0x00000001  x6=0x00000001
       11785000	      1177	80001988	887af693	andi	x13,x21,-1913	 x21:0xfffffdff x13=0xfffff887
       11795000	      1178	8000198c	018e5113	srli	x2,x28,0x18	 x28:0xf40a2429  x2=0x000000f4
       11805000	      1179	80001990	180d7d13	andi	x26,x26,384	 x26:0x00000001 x26=0x00000000
       11815000	      1180	80001994	0f43f9b7	lui	x19,0xf43f	 x19=0x0f43f000
       11825000	      1181	80001998	01003133	sltu	x2,x0,x16	  x0:0x00000000 x16:0x20000000  x2=0x00000001
       11835000	      1182	8000199c	03a4fe63	bgeu	x9,x26,800019d8	  x9:0x80009a1c x26:0x00000000
       11845000	      1183	00000000	00000013	addi	x0,x0,0	  x0:0x00000000
       11855000	      1184	800019d4	00000013	addi	x0,x0,0	  x0:0x00000000
       11865000	      1185	800019d8	37582613	slti	x12,x16,885	 x16:0x20000000 x12=0x00000000
       11875000	      1186	800019dc	016a82b3	add	x5,x21,x22	 x21:0xfffffdff x22:0x00000000  x5=0xfffffdff
       11885000	      1187	800019e0	01d61d13	slli	x26,x12,0x1d	 x12:0x00000000 x26=0x00000000
       11895000	      1188	800019e4	40920e33	sub	x28,x4,x9	  x4:0xf40a27b2  x9:0x80009a1c x28=0x74098d96
       11905000	      1189	800019e8	00d35433	srl	x8,x6,x13	  x6:0x00000001 x13:0xfffff887  x8=0x00000000
       11915000	      1190	800019ec	00df8133	add	x2,x31,x13	 x31:0x00000000 x13:0xfffff887  x2=0xfffff887
       11925000	      1191	800019f0	41c6de93	srai	x29,x13,0x1c	 x13:0xfffff887 x29=0xffffffff
       11935000	      1192	800019f4	00e09b93	slli	x23,x1,0xe	  x1:0x00000000 x23=0x00000000
       11945000	      1193	800019f8	00c0bc33	sltu	x24,x1,x12	  x1:0x00000000 x12:0x00000000 x24=0x00000000
       11955000	      1194	800019fc	404f5bb3	sra	x23,x30,x4	 x30:0xfffff36e  x4:0xf40a27b2 x23=0xffffffff
       11965000	      1195	80001a00	01e95ab3	srl	x21,x18,x30	 x18:0x00000000 x30:0xfffff36e x21=0x00000000
       11975000	      1196	80001a04	006e1413	slli	x8,x28,0x6	 x28:0x74098d96  x8=0x02636580
       11985000	      1197	80001a08	01675263	bge	x14,x22,80001a0c	 x14:0x00000002 x22:0x00000000
       11995000	      1198	00000000	00000013	addi	x0,x0,0	  x0:0x00000000
       12005000	      1199	80001a08	00000013	addi	x0,x0,0	  x0:0x00000000
       12015000	      1200	80001a0c	0130c0b3	xor	x1,x1,x19	  x1:0x00000000 x19:0x0f43f000  x1=0x0f43f000
       12025000	      1201	80001a10	01a42633	slt	x12,x8,x26	  x8:0x02636580 x26:0x00000000 x12=0x00000000
       12035000	      1202	80001a14	002a6663	bltu	x20,x2,80001a20	 x20:0x80009fc4  x2:0xfffff887
       12045000	      1203	00000000	00000013	addi	x0,x0,0	  x0:0x00000000
       12055000	      1204	80001a1c	00000013	addi	x0,x0,0	  x0:0x00000000
       12065000	      1205	80001a20	00f3e2b3	or	x5,x7,x15	  x7:0x20000000 x15:0xf40a2429  x5=0xf40a2429
       12075000	      1206	80001a24	cb2ae193	ori	x3,x21,-846	 x21:0x00000000  x3=0xfffffcb2
       12085000	      1207	80001a28	02569663	bne	x13,x5,80001a54	 x13:0xfffff887  x5:0xf40a2429
       12095000	      1208	00000000	00000013	addi	x0,x0,0	  x0:0x00000000
       12105000	      1209	80001a50	00000013	addi	x0,x0,0	  x0:0x00000000
       12115000	      1210	80001a54	00ed8a63	beq	x27,x14,80001a68	 x27:0x00000000 x14:0x00000002
       12125000	      1211	80001a58	78ed7c93	andi	x25,x26,1934	 x26:0x00000000 x25=0x00000000
       12135000	      1212	80001a5c	40a70f33	sub	x30,x14,x10	 x14:0x00000002 x10:0x00000001 x30=0x00000001
       12145000	      1213	80001a60	0086c7b3	xor	x15,x13,x8	 x13:0xfffff887  x8:0x02636580 x15=0xfd9c9d07
       12155000	      1214	80001a64	01aa7133	and	x2,x20,x26	 x20:0x80009fc4 x26:0x00000000  x2=0x00000000
       12165000	      1215	80001a68	01415ab3	srl	x21,x2,x20	  x2:0x00000000 x20:0x80009fc4 x21=0x00000000
       12175000	      1216	80001a6c	11bc2e13	slti	x28,x24,283	 x24:0x00000000 x28=0x00000001
       12185000	      1217	80001a70	515c7e13	andi	x28,x24,1301	 x24:0x00000000 x28=0x00000000
       12195000	      1218	80001a74	41475f13	srai	x30,x14,0x14	 x14:0x00000002 x30=0x00000000
       12205000	      1219	80001a78	c2daed93	ori	x27,x21,-979	 x21:0x00000000 x27=0xfffffc2d
       12215000	      1220	80001a7c	007a5733	srl	x14,x20,x7	 x20:0x80009fc4  x7:0x20000000 x14=0x80009fc4
       12225000	      1221	80001a80	01829bb3	sll	x23,x5,x24	  x5:0xf40a2429 x24:0x00000000 x23=0xf40a2429
       12235000	      1222	80001a84	00a98fb3	add	x31,x19,x10	 x19:0x0f43f000 x10:0x00000001 x31=0x0f43f001
       12245000	      1223	80001a88	00000013	addi	x0,x0,0	  x0:0x00000000
       12255000	      1224	80001a8c	41b68db3	sub	x27,x13,x27	 x13:0xfffff887 x27:0xfffffc2d x27=0xfffffc5a
       12265000	      1225	80001a90	02f91c63	bne	x18,x15,80001ac8	 x18:0x00000000 x15:0xfd9c9d07
       12275000	      1226	00000000	00000013	addi	x0,x0,0	  x0:0x00000000
       12285000	      1227	80001ac4	00000013	addi	x0,x0,0	  x0:0x00000000
       12295000	      1228	80001ac8	0081ca63	blt	x3,x8,80001adc	  x3:0xfffffcb2  x8:0x02636580
       12305000	      1229	00000000	00000013	addi	x0,x0,0	  x0:0x00000000
       12315000	      1230	80001ad8	00000013	addi	x0,x0,0	  x0:0x00000000
       12325000	      1231	80001adc	0093c663	blt	x7,x9,80001ae8	  x7:0x20000000  x9:0x80009a1c
       12335000	      1232	80001ae0	01fa3cb3	sltu	x25,x20,x31	 x20:0x80009fc4 x31:0x0f43f001 x25=0x00000000
       12345000	      1233	80001ae4	deee0a93	addi	x21,x28,-530	 x28:0x00000000 x21=0xfffffdee
       12355000	      1234	80001ae8	41b70eb3	sub	x29,x14,x27	 x14:0x80009fc4 x27:0xfffffc5a x29=0x8000a36a
       12365000	      1235	80001aec	ae706917	auipc	x18,0xae706	 x18=0x2e707ae8
       12375000	      1236	80001af0	03c0f263	bgeu	x1,x28,80001b14	  x1:0x0f43f000 x28:0x00000000
       12385000	      1237	00000000	00000013	addi	x0,x0,0	  x0:0x00000000
       12395000	      1238	80001b10	00000013	addi	x0,x0,0	  x0:0x00000000
       12405000	      1239	80001b14	010b2fb3	slt	x31,x22,x16	 x22:0x00000000 x16:0x20000000 x31=0x00000001
       12415000	      1240	80001b18	3145fe93	andi	x29,x11,788	 x11:0x009fc401 x29=0x00000000
       12425000	      1241	80001b1c	0048af03	lw	x30,4(x17)	 x17:0x80009f3c x30=0x80001b8c PA:0x80009f40
       12435000	      1242	80001b20	41158c33	sub	x24,x11,x17	 x11:0x009fc401 x17:0x80009f3c x24=0x809f24c5
       12445000	      1243	80001b24	7553f413	andi	x8,x7,1877	  x7:0x20000000  x8=0x00000000
       12455000	      1244	80001b28	00343ab3	sltu	x21,x8,x3	  x8:0x00000000  x3:0xfffffcb2 x21=0x00000001
       12465000	      1245	80001b2c	135df393	andi	x7,x27,309	 x27:0xfffffc5a  x7=0x00000010
       12475000	      1246	80001b30	02488893	addi	x17,x17,36	 x17:0x80009f3c x17=0x80009f60
       12485000	      1247	80001b34	40e18e33	sub	x28,x3,x14	  x3:0xfffffcb2 x14:0x80009fc4 x28=0x7fff5cee
       12495000	      1248	80001b38	000f0093	addi	x1,x30,0	 x30:0x80001b8c  x1=0x80001b8c
       12505000	      1249	80001b3c	000080e7	jalr	x1,x1,0	  x1:0x80001b8c  x1=0x80001b3c
       12515000	      1250	00000000	00000013	addi	x0,x0,0	  x0:0x00000000
       12525000	      1251	80001b8c	00000013	addi	x0,x0,0	  x0:0x00000000
       12535000	      1252	80001b90	019021b3	slt	x3,x0,x25	  x0:0x00000000 x25:0x00000000  x3=0x00000000
       12545000	      1253	80001b94	c8d2f813	andi	x16,x5,-883	  x5:0xf40a2429 x16=0xf40a2409
       12555000	      1254	80001b98	02fd6263	bltu	x26,x15,80001bbc	 x26:0x00000000 x15:0xfd9c9d07
       12565000	      1255	00000000	00000013	addi	x0,x0,0	  x0:0x00000000
       12575000	      1256	80001bb8	00000013	addi	x0,x0,0	  x0:0x00000000
       12585000	      1257	80001bbc	0138d263	bge	x17,x19,80001bc0	 x17:0x80009f60 x19:0x0f43f000
       12595000	      1258	80001bc0	40c257b3	sra	x15,x4,x12	  x4:0xf40a27b2 x12:0x00000000 x15=0xf40a27b2
       12605000	      1259	80001bc4	003521b3	slt	x3,x10,x3	 x10:0x00000001  x3:0x00000000  x3=0x00000000
       12615000	      1260	80001bc8	01e212b3	sll	x5,x4,x30	  x4:0xf40a27b2 x30:0x80001b8c  x5=0xa27b2000
       12625000	      1261	80001bcc	41b4d5b3	sra	x11,x9,x27	  x9:0x80009a1c x27:0xfffffc5a x11=0xffffffe0
       12635000	      1262	80001bd0	00894bb3	xor	x23,x18,x8	 x18:0x2e707ae8  x8:0x00000000 x23=0x2e707ae8
       12645000	      1263	80001bd4	00000013	addi	x0,x0,0	  x0:0x00000000
       12655000	      1264	80001bd8	051cc863	blt	x25,x17,80001c28	 x25:0x00000000 x17:0x80009f60
       12665000	      1265	80001bdc	00a05263	bge	x0,x10,80001be0	  x0:0x00000000 x10:0x00000001
       12675000	      1266	80001be0	00aabd33	sltu	x26,x21,x10	 x21:0x00000001 x10:0x00000001 x26=0x00000000
       12685000	      1267	80001be4	3f717993	andi	x19,x2,1015	  x2:0x00000000 x19=0x00000000
       12695000	      1268	80001be8	40bcdab3	sra	x21,x25,x11	 x25:0x00000000 x11:0xffffffe0 x21=0x00000000
       12705000	      1269	80001bec	f3bf2b93	slti	x23,x30,-197	 x30:0x80001b8c x23=0x00000001
       12715000	      1270	80001bf0	02814a63	blt	x2,x8,80001c24	  x2:0x00000000  x8:0x00000000
       12725000	      1271	80001bf4	401c0b33	sub	x22,x24,x1	 x24:0x809f24c5  x1:0x80001b3c x22=0x009f0989
       12735000	      1272	80001bf8	c07d7693	andi	x13,x26,-1017	 x26:0x00000000 x13=0x00000000
       12745000	      1273	80001bfc	9a3a4737	lui	x14,0x9a3a4	 x14=0x9a3a4000
       12755000	      1274	80001c00	00597c33	and	x24,x18,x5	 x18:0x2e707ae8  x5:0xa27b2000 x24=0x22702000
       12765000	      1275	80001c04	023f5463	bge	x30,x3,80001c2c	 x30:0x80001b8c  x3:0x00000000
       12775000	      1276	80001c08	4017d793	srai	x15,x15,0x1	 x15:0xf40a27b2 x15=0xfa0513d9
       12785000	      1277	80001c0c	00410733	add	x14,x2,x4	  x2:0x00000000  x4:0xf40a27b2 x14=0xf40a27b2
       12795000	      1278	80001c10	7a9faf13	slti	x30,x31,1961	 x31:0x00000001 x30=0x00000001
       12805000	      1279	80001c14	03231a63	bne	x6,x18,80001c48	  x6:0x00000001 x18:0x2e707ae8
       12815000	      1280	00000000	00000013	addi	x0,x0,0	  x0:0x00000000
       12825000	      1281	80001c44	00000013	addi	x0,x0,0	  x0:0x00000000
       12835000	      1282	80001c48	02818863	beq	x3,x8,80001c78	  x3:0x00000000  x8:0x00000000
       12845000	      1283	00000000	00000013	addi	x0,x0,0	  x0:0x00000000
       12855000	      1284	80001c74	00000013	addi	x0,x0,0	  x0:0x00000000
       12865000	      1285	80001c78	008b0a63	beq	x22,x8,80001c8c	 x22:0x009f0989  x8:0x00000000
       12875000	      1286	80001c7c	02905463	bge	x0,x9,80001ca4	  x0:0x00000000  x9:0x80009a1c
       12885000	      1287	00000000	00000013	addi	x0,x0,0	  x0:0x00000000
       12895000	      1288	80001ca0	00000013	addi	x0,x0,0	  x0:0x00000000
       12905000	      1289	80001ca4	a306fa93	andi	x21,x13,-1488	 x13:0x00000000 x21=0x00000000
       12915000	      1290	80001ca8	40540c33	sub	x24,x8,x5	  x8:0x00000000  x5:0xa27b2000 x24=0x5d84e000
       12925000	      1291	80001cac	00b1f463	bgeu	x3,x11,80001cb4	  x3:0x00000000 x11:0xffffffe0
       12935000	      1292	80001cb0	1499ff93	andi	x31,x19,329	 x19:0x00000000 x31=0x00000000
       12945000	      1293	80001cb4	eee0a993	slti	x19,x1,-274	  x1:0x80001b3c x19=0x00000001
       12955000	      1294	80001cb8	01190033	add	x0,x18,x17	 x18:0x2e707ae8 x17:0x80009f60
       12965000	      1295	80001cbc	19d83593	sltiu	x11,x16,413	 x16:0xf40a2409 x11=0x00000000
       12975000	      1296	80001cc0	01ad22b3	slt	x5,x26,x26	 x26:0x00000000 x26:0x00000000  x5=0x00000000
       12985000	      1297	80001cc4	0048af03	lw	x30,4(x17)	 x17:0x80009f60 x30=0x80000478 PA:0x80009f64
       12995000	      1298	80001cc8	00000013	addi	x0,x0,0	  x0:0x00000000
       13005000	      1299	80001ccc	00d2f9b3	and	x19,x5,x13	  x5:0x00000000 x13:0x00000000 x19=0x00000000
       13015000	      1300	80001cd0	001826b3	slt	x13,x16,x1	 x16:0xf40a2409  x1:0x80001b3c x13=0x00000000
       13025000	      1301	80001cd4	02488893	addi	x17,x17,36	 x17:0x80009f60 x17=0x80009f84
       13035000	      1302	80001cd8	01037633	and	x12,x6,x16	  x6:0x00000001 x16:0xf40a2409 x12=0x00000001
       13045000	      1303	80001cdc	001f0e93	addi	x29,x30,1	 x30:0x80000478 x29=0x80000479
       13055000	      1304	80001ce0	000e8ee7	jalr	x29,x29,0	 x29:0x80000479 x29=0x80001ce0
       13065000	      1305	00000000	00000013	addi	x0,x0,0	  x0:0x00000000
       13075000	      1306	80000478	00000013	addi	x0,x0,0	  x0:0x00000000
       13085000	      1307	8000047c	401d5e33	sra	x28,x26,x1	 x26:0x00000000  x1:0x80001b3c x28=0x00000000
       13095000	      1308	80000480	c9940b93	addi	x23,x8,-871	  x8:0x00000000 x23=0xfffffc99
       13105000	      1309	80000484	00c9d263	bge	x19,x12,80000488	 x19:0x00000000 x12:0x00000001
       13115000	      1310	80000488	cdcba193	slti	x3,x23,-804	 x23:0xfffffc99  x3=0x00000001
       13125000	      1311	8000048c	0a120c13	addi	x24,x4,161	  x4:0xf40a27b2 x24=0xf40a2853
       13135000	      1312	80000490	01a01463	bne	x0,x26,80000498	  x0:0x00000000 x26:0x00000000
       13145000	      1313	80000494	03b85463	bge	x16,x27,800004bc	 x16:0xf40a2409 x27:0xfffffc5a
       13155000	      1314	80000498	c25aa317	auipc	x6,0xc25aa	  x6=0x425aa494
       13165000	      1315	8000049c	017bef33	or	x30,x23,x23	 x23:0xfffffc99 x23:0xfffffc99 x30=0xfffffc99
       13175000	      1316	800004a0	05e38063	beq	x7,x30,800004e0	  x7:0x00000010 x30:0xfffffc99
       13185000	      1317	800004a4	00000013	addi	x0,x0,0	  x0:0x00000000
       13195000	      1318	800004a8	65de6013	ori	x0,x28,1629	 x28:0x00000000
       13205000	      1319	800004ac	41775533	sra	x10,x14,x23	 x14:0xf40a27b2 x23:0xfffffc99 x10=0xfffffffa
       13215000	      1320	800004b0	ddc37293	andi	x5,x6,-548	  x6:0x425aa494  x5=0x425aa494
       13225000	      1321	800004b4	05e6f863	bgeu	x13,x30,80000504	 x13:0x00000000 x30:0xfffffc99
       13235000	      1322	800004b8	00480263	beq	x16,x4,800004bc	 x16:0xf40a2409  x4:0xf40a27b2
       13245000	      1323	800004bc	4d3c7c13	andi	x24,x24,1235	 x24:0xf40a2853 x24=0x00000053
       13255000	      1324	800004c0	007e1913	slli	x18,x28,0x7	 x28:0x00000000 x18=0x00000000
       13265000	      1325	800004c4	0181c263	blt	x3,x24,800004c8	  x3:0x00000001 x24:0x00000053
       13275000	      1326	00000000	00000013	addi	x0,x0,0	  x0:0x00000000
       13285000	      1327	800004c4	00000013	addi	x0,x0,0	  x0:0x00000000
       13295000	      1328	800004c8	00bc74b3	and	x9,x24,x11	 x24:0x00000053 x11:0x00000000  x9=0x00000000
       13305000	      1329	800004cc	403bd793	srai	x15,x23,0x3	 x23:0xfffffc99 x15=0xffffff93
       13315000	      1330	800004d0	41f65333	sra	x6,x12,x31	 x12:0x00000001 x31:0x00000000  x6=0x00000001
       13325000	      1331	800004d4	23c2c693	xori	x13,x5,572	  x5:0x425aa494 x13=0x425aa6a8
       13335000	      1332	800004d8	02e9ee63	bltu	x19,x14,80000514	 x19:0x00000000 x14:0xf40a27b2
       13345000	      1333	00000000	00000013	addi	x0,x0,0	  x0:0x00000000
       13355000	      1334	80000510	00000013	addi	x0,x0,0	  x0:0x00000000
       13365000	      1335	80000514	4043d6b3	sra	x13,x7,x4	  x7:0x00000010  x4:0xf40a27b2 x13=0x00000000
       13375000	      1336	80000518	b1c10617	auipc	x12,0xb1c10	 x12=0x31c10514
       13385000	      1337	8000051c	edbb2117	auipc	x2,0xedbb2	  x2=0x6dbb2518
       13395000	      1338	80000520	e5a60f93	addi	x31,x12,-422	 x12:0x31c10514 x31=0x31c1036e
       13405000	      1339	80000524	1fb98e13	addi	x28,x19,507	 x19:0x00000000 x28=0x000001fb
       13415000	      1340	80000528	000d9b93	slli	x23,x27,0x0	 x27:0xfffffc5a x23=0xfffffc5a
       13425000	      1341	8000052c	00539993	slli	x19,x7,0x5	  x7:0x00000010 x19=0x00000200
       13435000	      1342	80000530	0060e2b3	or	x5,x1,x6	  x1:0x80001b3c  x6:0x00000001  x5=0x80001b3d
       13445000	      1343	80000534	01ef3e33	sltu	x28,x30,x30	 x30:0xfffffc99 x30:0xfffffc99 x28=0x00000000
       13455000	      1344	80000538	d8cf7e13	andi	x28,x30,-628	 x30:0xfffffc99 x28=0xfffffc88
       13465000	      1345	8000053c	b172b013	sltiu	x0,x5,-1257	  x5:0x80001b3d
       13475000	      1346	80000540	03c34663	blt	x6,x28,8000056c	  x6:0x00000001 x28:0xfffffc88
       13485000	      1347	80000544	c4054113	xori	x2,x10,-960	 x10:0xfffffffa  x2=0x000003ba
       13495000	      1348	80000548	ba8c8913	addi	x18,x25,-1112	 x25:0x00000000 x18=0xfffffba8
       13505000	      1349	8000054c	037e9063	bne	x29,x23,8000056c	 x29:0x80001ce0 x23:0xfffffc5a
       13515000	      1350	00000000	00000013	addi	x0,x0,0	  x0:0x00000000
       13525000	      1351	80000568	00000013	addi	x0,x0,0	  x0:0x00000000
       13535000	      1352	8000056c	006bdd13	srli	x26,x23,0x6	 x23:0xfffffc5a x26=0x03fffff1
       13545000	      1353	80000570	00000013	addi	x0,x0,0	  x0:0x00000000
       13555000	      1354	80000574	01f91733	sll	x14,x18,x31	 x18:0xfffffba8 x31:0x31c1036e x14=0xfeea0000
       13565000	      1355	80000578	024fe663	bltu	x31,x4,800005a4	 x31:0x31c1036e  x4:0xf40a27b2
       13575000	      1356	00000000	00000013	addi	x0,x0,0	  x0:0x00000000
       13585000	      1357	800005a0	00000013	addi	x0,x0,0	  x0:0x00000000
       13595000	      1358	800005a4	4f7a2337	lui	x6,0x4f7a2	  x6=0x4f7a2000
       13605000	      1359	800005a8	41685fb3	sra	x31,x16,x22	 x16:0xf40a2409 x22:0x009f0989 x31=0xfffa0512
       13615000	      1360	800005ac	0663fd13	andi	x26,x7,102	  x7:0x00000010 x26=0x00000000
       13625000	      1361	800005b0	41ce5d13	srai	x26,x28,0x1c	 x28:0xfffffc88 x26=0xffffffff
       13635000	      1362	800005b4	00000013	addi	x0,x0,0	  x0:0x00000000
       13645000	      1363	800005b8	00fd7463	bgeu	x26,x15,800005c0	 x26:0xffffffff x15:0xffffff93
       13655000	      1364	00000000	00000013	addi	x0,x0,0	  x0:0x00000000
       13665000	      1365	800005bc	00000013	addi	x0,x0,0	  x0:0x00000000
       13675000	      1366	800005c0	84ebf037	lui	x0,0x84ebf	
       13685000	      1367	800005c4	012fd863	bge	x31,x18,800005d4	 x31:0xfffa0512 x18:0xfffffba8
       13695000	      1368	800005c8	efdeff13	andi	x30,x29,-259	 x29:0x80001ce0 x30=0x80001ce0
       13705000	      1369	800005cc	00e61263	bne	x12,x14,800005d0	 x12:0x31c10514 x14:0xfeea0000
       13715000	      1370	00000000	00000013	addi	x0,x0,0	  x0:0x00000000
       13725000	      1371	800005cc	00000013	addi	x0,x0,0	  x0:0x00000000
       13735000	      1372	800005d0	008213b3	sll	x7,x4,x8	  x4:0xf40a27b2  x8:0x00000000  x7=0xf40a27b2
       13745000	      1373	800005d4	b061f593	andi	x11,x3,-1274	  x3:0x00000001 x11=0x00000000
       13755000	      1374	800005d8	00008697	auipc	x13,0x8	 x13=0x800085d4
       13765000	      1375	800005dc	b6d68693	addi	x13,x13,-1171	 x13:0x800085d4 x13=0x80008141
       13775000	      1376	800005e0	00008097	auipc	x1,0x8	  x1=0x800085dc
       13785000	      1377	800005e4	dbc08093	addi	x1,x1,-580	  x1:0x800085dc  x1=0x80008398
       13795000	      1378	800005e8	00008597	auipc	x11,0x8	 x11=0x800085e4
       13805000	      1379	800005ec	d2158593	addi	x11,x11,-735	 x11:0x800085e4 x11=0x80008305
       13815000	      1380	800005f0	f035c703	lbu	x14,-253(x11)	 x11:0x80008305 x14=0x00000000 PA:0x80008208
       13825000	      1381	800005f4	0770ac23	sw	x23,120(x1)	  x1:0x80008398 x23:0xfffffc5a PA:0x80008410
       13835000	      1382	800005f8	007680a3	sb	x7,1(x13)	 x13:0x80008141  x7:0xf40a27b2 PA:0x80008142
       13845000	      1383	800005fc	f3d5a9a3	sw	x29,-205(x11)	 x11:0x80008305 x29:0x80001ce0 PA:0x80008238
       13855000	      1384	80000600	fbb0c383	lbu	x7,-69(x1)	  x1:0x80008398  x7=0x00000000 PA:0x80008353
       13865000	      1385	80000604	fd6581a3	sb	x22,-61(x11)	 x11:0x80008305 x22:0x009f0989 PA:0x800082c8
       13875000	      1386	80000608	005696a3	sh	x5,13(x13)	 x13:0x80008141  x5:0x80001b3d PA:0x8000814e
       13885000	      1387	8000060c	0ba5c603	lbu	x12,186(x11)	 x11:0x80008305 x12=0x00000000 PA:0x800083bf
       13895000	      1388	80000610	0a9085a3	sb	x9,171(x1)	  x1:0x80008398  x9:0x00000000 PA:0x80008443
       13905000	      1389	80000614	f6a0c983	lbu	x19,-150(x1)	  x1:0x80008398 x19=0x00000000 PA:0x80008302
       13915000	      1390	80000618	ff169f83	lh	x31,-15(x13)	 x13:0x80008141 x31=0x00000000 PA:0x80008132
       13925000	      1391	8000061c	00c5c003	lbu	x0,12(x11)	 x11:0x80008305 PA:0x80008311
       13935000	      1392	80000620	0fd0cc03	lbu	x24,253(x1)	  x1:0x80008398 x24=0x00000000 PA:0x80008495
       13945000	      1393	80000624	0d209603	lh	x12,210(x1)	  x1:0x80008398 x12=0x00000000 PA:0x8000846a
       13955000	      1394	80000628	05509f23	sh	x21,94(x1)	  x1:0x80008398 x21:0x00000000 PA:0x800083f6
       13965000	      1395	8000062c	00968723	sb	x9,14(x13)	 x13:0x80008141  x9:0x00000000 PA:0x8000814f
       13975000	      1396	80000630	f8c58623	sb	x12,-116(x11)	 x11:0x80008305 x12:0x00000000 PA:0x80008291
       13985000	      1397	80000634	f7258723	sb	x18,-146(x11)	 x11:0x80008305 x18:0xfffffba8 PA:0x80008273
       13995000	      1398	80000638	f2a59ea3	sh	x10,-195(x11)	 x11:0x80008305 x10:0xfffffffa PA:0x80008242
       14005000	      1399	8000063c	0e208423	sb	x2,232(x1)	  x1:0x80008398  x2:0x000003ba PA:0x80008480
       14015000	      1400	80000640	05c58403	lb	x8,92(x11)	 x11:0x80008305  x8=0x00000000 PA:0x80008361
       14025000	      1401	80000644	f2608403	lb	x8,-218(x1)	  x1:0x80008398  x8=0x00000000 PA:0x800082be
       14035000	      1402	80000648	ffa68903	lb	x18,-6(x13)	 x13:0x80008141 x18=0x00000000 PA:0x8000813b
       14045000	      1403	8000064c	f6b087a3	sb	x11,-145(x1)	  x1:0x80008398 x11:0x80008305 PA:0x80008307
       14055000	      1404	80000650	1627f313	andi	x6,x15,354	 x15:0xffffff93  x6=0x00000102
       14065000	      1405	80000654	87b4cf93	xori	x31,x9,-1925	  x9:0x00000000 x31=0xfffff87b
       14075000	      1406	80000658	00284863	blt	x16,x2,80000668	 x16:0xf40a2409  x2:0x000003ba
       14085000	      1407	00000000	00000013	addi	x0,x0,0	  x0:0x00000000
       14095000	      1408	80000664	00000013	addi	x0,x0,0	  x0:0x00000000
       14105000	      1409	80000668	e55ef913	andi	x18,x29,-427	 x29:0x80001ce0 x18=0x80001c40
       14115000	      1410	8000066c	0172d113	srli	x2,x5,0x17	  x5:0x80001b3d  x2=0x00000100
       14125000	      1411	80000670	01f622b3	slt	x5,x12,x31	 x12:0x00000000 x31:0xfffff87b  x5=0x00000000
       14135000	      1412	80000674	00839e13	slli	x28,x7,0x8	  x7:0x00000000 x28=0x00000000
       14145000	      1413	80000678	55d44913	xori	x18,x8,1373	  x8:0x00000000 x18=0x0000055d
       14155000	      1414	8000067c	01ec7033	and	x0,x24,x30	 x24:0x00000000 x30:0x80001ce0
       14165000	      1415	80000680	05954863	blt	x10,x25,800006d0	 x10:0xfffffffa x25:0x00000000
       14175000	      1416	00000000	00000013	addi	x0,x0,0	  x0:0x00000000
       14185000	      1417	800006cc	00000013	addi	x0,x0,0	  x0:0x00000000
       14195000	      1418	800006d0	27bcee13	ori	x28,x25,635	 x25:0x00000000 x28=0x0000027b
       14205000	      1419	800006d4	015cdb33	srl	x22,x25,x21	 x25:0x00000000 x21:0x00000000 x22=0x00000000
       14215000	      1420	800006d8	00000013	addi	x0,x0,0	  x0:0x00000000
       14225000	      1421	800006dc	41ca7e93	andi	x29,x20,1052	 x20:0x80009fc4 x29=0x00000404
       14235000	      1422	800006e0	01839e63	bne	x7,x24,800006fc	  x7:0x00000000 x24:0x00000000
       14245000	      1423	800006e4	2a1c8313	addi	x6,x25,673	 x25:0x00000000  x6=0x000002a1
       14255000	      1424	800006e8	0042c3b3	xor	x7,x5,x4	  x5:0x00000000  x4:0xf40a27b2  x7=0xf40a27b2
       14265000	      1425	800006ec	d12e3313	sltiu	x6,x28,-750	 x28:0x0000027b  x6=0x00000001
       14275000	      1426	800006f0	01d131b3	sltu	x3,x2,x29	  x2:0x00000100 x29:0x00000404  x3=0x00000001
       14285000	      1427	800006f4	dad06593	ori	x11,x0,-595	  x0:0x00000000 x11=0xfffffdad
       14295000	      1428	800006f8	018c8f33	add	x30,x25,x24	 x25:0x00000000 x24:0x00000000 x30=0x00000000
       14305000	      1429	800006fc	0043e263	bltu	x7,x4,80000700	  x7:0xf40a27b2  x4:0xf40a27b2
       14315000	      1430	80000700	b90eef13	ori	x30,x29,-1136	 x29:0x00000404 x30=0xffffff94
       14325000	      1431	80000704	7d128813	addi	x16,x5,2001	  x5:0x00000000 x16=0x000007d1
       14335000	      1432	80000708	00000013	addi	x0,x0,0	  x0:0x00000000
       14345000	      1433	8000070c	00c54463	blt	x10,x12,80000714	 x10:0xfffffffa x12:0x00000000
       14355000	      1434	00000000	00000013	addi	x0,x0,0	  x0:0x00000000
       14365000	      1435	80000710	00000013	addi	x0,x0,0	  x0:0x00000000
       14375000	      1436	80000714	40c8d0b3	sra	x1,x17,x12	 x17:0x80009f84 x12:0x00000000  x1=0x80009f84
       14385000	      1437	80000718	a9e9eb13	ori	x22,x19,-1378	 x19:0x00000000 x22=0xfffffa9e
       14395000	      1438	8000071c	031bf463	bgeu	x23,x17,80000744	 x23:0xfffffc5a x17:0x80009f84
       14405000	      1439	00000000	00000013	addi	x0,x0,0	  x0:0x00000000
       14415000	      1440	80000740	00000013	addi	x0,x0,0	  x0:0x00000000
       14425000	      1441	80000744	00354633	xor	x12,x10,x3	 x10:0xfffffffa  x3:0x00000001 x12=0xfffffffb
       14435000	      1442	80000748	d9a66693	ori	x13,x12,-614	 x12:0xfffffffb x13=0xfffffffb
       14445000	      1443	8000074c	4df18c93	addi	x25,x3,1247	  x3:0x00000001 x25=0x000004e0
       14455000	      1444	80000750	81d4b713	sltiu	x14,x9,-2019	  x9:0x00000000 x14=0x00000001
       14465000	      1445	80000754	41f60033	sub	x0,x12,x31	 x12:0xfffffffb x31:0xfffff87b
       14475000	      1446	80000758	01b70eb3	add	x29,x14,x27	 x14:0x00000001 x27:0xfffffc5a x29=0xfffffc5b
       14485000	      1447	8000075c	02919263	bne	x3,x9,80000780	  x3:0x00000001  x9:0x00000000
       14495000	      1448	00000000	00000013	addi	x0,x0,0	  x0:0x00000000
       14505000	      1449	8000077c	00000013	addi	x0,x0,0	  x0:0x00000000
       14515000	      1450	80000780	2c8ff813	andi	x16,x31,712	 x31:0xfffff87b x16=0x00000048
       14525000	      1451	80000784	ccc1d2b7	lui	x5,0xccc1d	  x5=0xccc1d000
       14535000	      1452	80000788	d3fe4e93	xori	x29,x28,-705	 x28:0x0000027b x29=0xffffff44
       14545000	      1453	8000078c	412285b3	sub	x11,x5,x18	  x5:0xccc1d000 x18:0x0000055d x11=0xccc1caa3
       14555000	      1454	80000790	00aa79b3	and	x19,x20,x10	 x20:0x80009fc4 x10:0xfffffffa x19=0x80009fc0
       14565000	      1455	80000794	03a90463	beq	x18,x26,800007bc	 x18:0x0000055d x26:0xffffffff
       14575000	      1456	80000798	017c5263	bge	x24,x23,8000079c	 x24:0x00000000 x23:0xfffffc5a
       14585000	      1457	00000000	00000013	addi	x0,x0,0	  x0:0x00000000
       14595000	      1458	80000798	00000013	addi	x0,x0,0	  x0:0x00000000
       14605000	      1459	8000079c	529bfc93	andi	x25,x23,1321	 x23:0xfffffc5a x25=0x00000408
       14615000	      1460	800007a0	04d79063	bne	x15,x13,800007e0	 x15:0xffffff93 x13:0xfffffffb
       14625000	      1461	00000000	00000013	addi	x0,x0,0	  x0:0x00000000
       14635000	      1462	800007dc	00000013	addi	x0,x0,0	  x0:0x00000000
       14645000	      1463	800007e0	cc208d93	addi	x27,x1,-830	  x1:0x80009f84 x27=0x80009c46
       14655000	      1464	800007e4	00cf1293	slli	x5,x30,0xc	 x30:0xffffff94  x5=0xfff94000
       14665000	      1465	800007e8	004b5733	srl	x14,x22,x4	 x22:0xfffffa9e  x4:0xf40a27b2 x14=0x00003fff
       14675000	      1466	800007ec	00536633	or	x12,x6,x5	  x6:0x00000001  x5:0xfff94000 x12=0xfff94001
       14685000	      1467	800007f0	007bd263	bge	x23,x7,800007f4	 x23:0xfffffc5a  x7:0xf40a27b2
       14695000	      1468	00000000	00000013	addi	x0,x0,0	  x0:0x00000000
       14705000	      1469	800007f0	00000013	addi	x0,x0,0	  x0:0x00000000
       14715000	      1470	800007f4	0048c1b3	xor	x3,x17,x4	 x17:0x80009f84  x4:0xf40a27b2  x3=0x740ab836
       14725000	      1471	800007f8	00000217	auipc	x4,0x0	  x4=0x800007f4
       14735000	      1472	800007fc	00c20213	addi	x4,x4,12	  x4:0x800007f4  x4=0x80000800
       14745000	      1473	80000800	00020067	jalr	x0,x4,0	  x4:0x80000800
       14755000	      1474	00000000	00000013	addi	x0,x0,0	  x0:0x00000000
       14765000	      1475	80000800	00000013	addi	x0,x0,0	  x0:0x00000000
       14775000	      1476	80000804	00100193	addi	x3,x0,1	  x0:0x00000000  x3=0x00000001
       14785000	      1477	80000808	00000073	ecall	
       14795000	      1478	8000080c	fdc88893	addi	x17,x17,-36	 x17:0x80009f84 x17=0x80009f60
