		Time			Cycle	PC		Insn	Decoded instruction	Register and memory contents
          65000	         5	80000004	00000293	addi	x5,x0,0	  x0:0x00000000  x5=0x00000000
          75000	         6	80000008	00000313	addi	x6,x0,0	  x0:0x00000000  x6=0x00000000
          85000	         7	8000000c	00628263	beq	x5,x6,80000010	  x5:0x00000000  x6:0x00000000
          95000	         8	00000000	00000013	addi	x0,x0,0	  x0:0x00000000
         105000	         9	8000000c	00000013	addi	x0,x0,0	  x0:0x00000000
         115000	        10	80000010	00000317	auipc	x6,0x0	  x6=0x8000000c
         125000	        11	80000014	00c30313	addi	x6,x6,12	  x6:0x8000000c  x6=0x80000018
         135000	        12	80000018	00030067	jalr	x0,x6,0	  x6:0x80000018
         145000	        13	00000000	00000013	addi	x0,x0,0	  x0:0x00000000
         155000	        14	80000018	00000013	addi	x0,x0,0	  x0:0x00000000
         165000	        15	8000001c	40000537	lui	x10,0x40000	 x10=0x40000000
         175000	        16	80000020	10050513	addi	x10,x10,256	 x10:0x40000000 x10=0x40000100
         185000	        17	80000024	00000013	addi	x0,x0,0	  x0:0x00000000
         195000	        18	80000028	0000a997	auipc	x19,0xa	 x19=0x8000a024
         205000	        19	8000002c	fa098993	addi	x19,x19,-96	 x19:0x8000a024 x19=0x80009fc4
         215000	        20	80000030	00002517	auipc	x10,0x2	 x10=0x8000202c
         225000	        21	80000034	c5850513	addi	x10,x10,-936	 x10:0x8000202c x10=0x80001c84
         235000	        22	80000038	00056513	ori	x10,x10,0	 x10:0x80001c84 x10=0x80001c84
         245000	        23	8000003c	00000013	addi	x0,x0,0	  x0:0x00000000
         255000	        24	80000040	00000517	auipc	x10,0x0	 x10=0x8000003c
         265000	        25	80000044	02050513	addi	x10,x10,32	 x10:0x8000003c x10=0x8000005c
         275000	        26	80000048	00000013	addi	x0,x0,0	  x0:0x00000000
         285000	        27	8000004c	00000013	addi	x0,x0,0	  x0:0x00000000
         295000	        28	80000050	00002537	lui	x10,0x2	 x10=0x00002000
         305000	        29	80000054	80050513	addi	x10,x10,-2048	 x10:0x00002000 x10=0x00001800
         315000	        30	80000058	00000013	addi	x0,x0,0	  x0:0x00000000
         325000	        31	8000005c	00000013	addi	x0,x0,0	  x0:0x00000000
         335000	        32	80000060	80000037	lui	x0,0x80000	
         345000	        33	80000064	00000013	addi	x0,x0,0	  x0:0x00000000
         355000	        34	80000068	00e00093	addi	x1,x0,14	  x0:0x00000000  x1=0x0000000e
         365000	        35	8000006c	00000113	addi	x2,x0,0	  x0:0x00000000  x2=0x00000000
         375000	        36	80000070	00a00193	addi	x3,x0,10	  x0:0x00000000  x3=0x0000000a
         385000	        37	80000074	f2a83237	lui	x4,0xf2a83	  x4=0xf2a83000
         395000	        38	80000078	03520213	addi	x4,x4,53	  x4:0xf2a83000  x4=0xf2a83035
         405000	        39	8000007c	800002b7	lui	x5,0x80000	  x5=0x80000000
         415000	        40	80000080	f03eb337	lui	x6,0xf03eb	  x6=0xf03eb000
         425000	        41	80000084	01f30313	addi	x6,x6,31	  x6:0xf03eb000  x6=0xf03eb01f
         435000	        42	80000088	00000393	addi	x7,x0,0	  x0:0x00000000  x7=0x00000000
         445000	        43	8000008c	fc0124b7	lui	x9,0xfc012	  x9=0xfc012000
         455000	        44	80000090	b5c48493	addi	x9,x9,-1188	  x9:0xfc012000  x9=0xfc011b5c
         465000	        45	80000094	00000513	addi	x10,x0,0	  x0:0x00000000 x10=0x00000000
         475000	        46	80000098	00000593	addi	x11,x0,0	  x0:0x00000000 x11=0x00000000
         485000	        47	8000009c	80000637	lui	x12,0x80000	 x12=0x80000000
         495000	        48	800000a0	956ad6b7	lui	x13,0x956ad	 x13=0x956ad000
         505000	        49	800000a4	14c68693	addi	x13,x13,332	 x13:0x956ad000 x13=0x956ad14c
         515000	        50	800000a8	00900713	addi	x14,x0,9	  x0:0x00000000 x14=0x00000009
         525000	        51	800000ac	4c1247b7	lui	x15,0x4c124	 x15=0x4c124000
         535000	        52	800000b0	dcc78793	addi	x15,x15,-564	 x15:0x4c124000 x15=0x4c123dcc
         545000	        53	800000b4	00d00813	addi	x16,x0,13	  x0:0x00000000 x16=0x0000000d
         555000	        54	800000b8	00000893	addi	x17,x0,0	  x0:0x00000000 x17=0x00000000
         565000	        55	800000bc	80000937	lui	x18,0x80000	 x18=0x80000000
         575000	        56	800000c0	00a00a13	addi	x20,x0,10	  x0:0x00000000 x20=0x0000000a
         585000	        57	800000c4	80000ab7	lui	x21,0x80000	 x21=0x80000000
         595000	        58	800000c8	fe224b37	lui	x22,0xfe224	 x22=0xfe224000
         605000	        59	800000cc	9d3b0b13	addi	x22,x22,-1581	 x22:0xfe224000 x22=0xfe2239d3
         615000	        60	800000d0	80000bb7	lui	x23,0x80000	 x23=0x80000000
         625000	        61	800000d4	16f4ac37	lui	x24,0x16f4a	 x24=0x16f4a000
         635000	        62	800000d8	1b5c0c13	addi	x24,x24,437	 x24:0x16f4a000 x24=0x16f4a1b5
         645000	        63	800000dc	00100c93	addi	x25,x0,1	  x0:0x00000000 x25=0x00000001
         655000	        64	800000e0	00000d13	addi	x26,x0,0	  x0:0x00000000 x26=0x00000000
         665000	        65	800000e4	80000db7	lui	x27,0x80000	 x27=0x80000000
         675000	        66	800000e8	00000e13	addi	x28,x0,0	  x0:0x00000000 x28=0x00000000
         685000	        67	800000ec	f32cdeb7	lui	x29,0xf32cd	 x29=0xf32cd000
         695000	        68	800000f0	8c5e8e93	addi	x29,x29,-1851	 x29:0xf32cd000 x29=0xf32cc8c5
         705000	        69	800000f4	80000f37	lui	x30,0x80000	 x30=0x80000000
         715000	        70	800000f8	00e00f93	addi	x31,x0,14	  x0:0x00000000 x31=0x0000000e
         725000	        71	800000fc	0000a417	auipc	x8,0xa	  x8=0x8000a0f8
         735000	        72	80000100	e8c40413	addi	x8,x8,-372	  x8:0x8000a0f8  x8=0x80009f84
         745000	        73	80000104	0143d4b3	srl	x9,x7,x20	  x7:0x00000000 x20:0x0000000a  x9=0x00000000
         755000	        74	80000108	00001097	auipc	x1,0x1	  x1=0x80001104
         765000	        75	8000010c	3f008093	addi	x1,x1,1008	  x1:0x80001104  x1=0x800014f4
         775000	        76	80000110	0194f3b3	and	x7,x9,x25	  x9:0x00000000 x25:0x00000001  x7=0x00000000
         785000	        77	80000114	01c0d1b3	srl	x3,x1,x28	  x1:0x800014f4 x28:0x00000000  x3=0x800014f4
         795000	        78	80000118	01add013	srli	x0,x27,0x1a	 x27:0x80000000
         805000	        79	8000011c	e014cf13	xori	x30,x9,-511	  x9:0x00000000 x30=0xfffffe01
         815000	        80	80000120	00a806b3	add	x13,x16,x10	 x16:0x0000000d x10:0x00000000 x13=0x0000000d
         825000	        81	80000124	40a6d833	sra	x16,x13,x10	 x13:0x0000000d x10:0x00000000 x16=0x0000000d
         835000	        82	80000128	34d08093	addi	x1,x1,845	  x1:0x800014f4  x1=0x80001841
         845000	        83	8000012c	013697b3	sll	x15,x13,x19	 x13:0x0000000d x19:0x80009fc4 x15=0x000000d0
         855000	        84	80000130	4055d1b3	sra	x3,x11,x5	 x11:0x00000000  x5:0x80000000  x3=0x00000000
         865000	        85	80000134	01f2f463	bgeu	x5,x31,8000013c	  x5:0x80000000 x31:0x0000000e
         875000	        86	00000000	00000013	addi	x0,x0,0	  x0:0x00000000
         885000	        87	80000138	00000013	addi	x0,x0,0	  x0:0x00000000
         895000	        88	8000013c	cb408de7	jalr	x27,x1,-844	  x1:0x80001841 x27=0x8000013c
         905000	        89	00000000	00000013	addi	x0,x0,0	  x0:0x00000000
         915000	        90	800014f4	00000013	addi	x0,x0,0	  x0:0x00000000
         925000	        91	800014f8	00469733	sll	x14,x13,x4	 x13:0x0000000d  x4:0xf2a83035 x14=0x01a00000
         935000	        92	800014fc	fdc40413	addi	x8,x8,-36	  x8:0x80009f84  x8=0x80009f60
         945000	        93	80001500	01b42223	sw	x27,4(x8)	  x8:0x80009f60 x27:0x8000013c PA:0x80009f64
         955000	        94	80001504	7f7efe13	andi	x28,x29,2039	 x29:0xf32cc8c5 x28=0x000000c5
         965000	        95	80001508	00000013	addi	x0,x0,0	  x0:0x00000000
         975000	        96	8000150c	00fd0733	add	x14,x26,x15	 x26:0x00000000 x15:0x000000d0 x14=0x000000d0
         985000	        97	80001510	00dd1033	sll	x0,x26,x13	 x26:0x00000000 x13:0x0000000d
         995000	        98	80001514	40ed81b3	sub	x3,x27,x14	 x27:0x8000013c x14:0x000000d0  x3=0x8000006c
        1005000	        99	80001518	00007b97	auipc	x23,0x7	 x23=0x80008514
        1015000	       100	8000151c	2f7b8b93	addi	x23,x23,759	 x23:0x80008514 x23=0x8000880b
        1025000	       101	80001520	01d9b233	sltu	x4,x19,x29	 x19:0x80009fc4 x29:0xf32cc8c5  x4=0x00000001
        1035000	       102	80001524	00b9d213	srli	x4,x19,0xb	 x19:0x80009fc4  x4=0x00100013
        1045000	       103	80001528	93eb8623	sb	x30,-1748(x23)	 x23:0x8000880b x30:0xfffffe01 PA:0x80008137
        1055000	       104	8000152c	dc2b8523	sb	x2,-566(x23)	 x23:0x8000880b  x2:0x00000000 PA:0x800085d5
        1065000	       105	80001530	6b732eb7	lui	x29,0x6b732	 x29=0x6b732000
        1075000	       106	80001534	be1bd103	lhu	x2,-1055(x23)	 x23:0x8000880b  x2=0x00002f20 PA:0x800083ec
        1085000	       107	80001538	acabc803	lbu	x16,-1334(x23)	 x23:0x8000880b x16=0x000000a1 PA:0x800082d5
        1095000	       108	8000153c	01b5fd33	and	x26,x11,x27	 x11:0x00000000 x27:0x8000013c x26=0x00000000
        1105000	       109	80001540	cefb8aa3	sb	x15,-779(x23)	 x23:0x8000880b x15:0x000000d0 PA:0x80008500
        1115000	       110	80001544	bb2bc783	lbu	x15,-1102(x23)	 x23:0x8000880b x15=0x0000003e PA:0x800083bd
        1125000	       111	80001548	9d8b8683	lb	x13,-1576(x23)	 x23:0x8000880b x13=0x00000066 PA:0x800081e3
        1135000	       112	8000154c	fd4bcd03	lbu	x26,-44(x23)	 x23:0x8000880b x26=0x0000005d PA:0x800087df
        1145000	       113	80001550	01d8b233	sltu	x4,x17,x29	 x17:0x00000000 x29:0x6b732000  x4=0x00000001
        1155000	       114	80001554	ca6bc283	lbu	x5,-858(x23)	 x23:0x8000880b  x5=0x000000d5 PA:0x800084b1
        1165000	       115	80001558	00e572b3	and	x5,x10,x14	 x10:0x00000000 x14:0x000000d0  x5=0x00000000
        1175000	       116	8000155c	ee6b8223	sb	x6,-284(x23)	 x23:0x8000880b  x6:0xf03eb01f PA:0x800086ef
        1185000	       117	80001560	0064e833	or	x16,x9,x6	  x9:0x00000000  x6:0xf03eb01f x16=0xf03eb01f
        1195000	       118	80001564	a2cb83a3	sb	x12,-1497(x23)	 x23:0x8000880b x12:0x80000000 PA:0x80008232
        1205000	       119	80001568	40bc8733	sub	x14,x25,x11	 x25:0x00000001 x11:0x00000000 x14=0x00000001
        1215000	       120	8000156c	f6bb8903	lb	x18,-149(x23)	 x23:0x8000880b x18=0xfffffffd PA:0x80008776
        1225000	       121	80001570	880bcc03	lbu	x24,-1920(x23)	 x23:0x8000880b x24=0x00000007 PA:0x8000808b
        1235000	       122	80001574	01321e13	slli	x28,x4,0x13	  x4:0x00000001 x28=0x00080000
        1245000	       123	80001578	f35b8623	sb	x21,-212(x23)	 x23:0x8000880b x21:0x80000000 PA:0x80008737
        1255000	       124	8000157c	01739c13	slli	x24,x7,0x17	  x7:0x00000000 x24=0x00000000
        1265000	       125	80001580	0175a3b3	slt	x7,x11,x23	 x11:0x00000000 x23:0x8000880b  x7=0x00000000
        1275000	       126	80001584	0155bc33	sltu	x24,x11,x21	 x11:0x00000000 x21:0x80000000 x24=0x00000001
        1285000	       127	80001588	0037bfb3	sltu	x31,x15,x3	 x15:0x0000003e  x3:0x8000006c x31=0x00000001
        1295000	       128	8000158c	40055ab3	sra	x21,x10,x0	 x10:0x00000000  x0:0x00000000 x21=0x00000000
        1305000	       129	80001590	003edb33	srl	x22,x29,x3	 x29:0x6b732000  x3:0x8000006c x22=0x0006b732
        1315000	       130	80001594	0181afb3	slt	x31,x3,x24	  x3:0x8000006c x24:0x00000001 x31=0x00000001
        1325000	       131	80001598	019457b3	srl	x15,x8,x25	  x8:0x80009f60 x25:0x00000001 x15=0x40004fb0
        1335000	       132	8000159c	00000013	addi	x0,x0,0	  x0:0x00000000
        1345000	       133	800015a0	ce3b8683	lb	x13,-797(x23)	 x23:0x8000880b x13=0xffffffb3 PA:0x800084ee
        1355000	       134	800015a4	b32b8583	lb	x11,-1230(x23)	 x23:0x8000880b x11=0xffffffcb PA:0x8000833d
        1365000	       135	800015a8	cdab81a3	sb	x26,-829(x23)	 x23:0x8000880b x26:0x0000005d PA:0x800084ce
        1375000	       136	800015ac	8b017c13	andi	x24,x2,-1872	  x2:0x00002f20 x24=0x00002820
        1385000	       137	800015b0	01fc1593	slli	x11,x24,0x1f	 x24:0x00002820 x11=0x00000000
        1395000	       138	800015b4	41805193	srai	x3,x0,0x18	  x0:0x00000000  x3=0x00000000
        1405000	       139	800015b8	e6f8eb13	ori	x22,x17,-401	 x17:0x00000000 x22=0xfffffe6f
        1415000	       140	800015bc	00000013	addi	x0,x0,0	  x0:0x00000000
        1425000	       141	800015c0	888bc703	lbu	x14,-1912(x23)	 x23:0x8000880b x14=0x0000008f PA:0x80008093
        1435000	       142	800015c4	00007b17	auipc	x22,0x7	 x22=0x800085c0
        1445000	       143	800015c8	568b0b13	addi	x22,x22,1384	 x22:0x800085c0 x22=0x80008b28
        1455000	       144	800015cc	cff90293	addi	x5,x18,-769	 x18:0xfffffffd  x5=0xfffffcfc
        1465000	       145	800015d0	fefba013	slti	x0,x23,-17	 x23:0x8000880b
        1475000	       146	800015d4	00bb1223	sh	x11,4(x22)	 x22:0x80008b28 x11:0x00000000 PA:0x80008b2c
        1485000	       147	800015d8	019b0823	sb	x25,16(x22)	 x22:0x80008b28 x25:0x00000001 PA:0x80008b38
        1495000	       148	800015dc	ff6b4603	lbu	x12,-10(x22)	 x22:0x80008b28 x12=0x00000057 PA:0x80008b1e
        1505000	       149	800015e0	01bb0623	sb	x27,12(x22)	 x22:0x80008b28 x27:0x8000013c PA:0x80008b34
        1515000	       150	800015e4	0aea4293	xori	x5,x20,174	 x20:0x0000000a  x5=0x000000a4
        1525000	       151	800015e8	fe8b0aa3	sb	x8,-11(x22)	 x22:0x80008b28  x8:0x80009f60 PA:0x80008b1d
        1535000	       152	800015ec	000bd933	srl	x18,x23,x0	 x23:0x8000880b  x0:0x00000000 x18=0x8000880b
        1545000	       153	800015f0	00db0783	lb	x15,13(x22)	 x22:0x80008b28 x15=0x00000068 PA:0x80008b35
        1555000	       154	800015f4	9c5fbd37	lui	x26,0x9c5fb	 x26=0x9c5fb000
        1565000	       155	800015f8	00fb0d03	lb	x26,15(x22)	 x22:0x80008b28 x26=0xffffff9a PA:0x80008b37
        1575000	       156	800015fc	fecb08a3	sb	x12,-15(x22)	 x22:0x80008b28 x12:0x00000057 PA:0x80008b19
        1585000	       157	80001600	00fb4583	lbu	x11,15(x22)	 x22:0x80008b28 x11=0x0000009a PA:0x80008b37
        1595000	       158	80001604	40d50e33	sub	x28,x10,x13	 x10:0x00000000 x13:0xffffffb3 x28=0x0000004d
        1605000	       159	80001608	003b2623	sw	x3,12(x22)	 x22:0x80008b28  x3:0x00000000 PA:0x80008b34
        1615000	       160	8000160c	09fdc893	xori	x17,x27,159	 x27:0x8000013c x17=0x800001a3
        1625000	       161	80001610	ff2b1683	lh	x13,-14(x22)	 x22:0x80008b28 x13=0xffffdd14 PA:0x80008b1a
        1635000	       162	80001614	fffb4b83	lbu	x23,-1(x22)	 x22:0x80008b28 x23=0x000000e1 PA:0x80008b27
        1645000	       163	80001618	fedb0823	sb	x13,-16(x22)	 x22:0x80008b28 x13:0xffffdd14 PA:0x80008b18
        1655000	       164	8000161c	ff3b0ea3	sb	x19,-3(x22)	 x22:0x80008b28 x19:0x80009fc4 PA:0x80008b25
        1665000	       165	80001620	ff4b1e03	lh	x28,-12(x22)	 x22:0x80008b28 x28=0x000060d8 PA:0x80008b1c
        1675000	       166	00000000	00000013	addi	x0,x0,0	  x0:0x00000000
        1685000	       167	80001624	d13e7213	andi	x4,x28,-749	 x28:0x000060d8  x4=0x00006010
        1695000	       168	80001628	64329797	auipc	x15,0x64329	 x15=0xe432a624
        1705000	       169	8000162c	00bb4d83	lbu	x27,11(x22)	 x22:0x80008b28 x27=0x000000cd PA:0x80008b33
        1715000	       170	80001630	ff1b0883	lb	x17,-15(x22)	 x22:0x80008b28 x17=0x00000057 PA:0x80008b19
        1725000	       171	80001634	009b0823	sb	x9,16(x22)	 x22:0x80008b28  x9:0x00000000 PA:0x80008b38
        1735000	       172	80001638	01fb07a3	sb	x31,15(x22)	 x22:0x80008b28 x31:0x00000001 PA:0x80008b37
        1745000	       173	8000163c	ffdb0003	lb	x0,-3(x22)	 x22:0x80008b28 PA:0x80008b25
        1755000	       174	80001640	00cb0a83	lb	x21,12(x22)	 x22:0x80008b28 x21=0x00000000 PA:0x80008b34
        1765000	       175	00000000	00000013	addi	x0,x0,0	  x0:0x00000000
        1775000	       176	80001644	ff5b0183	lb	x3,-11(x22)	 x22:0x80008b28  x3=0x00000060 PA:0x80008b1d
        1785000	       177	80001648	007b0d83	lb	x27,7(x22)	 x22:0x80008b28 x27=0x0000007c PA:0x80008b2f
        1795000	       178	8000164c	fffb4583	lbu	x11,-1(x22)	 x22:0x80008b28 x11=0x000000e1 PA:0x80008b27
        1805000	       179	80001650	018dd533	srl	x10,x27,x24	 x27:0x0000007c x24:0x00002820 x10=0x0000007c
        1815000	       180	80001654	00442933	slt	x18,x8,x4	  x8:0x80009f60  x4:0x00006010 x18=0x00000001
        1825000	       181	80001658	017b1623	sh	x23,12(x22)	 x22:0x80008b28 x23:0x000000e1 PA:0x80008b34
        1835000	       182	8000165c	00007917	auipc	x18,0x7	 x18=0x80008658
        1845000	       183	80001660	22b90913	addi	x18,x18,555	 x18:0x80008658 x18=0x80008883
        1855000	       184	80001664	02e90fa3	sb	x14,63(x18)	 x18:0x80008883 x14:0x0000008f PA:0x800088c2
        1865000	       185	80001668	fee90723	sb	x14,-18(x18)	 x18:0x80008883 x14:0x0000008f PA:0x80008871
        1875000	       186	8000166c	026922a3	sw	x6,37(x18)	 x18:0x80008883  x6:0xf03eb01f PA:0x800088a8
        1885000	       187	80001670	00390d23	sb	x3,26(x18)	 x18:0x80008883  x3:0x00000060 PA:0x8000889d
        1895000	       188	80001674	02e90283	lb	x5,46(x18)	 x18:0x80008883  x5=0xfffffff7 PA:0x800088b1
        1905000	       189	80001678	01d91b83	lh	x23,29(x18)	 x18:0x80008883 x23=0xffff9555 PA:0x800088a0
        1915000	       190	8000167c	d30d2a13	slti	x20,x26,-720	 x26:0xffffff9a x20=0x00000000
        1925000	       191	80001680	fd694483	lbu	x9,-42(x18)	 x18:0x80008883  x9=0x00000093 PA:0x80008859
        1935000	       192	80001684	fc890ca3	sb	x8,-39(x18)	 x18:0x80008883  x8:0x80009f60 PA:0x8000885c
        1945000	       193	80001688	fdf95783	lhu	x15,-33(x18)	 x18:0x80008883 x15=0x0000c532 PA:0x80008862
        1955000	       194	8000168c	fc890fa3	sb	x8,-33(x18)	 x18:0x80008883  x8:0x80009f60 PA:0x80008862
        1965000	       195	80001690	fea90523	sb	x10,-22(x18)	 x18:0x80008883 x10:0x0000007c PA:0x8000886d
        1975000	       196	80001694	fc990383	lb	x7,-55(x18)	 x18:0x80008883  x7=0xffffffbd PA:0x8000884c
        1985000	       197	80001698	00192d03	lw	x26,1(x18)	 x18:0x80008883 x26=0xbcf39aee PA:0x80008884
        1995000	       198	8000169c	432674b7	lui	x9,0x43267	  x9=0x43267000
        2005000	       199	800016a0	00690e83	lb	x29,6(x18)	 x18:0x80008883 x29=0xffffffc8 PA:0x80008889
        2015000	       200	800016a4	fcf95b03	lhu	x22,-49(x18)	 x18:0x80008883 x22=0x0000ab2d PA:0x80008852
        2025000	       201	800016a8	00000013	addi	x0,x0,0	  x0:0x00000000
        2035000	       202	800016ac	fcf91583	lh	x11,-49(x18)	 x18:0x80008883 x11=0xffffab2d PA:0x80008852
        2045000	       203	800016b0	fce90f83	lb	x31,-50(x18)	 x18:0x80008883 x31=0x00000045 PA:0x80008851
        2055000	       204	800016b4	00007617	auipc	x12,0x7	 x12=0x800086b0
        2065000	       205	800016b8	15c60613	addi	x12,x12,348	 x12:0x800086b0 x12=0x8000880c
        2075000	       206	800016bc	f60606a3	sb	x0,-147(x12)	 x12:0x8000880c  x0:0x00000000 PA:0x80008779
        2085000	       207	800016c0	8fa61203	lh	x4,-1798(x12)	 x12:0x8000880c  x4=0xffffb623 PA:0x80008106
        2095000	       208	800016c4	00007e97	auipc	x29,0x7	 x29=0x800086c0
        2105000	       209	800016c8	9d6e8e93	addi	x29,x29,-1578	 x29:0x800086c0 x29=0x80008096
        2115000	       210	800016cc	c3964a83	lbu	x21,-967(x12)	 x12:0x8000880c x21=0x00000070 PA:0x80008445
        2125000	       211	800016d0	526e89a3	sb	x6,1331(x29)	 x29:0x80008096  x6:0xf03eb01f PA:0x800085c9
        2135000	       212	800016d4	8c462a03	lw	x20,-1852(x12)	 x12:0x8000880c x20=0x4de3f416 PA:0x800080d0
        2145000	       213	800016d8	a1661823	sh	x22,-1520(x12)	 x12:0x8000880c x22:0x0000ab2d PA:0x8000821c
        2155000	       214	800016dc	8af64d83	lbu	x27,-1873(x12)	 x12:0x8000880c x27=0x00000068 PA:0x800080bb
        2165000	       215	800016e0	085eaf23	sw	x5,158(x29)	 x29:0x80008096  x5:0xfffffff7 PA:0x80008134
        2175000	       216	800016e4	b4b60423	sb	x11,-1208(x12)	 x12:0x8000880c x11:0xffffab2d PA:0x80008354
        2185000	       217	800016e8	367e8583	lb	x11,871(x29)	 x29:0x80008096 x11=0xffffffb1 PA:0x800083fd
        2195000	       218	800016ec	f8f60283	lb	x5,-113(x12)	 x12:0x8000880c  x5=0xffffffea PA:0x8000879b
        2205000	       219	800016f0	309e9423	sh	x9,776(x29)	 x29:0x80008096  x9:0x43267000 PA:0x8000839e
        2215000	       220	800016f4	a4d64803	lbu	x16,-1459(x12)	 x12:0x8000880c x16=0x0000002e PA:0x80008259
        2225000	       221	800016f8	100ed803	lhu	x16,256(x29)	 x29:0x80008096 x16=0x0000f199 PA:0x80008196
        2235000	       222	800016fc	00360883	lb	x17,3(x12)	 x12:0x8000880c x17=0x0000002a PA:0x8000880f
        2245000	       223	80001700	40ca5733	sra	x14,x20,x12	 x20:0x4de3f416 x12:0x8000880c x14=0x0004de3f
        2255000	       224	80001704	00b5aa33	slt	x20,x11,x11	 x11:0xffffffb1 x11:0xffffffb1 x20=0x00000000
        2265000	       225	80001708	5c07ba13	sltiu	x20,x15,1472	 x15:0x0000c532 x20=0x00000000
        2275000	       226	8000170c	837d3113	sltiu	x2,x26,-1993	 x26:0xbcf39aee  x2=0x00000001
        2285000	       227	80001710	0192ac33	slt	x24,x5,x25	  x5:0xffffffea x25:0x00000001 x24=0x00000001
        2295000	       228	80001714	db76f693	andi	x13,x13,-585	 x13:0xffffdd14 x13=0xffffdd14
        2305000	       229	80001718	00e27c63	bgeu	x4,x14,80001730	  x4:0xffffb623 x14:0x0004de3f
        2315000	       230	00000000	00000013	addi	x0,x0,0	  x0:0x00000000
        2325000	       231	8000172c	00000013	addi	x0,x0,0	  x0:0x00000000
        2335000	       232	80001730	16daf893	andi	x17,x21,365	 x21:0x00000070 x17=0x00000060
        2345000	       233	80001734	3896f813	andi	x16,x13,905	 x13:0xffffdd14 x16=0x00000100
        2355000	       234	80001738	00b1d463	bge	x3,x11,80001740	  x3:0x00000060 x11:0xffffffb1
        2365000	       235	00000000	00000013	addi	x0,x0,0	  x0:0x00000000
        2375000	       236	8000173c	00000013	addi	x0,x0,0	  x0:0x00000000
        2385000	       237	80001740	01cd0e63	beq	x26,x28,8000175c	 x26:0xbcf39aee x28:0x000060d8
        2395000	       238	80001744	013fc033	xor	x0,x31,x19	 x31:0x00000045 x19:0x80009fc4
        2405000	       239	80001748	007e3bb3	sltu	x23,x28,x7	 x28:0x000060d8  x7:0xffffffbd x23=0x00000001
        2415000	       240	8000174c	015c11b3	sll	x3,x24,x21	 x24:0x00000001 x21:0x00000070  x3=0x00010000
        2425000	       241	80001750	402dda13	srai	x20,x27,0x2	 x27:0x00000068 x20=0x0000001a
        2435000	       242	80001754	41fc8633	sub	x12,x25,x31	 x25:0x00000001 x31:0x00000045 x12=0xffffffbc
        2445000	       243	80001758	01b5acb3	slt	x25,x11,x27	 x11:0xffffffb1 x27:0x00000068 x25=0x00000001
        2455000	       244	8000175c	80913193	sltiu	x3,x2,-2039	  x2:0x00000001  x3=0x00000001
        2465000	       245	80001760	41cd52b3	sra	x5,x26,x28	 x26:0xbcf39aee x28:0x000060d8  x5=0xffffffbc
        2475000	       246	80001764	00d532b3	sltu	x5,x10,x13	 x10:0x0000007c x13:0xffffdd14  x5=0x00000001
        2485000	       247	80001768	014b8663	beq	x23,x20,80001774	 x23:0x00000001 x20:0x0000001a
        2495000	       248	8000176c	007d9e63	bne	x27,x7,80001788	 x27:0x00000068  x7:0xffffffbd
        2505000	       249	00000000	00000013	addi	x0,x0,0	  x0:0x00000000
        2515000	       250	80001784	00000013	addi	x0,x0,0	  x0:0x00000000
        2525000	       251	80001788	01a68663	beq	x13,x26,80001794	 x13:0xffffdd14 x26:0xbcf39aee
        2535000	       252	8000178c	40228933	sub	x18,x5,x2	  x5:0x00000001  x2:0x00000001 x18=0x00000000
        2545000	       253	80001790	01fd11b3	sll	x3,x26,x31	 x26:0xbcf39aee x31:0x00000045  x3=0x9e735dc0
        2555000	       254	80001794	00e4c3b3	xor	x7,x9,x14	  x9:0x43267000 x14:0x0004de3f  x7=0x4322ae3f
        2565000	       255	80001798	ff69d917	auipc	x18,0xff69d	 x18=0x7f69e794
        2575000	       256	8000179c	fc530b13	addi	x22,x6,-59	  x6:0xf03eb01f x22=0xf03eafe4
        2585000	       257	800017a0	6de78493	addi	x9,x15,1758	 x15:0x0000c532  x9=0x0000cc10
        2595000	       258	800017a4	00504463	blt	x0,x5,800017ac	  x0:0x00000000  x5:0x00000001
        2605000	       259	00000000	00000013	addi	x0,x0,0	  x0:0x00000000
        2615000	       260	800017a8	00000013	addi	x0,x0,0	  x0:0x00000000
        2625000	       261	800017ac	03aa4663	blt	x20,x26,800017d8	 x20:0x0000001a x26:0xbcf39aee
        2635000	       262	800017b0	f96c8b13	addi	x22,x25,-106	 x25:0x00000001 x22=0xffffff97
        2645000	       263	800017b4	0c86c863	blt	x13,x8,80001884	 x13:0xffffdd14  x8:0x80009f60
        2655000	       264	800017b8	3c9e7a93	andi	x21,x28,969	 x28:0x000060d8 x21=0x000000c8
        2665000	       265	800017bc	029e9463	bne	x29,x9,800017e4	 x29:0x80008096  x9:0x0000cc10
        2675000	       266	00000000	00000013	addi	x0,x0,0	  x0:0x00000000
        2685000	       267	800017e0	00000013	addi	x0,x0,0	  x0:0x00000000
        2695000	       268	800017e4	4735e213	ori	x4,x11,1139	 x11:0xffffffb1  x4=0xfffffff3
        2705000	       269	800017e8	405156b3	sra	x13,x2,x5	  x2:0x00000001  x5:0x00000001 x13=0x00000000
        2715000	       270	800017ec	84ac4b37	lui	x22,0x84ac4	 x22=0x84ac4000
        2725000	       271	800017f0	4178d233	sra	x4,x17,x23	 x17:0x00000060 x23:0x00000001  x4=0x00000030
        2735000	       272	800017f4	08794a63	blt	x18,x7,80001888	 x18:0x7f69e794  x7:0x4322ae3f
        2745000	       273	800017f8	00007e17	auipc	x28,0x7	 x28=0x800087f4
        2755000	       274	800017fc	01de0e13	addi	x28,x28,29	 x28:0x800087f4 x28=0x80008811
        2765000	       275	80001800	ffde5503	lhu	x10,-3(x28)	 x28:0x80008811 x10=0x00002ab5 PA:0x8000880e
        2775000	       276	80001804	00007217	auipc	x4,0x7	  x4=0x80008800
        2785000	       277	80001808	e2120213	addi	x4,x4,-479	  x4:0x80008800  x4=0x80008621
        2795000	       278	8000180c	014e0123	sb	x20,2(x28)	 x28:0x80008811 x20:0x0000001a PA:0x80008813
        2805000	       279	80001810	d9c20603	lb	x12,-612(x4)	  x4:0x80008621 x12=0x0000003e PA:0x800083bd
        2815000	       280	80001814	00007797	auipc	x15,0x7	 x15=0x80008810
        2825000	       281	80001818	d4478793	addi	x15,x15,-700	 x15:0x80008810 x15=0x80008554
        2835000	       282	8000181c	004e4c03	lbu	x24,4(x28)	 x28:0x80008811 x24=0x00000045 PA:0x80008815
        2845000	       283	80001820	e1b21803	lh	x16,-485(x4)	  x4:0x80008621 x16=0xffff8cdb PA:0x8000843c
        2855000	       284	00000000	00000013	addi	x0,x0,0	  x0:0x00000000
        2865000	       285	80001824	0f07d103	lhu	x2,240(x15)	 x15:0x80008554  x2=0x00002648 PA:0x80008644
        2875000	       286	80001828	ff6e0703	lb	x14,-10(x28)	 x28:0x80008811 x14=0x00000033 PA:0x80008807
        2885000	       287	8000182c	0e07c003	lbu	x0,224(x15)	 x15:0x80008554 PA:0x80008634
        2895000	       288	80001830	f5a78c03	lb	x24,-166(x15)	 x15:0x80008554 x24=0xffffff9e PA:0x800084ae
        2905000	       289	80001834	c9c24103	lbu	x2,-868(x4)	  x4:0x80008621  x2=0x00000088 PA:0x800082bd
        2915000	       290	80001838	ff3e0483	lb	x9,-13(x28)	 x28:0x80008811  x9=0x00000049 PA:0x80008804
        2925000	       291	8000183c	edb21ba3	sh	x27,-297(x4)	  x4:0x80008621 x27:0x00000068 PA:0x800084f8
        2935000	       292	80001840	07578083	lb	x1,117(x15)	 x15:0x80008554  x1=0x0000001f PA:0x800085c9
        2945000	       293	80001844	f7a7dd03	lhu	x26,-134(x15)	 x15:0x80008554 x26=0x0000f35d PA:0x800084ce
        2955000	       294	80001848	b5124883	lbu	x17,-1199(x4)	  x4:0x80008621 x17=0x00000091 PA:0x80008172
        2965000	       295	8000184c	05678aa3	sb	x22,85(x15)	 x15:0x80008554 x22:0x84ac4000 PA:0x800085a9
        2975000	       296	80001850	df2200a3	sb	x18,-543(x4)	  x4:0x80008621 x18:0x7f69e794 PA:0x80008402
        2985000	       297	80001854	000e0903	lb	x18,0(x28)	 x28:0x80008811 x18=0x00000026 PA:0x80008811
        2995000	       298	80001858	10e79023	sh	x14,256(x15)	 x15:0x80008554 x14:0x00000033 PA:0x80008654
        3005000	       299	8000185c	ffde5903	lhu	x18,-3(x28)	 x28:0x80008811 x18=0x00002ab5 PA:0x8000880e
        3015000	       300	80001860	ffde4883	lbu	x17,-3(x28)	 x28:0x80008811 x17=0x000000b5 PA:0x8000880e
        3025000	       301	80001864	ff2e0383	lb	x7,-14(x28)	 x28:0x80008811  x7=0xffffffba PA:0x80008803
        3035000	       302	80001868	bc921d03	lh	x26,-1079(x4)	  x4:0x80008621 x26=0x00001a5a PA:0x800081ea
        3045000	       303	8000186c	f387a283	lw	x5,-200(x15)	 x15:0x80008554  x5=0xebaf1a80 PA:0x8000848c
        3055000	       304	80001870	e0024a83	lbu	x21,-512(x4)	  x4:0x80008621 x21=0x000000ec PA:0x80008421
        3065000	       305	80001874	ffa7d103	lhu	x2,-6(x15)	 x15:0x80008554  x2=0x0000e2b5 PA:0x8000854e
        3075000	       306	80001878	ff6e0b03	lb	x22,-10(x28)	 x28:0x80008811 x22=0x00000033 PA:0x80008807
        3085000	       307	8000187c	ea321603	lh	x12,-349(x4)	  x4:0x80008621 x12=0xffffdb24 PA:0x800084c4
        3095000	       308	80001880	014436b3	sltu	x13,x8,x20	  x8:0x80009f60 x20:0x0000001a x13=0x00000000
        3105000	       309	80001884	009b1a13	slli	x20,x22,0x9	 x22:0x00000033 x20=0x00006600
        3115000	       310	80001888	e5f76b13	ori	x22,x14,-417	 x14:0x00000033 x22=0xfffffe7f
        3125000	       311	8000188c	0180df13	srli	x30,x1,0x18	  x1:0x0000001f x30=0x00000000
        3135000	       312	80001890	9fc1b293	sltiu	x5,x3,-1540	  x3:0x9e735dc0  x5=0x00000001
        3145000	       313	80001894	1c6c0193	addi	x3,x24,454	 x24:0xffffff9e  x3=0x00000164
        3155000	       314	80001898	01f71213	slli	x4,x14,0x1f	 x14:0x00000033  x4=0x80000000
        3165000	       315	8000189c	00e85c93	srli	x25,x16,0xe	 x16:0xffff8cdb x25=0x0003fffe
        3175000	       316	800018a0	00000013	addi	x0,x0,0	  x0:0x00000000
        3185000	       317	800018a4	017584b3	add	x9,x11,x23	 x11:0xffffffb1 x23:0x00000001  x9=0xffffffb2
        3195000	       318	800018a8	40565513	srai	x10,x12,0x5	 x12:0xffffdb24 x10=0xfffffed9
        3205000	       319	800018ac	00000013	addi	x0,x0,0	  x0:0x00000000
        3215000	       320	800018b0	00000013	addi	x0,x0,0	  x0:0x00000000
        3225000	       321	800018b4	e13cb5b7	lui	x11,0xe13cb	 x11=0xe13cb000
        3235000	       322	800018b8	28747f13	andi	x30,x8,647	  x8:0x80009f60 x30=0x00000200
        3245000	       323	800018bc	017f1093	slli	x1,x30,0x17	 x30:0x00000200  x1=0x00000000
        3255000	       324	800018c0	03bdde63	bge	x27,x27,800018fc	 x27:0x00000068 x27:0x00000068
        3265000	       325	00000000	00000013	addi	x0,x0,0	  x0:0x00000000
        3275000	       326	800018f8	00000013	addi	x0,x0,0	  x0:0x00000000
        3285000	       327	800018fc	002ad213	srli	x4,x21,0x2	 x21:0x000000ec  x4=0x0000003b
        3295000	       328	80001900	00ba97b3	sll	x15,x21,x11	 x21:0x000000ec x11:0xe13cb000 x15=0x000000ec
        3305000	       329	80001904	023a7863	bgeu	x20,x3,80001934	 x20:0x00006600  x3:0x00000164
        3315000	       330	00000000	00000013	addi	x0,x0,0	  x0:0x00000000
        3325000	       331	80001930	00000013	addi	x0,x0,0	  x0:0x00000000
        3335000	       332	80001934	00572117	auipc	x2,0x572	  x2=0x80573930
        3345000	       333	80001938	7894a093	slti	x1,x9,1929	  x9:0xffffffb2  x1=0x00000001
        3355000	       334	8000193c	7232fd93	andi	x27,x5,1827	  x5:0x00000001 x27=0x00000001
        3365000	       335	80001940	85e5e013	ori	x0,x11,-1954	 x11:0xe13cb000
        3375000	       336	80001944	00521013	slli	x0,x4,0x5	  x4:0x0000003b
        3385000	       337	80001948	0118a633	slt	x12,x17,x17	 x17:0x000000b5 x17:0x000000b5 x12=0x00000000
        3395000	       338	8000194c	08efce63	blt	x31,x14,800019e8	 x31:0x00000045 x14:0x00000033
        3405000	       339	80001950	ee646f13	ori	x30,x8,-282	  x8:0x80009f60 x30=0xffffffe6
        3415000	       340	80001954	abc82013	slti	x0,x16,-1348	 x16:0xffff8cdb
        3425000	       341	80001958	01e0a533	slt	x10,x1,x30	  x1:0x00000001 x30:0xffffffe6 x10=0x00000000
        3435000	       342	8000195c	00007117	auipc	x2,0x7	  x2=0x80008958
        3445000	       343	80001960	ea710113	addi	x2,x2,-345	  x2:0x80008958  x2=0x800087ff
        3455000	       344	80001964	0158fa33	and	x20,x17,x21	 x17:0x000000b5 x21:0x000000ec x20=0x000000a4
        3465000	       345	80001968	00081193	slli	x3,x16,0x0	 x16:0xffff8cdb  x3=0xffff8cdb
        3475000	       346	8000196c	fac10b23	sb	x12,-74(x2)	  x2:0x800087ff x12:0x00000000 PA:0x800087b5
        3485000	       347	80001970	fb610603	lb	x12,-74(x2)	  x2:0x800087ff x12=0x00000000 PA:0x800087b5
        3495000	       348	80001974	fb614803	lbu	x16,-74(x2)	  x2:0x800087ff x16=0x00000000 PA:0x800087b5
        3505000	       349	80001978	fb610903	lb	x18,-74(x2)	  x2:0x800087ff x18=0x00000000 PA:0x800087b5
        3515000	       350	8000197c	013f7833	and	x16,x30,x19	 x30:0xffffffe6 x19:0x80009fc4 x16=0x80009fc4
        3525000	       351	80001980	fb610b03	lb	x22,-74(x2)	  x2:0x800087ff x22=0x00000000 PA:0x800087b5
        3535000	       352	00000000	00000013	addi	x0,x0,0	  x0:0x00000000
        3545000	       353	80001984	fb610d03	lb	x26,-74(x2)	  x2:0x800087ff x26=0x00000000 PA:0x800087b5
        3555000	       354	80001988	01d664b3	or	x9,x12,x29	 x12:0x00000000 x29:0x80008096  x9=0x80008096
        3565000	       355	8000198c	fb614b83	lbu	x23,-74(x2)	  x2:0x800087ff x23=0x00000000 PA:0x800087b5
        3575000	       356	80001990	fb614f03	lbu	x30,-74(x2)	  x2:0x800087ff x30=0x00000000 PA:0x800087b5
        3585000	       357	80001994	4160df13	srai	x30,x1,0x16	  x1:0x00000001 x30=0x00000000
        3595000	       358	80001998	fd210d23	sb	x18,-38(x2)	  x2:0x800087ff x18:0x00000000 PA:0x800087d9
        3605000	       359	8000199c	fc314283	lbu	x5,-61(x2)	  x2:0x800087ff  x5=0x0000001f PA:0x800087c2
        3615000	       360	800019a0	008c14b3	sll	x9,x24,x8	 x24:0xffffff9e  x8:0x80009f60  x9=0xffffff9e
        3625000	       361	800019a4	fc310603	lb	x12,-61(x2)	  x2:0x800087ff x12=0x0000001f PA:0x800087c2
        3635000	       362	800019a8	fc311a03	lh	x20,-61(x2)	  x2:0x800087ff x20=0x0000121f PA:0x800087c2
        3645000	       363	800019ac	fc311703	lh	x14,-61(x2)	  x2:0x800087ff x14=0x0000121f PA:0x800087c2
        3655000	       364	800019b0	fc310283	lb	x5,-61(x2)	  x2:0x800087ff  x5=0x0000001f PA:0x800087c2
        3665000	       365	800019b4	fc310f83	lb	x31,-61(x2)	  x2:0x800087ff x31=0x0000001f PA:0x800087c2
        3675000	       366	800019b8	0093d693	srli	x13,x7,0x9	  x7:0xffffffba x13=0x007fffff
        3685000	       367	800019bc	0105d4b3	srl	x9,x11,x16	 x11:0xe13cb000 x16:0x80009fc4  x9=0x0e13cb00
        3695000	       368	800019c0	1a2a5397	auipc	x7,0x1a2a5	  x7=0x9a2a69bc
        3705000	       369	800019c4	0752bab7	lui	x21,0x752b	 x21=0x0752b000
        3715000	       370	800019c8	82efbf13	sltiu	x30,x31,-2002	 x31:0x0000001f x30=0x00000001
        3725000	       371	800019cc	01708fb3	add	x31,x1,x23	  x1:0x00000001 x23:0x00000000 x31=0x00000001
        3735000	       372	800019d0	00e49833	sll	x16,x9,x14	  x9:0x0e13cb00 x14:0x0000121f x16=0x00000000
        3745000	       373	800019d4	006582b3	add	x5,x11,x6	 x11:0xe13cb000  x6:0xf03eb01f  x5=0xd17b601f
        3755000	       374	800019d8	01201a63	bne	x0,x18,800019ec	  x0:0x00000000 x18:0x00000000
        3765000	       375	800019dc	01d2fbb3	and	x23,x5,x29	  x5:0xd17b601f x29:0x80008096 x23=0x80000016
        3775000	       376	800019e0	01779913	slli	x18,x15,0x17	 x15:0x000000ec x18=0x76000000
        3785000	       377	800019e4	41df5113	srai	x2,x30,0x1d	 x30:0x00000001  x2=0x00000000
        3795000	       378	800019e8	418787b3	sub	x15,x15,x24	 x15:0x000000ec x24:0xffffff9e x15=0x0000014e
        3805000	       379	800019ec	0367f463	bgeu	x15,x22,80001a14	 x15:0x0000014e x22:0x00000000
        3815000	       380	00000000	00000013	addi	x0,x0,0	  x0:0x00000000
        3825000	       381	80001a10	00000013	addi	x0,x0,0	  x0:0x00000000
        3835000	       382	80001a14	0028e263	bltu	x17,x2,80001a18	 x17:0x000000b5  x2:0x00000000
        3845000	       383	80001a18	041c4063	blt	x24,x1,80001a58	 x24:0xffffff9e  x1:0x00000001
        3855000	       384	00000000	00000013	addi	x0,x0,0	  x0:0x00000000
        3865000	       385	80001a54	00000013	addi	x0,x0,0	  x0:0x00000000
        3875000	       386	80001a58	01465d13	srli	x26,x12,0x14	 x12:0x0000001f x26=0x00000000
        3885000	       387	80001a5c	01d74663	blt	x14,x29,80001a68	 x14:0x0000121f x29:0x80008096
        3895000	       388	80001a60	4080dc33	sra	x24,x1,x8	  x1:0x00000001  x8:0x80009f60 x24=0x00000001
        3905000	       389	80001a64	c1b14097	auipc	x1,0xc1b14	  x1=0x41b15a60
        3915000	       390	80001a68	01403633	sltu	x12,x0,x20	  x0:0x00000000 x20:0x0000121f x12=0x00000001
        3925000	       391	80001a6c	00ae78b3	and	x17,x28,x10	 x28:0x80008811 x10:0x00000000 x17=0x00000000
        3935000	       392	80001a70	0319ea63	bltu	x19,x17,80001aa4	 x19:0x80009fc4 x17:0x00000000
        3945000	       393	80001a74	0b842613	slti	x12,x8,184	  x8:0x80009f60 x12=0x00000001
        3955000	       394	80001a78	00c31293	slli	x5,x6,0xc	  x6:0xf03eb01f  x5=0xeb01f000
        3965000	       395	80001a7c	01b32833	slt	x16,x6,x27	  x6:0xf03eb01f x27:0x00000001 x16=0x00000001
        3975000	       396	80001a80	05698463	beq	x19,x22,80001ac8	 x19:0x80009fc4 x22:0x00000000
        3985000	       397	80001a84	012c8633	add	x12,x25,x18	 x25:0x0003fffe x18:0x76000000 x12=0x7603fffe
        3995000	       398	80001a88	6b566297	auipc	x5,0x6b566	  x5=0xeb567a84
        4005000	       399	80001a8c	0119ecb3	or	x25,x19,x17	 x19:0x80009fc4 x17:0x00000000 x25=0x80009fc4
        4015000	       400	80001a90	00000013	addi	x0,x0,0	  x0:0x00000000
        4025000	       401	80001a94	01e902b3	add	x5,x18,x30	 x18:0x76000000 x30:0x00000001  x5=0x76000001
        4035000	       402	80001a98	5f8e5897	auipc	x17,0x5f8e5	 x17=0xdf8e6a94
        4045000	       403	80001a9c	22273493	sltiu	x9,x14,546	 x14:0x0000121f  x9=0x00000000
        4055000	       404	80001aa0	02660a63	beq	x12,x6,80001ad4	 x12:0x7603fffe  x6:0xf03eb01f
        4065000	       405	80001aa4	efcd4213	xori	x4,x26,-260	 x26:0x00000000  x4=0xfffffefc
        4075000	       406	80001aa8	019bddb3	srl	x27,x23,x25	 x23:0x80000016 x25:0x80009fc4 x27=0x08000001
        4085000	       407	80001aac	8405c393	xori	x7,x11,-1984	 x11:0xe13cb000  x7=0x1ec34840
        4095000	       408	80001ab0	01110c63	beq	x2,x17,80001ac8	  x2:0x00000000 x17:0xdf8e6a94
        4105000	       409	80001ab4	40cd0c33	sub	x24,x26,x12	 x26:0x00000000 x12:0x7603fffe x24=0x89fc0002
        4115000	       410	80001ab8	00b63eb3	sltu	x29,x12,x11	 x12:0x7603fffe x11:0xe13cb000 x29=0x00000001
        4125000	       411	80001abc	03e85463	bge	x16,x30,80001ae4	 x16:0x00000001 x30:0x00000001
        4135000	       412	00000000	00000013	addi	x0,x0,0	  x0:0x00000000
        4145000	       413	80001ae0	00000013	addi	x0,x0,0	  x0:0x00000000
        4155000	       414	80001ae4	88ed3f17	auipc	x30,0x88ed3	 x30=0x08ed4ae0
        4165000	       415	80001ae8	014ffc33	and	x24,x31,x20	 x31:0x00000001 x20:0x0000121f x24=0x00000001
        4175000	       416	80001aec	8f348213	addi	x4,x9,-1805	  x9:0x00000000  x4=0xfffff8f3
        4185000	       417	80001af0	40c9db93	srai	x23,x19,0xc	 x19:0x80009fc4 x23=0xfff80009
        4195000	       418	80001af4	171d0513	addi	x10,x26,369	 x26:0x00000000 x10=0x00000171
        4205000	       419	80001af8	05cf0063	beq	x30,x28,80001b38	 x30:0x08ed4ae0 x28:0x80008811
        4215000	       420	80001afc	01dbf833	and	x16,x23,x29	 x23:0xfff80009 x29:0x00000001 x16=0x00000001
        4225000	       421	80001b00	00485713	srli	x14,x16,0x4	 x16:0x00000001 x14=0x00000000
        4235000	       422	80001b04	4080d113	srai	x2,x1,0x8	  x1:0x41b15a60  x2=0x0041b15a
        4245000	       423	80001b08	006d6833	or	x16,x26,x6	 x26:0x00000000  x6:0xf03eb01f x16=0xf03eb01f
        4255000	       424	80001b0c	00340463	beq	x8,x3,80001b14	  x8:0x80009f60  x3:0xffff8cdb
        4265000	       425	80001b10	a7c46e37	lui	x28,0xa7c46	 x28=0xa7c46000
        4275000	       426	80001b14	01e86733	or	x14,x16,x30	 x16:0xf03eb01f x30:0x08ed4ae0 x14=0xf8fffaff
        4285000	       427	80001b18	02cb8863	beq	x23,x12,80001b48	 x23:0xfff80009 x12:0x7603fffe
        4295000	       428	80001b1c	014c58b3	srl	x17,x24,x20	 x24:0x00000001 x20:0x0000121f x17=0x00000000
        4305000	       429	80001b20	01925463	bge	x4,x25,80001b28	  x4:0xfffff8f3 x25:0x80009fc4
        4315000	       430	00000000	00000013	addi	x0,x0,0	  x0:0x00000000
        4325000	       431	80001b24	00000013	addi	x0,x0,0	  x0:0x00000000
        4335000	       432	80001b28	410980b3	sub	x1,x19,x16	 x19:0x80009fc4 x16:0xf03eb01f  x1=0x8fc1efa5
        4345000	       433	80001b2c	01571733	sll	x14,x14,x21	 x14:0xf8fffaff x21:0x0752b000 x14=0xf8fffaff
        4355000	       434	80001b30	61da4213	xori	x4,x20,1565	 x20:0x0000121f  x4=0x00001402
        4365000	       435	80001b34	22bb8893	addi	x17,x23,555	 x23:0xfff80009 x17=0xfff80234
        4375000	       436	80001b38	013ae663	bltu	x21,x19,80001b44	 x21:0x0752b000 x19:0x80009fc4
        4385000	       437	00000000	00000013	addi	x0,x0,0	  x0:0x00000000
        4395000	       438	80001b40	00000013	addi	x0,x0,0	  x0:0x00000000
        4405000	       439	80001b44	c2b53393	sltiu	x7,x10,-981	 x10:0x00000171  x7=0x00000001
        4415000	       440	80001b48	000584b3	add	x9,x11,x0	 x11:0xe13cb000  x0:0x00000000  x9=0xe13cb000
        4425000	       441	80001b4c	01198bb3	add	x23,x19,x17	 x19:0x80009fc4 x17:0xfff80234 x23=0x7ff8a1f8
        4435000	       442	80001b50	4183d2b3	sra	x5,x7,x24	  x7:0x00000001 x24:0x00000001  x5=0x00000000
        4445000	       443	80001b54	ed090b13	addi	x22,x18,-304	 x18:0x76000000 x22=0x75fffed0
        4455000	       444	80001b58	8f6fab93	slti	x23,x31,-1802	 x31:0x00000001 x23=0x00000000
        4465000	       445	80001b5c	8f001d37	lui	x26,0x8f001	 x26=0x8f001000
        4475000	       446	80001b60	00fccab3	xor	x21,x25,x15	 x25:0x80009fc4 x15:0x0000014e x21=0x80009e8a
        4485000	       447	80001b64	84f38593	addi	x11,x7,-1969	  x7:0x00000001 x11=0xfffff850
        4495000	       448	80001b68	19ce3017	auipc	x0,0x19ce3	
        4505000	       449	80001b6c	020ec463	blt	x29,x0,80001b94	 x29:0x00000001  x0:0x00000000
        4515000	       450	80001b70	0133d293	srli	x5,x7,0x13	  x7:0x00000001  x5=0x00000000
        4525000	       451	80001b74	f37f8d93	addi	x27,x31,-201	 x31:0x00000001 x27=0xffffff38
        4535000	       452	80001b78	1cecf193	andi	x3,x25,462	 x25:0x80009fc4  x3=0x000001c4
        4545000	       453	80001b7c	e3f1c913	xori	x18,x3,-449	  x3:0x000001c4 x18=0xfffffffb
        4555000	       454	80001b80	41358b33	sub	x22,x11,x19	 x11:0xfffff850 x19:0x80009fc4 x22=0x7fff588c
        4565000	       455	80001b84	41845213	srai	x4,x8,0x18	  x8:0x80009f60  x4=0xffffff80
        4575000	       456	80001b88	fb5d3093	sltiu	x1,x26,-75	 x26:0x8f001000  x1=0x00000001
        4585000	       457	80001b8c	c74927b7	lui	x15,0xc7492	 x15=0xc7492000
        4595000	       458	80001b90	005b5593	srli	x11,x22,0x5	 x22:0x7fff588c x11=0x03fffac4
        4605000	       459	80001b94	00f038b3	sltu	x17,x0,x15	  x0:0x00000000 x15:0xc7492000 x17=0x00000001
        4615000	       460	80001b98	c140fa93	andi	x21,x1,-1004	  x1:0x00000001 x21=0x00000000
        4625000	       461	80001b9c	01ca4233	xor	x4,x20,x28	 x20:0x0000121f x28:0xa7c46000  x4=0xa7c4721f
        4635000	       462	80001ba0	02d6d063	bge	x13,x13,80001bc0	 x13:0x007fffff x13:0x007fffff
        4645000	       463	00000000	00000013	addi	x0,x0,0	  x0:0x00000000
        4655000	       464	80001bbc	00000013	addi	x0,x0,0	  x0:0x00000000
        4665000	       465	80001bc0	00854e33	xor	x28,x10,x8	 x10:0x00000171  x8:0x80009f60 x28=0x80009e11
        4675000	       466	80001bc4	5aa5f193	andi	x3,x11,1450	 x11:0x03fffac4  x3=0x00000080
        4685000	       467	80001bc8	00000013	addi	x0,x0,0	  x0:0x00000000
        4695000	       468	80001bcc	031b7463	bgeu	x22,x17,80001bf4	 x22:0x7fff588c x17:0x00000001
        4705000	       469	00000000	00000013	addi	x0,x0,0	  x0:0x00000000
        4715000	       470	80001bf0	00000013	addi	x0,x0,0	  x0:0x00000000
        4725000	       471	80001bf4	0173ce33	xor	x28,x7,x23	  x7:0x00000001 x23:0x00000000 x28=0x00000001
        4735000	       472	80001bf8	015a07b3	add	x15,x20,x21	 x20:0x0000121f x21:0x00000000 x15=0x0000121f
        4745000	       473	80001bfc	00594933	xor	x18,x18,x5	 x18:0xfffffffb  x5:0x00000000 x18=0xfffffffb
        4755000	       474	80001c00	003e5e93	srli	x29,x28,0x3	 x28:0x00000001 x29=0x00000000
        4765000	       475	80001c04	04cd7063	bgeu	x26,x12,80001c44	 x26:0x8f001000 x12:0x7603fffe
        4775000	       476	00000000	00000013	addi	x0,x0,0	  x0:0x00000000
        4785000	       477	80001c40	00000013	addi	x0,x0,0	  x0:0x00000000
        4795000	       478	80001c44	0180de33	srl	x28,x1,x24	  x1:0x00000001 x24:0x00000001 x28=0x00000000
        4805000	       479	80001c48	014c34b3	sltu	x9,x24,x20	 x24:0x00000001 x20:0x0000121f  x9=0x00000001
        4815000	       480	80001c4c	01e51013	slli	x0,x10,0x1e	 x10:0x00000171
        4825000	       481	80001c50	01e37463	bgeu	x6,x30,80001c58	  x6:0xf03eb01f x30:0x08ed4ae0
        4835000	       482	00000000	00000013	addi	x0,x0,0	  x0:0x00000000
        4845000	       483	80001c54	00000013	addi	x0,x0,0	  x0:0x00000000
        4855000	       484	80001c58	00c1e5b3	or	x11,x3,x12	  x3:0x00000080 x12:0x7603fffe x11=0x7603fffe
        4865000	       485	80001c5c	00442d83	lw	x27,4(x8)	  x8:0x80009f60 x27=0x8000013c PA:0x80009f64
        4875000	       486	80001c60	409bdb93	srai	x23,x23,0x9	 x23:0x00000000 x23=0x00000000
        4885000	       487	80001c64	41e15633	sra	x12,x2,x30	  x2:0x0041b15a x30:0x08ed4ae0 x12=0x0041b15a
        4895000	       488	80001c68	02440413	addi	x8,x8,36	  x8:0x80009f60  x8=0x80009f84
        4905000	       489	80001c6c	01db1613	slli	x12,x22,0x1d	 x22:0x7fff588c x12=0x80000000
        4915000	       490	80001c70	000d8513	addi	x10,x27,0	 x27:0x8000013c x10=0x8000013c
        4925000	       491	80001c74	00050567	jalr	x10,x10,0	 x10:0x8000013c x10=0x80001c74
        4935000	       492	00000000	00000013	addi	x0,x0,0	  x0:0x00000000
        4945000	       493	8000013c	00000013	addi	x0,x0,0	  x0:0x00000000
        4955000	       494	80000140	00008617	auipc	x12,0x8	 x12=0x8000813c
        4965000	       495	80000144	38d60613	addi	x12,x12,909	 x12:0x8000813c x12=0x800084c9
        4975000	       496	80000148	00008a97	auipc	x21,0x8	 x21=0x80008144
        4985000	       497	8000014c	3f1a8a93	addi	x21,x21,1009	 x21:0x80008144 x21=0x80008535
        4995000	       498	80000150	019ac503	lbu	x10,25(x21)	 x21:0x80008535 x10=0x000000b5 PA:0x8000854e
        5005000	       499	80000154	f00600a3	sb	x0,-255(x12)	 x12:0x800084c9  x0:0x00000000 PA:0x800083ca
        5015000	       500	80000158	00008797	auipc	x15,0x8	 x15=0x80008154
        5025000	       501	8000015c	0a578793	addi	x15,x15,165	 x15:0x80008154 x15=0x800081f9
        5035000	       502	80000160	d0560023	sb	x5,-768(x12)	 x12:0x800084c9  x5:0x00000000 PA:0x800081c9
        5045000	       503	80000164	ff6a8883	lb	x17,-10(x21)	 x21:0x80008535 x17=0x0000004f PA:0x8000852b
        5055000	       504	80000168	fc5a9f03	lh	x30,-59(x21)	 x21:0x80008535 x30=0x000017ff PA:0x800084fa
        5065000	       505	8000016c	03d78483	lb	x9,61(x15)	 x15:0x800081f9  x9=0x00000031 PA:0x80008236
        5075000	       506	80000170	24165383	lhu	x7,577(x12)	 x12:0x800084c9  x7=0x0000d513 PA:0x8000870a
        5085000	       507	80000174	ff578423	sb	x21,-24(x15)	 x15:0x800081f9 x21:0x80008535 PA:0x800081e1
        5095000	       508	80000178	036acc03	lbu	x24,54(x21)	 x21:0x80008535 x24=0x0000009e PA:0x8000856b
        5105000	       509	8000017c	002a8503	lb	x10,2(x21)	 x21:0x80008535 x10=0x0000006c PA:0x80008537
        5115000	       510	80000180	0257d683	lhu	x13,37(x15)	 x15:0x800081f9 x13=0x0000e484 PA:0x8000821e
        5125000	       511	80000184	002799a3	sh	x2,19(x15)	 x15:0x800081f9  x2:0x0041b15a PA:0x8000820c
        5135000	       512	80000188	fd9ac383	lbu	x7,-39(x21)	 x21:0x80008535  x7=0x00000000 PA:0x8000850e
        5145000	       513	8000018c	00878503	lb	x10,8(x15)	 x15:0x800081f9 x10=0x0000004b PA:0x80008201
        5155000	       514	00000000	00000013	addi	x0,x0,0	  x0:0x00000000
        5165000	       515	80000190	b8a60803	lb	x16,-1142(x12)	 x12:0x800084c9 x16=0x00000077 PA:0x80008053
        5175000	       516	80000194	02178c23	sb	x1,56(x15)	 x15:0x800081f9  x1:0x00000001 PA:0x80008231
        5185000	       517	80000198	d2f61c03	lh	x24,-721(x12)	 x12:0x800084c9 x24=0xffff9e01 PA:0x800081f8
        5195000	       518	8000019c	ff2a8523	sb	x18,-22(x21)	 x21:0x80008535 x18:0xfffffffb PA:0x8000851f
        5205000	       519	800001a0	00009e17	auipc	x28,0x9	 x28=0x8000919c
        5215000	       520	800001a4	c7ee0e13	addi	x28,x28,-898	 x28:0x8000919c x28=0x80008e1a
        5225000	       521	800001a8	f3ce01a3	sb	x28,-221(x28)	 x28:0x80008e1a x28:0x80008e1a PA:0x80008d3d
        5235000	       522	800001ac	d1c5cf13	xori	x30,x11,-740	 x11:0x7603fffe x30=0x89fc02e2
        5245000	       523	800001b0	f85e0f03	lb	x30,-123(x28)	 x28:0x80008e1a x30=0x0000001b PA:0x80008d9f
        5255000	       524	800001b4	019b9513	slli	x10,x23,0x19	 x23:0x00000000 x10=0x00000000
        5265000	       525	800001b8	40c70fb3	sub	x31,x14,x12	 x14:0xf8fffaff x12:0x800084c9 x31=0x78ff7636
        5275000	       526	800001bc	01cd2733	slt	x14,x26,x28	 x26:0x8f001000 x28:0x80008e1a x14=0x00000000
        5285000	       527	800001c0	bf9fa913	slti	x18,x31,-1031	 x31:0x78ff7636 x18=0x00000000
        5295000	       528	800001c4	00365393	srli	x7,x12,0x3	 x12:0x800084c9  x7=0x10001099
        5305000	       529	800001c8	40815813	srai	x16,x2,0x8	  x2:0x0041b15a x16=0x000041b1
        5315000	       530	800001cc	0afe07a3	sb	x15,175(x28)	 x28:0x80008e1a x15:0x800081f9 PA:0x80008ec9
        5325000	       531	800001d0	00bb9093	slli	x1,x23,0xb	 x23:0x00000000  x1=0x00000000
        5335000	       532	800001d4	015474b3	and	x9,x8,x21	  x8:0x80009f84 x21:0x80008535  x9=0x80008504
        5345000	       533	800001d8	14b03093	sltiu	x1,x0,331	  x0:0x00000000  x1=0x00000001
        5355000	       534	800001dc	0a4e5003	lhu	x0,164(x28)	 x28:0x80008e1a PA:0x80008ebe
        5365000	       535	800001e0	41015e93	srai	x29,x2,0x10	  x2:0x0041b15a x29=0x00000041
        5375000	       536	800001e4	01caf233	and	x4,x21,x28	 x21:0x80008535 x28:0x80008e1a  x4=0x80008410
        5385000	       537	800001e8	6e65e793	ori	x15,x11,1766	 x11:0x7603fffe x15=0x7603fffe
        5395000	       538	800001ec	00000013	addi	x0,x0,0	  x0:0x00000000
        5405000	       539	800001f0	42fcb517	auipc	x10,0x42fcb	 x10=0xc2fcb1ec
        5415000	       540	800001f4	00d42eb3	slt	x29,x8,x13	  x8:0x80009f84 x13:0x0000e484 x29=0x00000001
        5425000	       541	800001f8	01e6c033	xor	x0,x13,x30	 x13:0x0000e484 x30:0x0000001b
        5435000	       542	800001fc	48498013	addi	x0,x19,1156	 x19:0x80009fc4
        5445000	       543	80000200	3e16e713	ori	x14,x13,993	 x13:0x0000e484 x14=0x0000e7e5
        5455000	       544	80000204	961d3e93	sltiu	x29,x26,-1695	 x26:0x8f001000 x29=0x00000001
        5465000	       545	80000208	000e5b93	srli	x23,x28,0x0	 x28:0x80008e1a x23=0x80008e1a
        5475000	       546	8000020c	34f06193	ori	x3,x0,847	  x0:0x00000000  x3=0x0000034f
        5485000	       547	80000210	d50dbc13	sltiu	x24,x27,-688	 x27:0x8000013c x24=0x00000001
        5495000	       548	80000214	409081b3	sub	x3,x1,x9	  x1:0x00000001  x9:0x80008504  x3=0x7fff7afd
        5505000	       549	80000218	01e8b5b3	sltu	x11,x17,x30	 x17:0x0000004f x30:0x0000001b x11=0x00000000
        5515000	       550	8000021c	f86e2b83	lw	x23,-122(x28)	 x28:0x80008e1a x23=0x1ec5688b PA:0x80008da0
        5525000	       551	80000220	0d2e0603	lb	x12,210(x28)	 x28:0x80008e1a x12=0xffffffb8 PA:0x80008eec
        5535000	       552	80000224	005cd613	srli	x12,x25,0x5	 x25:0x80009fc4 x12=0x040004fe
        5545000	       553	80000228	0d2e1d03	lh	x26,210(x28)	 x28:0x80008e1a x26=0xffffc3b8 PA:0x80008eec
        5555000	       554	8000022c	f81e0223	sb	x1,-124(x28)	 x28:0x80008e1a  x1:0x00000001 PA:0x80008d9e
        5565000	       555	80000230	f88e0d03	lb	x26,-120(x28)	 x28:0x80008e1a x26=0xffffffc5 PA:0x80008da2
        5575000	       556	80000234	0e2e2b03	lw	x22,226(x28)	 x28:0x80008e1a x22=0xec8cfbb1 PA:0x80008efc
        5585000	       557	80000238	00009397	auipc	x7,0x9	  x7=0x80009234
        5595000	       558	8000023c	87438393	addi	x7,x7,-1932	  x7:0x80009234  x7=0x80008aa8
        5605000	       559	80000240	2a73c203	lbu	x4,679(x7)	  x7:0x80008aa8  x4=0x00000066 PA:0x80008d4f
        5615000	       560	80000244	00768cb3	add	x25,x13,x7	 x13:0x0000e484  x7:0x80008aa8 x25=0x80016f2c
        5625000	       561	80000248	f8138d83	lb	x27,-127(x7)	  x7:0x80008aa8 x27=0xffffffbd PA:0x80008a29
        5635000	       562	8000024c	01e89c13	slli	x24,x17,0x1e	 x17:0x0000004f x24=0xc0000000
        5645000	       563	80000250	4943ab83	lw	x23,1172(x7)	  x7:0x80008aa8 x23=0x2c7dd90a PA:0x80008f3c
        5655000	       564	80000254	24538b03	lb	x22,581(x7)	  x7:0x80008aa8 x22=0x0000003b PA:0x80008ced
        5665000	       565	80000258	24438103	lb	x2,580(x7)	  x7:0x80008aa8  x2=0xffffffb2 PA:0x80008cec
        5675000	       566	8000025c	007c7ab3	and	x21,x24,x7	 x24:0xc0000000  x7:0x80008aa8 x21=0x80000000
        5685000	       567	80000260	01b38e03	lb	x28,27(x7)	  x7:0x80008aa8 x28=0x00000002 PA:0x80008ac3
        5695000	       568	80000264	0a33ce03	lbu	x28,163(x7)	  x7:0x80008aa8 x28=0x000000e1 PA:0x80008b4b
        5705000	       569	80000268	25538583	lb	x11,597(x7)	  x7:0x80008aa8 x11=0xffffffc0 PA:0x80008cfd
        5715000	       570	8000026c	24a38c83	lb	x25,586(x7)	  x7:0x80008aa8 x25=0xffffffaa PA:0x80008cf2
        5725000	       571	80000270	3d338603	lb	x12,979(x7)	  x7:0x80008aa8 x12=0x00000016 PA:0x80008e7b
        5735000	       572	80000274	01851213	slli	x4,x10,0x18	 x10:0xc2fcb1ec  x4=0xec000000
        5745000	       573	80000278	03738283	lb	x5,55(x7)	  x7:0x80008aa8  x5=0xffffffcf PA:0x80008adf
        5755000	       574	8000027c	3d639f23	sh	x22,990(x7)	  x7:0x80008aa8 x22:0x0000003b PA:0x80008e86
        5765000	       575	80000280	fb338f03	lb	x30,-77(x7)	  x7:0x80008aa8 x30=0x00000046 PA:0x80008a5b
        5775000	       576	80000284	2123cf03	lbu	x30,530(x7)	  x7:0x80008aa8 x30=0x0000006b PA:0x80008cba
        5785000	       577	80000288	f4d3ce83	lbu	x29,-179(x7)	  x7:0x80008aa8 x29=0x00000064 PA:0x800089f5
        5795000	       578	8000028c	00bd5233	srl	x4,x26,x11	 x26:0xffffffc5 x11:0xffffffc0  x4=0xffffffc5
        5805000	       579	80000290	01080133	add	x2,x16,x16	 x16:0x000041b1 x16:0x000041b1  x2=0x00008362
        5815000	       580	80000294	dde38083	lb	x1,-546(x7)	  x7:0x80008aa8  x1=0xfffffff3 PA:0x80008886
        5825000	       581	80000298	1dc3a283	lw	x5,476(x7)	  x7:0x80008aa8  x5=0x49494c5f PA:0x80008c84
        5835000	       582	8000029c	4aa3a423	sw	x10,1192(x7)	  x7:0x80008aa8 x10:0xc2fcb1ec PA:0x80008f50
        5845000	       583	800002a0	3e57f013	andi	x0,x15,997	 x15:0x7603fffe
        5855000	       584	800002a4	4a038283	lb	x5,1184(x7)	  x7:0x80008aa8  x5=0x00000074 PA:0x80008f48
        5865000	       585	800002a8	01d44d33	xor	x26,x8,x29	  x8:0x80009f84 x29:0x00000064 x26=0x80009fe0
        5875000	       586	800002ac	3ee38603	lb	x12,1006(x7)	  x7:0x80008aa8 x12=0x0000002a PA:0x80008e96
        5885000	       587	800002b0	01701bb3	sll	x23,x0,x23	  x0:0x00000000 x23:0x2c7dd90a x23=0x00000000
        5895000	       588	800002b4	21138b23	sb	x17,534(x7)	  x7:0x80008aa8 x17:0x0000004f PA:0x80008cbe
        5905000	       589	800002b8	42f38183	lb	x3,1071(x7)	  x7:0x80008aa8  x3=0x00000071 PA:0x80008ed7
        5915000	       590	800002bc	3063c903	lbu	x18,774(x7)	  x7:0x80008aa8 x18=0x00000005 PA:0x80008dae
        5925000	       591	00000000	00000013	addi	x0,x0,0	  x0:0x00000000
        5935000	       592	800002c0	66a90f13	addi	x30,x18,1642	 x18:0x00000005 x30=0x0000066f
        5945000	       593	800002c4	1d63cc83	lbu	x25,470(x7)	  x7:0x80008aa8 x25=0x000000ed PA:0x80008c7e
        5955000	       594	800002c8	4eb38203	lb	x4,1259(x7)	  x7:0x80008aa8  x4=0x00000073 PA:0x80008f93
        5965000	       595	800002cc	2803cd83	lbu	x27,640(x7)	  x7:0x80008aa8 x27=0x0000009e PA:0x80008d28
        5975000	       596	800002d0	36639b83	lh	x23,870(x7)	  x7:0x80008aa8 x23=0xffff82cd PA:0x80008e0e
        5985000	       597	800002d4	2d038d83	lb	x27,720(x7)	  x7:0x80008aa8 x27=0x00000072 PA:0x80008d78
        5995000	       598	800002d8	00009297	auipc	x5,0x9	  x5=0x800092d4
        6005000	       599	800002dc	9fe28293	addi	x5,x5,-1538	  x5:0x800092d4  x5=0x80008cd2
        6015000	       600	800002e0	00009b97	auipc	x23,0x9	 x23=0x800092dc
        6025000	       601	800002e4	c1eb8b93	addi	x23,x23,-994	 x23:0x800092dc x23=0x80008efa
        6035000	       602	800002e8	0db28603	lb	x12,219(x5)	  x5:0x80008cd2 x12=0x00000047 PA:0x80008dad
        6045000	       603	800002ec	c86b8483	lb	x9,-890(x23)	 x23:0x80008efa  x9=0x00000077 PA:0x80008b80
        6055000	       604	800002f0	00009097	auipc	x1,0x9	  x1=0x800092ec
        6065000	       605	800002f4	8b408093	addi	x1,x1,-1868	  x1:0x800092ec  x1=0x80008ba0
        6075000	       606	800002f8	b54bce03	lbu	x28,-1196(x23)	 x23:0x80008efa x28=0x00000097 PA:0x80008a4e
        6085000	       607	800002fc	fbd2c903	lbu	x18,-67(x5)	  x5:0x80008cd2 x18=0x0000000f PA:0x80008c8f
        6095000	       608	80000300	0830ce03	lbu	x28,131(x1)	  x1:0x80008ba0 x28=0x000000c7 PA:0x80008c23
        6105000	       609	80000304	faeb8423	sb	x14,-88(x23)	 x23:0x80008efa x14:0x0000e7e5 PA:0x80008ea2
        6115000	       610	80000308	40c0ce03	lbu	x28,1036(x1)	  x1:0x80008ba0 x28=0x0000000f PA:0x80008fac
        6125000	       611	8000030c	e4abd103	lhu	x2,-438(x23)	 x23:0x80008efa  x2=0x0000ba54 PA:0x80008d44
        6135000	       612	80000310	de508a03	lb	x20,-539(x1)	  x1:0x80008ba0 x20=0x00000060 PA:0x80008985
        6145000	       613	80000314	f2eb8583	lb	x11,-210(x23)	 x23:0x80008efa x11=0x0000002f PA:0x80008e28
        6155000	       614	80000318	f5128c03	lb	x24,-175(x5)	  x5:0x80008cd2 x24=0xffffffc7 PA:0x80008c23
        6165000	       615	8000031c	d68b8623	sb	x8,-660(x23)	 x23:0x80008efa  x8:0x80009f84 PA:0x80008c66
        6175000	       616	80000320	e0dbca03	lbu	x20,-499(x23)	 x23:0x80008efa x20=0x00000095 PA:0x80008d07
        6185000	       617	80000324	0f928f03	lb	x30,249(x5)	  x5:0x80008cd2 x30=0xffffff9c PA:0x80008dcb
        6195000	       618	80000328	013b9023	sh	x19,0(x23)	 x23:0x80008efa x19:0x80009fc4 PA:0x80008efa
        6205000	       619	8000032c	14109523	sh	x1,330(x1)	  x1:0x80008ba0  x1:0x80008ba0 PA:0x80008cea
        6215000	       620	80000330	e04b8c23	sb	x4,-488(x23)	 x23:0x80008efa  x4:0x00000073 PA:0x80008d12
        6225000	       621	80000334	0712c003	lbu	x0,113(x5)	  x5:0x80008cd2 PA:0x80008d43
        6235000	       622	80000338	ff429203	lh	x4,-12(x5)	  x5:0x80008cd2  x4=0x00004bad PA:0x80008cc6
        6245000	       623	8000033c	f6228b23	sb	x2,-138(x5)	  x5:0x80008cd2  x2:0x0000ba54 PA:0x80008c48
        6255000	       624	80000340	f81280a3	sb	x1,-127(x5)	  x5:0x80008cd2  x1:0x80008ba0 PA:0x80008c53
        6265000	       625	80000344	37b08a03	lb	x20,891(x1)	  x1:0x80008ba0 x20=0x00000012 PA:0x80008f1b
        6275000	       626	80000348	00009117	auipc	x2,0x9	  x2=0x80009344
        6285000	       627	8000034c	b0810113	addi	x2,x2,-1272	  x2:0x80009344  x2=0x80008e4c
        6295000	       628	80000350	fd011623	sh	x16,-52(x2)	  x2:0x80008e4c x16:0x000041b1 PA:0x80008e18
        6305000	       629	80000354	fcc12183	lw	x3,-52(x2)	  x2:0x80008e4c  x3=0x0a8c41b1 PA:0x80008e18
        6315000	       630	00000000	00000013	addi	x0,x0,0	  x0:0x00000000
        6325000	       631	80000358	02314003	lbu	x0,35(x2)	  x2:0x80008e4c PA:0x80008e6f
        6335000	       632	8000035c	004b2933	slt	x18,x22,x4	 x22:0x0000003b  x4:0x00004bad x18=0x00000001
        6345000	       633	80000360	02310383	lb	x7,35(x2)	  x2:0x80008e4c  x7=0xffffff96 PA:0x80008e6f
        6355000	       634	80000364	401b55b3	sra	x11,x22,x1	 x22:0x0000003b  x1:0x80008ba0 x11=0x0000003b
        6365000	       635	80000368	9356ae93	slti	x29,x13,-1739	 x13:0x0000e484 x29=0x00000000
        6375000	       636	8000036c	039101a3	sb	x25,35(x2)	  x2:0x80008e4c x25:0x000000ed PA:0x80008e6f
        6385000	       637	80000370	00e5c733	xor	x14,x11,x14	 x11:0x0000003b x14:0x0000e7e5 x14=0x0000e7de
        6395000	       638	80000374	036101a3	sb	x22,35(x2)	  x2:0x80008e4c x22:0x0000003b PA:0x80008e6f
        6405000	       639	80000378	02310b03	lb	x22,35(x2)	  x2:0x80008e4c x22=0x0000003b PA:0x80008e6f
        6415000	       640	8000037c	02310183	lb	x3,35(x2)	  x2:0x80008e4c  x3=0x0000003b PA:0x80008e6f
        6425000	       641	80000380	400e5513	srai	x10,x28,0x0	 x28:0x0000000f x10=0x0000000f
        6435000	       642	80000384	a59b60b7	lui	x1,0xa59b6	  x1=0xa59b6000
        6445000	       643	80000388	00cb8c33	add	x24,x23,x12	 x23:0x80008efa x12:0x00000047 x24=0x80008f41
        6455000	       644	8000038c	024101a3	sb	x4,35(x2)	  x2:0x80008e4c  x4:0x00004bad PA:0x80008e6f
        6465000	       645	80000390	02310c03	lb	x24,35(x2)	  x2:0x80008e4c x24=0xffffffad PA:0x80008e6f
        6475000	       646	80000394	00008097	auipc	x1,0x8	  x1=0x80008390
        6485000	       647	80000398	37d08093	addi	x1,x1,893	  x1:0x80008390  x1=0x8000870d
        6495000	       648	8000039c	ff80c283	lbu	x5,-8(x1)	  x1:0x8000870d  x5=0x00000087 PA:0x80008705
        6505000	       649	800003a0	ff80cd83	lbu	x27,-8(x1)	  x1:0x8000870d x27=0x00000087 PA:0x80008705
        6515000	       650	800003a4	fe308c23	sb	x3,-8(x1)	  x1:0x8000870d  x3:0x0000003b PA:0x80008705
        6525000	       651	800003a8	fe908c23	sb	x9,-8(x1)	  x1:0x8000870d  x9:0x00000077 PA:0x80008705
        6535000	       652	800003ac	ff908c23	sb	x25,-8(x1)	  x1:0x8000870d x25:0x000000ed PA:0x80008705
        6545000	       653	800003b0	ff808e83	lb	x29,-8(x1)	  x1:0x8000870d x29=0xffffffed PA:0x80008705
        6555000	       654	800003b4	ff80c703	lbu	x14,-8(x1)	  x1:0x8000870d x14=0x000000ed PA:0x80008705
        6565000	       655	800003b8	ff808a03	lb	x20,-8(x1)	  x1:0x8000870d x20=0xffffffed PA:0x80008705
        6575000	       656	800003bc	ffc08c23	sb	x28,-8(x1)	  x1:0x8000870d x28:0x0000000f PA:0x80008705
        6585000	       657	800003c0	9713ab17	auipc	x22,0x9713a	 x22=0x1713a3bc
        6595000	       658	800003c4	ff80c803	lbu	x16,-8(x1)	  x1:0x8000870d x16=0x0000000f PA:0x80008705
        6605000	       659	800003c8	ff10c883	lbu	x17,-15(x1)	  x1:0x8000870d x17=0x00000012 PA:0x800086fe
        6615000	       660	00000000	00000013	addi	x0,x0,0	  x0:0x00000000
        6625000	       661	800003cc	ff109a03	lh	x20,-15(x1)	  x1:0x8000870d x20=0xfffff212 PA:0x800086fe
        6635000	       662	800003d0	ff108583	lb	x11,-15(x1)	  x1:0x8000870d x11=0x00000012 PA:0x800086fe
        6645000	       663	800003d4	ff10c483	lbu	x9,-15(x1)	  x1:0x8000870d  x9=0x00000012 PA:0x800086fe
        6655000	       664	800003d8	ff9088a3	sb	x25,-15(x1)	  x1:0x8000870d x25:0x000000ed PA:0x800086fe
        6665000	       665	800003dc	ff10cf03	lbu	x30,-15(x1)	  x1:0x8000870d x30=0x000000ed PA:0x800086fe
        6675000	       666	800003e0	ff10dc83	lhu	x25,-15(x1)	  x1:0x8000870d x25=0x0000f2ed PA:0x800086fe
        6685000	       667	800003e4	ff7098a3	sh	x23,-15(x1)	  x1:0x8000870d x23:0x80008efa PA:0x800086fe
        6695000	       668	800003e8	00009d97	auipc	x27,0x9	 x27=0x800093e4
        6705000	       669	800003ec	bfad8d93	addi	x27,x27,-1030	 x27:0x800093e4 x27=0x80008fde
        6715000	       670	800003f0	00009617	auipc	x12,0x9	 x12=0x800093ec
        6725000	       671	800003f4	b2160613	addi	x12,x12,-1247	 x12:0x800093ec x12=0x80008f0d
        6735000	       672	800003f8	00008b17	auipc	x22,0x8	 x22=0x800083f4
        6745000	       673	800003fc	590b0b13	addi	x22,x22,1424	 x22:0x800083f4 x22=0x80008984
        6755000	       674	80000400	00fb4203	lbu	x4,15(x22)	 x22:0x80008984  x4=0x0000003f PA:0x80008993
        6765000	       675	80000404	fefb4903	lbu	x18,-17(x22)	 x22:0x80008984 x18=0x000000fe PA:0x80008973
        6775000	       676	80000408	06764b83	lbu	x23,103(x12)	 x12:0x80008f0d x23=0x00000051 PA:0x80008f74
        6785000	       677	8000040c	fdbd84a3	sb	x27,-55(x27)	 x27:0x80008fde x27:0x80008fde PA:0x80008fa7
        6795000	       678	80000410	006dae03	lw	x28,6(x27)	 x27:0x80008fde x28=0xab700928 PA:0x80008fe4
        6805000	       679	80000414	f9860223	sb	x24,-124(x12)	 x12:0x80008f0d x24:0xffffffad PA:0x80008e91
        6815000	       680	80000418	fd9d8803	lb	x16,-39(x27)	 x27:0x80008fde x16=0xffffff9f PA:0x80008fb7
        6825000	       681	8000041c	f5661ea3	sh	x22,-163(x12)	 x12:0x80008f0d x22:0x80008984 PA:0x80008e6a
        6835000	       682	80000420	ffadd783	lhu	x15,-6(x27)	 x27:0x80008fde x15=0x000013fa PA:0x80008fd8
        6845000	       683	80000424	fd9d9e23	sh	x25,-36(x27)	 x27:0x80008fde x25:0x0000f2ed PA:0x80008fba
        6855000	       684	80000428	f3360783	lb	x15,-205(x12)	 x12:0x80008f0d x15=0xffffffda PA:0x80008e40
        6865000	       685	8000042c	fc4d9d03	lh	x26,-60(x27)	 x27:0x80008fde x26=0x0000090a PA:0x80008fa2
        6875000	       686	80000430	02064d03	lbu	x26,32(x12)	 x12:0x80008f0d x26=0x0000007d PA:0x80008f2d
        6885000	       687	80000434	fd5b4283	lbu	x5,-43(x22)	 x22:0x80008984  x5=0x000000d4 PA:0x80008959
        6895000	       688	80000438	f93617a3	sh	x19,-113(x12)	 x12:0x80008f0d x19:0x80009fc4 PA:0x80008e9c
        6905000	       689	8000043c	037b0c03	lb	x24,55(x22)	 x22:0x80008984 x24=0x0000000c PA:0x800089bb
        6915000	       690	80000440	fc7dcc03	lbu	x24,-57(x27)	 x27:0x80008fde x24=0x00000011 PA:0x80008fa5
        6925000	       691	80000444	01ab4703	lbu	x14,26(x22)	 x22:0x80008984 x14=0x00000072 PA:0x8000899e
        6935000	       692	80000448	ffc60703	lb	x14,-4(x12)	 x12:0x80008f0d x14=0x00000065 PA:0x80008f09
        6945000	       693	00000000	00000013	addi	x0,x0,0	  x0:0x00000000
        6955000	       694	8000044c	fced8223	sb	x14,-60(x27)	 x27:0x80008fde x14:0x00000065 PA:0x80008fa2
        6965000	       695	80000450	fcbb0d03	lb	x26,-53(x22)	 x22:0x80008984 x26=0x0000004a PA:0x8000894f
        6975000	       696	80000454	ffbd85a3	sb	x27,-21(x27)	 x27:0x80008fde x27:0x80008fde PA:0x80008fc9
        6985000	       697	80000458	08460083	lb	x1,132(x12)	 x12:0x80008f0d  x1=0xffffffe1 PA:0x80008f91
        6995000	       698	00000000	00000013	addi	x0,x0,0	  x0:0x00000000
        7005000	       699	8000045c	00008717	auipc	x14,0x8	 x14=0x80008458
        7015000	       700	80000460	26970713	addi	x14,x14,617	 x14:0x80008458 x14=0x800086c1
        7025000	       701	80000464	00000013	addi	x0,x0,0	  x0:0x00000000
        7035000	       702	80000468	00740d33	add	x26,x8,x7	  x8:0x80009f84  x7:0xffffff96 x26=0x80009f1a
        7045000	       703	8000046c	01aa1b33	sll	x22,x20,x26	 x20:0xfffff212 x26:0x80009f1a x22=0x48000000
        7055000	       704	80000470	fca70e83	lb	x29,-54(x14)	 x14:0x800086c1 x29=0xffffff8c PA:0x8000868b
        7065000	       705	80000474	00b6b233	sltu	x4,x13,x11	 x13:0x0000e484 x11:0x00000012  x4=0x00000000
        7075000	       706	80000478	2b7cc013	xori	x0,x25,695	 x25:0x0000f2ed
        7085000	       707	8000047c	0177ee33	or	x28,x15,x23	 x15:0xffffffda x23:0x00000051 x28=0xffffffdb
        7095000	       708	80000480	fabcce13	xori	x28,x25,-85	 x25:0x0000f2ed x28=0xffff0d46
        7105000	       709	80000484	f9674a03	lbu	x20,-106(x14)	 x14:0x800086c1 x20=0x0000009f PA:0x80008657
        7115000	       710	80000488	f2470603	lb	x12,-220(x14)	 x14:0x800086c1 x12=0x00000050 PA:0x800085e5
        7125000	       711	8000048c	f7070c83	lb	x25,-144(x14)	 x14:0x800086c1 x25=0x00000042 PA:0x80008631
        7135000	       712	80000490	01b61bb3	sll	x23,x12,x27	 x12:0x00000050 x27:0x80008fde x23=0x00000000
        7145000	       713	80000494	00c8af33	slt	x30,x17,x12	 x17:0x00000012 x12:0x00000050 x30=0x00000001
        7155000	       714	80000498	41eb5f33	sra	x30,x22,x30	 x22:0x48000000 x30:0x00000001 x30=0x24000000
        7165000	       715	8000049c	f3b70123	sb	x27,-222(x14)	 x14:0x800086c1 x27:0x80008fde PA:0x800085e3
        7175000	       716	800004a0	00000013	addi	x0,x0,0	  x0:0x00000000
        7185000	       717	800004a4	f6c74a03	lbu	x20,-148(x14)	 x14:0x800086c1 x20=0x0000006f PA:0x8000862d
        7195000	       718	800004a8	03975683	lhu	x13,57(x14)	 x14:0x800086c1 x13=0x00008b7e PA:0x800086fa
        7205000	       719	800004ac	f7870c23	sb	x24,-136(x14)	 x14:0x800086c1 x24:0x00000011 PA:0x80008639
        7215000	       720	800004b0	f2b714a3	sh	x11,-215(x14)	 x14:0x800086c1 x11:0x00000012 PA:0x800085ea
        7225000	       721	800004b4	00000013	addi	x0,x0,0	  x0:0x00000000
        7235000	       722	800004b8	00bacc33	xor	x24,x21,x11	 x21:0x80000000 x11:0x00000012 x24=0x80000012
        7245000	       723	800004bc	f4672ba3	sw	x6,-169(x14)	 x14:0x800086c1  x6:0xf03eb01f PA:0x80008618
        7255000	       724	800004c0	f1274a03	lbu	x20,-238(x14)	 x14:0x800086c1 x20=0x0000004a PA:0x800085d3
        7265000	       725	800004c4	0a775c83	lhu	x25,167(x14)	 x14:0x800086c1 x25=0x0000a01b PA:0x80008768
        7275000	       726	800004c8	f7470883	lb	x17,-140(x14)	 x14:0x800086c1 x17=0xffffffb7 PA:0x80008635
        7285000	       727	800004cc	04b70c23	sb	x11,88(x14)	 x14:0x800086c1 x11:0x00000012 PA:0x80008719
        7295000	       728	800004d0	f1937d93	andi	x27,x6,-231	  x6:0xf03eb01f x27=0xf03eb019
        7305000	       729	800004d4	00d9d0b3	srl	x1,x19,x13	 x19:0x80009fc4 x13:0x00008b7e  x1=0x00000002
        7315000	       730	800004d8	c7993213	sltiu	x4,x18,-903	 x18:0x000000fe  x4=0x00000001
        7325000	       731	800004dc	f9371e83	lh	x29,-109(x14)	 x14:0x800086c1 x29=0x00000033 PA:0x80008654
        7335000	       732	800004e0	f4d70b23	sb	x13,-170(x14)	 x14:0x800086c1 x13:0x00008b7e PA:0x80008617
        7345000	       733	800004e4	010ac033	xor	x0,x21,x16	 x21:0x80000000 x16:0xffffff9f
        7355000	       734	800004e8	bb235e37	lui	x28,0xbb235	 x28=0xbb235000
        7365000	       735	800004ec	05570083	lb	x1,85(x14)	 x14:0x800086c1  x1=0x0000006c PA:0x80008716
        7375000	       736	800004f0	02571a83	lh	x21,37(x14)	 x14:0x800086c1 x21=0xffffa5b5 PA:0x800086e6
        7385000	       737	800004f4	00008717	auipc	x14,0x8	 x14=0x800084f0
        7395000	       738	800004f8	eaa70713	addi	x14,x14,-342	 x14:0x800084f0 x14=0x8000839a
        7405000	       739	800004fc	ff270f03	lb	x30,-14(x14)	 x14:0x8000839a x30=0x00000028 PA:0x8000838c
        7415000	       740	80000500	ff271a03	lh	x20,-14(x14)	 x14:0x8000839a x20=0xffffc128 PA:0x8000838c
        7425000	       741	80000504	ff170923	sb	x17,-14(x14)	 x14:0x8000839a x17:0xffffffb7 PA:0x8000838c
        7435000	       742	80000508	9e1ae237	lui	x4,0x9e1ae	  x4=0x9e1ae000
        7445000	       743	8000050c	ffb74503	lbu	x10,-5(x14)	 x14:0x8000839a x10=0x0000002e PA:0x80008395
        7455000	       744	80000510	8f94cb93	xori	x23,x9,-1799	  x9:0x00000012 x23=0xfffff8eb
        7465000	       745	80000514	ffa70da3	sb	x26,-5(x14)	 x14:0x8000839a x26:0x80009f1a PA:0x80008395
        7475000	       746	80000518	fff70da3	sb	x31,-5(x14)	 x14:0x8000839a x31:0x78ff7636 PA:0x80008395
        7485000	       747	8000051c	fe770da3	sb	x7,-5(x14)	 x14:0x8000839a  x7:0xffffff96 PA:0x80008395
        7495000	       748	80000520	00b6dc13	srli	x24,x13,0xb	 x13:0x00008b7e x24=0x00000011
        7505000	       749	80000524	27b30d13	addi	x26,x6,635	  x6:0xf03eb01f x26=0xf03eb29a
        7515000	       750	80000528	ffc75603	lhu	x12,-4(x14)	 x14:0x8000839a x12=0x000046fb PA:0x80008396
        7525000	       751	8000052c	ffc71903	lh	x18,-4(x14)	 x14:0x8000839a x18=0x000046fb PA:0x80008396
        7535000	       752	80000530	fee708a3	sb	x14,-15(x14)	 x14:0x8000839a x14:0x8000839a PA:0x8000838b
        7545000	       753	80000534	00008117	auipc	x2,0x8	  x2=0x80008530
        7555000	       754	80000538	b6810113	addi	x2,x2,-1176	  x2:0x80008530  x2=0x80008098
        7565000	       755	8000053c	fcd10ca3	sb	x13,-39(x2)	  x2:0x80008098 x13:0x00008b7e PA:0x80008071
        7575000	       756	80000540	fd914a03	lbu	x20,-39(x2)	  x2:0x80008098 x20=0x0000007e PA:0x80008071
        7585000	       757	80000544	fd910f03	lb	x30,-39(x2)	  x2:0x80008098 x30=0x0000007e PA:0x80008071
        7595000	       758	80000548	fd510ca3	sb	x21,-39(x2)	  x2:0x80008098 x21:0xffffa5b5 PA:0x80008071
        7605000	       759	8000054c	755ebb93	sltiu	x23,x29,1877	 x29:0x00000033 x23=0x00000001
        7615000	       760	80000550	00079213	slli	x4,x15,0x0	 x15:0xffffffda  x4=0xffffffda
        7625000	       761	80000554	017d2033	slt	x0,x26,x23	 x26:0xf03eb29a x23:0x00000001
        7635000	       762	80000558	fc910ca3	sb	x9,-39(x2)	  x2:0x80008098  x9:0x00000012 PA:0x80008071
        7645000	       763	8000055c	03811f03	lh	x30,56(x2)	  x2:0x80008098 x30=0xfffff416 PA:0x800080d0
        7655000	       764	80000560	03812203	lw	x4,56(x2)	  x2:0x80008098  x4=0x4de3f416 PA:0x800080d0
        7665000	       765	80000564	00000013	addi	x0,x0,0	  x0:0x00000000
        7675000	       766	80000568	fb510583	lb	x11,-75(x2)	  x2:0x80008098 x11=0x0000000a PA:0x8000804d
        7685000	       767	8000056c	fb211c03	lh	x24,-78(x2)	  x2:0x80008098 x24=0x00004218 PA:0x8000804a
        7695000	       768	80000570	fb210383	lb	x7,-78(x2)	  x2:0x80008098  x7=0x00000018 PA:0x8000804a
        7705000	       769	80000574	fae10923	sb	x14,-78(x2)	  x2:0x80008098 x14:0x8000839a PA:0x8000804a
        7715000	       770	80000578	00008697	auipc	x13,0x8	 x13=0x80008574
        7725000	       771	8000057c	53d68693	addi	x13,x13,1341	 x13:0x80008574 x13=0x80008ab1
        7735000	       772	80000580	e0c6c883	lbu	x17,-500(x13)	 x13:0x80008ab1 x17=0x0000007c PA:0x800088bd
        7745000	       773	80000584	00009f97	auipc	x31,0x9	 x31=0x80009580
        7755000	       774	80000588	a2cf8f93	addi	x31,x31,-1492	 x31:0x80009580 x31=0x80008fac
        7765000	       775	8000058c	49968b23	sb	x25,1174(x13)	 x13:0x80008ab1 x25:0x0000a01b PA:0x80008f47
        7775000	       776	80000590	beaf9103	lh	x2,-1046(x31)	 x31:0x80008fac  x2=0x0000331c PA:0x80008b96
        7785000	       777	80000594	c80fae23	sw	x0,-868(x31)	 x31:0x80008fac  x0:0x00000000 PA:0x80008c48
        7795000	       778	80000598	19368c83	lb	x25,403(x13)	 x13:0x80008ab1 x25=0xffffffbe PA:0x80008c44
        7805000	       779	8000059c	d51fcd03	lbu	x26,-687(x31)	 x31:0x80008fac x26=0x000000c0 PA:0x80008cfd
        7815000	       780	800005a0	f266cf03	lbu	x30,-218(x13)	 x13:0x80008ab1 x30=0x000000e4 PA:0x800089d7
        7825000	       781	800005a4	fb7f8d03	lb	x26,-73(x31)	 x31:0x80008fac x26=0xffffffa6 PA:0x80008f63
        7835000	       782	800005a8	53b697a3	sh	x27,1327(x13)	 x13:0x80008ab1 x27:0xf03eb019 PA:0x80008fe0
        7845000	       783	800005ac	ad8f9323	sh	x24,-1338(x31)	 x31:0x80008fac x24:0x00004218 PA:0x80008a72
        7855000	       784	800005b0	01268283	lb	x5,18(x13)	 x13:0x80008ab1  x5=0x00000002 PA:0x80008ac3
        7865000	       785	800005b4	00008617	auipc	x12,0x8	 x12=0x800085b0
        7875000	       786	800005b8	f5860613	addi	x12,x12,-168	 x12:0x800085b0 x12=0x80008508
        7885000	       787	800005bc	00560703	lb	x14,5(x12)	 x12:0x80008508 x14=0x0000004d PA:0x8000850d
        7895000	       788	800005c0	00008697	auipc	x13,0x8	 x13=0x800085bc
        7905000	       789	800005c4	b3268693	addi	x13,x13,-1230	 x13:0x800085bc x13=0x800080ee
        7915000	       790	800005c8	ffe69803	lh	x16,-2(x13)	 x13:0x800080ee x16=0x00006562 PA:0x800080ec
        7925000	       791	800005cc	00008297	auipc	x5,0x8	  x5=0x800085c8
        7935000	       792	800005d0	ecd28293	addi	x5,x5,-307	  x5:0x800085c8  x5=0x80008495
        7945000	       793	800005d4	00008a17	auipc	x20,0x8	 x20=0x800085d0
        7955000	       794	800005d8	bdda0a13	addi	x20,x20,-1059	 x20:0x800085d0 x20=0x800081ad
        7965000	       795	800005dc	01b28e23	sb	x27,28(x5)	  x5:0x80008495 x27:0xf03eb019 PA:0x800084b1
        7975000	       796	800005e0	00008e97	auipc	x29,0x8	 x29=0x800085dc
        7985000	       797	800005e4	dbae8e93	addi	x29,x29,-582	 x29:0x800085dc x29=0x80008396
        7995000	       798	800005e8	ff0609a3	sb	x16,-13(x12)	 x12:0x80008508 x16:0x00006562 PA:0x800084fb
        8005000	       799	800005ec	fee68b23	sb	x14,-10(x13)	 x13:0x800080ee x14:0x0000004d PA:0x800080e4
        8015000	       800	800005f0	00da4803	lbu	x16,13(x20)	 x20:0x800081ad x16=0x000000d0 PA:0x800081ba
        8025000	       801	800005f4	ff561923	sh	x21,-14(x12)	 x12:0x80008508 x21:0xffffa5b5 PA:0x800084fa
        8035000	       802	800005f8	fc72aa83	lw	x21,-57(x5)	  x5:0x80008495 x21=0x83506cf1 PA:0x8000845c
        8045000	       803	800005fc	0106c803	lbu	x16,16(x13)	 x13:0x800080ee x16=0x000000cb PA:0x800080fe
        8055000	       804	80000600	ffc68a83	lb	x21,-4(x13)	 x13:0x800080ee x21=0x00000015 PA:0x800080ea
        8065000	       805	80000604	fe7a0c83	lb	x25,-25(x20)	 x20:0x800081ad x25=0x00000021 PA:0x80008194
        8075000	       806	80000608	ff3a11a3	sh	x19,-29(x20)	 x20:0x800081ad x19:0x80009fc4 PA:0x80008190
        8085000	       807	8000060c	167e8e03	lb	x28,359(x29)	 x29:0x80008396 x28=0xffffff9f PA:0x800084fd
        8095000	       808	80000610	ffb60c83	lb	x25,-5(x12)	 x12:0x80008508 x25=0xffffffe3 PA:0x80008503
        8105000	       809	80000614	3a6edb83	lhu	x23,934(x29)	 x29:0x80008396 x23=0x0000099b PA:0x8000873c
        8115000	       810	80000618	01568523	sb	x21,10(x13)	 x13:0x800080ee x21:0x00000015 PA:0x800080f8
        8125000	       811	8000061c	fe2a0f83	lb	x31,-30(x20)	 x20:0x800081ad x31=0xfffffffe PA:0x8000818f
        8135000	       812	80000620	41ce9a83	lh	x21,1052(x29)	 x29:0x80008396 x21=0xffffc326 PA:0x800087b2
        8145000	       813	80000624	034a4103	lbu	x2,52(x20)	 x20:0x800081ad  x2=0x00000035 PA:0x800081e1
        8155000	       814	80000628	00660103	lb	x2,6(x12)	 x12:0x80008508  x2=0x00000000 PA:0x8000850e
        8165000	       815	8000062c	0032c803	lbu	x16,3(x5)	  x5:0x80008495 x16=0x00000004 PA:0x80008498
        8175000	       816	80000630	014a18a3	sh	x20,17(x20)	 x20:0x800081ad x20:0x800081ad PA:0x800081be
        8185000	       817	80000634	ffb69923	sh	x27,-14(x13)	 x13:0x800080ee x27:0xf03eb019 PA:0x800080e0
        8195000	       818	80000638	0032a703	lw	x14,3(x5)	  x5:0x80008495 x14=0xa9a63f04 PA:0x80008498
        8205000	       819	8000063c	00c68483	lb	x9,12(x13)	 x13:0x800080ee  x9=0xffffffd5 PA:0x800080fa
        8215000	       820	80000640	fe02c183	lbu	x3,-32(x5)	  x5:0x80008495  x3=0x000000c9 PA:0x80008475
        8225000	       821	80000644	d80e8783	lb	x15,-640(x29)	 x29:0x80008396 x15=0xffffff80 PA:0x80008116
        8235000	       822	80000648	f4ae8623	sb	x10,-180(x29)	 x29:0x80008396 x10:0x0000002e PA:0x800082e2
        8245000	       823	8000064c	00008d97	auipc	x27,0x8	 x27=0x80008648
        8255000	       824	80000650	04bd8d93	addi	x27,x27,75	 x27:0x80008648 x27=0x80008693
        8265000	       825	80000654	012c98b3	sll	x17,x25,x18	 x25:0xffffffe3 x18:0x000046fb x17=0x18000000
        8275000	       826	80000658	bf483b13	sltiu	x22,x16,-1036	 x16:0x00000004 x22=0x00000001
        8285000	       827	8000065c	406bd793	srai	x15,x23,0x6	 x23:0x0000099b x15=0x00000026
        8295000	       828	80000660	d623fb17	auipc	x22,0xd623f	 x22=0x5623f65c
        8305000	       829	80000664	ffed8283	lb	x5,-2(x27)	 x27:0x80008693  x5=0x0000003c PA:0x80008691
        8315000	       830	80000668	014d87a3	sb	x20,15(x27)	 x27:0x80008693 x20:0x800081ad PA:0x800086a2
        8325000	       831	8000066c	018d2ab3	slt	x21,x26,x24	 x26:0xffffffa6 x24:0x00004218 x21=0x00000001
        8335000	       832	80000670	00573533	sltu	x10,x14,x5	 x14:0xa9a63f04  x5:0x0000003c x10=0x00000000
        8345000	       833	80000674	01deb733	sltu	x14,x29,x29	 x29:0x80008396 x29:0x80008396 x14=0x00000000
        8355000	       834	80000678	41df04b3	sub	x9,x30,x29	 x30:0x000000e4 x29:0x80008396  x9=0x7fff7d4e
        8365000	       835	8000067c	00ad8823	sb	x10,16(x27)	 x27:0x80008693 x10:0x00000000 PA:0x800086a3
        8375000	       836	80000680	00ad8e03	lb	x28,10(x27)	 x27:0x80008693 x28=0x00000067 PA:0x8000869d
        8385000	       837	80000684	fe1d9aa3	sh	x1,-11(x27)	 x27:0x80008693  x1:0x0000006c PA:0x80008688
        8395000	       838	80000688	a52cf197	auipc	x3,0xa52cf	  x3=0x252cf684
        8405000	       839	8000068c	006d8f03	lb	x30,6(x27)	 x27:0x80008693 x30=0xffffffe0 PA:0x80008699
        8415000	       840	80000690	ff1d8e03	lb	x28,-15(x27)	 x27:0x80008693 x28=0x0000002b PA:0x80008684
        8425000	       841	80000694	f6124c13	xori	x24,x4,-159	  x4:0x4de3f416 x24=0xb21c0b77
        8435000	       842	80000698	00ddc083	lbu	x1,13(x27)	 x27:0x80008693  x1=0x00000095 PA:0x800086a0
        8445000	       843	8000069c	85b78893	addi	x17,x15,-1957	 x15:0x00000026 x17=0xfffff881
        8455000	       844	800006a0	005dde83	lhu	x29,5(x27)	 x27:0x80008693 x29=0x0000e0d4 PA:0x80008698
        8465000	       845	800006a4	ff2d8a23	sb	x18,-12(x27)	 x27:0x80008693 x18:0x000046fb PA:0x80008687
        8475000	       846	800006a8	ffed8103	lb	x2,-2(x27)	 x27:0x80008693  x2=0x0000003c PA:0x80008691
        8485000	       847	800006ac	ff3dc283	lbu	x5,-13(x27)	 x27:0x80008693  x5=0x00000037 PA:0x80008686
        8495000	       848	800006b0	01446033	or	x0,x8,x20	  x8:0x80009f84 x20:0x800081ad
        8505000	       849	800006b4	00ad8603	lb	x12,10(x27)	 x27:0x80008693 x12=0x00000067 PA:0x8000869d
        8515000	       850	800006b8	8ce3e813	ori	x16,x7,-1842	  x7:0x00000018 x16=0xfffff8de
        8525000	       851	800006bc	00ffd393	srli	x7,x31,0xf	 x31:0xfffffffe  x7=0x0001ffff
        8535000	       852	800006c0	002d8823	sb	x2,16(x27)	 x27:0x80008693  x2:0x0000003c PA:0x800086a3
        8545000	       853	800006c4	ff3d8923	sb	x19,-14(x27)	 x27:0x80008693 x19:0x80009fc4 PA:0x80008685
        8555000	       854	800006c8	001231b3	sltu	x3,x4,x1	  x4:0x4de3f416  x1:0x00000095  x3=0x00000000
        8565000	       855	800006cc	ff0d8103	lb	x2,-16(x27)	 x27:0x80008693  x2=0xffffffed PA:0x80008683
        8575000	       856	800006d0	009edbb3	srl	x23,x29,x9	 x29:0x0000e0d4  x9:0x7fff7d4e x23=0x00000003
        8585000	       857	800006d4	01811cb3	sll	x25,x2,x24	  x2:0xffffffed x24:0xb21c0b77 x25=0xf6800000
        8595000	       858	800006d8	00dd8023	sb	x13,0(x27)	 x27:0x80008693 x13:0x800080ee PA:0x80008693
        8605000	       859	800006dc	0145cc33	xor	x24,x11,x20	 x11:0x0000000a x20:0x800081ad x24=0x800081a7
        8615000	       860	800006e0	008bf633	and	x12,x23,x8	 x23:0x00000003  x8:0x80009f84 x12=0x00000000
        8625000	       861	800006e4	70767493	andi	x9,x12,1799	 x12:0x00000000  x9=0x00000000
        8635000	       862	800006e8	00fdca83	lbu	x21,15(x27)	 x27:0x80008693 x21=0x000000ad PA:0x800086a2
        8645000	       863	800006ec	4034d1b3	sra	x3,x9,x3	  x9:0x00000000  x3:0x00000000  x3=0x00000000
        8655000	       864	800006f0	010c5e33	srl	x28,x24,x16	 x24:0x800081a7 x16:0xfffff8de x28=0x00000002
        8665000	       865	800006f4	412f5a93	srai	x21,x30,0x12	 x30:0xffffffe0 x21=0xffffffff
        8675000	       866	800006f8	0098c7b3	xor	x15,x17,x9	 x17:0xfffff881  x9:0x00000000 x15=0xfffff881
        8685000	       867	800006fc	013a38b3	sltu	x17,x20,x19	 x20:0x800081ad x19:0x80009fc4 x17=0x00000001
        8695000	       868	80000700	41cb5693	srai	x13,x22,0x1c	 x22:0x5623f65c x13=0x00000005
        8705000	       869	80000704	ff7dcb83	lbu	x23,-9(x27)	 x27:0x80008693 x23=0x000000fb PA:0x8000868a
        8715000	       870	80000708	019da6a3	sw	x25,13(x27)	 x27:0x80008693 x25:0xf6800000 PA:0x800086a0
        8725000	       871	8000070c	002dd633	srl	x12,x27,x2	 x27:0x80008693  x2:0xffffffed x12=0x00040004
        8735000	       872	80000710	0c450237	lui	x4,0xc450	  x4=0x0c450000
        8745000	       873	80000714	ff2dcb03	lbu	x22,-14(x27)	 x27:0x80008693 x22=0x000000c4 PA:0x80008685
        8755000	       874	80000718	005dab03	lw	x22,5(x27)	 x27:0x80008693 x22=0xffe9e0d4 PA:0x80008698
        8765000	       875	8000071c	001daa03	lw	x20,1(x27)	 x27:0x80008693 x20=0x1078f5c7 PA:0x80008694
        8775000	       876	80000720	00009c17	auipc	x24,0x9	 x24=0x8000971c
        8785000	       877	80000724	87cc0c13	addi	x24,x24,-1924	 x24:0x8000971c x24=0x80008f98
        8795000	       878	80000728	fe9c0ba3	sb	x9,-9(x24)	 x24:0x80008f98  x9:0x00000000 PA:0x80008f8f
        8805000	       879	8000072c	018cdd33	srl	x26,x25,x24	 x25:0xf6800000 x24:0x80008f98 x26=0x000000f6
        8815000	       880	80000730	fe6c0ca3	sb	x6,-7(x24)	 x24:0x80008f98  x6:0xf03eb01f PA:0x80008f91
        8825000	       881	80000734	feac0da3	sb	x10,-5(x24)	 x24:0x80008f98 x10:0x00000000 PA:0x80008f93
        8835000	       882	80000738	fe0c0c23	sb	x0,-8(x24)	 x24:0x80008f98  x0:0x00000000 PA:0x80008f90
        8845000	       883	8000073c	ff2c0b23	sb	x18,-10(x24)	 x24:0x80008f98 x18:0x000046fb PA:0x80008f8e
        8855000	       884	80000740	00fc4383	lbu	x7,15(x24)	 x24:0x80008f98  x7=0x000000de PA:0x80008fa7
        8865000	       885	80000744	ee343193	sltiu	x3,x8,-285	  x8:0x80009f84  x3=0x00000001
        8875000	       886	80000748	005f9193	slli	x3,x31,0x5	 x31:0xfffffffe  x3=0xffffffc0
        8885000	       887	8000074c	fe3c2c23	sw	x3,-8(x24)	 x24:0x80008f98  x3:0xffffffc0 PA:0x80008f90
        8895000	       888	80000750	001b1293	slli	x5,x22,0x1	 x22:0xffe9e0d4  x5=0xffd3c1a8
        8905000	       889	80000754	00da9693	slli	x13,x21,0xd	 x21:0xffffffff x13=0xffffe000
        8915000	       890	80000758	3802b613	sltiu	x12,x5,896	  x5:0xffd3c1a8 x12=0x00000000
        8925000	       891	8000075c	ff0c4583	lbu	x11,-16(x24)	 x24:0x80008f98 x11=0x00000074 PA:0x80008f88
        8935000	       892	80000760	01b071b3	and	x3,x0,x27	  x0:0x00000000 x27:0x80008693  x3=0x00000000
        8945000	       893	80000764	42c3b913	sltiu	x18,x7,1068	  x7:0x000000de x18=0x00000001
        8955000	       894	80000768	00dc4583	lbu	x11,13(x24)	 x24:0x80008f98 x11=0x00000011 PA:0x80008fa5
        8965000	       895	8000076c	004c2503	lw	x10,4(x24)	 x24:0x80008f98 x10=0x51a4caaf PA:0x80008f9c
        8975000	       896	00000000	00000013	addi	x0,x0,0	  x0:0x00000000
        8985000	       897	80000770	00ac1003	lh	x0,10(x24)	 x24:0x80008f98 PA:0x80008fa2
        8995000	       898	80000774	ff2c0da3	sb	x18,-5(x24)	 x24:0x80008f98 x18:0x00000001 PA:0x80008f93
        9005000	       899	80000778	013811b3	sll	x3,x16,x19	 x16:0xfffff8de x19:0x80009fc4  x3=0xffff8de0
        9015000	       900	8000077c	ff0c2b83	lw	x23,-16(x24)	 x24:0x80008f98 x23=0x83648474 PA:0x80008f88
        9025000	       901	80000780	01bc04a3	sb	x27,9(x24)	 x24:0x80008f98 x27:0x80008693 PA:0x80008fa1
        9035000	       902	80000784	ff3c0da3	sb	x19,-5(x24)	 x24:0x80008f98 x19:0x80009fc4 PA:0x80008f93
        9045000	       903	80000788	004c4883	lbu	x17,4(x24)	 x24:0x80008f98 x17=0x000000af PA:0x80008f9c
        9055000	       904	8000078c	d8aaa493	slti	x9,x21,-630	 x21:0xffffffff  x9=0x00000000
        9065000	       905	80000790	006c4e83	lbu	x29,6(x24)	 x24:0x80008f98 x29=0x000000a4 PA:0x80008f9e
        9075000	       906	80000794	418e5f93	srai	x31,x28,0x18	 x28:0x00000002 x31=0x00000000
        9085000	       907	80000798	00000013	addi	x0,x0,0	  x0:0x00000000
        9095000	       908	8000079c	002c5533	srl	x10,x24,x2	 x24:0x80008f98  x2:0xffffffed x10=0x00040004
        9105000	       909	800007a0	00ddf233	and	x4,x27,x13	 x27:0x80008693 x13:0xffffe000  x4=0x80008000
        9115000	       910	800007a4	0024c5b3	xor	x11,x9,x2	  x9:0x00000000  x2:0xffffffed x11=0xffffffed
        9125000	       911	800007a8	ff5c09a3	sb	x21,-13(x24)	 x24:0x80008f98 x21:0xffffffff PA:0x80008f8b
        9135000	       912	800007ac	01621db3	sll	x27,x4,x22	  x4:0x80008000 x22:0xffe9e0d4 x27=0x00000000
        9145000	       913	800007b0	ff6c4683	lbu	x13,-10(x24)	 x24:0x80008f98 x13=0x000000fb PA:0x80008f8e
        9155000	       914	800007b4	ff0c2883	lw	x17,-16(x24)	 x24:0x80008f98 x17=0xff648474 PA:0x80008f88
        9165000	       915	800007b8	fe8c08a3	sb	x8,-15(x24)	 x24:0x80008f98  x8:0x80009f84 PA:0x80008f89
        9175000	       916	800007bc	00cc01a3	sb	x12,3(x24)	 x24:0x80008f98 x12:0x00000000 PA:0x80008f9b
        9185000	       917	800007c0	7f793593	sltiu	x11,x18,2039	 x18:0x00000001 x11=0x00000001
        9195000	       918	800007c4	d08c5117	auipc	x2,0xd08c5	  x2=0x508c57c0
        9205000	       919	800007c8	409ad913	srai	x18,x21,0x9	 x21:0xffffffff x18=0xffffffff
        9215000	       920	800007cc	ee7f5b17	auipc	x22,0xee7f5	 x22=0x6e7f57c8
        9225000	       921	800007d0	00e6d813	srli	x16,x13,0xe	 x13:0x000000fb x16=0x00000000
        9235000	       922	800007d4	ff5c4383	lbu	x7,-11(x24)	 x24:0x80008f98  x7=0x000000eb PA:0x80008f8d
        9245000	       923	800007d8	008c4e03	lbu	x28,8(x24)	 x24:0x80008f98 x28=0x00000098 PA:0x80008fa0
        9255000	       924	800007dc	00000013	addi	x0,x0,0	  x0:0x00000000
        9265000	       925	800007e0	7f7da297	auipc	x5,0x7f7da	  x5=0xff7da7dc
        9275000	       926	800007e4	d766f813	andi	x16,x13,-650	 x13:0x000000fb x16=0x00000072
        9285000	       927	800007e8	da6bc093	xori	x1,x23,-602	 x23:0x83648474  x1=0x7c9b79d2
        9295000	       928	800007ec	03af5863	bge	x30,x26,8000081c	 x30:0xffffffe0 x26:0x000000f6
        9305000	       929	800007f0	03177263	bgeu	x14,x17,80000814	 x14:0x00000000 x17:0xff648474
        9315000	       930	800007f4	014b1863	bne	x22,x20,80000804	 x22:0x6e7f57c8 x20:0x1078f5c7
        9325000	       931	00000000	00000013	addi	x0,x0,0	  x0:0x00000000
        9335000	       932	80000800	00000013	addi	x0,x0,0	  x0:0x00000000
        9345000	       933	80000804	3ca0fe93	andi	x29,x1,970	  x1:0x7c9b79d2 x29=0x000001c2
        9355000	       934	80000808	00000013	addi	x0,x0,0	  x0:0x00000000
        9365000	       935	8000080c	05110c63	beq	x2,x17,80000864	  x2:0x508c57c0 x17:0xff648474
        9375000	       936	80000810	29c40497	auipc	x9,0x29c40	  x9=0xa9c4080c
        9385000	       937	80000814	00a71a63	bne	x14,x10,80000828	 x14:0x00000000 x10:0x00040004
        9395000	       938	00000000	00000013	addi	x0,x0,0	  x0:0x00000000
        9405000	       939	80000824	00000013	addi	x0,x0,0	  x0:0x00000000
        9415000	       940	80000828	003923b3	slt	x7,x18,x3	 x18:0xffffffff  x3:0xffff8de0  x7=0x00000000
        9425000	       941	8000082c	13a10893	addi	x17,x2,314	  x2:0x508c57c0 x17=0x508c58fa
        9435000	       942	80000830	00000013	addi	x0,x0,0	  x0:0x00000000
        9445000	       943	80000834	00001a17	auipc	x20,0x1	 x20=0x80001830
        9455000	       944	80000838	858a0a13	addi	x20,x20,-1960	 x20:0x80001830 x20=0x80001088
        9465000	       945	8000083c	405d8b33	sub	x22,x27,x5	 x27:0x00000000  x5:0xff7da7dc x22=0x00825824
        9475000	       946	80000840	eaaa0a13	addi	x20,x20,-342	 x20:0x80001088 x20=0x80000f32
        9485000	       947	80000844	f84ca713	slti	x14,x25,-124	 x25:0xf6800000 x14=0x00000001
        9495000	       948	80000848	010666b3	or	x13,x12,x16	 x12:0x00000000 x16:0x00000072 x13=0x00000072
        9505000	       949	8000084c	00260733	add	x14,x12,x2	 x12:0x00000000  x2:0x508c57c0 x14=0x508c57c0
        9515000	       950	80000850	839677b7	lui	x15,0x83967	 x15=0x83967000
        9525000	       951	80000854	00ad7663	bgeu	x26,x10,80000860	 x26:0x000000f6 x10:0x00040004
        9535000	       952	80000858	05bef693	andi	x13,x29,91	 x29:0x000001c2 x13=0x00000042
        9545000	       953	8000085c	1f46a113	slti	x2,x13,500	 x13:0x00000042  x2=0x00000001
        9555000	       954	80000860	157a0de7	jalr	x27,x20,343	 x20:0x80000f32 x27=0x80000860
        9565000	       955	00000000	00000013	addi	x0,x0,0	  x0:0x00000000
        9575000	       956	80001088	00000013	addi	x0,x0,0	  x0:0x00000000
        9585000	       957	8000108c	01ce6463	bltu	x28,x28,80001094	 x28:0x00000098 x28:0x00000098
        9595000	       958	80001090	01bf1f33	sll	x30,x30,x27	 x30:0xffffffe0 x27:0x80000860 x30=0xffffffe0
        9605000	       959	80001094	fec40413	addi	x8,x8,-20	  x8:0x80009f84  x8=0x80009f70
        9615000	       960	80001098	4126d013	srai	x0,x13,0x12	 x13:0x00000042
        9625000	       961	8000109c	01b42223	sw	x27,4(x8)	  x8:0x80009f70 x27:0x80000860 PA:0x80009f74
        9635000	       962	800010a0	09e7e213	ori	x4,x15,158	 x15:0x83967000  x4=0x8396709e
        9645000	       963	800010a4	f12e9b37	lui	x22,0xf12e9	 x22=0xf12e9000
        9655000	       964	800010a8	00007717	auipc	x14,0x7	 x14=0x800080a4
        9665000	       965	800010ac	0df70713	addi	x14,x14,223	 x14:0x800080a4 x14=0x80008183
        9675000	       966	800010b0	01e70723	sb	x30,14(x14)	 x14:0x80008183 x30:0xffffffe0 PA:0x80008191
        9685000	       967	800010b4	00007797	auipc	x15,0x7	 x15=0x800080b0
        9695000	       968	800010b8	22478793	addi	x15,x15,548	 x15:0x800080b0 x15=0x800082d4
        9705000	       969	800010bc	f617c503	lbu	x10,-159(x15)	 x15:0x800082d4 x10=0x00000065 PA:0x80008235
        9715000	       970	800010c0	ff674e03	lbu	x28,-10(x14)	 x14:0x80008183 x28=0x0000004e PA:0x80008179
        9725000	       971	800010c4	fc77ce83	lbu	x29,-57(x15)	 x15:0x800082d4 x29=0x00000056 PA:0x8000829b
        9735000	       972	800010c8	f0378f03	lb	x30,-253(x15)	 x15:0x800082d4 x30=0x0000006a PA:0x800081d7
        9745000	       973	800010cc	fce7d883	lhu	x17,-50(x15)	 x15:0x800082d4 x17=0x00003255 PA:0x800082a2
        9755000	       974	800010d0	fde78583	lb	x11,-34(x15)	 x15:0x800082d4 x11=0xffffffc5 PA:0x800082b2
        9765000	       975	800010d4	fe97ca83	lbu	x21,-23(x15)	 x15:0x800082d4 x21=0x00000088 PA:0x800082bd
        9775000	       976	800010d8	fee70c23	sb	x14,-8(x14)	 x14:0x80008183 x14:0x80008183 PA:0x8000817b
        9785000	       977	800010dc	0ab78ea3	sb	x11,189(x15)	 x15:0x800082d4 x11:0xffffffc5 PA:0x80008391
        9795000	       978	800010e0	ff175083	lhu	x1,-15(x14)	 x14:0x80008183  x1=0x00000333 PA:0x80008174
        9805000	       979	800010e4	006722a3	sw	x6,5(x14)	 x14:0x80008183  x6:0xf03eb01f PA:0x80008188
        9815000	       980	800010e8	054787a3	sb	x20,79(x15)	 x15:0x800082d4 x20:0x80000f32 PA:0x80008323
        9825000	       981	800010ec	00008117	auipc	x2,0x8	  x2=0x800090e8
        9835000	       982	800010f0	afc10113	addi	x2,x2,-1284	  x2:0x800090e8  x2=0x80008be4
        9845000	       983	800010f4	fd510c83	lb	x25,-43(x2)	  x2:0x80008be4 x25=0x00000029 PA:0x80008bb9
        9855000	       984	800010f8	fd514903	lbu	x18,-43(x2)	  x2:0x80008be4 x18=0x00000029 PA:0x80008bb9
        9865000	       985	800010fc	014e05b3	add	x11,x28,x20	 x28:0x0000004e x20:0x80000f32 x11=0x80000f80
        9875000	       986	80001100	fd514903	lbu	x18,-43(x2)	  x2:0x80008be4 x18=0x00000029 PA:0x80008bb9
        9885000	       987	80001104	fda10aa3	sb	x26,-43(x2)	  x2:0x80008be4 x26:0x000000f6 PA:0x80008bb9
        9895000	       988	80001108	03611e03	lh	x28,54(x2)	  x2:0x80008be4 x28=0xffffc14f PA:0x80008c1a
        9905000	       989	8000110c	03611e83	lh	x29,54(x2)	  x2:0x80008be4 x29=0xffffc14f PA:0x80008c1a
        9915000	       990	00000000	00000013	addi	x0,x0,0	  x0:0x00000000
        9925000	       991	80001110	01d10f03	lb	x30,29(x2)	  x2:0x80008be4 x30=0x00000013 PA:0x80008c01
        9935000	       992	80001114	9acd1a97	auipc	x21,0x9acd1	 x21=0x1acd2110
        9945000	       993	80001118	03f11d23	sh	x31,58(x2)	  x2:0x80008be4 x31:0x00000000 PA:0x80008c1e
        9955000	       994	8000111c	026101a3	sb	x6,35(x2)	  x2:0x80008be4  x6:0xf03eb01f PA:0x80008c07
        9965000	       995	80001120	01614003	lbu	x0,22(x2)	  x2:0x80008be4 PA:0x80008bfa
        9975000	       996	80001124	029f8263	beq	x31,x9,80001148	 x31:0x00000000  x9:0xa9c4080c
        9985000	       997	80001128	033b1e63	bne	x22,x19,80001164	 x22:0xf12e9000 x19:0x80009fc4
        9995000	       998	00000000	00000013	addi	x0,x0,0	  x0:0x00000000
       10005000	       999	80001160	00000013	addi	x0,x0,0	  x0:0x00000000
       10015000	      1000	80001164	01abbcb3	sltu	x25,x23,x26	 x23:0x83648474 x26:0x000000f6 x25=0x00000000
       10025000	      1001	80001168	027bc463	blt	x23,x7,80001190	 x23:0x83648474  x7:0x00000000
       10035000	      1002	00000000	00000013	addi	x0,x0,0	  x0:0x00000000
       10045000	      1003	8000118c	00000013	addi	x0,x0,0	  x0:0x00000000
       10055000	      1004	80001190	04851063	bne	x10,x8,800011d0	 x10:0x00000065  x8:0x80009f70
       10065000	      1005	00000000	00000013	addi	x0,x0,0	  x0:0x00000000
       10075000	      1006	800011cc	00000013	addi	x0,x0,0	  x0:0x00000000
       10085000	      1007	800011d0	00bc55b3	srl	x11,x24,x11	 x24:0x80008f98 x11:0x80000f80 x11=0x80008f98
       10095000	      1008	800011d4	b0b02d13	slti	x26,x0,-1269	  x0:0x00000000 x26=0x00000000
       10105000	      1009	800011d8	00887db3	and	x27,x16,x8	 x16:0x00000072  x8:0x80009f70 x27=0x00000070
       10115000	      1010	800011dc	4c87c113	xori	x2,x15,1224	 x15:0x800082d4  x2=0x8000861c
       10125000	      1011	800011e0	015af863	bgeu	x21,x21,800011f0	 x21:0x1acd2110 x21:0x1acd2110
       10135000	      1012	00000000	00000013	addi	x0,x0,0	  x0:0x00000000
       10145000	      1013	800011ec	00000013	addi	x0,x0,0	  x0:0x00000000
       10155000	      1014	800011f0	00000013	addi	x0,x0,0	  x0:0x00000000
       10165000	      1015	800011f4	0171deb3	srl	x29,x3,x23	  x3:0xffff8de0 x23:0x83648474 x29=0x00000fff
       10175000	      1016	800011f8	01253e33	sltu	x28,x10,x18	 x10:0x00000065 x18:0x00000029 x28=0x00000000
       10185000	      1017	800011fc	01089a93	slli	x21,x17,0x10	 x17:0x00003255 x21=0x32550000
       10195000	      1018	80001200	00fc7fb3	and	x31,x24,x15	 x24:0x80008f98 x15:0x800082d4 x31=0x80008290
       10205000	      1019	80001204	63cc18b7	lui	x17,0x63cc1	 x17=0x63cc1000
       10215000	      1020	80001208	00000013	addi	x0,x0,0	  x0:0x00000000
       10225000	      1021	8000120c	01925393	srli	x7,x4,0x19	  x4:0x8396709e  x7=0x00000041
       10235000	      1022	80001210	018a6fb3	or	x31,x20,x24	 x20:0x80000f32 x24:0x80008f98 x31=0x80008fba
       10245000	      1023	80001214	015c48b3	xor	x17,x24,x21	 x24:0x80008f98 x21:0x32550000 x17=0xb2558f98
       10255000	      1024	80001218	012825b3	slt	x11,x16,x18	 x16:0x00000072 x18:0x00000029 x11=0x00000000
       10265000	      1025	8000121c	f47c0493	addi	x9,x24,-185	 x24:0x80008f98  x9=0x80008edf
       10275000	      1026	80001220	95a27e93	andi	x29,x4,-1702	  x4:0x8396709e x29=0x8396701a
       10285000	      1027	80001224	0287d863	bge	x15,x8,80001254	 x15:0x800082d4  x8:0x80009f70
       10295000	      1028	80001228	0f27f863	bgeu	x15,x18,80001318	 x15:0x800082d4 x18:0x00000029
       10305000	      1029	00000000	00000013	addi	x0,x0,0	  x0:0x00000000
       10315000	      1030	80001314	00000013	addi	x0,x0,0	  x0:0x00000000
       10325000	      1031	80001318	04824463	blt	x4,x8,80001360	  x4:0x8396709e  x8:0x80009f70
       10335000	      1032	8000131c	41540e33	sub	x28,x8,x21	  x8:0x80009f70 x21:0x32550000 x28=0x4dab9f70
       10345000	      1033	80001320	029a6263	bltu	x20,x9,80001344	 x20:0x80000f32  x9:0x80008edf
       10355000	      1034	00000000	00000013	addi	x0,x0,0	  x0:0x00000000
       10365000	      1035	80001340	00000013	addi	x0,x0,0	  x0:0x00000000
       10375000	      1036	80001344	f7d30b13	addi	x22,x6,-131	  x6:0xf03eb01f x22=0xf03eaf9c
       10385000	      1037	80001348	73c56593	ori	x11,x10,1852	 x10:0x00000065 x11=0x0000077d
       10395000	      1038	8000134c	018af463	bgeu	x21,x24,80001354	 x21:0x32550000 x24:0x80008f98
       10405000	      1039	80001350	00bb07b3	add	x15,x22,x11	 x22:0xf03eaf9c x11:0x0000077d x15=0xf03eb719
       10415000	      1040	80001354	015ab233	sltu	x4,x21,x21	 x21:0x32550000 x21:0x32550000  x4=0x00000000
       10425000	      1041	80001358	011f31b3	sltu	x3,x30,x17	 x30:0x00000013 x17:0xb2558f98  x3=0x00000001
       10435000	      1042	8000135c	05f4e463	bltu	x9,x31,800013a4	  x9:0x80008edf x31:0x80008fba
       10445000	      1043	00000000	00000013	addi	x0,x0,0	  x0:0x00000000
       10455000	      1044	800013a0	00000013	addi	x0,x0,0	  x0:0x00000000
       10465000	      1045	800013a4	03ace263	bltu	x25,x26,800013c8	 x25:0x00000000 x26:0x00000000
       10475000	      1046	800013a8	8362fb13	andi	x22,x5,-1994	  x5:0xff7da7dc x22=0xff7da014
       10485000	      1047	800013ac	01124233	xor	x4,x4,x17	  x4:0x00000000 x17:0xb2558f98  x4=0xb2558f98
       10495000	      1048	800013b0	40e1d713	srai	x14,x3,0xe	  x3:0x00000001 x14=0x00000000
       10505000	      1049	800013b4	417eddb3	sra	x27,x29,x23	 x29:0x8396701a x23:0x83648474 x27=0xfffff839
       10515000	      1050	800013b8	75cb7613	andi	x12,x22,1884	 x22:0xff7da014 x12=0x00000014
       10525000	      1051	800013bc	41d508b3	sub	x17,x10,x29	 x10:0x00000065 x29:0x8396701a x17=0x7c69904b
       10535000	      1052	800013c0	8c3c9e97	auipc	x29,0x8c3c9	 x29=0x0c3ca3bc
       10545000	      1053	800013c4	d1761bb7	lui	x23,0xd1761	 x23=0xd1761000
       10555000	      1054	800013c8	0417c263	blt	x15,x1,8000140c	 x15:0xf03eb719  x1:0x00000333
       10565000	      1055	00000000	00000013	addi	x0,x0,0	  x0:0x00000000
       10575000	      1056	80001408	00000013	addi	x0,x0,0	  x0:0x00000000
       10585000	      1057	8000140c	00a69bb3	sll	x23,x13,x10	 x13:0x00000042 x10:0x00000065 x23=0x00000840
       10595000	      1058	80001410	0164dc93	srli	x25,x9,0x16	  x9:0x80008edf x25=0x00000200
       10605000	      1059	80001414	01589a13	slli	x20,x17,0x15	 x17:0x7c69904b x20=0x09600000
       10615000	      1060	80001418	00415f33	srl	x30,x2,x4	  x2:0x8000861c  x4:0xb2558f98 x30=0x00000080
       10625000	      1061	8000141c	03206e63	bltu	x0,x18,80001458	  x0:0x00000000 x18:0x00000029
       10635000	      1062	00000000	00000013	addi	x0,x0,0	  x0:0x00000000
       10645000	      1063	80001454	00000013	addi	x0,x0,0	  x0:0x00000000
       10655000	      1064	80001458	01f121b3	slt	x3,x2,x31	  x2:0x8000861c x31:0x80008fba  x3=0x00000001
       10665000	      1065	8000145c	01f02d33	slt	x26,x0,x31	  x0:0x00000000 x31:0x80008fba x26=0x00000000
       10675000	      1066	80001460	42382d13	slti	x26,x16,1059	 x16:0x00000072 x26=0x00000001
       10685000	      1067	80001464	00000013	addi	x0,x0,0	  x0:0x00000000
       10695000	      1068	80001468	032cc863	blt	x25,x18,80001498	 x25:0x00000200 x18:0x00000029
       10705000	      1069	8000146c	01ad1093	slli	x1,x26,0x1a	 x26:0x00000001  x1=0x04000000
       10715000	      1070	80001470	d1107213	andi	x4,x0,-751	  x0:0x00000000  x4=0x00000000
       10725000	      1071	80001474	40d55cb3	sra	x25,x10,x13	 x10:0x00000065 x13:0x00000042 x25=0x00000019
       10735000	      1072	80001478	7d8fc793	xori	x15,x31,2008	 x31:0x80008fba x15=0x80008862
       10745000	      1073	8000147c	059a9063	bne	x21,x25,800014bc	 x21:0x32550000 x25:0x00000019
       10755000	      1074	00000000	00000013	addi	x0,x0,0	  x0:0x00000000
       10765000	      1075	800014b8	00000013	addi	x0,x0,0	  x0:0x00000000
       10775000	      1076	800014bc	41b88a33	sub	x20,x17,x27	 x17:0x7c69904b x27:0xfffff839 x20=0x7c699812
       10785000	      1077	800014c0	00274533	xor	x10,x14,x2	 x14:0x00000000  x2:0x8000861c x10=0x8000861c
       10795000	      1078	800014c4	6c0b0717	auipc	x14,0x6c0b0	 x14=0xec0b14c0
       10805000	      1079	800014c8	0157c3b3	xor	x7,x15,x21	 x15:0x80008862 x21:0x32550000  x7=0xb2558862
       10815000	      1080	800014cc	0135be33	sltu	x28,x11,x19	 x11:0x0000077d x19:0x80009fc4 x28=0x00000001
       10825000	      1081	800014d0	f19bba13	sltiu	x20,x23,-231	 x23:0x00000840 x20=0x00000001
       10835000	      1082	800014d4	0028c3b3	xor	x7,x17,x2	 x17:0x7c69904b  x2:0x8000861c  x7=0xfc691657
       10845000	      1083	800014d8	2752aa93	slti	x21,x5,629	  x5:0xff7da7dc x21=0x00000001
       10855000	      1084	800014dc	00442d83	lw	x27,4(x8)	  x8:0x80009f70 x27=0x80000860 PA:0x80009f74
       10865000	      1085	800014e0	01440413	addi	x8,x8,20	  x8:0x80009f70  x8=0x80009f84
       10875000	      1086	800014e4	01a9da33	srl	x20,x19,x26	 x19:0x80009fc4 x26:0x00000001 x20=0x40004fe2
       10885000	      1087	800014e8	f3786b93	ori	x23,x16,-201	 x16:0x00000072 x23=0xffffff77
       10895000	      1088	800014ec	d5c46593	ori	x11,x8,-676	  x8:0x80009f84 x11=0xffffffdc
       10905000	      1089	800014f0	000d8393	addi	x7,x27,0	 x27:0x80000860  x7=0x80000860
       10915000	      1090	800014f4	000383e7	jalr	x7,x7,0	  x7:0x80000860  x7=0x800014f4
       10925000	      1091	00000000	00000013	addi	x0,x0,0	  x0:0x00000000
       10935000	      1092	80000860	00000013	addi	x0,x0,0	  x0:0x00000000
       10945000	      1093	80000864	011f00b3	add	x1,x30,x17	 x30:0x00000080 x17:0x7c69904b  x1=0x7c6990cb
       10955000	      1094	80000868	29227c13	andi	x24,x4,658	  x4:0x00000000 x24=0x00000000
       10965000	      1095	8000086c	725fcb13	xori	x22,x31,1829	 x31:0x80008fba x22=0x8000889f
       10975000	      1096	80000870	00008d97	auipc	x27,0x8	 x27=0x8000886c
       10985000	      1097	80000874	9c3d8d93	addi	x27,x27,-1597	 x27:0x8000886c x27=0x8000822f
       10995000	      1098	80000878	016d8423	sb	x22,8(x27)	 x27:0x8000822f x22:0x8000889f PA:0x80008237
       11005000	      1099	8000087c	ca3a10b7	lui	x1,0xca3a1	  x1=0xca3a1000
       11015000	      1100	80000880	fe4d8823	sb	x4,-16(x27)	 x27:0x8000822f  x4:0x00000000 PA:0x8000821f
       11025000	      1101	80000884	002d4697	auipc	x13,0x2d4	 x13=0x802d4880
       11035000	      1102	80000888	ffdd9683	lh	x13,-3(x27)	 x27:0x8000822f x13=0x00007888 PA:0x8000822c
       11045000	      1103	8000088c	005e2b33	slt	x22,x28,x5	 x28:0x00000001  x5:0xff7da7dc x22=0x00000000
       11055000	      1104	80000890	0015de13	srli	x28,x11,0x1	 x11:0xffffffdc x28=0x7fffffee
       11065000	      1105	80000894	41825eb3	sra	x29,x4,x24	  x4:0x00000000 x24:0x00000000 x29=0x00000000
       11075000	      1106	80000898	ffddaa83	lw	x21,-3(x27)	 x27:0x8000822f x21=0x1f5d7888 PA:0x8000822c
       11085000	      1107	8000089c	ff6d8783	lb	x15,-10(x27)	 x27:0x8000822f x15=0x00000032 PA:0x80008225
       11095000	      1108	800008a0	ffbdc103	lbu	x2,-5(x27)	 x27:0x8000822f  x2=0x0000004d PA:0x8000822a
       11105000	      1109	800008a4	005da2a3	sw	x5,5(x27)	 x27:0x8000822f  x5:0xff7da7dc PA:0x80008234
       11115000	      1110	800008a8	af938a13	addi	x20,x7,-1287	  x7:0x800014f4 x20=0x80000fed
       11125000	      1111	800008ac	ff9d9a83	lh	x21,-7(x27)	 x27:0x8000822f x21=0x00003162 PA:0x80008228
       11135000	      1112	800008b0	ff9dc703	lbu	x14,-7(x27)	 x27:0x8000822f x14=0x00000062 PA:0x80008228
       11145000	      1113	800008b4	009d8423	sb	x9,8(x27)	 x27:0x8000822f  x9:0x80008edf PA:0x80008237
       11155000	      1114	800008b8	0056a533	slt	x10,x13,x5	 x13:0x00007888  x5:0xff7da7dc x10=0x00000000
       11165000	      1115	800008bc	019d8423	sb	x25,8(x27)	 x27:0x8000822f x25:0x00000019 PA:0x80008237
       11175000	      1116	800008c0	ffad8823	sb	x26,-16(x27)	 x27:0x8000822f x26:0x00000001 PA:0x8000821f
       11185000	      1117	800008c4	014d8423	sb	x20,8(x27)	 x27:0x8000822f x20:0x80000fed PA:0x80008237
       11195000	      1118	800008c8	008dc083	lbu	x1,8(x27)	 x27:0x8000822f  x1=0x000000ed PA:0x80008237
       11205000	      1119	800008cc	03404263	blt	x0,x20,800008f0	  x0:0x00000000 x20:0x80000fed
       11215000	      1120	800008d0	400ede33	sra	x28,x29,x0	 x29:0x00000000  x0:0x00000000 x28=0x00000000
       11225000	      1121	800008d4	0118c3b3	xor	x7,x17,x17	 x17:0x7c69904b x17:0x7c69904b  x7=0x00000000
       11235000	      1122	800008d8	008204b3	add	x9,x4,x8	  x4:0x00000000  x8:0x80009f84  x9=0x80009f84
       11245000	      1123	800008dc	00b05a13	srli	x20,x0,0xb	  x0:0x00000000 x20=0x00000000
       11255000	      1124	800008e0	00390e63	beq	x18,x3,800008fc	 x18:0x00000029  x3:0x00000001
       11265000	      1125	800008e4	022ac863	blt	x21,x2,80000914	 x21:0x00003162  x2:0x0000004d
       11275000	      1126	800008e8	00000013	addi	x0,x0,0	  x0:0x00000000
       11285000	      1127	800008ec	00d48e63	beq	x9,x13,80000908	  x9:0x80009f84 x13:0x00007888
       11295000	      1128	800008f0	754f3597	auipc	x11,0x754f3	 x11=0xf54f38ec
       11305000	      1129	800008f4	001d5a63	bge	x26,x1,80000908	 x26:0x00000001  x1:0x000000ed
       11315000	      1130	800008f8	00cde6b3	or	x13,x27,x12	 x27:0x8000822f x12:0x00000014 x13=0x8000823f
       11325000	      1131	800008fc	40bcd893	srai	x17,x25,0xb	 x25:0x00000019 x17=0x00000000
       11335000	      1132	80000900	01c0f533	and	x10,x1,x28	  x1:0x000000ed x28:0x00000000 x10=0x00000000
       11345000	      1133	80000904	053d5863	bge	x26,x19,80000954	 x26:0x00000001 x19:0x80009fc4
       11355000	      1134	00000000	00000013	addi	x0,x0,0	  x0:0x00000000
       11365000	      1135	80000950	00000013	addi	x0,x0,0	  x0:0x00000000
       11375000	      1136	80000954	9d4d6813	ori	x16,x26,-1580	 x26:0x00000001 x16=0xfffff9d5
       11385000	      1137	80000958	01c2db33	srl	x22,x5,x28	  x5:0xff7da7dc x28:0x00000000 x22=0xff7da7dc
       11395000	      1138	8000095c	00000013	addi	x0,x0,0	  x0:0x00000000
       11405000	      1139	80000960	0de86513	ori	x10,x16,222	 x16:0xfffff9d5 x10=0xfffff9df
       11415000	      1140	80000964	412381b3	sub	x3,x7,x18	  x7:0x00000000 x18:0x00000029  x3=0xffffffd7
       11425000	      1141	80000968	02380463	beq	x16,x3,80000990	 x16:0xfffff9d5  x3:0xffffffd7
       11435000	      1142	8000096c	c8c52293	slti	x5,x10,-884	 x10:0xfffff9df  x5=0x00000001
       11445000	      1143	80000970	2e506617	auipc	x12,0x2e506	 x12=0xae50696c
       11455000	      1144	80000974	7a0bb097	auipc	x1,0x7a0bb	  x1=0xfa0bb970
       11465000	      1145	80000978	4198d893	srai	x17,x17,0x19	 x17:0x00000000 x17=0x00000000
       11475000	      1146	8000097c	0059a033	slt	x0,x19,x5	 x19:0x80009fc4  x5:0x00000001
       11485000	      1147	80000980	80994c13	xori	x24,x18,-2039	 x18:0x00000029 x24=0xfffff820
       11495000	      1148	80000984	41cbd633	sra	x12,x23,x28	 x23:0xffffff77 x28:0x00000000 x12=0xffffff77
       11505000	      1149	80000988	1ea87613	andi	x12,x16,490	 x16:0xfffff9d5 x12=0x000001c0
       11515000	      1150	8000098c	9b55a393	slti	x7,x11,-1611	 x11:0xf54f38ec  x7=0x00000001
       11525000	      1151	80000990	b29a7693	andi	x13,x20,-1239	 x20:0x00000000 x13=0x00000000
       11535000	      1152	80000994	34f32a93	slti	x21,x6,847	  x6:0xf03eb01f x21=0x00000001
       11545000	      1153	80000998	019bfa63	bgeu	x23,x25,800009ac	 x23:0xffffff77 x25:0x00000019
       11555000	      1154	00000000	00000013	addi	x0,x0,0	  x0:0x00000000
       11565000	      1155	800009a8	00000013	addi	x0,x0,0	  x0:0x00000000
       11575000	      1156	800009ac	00841813	slli	x16,x8,0x8	  x8:0x80009f84 x16=0x009f8400
       11585000	      1157	800009b0	00d46863	bltu	x8,x13,800009c0	  x8:0x80009f84 x13:0x00000000
       11595000	      1158	800009b4	93a4f093	andi	x1,x9,-1734	  x9:0x80009f84  x1=0x80009900
       11605000	      1159	800009b8	02e17e63	bgeu	x2,x14,800009f4	  x2:0x0000004d x14:0x00000062
       11615000	      1160	800009bc	41eb03b3	sub	x7,x22,x30	 x22:0xff7da7dc x30:0x00000080  x7=0xff7da75c
       11625000	      1161	800009c0	05b66b17	auipc	x22,0x5b66	 x22=0x85b669bc
       11635000	      1162	800009c4	013105b3	add	x11,x2,x19	  x2:0x0000004d x19:0x80009fc4 x11=0x8000a011
       11645000	      1163	800009c8	5133a393	slti	x7,x7,1299	  x7:0xff7da75c  x7=0x00000001
       11655000	      1164	800009cc	01cb05b3	add	x11,x22,x28	 x22:0x85b669bc x28:0x00000000 x11=0x85b669bc
       11665000	      1165	800009d0	4d20ed93	ori	x27,x1,1234	  x1:0x80009900 x27=0x80009dd2
       11675000	      1166	800009d4	01b76d33	or	x26,x14,x27	 x14:0x00000062 x27:0x80009dd2 x26=0x80009df2
       11685000	      1167	800009d8	00419a63	bne	x3,x4,800009ec	  x3:0xffffffd7  x4:0x00000000
       11695000	      1168	00000000	00000013	addi	x0,x0,0	  x0:0x00000000
       11705000	      1169	800009e8	00000013	addi	x0,x0,0	  x0:0x00000000
       11715000	      1170	800009ec	00ddd893	srli	x17,x27,0xd	 x27:0x80009dd2 x17=0x00040004
       11725000	      1171	800009f0	0337fa63	bgeu	x15,x19,80000a24	 x15:0x00000032 x19:0x80009fc4
       11735000	      1172	800009f4	9e2f4593	xori	x11,x30,-1566	 x30:0x00000080 x11=0xfffff962
       11745000	      1173	800009f8	03444863	blt	x8,x20,80000a28	  x8:0x80009f84 x20:0x00000000
       11755000	      1174	00000000	00000013	addi	x0,x0,0	  x0:0x00000000
       11765000	      1175	80000a24	00000013	addi	x0,x0,0	  x0:0x00000000
       11775000	      1176	80000a28	41afdfb3	sra	x31,x31,x26	 x31:0x80008fba x26:0x80009df2 x31=0xffffe000
       11785000	      1177	80000a2c	444e3393	sltiu	x7,x28,1092	 x28:0x00000000  x7=0x00000001
       11795000	      1178	80000a30	01a4d933	srl	x18,x9,x26	  x9:0x80009f84 x26:0x80009df2 x18=0x00002000
       11805000	      1179	80000a34	41f3df33	sra	x30,x7,x31	  x7:0x00000001 x31:0xffffe000 x30=0x00000001
       11815000	      1180	80000a38	a85c6b13	ori	x22,x24,-1403	 x24:0xfffff820 x22=0xfffffaa5
       11825000	      1181	80000a3c	0182b4b3	sltu	x9,x5,x24	  x5:0x00000001 x24:0xfffff820  x9=0x00000001
       11835000	      1182	80000a40	30267097	auipc	x1,0x30267	  x1=0xb0267a3c
       11845000	      1183	80000a44	67b78093	addi	x1,x15,1659	 x15:0x00000032  x1=0x000006ad
       11855000	      1184	80000a48	057cf263	bgeu	x25,x23,80000a8c	 x25:0x00000019 x23:0xffffff77
       11865000	      1185	80000a4c	0191dd13	srli	x26,x3,0x19	  x3:0xffffffd7 x26=0x0000007f
       11875000	      1186	80000a50	019b7533	and	x10,x22,x25	 x22:0xfffffaa5 x25:0x00000019 x10=0x00000001
       11885000	      1187	80000a54	00fad713	srli	x14,x21,0xf	 x21:0x00000001 x14=0x00000000
       11895000	      1188	80000a58	411e05b3	sub	x11,x28,x17	 x28:0x00000000 x17:0x00040004 x11=0xfffbfffc
       11905000	      1189	80000a5c	007ee7b3	or	x15,x29,x7	 x29:0x00000000  x7:0x00000001 x15=0x00000001
       11915000	      1190	80000a60	014041b3	xor	x3,x0,x20	  x0:0x00000000 x20:0x00000000  x3=0x00000000
       11925000	      1191	80000a64	44988d93	addi	x27,x17,1097	 x17:0x00040004 x27=0x0004044d
       11935000	      1192	80000a68	4192d113	srai	x2,x5,0x19	  x5:0x00000001  x2=0x00000000
       11945000	      1193	80000a6c	40e1d1b3	sra	x3,x3,x14	  x3:0x00000000 x14:0x00000000  x3=0x00000000
       11955000	      1194	80000a70	00000013	addi	x0,x0,0	  x0:0x00000000
       11965000	      1195	80000a74	041b0263	beq	x22,x1,80000ab8	 x22:0xfffffaa5  x1:0x000006ad
       11975000	      1196	80000a78	01fb5d13	srli	x26,x22,0x1f	 x22:0xfffffaa5 x26=0x00000001
       11985000	      1197	80000a7c	03dad863	bge	x21,x29,80000aac	 x21:0x00000001 x29:0x00000000
       11995000	      1198	00000000	00000013	addi	x0,x0,0	  x0:0x00000000
       12005000	      1199	80000aa8	00000013	addi	x0,x0,0	  x0:0x00000000
       12015000	      1200	80000aac	006be6b3	or	x13,x23,x6	 x23:0xffffff77  x6:0xf03eb01f x13=0xffffff7f
       12025000	      1201	80000ab0	37224d93	xori	x27,x4,882	  x4:0x00000000 x27=0x00000372
       12035000	      1202	80000ab4	4c5e8d97	auipc	x27,0x4c5e8	 x27=0xcc5e8ab0
       12045000	      1203	80000ab8	418ad1b3	sra	x3,x21,x24	 x21:0x00000001 x24:0xfffff820  x3=0x00000001
       12055000	      1204	80000abc	01ef9f13	slli	x30,x31,0x1e	 x31:0xffffe000 x30=0x00000000
       12065000	      1205	80000ac0	b8cc7e93	andi	x29,x24,-1140	 x24:0xfffff820 x29=0xfffff800
       12075000	      1206	80000ac4	00531c93	slli	x25,x6,0x5	  x6:0xf03eb01f x25=0x07d603e0
       12085000	      1207	80000ac8	003ff3b3	and	x7,x31,x3	 x31:0xffffe000  x3:0x00000001  x7=0x00000000
       12095000	      1208	80000acc	413c81b3	sub	x3,x25,x19	 x25:0x07d603e0 x19:0x80009fc4  x3=0x87d5641c
       12105000	      1209	80000ad0	e6c3fd93	andi	x27,x7,-404	  x7:0x00000000 x27=0x00000000
       12115000	      1210	80000ad4	0218de63	bge	x17,x1,80000b10	 x17:0x00040004  x1:0x000006ad
       12125000	      1211	00000000	00000013	addi	x0,x0,0	  x0:0x00000000
       12135000	      1212	80000b0c	00000013	addi	x0,x0,0	  x0:0x00000000
       12145000	      1213	80000b10	00000013	addi	x0,x0,0	  x0:0x00000000
       12155000	      1214	80000b14	401954b3	sra	x9,x18,x1	 x18:0x00002000  x1:0x000006ad  x9=0x00000001
       12165000	      1215	80000b18	03db6263	bltu	x22,x29,80000b3c	 x22:0xfffffaa5 x29:0xfffff800
       12175000	      1216	80000b1c	4005d3b3	sra	x7,x11,x0	 x11:0xfffbfffc  x0:0x00000000  x7=0xfffbfffc
       12185000	      1217	80000b20	01973933	sltu	x18,x14,x25	 x14:0x00000000 x25:0x07d603e0 x18=0x00000001
       12195000	      1218	80000b24	00dbaab3	slt	x21,x23,x13	 x23:0xffffff77 x13:0xffffff7f x21=0x00000001
       12205000	      1219	80000b28	003f4a63	blt	x30,x3,80000b3c	 x30:0x00000000  x3:0x87d5641c
       12215000	      1220	80000b2c	00929713	slli	x14,x5,0x9	  x5:0x00000001 x14=0x00000200
       12225000	      1221	80000b30	00e00133	add	x2,x0,x14	  x0:0x00000000 x14:0x00000200  x2=0x00000200
       12235000	      1222	80000b34	016bb2b3	sltu	x5,x23,x22	 x23:0xffffff77 x22:0xfffffaa5  x5=0x00000000
       12245000	      1223	80000b38	bc534513	xori	x10,x6,-1083	  x6:0xf03eb01f x10=0x0fc14bda
       12255000	      1224	80000b3c	1b596f37	lui	x30,0x1b596	 x30=0x1b596000
       12265000	      1225	80000b40	01223933	sltu	x18,x4,x18	  x4:0x00000000 x18:0x00000001 x18=0x00000001
       12275000	      1226	80000b44	01d51f93	slli	x31,x10,0x1d	 x10:0x0fc14bda x31=0x40000000
       12285000	      1227	80000b48	011a0733	add	x14,x20,x17	 x20:0x00000000 x17:0x00040004 x14=0x00040004
       12295000	      1228	80000b4c	01ff5c93	srli	x25,x30,0x1f	 x30:0x1b596000 x25=0x00000000
       12305000	      1229	80000b50	01543eb3	sltu	x29,x8,x21	  x8:0x80009f84 x21:0x00000001 x29=0x00000000
       12315000	      1230	80000b54	002905b3	add	x11,x18,x2	 x18:0x00000001  x2:0x00000200 x11=0x00000201
       12325000	      1231	80000b58	be0f8e17	auipc	x28,0xbe0f8	 x28=0x3e0f8b54
       12335000	      1232	80000b5c	01372033	slt	x0,x14,x19	 x14:0x00040004 x19:0x80009fc4
       12345000	      1233	80000b60	0175d863	bge	x11,x23,80000b70	 x11:0x00000201 x23:0xffffff77
       12355000	      1234	00000000	00000013	addi	x0,x0,0	  x0:0x00000000
       12365000	      1235	80000b6c	00000013	addi	x0,x0,0	  x0:0x00000000
       12375000	      1236	80000b70	01eb0863	beq	x22,x30,80000b80	 x22:0xfffffaa5 x30:0x1b596000
       12385000	      1237	80000b74	d9604d93	xori	x27,x0,-618	  x0:0x00000000 x27=0xfffffd96
       12395000	      1238	80000b78	01b7a533	slt	x10,x15,x27	 x15:0x00000001 x27:0xfffffd96 x10=0x00000000
       12405000	      1239	80000b7c	6fdbb6b7	lui	x13,0x6fdbb	 x13=0x6fdbb000
       12415000	      1240	80000b80	00090c33	add	x24,x18,x0	 x18:0x00000001  x0:0x00000000 x24=0x00000001
       12425000	      1241	80000b84	01eb8133	add	x2,x23,x30	 x23:0xffffff77 x30:0x1b596000  x2=0x1b595f77
       12435000	      1242	80000b88	00000013	addi	x0,x0,0	  x0:0x00000000
       12445000	      1243	80000b8c	01c1e6b3	or	x13,x3,x28	  x3:0x87d5641c x28:0x3e0f8b54 x13=0xbfdfef5c
       12455000	      1244	80000b90	010af5b3	and	x11,x21,x16	 x21:0x00000001 x16:0x009f8400 x11=0x00000000
       12465000	      1245	80000b94	01cbdf13	srli	x30,x23,0x1c	 x23:0xffffff77 x30=0x0000000f
       12475000	      1246	80000b98	040c5263	bge	x24,x0,80000bdc	 x24:0x00000001  x0:0x00000000
       12485000	      1247	00000000	00000013	addi	x0,x0,0	  x0:0x00000000
       12495000	      1248	80000bd8	00000013	addi	x0,x0,0	  x0:0x00000000
       12505000	      1249	80000bdc	01110e63	beq	x2,x17,80000bf8	  x2:0x1b595f77 x17:0x00040004
       12515000	      1250	80000be0	4004d933	sra	x18,x9,x0	  x9:0x00000001  x0:0x00000000 x18=0x00000001
       12525000	      1251	80000be4	40115c93	srai	x25,x2,0x1	  x2:0x1b595f77 x25=0x0dacafbb
       12535000	      1252	80000be8	04f07663	bgeu	x0,x15,80000c34	  x0:0x00000000 x15:0x00000001
       12545000	      1253	80000bec	017edeb3	srl	x29,x29,x23	 x29:0x00000000 x23:0xffffff77 x29=0x00000000
       12555000	      1254	80000bf0	00000013	addi	x0,x0,0	  x0:0x00000000
       12565000	      1255	80000bf4	00bd6d33	or	x26,x26,x11	 x26:0x00000001 x11:0x00000000 x26=0x00000001
       12575000	      1256	80000bf8	4d06a693	slti	x13,x13,1232	 x13:0xbfdfef5c x13=0x00000001
       12585000	      1257	80000bfc	84097c13	andi	x24,x18,-1984	 x18:0x00000001 x24=0x00000000
       12595000	      1258	80000c00	008a9893	slli	x17,x21,0x8	 x21:0x00000001 x17=0x00000100
       12605000	      1259	80000c04	40dd8cb3	sub	x25,x27,x13	 x27:0xfffffd96 x13:0x00000001 x25=0xfffffd95
       12615000	      1260	80000c08	00000013	addi	x0,x0,0	  x0:0x00000000
       12625000	      1261	80000c0c	009a1d93	slli	x27,x20,0x9	 x20:0x00000000 x27=0x00000000
       12635000	      1262	80000c10	8434f513	andi	x10,x9,-1981	  x9:0x00000001 x10=0x00000001
       12645000	      1263	80000c14	40b4da13	srai	x20,x9,0xb	  x9:0x00000001 x20=0x00000000
       12655000	      1264	80000c18	40ad84b3	sub	x9,x27,x10	 x27:0x00000000 x10:0x00000001  x9=0xffffffff
       12665000	      1265	80000c1c	2f720c13	addi	x24,x4,759	  x4:0x00000000 x24=0x000002f7
       12675000	      1266	80000c20	00fa6bb3	or	x23,x20,x15	 x20:0x00000000 x15:0x00000001 x23=0x00000001
       12685000	      1267	80000c24	412ddd93	srai	x27,x27,0x12	 x27:0x00000000 x27=0x00000000
       12695000	      1268	80000c28	517bc593	xori	x11,x23,1303	 x23:0x00000001 x11=0x00000516
       12705000	      1269	80000c2c	cec83013	sltiu	x0,x16,-788	 x16:0x009f8400
       12715000	      1270	80000c30	9a752813	slti	x16,x10,-1625	 x10:0x00000001 x16=0x00000000
       12725000	      1271	80000c34	0123d893	srli	x17,x7,0x12	  x7:0xfffbfffc x17=0x00003ffe
       12735000	      1272	80000c38	00dbd893	srli	x17,x23,0xd	 x23:0x00000001 x17=0x00000000
       12745000	      1273	80000c3c	0137b933	sltu	x18,x15,x19	 x15:0x00000001 x19:0x80009fc4 x18=0x00000001
       12755000	      1274	80000c40	017fab33	slt	x22,x31,x23	 x31:0x40000000 x23:0x00000001 x22=0x00000000
       12765000	      1275	80000c44	0107da93	srli	x21,x15,0x10	 x15:0x00000001 x21=0x00000000
       12775000	      1276	80000c48	00000013	addi	x0,x0,0	  x0:0x00000000
       12785000	      1277	80000c4c	00281f33	sll	x30,x16,x2	 x16:0x00000000  x2:0x1b595f77 x30=0x00000000
       12795000	      1278	80000c50	01ce1a63	bne	x28,x28,80000c64	 x28:0x3e0f8b54 x28:0x3e0f8b54
       12805000	      1279	80000c54	016e1d93	slli	x27,x28,0x16	 x28:0x3e0f8b54 x27=0xd5000000
       12815000	      1280	80000c58	0152f7b3	and	x15,x5,x21	  x5:0x00000000 x21:0x00000000 x15=0x00000000
       12825000	      1281	80000c5c	00c01833	sll	x16,x0,x12	  x0:0x00000000 x12:0x000001c0 x16=0x00000000
       12835000	      1282	80000c60	036ac263	blt	x21,x22,80000c84	 x21:0x00000000 x22:0x00000000
       12845000	      1283	80000c64	7d3a0a93	addi	x21,x20,2003	 x20:0x00000000 x21=0x000007d3
       12855000	      1284	80000c68	4195d913	srai	x18,x11,0x19	 x11:0x00000516 x18=0x00000000
       12865000	      1285	80000c6c	003de3b3	or	x7,x27,x3	 x27:0xd5000000  x3:0x87d5641c  x7=0xd7d5641c
       12875000	      1286	80000c70	05eee863	bltu	x29,x30,80000cc0	 x29:0x00000000 x30:0x00000000
       12885000	      1287	80000c74	dc76e013	ori	x0,x13,-569	 x13:0x00000001
       12895000	      1288	80000c78	01a8e733	or	x14,x17,x26	 x17:0x00000000 x26:0x00000001 x14=0x00000001
       12905000	      1289	80000c7c	81a93813	sltiu	x16,x18,-2022	 x18:0x00000000 x16=0x00000001
       12915000	      1290	80000c80	01a51a63	bne	x10,x26,80000c94	 x10:0x00000001 x26:0x00000001
       12925000	      1291	80000c84	15a78d93	addi	x27,x15,346	 x15:0x00000000 x27=0x0000015a
       12935000	      1292	80000c88	047e0263	beq	x28,x7,80000ccc	 x28:0x3e0f8b54  x7:0xd7d5641c
       12945000	      1293	80000c8c	017d8e33	add	x28,x27,x23	 x27:0x0000015a x23:0x00000001 x28=0x0000015b
       12955000	      1294	80000c90	65eeca93	xori	x21,x29,1630	 x29:0x00000000 x21=0x0000065e
       12965000	      1295	80000c94	013788b3	add	x17,x15,x19	 x15:0x00000000 x19:0x80009fc4 x17=0x80009fc4
       12975000	      1296	80000c98	aae82fb7	lui	x31,0xaae82	 x31=0xaae82000
       12985000	      1297	80000c9c	00741a33	sll	x20,x8,x7	  x8:0x80009f84  x7:0xd7d5641c x20=0x40000000
       12995000	      1298	80000ca0	00a0bc33	sltu	x24,x1,x10	  x1:0x000006ad x10:0x00000001 x24=0x00000000
       13005000	      1299	80000ca4	00000013	addi	x0,x0,0	  x0:0x00000000
       13015000	      1300	80000ca8	01319193	slli	x3,x3,0x13	  x3:0x87d5641c  x3=0x20e00000
       13025000	      1301	80000cac	00e5ec33	or	x24,x11,x14	 x11:0x00000516 x14:0x00000001 x24=0x00000517
       13035000	      1302	80000cb0	00bc2533	slt	x10,x24,x11	 x24:0x00000517 x11:0x00000516 x10=0x00000000
       13045000	      1303	80000cb4	408d5f93	srai	x31,x26,0x8	 x26:0x00000001 x31=0x00000000
       13055000	      1304	80000cb8	007fda63	bge	x31,x7,80000ccc	 x31:0x00000000  x7:0xd7d5641c
       13065000	      1305	00000000	00000013	addi	x0,x0,0	  x0:0x00000000
       13075000	      1306	80000cc8	00000013	addi	x0,x0,0	  x0:0x00000000
       13085000	      1307	80000ccc	00000013	addi	x0,x0,0	  x0:0x00000000
       13095000	      1308	80000cd0	014c5c13	srli	x24,x24,0x14	 x24:0x00000517 x24=0x00000000
       13105000	      1309	80000cd4	41c654b3	sra	x9,x12,x28	 x12:0x000001c0 x28:0x0000015b  x9=0x00000000
       13115000	      1310	80000cd8	03256263	bltu	x10,x18,80000cfc	 x10:0x00000000 x18:0x00000000
       13125000	      1311	80000cdc	03800863	beq	x0,x24,80000d0c	  x0:0x00000000 x24:0x00000000
       13135000	      1312	00000000	00000013	addi	x0,x0,0	  x0:0x00000000
       13145000	      1313	80000d08	00000013	addi	x0,x0,0	  x0:0x00000000
       13155000	      1314	80000d0c	62e63ab7	lui	x21,0x62e63	 x21=0x62e63000
       13165000	      1315	80000d10	40345593	srai	x11,x8,0x3	  x8:0x80009f84 x11=0xf00013f0
       13175000	      1316	80000d14	01058cb3	add	x25,x11,x16	 x11:0xf00013f0 x16:0x00000001 x25=0xf00013f1
       13185000	      1317	80000d18	8ea6e593	ori	x11,x13,-1814	 x13:0x00000001 x11=0xfffff8eb
       13195000	      1318	80000d1c	9fe58713	addi	x14,x11,-1538	 x11:0xfffff8eb x14=0xfffff2e9
       13205000	      1319	80000d20	5df02213	slti	x4,x0,1503	  x0:0x00000000  x4=0x00000001
       13215000	      1320	80000d24	bf413917	auipc	x18,0xbf413	 x18=0x3f413d20
       13225000	      1321	80000d28	01d67933	and	x18,x12,x29	 x12:0x000001c0 x29:0x00000000 x18=0x00000000
       13235000	      1322	80000d2c	00000013	addi	x0,x0,0	  x0:0x00000000
       13245000	      1323	80000d30	03931463	bne	x6,x25,80000d58	  x6:0xf03eb01f x25:0xf00013f1
       13255000	      1324	00000000	00000013	addi	x0,x0,0	  x0:0x00000000
       13265000	      1325	80000d54	00000013	addi	x0,x0,0	  x0:0x00000000
       13275000	      1326	80000d58	015d5513	srli	x10,x26,0x15	 x26:0x00000001 x10=0x00000000
       13285000	      1327	80000d5c	656bf513	andi	x10,x23,1622	 x23:0x00000001 x10=0x00000000
       13295000	      1328	80000d60	405d5fb3	sra	x31,x26,x5	 x26:0x00000001  x5:0x00000000 x31=0x00000001
       13305000	      1329	80000d64	41590f33	sub	x30,x18,x21	 x18:0x00000000 x21:0x62e63000 x30=0x9d19d000
       13315000	      1330	80000d68	40145f93	srai	x31,x8,0x1	  x8:0x80009f84 x31=0xc0004fc2
       13325000	      1331	80000d6c	02d06863	bltu	x0,x13,80000d9c	  x0:0x00000000 x13:0x00000001
       13335000	      1332	00000000	00000013	addi	x0,x0,0	  x0:0x00000000
       13345000	      1333	80000d98	00000013	addi	x0,x0,0	  x0:0x00000000
       13355000	      1334	80000d9c	00c0bf33	sltu	x30,x1,x12	  x1:0x000006ad x12:0x000001c0 x30=0x00000000
       13365000	      1335	80000da0	007d4bb3	xor	x23,x26,x7	 x26:0x00000001  x7:0xd7d5641c x23=0xd7d5641d
       13375000	      1336	80000da4	01b1a6b3	slt	x13,x3,x27	  x3:0x20e00000 x27:0x0000015a x13=0x00000000
       13385000	      1337	80000da8	8313f093	andi	x1,x7,-1999	  x7:0xd7d5641c  x1=0xd7d56010
       13395000	      1338	80000dac	01e755b3	srl	x11,x14,x30	 x14:0xfffff2e9 x30:0x00000000 x11=0xfffff2e9
       13405000	      1339	80000db0	0498d263	bge	x17,x9,80000df4	 x17:0x80009fc4  x9:0x00000000
       13415000	      1340	80000db4	416f57b3	sra	x15,x30,x22	 x30:0x00000000 x22:0x00000000 x15=0x00000000
       13425000	      1341	80000db8	acbe02b7	lui	x5,0xacbe0	  x5=0xacbe0000
       13435000	      1342	80000dbc	04425463	bge	x4,x4,80000e04	  x4:0x00000001  x4:0x00000001
       13445000	      1343	00000000	00000013	addi	x0,x0,0	  x0:0x00000000
       13455000	      1344	80000e00	00000013	addi	x0,x0,0	  x0:0x00000000
       13465000	      1345	80000e04	05477463	bgeu	x14,x20,80000e4c	 x14:0xfffff2e9 x20:0x40000000
       13475000	      1346	00000000	00000013	addi	x0,x0,0	  x0:0x00000000
       13485000	      1347	80000e48	00000013	addi	x0,x0,0	  x0:0x00000000
       13495000	      1348	80000e4c	025f6263	bltu	x30,x5,80000e70	 x30:0x00000000  x5:0xacbe0000
       13505000	      1349	00000000	00000013	addi	x0,x0,0	  x0:0x00000000
       13515000	      1350	80000e6c	00000013	addi	x0,x0,0	  x0:0x00000000
       13525000	      1351	80000e70	01e8d233	srl	x4,x17,x30	 x17:0x80009fc4 x30:0x00000000  x4=0x80009fc4
       13535000	      1352	80000e74	016a7633	and	x12,x20,x22	 x20:0x40000000 x22:0x00000000 x12=0x00000000
       13545000	      1353	80000e78	0252f463	bgeu	x5,x5,80000ea0	  x5:0xacbe0000  x5:0xacbe0000
       13555000	      1354	00000000	00000013	addi	x0,x0,0	  x0:0x00000000
       13565000	      1355	80000e9c	00000013	addi	x0,x0,0	  x0:0x00000000
       13575000	      1356	80000ea0	a83af593	andi	x11,x21,-1405	 x21:0x62e63000 x11=0x62e63000
       13585000	      1357	80000ea4	00fdfa63	bgeu	x27,x15,80000eb8	 x27:0x0000015a x15:0x00000000
       13595000	      1358	00000000	00000013	addi	x0,x0,0	  x0:0x00000000
       13605000	      1359	80000eb4	00000013	addi	x0,x0,0	  x0:0x00000000
       13615000	      1360	80000eb8	01f05a93	srli	x21,x0,0x1f	  x0:0x00000000 x21=0x00000000
       13625000	      1361	80000ebc	00000013	addi	x0,x0,0	  x0:0x00000000
       13635000	      1362	80000ec0	b8cb4d93	xori	x27,x22,-1140	 x22:0x00000000 x27=0xfffffb8c
       13645000	      1363	80000ec4	7fe02f13	slti	x30,x0,2046	  x0:0x00000000 x30=0x00000001
       13655000	      1364	80000ec8	44ca7393	andi	x7,x20,1100	 x20:0x40000000  x7=0x00000000
       13665000	      1365	80000ecc	012a0cb3	add	x25,x20,x18	 x20:0x40000000 x18:0x00000000 x25=0x40000000
       13675000	      1366	80000ed0	005d5e63	bge	x26,x5,80000eec	 x26:0x00000001  x5:0xacbe0000
       13685000	      1367	00000000	00000013	addi	x0,x0,0	  x0:0x00000000
       13695000	      1368	80000ee8	00000013	addi	x0,x0,0	  x0:0x00000000
       13705000	      1369	80000eec	41ae08b3	sub	x17,x28,x26	 x28:0x0000015b x26:0x00000001 x17=0x0000015a
       13715000	      1370	80000ef0	00f36bb3	or	x23,x6,x15	  x6:0xf03eb01f x15:0x00000000 x23=0xf03eb01f
       13725000	      1371	80000ef4	de14c493	xori	x9,x9,-543	  x9:0x00000000  x9=0xfffffde1
       13735000	      1372	80000ef8	404f8b33	sub	x22,x31,x4	 x31:0xc0004fc2  x4:0x80009fc4 x22=0x3fffaffe
       13745000	      1373	80000efc	019f7533	and	x10,x30,x25	 x30:0x00000001 x25:0x40000000 x10=0x00000000
       13755000	      1374	80000f00	647a0f13	addi	x30,x20,1607	 x20:0x40000000 x30=0x40000647
       13765000	      1375	80000f04	004defb3	or	x31,x27,x4	 x27:0xfffffb8c  x4:0x80009fc4 x31=0xffffffcc
       13775000	      1376	80000f08	135bc013	xori	x0,x23,309	 x23:0xf03eb01f
       13785000	      1377	80000f0c	a3aa3013	sltiu	x0,x20,-1478	 x20:0x40000000
       13795000	      1378	80000f10	007110b3	sll	x1,x2,x7	  x2:0x1b595f77  x7:0x00000000  x1=0x1b595f77
       13805000	      1379	80000f14	0066ee33	or	x28,x13,x6	 x13:0x00000000  x6:0xf03eb01f x28=0xf03eb01f
       13815000	      1380	80000f18	01f4eb13	ori	x22,x9,31	  x9:0xfffffde1 x22=0xfffffdff
       13825000	      1381	80000f1c	40ec5e33	sra	x28,x24,x14	 x24:0x00000000 x14:0xfffff2e9 x28=0x00000000
       13835000	      1382	80000f20	11a4c613	xori	x12,x9,282	  x9:0xfffffde1 x12=0xfffffcfb
       13845000	      1383	80000f24	05f8f393	andi	x7,x17,95	 x17:0x0000015a  x7=0x0000005a
       13855000	      1384	80000f28	9ef9f513	andi	x10,x19,-1553	 x19:0x80009fc4 x10=0x800099c4
       13865000	      1385	80000f2c	016d73b3	and	x7,x26,x22	 x26:0x00000001 x22:0xfffffdff  x7=0x00000001
       13875000	      1386	80000f30	6c997513	andi	x10,x18,1737	 x18:0x00000000 x10=0x00000000
       13885000	      1387	80000f34	415e8f33	sub	x30,x29,x21	 x29:0x00000000 x21:0x00000000 x30=0x00000000
       13895000	      1388	80000f38	01dc3833	sltu	x16,x24,x29	 x24:0x00000000 x29:0x00000000 x16=0x00000000
       13905000	      1389	80000f3c	00917a63	bgeu	x2,x9,80000f50	  x2:0x1b595f77  x9:0xfffffde1
       13915000	      1390	80000f40	3c5ecb93	xori	x23,x29,965	 x29:0x00000000 x23=0x000003c5
       13925000	      1391	80000f44	da134013	xori	x0,x6,-607	  x6:0xf03eb01f
       13935000	      1392	80000f48	0083c3b3	xor	x7,x7,x8	  x7:0x00000001  x8:0x80009f84  x7=0x80009f85
       13945000	      1393	80000f4c	01a95133	srl	x2,x18,x26	 x18:0x00000000 x26:0x00000001  x2=0x00000000
       13955000	      1394	80000f50	e56ff513	andi	x10,x31,-426	 x31:0xffffffcc x10=0xfffffe44
       13965000	      1395	80000f54	005d4133	xor	x2,x26,x5	 x26:0x00000001  x5:0xacbe0000  x2=0xacbe0001
       13975000	      1396	80000f58	fe896a13	ori	x20,x18,-24	 x18:0x00000000 x20=0xffffffe8
       13985000	      1397	80000f5c	00c69693	slli	x13,x13,0xc	 x13:0x00000000 x13=0x00000000
       13995000	      1398	80000f60	00000013	addi	x0,x0,0	  x0:0x00000000
       14005000	      1399	80000f64	0141ea63	bltu	x3,x20,80000f78	  x3:0x20e00000 x20:0xffffffe8
       14015000	      1400	00000000	00000013	addi	x0,x0,0	  x0:0x00000000
       14025000	      1401	80000f74	00000013	addi	x0,x0,0	  x0:0x00000000
       14035000	      1402	80000f78	41920133	sub	x2,x4,x25	  x4:0x80009fc4 x25:0x40000000  x2=0x40009fc4
       14045000	      1403	80000f7c	04055863	bge	x10,x0,80000fcc	 x10:0xfffffe44  x0:0x00000000
       14055000	      1404	80000f80	01f0f5b3	and	x11,x1,x31	  x1:0x1b595f77 x31:0xffffffcc x11=0x1b595f44
       14065000	      1405	80000f84	02546e63	bltu	x8,x5,80000fc0	  x8:0x80009f84  x5:0xacbe0000
       14075000	      1406	00000000	00000013	addi	x0,x0,0	  x0:0x00000000
       14085000	      1407	80000fbc	00000013	addi	x0,x0,0	  x0:0x00000000
       14095000	      1408	80000fc0	00ce1493	slli	x9,x28,0xc	 x28:0x00000000  x9=0x00000000
       14105000	      1409	80000fc4	00000013	addi	x0,x0,0	  x0:0x00000000
       14115000	      1410	80000fc8	7d443093	sltiu	x1,x8,2004	  x8:0x80009f84  x1=0x00000000
       14125000	      1411	80000fcc	01b38cb3	add	x25,x7,x27	  x7:0x80009f85 x27:0xfffffb8c x25=0x80009b11
       14135000	      1412	80000fd0	0200f863	bgeu	x1,x0,80001000	  x1:0x00000000  x0:0x00000000
       14145000	      1413	00000000	00000013	addi	x0,x0,0	  x0:0x00000000
       14155000	      1414	80000ffc	00000013	addi	x0,x0,0	  x0:0x00000000
       14165000	      1415	80001000	01b3e633	or	x12,x7,x27	  x7:0x80009f85 x27:0xfffffb8c x12=0xffffff8d
       14175000	      1416	80001004	e6ceba13	sltiu	x20,x29,-404	 x29:0x00000000 x20=0x00000001
       14185000	      1417	80001008	00477cb3	and	x25,x14,x4	 x14:0xfffff2e9  x4:0x80009fc4 x25=0x800092c0
       14195000	      1418	8000100c	5b654293	xori	x5,x10,1462	 x10:0xfffffe44  x5=0xfffffbf2
       14205000	      1419	80001010	009bd713	srli	x14,x23,0x9	 x23:0x000003c5 x14=0x00000001
       14215000	      1420	80001014	40e8dd33	sra	x26,x17,x14	 x17:0x0000015a x14:0x00000001 x26=0x000000ad
       14225000	      1421	80001018	41385ab3	sra	x21,x16,x19	 x16:0x00000000 x19:0x80009fc4 x21=0x00000000
       14235000	      1422	8000101c	01b34c63	blt	x6,x27,80001034	  x6:0xf03eb01f x27:0xfffffb8c
       14245000	      1423	00000000	00000013	addi	x0,x0,0	  x0:0x00000000
       14255000	      1424	80001030	00000013	addi	x0,x0,0	  x0:0x00000000
       14265000	      1425	80001034	004650b3	srl	x1,x12,x4	 x12:0xffffff8d  x4:0x80009fc4  x1=0x0ffffff8
       14275000	      1426	80001038	00000013	addi	x0,x0,0	  x0:0x00000000
       14285000	      1427	8000103c	00000013	addi	x0,x0,0	  x0:0x00000000
       14295000	      1428	80001040	406d0bb3	sub	x23,x26,x6	 x26:0x000000ad  x6:0xf03eb01f x23=0x0fc1508e
       14305000	      1429	80001044	0079cfb3	xor	x31,x19,x7	 x19:0x80009fc4  x7:0x80009f85 x31=0x00000041
       14315000	      1430	80001048	00cdbab3	sltu	x21,x27,x12	 x27:0xfffffb8c x12:0xffffff8d x21=0x00000001
       14325000	      1431	8000104c	009fc233	xor	x4,x31,x9	 x31:0x00000041  x9:0x00000000  x4=0x00000041
       14335000	      1432	80001050	312dbbb7	lui	x23,0x312db	 x23=0x312db000
       14345000	      1433	80001054	00599813	slli	x16,x19,0x5	 x19:0x80009fc4 x16=0x0013f880
       14355000	      1434	80001058	00fb2d33	slt	x26,x22,x15	 x22:0xfffffdff x15:0x00000000 x26=0x00000001
       14365000	      1435	8000105c	407cda33	sra	x20,x25,x7	 x25:0x800092c0  x7:0x80009f85 x20=0xfc000496
       14375000	      1436	80001060	a39d2d13	slti	x26,x26,-1479	 x26:0x00000001 x26=0x00000000
       14385000	      1437	80001064	834ff613	andi	x12,x31,-1996	 x31:0x00000041 x12=0x00000000
       14395000	      1438	80001068	000d1eb3	sll	x29,x26,x0	 x26:0x00000000  x0:0x00000000 x29=0x00000000
       14405000	      1439	8000106c	014e5463	bge	x28,x20,80001074	 x28:0x00000000 x20:0xfc000496
       14415000	      1440	00000000	00000013	addi	x0,x0,0	  x0:0x00000000
       14425000	      1441	80001070	00000013	addi	x0,x0,0	  x0:0x00000000
       14435000	      1442	80001074	e4118f93	addi	x31,x3,-447	  x3:0x20e00000 x31=0x20dffe41
       14445000	      1443	80001078	00000317	auipc	x6,0x0	  x6=0x80001074
       14455000	      1444	8000107c	00c30313	addi	x6,x6,12	  x6:0x80001074  x6=0x80001080
       14465000	      1445	80001080	00030067	jalr	x0,x6,0	  x6:0x80001080
       14475000	      1446	00000000	00000013	addi	x0,x0,0	  x0:0x00000000
       14485000	      1447	80001080	00000013	addi	x0,x0,0	  x0:0x00000000
       14495000	      1448	80001084	00100193	addi	x3,x0,1	  x0:0x00000000  x3=0x00000001
       14505000	      1449	80001088	00000073	ecall	
       14515000	      1450	8000108c	01ce6463	bltu	x28,x28,80001094	 x28:0x00000000 x28:0x00000000
