		Time			Cycle	PC		Insn	Decoded instruction	Register and memory contents
          65000	         5	80000004	00000293	addi	x5,x0,0	  x0:0x00000000  x5=0x00000000
          75000	         6	80000008	00000313	addi	x6,x0,0	  x0:0x00000000  x6=0x00000000
          85000	         7	8000000c	00628263	beq	x5,x6,80000010	  x5:0x00000000  x6:0x00000000
          95000	         8	00000000	00000013	addi	x0,x0,0	  x0:0x00000000
         105000	         9	8000000c	00000013	addi	x0,x0,0	  x0:0x00000000
         115000	        10	80000010	00000c97	auipc	x25,0x0	 x25=0x8000000c
         125000	        11	80000014	00cc8c93	addi	x25,x25,12	 x25:0x8000000c x25=0x80000018
         135000	        12	80000018	000c8067	jalr	x0,x25,0	 x25:0x80000018
         145000	        13	00000000	00000013	addi	x0,x0,0	  x0:0x00000000
         155000	        14	80000018	00000013	addi	x0,x0,0	  x0:0x00000000
         165000	        15	8000001c	40000a37	lui	x20,0x40000	 x20=0x40000000
         175000	        16	80000020	100a0a13	addi	x20,x20,256	 x20:0x40000000 x20=0x40000100
         185000	        17	80000024	00000013	addi	x0,x0,0	  x0:0x00000000
         195000	        18	80000028	0000ab17	auipc	x22,0xa	 x22=0x8000a024
         205000	        19	8000002c	fa0b0b13	addi	x22,x22,-96	 x22:0x8000a024 x22=0x80009fc4
         215000	        20	80000030	00003a17	auipc	x20,0x3	 x20=0x8000302c
         225000	        21	80000034	924a0a13	addi	x20,x20,-1756	 x20:0x8000302c x20=0x80002950
         235000	        22	80000038	001a6a13	ori	x20,x20,1	 x20:0x80002950 x20=0x80002951
         245000	        23	8000003c	00000013	addi	x0,x0,0	  x0:0x00000000
         255000	        24	80000040	00000a17	auipc	x20,0x0	 x20=0x8000003c
         265000	        25	80000044	020a0a13	addi	x20,x20,32	 x20:0x8000003c x20=0x8000005c
         275000	        26	80000048	00000013	addi	x0,x0,0	  x0:0x00000000
         285000	        27	8000004c	00000013	addi	x0,x0,0	  x0:0x00000000
         295000	        28	80000050	00002a37	lui	x20,0x2	 x20=0x00002000
         305000	        29	80000054	800a0a13	addi	x20,x20,-2048	 x20:0x00002000 x20=0x00001800
         315000	        30	80000058	00000013	addi	x0,x0,0	  x0:0x00000000
         325000	        31	8000005c	00000013	addi	x0,x0,0	  x0:0x00000000
         335000	        32	80000060	96b86037	lui	x0,0x96b86	
         345000	        33	80000064	5c400013	addi	x0,x0,1476	  x0:0x00000000
         355000	        34	80000068	800000b7	lui	x1,0x80000	  x1=0x80000000
         365000	        35	8000006c	00000113	addi	x2,x0,0	  x0:0x00000000  x2=0x00000000
         375000	        36	80000070	00000193	addi	x3,x0,0	  x0:0x00000000  x3=0x00000000
         385000	        37	80000074	00000213	addi	x4,x0,0	  x0:0x00000000  x4=0x00000000
         395000	        38	80000078	00600293	addi	x5,x0,6	  x0:0x00000000  x5=0x00000006
         405000	        39	8000007c	f622c337	lui	x6,0xf622c	  x6=0xf622c000
         415000	        40	80000080	2dc30313	addi	x6,x6,732	  x6:0xf622c000  x6=0xf622c2dc
         425000	        41	80000084	800003b7	lui	x7,0x80000	  x7=0x80000000
         435000	        42	80000088	00400413	addi	x8,x0,4	  x0:0x00000000  x8=0x00000004
         445000	        43	8000008c	00700493	addi	x9,x0,7	  x0:0x00000000  x9=0x00000007
         455000	        44	80000090	80000537	lui	x10,0x80000	 x10=0x80000000
         465000	        45	80000094	800005b7	lui	x11,0x80000	 x11=0x80000000
         475000	        46	80000098	80000637	lui	x12,0x80000	 x12=0x80000000
         485000	        47	8000009c	00e00693	addi	x13,x0,14	  x0:0x00000000 x13=0x0000000e
         495000	        48	800000a0	36a55737	lui	x14,0x36a55	 x14=0x36a55000
         505000	        49	800000a4	74870713	addi	x14,x14,1864	 x14:0x36a55000 x14=0x36a55748
         515000	        50	800000a8	fbdc77b7	lui	x15,0xfbdc7	 x15=0xfbdc7000
         525000	        51	800000ac	4f478793	addi	x15,x15,1268	 x15:0xfbdc7000 x15=0xfbdc74f4
         535000	        52	800000b0	ce478837	lui	x16,0xce478	 x16=0xce478000
         545000	        53	800000b4	fc480813	addi	x16,x16,-60	 x16:0xce478000 x16=0xce477fc4
         555000	        54	800000b8	5d6758b7	lui	x17,0x5d675	 x17=0x5d675000
         565000	        55	800000bc	9ee88893	addi	x17,x17,-1554	 x17:0x5d675000 x17=0x5d6749ee
         575000	        56	800000c0	4d164937	lui	x18,0x4d164	 x18=0x4d164000
         585000	        57	800000c4	da790913	addi	x18,x18,-601	 x18:0x4d164000 x18=0x4d163da7
         595000	        58	800000c8	800009b7	lui	x19,0x80000	 x19=0x80000000
         605000	        59	800000cc	b486da37	lui	x20,0xb486d	 x20=0xb486d000
         615000	        60	800000d0	928a0a13	addi	x20,x20,-1752	 x20:0xb486d000 x20=0xb486c928
         625000	        61	800000d4	f14c5ab7	lui	x21,0xf14c5	 x21=0xf14c5000
         635000	        62	800000d8	d8fa8a93	addi	x21,x21,-625	 x21:0xf14c5000 x21=0xf14c4d8f
         645000	        63	800000dc	f5fb2bb7	lui	x23,0xf5fb2	 x23=0xf5fb2000
         655000	        64	800000e0	da2b8b93	addi	x23,x23,-606	 x23:0xf5fb2000 x23=0xf5fb1da2
         665000	        65	800000e4	80000cb7	lui	x25,0x80000	 x25=0x80000000
         675000	        66	800000e8	fc6e5d37	lui	x26,0xfc6e5	 x26=0xfc6e5000
         685000	        67	800000ec	76cd0d13	addi	x26,x26,1900	 x26:0xfc6e5000 x26=0xfc6e576c
         695000	        68	800000f0	3e92edb7	lui	x27,0x3e92e	 x27=0x3e92e000
         705000	        69	800000f4	7ecd8d93	addi	x27,x27,2028	 x27:0x3e92e000 x27=0x3e92e7ec
         715000	        70	800000f8	00a00e13	addi	x28,x0,10	  x0:0x00000000 x28=0x0000000a
         725000	        71	800000fc	00000e93	addi	x29,x0,0	  x0:0x00000000 x29=0x00000000
         735000	        72	80000100	3bf8cf37	lui	x30,0x3bf8c	 x30=0x3bf8c000
         745000	        73	80000104	02df0f13	addi	x30,x30,45	 x30:0x3bf8c000 x30=0x3bf8c02d
         755000	        74	80000108	80000fb7	lui	x31,0x80000	 x31=0x80000000
         765000	        75	8000010c	0000ac17	auipc	x24,0xa	 x24=0x8000a108
         775000	        76	80000110	e7cc0c13	addi	x24,x24,-388	 x24:0x8000a108 x24=0x80009f84
         785000	        77	80000114	00008a97	auipc	x21,0x8	 x21=0x80008110
         795000	        78	80000118	514a8a93	addi	x21,x21,1300	 x21:0x80008110 x21=0x80008624
         805000	        79	8000011c	063a83a3	sb	x3,103(x21)	 x21:0x80008624  x3:0x00000000 PA:0x8000868b
         815000	        80	80000120	417c05b3	sub	x11,x24,x23	 x24:0x80009f84 x23:0xf5fb1da2 x11=0x8a0581e2
         825000	        81	80000124	00ce9d33	sll	x26,x29,x12	 x29:0x00000000 x12:0x80000000 x26=0x00000000
         835000	        82	80000128	4169d7b3	sra	x15,x19,x22	 x19:0x80000000 x22:0x80009fc4 x15=0xf8000000
         845000	        83	8000012c	f07ac983	lbu	x19,-249(x21)	 x21:0x80008624 x19=0x00000000 PA:0x8000852b
         855000	        84	80000130	030a8503	lb	x10,48(x21)	 x21:0x80008624 x10=0x00000000 PA:0x80008654
         865000	        85	80000134	01e4f7b3	and	x15,x9,x30	  x9:0x00000007 x30:0x3bf8c02d x15=0x00000005
         875000	        86	80000138	01e9af93	slti	x31,x19,30	 x19:0x00000000 x31=0x00000001
         885000	        87	8000013c	072a9603	lh	x12,114(x21)	 x21:0x80008624 x12=0x00000000 PA:0x80008696
         895000	        88	80000140	011c78b3	and	x17,x24,x17	 x24:0x80009f84 x17:0x5d6749ee x17=0x00000984
         905000	        89	80000144	0cead203	lhu	x4,206(x21)	 x21:0x80008624  x4=0x00000000 PA:0x800086f2
         915000	        90	80000148	f59acf03	lbu	x30,-167(x21)	 x21:0x80008624 x30=0x00000000 PA:0x8000857d
         925000	        91	8000014c	00000013	addi	x0,x0,0	  x0:0x00000000
         935000	        92	80000150	f12a8aa3	sb	x18,-235(x21)	 x21:0x80008624 x18:0x4d163da7 PA:0x80008539
         945000	        93	80000154	013116b3	sll	x13,x2,x19	  x2:0x00000000 x19:0x00000000 x13=0x00000000
         955000	        94	80000158	00ed2233	slt	x4,x26,x14	 x26:0x00000000 x14:0x36a55748  x4=0x00000001
         965000	        95	8000015c	01de7f33	and	x30,x28,x29	 x28:0x0000000a x29:0x00000000 x30=0x00000000
         975000	        96	80000160	00000013	addi	x0,x0,0	  x0:0x00000000
         985000	        97	80000164	001990b3	sll	x1,x19,x1	 x19:0x00000000  x1:0x80000000  x1=0x00000000
         995000	        98	80000168	09da8583	lb	x11,157(x21)	 x21:0x80008624 x11=0x00000000 PA:0x800086c1
        1005000	        99	8000016c	016a5413	srli	x8,x20,0x16	 x20:0xb486c928  x8=0x000002d2
        1015000	       100	80000170	01b79f13	slli	x30,x15,0x1b	 x15:0x00000005 x30=0x28000000
        1025000	       101	80000174	01587433	and	x8,x16,x21	 x16:0xce477fc4 x21:0x80008624  x8=0x80000604
        1035000	       102	80000178	f92a8b23	sb	x18,-106(x21)	 x21:0x80008624 x18:0x4d163da7 PA:0x800085ba
        1045000	       103	8000017c	01215f93	srli	x31,x2,0x12	  x2:0x00000000 x31=0x00000000
        1055000	       104	80000180	017a5b93	srli	x23,x20,0x17	 x20:0xb486c928 x23=0x00000169
        1065000	       105	80000184	3579c893	xori	x17,x19,855	 x19:0x00000000 x17=0x00000357
        1075000	       106	80000188	fb5a8483	lb	x9,-75(x21)	 x21:0x80008624  x9=0x00000000 PA:0x800085d9
        1085000	       107	8000018c	f95b7d93	andi	x27,x22,-107	 x22:0x80009fc4 x27=0x80009f84
        1095000	       108	80000190	082ac603	lbu	x12,130(x21)	 x21:0x80008624 x12=0x00000000 PA:0x800086a6
        1105000	       109	80000194	f97ac003	lbu	x0,-105(x21)	 x21:0x80008624 PA:0x800085bb
        1115000	       110	80000198	011d5db3	srl	x27,x26,x17	 x26:0x00000000 x17:0x00000357 x27=0x00000000
        1125000	       111	8000019c	01a36e33	or	x28,x6,x26	  x6:0xf622c2dc x26:0x00000000 x28=0xf622c2dc
        1135000	       112	800001a0	01bf5bb3	srl	x23,x30,x27	 x30:0x28000000 x27:0x00000000 x23=0x28000000
        1145000	       113	800001a4	f66f7513	andi	x10,x30,-154	 x30:0x28000000 x10=0x28000000
        1155000	       114	800001a8	098a8303	lb	x6,152(x21)	 x21:0x80008624  x6=0x00000000 PA:0x800086bc
        1165000	       115	800001ac	00009b97	auipc	x23,0x9	 x23=0x800091a8
        1175000	       116	800001b0	c47b8b93	addi	x23,x23,-953	 x23:0x800091a8 x23=0x80008def
        1185000	       117	800001b4	00009e97	auipc	x29,0x9	 x29=0x800091b0
        1195000	       118	800001b8	9e6e8e93	addi	x29,x29,-1562	 x29:0x800091b0 x29=0x80008b96
        1205000	       119	800001bc	0cfbc883	lbu	x17,207(x23)	 x23:0x80008def x17=0x00000000 PA:0x80008ebe
        1215000	       120	800001c0	00009f97	auipc	x31,0x9	 x31=0x800091bc
        1225000	       121	800001c4	a3ef8f93	addi	x31,x31,-1474	 x31:0x800091bc x31=0x80008bfa
        1235000	       122	800001c8	004e8183	lb	x3,4(x29)	 x29:0x80008b96  x3=0x00000000 PA:0x80008b9a
        1245000	       123	800001cc	dabbd103	lhu	x2,-597(x23)	 x23:0x80008def  x2=0x00000000 PA:0x80008b9a
        1255000	       124	800001d0	f7fb8503	lb	x10,-129(x23)	 x23:0x80008def x10=0x00000000 PA:0x80008d6e
        1265000	       125	800001d4	083fc183	lbu	x3,131(x31)	 x31:0x80008bfa  x3=0x00000000 PA:0x80008c7d
        1275000	       126	800001d8	dffbdd03	lhu	x26,-513(x23)	 x23:0x80008def x26=0x00000000 PA:0x80008bee
        1285000	       127	800001dc	00009f17	auipc	x30,0x9	 x30=0x800091d8
        1295000	       128	800001e0	b94f0f13	addi	x30,x30,-1132	 x30:0x800091d8 x30=0x80008d6c
        1305000	       129	800001e4	bdbb9fa3	sh	x27,-1057(x23)	 x23:0x80008def x27:0x00000000 PA:0x800089ce
        1315000	       130	800001e8	00fe86a3	sb	x15,13(x29)	 x29:0x80008b96 x15:0x00000005 PA:0x80008ba3
        1325000	       131	800001ec	ff8e9783	lh	x15,-8(x29)	 x29:0x80008b96 x15=0x00000000 PA:0x80008b8e
        1335000	       132	800001f0	dbdf8e23	sb	x29,-580(x31)	 x31:0x80008bfa x29:0x80008b96 PA:0x800089b6
        1345000	       133	800001f4	031f0703	lb	x14,49(x30)	 x30:0x80008d6c x14=0x00000000 PA:0x80008d9d
        1355000	       134	800001f8	ff3ec603	lbu	x12,-13(x29)	 x29:0x80008b96 x12=0x00000000 PA:0x80008b89
        1365000	       135	800001fc	010ed883	lhu	x17,16(x29)	 x29:0x80008b96 x17=0x00000000 PA:0x80008ba6
        1375000	       136	80000200	e01f8603	lb	x12,-511(x31)	 x31:0x80008bfa x12=0x00000000 PA:0x800089fb
        1385000	       137	80000204	006f07a3	sb	x6,15(x30)	 x30:0x80008d6c  x6:0x00000000 PA:0x80008d7b
        1395000	       138	80000208	ff1ec703	lbu	x14,-15(x29)	 x29:0x80008b96 x14=0x00000000 PA:0x80008b87
        1405000	       139	8000020c	1cfb9003	lh	x0,463(x23)	 x23:0x80008def PA:0x80008fbe
        1415000	       140	80000210	003e8383	lb	x7,3(x29)	 x29:0x80008b96  x7=0x00000000 PA:0x80008b99
        1425000	       141	80000214	ffce9c23	sh	x28,-8(x29)	 x29:0x80008b96 x28:0xf622c2dc PA:0x80008b8e
        1435000	       142	80000218	029f0823	sb	x9,48(x30)	 x30:0x80008d6c  x9:0x00000000 PA:0x80008d9c
        1445000	       143	8000021c	003ec903	lbu	x18,3(x29)	 x29:0x80008b96 x18=0x00000000 PA:0x80008b99
        1455000	       144	80000220	fccfd703	lhu	x14,-52(x31)	 x31:0x80008bfa x14=0x00000000 PA:0x80008bc6
        1465000	       145	80000224	028f5703	lhu	x14,40(x30)	 x30:0x80008d6c x14=0x00000000 PA:0x80008d94
        1475000	       146	80000228	e8dfad23	sw	x13,-358(x31)	 x31:0x80008bfa x13:0x00000000 PA:0x80008a94
        1485000	       147	8000022c	3cdf86a3	sb	x13,973(x31)	 x31:0x80008bfa x13:0x00000000 PA:0x80008fc7
        1495000	       148	80000230	fc6f0283	lb	x5,-58(x30)	 x30:0x80008d6c  x5=0x00000000 PA:0x80008d32
        1505000	       149	80000234	004e9103	lh	x2,4(x29)	 x29:0x80008b96  x2=0x00000000 PA:0x80008b9a
        1515000	       150	80000238	ca7fc903	lbu	x18,-857(x31)	 x31:0x80008bfa x18=0x00000000 PA:0x800088a1
        1525000	       151	8000023c	015bc303	lbu	x6,21(x23)	 x23:0x80008def  x6=0x00000000 PA:0x80008e04
        1535000	       152	80000240	fd3f4783	lbu	x15,-45(x30)	 x30:0x80008d6c x15=0x00000000 PA:0x80008d3f
        1545000	       153	80000244	cfbb8923	sb	x27,-782(x23)	 x23:0x80008def x27:0x00000000 PA:0x80008ae1
        1555000	       154	80000248	fc0f4383	lbu	x7,-64(x30)	 x30:0x80008d6c  x7=0x00000000 PA:0x80008d2c
        1565000	       155	8000024c	00008a17	auipc	x20,0x8	 x20=0x80008248
        1575000	       156	80000250	4b7a0a13	addi	x20,x20,1207	 x20:0x80008248 x20=0x800086ff
        1585000	       157	80000254	feda2ca3	sw	x13,-7(x20)	 x20:0x800086ff x13:0x00000000 PA:0x800086f8
        1595000	       158	80000258	ff9a2f03	lw	x30,-7(x20)	 x20:0x800086ff x30=0x00000000 PA:0x800086f8
        1605000	       159	8000025c	004a4003	lbu	x0,4(x20)	 x20:0x800086ff PA:0x80008703
        1615000	       160	80000260	00ba0223	sb	x11,4(x20)	 x20:0x800086ff x11:0x00000000 PA:0x80008703
        1625000	       161	80000264	013a0623	sb	x19,12(x20)	 x20:0x800086ff x19:0x00000000 PA:0x8000870b
        1635000	       162	80000268	009a0623	sb	x9,12(x20)	 x20:0x800086ff  x9:0x00000000 PA:0x8000870b
        1645000	       163	8000026c	00da5233	srl	x4,x20,x13	 x20:0x800086ff x13:0x00000000  x4=0x800086ff
        1655000	       164	80000270	00ca4783	lbu	x15,12(x20)	 x20:0x800086ff x15=0x00000000 PA:0x8000870b
        1665000	       165	80000274	00ca4983	lbu	x19,12(x20)	 x20:0x800086ff x19=0x00000000 PA:0x8000870b
        1675000	       166	80000278	fffa4503	lbu	x10,-1(x20)	 x20:0x800086ff x10=0x00000000 PA:0x800086fe
        1685000	       167	8000027c	007a4383	lbu	x7,7(x20)	 x20:0x800086ff  x7=0x00000000 PA:0x80008706
        1695000	       168	80000280	0030e4b3	or	x9,x1,x3	  x1:0x00000000  x3:0x00000000  x9=0x00000000
        1705000	       169	80000284	003a13a3	sh	x3,7(x20)	 x20:0x800086ff  x3:0x00000000 PA:0x80008706
        1715000	       170	80000288	00b64bb3	xor	x23,x12,x11	 x12:0x00000000 x11:0x00000000 x23=0x00000000
        1725000	       171	8000028c	01ca13a3	sh	x28,7(x20)	 x20:0x800086ff x28:0xf622c2dc PA:0x80008706
        1735000	       172	80000290	41c109b3	sub	x19,x2,x28	  x2:0x00000000 x28:0xf622c2dc x19=0x09dd3d24
        1745000	       173	80000294	007a4703	lbu	x14,7(x20)	 x20:0x800086ff x14=0x000000dc PA:0x80008706
        1755000	       174	80000298	ffea0b83	lb	x23,-2(x20)	 x20:0x800086ff x23=0x00000000 PA:0x800086fd
        1765000	       175	8000029c	fe6a0f23	sb	x6,-2(x20)	 x20:0x800086ff  x6:0x00000000 PA:0x800086fd
        1775000	       176	800002a0	ff7a0f23	sb	x23,-2(x20)	 x20:0x800086ff x23:0x00000000 PA:0x800086fd
        1785000	       177	800002a4	008a4783	lbu	x15,8(x20)	 x20:0x800086ff x15=0x000000c2 PA:0x80008707
        1795000	       178	800002a8	00718833	add	x16,x3,x7	  x3:0x00000000  x7:0x00000000 x16=0x00000000
        1805000	       179	800002ac	00ba1203	lh	x4,11(x20)	 x20:0x800086ff  x4=0x00000000 PA:0x8000870a
        1815000	       180	800002b0	00ba5403	lhu	x8,11(x20)	 x20:0x800086ff  x8=0x00000000 PA:0x8000870a
        1825000	       181	800002b4	01a35d93	srli	x27,x6,0x1a	  x6:0x00000000 x27=0x00000000
        1835000	       182	800002b8	011a15a3	sh	x17,11(x20)	 x20:0x800086ff x17:0x00000000 PA:0x8000870a
        1845000	       183	800002bc	299652b7	lui	x5,0x29965	  x5=0x29965000
        1855000	       184	800002c0	ad208193	addi	x3,x1,-1326	  x1:0x00000000  x3=0xfffffad2
        1865000	       185	800002c4	00bb49b3	xor	x19,x22,x11	 x22:0x80009fc4 x11:0x00000000 x19=0x80009fc4
        1875000	       186	800002c8	f7decd13	xori	x26,x29,-131	 x29:0x80008b96 x26=0x7fff74eb
        1885000	       187	800002cc	83387613	andi	x12,x16,-1997	 x16:0x00000000 x12=0x00000000
        1895000	       188	800002d0	0263c463	blt	x7,x6,800002f8	  x7:0x00000000  x6:0x00000000
        1905000	       189	800002d4	01a59db3	sll	x27,x11,x26	 x11:0x00000000 x26:0x7fff74eb x27=0x00000000
        1915000	       190	800002d8	0159b633	sltu	x12,x19,x21	 x19:0x80009fc4 x21:0x80008624 x12=0x00000000
        1925000	       191	800002dc	015b7fb3	and	x31,x22,x21	 x22:0x80009fc4 x21:0x80008624 x31=0x80008604
        1935000	       192	800002e0	0149a833	slt	x16,x19,x20	 x19:0x80009fc4 x20:0x800086ff x16=0x00000000
        1945000	       193	800002e4	00c81193	slli	x3,x16,0xc	 x16:0x00000000  x3=0x00000000
        1955000	       194	800002e8	00910463	beq	x2,x9,800002f0	  x2:0x00000000  x9:0x00000000
        1965000	       195	00000000	00000013	addi	x0,x0,0	  x0:0x00000000
        1975000	       196	800002ec	00000013	addi	x0,x0,0	  x0:0x00000000
        1985000	       197	800002f0	ace9bb93	sltiu	x23,x19,-1330	 x19:0x80009fc4 x23=0x00000001
        1995000	       198	800002f4	7ab30013	addi	x0,x6,1963	  x6:0x00000000
        2005000	       199	800002f8	007bbfb3	sltu	x31,x23,x7	 x23:0x00000001  x7:0x00000000 x31=0x00000000
        2015000	       200	800002fc	06649263	bne	x9,x6,80000360	  x9:0x00000000  x6:0x00000000
        2025000	       201	80000300	0104e033	or	x0,x9,x16	  x9:0x00000000 x16:0x00000000
        2035000	       202	80000304	f145ad93	slti	x27,x11,-236	 x11:0x00000000 x27=0x00000000
        2045000	       203	80000308	419951b3	sra	x3,x18,x25	 x18:0x00000000 x25:0x80000000  x3=0x00000000
        2055000	       204	8000030c	075b6063	bltu	x22,x21,8000036c	 x22:0x80009fc4 x21:0x80008624
        2065000	       205	80000310	046fad93	slti	x27,x31,70	 x31:0x00000000 x27=0x00000001
        2075000	       206	80000314	01c8e463	bltu	x17,x28,8000031c	 x17:0x00000000 x28:0xf622c2dc
        2085000	       207	00000000	00000013	addi	x0,x0,0	  x0:0x00000000
        2095000	       208	80000318	00000013	addi	x0,x0,0	  x0:0x00000000
        2105000	       209	8000031c	040b9e63	bne	x23,x0,80000378	 x23:0x00000001  x0:0x00000000
        2115000	       210	00000000	00000013	addi	x0,x0,0	  x0:0x00000000
        2125000	       211	80000374	00000013	addi	x0,x0,0	  x0:0x00000000
        2135000	       212	80000378	00900db3	add	x27,x0,x9	  x0:0x00000000  x9:0x00000000 x27=0x00000000
        2145000	       213	8000037c	41630633	sub	x12,x6,x22	  x6:0x00000000 x22:0x80009fc4 x12=0x7fff603c
        2155000	       214	80000380	038b5a63	bge	x22,x24,800003b4	 x22:0x80009fc4 x24:0x80009f84
        2165000	       215	00000000	00000013	addi	x0,x0,0	  x0:0x00000000
        2175000	       216	800003b0	00000013	addi	x0,x0,0	  x0:0x00000000
        2185000	       217	800003b4	00f6e6b3	or	x13,x13,x15	 x13:0x00000000 x15:0x000000c2 x13=0x000000c2
        2195000	       218	800003b8	00639613	slli	x12,x7,0x6	  x7:0x00000000 x12=0x00000000
        2205000	       219	800003bc	019746b3	xor	x13,x14,x25	 x14:0x000000dc x25:0x80000000 x13=0x800000dc
        2215000	       220	800003c0	415bdb93	srai	x23,x23,0x15	 x23:0x00000001 x23=0x00000000
        2225000	       221	800003c4	01ca44b3	xor	x9,x20,x28	 x20:0x800086ff x28:0xf622c2dc  x9=0x76224423
        2235000	       222	800003c8	a93fff97	auipc	x31,0xa93ff	 x31=0x293ff3c4
        2245000	       223	800003cc	00b736b3	sltu	x13,x14,x11	 x14:0x000000dc x11:0x00000000 x13=0x00000000
        2255000	       224	800003d0	03f7f663	bgeu	x15,x31,800003fc	 x15:0x000000c2 x31:0x293ff3c4
        2265000	       225	800003d4	002d1fb3	sll	x31,x26,x2	 x26:0x7fff74eb  x2:0x00000000 x31=0x7fff74eb
        2275000	       226	800003d8	934448b7	lui	x17,0x93444	 x17=0x93444000
        2285000	       227	800003dc	0778d463	bge	x17,x23,80000444	 x17:0x93444000 x23:0x00000000
        2295000	       228	800003e0	ffb61d37	lui	x26,0xffb61	 x26=0xffb61000
        2305000	       229	800003e4	a9556913	ori	x18,x10,-1387	 x10:0x00000000 x18=0xfffffa95
        2315000	       230	800003e8	059c1a63	bne	x24,x25,8000043c	 x24:0x80009f84 x25:0x80000000
        2325000	       231	00000000	00000013	addi	x0,x0,0	  x0:0x00000000
        2335000	       232	80000438	00000013	addi	x0,x0,0	  x0:0x00000000
        2345000	       233	8000043c	d7e3c813	xori	x16,x7,-642	  x7:0x00000000 x16=0xfffffd7e
        2355000	       234	80000440	0043c533	xor	x10,x7,x4	  x7:0x00000000  x4:0x00000000 x10=0x00000000
        2365000	       235	80000444	00b23f33	sltu	x30,x4,x11	  x4:0x00000000 x11:0x00000000 x30=0x00000000
        2375000	       236	80000448	01faf833	and	x16,x21,x31	 x21:0x80008624 x31:0x7fff74eb x16=0x00000420
        2385000	       237	8000044c	0164f533	and	x10,x9,x22	  x9:0x76224423 x22:0x80009fc4 x10=0x00000400
        2395000	       238	80000450	41af87b3	sub	x15,x31,x26	 x31:0x7fff74eb x26:0xffb61000 x15=0x804964eb
        2405000	       239	80000454	0092a3b3	slt	x7,x5,x9	  x5:0x29965000  x9:0x76224423  x7=0x00000001
        2415000	       240	80000458	76b2bb93	sltiu	x23,x5,1899	  x5:0x29965000 x23=0x00000000
        2425000	       241	8000045c	00000013	addi	x0,x0,0	  x0:0x00000000
        2435000	       242	80000460	4187dd13	srai	x26,x15,0x18	 x15:0x804964eb x26=0xffffff80
        2445000	       243	80000464	01670833	add	x16,x14,x22	 x14:0x000000dc x22:0x80009fc4 x16=0x8000a0a0
        2455000	       244	80000468	783b3613	sltiu	x12,x22,1923	 x22:0x80009fc4 x12=0x00000000
        2465000	       245	8000046c	410558b3	sra	x17,x10,x16	 x10:0x00000400 x16:0x8000a0a0 x17=0x00000400
        2475000	       246	80000470	0088ec63	bltu	x17,x8,80000488	 x17:0x00000400  x8:0x00000000
        2485000	       247	80000474	50466917	auipc	x18,0x50466	 x18=0xd0466470
        2495000	       248	80000478	030b6513	ori	x10,x22,48	 x22:0x80009fc4 x10=0x80009ff4
        2505000	       249	8000047c	01d0cbb3	xor	x23,x1,x29	  x1:0x00000000 x29:0x80008b96 x23=0x80008b96
        2515000	       250	80000480	c74275b7	lui	x11,0xc7427	 x11=0xc7427000
        2525000	       251	80000484	41608a33	sub	x20,x1,x22	  x1:0x00000000 x22:0x80009fc4 x20=0x7fff603c
        2535000	       252	80000488	01a40233	add	x4,x8,x26	  x8:0x00000000 x26:0xffffff80  x4=0xffffff80
        2545000	       253	8000048c	0070f033	and	x0,x1,x7	  x1:0x00000000  x7:0x00000001
        2555000	       254	80000490	41528f33	sub	x30,x5,x21	  x5:0x29965000 x21:0x80008624 x30=0xa995c9dc
        2565000	       255	80000494	00c09e93	slli	x29,x1,0xc	  x1:0x00000000 x29=0x00000000
        2575000	       256	80000498	00d59e63	bne	x11,x13,800004b4	 x11:0xc7427000 x13:0x00000000
        2585000	       257	00000000	00000013	addi	x0,x0,0	  x0:0x00000000
        2595000	       258	800004b0	00000013	addi	x0,x0,0	  x0:0x00000000
        2605000	       259	800004b4	b6e1b213	sltiu	x4,x3,-1170	  x3:0x00000000  x4=0x00000001
        2615000	       260	800004b8	054d1663	bne	x26,x20,80000504	 x26:0xffffff80 x20:0x7fff603c
        2625000	       261	00000000	00000013	addi	x0,x0,0	  x0:0x00000000
        2635000	       262	80000500	00000013	addi	x0,x0,0	  x0:0x00000000
        2645000	       263	80000504	03570663	beq	x14,x21,80000530	 x14:0x000000dc x21:0x80008624
        2655000	       264	80000508	010acdb3	xor	x27,x21,x16	 x21:0x80008624 x16:0x8000a0a0 x27=0x00002684
        2665000	       265	8000050c	02f34263	blt	x6,x15,80000530	  x6:0x00000000 x15:0x804964eb
        2675000	       266	80000510	00322333	slt	x6,x4,x3	  x4:0x00000001  x3:0x00000000  x6=0x00000000
        2685000	       267	80000514	02bdfb93	andi	x23,x27,43	 x27:0x00002684 x23=0x00000000
        2695000	       268	80000518	015cfc63	bgeu	x25,x21,80000530	 x25:0x80000000 x21:0x80008624
        2705000	       269	8000051c	005f6433	or	x8,x30,x5	 x30:0xa995c9dc  x5:0x29965000  x8=0xa997d9dc
        2715000	       270	80000520	4155d1b3	sra	x3,x11,x21	 x11:0xc7427000 x21:0x80008624  x3=0xfc742700
        2725000	       271	80000524	6e91e393	ori	x7,x3,1769	  x3:0xfc742700  x7=0xfc7427e9
        2735000	       272	80000528	01115463	bge	x2,x17,80000530	  x2:0x00000000 x17:0x00000400
        2745000	       273	8000052c	00c6a233	slt	x4,x13,x12	 x13:0x00000000 x12:0x00000000  x4=0x00000000
        2755000	       274	80000530	01b9afb3	slt	x31,x19,x27	 x19:0x80009fc4 x27:0x00002684 x31=0x00000001
        2765000	       275	80000534	00000c97	auipc	x25,0x0	 x25=0x80000530
        2775000	       276	80000538	00cc8c93	addi	x25,x25,12	 x25:0x80000530 x25=0x8000053c
        2785000	       277	8000053c	000c8067	jalr	x0,x25,0	 x25:0x8000053c
        2795000	       278	00000000	00000013	addi	x0,x0,0	  x0:0x00000000
        2805000	       279	8000053c	00000013	addi	x0,x0,0	  x0:0x00000000
        2815000	       280	80000540	00100193	addi	x3,x0,1	  x0:0x00000000  x3=0x00000001
        2825000	       281	80000544	00000073	ecall	
        2835000	       282	80000548	ee91e493	ori	x9,x3,-279	  x3:0x00000001  x9=0xfffffee9
