		Time			Cycle	PC		Insn	Decoded instruction	Register and memory contents
          65000	         5	80000004	00000293	addi	x5,x0,0	  x0:0x00000000  x5=0x00000000
          75000	         6	80000008	00000313	addi	x6,x0,0	  x0:0x00000000  x6=0x00000000
          85000	         7	8000000c	00628263	beq	x5,x6,80000010	  x5:0x00000000  x6:0x00000000
          95000	         8	00000000	00000013	addi	x0,x0,0	  x0:0x00000000
         105000	         9	8000000c	00000013	addi	x0,x0,0	  x0:0x00000000
         115000	        10	80000010	00000b97	auipc	x23,0x0	 x23=0x8000000c
         125000	        11	80000014	00cb8b93	addi	x23,x23,12	 x23:0x8000000c x23=0x80000018
         135000	        12	80000018	000b8067	jalr	x0,x23,0	 x23:0x80000018
         145000	        13	00000000	00000013	addi	x0,x0,0	  x0:0x00000000
         155000	        14	80000018	00000013	addi	x0,x0,0	  x0:0x00000000
         165000	        15	8000001c	400002b7	lui	x5,0x40000	  x5=0x40000000
         175000	        16	80000020	10028293	addi	x5,x5,256	  x5:0x40000000  x5=0x40000100
         185000	        17	80000024	00000013	addi	x0,x0,0	  x0:0x00000000
         195000	        18	80000028	0000a497	auipc	x9,0xa	  x9=0x8000a024
         205000	        19	8000002c	fa048493	addi	x9,x9,-96	  x9:0x8000a024  x9=0x80009fc4
         215000	        20	80000030	00002297	auipc	x5,0x2	  x5=0x8000202c
         225000	        21	80000034	73428293	addi	x5,x5,1844	  x5:0x8000202c  x5=0x80002760
         235000	        22	80000038	0012e293	ori	x5,x5,1	  x5:0x80002760  x5=0x80002761
         245000	        23	8000003c	00000013	addi	x0,x0,0	  x0:0x00000000
         255000	        24	80000040	00000297	auipc	x5,0x0	  x5=0x8000003c
         265000	        25	80000044	02028293	addi	x5,x5,32	  x5:0x8000003c  x5=0x8000005c
         275000	        26	80000048	00000013	addi	x0,x0,0	  x0:0x00000000
         285000	        27	8000004c	00000013	addi	x0,x0,0	  x0:0x00000000
         295000	        28	80000050	000022b7	lui	x5,0x2	  x5=0x00002000
         305000	        29	80000054	80028293	addi	x5,x5,-2048	  x5:0x00002000  x5=0x00001800
         315000	        30	80000058	00000013	addi	x0,x0,0	  x0:0x00000000
         325000	        31	8000005c	00000013	addi	x0,x0,0	  x0:0x00000000
         335000	        32	80000060	00000013	addi	x0,x0,0	  x0:0x00000000
         345000	        33	80000064	00000093	addi	x1,x0,0	  x0:0x00000000  x1=0x00000000
         355000	        34	80000068	95faf137	lui	x2,0x95faf	  x2=0x95faf000
         365000	        35	8000006c	81d10113	addi	x2,x2,-2019	  x2:0x95faf000  x2=0x95fae81d
         375000	        36	80000070	fd4181b7	lui	x3,0xfd418	  x3=0xfd418000
         385000	        37	80000074	a1918193	addi	x3,x3,-1511	  x3:0xfd418000  x3=0xfd417a19
         395000	        38	80000078	00000213	addi	x4,x0,0	  x0:0x00000000  x4=0x00000000
         405000	        39	8000007c	9d9bd2b7	lui	x5,0x9d9bd	  x5=0x9d9bd000
         415000	        40	80000080	f3728293	addi	x5,x5,-201	  x5:0x9d9bd000  x5=0x9d9bcf37
         425000	        41	80000084	80000337	lui	x6,0x80000	  x6=0x80000000
         435000	        42	80000088	00600393	addi	x7,x0,6	  x0:0x00000000  x7=0x00000006
         445000	        43	8000008c	6ab51437	lui	x8,0x6ab51	  x8=0x6ab51000
         455000	        44	80000090	73440413	addi	x8,x8,1844	  x8:0x6ab51000  x8=0x6ab51734
         465000	        45	80000094	7d824537	lui	x10,0x7d824	 x10=0x7d824000
         475000	        46	80000098	67c50513	addi	x10,x10,1660	 x10:0x7d824000 x10=0x7d82467c
         485000	        47	8000009c	00500593	addi	x11,x0,5	  x0:0x00000000 x11=0x00000005
         495000	        48	800000a0	80000637	lui	x12,0x80000	 x12=0x80000000
         505000	        49	800000a4	800006b7	lui	x13,0x80000	 x13=0x80000000
         515000	        50	800000a8	91bf5737	lui	x14,0x91bf5	 x14=0x91bf5000
         525000	        51	800000ac	b7e70713	addi	x14,x14,-1154	 x14:0x91bf5000 x14=0x91bf4b7e
         535000	        52	800000b0	f99487b7	lui	x15,0xf9948	 x15=0xf9948000
         545000	        53	800000b4	ab378793	addi	x15,x15,-1357	 x15:0xf9948000 x15=0xf9947ab3
         555000	        54	800000b8	80000837	lui	x16,0x80000	 x16=0x80000000
         565000	        55	800000bc	00600893	addi	x17,x0,6	  x0:0x00000000 x17=0x00000006
         575000	        56	800000c0	00500913	addi	x18,x0,5	  x0:0x00000000 x18=0x00000005
         585000	        57	800000c4	00000993	addi	x19,x0,0	  x0:0x00000000 x19=0x00000000
         595000	        58	800000c8	f3951a37	lui	x20,0xf3951	 x20=0xf3951000
         605000	        59	800000cc	83ea0a13	addi	x20,x20,-1986	 x20:0xf3951000 x20=0xf395083e
         615000	        60	800000d0	00000a93	addi	x21,x0,0	  x0:0x00000000 x21=0x00000000
         625000	        61	800000d4	f3a55b37	lui	x22,0xf3a55	 x22=0xf3a55000
         635000	        62	800000d8	0f5b0b13	addi	x22,x22,245	 x22:0xf3a55000 x22=0xf3a550f5
         645000	        63	800000dc	80000bb7	lui	x23,0x80000	 x23=0x80000000
         655000	        64	800000e0	00000c13	addi	x24,x0,0	  x0:0x00000000 x24=0x00000000
         665000	        65	800000e4	174ced37	lui	x26,0x174ce	 x26=0x174ce000
         675000	        66	800000e8	f72d0d13	addi	x26,x26,-142	 x26:0x174ce000 x26=0x174cdf72
         685000	        67	800000ec	f6860db7	lui	x27,0xf6860	 x27=0xf6860000
         695000	        68	800000f0	5d3d8d93	addi	x27,x27,1491	 x27:0xf6860000 x27=0xf68605d3
         705000	        69	800000f4	00000e13	addi	x28,x0,0	  x0:0x00000000 x28=0x00000000
         715000	        70	800000f8	00000e93	addi	x29,x0,0	  x0:0x00000000 x29=0x00000000
         725000	        71	800000fc	fa0b3f37	lui	x30,0xfa0b3	 x30=0xfa0b3000
         735000	        72	80000100	e14f0f13	addi	x30,x30,-492	 x30:0xfa0b3000 x30=0xfa0b2e14
         745000	        73	80000104	16c35fb7	lui	x31,0x16c35	 x31=0x16c35000
         755000	        74	80000108	290f8f93	addi	x31,x31,656	 x31:0x16c35000 x31=0x16c35290
         765000	        75	8000010c	0000ac97	auipc	x25,0xa	 x25=0x8000a108
         775000	        76	80000110	e7cc8c93	addi	x25,x25,-388	 x25:0x8000a108 x25=0x80009f84
         785000	        77	80000114	00008117	auipc	x2,0x8	  x2=0x80008110
         795000	        78	80000118	62410113	addi	x2,x2,1572	  x2:0x80008110  x2=0x80008734
         805000	        79	8000011c	f2314303	lbu	x6,-221(x2)	  x2:0x80008734  x6=0x00000000 PA:0x80008657
         815000	        80	80000120	01b7c933	xor	x18,x15,x27	 x15:0xf9947ab3 x27:0xf68605d3 x18=0x0f127f60
         825000	        81	80000124	08012503	lw	x10,128(x2)	  x2:0x80008734 x10=0x00000000 PA:0x800087b4
         835000	        82	80000128	09611023	sh	x22,128(x2)	  x2:0x80008734 x22:0xf3a550f5 PA:0x800087b4
         845000	        83	8000012c	09b11023	sh	x27,128(x2)	  x2:0x80008734 x27:0xf68605d3 PA:0x800087b4
         855000	        84	80000130	ffa14583	lbu	x11,-6(x2)	  x2:0x80008734 x11=0x00000000 PA:0x8000872e
         865000	        85	80000134	02410d23	sb	x4,58(x2)	  x2:0x80008734  x4:0x00000000 PA:0x8000876e
         875000	        86	80000138	01cfe3b3	or	x7,x31,x28	 x31:0x16c35290 x28:0x00000000  x7=0x16c35290
         885000	        87	8000013c	ffc12e83	lw	x29,-4(x2)	  x2:0x80008734 x29=0x00000000 PA:0x80008730
         895000	        88	80000140	00000013	addi	x0,x0,0	  x0:0x00000000
         905000	        89	80000144	0a910f03	lb	x30,169(x2)	  x2:0x80008734 x30=0x00000000 PA:0x800087dd
         915000	        90	80000148	0a910703	lb	x14,169(x2)	  x2:0x80008734 x14=0x00000000 PA:0x800087dd
         925000	        91	8000014c	0a914e03	lbu	x28,169(x2)	  x2:0x80008734 x28=0x00000000 PA:0x800087dd
         935000	        92	80000150	4f453893	sltiu	x17,x10,1268	 x10:0x00000000 x17=0x00000001
         945000	        93	80000154	0a914083	lbu	x1,169(x2)	  x2:0x80008734  x1=0x00000000 PA:0x800087dd
         955000	        94	80000158	81c9fd93	andi	x27,x19,-2020	 x19:0x00000000 x27=0x00000000
         965000	        95	8000015c	fec11683	lh	x13,-20(x2)	  x2:0x80008734 x13=0x00000000 PA:0x80008720
         975000	        96	80000160	fe311623	sh	x3,-20(x2)	  x2:0x80008734  x3:0xfd417a19 PA:0x80008720
         985000	        97	80000164	0d510e23	sb	x21,220(x2)	  x2:0x80008734 x21:0x00000000 PA:0x80008810
         995000	        98	80000168	0dc11203	lh	x4,220(x2)	  x2:0x80008734  x4=0x00000000 PA:0x80008810
        1005000	        99	8000016c	00136033	or	x0,x6,x1	  x6:0x00000000  x1:0x00000000
        1015000	       100	80000170	f5411223	sh	x20,-188(x2)	  x2:0x80008734 x20:0xf395083e PA:0x80008678
        1025000	       101	80000174	f4412303	lw	x6,-188(x2)	  x2:0x80008734  x6=0x0000083e PA:0x80008678
        1035000	       102	80000178	f5b10623	sb	x27,-180(x2)	  x2:0x80008734 x27:0x00000000 PA:0x80008680
        1045000	       103	8000017c	f4c11583	lh	x11,-180(x2)	  x2:0x80008734 x11=0x00000000 PA:0x80008680
        1055000	       104	80000180	00008117	auipc	x2,0x8	  x2=0x8000817c
        1065000	       105	80000184	28f10113	addi	x2,x2,655	  x2:0x8000817c  x2=0x8000840b
        1075000	       106	80000188	18414c03	lbu	x24,388(x2)	  x2:0x8000840b x24=0x00000000 PA:0x8000858f
        1085000	       107	8000018c	e6410783	lb	x15,-412(x2)	  x2:0x8000840b x15=0x00000000 PA:0x8000826f
        1095000	       108	80000190	005e9ab3	sll	x21,x29,x5	 x29:0x00000000  x5:0x9d9bcf37 x21=0x00000000
        1105000	       109	80000194	ead111a3	sh	x13,-349(x2)	  x2:0x8000840b x13:0x00000000 PA:0x800082ae
        1115000	       110	80000198	e0c11ea3	sh	x12,-483(x2)	  x2:0x8000840b x12:0x80000000 PA:0x80008228
        1125000	       111	8000019c	35c10e83	lb	x29,860(x2)	  x2:0x8000840b x29=0x00000000 PA:0x80008767
        1135000	       112	800001a0	0122e2b3	or	x5,x5,x18	  x5:0x9d9bcf37 x18:0x0f127f60  x5=0x9f9bff77
        1145000	       113	800001a4	a75b3293	sltiu	x5,x22,-1419	 x22:0xf3a550f5  x5=0x00000001
        1155000	       114	800001a8	7ca48913	addi	x18,x9,1994	  x9:0x80009fc4 x18=0x8000a78e
        1165000	       115	800001ac	415cd993	srai	x19,x25,0x15	 x25:0x80009f84 x19=0xfffffc00
        1175000	       116	800001b0	401189b3	sub	x19,x3,x1	  x3:0xfd417a19  x1:0x00000000 x19=0xfd417a19
        1185000	       117	800001b4	4192d3b3	sra	x7,x5,x25	  x5:0x00000001 x25:0x80009f84  x7=0x00000000
        1195000	       118	800001b8	003882b3	add	x5,x17,x3	 x17:0x00000001  x3:0xfd417a19  x5=0xfd417a1a
        1205000	       119	800001bc	006d9433	sll	x8,x27,x6	 x27:0x00000000  x6:0x0000083e  x8=0x00000000
        1215000	       120	800001c0	017e7533	and	x10,x28,x23	 x28:0x00000000 x23:0x80000000 x10=0x00000000
        1225000	       121	800001c4	12c10f83	lb	x31,300(x2)	  x2:0x8000840b x31=0x00000000 PA:0x80008537
        1235000	       122	800001c8	00e44633	xor	x12,x8,x14	  x8:0x00000000 x14:0x00000000 x12=0x00000000
        1245000	       123	800001cc	464cb193	sltiu	x3,x25,1124	 x25:0x80009f84  x3=0x00000000
        1255000	       124	800001d0	0cf14503	lbu	x10,207(x2)	  x2:0x8000840b x10=0x00000000 PA:0x800084da
        1265000	       125	800001d4	407980b3	sub	x1,x19,x7	 x19:0xfd417a19  x7:0x00000000  x1=0xfd417a19
        1275000	       126	800001d8	412d5013	srai	x0,x26,0x12	 x26:0x174cdf72
        1285000	       127	800001dc	015d3433	sltu	x8,x26,x21	 x26:0x174cdf72 x21:0x00000000  x8=0x00000000
        1295000	       128	800001e0	54b1c993	xori	x19,x3,1355	  x3:0x00000000 x19=0x0000054b
        1305000	       129	800001e4	41f9dc33	sra	x24,x19,x31	 x19:0x0000054b x31:0x00000000 x24=0x0000054b
        1315000	       130	800001e8	3bd10223	sb	x29,932(x2)	  x2:0x8000840b x29:0x00000000 PA:0x800087af
        1325000	       131	800001ec	12410503	lb	x10,292(x2)	  x2:0x8000840b x10=0x00000000 PA:0x8000852f
        1335000	       132	800001f0	81e1e613	ori	x12,x3,-2018	  x3:0x00000000 x12=0xfffff81e
        1345000	       133	800001f4	084ded13	ori	x26,x27,132	 x27:0x00000000 x26=0x00000084
        1355000	       134	800001f8	00000013	addi	x0,x0,0	  x0:0x00000000
        1365000	       135	800001fc	0ff111a3	sh	x31,227(x2)	  x2:0x8000840b x31:0x00000000 PA:0x800084ee
        1375000	       136	80000200	3cc10e83	lb	x29,972(x2)	  x2:0x8000840b x29=0x00000000 PA:0x800087d7
        1385000	       137	80000204	c46107a3	sb	x6,-945(x2)	  x2:0x8000840b  x6:0x0000083e PA:0x8000805a
        1395000	       138	80000208	1e710323	sb	x7,486(x2)	  x2:0x8000840b  x7:0x00000000 PA:0x800085f1
        1405000	       139	8000020c	dca10783	lb	x15,-566(x2)	  x2:0x8000840b x15=0x00000000 PA:0x800081d5
        1415000	       140	80000210	09315b03	lhu	x22,147(x2)	  x2:0x8000840b x22=0x00000000 PA:0x8000849e
        1425000	       141	80000214	bc1ebd93	sltiu	x27,x29,-1087	 x29:0x00000000 x27=0x00000001
        1435000	       142	80000218	05e14583	lbu	x11,94(x2)	  x2:0x8000840b x11=0x00000000 PA:0x80008469
        1445000	       143	8000021c	00502533	slt	x10,x0,x5	  x0:0x00000000  x5:0xfd417a1a x10=0x00000000
        1455000	       144	80000220	00000013	addi	x0,x0,0	  x0:0x00000000
        1465000	       145	80000224	403e03b3	sub	x7,x28,x3	 x28:0x00000000  x3:0x00000000  x7=0x00000000
        1475000	       146	80000228	ea553913	sltiu	x18,x10,-347	 x10:0x00000000 x18=0x00000001
        1485000	       147	8000022c	a2804793	xori	x15,x0,-1496	  x0:0x00000000 x15=0xfffffa28
        1495000	       148	80000230	d7e10883	lb	x17,-642(x2)	  x2:0x8000840b x17=0x00000000 PA:0x80008189
        1505000	       149	80000234	00008717	auipc	x14,0x8	 x14=0x80008230
        1515000	       150	80000238	f7570713	addi	x14,x14,-139	 x14:0x80008230 x14=0x800081a5
        1525000	       151	8000023c	00474103	lbu	x2,4(x14)	 x14:0x800081a5  x2=0x00000000 PA:0x800081a9
        1535000	       152	80000240	00008317	auipc	x6,0x8	  x6=0x8000823c
        1545000	       153	80000244	55b30313	addi	x6,x6,1371	  x6:0x8000823c  x6=0x80008797
        1555000	       154	80000248	00008c17	auipc	x24,0x8	 x24=0x80008244
        1565000	       155	8000024c	fd6c0c13	addi	x24,x24,-42	 x24:0x80008244 x24=0x8000821a
        1575000	       156	80000250	00008797	auipc	x15,0x8	 x15=0x8000824c
        1585000	       157	80000254	2aa78793	addi	x15,x15,682	 x15:0x8000824c x15=0x800084f6
        1595000	       158	80000258	fe5c0d83	lb	x27,-27(x24)	 x24:0x8000821a x27=0x00000000 PA:0x800081ff
        1605000	       159	8000025c	00330903	lb	x18,3(x6)	  x6:0x80008797 x18=0x00000000 PA:0x8000879a
        1615000	       160	80000260	036c2283	lw	x5,54(x24)	 x24:0x8000821a  x5=0x00000000 PA:0x80008250
        1625000	       161	80000264	ffb72e03	lw	x28,-5(x14)	 x14:0x800081a5 x28=0x00000000 PA:0x800081a0
        1635000	       162	80000268	ffa34583	lbu	x11,-6(x6)	  x6:0x80008797 x11=0x00000000 PA:0x80008791
        1645000	       163	8000026c	0fe7d903	lhu	x18,254(x15)	 x15:0x800084f6 x18=0x00000000 PA:0x800085f4
        1655000	       164	80000270	fed718a3	sh	x13,-15(x14)	 x14:0x800081a5 x13:0x00000000 PA:0x80008196
        1665000	       165	80000274	ff830683	lb	x13,-8(x6)	  x6:0x80008797 x13=0x00000000 PA:0x8000878f
        1675000	       166	80000278	ff132b03	lw	x22,-15(x6)	  x6:0x80008797 x22=0x00000000 PA:0x80008788
        1685000	       167	8000027c	00c716a3	sh	x12,13(x14)	 x14:0x800081a5 x12:0xfffff81e PA:0x800081b2
        1695000	       168	80000280	f6878fa3	sb	x8,-129(x15)	 x15:0x800084f6  x8:0x00000000 PA:0x80008475
        1705000	       169	80000284	00f312a3	sh	x15,5(x6)	  x6:0x80008797 x15:0x800084f6 PA:0x8000879c
        1715000	       170	80000288	faac5b03	lhu	x22,-86(x24)	 x24:0x8000821a x22=0x00000000 PA:0x800081c4
        1725000	       171	8000028c	0097c183	lbu	x3,9(x15)	 x15:0x800084f6  x3=0x00000000 PA:0x800084ff
        1735000	       172	80000290	013700a3	sb	x19,1(x14)	 x14:0x800081a5 x19:0x0000054b PA:0x800081a6
        1745000	       173	80000294	01430223	sb	x20,4(x6)	  x6:0x80008797 x20:0xf395083e PA:0x8000879b
        1755000	       174	80000298	f2978323	sb	x9,-218(x15)	 x15:0x800084f6  x9:0x80009fc4 PA:0x8000841c
        1765000	       175	8000029c	f03c4383	lbu	x7,-253(x24)	 x24:0x8000821a  x7=0x00000000 PA:0x8000811d
        1775000	       176	800002a0	00a74e83	lbu	x29,10(x14)	 x14:0x800081a5 x29=0x00000000 PA:0x800081af
        1785000	       177	800002a4	fe5729a3	sw	x5,-13(x14)	 x14:0x800081a5  x5:0x00000000 PA:0x80008198
        1795000	       178	800002a8	00e314a3	sh	x14,9(x6)	  x6:0x80008797 x14:0x800081a5 PA:0x800087a0
        1805000	       179	800002ac	fe1708a3	sb	x1,-15(x14)	 x14:0x800081a5  x1:0xfd417a19 PA:0x80008196
        1815000	       180	800002b0	fff34f83	lbu	x31,-1(x6)	  x6:0x80008797 x31=0x00000000 PA:0x80008796
        1825000	       181	00000000	00000013	addi	x0,x0,0	  x0:0x00000000
        1835000	       182	800002b4	fff35403	lhu	x8,-1(x6)	  x6:0x80008797  x8=0x00000000 PA:0x80008796
        1845000	       183	800002b8	16fc4503	lbu	x10,367(x24)	 x24:0x8000821a x10=0x00000000 PA:0x80008389
        1855000	       184	800002bc	01a30023	sb	x26,0(x6)	  x6:0x80008797 x26:0x00000084 PA:0x80008797
        1865000	       185	800002c0	f5d78d83	lb	x27,-163(x15)	 x15:0x800084f6 x27=0x00000000 PA:0x80008453
        1875000	       186	800002c4	ffd75883	lhu	x17,-3(x14)	 x14:0x800081a5 x17=0x00000000 PA:0x800081a2
        1885000	       187	800002c8	00008f17	auipc	x30,0x8	 x30=0x800082c4
        1895000	       188	800002cc	33ef0f13	addi	x30,x30,830	 x30:0x800082c4 x30=0x80008602
        1905000	       189	800002d0	ff6f1c03	lh	x24,-10(x30)	 x30:0x80008602 x24=0x00000000 PA:0x800085f8
        1915000	       190	800002d4	00d80733	add	x14,x16,x13	 x16:0x80000000 x13:0x00000000 x14=0x80000000
        1925000	       191	800002d8	018f05a3	sb	x24,11(x30)	 x30:0x80008602 x24:0x00000000 PA:0x8000860d
        1935000	       192	800002dc	ff4f0da3	sb	x20,-5(x30)	 x30:0x80008602 x20:0xf395083e PA:0x800085fd
        1945000	       193	800002e0	ffbf4903	lbu	x18,-5(x30)	 x30:0x80008602 x18=0x0000003e PA:0x800085fd
        1955000	       194	800002e4	fedf0ea3	sb	x13,-3(x30)	 x30:0x80008602 x13:0x00000000 PA:0x800085ff
        1965000	       195	800002e8	ffdf4503	lbu	x10,-3(x30)	 x30:0x80008602 x10=0x00000000 PA:0x800085ff
        1975000	       196	800002ec	ffef1503	lh	x10,-2(x30)	 x30:0x80008602 x10=0x00000000 PA:0x80008600
        1985000	       197	800002f0	ffef1403	lh	x8,-2(x30)	 x30:0x80008602  x8=0x00000000 PA:0x80008600
        1995000	       198	800002f4	00bf4e83	lbu	x29,11(x30)	 x30:0x80008602 x29=0x00000000 PA:0x8000860d
        2005000	       199	800002f8	00bf0783	lb	x15,11(x30)	 x30:0x80008602 x15=0x00000000 PA:0x8000860d
        2015000	       200	800002fc	ffef5303	lhu	x6,-2(x30)	 x30:0x80008602  x6=0x00000000 PA:0x80008600
        2025000	       201	80000300	01305213	srli	x4,x0,0x13	  x0:0x00000000  x4=0x00000000
        2035000	       202	80000304	ff0f1283	lh	x5,-16(x30)	 x30:0x80008602  x5=0x00000000 PA:0x800085f2
        2045000	       203	80000308	ff0f0383	lb	x7,-16(x30)	 x30:0x80008602  x7=0x00000000 PA:0x800085f2
        2055000	       204	8000030c	ff0f1783	lh	x15,-16(x30)	 x30:0x80008602 x15=0x00000000 PA:0x800085f2
        2065000	       205	80000310	ff0f1c03	lh	x24,-16(x30)	 x30:0x80008602 x24=0x00000000 PA:0x800085f2
        2075000	       206	80000314	ff6f2923	sw	x22,-14(x30)	 x30:0x80008602 x22:0x00000000 PA:0x800085f4
        2085000	       207	80000318	fe7f0da3	sb	x7,-5(x30)	 x30:0x80008602  x7:0x00000000 PA:0x800085fd
        2095000	       208	8000031c	fe9f0da3	sb	x9,-5(x30)	 x30:0x80008602  x9:0x80009fc4 PA:0x800085fd
        2105000	       209	80000320	74b58697	auipc	x13,0x74b58	 x13=0xf4b5831c
        2115000	       210	80000324	febf0da3	sb	x11,-5(x30)	 x30:0x80008602 x11:0x00000000 PA:0x800085fd
        2125000	       211	80000328	009f1823	sh	x9,16(x30)	 x30:0x80008602  x9:0x80009fc4 PA:0x80008612
        2135000	       212	8000032c	00008a17	auipc	x20,0x8	 x20=0x80008328
        2145000	       213	80000330	dc7a0a13	addi	x20,x20,-569	 x20:0x80008328 x20=0x800080ef
        2155000	       214	80000334	004a4883	lbu	x17,4(x20)	 x20:0x800080ef x17=0x00000000 PA:0x800080f3
        2165000	       215	80000338	019a0223	sb	x25,4(x20)	 x20:0x800080ef x25:0x80009f84 PA:0x800080f3
        2175000	       216	8000033c	fe6a0823	sb	x6,-16(x20)	 x20:0x800080ef  x6:0x00000000 PA:0x800080df
        2185000	       217	80000340	01e5f8b3	and	x17,x11,x30	 x11:0x00000000 x30:0x80008602 x17=0x00000000
        2195000	       218	80000344	01cdcd33	xor	x26,x27,x28	 x27:0x00000000 x28:0x00000000 x26=0x00000000
        2205000	       219	80000348	ff0a0823	sb	x16,-16(x20)	 x20:0x800080ef x16:0x80000000 PA:0x800080df
        2215000	       220	8000034c	ff0a4d03	lbu	x26,-16(x20)	 x20:0x800080ef x26=0x00000000 PA:0x800080df
        2225000	       221	80000350	003a0423	sb	x3,8(x20)	 x20:0x800080ef  x3:0x00000000 PA:0x800080f7
        2235000	       222	80000354	ff5a1683	lh	x13,-11(x20)	 x20:0x800080ef x13=0x00000000 PA:0x800080e4
        2245000	       223	80000358	ff5a0aa3	sb	x21,-11(x20)	 x20:0x800080ef x21:0x00000000 PA:0x800080e4
        2255000	       224	8000035c	ff5a2103	lw	x2,-11(x20)	 x20:0x800080ef  x2=0x00000000 PA:0x800080e4
        2265000	       225	80000360	ff5a4703	lbu	x14,-11(x20)	 x20:0x800080ef x14=0x00000000 PA:0x800080e4
        2275000	       226	80000364	00000013	addi	x0,x0,0	  x0:0x00000000
        2285000	       227	80000368	d5ee3d13	sltiu	x26,x28,-674	 x28:0x00000000 x26=0x00000001
        2295000	       228	8000036c	ff5a5e83	lhu	x29,-11(x20)	 x20:0x800080ef x29=0x00000000 PA:0x800080e4
        2305000	       229	80000370	00008f17	auipc	x30,0x8	 x30=0x8000836c
        2315000	       230	80000374	e7df0f13	addi	x30,x30,-387	 x30:0x8000836c x30=0x800081e9
        2325000	       231	80000378	00008c17	auipc	x24,0x8	 x24=0x80008374
        2335000	       232	8000037c	fd5c0c13	addi	x24,x24,-43	 x24:0x80008374 x24=0x80008349
        2345000	       233	80000380	00008117	auipc	x2,0x8	  x2=0x8000837c
        2355000	       234	80000384	43d10113	addi	x2,x2,1085	  x2:0x8000837c  x2=0x800087b9
        2365000	       235	80000388	076f4303	lbu	x6,118(x30)	 x30:0x800081e9  x6=0x00000000 PA:0x8000825f
        2375000	       236	8000038c	008f06a3	sb	x8,13(x30)	 x30:0x800081e9  x8:0x00000000 PA:0x800081f6
        2385000	       237	80000390	00008097	auipc	x1,0x8	  x1=0x8000838c
        2395000	       238	80000394	33708093	addi	x1,x1,823	  x1:0x8000838c  x1=0x800086c3
        2405000	       239	80000398	fe5c08a3	sb	x5,-15(x24)	 x24:0x80008349  x5:0x00000000 PA:0x8000833a
        2415000	       240	8000039c	ffc14e83	lbu	x29,-4(x2)	  x2:0x800087b9 x29=0x00000005 PA:0x800087b5
        2425000	       241	800003a0	00008817	auipc	x16,0x8	 x16=0x8000839c
        2435000	       242	800003a4	47880813	addi	x16,x16,1144	 x16:0x8000839c x16=0x80008814
        2445000	       243	800003a8	096f0e03	lb	x28,150(x30)	 x30:0x800081e9 x28=0x00000000 PA:0x8000827f
        2455000	       244	800003ac	010c4303	lbu	x6,16(x24)	 x24:0x80008349  x6=0x00000000 PA:0x80008359
        2465000	       245	800003b0	00511583	lh	x11,5(x2)	  x2:0x800087b9 x11=0x00000000 PA:0x800087be
        2475000	       246	800003b4	fe308d23	sb	x3,-6(x1)	  x1:0x800086c3  x3:0x00000000 PA:0x800086bd
        2485000	       247	800003b8	fdb80603	lb	x12,-37(x16)	 x16:0x80008814 x12=0x00000000 PA:0x800087ef
        2495000	       248	800003bc	ff2c4903	lbu	x18,-14(x24)	 x24:0x80008349 x18=0x00000000 PA:0x8000833b
        2505000	       249	800003c0	060f0ca3	sb	x0,121(x30)	 x30:0x800081e9  x0:0x00000000 PA:0x80008262
        2515000	       250	800003c4	000112a3	sh	x0,5(x2)	  x2:0x800087b9  x0:0x00000000 PA:0x800087be
        2525000	       251	800003c8	ff909303	lh	x6,-7(x1)	  x1:0x800086c3  x6=0x00000000 PA:0x800086bc
        2535000	       252	800003cc	00184983	lbu	x19,1(x16)	 x16:0x80008814 x19=0x00000000 PA:0x80008815
        2545000	       253	800003d0	002c4303	lbu	x6,2(x24)	 x24:0x80008349  x6=0x00000000 PA:0x8000834b
        2555000	       254	800003d4	ffa84303	lbu	x6,-6(x16)	 x16:0x80008814  x6=0x00000000 PA:0x8000880e
        2565000	       255	800003d8	ff715983	lhu	x19,-9(x2)	  x2:0x800087b9 x19=0x00000000 PA:0x800087b0
        2575000	       256	800003dc	fca81d83	lh	x27,-54(x16)	 x16:0x80008814 x27=0x00000000 PA:0x800087de
        2585000	       257	800003e0	00ac0883	lb	x17,10(x24)	 x24:0x80008349 x17=0x00000000 PA:0x80008353
        2595000	       258	800003e4	ffbf5983	lhu	x19,-5(x30)	 x30:0x800081e9 x19=0x00000000 PA:0x800081e4
        2605000	       259	800003e8	00408f83	lb	x31,4(x1)	  x1:0x800086c3 x31=0x00000000 PA:0x800086c7
        2615000	       260	800003ec	fe882583	lw	x11,-24(x16)	 x16:0x80008814 x11=0x00000000 PA:0x800087fc
        2625000	       261	800003f0	f12f4003	lbu	x0,-238(x30)	 x30:0x800081e9 PA:0x800080fb
        2635000	       262	800003f4	0060c683	lbu	x13,6(x1)	  x1:0x800086c3 x13=0x00000000 PA:0x800086c9
        2645000	       263	800003f8	fe180883	lb	x17,-31(x16)	 x16:0x80008814 x17=0x00000000 PA:0x800087f5
        2655000	       264	800003fc	ff4c4f83	lbu	x31,-12(x24)	 x24:0x80008349 x31=0x00000000 PA:0x8000833d
        2665000	       265	80000400	00810303	lb	x6,8(x2)	  x2:0x800087b9  x6=0x00000000 PA:0x800087c1
        2675000	       266	80000404	00e08903	lb	x18,14(x1)	  x1:0x800086c3 x18=0x00000000 PA:0x800086d1
        2685000	       267	80000408	00008e97	auipc	x29,0x8	 x29=0x80008404
        2695000	       268	8000040c	68be8e93	addi	x29,x29,1675	 x29:0x80008404 x29=0x80008a8f
        2705000	       269	80000410	fdae93a3	sh	x26,-57(x29)	 x29:0x80008a8f x26:0x00000001 PA:0x80008a56
        2715000	       270	80000414	ffae8423	sb	x26,-24(x29)	 x29:0x80008a8f x26:0x00000001 PA:0x80008a77
        2725000	       271	80000418	fe8e8d83	lb	x27,-24(x29)	 x29:0x80008a8f x27=0x00000001 PA:0x80008a77
        2735000	       272	8000041c	fe9e8423	sb	x9,-24(x29)	 x29:0x80008a8f  x9:0x80009fc4 PA:0x80008a77
        2745000	       273	80000420	fd2e8c03	lb	x24,-46(x29)	 x29:0x80008a8f x24=0x00000000 PA:0x80008a61
        2755000	       274	80000424	015388b3	add	x17,x7,x21	  x7:0x00000000 x21:0x00000000 x17=0x00000000
        2765000	       275	80000428	fd2ec083	lbu	x1,-46(x29)	 x29:0x80008a8f  x1=0x00000000 PA:0x80008a61
        2775000	       276	8000042c	013e9383	lh	x7,19(x29)	 x29:0x80008a8f  x7=0x00000000 PA:0x80008aa2
        2785000	       277	80000430	013ed203	lhu	x4,19(x29)	 x29:0x80008a8f  x4=0x00000000 PA:0x80008aa2
        2795000	       278	80000434	ff7e93a3	sh	x23,-25(x29)	 x29:0x80008a8f x23:0x80000000 PA:0x80008a76
        2805000	       279	80000438	fe7e9983	lh	x19,-25(x29)	 x29:0x80008a8f x19=0x00000000 PA:0x80008a76
        2815000	       280	8000043c	fe7ed603	lhu	x12,-25(x29)	 x29:0x80008a8f x12=0x00000000 PA:0x80008a76
        2825000	       281	80000440	fc3e9a83	lh	x21,-61(x29)	 x29:0x80008a8f x21=0x00000000 PA:0x80008a52
        2835000	       282	80000444	00aecb03	lbu	x22,10(x29)	 x29:0x80008a8f x22=0x00000000 PA:0x80008a99
        2845000	       283	80000448	032e8983	lb	x19,50(x29)	 x29:0x80008a8f x19=0x00000000 PA:0x80008ac1
        2855000	       284	8000044c	008e8e03	lb	x28,8(x29)	 x29:0x80008a8f x28=0x00000000 PA:0x80008a97
        2865000	       285	80000450	00008997	auipc	x19,0x8	 x19=0x8000844c
        2875000	       286	80000454	05c98993	addi	x19,x19,92	 x19:0x8000844c x19=0x800084a8
        2885000	       287	80000458	fe499a23	sh	x4,-12(x19)	 x19:0x800084a8  x4:0x00000000 PA:0x8000849c
        2895000	       288	8000045c	ffa9d583	lhu	x11,-6(x19)	 x19:0x800084a8 x11=0x00000000 PA:0x800084a2
        2905000	       289	80000460	01b985a3	sb	x27,11(x19)	 x19:0x800084a8 x27:0x00000001 PA:0x800084b3
        2915000	       290	80000464	f669c293	xori	x5,x19,-154	 x19:0x800084a8  x5=0x7fff7bce
        2925000	       291	80000468	00b9c083	lbu	x1,11(x19)	 x19:0x800084a8  x1=0x00000001 PA:0x800084b3
        2935000	       292	8000046c	0023adb3	slt	x27,x7,x2	  x7:0x00000000  x2:0x800087b9 x27=0x00000000
        2945000	       293	80000470	00b9c683	lbu	x13,11(x19)	 x19:0x800084a8 x13=0x00000001 PA:0x800084b3
        2955000	       294	80000474	006985a3	sb	x6,11(x19)	 x19:0x800084a8  x6:0x00000000 PA:0x800084b3
        2965000	       295	80000478	ffa99b03	lh	x22,-6(x19)	 x19:0x800084a8 x22=0x00000000 PA:0x800084a2
        2975000	       296	8000047c	fe399d23	sh	x3,-6(x19)	 x19:0x800084a8  x3:0x00000000 PA:0x800084a2
        2985000	       297	80000480	ffa98803	lb	x16,-6(x19)	 x19:0x800084a8 x16=0x00000000 PA:0x800084a2
        2995000	       298	80000484	ffa99283	lh	x5,-6(x19)	 x19:0x800084a8  x5=0x00000000 PA:0x800084a2
        3005000	       299	80000488	012f28b3	slt	x17,x30,x18	 x30:0x800081e9 x18:0x00000000 x17=0x00000001
        3015000	       300	8000048c	c11bff93	andi	x31,x23,-1007	 x23:0x80000000 x31=0x80000000
        3025000	       301	80000490	ff999d23	sh	x25,-6(x19)	 x19:0x800084a8 x25:0x80009f84 PA:0x800084a2
        3035000	       302	80000494	fff98ba3	sb	x31,-9(x19)	 x19:0x800084a8 x31:0x80000000 PA:0x8000849f
        3045000	       303	80000498	3f35aab7	lui	x21,0x3f35a	 x21=0x3f35a000
        3055000	       304	8000049c	ffc9cf03	lbu	x30,-4(x19)	 x19:0x800084a8 x30=0x00000000 PA:0x800084a4
        3065000	       305	800004a0	ff398103	lb	x2,-13(x19)	 x19:0x800084a8  x2=0x00000000 PA:0x8000849b
        3075000	       306	800004a4	00009297	auipc	x5,0x9	  x5=0x800094a0
        3085000	       307	800004a8	94628293	addi	x5,x5,-1722	  x5:0x800094a0  x5=0x80008de6
        3095000	       308	800004ac	00009197	auipc	x3,0x9	  x3=0x800094a8
        3105000	       309	800004b0	b0b18193	addi	x3,x3,-1269	  x3:0x800094a8  x3=0x80008fb3
        3115000	       310	800004b4	00008817	auipc	x16,0x8	 x16=0x800084b0
        3125000	       311	800004b8	74780813	addi	x16,x16,1863	 x16:0x800084b0 x16=0x80008bf7
        3135000	       312	800004bc	00008d97	auipc	x27,0x8	 x27=0x800084b8
        3145000	       313	800004c0	7c4d8d93	addi	x27,x27,1988	 x27:0x800084b8 x27=0x80008c7c
        3155000	       314	800004c4	f972ca03	lbu	x20,-105(x5)	  x5:0x80008de6 x20=0x00000000 PA:0x80008d7d
        3165000	       315	800004c8	0ca80323	sb	x10,198(x16)	 x16:0x80008bf7 x10:0x00000000 PA:0x80008cbd
        3175000	       316	800004cc	ff0dc683	lbu	x13,-16(x27)	 x27:0x80008c7c x13=0x00000000 PA:0x80008c6c
        3185000	       317	800004d0	0c8280a3	sb	x8,193(x5)	  x5:0x80008de6  x8:0x00000000 PA:0x80008ea7
        3195000	       318	800004d4	00008897	auipc	x17,0x8	 x17=0x800084d0
        3205000	       319	800004d8	3a488893	addi	x17,x17,932	 x17:0x800084d0 x17=0x80008874
        3215000	       320	800004dc	0738cf83	lbu	x31,115(x17)	 x17:0x80008874 x31=0x00000000 PA:0x800088e7
        3225000	       321	00000000	00000013	addi	x0,x0,0	  x0:0x00000000
        3235000	       322	800004e0	fffdca83	lbu	x21,-1(x27)	 x27:0x80008c7c x21=0x00000000 PA:0x80008c7b
        3245000	       323	800004e4	0c988fa3	sb	x9,223(x17)	 x17:0x80008874  x9:0x80009fc4 PA:0x80008953
        3255000	       324	800004e8	0cd28ea3	sb	x13,221(x5)	  x5:0x80008de6 x13:0x00000000 PA:0x80008ec3
        3265000	       325	800004ec	f6b80903	lb	x18,-149(x16)	 x16:0x80008bf7 x18=0x00000000 PA:0x80008b62
        3275000	       326	800004f0	faa1c403	lbu	x8,-86(x3)	  x3:0x80008fb3  x8=0x00000000 PA:0x80008f5d
        3285000	       327	800004f4	05982f03	lw	x30,89(x16)	 x16:0x80008bf7 x30=0x00000000 PA:0x80008c50
        3295000	       328	800004f8	0a728a23	sb	x7,180(x5)	  x5:0x80008de6  x7:0x00000000 PA:0x80008e9a
        3305000	       329	800004fc	03188f03	lb	x30,49(x17)	 x17:0x80008874 x30=0x00000000 PA:0x800088a5
        3315000	       330	80000500	fac88fa3	sb	x12,-65(x17)	 x17:0x80008874 x12:0x00000000 PA:0x80008833
        3325000	       331	80000504	fd888aa3	sb	x24,-43(x17)	 x17:0x80008874 x24:0x00000000 PA:0x80008849
        3335000	       332	80000508	ffddca03	lbu	x20,-3(x27)	 x27:0x80008c7c x20=0x00000000 PA:0x80008c79
        3345000	       333	8000050c	00cd85a3	sb	x12,11(x27)	 x27:0x80008c7c x12:0x00000000 PA:0x80008c87
        3355000	       334	80000510	0fb88aa3	sb	x27,245(x17)	 x17:0x80008874 x27:0x80008c7c PA:0x80008969
        3365000	       335	80000514	ff7d8b03	lb	x22,-9(x27)	 x27:0x80008c7c x22=0x00000000 PA:0x80008c73
        3375000	       336	80000518	03b8c683	lbu	x13,59(x17)	 x17:0x80008874 x13=0x00000000 PA:0x800088af
        3385000	       337	8000051c	0ca89d23	sh	x10,218(x17)	 x17:0x80008874 x10:0x00000000 PA:0x8000894e
        3395000	       338	80000520	028813a3	sh	x8,39(x16)	 x16:0x80008bf7  x8:0x00000000 PA:0x80008c1e
        3405000	       339	80000524	09529c23	sh	x21,152(x5)	  x5:0x80008de6 x21:0x00000000 PA:0x80008e7e
        3415000	       340	80000528	f4418923	sb	x4,-174(x3)	  x3:0x80008fb3  x4:0x00000000 PA:0x80008f05
        3425000	       341	8000052c	0fa28aa3	sb	x26,245(x5)	  x5:0x80008de6 x26:0x00000001 PA:0x80008edb
        3435000	       342	80000530	0b9287a3	sb	x25,175(x5)	  x5:0x80008de6 x25:0x80009f84 PA:0x80008e95
        3445000	       343	80000534	f7380623	sb	x19,-148(x16)	 x16:0x80008bf7 x19:0x800084a8 PA:0x80008b63
        3455000	       344	80000538	f7f1cc03	lbu	x24,-129(x3)	  x3:0x80008fb3 x24=0x00000000 PA:0x80008f32
        3465000	       345	8000053c	04b80383	lb	x7,75(x16)	 x16:0x80008bf7  x7=0x00000000 PA:0x80008c42
        3475000	       346	80000540	09328e83	lb	x29,147(x5)	  x5:0x80008de6 x29=0x00000000 PA:0x80008e79
        3485000	       347	80000544	f4b28f83	lb	x31,-181(x5)	  x5:0x80008de6 x31=0x00000000 PA:0x80008d31
        3495000	       348	80000548	faf19da3	sh	x15,-69(x3)	  x3:0x80008fb3 x15:0x00000000 PA:0x80008f6e
        3505000	       349	8000054c	fe218f83	lb	x31,-30(x3)	  x3:0x80008fb3 x31=0x00000000 PA:0x80008f95
        3515000	       350	80000550	0de813a3	sh	x30,199(x16)	 x16:0x80008bf7 x30:0x00000000 PA:0x80008cbe
        3525000	       351	80000554	08c8a103	lw	x2,140(x17)	 x17:0x80008874  x2=0x00000000 PA:0x80008900
        3535000	       352	80000558	001d85a3	sb	x1,11(x27)	 x27:0x80008c7c  x1:0x00000001 PA:0x80008c87
        3545000	       353	8000055c	00008a97	auipc	x21,0x8	 x21=0x80008558
        3555000	       354	80000560	74ea8a93	addi	x21,x21,1870	 x21:0x80008558 x21=0x80008ca6
        3565000	       355	80000564	5f06f897	auipc	x17,0x5f06f	 x17=0xdf06f560
        3575000	       356	80000568	f3da8183	lb	x3,-195(x21)	 x21:0x80008ca6  x3=0x00000000 PA:0x80008be3
        3585000	       357	8000056c	01fa8d03	lb	x26,31(x21)	 x21:0x80008ca6 x26=0x00000000 PA:0x80008cc5
        3595000	       358	80000570	0fea8da3	sb	x30,251(x21)	 x21:0x80008ca6 x30:0x00000000 PA:0x80008da1
        3605000	       359	80000574	00a942b3	xor	x5,x18,x10	 x18:0x00000000 x10:0x00000000  x5=0x00000000
        3615000	       360	80000578	03dac083	lbu	x1,61(x21)	 x21:0x80008ca6  x1=0x00000000 PA:0x80008ce3
        3625000	       361	8000057c	aa590993	addi	x19,x18,-1371	 x18:0x00000000 x19=0xfffffaa5
        3635000	       362	80000580	0d8a8f23	sb	x24,222(x21)	 x21:0x80008ca6 x24:0x00000000 PA:0x80008d84
        3645000	       363	80000584	005ac0b3	xor	x1,x21,x5	 x21:0x80008ca6  x5:0x00000000  x1=0x80008ca6
        3655000	       364	80000588	f55acf83	lbu	x31,-171(x21)	 x21:0x80008ca6 x31=0x00000000 PA:0x80008bfb
        3665000	       365	8000058c	0e3ac003	lbu	x0,227(x21)	 x21:0x80008ca6 PA:0x80008d89
        3675000	       366	80000590	f19a8a23	sb	x25,-236(x21)	 x21:0x80008ca6 x25:0x80009f84 PA:0x80008bba
        3685000	       367	80000594	00581333	sll	x6,x16,x5	 x16:0x80008bf7  x5:0x00000000  x6=0x80008bf7
        3695000	       368	80000598	9d97f913	andi	x18,x15,-1575	 x15:0x00000000 x18=0x00000000
        3705000	       369	8000059c	010f9213	slli	x4,x31,0x10	 x31:0x00000000  x4=0x00000000
        3715000	       370	800005a0	084a83a3	sb	x4,135(x21)	 x21:0x80008ca6  x4:0x00000000 PA:0x80008d2d
        3725000	       371	800005a4	faaad203	lhu	x4,-86(x21)	 x21:0x80008ca6  x4=0x00000000 PA:0x80008c50
        3735000	       372	800005a8	40835eb3	sra	x29,x6,x8	  x6:0x80008bf7  x8:0x00000000 x29=0x80008bf7
        3745000	       373	800005ac	032ac683	lbu	x13,50(x21)	 x21:0x80008ca6 x13=0x00000000 PA:0x80008cd8
        3755000	       374	800005b0	0177b533	sltu	x10,x15,x23	 x15:0x00000000 x23:0x80000000 x10=0x00000001
        3765000	       375	800005b4	0140f833	and	x16,x1,x20	  x1:0x80008ca6 x20:0x00000000 x16=0x00000000
        3775000	       376	800005b8	0106c9b3	xor	x19,x13,x16	 x13:0x00000000 x16:0x00000000 x19=0x00000000
        3785000	       377	800005bc	005a5893	srli	x17,x20,0x5	 x20:0x00000000 x17=0x00000000
        3795000	       378	800005c0	f0da8f03	lb	x30,-243(x21)	 x21:0x80008ca6 x30=0x00000000 PA:0x80008bb3
        3805000	       379	800005c4	fffa8403	lb	x8,-1(x21)	 x21:0x80008ca6  x8=0x00000000 PA:0x80008ca5
        3815000	       380	800005c8	0aca8d83	lb	x27,172(x21)	 x21:0x80008ca6 x27=0x00000000 PA:0x80008d52
        3825000	       381	800005cc	01265533	srl	x10,x12,x18	 x12:0x00000000 x18:0x00000000 x10=0x00000000
        3835000	       382	800005d0	0faacb03	lbu	x22,250(x21)	 x21:0x80008ca6 x22=0x00000000 PA:0x80008da0
        3845000	       383	800005d4	16289517	auipc	x10,0x16289	 x10=0x962895d0
        3855000	       384	800005d8	00000013	addi	x0,x0,0	  x0:0x00000000
        3865000	       385	800005dc	fe2aaa03	lw	x20,-30(x21)	 x21:0x80008ca6 x20=0x00000000 PA:0x80008c88
        3875000	       386	800005e0	f1eaa523	sw	x30,-246(x21)	 x21:0x80008ca6 x30:0x00000000 PA:0x80008bb0
        3885000	       387	800005e4	0012a1b3	slt	x3,x5,x1	  x5:0x00000000  x1:0x80008ca6  x3=0x00000000
        3895000	       388	800005e8	01d000b3	add	x1,x0,x29	  x0:0x00000000 x29:0x80008bf7  x1=0x80008bf7
        3905000	       389	800005ec	f43ac403	lbu	x8,-189(x21)	 x21:0x80008ca6  x8=0x00000000 PA:0x80008be9
        3915000	       390	800005f0	fafaa323	sw	x15,-90(x21)	 x21:0x80008ca6 x15:0x00000000 PA:0x80008c4c
        3925000	       391	800005f4	fa2a9923	sh	x2,-78(x21)	 x21:0x80008ca6  x2:0x00000000 PA:0x80008c58
        3935000	       392	800005f8	012efdb3	and	x27,x29,x18	 x29:0x80008bf7 x18:0x00000000 x27=0x00000000
        3945000	       393	800005fc	f39a9823	sh	x25,-208(x21)	 x21:0x80008ca6 x25:0x80009f84 PA:0x80008bd6
        3955000	       394	80000600	f21aa323	sw	x1,-218(x21)	 x21:0x80008ca6  x1:0x80008bf7 PA:0x80008bcc
        3965000	       395	80000604	0dda8103	lb	x2,221(x21)	 x21:0x80008ca6  x2=0x00000000 PA:0x80008d83
        3975000	       396	80000608	0daa8aa3	sb	x26,213(x21)	 x21:0x80008ca6 x26:0x00000000 PA:0x80008d7b
        3985000	       397	8000060c	032a8703	lb	x14,50(x21)	 x21:0x80008ca6 x14=0x00000000 PA:0x80008cd8
        3995000	       398	80000610	025a8da3	sb	x5,59(x21)	 x21:0x80008ca6  x5:0x00000000 PA:0x80008ce1
        4005000	       399	80000614	001e9d13	slli	x26,x29,0x1	 x29:0x80008bf7 x26=0x000117ee
        4015000	       400	80000618	01fc4533	xor	x10,x24,x31	 x24:0x00000000 x31:0x00000000 x10=0x00000000
        4025000	       401	8000061c	fefa9e23	sh	x15,-4(x21)	 x21:0x80008ca6 x15:0x00000000 PA:0x80008ca2
        4035000	       402	80000620	014e48b3	xor	x17,x28,x20	 x28:0x00000000 x20:0x00000000 x17=0x00000000
        4045000	       403	80000624	0b1a9423	sh	x17,168(x21)	 x21:0x80008ca6 x17:0x00000000 PA:0x80008d4e
        4055000	       404	80000628	f45acc03	lbu	x24,-187(x21)	 x21:0x80008ca6 x24=0x00000000 PA:0x80008beb
        4065000	       405	8000062c	f52a8183	lb	x3,-174(x21)	 x21:0x80008ca6  x3=0x00000000 PA:0x80008bf8
        4075000	       406	80000630	00009517	auipc	x10,0x9	 x10=0x8000962c
        4085000	       407	80000634	80a50513	addi	x10,x10,-2038	 x10:0x8000962c x10=0x80008e36
        4095000	       408	80000638	00008f17	auipc	x30,0x8	 x30=0x80008634
        4105000	       409	8000063c	4fef0f13	addi	x30,x30,1278	 x30:0x80008634 x30=0x80008b32
        4115000	       410	80000640	00008797	auipc	x15,0x8	 x15=0x8000863c
        4125000	       411	80000644	78978793	addi	x15,x15,1929	 x15:0x8000863c x15=0x80008dc5
        4135000	       412	80000648	03950583	lb	x11,57(x10)	 x10:0x80008e36 x11=0x00000000 PA:0x80008e6f
        4145000	       413	8000064c	05b78e83	lb	x29,91(x15)	 x15:0x80008dc5 x29=0x00000000 PA:0x80008e20
        4155000	       414	80000650	fcaf0f83	lb	x31,-54(x30)	 x30:0x80008b32 x31=0x00000000 PA:0x80008afc
        4165000	       415	80000654	011f0703	lb	x14,17(x30)	 x30:0x80008b32 x14=0x00000000 PA:0x80008b43
        4175000	       416	80000658	0fe50f23	sb	x30,254(x10)	 x10:0x80008e36 x30:0x80008b32 PA:0x80008f34
        4185000	       417	8000065c	f9350a03	lb	x20,-109(x10)	 x10:0x80008e36 x20=0x00000000 PA:0x80008dc9
        4195000	       418	00000000	00000013	addi	x0,x0,0	  x0:0x00000000
        4205000	       419	80000660	1d47cd83	lbu	x27,468(x15)	 x15:0x80008dc5 x27=0x00000000 PA:0x80008f99
        4215000	       420	80000664	fc3f08a3	sb	x3,-47(x30)	 x30:0x80008b32  x3:0x00000000 PA:0x80008b03
        4225000	       421	80000668	bf878903	lb	x18,-1032(x15)	 x15:0x80008dc5 x18=0x00000000 PA:0x800089bd
        4235000	       422	8000066c	004f0da3	sb	x4,27(x30)	 x30:0x80008b32  x4:0x00000000 PA:0x80008b4d
        4245000	       423	80000670	0097c883	lbu	x17,9(x15)	 x15:0x80008dc5 x17=0x00000000 PA:0x80008dce
        4255000	       424	80000674	f9e508a3	sb	x30,-111(x10)	 x10:0x80008e36 x30:0x80008b32 PA:0x80008dc7
        4265000	       425	80000678	c487c303	lbu	x6,-952(x15)	 x15:0x80008dc5  x6=0x00000000 PA:0x80008a0d
        4275000	       426	8000067c	03a50ca3	sb	x26,57(x10)	 x10:0x80008e36 x26:0x000117ee PA:0x80008e6f
        4285000	       427	80000680	17678523	sb	x22,362(x15)	 x15:0x80008dc5 x22:0x00000000 PA:0x80008f2f
        4295000	       428	80000684	10851023	sh	x8,256(x10)	 x10:0x80008e36  x8:0x00000000 PA:0x80008f36
        4305000	       429	80000688	fd0f08a3	sb	x16,-47(x30)	 x30:0x80008b32 x16:0x00000000 PA:0x80008b03
        4315000	       430	8000068c	00df0e23	sb	x13,28(x30)	 x30:0x80008b32 x13:0x00000000 PA:0x80008b4e
        4325000	       431	80000690	f7952523	sw	x25,-150(x10)	 x10:0x80008e36 x25:0x80009f84 PA:0x80008da0
        4335000	       432	80000694	fecf0803	lb	x16,-20(x30)	 x30:0x80008b32 x16=0x00000000 PA:0x80008b1e
        4345000	       433	80000698	fd350a03	lb	x20,-45(x10)	 x10:0x80008e36 x20=0x00000000 PA:0x80008e09
        4355000	       434	8000069c	033f0223	sb	x19,36(x30)	 x30:0x80008b32 x19:0x00000000 PA:0x80008b56
        4365000	       435	800006a0	0d350d03	lb	x26,211(x10)	 x10:0x80008e36 x26=0x00000000 PA:0x80008f09
        4375000	       436	800006a4	00008117	auipc	x2,0x8	  x2=0x800086a0
        4385000	       437	800006a8	72610113	addi	x2,x2,1830	  x2:0x800086a0  x2=0x80008dc6
        4395000	       438	800006ac	005f1833	sll	x16,x30,x5	 x30:0x80008b32  x5:0x00000000 x16=0x80008b32
        4405000	       439	800006b0	808e91b7	lui	x3,0x808e9	  x3=0x808e9000
        4415000	       440	800006b4	0a737e93	andi	x29,x6,167	  x6:0x00000000 x29=0x00000000
        4425000	       441	800006b8	ff612d23	sw	x22,-6(x2)	  x2:0x80008dc6 x22:0x00000000 PA:0x80008dc0
        4435000	       442	800006bc	ffc15083	lhu	x1,-4(x2)	  x2:0x80008dc6  x1=0x00000000 PA:0x80008dc2
        4445000	       443	800006c0	00305713	srli	x14,x0,0x3	  x0:0x00000000 x14=0x00000000
        4455000	       444	800006c4	5637c313	xori	x6,x15,1379	 x15:0x80008dc5  x6=0x800088a6
        4465000	       445	800006c8	e1ff4213	xori	x4,x30,-481	 x30:0x80008b32  x4=0x7fff752d
        4475000	       446	800006cc	00d14d03	lbu	x26,13(x2)	  x2:0x80008dc6 x26=0x00000000 PA:0x80008dd3
        4485000	       447	800006d0	00110c03	lb	x24,1(x2)	  x2:0x80008dc6 x24=0x00000032 PA:0x80008dc7
        4495000	       448	800006d4	013101a3	sb	x19,3(x2)	  x2:0x80008dc6 x19:0x00000000 PA:0x80008dc9
        4505000	       449	800006d8	00e14a83	lbu	x21,14(x2)	  x2:0x80008dc6 x21=0x00000000 PA:0x80008dd4
        4515000	       450	800006dc	00f82833	slt	x16,x16,x15	 x16:0x80008b32 x15:0x80008dc5 x16=0x00000001
        4525000	       451	800006e0	00714683	lbu	x13,7(x2)	  x2:0x80008dc6 x13=0x00000000 PA:0x80008dcd
        4535000	       452	800006e4	4f0dcf93	xori	x31,x27,1264	 x27:0x00000000 x31=0x000004f0
        4545000	       453	800006e8	5d3f9537	lui	x10,0x5d3f9	 x10=0x5d3f9000
        4555000	       454	800006ec	40ad81b3	sub	x3,x27,x10	 x27:0x00000000 x10:0x5d3f9000  x3=0xa2c07000
        4565000	       455	800006f0	ffd10923	sb	x29,-14(x2)	  x2:0x80008dc6 x29:0x00000000 PA:0x80008db8
        4575000	       456	800006f4	be748f93	addi	x31,x9,-1049	  x9:0x80009fc4 x31=0x80009bab
        4585000	       457	800006f8	ff415403	lhu	x8,-12(x2)	  x2:0x80008dc6  x8=0x00000000 PA:0x80008dba
        4595000	       458	800006fc	00c100a3	sb	x12,1(x2)	  x2:0x80008dc6 x12:0x00000000 PA:0x80008dc7
        4605000	       459	80000700	33ace893	ori	x17,x25,826	 x25:0x80009f84 x17=0x80009fbe
        4615000	       460	80000704	01bd4b33	xor	x22,x26,x27	 x26:0x00000000 x27:0x00000000 x22=0x00000000
        4625000	       461	80000708	01610523	sb	x22,10(x2)	  x2:0x80008dc6 x22:0x00000000 PA:0x80008dd0
        4635000	       462	8000070c	00e11783	lh	x15,14(x2)	  x2:0x80008dc6 x15=0x00000000 PA:0x80008dd4
        4645000	       463	80000710	00008217	auipc	x4,0x8	  x4=0x8000870c
        4655000	       464	80000714	ee020213	addi	x4,x4,-288	  x4:0x8000870c  x4=0x800085ec
        4665000	       465	80000718	fc521523	sh	x5,-54(x4)	  x4:0x800085ec  x5:0x00000000 PA:0x800085b6
        4675000	       466	8000071c	40305d13	srai	x26,x0,0x3	  x0:0x00000000 x26=0x00000000
        4685000	       467	80000720	00ac9013	slli	x0,x25,0xa	 x25:0x80009f84
        4695000	       468	80000724	fd220b03	lb	x22,-46(x4)	  x4:0x800085ec x22=0x00000000 PA:0x800085be
        4705000	       469	80000728	fed21d23	sh	x13,-6(x4)	  x4:0x800085ec x13:0x00000000 PA:0x800085e6
        4715000	       470	8000072c	02920ca3	sb	x9,57(x4)	  x4:0x800085ec  x9:0x80009fc4 PA:0x80008625
        4725000	       471	80000730	00f09f33	sll	x30,x1,x15	  x1:0x00000000 x15:0x00000000 x30=0x00000000
        4735000	       472	80000734	408bd993	srai	x19,x23,0x8	 x23:0x80000000 x19=0xff800000
        4745000	       473	80000738	01078933	add	x18,x15,x16	 x15:0x00000000 x16:0x00000001 x18=0x00000001
        4755000	       474	8000073c	fc0203a3	sb	x0,-57(x4)	  x4:0x800085ec  x0:0x00000000 PA:0x800085b3
        4765000	       475	80000740	b9f23a13	sltiu	x20,x4,-1121	  x4:0x800085ec x20=0x00000001
        4775000	       476	80000744	01916433	or	x8,x2,x25	  x2:0x80008dc6 x25:0x80009f84  x8=0x80009fc6
        4785000	       477	80000748	b982bd13	sltiu	x26,x5,-1128	  x5:0x00000000 x26=0x00000001
        4795000	       478	8000074c	0170dd13	srli	x26,x1,0x17	  x1:0x00000000 x26=0x00000000
        4805000	       479	80000750	00124803	lbu	x16,1(x4)	  x4:0x800085ec x16=0x00000000 PA:0x800085ed
        4815000	       480	80000754	002d1d13	slli	x26,x26,0x2	 x26:0x00000000 x26=0x00000000
        4825000	       481	80000758	ff025383	lhu	x7,-16(x4)	  x4:0x800085ec  x7=0x00000000 PA:0x800085dc
        4835000	       482	8000075c	010bdab3	srl	x21,x23,x16	 x23:0x80000000 x16:0x00000000 x21=0x80000000
        4845000	       483	80000760	00eb5613	srli	x12,x22,0xe	 x22:0x00000000 x12=0x00000000
        4855000	       484	80000764	00d22823	sw	x13,16(x4)	  x4:0x800085ec x13:0x00000000 PA:0x800085fc
        4865000	       485	80000768	00d29833	sll	x16,x5,x13	  x5:0x00000000 x13:0x00000000 x16=0x00000000
        4875000	       486	8000076c	fca21e03	lh	x28,-54(x4)	  x4:0x800085ec x28=0x00000000 PA:0x800085b6
        4885000	       487	80000770	0182f533	and	x10,x5,x24	  x5:0x00000000 x24:0x00000032 x10=0x00000000
        4895000	       488	80000774	018f4d33	xor	x26,x30,x24	 x30:0x00000000 x24:0x00000032 x26=0x00000032
        4905000	       489	80000778	555be637	lui	x12,0x555be	 x12=0x555be000
        4915000	       490	8000077c	00904c33	xor	x24,x0,x9	  x0:0x00000000  x9:0x80009fc4 x24=0x80009fc4
        4925000	       491	80000780	00f21423	sh	x15,8(x4)	  x4:0x800085ec x15:0x00000000 PA:0x800085f4
        4935000	       492	80000784	03f24083	lbu	x1,63(x4)	  x4:0x800085ec  x1=0x00000000 PA:0x8000862b
        4945000	       493	00000000	00000013	addi	x0,x0,0	  x0:0x00000000
        4955000	       494	80000788	0270b893	sltiu	x17,x1,39	  x1:0x00000000 x17=0x00000001
        4965000	       495	8000078c	021200a3	sb	x1,33(x4)	  x4:0x800085ec  x1:0x00000000 PA:0x8000860d
        4975000	       496	80000790	01920f83	lb	x31,25(x4)	  x4:0x800085ec x31=0x00000000 PA:0x80008605
        4985000	       497	80000794	40d7d333	sra	x6,x15,x13	 x15:0x00000000 x13:0x00000000  x6=0x00000000
        4995000	       498	80000798	03e21e03	lh	x28,62(x4)	  x4:0x800085ec x28=0x00000000 PA:0x8000862a
        5005000	       499	8000079c	01dbf333	and	x6,x23,x29	 x23:0x80000000 x29:0x00000000  x6=0x00000000
        5015000	       500	800007a0	0092c933	xor	x18,x5,x9	  x5:0x00000000  x9:0x80009fc4 x18=0x80009fc4
        5025000	       501	800007a4	00fad9b3	srl	x19,x21,x15	 x21:0x80000000 x15:0x00000000 x19=0x80000000
        5035000	       502	800007a8	00aca3b3	slt	x7,x25,x10	 x25:0x80009f84 x10:0x00000000  x7=0x00000001
        5045000	       503	800007ac	fc724f83	lbu	x31,-57(x4)	  x4:0x800085ec x31=0x00000000 PA:0x800085b3
        5055000	       504	800007b0	00d24003	lbu	x0,13(x4)	  x4:0x800085ec PA:0x800085f9
        5065000	       505	800007b4	00008a97	auipc	x21,0x8	 x21=0x800087b0
        5075000	       506	800007b8	522a8a93	addi	x21,x21,1314	 x21:0x800087b0 x21=0x80008cd2
        5085000	       507	800007bc	223a8183	lb	x3,547(x21)	 x21:0x80008cd2  x3=0x00000000 PA:0x80008ef5
        5095000	       508	800007c0	f16a9203	lh	x4,-234(x21)	 x21:0x80008cd2  x4=0x00000000 PA:0x80008be8
        5105000	       509	800007c4	d9ca8d03	lb	x26,-612(x21)	 x21:0x80008cd2 x26=0x00000000 PA:0x80008a6e
        5115000	       510	800007c8	4d0ab093	sltiu	x1,x21,1232	 x21:0x80008cd2  x1=0x00000000
        5125000	       511	800007cc	40040db3	sub	x27,x8,x0	  x8:0x80009fc6  x0:0x00000000 x27=0x80009fc6
        5135000	       512	800007d0	003fde33	srl	x28,x31,x3	 x31:0x00000000  x3:0x00000000 x28=0x00000000
        5145000	       513	800007d4	03a47213	andi	x4,x8,58	  x8:0x80009fc6  x4=0x00000002
        5155000	       514	800007d8	4002df93	srai	x31,x5,0x0	  x5:0x00000000 x31=0x00000000
        5165000	       515	800007dc	2c7a8c23	sb	x7,728(x21)	 x21:0x80008cd2  x7:0x00000001 PA:0x80008faa
        5175000	       516	800007e0	0823a097	auipc	x1,0x823a	  x1=0x8823a7dc
        5185000	       517	800007e4	e9da8503	lb	x10,-355(x21)	 x21:0x80008cd2 x10=0x00000000 PA:0x80008b6f
        5195000	       518	800007e8	2e1acd83	lbu	x27,737(x21)	 x21:0x80008cd2 x27=0x00000000 PA:0x80008fb3
        5205000	       519	800007ec	67d2b793	sltiu	x15,x5,1661	  x5:0x00000000 x15=0x00000001
        5215000	       520	800007f0	19ca8503	lb	x10,412(x21)	 x21:0x80008cd2 x10=0x00000000 PA:0x80008e6e
        5225000	       521	800007f4	1e4a9703	lh	x14,484(x21)	 x21:0x80008cd2 x14=0x00000000 PA:0x80008eb6
        5235000	       522	00000000	00000013	addi	x0,x0,0	  x0:0x00000000
        5245000	       523	800007f8	f2ea9c23	sh	x14,-200(x21)	 x21:0x80008cd2 x14:0x00000000 PA:0x80008c0a
        5255000	       524	800007fc	09e8cb13	xori	x22,x17,158	 x17:0x00000001 x22=0x0000009f
        5265000	       525	80000800	403901b3	sub	x3,x18,x3	 x18:0x80009fc4  x3:0x00000000  x3=0x80009fc4
        5275000	       526	80000804	3c05c313	xori	x6,x11,960	 x11:0x00000000  x6=0x000003c0
        5285000	       527	80000808	00785613	srli	x12,x16,0x7	 x16:0x00000000 x12=0x00000000
        5295000	       528	8000080c	f0ba8003	lb	x0,-245(x21)	 x21:0x80008cd2 PA:0x80008bdd
        5305000	       529	80000810	b61a8aa3	sb	x1,-1163(x21)	 x21:0x80008cd2  x1:0x8823a7dc PA:0x80008847
        5315000	       530	80000814	01728733	add	x14,x5,x23	  x5:0x00000000 x23:0x80000000 x14=0x80000000
        5325000	       531	80000818	00aa4633	xor	x12,x20,x10	 x20:0x00000001 x10:0x00000000 x12=0x00000001
        5335000	       532	8000081c	53583f93	sltiu	x31,x16,1333	 x16:0x00000000 x31=0x00000001
        5345000	       533	80000820	418a5613	srai	x12,x20,0x18	 x20:0x00000001 x12=0x00000000
        5355000	       534	80000824	1b5aa723	sw	x21,430(x21)	 x21:0x80008cd2 x21:0x80008cd2 PA:0x80008e80
        5365000	       535	80000828	417006b3	sub	x13,x0,x23	  x0:0x00000000 x23:0x80000000 x13=0x80000000
        5375000	       536	8000082c	d6da8f03	lb	x30,-659(x21)	 x21:0x80008cd2 x30=0x00000000 PA:0x80008a3f
        5385000	       537	80000830	0fbd2713	slti	x14,x26,251	 x26:0x00000000 x14=0x00000001
        5395000	       538	80000834	0c90b893	sltiu	x17,x1,201	  x1:0x8823a7dc x17=0x00000000
        5405000	       539	80000838	003a88a3	sb	x3,17(x21)	 x21:0x80008cd2  x3:0x80009fc4 PA:0x80008ce3
        5415000	       540	8000083c	00000013	addi	x0,x0,0	  x0:0x00000000
        5425000	       541	80000840	01594e33	xor	x28,x18,x21	 x18:0x80009fc4 x21:0x80008cd2 x28=0x00001316
        5435000	       542	80000844	41a00c33	sub	x24,x0,x26	  x0:0x00000000 x26:0x00000000 x24=0x00000000
        5445000	       543	80000848	017e2633	slt	x12,x28,x23	 x28:0x00001316 x23:0x80000000 x12=0x00000000
        5455000	       544	8000084c	13ba84a3	sb	x27,297(x21)	 x21:0x80008cd2 x27:0x00000000 PA:0x80008dfb
        5465000	       545	80000850	00008597	auipc	x11,0x8	 x11=0x8000884c
        5475000	       546	80000854	5f958593	addi	x11,x11,1529	 x11:0x8000884c x11=0x80008e45
        5485000	       547	80000858	00b58503	lb	x10,11(x11)	 x11:0x80008e45 x10=0x00000000 PA:0x80008e50
        5495000	       548	8000085c	015585a3	sb	x21,11(x11)	 x11:0x80008e45 x21:0x80008cd2 PA:0x80008e50
        5505000	       549	80000860	01a595a3	sh	x26,11(x11)	 x11:0x80008e45 x26:0x00000000 PA:0x80008e50
        5515000	       550	80000864	00b59883	lh	x17,11(x11)	 x11:0x80008e45 x17=0x00000000 PA:0x80008e50
        5525000	       551	80000868	ff759783	lh	x15,-9(x11)	 x11:0x80008e45 x15=0x00000000 PA:0x80008e3c
        5535000	       552	8000086c	ff858a23	sb	x24,-12(x11)	 x11:0x80008e45 x24:0x00000000 PA:0x80008e39
        5545000	       553	80000870	ffd58a23	sb	x29,-12(x11)	 x11:0x80008e45 x29:0x00000000 PA:0x80008e39
        5555000	       554	80000874	ff45ce03	lbu	x28,-12(x11)	 x11:0x80008e45 x28=0x00000000 PA:0x80008e39
        5565000	       555	80000878	01f9a9b3	slt	x19,x19,x31	 x19:0x80000000 x31:0x00000001 x19=0x00000001
        5575000	       556	8000087c	caae7e13	andi	x28,x28,-854	 x28:0x00000000 x28=0x00000000
        5585000	       557	80000880	ffc58003	lb	x0,-4(x11)	 x11:0x80008e45 PA:0x80008e41
        5595000	       558	80000884	01c19413	slli	x8,x3,0x1c	  x3:0x80009fc4  x8=0x40000000
        5605000	       559	80000888	ffc5c403	lbu	x8,-4(x11)	 x11:0x80008e45  x8=0x00000000 PA:0x80008e41
        5615000	       560	8000088c	ff858da3	sb	x24,-5(x11)	 x11:0x80008e45 x24:0x00000000 PA:0x80008e40
        5625000	       561	80000890	ffb59d83	lh	x27,-5(x11)	 x11:0x80008e45 x27=0x00000000 PA:0x80008e40
        5635000	       562	80000894	ff358da3	sb	x19,-5(x11)	 x11:0x80008e45 x19:0x00000001 PA:0x80008e40
        5645000	       563	80000898	ff258c03	lb	x24,-14(x11)	 x11:0x80008e45 x24=0x00000000 PA:0x80008e37
        5655000	       564	8000089c	a6f30e93	addi	x29,x6,-1425	  x6:0x000003c0 x29=0xfffffe2f
        5665000	       565	800008a0	fed58923	sb	x13,-14(x11)	 x11:0x80008e45 x13:0x80000000 PA:0x80008e37
        5675000	       566	800008a4	ff258103	lb	x2,-14(x11)	 x11:0x80008e45  x2=0x00000000 PA:0x80008e37
        5685000	       567	800008a8	ff05c283	lbu	x5,-16(x11)	 x11:0x80008e45  x5=0x00000000 PA:0x80008e35
        5695000	       568	800008ac	fe058823	sb	x0,-16(x11)	 x11:0x80008e45  x0:0x00000000 PA:0x80008e35
        5705000	       569	800008b0	00008e97	auipc	x29,0x8	 x29=0x800088ac
        5715000	       570	800008b4	427e8e93	addi	x29,x29,1063	 x29:0x800088ac x29=0x80008cd3
        5725000	       571	800008b8	00008a17	auipc	x20,0x8	 x20=0x800088b4
        5735000	       572	800008bc	0cba0a13	addi	x20,x20,203	 x20:0x800088b4 x20=0x8000897f
        5745000	       573	800008c0	00008117	auipc	x2,0x8	  x2=0x800088bc
        5755000	       574	800008c4	00010113	addi	x2,x2,0	  x2:0x800088bc  x2=0x800088bc
        5765000	       575	800008c8	00610e03	lb	x28,6(x2)	  x2:0x800088bc x28=0x00000000 PA:0x800088c2
        5775000	       576	800008cc	02ce8703	lb	x14,44(x29)	 x29:0x80008cd3 x14=0x00000000 PA:0x80008cff
        5785000	       577	800008d0	00008f97	auipc	x31,0x8	 x31=0x800088cc
        5795000	       578	800008d4	4faf8f93	addi	x31,x31,1274	 x31:0x800088cc x31=0x80008dc6
        5805000	       579	800008d8	fe8e8223	sb	x8,-28(x29)	 x29:0x80008cd3  x8:0x00000000 PA:0x80008cb7
        5815000	       580	800008dc	f7ba1183	lh	x3,-133(x20)	 x20:0x8000897f  x3=0x00000000 PA:0x800088fa
        5825000	       581	800008e0	099eaf03	lw	x30,153(x29)	 x29:0x80008cd3 x30=0x00000000 PA:0x80008d6c
        5835000	       582	800008e4	fb8a1fa3	sh	x24,-65(x20)	 x20:0x8000897f x24:0x00000000 PA:0x8000893e
        5845000	       583	800008e8	fcef80a3	sb	x14,-63(x31)	 x31:0x80008dc6 x14:0x00000000 PA:0x80008d87
        5855000	       584	800008ec	01010383	lb	x7,16(x2)	  x2:0x800088bc  x7=0x00000000 PA:0x800088cc
        5865000	       585	800008f0	f7eecd83	lbu	x27,-130(x29)	 x29:0x80008cd3 x27=0x00000000 PA:0x80008c51
        5875000	       586	800008f4	014a0603	lb	x12,20(x20)	 x20:0x8000897f x12=0x00000000 PA:0x80008993
        5885000	       587	800008f8	0cda4d83	lbu	x27,205(x20)	 x20:0x8000897f x27=0x00000000 PA:0x80008a4c
        5895000	       588	800008fc	03cfde03	lhu	x28,60(x31)	 x31:0x80008dc6 x28=0x00000000 PA:0x80008e02
        5905000	       589	80000900	03dfa123	sw	x29,34(x31)	 x31:0x80008dc6 x29:0x80008cd3 PA:0x80008de8
        5915000	       590	80000904	fcffc383	lbu	x7,-49(x31)	 x31:0x80008dc6  x7=0x00000000 PA:0x80008d95
        5925000	       591	80000908	f5ea0f03	lb	x30,-162(x20)	 x20:0x8000897f x30=0x00000000 PA:0x800088dd
        5935000	       592	8000090c	f17e9d83	lh	x27,-233(x29)	 x29:0x80008cd3 x27=0x00000000 PA:0x80008bea
        5945000	       593	80000910	ff114503	lbu	x10,-15(x2)	  x2:0x800088bc x10=0x00000000 PA:0x800088ad
        5955000	       594	80000914	084e8e23	sb	x4,156(x29)	 x29:0x80008cd3  x4:0x00000002 PA:0x80008d6f
        5965000	       595	80000918	00911123	sh	x9,2(x2)	  x2:0x800088bc  x9:0x80009fc4 PA:0x800088be
        5975000	       596	8000091c	00a107a3	sb	x10,15(x2)	  x2:0x800088bc x10:0x00000000 PA:0x800088cb
        5985000	       597	80000920	001fc983	lbu	x19,1(x31)	 x31:0x80008dc6 x19=0x00000000 PA:0x80008dc7
        5995000	       598	80000924	00d14d03	lbu	x26,13(x2)	  x2:0x800088bc x26=0x00000000 PA:0x800088c9
        6005000	       599	80000928	fdcf9b03	lh	x22,-36(x31)	 x31:0x80008dc6 x22=0xffff8000 PA:0x80008da2
        6015000	       600	8000092c	0ffec683	lbu	x13,255(x29)	 x29:0x80008cd3 x13=0x00000000 PA:0x80008dd2
        6025000	       601	80000930	fc7fc903	lbu	x18,-57(x31)	 x31:0x80008dc6 x18=0x00000000 PA:0x80008d8d
        6035000	       602	80000934	04cf8023	sb	x12,64(x31)	 x31:0x80008dc6 x12:0x00000000 PA:0x80008e06
        6045000	       603	80000938	00008f97	auipc	x31,0x8	 x31=0x80008934
        6055000	       604	8000093c	147f8f93	addi	x31,x31,327	 x31:0x80008934 x31=0x80008a7b
        6065000	       605	80000940	07df91a3	sh	x29,99(x31)	 x31:0x80008a7b x29:0x80008cd3 PA:0x80008ade
        6075000	       606	80000944	00008617	auipc	x12,0x8	 x12=0x80008940
        6085000	       607	80000948	04160613	addi	x12,x12,65	 x12:0x80008940 x12=0x80008981
        6095000	       608	8000094c	023fd183	lhu	x3,35(x31)	 x31:0x80008a7b  x3=0x00000000 PA:0x80008a9e
        6105000	       609	80000950	49a60003	lb	x0,1178(x12)	 x12:0x80008981 PA:0x80008e1b
        6115000	       610	80000954	fbff8283	lb	x5,-65(x31)	 x31:0x80008a7b  x5=0x00000000 PA:0x80008a3a
        6125000	       611	80000958	f4bf9903	lh	x18,-181(x31)	 x31:0x80008a7b x18=0x00000000 PA:0x800089c6
        6135000	       612	8000095c	0d8fce83	lbu	x29,216(x31)	 x31:0x80008a7b x29=0x00000000 PA:0x80008b53
        6145000	       613	80000960	182612a3	sh	x2,389(x12)	 x12:0x80008981  x2:0x800088bc PA:0x80008b06
        6155000	       614	80000964	1c460f23	sb	x4,478(x12)	 x12:0x80008981  x4:0x00000002 PA:0x80008b5f
        6165000	       615	80000968	28361683	lh	x13,643(x12)	 x12:0x80008981 x13=0x00000000 PA:0x80008c04
        6175000	       616	8000096c	47660583	lb	x11,1142(x12)	 x12:0x80008981 x11=0x00000000 PA:0x80008df7
        6185000	       617	80000970	f8360823	sb	x3,-112(x12)	 x12:0x80008981  x3:0x00000000 PA:0x80008911
        6195000	       618	80000974	60864f03	lbu	x30,1544(x12)	 x12:0x80008981 x30=0x00000000 PA:0x80008f89
        6205000	       619	80000978	00008d97	auipc	x27,0x8	 x27=0x80008974
        6215000	       620	8000097c	88bd8d93	addi	x27,x27,-1909	 x27:0x80008974 x27=0x800081ff
        6225000	       621	80000980	0e6dc403	lbu	x8,230(x27)	 x27:0x800081ff  x8=0x00000000 PA:0x800082e5
        6235000	       622	80000984	fe0dcf03	lbu	x30,-32(x27)	 x27:0x800081ff x30=0x00000000 PA:0x800081df
        6245000	       623	80000988	fe9d8423	sb	x9,-24(x27)	 x27:0x800081ff  x9:0x80009fc4 PA:0x800081e7
        6255000	       624	8000098c	2bdff613	andi	x12,x31,701	 x31:0x80008a7b x12=0x00000239
        6265000	       625	80000990	00a447b3	xor	x15,x8,x10	  x8:0x00000000 x10:0x00000000 x15=0x00000000
        6275000	       626	80000994	f5a90f93	addi	x31,x18,-166	 x18:0x00000000 x31=0xffffff5a
        6285000	       627	80000998	f74d8b03	lb	x22,-140(x27)	 x27:0x800081ff x22=0x00000000 PA:0x80008173
        6295000	       628	8000099c	fe1dd203	lhu	x4,-31(x27)	 x27:0x800081ff  x4=0x00000000 PA:0x800081e0
        6305000	       629	800009a0	0e6d8183	lb	x3,230(x27)	 x27:0x800081ff  x3=0x00000000 PA:0x800082e5
        6315000	       630	00000000	00000013	addi	x0,x0,0	  x0:0x00000000
        6325000	       631	800009a4	f43dd503	lhu	x10,-189(x27)	 x27:0x800081ff x10=0x00000000 PA:0x80008142
        6335000	       632	800009a8	049da003	lw	x0,73(x27)	 x27:0x800081ff PA:0x80008248
        6345000	       633	800009ac	00b70233	add	x4,x14,x11	 x14:0x00000000 x11:0x00000000  x4=0x00000000
        6355000	       634	800009b0	0c2d8523	sb	x2,202(x27)	 x27:0x800081ff  x2:0x800088bc PA:0x800082c9
        6365000	       635	800009b4	017203b3	add	x7,x4,x23	  x4:0x00000000 x23:0x80000000  x7=0x80000000
        6375000	       636	800009b8	d3549fb7	lui	x31,0xd3549	 x31=0xd3549000
        6385000	       637	800009bc	0a1d8923	sb	x1,178(x27)	 x27:0x800081ff  x1:0x8823a7dc PA:0x800082b1
        6395000	       638	800009c0	f73d8283	lb	x5,-141(x27)	 x27:0x800081ff  x5=0x00000000 PA:0x80008172
        6405000	       639	800009c4	01f801b3	add	x3,x16,x31	 x16:0x00000000 x31:0xd3549000  x3=0xd3549000
        6415000	       640	800009c8	3900ab13	slti	x22,x1,912	  x1:0x8823a7dc x22=0x00000001
        6425000	       641	800009cc	faed8603	lb	x12,-82(x27)	 x27:0x800081ff x12=0x00000000 PA:0x800081ad
        6435000	       642	800009d0	004c7e33	and	x28,x24,x4	 x24:0x00000000  x4:0x00000000 x28=0x00000000
        6445000	       643	800009d4	03fd9403	lh	x8,63(x27)	 x27:0x800081ff  x8=0x00000000 PA:0x8000823e
        6455000	       644	800009d8	013da0a3	sw	x19,1(x27)	 x27:0x800081ff x19:0x00000000 PA:0x80008200
        6465000	       645	800009dc	89cd5737	lui	x14,0x89cd5	 x14=0x89cd5000
        6475000	       646	800009e0	fc8d8fa3	sb	x8,-33(x27)	 x27:0x800081ff  x8:0x00000000 PA:0x800081de
        6485000	       647	800009e4	01bb4233	xor	x4,x22,x27	 x22:0x00000001 x27:0x800081ff  x4=0x800081fe
        6495000	       648	800009e8	369e7793	andi	x15,x28,873	 x28:0x00000000 x15=0x00000000
        6505000	       649	800009ec	01081033	sll	x0,x16,x16	 x16:0x00000000 x16:0x00000000
        6515000	       650	800009f0	0102fe33	and	x28,x5,x16	  x5:0x00000000 x16:0x00000000 x28=0x00000000
        6525000	       651	800009f4	05cd9aa3	sh	x28,85(x27)	 x27:0x800081ff x28:0x00000000 PA:0x80008254
        6535000	       652	800009f8	f31d94a3	sh	x17,-215(x27)	 x27:0x800081ff x17:0x00000000 PA:0x80008128
        6545000	       653	800009fc	0138d2b3	srl	x5,x17,x19	 x17:0x00000000 x19:0x00000000  x5=0x00000000
        6555000	       654	80000a00	01a66333	or	x6,x12,x26	 x12:0x00000000 x26:0x00000000  x6=0x00000000
        6565000	       655	80000a04	014c3c33	sltu	x24,x24,x20	 x24:0x00000000 x20:0x8000897f x24=0x00000001
        6575000	       656	80000a08	0cfdd083	lhu	x1,207(x27)	 x27:0x800081ff  x1=0x00000000 PA:0x800082ce
        6585000	       657	80000a0c	f74d8903	lb	x18,-140(x27)	 x27:0x800081ff x18=0x00000000 PA:0x80008173
        6595000	       658	80000a10	0169d8b3	srl	x17,x19,x22	 x19:0x00000000 x22:0x00000001 x17=0x00000000
        6605000	       659	80000a14	f4fd8703	lb	x14,-177(x27)	 x27:0x800081ff x14=0x00000000 PA:0x8000814e
        6615000	       660	80000a18	00008697	auipc	x13,0x8	 x13=0x80008a14
        6625000	       661	80000a1c	40268693	addi	x13,x13,1026	 x13:0x80008a14 x13=0x80008e16
        6635000	       662	80000a20	00008a17	auipc	x20,0x8	 x20=0x80008a1c
        6645000	       663	80000a24	e73a0a13	addi	x20,x20,-397	 x20:0x80008a1c x20=0x8000888f
        6655000	       664	80000a28	00008297	auipc	x5,0x8	  x5=0x80008a24
        6665000	       665	80000a2c	ec528293	addi	x5,x5,-315	  x5:0x80008a24  x5=0x800088e9
        6675000	       666	80000a30	ff869883	lh	x17,-8(x13)	 x13:0x80008e16 x17=0x00000000 PA:0x80008e0e
        6685000	       667	80000a34	00008097	auipc	x1,0x8	  x1=0x80008a30
        6695000	       668	80000a38	31508093	addi	x1,x1,789	  x1:0x80008a30  x1=0x80008d45
        6705000	       669	80000a3c	0c128b23	sb	x1,214(x5)	  x5:0x800088e9  x1:0x80008d45 PA:0x800089bf
        6715000	       670	80000a40	0350c403	lbu	x8,53(x1)	  x1:0x80008d45  x8=0x00000000 PA:0x80008d7a
        6725000	       671	80000a44	fff68b03	lb	x22,-1(x13)	 x13:0x80008e16 x22=0x00000000 PA:0x80008e15
        6735000	       672	80000a48	fa428923	sb	x4,-78(x5)	  x5:0x800088e9  x4:0x800081fe PA:0x8000889b
        6745000	       673	80000a4c	f93a0623	sb	x19,-116(x20)	 x20:0x8000888f x19:0x00000000 PA:0x8000881b
        6755000	       674	80000a50	06128b23	sb	x1,118(x5)	  x5:0x800088e9  x1:0x80008d45 PA:0x8000895f
        6765000	       675	80000a54	fdc089a3	sb	x28,-45(x1)	  x1:0x80008d45 x28:0x00000000 PA:0x80008d18
        6775000	       676	80000a58	065a0f03	lb	x30,101(x20)	 x20:0x8000888f x30=0x00000000 PA:0x800088f4
        6785000	       677	80000a5c	09a2c103	lbu	x2,154(x5)	  x5:0x800088e9  x2=0x00000000 PA:0x80008983
        6795000	       678	80000a60	feaa4003	lbu	x0,-22(x20)	 x20:0x8000888f PA:0x80008879
        6805000	       679	80000a64	fe908b03	lb	x22,-23(x1)	  x1:0x80008d45 x22=0x00000000 PA:0x80008d2e
        6815000	       680	00000000	00000013	addi	x0,x0,0	  x0:0x00000000
        6825000	       681	80000a68	0d6a0803	lb	x16,214(x20)	 x20:0x8000888f x16=0x00000000 PA:0x80008965
        6835000	       682	80000a6c	ff669b03	lh	x22,-10(x13)	 x13:0x80008e16 x22=0x00000000 PA:0x80008e0c
        6845000	       683	80000a70	04e28703	lb	x14,78(x5)	  x5:0x800088e9 x14=0x00000000 PA:0x80008937
        6855000	       684	80000a74	fe7a0583	lb	x11,-25(x20)	 x20:0x8000888f x11=0x00000000 PA:0x80008876
        6865000	       685	80000a78	063a1603	lh	x12,99(x20)	 x20:0x8000888f x12=0x00000000 PA:0x800088f2
        6875000	       686	80000a7c	00568323	sb	x5,6(x13)	 x13:0x80008e16  x5:0x800088e9 PA:0x80008e1c
        6885000	       687	80000a80	07128903	lb	x18,113(x5)	  x5:0x800088e9 x18=0x00000000 PA:0x8000895a
        6895000	       688	80000a84	00968503	lb	x10,9(x13)	 x13:0x80008e16 x10=0x00000000 PA:0x80008e1f
        6905000	       689	80000a88	fe40c403	lbu	x8,-28(x1)	  x1:0x80008d45  x8=0x00000000 PA:0x80008d29
        6915000	       690	80000a8c	ff56cd83	lbu	x27,-11(x13)	 x13:0x80008e16 x27=0x00000000 PA:0x80008e0b
        6925000	       691	80000a90	065a2603	lw	x12,101(x20)	 x20:0x8000888f x12=0x00000000 PA:0x800088f4
        6935000	       692	80000a94	fee69f23	sh	x14,-2(x13)	 x13:0x80008e16 x14:0x00000000 PA:0x80008e14
        6945000	       693	80000a98	ff169a23	sh	x17,-12(x13)	 x13:0x80008e16 x17:0x00000000 PA:0x80008e0a
        6955000	       694	80000a9c	0f029aa3	sh	x16,245(x5)	  x5:0x800088e9 x16:0x00000000 PA:0x800089de
        6965000	       695	80000aa0	03a0c303	lbu	x6,58(x1)	  x1:0x80008d45  x6=0x00000000 PA:0x80008d7f
        6975000	       696	80000aa4	00007d97	auipc	x27,0x7	 x27=0x80007aa0
        6985000	       697	80000aa8	5ebd8d93	addi	x27,x27,1515	 x27:0x80007aa0 x27=0x8000808b
        6995000	       698	80000aac	fd953a37	lui	x20,0xfd953	 x20=0xfd953000
        7005000	       699	80000ab0	01660f33	add	x30,x12,x22	 x12:0x00000000 x22:0x00000000 x30=0x00000000
        7015000	       700	80000ab4	442d8e23	sb	x2,1116(x27)	 x27:0x8000808b  x2:0x00000000 PA:0x800084e7
        7025000	       701	80000ab8	6cd11797	auipc	x15,0x6cd11	 x15=0xecd11ab4
        7035000	       702	80000abc	40185a13	srai	x20,x16,0x1	 x16:0x00000000 x20=0x00000000
        7045000	       703	80000ac0	257a6313	ori	x6,x20,599	 x20:0x00000000  x6=0x00000257
        7055000	       704	80000ac4	adbd2313	slti	x6,x26,-1317	 x26:0x00000000  x6=0x00000000
        7065000	       705	80000ac8	398d8f83	lb	x31,920(x27)	 x27:0x8000808b x31=0x00000000 PA:0x80008423
        7075000	       706	80000acc	6d5d8423	sb	x21,1736(x27)	 x27:0x8000808b x21:0x80008cd2 PA:0x80008753
        7085000	       707	80000ad0	0021c133	xor	x2,x3,x2	  x3:0xd3549000  x2:0x00000000  x2=0xd3549000
        7095000	       708	80000ad4	078d8703	lb	x14,120(x27)	 x27:0x8000808b x14=0x00000000 PA:0x80008103
        7105000	       709	80000ad8	037d80a3	sb	x23,33(x27)	 x27:0x8000808b x23:0x80000000 PA:0x800080ac
        7115000	       710	80000adc	01d608b3	add	x17,x12,x29	 x12:0x00000000 x29:0x00000000 x17=0x00000000
        7125000	       711	80000ae0	3ccd8803	lb	x16,972(x27)	 x27:0x8000808b x16=0x00000000 PA:0x80008457
        7135000	       712	80000ae4	759ddb03	lhu	x22,1881(x27)	 x27:0x8000808b x22=0x00000000 PA:0x800087e4
        7145000	       713	80000ae8	074d8883	lb	x17,116(x27)	 x27:0x8000808b x17=0x00000000 PA:0x800080ff
        7155000	       714	80000aec	44bd8b23	sb	x11,1110(x27)	 x27:0x8000808b x11:0x00000000 PA:0x800084e1
        7165000	       715	80000af0	3dfd9a03	lh	x20,991(x27)	 x27:0x8000808b x20=0x00000000 PA:0x8000846a
        7175000	       716	80000af4	8d9bae93	slti	x29,x23,-1831	 x23:0x80000000 x29=0x00000001
        7185000	       717	80000af8	2abdcc03	lbu	x24,683(x27)	 x27:0x8000808b x24=0x00000000 PA:0x80008336
        7195000	       718	80000afc	631d8823	sb	x17,1584(x27)	 x27:0x8000808b x17:0x00000000 PA:0x800086bb
        7205000	       719	80000b00	6c6d8903	lb	x18,1734(x27)	 x27:0x8000808b x18=0x00000000 PA:0x80008751
        7215000	       720	80000b04	44cd91a3	sh	x12,1091(x27)	 x27:0x8000808b x12:0x00000000 PA:0x800084ce
        7225000	       721	80000b08	554d8f83	lb	x31,1364(x27)	 x27:0x8000808b x31=0x00000000 PA:0x800085df
        7235000	       722	80000b0c	c71a2113	slti	x2,x20,-911	 x20:0x00000000  x2=0x00000000
        7245000	       723	80000b10	009010b3	sll	x1,x0,x9	  x0:0x00000000  x9:0x80009fc4  x1=0x00000000
        7255000	       724	80000b14	30dd9983	lh	x19,781(x27)	 x27:0x8000808b x19=0x00000000 PA:0x80008398
        7265000	       725	80000b18	011d9c03	lh	x24,17(x27)	 x27:0x8000808b x24=0x00000000 PA:0x8000809c
        7275000	       726	80000b1c	00f5ff13	andi	x30,x11,15	 x11:0x00000000 x30=0x00000000
        7285000	       727	80000b20	6c7d8223	sb	x7,1732(x27)	 x27:0x8000808b  x7:0x80000000 PA:0x8000874f
        7295000	       728	80000b24	fc1da703	lw	x14,-63(x27)	 x27:0x8000808b x14=0x00000000 PA:0x8000804c
        7305000	       729	80000b28	515dc003	lbu	x0,1301(x27)	 x27:0x8000808b PA:0x800085a0
        7315000	       730	80000b2c	40a5da93	srai	x21,x11,0xa	 x11:0x00000000 x21=0x00000000
        7325000	       731	80000b30	69820313	addi	x6,x4,1688	  x4:0x800081fe  x6=0x80008896
        7335000	       732	80000b34	235dc783	lbu	x15,565(x27)	 x27:0x8000808b x15=0x00000000 PA:0x800082c0
        7345000	       733	80000b38	2f4d8f83	lb	x31,756(x27)	 x27:0x8000808b x31=0x00000000 PA:0x8000837f
        7355000	       734	00000000	00000013	addi	x0,x0,0	  x0:0x00000000
        7365000	       735	80000b3c	3b4fe893	ori	x17,x31,948	 x31:0x00000000 x17=0x000003b4
        7375000	       736	80000b40	436b2413	slti	x8,x22,1078	 x22:0x00000000  x8=0x00000001
        7385000	       737	80000b44	6a774713	xori	x14,x14,1703	 x14:0x00000000 x14=0x000006a7
        7395000	       738	80000b48	640dc983	lbu	x19,1600(x27)	 x27:0x8000808b x19=0x00000000 PA:0x800086cb
        7405000	       739	80000b4c	116d8783	lb	x15,278(x27)	 x27:0x8000808b x15=0x00000000 PA:0x800081a1
        7415000	       740	80000b50	00008797	auipc	x15,0x8	 x15=0x80008b4c
        7425000	       741	80000b54	c8678793	addi	x15,x15,-890	 x15:0x80008b4c x15=0x800087d2
        7435000	       742	80000b58	fe378fa3	sb	x3,-1(x15)	 x15:0x800087d2  x3:0xd3549000 PA:0x800087d1
        7445000	       743	80000b5c	fff7c183	lbu	x3,-1(x15)	 x15:0x800087d2  x3=0x00000000 PA:0x800087d1
        7455000	       744	80000b60	fff78a83	lb	x21,-1(x15)	 x15:0x800087d2 x21=0x00000000 PA:0x800087d1
        7465000	       745	80000b64	fff7c603	lbu	x12,-1(x15)	 x15:0x800087d2 x12=0x00000000 PA:0x800087d1
        7475000	       746	80000b68	fe178ba3	sb	x1,-9(x15)	 x15:0x800087d2  x1:0x00000000 PA:0x800087c9
        7485000	       747	80000b6c	ff77c703	lbu	x14,-9(x15)	 x15:0x800087d2 x14=0x00000000 PA:0x800087c9
        7495000	       748	80000b70	ff778b03	lb	x22,-9(x15)	 x15:0x800087d2 x22=0x00000000 PA:0x800087c9
        7505000	       749	80000b74	ff778ba3	sb	x23,-9(x15)	 x15:0x800087d2 x23:0x80000000 PA:0x800087c9
        7515000	       750	80000b78	00878423	sb	x8,8(x15)	 x15:0x800087d2  x8:0x00000001 PA:0x800087da
        7525000	       751	80000b7c	927f8513	addi	x10,x31,-1753	 x31:0x00000000 x10=0xfffff927
        7535000	       752	80000b80	01279423	sh	x18,8(x15)	 x15:0x800087d2 x18:0x00000000 PA:0x800087da
        7545000	       753	80000b84	00879e03	lh	x28,8(x15)	 x15:0x800087d2 x28=0x00000000 PA:0x800087da
        7555000	       754	80000b88	ffe7ab23	sw	x30,-10(x15)	 x15:0x800087d2 x30:0x00000000 PA:0x800087c8
        7565000	       755	80000b8c	fff7ab23	sw	x31,-10(x15)	 x15:0x800087d2 x31:0x00000000 PA:0x800087c8
        7575000	       756	80000b90	fe978fa3	sb	x9,-1(x15)	 x15:0x800087d2  x9:0x80009fc4 PA:0x800087d1
        7585000	       757	80000b94	00cdd893	srli	x17,x27,0xc	 x27:0x8000808b x17=0x00080008
        7595000	       758	80000b98	7ff3b613	sltiu	x12,x7,2047	  x7:0x80000000 x12=0x00000000
        7605000	       759	80000b9c	46fb0597	auipc	x11,0x46fb0	 x11=0xc6fb0b98
        7615000	       760	80000ba0	05727263	bgeu	x4,x23,80000be4	  x4:0x800081fe x23:0x80000000
        7625000	       761	00000000	00000013	addi	x0,x0,0	  x0:0x00000000
        7635000	       762	80000be0	00000013	addi	x0,x0,0	  x0:0x00000000
        7645000	       763	80000be4	0444d063	bge	x9,x4,80000c24	  x9:0x80009fc4  x4:0x800081fe
        7655000	       764	00000000	00000013	addi	x0,x0,0	  x0:0x00000000
        7665000	       765	80000c20	00000013	addi	x0,x0,0	  x0:0x00000000
        7675000	       766	80000c24	01ccddb3	srl	x27,x25,x28	 x25:0x80009f84 x28:0x00000000 x27=0x80009f84
        7685000	       767	80000c28	1f968137	lui	x2,0x1f968	  x2=0x1f968000
        7695000	       768	80000c2c	41cf51b3	sra	x3,x30,x28	 x30:0x00000000 x28:0x00000000  x3=0x00000000
        7705000	       769	80000c30	0101c9b3	xor	x19,x3,x16	  x3:0x00000000 x16:0x00000000 x19=0x00000000
        7715000	       770	80000c34	c15ea437	lui	x8,0xc15ea	  x8=0xc15ea000
        7725000	       771	80000c38	405188b3	sub	x17,x3,x5	  x3:0x00000000  x5:0x800088e9 x17=0x7fff7717
        7735000	       772	80000c3c	f6351ab7	lui	x21,0xf6351	 x21=0xf6351000
        7745000	       773	80000c40	00087533	and	x10,x16,x0	 x16:0x00000000  x0:0x00000000 x10=0x00000000
        7755000	       774	80000c44	00486133	or	x2,x16,x4	 x16:0x00000000  x4:0x800081fe  x2=0x800081fe
        7765000	       775	80000c48	d96bc193	xori	x3,x23,-618	 x23:0x80000000  x3=0x7ffffd96
        7775000	       776	80000c4c	0184b0b3	sltu	x1,x9,x24	  x9:0x80009fc4 x24:0x00000000  x1=0x00000000
        7785000	       777	80000c50	00a20e63	beq	x4,x10,80000c6c	  x4:0x800081fe x10:0x00000000
        7795000	       778	80000c54	f5a200b7	lui	x1,0xf5a20	  x1=0xf5a20000
        7805000	       779	80000c58	1337e613	ori	x12,x15,307	 x15:0x800087d2 x12=0x800087f3
        7815000	       780	80000c5c	f1cd3e13	sltiu	x28,x26,-228	 x26:0x00000000 x28=0x00000001
        7825000	       781	80000c60	40e9da93	srai	x21,x19,0xe	 x19:0x00000000 x21=0x00000000
        7835000	       782	80000c64	00000013	addi	x0,x0,0	  x0:0x00000000
        7845000	       783	80000c68	02356663	bltu	x10,x3,80000c94	 x10:0x00000000  x3:0x7ffffd96
        7855000	       784	00000000	00000013	addi	x0,x0,0	  x0:0x00000000
        7865000	       785	80000c90	00000013	addi	x0,x0,0	  x0:0x00000000
        7875000	       786	80000c94	00b35f93	srli	x31,x6,0xb	  x6:0x80008896 x31=0x00100011
        7885000	       787	80000c98	a7200737	lui	x14,0xa7200	 x14=0xa7200000
        7895000	       788	80000c9c	01d75333	srl	x6,x14,x29	 x14:0xa7200000 x29:0x00000001  x6=0x53900000
        7905000	       789	80000ca0	02a8c663	blt	x17,x10,80000ccc	 x17:0x7fff7717 x10:0x00000000
        7915000	       790	80000ca4	4104d593	srai	x11,x9,0x10	  x9:0x80009fc4 x11=0xffff8000
        7925000	       791	80000ca8	25748b13	addi	x22,x9,599	  x9:0x80009fc4 x22=0x8000a21b
        7935000	       792	80000cac	01d75213	srli	x4,x14,0x1d	 x14:0xa7200000  x4=0x00000005
        7945000	       793	80000cb0	05365063	bge	x12,x19,80000cf0	 x12:0x800087f3 x19:0x00000000
        7955000	       794	80000cb4	b9042f13	slti	x30,x8,-1136	  x8:0xc15ea000 x30=0x00000001
        7965000	       795	80000cb8	01b03433	sltu	x8,x0,x27	  x0:0x00000000 x27:0x80009f84  x8=0x00000001
        7975000	       796	80000cbc	1db4af37	lui	x30,0x1db4a	 x30=0x1db4a000
        7985000	       797	80000cc0	00c9e1b3	or	x3,x19,x12	 x19:0x00000000 x12:0x800087f3  x3=0x800087f3
        7995000	       798	80000cc4	e31d0413	addi	x8,x26,-463	 x26:0x00000000  x8=0xfffffe31
        8005000	       799	80000cc8	01e75713	srli	x14,x14,0x1e	 x14:0xa7200000 x14=0x00000002
        8015000	       800	80000ccc	0030d233	srl	x4,x1,x3	  x1:0xf5a20000  x3:0x800087f3  x4=0x00001eb4
        8025000	       801	80000cd0	40c550b3	sra	x1,x10,x12	 x10:0x00000000 x12:0x800087f3  x1=0x00000000
        8035000	       802	80000cd4	018c5693	srli	x13,x24,0x18	 x24:0x00000000 x13=0x00000000
        8045000	       803	80000cd8	041f5063	bge	x30,x1,80000d18	 x30:0x1db4a000  x1:0x00000000
        8055000	       804	00000000	00000013	addi	x0,x0,0	  x0:0x00000000
        8065000	       805	80000d14	00000013	addi	x0,x0,0	  x0:0x00000000
        8075000	       806	80000d18	00fad833	srl	x16,x21,x15	 x21:0x00000000 x15:0x800087d2 x16=0x00000000
        8085000	       807	80000d1c	0104da93	srli	x21,x9,0x10	  x9:0x80009fc4 x21=0x00008000
        8095000	       808	80000d20	5840ff13	andi	x30,x1,1412	  x1:0x00000000 x30=0x00000000
        8105000	       809	80000d24	41738d33	sub	x26,x7,x23	  x7:0x80000000 x23:0x80000000 x26=0x00000000
        8115000	       810	80000d28	40e18833	sub	x16,x3,x14	  x3:0x800087f3 x14:0x00000002 x16=0x800087f1
        8125000	       811	80000d2c	40b0d913	srai	x18,x1,0xb	  x1:0x00000000 x18=0x00000000
        8135000	       812	80000d30	ff653113	sltiu	x2,x10,-10	 x10:0x00000000  x2=0x00000001
        8145000	       813	80000d34	309d8a13	addi	x20,x27,777	 x27:0x80009f84 x20=0x8000a28d
        8155000	       814	80000d38	0177a8b3	slt	x17,x15,x23	 x15:0x800087d2 x23:0x80000000 x17=0x00000000
        8165000	       815	80000d3c	402d0833	sub	x16,x26,x2	 x26:0x00000000  x2:0x00000001 x16=0xffffffff
        8175000	       816	80000d40	41d8da33	sra	x20,x17,x29	 x17:0x00000000 x29:0x00000001 x20=0x00000000
        8185000	       817	80000d44	40100733	sub	x14,x0,x1	  x0:0x00000000  x1:0x00000000 x14=0x00000000
        8195000	       818	80000d48	0311e063	bltu	x3,x17,80000d68	  x3:0x800087f3 x17:0x00000000
        8205000	       819	80000d4c	f4e00d93	addi	x27,x0,-178	  x0:0x00000000 x27=0xffffff4e
        8215000	       820	80000d50	90336093	ori	x1,x6,-1789	  x6:0x53900000  x1=0xfffff903
        8225000	       821	80000d54	1e104513	xori	x10,x0,481	  x0:0x00000000 x10=0x000001e1
        8235000	       822	80000d58	cd54c613	xori	x12,x9,-811	  x9:0x80009fc4 x12=0x7fff6311
        8245000	       823	80000d5c	001cf233	and	x4,x25,x1	 x25:0x80009f84  x1:0xfffff903  x4=0x80009900
        8255000	       824	80000d60	00f88ab3	add	x21,x17,x15	 x17:0x00000000 x15:0x800087d2 x21=0x800087d2
        8265000	       825	80000d64	0312d663	bge	x5,x17,80000d90	  x5:0x800088e9 x17:0x00000000
        8275000	       826	80000d68	57e40c13	addi	x24,x8,1406	  x8:0xfffffe31 x24=0x000003af
        8285000	       827	80000d6c	01ef2f33	slt	x30,x30,x30	 x30:0x00000000 x30:0x00000000 x30=0x00000000
        8295000	       828	80000d70	03c6f663	bgeu	x13,x28,80000d9c	 x13:0x00000000 x28:0x00000001
        8305000	       829	80000d74	a850f893	andi	x17,x1,-1403	  x1:0xfffff903 x17=0xfffff801
        8315000	       830	80000d78	001d9113	slli	x2,x27,0x1	 x27:0xffffff4e  x2=0xfffffe9c
        8325000	       831	80000d7c	00a30733	add	x14,x6,x10	  x6:0x53900000 x10:0x000001e1 x14=0x539001e1
        8335000	       832	80000d80	9f131b37	lui	x22,0x9f131	 x22=0x9f131000
        8345000	       833	80000d84	d46a3793	sltiu	x15,x20,-698	 x20:0x00000000 x15=0x00000001
        8355000	       834	80000d88	41370613	addi	x12,x14,1043	 x14:0x539001e1 x12=0x539005f4
        8365000	       835	80000d8c	fcb2ce37	lui	x28,0xfcb2c	 x28=0xfcb2c000
        8375000	       836	80000d90	019ab9b3	sltu	x19,x21,x25	 x21:0x800087d2 x25:0x80009f84 x19=0x00000001
        8385000	       837	80000d94	01e98733	add	x14,x19,x30	 x19:0x00000001 x30:0x00000000 x14=0x00000001
        8395000	       838	80000d98	40605693	srai	x13,x0,0x6	  x0:0x00000000 x13=0x00000000
        8405000	       839	80000d9c	011ea9b3	slt	x19,x29,x17	 x29:0x00000001 x17:0xfffff801 x19=0x00000000
        8415000	       840	80000da0	54f02993	slti	x19,x0,1359	  x0:0x00000000 x19=0x00000001
        8425000	       841	80000da4	d0fda213	slti	x4,x27,-753	 x27:0xffffff4e  x4=0x00000000
        8435000	       842	80000da8	00fb71b3	and	x3,x22,x15	 x22:0x9f131000 x15:0x00000001  x3=0x00000000
        8445000	       843	80000dac	03ef7863	bgeu	x30,x30,80000ddc	 x30:0x00000000 x30:0x00000000
        8455000	       844	00000000	00000013	addi	x0,x0,0	  x0:0x00000000
        8465000	       845	80000dd8	00000013	addi	x0,x0,0	  x0:0x00000000
        8475000	       846	80000ddc	d4704597	auipc	x11,0xd4704	 x11=0x54704dd8
        8485000	       847	80000de0	004881b3	add	x3,x17,x4	 x17:0xfffff801  x4:0x00000000  x3=0xfffff801
        8495000	       848	80000de4	004f89b3	add	x19,x31,x4	 x31:0x00100011  x4:0x00000000 x19=0x00100011
        8505000	       849	80000de8	119a7097	auipc	x1,0x119a7	  x1=0x919a7de4
        8515000	       850	80000dec	47a40a13	addi	x20,x8,1146	  x8:0xfffffe31 x20=0x000002ab
        8525000	       851	80000df0	e58e4293	xori	x5,x28,-424	 x28:0xfcb2c000  x5=0x034d3e58
        8535000	       852	80000df4	00549533	sll	x10,x9,x5	  x9:0x80009fc4  x5:0x034d3e58 x10=0xc4000000
        8545000	       853	80000df8	02b1be93	sltiu	x29,x3,43	  x3:0xfffff801 x29=0x00000000
        8555000	       854	80000dfc	00c37f33	and	x30,x6,x12	  x6:0x53900000 x12:0x539005f4 x30=0x53900000
        8565000	       855	80000e00	9024a593	slti	x11,x9,-1790	  x9:0x80009fc4 x11=0x00000001
        8575000	       856	80000e04	40ca5313	srai	x6,x20,0xc	 x20:0x000002ab  x6=0x00000000
        8585000	       857	80000e08	011ec533	xor	x10,x29,x17	 x29:0x00000000 x17:0xfffff801 x10=0xfffff801
        8595000	       858	80000e0c	00000013	addi	x0,x0,0	  x0:0x00000000
        8605000	       859	80000e10	00000013	addi	x0,x0,0	  x0:0x00000000
        8615000	       860	80000e14	03689863	bne	x17,x22,80000e44	 x17:0xfffff801 x22:0x9f131000
        8625000	       861	00000000	00000013	addi	x0,x0,0	  x0:0x00000000
        8635000	       862	80000e40	00000013	addi	x0,x0,0	  x0:0x00000000
        8645000	       863	80000e44	78616f13	ori	x30,x2,1926	  x2:0xfffffe9c x30=0xffffff9e
        8655000	       864	80000e48	05f3d063	bge	x7,x31,80000e88	  x7:0x80000000 x31:0x00100011
        8665000	       865	80000e4c	01baae33	slt	x28,x21,x27	 x21:0x800087d2 x27:0xffffff4e x28=0x00000001
        8675000	       866	80000e50	01ef4e63	blt	x30,x30,80000e6c	 x30:0xffffff9e x30:0xffffff9e
        8685000	       867	80000e54	019f3ab3	sltu	x21,x30,x25	 x30:0xffffff9e x25:0x80009f84 x21=0x00000000
        8695000	       868	80000e58	39e6c793	xori	x15,x13,926	 x13:0x00000000 x15=0x0000039e
        8705000	       869	80000e5c	04441863	bne	x8,x4,80000eac	  x8:0xfffffe31  x4:0x00000000
        8715000	       870	00000000	00000013	addi	x0,x0,0	  x0:0x00000000
        8725000	       871	80000ea8	00000013	addi	x0,x0,0	  x0:0x00000000
        8735000	       872	80000eac	4126da13	srai	x20,x13,0x12	 x13:0x00000000 x20=0x00000000
        8745000	       873	80000eb0	e1ae7393	andi	x7,x28,-486	 x28:0x00000001  x7=0x00000000
        8755000	       874	80000eb4	9390e893	ori	x17,x1,-1735	  x1:0x919a7de4 x17=0xfffffdfd
        8765000	       875	80000eb8	00b0ca33	xor	x20,x1,x11	  x1:0x919a7de4 x11:0x00000001 x20=0x919a7de5
        8775000	       876	80000ebc	007c6463	bltu	x24,x7,80000ec4	 x24:0x000003af  x7:0x00000000
        8785000	       877	80000ec0	01a36433	or	x8,x6,x26	  x6:0x00000000 x26:0x00000000  x8=0x00000000
        8795000	       878	80000ec4	0220e663	bltu	x1,x2,80000ef0	  x1:0x919a7de4  x2:0xfffffe9c
        8805000	       879	00000000	00000013	addi	x0,x0,0	  x0:0x00000000
        8815000	       880	80000eec	00000013	addi	x0,x0,0	  x0:0x00000000
        8825000	       881	80000ef0	0071cab3	xor	x21,x3,x7	  x3:0xfffff801  x7:0x00000000 x21=0xfffff801
        8835000	       882	80000ef4	0a5b0993	addi	x19,x22,165	 x22:0x9f131000 x19=0x9f1310a5
        8845000	       883	80000ef8	033a1e63	bne	x20,x19,80000f34	 x20:0x919a7de5 x19:0x9f1310a5
        8855000	       884	00000000	00000013	addi	x0,x0,0	  x0:0x00000000
        8865000	       885	80000f30	00000013	addi	x0,x0,0	  x0:0x00000000
        8875000	       886	80000f34	0079c5b3	xor	x11,x19,x7	 x19:0x9f1310a5  x7:0x00000000 x11=0x9f1310a5
        8885000	       887	80000f38	1f150313	addi	x6,x10,497	 x10:0xfffff801  x6=0xfffff9f2
        8895000	       888	80000f3c	00bd5013	srli	x0,x26,0xb	 x26:0x00000000
        8905000	       889	80000f40	03985663	bge	x16,x25,80000f6c	 x16:0xffffffff x25:0x80009f84
        8915000	       890	00000000	00000013	addi	x0,x0,0	  x0:0x00000000
        8925000	       891	80000f68	00000013	addi	x0,x0,0	  x0:0x00000000
        8935000	       892	80000f6c	00000013	addi	x0,x0,0	  x0:0x00000000
        8945000	       893	80000f70	1c9fbc13	sltiu	x24,x31,457	 x31:0x00100011 x24=0x00000000
        8955000	       894	80000f74	006cc233	xor	x4,x25,x6	 x25:0x80009f84  x6:0xfffff9f2  x4=0x7fff6676
        8965000	       895	80000f78	41ab8ab3	sub	x21,x23,x26	 x23:0x80000000 x26:0x00000000 x21=0x80000000
        8975000	       896	80000f7c	012d1393	slli	x7,x26,0x12	 x26:0x00000000  x7=0x00000000
        8985000	       897	80000f80	e0c80913	addi	x18,x16,-500	 x16:0xffffffff x18=0xfffffe0b
        8995000	       898	80000f84	032d9863	bne	x27,x18,80000fb4	 x27:0xffffff4e x18:0xfffffe0b
        9005000	       899	00000000	00000013	addi	x0,x0,0	  x0:0x00000000
        9015000	       900	80000fb0	00000013	addi	x0,x0,0	  x0:0x00000000
        9025000	       901	80000fb4	037ff063	bgeu	x31,x23,80000fd4	 x31:0x00100011 x23:0x80000000
        9035000	       902	80000fb8	2484e717	auipc	x14,0x2484e	 x14=0xa484efb4
        9045000	       903	80000fbc	04cbf263	bgeu	x23,x12,80001000	 x23:0x80000000 x12:0x539005f4
        9055000	       904	00000000	00000013	addi	x0,x0,0	  x0:0x00000000
        9065000	       905	80000ffc	00000013	addi	x0,x0,0	  x0:0x00000000
        9075000	       906	80001000	04989263	bne	x17,x9,80001044	 x17:0xfffffdfd  x9:0x80009fc4
        9085000	       907	00000000	00000013	addi	x0,x0,0	  x0:0x00000000
        9095000	       908	80001040	00000013	addi	x0,x0,0	  x0:0x00000000
        9105000	       909	80001044	025ec663	blt	x29,x5,80001070	 x29:0x00000000  x5:0x034d3e58
        9115000	       910	00000000	00000013	addi	x0,x0,0	  x0:0x00000000
        9125000	       911	8000106c	00000013	addi	x0,x0,0	  x0:0x00000000
        9135000	       912	80001070	01f0b633	sltu	x12,x1,x31	  x1:0x919a7de4 x31:0x00100011 x12=0x00000000
        9145000	       913	80001074	69df3313	sltiu	x6,x30,1693	 x30:0xffffff9e  x6=0x00000000
        9155000	       914	80001078	40f65d93	srai	x27,x12,0xf	 x12:0x00000000 x27=0x00000000
        9165000	       915	8000107c	41155933	sra	x18,x10,x17	 x10:0xfffff801 x17:0xfffffdfd x18=0xffffffff
        9175000	       916	80001080	00195b33	srl	x22,x18,x1	 x18:0xffffffff  x1:0x919a7de4 x22=0x0fffffff
        9185000	       917	80001084	87023793	sltiu	x15,x4,-1936	  x4:0x7fff6676 x15=0x00000001
        9195000	       918	80001088	bf6f0c17	auipc	x24,0xbf6f0	 x24=0x3f6f1084
        9205000	       919	8000108c	4d144213	xori	x4,x8,1233	  x8:0x00000000  x4=0x000004d1
        9215000	       920	80001090	04959063	bne	x11,x9,800010d0	 x11:0x9f1310a5  x9:0x80009fc4
        9225000	       921	00000000	00000013	addi	x0,x0,0	  x0:0x00000000
        9235000	       922	800010cc	00000013	addi	x0,x0,0	  x0:0x00000000
        9245000	       923	800010d0	45a8a093	slti	x1,x17,1114	 x17:0xfffffdfd  x1=0x00000001
        9255000	       924	800010d4	005f9333	sll	x6,x31,x5	 x31:0x00100011  x5:0x034d3e58  x6=0x11000000
        9265000	       925	800010d8	e6c6ad93	slti	x27,x13,-404	 x13:0x00000000 x27=0x00000000
        9275000	       926	800010dc	40c60433	sub	x8,x12,x12	 x12:0x00000000 x12:0x00000000  x8=0x00000000
        9285000	       927	800010e0	04e15063	bge	x2,x14,80001120	  x2:0xfffffe9c x14:0xa484efb4
        9295000	       928	00000000	00000013	addi	x0,x0,0	  x0:0x00000000
        9305000	       929	8000111c	00000013	addi	x0,x0,0	  x0:0x00000000
        9315000	       930	80001120	100ab313	sltiu	x6,x21,256	 x21:0x80000000  x6=0x00000000
        9325000	       931	80001124	01802e33	slt	x28,x0,x24	  x0:0x00000000 x24:0x3f6f1084 x28=0x00000001
        9335000	       932	80001128	01e816b3	sll	x13,x16,x30	 x16:0xffffffff x30:0xffffff9e x13=0xc0000000
        9345000	       933	8000112c	579ca593	slti	x11,x25,1401	 x25:0x80009f84 x11=0x00000001
        9355000	       934	80001130	3d4fb093	sltiu	x1,x31,980	 x31:0x00100011  x1=0x00000000
        9365000	       935	80001134	01b9f733	and	x14,x19,x27	 x19:0x9f1310a5 x27:0x00000000 x14=0x00000000
        9375000	       936	80001138	00697f33	and	x30,x18,x6	 x18:0xffffffff  x6:0x00000000 x30=0x00000000
        9385000	       937	8000113c	46a52c13	slti	x24,x10,1130	 x10:0xfffff801 x24=0x00000001
        9395000	       938	80001140	e2297a13	andi	x20,x18,-478	 x18:0xffffffff x20=0xfffffe22
        9405000	       939	80001144	01851913	slli	x18,x10,0x18	 x10:0xfffff801 x18=0x01000000
        9415000	       940	80001148	40dbd2b3	sra	x5,x23,x13	 x23:0x80000000 x13:0xc0000000  x5=0x80000000
        9425000	       941	8000114c	00f85713	srli	x14,x16,0xf	 x16:0xffffffff x14=0x0001ffff
        9435000	       942	80001150	00f37fb3	and	x31,x6,x15	  x6:0x00000000 x15:0x00000001 x31=0x00000000
        9445000	       943	80001154	4d90aa93	slti	x21,x1,1241	  x1:0x00000000 x21=0x00000001
        9455000	       944	80001158	01b59693	slli	x13,x11,0x1b	 x11:0x00000001 x13=0x08000000
        9465000	       945	8000115c	000fe463	bltu	x31,x0,80001164	 x31:0x00000000  x0:0x00000000
        9475000	       946	80001160	005451b3	srl	x3,x8,x5	  x8:0x00000000  x5:0x80000000  x3=0x00000000
        9485000	       947	80001164	036f1663	bne	x30,x22,80001190	 x30:0x00000000 x22:0x0fffffff
        9495000	       948	00000000	00000013	addi	x0,x0,0	  x0:0x00000000
        9505000	       949	8000118c	00000013	addi	x0,x0,0	  x0:0x00000000
        9515000	       950	80001190	02024663	blt	x4,x0,800011bc	  x4:0x000004d1  x0:0x00000000
        9525000	       951	80001194	df242e13	slti	x28,x8,-526	  x8:0x00000000 x28=0x00000000
        9535000	       952	80001198	41fa5313	srai	x6,x20,0x1f	 x20:0xfffffe22  x6=0xffffffff
        9545000	       953	8000119c	0187b333	sltu	x6,x15,x24	 x15:0x00000001 x24:0x00000001  x6=0x00000000
        9555000	       954	800011a0	01939863	bne	x7,x25,800011b0	  x7:0x00000000 x25:0x80009f84
        9565000	       955	00000000	00000013	addi	x0,x0,0	  x0:0x00000000
        9575000	       956	800011ac	00000013	addi	x0,x0,0	  x0:0x00000000
        9585000	       957	800011b0	04ecc863	blt	x25,x14,80001200	 x25:0x80009f84 x14:0x0001ffff
        9595000	       958	00000000	00000013	addi	x0,x0,0	  x0:0x00000000
        9605000	       959	800011fc	00000013	addi	x0,x0,0	  x0:0x00000000
        9615000	       960	80001200	00fb6433	or	x8,x22,x15	 x22:0x0fffffff x15:0x00000001  x8=0x0fffffff
        9625000	       961	80001204	05c4d063	bge	x9,x28,80001244	  x9:0x80009fc4 x28:0x00000000
        9635000	       962	80001208	01016d33	or	x26,x2,x16	  x2:0xfffffe9c x16:0xffffffff x26=0xffffffff
        9645000	       963	8000120c	0377d463	bge	x15,x23,80001234	 x15:0x00000001 x23:0x80000000
        9655000	       964	00000000	00000013	addi	x0,x0,0	  x0:0x00000000
        9665000	       965	80001230	00000013	addi	x0,x0,0	  x0:0x00000000
        9675000	       966	80001234	419d0833	sub	x16,x26,x25	 x26:0xffffffff x25:0x80009f84 x16=0x7fff607b
        9685000	       967	80001238	41c95d13	srai	x26,x18,0x1c	 x18:0x01000000 x26=0x00000000
        9695000	       968	8000123c	d5feea13	ori	x20,x29,-673	 x29:0x00000000 x20=0xfffffd5f
        9705000	       969	80001240	1fae97b7	lui	x15,0x1fae9	 x15=0x1fae9000
        9715000	       970	80001244	9ca88893	addi	x17,x17,-1590	 x17:0xfffffdfd x17=0xfffff7c7
        9725000	       971	80001248	00755e63	bge	x10,x7,80001264	 x10:0xfffff801  x7:0x00000000
        9735000	       972	8000124c	7cdc7513	andi	x10,x24,1997	 x24:0x00000001 x10=0x00000001
        9745000	       973	80001250	6538b5b7	lui	x11,0x6538b	 x11=0x6538b000
        9755000	       974	80001254	56dabf93	sltiu	x31,x21,1389	 x21:0x00000001 x31=0x00000001
        9765000	       975	80001258	01c97263	bgeu	x18,x28,8000125c	 x18:0x01000000 x28:0x00000000
        9775000	       976	00000000	00000013	addi	x0,x0,0	  x0:0x00000000
        9785000	       977	80001258	00000013	addi	x0,x0,0	  x0:0x00000000
        9795000	       978	8000125c	f5d3c313	xori	x6,x7,-163	  x7:0x00000000  x6=0xffffff5d
        9805000	       979	80001260	531f7613	andi	x12,x30,1329	 x30:0x00000000 x12=0x00000000
        9815000	       980	80001264	01d050b3	srl	x1,x0,x29	  x0:0x00000000 x29:0x00000000  x1=0x00000000
        9825000	       981	80001268	00000013	addi	x0,x0,0	  x0:0x00000000
        9835000	       982	8000126c	415452b3	sra	x5,x8,x21	  x8:0x0fffffff x21:0x00000001  x5=0x07ffffff
        9845000	       983	80001270	c926a793	slti	x15,x13,-878	 x13:0x08000000 x15=0x00000000
        9855000	       984	80001274	0187a3b3	slt	x7,x15,x24	 x15:0x00000000 x24:0x00000001  x7=0x00000001
        9865000	       985	80001278	ccf14937	lui	x18,0xccf14	 x18=0xccf14000
        9875000	       986	8000127c	024d0063	beq	x26,x4,8000129c	 x26:0x00000000  x4:0x000004d1
        9885000	       987	80001280	483fb593	sltiu	x11,x31,1155	 x31:0x00000001 x11=0x00000001
        9895000	       988	80001284	0129df33	srl	x30,x19,x18	 x19:0x9f1310a5 x18:0xccf14000 x30=0x9f1310a5
        9905000	       989	80001288	01544863	blt	x8,x21,80001298	  x8:0x0fffffff x21:0x00000001
        9915000	       990	8000128c	06e8f263	bgeu	x17,x14,800012f0	 x17:0xfffff7c7 x14:0x0001ffff
        9925000	       991	00000000	00000013	addi	x0,x0,0	  x0:0x00000000
        9935000	       992	800012ec	00000013	addi	x0,x0,0	  x0:0x00000000
        9945000	       993	800012f0	4138df13	srai	x30,x17,0x13	 x17:0xfffff7c7 x30=0xffffffff
        9955000	       994	800012f4	009341b3	xor	x3,x6,x9	  x6:0xffffff5d  x9:0x80009fc4  x3=0x7fff6099
        9965000	       995	800012f8	0065cf33	xor	x30,x11,x6	 x11:0x00000001  x6:0xffffff5d x30=0xffffff5c
        9975000	       996	800012fc	03db6663	bltu	x22,x29,80001328	 x22:0x0fffffff x29:0x00000000
        9985000	       997	80001300	97ee0537	lui	x10,0x97ee0	 x10=0x97ee0000
        9995000	       998	80001304	00fb35b3	sltu	x11,x22,x15	 x22:0x0fffffff x15:0x00000000 x11=0x00000000
       10005000	       999	80001308	14912593	slti	x11,x2,329	  x2:0xfffffe9c x11=0x00000001
       10015000	      1000	8000130c	00024d33	xor	x26,x4,x0	  x4:0x000004d1  x0:0x00000000 x26=0x000004d1
       10025000	      1001	80001310	001bffb3	and	x31,x23,x1	 x23:0x80000000  x1:0x00000000 x31=0x00000000
       10035000	      1002	80001314	00fc8e63	beq	x25,x15,80001330	 x25:0x80009f84 x15:0x00000000
       10045000	      1003	80001318	02c36663	bltu	x6,x12,80001344	  x6:0xffffff5d x12:0x00000000
       10055000	      1004	8000131c	032bc663	blt	x23,x18,80001348	 x23:0x80000000 x18:0xccf14000
       10065000	      1005	00000000	00000013	addi	x0,x0,0	  x0:0x00000000
       10075000	      1006	80001344	00000013	addi	x0,x0,0	  x0:0x00000000
       10085000	      1007	80001348	01e60133	add	x2,x12,x30	 x12:0x00000000 x30:0xffffff5c  x2=0xffffff5c
       10095000	      1008	8000134c	718a3e93	sltiu	x29,x20,1816	 x20:0xfffffd5f x29=0x00000000
       10105000	      1009	80001350	0065ad33	slt	x26,x11,x6	 x11:0x00000001  x6:0xffffff5d x26=0x00000000
       10115000	      1010	80001354	05c25263	bge	x4,x28,80001398	  x4:0x000004d1 x28:0x00000000
       10125000	      1011	00000000	00000013	addi	x0,x0,0	  x0:0x00000000
       10135000	      1012	80001394	00000013	addi	x0,x0,0	  x0:0x00000000
       10145000	      1013	80001398	e4746093	ori	x1,x8,-441	  x8:0x0fffffff  x1=0xffffffff
       10155000	      1014	8000139c	00e81863	bne	x16,x14,800013ac	 x16:0x7fff607b x14:0x0001ffff
       10165000	      1015	00000000	00000013	addi	x0,x0,0	  x0:0x00000000
       10175000	      1016	800013a8	00000013	addi	x0,x0,0	  x0:0x00000000
       10185000	      1017	800013ac	f217b093	sltiu	x1,x15,-223	 x15:0x00000000  x1=0x00000001
       10195000	      1018	800013b0	01a90333	add	x6,x18,x26	 x18:0xccf14000 x26:0x00000000  x6=0xccf14000
       10205000	      1019	800013b4	343c4e93	xori	x29,x24,835	 x24:0x00000001 x29=0x00000342
       10215000	      1020	800013b8	01214db3	xor	x27,x2,x18	  x2:0xffffff5c x18:0xccf14000 x27=0x330ebf5c
       10225000	      1021	800013bc	409d5933	sra	x18,x26,x9	 x26:0x00000000  x9:0x80009fc4 x18=0x00000000
       10235000	      1022	800013c0	01c599b3	sll	x19,x11,x28	 x11:0x00000001 x28:0x00000000 x19=0x00000001
       10245000	      1023	800013c4	e5282613	slti	x12,x16,-430	 x16:0x7fff607b x12=0x00000000
       10255000	      1024	800013c8	006ac9b3	xor	x19,x21,x6	 x21:0x00000001  x6:0xccf14000 x19=0xccf14001
       10265000	      1025	800013cc	e6058013	addi	x0,x11,-416	 x11:0x00000001
       10275000	      1026	800013d0	00864e63	blt	x12,x8,800013ec	 x12:0x00000000  x8:0x0fffffff
       10285000	      1027	00000000	00000013	addi	x0,x0,0	  x0:0x00000000
       10295000	      1028	800013e8	00000013	addi	x0,x0,0	  x0:0x00000000
       10305000	      1029	800013ec	41a25a93	srai	x21,x4,0x1a	  x4:0x000004d1 x21=0x00000000
       10315000	      1030	800013f0	0095eab3	or	x21,x11,x9	 x11:0x00000001  x9:0x80009fc4 x21=0x80009fc5
       10325000	      1031	800013f4	04167863	bgeu	x12,x1,80001444	 x12:0x00000000  x1:0x00000001
       10335000	      1032	800013f8	02601663	bne	x0,x6,80001424	  x0:0x00000000  x6:0xccf14000
       10345000	      1033	00000000	00000013	addi	x0,x0,0	  x0:0x00000000
       10355000	      1034	80001420	00000013	addi	x0,x0,0	  x0:0x00000000
       10365000	      1035	80001424	00d35fb3	srl	x31,x6,x13	  x6:0xccf14000 x13:0x08000000 x31=0xccf14000
       10375000	      1036	80001428	00a75033	srl	x0,x14,x10	 x14:0x0001ffff x10:0x97ee0000
       10385000	      1037	8000142c	003058b3	srl	x17,x0,x3	  x0:0x00000000  x3:0x7fff6099 x17=0x00000000
       10395000	      1038	80001430	009e1a63	bne	x28,x9,80001444	 x28:0x00000000  x9:0x80009fc4
       10405000	      1039	00000000	00000013	addi	x0,x0,0	  x0:0x00000000
       10415000	      1040	80001440	00000013	addi	x0,x0,0	  x0:0x00000000
       10425000	      1041	80001444	ea659d37	lui	x26,0xea659	 x26=0xea659000
       10435000	      1042	80001448	a044a713	slti	x14,x9,-1532	  x9:0x80009fc4 x14=0x00000001
       10445000	      1043	8000144c	01260a33	add	x20,x12,x18	 x12:0x00000000 x18:0x00000000 x20=0x00000000
       10455000	      1044	80001450	00e6bfb3	sltu	x31,x13,x14	 x13:0x08000000 x14:0x00000001 x31=0x00000000
       10465000	      1045	80001454	00faa233	slt	x4,x21,x15	 x21:0x80009fc5 x15:0x00000000  x4=0x00000001
       10475000	      1046	80001458	0189da13	srli	x20,x19,0x18	 x19:0xccf14001 x20=0x000000cc
       10485000	      1047	8000145c	40f650b3	sra	x1,x12,x15	 x12:0x00000000 x15:0x00000000  x1=0x00000000
       10495000	      1048	80001460	0692e263	bltu	x5,x9,800014c4	  x5:0x07ffffff  x9:0x80009fc4
       10505000	      1049	00000000	00000013	addi	x0,x0,0	  x0:0x00000000
       10515000	      1050	800014c0	00000013	addi	x0,x0,0	  x0:0x00000000
       10525000	      1051	800014c4	1fb1b413	sltiu	x8,x3,507	  x3:0x7fff6099  x8=0x00000000
       10535000	      1052	800014c8	00000013	addi	x0,x0,0	  x0:0x00000000
       10545000	      1053	800014cc	40bcdb13	srai	x22,x25,0xb	 x25:0x80009f84 x22=0xfff00013
       10555000	      1054	800014d0	737bc113	xori	x2,x23,1847	 x23:0x80000000  x2=0x80000737
       10565000	      1055	800014d4	00e4d933	srl	x18,x9,x14	  x9:0x80009fc4 x14:0x00000001 x18=0x40004fe2
       10575000	      1056	800014d8	b67ecb13	xori	x22,x29,-1177	 x29:0x00000342 x22=0xfffff825
       10585000	      1057	800014dc	000e8ab3	add	x21,x29,x0	 x29:0x00000342  x0:0x00000000 x21=0x00000342
       10595000	      1058	800014e0	5512db17	auipc	x22,0x5512d	 x22=0xd512e4dc
       10605000	      1059	800014e4	00000013	addi	x0,x0,0	  x0:0x00000000
       10615000	      1060	800014e8	00867db3	and	x27,x12,x8	 x12:0x00000000  x8:0x00000000 x27=0x00000000
       10625000	      1061	800014ec	01d68a63	beq	x13,x29,80001500	 x13:0x08000000 x29:0x00000342
       10635000	      1062	800014f0	407950b3	sra	x1,x18,x7	 x18:0x40004fe2  x7:0x00000001  x1=0x200027f1
       10645000	      1063	800014f4	016c6133	or	x2,x24,x22	 x24:0x00000001 x22:0xd512e4dc  x2=0xd512e4dd
       10655000	      1064	800014f8	009a95b3	sll	x11,x21,x9	 x21:0x00000342  x9:0x80009fc4 x11=0x00003420
       10665000	      1065	800014fc	009da333	slt	x6,x27,x9	 x27:0x00000000  x9:0x80009fc4  x6=0x00000000
       10675000	      1066	80001500	02bc8663	beq	x25,x11,8000152c	 x25:0x80009f84 x11:0x00003420
       10685000	      1067	80001504	6e1ee113	ori	x2,x29,1761	 x29:0x00000342  x2=0x000007e3
       10695000	      1068	80001508	01b8c6b3	xor	x13,x17,x27	 x17:0x00000000 x27:0x00000000 x13=0x00000000
       10705000	      1069	8000150c	009dd433	srl	x8,x27,x9	 x27:0x00000000  x9:0x80009fc4  x8=0x00000000
       10715000	      1070	80001510	017f1463	bne	x30,x23,80001518	 x30:0xffffff5c x23:0x80000000
       10725000	      1071	00000000	00000013	addi	x0,x0,0	  x0:0x00000000
       10735000	      1072	80001514	00000013	addi	x0,x0,0	  x0:0x00000000
       10745000	      1073	80001518	ea18b393	sltiu	x7,x17,-351	 x17:0x00000000  x7=0x00000001
       10755000	      1074	8000151c	fbb5cd13	xori	x26,x11,-69	 x11:0x00003420 x26=0xffffcb9b
       10765000	      1075	80001520	00691193	slli	x3,x18,0x6	 x18:0x40004fe2  x3=0x0013f880
       10775000	      1076	80001524	006bf533	and	x10,x23,x6	 x23:0x80000000  x6:0x00000000 x10=0x00000000
       10785000	      1077	80001528	bfce2913	slti	x18,x28,-1028	 x28:0x00000000 x18=0x00000000
       10795000	      1078	8000152c	04586863	bltu	x16,x5,8000157c	 x16:0x7fff607b  x5:0x07ffffff
       10805000	      1079	80001530	f7ea2793	slti	x15,x20,-130	 x20:0x000000cc x15=0x00000000
       10815000	      1080	80001534	0144d863	bge	x9,x20,80001544	  x9:0x80009fc4 x20:0x000000cc
       10825000	      1081	80001538	872e3d93	sltiu	x27,x28,-1934	 x28:0x00000000 x27=0x00000001
       10835000	      1082	8000153c	5a0a2a13	slti	x20,x20,1440	 x20:0x000000cc x20=0x00000001
       10845000	      1083	80001540	63190297	auipc	x5,0x63190	  x5=0xe319153c
       10855000	      1084	80001544	04e29063	bne	x5,x14,80001584	  x5:0xe319153c x14:0x00000001
       10865000	      1085	00000000	00000013	addi	x0,x0,0	  x0:0x00000000
       10875000	      1086	80001580	00000013	addi	x0,x0,0	  x0:0x00000000
       10885000	      1087	80001584	0102c2b3	xor	x5,x5,x16	  x5:0xe319153c x16:0x7fff607b  x5=0x9ce67547
       10895000	      1088	80001588	01aa4e63	blt	x20,x26,800015a4	 x20:0x00000001 x26:0xffffcb9b
       10905000	      1089	8000158c	414a0533	sub	x10,x20,x20	 x20:0x00000001 x20:0x00000001 x10=0x00000000
       10915000	      1090	80001590	00581863	bne	x16,x5,800015a0	 x16:0x7fff607b  x5:0x9ce67547
       10925000	      1091	00000000	00000013	addi	x0,x0,0	  x0:0x00000000
       10935000	      1092	8000159c	00000013	addi	x0,x0,0	  x0:0x00000000
       10945000	      1093	800015a0	01c12d33	slt	x26,x2,x28	  x2:0x000007e3 x28:0x00000000 x26=0x00000000
       10955000	      1094	800015a4	5e7a6a93	ori	x21,x20,1511	 x20:0x00000001 x21=0x000005e7
       10965000	      1095	800015a8	441faa13	slti	x20,x31,1089	 x31:0x00000000 x20=0x00000001
       10975000	      1096	800015ac	0147fd33	and	x26,x15,x20	 x15:0x00000000 x20:0x00000001 x26=0x00000000
       10985000	      1097	800015b0	dbedce93	xori	x29,x27,-578	 x27:0x00000001 x29=0xfffffdbf
       10995000	      1098	800015b4	000b9b33	sll	x22,x23,x0	 x23:0x80000000  x0:0x00000000 x22=0x80000000
       11005000	      1099	800015b8	d4672313	slti	x6,x14,-698	 x14:0x00000001  x6=0x00000000
       11015000	      1100	800015bc	b193ec13	ori	x24,x7,-1255	  x7:0x00000001 x24=0xfffffb19
       11025000	      1101	800015c0	41725b13	srai	x22,x4,0x17	  x4:0x00000001 x22=0x00000000
       11035000	      1102	800015c4	76806e13	ori	x28,x0,1896	  x0:0x00000000 x28=0x00000768
       11045000	      1103	800015c8	04431263	bne	x6,x4,8000160c	  x6:0x00000000  x4:0x00000001
       11055000	      1104	00000000	00000013	addi	x0,x0,0	  x0:0x00000000
       11065000	      1105	80001608	00000013	addi	x0,x0,0	  x0:0x00000000
       11075000	      1106	8000160c	f5647717	auipc	x14,0xf5647	 x14=0x75648608
       11085000	      1107	80001610	0085a9b3	slt	x19,x11,x8	 x11:0x00003420  x8:0x00000000 x19=0x00000000
       11095000	      1108	80001614	c2391637	lui	x12,0xc2391	 x12=0xc2391000
       11105000	      1109	80001618	f102c213	xori	x4,x5,-240	  x5:0x9ce67547  x4=0x63198a57
       11115000	      1110	8000161c	0192bdb3	sltu	x27,x5,x25	  x5:0x9ce67547 x25:0x80009f84 x27=0x00000000
       11125000	      1111	80001620	02ef0663	beq	x30,x14,8000164c	 x30:0xffffff5c x14:0x75648608
       11135000	      1112	80001624	9bf1c417	auipc	x8,0x9bf1c	  x8=0x1bf1d620
       11145000	      1113	80001628	00a295b3	sll	x11,x5,x10	  x5:0x9ce67547 x10:0x00000000 x11=0x9ce67547
       11155000	      1114	8000162c	051f1263	bne	x30,x17,80001670	 x30:0xffffff5c x17:0x00000000
       11165000	      1115	00000000	00000013	addi	x0,x0,0	  x0:0x00000000
       11175000	      1116	8000166c	00000013	addi	x0,x0,0	  x0:0x00000000
       11185000	      1117	80001670	00a6bd33	sltu	x26,x13,x10	 x13:0x00000000 x10:0x00000000 x26=0x00000000
       11195000	      1118	80001674	017f0c33	add	x24,x30,x23	 x30:0xffffff5c x23:0x80000000 x24=0x7fffff5c
       11205000	      1119	80001678	02849663	bne	x9,x8,800016a4	  x9:0x80009fc4  x8:0x1bf1d620
       11215000	      1120	00000000	00000013	addi	x0,x0,0	  x0:0x00000000
       11225000	      1121	800016a0	00000013	addi	x0,x0,0	  x0:0x00000000
       11235000	      1122	800016a4	0271d463	bge	x3,x7,800016cc	  x3:0x0013f880  x7:0x00000001
       11245000	      1123	00000000	00000013	addi	x0,x0,0	  x0:0x00000000
       11255000	      1124	800016c8	00000013	addi	x0,x0,0	  x0:0x00000000
       11265000	      1125	800016cc	02075663	bge	x14,x0,800016f8	 x14:0x75648608  x0:0x00000000
       11275000	      1126	00000000	00000013	addi	x0,x0,0	  x0:0x00000000
       11285000	      1127	800016f4	00000013	addi	x0,x0,0	  x0:0x00000000
       11295000	      1128	800016f8	01cb1793	slli	x15,x22,0x1c	 x22:0x00000000 x15=0x00000000
       11305000	      1129	800016fc	db3e0717	auipc	x14,0xdb3e0	 x14=0x5b3e16f8
       11315000	      1130	80001700	01218e33	add	x28,x3,x18	  x3:0x0013f880 x18:0x00000000 x28=0x0013f880
       11325000	      1131	80001704	04c75063	bge	x14,x12,80001744	 x14:0x5b3e16f8 x12:0xc2391000
       11335000	      1132	00000000	00000013	addi	x0,x0,0	  x0:0x00000000
       11345000	      1133	80001740	00000013	addi	x0,x0,0	  x0:0x00000000
       11355000	      1134	80001744	50911597	auipc	x11,0x50911	 x11=0xd0912740
       11365000	      1135	80001748	9daa6093	ori	x1,x20,-1574	 x20:0x00000001  x1=0xfffff9db
       11375000	      1136	8000174c	00c98a33	add	x20,x19,x12	 x19:0x00000000 x12:0xc2391000 x20=0xc2391000
       11385000	      1137	80001750	00925813	srli	x16,x4,0x9	  x4:0x63198a57 x16=0x00318cc5
       11395000	      1138	80001754	01441633	sll	x12,x8,x20	  x8:0x1bf1d620 x20:0xc2391000 x12=0x1bf1d620
       11405000	      1139	80001758	00f997b3	sll	x15,x19,x15	 x19:0x00000000 x15:0x00000000 x15=0x00000000
       11415000	      1140	8000175c	a924b093	sltiu	x1,x9,-1390	  x9:0x80009fc4  x1=0x00000001
       11425000	      1141	80001760	00a75a63	bge	x14,x10,80001774	 x14:0x5b3e16f8 x10:0x00000000
       11435000	      1142	00000000	00000013	addi	x0,x0,0	  x0:0x00000000
       11445000	      1143	80001770	00000013	addi	x0,x0,0	  x0:0x00000000
       11455000	      1144	80001774	006fbfb3	sltu	x31,x31,x6	 x31:0x00000000  x6:0x00000000 x31=0x00000000
       11465000	      1145	80001778	d4aa8813	addi	x16,x21,-694	 x21:0x000005e7 x16=0x00000331
       11475000	      1146	8000177c	11782113	slti	x2,x16,279	 x16:0x00000331  x2=0x00000000
       11485000	      1147	80001780	00f9d133	srl	x2,x19,x15	 x19:0x00000000 x15:0x00000000  x2=0x00000000
       11495000	      1148	80001784	df286e13	ori	x28,x16,-526	 x16:0x00000331 x28=0xfffffff3
       11505000	      1149	80001788	019d8263	beq	x27,x25,8000178c	 x27:0x00000000 x25:0x80009f84
       11515000	      1150	8000178c	02974063	blt	x14,x9,800017ac	 x14:0x5b3e16f8  x9:0x80009fc4
       11525000	      1151	80001790	f44a2a13	slti	x20,x20,-188	 x20:0xc2391000 x20=0x00000001
       11535000	      1152	80001794	16bf0213	addi	x4,x30,363	 x30:0xffffff5c  x4=0x000000c7
       11545000	      1153	80001798	02039663	bne	x7,x0,800017c4	  x7:0x00000001  x0:0x00000000
       11555000	      1154	00000000	00000013	addi	x0,x0,0	  x0:0x00000000
       11565000	      1155	800017c0	00000013	addi	x0,x0,0	  x0:0x00000000
       11575000	      1156	800017c4	03526913	ori	x18,x4,53	  x4:0x000000c7 x18=0x000000f7
       11585000	      1157	800017c8	81413a13	sltiu	x20,x2,-2028	  x2:0x00000000 x20=0x00000001
       11595000	      1158	800017cc	d71a0213	addi	x4,x20,-655	 x20:0x00000001  x4=0xfffffd72
       11605000	      1159	800017d0	00000b97	auipc	x23,0x0	 x23=0x800017cc
       11615000	      1160	800017d4	00cb8b93	addi	x23,x23,12	 x23:0x800017cc x23=0x800017d8
       11625000	      1161	800017d8	000b8067	jalr	x0,x23,0	 x23:0x800017d8
       11635000	      1162	00000000	00000013	addi	x0,x0,0	  x0:0x00000000
       11645000	      1163	800017d8	00000013	addi	x0,x0,0	  x0:0x00000000
       11655000	      1164	800017dc	00100193	addi	x3,x0,1	  x0:0x00000000  x3=0x00000001
       11665000	      1165	800017e0	00000073	ecall	
       11675000	      1166	800017e4	0171b9b3	sltu	x19,x3,x23	  x3:0x00000001 x23:0x800017d8 x19=0x00000001
