		Time			Cycle	PC		Insn	Decoded instruction	Register and memory contents
          65000	         5	80000004	00000293	addi	x5,x0,0	  x0:0x00000000  x5=0x00000000
          75000	         6	80000008	00000313	addi	x6,x0,0	  x0:0x00000000  x6=0x00000000
          85000	         7	8000000c	00628263	beq	x5,x6,80000010	  x5:0x00000000  x6:0x00000000
          95000	         8	00000000	00000013	addi	x0,x0,0	  x0:0x00000000
         105000	         9	8000000c	00000013	addi	x0,x0,0	  x0:0x00000000
         115000	        10	80000010	00000897	auipc	x17,0x0	 x17=0x8000000c
         125000	        11	80000014	00c88893	addi	x17,x17,12	 x17:0x8000000c x17=0x80000018
         135000	        12	80000018	00088067	jalr	x0,x17,0	 x17:0x80000018
         145000	        13	00000000	00000013	addi	x0,x0,0	  x0:0x00000000
         155000	        14	80000018	00000013	addi	x0,x0,0	  x0:0x00000000
         165000	        15	8000001c	40000137	lui	x2,0x40000	  x2=0x40000000
         175000	        16	80000020	10010113	addi	x2,x2,256	  x2:0x40000000  x2=0x40000100
         185000	        17	80000024	00000013	addi	x0,x0,0	  x0:0x00000000
         195000	        18	80000028	0000a617	auipc	x12,0xa	 x12=0x8000a024
         205000	        19	8000002c	fa060613	addi	x12,x12,-96	 x12:0x8000a024 x12=0x80009fc4
         215000	        20	80000030	00002117	auipc	x2,0x2	  x2=0x8000202c
         225000	        21	80000034	e7010113	addi	x2,x2,-400	  x2:0x8000202c  x2=0x80001e9c
         235000	        22	80000038	00016113	ori	x2,x2,0	  x2:0x80001e9c  x2=0x80001e9c
         245000	        23	8000003c	00000013	addi	x0,x0,0	  x0:0x00000000
         255000	        24	80000040	00000117	auipc	x2,0x0	  x2=0x8000003c
         265000	        25	80000044	02010113	addi	x2,x2,32	  x2:0x8000003c  x2=0x8000005c
         275000	        26	80000048	00000013	addi	x0,x0,0	  x0:0x00000000
         285000	        27	8000004c	00000013	addi	x0,x0,0	  x0:0x00000000
         295000	        28	80000050	00002137	lui	x2,0x2	  x2=0x00002000
         305000	        29	80000054	80010113	addi	x2,x2,-2048	  x2:0x00002000  x2=0x00001800
         315000	        30	80000058	00000013	addi	x0,x0,0	  x0:0x00000000
         325000	        31	8000005c	00000013	addi	x0,x0,0	  x0:0x00000000
         335000	        32	80000060	80000037	lui	x0,0x80000	
         345000	        33	80000064	00000013	addi	x0,x0,0	  x0:0x00000000
         355000	        34	80000068	23a300b7	lui	x1,0x23a30	  x1=0x23a30000
         365000	        35	8000006c	d3708093	addi	x1,x1,-713	  x1:0x23a30000  x1=0x23a2fd37
         375000	        36	80000070	80000137	lui	x2,0x80000	  x2=0x80000000
         385000	        37	80000074	cae241b7	lui	x3,0xcae24	  x3=0xcae24000
         395000	        38	80000078	00418193	addi	x3,x3,4	  x3:0xcae24000  x3=0xcae24004
         405000	        39	8000007c	80000237	lui	x4,0x80000	  x4=0x80000000
         415000	        40	80000080	00700293	addi	x5,x0,7	  x0:0x00000000  x5=0x00000007
         425000	        41	80000084	80000337	lui	x6,0x80000	  x6=0x80000000
         435000	        42	80000088	00000393	addi	x7,x0,0	  x0:0x00000000  x7=0x00000000
         445000	        43	8000008c	00500413	addi	x8,x0,5	  x0:0x00000000  x8=0x00000005
         455000	        44	80000090	00000493	addi	x9,x0,0	  x0:0x00000000  x9=0x00000000
         465000	        45	80000094	80000537	lui	x10,0x80000	 x10=0x80000000
         475000	        46	80000098	800005b7	lui	x11,0x80000	 x11=0x80000000
         485000	        47	8000009c	00b00693	addi	x13,x0,11	  x0:0x00000000 x13=0x0000000b
         495000	        48	800000a0	00000713	addi	x14,x0,0	  x0:0x00000000 x14=0x00000000
         505000	        49	800000a4	faece7b7	lui	x15,0xfaece	 x15=0xfaece000
         515000	        50	800000a8	6eb78793	addi	x15,x15,1771	 x15:0xfaece000 x15=0xfaece6eb
         525000	        51	800000ac	80000837	lui	x16,0x80000	 x16=0x80000000
         535000	        52	800000b0	f1c0b8b7	lui	x17,0xf1c0b	 x17=0xf1c0b000
         545000	        53	800000b4	02d88893	addi	x17,x17,45	 x17:0xf1c0b000 x17=0xf1c0b02d
         555000	        54	800000b8	00400913	addi	x18,x0,4	  x0:0x00000000 x18=0x00000004
         565000	        55	800000bc	e84e59b7	lui	x19,0xe84e5	 x19=0xe84e5000
         575000	        56	800000c0	9a698993	addi	x19,x19,-1626	 x19:0xe84e5000 x19=0xe84e49a6
         585000	        57	800000c4	80000a37	lui	x20,0x80000	 x20=0x80000000
         595000	        58	800000c8	fcc73ab7	lui	x21,0xfcc73	 x21=0xfcc73000
         605000	        59	800000cc	68da8a93	addi	x21,x21,1677	 x21:0xfcc73000 x21=0xfcc7368d
         615000	        60	800000d0	80000b37	lui	x22,0x80000	 x22=0x80000000
         625000	        61	800000d4	28b96bb7	lui	x23,0x28b96	 x23=0x28b96000
         635000	        62	800000d8	7b6b8b93	addi	x23,x23,1974	 x23:0x28b96000 x23=0x28b967b6
         645000	        63	800000dc	80000c37	lui	x24,0x80000	 x24=0x80000000
         655000	        64	800000e0	80000cb7	lui	x25,0x80000	 x25=0x80000000
         665000	        65	800000e4	80000d37	lui	x26,0x80000	 x26=0x80000000
         675000	        66	800000e8	79bf6db7	lui	x27,0x79bf6	 x27=0x79bf6000
         685000	        67	800000ec	d58d8d93	addi	x27,x27,-680	 x27:0x79bf6000 x27=0x79bf5d58
         695000	        68	800000f0	80000e37	lui	x28,0x80000	 x28=0x80000000
         705000	        69	800000f4	00300f13	addi	x30,x0,3	  x0:0x00000000 x30=0x00000003
         715000	        70	800000f8	00a00f93	addi	x31,x0,10	  x0:0x00000000 x31=0x0000000a
         725000	        71	800000fc	0000ae97	auipc	x29,0xa	 x29=0x8000a0f8
         735000	        72	80000100	e8ce8e93	addi	x29,x29,-372	 x29:0x8000a0f8 x29=0x80009f84
         745000	        73	80000104	00008117	auipc	x2,0x8	  x2=0x80008100
         755000	        74	80000108	5a010113	addi	x2,x2,1440	  x2:0x80008100  x2=0x800086a0
         765000	        75	8000010c	b6c11983	lh	x19,-1172(x2)	  x2:0x800086a0 x19=0x00000000 PA:0x8000820c
         775000	        76	80000110	f12106a3	sb	x18,-243(x2)	  x2:0x800086a0 x18:0x00000004 PA:0x800085ad
         785000	        77	80000114	012f60b3	or	x1,x30,x18	 x30:0x00000003 x18:0x00000004  x1=0x00000007
         795000	        78	80000118	a0c12b03	lw	x22,-1524(x2)	  x2:0x800086a0 x22=0x00000000 PA:0x800080ac
         805000	        79	8000011c	fad10303	lb	x6,-83(x2)	  x2:0x800086a0  x6=0x00000000 PA:0x8000864d
         815000	        80	80000120	d2910003	lb	x0,-727(x2)	  x2:0x800086a0 PA:0x800083c9
         825000	        81	80000124	010da533	slt	x10,x27,x16	 x27:0x79bf5d58 x16:0x80000000 x10=0x00000000
         835000	        82	80000128	a0614a83	lbu	x21,-1530(x2)	  x2:0x800086a0 x21=0x00000000 PA:0x800080a6
         845000	        83	8000012c	0143af33	slt	x30,x7,x20	  x7:0x00000000 x20:0x80000000 x30=0x00000000
         855000	        84	80000130	009045b3	xor	x11,x0,x9	  x0:0x00000000  x9:0x00000000 x11=0x00000000
         865000	        85	80000134	01dfe4b3	or	x9,x31,x29	 x31:0x0000000a x29:0x80009f84  x9=0x80009f8e
         875000	        86	80000138	2420ab13	slti	x22,x1,578	  x1:0x00000007 x22=0x00000001
         885000	        87	8000013c	b5d14283	lbu	x5,-1187(x2)	  x2:0x800086a0  x5=0x00000000 PA:0x800081fd
         895000	        88	80000140	f1f10003	lb	x0,-225(x2)	  x2:0x800086a0 PA:0x800085bf
         905000	        89	80000144	cd810a23	sb	x24,-812(x2)	  x2:0x800086a0 x24:0x80000000 PA:0x80008374
         915000	        90	80000148	c6a10c23	sb	x10,-904(x2)	  x2:0x800086a0 x10:0x00000000 PA:0x80008318
         925000	        91	8000014c	fe812283	lw	x5,-24(x2)	  x2:0x800086a0  x5=0x00000000 PA:0x80008688
         935000	        92	80000150	b76100a3	sb	x22,-1183(x2)	  x2:0x800086a0 x22:0x00000001 PA:0x80008201
         945000	        93	80000154	f1d102a3	sb	x29,-251(x2)	  x2:0x800086a0 x29:0x80009f84 PA:0x800085a5
         955000	        94	80000158	bf310403	lb	x8,-1037(x2)	  x2:0x800086a0  x8=0x00000000 PA:0x80008293
         965000	        95	8000015c	0d7d2d93	slti	x27,x26,215	 x26:0x80000000 x27=0x00000001
         975000	        96	80000160	b7b107a3	sb	x27,-1169(x2)	  x2:0x800086a0 x27:0x00000001 PA:0x8000820f
         985000	        97	80000164	012e00b3	add	x1,x28,x18	 x28:0x80000000 x18:0x00000004  x1=0x80000004
         995000	        98	80000168	007d77b3	and	x15,x26,x7	 x26:0x80000000  x7:0x00000000 x15=0x00000000
        1005000	        99	8000016c	40e80f33	sub	x30,x16,x14	 x16:0x80000000 x14:0x00000000 x30=0x80000000
        1015000	       100	80000170	fdd14203	lbu	x4,-35(x2)	  x2:0x800086a0  x4=0x00000000 PA:0x8000867d
        1025000	       101	80000174	00000013	addi	x0,x0,0	  x0:0x00000000
        1035000	       102	80000178	b2015d83	lhu	x27,-1248(x2)	  x2:0x800086a0 x27=0x00000000 PA:0x800081c0
        1045000	       103	8000017c	c3410223	sb	x20,-988(x2)	  x2:0x800086a0 x20:0x80000000 PA:0x800082c4
        1055000	       104	80000180	cef104a3	sb	x15,-791(x2)	  x2:0x800086a0 x15:0x00000000 PA:0x80008389
        1065000	       105	80000184	00000013	addi	x0,x0,0	  x0:0x00000000
        1075000	       106	80000188	f0010a03	lb	x20,-256(x2)	  x2:0x800086a0 x20=0x00000000 PA:0x800085a0
        1085000	       107	8000018c	b2facb13	xori	x22,x21,-1233	 x21:0x00000000 x22=0xfffffb2f
        1095000	       108	80000190	9f011983	lh	x19,-1552(x2)	  x2:0x800086a0 x19=0x00000000 PA:0x80008090
        1105000	       109	80000194	00008117	auipc	x2,0x8	  x2=0x80008190
        1115000	       110	80000198	1b410113	addi	x2,x2,436	  x2:0x80008190  x2=0x80008344
        1125000	       111	8000019c	fff10ca3	sb	x31,-7(x2)	  x2:0x80008344 x31:0x0000000a PA:0x8000833d
        1135000	       112	800001a0	ff910283	lb	x5,-7(x2)	  x2:0x80008344  x5=0x0000000a PA:0x8000833d
        1145000	       113	800001a4	ff914f83	lbu	x31,-7(x2)	  x2:0x80008344 x31=0x0000000a PA:0x8000833d
        1155000	       114	800001a8	ffc14f83	lbu	x31,-4(x2)	  x2:0x80008344 x31=0x00000000 PA:0x80008340
        1165000	       115	800001ac	ff815b03	lhu	x22,-8(x2)	  x2:0x80008344 x22=0x00000a00 PA:0x8000833c
        1175000	       116	800001b0	ad180313	addi	x6,x16,-1327	 x16:0x80000000  x6=0x7ffffad1
        1185000	       117	800001b4	ff410ea3	sb	x20,-3(x2)	  x2:0x80008344 x20:0x00000000 PA:0x80008341
        1195000	       118	800001b8	00210903	lb	x18,2(x2)	  x2:0x80008344 x18=0x00000000 PA:0x80008346
        1205000	       119	800001bc	00415783	lhu	x15,4(x2)	  x2:0x80008344 x15=0x00000000 PA:0x80008348
        1215000	       120	800001c0	00014a83	lbu	x21,0(x2)	  x2:0x80008344 x21=0x00000000 PA:0x80008344
        1225000	       121	800001c4	41d45bb3	sra	x23,x8,x29	  x8:0x00000000 x29:0x80009f84 x23=0x00000000
        1235000	       122	800001c8	01311223	sh	x19,4(x2)	  x2:0x80008344 x19:0x00000000 PA:0x80008348
        1245000	       123	800001cc	00310203	lb	x4,3(x2)	  x2:0x80008344  x4=0x00000000 PA:0x80008347
        1255000	       124	800001d0	00615303	lhu	x6,6(x2)	  x2:0x80008344  x6=0x00000000 PA:0x8000834a
        1265000	       125	00000000	00000013	addi	x0,x0,0	  x0:0x00000000
        1275000	       126	800001d4	00611a83	lh	x21,6(x2)	  x2:0x80008344 x21=0x00000000 PA:0x8000834a
        1285000	       127	800001d8	e8c02313	slti	x6,x0,-372	  x0:0x00000000  x6=0x00000000
        1295000	       128	800001dc	00308d33	add	x26,x1,x3	  x1:0x80000004  x3:0xcae24004 x26=0x4ae24008
        1305000	       129	800001e0	13282513	slti	x10,x16,306	 x16:0x80000000 x10=0x00000001
        1315000	       130	800001e4	012b5db3	srl	x27,x22,x18	 x22:0x00000a00 x18:0x00000000 x27=0x00000a00
        1325000	       131	800001e8	00f14803	lbu	x16,15(x2)	  x2:0x80008344 x16=0x00000000 PA:0x80008353
        1335000	       132	800001ec	00f10a83	lb	x21,15(x2)	  x2:0x80008344 x21=0x00000000 PA:0x80008353
        1345000	       133	800001f0	40e55f93	srai	x31,x10,0xe	 x10:0x00000001 x31=0x00000000
        1355000	       134	800001f4	ffd14b03	lbu	x22,-3(x2)	  x2:0x80008344 x22=0x00000000 PA:0x80008341
        1365000	       135	800001f8	00009117	auipc	x2,0x9	  x2=0x800091f4
        1375000	       136	800001fc	d6110113	addi	x2,x2,-671	  x2:0x800091f4  x2=0x80008f55
        1385000	       137	80000200	00008497	auipc	x9,0x8	  x9=0x800081fc
        1395000	       138	80000204	66448493	addi	x9,x9,1636	  x9:0x800081fc  x9=0x80008860
        1405000	       139	80000208	00009e17	auipc	x28,0x9	 x28=0x80009204
        1415000	       140	8000020c	d87e0e13	addi	x28,x28,-633	 x28:0x80009204 x28=0x80008f8b
        1425000	       141	80000210	bdb11f83	lh	x31,-1061(x2)	  x2:0x80008f55 x31=0x00000000 PA:0x80008b30
        1435000	       142	80000214	fd848983	lb	x19,-40(x9)	  x9:0x80008860 x19=0x00000000 PA:0x80008838
        1445000	       143	80000218	00009b17	auipc	x22,0x9	 x22=0x80009214
        1455000	       144	8000021c	8cdb0b13	addi	x22,x22,-1843	 x22:0x80009214 x22=0x80008ae1
        1465000	       145	80000220	00009917	auipc	x18,0x9	 x18=0x8000921c
        1475000	       146	80000224	9e190913	addi	x18,x18,-1567	 x18:0x8000921c x18=0x80008bfd
        1485000	       147	80000228	fcf48ca3	sb	x15,-39(x9)	  x9:0x80008860 x15:0x00000000 PA:0x80008839
        1495000	       148	8000022c	9ab10323	sb	x11,-1626(x2)	  x2:0x80008f55 x11:0x00000000 PA:0x800088fb
        1505000	       149	80000230	00c94583	lbu	x11,12(x18)	 x18:0x80008bfd x11=0x00000000 PA:0x80008c09
        1515000	       150	80000234	0344ac03	lw	x24,52(x9)	  x9:0x80008860 x24=0x00000000 PA:0x80008894
        1525000	       151	80000238	025b5f03	lhu	x30,37(x22)	 x22:0x80008ae1 x30=0x00000000 PA:0x80008b06
        1535000	       152	8000023c	ff8b0803	lb	x16,-8(x22)	 x22:0x80008ae1 x16=0x00000000 PA:0x80008ad9
        1545000	       153	80000240	02b48a83	lb	x21,43(x9)	  x9:0x80008860 x21=0x00000000 PA:0x8000888b
        1555000	       154	80000244	00d903a3	sb	x13,7(x18)	 x18:0x80008bfd x13:0x0000000b PA:0x80008c04
        1565000	       155	80000248	b4310923	sb	x3,-1198(x2)	  x2:0x80008f55  x3:0xcae24004 PA:0x80008aa7
        1575000	       156	8000024c	9eee4d83	lbu	x27,-1554(x28)	 x28:0x80008f8b x27=0x00000000 PA:0x80008979
        1585000	       157	80000250	01fb5183	lhu	x3,31(x22)	 x22:0x80008ae1  x3=0x00000000 PA:0x80008b00
        1595000	       158	80000254	89be0283	lb	x5,-1893(x28)	 x28:0x80008f8b  x5=0x00000000 PA:0x80008826
        1605000	       159	80000258	c1a14a03	lbu	x20,-998(x2)	  x2:0x80008f55 x20=0x00000000 PA:0x80008b6f
        1615000	       160	8000025c	d36e0403	lb	x8,-714(x28)	 x28:0x80008f8b  x8=0x00000000 PA:0x80008cc1
        1625000	       161	80000260	95914b83	lbu	x23,-1703(x2)	  x2:0x80008f55 x23=0x00000000 PA:0x800088ae
        1635000	       162	80000264	be6e0c23	sb	x6,-1032(x28)	 x28:0x80008f8b  x6:0x00000000 PA:0x80008b83
        1645000	       163	80000268	f60b05a3	sb	x0,-149(x22)	 x22:0x80008ae1  x0:0x00000000 PA:0x80008a4c
        1655000	       164	8000026c	ff74ac23	sw	x23,-8(x9)	  x9:0x80008860 x23:0x00000000 PA:0x80008858
        1665000	       165	80000270	b8310523	sb	x3,-1142(x2)	  x2:0x80008f55  x3:0x00000000 PA:0x80008adf
        1675000	       166	80000274	f6de0c03	lb	x24,-147(x28)	 x28:0x80008f8b x24=0x00000000 PA:0x80008ef8
        1685000	       167	80000278	00e90223	sb	x14,4(x18)	 x18:0x80008bfd x14:0x00000000 PA:0x80008c01
        1695000	       168	8000027c	f2ab4383	lbu	x7,-214(x22)	 x22:0x80008ae1  x7=0x00000000 PA:0x80008a0b
        1705000	       169	80000280	093b1183	lh	x3,147(x22)	 x22:0x80008ae1  x3=0x00000000 PA:0x80008b74
        1715000	       170	80000284	c2be0203	lb	x4,-981(x28)	 x28:0x80008f8b  x4=0x00000000 PA:0x80008bb6
        1725000	       171	80000288	fcab0303	lb	x6,-54(x22)	 x22:0x80008ae1  x6=0x00000000 PA:0x80008aab
        1735000	       172	8000028c	c0d11783	lh	x15,-1011(x2)	  x2:0x80008f55 x15=0x00000000 PA:0x80008b62
        1745000	       173	80000290	00894803	lbu	x16,8(x18)	 x18:0x80008bfd x16=0x00000000 PA:0x80008c05
        1755000	       174	80000294	e3ce15a3	sh	x28,-469(x28)	 x28:0x80008f8b x28:0x80008f8b PA:0x80008db6
        1765000	       175	80000298	02548783	lb	x15,37(x9)	  x9:0x80008860 x15=0x00000000 PA:0x80008885
        1775000	       176	8000029c	ffd95703	lhu	x14,-3(x18)	 x18:0x80008bfd x14=0x00000000 PA:0x80008bfa
        1785000	       177	800002a0	0d7b0d23	sb	x23,218(x22)	 x22:0x80008ae1 x23:0x00000000 PA:0x80008bbb
        1795000	       178	800002a4	00009c97	auipc	x25,0x9	 x25=0x800092a0
        1805000	       179	800002a8	95fc8c93	addi	x25,x25,-1697	 x25:0x800092a0 x25=0x80008bff
        1815000	       180	800002ac	018c8a23	sb	x24,20(x25)	 x25:0x80008bff x24:0x00000000 PA:0x80008c13
        1825000	       181	800002b0	01dca483	lw	x9,29(x25)	 x25:0x80008bff  x9=0x00000000 PA:0x80008c1c
        1835000	       182	800002b4	00d7f233	and	x4,x15,x13	 x15:0x00000000 x13:0x0000000b  x4=0x00000000
        1845000	       183	800002b8	fdbccd03	lbu	x26,-37(x25)	 x25:0x80008bff x26=0x00000000 PA:0x80008bda
        1855000	       184	800002bc	028c8c03	lb	x24,40(x25)	 x25:0x80008bff x24=0x00000000 PA:0x80008c27
        1865000	       185	800002c0	fd1cc683	lbu	x13,-47(x25)	 x25:0x80008bff x13=0x00000000 PA:0x80008bd0
        1875000	       186	800002c4	febcc983	lbu	x19,-21(x25)	 x25:0x80008bff x19=0x00000000 PA:0x80008bea
        1885000	       187	800002c8	01621db3	sll	x27,x4,x22	  x4:0x00000000 x22:0x80008ae1 x27=0x00000000
        1895000	       188	800002cc	fcac8b03	lb	x22,-54(x25)	 x25:0x80008bff x22=0x00000000 PA:0x80008bc9
        1905000	       189	800002d0	029c91a3	sh	x9,35(x25)	 x25:0x80008bff  x9:0x00000000 PA:0x80008c22
        1915000	       190	800002d4	020ccd03	lbu	x26,32(x25)	 x25:0x80008bff x26=0x00000000 PA:0x80008c1f
        1925000	       191	800002d8	02eca8a3	sw	x14,49(x25)	 x25:0x80008bff x14:0x00000000 PA:0x80008c30
        1935000	       192	800002dc	02bc9403	lh	x8,43(x25)	 x25:0x80008bff  x8=0x00000000 PA:0x80008c2a
        1945000	       193	800002e0	01b78033	add	x0,x15,x27	 x15:0x00000000 x27:0x00000000
        1955000	       194	800002e4	017d57b3	srl	x15,x26,x23	 x26:0x00000000 x23:0x00000000 x15=0x00000000
        1965000	       195	800002e8	023c9ca3	sh	x3,57(x25)	 x25:0x80008bff  x3:0x00000000 PA:0x80008c38
        1975000	       196	800002ec	f7baf713	andi	x14,x21,-133	 x21:0x00000000 x14=0x00000000
        1985000	       197	800002f0	00ecc803	lbu	x16,14(x25)	 x25:0x80008bff x16=0x00000000 PA:0x80008c0d
        1995000	       198	800002f4	028c91a3	sh	x8,35(x25)	 x25:0x80008bff  x8:0x00000000 PA:0x80008c22
        2005000	       199	800002f8	fe9cdf03	lhu	x30,-23(x25)	 x25:0x80008bff x30=0x00000000 PA:0x80008be8
        2015000	       200	800002fc	8b3c3f93	sltiu	x31,x24,-1869	 x24:0x00000000 x31=0x00000001
        2025000	       201	80000300	69121f17	auipc	x30,0x69121	 x30=0xe91212fc
        2035000	       202	80000304	012c8503	lb	x10,18(x25)	 x25:0x80008bff x10=0x00000000 PA:0x80008c11
        2045000	       203	80000308	00739133	sll	x2,x7,x7	  x7:0x00000000  x7:0x00000000  x2=0x00000000
        2055000	       204	8000030c	02fcc703	lbu	x14,47(x25)	 x25:0x80008bff x14=0x00000000 PA:0x80008c2e
        2065000	       205	80000310	00000013	addi	x0,x0,0	  x0:0x00000000
        2075000	       206	80000314	033c8923	sb	x19,50(x25)	 x25:0x80008bff x19:0x00000000 PA:0x80008c31
        2085000	       207	80000318	013c8583	lb	x11,19(x25)	 x25:0x80008bff x11=0x00000000 PA:0x80008c12
        2095000	       208	8000031c	ff0c86a3	sb	x16,-19(x25)	 x25:0x80008bff x16:0x00000000 PA:0x80008bec
        2105000	       209	80000320	5de07493	andi	x9,x0,1502	  x0:0x00000000  x9=0x00000000
        2115000	       210	80000324	000b3fb3	sltu	x31,x22,x0	 x22:0x00000000  x0:0x00000000 x31=0x00000000
        2125000	       211	80000328	005c8823	sb	x5,16(x25)	 x25:0x80008bff  x5:0x00000000 PA:0x80008c0f
        2135000	       212	8000032c	02cc8fa3	sb	x12,63(x25)	 x25:0x80008bff x12:0x80009fc4 PA:0x80008c3e
        2145000	       213	80000330	00525333	srl	x6,x4,x5	  x4:0x00000000  x5:0x00000000  x6=0x00000000
        2155000	       214	80000334	fc5c9003	lh	x0,-59(x25)	 x25:0x80008bff PA:0x80008bc4
        2165000	       215	80000338	aedb7597	auipc	x11,0xaedb7	 x11=0x2edb7334
        2175000	       216	8000033c	ffbcd983	lhu	x19,-5(x25)	 x25:0x80008bff x19=0x00000000 PA:0x80008bfa
        2185000	       217	80000340	ebc7b1b7	lui	x3,0xebc7b	  x3=0xebc7b000
        2195000	       218	80000344	035c9da3	sh	x21,59(x25)	 x25:0x80008bff x21:0x00000000 PA:0x80008c3a
        2205000	       219	80000348	0056c033	xor	x0,x13,x5	 x13:0x00000000  x5:0x00000000
        2215000	       220	8000034c	028c85a3	sb	x8,43(x25)	 x25:0x80008bff  x8:0x00000000 PA:0x80008c2a
        2225000	       221	80000350	00008817	auipc	x16,0x8	 x16=0x8000834c
        2235000	       222	80000354	79480813	addi	x16,x16,1940	 x16:0x8000834c x16=0x80008ae0
        2245000	       223	80000358	e9a80fa3	sb	x26,-353(x16)	 x16:0x80008ae0 x26:0x00000000 PA:0x8000897f
        2255000	       224	8000035c	db380283	lb	x5,-589(x16)	 x16:0x80008ae0  x5=0x00000000 PA:0x80008893
        2265000	       225	80000360	23584703	lbu	x14,565(x16)	 x16:0x80008ae0 x14=0x00000000 PA:0x80008d15
        2275000	       226	80000364	10682223	sw	x6,260(x16)	 x16:0x80008ae0  x6:0x00000000 PA:0x80008be4
        2285000	       227	80000368	00f423b3	slt	x7,x8,x15	  x8:0x00000000 x15:0x00000000  x7=0x00000000
        2295000	       228	8000036c	0c681a83	lh	x21,198(x16)	 x16:0x80008ae0 x21=0x00000000 PA:0x80008ba6
        2305000	       229	80000370	eb7802a3	sb	x23,-347(x16)	 x16:0x80008ae0 x23:0x00000000 PA:0x80008985
        2315000	       230	80000374	40225593	srai	x11,x4,0x2	  x4:0x00000000 x11=0x00000000
        2325000	       231	80000378	29680da3	sb	x22,667(x16)	 x16:0x80008ae0 x22:0x00000000 PA:0x80008d7b
        2335000	       232	8000037c	3d480383	lb	x7,980(x16)	 x16:0x80008ae0  x7=0x00000000 PA:0x80008eb4
        2345000	       233	80000380	4b080d83	lb	x27,1200(x16)	 x16:0x80008ae0 x27=0x00000000 PA:0x80008f90
        2355000	       234	80000384	26180a83	lb	x21,609(x16)	 x16:0x80008ae0 x21=0x00000000 PA:0x80008d41
        2365000	       235	80000388	228807a3	sb	x8,559(x16)	 x16:0x80008ae0  x8:0x00000000 PA:0x80008d0f
        2375000	       236	8000038c	4dc85103	lhu	x2,1244(x16)	 x16:0x80008ae0  x2=0x00000000 PA:0x80008fbc
        2385000	       237	80000390	40c7dd13	srai	x26,x15,0xc	 x15:0x00000000 x26=0x00000000
        2395000	       238	80000394	2a281c03	lh	x24,674(x16)	 x16:0x80008ae0 x24=0x00000000 PA:0x80008d82
        2405000	       239	80000398	1de84283	lbu	x5,478(x16)	 x16:0x80008ae0  x5=0x00000000 PA:0x80008cbe
        2415000	       240	8000039c	7a060d93	addi	x27,x12,1952	 x12:0x80009fc4 x27=0x8000a764
        2425000	       241	800003a0	4f085303	lhu	x6,1264(x16)	 x16:0x80008ae0  x6=0x00000000 PA:0x80008fd0
        2435000	       242	800003a4	017b7033	and	x0,x22,x23	 x22:0x00000000 x23:0x00000000
        2445000	       243	800003a8	ebe80103	lb	x2,-322(x16)	 x16:0x80008ae0  x2=0x00000000 PA:0x8000899e
        2455000	       244	800003ac	45f80703	lb	x14,1119(x16)	 x16:0x80008ae0 x14=0x00000000 PA:0x80008f3f
        2465000	       245	800003b0	4b780c83	lb	x25,1207(x16)	 x16:0x80008ae0 x25=0x00000000 PA:0x80008f97
        2475000	       246	800003b4	01814033	xor	x0,x2,x24	  x2:0x00000000 x24:0x00000000
        2485000	       247	800003b8	e3684683	lbu	x13,-458(x16)	 x16:0x80008ae0 x13=0x00000000 PA:0x80008916
        2495000	       248	800003bc	eb880b83	lb	x23,-328(x16)	 x16:0x80008ae0 x23=0x00000000 PA:0x80008998
        2505000	       249	800003c0	00949c13	slli	x24,x9,0x9	  x9:0x00000000 x24=0x00000000
        2515000	       250	800003c4	d6684483	lbu	x9,-666(x16)	 x16:0x80008ae0  x9=0x00000000 PA:0x80008846
        2525000	       251	800003c8	42281583	lh	x11,1058(x16)	 x16:0x80008ae0 x11=0x00000000 PA:0x80008f02
        2535000	       252	800003cc	fa180a23	sb	x1,-76(x16)	 x16:0x80008ae0  x1:0x80000004 PA:0x80008a94
        2545000	       253	800003d0	01cafbb3	and	x23,x21,x28	 x21:0x00000000 x28:0x80008f8b x23=0x00000000
        2555000	       254	800003d4	7cd78993	addi	x19,x15,1997	 x15:0x00000000 x19=0x000007cd
        2565000	       255	800003d8	1961a1b7	lui	x3,0x1961a	  x3=0x1961a000
        2575000	       256	800003dc	00284ab3	xor	x21,x16,x2	 x16:0x80008ae0  x2:0x00000000 x21=0x80008ae0
        2585000	       257	800003e0	43684c03	lbu	x24,1078(x16)	 x16:0x80008ae0 x24=0x00000000 PA:0x80008f16
        2595000	       258	800003e4	40575713	srai	x14,x14,0x5	 x14:0x00000000 x14=0x00000000
        2605000	       259	800003e8	002f67b3	or	x15,x30,x2	 x30:0xe91212fc  x2:0x00000000 x15=0xe91212fc
        2615000	       260	800003ec	aa643b97	auipc	x23,0xaa643	 x23=0x2a6433e8
        2625000	       261	800003f0	2e481203	lh	x4,740(x16)	 x16:0x80008ae0  x4=0x00000000 PA:0x80008dc4
        2635000	       262	800003f4	f7081683	lh	x13,-144(x16)	 x16:0x80008ae0 x13=0x00000000 PA:0x80008a50
        2645000	       263	800003f8	082804a3	sb	x2,137(x16)	 x16:0x80008ae0  x2:0x00000000 PA:0x80008b69
        2655000	       264	800003fc	d3882303	lw	x6,-712(x16)	 x16:0x80008ae0  x6=0x00000000 PA:0x80008818
        2665000	       265	80000400	00000013	addi	x0,x0,0	  x0:0x00000000
        2675000	       266	80000404	01978033	add	x0,x15,x25	 x15:0xe91212fc x25:0x00000000
        2685000	       267	80000408	de980a03	lb	x20,-535(x16)	 x16:0x80008ae0 x20=0x00000000 PA:0x800088c9
        2695000	       268	8000040c	24a81383	lh	x7,586(x16)	 x16:0x80008ae0  x7=0x00000000 PA:0x80008d2a
        2705000	       269	80000410	00008117	auipc	x2,0x8	  x2=0x8000840c
        2715000	       270	80000414	cfe10113	addi	x2,x2,-770	  x2:0x8000840c  x2=0x8000810a
        2725000	       271	80000418	fd815503	lhu	x10,-40(x2)	  x2:0x8000810a x10=0x00000000 PA:0x800080e2
        2735000	       272	8000041c	fee10e23	sb	x14,-4(x2)	  x2:0x8000810a x14:0x00000000 PA:0x80008106
        2745000	       273	80000420	ffc15c83	lhu	x25,-4(x2)	  x2:0x8000810a x25=0x00000000 PA:0x80008106
        2755000	       274	80000424	fd212983	lw	x19,-46(x2)	  x2:0x8000810a x19=0x00000000 PA:0x800080dc
        2765000	       275	80000428	00000013	addi	x0,x0,0	  x0:0x00000000
        2775000	       276	8000042c	fd212403	lw	x8,-46(x2)	  x2:0x8000810a  x8=0x00000000 PA:0x800080dc
        2785000	       277	80000430	00114783	lbu	x15,1(x2)	  x2:0x8000810a x15=0x00000000 PA:0x8000810b
        2795000	       278	80000434	feb8ea13	ori	x20,x17,-21	 x17:0xf1c0b02d x20=0xffffffef
        2805000	       279	80000438	fd410703	lb	x14,-44(x2)	  x2:0x8000810a x14=0x00000000 PA:0x800080de
        2815000	       280	8000043c	fca11c03	lh	x24,-54(x2)	  x2:0x8000810a x24=0x00000000 PA:0x800080d4
        2825000	       281	80000440	fca14e03	lbu	x28,-54(x2)	  x2:0x8000810a x28=0x00000000 PA:0x800080d4
        2835000	       282	80000444	fda14683	lbu	x13,-38(x2)	  x2:0x8000810a x13=0x00000000 PA:0x800080e4
        2845000	       283	80000448	fcc10d23	sb	x12,-38(x2)	  x2:0x8000810a x12:0x80009fc4 PA:0x800080e4
        2855000	       284	8000044c	02b10783	lb	x15,43(x2)	  x2:0x8000810a x15=0x00000000 PA:0x80008135
        2865000	       285	80000450	ff114283	lbu	x5,-15(x2)	  x2:0x8000810a  x5=0x00000000 PA:0x800080fb
        2875000	       286	80000454	ff114683	lbu	x13,-15(x2)	  x2:0x8000810a x13=0x00000000 PA:0x800080fb
        2885000	       287	80000458	fee108a3	sb	x14,-15(x2)	  x2:0x8000810a x14:0x00000000 PA:0x800080fb
        2895000	       288	8000045c	00008917	auipc	x18,0x8	 x18=0x80008458
        2905000	       289	80000460	50390913	addi	x18,x18,1283	 x18:0x80008458 x18=0x8000895b
        2915000	       290	80000464	01f91503	lh	x10,31(x18)	 x18:0x8000895b x10=0x00000000 PA:0x8000897a
        2925000	       291	80000468	01f90703	lb	x14,31(x18)	 x18:0x8000895b x14=0x00000000 PA:0x8000897a
        2935000	       292	8000046c	ffa91aa3	sh	x26,-11(x18)	 x18:0x8000895b x26:0x00000000 PA:0x80008950
        2945000	       293	80000470	fcc94a03	lbu	x20,-52(x18)	 x18:0x8000895b x20=0x00000000 PA:0x80008927
        2955000	       294	80000474	41a15b93	srai	x23,x2,0x1a	  x2:0x8000810a x23=0xffffffe0
        2965000	       295	80000478	03690e23	sb	x22,60(x18)	 x18:0x8000895b x22:0x00000000 PA:0x80008997
        2975000	       296	8000047c	fea90a03	lb	x20,-22(x18)	 x18:0x8000895b x20=0x00000000 PA:0x80008945
        2985000	       297	80000480	40ead193	srai	x3,x21,0xe	 x21:0x80008ae0  x3=0xfffe0002
        2995000	       298	80000484	00791103	lh	x2,7(x18)	 x18:0x8000895b  x2=0x00000000 PA:0x80008962
        3005000	       299	80000488	00791683	lh	x13,7(x18)	 x18:0x8000895b x13=0x00000000 PA:0x80008962
        3015000	       300	8000048c	01ff1693	slli	x13,x30,0x1f	 x30:0xe91212fc x13=0x00000000
        3025000	       301	80000490	02e90103	lb	x2,46(x18)	 x18:0x8000895b  x2=0x00000000 PA:0x80008989
        3035000	       302	80000494	07d9e213	ori	x4,x19,125	 x19:0x00000000  x4=0x0000007d
        3045000	       303	80000498	02e94d03	lbu	x26,46(x18)	 x18:0x8000895b x26=0x00000000 PA:0x80008989
        3055000	       304	8000049c	03394803	lbu	x16,51(x18)	 x18:0x8000895b x16=0x00000000 PA:0x8000898e
        3065000	       305	800004a0	03394483	lbu	x9,51(x18)	 x18:0x8000895b  x9=0x00000000 PA:0x8000898e
        3075000	       306	800004a4	00008297	auipc	x5,0x8	  x5=0x800084a0
        3085000	       307	800004a8	40628293	addi	x5,x5,1030	  x5:0x800084a0  x5=0x800088a6
        3095000	       308	800004ac	01e2ce03	lbu	x28,30(x5)	  x5:0x800088a6 x28=0x00000000 PA:0x800088c4
        3105000	       309	800004b0	01e29a83	lh	x21,30(x5)	  x5:0x800088a6 x21=0x00000000 PA:0x800088c4
        3115000	       310	800004b4	01e29303	lh	x6,30(x5)	  x5:0x800088a6  x6=0x00000000 PA:0x800088c4
        3125000	       311	800004b8	01e2a503	lw	x10,30(x5)	  x5:0x800088a6 x10=0x00000000 PA:0x800088c4
        3135000	       312	800004bc	01e2c683	lbu	x13,30(x5)	  x5:0x800088a6 x13=0x00000000 PA:0x800088c4
        3145000	       313	800004c0	6a22cf83	lbu	x31,1698(x5)	  x5:0x800088a6 x31=0x00000000 PA:0x80008f48
        3155000	       314	800004c4	6a22cd03	lbu	x26,1698(x5)	  x5:0x800088a6 x26=0x00000000 PA:0x80008f48
        3165000	       315	800004c8	6b329123	sh	x19,1698(x5)	  x5:0x800088a6 x19:0x00000000 PA:0x80008f48
        3175000	       316	800004cc	6bb29123	sh	x27,1698(x5)	  x5:0x800088a6 x27:0x8000a764 PA:0x80008f48
        3185000	       317	800004d0	74128703	lb	x14,1857(x5)	  x5:0x800088a6 x14=0x00000000 PA:0x80008fe7
        3195000	       318	800004d4	5592c183	lbu	x3,1369(x5)	  x5:0x800088a6  x3=0x00000000 PA:0x80008dff
        3205000	       319	800004d8	5592c803	lbu	x16,1369(x5)	  x5:0x800088a6 x16=0x00000000 PA:0x80008dff
        3215000	       320	800004dc	3ce28ba3	sb	x14,983(x5)	  x5:0x800088a6 x14:0x00000000 PA:0x80008c7d
        3225000	       321	800004e0	002e5113	srli	x2,x28,0x2	 x28:0x00000000  x2=0x00000000
        3235000	       322	800004e4	68e2af83	lw	x31,1678(x5)	  x5:0x800088a6 x31=0x00000000 PA:0x80008f34
        3245000	       323	800004e8	0cc281a3	sb	x12,195(x5)	  x5:0x800088a6 x12:0x80009fc4 PA:0x80008969
        3255000	       324	800004ec	31a2d303	lhu	x6,794(x5)	  x5:0x800088a6  x6=0x00000000 PA:0x80008bc0
        3265000	       325	800004f0	0be28fa3	sb	x30,191(x5)	  x5:0x800088a6 x30:0xe91212fc PA:0x80008965
        3275000	       326	800004f4	5532c703	lbu	x14,1363(x5)	  x5:0x800088a6 x14=0x00000000 PA:0x80008df9
        3285000	       327	800004f8	5f228aa3	sb	x18,1525(x5)	  x5:0x800088a6 x18:0x8000895b PA:0x80008e9b
        3295000	       328	800004fc	00008117	auipc	x2,0x8	  x2=0x800084f8
        3305000	       329	80000500	bb710113	addi	x2,x2,-1097	  x2:0x800084f8  x2=0x800080af
        3315000	       330	80000504	fea11ba3	sh	x10,-9(x2)	  x2:0x800080af x10:0x00000000 PA:0x800080a6
        3325000	       331	80000508	40abd7b3	sra	x15,x23,x10	 x23:0xffffffe0 x10:0x00000000 x15=0xffffffe0
        3335000	       332	8000050c	ffa14c83	lbu	x25,-6(x2)	  x2:0x800080af x25=0x00000000 PA:0x800080a9
        3345000	       333	80000510	00c77733	and	x14,x14,x12	 x14:0x00000000 x12:0x80009fc4 x14=0x00000000
        3355000	       334	80000514	ff710fa3	sb	x23,-1(x2)	  x2:0x800080af x23:0xffffffe0 PA:0x800080ae
        3365000	       335	80000518	00011b13	slli	x22,x2,0x0	  x2:0x800080af x22=0x800080af
        3375000	       336	8000051c	8b09b313	sltiu	x6,x19,-1872	 x19:0x00000000  x6=0x00000001
        3385000	       337	80000520	00912c03	lw	x24,9(x2)	  x2:0x800080af x24=0x00000000 PA:0x800080b8
        3395000	       338	80000524	01ed49b3	xor	x19,x26,x30	 x26:0x00000000 x30:0xe91212fc x19=0xe91212fc
        3405000	       339	80000528	b6d36493	ori	x9,x6,-1171	  x6:0x00000001  x9=0xfffffb6d
        3415000	       340	8000052c	00512703	lw	x14,5(x2)	  x2:0x800080af x14=0x00000000 PA:0x800080b4
        3425000	       341	80000530	00d14c83	lbu	x25,13(x2)	  x2:0x800080af x25=0x00000000 PA:0x800080bc
        3435000	       342	80000534	412adf93	srai	x31,x21,0x12	 x21:0x00000000 x31=0x00000000
        3445000	       343	80000538	0165ddb3	srl	x27,x11,x22	 x11:0x00000000 x22:0x800080af x27=0x00000000
        3455000	       344	8000053c	55073213	sltiu	x4,x14,1360	 x14:0x00000000  x4=0x00000001
        3465000	       345	80000540	ff410923	sb	x20,-14(x2)	  x2:0x800080af x20:0x00000000 PA:0x800080a1
        3475000	       346	80000544	87966793	ori	x15,x12,-1927	 x12:0x80009fc4 x15=0xfffffffd
        3485000	       347	80000548	01ba99b3	sll	x19,x21,x27	 x21:0x00000000 x27:0x00000000 x19=0x00000000
        3495000	       348	8000054c	5d6fae37	lui	x28,0x5d6fa	 x28=0x5d6fa000
        3505000	       349	80000550	01adcbb3	xor	x23,x27,x26	 x27:0x00000000 x26:0x00000000 x23=0x00000000
        3515000	       350	80000554	005ecab3	xor	x21,x29,x5	 x29:0x80009f84  x5:0x800088a6 x21=0x00001722
        3525000	       351	80000558	00acb2b3	sltu	x5,x25,x10	 x25:0x00000000 x10:0x00000000  x5=0x00000000
        3535000	       352	8000055c	000107a3	sb	x0,15(x2)	  x2:0x800080af  x0:0x00000000 PA:0x800080be
        3545000	       353	80000560	0065cbb3	xor	x23,x11,x6	 x11:0x00000000  x6:0x00000001 x23=0x00000001
        3555000	       354	80000564	00711183	lh	x3,7(x2)	  x2:0x800080af  x3=0x00000000 PA:0x800080b6
        3565000	       355	80000568	ff112c83	lw	x25,-15(x2)	  x2:0x800080af x25=0x00000000 PA:0x800080a0
        3575000	       356	8000056c	41a559b3	sra	x19,x10,x26	 x10:0x00000000 x26:0x00000000 x19=0x00000000
        3585000	       357	80000570	fe111aa3	sh	x1,-11(x2)	  x2:0x800080af  x1:0x80000004 PA:0x800080a4
        3595000	       358	80000574	01c100a3	sb	x28,1(x2)	  x2:0x800080af x28:0x5d6fa000 PA:0x800080b0
        3605000	       359	80000578	00b3b533	sltu	x10,x7,x11	  x7:0x00000000 x11:0x00000000 x10=0x00000000
        3615000	       360	8000057c	00e10423	sb	x14,8(x2)	  x2:0x800080af x14:0x00000000 PA:0x800080b7
        3625000	       361	80000580	00c10623	sb	x12,12(x2)	  x2:0x800080af x12:0x80009fc4 PA:0x800080bb
        3635000	       362	80000584	00b10703	lb	x14,11(x2)	  x2:0x800080af x14=0x00000000 PA:0x800080ba
        3645000	       363	80000588	408982b3	sub	x5,x19,x8	 x19:0x00000000  x8:0x00000000  x5=0x00000000
        3655000	       364	8000058c	007110a3	sh	x7,1(x2)	  x2:0x800080af  x7:0x00000000 PA:0x800080b0
        3665000	       365	80000590	00b71cb3	sll	x25,x14,x11	 x14:0x00000000 x11:0x00000000 x25=0x00000000
        3675000	       366	80000594	00911403	lh	x8,9(x2)	  x2:0x800080af  x8=0x00000000 PA:0x800080b8
        3685000	       367	80000598	00010403	lb	x8,0(x2)	  x2:0x800080af  x8=0x00000000 PA:0x800080af
        3695000	       368	8000059c	fef10d23	sb	x15,-6(x2)	  x2:0x800080af x15:0xfffffffd PA:0x800080a9
        3705000	       369	800005a0	6b9d0313	addi	x6,x26,1721	 x26:0x00000000  x6=0x000006b9
        3715000	       370	800005a4	4034d3b3	sra	x7,x9,x3	  x9:0xfffffb6d  x3:0x00000000  x7=0xfffffb6d
        3725000	       371	800005a8	004103a3	sb	x4,7(x2)	  x2:0x800080af  x4:0x00000001 PA:0x800080b6
        3735000	       372	800005ac	00112183	lw	x3,1(x2)	  x2:0x800080af  x3=0x00000000 PA:0x800080b0
        3745000	       373	800005b0	ffd10083	lb	x1,-3(x2)	  x2:0x800080af  x1=0x00000000 PA:0x800080ac
        3755000	       374	800005b4	fff10783	lb	x15,-1(x2)	  x2:0x800080af x15=0xffffffe0 PA:0x800080ae
        3765000	       375	00000000	00000013	addi	x0,x0,0	  x0:0x00000000
        3775000	       376	800005b8	00f702b3	add	x5,x14,x15	 x14:0x00000000 x15:0xffffffe0  x5=0xffffffe0
        3785000	       377	800005bc	00810d83	lb	x27,8(x2)	  x2:0x800080af x27=0x00000000 PA:0x800080b7
        3795000	       378	800005c0	00008417	auipc	x8,0x8	  x8=0x800085bc
        3805000	       379	800005c4	b3e40413	addi	x8,x8,-1218	  x8:0x800085bc  x8=0x800080fa
        3815000	       380	800005c8	00008297	auipc	x5,0x8	  x5=0x800085c4
        3825000	       381	800005cc	def28293	addi	x5,x5,-529	  x5:0x800085c4  x5=0x800083b3
        3835000	       382	800005d0	01f41723	sh	x31,14(x8)	  x8:0x800080fa x31:0x00000000 PA:0x80008108
        3845000	       383	800005d4	ff044e03	lbu	x28,-16(x8)	  x8:0x800080fa x28=0x00000000 PA:0x800080ea
        3855000	       384	800005d8	f042c083	lbu	x1,-252(x5)	  x5:0x800083b3  x1=0x00000000 PA:0x800082b7
        3865000	       385	800005dc	00d41323	sh	x13,6(x8)	  x8:0x800080fa x13:0x00000000 PA:0x80008100
        3875000	       386	800005e0	02e28a83	lb	x21,46(x5)	  x5:0x800083b3 x21=0x00000000 PA:0x800083e1
        3885000	       387	800005e4	0a52a4a3	sw	x5,169(x5)	  x5:0x800083b3  x5:0x800083b3 PA:0x8000845c
        3895000	       388	800005e8	ff744583	lbu	x11,-9(x8)	  x8:0x800080fa x11=0x00000000 PA:0x800080f1
        3905000	       389	800005ec	ff340103	lb	x2,-13(x8)	  x8:0x800080fa  x2=0x00000000 PA:0x800080ed
        3915000	       390	800005f0	03f2d783	lhu	x15,63(x5)	  x5:0x800083b3 x15=0x00000000 PA:0x800083f2
        3925000	       391	800005f4	fff40983	lb	x19,-1(x8)	  x8:0x800080fa x19=0x00000000 PA:0x800080f9
        3935000	       392	00000000	00000013	addi	x0,x0,0	  x0:0x00000000
        3945000	       393	800005f8	07328c83	lb	x25,115(x5)	  x5:0x800083b3 x25=0x00000000 PA:0x80008426
        3955000	       394	800005fc	003981b3	add	x3,x19,x3	 x19:0x00000000  x3:0x00000000  x3=0x00000000
        3965000	       395	80000600	4905b593	sltiu	x11,x11,1168	 x11:0x00000000 x11=0x00000001
        3975000	       396	80000604	00000013	addi	x0,x0,0	  x0:0x00000000
        3985000	       397	80000608	01e31a33	sll	x20,x6,x30	  x6:0x000006b9 x30:0xe91212fc x20=0x90000000
        3995000	       398	8000060c	6611e717	auipc	x14,0x6611e	 x14=0xe611e608
        4005000	       399	80000610	6458f313	andi	x6,x17,1605	 x17:0xf1c0b02d  x6=0x00000005
        4015000	       400	80000614	01fbe533	or	x10,x23,x31	 x23:0x00000001 x31:0x00000000 x10=0x00000001
        4025000	       401	80000618	f7023213	sltiu	x4,x4,-144	  x4:0x00000001  x4=0x00000001
        4035000	       402	8000061c	1326ce13	xori	x28,x13,306	 x13:0x00000000 x28=0x00000132
        4045000	       403	80000620	f5508b13	addi	x22,x1,-171	  x1:0x00000000 x22=0xffffff55
        4055000	       404	80000624	01097e33	and	x28,x18,x16	 x18:0x8000895b x16:0x00000000 x28=0x00000000
        4065000	       405	80000628	007fea33	or	x20,x31,x7	 x31:0x00000000  x7:0xfffffb6d x20=0xfffffb6d
        4075000	       406	8000062c	00008217	auipc	x4,0x8	  x4=0x80008628
        4085000	       407	80000630	05a20213	addi	x4,x4,90	  x4:0x80008628  x4=0x80008682
        4095000	       408	80000634	00008697	auipc	x13,0x8	 x13=0x80008630
        4105000	       409	80000638	c6e68693	addi	x13,x13,-914	 x13:0x80008630 x13=0x8000829e
        4115000	       410	8000063c	c9f20583	lb	x11,-865(x4)	  x4:0x80008682 x11=0x00000000 PA:0x80008321
        4125000	       411	80000640	ffc68ca3	sb	x28,-7(x13)	 x13:0x8000829e x28:0x00000000 PA:0x80008297
        4135000	       412	80000644	00008f97	auipc	x31,0x8	 x31=0x80008640
        4145000	       413	80000648	d68f8f93	addi	x31,x31,-664	 x31:0x80008640 x31=0x800083a8
        4155000	       414	8000064c	01c69b23	sh	x28,22(x13)	 x13:0x8000829e x28:0x00000000 PA:0x800082b4
        4165000	       415	80000650	fe4685a3	sb	x4,-21(x13)	 x13:0x8000829e  x4:0x80008682 PA:0x80008289
        4175000	       416	80000654	200f8b03	lb	x22,512(x31)	 x31:0x800083a8 x22=0x00000000 PA:0x800085a8
        4185000	       417	80000658	a6120483	lb	x9,-1439(x4)	  x4:0x80008682  x9=0x00000000 PA:0x800080e3
        4195000	       418	8000065c	45ff9f23	sh	x31,1118(x31)	 x31:0x800083a8 x31:0x800083a8 PA:0x80008806
        4205000	       419	80000660	f1320503	lb	x10,-237(x4)	  x4:0x80008682 x10=0x00000000 PA:0x80008595
        4215000	       420	80000664	0356ca83	lbu	x21,53(x13)	 x13:0x8000829e x21=0x00000000 PA:0x800082d3
        4225000	       421	80000668	0fcf9b03	lh	x22,252(x31)	 x31:0x800083a8 x22=0x00000000 PA:0x800084a4
        4235000	       422	8000066c	d4f20183	lb	x3,-689(x4)	  x4:0x80008682  x3=0x00000000 PA:0x800083d1
        4245000	       423	80000670	00069b83	lh	x23,0(x13)	 x13:0x8000829e x23=0x00000000 PA:0x8000829e
        4255000	       424	80000674	19af9903	lh	x18,410(x31)	 x31:0x800083a8 x18=0x00000000 PA:0x80008542
        4265000	       425	80000678	d79fce03	lbu	x28,-647(x31)	 x31:0x800083a8 x28=0x00000000 PA:0x80008121
        4275000	       426	8000067c	16ff87a3	sb	x15,367(x31)	 x31:0x800083a8 x15:0x00000000 PA:0x80008517
        4285000	       427	80000680	fe368f03	lb	x30,-29(x13)	 x13:0x8000829e x30=0x00000000 PA:0x80008281
        4295000	       428	80000684	bf224383	lbu	x7,-1038(x4)	  x4:0x80008682  x7=0x00000000 PA:0x80008274
        4305000	       429	80000688	a9d204a3	sb	x29,-1399(x4)	  x4:0x80008682 x29:0x80009f84 PA:0x8000810b
        4315000	       430	8000068c	04068e03	lb	x28,64(x13)	 x13:0x8000829e x28=0x00000000 PA:0x800082de
        4325000	       431	80000690	2a0fc403	lbu	x8,672(x31)	 x31:0x800083a8  x8=0x00000000 PA:0x80008648
        4335000	       432	80000694	03069b23	sh	x16,54(x13)	 x13:0x8000829e x16:0x00000000 PA:0x800082d4
        4345000	       433	80000698	fa020c23	sb	x0,-72(x4)	  x4:0x80008682  x0:0x00000000 PA:0x8000863a
        4355000	       434	8000069c	fca6c503	lbu	x10,-54(x13)	 x13:0x8000829e x10=0x00000000 PA:0x80008268
        4365000	       435	800006a0	b6320023	sb	x3,-1184(x4)	  x4:0x80008682  x3:0x00000000 PA:0x800081e2
        4375000	       436	800006a4	d30f8c23	sb	x16,-712(x31)	 x31:0x800083a8 x16:0x00000000 PA:0x800080e0
        4385000	       437	800006a8	fce69a03	lh	x20,-50(x13)	 x13:0x8000829e x20=0x00000000 PA:0x8000826c
        4395000	       438	800006ac	b1124c03	lbu	x24,-1263(x4)	  x4:0x80008682 x24=0x00000000 PA:0x80008193
        4405000	       439	800006b0	b6524003	lbu	x0,-1179(x4)	  x4:0x80008682 PA:0x800081e7
        4415000	       440	800006b4	013cea63	bltu	x25,x19,800006c8	 x25:0x00000000 x19:0x00000000
        4425000	       441	800006b8	fa3d2717	auipc	x14,0xfa3d2	 x14=0x7a3d26b4
        4435000	       442	800006bc	015ce4b3	or	x9,x25,x21	 x25:0x00000000 x21:0x00000000  x9=0x00000000
        4445000	       443	800006c0	5a0c2113	slti	x2,x24,1440	 x24:0x00000000  x2=0x00000001
        4455000	       444	800006c4	abba2d13	slti	x26,x20,-1349	 x20:0x00000000 x26=0x00000000
        4465000	       445	800006c8	00ced663	bge	x29,x12,800006d4	 x29:0x80009f84 x12:0x80009fc4
        4475000	       446	800006cc	5ffde813	ori	x16,x27,1535	 x27:0x00000000 x16=0x000005ff
        4485000	       447	800006d0	7044b313	sltiu	x6,x9,1796	  x9:0x00000000  x6=0x00000001
        4495000	       448	800006d4	01ea90b3	sll	x1,x21,x30	 x21:0x00000000 x30:0x00000000  x1=0x00000000
        4505000	       449	800006d8	003f0c33	add	x24,x30,x3	 x30:0x00000000  x3:0x00000000 x24=0x00000000
        4515000	       450	800006dc	0041e0b3	or	x1,x3,x4	  x3:0x00000000  x4:0x80008682  x1=0x80008682
        4525000	       451	800006e0	004ef7b3	and	x15,x29,x4	 x29:0x80009f84  x4:0x80008682 x15=0x80008680
        4535000	       452	800006e4	03541463	bne	x8,x21,8000070c	  x8:0x00000000 x21:0x00000000
        4545000	       453	800006e8	a6fb8793	addi	x15,x23,-1425	 x23:0x00000000 x15=0xfffffa6f
        4555000	       454	800006ec	63256993	ori	x19,x10,1586	 x10:0x00000000 x19=0x00000632
        4565000	       455	800006f0	01669c93	slli	x25,x13,0x16	 x13:0x8000829e x25=0xa7800000
        4575000	       456	800006f4	7538a413	slti	x8,x17,1875	 x17:0xf1c0b02d  x8=0x00000001
        4585000	       457	800006f8	00000013	addi	x0,x0,0	  x0:0x00000000
        4595000	       458	800006fc	01ffc733	xor	x14,x31,x31	 x31:0x800083a8 x31:0x800083a8 x14=0x00000000
        4605000	       459	80000700	012173b3	and	x7,x2,x18	  x2:0x00000001 x18:0x00000000  x7=0x00000000
        4615000	       460	80000704	978c7a13	andi	x20,x24,-1672	 x24:0x00000000 x20=0x00000000
        4625000	       461	80000708	007d4c63	blt	x26,x7,80000720	 x26:0x00000000  x7:0x00000000
        4635000	       462	8000070c	015e60b3	or	x1,x28,x21	 x28:0x00000000 x21:0x00000000  x1=0x00000000
        4645000	       463	80000710	00a2eab3	or	x21,x5,x10	  x5:0x800083b3 x10:0x00000000 x21=0x800083b3
        4655000	       464	80000714	99b16a93	ori	x21,x2,-1637	  x2:0x00000001 x21=0xfffff99b
        4665000	       465	80000718	0f8c6863	bltu	x24,x24,80000808	 x24:0x00000000 x24:0x00000000
        4675000	       466	8000071c	01684a33	xor	x20,x16,x22	 x16:0x000005ff x22:0x00000000 x20=0x000005ff
        4685000	       467	80000720	431e0713	addi	x14,x28,1073	 x28:0x00000000 x14=0x00000431
        4695000	       468	80000724	00008f17	auipc	x30,0x8	 x30=0x80008720
        4705000	       469	80000728	31ff0f13	addi	x30,x30,799	 x30:0x80008720 x30=0x80008a3f
        4715000	       470	8000072c	00008917	auipc	x18,0x8	 x18=0x80008728
        4725000	       471	80000730	60f90913	addi	x18,x18,1551	 x18:0x80008728 x18=0x80008d37
        4735000	       472	80000734	00009797	auipc	x15,0x9	 x15=0x80009730
        4745000	       473	80000738	8a578793	addi	x15,x15,-1883	 x15:0x80009730 x15=0x80008fd5
        4755000	       474	8000073c	00008c17	auipc	x24,0x8	 x24=0x80008738
        4765000	       475	80000740	13dc0c13	addi	x24,x24,317	 x24:0x80008738 x24=0x80008875
        4775000	       476	80000744	00008b97	auipc	x23,0x8	 x23=0x80008740
        4785000	       477	80000748	3e7b8b93	addi	x23,x23,999	 x23:0x80008740 x23=0x80008b27
        4795000	       478	8000074c	fa7797a3	sh	x7,-81(x15)	 x15:0x80008fd5  x7:0x00000000 PA:0x80008f84
        4805000	       479	80000750	fe490923	sb	x4,-14(x18)	 x18:0x80008d37  x4:0x80008682 PA:0x80008d29
        4815000	       480	80000754	f777a303	lw	x6,-137(x15)	 x15:0x80008fd5  x6=0x00000000 PA:0x80008f4c
        4825000	       481	80000758	00ab8983	lb	x19,10(x23)	 x23:0x80008b27 x19=0x00000000 PA:0x80008b31
        4835000	       482	8000075c	01490323	sb	x20,6(x18)	 x18:0x80008d37 x20:0x000005ff PA:0x80008d3d
        4845000	       483	80000760	3bdf4503	lbu	x10,957(x30)	 x30:0x80008a3f x10=0x00000000 PA:0x80008dfc
        4855000	       484	80000764	ff195583	lhu	x11,-15(x18)	 x18:0x80008d37 x11=0x00008200 PA:0x80008d28
        4865000	       485	80000768	175f0ca3	sb	x21,377(x30)	 x30:0x80008a3f x21:0xfffff99b PA:0x80008bb8
        4875000	       486	8000076c	003c2103	lw	x2,3(x24)	 x24:0x80008875  x2=0x00000000 PA:0x80008878
        4885000	       487	80000770	06dbd403	lhu	x8,109(x23)	 x23:0x80008b27  x8=0x00000000 PA:0x80008b94
        4895000	       488	80000774	01090723	sb	x16,14(x18)	 x18:0x80008d37 x16:0x000005ff PA:0x80008d45
        4905000	       489	80000778	04cc0803	lb	x16,76(x24)	 x24:0x80008875 x16=0x00000000 PA:0x800088c1
        4915000	       490	8000077c	e77b9503	lh	x10,-393(x23)	 x23:0x80008b27 x10=0x00000000 PA:0x8000899e
        4925000	       491	80000780	efaf0c83	lb	x25,-262(x30)	 x30:0x80008a3f x25=0x00000000 PA:0x80008939
        4935000	       492	80000784	01094f83	lbu	x31,16(x18)	 x18:0x80008d37 x31=0x00000000 PA:0x80008d47
        4945000	       493	80000788	0057d183	lhu	x3,5(x15)	 x15:0x80008fd5  x3=0x00000000 PA:0x80008fda
        4955000	       494	8000078c	0a4c0503	lb	x10,164(x24)	 x24:0x80008875 x10=0x00000000 PA:0x80008919
        4965000	       495	80000790	3c9f0183	lb	x3,969(x30)	 x30:0x80008a3f  x3=0x00000000 PA:0x80008e08
        4975000	       496	80000794	d50b86a3	sb	x16,-691(x23)	 x23:0x80008b27 x16:0x00000000 PA:0x80008874
        4985000	       497	80000798	433b9d83	lh	x27,1075(x23)	 x23:0x80008b27 x27=0x00000000 PA:0x80008f5a
        4995000	       498	8000079c	f197d583	lhu	x11,-231(x15)	 x15:0x80008fd5 x11=0x00000000 PA:0x80008eee
        5005000	       499	800007a0	495baa03	lw	x20,1173(x23)	 x23:0x80008b27 x20=0x00000000 PA:0x80008fbc
        5015000	       500	800007a4	e1af0003	lb	x0,-486(x30)	 x30:0x80008a3f PA:0x80008859
        5025000	       501	800007a8	f5278d03	lb	x26,-174(x15)	 x15:0x80008fd5 x26=0x00000000 PA:0x80008f27
        5035000	       502	800007ac	040c0103	lb	x2,64(x24)	 x24:0x80008875  x2=0x00000000 PA:0x800088b5
        5045000	       503	800007b0	001922a3	sw	x1,5(x18)	 x18:0x80008d37  x1:0x00000000 PA:0x80008d3c
        5055000	       504	800007b4	56ff4103	lbu	x2,1391(x30)	 x30:0x80008a3f  x2=0x00000000 PA:0x80008fae
        5065000	       505	800007b8	ff892ca3	sw	x24,-7(x18)	 x18:0x80008d37 x24:0x80008875 PA:0x80008d30
        5075000	       506	800007bc	fa17d703	lhu	x14,-95(x15)	 x15:0x80008fd5 x14=0x00000000 PA:0x80008f76
        5085000	       507	800007c0	00690423	sb	x6,8(x18)	 x18:0x80008d37  x6:0x00000000 PA:0x80008d3f
        5095000	       508	800007c4	ef5baa03	lw	x20,-267(x23)	 x23:0x80008b27 x20=0x00000000 PA:0x80008a1c
        5105000	       509	800007c8	f0278a03	lb	x20,-254(x15)	 x15:0x80008fd5 x20=0x00000000 PA:0x80008ed7
        5115000	       510	800007cc	fffc23a3	sw	x31,-25(x24)	 x24:0x80008875 x31:0x00000000 PA:0x8000885c
        5125000	       511	800007d0	455ba2a3	sw	x21,1093(x23)	 x23:0x80008b27 x21:0xfffff99b PA:0x80008f6c
        5135000	       512	800007d4	fa878b03	lb	x22,-88(x15)	 x15:0x80008fd5 x22=0x00000000 PA:0x80008f7d
        5145000	       513	800007d8	e0eb8403	lb	x8,-498(x23)	 x23:0x80008b27  x8=0x00000000 PA:0x80008935
        5155000	       514	800007dc	f4f78ea3	sb	x15,-163(x15)	 x15:0x80008fd5 x15:0x80008fd5 PA:0x80008f32
        5165000	       515	800007e0	142f0283	lb	x5,322(x30)	 x30:0x80008a3f  x5=0x00000000 PA:0x80008b81
        5175000	       516	800007e4	52af4803	lbu	x16,1322(x30)	 x30:0x80008a3f x16=0x00000000 PA:0x80008f69
        5185000	       517	800007e8	005e4663	blt	x28,x5,800007f4	 x28:0x00000000  x5:0x00000000
        5195000	       518	800007ec	41ac51b3	sra	x3,x24,x26	 x24:0x80008875 x26:0x00000000  x3=0x80008875
        5205000	       519	800007f0	2010ff93	andi	x31,x1,513	  x1:0x00000000 x31=0x00000000
        5215000	       520	800007f4	018ac033	xor	x0,x21,x24	 x21:0xfffff99b x24:0x80008875
        5225000	       521	800007f8	03ea0c63	beq	x20,x30,80000830	 x20:0x00000000 x30:0x80008a3f
        5235000	       522	800007fc	92246993	ori	x19,x8,-1758	  x8:0x00000000 x19=0xfffff922
        5245000	       523	80000800	01fc5a33	srl	x20,x24,x31	 x24:0x80008875 x31:0x00000000 x20=0x80008875
        5255000	       524	80000804	d9796997	auipc	x19,0xd9796	 x19=0x59796800
        5265000	       525	80000808	63c0f793	andi	x15,x1,1596	  x1:0x00000000 x15=0x00000000
        5275000	       526	8000080c	0178e933	or	x18,x17,x23	 x17:0xf1c0b02d x23:0x80008b27 x18=0xf1c0bb2f
        5285000	       527	80000810	01aadd93	srli	x27,x21,0x1a	 x21:0xfffff99b x27=0x0000003f
        5295000	       528	80000814	e748a493	slti	x9,x17,-396	 x17:0xf1c0b02d  x9=0x00000001
        5305000	       529	80000818	eb3c8837	lui	x16,0xeb3c8	 x16=0xeb3c8000
        5315000	       530	8000081c	9512f513	andi	x10,x5,-1711	  x5:0x00000000 x10=0x00000000
        5325000	       531	80000820	2bdb3093	sltiu	x1,x22,701	 x22:0x00000000  x1=0x00000001
        5335000	       532	80000824	0175c663	blt	x11,x23,80000830	 x11:0x00000000 x23:0x80008b27
        5345000	       533	80000828	00000013	addi	x0,x0,0	  x0:0x00000000
        5355000	       534	8000082c	00584bb3	xor	x23,x16,x5	 x16:0xeb3c8000  x5:0x00000000 x23=0xeb3c8000
        5365000	       535	80000830	ca1eb293	sltiu	x5,x29,-863	 x29:0x80009f84  x5=0x00000001
        5375000	       536	80000834	38134793	xori	x15,x6,897	  x6:0x00000000 x15=0x00000381
        5385000	       537	80000838	00156463	bltu	x10,x1,80000840	 x10:0x00000000  x1:0x00000001
        5395000	       538	00000000	00000013	addi	x0,x0,0	  x0:0x00000000
        5405000	       539	8000083c	00000013	addi	x0,x0,0	  x0:0x00000000
        5415000	       540	80000840	83a63e13	sltiu	x28,x12,-1990	 x12:0x80009fc4 x28=0x00000001
        5425000	       541	80000844	05e5e063	bltu	x11,x30,80000884	 x11:0x00000000 x30:0x80008a3f
        5435000	       542	00000000	00000013	addi	x0,x0,0	  x0:0x00000000
        5445000	       543	80000880	00000013	addi	x0,x0,0	  x0:0x00000000
        5455000	       544	80000884	73932713	slti	x14,x6,1849	  x6:0x00000000 x14=0x00000001
        5465000	       545	80000888	006d0663	beq	x26,x6,80000894	 x26:0x00000000  x6:0x00000000
        5475000	       546	00000000	00000013	addi	x0,x0,0	  x0:0x00000000
        5485000	       547	80000890	00000013	addi	x0,x0,0	  x0:0x00000000
        5495000	       548	80000894	409c57b3	sra	x15,x24,x9	 x24:0x80008875  x9:0x00000001 x15=0xc000443a
        5505000	       549	80000898	03828463	beq	x5,x24,800008c0	  x5:0x00000001 x24:0x80008875
        5515000	       550	8000089c	41f45e13	srai	x28,x8,0x1f	  x8:0x00000000 x28=0x00000000
        5525000	       551	800008a0	004b7a33	and	x20,x22,x4	 x22:0x00000000  x4:0x80008682 x20=0x00000000
        5535000	       552	800008a4	002a8263	beq	x21,x2,800008a8	 x21:0xfffff99b  x2:0x00000000
        5545000	       553	800008a8	00643533	sltu	x10,x8,x6	  x8:0x00000000  x6:0x00000000 x10=0x00000000
        5555000	       554	800008ac	0063a933	slt	x18,x7,x6	  x7:0x00000000  x6:0x00000000 x18=0x00000000
        5565000	       555	800008b0	00dd4c63	blt	x26,x13,800008c8	 x26:0x00000000 x13:0x8000829e
        5575000	       556	800008b4	00485263	bge	x16,x4,800008b8	 x16:0xeb3c8000  x4:0x80008682
        5585000	       557	00000000	00000013	addi	x0,x0,0	  x0:0x00000000
        5595000	       558	800008b4	00000013	addi	x0,x0,0	  x0:0x00000000
        5605000	       559	800008b8	76d83a93	sltiu	x21,x16,1901	 x16:0xeb3c8000 x21=0x00000000
        5615000	       560	800008bc	0163ec33	or	x24,x7,x22	  x7:0x00000000 x22:0x00000000 x24=0x00000000
        5625000	       561	800008c0	01448663	beq	x9,x20,800008cc	  x9:0x00000001 x20:0x00000000
        5635000	       562	800008c4	00281313	slli	x6,x16,0x2	 x16:0xeb3c8000  x6=0xacf20000
        5645000	       563	800008c8	a6c2a813	slti	x16,x5,-1428	  x5:0x00000001 x16=0x00000000
        5655000	       564	800008cc	401f5113	srai	x2,x30,0x1	 x30:0x80008a3f  x2=0xc000451f
        5665000	       565	800008d0	003080b3	add	x1,x1,x3	  x1:0x00000001  x3:0x80008875  x1=0x80008876
        5675000	       566	800008d4	c437ab13	slti	x22,x15,-957	 x15:0xc000443a x22=0x00000001
        5685000	       567	800008d8	ec818a93	addi	x21,x3,-312	  x3:0x80008875 x21=0x8000873d
        5695000	       568	800008dc	daa00793	addi	x15,x0,-598	  x0:0x00000000 x15=0xfffffdaa
        5705000	       569	800008e0	013e5f13	srli	x30,x28,0x13	 x28:0x00000000 x30=0x00000000
        5715000	       570	800008e4	0058cc33	xor	x24,x17,x5	 x17:0xf1c0b02d  x5:0x00000001 x24=0xf1c0b02c
        5725000	       571	800008e8	401dd013	srai	x0,x27,0x1	 x27:0x0000003f
        5735000	       572	800008ec	41c85fb3	sra	x31,x16,x28	 x16:0x00000000 x28:0x00000000 x31=0x00000000
        5745000	       573	800008f0	00b96d33	or	x26,x18,x11	 x18:0x00000000 x11:0x00000000 x26=0x00000000
        5755000	       574	800008f4	00057e63	bgeu	x10,x0,80000910	 x10:0x00000000  x0:0x00000000
        5765000	       575	00000000	00000013	addi	x0,x0,0	  x0:0x00000000
        5775000	       576	8000090c	00000013	addi	x0,x0,0	  x0:0x00000000
        5785000	       577	80000910	0047f4b3	and	x9,x15,x4	 x15:0xfffffdaa  x4:0x80008682  x9=0x80008482
        5795000	       578	80000914	52ff7cb7	lui	x25,0x52ff7	 x25=0x52ff7000
        5805000	       579	80000918	c60d6113	ori	x2,x26,-928	 x26:0x00000000  x2=0xfffffc60
        5815000	       580	8000091c	e21f3597	auipc	x11,0xe21f3	 x11=0x621f3918
        5825000	       581	80000920	41225393	srai	x7,x4,0x12	  x4:0x80008682  x7=0xffffe000
        5835000	       582	80000924	1cd42d13	slti	x26,x8,461	  x8:0x00000000 x26=0x00000001
        5845000	       583	80000928	f9ecd997	auipc	x19,0xf9ecd	 x19=0x79ecd924
        5855000	       584	8000092c	0172c133	xor	x2,x5,x23	  x5:0x00000001 x23:0xeb3c8000  x2=0xeb3c8001
        5865000	       585	80000930	003141b3	xor	x3,x2,x3	  x2:0xeb3c8001  x3:0x80008875  x3=0x6b3c0874
        5875000	       586	80000934	01849833	sll	x16,x9,x24	  x9:0x80008482 x24:0xf1c0b02c x16=0x08482000
        5885000	       587	80000938	41e2d793	srai	x15,x5,0x1e	  x5:0x00000001 x15=0x00000000
        5895000	       588	8000093c	01c19333	sll	x6,x3,x28	  x3:0x6b3c0874 x28:0x00000000  x6=0x6b3c0874
        5905000	       589	80000940	00000013	addi	x0,x0,0	  x0:0x00000000
        5915000	       590	80000944	04a60463	beq	x12,x10,8000098c	 x12:0x80009fc4 x10:0x00000000
        5925000	       591	80000948	012c8bb3	add	x23,x25,x18	 x25:0x52ff7000 x18:0x00000000 x23=0x52ff7000
        5935000	       592	8000094c	6ab86493	ori	x9,x16,1707	 x16:0x08482000  x9=0x084826ab
        5945000	       593	80000950	031b0c63	beq	x22,x17,80000988	 x22:0x00000001 x17:0xf1c0b02d
        5955000	       594	80000954	005e7f33	and	x30,x28,x5	 x28:0x00000000  x5:0x00000001 x30=0x00000000
        5965000	       595	80000958	eb2f3713	sltiu	x14,x30,-334	 x30:0x00000000 x14=0x00000001
        5975000	       596	8000095c	4167da93	srai	x21,x15,0x16	 x15:0x00000000 x21=0x00000000
        5985000	       597	80000960	41025a93	srai	x21,x4,0x10	  x4:0x80008682 x21=0xffff8000
        5995000	       598	80000964	00000013	addi	x0,x0,0	  x0:0x00000000
        6005000	       599	80000968	4162db13	srai	x22,x5,0x16	  x5:0x00000001 x22=0x00000000
        6015000	       600	8000096c	40b650b3	sra	x1,x12,x11	 x12:0x80009fc4 x11:0x621f3918  x1=0xffffff80
        6025000	       601	80000970	03291463	bne	x18,x18,80000998	 x18:0x00000000 x18:0x00000000
        6035000	       602	80000974	00506e63	bltu	x0,x5,80000990	  x0:0x00000000  x5:0x00000001
        6045000	       603	00000000	00000013	addi	x0,x0,0	  x0:0x00000000
        6055000	       604	8000098c	00000013	addi	x0,x0,0	  x0:0x00000000
        6065000	       605	80000990	d2096e37	lui	x28,0xd2096	 x28=0xd2096000
        6075000	       606	80000994	6106cd93	xori	x27,x13,1552	 x13:0x8000829e x27=0x8000848e
        6085000	       607	80000998	01ede433	or	x8,x27,x30	 x27:0x8000848e x30:0x00000000  x8=0x8000848e
        6095000	       608	8000099c	dea73293	sltiu	x5,x14,-534	 x14:0x00000001  x5=0x00000001
        6105000	       609	800009a0	37966093	ori	x1,x12,889	 x12:0x80009fc4  x1=0x80009ffd
        6115000	       610	800009a4	00000013	addi	x0,x0,0	  x0:0x00000000
        6125000	       611	800009a8	405cd2b3	sra	x5,x25,x5	 x25:0x52ff7000  x5:0x00000001  x5=0x297fb800
        6135000	       612	800009ac	00000013	addi	x0,x0,0	  x0:0x00000000
        6145000	       613	800009b0	41a55ab3	sra	x21,x10,x26	 x10:0x00000000 x26:0x00000001 x21=0x00000000
        6155000	       614	800009b4	004e2433	slt	x8,x28,x4	 x28:0xd2096000  x4:0x80008682  x8=0x00000000
        6165000	       615	800009b8	01afe0b3	or	x1,x31,x26	 x31:0x00000000 x26:0x00000001  x1=0x00000001
        6175000	       616	800009bc	41ba8133	sub	x2,x21,x27	 x21:0x00000000 x27:0x8000848e  x2=0x7fff7b72
        6185000	       617	800009c0	83fb2593	slti	x11,x22,-1985	 x22:0x00000000 x11=0x00000000
        6195000	       618	800009c4	018dfe63	bgeu	x27,x24,800009e0	 x27:0x8000848e x24:0xf1c0b02c
        6205000	       619	800009c8	93703437	lui	x8,0x93703	  x8=0x93703000
        6215000	       620	800009cc	018e3033	sltu	x0,x28,x24	 x28:0xd2096000 x24:0xf1c0b02c
        6225000	       621	800009d0	008fd293	srli	x5,x31,0x8	 x31:0x00000000  x5=0x00000000
        6235000	       622	800009d4	25826b93	ori	x23,x4,600	  x4:0x80008682 x23=0x800086da
        6245000	       623	800009d8	00b85113	srli	x2,x16,0xb	 x16:0x08482000  x2=0x00010904
        6255000	       624	800009dc	00193cb3	sltu	x25,x18,x1	 x18:0x00000000  x1:0x00000001 x25=0x00000001
        6265000	       625	800009e0	025a9863	bne	x21,x5,80000a10	 x21:0x00000000  x5:0x00000000
        6275000	       626	800009e4	5ef72a93	slti	x21,x14,1519	 x14:0x00000001 x21=0x00000001
        6285000	       627	800009e8	042b8263	beq	x23,x2,80000a2c	 x23:0x800086da  x2:0x00010904
        6295000	       628	800009ec	41328233	sub	x4,x5,x19	  x5:0x00000000 x19:0x79ecd924  x4=0x861326dc
        6305000	       629	800009f0	41a1dc93	srai	x25,x3,0x1a	  x3:0x6b3c0874 x25=0x0000001a
        6315000	       630	800009f4	468ba513	slti	x10,x23,1128	 x23:0x800086da x10=0x00000001
        6325000	       631	800009f8	00fb83b3	add	x7,x23,x15	 x23:0x800086da x15:0x00000000  x7=0x800086da
        6335000	       632	800009fc	01a98863	beq	x19,x26,80000a0c	 x19:0x79ecd924 x26:0x00000001
        6345000	       633	80000a00	4141d433	sra	x8,x3,x20	  x3:0x6b3c0874 x20:0x00000000  x8=0x6b3c0874
        6355000	       634	80000a04	015e3cb3	sltu	x25,x28,x21	 x28:0xd2096000 x21:0x00000001 x25=0x00000000
        6365000	       635	80000a08	4153d5b3	sra	x11,x7,x21	  x7:0x800086da x21:0x00000001 x11=0xc000436d
        6375000	       636	80000a0c	00e46e63	bltu	x8,x14,80000a28	  x8:0x6b3c0874 x14:0x00000001
        6385000	       637	80000a10	9cbd8513	addi	x10,x27,-1589	 x27:0x8000848e x10=0x80007e59
        6395000	       638	80000a14	02fcca63	blt	x25,x15,80000a48	 x25:0x00000000 x15:0x00000000
        6405000	       639	80000a18	0152cf33	xor	x30,x5,x21	  x5:0x00000000 x21:0x00000001 x30=0x00000001
        6415000	       640	80000a1c	41a05c13	srai	x24,x0,0x1a	  x0:0x00000000 x24=0x00000000
        6425000	       641	80000a20	009d12b3	sll	x5,x26,x9	 x26:0x00000001  x9:0x084826ab  x5=0x00000800
        6435000	       642	80000a24	009dda63	bge	x27,x9,80000a38	 x27:0x8000848e  x9:0x084826ab
        6445000	       643	80000a28	000b1663	bne	x22,x0,80000a34	 x22:0x00000000  x0:0x00000000
        6455000	       644	80000a2c	007cbcb3	sltu	x25,x25,x7	 x25:0x00000000  x7:0x800086da x25=0x00000001
        6465000	       645	80000a30	015763b3	or	x7,x14,x21	 x14:0x00000001 x21:0x00000001  x7=0x00000001
        6475000	       646	80000a34	000ef3b3	and	x7,x29,x0	 x29:0x80009f84  x0:0x00000000  x7=0x00000000
        6485000	       647	80000a38	0042df33	srl	x30,x5,x4	  x5:0x00000800  x4:0x861326dc x30=0x00000000
        6495000	       648	80000a3c	414ad9b3	sra	x19,x21,x20	 x21:0x00000001 x20:0x00000000 x19=0x00000001
        6505000	       649	80000a40	41fc5fb3	sra	x31,x24,x31	 x24:0x00000000 x31:0x00000000 x31=0x00000000
        6515000	       650	80000a44	01fc9513	slli	x10,x25,0x1f	 x25:0x00000001 x10=0x80000000
        6525000	       651	80000a48	0093a6b3	slt	x13,x7,x9	  x7:0x00000000  x9:0x084826ab x13=0x00000001
        6535000	       652	80000a4c	005742b3	xor	x5,x14,x5	 x14:0x00000001  x5:0x00000800  x5=0x00000801
        6545000	       653	80000a50	c639aa13	slti	x20,x19,-925	 x19:0x00000001 x20=0x00000000
        6555000	       654	80000a54	00361833	sll	x16,x12,x3	 x12:0x80009fc4  x3:0x6b3c0874 x16=0xfc400000
        6565000	       655	80000a58	00703333	sltu	x6,x0,x7	  x0:0x00000000  x7:0x00000000  x6=0x00000000
        6575000	       656	80000a5c	00c59933	sll	x18,x11,x12	 x11:0xc000436d x12:0x80009fc4 x18=0x000436d0
        6585000	       657	80000a60	005c1f13	slli	x30,x24,0x5	 x24:0x00000000 x30=0x00000000
        6595000	       658	80000a64	00000013	addi	x0,x0,0	  x0:0x00000000
        6605000	       659	80000a68	00cc4e63	blt	x24,x12,80000a84	 x24:0x00000000 x12:0x80009fc4
        6615000	       660	80000a6c	02dd4863	blt	x26,x13,80000a9c	 x26:0x00000001 x13:0x00000001
        6625000	       661	80000a70	05f54463	blt	x10,x31,80000ab8	 x10:0x80000000 x31:0x00000000
        6635000	       662	00000000	00000013	addi	x0,x0,0	  x0:0x00000000
        6645000	       663	80000ab4	00000013	addi	x0,x0,0	  x0:0x00000000
        6655000	       664	80000ab8	01831e13	slli	x28,x6,0x18	  x6:0x00000000 x28=0x00000000
        6665000	       665	80000abc	00000013	addi	x0,x0,0	  x0:0x00000000
        6675000	       666	80000ac0	008826b3	slt	x13,x16,x8	 x16:0xfc400000  x8:0x6b3c0874 x13=0x00000001
        6685000	       667	80000ac4	40ea89b3	sub	x19,x21,x14	 x21:0x00000001 x14:0x00000001 x19=0x00000000
        6695000	       668	80000ac8	38615217	auipc	x4,0x38615	  x4=0xb8615ac4
        6705000	       669	80000acc	03f38663	beq	x7,x31,80000af8	  x7:0x00000000 x31:0x00000000
        6715000	       670	00000000	00000013	addi	x0,x0,0	  x0:0x00000000
        6725000	       671	80000af4	00000013	addi	x0,x0,0	  x0:0x00000000
        6735000	       672	80000af8	00000013	addi	x0,x0,0	  x0:0x00000000
        6745000	       673	80000afc	00534bb3	xor	x23,x6,x5	  x6:0x00000000  x5:0x00000801 x23=0x00000801
        6755000	       674	80000b00	3944df37	lui	x30,0x3944d	 x30=0x3944d000
        6765000	       675	80000b04	00f07c63	bgeu	x0,x15,80000b1c	  x0:0x00000000 x15:0x00000000
        6775000	       676	00000000	00000013	addi	x0,x0,0	  x0:0x00000000
        6785000	       677	80000b18	00000013	addi	x0,x0,0	  x0:0x00000000
        6795000	       678	80000b1c	41925d93	srai	x27,x4,0x19	  x4:0xb8615ac4 x27=0xffffffdc
        6805000	       679	80000b20	00000013	addi	x0,x0,0	  x0:0x00000000
        6815000	       680	80000b24	d2ed4217	auipc	x4,0xd2ed4	  x4=0x52ed4b20
        6825000	       681	80000b28	f1cf7913	andi	x18,x30,-228	 x30:0x3944d000 x18=0x3944d000
        6835000	       682	80000b2c	41e28db3	sub	x27,x5,x30	  x5:0x00000801 x30:0x3944d000 x27=0xc6bb3801
        6845000	       683	80000b30	4193d093	srai	x1,x7,0x19	  x7:0x00000000  x1=0x00000000
        6855000	       684	80000b34	1f732393	slti	x7,x6,503	  x6:0x00000000  x7=0x00000001
        6865000	       685	80000b38	00981263	bne	x16,x9,80000b3c	 x16:0xfc400000  x9:0x084826ab
        6875000	       686	00000000	00000013	addi	x0,x0,0	  x0:0x00000000
        6885000	       687	80000b38	00000013	addi	x0,x0,0	  x0:0x00000000
        6895000	       688	80000b3c	01f49db3	sll	x27,x9,x31	  x9:0x084826ab x31:0x00000000 x27=0x084826ab
        6905000	       689	80000b40	c4b2e793	ori	x15,x5,-949	  x5:0x00000801 x15=0xfffffc4b
        6915000	       690	80000b44	0040e3b3	or	x7,x1,x4	  x1:0x00000000  x4:0x52ed4b20  x7=0x52ed4b20
        6925000	       691	80000b48	00f450b3	srl	x1,x8,x15	  x8:0x6b3c0874 x15:0xfffffc4b  x1=0x000d6781
        6935000	       692	80000b4c	da1cc113	xori	x2,x25,-607	 x25:0x00000001  x2=0xfffffda0
        6945000	       693	80000b50	00c20663	beq	x4,x12,80000b5c	  x4:0x52ed4b20 x12:0x80009fc4
        6955000	       694	80000b54	01b0cf33	xor	x30,x1,x27	  x1:0x000d6781 x27:0x084826ab x30=0x0845412a
        6965000	       695	80000b58	00648a33	add	x20,x9,x6	  x9:0x084826ab  x6:0x00000000 x20=0x084826ab
        6975000	       696	80000b5c	07d9d263	bge	x19,x29,80000bc0	 x19:0x00000000 x29:0x80009f84
        6985000	       697	00000000	00000013	addi	x0,x0,0	  x0:0x00000000
        6995000	       698	80000bbc	00000013	addi	x0,x0,0	  x0:0x00000000
        7005000	       699	80000bc0	40ac81b3	sub	x3,x25,x10	 x25:0x00000001 x10:0x80000000  x3=0x80000001
        7015000	       700	80000bc4	01187e63	bgeu	x16,x17,80000be0	 x16:0xfc400000 x17:0xf1c0b02d
        7025000	       701	00000000	00000013	addi	x0,x0,0	  x0:0x00000000
        7035000	       702	80000bdc	00000013	addi	x0,x0,0	  x0:0x00000000
        7045000	       703	80000be0	684d8d93	addi	x27,x27,1668	 x27:0x084826ab x27=0x08482d2f
        7055000	       704	80000be4	007e75b3	and	x11,x28,x7	 x28:0x00000000  x7:0x52ed4b20 x11=0x00000000
        7065000	       705	80000be8	3d03ee13	ori	x28,x7,976	  x7:0x52ed4b20 x28=0x52ed4bf0
        7075000	       706	80000bec	00edd433	srl	x8,x27,x14	 x27:0x08482d2f x14:0x00000001  x8=0x04241697
        7085000	       707	80000bf0	ca733513	sltiu	x10,x6,-857	  x6:0x00000000 x10=0x00000001
        7095000	       708	80000bf4	eaaa8193	addi	x3,x21,-342	 x21:0x00000001  x3=0xfffffeab
        7105000	       709	80000bf8	007945b3	xor	x11,x18,x7	 x18:0x3944d000  x7:0x52ed4b20 x11=0x6ba99b20
        7115000	       710	80000bfc	00341933	sll	x18,x8,x3	  x8:0x04241697  x3:0xfffffeab x18=0x20b4b800
        7125000	       711	80000c00	02b19c63	bne	x3,x11,80000c38	  x3:0xfffffeab x11:0x6ba99b20
        7135000	       712	00000000	00000013	addi	x0,x0,0	  x0:0x00000000
        7145000	       713	80000c34	00000013	addi	x0,x0,0	  x0:0x00000000
        7155000	       714	80000c38	00f53ab3	sltu	x21,x10,x15	 x10:0x00000001 x15:0xfffffc4b x21=0x00000001
        7165000	       715	80000c3c	00327ab3	and	x21,x4,x3	  x4:0x52ed4b20  x3:0xfffffeab x21=0x52ed4a20
        7175000	       716	80000c40	4069dc33	sra	x24,x19,x6	 x19:0x00000000  x6:0x00000000 x24=0x00000000
        7185000	       717	80000c44	01381b13	slli	x22,x16,0x13	 x16:0xfc400000 x22=0x00000000
        7195000	       718	80000c48	01b97c63	bgeu	x18,x27,80000c60	 x18:0x20b4b800 x27:0x08482d2f
        7205000	       719	00000000	00000013	addi	x0,x0,0	  x0:0x00000000
        7215000	       720	80000c5c	00000013	addi	x0,x0,0	  x0:0x00000000
        7225000	       721	80000c60	e88e6a93	ori	x21,x28,-376	 x28:0x52ed4bf0 x21=0xfffffff8
        7235000	       722	80000c64	01a9e3b3	or	x7,x19,x26	 x19:0x00000000 x26:0x00000001  x7=0x00000001
        7245000	       723	80000c68	b9f3ed37	lui	x26,0xb9f3e	 x26=0xb9f3e000
        7255000	       724	80000c6c	003b06b3	add	x13,x22,x3	 x22:0x00000000  x3:0xfffffeab x13=0xfffffeab
        7265000	       725	80000c70	637d4493	xori	x9,x26,1591	 x26:0xb9f3e000  x9=0xb9f3e637
        7275000	       726	80000c74	40822d17	auipc	x26,0x40822	 x26=0xc0822c70
        7285000	       727	80000c78	988a4093	xori	x1,x20,-1656	 x20:0x084826ab  x1=0xf7b7df23
        7295000	       728	80000c7c	01d85d93	srli	x27,x16,0x1d	 x16:0xfc400000 x27=0x00000007
        7305000	       729	80000c80	000aa233	slt	x4,x21,x0	 x21:0xfffffff8  x0:0x00000000  x4=0x00000001
        7315000	       730	80000c84	00fc9813	slli	x16,x25,0xf	 x25:0x00000001 x16=0x00008000
        7325000	       731	80000c88	00eb9e33	sll	x28,x23,x14	 x23:0x00000801 x14:0x00000001 x28=0x00001002
        7335000	       732	80000c8c	02cd8c63	beq	x27,x12,80000cc4	 x27:0x00000007 x12:0x80009fc4
        7345000	       733	80000c90	00000013	addi	x0,x0,0	  x0:0x00000000
        7355000	       734	80000c94	01629e63	bne	x5,x22,80000cb0	  x5:0x00000801 x22:0x00000000
        7365000	       735	00000000	00000013	addi	x0,x0,0	  x0:0x00000000
        7375000	       736	80000cac	00000013	addi	x0,x0,0	  x0:0x00000000
        7385000	       737	80000cb0	4178d433	sra	x8,x17,x23	 x17:0xf1c0b02d x23:0x00000801  x8=0xf8e05816
        7395000	       738	80000cb4	018e0263	beq	x28,x24,80000cb8	 x28:0x00001002 x24:0x00000000
        7405000	       739	80000cb8	01c1ccb3	xor	x25,x3,x28	  x3:0xfffffeab x28:0x00001002 x25=0xffffeea9
        7415000	       740	80000cbc	019deab3	or	x21,x27,x25	 x27:0x00000007 x25:0xffffeea9 x21=0xffffeeaf
        7425000	       741	80000cc0	007039b3	sltu	x19,x0,x7	  x0:0x00000000  x7:0x00000001 x19=0x00000001
        7435000	       742	80000cc4	839b2e13	slti	x28,x22,-1991	 x22:0x00000000 x28=0x00000000
        7445000	       743	80000cc8	00e1a4b3	slt	x9,x3,x14	  x3:0xfffffeab x14:0x00000001  x9=0x00000001
        7455000	       744	80000ccc	d6ff2213	slti	x4,x30,-657	 x30:0x0845412a  x4=0x00000000
        7465000	       745	80000cd0	188ab693	sltiu	x13,x21,392	 x21:0xffffeeaf x13=0x00000000
        7475000	       746	80000cd4	00c22693	slti	x13,x4,12	  x4:0x00000000 x13=0x00000001
        7485000	       747	80000cd8	05e3d863	bge	x7,x30,80000d28	  x7:0x00000001 x30:0x0845412a
        7495000	       748	80000cdc	017781b3	add	x3,x15,x23	 x15:0xfffffc4b x23:0x00000801  x3=0x0000044c
        7505000	       749	80000ce0	017aec63	bltu	x21,x23,80000cf8	 x21:0xffffeeaf x23:0x00000801
        7515000	       750	80000ce4	e0bc2113	slti	x2,x24,-501	 x24:0x00000000  x2=0x00000000
        7525000	       751	80000ce8	004a1ab3	sll	x21,x20,x4	 x20:0x084826ab  x4:0x00000000 x21=0x084826ab
        7535000	       752	80000cec	8d4c8c93	addi	x25,x25,-1836	 x25:0xffffeea9 x25=0xffffe77d
        7545000	       753	80000cf0	05668463	beq	x13,x22,80000d38	 x13:0x00000001 x22:0x00000000
        7555000	       754	80000cf4	7c458713	addi	x14,x11,1988	 x11:0x6ba99b20 x14=0x6ba9a2e4
        7565000	       755	80000cf8	01f01293	slli	x5,x0,0x1f	  x0:0x00000000  x5=0x00000000
        7575000	       756	80000cfc	009065b3	or	x11,x0,x9	  x0:0x00000000  x9:0x00000001 x11=0x00000001
        7585000	       757	80000d00	46226d13	ori	x26,x4,1122	  x4:0x00000000 x26=0x00000462
        7595000	       758	80000d04	40f3da93	srai	x21,x7,0xf	  x7:0x00000001 x21=0x00000000
        7605000	       759	80000d08	03e2e463	bltu	x5,x30,80000d30	  x5:0x00000000 x30:0x0845412a
        7615000	       760	00000000	00000013	addi	x0,x0,0	  x0:0x00000000
        7625000	       761	80000d2c	00000013	addi	x0,x0,0	  x0:0x00000000
        7635000	       762	80000d30	00679cb3	sll	x25,x15,x6	 x15:0xfffffc4b  x6:0x00000000 x25=0xfffffc4b
        7645000	       763	80000d34	265eae13	slti	x28,x29,613	 x29:0x80009f84 x28=0x00000001
        7655000	       764	80000d38	00000013	addi	x0,x0,0	  x0:0x00000000
        7665000	       765	80000d3c	55536f13	ori	x30,x6,1365	  x6:0x00000000 x30=0x00000555
        7675000	       766	80000d40	01a19b13	slli	x22,x3,0x1a	  x3:0x0000044c x22=0x30000000
        7685000	       767	80000d44	007e6f33	or	x30,x28,x7	 x28:0x00000001  x7:0x00000001 x30=0x00000001
        7695000	       768	80000d48	f895a293	slti	x5,x11,-119	 x11:0x00000001  x5=0x00000000
        7705000	       769	80000d4c	012213b3	sll	x7,x4,x18	  x4:0x00000000 x18:0x20b4b800  x7=0x00000000
        7715000	       770	80000d50	00585f33	srl	x30,x16,x5	 x16:0x00008000  x5:0x00000000 x30=0x00008000
        7725000	       771	80000d54	84523e13	sltiu	x28,x4,-1979	  x4:0x00000000 x28=0x00000001
        7735000	       772	80000d58	41c45693	srai	x13,x8,0x1c	  x8:0xf8e05816 x13=0xffffffff
        7745000	       773	80000d5c	001ed393	srli	x7,x29,0x1	 x29:0x80009f84  x7=0x40004fc2
        7755000	       774	80000d60	40fdd513	srai	x10,x27,0xf	 x27:0x00000007 x10=0x00000000
        7765000	       775	80000d64	02260a63	beq	x12,x2,80000d98	 x12:0x80009fc4  x2:0x00000000
        7775000	       776	80000d68	018973b3	and	x7,x18,x24	 x18:0x20b4b800 x24:0x00000000  x7=0x00000000
        7785000	       777	80000d6c	03526463	bltu	x4,x21,80000d94	  x4:0x00000000 x21:0x00000000
        7795000	       778	80000d70	01c05033	srl	x0,x0,x28	  x0:0x00000000 x28:0x00000001
        7805000	       779	80000d74	000ebcb3	sltu	x25,x29,x0	 x29:0x80009f84  x0:0x00000000 x25=0x00000000
        7815000	       780	80000d78	00000013	addi	x0,x0,0	  x0:0x00000000
        7825000	       781	80000d7c	009997b3	sll	x15,x19,x9	 x19:0x00000001  x9:0x00000001 x15=0x00000002
        7835000	       782	80000d80	002f4733	xor	x14,x30,x2	 x30:0x00008000  x2:0x00000000 x14=0x00008000
        7845000	       783	80000d84	3f588d37	lui	x26,0x3f588	 x26=0x3f588000
        7855000	       784	80000d88	4166db33	sra	x22,x13,x22	 x13:0xffffffff x22:0x30000000 x22=0xffffffff
        7865000	       785	80000d8c	7c49f013	andi	x0,x19,1988	 x19:0x00000001
        7875000	       786	80000d90	9e10e313	ori	x6,x1,-1567	  x1:0xf7b7df23  x6=0xffffffe3
        7885000	       787	80000d94	4141d4b3	sra	x9,x3,x20	  x3:0x0000044c x20:0x084826ab  x9=0x00000000
        7895000	       788	80000d98	0455f063	bgeu	x11,x5,80000dd8	 x11:0x00000001  x5:0x00000000
        7905000	       789	00000000	00000013	addi	x0,x0,0	  x0:0x00000000
        7915000	       790	80000dd4	00000013	addi	x0,x0,0	  x0:0x00000000
        7925000	       791	80000dd8	878b6393	ori	x7,x22,-1928	 x22:0xffffffff  x7=0xffffffff
        7935000	       792	80000ddc	40d65333	sra	x6,x12,x13	 x12:0x80009fc4 x13:0xffffffff  x6=0xffffffff
        7945000	       793	80000de0	4f012b93	slti	x23,x2,1264	  x2:0x00000000 x23=0x00000001
        7955000	       794	80000de4	01145663	bge	x8,x17,80000df0	  x8:0xf8e05816 x17:0xf1c0b02d
        7965000	       795	00000000	00000013	addi	x0,x0,0	  x0:0x00000000
        7975000	       796	80000dec	00000013	addi	x0,x0,0	  x0:0x00000000
        7985000	       797	80000df0	00d026b3	slt	x13,x0,x13	  x0:0x00000000 x13:0xffffffff x13=0x00000000
        7995000	       798	80000df4	013350b3	srl	x1,x6,x19	  x6:0xffffffff x19:0x00000001  x1=0x7fffffff
        8005000	       799	80000df8	40e2df33	sra	x30,x5,x14	  x5:0x00000000 x14:0x00008000 x30=0x00000000
        8015000	       800	80000dfc	01632333	slt	x6,x6,x22	  x6:0xffffffff x22:0xffffffff  x6=0x00000000
        8025000	       801	80000e00	002d6e63	bltu	x26,x2,80000e1c	 x26:0x3f588000  x2:0x00000000
        8035000	       802	80000e04	01085993	srli	x19,x16,0x10	 x16:0x00008000 x19=0x00000000
        8045000	       803	80000e08	01270833	add	x16,x14,x18	 x14:0x00008000 x18:0x20b4b800 x16=0x20b53800
        8055000	       804	80000e0c	2c896a13	ori	x20,x18,712	 x18:0x20b4b800 x20=0x20b4bac8
        8065000	       805	80000e10	507bbc17	auipc	x24,0x507bb	 x24=0xd07bbe0c
        8075000	       806	80000e14	002bfc63	bgeu	x23,x2,80000e2c	 x23:0x00000001  x2:0x00000000
        8085000	       807	00000000	00000013	addi	x0,x0,0	  x0:0x00000000
        8095000	       808	80000e28	00000013	addi	x0,x0,0	  x0:0x00000000
        8105000	       809	80000e2c	a9e12293	slti	x5,x2,-1378	  x2:0x00000000  x5=0x00000000
        8115000	       810	80000e30	01e307b3	add	x15,x6,x30	  x6:0x00000000 x30:0x00000000 x15=0x00000000
        8125000	       811	80000e34	40475333	sra	x6,x14,x4	 x14:0x00008000  x4:0x00000000  x6=0x00008000
        8135000	       812	80000e38	58ad8793	addi	x15,x27,1418	 x27:0x00000007 x15=0x00000591
        8145000	       813	80000e3c	41988833	sub	x16,x17,x25	 x17:0xf1c0b02d x25:0x00000000 x16=0xf1c0b02d
        8155000	       814	80000e40	00d316b3	sll	x13,x6,x13	  x6:0x00008000 x13:0x00000000 x13=0x00008000
        8165000	       815	80000e44	9da47e13	andi	x28,x8,-1574	  x8:0xf8e05816 x28=0xf8e05812
        8175000	       816	80000e48	00000013	addi	x0,x0,0	  x0:0x00000000
        8185000	       817	80000e4c	01e65813	srli	x16,x12,0x1e	 x12:0x80009fc4 x16=0x00000002
        8195000	       818	80000e50	035a0863	beq	x20,x21,80000e80	 x20:0x20b4bac8 x21:0x00000000
        8205000	       819	80000e54	013fc333	xor	x6,x31,x19	 x31:0x00000000 x19:0x00000000  x6=0x00000000
        8215000	       820	80000e58	00bdf2b3	and	x5,x27,x11	 x27:0x00000007 x11:0x00000001  x5=0x00000001
        8225000	       821	80000e5c	64e47a13	andi	x20,x8,1614	  x8:0xf8e05816 x20=0x00000006
        8235000	       822	80000e60	df3b95b7	lui	x11,0xdf3b9	 x11=0xdf3b9000
        8245000	       823	80000e64	414809b3	sub	x19,x16,x20	 x16:0x00000002 x20:0x00000006 x19=0xfffffffc
        8255000	       824	80000e68	ccda4a93	xori	x21,x20,-819	 x20:0x00000006 x21=0xfffffccb
        8265000	       825	80000e6c	004e36b3	sltu	x13,x28,x4	 x28:0xf8e05812  x4:0x00000000 x13=0x00000000
        8275000	       826	80000e70	f5967ab7	lui	x21,0xf5967	 x21=0xf5967000
        8285000	       827	80000e74	00000013	addi	x0,x0,0	  x0:0x00000000
        8295000	       828	80000e78	00331a63	bne	x6,x3,80000e8c	  x6:0x00000000  x3:0x0000044c
        8305000	       829	00000000	00000013	addi	x0,x0,0	  x0:0x00000000
        8315000	       830	80000e88	00000013	addi	x0,x0,0	  x0:0x00000000
        8325000	       831	80000e8c	01a18ab3	add	x21,x3,x26	  x3:0x0000044c x26:0x3f588000 x21=0x3f58844c
        8335000	       832	80000e90	00ffa033	slt	x0,x31,x15	 x31:0x00000000 x15:0x00000591
        8345000	       833	80000e94	007b7a63	bgeu	x22,x7,80000ea8	 x22:0xffffffff  x7:0xffffffff
        8355000	       834	00000000	00000013	addi	x0,x0,0	  x0:0x00000000
        8365000	       835	80000ea4	00000013	addi	x0,x0,0	  x0:0x00000000
        8375000	       836	80000ea8	01e25813	srli	x16,x4,0x1e	  x4:0x00000000 x16=0x00000000
        8385000	       837	80000eac	e84bf813	andi	x16,x23,-380	 x23:0x00000001 x16=0x00000000
        8395000	       838	80000eb0	02d5fc63	bgeu	x11,x13,80000ee8	 x11:0xdf3b9000 x13:0x00000000
        8405000	       839	00000000	00000013	addi	x0,x0,0	  x0:0x00000000
        8415000	       840	80000ee4	00000013	addi	x0,x0,0	  x0:0x00000000
        8425000	       841	80000ee8	65689497	auipc	x9,0x65689	  x9=0xe5689ee4
        8435000	       842	80000eec	01d3fab3	and	x21,x7,x29	  x7:0xffffffff x29:0x80009f84 x21=0x80009f84
        8445000	       843	80000ef0	05ef0c13	addi	x24,x30,94	 x30:0x00000000 x24=0x0000005e
        8455000	       844	80000ef4	00c01b33	sll	x22,x0,x12	  x0:0x00000000 x12:0x80009fc4 x22=0x00000000
        8465000	       845	80000ef8	0122eb33	or	x22,x5,x18	  x5:0x00000001 x18:0x20b4b800 x22=0x20b4b801
        8475000	       846	80000efc	01069463	bne	x13,x16,80000f04	 x13:0x00000000 x16:0x00000000
        8485000	       847	80000f00	00d455b3	srl	x11,x8,x13	  x8:0xf8e05816 x13:0x00000000 x11=0xf8e05816
        8495000	       848	80000f04	01259663	bne	x11,x18,80000f10	 x11:0xf8e05816 x18:0x20b4b800
        8505000	       849	00000000	00000013	addi	x0,x0,0	  x0:0x00000000
        8515000	       850	80000f0c	00000013	addi	x0,x0,0	  x0:0x00000000
        8525000	       851	80000f10	9cc9d597	auipc	x11,0x9cc9d	 x11=0x1cc9df0c
        8535000	       852	80000f14	00cf2533	slt	x10,x30,x12	 x30:0x00000000 x12:0x80009fc4 x10=0x00000000
        8545000	       853	80000f18	01f4d263	bge	x9,x31,80000f1c	  x9:0xe5689ee4 x31:0x00000000
        8555000	       854	80000f1c	402252b3	sra	x5,x4,x2	  x4:0x00000000  x2:0x00000000  x5=0x00000000
        8565000	       855	80000f20	41e6ddb3	sra	x27,x13,x30	 x13:0x00000000 x30:0x00000000 x27=0x00000000
        8575000	       856	80000f24	41d18a33	sub	x20,x3,x29	  x3:0x0000044c x29:0x80009f84 x20=0x7fff64c8
        8585000	       857	80000f28	0024c3b3	xor	x7,x9,x2	  x9:0xe5689ee4  x2:0x00000000  x7=0xe5689ee4
        8595000	       858	80000f2c	001ef333	and	x6,x29,x1	 x29:0x80009f84  x1:0x7fffffff  x6=0x00009f84
        8605000	       859	80000f30	01fc8e33	add	x28,x25,x31	 x25:0x00000000 x31:0x00000000 x28=0x00000000
        8615000	       860	80000f34	23e8eb93	ori	x23,x17,574	 x17:0xf1c0b02d x23=0xf1c0b23f
        8625000	       861	80000f38	00000897	auipc	x17,0x0	 x17=0x80000f34
        8635000	       862	80000f3c	00c88893	addi	x17,x17,12	 x17:0x80000f34 x17=0x80000f40
        8645000	       863	80000f40	00088067	jalr	x0,x17,0	 x17:0x80000f40
        8655000	       864	00000000	00000013	addi	x0,x0,0	  x0:0x00000000
        8665000	       865	80000f40	00000013	addi	x0,x0,0	  x0:0x00000000
        8675000	       866	80000f44	00100193	addi	x3,x0,1	  x0:0x00000000  x3=0x00000001
        8685000	       867	80000f48	00000073	ecall	
        8695000	       868	80000f4c	41d20533	sub	x10,x4,x29	  x4:0x00000000 x29:0x80009f84 x10=0x7fff607c
