		Time			Cycle	PC		Insn	Decoded instruction	Register and memory contents
          65000	         5	80000004	00000293	addi	x5,x0,0	  x0:0x00000000  x5=0x00000000
          75000	         6	80000008	00000313	addi	x6,x0,0	  x0:0x00000000  x6=0x00000000
          85000	         7	8000000c	00628263	beq	x5,x6,80000010	  x5:0x00000000  x6:0x00000000
          95000	         8	00000000	00000013	addi	x0,x0,0	  x0:0x00000000
         105000	         9	8000000c	00000013	addi	x0,x0,0	  x0:0x00000000
         115000	        10	80000010	00000e17	auipc	x28,0x0	 x28=0x8000000c
         125000	        11	80000014	00ce0e13	addi	x28,x28,12	 x28:0x8000000c x28=0x80000018
         135000	        12	80000018	000e0067	jalr	x0,x28,0	 x28:0x80000018
         145000	        13	00000000	00000013	addi	x0,x0,0	  x0:0x00000000
         155000	        14	80000018	00000013	addi	x0,x0,0	  x0:0x00000000
         165000	        15	8000001c	40000837	lui	x16,0x40000	 x16=0x40000000
         175000	        16	80000020	10080813	addi	x16,x16,256	 x16:0x40000000 x16=0x40000100
         185000	        17	80000024	00000013	addi	x0,x0,0	  x0:0x00000000
         195000	        18	80000028	0000a497	auipc	x9,0xa	  x9=0x8000a024
         205000	        19	8000002c	fa048493	addi	x9,x9,-96	  x9:0x8000a024  x9=0x80009fc4
         215000	        20	80000030	00003817	auipc	x16,0x3	 x16=0x8000302c
         225000	        21	80000034	92480813	addi	x16,x16,-1756	 x16:0x8000302c x16=0x80002950
         235000	        22	80000038	00186813	ori	x16,x16,1	 x16:0x80002950 x16=0x80002951
         245000	        23	8000003c	00000013	addi	x0,x0,0	  x0:0x00000000
         255000	        24	80000040	00000817	auipc	x16,0x0	 x16=0x8000003c
         265000	        25	80000044	02080813	addi	x16,x16,32	 x16:0x8000003c x16=0x8000005c
         275000	        26	80000048	00000013	addi	x0,x0,0	  x0:0x00000000
         285000	        27	8000004c	00000013	addi	x0,x0,0	  x0:0x00000000
         295000	        28	80000050	00002837	lui	x16,0x2	 x16=0x00002000
         305000	        29	80000054	80080813	addi	x16,x16,-2048	 x16:0x00002000 x16=0x00001800
         315000	        30	80000058	00000013	addi	x0,x0,0	  x0:0x00000000
         325000	        31	8000005c	00000013	addi	x0,x0,0	  x0:0x00000000
         335000	        32	80000060	00a00013	addi	x0,x0,10	  x0:0x00000000
         345000	        33	80000064	00a00093	addi	x1,x0,10	  x0:0x00000000  x1=0x0000000a
         355000	        34	80000068	00000113	addi	x2,x0,0	  x0:0x00000000  x2=0x00000000
         365000	        35	8000006c	00e00193	addi	x3,x0,14	  x0:0x00000000  x3=0x0000000e
         375000	        36	80000070	00a00293	addi	x5,x0,10	  x0:0x00000000  x5=0x0000000a
         385000	        37	80000074	80000337	lui	x6,0x80000	  x6=0x80000000
         395000	        38	80000078	00000393	addi	x7,x0,0	  x0:0x00000000  x7=0x00000000
         405000	        39	8000007c	f09f5437	lui	x8,0xf09f5	  x8=0xf09f5000
         415000	        40	80000080	e8d40413	addi	x8,x8,-371	  x8:0xf09f5000  x8=0xf09f4e8d
         425000	        41	80000084	00200513	addi	x10,x0,2	  x0:0x00000000 x10=0x00000002
         435000	        42	80000088	7d5375b7	lui	x11,0x7d537	 x11=0x7d537000
         445000	        43	8000008c	e8f58593	addi	x11,x11,-369	 x11:0x7d537000 x11=0x7d536e8f
         455000	        44	80000090	00b00613	addi	x12,x0,11	  x0:0x00000000 x12=0x0000000b
         465000	        45	80000094	fb0bb6b7	lui	x13,0xfb0bb	 x13=0xfb0bb000
         475000	        46	80000098	ecb68693	addi	x13,x13,-309	 x13:0xfb0bb000 x13=0xfb0baecb
         485000	        47	8000009c	8c659737	lui	x14,0x8c659	 x14=0x8c659000
         495000	        48	800000a0	39e70713	addi	x14,x14,926	 x14:0x8c659000 x14=0x8c65939e
         505000	        49	800000a4	00a00793	addi	x15,x0,10	  x0:0x00000000 x15=0x0000000a
         515000	        50	800000a8	fa72c837	lui	x16,0xfa72c	 x16=0xfa72c000
         525000	        51	800000ac	d9980813	addi	x16,x16,-615	 x16:0xfa72c000 x16=0xfa72bd99
         535000	        52	800000b0	00000893	addi	x17,x0,0	  x0:0x00000000 x17=0x00000000
         545000	        53	800000b4	00000913	addi	x18,x0,0	  x0:0x00000000 x18=0x00000000
         555000	        54	800000b8	800009b7	lui	x19,0x80000	 x19=0x80000000
         565000	        55	800000bc	00200a13	addi	x20,x0,2	  x0:0x00000000 x20=0x00000002
         575000	        56	800000c0	f14d0ab7	lui	x21,0xf14d0	 x21=0xf14d0000
         585000	        57	800000c4	266a8a93	addi	x21,x21,614	 x21:0xf14d0000 x21=0xf14d0266
         595000	        58	800000c8	ff1adb37	lui	x22,0xff1ad	 x22=0xff1ad000
         605000	        59	800000cc	c50b0b13	addi	x22,x22,-944	 x22:0xff1ad000 x22=0xff1acc50
         615000	        60	800000d0	f6a71bb7	lui	x23,0xf6a71	 x23=0xf6a71000
         625000	        61	800000d4	53ab8b93	addi	x23,x23,1338	 x23:0xf6a71000 x23=0xf6a7153a
         635000	        62	800000d8	a6a51c37	lui	x24,0xa6a51	 x24=0xa6a51000
         645000	        63	800000dc	511c0c13	addi	x24,x24,1297	 x24:0xa6a51000 x24=0xa6a51511
         655000	        64	800000e0	f05f1cb7	lui	x25,0xf05f1	 x25=0xf05f1000
         665000	        65	800000e4	91ec8c93	addi	x25,x25,-1762	 x25:0xf05f1000 x25=0xf05f091e
         675000	        66	800000e8	f56d6d37	lui	x26,0xf56d6	 x26=0xf56d6000
         685000	        67	800000ec	b46d0d13	addi	x26,x26,-1210	 x26:0xf56d6000 x26=0xf56d5b46
         695000	        68	800000f0	00b00d93	addi	x27,x0,11	  x0:0x00000000 x27=0x0000000b
         705000	        69	800000f4	f4d91e37	lui	x28,0xf4d91	 x28=0xf4d91000
         715000	        70	800000f8	12ce0e13	addi	x28,x28,300	 x28:0xf4d91000 x28=0xf4d9112c
         725000	        71	800000fc	5d54aeb7	lui	x29,0x5d54a	 x29=0x5d54a000
         735000	        72	80000100	7cfe8e93	addi	x29,x29,1999	 x29:0x5d54a000 x29=0x5d54a7cf
         745000	        73	80000104	00000f13	addi	x30,x0,0	  x0:0x00000000 x30=0x00000000
         755000	        74	80000108	80000fb7	lui	x31,0x80000	 x31=0x80000000
         765000	        75	8000010c	0000a217	auipc	x4,0xa	  x4=0x8000a108
         775000	        76	80000110	e7c20213	addi	x4,x4,-388	  x4:0x8000a108  x4=0x80009f84
         785000	        77	80000114	00008097	auipc	x1,0x8	  x1=0x80008110
         795000	        78	80000118	1a808093	addi	x1,x1,424	  x1:0x80008110  x1=0x800082b8
         805000	        79	8000011c	fc20c703	lbu	x14,-62(x1)	  x1:0x800082b8 x14=0x00000031 PA:0x8000827a
         815000	        80	80000120	01908503	lb	x10,25(x1)	  x1:0x800082b8 x10=0xffffff8a PA:0x800082d1
         825000	        81	80000124	fc609a83	lh	x21,-58(x1)	  x1:0x800082b8 x21=0x00003435 PA:0x8000827e
         835000	        82	80000128	fc10c983	lbu	x19,-63(x1)	  x1:0x800082b8 x19=0x00000032 PA:0x80008279
         845000	        83	8000012c	0240d103	lhu	x2,36(x1)	  x1:0x800082b8  x2=0x00009697 PA:0x800082dc
         855000	        84	80000130	0152ac33	slt	x24,x5,x21	  x5:0x0000000a x21:0x00003435 x24=0x00000001
         865000	        85	80000134	fcd08283	lb	x5,-51(x1)	  x1:0x800082b8  x5=0x0000003e PA:0x80008285
         875000	        86	80000138	019a0eb3	add	x29,x20,x25	 x20:0x00000002 x25:0xf05f091e x29=0xf05f0920
         885000	        87	8000013c	40d65d93	srai	x27,x12,0xd	 x12:0x0000000b x27=0x00000000
         895000	        88	80000140	ffb08003	lb	x0,-5(x1)	  x1:0x800082b8 PA:0x800082b3
         905000	        89	80000144	016c63b3	or	x7,x24,x22	 x24:0x00000001 x22:0xff1acc50  x7=0xff1acc51
         915000	        90	80000148	00608623	sb	x6,12(x1)	  x1:0x800082b8  x6:0x80000000 PA:0x800082c4
         925000	        91	8000014c	012085a3	sb	x18,11(x1)	  x1:0x800082b8 x18:0x00000000 PA:0x800082c3
         935000	        92	80000150	01561533	sll	x10,x12,x21	 x12:0x0000000b x21:0x00003435 x10=0x01600000
         945000	        93	80000154	ff60d583	lhu	x11,-10(x1)	  x1:0x800082b8 x11=0x00006465 PA:0x800082ae
         955000	        94	80000158	00000013	addi	x0,x0,0	  x0:0x00000000
         965000	        95	8000015c	41f55133	sra	x2,x10,x31	 x10:0x01600000 x31:0x80000000  x2=0x01600000
         975000	        96	80000160	02908323	sb	x9,38(x1)	  x1:0x800082b8  x9:0x80009fc4 PA:0x800082de
         985000	        97	80000164	feb08d03	lb	x26,-21(x1)	  x1:0x800082b8 x26=0x00000058 PA:0x800082a3
         995000	        98	80000168	cec8a993	slti	x19,x17,-788	 x17:0x00000000 x19=0x00000000
        1005000	        99	8000016c	904aef97	auipc	x31,0x904ae	 x31=0x104ae168
        1015000	       100	80000170	6f60cb93	xori	x23,x1,1782	  x1:0x800082b8 x23=0x8000844e
        1025000	       101	80000174	fce0d583	lhu	x11,-50(x1)	  x1:0x800082b8 x11=0x00003c3d PA:0x80008286
        1035000	       102	80000178	01c80933	add	x18,x16,x28	 x16:0xfa72bd99 x28:0xf4d9112c x18=0xef4bcec5
        1045000	       103	8000017c	41cd0033	sub	x0,x26,x28	 x26:0x00000058 x28:0xf4d9112c
        1055000	       104	80000180	00e2f5b3	and	x11,x5,x14	  x5:0x0000003e x14:0x00000031 x11=0x00000030
        1065000	       105	80000184	01e3dab3	srl	x21,x7,x30	  x7:0xff1acc51 x30:0x00000000 x21=0xff1acc51
        1075000	       106	80000188	08cc6a93	ori	x21,x24,140	 x24:0x00000001 x21=0x0000008d
        1085000	       107	8000018c	002ebd33	sltu	x26,x29,x2	 x29:0xf05f0920  x2:0x01600000 x26=0x00000000
        1095000	       108	80000190	00c118b3	sll	x17,x2,x12	  x2:0x01600000 x12:0x0000000b x17=0x00000000
        1105000	       109	80000194	400401b3	sub	x3,x8,x0	  x8:0xf09f4e8d  x0:0x00000000  x3=0xf09f4e8d
        1115000	       110	80000198	41220c33	sub	x24,x4,x18	  x4:0x80009f84 x18:0xef4bcec5 x24=0x90b4d0bf
        1125000	       111	8000019c	01e3aa33	slt	x20,x7,x30	  x7:0xff1acc51 x30:0x00000000 x20=0x00000001
        1135000	       112	800001a0	01808ba3	sb	x24,23(x1)	  x1:0x800082b8 x24:0x90b4d0bf PA:0x800082cf
        1145000	       113	800001a4	00000013	addi	x0,x0,0	  x0:0x00000000
        1155000	       114	800001a8	01be99b3	sll	x19,x29,x27	 x29:0xf05f0920 x27:0x00000000 x19=0xf05f0920
        1165000	       115	800001ac	02908ea3	sb	x9,61(x1)	  x1:0x800082b8  x9:0x80009fc4 PA:0x800082f5
        1175000	       116	800001b0	ff6088a3	sb	x22,-15(x1)	  x1:0x800082b8 x22:0xff1acc50 PA:0x800082a9
        1185000	       117	800001b4	fd208d03	lb	x26,-46(x1)	  x1:0x800082b8 x26=0x00000041 PA:0x8000828a
        1195000	       118	800001b8	9d3ea737	lui	x14,0x9d3ea	 x14=0x9d3ea000
        1205000	       119	800001bc	003dddb3	srl	x27,x27,x3	 x27:0x00000000  x3:0xf09f4e8d x27=0x00000000
        1215000	       120	800001c0	018d7c33	and	x24,x26,x24	 x26:0x00000041 x24:0x90b4d0bf x24=0x00000001
        1225000	       121	800001c4	c7b47713	andi	x14,x8,-901	  x8:0xf09f4e8d x14=0xf09f4c09
        1235000	       122	800001c8	01a086a3	sb	x26,13(x1)	  x1:0x800082b8 x26:0x00000041 PA:0x800082c5
        1245000	       123	800001cc	00008b17	auipc	x22,0x8	 x22=0x800081c8
        1255000	       124	800001d0	71db0b13	addi	x22,x22,1821	 x22:0x800081c8 x22=0x800088e5
        1265000	       125	800001d4	119b4103	lbu	x2,281(x22)	 x22:0x800088e5  x2=0x000000e5 PA:0x800089fe
        1275000	       126	800001d8	337b2f03	lw	x30,823(x22)	 x22:0x800088e5 x30=0x04050607 PA:0x80008c1c
        1285000	       127	800001dc	013e1293	slli	x5,x28,0x13	 x28:0xf4d9112c  x5=0x89600000
        1295000	       128	800001e0	008671b3	and	x3,x12,x8	 x12:0x0000000b  x8:0xf09f4e8d  x3=0x00000009
        1305000	       129	800001e4	6e5b1c03	lh	x24,1765(x22)	 x22:0x800088e5 x24=0xffffb0b1 PA:0x80008fca
        1315000	       130	800001e8	5dbb1ca3	sh	x27,1497(x22)	 x22:0x800088e5 x27:0x00000000 PA:0x80008ebe
        1325000	       131	800001ec	5ddb1ca3	sh	x29,1497(x22)	 x22:0x800088e5 x29:0xf05f0920 PA:0x80008ebe
        1335000	       132	800001f0	5d9b1c03	lh	x24,1497(x22)	 x22:0x800088e5 x24=0x00000920 PA:0x80008ebe
        1345000	       133	800001f4	01dec433	xor	x8,x29,x29	 x29:0xf05f0920 x29:0xf05f0920  x8=0x00000000
        1355000	       134	800001f8	004ff5b3	and	x11,x31,x4	 x31:0x104ae168  x4:0x80009f84 x11=0x00008100
        1365000	       135	800001fc	28ab0723	sb	x10,654(x22)	 x22:0x800088e5 x10:0x01600000 PA:0x80008b73
        1375000	       136	80000200	35ab4983	lbu	x19,858(x22)	 x22:0x800088e5 x19=0x00000024 PA:0x80008c3f
        1385000	       137	80000204	171b5683	lhu	x13,369(x22)	 x22:0x800088e5 x13=0x00003c3d PA:0x80008a56
        1395000	       138	80000208	063b0823	sb	x3,112(x22)	 x22:0x800088e5  x3:0x00000009 PA:0x80008955
        1405000	       139	8000020c	48eb4503	lbu	x10,1166(x22)	 x22:0x800088e5 x10=0x00000058 PA:0x80008d73
        1415000	       140	80000210	4170da13	srai	x20,x1,0x17	  x1:0x800082b8 x20=0xffffff00
        1425000	       141	80000214	351b5383	lhu	x7,849(x22)	 x22:0x800088e5  x7=0x00001c1d PA:0x80008c36
        1435000	       142	80000218	41148f33	sub	x30,x9,x17	  x9:0x80009fc4 x17:0x00000000 x30=0x80009fc4
        1445000	       143	8000021c	017b12b3	sll	x5,x22,x23	 x22:0x800088e5 x23:0x8000844e  x5=0x22394000
        1455000	       144	80000220	fe6b0ca3	sb	x6,-7(x22)	 x22:0x800088e5  x6:0x80000000 PA:0x800088de
        1465000	       145	80000224	14eb0103	lb	x2,334(x22)	 x22:0x800088e5  x2=0x00000018 PA:0x80008a33
        1475000	       146	80000228	15ab0723	sb	x26,334(x22)	 x22:0x800088e5 x26:0x00000041 PA:0x80008a33
        1485000	       147	8000022c	14eb4c03	lbu	x24,334(x22)	 x22:0x800088e5 x24=0x00000041 PA:0x80008a33
        1495000	       148	00000000	00000013	addi	x0,x0,0	  x0:0x00000000
        1505000	       149	80000230	158b0723	sb	x24,334(x22)	 x22:0x800088e5 x24:0x00000041 PA:0x80008a33
        1515000	       150	80000234	15cb0723	sb	x28,334(x22)	 x22:0x800088e5 x28:0xf4d9112c PA:0x80008a33
        1525000	       151	80000238	00008117	auipc	x2,0x8	  x2=0x80008234
        1535000	       152	8000023c	4c710113	addi	x2,x2,1223	  x2:0x80008234  x2=0x800086fb
        1545000	       153	80000240	f0e14f03	lbu	x30,-242(x2)	  x2:0x800086fb x30=0x000000c2 PA:0x80008609
        1555000	       154	80000244	f7414903	lbu	x18,-140(x2)	  x2:0x800086fb x18=0x00000024 PA:0x8000866f
        1565000	       155	00000000	00000013	addi	x0,x0,0	  x0:0x00000000
        1575000	       156	80000248	9d210d83	lb	x27,-1582(x2)	  x2:0x800086fb x27=0xffffff86 PA:0x800080cd
        1585000	       157	8000024c	a0810503	lb	x10,-1528(x2)	  x2:0x800086fb x10=0xffffffb8 PA:0x80008103
        1595000	       158	80000250	009d6833	or	x16,x26,x9	 x26:0x00000041  x9:0x80009fc4 x16=0x80009fc5
        1605000	       159	80000254	00000013	addi	x0,x0,0	  x0:0x00000000
        1615000	       160	80000258	3cbeacb7	lui	x25,0x3cbea	 x25=0x3cbea000
        1625000	       161	8000025c	016b5933	srl	x18,x22,x22	 x22:0x800088e5 x22:0x800088e5 x18=0x04000447
        1635000	       162	80000260	0071f333	and	x6,x3,x7	  x3:0x00000009  x7:0x00001c1d  x6=0x00000009
        1645000	       163	80000264	c8e10503	lb	x10,-882(x2)	  x2:0x800086fb x10=0x00000042 PA:0x80008389
        1655000	       164	80000268	00000013	addi	x0,x0,0	  x0:0x00000000
        1665000	       165	8000026c	95010903	lb	x18,-1712(x2)	  x2:0x800086fb x18=0x00000000 PA:0x8000804b
        1675000	       166	80000270	e8f11e83	lh	x29,-369(x2)	  x2:0x800086fb x29=0x00004041 PA:0x8000858a
        1685000	       167	80000274	c0010c03	lb	x24,-1024(x2)	  x2:0x800086fb x24=0xffffffb0 PA:0x800082fb
        1695000	       168	80000278	02710ba3	sb	x7,55(x2)	  x2:0x800086fb  x7:0x00001c1d PA:0x80008732
        1705000	       169	8000027c	0040d5b3	srl	x11,x1,x4	  x1:0x800082b8  x4:0x80009f84 x11=0x0800082b
        1715000	       170	80000280	a04e0b93	addi	x23,x28,-1532	 x28:0xf4d9112c x23=0xf4d90b30
        1725000	       171	80000284	00d42533	slt	x10,x8,x13	  x8:0x00000000 x13:0x00003c3d x10=0x00000001
        1735000	       172	80000288	00b3b633	sltu	x12,x7,x11	  x7:0x00001c1d x11:0x0800082b x12=0x00000001
        1745000	       173	8000028c	7e5ebfb7	lui	x31,0x7e5eb	 x31=0x7e5eb000
        1755000	       174	80000290	cfd10f23	sb	x29,-770(x2)	  x2:0x800086fb x29:0x00004041 PA:0x800083f9
        1765000	       175	80000294	00008917	auipc	x18,0x8	 x18=0x80008290
        1775000	       176	80000298	68890913	addi	x18,x18,1672	 x18:0x80008290 x18=0x80008918
        1785000	       177	8000029c	d95fe117	auipc	x2,0xd95fe	  x2=0x595fe298
        1795000	       178	800002a0	ff294683	lbu	x13,-14(x18)	 x18:0x80008918 x13=0x000000f1 PA:0x8000890a
        1805000	       179	800002a4	ff194683	lbu	x13,-15(x18)	 x18:0x80008918 x13=0x000000f2 PA:0x80008909
        1815000	       180	800002a8	fff90f03	lb	x30,-1(x18)	 x18:0x80008918 x30=0xfffffffc PA:0x80008917
        1825000	       181	800002ac	9e36ed13	ori	x26,x13,-1565	 x13:0x000000f2 x26=0xfffff9f3
        1835000	       182	800002b0	fe891f23	sh	x8,-2(x18)	 x18:0x80008918  x8:0x00000000 PA:0x80008916
        1845000	       183	800002b4	3ef20093	addi	x1,x4,1007	  x4:0x80009f84  x1=0x8000a373
        1855000	       184	800002b8	00b907a3	sb	x11,15(x18)	 x18:0x80008918 x11:0x0800082b PA:0x80008927
        1865000	       185	800002bc	00c900a3	sb	x12,1(x18)	 x18:0x80008918 x12:0x00000001 PA:0x80008919
        1875000	       186	800002c0	00e90e83	lb	x29,14(x18)	 x18:0x80008918 x29=0x0000000d PA:0x80008926
        1885000	       187	800002c4	01994ab3	xor	x21,x18,x25	 x18:0x80008918 x25:0x3cbea000 x21=0xbcbe2918
        1895000	       188	800002c8	2c14cf13	xori	x30,x9,705	  x9:0x80009fc4 x30=0x80009d05
        1905000	       189	800002cc	400f5393	srai	x7,x30,0x0	 x30:0x80009d05  x7=0x80009d05
        1915000	       190	800002d0	00b94f03	lbu	x30,11(x18)	 x18:0x80008918 x30=0x00000008 PA:0x80008923
        1925000	       191	800002d4	edffbc13	sltiu	x24,x31,-289	 x31:0x7e5eb000 x24=0x00000001
        1935000	       192	800002d8	0058a8b3	slt	x17,x17,x5	 x17:0x00000000  x5:0x22394000 x17=0x00000001
        1945000	       193	800002dc	01095403	lhu	x8,16(x18)	 x18:0x80008918  x8=0x00001213 PA:0x80008928
        1955000	       194	800002e0	ff494a83	lbu	x21,-12(x18)	 x18:0x80008918 x21=0x000000f7 PA:0x8000890c
        1965000	       195	800002e4	00895c03	lhu	x24,8(x18)	 x18:0x80008918 x24=0x00000a0b PA:0x80008920
        1975000	       196	800002e8	019b9513	slli	x10,x23,0x19	 x23:0xf4d90b30 x10=0x60000000
        1985000	       197	800002ec	ffd94983	lbu	x19,-3(x18)	 x18:0x80008918 x19=0x000000fe PA:0x80008915
        1995000	       198	800002f0	00694e83	lbu	x29,6(x18)	 x18:0x80008918 x29=0x00000005 PA:0x8000891e
        2005000	       199	800002f4	00295883	lhu	x17,2(x18)	 x18:0x80008918 x17=0x00000001 PA:0x8000891a
        2015000	       200	800002f8	ff994003	lbu	x0,-7(x18)	 x18:0x80008918 PA:0x80008911
        2025000	       201	800002fc	00e94803	lbu	x16,14(x18)	 x18:0x80008918 x16=0x0000000d PA:0x80008926
        2035000	       202	80000300	0084cdb3	xor	x27,x9,x8	  x9:0x80009fc4  x8:0x00001213 x27=0x80008dd7
        2045000	       203	80000304	ffc90a83	lb	x21,-4(x18)	 x18:0x80008918 x21=0xffffffff PA:0x80008914
        2055000	       204	80000308	ffb90383	lb	x7,-5(x18)	 x18:0x80008918  x7=0xfffffff8 PA:0x80008913
        2065000	       205	8000030c	004df2b3	and	x5,x27,x4	 x27:0x80008dd7  x4:0x80009f84  x5=0x80008d84
        2075000	       206	80000310	00495c03	lhu	x24,4(x18)	 x18:0x80008918 x24=0x00000607 PA:0x8000891c
        2085000	       207	80000314	ffe90f23	sb	x30,-2(x18)	 x18:0x80008918 x30:0x00000008 PA:0x80008916
        2095000	       208	80000318	a6263a93	sltiu	x21,x12,-1438	 x12:0x00000001 x21=0x00000001
        2105000	       209	8000031c	00290803	lb	x16,2(x18)	 x18:0x80008918 x16=0x00000001 PA:0x8000891a
        2115000	       210	80000320	ff790a03	lb	x20,-9(x18)	 x18:0x80008918 x20=0xfffffff4 PA:0x8000890f
        2125000	       211	80000324	00009797	auipc	x15,0x9	 x15=0x80009320
        2135000	       212	80000328	8ec78793	addi	x15,x15,-1812	 x15:0x80009320 x15=0x80008c0c
        2145000	       213	8000032c	00008417	auipc	x8,0x8	  x8=0x80008328
        2155000	       214	80000330	59d40413	addi	x8,x8,1437	  x8:0x80008328  x8=0x800088c5
        2165000	       215	80000334	00009e97	auipc	x29,0x9	 x29=0x80009330
        2175000	       216	80000338	c13e8e93	addi	x29,x29,-1005	 x29:0x80009330 x29=0x80008f43
        2185000	       217	8000033c	00009d97	auipc	x27,0x9	 x27=0x80009338
        2195000	       218	80000340	bc4d8d93	addi	x27,x27,-1084	 x27:0x80009338 x27=0x80008efc
        2205000	       219	80000344	03ce8f03	lb	x30,60(x29)	 x29:0x80008f43 x30=0x00000064 PA:0x80008f7f
        2215000	       220	80000348	ffa40603	lb	x12,-6(x8)	  x8:0x800088c5 x12=0xffffffa4 PA:0x800088bf
        2225000	       221	8000034c	2ba78803	lb	x16,698(x15)	 x15:0x80008c0c x16=0xffffffad PA:0x80008ec6
        2235000	       222	80000350	fd9d8a03	lb	x20,-39(x27)	 x27:0x80008efc x20=0xffffffbe PA:0x80008ed5
        2245000	       223	80000354	3cb78f83	lb	x31,971(x15)	 x15:0x80008c0c x31=0xffffffbc PA:0x80008fd7
        2255000	       224	80000358	00840f83	lb	x31,8(x8)	  x8:0x800088c5 x31=0xffffffb6 PA:0x800088cd
        2265000	       225	8000035c	dbd78883	lb	x17,-579(x15)	 x15:0x80008c0c x17=0xffffffb2 PA:0x800089c9
        2275000	       226	80000360	1967c283	lbu	x5,406(x15)	 x15:0x80008c0c  x5=0x00000089 PA:0x80008da2
        2285000	       227	80000364	003dcf03	lbu	x30,3(x27)	 x27:0x80008efc x30=0x000000e4 PA:0x80008eff
        2295000	       228	80000368	00940f03	lb	x30,9(x8)	  x8:0x800088c5 x30=0xffffffb5 PA:0x800088ce
        2305000	       229	8000036c	f37e9f83	lh	x31,-201(x29)	 x29:0x80008f43 x31=0x00006061 PA:0x80008e7a
        2315000	       230	80000370	ff244803	lbu	x16,-14(x8)	  x8:0x800088c5 x16=0x0000009c PA:0x800088b7
        2325000	       231	80000374	ffddcb03	lbu	x22,-3(x27)	 x27:0x80008efc x22=0x000000e2 PA:0x80008ef9
        2335000	       232	80000378	064ec803	lbu	x16,100(x29)	 x29:0x80008f43 x16=0x0000008c PA:0x80008fa7
        2345000	       233	8000037c	ea2e8603	lb	x12,-350(x29)	 x29:0x80008f43 x12=0xffffffce PA:0x80008de5
        2355000	       234	80000380	9d9e8103	lb	x2,-1575(x29)	 x29:0x80008f43  x2=0x00000007 PA:0x8000891c
        2365000	       235	80000384	016d9683	lh	x13,22(x27)	 x27:0x80008efc x13=0xfffff8f9 PA:0x80008f12
        2375000	       236	80000388	c4578c23	sb	x5,-936(x15)	 x15:0x80008c0c  x5:0x00000089 PA:0x80008864
        2385000	       237	8000038c	ffb44683	lbu	x13,-5(x8)	  x8:0x800088c5 x13=0x000000ab PA:0x800088c0
        2395000	       238	80000390	032d9703	lh	x14,50(x27)	 x27:0x80008efc x14=0x00001415 PA:0x80008f2e
        2405000	       239	80000394	2717c383	lbu	x7,625(x15)	 x15:0x80008c0c  x7=0x00000066 PA:0x80008e7d
        2415000	       240	80000398	9abed383	lhu	x7,-1621(x29)	 x29:0x80008f43  x7=0x0000d4d5 PA:0x800088ee
        2425000	       241	8000039c	fbb7a223	sw	x27,-92(x15)	 x15:0x80008c0c x27:0x80008efc PA:0x80008bb0
        2435000	       242	800003a0	03278aa3	sb	x18,53(x15)	 x15:0x80008c0c x18:0x80008918 PA:0x80008c41
        2445000	       243	800003a4	01740523	sb	x23,10(x8)	  x8:0x800088c5 x23:0xf4d90b30 PA:0x800088cf
        2455000	       244	800003a8	01940323	sb	x25,6(x8)	  x8:0x800088c5 x25:0x3cbea000 PA:0x800088cb
        2465000	       245	800003ac	fc3d8803	lb	x16,-61(x27)	 x27:0x80008efc x16=0x00000009 PA:0x80008ebf
        2475000	       246	800003b0	f7cec383	lbu	x7,-132(x29)	 x29:0x80008f43  x7=0x00000009 PA:0x80008ebf
        2485000	       247	800003b4	02bdcd03	lbu	x26,43(x27)	 x27:0x80008efc x26=0x0000000c PA:0x80008f27
        2495000	       248	800003b8	00fd8123	sb	x15,2(x27)	 x27:0x80008efc x15:0x80008c0c PA:0x80008efe
        2505000	       249	800003bc	f1679b23	sh	x22,-234(x15)	 x15:0x80008c0c x22:0x000000e2 PA:0x80008b22
        2515000	       250	800003c0	ffa40a83	lb	x21,-6(x8)	  x8:0x800088c5 x21=0xffffffa4 PA:0x800088bf
        2525000	       251	800003c4	a94ec883	lbu	x17,-1388(x29)	 x29:0x80008f43 x17=0x000000bc PA:0x800089d7
        2535000	       252	800003c8	01fd8323	sb	x31,6(x27)	 x27:0x80008efc x31:0x00006061 PA:0x80008f02
        2545000	       253	800003cc	f55edb83	lhu	x23,-171(x29)	 x29:0x80008f43 x23=0x00008283 PA:0x80008e98
        2555000	       254	800003d0	00008a17	auipc	x20,0x8	 x20=0x800083cc
        2565000	       255	800003d4	207a0a13	addi	x20,x20,519	 x20:0x800083cc x20=0x800085d3
        2575000	       256	800003d8	00008917	auipc	x18,0x8	 x18=0x800083d4
        2585000	       257	800003dc	ea390913	addi	x18,x18,-349	 x18:0x800083d4 x18=0x80008277
        2595000	       258	800003e0	e8f90823	sb	x15,-368(x18)	 x18:0x80008277 x15:0x80008c0c PA:0x80008107
        2605000	       259	800003e4	000a0183	lb	x3,0(x20)	 x20:0x800085d3  x3=0xffffff88 PA:0x800085d3
        2615000	       260	800003e8	11e90b03	lb	x22,286(x18)	 x18:0x80008277 x22=0x0000004e PA:0x80008395
        2625000	       261	00000000	00000013	addi	x0,x0,0	  x0:0x00000000
        2635000	       262	800003ec	ff6a4b03	lbu	x22,-10(x20)	 x20:0x800085d3 x22=0x00000082 PA:0x800085c9
        2645000	       263	00000000	00000013	addi	x0,x0,0	  x0:0x00000000
        2655000	       264	800003f0	13694f03	lbu	x30,310(x18)	 x18:0x80008277 x30=0x00000066 PA:0x800083ad
        2665000	       265	800003f4	000a0823	sb	x0,16(x20)	 x20:0x800085d3  x0:0x00000000 PA:0x800085e3
        2675000	       266	800003f8	ff0a4383	lbu	x7,-16(x20)	 x20:0x800085d3  x7=0x00000078 PA:0x800085c3
        2685000	       267	800003fc	004a4d83	lbu	x27,4(x20)	 x20:0x800085d3 x27=0x0000008c PA:0x800085d7
        2695000	       268	80000400	ea594783	lbu	x15,-347(x18)	 x18:0x80008277 x15=0x000000d7 PA:0x8000811c
        2705000	       269	80000404	1fd94b83	lbu	x23,509(x18)	 x18:0x80008277 x23=0x0000002f PA:0x80008474
        2715000	       270	00000000	00000013	addi	x0,x0,0	  x0:0x00000000
        2725000	       271	80000408	ff7a0f03	lb	x30,-9(x20)	 x20:0x800085d3 x30=0xffffff81 PA:0x800085ca
        2735000	       272	8000040c	de694683	lbu	x13,-538(x18)	 x18:0x80008277 x13=0x00000016 PA:0x8000805d
        2745000	       273	80000410	ffba0183	lb	x3,-5(x20)	 x20:0x800085d3  x3=0xffffff85 PA:0x800085ce
        2755000	       274	80000414	ff5a0c23	sb	x21,-8(x20)	 x20:0x800085d3 x21:0xffffffa4 PA:0x800085cb
        2765000	       275	80000418	00009d97	auipc	x27,0x9	 x27=0x80009414
        2775000	       276	8000041c	8b8d8d93	addi	x27,x27,-1864	 x27:0x80009414 x27=0x80008ccc
        2785000	       277	80000420	015da423	sw	x21,8(x27)	 x27:0x80008ccc x21:0xffffffa4 PA:0x80008cd4
        2795000	       278	80000424	00bd8503	lb	x10,11(x27)	 x27:0x80008ccc x10=0xffffffff PA:0x80008cd7
        2805000	       279	80000428	009d85a3	sb	x9,11(x27)	 x27:0x80008ccc  x9:0x80009fc4 PA:0x80008cd7
        2815000	       280	8000042c	ab697593	andi	x11,x18,-1354	 x18:0x80008277 x11=0x80008236
        2825000	       281	80000430	008d85a3	sb	x8,11(x27)	 x27:0x80008ccc  x8:0x800088c5 PA:0x80008cd7
        2835000	       282	80000434	00bd8283	lb	x5,11(x27)	 x27:0x80008ccc  x5=0xffffffc5 PA:0x80008cd7
        2845000	       283	80000438	ff0da383	lw	x7,-16(x27)	 x27:0x80008ccc  x7=0xa4a5a6a7 PA:0x80008cbc
        2855000	       284	8000043c	0139aab3	slt	x21,x19,x19	 x19:0x000000fe x19:0x000000fe x21=0x00000000
        2865000	       285	80000440	01bd9323	sh	x27,6(x27)	 x27:0x80008ccc x27:0x80008ccc PA:0x80008cd2
        2875000	       286	80000444	006d9403	lh	x8,6(x27)	 x27:0x80008ccc  x8=0xffff8ccc PA:0x80008cd2
        2885000	       287	80000448	ff9d8983	lb	x19,-7(x27)	 x27:0x80008ccc x19=0xffffffae PA:0x80008cc5
        2895000	       288	8000044c	ff6d8ca3	sb	x22,-7(x27)	 x27:0x80008ccc x22:0x00000082 PA:0x80008cc5
        2905000	       289	80000450	ffcd8ca3	sb	x28,-7(x27)	 x27:0x80008ccc x28:0xf4d9112c PA:0x80008cc5
        2915000	       290	80000454	008dda03	lhu	x20,8(x27)	 x27:0x80008ccc x20=0x0000ffa4 PA:0x80008cd4
        2925000	       291	80000458	01fda423	sw	x31,8(x27)	 x27:0x80008ccc x31:0x00006061 PA:0x80008cd4
        2935000	       292	8000045c	01a1bd33	sltu	x26,x3,x26	  x3:0xffffff85 x26:0x0000000c x26=0x00000000
        2945000	       293	80000460	ffcd8683	lb	x13,-4(x27)	 x27:0x80008ccc x13=0xffffffb3 PA:0x80008cc8
        2955000	       294	80000464	ff8ddb03	lhu	x22,-8(x27)	 x27:0x80008ccc x22=0x00002caf PA:0x80008cc4
        2965000	       295	80000468	ff8dda83	lhu	x21,-8(x27)	 x27:0x80008ccc x21=0x00002caf PA:0x80008cc4
        2975000	       296	8000046c	fe7d9923	sh	x7,-14(x27)	 x27:0x80008ccc  x7:0xa4a5a6a7 PA:0x80008cbe
        2985000	       297	80000470	00008717	auipc	x14,0x8	 x14=0x8000846c
        2995000	       298	80000474	cf970713	addi	x14,x14,-775	 x14:0x8000846c x14=0x80008165
        3005000	       299	80000478	411ad613	srai	x12,x21,0x11	 x21:0x00002caf x12=0x00000000
        3015000	       300	8000047c	91bffc13	andi	x24,x31,-1765	 x31:0x00006061 x24=0x00006001
        3025000	       301	80000480	8d7acc13	xori	x24,x21,-1833	 x21:0x00002caf x24=0xffffd478
        3035000	       302	80000484	000b5eb3	srl	x29,x22,x0	 x22:0x00002caf  x0:0x00000000 x29=0x00002caf
        3045000	       303	80000488	41625693	srai	x13,x4,0x16	  x4:0x80009f84 x13=0xfffffe00
        3055000	       304	8000048c	02570c03	lb	x24,37(x14)	 x14:0x80008165 x24=0x00000041 PA:0x8000818a
        3065000	       305	80000490	fdd71103	lh	x2,-35(x14)	 x14:0x80008165  x2=0xfffff8f9 PA:0x80008142
        3075000	       306	80000494	413a5a33	sra	x20,x20,x19	 x20:0x0000ffa4 x19:0xffffffae x20=0x00000003
        3085000	       307	80000498	00b74403	lbu	x8,11(x14)	 x14:0x80008165  x8=0x0000002b PA:0x80008170
        3095000	       308	8000049c	003a8f33	add	x30,x21,x3	 x21:0x00002caf  x3:0xffffff85 x30=0x00002c34
        3105000	       309	800004a0	00d61f13	slli	x30,x12,0xd	 x12:0x00000000 x30=0x00000000
        3115000	       310	800004a4	f5220b13	addi	x22,x4,-174	  x4:0x80009f84 x22=0x80009ed6
        3125000	       311	800004a8	03970d03	lb	x26,57(x14)	 x14:0x80008165 x26=0x00000055 PA:0x8000819e
        3135000	       312	800004ac	40235333	sra	x6,x6,x2	  x6:0x00000009  x2:0xfffff8f9  x6=0x00000000
        3145000	       313	800004b0	fe2721a3	sw	x2,-29(x14)	 x14:0x80008165  x2:0xfffff8f9 PA:0x80008148
        3155000	       314	800004b4	02e70383	lb	x7,46(x14)	 x14:0x80008165  x7=0x00000048 PA:0x80008193
        3165000	       315	800004b8	03d71d03	lh	x26,61(x14)	 x14:0x80008165 x26=0x00005859 PA:0x800081a2
        3175000	       316	800004bc	fc671aa3	sh	x6,-43(x14)	 x14:0x80008165  x6:0x00000000 PA:0x8000813a
        3185000	       317	800004c0	03c72da3	sw	x28,59(x14)	 x14:0x80008165 x28:0xf4d9112c PA:0x800081a0
        3195000	       318	800004c4	fcd71103	lh	x2,-51(x14)	 x14:0x80008165  x2=0xffffe8e9 PA:0x80008132
        3205000	       319	800004c8	ffe74383	lbu	x7,-2(x14)	 x14:0x80008165  x7=0x00000018 PA:0x80008163
        3215000	       320	800004cc	02574a83	lbu	x21,37(x14)	 x14:0x80008165 x21=0x00000041 PA:0x8000818a
        3225000	       321	800004d0	fdf72f83	lw	x31,-33(x14)	 x14:0x80008165 x31=0xfcfdfeff PA:0x80008144
        3235000	       322	800004d4	00d01013	slli	x0,x0,0xd	  x0:0x00000000
        3245000	       323	800004d8	03770023	sb	x23,32(x14)	 x14:0x80008165 x23:0x0000002f PA:0x80008185
        3255000	       324	800004dc	418a89b3	sub	x19,x21,x24	 x21:0x00000041 x24:0x00000041 x19=0x00000000
        3265000	       325	800004e0	fc874a83	lbu	x21,-56(x14)	 x14:0x80008165 x21=0x000000e6 PA:0x8000812d
        3275000	       326	800004e4	ff474b83	lbu	x23,-12(x14)	 x14:0x80008165 x23=0x00000012 PA:0x80008159
        3285000	       327	800004e8	fdb74a83	lbu	x21,-37(x14)	 x14:0x80008165 x21=0x000000fb PA:0x80008140
        3295000	       328	800004ec	01770103	lb	x2,23(x14)	 x14:0x80008165  x2=0x00000037 PA:0x8000817c
        3305000	       329	800004f0	4b444813	xori	x16,x8,1204	  x8:0x0000002b x16=0x0000049f
        3315000	       330	800004f4	fca74503	lbu	x10,-54(x14)	 x14:0x80008165 x10=0x000000e4 PA:0x8000812f
        3325000	       331	800004f8	001c1e93	slli	x29,x24,0x1	 x24:0x00000041 x29=0x00000082
        3335000	       332	800004fc	011ed913	srli	x18,x29,0x11	 x29:0x00000082 x18=0x00000000
        3345000	       333	80000500	03d74083	lbu	x1,61(x14)	 x14:0x80008165  x1=0x000000d9 PA:0x800081a2
        3355000	       334	80000504	fec717a3	sh	x12,-17(x14)	 x14:0x80008165 x12:0x00000000 PA:0x80008154
        3365000	       335	80000508	00a0a333	slt	x6,x1,x10	  x1:0x000000d9 x10:0x000000e4  x6=0x00000001
        3375000	       336	8000050c	1449aa13	slti	x20,x19,324	 x19:0x00000000 x20=0x00000001
        3385000	       337	80000510	00270a83	lb	x21,2(x14)	 x14:0x80008165 x21=0x0000001c PA:0x80008167
        3395000	       338	80000514	402bd993	srai	x19,x23,0x2	 x23:0x00000012 x19=0x00000004
        3405000	       339	80000518	02c70283	lb	x5,44(x14)	 x14:0x80008165  x5=0x0000004a PA:0x80008191
        3415000	       340	8000051c	00174c03	lbu	x24,1(x14)	 x14:0x80008165 x24=0x0000001d PA:0x80008166
        3425000	       341	80000520	fc070123	sb	x0,-62(x14)	 x14:0x80008165  x0:0x00000000 PA:0x80008127
        3435000	       342	80000524	fc3708a3	sb	x3,-47(x14)	 x14:0x80008165  x3:0xffffff85 PA:0x80008136
        3445000	       343	80000528	02770003	lb	x0,39(x14)	 x14:0x80008165 PA:0x8000818c
        3455000	       344	8000052c	feb70383	lb	x7,-21(x14)	 x14:0x80008165  x7=0x0000000b PA:0x80008150
        3465000	       345	80000530	fea74d83	lbu	x27,-22(x14)	 x14:0x80008165 x27=0x00000004 PA:0x8000814f
        3475000	       346	80000534	00008b97	auipc	x23,0x8	 x23=0x80008530
        3485000	       347	80000538	511b8b93	addi	x23,x23,1297	 x23:0x80008530 x23=0x80008a41
        3495000	       348	8000053c	009b9d83	lh	x27,9(x23)	 x23:0x80008a41 x27=0x00003031 PA:0x80008a4a
        3505000	       349	80000540	ff1bd803	lhu	x16,-15(x23)	 x23:0x80008a41 x16=0x00002c19 PA:0x80008a32
        3515000	       350	80000544	ff1b9703	lh	x14,-15(x23)	 x23:0x80008a41 x14=0x00002c19 PA:0x80008a32
        3525000	       351	80000548	00000013	addi	x0,x0,0	  x0:0x00000000
        3535000	       352	8000054c	ff9b98a3	sh	x25,-15(x23)	 x23:0x80008a41 x25:0x3cbea000 PA:0x80008a32
        3545000	       353	80000550	41405a33	sra	x20,x0,x20	  x0:0x00000000 x20:0x00000001 x20=0x00000000
        3555000	       354	80000554	fffbc983	lbu	x19,-1(x23)	 x23:0x80008a41 x19=0x0000002b PA:0x80008a40
        3565000	       355	80000558	ff2b8d23	sb	x18,-6(x23)	 x23:0x80008a41 x18:0x00000000 PA:0x80008a3b
        3575000	       356	8000055c	fffb8883	lb	x17,-1(x23)	 x23:0x80008a41 x17=0x0000002b PA:0x80008a40
        3585000	       357	80000560	ff6bca03	lbu	x20,-10(x23)	 x23:0x80008a41 x20=0x0000001c PA:0x80008a37
        3595000	       358	80000564	ffbb8f23	sb	x27,-2(x23)	 x23:0x80008a41 x27:0x00003031 PA:0x80008a3f
        3605000	       359	80000568	ff5b8923	sb	x21,-14(x23)	 x23:0x80008a41 x21:0x0000001c PA:0x80008a33
        3615000	       360	8000056c	408358b3	sra	x17,x6,x8	  x6:0x00000001  x8:0x0000002b x17=0x00000000
        3625000	       361	80000570	014c2833	slt	x16,x24,x20	 x24:0x0000001d x20:0x0000001c x16=0x00000000
        3635000	       362	80000574	ff4b8a83	lb	x21,-12(x23)	 x23:0x80008a41 x21=0x0000001e PA:0x80008a35
        3645000	       363	80000578	ff4b8d03	lb	x26,-12(x23)	 x23:0x80008a41 x26=0x0000001e PA:0x80008a35
        3655000	       364	8000057c	ffbbc683	lbu	x13,-5(x23)	 x23:0x80008a41 x13=0x00000027 PA:0x80008a3c
        3665000	       365	80000580	00ea35b3	sltu	x11,x20,x14	 x20:0x0000001c x14:0x00002c19 x11=0x00000001
        3675000	       366	80000584	006b8183	lb	x3,6(x23)	 x23:0x80008a41  x3=0x0000002c PA:0x80008a47
        3685000	       367	80000588	009b9f03	lh	x30,9(x23)	 x23:0x80008a41 x30=0x00003031 PA:0x80008a4a
        3695000	       368	00000000	00000013	addi	x0,x0,0	  x0:0x00000000
        3705000	       369	8000058c	112f7d13	andi	x26,x30,274	 x30:0x00003031 x26=0x00000010
        3715000	       370	80000590	00db94a3	sh	x13,9(x23)	 x23:0x80008a41 x13:0x00000027 PA:0x80008a4a
        3725000	       371	80000594	009b9d83	lh	x27,9(x23)	 x23:0x80008a41 x27=0x00000027 PA:0x80008a4a
        3735000	       372	80000598	008bc783	lbu	x15,8(x23)	 x23:0x80008a41 x15=0x00000032 PA:0x80008a49
        3745000	       373	8000059c	00008697	auipc	x13,0x8	 x13=0x80008598
        3755000	       374	800005a0	52f68693	addi	x13,x13,1327	 x13:0x80008598 x13=0x80008ac7
        3765000	       375	800005a4	fd8689a3	sb	x24,-45(x13)	 x13:0x80008ac7 x24:0x0000001d PA:0x80008a9a
        3775000	       376	800005a8	00c4deb3	srl	x29,x9,x12	  x9:0x80009fc4 x12:0x00000000 x29=0x80009fc4
        3785000	       377	800005ac	0006c983	lbu	x19,0(x13)	 x13:0x80008ac7 x19=0x000000ac PA:0x80008ac7
        3795000	       378	800005b0	00566cb3	or	x25,x12,x5	 x12:0x00000000  x5:0x0000004a x25=0x0000004a
        3805000	       379	800005b4	01369183	lh	x3,19(x13)	 x13:0x80008ac7  x3=0xffffc0c1 PA:0x80008ada
        3815000	       380	800005b8	fc76a4a3	sw	x7,-55(x13)	 x13:0x80008ac7  x7:0x0000000b PA:0x80008a90
        3825000	       381	800005bc	014ff433	and	x8,x31,x20	 x31:0xfcfdfeff x20:0x0000001c  x8=0x0000001c
        3835000	       382	800005c0	00a6ca83	lbu	x21,10(x13)	 x13:0x80008ac7 x21=0x000000ba PA:0x80008ad1
        3845000	       383	800005c4	010ecdb3	xor	x27,x29,x16	 x29:0x80009fc4 x16:0x00000000 x27=0x80009fc4
        3855000	       384	800005c8	019d97b3	sll	x15,x27,x25	 x27:0x80009fc4 x25:0x0000004a x15=0x027f1000
        3865000	       385	800005cc	00000013	addi	x0,x0,0	  x0:0x00000000
        3875000	       386	800005d0	0043bbb3	sltu	x23,x7,x4	  x7:0x0000000b  x4:0x80009f84 x23=0x00000001
        3885000	       387	800005d4	00a6c403	lbu	x8,10(x13)	 x13:0x80008ac7  x8=0x000000ba PA:0x80008ad1
        3895000	       388	800005d8	415e5033	sra	x0,x28,x21	 x28:0xf4d9112c x21:0x000000ba
        3905000	       389	800005dc	01efc0b3	xor	x1,x31,x30	 x31:0xfcfdfeff x30:0x00003031  x1=0xfcfdcece
        3915000	       390	800005e0	00000013	addi	x0,x0,0	  x0:0x00000000
        3925000	       391	800005e4	00ab59b3	srl	x19,x22,x10	 x22:0x80009ed6 x10:0x000000e4 x19=0x080009ed
        3935000	       392	800005e8	015d59b3	srl	x19,x26,x21	 x26:0x00000010 x21:0x000000ba x19=0x00000000
        3945000	       393	800005ec	fd968d23	sb	x25,-38(x13)	 x13:0x80008ac7 x25:0x0000004a PA:0x80008aa1
        3955000	       394	800005f0	402dda33	sra	x20,x27,x2	 x27:0x80009fc4  x2:0x00000037 x20=0xffffff00
        3965000	       395	800005f4	fca6cb83	lbu	x23,-54(x13)	 x13:0x80008ac7 x23=0x00000000 PA:0x80008a91
        3975000	       396	800005f8	dfc57d13	andi	x26,x10,-516	 x10:0x000000e4 x26=0x000000e4
        3985000	       397	800005fc	01468a83	lb	x21,20(x13)	 x13:0x80008ac7 x21=0xffffffc0 PA:0x80008adb
        3995000	       398	80000600	fb75fd13	andi	x26,x11,-73	 x11:0x00000001 x26=0x00000001
        4005000	       399	80000604	9234ba13	sltiu	x20,x9,-1757	  x9:0x80009fc4 x20=0x00000001
        4015000	       400	80000608	4a956393	ori	x7,x10,1193	 x10:0x000000e4  x7=0x000004ed
        4025000	       401	8000060c	01761a93	slli	x21,x12,0x17	 x12:0x00000000 x21=0x00000000
        4035000	       402	80000610	00f2da93	srli	x21,x5,0xf	  x5:0x0000004a x21=0x00000000
        4045000	       403	80000614	01dac833	xor	x16,x21,x29	 x21:0x00000000 x29:0x80009fc4 x16=0x80009fc4
        4055000	       404	80000618	fca69aa3	sh	x10,-43(x13)	 x13:0x80008ac7 x10:0x000000e4 PA:0x80008a9c
        4065000	       405	8000061c	687a0a13	addi	x20,x20,1671	 x20:0x00000001 x20=0x00000688
        4075000	       406	80000620	fd76dd83	lhu	x27,-41(x13)	 x13:0x80008ac7 x27=0x00008485 PA:0x80008a9e
        4085000	       407	80000624	02068723	sb	x0,46(x13)	 x13:0x80008ac7  x0:0x00000000 PA:0x80008af5
        4095000	       408	80000628	412d5433	sra	x8,x26,x18	 x26:0x00000001 x18:0x00000000  x8=0x00000001
        4105000	       409	8000062c	003c1713	slli	x14,x24,0x3	 x24:0x0000001d x14=0x000000e8
        4115000	       410	80000630	01268d23	sb	x18,26(x13)	 x13:0x80008ac7 x18:0x00000000 PA:0x80008ae1
        4125000	       411	80000634	7989fc93	andi	x25,x19,1944	 x19:0x00000000 x25=0x00000000
        4135000	       412	80000638	034690a3	sh	x20,33(x13)	 x13:0x80008ac7 x20:0x00000688 PA:0x80008ae8
        4145000	       413	8000063c	00008097	auipc	x1,0x8	  x1=0x80008638
        4155000	       414	80000640	a8208093	addi	x1,x1,-1406	  x1:0x80008638  x1=0x800080ba
        4165000	       415	80000644	00008a97	auipc	x21,0x8	 x21=0x80008640
        4175000	       416	80000648	fd9a8a93	addi	x21,x21,-39	 x21:0x80008640 x21=0x80008619
        4185000	       417	8000064c	01b08603	lb	x12,27(x1)	  x1:0x800080ba x12=0xffffff8e PA:0x800080d5
        4195000	       418	80000650	140a9ea3	sh	x0,349(x21)	 x21:0x80008619  x0:0x00000000 PA:0x80008776
        4205000	       419	80000654	007085a3	sb	x7,11(x1)	  x1:0x800080ba  x7:0x000004ed PA:0x800080c5
        4215000	       420	80000658	f77a8ea3	sb	x23,-131(x21)	 x21:0x80008619 x23:0x00000000 PA:0x80008596
        4225000	       421	8000065c	f9d08ca3	sb	x29,-103(x1)	  x1:0x800080ba x29:0x80009fc4 PA:0x80008053
        4235000	       422	80000660	de0a8783	lb	x15,-544(x21)	 x21:0x80008619 x15=0x00000041 PA:0x800083f9
        4245000	       423	80000664	03108d83	lb	x27,49(x1)	  x1:0x800080ba x27=0xffffffa0 PA:0x800080eb
        4255000	       424	80000668	0a908b03	lb	x22,169(x1)	  x1:0x800080ba x22=0x00000018 PA:0x80008163
        4265000	       425	8000066c	e95a99a3	sh	x21,-365(x21)	 x21:0x80008619 x21:0x80008619 PA:0x800084ac
        4275000	       426	80000670	f7ea8823	sb	x30,-144(x21)	 x21:0x80008619 x30:0x00003031 PA:0x80008589
        4285000	       427	80000674	0eaa8fa3	sb	x10,255(x21)	 x21:0x80008619 x10:0x000000e4 PA:0x80008718
        4295000	       428	80000678	0db0c403	lbu	x8,219(x1)	  x1:0x800080ba  x8=0x0000004e PA:0x80008195
        4305000	       429	8000067c	126ac283	lbu	x5,294(x21)	 x21:0x80008619  x5=0x000000f4 PA:0x8000873f
        4315000	       430	80000680	fb70c383	lbu	x7,-73(x1)	  x1:0x800080ba  x7=0x0000002a PA:0x80008071
        4325000	       431	80000684	00008397	auipc	x7,0x8	  x7=0x80008680
        4335000	       432	80000688	72738393	addi	x7,x7,1831	  x7:0x80008680  x7=0x80008da7
        4345000	       433	8000068c	f3038d03	lb	x26,-208(x7)	  x7:0x80008da7 x26=0x00000000 PA:0x80008cd7
        4355000	       434	80000690	00008597	auipc	x11,0x8	 x11=0x8000868c
        4365000	       435	80000694	4ba58593	addi	x11,x11,1210	 x11:0x8000868c x11=0x80008b46
        4375000	       436	80000698	fe03ca03	lbu	x20,-32(x7)	  x7:0x80008da7 x20=0x0000006c PA:0x80008d87
        4385000	       437	8000069c	ffd38923	sb	x29,-14(x7)	  x7:0x80008da7 x29:0x80009fc4 PA:0x80008d99
        4395000	       438	800006a0	004585a3	sb	x4,11(x11)	 x11:0x80008b46  x4:0x80009f84 PA:0x80008b51
        4405000	       439	800006a4	00059a23	sh	x0,20(x11)	 x11:0x80008b46  x0:0x00000000 PA:0x80008b5a
        4415000	       440	800006a8	f013c903	lbu	x18,-255(x7)	  x7:0x80008da7 x18=0x00000093 PA:0x80008ca8
        4425000	       441	00000000	00000013	addi	x0,x0,0	  x0:0x00000000
        4435000	       442	800006ac	fd258e83	lb	x29,-46(x11)	 x11:0x80008b46 x29=0x00000003 PA:0x80008b18
        4445000	       443	800006b0	f253d403	lhu	x8,-219(x7)	  x7:0x80008da7  x8=0x0000b6b7 PA:0x80008ccc
        4455000	       444	800006b4	00558b83	lb	x23,5(x11)	 x11:0x80008b46 x23=0x00000030 PA:0x80008b4b
        4465000	       445	800006b8	feb5c903	lbu	x18,-21(x11)	 x11:0x80008b46 x18=0x0000001a PA:0x80008b31
        4475000	       446	800006bc	01b5cc03	lbu	x24,27(x11)	 x11:0x80008b46 x24=0x0000004a PA:0x80008b61
        4485000	       447	800006c0	03459983	lh	x19,52(x11)	 x11:0x80008b46 x19=0x00006061 PA:0x80008b7a
        4495000	       448	800006c4	f0a3c303	lbu	x6,-246(x7)	  x7:0x80008da7  x6=0x0000009a PA:0x80008cb1
        4505000	       449	800006c8	03c58603	lb	x12,60(x11)	 x11:0x80008b46 x12=0x00000069 PA:0x80008b82
        4515000	       450	800006cc	00008117	auipc	x2,0x8	  x2=0x800086c8
        4525000	       451	800006d0	d1810113	addi	x2,x2,-744	  x2:0x800086c8  x2=0x800083e0
        4535000	       452	800006d4	40f65f33	sra	x30,x12,x15	 x12:0x00000069 x15:0x00000041 x30=0x00000034
        4545000	       453	800006d8	03514403	lbu	x8,53(x2)	  x2:0x800083e0  x8=0x000000ce PA:0x80008415
        4555000	       454	800006dc	03b14183	lbu	x3,59(x2)	  x2:0x800083e0  x3=0x000000d0 PA:0x8000841b
        4565000	       455	800006e0	0a015603	lhu	x12,160(x2)	  x2:0x800083e0 x12=0x00003a3b PA:0x80008480
        4575000	       456	800006e4	0b411023	sh	x20,160(x2)	  x2:0x800083e0 x20:0x0000006c PA:0x80008480
        4585000	       457	800006e8	fd611b23	sh	x22,-42(x2)	  x2:0x800083e0 x22:0x00000018 PA:0x800083b6
        4595000	       458	800006ec	06815a03	lhu	x20,104(x2)	  x2:0x800083e0 x20=0x00000203 PA:0x80008448
        4605000	       459	800006f0	06311423	sh	x3,104(x2)	  x2:0x800083e0  x3:0x000000d0 PA:0x80008448
        4615000	       460	800006f4	fb810ba3	sb	x24,-73(x2)	  x2:0x800083e0 x24:0x0000004a PA:0x80008397
        4625000	       461	800006f8	fb714c03	lbu	x24,-73(x2)	  x2:0x800083e0 x24=0x0000004a PA:0x80008397
        4635000	       462	00000000	00000013	addi	x0,x0,0	  x0:0x00000000
        4645000	       463	800006fc	0f810f83	lb	x31,248(x2)	  x2:0x800083e0 x31=0xffffff93 PA:0x800084d8
        4655000	       464	80000700	00210503	lb	x10,2(x2)	  x2:0x800083e0 x10=0xffffff99 PA:0x800083e2
        4665000	       465	80000704	00008fb3	add	x31,x1,x0	  x1:0x800080ba  x0:0x00000000 x31=0x800080ba
        4675000	       466	80000708	006b0433	add	x8,x22,x6	 x22:0x00000018  x6:0x0000009a  x8=0x000000b2
        4685000	       467	8000070c	ff810c23	sb	x24,-8(x2)	  x2:0x800083e0 x24:0x0000004a PA:0x800083d8
        4695000	       468	80000710	ff815083	lhu	x1,-8(x2)	  x2:0x800083e0  x1=0x0000924a PA:0x800083d8
        4705000	       469	80000714	ff811903	lh	x18,-8(x2)	  x2:0x800083e0 x18=0xffff924a PA:0x800083d8
        4715000	       470	80000718	00008997	auipc	x19,0x8	 x19=0x80008714
        4725000	       471	8000071c	c0198993	addi	x19,x19,-1023	 x19:0x80008714 x19=0x80008315
        4735000	       472	80000720	00008317	auipc	x6,0x8	  x6=0x8000871c
        4745000	       473	80000724	f4830313	addi	x6,x6,-184	  x6:0x8000871c  x6=0x80008664
        4755000	       474	80000728	00008c17	auipc	x24,0x8	 x24=0x80008724
        4765000	       475	8000072c	0e3c0c13	addi	x24,x24,227	 x24:0x80008724 x24=0x80008807
        4775000	       476	80000730	00d30c83	lb	x25,13(x6)	  x6:0x80008664 x25=0x0000002a PA:0x80008671
        4785000	       477	80000734	00008397	auipc	x7,0x8	  x7=0x80008730
        4795000	       478	80000738	05638393	addi	x7,x7,86	  x7:0x80008730  x7=0x80008786
        4805000	       479	8000073c	00c32803	lw	x16,12(x6)	  x6:0x80008664 x16=0x28292a2b PA:0x80008670
        4815000	       480	80000740	00008597	auipc	x11,0x8	 x11=0x8000873c
        4825000	       481	80000744	bcc58593	addi	x11,x11,-1076	 x11:0x8000873c x11=0x80008308
        4835000	       482	80000748	fe1c5903	lhu	x18,-31(x24)	 x24:0x80008807 x18=0x0000a2a3 PA:0x800087e8
        4845000	       483	8000074c	00598423	sb	x5,8(x19)	 x19:0x80008315  x5:0x000000f4 PA:0x8000831d
        4855000	       484	80000750	01c303a3	sb	x28,7(x6)	  x6:0x80008664 x28:0xf4d9112c PA:0x8000866b
        4865000	       485	80000754	e665c503	lbu	x10,-410(x11)	 x11:0x80008308 x10=0x00000025 PA:0x8000816e
        4875000	       486	80000758	e8338423	sb	x3,-376(x7)	  x7:0x80008786  x3:0x000000d0 PA:0x8000860e
        4885000	       487	8000075c	ffb31b23	sh	x27,-10(x6)	  x6:0x80008664 x27:0xffffffa0 PA:0x8000865a
        4895000	       488	80000760	ff19da83	lhu	x21,-15(x19)	 x19:0x80008315 x21=0x0000bcbd PA:0x80008306
        4905000	       489	80000764	4e158d83	lb	x27,1249(x11)	 x11:0x80008308 x27=0xffffffa2 PA:0x800087e9
        4915000	       490	80000768	0213a323	sw	x1,38(x7)	  x7:0x80008786  x1:0x0000924a PA:0x800087ac
        4925000	       491	8000076c	19558703	lb	x14,405(x11)	 x11:0x80008308 x14=0x00000056 PA:0x8000849d
        4935000	       492	80000770	ff9c0523	sb	x25,-22(x24)	 x24:0x80008807 x25:0x0000002a PA:0x800087f1
        4945000	       493	80000774	fcec4f83	lbu	x31,-50(x24)	 x24:0x80008807 x31=0x0000008e PA:0x800087d5
        4955000	       494	80000778	ffb34683	lbu	x13,-5(x6)	  x6:0x80008664 x13=0x00000014 PA:0x8000865f
        4965000	       495	8000077c	fff9d903	lhu	x18,-1(x19)	 x19:0x80008315 x18=0x0000cecf PA:0x80008314
        4975000	       496	80000780	a6039a23	sh	x0,-1420(x7)	  x7:0x80008786  x0:0x00000000 PA:0x800081fa
        4985000	       497	80000784	00130a83	lb	x21,1(x6)	  x6:0x80008664 x21=0x0000001e PA:0x80008665
        4995000	       498	80000788	00e9c103	lbu	x2,14(x19)	 x19:0x80008315  x2=0x000000d8 PA:0x80008323
        5005000	       499	8000078c	0fd58683	lb	x13,253(x11)	 x11:0x80008308 x13=0xffffffbe PA:0x80008405
        5015000	       500	80000790	00b34603	lbu	x12,11(x6)	  x6:0x80008664 x12=0x00000024 PA:0x8000866f
        5025000	       501	80000794	ffc98f03	lb	x30,-4(x19)	 x19:0x80008315 x30=0xffffffca PA:0x80008311
        5035000	       502	80000798	fc4c0703	lb	x14,-60(x24)	 x24:0x80008807 x14=0xffffff80 PA:0x800087cb
        5045000	       503	8000079c	8ed39b23	sh	x13,-1802(x7)	  x7:0x80008786 x13:0xffffffbe PA:0x8000807c
        5055000	       504	800007a0	01d5c083	lbu	x1,29(x11)	 x11:0x80008308  x1=0x000000de PA:0x80008325
        5065000	       505	800007a4	fc4c04a3	sb	x4,-55(x24)	 x24:0x80008807  x4:0x80009f84 PA:0x800087d0
        5075000	       506	800007a8	ff734503	lbu	x10,-9(x6)	  x6:0x80008664 x10=0x000000ff PA:0x8000865b
        5085000	       507	800007ac	ff498823	sb	x20,-16(x19)	 x19:0x80008315 x20:0x00000203 PA:0x80008305
        5095000	       508	800007b0	fe5c0d83	lb	x27,-27(x24)	 x24:0x80008807 x27=0xffffffa7 PA:0x800087ec
        5105000	       509	800007b4	b4f38703	lb	x14,-1201(x7)	  x7:0x80008786 x14=0xffffff8e PA:0x800082d5
        5115000	       510	800007b8	40fa06b3	sub	x13,x20,x15	 x20:0x00000203 x15:0x00000041 x13=0x000001c2
        5125000	       511	800007bc	01d97a63	bgeu	x18,x29,800007d0	 x18:0x0000cecf x29:0x00000003
        5135000	       512	00000000	00000013	addi	x0,x0,0	  x0:0x00000000
        5145000	       513	800007cc	00000013	addi	x0,x0,0	  x0:0x00000000
        5155000	       514	800007d0	01a4c333	xor	x6,x9,x26	  x9:0x80009fc4 x26:0x00000000  x6=0x80009fc4
        5165000	       515	800007d4	00001517	auipc	x10,0x1	 x10=0x800017d0
        5175000	       516	800007d8	8ac50513	addi	x10,x10,-1876	 x10:0x800017d0 x10=0x8000107c
        5185000	       517	800007dc	019c4f33	xor	x30,x24,x25	 x24:0x80008807 x25:0x0000002a x30=0x8000882d
        5195000	       518	800007e0	0080d933	srl	x18,x1,x8	  x1:0x000000de  x8:0x000000b2 x18=0x00000000
        5205000	       519	800007e4	c9850513	addi	x10,x10,-872	 x10:0x8000107c x10=0x80000d14
        5215000	       520	800007e8	4161d813	srai	x16,x3,0x16	  x3:0x000000d0 x16=0x00000000
        5225000	       521	800007ec	00f19093	slli	x1,x3,0xf	  x3:0x000000d0  x1=0x00680000
        5235000	       522	800007f0	016c0933	add	x18,x24,x22	 x24:0x80008807 x22:0x00000018 x18=0x8000881f
        5245000	       523	800007f4	01051463	bne	x10,x16,800007fc	 x10:0x80000d14 x16:0x00000000
        5255000	       524	00000000	00000013	addi	x0,x0,0	  x0:0x00000000
        5265000	       525	800007f8	00000013	addi	x0,x0,0	  x0:0x00000000
        5275000	       526	800007fc	369508e7	jalr	x17,x10,873	 x10:0x80000d14 x17=0x800007fc
        5285000	       527	00000000	00000013	addi	x0,x0,0	  x0:0x00000000
        5295000	       528	8000107c	00000013	addi	x0,x0,0	  x0:0x00000000
        5305000	       529	80001080	f5b93f17	auipc	x30,0xf5b93	 x30=0x75b9407c
        5315000	       530	80001084	01c68f33	add	x30,x13,x28	 x13:0x000001c2 x28:0xf4d9112c x30=0xf4d912ee
        5325000	       531	80001088	fc020213	addi	x4,x4,-64	  x4:0x80009f84  x4=0x80009f44
        5335000	       532	8000108c	00b01db3	sll	x27,x0,x11	  x0:0x00000000 x11:0x80008308 x27=0x00000000
        5345000	       533	80001090	0ff9e693	ori	x13,x19,255	 x19:0x80008315 x13=0x800083ff
        5355000	       534	80001094	01122223	sw	x17,4(x4)	  x4:0x80009f44 x17:0x800007fc PA:0x80009f48
        5365000	       535	80001098	01f5e133	or	x2,x11,x31	 x11:0x80008308 x31:0x0000008e  x2=0x8000838e
        5375000	       536	8000109c	00008817	auipc	x16,0x8	 x16=0x80009098
        5385000	       537	800010a0	dde80813	addi	x16,x16,-546	 x16:0x80009098 x16=0x80008e76
        5395000	       538	800010a4	00a79313	slli	x6,x15,0xa	 x15:0x00000041  x6=0x00010400
        5405000	       539	800010a8	08b81023	sh	x11,128(x16)	 x16:0x80008e76 x11:0x80008308 PA:0x80008ef6
        5415000	       540	800010ac	019e6fb3	or	x31,x28,x25	 x28:0xf4d9112c x25:0x0000002a x31=0xf4d9112e
        5425000	       541	800010b0	02e801a3	sb	x14,35(x16)	 x16:0x80008e76 x14:0xffffff8e PA:0x80008e99
        5435000	       542	800010b4	f2f80ca3	sb	x15,-199(x16)	 x16:0x80008e76 x15:0x00000041 PA:0x80008daf
        5445000	       543	800010b8	0166a033	slt	x0,x13,x22	 x13:0x800083ff x22:0x00000018
        5455000	       544	800010bc	08682123	sw	x6,130(x16)	 x16:0x80008e76  x6:0x00010400 PA:0x80008ef8
        5465000	       545	800010c0	407e0ab3	sub	x21,x28,x7	 x28:0xf4d9112c  x7:0x80008786 x21=0x74d889a6
        5475000	       546	800010c4	03b80c83	lb	x25,59(x16)	 x16:0x80008e76 x25=0xffffff9a PA:0x80008eb1
        5485000	       547	800010c8	0e081303	lh	x6,224(x16)	 x16:0x80008e76  x6=0x00003c3d PA:0x80008f56
        5495000	       548	800010cc	0081eeb3	or	x29,x3,x8	  x3:0x000000d0  x8:0x000000b2 x29=0x000000f2
        5505000	       549	800010d0	f5684f83	lbu	x31,-170(x16)	 x16:0x80008e76 x31=0x000000b7 PA:0x80008dcc
        5515000	       550	800010d4	09e85d83	lhu	x27,158(x16)	 x16:0x80008e76 x27=0x0000feff PA:0x80008f14
        5525000	       551	800010d8	0da80983	lb	x19,218(x16)	 x16:0x80008e76 x19=0x0000003b PA:0x80008f50
        5535000	       552	800010dc	01b7ff33	and	x30,x15,x27	 x15:0x00000041 x27:0x0000feff x30=0x00000041
        5545000	       553	800010e0	f8384003	lbu	x0,-125(x16)	 x16:0x80008e76 PA:0x80008df9
        5555000	       554	800010e4	0fe81823	sh	x30,240(x16)	 x16:0x80008e76 x30:0x00000041 PA:0x80008f66
        5565000	       555	800010e8	0ff801a3	sb	x31,227(x16)	 x16:0x80008e76 x31:0x000000b7 PA:0x80008f59
        5575000	       556	800010ec	f8b80aa3	sb	x11,-107(x16)	 x16:0x80008e76 x11:0x80008308 PA:0x80008e0b
        5585000	       557	800010f0	ffc80683	lb	x13,-4(x16)	 x16:0x80008e76 x13=0x00000059 PA:0x80008e72
        5595000	       558	800010f4	f3f80da3	sb	x31,-197(x16)	 x16:0x80008e76 x31:0x000000b7 PA:0x80008db1
        5605000	       559	800010f8	f3580603	lb	x12,-203(x16)	 x16:0x80008e76 x12=0xffffff90 PA:0x80008dab
        5615000	       560	800010fc	f8980103	lb	x2,-119(x16)	 x16:0x80008e76  x2=0xffffffe4 PA:0x80008dff
        5625000	       561	80001100	008667b3	or	x15,x12,x8	 x12:0xffffff90  x8:0x000000b2 x15=0xffffffb2
        5635000	       562	80001104	bbb56997	auipc	x19,0xbbb56	 x19=0x3bb57100
        5645000	       563	80001108	08f84a03	lbu	x20,143(x16)	 x16:0x80008e76 x20=0x000000ee PA:0x80008f05
        5655000	       564	8000110c	f3a80223	sb	x26,-220(x16)	 x16:0x80008e76 x26:0x00000000 PA:0x80008d9a
        5665000	       565	80001110	00dc4ab3	xor	x21,x24,x13	 x24:0x80008807 x13:0x00000059 x21=0x8000885e
        5675000	       566	80001114	f7980703	lb	x14,-135(x16)	 x16:0x80008e76 x14=0xffffffd4 PA:0x80008def
        5685000	       567	80001118	0254cd93	xori	x27,x9,37	  x9:0x80009fc4 x27=0x80009fe1
        5695000	       568	8000111c	0cb80703	lb	x14,203(x16)	 x16:0x80008e76 x14=0x0000002a PA:0x80008f41
        5705000	       569	80001120	00685f03	lhu	x30,6(x16)	 x16:0x80008e76 x30=0x00006667 PA:0x80008e7c
        5715000	       570	80001124	04580083	lb	x1,69(x16)	 x16:0x80008e76  x1=0xffffffa0 PA:0x80008ebb
        5725000	       571	80001128	f1384c83	lbu	x25,-237(x16)	 x16:0x80008e76 x25=0x00000072 PA:0x80008d89
        5735000	       572	8000112c	009f6933	or	x18,x30,x9	 x30:0x00006667  x9:0x80009fc4 x18=0x8000ffe7
        5745000	       573	80001130	f1984f83	lbu	x31,-231(x16)	 x16:0x80008e76 x31=0x00000074 PA:0x80008d8f
        5755000	       574	80001134	00007317	auipc	x6,0x7	  x6=0x80008130
        5765000	       575	80001138	6d230313	addi	x6,x6,1746	  x6:0x80008130  x6=0x80008802
        5775000	       576	8000113c	017e53b3	srl	x7,x28,x23	 x28:0xf4d9112c x23:0x00000030  x7=0x0000f4d9
        5785000	       577	80001140	4cd5a893	slti	x17,x11,1229	 x11:0x80008308 x17=0x00000001
        5795000	       578	80001144	00f30623	sb	x15,12(x6)	  x6:0x80008802 x15:0xffffffb2 PA:0x8000880e
        5805000	       579	80001148	d8ca6b93	ori	x23,x20,-628	 x20:0x000000ee x23=0xfffffdee
        5815000	       580	8000114c	01030a03	lb	x20,16(x6)	  x6:0x80008802 x20=0xffffffc9 PA:0x80008812
        5825000	       581	80001150	00000013	addi	x0,x0,0	  x0:0x00000000
        5835000	       582	80001154	00edc733	xor	x14,x27,x14	 x27:0x80009fe1 x14:0x0000002a x14=0x80009fcb
        5845000	       583	80001158	f0d65417	auipc	x8,0xf0d65	  x8=0x70d66154
        5855000	       584	8000115c	ff0309a3	sb	x16,-13(x6)	  x6:0x80008802 x16:0x80008e76 PA:0x800087f5
        5865000	       585	80001160	ff232503	lw	x10,-14(x6)	  x6:0x80008802 x10=0xacad76af PA:0x800087f4
        5875000	       586	80001164	db5fec13	ori	x24,x31,-587	 x31:0x00000074 x24=0xfffffdf5
        5885000	       587	80001168	00034a03	lbu	x20,0(x6)	  x6:0x80008802 x20=0x000000b9 PA:0x80008802
        5895000	       588	8000116c	01c31023	sh	x28,0(x6)	  x6:0x80008802 x28:0xf4d9112c PA:0x80008802
        5905000	       589	80001170	00c0de93	srli	x29,x1,0xc	  x1:0xffffffa0 x29=0x000fffff
        5915000	       590	80001174	e7098613	addi	x12,x19,-400	 x19:0x3bb57100 x12=0x3bb56f70
        5925000	       591	80001178	fd43f593	andi	x11,x7,-44	  x7:0x0000f4d9 x11=0x0000f4d0
        5935000	       592	8000117c	0fd1a993	slti	x19,x3,253	  x3:0x000000d0 x19=0x00000001
        5945000	       593	80001180	e85deb93	ori	x23,x27,-379	 x27:0x80009fe1 x23=0xffffffe5
        5955000	       594	80001184	3431ec93	ori	x25,x3,835	  x3:0x000000d0 x25=0x000003d3
        5965000	       595	80001188	ff930103	lb	x2,-7(x6)	  x6:0x80008802  x2=0xffffffb0 PA:0x800087fb
        5975000	       596	8000118c	405887b3	sub	x15,x17,x5	 x17:0x00000001  x5:0x000000f4 x15=0xffffff0d
        5985000	       597	80001190	b33e3093	sltiu	x1,x28,-1229	 x28:0xf4d9112c  x1=0x00000001
        5995000	       598	80001194	cc843837	lui	x16,0xcc843	 x16=0xcc843000
        6005000	       599	80001198	00a30323	sb	x10,6(x6)	  x6:0x80008802 x10:0xacad76af PA:0x80008808
        6015000	       600	8000119c	01daf1b3	and	x3,x21,x29	 x21:0x8000885e x29:0x000fffff  x3=0x0000885e
        6025000	       601	800011a0	00034783	lbu	x15,0(x6)	  x6:0x80008802 x15=0x0000002c PA:0x80008802
        6035000	       602	800011a4	ffc30d03	lb	x26,-4(x6)	  x6:0x80008802 x26=0xffffffb5 PA:0x800087fe
        6045000	       603	800011a8	0096eeb3	or	x29,x13,x9	 x13:0x00000059  x9:0x80009fc4 x29=0x80009fdd
        6055000	       604	800011ac	beaea193	slti	x3,x29,-1046	 x29:0x80009fdd  x3=0x00000001
        6065000	       605	800011b0	0037dc13	srli	x24,x15,0x3	 x15:0x0000002c x24=0x00000005
        6075000	       606	800011b4	003307a3	sb	x3,15(x6)	  x6:0x80008802  x3:0x00000001 PA:0x80008811
        6085000	       607	800011b8	ff530683	lb	x13,-11(x6)	  x6:0x80008802 x13=0xffffffac PA:0x800087f7
        6095000	       608	800011bc	fe230aa3	sb	x2,-11(x6)	  x6:0x80008802  x2:0xffffffb0 PA:0x800087f7
        6105000	       609	800011c0	00011c93	slli	x25,x2,0x0	  x2:0xffffffb0 x25=0xffffffb0
        6115000	       610	800011c4	fea30e23	sb	x10,-4(x6)	  x6:0x80008802 x10:0xacad76af PA:0x800087fe
        6125000	       611	800011c8	00534983	lbu	x19,5(x6)	  x6:0x80008802 x19=0x000000bc PA:0x80008807
        6135000	       612	800011cc	41d55993	srai	x19,x10,0x1d	 x10:0xacad76af x19=0xfffffffd
        6145000	       613	800011d0	81b3ee93	ori	x29,x7,-2021	  x7:0x0000f4d9 x29=0xfffffcdb
        6155000	       614	800011d4	ff031b23	sh	x16,-10(x6)	  x6:0x80008802 x16:0xcc843000 PA:0x800087f8
        6165000	       615	800011d8	01b89633	sll	x12,x17,x27	 x17:0x00000001 x27:0x80009fe1 x12=0x00000002
        6175000	       616	800011dc	fea30da3	sb	x10,-5(x6)	  x6:0x80008802 x10:0xacad76af PA:0x800087fd
        6185000	       617	800011e0	ff831403	lh	x8,-8(x6)	  x6:0x80008802  x8=0xffffb0b1 PA:0x800087fa
        6195000	       618	800011e4	00a34983	lbu	x19,10(x6)	  x6:0x80008802 x19=0x000000c7 PA:0x8000880c
        6205000	       619	800011e8	ff934003	lbu	x0,-7(x6)	  x6:0x80008802 PA:0x800087fb
        6215000	       620	800011ec	00bf80b3	add	x1,x31,x11	 x31:0x00000074 x11:0x0000f4d0  x1=0x0000f544
        6225000	       621	800011f0	011da833	slt	x16,x27,x17	 x27:0x80009fe1 x17:0x00000001 x16=0x00000001
        6235000	       622	800011f4	ff530ba3	sb	x21,-9(x6)	  x6:0x80008802 x21:0x8000885e PA:0x800087f9
        6245000	       623	800011f8	01f76f33	or	x30,x14,x31	 x14:0x80009fcb x31:0x00000074 x30=0x80009fff
        6255000	       624	800011fc	012e1b13	slli	x22,x28,0x12	 x28:0xf4d9112c x22=0x44b00000
        6265000	       625	80001200	010951b3	srl	x3,x18,x16	 x18:0x8000ffe7 x16:0x00000001  x3=0x40007ff3
        6275000	       626	80001204	01abb3b3	sltu	x7,x23,x26	 x23:0xffffffe5 x26:0xffffffb5  x7=0x00000000
        6285000	       627	80001208	ff330c03	lb	x24,-13(x6)	  x6:0x80008802 x24=0x00000076 PA:0x800087f5
        6295000	       628	8000120c	00007117	auipc	x2,0x7	  x2=0x80008208
        6305000	       629	80001210	64510113	addi	x2,x2,1605	  x2:0x80008208  x2=0x8000884d
        6315000	       630	80001214	00e117a3	sh	x14,15(x2)	  x2:0x8000884d x14:0x80009fcb PA:0x8000885c
        6325000	       631	80001218	fe010c23	sb	x0,-8(x2)	  x2:0x8000884d  x0:0x00000000 PA:0x80008845
        6335000	       632	8000121c	004cbd33	sltu	x26,x25,x4	 x25:0xffffffb0  x4:0x80009f44 x26=0x00000000
        6345000	       633	80001220	ff810183	lb	x3,-8(x2)	  x2:0x8000884d  x3=0x00000000 PA:0x80008845
        6355000	       634	80001224	008c6cb3	or	x25,x24,x8	 x24:0x00000076  x8:0xffffb0b1 x25=0xffffb0f7
        6365000	       635	80001228	01ad3033	sltu	x0,x26,x26	 x26:0x00000000 x26:0x00000000
        6375000	       636	8000122c	ffa10d03	lb	x26,-6(x2)	  x2:0x8000884d x26=0x0000002c PA:0x80008847
        6385000	       637	80001230	01f8c0b3	xor	x1,x17,x31	 x17:0x00000001 x31:0x00000074  x1=0x00000075
        6395000	       638	80001234	ffa10403	lb	x8,-6(x2)	  x2:0x8000884d  x8=0x0000002c PA:0x80008847
        6405000	       639	80001238	ff111083	lh	x1,-15(x2)	  x2:0x8000884d  x1=0x00002425 PA:0x8000883e
        6415000	       640	8000123c	ffc118a3	sh	x28,-15(x2)	  x2:0x8000884d x28:0xf4d9112c PA:0x8000883e
        6425000	       641	80001240	ff410603	lb	x12,-12(x2)	  x2:0x8000884d x12=0x0000002a PA:0x80008841
        6435000	       642	80001244	ff810583	lb	x11,-8(x2)	  x2:0x8000884d x11=0x00000000 PA:0x80008845
        6445000	       643	80001248	40d8d7b3	sra	x15,x17,x13	 x17:0x00000001 x13:0xffffffac x15=0x00000000
        6455000	       644	8000124c	8c483893	sltiu	x17,x16,-1852	 x16:0x00000001 x17=0x00000001
        6465000	       645	80001250	fec10ca3	sb	x12,-7(x2)	  x2:0x8000884d x12:0x0000002a PA:0x80008846
        6475000	       646	80001254	fe310ca3	sb	x3,-7(x2)	  x2:0x8000884d  x3:0x00000000 PA:0x80008846
        6485000	       647	80001258	ffc14d83	lbu	x27,-4(x2)	  x2:0x8000884d x27=0x00000032 PA:0x80008849
        6495000	       648	8000125c	00a0ab33	slt	x22,x1,x10	  x1:0x00002425 x10:0xacad76af x22=0x00000000
        6505000	       649	80001260	00c10383	lb	x7,12(x2)	  x2:0x8000884d  x7=0x00000042 PA:0x80008859
        6515000	       650	80001264	00a10683	lb	x13,10(x2)	  x2:0x8000884d x13=0x0000003c PA:0x80008857
        6525000	       651	80001268	00007117	auipc	x2,0x7	  x2=0x80008264
        6535000	       652	8000126c	ec210113	addi	x2,x2,-318	  x2:0x80008264  x2=0x80008126
        6545000	       653	80001270	0055c9b3	xor	x19,x11,x5	 x11:0x00000000  x5:0x000000f4 x19=0x000000f4
        6555000	       654	80001274	f7414503	lbu	x10,-140(x2)	  x2:0x80008126 x10=0x00000051 PA:0x8000809a
        6565000	       655	80001278	02114d83	lbu	x27,33(x2)	  x2:0x80008126 x27=0x000000fc PA:0x80008147
        6575000	       656	8000127c	f2010b23	sb	x0,-202(x2)	  x2:0x80008126  x0:0x00000000 PA:0x8000805c
        6585000	       657	80001280	000cdc33	srl	x24,x25,x0	 x25:0xffffb0f7  x0:0x00000000 x24=0xffffb0f7
        6595000	       658	80001284	00000013	addi	x0,x0,0	  x0:0x00000000
        6605000	       659	80001288	00000013	addi	x0,x0,0	  x0:0x00000000
        6615000	       660	8000128c	fa015783	lhu	x15,-96(x2)	  x2:0x80008126 x15=0x00007c7d PA:0x800080c6
        6625000	       661	80001290	0c5d2413	slti	x8,x26,197	 x26:0x0000002c  x8=0x00000001
        6635000	       662	80001294	07411403	lh	x8,116(x2)	  x2:0x80008126  x8=0x00005051 PA:0x8000819a
        6645000	       663	80001298	4fdd6613	ori	x12,x26,1277	 x26:0x0000002c x12=0x000004fd
        6655000	       664	8000129c	63543e93	sltiu	x29,x8,1589	  x8:0x00005051 x29=0x00000000
        6665000	       665	800012a0	0da10ba3	sb	x26,215(x2)	  x2:0x80008126 x26:0x0000002c PA:0x800081fd
        6675000	       666	800012a4	02615b83	lhu	x23,38(x2)	  x2:0x80008126 x23=0x00000607 PA:0x8000814c
        6685000	       667	800012a8	0223cd13	xori	x26,x7,34	  x7:0x00000042 x26=0x00000060
        6695000	       668	800012ac	fca11e83	lh	x29,-54(x2)	  x2:0x80008126 x29=0xffffaaab PA:0x800080f0
        6705000	       669	800012b0	972e4813	xori	x16,x28,-1678	 x28:0xf4d9112c x16=0x0b26e85e
        6715000	       670	800012b4	04810503	lb	x10,72(x2)	  x2:0x80008126 x10=0x00000025 PA:0x8000816e
        6725000	       671	800012b8	09d11123	sh	x29,130(x2)	  x2:0x80008126 x29:0xffffaaab PA:0x800081a8
        6735000	       672	800012bc	fa015783	lhu	x15,-96(x2)	  x2:0x80008126 x15=0x00007c7d PA:0x800080c6
        6745000	       673	800012c0	77bfe893	ori	x17,x31,1915	 x31:0x00000074 x17=0x0000077f
        6755000	       674	800012c4	c2a1e293	ori	x5,x3,-982	  x3:0x00000000  x5=0xfffffc2a
        6765000	       675	800012c8	00bcb9b3	sltu	x19,x25,x11	 x25:0xffffb0f7 x11:0x00000000 x19=0x00000000
        6775000	       676	800012cc	f522a613	slti	x12,x5,-174	  x5:0xfffffc2a x12=0x00000001
        6785000	       677	800012d0	f6f14f03	lbu	x30,-145(x2)	  x2:0x80008126 x30=0x0000004e PA:0x80008095
        6795000	       678	00000000	00000013	addi	x0,x0,0	  x0:0x00000000
        6805000	       679	800012d4	ffe11423	sh	x30,-24(x2)	  x2:0x80008126 x30:0x0000004e PA:0x8000810e
        6815000	       680	800012d8	00ac5333	srl	x6,x24,x10	 x24:0xffffb0f7 x10:0x00000025  x6=0x07fffd87
        6825000	       681	800012dc	f6a14e83	lbu	x29,-150(x2)	  x2:0x80008126 x29=0x0000004b PA:0x80008090
        6835000	       682	800012e0	0f310403	lb	x8,243(x2)	  x2:0x80008126  x8=0xffffffd2 PA:0x80008219
        6845000	       683	800012e4	02f14383	lbu	x7,47(x2)	  x2:0x80008126  x7=0x00000000 PA:0x80008155
        6855000	       684	800012e8	61a02813	slti	x16,x0,1562	  x0:0x00000000 x16=0x00000001
        6865000	       685	800012ec	fe510003	lb	x0,-27(x2)	  x2:0x80008126 PA:0x8000810b
        6875000	       686	800012f0	f75104a3	sb	x21,-151(x2)	  x2:0x80008126 x21:0x8000885e PA:0x8000808f
        6885000	       687	800012f4	01ac5633	srl	x12,x24,x26	 x24:0xffffb0f7 x26:0x00000060 x12=0xffffb0f7
        6895000	       688	800012f8	0054d193	srli	x3,x9,0x5	  x9:0x80009fc4  x3=0x040004fe
        6905000	       689	800012fc	00073bb3	sltu	x23,x14,x0	 x14:0x80009fcb  x0:0x00000000 x23=0x00000000
        6915000	       690	80001300	40895993	srai	x19,x18,0x8	 x18:0x8000ffe7 x19=0xff8000ff
        6925000	       691	80001304	fb011783	lh	x15,-80(x2)	  x2:0x80008126 x15=0xffff8c8d PA:0x800080d6
        6935000	       692	80001308	30be9897	auipc	x17,0x30be9	 x17=0xb0bea304
        6945000	       693	8000130c	00945633	srl	x12,x8,x9	  x8:0xffffffd2  x9:0x80009fc4 x12=0x0ffffffd
        6955000	       694	80001310	a3924b93	xori	x23,x4,-1479	  x4:0x80009f44 x23=0x7fff657d
        6965000	       695	80001314	0cc10123	sb	x12,194(x2)	  x2:0x80008126 x12:0x0ffffffd PA:0x800081e8
        6975000	       696	80001318	f9310403	lb	x8,-109(x2)	  x2:0x80008126  x8=0x00000072 PA:0x800080b9
        6985000	       697	8000131c	1a4a4593	xori	x11,x20,420	 x20:0x000000b9 x11=0x0000011d
        6995000	       698	80001320	01dac533	xor	x10,x21,x29	 x21:0x8000885e x29:0x0000004b x10=0x80008815
        7005000	       699	80001324	28bcae93	slti	x29,x25,651	 x25:0xffffb0f7 x29=0x00000001
        7015000	       700	80001328	08f14803	lbu	x16,143(x2)	  x2:0x80008126 x16=0x0000006e PA:0x800081b5
        7025000	       701	8000132c	f3510ea3	sb	x21,-195(x2)	  x2:0x80008126 x21:0x8000885e PA:0x80008063
        7035000	       702	80001330	00008b97	auipc	x23,0x8	 x23=0x8000932c
        7045000	       703	80001334	c78b8b93	addi	x23,x23,-904	 x23:0x8000932c x23=0x80008fa4
        7055000	       704	80001338	00007b17	auipc	x22,0x7	 x22=0x80008334
        7065000	       705	8000133c	721b0b13	addi	x22,x22,1825	 x22:0x80008334 x22=0x80008a55
        7075000	       706	80001340	00008197	auipc	x3,0x8	  x3=0x8000933c
        7085000	       707	80001344	a6518193	addi	x3,x3,-1435	  x3:0x8000933c  x3=0x80008da1
        7095000	       708	80001348	00007817	auipc	x16,0x7	 x16=0x80008344
        7105000	       709	8000134c	7d380813	addi	x16,x16,2003	 x16:0x80008344 x16=0x80008b17
        7115000	       710	80001350	14db5983	lhu	x19,333(x22)	 x22:0x80008a55 x19=0x00008889 PA:0x80008ba2
        7125000	       711	80001354	01118023	sb	x17,0(x3)	  x3:0x80008da1 x17:0xb0bea304 PA:0x80008da1
        7135000	       712	80001358	00bb8f03	lb	x30,11(x23)	 x23:0x80008fa4 x30=0xffffff94 PA:0x80008faf
        7145000	       713	8000135c	00008a17	auipc	x20,0x8	 x20=0x80009358
        7155000	       714	80001360	ac5a0a13	addi	x20,x20,-1339	 x20:0x80009358 x20=0x80008e1d
        7165000	       715	80001364	29ab4a83	lbu	x21,666(x22)	 x22:0x80008a55 x21=0x000000d4 PA:0x80008cef
        7175000	       716	80001368	e18b02a3	sb	x24,-507(x22)	 x22:0x80008a55 x24:0xffffb0f7 PA:0x8000885a
        7185000	       717	8000136c	fe61c703	lbu	x14,-26(x3)	  x3:0x80008da1 x14=0x0000006c PA:0x80008d87
        7195000	       718	80001370	505b07a3	sb	x5,1295(x22)	 x22:0x80008a55  x5:0xfffffc2a PA:0x80008f64
        7205000	       719	80001374	ffd84c83	lbu	x25,-3(x16)	 x16:0x80008b17 x25=0x000000ff PA:0x80008b14
        7215000	       720	80001378	f13a4f03	lbu	x30,-237(x20)	 x20:0x80008e1d x30=0x0000001b PA:0x80008d30
        7225000	       721	8000137c	00dbc603	lbu	x12,13(x23)	 x23:0x80008fa4 x12=0x0000009a PA:0x80008fb1
        7235000	       722	80001380	ff785683	lhu	x13,-9(x16)	 x16:0x80008b17 x13=0x0000f4f5 PA:0x80008b0e
        7245000	       723	00000000	00000013	addi	x0,x0,0	  x0:0x00000000
        7255000	       724	80001384	02d1d283	lhu	x5,45(x3)	  x3:0x80008da1  x5=0x0000b4b5 PA:0x80008dce
        7265000	       725	80001388	01084603	lbu	x12,16(x16)	 x16:0x80008b17 x12=0x0000000c PA:0x80008b27
        7275000	       726	8000138c	e31b0f03	lb	x30,-463(x22)	 x22:0x80008a55 x30=0x0000006d PA:0x80008886
        7285000	       727	80001390	00e84c83	lbu	x25,14(x16)	 x16:0x80008b17 x25=0x0000000e PA:0x80008b25
        7295000	       728	80001394	33ab0d83	lb	x27,826(x22)	 x22:0x80008a55 x27=0x00000074 PA:0x80008d8f
        7305000	       729	80001398	00480583	lb	x11,4(x16)	 x16:0x80008b17 x11=0x00000000 PA:0x80008b1b
        7315000	       730	8000139c	f5ba0f23	sb	x27,-162(x20)	 x20:0x80008e1d x27:0x00000074 PA:0x80008d7b
        7325000	       731	800013a0	f82a4f83	lbu	x31,-126(x20)	 x20:0x80008e1d x31=0x00000084 PA:0x80008d9f
        7335000	       732	800013a4	014807a3	sb	x20,15(x16)	 x16:0x80008b17 x20:0x80008e1d PA:0x80008b26
        7345000	       733	800013a8	0b2a0123	sb	x18,162(x20)	 x20:0x80008e1d x18:0x8000ffe7 PA:0x80008ebf
        7355000	       734	800013ac	226b0703	lb	x14,550(x22)	 x22:0x80008a55 x14=0x00000060 PA:0x80008c7b
        7365000	       735	800013b0	000bcc03	lbu	x24,0(x23)	 x23:0x80008fa4 x24=0x0000008f PA:0x80008fa4
        7375000	       736	800013b4	fdf1d083	lhu	x1,-33(x3)	  x3:0x80008da1  x1=0x00006a6b PA:0x80008d80
        7385000	       737	800013b8	f4ca0323	sb	x12,-186(x20)	 x20:0x80008e1d x12:0x0000000c PA:0x80008d63
        7395000	       738	800013bc	01418123	sb	x20,2(x3)	  x3:0x80008da1 x20:0x80008e1d PA:0x80008da3
        7405000	       739	800013c0	0e0a4283	lbu	x5,224(x20)	 x20:0x80008e1d  x5=0x000000e6 PA:0x80008efd
        7415000	       740	800013c4	ffe80e83	lb	x29,-2(x16)	 x16:0x80008b17 x29=0xfffffffe PA:0x80008b15
        7425000	       741	800013c8	0c5a1403	lh	x8,197(x20)	 x20:0x80008e1d  x8=0xffffc8c9 PA:0x80008ee2
        7435000	       742	800013cc	006b85a3	sb	x6,11(x23)	 x23:0x80008fa4  x6:0x07fffd87 PA:0x80008faf
        7445000	       743	800013d0	ff6b9a83	lh	x21,-10(x23)	 x23:0x80008fa4 x21=0xffff8081 PA:0x80008f9a
        7455000	       744	800013d4	03d194a3	sh	x29,41(x3)	  x3:0x80008da1 x29:0xfffffffe PA:0x80008dca
        7465000	       745	800013d8	01080783	lb	x15,16(x16)	 x16:0x80008b17 x15=0x0000000c PA:0x80008b27
        7475000	       746	800013dc	02d18603	lb	x12,45(x3)	  x3:0x80008da1 x12=0xffffffb5 PA:0x80008dce
        7485000	       747	800013e0	ff580903	lb	x18,-11(x16)	 x16:0x80008b17 x18=0xfffffff7 PA:0x80008b0c
        7495000	       748	800013e4	021a16a3	sh	x1,45(x20)	 x20:0x80008e1d  x1:0x00006a6b PA:0x80008e4a
        7505000	       749	800013e8	ff9bc303	lbu	x6,-7(x23)	 x23:0x80008fa4  x6=0x00000086 PA:0x80008f9d
        7515000	       750	800013ec	ffca0a23	sb	x28,-12(x20)	 x20:0x80008e1d x28:0xf4d9112c PA:0x80008e11
        7525000	       751	800013f0	011824a3	sw	x17,9(x16)	 x16:0x80008b17 x17:0xb0bea304 PA:0x80008b20
        7535000	       752	800013f4	00618ea3	sb	x6,29(x3)	  x3:0x80008da1  x6:0x00000086 PA:0x80008dbe
        7545000	       753	800013f8	ff1b8583	lb	x11,-15(x23)	 x23:0x80008fa4 x11=0x0000007e PA:0x80008f95
        7555000	       754	800013fc	fd5184a3	sb	x21,-55(x3)	  x3:0x80008da1 x21:0xffff8081 PA:0x80008d6a
        7565000	       755	80001400	00008117	auipc	x2,0x8	  x2=0x800093fc
        7575000	       756	80001404	b3410113	addi	x2,x2,-1228	  x2:0x800093fc  x2=0x80008f30
        7585000	       757	80001408	00314383	lbu	x7,3(x2)	  x2:0x80008f30  x7=0x00000018 PA:0x80008f33
        7595000	       758	8000140c	01ba49b3	xor	x19,x20,x27	 x20:0x80008e1d x27:0x00000074 x19=0x80008e69
        7605000	       759	80001410	7266d9b7	lui	x19,0x7266d	 x19=0x7266d000
        7615000	       760	80001414	ff211883	lh	x17,-14(x2)	  x2:0x80008f30 x17=0x00000809 PA:0x80008f22
        7625000	       761	80001418	00e952b3	srl	x5,x18,x14	 x18:0xfffffff7 x14:0x00000060  x5=0xfffffff7
        7635000	       762	8000141c	005105a3	sb	x5,11(x2)	  x2:0x80008f30  x5:0xfffffff7 PA:0x80008f3b
        7645000	       763	80001420	00b10f83	lb	x31,11(x2)	  x2:0x80008f30 x31=0xfffffff7 PA:0x80008f3b
        7655000	       764	80001424	fe710ba3	sb	x7,-9(x2)	  x2:0x80008f30  x7:0x00000018 PA:0x80008f27
        7665000	       765	80001428	ff710983	lb	x19,-9(x2)	  x2:0x80008f30 x19=0x00000018 PA:0x80008f27
        7675000	       766	8000142c	d2296c17	auipc	x24,0xd2296	 x24=0x52297428
        7685000	       767	80001430	ff910583	lb	x11,-7(x2)	  x2:0x80008f30 x11=0x00000012 PA:0x80008f29
        7695000	       768	80001434	ff914683	lbu	x13,-7(x2)	  x2:0x80008f30 x13=0x00000012 PA:0x80008f29
        7705000	       769	80001438	ff910983	lb	x19,-7(x2)	  x2:0x80008f30 x19=0x00000012 PA:0x80008f29
        7715000	       770	8000143c	ff914983	lbu	x19,-7(x2)	  x2:0x80008f30 x19=0x00000012 PA:0x80008f29
        7725000	       771	80001440	b640c693	xori	x13,x1,-1180	  x1:0x00006a6b x13=0xffff910f
        7735000	       772	80001444	fee10ca3	sb	x14,-7(x2)	  x2:0x80008f30 x14:0x00000060 PA:0x80008f29
        7745000	       773	80001448	d9dbef93	ori	x31,x23,-611	 x23:0x80008fa4 x31=0xffffffbd
        7755000	       774	8000144c	ff514403	lbu	x8,-11(x2)	  x2:0x80008f30  x8=0x0000000e PA:0x80008f25
        7765000	       775	80001450	fe610aa3	sb	x6,-11(x2)	  x2:0x80008f30  x6:0x00000086 PA:0x80008f25
        7775000	       776	80001454	000103a3	sb	x0,7(x2)	  x2:0x80008f30  x0:0x00000000 PA:0x80008f37
        7785000	       777	80001458	00710183	lb	x3,7(x2)	  x2:0x80008f30  x3=0x00000000 PA:0x80008f37
        7795000	       778	8000145c	01014603	lbu	x12,16(x2)	  x2:0x80008f30 x12=0x0000002b PA:0x80008f40
        7805000	       779	80001460	01012183	lw	x3,16(x2)	  x2:0x80008f30  x3=0x28292a2b PA:0x80008f40
        7815000	       780	80001464	ce7b3e93	sltiu	x29,x22,-793	 x22:0x80008a55 x29=0x00000001
        7825000	       781	80001468	01014703	lbu	x14,16(x2)	  x2:0x80008f30 x14=0x0000002b PA:0x80008f40
        7835000	       782	8000146c	00007117	auipc	x2,0x7	  x2=0x80008468
        7845000	       783	80001470	5da10113	addi	x2,x2,1498	  x2:0x80008468  x2=0x80008a42
        7855000	       784	80001474	4f316013	ori	x0,x2,1267	  x2:0x80008a42
        7865000	       785	80001478	f44102a3	sb	x4,-187(x2)	  x2:0x80008a42  x4:0x80009f44 PA:0x80008987
        7875000	       786	8000147c	fb310603	lb	x12,-77(x2)	  x2:0x80008a42 x12=0xffffffde PA:0x800089f5
        7885000	       787	80001480	08411623	sh	x4,140(x2)	  x2:0x80008a42  x4:0x80009f44 PA:0x80008ace
        7895000	       788	80001484	01b9c2b3	xor	x5,x19,x27	 x19:0x00000012 x27:0x00000074  x5=0x00000066
        7905000	       789	80001488	6cf8ed93	ori	x27,x17,1743	 x17:0x00000809 x27=0x00000ecf
        7915000	       790	8000148c	0d015183	lhu	x3,208(x2)	  x2:0x80008a42  x3=0x0000f8f9 PA:0x80008b12
        7925000	       791	80001490	0d015b03	lhu	x22,208(x2)	  x2:0x80008a42 x22=0x0000f8f9 PA:0x80008b12
        7935000	       792	80001494	fa010983	lb	x19,-96(x2)	  x2:0x80008a42 x19=0xffffffc9 PA:0x800089e2
        7945000	       793	80001498	fb810783	lb	x15,-72(x2)	  x2:0x80008a42 x15=0xffffffe1 PA:0x800089fa
        7955000	       794	8000149c	01c10f83	lb	x31,28(x2)	  x2:0x80008a42 x31=0x00000045 PA:0x80008a5e
        7965000	       795	800014a0	00f11e23	sh	x15,28(x2)	  x2:0x80008a42 x15:0xffffffe1 PA:0x80008a5e
        7975000	       796	800014a4	01c14d83	lbu	x27,28(x2)	  x2:0x80008a42 x27=0x000000e1 PA:0x80008a5e
        7985000	       797	800014a8	00510903	lb	x18,5(x2)	  x2:0x80008a42 x18=0x0000002c PA:0x80008a47
        7995000	       798	800014ac	0c114883	lbu	x17,193(x2)	  x2:0x80008a42 x17=0x000000e8 PA:0x80008b03
        8005000	       799	800014b0	0c110683	lb	x13,193(x2)	  x2:0x80008a42 x13=0xffffffe8 PA:0x80008b03
        8015000	       800	800014b4	f0612523	sw	x6,-246(x2)	  x2:0x80008a42  x6:0x00000086 PA:0x8000894c
        8025000	       801	800014b8	170cb713	sltiu	x14,x25,368	 x25:0x0000000e x14=0x00000001
        8035000	       802	800014bc	08b10e83	lb	x29,139(x2)	  x2:0x80008a42 x29=0xffffffb6 PA:0x80008acd
        8045000	       803	800014c0	08b10603	lb	x12,139(x2)	  x2:0x80008a42 x12=0xffffffb6 PA:0x80008acd
        8055000	       804	800014c4	00fe5093	srli	x1,x28,0xf	 x28:0xf4d9112c  x1=0x0001e9b2
        8065000	       805	800014c8	f7815803	lhu	x16,-136(x2)	  x2:0x80008a42 x16=0x0000a0a1 PA:0x800089ba
        8075000	       806	800014cc	00008c17	auipc	x24,0x8	 x24=0x800094c8
        8085000	       807	800014d0	acdc0c13	addi	x24,x24,-1331	 x24:0x800094c8 x24=0x80008f95
        8095000	       808	800014d4	8f72d797	auipc	x15,0x8f72d	 x15=0x0f72e4d0
        8105000	       809	800014d8	fc4c0023	sb	x4,-64(x24)	 x24:0x80008f95  x4:0x80009f44 PA:0x80008f55
        8115000	       810	800014dc	fd4c0903	lb	x18,-44(x24)	 x24:0x80008f95 x18=0x00000052 PA:0x80008f69
        8125000	       811	800014e0	01bc1ba3	sh	x27,23(x24)	 x24:0x80008f95 x27:0x000000e1 PA:0x80008fac
        8135000	       812	800014e4	1d0e4f93	xori	x31,x28,464	 x28:0xf4d9112c x31=0xf4d910fc
        8145000	       813	800014e8	021c5703	lhu	x14,33(x24)	 x24:0x80008f95 x14=0x00009c9d PA:0x80008fb6
        8155000	       814	800014ec	008d20b3	slt	x1,x26,x8	 x26:0x00000060  x8:0x0000000e  x1=0x00000000
        8165000	       815	800014f0	fcac0923	sb	x10,-46(x24)	 x24:0x80008f95 x10:0x80008815 PA:0x80008f67
        8175000	       816	800014f4	390d6b93	ori	x23,x26,912	 x26:0x00000060 x23=0x000003f0
        8185000	       817	800014f8	011c0623	sb	x17,12(x24)	 x24:0x80008f95 x17:0x000000e8 PA:0x80008fa1
        8195000	       818	800014fc	02ac0123	sb	x10,34(x24)	 x24:0x80008f95 x10:0x80008815 PA:0x80008fb7
        8205000	       819	80001500	fe4c0103	lb	x2,-28(x24)	 x24:0x80008f95  x2=0x00000062 PA:0x80008f79
        8215000	       820	80001504	000c4a83	lbu	x21,0(x24)	 x24:0x80008f95 x21=0x0000007e PA:0x80008f95
        8225000	       821	80001508	006c9513	slli	x10,x25,0x6	 x25:0x0000000e x10=0x00000380
        8235000	       822	8000150c	857b7713	andi	x14,x22,-1961	 x22:0x0000f8f9 x14=0x0000f851
        8245000	       823	80001510	40cc58b3	sra	x17,x24,x12	 x24:0x80008f95 x12:0xffffffb6 x17=0xfffffe00
        8255000	       824	80001514	013c5903	lhu	x18,19(x24)	 x24:0x80008f95 x18=0x00009293 PA:0x80008fa8
        8265000	       825	80001518	2263e613	ori	x12,x7,550	  x7:0x00000018 x12=0x0000023e
        8275000	       826	8000151c	fecc19a3	sh	x12,-13(x24)	 x24:0x80008f95 x12:0x0000023e PA:0x80008f88
        8285000	       827	80001520	02ac02a3	sb	x10,37(x24)	 x24:0x80008f95 x10:0x00000380 PA:0x80008fba
        8295000	       828	80001524	41c3df93	srai	x31,x7,0x1c	  x7:0x00000018 x31=0x00000000
        8305000	       829	80001528	ff3c5383	lhu	x7,-13(x24)	 x24:0x80008f95  x7=0x0000023e PA:0x80008f88
        8315000	       830	8000152c	031c0ba3	sb	x17,55(x24)	 x24:0x80008f95 x17:0xfffffe00 PA:0x80008fcc
        8325000	       831	80001530	3f488ab7	lui	x21,0x3f488	 x21=0x3f488000
        8335000	       832	80001534	fdec0703	lb	x14,-34(x24)	 x24:0x80008f95 x14=0x00000058 PA:0x80008f73
        8345000	       833	80001538	fc1c16a3	sh	x1,-51(x24)	 x24:0x80008f95  x1:0x00000000 PA:0x80008f62
        8355000	       834	8000153c	00ddd513	srli	x10,x27,0xd	 x27:0x000000e1 x10=0x00000000
        8365000	       835	80001540	fd7c4883	lbu	x17,-41(x24)	 x24:0x80008f95 x17=0x00000057 PA:0x80008f6c
        8375000	       836	80001544	01bc0423	sb	x27,8(x24)	 x24:0x80008f95 x27:0x000000e1 PA:0x80008f9d
        8385000	       837	80001548	00dc1a03	lh	x20,13(x24)	 x24:0x80008f95 x20=0xffff8889 PA:0x80008fa2
        8395000	       838	8000154c	fedc1b03	lh	x22,-19(x24)	 x24:0x80008f95 x22=0x00006869 PA:0x80008f82
        8405000	       839	80001550	367bbcb7	lui	x25,0x367bb	 x25=0x367bb000
        8415000	       840	80001554	024c0283	lb	x5,36(x24)	 x24:0x80008f95  x5=0xffffffa2 PA:0x80008fb9
        8425000	       841	80001558	fd1c0a83	lb	x21,-47(x24)	 x24:0x80008f95 x21=0x00000041 PA:0x80008f66
        8435000	       842	8000155c	01ac4a03	lbu	x20,26(x24)	 x24:0x80008f95 x20=0x00000087 PA:0x80008faf
        8445000	       843	80001560	007c5103	lhu	x2,7(x24)	 x24:0x80008f95  x2=0x0000e187 PA:0x80008f9c
        8455000	       844	80001564	00007117	auipc	x2,0x7	  x2=0x80008560
        8465000	       845	80001568	f1110113	addi	x2,x2,-239	  x2:0x80008560  x2=0x80008471
        8475000	       846	8000156c	d5712f03	lw	x30,-681(x2)	  x2:0x80008471 x30=0x80818283 PA:0x800081c8
        8485000	       847	80001570	d5711a03	lh	x20,-681(x2)	  x2:0x80008471 x20=0xffff8283 PA:0x800081c8
        8495000	       848	80001574	d5712b03	lw	x22,-681(x2)	  x2:0x80008471 x22=0x80818283 PA:0x800081c8
        8505000	       849	80001578	d5710803	lb	x16,-681(x2)	  x2:0x80008471 x16=0xffffff83 PA:0x800081c8
        8515000	       850	8000157c	d5714a03	lbu	x20,-681(x2)	  x2:0x80008471 x20=0x00000083 PA:0x800081c8
        8525000	       851	80001580	d5714183	lbu	x3,-681(x2)	  x2:0x80008471  x3=0x00000083 PA:0x800081c8
        8535000	       852	80001584	d5710603	lb	x12,-681(x2)	  x2:0x80008471 x12=0xffffff83 PA:0x800081c8
        8545000	       853	80001588	ebc10003	lb	x0,-324(x2)	  x2:0x80008471 PA:0x8000832d
        8555000	       854	8000158c	ea410e23	sb	x4,-324(x2)	  x2:0x80008471  x4:0x80009f44 PA:0x8000832d
        8565000	       855	80001590	ebc10283	lb	x5,-324(x2)	  x2:0x80008471  x5=0x00000044 PA:0x8000832d
        8575000	       856	80001594	ea414503	lbu	x10,-348(x2)	  x2:0x80008471 x10=0x000000ce PA:0x80008315
        8585000	       857	80001598	ea910223	sb	x9,-348(x2)	  x2:0x80008471  x9:0x80009fc4 PA:0x80008315
        8595000	       858	8000159c	ea410803	lb	x16,-348(x2)	  x2:0x80008471 x16=0xffffffc4 PA:0x80008315
        8605000	       859	800015a0	ea414183	lbu	x3,-348(x2)	  x2:0x80008471  x3=0x000000c4 PA:0x80008315
        8615000	       860	800015a4	ea410b03	lb	x22,-348(x2)	  x2:0x80008471 x22=0xffffffc4 PA:0x80008315
        8625000	       861	800015a8	ea410903	lb	x18,-348(x2)	  x2:0x80008471 x18=0xffffffc4 PA:0x80008315
        8635000	       862	800015ac	ea410083	lb	x1,-348(x2)	  x2:0x80008471  x1=0xffffffc4 PA:0x80008315
        8645000	       863	800015b0	f0311997	auipc	x19,0xf0311	 x19=0x703125ac
        8655000	       864	800015b4	ea414a03	lbu	x20,-348(x2)	  x2:0x80008471 x20=0x000000c4 PA:0x80008315
        8665000	       865	800015b8	ea414883	lbu	x17,-348(x2)	  x2:0x80008471 x17=0x000000c4 PA:0x80008315
        8675000	       866	800015bc	00008297	auipc	x5,0x8	  x5=0x800095b8
        8685000	       867	800015c0	95c28293	addi	x5,x5,-1700	  x5:0x800095b8  x5=0x80008f14
        8695000	       868	800015c4	00007b17	auipc	x22,0x7	 x22=0x800085c0
        8705000	       869	800015c8	50ab0b13	addi	x22,x22,1290	 x22:0x800085c0 x22=0x80008aca
        8715000	       870	800015cc	00007f17	auipc	x30,0x7	 x30=0x800085c8
        8725000	       871	800015d0	26af0f13	addi	x30,x30,618	 x30:0x800085c8 x30=0x80008832
        8735000	       872	800015d4	007f1823	sh	x7,16(x30)	 x30:0x80008832  x7:0x0000023e PA:0x80008842
        8745000	       873	800015d8	fef2a823	sw	x15,-16(x5)	  x5:0x80008f14 x15:0x0f72e4d0 PA:0x80008f04
        8755000	       874	800015dc	00007917	auipc	x18,0x7	 x18=0x800085d8
        8765000	       875	800015e0	70490913	addi	x18,x18,1796	 x18:0x800085d8 x18=0x80008cdc
        8775000	       876	800015e4	f7db4c83	lbu	x25,-131(x22)	 x22:0x80008aca x25=0x0000002c PA:0x80008a47
        8785000	       877	800015e8	fc794003	lbu	x0,-57(x18)	 x18:0x80008cdc PA:0x80008ca3
        8795000	       878	800015ec	0bfb4883	lbu	x17,191(x22)	 x22:0x80008aca x17=0x00000072 PA:0x80008b89
        8805000	       879	800015f0	fe728ca3	sb	x7,-7(x5)	  x5:0x80008f14  x7:0x0000023e PA:0x80008f0d
        8815000	       880	800015f4	00f28823	sb	x15,16(x5)	  x5:0x80008f14 x15:0x0f72e4d0 PA:0x80008f24
        8825000	       881	800015f8	ff0f0fa3	sb	x16,-1(x30)	 x30:0x80008832 x16:0xffffffc4 PA:0x80008831
        8835000	       882	800015fc	fffb4403	lbu	x8,-1(x22)	 x22:0x80008aca  x8=0x000000b2 PA:0x80008ac9
        8845000	       883	80001600	f2eb4383	lbu	x7,-210(x22)	 x22:0x80008aca  x7=0x000000e3 PA:0x800089f8
        8855000	       884	80001604	03af2883	lw	x17,58(x30)	 x30:0x80008832 x17=0x54555657 PA:0x8000886c
        8865000	       885	80001608	ff62d683	lhu	x13,-10(x5)	  x5:0x80008f14 x13=0x0000f0f1 PA:0x80008f0a
        8875000	       886	8000160c	0a5b0623	sb	x5,172(x22)	 x22:0x80008aca  x5:0x80008f14 PA:0x80008b76
        8885000	       887	80001610	ff22cc03	lbu	x24,-14(x5)	  x5:0x80008f14 x24=0x00000072 PA:0x80008f06
        8895000	       888	80001614	ffef5e83	lhu	x29,-2(x30)	 x30:0x80008832 x29=0x0000c41b PA:0x80008830
        8905000	       889	80001618	02b94c03	lbu	x24,43(x18)	 x18:0x80008cdc x24=0x000000ec PA:0x80008d07
        8915000	       890	8000161c	00bf1723	sh	x11,14(x30)	 x30:0x80008832 x11:0x00000012 PA:0x80008840
        8925000	       891	80001620	fe094383	lbu	x7,-32(x18)	 x18:0x80008cdc  x7=0x000000a7 PA:0x80008cbc
        8935000	       892	80001624	f9bb0503	lb	x10,-101(x22)	 x22:0x80008aca x10=0x0000004e PA:0x80008a65
        8945000	       893	80001628	03190a83	lb	x21,49(x18)	 x18:0x80008cdc x21=0xfffffff6 PA:0x80008d0d
        8955000	       894	8000162c	02af06a3	sb	x10,45(x30)	 x30:0x80008832 x10:0x0000004e PA:0x8000885f
        8965000	       895	80001630	025f08a3	sb	x5,49(x30)	 x30:0x80008832  x5:0x80008f14 PA:0x80008863
        8975000	       896	80001634	024b4703	lbu	x14,36(x22)	 x22:0x80008aca x14=0x000000d5 PA:0x80008aee
        8985000	       897	80001638	f39b4c83	lbu	x25,-199(x22)	 x22:0x80008aca x25=0x000000e8 PA:0x80008a03
        8995000	       898	8000163c	fc590d23	sb	x5,-38(x18)	 x18:0x80008cdc  x5:0x80008f14 PA:0x80008cb6
        9005000	       899	80001640	004f0c03	lb	x24,4(x30)	 x30:0x80008832 x24=0x0000001d PA:0x80008836
        9015000	       900	80001644	ff794783	lbu	x15,-9(x18)	 x18:0x80008cdc x15=0x0000008c PA:0x80008cd3
        9025000	       901	80001648	f9eb1503	lh	x10,-98(x22)	 x22:0x80008aca x10=0x00005253 PA:0x80008a68
        9035000	       902	8000164c	fe8f1583	lh	x11,-24(x30)	 x30:0x80008832 x11=0x00000001 PA:0x8000881a
        9045000	       903	80001650	e4295937	lui	x18,0xe4295	 x18=0xe4295000
        9055000	       904	80001654	00e85b93	srli	x23,x16,0xe	 x16:0xffffffc4 x23=0x0003ffff
        9065000	       905	80001658	62d67ab7	lui	x21,0x62d67	 x21=0x62d67000
        9075000	       906	8000165c	0277f663	bgeu	x15,x7,80001688	 x15:0x0000008c  x7:0x000000a7
        9085000	       907	80001660	cb838593	addi	x11,x7,-840	  x7:0x000000a7 x11=0xfffffd5f
        9095000	       908	80001664	01075133	srl	x2,x14,x16	 x14:0x000000d5 x16:0xffffffc4  x2=0x0000000d
        9105000	       909	80001668	d993e0b7	lui	x1,0xd993e	  x1=0xd993e000
        9115000	       910	8000166c	00bb5613	srli	x12,x22,0xb	 x22:0x80008aca x12=0x00100011
        9125000	       911	80001670	49fa0a13	addi	x20,x20,1183	 x20:0x000000c4 x20=0x00000563
        9135000	       912	80001674	53a28093	addi	x1,x5,1338	  x5:0x80008f14  x1=0x8000944e
        9145000	       913	80001678	04ad7863	bgeu	x26,x10,800016c8	 x26:0x00000060 x10:0x00005253
        9155000	       914	8000167c	a1615fb7	lui	x31,0xa1615	 x31=0xa1615000
        9165000	       915	80001680	00945663	bge	x8,x9,8000168c	  x8:0x000000b2  x9:0x80009fc4
        9175000	       916	00000000	00000013	addi	x0,x0,0	  x0:0x00000000
        9185000	       917	80001688	00000013	addi	x0,x0,0	  x0:0x00000000
        9195000	       918	8000168c	04bcf263	bgeu	x25,x11,800016d0	 x25:0x000000e8 x11:0xfffffd5f
        9205000	       919	80001690	410c0133	sub	x2,x24,x16	 x24:0x0000001d x16:0xffffffc4  x2=0x00000059
        9215000	       920	80001694	016e7db3	and	x27,x28,x22	 x28:0xf4d9112c x22:0x80008aca x27=0x80000008
        9225000	       921	80001698	00000013	addi	x0,x0,0	  x0:0x00000000
        9235000	       922	8000169c	012c2b33	slt	x22,x24,x18	 x24:0x0000001d x18:0xe4295000 x22=0x00000000
        9245000	       923	800016a0	00967863	bgeu	x12,x9,800016b0	 x12:0x00100011  x9:0x80009fc4
        9255000	       924	800016a4	c0a9b413	sltiu	x8,x19,-1014	 x19:0x703125ac  x8=0x00000001
        9265000	       925	800016a8	41328bb3	sub	x23,x5,x19	  x5:0x80008f14 x19:0x703125ac x23=0x0fcf6968
        9275000	       926	800016ac	00663433	sltu	x8,x12,x6	 x12:0x00100011  x6:0x00000086  x8=0x00000000
        9285000	       927	800016b0	408f8db3	sub	x27,x31,x8	 x31:0xa1615000  x8:0x00000000 x27=0xa1615000
        9295000	       928	800016b4	01461ab3	sll	x21,x12,x20	 x12:0x00100011 x20:0x00000563 x21=0x00800088
        9305000	       929	800016b8	00756b33	or	x22,x10,x7	 x10:0x00005253  x7:0x000000a7 x22=0x000052f7
        9315000	       930	800016bc	01813cb3	sltu	x25,x2,x24	  x2:0x00000059 x24:0x0000001d x25=0x00000000
        9325000	       931	800016c0	3dd12393	slti	x7,x2,989	  x2:0x00000059  x7=0x00000001
        9335000	       932	800016c4	0051b3b3	sltu	x7,x3,x5	  x3:0x000000c4  x5:0x80008f14  x7=0x00000001
        9345000	       933	800016c8	008ffc33	and	x24,x31,x8	 x31:0xa1615000  x8:0x00000000 x24=0x00000000
        9355000	       934	800016cc	00671a33	sll	x20,x14,x6	 x14:0x000000d5  x6:0x00000086 x20=0x00003540
        9365000	       935	800016d0	ceb192b7	lui	x5,0xceb19	  x5=0xceb19000
        9375000	       936	800016d4	0115bfb3	sltu	x31,x11,x17	 x11:0xfffffd5f x17:0x54555657 x31=0x00000000
        9385000	       937	800016d8	005110b3	sll	x1,x2,x5	  x2:0x00000059  x5:0xceb19000  x1=0x00000059
        9395000	       938	800016dc	99a42913	slti	x18,x8,-1638	  x8:0x00000000 x18=0x00000000
        9405000	       939	800016e0	2d5c2393	slti	x7,x24,725	 x24:0x00000000  x7=0x00000001
        9415000	       940	800016e4	d2066b13	ori	x22,x12,-736	 x12:0x00100011 x22=0xfffffd31
        9425000	       941	800016e8	01c09413	slli	x8,x1,0x1c	  x1:0x00000059  x8=0x90000000
        9435000	       942	800016ec	0e441663	bne	x8,x4,800017d8	  x8:0x90000000  x4:0x80009f44
        9445000	       943	00000000	00000013	addi	x0,x0,0	  x0:0x00000000
        9455000	       944	800017d4	00000013	addi	x0,x0,0	  x0:0x00000000
        9465000	       945	800017d8	419d0433	sub	x8,x26,x25	 x26:0x00000060 x25:0x00000000  x8=0x00000060
        9475000	       946	800017dc	ddb9ef93	ori	x31,x19,-549	 x19:0x703125ac x31=0xfffffdff
        9485000	       947	800017e0	00b79013	slli	x0,x15,0xb	 x15:0x0000008c
        9495000	       948	800017e4	012a2433	slt	x8,x20,x18	 x20:0x00003540 x18:0x00000000  x8=0x00000000
        9505000	       949	800017e8	403d55b3	sra	x11,x26,x3	 x26:0x00000060  x3:0x000000c4 x11=0x00000006
        9515000	       950	800017ec	9311ab93	slti	x23,x3,-1743	  x3:0x000000c4 x23=0x00000000
        9525000	       951	800017f0	01646863	bltu	x8,x22,80001800	  x8:0x00000000 x22:0xfffffd31
        9535000	       952	00000000	00000013	addi	x0,x0,0	  x0:0x00000000
        9545000	       953	800017fc	00000013	addi	x0,x0,0	  x0:0x00000000
        9555000	       954	80001800	00827f33	and	x30,x4,x8	  x4:0x80009f44  x8:0x00000000 x30=0x00000000
        9565000	       955	80001804	03ee8e63	beq	x29,x30,80001840	 x29:0x0000c41b x30:0x00000000
        9575000	       956	80001808	005627b3	slt	x15,x12,x5	 x12:0x00100011  x5:0xceb19000 x15=0x00000000
        9585000	       957	8000180c	04fe5063	bge	x28,x15,8000184c	 x28:0xf4d9112c x15:0x00000000
        9595000	       958	80001810	01628033	add	x0,x5,x22	  x5:0xceb19000 x22:0xfffffd31
        9605000	       959	80001814	2461ca93	xori	x21,x3,582	  x3:0x000000c4 x21=0x00000282
        9615000	       960	80001818	fc1f6993	ori	x19,x30,-63	 x30:0x00000000 x19=0xffffffc1
        9625000	       961	8000181c	02ca6c63	bltu	x20,x12,80001854	 x20:0x00003540 x12:0x00100011
        9635000	       962	00000000	00000013	addi	x0,x0,0	  x0:0x00000000
        9645000	       963	80001850	00000013	addi	x0,x0,0	  x0:0x00000000
        9655000	       964	80001854	41e60a33	sub	x20,x12,x30	 x12:0x00100011 x30:0x00000000 x20=0x00100011
        9665000	       965	80001858	054e7263	bgeu	x28,x20,8000189c	 x28:0xf4d9112c x20:0x00100011
        9675000	       966	00000000	00000013	addi	x0,x0,0	  x0:0x00000000
        9685000	       967	80001898	00000013	addi	x0,x0,0	  x0:0x00000000
        9695000	       968	8000189c	00c08c33	add	x24,x1,x12	  x1:0x00000059 x12:0x00100011 x24=0x0010006a
        9705000	       969	800018a0	2a0a6f93	ori	x31,x20,672	 x20:0x00100011 x31=0x001002b1
        9715000	       970	800018a4	00622a33	slt	x20,x4,x6	  x4:0x80009f44  x6:0x00000086 x20=0x00000001
        9725000	       971	800018a8	00a95a13	srli	x20,x18,0xa	 x18:0x00000000 x20=0x00000000
        9735000	       972	800018ac	00000013	addi	x0,x0,0	  x0:0x00000000
        9745000	       973	800018b0	01a87e63	bgeu	x16,x26,800018cc	 x16:0xffffffc4 x26:0x00000060
        9755000	       974	00000000	00000013	addi	x0,x0,0	  x0:0x00000000
        9765000	       975	800018c8	00000013	addi	x0,x0,0	  x0:0x00000000
        9775000	       976	800018cc	00e140b3	xor	x1,x2,x14	  x2:0x00000059 x14:0x000000d5  x1=0x0000008c
        9785000	       977	800018d0	01500133	add	x2,x0,x21	  x0:0x00000000 x21:0x00000282  x2=0x00000282
        9795000	       978	800018d4	846fac93	slti	x25,x31,-1978	 x31:0x001002b1 x25=0x00000000
        9805000	       979	800018d8	177b9017	auipc	x0,0x177b9	
        9815000	       980	800018dc	00071e63	bne	x14,x0,800018f8	 x14:0x000000d5  x0:0x00000000
        9825000	       981	00000000	00000013	addi	x0,x0,0	  x0:0x00000000
        9835000	       982	800018f4	00000013	addi	x0,x0,0	  x0:0x00000000
        9845000	       983	800018f8	40f0db13	srai	x22,x1,0xf	  x1:0x0000008c x22=0x00000000
        9855000	       984	800018fc	0106a833	slt	x16,x13,x16	 x13:0x0000f0f1 x16:0xffffffc4 x16=0x00000000
        9865000	       985	80001900	96570f93	addi	x31,x14,-1691	 x14:0x000000d5 x31=0xfffffa3a
        9875000	       986	80001904	00815eb3	srl	x29,x2,x8	  x2:0x00000282  x8:0x00000000 x29=0x00000282
        9885000	       987	80001908	016d5eb3	srl	x29,x26,x22	 x26:0x00000060 x22:0x00000000 x29=0x00000060
        9895000	       988	8000190c	0025ce63	blt	x11,x2,80001928	 x11:0x00000006  x2:0x00000282
        9905000	       989	00000000	00000013	addi	x0,x0,0	  x0:0x00000000
        9915000	       990	80001924	00000013	addi	x0,x0,0	  x0:0x00000000
        9925000	       991	80001928	fc818513	addi	x10,x3,-56	  x3:0x000000c4 x10=0x0000008c
        9935000	       992	8000192c	1ba2f093	andi	x1,x5,442	  x5:0xceb19000  x1=0x00000000
        9945000	       993	80001930	eece4613	xori	x12,x28,-276	 x28:0xf4d9112c x12=0x0b26efc0
        9955000	       994	80001934	d308e717	auipc	x14,0xd308e	 x14=0x5308f930
        9965000	       995	80001938	40c98eb3	sub	x29,x19,x12	 x19:0xffffffc1 x12:0x0b26efc0 x29=0xf4d91001
        9975000	       996	8000193c	0264f863	bgeu	x9,x6,8000196c	  x9:0x80009fc4  x6:0x00000086
        9985000	       997	00000000	00000013	addi	x0,x0,0	  x0:0x00000000
        9995000	       998	80001968	00000013	addi	x0,x0,0	  x0:0x00000000
       10005000	       999	8000196c	011cacb3	slt	x25,x25,x17	 x25:0x00000000 x17:0x54555657 x25=0x00000001
       10015000	      1000	80001970	00c61333	sll	x6,x12,x12	 x12:0x0b26efc0 x12:0x0b26efc0  x6=0x0b26efc0
       10025000	      1001	80001974	3a8b0993	addi	x19,x22,936	 x22:0x00000000 x19=0x000003a8
       10035000	      1002	80001978	40f6dbb3	sra	x23,x13,x15	 x13:0x0000f0f1 x15:0x00000000 x23=0x0000f0f1
       10045000	      1003	8000197c	3fd83817	auipc	x16,0x3fd83	 x16=0xbfd84978
       10055000	      1004	80001980	450c6b13	ori	x22,x24,1104	 x24:0x0010006a x22=0x0010047a
       10065000	      1005	80001984	00b71a93	slli	x21,x14,0xb	 x14:0x5308f930 x21=0x47c98000
       10075000	      1006	80001988	00c0fcb3	and	x25,x1,x12	  x1:0x00000000 x12:0x0b26efc0 x25=0x00000000
       10085000	      1007	8000198c	ff55b913	sltiu	x18,x11,-11	 x11:0x00000006 x18=0x00000001
       10095000	      1008	80001990	87772717	auipc	x14,0x87772	 x14=0x0777398c
       10105000	      1009	80001994	00f25a63	bge	x4,x15,800019a8	  x4:0x80009f44 x15:0x00000000
       10115000	      1010	80001998	007b43b3	xor	x7,x22,x7	 x22:0x0010047a  x7:0x00000001  x7=0x0010047b
       10125000	      1011	8000199c	00011c13	slli	x24,x2,0x0	  x2:0x00000282 x24=0x00000282
       10135000	      1012	800019a0	00966e63	bltu	x12,x9,800019bc	 x12:0x0b26efc0  x9:0x80009fc4
       10145000	      1013	00000000	00000013	addi	x0,x0,0	  x0:0x00000000
       10155000	      1014	800019b8	00000013	addi	x0,x0,0	  x0:0x00000000
       10165000	      1015	800019bc	02384e63	blt	x16,x3,800019f8	 x16:0xbfd84978  x3:0x000000c4
       10175000	      1016	00000000	00000013	addi	x0,x0,0	  x0:0x00000000
       10185000	      1017	800019f4	00000013	addi	x0,x0,0	  x0:0x00000000
       10195000	      1018	800019f8	00868333	add	x6,x13,x8	 x13:0x0000f0f1  x8:0x00000000  x6=0x0000f0f1
       10205000	      1019	800019fc	01812033	slt	x0,x2,x24	  x2:0x00000282 x24:0x00000282
       10215000	      1020	80001a00	02261263	bne	x12,x2,80001a24	 x12:0x0b26efc0  x2:0x00000282
       10225000	      1021	00000000	00000013	addi	x0,x0,0	  x0:0x00000000
       10235000	      1022	80001a20	00000013	addi	x0,x0,0	  x0:0x00000000
       10245000	      1023	80001a24	003a5263	bge	x20,x3,80001a28	 x20:0x00000000  x3:0x000000c4
       10255000	      1024	80001a28	04bd9063	bne	x27,x11,80001a68	 x27:0xa1615000 x11:0x00000006
       10265000	      1025	00000000	00000013	addi	x0,x0,0	  x0:0x00000000
       10275000	      1026	80001a64	00000013	addi	x0,x0,0	  x0:0x00000000
       10285000	      1027	80001a68	00611863	bne	x2,x6,80001a78	  x2:0x00000282  x6:0x0000f0f1
       10295000	      1028	00000000	00000013	addi	x0,x0,0	  x0:0x00000000
       10305000	      1029	80001a74	00000013	addi	x0,x0,0	  x0:0x00000000
       10315000	      1030	80001a78	ea85b293	sltiu	x5,x11,-344	 x11:0x00000006  x5=0x00000001
       10325000	      1031	80001a7c	0172e863	bltu	x5,x23,80001a8c	  x5:0x00000001 x23:0x0000f0f1
       10335000	      1032	00000000	00000013	addi	x0,x0,0	  x0:0x00000000
       10345000	      1033	80001a88	00000013	addi	x0,x0,0	  x0:0x00000000
       10355000	      1034	80001a8c	011a0db3	add	x27,x20,x17	 x20:0x00000000 x17:0x54555657 x27=0x54555657
       10365000	      1035	80001a90	00000013	addi	x0,x0,0	  x0:0x00000000
       10375000	      1036	80001a94	01bffcb3	and	x25,x31,x27	 x31:0xfffffa3a x27:0x54555657 x25=0x54555212
       10385000	      1037	80001a98	01f12533	slt	x10,x2,x31	  x2:0x00000282 x31:0xfffffa3a x10=0x00000000
       10395000	      1038	80001a9c	003b0ab3	add	x21,x22,x3	 x22:0x0010047a  x3:0x000000c4 x21=0x0010053e
       10405000	      1039	80001aa0	00c54933	xor	x18,x10,x12	 x10:0x00000000 x12:0x0b26efc0 x18=0x0b26efc0
       10415000	      1040	80001aa4	019892b3	sll	x5,x17,x25	 x17:0x54555657 x25:0x54555212  x5=0x595c0000
       10425000	      1041	80001aa8	0108c033	xor	x0,x17,x16	 x17:0x54555657 x16:0xbfd84978
       10435000	      1042	80001aac	03cfe413	ori	x8,x31,60	 x31:0xfffffa3a  x8=0xfffffa3e
       10445000	      1043	80001ab0	00000013	addi	x0,x0,0	  x0:0x00000000
       10455000	      1044	80001ab4	00d5d713	srli	x14,x11,0xd	 x11:0x00000006 x14=0x00000000
       10465000	      1045	80001ab8	010aa533	slt	x10,x21,x16	 x21:0x0010053e x16:0xbfd84978 x10=0x00000000
       10475000	      1046	80001abc	051a1663	bne	x20,x17,80001b08	 x20:0x00000000 x17:0x54555657
       10485000	      1047	00000000	00000013	addi	x0,x0,0	  x0:0x00000000
       10495000	      1048	80001b04	00000013	addi	x0,x0,0	  x0:0x00000000
       10505000	      1049	80001b08	04530263	beq	x6,x5,80001b4c	  x6:0x0000f0f1  x5:0x595c0000
       10515000	      1050	80001b0c	010297b3	sll	x15,x5,x16	  x5:0x595c0000 x16:0xbfd84978 x15=0x00000000
       10525000	      1051	80001b10	00000013	addi	x0,x0,0	  x0:0x00000000
       10535000	      1052	80001b14	33095317	auipc	x6,0x33095	  x6=0xb3096b10
       10545000	      1053	80001b18	05ae5863	bge	x28,x26,80001b68	 x28:0xf4d9112c x26:0x00000060
       10555000	      1054	80001b1c	00728b33	add	x22,x5,x7	  x5:0x595c0000  x7:0x0010047b x22=0x596c047b
       10565000	      1055	80001b20	00000013	addi	x0,x0,0	  x0:0x00000000
       10575000	      1056	80001b24	005567b3	or	x15,x10,x5	 x10:0x00000000  x5:0x595c0000 x15=0x595c0000
       10585000	      1057	80001b28	002a7eb3	and	x29,x20,x2	 x20:0x00000000  x2:0x00000282 x29=0x00000000
       10595000	      1058	80001b2c	40e6d033	sra	x0,x13,x14	 x13:0x0000f0f1 x14:0x00000000
       10605000	      1059	80001b30	0542e663	bltu	x5,x20,80001b7c	  x5:0x595c0000 x20:0x00000000
       10615000	      1060	80001b34	01f7a2b3	slt	x5,x15,x31	 x15:0x595c0000 x31:0xfffffa3a  x5=0x00000000
       10625000	      1061	80001b38	050ee463	bltu	x29,x16,80001b80	 x29:0x00000000 x16:0xbfd84978
       10635000	      1062	00000000	00000013	addi	x0,x0,0	  x0:0x00000000
       10645000	      1063	80001b7c	00000013	addi	x0,x0,0	  x0:0x00000000
       10655000	      1064	80001b80	482f3a37	lui	x20,0x482f3	 x20=0x482f3000
       10665000	      1065	80001b84	01b8b2b3	sltu	x5,x17,x27	 x17:0x54555657 x27:0x54555657  x5=0x00000000
       10675000	      1066	80001b88	01b57463	bgeu	x10,x27,80001b90	 x10:0x00000000 x27:0x54555657
       10685000	      1067	80001b8c	01640b33	add	x22,x8,x22	  x8:0xfffffa3e x22:0x596c047b x22=0x596bfeb9
       10695000	      1068	80001b90	03461ab7	lui	x21,0x3461	 x21=0x03461000
       10705000	      1069	80001b94	0021f9b3	and	x19,x3,x2	  x3:0x000000c4  x2:0x00000282 x19=0x00000080
       10715000	      1070	80001b98	be4f7993	andi	x19,x30,-1052	 x30:0x00000000 x19=0x00000000
       10725000	      1071	80001b9c	6ca36c13	ori	x24,x6,1738	  x6:0xb3096b10 x24=0xb3096fda
       10735000	      1072	80001ba0	5160b837	lui	x16,0x5160b	 x16=0x5160b000
       10745000	      1073	80001ba4	0095d293	srli	x5,x11,0x9	 x11:0x00000006  x5=0x00000000
       10755000	      1074	80001ba8	40935eb3	sra	x29,x6,x9	  x6:0xb3096b10  x9:0x80009fc4 x29=0xfb3096b1
       10765000	      1075	80001bac	018c9a93	slli	x21,x25,0x18	 x25:0x54555212 x21=0x12000000
       10775000	      1076	80001bb0	00006b97	auipc	x23,0x6	 x23=0x80007bac
       10785000	      1077	80001bb4	5aab8b93	addi	x23,x23,1450	 x23:0x80007bac x23=0x80008156
       10795000	      1078	80001bb8	00007c17	auipc	x24,0x7	 x24=0x80008bb4
       10805000	      1079	80001bbc	976c0c13	addi	x24,x24,-1674	 x24:0x80008bb4 x24=0x8000852a
       10815000	      1080	80001bc0	00006317	auipc	x6,0x6	  x6=0x80007bbc
       10825000	      1081	80001bc4	5b230313	addi	x6,x6,1458	  x6:0x80007bbc  x6=0x8000816e
       10835000	      1082	80001bc8	01bb8003	lb	x0,27(x23)	 x23:0x80008156 PA:0x80008171
       10845000	      1083	80001bcc	024b9023	sh	x4,32(x23)	 x23:0x80008156  x4:0x80009f44 PA:0x80008176
       10855000	      1084	80001bd0	004c0d83	lb	x27,4(x24)	 x24:0x8000852a x27=0xffffffe5 PA:0x8000852e
       10865000	      1085	80001bd4	ffc34783	lbu	x15,-4(x6)	  x6:0x8000816e x15=0x00000021 PA:0x8000816a
       10875000	      1086	80001bd8	ff3c4a83	lbu	x21,-13(x24)	 x24:0x8000852a x21=0x000000d6 PA:0x8000851d
       10885000	      1087	80001bdc	ffbc1823	sh	x27,-16(x24)	 x24:0x8000852a x27:0xffffffe5 PA:0x8000851a
       10895000	      1088	80001be0	02cb8da3	sb	x12,59(x23)	 x23:0x80008156 x12:0x0b26efc0 PA:0x80008191
       10905000	      1089	80001be4	00007097	auipc	x1,0x7	  x1=0x80008be0
       10915000	      1090	80001be8	92908093	addi	x1,x1,-1751	  x1:0x80008be0  x1=0x80008509
       10925000	      1091	80001bec	005c01a3	sb	x5,3(x24)	 x24:0x8000852a  x5:0x00000000 PA:0x8000852d
       10935000	      1092	80001bf0	59230683	lb	x13,1426(x6)	  x6:0x8000816e x13=0xffffffbb PA:0x80008700
       10945000	      1093	80001bf4	017b8323	sb	x23,6(x23)	 x23:0x80008156 x23:0x80008156 PA:0x8000815c
       10955000	      1094	80001bf8	22930d83	lb	x27,553(x6)	  x6:0x8000816e x27=0x0000004a PA:0x80008397
       10965000	      1095	80001bfc	27234403	lbu	x8,626(x6)	  x6:0x8000816e  x8=0x0000009b PA:0x800083e0
       10975000	      1096	80001c00	003bc703	lbu	x14,3(x23)	 x23:0x80008156 x14=0x00000012 PA:0x80008159
       10985000	      1097	80001c04	ffe08003	lb	x0,-2(x1)	  x1:0x80008509 PA:0x80008507
       10995000	      1098	80001c08	ff0c1823	sh	x16,-16(x24)	 x24:0x8000852a x16:0x5160b000 PA:0x8000851a
       11005000	      1099	80001c0c	ff9c0583	lb	x11,-7(x24)	 x24:0x8000852a x11=0xffffffd8 PA:0x80008523
       11015000	      1100	80001c10	ff10d383	lhu	x7,-15(x1)	  x1:0x80008509  x7=0x0000b0b1 PA:0x800084fa
       11025000	      1101	80001c14	f6530d83	lb	x27,-155(x6)	  x6:0x8000816e x27=0xffffff88 PA:0x800080d3
       11035000	      1102	80001c18	00f0c283	lbu	x5,15(x1)	  x1:0x80008509  x5=0x000000d3 PA:0x80008518
       11045000	      1103	80001c1c	02db8aa3	sb	x13,53(x23)	 x23:0x80008156 x13:0xffffffbb PA:0x8000818b
       11055000	      1104	80001c20	ff0c5283	lhu	x5,-16(x24)	 x24:0x8000852a  x5=0x0000b000 PA:0x8000851a
       11065000	      1105	80001c24	fd7bca03	lbu	x20,-41(x23)	 x23:0x80008156 x20=0x000000e6 PA:0x8000812d
       11075000	      1106	80001c28	00608883	lb	x17,6(x1)	  x1:0x80008509 x17=0xffffffc4 PA:0x8000850f
       11085000	      1107	80001c2c	29934a83	lbu	x21,665(x6)	  x6:0x8000816e x21=0x000000bc PA:0x80008407
       11095000	      1108	80001c30	010c04a3	sb	x16,9(x24)	 x24:0x8000852a x16:0x5160b000 PA:0x80008533
       11105000	      1109	80001c34	ff008b03	lb	x22,-16(x1)	  x1:0x80008509 x22=0xffffffb2 PA:0x800084f9
       11115000	      1110	80001c38	fdaba903	lw	x18,-38(x23)	 x23:0x80008156 x18=0xe8e9eaeb PA:0x80008130
       11125000	      1111	80001c3c	00dc0023	sb	x13,0(x24)	 x24:0x8000852a x13:0xffffffbb PA:0x8000852a
       11135000	      1112	80001c40	ff808603	lb	x12,-8(x1)	  x1:0x80008509 x12=0xffffffba PA:0x80008501
       11145000	      1113	80001c44	001c00a3	sb	x1,1(x24)	 x24:0x8000852a  x1:0x80008509 PA:0x8000852b
       11155000	      1114	80001c48	015bcc83	lbu	x25,21(x23)	 x23:0x80008156 x25=0x00000020 PA:0x8000816b
       11165000	      1115	80001c4c	1ff32f23	sw	x31,510(x6)	  x6:0x8000816e x31:0xfffffa3a PA:0x8000836c
       11175000	      1116	80001c50	d7012c93	slti	x25,x2,-656	  x2:0x00000282 x25=0x00000000
       11185000	      1117	80001c54	0547e063	bltu	x15,x20,80001c94	 x15:0x00000021 x20:0x000000e6
       11195000	      1118	00000000	00000013	addi	x0,x0,0	  x0:0x00000000
       11205000	      1119	80001c90	00000013	addi	x0,x0,0	  x0:0x00000000
       11215000	      1120	80001c94	0037eeb3	or	x29,x15,x3	 x15:0x00000021  x3:0x000000c4 x29=0x000000e5
       11225000	      1121	80001c98	6dabc613	xori	x12,x23,1754	 x23:0x80008156 x12=0x8000878c
       11235000	      1122	80001c9c	4005df33	sra	x30,x11,x0	 x11:0xffffffd8  x0:0x00000000 x30=0xffffffd8
       11245000	      1123	80001ca0	00cacab3	xor	x21,x21,x12	 x21:0x000000bc x12:0x8000878c x21=0x80008730
       11255000	      1124	80001ca4	414c0c93	addi	x25,x24,1044	 x24:0x8000852a x25=0x8000893e
       11265000	      1125	80001ca8	41c35033	sra	x0,x6,x28	  x6:0x8000816e x28:0xf4d9112c
       11275000	      1126	80001cac	0030c733	xor	x14,x1,x3	  x1:0x80008509  x3:0x000000c4 x14=0x800085cd
       11285000	      1127	80001cb0	408bdb93	srai	x23,x23,0x8	 x23:0x80008156 x23=0xff800081
       11295000	      1128	80001cb4	00014263	blt	x2,x0,80001cb8	  x2:0x00000282  x0:0x00000000
       11305000	      1129	80001cb8	0467c863	blt	x15,x6,80001d08	 x15:0x00000021  x6:0x8000816e
       11315000	      1130	80001cbc	00516033	or	x0,x2,x5	  x2:0x00000282  x5:0x0000b000
       11325000	      1131	80001cc0	0060cab3	xor	x21,x1,x6	  x1:0x80008509  x6:0x8000816e x21=0x00000467
       11335000	      1132	80001cc4	02216c63	bltu	x2,x2,80001cfc	  x2:0x00000282  x2:0x00000282
       11345000	      1133	80001cc8	01e643b3	xor	x7,x12,x30	 x12:0x8000878c x30:0xffffffd8  x7=0x7fff7854
       11355000	      1134	80001ccc	24f9cd13	xori	x26,x19,591	 x19:0x00000000 x26=0x0000024f
       11365000	      1135	80001cd0	002e39b3	sltu	x19,x28,x2	 x28:0xf4d9112c  x2:0x00000282 x19=0x00000000
       11375000	      1136	80001cd4	419ada33	sra	x20,x21,x25	 x21:0x00000467 x25:0x8000893e x20=0x00000000
       11385000	      1137	80001cd8	01c69bb3	sll	x23,x13,x28	 x13:0xffffffbb x28:0xf4d9112c x23=0xfffbb000
       11395000	      1138	80001cdc	0106da13	srli	x20,x13,0x10	 x13:0xffffffbb x20=0x0000ffff
       11405000	      1139	80001ce0	00e72533	slt	x10,x14,x14	 x14:0x800085cd x14:0x800085cd x10=0x00000000
       11415000	      1140	80001ce4	005c35b3	sltu	x11,x24,x5	 x24:0x8000852a  x5:0x0000b000 x11=0x00000000
       11425000	      1141	80001ce8	00000013	addi	x0,x0,0	  x0:0x00000000
       11435000	      1142	80001cec	0429d663	bge	x19,x2,80001d38	 x19:0x00000000  x2:0x00000282
       11445000	      1143	80001cf0	00f99033	sll	x0,x19,x15	 x19:0x00000000 x15:0x00000021
       11455000	      1144	80001cf4	01cf7533	and	x10,x30,x28	 x30:0xffffffd8 x28:0xf4d9112c x10=0xf4d91108
       11465000	      1145	80001cf8	002e1fb3	sll	x31,x28,x2	 x28:0xf4d9112c  x2:0x00000282 x31=0xd36444b0
       11475000	      1146	80001cfc	05d67193	andi	x3,x12,93	 x12:0x8000878c  x3=0x0000000c
       11485000	      1147	80001d00	02237863	bgeu	x6,x2,80001d30	  x6:0x8000816e  x2:0x00000282
       11495000	      1148	00000000	00000013	addi	x0,x0,0	  x0:0x00000000
       11505000	      1149	80001d2c	00000013	addi	x0,x0,0	  x0:0x00000000
       11515000	      1150	80001d30	7b5d6f13	ori	x30,x26,1973	 x26:0x0000024f x30=0x000007ff
       11525000	      1151	80001d34	012ce633	or	x12,x25,x18	 x25:0x8000893e x18:0xe8e9eaeb x12=0xe8e9ebff
       11535000	      1152	80001d38	00abc133	xor	x2,x23,x10	 x23:0xfffbb000 x10:0xf4d91108  x2=0x0b22a108
       11545000	      1153	80001d3c	34abc093	xori	x1,x23,842	 x23:0xfffbb000  x1=0xfffbb34a
       11555000	      1154	80001d40	005edcb3	srl	x25,x29,x5	 x29:0x000000e5  x5:0x0000b000 x25=0x000000e5
       11565000	      1155	80001d44	3fc75b17	auipc	x22,0x3fc75	 x22=0xbfc76d40
       11575000	      1156	80001d48	01875013	srli	x0,x14,0x18	 x14:0x800085cd
       11585000	      1157	80001d4c	4049db93	srai	x23,x19,0x4	 x19:0x00000000 x23=0x00000000
       11595000	      1158	80001d50	113d2037	lui	x0,0x113d2	
       11605000	      1159	80001d54	24128293	addi	x5,x5,577	  x5:0x0000b000  x5=0x0000b241
       11615000	      1160	80001d58	00355a13	srli	x20,x10,0x3	 x10:0xf4d91108 x20=0x1e9b2221
       11625000	      1161	80001d5c	018bd613	srli	x12,x23,0x18	 x23:0x00000000 x12=0x00000000
       11635000	      1162	80001d60	b8df8593	addi	x11,x31,-1139	 x31:0xd36444b0 x11=0xd364403d
       11645000	      1163	80001d64	4143d193	srai	x3,x7,0x14	  x7:0x7fff7854  x3=0x000007ff
       11655000	      1164	80001d68	a51cb513	sltiu	x10,x25,-1455	 x25:0x000000e5 x10=0x00000001
       11665000	      1165	80001d6c	01a7da93	srli	x21,x15,0x1a	 x15:0x00000021 x21=0x00000000
       11675000	      1166	80001d70	01940733	add	x14,x8,x25	  x8:0x0000009b x25:0x000000e5 x14=0x00000180
       11685000	      1167	80001d74	a8bca193	slti	x3,x25,-1397	 x25:0x000000e5  x3=0x00000000
       11695000	      1168	80001d78	717e8b93	addi	x23,x29,1815	 x29:0x000000e5 x23=0x000007fc
       11705000	      1169	80001d7c	2cf7c513	xori	x10,x15,719	 x15:0x00000021 x10=0x000002ee
       11715000	      1170	80001d80	03686e63	bltu	x16,x22,80001dbc	 x16:0x5160b000 x22:0xbfc76d40
       11725000	      1171	00000000	00000013	addi	x0,x0,0	  x0:0x00000000
       11735000	      1172	80001db8	00000013	addi	x0,x0,0	  x0:0x00000000
       11745000	      1173	80001dbc	98d7f313	andi	x6,x15,-1651	 x15:0x00000021  x6=0x00000001
       11755000	      1174	80001dc0	01e7d013	srli	x0,x15,0x1e	 x15:0x00000021
       11765000	      1175	80001dc4	01fe3ab3	sltu	x21,x28,x31	 x28:0xf4d9112c x31:0xd36444b0 x21=0x00000000
       11775000	      1176	80001dc8	69b48413	addi	x8,x9,1691	  x9:0x80009fc4  x8=0x8000a65f
       11785000	      1177	80001dcc	c29c0f13	addi	x30,x24,-983	 x24:0x8000852a x30=0x80008153
       11795000	      1178	80001dd0	018fe6b3	or	x13,x31,x24	 x31:0xd36444b0 x24:0x8000852a x13=0xd364c5ba
       11805000	      1179	80001dd4	40998ab3	sub	x21,x19,x9	 x19:0x00000000  x9:0x80009fc4 x21=0x7fff603c
       11815000	      1180	80001dd8	00716633	or	x12,x2,x7	  x2:0x0b22a108  x7:0x7fff7854 x12=0x7ffff95c
       11825000	      1181	80001ddc	015497b3	sll	x15,x9,x21	  x9:0x80009fc4 x21:0x7fff603c x15=0x40000000
       11835000	      1182	80001de0	012a10b3	sll	x1,x20,x18	 x20:0x1e9b2221 x18:0xe8e9eaeb  x1=0xd9110800
       11845000	      1183	80001de4	00ea3933	sltu	x18,x20,x14	 x20:0x1e9b2221 x14:0x00000180 x18=0x00000000
       11855000	      1184	80001de8	9ac42313	slti	x6,x8,-1620	  x8:0x8000a65f  x6=0x00000001
       11865000	      1185	80001dec	019c2f33	slt	x30,x24,x25	 x24:0x8000852a x25:0x000000e5 x30=0x00000001
       11875000	      1186	80001df0	b8880a13	addi	x20,x16,-1144	 x16:0x5160b000 x20=0x5160ab88
       11885000	      1187	80001df4	0096d863	bge	x13,x9,80001e04	 x13:0xd364c5ba  x9:0x80009fc4
       11895000	      1188	00000000	00000013	addi	x0,x0,0	  x0:0x00000000
       11905000	      1189	80001e00	00000013	addi	x0,x0,0	  x0:0x00000000
       11915000	      1190	80001e04	00000013	addi	x0,x0,0	  x0:0x00000000
       11925000	      1191	80001e08	03261663	bne	x12,x18,80001e34	 x12:0x7ffff95c x18:0x00000000
       11935000	      1192	00000000	00000013	addi	x0,x0,0	  x0:0x00000000
       11945000	      1193	80001e30	00000013	addi	x0,x0,0	  x0:0x00000000
       11955000	      1194	80001e34	05d85463	bge	x16,x29,80001e7c	 x16:0x5160b000 x29:0x000000e5
       11965000	      1195	00000000	00000013	addi	x0,x0,0	  x0:0x00000000
       11975000	      1196	80001e78	00000013	addi	x0,x0,0	  x0:0x00000000
       11985000	      1197	80001e7c	f5b31717	auipc	x14,0xf5b31	 x14=0x75b32e78
       11995000	      1198	80001e80	b57ced13	ori	x26,x25,-1193	 x25:0x000000e5 x26=0xfffffbf7
       12005000	      1199	80001e84	34963993	sltiu	x19,x12,841	 x12:0x7ffff95c x19=0x00000000
       12015000	      1200	80001e88	00c34c63	blt	x6,x12,80001ea0	  x6:0x00000001 x12:0x7ffff95c
       12025000	      1201	00000000	00000013	addi	x0,x0,0	  x0:0x00000000
       12035000	      1202	80001e9c	00000013	addi	x0,x0,0	  x0:0x00000000
       12045000	      1203	80001ea0	e6a7c293	xori	x5,x15,-406	 x15:0x40000000  x5=0xbffffe6a
       12055000	      1204	80001ea4	011ca433	slt	x8,x25,x17	 x25:0x000000e5 x17:0xffffffc4  x8=0x00000000
       12065000	      1205	80001ea8	01e69e93	slli	x29,x13,0x1e	 x13:0xd364c5ba x29=0x80000000
       12075000	      1206	80001eac	4173d613	srai	x12,x7,0x17	  x7:0x7fff7854 x12=0x000000ff
       12085000	      1207	80001eb0	4129dd93	srai	x27,x19,0x12	 x19:0x00000000 x27=0x00000000
       12095000	      1208	80001eb4	019e35b3	sltu	x11,x28,x25	 x28:0xf4d9112c x25:0x000000e5 x11=0x00000000
       12105000	      1209	80001eb8	7ce416b7	lui	x13,0x7ce41	 x13=0x7ce41000
       12115000	      1210	80001ebc	01204e63	blt	x0,x18,80001ed8	  x0:0x00000000 x18:0x00000000
       12125000	      1211	80001ec0	40778a33	sub	x20,x15,x7	 x15:0x40000000  x7:0x7fff7854 x20=0xc00087ac
       12135000	      1212	80001ec4	00c63bb3	sltu	x23,x12,x12	 x12:0x000000ff x12:0x000000ff x23=0x00000000
       12145000	      1213	80001ec8	01fb60b3	or	x1,x22,x31	 x22:0xbfc76d40 x31:0xd36444b0  x1=0xffe76df0
       12155000	      1214	80001ecc	01e7f633	and	x12,x15,x30	 x15:0x40000000 x30:0x00000001 x12=0x00000000
       12165000	      1215	80001ed0	004e7633	and	x12,x28,x4	 x28:0xf4d9112c  x4:0x80009f44 x12=0x80001104
       12175000	      1216	80001ed4	51330693	addi	x13,x6,1299	  x6:0x00000001 x13=0x00000514
       12185000	      1217	80001ed8	403e0fb3	sub	x31,x28,x3	 x28:0xf4d9112c  x3:0x00000000 x31=0xf4d9112c
       12195000	      1218	80001edc	27274817	auipc	x16,0x27274	 x16=0xa7275ed8
       12205000	      1219	80001ee0	41d85193	srai	x3,x16,0x1d	 x16:0xa7275ed8  x3=0xfffffffd
       12215000	      1220	80001ee4	01907933	and	x18,x0,x25	  x0:0x00000000 x25:0x000000e5 x18=0x00000000
       12225000	      1221	80001ee8	00000013	addi	x0,x0,0	  x0:0x00000000
       12235000	      1222	80001eec	00000013	addi	x0,x0,0	  x0:0x00000000
       12245000	      1223	80001ef0	f6ff7e93	andi	x29,x30,-145	 x30:0x00000001 x29=0x00000001
       12255000	      1224	80001ef4	00c11263	bne	x2,x12,80001ef8	  x2:0x0b22a108 x12:0x80001104
       12265000	      1225	00000000	00000013	addi	x0,x0,0	  x0:0x00000000
       12275000	      1226	80001ef4	00000013	addi	x0,x0,0	  x0:0x00000000
       12285000	      1227	80001ef8	00dc62b3	or	x5,x24,x13	 x24:0x8000852a x13:0x00000514  x5=0x8000853e
       12295000	      1228	80001efc	00000013	addi	x0,x0,0	  x0:0x00000000
       12305000	      1229	80001f00	2125c093	xori	x1,x11,530	 x11:0x00000000  x1=0x00000212
       12315000	      1230	80001f04	01fa1d93	slli	x27,x20,0x1f	 x20:0xc00087ac x27=0x00000000
       12325000	      1231	80001f08	01f603b3	add	x7,x12,x31	 x12:0x80001104 x31:0xf4d9112c  x7=0x74d92230
       12335000	      1232	80001f0c	00422883	lw	x17,4(x4)	  x4:0x80009f44 x17=0x800007fc PA:0x80009f48
       12345000	      1233	80001f10	2b048c93	addi	x25,x9,688	  x9:0x80009fc4 x25=0x8000a274
       12355000	      1234	80001f14	00000013	addi	x0,x0,0	  x0:0x00000000
       12365000	      1235	80001f18	04020213	addi	x4,x4,64	  x4:0x80009f44  x4=0x80009f84
       12375000	      1236	80001f1c	00000013	addi	x0,x0,0	  x0:0x00000000
       12385000	      1237	80001f20	008f9c33	sll	x24,x31,x8	 x31:0xf4d9112c  x8:0x00000000 x24=0xf4d9112c
       12395000	      1238	80001f24	b6d2f513	andi	x10,x5,-1171	  x5:0x8000853e x10=0x8000812c
       12405000	      1239	80001f28	00b6f6b3	and	x13,x13,x11	 x13:0x00000514 x11:0x00000000 x13=0x00000000
       12415000	      1240	80001f2c	00188b93	addi	x23,x17,1	 x17:0x800007fc x23=0x800007fd
       12425000	      1241	80001f30	000b8be7	jalr	x23,x23,0	 x23:0x800007fd x23=0x80001f30
       12435000	      1242	00000000	00000013	addi	x0,x0,0	  x0:0x00000000
       12445000	      1243	800007fc	00000013	addi	x0,x0,0	  x0:0x00000000
       12455000	      1244	80000800	42faa593	slti	x11,x21,1071	 x21:0x7fff603c x11=0x00000000
       12465000	      1245	80000804	0311f063	bgeu	x3,x17,80000824	  x3:0xfffffffd x17:0x800007fc
       12475000	      1246	00000000	00000013	addi	x0,x0,0	  x0:0x00000000
       12485000	      1247	80000820	00000013	addi	x0,x0,0	  x0:0x00000000
       12495000	      1248	80000824	11e87193	andi	x3,x16,286	 x16:0xa7275ed8  x3=0x00000018
       12505000	      1249	80000828	4900fa93	andi	x21,x1,1168	  x1:0x00000212 x21=0x00000010
       12515000	      1250	8000082c	03378263	beq	x15,x19,80000850	 x15:0x40000000 x19:0x00000000
       12525000	      1251	80000830	40a98f33	sub	x30,x19,x10	 x19:0x00000000 x10:0x8000812c x30=0x7fff7ed4
       12535000	      1252	80000834	aa03d817	auipc	x16,0xaa03d	 x16=0x2a03d830
       12545000	      1253	80000838	01ff79b3	and	x19,x30,x31	 x30:0x7fff7ed4 x31:0xf4d9112c x19=0x74d91004
       12555000	      1254	8000083c	40ba5793	srai	x15,x20,0xb	 x20:0xc00087ac x15=0xfff80010
       12565000	      1255	80000840	00621d93	slli	x27,x4,0x6	  x4:0x80009f84 x27=0x0027e100
       12575000	      1256	80000844	01c15663	bge	x2,x28,80000850	  x2:0x0b22a108 x28:0xf4d9112c
       12585000	      1257	00000000	00000013	addi	x0,x0,0	  x0:0x00000000
       12595000	      1258	8000084c	00000013	addi	x0,x0,0	  x0:0x00000000
       12605000	      1259	80000850	41545013	srai	x0,x8,0x15	  x8:0x00000000
       12615000	      1260	80000854	02b52813	slti	x16,x10,43	 x10:0x8000812c x16=0x00000001
       12625000	      1261	80000858	b238e2b7	lui	x5,0xb238e	  x5=0xb238e000
       12635000	      1262	8000085c	00d3d313	srli	x6,x7,0xd	  x7:0x74d92230  x6=0x0003a6c9
       12645000	      1263	80000860	41f402b3	sub	x5,x8,x31	  x8:0x00000000 x31:0xf4d9112c  x5=0x0b26eed4
       12655000	      1264	80000864	0123b833	sltu	x16,x7,x18	  x7:0x74d92230 x18:0x00000000 x16=0x00000000
       12665000	      1265	80000868	a5ac4093	xori	x1,x24,-1446	 x24:0xf4d9112c  x1=0x0b26eb76
       12675000	      1266	8000086c	012b9113	slli	x2,x23,0x12	 x23:0x80001f30  x2=0x7cc00000
       12685000	      1267	80000870	0023b3b3	sltu	x7,x7,x2	  x7:0x74d92230  x2:0x7cc00000  x7=0x00000001
       12695000	      1268	80000874	59064193	xori	x3,x12,1424	 x12:0x80001104  x3=0x80001494
       12705000	      1269	80000878	70097317	auipc	x6,0x70097	  x6=0xf0097874
       12715000	      1270	8000087c	4171ba93	sltiu	x21,x3,1047	  x3:0x80001494 x21=0x00000000
       12725000	      1271	80000880	0040d993	srli	x19,x1,0x4	  x1:0x0b26eb76 x19=0x00b26eb7
       12735000	      1272	80000884	888a4d13	xori	x26,x20,-1912	 x20:0xc00087ac x26=0x3fff7f24
       12745000	      1273	80000888	00b24d33	xor	x26,x4,x11	  x4:0x80009f84 x11:0x00000000 x26=0x80009f84
       12755000	      1274	8000088c	01005413	srli	x8,x0,0x10	  x0:0x00000000  x8=0x00000000
       12765000	      1275	80000890	41ec08b3	sub	x17,x24,x30	 x24:0xf4d9112c x30:0x7fff7ed4 x17=0x74d99258
       12775000	      1276	80000894	0216c663	blt	x13,x1,800008c0	 x13:0x00000000  x1:0x0b26eb76
       12785000	      1277	00000000	00000013	addi	x0,x0,0	  x0:0x00000000
       12795000	      1278	800008bc	00000013	addi	x0,x0,0	  x0:0x00000000
       12805000	      1279	800008c0	e32eaf13	slti	x30,x29,-462	 x29:0x00000001 x30=0x00000000
       12815000	      1280	800008c4	7b65ff93	andi	x31,x11,1974	 x11:0x00000000 x31=0x00000000
       12825000	      1281	800008c8	01944e63	blt	x8,x25,800008e4	  x8:0x00000000 x25:0x8000a274
       12835000	      1282	800008cc	0357da63	bge	x15,x21,80000900	 x15:0xfff80010 x21:0x00000000
       12845000	      1283	800008d0	000c8e63	beq	x25,x0,800008ec	 x25:0x8000a274  x0:0x00000000
       12855000	      1284	800008d4	4bcbed93	ori	x27,x23,1212	 x23:0x80001f30 x27=0x80001fbc
       12865000	      1285	800008d8	2b499a97	auipc	x21,0x2b499	 x21=0xab4998d4
       12875000	      1286	800008dc	01093433	sltu	x8,x18,x16	 x18:0x00000000 x16:0x00000000  x8=0x00000000
       12885000	      1287	800008e0	01990263	beq	x18,x25,800008e4	 x18:0x00000000 x25:0x8000a274
       12895000	      1288	800008e4	002f56b3	srl	x13,x30,x2	 x30:0x00000000  x2:0x7cc00000 x13=0x00000000
       12905000	      1289	800008e8	fadf26b7	lui	x13,0xfadf2	 x13=0xfadf2000
       12915000	      1290	800008ec	0069dbb3	srl	x23,x19,x6	 x19:0x00b26eb7  x6:0xf0097874 x23=0x0000000b
       12925000	      1291	800008f0	c42eb593	sltiu	x11,x29,-958	 x29:0x00000001 x11=0x00000001
       12935000	      1292	800008f4	017f4863	blt	x30,x23,80000904	 x30:0x00000000 x23:0x0000000b
       12945000	      1293	00000000	00000013	addi	x0,x0,0	  x0:0x00000000
       12955000	      1294	80000900	00000013	addi	x0,x0,0	  x0:0x00000000
       12965000	      1295	80000904	00000013	addi	x0,x0,0	  x0:0x00000000
       12975000	      1296	80000908	d1229597	auipc	x11,0xd1229	 x11=0x51229904
       12985000	      1297	8000090c	9628b893	sltiu	x17,x17,-1694	 x17:0x74d99258 x17=0x00000001
       12995000	      1298	80000910	0136b5b3	sltu	x11,x13,x19	 x13:0xfadf2000 x19:0x00b26eb7 x11=0x00000000
       13005000	      1299	80000914	4170db33	sra	x22,x1,x23	  x1:0x0b26eb76 x23:0x0000000b x22=0x000164dd
       13015000	      1300	80000918	88eea813	slti	x16,x29,-1906	 x29:0x00000001 x16=0x00000000
       13025000	      1301	8000091c	01af7433	and	x8,x30,x26	 x30:0x00000000 x26:0x80009f84  x8=0x00000000
       13035000	      1302	80000920	11382337	lui	x6,0x11382	  x6=0x11382000
       13045000	      1303	80000924	53072a13	slti	x20,x14,1328	 x14:0x75b32e78 x20=0x00000000
       13055000	      1304	80000928	7bfd0713	addi	x14,x26,1983	 x26:0x80009f84 x14=0x8000a743
       13065000	      1305	8000092c	40d5dd33	sra	x26,x11,x13	 x11:0x00000000 x13:0xfadf2000 x26=0x00000000
       13075000	      1306	80000930	091c6063	bltu	x24,x17,800009b0	 x24:0xf4d9112c x17:0x00000001
       13085000	      1307	80000934	01194433	xor	x8,x18,x17	 x18:0x00000000 x17:0x00000001  x8=0x00000001
       13095000	      1308	80000938	01384633	xor	x12,x16,x19	 x16:0x00000000 x19:0x00b26eb7 x12=0x00b26eb7
       13105000	      1309	8000093c	29633b93	sltiu	x23,x6,662	  x6:0x11382000 x23=0x00000000
       13115000	      1310	80000940	eae98d93	addi	x27,x19,-338	 x19:0x00b26eb7 x27=0x00b26d65
       13125000	      1311	80000944	00f99613	slli	x12,x19,0xf	 x19:0x00b26eb7 x12=0x375b8000
       13135000	      1312	80000948	000ce933	or	x18,x25,x0	 x25:0x8000a274  x0:0x00000000 x18=0x8000a274
       13145000	      1313	8000094c	01df9bb3	sll	x23,x31,x29	 x31:0x00000000 x29:0x00000001 x23=0x00000000
       13155000	      1314	80000950	41468733	sub	x14,x13,x20	 x13:0xfadf2000 x20:0x00000000 x14=0xfadf2000
       13165000	      1315	80000954	0005d0b3	srl	x1,x11,x0	 x11:0x00000000  x0:0x00000000  x1=0x00000000
       13175000	      1316	80000958	1d468013	addi	x0,x13,468	 x13:0xfadf2000
       13185000	      1317	8000095c	06a8da63	bge	x17,x10,800009d0	 x17:0x00000001 x10:0x8000812c
       13195000	      1318	00000000	00000013	addi	x0,x0,0	  x0:0x00000000
       13205000	      1319	800009cc	00000013	addi	x0,x0,0	  x0:0x00000000
       13215000	      1320	800009d0	044a9263	bne	x21,x4,80000a14	 x21:0xab4998d4  x4:0x80009f84
       13225000	      1321	00000000	00000013	addi	x0,x0,0	  x0:0x00000000
       13235000	      1322	80000a10	00000013	addi	x0,x0,0	  x0:0x00000000
       13245000	      1323	80000a14	00000013	addi	x0,x0,0	  x0:0x00000000
       13255000	      1324	80000a18	0117c663	blt	x15,x17,80000a24	 x15:0xfff80010 x17:0x00000001
       13265000	      1325	00000000	00000013	addi	x0,x0,0	  x0:0x00000000
       13275000	      1326	80000a20	00000013	addi	x0,x0,0	  x0:0x00000000
       13285000	      1327	80000a24	ff586737	lui	x14,0xff586	 x14=0xff586000
       13295000	      1328	80000a28	417f8cb3	sub	x25,x31,x23	 x31:0x00000000 x23:0x00000000 x25=0x00000000
       13305000	      1329	80000a2c	20058417	auipc	x8,0x20058	  x8=0xa0058a28
       13315000	      1330	80000a30	42e3ef13	ori	x30,x7,1070	  x7:0x00000001 x30=0x0000042f
       13325000	      1331	80000a34	48413c93	sltiu	x25,x2,1156	  x2:0x7cc00000 x25=0x00000000
       13335000	      1332	80000a38	5e054a93	xori	x21,x10,1504	 x10:0x8000812c x21=0x800084cc
       13345000	      1333	80000a3c	40c4d333	sra	x6,x9,x12	  x9:0x80009fc4 x12:0x375b8000  x6=0x80009fc4
       13355000	      1334	80000a40	00000013	addi	x0,x0,0	  x0:0x00000000
       13365000	      1335	80000a44	05698863	beq	x19,x22,80000a94	 x19:0x00b26eb7 x22:0x000164dd
       13375000	      1336	80000a48	01f32333	slt	x6,x6,x31	  x6:0x80009fc4 x31:0x00000000  x6=0x00000001
       13385000	      1337	80000a4c	0160ec63	bltu	x1,x22,80000a64	  x1:0x00000000 x22:0x000164dd
       13395000	      1338	00000000	00000013	addi	x0,x0,0	  x0:0x00000000
       13405000	      1339	80000a60	00000013	addi	x0,x0,0	  x0:0x00000000
       13415000	      1340	80000a64	aaa1a693	slti	x13,x3,-1366	  x3:0x80001494 x13=0x00000001
       13425000	      1341	80000a68	00ba1133	sll	x2,x20,x11	 x20:0x00000000 x11:0x00000000  x2=0x00000000
       13435000	      1342	80000a6c	4bba3f93	sltiu	x31,x20,1211	 x20:0x00000000 x31=0x00000001
       13445000	      1343	80000a70	00732d33	slt	x26,x6,x7	  x6:0x00000001  x7:0x00000001 x26=0x00000000
       13455000	      1344	80000a74	00e5fab3	and	x21,x11,x14	 x11:0x00000000 x14:0xff586000 x21=0x00000000
       13465000	      1345	80000a78	006fedb3	or	x27,x31,x6	 x31:0x00000001  x6:0x00000001 x27=0x00000001
       13475000	      1346	80000a7c	01919633	sll	x12,x3,x25	  x3:0x80001494 x25:0x00000000 x12=0x80001494
       13485000	      1347	80000a80	a0917e93	andi	x29,x2,-1527	  x2:0x00000000 x29=0x00000000
       13495000	      1348	80000a84	03aeec63	bltu	x29,x26,80000abc	 x29:0x00000000 x26:0x00000000
       13505000	      1349	80000a88	92cc7413	andi	x8,x24,-1748	 x24:0xf4d9112c  x8=0xf4d9112c
       13515000	      1350	80000a8c	407e5333	sra	x6,x28,x7	 x28:0xf4d9112c  x7:0x00000001  x6=0xfa6c8896
       13525000	      1351	80000a90	02fc1c63	bne	x24,x15,80000ac8	 x24:0xf4d9112c x15:0xfff80010
       13535000	      1352	00000000	00000013	addi	x0,x0,0	  x0:0x00000000
       13545000	      1353	80000ac4	00000013	addi	x0,x0,0	  x0:0x00000000
       13555000	      1354	80000ac8	7ab24593	xori	x11,x4,1963	  x4:0x80009f84 x11=0x8000982f
       13565000	      1355	80000acc	01140b33	add	x22,x8,x17	  x8:0xf4d9112c x17:0x00000001 x22=0xf4d9112d
       13575000	      1356	80000ad0	00f8f863	bgeu	x17,x15,80000ae0	 x17:0x00000001 x15:0xfff80010
       13585000	      1357	80000ad4	01388663	beq	x17,x19,80000ae0	 x17:0x00000001 x19:0x00b26eb7
       13595000	      1358	80000ad8	02040c63	beq	x8,x0,80000b10	  x8:0xf4d9112c  x0:0x00000000
       13605000	      1359	80000adc	037bfc63	bgeu	x23,x23,80000b14	 x23:0x00000000 x23:0x00000000
       13615000	      1360	00000000	00000013	addi	x0,x0,0	  x0:0x00000000
       13625000	      1361	80000b10	00000013	addi	x0,x0,0	  x0:0x00000000
       13635000	      1362	80000b14	168fac93	slti	x25,x31,360	 x31:0x00000001 x25=0x00000001
       13645000	      1363	80000b18	00000013	addi	x0,x0,0	  x0:0x00000000
       13655000	      1364	80000b1c	0079d6b3	srl	x13,x19,x7	 x19:0x00b26eb7  x7:0x00000001 x13=0x0059375b
       13665000	      1365	80000b20	ad986293	ori	x5,x16,-1319	 x16:0x00000000  x5=0xfffffad9
       13675000	      1366	80000b24	00ce0933	add	x18,x28,x12	 x28:0xf4d9112c x12:0x80001494 x18=0x74d925c0
       13685000	      1367	80000b28	41400433	sub	x8,x0,x20	  x0:0x00000000 x20:0x00000000  x8=0x00000000
       13695000	      1368	80000b2c	038eca63	blt	x29,x24,80000b60	 x29:0x00000000 x24:0xf4d9112c
       13705000	      1369	80000b30	008d6cb3	or	x25,x26,x8	 x26:0x00000000  x8:0x00000000 x25=0x00000000
       13715000	      1370	80000b34	41f9a393	slti	x7,x19,1055	 x19:0x00b26eb7  x7=0x00000000
       13725000	      1371	80000b38	00db6833	or	x16,x22,x13	 x22:0xf4d9112d x13:0x0059375b x16=0xf4d9377f
       13735000	      1372	80000b3c	00c8b5b3	sltu	x11,x17,x12	 x17:0x00000001 x12:0x80001494 x11=0x00000001
       13745000	      1373	80000b40	9207a193	slti	x3,x15,-1760	 x15:0xfff80010  x3=0x00000001
       13755000	      1374	80000b44	01814863	blt	x2,x24,80000b54	  x2:0x00000000 x24:0xf4d9112c
       13765000	      1375	80000b48	00ea9833	sll	x16,x21,x14	 x21:0x00000000 x14:0xff586000 x16=0x00000000
       13775000	      1376	80000b4c	00745663	bge	x8,x7,80000b58	  x8:0x00000000  x7:0x00000000
       13785000	      1377	00000000	00000013	addi	x0,x0,0	  x0:0x00000000
       13795000	      1378	80000b54	00000013	addi	x0,x0,0	  x0:0x00000000
       13805000	      1379	80000b58	00899713	slli	x14,x19,0x8	 x19:0x00b26eb7 x14=0xb26eb700
       13815000	      1380	80000b5c	081c8663	beq	x25,x1,80000be8	 x25:0x00000000  x1:0x00000000
       13825000	      1381	00000000	00000013	addi	x0,x0,0	  x0:0x00000000
       13835000	      1382	80000be4	00000013	addi	x0,x0,0	  x0:0x00000000
       13845000	      1383	80000be8	30a6f393	andi	x7,x13,778	 x13:0x0059375b  x7=0x0000030a
       13855000	      1384	80000bec	019c95b3	sll	x11,x25,x25	 x25:0x00000000 x25:0x00000000 x11=0x00000000
       13865000	      1385	80000bf0	01dd80b3	add	x1,x27,x29	 x27:0x00000001 x29:0x00000000  x1=0x00000001
       13875000	      1386	80000bf4	0114fd33	and	x26,x9,x17	  x9:0x80009fc4 x17:0x00000001 x26=0x00000000
       13885000	      1387	80000bf8	40338fb3	sub	x31,x7,x3	  x7:0x0000030a  x3:0x00000001 x31=0x00000309
       13895000	      1388	80000bfc	00cd31b3	sltu	x3,x26,x12	 x26:0x00000000 x12:0x80001494  x3=0x00000001
       13905000	      1389	80000c00	40bbdf93	srai	x31,x23,0xb	 x23:0x00000000 x31=0x00000000
       13915000	      1390	80000c04	04827263	bgeu	x4,x8,80000c48	  x4:0x80009f84  x8:0x00000000
       13925000	      1391	00000000	00000013	addi	x0,x0,0	  x0:0x00000000
       13935000	      1392	80000c44	00000013	addi	x0,x0,0	  x0:0x00000000
       13945000	      1393	80000c48	1abfc913	xori	x18,x31,427	 x31:0x00000000 x18=0x000001ab
       13955000	      1394	80000c4c	00dffe63	bgeu	x31,x13,80000c68	 x31:0x00000000 x13:0x0059375b
       13965000	      1395	80000c50	01e65eb3	srl	x29,x12,x30	 x12:0x80001494 x30:0x0000042f x29=0x00010000
       13975000	      1396	80000c54	41965013	srai	x0,x12,0x19	 x12:0x80001494
       13985000	      1397	80000c58	00c14133	xor	x2,x2,x12	  x2:0x00000000 x12:0x80001494  x2=0x80001494
       13995000	      1398	80000c5c	05d44863	blt	x8,x29,80000cac	  x8:0x00000000 x29:0x00010000
       14005000	      1399	00000000	00000013	addi	x0,x0,0	  x0:0x00000000
       14015000	      1400	80000ca8	00000013	addi	x0,x0,0	  x0:0x00000000
       14025000	      1401	80000cac	025f0263	beq	x30,x5,80000cd0	 x30:0x0000042f  x5:0xfffffad9
       14035000	      1402	80000cb0	01a56ab3	or	x21,x10,x26	 x10:0x8000812c x26:0x00000000 x21=0x8000812c
       14045000	      1403	80000cb4	cc430e93	addi	x29,x6,-828	  x6:0xfa6c8896 x29=0xfa6c855a
       14055000	      1404	80000cb8	41ff0833	sub	x16,x30,x31	 x30:0x0000042f x31:0x00000000 x16=0x0000042f
       14065000	      1405	80000cbc	b9f25197	auipc	x3,0xb9f25	  x3=0x39f25cb8
       14075000	      1406	80000cc0	00606e63	bltu	x0,x6,80000cdc	  x0:0x00000000  x6:0xfa6c8896
       14085000	      1407	00000000	00000013	addi	x0,x0,0	  x0:0x00000000
       14095000	      1408	80000cd8	00000013	addi	x0,x0,0	  x0:0x00000000
       14105000	      1409	80000cdc	00000013	addi	x0,x0,0	  x0:0x00000000
       14115000	      1410	80000ce0	00efee63	bltu	x31,x14,80000cfc	 x31:0x00000000 x14:0xb26eb700
       14125000	      1411	00000000	00000013	addi	x0,x0,0	  x0:0x00000000
       14135000	      1412	80000cf8	00000013	addi	x0,x0,0	  x0:0x00000000
       14145000	      1413	80000cfc	03417c63	bgeu	x2,x20,80000d34	  x2:0x80001494 x20:0x00000000
       14155000	      1414	00000000	00000013	addi	x0,x0,0	  x0:0x00000000
       14165000	      1415	80000d30	00000013	addi	x0,x0,0	  x0:0x00000000
       14175000	      1416	80000d34	7d7fdf97	auipc	x31,0x7d7fd	 x31=0xfd7fdd30
       14185000	      1417	80000d38	0168b2b3	sltu	x5,x17,x22	 x17:0x00000001 x22:0xf4d9112d  x5=0x00000001
       14195000	      1418	80000d3c	01cc9c63	bne	x25,x28,80000d54	 x25:0x00000000 x28:0xf4d9112c
       14205000	      1419	00000000	00000013	addi	x0,x0,0	  x0:0x00000000
       14215000	      1420	80000d50	00000013	addi	x0,x0,0	  x0:0x00000000
       14225000	      1421	80000d54	d864ac93	slti	x25,x9,-634	  x9:0x80009fc4 x25=0x00000001
       14235000	      1422	80000d58	02cf1c63	bne	x30,x12,80000d90	 x30:0x0000042f x12:0x80001494
       14245000	      1423	00000000	00000013	addi	x0,x0,0	  x0:0x00000000
       14255000	      1424	80000d8c	00000013	addi	x0,x0,0	  x0:0x00000000
       14265000	      1425	80000d90	27ae7113	andi	x2,x28,634	 x28:0xf4d9112c  x2=0x00000028
       14275000	      1426	80000d94	f1550cb7	lui	x25,0xf1550	 x25=0xf1550000
       14285000	      1427	80000d98	0177f1b3	and	x3,x15,x23	 x15:0xfff80010 x23:0x00000000  x3=0x00000000
       14295000	      1428	80000d9c	00e82bb3	slt	x23,x16,x14	 x16:0x0000042f x14:0xb26eb700 x23=0x00000000
       14305000	      1429	80000da0	40aedf33	sra	x30,x29,x10	 x29:0xfa6c855a x10:0x8000812c x30=0xffffa6c8
       14315000	      1430	80000da4	01f07833	and	x16,x0,x31	  x0:0x00000000 x31:0xfd7fdd30 x16=0x00000000
       14325000	      1431	80000da8	014e71b3	and	x3,x28,x20	 x28:0xf4d9112c x20:0x00000000  x3=0x00000000
       14335000	      1432	80000dac	85a30413	addi	x8,x6,-1958	  x6:0xfa6c8896  x8=0xfa6c80f0
       14345000	      1433	80000db0	d98bcb37	lui	x22,0xd98bc	 x22=0xd98bc000
       14355000	      1434	80000db4	93f37593	andi	x11,x6,-1729	  x6:0xfa6c8896 x11=0xfa6c8816
       14365000	      1435	80000db8	41aa5593	srai	x11,x20,0x1a	 x20:0x00000000 x11=0x00000000
       14375000	      1436	80000dbc	006d5cb3	srl	x25,x26,x6	 x26:0x00000000  x6:0xfa6c8896 x25=0x00000000
       14385000	      1437	80000dc0	40b8da93	srai	x21,x17,0xb	 x17:0x00000001 x21=0x00000000
       14395000	      1438	80000dc4	014e2033	slt	x0,x28,x20	 x28:0xf4d9112c x20:0x00000000
       14405000	      1439	80000dc8	002d8e63	beq	x27,x2,80000de4	 x27:0x00000001  x2:0x00000028
       14415000	      1440	80000dcc	01695633	srl	x12,x18,x22	 x18:0x000001ab x22:0xd98bc000 x12=0x000001ab
       14425000	      1441	80000dd0	003320b3	slt	x1,x6,x3	  x6:0xfa6c8896  x3:0x00000000  x1=0x00000001
       14435000	      1442	80000dd4	5642c513	xori	x10,x5,1380	  x5:0x00000001 x10=0x00000565
       14445000	      1443	80000dd8	305d6513	ori	x10,x26,773	 x26:0x00000000 x10=0x00000305
       14455000	      1444	80000ddc	014e8663	beq	x29,x20,80000de8	 x29:0xfa6c855a x20:0x00000000
       14465000	      1445	80000de0	0d6d3293	sltiu	x5,x26,214	 x26:0x00000000  x5=0x00000001
       14475000	      1446	80000de4	02e3fa63	bgeu	x7,x14,80000e18	  x7:0x0000030a x14:0xb26eb700
       14485000	      1447	80000de8	002adc13	srli	x24,x21,0x2	 x21:0x00000000 x24=0x00000000
       14495000	      1448	80000dec	00000013	addi	x0,x0,0	  x0:0x00000000
       14505000	      1449	80000df0	4066d113	srai	x2,x13,0x6	 x13:0x0059375b  x2=0x000164dd
       14515000	      1450	80000df4	0122ac33	slt	x24,x5,x18	  x5:0x00000001 x18:0x000001ab x24=0x00000001
       14525000	      1451	80000df8	d5dda697	auipc	x13,0xd5dda	 x13=0x55ddadf4
       14535000	      1452	80000dfc	40bc51b3	sra	x3,x24,x11	 x24:0x00000001 x11:0x00000000  x3=0x00000001
       14545000	      1453	80000e00	2a1a8613	addi	x12,x21,673	 x21:0x00000000 x12=0x000002a1
       14555000	      1454	80000e04	eed0b013	sltiu	x0,x1,-275	  x1:0x00000001
       14565000	      1455	80000e08	02f8c263	blt	x17,x15,80000e2c	 x17:0x00000001 x15:0xfff80010
       14575000	      1456	80000e0c	319c6f13	ori	x30,x24,793	 x24:0x00000001 x30=0x00000319
       14585000	      1457	80000e10	41470b33	sub	x22,x14,x20	 x14:0xb26eb700 x20:0x00000000 x22=0xb26eb700
       14595000	      1458	80000e14	00c3f133	and	x2,x7,x12	  x7:0x0000030a x12:0x000002a1  x2=0x00000200
       14605000	      1459	80000e18	00910733	add	x14,x2,x9	  x2:0x00000200  x9:0x80009fc4 x14=0x8000a1c4
       14615000	      1460	80000e1c	00000013	addi	x0,x0,0	  x0:0x00000000
       14625000	      1461	80000e20	000c3fb3	sltu	x31,x24,x0	 x24:0x00000001  x0:0x00000000 x31=0x00000000
       14635000	      1462	80000e24	012e4f33	xor	x30,x28,x18	 x28:0xf4d9112c x18:0x000001ab x30=0xf4d91087
       14645000	      1463	80000e28	003a9b33	sll	x22,x21,x3	 x21:0x00000000  x3:0x00000001 x22=0x00000000
       14655000	      1464	80000e2c	00255b93	srli	x23,x10,0x2	 x10:0x00000305 x23=0x000000c1
       14665000	      1465	80000e30	8a7e3313	sltiu	x6,x28,-1881	 x28:0xf4d9112c  x6=0x00000001
       14675000	      1466	80000e34	7652e413	ori	x8,x5,1893	  x5:0x00000001  x8=0x00000765
       14685000	      1467	80000e38	01912c33	slt	x24,x2,x25	  x2:0x00000200 x25:0x00000000 x24=0x00000000
       14695000	      1468	80000e3c	8c34b7b7	lui	x15,0x8c34b	 x15=0x8c34b000
       14705000	      1469	80000e40	052f1063	bne	x30,x18,80000e80	 x30:0xf4d91087 x18:0x000001ab
       14715000	      1470	00000000	00000013	addi	x0,x0,0	  x0:0x00000000
       14725000	      1471	80000e7c	00000013	addi	x0,x0,0	  x0:0x00000000
       14735000	      1472	80000e80	01aa21b3	slt	x3,x20,x26	 x20:0x00000000 x26:0x00000000  x3=0x00000000
       14745000	      1473	80000e84	04e01863	bne	x0,x14,80000ed4	  x0:0x00000000 x14:0x8000a1c4
       14755000	      1474	00000000	00000013	addi	x0,x0,0	  x0:0x00000000
       14765000	      1475	80000ed0	00000013	addi	x0,x0,0	  x0:0x00000000
       14775000	      1476	80000ed4	01cd1293	slli	x5,x26,0x1c	 x26:0x00000000  x5=0x00000000
       14785000	      1477	80000ed8	0127d013	srli	x0,x15,0x12	 x15:0x8c34b000
       14795000	      1478	80000edc	707ec793	xori	x15,x29,1799	 x29:0xfa6c855a x15=0xfa6c825d
       14805000	      1479	80000ee0	001c1933	sll	x18,x24,x1	 x24:0x00000000  x1:0x00000001 x18=0x00000000
       14815000	      1480	80000ee4	00591a13	slli	x20,x18,0x5	 x18:0x00000000 x20=0x00000000
       14825000	      1481	80000ee8	01f38b33	add	x22,x7,x31	  x7:0x0000030a x31:0x00000000 x22=0x0000030a
       14835000	      1482	80000eec	fc04c093	xori	x1,x9,-64	  x9:0x80009fc4  x1=0x7fff6004
       14845000	      1483	80000ef0	00000013	addi	x0,x0,0	  x0:0x00000000
       14855000	      1484	80000ef4	0147f533	and	x10,x15,x20	 x15:0xfa6c825d x20:0x00000000 x10=0x00000000
       14865000	      1485	80000ef8	40355d33	sra	x26,x10,x3	 x10:0x00000000  x3:0x00000000 x26=0x00000000
       14875000	      1486	80000efc	00116663	bltu	x2,x1,80000f08	  x2:0x00000200  x1:0x7fff6004
       14885000	      1487	00000000	00000013	addi	x0,x0,0	  x0:0x00000000
       14895000	      1488	80000f04	00000013	addi	x0,x0,0	  x0:0x00000000
       14905000	      1489	80000f08	40d6d633	sra	x12,x13,x13	 x13:0x55ddadf4 x13:0x55ddadf4 x12=0x0000055d
       14915000	      1490	80000f0c	6be00013	addi	x0,x0,1726	  x0:0x00000000
       14925000	      1491	80000f10	52880593	addi	x11,x16,1320	 x16:0x00000000 x11=0x00000528
       14935000	      1492	80000f14	457df293	andi	x5,x27,1111	 x27:0x00000001  x5=0x00000001
       14945000	      1493	80000f18	34c64793	xori	x15,x12,844	 x12:0x0000055d x15=0x00000611
       14955000	      1494	80000f1c	c51ba093	slti	x1,x23,-943	 x23:0x000000c1  x1=0x00000000
       14965000	      1495	80000f20	fc332593	slti	x11,x6,-61	  x6:0x00000001 x11=0x00000000
       14975000	      1496	80000f24	41765893	srai	x17,x12,0x17	 x12:0x0000055d x17=0x00000000
       14985000	      1497	80000f28	00000013	addi	x0,x0,0	  x0:0x00000000
       14995000	      1498	80000f2c	00000013	addi	x0,x0,0	  x0:0x00000000
       15005000	      1499	80000f30	008f47b3	xor	x15,x30,x8	 x30:0xf4d91087  x8:0x00000765 x15=0xf4d917e2
       15015000	      1500	80000f34	dcd8e293	ori	x5,x17,-563	 x17:0x00000000  x5=0xfffffdcd
       15025000	      1501	80000f38	39fdb093	sltiu	x1,x27,927	 x27:0x00000001  x1=0x00000001
       15035000	      1502	80000f3c	41758333	sub	x6,x11,x23	 x11:0x00000000 x23:0x000000c1  x6=0xffffff3f
       15045000	      1503	80000f40	00ea36b3	sltu	x13,x20,x14	 x20:0x00000000 x14:0x8000a1c4 x13=0x00000001
       15055000	      1504	80000f44	006acd33	xor	x26,x21,x6	 x21:0x00000000  x6:0xffffff3f x26=0xffffff3f
       15065000	      1505	80000f48	00000013	addi	x0,x0,0	  x0:0x00000000
       15075000	      1506	80000f4c	c501dd17	auipc	x26,0xc501d	 x26=0x4501df48
       15085000	      1507	80000f50	ffb96c13	ori	x24,x18,-5	 x18:0x00000000 x24=0xfffffffb
       15095000	      1508	80000f54	0167fab3	and	x21,x15,x22	 x15:0xf4d917e2 x22:0x0000030a x21=0x00000302
       15105000	      1509	80000f58	019af863	bgeu	x21,x25,80000f68	 x21:0x00000302 x25:0x00000000
       15115000	      1510	00000000	00000013	addi	x0,x0,0	  x0:0x00000000
       15125000	      1511	80000f64	00000013	addi	x0,x0,0	  x0:0x00000000
       15135000	      1512	80000f68	00000013	addi	x0,x0,0	  x0:0x00000000
       15145000	      1513	80000f6c	01359893	slli	x17,x11,0x13	 x11:0x00000000 x17=0x00000000
       15155000	      1514	80000f70	b8f2ef17	auipc	x30,0xb8f2e	 x30=0x38f2ef6c
       15165000	      1515	80000f74	0033b5b3	sltu	x11,x7,x3	  x7:0x0000030a  x3:0x00000000 x11=0x00000000
       15175000	      1516	80000f78	0085ec33	or	x24,x11,x8	 x11:0x00000000  x8:0x00000765 x24=0x00000765
       15185000	      1517	80000f7c	001c83b3	add	x7,x25,x1	 x25:0x00000000  x1:0x00000001  x7=0x00000001
       15195000	      1518	80000f80	017bda93	srli	x21,x23,0x17	 x23:0x000000c1 x21=0x00000000
       15205000	      1519	80000f84	02fae263	bltu	x21,x15,80000fa8	 x21:0x00000000 x15:0xf4d917e2
       15215000	      1520	00000000	00000013	addi	x0,x0,0	  x0:0x00000000
       15225000	      1521	80000fa4	00000013	addi	x0,x0,0	  x0:0x00000000
       15235000	      1522	80000fa8	40435d13	srai	x26,x6,0x4	  x6:0xffffff3f x26=0xfffffff3
       15245000	      1523	80000fac	00000013	addi	x0,x0,0	  x0:0x00000000
       15255000	      1524	80000fb0	2f0cbb13	sltiu	x22,x25,752	 x25:0x00000000 x22=0x00000001
       15265000	      1525	80000fb4	00349093	slli	x1,x9,0x3	  x9:0x80009fc4  x1=0x0004fe20
       15275000	      1526	80000fb8	0098d693	srli	x13,x17,0x9	 x17:0x00000000 x13=0x00000000
       15285000	      1527	80000fbc	01f77a63	bgeu	x14,x31,80000fd0	 x14:0x8000a1c4 x31:0x00000000
       15295000	      1528	00000000	00000013	addi	x0,x0,0	  x0:0x00000000
       15305000	      1529	80000fcc	00000013	addi	x0,x0,0	  x0:0x00000000
       15315000	      1530	80000fd0	014ebc33	sltu	x24,x29,x20	 x29:0xfa6c855a x20:0x00000000 x24=0x00000000
       15325000	      1531	80000fd4	01ce93b3	sll	x7,x29,x28	 x29:0xfa6c855a x28:0xf4d9112c  x7=0xc855a000
       15335000	      1532	80000fd8	043dd463	bge	x27,x3,80001020	 x27:0x00000001  x3:0x00000000
       15345000	      1533	00000000	00000013	addi	x0,x0,0	  x0:0x00000000
       15355000	      1534	8000101c	00000013	addi	x0,x0,0	  x0:0x00000000
       15365000	      1535	80001020	01c639b3	sltu	x19,x12,x28	 x12:0x0000055d x28:0xf4d9112c x19=0x00000001
       15375000	      1536	80001024	7eb3bf17	auipc	x30,0x7eb3b	 x30=0xfeb3c020
       15385000	      1537	80001028	20312313	slti	x6,x2,515	  x2:0x00000200  x6=0x00000001
       15395000	      1538	8000102c	4015d393	srai	x7,x11,0x1	 x11:0x00000000  x7=0x00000000
       15405000	      1539	80001030	4bd00b93	addi	x23,x0,1213	  x0:0x00000000 x23=0x000004bd
       15415000	      1540	80001034	407d5d33	sra	x26,x26,x7	 x26:0xfffffff3  x7:0x00000000 x26=0xfffffff3
       15425000	      1541	80001038	acd65f17	auipc	x30,0xacd65	 x30=0x2cd66034
       15435000	      1542	8000103c	004aafb3	slt	x31,x21,x4	 x21:0x00000000  x4:0x80009f84 x31=0x00000000
       15445000	      1543	80001040	00910cb3	add	x25,x2,x9	  x2:0x00000200  x9:0x80009fc4 x25=0x8000a1c4
       15455000	      1544	80001044	00ba80b3	add	x1,x21,x11	 x21:0x00000000 x11:0x00000000  x1=0x00000000
       15465000	      1545	80001048	00175993	srli	x19,x14,0x1	 x14:0x8000a1c4 x19=0x400050e2
       15475000	      1546	8000104c	018e5863	bge	x28,x24,8000105c	 x28:0xf4d9112c x24:0x00000000
       15485000	      1547	80001050	0190cc63	blt	x1,x25,80001068	  x1:0x00000000 x25:0x8000a1c4
       15495000	      1548	80001054	01e0c9b3	xor	x19,x1,x30	  x1:0x00000000 x30:0x2cd66034 x19=0x2cd66034
       15505000	      1549	80001058	40d286b3	sub	x13,x5,x13	  x5:0xfffffdcd x13:0x00000000 x13=0xfffffdcd
       15515000	      1550	8000105c	002ea0b3	slt	x1,x29,x2	 x29:0xfa6c855a  x2:0x00000200  x1=0x00000001
       15525000	      1551	80001060	003a3933	sltu	x18,x20,x3	 x20:0x00000000  x3:0x00000000 x18=0x00000000
       15535000	      1552	80001064	00017b33	and	x22,x2,x0	  x2:0x00000200  x0:0x00000000 x22=0x00000000
       15545000	      1553	80001068	016c97b3	sll	x15,x25,x22	 x25:0x8000a1c4 x22:0x00000000 x15=0x8000a1c4
       15555000	      1554	8000106c	00000e17	auipc	x28,0x0	 x28=0x80001068
       15565000	      1555	80001070	00ce0e13	addi	x28,x28,12	 x28:0x80001068 x28=0x80001074
       15575000	      1556	80001074	000e0067	jalr	x0,x28,0	 x28:0x80001074
       15585000	      1557	00000000	00000013	addi	x0,x0,0	  x0:0x00000000
       15595000	      1558	80001074	00000013	addi	x0,x0,0	  x0:0x00000000
       15605000	      1559	80001078	00100193	addi	x3,x0,1	  x0:0x00000000  x3=0x00000001
       15615000	      1560	8000107c	00000073	ecall	
       15625000	      1561	80001080	f5b93f17	auipc	x30,0xf5b93	 x30=0x75b9407c
