		Time			Cycle	PC		Insn	Decoded instruction	Register and memory contents
          65000	         5	80000004	00000293	addi	x5,x0,0	  x0:0x00000000  x5=0x00000000
          75000	         6	80000008	00000313	addi	x6,x0,0	  x0:0x00000000  x6=0x00000000
          85000	         7	8000000c	00628263	beq	x5,x6,80000010	  x5:0x00000000  x6:0x00000000
          95000	         8	00000000	00000013	addi	x0,x0,0	  x0:0x00000000
         105000	         9	8000000c	00000013	addi	x0,x0,0	  x0:0x00000000
         115000	        10	80000010	00000817	auipc	x16,0x0	 x16=0x8000000c
         125000	        11	80000014	00c80813	addi	x16,x16,12	 x16:0x8000000c x16=0x80000018
         135000	        12	80000018	00080067	jalr	x0,x16,0	 x16:0x80000018
         145000	        13	00000000	00000013	addi	x0,x0,0	  x0:0x00000000
         155000	        14	80000018	00000013	addi	x0,x0,0	  x0:0x00000000
         165000	        15	8000001c	40000f37	lui	x30,0x40000	 x30=0x40000000
         175000	        16	80000020	100f0f13	addi	x30,x30,256	 x30:0x40000000 x30=0x40000100
         185000	        17	80000024	00000013	addi	x0,x0,0	  x0:0x00000000
         195000	        18	80000028	0000aa97	auipc	x21,0xa	 x21=0x8000a024
         205000	        19	8000002c	fa0a8a93	addi	x21,x21,-96	 x21:0x8000a024 x21=0x80009fc4
         215000	        20	80000030	00002f17	auipc	x30,0x2	 x30=0x8000202c
         225000	        21	80000034	e4cf0f13	addi	x30,x30,-436	 x30:0x8000202c x30=0x80001e78
         235000	        22	80000038	000f6f13	ori	x30,x30,0	 x30:0x80001e78 x30=0x80001e78
         245000	        23	8000003c	00000013	addi	x0,x0,0	  x0:0x00000000
         255000	        24	80000040	00000f17	auipc	x30,0x0	 x30=0x8000003c
         265000	        25	80000044	020f0f13	addi	x30,x30,32	 x30:0x8000003c x30=0x8000005c
         275000	        26	80000048	00000013	addi	x0,x0,0	  x0:0x00000000
         285000	        27	8000004c	00000013	addi	x0,x0,0	  x0:0x00000000
         295000	        28	80000050	00002f37	lui	x30,0x2	 x30=0x00002000
         305000	        29	80000054	800f0f13	addi	x30,x30,-2048	 x30:0x00002000 x30=0x00001800
         315000	        30	80000058	00000013	addi	x0,x0,0	  x0:0x00000000
         325000	        31	8000005c	00000013	addi	x0,x0,0	  x0:0x00000000
         335000	        32	80000060	173e4037	lui	x0,0x173e4	
         345000	        33	80000064	04200013	addi	x0,x0,66	  x0:0x00000000
         355000	        34	80000068	00000093	addi	x1,x0,0	  x0:0x00000000  x1=0x00000000
         365000	        35	8000006c	f920c137	lui	x2,0xf920c	  x2=0xf920c000
         375000	        36	80000070	a9a10113	addi	x2,x2,-1382	  x2:0xf920c000  x2=0xf920ba9a
         385000	        37	80000074	800001b7	lui	x3,0x80000	  x3=0x80000000
         395000	        38	80000078	f9891237	lui	x4,0xf9891	  x4=0xf9891000
         405000	        39	8000007c	8e120213	addi	x4,x4,-1823	  x4:0xf9891000  x4=0xf98908e1
         415000	        40	80000080	00000293	addi	x5,x0,0	  x0:0x00000000  x5=0x00000000
         425000	        41	80000084	80000337	lui	x6,0x80000	  x6=0x80000000
         435000	        42	80000088	00200393	addi	x7,x0,2	  x0:0x00000000  x7=0x00000002
         445000	        43	8000008c	ff7cd437	lui	x8,0xff7cd	  x8=0xff7cd000
         455000	        44	80000090	8d440413	addi	x8,x8,-1836	  x8:0xff7cd000  x8=0xff7cc8d4
         465000	        45	80000094	800004b7	lui	x9,0x80000	  x9=0x80000000
         475000	        46	80000098	fc958537	lui	x10,0xfc958	 x10=0xfc958000
         485000	        47	8000009c	42250513	addi	x10,x10,1058	 x10:0xfc958000 x10=0xfc958422
         495000	        48	800000a0	00e00593	addi	x11,x0,14	  x0:0x00000000 x11=0x0000000e
         505000	        49	800000a4	00000613	addi	x12,x0,0	  x0:0x00000000 x12=0x00000000
         515000	        50	800000a8	00200693	addi	x13,x0,2	  x0:0x00000000 x13=0x00000002
         525000	        51	800000ac	00700713	addi	x14,x0,7	  x0:0x00000000 x14=0x00000007
         535000	        52	800000b0	f1afa7b7	lui	x15,0xf1afa	 x15=0xf1afa000
         545000	        53	800000b4	f3978793	addi	x15,x15,-199	 x15:0xf1afa000 x15=0xf1af9f39
         555000	        54	800000b8	00b00813	addi	x16,x0,11	  x0:0x00000000 x16=0x0000000b
         565000	        55	800000bc	800008b7	lui	x17,0x80000	 x17=0x80000000
         575000	        56	800000c0	00e00913	addi	x18,x0,14	  x0:0x00000000 x18=0x0000000e
         585000	        57	800000c4	00b00993	addi	x19,x0,11	  x0:0x00000000 x19=0x0000000b
         595000	        58	800000c8	80000a37	lui	x20,0x80000	 x20=0x80000000
         605000	        59	800000cc	c0e53b37	lui	x22,0xc0e53	 x22=0xc0e53000
         615000	        60	800000d0	fceb0b13	addi	x22,x22,-50	 x22:0xc0e53000 x22=0xc0e52fce
         625000	        61	800000d4	80000bb7	lui	x23,0x80000	 x23=0x80000000
         635000	        62	800000d8	80000c37	lui	x24,0x80000	 x24=0x80000000
         645000	        63	800000dc	ff059cb7	lui	x25,0xff059	 x25=0xff059000
         655000	        64	800000e0	5d1c8c93	addi	x25,x25,1489	 x25:0xff059000 x25=0xff0595d1
         665000	        65	800000e4	fd1ecd37	lui	x26,0xfd1ec	 x26=0xfd1ec000
         675000	        66	800000e8	dedd0d13	addi	x26,x26,-531	 x26:0xfd1ec000 x26=0xfd1ebded
         685000	        67	800000ec	00a00d93	addi	x27,x0,10	  x0:0x00000000 x27=0x0000000a
         695000	        68	800000f0	80000e37	lui	x28,0x80000	 x28=0x80000000
         705000	        69	800000f4	80000eb7	lui	x29,0x80000	 x29=0x80000000
         715000	        70	800000f8	80000f37	lui	x30,0x80000	 x30=0x80000000
         725000	        71	800000fc	0000af97	auipc	x31,0xa	 x31=0x8000a0f8
         735000	        72	80000100	e8cf8f93	addi	x31,x31,-372	 x31:0x8000a0f8 x31=0x80009f84
         745000	        73	80000104	00009317	auipc	x6,0x9	  x6=0x80009100
         755000	        74	80000108	dc530313	addi	x6,x6,-571	  x6:0x80009100  x6=0x80008ec5
         765000	        75	8000010c	00009b97	auipc	x23,0x9	 x23=0x80009108
         775000	        76	80000110	8a3b8b93	addi	x23,x23,-1885	 x23:0x80009108 x23=0x800089ab
         785000	        77	80000114	f56bc883	lbu	x17,-170(x23)	 x23:0x800089ab x17=0x00000000 PA:0x80008901
         795000	        78	80000118	00009097	auipc	x1,0x9	  x1=0x80009114
         805000	        79	8000011c	ddd08093	addi	x1,x1,-547	  x1:0x80009114  x1=0x80008ef1
         815000	        80	80000120	bc230a23	sb	x2,-1068(x6)	  x6:0x80008ec5  x2:0xf920ba9a PA:0x80008a99
         825000	        81	80000124	00009717	auipc	x14,0x9	 x14=0x80009120
         835000	        82	80000128	9ff70713	addi	x14,x14,-1537	 x14:0x80009120 x14=0x80008b1f
         845000	        83	8000012c	faf08ea3	sb	x15,-67(x1)	  x1:0x80008ef1 x15:0xf1af9f39 PA:0x80008eae
         855000	        84	80000130	ff908fa3	sb	x25,-1(x1)	  x1:0x80008ef1 x25:0xff0595d1 PA:0x80008ef0
         865000	        85	80000134	fb9baca3	sw	x25,-71(x23)	 x23:0x800089ab x25:0xff0595d1 PA:0x80008964
         875000	        86	80000138	038bcc83	lbu	x25,56(x23)	 x23:0x800089ab x25=0x00000000 PA:0x800089e3
         885000	        87	8000013c	00009497	auipc	x9,0x9	  x9=0x80009138
         895000	        88	80000140	a5948493	addi	x9,x9,-1447	  x9:0x80009138  x9=0x80008b91
         905000	        89	80000144	0da091a3	sh	x26,195(x1)	  x1:0x80008ef1 x26:0xfd1ebded PA:0x80008fb4
         915000	        90	80000148	086bc683	lbu	x13,134(x23)	 x23:0x800089ab x13=0x00000000 PA:0x80008a31
         925000	        91	8000014c	b9030783	lb	x15,-1136(x6)	  x6:0x80008ec5 x15=0x00000000 PA:0x80008a55
         935000	        92	80000150	0b774183	lbu	x3,183(x14)	 x14:0x80008b1f  x3=0x00000000 PA:0x80008bd6
         945000	        93	80000154	44c48403	lb	x8,1100(x9)	  x9:0x80008b91  x8=0x00000000 PA:0x80008fdd
         955000	        94	80000158	05b30383	lb	x7,91(x6)	  x6:0x80008ec5  x7=0x00000000 PA:0x80008f20
         965000	        95	8000015c	04208023	sb	x2,64(x1)	  x1:0x80008ef1  x2:0xf920ba9a PA:0x80008f31
         975000	        96	80000160	a7830e03	lb	x28,-1416(x6)	  x6:0x80008ec5 x28=0x00000000 PA:0x8000893d
         985000	        97	80000164	fa4bc203	lbu	x4,-92(x23)	 x23:0x800089ab  x4=0x00000000 PA:0x8000894f
         995000	        98	80000168	02f30aa3	sb	x15,53(x6)	  x6:0x80008ec5 x15:0x00000000 PA:0x80008efa
        1005000	        99	8000016c	279701a3	sb	x25,611(x14)	 x14:0x80008b1f x25:0x00000000 PA:0x80008d82
        1015000	       100	80000170	14070403	lb	x8,320(x14)	 x14:0x80008b1f  x8=0x00000000 PA:0x80008c5f
        1025000	       101	80000174	e2549683	lh	x13,-475(x9)	  x9:0x80008b91 x13=0x00000000 PA:0x800089b6
        1035000	       102	80000178	f7874283	lbu	x5,-136(x14)	 x14:0x80008b1f  x5=0x00000000 PA:0x80008a97
        1045000	       103	8000017c	b8230823	sb	x2,-1136(x6)	  x6:0x80008ec5  x2:0xf920ba9a PA:0x80008a55
        1055000	       104	80000180	fb3b9283	lh	x5,-77(x23)	 x23:0x800089ab  x5=0x00000000 PA:0x8000895e
        1065000	       105	80000184	f54b8623	sb	x20,-180(x23)	 x23:0x800089ab x20:0x80000000 PA:0x800088f7
        1075000	       106	80000188	27848923	sb	x24,626(x9)	  x9:0x80008b91 x24:0x80000000 PA:0x80008e03
        1085000	       107	8000018c	00f083a3	sb	x15,7(x1)	  x1:0x80008ef1 x15:0x00000000 PA:0x80008ef8
        1095000	       108	80000190	f9c34203	lbu	x4,-100(x6)	  x6:0x80008ec5  x4=0x00000000 PA:0x80008e61
        1105000	       109	80000194	36949da3	sh	x9,891(x9)	  x9:0x80008b91  x9:0x80008b91 PA:0x80008f0c
        1115000	       110	80000198	b85309a3	sb	x5,-1133(x6)	  x6:0x80008ec5  x5:0x00000000 PA:0x80008a58
        1125000	       111	8000019c	1e44cc03	lbu	x24,484(x9)	  x9:0x80008b91 x24=0x00000000 PA:0x80008d75
        1135000	       112	800001a0	f95b8a23	sb	x21,-108(x23)	 x23:0x800089ab x21:0x80009fc4 PA:0x8000893f
        1145000	       113	800001a4	3e8701a3	sb	x8,995(x14)	 x14:0x80008b1f  x8:0x00000000 PA:0x80008f02
        1155000	       114	800001a8	00009297	auipc	x5,0x9	  x5=0x800091a4
        1165000	       115	800001ac	c7c28293	addi	x5,x5,-900	  x5:0x800091a4  x5=0x80008e20
        1175000	       116	800001b0	f0828e23	sb	x8,-228(x5)	  x5:0x80008e20  x8:0x00000000 PA:0x80008d3c
        1185000	       117	800001b4	9fe28717	auipc	x14,0x9fe28	 x14=0x1fe281b0
        1195000	       118	800001b8	f1c2cd03	lbu	x26,-228(x5)	  x5:0x80008e20 x26=0x00000000 PA:0x80008d3c
        1205000	       119	800001bc	f1c2c583	lbu	x11,-228(x5)	  x5:0x80008e20 x11=0x00000000 PA:0x80008d3c
        1215000	       120	800001c0	f1c28183	lb	x3,-228(x5)	  x5:0x80008e20  x3=0x00000000 PA:0x80008d3c
        1225000	       121	800001c4	f1c2a683	lw	x13,-228(x5)	  x5:0x80008e20 x13=0x00000000 PA:0x80008d3c
        1235000	       122	800001c8	f1128e23	sb	x17,-228(x5)	  x5:0x80008e20 x17:0x00000000 PA:0x80008d3c
        1245000	       123	800001cc	f0f28e23	sb	x15,-228(x5)	  x5:0x80008e20 x15:0x00000000 PA:0x80008d3c
        1255000	       124	800001d0	f1c2c403	lbu	x8,-228(x5)	  x5:0x80008e20  x8=0x00000000 PA:0x80008d3c
        1265000	       125	800001d4	fd7287a3	sb	x23,-49(x5)	  x5:0x80008e20 x23:0x800089ab PA:0x80008def
        1275000	       126	800001d8	fcf2c483	lbu	x9,-49(x5)	  x5:0x80008e20  x9=0x000000ab PA:0x80008def
        1285000	       127	800001dc	fd8287a3	sb	x24,-49(x5)	  x5:0x80008e20 x24:0x00000000 PA:0x80008def
        1295000	       128	800001e0	fcf2c683	lbu	x13,-49(x5)	  x5:0x80008e20 x13=0x00000000 PA:0x80008def
        1305000	       129	800001e4	80c78613	addi	x12,x15,-2036	 x15:0x00000000 x12=0xfffff80c
        1315000	       130	800001e8	fcf2c983	lbu	x19,-49(x5)	  x5:0x80008e20 x19=0x00000000 PA:0x80008def
        1325000	       131	800001ec	00008297	auipc	x5,0x8	  x5=0x800081e8
        1335000	       132	800001f0	26328293	addi	x5,x5,611	  x5:0x800081e8  x5=0x8000844b
        1345000	       133	800001f4	fc12db03	lhu	x22,-63(x5)	  x5:0x8000844b x22=0x00000000 PA:0x8000840c
        1355000	       134	800001f8	fc129d83	lh	x27,-63(x5)	  x5:0x8000844b x27=0x00000000 PA:0x8000840c
        1365000	       135	800001fc	1b528103	lb	x2,437(x5)	  x5:0x8000844b  x2=0x00000000 PA:0x80008600
        1375000	       136	80000200	11728a03	lb	x20,279(x5)	  x5:0x8000844b x20=0x00000000 PA:0x80008562
        1385000	       137	80000204	1172d203	lhu	x4,279(x5)	  x5:0x8000844b  x4=0x00000000 PA:0x80008562
        1395000	       138	80000208	1172df03	lhu	x30,279(x5)	  x5:0x8000844b x30=0x00000000 PA:0x80008562
        1405000	       139	8000020c	53bbc013	xori	x0,x23,1339	 x23:0x800089ab
        1415000	       140	80000210	10229ba3	sh	x2,279(x5)	  x5:0x8000844b  x2:0x00000000 PA:0x80008562
        1425000	       141	80000214	f892ad03	lw	x26,-119(x5)	  x5:0x8000844b x26=0x00000000 PA:0x800083d4
        1435000	       142	80000218	f0e6e693	ori	x13,x13,-242	 x13:0x00000000 x13=0xffffff0e
        1445000	       143	8000021c	01ce6e33	or	x28,x28,x28	 x28:0x00000000 x28:0x00000000 x28=0x00000000
        1455000	       144	80000220	f86284a3	sb	x6,-119(x5)	  x5:0x8000844b  x6:0x80008ec5 PA:0x800083d4
        1465000	       145	80000224	08728023	sb	x7,128(x5)	  x5:0x8000844b  x7:0x00000000 PA:0x800084cb
        1475000	       146	80000228	3382c983	lbu	x19,824(x5)	  x5:0x8000844b x19=0x00000000 PA:0x80008783
        1485000	       147	8000022c	3382c403	lbu	x8,824(x5)	  x5:0x8000844b  x8=0x00000000 PA:0x80008783
        1495000	       148	80000230	00009997	auipc	x19,0x9	 x19=0x8000922c
        1505000	       149	80000234	d0e98993	addi	x19,x19,-754	 x19:0x8000922c x19=0x80008f3a
        1515000	       150	80000238	f819cd03	lbu	x26,-127(x19)	 x19:0x80008f3a x26=0x00000000 PA:0x80008ebb
        1525000	       151	8000023c	41445213	srai	x4,x8,0x14	  x8:0x00000000  x4=0x00000000
        1535000	       152	80000240	007131b3	sltu	x3,x2,x7	  x2:0x00000000  x7:0x00000000  x3=0x00000000
        1545000	       153	80000244	f4b984a3	sb	x11,-183(x19)	 x19:0x80008f3a x11:0x00000000 PA:0x80008e83
        1555000	       154	80000248	f499c103	lbu	x2,-183(x19)	 x19:0x80008f3a  x2=0x00000000 PA:0x80008e83
        1565000	       155	8000024c	e55fc293	xori	x5,x31,-427	 x31:0x80009f84  x5=0x7fff61d1
        1575000	       156	80000250	f4998403	lb	x8,-183(x19)	 x19:0x80008f3a  x8=0x00000000 PA:0x80008e83
        1585000	       157	80000254	bb68b093	sltiu	x1,x17,-1098	 x17:0x00000000  x1=0x00000001
        1595000	       158	80000258	1a562013	slti	x0,x12,421	 x12:0xfffff80c
        1605000	       159	8000025c	f43984a3	sb	x3,-183(x19)	 x19:0x80008f3a  x3:0x00000000 PA:0x80008e83
        1615000	       160	80000260	f58984a3	sb	x24,-183(x19)	 x19:0x80008f3a x24:0x00000000 PA:0x80008e83
        1625000	       161	80000264	f499cc03	lbu	x24,-183(x19)	 x19:0x80008f3a x24=0x00000000 PA:0x80008e83
        1635000	       162	80000268	f57984a3	sb	x23,-183(x19)	 x19:0x80008f3a x23:0x800089ab PA:0x80008e83
        1645000	       163	8000026c	f4998083	lb	x1,-183(x19)	 x19:0x80008f3a  x1=0xffffffab PA:0x80008e83
        1655000	       164	80000270	f499ca03	lbu	x20,-183(x19)	 x19:0x80008f3a x20=0x000000ab PA:0x80008e83
        1665000	       165	80000274	f4998e03	lb	x28,-183(x19)	 x19:0x80008f3a x28=0xffffffab PA:0x80008e83
        1675000	       166	80000278	f499c403	lbu	x8,-183(x19)	 x19:0x80008f3a  x8=0x000000ab PA:0x80008e83
        1685000	       167	8000027c	f499c303	lbu	x6,-183(x19)	 x19:0x80008f3a  x6=0x000000ab PA:0x80008e83
        1695000	       168	80000280	00009797	auipc	x15,0x9	 x15=0x8000927c
        1705000	       169	80000284	a5c78793	addi	x15,x15,-1444	 x15:0x8000927c x15=0x80008cd8
        1715000	       170	80000288	00009c97	auipc	x25,0x9	 x25=0x80009284
        1725000	       171	8000028c	850c8c93	addi	x25,x25,-1968	 x25:0x80009284 x25=0x80008ad4
        1735000	       172	80000290	00009517	auipc	x10,0x9	 x10=0x8000928c
        1745000	       173	80000294	85c50513	addi	x10,x10,-1956	 x10:0x8000928c x10=0x80008ae8
        1755000	       174	80000298	0a17cf03	lbu	x30,161(x15)	 x15:0x80008cd8 x30=0x00000000 PA:0x80008d79
        1765000	       175	8000029c	1c378423	sb	x3,456(x15)	 x15:0x80008cd8  x3:0x00000000 PA:0x80008ea0
        1775000	       176	800002a0	24a7cb83	lbu	x23,586(x15)	 x15:0x80008cd8 x23=0x00000000 PA:0x80008f22
        1785000	       177	800002a4	00008897	auipc	x17,0x8	 x17=0x800082a0
        1795000	       178	800002a8	6b588893	addi	x17,x17,1717	 x17:0x800082a0 x17=0x80008955
        1805000	       179	800002ac	ff850ca3	sb	x24,-7(x10)	 x10:0x80008ae8 x24:0x00000000 PA:0x80008ae1
        1815000	       180	800002b0	01bc8083	lb	x1,27(x25)	 x25:0x80008ad4  x1=0x00000000 PA:0x80008aef
        1825000	       181	800002b4	ba378d03	lb	x26,-1117(x15)	 x15:0x80008cd8 x26=0x00000000 PA:0x8000887b
        1835000	       182	800002b8	fd950f03	lb	x30,-39(x10)	 x10:0x80008ae8 x30=0x00000000 PA:0x80008ac1
        1845000	       183	800002bc	02bc8d83	lb	x27,43(x25)	 x25:0x80008ad4 x27=0x00000000 PA:0x80008aff
        1855000	       184	800002c0	00009397	auipc	x7,0x9	  x7=0x800092bc
        1865000	       185	800002c4	84a38393	addi	x7,x7,-1974	  x7:0x800092bc  x7=0x80008b06
        1875000	       186	800002c8	fd1c8423	sb	x17,-56(x25)	 x25:0x80008ad4 x17:0x80008955 PA:0x80008a9c
        1885000	       187	800002cc	02b50683	lb	x13,43(x10)	 x10:0x80008ae8 x13=0x00000000 PA:0x80008b13
        1895000	       188	800002d0	fc255103	lhu	x2,-62(x10)	 x10:0x80008ae8  x2=0x00000000 PA:0x80008aaa
        1905000	       189	800002d4	ffcc9e03	lh	x28,-4(x25)	 x25:0x80008ad4 x28=0x00000000 PA:0x80008ad0
        1915000	       190	800002d8	ff954203	lbu	x4,-7(x10)	 x10:0x80008ae8  x4=0x00000000 PA:0x80008ae1
        1925000	       191	800002dc	05588a23	sb	x21,84(x17)	 x17:0x80008955 x21:0x80009fc4 PA:0x800089a9
        1935000	       192	800002e0	0013cd83	lbu	x27,1(x7)	  x7:0x80008b06 x27=0x00000000 PA:0x80008b07
        1945000	       193	800002e4	0278d283	lhu	x5,39(x17)	 x17:0x80008955  x5=0x00000000 PA:0x8000897c
        1955000	       194	800002e8	fc450c23	sb	x4,-40(x10)	 x10:0x80008ae8  x4:0x00000000 PA:0x80008ac0
        1965000	       195	800002ec	fc8ca003	lw	x0,-56(x25)	 x25:0x80008ad4 PA:0x80008a9c
        1975000	       196	800002f0	fd9505a3	sb	x25,-53(x10)	 x10:0x80008ae8 x25:0x80008ad4 PA:0x80008ab3
        1985000	       197	800002f4	ff888623	sb	x24,-20(x17)	 x17:0x80008955 x24:0x00000000 PA:0x80008941
        1995000	       198	800002f8	02dc8983	lb	x19,45(x25)	 x25:0x80008ad4 x19=0x00000000 PA:0x80008b01
        2005000	       199	800002fc	da278d83	lb	x27,-606(x15)	 x15:0x80008cd8 x27=0x00000000 PA:0x80008a7a
        2015000	       200	80000300	004cc983	lbu	x19,4(x25)	 x25:0x80008ad4 x19=0x00000000 PA:0x80008ad8
        2025000	       201	80000304	fd03dd83	lhu	x27,-48(x7)	  x7:0x80008b06 x27=0x00000000 PA:0x80008ad6
        2035000	       202	80000308	fcdc89a3	sb	x13,-45(x25)	 x25:0x80008ad4 x13:0x00000000 PA:0x80008aa7
        2045000	       203	8000030c	03ec8123	sb	x30,34(x25)	 x25:0x80008ad4 x30:0x00000000 PA:0x80008af6
        2055000	       204	80000310	fe951d23	sh	x9,-6(x10)	 x10:0x80008ae8  x9:0x000000ab PA:0x80008ae2
        2065000	       205	80000314	caa7c483	lbu	x9,-854(x15)	 x15:0x80008cd8  x9=0x00000000 PA:0x80008982
        2075000	       206	80000318	fd138083	lb	x1,-47(x7)	  x7:0x80008b06  x1=0x00000000 PA:0x80008ad7
        2085000	       207	8000031c	024c8e23	sb	x4,60(x25)	 x25:0x80008ad4  x4:0x00000000 PA:0x80008b10
        2095000	       208	80000320	fe350303	lb	x6,-29(x10)	 x10:0x80008ae8  x6=0x00000000 PA:0x80008acb
        2105000	       209	80000324	bcb78e23	sb	x11,-1060(x15)	 x15:0x80008cd8 x11:0x00000000 PA:0x800088b4
        2115000	       210	80000328	05839023	sh	x24,64(x7)	  x7:0x80008b06 x24:0x00000000 PA:0x80008b46
        2125000	       211	8000032c	0748c903	lbu	x18,116(x17)	 x17:0x80008955 x18=0x00000000 PA:0x800089c9
        2135000	       212	80000330	cb978e83	lb	x29,-839(x15)	 x15:0x80008cd8 x29=0x00000000 PA:0x80008991
        2145000	       213	80000334	0383cb03	lbu	x22,56(x7)	  x7:0x80008b06 x22=0x00000000 PA:0x80008b3e
        2155000	       214	80000338	ff450b03	lb	x22,-12(x10)	 x10:0x80008ae8 x22=0x00000000 PA:0x80008adc
        2165000	       215	8000033c	f928c703	lbu	x14,-110(x17)	 x17:0x80008955 x14=0x00000000 PA:0x800088e7
        2175000	       216	80000340	fda3c083	lbu	x1,-38(x7)	  x7:0x80008b06  x1=0x00000000 PA:0x80008ae0
        2185000	       217	00000000	00000013	addi	x0,x0,0	  x0:0x00000000
        2195000	       218	80000344	00009697	auipc	x13,0x9	 x13=0x80009340
        2205000	       219	80000348	81968693	addi	x13,x13,-2023	 x13:0x80009340 x13=0x80008b59
        2215000	       220	8000034c	e70686a3	sb	x16,-403(x13)	 x13:0x80008b59 x16:0x0000000b PA:0x800089c6
        2225000	       221	80000350	41318033	sub	x0,x3,x19	  x3:0x00000000 x19:0x00000000
        2235000	       222	80000354	e6d6da03	lhu	x20,-403(x13)	 x13:0x80008b59 x20=0x0000000b PA:0x800089c6
        2245000	       223	80000358	e7c696a3	sh	x28,-403(x13)	 x13:0x80008b59 x28:0x00000000 PA:0x800089c6
        2255000	       224	8000035c	e6d6d583	lhu	x11,-403(x13)	 x13:0x80008b59 x11=0x00000000 PA:0x800089c6
        2265000	       225	80000360	f06696a3	sh	x6,-243(x13)	 x13:0x80008b59  x6:0x00000000 PA:0x80008a66
        2275000	       226	80000364	f4969aa3	sh	x9,-171(x13)	 x13:0x80008b59  x9:0x00000000 PA:0x80008aae
        2285000	       227	80000368	2a468b03	lb	x22,676(x13)	 x13:0x80008b59 x22=0x00000000 PA:0x80008dfd
        2295000	       228	8000036c	43568823	sb	x21,1072(x13)	 x13:0x80008b59 x21:0x80009fc4 PA:0x80008f89
        2305000	       229	80000370	016689a3	sb	x22,19(x13)	 x13:0x80008b59 x22:0x00000000 PA:0x80008b6c
        2315000	       230	80000374	0501e713	ori	x14,x3,80	  x3:0x00000000 x14=0x00000050
        2325000	       231	80000378	0136c583	lbu	x11,19(x13)	 x13:0x80008b59 x11=0x00000000 PA:0x80008b6c
        2335000	       232	8000037c	00e699a3	sh	x14,19(x13)	 x13:0x80008b59 x14:0x00000050 PA:0x80008b6c
        2345000	       233	80000380	fd76afa3	sw	x23,-33(x13)	 x13:0x80008b59 x23:0x00000000 PA:0x80008b38
        2355000	       234	80000384	27368ba3	sb	x19,631(x13)	 x13:0x80008b59 x19:0x00000000 PA:0x80008dd0
        2365000	       235	80000388	27768603	lb	x12,631(x13)	 x13:0x80008b59 x12=0x00000000 PA:0x80008dd0
        2375000	       236	8000038c	00008117	auipc	x2,0x8	  x2=0x80008388
        2385000	       237	80000390	56510113	addi	x2,x2,1381	  x2:0x80008388  x2=0x800088ed
        2395000	       238	80000394	0d7104a3	sb	x23,201(x2)	  x2:0x800088ed x23:0x00000000 PA:0x800089b6
        2405000	       239	80000398	002f0333	add	x6,x30,x2	 x30:0x00000000  x2:0x800088ed  x6=0x800088ed
        2415000	       240	8000039c	017ff6b3	and	x13,x31,x23	 x31:0x80009f84 x23:0x00000000 x13=0x00000000
        2425000	       241	800003a0	00000013	addi	x0,x0,0	  x0:0x00000000
        2435000	       242	800003a4	c25ca493	slti	x9,x25,-987	 x25:0x80008ad4  x9=0x00000001
        2445000	       243	800003a8	02911003	lh	x0,41(x2)	  x2:0x800088ed PA:0x80008916
        2455000	       244	800003ac	03e10ea3	sb	x30,61(x2)	  x2:0x800088ed x30:0x00000000 PA:0x8000892a
        2465000	       245	800003b0	09a14603	lbu	x12,154(x2)	  x2:0x800088ed x12=0x00000000 PA:0x80008987
        2475000	       246	800003b4	86438c93	addi	x25,x7,-1948	  x7:0x80008b06 x25=0x8000836a
        2485000	       247	800003b8	011344b3	xor	x9,x6,x17	  x6:0x800088ed x17:0x80008955  x9=0x000001b8
        2495000	       248	800003bc	00f675b3	and	x11,x12,x15	 x12:0x00000000 x15:0x80008cd8 x11=0x00000000
        2505000	       249	800003c0	ff310723	sb	x19,-18(x2)	  x2:0x800088ed x19:0x00000000 PA:0x800088db
        2515000	       250	800003c4	0069feb3	and	x29,x19,x6	 x19:0x00000000  x6:0x800088ed x29=0x00000000
        2525000	       251	800003c8	0a414c83	lbu	x25,164(x2)	  x2:0x800088ed x25=0x00000000 PA:0x80008991
        2535000	       252	800003cc	00000013	addi	x0,x0,0	  x0:0x00000000
        2545000	       253	800003d0	077117a3	sh	x23,111(x2)	  x2:0x800088ed x23:0x00000000 PA:0x8000895c
        2555000	       254	800003d4	035114a3	sh	x21,41(x2)	  x2:0x800088ed x21:0x80009fc4 PA:0x80008916
        2565000	       255	800003d8	0123b5b3	sltu	x11,x7,x18	  x7:0x80008b06 x18:0x00000000 x11=0x00000000
        2575000	       256	800003dc	f9a10203	lb	x4,-102(x2)	  x2:0x800088ed  x4=0x00000000 PA:0x80008887
        2585000	       257	800003e0	010798b3	sll	x17,x15,x16	 x15:0x80008cd8 x16:0x0000000b x17=0x0466c000
        2595000	       258	800003e4	40d30433	sub	x8,x6,x13	  x6:0x800088ed x13:0x00000000  x8=0x800088ed
        2605000	       259	800003e8	fb9111a3	sh	x25,-93(x2)	  x2:0x800088ed x25:0x00000000 PA:0x80008890
        2615000	       260	800003ec	4138d933	sra	x18,x17,x19	 x17:0x0466c000 x19:0x00000000 x18=0x0466c000
        2625000	       261	800003f0	9608bd13	sltiu	x26,x17,-1696	 x17:0x0466c000 x26=0x00000001
        2635000	       262	800003f4	01d81e93	slli	x29,x16,0x1d	 x16:0x0000000b x29=0x60000000
        2645000	       263	800003f8	0e914903	lbu	x18,233(x2)	  x2:0x800088ed x18=0x00000000 PA:0x800089d6
        2655000	       264	800003fc	2666b093	sltiu	x1,x13,614	 x13:0x00000000  x1=0x00000001
        2665000	       265	80000400	78c5a993	slti	x19,x11,1932	 x11:0x00000000 x19=0x00000001
        2675000	       266	80000404	fbea2e13	slti	x28,x20,-66	 x20:0x0000000b x28=0x00000000
        2685000	       267	80000408	08710883	lb	x17,135(x2)	  x2:0x800088ed x17=0x00000000 PA:0x80008974
        2695000	       268	8000040c	fb7100a3	sb	x23,-95(x2)	  x2:0x800088ed x23:0x00000000 PA:0x8000888e
        2705000	       269	80000410	f9014703	lbu	x14,-112(x2)	  x2:0x800088ed x14=0x00000000 PA:0x8000887d
        2715000	       270	80000414	011a48b3	xor	x17,x20,x17	 x20:0x0000000b x17:0x00000000 x17=0x0000000b
        2725000	       271	80000418	07411aa3	sh	x20,117(x2)	  x2:0x800088ed x20:0x0000000b PA:0x80008962
        2735000	       272	8000041c	00110383	lb	x7,1(x2)	  x2:0x800088ed  x7=0x00000000 PA:0x800088ee
        2745000	       273	80000420	0f6114a3	sh	x22,233(x2)	  x2:0x800088ed x22:0x00000000 PA:0x800089d6
        2755000	       274	80000424	c0a81d37	lui	x26,0xc0a81	 x26=0xc0a81000
        2765000	       275	80000428	419e0db3	sub	x27,x28,x25	 x28:0x00000000 x25:0x00000000 x27=0x00000000
        2775000	       276	8000042c	0c710603	lb	x12,199(x2)	  x2:0x800088ed x12=0x00000000 PA:0x800089b4
        2785000	       277	80000430	00008797	auipc	x15,0x8	 x15=0x8000842c
        2795000	       278	80000434	d7a78793	addi	x15,x15,-646	 x15:0x8000842c x15=0x800081a6
        2805000	       279	80000438	00000013	addi	x0,x0,0	  x0:0x00000000
        2815000	       280	8000043c	ff978da3	sb	x25,-5(x15)	 x15:0x800081a6 x25:0x00000000 PA:0x800081a1
        2825000	       281	80000440	ffb78da3	sb	x27,-5(x15)	 x15:0x800081a6 x27:0x00000000 PA:0x800081a1
        2835000	       282	80000444	ffb7ce03	lbu	x28,-5(x15)	 x15:0x800081a6 x28=0x00000000 PA:0x800081a1
        2845000	       283	80000448	ffb7c683	lbu	x13,-5(x15)	 x15:0x800081a6 x13=0x00000000 PA:0x800081a1
        2855000	       284	8000044c	fe678da3	sb	x6,-5(x15)	 x15:0x800081a6  x6:0x800088ed PA:0x800081a1
        2865000	       285	80000450	ffb78403	lb	x8,-5(x15)	 x15:0x800081a6  x8=0xffffffed PA:0x800081a1
        2875000	       286	80000454	ffb7c983	lbu	x19,-5(x15)	 x15:0x800081a6 x19=0x000000ed PA:0x800081a1
        2885000	       287	80000458	ffb7c703	lbu	x14,-5(x15)	 x15:0x800081a6 x14=0x000000ed PA:0x800081a1
        2895000	       288	8000045c	ff478da3	sb	x20,-5(x15)	 x15:0x800081a6 x20:0x0000000b PA:0x800081a1
        2905000	       289	80000460	fe278da3	sb	x2,-5(x15)	 x15:0x800081a6  x2:0x800088ed PA:0x800081a1
        2915000	       290	80000464	92a56413	ori	x8,x10,-1750	 x10:0x80008ae8  x8=0xfffffbea
        2925000	       291	80000468	ffb78e03	lb	x28,-5(x15)	 x15:0x800081a6 x28=0xffffffed PA:0x800081a1
        2935000	       292	8000046c	ffb78483	lb	x9,-5(x15)	 x15:0x800081a6  x9=0xffffffed PA:0x800081a1
        2945000	       293	80000470	ff378da3	sb	x19,-5(x15)	 x15:0x800081a6 x19:0x000000ed PA:0x800081a1
        2955000	       294	80000474	0047dc03	lhu	x24,4(x15)	 x15:0x800081a6 x24=0x00000000 PA:0x800081aa
        2965000	       295	80000478	00479e83	lh	x29,4(x15)	 x15:0x800081a6 x29=0x00000000 PA:0x800081aa
        2975000	       296	8000047c	3c2d3c93	sltiu	x25,x26,962	 x26:0xc0a81000 x25=0x00000000
        2985000	       297	80000480	00679303	lh	x6,6(x15)	 x15:0x800081a6  x6=0x00000000 PA:0x800081ac
        2995000	       298	80000484	01778323	sb	x23,6(x15)	 x15:0x800081a6 x23:0x00000000 PA:0x800081ac
        3005000	       299	80000488	00678f03	lb	x30,6(x15)	 x15:0x800081a6 x30=0x00000000 PA:0x800081ac
        3015000	       300	8000048c	0067dd83	lhu	x27,6(x15)	 x15:0x800081a6 x27=0x00000000 PA:0x800081ac
        3025000	       301	80000490	00008097	auipc	x1,0x8	  x1=0x8000848c
        3035000	       302	80000494	be708093	addi	x1,x1,-1049	  x1:0x8000848c  x1=0x80008073
        3045000	       303	80000498	0100cb03	lbu	x22,16(x1)	  x1:0x80008073 x22=0x00000000 PA:0x80008083
        3055000	       304	8000049c	00108283	lb	x5,1(x1)	  x1:0x80008073  x5=0x00000000 PA:0x80008074
        3065000	       305	800004a0	00000013	addi	x0,x0,0	  x0:0x00000000
        3075000	       306	800004a4	00008303	lb	x6,0(x1)	  x1:0x80008073  x6=0x00000000 PA:0x80008073
        3085000	       307	800004a8	ffb09603	lh	x12,-5(x1)	  x1:0x80008073 x12=0x00000000 PA:0x8000806e
        3095000	       308	800004ac	364c8913	addi	x18,x25,868	 x25:0x00000000 x18=0x00000364
        3105000	       309	800004b0	fe008f23	sb	x0,-2(x1)	  x1:0x80008073  x0:0x00000000 PA:0x80008071
        3115000	       310	800004b4	ffa0c903	lbu	x18,-6(x1)	  x1:0x80008073 x18=0x00000000 PA:0x8000806d
        3125000	       311	800004b8	185edbb7	lui	x23,0x185ed	 x23=0x185ed000
        3135000	       312	800004bc	01eda4b3	slt	x9,x27,x30	 x27:0x00000000 x30:0x00000000  x9=0x00000000
        3145000	       313	800004c0	01ed9713	slli	x14,x27,0x1e	 x27:0x00000000 x14=0x00000000
        3155000	       314	800004c4	017086a3	sb	x23,13(x1)	  x1:0x80008073 x23:0x185ed000 PA:0x80008080
        3165000	       315	800004c8	005085a3	sb	x5,11(x1)	  x1:0x80008073  x5:0x00000000 PA:0x8000807e
        3175000	       316	800004cc	017081a3	sb	x23,3(x1)	  x1:0x80008073 x23:0x185ed000 PA:0x80008076
        3185000	       317	800004d0	00408783	lb	x15,4(x1)	  x1:0x80008073 x15=0x00000000 PA:0x80008077
        3195000	       318	800004d4	1b803e93	sltiu	x29,x0,440	  x0:0x00000000 x29=0x00000001
        3205000	       319	800004d8	28092613	slti	x12,x18,640	 x18:0x00000000 x12=0x00000001
        3215000	       320	800004dc	e9692613	slti	x12,x18,-362	 x18:0x00000000 x12=0x00000000
        3225000	       321	800004e0	0030c583	lbu	x11,3(x1)	  x1:0x80008073 x11=0x00000000 PA:0x80008076
        3235000	       322	800004e4	0060c383	lbu	x7,6(x1)	  x1:0x80008073  x7=0x00000000 PA:0x80008079
        3245000	       323	800004e8	005bf333	and	x6,x23,x5	 x23:0x185ed000  x5:0x00000000  x6=0x00000000
        3255000	       324	800004ec	0090c403	lbu	x8,9(x1)	  x1:0x80008073  x8=0x00000000 PA:0x8000807c
        3265000	       325	800004f0	63c26c93	ori	x25,x4,1596	  x4:0x00000000 x25=0x0000063c
        3275000	       326	800004f4	b5676313	ori	x6,x14,-1194	 x14:0x00000000  x6=0xfffffb56
        3285000	       327	800004f8	01c08423	sb	x28,8(x1)	  x1:0x80008073 x28:0xffffffed PA:0x8000807b
        3295000	       328	800004fc	01208723	sb	x18,14(x1)	  x1:0x80008073 x18:0x00000000 PA:0x80008081
        3305000	       329	80000500	ff30d983	lhu	x19,-13(x1)	  x1:0x80008073 x19=0x00000000 PA:0x80008066
        3315000	       330	80000504	00009e97	auipc	x29,0x9	 x29=0x80009500
        3325000	       331	80000508	a44e8e93	addi	x29,x29,-1468	 x29:0x80009500 x29=0x80008f44
        3335000	       332	8000050c	00009d97	auipc	x27,0x9	 x27=0x80009508
        3345000	       333	80000510	832d8d93	addi	x27,x27,-1998	 x27:0x80009508 x27=0x80008d3a
        3355000	       334	80000514	00008a17	auipc	x20,0x8	 x20=0x80008510
        3365000	       335	80000518	36da0a13	addi	x20,x20,877	 x20:0x80008510 x20=0x8000887d
        3375000	       336	8000051c	00008b17	auipc	x22,0x8	 x22=0x80008518
        3385000	       337	80000520	5f2b0b13	addi	x22,x22,1522	 x22:0x80008518 x22=0x80008b0a
        3395000	       338	80000524	fe2ec383	lbu	x7,-30(x29)	 x29:0x80008f44  x7=0x00000000 PA:0x80008f26
        3405000	       339	80000528	f68d9603	lh	x12,-152(x27)	 x27:0x80008d3a x12=0x00000000 PA:0x80008ca2
        3415000	       340	8000052c	009e8403	lb	x8,9(x29)	 x29:0x80008f44  x8=0x00000000 PA:0x80008f4d
        3425000	       341	80000530	0bdd8a23	sb	x29,180(x27)	 x27:0x80008d3a x29:0x80008f44 PA:0x80008dee
        3435000	       342	80000534	00008117	auipc	x2,0x8	  x2=0x80008530
        3445000	       343	80000538	48710113	addi	x2,x2,1159	  x2:0x80008530  x2=0x800089b7
        3455000	       344	8000053c	003ec703	lbu	x14,3(x29)	 x29:0x80008f44 x14=0x00000000 PA:0x80008f47
        3465000	       345	80000540	01aa15a3	sh	x26,11(x20)	 x20:0x8000887d x26:0xc0a81000 PA:0x80008888
        3475000	       346	80000544	fccb0303	lb	x6,-52(x22)	 x22:0x80008b0a  x6=0x00000000 PA:0x80008ad6
        3485000	       347	80000548	f1fd9823	sh	x31,-240(x27)	 x27:0x80008d3a x31:0x80009f84 PA:0x80008c4a
        3495000	       348	8000054c	f0ddc503	lbu	x10,-243(x27)	 x27:0x80008d3a x10=0x00000000 PA:0x80008c47
        3505000	       349	80000550	036a0c23	sb	x22,56(x20)	 x20:0x8000887d x22:0x80008b0a PA:0x800088b5
        3515000	       350	80000554	026b2183	lw	x3,38(x22)	 x22:0x80008b0a  x3=0x00000000 PA:0x80008b30
        3525000	       351	80000558	03bb0b83	lb	x23,59(x22)	 x22:0x80008b0a x23=0x00000000 PA:0x80008b45
        3535000	       352	8000055c	fd9b0783	lb	x15,-39(x22)	 x22:0x80008b0a x15=0x00000000 PA:0x80008ae3
        3545000	       353	80000560	036ed883	lhu	x17,54(x29)	 x29:0x80008f44 x17=0x00000000 PA:0x80008f7a
        3555000	       354	80000564	fdea4b83	lbu	x23,-34(x20)	 x20:0x8000887d x23=0x00000000 PA:0x8000885b
        3565000	       355	80000568	010115a3	sh	x16,11(x2)	  x2:0x800089b7 x16:0x0000000b PA:0x800089c2
        3575000	       356	8000056c	fc1b4403	lbu	x8,-63(x22)	 x22:0x80008b0a  x8=0x00000000 PA:0x80008acb
        3585000	       357	80000570	fefa4283	lbu	x5,-17(x20)	 x20:0x8000887d  x5=0x00000000 PA:0x8000886c
        3595000	       358	80000574	ff610583	lb	x11,-10(x2)	  x2:0x800089b7 x11=0x00000000 PA:0x800089ad
        3605000	       359	80000578	060d9003	lh	x0,96(x27)	 x27:0x80008d3a PA:0x80008d9a
        3615000	       360	8000057c	01ca0183	lb	x3,28(x20)	 x20:0x8000887d  x3=0x00000000 PA:0x80008899
        3625000	       361	80000580	fcee8ea3	sb	x14,-35(x29)	 x29:0x80008f44 x14:0x00000000 PA:0x80008f21
        3635000	       362	80000584	00ab2983	lw	x19,10(x22)	 x22:0x80008b0a x19=0x00000000 PA:0x80008b14
        3645000	       363	80000588	01bb0f03	lb	x30,27(x22)	 x22:0x80008b0a x30=0x00000000 PA:0x80008b25
        3655000	       364	8000058c	020b0183	lb	x3,32(x22)	 x22:0x80008b0a  x3=0x00000000 PA:0x80008b2a
        3665000	       365	80000590	01da09a3	sb	x29,19(x20)	 x20:0x8000887d x29:0x80008f44 PA:0x80008890
        3675000	       366	80000594	029a0c03	lb	x24,41(x20)	 x20:0x8000887d x24=0x00000000 PA:0x800088a6
        3685000	       367	80000598	ff410483	lb	x9,-12(x2)	  x2:0x800089b7  x9=0x00000000 PA:0x800089ab
        3695000	       368	8000059c	00fb0e03	lb	x28,15(x22)	 x22:0x80008b0a x28=0x00000000 PA:0x80008b19
        3705000	       369	800005a0	fe8d9903	lh	x18,-24(x27)	 x27:0x80008d3a x18=0x00000000 PA:0x80008d22
        3715000	       370	800005a4	036a0303	lb	x6,54(x20)	 x20:0x8000887d  x6=0x00000000 PA:0x800088b3
        3725000	       371	800005a8	00510023	sb	x5,0(x2)	  x2:0x800089b7  x5:0x00000000 PA:0x800089b7
        3735000	       372	800005ac	f4bd9723	sh	x11,-178(x27)	 x27:0x80008d3a x11:0x00000000 PA:0x80008c88
        3745000	       373	800005b0	03bb0603	lb	x12,59(x22)	 x22:0x80008b0a x12=0x00000000 PA:0x80008b45
        3755000	       374	800005b4	fff10e03	lb	x28,-1(x2)	  x2:0x800089b7 x28=0x00000000 PA:0x800089b6
        3765000	       375	800005b8	00008117	auipc	x2,0x8	  x2=0x800085b4
        3775000	       376	800005bc	c8010113	addi	x2,x2,-896	  x2:0x800085b4  x2=0x80008234
        3785000	       377	800005c0	02714083	lbu	x1,39(x2)	  x2:0x80008234  x1=0x00000000 PA:0x8000825b
        3795000	       378	800005c4	01c01393	slli	x7,x0,0x1c	  x0:0x00000000  x7=0x00000000
        3805000	       379	800005c8	fcf14083	lbu	x1,-49(x2)	  x2:0x80008234  x1=0x00000000 PA:0x80008203
        3815000	       380	800005cc	00000013	addi	x0,x0,0	  x0:0x00000000
        3825000	       381	800005d0	408e5e13	srai	x28,x28,0x8	 x28:0x00000000 x28=0x00000000
        3835000	       382	800005d4	03310d23	sb	x19,58(x2)	  x2:0x80008234 x19:0x00000000 PA:0x8000826e
        3845000	       383	800005d8	014b11b3	sll	x3,x22,x20	 x22:0x80008b0a x20:0x8000887d  x3=0x40000000
        3855000	       384	800005dc	ffa10403	lb	x8,-6(x2)	  x2:0x80008234  x8=0x00000000 PA:0x8000822e
        3865000	       385	800005e0	c98aee93	ori	x29,x21,-872	 x21:0x80009fc4 x29=0xffffffdc
        3875000	       386	800005e4	02411423	sh	x4,40(x2)	  x2:0x80008234  x4:0x00000000 PA:0x8000825c
        3885000	       387	800005e8	fe615c83	lhu	x25,-26(x2)	  x2:0x80008234 x25=0x00000000 PA:0x8000821a
        3895000	       388	800005ec	01a15483	lhu	x9,26(x2)	  x2:0x80008234  x9=0x00000000 PA:0x8000824e
        3905000	       389	00000000	00000013	addi	x0,x0,0	  x0:0x00000000
        3915000	       390	800005f0	fc911123	sh	x9,-62(x2)	  x2:0x80008234  x9:0x00000000 PA:0x800081f6
        3925000	       391	800005f4	41045a13	srai	x20,x8,0x10	  x8:0x00000000 x20=0x00000000
        3935000	       392	800005f8	03910903	lb	x18,57(x2)	  x2:0x80008234 x18=0x00000000 PA:0x8000826d
        3945000	       393	800005fc	5e0a8493	addi	x9,x21,1504	 x21:0x80009fc4  x9=0x8000a5a4
        3955000	       394	80000600	019e5933	srl	x18,x28,x25	 x28:0x00000000 x25:0x00000000 x18=0x00000000
        3965000	       395	80000604	01bd6933	or	x18,x26,x27	 x26:0xc0a81000 x27:0x80008d3a x18=0xc0a89d3a
        3975000	       396	80000608	02910783	lb	x15,41(x2)	  x2:0x80008234 x15=0x00000000 PA:0x8000825d
        3985000	       397	8000060c	fe1f53b7	lui	x7,0xfe1f5	  x7=0xfe1f5000
        3995000	       398	80000610	76b98313	addi	x6,x19,1899	 x19:0x00000000  x6=0x0000076b
        4005000	       399	80000614	000d83b3	add	x7,x27,x0	 x27:0x80008d3a  x0:0x00000000  x7=0x80008d3a
        4015000	       400	80000618	ff9108a3	sb	x25,-15(x2)	  x2:0x80008234 x25:0x00000000 PA:0x80008225
        4025000	       401	8000061c	fce10723	sb	x14,-50(x2)	  x2:0x80008234 x14:0x00000000 PA:0x80008202
        4035000	       402	80000620	03211f23	sh	x18,62(x2)	  x2:0x80008234 x18:0xc0a89d3a PA:0x80008272
        4045000	       403	80000624	02611723	sh	x6,46(x2)	  x2:0x80008234  x6:0x0000076b PA:0x80008262
        4055000	       404	80000628	0191fb33	and	x22,x3,x25	  x3:0x40000000 x25:0x00000000 x22=0x00000000
        4065000	       405	8000062c	02112823	sw	x1,48(x2)	  x2:0x80008234  x1:0x00000000 PA:0x80008264
        4075000	       406	80000630	fc810ea3	sb	x8,-35(x2)	  x2:0x80008234  x8:0x00000000 PA:0x80008211
        4085000	       407	80000634	03e11c03	lh	x24,62(x2)	  x2:0x80008234 x24=0xffff9d3a PA:0x80008272
        4095000	       408	00000000	00000013	addi	x0,x0,0	  x0:0x00000000
        4105000	       409	80000638	0185d513	srli	x10,x11,0x18	 x11:0x00000000 x10=0x00000000
        4115000	       410	8000063c	ff810583	lb	x11,-8(x2)	  x2:0x80008234 x11=0x00000000 PA:0x8000822c
        4125000	       411	80000640	01f99293	slli	x5,x19,0x1f	 x19:0x00000000  x5=0x00000000
        4135000	       412	80000644	a499a593	slti	x11,x19,-1463	 x19:0x00000000 x11=0x00000000
        4145000	       413	80000648	02710c83	lb	x25,39(x2)	  x2:0x80008234 x25=0x00000000 PA:0x8000825b
        4155000	       414	8000064c	01010f03	lb	x30,16(x2)	  x2:0x80008234 x30=0x00000000 PA:0x80008244
        4165000	       415	80000650	fda11903	lh	x18,-38(x2)	  x2:0x80008234 x18=0x00000000 PA:0x8000820e
        4175000	       416	80000654	910f2713	slti	x14,x30,-1776	 x30:0x00000000 x14=0x00000000
        4185000	       417	80000658	00f3ba33	sltu	x20,x7,x15	  x7:0x80008d3a x15:0x00000000 x20=0x00000000
        4195000	       418	8000065c	4120dc13	srai	x24,x1,0x12	  x1:0x00000000 x24=0x00000000
        4205000	       419	80000660	019302b3	add	x5,x6,x25	  x6:0x0000076b x25:0x00000000  x5=0x0000076b
        4215000	       420	80000664	00000013	addi	x0,x0,0	  x0:0x00000000
        4225000	       421	80000668	00d47eb3	and	x29,x8,x13	  x8:0x00000000 x13:0x00000000 x29=0x00000000
        4235000	       422	8000066c	003e1a33	sll	x20,x28,x3	 x28:0x00000000  x3:0x40000000 x20=0x00000000
        4245000	       423	80000670	00067233	and	x4,x12,x0	 x12:0x00000000  x0:0x00000000  x4=0x00000000
        4255000	       424	80000674	01895293	srli	x5,x18,0x18	 x18:0x00000000  x5=0x00000000
        4265000	       425	80000678	017e5933	srl	x18,x28,x23	 x28:0x00000000 x23:0x00000000 x18=0x00000000
        4275000	       426	8000067c	41ff88b3	sub	x17,x31,x31	 x31:0x80009f84 x31:0x80009f84 x17=0x00000000
        4285000	       427	80000680	01a11923	sh	x26,18(x2)	  x2:0x80008234 x26:0xc0a81000 PA:0x80008246
        4295000	       428	80000684	d2074f13	xori	x30,x14,-736	 x14:0x00000000 x30=0xfffffd20
        4305000	       429	80000688	fcf14183	lbu	x3,-49(x2)	  x2:0x80008234  x3=0x00000000 PA:0x80008203
        4315000	       430	8000068c	00008e17	auipc	x28,0x8	 x28=0x80008688
        4325000	       431	80000690	b0ae0e13	addi	x28,x28,-1270	 x28:0x80008688 x28=0x80008192
        4335000	       432	80000694	02ee5303	lhu	x6,46(x28)	 x28:0x80008192  x6=0x00000000 PA:0x800081c0
        4345000	       433	80000698	fe4e5d03	lhu	x26,-28(x28)	 x28:0x80008192 x26=0x00000000 PA:0x80008176
        4355000	       434	8000069c	00008f17	auipc	x30,0x8	 x30=0x80008698
        4365000	       435	800006a0	d2df0f13	addi	x30,x30,-723	 x30:0x80008698 x30=0x800083c5
        4375000	       436	800006a4	fede4383	lbu	x7,-19(x28)	 x28:0x80008192  x7=0x00000000 PA:0x8000817f
        4385000	       437	800006a8	006f0603	lb	x12,6(x30)	 x30:0x800083c5 x12=0x00000000 PA:0x800083cb
        4395000	       438	800006ac	ff4e4703	lbu	x14,-12(x28)	 x28:0x80008192 x14=0x00000000 PA:0x80008186
        4405000	       439	800006b0	03ae2323	sw	x26,38(x28)	 x28:0x80008192 x26:0x00000000 PA:0x800081b8
        4415000	       440	800006b4	fc7e4283	lbu	x5,-57(x28)	 x28:0x80008192  x5=0x00000000 PA:0x80008159
        4425000	       441	800006b8	ff8f4d03	lbu	x26,-8(x30)	 x30:0x800083c5 x26=0x00000000 PA:0x800083bd
        4435000	       442	800006bc	034e0603	lb	x12,52(x28)	 x28:0x80008192 x12=0x00000000 PA:0x800081c6
        4445000	       443	800006c0	ff0f1aa3	sh	x16,-11(x30)	 x30:0x800083c5 x16:0x0000000b PA:0x800083ba
        4455000	       444	800006c4	ff1f0503	lb	x10,-15(x30)	 x30:0x800083c5 x10=0x00000000 PA:0x800083b6
        4465000	       445	800006c8	fefe0b23	sb	x15,-10(x28)	 x28:0x80008192 x15:0x00000000 PA:0x80008188
        4475000	       446	800006cc	ffee04a3	sb	x30,-23(x28)	 x28:0x80008192 x30:0x800083c5 PA:0x8000817b
        4485000	       447	800006d0	00ff1903	lh	x18,15(x30)	 x30:0x800083c5 x18=0x000000c5 PA:0x800083d4
        4495000	       448	800006d4	00008d17	auipc	x26,0x8	 x26=0x800086d0
        4505000	       449	800006d8	429d0d13	addi	x26,x26,1065	 x26:0x800086d0 x26=0x80008af9
        4515000	       450	800006dc	967ac393	xori	x7,x21,-1689	 x21:0x80009fc4  x7=0x7fff66a3
        4525000	       451	800006e0	fc4d0083	lb	x1,-60(x26)	 x26:0x80008af9  x1=0x00000000 PA:0x80008abd
        4535000	       452	800006e4	32e33713	sltiu	x14,x6,814	  x6:0x00000000 x14=0x00000001
        4545000	       453	800006e8	fddd0283	lb	x5,-35(x26)	 x26:0x80008af9  x5=0x00000000 PA:0x80008ad6
        4555000	       454	800006ec	416b84b3	sub	x9,x23,x22	 x23:0x00000000 x22:0x00000000  x9=0x00000000
        4565000	       455	800006f0	0128a233	slt	x4,x17,x18	 x17:0x00000000 x18:0x000000c5  x4=0x00000001
        4575000	       456	800006f4	fe6d4383	lbu	x7,-26(x26)	 x26:0x80008af9  x7=0x00000000 PA:0x80008adf
        4585000	       457	800006f8	010064b3	or	x9,x0,x16	  x0:0x00000000 x16:0x0000000b  x9=0x0000000b
        4595000	       458	800006fc	010d0523	sb	x16,10(x26)	 x26:0x80008af9 x16:0x0000000b PA:0x80008b03
        4605000	       459	80000700	00000013	addi	x0,x0,0	  x0:0x00000000
        4615000	       460	80000704	01ac9333	sll	x6,x25,x26	 x25:0x00000000 x26:0x80008af9  x6=0x00000000
        4625000	       461	80000708	02dd4183	lbu	x3,45(x26)	 x26:0x80008af9  x3=0x00000000 PA:0x80008b26
        4635000	       462	8000070c	010d4503	lbu	x10,16(x26)	 x26:0x80008af9 x10=0x00000000 PA:0x80008b09
        4645000	       463	80000710	00cc2eb3	slt	x29,x24,x12	 x24:0x00000000 x12:0x00000000 x29=0x00000000
        4655000	       464	80000714	ff2d1fa3	sh	x18,-1(x26)	 x26:0x80008af9 x18:0x000000c5 PA:0x80008af8
        4665000	       465	80000718	014251b3	srl	x3,x4,x20	  x4:0x00000001 x20:0x00000000  x3=0x00000001
        4675000	       466	8000071c	fcdd5083	lhu	x1,-51(x26)	 x26:0x80008af9  x1=0x00000000 PA:0x80008ac6
        4685000	       467	80000720	002d4183	lbu	x3,2(x26)	 x26:0x80008af9  x3=0x00000000 PA:0x80008afb
        4695000	       468	80000724	fe8d4c83	lbu	x25,-24(x26)	 x26:0x80008af9 x25=0x00000000 PA:0x80008ae1
        4705000	       469	80000728	3c23bc93	sltiu	x25,x7,962	  x7:0x00000000 x25=0x00000001
        4715000	       470	8000072c	028d0703	lb	x14,40(x26)	 x26:0x80008af9 x14=0x00000000 PA:0x80008b21
        4725000	       471	00000000	00000013	addi	x0,x0,0	  x0:0x00000000
        4735000	       472	80000730	00ed4103	lbu	x2,14(x26)	 x26:0x80008af9  x2=0x00000000 PA:0x80008b07
        4745000	       473	80000734	00008117	auipc	x2,0x8	  x2=0x80008730
        4755000	       474	80000738	dc210113	addi	x2,x2,-574	  x2:0x80008730  x2=0x800084f2
        4765000	       475	8000073c	91640717	auipc	x14,0x91640	 x14=0x11640738
        4775000	       476	80000740	1b410aa3	sb	x20,437(x2)	  x2:0x800084f2 x20:0x00000000 PA:0x800086a7
        4785000	       477	80000744	1b510e03	lb	x28,437(x2)	  x2:0x800084f2 x28=0x00000000 PA:0x800086a7
        4795000	       478	80000748	22c10583	lb	x11,556(x2)	  x2:0x800084f2 x11=0x00000000 PA:0x8000871e
        4805000	       479	8000074c	ccd10683	lb	x13,-819(x2)	  x2:0x800084f2 x13=0x00000000 PA:0x800081bf
        4815000	       480	80000750	1d9109a3	sb	x25,467(x2)	  x2:0x800084f2 x25:0x00000001 PA:0x800086c5
        4825000	       481	80000754	1d3109a3	sb	x19,467(x2)	  x2:0x800084f2 x19:0x00000000 PA:0x800086c5
        4835000	       482	80000758	0e910583	lb	x11,233(x2)	  x2:0x800084f2 x11=0x00000000 PA:0x800085db
        4845000	       483	8000075c	01325e93	srli	x29,x4,0x13	  x4:0x00000001 x29=0x00000000
        4855000	       484	80000760	23411c03	lh	x24,564(x2)	  x2:0x800084f2 x24=0x00000000 PA:0x80008726
        4865000	       485	80000764	23414183	lbu	x3,564(x2)	  x2:0x800084f2  x3=0x00000000 PA:0x80008726
        4875000	       486	80000768	1f510683	lb	x13,501(x2)	  x2:0x800084f2 x13=0x00000000 PA:0x800086e7
        4885000	       487	8000076c	1e110aa3	sb	x1,501(x2)	  x2:0x800084f2  x1:0x00000000 PA:0x800086e7
        4895000	       488	80000770	28d107a3	sb	x13,655(x2)	  x2:0x800084f2 x13:0x00000000 PA:0x80008781
        4905000	       489	80000774	cdb14a03	lbu	x20,-805(x2)	  x2:0x800084f2 x20=0x00000000 PA:0x800081cd
        4915000	       490	80000778	00008917	auipc	x18,0x8	 x18=0x80008774
        4925000	       491	8000077c	cde90913	addi	x18,x18,-802	 x18:0x80008774 x18=0x80008452
        4935000	       492	80000780	c1344f13	xori	x30,x8,-1005	  x8:0x00000000 x30=0xfffffc13
        4945000	       493	80000784	0436e197	auipc	x3,0x436e	  x3=0x8436e780
        4955000	       494	80000788	41f203b3	sub	x7,x4,x31	  x4:0x00000001 x31:0x80009f84  x7=0x7fff607d
        4965000	       495	8000078c	f7b94e83	lbu	x29,-133(x18)	 x18:0x80008452 x29=0x00000000 PA:0x800083cd
        4975000	       496	80000790	f6291023	sh	x2,-160(x18)	 x18:0x80008452  x2:0x800084f2 PA:0x800083b2
        4985000	       497	80000794	f1990203	lb	x4,-231(x18)	 x18:0x80008452  x4=0x00000000 PA:0x8000836b
        4995000	       498	80000798	01de8bb3	add	x23,x29,x29	 x29:0x00000000 x29:0x00000000 x23=0x00000000
        5005000	       499	8000079c	a192bd93	sltiu	x27,x5,-1511	  x5:0x00000000 x27=0x00000001
        5015000	       500	800007a0	c289b393	sltiu	x7,x19,-984	 x19:0x00000000  x7=0x00000001
        5025000	       501	800007a4	0b895d83	lhu	x27,184(x18)	 x18:0x80008452 x27=0x00000000 PA:0x8000850a
        5035000	       502	800007a8	01c5ce33	xor	x28,x11,x28	 x11:0x00000000 x28:0x00000000 x28=0x00000000
        5045000	       503	800007ac	41675593	srai	x11,x14,0x16	 x14:0x11640738 x11=0x00000045
        5055000	       504	800007b0	f6c95b03	lhu	x22,-148(x18)	 x18:0x80008452 x22=0x00000000 PA:0x800083be
        5065000	       505	800007b4	00395c13	srli	x24,x18,0x3	 x18:0x80008452 x24=0x1000108a
        5075000	       506	800007b8	fdb90603	lb	x12,-37(x18)	 x18:0x80008452 x12=0x00000000 PA:0x8000842d
        5085000	       507	800007bc	f5090503	lb	x10,-176(x18)	 x18:0x80008452 x10=0x00000000 PA:0x800083a2
        5095000	       508	800007c0	01defcb3	and	x25,x29,x29	 x29:0x00000000 x29:0x00000000 x25=0x00000000
        5105000	       509	800007c4	013447b3	xor	x15,x8,x19	  x8:0x00000000 x19:0x00000000 x15=0x00000000
        5115000	       510	800007c8	f8890d83	lb	x27,-120(x18)	 x18:0x80008452 x27=0x00000000 PA:0x800083da
        5125000	       511	800007cc	418603b3	sub	x7,x12,x24	 x12:0x00000000 x24:0x1000108a  x7=0xefffef76
        5135000	       512	800007d0	09a91103	lh	x2,154(x18)	 x18:0x80008452  x2=0x00000000 PA:0x800084ec
        5145000	       513	800007d4	417e5193	srai	x3,x28,0x17	 x28:0x00000000  x3=0x00000000
        5155000	       514	800007d8	f2694303	lbu	x6,-218(x18)	 x18:0x80008452  x6=0x00000000 PA:0x80008378
        5165000	       515	800007dc	0ea95683	lhu	x13,234(x18)	 x18:0x80008452 x13=0x00000000 PA:0x8000853c
        5175000	       516	800007e0	01c3d213	srli	x4,x7,0x1c	  x7:0xefffef76  x4=0x0000000e
        5185000	       517	800007e4	0c094003	lbu	x0,192(x18)	 x18:0x80008452 PA:0x80008512
        5195000	       518	800007e8	00008697	auipc	x13,0x8	 x13=0x800087e4
        5205000	       519	800007ec	2c668693	addi	x13,x13,710	 x13:0x800087e4 x13=0x80008aaa
        5215000	       520	800007f0	00008d97	auipc	x27,0x8	 x27=0x800087ec
        5225000	       521	800007f4	6f9d8d93	addi	x27,x27,1785	 x27:0x800087ec x27=0x80008ee5
        5235000	       522	800007f8	ffad8e83	lb	x29,-6(x27)	 x27:0x80008ee5 x29=0x00000000 PA:0x80008edf
        5245000	       523	800007fc	df76c703	lbu	x14,-521(x13)	 x13:0x80008aaa x14=0x00000000 PA:0x800088a1
        5255000	       524	80000800	febd9ba3	sh	x11,-9(x27)	 x27:0x80008ee5 x11:0x00000045 PA:0x80008edc
        5265000	       525	80000804	16f6c083	lbu	x1,367(x13)	 x13:0x80008aaa  x1=0x00000000 PA:0x80008c19
        5275000	       526	80000808	007d8903	lb	x18,7(x27)	 x27:0x80008ee5 x18=0x00000000 PA:0x80008eec
        5285000	       527	8000080c	0d368983	lb	x19,211(x13)	 x13:0x80008aaa x19=0x00000000 PA:0x80008b7d
        5295000	       528	80000810	f0968383	lb	x7,-247(x13)	 x13:0x80008aaa  x7=0x00000000 PA:0x800089b3
        5305000	       529	80000814	01dd8623	sb	x29,12(x27)	 x27:0x80008ee5 x29:0x00000000 PA:0x80008ef1
        5315000	       530	80000818	3f86c083	lbu	x1,1016(x13)	 x13:0x80008aaa  x1=0x00000000 PA:0x80008ea2
        5325000	       531	8000081c	0bb68303	lb	x6,187(x13)	 x13:0x80008aaa  x6=0x00000000 PA:0x80008b65
        5335000	       532	80000820	01ad94a3	sh	x26,9(x27)	 x27:0x80008ee5 x26:0x80008af9 PA:0x80008eee
        5345000	       533	80000824	ff2d8103	lb	x2,-14(x27)	 x27:0x80008ee5  x2=0x00000000 PA:0x80008ed7
        5355000	       534	80000828	00adc503	lbu	x10,10(x27)	 x27:0x80008ee5 x10=0x0000008a PA:0x80008eef
        5365000	       535	8000082c	2bc6c603	lbu	x12,700(x13)	 x13:0x80008aaa x12=0x00000000 PA:0x80008d66
        5375000	       536	80000830	000d8283	lb	x5,0(x27)	 x27:0x80008ee5  x5=0x00000000 PA:0x80008ee5
        5385000	       537	80000834	e736cc03	lbu	x24,-397(x13)	 x13:0x80008aaa x24=0x00000000 PA:0x8000891d
        5395000	       538	80000838	f576cb03	lbu	x22,-169(x13)	 x13:0x80008aaa x22=0x00000000 PA:0x80008a01
        5405000	       539	8000083c	e0f68083	lb	x1,-497(x13)	 x13:0x80008aaa  x1=0x00000000 PA:0x800088b9
        5415000	       540	80000840	01ad8323	sb	x26,6(x27)	 x27:0x80008ee5 x26:0x80008af9 PA:0x80008eeb
        5425000	       541	80000844	007d9e83	lh	x29,7(x27)	 x27:0x80008ee5 x29=0x00000000 PA:0x80008eec
        5435000	       542	80000848	015acf33	xor	x30,x21,x21	 x21:0x80009fc4 x21:0x80009fc4 x30=0x00000000
        5445000	       543	8000084c	04665263	bge	x12,x6,80000890	 x12:0x00000000  x6:0x00000000
        5455000	       544	00000000	00000013	addi	x0,x0,0	  x0:0x00000000
        5465000	       545	8000088c	00000013	addi	x0,x0,0	  x0:0x00000000
        5475000	       546	80000890	00f4a3b3	slt	x7,x9,x15	  x9:0x0000000b x15:0x00000000  x7=0x00000000
        5485000	       547	80000894	01c1d593	srli	x11,x3,0x1c	  x3:0x00000000 x11=0x00000000
        5495000	       548	80000898	0570d263	bge	x1,x23,800008dc	  x1:0x00000000 x23:0x00000000
        5505000	       549	00000000	00000013	addi	x0,x0,0	  x0:0x00000000
        5515000	       550	800008d8	00000013	addi	x0,x0,0	  x0:0x00000000
        5525000	       551	800008dc	3eac0017	auipc	x0,0x3eac0	
        5535000	       552	800008e0	9ef0a893	slti	x17,x1,-1553	  x1:0x00000000 x17=0x00000000
        5545000	       553	800008e4	0143cd33	xor	x26,x7,x20	  x7:0x00000000 x20:0x00000000 x26=0x00000000
        5555000	       554	800008e8	00b77133	and	x2,x14,x11	 x14:0x00000000 x11:0x00000000  x2=0x00000000
        5565000	       555	800008ec	05335463	bge	x6,x19,80000934	  x6:0x00000000 x19:0x00000000
        5575000	       556	00000000	00000013	addi	x0,x0,0	  x0:0x00000000
        5585000	       557	80000930	00000013	addi	x0,x0,0	  x0:0x00000000
        5595000	       558	80000934	004cabb3	slt	x23,x25,x4	 x25:0x00000000  x4:0x0000000e x23=0x00000001
        5605000	       559	80000938	8be94613	xori	x12,x18,-1858	 x18:0x00000000 x12=0xfffff8be
        5615000	       560	8000093c	416bd193	srai	x3,x23,0x16	 x23:0x00000001  x3=0x00000000
        5625000	       561	80000940	011e1c13	slli	x24,x28,0x11	 x28:0x00000000 x24=0x00000000
        5635000	       562	80000944	c6dea413	slti	x8,x29,-915	 x29:0x00000000  x8=0x00000000
        5645000	       563	80000948	018a7663	bgeu	x20,x24,80000954	 x20:0x00000000 x24:0x00000000
        5655000	       564	00000000	00000013	addi	x0,x0,0	  x0:0x00000000
        5665000	       565	80000950	00000013	addi	x0,x0,0	  x0:0x00000000
        5675000	       566	80000954	62d00b93	addi	x23,x0,1581	  x0:0x00000000 x23=0x0000062d
        5685000	       567	80000958	402d5eb3	sra	x29,x26,x2	 x26:0x00000000  x2:0x00000000 x29=0x00000000
        5695000	       568	8000095c	0585c6b7	lui	x13,0x585c	 x13=0x0585c000
        5705000	       569	80000960	00368863	beq	x13,x3,80000970	 x13:0x0585c000  x3:0x00000000
        5715000	       570	80000964	04835263	bge	x6,x8,800009a8	  x6:0x00000000  x8:0x00000000
        5725000	       571	00000000	00000013	addi	x0,x0,0	  x0:0x00000000
        5735000	       572	800009a4	00000013	addi	x0,x0,0	  x0:0x00000000
        5745000	       573	800009a8	00081793	slli	x15,x16,0x0	 x16:0x0000000b x15=0x0000000b
        5755000	       574	800009ac	013b6213	ori	x4,x22,19	 x22:0x00000000  x4=0x00000013
        5765000	       575	800009b0	02708a63	beq	x1,x7,800009e4	  x1:0x00000000  x7:0x00000000
        5775000	       576	00000000	00000013	addi	x0,x0,0	  x0:0x00000000
        5785000	       577	800009e0	00000013	addi	x0,x0,0	  x0:0x00000000
        5795000	       578	800009e4	a57ba213	slti	x4,x23,-1449	 x23:0x0000062d  x4=0x00000000
        5805000	       579	800009e8	c6f36017	auipc	x0,0xc6f36	
        5815000	       580	800009ec	05078063	beq	x15,x16,80000a2c	 x15:0x0000000b x16:0x0000000b
        5825000	       581	00000000	00000013	addi	x0,x0,0	  x0:0x00000000
        5835000	       582	80000a28	00000013	addi	x0,x0,0	  x0:0x00000000
        5845000	       583	80000a2c	00688863	beq	x17,x6,80000a3c	 x17:0x00000000  x6:0x00000000
        5855000	       584	00000000	00000013	addi	x0,x0,0	  x0:0x00000000
        5865000	       585	80000a38	00000013	addi	x0,x0,0	  x0:0x00000000
        5875000	       586	80000a3c	01354633	xor	x12,x10,x19	 x10:0x0000008a x19:0x00000000 x12=0x0000008a
        5885000	       587	80000a40	f6609bb7	lui	x23,0xf6609	 x23=0xf6609000
        5895000	       588	80000a44	faf2e413	ori	x8,x5,-81	  x5:0x00000000  x8=0xffffffaf
        5905000	       589	80000a48	03c49663	bne	x9,x28,80000a74	  x9:0x0000000b x28:0x00000000
        5915000	       590	00000000	00000013	addi	x0,x0,0	  x0:0x00000000
        5925000	       591	80000a70	00000013	addi	x0,x0,0	  x0:0x00000000
        5935000	       592	80000a74	00aec863	blt	x29,x10,80000a84	 x29:0x00000000 x10:0x0000008a
        5945000	       593	00000000	00000013	addi	x0,x0,0	  x0:0x00000000
        5955000	       594	80000a80	00000013	addi	x0,x0,0	  x0:0x00000000
        5965000	       595	80000a84	553dbb13	sltiu	x22,x27,1363	 x27:0x80008ee5 x22=0x00000000
        5975000	       596	80000a88	00000013	addi	x0,x0,0	  x0:0x00000000
        5985000	       597	80000a8c	418d5113	srai	x2,x26,0x18	 x26:0x00000000  x2=0x00000000
        5995000	       598	80000a90	0d75b593	sltiu	x11,x11,215	 x11:0x00000000 x11=0x00000001
        6005000	       599	80000a94	01fa8433	add	x8,x21,x31	 x21:0x80009fc4 x31:0x80009f84  x8=0x00013f48
        6015000	       600	80000a98	7c54b893	sltiu	x17,x9,1989	  x9:0x0000000b x17=0x00000001
        6025000	       601	80000a9c	411f8eb3	sub	x29,x31,x17	 x31:0x80009f84 x17:0x00000001 x29=0x80009f83
        6035000	       602	80000aa0	05ecd863	bge	x25,x30,80000af0	 x25:0x00000000 x30:0x00000000
        6045000	       603	00000000	00000013	addi	x0,x0,0	  x0:0x00000000
        6055000	       604	80000aec	00000013	addi	x0,x0,0	  x0:0x00000000
        6065000	       605	80000af0	40b00a33	sub	x20,x0,x11	  x0:0x00000000 x11:0x00000001 x20=0xffffffff
        6075000	       606	80000af4	03310a63	beq	x2,x19,80000b28	  x2:0x00000000 x19:0x00000000
        6085000	       607	00000000	00000013	addi	x0,x0,0	  x0:0x00000000
        6095000	       608	80000b24	00000013	addi	x0,x0,0	  x0:0x00000000
        6105000	       609	80000b28	f629b097	auipc	x1,0xf629b	  x1=0x7629bb24
        6115000	       610	80000b2c	f8bc3213	sltiu	x4,x24,-117	 x24:0x00000000  x4=0x00000001
        6125000	       611	80000b30	00b39cb3	sll	x25,x7,x11	  x7:0x00000000 x11:0x00000001 x25=0x00000000
        6135000	       612	80000b34	01e8de13	srli	x28,x17,0x1e	 x17:0x00000001 x28=0x00000000
        6145000	       613	80000b38	8ffae113	ori	x2,x21,-1793	 x21:0x80009fc4  x2=0xffffffff
        6155000	       614	80000b3c	00001617	auipc	x12,0x1	 x12=0x80001b38
        6165000	       615	80000b40	fe860613	addi	x12,x12,-24	 x12:0x80001b38 x12=0x80001b20
        6175000	       616	80000b44	a2718593	addi	x11,x3,-1497	  x3:0x00000000 x11=0xfffffa27
        6185000	       617	80000b48	1bd60613	addi	x12,x12,445	 x12:0x80001b20 x12=0x80001cdd
        6195000	       618	80000b4c	41e6d393	srai	x7,x13,0x1e	 x13:0x0585c000  x7=0x00000000
        6205000	       619	80000b50	01520463	beq	x4,x21,80000b58	  x4:0x00000001 x21:0x80009fc4
        6215000	       620	80000b54	01d93133	sltu	x2,x18,x29	 x18:0x00000000 x29:0x80009f83  x2=0x00000001
        6225000	       621	80000b58	e44600e7	jalr	x1,x12,-444	 x12:0x80001cdd  x1=0x80000b58
        6235000	       622	00000000	00000013	addi	x0,x0,0	  x0:0x00000000
        6245000	       623	80001b20	00000013	addi	x0,x0,0	  x0:0x00000000
        6255000	       624	80001b24	00425e93	srli	x29,x4,0x4	  x4:0x00000001 x29=0x00000000
        6265000	       625	80001b28	ff0f8f93	addi	x31,x31,-16	 x31:0x80009f84 x31=0x80009f74
        6275000	       626	80001b2c	001fa223	sw	x1,4(x31)	 x31:0x80009f74  x1:0x80000b58 PA:0x80009f78
        6285000	       627	80001b30	01c65e93	srli	x29,x12,0x1c	 x12:0x80001cdd x29=0x00000008
        6295000	       628	80001b34	88532313	slti	x6,x6,-1915	  x6:0x00000000  x6=0x00000000
        6305000	       629	80001b38	91ed7c93	andi	x25,x26,-1762	 x26:0x00000000 x25=0x00000000
        6315000	       630	80001b3c	c3d34e13	xori	x28,x6,-963	  x6:0x00000000 x28=0xfffffc3d
        6325000	       631	80001b40	00007d17	auipc	x26,0x7	 x26=0x80008b3c
        6335000	       632	80001b44	0add0d13	addi	x26,x26,173	 x26:0x80008b3c x26=0x80008be9
        6345000	       633	80001b48	f72d0423	sb	x18,-152(x26)	 x26:0x80008be9 x18:0x00000000 PA:0x80008b51
        6355000	       634	80001b4c	f88d01a3	sb	x8,-125(x26)	 x26:0x80008be9  x8:0x00013f48 PA:0x80008b6c
        6365000	       635	80001b50	00007797	auipc	x15,0x7	 x15=0x80008b4c
        6375000	       636	80001b54	dd078793	addi	x15,x15,-560	 x15:0x80008b4c x15=0x8000891c
        6385000	       637	80001b58	02ad4083	lbu	x1,42(x26)	 x26:0x80008be9  x1=0x00000000 PA:0x80008c13
        6395000	       638	80001b5c	030d0303	lb	x6,48(x26)	 x26:0x80008be9  x6=0x00000000 PA:0x80008c19
        6405000	       639	80001b60	fde788a3	sb	x30,-47(x15)	 x15:0x8000891c x30:0x00000000 PA:0x800088ed
        6415000	       640	80001b64	fa6d0703	lb	x14,-90(x26)	 x26:0x80008be9 x14=0x00000000 PA:0x80008b8f
        6425000	       641	80001b68	08b7c603	lbu	x12,139(x15)	 x15:0x8000891c x12=0x00000000 PA:0x800089a7
        6435000	       642	80001b6c	052d4383	lbu	x7,82(x26)	 x26:0x80008be9  x7=0x00000000 PA:0x80008c3b
        6445000	       643	80001b70	0d07c983	lbu	x19,208(x15)	 x15:0x8000891c x19=0x00000000 PA:0x800089ec
        6455000	       644	80001b74	f2d78483	lb	x9,-211(x15)	 x15:0x8000891c  x9=0x00000000 PA:0x80008849
        6465000	       645	80001b78	07ed0283	lb	x5,126(x26)	 x26:0x80008be9  x5=0x00000000 PA:0x80008c67
        6475000	       646	80001b7c	f50785a3	sb	x16,-181(x15)	 x15:0x8000891c x16:0x0000000b PA:0x80008867
        6485000	       647	80001b80	feed4c83	lbu	x25,-18(x26)	 x26:0x80008be9 x25=0x00000000 PA:0x80008bd7
        6495000	       648	80001b84	09cd0403	lb	x8,156(x26)	 x26:0x80008be9  x8=0x00000000 PA:0x80008c85
        6505000	       649	80001b88	07178c03	lb	x24,113(x15)	 x15:0x8000891c x24=0x00000000 PA:0x8000898d
        6515000	       650	80001b8c	00006117	auipc	x2,0x6	  x2=0x80007b88
        6525000	       651	80001b90	54a10113	addi	x2,x2,1354	  x2:0x80007b88  x2=0x800080d2
        6535000	       652	80001b94	f9710083	lb	x1,-105(x2)	  x2:0x800080d2  x1=0x00000000 PA:0x80008069
        6545000	       653	80001b98	f9710883	lb	x17,-105(x2)	  x2:0x800080d2 x17=0x00000000 PA:0x80008069
        6555000	       654	80001b9c	09010703	lb	x14,144(x2)	  x2:0x800080d2 x14=0x00000000 PA:0x80008162
        6565000	       655	80001ba0	08011823	sh	x0,144(x2)	  x2:0x800080d2  x0:0x00000000 PA:0x80008162
        6575000	       656	80001ba4	40d8db13	srai	x22,x17,0xd	 x17:0x00000000 x22=0x00000000
        6585000	       657	80001ba8	09014483	lbu	x9,144(x2)	  x2:0x800080d2  x9=0x00000000 PA:0x80008162
        6595000	       658	80001bac	09014003	lbu	x0,144(x2)	  x2:0x800080d2 PA:0x80008162
        6605000	       659	80001bb0	09011883	lh	x17,144(x2)	  x2:0x800080d2 x17=0x00000000 PA:0x80008162
        6615000	       660	80001bb4	09010403	lb	x8,144(x2)	  x2:0x800080d2  x8=0x00000000 PA:0x80008162
        6625000	       661	80001bb8	00ea6b33	or	x22,x20,x14	 x20:0xffffffff x14:0x00000000 x22=0xffffffff
        6635000	       662	80001bbc	09010683	lb	x13,144(x2)	  x2:0x800080d2 x13=0x00000000 PA:0x80008162
        6645000	       663	80001bc0	08410823	sb	x4,144(x2)	  x2:0x800080d2  x4:0x00000001 PA:0x80008162
        6655000	       664	80001bc4	0fd10883	lb	x17,253(x2)	  x2:0x800080d2 x17=0x00000000 PA:0x800081cf
        6665000	       665	80001bc8	0fc10ea3	sb	x28,253(x2)	  x2:0x800080d2 x28:0xfffffc3d PA:0x800081cf
        6675000	       666	80001bcc	1cfec893	xori	x17,x29,463	 x29:0x00000008 x17=0x000001c7
        6685000	       667	80001bd0	0fd10e83	lb	x29,253(x2)	  x2:0x800080d2 x29=0x0000003d PA:0x800081cf
        6695000	       668	00000000	00000013	addi	x0,x0,0	  x0:0x00000000
        6705000	       669	80001bd4	0fd14483	lbu	x9,253(x2)	  x2:0x800080d2  x9=0x0000003d PA:0x800081cf
        6715000	       670	80001bd8	0fb10ea3	sb	x27,253(x2)	  x2:0x800080d2 x27:0x80008ee5 PA:0x800081cf
        6725000	       671	80001bdc	0fd14903	lbu	x18,253(x2)	  x2:0x800080d2 x18=0x000000e5 PA:0x800081cf
        6735000	       672	80001be0	0fd10303	lb	x6,253(x2)	  x2:0x800080d2  x6=0xffffffe5 PA:0x800081cf
        6745000	       673	80001be4	00000013	addi	x0,x0,0	  x0:0x00000000
        6755000	       674	80001be8	cce00c93	addi	x25,x0,-818	  x0:0x00000000 x25=0xfffffcce
        6765000	       675	80001bec	fc110c83	lb	x25,-63(x2)	  x2:0x800080d2 x25=0x00000000 PA:0x80008093
        6775000	       676	80001bf0	00006c97	auipc	x25,0x6	 x25=0x80007bec
        6785000	       677	80001bf4	602c8c93	addi	x25,x25,1538	 x25:0x80007bec x25=0x800081ee
        6795000	       678	80001bf8	03cc8483	lb	x9,60(x25)	 x25:0x800081ee  x9=0x00000000 PA:0x8000822a
        6805000	       679	80001bfc	fe8c88a3	sb	x8,-15(x25)	 x25:0x800081ee  x8:0x00000000 PA:0x800081df
        6815000	       680	80001c00	6d763c13	sltiu	x24,x12,1751	 x12:0x00000000 x24=0x00000001
        6825000	       681	80001c04	00000013	addi	x0,x0,0	  x0:0x00000000
        6835000	       682	80001c08	007cc103	lbu	x2,7(x25)	 x25:0x800081ee  x2=0x00000000 PA:0x800081f5
        6845000	       683	00000000	00000013	addi	x0,x0,0	  x0:0x00000000
        6855000	       684	80001c0c	1fd14b93	xori	x23,x2,509	  x2:0x00000000 x23=0x000001fd
        6865000	       685	80001c10	039c80a3	sb	x25,33(x25)	 x25:0x800081ee x25:0x800081ee PA:0x8000820f
        6875000	       686	80001c14	005585b3	add	x11,x11,x5	 x11:0xfffffa27  x5:0x00000000 x11=0xfffffa27
        6885000	       687	80001c18	0095f5b3	and	x11,x11,x9	 x11:0xfffffa27  x9:0x00000000 x11=0x00000000
        6895000	       688	80001c1c	d3935497	auipc	x9,0xd3935	  x9=0x53936c18
        6905000	       689	80001c20	ffcc8983	lb	x19,-4(x25)	 x25:0x800081ee x19=0x00000000 PA:0x800081ea
        6915000	       690	80001c24	01e960b3	or	x1,x18,x30	 x18:0x000000e5 x30:0x00000000  x1=0x000000e5
        6925000	       691	80001c28	0014b433	sltu	x8,x9,x1	  x9:0x53936c18  x1:0x000000e5  x8=0x00000000
        6935000	       692	80001c2c	030c9823	sh	x16,48(x25)	 x25:0x800081ee x16:0x0000000b PA:0x8000821e
        6945000	       693	80001c30	4128d233	sra	x4,x17,x18	 x17:0x000001c7 x18:0x000000e5  x4=0x0000000e
        6955000	       694	80001c34	00ab5033	srl	x0,x22,x10	 x22:0xffffffff x10:0x0000008a
        6965000	       695	80001c38	00d21e13	slli	x28,x4,0xd	  x4:0x0000000e x28=0x0001c000
        6975000	       696	80001c3c	01bc8383	lb	x7,27(x25)	 x25:0x800081ee  x7=0x00000000 PA:0x80008209
        6985000	       697	80001c40	ba50ad17	auipc	x26,0xba50a	 x26=0x3a50bc3c
        6995000	       698	80001c44	005605b3	add	x11,x12,x5	 x12:0x00000000  x5:0x00000000 x11=0x00000000
        7005000	       699	80001c48	002c8ba3	sb	x2,23(x25)	 x25:0x800081ee  x2:0x00000000 PA:0x80008205
        7015000	       700	80001c4c	fd0ccb83	lbu	x23,-48(x25)	 x25:0x800081ee x23=0x00000000 PA:0x800081be
        7025000	       701	80001c50	fcfcce83	lbu	x29,-49(x25)	 x25:0x800081ee x29=0x00000000 PA:0x800081bd
        7035000	       702	80001c54	00ac8ea3	sb	x10,29(x25)	 x25:0x800081ee x10:0x0000008a PA:0x8000820b
        7045000	       703	80001c58	fcec8483	lb	x9,-50(x25)	 x25:0x800081ee  x9=0x00000000 PA:0x800081bc
        7055000	       704	80001c5c	011c80a3	sb	x17,1(x25)	 x25:0x800081ee x17:0x000001c7 PA:0x800081ef
        7065000	       705	80001c60	fe0c8e83	lb	x29,-32(x25)	 x25:0x800081ee x29=0x00000000 PA:0x800081ce
        7075000	       706	80001c64	023cc903	lbu	x18,35(x25)	 x25:0x800081ee x18=0x00000000 PA:0x80008211
        7085000	       707	80001c68	41725593	srai	x11,x4,0x17	  x4:0x0000000e x11=0x00000000
        7095000	       708	80001c6c	482e0d93	addi	x27,x28,1154	 x28:0x0001c000 x27=0x0001c482
        7105000	       709	80001c70	03dc8983	lb	x19,61(x25)	 x25:0x800081ee x19=0x00000000 PA:0x8000822b
        7115000	       710	80001c74	ff5c8d03	lb	x26,-11(x25)	 x25:0x800081ee x26=0x00000000 PA:0x800081e3
        7125000	       711	80001c78	013b9233	sll	x4,x23,x19	 x23:0x00000000 x19:0x00000000  x4=0x00000000
        7135000	       712	80001c7c	fc8c9023	sh	x8,-64(x25)	 x25:0x800081ee  x8:0x00000000 PA:0x800081ae
        7145000	       713	80001c80	00000013	addi	x0,x0,0	  x0:0x00000000
        7155000	       714	80001c84	006a7633	and	x12,x20,x6	 x20:0xffffffff  x6:0xffffffe5 x12=0xffffffe5
        7165000	       715	80001c88	fc7cc303	lbu	x6,-57(x25)	 x25:0x800081ee  x6=0x00000000 PA:0x800081b5
        7175000	       716	80001c8c	019c8c03	lb	x24,25(x25)	 x25:0x800081ee x24=0x00000000 PA:0x80008207
        7185000	       717	80001c90	039c8da3	sb	x25,59(x25)	 x25:0x800081ee x25:0x800081ee PA:0x80008229
        7195000	       718	80001c94	01943a33	sltu	x20,x8,x25	  x8:0x00000000 x25:0x800081ee x20=0x00000001
        7205000	       719	80001c98	00dd5f33	srl	x30,x26,x13	 x26:0x00000000 x13:0x00000000 x30=0x00000000
        7215000	       720	80001c9c	406084b3	sub	x9,x1,x6	  x1:0x000000e5  x6:0x00000000  x9=0x000000e5
        7225000	       721	80001ca0	004c4eb3	xor	x29,x24,x4	 x24:0x00000000  x4:0x00000000 x29=0x00000000
        7235000	       722	80001ca4	68741297	auipc	x5,0x68741	  x5=0xe8742ca0
        7245000	       723	80001ca8	d541ec93	ori	x25,x3,-684	  x3:0x00000000 x25=0xfffffd54
        7255000	       724	80001cac	01c28a33	add	x20,x5,x28	  x5:0xe8742ca0 x28:0x0001c000 x20=0xe875eca0
        7265000	       725	80001cb0	00ade6b3	or	x13,x27,x10	 x27:0x0001c482 x10:0x0000008a x13=0x0001c48a
        7275000	       726	80001cb4	40da81b3	sub	x3,x21,x13	 x21:0x80009fc4 x13:0x0001c48a  x3=0x7ffedb3a
        7285000	       727	80001cb8	68984093	xori	x1,x16,1673	 x16:0x0000000b  x1=0x00000682
        7295000	       728	80001cbc	40595633	sra	x12,x18,x5	 x18:0x00000000  x5:0xe8742ca0 x12=0x00000000
        7305000	       729	80001cc0	0135d033	srl	x0,x11,x19	 x11:0x00000000 x19:0x00000000
        7315000	       730	80001cc4	41b40b33	sub	x22,x8,x27	  x8:0x00000000 x27:0x0001c482 x22=0xfffe3b7e
        7325000	       731	80001cc8	41ec0c33	sub	x24,x24,x30	 x24:0x00000000 x30:0x00000000 x24=0x00000000
        7335000	       732	80001ccc	0483c263	blt	x7,x8,80001d10	  x7:0x00000000  x8:0x00000000
        7345000	       733	80001cd0	003f78b3	and	x17,x30,x3	 x30:0x00000000  x3:0x7ffedb3a x17=0x00000000
        7355000	       734	80001cd4	01edc333	xor	x6,x27,x30	 x27:0x0001c482 x30:0x00000000  x6=0x0001c482
        7365000	       735	80001cd8	41e2f617	auipc	x12,0x41e2f	 x12=0xc1e30cd4
        7375000	       736	80001cdc	014ff6b3	and	x13,x31,x20	 x31:0x80009f74 x20:0xe875eca0 x13=0x80008c20
        7385000	       737	80001ce0	41820c33	sub	x24,x4,x24	  x4:0x00000000 x24:0x00000000 x24=0x00000000
        7395000	       738	80001ce4	00db1013	slli	x0,x22,0xd	 x22:0xfffe3b7e
        7405000	       739	80001ce8	f3aff513	andi	x10,x31,-198	 x31:0x80009f74 x10=0x80009f30
        7415000	       740	80001cec	04f4e863	bltu	x9,x15,80001d3c	  x9:0x000000e5 x15:0x8000891c
        7425000	       741	00000000	00000013	addi	x0,x0,0	  x0:0x00000000
        7435000	       742	80001d38	00000013	addi	x0,x0,0	  x0:0x00000000
        7445000	       743	80001d3c	00000013	addi	x0,x0,0	  x0:0x00000000
        7455000	       744	80001d40	00e8e133	or	x2,x17,x14	 x17:0x00000000 x14:0x00000000  x2=0x00000000
        7465000	       745	80001d44	01a54433	xor	x8,x10,x26	 x10:0x80009f30 x26:0x00000000  x8=0x80009f30
        7475000	       746	80001d48	5968e097	auipc	x1,0x5968e	  x1=0xd968fd44
        7485000	       747	80001d4c	6b406d93	ori	x27,x0,1716	  x0:0x00000000 x27=0x000006b4
        7495000	       748	80001d50	01fddb13	srli	x22,x27,0x1f	 x27:0x000006b4 x22=0x00000000
        7505000	       749	80001d54	1a89a913	slti	x18,x19,424	 x19:0x00000000 x18=0x00000001
        7515000	       750	80001d58	0129c463	blt	x19,x18,80001d60	 x19:0x00000000 x18:0x00000001
        7525000	       751	00000000	00000013	addi	x0,x0,0	  x0:0x00000000
        7535000	       752	80001d5c	00000013	addi	x0,x0,0	  x0:0x00000000
        7545000	       753	80001d60	001805b3	add	x11,x16,x1	 x16:0x0000000b  x1:0xd968fd44 x11=0xd968fd4f
        7555000	       754	80001d64	00debcb3	sltu	x25,x29,x13	 x29:0x00000000 x13:0x80008c20 x25=0x00000001
        7565000	       755	80001d68	0039d733	srl	x14,x19,x3	 x19:0x00000000  x3:0x7ffedb3a x14=0x00000000
        7575000	       756	80001d6c	00e12033	slt	x0,x2,x14	  x2:0x00000000 x14:0x00000000
        7585000	       757	80001d70	26df6493	ori	x9,x30,621	 x30:0x00000000  x9=0x0000026d
        7595000	       758	80001d74	00abfe63	bgeu	x23,x10,80001d90	 x23:0x00000000 x10:0x80009f30
        7605000	       759	80001d78	225f7613	andi	x12,x30,549	 x30:0x00000000 x12=0x00000000
        7615000	       760	80001d7c	00075e13	srli	x28,x14,0x0	 x14:0x00000000 x28=0x00000000
        7625000	       761	80001d80	417e0d33	sub	x26,x28,x23	 x28:0x00000000 x23:0x00000000 x26=0x00000000
        7635000	       762	80001d84	0019e733	or	x14,x19,x1	 x19:0x00000000  x1:0xd968fd44 x14=0xd968fd44
        7645000	       763	80001d88	017dfe63	bgeu	x27,x23,80001da4	 x27:0x000006b4 x23:0x00000000
        7655000	       764	00000000	00000013	addi	x0,x0,0	  x0:0x00000000
        7665000	       765	80001da0	00000013	addi	x0,x0,0	  x0:0x00000000
        7675000	       766	80001da4	00fac8b3	xor	x17,x21,x15	 x21:0x80009fc4 x15:0x8000891c x17=0x000016d8
        7685000	       767	80001da8	3f43ca13	xori	x20,x7,1012	  x7:0x00000000 x20=0x000003f4
        7695000	       768	80001dac	016a9293	slli	x5,x21,0x16	 x21:0x80009fc4  x5=0xf1000000
        7705000	       769	80001db0	003dfc63	bgeu	x27,x3,80001dc8	 x27:0x000006b4  x3:0x7ffedb3a
        7715000	       770	80001db4	04e41463	bne	x8,x14,80001dfc	  x8:0x80009f30 x14:0xd968fd44
        7725000	       771	00000000	00000013	addi	x0,x0,0	  x0:0x00000000
        7735000	       772	80001df8	00000013	addi	x0,x0,0	  x0:0x00000000
        7745000	       773	80001dfc	00f727b3	slt	x15,x14,x15	 x14:0xd968fd44 x15:0x8000891c x15=0x00000000
        7755000	       774	80001e00	419e5c33	sra	x24,x28,x25	 x28:0x00000000 x25:0x00000001 x24=0x00000000
        7765000	       775	80001e04	00000013	addi	x0,x0,0	  x0:0x00000000
        7775000	       776	80001e08	031edf17	auipc	x30,0x31ed	 x30=0x831eee04
        7785000	       777	80001e0c	8be72e13	slti	x28,x14,-1858	 x14:0xd968fd44 x28=0x00000001
        7795000	       778	80001e10	05e3ae93	slti	x29,x7,94	  x7:0x00000000 x29=0x00000001
        7805000	       779	80001e14	0181d333	srl	x6,x3,x24	  x3:0x7ffedb3a x24:0x00000000  x6=0x7ffedb3a
        7815000	       780	80001e18	01949e63	bne	x9,x25,80001e34	  x9:0x0000026d x25:0x00000001
        7825000	       781	00000000	00000013	addi	x0,x0,0	  x0:0x00000000
        7835000	       782	80001e30	00000013	addi	x0,x0,0	  x0:0x00000000
        7845000	       783	80001e34	0092d013	srli	x0,x5,0x9	  x5:0xf1000000
        7855000	       784	80001e38	0041f4b3	and	x9,x3,x4	  x3:0x7ffedb3a  x4:0x00000000  x9=0x00000000
        7865000	       785	80001e3c	004fa083	lw	x1,4(x31)	 x31:0x80009f74  x1=0x80000b58 PA:0x80009f78
        7875000	       786	00000000	00000013	addi	x0,x0,0	  x0:0x00000000
        7885000	       787	80001e40	00a0adb3	slt	x27,x1,x10	  x1:0x80000b58 x10:0x80009f30 x27=0x00000001
        7895000	       788	80001e44	3d1a7213	andi	x4,x20,977	 x20:0x000003f4  x4=0x000003d0
        7905000	       789	80001e48	007d5c33	srl	x24,x26,x7	 x26:0x00000000  x7:0x00000000 x24=0x00000000
        7915000	       790	80001e4c	01749493	slli	x9,x9,0x17	  x9:0x00000000  x9=0x00000000
        7925000	       791	80001e50	f40a2997	auipc	x19,0xf40a2	 x19=0x740a3e4c
        7935000	       792	80001e54	010f8f93	addi	x31,x31,16	 x31:0x80009f74 x31=0x80009f84
        7945000	       793	80001e58	40985313	srai	x6,x16,0x9	 x16:0x0000000b  x6=0x00000000
        7955000	       794	80001e5c	d9bca297	auipc	x5,0xd9bca	  x5=0x59bcbe58
        7965000	       795	80001e60	006d3eb3	sltu	x29,x26,x6	 x26:0x00000000  x6:0x00000000 x29=0x00000000
        7975000	       796	80001e64	00108413	addi	x8,x1,1	  x1:0x80000b58  x8=0x80000b59
        7985000	       797	80001e68	00040467	jalr	x8,x8,0	  x8:0x80000b59  x8=0x80001e68
        7995000	       798	00000000	00000013	addi	x0,x0,0	  x0:0x00000000
        8005000	       799	80000b58	00000013	addi	x0,x0,0	  x0:0x00000000
        8015000	       800	80000b5c	0037f7b3	and	x15,x15,x3	 x15:0x00000000  x3:0x7ffedb3a x15=0x00000000
        8025000	       801	80000b60	5d212193	slti	x3,x2,1490	  x2:0x00000000  x3=0x00000001
        8035000	       802	80000b64	883239b7	lui	x19,0x88323	 x19=0x88323000
        8045000	       803	80000b68	00b9ef33	or	x30,x19,x11	 x19:0x88323000 x11:0xd968fd4f x30=0xd97afd4f
        8055000	       804	80000b6c	41370333	sub	x6,x14,x19	 x14:0xd968fd44 x19:0x88323000  x6=0x5136cd44
        8065000	       805	80000b70	0461d063	bge	x3,x6,80000bb0	  x3:0x00000001  x6:0x5136cd44
        8075000	       806	80000b74	01a39f13	slli	x30,x7,0x1a	  x7:0x00000000 x30=0x00000000
        8085000	       807	80000b78	04f7c263	blt	x15,x15,80000bbc	 x15:0x00000000 x15:0x00000000
        8095000	       808	80000b7c	003ec433	xor	x8,x29,x3	 x29:0x00000000  x3:0x00000001  x8=0x00000001
        8105000	       809	80000b80	0c469a63	bne	x13,x4,80000c54	 x13:0x80008c20  x4:0x000003d0
        8115000	       810	00000000	00000013	addi	x0,x0,0	  x0:0x00000000
        8125000	       811	80000c50	00000013	addi	x0,x0,0	  x0:0x00000000
        8135000	       812	80000c54	01559233	sll	x4,x11,x21	 x11:0xd968fd4f x21:0x80009fc4  x4=0x968fd4f0
        8145000	       813	80000c58	00000013	addi	x0,x0,0	  x0:0x00000000
        8155000	       814	80000c5c	c3d73a13	sltiu	x20,x14,-963	 x14:0xd968fd44 x20=0x00000001
        8165000	       815	80000c60	01476933	or	x18,x14,x20	 x14:0xd968fd44 x20:0x00000001 x18=0xd968fd45
        8175000	       816	80000c64	19c7cf13	xori	x30,x15,412	 x15:0x00000000 x30=0x0000019c
        8185000	       817	80000c68	e6b38193	addi	x3,x7,-405	  x7:0x00000000  x3=0xfffffe6b
        8195000	       818	80000c6c	01bfb533	sltu	x10,x31,x27	 x31:0x80009f84 x27:0x00000001 x10=0x00000000
        8205000	       819	80000c70	01bf7633	and	x12,x30,x27	 x30:0x0000019c x27:0x00000001 x12=0x00000000
        8215000	       820	80000c74	05be7463	bgeu	x28,x27,80000cbc	 x28:0x00000001 x27:0x00000001
        8225000	       821	00000000	00000013	addi	x0,x0,0	  x0:0x00000000
        8235000	       822	80000cb8	00000013	addi	x0,x0,0	  x0:0x00000000
        8245000	       823	80000cbc	00c01093	slli	x1,x0,0xc	  x0:0x00000000  x1=0x00000000
        8255000	       824	80000cc0	01f11733	sll	x14,x2,x31	  x2:0x00000000 x31:0x80009f84 x14=0x00000000
        8265000	       825	80000cc4	0033fc63	bgeu	x7,x3,80000cdc	  x7:0x00000000  x3:0xfffffe6b
        8275000	       826	80000cc8	1059e537	lui	x10,0x1059e	 x10=0x1059e000
        8285000	       827	80000ccc	7d196c13	ori	x24,x18,2001	 x18:0xd968fd45 x24=0xd968ffd5
        8295000	       828	80000cd0	0c09f793	andi	x15,x19,192	 x19:0x88323000 x15=0x00000000
        8305000	       829	80000cd4	00688eb3	add	x29,x17,x6	 x17:0x000016d8  x6:0x5136cd44 x29=0x5136e41c
        8315000	       830	80000cd8	04f76263	bltu	x14,x15,80000d1c	 x14:0x00000000 x15:0x00000000
        8325000	       831	80000cdc	00627cb3	and	x25,x4,x6	  x4:0x968fd4f0  x6:0x5136cd44 x25=0x1006c440
        8335000	       832	80000ce0	636b0093	addi	x1,x22,1590	 x22:0x00000000  x1=0x00000636
        8345000	       833	80000ce4	40265c93	srai	x25,x12,0x2	 x12:0x00000000 x25=0x00000000
        8355000	       834	80000ce8	014416b3	sll	x13,x8,x20	  x8:0x00000001 x20:0x00000001 x13=0x00000002
        8365000	       835	80000cec	00a5d733	srl	x14,x11,x10	 x11:0xd968fd4f x10:0x1059e000 x14=0xd968fd4f
        8375000	       836	80000cf0	029afe63	bgeu	x21,x9,80000d2c	 x21:0x80009fc4  x9:0x00000000
        8385000	       837	00000000	00000013	addi	x0,x0,0	  x0:0x00000000
        8395000	       838	80000d28	00000013	addi	x0,x0,0	  x0:0x00000000
        8405000	       839	80000d2c	96447493	andi	x9,x8,-1692	  x8:0x00000001  x9=0x00000000
        8415000	       840	80000d30	006b1893	slli	x17,x22,0x6	 x22:0x00000000 x17=0x00000000
        8425000	       841	80000d34	3ffb3b13	sltiu	x22,x22,1023	 x22:0x00000000 x22=0x00000001
        8435000	       842	80000d38	012f9533	sll	x10,x31,x18	 x31:0x80009f84 x18:0xd968fd45 x10=0x0013f080
        8445000	       843	80000d3c	02096e63	bltu	x18,x0,80000d78	 x18:0xd968fd45  x0:0x00000000
        8455000	       844	80000d40	00bc19b3	sll	x19,x24,x11	 x24:0xd968ffd5 x11:0xd968fd4f x19=0x7fea8000
        8465000	       845	80000d44	37c0c013	xori	x0,x1,892	  x1:0x00000636
        8475000	       846	80000d48	056dc063	blt	x27,x22,80000d88	 x27:0x00000001 x22:0x00000001
        8485000	       847	80000d4c	0025d133	srl	x2,x11,x2	 x11:0xd968fd4f  x2:0x00000000  x2=0xd968fd4f
        8495000	       848	80000d50	e0fe7897	auipc	x17,0xe0fe7	 x17=0x60fe7d4c
        8505000	       849	80000d54	d89e7517	auipc	x10,0xd89e7	 x10=0x589e7d50
        8515000	       850	80000d58	01539733	sll	x14,x7,x21	  x7:0x00000000 x21:0x80009fc4 x14=0x00000000
        8525000	       851	80000d5c	41d80f33	sub	x30,x16,x29	 x16:0x0000000b x29:0x5136e41c x30=0xaec91bef
        8535000	       852	80000d60	2b3fdb97	auipc	x23,0x2b3fd	 x23=0xab3fdd5c
        8545000	       853	80000d64	0123a233	slt	x4,x7,x18	  x7:0x00000000 x18:0xd968fd45  x4=0x00000000
        8555000	       854	80000d68	03370663	beq	x14,x19,80000d94	 x14:0x00000000 x19:0x7fea8000
        8565000	       855	80000d6c	0314ca63	blt	x9,x17,80000da0	  x9:0x00000000 x17:0x60fe7d4c
        8575000	       856	00000000	00000013	addi	x0,x0,0	  x0:0x00000000
        8585000	       857	80000d9c	00000013	addi	x0,x0,0	  x0:0x00000000
        8595000	       858	80000da0	017785b3	add	x11,x15,x23	 x15:0x00000000 x23:0xab3fdd5c x11=0xab3fdd5c
        8605000	       859	80000da4	05a31063	bne	x6,x26,80000de4	  x6:0x5136cd44 x26:0x00000000
        8615000	       860	00000000	00000013	addi	x0,x0,0	  x0:0x00000000
        8625000	       861	80000de0	00000013	addi	x0,x0,0	  x0:0x00000000
        8635000	       862	80000de4	0124e4b3	or	x9,x9,x18	  x9:0x00000000 x18:0xd968fd45  x9=0xd968fd45
        8645000	       863	80000de8	0109ad33	slt	x26,x19,x16	 x19:0x7fea8000 x16:0x0000000b x26=0x00000000
        8655000	       864	80000dec	a83ffa13	andi	x20,x31,-1405	 x31:0x80009f84 x20=0x80009a80
        8665000	       865	80000df0	025c1e63	bne	x24,x5,80000e2c	 x24:0xd968ffd5  x5:0x59bcbe58
        8675000	       866	00000000	00000013	addi	x0,x0,0	  x0:0x00000000
        8685000	       867	80000e28	00000013	addi	x0,x0,0	  x0:0x00000000
        8695000	       868	80000e2c	00795c33	srl	x24,x18,x7	 x18:0xd968fd45  x7:0x00000000 x24=0xd968fd45
        8705000	       869	80000e30	00cc8633	add	x12,x25,x12	 x25:0x00000000 x12:0x00000000 x12=0x00000000
        8715000	       870	80000e34	01f00663	beq	x0,x31,80000e40	  x0:0x00000000 x31:0x80009f84
        8725000	       871	80000e38	018a0863	beq	x20,x24,80000e48	 x20:0x80009a80 x24:0xd968fd45
        8735000	       872	80000e3c	d2c33d93	sltiu	x27,x6,-724	  x6:0x5136cd44 x27=0x00000001
        8745000	       873	80000e40	0311d663	bge	x3,x17,80000e6c	  x3:0xfffffe6b x17:0x60fe7d4c
        8755000	       874	80000e44	00000013	addi	x0,x0,0	  x0:0x00000000
        8765000	       875	80000e48	00b3a7b3	slt	x15,x7,x11	  x7:0x00000000 x11:0xab3fdd5c x15=0x00000000
        8775000	       876	80000e4c	00848633	add	x12,x9,x8	  x9:0xd968fd45  x8:0x00000001 x12=0xd968fd46
        8785000	       877	80000e50	0170f9b3	and	x19,x1,x23	  x1:0x00000636 x23:0xab3fdd5c x19=0x00000414
        8795000	       878	80000e54	01f3db13	srli	x22,x7,0x1f	  x7:0x00000000 x22=0x00000000
        8805000	       879	80000e58	00495c63	bge	x18,x4,80000e70	 x18:0xd968fd45  x4:0x00000000
        8815000	       880	80000e5c	101cbb13	sltiu	x22,x25,257	 x25:0x00000000 x22=0x00000001
        8825000	       881	80000e60	40788433	sub	x8,x17,x7	 x17:0x60fe7d4c  x7:0x00000000  x8=0x60fe7d4c
        8835000	       882	80000e64	0ba44f13	xori	x30,x8,186	  x8:0x60fe7d4c x30=0x60fe7df6
        8845000	       883	80000e68	015b0863	beq	x22,x21,80000e78	 x22:0x00000001 x21:0x80009fc4
        8855000	       884	80000e6c	01479113	slli	x2,x15,0x14	 x15:0x00000000  x2=0x00000000
        8865000	       885	80000e70	416756b3	sra	x13,x14,x22	 x14:0x00000000 x22:0x00000001 x13=0x00000000
        8875000	       886	80000e74	135bb593	sltiu	x11,x23,309	 x23:0xab3fdd5c x11=0x00000000
        8885000	       887	80000e78	00b25cb3	srl	x25,x4,x11	  x4:0x00000000 x11:0x00000000 x25=0x00000000
        8895000	       888	80000e7c	40175d93	srai	x27,x14,0x1	 x14:0x00000000 x27=0x00000000
        8905000	       889	80000e80	40b185b3	sub	x11,x3,x11	  x3:0xfffffe6b x11:0x00000000 x11=0xfffffe6b
        8915000	       890	80000e84	012dadb3	slt	x27,x27,x18	 x27:0x00000000 x18:0xd968fd45 x27=0x00000000
        8925000	       891	80000e88	01b5d8b3	srl	x17,x11,x27	 x11:0xfffffe6b x27:0x00000000 x17=0xfffffe6b
        8935000	       892	80000e8c	00d27033	and	x0,x4,x13	  x4:0x00000000 x13:0x00000000
        8945000	       893	80000e90	01919cb3	sll	x25,x3,x25	  x3:0xfffffe6b x25:0x00000000 x25=0xfffffe6b
        8955000	       894	80000e94	410b57b3	sra	x15,x22,x16	 x22:0x00000001 x16:0x0000000b x15=0x00000000
        8965000	       895	80000e98	00571c13	slli	x24,x14,0x5	 x14:0x00000000 x24=0x00000000
        8975000	       896	80000e9c	67a1a793	slti	x15,x3,1658	  x3:0xfffffe6b x15=0x00000001
        8985000	       897	80000ea0	01e05663	bge	x0,x30,80000eac	  x0:0x00000000 x30:0x60fe7df6
        8995000	       898	80000ea4	41e1d113	srai	x2,x3,0x1e	  x3:0xfffffe6b  x2=0xffffffff
        9005000	       899	80000ea8	01e24cb3	xor	x25,x4,x30	  x4:0x00000000 x30:0x60fe7df6 x25=0x60fe7df6
        9015000	       900	80000eac	0006cb33	xor	x22,x13,x0	 x13:0x00000000  x0:0x00000000 x22=0x00000000
        9025000	       901	80000eb0	a05f4f13	xori	x30,x30,-1531	 x30:0x60fe7df6 x30=0x9f0187f3
        9035000	       902	80000eb4	00f35013	srli	x0,x6,0xf	  x6:0x5136cd44
        9045000	       903	80000eb8	02f5e863	bltu	x11,x15,80000ee8	 x11:0xfffffe6b x15:0x00000001
        9055000	       904	80000ebc	001f20b3	slt	x1,x30,x1	 x30:0x9f0187f3  x1:0x00000636  x1=0x00000001
        9065000	       905	80000ec0	04dbe263	bltu	x23,x13,80000f04	 x23:0xab3fdd5c x13:0x00000000
        9075000	       906	80000ec4	7c95ba13	sltiu	x20,x11,1993	 x11:0xfffffe6b x20=0x00000000
        9085000	       907	80000ec8	010d5b93	srli	x23,x26,0x10	 x26:0x00000000 x23=0x00000000
        9095000	       908	80000ecc	05046063	bltu	x8,x16,80000f0c	  x8:0x60fe7d4c x16:0x0000000b
        9105000	       909	80000ed0	029ee463	bltu	x29,x9,80000ef8	 x29:0x5136e41c  x9:0xd968fd45
        9115000	       910	00000000	00000013	addi	x0,x0,0	  x0:0x00000000
        9125000	       911	80000ef4	00000013	addi	x0,x0,0	  x0:0x00000000
        9135000	       912	80000ef8	01166e33	or	x28,x12,x17	 x12:0xd968fd46 x17:0xfffffe6b x28=0xffffff6f
        9145000	       913	80000efc	21790313	addi	x6,x18,535	 x18:0xd968fd45  x6=0xd968ff5c
        9155000	       914	80000f00	7e0fb613	sltiu	x12,x31,2016	 x31:0x80009f84 x12=0x00000000
        9165000	       915	80000f04	0091deb3	srl	x29,x3,x9	  x3:0xfffffe6b  x9:0xd968fd45 x29=0x07fffff3
        9175000	       916	80000f08	0135f863	bgeu	x11,x19,80000f18	 x11:0xfffffe6b x19:0x00000414
        9185000	       917	00000000	00000013	addi	x0,x0,0	  x0:0x00000000
        9195000	       918	80000f14	00000013	addi	x0,x0,0	  x0:0x00000000
        9205000	       919	80000f18	014bdb13	srli	x22,x23,0x14	 x23:0x00000000 x22=0x00000000
        9215000	       920	80000f1c	01c8e733	or	x14,x17,x28	 x17:0xfffffe6b x28:0xffffff6f x14=0xffffff6f
        9225000	       921	80000f20	004e1793	slli	x15,x28,0x4	 x28:0xffffff6f x15=0xfffff6f0
        9235000	       922	80000f24	faa2bc97	auipc	x25,0xfaa2b	 x25=0x7aa2bf20
        9245000	       923	80000f28	0123e863	bltu	x7,x18,80000f38	  x7:0x00000000 x18:0xd968fd45
        9255000	       924	00000000	00000013	addi	x0,x0,0	  x0:0x00000000
        9265000	       925	80000f34	00000013	addi	x0,x0,0	  x0:0x00000000
        9275000	       926	80000f38	018d9493	slli	x9,x27,0x18	 x27:0x00000000  x9=0x00000000
        9285000	       927	80000f3c	01cb02b3	add	x5,x22,x28	 x22:0x00000000 x28:0xffffff6f  x5=0xffffff6f
        9295000	       928	80000f40	d17e7193	andi	x3,x28,-745	 x28:0xffffff6f  x3=0xfffffd07
        9305000	       929	80000f44	032e1e63	bne	x28,x18,80000f80	 x28:0xffffff6f x18:0xd968fd45
        9315000	       930	00000000	00000013	addi	x0,x0,0	  x0:0x00000000
        9325000	       931	80000f7c	00000013	addi	x0,x0,0	  x0:0x00000000
        9335000	       932	80000f80	fed77013	andi	x0,x14,-19	 x14:0xffffff6f
        9345000	       933	80000f84	155fa593	slti	x11,x31,341	 x31:0x80009f84 x11=0x00000001
        9355000	       934	80000f88	7dda6d13	ori	x26,x20,2013	 x20:0x00000000 x26=0x000007dd
        9365000	       935	80000f8c	00975613	srli	x12,x14,0x9	 x14:0xffffff6f x12=0x007fffff
        9375000	       936	80000f90	7b2e2593	slti	x11,x28,1970	 x28:0xffffff6f x11=0x00000001
        9385000	       937	80000f94	406c55b3	sra	x11,x24,x6	 x24:0x00000000  x6:0xd968ff5c x11=0x00000000
        9395000	       938	80000f98	a2667493	andi	x9,x12,-1498	 x12:0x007fffff  x9=0x007ffa26
        9405000	       939	80000f9c	418d5413	srai	x8,x26,0x18	 x26:0x000007dd  x8=0x00000000
        9415000	       940	80000fa0	046dd863	bge	x27,x6,80000ff0	 x27:0x00000000  x6:0xd968ff5c
        9425000	       941	00000000	00000013	addi	x0,x0,0	  x0:0x00000000
        9435000	       942	80000fec	00000013	addi	x0,x0,0	  x0:0x00000000
        9445000	       943	80000ff0	40ecd4b3	sra	x9,x25,x14	 x25:0x7aa2bf20 x14:0xffffff6f  x9=0x0000f545
        9455000	       944	80000ff4	031ef063	bgeu	x29,x17,80001014	 x29:0x07fffff3 x17:0xfffffe6b
        9465000	       945	80000ff8	a68bcd37	lui	x26,0xa68bc	 x26=0xa68bc000
        9475000	       946	80000ffc	9b152c93	slti	x25,x10,-1615	 x10:0x589e7d50 x25=0x00000000
        9485000	       947	80001000	e476b393	sltiu	x7,x13,-441	 x13:0x00000000  x7=0x00000001
        9495000	       948	80001004	0282e463	bltu	x5,x8,8000102c	  x5:0xffffff6f  x8:0x00000000
        9505000	       949	80001008	0155e9b3	or	x19,x11,x21	 x11:0x00000000 x21:0x80009fc4 x19=0x80009fc4
        9515000	       950	8000100c	00000013	addi	x0,x0,0	  x0:0x00000000
        9525000	       951	80001010	0085d863	bge	x11,x8,80001020	 x11:0x00000000  x8:0x00000000
        9535000	       952	00000000	00000013	addi	x0,x0,0	  x0:0x00000000
        9545000	       953	8000101c	00000013	addi	x0,x0,0	  x0:0x00000000
        9555000	       954	80001020	57464417	auipc	x8,0x57464	  x8=0xd746501c
        9565000	       955	80001024	017fd1b3	srl	x3,x31,x23	 x31:0x80009f84 x23:0x00000000  x3=0x80009f84
        9575000	       956	80001028	01e30f33	add	x30,x6,x30	  x6:0xd968ff5c x30:0x9f0187f3 x30=0x786a874f
        9585000	       957	8000102c	02f38a63	beq	x7,x15,80001060	  x7:0x00000001 x15:0xfffff6f0
        9595000	       958	80001030	d452a713	slti	x14,x5,-699	  x5:0xffffff6f x14=0x00000000
        9605000	       959	80001034	c07b3f13	sltiu	x30,x22,-1017	 x22:0x00000000 x30=0x00000001
        9615000	       960	80001038	009ed1b3	srl	x3,x29,x9	 x29:0x07fffff3  x9:0x0000f545  x3=0x003fffff
        9625000	       961	8000103c	f973e193	ori	x3,x7,-105	  x7:0x00000001  x3=0xffffff97
        9635000	       962	80001040	87e7f393	andi	x7,x15,-1922	 x15:0xfffff6f0  x7=0xfffff070
        9645000	       963	80001044	d4a82793	slti	x15,x16,-694	 x16:0x0000000b x15=0x00000000
        9655000	       964	80001048	39e1e513	ori	x10,x3,926	  x3:0xffffff97 x10=0xffffff9f
        9665000	       965	8000104c	00b14cb3	xor	x25,x2,x11	  x2:0xffffffff x11:0x00000000 x25=0xffffffff
        9675000	       966	80001050	005b5d93	srli	x27,x22,0x5	 x22:0x00000000 x27=0x00000000
        9685000	       967	80001054	0e079263	bne	x15,x0,80001138	 x15:0x00000000  x0:0x00000000
        9695000	       968	80001058	564ea917	auipc	x18,0x564ea	 x18=0xd64eb054
        9705000	       969	8000105c	41f400b3	sub	x1,x8,x31	  x8:0xd746501c x31:0x80009f84  x1=0x5745b098
        9715000	       970	80001060	00000013	addi	x0,x0,0	  x0:0x00000000
        9725000	       971	80001064	00871333	sll	x6,x14,x8	 x14:0x00000000  x8:0xd746501c  x6=0x00000000
        9735000	       972	80001068	0bf2ea63	bltu	x5,x31,8000111c	  x5:0xffffff6f x31:0x80009f84
        9745000	       973	8000106c	0f076463	bltu	x14,x16,80001154	 x14:0x00000000 x16:0x0000000b
        9755000	       974	00000000	00000013	addi	x0,x0,0	  x0:0x00000000
        9765000	       975	80001150	00000013	addi	x0,x0,0	  x0:0x00000000
        9775000	       976	80001154	ef144593	xori	x11,x8,-271	  x8:0xd746501c x11=0x28b9aeed
        9785000	       977	80001158	4090d993	srai	x19,x1,0x9	  x1:0x5745b098 x19=0x002ba2d8
        9795000	       978	8000115c	410f8233	sub	x4,x31,x16	 x31:0x80009f84 x16:0x0000000b  x4=0x80009f79
        9805000	       979	80001160	01dc5613	srli	x12,x24,0x1d	 x24:0x00000000 x12=0x00000000
        9815000	       980	80001164	01371b93	slli	x23,x14,0x13	 x14:0x00000000 x23=0x00000000
        9825000	       981	80001168	41830bb3	sub	x23,x6,x24	  x6:0x00000000 x24:0x00000000 x23=0x00000000
        9835000	       982	8000116c	1d9a6193	ori	x3,x20,473	 x20:0x00000000  x3=0x000001d9
        9845000	       983	80001170	015f99b3	sll	x19,x31,x21	 x31:0x80009f84 x21:0x80009fc4 x19=0x0009f840
        9855000	       984	80001174	076e6663	bltu	x28,x22,800011e0	 x28:0xffffff6f x22:0x00000000
        9865000	       985	80001178	00c183b3	add	x7,x3,x12	  x3:0x000001d9 x12:0x00000000  x7=0x000001d9
        9875000	       986	8000117c	12da8313	addi	x6,x21,301	 x21:0x80009fc4  x6=0x8000a0f1
        9885000	       987	80001180	00bafc33	and	x24,x21,x11	 x21:0x80009fc4 x11:0x28b9aeed x24=0x00008ec4
        9895000	       988	80001184	b807fe93	andi	x29,x15,-1152	 x15:0x00000000 x29=0x00000000
        9905000	       989	80001188	05ac5a63	bge	x24,x26,800011dc	 x24:0x00008ec4 x26:0xa68bc000
        9915000	       990	00000000	00000013	addi	x0,x0,0	  x0:0x00000000
        9925000	       991	800011d8	00000013	addi	x0,x0,0	  x0:0x00000000
        9935000	       992	800011dc	02968e63	beq	x13,x9,80001218	 x13:0x00000000  x9:0x0000f545
        9945000	       993	800011e0	6a767593	andi	x11,x12,1703	 x12:0x00000000 x11=0x00000000
        9955000	       994	800011e4	2dca3c93	sltiu	x25,x20,732	 x20:0x00000000 x25=0x00000001
        9965000	       995	800011e8	c5557d93	andi	x27,x10,-939	 x10:0xffffff9f x27=0xfffffc15
        9975000	       996	800011ec	64e09cb7	lui	x25,0x64e09	 x25=0x64e09000
        9985000	       997	800011f0	01519313	slli	x6,x3,0x15	  x3:0x000001d9  x6=0x3b200000
        9995000	       998	800011f4	aa117213	andi	x4,x2,-1375	  x2:0xffffffff  x4=0xfffffaa1
       10005000	       999	800011f8	4124db13	srai	x22,x9,0x12	  x9:0x0000f545 x22=0x00000000
       10015000	      1000	800011fc	ba3ab693	sltiu	x13,x21,-1117	 x21:0x80009fc4 x13=0x00000001
       10025000	      1001	80001200	f3c44293	xori	x5,x8,-196	  x8:0xd746501c  x5=0x28b9af20
       10035000	      1002	80001204	022b0263	beq	x22,x2,80001228	 x22:0x00000000  x2:0xffffffff
       10045000	      1003	80001208	02727e63	bgeu	x4,x7,80001244	  x4:0xfffffaa1  x7:0x000001d9
       10055000	      1004	00000000	00000013	addi	x0,x0,0	  x0:0x00000000
       10065000	      1005	80001240	00000013	addi	x0,x0,0	  x0:0x00000000
       10075000	      1006	80001244	00113433	sltu	x8,x2,x1	  x2:0xffffffff  x1:0x5745b098  x8=0x00000000
       10085000	      1007	80001248	4841e893	ori	x17,x3,1156	  x3:0x000001d9 x17=0x000005dd
       10095000	      1008	8000124c	40fe5133	sra	x2,x28,x15	 x28:0xffffff6f x15:0x00000000  x2=0xffffff6f
       10105000	      1009	80001250	41415093	srai	x1,x2,0x14	  x2:0xffffff6f  x1=0xffffffff
       10115000	      1010	80001254	ab1d3793	sltiu	x15,x26,-1359	 x26:0xa68bc000 x15=0x00000001
       10125000	      1011	80001258	41ad8e33	sub	x28,x27,x26	 x27:0xfffffc15 x26:0xa68bc000 x28=0x59743c15
       10135000	      1012	8000125c	8097a393	slti	x7,x15,-2039	 x15:0x00000001  x7=0x00000000
       10145000	      1013	80001260	00e95293	srli	x5,x18,0xe	 x18:0xd64eb054  x5=0x0003593a
       10155000	      1014	80001264	61aed117	auipc	x2,0x61aed	  x2=0xe1aee260
       10165000	      1015	80001268	00000013	addi	x0,x0,0	  x0:0x00000000
       10175000	      1016	8000126c	40fc5eb3	sra	x29,x24,x15	 x24:0x00008ec4 x15:0x00000001 x29=0x00004762
       10185000	      1017	80001270	00dac933	xor	x18,x21,x13	 x21:0x80009fc4 x13:0x00000001 x18=0x80009fc5
       10195000	      1018	80001274	36268d17	auipc	x26,0x36268	 x26=0xb6269270
       10205000	      1019	80001278	418a8733	sub	x14,x21,x24	 x21:0x80009fc4 x24:0x00008ec4 x14=0x80001100
       10215000	      1020	8000127c	037e3993	sltiu	x19,x28,55	 x28:0x59743c15 x19=0x00000000
       10225000	      1021	80001280	00000013	addi	x0,x0,0	  x0:0x00000000
       10235000	      1022	80001284	01261993	slli	x19,x12,0x12	 x12:0x00000000 x19=0x00000000
       10245000	      1023	80001288	09ac7413	andi	x8,x24,154	 x24:0x00008ec4  x8=0x00000080
       10255000	      1024	8000128c	c827ce37	lui	x28,0xc827c	 x28=0xc827c000
       10265000	      1025	80001290	02b5d663	bge	x11,x11,800012bc	 x11:0x00000000 x11:0x00000000
       10275000	      1026	00000000	00000013	addi	x0,x0,0	  x0:0x00000000
       10285000	      1027	800012b8	00000013	addi	x0,x0,0	  x0:0x00000000
       10295000	      1028	800012bc	64bbfc13	andi	x24,x23,1611	 x23:0x00000000 x24=0x00000000
       10305000	      1029	800012c0	00091033	sll	x0,x18,x0	 x18:0x80009fc5  x0:0x00000000
       10315000	      1030	800012c4	018b7c33	and	x24,x22,x24	 x22:0x00000000 x24:0x00000000 x24=0x00000000
       10325000	      1031	800012c8	15113193	sltiu	x3,x2,337	  x2:0xe1aee260  x3=0x00000000
       10335000	      1032	800012cc	f25dbe13	sltiu	x28,x27,-219	 x27:0xfffffc15 x28=0x00000001
       10345000	      1033	800012d0	28a1e917	auipc	x18,0x28a1e	 x18=0xa8a1f2cc
       10355000	      1034	800012d4	025eca63	blt	x29,x5,80001308	 x29:0x00004762  x5:0x0003593a
       10365000	      1035	00000000	00000013	addi	x0,x0,0	  x0:0x00000000
       10375000	      1036	80001304	00000013	addi	x0,x0,0	  x0:0x00000000
       10385000	      1037	80001308	ab4f7213	andi	x4,x30,-1356	 x30:0x00000001  x4=0x00000000
       10395000	      1038	8000130c	6e45e013	ori	x0,x11,1764	 x11:0x00000000
       10405000	      1039	80001310	40fb8d33	sub	x26,x23,x15	 x23:0x00000000 x15:0x00000001 x26=0xffffffff
       10415000	      1040	80001314	003e7b33	and	x22,x28,x3	 x28:0x00000001  x3:0x00000000 x22=0x00000000
       10425000	      1041	80001318	9b133c93	sltiu	x25,x6,-1615	  x6:0x3b200000 x25=0x00000001
       10435000	      1042	8000131c	b30fc437	lui	x8,0xb30fc	  x8=0xb30fc000
       10445000	      1043	80001320	016066b3	or	x13,x0,x22	  x0:0x00000000 x22:0x00000000 x13=0x00000000
       10455000	      1044	80001324	02219463	bne	x3,x2,8000134c	  x3:0x00000000  x2:0xe1aee260
       10465000	      1045	00000000	00000013	addi	x0,x0,0	  x0:0x00000000
       10475000	      1046	80001348	00000013	addi	x0,x0,0	  x0:0x00000000
       10485000	      1047	8000134c	00408d33	add	x26,x1,x4	  x1:0xffffffff  x4:0x00000000 x26=0xffffffff
       10495000	      1048	80001350	010bdc33	srl	x24,x23,x16	 x23:0x00000000 x16:0x0000000b x24=0x00000000
       10505000	      1049	80001354	860e6c13	ori	x24,x28,-1952	 x28:0x00000001 x24=0xfffff861
       10515000	      1050	80001358	d0b810b7	lui	x1,0xd0b81	  x1=0xd0b81000
       10525000	      1051	8000135c	012cd413	srli	x8,x25,0x12	 x25:0x00000001  x8=0x00000000
       10535000	      1052	80001360	4019d4b3	sra	x9,x19,x1	 x19:0x00000000  x1:0xd0b81000  x9=0x00000000
       10545000	      1053	80001364	24d82b13	slti	x22,x16,589	 x16:0x0000000b x22=0x00000001
       10555000	      1054	80001368	013db6b3	sltu	x13,x27,x19	 x27:0xfffffc15 x19:0x00000000 x13=0x00000000
       10565000	      1055	8000136c	01904733	xor	x14,x0,x25	  x0:0x00000000 x25:0x00000001 x14=0x00000001
       10575000	      1056	80001370	12106913	ori	x18,x0,289	  x0:0x00000000 x18=0x00000121
       10585000	      1057	80001374	017cf3b3	and	x7,x25,x23	 x25:0x00000001 x23:0x00000000  x7=0x00000000
       10595000	      1058	80001378	007bde13	srli	x28,x23,0x7	 x23:0x00000000 x28=0x00000000
       10605000	      1059	8000137c	00e95993	srli	x19,x18,0xe	 x18:0x00000121 x19=0x00000000
       10615000	      1060	80001380	0142e863	bltu	x5,x20,80001390	  x5:0x0003593a x20:0x00000000
       10625000	      1061	80001384	35038613	addi	x12,x7,848	  x7:0x00000000 x12=0x00000350
       10635000	      1062	80001388	00000013	addi	x0,x0,0	  x0:0x00000000
       10645000	      1063	8000138c	d35e1d17	auipc	x26,0xd35e1	 x26=0x535e2388
       10655000	      1064	80001390	01cad533	srl	x10,x21,x28	 x21:0x80009fc4 x28:0x00000000 x10=0x80009fc4
       10665000	      1065	80001394	00000817	auipc	x16,0x0	 x16=0x80001390
       10675000	      1066	80001398	00c80813	addi	x16,x16,12	 x16:0x80001390 x16=0x8000139c
       10685000	      1067	8000139c	00080067	jalr	x0,x16,0	 x16:0x8000139c
       10695000	      1068	00000000	00000013	addi	x0,x0,0	  x0:0x00000000
       10705000	      1069	8000139c	00000013	addi	x0,x0,0	  x0:0x00000000
       10715000	      1070	800013a0	00100193	addi	x3,x0,1	  x0:0x00000000  x3=0x00000001
       10725000	      1071	800013a4	00000073	ecall	
       10735000	      1072	800013a8	006b5663	bge	x22,x6,800013b4	 x22:0x00000001  x6:0x3b200000
