		Time			Cycle	PC		Insn	Decoded instruction	Register and memory contents
          65000	         5	80000004	00000293	addi	x5,x0,0	  x0:0x00000000  x5=0x00000000
          75000	         6	80000008	00000313	addi	x6,x0,0	  x0:0x00000000  x6=0x00000000
          85000	         7	8000000c	00628263	beq	x5,x6,80000010	  x5:0x00000000  x6:0x00000000
          95000	         8	00000000	00000013	addi	x0,x0,0	  x0:0x00000000
         105000	         9	8000000c	00000013	addi	x0,x0,0	  x0:0x00000000
         115000	        10	80000010	00000597	auipc	x11,0x0	 x11=0x8000000c
         125000	        11	80000014	00c58593	addi	x11,x11,12	 x11:0x8000000c x11=0x80000018
         135000	        12	80000018	00058067	jalr	x0,x11,0	 x11:0x80000018
         145000	        13	00000000	00000013	addi	x0,x0,0	  x0:0x00000000
         155000	        14	80000018	00000013	addi	x0,x0,0	  x0:0x00000000
         165000	        15	8000001c	40000737	lui	x14,0x40000	 x14=0x40000000
         175000	        16	80000020	10070713	addi	x14,x14,256	 x14:0x40000000 x14=0x40000100
         185000	        17	80000024	00000013	addi	x0,x0,0	  x0:0x00000000
         195000	        18	80000028	0000ad97	auipc	x27,0xa	 x27=0x8000a024
         205000	        19	8000002c	fa0d8d93	addi	x27,x27,-96	 x27:0x8000a024 x27=0x80009fc4
         215000	        20	80000030	00003717	auipc	x14,0x3	 x14=0x8000302c
         225000	        21	80000034	a7470713	addi	x14,x14,-1420	 x14:0x8000302c x14=0x80002aa0
         235000	        22	80000038	00176713	ori	x14,x14,1	 x14:0x80002aa0 x14=0x80002aa1
         245000	        23	8000003c	00000013	addi	x0,x0,0	  x0:0x00000000
         255000	        24	80000040	00000717	auipc	x14,0x0	 x14=0x8000003c
         265000	        25	80000044	02070713	addi	x14,x14,32	 x14:0x8000003c x14=0x8000005c
         275000	        26	80000048	00000013	addi	x0,x0,0	  x0:0x00000000
         285000	        27	8000004c	00000013	addi	x0,x0,0	  x0:0x00000000
         295000	        28	80000050	00002737	lui	x14,0x2	 x14=0x00002000
         305000	        29	80000054	80070713	addi	x14,x14,-2048	 x14:0x00002000 x14=0x00001800
         315000	        30	80000058	00000013	addi	x0,x0,0	  x0:0x00000000
         325000	        31	8000005c	00000013	addi	x0,x0,0	  x0:0x00000000
         335000	        32	80000060	f7c57037	lui	x0,0xf7c57	
         345000	        33	80000064	9fb00013	addi	x0,x0,-1541	  x0:0x00000000
         355000	        34	80000068	00000093	addi	x1,x0,0	  x0:0x00000000  x1=0x00000000
         365000	        35	8000006c	80000137	lui	x2,0x80000	  x2=0x80000000
         375000	        36	80000070	30cd01b7	lui	x3,0x30cd0	  x3=0x30cd0000
         385000	        37	80000074	71418193	addi	x3,x3,1812	  x3:0x30cd0000  x3=0x30cd0714
         395000	        38	80000078	f9065237	lui	x4,0xf9065	  x4=0xf9065000
         405000	        39	8000007c	15b20213	addi	x4,x4,347	  x4:0xf9065000  x4=0xf906515b
         415000	        40	80000080	6e4da2b7	lui	x5,0x6e4da	  x5=0x6e4da000
         425000	        41	80000084	d7428293	addi	x5,x5,-652	  x5:0x6e4da000  x5=0x6e4d9d74
         435000	        42	80000088	80000337	lui	x6,0x80000	  x6=0x80000000
         445000	        43	8000008c	f0d3a3b7	lui	x7,0xf0d3a	  x7=0xf0d3a000
         455000	        44	80000090	42438393	addi	x7,x7,1060	  x7:0xf0d3a000  x7=0xf0d3a424
         465000	        45	80000094	00000413	addi	x8,x0,0	  x0:0x00000000  x8=0x00000000
         475000	        46	80000098	00000493	addi	x9,x0,0	  x0:0x00000000  x9=0x00000000
         485000	        47	8000009c	f3827537	lui	x10,0xf3827	 x10=0xf3827000
         495000	        48	800000a0	8c150513	addi	x10,x10,-1855	 x10:0xf3827000 x10=0xf38268c1
         505000	        49	800000a4	8fb015b7	lui	x11,0x8fb01	 x11=0x8fb01000
         515000	        50	800000a8	84e58593	addi	x11,x11,-1970	 x11:0x8fb01000 x11=0x8fb0084e
         525000	        51	800000ac	00d00613	addi	x12,x0,13	  x0:0x00000000 x12=0x0000000d
         535000	        52	800000b0	f23496b7	lui	x13,0xf2349	 x13=0xf2349000
         545000	        53	800000b4	7ff68693	addi	x13,x13,2047	 x13:0xf2349000 x13=0xf23497ff
         555000	        54	800000b8	00500713	addi	x14,x0,5	  x0:0x00000000 x14=0x00000005
         565000	        55	800000bc	00500813	addi	x16,x0,5	  x0:0x00000000 x16=0x00000005
         575000	        56	800000c0	00100893	addi	x17,x0,1	  x0:0x00000000 x17=0x00000001
         585000	        57	800000c4	fdf11937	lui	x18,0xfdf11	 x18=0xfdf11000
         595000	        58	800000c8	21d90913	addi	x18,x18,541	 x18:0xfdf11000 x18=0xfdf1121d
         605000	        59	800000cc	e9a5e9b7	lui	x19,0xe9a5e	 x19=0xe9a5e000
         615000	        60	800000d0	6fa98993	addi	x19,x19,1786	 x19:0xe9a5e000 x19=0xe9a5e6fa
         625000	        61	800000d4	dc386a37	lui	x20,0xdc386	 x20=0xdc386000
         635000	        62	800000d8	f3fa0a13	addi	x20,x20,-193	 x20:0xdc386000 x20=0xdc385f3f
         645000	        63	800000dc	00700a93	addi	x21,x0,7	  x0:0x00000000 x21=0x00000007
         655000	        64	800000e0	00000b13	addi	x22,x0,0	  x0:0x00000000 x22=0x00000000
         665000	        65	800000e4	f33b6bb7	lui	x23,0xf33b6	 x23=0xf33b6000
         675000	        66	800000e8	894b8b93	addi	x23,x23,-1900	 x23:0xf33b6000 x23=0xf33b5894
         685000	        67	800000ec	00000c13	addi	x24,x0,0	  x0:0x00000000 x24=0x00000000
         695000	        68	800000f0	f7aa5cb7	lui	x25,0xf7aa5	 x25=0xf7aa5000
         705000	        69	800000f4	738c8c93	addi	x25,x25,1848	 x25:0xf7aa5000 x25=0xf7aa5738
         715000	        70	800000f8	80000d37	lui	x26,0x80000	 x26=0x80000000
         725000	        71	800000fc	00200e13	addi	x28,x0,2	  x0:0x00000000 x28=0x00000002
         735000	        72	80000100	00f00e93	addi	x29,x0,15	  x0:0x00000000 x29=0x0000000f
         745000	        73	80000104	00000f13	addi	x30,x0,0	  x0:0x00000000 x30=0x00000000
         755000	        74	80000108	4a35ffb7	lui	x31,0x4a35f	 x31=0x4a35f000
         765000	        75	8000010c	79ef8f93	addi	x31,x31,1950	 x31:0x4a35f000 x31=0x4a35f79e
         775000	        76	80000110	0000a797	auipc	x15,0xa	 x15=0x8000a10c
         785000	        77	80000114	e7878793	addi	x15,x15,-392	 x15:0x8000a10c x15=0x80009f84
         795000	        78	80000118	00000997	auipc	x19,0x0	 x19=0x80000114
         805000	        79	8000011c	69c98993	addi	x19,x19,1692	 x19:0x80000114 x19=0x800007b0
         815000	        80	80000120	e4087f37	lui	x30,0xe4087	 x30=0xe4087000
         825000	        81	80000124	487a4493	xori	x9,x20,1159	 x20:0xdc385f3f  x9=0xdc385bb8
         835000	        82	80000128	00902cb3	slt	x25,x0,x9	  x0:0x00000000  x9:0xdc385bb8 x25=0x00000000
         845000	        83	8000012c	40ca5013	srai	x0,x20,0xc	 x20:0xdc385f3f
         855000	        84	80000130	c5c98993	addi	x19,x19,-932	 x19:0x800007b0 x19=0x8000040c
         865000	        85	80000134	00a49633	sll	x12,x9,x10	  x9:0xdc385bb8 x10:0xf38268c1 x12=0xb870b770
         875000	        86	80000138	00e5de13	srli	x28,x11,0xe	 x11:0x8fb0084e x28=0x00023ec0
         885000	        87	8000013c	010880b3	add	x1,x17,x16	 x17:0x00000001 x16:0x00000005  x1=0x00000006
         895000	        88	80000140	2b860493	addi	x9,x12,696	 x12:0xb870b770  x9=0xb870ba28
         905000	        89	80000144	3a5982e7	jalr	x5,x19,933	 x19:0x8000040c  x5=0x80000144
         915000	        90	00000000	00000013	addi	x0,x0,0	  x0:0x00000000
         925000	        91	800007b0	00000013	addi	x0,x0,0	  x0:0x00000000
         935000	        92	800007b4	fe478793	addi	x15,x15,-28	 x15:0x80009f84 x15=0x80009f68
         945000	        93	800007b8	01acc433	xor	x8,x25,x26	 x25:0x00000000 x26:0x80000000  x8=0x80000000
         955000	        94	800007bc	410653b3	sra	x7,x12,x16	 x12:0xb870b770 x16:0x00000005  x7=0xfdc385bb
         965000	        95	800007c0	0057a223	sw	x5,4(x15)	 x15:0x80009f68  x5:0x80000144 PA:0x80009f6c
         975000	        96	800007c4	ae5e8113	addi	x2,x29,-1307	 x29:0x0000000f  x2=0xfffffaf4
         985000	        97	800007c8	00008117	auipc	x2,0x8	  x2=0x800087c4
         995000	        98	800007cc	45b10113	addi	x2,x2,1115	  x2:0x800087c4  x2=0x80008c1f
        1005000	        99	800007d0	b5df2b17	auipc	x22,0xb5df2	 x22=0x35df27cc
        1015000	       100	800007d4	00910423	sb	x9,8(x2)	  x2:0x80008c1f  x9:0xb870ba28 PA:0x80008c27
        1025000	       101	800007d8	00810423	sb	x8,8(x2)	  x2:0x80008c1f  x8:0x80000000 PA:0x80008c27
        1035000	       102	800007dc	ff912aa3	sw	x25,-11(x2)	  x2:0x80008c1f x25:0x00000000 PA:0x80008c14
        1045000	       103	800007e0	fff11aa3	sh	x31,-11(x2)	  x2:0x80008c1f x31:0x4a35f79e PA:0x80008c14
        1055000	       104	800007e4	ff512e03	lw	x28,-11(x2)	  x2:0x80008c1f x28=0x0000f79e PA:0x80008c14
        1065000	       105	800007e8	ff614f83	lbu	x31,-10(x2)	  x2:0x80008c1f x31=0x000000f7 PA:0x80008c15
        1075000	       106	800007ec	00a10683	lb	x13,10(x2)	  x2:0x80008c1f x13=0x00000012 PA:0x80008c29
        1085000	       107	800007f0	ffc119a3	sh	x28,-13(x2)	  x2:0x80008c1f x28:0x0000f79e PA:0x80008c12
        1095000	       108	800007f4	ffc10383	lb	x7,-4(x2)	  x2:0x80008c1f  x7=0x00000000 PA:0x80008c1b
        1105000	       109	800007f8	ffd10c23	sb	x29,-8(x2)	  x2:0x80008c1f x29:0x0000000f PA:0x80008c17
        1115000	       110	800007fc	40cdd9b3	sra	x19,x27,x12	 x27:0x80009fc4 x12:0xb870b770 x19=0xffff8000
        1125000	       111	80000800	00311c03	lh	x24,3(x2)	  x2:0x80008c1f x24=0x00000809 PA:0x80008c22
        1135000	       112	80000804	00311703	lh	x14,3(x2)	  x2:0x80008c1f x14=0x00000809 PA:0x80008c22
        1145000	       113	80000808	00711903	lh	x18,7(x2)	  x2:0x80008c1f x18=0x0000000d PA:0x80008c26
        1155000	       114	8000080c	00a103a3	sb	x10,7(x2)	  x2:0x80008c1f x10:0xf38268c1 PA:0x80008c26
        1165000	       115	80000810	00715803	lhu	x16,7(x2)	  x2:0x80008c1f x16=0x000000c1 PA:0x80008c26
        1175000	       116	80000814	00008f97	auipc	x31,0x8	 x31=0x80008810
        1185000	       117	80000818	128f8f93	addi	x31,x31,296	 x31:0x80008810 x31=0x80008938
        1195000	       118	8000081c	59ef8623	sb	x30,1420(x31)	 x31:0x80008938 x30:0xe4087000 PA:0x80008ec4
        1205000	       119	80000820	00bf3a33	sltu	x20,x30,x11	 x30:0xe4087000 x11:0x8fb0084e x20=0x00000000
        1215000	       120	80000824	14e03713	sltiu	x14,x0,334	  x0:0x00000000 x14=0x00000001
        1225000	       121	80000828	2b0e8113	addi	x2,x29,688	 x29:0x0000000f  x2=0x000002bf
        1235000	       122	8000082c	40618ab3	sub	x21,x3,x6	  x3:0x30cd0714  x6:0x80000000 x21=0xb0cd0714
        1245000	       123	80000830	00406633	or	x12,x0,x4	  x0:0x00000000  x4:0xf906515b x12=0xf906515b
        1255000	       124	80000834	df660897	auipc	x17,0xdf660	 x17=0x5f660830
        1265000	       125	80000838	b42d1217	auipc	x4,0xb42d1	  x4=0x342d1834
        1275000	       126	8000083c	e64b7993	andi	x19,x22,-412	 x22:0x35df27cc x19=0x35df2644
        1285000	       127	80000840	1567ed13	ori	x26,x15,342	 x15:0x80009f68 x26=0x80009f7e
        1295000	       128	80000844	39d2fab7	lui	x21,0x39d2f	 x21=0x39d2f000
        1305000	       129	80000848	01256e33	or	x28,x10,x18	 x10:0xf38268c1 x18:0x0000000d x28=0xf38268cd
        1315000	       130	8000084c	62cfac83	lw	x25,1580(x31)	 x31:0x80008938 x25=0x4c4d4e4f PA:0x80008f64
        1325000	       131	80000850	13508813	addi	x16,x1,309	  x1:0x00000006 x16=0x0000013b
        1335000	       132	80000854	0007beb3	sltu	x29,x15,x0	 x15:0x80009f68  x0:0x00000000 x29=0x00000000
        1345000	       133	80000858	3a0ae637	lui	x12,0x3a0ae	 x12=0x3a0ae000
        1355000	       134	8000085c	01718a33	add	x20,x3,x23	  x3:0x30cd0714 x23:0xf33b5894 x20=0x24085fa8
        1365000	       135	80000860	546fc383	lbu	x7,1350(x31)	 x31:0x80008938  x7=0x00000065 PA:0x80008e7e
        1375000	       136	80000864	08df8603	lb	x12,141(x31)	 x31:0x80008938 x12=0xffffffae PA:0x800089c5
        1385000	       137	80000868	fa5f9f23	sh	x5,-66(x31)	 x31:0x80008938  x5:0x80000144 PA:0x800088f6
        1395000	       138	8000086c	011a4bb3	xor	x23,x20,x17	 x20:0x24085fa8 x17:0x5f660830 x23=0x7b6e5798
        1405000	       139	80000870	37bf9323	sh	x27,870(x31)	 x31:0x80008938 x27:0x80009fc4 PA:0x80008c9e
        1415000	       140	80000874	153f8a03	lb	x20,339(x31)	 x31:0x80008938 x20=0x00000070 PA:0x80008a8b
        1425000	       141	80000878	358f9c03	lh	x24,856(x31)	 x31:0x80008938 x24=0x00007a7b PA:0x80008c90
        1435000	       142	8000087c	ff7f8ea3	sb	x23,-3(x31)	 x31:0x80008938 x23:0x7b6e5798 PA:0x80008935
        1445000	       143	80000880	54db6f13	ori	x30,x22,1357	 x22:0x35df27cc x30=0x35df27cd
        1455000	       144	80000884	a66dae93	slti	x29,x27,-1434	 x27:0x80009fc4 x29=0x00000001
        1465000	       145	80000888	00c24533	xor	x10,x4,x12	  x4:0x342d1834 x12:0xffffffae x10=0xcbd2e79a
        1475000	       146	8000088c	00131933	sll	x18,x6,x1	  x6:0x80000000  x1:0x00000006 x18=0x00000000
        1485000	       147	80000890	5d2f8203	lb	x4,1490(x31)	 x31:0x80008938  x4=0xfffffff1 PA:0x80008f0a
        1495000	       148	80000894	401cd293	srai	x5,x25,0x1	 x25:0x4c4d4e4f  x5=0x2626a727
        1505000	       149	80000898	431fa423	sw	x17,1064(x31)	 x31:0x80008938 x17:0x5f660830 PA:0x80008d60
        1515000	       150	8000089c	ffff8723	sb	x31,-18(x31)	 x31:0x80008938 x31:0x80008938 PA:0x80008926
        1525000	       151	800008a0	01b4da93	srli	x21,x9,0x1b	  x9:0xb870ba28 x21=0x00000017
        1535000	       152	800008a4	cf29aa13	slti	x20,x19,-782	 x19:0x35df2644 x20=0x00000000
        1545000	       153	800008a8	379f8c83	lb	x25,889(x31)	 x31:0x80008938 x25=0xffffff9a PA:0x80008cb1
        1555000	       154	800008ac	40fadd33	sra	x26,x21,x15	 x21:0x00000017 x15:0x80009f68 x26=0x00000000
        1565000	       155	800008b0	0024f2b3	and	x5,x9,x2	  x9:0xb870ba28  x2:0x000002bf  x5=0x00000228
        1575000	       156	800008b4	00ae2c33	slt	x24,x28,x10	 x28:0xf38268cd x10:0xcbd2e79a x24=0x00000000
        1585000	       157	800008b8	006226b3	slt	x13,x4,x6	  x4:0xfffffff1  x6:0x80000000 x13=0x00000000
        1595000	       158	800008bc	faffc603	lbu	x12,-81(x31)	 x31:0x80008938 x12=0x000000cc PA:0x800088e7
        1605000	       159	800008c0	b3948b93	addi	x23,x9,-1223	  x9:0xb870ba28 x23=0xb870b561
        1615000	       160	800008c4	f03b2713	slti	x14,x22,-253	 x22:0x35df27cc x14=0x00000000
        1625000	       161	800008c8	68afd083	lhu	x1,1674(x31)	 x31:0x80008938  x1=0x0000a8a9 PA:0x80008fc2
        1635000	       162	800008cc	03bf8203	lb	x4,59(x31)	 x31:0x80008938  x4=0x00000058 PA:0x80008973
        1645000	       163	800008d0	00008117	auipc	x2,0x8	  x2=0x800088cc
        1655000	       164	800008d4	0d110113	addi	x2,x2,209	  x2:0x800088cc  x2=0x8000899d
        1665000	       165	800008d8	015f8cb3	add	x25,x31,x21	 x31:0x80008938 x21:0x00000017 x25=0x8000894f
        1675000	       166	800008dc	00c10723	sb	x12,14(x2)	  x2:0x8000899d x12:0x000000cc PA:0x800089ab
        1685000	       167	800008e0	7fc30413	addi	x8,x6,2044	  x6:0x80000000  x8=0x800007fc
        1695000	       168	800008e4	ff414e03	lbu	x28,-12(x2)	  x2:0x8000899d x28=0x0000007a PA:0x80008991
        1705000	       169	800008e8	0006eb33	or	x22,x13,x0	 x13:0x00000000  x0:0x00000000 x22=0x00000000
        1715000	       170	800008ec	410dd413	srai	x8,x27,0x10	 x27:0x80009fc4  x8=0xffff8000
        1725000	       171	800008f0	ee18bf93	sltiu	x31,x17,-287	 x17:0x5f660830 x31=0x00000001
        1735000	       172	800008f4	00b14d03	lbu	x26,11(x2)	  x2:0x8000899d x26=0x00000093 PA:0x800089a8
        1745000	       173	800008f8	00014603	lbu	x12,0(x2)	  x2:0x8000899d x12=0x00000086 PA:0x8000899d
        1755000	       174	800008fc	00410683	lb	x13,4(x2)	  x2:0x8000899d x13=0xffffff8a PA:0x800089a1
        1765000	       175	80000900	00ba5a93	srli	x21,x20,0xb	 x20:0x00000000 x21=0x00000000
        1775000	       176	80000904	00e0e833	or	x16,x1,x14	  x1:0x0000a8a9 x14:0x00000000 x16=0x0000a8a9
        1785000	       177	80000908	ac6f4993	xori	x19,x30,-1338	 x30:0x35df27cd x19=0xca20dd0b
        1795000	       178	8000090c	00410e03	lb	x28,4(x2)	  x2:0x8000899d x28=0xffffff8a PA:0x800089a1
        1805000	       179	80000910	00f11b83	lh	x23,15(x2)	  x2:0x8000899d x23=0xffff9697 PA:0x800089ac
        1815000	       180	80000914	00b15a03	lhu	x20,11(x2)	  x2:0x8000899d x20=0x00009293 PA:0x800089a8
        1825000	       181	80000918	411adab3	sra	x21,x21,x17	 x21:0x00000000 x17:0x5f660830 x21=0x00000000
        1835000	       182	8000091c	013adeb3	srl	x29,x21,x19	 x21:0x00000000 x19:0xca20dd0b x29=0x00000000
        1845000	       183	80000920	ff810283	lb	x5,-8(x2)	  x2:0x8000899d  x5=0x0000007e PA:0x80008995
        1855000	       184	80000924	0028bcb3	sltu	x25,x17,x2	 x17:0x5f660830  x2:0x8000899d x25=0x00000001
        1865000	       185	80000928	40ba5a13	srai	x20,x20,0xb	 x20:0x00009293 x20=0x00000012
        1875000	       186	8000092c	00000013	addi	x0,x0,0	  x0:0x00000000
        1885000	       187	80000930	00e10703	lb	x14,14(x2)	  x2:0x8000899d x14=0xffffffcc PA:0x800089ab
        1895000	       188	80000934	404bd033	sra	x0,x23,x4	 x23:0xffff9697  x4:0x00000058
        1905000	       189	80000938	018c8cb3	add	x25,x25,x24	 x25:0x00000001 x24:0x00000000 x25=0x00000001
        1915000	       190	8000093c	00d111a3	sh	x13,3(x2)	  x2:0x8000899d x13:0xffffff8a PA:0x800089a0
        1925000	       191	80000940	01014983	lbu	x19,16(x2)	  x2:0x8000899d x19=0x00000096 PA:0x800089ad
        1935000	       192	80000944	f83b8293	addi	x5,x23,-125	 x23:0xffff9697  x5=0xffff961a
        1945000	       193	80000948	fe910823	sb	x9,-16(x2)	  x2:0x8000899d  x9:0xb870ba28 PA:0x8000898d
        1955000	       194	8000094c	fceef213	andi	x4,x29,-50	 x29:0x00000000  x4=0x00000000
        1965000	       195	80000950	002100a3	sb	x2,1(x2)	  x2:0x8000899d  x2:0x8000899d PA:0x8000899e
        1975000	       196	80000954	00971433	sll	x8,x14,x9	 x14:0xffffffcc  x9:0xb870ba28  x8=0xffffcc00
        1985000	       197	80000958	ff210a03	lb	x20,-14(x2)	  x2:0x8000899d x20=0x00000074 PA:0x8000898f
        1995000	       198	8000095c	797c8c13	addi	x24,x25,1943	 x25:0x00000001 x24=0x00000798
        2005000	       199	80000960	00810003	lb	x0,8(x2)	  x2:0x8000899d PA:0x800089a5
        2015000	       200	80000964	ff814b83	lbu	x23,-8(x2)	  x2:0x8000899d x23=0x0000007e PA:0x80008995
        2025000	       201	80000968	89968393	addi	x7,x13,-1895	 x13:0xffffff8a  x7=0xfffff823
        2035000	       202	8000096c	00a14603	lbu	x12,10(x2)	  x2:0x8000899d x12=0x0000008c PA:0x800089a7
        2045000	       203	80000970	00ee9893	slli	x17,x29,0xe	 x29:0x00000000 x17=0x00000000
        2055000	       204	80000974	00614283	lbu	x5,6(x2)	  x2:0x8000899d  x5=0x00000088 PA:0x800089a3
        2065000	       205	80000978	e91aa937	lui	x18,0xe91aa	 x18=0xe91aa000
        2075000	       206	8000097c	41dc5cb3	sra	x25,x24,x29	 x24:0x00000798 x29:0x00000000 x25=0x00000798
        2085000	       207	80000980	ff810aa3	sb	x24,-11(x2)	  x2:0x8000899d x24:0x00000798 PA:0x80008992
        2095000	       208	80000984	9b5aa493	slti	x9,x21,-1611	 x21:0x00000000  x9=0x00000000
        2105000	       209	80000988	fe810e23	sb	x8,-4(x2)	  x2:0x8000899d  x8:0xffffcc00 PA:0x80008999
        2115000	       210	8000098c	002101a3	sb	x2,3(x2)	  x2:0x8000899d  x2:0x8000899d PA:0x800089a0
        2125000	       211	80000990	00c14083	lbu	x1,12(x2)	  x2:0x8000899d  x1=0x00000092 PA:0x800089a9
        2135000	       212	80000994	40735bb3	sra	x23,x6,x7	  x6:0x80000000  x7:0xfffff823 x23=0xf0000000
        2145000	       213	80000998	001127a3	sw	x1,15(x2)	  x2:0x8000899d  x1:0x00000092 PA:0x800089ac
        2155000	       214	8000099c	ff710a23	sb	x23,-12(x2)	  x2:0x8000899d x23:0xf0000000 PA:0x80008991
        2165000	       215	800009a0	ff614803	lbu	x16,-10(x2)	  x2:0x8000899d x16=0x00000078 PA:0x80008993
        2175000	       216	800009a4	00814383	lbu	x7,8(x2)	  x2:0x8000899d  x7=0x0000008e PA:0x800089a5
        2185000	       217	800009a8	01899413	slli	x8,x19,0x18	 x19:0x00000096  x8=0x96000000
        2195000	       218	800009ac	ff910f03	lb	x30,-7(x2)	  x2:0x8000899d x30=0x0000007d PA:0x80008996
        2205000	       219	800009b0	414101b3	sub	x3,x2,x20	  x2:0x8000899d x20:0x00000074  x3=0x80008929
        2215000	       220	800009b4	ff310e23	sb	x19,-4(x2)	  x2:0x8000899d x19:0x00000096 PA:0x80008999
        2225000	       221	800009b8	00008d17	auipc	x26,0x8	 x26=0x800089b4
        2235000	       222	800009bc	492d0d13	addi	x26,x26,1170	 x26:0x800089b4 x26=0x80008e46
        2245000	       223	800009c0	ffdd4403	lbu	x8,-3(x26)	 x26:0x80008e46  x8=0x00000028 PA:0x80008e43
        2255000	       224	800009c4	ff7d0123	sb	x23,-30(x26)	 x26:0x80008e46 x23:0xf0000000 PA:0x80008e28
        2265000	       225	800009c8	00008a17	auipc	x20,0x8	 x20=0x800089c4
        2275000	       226	800009cc	476a0a13	addi	x20,x20,1142	 x20:0x800089c4 x20=0x80008e3a
        2285000	       227	800009d0	02cd06a3	sb	x12,45(x26)	 x26:0x80008e46 x12:0x0000008c PA:0x80008e73
        2295000	       228	800009d4	00ea5183	lhu	x3,14(x20)	 x20:0x80008e3a  x3=0x00003233 PA:0x80008e48
        2305000	       229	800009d8	fcfd1a23	sh	x15,-44(x26)	 x26:0x80008e46 x15:0x80009f68 PA:0x80008e1a
        2315000	       230	800009dc	fe3a0fa3	sb	x3,-1(x20)	 x20:0x80008e3a  x3:0x00003233 PA:0x80008e39
        2325000	       231	800009e0	febd4f03	lbu	x30,-21(x26)	 x26:0x80008e46 x30=0x0000001a PA:0x80008e31
        2335000	       232	800009e4	ff8a0c03	lb	x24,-8(x20)	 x20:0x80008e3a x24=0x00000019 PA:0x80008e32
        2345000	       233	800009e8	fb6d4883	lbu	x17,-74(x26)	 x26:0x80008e46 x17=0x000000e7 PA:0x80008dfc
        2355000	       234	800009ec	fe5a0923	sb	x5,-14(x20)	 x20:0x80008e3a  x5:0x00000088 PA:0x80008e2c
        2365000	       235	800009f0	ff6a5503	lhu	x10,-10(x20)	 x20:0x80008e3a x10=0x00001a1b PA:0x80008e30
        2375000	       236	800009f4	f22d06a3	sb	x2,-211(x26)	 x26:0x80008e46  x2:0x8000899d PA:0x80008d73
        2385000	       237	800009f8	00008c97	auipc	x25,0x8	 x25=0x800089f4
        2395000	       238	800009fc	b4ec8c93	addi	x25,x25,-1202	 x25:0x800089f4 x25=0x80008542
        2405000	       239	80000a00	00008697	auipc	x13,0x8	 x13=0x800089fc
        2415000	       240	80000a04	d8a68693	addi	x13,x13,-630	 x13:0x800089fc x13=0x80008786
        2425000	       241	80000a08	ff9c8e83	lb	x29,-7(x25)	 x25:0x80008542 x29=0xfffffff0 PA:0x8000853b
        2435000	       242	80000a0c	00008317	auipc	x6,0x8	  x6=0x80008a08
        2445000	       243	80000a10	bea30313	addi	x6,x6,-1046	  x6:0x80008a08  x6=0x800085f2
        2455000	       244	80000a14	00730203	lb	x4,7(x6)	  x6:0x800085f2  x4=0xffffffb2 PA:0x800085f9
        2465000	       245	80000a18	f23c87a3	sb	x3,-209(x25)	 x25:0x80008542  x3:0x00003233 PA:0x80008471
        2475000	       246	80000a1c	fff34003	lbu	x0,-1(x6)	  x6:0x800085f2 PA:0x800085f1
        2485000	       247	80000a20	0b9c8a03	lb	x20,185(x25)	 x25:0x80008542 x20=0xffffffb0 PA:0x800085fb
        2495000	       248	80000a24	00130b03	lb	x22,1(x6)	  x6:0x800085f2 x22=0xffffffa8 PA:0x800085f3
        2505000	       249	80000a28	00008297	auipc	x5,0x8	  x5=0x80008a24
        2515000	       250	80000a2c	dab28293	addi	x5,x5,-597	  x5:0x80008a24  x5=0x800087cf
        2525000	       251	80000a30	03c6d483	lhu	x9,60(x13)	 x13:0x80008786  x9=0x00007879 PA:0x800087c2
        2535000	       252	80000a34	01331423	sh	x19,8(x6)	  x6:0x800085f2 x19:0x00000096 PA:0x800085fa
        2545000	       253	80000a38	0392d083	lhu	x1,57(x5)	  x5:0x800087cf  x1=0x0000c2c3 PA:0x80008808
        2555000	       254	80000a3c	fbac86a3	sb	x26,-83(x25)	 x25:0x80008542 x26:0x80008e46 PA:0x800084ef
        2565000	       255	80000a40	ff632903	lw	x18,-10(x6)	  x6:0x800085f2 x18=0xa0a1a2a3 PA:0x800085e8
        2575000	       256	80000a44	02e69983	lh	x19,46(x13)	 x13:0x80008786 x19=0x00006e6f PA:0x800087b4
        2585000	       257	80000a48	fca2c383	lbu	x7,-54(x5)	  x5:0x800087cf  x7=0x00000052 PA:0x80008799
        2595000	       258	80000a4c	00930403	lb	x8,9(x6)	  x6:0x800085f2  x8=0x00000000 PA:0x800085fb
        2605000	       259	80000a50	03c68a83	lb	x21,60(x13)	 x13:0x80008786 x21=0x00000079 PA:0x800087c2
        2615000	       260	80000a54	fdf29103	lh	x2,-33(x5)	  x5:0x800087cf  x2=0x00006465 PA:0x800087ae
        2625000	       261	80000a58	0376ce83	lbu	x29,55(x13)	 x13:0x80008786 x29=0x00000076 PA:0x800087bd
        2635000	       262	80000a5c	fc4caf23	sw	x4,-34(x25)	 x25:0x80008542  x4:0xffffffb2 PA:0x80008520
        2645000	       263	80000a60	fc26a703	lw	x14,-62(x13)	 x13:0x80008786 x14=0x00010203 PA:0x80008748
        2655000	       264	80000a64	f2aca803	lw	x16,-214(x25)	 x25:0x80008542 x16=0x24252627 PA:0x8000846c
        2665000	       265	80000a68	093c8483	lb	x9,147(x25)	 x25:0x80008542  x9=0xffffff8e PA:0x800085d5
        2675000	       266	80000a6c	01d2d703	lhu	x14,29(x5)	  x5:0x800087cf x14=0x0000a6a7 PA:0x800087ec
        2685000	       267	80000a70	0336a923	sw	x19,50(x13)	 x13:0x80008786 x19:0x00006e6f PA:0x800087b8
        2695000	       268	80000a74	ffc31703	lh	x14,-4(x6)	  x6:0x800085f2 x14=0xffffa4a5 PA:0x800085ee
        2705000	       269	80000a78	0096cb83	lbu	x23,9(x13)	 x13:0x80008786 x23=0x00000044 PA:0x8000878f
        2715000	       270	80000a7c	03a28103	lb	x2,58(x5)	  x5:0x800087cf  x2=0xffffffc2 PA:0x80008809
        2725000	       271	80000a80	00007f97	auipc	x31,0x7	 x31=0x80007a7c
        2735000	       272	80000a84	709f8f93	addi	x31,x31,1801	 x31:0x80007a7c x31=0x80008185
        2745000	       273	80000a88	00008497	auipc	x9,0x8	  x9=0x80008a84
        2755000	       274	80000a8c	c1d48493	addi	x9,x9,-995	  x9:0x80008a84  x9=0x800086a1
        2765000	       275	80000a90	00008517	auipc	x10,0x8	 x10=0x80008a8c
        2775000	       276	80000a94	c0c50513	addi	x10,x10,-1012	 x10:0x80008a8c x10=0x80008698
        2785000	       277	80000a98	00df8083	lb	x1,13(x31)	 x31:0x80008185  x1=0x00000049 PA:0x80008192
        2795000	       278	80000a9c	00f4de03	lhu	x28,15(x9)	  x9:0x800086a1 x28=0x00006a6b PA:0x800086b0
        2805000	       279	80000aa0	01dfd003	lhu	x0,29(x31)	 x31:0x80008185 PA:0x800081a2
        2815000	       280	80000aa4	00c52a03	lw	x20,12(x10)	 x10:0x80008698 x20=0x5c5d5e5f PA:0x800086a4
        2825000	       281	80000aa8	c2350083	lb	x1,-989(x10)	 x10:0x80008698  x1=0x00000070 PA:0x800082bb
        2835000	       282	80000aac	a2d50d03	lb	x26,-1491(x10)	 x10:0x80008698 x26=0x0000007e PA:0x800080c5
        2845000	       283	80000ab0	eef54883	lbu	x17,-273(x10)	 x10:0x80008698 x17=0x0000003c PA:0x80008587
        2855000	       284	80000ab4	033f8823	sb	x19,48(x31)	 x31:0x80008185 x19:0x00006e6f PA:0x800081b5
        2865000	       285	80000ab8	9ce51023	sh	x14,-1600(x10)	 x10:0x80008698 x14:0xffffa4a5 PA:0x80008058
        2875000	       286	80000abc	00e4ce03	lbu	x28,14(x9)	  x9:0x800086a1 x28=0x00000064 PA:0x800086af
        2885000	       287	80000ac0	010fce83	lbu	x29,16(x31)	 x31:0x80008185 x29=0x0000004e PA:0x80008195
        2895000	       288	80000ac4	01548023	sb	x21,0(x9)	  x9:0x800086a1 x21:0x00000079 PA:0x800086a1
        2905000	       289	80000ac8	c17508a3	sb	x23,-1007(x10)	 x10:0x80008698 x23:0x00000044 PA:0x800082a9
        2915000	       290	80000acc	02dfd903	lhu	x18,45(x31)	 x31:0x80008185 x18=0x00006869 PA:0x800081b2
        2925000	       291	80000ad0	00648823	sb	x6,16(x9)	  x9:0x800086a1  x6:0x800085f2 PA:0x800086b1
        2935000	       292	80000ad4	fe4f8183	lb	x3,-28(x31)	 x31:0x80008185  x3=0x00000022 PA:0x80008169
        2945000	       293	80000ad8	fed48ba3	sb	x13,-9(x9)	  x9:0x800086a1 x13:0x80008786 PA:0x80008698
        2955000	       294	80000adc	fd8f86a3	sb	x24,-51(x31)	 x31:0x80008185 x24:0x00000019 PA:0x80008152
        2965000	       295	80000ae0	0044c803	lbu	x16,4(x9)	  x9:0x800086a1 x16=0x0000005e PA:0x800086a5
        2975000	       296	80000ae4	9d350303	lb	x6,-1581(x10)	 x10:0x80008698  x6=0x00000020 PA:0x8000806b
        2985000	       297	80000ae8	00008117	auipc	x2,0x8	  x2=0x80008ae4
        2995000	       298	80000aec	0a210113	addi	x2,x2,162	  x2:0x80008ae4  x2=0x80008b86
        3005000	       299	80000af0	feb14983	lbu	x19,-21(x2)	  x2:0x80008b86 x19=0x0000005a PA:0x80008b71
        3015000	       300	80000af4	01155e33	srl	x28,x10,x17	 x10:0x80008698 x17:0x0000003c x28=0x00000008
        3025000	       301	80000af8	006273b3	and	x7,x4,x6	  x4:0xffffffb2  x6:0x00000020  x7=0x00000020
        3035000	       302	80000afc	41985a13	srai	x20,x16,0x19	 x16:0x0000005e x20=0x00000000
        3045000	       303	80000b00	d4352e93	slti	x29,x10,-701	 x10:0x80008698 x29=0x00000001
        3055000	       304	80000b04	3f9bff37	lui	x30,0x3f9bf	 x30=0x3f9bf000
        3065000	       305	80000b08	83ee4a93	xori	x21,x28,-1986	 x28:0x00000008 x21=0xfffff836
        3075000	       306	80000b0c	0031d513	srli	x10,x3,0x3	  x3:0x00000022 x10=0x00000004
        3085000	       307	80000b10	01211a03	lh	x20,18(x2)	  x2:0x80008b86 x20=0xffff8283 PA:0x80008b98
        3095000	       308	80000b14	00b58fb3	add	x31,x11,x11	 x11:0x8fb0084e x11:0x8fb0084e x31=0x1f60109c
        3105000	       309	80000b18	e87d2213	slti	x4,x26,-377	 x26:0x0000007e  x4=0x00000000
        3115000	       310	80000b1c	41fdde93	srai	x29,x27,0x1f	 x27:0x80009fc4 x29=0xffffffff
        3125000	       311	80000b20	0048f433	and	x8,x17,x4	 x17:0x0000003c  x4:0x00000000  x8=0x00000000
        3135000	       312	80000b24	418e5213	srai	x4,x28,0x18	 x28:0x00000008  x4=0x00000000
        3145000	       313	80000b28	001abeb3	sltu	x29,x21,x1	 x21:0xfffff836  x1:0x00000070 x29=0x00000000
        3155000	       314	80000b2c	01739293	slli	x5,x7,0x17	  x7:0x00000020  x5=0x10000000
        3165000	       315	80000b30	ff611a03	lh	x20,-10(x2)	  x2:0x80008b86 x20=0x00006667 PA:0x80008b7c
        3175000	       316	80000b34	00612e33	slt	x28,x2,x6	  x2:0x80008b86  x6:0x00000020 x28=0x00000001
        3185000	       317	80000b38	8800ed13	ori	x26,x1,-1920	  x1:0x00000070 x26=0xfffff8f0
        3195000	       318	80000b3c	002ca933	slt	x18,x25,x2	 x25:0x80008542  x2:0x80008b86 x18=0x00000001
        3205000	       319	80000b40	fec10603	lb	x12,-20(x2)	  x2:0x80008b86 x12=0x00000059 PA:0x80008b72
        3215000	       320	80000b44	00000013	addi	x0,x0,0	  x0:0x00000000
        3225000	       321	80000b48	00be9eb3	sll	x29,x29,x11	 x29:0x00000000 x11:0x8fb0084e x29=0x00000000
        3235000	       322	80000b4c	00000013	addi	x0,x0,0	  x0:0x00000000
        3245000	       323	80000b50	ff311a23	sh	x19,-12(x2)	  x2:0x80008b86 x19:0x0000005a PA:0x80008b7a
        3255000	       324	80000b54	7db24f13	xori	x30,x4,2011	  x4:0x00000000 x30=0x000007db
        3265000	       325	80000b58	039109a3	sb	x25,51(x2)	  x2:0x80008b86 x25:0x80008542 PA:0x80008bb9
        3275000	       326	80000b5c	ff610803	lb	x16,-10(x2)	  x2:0x80008b86 x16=0x00000067 PA:0x80008b7c
        3285000	       327	80000b60	00d48eb3	add	x29,x9,x13	  x9:0x800086a1 x13:0x80008786 x29=0x00010e27
        3295000	       328	80000b64	ff611923	sh	x22,-14(x2)	  x2:0x80008b86 x22:0xffffffa8 PA:0x80008b78
        3305000	       329	80000b68	fe3109a3	sb	x3,-13(x2)	  x2:0x80008b86  x3:0x00000022 PA:0x80008b79
        3315000	       330	80000b6c	40de06b3	sub	x13,x28,x13	 x28:0x00000001 x13:0x80008786 x13=0x7fff787b
        3325000	       331	80000b70	01611d23	sh	x22,26(x2)	  x2:0x80008b86 x22:0xffffffa8 PA:0x80008ba0
        3335000	       332	80000b74	03714e03	lbu	x28,55(x2)	  x2:0x80008b86 x28=0x000000a6 PA:0x80008bbd
        3345000	       333	80000b78	00741b33	sll	x22,x8,x7	  x8:0x00000000  x7:0x00000020 x22=0x00000000
        3355000	       334	80000b7c	26226e13	ori	x28,x4,610	  x4:0x00000000 x28=0x00000262
        3365000	       335	80000b80	dc9aa813	slti	x16,x21,-567	 x21:0xfffff836 x16=0x00000001
        3375000	       336	80000b84	a481fa13	andi	x20,x3,-1464	  x3:0x00000022 x20=0x00000000
        3385000	       337	80000b88	258f4893	xori	x17,x30,600	 x30:0x000007db x17=0x00000583
        3395000	       338	80000b8c	41f10633	sub	x12,x2,x31	  x2:0x80008b86 x31:0x1f60109c x12=0x60a07aea
        3405000	       339	80000b90	fcf10303	lb	x6,-49(x2)	  x2:0x80008b86  x6=0x0000003e PA:0x80008b55
        3415000	       340	80000b94	00008317	auipc	x6,0x8	  x6=0x80008b90
        3425000	       341	80000b98	04730313	addi	x6,x6,71	  x6:0x80008b90  x6=0x80008bd7
        3435000	       342	80000b9c	41d95933	sra	x18,x18,x29	 x18:0x00000001 x29:0x00010e27 x18=0x00000000
        3445000	       343	80000ba0	003308b3	add	x17,x6,x3	  x6:0x80008bd7  x3:0x00000022 x17=0x80008bf9
        3455000	       344	80000ba4	fa632013	slti	x0,x6,-90	  x6:0x80008bd7
        3465000	       345	80000ba8	8c920f13	addi	x30,x4,-1847	  x4:0x00000000 x30=0xfffff8c9
        3475000	       346	80000bac	0060cc33	xor	x24,x1,x6	  x1:0x00000070  x6:0x80008bd7 x24=0x80008ba7
        3485000	       347	80000bb0	02f34d03	lbu	x26,47(x6)	  x6:0x80008bd7 x26=0x000000ed PA:0x80008c06
        3495000	       348	80000bb4	ac854b93	xori	x23,x10,-1336	 x10:0x00000004 x23=0xfffffacc
        3505000	       349	80000bb8	00769133	sll	x2,x13,x7	 x13:0x7fff787b  x7:0x00000020  x2=0x7fff787b
        3515000	       350	80000bbc	00fc1913	slli	x18,x24,0xf	 x24:0x80008ba7 x18=0x45d38000
        3525000	       351	80000bc0	a124a537	lui	x10,0xa124a	 x10=0xa124a000
        3535000	       352	80000bc4	010e6933	or	x18,x28,x16	 x28:0x00000262 x16:0x00000001 x18=0x00000263
        3545000	       353	80000bc8	01b822b3	slt	x5,x16,x27	 x16:0x00000001 x27:0x80009fc4  x5=0x00000000
        3555000	       354	80000bcc	02534403	lbu	x8,37(x6)	  x6:0x80008bd7  x8=0x000000e7 PA:0x80008bfc
        3565000	       355	80000bd0	00978233	add	x4,x15,x9	 x15:0x80009f68  x9:0x800086a1  x4=0x00012609
        3575000	       356	80000bd4	dee83993	sltiu	x19,x16,-530	 x16:0x00000001 x19=0x00000001
        3585000	       357	80000bd8	8f780993	addi	x19,x16,-1801	 x16:0x00000001 x19=0xfffff8f8
        3595000	       358	80000bdc	01532f83	lw	x31,21(x6)	  x6:0x80008bd7 x31=0xd4d5d6d7 PA:0x80008bec
        3605000	       359	80000be0	00830e83	lb	x29,8(x6)	  x6:0x80008bd7 x29=0xffffffc4 PA:0x80008bdf
        3615000	       360	80000be4	0132e6b3	or	x13,x5,x19	  x5:0x00000000 x19:0xfffff8f8 x13=0xfffff8f8
        3625000	       361	80000be8	fd130023	sb	x17,-64(x6)	  x6:0x80008bd7 x17:0x80008bf9 PA:0x80008b97
        3635000	       362	80000bec	00b30283	lb	x5,11(x6)	  x6:0x80008bd7  x5=0xffffffc9 PA:0x80008be2
        3645000	       363	80000bf0	c9ce7893	andi	x17,x28,-868	 x28:0x00000262 x17=0x00000000
        3655000	       364	80000bf4	3cd36a93	ori	x21,x6,973	  x6:0x80008bd7 x21=0x80008bdf
        3665000	       365	80000bf8	ffb31ba3	sh	x27,-9(x6)	  x6:0x80008bd7 x27:0x80009fc4 PA:0x80008bce
        3675000	       366	80000bfc	00f35d03	lhu	x26,15(x6)	  x6:0x80008bd7 x26=0x0000cccd PA:0x80008be6
        3685000	       367	80000c00	00b34b83	lbu	x23,11(x6)	  x6:0x80008bd7 x23=0x000000c9 PA:0x80008be2
        3695000	       368	80000c04	fcf31a83	lh	x21,-49(x6)	  x6:0x80008bd7 x21=0xffff8c8d PA:0x80008ba6
        3705000	       369	80000c08	41a85cb3	sra	x25,x16,x26	 x16:0x00000001 x26:0x0000cccd x25=0x00000000
        3715000	       370	80000c0c	00bd81b3	add	x3,x27,x11	 x27:0x80009fc4 x11:0x8fb0084e  x3=0x0fb0a812
        3725000	       371	80000c10	00430b23	sb	x4,22(x6)	  x6:0x80008bd7  x4:0x00012609 PA:0x80008bed
        3735000	       372	80000c14	01c2c733	xor	x14,x5,x28	  x5:0xffffffc9 x28:0x00000262 x14=0xfffffdab
        3745000	       373	80000c18	01731383	lh	x7,23(x6)	  x6:0x80008bd7  x7=0xffffd4d5 PA:0x80008bee
        3755000	       374	80000c1c	02c30c03	lb	x24,44(x6)	  x6:0x80008bd7 x24=0xffffffe8 PA:0x80008c03
        3765000	       375	80000c20	01e30703	lb	x14,30(x6)	  x6:0x80008bd7 x14=0xffffffde PA:0x80008bf5
        3775000	       376	00000000	00000013	addi	x0,x0,0	  x0:0x00000000
        3785000	       377	80000c24	00e34c03	lbu	x24,14(x6)	  x6:0x80008bd7 x24=0x000000ce PA:0x80008be5
        3795000	       378	80000c28	41ba8eb3	sub	x29,x21,x27	 x21:0xffff8c8d x27:0x80009fc4 x29=0x7ffeecc9
        3805000	       379	80000c2c	01c17eb3	and	x29,x2,x28	  x2:0x7fff787b x28:0x00000262 x29=0x00000062
        3815000	       380	80000c30	00d308a3	sb	x13,17(x6)	  x6:0x80008bd7 x13:0xfffff8f8 PA:0x80008be8
        3825000	       381	80000c34	02b34e83	lbu	x29,43(x6)	  x6:0x80008bd7 x29=0x000000e9 PA:0x80008c02
        3835000	       382	80000c38	00007a97	auipc	x21,0x7	 x21=0x80007c34
        3845000	       383	80000c3c	4f4a8a93	addi	x21,x21,1268	 x21:0x80007c34 x21=0x80008128
        3855000	       384	80000c40	010aab83	lw	x23,16(x21)	 x21:0x80008128 x23=0xf0f1f2f3 PA:0x80008138
        3865000	       385	80000c44	00ca9823	sh	x12,16(x21)	 x21:0x80008128 x12:0x60a07aea PA:0x80008138
        3875000	       386	80000c48	01ea8823	sb	x30,16(x21)	 x21:0x80008128 x30:0xfffff8c9 PA:0x80008138
        3885000	       387	80000c4c	010ac903	lbu	x18,16(x21)	 x21:0x80008128 x18=0x000000c9 PA:0x80008138
        3895000	       388	80000c50	01da8823	sb	x29,16(x21)	 x21:0x80008128 x29:0x000000e9 PA:0x80008138
        3905000	       389	80000c54	aa780bb7	lui	x23,0xaa780	 x23=0xaa780000
        3915000	       390	80000c58	010a8303	lb	x6,16(x21)	 x21:0x80008128  x6=0xffffffe9 PA:0x80008138
        3925000	       391	80000c5c	010a9183	lh	x3,16(x21)	 x21:0x80008128  x3=0x00007ae9 PA:0x80008138
        3935000	       392	80000c60	ff2ad103	lhu	x2,-14(x21)	 x21:0x80008128  x2=0x0000d0d1 PA:0x8000811a
        3945000	       393	80000c64	fe9a8923	sb	x9,-14(x21)	 x21:0x80008128  x9:0x800086a1 PA:0x8000811a
        3955000	       394	80000c68	ff2ac703	lbu	x14,-14(x21)	 x21:0x80008128 x14=0x000000a1 PA:0x8000811a
        3965000	       395	80000c6c	01cd6d33	or	x26,x26,x28	 x26:0x0000cccd x28:0x00000262 x26=0x0000ceef
        3975000	       396	80000c70	fffa8923	sb	x31,-14(x21)	 x21:0x80008128 x31:0xd4d5d6d7 PA:0x8000811a
        3985000	       397	80000c74	404bdd13	srai	x26,x23,0x4	 x23:0xaa780000 x26=0xfaa78000
        3995000	       398	80000c78	ff1a8923	sb	x17,-14(x21)	 x21:0x80008128 x17:0x00000000 PA:0x8000811a
        4005000	       399	80000c7c	fe7a9923	sh	x7,-14(x21)	 x21:0x80008128  x7:0xffffd4d5 PA:0x8000811a
        4015000	       400	80000c80	00ba86a3	sb	x11,13(x21)	 x21:0x80008128 x11:0x8fb0084e PA:0x80008135
        4025000	       401	80000c84	00da8983	lb	x19,13(x21)	 x21:0x80008128 x19=0x0000004e PA:0x80008135
        4035000	       402	80000c88	b7b16113	ori	x2,x2,-1157	  x2:0x0000d0d1  x2=0xfffffbfb
        4045000	       403	80000c8c	017a86a3	sb	x23,13(x21)	 x21:0x80008128 x23:0xaa780000 PA:0x80008135
        4055000	       404	80000c90	00b91493	slli	x9,x18,0xb	 x18:0x000000c9  x9=0x00064800
        4065000	       405	80000c94	00ea87a3	sb	x14,15(x21)	 x21:0x80008128 x14:0x000000a1 PA:0x80008137
        4075000	       406	80000c98	d831c313	xori	x6,x3,-637	  x3:0x00007ae9  x6=0xffff876a
        4085000	       407	80000c9c	ff4aa483	lw	x9,-12(x21)	 x21:0x80008128  x9=0xd4d5d6d7 PA:0x8000811c
        4095000	       408	80000ca0	ff4a9a23	sh	x20,-12(x21)	 x21:0x80008128 x20:0x00000000 PA:0x8000811c
        4105000	       409	80000ca4	00008a97	auipc	x21,0x8	 x21=0x80008ca0
        4115000	       410	80000ca8	a52a8a93	addi	x21,x21,-1454	 x21:0x80008ca0 x21=0x800086f2
        4125000	       411	80000cac	00007e17	auipc	x28,0x7	 x28=0x80007ca8
        4135000	       412	80000cb0	41ae0e13	addi	x28,x28,1050	 x28:0x80007ca8 x28=0x800080c2
        4145000	       413	80000cb4	00007417	auipc	x8,0x7	  x8=0x80007cb0
        4155000	       414	80000cb8	3a440413	addi	x8,x8,932	  x8:0x80007cb0  x8=0x80008054
        4165000	       415	80000cbc	01f44483	lbu	x9,31(x8)	  x8:0x80008054  x9=0x00000028 PA:0x80008073
        4175000	       416	80000cc0	00008697	auipc	x13,0x8	 x13=0x80008cbc
        4185000	       417	80000cc4	89168693	addi	x13,x13,-1903	 x13:0x80008cbc x13=0x8000854d
        4195000	       418	80000cc8	fcde0903	lb	x18,-51(x28)	 x28:0x800080c2 x18=0x00000044 PA:0x8000808f
        4205000	       419	80000ccc	00540483	lb	x9,5(x8)	  x8:0x80008054  x9=0xffffffa4 PA:0x80008059
        4215000	       420	80000cd0	00007997	auipc	x19,0x7	 x19=0x80007ccc
        4225000	       421	80000cd4	50f98993	addi	x19,x19,1295	 x19:0x80007ccc x19=0x800081db
        4235000	       422	80000cd8	0d798323	sb	x23,198(x19)	 x19:0x800081db x23:0xaa780000 PA:0x800082a1
        4245000	       423	80000cdc	00e68523	sb	x14,10(x13)	 x13:0x8000854d x14:0x000000a1 PA:0x80008557
        4255000	       424	80000ce0	00641183	lh	x3,6(x8)	  x8:0x80008054  x3=0x00001011 PA:0x8000805a
        4265000	       425	80000ce4	0dd98823	sb	x29,208(x19)	 x19:0x800081db x29:0x000000e9 PA:0x800082ab
        4275000	       426	80000ce8	03740b83	lb	x23,55(x8)	  x8:0x80008054 x23=0x00000040 PA:0x8000808b
        4285000	       427	80000cec	ff19cf03	lbu	x30,-15(x19)	 x19:0x800081db x30=0x00000087 PA:0x800081cc
        4295000	       428	80000cf0	01ae0d23	sb	x26,26(x28)	 x28:0x800080c2 x26:0xfaa78000 PA:0x800080dc
        4305000	       429	80000cf4	01068603	lb	x12,16(x13)	 x13:0x8000854d x12=0x00000016 PA:0x8000855d
        4315000	       430	80000cf8	ff7e0183	lb	x3,-9(x28)	 x28:0x800080c2  x3=0x00000072 PA:0x800080b9
        4325000	       431	80000cfc	002a81a3	sb	x2,3(x21)	 x21:0x800086f2  x2:0xfffffbfb PA:0x800086f5
        4335000	       432	80000d00	01ee1203	lh	x4,30(x28)	 x28:0x800080c2  x4=0xffff9a9b PA:0x800080e0
        4345000	       433	80000d04	f8399a03	lh	x20,-125(x19)	 x19:0x800081db x20=0x00001415 PA:0x8000815e
        4355000	       434	80000d08	ffee06a3	sb	x30,-19(x28)	 x28:0x800080c2 x30:0x00000087 PA:0x800080af
        4365000	       435	80000d0c	01340883	lb	x17,19(x8)	  x8:0x80008054 x17=0x0000001c PA:0x80008067
        4375000	       436	80000d10	fdee07a3	sb	x30,-49(x28)	 x28:0x800080c2 x30:0x00000087 PA:0x80008091
        4385000	       437	80000d14	01f44483	lbu	x9,31(x8)	  x8:0x80008054  x9=0x00000028 PA:0x80008073
        4395000	       438	80000d18	f8d98603	lb	x12,-115(x19)	 x19:0x800081db x12=0x00000023 PA:0x80008168
        4405000	       439	80000d1c	019a8923	sb	x25,18(x21)	 x21:0x800086f2 x25:0x00000000 PA:0x80008704
        4415000	       440	80000d20	01e68323	sb	x30,6(x13)	 x13:0x8000854d x30:0x00000087 PA:0x80008553
        4425000	       441	80000d24	ffc68603	lb	x12,-4(x13)	 x13:0x8000854d x12=0x00000002 PA:0x80008549
        4435000	       442	80000d28	03842d03	lw	x26,56(x8)	  x8:0x80008054 x26=0x44454647 PA:0x8000808c
        4445000	       443	80000d2c	fd1a8b03	lb	x22,-47(x21)	 x21:0x800086f2 x22=0x00000078 PA:0x800086c3
        4455000	       444	80000d30	0299a883	lw	x17,41(x19)	 x19:0x800081db x17=0xbcbdbebf PA:0x80008204
        4465000	       445	80000d34	fe1a8203	lb	x4,-31(x21)	 x21:0x800086f2  x4=0xffffff88 PA:0x800086d3
        4475000	       446	80000d38	0106cc83	lbu	x25,16(x13)	 x13:0x8000854d x25=0x00000016 PA:0x8000855d
        4485000	       447	80000d3c	f1b98ea3	sb	x27,-227(x19)	 x19:0x800081db x27:0x80009fc4 PA:0x800080f8
        4495000	       448	80000d40	00d68b83	lb	x23,13(x13)	 x13:0x8000854d x23=0x00000011 PA:0x8000855a
        4505000	       449	80000d44	007acf03	lbu	x30,7(x21)	 x21:0x800086f2 x30=0x000000b2 PA:0x800086f9
        4515000	       450	80000d48	017692a3	sh	x23,5(x13)	 x13:0x8000854d x23:0x00000011 PA:0x80008552
        4525000	       451	80000d4c	03aa89a3	sb	x26,51(x21)	 x21:0x800086f2 x26:0x44454647 PA:0x80008725
        4535000	       452	80000d50	f849c503	lbu	x10,-124(x19)	 x19:0x800081db x10=0x00000014 PA:0x8000815f
        4545000	       453	80000d54	f4d98103	lb	x2,-179(x19)	 x19:0x800081db  x2=0xffffffe3 PA:0x80008128
        4555000	       454	80000d58	fcbe0283	lb	x5,-53(x28)	 x28:0x800080c2  x5=0x00000046 PA:0x8000808d
        4565000	       455	80000d5c	0086c903	lbu	x18,8(x13)	 x13:0x8000854d x18=0x0000000e PA:0x80008555
        4575000	       456	80000d60	fe9ace83	lbu	x29,-23(x21)	 x21:0x800086f2 x29=0x00000090 PA:0x800086db
        4585000	       457	80000d64	0036c803	lbu	x16,3(x13)	 x13:0x8000854d x16=0x0000000b PA:0x80008550
        4595000	       458	80000d68	04e98083	lb	x1,78(x19)	 x19:0x800081db  x1=0xffffffe2 PA:0x80008229
        4605000	       459	80000d6c	00007117	auipc	x2,0x7	  x2=0x80007d68
        4615000	       460	80000d70	4b210113	addi	x2,x2,1202	  x2:0x80007d68  x2=0x8000821a
        4625000	       461	80000d74	0ca102a3	sb	x10,197(x2)	  x2:0x8000821a x10:0x00000014 PA:0x800082df
        4635000	       462	80000d78	36efc613	xori	x12,x31,878	 x31:0xd4d5d6d7 x12=0xd4d5d5b9
        4645000	       463	80000d7c	0ca102a3	sb	x10,197(x2)	  x2:0x8000821a x10:0x00000014 PA:0x800082df
        4655000	       464	80000d80	0c514603	lbu	x12,197(x2)	  x2:0x8000821a x12=0x00000014 PA:0x800082df
        4665000	       465	00000000	00000013	addi	x0,x0,0	  x0:0x00000000
        4675000	       466	80000d84	82ccff13	andi	x30,x25,-2004	 x25:0x00000016 x30=0x00000004
        4685000	       467	80000d88	ea7fc717	auipc	x14,0xea7fc	 x14=0x6a7fcd84
        4695000	       468	80000d8c	012b53b3	srl	x7,x22,x18	 x22:0x00000078 x18:0x0000000e  x7=0x00000000
        4705000	       469	80000d90	0ce102a3	sb	x14,197(x2)	  x2:0x8000821a x14:0x6a7fcd84 PA:0x800082df
        4715000	       470	80000d94	402cdd13	srai	x26,x25,0x2	 x25:0x00000016 x26=0x00000005
        4725000	       471	80000d98	00379193	slli	x3,x15,0x3	 x15:0x80009f68  x3=0x0004fb40
        4735000	       472	80000d9c	f00101a3	sb	x0,-253(x2)	  x2:0x8000821a  x0:0x00000000 PA:0x8000811d
        4745000	       473	80000da0	f0310e03	lb	x28,-253(x2)	  x2:0x8000821a x28=0x00000000 PA:0x8000811d
        4755000	       474	80000da4	f0310303	lb	x6,-253(x2)	  x2:0x8000821a  x6=0x00000000 PA:0x8000811d
        4765000	       475	80000da8	f0314a03	lbu	x20,-253(x2)	  x2:0x8000821a x20=0x00000000 PA:0x8000811d
        4775000	       476	80000dac	008c5613	srli	x12,x24,0x8	 x24:0x000000ce x12=0x00000000
        4785000	       477	80000db0	f0314403	lbu	x8,-253(x2)	  x2:0x8000821a  x8=0x00000000 PA:0x8000811d
        4795000	       478	80000db4	f0314283	lbu	x5,-253(x2)	  x2:0x8000821a  x5=0x00000000 PA:0x8000811d
        4805000	       479	80000db8	00008917	auipc	x18,0x8	 x18=0x80008db4
        4815000	       480	80000dbc	0b090913	addi	x18,x18,176	 x18:0x80008db4 x18=0x80008e64
        4825000	       481	80000dc0	00008517	auipc	x10,0x8	 x10=0x80008dbc
        4835000	       482	80000dc4	1aa50513	addi	x10,x10,426	 x10:0x80008dbc x10=0x80008f66
        4845000	       483	80000dc8	00008297	auipc	x5,0x8	  x5=0x80008dc4
        4855000	       484	80000dcc	c2828293	addi	x5,x5,-984	  x5:0x80008dc4  x5=0x800089ec
        4865000	       485	80000dd0	08129023	sh	x1,128(x5)	  x5:0x800089ec  x1:0xffffffe2 PA:0x80008a6c
        4875000	       486	80000dd4	00008197	auipc	x3,0x8	  x3=0x80008dd0
        4885000	       487	80000dd8	1c518193	addi	x3,x3,453	  x3:0x80008dd0  x3=0x80008f95
        4895000	       488	80000ddc	00008097	auipc	x1,0x8	  x1=0x80008dd8
        4905000	       489	80000de0	1b408093	addi	x1,x1,436	  x1:0x80008dd8  x1=0x80008f8c
        4915000	       490	80000de4	0cd28a23	sb	x13,212(x5)	  x5:0x800089ec x13:0x8000854d PA:0x80008ac0
        4925000	       491	80000de8	02c18d23	sb	x12,58(x3)	  x3:0x80008f95 x12:0x00000000 PA:0x80008fcf
        4935000	       492	80000dec	0a290f03	lb	x30,162(x18)	 x18:0x80008e64 x30=0xffffffed PA:0x80008f06
        4945000	       493	80000df0	f1429003	lh	x0,-236(x5)	  x5:0x800089ec PA:0x80008900
        4955000	       494	80000df4	0af90003	lb	x0,175(x18)	 x18:0x80008e64 PA:0x80008f13
        4965000	       495	80000df8	fee1ca83	lbu	x21,-18(x3)	  x3:0x80008f95 x21=0x00000068 PA:0x80008f83
        4975000	       496	80000dfc	f5e0df03	lhu	x30,-162(x1)	  x1:0x80008f8c x30=0x0000d0d1 PA:0x80008eea
        4985000	       497	80000e00	fe52c403	lbu	x8,-27(x5)	  x5:0x800089ec  x8=0x000000ba PA:0x800089d1
        4995000	       498	80000e04	f9594383	lbu	x7,-107(x18)	 x18:0x80008e64  x7=0x000000e2 PA:0x80008df9
        5005000	       499	80000e08	0d62d483	lhu	x9,214(x5)	  x5:0x800089ec  x9=0x0000a8a9 PA:0x80008ac2
        5015000	       500	80000e0c	fd708f83	lb	x31,-41(x1)	  x1:0x80008f8c x31=0x00000048 PA:0x80008f63
        5025000	       501	80000e10	ea254c03	lbu	x24,-350(x10)	 x10:0x80008f66 x24=0x000000f3 PA:0x80008e08
        5035000	       502	80000e14	07490723	sb	x20,110(x18)	 x18:0x80008e64 x20:0x00000000 PA:0x80008ed2
        5045000	       503	80000e18	fda19ea3	sh	x26,-35(x3)	  x3:0x80008f95 x26:0x00000005 PA:0x80008f72
        5055000	       504	80000e1c	faa51203	lh	x4,-86(x10)	 x10:0x80008f66  x4=0xfffffafb PA:0x80008f10
        5065000	       505	80000e20	fab90483	lb	x9,-85(x18)	 x18:0x80008e64  x9=0xfffffff4 PA:0x80008e0f
        5075000	       506	80000e24	03a18b03	lb	x22,58(x3)	  x3:0x80008f95 x22=0x00000000 PA:0x80008fcf
        5085000	       507	80000e28	fd150aa3	sb	x17,-43(x10)	 x10:0x80008f66 x17:0xbcbdbebf PA:0x80008f3b
        5095000	       508	80000e2c	0091cf03	lbu	x30,9(x3)	  x3:0x80008f95 x30=0x00000085 PA:0x80008f9e
        5105000	       509	80000e30	f64905a3	sb	x4,-149(x18)	 x18:0x80008e64  x4:0xfffffafb PA:0x80008dcf
        5115000	       510	80000e34	0052c303	lbu	x6,5(x5)	  x5:0x800089ec  x6=0x000000da PA:0x800089f1
        5125000	       511	80000e38	07d90983	lb	x19,125(x18)	 x18:0x80008e64 x19=0xffffffca PA:0x80008ee1
        5135000	       512	80000e3c	fef18923	sb	x15,-14(x3)	  x3:0x80008f95 x15:0x80009f68 PA:0x80008f87
        5145000	       513	80000e40	f300de83	lhu	x29,-208(x1)	  x1:0x80008f8c x29=0x0000a6a7 PA:0x80008ebc
        5155000	       514	80000e44	bc255303	lhu	x6,-1086(x10)	 x10:0x80008f66  x6=0x00001213 PA:0x80008b28
        5165000	       515	80000e48	06c2c603	lbu	x12,108(x5)	  x5:0x800089ec x12=0x00000043 PA:0x80008a58
        5175000	       516	80000e4c	fc390403	lb	x8,-61(x18)	 x18:0x80008e64  x8=0x0000000c PA:0x80008e27
        5185000	       517	80000e50	03708983	lb	x19,55(x1)	  x1:0x80008f8c x19=0xffffffa8 PA:0x80008fc3
        5195000	       518	80000e54	02d18c23	sb	x13,56(x3)	  x3:0x80008f95 x13:0x8000854d PA:0x80008fcd
        5205000	       519	80000e58	f4194403	lbu	x8,-191(x18)	 x18:0x80008e64  x8=0x0000008e PA:0x80008da5
        5215000	       520	80000e5c	f1828203	lb	x4,-232(x5)	  x5:0x800089ec  x4=0xffffffef PA:0x80008904
        5225000	       521	80000e60	fee1cd03	lbu	x26,-18(x3)	  x3:0x80008f95 x26=0x00000068 PA:0x80008f83
        5235000	       522	80000e64	fa994483	lbu	x9,-87(x18)	 x18:0x80008e64  x9=0x000000f6 PA:0x80008e0d
        5245000	       523	80000e68	04308483	lb	x9,67(x1)	  x1:0x80008f8c  x9=0x00000000 PA:0x80008fcf
        5255000	       524	80000e6c	c46509a3	sb	x6,-941(x10)	 x10:0x80008f66  x6:0x00001213 PA:0x80008bb9
        5265000	       525	80000e70	00007b17	auipc	x22,0x7	 x22=0x80007e6c
        5275000	       526	80000e74	211b0b13	addi	x22,x22,529	 x22:0x80007e6c x22=0x8000807d
        5285000	       527	80000e78	fdfb0723	sb	x31,-50(x22)	 x22:0x8000807d x31:0x00000048 PA:0x8000804b
        5295000	       528	80000e7c	00000013	addi	x0,x0,0	  x0:0x00000000
        5305000	       529	80000e80	00e7dfb3	srl	x31,x15,x14	 x15:0x80009f68 x14:0x6a7fcd84 x31=0x080009f6
        5315000	       530	80000e84	00fb9813	slli	x16,x23,0xf	 x23:0x00000011 x16=0x00088000
        5325000	       531	80000e88	fc5b0723	sb	x5,-50(x22)	 x22:0x8000807d  x5:0x800089ec PA:0x8000804b
        5335000	       532	80000e8c	fceb4803	lbu	x16,-50(x22)	 x22:0x8000807d x16=0x000000ec PA:0x8000804b
        5345000	       533	80000e90	056b0a03	lb	x20,86(x22)	 x22:0x8000807d x20=0xffffff88 PA:0x800080d3
        5355000	       534	80000e94	007e5893	srli	x17,x28,0x7	 x28:0x00000000 x17=0x00000000
        5365000	       535	80000e98	025b5403	lhu	x8,37(x22)	 x22:0x8000807d  x8=0x00005859 PA:0x800080a2
        5375000	       536	80000e9c	02fb02a3	sb	x15,37(x22)	 x22:0x8000807d x15:0x80009f68 PA:0x800080a2
        5385000	       537	80000ea0	025b1f03	lh	x30,37(x22)	 x22:0x8000807d x30=0x00005868 PA:0x800080a2
        5395000	       538	80000ea4	009438b3	sltu	x17,x8,x9	  x8:0x00005859  x9:0x00000000 x17=0x00000000
        5405000	       539	80000ea8	0144a6b3	slt	x13,x9,x20	  x9:0x00000000 x20:0xffffff88 x13=0x00000000
        5415000	       540	80000eac	03bb12a3	sh	x27,37(x22)	 x22:0x8000807d x27:0x80009fc4 PA:0x800080a2
        5425000	       541	80000eb0	00000013	addi	x0,x0,0	  x0:0x00000000
        5435000	       542	80000eb4	03cb02a3	sb	x28,37(x22)	 x22:0x8000807d x28:0x00000000 PA:0x800080a2
        5445000	       543	80000eb8	025b1883	lh	x17,37(x22)	 x22:0x8000807d x17=0xffff9f00 PA:0x800080a2
        5455000	       544	80000ebc	00008697	auipc	x13,0x8	 x13=0x80008eb8
        5465000	       545	80000ec0	ec968693	addi	x13,x13,-311	 x13:0x80008eb8 x13=0x80008d81
        5475000	       546	80000ec4	00008917	auipc	x18,0x8	 x18=0x80008ec0
        5485000	       547	80000ec8	cce90913	addi	x18,x18,-818	 x18:0x80008ec0 x18=0x80008b8e
        5495000	       548	80000ecc	05969603	lh	x12,89(x13)	 x13:0x80008d81 x12=0xffffc0c1 PA:0x80008dda
        5505000	       549	80000ed0	e03901a3	sb	x3,-509(x18)	 x18:0x80008b8e  x3:0x80008f95 PA:0x80008991
        5515000	       550	80000ed4	02c68383	lb	x7,44(x13)	 x13:0x80008d81  x7=0xffffff96 PA:0x80008dad
        5525000	       551	80000ed8	ddd90323	sb	x29,-570(x18)	 x18:0x80008b8e x29:0x0000a6a7 PA:0x80008954
        5535000	       552	80000edc	e4290b23	sb	x2,-426(x18)	 x18:0x80008b8e  x2:0x8000821a PA:0x800089e4
        5545000	       553	80000ee0	f5a6c983	lbu	x19,-166(x13)	 x13:0x80008d81 x19=0x000000c0 PA:0x80008cdb
        5555000	       554	80000ee4	11290fa3	sb	x18,287(x18)	 x18:0x80008b8e x18:0x80008b8e PA:0x80008cad
        5565000	       555	80000ee8	04f68023	sb	x15,64(x13)	 x13:0x80008d81 x15:0x80009f68 PA:0x80008dc1
        5575000	       556	80000eec	05668e03	lb	x28,86(x13)	 x13:0x80008d81 x28=0xffffffbc PA:0x80008dd7
        5585000	       557	80000ef0	fbd90603	lb	x12,-67(x18)	 x18:0x80008b8e x12=0x00000030 PA:0x80008b4b
        5595000	       558	80000ef4	0d692383	lw	x7,214(x18)	 x18:0x80008b8e  x7=0x4c4d4e4f PA:0x80008c64
        5605000	       559	80000ef8	f40905a3	sb	x0,-181(x18)	 x18:0x80008b8e  x0:0x00000000 PA:0x80008ad9
        5615000	       560	80000efc	0b96aba3	sw	x25,183(x13)	 x13:0x80008d81 x25:0x00000016 PA:0x80008e38
        5625000	       561	80000f00	23891503	lh	x10,568(x18)	 x18:0x80008b8e x10=0xffffacad PA:0x80008dc6
        5635000	       562	80000f04	00007397	auipc	x7,0x7	  x7=0x80007f00
        5645000	       563	80000f08	1c938393	addi	x7,x7,457	  x7:0x80007f00  x7=0x800080c9
        5655000	       564	80000f0c	22632293	slti	x5,x6,550	  x6:0x00001213  x5=0x00000000
        5665000	       565	80000f10	fe2398a3	sh	x2,-15(x7)	  x7:0x800080c9  x2:0x8000821a PA:0x800080ba
        5675000	       566	80000f14	ff0388a3	sb	x16,-15(x7)	  x7:0x800080c9 x16:0x000000ec PA:0x800080ba
        5685000	       567	80000f18	ffc3c283	lbu	x5,-4(x7)	  x7:0x800080c9  x5=0x0000007e PA:0x800080c5
        5695000	       568	80000f1c	41de5533	sra	x10,x28,x29	 x28:0xffffffbc x29:0x0000a6a7 x10=0xffffffff
        5705000	       569	80000f20	ffc3c503	lbu	x10,-4(x7)	  x7:0x800080c9 x10=0x0000007e PA:0x800080c5
        5715000	       570	80000f24	ff038483	lb	x9,-16(x7)	  x7:0x800080c9  x9=0x00000072 PA:0x800080b9
        5725000	       571	80000f28	007911b3	sll	x3,x18,x7	 x18:0x80008b8e  x7:0x800080c9  x3=0x01171c00
        5735000	       572	80000f2c	01c79013	slli	x0,x15,0x1c	 x15:0x80009f68
        5745000	       573	80000f30	00ce1733	sll	x14,x28,x12	 x28:0xffffffbc x12:0x00000030 x14=0xffbc0000
        5755000	       574	80000f34	ffa38a83	lb	x21,-6(x7)	  x7:0x800080c9 x21=0x00000078 PA:0x800080c3
        5765000	       575	80000f38	fe038d23	sb	x0,-6(x7)	  x7:0x800080c9  x0:0x00000000 PA:0x800080c3
        5775000	       576	80000f3c	01a383a3	sb	x26,7(x7)	  x7:0x800080c9 x26:0x00000068 PA:0x800080d0
        5785000	       577	80000f40	019393a3	sh	x25,7(x7)	  x7:0x800080c9 x25:0x00000016 PA:0x800080d0
        5795000	       578	80000f44	00739183	lh	x3,7(x7)	  x7:0x800080c9  x3=0x00000016 PA:0x800080d0
        5805000	       579	80000f48	00007217	auipc	x4,0x7	  x4=0x80007f44
        5815000	       580	80000f4c	12020213	addi	x4,x4,288	  x4:0x80007f44  x4=0x80008064
        5825000	       581	80000f50	00007717	auipc	x14,0x7	 x14=0x80007f4c
        5835000	       582	80000f54	66170713	addi	x14,x14,1633	 x14:0x80007f4c x14=0x800085ad
        5845000	       583	80000f58	fe020ea3	sb	x0,-3(x4)	  x4:0x80008064  x0:0x00000000 PA:0x80008061
        5855000	       584	80000f5c	00007817	auipc	x16,0x7	 x16=0x80007f58
        5865000	       585	80000f60	4b080813	addi	x16,x16,1200	 x16:0x80007f58 x16=0x80008408
        5875000	       586	80000f64	00007417	auipc	x8,0x7	  x8=0x80007f60
        5885000	       587	80000f68	51e40413	addi	x8,x8,1310	  x8:0x80007f60  x8=0x8000847e
        5895000	       588	80000f6c	03a25b03	lhu	x22,58(x4)	  x4:0x80008064 x22=0x00005455 PA:0x8000809e
        5905000	       589	80000f70	000404a3	sb	x0,9(x8)	  x8:0x8000847e  x0:0x00000000 PA:0x80008487
        5915000	       590	80000f74	fdc84883	lbu	x17,-36(x16)	 x16:0x80008408 x17=0x0000009f PA:0x800083e4
        5925000	       591	80000f78	0d975e03	lhu	x28,217(x14)	 x14:0x800085ad x28=0x00003c3d PA:0x80008686
        5935000	       592	80000f7c	01124503	lbu	x10,17(x4)	  x4:0x80008064 x10=0x0000002e PA:0x80008075
        5945000	       593	80000f80	0c372e03	lw	x28,195(x14)	 x14:0x800085ad x28=0x28292a2b PA:0x80008670
        5955000	       594	80000f84	f5370103	lb	x2,-173(x14)	 x14:0x800085ad  x2=0xffffffbb PA:0x80008500
        5965000	       595	80000f88	02e81923	sh	x14,50(x16)	 x16:0x80008408 x14:0x800085ad PA:0x8000843a
        5975000	       596	80000f8c	ff844c83	lbu	x25,-8(x8)	  x8:0x8000847e x25=0x0000002d PA:0x80008476
        5985000	       597	00000000	00000013	addi	x0,x0,0	  x0:0x00000000
        5995000	       598	80000f90	fd975e03	lhu	x28,-39(x14)	 x14:0x800085ad x28=0x00003c3d PA:0x80008586
        6005000	       599	80000f94	00782423	sw	x7,8(x16)	 x16:0x80008408  x7:0x800080c9 PA:0x80008410
        6015000	       600	80000f98	02b24b83	lbu	x23,43(x4)	  x4:0x80008064 x23=0x00000044 PA:0x8000808f
        6025000	       601	80000f9c	feb803a3	sb	x11,-25(x16)	 x16:0x80008408 x11:0x8fb0084e PA:0x800083ef
        6035000	       602	80000fa0	fef80383	lb	x7,-17(x16)	 x16:0x80008408  x7=0xffffffac PA:0x800083f7
        6045000	       603	80000fa4	f2070423	sb	x0,-216(x14)	 x14:0x800085ad  x0:0x00000000 PA:0x800084d5
        6055000	       604	80000fa8	03e21603	lh	x12,62(x4)	  x4:0x80008064 x12=0xffff9f00 PA:0x800080a2
        6065000	       605	80000fac	02382023	sw	x3,32(x16)	 x16:0x80008408  x3:0x00000016 PA:0x80008428
        6075000	       606	80000fb0	01b41723	sh	x27,14(x8)	  x8:0x8000847e x27:0x80009fc4 PA:0x8000848c
        6085000	       607	80000fb4	07d70123	sb	x29,98(x14)	 x14:0x800085ad x29:0x0000a6a7 PA:0x8000860f
        6095000	       608	80000fb8	ffa42303	lw	x6,-6(x8)	  x8:0x8000847e  x6=0x30313233 PA:0x80008478
        6105000	       609	80000fbc	fff40503	lb	x10,-1(x8)	  x8:0x8000847e x10=0x00000036 PA:0x8000847d
        6115000	       610	80000fc0	ffe42083	lw	x1,-2(x8)	  x8:0x8000847e  x1=0x34353637 PA:0x8000847c
        6125000	       611	80000fc4	04970983	lb	x19,73(x14)	 x14:0x800085ad x19=0xffffffad PA:0x800085f6
        6135000	       612	80000fc8	f8b72983	lw	x19,-117(x14)	 x14:0x800085ad x19=0xf0f1f2f3 PA:0x80008538
        6145000	       613	80000fcc	ff220f23	sb	x18,-2(x4)	  x4:0x80008064 x18:0x80008b8e PA:0x80008062
        6155000	       614	80000fd0	03b82423	sw	x27,40(x16)	 x16:0x80008408 x27:0x80009fc4 PA:0x80008430
        6165000	       615	80000fd4	ff740003	lb	x0,-9(x8)	  x8:0x8000847e PA:0x80008475
        6175000	       616	80000fd8	fd775c83	lhu	x25,-41(x14)	 x14:0x800085ad x25=0x00003e3f PA:0x80008584
        6185000	       617	80000fdc	fc384483	lbu	x9,-61(x16)	 x16:0x80008408  x9=0x00000080 PA:0x800083cb
        6195000	       618	80000fe0	00580aa3	sb	x5,21(x16)	 x16:0x80008408  x5:0x0000007e PA:0x8000841d
        6205000	       619	80000fe4	00008317	auipc	x6,0x8	  x6=0x80008fe0
        6215000	       620	80000fe8	b3330313	addi	x6,x6,-1229	  x6:0x80008fe0  x6=0x80008b13
        6225000	       621	80000fec	fe030b03	lb	x22,-32(x6)	  x6:0x80008b13 x22=0xffffffd8 PA:0x80008af3
        6235000	       622	80000ff0	09a317a3	sh	x26,143(x6)	  x6:0x80008b13 x26:0x00000068 PA:0x80008ba2
        6245000	       623	80000ff4	0f734b83	lbu	x23,247(x6)	  x6:0x80008b13 x23=0x000000f1 PA:0x80008c0a
        6255000	       624	80000ff8	a42a00b7	lui	x1,0xa42a0	  x1=0xa42a0000
        6265000	       625	80000ffc	00e77733	and	x14,x14,x14	 x14:0x800085ad x14:0x800085ad x14=0x800085ad
        6275000	       626	80001000	fef35b03	lhu	x22,-17(x6)	  x6:0x80008b13 x22=0x0000e8e9 PA:0x80008b02
        6285000	       627	80001004	fac313a3	sh	x12,-89(x6)	  x6:0x80008b13 x12:0xffff9f00 PA:0x80008aba
        6295000	       628	80001008	fae313a3	sh	x14,-89(x6)	  x6:0x80008b13 x14:0x800085ad PA:0x80008aba
        6305000	       629	8000100c	fb3303a3	sb	x19,-89(x6)	  x6:0x80008b13 x19:0xf0f1f2f3 PA:0x80008aba
        6315000	       630	80001010	fb9303a3	sb	x25,-89(x6)	  x6:0x80008b13 x25:0x00003e3f PA:0x80008aba
        6325000	       631	80001014	f5834803	lbu	x16,-168(x6)	  x6:0x80008b13 x16=0x00000050 PA:0x80008a6b
        6335000	       632	80001018	f5834183	lbu	x3,-168(x6)	  x6:0x80008b13  x3=0x00000050 PA:0x80008a6b
        6345000	       633	8000101c	01430503	lb	x10,20(x6)	  x6:0x80008b13 x10=0x0000000c PA:0x80008b27
        6355000	       634	80001020	0cb30f23	sb	x11,222(x6)	  x6:0x80008b13 x11:0x8fb0084e PA:0x80008bf1
        6365000	       635	80001024	f7f34983	lbu	x19,-129(x6)	  x6:0x80008b13 x19=0x00000079 PA:0x80008a92
        6375000	       636	80001028	00535633	srl	x12,x6,x5	  x6:0x80008b13  x5:0x0000007e x12=0x00000002
        6385000	       637	8000102c	f7f30003	lb	x0,-129(x6)	  x6:0x80008b13 PA:0x80008a92
        6395000	       638	80001030	401cd213	srai	x4,x25,0x1	 x25:0x00003e3f  x4=0x00001f1f
        6405000	       639	80001034	f7f35103	lhu	x2,-129(x6)	  x6:0x80008b13  x2=0x00007879 PA:0x80008a92
        6415000	       640	80001038	007b0933	add	x18,x22,x7	 x22:0x0000e8e9  x7:0xffffffac x18=0x0000e895
        6425000	       641	8000103c	41ae5f93	srai	x31,x28,0x1a	 x28:0x00003c3d x31=0x00000000
        6435000	       642	80001040	0cc34f03	lbu	x30,204(x6)	  x6:0x80008b13 x30=0x000000c4 PA:0x80008bdf
        6445000	       643	80001044	00d30823	sb	x13,16(x6)	  x6:0x80008b13 x13:0x80008d81 PA:0x80008b23
        6455000	       644	80001048	01030503	lb	x10,16(x6)	  x6:0x80008b13 x10=0xffffff81 PA:0x80008b23
        6465000	       645	8000104c	00007997	auipc	x19,0x7	 x19=0x80008048
        6475000	       646	80001050	01398993	addi	x19,x19,19	 x19:0x80008048 x19=0x8000805b
        6485000	       647	80001054	49699ba3	sh	x22,1175(x19)	 x19:0x8000805b x22:0x0000e8e9 PA:0x800084f2
        6495000	       648	80001058	25d98b23	sb	x29,598(x19)	 x19:0x8000805b x29:0x0000a6a7 PA:0x800082b1
        6505000	       649	8000105c	2569c503	lbu	x10,598(x19)	 x19:0x8000805b x10=0x000000a7 PA:0x800082b1
        6515000	       650	80001060	21c98b23	sb	x28,534(x19)	 x19:0x8000805b x28:0x00003c3d PA:0x80008271
        6525000	       651	80001064	2bd98c23	sb	x29,696(x19)	 x19:0x8000805b x29:0x0000a6a7 PA:0x80008313
        6535000	       652	80001068	2b89c883	lbu	x17,696(x19)	 x19:0x8000805b x17=0x000000a7 PA:0x80008313
        6545000	       653	8000106c	00b291b3	sll	x3,x5,x11	  x5:0x0000007e x11:0x8fb0084e  x3=0x001f8000
        6555000	       654	80001070	014d93b3	sll	x7,x27,x20	 x27:0x80009fc4 x20:0xffffff88  x7=0x009fc400
        6565000	       655	80001074	00ae8533	add	x10,x29,x10	 x29:0x0000a6a7 x10:0x000000a7 x10=0x0000a74e
        6575000	       656	80001078	0154a3b3	slt	x7,x9,x21	  x9:0x00000080 x21:0x00000078  x7=0x00000000
        6585000	       657	8000107c	2da9cb83	lbu	x23,730(x19)	 x19:0x8000805b x23=0x000000ee PA:0x80008335
        6595000	       658	80001080	2da98b03	lb	x22,730(x19)	 x19:0x8000805b x22=0xffffffee PA:0x80008335
        6605000	       659	80001084	4cc9ce83	lbu	x29,1228(x19)	 x19:0x8000805b x29=0x000000dc PA:0x80008527
        6615000	       660	80001088	5fe9c103	lbu	x2,1534(x19)	 x19:0x8000805b  x2=0x00000012 PA:0x80008659
        6625000	       661	8000108c	000ea4b3	slt	x9,x29,x0	 x29:0x000000dc  x0:0x00000000  x9=0x00000000
        6635000	       662	80001090	04898c83	lb	x25,72(x19)	 x19:0x8000805b x25=0xffffff9f PA:0x800080a3
        6645000	       663	80001094	374db397	auipc	x7,0x374db	  x7=0xb74dc090
        6655000	       664	80001098	04898d03	lb	x26,72(x19)	 x19:0x8000805b x26=0xffffff9f PA:0x800080a3
        6665000	       665	8000109c	1c498503	lb	x10,452(x19)	 x19:0x8000805b x10=0xffffffd4 PA:0x8000821f
        6675000	       666	800010a0	1d398223	sb	x19,452(x19)	 x19:0x8000805b x19:0x8000805b PA:0x8000821f
        6685000	       667	800010a4	51d99603	lh	x12,1309(x19)	 x19:0x8000805b x12=0x00003233 PA:0x80008578
        6695000	       668	800010a8	51e99ea3	sh	x30,1309(x19)	 x19:0x8000805b x30:0x000000c4 PA:0x80008578
        6705000	       669	800010ac	55298123	sb	x18,1346(x19)	 x19:0x8000805b x18:0x0000e895 PA:0x8000859d
        6715000	       670	800010b0	71498483	lb	x9,1812(x19)	 x19:0x8000805b  x9=0x00000024 PA:0x8000876f
        6725000	       671	800010b4	67698a23	sb	x22,1652(x19)	 x19:0x8000805b x22:0xffffffee PA:0x800086cf
        6735000	       672	800010b8	6749c883	lbu	x17,1652(x19)	 x19:0x8000805b x17=0x000000ee PA:0x800086cf
        6745000	       673	800010bc	00008097	auipc	x1,0x8	  x1=0x800090b8
        6755000	       674	800010c0	bd908093	addi	x1,x1,-1063	  x1:0x800090b8  x1=0x80008c91
        6765000	       675	800010c4	02f08a23	sb	x15,52(x1)	  x1:0x80008c91 x15:0x80009f68 PA:0x80008cc5
        6775000	       676	800010c8	005ddc93	srli	x25,x27,0x5	 x27:0x80009fc4 x25=0x040004fe
        6785000	       677	800010cc	01908e23	sb	x25,28(x1)	  x1:0x80008c91 x25:0x040004fe PA:0x80008cad
        6795000	       678	800010d0	41aad913	srai	x18,x21,0x1a	 x21:0x00000078 x18=0x00000000
        6805000	       679	800010d4	0087fb33	and	x22,x15,x8	 x15:0x80009f68  x8:0x8000847e x22=0x80008468
        6815000	       680	800010d8	bb76aa13	slti	x20,x13,-1097	 x13:0x80008d81 x20=0x00000001
        6825000	       681	800010dc	00c5e8b3	or	x17,x11,x12	 x11:0x8fb0084e x12:0x00003233 x17=0x8fb03a7f
        6835000	       682	800010e0	ff309f83	lh	x31,-13(x1)	  x1:0x80008c91 x31=0x00006e6f PA:0x80008c84
        6845000	       683	800010e4	fe608323	sb	x6,-26(x1)	  x1:0x80008c91  x6:0x80008b13 PA:0x80008c77
        6855000	       684	800010e8	00ca32b3	sltu	x5,x20,x12	 x20:0x00000001 x12:0x00003233  x5=0x00000001
        6865000	       685	800010ec	14c1e317	auipc	x6,0x14c1e	  x6=0x94c1f0e8
        6875000	       686	800010f0	00208f83	lb	x31,2(x1)	  x1:0x80008c91 x31=0x00000078 PA:0x80008c93
        6885000	       687	800010f4	8730e513	ori	x10,x1,-1933	  x1:0x80008c91 x10=0xfffffcf3
        6895000	       688	800010f8	00808923	sb	x8,18(x1)	  x1:0x80008c91  x8:0x8000847e PA:0x80008ca3
        6905000	       689	800010fc	cbca8d13	addi	x26,x21,-836	 x21:0x00000078 x26=0xfffffd34
        6915000	       690	80001100	e3283a93	sltiu	x21,x16,-462	 x16:0x00000050 x21=0x00000001
        6925000	       691	80001104	fea08e03	lb	x28,-22(x1)	  x1:0x80008c91 x28=0x00000060 PA:0x80008c7b
        6935000	       692	80001108	01184bb3	xor	x23,x16,x17	 x16:0x00000050 x17:0x8fb03a7f x23=0x8fb03a2f
        6945000	       693	8000110c	4143d3b3	sra	x7,x7,x20	  x7:0xb74dc090 x20:0x00000001  x7=0xdba6e048
        6955000	       694	80001110	00bf6e33	or	x28,x30,x11	 x30:0x000000c4 x11:0x8fb0084e x28=0x8fb008ce
        6965000	       695	80001114	00f2ca33	xor	x20,x5,x15	  x5:0x00000001 x15:0x80009f68 x20=0x80009f69
        6975000	       696	80001118	fc40cb03	lbu	x22,-60(x1)	  x1:0x80008c91 x22=0x0000003e PA:0x80008c55
        6985000	       697	8000111c	40d28ab3	sub	x21,x5,x13	  x5:0x00000001 x13:0x80008d81 x21=0x7fff7280
        6995000	       698	80001120	001ff8b3	and	x17,x31,x1	 x31:0x00000078  x1:0x80008c91 x17=0x00000010
        7005000	       699	80001124	3c152813	slti	x16,x10,961	 x10:0xfffffcf3 x16=0x00000001
        7015000	       700	80001128	02708b83	lb	x23,39(x1)	  x1:0x80008c91 x23=0xffffffa3 PA:0x80008cb8
        7025000	       701	00000000	00000013	addi	x0,x0,0	  x0:0x00000000
        7035000	       702	8000112c	01bb9fb3	sll	x31,x23,x27	 x23:0xffffffa3 x27:0x80009fc4 x31=0xfffffa30
        7045000	       703	80001130	00e08e03	lb	x28,14(x1)	  x1:0x80008c91 x28=0xffffff9f PA:0x80008c9f
        7055000	       704	80001134	00927fb3	and	x31,x4,x9	  x4:0x00001f1f  x9:0x00000024 x31=0x00000004
        7065000	       705	80001138	00e092b3	sll	x5,x1,x14	  x1:0x80008c91 x14:0x800085ad  x5=0x11922000
        7075000	       706	8000113c	0157ad33	slt	x26,x15,x21	 x15:0x80009f68 x21:0x7fff7280 x26=0x00000001
        7085000	       707	80001140	fdd0d403	lhu	x8,-35(x1)	  x1:0x80008c91  x8=0x00005455 PA:0x80008c6e
        7095000	       708	80001144	fe508e23	sb	x5,-4(x1)	  x1:0x80008c91  x5:0x11922000 PA:0x80008c8d
        7105000	       709	80001148	030095a3	sh	x16,43(x1)	  x1:0x80008c91 x16:0x00000001 PA:0x80008cbc
        7115000	       710	8000114c	ff308ca3	sb	x19,-7(x1)	  x1:0x80008c91 x19:0x8000805b PA:0x80008c8a
        7125000	       711	80001150	00007c97	auipc	x25,0x7	 x25=0x8000814c
        7135000	       712	80001154	35cc8c93	addi	x25,x25,860	 x25:0x8000814c x25=0x800084a8
        7145000	       713	80001158	0d6cc203	lbu	x4,214(x25)	 x25:0x800084a8  x4=0x00000035 PA:0x8000857e
        7155000	       714	8000115c	012a6eb3	or	x29,x20,x18	 x20:0x80009f69 x18:0x00000000 x29=0x80009f69
        7165000	       715	80001160	dbcca803	lw	x16,-580(x25)	 x25:0x800084a8 x16=0x1c1d1e1f PA:0x80008264
        7175000	       716	80001164	4051d513	srai	x10,x3,0x5	  x3:0x001f8000 x10=0x0000fc00
        7185000	       717	80001168	bfdccf03	lbu	x30,-1027(x25)	 x25:0x800084a8 x30=0x0000005e PA:0x800080a5
        7195000	       718	8000116c	f42ac093	xori	x1,x21,-190	 x21:0x7fff7280  x1=0x80008dc2
        7205000	       719	80001170	31f63813	sltiu	x16,x12,799	 x12:0x00003233 x16=0x00000000
        7215000	       720	80001174	00db9613	slli	x12,x23,0xd	 x23:0xffffffa3 x12=0xfff46000
        7225000	       721	80001178	40e48d33	sub	x26,x9,x14	  x9:0x00000024 x14:0x800085ad x26=0x7fff7a77
        7235000	       722	8000117c	205c84a3	sb	x5,521(x25)	 x25:0x800084a8  x5:0x11922000 PA:0x800086b1
        7245000	       723	80001180	16bcc483	lbu	x9,363(x25)	 x25:0x800084a8  x9=0x000000c8 PA:0x80008613
        7255000	       724	80001184	dd87a437	lui	x8,0xdd87a	  x8=0xdd87a000
        7265000	       725	80001188	00000013	addi	x0,x0,0	  x0:0x00000000
        7275000	       726	8000118c	072ae293	ori	x5,x21,114	 x21:0x7fff7280  x5=0x7fff72f2
        7285000	       727	80001190	34a0ef93	ori	x31,x1,842	  x1:0x80008dc2 x31=0x80008fca
        7295000	       728	80001194	0a346213	ori	x4,x8,163	  x8:0xdd87a000  x4=0xdd87a0a3
        7305000	       729	80001198	0008db33	srl	x22,x17,x0	 x17:0x00000010  x0:0x00000000 x22=0x00000010
        7315000	       730	8000119c	00dd9993	slli	x19,x27,0xd	 x27:0x80009fc4 x19=0x13f88000
        7325000	       731	800011a0	05e4de17	auipc	x28,0x5e4d	 x28=0x85e4e19c
        7335000	       732	800011a4	d94c80a3	sb	x20,-639(x25)	 x25:0x800084a8 x20:0x80009f69 PA:0x80008229
        7345000	       733	800011a8	cd7cc803	lbu	x16,-809(x25)	 x25:0x800084a8 x16=0x00000034 PA:0x8000817f
        7355000	       734	800011ac	d59ccb83	lbu	x23,-679(x25)	 x25:0x800084a8 x23=0x000000ba PA:0x80008201
        7365000	       735	800011b0	ba2c9b03	lh	x22,-1118(x25)	 x25:0x800084a8 x22=0xffffec01 PA:0x8000804a
        7375000	       736	800011b4	00b21a93	slli	x21,x4,0xb	  x4:0xdd87a0a3 x21=0x3d051800
        7385000	       737	800011b8	54e3b493	sltiu	x9,x7,1358	  x7:0xdba6e048  x9=0x00000000
        7395000	       738	800011bc	00c840b3	xor	x1,x16,x12	 x16:0x00000034 x12:0xfff46000  x1=0xfff46034
        7405000	       739	800011c0	28ddc393	xori	x7,x27,653	 x27:0x80009fc4  x7=0x80009d49
        7415000	       740	800011c4	0129a333	slt	x6,x19,x18	 x19:0x13f88000 x18:0x00000000  x6=0x00000000
        7425000	       741	800011c8	eddc83a3	sb	x29,-313(x25)	 x25:0x800084a8 x29:0x80009f69 PA:0x8000836f
        7435000	       742	800011cc	012f68b3	or	x17,x30,x18	 x30:0x0000005e x18:0x00000000 x17=0x0000005e
        7445000	       743	800011d0	e8863293	sltiu	x5,x12,-376	 x12:0xfff46000  x5=0x00000001
        7455000	       744	800011d4	db2ccb83	lbu	x23,-590(x25)	 x25:0x800084a8 x23=0x00000011 PA:0x8000825a
        7465000	       745	800011d8	00008f97	auipc	x31,0x8	 x31=0x800091d4
        7475000	       746	800011dc	d3bf8f93	addi	x31,x31,-709	 x31:0x800091d4 x31=0x80008f0f
        7485000	       747	800011e0	00008917	auipc	x18,0x8	 x18=0x800091dc
        7495000	       748	800011e4	99090913	addi	x18,x18,-1648	 x18:0x800091dc x18=0x80008b6c
        7505000	       749	800011e8	00008e97	auipc	x29,0x8	 x29=0x800091e4
        7515000	       750	800011ec	ce6e8e93	addi	x29,x29,-794	 x29:0x800091e4 x29=0x80008eca
        7525000	       751	800011f0	fdc94983	lbu	x19,-36(x18)	 x18:0x80008b6c x19=0x00000033 PA:0x80008b48
        7535000	       752	800011f4	00008317	auipc	x6,0x8	  x6=0x800091f0
        7545000	       753	800011f8	b4130313	addi	x6,x6,-1215	  x6:0x800091f0  x6=0x80008d31
        7555000	       754	800011fc	ff230603	lb	x12,-14(x6)	  x6:0x80008d31 x12=0x00000008 PA:0x80008d23
        7565000	       755	80001200	ed3f8023	sb	x19,-320(x31)	 x31:0x80008f0f x19:0x00000033 PA:0x80008dcf
        7575000	       756	80001204	013e8883	lb	x17,19(x29)	 x29:0x80008eca x17=0xffffffc6 PA:0x80008edd
        7585000	       757	80001208	c0df8283	lb	x5,-1011(x31)	 x31:0x80008f0f  x5=0x00000007 PA:0x80008b1c
        7595000	       758	8000120c	ff4318a3	sh	x20,-15(x6)	  x6:0x80008d31 x20:0x80009f69 PA:0x80008d22
        7605000	       759	80001210	00ce8ca3	sb	x12,25(x29)	 x29:0x80008eca x12:0x00000008 PA:0x80008ee3
        7615000	       760	80001214	ffb34f03	lbu	x30,-5(x6)	  x6:0x80008d31 x30=0x00000017 PA:0x80008d2c
        7625000	       761	80001218	fe695703	lhu	x14,-26(x18)	 x18:0x80008b6c x14=0x00003839 PA:0x80008b52
        7635000	       762	8000121c	fe5e8c03	lb	x24,-27(x29)	 x29:0x80008eca x24=0xffffff94 PA:0x80008eaf
        7645000	       763	80001220	e3dfc483	lbu	x9,-451(x31)	 x31:0x80008f0f  x9=0x00000037 PA:0x80008d4c
        7655000	       764	80001224	fc5e8e03	lb	x28,-59(x29)	 x29:0x80008eca x28=0x00000074 PA:0x80008e8f
        7665000	       765	80001228	00f32983	lw	x19,15(x6)	  x6:0x80008d31 x19=0x28292a2b PA:0x80008d40
        7675000	       766	8000122c	fd6e81a3	sb	x22,-61(x29)	 x29:0x80008eca x22:0xffffec01 PA:0x80008e8d
        7685000	       767	80001230	fefecb03	lbu	x22,-17(x29)	 x29:0x80008eca x22=0x000000a2 PA:0x80008eb9
        7695000	       768	80001234	00ef87a3	sb	x14,15(x31)	 x31:0x80008f0f x14:0x00003839 PA:0x80008f1e
        7705000	       769	80001238	ff192823	sw	x17,-16(x18)	 x18:0x80008b6c x17:0xffffffc6 PA:0x80008b5c
        7715000	       770	8000123c	bd5f8723	sb	x21,-1074(x31)	 x31:0x80008f0f x21:0x3d051800 PA:0x80008add
        7725000	       771	80001240	01b315a3	sh	x27,11(x6)	  x6:0x80008d31 x27:0x80009fc4 PA:0x80008d3c
        7735000	       772	80001244	01fe8d23	sb	x31,26(x29)	 x29:0x80008eca x31:0x80008f0f PA:0x80008ee4
        7745000	       773	80001248	caff9b83	lh	x23,-849(x31)	 x31:0x80008f0f x23=0xffffa4a5 PA:0x80008bbe
        7755000	       774	00000000	00000013	addi	x0,x0,0	  x0:0x00000000
        7765000	       775	8000124c	01730723	sb	x23,14(x6)	  x6:0x80008d31 x23:0xffffa4a5 PA:0x80008d3f
        7775000	       776	80001250	ff190323	sb	x17,-26(x18)	 x18:0x80008b6c x17:0xffffffc6 PA:0x80008b52
        7785000	       777	80001254	01eed483	lhu	x9,30(x29)	 x29:0x80008eca  x9=0x0000d2d3 PA:0x80008ee8
        7795000	       778	80001258	c33f9083	lh	x1,-973(x31)	 x31:0x80008f0f  x1=0x00002829 PA:0x80008b42
        7805000	       779	8000125c	00530a03	lb	x20,5(x6)	  x6:0x80008d31 x20=0x0000001d PA:0x80008d36
        7815000	       780	80001260	00c95f03	lhu	x30,12(x18)	 x18:0x80008b6c x30=0x000022a8 PA:0x80008b78
        7825000	       781	80001264	c7ffcd03	lbu	x26,-897(x31)	 x31:0x80008f0f x26=0x00000075 PA:0x80008b8e
        7835000	       782	80001268	02291803	lh	x16,34(x18)	 x18:0x80008b6c x16=0x00007475 PA:0x80008b8e
        7845000	       783	8000126c	c2efcc83	lbu	x25,-978(x31)	 x31:0x80008f0f x25=0x00000026 PA:0x80008b3d
        7855000	       784	80001270	00007a97	auipc	x21,0x7	 x21=0x8000826c
        7865000	       785	80001274	1d0a8a93	addi	x21,x21,464	 x21:0x8000826c x21=0x8000843c
        7875000	       786	80001278	009a8b83	lb	x23,9(x21)	 x21:0x8000843c x23=0xfffffffe PA:0x80008445
        7885000	       787	8000127c	ff9ac283	lbu	x5,-7(x21)	 x21:0x8000843c  x5=0x000000ee PA:0x80008435
        7895000	       788	80001280	feda83a3	sb	x13,-25(x21)	 x21:0x8000843c x13:0x80008d81 PA:0x80008423
        7905000	       789	80001284	03aa9283	lh	x5,58(x21)	 x21:0x8000843c  x5=0x00002c2d PA:0x80008476
        7915000	       790	80001288	fcba86a3	sb	x11,-51(x21)	 x21:0x8000843c x11:0x8fb0084e PA:0x80008409
        7925000	       791	8000128c	feea8483	lb	x9,-18(x21)	 x21:0x8000843c  x9=0x00000000 PA:0x8000842a
        7935000	       792	80001290	00f7ec33	or	x24,x15,x15	 x15:0x80009f68 x15:0x80009f68 x24=0x80009f68
        7945000	       793	80001294	031ac803	lbu	x16,49(x21)	 x21:0x8000843c x16=0x00000026 PA:0x8000846d
        7955000	       794	80001298	3735c493	xori	x9,x11,883	 x11:0x8fb0084e  x9=0x8fb00b3d
        7965000	       795	8000129c	ffbaa823	sw	x27,-16(x21)	 x21:0x8000843c x27:0x80009fc4 PA:0x8000842c
        7975000	       796	800012a0	035a86a3	sb	x21,45(x21)	 x21:0x8000843c x21:0x8000843c PA:0x80008469
        7985000	       797	800012a4	40715933	sra	x18,x2,x7	  x2:0x00000012  x7:0x80009d49 x18=0x00000000
        7995000	       798	800012a8	013ac703	lbu	x14,19(x21)	 x21:0x8000843c x14=0x00000004 PA:0x8000844f
        8005000	       799	800012ac	017dd1b3	srl	x3,x27,x23	 x27:0x80009fc4 x23:0xfffffffe  x3=0x00000002
        8015000	       800	800012b0	fe7a8e03	lb	x28,-25(x21)	 x21:0x8000843c x28=0xffffff81 PA:0x80008423
        8025000	       801	800012b4	00b2c0b3	xor	x1,x5,x11	  x5:0x00002c2d x11:0x8fb0084e  x1=0x8fb02463
        8035000	       802	800012b8	01550bb3	add	x23,x10,x21	 x10:0x0000fc00 x21:0x8000843c x23=0x8001803c
        8045000	       803	800012bc	027a8883	lb	x17,39(x21)	 x21:0x8000843c x17=0x00000018 PA:0x80008463
        8055000	       804	800012c0	01dcd513	srli	x10,x25,0x1d	 x25:0x00000026 x10=0x00000000
        8065000	       805	800012c4	fc5ac603	lbu	x12,-59(x21)	 x21:0x8000843c x12=0x000000ba PA:0x80008401
        8075000	       806	800012c8	feea8aa3	sb	x14,-11(x21)	 x21:0x8000843c x14:0x00000004 PA:0x80008431
        8085000	       807	800012cc	246660b7	lui	x1,0x24666	  x1=0x24666000
        8095000	       808	800012d0	fe1a8603	lb	x12,-31(x21)	 x21:0x8000843c x12=0x0000007e PA:0x8000841d
        8105000	       809	800012d4	015acb83	lbu	x23,21(x21)	 x21:0x8000843c x23=0x0000000a PA:0x80008451
        8115000	       810	800012d8	fd8aad03	lw	x26,-40(x21)	 x21:0x8000843c x26=0xcccdcecf PA:0x80008414
        8125000	       811	800012dc	fd1a8103	lb	x2,-47(x21)	 x21:0x8000843c  x2=0xffffffc6 PA:0x8000840d
        8135000	       812	800012e0	652af3b7	lui	x7,0x652af	  x7=0x652af000
        8145000	       813	800012e4	e70f7213	andi	x4,x30,-400	 x30:0x000022a8  x4=0x00002220
        8155000	       814	800012e8	017ac003	lbu	x0,23(x21)	 x21:0x8000843c PA:0x80008453
        8165000	       815	800012ec	007a8123	sb	x7,2(x21)	 x21:0x8000843c  x7:0x652af000 PA:0x8000843e
        8175000	       816	800012f0	00741e33	sll	x28,x8,x7	  x8:0xdd87a000  x7:0x652af000 x28=0xdd87a000
        8185000	       817	800012f4	1e4d3b93	sltiu	x23,x26,484	 x26:0xcccdcecf x23=0x00000000
        8195000	       818	800012f8	00af7233	and	x4,x30,x10	 x30:0x000022a8 x10:0x00000000  x4=0x00000000
        8205000	       819	800012fc	40b28fb3	sub	x31,x5,x11	  x5:0x00002c2d x11:0x8fb0084e x31=0x705023df
        8215000	       820	80001300	86756493	ori	x9,x10,-1945	 x10:0x00000000  x9=0xfffff867
        8225000	       821	80001304	fefacb83	lbu	x23,-17(x21)	 x21:0x8000843c x23=0x00000000 PA:0x8000842b
        8235000	       822	80001308	41915533	sra	x10,x2,x25	  x2:0xffffffc6 x25:0x00000026 x10=0xffffffff
        8245000	       823	8000130c	01817833	and	x16,x2,x24	  x2:0xffffffc6 x24:0x80009f68 x16=0x80009f40
        8255000	       824	80001310	010c30b3	sltu	x1,x24,x16	 x24:0x80009f68 x16:0x80009f40  x1=0x00000000
        8265000	       825	80001314	011443b3	xor	x7,x8,x17	  x8:0xdd87a000 x17:0x00000018  x7=0xdd87a018
        8275000	       826	80001318	fc0a9203	lh	x4,-64(x21)	 x21:0x8000843c  x4=0xffffb6b7 PA:0x800083fc
        8285000	       827	8000131c	030a8b23	sb	x16,54(x21)	 x21:0x8000843c x16:0x80009f40 PA:0x80008472
        8295000	       828	80001320	fc6a9623	sh	x6,-52(x21)	 x21:0x8000843c  x6:0x80008d31 PA:0x80008408
        8305000	       829	80001324	00716333	or	x6,x2,x7	  x2:0xffffffc6  x7:0xdd87a018  x6=0xffffffde
        8315000	       830	80001328	02fac983	lbu	x19,47(x21)	 x21:0x8000843c x19=0x00000020 PA:0x8000846b
        8325000	       831	8000132c	02cac903	lbu	x18,44(x21)	 x21:0x8000843c x18=0x00000023 PA:0x80008468
        8335000	       832	80001330	00008297	auipc	x5,0x8	  x5=0x8000932c
        8345000	       833	80001334	8d228293	addi	x5,x5,-1838	  x5:0x8000932c  x5=0x80008bfe
        8355000	       834	80001338	01005eb3	srl	x29,x0,x16	  x0:0x00000000 x16:0x80009f40 x29=0x00000000
        8365000	       835	8000133c	fe02af23	sw	x0,-2(x5)	  x5:0x80008bfe  x0:0x00000000 PA:0x80008bfc
        8375000	       836	80001340	00ea8333	add	x6,x21,x14	 x21:0x8000843c x14:0x00000004  x6=0x80008440
        8385000	       837	80001344	ffd28923	sb	x29,-14(x5)	  x5:0x80008bfe x29:0x00000000 PA:0x80008bf0
        8395000	       838	80001348	01aaf833	and	x16,x21,x26	 x21:0x8000843c x26:0xcccdcecf x16=0x8000840c
        8405000	       839	8000134c	79f66b13	ori	x22,x12,1951	 x12:0x0000007e x22=0x000007ff
        8415000	       840	80001350	c1527393	andi	x7,x4,-1003	  x4:0xffffb6b7  x7=0xffffb415
        8425000	       841	80001354	ff729c23	sh	x23,-8(x5)	  x5:0x80008bfe x23:0x00000000 PA:0x80008bf6
        8435000	       842	80001358	00b61b33	sll	x22,x12,x11	 x12:0x0000007e x11:0x8fb0084e x22=0x001f8000
        8445000	       843	8000135c	00721c13	slli	x24,x4,0x7	  x4:0xffffb6b7 x24=0xffdb5b80
        8455000	       844	80001360	fff289a3	sb	x31,-13(x5)	  x5:0x80008bfe x31:0x705023df PA:0x80008bf1
        8465000	       845	80001364	150f8697	auipc	x13,0x150f8	 x13=0x950f9360
        8475000	       846	80001368	0077d0b3	srl	x1,x15,x7	 x15:0x80009f68  x7:0xffffb415  x1=0x00000400
        8485000	       847	8000136c	00c29603	lh	x12,12(x5)	  x5:0x80008bfe x12=0xfffff0f1 PA:0x80008c0a
        8495000	       848	80001370	ff029183	lh	x3,-16(x5)	  x5:0x80008bfe  x3=0xffffd4d5 PA:0x80008bee
        8505000	       849	80001374	0197a433	slt	x8,x15,x25	 x15:0x80009f68 x25:0x00000026  x8=0x00000001
        8515000	       850	80001378	00228203	lb	x4,2(x5)	  x5:0x80008bfe  x4=0xffffffeb PA:0x80008c00
        8525000	       851	8000137c	018280a3	sb	x24,1(x5)	  x5:0x80008bfe x24:0xffdb5b80 PA:0x80008bff
        8535000	       852	80001380	001284a3	sb	x1,9(x5)	  x5:0x80008bfe  x1:0x00000400 PA:0x80008c07
        8545000	       853	80001384	00000013	addi	x0,x0,0	  x0:0x00000000
        8555000	       854	80001388	fff2ce83	lbu	x29,-1(x5)	  x5:0x80008bfe x29=0x00000000 PA:0x80008bfd
        8565000	       855	8000138c	00b37333	and	x6,x6,x11	  x6:0x80008440 x11:0x8fb0084e  x6=0x80000040
        8575000	       856	80001390	0092cc83	lbu	x25,9(x5)	  x5:0x80008bfe x25=0x00000000 PA:0x80008c07
        8585000	       857	80001394	001283a3	sb	x1,7(x5)	  x5:0x80008bfe  x1:0x00000400 PA:0x80008c05
        8595000	       858	80001398	ff928d03	lb	x26,-7(x5)	  x5:0x80008bfe x26=0x00000000 PA:0x80008bf7
        8605000	       859	8000139c	01ba3e33	sltu	x28,x20,x27	 x20:0x0000001d x27:0x80009fc4 x28=0x00000001
        8615000	       860	800013a0	0032d533	srl	x10,x5,x3	  x5:0x80008bfe  x3:0xffffd4d5 x10=0x00000400
        8625000	       861	800013a4	01339cb3	sll	x25,x7,x19	  x7:0xffffb415 x19:0x00000020 x25=0xffffb415
        8635000	       862	800013a8	016b5233	srl	x4,x22,x22	 x22:0x001f8000 x22:0x001f8000  x4=0x001f8000
        8645000	       863	800013ac	d5cc3413	sltiu	x8,x24,-676	 x24:0xffdb5b80  x8=0x00000001
        8655000	       864	800013b0	0092ea33	or	x20,x5,x9	  x5:0x80008bfe  x9:0xfffff867 x20=0xfffffbff
        8665000	       865	800013b4	0054cbb3	xor	x23,x9,x5	  x9:0xfffff867  x5:0x80008bfe x23=0x7fff7399
        8675000	       866	800013b8	7561cd17	auipc	x26,0x7561c	 x26=0xf561d3b4
        8685000	       867	800013bc	012184b3	add	x9,x3,x18	  x3:0xffffd4d5 x18:0x00000023  x9=0xffffd4f8
        8695000	       868	800013c0	ff32c683	lbu	x13,-13(x5)	  x5:0x80008bfe x13=0x000000df PA:0x80008bf1
        8705000	       869	800013c4	00728103	lb	x2,7(x5)	  x5:0x80008bfe  x2=0x00000000 PA:0x80008c05
        8715000	       870	800013c8	00128c03	lb	x24,1(x5)	  x5:0x80008bfe x24=0xffffff80 PA:0x80008bff
        8725000	       871	800013cc	ff328883	lb	x17,-13(x5)	  x5:0x80008bfe x17=0xffffffdf PA:0x80008bf1
        8735000	       872	800013d0	0301f413	andi	x8,x3,48	  x3:0xffffd4d5  x8=0x00000010
        8745000	       873	800013d4	02705863	bge	x0,x7,80001404	  x0:0x00000000  x7:0xffffb415
        8755000	       874	00000000	00000013	addi	x0,x0,0	  x0:0x00000000
        8765000	       875	80001400	00000013	addi	x0,x0,0	  x0:0x00000000
        8775000	       876	80001404	044b5463	bge	x22,x4,8000144c	 x22:0x001f8000  x4:0x001f8000
        8785000	       877	00000000	00000013	addi	x0,x0,0	  x0:0x00000000
        8795000	       878	80001448	00000013	addi	x0,x0,0	  x0:0x00000000
        8805000	       879	8000144c	40f8d113	srai	x2,x17,0xf	 x17:0xffffffdf  x2=0xffffffff
        8815000	       880	80001450	e0d9fb13	andi	x22,x19,-499	 x19:0x00000020 x22=0x00000000
        8825000	       881	80001454	26694113	xori	x2,x18,614	 x18:0x00000023  x2=0x00000245
        8835000	       882	80001458	548bd4b7	lui	x9,0x548bd	  x9=0x548bd000
        8845000	       883	8000145c	7c9ebe13	sltiu	x28,x29,1993	 x29:0x00000000 x28=0x00000001
        8855000	       884	80001460	01a37233	and	x4,x6,x26	  x6:0x80000040 x26:0xf561d3b4  x4=0x80000000
        8865000	       885	80001464	0027c663	blt	x15,x2,80001470	 x15:0x80009f68  x2:0x00000245
        8875000	       886	00000000	00000013	addi	x0,x0,0	  x0:0x00000000
        8885000	       887	8000146c	00000013	addi	x0,x0,0	  x0:0x00000000
        8895000	       888	80001470	41068fb3	sub	x31,x13,x16	 x13:0x000000df x16:0x8000840c x31=0x7fff7cd3
        8905000	       889	80001474	01595193	srli	x3,x18,0x15	 x18:0x00000023  x3=0x00000000
        8915000	       890	80001478	050a0463	beq	x20,x16,800014c0	 x20:0xfffffbff x16:0x8000840c
        8925000	       891	8000147c	72f40a37	lui	x20,0x72f40	 x20=0x72f40000
        8935000	       892	80001480	01c9cc63	blt	x19,x28,80001498	 x19:0x00000020 x28:0x00000001
        8945000	       893	80001484	003b6eb3	or	x29,x22,x3	 x22:0x00000000  x3:0x00000000 x29=0x00000000
        8955000	       894	80001488	47851697	auipc	x13,0x47851	 x13=0xc7852484
        8965000	       895	8000148c	00000013	addi	x0,x0,0	  x0:0x00000000
        8975000	       896	80001490	03244e63	blt	x8,x18,800014cc	  x8:0x00000010 x18:0x00000023
        8985000	       897	00000000	00000013	addi	x0,x0,0	  x0:0x00000000
        8995000	       898	800014c8	00000013	addi	x0,x0,0	  x0:0x00000000
        9005000	       899	800014cc	40f801b3	sub	x3,x16,x15	 x16:0x8000840c x15:0x80009f68  x3=0xffffe4a4
        9015000	       900	800014d0	05238063	beq	x7,x18,80001510	  x7:0xffffb415 x18:0x00000023
        9025000	       901	800014d4	0150e933	or	x18,x1,x21	  x1:0x00000400 x21:0x8000843c x18=0x8000843c
        9035000	       902	800014d8	28c9f093	andi	x1,x19,652	 x19:0x00000020  x1=0x00000000
        9045000	       903	800014dc	00a05663	bge	x0,x10,800014e8	  x0:0x00000000 x10:0x00000400
        9055000	       904	800014e0	084796b7	lui	x13,0x8479	 x13=0x08479000
        9065000	       905	800014e4	01fc8833	add	x16,x25,x31	 x25:0xffffb415 x31:0x7fff7cd3 x16=0x7fff30e8
        9075000	       906	800014e8	006b53b3	srl	x7,x22,x6	 x22:0x00000000  x6:0x80000040  x7=0x00000000
        9085000	       907	800014ec	003fec33	or	x24,x31,x3	 x31:0x7fff7cd3  x3:0xffffe4a4 x24=0xfffffcf7
        9095000	       908	800014f0	04c9e263	bltu	x19,x12,80001534	 x19:0x00000020 x12:0xfffff0f1
        9105000	       909	00000000	00000013	addi	x0,x0,0	  x0:0x00000000
        9115000	       910	80001530	00000013	addi	x0,x0,0	  x0:0x00000000
        9125000	       911	80001534	0426d463	bge	x13,x2,8000157c	 x13:0x08479000  x2:0x00000245
        9135000	       912	00000000	00000013	addi	x0,x0,0	  x0:0x00000000
        9145000	       913	80001578	00000013	addi	x0,x0,0	  x0:0x00000000
        9155000	       914	8000157c	013bd233	srl	x4,x23,x19	 x23:0x7fff7399 x19:0x00000020  x4=0x7fff7399
        9165000	       915	80001580	339f4c93	xori	x25,x30,825	 x30:0x000022a8 x25=0x00002191
        9175000	       916	80001584	41eb5313	srai	x6,x22,0x1e	 x22:0x00000000  x6=0x00000000
        9185000	       917	80001588	00f45033	srl	x0,x8,x15	  x8:0x00000010 x15:0x80009f68
        9195000	       918	8000158c	00ae70b3	and	x1,x28,x10	 x28:0x00000001 x10:0x00000400  x1=0x00000000
        9205000	       919	80001590	01be9833	sll	x16,x29,x27	 x29:0x00000000 x27:0x80009fc4 x16=0x00000000
        9215000	       920	80001594	00eec333	xor	x6,x29,x14	 x29:0x00000000 x14:0x00000004  x6=0x00000004
        9225000	       921	80001598	001c7e33	and	x28,x24,x1	 x24:0xfffffcf7  x1:0x00000000 x28=0x00000000
        9235000	       922	8000159c	028b8e63	beq	x23,x8,800015d8	 x23:0x7fff7399  x8:0x00000010
        9245000	       923	800015a0	01598b33	add	x22,x19,x21	 x19:0x00000020 x21:0x8000843c x22=0x8000845c
        9255000	       924	800015a4	050a4663	blt	x20,x16,800015f0	 x20:0x72f40000 x16:0x00000000
        9265000	       925	800015a8	cecafa13	andi	x20,x21,-788	 x21:0x8000843c x20=0x8000842c
        9275000	       926	800015ac	05ba5063	bge	x20,x27,800015ec	 x20:0x8000842c x27:0x80009fc4
        9285000	       927	800015b0	644ca813	slti	x16,x25,1604	 x25:0x00002191 x16=0x00000000
        9295000	       928	800015b4	05296663	bltu	x18,x18,80001600	 x18:0x8000843c x18:0x8000843c
        9305000	       929	800015b8	039e9263	bne	x29,x25,800015dc	 x29:0x00000000 x25:0x00002191
        9315000	       930	00000000	00000013	addi	x0,x0,0	  x0:0x00000000
        9325000	       931	800015d8	00000013	addi	x0,x0,0	  x0:0x00000000
        9335000	       932	800015dc	8357c517	auipc	x10,0x8357c	 x10=0x0357d5d8
        9345000	       933	800015e0	41dfd813	srai	x16,x31,0x1d	 x31:0x7fff7cd3 x16=0x00000003
        9355000	       934	800015e4	010f0bb3	add	x23,x30,x16	 x30:0x000022a8 x16:0x00000003 x23=0x000022ab
        9365000	       935	800015e8	ab863613	sltiu	x12,x12,-1352	 x12:0xfffff0f1 x12=0x00000001
        9375000	       936	800015ec	040cf063	bgeu	x25,x0,8000162c	 x25:0x00002191  x0:0x00000000
        9385000	       937	00000000	00000013	addi	x0,x0,0	  x0:0x00000000
        9395000	       938	80001628	00000013	addi	x0,x0,0	  x0:0x00000000
        9405000	       939	8000162c	05eb1263	bne	x22,x30,80001670	 x22:0x8000845c x30:0x000022a8
        9415000	       940	00000000	00000013	addi	x0,x0,0	  x0:0x00000000
        9425000	       941	8000166c	00000013	addi	x0,x0,0	  x0:0x00000000
        9435000	       942	80001670	38707913	andi	x18,x0,903	  x0:0x00000000 x18=0x00000000
        9445000	       943	80001674	00000013	addi	x0,x0,0	  x0:0x00000000
        9455000	       944	80001678	002bd413	srli	x8,x23,0x2	 x23:0x000022ab  x8=0x000008aa
        9465000	       945	8000167c	005cae33	slt	x28,x25,x5	 x25:0x00002191  x5:0x80008bfe x28=0x00000000
        9475000	       946	80001680	f36aec93	ori	x25,x21,-202	 x21:0x8000843c x25=0xffffff3e
        9485000	       947	80001684	404a52b3	sra	x5,x20,x4	 x20:0x8000842c  x4:0x7fff7399  x5=0xffffffc0
        9495000	       948	80001688	e81d0093	addi	x1,x26,-383	 x26:0xf561d3b4  x1=0xf561d235
        9505000	       949	8000168c	4064d993	srai	x19,x9,0x6	  x9:0x548bd000 x19=0x01522f40
        9515000	       950	80001690	0177b933	sltu	x18,x15,x23	 x15:0x80009f68 x23:0x000022ab x18=0x00000000
        9525000	       951	80001694	6e91aa93	slti	x21,x3,1769	  x3:0xffffe4a4 x21=0x00000001
        9535000	       952	80001698	0262c063	blt	x5,x6,800016b8	  x5:0xffffffc0  x6:0x00000004
        9545000	       953	00000000	00000013	addi	x0,x0,0	  x0:0x00000000
        9555000	       954	800016b4	00000013	addi	x0,x0,0	  x0:0x00000000
        9565000	       955	800016b8	002f9313	slli	x6,x31,0x2	 x31:0x7fff7cd3  x6=0xfffdf34c
        9575000	       956	800016bc	019c7d33	and	x26,x24,x25	 x24:0xfffffcf7 x25:0xffffff3e x26=0xfffffc36
        9585000	       957	800016c0	00000013	addi	x0,x0,0	  x0:0x00000000
        9595000	       958	800016c4	c9f91417	auipc	x8,0xc9f91	  x8=0x49f926c0
        9605000	       959	800016c8	bbc63f13	sltiu	x30,x12,-1092	 x12:0x00000001 x30=0x00000001
        9615000	       960	800016cc	4041d113	srai	x2,x3,0x4	  x3:0xffffe4a4  x2=0xfffffe4a
        9625000	       961	800016d0	00000013	addi	x0,x0,0	  x0:0x00000000
        9635000	       962	800016d4	409e5fb3	sra	x31,x28,x9	 x28:0x00000000  x9:0x548bd000 x31=0x00000000
        9645000	       963	800016d8	40aadf93	srai	x31,x21,0xa	 x21:0x00000001 x31=0x00000000
        9655000	       964	800016dc	00000013	addi	x0,x0,0	  x0:0x00000000
        9665000	       965	800016e0	41b7db33	sra	x22,x15,x27	 x15:0x80009f68 x27:0x80009fc4 x22=0xf80009f6
        9675000	       966	800016e4	051be463	bltu	x23,x17,8000172c	 x23:0x000022ab x17:0xffffffdf
        9685000	       967	00000000	00000013	addi	x0,x0,0	  x0:0x00000000
        9695000	       968	80001728	00000013	addi	x0,x0,0	  x0:0x00000000
        9705000	       969	8000172c	68446b93	ori	x23,x8,1668	  x8:0x49f926c0 x23=0x49f926c4
        9715000	       970	80001730	79d9c193	xori	x3,x19,1949	 x19:0x01522f40  x3=0x015228dd
        9725000	       971	80001734	010cf0b3	and	x1,x25,x16	 x25:0xffffff3e x16:0x00000003  x1=0x00000002
        9735000	       972	80001738	00c59513	slli	x10,x11,0xc	 x11:0x8fb0084e x10=0x0084e000
        9745000	       973	8000173c	01876663	bltu	x14,x24,80001748	 x14:0x00000004 x24:0xfffffcf7
        9755000	       974	00000000	00000013	addi	x0,x0,0	  x0:0x00000000
        9765000	       975	80001744	00000013	addi	x0,x0,0	  x0:0x00000000
        9775000	       976	80001748	01d85633	srl	x12,x16,x29	 x16:0x00000003 x29:0x00000000 x12=0x00000003
        9785000	       977	8000174c	a1732f93	slti	x31,x6,-1513	  x6:0xfffdf34c x31=0x00000001
        9795000	       978	80001750	008c1233	sll	x4,x24,x8	 x24:0xfffffcf7  x8:0x49f926c0  x4=0xfffffcf7
        9805000	       979	80001754	01535313	srli	x6,x6,0x15	  x6:0xfffdf34c  x6=0x000007ff
        9815000	       980	80001758	01d62833	slt	x16,x12,x29	 x12:0x00000003 x29:0x00000000 x16=0x00000000
        9825000	       981	8000175c	52096e13	ori	x28,x18,1312	 x18:0x00000000 x28=0x00000520
        9835000	       982	80001760	40428333	sub	x6,x5,x4	  x5:0xffffffc0  x4:0xfffffcf7  x6=0x000002c9
        9845000	       983	80001764	00314ab3	xor	x21,x2,x3	  x2:0xfffffe4a  x3:0x015228dd x21=0xfeadd697
        9855000	       984	80001768	780a8013	addi	x0,x21,1920	 x21:0xfeadd697
        9865000	       985	8000176c	8d37c413	xori	x8,x15,-1837	 x15:0x80009f68  x8=0x7fff67bb
        9875000	       986	80001770	41170733	sub	x14,x14,x17	 x14:0x00000004 x17:0xffffffdf x14=0x00000025
        9885000	       987	80001774	0037f633	and	x12,x15,x3	 x15:0x80009f68  x3:0x015228dd x12=0x00000848
        9895000	       988	80001778	005820b3	slt	x1,x16,x5	 x16:0x00000000  x5:0xffffffc0  x1=0x00000000
        9905000	       989	8000177c	00000013	addi	x0,x0,0	  x0:0x00000000
        9915000	       990	80001780	d92d6b13	ori	x22,x26,-622	 x26:0xfffffc36 x22=0xfffffdb6
        9925000	       991	80001784	01fa7833	and	x16,x20,x31	 x20:0x8000842c x31:0x00000001 x16=0x00000000
        9935000	       992	80001788	4023d133	sra	x2,x7,x2	  x7:0x00000000  x2:0xfffffe4a  x2=0x00000000
        9945000	       993	8000178c	e9b7b113	sltiu	x2,x15,-357	 x15:0x80009f68  x2=0x00000001
        9955000	       994	80001790	41320cb3	sub	x25,x4,x19	  x4:0xfffffcf7 x19:0x01522f40 x25=0xfeadcdb7
        9965000	       995	80001794	016950b3	srl	x1,x18,x22	 x18:0x00000000 x22:0xfffffdb6  x1=0x00000000
        9975000	       996	80001798	02c79c63	bne	x15,x12,800017d0	 x15:0x80009f68 x12:0x00000848
        9985000	       997	00000000	00000013	addi	x0,x0,0	  x0:0x00000000
        9995000	       998	800017cc	00000013	addi	x0,x0,0	  x0:0x00000000
       10005000	       999	800017d0	0111fc33	and	x24,x3,x17	  x3:0x015228dd x17:0xffffffdf x24=0x015228dd
       10015000	      1000	800017d4	46991e17	auipc	x28,0x46991	 x28=0xc69927d0
       10025000	      1001	800017d8	01367333	and	x6,x12,x19	 x12:0x00000848 x19:0x01522f40  x6=0x00000840
       10035000	      1002	800017dc	01120c63	beq	x4,x17,800017f4	  x4:0xfffffcf7 x17:0xffffffdf
       10045000	      1003	800017e0	0160a233	slt	x4,x1,x22	  x1:0x00000000 x22:0xfffffdb6  x4=0x00000000
       10055000	      1004	800017e4	1a787a97	auipc	x21,0x1a787	 x21=0x9a7887e0
       10065000	      1005	800017e8	01906d33	or	x26,x0,x25	  x0:0x00000000 x25:0xfeadcdb7 x26=0xfeadcdb7
       10075000	      1006	800017ec	1a877013	andi	x0,x14,424	 x14:0x00000025
       10085000	      1007	800017f0	4125dc93	srai	x25,x11,0x12	 x11:0x8fb0084e x25=0xffffe3ec
       10095000	      1008	800017f4	00655c93	srli	x25,x10,0x6	 x10:0x0084e000 x25=0x00021380
       10105000	      1009	800017f8	04866463	bltu	x12,x8,80001840	 x12:0x00000848  x8:0x7fff67bb
       10115000	      1010	00000000	00000013	addi	x0,x0,0	  x0:0x00000000
       10125000	      1011	8000183c	00000013	addi	x0,x0,0	  x0:0x00000000
       10135000	      1012	80001840	00b1e263	bltu	x3,x11,80001844	  x3:0x015228dd x11:0x8fb0084e
       10145000	      1013	00000000	00000013	addi	x0,x0,0	  x0:0x00000000
       10155000	      1014	80001840	00000013	addi	x0,x0,0	  x0:0x00000000
       10165000	      1015	80001844	029b1a63	bne	x22,x9,80001878	 x22:0xfffffdb6  x9:0x548bd000
       10175000	      1016	00000000	00000013	addi	x0,x0,0	  x0:0x00000000
       10185000	      1017	80001874	00000013	addi	x0,x0,0	  x0:0x00000000
       10195000	      1018	80001878	018b2333	slt	x6,x22,x24	 x22:0xfffffdb6 x24:0x015228dd  x6=0x00000001
       10205000	      1019	8000187c	00000013	addi	x0,x0,0	  x0:0x00000000
       10215000	      1020	80001880	000d51b3	srl	x3,x26,x0	 x26:0xfeadcdb7  x0:0x00000000  x3=0xfeadcdb7
       10225000	      1021	80001884	00905333	srl	x6,x0,x9	  x0:0x00000000  x9:0x548bd000  x6=0x00000000
       10235000	      1022	80001888	41d589b3	sub	x19,x11,x29	 x11:0x8fb0084e x29:0x00000000 x19=0x8fb0084e
       10245000	      1023	8000188c	00dd12b3	sll	x5,x26,x13	 x26:0xfeadcdb7 x13:0x08479000  x5=0xfeadcdb7
       10255000	      1024	80001890	00000013	addi	x0,x0,0	  x0:0x00000000
       10265000	      1025	80001894	05b84463	blt	x16,x27,800018dc	 x16:0x00000000 x27:0x80009fc4
       10275000	      1026	80001898	0120afb3	slt	x31,x1,x18	  x1:0x00000000 x18:0x00000000 x31=0x00000000
       10285000	      1027	8000189c	0143bab3	sltu	x21,x7,x20	  x7:0x00000000 x20:0x8000842c x21=0x00000001
       10295000	      1028	800018a0	005b8663	beq	x23,x5,800018ac	 x23:0x49f926c4  x5:0xfeadcdb7
       10305000	      1029	800018a4	d027c013	xori	x0,x15,-766	 x15:0x80009f68
       10315000	      1030	800018a8	0194af33	slt	x30,x9,x25	  x9:0x548bd000 x25:0x00021380 x30=0x00000000
       10325000	      1031	800018ac	01b12bb3	slt	x23,x2,x27	  x2:0x00000001 x27:0x80009fc4 x23=0x00000000
       10335000	      1032	800018b0	01715e93	srli	x29,x2,0x17	  x2:0x00000001 x29=0x00000000
       10345000	      1033	800018b4	033d6263	bltu	x26,x19,800018d8	 x26:0xfeadcdb7 x19:0x8fb0084e
       10355000	      1034	800018b8	0182d733	srl	x14,x5,x24	  x5:0xfeadcdb7 x24:0x015228dd x14=0x00000007
       10365000	      1035	800018bc	016f4663	blt	x30,x22,800018c8	 x30:0x00000000 x22:0xfffffdb6
       10375000	      1036	800018c0	005c34b3	sltu	x9,x24,x5	 x24:0x015228dd  x5:0xfeadcdb7  x9=0x00000001
       10385000	      1037	800018c4	40b55b93	srai	x23,x10,0xb	 x10:0x0084e000 x23=0x0000109c
       10395000	      1038	800018c8	02368263	beq	x13,x3,800018ec	 x13:0x08479000  x3:0xfeadcdb7
       10405000	      1039	800018cc	00000013	addi	x0,x0,0	  x0:0x00000000
       10415000	      1040	800018d0	04cf0863	beq	x30,x12,80001920	 x30:0x00000000 x12:0x00000848
       10425000	      1041	800018d4	011d5b93	srli	x23,x26,0x11	 x26:0xfeadcdb7 x23=0x00007f56
       10435000	      1042	800018d8	f6524e13	xori	x28,x4,-155	  x4:0x00000000 x28=0xffffff65
       10445000	      1043	800018dc	00000013	addi	x0,x0,0	  x0:0x00000000
       10455000	      1044	800018e0	01ca1ab3	sll	x21,x20,x28	 x20:0x8000842c x28:0xffffff65 x21=0x00108580
       10465000	      1045	800018e4	010dbf33	sltu	x30,x27,x16	 x27:0x80009fc4 x16:0x00000000 x30=0x00000000
       10475000	      1046	800018e8	0187f733	and	x14,x15,x24	 x15:0x80009f68 x24:0x015228dd x14=0x00000848
       10485000	      1047	800018ec	beffe413	ori	x8,x31,-1041	 x31:0x00000000  x8=0xfffffbef
       10495000	      1048	800018f0	1d122613	slti	x12,x4,465	  x4:0x00000000 x12=0x00000001
       10505000	      1049	800018f4	451b3a93	sltiu	x21,x22,1105	 x22:0xfffffdb6 x21=0x00000000
       10515000	      1050	800018f8	414c08b3	sub	x17,x24,x20	 x24:0x015228dd x20:0x8000842c x17=0x8151a4b1
       10525000	      1051	800018fc	562b7937	lui	x18,0x562b7	 x18=0x562b7000
       10535000	      1052	80001900	00115933	srl	x18,x2,x1	  x2:0x00000001  x1:0x00000000 x18=0x00000001
       10545000	      1053	80001904	0485f663	bgeu	x11,x8,80001950	 x11:0x8fb0084e  x8:0xfffffbef
       10555000	      1054	80001908	01a45713	srli	x14,x8,0x1a	  x8:0xfffffbef x14=0x0000003f
       10565000	      1055	8000190c	02058c63	beq	x11,x0,80001944	 x11:0x8fb0084e  x0:0x00000000
       10575000	      1056	80001910	018a9c13	slli	x24,x21,0x18	 x21:0x00000000 x24=0x00000000
       10585000	      1057	80001914	03024263	blt	x4,x16,80001938	  x4:0x00000000 x16:0x00000000
       10595000	      1058	80001918	75fcac13	slti	x24,x25,1887	 x25:0x00021380 x24=0x00000000
       10605000	      1059	8000191c	50ea8693	addi	x13,x21,1294	 x21:0x00000000 x13=0x0000050e
       10615000	      1060	80001920	b384e837	lui	x16,0xb384e	 x16=0xb384e000
       10625000	      1061	80001924	00398233	add	x4,x19,x3	 x19:0x8fb0084e  x3:0xfeadcdb7  x4=0x8e5dd605
       10635000	      1062	80001928	01399393	slli	x7,x19,0x13	 x19:0x8fb0084e  x7=0x42700000
       10645000	      1063	8000192c	00de3233	sltu	x4,x28,x13	 x28:0xffffff65 x13:0x0000050e  x4=0x00000000
       10655000	      1064	80001930	4d337917	auipc	x18,0x4d337	 x18=0xcd33892c
       10665000	      1065	80001934	009df663	bgeu	x27,x9,80001940	 x27:0x80009fc4  x9:0x00000001
       10675000	      1066	00000000	00000013	addi	x0,x0,0	  x0:0x00000000
       10685000	      1067	8000193c	00000013	addi	x0,x0,0	  x0:0x00000000
       10695000	      1068	80001940	40345533	sra	x10,x8,x3	  x8:0xfffffbef  x3:0xfeadcdb7 x10=0xffffffff
       10705000	      1069	80001944	01cb9633	sll	x12,x23,x28	 x23:0x00007f56 x28:0xffffff65 x12=0x000feac0
       10715000	      1070	80001948	00ae5693	srli	x13,x28,0xa	 x28:0xffffff65 x13=0x003fffff
       10725000	      1071	8000194c	01e0f133	and	x2,x1,x30	  x1:0x00000000 x30:0x00000000  x2=0x00000000
       10735000	      1072	80001950	43ad7293	andi	x5,x26,1082	 x26:0xfeadcdb7  x5=0x00000432
       10745000	      1073	80001954	41195613	srai	x12,x18,0x11	 x18:0xcd33892c x12=0xffffe699
       10755000	      1074	80001958	e9c70013	addi	x0,x14,-356	 x14:0x0000003f
       10765000	      1075	8000195c	004d1f33	sll	x30,x26,x4	 x26:0xfeadcdb7  x4:0x00000000 x30=0xfeadcdb7
       10775000	      1076	80001960	05fdf663	bgeu	x27,x31,800019ac	 x27:0x80009fc4 x31:0x00000000
       10785000	      1077	00000000	00000013	addi	x0,x0,0	  x0:0x00000000
       10795000	      1078	800019a8	00000013	addi	x0,x0,0	  x0:0x00000000
       10805000	      1079	800019ac	ecedef93	ori	x31,x27,-306	 x27:0x80009fc4 x31=0xffffffce
       10815000	      1080	800019b0	32e0a713	slti	x14,x1,814	  x1:0x00000000 x14=0x00000001
       10825000	      1081	800019b4	086a5a63	bge	x20,x6,80001a48	 x20:0x8000842c  x6:0x00000000
       10835000	      1082	800019b8	02c44063	blt	x8,x12,800019d8	  x8:0xfffffbef x12:0xffffe699
       10845000	      1083	800019bc	098f1e63	bne	x30,x24,80001a58	 x30:0xfeadcdb7 x24:0x00000000
       10855000	      1084	00000000	00000013	addi	x0,x0,0	  x0:0x00000000
       10865000	      1085	80001a54	00000013	addi	x0,x0,0	  x0:0x00000000
       10875000	      1086	80001a58	02575e63	bge	x14,x5,80001a94	 x14:0x00000001  x5:0x00000432
       10885000	      1087	80001a5c	c1170a93	addi	x21,x14,-1007	 x14:0x00000001 x21=0xfffffc12
       10895000	      1088	80001a60	00000013	addi	x0,x0,0	  x0:0x00000000
       10905000	      1089	80001a64	0171d4b3	srl	x9,x3,x23	  x3:0xfeadcdb7 x23:0x00007f56  x9=0x000003fa
       10915000	      1090	80001a68	0070cab3	xor	x21,x1,x7	  x1:0x00000000  x7:0x42700000 x21=0x42700000
       10925000	      1091	80001a6c	00048e33	add	x28,x9,x0	  x9:0x000003fa  x0:0x00000000 x28=0x000003fa
       10935000	      1092	80001a70	038b7863	bgeu	x22,x24,80001aa0	 x22:0xfffffdb6 x24:0x00000000
       10945000	      1093	00000000	00000013	addi	x0,x0,0	  x0:0x00000000
       10955000	      1094	80001a9c	00000013	addi	x0,x0,0	  x0:0x00000000
       10965000	      1095	80001aa0	01360d33	add	x26,x12,x19	 x12:0xffffe699 x19:0x8fb0084e x26=0x8fafeee7
       10975000	      1096	80001aa4	0035d013	srli	x0,x11,0x3	 x11:0x8fb0084e
       10985000	      1097	80001aa8	04494863	blt	x18,x4,80001af8	 x18:0xcd33892c  x4:0x00000000
       10995000	      1098	00000000	00000013	addi	x0,x0,0	  x0:0x00000000
       11005000	      1099	80001af4	00000013	addi	x0,x0,0	  x0:0x00000000
       11015000	      1100	80001af8	01b7aab3	slt	x21,x15,x27	 x15:0x80009f68 x27:0x80009fc4 x21=0x00000001
       11025000	      1101	80001afc	00bb1d33	sll	x26,x22,x11	 x22:0xfffffdb6 x11:0x8fb0084e x26=0xff6d8000
       11035000	      1102	80001b00	043bd063	bge	x23,x3,80001b40	 x23:0x00007f56  x3:0xfeadcdb7
       11045000	      1103	00000000	00000013	addi	x0,x0,0	  x0:0x00000000
       11055000	      1104	80001b3c	00000013	addi	x0,x0,0	  x0:0x00000000
       11065000	      1105	80001b40	004fb933	sltu	x18,x31,x4	 x31:0xffffffce  x4:0x00000000 x18=0x00000000
       11075000	      1106	80001b44	53e27c93	andi	x25,x4,1342	  x4:0x00000000 x25=0x00000000
       11085000	      1107	80001b48	bf382c13	slti	x24,x16,-1037	 x16:0xb384e000 x24=0x00000001
       11095000	      1108	80001b4c	41265093	srai	x1,x12,0x12	 x12:0xffffe699  x1=0xffffffff
       11105000	      1109	80001b50	0160e433	or	x8,x1,x22	  x1:0xffffffff x22:0xfffffdb6  x8=0xffffffff
       11115000	      1110	80001b54	00b4acb3	slt	x25,x9,x11	  x9:0x000003fa x11:0x8fb0084e x25=0x00000000
       11125000	      1111	80001b58	0165d263	bge	x11,x22,80001b5c	 x11:0x8fb0084e x22:0xfffffdb6
       11135000	      1112	80001b5c	01efd2b3	srl	x5,x31,x30	 x31:0xffffffce x30:0xfeadcdb7  x5=0x000001ff
       11145000	      1113	80001b60	cfbb7893	andi	x17,x22,-773	 x22:0xfffffdb6 x17=0xfffffcb2
       11155000	      1114	80001b64	00000013	addi	x0,x0,0	  x0:0x00000000
       11165000	      1115	80001b68	e80f3e13	sltiu	x28,x30,-384	 x30:0xfeadcdb7 x28=0x00000001
       11175000	      1116	80001b6c	60b63013	sltiu	x0,x12,1547	 x12:0xffffe699
       11185000	      1117	80001b70	0051b033	sltu	x0,x3,x5	  x3:0xfeadcdb7  x5:0x000001ff
       11195000	      1118	80001b74	a983fc93	andi	x25,x7,-1384	  x7:0x42700000 x25=0x42700000
       11205000	      1119	80001b78	41c78bb3	sub	x23,x15,x28	 x15:0x80009f68 x28:0x00000001 x23=0x80009f67
       11215000	      1120	80001b7c	022c4e63	blt	x24,x2,80001bb8	 x24:0x00000001  x2:0x00000000
       11225000	      1121	80001b80	000fdfb3	srl	x31,x31,x0	 x31:0xffffffce  x0:0x00000000 x31=0xffffffce
       11235000	      1122	80001b84	41f45713	srai	x14,x8,0x1f	  x8:0xffffffff x14=0xffffffff
       11245000	      1123	80001b88	41345d33	sra	x26,x8,x19	  x8:0xffffffff x19:0x8fb0084e x26=0xffffffff
       11255000	      1124	80001b8c	4067db13	srai	x22,x15,0x6	 x15:0x80009f68 x22=0xfe00027d
       11265000	      1125	80001b90	0099b1b3	sltu	x3,x19,x9	 x19:0x8fb0084e  x9:0x000003fa  x3=0x00000000
       11275000	      1126	80001b94	571e8e13	addi	x28,x29,1393	 x29:0x00000000 x28=0x00000571
       11285000	      1127	80001b98	00bba4b3	slt	x9,x23,x11	 x23:0x80009f67 x11:0x8fb0084e  x9=0x00000001
       11295000	      1128	80001b9c	011f4d33	xor	x26,x30,x17	 x30:0xfeadcdb7 x17:0xfffffcb2 x26=0x01523105
       11305000	      1129	80001ba0	dcf73e97	auipc	x29,0xdcf73	 x29=0x5cf74b9c
       11315000	      1130	80001ba4	389f0a37	lui	x20,0x389f0	 x20=0x389f0000
       11325000	      1131	80001ba8	005600b3	add	x1,x12,x5	 x12:0xffffe699  x5:0x000001ff  x1=0xffffe898
       11335000	      1132	80001bac	00f65933	srl	x18,x12,x15	 x12:0xffffe699 x15:0x80009f68 x18=0x00ffffe6
       11345000	      1133	80001bb0	003a21b3	slt	x3,x20,x3	 x20:0x389f0000  x3:0x00000000  x3=0x00000000
       11355000	      1134	80001bb4	04316663	bltu	x2,x3,80001c00	  x2:0x00000000  x3:0x00000000
       11365000	      1135	80001bb8	01359233	sll	x4,x11,x19	 x11:0x8fb0084e x19:0x8fb0084e  x4=0x02138000
       11375000	      1136	80001bbc	41f8d033	sra	x0,x17,x31	 x17:0xfffffcb2 x31:0xffffffce
       11385000	      1137	80001bc0	0406e063	bltu	x13,x0,80001c00	 x13:0x003fffff  x0:0x00000000
       11395000	      1138	80001bc4	406850b3	sra	x1,x16,x6	 x16:0xb384e000  x6:0x00000000  x1=0xb384e000
       11405000	      1139	80001bc8	01dce533	or	x10,x25,x29	 x25:0x42700000 x29:0x5cf74b9c x10=0x5ef74b9c
       11415000	      1140	80001bcc	e7188613	addi	x12,x17,-399	 x17:0xfffffcb2 x12=0xfffffb23
       11425000	      1141	80001bd0	00959893	slli	x17,x11,0x9	 x11:0x8fb0084e x17=0x60109c00
       11435000	      1142	80001bd4	01649663	bne	x9,x22,80001be0	  x9:0x00000001 x22:0xfe00027d
       11445000	      1143	00000000	00000013	addi	x0,x0,0	  x0:0x00000000
       11455000	      1144	80001bdc	00000013	addi	x0,x0,0	  x0:0x00000000
       11465000	      1145	80001be0	4185d393	srai	x7,x11,0x18	 x11:0x8fb0084e  x7=0xffffff8f
       11475000	      1146	80001be4	dfd90f93	addi	x31,x18,-515	 x18:0x00ffffe6 x31=0x00fffde3
       11485000	      1147	80001be8	d882e813	ori	x16,x5,-632	  x5:0x000001ff x16=0xfffffdff
       11495000	      1148	80001bec	0029d433	srl	x8,x19,x2	 x19:0x8fb0084e  x2:0x00000000  x8=0x8fb0084e
       11505000	      1149	80001bf0	e8343813	sltiu	x16,x8,-381	  x8:0x8fb0084e x16=0x00000001
       11515000	      1150	80001bf4	02748a63	beq	x9,x7,80001c28	  x9:0x00000001  x7:0xffffff8f
       11525000	      1151	80001bf8	058a4863	blt	x20,x24,80001c48	 x20:0x389f0000 x24:0x00000001
       11535000	      1152	80001bfc	0b27ed13	ori	x26,x15,178	 x15:0x80009f68 x26=0x80009ffa
       11545000	      1153	80001c00	702f2713	slti	x14,x30,1794	 x30:0xfeadcdb7 x14=0x00000001
       11555000	      1154	80001c04	401f5e33	sra	x28,x30,x1	 x30:0xfeadcdb7  x1:0xb384e000 x28=0xfeadcdb7
       11565000	      1155	80001c08	004b6a33	or	x20,x22,x4	 x22:0xfe00027d  x4:0x02138000 x20=0xfe13827d
       11575000	      1156	80001c0c	026dfe63	bgeu	x27,x6,80001c48	 x27:0x80009fc4  x6:0x00000000
       11585000	      1157	00000000	00000013	addi	x0,x0,0	  x0:0x00000000
       11595000	      1158	80001c44	00000013	addi	x0,x0,0	  x0:0x00000000
       11605000	      1159	80001c48	017b78b3	and	x17,x22,x23	 x22:0xfe00027d x23:0x80009f67 x17=0x80000265
       11615000	      1160	80001c4c	0166a2b3	slt	x5,x13,x22	 x13:0x003fffff x22:0xfe00027d  x5=0x00000000
       11625000	      1161	80001c50	9dc40893	addi	x17,x8,-1572	  x8:0x8fb0084e x17=0x8fb0022a
       11635000	      1162	80001c54	04b70263	beq	x14,x11,80001c98	 x14:0x00000001 x11:0x8fb0084e
       11645000	      1163	80001c58	a5623ab7	lui	x21,0xa5623	 x21=0xa5623000
       11655000	      1164	80001c5c	006e1f93	slli	x31,x28,0x6	 x28:0xfeadcdb7 x31=0xab736dc0
       11665000	      1165	80001c60	404e88b3	sub	x17,x29,x4	 x29:0x5cf74b9c  x4:0x02138000 x17=0x5ae3cb9c
       11675000	      1166	80001c64	00a61493	slli	x9,x12,0xa	 x12:0xfffffb23  x9=0xffec8c00
       11685000	      1167	80001c68	014dd513	srli	x10,x27,0x14	 x27:0x80009fc4 x10=0x00000800
       11695000	      1168	80001c6c	dc596a93	ori	x21,x18,-571	 x18:0x00ffffe6 x21=0xffffffe7
       11705000	      1169	80001c70	04c4c463	blt	x9,x12,80001cb8	  x9:0xffec8c00 x12:0xfffffb23
       11715000	      1170	00000000	00000013	addi	x0,x0,0	  x0:0x00000000
       11725000	      1171	80001cb4	00000013	addi	x0,x0,0	  x0:0x00000000
       11735000	      1172	80001cb8	01d3f663	bgeu	x7,x29,80001cc4	  x7:0xffffff8f x29:0x5cf74b9c
       11745000	      1173	00000000	00000013	addi	x0,x0,0	  x0:0x00000000
       11755000	      1174	80001cc0	00000013	addi	x0,x0,0	  x0:0x00000000
       11765000	      1175	80001cc4	97764493	xori	x9,x12,-1673	 x12:0xfffffb23  x9=0x00000254
       11775000	      1176	80001cc8	405b0033	sub	x0,x22,x5	 x22:0xfe00027d  x5:0x00000000
       11785000	      1177	80001ccc	79576413	ori	x8,x14,1941	 x14:0x00000001  x8=0x00000795
       11795000	      1178	80001cd0	0148d9b3	srl	x19,x17,x20	 x17:0x5ae3cb9c x20:0xfe13827d x19=0x00000002
       11805000	      1179	80001cd4	04307693	andi	x13,x0,67	  x0:0x00000000 x13=0x00000000
       11815000	      1180	80001cd8	01d864b3	or	x9,x16,x29	 x16:0x00000001 x29:0x5cf74b9c  x9=0x5cf74b9d
       11825000	      1181	80001cdc	00955fb3	srl	x31,x10,x9	 x10:0x00000800  x9:0x5cf74b9d x31=0x00000000
       11835000	      1182	80001ce0	ecc83913	sltiu	x18,x16,-308	 x16:0x00000001 x18=0x00000001
       11845000	      1183	80001ce4	01f3fc63	bgeu	x7,x31,80001cfc	  x7:0xffffff8f x31:0x00000000
       11855000	      1184	00000000	00000013	addi	x0,x0,0	  x0:0x00000000
       11865000	      1185	80001cf8	00000013	addi	x0,x0,0	  x0:0x00000000
       11875000	      1186	80001cfc	6ce98d13	addi	x26,x19,1742	 x19:0x00000002 x26=0x000006d0
       11885000	      1187	80001d00	01586bb3	or	x23,x16,x21	 x16:0x00000001 x21:0xffffffe7 x23=0xffffffe7
       11895000	      1188	80001d04	01472233	slt	x4,x14,x20	 x14:0x00000001 x20:0xfe13827d  x4=0x00000000
       11905000	      1189	80001d08	021e9263	bne	x29,x1,80001d2c	 x29:0x5cf74b9c  x1:0xb384e000
       11915000	      1190	00000000	00000013	addi	x0,x0,0	  x0:0x00000000
       11925000	      1191	80001d28	00000013	addi	x0,x0,0	  x0:0x00000000
       11935000	      1192	80001d2c	019c49b3	xor	x19,x24,x25	 x24:0x00000001 x25:0x42700000 x19=0x42700001
       11945000	      1193	80001d30	00499f33	sll	x30,x19,x4	 x19:0x42700001  x4:0x00000000 x30=0x42700001
       11955000	      1194	80001d34	8e3a4613	xori	x12,x20,-1821	 x20:0xfe13827d x12=0x01ec7a9e
       11965000	      1195	80001d38	ddc5f613	andi	x12,x11,-548	 x11:0x8fb0084e x12=0x8fb0084c
       11975000	      1196	80001d3c	04006063	bltu	x0,x0,80001d7c	  x0:0x00000000  x0:0x00000000
       11985000	      1197	80001d40	2070f813	andi	x16,x1,519	  x1:0xb384e000 x16=0x00000000
       11995000	      1198	80001d44	00d33e33	sltu	x28,x6,x13	  x6:0x00000000 x13:0x00000000 x28=0x00000000
       12005000	      1199	80001d48	03fad063	bge	x21,x31,80001d68	 x21:0xffffffe7 x31:0x00000000
       12015000	      1200	80001d4c	0082bbb3	sltu	x23,x5,x8	  x5:0x00000000  x8:0x00000795 x23=0x00000001
       12025000	      1201	80001d50	24cc7413	andi	x8,x24,588	 x24:0x00000001  x8=0x00000000
       12035000	      1202	80001d54	00e90933	add	x18,x18,x14	 x18:0x00000001 x14:0x00000001 x18=0x00000002
       12045000	      1203	80001d58	404c0733	sub	x14,x24,x4	 x24:0x00000001  x4:0x00000000 x14=0x00000001
       12055000	      1204	80001d5c	00e59133	sll	x2,x11,x14	 x11:0x8fb0084e x14:0x00000001  x2=0x1f60109c
       12065000	      1205	80001d60	0177e833	or	x16,x15,x23	 x15:0x80009f68 x23:0x00000001 x16=0x80009f69
       12075000	      1206	80001d64	00bccfb3	xor	x31,x25,x11	 x25:0x42700000 x11:0x8fb0084e x31=0xcdc0084e
       12085000	      1207	80001d68	41abd3b3	sra	x7,x23,x26	 x23:0x00000001 x26:0x000006d0  x7=0x00000000
       12095000	      1208	80001d6c	5b81ce13	xori	x28,x3,1464	  x3:0x00000000 x28=0x000005b8
       12105000	      1209	80001d70	854611b7	lui	x3,0x85461	  x3=0x85461000
       12115000	      1210	80001d74	87a78c93	addi	x25,x15,-1926	 x15:0x80009f68 x25=0x800097e2
       12125000	      1211	80001d78	013d1fb3	sll	x31,x26,x19	 x26:0x000006d0 x19:0x42700001 x31=0x00000da0
       12135000	      1212	80001d7c	04379463	bne	x15,x3,80001dc4	 x15:0x80009f68  x3:0x85461000
       12145000	      1213	00000000	00000013	addi	x0,x0,0	  x0:0x00000000
       12155000	      1214	80001dc0	00000013	addi	x0,x0,0	  x0:0x00000000
       12165000	      1215	80001dc4	5d974e93	xori	x29,x14,1497	 x14:0x00000001 x29=0x000005d8
       12175000	      1216	80001dc8	73e38b37	lui	x22,0x73e38	 x22=0x73e38000
       12185000	      1217	80001dcc	016ce9b3	or	x19,x25,x22	 x25:0x800097e2 x22:0x73e38000 x19=0xf3e397e2
       12195000	      1218	80001dd0	a5513113	sltiu	x2,x2,-1451	  x2:0x1f60109c  x2=0x00000001
       12205000	      1219	80001dd4	4191d393	srai	x7,x3,0x19	  x3:0x85461000  x7=0xffffffc2
       12215000	      1220	80001dd8	01ebe9b3	or	x19,x23,x30	 x23:0x00000001 x30:0x42700001 x19=0x42700001
       12225000	      1221	80001ddc	047b1663	bne	x22,x7,80001e28	 x22:0x73e38000  x7:0xffffffc2
       12235000	      1222	00000000	00000013	addi	x0,x0,0	  x0:0x00000000
       12245000	      1223	80001e24	00000013	addi	x0,x0,0	  x0:0x00000000
       12255000	      1224	80001e28	62d87713	andi	x14,x16,1581	 x16:0x80009f69 x14=0x00000629
       12265000	      1225	80001e2c	0127dd13	srli	x26,x15,0x12	 x15:0x80009f68 x26=0x00002000
       12275000	      1226	80001e30	044dd463	bge	x27,x4,80001e78	 x27:0x80009fc4  x4:0x00000000
       12285000	      1227	80001e34	00aa6ab3	or	x21,x20,x10	 x20:0xfe13827d x10:0x00000800 x21=0xfe138a7d
       12295000	      1228	80001e38	00bc5f33	srl	x30,x24,x11	 x24:0x00000001 x11:0x8fb0084e x30=0x00000000
       12305000	      1229	80001e3c	057f6663	bltu	x30,x23,80001e88	 x30:0x00000000 x23:0x00000001
       12315000	      1230	00000000	00000013	addi	x0,x0,0	  x0:0x00000000
       12325000	      1231	80001e84	00000013	addi	x0,x0,0	  x0:0x00000000
       12335000	      1232	80001e88	01741533	sll	x10,x8,x23	  x8:0x00000000 x23:0x00000001 x10=0x00000000
       12345000	      1233	80001e8c	00b03733	sltu	x14,x0,x11	  x0:0x00000000 x11:0x8fb0084e x14=0x00000001
       12355000	      1234	80001e90	4088d493	srai	x9,x17,0x8	 x17:0x5ae3cb9c  x9=0x005ae3cb
       12365000	      1235	80001e94	00000013	addi	x0,x0,0	  x0:0x00000000
       12375000	      1236	80001e98	02c64263	blt	x12,x12,80001ebc	 x12:0x8fb0084c x12:0x8fb0084c
       12385000	      1237	80001e9c	0188fc63	bgeu	x17,x24,80001eb4	 x17:0x5ae3cb9c x24:0x00000001
       12395000	      1238	00000000	00000013	addi	x0,x0,0	  x0:0x00000000
       12405000	      1239	80001eb0	00000013	addi	x0,x0,0	  x0:0x00000000
       12415000	      1240	80001eb4	01ea13b3	sll	x7,x20,x30	 x20:0xfe13827d x30:0x00000000  x7=0xfe13827d
       12425000	      1241	80001eb8	03764a63	blt	x12,x23,80001eec	 x12:0x8fb0084c x23:0x00000001
       12435000	      1242	00000000	00000013	addi	x0,x0,0	  x0:0x00000000
       12445000	      1243	80001ee8	00000013	addi	x0,x0,0	  x0:0x00000000
       12455000	      1244	80001eec	053a8863	beq	x21,x19,80001f3c	 x21:0xfe138a7d x19:0x42700001
       12465000	      1245	80001ef0	48420213	addi	x4,x4,1156	  x4:0x00000000  x4=0x00000484
       12475000	      1246	80001ef4	41b6d3b3	sra	x7,x13,x27	 x13:0x00000000 x27:0x80009fc4  x7=0x00000000
       12485000	      1247	80001ef8	00000013	addi	x0,x0,0	  x0:0x00000000
       12495000	      1248	80001efc	00adf3b3	and	x7,x27,x10	 x27:0x80009fc4 x10:0x00000000  x7=0x00000000
       12505000	      1249	80001f00	58f1fb93	andi	x23,x3,1423	  x3:0x85461000 x23=0x00000000
       12515000	      1250	80001f04	0ccc98b7	lui	x17,0xccc9	 x17=0x0ccc9000
       12525000	      1251	80001f08	0372f063	bgeu	x5,x23,80001f28	  x5:0x00000000 x23:0x00000000
       12535000	      1252	00000000	00000013	addi	x0,x0,0	  x0:0x00000000
       12545000	      1253	80001f24	00000013	addi	x0,x0,0	  x0:0x00000000
       12555000	      1254	80001f28	1dcc3c93	sltiu	x25,x24,476	 x24:0x00000001 x25=0x00000001
       12565000	      1255	80001f2c	013fd393	srli	x7,x31,0x13	 x31:0x00000da0  x7=0x00000000
       12575000	      1256	80001f30	455cd237	lui	x4,0x455cd	  x4=0x455cd000
       12585000	      1257	80001f34	41ee5233	sra	x4,x28,x30	 x28:0x000005b8 x30:0x00000000  x4=0x000005b8
       12595000	      1258	80001f38	057ce263	bltu	x25,x23,80001f7c	 x25:0x00000001 x23:0x00000000
       12605000	      1259	80001f3c	41655293	srai	x5,x10,0x16	 x10:0x00000000  x5=0x00000000
       12615000	      1260	80001f40	01ade9b3	or	x19,x27,x26	 x27:0x80009fc4 x26:0x00002000 x19=0x8000bfc4
       12625000	      1261	80001f44	05b09063	bne	x1,x27,80001f84	  x1:0xb384e000 x27:0x80009fc4
       12635000	      1262	00000000	00000013	addi	x0,x0,0	  x0:0x00000000
       12645000	      1263	80001f80	00000013	addi	x0,x0,0	  x0:0x00000000
       12655000	      1264	80001f84	2b17b093	sltiu	x1,x15,689	 x15:0x80009f68  x1=0x00000000
       12665000	      1265	80001f88	0172dc93	srli	x25,x5,0x17	  x5:0x00000000 x25=0x00000000
       12675000	      1266	80001f8c	00000013	addi	x0,x0,0	  x0:0x00000000
       12685000	      1267	80001f90	00970333	add	x6,x14,x9	 x14:0x00000001  x9:0x005ae3cb  x6=0x005ae3cc
       12695000	      1268	80001f94	9306ef13	ori	x30,x13,-1744	 x13:0x00000000 x30=0xfffff930
       12705000	      1269	80001f98	0058d513	srli	x10,x17,0x5	 x17:0x0ccc9000 x10=0x00666480
       12715000	      1270	80001f9c	e3174a17	auipc	x20,0xe3174	 x20=0x63175f98
       12725000	      1271	80001fa0	014a1913	slli	x18,x20,0x14	 x20:0x63175f98 x18=0xf9800000
       12735000	      1272	80001fa4	0960b193	sltiu	x3,x1,150	  x1:0x00000000  x3=0x00000001
       12745000	      1273	80001fa8	0576e863	bltu	x13,x23,80001ff8	 x13:0x00000000 x23:0x00000000
       12755000	      1274	80001fac	518d1617	auipc	x12,0x518d1	 x12=0xd18d2fa8
       12765000	      1275	80001fb0	00daf6b3	and	x13,x21,x13	 x21:0xfe138a7d x13:0x00000000 x13=0x00000000
       12775000	      1276	80001fb4	7f6ac713	xori	x14,x21,2038	 x21:0xfe138a7d x14=0xfe138d8b
       12785000	      1277	80001fb8	40af8a33	sub	x20,x31,x10	 x31:0x00000da0 x10:0x00666480 x20=0xff99a920
       12795000	      1278	80001fbc	01856733	or	x14,x10,x24	 x10:0x00666480 x24:0x00000001 x14=0x00666481
       12805000	      1279	80001fc0	0563d263	bge	x7,x22,80002004	  x7:0x00000000 x22:0x73e38000
       12815000	      1280	80001fc4	01a36c33	or	x24,x6,x26	  x6:0x005ae3cc x26:0x00002000 x24=0x005ae3cc
       12825000	      1281	80001fc8	00281c93	slli	x25,x16,0x2	 x16:0x80009f69 x25=0x00027da4
       12835000	      1282	80001fcc	6abd4a93	xori	x21,x26,1707	 x26:0x00002000 x21=0x000026ab
       12845000	      1283	80001fd0	018da133	slt	x2,x27,x24	 x27:0x80009fc4 x24:0x005ae3cc  x2=0x00000001
       12855000	      1284	80001fd4	014572b3	and	x5,x10,x20	 x10:0x00666480 x20:0xff99a920  x5=0x00002000
       12865000	      1285	80001fd8	0fe96b13	ori	x22,x18,254	 x18:0xf9800000 x22=0xf98000fe
       12875000	      1286	80001fdc	fa016c93	ori	x25,x2,-96	  x2:0x00000001 x25=0xffffffa1
       12885000	      1287	80001fe0	0058a533	slt	x10,x17,x5	 x17:0x0ccc9000  x5:0x00002000 x10=0x00000000
       12895000	      1288	80001fe4	000e9f13	slli	x30,x29,0x0	 x29:0x000005d8 x30=0x000005d8
       12905000	      1289	80001fe8	01c80b33	add	x22,x16,x28	 x16:0x80009f69 x28:0x000005b8 x22=0x8000a521
       12915000	      1290	80001fec	010a9413	slli	x8,x21,0x10	 x21:0x000026ab  x8=0x26ab0000
       12925000	      1291	80001ff0	014ff0b3	and	x1,x31,x20	 x31:0x00000da0 x20:0xff99a920  x1=0x00000920
       12935000	      1292	80001ff4	040a9063	bne	x21,x0,80002034	 x21:0x000026ab  x0:0x00000000
       12945000	      1293	00000000	00000013	addi	x0,x0,0	  x0:0x00000000
       12955000	      1294	80002030	00000013	addi	x0,x0,0	  x0:0x00000000
       12965000	      1295	80002034	0896aa13	slti	x20,x13,137	 x13:0x00000000 x20=0x00000001
       12975000	      1296	80002038	01981bb3	sll	x23,x16,x25	 x16:0x80009f69 x25:0xffffffa1 x23=0x00013ed2
       12985000	      1297	8000203c	5c597713	andi	x14,x18,1477	 x18:0xf9800000 x14=0x00000000
       12995000	      1298	80002040	00757a33	and	x20,x10,x7	 x10:0x00000000  x7:0x00000000 x20=0x00000000
       13005000	      1299	80002044	013c63b3	or	x7,x24,x19	 x24:0x005ae3cc x19:0x8000bfc4  x7=0x805affcc
       13015000	      1300	80002048	733c4913	xori	x18,x24,1843	 x24:0x005ae3cc x18=0x005ae4ff
       13025000	      1301	8000204c	00f7a533	slt	x10,x15,x15	 x15:0x80009f68 x15:0x80009f68 x10=0x00000000
       13035000	      1302	80002050	eacd2313	slti	x6,x26,-340	 x26:0x00002000  x6=0x00000000
       13045000	      1303	80002054	54a82f93	slti	x31,x16,1354	 x16:0x80009f69 x31=0x00000001
       13055000	      1304	80002058	000778b3	and	x17,x14,x0	 x14:0x00000000  x0:0x00000000 x17=0x00000000
       13065000	      1305	8000205c	01030c63	beq	x6,x16,80002074	  x6:0x00000000 x16:0x80009f69
       13075000	      1306	80002060	01efc833	xor	x16,x31,x30	 x31:0x00000001 x30:0x000005d8 x16=0x000005d9
       13085000	      1307	80002064	0039ce33	xor	x28,x19,x3	 x19:0x8000bfc4  x3:0x00000001 x28=0x8000bfc5
       13095000	      1308	80002068	01f5f433	and	x8,x11,x31	 x11:0x8fb0084e x31:0x00000001  x8=0x00000000
       13105000	      1309	8000206c	213f2193	slti	x3,x30,531	 x30:0x000005d8  x3=0x00000000
       13115000	      1310	80002070	00a71013	slli	x0,x14,0xa	 x14:0x00000000
       13125000	      1311	80002074	f945b693	sltiu	x13,x11,-108	 x11:0x8fb0084e x13=0x00000001
       13135000	      1312	80002078	00a1d913	srli	x18,x3,0xa	  x3:0x00000000 x18=0x00000000
       13145000	      1313	8000207c	00d3a2b3	slt	x5,x7,x13	  x7:0x805affcc x13:0x00000001  x5=0x00000001
       13155000	      1314	80002080	00d91c13	slli	x24,x18,0xd	 x18:0x00000000 x24=0x00000000
       13165000	      1315	80002084	041a6463	bltu	x20,x1,800020cc	 x20:0x00000000  x1:0x00000920
       13175000	      1316	00000000	00000013	addi	x0,x0,0	  x0:0x00000000
       13185000	      1317	800020c8	00000013	addi	x0,x0,0	  x0:0x00000000
       13195000	      1318	800020cc	232afb93	andi	x23,x21,562	 x21:0x000026ab x23=0x00000222
       13205000	      1319	800020d0	01fdd913	srli	x18,x27,0x1f	 x27:0x80009fc4 x18=0x00000001
       13215000	      1320	800020d4	da294917	auipc	x18,0xda294	 x18=0x5a2960d0
       13225000	      1321	800020d8	036e7063	bgeu	x28,x22,800020f8	 x28:0x8000bfc5 x22:0x8000a521
       13235000	      1322	00000000	00000013	addi	x0,x0,0	  x0:0x00000000
       13245000	      1323	800020f4	00000013	addi	x0,x0,0	  x0:0x00000000
       13255000	      1324	800020f8	00bb2233	slt	x4,x22,x11	 x22:0x8000a521 x11:0x8fb0084e  x4=0x00000001
       13265000	      1325	800020fc	40c4de13	srai	x28,x9,0xc	  x9:0x005ae3cb x28=0x000005ae
       13275000	      1326	80002100	9404e393	ori	x7,x9,-1728	  x9:0x005ae3cb  x7=0xfffffbcb
       13285000	      1327	80002104	0047a283	lw	x5,4(x15)	 x15:0x80009f68  x5=0x80000144 PA:0x80009f6c
       13295000	      1328	80002108	0070ae33	slt	x28,x1,x7	  x1:0x00000920  x7:0xfffffbcb x28=0x00000000
       13305000	      1329	8000210c	41610e33	sub	x28,x2,x22	  x2:0x00000001 x22:0x8000a521 x28=0x7fff5ae0
       13315000	      1330	80002110	41b70433	sub	x8,x14,x27	 x14:0x00000000 x27:0x80009fc4  x8=0x7fff603c
       13325000	      1331	80002114	01c78793	addi	x15,x15,28	 x15:0x80009f68 x15=0x80009f84
       13335000	      1332	80002118	010a1233	sll	x4,x20,x16	 x20:0x00000000 x16:0x000005d9  x4=0x00000000
       13345000	      1333	8000211c	b4574437	lui	x8,0xb4574	  x8=0xb4574000
       13355000	      1334	80002120	00bb1033	sll	x0,x22,x11	 x22:0x8000a521 x11:0x8fb0084e
       13365000	      1335	80002124	00028293	addi	x5,x5,0	  x5:0x80000144  x5=0x80000144
       13375000	      1336	80002128	000282e7	jalr	x5,x5,0	  x5:0x80000144  x5=0x80002128
       13385000	      1337	00000000	00000013	addi	x0,x0,0	  x0:0x00000000
       13395000	      1338	80000144	00000013	addi	x0,x0,0	  x0:0x00000000
       13405000	      1339	80000148	00000197	auipc	x3,0x0	  x3=0x80000144
       13415000	      1340	8000014c	25818193	addi	x3,x3,600	  x3:0x80000144  x3=0x8000039c
       13425000	      1341	80000150	001eeeb3	or	x29,x29,x1	 x29:0x000005d8  x1:0x00000920 x29=0x00000df8
       13435000	      1342	80000154	01ec3433	sltu	x8,x24,x30	 x24:0x00000000 x30:0x000005d8  x8=0x00000001
       13445000	      1343	80000158	fbb18193	addi	x3,x3,-69	  x3:0x8000039c  x3=0x80000357
       13455000	      1344	8000015c	206d6117	auipc	x2,0x206d6	  x2=0xa06d6158
       13465000	      1345	80000160	08f00513	addi	x10,x0,143	  x0:0x00000000 x10=0x0000008f
       13475000	      1346	80000164	00de6f33	or	x30,x28,x13	 x28:0x7fff5ae0 x13:0x00000001 x30=0x7fff5ae1
       13485000	      1347	80000168	045182e7	jalr	x5,x3,69	  x3:0x80000357  x5=0x80000168
       13495000	      1348	00000000	00000013	addi	x0,x0,0	  x0:0x00000000
       13505000	      1349	8000039c	00000013	addi	x0,x0,0	  x0:0x00000000
       13515000	      1350	800003a0	fe878793	addi	x15,x15,-24	 x15:0x80009f84 x15=0x80009f6c
       13525000	      1351	800003a4	001e0033	add	x0,x28,x1	 x28:0x7fff5ae0  x1:0x00000920
       13535000	      1352	800003a8	018479b3	and	x19,x8,x24	  x8:0x00000001 x24:0x00000000 x19=0x00000000
       13545000	      1353	800003ac	00497eb3	and	x29,x18,x4	 x18:0x5a2960d0  x4:0x00000000 x29=0x00000000
       13555000	      1354	800003b0	0057a223	sw	x5,4(x15)	 x15:0x80009f6c  x5:0x80000168 PA:0x80009f70
       13565000	      1355	800003b4	6146a493	slti	x9,x13,1556	 x13:0x00000001  x9=0x00000001
       13575000	      1356	800003b8	76cdfc97	auipc	x25,0x76cdf	 x25=0xf6cdf3b4
       13585000	      1357	800003bc	0111b9b3	sltu	x19,x3,x17	  x3:0x80000357 x17:0x00000000 x19=0x00000000
       13595000	      1358	800003c0	41895533	sra	x10,x18,x24	 x18:0x5a2960d0 x24:0x00000000 x10=0x5a2960d0
       13605000	      1359	800003c4	008f90b3	sll	x1,x31,x8	 x31:0x00000001  x8:0x00000001  x1=0x00000002
       13615000	      1360	800003c8	00009117	auipc	x2,0x9	  x2=0x800093c4
       13625000	      1361	800003cc	92510113	addi	x2,x2,-1755	  x2:0x800093c4  x2=0x80008ce9
       13635000	      1362	800003d0	00e10403	lb	x8,14(x2)	  x2:0x80008ce9  x8=0xffffffdc PA:0x80008cf7
       13645000	      1363	800003d4	00e10283	lb	x5,14(x2)	  x2:0x80008ce9  x5=0xffffffdc PA:0x80008cf7
       13655000	      1364	800003d8	00410903	lb	x18,4(x2)	  x2:0x80008ce9 x18=0xffffffd6 PA:0x80008ced
       13665000	      1365	800003dc	00414e03	lbu	x28,4(x2)	  x2:0x80008ce9 x28=0x000000d6 PA:0x80008ced
       13675000	      1366	800003e0	2b756a13	ori	x20,x10,695	 x10:0x5a2960d0 x20=0x5a2962f7
       13685000	      1367	800003e4	00310223	sb	x3,4(x2)	  x2:0x80008ce9  x3:0x80000357 PA:0x80008ced
       13695000	      1368	800003e8	00414003	lbu	x0,4(x2)	  x2:0x80008ce9 PA:0x80008ced
       13705000	      1369	800003ec	00c4d0b3	srl	x1,x9,x12	  x9:0x00000001 x12:0xd18d2fa8  x1=0x00000000
       13715000	      1370	800003f0	00510223	sb	x5,4(x2)	  x2:0x80008ce9  x5:0xffffffdc PA:0x80008ced
       13725000	      1371	800003f4	00e10223	sb	x14,4(x2)	  x2:0x80008ce9 x14:0x00000000 PA:0x80008ced
       13735000	      1372	800003f8	01576bb3	or	x23,x14,x21	 x14:0x00000000 x21:0x000026ab x23=0x000026ab
       13745000	      1373	800003fc	00ccdc33	srl	x24,x25,x12	 x25:0xf6cdf3b4 x12:0xd18d2fa8 x24=0x00f6cdf3
       13755000	      1374	80000400	ff310f03	lb	x30,-13(x2)	  x2:0x80008ce9 x30=0xffffffc7 PA:0x80008cdc
       13765000	      1375	80000404	00515283	lhu	x5,5(x2)	  x2:0x80008ce9  x5=0x0000d4d5 PA:0x80008cee
       13775000	      1376	80000408	00009897	auipc	x17,0x9	 x17=0x80009404
       13785000	      1377	8000040c	8eb88893	addi	x17,x17,-1813	 x17:0x80009404 x17=0x80008cef
       13795000	      1378	80000410	00008697	auipc	x13,0x8	 x13=0x8000840c
       13805000	      1379	80000414	7c568693	addi	x13,x13,1989	 x13:0x8000840c x13=0x80008bd1
       13815000	      1380	80000418	00009297	auipc	x5,0x9	  x5=0x80009414
       13825000	      1381	8000041c	8b928293	addi	x5,x5,-1863	  x5:0x80009414  x5=0x80008ccd
       13835000	      1382	80000420	d7369083	lh	x1,-653(x13)	 x13:0x80008bd1  x1=0x00002e2f PA:0x80008944
       13845000	      1383	00000000	00000013	addi	x0,x0,0	  x0:0x00000000
       13855000	      1384	80000424	00008517	auipc	x10,0x8	 x10=0x80008420
       13865000	      1385	80000428	51d50513	addi	x10,x10,1309	 x10:0x80008420 x10=0x8000893d
       13875000	      1386	8000042c	f6168323	sb	x1,-154(x13)	 x13:0x80008bd1  x1:0x00002e2f PA:0x80008b37
       13885000	      1387	80000430	03c510a3	sh	x28,33(x10)	 x10:0x8000893d x28:0x000000d6 PA:0x8000895e
       13895000	      1388	80000434	f722cc03	lbu	x24,-142(x5)	  x5:0x80008ccd x24=0x00000024 PA:0x80008c3f
       13905000	      1389	80000438	019891a3	sh	x25,3(x17)	 x17:0x80008cef x25:0xf6cdf3b4 PA:0x80008cf2
       13915000	      1390	8000043c	0a129483	lh	x9,161(x5)	  x5:0x80008ccd  x9=0x00005455 PA:0x80008d6e
       13925000	      1391	80000440	02d50083	lb	x1,45(x10)	 x10:0x8000893d  x1=0x00000051 PA:0x8000896a
       13935000	      1392	80000444	f0968a83	lb	x21,-247(x13)	 x13:0x80008bd1 x21=0xffffffc1 PA:0x80008ada
       13945000	      1393	80000448	01688823	sb	x22,16(x17)	 x17:0x80008cef x22:0x8000a521 PA:0x80008cff
       13955000	      1394	8000044c	dcc68603	lb	x12,-564(x13)	 x13:0x80008bd1 x12=0xffffff86 PA:0x8000899d
       13965000	      1395	80000450	fc450403	lb	x8,-60(x10)	 x10:0x8000893d  x8=0xffffffea PA:0x80008901
       13975000	      1396	00000000	00000013	addi	x0,x0,0	  x0:0x00000000
       13985000	      1397	80000454	3c868803	lb	x16,968(x13)	 x13:0x80008bd1 x16=0xffffff82 PA:0x80008f99
       13995000	      1398	80000458	e6a6cb03	lbu	x22,-406(x13)	 x13:0x80008bd1 x22=0x00000020 PA:0x80008a3b
       14005000	      1399	8000045c	03d55d03	lhu	x26,61(x10)	 x10:0x8000893d x26=0x00006061 PA:0x8000897a
       14015000	      1400	80000460	ff288003	lb	x0,-14(x17)	 x17:0x80008cef PA:0x80008ce1
       14025000	      1401	80000464	ff450ea3	sb	x20,-3(x10)	 x10:0x8000893d x20:0x5a2962f7 PA:0x8000893a
       14035000	      1402	80000468	fe528a23	sb	x5,-12(x5)	  x5:0x80008ccd  x5:0x80008ccd PA:0x80008cc1
       14045000	      1403	8000046c	ffd88c03	lb	x24,-3(x17)	 x17:0x80008cef x24=0xffffffd7 PA:0x80008cec
       14055000	      1404	80000470	ffe50383	lb	x7,-2(x10)	 x10:0x8000893d  x7=0x00000020 PA:0x8000893b
       14065000	      1405	80000474	ff688aa3	sb	x22,-11(x17)	 x17:0x80008cef x22:0x00000020 PA:0x80008ce4
       14075000	      1406	80000478	fe468603	lb	x12,-28(x13)	 x13:0x80008bd1 x12=0xffffff9e PA:0x80008bb5
       14085000	      1407	8000047c	fff89803	lh	x16,-1(x17)	 x17:0x80008cef x16=0xffffd4d5 PA:0x80008cee
       14095000	      1408	80000480	fd850fa3	sb	x24,-33(x10)	 x10:0x8000893d x24:0xffffffd7 PA:0x8000891c
       14105000	      1409	80000484	f532cb03	lbu	x22,-173(x5)	  x5:0x80008ccd x22=0x0000000b PA:0x80008c20
       14115000	      1410	80000488	1df6db03	lhu	x22,479(x13)	 x13:0x80008bd1 x22=0x00009a9b PA:0x80008db0
       14125000	      1411	8000048c	00c8c003	lbu	x0,12(x17)	 x17:0x80008cef PA:0x80008cfb
       14135000	      1412	80000490	fce504a3	sb	x14,-55(x10)	 x10:0x8000893d x14:0x00000000 PA:0x80008906
       14145000	      1413	80000494	f446c003	lbu	x0,-188(x13)	 x13:0x80008bd1 PA:0x80008b15
       14155000	      1414	80000498	00188323	sb	x1,6(x17)	 x17:0x80008cef  x1:0x00000051 PA:0x80008cf5
       14165000	      1415	8000049c	0772a003	lw	x0,119(x5)	  x5:0x80008ccd PA:0x80008d44
       14175000	      1416	800004a0	f01289a3	sb	x1,-237(x5)	  x5:0x80008ccd  x1:0x00000051 PA:0x80008be0
       14185000	      1417	800004a4	01654083	lbu	x1,22(x10)	 x10:0x8000893d  x1=0x00000038 PA:0x80008953
       14195000	      1418	00000000	00000013	addi	x0,x0,0	  x0:0x00000000
       14205000	      1419	800004a8	0100d463	bge	x1,x16,800004b0	  x1:0x00000038 x16:0xffffd4d5
       14215000	      1420	00000000	00000013	addi	x0,x0,0	  x0:0x00000000
       14225000	      1421	800004ac	00000013	addi	x0,x0,0	  x0:0x00000000
       14235000	      1422	800004b0	031bf863	bgeu	x23,x17,800004e0	 x23:0x000026ab x17:0x80008cef
       14245000	      1423	800004b4	f791be93	sltiu	x29,x3,-135	  x3:0x80000357 x29=0x00000001
       14255000	      1424	800004b8	01fe34b3	sltu	x9,x28,x31	 x28:0x000000d6 x31:0x00000001  x9=0x00000000
       14265000	      1425	800004bc	40990f33	sub	x30,x18,x9	 x18:0xffffffd6  x9:0x00000000 x30=0xffffffd6
       14275000	      1426	800004c0	00d4d533	srl	x10,x9,x13	  x9:0x00000000 x13:0x80008bd1 x10=0x00000000
       14285000	      1427	800004c4	03b5f863	bgeu	x11,x27,800004f4	 x11:0x8fb0084e x27:0x80009fc4
       14295000	      1428	00000000	00000013	addi	x0,x0,0	  x0:0x00000000
       14305000	      1429	800004f0	00000013	addi	x0,x0,0	  x0:0x00000000
       14315000	      1430	800004f4	eac20493	addi	x9,x4,-340	  x4:0x00000000  x9=0xfffffeac
       14325000	      1431	800004f8	49736c13	ori	x24,x6,1175	  x6:0x00000000 x24=0x00000497
       14335000	      1432	800004fc	00c47133	and	x2,x8,x12	  x8:0xffffffea x12:0xffffff9e  x2=0xffffff8a
       14345000	      1433	80000500	410cde93	srai	x29,x25,0x10	 x25:0xf6cdf3b4 x29=0xfffff6cd
       14355000	      1434	80000504	0048df93	srli	x31,x17,0x4	 x17:0x80008cef x31=0x080008ce
       14365000	      1435	80000508	008a4333	xor	x6,x20,x8	 x20:0x5a2962f7  x8:0xffffffea  x6=0xa5d69d1d
       14375000	      1436	8000050c	416350b3	sra	x1,x6,x22	  x6:0xa5d69d1d x22:0x00009a9b  x1=0xfffffff4
       14385000	      1437	80000510	b7f6a193	slti	x3,x13,-1153	 x13:0x80008bd1  x3=0x00000001
       14395000	      1438	80000514	00f61513	slli	x10,x12,0xf	 x12:0xffffff9e x10=0xffcf0000
       14405000	      1439	80000518	405ad293	srai	x5,x21,0x5	 x21:0xffffffc1  x5=0xfffffffe
       14415000	      1440	8000051c	048d9263	bne	x27,x8,80000560	 x27:0x80009fc4  x8:0xffffffea
       14425000	      1441	00000000	00000013	addi	x0,x0,0	  x0:0x00000000
       14435000	      1442	8000055c	00000013	addi	x0,x0,0	  x0:0x00000000
       14445000	      1443	80000560	01465a93	srli	x21,x12,0x14	 x12:0xffffff9e x21=0x00000fff
       14455000	      1444	80000564	bef3a613	slti	x12,x7,-1041	  x7:0x00000020 x12=0x00000000
       14465000	      1445	80000568	0271d263	bge	x3,x7,8000058c	  x3:0x00000001  x7:0x00000020
       14475000	      1446	8000056c	4070dd33	sra	x26,x1,x7	  x1:0xfffffff4  x7:0x00000020 x26=0xfffffff4
       14485000	      1447	80000570	01b78a33	add	x20,x15,x27	 x15:0x80009f6c x27:0x80009fc4 x20=0x00013f30
       14495000	      1448	80000574	4065d093	srai	x1,x11,0x6	 x11:0x8fb0084e  x1=0xfe3ec021
       14505000	      1449	80000578	00787463	bgeu	x16,x7,80000580	 x16:0xffffd4d5  x7:0x00000020
       14515000	      1450	00000000	00000013	addi	x0,x0,0	  x0:0x00000000
       14525000	      1451	8000057c	00000013	addi	x0,x0,0	  x0:0x00000000
       14535000	      1452	80000580	00ee4533	xor	x10,x28,x14	 x28:0x000000d6 x14:0x00000000 x10=0x000000d6
       14545000	      1453	80000584	057c4663	blt	x24,x23,800005d0	 x24:0x00000497 x23:0x000026ab
       14555000	      1454	00000000	00000013	addi	x0,x0,0	  x0:0x00000000
       14565000	      1455	800005cc	00000013	addi	x0,x0,0	  x0:0x00000000
       14575000	      1456	800005d0	01d553b3	srl	x7,x10,x29	 x10:0x000000d6 x29:0xfffff6cd  x7=0x00000000
       14585000	      1457	800005d4	0483f263	bgeu	x7,x8,80000618	  x7:0x00000000  x8:0xffffffea
       14595000	      1458	800005d8	41dedf13	srai	x30,x29,0x1d	 x29:0xfffff6cd x30=0xffffffff
       14605000	      1459	800005dc	00670fb3	add	x31,x14,x6	 x14:0x00000000  x6:0xa5d69d1d x31=0xa5d69d1d
       14615000	      1460	800005e0	01919913	slli	x18,x3,0x19	  x3:0x00000001 x18=0x02000000
       14625000	      1461	800005e4	01c11493	slli	x9,x2,0x1c	  x2:0xffffff8a  x9=0xa0000000
       14635000	      1462	800005e8	c0bbb493	sltiu	x9,x23,-1013	 x23:0x000026ab  x9=0x00000001
       14645000	      1463	800005ec	03f4e663	bltu	x9,x31,80000618	  x9:0x00000001 x31:0xa5d69d1d
       14655000	      1464	00000000	00000013	addi	x0,x0,0	  x0:0x00000000
       14665000	      1465	80000614	00000013	addi	x0,x0,0	  x0:0x00000000
       14675000	      1466	80000618	01bf78b3	and	x17,x30,x27	 x30:0xffffffff x27:0x80009fc4 x17=0x80009fc4
       14685000	      1467	8000061c	7453f213	andi	x4,x7,1861	  x7:0x00000000  x4=0x00000000
       14695000	      1468	80000620	03987a63	bgeu	x16,x25,80000654	 x16:0xffffd4d5 x25:0xf6cdf3b4
       14705000	      1469	00000000	00000013	addi	x0,x0,0	  x0:0x00000000
       14715000	      1470	80000650	00000013	addi	x0,x0,0	  x0:0x00000000
       14725000	      1471	80000654	41218733	sub	x14,x3,x18	  x3:0x00000001 x18:0x02000000 x14=0xfe000001
       14735000	      1472	80000658	03e00663	beq	x0,x30,80000684	  x0:0x00000000 x30:0xffffffff
       14745000	      1473	8000065c	709eb093	sltiu	x1,x29,1801	 x29:0xfffff6cd  x1=0x00000000
       14755000	      1474	80000660	01d16cb3	or	x25,x2,x29	  x2:0xffffff8a x29:0xfffff6cd x25=0xffffffcf
       14765000	      1475	80000664	780d3693	sltiu	x13,x26,1920	 x26:0xfffffff4 x13=0x00000000
       14775000	      1476	80000668	006cd463	bge	x25,x6,80000670	 x25:0xffffffcf  x6:0xa5d69d1d
       14785000	      1477	00000000	00000013	addi	x0,x0,0	  x0:0x00000000
       14795000	      1478	8000066c	00000013	addi	x0,x0,0	  x0:0x00000000
       14805000	      1479	80000670	00fe6463	bltu	x28,x15,80000678	 x28:0x000000d6 x15:0x80009f6c
       14815000	      1480	00000000	00000013	addi	x0,x0,0	  x0:0x00000000
       14825000	      1481	80000674	00000013	addi	x0,x0,0	  x0:0x00000000
       14835000	      1482	80000678	014a5cb3	srl	x25,x20,x20	 x20:0x00013f30 x20:0x00013f30 x25=0x00000001
       14845000	      1483	8000067c	ead00f97	auipc	x31,0xead00	 x31=0x6ad00678
       14855000	      1484	80000680	40478333	sub	x6,x15,x4	 x15:0x80009f6c  x4:0x00000000  x6=0x80009f6c
       14865000	      1485	80000684	01c4eab3	or	x21,x9,x28	  x9:0x00000001 x28:0x000000d6 x21=0x000000d7
       14875000	      1486	80000688	003ada33	srl	x20,x21,x3	 x21:0x000000d7  x3:0x00000001 x20=0x0000006b
       14885000	      1487	8000068c	01da9b13	slli	x22,x21,0x1d	 x21:0x000000d7 x22=0xe0000000
       14895000	      1488	80000690	01ff2eb3	slt	x29,x30,x31	 x30:0xffffffff x31:0x6ad00678 x29=0x00000001
       14905000	      1489	80000694	020cc663	blt	x25,x0,800006c0	 x25:0x00000001  x0:0x00000000
       14915000	      1490	80000698	a0fbe193	ori	x3,x23,-1521	 x23:0x000026ab  x3=0xfffffeaf
       14925000	      1491	8000069c	d9ba7313	andi	x6,x20,-613	 x20:0x0000006b  x6=0x0000000b
       14935000	      1492	800006a0	00259ab3	sll	x21,x11,x2	 x11:0x8fb0084e  x2:0xffffff8a x21=0xc0213800
       14945000	      1493	800006a4	00621013	slli	x0,x4,0x6	  x4:0x00000000
       14955000	      1494	800006a8	00877463	bgeu	x14,x8,800006b0	 x14:0xfe000001  x8:0xffffffea
       14965000	      1495	800006ac	0cd0c863	blt	x1,x13,8000077c	  x1:0x00000000 x13:0x00000000
       14975000	      1496	800006b0	00000013	addi	x0,x0,0	  x0:0x00000000
       14985000	      1497	800006b4	414959b3	sra	x19,x18,x20	 x18:0x02000000 x20:0x0000006b x19=0x00004000
       14995000	      1498	800006b8	fb597e13	andi	x28,x18,-75	 x18:0x02000000 x28=0x02000000
       15005000	      1499	800006bc	419a8f33	sub	x30,x21,x25	 x21:0xc0213800 x25:0x00000001 x30=0xc02137ff
       15015000	      1500	800006c0	016043b3	xor	x7,x0,x22	  x0:0x00000000 x22:0xe0000000  x7=0xe0000000
       15025000	      1501	800006c4	0069c833	xor	x16,x19,x6	 x19:0x00004000  x6:0x0000000b x16=0x0000400b
       15035000	      1502	800006c8	0b4b5c63	bge	x22,x20,80000780	 x22:0xe0000000 x20:0x0000006b
       15045000	      1503	800006cc	130b3b13	sltiu	x22,x22,304	 x22:0xe0000000 x22=0x00000000
       15055000	      1504	800006d0	002c3833	sltu	x16,x24,x2	 x24:0x00000497  x2:0xffffff8a x16=0x00000001
       15065000	      1505	800006d4	941b6b93	ori	x23,x22,-1727	 x22:0x00000000 x23=0xfffff941
       15075000	      1506	800006d8	ac5c5b17	auipc	x22,0xac5c5	 x22=0x2c5c56d4
       15085000	      1507	800006dc	01dd88b3	add	x17,x27,x29	 x27:0x80009fc4 x29:0x00000001 x17=0x80009fc5
       15095000	      1508	800006e0	01289a33	sll	x20,x17,x18	 x17:0x80009fc5 x18:0x02000000 x20=0x80009fc5
       15105000	      1509	800006e4	65a07037	lui	x0,0x65a07	
       15115000	      1510	800006e8	5d988193	addi	x3,x17,1497	 x17:0x80009fc5  x3=0x8000a59e
       15125000	      1511	800006ec	01f02133	slt	x2,x0,x31	  x0:0x00000000 x31:0x6ad00678  x2=0x00000001
       15135000	      1512	800006f0	019decb3	or	x25,x27,x25	 x27:0x80009fc4 x25:0x00000001 x25=0x80009fc5
       15145000	      1513	800006f4	1b794013	xori	x0,x18,439	 x18:0x02000000
       15155000	      1514	800006f8	00008117	auipc	x2,0x8	  x2=0x800086f4
       15165000	      1515	800006fc	e8e10113	addi	x2,x2,-370	  x2:0x800086f4  x2=0x80008582
       15175000	      1516	80000700	04610083	lb	x1,70(x2)	  x2:0x80008582  x1=0xffffff83 PA:0x800085c8
       15185000	      1517	80000704	09011e83	lh	x29,144(x2)	  x2:0x80008582 x29=0xffffc8c9 PA:0x80008612
       15195000	      1518	80000708	d5b10683	lb	x13,-677(x2)	  x2:0x80008582 x13=0xffffff96 PA:0x800082dd
       15205000	      1519	8000070c	0f114f03	lbu	x30,241(x2)	  x2:0x80008582 x30=0x00000028 PA:0x80008673
       15215000	      1520	80000710	01b0c9b3	xor	x19,x1,x27	  x1:0xffffff83 x27:0x80009fc4 x19=0x7fff6047
       15225000	      1521	80000714	00d200b3	add	x1,x4,x13	  x4:0x00000000 x13:0xffffff96  x1=0xffffff96
       15235000	      1522	80000718	81cab637	lui	x12,0x81cab	 x12=0x81cab000
       15245000	      1523	8000071c	40bb5033	sra	x0,x22,x11	 x22:0x2c5c56d4 x11:0x8fb0084e
       15255000	      1524	80000720	45702013	slti	x0,x0,1111	  x0:0x00000000
       15265000	      1525	80000724	c2e10fa3	sb	x14,-961(x2)	  x2:0x80008582 x14:0xfe000001 PA:0x800081c1
       15275000	      1526	80000728	1a011f23	sh	x0,446(x2)	  x2:0x80008582  x0:0x00000000 PA:0x80008740
       15285000	      1527	8000072c	66e54d13	xori	x26,x10,1646	 x10:0x000000d6 x26=0x000006b8
       15295000	      1528	80000730	d1f14503	lbu	x10,-737(x2)	  x2:0x80008582 x10=0x00000000 PA:0x800082a1
       15305000	      1529	80000734	ea414093	xori	x1,x2,-348	  x2:0x80008582  x1=0x7fff7b26
       15315000	      1530	80000738	cd814f03	lbu	x30,-808(x2)	  x2:0x80008582 x30=0x00000011 PA:0x8000825a
       15325000	      1531	8000073c	0194db13	srli	x22,x9,0x19	  x9:0x00000001 x22=0x00000000
       15335000	      1532	80000740	00b37633	and	x12,x6,x11	  x6:0x0000000b x11:0x8fb0084e x12=0x0000000a
       15345000	      1533	80000744	40318433	sub	x8,x3,x3	  x3:0x8000a59e  x3:0x8000a59e  x8=0x00000000
       15355000	      1534	80000748	6fef7093	andi	x1,x30,1790	 x30:0x00000011  x1=0x00000010
       15365000	      1535	8000074c	00ef76b3	and	x13,x30,x14	 x30:0x00000011 x14:0xfe000001 x13=0x00000001
       15375000	      1536	80000750	0158eeb3	or	x29,x17,x21	 x17:0x80009fc5 x21:0xc0213800 x29=0xc021bfc5
       15385000	      1537	80000754	d1d14f03	lbu	x30,-739(x2)	  x2:0x80008582 x30=0x00000054 PA:0x8000829f
       15395000	      1538	80000758	40ba5333	sra	x6,x20,x11	 x20:0x80009fc5 x11:0x8fb0084e  x6=0xfffe0002
       15405000	      1539	8000075c	019fb0b3	sltu	x1,x31,x25	 x31:0x6ad00678 x25:0x80009fc5  x1=0x00000001
       15415000	      1540	80000760	0013e533	or	x10,x7,x1	  x7:0xe0000000  x1:0x00000001 x10=0xe0000001
       15425000	      1541	80000764	e9d10f03	lb	x30,-355(x2)	  x2:0x80008582 x30=0xffffffd4 PA:0x8000841f
       15435000	      1542	80000768	41fc0b33	sub	x22,x24,x31	 x24:0x00000497 x31:0x6ad00678 x22=0x952ffe1f
       15445000	      1543	8000076c	1ad10a23	sb	x13,436(x2)	  x2:0x80008582 x13:0x00000001 PA:0x80008736
       15455000	      1544	80000770	b6df8b93	addi	x23,x31,-1171	 x31:0x6ad00678 x23=0x6ad001e5
       15465000	      1545	80000774	41d98533	sub	x10,x19,x29	 x19:0x7fff6047 x29:0xc021bfc5 x10=0xbfdda082
       15475000	      1546	80000778	ad911323	sh	x25,-1338(x2)	  x2:0x80008582 x25:0x80009fc5 PA:0x80008048
       15485000	      1547	8000077c	0114f6b3	and	x13,x9,x17	  x9:0x00000001 x17:0x80009fc5 x13=0x00000001
       15495000	      1548	80000780	00000013	addi	x0,x0,0	  x0:0x00000000
       15505000	      1549	80000784	0016d463	bge	x13,x1,8000078c	 x13:0x00000001  x1:0x00000001
       15515000	      1550	00000000	00000013	addi	x0,x0,0	  x0:0x00000000
       15525000	      1551	80000788	00000013	addi	x0,x0,0	  x0:0x00000000
       15535000	      1552	8000078c	01281333	sll	x6,x16,x18	 x16:0x00000001 x18:0x02000000  x6=0x00000001
       15545000	      1553	80000790	0047a283	lw	x5,4(x15)	 x15:0x80009f6c  x5=0x80000168 PA:0x80009f70
       15555000	      1554	00000000	00000013	addi	x0,x0,0	  x0:0x00000000
       15565000	      1555	80000794	00595a13	srli	x20,x18,0x5	 x18:0x02000000 x20=0x00100000
       15575000	      1556	80000798	bbb40993	addi	x19,x8,-1093	  x8:0x00000000 x19=0xfffffbbb
       15585000	      1557	8000079c	00592233	slt	x4,x18,x5	 x18:0x02000000  x5:0x80000168  x4=0x00000000
       15595000	      1558	800007a0	01878793	addi	x15,x15,24	 x15:0x80009f6c x15=0x80009f84
       15605000	      1559	800007a4	01fd5f93	srli	x31,x26,0x1f	 x26:0x000006b8 x31=0x00000000
       15615000	      1560	800007a8	41a35c33	sra	x24,x6,x26	  x6:0x00000001 x26:0x000006b8 x24=0x00000000
       15625000	      1561	800007ac	00028413	addi	x8,x5,0	  x5:0x80000168  x8=0x80000168
       15635000	      1562	800007b0	00040467	jalr	x8,x8,0	  x8:0x80000168  x8=0x800007b0
       15645000	      1563	00000000	00000013	addi	x0,x0,0	  x0:0x00000000
       15655000	      1564	80000168	00000013	addi	x0,x0,0	  x0:0x00000000
       15665000	      1565	8000016c	00008117	auipc	x2,0x8	  x2=0x80008168
       15675000	      1566	80000170	2fb10113	addi	x2,x2,763	  x2:0x80008168  x2=0x80008463
       15685000	      1567	80000174	fff15a03	lhu	x20,-1(x2)	  x2:0x80008463 x20=0x00001819 PA:0x80008462
       15695000	      1568	80000178	018b1b13	slli	x22,x22,0x18	 x22:0x952ffe1f x22=0x1f000000
       15705000	      1569	8000017c	0c1f8193	addi	x3,x31,193	 x31:0x00000000  x3=0x000000c1
       15715000	      1570	80000180	4103d633	sra	x12,x7,x16	  x7:0xe0000000 x16:0x00000001 x12=0xf0000000
       15725000	      1571	80000184	ffb14003	lbu	x0,-5(x2)	  x2:0x80008463 PA:0x8000845e
       15735000	      1572	80000188	0042f2b3	and	x5,x5,x4	  x5:0x80000168  x4:0x00000000  x5=0x00000000
       15745000	      1573	8000018c	00915e03	lhu	x28,9(x2)	  x2:0x80008463 x28=0x00002627 PA:0x8000846c
       15755000	      1574	80000190	ff210403	lb	x8,-14(x2)	  x2:0x80008463  x8=0x0000000e PA:0x80008455
       15765000	      1575	80000194	ff610083	lb	x1,-10(x2)	  x2:0x80008463  x1=0x00000012 PA:0x80008459
       15775000	      1576	80000198	00010003	lb	x0,0(x2)	  x2:0x80008463 PA:0x80008463
       15785000	      1577	8000019c	003530b3	sltu	x1,x10,x3	 x10:0xbfdda082  x3:0x000000c1  x1=0x00000000
       15795000	      1578	800001a0	0096d633	srl	x12,x13,x9	 x13:0x00000001  x9:0x00000001 x12=0x00000000
       15805000	      1579	800001a4	00a10603	lb	x12,10(x2)	  x2:0x80008463 x12=0x00000026 PA:0x8000846d
       15815000	      1580	800001a8	feb10ea3	sb	x11,-3(x2)	  x2:0x80008463 x11:0x8fb0084e PA:0x80008460
       15825000	      1581	800001ac	00614f83	lbu	x31,6(x2)	  x2:0x80008463 x31=0x0000003c PA:0x80008469
       15835000	      1582	800001b0	00ccf033	and	x0,x25,x12	 x25:0x80009fc5 x12:0x00000026
       15845000	      1583	800001b4	00711483	lh	x9,7(x2)	  x2:0x80008463  x9=0x00002021 PA:0x8000846a
       15855000	      1584	800001b8	ff814983	lbu	x19,-8(x2)	  x2:0x80008463 x19=0x00000010 PA:0x8000845b
       15865000	      1585	800001bc	0573f993	andi	x19,x7,87	  x7:0xe0000000 x19=0x00000000
       15875000	      1586	800001c0	01e7b1b3	sltu	x3,x15,x30	 x15:0x80009f84 x30:0xffffffd4  x3=0x00000001
       15885000	      1587	800001c4	b7d26e13	ori	x28,x4,-1155	  x4:0x00000000 x28=0xfffffb7d
       15895000	      1588	800001c8	39430213	addi	x4,x6,916	  x6:0x00000001  x4=0x00000395
       15905000	      1589	800001cc	ff512ea3	sw	x21,-3(x2)	  x2:0x80008463 x21:0xc0213800 PA:0x80008460
       15915000	      1590	800001d0	00d99d13	slli	x26,x19,0xd	 x19:0x00000000 x26=0x00000000
       15925000	      1591	800001d4	01a6ccb3	xor	x25,x13,x26	 x13:0x00000001 x26:0x00000000 x25=0x00000001
       15935000	      1592	800001d8	fea10ba3	sb	x10,-9(x2)	  x2:0x80008463 x10:0xbfdda082 PA:0x8000845a
       15945000	      1593	800001dc	00a10703	lb	x14,10(x2)	  x2:0x80008463 x14=0x00000026 PA:0x8000846d
       15955000	      1594	800001e0	40f48533	sub	x10,x9,x15	  x9:0x00002021 x15:0x80009f84 x10=0x7fff809d
       15965000	      1595	800001e4	00a10203	lb	x4,10(x2)	  x2:0x80008463  x4=0x00000026 PA:0x8000846d
       15975000	      1596	800001e8	ffe10683	lb	x13,-2(x2)	  x2:0x80008463 x13=0x00000038 PA:0x80008461
       15985000	      1597	800001ec	01014983	lbu	x19,16(x2)	  x2:0x80008463 x19=0x00000028 PA:0x80008473
       15995000	      1598	800001f0	00000013	addi	x0,x0,0	  x0:0x00000000
       16005000	      1599	800001f4	01366533	or	x10,x12,x19	 x12:0x00000026 x19:0x00000028 x10=0x0000002e
       16015000	      1600	800001f8	fec10923	sb	x12,-14(x2)	  x2:0x80008463 x12:0x00000026 PA:0x80008455
       16025000	      1601	800001fc	01080533	add	x10,x16,x16	 x16:0x00000001 x16:0x00000001 x10=0x00000002
       16035000	      1602	80000200	ffa10183	lb	x3,-6(x2)	  x2:0x80008463  x3=0x00000016 PA:0x8000845d
       16045000	      1603	80000204	ff610c83	lb	x25,-10(x2)	  x2:0x80008463 x25=0x00000012 PA:0x80008459
       16055000	      1604	80000208	ff714403	lbu	x8,-9(x2)	  x2:0x80008463  x8=0x00000082 PA:0x8000845a
       16065000	      1605	8000020c	00008117	auipc	x2,0x8	  x2=0x80008208
       16075000	      1606	80000210	42110113	addi	x2,x2,1057	  x2:0x80008208  x2=0x80008629
       16085000	      1607	80000214	098107a3	sb	x24,143(x2)	  x2:0x80008629 x24:0x00000000 PA:0x800086b8
       16095000	      1608	80000218	08c127a3	sw	x12,143(x2)	  x2:0x80008629 x12:0x00000026 PA:0x800086b8
       16105000	      1609	8000021c	08f10903	lb	x18,143(x2)	  x2:0x80008629 x18=0x00000026 PA:0x800086b8
       16115000	      1610	80000220	514d3693	sltiu	x13,x26,1300	 x26:0x00000000 x13=0x00000001
       16125000	      1611	80000224	f3410aa3	sb	x20,-203(x2)	  x2:0x80008629 x20:0x00001819 PA:0x8000855e
       16135000	      1612	80000228	8622c013	xori	x0,x5,-1950	  x5:0x00000000
       16145000	      1613	8000022c	f2310aa3	sb	x3,-203(x2)	  x2:0x80008629  x3:0x00000016 PA:0x8000855e
       16155000	      1614	80000230	0e410903	lb	x18,228(x2)	  x2:0x80008629 x18=0xffffffc6 PA:0x8000870d
       16165000	      1615	80000234	0e410b83	lb	x23,228(x2)	  x2:0x80008629 x23=0xffffffc6 PA:0x8000870d
       16175000	      1616	80000238	0fd10223	sb	x29,228(x2)	  x2:0x80008629 x29:0xc021bfc5 PA:0x8000870d
       16185000	      1617	8000023c	0f210223	sb	x18,228(x2)	  x2:0x80008629 x18:0xffffffc6 PA:0x8000870d
       16195000	      1618	80000240	0f610223	sb	x22,228(x2)	  x2:0x80008629 x22:0x1f000000 PA:0x8000870d
       16205000	      1619	80000244	0e414f03	lbu	x30,228(x2)	  x2:0x80008629 x30=0x00000000 PA:0x8000870d
       16215000	      1620	80000248	faf11403	lh	x8,-81(x2)	  x2:0x80008629  x8=0xffff9293 PA:0x800085d8
       16225000	      1621	8000024c	00009e97	auipc	x29,0x9	 x29=0x80009248
       16235000	      1622	80000250	b92e8e93	addi	x29,x29,-1134	 x29:0x80009248 x29=0x80008dda
       16245000	      1623	80000254	001e8983	lb	x19,1(x29)	 x29:0x80008dda x19=0xffffffc0 PA:0x80008ddb
       16255000	      1624	80000258	00009a97	auipc	x21,0x9	 x21=0x80009254
       16265000	      1625	8000025c	cada8a93	addi	x21,x21,-851	 x21:0x80009254 x21=0x80008f01
       16275000	      1626	80000260	01aa84a3	sb	x26,9(x21)	 x21:0x80008f01 x26:0x00000000 PA:0x80008f0a
       16285000	      1627	80000264	00009417	auipc	x8,0x9	  x8=0x80009260
       16295000	      1628	80000268	99c40413	addi	x8,x8,-1636	  x8:0x80009260  x8=0x80008bfc
       16305000	      1629	8000026c	00009c17	auipc	x24,0x9	 x24=0x80009268
       16315000	      1630	80000270	b7ec0c13	addi	x24,x24,-1154	 x24:0x80009268 x24=0x80008de6
       16325000	      1631	80000274	fd2a8003	lb	x0,-46(x21)	 x21:0x80008f01 PA:0x80008ed3
       16335000	      1632	80000278	cdb40023	sb	x27,-832(x8)	  x8:0x80008bfc x27:0x80009fc4 PA:0x800088bc
       16345000	      1633	8000027c	005a8b23	sb	x5,22(x21)	 x21:0x80008f01  x5:0x00000000 PA:0x80008f17
       16355000	      1634	80000280	1f441503	lh	x10,500(x8)	  x8:0x80008bfc x10=0xffffdadb PA:0x80008df0
       16365000	      1635	80000284	00009317	auipc	x6,0x9	  x6=0x80009280
       16375000	      1636	80000288	84b30313	addi	x6,x6,-1973	  x6:0x80009280  x6=0x80008acb
       16385000	      1637	8000028c	39730c23	sb	x23,920(x6)	  x6:0x80008acb x23:0xffffffc6 PA:0x80008e63
       16395000	      1638	80000290	ff9c4283	lbu	x5,-7(x24)	 x24:0x80008de6  x5=0x000000c4 PA:0x80008ddf
       16405000	      1639	80000294	fe1ac103	lbu	x2,-31(x21)	 x21:0x80008f01  x2=0x000000c9 PA:0x80008ee2
       16415000	      1640	80000298	040c4503	lbu	x10,64(x24)	 x24:0x80008de6 x10=0x0000000d PA:0x80008e26
       16425000	      1641	8000029c	00da8703	lb	x14,13(x21)	 x21:0x80008f01 x14=0xfffffff5 PA:0x80008f0e
       16435000	      1642	800002a0	018e80a3	sb	x24,1(x29)	 x29:0x80008dda x24:0x80008de6 PA:0x80008ddb
       16445000	      1643	800002a4	027c0083	lb	x1,39(x24)	 x24:0x80008de6  x1=0xfffffff6 PA:0x80008e0d
       16455000	      1644	800002a8	07740183	lb	x3,119(x8)	  x8:0x80008bfc  x3=0x00000058 PA:0x80008c73
       16465000	      1645	800002ac	17b30723	sb	x27,366(x6)	  x6:0x80008acb x27:0x80009fc4 PA:0x80008c39
       16475000	      1646	800002b0	008c03a3	sb	x8,7(x24)	 x24:0x80008de6  x8:0x80008bfc PA:0x80008ded
       16485000	      1647	800002b4	fe3adf83	lhu	x31,-29(x21)	 x21:0x80008f01 x31=0x0000ce0f PA:0x80008ee4
       16495000	      1648	800002b8	24045883	lhu	x17,576(x8)	  x8:0x80008bfc x17=0x00002627 PA:0x80008e3c
       16505000	      1649	800002bc	fcec5083	lhu	x1,-50(x24)	 x24:0x80008de6  x1=0x00009e9f PA:0x80008db4
       16515000	      1650	800002c0	008e80a3	sb	x8,1(x29)	 x29:0x80008dda  x8:0x80008bfc PA:0x80008ddb
       16525000	      1651	800002c4	fb030923	sb	x16,-78(x6)	  x6:0x80008acb x16:0x00000001 PA:0x80008a7d
       16535000	      1652	800002c8	013c4d03	lbu	x26,19(x24)	 x24:0x80008de6 x26=0x000000e2 PA:0x80008df9
       16545000	      1653	800002cc	fe6a8e23	sb	x6,-4(x21)	 x21:0x80008f01  x6:0x80008acb PA:0x80008efd
       16555000	      1654	800002d0	fe7a8e23	sb	x7,-4(x21)	 x21:0x80008f01  x7:0xe0000000 PA:0x80008efd
       16565000	      1655	800002d4	eb434383	lbu	x7,-332(x6)	  x6:0x80008acb  x7=0x00000064 PA:0x8000897f
       16575000	      1656	800002d8	009e8103	lb	x2,9(x29)	 x29:0x80008dda  x2=0xffffffc8 PA:0x80008de3
       16585000	      1657	800002dc	032c2d03	lw	x26,50(x24)	 x24:0x80008de6 x26=0x9f680203 PA:0x80008e18
       16595000	      1658	800002e0	2d630da3	sb	x22,731(x6)	  x6:0x80008acb x22:0x1f000000 PA:0x80008da6
       16605000	      1659	800002e4	c5140123	sb	x17,-958(x8)	  x8:0x80008bfc x17:0x00002627 PA:0x8000883e
       16615000	      1660	800002e8	fdac0203	lb	x4,-38(x24)	 x24:0x80008de6  x4=0xffffffab PA:0x80008dc0
       16625000	      1661	800002ec	fc7c4f83	lbu	x31,-57(x24)	 x24:0x80008de6 x31=0x00000096 PA:0x80008dad
       16635000	      1662	800002f0	001e8603	lb	x12,1(x29)	 x29:0x80008dda x12=0xfffffffc PA:0x80008ddb
       16645000	      1663	800002f4	02baaa03	lw	x20,43(x21)	 x21:0x80008f01 x20=0x14151617 PA:0x80008f2c
       16655000	      1664	800002f8	ff1e8fa3	sb	x17,-1(x29)	 x29:0x80008dda x17:0x00002627 PA:0x80008dd9
       16665000	      1665	800002fc	ff6a8103	lb	x2,-10(x21)	 x21:0x80008f01  x2=0xffffffdc PA:0x80008ef7
       16675000	      1666	80000300	0119e6b3	or	x13,x19,x17	 x19:0xffffffc0 x17:0x00002627 x13=0xffffffe7
       16685000	      1667	80000304	5211f113	andi	x2,x3,1313	  x3:0x00000058  x2=0x00000000
       16695000	      1668	80000308	402ada33	sra	x20,x21,x2	 x21:0x80008f01  x2:0x00000000 x20=0x80008f01
       16705000	      1669	8000030c	79567613	andi	x12,x12,1941	 x12:0xfffffffc x12=0x00000794
       16715000	      1670	80000310	07f1d463	bge	x3,x31,80000378	  x3:0x00000058 x31:0x00000096
       16725000	      1671	80000314	07481063	bne	x16,x20,80000374	 x16:0x00000001 x20:0x80008f01
       16735000	      1672	00000000	00000013	addi	x0,x0,0	  x0:0x00000000
       16745000	      1673	80000370	00000013	addi	x0,x0,0	  x0:0x00000000
       16755000	      1674	80000374	292ed9b7	lui	x19,0x292ed	 x19=0x292ed000
       16765000	      1675	80000378	009dd863	bge	x27,x9,80000388	 x27:0x80009fc4  x9:0x00002021
       16775000	      1676	8000037c	b2406493	ori	x9,x0,-1244	  x0:0x00000000  x9=0xfffffb24
       16785000	      1677	80000380	0063fd33	and	x26,x7,x6	  x7:0x00000064  x6:0x80008acb x26=0x00000040
       16795000	      1678	80000384	df7e0c13	addi	x24,x28,-521	 x28:0xfffffb7d x24=0xfffff974
       16805000	      1679	80000388	00b99493	slli	x9,x19,0xb	 x19:0x292ed000  x9=0x76800000
       16815000	      1680	8000038c	00000597	auipc	x11,0x0	 x11=0x80000388
       16825000	      1681	80000390	00c58593	addi	x11,x11,12	 x11:0x80000388 x11=0x80000394
       16835000	      1682	80000394	00058067	jalr	x0,x11,0	 x11:0x80000394
       16845000	      1683	00000000	00000013	addi	x0,x0,0	  x0:0x00000000
       16855000	      1684	80000394	00000013	addi	x0,x0,0	  x0:0x00000000
       16865000	      1685	80000398	00100193	addi	x3,x0,1	  x0:0x00000000  x3=0x00000001
       16875000	      1686	8000039c	00000073	ecall	
       16885000	      1687	800003a0	fe878793	addi	x15,x15,-24	 x15:0x80009f84 x15=0x80009f6c
