		Time			Cycle	PC		Insn	Decoded instruction	Register and memory contents
          65000	         5	80000004	00000293	addi	x5,x0,0	  x0:0x00000000  x5=0x00000000
          75000	         6	80000008	00000313	addi	x6,x0,0	  x0:0x00000000  x6=0x00000000
          85000	         7	8000000c	00628263	beq	x5,x6,80000010	  x5:0x00000000  x6:0x00000000
          95000	         8	00000000	00000013	addi	x0,x0,0	  x0:0x00000000
         105000	         9	8000000c	00000013	addi	x0,x0,0	  x0:0x00000000
         115000	        10	80000010	00000697	auipc	x13,0x0	 x13=0x8000000c
         125000	        11	80000014	00c68693	addi	x13,x13,12	 x13:0x8000000c x13=0x80000018
         135000	        12	80000018	00068067	jalr	x0,x13,0	 x13:0x80000018
         145000	        13	00000000	00000013	addi	x0,x0,0	  x0:0x00000000
         155000	        14	80000018	00000013	addi	x0,x0,0	  x0:0x00000000
         165000	        15	8000001c	400004b7	lui	x9,0x40000	  x9=0x40000000
         175000	        16	80000020	10048493	addi	x9,x9,256	  x9:0x40000000  x9=0x40000100
         185000	        17	80000024	00000013	addi	x0,x0,0	  x0:0x00000000
         195000	        18	80000028	0000ad17	auipc	x26,0xa	 x26=0x8000a024
         205000	        19	8000002c	fa0d0d13	addi	x26,x26,-96	 x26:0x8000a024 x26=0x80009fc4
         215000	        20	80000030	00003497	auipc	x9,0x3	  x9=0x8000302c
         225000	        21	80000034	93448493	addi	x9,x9,-1740	  x9:0x8000302c  x9=0x80002960
         235000	        22	80000038	0014e493	ori	x9,x9,1	  x9:0x80002960  x9=0x80002961
         245000	        23	8000003c	00000013	addi	x0,x0,0	  x0:0x00000000
         255000	        24	80000040	00000497	auipc	x9,0x0	  x9=0x8000003c
         265000	        25	80000044	02048493	addi	x9,x9,32	  x9:0x8000003c  x9=0x8000005c
         275000	        26	80000048	00000013	addi	x0,x0,0	  x0:0x00000000
         285000	        27	8000004c	00000013	addi	x0,x0,0	  x0:0x00000000
         295000	        28	80000050	000024b7	lui	x9,0x2	  x9=0x00002000
         305000	        29	80000054	80048493	addi	x9,x9,-2048	  x9:0x00002000  x9=0x00001800
         315000	        30	80000058	00000013	addi	x0,x0,0	  x0:0x00000000
         325000	        31	8000005c	00000013	addi	x0,x0,0	  x0:0x00000000
         335000	        32	80000060	00000013	addi	x0,x0,0	  x0:0x00000000
         345000	        33	80000064	c56480b7	lui	x1,0xc5648	  x1=0xc5648000
         355000	        34	80000068	91308093	addi	x1,x1,-1773	  x1:0xc5648000  x1=0xc5647913
         365000	        35	8000006c	00b00113	addi	x2,x0,11	  x0:0x00000000  x2=0x0000000b
         375000	        36	80000070	fecec1b7	lui	x3,0xfecec	  x3=0xfecec000
         385000	        37	80000074	62518193	addi	x3,x3,1573	  x3:0xfecec000  x3=0xfecec625
         395000	        38	80000078	285ff237	lui	x4,0x285ff	  x4=0x285ff000
         405000	        39	8000007c	e6120213	addi	x4,x4,-415	  x4:0x285ff000  x4=0x285fee61
         415000	        40	80000080	07c112b7	lui	x5,0x7c11	  x5=0x07c11000
         425000	        41	80000084	71728293	addi	x5,x5,1815	  x5:0x07c11000  x5=0x07c11717
         435000	        42	80000088	80000337	lui	x6,0x80000	  x6=0x80000000
         445000	        43	8000008c	800003b7	lui	x7,0x80000	  x7=0x80000000
         455000	        44	80000090	f5737437	lui	x8,0xf5737	  x8=0xf5737000
         465000	        45	80000094	88640413	addi	x8,x8,-1914	  x8:0xf5737000  x8=0xf5736886
         475000	        46	80000098	f67144b7	lui	x9,0xf6714	  x9=0xf6714000
         485000	        47	8000009c	20948493	addi	x9,x9,521	  x9:0xf6714000  x9=0xf6714209
         495000	        48	800000a0	00000593	addi	x11,x0,0	  x0:0x00000000 x11=0x00000000
         505000	        49	800000a4	c8495637	lui	x12,0xc8495	 x12=0xc8495000
         515000	        50	800000a8	05b60613	addi	x12,x12,91	 x12:0xc8495000 x12=0xc849505b
         525000	        51	800000ac	00000693	addi	x13,x0,0	  x0:0x00000000 x13=0x00000000
         535000	        52	800000b0	e26e7737	lui	x14,0xe26e7	 x14=0xe26e7000
         545000	        53	800000b4	9b770713	addi	x14,x14,-1609	 x14:0xe26e7000 x14=0xe26e69b7
         555000	        54	800000b8	800007b7	lui	x15,0x80000	 x15=0x80000000
         565000	        55	800000bc	00000813	addi	x16,x0,0	  x0:0x00000000 x16=0x00000000
         575000	        56	800000c0	728398b7	lui	x17,0x72839	 x17=0x72839000
         585000	        57	800000c4	76988893	addi	x17,x17,1897	 x17:0x72839000 x17=0x72839769
         595000	        58	800000c8	f0ffd937	lui	x18,0xf0ffd	 x18=0xf0ffd000
         605000	        59	800000cc	74090913	addi	x18,x18,1856	 x18:0xf0ffd000 x18=0xf0ffd740
         615000	        60	800000d0	800009b7	lui	x19,0x80000	 x19=0x80000000
         625000	        61	800000d4	80000a37	lui	x20,0x80000	 x20=0x80000000
         635000	        62	800000d8	00000a93	addi	x21,x0,0	  x0:0x00000000 x21=0x00000000
         645000	        63	800000dc	80000b37	lui	x22,0x80000	 x22=0x80000000
         655000	        64	800000e0	f8a4cbb7	lui	x23,0xf8a4c	 x23=0xf8a4c000
         665000	        65	800000e4	254b8b93	addi	x23,x23,596	 x23:0xf8a4c000 x23=0xf8a4c254
         675000	        66	800000e8	00000c13	addi	x24,x0,0	  x0:0x00000000 x24=0x00000000
         685000	        67	800000ec	00000c93	addi	x25,x0,0	  x0:0x00000000 x25=0x00000000
         695000	        68	800000f0	00000d93	addi	x27,x0,0	  x0:0x00000000 x27=0x00000000
         705000	        69	800000f4	00800e13	addi	x28,x0,8	  x0:0x00000000 x28=0x00000008
         715000	        70	800000f8	fb6cbeb7	lui	x29,0xfb6cb	 x29=0xfb6cb000
         725000	        71	800000fc	9c5e8e93	addi	x29,x29,-1595	 x29:0xfb6cb000 x29=0xfb6ca9c5
         735000	        72	80000100	00000f13	addi	x30,x0,0	  x0:0x00000000 x30=0x00000000
         745000	        73	80000104	80000fb7	lui	x31,0x80000	 x31=0x80000000
         755000	        74	80000108	0000a517	auipc	x10,0xa	 x10=0x8000a104
         765000	        75	8000010c	e8050513	addi	x10,x10,-384	 x10:0x8000a104 x10=0x80009f84
         775000	        76	80000110	00009297	auipc	x5,0x9	  x5=0x8000910c
         785000	        77	80000114	ce828293	addi	x5,x5,-792	  x5:0x8000910c  x5=0x80008df4
         795000	        78	80000118	fe22d103	lhu	x2,-30(x5)	  x5:0x80008df4  x2=0x0000d346 PA:0x80008dd6
         805000	        79	8000011c	fa128c03	lb	x24,-95(x5)	  x5:0x80008df4 x24=0x0000004e PA:0x80008d95
         815000	        80	80000120	095286a3	sb	x21,141(x5)	  x5:0x80008df4 x21:0x00000000 PA:0x80008e81
         825000	        81	80000124	08b2ca83	lbu	x21,139(x5)	  x5:0x80008df4 x21=0x00000056 PA:0x80008e7f
         835000	        82	80000128	08728483	lb	x9,135(x5)	  x5:0x80008df4  x9=0x00000069 PA:0x80008e7b
         845000	        83	8000012c	08728c03	lb	x24,135(x5)	  x5:0x80008df4 x24=0x00000069 PA:0x80008e7b
         855000	        84	80000130	08728c83	lb	x25,135(x5)	  x5:0x80008df4 x25=0x00000069 PA:0x80008e7b
         865000	        85	80000134	0e52ae23	sw	x5,252(x5)	  x5:0x80008df4  x5:0x80008df4 PA:0x80008ef0
         875000	        86	80000138	f3a2d383	lhu	x7,-198(x5)	  x5:0x80008df4  x7=0x00003001 PA:0x80008d2e
         885000	        87	8000013c	fb62c083	lbu	x1,-74(x5)	  x5:0x80008df4  x1=0x00000088 PA:0x80008daa
         895000	        88	80000140	84bc5937	lui	x18,0x84bc5	 x18=0x84bc5000
         905000	        89	80000144	fb629403	lh	x8,-74(x5)	  x5:0x80008df4  x8=0x00005988 PA:0x80008daa
         915000	        90	80000148	0a328f83	lb	x31,163(x5)	  x5:0x80008df4 x31=0x00000037 PA:0x80008e97
         925000	        91	8000014c	0002d483	lhu	x9,0(x5)	  x5:0x80008df4  x9=0x0000c625 PA:0x80008df4
         935000	        92	80000150	f8228a83	lb	x21,-126(x5)	  x5:0x80008df4 x21=0xffffffb3 PA:0x80008d76
         945000	        93	80000154	0cd2cf83	lbu	x31,205(x5)	  x5:0x80008df4 x31=0x0000007d PA:0x80008ec1
         955000	        94	80000158	01656a33	or	x20,x10,x22	 x10:0x80009f84 x22:0x80000000 x20=0x80009f84
         965000	        95	8000015c	f6028023	sb	x0,-160(x5)	  x5:0x80008df4  x0:0x00000000 PA:0x80008d54
         975000	        96	80000160	7d59e113	ori	x2,x19,2005	 x19:0x80000000  x2=0x800007d5
         985000	        97	80000164	f462c183	lbu	x3,-186(x5)	  x5:0x80008df4  x3=0x0000004c PA:0x80008d3a
         995000	        98	80000168	f4f29323	sh	x15,-186(x5)	  x5:0x80008df4 x15:0x80000000 PA:0x80008d3a
        1005000	        99	8000016c	00008217	auipc	x4,0x8	  x4=0x80008168
        1015000	       100	80000170	02120213	addi	x4,x4,33	  x4:0x80008168  x4=0x80008189
        1025000	       101	80000174	02c223a3	sw	x12,39(x4)	  x4:0x80008189 x12:0xc849505b PA:0x800081b0
        1035000	       102	80000178	00008497	auipc	x9,0x8	  x9=0x80008174
        1045000	       103	8000017c	ef448493	addi	x9,x9,-268	  x9:0x80008174  x9=0x80008068
        1055000	       104	80000180	01125a03	lhu	x20,17(x4)	  x4:0x80008189 x20=0x00008777 PA:0x8000819a
        1065000	       105	80000184	ffc48aa3	sb	x28,-11(x9)	  x9:0x80008068 x28:0x00000008 PA:0x8000805d
        1075000	       106	80000188	ff220e83	lb	x29,-14(x4)	  x4:0x80008189 x29=0xffffffd1 PA:0x8000817b
        1085000	       107	8000018c	02d48a23	sb	x13,52(x9)	  x9:0x80008068 x13:0x00000000 PA:0x8000809c
        1095000	       108	80000190	fea49f03	lh	x30,-22(x9)	  x9:0x80008068 x30=0x00002dbf PA:0x80008052
        1105000	       109	80000194	fed48583	lb	x11,-19(x9)	  x9:0x80008068 x11=0x00000066 PA:0x80008055
        1115000	       110	80000198	fc820583	lb	x11,-56(x4)	  x4:0x80008189 x11=0x00000010 PA:0x80008151
        1125000	       111	8000019c	03c20a23	sb	x28,52(x4)	  x4:0x80008189 x28:0x00000008 PA:0x800081bd
        1135000	       112	800001a0	0144aa83	lw	x21,20(x9)	  x9:0x80008068 x21=0x87780654 PA:0x8000807c
        1145000	       113	800001a4	0084ad83	lw	x27,8(x9)	  x9:0x80008068 x27=0xdc4d826c PA:0x80008070
        1155000	       114	800001a8	ffa24303	lbu	x6,-6(x4)	  x4:0x80008189  x6=0x000000da PA:0x80008183
        1165000	       115	00000000	00000013	addi	x0,x0,0	  x0:0x00000000
        1175000	       116	800001ac	fe6488a3	sb	x6,-15(x9)	  x9:0x80008068  x6:0x000000da PA:0x80008059
        1185000	       117	800001b0	00008117	auipc	x2,0x8	  x2=0x800081ac
        1195000	       118	800001b4	eb210113	addi	x2,x2,-334	  x2:0x800081ac  x2=0x8000805e
        1205000	       119	800001b8	00011e83	lh	x29,0(x2)	  x2:0x8000805e x29=0x000021ca PA:0x8000805e
        1215000	       120	800001bc	00815903	lhu	x18,8(x2)	  x2:0x8000805e x18=0x000039f3 PA:0x80008066
        1225000	       121	800001c0	01710423	sb	x23,8(x2)	  x2:0x8000805e x23:0xf8a4c254 PA:0x80008066
        1235000	       122	800001c4	00810983	lb	x19,8(x2)	  x2:0x8000805e x19=0x00000054 PA:0x80008066
        1245000	       123	800001c8	75bc2e93	slti	x29,x24,1883	 x24:0x00000069 x29=0x00000001
        1255000	       124	800001cc	019c7033	and	x0,x24,x25	 x24:0x00000069 x25:0x00000069
        1265000	       125	800001d0	0067d613	srli	x12,x15,0x6	 x15:0x80000000 x12=0x02000000
        1275000	       126	800001d4	c2494e93	xori	x29,x18,-988	 x18:0x000039f3 x29=0xffffc5d7
        1285000	       127	800001d8	ffb10583	lb	x11,-5(x2)	  x2:0x8000805e x11=0xffffffda PA:0x80008059
        1295000	       128	800001dc	017509b3	add	x19,x10,x23	 x10:0x80009f84 x23:0xf8a4c254 x19=0x78a561d8
        1305000	       129	800001e0	fed10fa3	sb	x13,-1(x2)	  x2:0x8000805e x13:0x00000000 PA:0x8000805d
        1315000	       130	800001e4	40705813	srai	x16,x0,0x7	  x0:0x00000000 x16=0x00000000
        1325000	       131	800001e8	00b11623	sh	x11,12(x2)	  x2:0x8000805e x11:0xffffffda PA:0x8000806a
        1335000	       132	800001ec	006e0a33	add	x20,x28,x6	 x28:0x00000008  x6:0x000000da x20=0x000000e2
        1345000	       133	800001f0	ffc10383	lb	x7,-4(x2)	  x2:0x8000805e  x7=0xffffffb8 PA:0x8000805a
        1355000	       134	800001f4	ff110783	lb	x15,-15(x2)	  x2:0x8000805e x15=0xffffffd8 PA:0x8000804f
        1365000	       135	800001f8	01f107a3	sb	x31,15(x2)	  x2:0x8000805e x31:0x0000007d PA:0x8000806d
        1375000	       136	800001fc	ff711a23	sh	x23,-12(x2)	  x2:0x8000805e x23:0xf8a4c254 PA:0x80008052
        1385000	       137	80000200	fed10ba3	sb	x13,-9(x2)	  x2:0x8000805e x13:0x00000000 PA:0x80008055
        1395000	       138	80000204	00008397	auipc	x7,0x8	  x7=0x80008200
        1405000	       139	80000208	24638393	addi	x7,x7,582	  x7:0x80008200  x7=0x80008446
        1415000	       140	8000020c	ff738aa3	sb	x23,-11(x7)	  x7:0x80008446 x23:0xf8a4c254 PA:0x8000843b
        1425000	       141	80000210	00008117	auipc	x2,0x8	  x2=0x8000820c
        1435000	       142	80000214	1d210113	addi	x2,x2,466	  x2:0x8000820c  x2=0x800083de
        1445000	       143	80000218	012384a3	sb	x18,9(x7)	  x7:0x80008446 x18:0x000039f3 PA:0x8000844f
        1455000	       144	8000021c	00008497	auipc	x9,0x8	  x9=0x80008218
        1465000	       145	80000220	2b448493	addi	x9,x9,692	  x9:0x80008218  x9=0x800084cc
        1475000	       146	80000224	fdb4c883	lbu	x17,-37(x9)	  x9:0x800084cc x17=0x00000076 PA:0x800084a7
        1485000	       147	80000228	f9314983	lbu	x19,-109(x2)	  x2:0x800083de x19=0x000000f1 PA:0x80008371
        1495000	       148	8000022c	00008717	auipc	x14,0x8	 x14=0x80008228
        1505000	       149	80000230	15070713	addi	x14,x14,336	 x14:0x80008228 x14=0x80008378
        1515000	       150	80000234	03548883	lb	x17,53(x9)	  x9:0x800084cc x17=0x00000019 PA:0x80008501
        1525000	       151	80000238	00e49903	lh	x18,14(x9)	  x9:0x800084cc x18=0x00000365 PA:0x800084da
        1535000	       152	8000023c	00d38983	lb	x19,13(x7)	  x7:0x80008446 x19=0x00000032 PA:0x80008453
        1545000	       153	80000240	00538283	lb	x5,5(x7)	  x7:0x80008446  x5=0xffffffa0 PA:0x8000844b
        1555000	       154	80000244	fe748903	lb	x18,-25(x9)	  x9:0x800084cc x18=0xfffffff1 PA:0x800084b3
        1565000	       155	80000248	23574283	lbu	x5,565(x14)	 x14:0x80008378  x5=0x00000092 PA:0x800085ad
        1575000	       156	8000024c	ff114f03	lbu	x30,-15(x2)	  x2:0x800083de x30=0x00000045 PA:0x800083cf
        1585000	       157	80000250	39070783	lb	x15,912(x14)	 x14:0x80008378 x15=0xffffffce PA:0x80008708
        1595000	       158	80000254	fa072c83	lw	x25,-96(x14)	 x14:0x80008378 x25=0xc94d8dea PA:0x80008318
        1605000	       159	80000258	ff34c583	lbu	x11,-13(x9)	  x9:0x800084cc x11=0x0000003b PA:0x800084bf
        1615000	       160	8000025c	fd1483a3	sb	x17,-57(x9)	  x9:0x800084cc x17:0x00000019 PA:0x80008493
        1625000	       161	80000260	ffd3c903	lbu	x18,-3(x7)	  x7:0x80008446 x18=0x0000004b PA:0x80008443
        1635000	       162	80000264	06a104a3	sb	x10,105(x2)	  x2:0x800083de x10:0x80009f84 PA:0x80008447
        1645000	       163	80000268	0164d283	lhu	x5,22(x9)	  x9:0x800084cc  x5=0x00001ba3 PA:0x800084e2
        1655000	       164	8000026c	0f070583	lb	x11,240(x14)	 x14:0x80008378 x11=0xffffffed PA:0x80008468
        1665000	       165	80000270	fec75603	lhu	x12,-20(x14)	 x14:0x80008378 x12=0x00002307 PA:0x80008364
        1675000	       166	80000274	15274903	lbu	x18,338(x14)	 x14:0x80008378 x18=0x000000a7 PA:0x800084ca
        1685000	       167	80000278	ffd3c283	lbu	x5,-3(x7)	  x7:0x80008446  x5=0x0000004b PA:0x80008443
        1695000	       168	8000027c	33270ca3	sb	x18,825(x14)	 x14:0x80008378 x18:0x000000a7 PA:0x800086b1
        1705000	       169	80000280	fff3cb83	lbu	x23,-1(x7)	  x7:0x80008446 x23=0x000000b0 PA:0x80008445
        1715000	       170	80000284	fcf48aa3	sb	x15,-43(x9)	  x9:0x800084cc x15:0xffffffce PA:0x800084a1
        1725000	       171	80000288	00f38a03	lb	x20,15(x7)	  x7:0x80008446 x20=0xffffffc7 PA:0x80008455
        1735000	       172	8000028c	fb011583	lh	x11,-80(x2)	  x2:0x800083de x11=0x000052f0 PA:0x8000838e
        1745000	       173	80000290	dc974a83	lbu	x21,-567(x14)	 x14:0x80008378 x21=0x000000e0 PA:0x80008141
        1755000	       174	80000294	09b14203	lbu	x4,155(x2)	  x2:0x800083de  x4=0x0000002f PA:0x80008479
        1765000	       175	80000298	fff10e23	sb	x31,-4(x2)	  x2:0x800083de x31:0x0000007d PA:0x800083da
        1775000	       176	8000029c	ff338d83	lb	x27,-13(x7)	  x7:0x80008446 x27=0x00000040 PA:0x80008439
        1785000	       177	800002a0	0044c003	lbu	x0,4(x9)	  x9:0x800084cc PA:0x800084d0
        1795000	       178	800002a4	0013ca03	lbu	x20,1(x7)	  x7:0x80008446 x20=0x00000084 PA:0x80008447
        1805000	       179	800002a8	09670ea3	sb	x22,157(x14)	 x14:0x80008378 x22:0x80000000 PA:0x80008415
        1815000	       180	800002ac	00f49123	sh	x15,2(x9)	  x9:0x800084cc x15:0xffffffce PA:0x800084ce
        1825000	       181	800002b0	00009e17	auipc	x28,0x9	 x28=0x800092ac
        1835000	       182	800002b4	822e0e13	addi	x28,x28,-2014	 x28:0x800092ac x28=0x80008ace
        1845000	       183	800002b8	00dbebb3	or	x23,x23,x13	 x23:0x000000b0 x13:0x00000000 x23=0x000000b0
        1855000	       184	800002bc	f18e2923	sw	x24,-238(x28)	 x28:0x80008ace x24:0x00000069 PA:0x800089e0
        1865000	       185	800002c0	f71e0f23	sb	x17,-130(x28)	 x28:0x80008ace x17:0x00000019 PA:0x80008a4c
        1875000	       186	800002c4	40fcdf33	sra	x30,x25,x15	 x25:0xc94d8dea x15:0xffffffce x30=0xffff2536
        1885000	       187	800002c8	01decdb3	xor	x27,x29,x29	 x29:0xffffc5d7 x29:0xffffc5d7 x27=0x00000000
        1895000	       188	800002cc	017a2433	slt	x8,x20,x23	 x20:0x00000084 x23:0x000000b0  x8=0x00000001
        1905000	       189	800002d0	00fddbb3	srl	x23,x27,x15	 x27:0x00000000 x15:0xffffffce x23=0x00000000
        1915000	       190	800002d4	7c7b8313	addi	x6,x23,1991	 x23:0x00000000  x6=0x000007c7
        1925000	       191	800002d8	071e4203	lbu	x4,113(x28)	 x28:0x80008ace  x4=0x00000088 PA:0x80008b3f
        1935000	       192	800002dc	01c572b3	and	x5,x10,x28	 x10:0x80009f84 x28:0x80008ace  x5=0x80008a84
        1945000	       193	800002e0	65b67893	andi	x17,x12,1627	 x12:0x00002307 x17=0x00000203
        1955000	       194	800002e4	00fe90b3	sll	x1,x29,x15	 x29:0xffffc5d7 x15:0xffffffce  x1=0xf175c000
        1965000	       195	800002e8	f16e0ca3	sb	x22,-231(x28)	 x28:0x80008ace x22:0x80000000 PA:0x800089e7
        1975000	       196	800002ec	fece4903	lbu	x18,-20(x28)	 x28:0x80008ace x18=0x000000c5 PA:0x80008aba
        1985000	       197	800002f0	f30e0ea3	sb	x16,-195(x28)	 x28:0x80008ace x16:0x00000000 PA:0x80008a0b
        1995000	       198	800002f4	fabe2323	sw	x11,-90(x28)	 x28:0x80008ace x11:0x000052f0 PA:0x80008a74
        2005000	       199	800002f8	0142deb3	srl	x29,x5,x20	  x5:0x80008a84 x20:0x00000084 x29=0x080008a8
        2015000	       200	800002fc	07de0b23	sb	x29,118(x28)	 x28:0x80008ace x29:0x080008a8 PA:0x80008b44
        2025000	       201	80000300	01142133	slt	x2,x8,x17	  x8:0x00000001 x17:0x00000203  x2=0x00000001
        2035000	       202	80000304	0abe1523	sh	x11,170(x28)	 x28:0x80008ace x11:0x000052f0 PA:0x80008b78
        2045000	       203	80000308	0dce5903	lhu	x18,220(x28)	 x28:0x80008ace x18=0x00007dfb PA:0x80008baa
        2055000	       204	8000030c	5ce50393	addi	x7,x10,1486	 x10:0x80009f84  x7=0x8000a552
        2065000	       205	80000310	00be0b23	sb	x11,22(x28)	 x28:0x80008ace x11:0x000052f0 PA:0x80008ae4
        2075000	       206	80000314	db10f113	andi	x2,x1,-591	  x1:0xf175c000  x2=0xf175c000
        2085000	       207	80000318	e9bd0893	addi	x17,x26,-357	 x26:0x80009fc4 x17=0x80009e5f
        2095000	       208	8000031c	400052b3	sra	x5,x0,x0	  x0:0x00000000  x0:0x00000000  x5=0x00000000
        2105000	       209	80000320	0f1e0a83	lb	x21,241(x28)	 x28:0x80008ace x21=0x0000006e PA:0x80008bbf
        2115000	       210	80000324	ff8e1383	lh	x7,-8(x28)	 x28:0x80008ace  x7=0xffffd47f PA:0x80008ac6
        2125000	       211	80000328	f6fe4203	lbu	x4,-145(x28)	 x28:0x80008ace  x4=0x00000048 PA:0x80008a3d
        2135000	       212	8000032c	04ce03a3	sb	x12,71(x28)	 x28:0x80008ace x12:0x00002307 PA:0x80008b15
        2145000	       213	80000330	f94e5383	lhu	x7,-108(x28)	 x28:0x80008ace  x7=0x0000f9ec PA:0x80008a62
        2155000	       214	80000334	0b3a7913	andi	x18,x20,179	 x20:0x00000084 x18=0x00000080
        2165000	       215	80000338	405c0eb3	sub	x29,x24,x5	 x24:0x00000069  x5:0x00000000 x29=0x00000069
        2175000	       216	8000033c	02ce4803	lbu	x16,44(x28)	 x28:0x80008ace x16=0x00000046 PA:0x80008afa
        2185000	       217	80000340	df197f13	andi	x30,x18,-527	 x18:0x00000080 x30=0x00000080
        2195000	       218	80000344	f05e4f03	lbu	x30,-251(x28)	 x28:0x80008ace x30=0x0000009a PA:0x800089d3
        2205000	       219	80000348	00ce02a3	sb	x12,5(x28)	 x28:0x80008ace x12:0x00002307 PA:0x80008ad3
        2215000	       220	8000034c	f00e4b83	lbu	x23,-256(x28)	 x28:0x80008ace x23=0x000000a3 PA:0x800089ce
        2225000	       221	80000350	403c5233	sra	x4,x24,x3	 x24:0x00000069  x3:0x0000004c  x4=0x00000000
        2235000	       222	80000354	0bb22a93	slti	x21,x4,187	  x4:0x00000000 x21=0x00000001
        2245000	       223	80000358	aa468093	addi	x1,x13,-1372	 x13:0x00000000  x1=0xfffffaa4
        2255000	       224	8000035c	f79e0003	lb	x0,-135(x28)	 x28:0x80008ace PA:0x80008a47
        2265000	       225	80000360	00d701b3	add	x3,x14,x13	 x14:0x80008378 x13:0x00000000  x3=0x80008378
        2275000	       226	80000364	05fe4483	lbu	x9,95(x28)	 x28:0x80008ace  x9=0x0000005d PA:0x80008b2d
        2285000	       227	00000000	00000013	addi	x0,x0,0	  x0:0x00000000
        2295000	       228	80000368	0e9e1823	sh	x9,240(x28)	 x28:0x80008ace  x9:0x0000005d PA:0x80008bbe
        2305000	       229	8000036c	00009117	auipc	x2,0x9	  x2=0x80009368
        2315000	       230	80000370	bf910113	addi	x2,x2,-1031	  x2:0x80009368  x2=0x80008f61
        2325000	       231	80000374	ac110e23	sb	x1,-1316(x2)	  x2:0x80008f61  x1:0xfffffaa4 PA:0x80008a3d
        2335000	       232	80000378	00000013	addi	x0,x0,0	  x0:0x00000000
        2345000	       233	8000037c	f402eeb7	lui	x29,0xf402e	 x29=0xf402e000
        2355000	       234	80000380	4ad6fc13	andi	x24,x13,1197	 x13:0x00000000 x24=0x00000000
        2365000	       235	80000384	90212da3	sw	x2,-1765(x2)	  x2:0x80008f61  x2:0x80008f61 PA:0x8000887c
        2375000	       236	80000388	00bf7fb3	and	x31,x30,x11	 x30:0x0000009a x11:0x000052f0 x31=0x00000090
        2385000	       237	8000038c	01830db3	add	x27,x6,x24	  x6:0x000007c7 x24:0x00000000 x27=0x000007c7
        2395000	       238	80000390	f0b10523	sb	x11,-246(x2)	  x2:0x80008f61 x11:0x000052f0 PA:0x80008e6b
        2405000	       239	80000394	efc14e83	lbu	x29,-260(x2)	  x2:0x80008f61 x29=0x00000000 PA:0x80008e5d
        2415000	       240	80000398	e4711903	lh	x18,-441(x2)	  x2:0x80008f61 x18=0xffffb31b PA:0x80008da8
        2425000	       241	8000039c	00000013	addi	x0,x0,0	  x0:0x00000000
        2435000	       242	800003a0	27936993	ori	x19,x6,633	  x6:0x000007c7 x19=0x000007ff
        2445000	       243	800003a4	f5b14c03	lbu	x24,-165(x2)	  x2:0x80008f61 x24=0x00000042 PA:0x80008ebc
        2455000	       244	800003a8	416b83b3	sub	x7,x23,x22	 x23:0x000000a3 x22:0x80000000  x7=0x800000a3
        2465000	       245	800003ac	115038b7	lui	x17,0x11503	 x17=0x11503000
        2475000	       246	800003b0	418b5bb3	sra	x23,x22,x24	 x22:0x80000000 x24:0x00000042 x23=0xe0000000
        2485000	       247	800003b4	94d11283	lh	x5,-1715(x2)	  x2:0x80008f61  x5=0x000058e7 PA:0x800088ae
        2495000	       248	800003b8	00c20bb3	add	x23,x4,x12	  x4:0x00000000 x12:0x00002307 x23=0x00002307
        2505000	       249	800003bc	a5210023	sb	x18,-1472(x2)	  x2:0x80008f61 x18:0xffffb31b PA:0x800089a1
        2515000	       250	800003c0	b1614e83	lbu	x29,-1258(x2)	  x2:0x80008f61 x29=0x00000000 PA:0x80008a77
        2525000	       251	800003c4	90614083	lbu	x1,-1786(x2)	  x2:0x80008f61  x1=0x000000ad PA:0x80008867
        2535000	       252	800003c8	0081e8b3	or	x17,x3,x8	  x3:0x80008378  x8:0x00000001 x17=0x80008379
        2545000	       253	800003cc	b0910183	lb	x3,-1271(x2)	  x2:0x80008f61  x3=0x00000025 PA:0x80008a6a
        2555000	       254	800003d0	1784ba37	lui	x20,0x1784b	 x20=0x1784b000
        2565000	       255	800003d4	67bcf293	andi	x5,x25,1659	 x25:0xc94d8dea  x5=0x0000046a
        2575000	       256	800003d8	e19d7913	andi	x18,x26,-487	 x26:0x80009fc4 x18=0x80009e00
        2585000	       257	800003dc	c5c14483	lbu	x9,-932(x2)	  x2:0x80008f61  x9=0x00000070 PA:0x80008bbd
        2595000	       258	800003e0	30453093	sltiu	x1,x10,772	 x10:0x80009f84  x1=0x00000000
        2605000	       259	800003e4	00452bb3	slt	x23,x10,x4	 x10:0x80009f84  x4:0x00000000 x23=0x00000001
        2615000	       260	800003e8	8cf10323	sb	x15,-1850(x2)	  x2:0x80008f61 x15:0xffffffce PA:0x80008827
        2625000	       261	800003ec	00000013	addi	x0,x0,0	  x0:0x00000000
        2635000	       262	800003f0	fd2114a3	sh	x18,-55(x2)	  x2:0x80008f61 x18:0x80009e00 PA:0x80008f2a
        2645000	       263	800003f4	ad010e03	lb	x28,-1328(x2)	  x2:0x80008f61 x28=0x0000005c PA:0x80008a31
        2655000	       264	800003f8	02115b03	lhu	x22,33(x2)	  x2:0x80008f61 x22=0x00006abf PA:0x80008f82
        2665000	       265	800003fc	eb814083	lbu	x1,-328(x2)	  x2:0x80008f61  x1=0x0000000c PA:0x80008e19
        2675000	       266	80000400	005632b3	sltu	x5,x12,x5	 x12:0x00002307  x5:0x0000046a  x5=0x00000000
        2685000	       267	80000404	004735b3	sltu	x11,x14,x4	 x14:0x80008378  x4:0x00000000 x11=0x00000000
        2695000	       268	80000408	00204c33	xor	x24,x0,x2	  x0:0x00000000  x2:0x80008f61 x24=0x80008f61
        2705000	       269	8000040c	e40108a3	sb	x0,-431(x2)	  x2:0x80008f61  x0:0x00000000 PA:0x80008db2
        2715000	       270	80000410	00769493	slli	x9,x13,0x7	 x13:0x00000000  x9=0x00000000
        2725000	       271	80000414	01938b33	add	x22,x7,x25	  x7:0x800000a3 x25:0xc94d8dea x22=0x494d8e8d
        2735000	       272	80000418	00911a33	sll	x20,x2,x9	  x2:0x80008f61  x9:0x00000000 x20=0x80008f61
        2745000	       273	8000041c	012d3033	sltu	x0,x26,x18	 x26:0x80009fc4 x18:0x80009e00
        2755000	       274	80000420	e78115a3	sh	x24,-405(x2)	  x2:0x80008f61 x24:0x80008f61 PA:0x80008dcc
        2765000	       275	80000424	dc410f83	lb	x31,-572(x2)	  x2:0x80008f61 x31=0xffffffb7 PA:0x80008d25
        2775000	       276	80000428	e71129a3	sw	x17,-397(x2)	  x2:0x80008f61 x17:0x80008379 PA:0x80008dd4
        2785000	       277	8000042c	01e1d213	srli	x4,x3,0x1e	  x3:0x00000025  x4=0x00000000
        2795000	       278	80000430	01e34833	xor	x16,x6,x30	  x6:0x000007c7 x30:0x0000009a x16=0x0000075d
        2805000	       279	80000434	5076feb7	lui	x29,0x5076f	 x29=0x5076f000
        2815000	       280	80000438	fc8108a3	sb	x8,-47(x2)	  x2:0x80008f61  x8:0x00000001 PA:0x80008f32
        2825000	       281	8000043c	00712403	lw	x8,7(x2)	  x2:0x80008f61  x8=0xa5ba1f38 PA:0x80008f68
        2835000	       282	80000440	53fbf613	andi	x12,x23,1343	 x23:0x00000001 x12=0x00000001
        2845000	       283	80000444	d4114603	lbu	x12,-703(x2)	  x2:0x80008f61 x12=0x0000006f PA:0x80008ca2
        2855000	       284	80000448	00009217	auipc	x4,0x9	  x4=0x80009444
        2865000	       285	8000044c	91720213	addi	x4,x4,-1769	  x4:0x80009444  x4=0x80008d5b
        2875000	       286	80000450	ffa203a3	sb	x26,-25(x4)	  x4:0x80008d5b x26:0x80009fc4 PA:0x80008d42
        2885000	       287	80000454	00009097	auipc	x1,0x9	  x1=0x80009450
        2895000	       288	80000458	83d08093	addi	x1,x1,-1987	  x1:0x80009450  x1=0x80008c8d
        2905000	       289	8000045c	00009617	auipc	x12,0x9	 x12=0x80009458
        2915000	       290	80000460	b7160613	addi	x12,x12,-1167	 x12:0x80009458 x12=0x80008fc9
        2925000	       291	80000464	03320283	lb	x5,51(x4)	  x4:0x80008d5b  x5=0xfffffff4 PA:0x80008d8e
        2935000	       292	80000468	00a60b83	lb	x23,10(x12)	 x12:0x80008fc9 x23=0xffffffd6 PA:0x80008fd3
        2945000	       293	8000046c	f5f202a3	sb	x31,-187(x4)	  x4:0x80008d5b x31:0xffffffb7 PA:0x80008ca0
        2955000	       294	80000470	ff064403	lbu	x8,-16(x12)	 x12:0x80008fc9  x8=0x0000001d PA:0x80008fb9
        2965000	       295	80000474	09f24d83	lbu	x27,159(x4)	  x4:0x80008d5b x27=0x0000002f PA:0x80008dfa
        2975000	       296	80000478	0a620983	lb	x19,166(x4)	  x4:0x80008d5b x19=0x0000001f PA:0x80008e01
        2985000	       297	8000047c	feb0d783	lhu	x15,-21(x1)	  x1:0x80008c8d x15=0x0000348c PA:0x80008c78
        2995000	       298	80000480	00365583	lhu	x11,3(x12)	 x12:0x80008fc9 x11=0x00000ae7 PA:0x80008fcc
        3005000	       299	80000484	09020923	sb	x16,146(x4)	  x4:0x80008d5b x16:0x0000075d PA:0x80008ded
        3015000	       300	80000488	0220c103	lbu	x2,34(x1)	  x1:0x80008c8d  x2=0x00000006 PA:0x80008caf
        3025000	       301	8000048c	01d0c103	lbu	x2,29(x1)	  x1:0x80008c8d  x2=0x00000050 PA:0x80008caa
        3035000	       302	80000490	f3e24e03	lbu	x28,-194(x4)	  x4:0x80008d5b x28=0x00000073 PA:0x80008c99
        3045000	       303	80000494	00464483	lbu	x9,4(x12)	 x12:0x80008fc9  x9=0x0000000a PA:0x80008fcd
        3055000	       304	80000498	00808d83	lb	x27,8(x1)	  x1:0x80008c8d x27=0xffffffd8 PA:0x80008c95
        3065000	       305	8000049c	f0221fa3	sh	x2,-225(x4)	  x4:0x80008d5b  x2:0x00000050 PA:0x80008c7a
        3075000	       306	800004a0	fee60e23	sb	x14,-4(x12)	 x12:0x80008fc9 x14:0x80008378 PA:0x80008fc5
        3085000	       307	800004a4	03108223	sb	x17,36(x1)	  x1:0x80008c8d x17:0x80008379 PA:0x80008cb1
        3095000	       308	800004a8	fec619a3	sh	x12,-13(x12)	 x12:0x80008fc9 x12:0x80008fc9 PA:0x80008fbc
        3105000	       309	800004ac	01c20303	lb	x6,28(x4)	  x4:0x80008d5b  x6=0x00000010 PA:0x80008d77
        3115000	       310	800004b0	00009c17	auipc	x24,0x9	 x24=0x800094ac
        3125000	       311	800004b4	ad1c0c13	addi	x24,x24,-1327	 x24:0x800094ac x24=0x80008f7d
        3135000	       312	800004b8	2d258893	addi	x17,x11,722	 x11:0x00000ae7 x17=0x00000db9
        3145000	       313	800004bc	01bc0623	sb	x27,12(x24)	 x24:0x80008f7d x27:0xffffffd8 PA:0x80008f89
        3155000	       314	800004c0	0044e0b3	or	x1,x9,x4	  x9:0x0000000a  x4:0x80008d5b  x1=0x80008d5b
        3165000	       315	800004c4	ff0c4603	lbu	x12,-16(x24)	 x24:0x80008f7d x12=0x0000008a PA:0x80008f6d
        3175000	       316	800004c8	fffc0e03	lb	x28,-1(x24)	 x24:0x80008f7d x28=0xffffffdc PA:0x80008f7c
        3185000	       317	800004cc	fe5c1ca3	sh	x5,-7(x24)	 x24:0x80008f7d  x5:0xfffffff4 PA:0x80008f76
        3195000	       318	800004d0	004c4483	lbu	x9,4(x24)	 x24:0x80008f7d  x9=0x0000006c PA:0x80008f81
        3205000	       319	800004d4	002c4903	lbu	x18,2(x24)	 x24:0x80008f7d x18=0x00000027 PA:0x80008f7f
        3215000	       320	800004d8	ff7c0ea3	sb	x23,-3(x24)	 x24:0x80008f7d x23:0xffffffd6 PA:0x80008f7a
        3225000	       321	800004dc	ff0c0783	lb	x15,-16(x24)	 x24:0x80008f7d x15=0xffffff8a PA:0x80008f6d
        3235000	       322	800004e0	ff1c4783	lbu	x15,-15(x24)	 x24:0x80008f7d x15=0x0000008a PA:0x80008f6e
        3245000	       323	800004e4	3ab03093	sltiu	x1,x0,939	  x0:0x00000000  x1=0x00000001
        3255000	       324	800004e8	01494933	xor	x18,x18,x20	 x18:0x00000027 x20:0x80008f61 x18=0x80008f46
        3265000	       325	800004ec	0001f8b3	and	x17,x3,x0	  x3:0x00000025  x0:0x00000000 x17=0x00000000
        3275000	       326	800004f0	ffec2da3	sw	x30,-5(x24)	 x24:0x80008f7d x30:0x0000009a PA:0x80008f78
        3285000	       327	800004f4	01e99e33	sll	x28,x19,x30	 x19:0x0000001f x30:0x0000009a x28=0x7c000000
        3295000	       328	800004f8	01041b93	slli	x23,x8,0x10	  x8:0x0000001d x23=0x001d0000
        3305000	       329	800004fc	fffc0083	lb	x1,-1(x24)	 x24:0x80008f7d  x1=0xffffffdc PA:0x80008f7c
        3315000	       330	80000500	006c4003	lbu	x0,6(x24)	 x24:0x80008f7d PA:0x80008f83
        3325000	       331	80000504	3634b713	sltiu	x14,x9,867	  x9:0x0000006c x14=0x00000001
        3335000	       332	80000508	e9461a97	auipc	x21,0xe9461	 x21=0x69461504
        3345000	       333	8000050c	dc750613	addi	x12,x10,-569	 x10:0x80009f84 x12=0x80009d4b
        3355000	       334	80000510	4153d413	srai	x8,x7,0x15	  x7:0x800000a3  x8=0xfffffc00
        3365000	       335	80000514	b5f36593	ori	x11,x6,-1185	  x6:0x00000010 x11=0xfffffb5f
        3375000	       336	80000518	ffbc2603	lw	x12,-5(x24)	 x24:0x80008f7d x12=0x0000009a PA:0x80008f78
        3385000	       337	00000000	00000013	addi	x0,x0,0	  x0:0x00000000
        3395000	       338	8000051c	00cc0403	lb	x8,12(x24)	 x24:0x80008f7d  x8=0xffffffd8 PA:0x80008f89
        3405000	       339	80000520	00bb5633	srl	x12,x22,x11	 x22:0x494d8e8d x11:0xfffffb5f x12=0x00000000
        3415000	       340	80000524	010c0703	lb	x14,16(x24)	 x24:0x80008f7d x14=0xffffffad PA:0x80008f8d
        3425000	       341	80000528	1dfb7b93	andi	x23,x22,479	 x22:0x494d8e8d x23=0x0000008d
        3435000	       342	8000052c	0024fe33	and	x28,x9,x2	  x9:0x0000006c  x2:0x00000050 x28=0x00000040
        3445000	       343	80000530	52357b93	andi	x23,x10,1315	 x10:0x80009f84 x23=0x00000500
        3455000	       344	80000534	00bc4803	lbu	x16,11(x24)	 x24:0x80008f7d x16=0x000000e5 PA:0x80008f88
        3465000	       345	80000538	38d3ab93	slti	x23,x7,909	  x7:0x800000a3 x23=0x00000001
        3475000	       346	8000053c	ff9c0f03	lb	x30,-7(x24)	 x24:0x80008f7d x30=0xfffffff4 PA:0x80008f76
        3485000	       347	80000540	019c00a3	sb	x25,1(x24)	 x24:0x80008f7d x25:0xc94d8dea PA:0x80008f7e
        3495000	       348	80000544	00000013	addi	x0,x0,0	  x0:0x00000000
        3505000	       349	80000548	880e3a93	sltiu	x21,x28,-1920	 x28:0x00000040 x21=0x00000001
        3515000	       350	8000054c	00c0cab3	xor	x21,x1,x12	  x1:0xffffffdc x12:0x00000000 x21=0xffffffdc
        3525000	       351	80000550	ffcc08a3	sb	x28,-15(x24)	 x24:0x80008f7d x28:0x00000040 PA:0x80008f6e
        3535000	       352	80000554	9ed02013	slti	x0,x0,-1555	  x0:0x00000000
        3545000	       353	80000558	007c1883	lh	x17,7(x24)	 x24:0x80008f7d x17=0xffffd468 PA:0x80008f84
        3555000	       354	8000055c	9202a7b7	lui	x15,0x9202a	 x15=0x9202a000
        3565000	       355	80000560	0249e413	ori	x8,x19,36	 x19:0x0000001f  x8=0x0000003f
        3575000	       356	80000564	ff0c0603	lb	x12,-16(x24)	 x24:0x80008f7d x12=0xffffff8a PA:0x80008f6d
        3585000	       357	80000568	00009117	auipc	x2,0x9	  x2=0x80009564
        3595000	       358	8000056c	a1810113	addi	x2,x2,-1512	  x2:0x80009564  x2=0x80008f7c
        3605000	       359	80000570	01829813	slli	x16,x5,0x18	  x5:0xfffffff4 x16=0xf4000000
        3615000	       360	80000574	de014803	lbu	x16,-544(x2)	  x2:0x80008f7c x16=0x000000da PA:0x80008d5c
        3625000	       361	80000578	4c3d7493	andi	x9,x26,1219	 x26:0x80009fc4  x9=0x000004c0
        3635000	       362	8000057c	de014f03	lbu	x30,-544(x2)	  x2:0x80008f7c x30=0x000000da PA:0x80008d5c
        3645000	       363	80000580	86560e13	addi	x28,x12,-1947	 x12:0xffffff8a x28=0xfffff7ef
        3655000	       364	80000584	de010a03	lb	x20,-544(x2)	  x2:0x80008f7c x20=0xffffffda PA:0x80008d5c
        3665000	       365	80000588	de014e83	lbu	x29,-544(x2)	  x2:0x80008f7c x29=0x000000da PA:0x80008d5c
        3675000	       366	00000000	00000013	addi	x0,x0,0	  x0:0x00000000
        3685000	       367	8000058c	dfd10023	sb	x29,-544(x2)	  x2:0x80008f7c x29:0x000000da PA:0x80008d5c
        3695000	       368	80000590	de010c03	lb	x24,-544(x2)	  x2:0x80008f7c x24=0xffffffda PA:0x80008d5c
        3705000	       369	80000594	de011f83	lh	x31,-544(x2)	  x2:0x80008f7c x31=0x00003eda PA:0x80008d5c
        3715000	       370	80000598	de014403	lbu	x8,-544(x2)	  x2:0x80008f7c  x8=0x000000da PA:0x80008d5c
        3725000	       371	8000059c	de014b03	lbu	x22,-544(x2)	  x2:0x80008f7c x22=0x000000da PA:0x80008d5c
        3735000	       372	800005a0	00e697b3	sll	x15,x13,x14	 x13:0x00000000 x14:0xffffffad x15=0x00000000
        3745000	       373	800005a4	de015e83	lhu	x29,-544(x2)	  x2:0x80008f7c x29=0x00003eda PA:0x80008d5c
        3755000	       374	800005a8	b3824d93	xori	x27,x4,-1224	  x4:0x80008d5b x27=0x7fff7663
        3765000	       375	800005ac	de015083	lhu	x1,-544(x2)	  x2:0x80008f7c  x1=0x00003eda PA:0x80008d5c
        3775000	       376	800005b0	de015e03	lhu	x28,-544(x2)	  x2:0x80008f7c x28=0x00003eda PA:0x80008d5c
        3785000	       377	800005b4	6ceca713	slti	x14,x25,1742	 x25:0xc94d8dea x14=0x00000001
        3795000	       378	800005b8	de612023	sw	x6,-544(x2)	  x2:0x80008f7c  x6:0x00000010 PA:0x80008d5c
        3805000	       379	800005bc	de014983	lbu	x19,-544(x2)	  x2:0x80008f7c x19=0x00000010 PA:0x80008d5c
        3815000	       380	800005c0	00008e97	auipc	x29,0x8	 x29=0x800085bc
        3825000	       381	800005c4	207e8e93	addi	x29,x29,519	 x29:0x800085bc x29=0x800087c3
        3835000	       382	800005c8	00008917	auipc	x18,0x8	 x18=0x800085c4
        3845000	       383	800005cc	d9290913	addi	x18,x18,-622	 x18:0x800085c4 x18=0x80008356
        3855000	       384	800005d0	f5ded283	lhu	x5,-163(x29)	 x29:0x800087c3  x5=0x0000a998 PA:0x80008720
        3865000	       385	800005d4	f36e88a3	sb	x22,-207(x29)	 x29:0x800087c3 x22:0x000000da PA:0x800086f4
        3875000	       386	800005d8	017e8983	lb	x19,23(x29)	 x29:0x800087c3 x19=0xffffffc7 PA:0x800087da
        3885000	       387	800005dc	fec95c03	lhu	x24,-20(x18)	 x18:0x80008356 x24=0x0000e1e0 PA:0x80008342
        3895000	       388	800005e0	fece8a83	lb	x21,-20(x29)	 x29:0x800087c3 x21=0x0000001b PA:0x800087af
        3905000	       389	800005e4	03f90003	lb	x0,63(x18)	 x18:0x80008356 PA:0x80008395
        3915000	       390	800005e8	00390223	sb	x3,4(x18)	 x18:0x80008356  x3:0x00000025 PA:0x8000835a
        3925000	       391	800005ec	fcdea8a3	sw	x13,-47(x29)	 x29:0x800087c3 x13:0x00000000 PA:0x80008794
        3935000	       392	800005f0	fe594803	lbu	x16,-27(x18)	 x18:0x80008356 x16=0x000000a5 PA:0x8000833b
        3945000	       393	800005f4	02194203	lbu	x4,33(x18)	 x18:0x80008356  x4=0x000000ca PA:0x80008377
        3955000	       394	800005f8	02e91b23	sh	x14,54(x18)	 x18:0x80008356 x14:0x00000001 PA:0x8000838c
        3965000	       395	800005fc	f5de9883	lh	x17,-163(x29)	 x29:0x800087c3 x17=0xffffa998 PA:0x80008720
        3975000	       396	80000600	fd494303	lbu	x6,-44(x18)	 x18:0x80008356  x6=0x00000057 PA:0x8000832a
        3985000	       397	80000604	ffe903a3	sb	x30,-25(x18)	 x18:0x80008356 x30:0x000000da PA:0x8000833d
        3995000	       398	80000608	00008f17	auipc	x30,0x8	 x30=0x80008604
        4005000	       399	8000060c	1cff0f13	addi	x30,x30,463	 x30:0x80008604 x30=0x800087d3
        4015000	       400	80000610	00ceddb3	srl	x27,x29,x12	 x29:0x800087c3 x12:0xffffff8a x27=0x00200021
        4025000	       401	80000614	00000013	addi	x0,x0,0	  x0:0x00000000
        4035000	       402	80000618	f8ff4e83	lbu	x29,-113(x30)	 x30:0x800087d3 x29=0x000000e4 PA:0x80008762
        4045000	       403	8000061c	31a0ff93	andi	x31,x1,794	  x1:0x00003eda x31=0x0000021a
        4055000	       404	80000620	fc5f14a3	sh	x5,-55(x30)	 x30:0x800087d3  x5:0x0000a998 PA:0x8000879c
        4065000	       405	80000624	00a2d793	srli	x15,x5,0xa	  x5:0x0000a998 x15=0x0000002a
        4075000	       406	80000628	f8af24a3	sw	x10,-119(x30)	 x30:0x800087d3 x10:0x80009f84 PA:0x8000875c
        4085000	       407	8000062c	fa7f4483	lbu	x9,-89(x30)	 x30:0x800087d3  x9=0x00000046 PA:0x8000877a
        4095000	       408	80000630	012afc33	and	x24,x21,x18	 x21:0x0000001b x18:0x80008356 x24=0x00000012
        4105000	       409	80000634	40d10333	sub	x6,x2,x13	  x2:0x80008f7c x13:0x00000000  x6=0x80008f7c
        4115000	       410	80000638	b889cb13	xori	x22,x19,-1144	 x19:0xffffffc7 x22=0x0000044f
        4125000	       411	8000063c	eac3c613	xori	x12,x7,-340	  x7:0x800000a3 x12=0x7ffffe0f
        4135000	       412	80000640	000b2433	slt	x8,x22,x0	 x22:0x0000044f  x0:0x00000000  x8=0x00000000
        4145000	       413	80000644	fb1f0b83	lb	x23,-79(x30)	 x30:0x800087d3 x23=0xffffffdb PA:0x80008784
        4155000	       414	80000648	e1333e13	sltiu	x28,x6,-493	  x6:0x80008f7c x28=0x00000001
        4165000	       415	8000064c	019f8433	add	x8,x31,x25	 x31:0x0000021a x25:0xc94d8dea  x8=0xc94d9004
        4175000	       416	80000650	05ff01a3	sb	x31,67(x30)	 x30:0x800087d3 x31:0x0000021a PA:0x80008816
        4185000	       417	80000654	8dbf3093	sltiu	x1,x30,-1829	 x30:0x800087d3  x1=0x00000001
        4195000	       418	80000658	f8ef0d83	lb	x27,-114(x30)	 x30:0x800087d3 x27=0x00000044 PA:0x80008761
        4205000	       419	8000065c	84d03913	sltiu	x18,x0,-1971	  x0:0x00000000 x18=0x00000001
        4215000	       420	80000660	00ba9313	slli	x6,x21,0xb	 x21:0x0000001b  x6=0x0000d800
        4225000	       421	80000664	40b3de33	sra	x28,x7,x11	  x7:0x800000a3 x11:0xfffffb5f x28=0xffffffff
        4235000	       422	80000668	00ff1b33	sll	x22,x30,x15	 x30:0x800087d3 x15:0x0000002a x22=0x021f4c00
        4245000	       423	8000066c	ebafa5b7	lui	x11,0xebafa	 x11=0xebafa000
        4255000	       424	80000670	f02f0703	lb	x14,-254(x30)	 x30:0x800087d3 x14=0xffffffaa PA:0x800086d5
        4265000	       425	80000674	01254933	xor	x18,x10,x18	 x10:0x80009f84 x18:0x00000001 x18=0x80009f85
        4275000	       426	80000678	00eefa33	and	x20,x29,x14	 x29:0x000000e4 x14:0xffffffaa x20=0x000000a0
        4285000	       427	8000067c	008690b3	sll	x1,x13,x8	 x13:0x00000000  x8:0xc94d9004  x1=0x00000000
        4295000	       428	80000680	40da5c93	srai	x25,x20,0xd	 x20:0x000000a0 x25=0x00000000
        4305000	       429	80000684	00375993	srli	x19,x14,0x3	 x14:0xffffffaa x19=0x1ffffff5
        4315000	       430	80000688	fd8f0203	lb	x4,-40(x30)	 x30:0x800087d3  x4=0xffffffa4 PA:0x800087ab
        4325000	       431	8000068c	01afda13	srli	x20,x31,0x1a	 x31:0x0000021a x20=0x00000000
        4335000	       432	80000690	4d3c4893	xori	x17,x24,1235	 x24:0x00000012 x17=0x000004c1
        4345000	       433	80000694	f08f4583	lbu	x11,-248(x30)	 x30:0x800087d3 x11=0x00000083 PA:0x800086db
        4355000	       434	80000698	f38f0603	lb	x12,-200(x30)	 x30:0x800087d3 x12=0x00000038 PA:0x8000870b
        4365000	       435	8000069c	f70f0423	sb	x16,-152(x30)	 x30:0x800087d3 x16:0x000000a5 PA:0x8000873b
        4375000	       436	800006a0	f80f0203	lb	x4,-128(x30)	 x30:0x800087d3  x4=0xffffffcd PA:0x80008753
        4385000	       437	800006a4	455ee713	ori	x14,x29,1109	 x29:0x000000e4 x14=0x000004f5
        4395000	       438	800006a8	001da333	slt	x6,x27,x1	 x27:0x00000044  x1:0x00000000  x6=0x00000000
        4405000	       439	800006ac	fb2f4583	lbu	x11,-78(x30)	 x30:0x800087d3 x11=0x0000008b PA:0x80008785
        4415000	       440	800006b0	00000013	addi	x0,x0,0	  x0:0x00000000
        4425000	       441	800006b4	2a964993	xori	x19,x12,681	 x12:0x00000038 x19=0x00000291
        4435000	       442	800006b8	03af0223	sb	x26,36(x30)	 x30:0x800087d3 x26:0x80009fc4 PA:0x800087f7
        4445000	       443	800006bc	00008497	auipc	x9,0x8	  x9=0x800086b8
        4455000	       444	800006c0	c3d48493	addi	x9,x9,-963	  x9:0x800086b8  x9=0x800082f5
        4465000	       445	800006c4	0d749ea3	sh	x23,221(x9)	  x9:0x800082f5 x23:0xffffffdb PA:0x800083d2
        4475000	       446	800006c8	71d0f297	auipc	x5,0x71d0f	  x5=0xf1d0f6c4
        4485000	       447	800006cc	019c1e13	slli	x28,x24,0x19	 x24:0x00000012 x28=0x24000000
        4495000	       448	800006d0	f7048623	sb	x16,-148(x9)	  x9:0x800082f5 x16:0x000000a5 PA:0x80008261
        4505000	       449	800006d4	f6048583	lb	x11,-160(x9)	  x9:0x800082f5 x11=0x0000002f PA:0x80008255
        4515000	       450	800006d8	fee4cf03	lbu	x30,-18(x9)	  x9:0x800082f5 x30=0x00000071 PA:0x800082e3
        4525000	       451	800006dc	0e549703	lh	x14,229(x9)	  x9:0x800082f5 x14=0xffffd67d PA:0x800083da
        4535000	       452	800006e0	0bf49603	lh	x12,191(x9)	  x9:0x800082f5 x12=0xffff86c5 PA:0x800083b4
        4545000	       453	800006e4	f8848203	lb	x4,-120(x9)	  x9:0x800082f5  x4=0xffffffdc PA:0x8000827d
        4555000	       454	800006e8	fa3488a3	sb	x3,-79(x9)	  x9:0x800082f5  x3:0x00000025 PA:0x800082a6
        4565000	       455	800006ec	01c48803	lb	x16,28(x9)	  x9:0x800082f5 x16=0x00000000 PA:0x80008311
        4575000	       456	800006f0	f4048283	lb	x5,-192(x9)	  x9:0x800082f5  x5=0xffffff91 PA:0x80008235
        4585000	       457	800006f4	00ffec33	or	x24,x31,x15	 x31:0x0000021a x15:0x0000002a x24=0x0000023a
        4595000	       458	800006f8	008f5e93	srli	x29,x30,0x8	 x30:0x00000071 x29=0x00000000
        4605000	       459	800006fc	8099ac13	slti	x24,x19,-2039	 x19:0x00000291 x24=0x00000000
        4615000	       460	80000700	468fa213	slti	x4,x31,1128	 x31:0x0000021a  x4=0x00000001
        4625000	       461	80000704	f6948ca3	sb	x9,-135(x9)	  x9:0x800082f5  x9:0x800082f5 PA:0x8000826e
        4635000	       462	80000708	b7d12313	slti	x6,x2,-1155	  x2:0x80008f7c  x6=0x00000001
        4645000	       463	8000070c	011cf1b3	and	x3,x25,x17	 x25:0x00000000 x17:0x000004c1  x3=0x00000000
        4655000	       464	80000710	f1f482a3	sb	x31,-251(x9)	  x9:0x800082f5 x31:0x0000021a PA:0x800081fa
        4665000	       465	80000714	4019deb3	sra	x29,x19,x1	 x19:0x00000291  x1:0x00000000 x29=0x00000291
        4675000	       466	80000718	05148423	sb	x17,72(x9)	  x9:0x800082f5 x17:0x000004c1 PA:0x8000833d
        4685000	       467	8000071c	417f5293	srai	x5,x30,0x17	 x30:0x00000071  x5=0x00000000
        4695000	       468	80000720	0dd48a23	sb	x29,212(x9)	  x9:0x800082f5 x29:0x00000291 PA:0x800083c9
        4705000	       469	80000724	0134a703	lw	x14,19(x9)	  x9:0x800082f5 x14=0xcf106a12 PA:0x80008308
        4715000	       470	80000728	f1848323	sb	x24,-250(x9)	  x9:0x800082f5 x24:0x00000000 PA:0x800081fb
        4725000	       471	8000072c	f8648b03	lb	x22,-122(x9)	  x9:0x800082f5 x22=0x0000006c PA:0x8000827b
        4735000	       472	80000730	00985393	srli	x7,x16,0x9	 x16:0x00000000  x7=0x00000000
        4745000	       473	80000734	f064cb83	lbu	x23,-250(x9)	  x9:0x800082f5 x23=0x00000000 PA:0x800081fb
        4755000	       474	80000738	01af3f33	sltu	x30,x30,x26	 x30:0x00000071 x26:0x80009fc4 x30=0x00000001
        4765000	       475	8000073c	02f48903	lb	x18,47(x9)	  x9:0x800082f5 x18=0xfffffff3 PA:0x80008324
        4775000	       476	80000740	0186ce33	xor	x28,x13,x24	 x13:0x00000000 x24:0x00000000 x28=0x00000000
        4785000	       477	80000744	05e4c203	lbu	x4,94(x9)	  x9:0x800082f5  x4=0x00000057 PA:0x80008353
        4795000	       478	00000000	00000013	addi	x0,x0,0	  x0:0x00000000
        4805000	       479	80000748	00448423	sb	x4,8(x9)	  x9:0x800082f5  x4:0x00000057 PA:0x800082fd
        4815000	       480	8000074c	00635993	srli	x19,x6,0x6	  x6:0x00000001 x19=0x00000000
        4825000	       481	80000750	08548f23	sb	x5,158(x9)	  x9:0x800082f5  x5:0x00000000 PA:0x80008393
        4835000	       482	80000754	01104c33	xor	x24,x0,x17	  x0:0x00000000 x17:0x000004c1 x24=0x000004c1
        4845000	       483	80000758	0182c3b3	xor	x7,x5,x24	  x5:0x00000000 x24:0x000004c1  x7=0x000004c1
        4855000	       484	8000075c	0d148223	sb	x17,196(x9)	  x9:0x800082f5 x17:0x000004c1 PA:0x800083b9
        4865000	       485	80000760	40f0d313	srai	x6,x1,0xf	  x1:0x00000000  x6=0x00000000
        4875000	       486	80000764	008f17b3	sll	x15,x30,x8	 x30:0x00000001  x8:0xc94d9004 x15=0x00000010
        4885000	       487	80000768	0ef48e03	lb	x28,239(x9)	  x9:0x800082f5 x28=0xffffffe3 PA:0x800083e4
        4895000	       488	8000076c	fda4c283	lbu	x5,-38(x9)	  x9:0x800082f5  x5=0x0000003b PA:0x800082cf
        4905000	       489	80000770	09548003	lb	x0,149(x9)	  x9:0x800082f5 PA:0x8000838a
        4915000	       490	80000774	53b4e093	ori	x1,x9,1339	  x9:0x800082f5  x1=0x800087ff
        4925000	       491	80000778	40e08933	sub	x18,x1,x14	  x1:0x800087ff x14:0xcf106a12 x18=0xb0f01ded
        4935000	       492	8000077c	0da4c003	lbu	x0,218(x9)	  x9:0x800082f5 PA:0x800083cf
        4945000	       493	80000780	005d3bb3	sltu	x23,x26,x5	 x26:0x80009fc4  x5:0x0000003b x23=0x00000000
        4955000	       494	80000784	0954d603	lhu	x12,149(x9)	  x9:0x800082f5 x12=0x00003949 PA:0x8000838a
        4965000	       495	80000788	008c1833	sll	x16,x24,x8	 x24:0x000004c1  x8:0xc94d9004 x16=0x00004c10
        4975000	       496	8000078c	0cf49403	lh	x8,207(x9)	  x9:0x800082f5  x8=0x00003b32 PA:0x800083c4
        4985000	       497	80000790	01eb2233	slt	x4,x22,x30	 x22:0x0000006c x30:0x00000001  x4=0x00000000
        4995000	       498	80000794	f7148023	sb	x17,-160(x9)	  x9:0x800082f5 x17:0x000004c1 PA:0x80008255
        5005000	       499	80000798	00008117	auipc	x2,0x8	  x2=0x80008794
        5015000	       500	8000079c	36910113	addi	x2,x2,873	  x2:0x80008794  x2=0x80008afd
        5025000	       501	800007a0	01914283	lbu	x5,25(x2)	  x2:0x80008afd  x5=0x00000076 PA:0x80008b16
        5035000	       502	800007a4	00403bb3	sltu	x23,x0,x4	  x0:0x00000000  x4:0x00000000 x23=0x00000000
        5045000	       503	800007a8	00214083	lbu	x1,2(x2)	  x2:0x80008afd  x1=0x000000f5 PA:0x80008aff
        5055000	       504	800007ac	01010123	sb	x16,2(x2)	  x2:0x80008afd x16:0x00004c10 PA:0x80008aff
        5065000	       505	800007b0	00710123	sb	x7,2(x2)	  x2:0x80008afd  x7:0x000004c1 PA:0x80008aff
        5075000	       506	800007b4	00214383	lbu	x7,2(x2)	  x2:0x80008afd  x7=0x000000c1 PA:0x80008aff
        5085000	       507	800007b8	00512ba3	sw	x5,23(x2)	  x2:0x80008afd  x5:0x00000076 PA:0x80008b14
        5095000	       508	800007bc	00a75233	srl	x4,x14,x10	 x14:0xcf106a12 x10:0x80009f84  x4=0x0cf106a1
        5105000	       509	800007c0	fe710583	lb	x11,-25(x2)	  x2:0x80008afd x11=0xfffffff0 PA:0x80008ae4
        5115000	       510	800007c4	ffb12983	lw	x19,-5(x2)	  x2:0x80008afd x19=0x1546d4bb PA:0x80008af8
        5125000	       511	800007c8	ffb15303	lhu	x6,-5(x2)	  x2:0x80008afd  x6=0x0000d4bb PA:0x80008af8
        5135000	       512	800007cc	ffb11983	lh	x19,-5(x2)	  x2:0x80008afd x19=0xffffd4bb PA:0x80008af8
        5145000	       513	800007d0	4144d433	sra	x8,x9,x20	  x9:0x800082f5 x20:0x00000000  x8=0x800082f5
        5155000	       514	800007d4	e3b72813	slti	x16,x14,-453	 x14:0xcf106a12 x16=0x00000001
        5165000	       515	800007d8	019315b3	sll	x11,x6,x25	  x6:0x0000d4bb x25:0x00000000 x11=0x0000d4bb
        5175000	       516	800007dc	fea11da3	sh	x10,-5(x2)	  x2:0x80008afd x10:0x80009f84 PA:0x80008af8
        5185000	       517	800007e0	fe014983	lbu	x19,-32(x2)	  x2:0x80008afd x19=0x000000e4 PA:0x80008add
        5195000	       518	800007e4	fe010203	lb	x4,-32(x2)	  x2:0x80008afd  x4=0xffffffe4 PA:0x80008add
        5205000	       519	800007e8	fe014303	lbu	x6,-32(x2)	  x2:0x80008afd  x6=0x000000e4 PA:0x80008add
        5215000	       520	800007ec	00008c97	auipc	x25,0x8	 x25=0x800087e8
        5225000	       521	800007f0	8ccc8c93	addi	x25,x25,-1844	 x25:0x800087e8 x25=0x800080b4
        5235000	       522	800007f4	5cec8303	lb	x6,1486(x25)	 x25:0x800080b4  x6=0x0000002a PA:0x80008682
        5245000	       523	800007f8	5ccc8723	sb	x12,1486(x25)	 x25:0x800080b4 x12:0x00003949 PA:0x80008682
        5255000	       524	800007fc	011ea433	slt	x8,x29,x17	 x29:0x00000291 x17:0x000004c1  x8=0x00000001
        5265000	       525	80000800	5cec9803	lh	x16,1486(x25)	 x25:0x800080b4 x16=0xffff9349 PA:0x80008682
        5275000	       526	80000804	5cec9e83	lh	x29,1486(x25)	 x25:0x800080b4 x29=0xffff9349 PA:0x80008682
        5285000	       527	80000808	00841413	slli	x8,x8,0x8	  x8:0x00000001  x8=0x00000100
        5295000	       528	8000080c	5cecd983	lhu	x19,1486(x25)	 x25:0x800080b4 x19=0x00009349 PA:0x80008682
        5305000	       529	80000810	40a502b3	sub	x5,x10,x10	 x10:0x80009f84 x10:0x80009f84  x5=0x00000000
        5315000	       530	80000814	5cecd703	lhu	x14,1486(x25)	 x25:0x800080b4 x14=0x00009349 PA:0x80008682
        5325000	       531	00000000	00000013	addi	x0,x0,0	  x0:0x00000000
        5335000	       532	80000818	5cecc703	lbu	x14,1486(x25)	 x25:0x800080b4 x14=0x00000049 PA:0x80008682
        5345000	       533	8000081c	5cdc9723	sh	x13,1486(x25)	 x25:0x800080b4 x13:0x00000000 PA:0x80008682
        5355000	       534	80000820	5cecc003	lbu	x0,1486(x25)	 x25:0x800080b4 PA:0x80008682
        5365000	       535	80000824	5cecd803	lhu	x16,1486(x25)	 x25:0x800080b4 x16=0x00000000 PA:0x80008682
        5375000	       536	80000828	5cec8803	lb	x16,1486(x25)	 x25:0x800080b4 x16=0x00000000 PA:0x80008682
        5385000	       537	8000082c	5cec9203	lh	x4,1486(x25)	 x25:0x800080b4  x4=0x00000000 PA:0x80008682
        5395000	       538	80000830	5ceccc03	lbu	x24,1486(x25)	 x25:0x800080b4 x24=0x00000000 PA:0x80008682
        5405000	       539	80000834	5cdc8723	sb	x13,1486(x25)	 x25:0x800080b4 x13:0x00000000 PA:0x80008682
        5415000	       540	80000838	5cec8b83	lb	x23,1486(x25)	 x25:0x800080b4 x23=0x00000000 PA:0x80008682
        5425000	       541	8000083c	5cecd983	lhu	x19,1486(x25)	 x25:0x800080b4 x19=0x00000000 PA:0x80008682
        5435000	       542	80000840	5dec9723	sh	x30,1486(x25)	 x25:0x800080b4 x30:0x00000001 PA:0x80008682
        5445000	       543	80000844	5c1c9723	sh	x1,1486(x25)	 x25:0x800080b4  x1:0x000000f5 PA:0x80008682
        5455000	       544	80000848	0d4cca83	lbu	x21,212(x25)	 x25:0x800080b4 x21=0x00000098 PA:0x80008188
        5465000	       545	8000084c	00008617	auipc	x12,0x8	 x12=0x80008848
        5475000	       546	80000850	32260613	addi	x12,x12,802	 x12:0x80008848 x12=0x80008b6a
        5485000	       547	80000854	00008d97	auipc	x27,0x8	 x27=0x80008850
        5495000	       548	80000858	0bed8d93	addi	x27,x27,190	 x27:0x80008850 x27=0x8000890e
        5505000	       549	8000085c	00008417	auipc	x8,0x8	  x8=0x80008858
        5515000	       550	80000860	1ef40413	addi	x8,x8,495	  x8:0x80008858  x8=0x80008a47
        5525000	       551	80000864	00008a17	auipc	x20,0x8	 x20=0x80008860
        5535000	       552	80000868	077a0a13	addi	x20,x20,119	 x20:0x80008860 x20=0x800088d7
        5545000	       553	8000086c	fc465303	lhu	x6,-60(x12)	 x12:0x80008b6a  x6=0x0000dff3 PA:0x80008b2e
        5555000	       554	80000870	00008f17	auipc	x30,0x8	 x30=0x8000886c
        5565000	       555	80000874	5d9f0f13	addi	x30,x30,1497	 x30:0x8000886c x30=0x80008e45
        5575000	       556	80000878	fea61423	sh	x10,-24(x12)	 x12:0x80008b6a x10:0x80009f84 PA:0x80008b52
        5585000	       557	8000087c	238dd803	lhu	x16,568(x27)	 x27:0x8000890e x16=0x0000119d PA:0x80008b46
        5595000	       558	80000880	02661423	sh	x6,40(x12)	 x12:0x80008b6a  x6:0x0000dff3 PA:0x80008b92
        5605000	       559	80000884	fd7f2e83	lw	x29,-41(x30)	 x30:0x80008e45 x29=0x0e3ead9b PA:0x80008e1c
        5615000	       560	80000888	58fd8783	lb	x15,1423(x27)	 x27:0x8000890e x15=0x0000001b PA:0x80008e9d
        5625000	       561	8000088c	014a0803	lb	x16,20(x20)	 x20:0x800088d7 x16=0xfffffffb PA:0x800088eb
        5635000	       562	80000890	16144703	lbu	x14,353(x8)	  x8:0x80008a47 x14=0x00000078 PA:0x80008ba8
        5645000	       563	80000894	6c5d8c03	lb	x24,1733(x27)	 x27:0x8000890e x24=0xffffffd6 PA:0x80008fd3
        5655000	       564	80000898	57ad9803	lh	x16,1402(x27)	 x27:0x8000890e x16=0x000034d2 PA:0x80008e88
        5665000	       565	8000089c	fdbf0923	sb	x27,-46(x30)	 x30:0x80008e45 x27:0x8000890e PA:0x80008e17
        5675000	       566	800008a0	021a0883	lb	x17,33(x20)	 x20:0x800088d7 x17=0x0000004a PA:0x800088f8
        5685000	       567	800008a4	fcff5f83	lhu	x31,-49(x30)	 x30:0x80008e45 x31=0x0000f3a9 PA:0x80008e14
        5695000	       568	800008a8	199dc283	lbu	x5,409(x27)	 x27:0x8000890e  x5=0x000000de PA:0x80008aa7
        5705000	       569	800008ac	fe6a4103	lbu	x2,-26(x20)	 x20:0x800088d7  x2=0x0000001d PA:0x800088bd
        5715000	       570	800008b0	00665183	lhu	x3,6(x12)	 x12:0x80008b6a  x3=0x0000d894 PA:0x80008b70
        5725000	       571	800008b4	fd6f0703	lb	x14,-42(x30)	 x30:0x80008e45 x14=0xffffffc1 PA:0x80008e1b
        5735000	       572	800008b8	ff8a0f83	lb	x31,-8(x20)	 x20:0x800088d7 x31=0xfffffff9 PA:0x800088cf
        5745000	       573	800008bc	fdbf1783	lh	x15,-37(x30)	 x30:0x80008e45 x15=0xffff8f58 PA:0x80008e20
        5755000	       574	800008c0	1f341b03	lh	x22,499(x8)	  x8:0x80008a47 x22=0x00004d16 PA:0x80008c3a
        5765000	       575	800008c4	feea0103	lb	x2,-18(x20)	 x20:0x800088d7  x2=0xffffff99 PA:0x800088c5
        5775000	       576	800008c8	49544783	lbu	x15,1173(x8)	  x8:0x80008a47 x15=0x0000008b PA:0x80008edc
        5785000	       577	800008cc	387d8b83	lb	x23,903(x27)	 x27:0x8000890e x23=0xffffffd8 PA:0x80008c95
        5795000	       578	800008d0	fc960023	sb	x9,-64(x12)	 x12:0x80008b6a  x9:0x800082f5 PA:0x80008b2a
        5805000	       579	800008d4	02ba0923	sb	x11,50(x20)	 x20:0x800088d7 x11:0x0000d4bb PA:0x80008909
        5815000	       580	800008d8	01af4b03	lbu	x22,26(x30)	 x30:0x80008e45 x22=0x000000cb PA:0x80008e5f
        5825000	       581	800008dc	031f5703	lhu	x14,49(x30)	 x30:0x80008e45 x14=0x00009b63 PA:0x80008e76
        5835000	       582	800008e0	fddf5c83	lhu	x25,-35(x30)	 x30:0x80008e45 x25=0x00001956 PA:0x80008e22
        5845000	       583	800008e4	fcda2283	lw	x5,-51(x20)	 x20:0x800088d7  x5=0x5a626e97 PA:0x800088a4
        5855000	       584	800008e8	f0244803	lbu	x16,-254(x8)	  x8:0x80008a47 x16=0x000000fa PA:0x80008949
        5865000	       585	800008ec	338402a3	sb	x24,805(x8)	  x8:0x80008a47 x24:0xffffffd6 PA:0x80008d6c
        5875000	       586	800008f0	fc6f0e03	lb	x28,-58(x30)	 x30:0x80008e45 x28=0x00000002 PA:0x80008e0b
        5885000	       587	800008f4	00008b17	auipc	x22,0x8	 x22=0x800088f0
        5895000	       588	800008f8	9b7b0b13	addi	x22,x22,-1609	 x22:0x800088f0 x22=0x800082a7
        5905000	       589	800008fc	00008997	auipc	x19,0x8	 x19=0x800088f8
        5915000	       590	80000900	cd698993	addi	x19,x19,-810	 x19:0x800088f8 x19=0x800085ce
        5925000	       591	80000904	072b0f83	lb	x31,114(x22)	 x22:0x800082a7 x31=0xffffff8d PA:0x80008319
        5935000	       592	80000908	bea99803	lh	x16,-1046(x19)	 x19:0x800085ce x16=0xffffc97e PA:0x800081b8
        5945000	       593	8000090c	ffdb2d83	lw	x27,-3(x22)	 x22:0x800082a7 x27=0x2d250cd4 PA:0x800082a4
        5955000	       594	80000910	c819ca03	lbu	x20,-895(x19)	 x19:0x800085ce x20=0x00000022 PA:0x8000824f
        5965000	       595	80000914	05cb0ca3	sb	x28,89(x22)	 x22:0x800082a7 x28:0x00000002 PA:0x80008300
        5975000	       596	80000918	f63b0083	lb	x1,-157(x22)	 x22:0x800082a7  x1=0x00000003 PA:0x8000820a
        5985000	       597	8000091c	e9a9cf03	lbu	x30,-358(x19)	 x19:0x800085ce x30=0x000000ed PA:0x80008468
        5995000	       598	80000920	e3598b83	lb	x23,-459(x19)	 x19:0x800085ce x23=0x00000069 PA:0x80008403
        6005000	       599	80000924	0a2b4483	lbu	x9,162(x22)	 x22:0x800082a7  x9=0x00000032 PA:0x80008349
        6015000	       600	80000928	aed98f23	sb	x13,-1282(x19)	 x19:0x800085ce x13:0x00000000 PA:0x800080cc
        6025000	       601	8000092c	f5ab0903	lb	x18,-166(x22)	 x22:0x800082a7 x18=0xffffffd5 PA:0x80008201
        6035000	       602	80000930	0dcb0e83	lb	x29,220(x22)	 x22:0x800082a7 x29=0xfffffffc PA:0x80008383
        6045000	       603	00000000	00000013	addi	x0,x0,0	  x0:0x00000000
        6055000	       604	80000934	0dd98483	lb	x9,221(x19)	 x19:0x800085ce  x9=0x00000072 PA:0x800086ab
        6065000	       605	80000938	ef1984a3	sb	x17,-279(x19)	 x19:0x800085ce x17:0x0000004a PA:0x800084b7
        6075000	       606	8000093c	bbf9c183	lbu	x3,-1089(x19)	 x19:0x800085ce  x3=0x000000f0 PA:0x8000818d
        6085000	       607	80000940	ee598403	lb	x8,-283(x19)	 x19:0x800085ce  x8=0xfffffff1 PA:0x800084b3
        6095000	       608	80000944	b8f98103	lb	x2,-1137(x19)	 x19:0x800085ce  x2=0xffffffa5 PA:0x8000815d
        6105000	       609	80000948	00008197	auipc	x3,0x8	  x3=0x80008944
        6115000	       610	8000094c	a4c18193	addi	x3,x3,-1460	  x3:0x80008944  x3=0x80008390
        6125000	       611	80000950	fef1cf83	lbu	x31,-17(x3)	  x3:0x80008390 x31=0x000000cb PA:0x8000837f
        6135000	       612	80000954	ff5187a3	sb	x21,-17(x3)	  x3:0x80008390 x21:0x00000098 PA:0x8000837f
        6145000	       613	80000958	00f0ab33	slt	x22,x1,x15	  x1:0x00000003 x15:0x0000008b x22=0x00000001
        6155000	       614	8000095c	fef18e83	lb	x29,-17(x3)	  x3:0x80008390 x29=0xffffff98 PA:0x8000837f
        6165000	       615	80000960	0221ae23	sw	x2,60(x3)	  x3:0x80008390  x2:0xffffffa5 PA:0x800083cc
        6175000	       616	80000964	0271ae23	sw	x7,60(x3)	  x3:0x80008390  x7:0x000000c1 PA:0x800083cc
        6185000	       617	80000968	03c1c303	lbu	x6,60(x3)	  x3:0x80008390  x6=0x000000c1 PA:0x800083cc
        6195000	       618	8000096c	02718e23	sb	x7,60(x3)	  x3:0x80008390  x7:0x000000c1 PA:0x800083cc
        6205000	       619	80000970	40f68333	sub	x6,x13,x15	 x13:0x00000000 x15:0x0000008b  x6=0xffffff75
        6215000	       620	80000974	02b19e23	sh	x11,60(x3)	  x3:0x80008390 x11:0x0000d4bb PA:0x800083cc
        6225000	       621	80000978	005c5233	srl	x4,x24,x5	 x24:0xffffffd6  x5:0x5a626e97  x4=0x000001ff
        6235000	       622	8000097c	03c19003	lh	x0,60(x3)	  x3:0x80008390 PA:0x800083cc
        6245000	       623	80000980	fc818ba3	sb	x8,-41(x3)	  x3:0x80008390  x8:0xfffffff1 PA:0x80008367
        6255000	       624	80000984	fd71ca83	lbu	x21,-41(x3)	  x3:0x80008390 x21=0x000000f1 PA:0x80008367
        6265000	       625	80000988	10857e13	andi	x28,x10,264	 x10:0x80009f84 x28=0x00000100
        6275000	       626	8000098c	fd718e03	lb	x28,-41(x3)	  x3:0x80008390 x28=0xfffffff1 PA:0x80008367
        6285000	       627	80000990	015cbf33	sltu	x30,x25,x21	 x25:0x00001956 x21:0x000000f1 x30=0x00000000
        6295000	       628	80000994	40c90233	sub	x4,x18,x12	 x18:0xffffffd5 x12:0x80008b6a  x4=0x7fff746b
        6305000	       629	80000998	fd71c703	lbu	x14,-41(x3)	  x3:0x80008390 x14=0x000000f1 PA:0x80008367
        6315000	       630	8000099c	029c9c63	bne	x25,x9,800009d4	 x25:0x00001956  x9:0x00000072
        6325000	       631	00000000	00000013	addi	x0,x0,0	  x0:0x00000000
        6335000	       632	800009d0	00000013	addi	x0,x0,0	  x0:0x00000000
        6345000	       633	800009d4	01517eb3	and	x29,x2,x21	  x2:0xffffffa5 x21:0x000000f1 x29=0x000000a1
        6355000	       634	800009d8	00f2d7b3	srl	x15,x5,x15	  x5:0x5a626e97 x15:0x0000008b x15=0x000b4c4d
        6365000	       635	800009dc	c7bd0a13	addi	x20,x26,-901	 x26:0x80009fc4 x20=0x80009c3f
        6375000	       636	800009e0	16d62593	slti	x11,x12,365	 x12:0x80008b6a x11=0x00000001
        6385000	       637	800009e4	01a49093	slli	x1,x9,0x1a	  x9:0x00000072  x1=0xc8000000
        6395000	       638	800009e8	4a0d0793	addi	x15,x26,1184	 x26:0x80009fc4 x15=0x8000a464
        6405000	       639	800009ec	005a63b3	or	x7,x20,x5	 x20:0x80009c3f  x5:0x5a626e97  x7=0xda62febf
        6415000	       640	800009f0	005e1633	sll	x12,x28,x5	 x28:0xfffffff1  x5:0x5a626e97 x12=0xf8800000
        6425000	       641	800009f4	0138df13	srli	x30,x17,0x13	 x17:0x0000004a x30=0x00000000
        6435000	       642	800009f8	002f2e33	slt	x28,x30,x2	 x30:0x00000000  x2:0xffffffa5 x28=0x00000000
        6445000	       643	800009fc	01631e13	slli	x28,x6,0x16	  x6:0xffffff75 x28=0xdd400000
        6455000	       644	80000a00	00a71493	slli	x9,x14,0xa	 x14:0x000000f1  x9=0x0003c400
        6465000	       645	80000a04	40ee5ab3	sra	x21,x28,x14	 x28:0xdd400000 x14:0x000000f1 x21=0xffffeea0
        6475000	       646	80000a08	04fae863	bltu	x21,x15,80000a58	 x21:0xffffeea0 x15:0x8000a464
        6485000	       647	80000a0c	3c21cd93	xori	x27,x3,962	  x3:0x80008390 x27=0x80008052
        6495000	       648	80000a10	00a61493	slli	x9,x12,0xa	 x12:0xf8800000  x9=0x00000000
        6505000	       649	80000a14	40ca8a33	sub	x20,x21,x12	 x21:0xffffeea0 x12:0xf8800000 x20=0x077feea0
        6515000	       650	80000a18	01e473b3	and	x7,x8,x30	  x8:0xfffffff1 x30:0x00000000  x7=0x00000000
        6525000	       651	80000a1c	00f585b3	add	x11,x11,x15	 x11:0x00000001 x15:0x8000a464 x11=0x8000a465
        6535000	       652	80000a20	4fcebd93	sltiu	x27,x29,1276	 x29:0x000000a1 x27=0x00000001
        6545000	       653	80000a24	40c15313	srai	x6,x2,0xc	  x2:0xffffffa5  x6=0xffffffff
        6555000	       654	80000a28	02ec1263	bne	x24,x14,80000a4c	 x24:0xffffffd6 x14:0x000000f1
        6565000	       655	00000000	00000013	addi	x0,x0,0	  x0:0x00000000
        6575000	       656	80000a48	00000013	addi	x0,x0,0	  x0:0x00000000
        6585000	       657	80000a4c	20b77b93	andi	x23,x14,523	 x14:0x000000f1 x23=0x00000001
        6595000	       658	80000a50	eda682b7	lui	x5,0xeda68	  x5=0xeda68000
        6605000	       659	80000a54	41dc0133	sub	x2,x24,x29	 x24:0xffffffd6 x29:0x000000a1  x2=0xffffff35
        6615000	       660	80000a58	008a8e63	beq	x21,x8,80000a74	 x21:0xffffeea0  x8:0xfffffff1
        6625000	       661	80000a5c	00641213	slli	x4,x8,0x6	  x8:0xfffffff1  x4=0xfffffc40
        6635000	       662	80000a60	dd989637	lui	x12,0xdd989	 x12=0xdd989000
        6645000	       663	80000a64	005a41b3	xor	x3,x20,x5	 x20:0x077feea0  x5:0xeda68000  x3=0xead96ea0
        6655000	       664	80000a68	00147db3	and	x27,x8,x1	  x8:0xfffffff1  x1:0xc8000000 x27=0xc8000000
        6665000	       665	80000a6c	00971313	slli	x6,x14,0x9	 x14:0x000000f1  x6=0x0001e200
        6675000	       666	80000a70	00b212b3	sll	x5,x4,x11	  x4:0xfffffc40 x11:0x8000a465  x5=0xffff8800
        6685000	       667	80000a74	01c45493	srli	x9,x8,0x1c	  x8:0xfffffff1  x9=0x0000000f
        6695000	       668	80000a78	00983ab3	sltu	x21,x16,x9	 x16:0xffffc97e  x9:0x0000000f x21=0x00000000
        6705000	       669	80000a7c	07dd4263	blt	x26,x29,80000ae0	 x26:0x80009fc4 x29:0x000000a1
        6715000	       670	00000000	00000013	addi	x0,x0,0	  x0:0x00000000
        6725000	       671	80000adc	00000013	addi	x0,x0,0	  x0:0x00000000
        6735000	       672	80000ae0	d1c32713	slti	x14,x6,-740	  x6:0x0001e200 x14=0x00000000
        6745000	       673	80000ae4	01125293	srli	x5,x4,0x11	  x4:0xfffffc40  x5=0x00007fff
        6755000	       674	80000ae8	01b252b3	srl	x5,x4,x27	  x4:0xfffffc40 x27:0xc8000000  x5=0xfffffc40
        6765000	       675	80000aec	00fac933	xor	x18,x21,x15	 x21:0x00000000 x15:0x8000a464 x18=0x8000a464
        6775000	       676	80000af0	01a105b3	add	x11,x2,x26	  x2:0xffffff35 x26:0x80009fc4 x11=0x80009ef9
        6785000	       677	80000af4	01bd1863	bne	x26,x27,80000b04	 x26:0x80009fc4 x27:0xc8000000
        6795000	       678	00000000	00000013	addi	x0,x0,0	  x0:0x00000000
        6805000	       679	80000b00	00000013	addi	x0,x0,0	  x0:0x00000000
        6815000	       680	80000b04	0165a4b3	slt	x9,x11,x22	 x11:0x80009ef9 x22:0x00000001  x9=0x00000001
        6825000	       681	80000b08	011c1613	slli	x12,x24,0x11	 x24:0xffffffd6 x12=0xffac0000
        6835000	       682	80000b0c	f8c7a793	slti	x15,x15,-116	 x15:0x8000a464 x15=0x00000001
        6845000	       683	80000b10	00fcd713	srli	x14,x25,0xf	 x25:0x00001956 x14=0x00000000
        6855000	       684	80000b14	512f2f13	slti	x30,x30,1298	 x30:0x00000000 x30=0x00000001
        6865000	       685	80000b18	d5ee8c93	addi	x25,x29,-674	 x29:0x000000a1 x25=0xfffffdff
        6875000	       686	80000b1c	003205b3	add	x11,x4,x3	  x4:0xfffffc40  x3:0xead96ea0 x11=0xead96ae0
        6885000	       687	80000b20	4013d0b3	sra	x1,x7,x1	  x7:0x00000000  x1:0xc8000000  x1=0x00000000
        6895000	       688	80000b24	40fa8a33	sub	x20,x21,x15	 x21:0x00000000 x15:0x00000001 x20=0xffffffff
        6905000	       689	80000b28	0130c133	xor	x2,x1,x19	  x1:0x00000000 x19:0x800085ce  x2=0x800085ce
        6915000	       690	80000b2c	8764b113	sltiu	x2,x9,-1930	  x9:0x00000001  x2=0x00000001
        6925000	       691	80000b30	05002e93	slti	x29,x0,80	  x0:0x00000000 x29=0x00000001
        6935000	       692	80000b34	019630b3	sltu	x1,x12,x25	 x12:0xffac0000 x25:0xfffffdff  x1=0x00000001
        6945000	       693	80000b38	000014b3	sll	x9,x0,x0	  x0:0x00000000  x0:0x00000000  x9=0x00000000
        6955000	       694	80000b3c	01ff1813	slli	x16,x30,0x1f	 x30:0x00000001 x16=0x80000000
        6965000	       695	80000b40	017ce463	bltu	x25,x23,80000b48	 x25:0xfffffdff x23:0x00000001
        6975000	       696	80000b44	00494463	blt	x18,x4,80000b4c	 x18:0x8000a464  x4:0xfffffc40
        6985000	       697	00000000	00000013	addi	x0,x0,0	  x0:0x00000000
        6995000	       698	80000b48	00000013	addi	x0,x0,0	  x0:0x00000000
        7005000	       699	80000b4c	03e29e63	bne	x5,x30,80000b88	  x5:0xfffffc40 x30:0x00000001
        7015000	       700	00000000	00000013	addi	x0,x0,0	  x0:0x00000000
        7025000	       701	80000b84	00000013	addi	x0,x0,0	  x0:0x00000000
        7035000	       702	80000b88	b2bfac13	slti	x24,x31,-1237	 x31:0x000000cb x24=0x00000000
        7045000	       703	80000b8c	10c68713	addi	x14,x13,268	 x13:0x00000000 x14=0x0000010c
        7055000	       704	80000b90	014a1093	slli	x1,x20,0x14	 x20:0xffffffff  x1=0xfff00000
        7065000	       705	80000b94	0a71fa93	andi	x21,x3,167	  x3:0xead96ea0 x21=0x000000a0
        7075000	       706	80000b98	4d1c7b13	andi	x22,x24,1233	 x24:0x00000000 x22=0x00000000
        7085000	       707	80000b9c	fc367913	andi	x18,x12,-61	 x12:0xffac0000 x18=0xffac0000
        7095000	       708	80000ba0	3ba57497	auipc	x9,0x3ba57	  x9=0xbba57b9c
        7105000	       709	80000ba4	a7a62293	slti	x5,x12,-1414	 x12:0xffac0000  x5=0x00000001
        7115000	       710	80000ba8	01478db3	add	x27,x15,x20	 x15:0x00000001 x20:0xffffffff x27=0x00000000
        7125000	       711	80000bac	9113f413	andi	x8,x7,-1775	  x7:0x00000000  x8=0x00000000
        7135000	       712	80000bb0	011ae4b3	or	x9,x21,x17	 x21:0x000000a0 x17:0x0000004a  x9=0x000000ea
        7145000	       713	80000bb4	005318b3	sll	x17,x6,x5	  x6:0x0001e200  x5:0x00000001 x17=0x0003c400
        7155000	       714	80000bb8	01aa7a33	and	x20,x20,x26	 x20:0xffffffff x26:0x80009fc4 x20=0x80009fc4
        7165000	       715	80000bbc	32440a93	addi	x21,x8,804	  x8:0x00000000 x21=0x00000324
        7175000	       716	80000bc0	4105dfb3	sra	x31,x11,x16	 x11:0xead96ae0 x16:0x80000000 x31=0xead96ae0
        7185000	       717	80000bc4	014c0863	beq	x24,x20,80000bd4	 x24:0x00000000 x20:0x80009fc4
        7195000	       718	80000bc8	010c9433	sll	x8,x25,x16	 x25:0xfffffdff x16:0x80000000  x8=0xfffffdff
        7205000	       719	80000bcc	163c7313	andi	x6,x24,355	 x24:0x00000000  x6=0x00000000
        7215000	       720	80000bd0	5eb02f13	slti	x30,x0,1515	  x0:0x00000000 x30=0x00000001
        7225000	       721	80000bd4	01db6ab3	or	x21,x22,x29	 x22:0x00000000 x29:0x00000001 x21=0x00000001
        7235000	       722	80000bd8	406d8033	sub	x0,x27,x6	 x27:0x00000000  x6:0x00000000
        7245000	       723	80000bdc	02999e63	bne	x19,x9,80000c18	 x19:0x800085ce  x9:0x000000ea
        7255000	       724	00000000	00000013	addi	x0,x0,0	  x0:0x00000000
        7265000	       725	80000c14	00000013	addi	x0,x0,0	  x0:0x00000000
        7275000	       726	80000c18	41e63893	sltiu	x17,x12,1054	 x12:0xffac0000 x17=0x00000000
        7285000	       727	80000c1c	01fa1933	sll	x18,x20,x31	 x20:0x80009fc4 x31:0xead96ae0 x18=0x80009fc4
        7295000	       728	80000c20	93fa4f13	xori	x30,x20,-1729	 x20:0x80009fc4 x30=0x7fff66fb
        7305000	       729	80000c24	36332813	slti	x16,x6,867	  x6:0x00000000 x16=0x00000001
        7315000	       730	80000c28	40e3d313	srai	x6,x7,0xe	  x7:0x00000000  x6=0x00000000
        7325000	       731	80000c2c	3aaed097	auipc	x1,0x3aaed	  x1=0xbaaedc28
        7335000	       732	80000c30	c88e4813	xori	x16,x28,-888	 x28:0xdd400000 x16=0x22bffc88
        7345000	       733	80000c34	00baeeb3	or	x29,x21,x11	 x21:0x00000001 x11:0xead96ae0 x29=0xead96ae1
        7355000	       734	80000c38	216f0997	auipc	x19,0x216f0	 x19=0xa16f0c34
        7365000	       735	80000c3c	419e8f33	sub	x30,x29,x25	 x29:0xead96ae1 x25:0xfffffdff x30=0xead96ce2
        7375000	       736	80000c40	40a9d433	sra	x8,x19,x10	 x19:0xa16f0c34 x10:0x80009f84  x8=0xfa16f0c3
        7385000	       737	80000c44	00181c13	slli	x24,x16,0x1	 x16:0x22bffc88 x24=0x457ff910
        7395000	       738	80000c48	40ed8cb3	sub	x25,x27,x14	 x27:0x00000000 x14:0x0000010c x25=0xfffffef4
        7405000	       739	80000c4c	0175e733	or	x14,x11,x23	 x11:0xead96ae0 x23:0x00000001 x14=0xead96ae1
        7415000	       740	80000c50	1fce3313	sltiu	x6,x28,508	 x28:0xdd400000  x6=0x00000000
        7425000	       741	80000c54	00231833	sll	x16,x6,x2	  x6:0x00000000  x2:0x00000001 x16=0x00000000
        7435000	       742	80000c58	00dbd733	srl	x14,x23,x13	 x23:0x00000001 x13:0x00000000 x14=0x00000001
        7445000	       743	80000c5c	46776a93	ori	x21,x14,1127	 x14:0x00000001 x21=0x00000467
        7455000	       744	80000c60	0279d263	bge	x19,x7,80000c84	 x19:0xa16f0c34  x7:0x00000000
        7465000	       745	80000c64	32450713	addi	x14,x10,804	 x10:0x80009f84 x14=0x8000a2a8
        7475000	       746	80000c68	0194ec33	or	x24,x9,x25	  x9:0x000000ea x25:0xfffffef4 x24=0xfffffefe
        7485000	       747	80000c6c	01031a33	sll	x20,x6,x16	  x6:0x00000000 x16:0x00000000 x20=0x00000000
        7495000	       748	80000c70	45feb393	sltiu	x7,x29,1119	 x29:0xead96ae1  x7=0x00000000
        7505000	       749	80000c74	01ae1fb3	sll	x31,x28,x26	 x28:0xdd400000 x26:0x80009fc4 x31=0xd4000000
        7515000	       750	80000c78	d9f42293	slti	x5,x8,-609	  x8:0xfa16f0c3  x5=0x00000001
        7525000	       751	80000c7c	92c61597	auipc	x11,0x92c61	 x11=0x12c61c78
        7535000	       752	80000c80	6301f713	andi	x14,x3,1584	  x3:0xead96ea0 x14=0x00000620
        7545000	       753	80000c84	416a0733	sub	x14,x20,x22	 x20:0x00000000 x22:0x00000000 x14=0x00000000
        7555000	       754	80000c88	6c80a213	slti	x4,x1,1736	  x1:0xbaaedc28  x4=0x00000001
        7565000	       755	80000c8c	03c5c063	blt	x11,x28,80000cac	 x11:0x12c61c78 x28:0xdd400000
        7575000	       756	80000c90	01bbe9b3	or	x19,x23,x27	 x23:0x00000001 x27:0x00000000 x19=0x00000001
        7585000	       757	80000c94	00c329b3	slt	x19,x6,x12	  x6:0x00000000 x12:0xffac0000 x19=0x00000000
        7595000	       758	80000c98	04b15063	bge	x2,x11,80000cd8	  x2:0x00000001 x11:0x12c61c78
        7605000	       759	80000c9c	000074b3	and	x9,x0,x0	  x0:0x00000000  x0:0x00000000  x9=0x00000000
        7615000	       760	80000ca0	abd40b93	addi	x23,x8,-1347	  x8:0xfa16f0c3 x23=0xfa16eb80
        7625000	       761	80000ca4	00b9e863	bltu	x19,x11,80000cb4	 x19:0x00000000 x11:0x12c61c78
        7635000	       762	00000000	00000013	addi	x0,x0,0	  x0:0x00000000
        7645000	       763	80000cb0	00000013	addi	x0,x0,0	  x0:0x00000000
        7655000	       764	80000cb4	a8697d93	andi	x27,x18,-1402	 x18:0x80009fc4 x27=0x80009a84
        7665000	       765	80000cb8	0a3f3793	sltiu	x15,x30,163	 x30:0xead96ce2 x15=0x00000000
        7675000	       766	80000cbc	00079263	bne	x15,x0,80000cc0	 x15:0x00000000  x0:0x00000000
        7685000	       767	80000cc0	011af3b3	and	x7,x21,x17	 x21:0x00000467 x17:0x00000000  x7=0x00000000
        7695000	       768	80000cc4	01a1fa33	and	x20,x3,x26	  x3:0xead96ea0 x26:0x80009fc4 x20=0x80000e80
        7705000	       769	80000cc8	409054b3	sra	x9,x0,x9	  x0:0x00000000  x9:0x00000000  x9=0x00000000
        7715000	       770	80000ccc	225fe413	ori	x8,x31,549	 x31:0xd4000000  x8=0xd4000225
        7725000	       771	80000cd0	02124e63	blt	x4,x1,80000d0c	  x4:0x00000001  x1:0xbaaedc28
        7735000	       772	80000cd4	419dde13	srai	x28,x27,0x19	 x27:0x80009a84 x28=0xffffffc0
        7745000	       773	80000cd8	00000013	addi	x0,x0,0	  x0:0x00000000
        7755000	       774	80000cdc	c3b98fb7	lui	x31,0xc3b98	 x31=0xc3b98000
        7765000	       775	80000ce0	008262b3	or	x5,x4,x8	  x4:0x00000001  x8:0xd4000225  x5=0xd4000225
        7775000	       776	80000ce4	225285b7	lui	x11,0x22528	 x11=0x22528000
        7785000	       777	80000ce8	016eeab3	or	x21,x29,x22	 x29:0xead96ae1 x22:0x00000000 x21=0xead96ae1
        7795000	       778	80000cec	ec27ab93	slti	x23,x15,-318	 x15:0x00000000 x23=0x00000000
        7805000	       779	80000cf0	40bf0bb3	sub	x23,x30,x11	 x30:0xead96ce2 x11:0x22528000 x23=0xc886ece2
        7815000	       780	80000cf4	00ff27b3	slt	x15,x30,x15	 x30:0xead96ce2 x15:0x00000000 x15=0x00000001
        7825000	       781	80000cf8	01830463	beq	x6,x24,80000d00	  x6:0x00000000 x24:0xfffffefe
        7835000	       782	80000cfc	b0aafc13	andi	x24,x21,-1270	 x21:0xead96ae1 x24=0xead96a00
        7845000	       783	80000d00	00758863	beq	x11,x7,80000d10	 x11:0x22528000  x7:0x00000000
        7855000	       784	80000d04	00dac863	blt	x21,x13,80000d14	 x21:0xead96ae1 x13:0x00000000
        7865000	       785	00000000	00000013	addi	x0,x0,0	  x0:0x00000000
        7875000	       786	80000d10	00000013	addi	x0,x0,0	  x0:0x00000000
        7885000	       787	80000d14	00b3a3b3	slt	x7,x7,x11	  x7:0x00000000 x11:0x22528000  x7=0x00000001
        7895000	       788	80000d18	c5613817	auipc	x16,0xc5613	 x16=0x45613d14
        7905000	       789	80000d1c	000682b3	add	x5,x13,x0	 x13:0x00000000  x0:0x00000000  x5=0x00000000
        7915000	       790	80000d20	00f39393	slli	x7,x7,0xf	  x7:0x00000001  x7=0x00008000
        7925000	       791	80000d24	00000013	addi	x0,x0,0	  x0:0x00000000
        7935000	       792	80000d28	00000013	addi	x0,x0,0	  x0:0x00000000
        7945000	       793	80000d2c	40a95933	sra	x18,x18,x10	 x18:0x80009fc4 x10:0x80009f84 x18=0xf80009fc
        7955000	       794	80000d30	04095863	bge	x18,x0,80000d80	 x18:0xf80009fc  x0:0x00000000
        7965000	       795	80000d34	00f13833	sltu	x16,x2,x15	  x2:0x00000001 x15:0x00000001 x16=0x00000000
        7975000	       796	80000d38	03e15063	bge	x2,x30,80000d58	  x2:0x00000001 x30:0xead96ce2
        7985000	       797	00000000	00000013	addi	x0,x0,0	  x0:0x00000000
        7995000	       798	80000d54	00000013	addi	x0,x0,0	  x0:0x00000000
        8005000	       799	80000d58	40e6dd93	srai	x27,x13,0xe	 x13:0x00000000 x27=0x00000000
        8015000	       800	80000d5c	007e29b3	slt	x19,x28,x7	 x28:0xffffffc0  x7:0x00008000 x19=0x00000001
        8025000	       801	80000d60	3c117413	andi	x8,x2,961	  x2:0x00000001  x8=0x00000001
        8035000	       802	80000d64	00c95c93	srli	x25,x18,0xc	 x18:0xf80009fc x25=0x000f8000
        8045000	       803	80000d68	00ff92b3	sll	x5,x31,x15	 x31:0xc3b98000 x15:0x00000001  x5=0x87730000
        8055000	       804	80000d6c	0150a2b3	slt	x5,x1,x21	  x1:0xbaaedc28 x21:0xead96ae1  x5=0x00000001
        8065000	       805	80000d70	00c44833	xor	x16,x8,x12	  x8:0x00000001 x12:0xffac0000 x16=0xffac0001
        8075000	       806	80000d74	01363b33	sltu	x22,x12,x19	 x12:0xffac0000 x19:0x00000001 x22=0x00000000
        8085000	       807	80000d78	9ebe4b13	xori	x22,x28,-1557	 x28:0xffffffc0 x22=0x0000062b
        8095000	       808	80000d7c	00b2e433	or	x8,x5,x11	  x5:0x00000001 x11:0x22528000  x8=0x22528001
        8105000	       809	80000d80	40668333	sub	x6,x13,x6	 x13:0x00000000  x6:0x00000000  x6=0x00000000
        8115000	       810	80000d84	7041bc13	sltiu	x24,x3,1796	  x3:0xead96ea0 x24=0x00000000
        8125000	       811	80000d88	0149de13	srli	x28,x19,0x14	 x19:0x00000001 x28=0x00000000
        8135000	       812	80000d8c	00cfd333	srl	x6,x31,x12	 x31:0xc3b98000 x12:0xffac0000  x6=0xc3b98000
        8145000	       813	80000d90	a51b17b7	lui	x15,0xa51b1	 x15=0xa51b1000
        8155000	       814	80000d94	00709033	sll	x0,x1,x7	  x1:0xbaaedc28  x7:0x00008000
        8165000	       815	80000d98	ef282097	auipc	x1,0xef282	  x1=0x6f282d94
        8175000	       816	80000d9c	62d9ff93	andi	x31,x19,1581	 x19:0x00000001 x31=0x00000001
        8185000	       817	80000da0	21b88293	addi	x5,x17,539	 x17:0x00000000  x5=0x0000021b
        8195000	       818	80000da4	0101c833	xor	x16,x3,x16	  x3:0xead96ea0 x16:0xffac0001 x16=0x15756ea1
        8205000	       819	80000da8	01a594b3	sll	x9,x11,x26	 x11:0x22528000 x26:0x80009fc4  x9=0x25280000
        8215000	       820	80000dac	002419b3	sll	x19,x8,x2	  x8:0x22528001  x2:0x00000001 x19=0x44a50002
        8225000	       821	80000db0	031bde63	bge	x23,x17,80000dec	 x23:0xc886ece2 x17:0x00000000
        8235000	       822	80000db4	00ca37b3	sltu	x15,x20,x12	 x20:0x80000e80 x12:0xffac0000 x15=0x00000001
        8245000	       823	80000db8	039d4263	blt	x26,x25,80000ddc	 x26:0x80009fc4 x25:0x000f8000
        8255000	       824	00000000	00000013	addi	x0,x0,0	  x0:0x00000000
        8265000	       825	80000dd8	00000013	addi	x0,x0,0	  x0:0x00000000
        8275000	       826	80000ddc	86781f37	lui	x30,0x86781	 x30=0x86781000
        8285000	       827	80000de0	0346d663	bge	x13,x20,80000e0c	 x13:0x00000000 x20:0x80000e80
        8295000	       828	00000000	00000013	addi	x0,x0,0	  x0:0x00000000
        8305000	       829	80000e08	00000013	addi	x0,x0,0	  x0:0x00000000
        8315000	       830	80000e0c	16e43f93	sltiu	x31,x8,366	  x8:0x22528001 x31=0x00000000
        8325000	       831	80000e10	15070d93	addi	x27,x14,336	 x14:0x00000000 x27=0x00000150
        8335000	       832	80000e14	00a96b33	or	x22,x18,x10	 x18:0xf80009fc x10:0x80009f84 x22=0xf8009ffc
        8345000	       833	80000e18	018501b3	add	x3,x10,x24	 x10:0x80009f84 x24:0x00000000  x3=0x80009f84
        8355000	       834	80000e1c	00f9a133	slt	x2,x19,x15	 x19:0x44a50002 x15:0x00000001  x2=0x00000000
        8365000	       835	80000e20	00000013	addi	x0,x0,0	  x0:0x00000000
        8375000	       836	80000e24	40028033	sub	x0,x5,x0	  x5:0x0000021b  x0:0x00000000
        8385000	       837	80000e28	004d38b3	sltu	x17,x26,x4	 x26:0x80009fc4  x4:0x00000001 x17=0x00000000
        8395000	       838	80000e2c	021c6663	bltu	x24,x1,80000e58	 x24:0x00000000  x1:0x6f282d94
        8405000	       839	00000000	00000013	addi	x0,x0,0	  x0:0x00000000
        8415000	       840	80000e54	00000013	addi	x0,x0,0	  x0:0x00000000
        8425000	       841	80000e58	019d7cb3	and	x25,x26,x25	 x26:0x80009fc4 x25:0x000f8000 x25=0x00008000
        8435000	       842	80000e5c	0913d297	auipc	x5,0x913d	  x5=0x8913de58
        8445000	       843	80000e60	012c7233	and	x4,x24,x18	 x24:0x00000000 x18:0xf80009fc  x4=0x00000000
        8455000	       844	80000e64	528a9797	auipc	x15,0x528a9	 x15=0xd28a9e60
        8465000	       845	80000e68	00a77bb3	and	x23,x14,x10	 x14:0x00000000 x10:0x80009f84 x23=0x00000000
        8475000	       846	80000e6c	58983813	sltiu	x16,x16,1417	 x16:0x15756ea1 x16=0x00000000
        8485000	       847	80000e70	4130dfb3	sra	x31,x1,x19	  x1:0x6f282d94 x19:0x44a50002 x31=0x1bca0b65
        8495000	       848	80000e74	91b095b7	lui	x11,0x91b09	 x11=0x91b09000
        8505000	       849	80000e78	41625593	srai	x11,x4,0x16	  x4:0x00000000 x11=0x00000000
        8515000	       850	80000e7c	a8f22d93	slti	x27,x4,-1393	  x4:0x00000000 x27=0x00000000
        8525000	       851	80000e80	01bf6463	bltu	x30,x27,80000e88	 x30:0x86781000 x27:0x00000000
        8535000	       852	80000e84	40b9da33	sra	x20,x19,x11	 x19:0x44a50002 x11:0x00000000 x20=0x44a50002
        8545000	       853	80000e88	02a14263	blt	x2,x10,80000eac	  x2:0x00000000 x10:0x80009f84
        8555000	       854	80000e8c	033fea63	bltu	x31,x19,80000ec0	 x31:0x1bca0b65 x19:0x44a50002
        8565000	       855	00000000	00000013	addi	x0,x0,0	  x0:0x00000000
        8575000	       856	80000ebc	00000013	addi	x0,x0,0	  x0:0x00000000
        8585000	       857	80000ec0	01c38463	beq	x7,x28,80000ec8	  x7:0x00008000 x28:0x00000000
        8595000	       858	80000ec4	41770cb3	sub	x25,x14,x23	 x14:0x00000000 x23:0x00000000 x25=0x00000000
        8605000	       859	80000ec8	001f9493	slli	x9,x31,0x1	 x31:0x1bca0b65  x9=0x379416ca
        8615000	       860	80000ecc	0061a733	slt	x14,x3,x6	  x3:0x80009f84  x6:0xc3b98000 x14=0x00000001
        8625000	       861	80000ed0	f7573a93	sltiu	x21,x14,-139	 x14:0x00000001 x21=0x00000001
        8635000	       862	80000ed4	417b50b3	sra	x1,x22,x23	 x22:0xf8009ffc x23:0x00000000  x1=0xf8009ffc
        8645000	       863	80000ed8	03240863	beq	x8,x18,80000f08	  x8:0x22528001 x18:0xf80009fc
        8655000	       864	80000edc	00a65eb3	srl	x29,x12,x10	 x12:0xffac0000 x10:0x80009f84 x29=0x0ffac000
        8665000	       865	80000ee0	01fef863	bgeu	x29,x31,80000ef0	 x29:0x0ffac000 x31:0x1bca0b65
        8675000	       866	80000ee4	20047c37	lui	x24,0x20047	 x24=0x20047000
        8685000	       867	80000ee8	41e3d2b3	sra	x5,x7,x30	  x7:0x00008000 x30:0x86781000  x5=0x00008000
        8695000	       868	80000eec	3e096297	auipc	x5,0x3e096	  x5=0xbe096ee8
        8705000	       869	80000ef0	418dd7b3	sra	x15,x27,x24	 x27:0x00000000 x24:0x20047000 x15=0x00000000
        8715000	       870	80000ef4	01af4a63	blt	x30,x26,80000f08	 x30:0x86781000 x26:0x80009fc4
        8725000	       871	80000ef8	01cee3b3	or	x7,x29,x28	 x29:0x0ffac000 x28:0x00000000  x7=0x0ffac000
        8735000	       872	80000efc	02c27663	bgeu	x4,x12,80000f28	  x4:0x00000000 x12:0xffac0000
        8745000	       873	80000f00	408c54b3	sra	x9,x24,x8	 x24:0x20047000  x8:0x22528001  x9=0x10023800
        8755000	       874	80000f04	410f8333	sub	x6,x31,x16	 x31:0x1bca0b65 x16:0x00000000  x6=0x1bca0b65
        8765000	       875	80000f08	41af82b3	sub	x5,x31,x26	 x31:0x1bca0b65 x26:0x80009fc4  x5=0x9bc96ba1
        8775000	       876	80000f0c	02c61663	bne	x12,x12,80000f38	 x12:0xffac0000 x12:0xffac0000
        8785000	       877	80000f10	03be8c63	beq	x29,x27,80000f48	 x29:0x0ffac000 x27:0x00000000
        8795000	       878	80000f14	007c3a33	sltu	x20,x24,x7	 x24:0x20047000  x7:0x0ffac000 x20=0x00000000
        8805000	       879	80000f18	01eddb33	srl	x22,x27,x30	 x27:0x00000000 x30:0x86781000 x22=0x00000000
        8815000	       880	80000f1c	00e58db3	add	x27,x11,x14	 x11:0x00000000 x14:0x00000001 x27=0x00000001
        8825000	       881	80000f20	011e6863	bltu	x28,x17,80000f30	 x28:0x00000000 x17:0x00000000
        8835000	       882	80000f24	84deec93	ori	x25,x29,-1971	 x29:0x0ffac000 x25=0xfffff84d
        8845000	       883	80000f28	40585cb3	sra	x25,x16,x5	 x16:0x00000000  x5:0x9bc96ba1 x25=0x00000000
        8855000	       884	80000f2c	01371463	bne	x14,x19,80000f34	 x14:0x00000001 x19:0x44a50002
        8865000	       885	00000000	00000013	addi	x0,x0,0	  x0:0x00000000
        8875000	       886	80000f30	00000013	addi	x0,x0,0	  x0:0x00000000
        8885000	       887	80000f34	40de8eb3	sub	x29,x29,x13	 x29:0x0ffac000 x13:0x00000000 x29=0x0ffac000
        8895000	       888	80000f38	df2735b7	lui	x11,0xdf273	 x11=0xdf273000
        8905000	       889	80000f3c	002be863	bltu	x23,x2,80000f4c	 x23:0x00000000  x2:0x00000000
        8915000	       890	80000f40	808db413	sltiu	x8,x27,-2040	 x27:0x00000001  x8=0x00000001
        8925000	       891	80000f44	400d0833	sub	x16,x26,x0	 x26:0x80009fc4  x0:0x00000000 x16=0x80009fc4
        8935000	       892	80000f48	00847933	and	x18,x8,x8	  x8:0x00000001  x8:0x00000001 x18=0x00000001
        8945000	       893	80000f4c	a66ec093	xori	x1,x29,-1434	 x29:0x0ffac000  x1=0xf0053a66
        8955000	       894	80000f50	0121a333	slt	x6,x3,x18	  x3:0x80009f84 x18:0x00000001  x6=0x00000001
        8965000	       895	80000f54	00111263	bne	x2,x1,80000f58	  x2:0x00000000  x1:0xf0053a66
        8975000	       896	00000000	00000013	addi	x0,x0,0	  x0:0x00000000
        8985000	       897	80000f54	00000013	addi	x0,x0,0	  x0:0x00000000
        8995000	       898	80000f58	43c7fe93	andi	x29,x15,1084	 x15:0x00000000 x29=0x00000000
        9005000	       899	80000f5c	88e6b193	sltiu	x3,x13,-1906	 x13:0x00000000  x3=0x00000001
        9015000	       900	80000f60	dc9b8293	addi	x5,x23,-567	 x23:0x00000000  x5=0xfffffdc9
        9025000	       901	80000f64	e5e5b237	lui	x4,0xe5e5b	  x4=0xe5e5b000
        9035000	       902	80000f68	00c4b133	sltu	x2,x9,x12	  x9:0x10023800 x12:0xffac0000  x2=0x00000001
        9045000	       903	80000f6c	d785b097	auipc	x1,0xd785b	  x1=0x5785bf68
        9055000	       904	80000f70	01870a63	beq	x14,x24,80000f84	 x14:0x00000001 x24:0x20047000
        9065000	       905	80000f74	011df0b3	and	x1,x27,x17	 x27:0x00000001 x17:0x00000000  x1=0x00000000
        9075000	       906	80000f78	41ebd033	sra	x0,x23,x30	 x23:0x00000000 x30:0x86781000
        9085000	       907	80000f7c	02b68913	addi	x18,x13,43	 x13:0x00000000 x18=0x0000002b
        9095000	       908	80000f80	0f8cd663	bge	x25,x24,8000106c	 x25:0x00000000 x24:0x20047000
        9105000	       909	80000f84	b570a613	slti	x12,x1,-1193	  x1:0x00000000 x12=0x00000000
        9115000	       910	80000f88	50fd4e13	xori	x28,x26,1295	 x26:0x80009fc4 x28=0x80009acb
        9125000	       911	80000f8c	0d980063	beq	x16,x25,8000104c	 x16:0x80009fc4 x25:0x00000000
        9135000	       912	80000f90	01a33433	sltu	x8,x6,x26	  x6:0x00000001 x26:0x80009fc4  x8=0x00000001
        9145000	       913	80000f94	00389013	slli	x0,x17,0x3	 x17:0x00000000
        9155000	       914	80000f98	019e5933	srl	x18,x28,x25	 x28:0x80009acb x25:0x00000000 x18=0x80009acb
        9165000	       915	80000f9c	0ab20c63	beq	x4,x11,80001054	  x4:0xe5e5b000 x11:0xdf273000
        9175000	       916	80000fa0	0ae35263	bge	x6,x14,80001044	  x6:0x00000001 x14:0x00000001
        9185000	       917	00000000	00000013	addi	x0,x0,0	  x0:0x00000000
        9195000	       918	80001040	00000013	addi	x0,x0,0	  x0:0x00000000
        9205000	       919	80001044	f4c62997	auipc	x19,0xf4c62	 x19=0x74c63040
        9215000	       920	80001048	03a66663	bltu	x12,x26,80001074	 x12:0x00000000 x26:0x80009fc4
        9225000	       921	00000000	00000013	addi	x0,x0,0	  x0:0x00000000
        9235000	       922	80001070	00000013	addi	x0,x0,0	  x0:0x00000000
        9245000	       923	80001074	5258c913	xori	x18,x17,1317	 x17:0x00000000 x18=0x00000525
        9255000	       924	80001078	031d4863	blt	x26,x17,800010a8	 x26:0x80009fc4 x17:0x00000000
        9265000	       925	00000000	00000013	addi	x0,x0,0	  x0:0x00000000
        9275000	       926	800010a4	00000013	addi	x0,x0,0	  x0:0x00000000
        9285000	       927	800010a8	6890cd93	xori	x27,x1,1673	  x1:0x00000000 x27=0x00000689
        9295000	       928	800010ac	00157863	bgeu	x10,x1,800010bc	 x10:0x80009f84  x1:0x00000000
        9305000	       929	00000000	00000013	addi	x0,x0,0	  x0:0x00000000
        9315000	       930	800010b8	00000013	addi	x0,x0,0	  x0:0x00000000
        9325000	       931	800010bc	4f6f2f97	auipc	x31,0x4f6f2	 x31=0xcf6f30b8
        9335000	       932	800010c0	b4ee3f13	sltiu	x30,x28,-1202	 x28:0x80009acb x30=0x00000001
        9345000	       933	800010c4	001193b3	sll	x7,x3,x1	  x3:0x00000001  x1:0x00000000  x7=0x00000001
        9355000	       934	800010c8	02651663	bne	x10,x6,800010f4	 x10:0x80009f84  x6:0x00000001
        9365000	       935	00000000	00000013	addi	x0,x0,0	  x0:0x00000000
        9375000	       936	800010f0	00000013	addi	x0,x0,0	  x0:0x00000000
        9385000	       937	800010f4	0555f063	bgeu	x11,x21,80001134	 x11:0xdf273000 x21:0x00000001
        9395000	       938	00000000	00000013	addi	x0,x0,0	  x0:0x00000000
        9405000	       939	80001130	00000013	addi	x0,x0,0	  x0:0x00000000
        9415000	       940	80001134	015b8263	beq	x23,x21,80001138	 x23:0x00000000 x21:0x00000001
        9425000	       941	80001138	017d1313	slli	x6,x26,0x17	 x26:0x80009fc4  x6=0xe2000000
        9435000	       942	8000113c	9ac27913	andi	x18,x4,-1620	  x4:0xe5e5b000 x18=0xe5e5b000
        9445000	       943	80001140	00e81db3	sll	x27,x16,x14	 x16:0x80009fc4 x14:0x00000001 x27=0x00013f88
        9455000	       944	80001144	03910063	beq	x2,x25,80001164	  x2:0x00000001 x25:0x00000000
        9465000	       945	80001148	00f22633	slt	x12,x4,x15	  x4:0xe5e5b000 x15:0x00000000 x12=0x00000001
        9475000	       946	8000114c	01d2e333	or	x6,x5,x29	  x5:0xfffffdc9 x29:0x00000000  x6=0xfffffdc9
        9485000	       947	80001150	de81b437	lui	x8,0xde81b	  x8=0xde81b000
        9495000	       948	80001154	010bc733	xor	x14,x23,x16	 x23:0x00000000 x16:0x80009fc4 x14=0x80009fc4
        9505000	       949	80001158	03ea5e63	bge	x20,x30,80001194	 x20:0x00000000 x30:0x00000001
        9515000	       950	8000115c	40b452b3	sra	x5,x8,x11	  x8:0xde81b000 x11:0xdf273000  x5=0xde81b000
        9525000	       951	80001160	0181d313	srli	x6,x3,0x18	  x3:0x00000001  x6=0x00000000
        9535000	       952	80001164	009bd193	srli	x3,x23,0x9	 x23:0x00000000  x3=0x00000000
        9545000	       953	80001168	003921b3	slt	x3,x18,x3	 x18:0xe5e5b000  x3:0x00000000  x3=0x00000001
        9555000	       954	8000116c	917beb93	ori	x23,x23,-1769	 x23:0x00000000 x23=0xfffff917
        9565000	       955	80001170	025a8863	beq	x21,x5,800011a0	 x21:0x00000001  x5:0xde81b000
        9575000	       956	80001174	b78e2413	slti	x8,x28,-1160	 x28:0x80009acb  x8=0x00000001
        9585000	       957	80001178	902a3613	sltiu	x12,x20,-1790	 x20:0x00000000 x12=0x00000001
        9595000	       958	8000117c	03de9663	bne	x29,x29,800011a8	 x29:0x00000000 x29:0x00000000
        9605000	       959	80001180	000fd863	bge	x31,x0,80001190	 x31:0xcf6f30b8  x0:0x00000000
        9615000	       960	80001184	00d440b3	xor	x1,x8,x13	  x8:0x00000001 x13:0x00000000  x1=0x00000001
        9625000	       961	80001188	78523993	sltiu	x19,x4,1925	  x4:0xe5e5b000 x19=0x00000000
        9635000	       962	8000118c	031d9663	bne	x27,x17,800011b8	 x27:0x00013f88 x17:0x00000000
        9645000	       963	00000000	00000013	addi	x0,x0,0	  x0:0x00000000
        9655000	       964	800011b4	00000013	addi	x0,x0,0	  x0:0x00000000
        9665000	       965	800011b8	0130b4b3	sltu	x9,x1,x19	  x1:0x00000001 x19:0x00000000  x9=0x00000000
        9675000	       966	800011bc	00b69013	slli	x0,x13,0xb	 x13:0x00000000
        9685000	       967	800011c0	007adb13	srli	x22,x21,0x7	 x21:0x00000001 x22=0x00000000
        9695000	       968	800011c4	030f9e63	bne	x31,x16,80001200	 x31:0xcf6f30b8 x16:0x80009fc4
        9705000	       969	00000000	00000013	addi	x0,x0,0	  x0:0x00000000
        9715000	       970	800011fc	00000013	addi	x0,x0,0	  x0:0x00000000
        9725000	       971	80001200	03037e63	bgeu	x6,x16,8000123c	  x6:0x00000000 x16:0x80009fc4
        9735000	       972	80001204	01f637b3	sltu	x15,x12,x31	 x12:0x00000001 x31:0xcf6f30b8 x15=0x00000001
        9745000	       973	80001208	0b5fdd97	auipc	x27,0xb5fd	 x27=0x8b5fe204
        9755000	       974	8000120c	0b07c893	xori	x17,x15,176	 x15:0x00000001 x17=0x000000b1
        9765000	       975	80001210	71d17a13	andi	x20,x2,1821	  x2:0x00000001 x20=0x00000001
        9775000	       976	80001214	877be613	ori	x12,x23,-1929	 x23:0xfffff917 x12=0xfffff977
        9785000	       977	80001218	411582b3	sub	x5,x11,x17	 x11:0xdf273000 x17:0x000000b1  x5=0xdf272f4f
        9795000	       978	8000121c	005f53b3	srl	x7,x30,x5	 x30:0x00000001  x5:0xdf272f4f  x7=0x00000000
        9805000	       979	80001220	0002c7b3	xor	x15,x5,x0	  x5:0xdf272f4f  x0:0x00000000 x15=0xdf272f4f
        9815000	       980	80001224	fbf37293	andi	x5,x6,-65	  x6:0x00000000  x5=0x00000000
        9825000	       981	80001228	411a0633	sub	x12,x20,x17	 x20:0x00000001 x17:0x000000b1 x12=0xffffff50
        9835000	       982	8000122c	40344f93	xori	x31,x8,1027	  x8:0x00000001 x31=0x00000402
        9845000	       983	80001230	03c38663	beq	x7,x28,8000125c	  x7:0x00000000 x28:0x80009acb
        9855000	       984	80001234	0143d293	srli	x5,x7,0x14	  x7:0x00000000  x5=0x00000000
        9865000	       985	80001238	08114e93	xori	x29,x2,129	  x2:0x00000001 x29=0x00000080
        9875000	       986	8000123c	015ddeb3	srl	x29,x27,x21	 x27:0x8b5fe204 x21:0x00000001 x29=0x45aff102
        9885000	       987	80001240	01a4b433	sltu	x8,x9,x26	  x9:0x00000000 x26:0x80009fc4  x8=0x00000001
        9895000	       988	80001244	00981d93	slli	x27,x16,0x9	 x16:0x80009fc4 x27=0x013f8800
        9905000	       989	80001248	011845b3	xor	x11,x16,x17	 x16:0x80009fc4 x17:0x000000b1 x11=0x80009f75
        9915000	       990	8000124c	90547b93	andi	x23,x8,-1787	  x8:0x00000001 x23=0x00000001
        9925000	       991	80001250	41b95893	srai	x17,x18,0x1b	 x18:0xe5e5b000 x17=0xfffffffc
        9935000	       992	80001254	40aa07b3	sub	x15,x20,x10	 x20:0x00000001 x10:0x80009f84 x15=0x7fff607d
        9945000	       993	80001258	01103eb3	sltu	x29,x0,x17	  x0:0x00000000 x17:0xfffffffc x29=0x00000001
        9955000	       994	8000125c	03200063	beq	x0,x18,8000127c	  x0:0x00000000 x18:0xe5e5b000
        9965000	       995	80001260	41808bb3	sub	x23,x1,x24	  x1:0x00000001 x24:0x20047000 x23=0xdffb9001
        9975000	       996	80001264	01d4b7b3	sltu	x15,x9,x29	  x9:0x00000000 x29:0x00000001 x15=0x00000001
        9985000	       997	80001268	0164fc33	and	x24,x9,x22	  x9:0x00000000 x22:0x00000000 x24=0x00000000
        9995000	       998	8000126c	01da5b93	srli	x23,x20,0x1d	 x20:0x00000001 x23=0x00000000
       10005000	       999	80001270	01632db3	slt	x27,x6,x22	  x6:0x00000000 x22:0x00000000 x27=0x00000000
       10015000	      1000	80001274	00c4ae33	slt	x28,x9,x12	  x9:0x00000000 x12:0xffffff50 x28=0x00000000
       10025000	      1001	80001278	4097da33	sra	x20,x15,x9	 x15:0x00000001  x9:0x00000000 x20=0x00000001
       10035000	      1002	8000127c	4629cc93	xori	x25,x19,1122	 x19:0x00000000 x25=0x00000462
       10045000	      1003	80001280	d5bcd337	lui	x6,0xd5bcd	  x6=0xd5bcd000
       10055000	      1004	80001284	4a2fb893	sltiu	x17,x31,1186	 x31:0x00000402 x17=0x00000001
       10065000	      1005	80001288	6fd43c93	sltiu	x25,x8,1789	  x8:0x00000001 x25=0x00000001
       10075000	      1006	8000128c	01d4d793	srli	x15,x9,0x1d	  x9:0x00000000 x15=0x00000000
       10085000	      1007	80001290	004301b3	add	x3,x6,x4	  x6:0xd5bcd000  x4:0xe5e5b000  x3=0xbba28000
       10095000	      1008	80001294	bf7ef413	andi	x8,x29,-1033	 x29:0x00000001  x8=0x00000001
       10105000	      1009	80001298	01bb9eb3	sll	x29,x23,x27	 x23:0x00000000 x27:0x00000000 x29=0x00000000
       10115000	      1010	8000129c	3eb62493	slti	x9,x12,1003	 x12:0xffffff50  x9=0x00000001
       10125000	      1011	800012a0	01bedf33	srl	x30,x29,x27	 x29:0x00000000 x27:0x00000000 x30=0x00000000
       10135000	      1012	800012a4	017eacb3	slt	x25,x29,x23	 x29:0x00000000 x23:0x00000000 x25=0x00000000
       10145000	      1013	800012a8	4106da93	srai	x21,x13,0x10	 x13:0x00000000 x21=0x00000000
       10155000	      1014	800012ac	02ae6263	bltu	x28,x10,800012d0	 x28:0x00000000 x10:0x80009f84
       10165000	      1015	00000000	00000013	addi	x0,x0,0	  x0:0x00000000
       10175000	      1016	800012cc	00000013	addi	x0,x0,0	  x0:0x00000000
       10185000	      1017	800012d0	00fe5e33	srl	x28,x28,x15	 x28:0x00000000 x15:0x00000000 x28=0x00000000
       10195000	      1018	800012d4	019d4933	xor	x18,x26,x25	 x26:0x80009fc4 x25:0x00000000 x18=0x80009fc4
       10205000	      1019	800012d8	01e87e33	and	x28,x16,x30	 x16:0x80009fc4 x30:0x00000000 x28=0x00000000
       10215000	      1020	800012dc	6953b817	auipc	x16,0x6953b	 x16=0xe953c2d8
       10225000	      1021	800012e0	009ba433	slt	x8,x23,x9	 x23:0x00000000  x9:0x00000001  x8=0x00000001
       10235000	      1022	800012e4	01bd34b3	sltu	x9,x26,x27	 x26:0x80009fc4 x27:0x00000000  x9=0x00000000
       10245000	      1023	800012e8	03e50263	beq	x10,x30,8000130c	 x10:0x80009f84 x30:0x00000000
       10255000	      1024	800012ec	05c9e063	bltu	x19,x28,8000132c	 x19:0x00000000 x28:0x00000000
       10265000	      1025	800012f0	01225593	srli	x11,x4,0x12	  x4:0xe5e5b000 x11=0x00003979
       10275000	      1026	800012f4	41b55e33	sra	x28,x10,x27	 x10:0x80009f84 x27:0x00000000 x28=0x80009f84
       10285000	      1027	800012f8	4723ea93	ori	x21,x7,1138	  x7:0x00000000 x21=0x00000472
       10295000	      1028	800012fc	01bfde37	lui	x28,0x1bfd	 x28=0x01bfd000
       10305000	      1029	80001300	005b3a33	sltu	x20,x22,x5	 x22:0x00000000  x5:0x00000000 x20=0x00000000
       10315000	      1030	80001304	07227b93	andi	x23,x4,114	  x4:0xe5e5b000 x23=0x00000000
       10325000	      1031	80001308	00000013	addi	x0,x0,0	  x0:0x00000000
       10335000	      1032	8000130c	00cb8c33	add	x24,x23,x12	 x23:0x00000000 x12:0xffffff50 x24=0xffffff50
       10345000	      1033	80001310	40a80833	sub	x16,x16,x10	 x16:0xe953c2d8 x10:0x80009f84 x16=0x69532354
       10355000	      1034	80001314	032d8663	beq	x27,x18,80001340	 x27:0x00000000 x18:0x80009fc4
       10365000	      1035	80001318	00388a63	beq	x17,x3,8000132c	 x17:0x00000001  x3:0xbba28000
       10375000	      1036	8000131c	68da0093	addi	x1,x20,1677	 x20:0x00000000  x1=0x0000068d
       10385000	      1037	80001320	ed4e2113	slti	x2,x28,-300	 x28:0x01bfd000  x2=0x00000000
       10395000	      1038	80001324	4042d593	srai	x11,x5,0x4	  x5:0x00000000 x11=0x00000000
       10405000	      1039	80001328	4152ddb3	sra	x27,x5,x21	  x5:0x00000000 x21:0x00000472 x27=0x00000000
       10415000	      1040	8000132c	018332b3	sltu	x5,x6,x24	  x6:0xd5bcd000 x24:0xffffff50  x5=0x00000001
       10425000	      1041	80001330	00f65863	bge	x12,x15,80001340	 x12:0xffffff50 x15:0x00000000
       10435000	      1042	80001334	b83d3917	auipc	x18,0xb83d3	 x18=0x383d4330
       10445000	      1043	80001338	3f8f8393	addi	x7,x31,1016	 x31:0x00000402  x7=0x000007fa
       10455000	      1044	8000133c	41b5d413	srai	x8,x11,0x1b	 x11:0x00000000  x8=0x00000000
       10465000	      1045	80001340	04c0d863	bge	x1,x12,80001390	  x1:0x0000068d x12:0xffffff50
       10475000	      1046	00000000	00000013	addi	x0,x0,0	  x0:0x00000000
       10485000	      1047	8000138c	00000013	addi	x0,x0,0	  x0:0x00000000
       10495000	      1048	80001390	addacf13	xori	x30,x21,-1315	 x21:0x00000472 x30=0xfffffeaf
       10505000	      1049	80001394	004ad793	srli	x15,x21,0x4	 x21:0x00000472 x15=0x00000047
       10515000	      1050	80001398	01e48833	add	x16,x9,x30	  x9:0x00000000 x30:0xfffffeaf x16=0xfffffeaf
       10525000	      1051	8000139c	01fc4a33	xor	x20,x24,x31	 x24:0xffffff50 x31:0x00000402 x20=0xfffffb52
       10535000	      1052	800013a0	02e81263	bne	x16,x14,800013c4	 x16:0xfffffeaf x14:0x80009fc4
       10545000	      1053	00000000	00000013	addi	x0,x0,0	  x0:0x00000000
       10555000	      1054	800013c0	00000013	addi	x0,x0,0	  x0:0x00000000
       10565000	      1055	800013c4	033c0063	beq	x24,x19,800013e4	 x24:0xffffff50 x19:0x00000000
       10575000	      1056	800013c8	0031a2b3	slt	x5,x3,x3	  x3:0xbba28000  x3:0xbba28000  x5=0x00000000
       10585000	      1057	800013cc	07819263	bne	x3,x24,80001430	  x3:0xbba28000 x24:0xffffff50
       10595000	      1058	00000000	00000013	addi	x0,x0,0	  x0:0x00000000
       10605000	      1059	8000142c	00000013	addi	x0,x0,0	  x0:0x00000000
       10615000	      1060	80001430	0063ffb3	and	x31,x7,x6	  x7:0x000007fa  x6:0xd5bcd000 x31=0x00000000
       10625000	      1061	80001434	62817417	auipc	x8,0x62817	  x8=0xe2818430
       10635000	      1062	80001438	40c30333	sub	x6,x6,x12	  x6:0xd5bcd000 x12:0xffffff50  x6=0xd5bcd0b0
       10645000	      1063	8000143c	03da8c63	beq	x21,x29,80001474	 x21:0x00000472 x29:0x00000000
       10655000	      1064	80001440	00215c33	srl	x24,x2,x2	  x2:0x00000000  x2:0x00000000 x24=0x00000000
       10665000	      1065	80001444	01467c33	and	x24,x12,x20	 x12:0xffffff50 x20:0xfffffb52 x24=0xfffffb50
       10675000	      1066	80001448	010f6eb3	or	x29,x30,x16	 x30:0xfffffeaf x16:0xfffffeaf x29=0xfffffeaf
       10685000	      1067	8000144c	009a6463	bltu	x20,x9,80001454	 x20:0xfffffb52  x9:0x00000000
       10695000	      1068	80001450	6a4cc417	auipc	x8,0x6a4cc	  x8=0xea4cd44c
       10705000	      1069	80001454	415009b3	sub	x19,x0,x21	  x0:0x00000000 x21:0x00000472 x19=0xfffffb8e
       10715000	      1070	80001458	019b2733	slt	x14,x22,x25	 x22:0x00000000 x25:0x00000000 x14=0x00000000
       10725000	      1071	8000145c	01775833	srl	x16,x14,x23	 x14:0x00000000 x23:0x00000000 x16=0x00000000
       10735000	      1072	80001460	7f4c2b93	slti	x23,x24,2036	 x24:0xfffffb50 x23=0x00000001
       10745000	      1073	80001464	d3d9ce13	xori	x28,x19,-707	 x19:0xfffffb8e x28=0x000006b3
       10755000	      1074	80001468	0030d2b3	srl	x5,x1,x3	  x1:0x0000068d  x3:0xbba28000  x5=0x0000068d
       10765000	      1075	8000146c	41ba5d93	srai	x27,x20,0x1b	 x20:0xfffffb52 x27=0xffffffff
       10775000	      1076	80001470	00bbf263	bgeu	x23,x11,80001474	 x23:0x00000001 x11:0x00000000
       10785000	      1077	00000000	00000013	addi	x0,x0,0	  x0:0x00000000
       10795000	      1078	80001470	00000013	addi	x0,x0,0	  x0:0x00000000
       10805000	      1079	80001474	011a3b33	sltu	x22,x20,x17	 x20:0xfffffb52 x17:0x00000001 x22=0x00000000
       10815000	      1080	80001478	007b83b3	add	x7,x23,x7	 x23:0x00000001  x7:0x000007fa  x7=0x000007fb
       10825000	      1081	8000147c	0158e8b3	or	x17,x17,x21	 x17:0x00000001 x21:0x00000472 x17=0x00000473
       10835000	      1082	80001480	6b2f0d93	addi	x27,x30,1714	 x30:0xfffffeaf x27=0x00000561
       10845000	      1083	80001484	346ead93	slti	x27,x29,838	 x29:0xfffffeaf x27=0x00000001
       10855000	      1084	80001488	0289c063	blt	x19,x8,800014a8	 x19:0xfffffb8e  x8:0xea4cd44c
       10865000	      1085	8000148c	0008fe63	bgeu	x17,x0,800014a8	 x17:0x00000473  x0:0x00000000
       10875000	      1086	00000000	00000013	addi	x0,x0,0	  x0:0x00000000
       10885000	      1087	800014a4	00000013	addi	x0,x0,0	  x0:0x00000000
       10895000	      1088	800014a8	0b82f893	andi	x17,x5,184	  x5:0x0000068d x17=0x00000088
       10905000	      1089	800014ac	00000697	auipc	x13,0x0	 x13=0x800014a8
       10915000	      1090	800014b0	00c68693	addi	x13,x13,12	 x13:0x800014a8 x13=0x800014b4
       10925000	      1091	800014b4	00068067	jalr	x0,x13,0	 x13:0x800014b4
       10935000	      1092	00000000	00000013	addi	x0,x0,0	  x0:0x00000000
       10945000	      1093	800014b4	00000013	addi	x0,x0,0	  x0:0x00000000
       10955000	      1094	800014b8	00100193	addi	x3,x0,1	  x0:0x00000000  x3=0x00000001
       10965000	      1095	800014bc	00000073	ecall	
       10975000	      1096	800014c0	5aa40f37	lui	x30,0x5aa40	 x30=0x5aa40000
