		Time			Cycle	PC		Insn	Decoded instruction	Register and memory contents
          65000	         5	80000004	00000293	addi	x5,x0,0	  x0:0x00000000  x5=0x00000000
          75000	         6	80000008	00000313	addi	x6,x0,0	  x0:0x00000000  x6=0x00000000
          85000	         7	8000000c	00628263	beq	x5,x6,80000010	  x5:0x00000000  x6:0x00000000
          95000	         8	00000000	00000013	addi	x0,x0,0	  x0:0x00000000
         105000	         9	8000000c	00000013	addi	x0,x0,0	  x0:0x00000000
         115000	        10	80000010	00000b97	auipc	x23,0x0	 x23=0x8000000c
         125000	        11	80000014	00cb8b93	addi	x23,x23,12	 x23:0x8000000c x23=0x80000018
         135000	        12	80000018	000b8067	jalr	x0,x23,0	 x23:0x80000018
         145000	        13	00000000	00000013	addi	x0,x0,0	  x0:0x00000000
         155000	        14	80000018	00000013	addi	x0,x0,0	  x0:0x00000000
         165000	        15	8000001c	40000f37	lui	x30,0x40000	 x30=0x40000000
         175000	        16	80000020	100f0f13	addi	x30,x30,256	 x30:0x40000000 x30=0x40000100
         185000	        17	80000024	00000013	addi	x0,x0,0	  x0:0x00000000
         195000	        18	80000028	0000aa97	auipc	x21,0xa	 x21=0x8000a024
         205000	        19	8000002c	fa0a8a93	addi	x21,x21,-96	 x21:0x8000a024 x21=0x80009fc4
         215000	        20	80000030	00002f17	auipc	x30,0x2	 x30=0x8000202c
         225000	        21	80000034	000f0f13	addi	x30,x30,0	 x30:0x8000202c x30=0x8000202c
         235000	        22	80000038	000f6f13	ori	x30,x30,0	 x30:0x8000202c x30=0x8000202c
         245000	        23	8000003c	00000013	addi	x0,x0,0	  x0:0x00000000
         255000	        24	80000040	00000f17	auipc	x30,0x0	 x30=0x8000003c
         265000	        25	80000044	020f0f13	addi	x30,x30,32	 x30:0x8000003c x30=0x8000005c
         275000	        26	80000048	00000013	addi	x0,x0,0	  x0:0x00000000
         285000	        27	8000004c	00000013	addi	x0,x0,0	  x0:0x00000000
         295000	        28	80000050	00002f37	lui	x30,0x2	 x30=0x00002000
         305000	        29	80000054	800f0f13	addi	x30,x30,-2048	 x30:0x00002000 x30=0x00001800
         315000	        30	80000058	00000013	addi	x0,x0,0	  x0:0x00000000
         325000	        31	8000005c	00000013	addi	x0,x0,0	  x0:0x00000000
         335000	        32	80000060	80000037	lui	x0,0x80000	
         345000	        33	80000064	00000013	addi	x0,x0,0	  x0:0x00000000
         355000	        34	80000068	00100093	addi	x1,x0,1	  x0:0x00000000  x1=0x00000001
         365000	        35	8000006c	00400113	addi	x2,x0,4	  x0:0x00000000  x2=0x00000004
         375000	        36	80000070	00000193	addi	x3,x0,0	  x0:0x00000000  x3=0x00000000
         385000	        37	80000074	00000213	addi	x4,x0,0	  x0:0x00000000  x4=0x00000000
         395000	        38	80000078	0dde22b7	lui	x5,0xdde2	  x5=0x0dde2000
         405000	        39	8000007c	1cd28293	addi	x5,x5,461	  x5:0x0dde2000  x5=0x0dde21cd
         415000	        40	80000080	80000337	lui	x6,0x80000	  x6=0x80000000
         425000	        41	80000084	a905b3b7	lui	x7,0xa905b	  x7=0xa905b000
         435000	        42	80000088	83d38393	addi	x7,x7,-1987	  x7:0xa905b000  x7=0xa905a83d
         445000	        43	8000008c	80000437	lui	x8,0x80000	  x8=0x80000000
         455000	        44	80000090	76f6f4b7	lui	x9,0x76f6f	  x9=0x76f6f000
         465000	        45	80000094	a4548493	addi	x9,x9,-1467	  x9:0x76f6f000  x9=0x76f6ea45
         475000	        46	80000098	f1827537	lui	x10,0xf1827	 x10=0xf1827000
         485000	        47	8000009c	a9f50513	addi	x10,x10,-1377	 x10:0xf1827000 x10=0xf1826a9f
         495000	        48	800000a0	f0203637	lui	x12,0xf0203	 x12=0xf0203000
         505000	        49	800000a4	72d60613	addi	x12,x12,1837	 x12:0xf0203000 x12=0xf020372d
         515000	        50	800000a8	fa7dd6b7	lui	x13,0xfa7dd	 x13=0xfa7dd000
         525000	        51	800000ac	68068693	addi	x13,x13,1664	 x13:0xfa7dd000 x13=0xfa7dd680
         535000	        52	800000b0	00400713	addi	x14,x0,4	  x0:0x00000000 x14=0x00000004
         545000	        53	800000b4	f34de7b7	lui	x15,0xf34de	 x15=0xf34de000
         555000	        54	800000b8	e1b78793	addi	x15,x15,-485	 x15:0xf34de000 x15=0xf34dde1b
         565000	        55	800000bc	00000813	addi	x16,x0,0	  x0:0x00000000 x16=0x00000000
         575000	        56	800000c0	00000893	addi	x17,x0,0	  x0:0x00000000 x17=0x00000000
         585000	        57	800000c4	00000913	addi	x18,x0,0	  x0:0x00000000 x18=0x00000000
         595000	        58	800000c8	00d00993	addi	x19,x0,13	  x0:0x00000000 x19=0x0000000d
         605000	        59	800000cc	80000a37	lui	x20,0x80000	 x20=0x80000000
         615000	        60	800000d0	00e00b13	addi	x22,x0,14	  x0:0x00000000 x22=0x0000000e
         625000	        61	800000d4	00000b93	addi	x23,x0,0	  x0:0x00000000 x23=0x00000000
         635000	        62	800000d8	00800c13	addi	x24,x0,8	  x0:0x00000000 x24=0x00000008
         645000	        63	800000dc	00800c93	addi	x25,x0,8	  x0:0x00000000 x25=0x00000008
         655000	        64	800000e0	00000d13	addi	x26,x0,0	  x0:0x00000000 x26=0x00000000
         665000	        65	800000e4	cca67db7	lui	x27,0xcca67	 x27=0xcca67000
         675000	        66	800000e8	586d8d93	addi	x27,x27,1414	 x27:0xcca67000 x27=0xcca67586
         685000	        67	800000ec	80000e37	lui	x28,0x80000	 x28=0x80000000
         695000	        68	800000f0	fd75deb7	lui	x29,0xfd75d	 x29=0xfd75d000
         705000	        69	800000f4	fa2e8e93	addi	x29,x29,-94	 x29:0xfd75d000 x29=0xfd75cfa2
         715000	        70	800000f8	80000f37	lui	x30,0x80000	 x30=0x80000000
         725000	        71	800000fc	80000fb7	lui	x31,0x80000	 x31=0x80000000
         735000	        72	80000100	0000a597	auipc	x11,0xa	 x11=0x8000a0fc
         745000	        73	80000104	e8858593	addi	x11,x11,-376	 x11:0x8000a0fc x11=0x80009f84
         755000	        74	80000108	00009b17	auipc	x22,0x9	 x22=0x80009104
         765000	        75	8000010c	a94b0b13	addi	x22,x22,-1388	 x22:0x80009104 x22=0x80008b98
         775000	        76	80000110	0028c933	xor	x18,x17,x2	 x17:0x00000000  x2:0x00000004 x18=0x00000004
         785000	        77	80000114	007b4183	lbu	x3,7(x22)	 x22:0x80008b98  x3=0x00000000 PA:0x80008b9f
         795000	        78	80000118	010b4c83	lbu	x25,16(x22)	 x22:0x80008b98 x25=0x00000000 PA:0x80008ba8
         805000	        79	8000011c	ca1eba13	sltiu	x20,x29,-863	 x29:0xfd75cfa2 x20=0x00000001
         815000	        80	80000120	01db1823	sh	x29,16(x22)	 x22:0x80008b98 x29:0xfd75cfa2 PA:0x80008ba8
         825000	        81	80000124	00e753b3	srl	x7,x14,x14	 x14:0x00000004 x14:0x00000004  x7=0x00000000
         835000	        82	80000128	00cb0823	sb	x12,16(x22)	 x22:0x80008b98 x12:0xf020372d PA:0x80008ba8
         845000	        83	8000012c	49f34493	xori	x9,x6,1183	  x6:0x80000000  x9=0x8000049f
         855000	        84	80000130	010b2a03	lw	x20,16(x22)	 x22:0x80008b98 x20=0x0000cf2d PA:0x80008ba8
         865000	        85	80000134	010b5303	lhu	x6,16(x22)	 x22:0x80008b98  x6=0x0000cf2d PA:0x80008ba8
         875000	        86	80000138	01ab2823	sw	x26,16(x22)	 x22:0x80008b98 x26:0x00000000 PA:0x80008ba8
         885000	        87	8000013c	f1b1e013	ori	x0,x3,-229	  x3:0x00000000
         895000	        88	80000140	ff3b4103	lbu	x2,-13(x22)	 x22:0x80008b98  x2=0x00000000 PA:0x80008b8b
         905000	        89	80000144	00cb2c83	lw	x25,12(x22)	 x22:0x80008b98 x25=0x00000000 PA:0x80008ba4
         915000	        90	80000148	00db0783	lb	x15,13(x22)	 x22:0x80008b98 x15=0x00000000 PA:0x80008ba5
         925000	        91	8000014c	00008517	auipc	x10,0x8	 x10=0x80008148
         935000	        92	80000150	71750513	addi	x10,x10,1815	 x10:0x80008148 x10=0x8000885f
         945000	        93	80000154	74950f23	sb	x9,1886(x10)	 x10:0x8000885f  x9:0x8000049f PA:0x80008fbd
         955000	        94	80000158	21150483	lb	x9,529(x10)	 x10:0x8000885f  x9=0x00000000 PA:0x80008a70
         965000	        95	8000015c	00009197	auipc	x3,0x9	  x3=0x80009158
         975000	        96	80000160	afa18193	addi	x3,x3,-1286	  x3:0x80009158  x3=0x80008c52
         985000	        97	80000164	00009717	auipc	x14,0x9	 x14=0x80009160
         995000	        98	80000168	ae570713	addi	x14,x14,-1307	 x14:0x80009160 x14=0x80008c45
        1005000	        99	8000016c	0211c003	lbu	x0,33(x3)	  x3:0x80008c52 PA:0x80008c73
        1015000	       100	80000170	00009417	auipc	x8,0x9	  x8=0x8000916c
        1025000	       101	80000174	8b240413	addi	x8,x8,-1870	  x8:0x8000916c  x8=0x80008a1e
        1035000	       102	80000178	fea70c03	lb	x24,-22(x14)	 x14:0x80008c45 x24=0x00000000 PA:0x80008c2f
        1045000	       103	8000017c	00840203	lb	x4,8(x8)	  x8:0x80008a1e  x4=0x00000000 PA:0x80008a26
        1055000	       104	80000180	fd518683	lb	x13,-43(x3)	  x3:0x80008c52 x13=0x00000000 PA:0x80008c27
        1065000	       105	80000184	02840383	lb	x7,40(x8)	  x8:0x80008a1e  x7=0x00000000 PA:0x80008a46
        1075000	       106	80000188	ff341723	sh	x19,-18(x8)	  x8:0x80008a1e x19:0x0000000d PA:0x80008a0c
        1085000	       107	8000018c	61f50e03	lb	x28,1567(x10)	 x10:0x8000885f x28=0x00000000 PA:0x80008e7e
        1095000	       108	80000190	00f18603	lb	x12,15(x3)	  x3:0x80008c52 x12=0x00000000 PA:0x80008c61
        1105000	       109	80000194	fc0406a3	sb	x0,-51(x8)	  x8:0x80008a1e  x0:0x00000000 PA:0x800089eb
        1115000	       110	80000198	4d254a03	lbu	x20,1234(x10)	 x10:0x8000885f x20=0x00000000 PA:0x80008d31
        1125000	       111	8000019c	00218a03	lb	x20,2(x3)	  x3:0x80008c52 x20=0x00000000 PA:0x80008c54
        1135000	       112	800001a0	ff241923	sh	x18,-14(x8)	  x8:0x80008a1e x18:0x00000004 PA:0x80008a10
        1145000	       113	800001a4	ffb75283	lhu	x5,-5(x14)	 x14:0x80008c45  x5=0x00000000 PA:0x80008c40
        1155000	       114	800001a8	697516a3	sh	x23,1677(x10)	 x10:0x8000885f x23:0x00000000 PA:0x80008eec
        1165000	       115	800001ac	fdc18383	lb	x7,-36(x3)	  x3:0x80008c52  x7=0x00000000 PA:0x80008c2e
        1175000	       116	800001b0	fe940f03	lb	x30,-23(x8)	  x8:0x80008a1e x30=0x00000000 PA:0x80008a07
        1185000	       117	800001b4	5fd52203	lw	x4,1533(x10)	 x10:0x8000885f  x4=0x00000000 PA:0x80008e5c
        1195000	       118	800001b8	fc870803	lb	x16,-56(x14)	 x14:0x80008c45 x16=0x00000000 PA:0x80008c0d
        1205000	       119	800001bc	fc970723	sb	x9,-50(x14)	 x14:0x80008c45  x9:0x00000000 PA:0x80008c13
        1215000	       120	800001c0	419519a3	sh	x25,1043(x10)	 x10:0x8000885f x25:0x00000000 PA:0x80008c72
        1225000	       121	800001c4	02a19c03	lh	x24,42(x3)	  x3:0x80008c52 x24=0x00000000 PA:0x80008c7c
        1235000	       122	800001c8	fdf407a3	sb	x31,-49(x8)	  x8:0x80008a1e x31:0x80000000 PA:0x800089ed
        1245000	       123	800001cc	fd174103	lbu	x2,-47(x14)	 x14:0x80008c45  x2=0x00000000 PA:0x80008c16
        1255000	       124	800001d0	00008a17	auipc	x20,0x8	 x20=0x800081cc
        1265000	       125	800001d4	54da0a13	addi	x20,x20,1357	 x20:0x800081cc x20=0x80008719
        1275000	       126	800001d8	00008d97	auipc	x27,0x8	 x27=0x800081d4
        1285000	       127	800001dc	ebed8d93	addi	x27,x27,-322	 x27:0x800081d4 x27=0x80008092
        1295000	       128	800001e0	00008117	auipc	x2,0x8	  x2=0x800081dc
        1305000	       129	800001e4	fff10113	addi	x2,x2,-1	  x2:0x800081dc  x2=0x800081db
        1315000	       130	800001e8	005a02a3	sb	x5,5(x20)	 x20:0x80008719  x5:0x00000000 PA:0x8000871e
        1325000	       131	800001ec	fc6dd083	lhu	x1,-58(x27)	 x27:0x80008092  x1=0x00000000 PA:0x80008058
        1335000	       132	800001f0	fe5d8083	lb	x1,-27(x27)	 x27:0x80008092  x1=0x00000000 PA:0x80008077
        1345000	       133	800001f4	00515d03	lhu	x26,5(x2)	  x2:0x800081db x26=0x00000000 PA:0x800081e0
        1355000	       134	00000000	00000013	addi	x0,x0,0	  x0:0x00000000
        1365000	       135	800001f8	05ad8023	sb	x26,64(x27)	 x27:0x80008092 x26:0x00000000 PA:0x800080d2
        1375000	       136	800001fc	ffc11da3	sh	x28,-5(x2)	  x2:0x800081db x28:0x00000000 PA:0x800081d6
        1385000	       137	80000200	ff5a1083	lh	x1,-11(x20)	 x20:0x80008719  x1=0x00000000 PA:0x8000870e
        1395000	       138	80000204	ff9a5083	lhu	x1,-7(x20)	 x20:0x80008719  x1=0x00000000 PA:0x80008712
        1405000	       139	80000208	00f14f83	lbu	x31,15(x2)	  x2:0x800081db x31=0x00000000 PA:0x800081ea
        1415000	       140	8000020c	02fd8e03	lb	x28,47(x27)	 x27:0x80008092 x28=0x00000000 PA:0x800080c1
        1425000	       141	80000210	02bd8d23	sb	x11,58(x27)	 x27:0x80008092 x11:0x80009f84 PA:0x800080cc
        1435000	       142	80000214	00210e83	lb	x29,2(x2)	  x2:0x800081db x29=0x00000000 PA:0x800081dd
        1445000	       143	80000218	001a1b03	lh	x22,1(x20)	 x20:0x80008719 x22=0x00000000 PA:0x8000871a
        1455000	       144	8000021c	01010083	lb	x1,16(x2)	  x2:0x800081db  x1=0x00000000 PA:0x800081eb
        1465000	       145	80000220	013a0123	sb	x19,2(x20)	 x20:0x80008719 x19:0x0000000d PA:0x8000871b
        1475000	       146	80000224	feb10b23	sb	x11,-10(x2)	  x2:0x800081db x11:0x80009f84 PA:0x800081d1
        1485000	       147	80000228	02ddc303	lbu	x6,45(x27)	 x27:0x80008092  x6=0x00000000 PA:0x800080bf
        1495000	       148	8000022c	001d8183	lb	x3,1(x27)	 x27:0x80008092  x3=0x00000000 PA:0x80008093
        1505000	       149	80000230	ff811da3	sh	x24,-5(x2)	  x2:0x800081db x24:0x00000000 PA:0x800081d6
        1515000	       150	80000234	ff2a4683	lbu	x13,-14(x20)	 x20:0x80008719 x13=0x00000000 PA:0x8000870b
        1525000	       151	80000238	fe8dde83	lhu	x29,-24(x27)	 x27:0x80008092 x29=0x00000000 PA:0x8000807a
        1535000	       152	8000023c	00ba2703	lw	x14,11(x20)	 x20:0x80008719 x14=0x00000000 PA:0x80008724
        1545000	       153	80000240	fe610d23	sb	x6,-6(x2)	  x2:0x800081db  x6:0x00000000 PA:0x800081d5
        1555000	       154	80000244	fefdc783	lbu	x15,-17(x27)	 x27:0x80008092 x15=0x00000000 PA:0x80008081
        1565000	       155	80000248	01010523	sb	x16,10(x2)	  x2:0x800081db x16:0x00000000 PA:0x800081e5
        1575000	       156	8000024c	fe1a0923	sb	x1,-14(x20)	 x20:0x80008719  x1:0x00000000 PA:0x8000870b
        1585000	       157	80000250	00008917	auipc	x18,0x8	 x18=0x8000824c
        1595000	       158	80000254	2ff90913	addi	x18,x18,767	 x18:0x8000824c x18=0x8000854b
        1605000	       159	80000258	00008c97	auipc	x25,0x8	 x25=0x80008254
        1615000	       160	8000025c	fb5c8c93	addi	x25,x25,-75	 x25:0x80008254 x25=0x80008209
        1625000	       161	80000260	ff391183	lh	x3,-13(x18)	 x18:0x8000854b  x3=0x00000000 PA:0x8000853e
        1635000	       162	80000264	00008497	auipc	x9,0x8	  x9=0x80008260
        1645000	       163	80000268	04448493	addi	x9,x9,68	  x9:0x80008260  x9=0x800082a4
        1655000	       164	8000026c	febc9da3	sh	x11,-5(x25)	 x25:0x80008209 x11:0x80009f84 PA:0x80008204
        1665000	       165	80000270	007c95a3	sh	x7,11(x25)	 x25:0x80008209  x7:0x00000000 PA:0x80008214
        1675000	       166	80000274	ff648c03	lb	x24,-10(x9)	  x9:0x800082a4 x24=0x00000000 PA:0x8000829a
        1685000	       167	80000278	00c90683	lb	x13,12(x18)	 x18:0x8000854b x13=0x00000000 PA:0x80008557
        1695000	       168	8000027c	00b4cb03	lbu	x22,11(x9)	  x9:0x800082a4 x22=0x00000000 PA:0x800082af
        1705000	       169	80000280	011c84a3	sb	x17,9(x25)	 x25:0x80008209 x17:0x00000000 PA:0x80008212
        1715000	       170	80000284	005c84a3	sb	x5,9(x25)	 x25:0x80008209  x5:0x00000000 PA:0x80008212
        1725000	       171	80000288	ffa4c783	lbu	x15,-6(x9)	  x9:0x800082a4 x15=0x00000000 PA:0x8000829e
        1735000	       172	8000028c	00b90323	sb	x11,6(x18)	 x18:0x8000854b x11:0x80009f84 PA:0x80008551
        1745000	       173	80000290	00648403	lb	x8,6(x9)	  x9:0x800082a4  x8=0x00000000 PA:0x800082aa
        1755000	       174	00000000	00000013	addi	x0,x0,0	  x0:0x00000000
        1765000	       175	80000294	fe8caba3	sw	x8,-9(x25)	 x25:0x80008209  x8:0x00000000 PA:0x80008200
        1775000	       176	80000298	fe148ca3	sb	x1,-7(x9)	  x9:0x800082a4  x1:0x00000000 PA:0x8000829d
        1785000	       177	8000029c	00c90883	lb	x17,12(x18)	 x18:0x8000854b x17=0x00000000 PA:0x80008557
        1795000	       178	800002a0	ff348fa3	sb	x19,-1(x9)	  x9:0x800082a4 x19:0x0000000d PA:0x800082a3
        1805000	       179	800002a4	ffe48d03	lb	x26,-2(x9)	  x9:0x800082a4 x26=0x00000000 PA:0x800082a2
        1815000	       180	800002a8	00cccd83	lbu	x27,12(x25)	 x25:0x80008209 x27=0x00000000 PA:0x80008215
        1825000	       181	800002ac	004916a3	sh	x4,13(x18)	 x18:0x8000854b  x4:0x00000000 PA:0x80008558
        1835000	       182	800002b0	01b49823	sh	x27,16(x9)	  x9:0x800082a4 x27:0x00000000 PA:0x800082b4
        1845000	       183	800002b4	fff4c083	lbu	x1,-1(x9)	  x9:0x800082a4  x1=0x0000000d PA:0x800082a3
        1855000	       184	800002b8	00849f83	lh	x31,8(x9)	  x9:0x800082a4 x31=0x00000000 PA:0x800082ac
        1865000	       185	800002bc	00008117	auipc	x2,0x8	  x2=0x800082b8
        1875000	       186	800002c0	e2610113	addi	x2,x2,-474	  x2:0x800082b8  x2=0x800080de
        1885000	       187	800002c4	ff910c83	lb	x25,-7(x2)	  x2:0x800080de x25=0x00000000 PA:0x800080d7
        1895000	       188	00000000	00000013	addi	x0,x0,0	  x0:0x00000000
        1905000	       189	800002c8	ff910403	lb	x8,-7(x2)	  x2:0x800080de  x8=0x00000000 PA:0x800080d7
        1915000	       190	800002cc	ff914f03	lbu	x30,-7(x2)	  x2:0x800080de x30=0x00000000 PA:0x800080d7
        1925000	       191	00000000	00000013	addi	x0,x0,0	  x0:0x00000000
        1935000	       192	800002d0	ffe10ca3	sb	x30,-7(x2)	  x2:0x800080de x30:0x00000000 PA:0x800080d7
        1945000	       193	800002d4	ff914f03	lbu	x30,-7(x2)	  x2:0x800080de x30=0x00000000 PA:0x800080d7
        1955000	       194	800002d8	ff914503	lbu	x10,-7(x2)	  x2:0x800080de x10=0x00000000 PA:0x800080d7
        1965000	       195	800002dc	4138dfb3	sra	x31,x17,x19	 x17:0x00000000 x19:0x0000000d x31=0x00000000
        1975000	       196	800002e0	7c654c93	xori	x25,x10,1990	 x10:0x00000000 x25=0x000007c6
        1985000	       197	800002e4	ff910403	lb	x8,-7(x2)	  x2:0x800080de  x8=0x00000000 PA:0x800080d7
        1995000	       198	800002e8	ff910803	lb	x16,-7(x2)	  x2:0x800080de x16=0x00000000 PA:0x800080d7
        2005000	       199	800002ec	ff914283	lbu	x5,-7(x2)	  x2:0x800080de  x5=0x00000000 PA:0x800080d7
        2015000	       200	800002f0	ff914d83	lbu	x27,-7(x2)	  x2:0x800080de x27=0x00000000 PA:0x800080d7
        2025000	       201	800002f4	fef10ca3	sb	x15,-7(x2)	  x2:0x800080de x15:0x00000000 PA:0x800080d7
        2035000	       202	800002f8	ff910483	lb	x9,-7(x2)	  x2:0x800080de  x9=0x00000000 PA:0x800080d7
        2045000	       203	800002fc	ff914983	lbu	x19,-7(x2)	  x2:0x800080de x19=0x00000000 PA:0x800080d7
        2055000	       204	80000300	fec10ca3	sb	x12,-7(x2)	  x2:0x800080de x12:0x00000000 PA:0x800080d7
        2065000	       205	80000304	ff914003	lbu	x0,-7(x2)	  x2:0x800080de PA:0x800080d7
        2075000	       206	80000308	ff914503	lbu	x10,-7(x2)	  x2:0x800080de x10=0x00000000 PA:0x800080d7
        2085000	       207	8000030c	ff914183	lbu	x3,-7(x2)	  x2:0x800080de  x3=0x00000000 PA:0x800080d7
        2095000	       208	80000310	ff914803	lbu	x16,-7(x2)	  x2:0x800080de x16=0x00000000 PA:0x800080d7
        2105000	       209	80000314	ff914e83	lbu	x29,-7(x2)	  x2:0x800080de x29=0x00000000 PA:0x800080d7
        2115000	       210	80000318	00008e17	auipc	x28,0x8	 x28=0x80008314
        2125000	       211	8000031c	081e0e13	addi	x28,x28,129	 x28:0x80008314 x28=0x80008395
        2135000	       212	80000320	ffde0383	lb	x7,-3(x28)	 x28:0x80008395  x7=0x00000000 PA:0x80008392
        2145000	       213	80000324	ff5e5003	lhu	x0,-11(x28)	 x28:0x80008395 PA:0x8000838a
        2155000	       214	80000328	ae7d7a37	lui	x20,0xae7d7	 x20=0xae7d7000
        2165000	       215	8000032c	00877fb3	and	x31,x14,x8	 x14:0x00000000  x8:0x00000000 x31=0x00000000
        2175000	       216	80000330	002bde93	srli	x29,x23,0x2	 x23:0x00000000 x29=0x00000000
        2185000	       217	80000334	00000013	addi	x0,x0,0	  x0:0x00000000
        2195000	       218	80000338	ff9e4983	lbu	x19,-7(x28)	 x28:0x80008395 x19=0x00000000 PA:0x8000838e
        2205000	       219	8000033c	005e3833	sltu	x16,x28,x5	 x28:0x80008395  x5:0x00000000 x16=0x00000000
        2215000	       220	80000340	fe7e2503	lw	x10,-25(x28)	 x28:0x80008395 x10=0x00000000 PA:0x8000837c
        2225000	       221	80000344	005e1c03	lh	x24,5(x28)	 x28:0x80008395 x24=0x00000000 PA:0x8000839a
        2235000	       222	80000348	001e0f83	lb	x31,1(x28)	 x28:0x80008395 x31=0x00000000 PA:0x80008396
        2245000	       223	8000034c	011a7933	and	x18,x20,x17	 x20:0xae7d7000 x17:0x00000000 x18=0x00000000
        2255000	       224	80000350	fefe0e23	sb	x15,-4(x28)	 x28:0x80008395 x15:0x00000000 PA:0x80008391
        2265000	       225	80000354	01c48933	add	x18,x9,x28	  x9:0x00000000 x28:0x80008395 x18=0x80008395
        2275000	       226	80000358	005e0223	sb	x5,4(x28)	 x28:0x80008395  x5:0x00000000 PA:0x80008399
        2285000	       227	8000035c	80bad237	lui	x4,0x80bad	  x4=0x80bad000
        2295000	       228	80000360	0118beb3	sltu	x29,x17,x17	 x17:0x00000000 x17:0x00000000 x29=0x00000000
        2305000	       229	80000364	00b461b3	or	x3,x8,x11	  x8:0x00000000 x11:0x80009f84  x3=0x80009f84
        2315000	       230	80000368	fc3e0d03	lb	x26,-61(x28)	 x28:0x80008395 x26=0x00000000 PA:0x80008358
        2325000	       231	8000036c	fc7e0103	lb	x2,-57(x28)	 x28:0x80008395  x2=0x00000000 PA:0x8000835c
        2335000	       232	00000000	00000013	addi	x0,x0,0	  x0:0x00000000
        2345000	       233	80000370	7f110013	addi	x0,x2,2033	  x2:0x00000000
        2355000	       234	80000374	00d7f2b3	and	x5,x15,x13	 x15:0x00000000 x13:0x00000000  x5=0x00000000
        2365000	       235	80000378	01d02833	slt	x16,x0,x29	  x0:0x00000000 x29:0x00000000 x16=0x00000000
        2375000	       236	8000037c	fe0e0c83	lb	x25,-32(x28)	 x28:0x80008395 x25=0x00000000 PA:0x80008375
        2385000	       237	80000380	02be0e83	lb	x29,43(x28)	 x28:0x80008395 x29=0x00000000 PA:0x800083c0
        2395000	       238	80000384	4195d193	srai	x3,x11,0x19	 x11:0x80009f84  x3=0xffffffc0
        2405000	       239	80000388	0004d213	srli	x4,x9,0x0	  x9:0x00000000  x4=0x00000000
        2415000	       240	8000038c	02fe1803	lh	x16,47(x28)	 x28:0x80008395 x16=0x00000000 PA:0x800083c4
        2425000	       241	80000390	032e06a3	sb	x18,45(x28)	 x28:0x80008395 x18:0x80008395 PA:0x800083c2
        2435000	       242	80000394	00c4c6b3	xor	x13,x9,x12	  x9:0x00000000 x12:0x00000000 x13=0x00000000
        2445000	       243	80000398	03ce0c03	lb	x24,60(x28)	 x28:0x80008395 x24=0x00000000 PA:0x800083d1
        2455000	       244	8000039c	fd2e0aa3	sb	x18,-43(x28)	 x28:0x80008395 x18:0x80008395 PA:0x8000836a
        2465000	       245	800003a0	00376033	or	x0,x14,x3	 x14:0x00000000  x3:0xffffffc0
        2475000	       246	800003a4	006e4783	lbu	x15,6(x28)	 x28:0x80008395 x15=0x00000000 PA:0x8000839b
        2485000	       247	800003a8	463fa297	auipc	x5,0x463fa	  x5=0xc63fa3a4
        2495000	       248	800003ac	01642333	slt	x6,x8,x22	  x8:0x00000000 x22:0x00000000  x6=0x00000000
        2505000	       249	800003b0	014e4f83	lbu	x31,20(x28)	 x28:0x80008395 x31=0x00000000 PA:0x800083a9
        2515000	       250	00000000	00000013	addi	x0,x0,0	  x0:0x00000000
        2525000	       251	800003b4	fffe0fa3	sb	x31,-1(x28)	 x28:0x80008395 x31:0x00000000 PA:0x80008394
        2535000	       252	800003b8	418dd913	srai	x18,x27,0x18	 x27:0x00000000 x18=0x00000000
        2545000	       253	800003bc	75646c37	lui	x24,0x75646	 x24=0x75646000
        2555000	       254	800003c0	b50c1237	lui	x4,0xb50c1	  x4=0xb50c1000
        2565000	       255	800003c4	01a51813	slli	x16,x10,0x1a	 x10:0x00000000 x16=0x00000000
        2575000	       256	800003c8	002ca333	slt	x6,x25,x2	 x25:0x00000000  x2:0x00000000  x6=0x00000000
        2585000	       257	800003cc	42fb8897	auipc	x17,0x42fb8	 x17=0xc2fb83c8
        2595000	       258	800003d0	017e0723	sb	x23,14(x28)	 x28:0x80008395 x23:0x00000000 PA:0x800083a3
        2605000	       259	800003d4	03ae4f03	lbu	x30,58(x28)	 x28:0x80008395 x30=0x00000000 PA:0x800083cf
        2615000	       260	800003d8	01dfd133	srl	x2,x31,x29	 x31:0x00000000 x29:0x00000000  x2=0x00000000
        2625000	       261	800003dc	fdde1603	lh	x12,-35(x28)	 x28:0x80008395 x12=0x00000000 PA:0x80008372
        2635000	       262	800003e0	010fcc33	xor	x24,x31,x16	 x31:0x00000000 x16:0x00000000 x24=0x00000000
        2645000	       263	800003e4	795bc2b7	lui	x5,0x795bc	  x5=0x795bc000
        2655000	       264	800003e8	40b85993	srai	x19,x16,0xb	 x16:0x00000000 x19=0x00000000
        2665000	       265	800003ec	fe6e0f23	sb	x6,-2(x28)	 x28:0x80008395  x6:0x00000000 PA:0x80008393
        2675000	       266	800003f0	027e0403	lb	x8,39(x28)	 x28:0x80008395  x8=0x00000000 PA:0x800083bc
        2685000	       267	800003f4	017e1da3	sh	x23,27(x28)	 x28:0x80008395 x23:0x00000000 PA:0x800083b0
        2695000	       268	800003f8	038e4f83	lbu	x31,56(x28)	 x28:0x80008395 x31=0x00000000 PA:0x800083cd
        2705000	       269	800003fc	01b546b3	xor	x13,x10,x27	 x10:0x00000000 x27:0x00000000 x13=0x00000000
        2715000	       270	80000400	ff5e0923	sb	x21,-14(x28)	 x28:0x80008395 x21:0x80009fc4 PA:0x80008387
        2725000	       271	80000404	00008117	auipc	x2,0x8	  x2=0x80008400
        2735000	       272	80000408	e6510113	addi	x2,x2,-411	  x2:0x80008400  x2=0x80008265
        2745000	       273	8000040c	00610903	lb	x18,6(x2)	  x2:0x80008265 x18=0x00000000 PA:0x8000826b
        2755000	       274	80000410	02d88313	addi	x6,x17,45	 x17:0xc2fb83c8  x6=0xc2fb83f5
        2765000	       275	80000414	0046d633	srl	x12,x13,x4	 x13:0x00000000  x4:0xb50c1000 x12=0x00000000
        2775000	       276	80000418	0058adb3	slt	x27,x17,x5	 x17:0xc2fb83c8  x5:0x795bc000 x27=0x00000001
        2785000	       277	8000041c	00410883	lb	x17,4(x2)	  x2:0x80008265 x17=0x00000000 PA:0x80008269
        2795000	       278	80000420	00000013	addi	x0,x0,0	  x0:0x00000000
        2805000	       279	80000424	00111e03	lh	x28,1(x2)	  x2:0x80008265 x28=0x00000000 PA:0x80008266
        2815000	       280	80000428	5269f813	andi	x16,x19,1318	 x19:0x00000000 x16=0x00000000
        2825000	       281	8000042c	89682713	slti	x14,x16,-1898	 x16:0x00000000 x14=0x00000000
        2835000	       282	80000430	0130f433	and	x8,x1,x19	  x1:0x0000000d x19:0x00000000  x8=0x00000000
        2845000	       283	80000434	ff314083	lbu	x1,-13(x2)	  x2:0x80008265  x1=0x00000000 PA:0x80008258
        2855000	       284	80000438	400800b3	sub	x1,x16,x0	 x16:0x00000000  x0:0x00000000  x1=0x00000000
        2865000	       285	8000043c	00d14803	lbu	x16,13(x2)	  x2:0x80008265 x16=0x00000000 PA:0x80008272
        2875000	       286	80000440	00210d83	lb	x27,2(x2)	  x2:0x80008265 x27=0x00000000 PA:0x80008267
        2885000	       287	80000444	00276033	or	x0,x14,x2	 x14:0x00000000  x2:0x80008265
        2895000	       288	80000448	00fd52b3	srl	x5,x26,x15	 x26:0x00000000 x15:0x00000000  x5=0x00000000
        2905000	       289	8000044c	01bbda13	srli	x20,x23,0x1b	 x23:0x00000000 x20=0x00000000
        2915000	       290	80000450	00814383	lbu	x7,8(x2)	  x2:0x80008265  x7=0x00000000 PA:0x8000826d
        2925000	       291	80000454	00510623	sb	x5,12(x2)	  x2:0x80008265  x5:0x00000000 PA:0x80008271
        2935000	       292	80000458	0027eb33	or	x22,x15,x2	 x15:0x00000000  x2:0x80008265 x22=0x80008265
        2945000	       293	8000045c	40420933	sub	x18,x4,x4	  x4:0xb50c1000  x4:0xb50c1000 x18=0x00000000
        2955000	       294	80000460	00134833	xor	x16,x6,x1	  x6:0xc2fb83f5  x1:0x00000000 x16=0xc2fb83f5
        2965000	       295	80000464	40ebdf93	srai	x31,x23,0xe	 x23:0x00000000 x31=0x00000000
        2975000	       296	80000468	00a14f03	lbu	x30,10(x2)	  x2:0x80008265 x30=0x00000000 PA:0x8000826f
        2985000	       297	8000046c	00610303	lb	x6,6(x2)	  x2:0x80008265  x6=0x00000000 PA:0x8000826b
        2995000	       298	80000470	eb20a093	slti	x1,x1,-334	  x1:0x00000000  x1=0x00000000
        3005000	       299	80000474	00d14b03	lbu	x22,13(x2)	  x2:0x80008265 x22=0x00000000 PA:0x80008272
        3015000	       300	80000478	ffc10c03	lb	x24,-4(x2)	  x2:0x80008265 x24=0x00000000 PA:0x80008261
        3025000	       301	8000047c	ff312503	lw	x10,-13(x2)	  x2:0x80008265 x10=0x00000000 PA:0x80008258
        3035000	       302	80000480	2a624913	xori	x18,x4,678	  x4:0xb50c1000 x18=0xb50c12a6
        3045000	       303	80000484	ff915c03	lhu	x24,-7(x2)	  x2:0x80008265 x24=0x00000000 PA:0x8000825e
        3055000	       304	80000488	01233cb3	sltu	x25,x6,x18	  x6:0x00000000 x18:0xb50c12a6 x25=0x00000001
        3065000	       305	8000048c	ffd14f03	lbu	x30,-3(x2)	  x2:0x80008265 x30=0x00000000 PA:0x80008262
        3075000	       306	80000490	00f107a3	sb	x15,15(x2)	  x2:0x80008265 x15:0x00000000 PA:0x80008274
        3085000	       307	80000494	ff414f83	lbu	x31,-12(x2)	  x2:0x80008265 x31=0x00000000 PA:0x80008259
        3095000	       308	80000498	ff814383	lbu	x7,-8(x2)	  x2:0x80008265  x7=0x00000000 PA:0x8000825d
        3105000	       309	8000049c	49600893	addi	x17,x0,1174	  x0:0x00000000 x17=0x00000496
        3115000	       310	800004a0	00b15803	lhu	x16,11(x2)	  x2:0x80008265 x16=0x00000000 PA:0x80008270
        3125000	       311	800004a4	00000013	addi	x0,x0,0	  x0:0x00000000
        3135000	       312	800004a8	dc5a2793	slti	x15,x20,-571	 x20:0x00000000 x15=0x00000000
        3145000	       313	800004ac	db4bd7b7	lui	x15,0xdb4bd	 x15=0xdb4bd000
        3155000	       314	800004b0	ff915783	lhu	x15,-7(x2)	  x2:0x80008265 x15=0x00000000 PA:0x8000825e
        3165000	       315	800004b4	ffb10a23	sb	x27,-12(x2)	  x2:0x80008265 x27:0x00000000 PA:0x80008259
        3175000	       316	800004b8	019737b3	sltu	x15,x14,x25	 x14:0x00000000 x25:0x00000001 x15=0x00000001
        3185000	       317	800004bc	00f14703	lbu	x14,15(x2)	  x2:0x80008265 x14=0x00000000 PA:0x80008274
        3195000	       318	800004c0	007110a3	sh	x7,1(x2)	  x2:0x80008265  x7:0x00000000 PA:0x80008266
        3205000	       319	800004c4	00009117	auipc	x2,0x9	  x2=0x800094c0
        3215000	       320	800004c8	b1810113	addi	x2,x2,-1256	  x2:0x800094c0  x2=0x80008fd8
        3225000	       321	800004cc	ffe10e83	lb	x29,-2(x2)	  x2:0x80008fd8 x29=0x00000000 PA:0x80008fd6
        3235000	       322	800004d0	fda15903	lhu	x18,-38(x2)	  x2:0x80008fd8 x18=0x00000000 PA:0x80008fb2
        3245000	       323	800004d4	01498633	add	x12,x19,x20	 x19:0x00000000 x20:0x00000000 x12=0x00000000
        3255000	       324	800004d8	fe310223	sb	x3,-28(x2)	  x2:0x80008fd8  x3:0xffffffc0 PA:0x80008fbc
        3265000	       325	800004dc	fcf14083	lbu	x1,-49(x2)	  x2:0x80008fd8  x1=0x00000000 PA:0x80008fa7
        3275000	       326	800004e0	0104cd33	xor	x26,x9,x16	  x9:0x00000000 x16:0x00000000 x26=0x00000000
        3285000	       327	800004e4	fe114003	lbu	x0,-31(x2)	  x2:0x80008fd8 PA:0x80008fb9
        3295000	       328	800004e8	fd514803	lbu	x16,-43(x2)	  x2:0x80008fd8 x16=0x00000000 PA:0x80008fad
        3305000	       329	800004ec	fee11f23	sh	x14,-2(x2)	  x2:0x80008fd8 x14:0x00000000 PA:0x80008fd6
        3315000	       330	800004f0	01011223	sh	x16,4(x2)	  x2:0x80008fd8 x16:0x00000000 PA:0x80008fdc
        3325000	       331	800004f4	01ecbe33	sltu	x28,x25,x30	 x25:0x00000001 x30:0x00000000 x28=0x00000000
        3335000	       332	800004f8	fdd10983	lb	x19,-35(x2)	  x2:0x80008fd8 x19=0x00000000 PA:0x80008fb5
        3345000	       333	800004fc	ffd14903	lbu	x18,-3(x2)	  x2:0x80008fd8 x18=0x00000000 PA:0x80008fd5
        3355000	       334	80000500	fde15b03	lhu	x22,-34(x2)	  x2:0x80008fd8 x22=0x00000000 PA:0x80008fb6
        3365000	       335	80000504	01b75033	srl	x0,x14,x27	 x14:0x00000000 x27:0x00000000
        3375000	       336	80000508	01412023	sw	x20,0(x2)	  x2:0x80008fd8 x20:0x00000000 PA:0x80008fd8
        3385000	       337	8000050c	fef10283	lb	x5,-17(x2)	  x2:0x80008fd8  x5=0x00000000 PA:0x80008fc7
        3395000	       338	80000510	fdb10083	lb	x1,-37(x2)	  x2:0x80008fd8  x1=0x00000000 PA:0x80008fb3
        3405000	       339	80000514	fee11823	sh	x14,-16(x2)	  x2:0x80008fd8 x14:0x00000000 PA:0x80008fc8
        3415000	       340	80000518	01a086b3	add	x13,x1,x26	  x1:0x00000000 x26:0x00000000 x13=0x00000000
        3425000	       341	8000051c	00d10a03	lb	x20,13(x2)	  x2:0x80008fd8 x20=0x00000000 PA:0x80008fe5
        3435000	       342	80000520	0029b1b3	sltu	x3,x19,x2	 x19:0x00000000  x2:0x80008fd8  x3=0x00000001
        3445000	       343	80000524	ffa106a3	sb	x26,-19(x2)	  x2:0x80008fd8 x26:0x00000000 PA:0x80008fc5
        3455000	       344	80000528	00e15f83	lhu	x31,14(x2)	  x2:0x80008fd8 x31=0x00000000 PA:0x80008fe6
        3465000	       345	8000052c	fd1105a3	sb	x17,-53(x2)	  x2:0x80008fd8 x17:0x00000496 PA:0x80008fa3
        3475000	       346	80000530	fe010ea3	sb	x0,-3(x2)	  x2:0x80008fd8  x0:0x00000000 PA:0x80008fd5
        3485000	       347	80000534	fed10123	sb	x13,-30(x2)	  x2:0x80008fd8 x13:0x00000000 PA:0x80008fba
        3495000	       348	80000538	ff914703	lbu	x14,-7(x2)	  x2:0x80008fd8 x14=0x00000000 PA:0x80008fd1
        3505000	       349	8000053c	00961d93	slli	x27,x12,0x9	 x12:0x00000000 x27=0x00000000
        3515000	       350	80000540	fc615683	lhu	x13,-58(x2)	  x2:0x80008fd8 x13=0x00000000 PA:0x80008f9e
        3525000	       351	80000544	004101a3	sb	x4,3(x2)	  x2:0x80008fd8  x4:0xb50c1000 PA:0x80008fdb
        3535000	       352	80000548	00e1ea33	or	x20,x3,x14	  x3:0x00000001 x14:0x00000000 x20=0x00000001
        3545000	       353	8000054c	01799213	slli	x4,x19,0x17	 x19:0x00000000  x4=0x00000000
        3555000	       354	80000550	ffb14003	lbu	x0,-5(x2)	  x2:0x80008fd8 PA:0x80008fd3
        3565000	       355	80000554	25366613	ori	x12,x12,595	 x12:0x00000000 x12=0x00000253
        3575000	       356	80000558	00da59b3	srl	x19,x20,x13	 x20:0x00000001 x13:0x00000000 x19=0x00000001
        3585000	       357	8000055c	00a11303	lh	x6,10(x2)	  x2:0x80008fd8  x6=0x00000000 PA:0x80008fe2
        3595000	       358	80000560	ff910e03	lb	x28,-7(x2)	  x2:0x80008fd8 x28=0x00000000 PA:0x80008fd1
        3605000	       359	80000564	ffa11603	lh	x12,-6(x2)	  x2:0x80008fd8 x12=0x00000000 PA:0x80008fd2
        3615000	       360	80000568	00914e83	lbu	x29,9(x2)	  x2:0x80008fd8 x29=0x00000000 PA:0x80008fe1
        3625000	       361	8000056c	276486b7	lui	x13,0x27648	 x13=0x27648000
        3635000	       362	80000570	0175dc33	srl	x24,x11,x23	 x11:0x80009f84 x23:0x00000000 x24=0x80009f84
        3645000	       363	80000574	01fc3733	sltu	x14,x24,x31	 x24:0x80009f84 x31:0x00000000 x14=0x00000000
        3655000	       364	80000578	01b24733	xor	x14,x4,x27	  x4:0x00000000 x27:0x00000000 x14=0x00000000
        3665000	       365	8000057c	01fab2b3	sltu	x5,x21,x31	 x21:0x80009fc4 x31:0x00000000  x5=0x00000000
        3675000	       366	80000580	05eb6463	bltu	x22,x30,800005c8	 x22:0x00000000 x30:0x00000000
        3685000	       367	80000584	e796c613	xori	x12,x13,-391	 x13:0x27648000 x12=0xd89b7e79
        3695000	       368	80000588	50ba6513	ori	x10,x20,1291	 x20:0x00000001 x10=0x0000050b
        3705000	       369	8000058c	09b14d93	xori	x27,x2,155	  x2:0x80008fd8 x27=0x80008f43
        3715000	       370	80000590	40948733	sub	x14,x9,x9	  x9:0x00000000  x9:0x00000000 x14=0x00000000
        3725000	       371	80000594	01fe5a63	bge	x28,x31,800005a8	 x28:0x00000000 x31:0x00000000
        3735000	       372	00000000	00000013	addi	x0,x0,0	  x0:0x00000000
        3745000	       373	800005a4	00000013	addi	x0,x0,0	  x0:0x00000000
        3755000	       374	800005a8	0167e333	or	x6,x15,x22	 x15:0x00000001 x22:0x00000000  x6=0x00000001
        3765000	       375	800005ac	00000013	addi	x0,x0,0	  x0:0x00000000
        3775000	       376	800005b0	0160dc63	bge	x1,x22,800005c8	  x1:0x00000000 x22:0x00000000
        3785000	       377	00000000	00000013	addi	x0,x0,0	  x0:0x00000000
        3795000	       378	800005c4	00000013	addi	x0,x0,0	  x0:0x00000000
        3805000	       379	800005c8	0169cdb3	xor	x27,x19,x22	 x19:0x00000001 x22:0x00000000 x27=0x00000001
        3815000	       380	800005cc	c545b213	sltiu	x4,x11,-940	 x11:0x80009f84  x4=0x00000001
        3825000	       381	800005d0	2bb2bd13	sltiu	x26,x5,699	  x5:0x00000000 x26=0x00000001
        3835000	       382	800005d4	58fc7e13	andi	x28,x24,1423	 x24:0x80009f84 x28=0x00000584
        3845000	       383	800005d8	411b52b3	sra	x5,x22,x17	 x22:0x00000000 x17:0x00000496  x5=0x00000000
        3855000	       384	800005dc	67410997	auipc	x19,0x67410	 x19=0xe74105d8
        3865000	       385	800005e0	0187f433	and	x8,x15,x24	 x15:0x00000001 x24:0x80009f84  x8=0x00000000
        3875000	       386	800005e4	0176c4b3	xor	x9,x13,x23	 x13:0x27648000 x23:0x00000000  x9=0x27648000
        3885000	       387	800005e8	00b4a933	slt	x18,x9,x11	  x9:0x27648000 x11:0x80009f84 x18=0x00000000
        3895000	       388	800005ec	01b7a2b3	slt	x5,x15,x27	 x15:0x00000001 x27:0x00000001  x5=0x00000000
        3905000	       389	800005f0	00b67733	and	x14,x12,x11	 x12:0xd89b7e79 x11:0x80009f84 x14=0x80001e00
        3915000	       390	800005f4	413c0133	sub	x2,x24,x19	 x24:0x80009f84 x19:0xe74105d8  x2=0x98bf99ac
        3925000	       391	800005f8	01f4e4b3	or	x9,x9,x31	  x9:0x27648000 x31:0x00000000  x9=0x27648000
        3935000	       392	800005fc	767ce113	ori	x2,x25,1895	 x25:0x00000001  x2=0x00000767
        3945000	       393	80000600	011fcd33	xor	x26,x31,x17	 x31:0x00000000 x17:0x00000496 x26=0x00000496
        3955000	       394	80000604	00f75e13	srli	x28,x14,0xf	 x14:0x80001e00 x28=0x00010000
        3965000	       395	80000608	ca834697	auipc	x13,0xca834	 x13=0x4a834604
        3975000	       396	8000060c	00338a63	beq	x7,x3,80000620	  x7:0x00000000  x3:0x00000001
        3985000	       397	80000610	f3caa793	slti	x15,x21,-196	 x21:0x80009fc4 x15=0x00000001
        3995000	       398	80000614	00984863	blt	x16,x9,80000624	 x16:0x00000000  x9:0x27648000
        4005000	       399	00000000	00000013	addi	x0,x0,0	  x0:0x00000000
        4015000	       400	80000620	00000013	addi	x0,x0,0	  x0:0x00000000
        4025000	       401	80000624	0085c6b3	xor	x13,x11,x8	 x11:0x80009f84  x8:0x00000000 x13=0x80009f84
        4035000	       402	80000628	37bbf293	andi	x5,x23,891	 x23:0x00000000  x5=0x00000000
        4045000	       403	8000062c	01d383b3	add	x7,x7,x29	  x7:0x00000000 x29:0x00000000  x7=0x00000000
        4055000	       404	80000630	009df833	and	x16,x27,x9	 x27:0x00000001  x9:0x27648000 x16=0x00000000
        4065000	       405	80000634	00b73fb3	sltu	x31,x14,x11	 x14:0x80001e00 x11:0x80009f84 x31=0x00000001
        4075000	       406	80000638	01f5e733	or	x14,x11,x31	 x11:0x80009f84 x31:0x00000001 x14=0x80009f85
        4085000	       407	8000063c	4c45f493	andi	x9,x11,1220	 x11:0x80009f84  x9=0x00000484
        4095000	       408	80000640	ddb5afb7	lui	x31,0xddb5a	 x31=0xddb5a000
        4105000	       409	80000644	05975863	bge	x14,x25,80000694	 x14:0x80009f85 x25:0x00000001
        4115000	       410	80000648	dbec7793	andi	x15,x24,-578	 x24:0x80009f84 x15=0x80009d84
        4125000	       411	8000064c	00c1f733	and	x14,x3,x12	  x3:0x00000001 x12:0xd89b7e79 x14=0x00000001
        4135000	       412	80000650	013ee6b3	or	x13,x29,x19	 x29:0x00000000 x19:0xe74105d8 x13=0xe74105d8
        4145000	       413	80000654	1b779137	lui	x2,0x1b779	  x2=0x1b779000
        4155000	       414	80000658	009c8663	beq	x25,x9,80000664	 x25:0x00000001  x9:0x00000484
        4165000	       415	8000065c	7c3b59b7	lui	x19,0x7c3b5	 x19=0x7c3b5000
        4175000	       416	80000660	41810d33	sub	x26,x2,x24	  x2:0x1b779000 x24:0x80009f84 x26=0x9b76f07c
        4185000	       417	80000664	3e89b697	auipc	x13,0x3e89b	 x13=0xbe89b660
        4195000	       418	80000668	014e1033	sll	x0,x28,x20	 x28:0x00010000 x20:0x00000001
        4205000	       419	8000066c	0125f8b3	and	x17,x11,x18	 x11:0x80009f84 x18:0x00000000 x17=0x00000000
        4215000	       420	80000670	e192c893	xori	x17,x5,-487	  x5:0x00000000 x17=0xfffffe19
        4225000	       421	80000674	59da2713	slti	x14,x20,1437	 x20:0x00000001 x14=0x00000001
        4235000	       422	80000678	00f41413	slli	x8,x8,0xf	  x8:0x00000000  x8=0x00000000
        4245000	       423	8000067c	00000013	addi	x0,x0,0	  x0:0x00000000
        4255000	       424	80000680	401053b3	sra	x7,x0,x1	  x0:0x00000000  x1:0x00000000  x7=0x00000000
        4265000	       425	80000684	c1e50393	addi	x7,x10,-994	 x10:0x0000050b  x7=0x00000129
        4275000	       426	80000688	011d0033	add	x0,x26,x17	 x26:0x9b76f07c x17:0xfffffe19
        4285000	       427	8000068c	01cdd3b3	srl	x7,x27,x28	 x27:0x00000001 x28:0x00010000  x7=0x00000001
        4295000	       428	80000690	57dbb113	sltiu	x2,x23,1405	 x23:0x00000000  x2=0x00000001
        4305000	       429	80000694	0dcbbc13	sltiu	x24,x23,220	 x23:0x00000000 x24=0x00000001
        4315000	       430	80000698	00cfe833	or	x16,x31,x12	 x31:0xddb5a000 x12:0xd89b7e79 x16=0xddbffe79
        4325000	       431	8000069c	03e00863	beq	x0,x30,800006cc	  x0:0x00000000 x30:0x00000000
        4335000	       432	00000000	00000013	addi	x0,x0,0	  x0:0x00000000
        4345000	       433	800006c8	00000013	addi	x0,x0,0	  x0:0x00000000
        4355000	       434	800006cc	ba512193	slti	x3,x2,-1115	  x2:0x00000001  x3=0x00000000
        4365000	       435	800006d0	00d6a8b3	slt	x17,x13,x13	 x13:0xbe89b660 x13:0xbe89b660 x17=0x00000000
        4375000	       436	800006d4	9c854c93	xori	x25,x10,-1592	 x10:0x0000050b x25=0xfffffcc3
        4385000	       437	800006d8	019e9093	slli	x1,x29,0x19	 x29:0x00000000  x1=0x00000000
        4395000	       438	800006dc	0073d013	srli	x0,x7,0x7	  x7:0x00000001
        4405000	       439	800006e0	4e0da2b7	lui	x5,0x4e0da	  x5=0x4e0da000
        4415000	       440	800006e4	01ac1f13	slli	x30,x24,0x1a	 x24:0x00000001 x30=0x04000000
        4425000	       441	800006e8	41d85713	srai	x14,x16,0x1d	 x16:0xddbffe79 x14=0xfffffffe
        4435000	       442	800006ec	5091d137	lui	x2,0x5091d	  x2=0x5091d000
        4445000	       443	800006f0	0217c663	blt	x15,x1,8000071c	 x15:0x80009d84  x1:0x00000000
        4455000	       444	00000000	00000013	addi	x0,x0,0	  x0:0x00000000
        4465000	       445	80000718	00000013	addi	x0,x0,0	  x0:0x00000000
        4475000	       446	8000071c	418a80b3	sub	x1,x21,x24	 x21:0x80009fc4 x24:0x00000001  x1=0x80009fc3
        4485000	       447	80000720	007b68b3	or	x17,x22,x7	 x22:0x00000000  x7:0x00000001 x17=0x00000001
        4495000	       448	80000724	0ceb7213	andi	x4,x22,206	 x22:0x00000000  x4=0x00000000
        4505000	       449	80000728	d325e293	ori	x5,x11,-718	 x11:0x80009f84  x5=0xffffffb6
        4515000	       450	8000072c	7700ad93	slti	x27,x1,1904	  x1:0x80009fc3 x27=0x00000001
        4525000	       451	80000730	010e1db3	sll	x27,x28,x16	 x28:0x00010000 x16:0xddbffe79 x27=0x00000000
        4535000	       452	80000734	00bcd293	srli	x5,x25,0xb	 x25:0xfffffcc3  x5=0x001fffff
        4545000	       453	80000738	40318a33	sub	x20,x3,x3	  x3:0x00000000  x3:0x00000000 x20=0x00000000
        4555000	       454	8000073c	7c0a4893	xori	x17,x20,1984	 x20:0x00000000 x17=0x000007c0
        4565000	       455	80000740	0be95463	bge	x18,x30,800007e8	 x18:0x00000000 x30:0x04000000
        4575000	       456	80000744	0a90f063	bgeu	x1,x9,800007e4	  x1:0x80009fc3  x9:0x00000484
        4585000	       457	00000000	00000013	addi	x0,x0,0	  x0:0x00000000
        4595000	       458	800007e0	00000013	addi	x0,x0,0	  x0:0x00000000
        4605000	       459	800007e4	726e2697	auipc	x13,0x726e2	 x13=0xf26e27e0
        4615000	       460	800007e8	8ca62117	auipc	x2,0x8ca62	  x2=0x0ca627e4
        4625000	       461	800007ec	00000013	addi	x0,x0,0	  x0:0x00000000
        4635000	       462	800007f0	cc29f513	andi	x10,x19,-830	 x19:0x7c3b5000 x10=0x7c3b5000
        4645000	       463	800007f4	05224863	blt	x4,x18,80000844	  x4:0x00000000 x18:0x00000000
        4655000	       464	800007f8	003f3f33	sltu	x30,x30,x3	 x30:0x04000000  x3:0x00000000 x30=0x00000000
        4665000	       465	800007fc	049a6063	bltu	x20,x9,8000083c	 x20:0x00000000  x9:0x00000484
        4675000	       466	00000000	00000013	addi	x0,x0,0	  x0:0x00000000
        4685000	       467	80000838	00000013	addi	x0,x0,0	  x0:0x00000000
        4695000	       468	8000083c	00958663	beq	x11,x9,80000848	 x11:0x80009f84  x9:0x00000484
        4705000	       469	80000840	010124b3	slt	x9,x2,x16	  x2:0x0ca627e4 x16:0xddbffe79  x9=0x00000000
        4715000	       470	80000844	0112a7b3	slt	x15,x5,x17	  x5:0x001fffff x17:0x000007c0 x15=0x00000000
        4725000	       471	80000848	0110a733	slt	x14,x1,x17	  x1:0x80009fc3 x17:0x000007c0 x14=0x00000001
        4735000	       472	8000084c	25aa4e93	xori	x29,x20,602	 x20:0x00000000 x29=0x0000025a
        4745000	       473	80000850	05fe7263	bgeu	x28,x31,80000894	 x28:0x00010000 x31:0xddb5a000
        4755000	       474	80000854	015d8e63	beq	x27,x21,80000870	 x27:0x00000000 x21:0x80009fc4
        4765000	       475	80000858	004bd713	srli	x14,x23,0x4	 x23:0x00000000 x14=0x00000000
        4775000	       476	8000085c	a52d9b17	auipc	x22,0xa52d9	 x22=0x252d9858
        4785000	       477	80000860	10597d93	andi	x27,x18,261	 x18:0x00000000 x27=0x00000000
        4795000	       478	80000864	00c61733	sll	x14,x12,x12	 x12:0xd89b7e79 x12:0xd89b7e79 x14=0xf2000000
        4805000	       479	80000868	05136663	bltu	x6,x17,800008b4	  x6:0x00000001 x17:0x000007c0
        4815000	       480	00000000	00000013	addi	x0,x0,0	  x0:0x00000000
        4825000	       481	800008b0	00000013	addi	x0,x0,0	  x0:0x00000000
        4835000	       482	800008b4	01817a63	bgeu	x2,x24,800008c8	  x2:0x0ca627e4 x24:0x00000001
        4845000	       483	00000000	00000013	addi	x0,x0,0	  x0:0x00000000
        4855000	       484	800008c4	00000013	addi	x0,x0,0	  x0:0x00000000
        4865000	       485	800008c8	01a69d33	sll	x26,x13,x26	 x13:0xf26e27e0 x26:0x9b76f07c x26=0x00000000
        4875000	       486	800008cc	1129af97	auipc	x31,0x1129a	 x31=0x9129a8c8
        4885000	       487	800008d0	abe7a293	slti	x5,x15,-1346	 x15:0x00000000  x5=0x00000000
        4895000	       488	800008d4	00000013	addi	x0,x0,0	  x0:0x00000000
        4905000	       489	800008d8	41ac83b3	sub	x7,x25,x26	 x25:0xfffffcc3 x26:0x00000000  x7=0xfffffcc3
        4915000	       490	800008dc	01be6d33	or	x26,x28,x27	 x28:0x00010000 x27:0x00000000 x26=0x00010000
        4925000	       491	800008e0	03a68663	beq	x13,x26,8000090c	 x13:0xf26e27e0 x26:0x00010000
        4935000	       492	800008e4	01df3033	sltu	x0,x30,x29	 x30:0x00000000 x29:0x0000025a
        4945000	       493	800008e8	0087d693	srli	x13,x15,0x8	 x15:0x00000000 x13=0x00000000
        4955000	       494	800008ec	01d39c33	sll	x24,x7,x29	  x7:0xfffffcc3 x29:0x0000025a x24=0x0c000000
        4965000	       495	800008f0	01e8b9b3	sltu	x19,x17,x30	 x17:0x000007c0 x30:0x00000000 x19=0x00000000
        4975000	       496	800008f4	02938e63	beq	x7,x9,80000930	  x7:0xfffffcc3  x9:0x00000000
        4985000	       497	800008f8	03680863	beq	x16,x22,80000928	 x16:0xddbffe79 x22:0x252d9858
        4995000	       498	800008fc	4165db13	srai	x22,x11,0x16	 x11:0x80009f84 x22=0xfffffe00
        5005000	       499	80000900	9e37e093	ori	x1,x15,-1565	 x15:0x00000000  x1=0xfffff9e3
        5015000	       500	80000904	00b4e533	or	x10,x9,x11	  x9:0x00000000 x11:0x80009f84 x10=0x80009f84
        5025000	       501	80000908	02268663	beq	x13,x2,80000934	 x13:0x00000000  x2:0x0ca627e4
        5035000	       502	8000090c	ea216313	ori	x6,x2,-350	  x2:0x0ca627e4  x6=0xffffffe6
        5045000	       503	80000910	01fd4e33	xor	x28,x26,x31	 x26:0x00010000 x31:0x9129a8c8 x28=0x9128a8c8
        5055000	       504	80000914	0103d033	srl	x0,x7,x16	  x7:0xfffffcc3 x16:0xddbffe79
        5065000	       505	80000918	05005463	bge	x0,x16,80000960	  x0:0x00000000 x16:0xddbffe79
        5075000	       506	00000000	00000013	addi	x0,x0,0	  x0:0x00000000
        5085000	       507	8000095c	00000013	addi	x0,x0,0	  x0:0x00000000
        5095000	       508	80000960	bdf3fa13	andi	x20,x7,-1057	  x7:0xfffffcc3 x20=0xfffff8c3
        5105000	       509	80000964	01156c63	bltu	x10,x17,8000097c	 x10:0x80009f84 x17:0x000007c0
        5115000	       510	80000968	417a5993	srai	x19,x20,0x17	 x20:0xfffff8c3 x19=0xffffffff
        5125000	       511	8000096c	0078c133	xor	x2,x17,x7	 x17:0x000007c0  x7:0xfffffcc3  x2=0xfffffb03
        5135000	       512	80000970	00ce5e63	bge	x28,x12,8000098c	 x28:0x9128a8c8 x12:0xd89b7e79
        5145000	       513	80000974	40b8d533	sra	x10,x17,x11	 x17:0x000007c0 x11:0x80009f84 x10=0x0000007c
        5155000	       514	80000978	40225fb3	sra	x31,x4,x2	  x4:0x00000000  x2:0xfffffb03 x31=0x00000000
        5165000	       515	8000097c	06717663	bgeu	x2,x7,800009e8	  x2:0xfffffb03  x7:0xfffffcc3
        5175000	       516	80000980	07129263	bne	x5,x17,800009e4	  x5:0x00000000 x17:0x000007c0
        5185000	       517	00000000	00000013	addi	x0,x0,0	  x0:0x00000000
        5195000	       518	800009e0	00000013	addi	x0,x0,0	  x0:0x00000000
        5205000	       519	800009e4	0135f1b3	and	x3,x11,x19	 x11:0x80009f84 x19:0xffffffff  x3=0x80009f84
        5215000	       520	800009e8	65e8fb13	andi	x22,x17,1630	 x17:0x000007c0 x22=0x00000640
        5225000	       521	800009ec	0188b733	sltu	x14,x17,x24	 x17:0x000007c0 x24:0x0c000000 x14=0x00000001
        5235000	       522	800009f0	00539133	sll	x2,x7,x5	  x7:0xfffffcc3  x5:0x00000000  x2=0xfffffcc3
        5245000	       523	800009f4	00620333	add	x6,x4,x6	  x4:0x00000000  x6:0xffffffe6  x6=0xffffffe6
        5255000	       524	800009f8	00000013	addi	x0,x0,0	  x0:0x00000000
        5265000	       525	800009fc	40718db3	sub	x27,x3,x7	  x3:0x80009f84  x7:0xfffffcc3 x27=0x8000a2c1
        5275000	       526	80000a00	00abd0b3	srl	x1,x23,x10	 x23:0x00000000 x10:0x0000007c  x1=0x00000000
        5285000	       527	80000a04	41c35313	srai	x6,x6,0x1c	  x6:0xffffffe6  x6=0xffffffff
        5295000	       528	80000a08	01c01433	sll	x8,x0,x28	  x0:0x00000000 x28:0x9128a8c8  x8=0x00000000
        5305000	       529	80000a0c	02f46263	bltu	x8,x15,80000a30	  x8:0x00000000 x15:0x00000000
        5315000	       530	80000a10	000668b3	or	x17,x12,x0	 x12:0xd89b7e79  x0:0x00000000 x17=0xd89b7e79
        5325000	       531	80000a14	05fdd663	bge	x27,x31,80000a60	 x27:0x8000a2c1 x31:0x00000000
        5335000	       532	80000a18	0138be33	sltu	x28,x17,x19	 x17:0xd89b7e79 x19:0xffffffff x28=0x00000001
        5345000	       533	80000a1c	413ad833	sra	x16,x21,x19	 x21:0x80009fc4 x19:0xffffffff x16=0xffffffff
        5355000	       534	80000a20	b39fc193	xori	x3,x31,-1223	 x31:0x00000000  x3=0xfffffb39
        5365000	       535	80000a24	00000013	addi	x0,x0,0	  x0:0x00000000
        5375000	       536	80000a28	01a190b3	sll	x1,x3,x26	  x3:0xfffffb39 x26:0x00010000  x1=0xfffffb39
        5385000	       537	80000a2c	01c6ce33	xor	x28,x13,x28	 x13:0x00000000 x28:0x00000001 x28=0x00000001
        5395000	       538	80000a30	01b79813	slli	x16,x15,0x1b	 x15:0x00000000 x16=0x00000000
        5405000	       539	80000a34	e8267797	auipc	x15,0xe8267	 x15=0x68267a30
        5415000	       540	80000a38	010dd113	srli	x2,x27,0x10	 x27:0x8000a2c1  x2=0x00008000
        5425000	       541	80000a3c	0171cdb3	xor	x27,x3,x23	  x3:0xfffffb39 x23:0x00000000 x27=0xfffffb39
        5435000	       542	80000a40	02b7fa63	bgeu	x15,x11,80000a74	 x15:0x68267a30 x11:0x80009f84
        5445000	       543	80000a44	411a8c33	sub	x24,x21,x17	 x21:0x80009fc4 x17:0xd89b7e79 x24=0xa765214b
        5455000	       544	80000a48	63a33913	sltiu	x18,x6,1594	  x6:0xffffffff x18=0x00000000
        5465000	       545	80000a4c	52734f93	xori	x31,x6,1319	  x6:0xffffffff x31=0xfffffad8
        5475000	       546	80000a50	01cf4cb3	xor	x25,x30,x28	 x30:0x00000000 x28:0x00000001 x25=0x00000001
        5485000	       547	80000a54	06783d93	sltiu	x27,x16,103	 x16:0x00000000 x27=0x00000001
        5495000	       548	80000a58	012a9193	slli	x3,x21,0x12	 x21:0x80009fc4  x3=0x7f100000
        5505000	       549	80000a5c	001202b3	add	x5,x4,x1	  x4:0x00000000  x1:0xfffffb39  x5=0xfffffb39
        5515000	       550	80000a60	2f6ae293	ori	x5,x21,758	 x21:0x80009fc4  x5=0x80009ff6
        5525000	       551	80000a64	01b9af33	slt	x30,x19,x27	 x19:0xffffffff x27:0x00000001 x30=0x00000001
        5535000	       552	80000a68	b0f07f13	andi	x30,x0,-1265	  x0:0x00000000 x30=0x00000000
        5545000	       553	80000a6c	01f74663	blt	x14,x31,80000a78	 x14:0x00000001 x31:0xfffffad8
        5555000	       554	80000a70	416784b3	sub	x9,x15,x22	 x15:0x68267a30 x22:0x00000640  x9=0x682673f0
        5565000	       555	80000a74	46328f13	addi	x30,x5,1123	  x5:0x80009ff6 x30=0x8000a459
        5575000	       556	80000a78	41498b33	sub	x22,x19,x20	 x19:0xffffffff x20:0xfffff8c3 x22=0x0000073c
        5585000	       557	80000a7c	e3e89497	auipc	x9,0xe3e89	  x9=0x63e89a78
        5595000	       558	80000a80	01b47133	and	x2,x8,x27	  x8:0x00000000 x27:0x00000001  x2=0x00000000
        5605000	       559	80000a84	008aeeb3	or	x29,x21,x8	 x21:0x80009fc4  x8:0x00000000 x29=0x80009fc4
        5615000	       560	80000a88	01821863	bne	x4,x24,80000a98	  x4:0x00000000 x24:0xa765214b
        5625000	       561	00000000	00000013	addi	x0,x0,0	  x0:0x00000000
        5635000	       562	80000a94	00000013	addi	x0,x0,0	  x0:0x00000000
        5645000	       563	80000a98	00fd9f33	sll	x30,x27,x15	 x27:0x00000001 x15:0x68267a30 x30=0x00010000
        5655000	       564	80000a9c	0142ac33	slt	x24,x5,x20	  x5:0x80009ff6 x20:0xfffff8c3 x24=0x00000001
        5665000	       565	80000aa0	7ebe0913	addi	x18,x28,2027	 x28:0x00000001 x18=0x000007ec
        5675000	       566	80000aa4	01578e63	beq	x15,x21,80000ac0	 x15:0x68267a30 x21:0x80009fc4
        5685000	       567	80000aa8	006e5733	srl	x14,x28,x6	 x28:0x00000001  x6:0xffffffff x14=0x00000000
        5695000	       568	80000aac	01b08263	beq	x1,x27,80000ab0	  x1:0xfffffb39 x27:0x00000001
        5705000	       569	80000ab0	00a45313	srli	x6,x8,0xa	  x8:0x00000000  x6=0x00000000
        5715000	       570	80000ab4	0464e663	bltu	x9,x6,80000b00	  x9:0x63e89a78  x6:0x00000000
        5725000	       571	80000ab8	011c1113	slli	x2,x24,0x11	 x24:0x00000001  x2=0x00020000
        5735000	       572	80000abc	40f8df13	srai	x30,x17,0xf	 x17:0xd89b7e79 x30=0xffffb136
        5745000	       573	80000ac0	014c0e33	add	x28,x24,x20	 x24:0x00000001 x20:0xfffff8c3 x28=0xfffff8c4
        5755000	       574	80000ac4	712178b7	lui	x17,0x71217	 x17=0x71217000
        5765000	       575	80000ac8	ab9790b7	lui	x1,0xab979	  x1=0xab979000
        5775000	       576	80000acc	049f9463	bne	x31,x9,80000b14	 x31:0xfffffad8  x9:0x63e89a78
        5785000	       577	00000000	00000013	addi	x0,x0,0	  x0:0x00000000
        5795000	       578	80000b10	00000013	addi	x0,x0,0	  x0:0x00000000
        5805000	       579	80000b14	01b77863	bgeu	x14,x27,80000b24	 x14:0x00000000 x27:0x00000001
        5815000	       580	80000b18	00abfa63	bgeu	x23,x10,80000b2c	 x23:0x00000000 x10:0x0000007c
        5825000	       581	80000b1c	003ae2b3	or	x5,x21,x3	 x21:0x80009fc4  x3:0x7f100000  x5=0xff109fc4
        5835000	       582	80000b20	b7c4e417	auipc	x8,0xb7c4e	  x8=0x37c4eb1c
        5845000	       583	80000b24	023a0e63	beq	x20,x3,80000b60	 x20:0xfffff8c3  x3:0x7f100000
        5855000	       584	80000b28	99c5f617	auipc	x12,0x99c5f	 x12=0x19c5fb24
        5865000	       585	80000b2c	01bbc033	xor	x0,x23,x27	 x23:0x00000000 x27:0x00000001
        5875000	       586	80000b30	05c86263	bltu	x16,x28,80000b74	 x16:0x00000000 x28:0xfffff8c4
        5885000	       587	00000000	00000013	addi	x0,x0,0	  x0:0x00000000
        5895000	       588	80000b70	00000013	addi	x0,x0,0	  x0:0x00000000
        5905000	       589	80000b74	758d4017	auipc	x0,0x758d4	
        5915000	       590	80000b78	0018fc63	bgeu	x17,x1,80000b90	 x17:0x71217000  x1:0xab979000
        5925000	       591	80000b7c	04680063	beq	x16,x6,80000bbc	 x16:0x00000000  x6:0x00000000
        5935000	       592	00000000	00000013	addi	x0,x0,0	  x0:0x00000000
        5945000	       593	80000bb8	00000013	addi	x0,x0,0	  x0:0x00000000
        5955000	       594	80000bbc	0169e2b3	or	x5,x19,x22	 x19:0xffffffff x22:0x0000073c  x5=0xffffffff
        5965000	       595	80000bc0	41afdd93	srai	x27,x31,0x1a	 x31:0xfffffad8 x27=0xffffffff
        5975000	       596	80000bc4	01ff6433	or	x8,x30,x31	 x30:0xffffb136 x31:0xfffffad8  x8=0xfffffbfe
        5985000	       597	80000bc8	00000b97	auipc	x23,0x0	 x23=0x80000bc4
        5995000	       598	80000bcc	00cb8b93	addi	x23,x23,12	 x23:0x80000bc4 x23=0x80000bd0
        6005000	       599	80000bd0	000b8067	jalr	x0,x23,0	 x23:0x80000bd0
        6015000	       600	00000000	00000013	addi	x0,x0,0	  x0:0x00000000
        6025000	       601	80000bd0	00000013	addi	x0,x0,0	  x0:0x00000000
        6035000	       602	80000bd4	00100193	addi	x3,x0,1	  x0:0x00000000  x3=0x00000001
        6045000	       603	80000bd8	00000073	ecall	
        6055000	       604	80000bdc	00000013	addi	x0,x0,0	  x0:0x00000000
