		Time			Cycle	PC		Insn	Decoded instruction	Register and memory contents
          65000	         5	80000004	00000293	addi	x5,x0,0	  x0:0x00000000  x5=0x00000000
          75000	         6	80000008	00000313	addi	x6,x0,0	  x0:0x00000000  x6=0x00000000
          85000	         7	8000000c	00628263	beq	x5,x6,80000010	  x5:0x00000000  x6:0x00000000
          95000	         8	00000000	00000013	addi	x0,x0,0	  x0:0x00000000
         105000	         9	8000000c	00000013	addi	x0,x0,0	  x0:0x00000000
         115000	        10	80000010	00000b97	auipc	x23,0x0	 x23=0x8000000c
         125000	        11	80000014	00cb8b93	addi	x23,x23,12	 x23:0x8000000c x23=0x80000018
         135000	        12	80000018	000b8067	jalr	x0,x23,0	 x23:0x80000018
         145000	        13	00000000	00000013	addi	x0,x0,0	  x0:0x00000000
         155000	        14	80000018	00000013	addi	x0,x0,0	  x0:0x00000000
         165000	        15	8000001c	40000537	lui	x10,0x40000	 x10=0x40000000
         175000	        16	80000020	10050513	addi	x10,x10,256	 x10:0x40000000 x10=0x40000100
         185000	        17	80000024	00000013	addi	x0,x0,0	  x0:0x00000000
         195000	        18	80000028	0000ac97	auipc	x25,0xa	 x25=0x8000a024
         205000	        19	8000002c	fa0c8c93	addi	x25,x25,-96	 x25:0x8000a024 x25=0x80009fc4
         215000	        20	80000030	00002517	auipc	x10,0x2	 x10=0x8000202c
         225000	        21	80000034	ee450513	addi	x10,x10,-284	 x10:0x8000202c x10=0x80001f10
         235000	        22	80000038	00056513	ori	x10,x10,0	 x10:0x80001f10 x10=0x80001f10
         245000	        23	8000003c	00000013	addi	x0,x0,0	  x0:0x00000000
         255000	        24	80000040	00000517	auipc	x10,0x0	 x10=0x8000003c
         265000	        25	80000044	02050513	addi	x10,x10,32	 x10:0x8000003c x10=0x8000005c
         275000	        26	80000048	00000013	addi	x0,x0,0	  x0:0x00000000
         285000	        27	8000004c	00000013	addi	x0,x0,0	  x0:0x00000000
         295000	        28	80000050	00002537	lui	x10,0x2	 x10=0x00002000
         305000	        29	80000054	80050513	addi	x10,x10,-2048	 x10:0x00002000 x10=0x00001800
         315000	        30	80000058	00000013	addi	x0,x0,0	  x0:0x00000000
         325000	        31	8000005c	00000013	addi	x0,x0,0	  x0:0x00000000
         335000	        32	80000060	00500013	addi	x0,x0,5	  x0:0x00000000
         345000	        33	80000064	800000b7	lui	x1,0x80000	  x1=0x80000000
         355000	        34	80000068	00400113	addi	x2,x0,4	  x0:0x00000000  x2=0x00000004
         365000	        35	8000006c	910621b7	lui	x3,0x91062	  x3=0x91062000
         375000	        36	80000070	2b918193	addi	x3,x3,697	  x3:0x91062000  x3=0x910622b9
         385000	        37	80000074	4fe71237	lui	x4,0x4fe71	  x4=0x4fe71000
         395000	        38	80000078	d9e20213	addi	x4,x4,-610	  x4:0x4fe71000  x4=0x4fe70d9e
         405000	        39	8000007c	266162b7	lui	x5,0x26616	  x5=0x26616000
         415000	        40	80000080	19628293	addi	x5,x5,406	  x5:0x26616000  x5=0x26616196
         425000	        41	80000084	00400313	addi	x6,x0,4	  x0:0x00000000  x6=0x00000004
         435000	        42	80000088	00000393	addi	x7,x0,0	  x0:0x00000000  x7=0x00000000
         445000	        43	8000008c	f1679437	lui	x8,0xf1679	  x8=0xf1679000
         455000	        44	80000090	56240413	addi	x8,x8,1378	  x8:0xf1679000  x8=0xf1679562
         465000	        45	80000094	800004b7	lui	x9,0x80000	  x9=0x80000000
         475000	        46	80000098	00000513	addi	x10,x0,0	  x0:0x00000000 x10=0x00000000
         485000	        47	8000009c	00000593	addi	x11,x0,0	  x0:0x00000000 x11=0x00000000
         495000	        48	800000a0	80000637	lui	x12,0x80000	 x12=0x80000000
         505000	        49	800000a4	00000693	addi	x13,x0,0	  x0:0x00000000 x13=0x00000000
         515000	        50	800000a8	00d00713	addi	x14,x0,13	  x0:0x00000000 x14=0x0000000d
         525000	        51	800000ac	800007b7	lui	x15,0x80000	 x15=0x80000000
         535000	        52	800000b0	80000837	lui	x16,0x80000	 x16=0x80000000
         545000	        53	800000b4	00100893	addi	x17,x0,1	  x0:0x00000000 x17=0x00000001
         555000	        54	800000b8	1f4c1937	lui	x18,0x1f4c1	 x18=0x1f4c1000
         565000	        55	800000bc	ed590913	addi	x18,x18,-299	 x18:0x1f4c1000 x18=0x1f4c0ed5
         575000	        56	800000c0	f28309b7	lui	x19,0xf2830	 x19=0xf2830000
         585000	        57	800000c4	2e098993	addi	x19,x19,736	 x19:0xf2830000 x19=0xf28302e0
         595000	        58	800000c8	00a00a13	addi	x20,x0,10	  x0:0x00000000 x20=0x0000000a
         605000	        59	800000cc	00b00a93	addi	x21,x0,11	  x0:0x00000000 x21=0x0000000b
         615000	        60	800000d0	80000b37	lui	x22,0x80000	 x22=0x80000000
         625000	        61	800000d4	9024ebb7	lui	x23,0x9024e	 x23=0x9024e000
         635000	        62	800000d8	fe9b8b93	addi	x23,x23,-23	 x23:0x9024e000 x23=0x9024dfe9
         645000	        63	800000dc	00000c13	addi	x24,x0,0	  x0:0x00000000 x24=0x00000000
         655000	        64	800000e0	fe0edd37	lui	x26,0xfe0ed	 x26=0xfe0ed000
         665000	        65	800000e4	d27d0d13	addi	x26,x26,-729	 x26:0xfe0ed000 x26=0xfe0ecd27
         675000	        66	800000e8	f5796db7	lui	x27,0xf5796	 x27=0xf5796000
         685000	        67	800000ec	732d8d93	addi	x27,x27,1842	 x27:0xf5796000 x27=0xf5796732
         695000	        68	800000f0	80000e37	lui	x28,0x80000	 x28=0x80000000
         705000	        69	800000f4	00000f13	addi	x30,x0,0	  x0:0x00000000 x30=0x00000000
         715000	        70	800000f8	09e37fb7	lui	x31,0x9e37	 x31=0x09e37000
         725000	        71	800000fc	fb8f8f93	addi	x31,x31,-72	 x31:0x09e37000 x31=0x09e36fb8
         735000	        72	80000100	0000ae97	auipc	x29,0xa	 x29=0x8000a0fc
         745000	        73	80000104	e88e8e93	addi	x29,x29,-376	 x29:0x8000a0fc x29=0x80009f84
         755000	        74	80000108	00008b17	auipc	x22,0x8	 x22=0x80008104
         765000	        75	8000010c	f8ab0b13	addi	x22,x22,-118	 x22:0x80008104 x22=0x8000808e
         775000	        76	80000110	016b5483	lhu	x9,22(x22)	 x22:0x8000808e  x9=0x00005e5f PA:0x800080a4
         785000	        77	80000114	016b4083	lbu	x1,22(x22)	 x22:0x8000808e  x1=0x0000005f PA:0x800080a4
         795000	        78	00000000	00000013	addi	x0,x0,0	  x0:0x00000000
         805000	        79	80000118	0e1b4983	lbu	x19,225(x22)	 x22:0x8000808e x19=0x00000024 PA:0x8000816f
         815000	        80	8000011c	fe9b0d83	lb	x27,-23(x22)	 x22:0x8000808e x27=0x0000002c PA:0x80008077
         825000	        81	80000120	fe9b0603	lb	x12,-23(x22)	 x22:0x8000808e x12=0x0000002c PA:0x80008077
         835000	        82	80000124	fe9b4083	lbu	x1,-23(x22)	 x22:0x8000808e  x1=0x0000002c PA:0x80008077
         845000	        83	80000128	fe9b4d03	lbu	x26,-23(x22)	 x22:0x8000808e x26=0x0000002c PA:0x80008077
         855000	        84	8000012c	87b96893	ori	x17,x18,-1925	 x18:0x1f4c0ed5 x17=0xfffffeff
         865000	        85	80000130	d06c3313	sltiu	x6,x24,-762	 x24:0x00000000  x6=0x00000001
         875000	        86	80000134	fe9b0c03	lb	x24,-23(x22)	 x22:0x8000808e x24=0x0000002c PA:0x80008077
         885000	        87	80000138	ffeb04a3	sb	x30,-23(x22)	 x22:0x8000808e x30:0x00000000 PA:0x80008077
         895000	        88	8000013c	0130ddb3	srl	x27,x1,x19	  x1:0x0000002c x19:0x00000024 x27=0x00000002
         905000	        89	80000140	ffcb04a3	sb	x28,-23(x22)	 x22:0x8000808e x28:0x80000000 PA:0x80008077
         915000	        90	80000144	fe9b0983	lb	x19,-23(x22)	 x22:0x8000808e x19=0x00000000 PA:0x80008077
         925000	        91	80000148	00966c33	or	x24,x12,x9	 x12:0x0000002c  x9:0x00005e5f x24=0x00005e7f
         935000	        92	8000014c	0e6b4603	lbu	x12,230(x22)	 x22:0x8000808e x12=0x0000002f PA:0x80008174
         945000	        93	80000150	fd8b1183	lh	x3,-40(x22)	 x22:0x8000808e  x3=0x00001c1d PA:0x80008066
         955000	        94	80000154	409a5a93	srai	x21,x20,0x9	 x20:0x0000000a x21=0x00000000
         965000	        95	80000158	f3bc2493	slti	x9,x24,-197	 x24:0x00005e7f  x9=0x00000000
         975000	        96	8000015c	00000013	addi	x0,x0,0	  x0:0x00000000
         985000	        97	80000160	fd8b5303	lhu	x6,-40(x22)	 x22:0x8000808e  x6=0x00001c1d PA:0x80008066
         995000	        98	80000164	00009a97	auipc	x21,0x9	 x21=0x80009160
        1005000	        99	80000168	bfba8a93	addi	x21,x21,-1029	 x21:0x80009160 x21=0x80008d5b
        1015000	       100	8000016c	00009f17	auipc	x30,0x9	 x30=0x80009168
        1025000	       101	80000170	d97f0f13	addi	x30,x30,-617	 x30:0x80009168 x30=0x80008eff
        1035000	       102	80000174	fcff08a3	sb	x15,-47(x30)	 x30:0x80008eff x15:0x80000000 PA:0x80008ed0
        1045000	       103	80000178	011a9e03	lh	x28,17(x21)	 x21:0x80008d5b x28=0x00005657 PA:0x80008d6c
        1055000	       104	8000017c	fcbf5883	lhu	x17,-53(x30)	 x30:0x80008eff x17=0x0000b0b1 PA:0x80008eca
        1065000	       105	80000180	03df20a3	sw	x29,33(x30)	 x30:0x80008eff x29:0x80009f84 PA:0x80008f20
        1075000	       106	80000184	243a8723	sb	x3,590(x21)	 x21:0x80008d5b  x3:0x00001c1d PA:0x80008fa9
        1085000	       107	80000188	00009917	auipc	x18,0x9	 x18=0x80009184
        1095000	       108	8000018c	c2a90913	addi	x18,x18,-982	 x18:0x80009184 x18=0x80008dae
        1105000	       109	80000190	00009a17	auipc	x20,0x9	 x20=0x8000918c
        1115000	       110	80000194	c74a0a13	addi	x20,x20,-908	 x20:0x8000918c x20=0x80008e00
        1125000	       111	80000198	0cfa0b03	lb	x22,207(x20)	 x20:0x80008e00 x22=0xffffffb4 PA:0x80008ecf
        1135000	       112	8000019c	fff94203	lbu	x4,-1(x18)	 x18:0x80008dae  x4=0x00000096 PA:0x80008dad
        1145000	       113	800001a0	d42a8a23	sb	x2,-684(x21)	 x21:0x80008d5b  x2:0x00000004 PA:0x80008aaf
        1155000	       114	800001a4	00009417	auipc	x8,0x9	  x8=0x800091a0
        1165000	       115	800001a8	c5240413	addi	x8,x8,-942	  x8:0x800091a0  x8=0x80008df2
        1175000	       116	800001ac	b38a8683	lb	x13,-1224(x21)	 x21:0x80008d5b x13=0x00000078 PA:0x80008893
        1185000	       117	800001b0	05d404a3	sb	x29,73(x8)	  x8:0x80008df2 x29:0x80009f84 PA:0x80008e3b
        1195000	       118	800001b4	f67a4883	lbu	x17,-153(x20)	 x20:0x80008e00 x17=0x0000004c PA:0x80008d67
        1205000	       119	800001b8	f9f405a3	sb	x31,-117(x8)	  x8:0x80008df2 x31:0x09e36fb8 PA:0x80008d7d
        1215000	       120	800001bc	f2ca2103	lw	x2,-212(x20)	 x20:0x80008e00  x2=0x14151617 PA:0x80008d2c
        1225000	       121	800001c0	00a94783	lbu	x15,10(x18)	 x18:0x80008dae x15=0x000000a3 PA:0x80008db8
        1235000	       122	800001c4	ffbf0723	sb	x27,-18(x30)	 x30:0x80008eff x27:0x00000002 PA:0x80008eed
        1245000	       123	800001c8	fc0f4183	lbu	x3,-64(x30)	 x30:0x80008eff  x3=0x000000a4 PA:0x80008ebf
        1255000	       124	800001cc	d58a94a3	sh	x24,-695(x21)	 x21:0x80008d5b x24:0x00005e7f PA:0x80008aa4
        1265000	       125	800001d0	fa9a03a3	sb	x9,-89(x20)	 x20:0x80008e00  x9:0x00000000 PA:0x80008da7
        1275000	       126	800001d4	ff094503	lbu	x10,-16(x18)	 x18:0x80008dae x10=0x00000085 PA:0x80008d9e
        1285000	       127	800001d8	ff8f4c03	lbu	x24,-8(x30)	 x30:0x80008eff x24=0x000000dc PA:0x80008ef7
        1295000	       128	800001dc	f9f40223	sb	x31,-124(x8)	  x8:0x80008df2 x31:0x09e36fb8 PA:0x80008d76
        1305000	       129	800001e0	00af0703	lb	x14,10(x30)	 x30:0x80008eff x14=0xfffffff2 PA:0x80008f09
        1315000	       130	800001e4	fe891d23	sh	x8,-6(x18)	 x18:0x80008dae  x8:0x80008df2 PA:0x80008da8
        1325000	       131	800001e8	fb4402a3	sb	x20,-91(x8)	  x8:0x80008df2 x20:0x80008e00 PA:0x80008d97
        1335000	       132	800001ec	005904a3	sb	x5,9(x18)	 x18:0x80008dae  x5:0x26616196 PA:0x80008db7
        1345000	       133	800001f0	07944083	lbu	x1,121(x8)	  x8:0x80008df2  x1=0x00000050 PA:0x80008e6b
        1355000	       134	800001f4	06d44803	lbu	x16,109(x8)	  x8:0x80008df2 x16=0x00000044 PA:0x80008e5f
        1365000	       135	800001f8	028a1f23	sh	x8,62(x20)	 x20:0x80008e00  x8:0x80008df2 PA:0x80008e3e
        1375000	       136	800001fc	004901a3	sb	x4,3(x18)	 x18:0x80008dae  x4:0x00000096 PA:0x80008db1
        1385000	       137	80000200	b11aa0a3	sw	x17,-1279(x21)	 x21:0x80008d5b x17:0x0000004c PA:0x8000885c
        1395000	       138	80000204	00a40d03	lb	x26,10(x8)	  x8:0x80008df2 x26=0xffffffe7 PA:0x80008dfc
        1405000	       139	80000208	beda8103	lb	x2,-1043(x21)	 x21:0x80008d5b  x2=0x00000033 PA:0x80008948
        1415000	       140	8000020c	00a901a3	sb	x10,3(x18)	 x18:0x80008dae x10:0x00000085 PA:0x80008db1
        1425000	       141	80000210	df2a86a3	sb	x18,-531(x21)	 x21:0x80008d5b x18:0x80008dae PA:0x80008b48
        1435000	       142	80000214	0fba0c03	lb	x24,251(x20)	 x20:0x80008e00 x24=0xffffffe0 PA:0x80008efb
        1445000	       143	80000218	00009b17	auipc	x22,0x9	 x22=0x80009214
        1455000	       144	8000021c	95db0b13	addi	x22,x22,-1699	 x22:0x80009214 x22=0x80008b71
        1465000	       145	80000220	015d0a33	add	x20,x26,x21	 x26:0xffffffe7 x21:0x80008d5b x20=0x80008d42
        1475000	       146	80000224	202b0303	lb	x6,514(x22)	 x22:0x80008b71  x6=0x00000058 PA:0x80008d73
        1485000	       147	80000228	08eb0023	sb	x14,128(x22)	 x22:0x80008b71 x14:0xfffffff2 PA:0x80008bf1
        1495000	       148	8000022c	65de3893	sltiu	x17,x28,1629	 x28:0x00005657 x17=0x00000000
        1505000	       149	80000230	404b4883	lbu	x17,1028(x22)	 x22:0x80008b71 x17=0x0000005e PA:0x80008f75
        1515000	       150	80000234	28cb0ba3	sb	x12,663(x22)	 x22:0x80008b71 x12:0x0000002f PA:0x80008e08
        1525000	       151	80000238	473b0523	sb	x19,1130(x22)	 x22:0x80008b71 x19:0x00000000 PA:0x80008fdb
        1535000	       152	8000023c	6d19c293	xori	x5,x19,1745	 x19:0x00000000  x5=0x000006d1
        1545000	       153	80000240	010b1d33	sll	x26,x22,x16	 x22:0x80008b71 x16:0x00000044 x26=0x0008b710
        1555000	       154	80000244	ebdb0103	lb	x2,-323(x22)	 x22:0x80008b71  x2=0x00000015 PA:0x80008a2e
        1565000	       155	80000248	e21b0aa3	sb	x1,-459(x22)	 x22:0x80008b71  x1:0x00000050 PA:0x800089a6
        1575000	       156	8000024c	ee8e7013	andi	x0,x28,-280	 x28:0x00005657
        1585000	       157	80000250	1eeb4803	lbu	x16,494(x22)	 x22:0x80008b71 x16=0x00000044 PA:0x80008d5f
        1595000	       158	80000254	ce4b0483	lb	x9,-796(x22)	 x22:0x80008b71  x9=0x0000003e PA:0x80008855
        1605000	       159	80000258	038b0723	sb	x24,46(x22)	 x22:0x80008b71 x24:0xffffffe0 PA:0x80008b9f
        1615000	       160	8000025c	014b1fb3	sll	x31,x22,x20	 x22:0x80008b71 x20:0x80008d42 x31=0x00022dc4
        1625000	       161	80000260	416b0283	lb	x5,1046(x22)	 x22:0x80008b71  x5=0x0000006c PA:0x80008f87
        1635000	       162	80000264	40b25513	srai	x10,x4,0xb	  x4:0x00000096 x10=0x00000000
        1645000	       163	80000268	012d9d13	slli	x26,x27,0x12	 x27:0x00000002 x26=0x00080000
        1655000	       164	8000026c	12cb4783	lbu	x15,300(x22)	 x22:0x80008b71 x15=0x00000086 PA:0x80008c9d
        1665000	       165	80000270	00e407b3	add	x15,x8,x14	  x8:0x80008df2 x14:0xfffffff2 x15=0x80008de4
        1675000	       166	80000274	0167dc13	srli	x24,x15,0x16	 x15:0x80008de4 x24=0x00000200
        1685000	       167	80000278	ad9fb293	sltiu	x5,x31,-1319	 x31:0x00022dc4  x5=0x00000001
        1695000	       168	8000027c	3cdb0e03	lb	x28,973(x22)	 x22:0x80008b71 x28=0x00000025 PA:0x80008f3e
        1705000	       169	80000280	e64b0323	sb	x4,-410(x22)	 x22:0x80008b71  x4:0x00000096 PA:0x800089d7
        1715000	       170	80000284	00145293	srli	x5,x8,0x1	  x8:0x80008df2  x5=0x400046f9
        1725000	       171	80000288	00806fb3	or	x31,x0,x8	  x0:0x00000000  x8:0x80008df2 x31=0x80008df2
        1735000	       172	8000028c	40bd06b3	sub	x13,x26,x11	 x26:0x00080000 x11:0x00000000 x13=0x00080000
        1745000	       173	80000290	10eb4783	lbu	x15,270(x22)	 x22:0x80008b71 x15=0x00000064 PA:0x80008c7f
        1755000	       174	80000294	01047833	and	x16,x8,x16	  x8:0x80008df2 x16:0x00000044 x16=0x00000040
        1765000	       175	80000298	f1db0423	sb	x29,-248(x22)	 x22:0x80008b71 x29:0x80009f84 PA:0x80008a79
        1775000	       176	8000029c	00008297	auipc	x5,0x8	  x5=0x80008298
        1785000	       177	800002a0	30328293	addi	x5,x5,771	  x5:0x80008298  x5=0x8000859b
        1795000	       178	800002a4	00008f97	auipc	x31,0x8	 x31=0x800082a0
        1805000	       179	800002a8	30af8f93	addi	x31,x31,778	 x31:0x800082a0 x31=0x800085aa
        1815000	       180	800002ac	00008597	auipc	x11,0x8	 x11=0x800082a8
        1825000	       181	800002b0	25d58593	addi	x11,x11,605	 x11:0x800082a8 x11=0x80008505
        1835000	       182	800002b4	00008917	auipc	x18,0x8	 x18=0x800082b0
        1845000	       183	800002b8	43590913	addi	x18,x18,1077	 x18:0x800082b0 x18=0x800086e5
        1855000	       184	800002bc	042281a3	sb	x2,67(x5)	  x5:0x8000859b  x2:0x00000015 PA:0x800085de
        1865000	       185	800002c0	00008697	auipc	x13,0x8	 x13=0x800082bc
        1875000	       186	800002c4	37768693	addi	x13,x13,887	 x13:0x800082bc x13=0x80008633
        1885000	       187	800002c8	03b5ada3	sw	x27,59(x11)	 x11:0x80008505 x27:0x00000002 PA:0x80008540
        1895000	       188	800002cc	ff86cd03	lbu	x26,-8(x13)	 x13:0x80008633 x26=0x000000e0 PA:0x8000862b
        1905000	       189	800002d0	f69f8b23	sb	x9,-138(x31)	 x31:0x800085aa  x9:0x0000003e PA:0x80008520
        1915000	       190	800002d4	fc792883	lw	x17,-57(x18)	 x18:0x800086e5 x17=0x64656667 PA:0x800086ac
        1925000	       191	800002d8	f6528483	lb	x9,-155(x5)	  x5:0x8000859b  x9=0xffffffbb PA:0x80008500
        1935000	       192	800002dc	f44f9b23	sh	x4,-170(x31)	 x31:0x800085aa  x4:0x00000096 PA:0x80008500
        1945000	       193	800002e0	fec6c483	lbu	x9,-20(x13)	 x13:0x80008633  x9=0x000000d4 PA:0x8000861f
        1955000	       194	800002e4	08ef8603	lb	x12,142(x31)	 x31:0x800085aa x12=0xfffffff3 PA:0x80008638
        1965000	       195	800002e8	037902a3	sb	x23,37(x18)	 x18:0x800086e5 x23:0x9024dfe9 PA:0x8000870a
        1975000	       196	800002ec	f6ef9a03	lh	x20,-146(x31)	 x31:0x800085aa x20=0xffffd2d3 PA:0x80008518
        1985000	       197	800002f0	f8d5c603	lbu	x12,-115(x11)	 x11:0x80008505 x12=0x00000049 PA:0x80008492
        1995000	       198	800002f4	03b5ac03	lw	x24,59(x11)	 x11:0x80008505 x24=0x00000002 PA:0x80008540
        2005000	       199	800002f8	fc568483	lb	x9,-59(x13)	 x13:0x80008633  x9=0xffffffb3 PA:0x800085f8
        2015000	       200	800002fc	04828a83	lb	x21,72(x5)	  x5:0x8000859b x21=0xffffff98 PA:0x800085e3
        2025000	       201	80000300	ff894a83	lbu	x21,-8(x18)	 x18:0x800086e5 x21=0x00000096 PA:0x800086dd
        2035000	       202	80000304	fd194883	lbu	x17,-47(x18)	 x18:0x800086e5 x17=0x0000006d PA:0x800086b6
        2045000	       203	80000308	fde6c783	lbu	x15,-34(x13)	 x13:0x80008633 x15=0x000000ca PA:0x80008611
        2055000	       204	8000030c	0405ada3	sw	x0,91(x11)	 x11:0x80008505  x0:0x00000000 PA:0x80008560
        2065000	       205	80000310	0222c383	lbu	x7,34(x5)	  x5:0x8000859b  x7=0x00000076 PA:0x800085bd
        2075000	       206	80000314	0a5fc803	lbu	x16,165(x31)	 x31:0x800085aa x16=0x00000004 PA:0x8000864f
        2085000	       207	80000318	fee90383	lb	x7,-18(x18)	 x18:0x800086e5  x7=0xffffff88 PA:0x800086d3
        2095000	       208	8000031c	0edf8f23	sb	x13,254(x31)	 x31:0x800085aa x13:0x80008633 PA:0x800086a8
        2105000	       209	80000320	04158d83	lb	x27,65(x11)	 x11:0x80008505 x27=0xfffffffd PA:0x80008546
        2115000	       210	80000324	00190da3	sb	x1,27(x18)	 x18:0x800086e5  x1:0x00000050 PA:0x80008700
        2125000	       211	80000328	f70fc783	lbu	x15,-144(x31)	 x31:0x800085aa x15=0x000000d1 PA:0x8000851a
        2135000	       212	8000032c	0332dc03	lhu	x24,51(x5)	  x5:0x8000859b x24=0x00008485 PA:0x800085ce
        2145000	       213	80000330	fd969aa3	sh	x25,-43(x13)	 x13:0x80008633 x25:0x80009fc4 PA:0x80008608
        2155000	       214	80000334	0f2f8983	lb	x19,242(x31)	 x31:0x800085aa x19=0x00000057 PA:0x8000869c
        2165000	       215	80000338	f50fc003	lbu	x0,-176(x31)	 x31:0x800085aa PA:0x800084fa
        2175000	       216	8000033c	fee6c203	lbu	x4,-18(x13)	 x13:0x80008633  x4=0x000000da PA:0x80008621
        2185000	       217	80000340	faa58503	lb	x10,-86(x11)	 x11:0x80008505 x10=0x00000064 PA:0x800084af
        2195000	       218	80000344	ffd6d383	lhu	x7,-3(x13)	 x13:0x80008633  x7=0x0000eaeb PA:0x80008630
        2205000	       219	80000348	02a28183	lb	x3,42(x5)	  x5:0x8000859b  x3=0x0000007e PA:0x800085c5
        2215000	       220	8000034c	0b75c003	lbu	x0,183(x11)	 x11:0x80008505 PA:0x800085bc
        2225000	       221	80000350	0d35d303	lhu	x6,211(x11)	 x11:0x80008505  x6=0x00009293 PA:0x800085d8
        2235000	       222	80000354	fd568a23	sb	x21,-44(x13)	 x13:0x80008633 x21:0x00000096 PA:0x80008607
        2245000	       223	80000358	ff390223	sb	x19,-28(x18)	 x18:0x800086e5 x19:0x00000057 PA:0x800086c9
        2255000	       224	8000035c	05e28323	sb	x30,70(x5)	  x5:0x8000859b x30:0x80008eff PA:0x800085e1
        2265000	       225	80000360	fc768423	sb	x7,-56(x13)	 x13:0x80008633  x7:0x0000eaeb PA:0x800085fb
        2275000	       226	80000364	f3ffaf23	sw	x31,-194(x31)	 x31:0x800085aa x31:0x800085aa PA:0x800084e8
        2285000	       227	80000368	fe491ea3	sh	x4,-3(x18)	 x18:0x800086e5  x4:0x000000da PA:0x800086e2
        2295000	       228	8000036c	00009897	auipc	x17,0x9	 x17=0x80009368
        2305000	       229	80000370	82988893	addi	x17,x17,-2007	 x17:0x80009368 x17=0x80008b91
        2315000	       230	80000374	00000013	addi	x0,x0,0	  x0:0x00000000
        2325000	       231	80000378	0128c483	lbu	x9,18(x17)	 x17:0x80008b91  x9=0x00000088 PA:0x80008ba3
        2335000	       232	8000037c	fd188f23	sb	x17,-34(x17)	 x17:0x80008b91 x17:0x80008b91 PA:0x80008b6f
        2345000	       233	80000380	fde88f23	sb	x30,-34(x17)	 x17:0x80008b91 x30:0x80008eff PA:0x80008b6f
        2355000	       234	80000384	cbcf3793	sltiu	x15,x30,-836	 x30:0x80008eff x15=0x00000001
        2365000	       235	80000388	fc588f23	sb	x5,-34(x17)	 x17:0x80008b91  x5:0x8000859b PA:0x80008b6f
        2375000	       236	8000038c	fde88583	lb	x11,-34(x17)	 x17:0x80008b91 x11=0xffffff9b PA:0x80008b6f
        2385000	       237	80000390	ff588303	lb	x6,-11(x17)	 x17:0x80008b91  x6=0x0000006d PA:0x80008b86
        2395000	       238	00000000	00000013	addi	x0,x0,0	  x0:0x00000000
        2405000	       239	80000394	fe688aa3	sb	x6,-11(x17)	 x17:0x80008b91  x6:0x0000006d PA:0x80008b86
        2415000	       240	80000398	ff588aa3	sb	x21,-11(x17)	 x17:0x80008b91 x21:0x00000096 PA:0x80008b86
        2425000	       241	8000039c	ff58ce03	lbu	x28,-11(x17)	 x17:0x80008b91 x28=0x00000096 PA:0x80008b86
        2435000	       242	800003a0	fff88aa3	sb	x31,-11(x17)	 x17:0x80008b91 x31:0x800085aa PA:0x80008b86
        2445000	       243	800003a4	fc4881a3	sb	x4,-61(x17)	 x17:0x80008b91  x4:0x000000da PA:0x80008b54
        2455000	       244	800003a8	5bff7413	andi	x8,x30,1471	 x30:0x80008eff  x8=0x000004bf
        2465000	       245	800003ac	fc389103	lh	x2,-61(x17)	 x17:0x80008b91  x2=0x00003eda PA:0x80008b54
        2475000	       246	800003b0	00008117	auipc	x2,0x8	  x2=0x800083ac
        2485000	       247	800003b4	5b910113	addi	x2,x2,1465	  x2:0x800083ac  x2=0x80008965
        2495000	       248	800003b8	ff310f83	lb	x31,-13(x2)	  x2:0x80008965 x31=0x00000043 PA:0x80008958
        2505000	       249	800003bc	4bdf7013	andi	x0,x30,1213	 x30:0x80008eff
        2515000	       250	800003c0	00712f83	lw	x31,7(x2)	  x2:0x80008965 x31=0x54555657 PA:0x8000896c
        2525000	       251	800003c4	00514783	lbu	x15,5(x2)	  x2:0x80008965 x15=0x00000051 PA:0x8000896a
        2535000	       252	800003c8	fe110aa3	sb	x1,-11(x2)	  x2:0x80008965  x1:0x00000050 PA:0x8000895a
        2545000	       253	800003cc	ff915d83	lhu	x27,-7(x2)	  x2:0x80008965 x27=0x00004445 PA:0x8000895e
        2555000	       254	800003d0	00610683	lb	x13,6(x2)	  x2:0x80008965 x13=0x00000050 PA:0x8000896b
        2565000	       255	800003d4	ffd14183	lbu	x3,-3(x2)	  x2:0x80008965  x3=0x00000049 PA:0x80008962
        2575000	       256	800003d8	00d10983	lb	x19,13(x2)	  x2:0x80008965 x19=0x00000059 PA:0x80008972
        2585000	       257	800003dc	ff810c23	sb	x24,-8(x2)	  x2:0x80008965 x24:0x00008485 PA:0x8000895d
        2595000	       258	800003e0	01f4de33	srl	x28,x9,x31	  x9:0x00000088 x31:0x54555657 x28=0x00000000
        2605000	       259	800003e4	ff314883	lbu	x17,-13(x2)	  x2:0x80008965 x17=0x00000043 PA:0x80008958
        2615000	       260	800003e8	00514783	lbu	x15,5(x2)	  x2:0x80008965 x15=0x00000051 PA:0x8000896a
        2625000	       261	800003ec	ff311003	lh	x0,-13(x2)	  x2:0x80008965 PA:0x80008958
        2635000	       262	800003f0	600c5237	lui	x4,0x600c5	  x4=0x600c5000
        2645000	       263	800003f4	ff810383	lb	x7,-8(x2)	  x2:0x80008965  x7=0xffffff85 PA:0x8000895d
        2655000	       264	800003f8	00e10183	lb	x3,14(x2)	  x2:0x80008965  x3=0x00000058 PA:0x80008973
        2665000	       265	800003fc	40b75f93	srai	x31,x14,0xb	 x14:0xfffffff2 x31=0xffffffff
        2675000	       266	80000400	40930633	sub	x12,x6,x9	  x6:0x0000006d  x9:0x00000088 x12=0xffffffe5
        2685000	       267	80000404	ffe10e03	lb	x28,-2(x2)	  x2:0x80008965 x28=0x00000048 PA:0x80008963
        2695000	       268	80000408	00c14683	lbu	x13,12(x2)	  x2:0x80008965 x13=0x0000005a PA:0x80008971
        2705000	       269	8000040c	f51e2513	slti	x10,x28,-175	 x28:0x00000048 x10=0x00000000
        2715000	       270	80000410	00210a03	lb	x20,2(x2)	  x2:0x80008965 x20=0x0000004c PA:0x80008967
        2725000	       271	80000414	00310323	sb	x3,6(x2)	  x2:0x80008965  x3:0x00000058 PA:0x8000896b
        2735000	       272	80000418	3f9bc293	xori	x5,x23,1017	 x23:0x9024dfe9  x5=0x9024dc10
        2745000	       273	8000041c	fe5119a3	sh	x5,-13(x2)	  x2:0x80008965  x5:0x9024dc10 PA:0x80008958
        2755000	       274	80000420	00000013	addi	x0,x0,0	  x0:0x00000000
        2765000	       275	80000424	c6506e13	ori	x28,x0,-923	  x0:0x00000000 x28=0xfffffc65
        2775000	       276	80000428	ff814a83	lbu	x21,-8(x2)	  x2:0x80008965 x21=0x00000085 PA:0x8000895d
        2785000	       277	8000042c	71640c13	addi	x24,x8,1814	  x8:0x000004bf x24=0x00000bd5
        2795000	       278	80000430	013101a3	sb	x19,3(x2)	  x2:0x80008965 x19:0x00000059 PA:0x80008968
        2805000	       279	80000434	ffd10803	lb	x16,-3(x2)	  x2:0x80008965 x16=0x00000049 PA:0x80008962
        2815000	       280	80000438	0087d993	srli	x19,x15,0x8	 x15:0x00000051 x19=0x00000000
        2825000	       281	8000043c	40018a33	sub	x20,x3,x0	  x3:0x00000058  x0:0x00000000 x20=0x00000058
        2835000	       282	80000440	018e05b3	add	x11,x28,x24	 x28:0xfffffc65 x24:0x00000bd5 x11=0x0000083a
        2845000	       283	80000444	00210283	lb	x5,2(x2)	  x2:0x80008965  x5=0x0000004c PA:0x80008967
        2855000	       284	80000448	ff110e23	sb	x17,-4(x2)	  x2:0x80008965 x17:0x00000043 PA:0x80008961
        2865000	       285	8000044c	00c600b3	add	x1,x12,x12	 x12:0xffffffe5 x12:0xffffffe5  x1=0xffffffca
        2875000	       286	80000450	ffb12083	lw	x1,-5(x2)	  x2:0x80008965  x1=0x4849434b PA:0x80008960
        2885000	       287	80000454	ff910d83	lb	x27,-7(x2)	  x2:0x80008965 x27=0x00000045 PA:0x8000895e
        2895000	       288	80000458	00008897	auipc	x17,0x8	 x17=0x80008454
        2905000	       289	8000045c	77188893	addi	x17,x17,1905	 x17:0x80008454 x17=0x80008bc5
        2915000	       290	80000460	00008097	auipc	x1,0x8	  x1=0x8000845c
        2925000	       291	80000464	45608093	addi	x1,x1,1110	  x1:0x8000845c  x1=0x800088b2
        2935000	       292	80000468	00009197	auipc	x3,0x9	  x3=0x80009464
        2945000	       293	8000046c	98d18193	addi	x3,x3,-1651	  x3:0x80009464  x3=0x80008df1
        2955000	       294	80000470	00009f17	auipc	x30,0x9	 x30=0x8000946c
        2965000	       295	80000474	8a5f0f13	addi	x30,x30,-1883	 x30:0x8000946c x30=0x80008d11
        2975000	       296	80000478	00008917	auipc	x18,0x8	 x18=0x80008474
        2985000	       297	8000047c	3f090913	addi	x18,x18,1008	 x18:0x80008474 x18=0x80008864
        2995000	       298	80000480	002f12a3	sh	x2,5(x30)	 x30:0x80008d11  x2:0x80008965 PA:0x80008d16
        3005000	       299	80000484	0640dc03	lhu	x24,100(x1)	  x1:0x800088b2 x24=0x0000fcfd PA:0x80008916
        3015000	       300	80000488	0088cd83	lbu	x27,8(x17)	 x17:0x80008bc5 x27=0x000000b6 PA:0x80008bcd
        3025000	       301	8000048c	03488723	sb	x20,46(x17)	 x17:0x80008bc5 x20:0x00000058 PA:0x80008bf3
        3035000	       302	80000490	fea8cf83	lbu	x31,-22(x17)	 x17:0x80008bc5 x31=0x00000094 PA:0x80008baf
        3045000	       303	80000494	10a18ca3	sb	x10,281(x3)	  x3:0x80008df1 x10:0x00000000 PA:0x80008f0a
        3055000	       304	80000498	fe8f0f23	sb	x8,-2(x30)	 x30:0x80008d11  x8:0x000004bf PA:0x80008d0f
        3065000	       305	8000049c	01a88703	lb	x14,26(x17)	 x17:0x80008bc5 x14=0xffffffc4 PA:0x80008bdf
        3075000	       306	800004a0	01cf0623	sb	x28,12(x30)	 x30:0x80008d11 x28:0xfffffc65 PA:0x80008d1d
        3085000	       307	800004a4	fef1a003	lw	x0,-17(x3)	  x3:0x80008df1 PA:0x80008de0
        3095000	       308	800004a8	00e88123	sb	x14,2(x17)	 x17:0x80008bc5 x14:0xffffffc4 PA:0x80008bc7
        3105000	       309	800004ac	28d90723	sb	x13,654(x18)	 x18:0x80008864 x13:0x0000005a PA:0x80008af2
        3115000	       310	800004b0	40608783	lb	x15,1030(x1)	  x1:0x800088b2 x15=0xffffffa3 PA:0x80008cb8
        3125000	       311	800004b4	18218803	lb	x16,386(x3)	  x3:0x80008df1 x16=0x00000058 PA:0x80008f73
        3135000	       312	800004b8	00ef4303	lbu	x6,14(x30)	 x30:0x80008d11  x6=0x00000004 PA:0x80008d1f
        3145000	       313	800004bc	1ea19aa3	sh	x10,501(x3)	  x3:0x80008df1 x10:0x00000000 PA:0x80008fe6
        3155000	       314	800004c0	62f0cd83	lbu	x27,1583(x1)	  x1:0x800088b2 x27=0x000000ca PA:0x80008ee1
        3165000	       315	800004c4	5a208323	sb	x2,1446(x1)	  x1:0x800088b2  x2:0x80008965 PA:0x80008e58
        3175000	       316	800004c8	b5a18a23	sb	x26,-1196(x3)	  x3:0x80008df1 x26:0x000000e0 PA:0x80008945
        3185000	       317	800004cc	0b390da3	sb	x19,187(x18)	 x18:0x80008864 x19:0x00000000 PA:0x8000891f
        3195000	       318	800004d0	00ef4483	lbu	x9,14(x30)	 x30:0x80008d11  x9=0x00000004 PA:0x80008d1f
        3205000	       319	800004d4	03c88403	lb	x8,60(x17)	 x17:0x80008bc5  x8=0xffffffea PA:0x80008c01
        3215000	       320	800004d8	4f60c683	lbu	x13,1270(x1)	  x1:0x800088b2 x13=0x000000f2 PA:0x80008da8
        3225000	       321	800004dc	2d794c03	lbu	x24,727(x18)	 x18:0x80008864 x24=0x00000020 PA:0x80008b3b
        3235000	       322	800004e0	00888403	lb	x8,8(x17)	 x17:0x80008bc5  x8=0xffffffb6 PA:0x80008bcd
        3245000	       323	800004e4	37b0cc03	lbu	x24,891(x1)	  x1:0x800088b2 x24=0x00000016 PA:0x80008c2d
        3255000	       324	800004e8	02a88d23	sb	x10,58(x17)	 x17:0x80008bc5 x10:0x00000000 PA:0x80008bff
        3265000	       325	800004ec	003f10a3	sh	x3,1(x30)	 x30:0x80008d11  x3:0x80008df1 PA:0x80008d12
        3275000	       326	800004f0	000f0e03	lb	x28,0(x30)	 x30:0x80008d11 x28=0xfffffffa PA:0x80008d11
        3285000	       327	800004f4	eaf18223	sb	x15,-348(x3)	  x3:0x80008df1 x15:0xffffffa3 PA:0x80008c95
        3295000	       328	800004f8	ffef0983	lb	x19,-2(x30)	 x30:0x80008d11 x19=0xffffffbf PA:0x80008d0f
        3305000	       329	800004fc	73190b03	lb	x22,1841(x18)	 x18:0x80008864 x22=0x0000007e PA:0x80008f95
        3315000	       330	80000500	00809a83	lh	x21,8(x1)	  x1:0x800088b2 x21=0xffffa0a1 PA:0x800088ba
        3325000	       331	80000504	4a594383	lbu	x7,1189(x18)	 x18:0x80008864  x7=0x000000f2 PA:0x80008d09
        3335000	       332	80000508	fab0c803	lbu	x16,-85(x1)	  x1:0x800088b2 x16=0x00000000 PA:0x8000885d
        3345000	       333	8000050c	fe8f0ea3	sb	x8,-3(x30)	 x30:0x80008d11  x8:0xffffffb6 PA:0x80008d0e
        3355000	       334	80000510	04808e23	sb	x8,92(x1)	  x1:0x800088b2  x8:0xffffffb6 PA:0x8000890e
        3365000	       335	80000514	00af4303	lbu	x6,10(x30)	 x30:0x80008d11  x6=0x00000000 PA:0x80008d1b
        3375000	       336	80000518	1021c683	lbu	x13,258(x3)	  x3:0x80008df1 x13=0x000000d8 PA:0x80008ef3
        3385000	       337	8000051c	51609103	lh	x2,1302(x1)	  x1:0x800088b2  x2=0xffffb2b3 PA:0x80008dc8
        3395000	       338	80000520	00008697	auipc	x13,0x8	 x13=0x8000851c
        3405000	       339	80000524	47a68693	addi	x13,x13,1146	 x13:0x8000851c x13=0x80008996
        3415000	       340	80000528	00b68483	lb	x9,11(x13)	 x13:0x80008996  x9=0xffffff8a PA:0x800089a1
        3425000	       341	8000052c	000685a3	sb	x0,11(x13)	 x13:0x80008996  x0:0x00000000 PA:0x800089a1
        3435000	       342	80000530	ff06ca03	lbu	x20,-16(x13)	 x13:0x80008996 x20=0x0000006d PA:0x80008986
        3445000	       343	80000534	00269403	lh	x8,2(x13)	 x13:0x80008996  x8=0xffff8283 PA:0x80008998
        3455000	       344	80000538	fe669823	sh	x6,-16(x13)	 x13:0x80008996  x6:0x00000000 PA:0x80008986
        3465000	       345	8000053c	0086c503	lbu	x10,8(x13)	 x13:0x80008996 x10=0x00000085 PA:0x8000899e
        3475000	       346	80000540	0086c783	lbu	x15,8(x13)	 x13:0x80008996 x15=0x00000085 PA:0x8000899e
        3485000	       347	80000544	01768423	sb	x23,8(x13)	 x13:0x80008996 x23:0x9024dfe9 PA:0x8000899e
        3495000	       348	80000548	f9520393	addi	x7,x4,-107	  x4:0x600c5000  x7=0x600c4f95
        3505000	       349	8000054c	ffc6c203	lbu	x4,-4(x13)	 x13:0x80008996  x4=0x00000079 PA:0x80008992
        3515000	       350	80000550	0066dd03	lhu	x26,6(x13)	 x13:0x80008996 x26=0x00008687 PA:0x8000899c
        3525000	       351	80000554	ff16ad23	sw	x17,-6(x13)	 x13:0x80008996 x17:0x80008bc5 PA:0x80008990
        3535000	       352	80000558	ffa6a803	lw	x16,-6(x13)	 x13:0x80008996 x16=0x80008bc5 PA:0x80008990
        3545000	       353	8000055c	ffe6ad23	sw	x30,-6(x13)	 x13:0x80008996 x30:0x80008d11 PA:0x80008990
        3555000	       354	80000560	fe768c23	sb	x7,-8(x13)	 x13:0x80008996  x7:0x600c4f95 PA:0x8000898e
        3565000	       355	80000564	ff368a23	sb	x19,-12(x13)	 x13:0x80008996 x19:0xffffffbf PA:0x8000898a
        3575000	       356	80000568	ff96cf83	lbu	x31,-7(x13)	 x13:0x80008996 x31=0x00000074 PA:0x8000898f
        3585000	       357	8000056c	fe368ca3	sb	x3,-7(x13)	 x13:0x80008996  x3:0x80008df1 PA:0x8000898f
        3595000	       358	80000570	ff968883	lb	x17,-7(x13)	 x13:0x80008996 x17=0xfffffff1 PA:0x8000898f
        3605000	       359	80000574	ffb68183	lb	x3,-5(x13)	 x13:0x80008996  x3=0xffffff8d PA:0x80008991
        3615000	       360	80000578	00868383	lb	x7,8(x13)	 x13:0x80008996  x7=0xffffffe9 PA:0x8000899e
        3625000	       361	8000057c	00a4f0b3	and	x1,x9,x10	  x9:0xffffff8a x10:0x00000085  x1=0x00000080
        3635000	       362	80000580	011056b3	srl	x13,x0,x17	  x0:0x00000000 x17:0xfffffff1 x13=0x00000000
        3645000	       363	80000584	010a93b3	sll	x7,x21,x16	 x21:0xffffa0a1 x16:0x80008bc5  x7=0xfff41420
        3655000	       364	80000588	000698b3	sll	x17,x13,x0	 x13:0x00000000  x0:0x00000000 x17=0x00000000
        3665000	       365	8000058c	859de213	ori	x4,x27,-1959	 x27:0x000000ca  x4=0xfffff8db
        3675000	       366	80000590	41f55ab3	sra	x21,x10,x31	 x10:0x00000085 x31:0x00000074 x21=0x00000000
        3685000	       367	80000594	c3a67797	auipc	x15,0xc3a67	 x15=0x43a67590
        3695000	       368	80000598	cbcab993	sltiu	x19,x21,-836	 x21:0x00000000 x19=0x00000001
        3705000	       369	8000059c	00119c13	slli	x24,x3,0x1	  x3:0xffffff8d x24=0xffffff1a
        3715000	       370	800005a0	41bcd6b3	sra	x13,x25,x27	 x25:0x80009fc4 x27:0x000000ca x13=0xffe00027
        3725000	       371	800005a4	03c25063	bge	x4,x28,800005c4	  x4:0xfffff8db x28:0xfffffffa
        3735000	       372	800005a8	f9e82f13	slti	x30,x16,-98	 x16:0x80008bc5 x30=0x00000001
        3745000	       373	800005ac	017826b3	slt	x13,x16,x23	 x16:0x80008bc5 x23:0x9024dfe9 x13=0x00000001
        3755000	       374	800005b0	ad9cc697	auipc	x13,0xad9cc	 x13=0x2d9cc5ac
        3765000	       375	800005b4	013f5033	srl	x0,x30,x19	 x30:0x00000001 x19:0x00000001
        3775000	       376	800005b8	099dc063	blt	x27,x25,80000638	 x27:0x000000ca x25:0x80009fc4
        3785000	       377	800005bc	0143fab3	and	x21,x7,x20	  x7:0xfff41420 x20:0x0000006d x21=0x00000020
        3795000	       378	800005c0	00b88633	add	x12,x17,x11	 x17:0x00000000 x11:0x0000083a x12=0x0000083a
        3805000	       379	800005c4	044d7c63	bgeu	x26,x4,8000061c	 x26:0x00008687  x4:0xfffff8db
        3815000	       380	800005c8	06559263	bne	x11,x5,8000062c	 x11:0x0000083a  x5:0x0000004c
        3825000	       381	00000000	00000013	addi	x0,x0,0	  x0:0x00000000
        3835000	       382	80000628	00000013	addi	x0,x0,0	  x0:0x00000000
        3845000	       383	8000062c	01702533	slt	x10,x0,x23	  x0:0x00000000 x23:0x9024dfe9 x10=0x00000000
        3855000	       384	80000630	00e3a8b3	slt	x17,x7,x14	  x7:0xfff41420 x14:0xffffffc4 x17=0x00000001
        3865000	       385	80000634	02d19663	bne	x3,x13,80000660	  x3:0xffffff8d x13:0x2d9cc5ac
        3875000	       386	00000000	00000013	addi	x0,x0,0	  x0:0x00000000
        3885000	       387	8000065c	00000013	addi	x0,x0,0	  x0:0x00000000
        3895000	       388	80000660	0186fa63	bgeu	x13,x24,80000674	 x13:0x2d9cc5ac x24:0xffffff1a
        3905000	       389	80000664	00105e13	srli	x28,x0,0x1	  x0:0x00000000 x28=0x00000000
        3915000	       390	80000668	40e685b3	sub	x11,x13,x14	 x13:0x2d9cc5ac x14:0xffffffc4 x11=0x2d9cc5e8
        3925000	       391	8000066c	00f5d733	srl	x14,x11,x15	 x11:0x2d9cc5e8 x15:0x43a67590 x14=0x00002d9c
        3935000	       392	80000670	41d75633	sra	x12,x14,x29	 x14:0x00002d9c x29:0x80009f84 x12=0x000002d9
        3945000	       393	80000674	00bcc533	xor	x10,x25,x11	 x25:0x80009fc4 x11:0x2d9cc5e8 x10=0xad9c5a2c
        3955000	       394	80000678	41975013	srai	x0,x14,0x19	 x14:0x00002d9c
        3965000	       395	8000067c	b2764913	xori	x18,x12,-1241	 x12:0x000002d9 x18=0xfffff9fe
        3975000	       396	80000680	cc6083b7	lui	x7,0xcc608	  x7=0xcc608000
        3985000	       397	80000684	40e5db33	sra	x22,x11,x14	 x11:0x2d9cc5e8 x14:0x00002d9c x22=0x00000002
        3995000	       398	80000688	01ce9833	sll	x16,x29,x28	 x29:0x80009f84 x28:0x00000000 x16=0x80009f84
        4005000	       399	8000068c	a0547317	auipc	x6,0xa0547	  x6=0x20547688
        4015000	       400	80000690	014dbfb3	sltu	x31,x27,x20	 x27:0x000000ca x20:0x0000006d x31=0x00000000
        4025000	       401	80000694	01280c63	beq	x16,x18,800006ac	 x16:0x80009f84 x18:0xfffff9fe
        4035000	       402	80000698	02339e63	bne	x7,x3,800006d4	  x7:0xcc608000  x3:0xffffff8d
        4045000	       403	00000000	00000013	addi	x0,x0,0	  x0:0x00000000
        4055000	       404	800006d0	00000013	addi	x0,x0,0	  x0:0x00000000
        4065000	       405	800006d4	9c1f5237	lui	x4,0x9c1f5	  x4=0x9c1f5000
        4075000	       406	800006d8	90937a93	andi	x21,x6,-1783	  x6:0x20547688 x21=0x20547008
        4085000	       407	800006dc	02e49663	bne	x9,x14,80000708	  x9:0xffffff8a x14:0x00002d9c
        4095000	       408	00000000	00000013	addi	x0,x0,0	  x0:0x00000000
        4105000	       409	80000704	00000013	addi	x0,x0,0	  x0:0x00000000
        4115000	       410	80000708	004c67b3	or	x15,x24,x4	 x24:0xffffff1a  x4:0x9c1f5000 x15=0xffffff1a
        4125000	       411	8000070c	75302193	slti	x3,x0,1875	  x0:0x00000000  x3=0x00000001
        4135000	       412	80000710	001fb333	sltu	x6,x31,x1	 x31:0x00000000  x1:0x00000080  x6=0x00000001
        4145000	       413	80000714	00000013	addi	x0,x0,0	  x0:0x00000000
        4155000	       414	80000718	0327fa63	bgeu	x15,x18,8000074c	 x15:0xffffff1a x18:0xfffff9fe
        4165000	       415	00000000	00000013	addi	x0,x0,0	  x0:0x00000000
        4175000	       416	80000748	00000013	addi	x0,x0,0	  x0:0x00000000
        4185000	       417	8000074c	bdc70a93	addi	x21,x14,-1060	 x14:0x00002d9c x21=0x00002978
        4195000	       418	80000750	04d49663	bne	x9,x13,8000079c	  x9:0xffffff8a x13:0x2d9cc5ac
        4205000	       419	00000000	00000013	addi	x0,x0,0	  x0:0x00000000
        4215000	       420	80000798	00000013	addi	x0,x0,0	  x0:0x00000000
        4225000	       421	8000079c	00ab0f33	add	x30,x22,x10	 x22:0x00000002 x10:0xad9c5a2c x30=0xad9c5a2e
        4235000	       422	800007a0	01717533	and	x10,x2,x23	  x2:0xffffb2b3 x23:0x9024dfe9 x10=0x902492a1
        4245000	       423	800007a4	02418063	beq	x3,x4,800007c4	  x3:0x00000001  x4:0x9c1f5000
        4255000	       424	800007a8	001ad293	srli	x5,x21,0x1	 x21:0x00002978  x5=0x000014bc
        4265000	       425	800007ac	004906b3	add	x13,x18,x4	 x18:0xfffff9fe  x4:0x9c1f5000 x13=0x9c1f49fe
        4275000	       426	800007b0	00d9f663	bgeu	x19,x13,800007bc	 x19:0x00000001 x13:0x9c1f49fe
        4285000	       427	800007b4	013e9393	slli	x7,x29,0x13	 x29:0x80009f84  x7=0xfc200000
        4295000	       428	800007b8	0155d893	srli	x17,x11,0x15	 x11:0x2d9cc5e8 x17=0x0000016c
        4305000	       429	800007bc	01c79263	bne	x15,x28,800007c0	 x15:0xffffff1a x28:0x00000000
        4315000	       430	00000000	00000013	addi	x0,x0,0	  x0:0x00000000
        4325000	       431	800007bc	00000013	addi	x0,x0,0	  x0:0x00000000
        4335000	       432	800007c0	715a0013	addi	x0,x20,1813	 x20:0x0000006d
        4345000	       433	800007c4	a38db093	sltiu	x1,x27,-1480	 x27:0x000000ca  x1=0x00000001
        4355000	       434	800007c8	00194b33	xor	x22,x18,x1	 x18:0xfffff9fe  x1:0x00000001 x22=0xfffff9ff
        4365000	       435	800007cc	00d841b3	xor	x3,x16,x13	 x16:0x80009f84 x13:0x9c1f49fe  x3=0x1c1fd67a
        4375000	       436	800007d0	598fcf37	lui	x30,0x598fc	 x30=0x598fc000
        4385000	       437	800007d4	842f97b7	lui	x15,0x842f9	 x15=0x842f9000
        4395000	       438	800007d8	0435e063	bltu	x11,x3,80000818	 x11:0x2d9cc5e8  x3:0x1c1fd67a
        4405000	       439	800007dc	492abd17	auipc	x26,0x492ab	 x26=0xc92ab7d8
        4415000	       440	800007e0	00cc1793	slli	x15,x24,0xc	 x24:0xffffff1a x15=0xfff1a000
        4425000	       441	800007e4	012d7c63	bgeu	x26,x18,800007fc	 x26:0xc92ab7d8 x18:0xfffff9fe
        4435000	       442	800007e8	51499317	auipc	x6,0x51499	  x6=0xd14997e4
        4445000	       443	800007ec	00223f33	sltu	x30,x4,x2	  x4:0x9c1f5000  x2:0xffffb2b3 x30=0x00000001
        4455000	       444	800007f0	d5aba993	slti	x19,x23,-678	 x23:0x9024dfe9 x19=0x00000001
        4465000	       445	800007f4	00d095b3	sll	x11,x1,x13	  x1:0x00000001 x13:0x9c1f49fe x11=0x40000000
        4475000	       446	800007f8	056a0863	beq	x20,x22,80000848	 x20:0x0000006d x22:0xfffff9ff
        4485000	       447	800007fc	00641433	sll	x8,x8,x6	  x8:0xffff8283  x6:0xd14997e4  x8=0xfff82830
        4495000	       448	80000800	00085f33	srl	x30,x16,x0	 x16:0x80009f84  x0:0x00000000 x30=0x80009f84
        4505000	       449	80000804	00000013	addi	x0,x0,0	  x0:0x00000000
        4515000	       450	80000808	01558263	beq	x11,x21,8000080c	 x11:0x40000000 x21:0x00002978
        4525000	       451	8000080c	b7f46417	auipc	x8,0xb7f46	  x8=0x37f46808
        4535000	       452	80000810	42b32093	slti	x1,x6,1067	  x6:0xd14997e4  x1=0x00000001
        4545000	       453	80000814	0136b6b3	sltu	x13,x13,x19	 x13:0x9c1f49fe x19:0x00000001 x13=0x00000000
        4555000	       454	80000818	02ebca63	blt	x23,x14,8000084c	 x23:0x9024dfe9 x14:0x00002d9c
        4565000	       455	00000000	00000013	addi	x0,x0,0	  x0:0x00000000
        4575000	       456	80000848	00000013	addi	x0,x0,0	  x0:0x00000000
        4585000	       457	8000084c	40088233	sub	x4,x17,x0	 x17:0x0000016c  x0:0x00000000  x4=0x0000016c
        4595000	       458	80000850	a8ccc813	xori	x16,x25,-1396	 x25:0x80009fc4 x16=0x7fff6548
        4605000	       459	80000854	01ea7333	and	x6,x20,x30	 x20:0x0000006d x30:0x80009f84  x6=0x00000004
        4615000	       460	80000858	00aaf8b3	and	x17,x21,x10	 x21:0x00002978 x10:0x902492a1 x17=0x00000020
        4625000	       461	8000085c	00008117	auipc	x2,0x8	  x2=0x80008858
        4635000	       462	80000860	a9b10113	addi	x2,x2,-1381	  x2:0x80008858  x2=0x800082f3
        4645000	       463	80000864	004509b3	add	x19,x10,x4	 x10:0x902492a1  x4:0x0000016c x19=0x9024940d
        4655000	       464	80000868	56eee513	ori	x10,x29,1390	 x29:0x80009f84 x10=0x80009fee
        4665000	       465	8000086c	f9210e03	lb	x28,-110(x2)	  x2:0x800082f3 x28=0x0000003e PA:0x80008285
        4675000	       466	00000000	00000013	addi	x0,x0,0	  x0:0x00000000
        4685000	       467	80000870	a3cf4a17	auipc	x20,0xa3cf4	 x20=0x23cf486c
        4695000	       468	80000874	01260433	add	x8,x12,x18	 x12:0x000002d9 x18:0xfffff9fe  x8=0xfffffcd7
        4705000	       469	80000878	026bce13	xori	x28,x23,38	 x23:0x9024dfe9 x28=0x9024dfcf
        4715000	       470	8000087c	fcf11003	lh	x0,-49(x2)	  x2:0x800082f3 PA:0x800082c2
        4725000	       471	80000880	069126a3	sw	x9,109(x2)	  x2:0x800082f3  x9:0xffffff8a PA:0x80008360
        4735000	       472	80000884	00ac71b3	and	x3,x24,x10	 x24:0xffffff1a x10:0x80009fee  x3=0x80009f0a
        4745000	       473	80000888	00810b23	sb	x8,22(x2)	  x2:0x800082f3  x8:0xfffffcd7 PA:0x80008309
        4755000	       474	8000088c	00f14383	lbu	x7,15(x2)	  x2:0x800082f3  x7=0x000000b9 PA:0x80008302
        4765000	       475	80000890	e6c7cf93	xori	x31,x15,-404	 x15:0xfff1a000 x31=0x000e5e6c
        4775000	       476	80000894	f8711303	lh	x6,-121(x2)	  x2:0x800082f3  x6=0x00003031 PA:0x8000827a
        4785000	       477	80000898	0dd10223	sb	x29,196(x2)	  x2:0x800082f3 x29:0x80009f84 PA:0x800083b7
        4795000	       478	8000089c	0007e7b3	or	x15,x15,x0	 x15:0xfff1a000  x0:0x00000000 x15=0xfff1a000
        4805000	       479	800008a0	0f514903	lbu	x18,245(x2)	  x2:0x800082f3 x18=0x000000a3 PA:0x800083e8
        4815000	       480	800008a4	9450ae13	slti	x28,x1,-1723	  x1:0x00000001 x28=0x00000000
        4825000	       481	800008a8	000a86b3	add	x13,x21,x0	 x21:0x00002978  x0:0x00000000 x13=0x00002978
        4835000	       482	800008ac	f5e14703	lbu	x14,-162(x2)	  x2:0x800082f3 x14=0x0000000a PA:0x80008251
        4845000	       483	800008b0	01cabe33	sltu	x28,x21,x28	 x21:0x00002978 x28:0x00000000 x28=0x00000000
        4855000	       484	800008b4	f6614203	lbu	x4,-154(x2)	  x2:0x800082f3  x4=0x00000012 PA:0x80008259
        4865000	       485	800008b8	fc010083	lb	x1,-64(x2)	  x2:0x800082f3  x1=0x00000068 PA:0x800082b3
        4875000	       486	800008bc	41d95d13	srai	x26,x18,0x1d	 x18:0x000000a3 x26=0x00000000
        4885000	       487	800008c0	05011ba3	sh	x16,87(x2)	  x2:0x800082f3 x16:0x7fff6548 PA:0x8000834a
        4895000	       488	800008c4	f6214403	lbu	x8,-158(x2)	  x2:0x800082f3  x8=0x0000000e PA:0x80008255
        4905000	       489	800008c8	01a14503	lbu	x10,26(x2)	  x2:0x800082f3 x10=0x000000c6 PA:0x8000830d
        4915000	       490	800008cc	fdc14583	lbu	x11,-36(x2)	  x2:0x800082f3 x11=0x00000084 PA:0x800082cf
        4925000	       491	800008d0	f0110b03	lb	x22,-255(x2)	  x2:0x800082f3 x22=0xffffffaf PA:0x800081f4
        4935000	       492	800008d4	f9010f23	sb	x16,-98(x2)	  x2:0x800082f3 x16:0x7fff6548 PA:0x80008291
        4945000	       493	800008d8	f9410803	lb	x16,-108(x2)	  x2:0x800082f3 x16=0x0000003c PA:0x80008287
        4955000	       494	800008dc	08511d83	lh	x27,133(x2)	  x2:0x800082f3 x27=0x00003233 PA:0x80008378
        4965000	       495	800008e0	f1410fa3	sb	x20,-225(x2)	  x2:0x800082f3 x20:0x23cf486c PA:0x80008212
        4975000	       496	800008e4	e3ec5797	auipc	x15,0xe3ec5	 x15=0x63ec58e0
        4985000	       497	800008e8	d76a5837	lui	x16,0xd76a5	 x16=0xd76a5000
        4995000	       498	800008ec	f3014683	lbu	x13,-208(x2)	  x2:0x800082f3 x13=0x000000d8 PA:0x80008223
        5005000	       499	800008f0	01414483	lbu	x9,20(x2)	  x2:0x800082f3  x9=0x000000bc PA:0x80008307
        5015000	       500	800008f4	02b15a83	lhu	x21,43(x2)	  x2:0x800082f3 x21=0x0000d4d5 PA:0x8000831e
        5025000	       501	800008f8	f2115903	lhu	x18,-223(x2)	  x2:0x800082f3 x18=0x0000cecf PA:0x80008214
        5035000	       502	800008fc	02010383	lb	x7,32(x2)	  x2:0x800082f3  x7=0xffffffc8 PA:0x80008313
        5045000	       503	80000900	03610f83	lb	x31,54(x2)	  x2:0x800082f3 x31=0xffffffe2 PA:0x80008329
        5055000	       504	80000904	6e2b0093	addi	x1,x22,1762	 x22:0xffffffaf  x1=0x00000691
        5065000	       505	80000908	f2610223	sb	x6,-220(x2)	  x2:0x800082f3  x6:0x00003031 PA:0x80008217
        5075000	       506	8000090c	00610483	lb	x9,6(x2)	  x2:0x800082f3  x9=0xffffffb2 PA:0x800082f9
        5085000	       507	80000910	49bcb293	sltiu	x5,x25,1179	 x25:0x80009fc4  x5=0x00000000
        5095000	       508	80000914	0c915003	lhu	x0,201(x2)	  x2:0x800082f3 PA:0x800083bc
        5105000	       509	80000918	075101a3	sb	x21,99(x2)	  x2:0x800082f3 x21:0x0000d4d5 PA:0x80008356
        5115000	       510	8000091c	04250663	beq	x10,x2,80000968	 x10:0x000000c6  x2:0x800082f3
        5125000	       511	80000920	267ce913	ori	x18,x25,615	 x25:0x80009fc4 x18=0x80009fe7
        5135000	       512	80000924	1f803f37	lui	x30,0x1f803	 x30=0x1f803000
        5145000	       513	80000928	7814e013	ori	x0,x9,1921	  x9:0xffffffb2
        5155000	       514	8000092c	01681433	sll	x8,x16,x22	 x16:0xd76a5000 x22:0xffffffaf  x8=0x28000000
        5165000	       515	80000930	02ab4c63	blt	x22,x10,80000968	 x22:0xffffffaf x10:0x000000c6
        5175000	       516	00000000	00000013	addi	x0,x0,0	  x0:0x00000000
        5185000	       517	80000964	00000013	addi	x0,x0,0	  x0:0x00000000
        5195000	       518	80000968	4bece893	ori	x17,x25,1214	 x25:0x80009fc4 x17=0x80009ffe
        5205000	       519	8000096c	41bb5393	srai	x7,x22,0x1b	 x22:0xffffffaf  x7=0xffffffff
        5215000	       520	80000970	01f03433	sltu	x8,x0,x31	  x0:0x00000000 x31:0xffffffe2  x8=0x00000001
        5225000	       521	80000974	0057e633	or	x12,x15,x5	 x15:0x63ec58e0  x5:0x00000000 x12=0x63ec58e0
        5235000	       522	80000978	0051c6b3	xor	x13,x3,x5	  x3:0x80009f0a  x5:0x00000000 x13=0x80009f0a
        5245000	       523	8000097c	002b0733	add	x14,x22,x2	 x22:0xffffffaf  x2:0x800082f3 x14=0x800082a2
        5255000	       524	80000980	7c1188b7	lui	x17,0x7c118	 x17=0x7c118000
        5265000	       525	80000984	00fe52b3	srl	x5,x28,x15	 x28:0x00000000 x15:0x63ec58e0  x5=0x00000000
        5275000	       526	80000988	4af8a793	slti	x15,x17,1199	 x17:0x7c118000 x15=0x00000000
        5285000	       527	8000098c	019481b3	add	x3,x9,x25	  x9:0xffffffb2 x25:0x80009fc4  x3=0x80009f76
        5295000	       528	80000990	40610e33	sub	x28,x2,x6	  x2:0x800082f3  x6:0x00003031 x28=0x800052c2
        5305000	       529	80000994	042ff863	bgeu	x31,x2,800009e4	 x31:0xffffffe2  x2:0x800082f3
        5315000	       530	00000000	00000013	addi	x0,x0,0	  x0:0x00000000
        5325000	       531	800009e0	00000013	addi	x0,x0,0	  x0:0x00000000
        5335000	       532	800009e4	02d90e63	beq	x18,x13,80000a20	 x18:0x80009fe7 x13:0x80009f0a
        5345000	       533	800009e8	cf7ba917	auipc	x18,0xcf7ba	 x18=0x4f7ba9e4
        5355000	       534	800009ec	005f1663	bne	x30,x5,800009f8	 x30:0x1f803000  x5:0x00000000
        5365000	       535	00000000	00000013	addi	x0,x0,0	  x0:0x00000000
        5375000	       536	800009f4	00000013	addi	x0,x0,0	  x0:0x00000000
        5385000	       537	800009f8	e5324193	xori	x3,x4,-429	  x4:0x00000012  x3=0xfffffe41
        5395000	       538	800009fc	8234ca13	xori	x20,x9,-2013	  x9:0xffffffb2 x20=0x00000791
        5405000	       539	80000a00	84557e13	andi	x28,x10,-1979	 x10:0x000000c6 x28=0x00000044
        5415000	       540	80000a04	15992593	slti	x11,x18,345	 x18:0x4f7ba9e4 x11=0x00000000
        5425000	       541	80000a08	efdce813	ori	x16,x25,-259	 x25:0x80009fc4 x16=0xfffffffd
        5435000	       542	80000a0c	00000013	addi	x0,x0,0	  x0:0x00000000
        5445000	       543	80000a10	d4e9aa93	slti	x21,x19,-690	 x19:0x9024940d x21=0x00000001
        5455000	       544	80000a14	012cdc63	bge	x25,x18,80000a2c	 x25:0x80009fc4 x18:0x4f7ba9e4
        5465000	       545	80000a18	41bb5193	srai	x3,x22,0x1b	 x22:0xffffffaf  x3=0xffffffff
        5475000	       546	80000a1c	406500b3	sub	x1,x10,x6	 x10:0x000000c6  x6:0x00003031  x1=0xffffd095
        5485000	       547	80000a20	01599333	sll	x6,x19,x21	 x19:0x9024940d x21:0x00000001  x6=0x2049281a
        5495000	       548	80000a24	00000013	addi	x0,x0,0	  x0:0x00000000
        5505000	       549	80000a28	40158633	sub	x12,x11,x1	 x11:0x00000000  x1:0xffffd095 x12=0x00002f6b
        5515000	       550	80000a2c	01c4a233	slt	x4,x9,x28	  x9:0xffffffb2 x28:0x00000044  x4=0x00000001
        5525000	       551	80000a30	02250463	beq	x10,x2,80000a58	 x10:0x000000c6  x2:0x800082f3
        5535000	       552	80000a34	0099a833	slt	x16,x19,x9	 x19:0x9024940d  x9:0xffffffb2 x16=0x00000001
        5545000	       553	80000a38	9405ba13	sltiu	x20,x11,-1728	 x11:0x00000000 x20=0x00000001
        5555000	       554	80000a3c	748ca617	auipc	x12,0x748ca	 x12=0xf48caa38
        5565000	       555	80000a40	01e0a333	slt	x6,x1,x30	  x1:0xffffd095 x30:0x1f803000  x6=0x00000001
        5575000	       556	80000a44	35be0093	addi	x1,x28,859	 x28:0x00000044  x1=0x0000039f
        5585000	       557	80000a48	001bb433	sltu	x8,x23,x1	 x23:0x9024dfe9  x1:0x0000039f  x8=0x00000000
        5595000	       558	80000a4c	01e3d193	srli	x3,x7,0x1e	  x7:0xffffffff  x3=0x00000003
        5605000	       559	80000a50	022f6063	bltu	x30,x2,80000a70	 x30:0x1f803000  x2:0x800082f3
        5615000	       560	00000000	00000013	addi	x0,x0,0	  x0:0x00000000
        5625000	       561	80000a6c	00000013	addi	x0,x0,0	  x0:0x00000000
        5635000	       562	80000a70	00c86fb3	or	x31,x16,x12	 x16:0x00000001 x12:0xf48caa38 x31=0xf48caa39
        5645000	       563	80000a74	4135de33	sra	x28,x11,x19	 x11:0x00000000 x19:0x9024940d x28=0x00000000
        5655000	       564	80000a78	01dd34b3	sltu	x9,x26,x29	 x26:0x00000000 x29:0x80009f84  x9=0x00000001
        5665000	       565	80000a7c	0083d0b3	srl	x1,x7,x8	  x7:0xffffffff  x8:0x00000000  x1=0xffffffff
        5675000	       566	80000a80	0050aab3	slt	x21,x1,x5	  x1:0xffffffff  x5:0x00000000 x21=0x00000001
        5685000	       567	80000a84	02157063	bgeu	x10,x1,80000aa4	 x10:0x000000c6  x1:0xffffffff
        5695000	       568	80000a88	00dc9663	bne	x25,x13,80000a94	 x25:0x80009fc4 x13:0x80009f0a
        5705000	       569	00000000	00000013	addi	x0,x0,0	  x0:0x00000000
        5715000	       570	80000a90	00000013	addi	x0,x0,0	  x0:0x00000000
        5725000	       571	80000a94	40fcde13	srai	x28,x25,0xf	 x25:0x80009fc4 x28=0xffff0001
        5735000	       572	80000a98	013981b3	add	x3,x19,x19	 x19:0x9024940d x19:0x9024940d  x3=0x2049281a
        5745000	       573	80000a9c	96e5f793	andi	x15,x11,-1682	 x11:0x00000000 x15=0x00000000
        5755000	       574	80000aa0	0059db33	srl	x22,x19,x5	 x19:0x9024940d  x5:0x00000000 x22=0x9024940d
        5765000	       575	80000aa4	3c2b4293	xori	x5,x22,962	 x22:0x9024940d  x5=0x902497cf
        5775000	       576	80000aa8	e21af713	andi	x14,x21,-479	 x21:0x00000001 x14=0x00000001
        5785000	       577	80000aac	014d66b3	or	x13,x26,x20	 x26:0x00000000 x20:0x00000001 x13=0x00000001
        5795000	       578	80000ab0	035dda63	bge	x27,x21,80000ae4	 x27:0x00003233 x21:0x00000001
        5805000	       579	00000000	00000013	addi	x0,x0,0	  x0:0x00000000
        5815000	       580	80000ae0	00000013	addi	x0,x0,0	  x0:0x00000000
        5825000	       581	80000ae4	48256513	ori	x10,x10,1154	 x10:0x000000c6 x10=0x000004c6
        5835000	       582	80000ae8	4157d9b3	sra	x19,x15,x21	 x15:0x00000000 x21:0x00000001 x19=0x00000000
        5845000	       583	80000aec	019f7fb3	and	x31,x30,x25	 x30:0x1f803000 x25:0x80009fc4 x31=0x00001000
        5855000	       584	80000af0	00000013	addi	x0,x0,0	  x0:0x00000000
        5865000	       585	80000af4	00b15663	bge	x2,x11,80000b00	  x2:0x800082f3 x11:0x00000000
        5875000	       586	80000af8	00f28733	add	x14,x5,x15	  x5:0x902497cf x15:0x00000000 x14=0x902497cf
        5885000	       587	80000afc	24d92813	slti	x16,x18,589	 x18:0x4f7ba9e4 x16=0x00000000
        5895000	       588	80000b00	01e3d663	bge	x7,x30,80000b0c	  x7:0xffffffff x30:0x1f803000
        5905000	       589	80000b04	01a05f13	srli	x30,x0,0x1a	  x0:0x00000000 x30=0x00000000
        5915000	       590	80000b08	01c79863	bne	x15,x28,80000b18	 x15:0x00000000 x28:0xffff0001
        5925000	       591	00000000	00000013	addi	x0,x0,0	  x0:0x00000000
        5935000	       592	80000b14	00000013	addi	x0,x0,0	  x0:0x00000000
        5945000	       593	80000b18	021cf463	bgeu	x25,x1,80000b40	 x25:0x80009fc4  x1:0xffffffff
        5955000	       594	80000b1c	01bfd113	srli	x2,x31,0x1b	 x31:0x00001000  x2=0x00000000
        5965000	       595	80000b20	41e15513	srai	x10,x2,0x1e	  x2:0x00000000 x10=0x00000000
        5975000	       596	80000b24	4c6b4f13	xori	x30,x22,1222	 x22:0x9024940d x30=0x902490cb
        5985000	       597	80000b28	046af663	bgeu	x21,x6,80000b74	 x21:0x00000001  x6:0x00000001
        5995000	       598	00000000	00000013	addi	x0,x0,0	  x0:0x00000000
        6005000	       599	80000b70	00000013	addi	x0,x0,0	  x0:0x00000000
        6015000	       600	80000b74	00f850b3	srl	x1,x16,x15	 x16:0x00000000 x15:0x00000000  x1=0x00000000
        6025000	       601	80000b78	a9244913	xori	x18,x8,-1390	  x8:0x00000000 x18=0xfffffa92
        6035000	       602	80000b7c	07347613	andi	x12,x8,115	  x8:0x00000000 x12=0x00000000
        6045000	       603	80000b80	669c5fb7	lui	x31,0x669c5	 x31=0x669c5000
        6055000	       604	80000b84	39cbca13	xori	x20,x23,924	 x23:0x9024dfe9 x20=0x9024dc75
        6065000	       605	80000b88	008396b3	sll	x13,x7,x8	  x7:0xffffffff  x8:0x00000000 x13=0xffffffff
        6075000	       606	80000b8c	e2bd9d37	lui	x26,0xe2bd9	 x26=0xe2bd9000
        6085000	       607	80000b90	a497b513	sltiu	x10,x15,-1463	 x15:0x00000000 x10=0x00000001
        6095000	       608	80000b94	01f0a933	slt	x18,x1,x31	  x1:0x00000000 x31:0x669c5000 x18=0x00000001
        6105000	       609	80000b98	00095533	srl	x10,x18,x0	 x18:0x00000001  x0:0x00000000 x10=0x00000001
        6115000	       610	80000b9c	41e3da33	sra	x20,x7,x30	  x7:0xffffffff x30:0x902490cb x20=0xffffffff
        6125000	       611	80000ba0	fd933313	sltiu	x6,x6,-39	  x6:0x00000001  x6=0x00000001
        6135000	       612	80000ba4	00b05d13	srli	x26,x0,0xb	  x0:0x00000000 x26=0x00000000
        6145000	       613	80000ba8	00d169b3	or	x19,x2,x13	  x2:0x00000000 x13:0xffffffff x19=0xffffffff
        6155000	       614	80000bac	008624b3	slt	x9,x12,x8	 x12:0x00000000  x8:0x00000000  x9=0x00000000
        6165000	       615	80000bb0	ebea7593	andi	x11,x20,-322	 x20:0xffffffff x11=0xfffffebe
        6175000	       616	80000bb4	0193d0b3	srl	x1,x7,x25	  x7:0xffffffff x25:0x80009fc4  x1=0x0fffffff
        6185000	       617	80000bb8	018067b3	or	x15,x0,x24	  x0:0x00000000 x24:0xffffff1a x15=0xffffff1a
        6195000	       618	80000bbc	01666633	or	x12,x12,x22	 x12:0x00000000 x22:0x9024940d x12=0x9024940d
        6205000	       619	80000bc0	01771033	sll	x0,x14,x23	 x14:0x902497cf x23:0x9024dfe9
        6215000	       620	80000bc4	04ff4063	blt	x30,x15,80000c04	 x30:0x902490cb x15:0xffffff1a
        6225000	       621	00000000	00000013	addi	x0,x0,0	  x0:0x00000000
        6235000	       622	80000c00	00000013	addi	x0,x0,0	  x0:0x00000000
        6245000	       623	80000c04	4137d533	sra	x10,x15,x19	 x15:0xffffff1a x19:0xffffffff x10=0xffffffff
        6255000	       624	80000c08	0156ffb3	and	x31,x13,x21	 x13:0xffffffff x21:0x00000001 x31=0x00000001
        6265000	       625	80000c0c	01a494b3	sll	x9,x9,x26	  x9:0x00000000 x26:0x00000000  x9=0x00000000
        6275000	       626	80000c10	0378d263	bge	x17,x23,80000c34	 x17:0x7c118000 x23:0x9024dfe9
        6285000	       627	00000000	00000013	addi	x0,x0,0	  x0:0x00000000
        6295000	       628	80000c30	00000013	addi	x0,x0,0	  x0:0x00000000
        6305000	       629	80000c34	816c9097	auipc	x1,0x816c9	  x1=0x016c9c30
        6315000	       630	80000c38	00000b97	auipc	x23,0x0	 x23=0x80000c34
        6325000	       631	80000c3c	00cb8b93	addi	x23,x23,12	 x23:0x80000c34 x23=0x80000c40
        6335000	       632	80000c40	000b8067	jalr	x0,x23,0	 x23:0x80000c40
        6345000	       633	00000000	00000013	addi	x0,x0,0	  x0:0x00000000
        6355000	       634	80000c40	00000013	addi	x0,x0,0	  x0:0x00000000
        6365000	       635	80000c44	00100193	addi	x3,x0,1	  x0:0x00000000  x3=0x00000001
        6375000	       636	80000c48	00000073	ecall	
        6385000	       637	80000c4c	fd8e8e93	addi	x29,x29,-40	 x29:0x80009f84 x29=0x80009f5c
