		Time			Cycle	PC		Insn	Decoded instruction	Register and memory contents
          65000	         5	80000004	00000293	addi	x5,x0,0	  x0:0x00000000  x5=0x00000000
          75000	         6	80000008	00000313	addi	x6,x0,0	  x0:0x00000000  x6=0x00000000
          85000	         7	8000000c	00628263	beq	x5,x6,80000010	  x5:0x00000000  x6:0x00000000
          95000	         8	00000000	00000013	addi	x0,x0,0	  x0:0x00000000
         105000	         9	8000000c	00000013	addi	x0,x0,0	  x0:0x00000000
         115000	        10	80000010	00000f17	auipc	x30,0x0	 x30=0x8000000c
         125000	        11	80000014	00cf0f13	addi	x30,x30,12	 x30:0x8000000c x30=0x80000018
         135000	        12	80000018	000f0067	jalr	x0,x30,0	 x30:0x80000018
         145000	        13	00000000	00000013	addi	x0,x0,0	  x0:0x00000000
         155000	        14	80000018	00000013	addi	x0,x0,0	  x0:0x00000000
         165000	        15	8000001c	400002b7	lui	x5,0x40000	  x5=0x40000000
         175000	        16	80000020	10028293	addi	x5,x5,256	  x5:0x40000000  x5=0x40000100
         185000	        17	80000024	00000013	addi	x0,x0,0	  x0:0x00000000
         195000	        18	80000028	0000a817	auipc	x16,0xa	 x16=0x8000a024
         205000	        19	8000002c	fa080813	addi	x16,x16,-96	 x16:0x8000a024 x16=0x80009fc4
         215000	        20	80000030	00003297	auipc	x5,0x3	  x5=0x8000302c
         225000	        21	80000034	91428293	addi	x5,x5,-1772	  x5:0x8000302c  x5=0x80002940
         235000	        22	80000038	0012e293	ori	x5,x5,1	  x5:0x80002940  x5=0x80002941
         245000	        23	8000003c	00000013	addi	x0,x0,0	  x0:0x00000000
         255000	        24	80000040	00000297	auipc	x5,0x0	  x5=0x8000003c
         265000	        25	80000044	02028293	addi	x5,x5,32	  x5:0x8000003c  x5=0x8000005c
         275000	        26	80000048	00000013	addi	x0,x0,0	  x0:0x00000000
         285000	        27	8000004c	00000013	addi	x0,x0,0	  x0:0x00000000
         295000	        28	80000050	000022b7	lui	x5,0x2	  x5=0x00002000
         305000	        29	80000054	80028293	addi	x5,x5,-2048	  x5:0x00002000  x5=0x00001800
         315000	        30	80000058	00000013	addi	x0,x0,0	  x0:0x00000000
         325000	        31	8000005c	00000013	addi	x0,x0,0	  x0:0x00000000
         335000	        32	80000060	00000013	addi	x0,x0,0	  x0:0x00000000
         345000	        33	80000064	800000b7	lui	x1,0x80000	  x1=0x80000000
         355000	        34	80000068	00400113	addi	x2,x0,4	  x0:0x00000000  x2=0x00000004
         365000	        35	8000006c	00000193	addi	x3,x0,0	  x0:0x00000000  x3=0x00000000
         375000	        36	80000070	fccee237	lui	x4,0xfccee	  x4=0xfccee000
         385000	        37	80000074	0b820213	addi	x4,x4,184	  x4:0xfccee000  x4=0xfccee0b8
         395000	        38	80000078	fccf12b7	lui	x5,0xfccf1	  x5=0xfccf1000
         405000	        39	8000007c	56728293	addi	x5,x5,1383	  x5:0xfccf1000  x5=0xfccf1567
         415000	        40	80000080	00000313	addi	x6,x0,0	  x0:0x00000000  x6=0x00000000
         425000	        41	80000084	fb0d43b7	lui	x7,0xfb0d4	  x7=0xfb0d4000
         435000	        42	80000088	2ea38393	addi	x7,x7,746	  x7:0xfb0d4000  x7=0xfb0d42ea
         445000	        43	8000008c	3239e437	lui	x8,0x3239e	  x8=0x3239e000
         455000	        44	80000090	bc540413	addi	x8,x8,-1083	  x8:0x3239e000  x8=0x3239dbc5
         465000	        45	80000094	00500493	addi	x9,x0,5	  x0:0x00000000  x9=0x00000005
         475000	        46	80000098	f65c2537	lui	x10,0xf65c2	 x10=0xf65c2000
         485000	        47	8000009c	36f50513	addi	x10,x10,879	 x10:0xf65c2000 x10=0xf65c236f
         495000	        48	800000a0	fd1605b7	lui	x11,0xfd160	 x11=0xfd160000
         505000	        49	800000a4	24e58593	addi	x11,x11,590	 x11:0xfd160000 x11=0xfd16024e
         515000	        50	800000a8	00400613	addi	x12,x0,4	  x0:0x00000000 x12=0x00000004
         525000	        51	800000ac	00c00693	addi	x13,x0,12	  x0:0x00000000 x13=0x0000000c
         535000	        52	800000b0	f9b94737	lui	x14,0xf9b94	 x14=0xf9b94000
         545000	        53	800000b4	61770713	addi	x14,x14,1559	 x14:0xf9b94000 x14=0xf9b94617
         555000	        54	800000b8	800007b7	lui	x15,0x80000	 x15=0x80000000
         565000	        55	800000bc	f27488b7	lui	x17,0xf2748	 x17=0xf2748000
         575000	        56	800000c0	36688893	addi	x17,x17,870	 x17:0xf2748000 x17=0xf2748366
         585000	        57	800000c4	5d828937	lui	x18,0x5d828	 x18=0x5d828000
         595000	        58	800000c8	ef790913	addi	x18,x18,-265	 x18:0x5d828000 x18=0x5d827ef7
         605000	        59	800000cc	00000a13	addi	x20,x0,0	  x0:0x00000000 x20=0x00000000
         615000	        60	800000d0	80000ab7	lui	x21,0x80000	 x21=0x80000000
         625000	        61	800000d4	fd459b37	lui	x22,0xfd459	 x22=0xfd459000
         635000	        62	800000d8	e1bb0b13	addi	x22,x22,-485	 x22:0xfd459000 x22=0xfd458e1b
         645000	        63	800000dc	22515bb7	lui	x23,0x22515	 x23=0x22515000
         655000	        64	800000e0	232b8b93	addi	x23,x23,562	 x23:0x22515000 x23=0x22515232
         665000	        65	800000e4	3e8cdc37	lui	x24,0x3e8cd	 x24=0x3e8cd000
         675000	        66	800000e8	0e9c0c13	addi	x24,x24,233	 x24:0x3e8cd000 x24=0x3e8cd0e9
         685000	        67	800000ec	4b8bbcb7	lui	x25,0x4b8bb	 x25=0x4b8bb000
         695000	        68	800000f0	ca0c8c93	addi	x25,x25,-864	 x25:0x4b8bb000 x25=0x4b8baca0
         705000	        69	800000f4	00000d13	addi	x26,x0,0	  x0:0x00000000 x26=0x00000000
         715000	        70	800000f8	f26efdb7	lui	x27,0xf26ef	 x27=0xf26ef000
         725000	        71	800000fc	cc3d8d93	addi	x27,x27,-829	 x27:0xf26ef000 x27=0xf26eecc3
         735000	        72	80000100	80000e37	lui	x28,0x80000	 x28=0x80000000
         745000	        73	80000104	80000eb7	lui	x29,0x80000	 x29=0x80000000
         755000	        74	80000108	f44a3f37	lui	x30,0xf44a3	 x30=0xf44a3000
         765000	        75	8000010c	f00f0f13	addi	x30,x30,-256	 x30:0xf44a3000 x30=0xf44a2f00
         775000	        76	80000110	6031ffb7	lui	x31,0x6031f	 x31=0x6031f000
         785000	        77	80000114	307f8f93	addi	x31,x31,775	 x31:0x6031f000 x31=0x6031f307
         795000	        78	80000118	0000a997	auipc	x19,0xa	 x19=0x8000a114
         805000	        79	8000011c	e7098993	addi	x19,x19,-400	 x19:0x8000a114 x19=0x80009f84
         815000	        80	80000120	00008497	auipc	x9,0x8	  x9=0x8000811c
         825000	        81	80000124	5e148493	addi	x9,x9,1505	  x9:0x8000811c  x9=0x800086fd
         835000	        82	80000128	00008517	auipc	x10,0x8	 x10=0x80008124
         845000	        83	8000012c	36f50513	addi	x10,x10,879	 x10:0x80008124 x10=0x80008493
         855000	        84	80000130	00008417	auipc	x8,0x8	  x8=0x8000812c
         865000	        85	80000134	6ac40413	addi	x8,x8,1708	  x8:0x8000812c  x8=0x800087d8
         875000	        86	80000138	00008397	auipc	x7,0x8	  x7=0x80008134
         885000	        87	8000013c	23538393	addi	x7,x7,565	  x7:0x80008134  x7=0x80008369
         895000	        88	80000140	ff744d83	lbu	x27,-9(x8)	  x8:0x800087d8 x27=0x000000f2 PA:0x800087cf
         905000	        89	80000144	ff3389a3	sb	x19,-13(x7)	  x7:0x80008369 x19:0x80009f84 PA:0x8000835c
         915000	        90	80000148	fd054e83	lbu	x29,-48(x10)	 x10:0x80008493 x29=0x0000008e PA:0x80008463
         925000	        91	8000014c	fe549ba3	sh	x5,-9(x9)	  x9:0x800086fd  x5:0xfccf1567 PA:0x800086f4
         935000	        92	80000150	00008917	auipc	x18,0x8	 x18=0x8000814c
         945000	        93	80000154	0f590913	addi	x18,x18,245	 x18:0x8000814c x18=0x80008241
         955000	        94	80000158	00250c03	lb	x24,2(x10)	 x10:0x80008493 x24=0xffffffe9 PA:0x80008495
         965000	        95	8000015c	01448823	sb	x20,16(x9)	  x9:0x800086fd x20:0x00000000 PA:0x8000870d
         975000	        96	80000160	01d483a3	sb	x29,7(x9)	  x9:0x800086fd x29:0x0000008e PA:0x80008704
         985000	        97	80000164	fe755c83	lhu	x25,-25(x10)	 x10:0x80008493 x25=0x00005fe0 PA:0x8000847a
         995000	        98	80000168	cdb41223	sh	x27,-828(x8)	  x8:0x800087d8 x27:0x000000f2 PA:0x8000849c
        1005000	        99	8000016c	03850583	lb	x11,56(x10)	 x10:0x80008493 x11=0x0000004b PA:0x800084cb
        1015000	       100	80000170	00238f83	lb	x31,2(x7)	  x7:0x80008369 x31=0xffffffc2 PA:0x8000836b
        1025000	       101	80000174	ff248c03	lb	x24,-14(x9)	  x9:0x800086fd x24=0xffffffd5 PA:0x800086ef
        1035000	       102	80000178	ff591303	lh	x6,-11(x18)	 x18:0x80008241  x6=0x0000705b PA:0x80008236
        1045000	       103	8000017c	00a94d83	lbu	x27,10(x18)	 x18:0x80008241 x27=0x0000005e PA:0x8000824b
        1055000	       104	80000180	c1a40b83	lb	x23,-998(x8)	  x8:0x800087d8 x23=0x0000003f PA:0x800083f2
        1065000	       105	80000184	03f51203	lh	x4,63(x10)	 x10:0x80008493  x4=0xffffd262 PA:0x800084d2
        1075000	       106	80000188	fff3d303	lhu	x6,-1(x7)	  x7:0x80008369  x6=0x0000e35b PA:0x80008368
        1085000	       107	8000018c	00a48b83	lb	x23,10(x9)	  x9:0x800086fd x23=0xffffffb1 PA:0x80008707
        1095000	       108	80000190	00651da3	sh	x6,27(x10)	 x10:0x80008493  x6:0x0000e35b PA:0x800084ae
        1105000	       109	80000194	fd150703	lb	x14,-47(x10)	 x10:0x80008493 x14=0xffffff83 PA:0x80008464
        1115000	       110	80000198	00848083	lb	x1,8(x9)	  x9:0x800086fd  x1=0x0000006d PA:0x80008705
        1125000	       111	8000019c	011914a3	sh	x17,9(x18)	 x18:0x80008241 x17:0xf2748366 PA:0x8000824a
        1135000	       112	800001a0	fe5498a3	sh	x5,-15(x9)	  x9:0x800086fd  x5:0xfccf1567 PA:0x800086ee
        1145000	       113	800001a4	00494e83	lbu	x29,4(x18)	 x18:0x80008241 x29=0x0000004b PA:0x80008245
        1155000	       114	800001a8	b8b44303	lbu	x6,-1141(x8)	  x8:0x800087d8  x6=0x00000047 PA:0x80008363
        1165000	       115	800001ac	0053da03	lhu	x20,5(x7)	  x7:0x80008369 x20=0x00005deb PA:0x8000836e
        1175000	       116	800001b0	00590b03	lb	x22,5(x18)	 x18:0x80008241 x22=0x0000004a PA:0x80008246
        1185000	       117	800001b4	02050103	lb	x2,32(x10)	 x10:0x80008493  x2=0xffffff8b PA:0x800084b3
        1195000	       118	800001b8	a76407a3	sb	x22,-1425(x8)	  x8:0x800087d8 x22:0x0000004a PA:0x80008247
        1205000	       119	800001bc	fef3afa3	sw	x15,-1(x7)	  x7:0x80008369 x15:0x80000000 PA:0x80008368
        1215000	       120	800001c0	fe891ca3	sh	x8,-7(x18)	 x18:0x80008241  x8:0x800087d8 PA:0x8000823a
        1225000	       121	800001c4	ff894703	lbu	x14,-8(x18)	 x18:0x80008241 x14=0x00000079 PA:0x80008239
        1235000	       122	800001c8	01f51203	lh	x4,31(x10)	 x10:0x80008493  x4=0xffff8b5e PA:0x800084b2
        1245000	       123	800001cc	01d485a3	sb	x29,11(x9)	  x9:0x800086fd x29:0x0000004b PA:0x80008708
        1255000	       124	800001d0	ff64c683	lbu	x13,-10(x9)	  x9:0x800086fd x13=0x0000006b PA:0x800086f3
        1265000	       125	800001d4	ef442e83	lw	x29,-268(x8)	  x8:0x800087d8 x29=0xdd90852c PA:0x800086cc
        1275000	       126	800001d8	ff93d783	lhu	x15,-7(x7)	  x7:0x80008369 x15=0x000047e4 PA:0x80008362
        1285000	       127	800001dc	fe090aa3	sb	x0,-11(x18)	 x18:0x80008241  x0:0x00000000 PA:0x80008236
        1295000	       128	800001e0	00294003	lbu	x0,2(x18)	 x18:0x80008241 PA:0x80008243
        1305000	       129	800001e4	00008297	auipc	x5,0x8	  x5=0x800081e0
        1315000	       130	800001e8	47728293	addi	x5,x5,1143	  x5:0x800081e0  x5=0x80008657
        1325000	       131	800001ec	d6128c23	sb	x1,-648(x5)	  x5:0x80008657  x1:0x0000006d PA:0x800083cf
        1335000	       132	800001f0	e4141597	auipc	x11,0xe4141	 x11=0x641411ec
        1345000	       133	800001f4	d782c903	lbu	x18,-648(x5)	  x5:0x80008657 x18=0x0000006d PA:0x800083cf
        1355000	       134	800001f8	d6628c23	sb	x6,-648(x5)	  x5:0x80008657  x6:0x00000047 PA:0x800083cf
        1365000	       135	800001fc	d7828303	lb	x6,-648(x5)	  x5:0x80008657  x6=0x00000047 PA:0x800083cf
        1375000	       136	80000200	d7228c23	sb	x18,-648(x5)	  x5:0x80008657 x18:0x0000006d PA:0x800083cf
        1385000	       137	80000204	d782cb83	lbu	x23,-648(x5)	  x5:0x80008657 x23=0x0000006d PA:0x800083cf
        1395000	       138	80000208	d6328c23	sb	x3,-648(x5)	  x5:0x80008657  x3:0x00000000 PA:0x800083cf
        1405000	       139	8000020c	0077c533	xor	x10,x15,x7	 x15:0x000047e4  x7:0x80008369 x10=0x8000c48d
        1415000	       140	80000210	d7828703	lb	x14,-648(x5)	  x5:0x80008657 x14=0x00000000 PA:0x800083cf
        1425000	       141	80000214	d782c183	lbu	x3,-648(x5)	  x5:0x80008657  x3=0x00000000 PA:0x800083cf
        1435000	       142	80000218	006684b3	add	x9,x13,x6	 x13:0x0000006b  x6:0x00000047  x9=0x000000b2
        1445000	       143	8000021c	01937c33	and	x24,x6,x25	  x6:0x00000047 x25:0x00005fe0 x24=0x00000040
        1455000	       144	80000220	d7b28c23	sb	x27,-648(x5)	  x5:0x80008657 x27:0x0000005e PA:0x800083cf
        1465000	       145	80000224	00978fb3	add	x31,x15,x9	 x15:0x000047e4  x9:0x000000b2 x31=0x00004896
        1475000	       146	80000228	d7628c23	sb	x22,-648(x5)	  x5:0x80008657 x22:0x0000004a PA:0x800083cf
        1485000	       147	8000022c	d782c683	lbu	x13,-648(x5)	  x5:0x80008657 x13=0x0000004a PA:0x800083cf
        1495000	       148	80000230	00008c17	auipc	x24,0x8	 x24=0x8000822c
        1505000	       149	80000234	23ac0c13	addi	x24,x24,570	 x24:0x8000822c x24=0x80008466
        1515000	       150	80000238	00008917	auipc	x18,0x8	 x18=0x80008234
        1525000	       151	8000023c	40990913	addi	x18,x18,1033	 x18:0x80008234 x18=0x8000863d
        1535000	       152	80000240	00008317	auipc	x6,0x8	  x6=0x8000823c
        1545000	       153	80000244	efe30313	addi	x6,x6,-258	  x6:0x8000823c  x6=0x8000813a
        1555000	       154	80000248	0c590c83	lb	x25,197(x18)	 x18:0x8000863d x25=0x00000004 PA:0x80008702
        1565000	       155	8000024c	00d91483	lh	x9,13(x18)	 x18:0x8000863d  x9=0xfffff437 PA:0x8000864a
        1575000	       156	80000250	00008197	auipc	x3,0x8	  x3=0x8000824c
        1585000	       157	80000254	eba18193	addi	x3,x3,-326	  x3:0x8000824c  x3=0x80008106
        1595000	       158	80000258	01d30483	lb	x9,29(x6)	  x6:0x8000813a  x9=0xffffffa5 PA:0x80008157
        1605000	       159	8000025c	00e18603	lb	x12,14(x3)	  x3:0x80008106 x12=0xffffffa4 PA:0x80008114
        1615000	       160	80000260	fe7c05a3	sb	x7,-21(x24)	 x24:0x80008466  x7:0x80008369 PA:0x80008451
        1625000	       161	80000264	ffa94383	lbu	x7,-6(x18)	 x18:0x8000863d  x7=0x00000013 PA:0x80008637
        1635000	       162	80000268	02cc4f83	lbu	x31,44(x24)	 x24:0x80008466 x31=0x00000005 PA:0x80008492
        1645000	       163	8000026c	fd490623	sb	x20,-52(x18)	 x18:0x8000863d x20:0x00005deb PA:0x80008609
        1655000	       164	80000270	022c1223	sh	x2,36(x24)	 x24:0x80008466  x2:0xffffff8b PA:0x8000848a
        1665000	       165	80000274	00090623	sb	x0,12(x18)	 x18:0x8000863d  x0:0x00000000 PA:0x80008649
        1675000	       166	80000278	fc518ea3	sb	x5,-35(x3)	  x3:0x80008106  x5:0x80008657 PA:0x800080e3
        1685000	       167	8000027c	f2e94e03	lbu	x28,-210(x18)	 x18:0x8000863d x28=0x000000ab PA:0x8000856b
        1695000	       168	80000280	00430003	lb	x0,4(x6)	  x6:0x8000813a PA:0x8000813e
        1705000	       169	80000284	ff518a23	sb	x21,-12(x3)	  x3:0x80008106 x21:0x80000000 PA:0x800080fa
        1715000	       170	80000288	00a31823	sh	x10,16(x6)	  x6:0x8000813a x10:0x8000c48d PA:0x8000814a
        1725000	       171	8000028c	fe4182a3	sb	x4,-27(x3)	  x3:0x80008106  x4:0xffff8b5e PA:0x800080eb
        1735000	       172	80000290	00730083	lb	x1,7(x6)	  x6:0x8000813a  x1=0xffffffdc PA:0x80008141
        1745000	       173	80000294	0ab90403	lb	x8,171(x18)	 x18:0x8000863d  x8=0x0000001e PA:0x800086e8
        1755000	       174	80000298	03fc0783	lb	x15,63(x24)	 x24:0x80008466 x15=0x00000059 PA:0x800084a5
        1765000	       175	8000029c	ffb34603	lbu	x12,-5(x6)	  x6:0x8000813a x12=0x0000005e PA:0x80008135
        1775000	       176	800002a0	fda92fa3	sw	x26,-33(x18)	 x18:0x8000863d x26:0x00000000 PA:0x8000861c
        1785000	       177	800002a4	00f30f83	lb	x31,15(x6)	  x6:0x8000813a x31=0x00000051 PA:0x80008149
        1795000	       178	800002a8	f17904a3	sb	x23,-247(x18)	 x18:0x8000863d x23:0x0000006d PA:0x80008546
        1805000	       179	800002ac	003c4883	lbu	x17,3(x24)	 x24:0x80008466 x17=0x000000e6 PA:0x80008469
        1815000	       180	800002b0	03cc4383	lbu	x7,60(x24)	 x24:0x80008466  x7=0x000000ea PA:0x800084a2
        1825000	       181	800002b4	f6191e83	lh	x29,-159(x18)	 x18:0x8000863d x29=0xffff80ad PA:0x8000859e
        1835000	       182	800002b8	00131b23	sh	x1,22(x6)	  x6:0x8000813a  x1:0xffffffdc PA:0x80008150
        1845000	       183	800002bc	01518aa3	sb	x21,21(x3)	  x3:0x80008106 x21:0x80000000 PA:0x8000811b
        1855000	       184	800002c0	02431203	lh	x4,36(x6)	  x6:0x8000813a  x4=0xfffff499 PA:0x8000815e
        1865000	       185	800002c4	010c0e23	sb	x16,28(x24)	 x24:0x80008466 x16:0x80009fc4 PA:0x80008482
        1875000	       186	800002c8	00a34b83	lbu	x23,10(x6)	  x6:0x8000813a x23=0x0000009b PA:0x80008144
        1885000	       187	800002cc	ff91c003	lbu	x0,-7(x3)	  x3:0x80008106 PA:0x800080ff
        1895000	       188	800002d0	fc21c403	lbu	x8,-62(x3)	  x3:0x80008106  x8=0x0000004f PA:0x800080c8
        1905000	       189	800002d4	00009d97	auipc	x27,0x9	 x27=0x800092d0
        1915000	       190	800002d8	bdfd8d93	addi	x27,x27,-1057	 x27:0x800092d0 x27=0x80008eaf
        1925000	       191	800002dc	caab7313	andi	x6,x22,-854	 x22:0x0000004a  x6=0x0000000a
        1935000	       192	800002e0	82b2f513	andi	x10,x5,-2005	  x5:0x80008657 x10=0x80008003
        1945000	       193	800002e4	0cfd8923	sb	x15,210(x27)	 x27:0x80008eaf x15:0x00000059 PA:0x80008f81
        1955000	       194	800002e8	f81d98a3	sh	x1,-111(x27)	 x27:0x80008eaf  x1:0xffffffdc PA:0x80008e40
        1965000	       195	800002ec	010dabb3	slt	x23,x27,x16	 x27:0x80008eaf x16:0x80009fc4 x23=0x00000001
        1975000	       196	800002f0	013d8e03	lb	x28,19(x27)	 x27:0x80008eaf x28=0x00000045 PA:0x80008ec2
        1985000	       197	800002f4	3ed87f93	andi	x31,x16,1005	 x16:0x80009fc4 x31=0x000003c4
        1995000	       198	800002f8	001f1cb3	sll	x25,x30,x1	 x30:0xf44a2f00  x1:0xffffffdc x25=0x00000000
        2005000	       199	800002fc	00194d33	xor	x26,x18,x1	 x18:0x8000863d  x1:0xffffffdc x26=0x7fff79e1
        2015000	       200	80000300	fffd8683	lb	x13,-1(x27)	 x27:0x80008eaf x13=0xffffff9c PA:0x80008eae
        2025000	       201	80000304	f20d8e03	lb	x28,-224(x27)	 x27:0x80008eaf x28=0xffffffa5 PA:0x80008dcf
        2035000	       202	80000308	ffbd8d03	lb	x26,-5(x27)	 x27:0x80008eaf x26=0x0000002f PA:0x80008eaa
        2045000	       203	8000030c	ece97a13	andi	x20,x18,-306	 x18:0x8000863d x20=0x8000860c
        2055000	       204	80000310	40280a33	sub	x20,x16,x2	 x16:0x80009fc4  x2:0xffffff8b x20=0x8000a039
        2065000	       205	80000314	012d8683	lb	x13,18(x27)	 x27:0x80008eaf x13=0x00000075 PA:0x80008ec1
        2075000	       206	80000318	403cd533	sra	x10,x25,x3	 x25:0x00000000  x3:0x80008106 x10=0x00000000
        2085000	       207	8000031c	402f8a33	sub	x20,x31,x2	 x31:0x000003c4  x2:0xffffff8b x20=0x00000439
        2095000	       208	80000320	f4c7f613	andi	x12,x15,-180	 x15:0x00000059 x12=0x00000048
        2105000	       209	80000324	01debd33	sltu	x26,x29,x29	 x29:0xffff80ad x29:0xffff80ad x26=0x00000000
        2115000	       210	80000328	011d8c23	sb	x17,24(x27)	 x27:0x80008eaf x17:0x000000e6 PA:0x80008ec7
        2125000	       211	8000032c	e0947597	auipc	x11,0xe0947	 x11=0x60947328
        2135000	       212	80000330	01cd85a3	sb	x28,11(x27)	 x27:0x80008eaf x28:0xffffffa5 PA:0x80008eba
        2145000	       213	80000334	a665ce37	lui	x28,0xa665c	 x28=0xa665c000
        2155000	       214	80000338	07ed0f93	addi	x31,x26,126	 x26:0x00000000 x31=0x0000007e
        2165000	       215	8000033c	4f386e13	ori	x28,x16,1267	 x16:0x80009fc4 x28=0x80009ff7
        2175000	       216	80000340	c72ad797	auipc	x15,0xc72ad	 x15=0x472ad33c
        2185000	       217	80000344	00b20ab3	add	x21,x4,x11	  x4:0xfffff499 x11:0x60947328 x21=0x609467c1
        2195000	       218	80000348	0c6eb013	sltiu	x0,x29,198	 x29:0xffff80ad
        2205000	       219	8000034c	9442a593	slti	x11,x5,-1724	  x5:0x80008657 x11=0x00000001
        2215000	       220	80000350	87daf693	andi	x13,x21,-1923	 x21:0x609467c1 x13=0x60946041
        2225000	       221	80000354	f28dcb03	lbu	x22,-216(x27)	 x27:0x80008eaf x22=0x000000e8 PA:0x80008dd7
        2235000	       222	80000358	617a0a13	addi	x20,x20,1559	 x20:0x00000439 x20=0x00000a50
        2245000	       223	8000035c	f61dd903	lhu	x18,-159(x27)	 x27:0x80008eaf x18=0x0000244a PA:0x80008e10
        2255000	       224	80000360	00af64b3	or	x9,x30,x10	 x30:0xf44a2f00 x10:0x00000000  x9=0xf44a2f00
        2265000	       225	80000364	01c93cb3	sltu	x25,x18,x28	 x18:0x0000244a x28:0x80009ff7 x25=0x00000001
        2275000	       226	80000368	009d9c83	lh	x25,9(x27)	 x27:0x80008eaf x25=0xffffbcf3 PA:0x80008eb8
        2285000	       227	8000036c	9db04e93	xori	x29,x0,-1573	  x0:0x00000000 x29=0xfffff9db
        2295000	       228	80000370	f2764113	xori	x2,x12,-217	 x12:0x00000048  x2=0xffffff6f
        2305000	       229	80000374	013b0233	add	x4,x22,x19	 x22:0x000000e8 x19:0x80009f84  x4=0x8000a06c
        2315000	       230	80000378	f28dc103	lbu	x2,-216(x27)	 x27:0x80008eaf  x2=0x000000e8 PA:0x80008dd7
        2325000	       231	8000037c	fdcdcc03	lbu	x24,-36(x27)	 x27:0x80008eaf x24=0x00000044 PA:0x80008e8b
        2335000	       232	80000380	00008317	auipc	x6,0x8	  x6=0x8000837c
        2345000	       233	80000384	d8e30313	addi	x6,x6,-626	  x6:0x8000837c  x6=0x8000810a
        2355000	       234	80000388	228a3713	sltiu	x14,x20,552	 x20:0x00000a50 x14=0x00000000
        2365000	       235	8000038c	011308a3	sb	x17,17(x6)	  x6:0x8000810a x17:0x000000e6 PA:0x8000811b
        2375000	       236	80000390	fee31583	lh	x11,-18(x6)	  x6:0x8000810a x11=0x00006034 PA:0x800080f8
        2385000	       237	80000394	03130903	lb	x18,49(x6)	  x6:0x8000810a x18=0xffffffb2 PA:0x8000813b
        2395000	       238	80000398	fe435903	lhu	x18,-28(x6)	  x6:0x8000810a x18=0x0000991e PA:0x800080ee
        2405000	       239	8000039c	a33c2c93	slti	x25,x24,-1485	 x24:0x00000044 x25=0x00000000
        2415000	       240	800003a0	ff435683	lhu	x13,-12(x6)	  x6:0x8000810a x13=0x000018e9 PA:0x800080fe
        2425000	       241	800003a4	ff134483	lbu	x9,-15(x6)	  x6:0x8000810a  x9=0x000000ab PA:0x800080fb
        2435000	       242	800003a8	02530503	lb	x10,37(x6)	  x6:0x8000810a x10=0x00000062 PA:0x8000812f
        2445000	       243	800003ac	ff430da3	sb	x20,-5(x6)	  x6:0x8000810a x20:0x00000a50 PA:0x80008105
        2455000	       244	800003b0	01b30783	lb	x15,27(x6)	  x6:0x8000810a x15=0x00000060 PA:0x80008125
        2465000	       245	800003b4	fda31c03	lh	x24,-38(x6)	  x6:0x8000810a x24=0x000013a7 PA:0x800080e4
        2475000	       246	800003b8	00534883	lbu	x17,5(x6)	  x6:0x8000810a x17=0x0000001f PA:0x8000810f
        2485000	       247	800003bc	03230203	lb	x4,50(x6)	  x6:0x8000810a  x4=0x00000016 PA:0x8000813c
        2495000	       248	800003c0	4365ec93	ori	x25,x11,1078	 x11:0x00006034 x25=0x00006436
        2505000	       249	800003c4	ff430583	lb	x11,-12(x6)	  x6:0x8000810a x11=0xffffffe9 PA:0x800080fe
        2515000	       250	800003c8	01530403	lb	x8,21(x6)	  x6:0x8000810a  x8=0x00000037 PA:0x8000811f
        2525000	       251	00000000	00000013	addi	x0,x0,0	  x0:0x00000000
        2535000	       252	800003cc	41445013	srai	x0,x8,0x14	  x8:0x00000037
        2545000	       253	800003d0	fd530e23	sb	x21,-36(x6)	  x6:0x8000810a x21:0x609467c1 PA:0x800080e6
        2555000	       254	800003d4	fea35103	lhu	x2,-22(x6)	  x6:0x8000810a  x2=0x0000bf23 PA:0x800080f4
        2565000	       255	800003d8	33e04713	xori	x14,x0,830	  x0:0x00000000 x14=0x0000033e
        2575000	       256	800003dc	ff632403	lw	x8,-10(x6)	  x6:0x8000810a  x8=0xf34ecade PA:0x80008100
        2585000	       257	800003e0	fc330d83	lb	x27,-61(x6)	  x6:0x8000810a x27=0x0000002e PA:0x800080cd
        2595000	       258	00000000	00000013	addi	x0,x0,0	  x0:0x00000000
        2605000	       259	800003e4	03b30203	lb	x4,59(x6)	  x6:0x8000810a  x4=0x0000000f PA:0x80008145
        2615000	       260	800003e8	009a9493	slli	x9,x21,0x9	 x21:0x609467c1  x9=0x28cf8200
        2625000	       261	800003ec	fd035703	lhu	x14,-48(x6)	  x6:0x8000810a x14=0x0000cb99 PA:0x800080da
        2635000	       262	800003f0	301df693	andi	x13,x27,769	 x27:0x0000002e x13=0x00000000
        2645000	       263	800003f4	b804f597	auipc	x11,0xb804f	 x11=0x3804f3f0
        2655000	       264	800003f8	01231c23	sh	x18,24(x6)	  x6:0x8000810a x18:0x0000991e PA:0x80008122
        2665000	       265	800003fc	00b30723	sb	x11,14(x6)	  x6:0x8000810a x11:0x3804f3f0 PA:0x80008118
        2675000	       266	80000400	03b30ea3	sb	x27,61(x6)	  x6:0x8000810a x27:0x0000002e PA:0x80008147
        2685000	       267	80000404	fdd30c83	lb	x25,-35(x6)	  x6:0x8000810a x25=0xffffff9b PA:0x800080e7
        2695000	       268	80000408	40e56c13	ori	x24,x10,1038	 x10:0x00000062 x24=0x0000046e
        2705000	       269	8000040c	1cfa8393	addi	x7,x21,463	 x21:0x609467c1  x7=0x60946990
        2715000	       270	80000410	0025c1b3	xor	x3,x11,x2	 x11:0x3804f3f0  x2:0x0000bf23  x3=0x38044cd3
        2725000	       271	80000414	01634b03	lbu	x22,22(x6)	  x6:0x8000810a x22=0x000000b6 PA:0x80008120
        2735000	       272	80000418	02c34003	lbu	x0,44(x6)	  x6:0x8000810a PA:0x80008136
        2745000	       273	8000041c	00231a83	lh	x21,2(x6)	  x6:0x8000810a x21=0x00000fca PA:0x8000810c
        2755000	       274	80000420	00730003	lb	x0,7(x6)	  x6:0x8000810a PA:0x80008111
        2765000	       275	80000424	00008117	auipc	x2,0x8	  x2=0x80008420
        2775000	       276	80000428	fb810113	addi	x2,x2,-72	  x2:0x80008420  x2=0x800083d8
        2785000	       277	8000042c	00710023	sb	x7,0(x2)	  x2:0x800083d8  x7:0x60946990 PA:0x800083d8
        2795000	       278	80000430	00011183	lh	x3,0(x2)	  x2:0x800083d8  x3=0xffffde90 PA:0x800083d8
        2805000	       279	80000434	01a10023	sb	x26,0(x2)	  x2:0x800083d8 x26:0x00000000 PA:0x800083d8
        2815000	       280	80000438	00e10023	sb	x14,0(x2)	  x2:0x800083d8 x14:0x0000cb99 PA:0x800083d8
        2825000	       281	8000043c	01d11023	sh	x29,0(x2)	  x2:0x800083d8 x29:0xfffff9db PA:0x800083d8
        2835000	       282	80000440	00012003	lw	x0,0(x2)	  x2:0x800083d8 PA:0x800083d8
        2845000	       283	80000444	00010783	lb	x15,0(x2)	  x2:0x800083d8 x15=0xffffffdb PA:0x800083d8
        2855000	       284	80000448	01611023	sh	x22,0(x2)	  x2:0x800083d8 x22:0x000000b6 PA:0x800083d8
        2865000	       285	8000044c	00010383	lb	x7,0(x2)	  x2:0x800083d8  x7=0xffffffb6 PA:0x800083d8
        2875000	       286	80000450	01add033	srl	x0,x27,x26	 x27:0x0000002e x26:0x00000000
        2885000	       287	80000454	7c081597	auipc	x11,0x7c081	 x11=0xfc081450
        2895000	       288	80000458	00111023	sh	x1,0(x2)	  x2:0x800083d8  x1:0xffffffdc PA:0x800083d8
        2905000	       289	8000045c	00014303	lbu	x6,0(x2)	  x2:0x800083d8  x6=0x000000dc PA:0x800083d8
        2915000	       290	80000460	00011683	lh	x13,0(x2)	  x2:0x800083d8 x13=0xffffffdc PA:0x800083d8
        2925000	       291	80000464	00008597	auipc	x11,0x8	 x11=0x80008460
        2935000	       292	80000468	ee958593	addi	x11,x11,-279	 x11:0x80008460 x11=0x80008349
        2945000	       293	8000046c	f0959ea3	sh	x9,-227(x11)	 x11:0x80008349  x9:0x28cf8200 PA:0x80008266
        2955000	       294	80000470	02e58403	lb	x8,46(x11)	 x11:0x80008349  x8=0xffffffa4 PA:0x80008377
        2965000	       295	80000474	02d58c03	lb	x24,45(x11)	 x11:0x80008349 x24=0x00000019 PA:0x80008376
        2975000	       296	80000478	02d58483	lb	x9,45(x11)	 x11:0x80008349  x9=0x00000019 PA:0x80008376
        2985000	       297	8000047c	fe05cc83	lbu	x25,-32(x11)	 x11:0x80008349 x25=0x00000040 PA:0x80008329
        2995000	       298	80000480	fe05c203	lbu	x4,-32(x11)	 x11:0x80008349  x4=0x00000040 PA:0x80008329
        3005000	       299	80000484	e4d50893	addi	x17,x10,-435	 x10:0x00000062 x17=0xfffffeaf
        3015000	       300	80000488	0795d903	lhu	x18,121(x11)	 x11:0x80008349 x18=0x00008d6d PA:0x800083c2
        3025000	       301	8000048c	05058d83	lb	x27,80(x11)	 x11:0x80008349 x27=0xffffff81 PA:0x80008399
        3035000	       302	80000490	f2b5c903	lbu	x18,-213(x11)	 x11:0x80008349 x18=0x000000e2 PA:0x80008274
        3045000	       303	80000494	f285a5a3	sw	x8,-213(x11)	 x11:0x80008349  x8:0xffffffa4 PA:0x80008274
        3055000	       304	80000498	f2b5c903	lbu	x18,-213(x11)	 x11:0x80008349 x18=0x000000a4 PA:0x80008274
        3065000	       305	8000049c	04558da3	sb	x5,91(x11)	 x11:0x80008349  x5:0x80008657 PA:0x800083a4
        3075000	       306	800004a0	f385c603	lbu	x12,-200(x11)	 x11:0x80008349 x12=0x00000072 PA:0x80008281
        3085000	       307	800004a4	00008597	auipc	x11,0x8	 x11=0x800084a0
        3095000	       308	800004a8	dc458593	addi	x11,x11,-572	 x11:0x800084a0 x11=0x80008264
        3105000	       309	800004ac	00008397	auipc	x7,0x8	  x7=0x800084a8
        3115000	       310	800004b0	c5838393	addi	x7,x7,-936	  x7:0x800084a8  x7=0x80008100
        3125000	       311	800004b4	00008417	auipc	x8,0x8	  x8=0x800084b0
        3135000	       312	800004b8	bd440413	addi	x8,x8,-1068	  x8:0x800084b0  x8=0x80008084
        3145000	       313	800004bc	ff23ca03	lbu	x20,-14(x7)	  x7:0x80008100 x20=0x000000d5 PA:0x800080f2
        3155000	       314	800004c0	00008497	auipc	x9,0x8	  x9=0x800084bc
        3165000	       315	800004c4	17048493	addi	x9,x9,368	  x9:0x800084bc  x9=0x8000862c
        3175000	       316	800004c8	00008797	auipc	x15,0x8	 x15=0x800084c4
        3185000	       317	800004cc	07778793	addi	x15,x15,119	 x15:0x800084c4 x15=0x8000853b
        3195000	       318	800004d0	f7c5a283	lw	x5,-132(x11)	 x11:0x80008264  x5=0x2f32877b PA:0x800081e0
        3205000	       319	800004d4	fd27c283	lbu	x5,-46(x15)	 x15:0x8000853b  x5=0x000000fc PA:0x8000850d
        3215000	       320	800004d8	0095a423	sw	x9,8(x11)	 x11:0x80008264  x9:0x8000862c PA:0x8000826c
        3225000	       321	800004dc	0ff40503	lb	x10,255(x8)	  x8:0x80008084 x10=0x00000067 PA:0x80008183
        3235000	       322	800004e0	00e3d083	lhu	x1,14(x7)	  x7:0x80008100  x1=0x00001f68 PA:0x8000810e
        3245000	       323	800004e4	f497d003	lhu	x0,-183(x15)	 x15:0x8000853b PA:0x80008484
        3255000	       324	800004e8	00941c23	sh	x9,24(x8)	  x8:0x80008084  x9:0x8000862c PA:0x8000809c
        3265000	       325	800004ec	0f07cd03	lbu	x26,240(x15)	 x15:0x8000853b x26=0x0000004a PA:0x8000862b
        3275000	       326	800004f0	feb38e23	sb	x11,-4(x7)	  x7:0x80008100 x11:0x80008264 PA:0x800080fc
        3285000	       327	800004f4	0063d083	lhu	x1,6(x7)	  x7:0x80008100  x1=0x0000a4a7 PA:0x80008106
        3295000	       328	800004f8	05c42e23	sw	x28,92(x8)	  x8:0x80008084 x28:0x80009ff7 PA:0x800080e0
        3305000	       329	800004fc	d5648323	sb	x22,-698(x9)	  x9:0x8000862c x22:0x000000b6 PA:0x80008372
        3315000	       330	80000500	0e140183	lb	x3,225(x8)	  x8:0x80008084  x3=0xffffffe3 PA:0x80008165
        3325000	       331	80000504	09640a03	lb	x20,150(x8)	  x8:0x80008084 x20=0xfffffff7 PA:0x8000811a
        3335000	       332	80000508	07f58223	sb	x31,100(x11)	 x11:0x80008264 x31:0x0000007e PA:0x800082c8
        3345000	       333	8000050c	010795a3	sh	x16,11(x15)	 x15:0x8000853b x16:0x80009fc4 PA:0x80008546
        3355000	       334	80000510	04344883	lbu	x17,67(x8)	  x8:0x80008084 x17=0x000000af PA:0x800080c7
        3365000	       335	80000514	fea5d503	lhu	x10,-22(x11)	 x11:0x80008264 x10=0x0000bf28 PA:0x8000824e
        3375000	       336	80000518	09579f83	lh	x31,149(x15)	 x15:0x8000853b x31=0xfffff35c PA:0x800085d0
        3385000	       337	8000051c	0073cb83	lbu	x23,7(x7)	  x7:0x80008100 x23=0x000000a4 PA:0x80008107
        3395000	       338	80000520	01e381a3	sb	x30,3(x7)	  x7:0x80008100 x30:0xf44a2f00 PA:0x80008103
        3405000	       339	80000524	03a41e03	lh	x28,58(x8)	  x8:0x80008084 x28=0xffffdfa8 PA:0x800080be
        3415000	       340	80000528	f2f59023	sh	x15,-224(x11)	 x11:0x80008264 x15:0x8000853b PA:0x80008184
        3425000	       341	8000052c	011486a3	sb	x17,13(x9)	  x9:0x8000862c x17:0x000000af PA:0x80008639
        3435000	       342	80000530	0c059c83	lh	x25,192(x11)	 x11:0x80008264 x25=0x00001137 PA:0x80008324
        3445000	       343	80000534	0fd78a23	sb	x29,244(x15)	 x15:0x8000853b x29:0xfffff9db PA:0x8000862f
        3455000	       344	80000538	ffa7c183	lbu	x3,-6(x15)	 x15:0x8000853b  x3=0x000000a5 PA:0x80008535
        3465000	       345	8000053c	ed348ca3	sb	x19,-295(x9)	  x9:0x8000862c x19:0x80009f84 PA:0x80008505
        3475000	       346	80000540	fd041703	lh	x14,-48(x8)	  x8:0x80008084 x14=0x00000215 PA:0x80008054
        3485000	       347	80000544	00c3a423	sw	x12,8(x7)	  x7:0x80008100 x12:0x00000072 PA:0x80008108
        3495000	       348	80000548	0fc480a3	sb	x28,225(x9)	  x9:0x8000862c x28:0xffffdfa8 PA:0x8000870d
        3505000	       349	8000054c	0ff48223	sb	x31,228(x9)	  x9:0x8000862c x31:0xfffff35c PA:0x80008710
        3515000	       350	80000550	ff338fa3	sb	x19,-1(x7)	  x7:0x80008100 x19:0x80009f84 PA:0x800080ff
        3525000	       351	80000554	05078123	sb	x16,66(x15)	 x15:0x8000853b x16:0x80009fc4 PA:0x8000857d
        3535000	       352	80000558	f4f79f83	lh	x31,-177(x15)	 x15:0x8000853b x31=0xffffff8b PA:0x8000848a
        3545000	       353	8000055c	00008e17	auipc	x28,0x8	 x28=0x80008558
        3555000	       354	80000560	af5e0e13	addi	x28,x28,-1291	 x28:0x80008558 x28=0x8000804d
        3565000	       355	80000564	00008097	auipc	x1,0x8	  x1=0x80008560
        3575000	       356	80000568	28a08093	addi	x1,x1,650	  x1:0x80008560  x1=0x800087ea
        3585000	       357	8000056c	00ce4f83	lbu	x31,12(x28)	 x28:0x8000804d x31=0x000000c7 PA:0x80008059
        3595000	       358	80000570	009e4d83	lbu	x27,9(x28)	 x28:0x8000804d x27=0x00000041 PA:0x80008056
        3605000	       359	80000574	00008797	auipc	x15,0x8	 x15=0x80008570
        3615000	       360	80000578	0f678793	addi	x15,x15,246	 x15:0x80008570 x15=0x80008666
        3625000	       361	8000057c	eeb085a3	sb	x11,-277(x1)	  x1:0x800087ea x11:0x80008264 PA:0x800086d5
        3635000	       362	80000580	000e4f83	lbu	x31,0(x28)	 x28:0x8000804d x31=0x000000f3 PA:0x8000804d
        3645000	       363	80000584	fe108fa3	sb	x1,-1(x1)	  x1:0x800087ea  x1:0x800087ea PA:0x800087e9
        3655000	       364	80000588	f890c183	lbu	x3,-119(x1)	  x1:0x800087ea  x3=0x00000017 PA:0x80008773
        3665000	       365	8000058c	0067c483	lbu	x9,6(x15)	 x15:0x80008666  x9=0x00000048 PA:0x8000866c
        3675000	       366	80000590	d6408da3	sb	x4,-645(x1)	  x1:0x800087ea  x4:0x00000040 PA:0x80008565
        3685000	       367	80000594	00ce4583	lbu	x11,12(x28)	 x28:0x8000804d x11=0x000000c7 PA:0x80008059
        3695000	       368	80000598	006e0883	lb	x17,6(x28)	 x28:0x8000804d x17=0x00000037 PA:0x80008053
        3705000	       369	8000059c	afd08403	lb	x8,-1283(x1)	  x1:0x800087ea  x8=0x00000038 PA:0x800082e7
        3715000	       370	800005a0	ffb78283	lb	x5,-5(x15)	 x15:0x80008666  x5=0xffffffde PA:0x80008661
        3725000	       371	800005a4	e870ca83	lbu	x21,-377(x1)	  x1:0x800087ea x21=0x0000006f PA:0x80008671
        3735000	       372	800005a8	e240c403	lbu	x8,-476(x1)	  x1:0x800087ea  x8=0x0000003a PA:0x8000860e
        3745000	       373	800005ac	ff17ca03	lbu	x20,-15(x15)	 x15:0x80008666 x20=0x00000072 PA:0x80008657
        3755000	       374	800005b0	009e1303	lh	x6,9(x28)	 x28:0x8000804d  x6=0x00006141 PA:0x80008056
        3765000	       375	800005b4	00778d83	lb	x27,7(x15)	 x15:0x80008666 x27=0x00000008 PA:0x8000866d
        3775000	       376	800005b8	feae0f23	sb	x10,-2(x28)	 x28:0x8000804d x10:0x0000bf28 PA:0x8000804b
        3785000	       377	800005bc	ffa7ad23	sw	x26,-6(x15)	 x15:0x80008666 x26:0x0000004a PA:0x80008660
        3795000	       378	800005c0	00008117	auipc	x2,0x8	  x2=0x800085bc
        3805000	       379	800005c4	59910113	addi	x2,x2,1433	  x2:0x800085bc  x2=0x80008b55
        3815000	       380	800005c8	413950b3	sra	x1,x18,x19	 x18:0x000000a4 x19:0x80009f84  x1=0x0000000a
        3825000	       381	800005cc	41328633	sub	x12,x5,x19	  x5:0xffffffde x19:0x80009f84 x12=0x7fff605a
        3835000	       382	800005d0	00414283	lbu	x5,4(x2)	  x2:0x80008b55  x5=0x0000006c PA:0x80008b59
        3845000	       383	800005d4	00210523	sb	x2,10(x2)	  x2:0x80008b55  x2:0x80008b55 PA:0x80008b5f
        3855000	       384	800005d8	00114503	lbu	x10,1(x2)	  x2:0x80008b55 x10=0x000000ac PA:0x80008b56
        3865000	       385	800005dc	0185d193	srli	x3,x11,0x18	 x11:0x000000c7  x3=0x00000000
        3875000	       386	800005e0	ff312383	lw	x7,-13(x2)	  x2:0x80008b55  x7=0x1dd8e172 PA:0x80008b48
        3885000	       387	00000000	00000013	addi	x0,x0,0	  x0:0x00000000
        3895000	       388	800005e4	5fb3e213	ori	x4,x7,1531	  x7:0x1dd8e172  x4=0x1dd8e5fb
        3905000	       389	800005e8	005620b3	slt	x1,x12,x5	 x12:0x7fff605a  x5:0x0000006c  x1=0x00000000
        3915000	       390	800005ec	00c14e83	lbu	x29,12(x2)	  x2:0x80008b55 x29=0x0000007f PA:0x80008b61
        3925000	       391	800005f0	00223db3	sltu	x27,x4,x2	  x4:0x1dd8e5fb  x2:0x80008b55 x27=0x00000001
        3935000	       392	800005f4	00b15003	lhu	x0,11(x2)	  x2:0x80008b55 PA:0x80008b60
        3945000	       393	800005f8	ffc10683	lb	x13,-4(x2)	  x2:0x80008b55 x13=0xffffff9f PA:0x80008b51
        3955000	       394	800005fc	feb10e23	sb	x11,-4(x2)	  x2:0x80008b55 x11:0x000000c7 PA:0x80008b51
        3965000	       395	80000600	1f937693	andi	x13,x6,505	  x6:0x00006141 x13=0x00000141
        3975000	       396	80000604	00010183	lb	x3,0(x2)	  x2:0x80008b55  x3=0x0000002c PA:0x80008b55
        3985000	       397	80000608	3079ff93	andi	x31,x19,775	 x19:0x80009f84 x31=0x00000304
        3995000	       398	8000060c	ff210383	lb	x7,-14(x2)	  x2:0x80008b55  x7=0xffffffa9 PA:0x80008b47
        4005000	       399	80000610	dbd8ad13	slti	x26,x17,-579	 x17:0x00000037 x26=0x00000000
        4015000	       400	80000614	004111a3	sh	x4,3(x2)	  x2:0x80008b55  x4:0x1dd8e5fb PA:0x80008b58
        4025000	       401	80000618	c2667293	andi	x5,x12,-986	 x12:0x7fff605a  x5=0x7fff6002
        4035000	       402	8000061c	4100dc13	srai	x24,x1,0x10	  x1:0x00000000 x24=0x00000000
        4045000	       403	80000620	01710ab3	add	x21,x2,x23	  x2:0x80008b55 x23:0x000000a4 x21=0x80008bf9
        4055000	       404	80000624	01181d13	slli	x26,x16,0x11	 x16:0x80009fc4 x26=0x3f880000
        4065000	       405	80000628	41f1d013	srai	x0,x3,0x1f	  x3:0x0000002c
        4075000	       406	8000062c	96b402b7	lui	x5,0x96b40	  x5=0x96b40000
        4085000	       407	80000630	00624533	xor	x10,x4,x6	  x4:0x1dd8e5fb  x6:0x00006141 x10=0x1dd884ba
        4095000	       408	80000634	002d5eb3	srl	x29,x26,x2	 x26:0x3f880000  x2:0x80008b55 x29=0x000001fc
        4105000	       409	80000638	ff414b83	lbu	x23,-12(x2)	  x2:0x80008b55 x23=0x000000e1 PA:0x80008b49
        4115000	       410	8000063c	41dc0233	sub	x4,x24,x29	 x24:0x00000000 x29:0x000001fc  x4=0xfffffe04
        4125000	       411	80000640	0144c333	xor	x6,x9,x20	  x9:0x00000048 x20:0x00000072  x6=0x0000003a
        4135000	       412	80000644	005b85b3	add	x11,x23,x5	 x23:0x000000e1  x5:0x96b40000 x11=0x96b400e1
        4145000	       413	80000648	35dd0b97	auipc	x23,0x35dd0	 x23=0xb5dd0644
        4155000	       414	8000064c	1989e013	ori	x0,x19,408	 x19:0x80009f84
        4165000	       415	80000650	00731613	slli	x12,x6,0x7	  x6:0x0000003a x12=0x00001d00
        4175000	       416	80000654	ff911f83	lh	x31,-7(x2)	  x2:0x80008b55 x31=0xffffb5d6 PA:0x80008b4e
        4185000	       417	80000658	00411633	sll	x12,x2,x4	  x2:0x80008b55  x4:0xfffffe04 x12=0x0008b550
        4195000	       418	8000065c	00362e33	slt	x28,x12,x3	 x12:0x0008b550  x3:0x0000002c x28=0x00000000
        4205000	       419	80000660	ffe10083	lb	x1,-2(x2)	  x2:0x80008b55  x1=0x0000003c PA:0x80008b53
        4215000	       420	00000000	00000013	addi	x0,x0,0	  x0:0x00000000
        4225000	       421	80000664	00008717	auipc	x14,0x8	 x14=0x80008660
        4235000	       422	80000668	adc70713	addi	x14,x14,-1316	 x14:0x80008660 x14=0x8000813c
        4245000	       423	8000066c	cfe1e413	ori	x8,x3,-770	  x3:0x0000002c  x8=0xfffffcfe
        4255000	       424	80000670	68b74503	lbu	x10,1675(x14)	 x14:0x8000813c x10=0x0000006a PA:0x800087c7
        4265000	       425	80000674	00d2a633	slt	x12,x5,x13	  x5:0x96b40000 x13:0x00000141 x12=0x00000001
        4275000	       426	80000678	68b74303	lbu	x6,1675(x14)	 x14:0x8000813c  x6=0x0000006a PA:0x800087c7
        4285000	       427	8000067c	696705a3	sb	x22,1675(x14)	 x14:0x8000813c x22:0x000000b6 PA:0x800087c7
        4295000	       428	80000680	699705a3	sb	x25,1675(x14)	 x14:0x8000813c x25:0x00001137 PA:0x800087c7
        4305000	       429	80000684	68b70903	lb	x18,1675(x14)	 x14:0x8000813c x18=0x00000037 PA:0x800087c7
        4315000	       430	80000688	68e705a3	sb	x14,1675(x14)	 x14:0x8000813c x14:0x8000813c PA:0x800087c7
        4325000	       431	8000068c	68b70a03	lb	x20,1675(x14)	 x14:0x8000813c x20=0x0000003c PA:0x800087c7
        4335000	       432	80000690	00370e23	sb	x3,28(x14)	 x14:0x8000813c  x3:0x0000002c PA:0x80008158
        4345000	       433	80000694	01c70b03	lb	x22,28(x14)	 x14:0x8000813c x22=0x0000002c PA:0x80008158
        4355000	       434	00000000	00000013	addi	x0,x0,0	  x0:0x00000000
        4365000	       435	80000698	016da433	slt	x8,x27,x22	 x27:0x00000001 x22:0x0000002c  x8=0x00000001
        4375000	       436	8000069c	01c74b03	lbu	x22,28(x14)	 x14:0x8000813c x22=0x0000002c PA:0x80008158
        4385000	       437	800006a0	07075b83	lhu	x23,112(x14)	 x14:0x8000813c x23=0x0000b2e7 PA:0x800081ac
        4395000	       438	800006a4	412fd193	srai	x3,x31,0x12	 x31:0xffffb5d6  x3=0xffffffff
        4405000	       439	800006a8	07070583	lb	x11,112(x14)	 x14:0x8000813c x11=0xffffffe7 PA:0x800081ac
        4415000	       440	800006ac	07072c83	lw	x25,112(x14)	 x14:0x8000813c x25=0xb91db2e7 PA:0x800081ac
        4425000	       441	800006b0	013d9313	slli	x6,x27,0x13	 x27:0x00000001  x6=0x00080000
        4435000	       442	800006b4	06f70823	sb	x15,112(x14)	 x14:0x8000813c x15:0x80008666 PA:0x800081ac
        4445000	       443	800006b8	07070d83	lb	x27,112(x14)	 x14:0x8000813c x27=0x00000066 PA:0x800081ac
        4455000	       444	800006bc	ffc70ba3	sb	x28,-9(x14)	 x14:0x8000813c x28:0x00000000 PA:0x80008133
        4465000	       445	800006c0	00008c97	auipc	x25,0x8	 x25=0x800086bc
        4475000	       446	800006c4	caec8c93	addi	x25,x25,-850	 x25:0x800086bc x25=0x8000836a
        4485000	       447	800006c8	e011c693	xori	x13,x3,-511	  x3:0xffffffff x13=0x000001fe
        4495000	       448	800006cc	01ed0a33	add	x20,x26,x30	 x26:0x3f880000 x30:0xf44a2f00 x20=0x33d22f00
        4505000	       449	800006d0	ff5c8a83	lb	x21,-11(x25)	 x25:0x8000836a x21=0xffffffb1 PA:0x8000835f
        4515000	       450	800006d4	00fc8523	sb	x15,10(x25)	 x25:0x8000836a x15:0x80008666 PA:0x80008374
        4525000	       451	800006d8	aa137e93	andi	x29,x6,-1375	  x6:0x00080000 x29=0x00080000
        4535000	       452	800006dc	009cc583	lbu	x11,9(x25)	 x25:0x8000836a x11=0x0000006e PA:0x80008373
        4545000	       453	800006e0	005cc383	lbu	x7,5(x25)	 x25:0x8000836a  x7=0x0000005d PA:0x8000836f
        4555000	       454	800006e4	000c84a3	sb	x0,9(x25)	 x25:0x8000836a  x0:0x00000000 PA:0x80008373
        4565000	       455	800006e8	40e6d3b3	sra	x7,x13,x14	 x13:0x000001fe x14:0x8000813c  x7=0x00000000
        4575000	       456	800006ec	01ee9f93	slli	x31,x29,0x1e	 x29:0x00080000 x31=0x00000000
        4585000	       457	800006f0	998b8293	addi	x5,x23,-1640	 x23:0x0000b2e7  x5=0x0000ac7f
        4595000	       458	800006f4	0185be33	sltu	x28,x11,x24	 x11:0x0000006e x24:0x00000000 x28=0x00000000
        4605000	       459	800006f8	01777533	and	x10,x14,x23	 x14:0x8000813c x23:0x0000b2e7 x10=0x00008024
        4615000	       460	800006fc	00bcc603	lbu	x12,11(x25)	 x25:0x8000836a x12=0x000000c9 PA:0x80008375
        4625000	       461	80000700	ffacdf83	lhu	x31,-6(x25)	 x25:0x8000836a x31=0x0000150f PA:0x80008364
        4635000	       462	80000704	11c14c13	xori	x24,x2,284	  x2:0x80008b55 x24=0x80008a49
        4645000	       463	80000708	ff7c8ba3	sb	x23,-9(x25)	 x25:0x8000836a x23:0x0000b2e7 PA:0x80008361
        4655000	       464	8000070c	0044fe33	and	x28,x9,x4	  x9:0x00000048  x4:0xfffffe04 x28=0x00000000
        4665000	       465	80000710	001c8783	lb	x15,1(x25)	 x25:0x8000836a x15=0xffffff80 PA:0x8000836b
        4675000	       466	80000714	3494c913	xori	x18,x9,841	  x9:0x00000048 x18=0x00000301
        4685000	       467	80000718	01d31e93	slli	x29,x6,0x1d	  x6:0x00080000 x29=0x00000000
        4695000	       468	8000071c	24314713	xori	x14,x2,579	  x2:0x80008b55 x14=0x80008916
        4705000	       469	80000720	009c9023	sh	x9,0(x25)	 x25:0x8000836a  x9:0x00000048 PA:0x8000836a
        4715000	       470	80000724	ffdcc903	lbu	x18,-3(x25)	 x25:0x8000836a x18=0x0000005d PA:0x80008367
        4725000	       471	80000728	007cc683	lbu	x13,7(x25)	 x25:0x8000836a x13=0x00000041 PA:0x80008371
        4735000	       472	8000072c	c8074293	xori	x5,x14,-896	 x14:0x80008916  x5=0x7fff7596
        4745000	       473	80000730	6b4ab393	sltiu	x7,x21,1716	 x21:0xffffffb1  x7=0x00000000
        4755000	       474	80000734	ff6cc403	lbu	x8,-10(x25)	 x25:0x8000836a  x8=0x0000002f PA:0x80008360
        4765000	       475	80000738	004c9203	lh	x4,4(x25)	 x25:0x8000836a  x4=0x00005deb PA:0x8000836e
        4775000	       476	00000000	00000013	addi	x0,x0,0	  x0:0x00000000
        4785000	       477	8000073c	0049d093	srli	x1,x19,0x4	 x19:0x80009f84  x1=0x080009f8
        4795000	       478	80000740	ffcc9d83	lh	x27,-4(x25)	 x25:0x8000836a x27=0x00005d4c PA:0x80008366
        4805000	       479	80000744	00ec9283	lh	x5,14(x25)	 x25:0x8000836a  x5=0xffff8d82 PA:0x80008378
        4815000	       480	80000748	006cc483	lbu	x9,6(x25)	 x25:0x8000836a  x9=0x000000c4 PA:0x80008370
        4825000	       481	00000000	00000013	addi	x0,x0,0	  x0:0x00000000
        4835000	       482	8000074c	86919ab7	lui	x21,0x86919	 x21=0x86919000
        4845000	       483	80000750	fe9c88a3	sb	x9,-15(x25)	 x25:0x8000836a  x9:0x000000c4 PA:0x8000835b
        4855000	       484	80000754	ffac8823	sb	x26,-16(x25)	 x25:0x8000836a x26:0x3f880000 PA:0x8000835a
        4865000	       485	80000758	ff2cc083	lbu	x1,-14(x25)	 x25:0x8000836a  x1=0x00000084 PA:0x8000835c
        4875000	       486	8000075c	01913033	sltu	x0,x2,x25	  x2:0x80008b55 x25:0x8000836a
        4885000	       487	80000760	010cc503	lbu	x10,16(x25)	 x25:0x8000836a x10=0x000000da PA:0x8000837a
        4895000	       488	80000764	019af533	and	x10,x21,x25	 x21:0x86919000 x25:0x8000836a x10=0x80008000
        4905000	       489	80000768	4156d933	sra	x18,x13,x21	 x13:0x00000041 x21:0x86919000 x18=0x00000041
        4915000	       490	8000076c	7e417b97	auipc	x23,0x7e417	 x23=0xfe417768
        4925000	       491	80000770	00000013	addi	x0,x0,0	  x0:0x00000000
        4935000	       492	80000774	4449ec13	ori	x24,x19,1092	 x19:0x80009f84 x24=0x80009fc4
        4945000	       493	80000778	01d11e13	slli	x28,x2,0x1d	  x2:0x80008b55 x28=0xa0000000
        4955000	       494	8000077c	c8d88593	addi	x11,x17,-883	 x17:0x00000037 x11=0xfffffcc4
        4965000	       495	80000780	0195e3b3	or	x7,x11,x25	 x11:0xfffffcc4 x25:0x8000836a  x7=0xffffffee
        4975000	       496	80000784	003cc283	lbu	x5,3(x25)	 x25:0x8000836a  x5=0x000000a1 PA:0x8000836d
        4985000	       497	80000788	ffac9c23	sh	x26,-8(x25)	 x25:0x8000836a x26:0x3f880000 PA:0x80008362
        4995000	       498	8000078c	03991317	auipc	x6,0x3991	  x6=0x83991788
        5005000	       499	80000790	00000013	addi	x0,x0,0	  x0:0x00000000
        5015000	       500	80000794	001cc503	lbu	x10,1(x25)	 x25:0x8000836a x10=0x00000000 PA:0x8000836b
        5025000	       501	80000798	006c81a3	sb	x6,3(x25)	 x25:0x8000836a  x6:0x83991788 PA:0x8000836d
        5035000	       502	8000079c	00008417	auipc	x8,0x8	  x8=0x80008798
        5045000	       503	800007a0	97a40413	addi	x8,x8,-1670	  x8:0x80008798  x8=0x80008112
        5055000	       504	800007a4	01c41703	lh	x14,28(x8)	  x8:0x80008112 x14=0x00006216 PA:0x8000812e
        5065000	       505	800007a8	01c40183	lb	x3,28(x8)	  x8:0x80008112  x3=0x00000016 PA:0x8000812e
        5075000	       506	800007ac	01c45383	lhu	x7,28(x8)	  x8:0x80008112  x7=0x00006216 PA:0x8000812e
        5085000	       507	800007b0	01c41283	lh	x5,28(x8)	  x8:0x80008112  x5=0x00006216 PA:0x8000812e
        5095000	       508	800007b4	01c41483	lh	x9,28(x8)	  x8:0x80008112  x9=0x00006216 PA:0x8000812e
        5105000	       509	800007b8	01c41683	lh	x13,28(x8)	  x8:0x80008112 x13=0x00006216 PA:0x8000812e
        5115000	       510	800007bc	01c40583	lb	x11,28(x8)	  x8:0x80008112 x11=0x00000016 PA:0x8000812e
        5125000	       511	800007c0	01c44203	lbu	x4,28(x8)	  x8:0x80008112  x4=0x00000016 PA:0x8000812e
        5135000	       512	800007c4	01c45f83	lhu	x31,28(x8)	  x8:0x80008112 x31=0x00006216 PA:0x8000812e
        5145000	       513	800007c8	01c41603	lh	x12,28(x8)	  x8:0x80008112 x12=0x00006216 PA:0x8000812e
        5155000	       514	800007cc	01c41f83	lh	x31,28(x8)	  x8:0x80008112 x31=0x00006216 PA:0x8000812e
        5165000	       515	800007d0	01cb2ab3	slt	x21,x22,x28	 x22:0x0000002c x28:0xa0000000 x21=0x00000000
        5175000	       516	800007d4	01c44d83	lbu	x27,28(x8)	  x8:0x80008112 x27=0x00000016 PA:0x8000812e
        5185000	       517	800007d8	01c44883	lbu	x17,28(x8)	  x8:0x80008112 x17=0x00000016 PA:0x8000812e
        5195000	       518	800007dc	00540e23	sb	x5,28(x8)	  x8:0x80008112  x5:0x00006216 PA:0x8000812e
        5205000	       519	800007e0	01c40603	lb	x12,28(x8)	  x8:0x80008112 x12=0x00000016 PA:0x8000812e
        5215000	       520	800007e4	00008417	auipc	x8,0x8	  x8=0x800087e0
        5225000	       521	800007e8	22140413	addi	x8,x8,545	  x8:0x800087e0  x8=0x80008a01
        5235000	       522	800007ec	00008b97	auipc	x23,0x8	 x23=0x800087e8
        5245000	       523	800007f0	4aab8b93	addi	x23,x23,1194	 x23:0x800087e8 x23=0x80008c92
        5255000	       524	800007f4	22dbcf83	lbu	x31,557(x23)	 x23:0x80008c92 x31=0x00000068 PA:0x80008ebf
        5265000	       525	800007f8	4ab40023	sb	x11,1184(x8)	  x8:0x80008a01 x11:0x00000016 PA:0x80008ea1
        5275000	       526	800007fc	f9b40ba3	sb	x27,-105(x8)	  x8:0x80008a01 x27:0x00000016 PA:0x80008998
        5285000	       527	80000800	d08b8ca3	sb	x8,-743(x23)	 x23:0x80008c92  x8:0x80008a01 PA:0x800089ab
        5295000	       528	80000804	d2dbc003	lbu	x0,-723(x23)	 x23:0x80008c92 PA:0x800089bf
        5305000	       529	80000808	4b240d83	lb	x27,1202(x8)	  x8:0x80008a01 x27=0xffffff99 PA:0x80008eb3
        5315000	       530	8000080c	005b87a3	sb	x5,15(x23)	 x23:0x80008c92  x5:0x00006216 PA:0x80008ca1
        5325000	       531	80000810	35e44583	lbu	x11,862(x8)	  x8:0x80008a01 x11=0x000000cf PA:0x80008d5f
        5335000	       532	80000814	e5244d83	lbu	x27,-430(x8)	  x8:0x80008a01 x27=0x00000046 PA:0x80008853
        5345000	       533	80000818	f81b8883	lb	x17,-127(x23)	 x23:0x80008c92 x17=0xffffffb8 PA:0x80008c13
        5355000	       534	8000081c	c7cb9603	lh	x12,-900(x23)	 x23:0x80008c92 x12=0x00003e2e PA:0x8000890e
        5365000	       535	80000820	2c440723	sb	x4,718(x8)	  x8:0x80008a01  x4:0x00000016 PA:0x80008ccf
        5375000	       536	80000824	ee1b8003	lb	x0,-287(x23)	 x23:0x80008c92 PA:0x80008b73
        5385000	       537	80000828	2f640483	lb	x9,758(x8)	  x8:0x80008a01  x9=0x0000005a PA:0x80008cf7
        5395000	       538	8000082c	1d741883	lh	x17,471(x8)	  x8:0x80008a01 x17=0xffffbf05 PA:0x80008bd8
        5405000	       539	80000830	e46b8003	lb	x0,-442(x23)	 x23:0x80008c92 PA:0x80008ad8
        5415000	       540	80000834	27a44d03	lbu	x26,634(x8)	  x8:0x80008a01 x26=0x0000000b PA:0x80008c7b
        5425000	       541	80000838	f23b8483	lb	x9,-221(x23)	 x23:0x80008c92  x9=0x00000079 PA:0x80008bb5
        5435000	       542	8000083c	f67bc903	lbu	x18,-153(x23)	 x23:0x80008c92 x18=0x0000008a PA:0x80008bf9
        5445000	       543	80000840	00008717	auipc	x14,0x8	 x14=0x8000883c
        5455000	       544	80000844	9c070713	addi	x14,x14,-1600	 x14:0x8000883c x14=0x800081fc
        5465000	       545	80000848	00baf3b3	and	x7,x21,x11	 x21:0x00000000 x11:0x000000cf  x7=0x00000000
        5475000	       546	8000084c	41dfda13	srai	x20,x31,0x1d	 x31:0x00000068 x20=0x00000000
        5485000	       547	80000850	fc072e83	lw	x29,-64(x14)	 x14:0x800081fc x29=0x445841e4 PA:0x800081bc
        5495000	       548	80000854	00000013	addi	x0,x0,0	  x0:0x00000000
        5505000	       549	80000858	ff070523	sb	x16,-22(x14)	 x14:0x800081fc x16:0x80009fc4 PA:0x800081e6
        5515000	       550	8000085c	a1107297	auipc	x5,0xa1107	  x5=0x21107858
        5525000	       551	80000860	ffa75b83	lhu	x23,-6(x14)	 x14:0x800081fc x23=0x00005ddf PA:0x800081f6
        5535000	       552	80000864	4105d133	sra	x2,x11,x16	 x11:0x000000cf x16:0x80009fc4  x2=0x0000000c
        5545000	       553	80000868	fd970303	lb	x6,-39(x14)	 x14:0x800081fc  x6=0x0000004b PA:0x800081d5
        5555000	       554	8000086c	b03c0893	addi	x17,x24,-1277	 x24:0x80009fc4 x17=0x80009ac7
        5565000	       555	80000870	00000013	addi	x0,x0,0	  x0:0x00000000
        5575000	       556	80000874	fda74c03	lbu	x24,-38(x14)	 x14:0x800081fc x24=0x00000063 PA:0x800081d6
        5585000	       557	80000878	01770ca3	sb	x23,25(x14)	 x14:0x800081fc x23:0x00005ddf PA:0x80008215
        5595000	       558	8000087c	4021d3b3	sra	x7,x3,x2	  x3:0x00000016  x2:0x0000000c  x7=0x00000000
        5605000	       559	80000880	fc871d23	sh	x8,-38(x14)	 x14:0x800081fc  x8:0x80008a01 PA:0x800081d6
        5615000	       560	80000884	00270723	sb	x2,14(x14)	 x14:0x800081fc  x2:0x0000000c PA:0x8000820a
        5625000	       561	80000888	03170b03	lb	x22,49(x14)	 x14:0x800081fc x22=0x0000003c PA:0x8000822d
        5635000	       562	8000088c	fc774283	lbu	x5,-57(x14)	 x14:0x800081fc  x5=0x0000007c PA:0x800081c3
        5645000	       563	80000890	fdd74383	lbu	x7,-35(x14)	 x14:0x800081fc  x7=0x000000b6 PA:0x800081d9
        5655000	       564	80000894	4ac46697	auipc	x13,0x4ac46	 x13=0xcac46890
        5665000	       565	80000898	03071183	lh	x3,48(x14)	 x14:0x800081fc  x3=0x00003cd9 PA:0x8000822c
        5675000	       566	8000089c	00a71a83	lh	x21,10(x14)	 x14:0x800081fc x21=0xffffdaf4 PA:0x80008206
        5685000	       567	800008a0	27e22793	slti	x15,x4,638	  x4:0x00000016 x15=0x00000001
        5695000	       568	800008a4	fdd70183	lb	x3,-35(x14)	 x14:0x800081fc  x3=0xffffffb6 PA:0x800081d9
        5705000	       569	800008a8	01572623	sw	x21,12(x14)	 x14:0x800081fc x21:0xffffdaf4 PA:0x80008208
        5715000	       570	800008ac	001304b3	add	x9,x6,x1	  x6:0x0000004b  x1:0x00000084  x9=0x000000cf
        5725000	       571	800008b0	02570e03	lb	x28,37(x14)	 x14:0x800081fc x28=0xffffffa6 PA:0x80008221
        5735000	       572	800008b4	98b2b893	sltiu	x17,x5,-1653	  x5:0x0000007c x17=0x00000001
        5745000	       573	800008b8	02872903	lw	x18,40(x14)	 x14:0x800081fc x18=0x0fcd1759 PA:0x80008224
        5755000	       574	800008bc	00000013	addi	x0,x0,0	  x0:0x00000000
        5765000	       575	800008c0	fde71b23	sh	x30,-42(x14)	 x14:0x800081fc x30:0xf44a2f00 PA:0x800081d2
        5775000	       576	800008c4	ff274883	lbu	x17,-14(x14)	 x14:0x800081fc x17=0x00000029 PA:0x800081ee
        5785000	       577	800008c8	00c53cb3	sltu	x25,x10,x12	 x10:0x00000000 x12:0x00003e2e x25=0x00000001
        5795000	       578	800008cc	0056bcb3	sltu	x25,x13,x5	 x13:0xcac46890  x5:0x0000007c x25=0x00000000
        5805000	       579	800008d0	008705a3	sb	x8,11(x14)	 x14:0x800081fc  x8:0x80008a01 PA:0x80008207
        5815000	       580	800008d4	03c70183	lb	x3,60(x14)	 x14:0x800081fc  x3=0x00000006 PA:0x80008238
        5825000	       581	800008d8	fcd70ea3	sb	x13,-35(x14)	 x14:0x800081fc x13:0xcac46890 PA:0x800081d9
        5835000	       582	800008dc	b49b0793	addi	x15,x22,-1207	 x22:0x0000003c x15=0xfffffb85
        5845000	       583	800008e0	01558a33	add	x20,x11,x21	 x11:0x000000cf x21:0xffffdaf4 x20=0xffffdbc3
        5855000	       584	800008e4	a96247b7	lui	x15,0xa9624	 x15=0xa9624000
        5865000	       585	800008e8	408b8c33	sub	x24,x23,x8	 x23:0x00005ddf  x8:0x80008a01 x24=0x7fffd3de
        5875000	       586	800008ec	01d26333	or	x6,x4,x29	  x4:0x00000016 x29:0x445841e4  x6=0x445841f6
        5885000	       587	800008f0	0014b8b3	sltu	x17,x9,x1	  x9:0x000000cf  x1:0x00000084 x17=0x00000000
        5895000	       588	800008f4	0051f463	bgeu	x3,x5,800008fc	  x3:0x00000006  x5:0x0000007c
        5905000	       589	800008f8	00933bb3	sltu	x23,x6,x9	  x6:0x445841f6  x9:0x000000cf x23=0x00000000
        5915000	       590	800008fc	a6de2e13	slti	x28,x28,-1427	 x28:0xffffffa6 x28=0x00000000
        5925000	       591	80000900	00c610b3	sll	x1,x12,x12	 x12:0x00003e2e x12:0x00003e2e  x1=0x0f8b8000
        5935000	       592	80000904	05281263	bne	x16,x18,80000948	 x16:0x80009fc4 x18:0x0fcd1759
        5945000	       593	00000000	00000013	addi	x0,x0,0	  x0:0x00000000
        5955000	       594	80000944	00000013	addi	x0,x0,0	  x0:0x00000000
        5965000	       595	80000948	16077893	andi	x17,x14,352	 x14:0x800081fc x17=0x00000160
        5975000	       596	8000094c	41035d13	srai	x26,x6,0x10	  x6:0x445841f6 x26=0x00004458
        5985000	       597	80000950	419c5333	sra	x6,x24,x25	 x24:0x7fffd3de x25:0x00000000  x6=0x7fffd3de
        5995000	       598	80000954	40ab0fb3	sub	x31,x22,x10	 x22:0x0000003c x10:0x00000000 x31=0x0000003c
        6005000	       599	80000958	a552bd13	sltiu	x26,x5,-1451	  x5:0x0000007c x26=0x00000001
        6015000	       600	8000095c	00f053b3	srl	x7,x0,x15	  x0:0x00000000 x15:0xa9624000  x7=0x00000000
        6025000	       601	80000960	01bd4233	xor	x4,x26,x27	 x26:0x00000001 x27:0x00000046  x4=0x00000047
        6035000	       602	80000964	039f0263	beq	x30,x25,80000988	 x30:0xf44a2f00 x25:0x00000000
        6045000	       603	80000968	3b9d9b97	auipc	x23,0x3b9d9	 x23=0xbb9d9964
        6055000	       604	8000096c	0030a2b3	slt	x5,x1,x3	  x1:0x0f8b8000  x3:0x00000006  x5=0x00000000
        6065000	       605	80000970	0159a033	slt	x0,x19,x21	 x19:0x80009f84 x21:0xffffdaf4
        6075000	       606	80000974	40115e93	srai	x29,x2,0x1	  x2:0x0000000c x29=0x00000006
        6085000	       607	80000978	007755b3	srl	x11,x14,x7	 x14:0x800081fc  x7:0x00000000 x11=0x800081fc
        6095000	       608	8000097c	05fe9263	bne	x29,x31,800009c0	 x29:0x00000006 x31:0x0000003c
        6105000	       609	00000000	00000013	addi	x0,x0,0	  x0:0x00000000
        6115000	       610	800009bc	00000013	addi	x0,x0,0	  x0:0x00000000
        6125000	       611	800009c0	ce6ab093	sltiu	x1,x21,-794	 x21:0xffffdaf4  x1=0x00000001
        6135000	       612	800009c4	00efdfb3	srl	x31,x31,x14	 x31:0x0000003c x14:0x800081fc x31=0x00000000
        6145000	       613	800009c8	30da6b13	ori	x22,x20,781	 x20:0xffffdbc3 x22=0xffffdbcf
        6155000	       614	800009cc	0a7cb537	lui	x10,0xa7cb	 x10=0x0a7cb000
        6165000	       615	800009d0	03519c63	bne	x3,x21,80000a08	  x3:0x00000006 x21:0xffffdaf4
        6175000	       616	00000000	00000013	addi	x0,x0,0	  x0:0x00000000
        6185000	       617	80000a04	00000013	addi	x0,x0,0	  x0:0x00000000
        6195000	       618	80000a08	955668b7	lui	x17,0x95566	 x17=0x95566000
        6205000	       619	80000a0c	01bf9b33	sll	x22,x31,x27	 x31:0x00000000 x27:0x00000046 x22=0x00000000
        6215000	       620	80000a10	375a8c93	addi	x25,x21,885	 x21:0xffffdaf4 x25=0xffffde69
        6225000	       621	80000a14	01436263	bltu	x6,x20,80000a18	  x6:0x7fffd3de x20:0xffffdbc3
        6235000	       622	00000000	00000013	addi	x0,x0,0	  x0:0x00000000
        6245000	       623	80000a14	00000013	addi	x0,x0,0	  x0:0x00000000
        6255000	       624	80000a18	97a0ac17	auipc	x24,0x97a0a	 x24=0x17a0aa14
        6265000	       625	80000a1c	f1666497	auipc	x9,0xf1666	  x9=0x71666a18
        6275000	       626	80000a20	40748db3	sub	x27,x9,x7	  x9:0x71666a18  x7:0x00000000 x27=0x71666a18
        6285000	       627	80000a24	0155bfb3	sltu	x31,x11,x21	 x11:0x800081fc x21:0xffffdaf4 x31=0x00000001
        6295000	       628	80000a28	006bd1b3	srl	x3,x23,x6	 x23:0xbb9d9964  x6:0x7fffd3de  x3=0x00000002
        6305000	       629	80000a2c	a1df6293	ori	x5,x30,-1507	 x30:0xf44a2f00  x5=0xffffff1d
        6315000	       630	80000a30	00fe1c33	sll	x24,x28,x15	 x28:0x00000000 x15:0xa9624000 x24=0x00000000
        6325000	       631	80000a34	026ecc63	blt	x29,x6,80000a6c	 x29:0x00000006  x6:0x7fffd3de
        6335000	       632	00000000	00000013	addi	x0,x0,0	  x0:0x00000000
        6345000	       633	80000a68	00000013	addi	x0,x0,0	  x0:0x00000000
        6355000	       634	80000a6c	049e8663	beq	x29,x9,80000ab8	 x29:0x00000006  x9:0x71666a18
        6365000	       635	80000a70	411b0e33	sub	x28,x22,x17	 x22:0x00000000 x17:0x95566000 x28=0x6aa9a000
        6375000	       636	80000a74	001c0133	add	x2,x24,x1	 x24:0x00000000  x1:0x00000001  x2=0x00000001
        6385000	       637	80000a78	414702b3	sub	x5,x14,x20	 x14:0x800081fc x20:0xffffdbc3  x5=0x8000a639
        6395000	       638	80000a7c	038a5263	bge	x20,x24,80000aa0	 x20:0xffffdbc3 x24:0x00000000
        6405000	       639	80000a80	00000013	addi	x0,x0,0	  x0:0x00000000
        6415000	       640	80000a84	042d7463	bgeu	x26,x2,80000acc	 x26:0x00000001  x2:0x00000001
        6425000	       641	00000000	00000013	addi	x0,x0,0	  x0:0x00000000
        6435000	       642	80000ac8	00000013	addi	x0,x0,0	  x0:0x00000000
        6445000	       643	80000acc	0b464693	xori	x13,x12,180	 x12:0x00003e2e x13=0x00003e9a
        6455000	       644	80000ad0	00144c33	xor	x24,x8,x1	  x8:0x80008a01  x1:0x00000001 x24=0x80008a00
        6465000	       645	80000ad4	404a8633	sub	x12,x21,x4	 x21:0xffffdaf4  x4:0x00000047 x12=0xffffdaad
        6475000	       646	80000ad8	01160eb3	add	x29,x12,x17	 x12:0xffffdaad x17:0x95566000 x29=0x95563aad
        6485000	       647	80000adc	009cd493	srli	x9,x25,0x9	 x25:0xffffde69  x9=0x007fffef
        6495000	       648	80000ae0	7b676d13	ori	x26,x14,1974	 x14:0x800081fc x26=0x800087fe
        6505000	       649	80000ae4	ea7a6e17	auipc	x28,0xea7a6	 x28=0x6a7a6ae0
        6515000	       650	80000ae8	00173eb3	sltu	x29,x14,x1	 x14:0x800081fc  x1:0x00000001 x29=0x00000000
        6525000	       651	80000aec	000dea63	bltu	x27,x0,80000b00	 x27:0x71666a18  x0:0x00000000
        6535000	       652	80000af0	00000013	addi	x0,x0,0	  x0:0x00000000
        6545000	       653	80000af4	00000013	addi	x0,x0,0	  x0:0x00000000
        6555000	       654	80000af8	03ebcc63	blt	x23,x30,80000b30	 x23:0xbb9d9964 x30:0xf44a2f00
        6565000	       655	00000000	00000013	addi	x0,x0,0	  x0:0x00000000
        6575000	       656	80000b2c	00000013	addi	x0,x0,0	  x0:0x00000000
        6585000	       657	80000b30	41f3dcb3	sra	x25,x7,x31	  x7:0x00000000 x31:0x00000001 x25=0x00000000
        6595000	       658	80000b34	41a287b3	sub	x15,x5,x26	  x5:0x8000a639 x26:0x800087fe x15=0x00001e3b
        6605000	       659	80000b38	00000013	addi	x0,x0,0	  x0:0x00000000
        6615000	       660	80000b3c	417cdfb3	sra	x31,x25,x23	 x25:0x00000000 x23:0xbb9d9964 x31=0x00000000
        6625000	       661	80000b40	f9ede593	ori	x11,x27,-98	 x27:0x71666a18 x11=0xffffff9e
        6635000	       662	80000b44	0173f863	bgeu	x7,x23,80000b54	  x7:0x00000000 x23:0xbb9d9964
        6645000	       663	80000b48	4159dc33	sra	x24,x19,x21	 x19:0x80009f84 x21:0xffffdaf4 x24=0xfffff800
        6655000	       664	80000b4c	b60eaf93	slti	x31,x29,-1184	 x29:0x00000000 x31=0x00000000
        6665000	       665	80000b50	00a6ac33	slt	x24,x13,x10	 x13:0x00003e9a x10:0x0a7cb000 x24=0x00000001
        6675000	       666	80000b54	234dae93	slti	x29,x27,564	 x27:0x71666a18 x29=0x00000000
        6685000	       667	80000b58	00da9e33	sll	x28,x21,x13	 x21:0xffffdaf4 x13:0x00003e9a x28=0xd0000000
        6695000	       668	80000b5c	00189533	sll	x10,x17,x1	 x17:0x95566000  x1:0x00000001 x10=0x2aacc000
        6705000	       669	80000b60	003968b3	or	x17,x18,x3	 x18:0x0fcd1759  x3:0x00000002 x17=0x0fcd175b
        6715000	       670	80000b64	01da0533	add	x10,x20,x29	 x20:0xffffdbc3 x29:0x00000000 x10=0xffffdbc3
        6725000	       671	80000b68	0d614793	xori	x15,x2,214	  x2:0x00000001 x15=0x000000d7
        6735000	       672	80000b6c	2fb53013	sltiu	x0,x10,763	 x10:0xffffdbc3
        6745000	       673	80000b70	00000013	addi	x0,x0,0	  x0:0x00000000
        6755000	       674	80000b74	0063de63	bge	x7,x6,80000b90	  x7:0x00000000  x6:0x7fffd3de
        6765000	       675	80000b78	39a06913	ori	x18,x0,922	  x0:0x00000000 x18=0x0000039a
        6775000	       676	80000b7c	05f68863	beq	x13,x31,80000bcc	 x13:0x00003e9a x31:0x00000000
        6785000	       677	80000b80	95526413	ori	x8,x4,-1707	  x4:0x00000047  x8=0xfffff957
        6795000	       678	80000b84	00ad22b3	slt	x5,x26,x10	 x26:0x800087fe x10:0xffffdbc3  x5=0x00000001
        6805000	       679	80000b88	22ac7693	andi	x13,x24,554	 x24:0x00000001 x13=0x00000000
        6815000	       680	80000b8c	01bdaab3	slt	x21,x27,x27	 x27:0x71666a18 x27:0x71666a18 x21=0x00000000
        6825000	       681	80000b90	05d20663	beq	x4,x29,80000bdc	  x4:0x00000047 x29:0x00000000
        6835000	       682	80000b94	26da0893	addi	x17,x20,621	 x20:0xffffdbc3 x17=0xffffde30
        6845000	       683	80000b98	01d9d133	srl	x2,x19,x29	 x19:0x80009f84 x29:0x00000000  x2=0x80009f84
        6855000	       684	80000b9c	01ff78b3	and	x17,x30,x31	 x30:0xf44a2f00 x31:0x00000000 x17=0x00000000
        6865000	       685	80000ba0	01dbca63	blt	x23,x29,80000bb4	 x23:0xbb9d9964 x29:0x00000000
        6875000	       686	00000000	00000013	addi	x0,x0,0	  x0:0x00000000
        6885000	       687	80000bb0	00000013	addi	x0,x0,0	  x0:0x00000000
        6895000	       688	80000bb4	01b033b3	sltu	x7,x0,x27	  x0:0x00000000 x27:0x71666a18  x7=0x00000001
        6905000	       689	80000bb8	0f9ecb13	xori	x22,x29,249	 x29:0x00000000 x22=0x000000f9
        6915000	       690	80000bbc	007df333	and	x6,x27,x7	 x27:0x71666a18  x7:0x00000001  x6=0x00000000
        6925000	       691	80000bc0	00929893	slli	x17,x5,0x9	  x5:0x00000001 x17=0x00000200
        6935000	       692	80000bc4	009150b3	srl	x1,x2,x9	  x2:0x80009f84  x9:0x007fffef  x1=0x00010001
        6945000	       693	80000bc8	04c1d663	bge	x3,x12,80000c14	  x3:0x00000002 x12:0xffffdaad
        6955000	       694	00000000	00000013	addi	x0,x0,0	  x0:0x00000000
        6965000	       695	80000c10	00000013	addi	x0,x0,0	  x0:0x00000000
        6975000	       696	80000c14	a7dff8b7	lui	x17,0xa7dff	 x17=0xa7dff000
        6985000	       697	80000c18	05680263	beq	x16,x22,80000c5c	 x16:0x80009fc4 x22:0x000000f9
        6995000	       698	80000c1c	c8c3f913	andi	x18,x7,-884	  x7:0x00000001 x18=0x00000000
        7005000	       699	80000c20	1b6abe13	sltiu	x28,x21,438	 x21:0x00000000 x28=0x00000001
        7015000	       700	80000c24	016222b3	slt	x5,x4,x22	  x4:0x00000047 x22:0x000000f9  x5=0x00000001
        7025000	       701	80000c28	01a75433	srl	x8,x14,x26	 x14:0x800081fc x26:0x800087fe  x8=0x00000002
        7035000	       702	80000c2c	88344e93	xori	x29,x8,-1917	  x8:0x00000002 x29=0xfffff881
        7045000	       703	80000c30	0289fc63	bgeu	x19,x8,80000c68	 x19:0x80009f84  x8:0x00000002
        7055000	       704	00000000	00000013	addi	x0,x0,0	  x0:0x00000000
        7065000	       705	80000c64	00000013	addi	x0,x0,0	  x0:0x00000000
        7075000	       706	80000c68	e040ec93	ori	x25,x1,-508	  x1:0x00010001 x25=0xfffffe05
        7085000	       707	80000c6c	03917263	bgeu	x2,x25,80000c90	  x2:0x80009f84 x25:0xfffffe05
        7095000	       708	80000c70	014af6b3	and	x13,x21,x20	 x21:0x00000000 x20:0xffffdbc3 x13=0x00000000
        7105000	       709	80000c74	068ac863	blt	x21,x8,80000ce4	 x21:0x00000000  x8:0x00000002
        7115000	       710	00000000	00000013	addi	x0,x0,0	  x0:0x00000000
        7125000	       711	80000ce0	00000013	addi	x0,x0,0	  x0:0x00000000
        7135000	       712	80000ce4	6c51a0b7	lui	x1,0x6c51a	  x1=0x6c51a000
        7145000	       713	80000ce8	f4ee6193	ori	x3,x28,-178	 x28:0x00000001  x3=0xffffff4f
        7155000	       714	80000cec	00000013	addi	x0,x0,0	  x0:0x00000000
        7165000	       715	80000cf0	01ebbbb3	sltu	x23,x23,x30	 x23:0xbb9d9964 x30:0xf44a2f00 x23=0x00000001
        7175000	       716	80000cf4	5e1d8313	addi	x6,x27,1505	 x27:0x71666a18  x6=0x71666ff9
        7185000	       717	80000cf8	401adc13	srai	x24,x21,0x1	 x21:0x00000000 x24=0x00000000
        7195000	       718	80000cfc	41875a13	srai	x20,x14,0x18	 x14:0x800081fc x20=0xffffff80
        7205000	       719	80000d00	3d85f1b7	lui	x3,0x3d85f	  x3=0x3d85f000
        7215000	       720	80000d04	e0500f93	addi	x31,x0,-507	  x0:0x00000000 x31=0xfffffe05
        7225000	       721	80000d08	01e74cb3	xor	x25,x14,x30	 x14:0x800081fc x30:0xf44a2f00 x25=0x744aaefc
        7235000	       722	80000d0c	00d85513	srli	x10,x16,0xd	 x16:0x80009fc4 x10=0x00040004
        7245000	       723	80000d10	0117f7b3	and	x15,x15,x17	 x15:0x000000d7 x17:0xa7dff000 x15=0x00000000
        7255000	       724	80000d14	21e46f93	ori	x31,x8,542	  x8:0x00000002 x31=0x0000021e
        7265000	       725	80000d18	0289ec63	bltu	x19,x8,80000d50	 x19:0x80009f84  x8:0x00000002
        7275000	       726	80000d1c	00fc9cb3	sll	x25,x25,x15	 x25:0x744aaefc x15:0x00000000 x25=0x744aaefc
        7285000	       727	80000d20	00b7a1b3	slt	x3,x15,x11	 x15:0x00000000 x11:0xffffff9e  x3=0x00000000
        7295000	       728	80000d24	017258b3	srl	x17,x4,x23	  x4:0x00000047 x23:0x00000001 x17=0x00000023
        7305000	       729	80000d28	079b4e63	blt	x22,x25,80000da4	 x22:0x000000f9 x25:0x744aaefc
        7315000	       730	00000000	00000013	addi	x0,x0,0	  x0:0x00000000
        7325000	       731	80000da0	00000013	addi	x0,x0,0	  x0:0x00000000
        7335000	       732	80000da4	2a967b13	andi	x22,x12,681	 x12:0xffffdaad x22=0x000002a9
        7345000	       733	80000da8	40025713	srai	x14,x4,0x0	  x4:0x00000047 x14=0x00000047
        7355000	       734	80000dac	00000013	addi	x0,x0,0	  x0:0x00000000
        7365000	       735	80000db0	41b78a33	sub	x20,x15,x27	 x15:0x00000000 x27:0x71666a18 x20=0x8e9995e8
        7375000	       736	80000db4	00000013	addi	x0,x0,0	  x0:0x00000000
        7385000	       737	80000db8	5f5ac313	xori	x6,x21,1525	 x21:0x00000000  x6=0x000005f5
        7395000	       738	80000dbc	f012f097	auipc	x1,0xf012f	  x1=0x7012fdb8
        7405000	       739	80000dc0	01c46db3	or	x27,x8,x28	  x8:0x00000002 x28:0x00000001 x27=0x00000003
        7415000	       740	80000dc4	70666193	ori	x3,x12,1798	 x12:0xffffdaad  x3=0xffffdfaf
        7425000	       741	80000dc8	009d6263	bltu	x26,x9,80000dcc	 x26:0x800087fe  x9:0x007fffef
        7435000	       742	80000dcc	eca84313	xori	x6,x16,-310	 x16:0x80009fc4  x6=0x7fff610e
        7445000	       743	80000dd0	0416e863	bltu	x13,x1,80000e20	 x13:0x00000000  x1:0x7012fdb8
        7455000	       744	00000000	00000013	addi	x0,x0,0	  x0:0x00000000
        7465000	       745	80000e1c	00000013	addi	x0,x0,0	  x0:0x00000000
        7475000	       746	80000e20	00a402b3	add	x5,x8,x10	  x8:0x00000002 x10:0x00040004  x5=0x00040006
        7485000	       747	80000e24	1c7da213	slti	x4,x27,455	 x27:0x00000003  x4=0x00000001
        7495000	       748	80000e28	025bd263	bge	x23,x5,80000e4c	 x23:0x00000001  x5:0x00040006
        7505000	       749	80000e2c	0139db13	srli	x22,x19,0x13	 x19:0x80009f84 x22=0x00001000
        7515000	       750	80000e30	00000013	addi	x0,x0,0	  x0:0x00000000
        7525000	       751	80000e34	05ddd863	bge	x27,x29,80000e84	 x27:0x00000003 x29:0xfffff881
        7535000	       752	00000000	00000013	addi	x0,x0,0	  x0:0x00000000
        7545000	       753	80000e80	00000013	addi	x0,x0,0	  x0:0x00000000
        7555000	       754	80000e84	04b05663	bge	x0,x11,80000ed0	  x0:0x00000000 x11:0xffffff9e
        7565000	       755	00000000	00000013	addi	x0,x0,0	  x0:0x00000000
        7575000	       756	80000ecc	00000013	addi	x0,x0,0	  x0:0x00000000
        7585000	       757	80000ed0	016095b3	sll	x11,x1,x22	  x1:0x7012fdb8 x22:0x00001000 x11=0x7012fdb8
        7595000	       758	80000ed4	7b2f2a93	slti	x21,x30,1970	 x30:0xf44a2f00 x21=0x00000001
        7605000	       759	80000ed8	001a28b3	slt	x17,x20,x1	 x20:0x8e9995e8  x1:0x7012fdb8 x17=0x00000001
        7615000	       760	80000edc	996e2493	slti	x9,x28,-1642	 x28:0x00000001  x9=0x00000000
        7625000	       761	80000ee0	c0a16d13	ori	x26,x2,-1014	  x2:0x80009f84 x26=0xffffff8e
        7635000	       762	80000ee4	bcc98a13	addi	x20,x19,-1076	 x19:0x80009f84 x20=0x80009b50
        7645000	       763	80000ee8	7b740ab7	lui	x21,0x7b740	 x21=0x7b740000
        7655000	       764	80000eec	d9975897	auipc	x17,0xd9975	 x17=0x59975ee8
        7665000	       765	80000ef0	0158a7b3	slt	x15,x17,x21	 x17:0x59975ee8 x21:0x7b740000 x15=0x00000001
        7675000	       766	80000ef4	01f46c33	or	x24,x8,x31	  x8:0x00000002 x31:0x0000021e x24=0x0000021e
        7685000	       767	80000ef8	c62e2113	slti	x2,x28,-926	 x28:0x00000001  x2=0x00000000
        7695000	       768	80000efc	015f9e63	bne	x31,x21,80000f18	 x31:0x0000021e x21:0x7b740000
        7705000	       769	00000000	00000013	addi	x0,x0,0	  x0:0x00000000
        7715000	       770	80000f14	00000013	addi	x0,x0,0	  x0:0x00000000
        7725000	       771	80000f18	831c7713	andi	x14,x24,-1999	 x24:0x0000021e x14=0x00000010
        7735000	       772	80000f1c	ae2c6613	ori	x12,x24,-1310	 x24:0x0000021e x12=0xfffffafe
        7745000	       773	80000f20	73bdcc17	auipc	x24,0x73bdc	 x24=0xf3bdcf1c
        7755000	       774	80000f24	00e05633	srl	x12,x0,x14	  x0:0x00000000 x14:0x00000010 x12=0x00000000
        7765000	       775	80000f28	a1bb7213	andi	x4,x22,-1509	 x22:0x00001000  x4=0x00001000
        7775000	       776	80000f2c	017e0a63	beq	x28,x23,80000f40	 x28:0x00000001 x23:0x00000001
        7785000	       777	00000000	00000013	addi	x0,x0,0	  x0:0x00000000
        7795000	       778	80000f3c	00000013	addi	x0,x0,0	  x0:0x00000000
        7805000	       779	80000f40	58ffc097	auipc	x1,0x58ffc	  x1=0xd8ffcf3c
        7815000	       780	80000f44	0af4cc13	xori	x24,x9,175	  x9:0x00000000 x24=0x000000af
        7825000	       781	80000f48	223bf393	andi	x7,x23,547	 x23:0x00000001  x7=0x00000001
        7835000	       782	80000f4c	6cd76693	ori	x13,x14,1741	 x14:0x00000010 x13=0x000006dd
        7845000	       783	80000f50	046ce463	bltu	x25,x6,80000f98	 x25:0x744aaefc  x6:0x7fff610e
        7855000	       784	00000000	00000013	addi	x0,x0,0	  x0:0x00000000
        7865000	       785	80000f94	00000013	addi	x0,x0,0	  x0:0x00000000
        7875000	       786	80000f98	01bdf3b3	and	x7,x27,x27	 x27:0x00000003 x27:0x00000003  x7=0x00000003
        7885000	       787	80000f9c	c6cefc93	andi	x25,x29,-916	 x29:0xfffff881 x25=0xfffff800
        7895000	       788	80000fa0	00fd8eb3	add	x29,x27,x15	 x27:0x00000003 x15:0x00000001 x29=0x00000004
        7905000	       789	80000fa4	412b02b3	sub	x5,x22,x18	 x22:0x00001000 x18:0x00000000  x5=0x00001000
        7915000	       790	80000fa8	41058433	sub	x8,x11,x16	 x11:0x7012fdb8 x16:0x80009fc4  x8=0xf0125df4
        7925000	       791	80000fac	76bb7697	auipc	x13,0x76bb7	 x13=0xf6bb7fa8
        7935000	       792	80000fb0	01c2de33	srl	x28,x5,x28	  x5:0x00001000 x28:0x00000001 x28=0x00000800
        7945000	       793	80000fb4	010913b3	sll	x7,x18,x16	 x18:0x00000000 x16:0x80009fc4  x7=0x00000000
        7955000	       794	80000fb8	90c3be97	auipc	x29,0x90c3b	 x29=0x10c3bfb4
        7965000	       795	80000fbc	009e0033	add	x0,x28,x9	 x28:0x00000800  x9:0x00000000
        7975000	       796	80000fc0	02834263	blt	x6,x8,80000fe4	  x6:0x7fff610e  x8:0xf0125df4
        7985000	       797	80000fc4	0160d733	srl	x14,x1,x22	  x1:0xd8ffcf3c x22:0x00001000 x14=0xd8ffcf3c
        7995000	       798	80000fc8	008e5863	bge	x28,x8,80000fd8	 x28:0x00000800  x8:0xf0125df4
        8005000	       799	00000000	00000013	addi	x0,x0,0	  x0:0x00000000
        8015000	       800	80000fd4	00000013	addi	x0,x0,0	  x0:0x00000000
        8025000	       801	80000fd8	00f5ba33	sltu	x20,x11,x15	 x11:0x7012fdb8 x15:0x00000001 x20=0x00000000
        8035000	       802	80000fdc	00d6dfb3	srl	x31,x13,x13	 x13:0xf6bb7fa8 x13:0xf6bb7fa8 x31=0x00f6bb7f
        8045000	       803	80000fe0	00e61d13	slli	x26,x12,0xe	 x12:0x00000000 x26=0x00000000
        8055000	       804	80000fe4	036df463	bgeu	x27,x22,8000100c	 x27:0x00000003 x22:0x00001000
        8065000	       805	80000fe8	c5d7eb13	ori	x22,x15,-931	 x15:0x00000001 x22=0xfffffc5d
        8075000	       806	80000fec	015d9433	sll	x8,x27,x21	 x27:0x00000003 x21:0x7b740000  x8=0x00000003
        8085000	       807	80000ff0	010a6633	or	x12,x20,x16	 x20:0x00000000 x16:0x80009fc4 x12=0x80009fc4
        8095000	       808	80000ff4	ec8e5d97	auipc	x27,0xec8e5	 x27=0x6c8e5ff0
        8105000	       809	80000ff8	00376c33	or	x24,x14,x3	 x14:0xd8ffcf3c  x3:0xffffdfaf x24=0xffffdfbf
        8115000	       810	80000ffc	03ea5c63	bge	x20,x30,80001034	 x20:0x00000000 x30:0xf44a2f00
        8125000	       811	00000000	00000013	addi	x0,x0,0	  x0:0x00000000
        8135000	       812	80001030	00000013	addi	x0,x0,0	  x0:0x00000000
        8145000	       813	80001034	03c67c63	bgeu	x12,x28,8000106c	 x12:0x80009fc4 x28:0x00000800
        8155000	       814	00000000	00000013	addi	x0,x0,0	  x0:0x00000000
        8165000	       815	80001068	00000013	addi	x0,x0,0	  x0:0x00000000
        8175000	       816	8000106c	01793fb3	sltu	x31,x18,x23	 x18:0x00000000 x23:0x00000001 x31=0x00000001
        8185000	       817	80001070	011bee63	bltu	x23,x17,8000108c	 x23:0x00000001 x17:0x59975ee8
        8195000	       818	00000000	00000013	addi	x0,x0,0	  x0:0x00000000
        8205000	       819	80001088	00000013	addi	x0,x0,0	  x0:0x00000000
        8215000	       820	8000108c	016b0db3	add	x27,x22,x22	 x22:0xfffffc5d x22:0xfffffc5d x27=0xfffff8ba
        8225000	       821	80001090	b8abea97	auipc	x21,0xb8abe	 x21=0x38abf08c
        8235000	       822	80001094	01be7d33	and	x26,x28,x27	 x28:0x00000800 x27:0xfffff8ba x26=0x00000800
        8245000	       823	80001098	04b15063	bge	x2,x11,800010d8	  x2:0x00000000 x11:0x7012fdb8
        8255000	       824	8000109c	d51e7193	andi	x3,x28,-687	 x28:0x00000800  x3=0x00000800
        8265000	       825	800010a0	00000013	addi	x0,x0,0	  x0:0x00000000
        8275000	       826	800010a4	abb4a513	slti	x10,x9,-1349	  x9:0x00000000 x10=0x00000000
        8285000	       827	800010a8	03f40263	beq	x8,x31,800010cc	  x8:0x00000003 x31:0x00000001
        8295000	       828	800010ac	013fd713	srli	x14,x31,0x13	 x31:0x00000001 x14=0x00000000
        8305000	       829	800010b0	fd8c2313	slti	x6,x24,-40	 x24:0xffffdfbf  x6=0x00000001
        8315000	       830	800010b4	013aea33	or	x20,x21,x19	 x21:0x38abf08c x19:0x80009f84 x20=0xb8abff8c
        8325000	       831	800010b8	05635863	bge	x6,x22,80001108	  x6:0x00000001 x22:0xfffffc5d
        8335000	       832	00000000	00000013	addi	x0,x0,0	  x0:0x00000000
        8345000	       833	80001104	00000013	addi	x0,x0,0	  x0:0x00000000
        8355000	       834	80001108	00f75a63	bge	x14,x15,8000111c	 x14:0x00000000 x15:0x00000001
        8365000	       835	8000110c	00097863	bgeu	x18,x0,8000111c	 x18:0x00000000  x0:0x00000000
        8375000	       836	00000000	00000013	addi	x0,x0,0	  x0:0x00000000
        8385000	       837	80001118	00000013	addi	x0,x0,0	  x0:0x00000000
        8395000	       838	8000111c	418781b3	sub	x3,x15,x24	 x15:0x00000001 x24:0xffffdfbf  x3=0x00002042
        8405000	       839	80001120	00000f17	auipc	x30,0x0	 x30=0x8000111c
        8415000	       840	80001124	00cf0f13	addi	x30,x30,12	 x30:0x8000111c x30=0x80001128
        8425000	       841	80001128	000f0067	jalr	x0,x30,0	 x30:0x80001128
        8435000	       842	00000000	00000013	addi	x0,x0,0	  x0:0x00000000
        8445000	       843	80001128	00000013	addi	x0,x0,0	  x0:0x00000000
        8455000	       844	8000112c	00100193	addi	x3,x0,1	  x0:0x00000000  x3=0x00000001
        8465000	       845	80001130	00000073	ecall	
        8475000	       846	80001134	00000013	addi	x0,x0,0	  x0:0x00000000
