		Time			Cycle	PC		Insn	Decoded instruction	Register and memory contents
          65000	         5	80000004	00000293	addi	x5,x0,0	  x0:0x00000000  x5=0x00000000
          75000	         6	80000008	00000313	addi	x6,x0,0	  x0:0x00000000  x6=0x00000000
          85000	         7	8000000c	00628263	beq	x5,x6,80000010	  x5:0x00000000  x6:0x00000000
          95000	         8	00000000	00000013	addi	x0,x0,0	  x0:0x00000000
         105000	         9	8000000c	00000013	addi	x0,x0,0	  x0:0x00000000
         115000	        10	80000010	00000d97	auipc	x27,0x0	 x27=0x8000000c
         125000	        11	80000014	00cd8d93	addi	x27,x27,12	 x27:0x8000000c x27=0x80000018
         135000	        12	80000018	000d8067	jalr	x0,x27,0	 x27:0x80000018
         145000	        13	00000000	00000013	addi	x0,x0,0	  x0:0x00000000
         155000	        14	80000018	00000013	addi	x0,x0,0	  x0:0x00000000
         165000	        15	8000001c	40000c37	lui	x24,0x40000	 x24=0x40000000
         175000	        16	80000020	100c0c13	addi	x24,x24,256	 x24:0x40000000 x24=0x40000100
         185000	        17	80000024	00000013	addi	x0,x0,0	  x0:0x00000000
         195000	        18	80000028	0000a217	auipc	x4,0xa	  x4=0x8000a024
         205000	        19	8000002c	fa020213	addi	x4,x4,-96	  x4:0x8000a024  x4=0x80009fc4
         215000	        20	80000030	00002c17	auipc	x24,0x2	 x24=0x8000202c
         225000	        21	80000034	e40c0c13	addi	x24,x24,-448	 x24:0x8000202c x24=0x80001e6c
         235000	        22	80000038	000c6c13	ori	x24,x24,0	 x24:0x80001e6c x24=0x80001e6c
         245000	        23	8000003c	00000013	addi	x0,x0,0	  x0:0x00000000
         255000	        24	80000040	00000c17	auipc	x24,0x0	 x24=0x8000003c
         265000	        25	80000044	020c0c13	addi	x24,x24,32	 x24:0x8000003c x24=0x8000005c
         275000	        26	80000048	00000013	addi	x0,x0,0	  x0:0x00000000
         285000	        27	8000004c	00000013	addi	x0,x0,0	  x0:0x00000000
         295000	        28	80000050	00002c37	lui	x24,0x2	 x24=0x00002000
         305000	        29	80000054	800c0c13	addi	x24,x24,-2048	 x24:0x00002000 x24=0x00001800
         315000	        30	80000058	00000013	addi	x0,x0,0	  x0:0x00000000
         325000	        31	8000005c	00000013	addi	x0,x0,0	  x0:0x00000000
         335000	        32	80000060	00e00013	addi	x0,x0,14	  x0:0x00000000
         345000	        33	80000064	00000093	addi	x1,x0,0	  x0:0x00000000  x1=0x00000000
         355000	        34	80000068	f6762137	lui	x2,0xf6762	  x2=0xf6762000
         365000	        35	8000006c	91010113	addi	x2,x2,-1776	  x2:0xf6762000  x2=0xf6761910
         375000	        36	80000070	800001b7	lui	x3,0x80000	  x3=0x80000000
         385000	        37	80000074	00000293	addi	x5,x0,0	  x0:0x00000000  x5=0x00000000
         395000	        38	80000078	80000337	lui	x6,0x80000	  x6=0x80000000
         405000	        39	8000007c	800003b7	lui	x7,0x80000	  x7=0x80000000
         415000	        40	80000080	80000437	lui	x8,0x80000	  x8=0x80000000
         425000	        41	80000084	00000493	addi	x9,x0,0	  x0:0x00000000  x9=0x00000000
         435000	        42	80000088	7c871537	lui	x10,0x7c871	 x10=0x7c871000
         445000	        43	8000008c	1bd50513	addi	x10,x10,445	 x10:0x7c871000 x10=0x7c8711bd
         455000	        44	80000090	00000593	addi	x11,x0,0	  x0:0x00000000 x11=0x00000000
         465000	        45	80000094	00000693	addi	x13,x0,0	  x0:0x00000000 x13=0x00000000
         475000	        46	80000098	00000713	addi	x14,x0,0	  x0:0x00000000 x14=0x00000000
         485000	        47	8000009c	f3fb97b7	lui	x15,0xf3fb9	 x15=0xf3fb9000
         495000	        48	800000a0	b8578793	addi	x15,x15,-1147	 x15:0xf3fb9000 x15=0xf3fb8b85
         505000	        49	800000a4	f2960837	lui	x16,0xf2960	 x16=0xf2960000
         515000	        50	800000a8	63580813	addi	x16,x16,1589	 x16:0xf2960000 x16=0xf2960635
         525000	        51	800000ac	dc4478b7	lui	x17,0xdc447	 x17=0xdc447000
         535000	        52	800000b0	4d588893	addi	x17,x17,1237	 x17:0xdc447000 x17=0xdc4474d5
         545000	        53	800000b4	35033937	lui	x18,0x35033	 x18=0x35033000
         555000	        54	800000b8	ff190913	addi	x18,x18,-15	 x18:0x35033000 x18=0x35032ff1
         565000	        55	800000bc	00900993	addi	x19,x0,9	  x0:0x00000000 x19=0x00000009
         575000	        56	800000c0	ae697a37	lui	x20,0xae697	 x20=0xae697000
         585000	        57	800000c4	793a0a13	addi	x20,x20,1939	 x20:0xae697000 x20=0xae697793
         595000	        58	800000c8	fa04eab7	lui	x21,0xfa04e	 x21=0xfa04e000
         605000	        59	800000cc	165a8a93	addi	x21,x21,357	 x21:0xfa04e000 x21=0xfa04e165
         615000	        60	800000d0	00000b13	addi	x22,x0,0	  x0:0x00000000 x22=0x00000000
         625000	        61	800000d4	b4d05bb7	lui	x23,0xb4d05	 x23=0xb4d05000
         635000	        62	800000d8	c95b8b93	addi	x23,x23,-875	 x23:0xb4d05000 x23=0xb4d04c95
         645000	        63	800000dc	f56dbc37	lui	x24,0xf56db	 x24=0xf56db000
         655000	        64	800000e0	c55c0c13	addi	x24,x24,-939	 x24:0xf56db000 x24=0xf56dac55
         665000	        65	800000e4	00000c93	addi	x25,x0,0	  x0:0x00000000 x25=0x00000000
         675000	        66	800000e8	00c00d13	addi	x26,x0,12	  x0:0x00000000 x26=0x0000000c
         685000	        67	800000ec	00d00d93	addi	x27,x0,13	  x0:0x00000000 x27=0x0000000d
         695000	        68	800000f0	1d083e37	lui	x28,0x1d083	 x28=0x1d083000
         705000	        69	800000f4	fb0e0e13	addi	x28,x28,-80	 x28:0x1d083000 x28=0x1d082fb0
         715000	        70	800000f8	80000eb7	lui	x29,0x80000	 x29=0x80000000
         725000	        71	800000fc	00000f13	addi	x30,x0,0	  x0:0x00000000 x30=0x00000000
         735000	        72	80000100	80000fb7	lui	x31,0x80000	 x31=0x80000000
         745000	        73	80000104	0000a617	auipc	x12,0xa	 x12=0x8000a100
         755000	        74	80000108	e8460613	addi	x12,x12,-380	 x12:0x8000a100 x12=0x80009f84
         765000	        75	8000010c	00000517	auipc	x10,0x0	 x10=0x80000108
         775000	        76	80000110	4c450513	addi	x10,x10,1220	 x10:0x80000108 x10=0x800005cc
         785000	        77	80000114	01801c93	slli	x25,x0,0x18	  x0:0x00000000 x25=0x00000000
         795000	        78	80000118	0078e9b7	lui	x19,0x78e	 x19=0x0078e000
         805000	        79	8000011c	40878133	sub	x2,x15,x8	 x15:0xf3fb8b85  x8:0x80000000  x2=0x73fb8b85
         815000	        80	80000120	010e5e33	srl	x28,x28,x16	 x28:0x1d082fb0 x16:0xf2960635 x28=0x000000e8
         825000	        81	80000124	3779b3b7	lui	x7,0x3779b	  x7=0x3779b000
         835000	        82	80000128	f7b50513	addi	x10,x10,-133	 x10:0x800005cc x10=0x80000547
         845000	        83	8000012c	88603b13	sltiu	x22,x0,-1914	  x0:0x00000000 x22=0x00000001
         855000	        84	80000130	019928b3	slt	x17,x18,x25	 x18:0x35032ff1 x25:0x00000000 x17=0x00000000
         865000	        85	80000134	dae2e013	ori	x0,x5,-594	  x5:0x00000000
         875000	        86	80000138	01ade463	bltu	x27,x26,80000140	 x27:0x0000000d x26:0x0000000c
         885000	        87	8000013c	012297b3	sll	x15,x5,x18	  x5:0x00000000 x18:0x35032ff1 x15=0x00000000
         895000	        88	80000140	08650367	jalr	x6,x10,134	 x10:0x80000547  x6=0x80000140
         905000	        89	00000000	00000013	addi	x0,x0,0	  x0:0x00000000
         915000	        90	800005cc	00000013	addi	x0,x0,0	  x0:0x00000000
         925000	        91	800005d0	0bc6ba13	sltiu	x20,x13,188	 x13:0x00000000 x20=0x00000001
         935000	        92	800005d4	00e12933	slt	x18,x2,x14	  x2:0x73fb8b85 x14:0x00000000 x18=0x00000000
         945000	        93	800005d8	1aa82993	slti	x19,x16,426	 x16:0xf2960635 x19=0x00000001
         955000	        94	800005dc	e89c0013	addi	x0,x24,-375	 x24:0xf56dac55
         965000	        95	800005e0	01c3f663	bgeu	x7,x28,800005ec	  x7:0x3779b000 x28:0x000000e8
         975000	        96	00000000	00000013	addi	x0,x0,0	  x0:0x00000000
         985000	        97	800005e8	00000013	addi	x0,x0,0	  x0:0x00000000
         995000	        98	800005ec	fe460613	addi	x12,x12,-28	 x12:0x80009f84 x12=0x80009f68
        1005000	        99	800005f0	0a877493	andi	x9,x14,168	 x14:0x00000000  x9=0x00000000
        1015000	       100	800005f4	00b7a1b3	slt	x3,x15,x11	 x15:0x00000000 x11:0x00000000  x3=0x00000000
        1025000	       101	800005f8	01e7cfb3	xor	x31,x15,x30	 x15:0x00000000 x30:0x00000000 x31=0x00000000
        1035000	       102	800005fc	00662223	sw	x6,4(x12)	 x12:0x80009f68  x6:0x80000140 PA:0x80009f6c
        1045000	       103	80000600	5a3a8f93	addi	x31,x21,1443	 x21:0xfa04e165 x31=0xfa04e708
        1055000	       104	80000604	0307e463	bltu	x15,x16,8000062c	 x15:0x00000000 x16:0xf2960635
        1065000	       105	00000000	00000013	addi	x0,x0,0	  x0:0x00000000
        1075000	       106	80000628	00000013	addi	x0,x0,0	  x0:0x00000000
        1085000	       107	8000062c	003c5c63	bge	x24,x3,80000644	 x24:0xf56dac55  x3:0x00000000
        1095000	       108	80000630	01731393	slli	x7,x6,0x17	  x6:0x80000140  x7=0xa0000000
        1105000	       109	80000634	6ab8f493	andi	x9,x17,1707	 x17:0x00000000  x9=0x00000000
        1115000	       110	80000638	76f40717	auipc	x14,0x76f40	 x14=0xf6f40634
        1125000	       111	8000063c	29690593	addi	x11,x18,662	 x18:0x00000000 x11=0x00000296
        1135000	       112	80000640	843a3193	sltiu	x3,x20,-1981	 x20:0x00000001  x3=0x00000001
        1145000	       113	80000644	40c7d693	srai	x13,x15,0xc	 x15:0x00000000 x13=0x00000000
        1155000	       114	80000648	04df4063	blt	x30,x13,80000688	 x30:0x00000000 x13:0x00000000
        1165000	       115	8000064c	001ec4b3	xor	x9,x29,x1	 x29:0x80000000  x1:0x00000000  x9=0x80000000
        1175000	       116	80000650	00000013	addi	x0,x0,0	  x0:0x00000000
        1185000	       117	80000654	0192d8b3	srl	x17,x5,x25	  x5:0x00000000 x25:0x00000000 x17=0x00000000
        1195000	       118	80000658	00ac5f13	srli	x30,x24,0xa	 x24:0xf56dac55 x30=0x003d5b6b
        1205000	       119	8000065c	4177d593	srai	x11,x15,0x17	 x15:0x00000000 x11=0x00000000
        1215000	       120	80000660	01cfc733	xor	x14,x31,x28	 x31:0xfa04e708 x28:0x000000e8 x14=0xfa04e7e0
        1225000	       121	80000664	41385893	srai	x17,x16,0x13	 x16:0xf2960635 x17=0xfffffe52
        1235000	       122	80000668	adfaa013	slti	x0,x21,-1313	 x21:0xfa04e165
        1245000	       123	8000066c	01435733	srl	x14,x6,x20	  x6:0x80000140 x20:0x00000001 x14=0x400000a0
        1255000	       124	80000670	00a5a033	slt	x0,x11,x10	 x11:0x00000000 x10:0x80000547
        1265000	       125	80000674	014c5693	srli	x13,x24,0x14	 x24:0xf56dac55 x13=0x00000f56
        1275000	       126	80000678	0493d663	bge	x7,x9,800006c4	  x7:0xa0000000  x9:0x80000000
        1285000	       127	00000000	00000013	addi	x0,x0,0	  x0:0x00000000
        1295000	       128	800006c0	00000013	addi	x0,x0,0	  x0:0x00000000
        1305000	       129	800006c4	98e62493	slti	x9,x12,-1650	 x12:0x80009f68  x9=0x00000001
        1315000	       130	800006c8	282fb937	lui	x18,0x282fb	 x18=0x282fb000
        1325000	       131	800006cc	009e9713	slli	x14,x29,0x9	 x29:0x80000000 x14=0x00000000
        1335000	       132	800006d0	3b2ea817	auipc	x16,0x3b2ea	 x16=0xbb2ea6cc
        1345000	       133	800006d4	05259863	bne	x11,x18,80000724	 x11:0x00000000 x18:0x282fb000
        1355000	       134	00000000	00000013	addi	x0,x0,0	  x0:0x00000000
        1365000	       135	80000720	00000013	addi	x0,x0,0	  x0:0x00000000
        1375000	       136	80000724	4083df93	srai	x31,x7,0x8	  x7:0xa0000000 x31=0xffa00000
        1385000	       137	80000728	01dc8433	add	x8,x25,x29	 x25:0x00000000 x29:0x80000000  x8=0x80000000
        1395000	       138	8000072c	01004263	blt	x0,x16,80000730	  x0:0x00000000 x16:0xbb2ea6cc
        1405000	       139	80000730	41918133	sub	x2,x3,x25	  x3:0x00000001 x25:0x00000000  x2=0x00000001
        1415000	       140	80000734	018fe533	or	x10,x31,x24	 x31:0xffa00000 x24:0xf56dac55 x10=0xffedac55
        1425000	       141	80000738	0069c7b3	xor	x15,x19,x6	 x19:0x00000001  x6:0x80000140 x15=0x80000141
        1435000	       142	8000073c	00cc54b3	srl	x9,x24,x12	 x24:0xf56dac55 x12:0x80009f68  x9=0x00f56dac
        1445000	       143	80000740	00462303	lw	x6,4(x12)	 x12:0x80009f68  x6=0x80000140 PA:0x80009f6c
        1455000	       144	80000744	1fdc6d13	ori	x26,x24,509	 x24:0xf56dac55 x26=0xf56dadfd
        1465000	       145	80000748	01b1f7b3	and	x15,x3,x27	  x3:0x00000001 x27:0x0000000d x15=0x00000001
        1475000	       146	8000074c	01c60613	addi	x12,x12,28	 x12:0x80009f68 x12=0x80009f84
        1485000	       147	80000750	012b2fb3	slt	x31,x22,x18	 x22:0x00000001 x18:0x282fb000 x31=0x00000001
        1495000	       148	80000754	000304b3	add	x9,x6,x0	  x6:0x80000140  x0:0x00000000  x9=0x80000140
        1505000	       149	80000758	01b33c33	sltu	x24,x6,x27	  x6:0x80000140 x27:0x0000000d x24=0x00000000
        1515000	       150	8000075c	00130113	addi	x2,x6,1	  x6:0x80000140  x2=0x80000141
        1525000	       151	80000760	00010167	jalr	x2,x2,0	  x2:0x80000141  x2=0x80000760
        1535000	       152	00000000	00000013	addi	x0,x0,0	  x0:0x00000000
        1545000	       153	80000140	00000013	addi	x0,x0,0	  x0:0x00000000
        1555000	       154	80000144	00009597	auipc	x11,0x9	 x11=0x80009140
        1565000	       155	80000148	d3758593	addi	x11,x11,-713	 x11:0x80009140 x11=0x80008e77
        1575000	       156	8000014c	02a58523	sb	x10,42(x11)	 x11:0x80008e77 x10:0xffedac55 PA:0x80008ea1
        1585000	       157	80000150	fd458b03	lb	x22,-44(x11)	 x11:0x80008e77 x22=0x00000000 PA:0x80008e4b
        1595000	       158	80000154	fe0590a3	sh	x0,-31(x11)	 x11:0x80008e77  x0:0x00000000 PA:0x80008e58
        1605000	       159	80000158	02e5c403	lbu	x8,46(x11)	 x11:0x80008e77  x8=0x00000000 PA:0x80008ea5
        1615000	       160	8000015c	ffb587a3	sb	x27,-17(x11)	 x11:0x80008e77 x27:0x0000000d PA:0x80008e66
        1625000	       161	80000160	03458003	lb	x0,52(x11)	 x11:0x80008e77 PA:0x80008eab
        1635000	       162	80000164	01558f23	sb	x21,30(x11)	 x11:0x80008e77 x21:0xfa04e165 PA:0x80008e95
        1645000	       163	80000168	01e58b03	lb	x22,30(x11)	 x11:0x80008e77 x22=0x00000065 PA:0x80008e95
        1655000	       164	8000016c	01e5c883	lbu	x17,30(x11)	 x11:0x80008e77 x17=0x00000065 PA:0x80008e95
        1665000	       165	80000170	fe05ce03	lbu	x28,-32(x11)	 x11:0x80008e77 x28=0x00000000 PA:0x80008e57
        1675000	       166	80000174	00d59703	lh	x14,13(x11)	 x11:0x80008e77 x14=0x00000000 PA:0x80008e84
        1685000	       167	80000178	00758123	sb	x7,2(x11)	 x11:0x80008e77  x7:0xa0000000 PA:0x80008e79
        1695000	       168	8000017c	0025c303	lbu	x6,2(x11)	 x11:0x80008e77  x6=0x00000000 PA:0x80008e79
        1705000	       169	80000180	00f167b3	or	x15,x2,x15	  x2:0x80000760 x15:0x00000001 x15=0x80000761
        1715000	       170	80000184	02d59e03	lh	x28,45(x11)	 x11:0x80008e77 x28=0x00000000 PA:0x80008ea4
        1725000	       171	80000188	02d59e83	lh	x29,45(x11)	 x11:0x80008e77 x29=0x00000000 PA:0x80008ea4
        1735000	       172	8000018c	0145cc83	lbu	x25,20(x11)	 x11:0x80008e77 x25=0x00000000 PA:0x80008e8b
        1745000	       173	80000190	0145ca03	lbu	x20,20(x11)	 x11:0x80008e77 x20=0x00000000 PA:0x80008e8b
        1755000	       174	80000194	fce5cb83	lbu	x23,-50(x11)	 x11:0x80008e77 x23=0x00000000 PA:0x80008e45
        1765000	       175	80000198	fdb58723	sb	x27,-50(x11)	 x11:0x80008e77 x27:0x0000000d PA:0x80008e45
        1775000	       176	8000019c	fed58503	lb	x10,-19(x11)	 x11:0x80008e77 x10=0x00000000 PA:0x80008e64
        1785000	       177	800001a0	00008d17	auipc	x26,0x8	 x26=0x8000819c
        1795000	       178	800001a4	6f1d0d13	addi	x26,x26,1777	 x26:0x8000819c x26=0x8000888d
        1805000	       179	800001a8	07ad0883	lb	x17,122(x26)	 x26:0x8000888d x17=0x00000000 PA:0x80008907
        1815000	       180	800001ac	014ab5b3	sltu	x11,x21,x20	 x21:0xfa04e165 x20:0x00000000 x11=0x00000000
        1825000	       181	800001b0	008418b3	sll	x17,x8,x8	  x8:0x00000000  x8:0x00000000 x17=0x00000000
        1835000	       182	800001b4	00bb6cb3	or	x25,x22,x11	 x22:0x00000065 x11:0x00000000 x25=0x00000065
        1845000	       183	800001b8	0dad4703	lbu	x14,218(x26)	 x26:0x8000888d x14=0x00000000 PA:0x80008967
        1855000	       184	800001bc	fabd0983	lb	x19,-85(x26)	 x26:0x8000888d x19=0x00000000 PA:0x80008838
        1865000	       185	800001c0	081d5783	lhu	x15,129(x26)	 x26:0x8000888d x15=0x00000000 PA:0x8000890e
        1875000	       186	800001c4	41165e13	srai	x28,x12,0x11	 x12:0x80009f84 x28=0xffffc000
        1885000	       187	800001c8	6f406f13	ori	x30,x0,1780	  x0:0x00000000 x30=0x000006f4
        1895000	       188	800001cc	00000013	addi	x0,x0,0	  x0:0x00000000
        1905000	       189	800001d0	fcc94a93	xori	x21,x18,-52	 x18:0x282fb000 x21=0xd7d04fcc
        1915000	       190	800001d4	fafd4903	lbu	x18,-81(x26)	 x26:0x8000888d x18=0x00000000 PA:0x8000883c
        1925000	       191	800001d8	01106a33	or	x20,x0,x17	  x0:0x00000000 x17:0x00000000 x20=0x00000000
        1935000	       192	800001dc	0d4d4c83	lbu	x25,212(x26)	 x26:0x8000888d x25=0x00000000 PA:0x80008961
        1945000	       193	800001e0	118d0023	sb	x24,256(x26)	 x26:0x8000888d x24:0x00000000 PA:0x8000898d
        1955000	       194	800001e4	fe5d5503	lhu	x10,-27(x26)	 x26:0x8000888d x10=0x00000000 PA:0x80008872
        1965000	       195	800001e8	01f1f4b3	and	x9,x3,x31	  x3:0x00000001 x31:0x00000001  x9=0x00000001
        1975000	       196	800001ec	01df9293	slli	x5,x31,0x1d	 x31:0x00000001  x5=0x20000000
        1985000	       197	800001f0	faad0683	lb	x13,-86(x26)	 x26:0x8000888d x13=0x00000000 PA:0x80008837
        1995000	       198	800001f4	063d5303	lhu	x6,99(x26)	 x26:0x8000888d  x6=0x00000000 PA:0x800088f0
        2005000	       199	800001f8	020d1ca3	sh	x0,57(x26)	 x26:0x8000888d  x0:0x00000000 PA:0x800088c6
        2015000	       200	800001fc	a7e7feb7	lui	x29,0xa7e7f	 x29=0xa7e7f000
        2025000	       201	80000200	01b161b3	or	x3,x2,x27	  x2:0x80000760 x27:0x0000000d  x3=0x8000076d
        2035000	       202	80000204	f973ef93	ori	x31,x7,-105	  x7:0xa0000000 x31=0xffffff97
        2045000	       203	80000208	fccd0423	sb	x12,-56(x26)	 x26:0x8000888d x12:0x80009f84 PA:0x80008855
        2055000	       204	8000020c	4092d013	srai	x0,x5,0x9	  x5:0x20000000
        2065000	       205	80000210	012920b3	slt	x1,x18,x18	 x18:0x00000000 x18:0x00000000  x1=0x00000000
        2075000	       206	80000214	34b917b7	lui	x15,0x34b91	 x15=0x34b91000
        2085000	       207	80000218	0d1d0123	sb	x17,194(x26)	 x26:0x8000888d x17:0x00000000 PA:0x8000894f
        2095000	       208	8000021c	0ead0283	lb	x5,234(x26)	 x26:0x8000888d  x5=0x00000000 PA:0x80008977
        2105000	       209	80000220	fdad0283	lb	x5,-38(x26)	 x26:0x8000888d  x5=0x00000000 PA:0x80008867
        2115000	       210	80000224	002d4c83	lbu	x25,2(x26)	 x26:0x8000888d x25=0x00000000 PA:0x8000888f
        2125000	       211	80000228	0052dc93	srli	x25,x5,0x5	  x5:0x00000000 x25=0x00000000
        2135000	       212	8000022c	0155b5b3	sltu	x11,x11,x21	 x11:0x00000000 x21:0xd7d04fcc x11=0x00000001
        2145000	       213	80000230	fb8d0da3	sb	x24,-69(x26)	 x26:0x8000888d x24:0x00000000 PA:0x80008848
        2155000	       214	80000234	41880fb3	sub	x31,x16,x24	 x16:0xbb2ea6cc x24:0x00000000 x31=0xbb2ea6cc
        2165000	       215	80000238	0b7d4003	lbu	x0,183(x26)	 x26:0x8000888d PA:0x80008944
        2175000	       216	8000023c	00943333	sltu	x6,x8,x9	  x8:0x00000000  x9:0x00000001  x6=0x00000001
        2185000	       217	80000240	012d4503	lbu	x10,18(x26)	 x26:0x8000888d x10=0x00000000 PA:0x8000889f
        2195000	       218	80000244	e251e813	ori	x16,x3,-475	  x3:0x8000076d x16=0xffffff6d
        2205000	       219	80000248	019f7933	and	x18,x30,x25	 x30:0x000006f4 x25:0x00000000 x18=0x00000000
        2215000	       220	8000024c	942765b7	lui	x11,0x94276	 x11=0x94276000
        2225000	       221	80000250	fbdd4c03	lbu	x24,-67(x26)	 x26:0x8000888d x24=0x00000000 PA:0x8000884a
        2235000	       222	80000254	bbddb993	sltiu	x19,x27,-1091	 x27:0x0000000d x19=0x00000001
        2245000	       223	80000258	fdbd0583	lb	x11,-37(x26)	 x26:0x8000888d x11=0x00000000 PA:0x80008868
        2255000	       224	8000025c	021d1103	lh	x2,33(x26)	 x26:0x8000888d  x2=0x00000000 PA:0x800088ae
        2265000	       225	80000260	025d0183	lb	x3,37(x26)	 x26:0x8000888d  x3=0x00000000 PA:0x800088b2
        2275000	       226	80000264	031d5403	lhu	x8,49(x26)	 x26:0x8000888d  x8=0x00000000 PA:0x800088be
        2285000	       227	80000268	06fd02a3	sb	x15,101(x26)	 x26:0x8000888d x15:0x34b91000 PA:0x800088f2
        2295000	       228	8000026c	009a20b3	slt	x1,x20,x9	 x20:0x00000000  x9:0x00000001  x1=0x00000001
        2305000	       229	80000270	fe2d27a3	sw	x2,-17(x26)	 x26:0x8000888d  x2:0x00000000 PA:0x8000887c
        2315000	       230	80000274	00009b97	auipc	x23,0x9	 x23=0x80009270
        2325000	       231	80000278	afcb8b93	addi	x23,x23,-1284	 x23:0x80009270 x23=0x80008d6c
        2335000	       232	8000027c	00009917	auipc	x18,0x9	 x18=0x80009278
        2345000	       233	80000280	a9390913	addi	x18,x18,-1389	 x18:0x80009278 x18=0x80008d0b
        2355000	       234	80000284	00009317	auipc	x6,0x9	  x6=0x80009280
        2365000	       235	80000288	c6130313	addi	x6,x6,-927	  x6:0x80009280  x6=0x80008ee1
        2375000	       236	8000028c	00009997	auipc	x19,0x9	 x19=0x80009288
        2385000	       237	80000290	ae098993	addi	x19,x19,-1312	 x19:0x80009288 x19=0x80008d68
        2395000	       238	80000294	06134483	lbu	x9,97(x6)	  x6:0x80008ee1  x9=0x00000000 PA:0x80008f42
        2405000	       239	80000298	ee8982a3	sb	x8,-283(x19)	 x19:0x80008d68  x8:0x00000000 PA:0x80008c4d
        2415000	       240	8000029c	00034803	lbu	x16,0(x6)	  x6:0x80008ee1 x16=0x00000000 PA:0x80008ee1
        2425000	       241	800002a0	b7e9ae23	sw	x30,-1156(x19)	 x19:0x80008d68 x30:0x000006f4 PA:0x800088e4
        2435000	       242	800002a4	00e90b03	lb	x22,14(x18)	 x18:0x80008d0b x22=0x00000000 PA:0x80008d19
        2445000	       243	800002a8	000b8683	lb	x13,0(x23)	 x23:0x80008d6c x13=0x00000000 PA:0x80008d6c
        2455000	       244	800002ac	ffdb8e83	lb	x29,-3(x23)	 x23:0x80008d6c x29=0x00000000 PA:0x80008d69
        2465000	       245	800002b0	000b8283	lb	x5,0(x23)	 x23:0x80008d6c  x5=0x00000000 PA:0x80008d6c
        2475000	       246	800002b4	00008f17	auipc	x30,0x8	 x30=0x800082b0
        2485000	       247	800002b8	5e5f0f13	addi	x30,x30,1509	 x30:0x800082b0 x30=0x80008895
        2495000	       248	800002bc	fedf0d23	sb	x13,-6(x30)	 x30:0x80008895 x13:0x00000000 PA:0x8000888f
        2505000	       249	800002c0	f8791283	lh	x5,-121(x18)	 x18:0x80008d0b  x5=0x00000000 PA:0x80008c92
        2515000	       250	800002c4	09a34c03	lbu	x24,154(x6)	  x6:0x80008ee1 x24=0x00000000 PA:0x80008f7b
        2525000	       251	800002c8	e2e99e03	lh	x28,-466(x19)	 x19:0x80008d68 x28=0x00000000 PA:0x80008b96
        2535000	       252	800002cc	dad98783	lb	x15,-595(x19)	 x19:0x80008d68 x15=0x00000000 PA:0x80008b15
        2545000	       253	800002d0	ffcb8d03	lb	x26,-4(x23)	 x23:0x80008d6c x26=0x00000000 PA:0x80008d68
        2555000	       254	800002d4	0c135683	lhu	x13,193(x6)	  x6:0x80008ee1 x13=0x00000000 PA:0x80008fa2
        2565000	       255	800002d8	02c987a3	sb	x12,47(x19)	 x19:0x80008d68 x12:0x80009f84 PA:0x80008d97
        2575000	       256	800002dc	f3690f23	sb	x22,-194(x18)	 x18:0x80008d0b x22:0x00000000 PA:0x80008c49
        2585000	       257	800002e0	c6d98b03	lb	x22,-915(x19)	 x19:0x80008d68 x22=0x00000000 PA:0x800089d5
        2595000	       258	800002e4	fe5b8823	sb	x5,-16(x23)	 x23:0x80008d6c  x5:0x00000000 PA:0x80008d5c
        2605000	       259	800002e8	00af4503	lbu	x10,10(x30)	 x30:0x80008895 x10=0x00000000 PA:0x8000889f
        2615000	       260	800002ec	ff9f29a3	sw	x25,-13(x30)	 x30:0x80008895 x25:0x00000000 PA:0x80008888
        2625000	       261	800002f0	06834f83	lbu	x31,104(x6)	  x6:0x80008ee1 x31=0x00000000 PA:0x80008f49
        2635000	       262	00000000	00000013	addi	x0,x0,0	  x0:0x00000000
        2645000	       263	800002f4	01fbc483	lbu	x9,31(x23)	 x23:0x80008d6c  x9=0x00000000 PA:0x80008d8b
        2655000	       264	800002f8	f2490b03	lb	x22,-220(x18)	 x18:0x80008d0b x22=0x00000000 PA:0x80008c2f
        2665000	       265	800002fc	0df319a3	sh	x31,211(x6)	  x6:0x80008ee1 x31:0x00000000 PA:0x80008fb4
        2675000	       266	80000300	014f01a3	sb	x20,3(x30)	 x30:0x80008895 x20:0x00000000 PA:0x80008898
        2685000	       267	80000304	f0490003	lb	x0,-252(x18)	 x18:0x80008d0b PA:0x80008c0f
        2695000	       268	80000308	cfe9d883	lhu	x17,-770(x19)	 x19:0x80008d68 x17=0x00000000 PA:0x80008a66
        2705000	       269	8000030c	007f4503	lbu	x10,7(x30)	 x30:0x80008895 x10=0x00000000 PA:0x8000889c
        2715000	       270	80000310	fc8bce83	lbu	x29,-56(x23)	 x23:0x80008d6c x29=0x00000000 PA:0x80008d34
        2725000	       271	80000314	ff6bdc03	lhu	x24,-10(x23)	 x23:0x80008d6c x24=0x00000000 PA:0x80008d62
        2735000	       272	80000318	cff9c683	lbu	x13,-769(x19)	 x19:0x80008d68 x13=0x00000000 PA:0x80008a67
        2745000	       273	8000031c	04275263	bge	x14,x2,80000360	 x14:0x00000000  x2:0x00000000
        2755000	       274	00000000	00000013	addi	x0,x0,0	  x0:0x00000000
        2765000	       275	8000035c	00000013	addi	x0,x0,0	  x0:0x00000000
        2775000	       276	80000360	01026733	or	x14,x4,x16	  x4:0x80009fc4 x16:0x00000000 x14=0x80009fc4
        2785000	       277	80000364	01cd41b3	xor	x3,x26,x28	 x26:0x00000000 x28:0x00000000  x3=0x00000000
        2795000	       278	80000368	ceb03cb7	lui	x25,0xceb03	 x25=0xceb03000
        2805000	       279	8000036c	012011b3	sll	x3,x0,x18	  x0:0x00000000 x18:0x80008d0b  x3=0x00000000
        2815000	       280	80000370	e0216793	ori	x15,x2,-510	  x2:0x00000000 x15=0xfffffe02
        2825000	       281	80000374	01056263	bltu	x10,x16,80000378	 x10:0x00000000 x16:0x00000000
        2835000	       282	80000378	132ff113	andi	x2,x31,306	 x31:0x00000000  x2=0x00000000
        2845000	       283	8000037c	00fe8f33	add	x30,x29,x15	 x29:0x00000000 x15:0xfffffe02 x30=0xfffffe02
        2855000	       284	80000380	00580533	add	x10,x16,x5	 x16:0x00000000  x5:0x00000000 x10=0x00000000
        2865000	       285	80000384	00000497	auipc	x9,0x0	  x9=0x80000380
        2875000	       286	80000388	24c48493	addi	x9,x9,588	  x9:0x80000380  x9=0x800005cc
        2885000	       287	8000038c	400f5b93	srai	x23,x30,0x0	 x30:0xfffffe02 x23=0xfffffe02
        2895000	       288	80000390	13848493	addi	x9,x9,312	  x9:0x800005cc  x9=0x80000704
        2905000	       289	80000394	4ee3b593	sltiu	x11,x7,1262	  x7:0xa0000000 x11=0x00000000
        2915000	       290	80000398	0065da93	srli	x21,x11,0x6	 x11:0x00000000 x21=0x00000000
        2925000	       291	8000039c	00136833	or	x16,x6,x1	  x6:0x80008ee1  x1:0x00000001 x16=0x80008ee1
        2935000	       292	800003a0	41d15fb3	sra	x31,x2,x29	  x2:0x00000000 x29:0x00000000 x31=0x00000000
        2945000	       293	800003a4	a7f076b7	lui	x13,0xa7f07	 x13=0xa7f07000
        2955000	       294	800003a8	00c81193	slli	x3,x16,0xc	 x16:0x80008ee1  x3=0x08ee1000
        2965000	       295	800003ac	01c6bf33	sltu	x30,x13,x28	 x13:0xa7f07000 x28:0x00000000 x30=0x00000000
        2975000	       296	800003b0	ec848367	jalr	x6,x9,-312	  x9:0x80000704  x6=0x800003b0
        2985000	       297	00000000	00000013	addi	x0,x0,0	  x0:0x00000000
        2995000	       298	800005cc	00000013	addi	x0,x0,0	  x0:0x00000000
        3005000	       299	800005d0	0bc6ba13	sltiu	x20,x13,188	 x13:0xa7f07000 x20=0x00000000
        3015000	       300	800005d4	00e12933	slt	x18,x2,x14	  x2:0x00000000 x14:0x80009fc4 x18=0x00000000
        3025000	       301	800005d8	1aa82993	slti	x19,x16,426	 x16:0x80008ee1 x19=0x00000001
        3035000	       302	800005dc	e89c0013	addi	x0,x24,-375	 x24:0x00000000
        3045000	       303	800005e0	01c3f663	bgeu	x7,x28,800005ec	  x7:0xa0000000 x28:0x00000000
        3055000	       304	00000000	00000013	addi	x0,x0,0	  x0:0x00000000
        3065000	       305	800005e8	00000013	addi	x0,x0,0	  x0:0x00000000
        3075000	       306	800005ec	fe460613	addi	x12,x12,-28	 x12:0x80009f84 x12=0x80009f68
        3085000	       307	800005f0	0a877493	andi	x9,x14,168	 x14:0x80009fc4  x9=0x00000080
        3095000	       308	800005f4	00b7a1b3	slt	x3,x15,x11	 x15:0xfffffe02 x11:0x00000000  x3=0x00000001
        3105000	       309	800005f8	01e7cfb3	xor	x31,x15,x30	 x15:0xfffffe02 x30:0x00000000 x31=0xfffffe02
        3115000	       310	800005fc	00662223	sw	x6,4(x12)	 x12:0x80009f68  x6:0x800003b0 PA:0x80009f6c
        3125000	       311	80000600	5a3a8f93	addi	x31,x21,1443	 x21:0x00000000 x31=0x000005a3
        3135000	       312	80000604	0307e463	bltu	x15,x16,8000062c	 x15:0xfffffe02 x16:0x80008ee1
        3145000	       313	80000608	0495d863	bge	x11,x9,80000658	 x11:0x00000000  x9:0x00000080
        3155000	       314	8000060c	00be61b3	or	x3,x28,x11	 x28:0x00000000 x11:0x00000000  x3=0x00000000
        3165000	       315	80000610	015a1f93	slli	x31,x20,0x15	 x20:0x00000000 x31=0x00000000
        3175000	       316	80000614	41680433	sub	x8,x16,x22	 x16:0x80008ee1 x22:0x00000000  x8=0x80008ee1
        3185000	       317	80000618	00c01913	slli	x18,x0,0xc	  x0:0x00000000 x18=0x00000000
        3195000	       318	8000061c	ccecce93	xori	x29,x25,-818	 x25:0xceb03000 x29=0x314fccce
        3205000	       319	80000620	0091d393	srli	x7,x3,0x9	  x3:0x00000000  x7=0x00000000
        3215000	       320	80000624	02866263	bltu	x12,x8,80000648	 x12:0x80009f68  x8:0x80008ee1
        3225000	       321	80000628	23077313	andi	x6,x14,560	 x14:0x80009fc4  x6=0x00000200
        3235000	       322	8000062c	003c5c63	bge	x24,x3,80000644	 x24:0x00000000  x3:0x00000000
        3245000	       323	00000000	00000013	addi	x0,x0,0	  x0:0x00000000
        3255000	       324	80000640	00000013	addi	x0,x0,0	  x0:0x00000000
        3265000	       325	80000644	40c7d693	srai	x13,x15,0xc	 x15:0xfffffe02 x13=0xffffffff
        3275000	       326	80000648	04df4063	blt	x30,x13,80000688	 x30:0x00000000 x13:0xffffffff
        3285000	       327	8000064c	001ec4b3	xor	x9,x29,x1	 x29:0x314fccce  x1:0x00000001  x9=0x314fcccf
        3295000	       328	80000650	00000013	addi	x0,x0,0	  x0:0x00000000
        3305000	       329	80000654	0192d8b3	srl	x17,x5,x25	  x5:0x00000000 x25:0xceb03000 x17=0x00000000
        3315000	       330	80000658	00ac5f13	srli	x30,x24,0xa	 x24:0x00000000 x30=0x00000000
        3325000	       331	8000065c	4177d593	srai	x11,x15,0x17	 x15:0xfffffe02 x11=0xffffffff
        3335000	       332	80000660	01cfc733	xor	x14,x31,x28	 x31:0x00000000 x28:0x00000000 x14=0x00000000
        3345000	       333	80000664	41385893	srai	x17,x16,0x13	 x16:0x80008ee1 x17=0xfffff000
        3355000	       334	80000668	adfaa013	slti	x0,x21,-1313	 x21:0x00000000
        3365000	       335	8000066c	01435733	srl	x14,x6,x20	  x6:0x00000200 x20:0x00000000 x14=0x00000200
        3375000	       336	80000670	00a5a033	slt	x0,x11,x10	 x11:0xffffffff x10:0x00000000
        3385000	       337	80000674	014c5693	srli	x13,x24,0x14	 x24:0x00000000 x13=0x00000000
        3395000	       338	80000678	0493d663	bge	x7,x9,800006c4	  x7:0x00000000  x9:0x314fcccf
        3405000	       339	8000067c	b6de7793	andi	x15,x28,-1171	 x28:0x00000000 x15=0x00000000
        3415000	       340	80000680	01952733	slt	x14,x10,x25	 x10:0x00000000 x25:0xceb03000 x14=0x00000000
        3425000	       341	80000684	7535a293	slti	x5,x11,1875	 x11:0xffffffff  x5=0x00000001
        3435000	       342	80000688	029dec63	bltu	x27,x9,800006c0	 x27:0x0000000d  x9:0x314fcccf
        3445000	       343	00000000	00000013	addi	x0,x0,0	  x0:0x00000000
        3455000	       344	800006bc	00000013	addi	x0,x0,0	  x0:0x00000000
        3465000	       345	800006c0	296a7713	andi	x14,x20,662	 x20:0x00000000 x14=0x00000000
        3475000	       346	800006c4	98e62493	slti	x9,x12,-1650	 x12:0x80009f68  x9=0x00000001
        3485000	       347	800006c8	282fb937	lui	x18,0x282fb	 x18=0x282fb000
        3495000	       348	800006cc	009e9713	slli	x14,x29,0x9	 x29:0x314fccce x14=0x9f999c00
        3505000	       349	800006d0	3b2ea817	auipc	x16,0x3b2ea	 x16=0xbb2ea6cc
        3515000	       350	800006d4	05259863	bne	x11,x18,80000724	 x11:0xffffffff x18:0x282fb000
        3525000	       351	00000000	00000013	addi	x0,x0,0	  x0:0x00000000
        3535000	       352	80000720	00000013	addi	x0,x0,0	  x0:0x00000000
        3545000	       353	80000724	4083df93	srai	x31,x7,0x8	  x7:0x00000000 x31=0x00000000
        3555000	       354	80000728	01dc8433	add	x8,x25,x29	 x25:0xceb03000 x29:0x314fccce  x8=0xfffffcce
        3565000	       355	8000072c	01004263	blt	x0,x16,80000730	  x0:0x00000000 x16:0xbb2ea6cc
        3575000	       356	80000730	41918133	sub	x2,x3,x25	  x3:0x00000000 x25:0xceb03000  x2=0x314fd000
        3585000	       357	80000734	018fe533	or	x10,x31,x24	 x31:0x00000000 x24:0x00000000 x10=0x00000000
        3595000	       358	80000738	0069c7b3	xor	x15,x19,x6	 x19:0x00000001  x6:0x00000200 x15=0x00000201
        3605000	       359	8000073c	00cc54b3	srl	x9,x24,x12	 x24:0x00000000 x12:0x80009f68  x9=0x00000000
        3615000	       360	80000740	00462303	lw	x6,4(x12)	 x12:0x80009f68  x6=0x800003b0 PA:0x80009f6c
        3625000	       361	80000744	1fdc6d13	ori	x26,x24,509	 x24:0x00000000 x26=0x000001fd
        3635000	       362	80000748	01b1f7b3	and	x15,x3,x27	  x3:0x00000000 x27:0x0000000d x15=0x00000000
        3645000	       363	8000074c	01c60613	addi	x12,x12,28	 x12:0x80009f68 x12=0x80009f84
        3655000	       364	80000750	012b2fb3	slt	x31,x22,x18	 x22:0x00000000 x18:0x282fb000 x31=0x00000001
        3665000	       365	80000754	000304b3	add	x9,x6,x0	  x6:0x800003b0  x0:0x00000000  x9=0x800003b0
        3675000	       366	80000758	01b33c33	sltu	x24,x6,x27	  x6:0x800003b0 x27:0x0000000d x24=0x00000000
        3685000	       367	8000075c	00130113	addi	x2,x6,1	  x6:0x800003b0  x2=0x800003b1
        3695000	       368	80000760	00010167	jalr	x2,x2,0	  x2:0x800003b1  x2=0x80000760
        3705000	       369	00000000	00000013	addi	x0,x0,0	  x0:0x00000000
        3715000	       370	800003b0	00000013	addi	x0,x0,0	  x0:0x00000000
        3725000	       371	800003b4	e60a7b93	andi	x23,x20,-416	 x20:0x00000000 x23=0x00000000
        3735000	       372	800003b8	00000013	addi	x0,x0,0	  x0:0x00000000
        3745000	       373	800003bc	9e788817	auipc	x16,0x9e788	 x16=0x1e7883b8
        3755000	       374	800003c0	49118813	addi	x16,x3,1169	  x3:0x00000000 x16=0x00000491
        3765000	       375	800003c4	01807863	bgeu	x0,x24,800003d4	  x0:0x00000000 x24:0x00000000
        3775000	       376	00000000	00000013	addi	x0,x0,0	  x0:0x00000000
        3785000	       377	800003d0	00000013	addi	x0,x0,0	  x0:0x00000000
        3795000	       378	800003d4	00abde93	srli	x29,x23,0xa	 x23:0x00000000 x29=0x00000000
        3805000	       379	800003d8	64a53c13	sltiu	x24,x10,1610	 x10:0x00000000 x24=0x00000001
        3815000	       380	800003dc	b64bb2b7	lui	x5,0xb64bb	  x5=0xb64bb000
        3825000	       381	800003e0	005c7933	and	x18,x24,x5	 x24:0x00000001  x5:0xb64bb000 x18=0x00000000
        3835000	       382	800003e4	008fc5b3	xor	x11,x31,x8	 x31:0x00000001  x8:0xfffffcce x11=0xfffffccf
        3845000	       383	800003e8	00121833	sll	x16,x4,x1	  x4:0x80009fc4  x1:0x00000001 x16=0x00013f88
        3855000	       384	800003ec	20a9cb37	lui	x22,0x20a9c	 x22=0x20a9c000
        3865000	       385	800003f0	00cf1b13	slli	x22,x30,0xc	 x30:0x00000000 x22=0x00000000
        3875000	       386	800003f4	02a60c63	beq	x12,x10,8000042c	 x12:0x80009f84 x10:0x00000000
        3885000	       387	800003f8	2adbe393	ori	x7,x23,685	 x23:0x00000000  x7=0x000002ad
        3895000	       388	800003fc	00000013	addi	x0,x0,0	  x0:0x00000000
        3905000	       389	80000400	472213b7	lui	x7,0x47221	  x7=0x47221000
        3915000	       390	80000404	0187d9b3	srl	x19,x15,x24	 x15:0x00000000 x24:0x00000001 x19=0x00000000
        3925000	       391	80000408	2848f113	andi	x2,x17,644	 x17:0xfffff000  x2=0x00000000
        3935000	       392	8000040c	0193e5b3	or	x11,x7,x25	  x7:0x47221000 x25:0xceb03000 x11=0xcfb23000
        3945000	       393	80000410	00ad0c63	beq	x26,x10,80000428	 x26:0x000001fd x10:0x00000000
        3955000	       394	80000414	0157da93	srli	x21,x15,0x15	 x15:0x00000000 x21=0x00000000
        3965000	       395	80000418	0015afb3	slt	x31,x11,x1	 x11:0xcfb23000  x1:0x00000001 x31=0x00000001
        3975000	       396	8000041c	03f60c63	beq	x12,x31,80000454	 x12:0x80009f84 x31:0x00000001
        3985000	       397	80000420	02715463	bge	x2,x7,80000448	  x2:0x00000000  x7:0x47221000
        3995000	       398	80000424	185dbf13	sltiu	x30,x27,389	 x27:0x0000000d x30=0x00000001
        4005000	       399	80000428	780d3693	sltiu	x13,x26,1920	 x26:0x000001fd x13=0x00000001
        4015000	       400	8000042c	647699b7	lui	x19,0x64769	 x19=0x64769000
        4025000	       401	80000430	00f7fb33	and	x22,x15,x15	 x15:0x00000000 x15:0x00000000 x22=0x00000000
        4035000	       402	80000434	01d3c463	blt	x7,x29,8000043c	  x7:0x47221000 x29:0x00000000
        4045000	       403	80000438	1c514417	auipc	x8,0x1c514	  x8=0x9c514434
        4055000	       404	8000043c	bd7f7a13	andi	x20,x30,-1065	 x30:0x00000001 x20=0x00000001
        4065000	       405	80000440	a322eb17	auipc	x22,0xa322e	 x22=0x2322e43c
        4075000	       406	80000444	def81f97	auipc	x31,0xdef81	 x31=0x5ef81440
        4085000	       407	80000448	001ea8b3	slt	x17,x29,x1	 x29:0x00000000  x1:0x00000001 x17=0x00000001
        4095000	       408	8000044c	0076fbb3	and	x23,x13,x7	 x13:0x00000001  x7:0x47221000 x23=0x00000000
        4105000	       409	80000450	07d94663	blt	x18,x29,800004bc	 x18:0x00000000 x29:0x00000000
        4115000	       410	80000454	80780793	addi	x15,x16,-2041	 x16:0x00013f88 x15=0x0001378f
        4125000	       411	80000458	ce0fcb13	xori	x22,x31,-800	 x31:0x5ef81440 x22=0xa107e8a0
        4135000	       412	8000045c	00c04a33	xor	x20,x0,x12	  x0:0x00000000 x12:0x80009f84 x20=0x80009f84
        4145000	       413	80000460	01facbb3	xor	x23,x21,x31	 x21:0x00000000 x31:0x5ef81440 x23=0x5ef81440
        4155000	       414	80000464	fcdb38b7	lui	x17,0xfcdb3	 x17=0xfcdb3000
        4165000	       415	80000468	41f38cb3	sub	x25,x7,x31	  x7:0x47221000 x31:0x5ef81440 x25=0xe829fbc0
        4175000	       416	8000046c	07584263	blt	x16,x21,800004d0	 x16:0x00013f88 x21:0x00000000
        4185000	       417	80000470	13ec2b93	slti	x23,x24,318	 x24:0x00000001 x23=0x00000001
        4195000	       418	80000474	003d1463	bne	x26,x3,8000047c	 x26:0x000001fd  x3:0x00000000
        4205000	       419	00000000	00000013	addi	x0,x0,0	  x0:0x00000000
        4215000	       420	80000478	00000013	addi	x0,x0,0	  x0:0x00000000
        4225000	       421	8000047c	0192beb3	sltu	x29,x5,x25	  x5:0xb64bb000 x25:0xe829fbc0 x29=0x00000001
        4235000	       422	80000480	c4370413	addi	x8,x14,-957	 x14:0x9f999c00  x8=0x9f999843
        4245000	       423	80000484	01388e33	add	x28,x17,x19	 x17:0xfcdb3000 x19:0x64769000 x28=0x6151c000
        4255000	       424	80000488	8afdec13	ori	x24,x27,-1873	 x27:0x0000000d x24=0xfffff8af
        4265000	       425	8000048c	011c4533	xor	x10,x24,x17	 x24:0xfffff8af x17:0xfcdb3000 x10=0x0324c8af
        4275000	       426	80000490	00000a97	auipc	x21,0x0	 x21=0x8000048c
        4285000	       427	80000494	2d4a8a93	addi	x21,x21,724	 x21:0x8000048c x21=0x80000760
        4295000	       428	80000498	019c0733	add	x14,x24,x25	 x24:0xfffff8af x25:0xe829fbc0 x14=0xe829f46f
        4305000	       429	8000049c	00f0df93	srli	x31,x1,0xf	  x1:0x00000001 x31=0x00000000
        4315000	       430	800004a0	40dc5793	srai	x15,x24,0xd	 x24:0xfffff8af x15=0xffffffff
        4325000	       431	800004a4	411e86b3	sub	x13,x29,x17	 x29:0x00000001 x17:0xfcdb3000 x13=0x0324d001
        4335000	       432	800004a8	1b3a8a93	addi	x21,x21,435	 x21:0x80000760 x21=0x80000913
        4345000	       433	800004ac	6d6be713	ori	x14,x23,1750	 x23:0x00000001 x14=0x000006d7
        4355000	       434	800004b0	e4ea8367	jalr	x6,x21,-434	 x21:0x80000913  x6=0x800004b0
        4365000	       435	00000000	00000013	addi	x0,x0,0	  x0:0x00000000
        4375000	       436	80000760	00000013	addi	x0,x0,0	  x0:0x00000000
        4385000	       437	80000764	098b3d13	sltiu	x26,x22,152	 x22:0xa107e8a0 x26=0x00000000
        4395000	       438	80000768	c7aabc13	sltiu	x24,x21,-902	 x21:0x80000913 x24=0x00000001
        4405000	       439	8000076c	00e1db33	srl	x22,x3,x14	  x3:0x00000000 x14:0x000006d7 x22=0x00000000
        4415000	       440	80000770	86322c13	slti	x24,x4,-1949	  x4:0x80009fc4 x24=0x00000001
        4425000	       441	80000774	0059d793	srli	x15,x19,0x5	 x19:0x64769000 x15=0x0323b480
        4435000	       442	80000778	fec60613	addi	x12,x12,-20	 x12:0x80009f84 x12=0x80009f70
        4445000	       443	8000077c	00662223	sw	x6,4(x12)	 x12:0x80009f70  x6:0x800004b0 PA:0x80009f74
        4455000	       444	80000780	7ff2be13	sltiu	x28,x5,2047	  x5:0xb64bb000 x28=0x00000000
        4465000	       445	80000784	4b066393	ori	x7,x12,1200	 x12:0x80009f70  x7=0x80009ff0
        4475000	       446	80000788	0057b133	sltu	x2,x15,x5	 x15:0x0323b480  x5:0xb64bb000  x2=0x00000001
        4485000	       447	8000078c	01880a33	add	x20,x16,x24	 x16:0x00013f88 x24:0x00000001 x20=0x00013f89
        4495000	       448	80000790	00008117	auipc	x2,0x8	  x2=0x8000878c
        4505000	       449	80000794	fcd10113	addi	x2,x2,-51	  x2:0x8000878c  x2=0x80008759
        4515000	       450	80000798	01505d13	srli	x26,x0,0x15	  x0:0x00000000 x26=0x00000000
        4525000	       451	8000079c	002ea833	slt	x16,x29,x2	 x29:0x00000001  x2:0x80008759 x16=0x00000000
        4535000	       452	800007a0	412f5d33	sra	x26,x30,x18	 x30:0x00000001 x18:0x00000000 x26=0x00000001
        4545000	       453	800007a4	003c5093	srli	x1,x24,0x3	 x24:0x00000001  x1=0x00000000
        4555000	       454	800007a8	00e10683	lb	x13,14(x2)	  x2:0x80008759 x13=0x00000000 PA:0x80008767
        4565000	       455	800007ac	00f10223	sb	x15,4(x2)	  x2:0x80008759 x15:0x0323b480 PA:0x8000875d
        4575000	       456	800007b0	ffb109a3	sb	x27,-13(x2)	  x2:0x80008759 x27:0x0000000d PA:0x8000874c
        4585000	       457	800007b4	a8f271b7	lui	x3,0xa8f27	  x3=0xa8f27000
        4595000	       458	800007b8	65bb0993	addi	x19,x22,1627	 x22:0x00000000 x19=0x0000065b
        4605000	       459	800007bc	ff810f03	lb	x30,-8(x2)	  x2:0x80008759 x30=0x00000000 PA:0x80008751
        4615000	       460	800007c0	005104a3	sb	x5,9(x2)	  x2:0x80008759  x5:0xb64bb000 PA:0x80008762
        4625000	       461	800007c4	ff010683	lb	x13,-16(x2)	  x2:0x80008759 x13=0x00000000 PA:0x80008749
        4635000	       462	800007c8	ff715303	lhu	x6,-9(x2)	  x2:0x80008759  x6=0x00000000 PA:0x80008750
        4645000	       463	800007cc	e5902b93	slti	x23,x0,-423	  x0:0x00000000 x23=0x00000000
        4655000	       464	800007d0	ff210403	lb	x8,-14(x2)	  x2:0x80008759  x8=0x00000000 PA:0x8000874b
        4665000	       465	800007d4	ff414c03	lbu	x24,-12(x2)	  x2:0x80008759 x24=0x00000000 PA:0x8000874d
        4675000	       466	800007d8	ffe10823	sb	x30,-16(x2)	  x2:0x80008759 x30:0x00000000 PA:0x80008749
        4685000	       467	800007dc	511d4813	xori	x16,x26,1297	 x26:0x00000001 x16=0x00000510
        4695000	       468	800007e0	00000013	addi	x0,x0,0	  x0:0x00000000
        4705000	       469	800007e4	00515e03	lhu	x28,5(x2)	  x2:0x80008759 x28=0x00000000 PA:0x8000875e
        4715000	       470	800007e8	ff810183	lb	x3,-8(x2)	  x2:0x80008759  x3=0x00000000 PA:0x80008751
        4725000	       471	800007ec	004110a3	sh	x4,1(x2)	  x2:0x80008759  x4:0x80009fc4 PA:0x8000875a
        4735000	       472	800007f0	003bbeb3	sltu	x29,x23,x3	 x23:0x00000000  x3:0x00000000 x29=0x00000000
        4745000	       473	800007f4	00510c83	lb	x25,5(x2)	  x2:0x80008759 x25=0x00000000 PA:0x8000875e
        4755000	       474	800007f8	ff410f23	sb	x20,-2(x2)	  x2:0x80008759 x20:0x00013f89 PA:0x80008757
        4765000	       475	800007fc	01fc0733	add	x14,x24,x31	 x24:0x00000000 x31:0x00000000 x14=0x00000000
        4775000	       476	80000800	ffc14c03	lbu	x24,-4(x2)	  x2:0x80008759 x24=0x00000000 PA:0x80008755
        4785000	       477	80000804	00b12783	lw	x15,11(x2)	  x2:0x80008759 x15=0x00000000 PA:0x80008764
        4795000	       478	80000808	ff110b23	sb	x17,-10(x2)	  x2:0x80008759 x17:0xfcdb3000 PA:0x8000874f
        4805000	       479	8000080c	01310323	sb	x19,6(x2)	  x2:0x80008759 x19:0x0000065b PA:0x8000875f
        4815000	       480	80000810	53906193	ori	x3,x0,1337	  x0:0x00000000  x3=0x00000539
        4825000	       481	80000814	fff12903	lw	x18,-1(x2)	  x2:0x80008759 x18=0x9fc40000 PA:0x80008758
        4835000	       482	80000818	00610c03	lb	x24,6(x2)	  x2:0x80008759 x24=0x0000005b PA:0x8000875f
        4845000	       483	8000081c	ffa10c23	sb	x26,-8(x2)	  x2:0x80008759 x26:0x00000001 PA:0x80008751
        4855000	       484	80000820	00000013	addi	x0,x0,0	  x0:0x00000000
        4865000	       485	80000824	00b10023	sb	x11,0(x2)	  x2:0x80008759 x11:0xcfb23000 PA:0x80008759
        4875000	       486	80000828	00614903	lbu	x18,6(x2)	  x2:0x80008759 x18=0x0000005b PA:0x8000875f
        4885000	       487	8000082c	0055c933	xor	x18,x11,x5	 x11:0xcfb23000  x5:0xb64bb000 x18=0x79f98000
        4895000	       488	80000830	0152dfb3	srl	x31,x5,x21	  x5:0xb64bb000 x21:0x80000913 x31=0x000016c9
        4905000	       489	80000834	ffa10b23	sb	x26,-10(x2)	  x2:0x80008759 x26:0x00000001 PA:0x8000874f
        4915000	       490	80000838	00008f17	auipc	x30,0x8	 x30=0x80008834
        4925000	       491	8000083c	c92f0f13	addi	x30,x30,-878	 x30:0x80008834 x30=0x800084c6
        4935000	       492	80000840	00008997	auipc	x19,0x8	 x19=0x8000883c
        4945000	       493	80000844	a1498993	addi	x19,x19,-1516	 x19:0x8000883c x19=0x80008250
        4955000	       494	80000848	000f1783	lh	x15,0(x30)	 x30:0x800084c6 x15=0x00000000 PA:0x800084c6
        4965000	       495	8000084c	00008b97	auipc	x23,0x8	 x23=0x80008848
        4975000	       496	80000850	e6eb8b93	addi	x23,x23,-402	 x23:0x80008848 x23=0x800086b6
        4985000	       497	80000854	fd598403	lb	x8,-43(x19)	 x19:0x80008250  x8=0x00000000 PA:0x80008225
        4995000	       498	80000858	f9abaa03	lw	x20,-102(x23)	 x23:0x800086b6 x20=0x00000000 PA:0x80008650
        5005000	       499	8000085c	fe1f0aa3	sb	x1,-11(x30)	 x30:0x800084c6  x1:0x00000000 PA:0x800084bb
        5015000	       500	80000860	ff2f2c83	lw	x25,-14(x30)	 x30:0x800084c6 x25=0x00000000 PA:0x800084b8
        5025000	       501	80000864	01ef03a3	sb	x30,7(x30)	 x30:0x800084c6 x30:0x800084c6 PA:0x800084cd
        5035000	       502	80000868	0299c883	lbu	x17,41(x19)	 x19:0x80008250 x17=0x00000000 PA:0x80008279
        5045000	       503	8000086c	f16b8803	lb	x16,-234(x23)	 x23:0x800086b6 x16=0x00000000 PA:0x800085cc
        5055000	       504	80000870	ffbf0b23	sb	x27,-10(x30)	 x30:0x800084c6 x27:0x0000000d PA:0x800084bc
        5065000	       505	80000874	ffa99d23	sh	x26,-6(x19)	 x19:0x80008250 x26:0x00000001 PA:0x8000824a
        5075000	       506	80000878	f7ab9e03	lh	x28,-134(x23)	 x23:0x800086b6 x28=0x00000000 PA:0x80008630
        5085000	       507	8000087c	004f0823	sb	x4,16(x30)	 x30:0x800084c6  x4:0x80009fc4 PA:0x800084d6
        5095000	       508	80000880	00ff4183	lbu	x3,15(x30)	 x30:0x800084c6  x3=0x00000000 PA:0x800084d5
        5105000	       509	80000884	0079cb03	lbu	x22,7(x19)	 x19:0x80008250 x22=0x00000000 PA:0x80008257
        5115000	       510	80000888	0c5bc583	lbu	x11,197(x23)	 x23:0x800086b6 x11=0x00000000 PA:0x8000877b
        5125000	       511	8000088c	f91b8ea3	sb	x17,-99(x23)	 x23:0x800086b6 x17:0x00000000 PA:0x80008653
        5135000	       512	80000890	fc9988a3	sb	x9,-47(x19)	 x19:0x80008250  x9:0x800003b0 PA:0x80008221
        5145000	       513	80000894	00498903	lb	x18,4(x19)	 x19:0x80008250 x18=0x00000000 PA:0x80008254
        5155000	       514	80000898	00098003	lb	x0,0(x19)	 x19:0x80008250 PA:0x80008250
        5165000	       515	8000089c	017f07a3	sb	x23,15(x30)	 x30:0x800084c6 x23:0x800086b6 PA:0x800084d5
        5175000	       516	800008a0	f2fb8123	sb	x15,-222(x23)	 x23:0x800086b6 x15:0x00000000 PA:0x800085d8
        5185000	       517	800008a4	ff8f0fa3	sb	x24,-1(x30)	 x30:0x800084c6 x24:0x0000005b PA:0x800084c5
        5195000	       518	800008a8	fe398f83	lb	x31,-29(x19)	 x19:0x80008250 x31=0x00000000 PA:0x80008233
        5205000	       519	800008ac	03598323	sb	x21,38(x19)	 x19:0x80008250 x21:0x80000913 PA:0x80008276
        5215000	       520	800008b0	00008197	auipc	x3,0x8	  x3=0x800088ac
        5225000	       521	800008b4	60c18193	addi	x3,x3,1548	  x3:0x800088ac  x3=0x80008eb8
        5235000	       522	800008b8	ff518283	lb	x5,-11(x3)	  x3:0x80008eb8  x5=0x00000000 PA:0x80008ead
        5245000	       523	800008bc	ff118aa3	sb	x17,-11(x3)	  x3:0x80008eb8 x17:0x00000000 PA:0x80008ead
        5255000	       524	800008c0	00a1df03	lhu	x30,10(x3)	  x3:0x80008eb8 x30=0x00000000 PA:0x80008ec2
        5265000	       525	800008c4	97318c13	addi	x24,x3,-1677	  x3:0x80008eb8 x24=0x8000882b
        5275000	       526	800008c8	00678b33	add	x22,x15,x6	 x15:0x00000000  x6:0x00000000 x22=0x00000000
        5285000	       527	800008cc	00718883	lb	x17,7(x3)	  x3:0x80008eb8 x17=0x00000000 PA:0x80008ebf
        5295000	       528	800008d0	01a18423	sb	x26,8(x3)	  x3:0x80008eb8 x26:0x00000001 PA:0x80008ec0
        5305000	       529	800008d4	00819503	lh	x10,8(x3)	  x3:0x80008eb8 x10=0x00000001 PA:0x80008ec0
        5315000	       530	800008d8	ff619703	lh	x14,-10(x3)	  x3:0x80008eb8 x14=0x00000000 PA:0x80008eae
        5325000	       531	800008dc	ff218b23	sb	x18,-10(x3)	  x3:0x80008eb8 x18:0x00000000 PA:0x80008eae
        5335000	       532	800008e0	ff61c283	lbu	x5,-10(x3)	  x3:0x80008eb8  x5=0x00000000 PA:0x80008eae
        5345000	       533	800008e4	ff61d003	lhu	x0,-10(x3)	  x3:0x80008eb8 PA:0x80008eae
        5355000	       534	800008e8	01019783	lh	x15,16(x3)	  x3:0x80008eb8 x15=0x00000000 PA:0x80008ec8
        5365000	       535	800008ec	01018a03	lb	x20,16(x3)	  x3:0x80008eb8 x20=0x00000000 PA:0x80008ec8
        5375000	       536	800008f0	ff818823	sb	x24,-16(x3)	  x3:0x80008eb8 x24:0x8000882b PA:0x80008ea8
        5385000	       537	800008f4	0001c103	lbu	x2,0(x3)	  x3:0x80008eb8  x2=0x00000000 PA:0x80008eb8
        5395000	       538	800008f8	0011a023	sw	x1,0(x3)	  x3:0x80008eb8  x1:0x00000000 PA:0x80008eb8
        5405000	       539	800008fc	00008117	auipc	x2,0x8	  x2=0x800088f8
        5415000	       540	80000900	c1810113	addi	x2,x2,-1000	  x2:0x800088f8  x2=0x80008510
        5425000	       541	80000904	00008397	auipc	x7,0x8	  x7=0x80008900
        5435000	       542	80000908	ba738393	addi	x7,x7,-1113	  x7:0x80008900  x7=0x800084a7
        5445000	       543	8000090c	00008c17	auipc	x24,0x8	 x24=0x80008908
        5455000	       544	80000910	ac9c0c13	addi	x24,x24,-1335	 x24:0x80008908 x24=0x800083d1
        5465000	       545	80000914	00008917	auipc	x18,0x8	 x18=0x80008910
        5475000	       546	80000918	a9f90913	addi	x18,x18,-1377	 x18:0x80008910 x18=0x800083af
        5485000	       547	8000091c	00008717	auipc	x14,0x8	 x14=0x80008918
        5495000	       548	80000920	eeb70713	addi	x14,x14,-277	 x14:0x80008918 x14=0x80008803
        5505000	       549	80000924	e7d3cb03	lbu	x22,-387(x7)	  x7:0x800084a7 x22=0x00000000 PA:0x80008324
        5515000	       550	80000928	03a94403	lbu	x8,58(x18)	 x18:0x800083af  x8=0x00000000 PA:0x800083e9
        5525000	       551	8000092c	f1d709a3	sb	x29,-237(x14)	 x14:0x80008803 x29:0x00000000 PA:0x80008716
        5535000	       552	80000930	e43386a3	sb	x3,-435(x7)	  x7:0x800084a7  x3:0x80008eb8 PA:0x800082f4
        5545000	       553	80000934	029c1403	lh	x8,41(x24)	 x24:0x800083d1  x8=0x00000000 PA:0x800083fa
        5555000	       554	80000938	03c14d03	lbu	x26,60(x2)	  x2:0x80008510 x26=0x00000000 PA:0x8000854c
        5565000	       555	8000093c	32b38323	sb	x11,806(x7)	  x7:0x800084a7 x11:0x00000000 PA:0x800087cd
        5575000	       556	80000940	fe270b03	lb	x22,-30(x14)	 x14:0x80008803 x22=0x00000000 PA:0x800087e5
        5585000	       557	80000944	fc270783	lb	x15,-62(x14)	 x14:0x80008803 x15=0x00000000 PA:0x800087c5
        5595000	       558	00000000	00000013	addi	x0,x0,0	  x0:0x00000000
        5605000	       559	80000948	02f91403	lh	x8,47(x18)	 x18:0x800083af  x8=0x00000000 PA:0x800083de
        5615000	       560	8000094c	fddc0303	lb	x6,-35(x24)	 x24:0x800083d1  x6=0x00000000 PA:0x800083ae
        5625000	       561	80000950	03bc1683	lh	x13,59(x24)	 x24:0x800083d1 x13=0x00000000 PA:0x8000840c
        5635000	       562	80000954	15a3ce03	lbu	x28,346(x7)	  x7:0x800084a7 x28=0x00000000 PA:0x80008601
        5645000	       563	80000958	fc615683	lhu	x13,-58(x2)	  x2:0x80008510 x13=0x000000c4 PA:0x800084d6
        5655000	       564	8000095c	f9e917a3	sh	x30,-113(x18)	 x18:0x800083af x30:0x00000000 PA:0x8000833e
        5665000	       565	80000960	f8f722a3	sw	x15,-123(x14)	 x14:0x80008803 x15:0x00000000 PA:0x80008788
        5675000	       566	80000964	10138183	lb	x3,257(x7)	  x7:0x800084a7  x3=0x00000000 PA:0x800085a8
        5685000	       567	80000968	fc6722a3	sw	x6,-59(x14)	 x14:0x80008803  x6:0x00000000 PA:0x800087c8
        5695000	       568	8000096c	01211883	lh	x17,18(x2)	  x2:0x80008510 x17=0x00000000 PA:0x80008522
        5705000	       569	80000970	03890303	lb	x6,56(x18)	 x18:0x800083af  x6=0x00000000 PA:0x800083e7
        5715000	       570	80000974	ffdc4803	lbu	x16,-3(x24)	 x24:0x800083d1 x16=0x00000000 PA:0x800083ce
        5725000	       571	80000978	fcd102a3	sb	x13,-59(x2)	  x2:0x80008510 x13:0x000000c4 PA:0x800084d5
        5735000	       572	8000097c	0b13a683	lw	x13,177(x7)	  x7:0x800084a7 x13=0x00000000 PA:0x80008558
        5745000	       573	00000000	00000013	addi	x0,x0,0	  x0:0x00000000
        5755000	       574	80000980	00dc4483	lbu	x9,13(x24)	 x24:0x800083d1  x9=0x00000000 PA:0x800083de
        5765000	       575	80000984	03c15583	lhu	x11,60(x2)	  x2:0x80008510 x11=0x00000000 PA:0x8000854c
        5775000	       576	80000988	fe694e03	lbu	x28,-26(x18)	 x18:0x800083af x28=0x00000000 PA:0x80008395
        5785000	       577	8000098c	fcb105a3	sb	x11,-53(x2)	  x2:0x80008510 x11:0x00000000 PA:0x800084db
        5795000	       578	80000990	c6b3c503	lbu	x10,-917(x7)	  x7:0x800084a7 x10=0x00000000 PA:0x80008112
        5805000	       579	80000994	07490023	sb	x20,96(x18)	 x18:0x800083af x20:0x00000000 PA:0x8000840f
        5815000	       580	80000998	e873cf03	lbu	x30,-377(x7)	  x7:0x800084a7 x30=0x00000000 PA:0x8000832e
        5825000	       581	8000099c	f8c74503	lbu	x10,-116(x14)	 x14:0x80008803 x10=0x00000000 PA:0x8000878f
        5835000	       582	800009a0	fa5713a3	sh	x5,-89(x14)	 x14:0x80008803  x5:0x00000000 PA:0x800087aa
        5845000	       583	800009a4	ffdc4783	lbu	x15,-3(x24)	 x24:0x800083d1 x15=0x00000000 PA:0x800083ce
        5855000	       584	800009a8	00008697	auipc	x13,0x8	 x13=0x800089a4
        5865000	       585	800009ac	15168693	addi	x13,x13,337	 x13:0x800089a4 x13=0x80008af5
        5875000	       586	800009b0	417d5433	sra	x8,x26,x23	 x26:0x00000000 x23:0x800086b6  x8=0x00000000
        5885000	       587	800009b4	01736433	or	x8,x6,x23	  x6:0x00000000 x23:0x800086b6  x8=0x800086b6
        5895000	       588	800009b8	f6b6c703	lbu	x14,-149(x13)	 x13:0x80008af5 x14=0x00000000 PA:0x80008a60
        5905000	       589	800009bc	f6b6c083	lbu	x1,-149(x13)	 x13:0x80008af5  x1=0x00000000 PA:0x80008a60
        5915000	       590	800009c0	f79685a3	sb	x25,-149(x13)	 x13:0x80008af5 x25:0x00000000 PA:0x80008a60
        5925000	       591	800009c4	f6b6dd03	lhu	x26,-149(x13)	 x13:0x80008af5 x26=0x00000000 PA:0x80008a60
        5935000	       592	800009c8	f6a685a3	sb	x10,-149(x13)	 x13:0x80008af5 x10:0x00000000 PA:0x80008a60
        5945000	       593	800009cc	f6b6c703	lbu	x14,-149(x13)	 x13:0x80008af5 x14=0x00000000 PA:0x80008a60
        5955000	       594	800009d0	f786a5a3	sw	x24,-149(x13)	 x13:0x80008af5 x24:0x800083d1 PA:0x80008a60
        5965000	       595	800009d4	f66695a3	sh	x6,-149(x13)	 x13:0x80008af5  x6:0x00000000 PA:0x80008a60
        5975000	       596	800009d8	f75695a3	sh	x21,-149(x13)	 x13:0x80008af5 x21:0x80000913 PA:0x80008a60
        5985000	       597	800009dc	f6b6ce03	lbu	x28,-149(x13)	 x13:0x80008af5 x28=0x00000013 PA:0x80008a60
        5995000	       598	800009e0	fc968223	sb	x9,-60(x13)	 x13:0x80008af5  x9:0x00000000 PA:0x80008ab9
        6005000	       599	800009e4	fc46c283	lbu	x5,-60(x13)	 x13:0x80008af5  x5=0x00000000 PA:0x80008ab9
        6015000	       600	800009e8	fc46ce83	lbu	x29,-60(x13)	 x13:0x80008af5 x29=0x00000000 PA:0x80008ab9
        6025000	       601	800009ec	b05c6f93	ori	x31,x24,-1275	 x24:0x800083d1 x31=0xfffffbd5
        6035000	       602	800009f0	fc46c483	lbu	x9,-60(x13)	 x13:0x80008af5  x9=0x00000000 PA:0x80008ab9
        6045000	       603	800009f4	fd368223	sb	x19,-60(x13)	 x13:0x80008af5 x19:0x80008250 PA:0x80008ab9
        6055000	       604	800009f8	fc468303	lb	x6,-60(x13)	 x13:0x80008af5  x6=0x00000050 PA:0x80008ab9
        6065000	       605	800009fc	f2a68103	lb	x2,-214(x13)	 x13:0x80008af5  x2=0x00000000 PA:0x80008a1f
        6075000	       606	80000a00	f2a6c183	lbu	x3,-214(x13)	 x13:0x80008af5  x3=0x00000000 PA:0x80008a1f
        6085000	       607	80000a04	00008c17	auipc	x24,0x8	 x24=0x80008a00
        6095000	       608	80000a08	8a4c0c13	addi	x24,x24,-1884	 x24:0x80008a00 x24=0x800082a4
        6105000	       609	80000a0c	01cc04a3	sb	x28,9(x24)	 x24:0x800082a4 x28:0x00000013 PA:0x800082ad
        6115000	       610	80000a10	00008297	auipc	x5,0x8	  x5=0x80008a0c
        6125000	       611	80000a14	e0628293	addi	x5,x5,-506	  x5:0x80008a0c  x5=0x80008812
        6135000	       612	80000a18	00007117	auipc	x2,0x7	  x2=0x80007a14
        6145000	       613	80000a1c	66710113	addi	x2,x2,1639	  x2:0x80007a14  x2=0x8000807b
        6155000	       614	80000a20	00008717	auipc	x14,0x8	 x14=0x80008a1c
        6165000	       615	80000a24	9fd70713	addi	x14,x14,-1539	 x14:0x80008a1c x14=0x80008419
        6175000	       616	80000a28	0e115803	lhu	x16,225(x2)	  x2:0x8000807b x16=0x00000000 PA:0x8000815c
        6185000	       617	80000a2c	00008917	auipc	x18,0x8	 x18=0x80008a28
        6195000	       618	80000a30	c5090913	addi	x18,x18,-944	 x18:0x80008a28 x18=0x80008678
        6205000	       619	80000a34	f30900a3	sb	x16,-223(x18)	 x18:0x80008678 x16:0x00000000 PA:0x80008599
        6215000	       620	80000a38	51a10f23	sb	x26,1310(x2)	  x2:0x8000807b x26:0x00000000 PA:0x80008599
        6225000	       621	80000a3c	01b280a3	sb	x27,1(x5)	  x5:0x80008812 x27:0x0000000d PA:0x80008813
        6235000	       622	80000a40	fe1c0923	sb	x1,-14(x24)	 x24:0x800082a4  x1:0x00000000 PA:0x80008296
        6245000	       623	80000a44	ffd2cb83	lbu	x23,-3(x5)	  x5:0x80008812 x23=0x00000000 PA:0x8000880f
        6255000	       624	80000a48	ff02d183	lhu	x3,-16(x5)	  x5:0x80008812  x3=0x00000000 PA:0x80008802
        6265000	       625	80000a4c	aca90a83	lb	x21,-1334(x18)	 x18:0x80008678 x21=0x00000000 PA:0x80008142
        6275000	       626	80000a50	5eb10c23	sb	x11,1528(x2)	  x2:0x8000807b x11:0x00000000 PA:0x80008673
        6285000	       627	80000a54	fa771683	lh	x13,-89(x14)	 x14:0x80008419 x13=0x00000000 PA:0x800083c0
        6295000	       628	80000a58	14a74b83	lbu	x23,330(x14)	 x14:0x80008419 x23=0x00000000 PA:0x80008563
        6305000	       629	80000a5c	ffb28583	lb	x11,-5(x5)	  x5:0x80008812 x11=0x00000000 PA:0x8000880d
        6315000	       630	80000a60	ff2c0d23	sb	x18,-6(x24)	 x24:0x800082a4 x18:0x80008678 PA:0x8000829e
        6325000	       631	80000a64	ff72cc83	lbu	x25,-9(x5)	  x5:0x80008812 x25=0x00000000 PA:0x80008809
        6335000	       632	80000a68	6d510c23	sb	x21,1752(x2)	  x2:0x8000807b x21:0x00000000 PA:0x80008753
        6345000	       633	80000a6c	45810423	sb	x24,1096(x2)	  x2:0x8000807b x24:0x800082a4 PA:0x800084c3
        6355000	       634	80000a70	01010783	lb	x15,16(x2)	  x2:0x8000807b x15=0x00000000 PA:0x8000808b
        6365000	       635	80000a74	010c1723	sh	x16,14(x24)	 x24:0x800082a4 x16:0x00000000 PA:0x800082b2
        6375000	       636	80000a78	feb29b23	sh	x11,-10(x5)	  x5:0x80008812 x11:0x00000000 PA:0x80008808
        6385000	       637	80000a7c	72410a83	lb	x21,1828(x2)	  x2:0x8000807b x21=0x00000000 PA:0x8000879f
        6395000	       638	80000a80	ff7c0883	lb	x17,-9(x24)	 x24:0x800082a4 x17=0x00000000 PA:0x8000829b
        6405000	       639	80000a84	1eb72a03	lw	x20,491(x14)	 x14:0x80008419 x20=0x00000000 PA:0x80008604
        6415000	       640	80000a88	2fe70923	sb	x30,754(x14)	 x14:0x80008419 x30:0x00000000 PA:0x8000870b
        6425000	       641	80000a8c	ff928783	lb	x15,-7(x5)	  x5:0x80008812 x15=0x00000000 PA:0x8000880b
        6435000	       642	80000a90	0042c883	lbu	x17,4(x5)	  x5:0x80008812 x17=0x00000000 PA:0x80008816
        6445000	       643	80000a94	3c210023	sb	x2,960(x2)	  x2:0x8000807b  x2:0x8000807b PA:0x8000843b
        6455000	       644	80000a98	dec95d03	lhu	x26,-532(x18)	 x18:0x80008678 x26=0x00000000 PA:0x80008464
        6465000	       645	80000a9c	002c5c83	lhu	x25,2(x24)	 x24:0x800082a4 x25=0x00000000 PA:0x800082a6
        6475000	       646	80000aa0	26510f23	sb	x5,638(x2)	  x2:0x8000807b  x5:0x80008812 PA:0x800082f9
        6485000	       647	80000aa4	dbe91b83	lh	x23,-578(x18)	 x18:0x80008678 x23=0x00000000 PA:0x80008436
        6495000	       648	80000aa8	1b915783	lhu	x15,441(x2)	  x2:0x8000807b x15=0x00000000 PA:0x80008234
        6505000	       649	80000aac	36c70323	sb	x12,870(x14)	 x14:0x80008419 x12:0x80009f70 PA:0x8000877f
        6515000	       650	80000ab0	e4b94003	lbu	x0,-437(x18)	 x18:0x80008678 PA:0x800084c3
        6525000	       651	80000ab4	fffc0683	lb	x13,-1(x24)	 x24:0x800082a4 x13=0x00000000 PA:0x800082a3
        6535000	       652	80000ab8	ff02d303	lhu	x6,-16(x5)	  x5:0x80008812  x6=0x00000000 PA:0x80008802
        6545000	       653	80000abc	0ac704a3	sb	x12,169(x14)	 x14:0x80008419 x12:0x80009f70 PA:0x800084c2
        6555000	       654	80000ac0	a9390183	lb	x3,-1389(x18)	 x18:0x80008678  x3=0x00000000 PA:0x8000810b
        6565000	       655	80000ac4	00ec1503	lh	x10,14(x24)	 x24:0x800082a4 x10=0x00000000 PA:0x800082b2
        6575000	       656	80000ac8	002c4983	lbu	x19,2(x24)	 x24:0x800082a4 x19=0x00000000 PA:0x800082a6
        6585000	       657	80000acc	0c374683	lbu	x13,195(x14)	 x14:0x80008419 x13=0x00000000 PA:0x800084dc
        6595000	       658	80000ad0	00008b17	auipc	x22,0x8	 x22=0x80008acc
        6605000	       659	80000ad4	f88b0b13	addi	x22,x22,-120	 x22:0x80008acc x22=0x80008a54
        6615000	       660	80000ad8	dbb4b713	sltiu	x14,x9,-581	  x9:0x00000000 x14=0x00000001
        6625000	       661	80000adc	345b00a3	sb	x5,833(x22)	 x22:0x80008a54  x5:0x80008812 PA:0x80008d95
        6635000	       662	80000ae0	482b0303	lb	x6,1154(x22)	 x22:0x80008a54  x6=0x00000000 PA:0x80008ed6
        6645000	       663	80000ae4	ec1b0b83	lb	x23,-319(x22)	 x22:0x80008a54 x23=0x00000000 PA:0x80008915
        6655000	       664	80000ae8	39ab0803	lb	x16,922(x22)	 x22:0x80008a54 x16=0x00000000 PA:0x80008dee
        6665000	       665	80000aec	f63b0f83	lb	x31,-157(x22)	 x22:0x80008a54 x31=0x00000000 PA:0x800089b7
        6675000	       666	80000af0	00118d33	add	x26,x3,x1	  x3:0x00000000  x1:0x00000000 x26=0x00000000
        6685000	       667	80000af4	404e0333	sub	x6,x28,x4	 x28:0x00000013  x4:0x80009fc4  x6=0x7fff604f
        6695000	       668	80000af8	017e5593	srli	x11,x28,0x17	 x28:0x00000013 x11=0x00000000
        6705000	       669	80000afc	00d25833	srl	x16,x4,x13	  x4:0x80009fc4 x13:0x00000000 x16=0x80009fc4
        6715000	       670	80000b00	00bb0903	lb	x18,11(x22)	 x22:0x80008a54 x18=0x00000000 PA:0x80008a5f
        6725000	       671	80000b04	564b1e23	sh	x4,1404(x22)	 x22:0x80008a54  x4:0x80009fc4 PA:0x80008fd0
        6735000	       672	80000b08	05db4a03	lbu	x20,93(x22)	 x22:0x80008a54 x20=0x00000000 PA:0x80008ab1
        6745000	       673	80000b0c	fd7b0b23	sb	x23,-42(x22)	 x22:0x80008a54 x23:0x00000000 PA:0x80008a2a
        6755000	       674	80000b10	01ef1c93	slli	x25,x30,0x1e	 x30:0x00000000 x25=0x00000000
        6765000	       675	80000b14	faeb1003	lh	x0,-82(x22)	 x22:0x80008a54 PA:0x80008a02
        6775000	       676	80000b18	2aab4383	lbu	x7,682(x22)	 x22:0x80008a54  x7=0x00000000 PA:0x80008cfe
        6785000	       677	80000b1c	e31b4e03	lbu	x28,-463(x22)	 x22:0x80008a54 x28=0x00000000 PA:0x80008885
        6795000	       678	80000b20	460b2423	sw	x0,1128(x22)	 x22:0x80008a54  x0:0x00000000 PA:0x80008ebc
        6805000	       679	80000b24	251b06a3	sb	x17,589(x22)	 x22:0x80008a54 x17:0x00000000 PA:0x80008ca1
        6815000	       680	80000b28	4feb1503	lh	x10,1278(x22)	 x22:0x80008a54 x10=0x00000000 PA:0x80008f52
        6825000	       681	80000b2c	91bf3313	sltiu	x6,x30,-1765	 x30:0x00000000  x6=0x00000001
        6835000	       682	80000b30	185b0303	lb	x6,389(x22)	 x22:0x80008a54  x6=0x00000000 PA:0x80008bd9
        6845000	       683	80000b34	61c3f193	andi	x3,x7,1564	  x7:0x00000000  x3=0x00000000
        6855000	       684	80000b38	307b0aa3	sb	x7,789(x22)	 x22:0x80008a54  x7:0x00000000 PA:0x80008d69
        6865000	       685	80000b3c	50eb1103	lh	x2,1294(x22)	 x22:0x80008a54  x2=0x00000000 PA:0x80008f62
        6875000	       686	80000b40	224b1c83	lh	x25,548(x22)	 x22:0x80008a54 x25=0x00000000 PA:0x80008c78
        6885000	       687	80000b44	62038737	lui	x14,0x62038	 x14=0x62038000
        6895000	       688	80000b48	922cd037	lui	x0,0x922cd	
        6905000	       689	80000b4c	f43b4483	lbu	x9,-189(x22)	 x22:0x80008a54  x9=0x00000000 PA:0x80008997
        6915000	       690	00000000	00000013	addi	x0,x0,0	  x0:0x00000000
        6925000	       691	80000b50	0c98bc13	sltiu	x24,x17,201	 x17:0x00000000 x24=0x00000001
        6935000	       692	80000b54	00774cb3	xor	x25,x14,x7	 x14:0x62038000  x7:0x00000000 x25=0x62038000
        6945000	       693	80000b58	edbb0283	lb	x5,-293(x22)	 x22:0x80008a54  x5=0x00000000 PA:0x8000892f
        6955000	       694	80000b5c	e4db0c83	lb	x25,-435(x22)	 x22:0x80008a54 x25=0x00000000 PA:0x800088a1
        6965000	       695	80000b60	277b4683	lbu	x13,631(x22)	 x22:0x80008a54 x13=0x00000000 PA:0x80008ccb
        6975000	       696	80000b64	ee9b0083	lb	x1,-279(x22)	 x22:0x80008a54  x1=0x00000000 PA:0x8000893d
        6985000	       697	80000b68	087b0da3	sb	x7,155(x22)	 x22:0x80008a54  x7:0x00000000 PA:0x80008aef
        6995000	       698	80000b6c	e66b1e23	sh	x6,-388(x22)	 x22:0x80008a54  x6:0x00000000 PA:0x800088d0
        7005000	       699	80000b70	00008397	auipc	x7,0x8	  x7=0x80008b6c
        7015000	       700	80000b74	a0a38393	addi	x7,x7,-1526	  x7:0x80008b6c  x7=0x80008576
        7025000	       701	80000b78	00007597	auipc	x11,0x7	 x11=0x80007b74
        7035000	       702	80000b7c	6eb58593	addi	x11,x11,1771	 x11:0x80007b74 x11=0x8000825f
        7045000	       703	80000b80	1e83cb83	lbu	x23,488(x7)	  x7:0x80008576 x23=0x00000000 PA:0x8000875e
        7055000	       704	80000b84	fce58703	lb	x14,-50(x11)	 x11:0x8000825f x14=0x00000000 PA:0x8000822d
        7065000	       705	00000000	00000013	addi	x0,x0,0	  x0:0x00000000
        7075000	       706	80000b88	fce5c983	lbu	x19,-50(x11)	 x11:0x8000825f x19=0x00000000 PA:0x8000822d
        7085000	       707	80000b8c	0f63a703	lw	x14,246(x7)	  x7:0x80008576 x14=0x00000000 PA:0x8000866c
        7095000	       708	80000b90	fc258823	sb	x2,-48(x11)	 x11:0x8000825f  x2:0x00000000 PA:0x8000822f
        7105000	       709	80000b94	006589a3	sb	x6,19(x11)	 x11:0x8000825f  x6:0x00000000 PA:0x80008272
        7115000	       710	80000b98	d8d382a3	sb	x13,-635(x7)	  x7:0x80008576 x13:0x00000000 PA:0x800082fb
        7125000	       711	80000b9c	0375c303	lbu	x6,55(x11)	 x11:0x8000825f  x6=0x00000000 PA:0x80008296
        7135000	       712	80000ba0	c3539b23	sh	x21,-970(x7)	  x7:0x80008576 x21:0x00000000 PA:0x800081ac
        7145000	       713	80000ba4	baa3d803	lhu	x16,-1110(x7)	  x7:0x80008576 x16=0x00000000 PA:0x80008120
        7155000	       714	80000ba8	fd858e03	lb	x28,-40(x11)	 x11:0x8000825f x28=0x00000000 PA:0x80008237
        7165000	       715	80000bac	0405c903	lbu	x18,64(x11)	 x11:0x8000825f x18=0x00000000 PA:0x8000829f
        7175000	       716	80000bb0	fff58523	sb	x31,-22(x11)	 x11:0x8000825f x31:0x00000000 PA:0x80008249
        7185000	       717	80000bb4	f4338103	lb	x2,-189(x7)	  x7:0x80008576  x2=0x00000000 PA:0x800084b9
        7195000	       718	80000bb8	00008c17	auipc	x24,0x8	 x24=0x80008bb4
        7205000	       719	80000bbc	0d3c0c13	addi	x24,x24,211	 x24:0x80008bb4 x24=0x80008c87
        7215000	       720	80000bc0	0046a433	slt	x8,x13,x4	 x13:0x00000000  x4:0x80009fc4  x8=0x00000000
        7225000	       721	80000bc4	4138d593	srai	x11,x17,0x13	 x17:0x00000000 x11=0x00000000
        7235000	       722	80000bc8	0c9c2a03	lw	x20,201(x24)	 x24:0x80008c87 x20=0x00000000 PA:0x80008d50
        7245000	       723	80000bcc	f67c10a3	sh	x7,-159(x24)	 x24:0x80008c87  x7:0x80008576 PA:0x80008be8
        7255000	       724	80000bd0	fd7c5703	lhu	x14,-41(x24)	 x24:0x80008c87 x14=0x00000000 PA:0x80008c5e
        7265000	       725	80000bd4	f8cc0123	sb	x12,-126(x24)	 x24:0x80008c87 x12:0x80009f70 PA:0x80008c09
        7275000	       726	80000bd8	00000013	addi	x0,x0,0	  x0:0x00000000
        7285000	       727	80000bdc	05ac0403	lb	x8,90(x24)	 x24:0x80008c87  x8=0x00000000 PA:0x80008ce1
        7295000	       728	80000be0	0e2c4283	lbu	x5,226(x24)	 x24:0x80008c87  x5=0x00000000 PA:0x80008d69
        7305000	       729	80000be4	4153d333	sra	x6,x7,x21	  x7:0x80008576 x21:0x00000000  x6=0x80008576
        7315000	       730	80000be8	06dc5b83	lhu	x23,109(x24)	 x24:0x80008c87 x23=0x00000000 PA:0x80008cf4
        7325000	       731	80000bec	069c1e03	lh	x28,105(x24)	 x24:0x80008c87 x28=0x00000000 PA:0x80008cf0
        7335000	       732	80000bf0	0c7c10a3	sh	x7,193(x24)	 x24:0x80008c87  x7:0x80008576 PA:0x80008d48
        7345000	       733	80000bf4	0cec0083	lb	x1,206(x24)	 x24:0x80008c87  x1=0x00000000 PA:0x80008d55
        7355000	       734	80000bf8	afc4e7b7	lui	x15,0xafc4e	 x15=0xafc4e000
        7365000	       735	80000bfc	03fc0a83	lb	x21,63(x24)	 x24:0x80008c87 x21=0x00000000 PA:0x80008cc6
        7375000	       736	80000c00	018c4e83	lbu	x29,24(x24)	 x24:0x80008c87 x29=0x00000000 PA:0x80008c9f
        7385000	       737	80000c04	01891113	slli	x2,x18,0x18	 x18:0x00000000  x2=0x00000000
        7395000	       738	80000c08	2dbbf793	andi	x15,x23,731	 x23:0x00000000 x15=0x00000000
        7405000	       739	80000c0c	634a4593	xori	x11,x20,1588	 x20:0x00000000 x11=0x00000634
        7415000	       740	80000c10	00f422b3	slt	x5,x8,x15	  x8:0x00000000 x15:0x00000000  x5=0x00000000
        7425000	       741	80000c14	022c0923	sb	x2,50(x24)	 x24:0x80008c87  x2:0x00000000 PA:0x80008cb9
        7435000	       742	80000c18	0139d513	srli	x10,x19,0x13	 x19:0x00000000 x10=0x00000000
        7445000	       743	80000c1c	ebbb8013	addi	x0,x23,-325	 x23:0x00000000
        7455000	       744	80000c20	00e864b3	or	x9,x16,x14	 x16:0x00000000 x14:0x00000000  x9=0x00000000
        7465000	       745	80000c24	00000013	addi	x0,x0,0	  x0:0x00000000
        7475000	       746	80000c28	10c70a93	addi	x21,x14,268	 x14:0x00000000 x21=0x0000010c
        7485000	       747	80000c2c	4008d493	srai	x9,x17,0x0	 x17:0x00000000  x9=0x00000000
        7495000	       748	80000c30	064c0a03	lb	x20,100(x24)	 x24:0x80008c87 x20=0x00000000 PA:0x80008ceb
        7505000	       749	80000c34	00024a33	xor	x20,x4,x0	  x4:0x80009fc4  x0:0x00000000 x20=0x80009fc4
        7515000	       750	80000c38	00fcf8b3	and	x17,x25,x15	 x25:0x00000000 x15:0x00000000 x17=0x00000000
        7525000	       751	80000c3c	f298c997	auipc	x19,0xf298c	 x19=0x7298cc38
        7535000	       752	80000c40	ed7fc813	xori	x16,x31,-297	 x31:0x00000000 x16=0xfffffed7
        7545000	       753	80000c44	00ae6333	or	x6,x28,x10	 x28:0x00000000 x10:0x00000000  x6=0x00000000
        7555000	       754	80000c48	0acc01a3	sb	x12,163(x24)	 x24:0x80008c87 x12:0x80009f70 PA:0x80008d2a
        7565000	       755	80000c4c	0bbc0883	lb	x17,187(x24)	 x24:0x80008c87 x17=0x00000000 PA:0x80008d42
        7575000	       756	80000c50	66153093	sltiu	x1,x10,1633	 x10:0x00000000  x1=0x00000001
        7585000	       757	80000c54	0fcc4883	lbu	x17,252(x24)	 x24:0x80008c87 x17=0x00000000 PA:0x80008d83
        7595000	       758	80000c58	f27c4103	lbu	x2,-217(x24)	 x24:0x80008c87  x2=0x00000000 PA:0x80008bae
        7605000	       759	80000c5c	073c4103	lbu	x2,115(x24)	 x24:0x80008c87  x2=0x00000000 PA:0x80008cfa
        7615000	       760	80000c60	0c6c4f83	lbu	x31,198(x24)	 x24:0x80008c87 x31=0x00000000 PA:0x80008d4d
        7625000	       761	80000c64	01e73433	sltu	x8,x14,x30	 x14:0x00000000 x30:0x00000000  x8=0x00000000
        7635000	       762	80000c68	41ec80b3	sub	x1,x25,x30	 x25:0x00000000 x30:0x00000000  x1=0x00000000
        7645000	       763	80000c6c	40e2da33	sra	x20,x5,x14	  x5:0x00000000 x14:0x00000000 x20=0x00000000
        7655000	       764	80000c70	57920993	addi	x19,x4,1401	  x4:0x80009fc4 x19=0x8000a53d
        7665000	       765	80000c74	019ced33	or	x26,x25,x25	 x25:0x00000000 x25:0x00000000 x26=0x00000000
        7675000	       766	80000c78	2f39e0b7	lui	x1,0x2f39e	  x1=0x2f39e000
        7685000	       767	80000c7c	00f39f93	slli	x31,x7,0xf	  x7:0x80008576 x31=0x42bb0000
        7695000	       768	80000c80	d8affe93	andi	x29,x31,-630	 x31:0x42bb0000 x29=0x42bb0000
        7705000	       769	80000c84	0b4c0b23	sb	x20,182(x24)	 x24:0x80008c87 x20:0x00000000 PA:0x80008d3d
        7715000	       770	80000c88	00008a97	auipc	x21,0x8	 x21=0x80008c84
        7725000	       771	80000c8c	ca1a8a93	addi	x21,x21,-863	 x21:0x80008c84 x21=0x80008925
        7735000	       772	80000c90	f5bad283	lhu	x5,-165(x21)	 x21:0x80008925  x5=0x00000000 PA:0x80008880
        7745000	       773	80000c94	5dcb4f13	xori	x30,x22,1500	 x22:0x80008a54 x30=0x80008f88
        7755000	       774	80000c98	0f4a8d03	lb	x26,244(x21)	 x21:0x80008925 x26=0x00000000 PA:0x80008a19
        7765000	       775	80000c9c	0f0a8a23	sb	x16,244(x21)	 x21:0x80008925 x16:0xfffffed7 PA:0x80008a19
        7775000	       776	80000ca0	fdfa8683	lb	x13,-33(x21)	 x21:0x80008925 x13=0x00000000 PA:0x80008904
        7785000	       777	80000ca4	01d99533	sll	x10,x19,x29	 x19:0x8000a53d x29:0x42bb0000 x10=0x8000a53d
        7795000	       778	80000ca8	fdfad083	lhu	x1,-33(x21)	 x21:0x80008925  x1=0x00000000 PA:0x80008904
        7805000	       779	80000cac	8156a193	slti	x3,x13,-2027	 x13:0x00000000  x3=0x00000000
        7815000	       780	80000cb0	fdfadc83	lhu	x25,-33(x21)	 x21:0x80008925 x25=0x00000000 PA:0x80008904
        7825000	       781	80000cb4	0a9a8c23	sb	x9,184(x21)	 x21:0x80008925  x9:0x00000000 PA:0x800089dd
        7835000	       782	80000cb8	0aca8c23	sb	x12,184(x21)	 x21:0x80008925 x12:0x80009f70 PA:0x800089dd
        7845000	       783	80000cbc	fb6a8c03	lb	x24,-74(x21)	 x21:0x80008925 x24=0x00000000 PA:0x800088db
        7855000	       784	80000cc0	fa1a8b23	sb	x1,-74(x21)	 x21:0x80008925  x1:0x00000000 PA:0x800088db
        7865000	       785	80000cc4	00d19cb3	sll	x25,x3,x13	  x3:0x00000000 x13:0x00000000 x25=0x00000000
        7875000	       786	80000cc8	fccacb83	lbu	x23,-52(x21)	 x21:0x80008925 x23=0x00000000 PA:0x800088f1
        7885000	       787	80000ccc	f5aa8483	lb	x9,-166(x21)	 x21:0x80008925  x9=0x00000000 PA:0x8000887f
        7895000	       788	80000cd0	01ca8283	lb	x5,28(x21)	 x21:0x80008925  x5=0x00000000 PA:0x80008941
        7905000	       789	80000cd4	00008c97	auipc	x25,0x8	 x25=0x80008cd0
        7915000	       790	80000cd8	b45c8c93	addi	x25,x25,-1211	 x25:0x80008cd0 x25=0x80008815
        7925000	       791	80000cdc	98bcdb83	lhu	x23,-1653(x25)	 x25:0x80008815 x23=0x00000000 PA:0x800081a0
        7935000	       792	80000ce0	f8ac8283	lb	x5,-118(x25)	 x25:0x80008815  x5=0x00000000 PA:0x8000879f
        7945000	       793	80000ce4	00008d17	auipc	x26,0x8	 x26=0x80008ce0
        7955000	       794	80000ce8	85cd0d13	addi	x26,x26,-1956	 x26:0x80008ce0 x26=0x8000853c
        7965000	       795	80000cec	cebc9683	lh	x13,-789(x25)	 x25:0x80008815 x13=0x00000000 PA:0x80008500
        7975000	       796	80000cf0	8e1c8323	sb	x1,-1818(x25)	 x25:0x80008815  x1:0x00000000 PA:0x800080fb
        7985000	       797	80000cf4	b87cd003	lhu	x0,-1145(x25)	 x25:0x80008815 PA:0x8000839c
        7995000	       798	80000cf8	ce6c8523	sb	x6,-790(x25)	 x25:0x80008815  x6:0x00000000 PA:0x800084ff
        8005000	       799	80000cfc	f6ac8e83	lb	x29,-150(x25)	 x25:0x80008815 x29=0x00000070 PA:0x8000877f
        8015000	       800	80000d00	ed2d5f83	lhu	x31,-302(x26)	 x26:0x8000853c x31=0x00000000 PA:0x8000840e
        8025000	       801	80000d04	e70d2703	lw	x14,-400(x26)	 x26:0x8000853c x14=0x00000000 PA:0x800083ac
        8035000	       802	80000d08	d5fc9aa3	sh	x31,-683(x25)	 x25:0x80008815 x31:0x00000000 PA:0x8000856a
        8045000	       803	80000d0c	f93d0c03	lb	x24,-109(x26)	 x26:0x8000853c x24=0x00000000 PA:0x800084cf
        8055000	       804	00000000	00000013	addi	x0,x0,0	  x0:0x00000000
        8065000	       805	80000d10	e18d1e03	lh	x28,-488(x26)	 x26:0x8000853c x28=0x00000000 PA:0x80008354
        8075000	       806	80000d14	1cbd4483	lbu	x9,459(x26)	 x26:0x8000853c  x9=0x00000000 PA:0x80008707
        8085000	       807	80000d18	d48cc983	lbu	x19,-696(x25)	 x25:0x80008815 x19=0x00000000 PA:0x8000855d
        8095000	       808	80000d1c	00008117	auipc	x2,0x8	  x2=0x80008d18
        8105000	       809	80000d20	b5910113	addi	x2,x2,-1191	  x2:0x80008d18  x2=0x80008871
        8115000	       810	80000d24	fed15783	lhu	x15,-19(x2)	  x2:0x80008871 x15=0x00000000 PA:0x8000885e
        8125000	       811	80000d28	013b9a13	slli	x20,x23,0x13	 x23:0x00000000 x20=0x00000000
        8135000	       812	80000d2c	ff8106a3	sb	x24,-19(x2)	  x2:0x80008871 x24:0x00000000 PA:0x8000885e
        8145000	       813	80000d30	01d55893	srli	x17,x10,0x1d	 x10:0x8000a53d x17=0x00000004
        8155000	       814	80000d34	fec106a3	sb	x12,-19(x2)	  x2:0x80008871 x12:0x80009f70 PA:0x8000885e
        8165000	       815	80000d38	fe2116a3	sh	x2,-19(x2)	  x2:0x80008871  x2:0x80008871 PA:0x8000885e
        8175000	       816	80000d3c	2163b513	sltiu	x10,x7,534	  x7:0x80008576 x10=0x00000000
        8185000	       817	80000d40	fed14e03	lbu	x28,-19(x2)	  x2:0x80008871 x28=0x00000071 PA:0x8000885e
        8195000	       818	80000d44	415b0bb3	sub	x23,x22,x21	 x22:0x80008a54 x21:0x80008925 x23=0x0000012f
        8205000	       819	80000d48	fe5116a3	sh	x5,-19(x2)	  x2:0x80008871  x5:0x00000000 PA:0x8000885e
        8215000	       820	80000d4c	fed14083	lbu	x1,-19(x2)	  x2:0x80008871  x1=0x00000000 PA:0x8000885e
        8225000	       821	80000d50	fe6116a3	sh	x6,-19(x2)	  x2:0x80008871  x6:0x00000000 PA:0x8000885e
        8235000	       822	80000d54	fed10483	lb	x9,-19(x2)	  x2:0x80008871  x9=0x00000000 PA:0x8000885e
        8245000	       823	80000d58	fed15583	lhu	x11,-19(x2)	  x2:0x80008871 x11=0x00000000 PA:0x8000885e
        8255000	       824	80000d5c	a2d95b97	auipc	x23,0xa2d95	 x23=0x22d95d58
        8265000	       825	80000d60	017564b3	or	x9,x10,x23	 x10:0x00000000 x23:0x22d95d58  x9=0x22d95d58
        8275000	       826	80000d64	fed14403	lbu	x8,-19(x2)	  x2:0x80008871  x8=0x00000000 PA:0x8000885e
        8285000	       827	80000d68	fed14b83	lbu	x23,-19(x2)	  x2:0x80008871 x23=0x00000000 PA:0x8000885e
        8295000	       828	80000d6c	fed15583	lhu	x11,-19(x2)	  x2:0x80008871 x11=0x00000000 PA:0x8000885e
        8305000	       829	80000d70	00008897	auipc	x17,0x8	 x17=0x80008d6c
        8315000	       830	80000d74	c5988893	addi	x17,x17,-935	 x17:0x80008d6c x17=0x800089c5
        8325000	       831	80000d78	0108ce03	lbu	x28,16(x17)	 x17:0x800089c5 x28=0x00000000 PA:0x800089d5
        8335000	       832	80000d7c	fed4d1b7	lui	x3,0xfed4d	  x3=0xfed4d000
        8345000	       833	80000d80	4f1ffab7	lui	x21,0x4f1ff	 x21=0x4f1ff000
        8355000	       834	80000d84	00d89683	lh	x13,13(x17)	 x17:0x800089c5 x13=0x00000000 PA:0x800089d2
        8365000	       835	80000d88	ff38a983	lw	x19,-13(x17)	 x17:0x800089c5 x19=0x00000000 PA:0x800089b8
        8375000	       836	80000d8c	00c892a3	sh	x12,5(x17)	 x17:0x800089c5 x12:0x80009f70 PA:0x800089ca
        8385000	       837	80000d90	e4537413	andi	x8,x6,-443	  x6:0x00000000  x8=0x00000000
        8395000	       838	80000d94	64220017	auipc	x0,0x64220	
        8405000	       839	80000d98	016883a3	sb	x22,7(x17)	 x17:0x800089c5 x22:0x80008a54 PA:0x800089cc
        8415000	       840	80000d9c	ffc88703	lb	x14,-4(x17)	 x17:0x800089c5 x14=0x00000000 PA:0x800089c1
        8425000	       841	80000da0	00a64c33	xor	x24,x12,x10	 x12:0x80009f70 x10:0x00000000 x24=0x80009f70
        8435000	       842	80000da4	4130d533	sra	x10,x1,x19	  x1:0x00000000 x19:0x00000000 x10=0x00000000
        8445000	       843	80000da8	017851b3	srl	x3,x16,x23	 x16:0xfffffed7 x23:0x00000000  x3=0xfffffed7
        8455000	       844	80000dac	e9aa0393	addi	x7,x20,-358	 x20:0x00000000  x7=0xfffffe9a
        8465000	       845	80000db0	002f6433	or	x8,x30,x2	 x30:0x80008f88  x2:0x80008871  x8=0x80008ff9
        8475000	       846	80000db4	e4761937	lui	x18,0xe4761	 x18=0xe4761000
        8485000	       847	80000db8	57d77293	andi	x5,x14,1405	 x14:0x00000000  x5=0x00000000
        8495000	       848	80000dbc	ff08c003	lbu	x0,-16(x17)	 x17:0x800089c5 PA:0x800089b5
        8505000	       849	80000dc0	ff488b83	lb	x23,-12(x17)	 x17:0x800089c5 x23=0x00000000 PA:0x800089b9
        8515000	       850	80000dc4	004f6fb3	or	x31,x30,x4	 x30:0x80008f88  x4:0x80009fc4 x31=0x80009fcc
        8525000	       851	80000dc8	fe389ea3	sh	x3,-3(x17)	 x17:0x800089c5  x3:0xfffffed7 PA:0x800089c2
        8535000	       852	80000dcc	52874117	auipc	x2,0x52874	  x2=0xd2874dc8
        8545000	       853	80000dd0	01eecb33	xor	x22,x29,x30	 x29:0x00000070 x30:0x80008f88 x22=0x80008ff8
        8555000	       854	80000dd4	00989003	lh	x0,9(x17)	 x17:0x800089c5 PA:0x800089ce
        8565000	       855	80000dd8	00000013	addi	x0,x0,0	  x0:0x00000000
        8575000	       856	80000ddc	40665bb3	sra	x23,x12,x6	 x12:0x80009f70  x6:0x00000000 x23=0x80009f70
        8585000	       857	80000de0	00d89a03	lh	x20,13(x17)	 x17:0x800089c5 x20=0x00000000 PA:0x800089d2
        8595000	       858	80000de4	00000013	addi	x0,x0,0	  x0:0x00000000
        8605000	       859	80000de8	00316ab3	or	x21,x2,x3	  x2:0xd2874dc8  x3:0xfffffed7 x21=0xffffffdf
        8615000	       860	80000dec	ff48c483	lbu	x9,-12(x17)	 x17:0x800089c5  x9=0x00000000 PA:0x800089b9
        8625000	       861	80000df0	00007497	auipc	x9,0x7	  x9=0x80007dec
        8635000	       862	80000df4	43a48493	addi	x9,x9,1082	  x9:0x80007dec  x9=0x80008226
        8645000	       863	80000df8	008d9093	slli	x1,x27,0x8	 x27:0x0000000d  x1=0x00000d00
        8655000	       864	80000dfc	01890ab3	add	x21,x18,x24	 x18:0xe4761000 x24:0x80009f70 x21=0x6476af70
        8665000	       865	80000e00	5ecc5a37	lui	x20,0x5ecc5	 x20=0x5ecc5000
        8675000	       866	80000e04	015d6fb3	or	x31,x26,x21	 x26:0x8000853c x21:0x6476af70 x31=0xe476af7c
        8685000	       867	80000e08	407f0733	sub	x14,x30,x7	 x30:0x80008f88  x7:0xfffffe9a x14=0x800090ee
        8695000	       868	80000e0c	f8a06693	ori	x13,x0,-118	  x0:0x00000000 x13=0xffffff8a
        8705000	       869	80000e10	f5d480a3	sb	x29,-191(x9)	  x9:0x80008226 x29:0x00000070 PA:0x80008167
        8715000	       870	80000e14	0b74c683	lbu	x13,183(x9)	  x9:0x80008226 x13=0x00000000 PA:0x800082dd
        8725000	       871	80000e18	009e89b3	add	x19,x29,x9	 x29:0x00000070  x9:0x80008226 x19=0x80008296
        8735000	       872	80000e1c	809c9317	auipc	x6,0x809c9	  x6=0x009c9e18
        8745000	       873	80000e20	00000013	addi	x0,x0,0	  x0:0x00000000
        8755000	       874	80000e24	00e56bb3	or	x23,x10,x14	 x10:0x00000000 x14:0x800090ee x23=0x800090ee
        8765000	       875	80000e28	f0d48103	lb	x2,-243(x9)	  x9:0x80008226  x2=0x00000000 PA:0x80008133
        8775000	       876	80000e2c	001bff33	and	x30,x23,x1	 x23:0x800090ee  x1:0x00000d00 x30=0x00000000
        8785000	       877	80000e30	41d10333	sub	x6,x2,x29	  x2:0x00000000 x29:0x00000070  x6=0xffffff90
        8795000	       878	80000e34	407f5413	srai	x8,x30,0x7	 x30:0x00000000  x8=0x00000000
        8805000	       879	80000e38	40b3da13	srai	x20,x7,0xb	  x7:0xfffffe9a x20=0xffffffff
        8815000	       880	80000e3c	0fd482a3	sb	x29,229(x9)	  x9:0x80008226 x29:0x00000070 PA:0x8000830b
        8825000	       881	80000e40	004531b3	sltu	x3,x10,x4	 x10:0x00000000  x4:0x80009fc4  x3=0x00000001
        8835000	       882	80000e44	0c94c983	lbu	x19,201(x9)	  x9:0x80008226 x19=0x00000000 PA:0x800082ef
        8845000	       883	80000e48	0127ae33	slt	x28,x15,x18	 x15:0x00000000 x18:0xe4761000 x28=0x00000000
        8855000	       884	80000e4c	fb948fa3	sb	x25,-65(x9)	  x9:0x80008226 x25:0x80008815 PA:0x800081e5
        8865000	       885	80000e50	08448683	lb	x13,132(x9)	  x9:0x80008226 x13=0x00000000 PA:0x800082aa
        8875000	       886	80000e54	01499413	slli	x8,x19,0x14	 x19:0x00000000  x8=0x00000000
        8885000	       887	80000e58	0624df03	lhu	x30,98(x9)	  x9:0x80008226 x30=0x00000000 PA:0x80008288
        8895000	       888	80000e5c	87d72413	slti	x8,x14,-1923	 x14:0x800090ee  x8=0x00000001
        8905000	       889	80000e60	00ec0733	add	x14,x24,x14	 x24:0x80009f70 x14:0x800090ee x14=0x0001305e
        8915000	       890	80000e64	40eb5993	srai	x19,x22,0xe	 x22:0x80008ff8 x19=0xfffe0002
        8925000	       891	80000e68	f4049723	sh	x0,-178(x9)	  x9:0x80008226  x0:0x00000000 PA:0x80008174
        8935000	       892	80000e6c	f8f48783	lb	x15,-113(x9)	  x9:0x80008226 x15=0x00000000 PA:0x800081b5
        8945000	       893	80000e70	fa448323	sb	x4,-90(x9)	  x9:0x80008226  x4:0x80009fc4 PA:0x800081cc
        8955000	       894	80000e74	00000013	addi	x0,x0,0	  x0:0x00000000
        8965000	       895	80000e78	c66a4593	xori	x11,x20,-922	 x20:0xffffffff x11=0x00000399
        8975000	       896	80000e7c	a529e313	ori	x6,x19,-1454	 x19:0xfffe0002  x6=0xfffffa52
        8985000	       897	80000e80	f7d48b83	lb	x23,-131(x9)	  x9:0x80008226 x23=0x00000000 PA:0x800081a3
        8995000	       898	80000e84	12e53413	sltiu	x8,x10,302	 x10:0x00000000  x8=0x00000001
        9005000	       899	80000e88	f4249703	lh	x14,-190(x9)	  x9:0x80008226 x14=0x00000000 PA:0x80008168
        9015000	       900	80000e8c	0049f0b3	and	x1,x19,x4	 x19:0xfffe0002  x4:0x80009fc4  x1=0x80000000
        9025000	       901	80000e90	41675813	srai	x16,x14,0x16	 x14:0x00000000 x16=0x00000000
        9035000	       902	80000e94	414ad033	sra	x0,x21,x20	 x21:0x6476af70 x20:0xffffffff
        9045000	       903	80000e98	01753c33	sltu	x24,x10,x23	 x10:0x00000000 x23:0x00000000 x24=0x00000000
        9055000	       904	80000e9c	f834cc03	lbu	x24,-125(x9)	  x9:0x80008226 x24=0x00000000 PA:0x800081a9
        9065000	       905	80000ea0	fac49923	sh	x12,-78(x9)	  x9:0x80008226 x12:0x80009f70 PA:0x800081d8
        9075000	       906	80000ea4	01b48083	lb	x1,27(x9)	  x9:0x80008226  x1=0x00000000 PA:0x80008241
        9085000	       907	80000ea8	f2948723	sb	x9,-210(x9)	  x9:0x80008226  x9:0x80008226 PA:0x80008154
        9095000	       908	80000eac	0124d583	lhu	x11,18(x9)	  x9:0x80008226 x11=0x00000000 PA:0x80008238
        9105000	       909	80000eb0	00008c97	auipc	x25,0x8	 x25=0x80008eac
        9115000	       910	80000eb4	e9cc8c93	addi	x25,x25,-356	 x25:0x80008eac x25=0x80008d48
        9125000	       911	80000eb8	ffbc8d03	lb	x26,-5(x25)	 x25:0x80008d48 x26=0x00000000 PA:0x80008d43
        9135000	       912	80000ebc	0108e133	or	x2,x17,x16	 x17:0x800089c5 x16:0x00000000  x2=0x800089c5
        9145000	       913	80000ec0	cafb81b7	lui	x3,0xcafb8	  x3=0xcafb8000
        9155000	       914	80000ec4	00bc8403	lb	x8,11(x25)	 x25:0x80008d48  x8=0x00000000 PA:0x80008d53
        9165000	       915	80000ec8	001c8983	lb	x19,1(x25)	 x25:0x80008d48 x19=0xffffff85 PA:0x80008d49
        9175000	       916	80000ecc	010cdb83	lhu	x23,16(x25)	 x25:0x80008d48 x23=0x00000000 PA:0x80008d58
        9185000	       917	80000ed0	0038c433	xor	x8,x17,x3	 x17:0x800089c5  x3:0xcafb8000  x8=0x4afb09c5
        9195000	       918	80000ed4	00ccf7b3	and	x15,x25,x12	 x25:0x80008d48 x12:0x80009f70 x15=0x80008d40
        9205000	       919	80000ed8	02963093	sltiu	x1,x12,41	 x12:0x80009f70  x1=0x00000000
        9215000	       920	80000edc	0198ac33	slt	x24,x17,x25	 x17:0x800089c5 x25:0x80008d48 x24=0x00000001
        9225000	       921	80000ee0	009cc003	lbu	x0,9(x25)	 x25:0x80008d48 PA:0x80008d51
        9235000	       922	80000ee4	ff5cc383	lbu	x7,-11(x25)	 x25:0x80008d48  x7=0x00000000 PA:0x80008d3d
        9245000	       923	80000ee8	019c83a3	sb	x25,7(x25)	 x25:0x80008d48 x25:0x80008d48 PA:0x80008d4f
        9255000	       924	80000eec	ff9ca823	sw	x25,-16(x25)	 x25:0x80008d48 x25:0x80008d48 PA:0x80008d38
        9265000	       925	80000ef0	0030d1b3	srl	x3,x1,x3	  x1:0x00000000  x3:0xcafb8000  x3=0x00000000
        9275000	       926	80000ef4	517ff513	andi	x10,x31,1303	 x31:0xe476af7c x10=0x00000514
        9285000	       927	80000ef8	004ca583	lw	x11,4(x25)	 x25:0x80008d48 x11=0x48000000 PA:0x80008d4c
        9295000	       928	80000efc	ff0cd883	lhu	x17,-16(x25)	 x25:0x80008d48 x17=0x00008d48 PA:0x80008d38
        9305000	       929	80000f00	41218333	sub	x6,x3,x18	  x3:0x00000000 x18:0xe4761000  x6=0x1b89f000
        9315000	       930	80000f04	00000013	addi	x0,x0,0	  x0:0x00000000
        9325000	       931	80000f08	01c8ea33	or	x20,x17,x28	 x17:0x00008d48 x28:0x00000000 x20=0x00008d48
        9335000	       932	80000f0c	01072c33	slt	x24,x14,x16	 x14:0x00000000 x16:0x00000000 x24=0x00000000
        9345000	       933	80000f10	40ee5513	srai	x10,x28,0xe	 x28:0x00000000 x10=0x00000000
        9355000	       934	80000f14	fffc8b83	lb	x23,-1(x25)	 x25:0x80008d48 x23=0x00000000 PA:0x80008d47
        9365000	       935	80000f18	0036a133	slt	x2,x13,x3	 x13:0x00000000  x3:0x00000000  x2=0x00000000
        9375000	       936	80000f1c	000cc883	lbu	x17,0(x25)	 x25:0x80008d48 x17=0x00000076 PA:0x80008d48
        9385000	       937	80000f20	ff0cd283	lhu	x5,-16(x25)	 x25:0x80008d48  x5=0x00008d48 PA:0x80008d38
        9395000	       938	80000f24	ff3c8783	lb	x15,-13(x25)	 x25:0x80008d48 x15=0xffffff80 PA:0x80008d3b
        9405000	       939	80000f28	004c9623	sh	x4,12(x25)	 x25:0x80008d48  x4:0x80009fc4 PA:0x80008d54
        9415000	       940	80000f2c	41d55693	srai	x13,x10,0x1d	 x10:0x00000000 x13=0x00000000
        9425000	       941	80000f30	00375c33	srl	x24,x14,x3	 x14:0x00000000  x3:0x00000000 x24=0x00000000
        9435000	       942	80000f34	01ee9a93	slli	x21,x29,0x1e	 x29:0x00000070 x21=0x00000000
        9445000	       943	80000f38	41fe5ab3	sra	x21,x28,x31	 x28:0x00000000 x31:0xe476af7c x21=0x00000000
        9455000	       944	80000f3c	00ecd683	lhu	x13,14(x25)	 x25:0x80008d48 x13=0x00000000 PA:0x80008d56
        9465000	       945	80000f40	d60d4e93	xori	x29,x26,-672	 x26:0x00000000 x29=0xfffffd60
        9475000	       946	80000f44	002959b3	srl	x19,x18,x2	 x18:0xe4761000  x2:0x00000000 x19=0xe4761000
        9485000	       947	80000f48	ff2c9f03	lh	x30,-14(x25)	 x25:0x80008d48 x30=0xffff8000 PA:0x80008d3a
        9495000	       948	80000f4c	00000013	addi	x0,x0,0	  x0:0x00000000
        9505000	       949	80000f50	7fb93593	sltiu	x11,x18,2043	 x18:0xe4761000 x11=0x00000000
        9515000	       950	80000f54	005c87a3	sb	x5,15(x25)	 x25:0x80008d48  x5:0x00008d48 PA:0x80008d57
        9525000	       951	80000f58	002c8083	lb	x1,2(x25)	 x25:0x80008d48  x1=0x00000000 PA:0x80008d4a
        9535000	       952	80000f5c	ff3ccb83	lbu	x23,-13(x25)	 x25:0x80008d48 x23=0x00000080 PA:0x80008d3b
        9545000	       953	80000f60	0122b0b3	sltu	x1,x5,x18	  x5:0x00008d48 x18:0xe4761000  x1=0x00000001
        9555000	       954	80000f64	007c8683	lb	x13,7(x25)	 x25:0x80008d48 x13=0x00000048 PA:0x80008d4f
        9565000	       955	80000f68	001ccb83	lbu	x23,1(x25)	 x25:0x80008d48 x23=0x00000085 PA:0x80008d49
        9575000	       956	80000f6c	01024933	xor	x18,x4,x16	  x4:0x80009fc4 x16:0x00000000 x18=0x80009fc4
        9585000	       957	80000f70	e111cf13	xori	x30,x3,-495	  x3:0x00000000 x30=0xfffffe11
        9595000	       958	80000f74	403452b3	sra	x5,x8,x3	  x8:0x4afb09c5  x3:0x00000000  x5=0x4afb09c5
        9605000	       959	80000f78	ffdc8d03	lb	x26,-3(x25)	 x25:0x80008d48 x26=0x00000000 PA:0x80008d45
        9615000	       960	80000f7c	017c8523	sb	x23,10(x25)	 x25:0x80008d48 x23:0x00000085 PA:0x80008d52
        9625000	       961	80000f80	ff0ca403	lw	x8,-16(x25)	 x25:0x80008d48  x8=0x80008d48 PA:0x80008d38
        9635000	       962	80000f84	001ccd03	lbu	x26,1(x25)	 x25:0x80008d48 x26=0x00000085 PA:0x80008d49
        9645000	       963	80000f88	82dbb813	sltiu	x16,x23,-2003	 x23:0x00000085 x16=0x00000001
        9655000	       964	80000f8c	015c85a3	sb	x21,11(x25)	 x25:0x80008d48 x21:0x00000000 PA:0x80008d53
        9665000	       965	80000f90	ff9cc703	lbu	x14,-7(x25)	 x25:0x80008d48 x14=0x00000000 PA:0x80008d41
        9675000	       966	80000f94	ff4c9103	lh	x2,-12(x25)	 x25:0x80008d48  x2=0x00000000 PA:0x80008d3c
        9685000	       967	80000f98	ff6cd483	lhu	x9,-10(x25)	 x25:0x80008d48  x9=0x00000000 PA:0x80008d3e
        9695000	       968	80000f9c	00007a97	auipc	x21,0x7	 x21=0x80007f98
        9705000	       969	80000fa0	0f5a8a93	addi	x21,x21,245	 x21:0x80007f98 x21=0x8000808d
        9715000	       970	80000fa4	01ce3eb3	sltu	x29,x28,x28	 x28:0x00000000 x28:0x00000000 x29=0x00000000
        9725000	       971	80000fa8	40bcd693	srai	x13,x25,0xb	 x25:0x80008d48 x13=0xfff00011
        9735000	       972	80000fac	4110deb3	sra	x29,x1,x17	  x1:0x00000001 x17:0x00000076 x29=0x00000000
        9745000	       973	80000fb0	00b2bd33	sltu	x26,x5,x11	  x5:0x4afb09c5 x11:0x00000000 x26=0x00000000
        9755000	       974	80000fb4	60e67513	andi	x10,x12,1550	 x12:0x80009f70 x10=0x00000600
        9765000	       975	80000fb8	026a8003	lb	x0,38(x21)	 x21:0x8000808d PA:0x800080b3
        9775000	       976	80000fbc	e75b8913	addi	x18,x23,-395	 x23:0x00000085 x18=0xfffffefa
        9785000	       977	80000fc0	fcbaa183	lw	x3,-53(x21)	 x21:0x8000808d  x3=0x00000000 PA:0x80008058
        9795000	       978	80000fc4	fbbad303	lhu	x6,-69(x21)	 x21:0x8000808d  x6=0x00000000 PA:0x80008048
        9805000	       979	80000fc8	40fcde93	srai	x29,x25,0xf	 x25:0x80008d48 x29=0xffff0001
        9815000	       980	80000fcc	01675733	srl	x14,x14,x22	 x14:0x00000000 x22:0x80008ff8 x14=0x00000000
        9825000	       981	80000fd0	090a9fa3	sh	x16,159(x21)	 x21:0x8000808d x16:0x00000001 PA:0x8000812c
        9835000	       982	80000fd4	0adad983	lhu	x19,173(x21)	 x21:0x8000808d x19=0x00000000 PA:0x8000813a
        9845000	       983	80000fd8	0d2a8303	lb	x6,210(x21)	 x21:0x8000808d  x6=0x00000000 PA:0x8000815f
        9855000	       984	80000fdc	010550b3	srl	x1,x10,x16	 x10:0x00000600 x16:0x00000001  x1=0x00000300
        9865000	       985	80000fe0	09ca8403	lb	x8,156(x21)	 x21:0x8000808d  x8=0x00000000 PA:0x80008129
        9875000	       986	80000fe4	072acb03	lbu	x22,114(x21)	 x21:0x8000808d x22=0x00000000 PA:0x800080ff
        9885000	       987	80000fe8	0d5a97a3	sh	x21,207(x21)	 x21:0x8000808d x21:0x8000808d PA:0x8000815c
        9895000	       988	80000fec	4926e813	ori	x16,x13,1170	 x13:0xfff00011 x16=0xfff00493
        9905000	       989	80000ff0	0ddad503	lhu	x10,221(x21)	 x21:0x8000808d x10=0x00000000 PA:0x8000816a
        9915000	       990	80000ff4	09da9583	lh	x11,157(x21)	 x21:0x8000808d x11=0x00000000 PA:0x8000812a
        9925000	       991	80000ff8	00ac1193	slli	x3,x24,0xa	 x24:0x00000000  x3=0x00000000
        9935000	       992	80000ffc	fd8aa7a3	sw	x24,-49(x21)	 x21:0x8000808d x24:0x00000000 PA:0x8000805c
        9945000	       993	80001000	97062793	slti	x15,x12,-1680	 x12:0x80009f70 x15=0x00000001
        9955000	       994	80001004	00465193	srli	x3,x12,0x4	 x12:0x80009f70  x3=0x080009f7
        9965000	       995	80001008	009bc133	xor	x2,x23,x9	 x23:0x00000085  x9:0x00000000  x2=0x00000085
        9975000	       996	8000100c	fbda9083	lh	x1,-67(x21)	 x21:0x8000808d  x1=0x00000000 PA:0x8000804a
        9985000	       997	80001010	08ba8d23	sb	x11,154(x21)	 x21:0x8000808d x11:0x00000000 PA:0x80008127
        9995000	       998	80001014	0edacc03	lbu	x24,237(x21)	 x21:0x8000808d x24=0x00000000 PA:0x8000817a
       10005000	       999	80001018	00007197	auipc	x3,0x7	  x3=0x80008014
       10015000	      1000	8000101c	48b18193	addi	x3,x3,1163	  x3:0x80008014  x3=0x8000849f
       10025000	      1001	80001020	fe11dc03	lhu	x24,-31(x3)	  x3:0x8000849f x24=0x00000000 PA:0x80008480
       10035000	      1002	80001024	00007497	auipc	x9,0x7	  x9=0x80008020
       10045000	      1003	80001028	5cd48493	addi	x9,x9,1485	  x9:0x80008020  x9=0x800085ed
       10055000	      1004	8000102c	fcf18523	sb	x15,-54(x3)	  x3:0x8000849f x15:0x00000001 PA:0x80008469
       10065000	      1005	80001030	00007117	auipc	x2,0x7	  x2=0x8000802c
       10075000	      1006	80001034	19610113	addi	x2,x2,406	  x2:0x8000802c  x2=0x800081c2
       10085000	      1007	80001038	ff710383	lb	x7,-9(x2)	  x2:0x800081c2  x7=0x00000000 PA:0x800081b9
       10095000	      1008	8000103c	fca4c403	lbu	x8,-54(x9)	  x9:0x800085ed  x8=0x00000000 PA:0x800085b7
       10105000	      1009	80001040	fc41cc83	lbu	x25,-60(x3)	  x3:0x8000849f x25=0x00000000 PA:0x80008463
       10115000	      1010	80001044	00048023	sb	x0,0(x9)	  x9:0x800085ed  x0:0x00000000 PA:0x800085ed
       10125000	      1011	80001048	fe8191a3	sh	x8,-29(x3)	  x3:0x8000849f  x8:0x00000000 PA:0x80008482
       10135000	      1012	8000104c	fc310583	lb	x11,-61(x2)	  x2:0x800081c2 x11=0x00000000 PA:0x80008185
       10145000	      1013	80001050	fde48ca3	sb	x30,-39(x9)	  x9:0x800085ed x30:0xfffffe11 PA:0x800085c6
       10155000	      1014	80001054	0074a5a3	sw	x7,11(x9)	  x9:0x800085ed  x7:0x00000000 PA:0x800085f8
       10165000	      1015	80001058	fcf491a3	sh	x15,-61(x9)	  x9:0x800085ed x15:0x00000001 PA:0x800085b0
       10175000	      1016	8000105c	02818523	sb	x8,42(x3)	  x3:0x8000849f  x8:0x00000000 PA:0x800084c9
       10185000	      1017	80001060	fd14c503	lbu	x10,-47(x9)	  x9:0x800085ed x10=0x00000000 PA:0x800085be
       10195000	      1018	00000000	00000013	addi	x0,x0,0	  x0:0x00000000
       10205000	      1019	80001064	fca1cf03	lbu	x30,-54(x3)	  x3:0x8000849f x30=0x00000001 PA:0x80008469
       10215000	      1020	80001068	fc31cb03	lbu	x22,-61(x3)	  x3:0x8000849f x22=0x00000000 PA:0x80008462
       10225000	      1021	8000106c	fc811303	lh	x6,-56(x2)	  x2:0x800081c2  x6=0x00000000 PA:0x8000818a
       10235000	      1022	80001070	0394ca83	lbu	x21,57(x9)	  x9:0x800085ed x21=0x00000000 PA:0x80008626
       10245000	      1023	80001074	02912523	sw	x9,42(x2)	  x2:0x800081c2  x9:0x800085ed PA:0x800081ec
       10255000	      1024	80001078	01714983	lbu	x19,23(x2)	  x2:0x800081c2 x19=0x0000009f PA:0x800081d9
       10265000	      1025	8000107c	00f48803	lb	x16,15(x9)	  x9:0x800085ed x16=0x00000000 PA:0x800085fc
       10275000	      1026	80001080	00a18f83	lb	x31,10(x3)	  x3:0x8000849f x31=0x00000000 PA:0x800084a9
       10285000	      1027	80001084	01148283	lb	x5,17(x9)	  x9:0x800085ed  x5=0x00000000 PA:0x800085fe
       10295000	      1028	80001088	fe24ce83	lbu	x29,-30(x9)	  x9:0x800085ed x29=0x00000000 PA:0x800085cf
       10305000	      1029	8000108c	0cd3ff93	andi	x31,x7,205	  x7:0x00000000 x31=0x00000000
       10315000	      1030	80001090	01159593	slli	x11,x11,0x11	 x11:0x00000000 x11=0x00000000
       10325000	      1031	80001094	0935de63	bge	x11,x19,80001130	 x11:0x00000000 x19:0x0000009f
       10335000	      1032	80001098	a26f2313	slti	x6,x30,-1498	 x30:0x00000001  x6=0x00000000
       10345000	      1033	8000109c	009251b3	srl	x3,x4,x9	  x4:0x80009fc4  x9:0x800085ed  x3=0x00040004
       10355000	      1034	800010a0	870ba193	slti	x3,x23,-1936	 x23:0x00000085  x3=0x00000000
       10365000	      1035	800010a4	09035463	bge	x6,x16,8000112c	  x6:0x00000000 x16:0x00000000
       10375000	      1036	00000000	00000013	addi	x0,x0,0	  x0:0x00000000
       10385000	      1037	80001128	00000013	addi	x0,x0,0	  x0:0x00000000
       10395000	      1038	8000112c	40115cb3	sra	x25,x2,x1	  x2:0x800081c2  x1:0x00000000 x25=0x800081c2
       10405000	      1039	80001130	01021c13	slli	x24,x4,0x10	  x4:0x80009fc4 x24=0x9fc40000
       10415000	      1040	80001134	007c5c13	srli	x24,x24,0x7	 x24:0x9fc40000 x24=0x013f8800
       10425000	      1041	80001138	00000013	addi	x0,x0,0	  x0:0x00000000
       10435000	      1042	8000113c	00f8f033	and	x0,x17,x15	 x17:0x00000076 x15:0x00000001
       10445000	      1043	80001140	add2f913	andi	x18,x5,-1315	  x5:0x00000000 x18=0x00000000
       10455000	      1044	80001144	936d7b13	andi	x22,x26,-1738	 x26:0x00000000 x22=0x00000000
       10465000	      1045	80001148	00f9d8b3	srl	x17,x19,x15	 x19:0x0000009f x15:0x00000001 x17=0x0000004f
       10475000	      1046	8000114c	8b5cf093	andi	x1,x25,-1867	 x25:0x800081c2  x1=0x80008080
       10485000	      1047	80001150	00e1ea33	or	x20,x3,x14	  x3:0x00000000 x14:0x00000000 x20=0x00000000
       10495000	      1048	80001154	cd13b893	sltiu	x17,x7,-815	  x7:0x00000000 x17=0x00000001
       10505000	      1049	80001158	4069d933	sra	x18,x19,x6	 x19:0x0000009f  x6:0x00000000 x18=0x0000009f
       10515000	      1050	8000115c	f8ba3513	sltiu	x10,x20,-117	 x20:0x00000000 x10=0x00000001
       10525000	      1051	80001160	017fd663	bge	x31,x23,8000116c	 x31:0x00000000 x23:0x00000085
       10535000	      1052	80001164	02fe8063	beq	x29,x15,80001184	 x29:0x00000000 x15:0x00000001
       10545000	      1053	80001168	40610a33	sub	x20,x2,x6	  x2:0x800081c2  x6:0x00000000 x20=0x800081c2
       10555000	      1054	8000116c	050a6693	ori	x13,x20,80	 x20:0x800081c2 x13=0x800081d2
       10565000	      1055	80001170	017eb3b3	sltu	x7,x29,x23	 x29:0x00000000 x23:0x00000085  x7=0x00000001
       10575000	      1056	80001174	01ba9d13	slli	x26,x21,0x1b	 x21:0x00000000 x26=0x00000000
       10585000	      1057	80001178	7d65cf93	xori	x31,x11,2006	 x11:0x00000000 x31=0x000007d6
       10595000	      1058	8000117c	01ef0317	auipc	x6,0x1ef0	  x6=0x81ef1178
       10605000	      1059	80001180	00af4533	xor	x10,x30,x10	 x30:0x00000001 x10:0x00000001 x10=0x00000000
       10615000	      1060	80001184	037c0a63	beq	x24,x23,800011b8	 x24:0x013f8800 x23:0x00000085
       10625000	      1061	80001188	01f5c863	blt	x11,x31,80001198	 x11:0x00000000 x31:0x000007d6
       10635000	      1062	00000000	00000013	addi	x0,x0,0	  x0:0x00000000
       10645000	      1063	80001194	00000013	addi	x0,x0,0	  x0:0x00000000
       10655000	      1064	80001198	00000013	addi	x0,x0,0	  x0:0x00000000
       10665000	      1065	8000119c	eb248f93	addi	x31,x9,-334	  x9:0x800085ed x31=0x8000849f
       10675000	      1066	800011a0	012687b3	add	x15,x13,x18	 x13:0x800081d2 x18:0x0000009f x15=0x80008271
       10685000	      1067	800011a4	005d69b3	or	x19,x26,x5	 x26:0x00000000  x5:0x00000000 x19=0x00000000
       10695000	      1068	800011a8	046a4463	blt	x20,x6,800011f0	 x20:0x800081c2  x6:0x81ef1178
       10705000	      1069	00000000	00000013	addi	x0,x0,0	  x0:0x00000000
       10715000	      1070	800011ec	00000013	addi	x0,x0,0	  x0:0x00000000
       10725000	      1071	800011f0	011d7e33	and	x28,x26,x17	 x26:0x00000000 x17:0x00000001 x28=0x00000000
       10735000	      1072	800011f4	413e8cb3	sub	x25,x29,x19	 x29:0x00000000 x19:0x00000000 x25=0x00000000
       10745000	      1073	800011f8	00960463	beq	x12,x9,80001200	 x12:0x80009f70  x9:0x800085ed
       10755000	      1074	800011fc	5c1d2e13	slti	x28,x26,1473	 x26:0x00000000 x28=0x00000001
       10765000	      1075	80001200	0010cc63	blt	x1,x1,80001218	  x1:0x80008080  x1:0x80008080
       10775000	      1076	80001204	05ee7863	bgeu	x28,x30,80001254	 x28:0x00000001 x30:0x00000001
       10785000	      1077	00000000	00000013	addi	x0,x0,0	  x0:0x00000000
       10795000	      1078	80001250	00000013	addi	x0,x0,0	  x0:0x00000000
       10805000	      1079	80001254	0122e833	or	x16,x5,x18	  x5:0x00000000 x18:0x0000009f x16=0x0000009f
       10815000	      1080	80001258	01421833	sll	x16,x4,x20	  x4:0x80009fc4 x20:0x800081c2 x16=0x00027f10
       10825000	      1081	8000125c	4edc2293	slti	x5,x24,1261	 x24:0x013f8800  x5=0x00000000
       10835000	      1082	80001260	007f32b3	sltu	x5,x30,x7	 x30:0x00000001  x7:0x00000001  x5=0x00000000
       10845000	      1083	80001264	01bc71b3	and	x3,x24,x27	 x24:0x013f8800 x27:0x0000000d  x3=0x00000000
       10855000	      1084	80001268	414fd193	srai	x3,x31,0x14	 x31:0x8000849f  x3=0xfffff800
       10865000	      1085	8000126c	41368733	sub	x14,x13,x19	 x13:0x800081d2 x19:0x00000000 x14=0x800081d2
       10875000	      1086	80001270	01ab1263	bne	x22,x26,80001274	 x22:0x00000000 x26:0x00000000
       10885000	      1087	80001274	01bd22b3	slt	x5,x26,x27	 x26:0x00000000 x27:0x0000000d  x5=0x00000001
       10895000	      1088	80001278	c2b5f293	andi	x5,x11,-981	 x11:0x00000000  x5=0x00000000
       10905000	      1089	8000127c	007708b3	add	x17,x14,x7	 x14:0x800081d2  x7:0x00000001 x17=0x800081d3
       10915000	      1090	80001280	0059abb3	slt	x23,x19,x5	 x19:0x00000000  x5:0x00000000 x23=0x00000000
       10925000	      1091	80001284	01b11193	slli	x3,x2,0x1b	  x2:0x800081c2  x3=0x10000000
       10935000	      1092	80001288	2ddde913	ori	x18,x27,733	 x27:0x0000000d x18=0x000002dd
       10945000	      1093	8000128c	01d17263	bgeu	x2,x29,80001290	  x2:0x800081c2 x29:0x00000000
       10955000	      1094	00000000	00000013	addi	x0,x0,0	  x0:0x00000000
       10965000	      1095	8000128c	00000013	addi	x0,x0,0	  x0:0x00000000
       10975000	      1096	80001290	00a86fb3	or	x31,x16,x10	 x16:0x00027f10 x10:0x00000000 x31=0x00027f10
       10985000	      1097	80001294	01cf2bb3	slt	x23,x30,x28	 x30:0x00000001 x28:0x00000001 x23=0x00000000
       10995000	      1098	80001298	6b078e13	addi	x28,x15,1712	 x15:0x80008271 x28=0x80008921
       11005000	      1099	8000129c	7f966b13	ori	x22,x12,2041	 x12:0x80009f70 x22=0x80009ff9
       11015000	      1100	800012a0	0016cd33	xor	x26,x13,x1	 x13:0x800081d2  x1:0x80008080 x26=0x00000152
       11025000	      1101	800012a4	0081d393	srli	x7,x3,0x8	  x3:0x10000000  x7=0x00100000
       11035000	      1102	800012a8	01ce1193	slli	x3,x28,0x1c	 x28:0x80008921  x3=0x10000000
       11045000	      1103	800012ac	e9183013	sltiu	x0,x16,-367	 x16:0x00027f10
       11055000	      1104	800012b0	0218fc63	bgeu	x17,x1,800012e8	 x17:0x800081d3  x1:0x80008080
       11065000	      1105	00000000	00000013	addi	x0,x0,0	  x0:0x00000000
       11075000	      1106	800012e4	00000013	addi	x0,x0,0	  x0:0x00000000
       11085000	      1107	800012e8	0311da63	bge	x3,x17,8000131c	  x3:0x10000000 x17:0x800081d3
       11095000	      1108	00000000	00000013	addi	x0,x0,0	  x0:0x00000000
       11105000	      1109	80001318	00000013	addi	x0,x0,0	  x0:0x00000000
       11115000	      1110	8000131c	4111d513	srai	x10,x3,0x11	  x3:0x10000000 x10=0x00000800
       11125000	      1111	80001320	c0e29f97	auipc	x31,0xc0e29	 x31=0x40e2a31c
       11135000	      1112	80001324	00ef1d13	slli	x26,x30,0xe	 x30:0x00000001 x26=0x00004000
       11145000	      1113	80001328	01760663	beq	x12,x23,80001334	 x12:0x80009f70 x23:0x00000000
       11155000	      1114	8000132c	da726893	ori	x17,x4,-601	  x4:0x80009fc4 x17=0xffffffe7
       11165000	      1115	80001330	5d397813	andi	x16,x18,1491	 x18:0x000002dd x16=0x000000d1
       11175000	      1116	80001334	7a97fc93	andi	x25,x15,1961	 x15:0x80008271 x25=0x00000221
       11185000	      1117	80001338	39ec7113	andi	x2,x24,926	 x24:0x013f8800  x2=0x00000000
       11195000	      1118	8000133c	010ce4b3	or	x9,x25,x16	 x25:0x00000221 x16:0x000000d1  x9=0x000002f1
       11205000	      1119	80001340	041b1463	bne	x22,x1,80001388	 x22:0x80009ff9  x1:0x80008080
       11215000	      1120	00000000	00000013	addi	x0,x0,0	  x0:0x00000000
       11225000	      1121	80001384	00000013	addi	x0,x0,0	  x0:0x00000000
       11235000	      1122	80001388	00000013	addi	x0,x0,0	  x0:0x00000000
       11245000	      1123	8000138c	6536ee17	auipc	x28,0x6536e	 x28=0xe536f388
       11255000	      1124	80001390	04f4d863	bge	x9,x15,800013e0	  x9:0x000002f1 x15:0x80008271
       11265000	      1125	00000000	00000013	addi	x0,x0,0	  x0:0x00000000
       11275000	      1126	800013dc	00000013	addi	x0,x0,0	  x0:0x00000000
       11285000	      1127	800013e0	404d5933	sra	x18,x26,x4	 x26:0x00004000  x4:0x80009fc4 x18=0x00000400
       11295000	      1128	800013e4	409dd133	sra	x2,x27,x9	 x27:0x0000000d  x9:0x000002f1  x2=0x00000000
       11305000	      1129	800013e8	2d45e813	ori	x16,x11,724	 x11:0x00000000 x16=0x000002d4
       11315000	      1130	800013ec	51e6af13	slti	x30,x13,1310	 x13:0x800081d2 x30=0x00000001
       11325000	      1131	800013f0	75c93513	sltiu	x10,x18,1884	 x18:0x00000400 x10=0x00000001
       11335000	      1132	800013f4	00000013	addi	x0,x0,0	  x0:0x00000000
       11345000	      1133	800013f8	00f24a63	blt	x4,x15,8000140c	  x4:0x80009fc4 x15:0x80008271
       11355000	      1134	800013fc	01c2dc13	srli	x24,x5,0x1c	  x5:0x00000000 x24=0x00000000
       11365000	      1135	80001400	40ef8f33	sub	x30,x31,x14	 x31:0x40e2a31c x14:0x800081d2 x30=0xc0e2214a
       11375000	      1136	80001404	01768433	add	x8,x13,x23	 x13:0x800081d2 x23:0x00000000  x8=0x800081d2
       11385000	      1137	80001408	01049793	slli	x15,x9,0x10	  x9:0x000002f1 x15=0x02f10000
       11395000	      1138	8000140c	102cac13	slti	x24,x25,258	 x25:0x00000221 x24=0x00000000
       11405000	      1139	80001410	000fcc33	xor	x24,x31,x0	 x31:0x40e2a31c  x0:0x00000000 x24=0x40e2a31c
       11415000	      1140	80001414	404b08b3	sub	x17,x22,x4	 x22:0x80009ff9  x4:0x80009fc4 x17=0x00000035
       11425000	      1141	80001418	01e49713	slli	x14,x9,0x1e	  x9:0x000002f1 x14=0x40000000
       11435000	      1142	8000141c	6bf07913	andi	x18,x0,1727	  x0:0x00000000 x18=0x00000000
       11445000	      1143	80001420	29828d13	addi	x26,x5,664	  x5:0x00000000 x26=0x00000298
       11455000	      1144	80001424	0ac29063	bne	x5,x12,800014c4	  x5:0x00000000 x12:0x80009f70
       11465000	      1145	00000000	00000013	addi	x0,x0,0	  x0:0x00000000
       11475000	      1146	800014c0	00000013	addi	x0,x0,0	  x0:0x00000000
       11485000	      1147	800014c4	00da2eb3	slt	x29,x20,x13	 x20:0x800081c2 x13:0x800081d2 x29=0x00000001
       11495000	      1148	800014c8	00000013	addi	x0,x0,0	  x0:0x00000000
       11505000	      1149	800014cc	8e9baa13	slti	x20,x23,-1815	 x23:0x00000000 x20=0x00000000
       11515000	      1150	800014d0	022a9063	bne	x21,x2,800014f0	 x21:0x00000000  x2:0x00000000
       11525000	      1151	800014d4	018a5263	bge	x20,x24,800014d8	 x20:0x00000000 x24:0x40e2a31c
       11535000	      1152	800014d8	00ecdf13	srli	x30,x25,0xe	 x25:0x00000221 x30=0x00000000
       11545000	      1153	800014dc	00c1e663	bltu	x3,x12,800014e8	  x3:0x10000000 x12:0x80009f70
       11555000	      1154	00000000	00000013	addi	x0,x0,0	  x0:0x00000000
       11565000	      1155	800014e4	00000013	addi	x0,x0,0	  x0:0x00000000
       11575000	      1156	800014e8	85f27293	andi	x5,x4,-1953	  x4:0x80009fc4  x5=0x80009844
       11585000	      1157	800014ec	017c0933	add	x18,x24,x23	 x24:0x40e2a31c x23:0x00000000 x18=0x40e2a31c
       11595000	      1158	800014f0	033cc663	blt	x25,x19,8000151c	 x25:0x00000221 x19:0x00000000
       11605000	      1159	800014f4	04d26063	bltu	x4,x13,80001534	  x4:0x80009fc4 x13:0x800081d2
       11615000	      1160	800014f8	02781063	bne	x16,x7,80001518	 x16:0x000002d4  x7:0x00100000
       11625000	      1161	00000000	00000013	addi	x0,x0,0	  x0:0x00000000
       11635000	      1162	80001514	00000013	addi	x0,x0,0	  x0:0x00000000
       11645000	      1163	80001518	01934463	blt	x6,x25,80001520	  x6:0x81ef1178 x25:0x00000221
       11655000	      1164	00000000	00000013	addi	x0,x0,0	  x0:0x00000000
       11665000	      1165	8000151c	00000013	addi	x0,x0,0	  x0:0x00000000
       11675000	      1166	80001520	223ac593	xori	x11,x21,547	 x21:0x00000000 x11=0x00000223
       11685000	      1167	80001524	056ae063	bltu	x21,x22,80001564	 x21:0x00000000 x22:0x80009ff9
       11695000	      1168	00000000	00000013	addi	x0,x0,0	  x0:0x00000000
       11705000	      1169	80001560	00000013	addi	x0,x0,0	  x0:0x00000000
       11715000	      1170	80001564	00000013	addi	x0,x0,0	  x0:0x00000000
       11725000	      1171	80001568	5f990193	addi	x3,x18,1529	 x18:0x40e2a31c  x3=0x40e2a915
       11735000	      1172	8000156c	48272c93	slti	x25,x14,1154	 x14:0x40000000 x25=0x00000000
       11745000	      1173	80001570	0ae11263	bne	x2,x14,80001614	  x2:0x00000000 x14:0x40000000
       11755000	      1174	00000000	00000013	addi	x0,x0,0	  x0:0x00000000
       11765000	      1175	80001610	00000013	addi	x0,x0,0	  x0:0x00000000
       11775000	      1176	80001614	40efd1b3	sra	x3,x31,x14	 x31:0x40e2a31c x14:0x40000000  x3=0x40e2a31c
       11785000	      1177	80001618	00cc8133	add	x2,x25,x12	 x25:0x00000000 x12:0x80009f70  x2=0x80009f70
       11795000	      1178	8000161c	fe608693	addi	x13,x1,-26	  x1:0x80008080 x13=0x80008066
       11805000	      1179	80001620	025cfa63	bgeu	x25,x5,80001654	 x25:0x00000000  x5:0x80009844
       11815000	      1180	80001624	01a89693	slli	x13,x17,0x1a	 x17:0x00000035 x13=0xd4000000
       11825000	      1181	80001628	01405b13	srli	x22,x0,0x14	  x0:0x00000000 x22=0x00000000
       11835000	      1182	8000162c	00a4d833	srl	x16,x9,x10	  x9:0x000002f1 x10:0x00000001 x16=0x00000178
       11845000	      1183	80001630	2159e113	ori	x2,x19,533	 x19:0x00000000  x2=0x00000215
       11855000	      1184	80001634	01e57f33	and	x30,x10,x30	 x10:0x00000001 x30:0x00000000 x30=0x00000000
       11865000	      1185	80001638	00751463	bne	x10,x7,80001640	 x10:0x00000001  x7:0x00100000
       11875000	      1186	00000000	00000013	addi	x0,x0,0	  x0:0x00000000
       11885000	      1187	8000163c	00000013	addi	x0,x0,0	  x0:0x00000000
       11895000	      1188	80001640	010e7b33	and	x22,x28,x16	 x28:0xe536f388 x16:0x00000178 x22=0x00000108
       11905000	      1189	80001644	60494893	xori	x17,x18,1540	 x18:0x40e2a31c x17=0x40e2a518
       11915000	      1190	80001648	40c75733	sra	x14,x14,x12	 x14:0x40000000 x12:0x80009f70 x14=0x00004000
       11925000	      1191	8000164c	04be6993	ori	x19,x28,75	 x28:0xe536f388 x19=0xe536f3cb
       11935000	      1192	80001650	00accab3	xor	x21,x25,x10	 x25:0x00000000 x10:0x00000001 x21=0x00000001
       11945000	      1193	80001654	63ec2d17	auipc	x26,0x63ec2	 x26=0xe3ec3650
       11955000	      1194	80001658	01ed8fb3	add	x31,x27,x30	 x27:0x0000000d x30:0x00000000 x31=0x0000000d
       11965000	      1195	8000165c	41160933	sub	x18,x12,x17	 x12:0x80009f70 x17:0x40e2a518 x18=0x3f1dfa58
       11975000	      1196	80001660	fcb9a813	slti	x16,x19,-53	 x19:0xe536f3cb x16=0x00000001
       11985000	      1197	80001664	04157063	bgeu	x10,x1,800016a4	 x10:0x00000001  x1:0x80008080
       11995000	      1198	80001668	0016c1b3	xor	x3,x13,x1	 x13:0xd4000000  x1:0x80008080  x3=0x54008080
       12005000	      1199	8000166c	01866733	or	x14,x12,x24	 x12:0x80009f70 x24:0x40e2a31c x14=0xc0e2bf7c
       12015000	      1200	80001670	01cec263	blt	x29,x28,80001674	 x29:0x00000001 x28:0xe536f388
       12025000	      1201	80001674	03e71063	bne	x14,x30,80001694	 x14:0xc0e2bf7c x30:0x00000000
       12035000	      1202	00000000	00000013	addi	x0,x0,0	  x0:0x00000000
       12045000	      1203	80001690	00000013	addi	x0,x0,0	  x0:0x00000000
       12055000	      1204	80001694	00690663	beq	x18,x6,800016a0	 x18:0x3f1dfa58  x6:0x81ef1178
       12065000	      1205	80001698	00ce1a13	slli	x20,x28,0xc	 x28:0xe536f388 x20=0x6f388000
       12075000	      1206	8000169c	002d2d33	slt	x26,x26,x2	 x26:0xe3ec3650  x2:0x00000215 x26=0x00000001
       12085000	      1207	800016a0	00000013	addi	x0,x0,0	  x0:0x00000000
       12095000	      1208	800016a4	005d60b3	or	x1,x26,x5	 x26:0x00000001  x5:0x80009844  x1=0x80009845
       12105000	      1209	800016a8	9feca793	slti	x15,x25,-1538	 x25:0x00000000 x15=0x00000000
       12115000	      1210	800016ac	01a8cc63	blt	x17,x26,800016c4	 x17:0x40e2a518 x26:0x00000001
       12125000	      1211	800016b0	41b957b3	sra	x15,x18,x27	 x18:0x3f1dfa58 x27:0x0000000d x15=0x0001f8ef
       12135000	      1212	800016b4	152ff313	andi	x6,x31,338	 x31:0x0000000d  x6=0x00000000
       12145000	      1213	800016b8	bc368793	addi	x15,x13,-1085	 x13:0xd4000000 x15=0xd3fffbc3
       12155000	      1214	800016bc	33a22d13	slti	x26,x4,826	  x4:0x80009fc4 x26=0x00000001
       12165000	      1215	800016c0	00b7ec63	bltu	x15,x11,800016d8	 x15:0xd3fffbc3 x11:0x00000223
       12175000	      1216	800016c4	00ba1893	slli	x17,x20,0xb	 x20:0x6f388000 x17=0xc4000000
       12185000	      1217	800016c8	00d30eb3	add	x29,x6,x13	  x6:0x00000000 x13:0xd4000000 x29=0xd4000000
       12195000	      1218	800016cc	0a65dcb7	lui	x25,0xa65d	 x25=0x0a65d000
       12205000	      1219	800016d0	017fdc93	srli	x25,x31,0x17	 x31:0x0000000d x25=0x00000000
       12215000	      1220	800016d4	02774a63	blt	x14,x7,80001708	 x14:0xc0e2bf7c  x7:0x00100000
       12225000	      1221	00000000	00000013	addi	x0,x0,0	  x0:0x00000000
       12235000	      1222	80001704	00000013	addi	x0,x0,0	  x0:0x00000000
       12245000	      1223	80001708	9be5bb13	sltiu	x22,x11,-1602	 x11:0x00000223 x22=0x00000001
       12255000	      1224	8000170c	e5cde693	ori	x13,x27,-420	 x27:0x0000000d x13=0xfffffe5d
       12265000	      1225	80001710	041555b7	lui	x11,0x4155	 x11=0x04155000
       12275000	      1226	80001714	056bc463	blt	x23,x22,8000175c	 x23:0x00000000 x22:0x00000001
       12285000	      1227	00000000	00000013	addi	x0,x0,0	  x0:0x00000000
       12295000	      1228	80001758	00000013	addi	x0,x0,0	  x0:0x00000000
       12305000	      1229	8000175c	057a7863	bgeu	x20,x23,800017ac	 x20:0x6f388000 x23:0x00000000
       12315000	      1230	00000000	00000013	addi	x0,x0,0	  x0:0x00000000
       12325000	      1231	800017a8	00000013	addi	x0,x0,0	  x0:0x00000000
       12335000	      1232	800017ac	01ca29b3	slt	x19,x20,x28	 x20:0x6f388000 x28:0xe536f388 x19=0x00000000
       12345000	      1233	800017b0	005a4f33	xor	x30,x20,x5	 x20:0x6f388000  x5:0x80009844 x30=0xef381844
       12355000	      1234	800017b4	6df10337	lui	x6,0x6df10	  x6=0x6df10000
       12365000	      1235	800017b8	01761c63	bne	x12,x23,800017d0	 x12:0x80009f70 x23:0x00000000
       12375000	      1236	00000000	00000013	addi	x0,x0,0	  x0:0x00000000
       12385000	      1237	800017cc	00000013	addi	x0,x0,0	  x0:0x00000000
       12395000	      1238	800017d0	00f99333	sll	x6,x19,x15	 x19:0x00000000 x15:0xd3fffbc3  x6=0x00000000
       12405000	      1239	800017d4	eb13e193	ori	x3,x7,-335	  x7:0x00100000  x3=0xfffffeb1
       12415000	      1240	800017d8	01d77033	and	x0,x14,x29	 x14:0xc0e2bf7c x29:0xd4000000
       12425000	      1241	800017dc	04244063	blt	x8,x2,8000181c	  x8:0x800081d2  x2:0x00000215
       12435000	      1242	00000000	00000013	addi	x0,x0,0	  x0:0x00000000
       12445000	      1243	80001818	00000013	addi	x0,x0,0	  x0:0x00000000
       12455000	      1244	8000181c	439db697	auipc	x13,0x439db	 x13=0xc39dc818
       12465000	      1245	80001820	0317e263	bltu	x15,x17,80001844	 x15:0xd3fffbc3 x17:0xc4000000
       12475000	      1246	80001824	018d38b3	sltu	x17,x26,x24	 x26:0x00000001 x24:0x40e2a31c x17=0x00000001
       12485000	      1247	80001828	0084b3b3	sltu	x7,x9,x8	  x9:0x000002f1  x8:0x800081d2  x7=0x00000001
       12495000	      1248	8000182c	3a51cf13	xori	x30,x3,933	  x3:0xfffffeb1 x30=0xfffffd14
       12505000	      1249	80001830	02d6d663	bge	x13,x13,8000185c	 x13:0xc39dc818 x13:0xc39dc818
       12515000	      1250	00000000	00000013	addi	x0,x0,0	  x0:0x00000000
       12525000	      1251	80001858	00000013	addi	x0,x0,0	  x0:0x00000000
       12535000	      1252	8000185c	019896b3	sll	x13,x17,x25	 x17:0x00000001 x25:0x00000000 x13=0x00000001
       12545000	      1253	80001860	40e55ab3	sra	x21,x10,x14	 x10:0x00000001 x14:0xc0e2bf7c x21=0x00000000
       12555000	      1254	80001864	415f8933	sub	x18,x31,x21	 x31:0x0000000d x21:0x00000000 x18=0x0000000d
       12565000	      1255	80001868	00f72833	slt	x16,x14,x15	 x14:0xc0e2bf7c x15:0xd3fffbc3 x16=0x00000001
       12575000	      1256	8000186c	913b2113	slti	x2,x22,-1773	 x22:0x00000001  x2=0x00000000
       12585000	      1257	80001870	05385063	bge	x16,x19,800018b0	 x16:0x00000001 x19:0x00000000
       12595000	      1258	00000000	00000013	addi	x0,x0,0	  x0:0x00000000
       12605000	      1259	800018ac	00000013	addi	x0,x0,0	  x0:0x00000000
       12615000	      1260	800018b0	88ef7713	andi	x14,x30,-1906	 x30:0xfffffd14 x14=0xfffff804
       12625000	      1261	800018b4	01d934b3	sltu	x9,x18,x29	 x18:0x0000000d x29:0xd4000000  x9=0x00000001
       12635000	      1262	800018b8	00007317	auipc	x6,0x7	  x6=0x800088b4
       12645000	      1263	800018bc	1f130313	addi	x6,x6,497	  x6:0x800088b4  x6=0x80008aa5
       12655000	      1264	800018c0	4ec30323	sb	x12,1254(x6)	  x6:0x80008aa5 x12:0x80009f70 PA:0x80008f8b
       12665000	      1265	800018c4	def34683	lbu	x13,-529(x6)	  x6:0x80008aa5 x13=0x00000000 PA:0x80008894
       12675000	      1266	800018c8	df7317a3	sh	x23,-529(x6)	  x6:0x80008aa5 x23:0x00000000 PA:0x80008894
       12685000	      1267	800018cc	def31383	lh	x7,-529(x6)	  x6:0x80008aa5  x7=0x00000000 PA:0x80008894
       12695000	      1268	800018d0	dfc307a3	sb	x28,-529(x6)	  x6:0x80008aa5 x28:0xe536f388 PA:0x80008894
       12705000	      1269	800018d4	7caeac13	slti	x24,x29,1994	 x29:0xd4000000 x24=0x00000001
       12715000	      1270	800018d8	25030903	lb	x18,592(x6)	  x6:0x80008aa5 x18=0x00000000 PA:0x80008cf5
       12725000	      1271	800018dc	002332b3	sltu	x5,x6,x2	  x6:0x80008aa5  x2:0x00000000  x5=0x00000000
       12735000	      1272	800018e0	25034683	lbu	x13,592(x6)	  x6:0x80008aa5 x13=0x00000000 PA:0x80008cf5
       12745000	      1273	800018e4	24630823	sb	x6,592(x6)	  x6:0x80008aa5  x6:0x80008aa5 PA:0x80008cf5
       12755000	      1274	800018e8	25030c03	lb	x24,592(x6)	  x6:0x80008aa5 x24=0xffffffa5 PA:0x80008cf5
       12765000	      1275	800018ec	2a731183	lh	x3,679(x6)	  x6:0x80008aa5  x3=0x00000000 PA:0x80008d4c
       12775000	      1276	800018f0	014baf33	slt	x30,x23,x20	 x23:0x00000000 x20:0x6f388000 x30=0x00000001
       12785000	      1277	800018f4	f7531003	lh	x0,-139(x6)	  x6:0x80008aa5 PA:0x80008a1a
       12795000	      1278	800018f8	f7534703	lbu	x14,-139(x6)	  x6:0x80008aa5 x14=0x00000000 PA:0x80008a1a
       12805000	      1279	800018fc	212321a3	sw	x18,515(x6)	  x6:0x80008aa5 x18:0x00000000 PA:0x80008ca8
       12815000	      1280	80001900	411b5bb3	sra	x23,x22,x17	 x22:0x00000001 x17:0x00000001 x23=0x00000000
       12825000	      1281	80001904	20330483	lb	x9,515(x6)	  x6:0x80008aa5  x9=0x00000000 PA:0x80008ca8
       12835000	      1282	80001908	01d09413	slli	x8,x1,0x1d	  x1:0x80009845  x8=0xa0000000
       12845000	      1283	8000190c	00000013	addi	x0,x0,0	  x0:0x00000000
       12855000	      1284	80001910	1e46deb7	lui	x29,0x1e46d	 x29=0x1e46d000
       12865000	      1285	80001914	050a5037	lui	x0,0x50a5	
       12875000	      1286	80001918	01b7e663	bltu	x15,x27,80001924	 x15:0xd3fffbc3 x27:0x0000000d
       12885000	      1287	8000191c	013e4663	blt	x28,x19,80001928	 x28:0xe536f388 x19:0x00000000
       12895000	      1288	00000000	00000013	addi	x0,x0,0	  x0:0x00000000
       12905000	      1289	80001924	00000013	addi	x0,x0,0	  x0:0x00000000
       12915000	      1290	80001928	40e6db93	srai	x23,x13,0xe	 x13:0x00000000 x23=0x00000000
       12925000	      1291	8000192c	00425933	srl	x18,x4,x4	  x4:0x80009fc4  x4:0x80009fc4 x18=0x080009fc
       12935000	      1292	80001930	00a6a833	slt	x16,x13,x10	 x13:0x00000000 x10:0x00000001 x16=0x00000001
       12945000	      1293	80001934	017ffc63	bgeu	x31,x23,8000194c	 x31:0x0000000d x23:0x00000000
       12955000	      1294	00000000	00000013	addi	x0,x0,0	  x0:0x00000000
       12965000	      1295	80001948	00000013	addi	x0,x0,0	  x0:0x00000000
       12975000	      1296	8000194c	a1b23993	sltiu	x19,x4,-1509	  x4:0x80009fc4 x19=0x00000001
       12985000	      1297	80001950	022f9063	bne	x31,x2,80001970	 x31:0x0000000d  x2:0x00000000
       12995000	      1298	00000000	00000013	addi	x0,x0,0	  x0:0x00000000
       13005000	      1299	8000196c	00000013	addi	x0,x0,0	  x0:0x00000000
       13015000	      1300	80001970	e2b3bd13	sltiu	x26,x7,-469	  x7:0x00000000 x26=0x00000001
       13025000	      1301	80001974	01594433	xor	x8,x18,x21	 x18:0x080009fc x21:0x00000000  x8=0x080009fc
       13035000	      1302	80001978	25ef7993	andi	x19,x30,606	 x30:0x00000001 x19=0x00000000
       13045000	      1303	8000197c	357f4193	xori	x3,x30,855	 x30:0x00000001  x3=0x00000356
       13055000	      1304	80001980	14cd73b7	lui	x7,0x14cd7	  x7=0x14cd7000
       13065000	      1305	80001984	d43a4f13	xori	x30,x20,-701	 x20:0x6f388000 x30=0x90c77d43
       13075000	      1306	80001988	0549f063	bgeu	x19,x20,800019c8	 x19:0x00000000 x20:0x6f388000
       13085000	      1307	8000198c	af2f2093	slti	x1,x30,-1294	 x30:0x90c77d43  x1=0x00000001
       13095000	      1308	80001990	015f9993	slli	x19,x31,0x15	 x31:0x0000000d x19=0x01a00000
       13105000	      1309	80001994	000915b3	sll	x11,x18,x0	 x18:0x080009fc  x0:0x00000000 x11=0x080009fc
       13115000	      1310	80001998	40fa0cb3	sub	x25,x20,x15	 x20:0x6f388000 x15:0xd3fffbc3 x25=0x9b38843d
       13125000	      1311	8000199c	405e8933	sub	x18,x29,x5	 x29:0x1e46d000  x5:0x00000000 x18=0x1e46d000
       13135000	      1312	800019a0	04e0f063	bgeu	x1,x14,800019e0	  x1:0x00000001 x14:0x00000000
       13145000	      1313	00000000	00000013	addi	x0,x0,0	  x0:0x00000000
       13155000	      1314	800019dc	00000013	addi	x0,x0,0	  x0:0x00000000
       13165000	      1315	800019e0	c047cb13	xori	x22,x15,-1020	 x15:0xd3fffbc3 x22=0x2c0007c7
       13175000	      1316	800019e4	f1570d13	addi	x26,x14,-235	 x14:0x00000000 x26=0xffffff15
       13185000	      1317	800019e8	009d34b3	sltu	x9,x26,x9	 x26:0xffffff15  x9:0x00000000  x9=0x00000000
       13195000	      1318	800019ec	022b0c63	beq	x22,x2,80001a24	 x22:0x2c0007c7  x2:0x00000000
       13205000	      1319	800019f0	412a5513	srai	x10,x20,0x12	 x20:0x6f388000 x10=0x00001bce
       13215000	      1320	800019f4	0a6c6b93	ori	x23,x24,166	 x24:0xffffffa5 x23=0xffffffa7
       13225000	      1321	800019f8	407a04b3	sub	x9,x20,x7	 x20:0x6f388000  x7:0x14cd7000  x9=0x5a6b1000
       13235000	      1322	800019fc	00ed9a63	bne	x27,x14,80001a10	 x27:0x0000000d x14:0x00000000
       13245000	      1323	00000000	00000013	addi	x0,x0,0	  x0:0x00000000
       13255000	      1324	80001a0c	00000013	addi	x0,x0,0	  x0:0x00000000
       13265000	      1325	80001a10	01a17533	and	x10,x2,x26	  x2:0x00000000 x26:0xffffff15 x10=0x00000000
       13275000	      1326	80001a14	c82e7f93	andi	x31,x28,-894	 x28:0xe536f388 x31=0xe536f080
       13285000	      1327	80001a18	f28c3013	sltiu	x0,x24,-216	 x24:0xffffffa5
       13295000	      1328	80001a1c	006651b3	srl	x3,x12,x6	 x12:0x80009f70  x6:0x80008aa5  x3=0x040004fb
       13305000	      1329	80001a20	54301897	auipc	x17,0x54301	 x17=0xd4302a1c
       13315000	      1330	80001a24	05db0863	beq	x22,x29,80001a74	 x22:0x2c0007c7 x29:0x1e46d000
       13325000	      1331	80001a28	05128463	beq	x5,x17,80001a70	  x5:0x00000000 x17:0xd4302a1c
       13335000	      1332	80001a2c	000c4433	xor	x8,x24,x0	 x24:0xffffffa5  x0:0x00000000  x8=0xffffffa5
       13345000	      1333	80001a30	002855b3	srl	x11,x16,x2	 x16:0x00000001  x2:0x00000000 x11=0x00000001
       13355000	      1334	80001a34	01372cb3	slt	x25,x14,x19	 x14:0x00000000 x19:0x01a00000 x25=0x00000001
       13365000	      1335	80001a38	01919933	sll	x18,x3,x25	  x3:0x040004fb x25:0x00000001 x18=0x080009f6
       13375000	      1336	80001a3c	00000013	addi	x0,x0,0	  x0:0x00000000
       13385000	      1337	80001a40	00d7a733	slt	x14,x15,x13	 x15:0xd3fffbc3 x13:0x00000000 x14=0x00000001
       13395000	      1338	80001a44	04538463	beq	x7,x5,80001a8c	  x7:0x14cd7000  x5:0x00000000
       13405000	      1339	80001a48	01e7ac33	slt	x24,x15,x30	 x15:0xd3fffbc3 x30:0x90c77d43 x24=0x00000000
       13415000	      1340	80001a4c	7041ff13	andi	x30,x3,1796	  x3:0x040004fb x30=0x00000400
       13425000	      1341	80001a50	b57e7013	andi	x0,x28,-1193	 x28:0xe536f388
       13435000	      1342	80001a54	00000013	addi	x0,x0,0	  x0:0x00000000
       13445000	      1343	80001a58	02b90a63	beq	x18,x11,80001a8c	 x18:0x080009f6 x11:0x00000001
       13455000	      1344	80001a5c	40755713	srai	x14,x10,0x7	 x10:0x00000000 x14=0x00000000
       13465000	      1345	80001a60	f299fd13	andi	x26,x19,-215	 x19:0x01a00000 x26=0x01a00000
       13475000	      1346	80001a64	410a8b33	sub	x22,x21,x16	 x21:0x00000000 x16:0x00000001 x22=0xffffffff
       13485000	      1347	80001a68	01b65c63	bge	x12,x27,80001a80	 x12:0x80009f70 x27:0x0000000d
       13495000	      1348	80001a6c	16786813	ori	x16,x16,359	 x16:0x00000001 x16=0x00000167
       13505000	      1349	80001a70	2d0015b7	lui	x11,0x2d001	 x11=0x2d001000
       13515000	      1350	80001a74	413983b3	sub	x7,x19,x19	 x19:0x01a00000 x19:0x01a00000  x7=0x00000000
       13525000	      1351	80001a78	00985fb3	srl	x31,x16,x9	 x16:0x00000167  x9:0x5a6b1000 x31=0x00000167
       13535000	      1352	80001a7c	01905713	srli	x14,x0,0x19	  x0:0x00000000 x14=0x00000000
       13545000	      1353	80001a80	03209a63	bne	x1,x18,80001ab4	  x1:0x00000001 x18:0x080009f6
       13555000	      1354	00000000	00000013	addi	x0,x0,0	  x0:0x00000000
       13565000	      1355	80001ab0	00000013	addi	x0,x0,0	  x0:0x00000000
       13575000	      1356	80001ab4	7215be13	sltiu	x28,x11,1825	 x11:0x2d001000 x28=0x00000000
       13585000	      1357	80001ab8	034bda63	bge	x23,x20,80001aec	 x23:0xffffffa7 x20:0x6f388000
       13595000	      1358	80001abc	00c67cb3	and	x25,x12,x12	 x12:0x80009f70 x12:0x80009f70 x25=0x80009f70
       13605000	      1359	80001ac0	00450a63	beq	x10,x4,80001ad4	 x10:0x00000000  x4:0x80009fc4
       13615000	      1360	80001ac4	39c9a393	slti	x7,x19,924	 x19:0x01a00000  x7=0x00000000
       13625000	      1361	80001ac8	25d8c493	xori	x9,x17,605	 x17:0xd4302a1c  x9=0xd4302841
       13635000	      1362	80001acc	04ee0063	beq	x28,x14,80001b0c	 x28:0x00000000 x14:0x00000000
       13645000	      1363	00000000	00000013	addi	x0,x0,0	  x0:0x00000000
       13655000	      1364	80001b08	00000013	addi	x0,x0,0	  x0:0x00000000
       13665000	      1365	80001b0c	1cc8bc13	sltiu	x24,x17,460	 x17:0xd4302a1c x24=0x00000000
       13675000	      1366	80001b10	dab58693	addi	x13,x11,-597	 x11:0x2d001000 x13=0x2d000dab
       13685000	      1367	80001b14	01baa333	slt	x6,x21,x27	 x21:0x00000000 x27:0x0000000d  x6=0x00000001
       13695000	      1368	80001b18	01491b13	slli	x22,x18,0x14	 x18:0x080009f6 x22=0x9f600000
       13705000	      1369	80001b1c	00495893	srli	x17,x18,0x4	 x18:0x080009f6 x17=0x0080009f
       13715000	      1370	80001b20	215ace93	xori	x29,x21,533	 x21:0x00000000 x29=0x00000215
       13725000	      1371	80001b24	023c6863	bltu	x24,x3,80001b54	 x24:0x00000000  x3:0x040004fb
       13735000	      1372	00000000	00000013	addi	x0,x0,0	  x0:0x00000000
       13745000	      1373	80001b50	00000013	addi	x0,x0,0	  x0:0x00000000
       13755000	      1374	80001b54	017ad663	bge	x21,x23,80001b60	 x21:0x00000000 x23:0xffffffa7
       13765000	      1375	00000000	00000013	addi	x0,x0,0	  x0:0x00000000
       13775000	      1376	80001b5c	00000013	addi	x0,x0,0	  x0:0x00000000
       13785000	      1377	80001b60	02a09063	bne	x1,x10,80001b80	  x1:0x00000001 x10:0x00000000
       13795000	      1378	00000000	00000013	addi	x0,x0,0	  x0:0x00000000
       13805000	      1379	80001b7c	00000013	addi	x0,x0,0	  x0:0x00000000
       13815000	      1380	80001b80	016a19b3	sll	x19,x20,x22	 x20:0x6f388000 x22:0x9f600000 x19=0x6f388000
       13825000	      1381	80001b84	009e7133	and	x2,x28,x9	 x28:0x00000000  x9:0xd4302841  x2=0x00000000
       13835000	      1382	80001b88	0067c133	xor	x2,x15,x6	 x15:0xd3fffbc3  x6:0x00000001  x2=0xd3fffbc2
       13845000	      1383	80001b8c	f40e0c97	auipc	x25,0xf40e0	 x25=0x740e1b88
       13855000	      1384	80001b90	411c5593	srai	x11,x24,0x11	 x24:0x00000000 x11=0x00000000
       13865000	      1385	80001b94	7ccea493	slti	x9,x29,1996	 x29:0x00000215  x9=0x00000001
       13875000	      1386	80001b98	00a09093	slli	x1,x1,0xa	  x1:0x00000001  x1=0x00000400
       13885000	      1387	80001b9c	01be2333	slt	x6,x28,x27	 x28:0x00000000 x27:0x0000000d  x6=0x00000001
       13895000	      1388	80001ba0	03b9da63	bge	x19,x27,80001bd4	 x19:0x6f388000 x27:0x0000000d
       13905000	      1389	00000000	00000013	addi	x0,x0,0	  x0:0x00000000
       13915000	      1390	80001bd0	00000013	addi	x0,x0,0	  x0:0x00000000
       13925000	      1391	80001bd4	00000013	addi	x0,x0,0	  x0:0x00000000
       13935000	      1392	80001bd8	03bf8063	beq	x31,x27,80001bf8	 x31:0x00000167 x27:0x0000000d
       13945000	      1393	80001bdc	c314e313	ori	x6,x9,-975	  x9:0x00000001  x6=0xfffffc31
       13955000	      1394	80001be0	a78bbf13	sltiu	x30,x23,-1416	 x23:0xffffffa7 x30=0x00000000
       13965000	      1395	80001be4	b8c0e397	auipc	x7,0xb8c0e	  x7=0x38c0fbe0
       13975000	      1396	80001be8	e76f4c93	xori	x25,x30,-394	 x30:0x00000000 x25=0xfffffe76
       13985000	      1397	80001bec	04e4d863	bge	x9,x14,80001c3c	  x9:0x00000001 x14:0x00000000
       13995000	      1398	00000000	00000013	addi	x0,x0,0	  x0:0x00000000
       14005000	      1399	80001c38	00000013	addi	x0,x0,0	  x0:0x00000000
       14015000	      1400	80001c3c	e297c393	xori	x7,x15,-471	 x15:0xd3fffbc3  x7=0x2c0005ea
       14025000	      1401	80001c40	05eb5863	bge	x22,x30,80001c90	 x22:0x9f600000 x30:0x00000000
       14035000	      1402	80001c44	01cfe833	or	x16,x31,x28	 x31:0x00000167 x28:0x00000000 x16=0x00000167
       14045000	      1403	80001c48	00000013	addi	x0,x0,0	  x0:0x00000000
       14055000	      1404	80001c4c	40b8d533	sra	x10,x17,x11	 x17:0x0080009f x11:0x00000000 x10=0x0080009f
       14065000	      1405	80001c50	006b1d33	sll	x26,x22,x6	 x22:0x9f600000  x6:0xfffffc31 x26=0x00000000
       14075000	      1406	80001c54	01211f93	slli	x31,x2,0x12	  x2:0xd3fffbc2 x31=0xef080000
       14085000	      1407	80001c58	0115b3b3	sltu	x7,x11,x17	 x11:0x00000000 x17:0x0080009f  x7=0x00000001
       14095000	      1408	80001c5c	01668433	add	x8,x13,x22	 x13:0x2d000dab x22:0x9f600000  x8=0xcc600dab
       14105000	      1409	80001c60	40f6d9b3	sra	x19,x13,x15	 x13:0x2d000dab x15:0xd3fffbc3 x19=0x05a001b5
       14115000	      1410	80001c64	402f8833	sub	x16,x31,x2	 x31:0xef080000  x2:0xd3fffbc2 x16=0x1b08043e
       14125000	      1411	80001c68	00000013	addi	x0,x0,0	  x0:0x00000000
       14135000	      1412	80001c6c	017f6cb3	or	x25,x30,x23	 x30:0x00000000 x23:0xffffffa7 x25=0xffffffa7
       14145000	      1413	80001c70	7fc74593	xori	x11,x14,2044	 x14:0x00000000 x11=0x000007fc
       14155000	      1414	80001c74	01953ab3	sltu	x21,x10,x25	 x10:0x0080009f x25:0xffffffa7 x21=0x00000001
       14165000	      1415	80001c78	267ebf97	auipc	x31,0x267eb	 x31=0xa67ecc74
       14175000	      1416	80001c7c	011e1263	bne	x28,x17,80001c80	 x28:0x00000000 x17:0x0080009f
       14185000	      1417	00000000	00000013	addi	x0,x0,0	  x0:0x00000000
       14195000	      1418	80001c7c	00000013	addi	x0,x0,0	  x0:0x00000000
       14205000	      1419	80001c80	0079d1b3	srl	x3,x19,x7	 x19:0x05a001b5  x7:0x00000001  x3=0x02d000da
       14215000	      1420	80001c84	883ccb17	auipc	x22,0x883cc	 x22=0x083cdc80
       14225000	      1421	80001c88	414ad6b3	sra	x13,x21,x20	 x21:0x00000001 x20:0x6f388000 x13=0x00000001
       14235000	      1422	80001c8c	00475bb3	srl	x23,x14,x4	 x14:0x00000000  x4:0x80009fc4 x23=0x00000000
       14245000	      1423	80001c90	0338c863	blt	x17,x19,80001cc0	 x17:0x0080009f x19:0x05a001b5
       14255000	      1424	00000000	00000013	addi	x0,x0,0	  x0:0x00000000
       14265000	      1425	80001cbc	00000013	addi	x0,x0,0	  x0:0x00000000
       14275000	      1426	80001cc0	5bec7513	andi	x10,x24,1470	 x24:0x00000000 x10=0x00000000
       14285000	      1427	80001cc4	25a1f137	lui	x2,0x25a1f	  x2=0x25a1f000
       14295000	      1428	80001cc8	883c8013	addi	x0,x25,-1917	 x25:0xffffffa7
       14305000	      1429	80001ccc	03620a63	beq	x4,x22,80001d00	  x4:0x80009fc4 x22:0x083cdc80
       14315000	      1430	80001cd0	400608b3	sub	x17,x12,x0	 x12:0x80009f70  x0:0x00000000 x17=0x80009f70
       14325000	      1431	80001cd4	0518c863	blt	x17,x17,80001d24	 x17:0x80009f70 x17:0x80009f70
       14335000	      1432	80001cd8	00483133	sltu	x2,x16,x4	 x16:0x1b08043e  x4:0x80009fc4  x2=0x00000001
       14345000	      1433	80001cdc	4c78ea93	ori	x21,x17,1223	 x17:0x80009f70 x21=0x80009ff7
       14355000	      1434	80001ce0	01f67ab3	and	x21,x12,x31	 x12:0x80009f70 x31:0xa67ecc74 x21=0x80008c70
       14365000	      1435	80001ce4	00ecd333	srl	x6,x25,x14	 x25:0xffffffa7 x14:0x00000000  x6=0xffffffa7
       14375000	      1436	80001ce8	c4f9ec13	ori	x24,x19,-945	 x19:0x05a001b5 x24=0xfffffdff
       14385000	      1437	80001cec	f9f3c913	xori	x18,x7,-97	  x7:0x00000001 x18=0xffffff9e
       14395000	      1438	80001cf0	0122d313	srli	x6,x5,0x12	  x5:0x00000000  x6=0x00000000
       14405000	      1439	80001cf4	0529d463	bge	x19,x18,80001d3c	 x19:0x05a001b5 x18:0xffffff9e
       14415000	      1440	00000000	00000013	addi	x0,x0,0	  x0:0x00000000
       14425000	      1441	80001d38	00000013	addi	x0,x0,0	  x0:0x00000000
       14435000	      1442	80001d3c	40bd5c93	srai	x25,x26,0xb	 x26:0x00000000 x25=0x00000000
       14445000	      1443	80001d40	70bd15b7	lui	x11,0x70bd1	 x11=0x70bd1000
       14455000	      1444	80001d44	00d34c63	blt	x6,x13,80001d5c	  x6:0x00000000 x13:0x00000001
       14465000	      1445	00000000	00000013	addi	x0,x0,0	  x0:0x00000000
       14475000	      1446	80001d58	00000013	addi	x0,x0,0	  x0:0x00000000
       14485000	      1447	80001d5c	011d5f33	srl	x30,x26,x17	 x26:0x00000000 x17:0x80009f70 x30=0x00000000
       14495000	      1448	80001d60	0130deb3	srl	x29,x1,x19	  x1:0x00000400 x19:0x05a001b5 x29=0x00000000
       14505000	      1449	80001d64	04846463	bltu	x8,x8,80001dac	  x8:0xcc600dab  x8:0xcc600dab
       14515000	      1450	80001d68	010a9333	sll	x6,x21,x16	 x21:0x80008c70 x16:0x1b08043e  x6=0x00000000
       14525000	      1451	80001d6c	00ba5693	srli	x13,x20,0xb	 x20:0x6f388000 x13=0x000de710
       14535000	      1452	80001d70	00f038b3	sltu	x17,x0,x15	  x0:0x00000000 x15:0xd3fffbc3 x17=0x00000001
       14545000	      1453	80001d74	0101f463	bgeu	x3,x16,80001d7c	  x3:0x02d000da x16:0x1b08043e
       14555000	      1454	80001d78	0145e663	bltu	x11,x20,80001d84	 x11:0x70bd1000 x20:0x6f388000
       14565000	      1455	80001d7c	0049d263	bge	x19,x4,80001d80	 x19:0x05a001b5  x4:0x80009fc4
       14575000	      1456	00000000	00000013	addi	x0,x0,0	  x0:0x00000000
       14585000	      1457	80001d7c	00000013	addi	x0,x0,0	  x0:0x00000000
       14595000	      1458	80001d80	001e72b3	and	x5,x28,x1	 x28:0x00000000  x1:0x00000400  x5=0x00000000
       14605000	      1459	80001d84	0087f333	and	x6,x15,x8	 x15:0xd3fffbc3  x8:0xcc600dab  x6=0xc0600983
       14615000	      1460	80001d88	41d38533	sub	x10,x7,x29	  x7:0x00000001 x29:0x00000000 x10=0x00000001
       14625000	      1461	80001d8c	fe08e393	ori	x7,x17,-32	 x17:0x00000001  x7=0xffffffe1
       14635000	      1462	80001d90	048a9063	bne	x21,x8,80001dd0	 x21:0x80008c70  x8:0xcc600dab
       14645000	      1463	00000000	00000013	addi	x0,x0,0	  x0:0x00000000
       14655000	      1464	80001dcc	00000013	addi	x0,x0,0	  x0:0x00000000
       14665000	      1465	80001dd0	01f98c63	beq	x19,x31,80001de8	 x19:0x05a001b5 x31:0xa67ecc74
       14675000	      1466	80001dd4	413d89b3	sub	x19,x27,x19	 x27:0x0000000d x19:0x05a001b5 x19=0xfa5ffe58
       14685000	      1467	80001dd8	40815133	sra	x2,x2,x8	  x2:0x00000001  x8:0xcc600dab  x2=0x00000000
       14695000	      1468	80001ddc	01dcaa33	slt	x20,x25,x29	 x25:0x00000000 x29:0x00000000 x20=0x00000000
       14705000	      1469	80001de0	005c9c63	bne	x25,x5,80001df8	 x25:0x00000000  x5:0x00000000
       14715000	      1470	80001de4	01309133	sll	x2,x1,x19	  x1:0x00000400 x19:0xfa5ffe58  x2=0x00000000
       14725000	      1471	80001de8	01aced33	or	x26,x25,x26	 x25:0x00000000 x26:0x00000000 x26=0x00000000
       14735000	      1472	80001dec	f8fc6913	ori	x18,x24,-113	 x24:0xfffffdff x18=0xffffffff
       14745000	      1473	80001df0	6e68c417	auipc	x8,0x6e68c	  x8=0xee68ddec
       14755000	      1474	80001df4	00d31513	slli	x10,x6,0xd	  x6:0xc0600983 x10=0x01306000
       14765000	      1475	80001df8	01e0fa33	and	x20,x1,x30	  x1:0x00000400 x30:0x00000000 x20=0x00000000
       14775000	      1476	80001dfc	00488c63	beq	x17,x4,80001e14	 x17:0x00000001  x4:0x80009fc4
       14785000	      1477	80001e00	008a5cb3	srl	x25,x20,x8	 x20:0x00000000  x8:0xee68ddec x25=0x00000000
       14795000	      1478	80001e04	016882b3	add	x5,x17,x22	 x17:0x00000001 x22:0x083cdc80  x5=0x083cdc81
       14805000	      1479	80001e08	1edf4413	xori	x8,x30,493	 x30:0x00000000  x8=0x000001ed
       14815000	      1480	80001e0c	01d76333	or	x6,x14,x29	 x14:0x00000000 x29:0x00000000  x6=0x00000000
       14825000	      1481	80001e10	01f9fe63	bgeu	x19,x31,80001e2c	 x19:0xfa5ffe58 x31:0xa67ecc74
       14835000	      1482	00000000	00000013	addi	x0,x0,0	  x0:0x00000000
       14845000	      1483	80001e28	00000013	addi	x0,x0,0	  x0:0x00000000
       14855000	      1484	80001e2c	58d0b393	sltiu	x7,x1,1421	  x1:0x00000400  x7=0x00000001
       14865000	      1485	80001e30	00462303	lw	x6,4(x12)	 x12:0x80009f70  x6=0x800004b0 PA:0x80009f74
       14875000	      1486	80001e34	005b1793	slli	x15,x22,0x5	 x22:0x083cdc80 x15=0x079b9000
       14885000	      1487	80001e38	00000013	addi	x0,x0,0	  x0:0x00000000
       14895000	      1488	80001e3c	75f2f813	andi	x16,x5,1887	  x5:0x083cdc81 x16=0x00000401
       14905000	      1489	80001e40	001dcab3	xor	x21,x27,x1	 x27:0x0000000d  x1:0x00000400 x21=0x0000040d
       14915000	      1490	80001e44	005074b3	and	x9,x0,x5	  x0:0x00000000  x5:0x083cdc81  x9=0x00000000
       14925000	      1491	80001e48	01460613	addi	x12,x12,20	 x12:0x80009f70 x12=0x80009f84
       14935000	      1492	80001e4c	408b5793	srai	x15,x22,0x8	 x22:0x083cdc80 x15=0x00083cdc
       14945000	      1493	80001e50	04fb6a93	ori	x21,x22,79	 x22:0x083cdc80 x21=0x083cdccf
       14955000	      1494	80001e54	de18e0b7	lui	x1,0xde18e	  x1=0xde18e000
       14965000	      1495	80001e58	00030c93	addi	x25,x6,0	  x6:0x800004b0 x25=0x800004b0
       14975000	      1496	80001e5c	000c8ce7	jalr	x25,x25,0	 x25:0x800004b0 x25=0x80001e5c
       14985000	      1497	00000000	00000013	addi	x0,x0,0	  x0:0x00000000
       14995000	      1498	800004b0	00000013	addi	x0,x0,0	  x0:0x00000000
       15005000	      1499	800004b4	01338b33	add	x22,x7,x19	  x7:0x00000001 x19:0xfa5ffe58 x22=0xfa5ffe59
       15015000	      1500	800004b8	01bd44b3	xor	x9,x26,x27	 x26:0x00000000 x27:0x0000000d  x9=0x0000000d
       15025000	      1501	800004bc	0595e463	bltu	x11,x25,80000504	 x11:0x70bd1000 x25:0x80001e5c
       15035000	      1502	00000000	00000013	addi	x0,x0,0	  x0:0x00000000
       15045000	      1503	80000500	00000013	addi	x0,x0,0	  x0:0x00000000
       15055000	      1504	80000504	0145ceb3	xor	x29,x11,x20	 x11:0x70bd1000 x20:0x00000000 x29=0x70bd1000
       15065000	      1505	80000508	400585b3	sub	x11,x11,x0	 x11:0x70bd1000  x0:0x00000000 x11=0x70bd1000
       15075000	      1506	8000050c	404b85b3	sub	x11,x23,x4	 x23:0x00000000  x4:0x80009fc4 x11=0x7fff603c
       15085000	      1507	80000510	d7acbf13	sltiu	x30,x25,-646	 x25:0x80001e5c x30=0x00000001
       15095000	      1508	80000514	01878f33	add	x30,x15,x24	 x15:0x00083cdc x24:0xfffffdff x30=0x00083adb
       15105000	      1509	80000518	000eaeb3	slt	x29,x29,x0	 x29:0x70bd1000  x0:0x00000000 x29=0x00000000
       15115000	      1510	8000051c	02cde863	bltu	x27,x12,8000054c	 x27:0x0000000d x12:0x80009f84
       15125000	      1511	00000000	00000013	addi	x0,x0,0	  x0:0x00000000
       15135000	      1512	80000548	00000013	addi	x0,x0,0	  x0:0x00000000
       15145000	      1513	8000054c	00000013	addi	x0,x0,0	  x0:0x00000000
       15155000	      1514	80000550	00a695b3	sll	x11,x13,x10	 x13:0x000de710 x10:0x01306000 x11=0x000de710
       15165000	      1515	80000554	01ea1c63	bne	x20,x30,8000056c	 x20:0x00000000 x30:0x00083adb
       15175000	      1516	00000000	00000013	addi	x0,x0,0	  x0:0x00000000
       15185000	      1517	80000568	00000013	addi	x0,x0,0	  x0:0x00000000
       15195000	      1518	8000056c	0355c263	blt	x11,x21,80000590	 x11:0x000de710 x21:0x083cdccf
       15205000	      1519	00000000	00000013	addi	x0,x0,0	  x0:0x00000000
       15215000	      1520	8000058c	00000013	addi	x0,x0,0	  x0:0x00000000
       15225000	      1521	80000590	4041db33	sra	x22,x3,x4	  x3:0x02d000da  x4:0x80009fc4 x22=0x002d000d
       15235000	      1522	80000594	00d3c8b3	xor	x17,x7,x13	  x7:0x00000001 x13:0x000de710 x17=0x000de711
       15245000	      1523	80000598	02d84063	blt	x16,x13,800005b8	 x16:0x00000401 x13:0x000de710
       15255000	      1524	00000000	00000013	addi	x0,x0,0	  x0:0x00000000
       15265000	      1525	800005b4	00000013	addi	x0,x0,0	  x0:0x00000000
       15275000	      1526	800005b8	411b5293	srai	x5,x22,0x11	 x22:0x002d000d  x5=0x00000016
       15285000	      1527	800005bc	00000d97	auipc	x27,0x0	 x27=0x800005b8
       15295000	      1528	800005c0	00cd8d93	addi	x27,x27,12	 x27:0x800005b8 x27=0x800005c4
       15305000	      1529	800005c4	000d8067	jalr	x0,x27,0	 x27:0x800005c4
       15315000	      1530	00000000	00000013	addi	x0,x0,0	  x0:0x00000000
       15325000	      1531	800005c4	00000013	addi	x0,x0,0	  x0:0x00000000
       15335000	      1532	800005c8	00100193	addi	x3,x0,1	  x0:0x00000000  x3=0x00000001
       15345000	      1533	800005cc	00000073	ecall	
       15355000	      1534	800005d0	0bc6ba13	sltiu	x20,x13,188	 x13:0x000de710 x20=0x00000000
