		Time			Cycle	PC		Insn	Decoded instruction	Register and memory contents
          65000	         5	80000004	00000293	addi	x5,x0,0	  x0:0x00000000  x5=0x00000000
          75000	         6	80000008	00000313	addi	x6,x0,0	  x0:0x00000000  x6=0x00000000
          85000	         7	8000000c	00628263	beq	x5,x6,80000010	  x5:0x00000000  x6:0x00000000
          95000	         8	00000000	00000013	addi	x0,x0,0	  x0:0x00000000
         105000	         9	8000000c	00000013	addi	x0,x0,0	  x0:0x00000000
         115000	        10	80000010	00000a17	auipc	x20,0x0	 x20=0x8000000c
         125000	        11	80000014	00ca0a13	addi	x20,x20,12	 x20:0x8000000c x20=0x80000018
         135000	        12	80000018	000a0067	jalr	x0,x20,0	 x20:0x80000018
         145000	        13	00000000	00000013	addi	x0,x0,0	  x0:0x00000000
         155000	        14	80000018	00000013	addi	x0,x0,0	  x0:0x00000000
         165000	        15	8000001c	400006b7	lui	x13,0x40000	 x13=0x40000000
         175000	        16	80000020	10068693	addi	x13,x13,256	 x13:0x40000000 x13=0x40000100
         185000	        17	80000024	00000013	addi	x0,x0,0	  x0:0x00000000
         195000	        18	80000028	0000a617	auipc	x12,0xa	 x12=0x8000a024
         205000	        19	8000002c	fa060613	addi	x12,x12,-96	 x12:0x8000a024 x12=0x80009fc4
         215000	        20	80000030	00002697	auipc	x13,0x2	 x13=0x8000202c
         225000	        21	80000034	0b868693	addi	x13,x13,184	 x13:0x8000202c x13=0x800020e4
         235000	        22	80000038	0006e693	ori	x13,x13,0	 x13:0x800020e4 x13=0x800020e4
         245000	        23	8000003c	00000013	addi	x0,x0,0	  x0:0x00000000
         255000	        24	80000040	00000697	auipc	x13,0x0	 x13=0x8000003c
         265000	        25	80000044	02068693	addi	x13,x13,32	 x13:0x8000003c x13=0x8000005c
         275000	        26	80000048	00000013	addi	x0,x0,0	  x0:0x00000000
         285000	        27	8000004c	00000013	addi	x0,x0,0	  x0:0x00000000
         295000	        28	80000050	000026b7	lui	x13,0x2	 x13=0x00002000
         305000	        29	80000054	80068693	addi	x13,x13,-2048	 x13:0x00002000 x13=0x00001800
         315000	        30	80000058	00000013	addi	x0,x0,0	  x0:0x00000000
         325000	        31	8000005c	00000013	addi	x0,x0,0	  x0:0x00000000
         335000	        32	80000060	55deb037	lui	x0,0x55deb	
         345000	        33	80000064	24a00013	addi	x0,x0,586	  x0:0x00000000
         355000	        34	80000068	00b00093	addi	x1,x0,11	  x0:0x00000000  x1=0x0000000b
         365000	        35	8000006c	00000113	addi	x2,x0,0	  x0:0x00000000  x2=0x00000000
         375000	        36	80000070	a5ea81b7	lui	x3,0xa5ea8	  x3=0xa5ea8000
         385000	        37	80000074	b6a18193	addi	x3,x3,-1174	  x3:0xa5ea8000  x3=0xa5ea7b6a
         395000	        38	80000078	00000293	addi	x5,x0,0	  x0:0x00000000  x5=0x00000000
         405000	        39	8000007c	ff071337	lui	x6,0xff071	  x6=0xff071000
         415000	        40	80000080	15730313	addi	x6,x6,343	  x6:0xff071000  x6=0xff071157
         425000	        41	80000084	800003b7	lui	x7,0x80000	  x7=0x80000000
         435000	        42	80000088	00f00413	addi	x8,x0,15	  x0:0x00000000  x8=0x0000000f
         445000	        43	8000008c	00000493	addi	x9,x0,0	  x0:0x00000000  x9=0x00000000
         455000	        44	80000090	00000513	addi	x10,x0,0	  x0:0x00000000 x10=0x00000000
         465000	        45	80000094	800005b7	lui	x11,0x80000	 x11=0x80000000
         475000	        46	80000098	800006b7	lui	x13,0x80000	 x13=0x80000000
         485000	        47	8000009c	80000737	lui	x14,0x80000	 x14=0x80000000
         495000	        48	800000a0	f98607b7	lui	x15,0xf9860	 x15=0xf9860000
         505000	        49	800000a4	01978793	addi	x15,x15,25	 x15:0xf9860000 x15=0xf9860019
         515000	        50	800000a8	00000813	addi	x16,x0,0	  x0:0x00000000 x16=0x00000000
         525000	        51	800000ac	00900893	addi	x17,x0,9	  x0:0x00000000 x17=0x00000009
         535000	        52	800000b0	00200913	addi	x18,x0,2	  x0:0x00000000 x18=0x00000002
         545000	        53	800000b4	800009b7	lui	x19,0x80000	 x19=0x80000000
         555000	        54	800000b8	80000a37	lui	x20,0x80000	 x20=0x80000000
         565000	        55	800000bc	00400a93	addi	x21,x0,4	  x0:0x00000000 x21=0x00000004
         575000	        56	800000c0	74c13b37	lui	x22,0x74c13	 x22=0x74c13000
         585000	        57	800000c4	710b0b13	addi	x22,x22,1808	 x22:0x74c13000 x22=0x74c13710
         595000	        58	800000c8	80000bb7	lui	x23,0x80000	 x23=0x80000000
         605000	        59	800000cc	0c9d7c37	lui	x24,0xc9d7	 x24=0x0c9d7000
         615000	        60	800000d0	ca6c0c13	addi	x24,x24,-858	 x24:0x0c9d7000 x24=0x0c9d6ca6
         625000	        61	800000d4	f613dcb7	lui	x25,0xf613d	 x25=0xf613d000
         635000	        62	800000d8	b27c8c93	addi	x25,x25,-1241	 x25:0xf613d000 x25=0xf613cb27
         645000	        63	800000dc	00000d13	addi	x26,x0,0	  x0:0x00000000 x26=0x00000000
         655000	        64	800000e0	80000db7	lui	x27,0x80000	 x27=0x80000000
         665000	        65	800000e4	80000e37	lui	x28,0x80000	 x28=0x80000000
         675000	        66	800000e8	00000e93	addi	x29,x0,0	  x0:0x00000000 x29=0x00000000
         685000	        67	800000ec	6bec2f37	lui	x30,0x6bec2	 x30=0x6bec2000
         695000	        68	800000f0	5b9f0f13	addi	x30,x30,1465	 x30:0x6bec2000 x30=0x6bec25b9
         705000	        69	800000f4	00700f93	addi	x31,x0,7	  x0:0x00000000 x31=0x00000007
         715000	        70	800000f8	0000a217	auipc	x4,0xa	  x4=0x8000a0f4
         725000	        71	800000fc	e9020213	addi	x4,x4,-368	  x4:0x8000a0f4  x4=0x80009f84
         735000	        72	80000100	00000497	auipc	x9,0x0	  x9=0x800000fc
         745000	        73	80000104	6bc48493	addi	x9,x9,1724	  x9:0x800000fc  x9=0x800007b8
         755000	        74	80000108	750e4293	xori	x5,x28,1872	 x28:0x80000000  x5=0x80000750
         765000	        75	8000010c	00667733	and	x14,x12,x6	 x12:0x80009fc4  x6:0xff071157 x14=0x80001144
         775000	        76	80000110	8364b193	sltiu	x3,x9,-1994	  x9:0x800007b8  x3=0x00000001
         785000	        77	80000114	009827b3	slt	x15,x16,x9	 x16:0x00000000  x9:0x800007b8 x15=0x00000000
         795000	        78	80000118	40205d33	sra	x26,x0,x2	  x0:0x00000000  x2:0x00000000 x26=0x00000000
         805000	        79	8000011c	de948493	addi	x9,x9,-535	  x9:0x800007b8  x9=0x800005a1
         815000	        80	80000120	413cd893	srai	x17,x25,0x13	 x25:0xf613cb27 x17=0xfffffec2
         825000	        81	80000124	218480e7	jalr	x1,x9,536	  x9:0x800005a1  x1=0x80000124
         835000	        82	00000000	00000013	addi	x0,x0,0	  x0:0x00000000
         845000	        83	800007b8	00000013	addi	x0,x0,0	  x0:0x00000000
         855000	        84	800007bc	fc820213	addi	x4,x4,-56	  x4:0x80009f84  x4=0x80009f4c
         865000	        85	800007c0	00122223	sw	x1,4(x4)	  x4:0x80009f4c  x1:0x80000124 PA:0x80009f50
         875000	        86	800007c4	00000013	addi	x0,x0,0	  x0:0x00000000
         885000	        87	800007c8	ea858c93	addi	x25,x11,-344	 x11:0x80000000 x25=0x7ffffea8
         895000	        88	800007cc	41185ab3	sra	x21,x16,x17	 x16:0x00000000 x17:0xfffffec2 x21=0x00000000
         905000	        89	800007d0	017c51b3	srl	x3,x24,x23	 x24:0x0c9d6ca6 x23:0x80000000  x3=0x0c9d6ca6
         915000	        90	800007d4	00008697	auipc	x13,0x8	 x13=0x800087d0
         925000	        91	800007d8	18868693	addi	x13,x13,392	 x13:0x800087d0 x13=0x80008958
         935000	        92	800007dc	27868da3	sb	x24,635(x13)	 x13:0x80008958 x24:0x0c9d6ca6 PA:0x80008bd3
         945000	        93	800007e0	5ab6c783	lbu	x15,1451(x13)	 x13:0x80008958 x15=0x00000000 PA:0x80008f03
         955000	        94	800007e4	5d468fa3	sb	x20,1503(x13)	 x13:0x80008958 x20:0x80000000 PA:0x80008f37
         965000	        95	800007e8	1f668123	sb	x22,482(x13)	 x13:0x80008958 x22:0x74c13710 PA:0x80008b3a
         975000	        96	800007ec	0c568a83	lb	x21,197(x13)	 x13:0x80008958 x21=0x00000000 PA:0x80008a1d
         985000	        97	800007f0	0c5682a3	sb	x5,197(x13)	 x13:0x80008958  x5:0x80000750 PA:0x80008a1d
         995000	        98	800007f4	f6268483	lb	x9,-158(x13)	 x13:0x80008958  x9=0x00000000 PA:0x800088ba
        1005000	        99	800007f8	f626d583	lhu	x11,-158(x13)	 x13:0x80008958 x11=0x00000000 PA:0x800088ba
        1015000	       100	800007fc	01dd2f33	slt	x30,x26,x29	 x26:0x00000000 x29:0x00000000 x30=0x00000000
        1025000	       101	80000800	f6568123	sb	x5,-158(x13)	 x13:0x80008958  x5:0x80000750 PA:0x800088ba
        1035000	       102	80000804	01555593	srli	x11,x10,0x15	 x10:0x00000000 x11=0x00000000
        1045000	       103	80000808	f6269903	lh	x18,-158(x13)	 x13:0x80008958 x18=0x00000050 PA:0x800088ba
        1055000	       104	8000080c	676405b7	lui	x11,0x67640	 x11=0x67640000
        1065000	       105	80000810	00cb00b3	add	x1,x22,x12	 x22:0x74c13710 x12:0x80009fc4  x1=0xf4c1d6d4
        1075000	       106	80000814	01459c13	slli	x24,x11,0x14	 x11:0x67640000 x24=0x00000000
        1085000	       107	80000818	17268223	sb	x18,356(x13)	 x13:0x80008958 x18:0x00000050 PA:0x80008abc
        1095000	       108	8000081c	99727e13	andi	x28,x4,-1641	  x4:0x80009f4c x28=0x80009904
        1105000	       109	80000820	16468b03	lb	x22,356(x13)	 x13:0x80008958 x22=0x00000050 PA:0x80008abc
        1115000	       110	80000824	16168223	sb	x1,356(x13)	 x13:0x80008958  x1:0xf4c1d6d4 PA:0x80008abc
        1125000	       111	80000828	00008817	auipc	x16,0x8	 x16=0x80008824
        1135000	       112	8000082c	c0a80813	addi	x16,x16,-1014	 x16:0x80008824 x16=0x8000842e
        1145000	       113	80000830	16085183	lhu	x3,352(x16)	 x16:0x8000842e  x3=0x00000000 PA:0x8000858e
        1155000	       114	80000834	00008697	auipc	x13,0x8	 x13=0x80008830
        1165000	       115	80000838	8d068693	addi	x13,x13,-1840	 x13:0x80008830 x13=0x80008100
        1175000	       116	8000083c	35b68283	lb	x5,859(x13)	 x13:0x80008100  x5=0x00000000 PA:0x8000845b
        1185000	       117	00000000	00000013	addi	x0,x0,0	  x0:0x00000000
        1195000	       118	80000840	2a580883	lb	x17,677(x16)	 x16:0x8000842e x17=0x00000000 PA:0x800086d3
        1205000	       119	80000844	f89803a3	sb	x9,-121(x16)	 x16:0x8000842e  x9:0x00000000 PA:0x800083b5
        1215000	       120	80000848	21b6c103	lbu	x2,539(x13)	 x13:0x80008100  x2=0x00000000 PA:0x8000831b
        1225000	       121	8000084c	f1581a23	sh	x21,-236(x16)	 x16:0x8000842e x21:0x00000000 PA:0x80008342
        1235000	       122	80000850	50968e03	lb	x28,1289(x13)	 x13:0x80008100 x28=0x00000000 PA:0x80008609
        1245000	       123	80000854	ec580d03	lb	x26,-315(x16)	 x16:0x8000842e x26=0x00000000 PA:0x800082f3
        1255000	       124	80000858	c4b80883	lb	x17,-949(x16)	 x16:0x8000842e x17=0x00000000 PA:0x80008079
        1265000	       125	8000085c	1ab6c503	lbu	x10,427(x13)	 x13:0x80008100 x10=0x00000000 PA:0x800082ab
        1275000	       126	80000860	2146a183	lw	x3,532(x13)	 x13:0x80008100  x3=0x00000000 PA:0x80008314
        1285000	       127	80000864	00008b97	auipc	x23,0x8	 x23=0x80008860
        1295000	       128	80000868	f8cb8b93	addi	x23,x23,-116	 x23:0x80008860 x23=0x800087ec
        1305000	       129	8000086c	f08bad03	lw	x26,-248(x23)	 x23:0x800087ec x26=0x00000000 PA:0x800086f4
        1315000	       130	80000870	00008517	auipc	x10,0x8	 x10=0x8000886c
        1325000	       131	80000874	91050513	addi	x10,x10,-1776	 x10:0x8000886c x10=0x8000817c
        1335000	       132	80000878	f91b85a3	sb	x17,-117(x23)	 x23:0x800087ec x17:0x00000000 PA:0x80008777
        1345000	       133	8000087c	3a9502a3	sb	x9,933(x10)	 x10:0x8000817c  x9:0x00000000 PA:0x80008521
        1355000	       134	80000880	00eb8c83	lb	x25,14(x23)	 x23:0x800087ec x25=0x00000000 PA:0x800087fa
        1365000	       135	80000884	f67bcd83	lbu	x27,-153(x23)	 x23:0x800087ec x27=0x00000000 PA:0x80008753
        1375000	       136	80000888	f2852303	lw	x6,-216(x10)	 x10:0x8000817c  x6=0x00000000 PA:0x800080a4
        1385000	       137	8000088c	0aa508a3	sb	x10,177(x10)	 x10:0x8000817c x10:0x8000817c PA:0x8000822d
        1395000	       138	80000890	fa3b8da3	sb	x3,-69(x23)	 x23:0x800087ec  x3:0x00000000 PA:0x800087a7
        1405000	       139	80000894	fc0b8fa3	sb	x0,-33(x23)	 x23:0x800087ec  x0:0x00000000 PA:0x800087cb
        1415000	       140	80000898	fa9bc983	lbu	x19,-87(x23)	 x23:0x800087ec x19=0x00000000 PA:0x80008795
        1425000	       141	8000089c	00fbc983	lbu	x19,15(x23)	 x23:0x800087ec x19=0x00000000 PA:0x800087fb
        1435000	       142	800008a0	fc251c03	lh	x24,-62(x10)	 x10:0x8000817c x24=0x00000000 PA:0x8000813e
        1445000	       143	800008a4	008baf83	lw	x31,8(x23)	 x23:0x800087ec x31=0x00000000 PA:0x800087f4
        1455000	       144	800008a8	f1bb8183	lb	x3,-229(x23)	 x23:0x800087ec  x3=0x00000000 PA:0x80008707
        1465000	       145	800008ac	69655783	lhu	x15,1686(x10)	 x10:0x8000817c x15=0x00000000 PA:0x80008812
        1475000	       146	800008b0	00008917	auipc	x18,0x8	 x18=0x800088ac
        1485000	       147	800008b4	12390913	addi	x18,x18,291	 x18:0x800088ac x18=0x800089cf
        1495000	       148	800008b8	86a72813	slti	x16,x14,-1942	 x14:0x80001144 x16=0x00000001
        1505000	       149	800008bc	08490323	sb	x4,134(x18)	 x18:0x800089cf  x4:0x80009f4c PA:0x80008a55
        1515000	       150	800008c0	f1890983	lb	x19,-232(x18)	 x18:0x800089cf x19=0x00000000 PA:0x800088e7
        1525000	       151	800008c4	fa090e03	lb	x28,-96(x18)	 x18:0x800089cf x28=0x00000000 PA:0x8000896f
        1535000	       152	800008c8	046918a3	sh	x6,81(x18)	 x18:0x800089cf  x6:0x00000000 PA:0x80008a20
        1545000	       153	800008cc	013926a3	sw	x19,13(x18)	 x18:0x800089cf x19:0x00000000 PA:0x800089dc
        1555000	       154	800008d0	f2b90c03	lb	x24,-213(x18)	 x18:0x800089cf x24=0x00000000 PA:0x800088fa
        1565000	       155	800008d4	f1090f23	sb	x16,-226(x18)	 x18:0x800089cf x16:0x00000001 PA:0x800088ed
        1575000	       156	800008d8	fcb94503	lbu	x10,-53(x18)	 x18:0x800089cf x10=0x00000000 PA:0x8000899a
        1585000	       157	800008dc	03791003	lh	x0,55(x18)	 x18:0x800089cf PA:0x80008a06
        1595000	       158	800008e0	f9f912a3	sh	x31,-123(x18)	 x18:0x800089cf x31:0x00000000 PA:0x80008954
        1605000	       159	800008e4	0b591d83	lh	x27,181(x18)	 x18:0x800089cf x27=0x00000000 PA:0x80008a84
        1615000	       160	800008e8	0b790623	sb	x23,172(x18)	 x18:0x800089cf x23:0x800087ec PA:0x80008a7b
        1625000	       161	800008ec	09a90c23	sb	x26,152(x18)	 x18:0x800089cf x26:0x00000000 PA:0x80008a67
        1635000	       162	800008f0	415c5593	srai	x11,x24,0x15	 x24:0x00000000 x11=0x00000000
        1645000	       163	800008f4	4093d733	sra	x14,x7,x9	  x7:0x80000000  x9:0x00000000 x14=0x80000000
        1655000	       164	800008f8	01490383	lb	x7,20(x18)	 x18:0x800089cf  x7=0x00000000 PA:0x800089e3
        1665000	       165	800008fc	9e29b993	sltiu	x19,x19,-1566	 x19:0x00000000 x19=0x00000001
        1675000	       166	80000900	fff90a23	sb	x31,-12(x18)	 x18:0x800089cf x31:0x00000000 PA:0x800089c3
        1685000	       167	80000904	405ddc33	sra	x24,x27,x5	 x27:0x00000000  x5:0x00000000 x24=0x00000000
        1695000	       168	80000908	0f6902a3	sb	x22,229(x18)	 x18:0x800089cf x22:0x00000050 PA:0x80008ab4
        1705000	       169	8000090c	05992c03	lw	x24,89(x18)	 x18:0x800089cf x24=0x00000000 PA:0x80008a28
        1715000	       170	80000910	00a90b23	sb	x10,22(x18)	 x18:0x800089cf x10:0x00000000 PA:0x800089e5
        1725000	       171	80000914	e44a4f93	xori	x31,x20,-444	 x20:0x80000000 x31=0x7ffffe44
        1735000	       172	80000918	f2790aa3	sb	x7,-203(x18)	 x18:0x800089cf  x7:0x00000000 PA:0x80008904
        1745000	       173	8000091c	f3e90b03	lb	x22,-194(x18)	 x18:0x800089cf x22=0x00000000 PA:0x8000890d
        1755000	       174	80000920	0fe94583	lbu	x11,254(x18)	 x18:0x800089cf x11=0x00000000 PA:0x80008acd
        1765000	       175	00000000	00000013	addi	x0,x0,0	  x0:0x00000000
        1775000	       176	80000924	0cb90003	lb	x0,203(x18)	 x18:0x800089cf PA:0x80008a9a
        1785000	       177	80000928	f4c94383	lbu	x7,-180(x18)	 x18:0x800089cf  x7=0x00000000 PA:0x8000891b
        1795000	       178	8000092c	0c890283	lb	x5,200(x18)	 x18:0x800089cf  x5=0x00000000 PA:0x80008a97
        1805000	       179	80000930	f0294483	lbu	x9,-254(x18)	 x18:0x800089cf  x9=0x00000000 PA:0x800088d1
        1815000	       180	80000934	f6094483	lbu	x9,-160(x18)	 x18:0x800089cf  x9=0x00000000 PA:0x8000892f
        1825000	       181	80000938	07590c03	lb	x24,117(x18)	 x18:0x800089cf x24=0x00000000 PA:0x80008a44
        1835000	       182	8000093c	0d394183	lbu	x3,211(x18)	 x18:0x800089cf  x3=0x00000000 PA:0x80008aa2
        1845000	       183	80000940	01cc1c33	sll	x24,x24,x28	 x24:0x00000000 x28:0x00000000 x24=0x00000000
        1855000	       184	80000944	00b80f33	add	x30,x16,x11	 x16:0x00000001 x11:0x00000000 x30=0x00000001
        1865000	       185	80000948	39674293	xori	x5,x14,918	 x14:0x80000000  x5=0x80000396
        1875000	       186	8000094c	008909a3	sb	x8,19(x18)	 x18:0x800089cf  x8:0x0000000f PA:0x800089e2
        1885000	       187	80000950	011b0f33	add	x30,x22,x17	 x22:0x00000000 x17:0x00000000 x30=0x00000000
        1895000	       188	80000954	09790923	sb	x23,146(x18)	 x18:0x800089cf x23:0x800087ec PA:0x80008a61
        1905000	       189	80000958	00008697	auipc	x13,0x8	 x13=0x80008954
        1915000	       190	8000095c	d5368693	addi	x13,x13,-685	 x13:0x80008954 x13=0x800086a7
        1925000	       191	80000960	40150d33	sub	x26,x10,x1	 x10:0x00000000  x1:0xf4c1d6d4 x26=0x0b3e292c
        1935000	       192	80000964	00f69303	lh	x6,15(x13)	 x13:0x800086a7  x6=0x00000000 PA:0x800086b6
        1945000	       193	80000968	00f6df03	lhu	x30,15(x13)	 x13:0x800086a7 x30=0x00000000 PA:0x800086b6
        1955000	       194	8000096c	017687a3	sb	x23,15(x13)	 x13:0x800086a7 x23:0x800087ec PA:0x800086b6
        1965000	       195	80000970	00a6a4a3	sw	x10,9(x13)	 x13:0x800086a7 x10:0x00000000 PA:0x800086b0
        1975000	       196	80000974	00d694a3	sh	x13,9(x13)	 x13:0x800086a7 x13:0x800086a7 PA:0x800086b0
        1985000	       197	80000978	0216cb83	lbu	x23,33(x13)	 x13:0x800086a7 x23=0x00000000 PA:0x800086c8
        1995000	       198	8000097c	0326a0a3	sw	x18,33(x13)	 x13:0x800086a7 x18:0x800089cf PA:0x800086c8
        2005000	       199	80000980	008f1593	slli	x11,x30,0x8	 x30:0x00000000 x11=0x00000000
        2015000	       200	80000984	02168b83	lb	x23,33(x13)	 x13:0x800086a7 x23=0xffffffcf PA:0x800086c8
        2025000	       201	80000988	0346c183	lbu	x3,52(x13)	 x13:0x800086a7  x3=0x00000000 PA:0x800086db
        2035000	       202	8000098c	02268a23	sb	x2,52(x13)	 x13:0x800086a7  x2:0x00000000 PA:0x800086db
        2045000	       203	80000990	03468f03	lb	x30,52(x13)	 x13:0x800086a7 x30=0x00000000 PA:0x800086db
        2055000	       204	80000994	fce69ea3	sh	x14,-35(x13)	 x13:0x800086a7 x14:0x80000000 PA:0x80008684
        2065000	       205	80000998	fd668283	lb	x5,-42(x13)	 x13:0x800086a7  x5=0x00000000 PA:0x8000867d
        2075000	       206	8000099c	01d24fb3	xor	x31,x4,x29	  x4:0x80009f4c x29:0x00000000 x31=0x80009f4c
        2085000	       207	800009a0	005fdd33	srl	x26,x31,x5	 x31:0x80009f4c  x5:0x00000000 x26=0x80009f4c
        2095000	       208	800009a4	00268c83	lb	x25,2(x13)	 x13:0x800086a7 x25=0x00000000 PA:0x800086a9
        2105000	       209	800009a8	e66b7c37	lui	x24,0xe66b7	 x24=0xe66b7000
        2115000	       210	800009ac	01a68123	sb	x26,2(x13)	 x13:0x800086a7 x26:0x80009f4c PA:0x800086a9
        2125000	       211	800009b0	416c5d33	sra	x26,x24,x22	 x24:0xe66b7000 x22:0x00000000 x26=0xe66b7000
        2135000	       212	800009b4	a5516393	ori	x7,x2,-1451	  x2:0x00000000  x7=0xfffffa55
        2145000	       213	800009b8	00268403	lb	x8,2(x13)	 x13:0x800086a7  x8=0x0000004c PA:0x800086a9
        2155000	       214	800009bc	ffc68e83	lb	x29,-4(x13)	 x13:0x800086a7 x29=0x00000000 PA:0x800086a3
        2165000	       215	800009c0	ff368e23	sb	x19,-4(x13)	 x13:0x800086a7 x19:0x00000001 PA:0x800086a3
        2175000	       216	800009c4	fe568e23	sb	x5,-4(x13)	 x13:0x800086a7  x5:0x00000000 PA:0x800086a3
        2185000	       217	800009c8	00008c97	auipc	x25,0x8	 x25=0x800089c4
        2195000	       218	800009cc	471c8c93	addi	x25,x25,1137	 x25:0x800089c4 x25=0x80008e35
        2205000	       219	800009d0	00008197	auipc	x3,0x8	  x3=0x800089cc
        2215000	       220	800009d4	24e18193	addi	x3,x3,590	  x3:0x800089cc  x3=0x80008c1a
        2225000	       221	800009d8	00318703	lb	x14,3(x3)	  x3:0x80008c1a x14=0x00000000 PA:0x80008c1d
        2235000	       222	800009dc	00008897	auipc	x17,0x8	 x17=0x800089d8
        2245000	       223	800009e0	4a288893	addi	x17,x17,1186	 x17:0x800089d8 x17=0x80008e7a
        2255000	       224	800009e4	00008c17	auipc	x24,0x8	 x24=0x800089e0
        2265000	       225	800009e8	e54c0c13	addi	x24,x24,-428	 x24:0x800089e0 x24=0x80008834
        2275000	       226	800009ec	040c1003	lh	x0,64(x24)	 x24:0x80008834 PA:0x80008874
        2285000	       227	800009f0	fe11cf83	lbu	x31,-31(x3)	  x3:0x80008c1a x31=0x00000000 PA:0x80008bfb
        2295000	       228	800009f4	00008517	auipc	x10,0x8	 x10=0x800089f0
        2305000	       229	800009f8	10d50513	addi	x10,x10,269	 x10:0x800089f0 x10=0x80008afd
        2315000	       230	800009fc	007c0383	lb	x7,7(x24)	 x24:0x80008834  x7=0x00000000 PA:0x8000883b
        2325000	       231	80000a00	ff8c8f03	lb	x30,-8(x25)	 x25:0x80008e35 x30=0x00000000 PA:0x80008e2d
        2335000	       232	00000000	00000013	addi	x0,x0,0	  x0:0x00000000
        2345000	       233	80000a04	03e50083	lb	x1,62(x10)	 x10:0x80008afd  x1=0x00000000 PA:0x80008b3b
        2355000	       234	80000a08	ca488ba3	sb	x4,-841(x17)	 x17:0x80008e7a  x4:0x80009f4c PA:0x80008b31
        2365000	       235	80000a0c	02318fa3	sb	x3,63(x3)	  x3:0x80008c1a  x3:0x80008c1a PA:0x80008c59
        2375000	       236	80000a10	0f6c5303	lhu	x6,246(x24)	 x24:0x80008834  x6=0x00000000 PA:0x8000892a
        2385000	       237	80000a14	c658ab23	sw	x5,-906(x17)	 x17:0x80008e7a  x5:0x00000000 PA:0x80008af0
        2395000	       238	80000a18	f7a18b83	lb	x23,-134(x3)	  x3:0x80008c1a x23=0x00000000 PA:0x80008b94
        2405000	       239	80000a1c	fc951803	lh	x16,-55(x10)	 x10:0x80008afd x16=0x00000000 PA:0x80008ac6
        2415000	       240	80000a20	dcc89923	sh	x12,-558(x17)	 x17:0x80008e7a x12:0x80009fc4 PA:0x80008c4c
        2425000	       241	80000a24	fe654e03	lbu	x28,-26(x10)	 x10:0x80008afd x28=0x00000000 PA:0x80008ae3
        2435000	       242	80000a28	b49882a3	sb	x9,-1211(x17)	 x17:0x80008e7a  x9:0x00000000 PA:0x800089bf
        2445000	       243	80000a2c	023c0a83	lb	x21,35(x24)	 x24:0x80008834 x21=0x00000000 PA:0x80008857
        2455000	       244	80000a30	f9288da3	sb	x18,-101(x17)	 x17:0x80008e7a x18:0x800089cf PA:0x80008e15
        2465000	       245	80000a34	08ec5b03	lhu	x22,142(x24)	 x24:0x80008834 x22=0x00000000 PA:0x800088c2
        2475000	       246	80000a38	0a8c4003	lbu	x0,168(x24)	 x24:0x80008834 PA:0x800088dc
        2485000	       247	80000a3c	0c819483	lh	x9,200(x3)	  x3:0x80008c1a  x9=0x00000000 PA:0x80008ce2
        2495000	       248	80000a40	0418ca83	lbu	x21,65(x17)	 x17:0x80008e7a x21=0x00000000 PA:0x80008ebb
        2505000	       249	80000a44	02b52f03	lw	x30,43(x10)	 x10:0x80008afd x30=0x00000000 PA:0x80008b28
        2515000	       250	80000a48	0adc4903	lbu	x18,173(x24)	 x24:0x80008834 x18=0x00000000 PA:0x800088e1
        2525000	       251	80000a4c	008cc703	lbu	x14,8(x25)	 x25:0x80008e35 x14=0x00000000 PA:0x80008e3d
        2535000	       252	80000a50	e5e8ab83	lw	x23,-418(x17)	 x17:0x80008e7a x23=0x00000000 PA:0x80008cd8
        2545000	       253	80000a54	ad18c083	lbu	x1,-1327(x17)	 x17:0x80008e7a  x1=0x00000000 PA:0x8000894b
        2555000	       254	80000a58	00fca083	lw	x1,15(x25)	 x25:0x80008e35  x1=0x00000000 PA:0x80008e44
        2565000	       255	80000a5c	00fc8583	lb	x11,15(x25)	 x25:0x80008e35 x11=0x00000000 PA:0x80008e44
        2575000	       256	80000a60	fdf54b03	lbu	x22,-33(x10)	 x10:0x80008afd x22=0x00000000 PA:0x80008adc
        2585000	       257	80000a64	009c9803	lh	x16,9(x25)	 x25:0x80008e35 x16=0x00000000 PA:0x80008e3e
        2595000	       258	80000a68	05ec0e83	lb	x29,94(x24)	 x24:0x80008834 x29=0x00000000 PA:0x80008892
        2605000	       259	80000a6c	fe118d83	lb	x27,-31(x3)	  x3:0x80008c1a x27=0x00000000 PA:0x80008bfb
        2615000	       260	80000a70	cf089283	lh	x5,-784(x17)	 x17:0x80008e7a  x5=0x00000000 PA:0x80008b6a
        2625000	       261	80000a74	033c1423	sh	x19,40(x24)	 x24:0x80008834 x19:0x00000001 PA:0x8000885c
        2635000	       262	80000a78	027501a3	sb	x7,35(x10)	 x10:0x80008afd  x7:0x00000000 PA:0x80008b20
        2645000	       263	80000a7c	00008117	auipc	x2,0x8	  x2=0x80008a78
        2655000	       264	80000a80	22510113	addi	x2,x2,549	  x2:0x80008a78  x2=0x80008c9d
        2665000	       265	80000a84	011b8033	add	x0,x23,x17	 x23:0x00000000 x17:0x80008e7a
        2675000	       266	80000a88	01214783	lbu	x15,18(x2)	  x2:0x80008c9d x15=0x00000000 PA:0x80008caf
        2685000	       267	80000a8c	01da9fb3	sll	x31,x21,x29	 x21:0x00000000 x29:0x00000000 x31=0x00000000
        2695000	       268	80000a90	01a10f03	lb	x30,26(x2)	  x2:0x80008c9d x30=0x00000000 PA:0x80008cb7
        2705000	       269	00000000	00000013	addi	x0,x0,0	  x0:0x00000000
        2715000	       270	80000a94	353f6013	ori	x0,x30,851	 x30:0x00000000
        2725000	       271	80000a98	00a59313	slli	x6,x11,0xa	 x11:0x00000000  x6=0x00000000
        2735000	       272	80000a9c	00775393	srli	x7,x14,0x7	 x14:0x00000000  x7=0x00000000
        2745000	       273	80000aa0	8282e293	ori	x5,x5,-2008	  x5:0x00000000  x5=0xfffff828
        2755000	       274	80000aa4	fc2100a3	sb	x2,-63(x2)	  x2:0x80008c9d  x2:0x80008c9d PA:0x80008c5e
        2765000	       275	80000aa8	011104a3	sb	x17,9(x2)	  x2:0x80008c9d x17:0x80008e7a PA:0x80008ca6
        2775000	       276	80000aac	00000013	addi	x0,x0,0	  x0:0x00000000
        2785000	       277	80000ab0	4122d4b3	sra	x9,x5,x18	  x5:0xfffff828 x18:0x00000000  x9=0xfffff828
        2795000	       278	80000ab4	01d11a83	lh	x21,29(x2)	  x2:0x80008c9d x21=0x00000000 PA:0x80008cba
        2805000	       279	80000ab8	01465bb3	srl	x23,x12,x20	 x12:0x80009fc4 x20:0x80000000 x23=0x80009fc4
        2815000	       280	80000abc	c31d7e13	andi	x28,x26,-975	 x26:0xe66b7000 x28=0xe66b7000
        2825000	       281	80000ac0	013d9533	sll	x10,x27,x19	 x27:0x00000000 x19:0x00000001 x10=0x00000000
        2835000	       282	80000ac4	007d5d33	srl	x26,x26,x7	 x26:0xe66b7000  x7:0x00000000 x26=0xe66b7000
        2845000	       283	80000ac8	01791eb3	sll	x29,x18,x23	 x18:0x00000000 x23:0x80009fc4 x29=0x00000000
        2855000	       284	80000acc	8cacec13	ori	x24,x25,-1846	 x25:0x80008e35 x24=0xfffffeff
        2865000	       285	80000ad0	fcb10683	lb	x13,-53(x2)	  x2:0x80008c9d x13=0x00000000 PA:0x80008c68
        2875000	       286	80000ad4	ffc10f03	lb	x30,-4(x2)	  x2:0x80008c9d x30=0x00000000 PA:0x80008c99
        2885000	       287	80000ad8	03c97893	andi	x17,x18,60	 x18:0x00000000 x17=0x00000000
        2895000	       288	80000adc	00283c33	sltu	x24,x16,x2	 x16:0x00000000  x2:0x80008c9d x24=0x00000001
        2905000	       289	80000ae0	01f32db3	slt	x27,x6,x31	  x6:0x00000000 x31:0x00000000 x27=0x00000000
        2915000	       290	80000ae4	ffb11183	lh	x3,-5(x2)	  x2:0x80008c9d  x3=0x00000000 PA:0x80008c98
        2925000	       291	80000ae8	ffc14803	lbu	x16,-4(x2)	  x2:0x80008c9d x16=0x00000000 PA:0x80008c99
        2935000	       292	80000aec	008b9593	slli	x11,x23,0x8	 x23:0x80009fc4 x11=0x009fc400
        2945000	       293	80000af0	fd114003	lbu	x0,-47(x2)	  x2:0x80008c9d PA:0x80008c6e
        2955000	       294	80000af4	00a10823	sb	x10,16(x2)	  x2:0x80008c9d x10:0x00000000 PA:0x80008cad
        2965000	       295	80000af8	009e1b13	slli	x22,x28,0x9	 x28:0xe66b7000 x22=0xd6e00000
        2975000	       296	80000afc	0019ffb3	and	x31,x19,x1	 x19:0x00000001  x1:0x00000000 x31=0x00000000
        2985000	       297	80000b00	03d10403	lb	x8,61(x2)	  x2:0x80008c9d  x8=0x00000000 PA:0x80008cda
        2995000	       298	80000b04	009508b3	add	x17,x10,x9	 x10:0x00000000  x9:0xfffff828 x17=0xfffff828
        3005000	       299	80000b08	01986fb3	or	x31,x16,x25	 x16:0x00000000 x25:0x80008e35 x31=0x80008e35
        3015000	       300	80000b0c	ff410003	lb	x0,-12(x2)	  x2:0x80008c9d PA:0x80008c91
        3025000	       301	80000b10	02b11c03	lh	x24,43(x2)	  x2:0x80008c9d x24=0x00000000 PA:0x80008cc8
        3035000	       302	80000b14	00008697	auipc	x13,0x8	 x13=0x80008b10
        3045000	       303	80000b18	e1368693	addi	x13,x13,-493	 x13:0x80008b10 x13=0x80008923
        3055000	       304	80000b1c	0004d913	srli	x18,x9,0x0	  x9:0xfffff828 x18=0xfffff828
        3065000	       305	80000b20	ad1e3113	sltiu	x2,x28,-1327	 x28:0xe66b7000  x2=0x00000001
        3075000	       306	80000b24	1d46c903	lbu	x18,468(x13)	 x13:0x80008923 x18=0x00000000 PA:0x80008af7
        3085000	       307	80000b28	24769803	lh	x16,583(x13)	 x13:0x80008923 x16=0x00000000 PA:0x80008b6a
        3095000	       308	80000b2c	01af0533	add	x10,x30,x26	 x30:0x00000000 x26:0xe66b7000 x10=0xe66b7000
        3105000	       309	80000b30	0416a0a3	sw	x1,65(x13)	 x13:0x80008923  x1:0x00000000 PA:0x80008964
        3115000	       310	80000b34	011f5bb3	srl	x23,x30,x17	 x30:0x00000000 x17:0xfffff828 x23=0x00000000
        3125000	       311	80000b38	00000013	addi	x0,x0,0	  x0:0x00000000
        3135000	       312	80000b3c	1296a503	lw	x10,297(x13)	 x13:0x80008923 x10=0x00000000 PA:0x80008a4c
        3145000	       313	80000b40	00b61813	slli	x16,x12,0xb	 x12:0x80009fc4 x16=0x04fe2000
        3155000	       314	80000b44	4d76cd83	lbu	x27,1239(x13)	 x13:0x80008923 x27=0x00000000 PA:0x80008dfa
        3165000	       315	80000b48	0079ee33	or	x28,x19,x7	 x19:0x00000001  x7:0x00000000 x28=0x00000001
        3175000	       316	80000b4c	42e6a8a3	sw	x14,1073(x13)	 x13:0x80008923 x14:0x00000000 PA:0x80008d54
        3185000	       317	80000b50	41b60f33	sub	x30,x12,x27	 x12:0x80009fc4 x27:0x00000000 x30=0x80009fc4
        3195000	       318	80000b54	47c68903	lb	x18,1148(x13)	 x13:0x80008923 x18=0x00000000 PA:0x80008d9f
        3205000	       319	80000b58	00e6ad33	slt	x26,x13,x14	 x13:0x80008923 x14:0x00000000 x26=0x00000001
        3215000	       320	80000b5c	41730fb3	sub	x31,x6,x23	  x6:0x00000000 x23:0x00000000 x31=0x00000000
        3225000	       321	80000b60	40a68d23	sb	x10,1050(x13)	 x13:0x80008923 x10:0x00000000 PA:0x80008d3d
        3235000	       322	80000b64	31ffd897	auipc	x17,0x31ffd	 x17=0xb1ffdb60
        3245000	       323	80000b68	0151c4b3	xor	x9,x3,x21	  x3:0x00000000 x21:0x00000000  x9=0x00000000
        3255000	       324	80000b6c	412f5733	sra	x14,x30,x18	 x30:0x80009fc4 x18:0x00000000 x14=0x80009fc4
        3265000	       325	80000b70	40770d33	sub	x26,x14,x7	 x14:0x80009fc4  x7:0x00000000 x26=0x80009fc4
        3275000	       326	80000b74	010fedb3	or	x27,x31,x16	 x31:0x00000000 x16:0x04fe2000 x27=0x04fe2000
        3285000	       327	80000b78	4b668403	lb	x8,1206(x13)	 x13:0x80008923  x8=0x00000000 PA:0x80008dd9
        3295000	       328	80000b7c	ef6fcc93	xori	x25,x31,-266	 x31:0x00000000 x25=0xfffffef6
        3305000	       329	80000b80	01e3de13	srli	x28,x7,0x1e	  x7:0x00000000 x28=0x00000000
        3315000	       330	80000b84	3b168403	lb	x8,945(x13)	 x13:0x80008923  x8=0x00000000 PA:0x80008cd4
        3325000	       331	80000b88	63268b03	lb	x22,1586(x13)	 x13:0x80008923 x22=0x00000000 PA:0x80008f55
        3335000	       332	80000b8c	58013037	lui	x0,0x58013	
        3345000	       333	80000b90	12792c93	slti	x25,x18,295	 x18:0x00000000 x25=0x00000001
        3355000	       334	80000b94	015f8833	add	x16,x31,x21	 x31:0x00000000 x21:0x00000000 x16=0x00000000
        3365000	       335	80000b98	27668da3	sb	x22,635(x13)	 x13:0x80008923 x22:0x00000000 PA:0x80008b9e
        3375000	       336	80000b9c	33e6cb03	lbu	x22,830(x13)	 x13:0x80008923 x22=0x00000000 PA:0x80008c61
        3385000	       337	80000ba0	00008117	auipc	x2,0x8	  x2=0x80008b9c
        3395000	       338	80000ba4	bf410113	addi	x2,x2,-1036	  x2:0x80008b9c  x2=0x80008790
        3405000	       339	80000ba8	f1211303	lh	x6,-238(x2)	  x2:0x80008790  x6=0x00000000 PA:0x800086a2
        3415000	       340	80000bac	01499bb3	sll	x23,x19,x20	 x19:0x00000001 x20:0x80000000 x23=0x00000001
        3425000	       341	80000bb0	012e6433	or	x8,x28,x18	 x28:0x00000000 x18:0x00000000  x8=0x00000000
        3435000	       342	80000bb4	f1215583	lhu	x11,-238(x2)	  x2:0x80008790 x11=0x00000000 PA:0x800086a2
        3445000	       343	80000bb8	4994eb93	ori	x23,x9,1177	  x9:0x00000000 x23=0x00000499
        3455000	       344	80000bbc	fc211f03	lh	x30,-62(x2)	  x2:0x80008790 x30=0x00000000 PA:0x80008752
        3465000	       345	80000bc0	00000013	addi	x0,x0,0	  x0:0x00000000
        3475000	       346	80000bc4	f30100a3	sb	x16,-223(x2)	  x2:0x80008790 x16:0x00000000 PA:0x800086b1
        3485000	       347	80000bc8	f3f100a3	sb	x31,-223(x2)	  x2:0x80008790 x31:0x00000000 PA:0x800086b1
        3495000	       348	80000bcc	f3c100a3	sb	x28,-223(x2)	  x2:0x80008790 x28:0x00000000 PA:0x800086b1
        3505000	       349	80000bd0	f2d100a3	sb	x13,-223(x2)	  x2:0x80008790 x13:0x80008923 PA:0x800086b1
        3515000	       350	80000bd4	fde104a3	sb	x30,-55(x2)	  x2:0x80008790 x30:0x00000000 PA:0x80008759
        3525000	       351	80000bd8	fc910e83	lb	x29,-55(x2)	  x2:0x80008790 x29=0x00000000 PA:0x80008759
        3535000	       352	80000bdc	4f4cc813	xori	x16,x25,1268	 x25:0x00000001 x16=0x000004f5
        3545000	       353	80000be0	04e10403	lb	x8,78(x2)	  x2:0x80008790  x8=0x00000000 PA:0x800087de
        3555000	       354	80000be4	03012e23	sw	x16,60(x2)	  x2:0x80008790 x16:0x000004f5 PA:0x800087cc
        3565000	       355	80000be8	03c14683	lbu	x13,60(x2)	  x2:0x80008790 x13=0x000000f5 PA:0x800087cc
        3575000	       356	80000bec	1ddce313	ori	x6,x25,477	 x25:0x00000001  x6=0x000001dd
        3585000	       357	80000bf0	40da8d33	sub	x26,x21,x13	 x21:0x00000000 x13:0x000000f5 x26=0xffffff0b
        3595000	       358	80000bf4	03c10d83	lb	x27,60(x2)	  x2:0x80008790 x27=0xfffffff5 PA:0x800087cc
        3605000	       359	80000bf8	fa910583	lb	x11,-87(x2)	  x2:0x80008790 x11=0x00000000 PA:0x80008739
        3615000	       360	80000bfc	f5510503	lb	x10,-171(x2)	  x2:0x80008790 x10=0x00000000 PA:0x800086e5
        3625000	       361	80000c00	f4415683	lhu	x13,-188(x2)	  x2:0x80008790 x13=0x00000000 PA:0x800086d4
        3635000	       362	80000c04	00008397	auipc	x7,0x8	  x7=0x80008c00
        3645000	       363	80000c08	02938393	addi	x7,x7,41	  x7:0x80008c00  x7=0x80008c29
        3655000	       364	80000c0c	00538623	sb	x5,12(x7)	  x7:0x80008c29  x5:0xfffff828 PA:0x80008c35
        3665000	       365	80000c10	00008517	auipc	x10,0x8	 x10=0x80008c0c
        3675000	       366	80000c14	0a750513	addi	x10,x10,167	 x10:0x80008c0c x10=0x80008cb3
        3685000	       367	80000c18	00008197	auipc	x3,0x8	  x3=0x80008c14
        3695000	       368	80000c1c	21018193	addi	x3,x3,528	  x3:0x80008c14  x3=0x80008e24
        3705000	       369	80000c20	f9254983	lbu	x19,-110(x10)	 x10:0x80008cb3 x19=0x00000000 PA:0x80008c45
        3715000	       370	80000c24	fda39ca3	sh	x26,-39(x7)	  x7:0x80008c29 x26:0xffffff0b PA:0x80008c02
        3725000	       371	80000c28	00838323	sb	x8,6(x7)	  x7:0x80008c29  x8:0x00000000 PA:0x80008c2f
        3735000	       372	80000c2c	fd818ca3	sb	x24,-39(x3)	  x3:0x80008e24 x24:0x00000000 PA:0x80008dfd
        3745000	       373	80000c30	02739ea3	sh	x7,61(x7)	  x7:0x80008c29  x7:0x80008c29 PA:0x80008c66
        3755000	       374	80000c34	04254803	lbu	x16,66(x10)	 x10:0x80008cb3 x16=0x00000000 PA:0x80008cf5
        3765000	       375	80000c38	27c54803	lbu	x16,636(x10)	 x10:0x80008cb3 x16=0x00000000 PA:0x80008f2f
        3775000	       376	80000c3c	fef39d83	lh	x27,-17(x7)	  x7:0x80008c29 x27=0x00000000 PA:0x80008c18
        3785000	       377	80000c40	0031cd03	lbu	x26,3(x3)	  x3:0x80008e24 x26=0x00000000 PA:0x80008e27
        3795000	       378	80000c44	0291c983	lbu	x19,41(x3)	  x3:0x80008e24 x19=0x00000000 PA:0x80008e4d
        3805000	       379	80000c48	004389a3	sb	x4,19(x7)	  x7:0x80008c29  x4:0x80009f4c PA:0x80008c3c
        3815000	       380	80000c4c	01c3cb03	lbu	x22,28(x7)	  x7:0x80008c29 x22=0x00000000 PA:0x80008c45
        3825000	       381	80000c50	0b950f83	lb	x31,185(x10)	 x10:0x80008cb3 x31=0x00000000 PA:0x80008d6c
        3835000	       382	80000c54	ffa1dc83	lhu	x25,-6(x3)	  x3:0x80008e24 x25=0x00000000 PA:0x80008e1e
        3845000	       383	80000c58	dc550d23	sb	x5,-550(x10)	 x10:0x80008cb3  x5:0xfffff828 PA:0x80008a8d
        3855000	       384	80000c5c	0303c583	lbu	x11,48(x7)	  x7:0x80008c29 x11=0x0000001a PA:0x80008c59
        3865000	       385	80000c60	0ee54283	lbu	x5,238(x10)	 x10:0x80008cb3  x5=0x00000000 PA:0x80008da1
        3875000	       386	80000c64	0153d983	lhu	x19,21(x7)	  x7:0x80008c29 x19=0x00000000 PA:0x80008c3e
        3885000	       387	80000c68	fc01a883	lw	x17,-64(x3)	  x3:0x80008e24 x17=0x00000000 PA:0x80008de4
        3895000	       388	80000c6c	00008797	auipc	x15,0x8	 x15=0x80008c68
        3905000	       389	80000c70	adf78793	addi	x15,x15,-1313	 x15:0x80008c68 x15=0x80008747
        3915000	       390	80000c74	01011b33	sll	x22,x2,x16	  x2:0x80008790 x16:0x00000000 x22=0x80008790
        3925000	       391	80000c78	dffafe17	auipc	x28,0xdffaf	 x28=0x5ffafc74
        3935000	       392	80000c7c	00278283	lb	x5,2(x15)	 x15:0x80008747  x5=0x00000000 PA:0x80008749
        3945000	       393	80000c80	00e7cb03	lbu	x22,14(x15)	 x15:0x80008747 x22=0x00000000 PA:0x80008755
        3955000	       394	00000000	00000013	addi	x0,x0,0	  x0:0x00000000
        3965000	       395	80000c84	659b6913	ori	x18,x22,1625	 x22:0x00000000 x18=0x00000659
        3975000	       396	80000c88	410501b3	sub	x3,x10,x16	 x10:0x80008cb3 x16:0x00000000  x3=0x80008cb3
        3985000	       397	80000c8c	0065dc33	srl	x24,x11,x6	 x11:0x0000001a  x6:0x000001dd x24=0x00000000
        3995000	       398	80000c90	ff179f83	lh	x31,-15(x15)	 x15:0x80008747 x31=0x00000000 PA:0x80008738
        4005000	       399	80000c94	006b5413	srli	x8,x22,0x6	 x22:0x00000000  x8=0x00000000
        4015000	       400	80000c98	012cdf93	srli	x31,x25,0x12	 x25:0x00000000 x31=0x00000000
        4025000	       401	80000c9c	d4b54d93	xori	x27,x10,-693	 x10:0x80008cb3 x27=0x7fff71f8
        4035000	       402	80000ca0	00e78623	sb	x14,12(x15)	 x15:0x80008747 x14:0x80009fc4 PA:0x80008753
        4045000	       403	80000ca4	d2e6e293	ori	x5,x13,-722	 x13:0x00000000  x5=0xfffffd2e
        4055000	       404	80000ca8	00000013	addi	x0,x0,0	  x0:0x00000000
        4065000	       405	80000cac	c0f6cf93	xori	x31,x13,-1009	 x13:0x00000000 x31=0xfffffc0f
        4075000	       406	80000cb0	01eb5693	srli	x13,x22,0x1e	 x22:0x00000000 x13=0x00000000
        4085000	       407	80000cb4	40290eb3	sub	x29,x18,x2	 x18:0x00000659  x2:0x80008790 x29=0x7fff7ec9
        4095000	       408	80000cb8	5cbe8693	addi	x13,x29,1483	 x29:0x7fff7ec9 x13=0x7fff8494
        4105000	       409	80000cbc	9989c093	xori	x1,x19,-1640	 x19:0x00000000  x1=0xfffff998
        4115000	       410	80000cc0	249a8113	addi	x2,x21,585	 x21:0x00000000  x2=0x00000249
        4125000	       411	80000cc4	6ff99d17	auipc	x26,0x6ff99	 x26=0xeff99cc0
        4135000	       412	80000cc8	00bf9cb3	sll	x25,x31,x11	 x31:0xfffffc0f x11:0x0000001a x25=0x3c000000
        4145000	       413	80000ccc	016004b3	add	x9,x0,x22	  x0:0x00000000 x22:0x00000000  x9=0x00000000
        4155000	       414	80000cd0	00aad2b3	srl	x5,x21,x10	 x21:0x00000000 x10:0x80008cb3  x5=0x00000000
        4165000	       415	80000cd4	01a86333	or	x6,x16,x26	 x16:0x00000000 x26:0xeff99cc0  x6=0xeff99cc0
        4175000	       416	80000cd8	00a5c8b3	xor	x17,x11,x10	 x11:0x0000001a x10:0x80008cb3 x17=0x80008ca9
        4185000	       417	80000cdc	01a781a3	sb	x26,3(x15)	 x15:0x80008747 x26:0xeff99cc0 PA:0x8000874a
        4195000	       418	80000ce0	011d9033	sll	x0,x27,x17	 x27:0x7fff71f8 x17:0x80008ca9
        4205000	       419	80000ce4	ffe78d03	lb	x26,-2(x15)	 x15:0x80008747 x26=0x00000000 PA:0x80008745
        4215000	       420	80000ce8	b8e9c393	xori	x7,x19,-1138	 x19:0x00000000  x7=0xfffffb8e
        4225000	       421	80000cec	1751c593	xori	x11,x3,373	  x3:0x80008cb3 x11=0x80008dc6
        4235000	       422	80000cf0	00c6df33	srl	x30,x13,x12	 x13:0x7fff8494 x12:0x80009fc4 x30=0x07fff849
        4245000	       423	80000cf4	ff278903	lb	x18,-14(x15)	 x15:0x80008747 x18=0x00000000 PA:0x80008739
        4255000	       424	80000cf8	01fe7833	and	x16,x28,x31	 x28:0x5ffafc74 x31:0xfffffc0f x16=0x5ffafc04
        4265000	       425	80000cfc	ff77c883	lbu	x17,-9(x15)	 x15:0x80008747 x17=0x00000000 PA:0x8000873e
        4275000	       426	80000d00	0be16e93	ori	x29,x2,190	  x2:0x00000249 x29=0x000002ff
        4285000	       427	80000d04	00f7d383	lhu	x7,15(x15)	 x15:0x80008747  x7=0x00000000 PA:0x80008756
        4295000	       428	80000d08	014a8933	add	x18,x21,x20	 x21:0x00000000 x20:0x80000000 x18=0x80000000
        4305000	       429	80000d0c	93d5f497	auipc	x9,0x93d5f	  x9=0x13d5fd08
        4315000	       430	80000d10	00f7c503	lbu	x10,15(x15)	 x15:0x80008747 x10=0x00000000 PA:0x80008756
        4325000	       431	80000d14	00008d97	auipc	x27,0x8	 x27=0x80008d10
        4335000	       432	80000d18	80bd8d93	addi	x27,x27,-2037	 x27:0x80008d10 x27=0x8000851b
        4345000	       433	80000d1c	00007497	auipc	x9,0x7	  x9=0x80007d18
        4355000	       434	80000d20	6e548493	addi	x9,x9,1765	  x9:0x80007d18  x9=0x800083fd
        4365000	       435	80000d24	3704a5a3	sw	x16,875(x9)	  x9:0x800083fd x16:0x5ffafc04 PA:0x80008768
        4375000	       436	80000d28	f98da6a3	sw	x24,-115(x27)	 x27:0x8000851b x24:0x00000000 PA:0x800084a8
        4385000	       437	80000d2c	ce5484a3	sb	x5,-791(x9)	  x9:0x800083fd  x5:0x00000000 PA:0x800080e6
        4395000	       438	80000d30	fd6dc703	lbu	x14,-42(x27)	 x27:0x8000851b x14=0x00000000 PA:0x800084f1
        4405000	       439	80000d34	049daf03	lw	x30,73(x27)	 x27:0x8000851b x30=0x00000000 PA:0x80008564
        4415000	       440	80000d38	c4449da3	sh	x4,-933(x9)	  x9:0x800083fd  x4:0x80009f4c PA:0x80008058
        4425000	       441	80000d3c	045d8023	sb	x5,64(x27)	 x27:0x8000851b  x5:0x00000000 PA:0x8000855b
        4435000	       442	80000d40	029d8823	sb	x9,48(x27)	 x27:0x8000851b  x9:0x800083fd PA:0x8000854b
        4445000	       443	80000d44	0f6d8523	sb	x22,234(x27)	 x27:0x8000851b x22:0x00000000 PA:0x80008605
        4455000	       444	80000d48	0054d983	lhu	x19,5(x9)	  x9:0x800083fd x19=0x00000000 PA:0x80008402
        4465000	       445	80000d4c	f944c303	lbu	x6,-108(x9)	  x9:0x800083fd  x6=0x00000000 PA:0x80008391
        4475000	       446	80000d50	0dad8fa3	sb	x26,223(x27)	 x27:0x8000851b x26:0x00000000 PA:0x800085fa
        4485000	       447	80000d54	0ac495a3	sh	x12,171(x9)	  x9:0x800083fd x12:0x80009fc4 PA:0x800084a8
        4495000	       448	80000d58	f59d8123	sb	x25,-190(x27)	 x27:0x8000851b x25:0x3c000000 PA:0x8000845d
        4505000	       449	80000d5c	fc4d8f03	lb	x30,-60(x27)	 x27:0x8000851b x30=0x00000000 PA:0x800084df
        4515000	       450	80000d60	00008f97	auipc	x31,0x8	 x31=0x80008d5c
        4525000	       451	80000d64	ab6f8f93	addi	x31,x31,-1354	 x31:0x80008d5c x31=0x80008812
        4535000	       452	80000d68	ff1f8c83	lb	x25,-15(x31)	 x31:0x80008812 x25=0x00000000 PA:0x80008803
        4545000	       453	80000d6c	00008917	auipc	x18,0x8	 x18=0x80008d68
        4555000	       454	80000d70	8b690913	addi	x18,x18,-1866	 x18:0x80008d68 x18=0x8000861e
        4565000	       455	80000d74	00007997	auipc	x19,0x7	 x19=0x80007d70
        4575000	       456	80000d78	49c98993	addi	x19,x19,1180	 x19:0x80007d70 x19=0x8000820c
        4585000	       457	80000d7c	0009ae03	lw	x28,0(x19)	 x19:0x8000820c x28=0x00000000 PA:0x8000820c
        4595000	       458	80000d80	ffb94103	lbu	x2,-5(x18)	 x18:0x8000861e  x2=0x00000000 PA:0x80008619
        4605000	       459	80000d84	ff69c583	lbu	x11,-10(x19)	 x19:0x8000820c x11=0x00000000 PA:0x80008202
        4615000	       460	80000d88	00007697	auipc	x13,0x7	 x13=0x80007d84
        4625000	       461	80000d8c	4c368693	addi	x13,x13,1219	 x13:0x80007d84 x13=0x80008247
        4635000	       462	80000d90	fff98d03	lb	x26,-1(x19)	 x19:0x8000820c x26=0x00000000 PA:0x8000820b
        4645000	       463	80000d94	00f98003	lb	x0,15(x19)	 x19:0x8000820c PA:0x8000821b
        4655000	       464	80000d98	00e99f03	lh	x30,14(x19)	 x19:0x8000820c x30=0x00000000 PA:0x8000821a
        4665000	       465	80000d9c	ff4f9703	lh	x14,-12(x31)	 x31:0x80008812 x14=0x00000000 PA:0x80008806
        4675000	       466	80000da0	00098183	lb	x3,0(x19)	 x19:0x8000820c  x3=0x00000000 PA:0x8000820c
        4685000	       467	80000da4	00868b83	lb	x23,8(x13)	 x13:0x80008247 x23=0x00000000 PA:0x8000824f
        4695000	       468	80000da8	ff1f8e23	sb	x17,-4(x31)	 x31:0x80008812 x17:0x00000000 PA:0x8000880e
        4705000	       469	80000dac	ffb94803	lbu	x16,-5(x18)	 x18:0x8000861e x16=0x00000000 PA:0x80008619
        4715000	       470	80000db0	00491803	lh	x16,4(x18)	 x18:0x8000861e x16=0x00000000 PA:0x80008622
        4725000	       471	80000db4	ff26cc03	lbu	x24,-14(x13)	 x13:0x80008247 x24=0x00000000 PA:0x80008239
        4735000	       472	80000db8	000f8383	lb	x7,0(x31)	 x31:0x80008812  x7=0x00000000 PA:0x80008812
        4745000	       473	80000dbc	ffa68283	lb	x5,-6(x13)	 x13:0x80008247  x5=0x00000000 PA:0x80008241
        4755000	       474	80000dc0	ff394803	lbu	x16,-13(x18)	 x18:0x8000861e x16=0x00000000 PA:0x80008611
        4765000	       475	80000dc4	ff19ca83	lbu	x21,-15(x19)	 x19:0x8000820c x21=0x00000000 PA:0x800081fd
        4775000	       476	80000dc8	ff3fc783	lbu	x15,-13(x31)	 x31:0x80008812 x15=0x00000000 PA:0x80008805
        4785000	       477	80000dcc	00198a83	lb	x21,1(x19)	 x19:0x8000820c x21=0x00000000 PA:0x8000820d
        4795000	       478	80000dd0	ffb6c103	lbu	x2,-5(x13)	 x13:0x80008247  x2=0x00000000 PA:0x80008242
        4805000	       479	80000dd4	00b94c03	lbu	x24,11(x18)	 x18:0x8000861e x24=0x00000000 PA:0x80008629
        4815000	       480	80000dd8	00390e03	lb	x28,3(x18)	 x18:0x8000861e x28=0x00000000 PA:0x80008621
        4825000	       481	80000ddc	ff8fc383	lbu	x7,-8(x31)	 x31:0x80008812  x7=0x00000000 PA:0x8000880a
        4835000	       482	80000de0	01099403	lh	x8,16(x19)	 x19:0x8000820c  x8=0x00000000 PA:0x8000821c
        4845000	       483	80000de4	fe090aa3	sb	x0,-11(x18)	 x18:0x8000861e  x0:0x00000000 PA:0x80008613
        4855000	       484	80000de8	ff268c03	lb	x24,-14(x13)	 x13:0x80008247 x24=0x00000000 PA:0x80008239
        4865000	       485	80000dec	006684a3	sb	x6,9(x13)	 x13:0x80008247  x6:0x00000000 PA:0x80008250
        4875000	       486	80000df0	01f691a3	sh	x31,3(x13)	 x13:0x80008247 x31:0x80008812 PA:0x8000824a
        4885000	       487	80000df4	018987a3	sb	x24,15(x19)	 x19:0x8000820c x24:0x00000000 PA:0x8000821b
        4895000	       488	80000df8	fe2f8d23	sb	x2,-6(x31)	 x31:0x80008812  x2:0x00000000 PA:0x8000880c
        4905000	       489	80000dfc	00007c97	auipc	x25,0x7	 x25=0x80007df8
        4915000	       490	80000e00	541c8c93	addi	x25,x25,1345	 x25:0x80007df8 x25=0x80008339
        4925000	       491	80000e04	ff4cc003	lbu	x0,-12(x25)	 x25:0x80008339 PA:0x8000832d
        4935000	       492	80000e08	fe0c8a23	sb	x0,-12(x25)	 x25:0x80008339  x0:0x00000000 PA:0x8000832d
        4945000	       493	80000e0c	fecc8aa3	sb	x12,-11(x25)	 x25:0x80008339 x12:0x80009fc4 PA:0x8000832e
        4955000	       494	80000e10	004c8803	lb	x16,4(x25)	 x25:0x80008339 x16=0x00000000 PA:0x8000833d
        4965000	       495	80000e14	ffac8683	lb	x13,-6(x25)	 x25:0x80008339 x13=0x00000000 PA:0x80008333
        4975000	       496	00000000	00000013	addi	x0,x0,0	  x0:0x00000000
        4985000	       497	80000e18	8f768913	addi	x18,x13,-1801	 x13:0x00000000 x18=0xfffff8f7
        4995000	       498	80000e1c	ff3c8e03	lb	x28,-13(x25)	 x25:0x80008339 x28=0x00000000 PA:0x8000832c
        5005000	       499	80000e20	ffdc8703	lb	x14,-3(x25)	 x25:0x80008339 x14=0x00000000 PA:0x80008336
        5015000	       500	80000e24	3312c313	xori	x6,x5,817	  x5:0x00000000  x6=0x00000331
        5025000	       501	80000e28	ffac89a3	sb	x26,-13(x25)	 x25:0x80008339 x26:0x00000000 PA:0x8000832c
        5035000	       502	80000e2c	ffbca003	lw	x0,-5(x25)	 x25:0x80008339 PA:0x80008334
        5045000	       503	80000e30	010c8103	lb	x2,16(x25)	 x25:0x80008339  x2=0x00000000 PA:0x80008349
        5055000	       504	80000e34	5509bc13	sltiu	x24,x19,1360	 x19:0x8000820c x24=0x00000000
        5065000	       505	80000e38	006c8223	sb	x6,4(x25)	 x25:0x80008339  x6:0x00000331 PA:0x8000833d
        5075000	       506	80000e3c	010c8703	lb	x14,16(x25)	 x25:0x80008339 x14=0x00000000 PA:0x80008349
        5085000	       507	80000e40	ff3c9a83	lh	x21,-13(x25)	 x25:0x80008339 x21=0x00000000 PA:0x8000832c
        5095000	       508	80000e44	00fc87a3	sb	x15,15(x25)	 x25:0x80008339 x15:0x00000000 PA:0x80008348
        5105000	       509	80000e48	75168537	lui	x10,0x75168	 x10=0x75168000
        5115000	       510	80000e4c	ffbcc083	lbu	x1,-5(x25)	 x25:0x80008339  x1=0x00000000 PA:0x80008334
        5125000	       511	80000e50	fe6cafa3	sw	x6,-1(x25)	 x25:0x80008339  x6:0x00000331 PA:0x80008338
        5135000	       512	80000e54	00fc9d03	lh	x26,15(x25)	 x25:0x80008339 x26=0x00000000 PA:0x80008348
        5145000	       513	80000e58	00bc9d83	lh	x27,11(x25)	 x25:0x80008339 x27=0x00000000 PA:0x80008344
        5155000	       514	80000e5c	010cc433	xor	x8,x25,x16	 x25:0x80008339 x16:0x00000000  x8=0x80008339
        5165000	       515	80000e60	010c8723	sb	x16,14(x25)	 x25:0x80008339 x16:0x00000000 PA:0x80008347
        5175000	       516	80000e64	2118b837	lui	x16,0x2118b	 x16=0x2118b000
        5185000	       517	80000e68	00839193	slli	x3,x7,0x8	  x7:0x00000000  x3=0x00000000
        5195000	       518	80000e6c	00e1fe33	and	x28,x3,x14	  x3:0x00000000 x14:0x00000000 x28=0x00000000
        5205000	       519	80000e70	00e09393	slli	x7,x1,0xe	  x1:0x00000000  x7=0x00000000
        5215000	       520	80000e74	fe0cafa3	sw	x0,-1(x25)	 x25:0x80008339  x0:0x00000000 PA:0x80008338
        5225000	       521	80000e78	41028c33	sub	x24,x5,x16	  x5:0x00000000 x16:0x2118b000 x24=0xdee75000
        5235000	       522	80000e7c	007cd883	lhu	x17,7(x25)	 x25:0x80008339 x17=0x00000000 PA:0x80008340
        5245000	       523	80000e80	ff4c8403	lb	x8,-12(x25)	 x25:0x80008339  x8=0x00000000 PA:0x8000832d
        5255000	       524	80000e84	ff9c9a83	lh	x21,-7(x25)	 x25:0x80008339 x21=0x00000000 PA:0x80008332
        5265000	       525	80000e88	00008117	auipc	x2,0x8	  x2=0x80008e84
        5275000	       526	80000e8c	14e10113	addi	x2,x2,334	  x2:0x80008e84  x2=0x80008fd2
        5285000	       527	80000e90	01610523	sb	x22,10(x2)	  x2:0x80008fd2 x22:0x00000000 PA:0x80008fdc
        5295000	       528	80000e94	01b10523	sb	x27,10(x2)	  x2:0x80008fd2 x27:0x00000000 PA:0x80008fdc
        5305000	       529	80000e98	01f11523	sh	x31,10(x2)	  x2:0x80008fd2 x31:0x80008812 PA:0x80008fdc
        5315000	       530	80000e9c	f5b14b83	lbu	x23,-165(x2)	  x2:0x80008fd2 x23=0x00000000 PA:0x80008f2d
        5325000	       531	80000ea0	f5b14c83	lbu	x25,-165(x2)	  x2:0x80008fd2 x25=0x00000000 PA:0x80008f2d
        5335000	       532	80000ea4	f5b14e03	lbu	x28,-165(x2)	  x2:0x80008fd2 x28=0x00000000 PA:0x80008f2d
        5345000	       533	80000ea8	f5b14d03	lbu	x26,-165(x2)	  x2:0x80008fd2 x26=0x00000000 PA:0x80008f2d
        5355000	       534	80000eac	f5b10883	lb	x17,-165(x2)	  x2:0x80008fd2 x17=0x00000000 PA:0x80008f2d
        5365000	       535	80000eb0	f5b10803	lb	x16,-165(x2)	  x2:0x80008fd2 x16=0x00000000 PA:0x80008f2d
        5375000	       536	80000eb4	f5b10583	lb	x11,-165(x2)	  x2:0x80008fd2 x11=0x00000000 PA:0x80008f2d
        5385000	       537	80000eb8	f5b10703	lb	x14,-165(x2)	  x2:0x80008fd2 x14=0x00000000 PA:0x80008f2d
        5395000	       538	80000ebc	f2f108a3	sb	x15,-207(x2)	  x2:0x80008fd2 x15:0x00000000 PA:0x80008f03
        5405000	       539	80000ec0	f26108a3	sb	x6,-207(x2)	  x2:0x80008fd2  x6:0x00000331 PA:0x80008f03
        5415000	       540	80000ec4	00000013	addi	x0,x0,0	  x0:0x00000000
        5425000	       541	80000ec8	f3114f83	lbu	x31,-207(x2)	  x2:0x80008fd2 x31=0x00000031 PA:0x80008f03
        5435000	       542	80000ecc	f3110383	lb	x7,-207(x2)	  x2:0x80008fd2  x7=0x00000031 PA:0x80008f03
        5445000	       543	80000ed0	f3114e83	lbu	x29,-207(x2)	  x2:0x80008fd2 x29=0x00000031 PA:0x80008f03
        5455000	       544	80000ed4	f3114803	lbu	x16,-207(x2)	  x2:0x80008fd2 x16=0x00000031 PA:0x80008f03
        5465000	       545	80000ed8	f3f108a3	sb	x31,-207(x2)	  x2:0x80008fd2 x31:0x00000031 PA:0x80008f03
        5475000	       546	80000edc	00008517	auipc	x10,0x8	 x10=0x80008ed8
        5485000	       547	80000ee0	99050513	addi	x10,x10,-1648	 x10:0x80008ed8 x10=0x80008868
        5495000	       548	80000ee4	0f552a23	sw	x21,244(x10)	 x10:0x80008868 x21:0x00000000 PA:0x8000895c
        5505000	       549	80000ee8	3bb3ad13	slti	x26,x7,955	  x7:0x00000031 x26=0x00000001
        5515000	       550	80000eec	04151723	sh	x1,78(x10)	 x10:0x80008868  x1:0x00000000 PA:0x800088b6
        5525000	       551	80000ef0	01e63933	sltu	x18,x12,x30	 x12:0x80009fc4 x30:0x00000000 x18=0x00000000
        5535000	       552	80000ef4	0183bfb3	sltu	x31,x7,x24	  x7:0x00000031 x24:0xdee75000 x31=0x00000001
        5545000	       553	80000ef8	08351923	sh	x3,146(x10)	 x10:0x80008868  x3:0x00000000 PA:0x800088fa
        5555000	       554	80000efc	fe252423	sw	x2,-24(x10)	 x10:0x80008868  x2:0x80008fd2 PA:0x80008850
        5565000	       555	80000f00	fe851103	lh	x2,-24(x10)	 x10:0x80008868  x2=0xffff8fd2 PA:0x80008850
        5575000	       556	80000f04	03754c03	lbu	x24,55(x10)	 x10:0x80008868 x24=0x00000000 PA:0x8000889f
        5585000	       557	80000f08	0094cab3	xor	x21,x9,x9	  x9:0x800083fd  x9:0x800083fd x21=0x00000000
        5595000	       558	80000f0c	01e878b3	and	x17,x16,x30	 x16:0x00000031 x30:0x00000000 x17=0x00000000
        5605000	       559	80000f10	0171de13	srli	x28,x3,0x17	  x3:0x00000000 x28=0x00000000
        5615000	       560	80000f14	fe850b83	lb	x23,-24(x10)	 x10:0x80008868 x23=0xffffffd2 PA:0x80008850
        5625000	       561	80000f18	01a68733	add	x14,x13,x26	 x13:0x00000000 x26:0x00000001 x14=0x00000001
        5635000	       562	80000f1c	fed54403	lbu	x8,-19(x10)	 x10:0x80008868  x8=0x00000000 PA:0x80008855
        5645000	       563	80000f20	06650783	lb	x15,102(x10)	 x10:0x80008868 x15=0x00000000 PA:0x800088ce
        5655000	       564	80000f24	ffb54d83	lbu	x27,-5(x10)	 x10:0x80008868 x27=0x00000000 PA:0x80008863
        5665000	       565	80000f28	00008e97	auipc	x29,0x8	 x29=0x80008f24
        5675000	       566	80000f2c	d0de8e93	addi	x29,x29,-755	 x29:0x80008f24 x29=0x80008c31
        5685000	       567	80000f30	c89e8f23	sb	x9,-866(x29)	 x29:0x80008c31  x9:0x800083fd PA:0x800088cf
        5695000	       568	80000f34	c91e8f23	sb	x17,-866(x29)	 x29:0x80008c31 x17:0x00000000 PA:0x800088cf
        5705000	       569	80000f38	016a27b3	slt	x15,x20,x22	 x20:0x80000000 x22:0x00000000 x15=0x00000001
        5715000	       570	80000f3c	05ee8d23	sb	x30,90(x29)	 x29:0x80008c31 x30:0x00000000 PA:0x80008c8b
        5725000	       571	80000f40	086e8f03	lb	x30,134(x29)	 x29:0x80008c31 x30=0x00000000 PA:0x80008cb7
        5735000	       572	80000f44	26fe9583	lh	x11,623(x29)	 x29:0x80008c31 x11=0x00000000 PA:0x80008ea0
        5745000	       573	80000f48	26fe9803	lh	x16,623(x29)	 x29:0x80008c31 x16=0x00000000 PA:0x80008ea0
        5755000	       574	80000f4c	26fe8983	lb	x19,623(x29)	 x29:0x80008c31 x19=0x00000000 PA:0x80008ea0
        5765000	       575	00000000	00000013	addi	x0,x0,0	  x0:0x00000000
        5775000	       576	80000f50	29b9b393	sltiu	x7,x19,667	 x19:0x00000000  x7=0x00000001
        5785000	       577	80000f54	26bea7a3	sw	x11,623(x29)	 x29:0x80008c31 x11:0x00000000 PA:0x80008ea0
        5795000	       578	80000f58	23ce9ea3	sh	x28,573(x29)	 x29:0x80008c31 x28:0x00000000 PA:0x80008e6e
        5805000	       579	80000f5c	23decb83	lbu	x23,573(x29)	 x29:0x80008c31 x23=0x00000000 PA:0x80008e6e
        5815000	       580	80000f60	cbaec303	lbu	x6,-838(x29)	 x29:0x80008c31  x6=0x00000000 PA:0x800088eb
        5825000	       581	80000f64	290ec503	lbu	x10,656(x29)	 x29:0x80008c31 x10=0x00000000 PA:0x80008ec1
        5835000	       582	80000f68	0d2e8d23	sb	x18,218(x29)	 x29:0x80008c31 x18:0x00000000 PA:0x80008d0b
        5845000	       583	80000f6c	c06ec803	lbu	x16,-1018(x29)	 x29:0x80008c31 x16=0x00000000 PA:0x80008837
        5855000	       584	80000f70	00008717	auipc	x14,0x8	 x14=0x80008f6c
        5865000	       585	80000f74	e8370713	addi	x14,x14,-381	 x14:0x80008f6c x14=0x80008def
        5875000	       586	80000f78	005704a3	sb	x5,9(x14)	 x14:0x80008def  x5:0x00000000 PA:0x80008df8
        5885000	       587	80000f7c	0035ceb3	xor	x29,x11,x3	 x11:0x00000000  x3:0x00000000 x29=0x00000000
        5895000	       588	80000f80	ffa74103	lbu	x2,-6(x14)	 x14:0x80008def  x2=0x00000000 PA:0x80008de9
        5905000	       589	00000000	00000013	addi	x0,x0,0	  x0:0x00000000
        5915000	       590	80000f84	16417d93	andi	x27,x2,356	  x2:0x00000000 x27=0x00000000
        5925000	       591	80000f88	ff674803	lbu	x16,-10(x14)	 x14:0x80008def x16=0x00000000 PA:0x80008de5
        5935000	       592	80000f8c	ffc70d83	lb	x27,-4(x14)	 x14:0x80008def x27=0x00000000 PA:0x80008deb
        5945000	       593	80000f90	00626fb3	or	x31,x4,x6	  x4:0x80009f4c  x6:0x00000000 x31=0x80009f4c
        5955000	       594	80000f94	01715793	srli	x15,x2,0x17	  x2:0x00000000 x15=0x00000000
        5965000	       595	80000f98	00d70d03	lb	x26,13(x14)	 x14:0x80008def x26=0x00000000 PA:0x80008dfc
        5975000	       596	80000f9c	ffd71803	lh	x16,-3(x14)	 x14:0x80008def x16=0x00000000 PA:0x80008dec
        5985000	       597	80000fa0	41abd693	srai	x13,x23,0x1a	 x23:0x00000000 x13=0x00000000
        5995000	       598	80000fa4	41e6d993	srai	x19,x13,0x1e	 x13:0x00000000 x19=0x00000000
        6005000	       599	80000fa8	008825b3	slt	x11,x16,x8	 x16:0x00000000  x8:0x00000000 x11=0x00000000
        6015000	       600	80000fac	fe1728a3	sw	x1,-15(x14)	 x14:0x80008def  x1:0x00000000 PA:0x80008de0
        6025000	       601	80000fb0	00b6a9b3	slt	x19,x13,x11	 x13:0x00000000 x11:0x00000000 x19=0x00000000
        6035000	       602	80000fb4	64903293	sltiu	x5,x0,1609	  x0:0x00000000  x5=0x00000001
        6045000	       603	80000fb8	4175dd33	sra	x26,x11,x23	 x11:0x00000000 x23:0x00000000 x26=0x00000000
        6055000	       604	80000fbc	407b5d33	sra	x26,x22,x7	 x22:0x00000000  x7:0x00000001 x26=0x00000000
        6065000	       605	80000fc0	e46aba93	sltiu	x21,x21,-442	 x21:0x00000000 x21=0x00000001
        6075000	       606	80000fc4	0240e013	ori	x0,x1,36	  x1:0x00000000
        6085000	       607	80000fc8	00870c03	lb	x24,8(x14)	 x14:0x80008def x24=0x00000000 PA:0x80008df7
        6095000	       608	80000fcc	19496f13	ori	x30,x18,404	 x18:0x00000000 x30=0x00000194
        6105000	       609	80000fd0	00be3db3	sltu	x27,x28,x11	 x28:0x00000000 x11:0x00000000 x27=0x00000000
        6115000	       610	80000fd4	15a3f793	andi	x15,x7,346	  x7:0x00000001 x15=0x00000000
        6125000	       611	80000fd8	007e9093	slli	x1,x29,0x7	 x29:0x00000000  x1=0x00000000
        6135000	       612	80000fdc	40855533	sra	x10,x10,x8	 x10:0x00000000  x8:0x00000000 x10=0x00000000
        6145000	       613	80000fe0	014726a3	sw	x20,13(x14)	 x14:0x80008def x20:0x80000000 PA:0x80008dfc
        6155000	       614	80000fe4	4346db37	lui	x22,0x4346d	 x22=0x4346d000
        6165000	       615	80000fe8	bd1c6c13	ori	x24,x24,-1071	 x24:0x00000000 x24=0xfffffbd1
        6175000	       616	80000fec	00c70783	lb	x15,12(x14)	 x14:0x80008def x15=0x00000000 PA:0x80008dfb
        6185000	       617	80000ff0	ba8a6b13	ori	x22,x20,-1112	 x20:0x80000000 x22=0xfffffba8
        6195000	       618	80000ff4	4047dcb3	sra	x25,x15,x4	 x15:0x00000000  x4:0x80009f4c x25=0x00000000
        6205000	       619	80000ff8	8bb0fb93	andi	x23,x1,-1861	  x1:0x00000000 x23=0x00000000
        6215000	       620	80000ffc	008446b3	xor	x13,x8,x8	  x8:0x00000000  x8:0x00000000 x13=0x00000000
        6225000	       621	80001000	fe784e17	auipc	x28,0xfe784	 x28=0x7e784ffc
        6235000	       622	80001004	01a703a3	sb	x26,7(x14)	 x14:0x80008def x26:0x00000000 PA:0x80008df6
        6245000	       623	80001008	017703a3	sb	x23,7(x14)	 x14:0x80008def x23:0x00000000 PA:0x80008df6
        6255000	       624	8000100c	ff670a23	sb	x22,-12(x14)	 x14:0x80008def x22:0xfffffba8 PA:0x80008de3
        6265000	       625	80001010	00007497	auipc	x9,0x7	  x9=0x8000800c
        6275000	       626	80001014	54048493	addi	x9,x9,1344	  x9:0x8000800c  x9=0x8000854c
        6285000	       627	80001018	00000013	addi	x0,x0,0	  x0:0x00000000
        6295000	       628	8000101c	ab966893	ori	x17,x12,-1351	 x12:0x80009fc4 x17=0xfffffffd
        6305000	       629	80001020	fe9487a3	sb	x9,-17(x9)	  x9:0x8000854c  x9:0x8000854c PA:0x8000853b
        6315000	       630	80001024	0314c303	lbu	x6,49(x9)	  x9:0x8000854c  x6=0x00000000 PA:0x8000857d
        6325000	       631	80001028	0114ce83	lbu	x29,17(x9)	  x9:0x8000854c x29=0x00000000 PA:0x8000855d
        6335000	       632	8000102c	dc89e397	auipc	x7,0xdc89e	  x7=0x5c89f028
        6345000	       633	80001030	41a8d713	srai	x14,x17,0x1a	 x17:0xfffffffd x14=0xffffffff
        6355000	       634	80001034	e9ec7093	andi	x1,x24,-354	 x24:0xfffffbd1  x1=0xfffffa90
        6365000	       635	80001038	02248983	lb	x19,34(x9)	  x9:0x8000854c x19=0x00000000 PA:0x8000856e
        6375000	       636	8000103c	00000013	addi	x0,x0,0	  x0:0x00000000
        6385000	       637	80001040	f403e017	auipc	x0,0xf403e	
        6395000	       638	80001044	ffd48ea3	sb	x29,-3(x9)	  x9:0x8000854c x29:0x00000000 PA:0x80008549
        6405000	       639	80001048	0404d983	lhu	x19,64(x9)	  x9:0x8000854c x19=0x00000000 PA:0x8000858c
        6415000	       640	8000104c	41c15313	srai	x6,x2,0x1c	  x2:0x00000000  x6=0x00000000
        6425000	       641	80001050	fe6d8113	addi	x2,x27,-26	 x27:0x00000000  x2=0xffffffe6
        6435000	       642	80001054	02b48583	lb	x11,43(x9)	  x9:0x8000854c x11=0x00000000 PA:0x80008577
        6445000	       643	80001058	cc998797	auipc	x15,0xcc998	 x15=0x4c999054
        6455000	       644	8000105c	00cd5d13	srli	x26,x26,0xc	 x26:0x00000000 x26=0x00000000
        6465000	       645	80001060	413d8033	sub	x0,x27,x19	 x27:0x00000000 x19:0x00000000
        6475000	       646	80001064	02d48003	lb	x0,45(x9)	  x9:0x8000854c PA:0x80008579
        6485000	       647	80001068	0baca513	slti	x10,x25,186	 x25:0x00000000 x10=0x00000001
        6495000	       648	8000106c	40dcd813	srai	x16,x25,0xd	 x25:0x00000000 x16=0x00000000
        6505000	       649	80001070	ff84c983	lbu	x19,-8(x9)	  x9:0x8000854c x19=0x00000000 PA:0x80008544
        6515000	       650	80001074	011238b3	sltu	x17,x4,x17	  x4:0x80009f4c x17:0xfffffffd x17=0x00000001
        6525000	       651	80001078	fc64d503	lhu	x10,-58(x9)	  x9:0x8000854c x10=0x00000000 PA:0x80008512
        6535000	       652	8000107c	00000013	addi	x0,x0,0	  x0:0x00000000
        6545000	       653	80001080	00c9fe33	and	x28,x19,x12	 x19:0x00000000 x12:0x80009fc4 x28=0x00000000
        6555000	       654	80001084	0117beb3	sltu	x29,x15,x17	 x15:0x4c999054 x17:0x00000001 x29=0x00000000
        6565000	       655	80001088	037480a3	sb	x23,33(x9)	  x9:0x8000854c x23:0x00000000 PA:0x8000856d
        6575000	       656	8000108c	01f4cf03	lbu	x30,31(x9)	  x9:0x8000854c x30=0x00000000 PA:0x8000856b
        6585000	       657	80001090	00b868b3	or	x17,x16,x11	 x16:0x00000000 x11:0x00000000 x17=0x00000000
        6595000	       658	80001094	02548983	lb	x19,37(x9)	  x9:0x8000854c x19=0x00000000 PA:0x80008571
        6605000	       659	80001098	4122dd33	sra	x26,x5,x18	  x5:0x00000001 x18:0x00000000 x26=0x00000001
        6615000	       660	8000109c	59a77c13	andi	x24,x14,1434	 x14:0xffffffff x24=0x0000059a
        6625000	       661	800010a0	3d0ff8b7	lui	x17,0x3d0ff	 x17=0x3d0ff000
        6635000	       662	800010a4	00ae5433	srl	x8,x28,x10	 x28:0x00000000 x10:0x00000000  x8=0x00000000
        6645000	       663	800010a8	0144d383	lhu	x7,20(x9)	  x9:0x8000854c  x7=0x00000000 PA:0x80008560
        6655000	       664	800010ac	fe548823	sb	x5,-16(x9)	  x9:0x8000854c  x5:0x00000001 PA:0x8000853c
        6665000	       665	800010b0	379d3593	sltiu	x11,x26,889	 x26:0x00000001 x11=0x00000001
        6675000	       666	800010b4	03248623	sb	x18,44(x9)	  x9:0x8000854c x18:0x00000000 PA:0x80008578
        6685000	       667	800010b8	fd948803	lb	x16,-39(x9)	  x9:0x8000854c x16=0x00000000 PA:0x80008525
        6695000	       668	800010bc	03c4a303	lw	x6,60(x9)	  x9:0x8000854c  x6=0x00000000 PA:0x80008588
        6705000	       669	800010c0	8d680413	addi	x8,x16,-1834	 x16:0x00000000  x8=0xfffff8d6
        6715000	       670	800010c4	00548a23	sb	x5,20(x9)	  x9:0x8000854c  x5:0x00000001 PA:0x80008560
        6725000	       671	800010c8	00648ca3	sb	x6,25(x9)	  x9:0x8000854c  x6:0x00000000 PA:0x80008565
        6735000	       672	800010cc	fc24a423	sw	x2,-56(x9)	  x9:0x8000854c  x2:0xffffffe6 PA:0x80008514
        6745000	       673	800010d0	bd8ea713	slti	x14,x29,-1064	 x29:0x00000000 x14=0x00000000
        6755000	       674	800010d4	feb48aa3	sb	x11,-11(x9)	  x9:0x8000854c x11:0x00000001 PA:0x80008541
        6765000	       675	800010d8	3e4e2897	auipc	x17,0x3e4e2	 x17=0xbe4e30d4
        6775000	       676	800010dc	0334c783	lbu	x15,51(x9)	  x9:0x8000854c x15=0x00000000 PA:0x8000857f
        6785000	       677	800010e0	0204ce03	lbu	x28,32(x9)	  x9:0x8000854c x28=0x00000000 PA:0x8000856c
        6795000	       678	800010e4	01892333	slt	x6,x18,x24	 x18:0x00000000 x24:0x0000059a  x6=0x00000001
        6805000	       679	800010e8	07f84263	blt	x16,x31,8000114c	 x16:0x00000000 x31:0x80009f4c
        6815000	       680	800010ec	018f98b3	sll	x17,x31,x24	 x31:0x80009f4c x24:0x0000059a x17=0x30000000
        6825000	       681	800010f0	00007e97	auipc	x29,0x7	 x29=0x800080ec
        6835000	       682	800010f4	3dae8e93	addi	x29,x29,986	 x29:0x800080ec x29=0x800084c6
        6845000	       683	800010f8	00007297	auipc	x5,0x7	  x5=0x800080f4
        6855000	       684	800010fc	fc528293	addi	x5,x5,-59	  x5:0x800080f4  x5=0x800080b9
        6865000	       685	80001100	004ed783	lhu	x15,4(x29)	 x29:0x800084c6 x15=0x00000000 PA:0x800084ca
        6875000	       686	80001104	2032c703	lbu	x14,515(x5)	  x5:0x800080b9 x14=0x00000000 PA:0x800082bc
        6885000	       687	80001108	ffee8183	lb	x3,-2(x29)	 x29:0x800084c6  x3=0x00000000 PA:0x800084c4
        6895000	       688	8000110c	00ce8f83	lb	x31,12(x29)	 x29:0x800084c6 x31=0x00000000 PA:0x800084d2
        6905000	       689	80001110	0d528303	lb	x6,213(x5)	  x5:0x800080b9  x6=0x00000000 PA:0x8000818e
        6915000	       690	80001114	0c22c183	lbu	x3,194(x5)	  x5:0x800080b9  x3=0x00000000 PA:0x8000817b
        6925000	       691	80001118	006ec883	lbu	x17,6(x29)	 x29:0x800084c6 x17=0x00000000 PA:0x800084cc
        6935000	       692	8000111c	1882c583	lbu	x11,392(x5)	  x5:0x800080b9 x11=0x00000000 PA:0x80008241
        6945000	       693	80001120	006ed803	lhu	x16,6(x29)	 x29:0x800084c6 x16=0x00000000 PA:0x800084cc
        6955000	       694	80001124	5b228aa3	sb	x18,1461(x5)	  x5:0x800080b9 x18:0x00000000 PA:0x8000866e
        6965000	       695	80001128	005e8523	sb	x5,10(x29)	 x29:0x800084c6  x5:0x800080b9 PA:0x800084d0
        6975000	       696	8000112c	fa0298a3	sh	x0,-79(x5)	  x5:0x800080b9  x0:0x00000000 PA:0x8000806a
        6985000	       697	80001130	007e8123	sb	x7,2(x29)	 x29:0x800084c6  x7:0x00000000 PA:0x800084c8
        6995000	       698	80001134	01fe8423	sb	x31,8(x29)	 x29:0x800084c6 x31:0x00000000 PA:0x800084ce
        7005000	       699	80001138	30e28d03	lb	x26,782(x5)	  x5:0x800080b9 x26=0x00000000 PA:0x800083c7
        7015000	       700	8000113c	40920033	sub	x0,x4,x9	  x4:0x80009f4c  x9:0x8000854c
        7025000	       701	80001140	0db07193	andi	x3,x0,219	  x0:0x00000000  x3=0x00000000
        7035000	       702	80001144	019098b3	sll	x17,x1,x25	  x1:0xfffffa90 x25:0x00000000 x17=0xfffffa90
        7045000	       703	80001148	338e6c93	ori	x25,x28,824	 x28:0x00000000 x25=0x00000338
        7055000	       704	8000114c	0024e8b3	or	x17,x9,x2	  x9:0x8000854c  x2:0xffffffe6 x17=0xffffffee
        7065000	       705	80001150	715bf313	andi	x6,x23,1813	 x23:0x00000000  x6=0x00000000
        7075000	       706	80001154	00000013	addi	x0,x0,0	  x0:0x00000000
        7085000	       707	80001158	01f21933	sll	x18,x4,x31	  x4:0x80009f4c x31:0x00000000 x18=0x80009f4c
        7095000	       708	8000115c	00759a63	bne	x11,x7,80001170	 x11:0x00000000  x7:0x00000000
        7105000	       709	80001160	04a40263	beq	x8,x10,800011a4	  x8:0xfffff8d6 x10:0x00000000
        7115000	       710	80001164	03934463	blt	x6,x25,8000118c	  x6:0x00000000 x25:0x00000338
        7125000	       711	00000000	00000013	addi	x0,x0,0	  x0:0x00000000
        7135000	       712	80001188	00000013	addi	x0,x0,0	  x0:0x00000000
        7145000	       713	8000118c	03bb8e63	beq	x23,x27,800011c8	 x23:0x00000000 x27:0x00000000
        7155000	       714	00000000	00000013	addi	x0,x0,0	  x0:0x00000000
        7165000	       715	800011c4	00000013	addi	x0,x0,0	  x0:0x00000000
        7175000	       716	800011c8	0b17f913	andi	x18,x15,177	 x15:0x00000000 x18=0x00000000
        7185000	       717	800011cc	03d90663	beq	x18,x29,800011f8	 x18:0x00000000 x29:0x800084c6
        7195000	       718	800011d0	014674b3	and	x9,x12,x20	 x12:0x80009fc4 x20:0x80000000  x9=0x80000000
        7205000	       719	800011d4	4154dd13	srai	x26,x9,0x15	  x9:0x80000000 x26=0xfffffc00
        7215000	       720	800011d8	bbb04493	xori	x9,x0,-1093	  x0:0x00000000  x9=0xfffffbbb
        7225000	       721	800011dc	6d4d9c97	auipc	x25,0x6d4d9	 x25=0xed4da1d8
        7235000	       722	800011e0	009f0833	add	x16,x30,x9	 x30:0x00000000  x9:0xfffffbbb x16=0xfffffbbb
        7245000	       723	800011e4	01dd8863	beq	x27,x29,800011f4	 x27:0x00000000 x29:0x800084c6
        7255000	       724	800011e8	01d61713	slli	x14,x12,0x1d	 x12:0x80009fc4 x14=0x80000000
        7265000	       725	800011ec	02328e63	beq	x5,x3,80001228	  x5:0x800080b9  x3:0x00000000
        7275000	       726	800011f0	47917e93	andi	x29,x2,1145	  x2:0xffffffe6 x29=0x00000460
        7285000	       727	800011f4	01daef33	or	x30,x21,x29	 x21:0x00000001 x29:0x00000460 x30=0x00000461
        7295000	       728	800011f8	a986c713	xori	x14,x13,-1384	 x13:0x00000000 x14=0xfffffa98
        7305000	       729	800011fc	019f6eb3	or	x29,x30,x25	 x30:0x00000461 x25:0xed4da1d8 x29=0xed4da5f9
        7315000	       730	80001200	2e84ad13	slti	x26,x9,744	  x9:0xfffffbbb x26=0x00000001
        7325000	       731	80001204	7faa6a97	auipc	x21,0x7faa6	 x21=0xffaa7200
        7335000	       732	80001208	056ef263	bgeu	x29,x22,8000124c	 x29:0xed4da5f9 x22:0xfffffba8
        7345000	       733	8000120c	0140aab3	slt	x21,x1,x20	  x1:0xfffffa90 x20:0x80000000 x21=0x00000000
        7355000	       734	80001210	aa28fa93	andi	x21,x17,-1374	 x17:0xffffffee x21=0xfffffaa2
        7365000	       735	80001214	00a31813	slli	x16,x6,0xa	  x6:0x00000000 x16=0x00000000
        7375000	       736	80001218	cac067b7	lui	x15,0xcac06	 x15=0xcac06000
        7385000	       737	8000121c	00f09e33	sll	x28,x1,x15	  x1:0xfffffa90 x15:0xcac06000 x28=0xfffffa90
        7395000	       738	80001220	40d75c33	sra	x24,x14,x13	 x14:0xfffffa98 x13:0x00000000 x24=0xfffffa98
        7405000	       739	80001224	632b7893	andi	x17,x22,1586	 x22:0xfffffba8 x17=0x00000220
        7415000	       740	80001228	01ef7db3	and	x27,x30,x30	 x30:0x00000461 x30:0x00000461 x27=0x00000461
        7425000	       741	8000122c	05dfe463	bltu	x31,x29,80001274	 x31:0x00000000 x29:0xed4da5f9
        7435000	       742	00000000	00000013	addi	x0,x0,0	  x0:0x00000000
        7445000	       743	80001270	00000013	addi	x0,x0,0	  x0:0x00000000
        7455000	       744	80001274	00554cb3	xor	x25,x10,x5	 x10:0x00000000  x5:0x800080b9 x25=0x800080b9
        7465000	       745	80001278	32ea9b37	lui	x22,0x32ea9	 x22=0x32ea9000
        7475000	       746	8000127c	00000013	addi	x0,x0,0	  x0:0x00000000
        7485000	       747	80001280	dcca2093	slti	x1,x20,-564	 x20:0x80000000  x1=0x00000001
        7495000	       748	80001284	e2197013	andi	x0,x18,-479	 x18:0x00000000
        7505000	       749	80001288	0167e433	or	x8,x15,x22	 x15:0xcac06000 x22:0x32ea9000  x8=0xfaeaf000
        7515000	       750	8000128c	0c775863	bge	x14,x7,8000135c	 x14:0xfffffa98  x7:0x00000000
        7525000	       751	80001290	004d20b3	slt	x1,x26,x4	 x26:0x00000001  x4:0x80009f4c  x1=0x00000000
        7535000	       752	80001294	02d34a63	blt	x6,x13,800012c8	  x6:0x00000000 x13:0x00000000
        7545000	       753	80001298	034bea63	bltu	x23,x20,800012cc	 x23:0x00000000 x20:0x80000000
        7555000	       754	00000000	00000013	addi	x0,x0,0	  x0:0x00000000
        7565000	       755	800012c8	00000013	addi	x0,x0,0	  x0:0x00000000
        7575000	       756	800012cc	01e941b3	xor	x3,x18,x30	 x18:0x00000000 x30:0x00000461  x3=0x00000461
        7585000	       757	800012d0	08306a63	bltu	x0,x3,80001364	  x0:0x00000000  x3:0x00000461
        7595000	       758	00000000	00000013	addi	x0,x0,0	  x0:0x00000000
        7605000	       759	80001360	00000013	addi	x0,x0,0	  x0:0x00000000
        7615000	       760	80001364	a069f0b7	lui	x1,0xa069f	  x1=0xa069f000
        7625000	       761	80001368	85a77d13	andi	x26,x14,-1958	 x14:0xfffffa98 x26=0xfffff818
        7635000	       762	8000136c	2d7d7d13	andi	x26,x26,727	 x26:0xfffff818 x26=0x00000010
        7645000	       763	80001370	00ed09b3	add	x19,x26,x14	 x26:0x00000010 x14:0xfffffa98 x19=0xfffffaa8
        7655000	       764	80001374	01bbd433	srl	x8,x23,x27	 x23:0x00000000 x27:0x00000461  x8=0x00000000
        7665000	       765	80001378	00868e33	add	x28,x13,x8	 x13:0x00000000  x8:0x00000000 x28=0x00000000
        7675000	       766	8000137c	00384333	xor	x6,x16,x3	 x16:0x00000000  x3:0x00000461  x6=0x00000461
        7685000	       767	80001380	04266663	bltu	x12,x2,800013cc	 x12:0x80009fc4  x2:0xffffffe6
        7695000	       768	00000000	00000013	addi	x0,x0,0	  x0:0x00000000
        7705000	       769	800013c8	00000013	addi	x0,x0,0	  x0:0x00000000
        7715000	       770	800013cc	009326b3	slt	x13,x6,x9	  x6:0x00000461  x9:0xfffffbbb x13=0x00000000
        7725000	       771	800013d0	03dbd863	bge	x23,x29,80001400	 x23:0x00000000 x29:0xed4da5f9
        7735000	       772	00000000	00000013	addi	x0,x0,0	  x0:0x00000000
        7745000	       773	800013fc	00000013	addi	x0,x0,0	  x0:0x00000000
        7755000	       774	80001400	00176f33	or	x30,x14,x1	 x14:0xfffffa98  x1:0xa069f000 x30=0xfffffa98
        7765000	       775	80001404	385e7913	andi	x18,x28,901	 x28:0x00000000 x18=0x00000000
        7775000	       776	80001408	0108ceb3	xor	x29,x17,x16	 x17:0x00000220 x16:0x00000000 x29=0x00000220
        7785000	       777	8000140c	40d7d033	sra	x0,x15,x13	 x15:0xcac06000 x13:0x00000000
        7795000	       778	80001410	81676c13	ori	x24,x14,-2026	 x14:0xfffffa98 x24=0xfffffa9e
        7805000	       779	80001414	a343ab93	slti	x23,x7,-1484	  x7:0x00000000 x23=0x00000000
        7815000	       780	80001418	00dfdf33	srl	x30,x31,x13	 x31:0x00000000 x13:0x00000000 x30=0x00000000
        7825000	       781	8000141c	01629013	slli	x0,x5,0x16	  x5:0x800080b9
        7835000	       782	80001420	0257d863	bge	x15,x5,80001450	 x15:0xcac06000  x5:0x800080b9
        7845000	       783	00000000	00000013	addi	x0,x0,0	  x0:0x00000000
        7855000	       784	8000144c	00000013	addi	x0,x0,0	  x0:0x00000000
        7865000	       785	80001450	0145e1b3	or	x3,x11,x20	 x11:0x00000000 x20:0x80000000  x3=0x80000000
        7875000	       786	80001454	00000013	addi	x0,x0,0	  x0:0x00000000
        7885000	       787	80001458	01554d33	xor	x26,x10,x21	 x10:0x00000000 x21:0xfffffaa2 x26=0xfffffaa2
        7895000	       788	8000145c	00b58e33	add	x28,x11,x11	 x11:0x00000000 x11:0x00000000 x28=0x00000000
        7905000	       789	80001460	004bd433	srl	x8,x23,x4	 x23:0x00000000  x4:0x80009f4c  x8=0x00000000
        7915000	       790	80001464	0196d1b3	srl	x3,x13,x25	 x13:0x00000000 x25:0x800080b9  x3=0x00000000
        7925000	       791	80001468	05d21463	bne	x4,x29,800014b0	  x4:0x80009f4c x29:0x00000220
        7935000	       792	00000000	00000013	addi	x0,x0,0	  x0:0x00000000
        7945000	       793	800014ac	00000013	addi	x0,x0,0	  x0:0x00000000
        7955000	       794	800014b0	17db7413	andi	x8,x22,381	 x22:0x32ea9000  x8=0x00000000
        7965000	       795	800014b4	019b9f33	sll	x30,x23,x25	 x23:0x00000000 x25:0x800080b9 x30=0x00000000
        7975000	       796	800014b8	0136dfb3	srl	x31,x13,x19	 x13:0x00000000 x19:0xfffffaa8 x31=0x00000000
        7985000	       797	800014bc	00c52cb3	slt	x25,x10,x12	 x10:0x00000000 x12:0x80009fc4 x25=0x00000000
        7995000	       798	800014c0	00a23333	sltu	x6,x4,x10	  x4:0x80009f4c x10:0x00000000  x6=0x00000000
        8005000	       799	800014c4	01867bb3	and	x23,x12,x24	 x12:0x80009fc4 x24:0xfffffa9e x23=0x80009a84
        8015000	       800	800014c8	17fb2393	slti	x7,x22,383	 x22:0x32ea9000  x7=0x00000000
        8025000	       801	800014cc	00109b33	sll	x22,x1,x1	  x1:0xa069f000  x1:0xa069f000 x22=0xa069f000
        8035000	       802	800014d0	02f15663	bge	x2,x15,800014fc	  x2:0xffffffe6 x15:0xcac06000
        8045000	       803	00000000	00000013	addi	x0,x0,0	  x0:0x00000000
        8055000	       804	800014f8	00000013	addi	x0,x0,0	  x0:0x00000000
        8065000	       805	800014fc	05447263	bgeu	x8,x20,80001540	  x8:0x00000000 x20:0x80000000
        8075000	       806	80001500	00b63733	sltu	x14,x12,x11	 x12:0x80009fc4 x11:0x00000000 x14=0x00000000
        8085000	       807	80001504	8de7b813	sltiu	x16,x15,-1826	 x15:0xcac06000 x16=0x00000001
        8095000	       808	80001508	f1c000b7	lui	x1,0xf1c00	  x1=0xf1c00000
        8105000	       809	8000150c	14196f13	ori	x30,x18,321	 x18:0x00000000 x30=0x00000141
        8115000	       810	80001510	4089d1b3	sra	x3,x19,x8	 x19:0xfffffaa8  x8:0x00000000  x3=0xfffffaa8
        8125000	       811	80001514	01665733	srl	x14,x12,x22	 x12:0x80009fc4 x22:0xa069f000 x14=0x80009fc4
        8135000	       812	80001518	00b71eb3	sll	x29,x14,x11	 x14:0x80009fc4 x11:0x00000000 x29=0x80009fc4
        8145000	       813	8000151c	016114b3	sll	x9,x2,x22	  x2:0xffffffe6 x22:0xa069f000  x9=0xffffffe6
        8155000	       814	80001520	24036e13	ori	x28,x6,576	  x6:0x00000000 x28=0x00000240
        8165000	       815	80001524	03130863	beq	x6,x17,80001554	  x6:0x00000000 x17:0x00000220
        8175000	       816	80001528	0297ce63	blt	x15,x9,80001564	 x15:0xcac06000  x9:0xffffffe6
        8185000	       817	00000000	00000013	addi	x0,x0,0	  x0:0x00000000
        8195000	       818	80001560	00000013	addi	x0,x0,0	  x0:0x00000000
        8205000	       819	80001564	e0c00893	addi	x17,x0,-500	  x0:0x00000000 x17=0xfffffe0c
        8215000	       820	80001568	01b99cb3	sll	x25,x19,x27	 x19:0xfffffaa8 x27:0x00000461 x25=0xfffff550
        8225000	       821	8000156c	04aff263	bgeu	x31,x10,800015b0	 x31:0x00000000 x10:0x00000000
        8235000	       822	00000000	00000013	addi	x0,x0,0	  x0:0x00000000
        8245000	       823	800015ac	00000013	addi	x0,x0,0	  x0:0x00000000
        8255000	       824	800015b0	01ad9e93	slli	x29,x27,0x1a	 x27:0x00000461 x29=0x84000000
        8265000	       825	800015b4	3479a993	slti	x19,x19,839	 x19:0xfffffaa8 x19=0x00000001
        8275000	       826	800015b8	b3444597	auipc	x11,0xb3444	 x11=0x334455b4
        8285000	       827	800015bc	41585f93	srai	x31,x16,0x15	 x16:0x00000001 x31=0x00000000
        8295000	       828	800015c0	014adb13	srli	x22,x21,0x14	 x21:0xfffffaa2 x22=0x00000fff
        8305000	       829	800015c4	e887fa93	andi	x21,x15,-376	 x15:0xcac06000 x21=0xcac06000
        8315000	       830	800015c8	0123beb3	sltu	x29,x7,x18	  x7:0x00000000 x18:0x00000000 x29=0x00000000
        8325000	       831	800015cc	41398133	sub	x2,x19,x19	 x19:0x00000001 x19:0x00000001  x2=0x00000000
        8335000	       832	800015d0	01ceaab3	slt	x21,x29,x28	 x29:0x00000000 x28:0x00000240 x21=0x00000001
        8345000	       833	800015d4	f8997513	andi	x10,x18,-119	 x18:0x00000000 x10=0x00000000
        8355000	       834	800015d8	01752833	slt	x16,x10,x23	 x10:0x00000000 x23:0x80009a84 x16=0x00000000
        8365000	       835	800015dc	0451d863	bge	x3,x5,8000162c	  x3:0xfffffaa8  x5:0x800080b9
        8375000	       836	00000000	00000013	addi	x0,x0,0	  x0:0x00000000
        8385000	       837	80001628	00000013	addi	x0,x0,0	  x0:0x00000000
        8395000	       838	8000162c	03defa63	bgeu	x29,x29,80001660	 x29:0x00000000 x29:0x00000000
        8405000	       839	00000000	00000013	addi	x0,x0,0	  x0:0x00000000
        8415000	       840	8000165c	00000013	addi	x0,x0,0	  x0:0x00000000
        8425000	       841	80001660	03c11863	bne	x2,x28,80001690	  x2:0x00000000 x28:0x00000240
        8435000	       842	00000000	00000013	addi	x0,x0,0	  x0:0x00000000
        8445000	       843	8000168c	00000013	addi	x0,x0,0	  x0:0x00000000
        8455000	       844	80001690	3ad0e993	ori	x19,x1,941	  x1:0xf1c00000 x19=0xf1c003ad
        8465000	       845	80001694	01700433	add	x8,x0,x23	  x0:0x00000000 x23:0x80009a84  x8=0x80009a84
        8475000	       846	80001698	0ab25863	bge	x4,x11,80001748	  x4:0x80009f4c x11:0x334455b4
        8485000	       847	8000169c	01b694b3	sll	x9,x13,x27	 x13:0x00000000 x27:0x00000461  x9=0x00000000
        8495000	       848	800016a0	0b411463	bne	x2,x20,80001748	  x2:0x00000000 x20:0x80000000
        8505000	       849	00000000	00000013	addi	x0,x0,0	  x0:0x00000000
        8515000	       850	80001744	00000013	addi	x0,x0,0	  x0:0x00000000
        8525000	       851	80001748	9e8999b7	lui	x19,0x9e899	 x19=0x9e899000
        8535000	       852	8000174c	82b28093	addi	x1,x5,-2005	  x5:0x800080b9  x1=0x800078e4
        8545000	       853	80001750	07fe6917	auipc	x18,0x7fe6	 x18=0x87fe774c
        8555000	       854	80001754	05d9f263	bgeu	x19,x29,80001798	 x19:0x9e899000 x29:0x00000000
        8565000	       855	00000000	00000013	addi	x0,x0,0	  x0:0x00000000
        8575000	       856	80001794	00000013	addi	x0,x0,0	  x0:0x00000000
        8585000	       857	80001798	c7f0ef13	ori	x30,x1,-897	  x1:0x800078e4 x30=0xfffffcff
        8595000	       858	8000179c	e4fbf5b7	lui	x11,0xe4fbf	 x11=0xe4fbf000
        8605000	       859	800017a0	5056d297	auipc	x5,0x5056d	  x5=0xd056e79c
        8615000	       860	800017a4	ec33a113	slti	x2,x7,-317	  x7:0x00000000  x2=0x00000000
        8625000	       861	800017a8	05bab3b7	lui	x7,0x5bab	  x7=0x05bab000
        8635000	       862	800017ac	416f5ab3	sra	x21,x30,x22	 x30:0xfffffcff x22:0x00000fff x21=0xffffffff
        8645000	       863	800017b0	03bbfa63	bgeu	x23,x27,800017e4	 x23:0x80009a84 x27:0x00000461
        8655000	       864	00000000	00000013	addi	x0,x0,0	  x0:0x00000000
        8665000	       865	800017e0	00000013	addi	x0,x0,0	  x0:0x00000000
        8675000	       866	800017e4	b5044313	xori	x6,x8,-1200	  x8:0x80009a84  x6=0x7fff61d4
        8685000	       867	800017e8	41c45133	sra	x2,x8,x28	  x8:0x80009a84 x28:0x00000240  x2=0x80009a84
        8695000	       868	800017ec	01c5db33	srl	x22,x11,x28	 x11:0xe4fbf000 x28:0x00000240 x22=0xe4fbf000
        8705000	       869	800017f0	05691863	bne	x18,x22,80001840	 x18:0x87fe774c x22:0xe4fbf000
        8715000	       870	00000000	00000013	addi	x0,x0,0	  x0:0x00000000
        8725000	       871	8000183c	00000013	addi	x0,x0,0	  x0:0x00000000
        8735000	       872	80001840	412b5833	sra	x16,x22,x18	 x22:0xe4fbf000 x18:0x87fe774c x16=0xfffe4fbf
        8745000	       873	80001844	00007c97	auipc	x25,0x7	 x25=0x80008840
        8755000	       874	80001848	1f1c8c93	addi	x25,x25,497	 x25:0x80008840 x25=0x80008a31
        8765000	       875	8000184c	00007697	auipc	x13,0x7	 x13=0x80008848
        8775000	       876	80001850	5b068693	addi	x13,x13,1456	 x13:0x80008848 x13=0x80008df8
        8785000	       877	80001854	00007717	auipc	x14,0x7	 x14=0x80008850
        8795000	       878	80001858	0d470713	addi	x14,x14,212	 x14:0x80008850 x14=0x80008924
        8805000	       879	8000185c	c6f683a3	sb	x15,-921(x13)	 x13:0x80008df8 x15:0xcac06000 PA:0x80008a5f
        8815000	       880	80001860	00007a97	auipc	x21,0x7	 x21=0x8000885c
        8825000	       881	80001864	68ca8a93	addi	x21,x21,1676	 x21:0x8000885c x21=0x80008ee8
        8835000	       882	80001868	ffdcdd03	lhu	x26,-3(x25)	 x25:0x80008a31 x26=0x00000000 PA:0x80008a2e
        8845000	       883	8000186c	1e06a103	lw	x2,480(x13)	 x13:0x80008df8  x2=0x00000000 PA:0x80008fd8
        8855000	       884	80001870	ffac88a3	sb	x26,-15(x25)	 x25:0x80008a31 x26:0x00000000 PA:0x80008a22
        8865000	       885	80001874	bb86d783	lhu	x15,-1096(x13)	 x13:0x80008df8 x15=0x00000000 PA:0x800089b0
        8875000	       886	80001878	013c86a3	sb	x19,13(x25)	 x25:0x80008a31 x19:0x9e899000 PA:0x80008a3e
        8885000	       887	8000187c	b4aa82a3	sb	x10,-1211(x21)	 x21:0x80008ee8 x10:0x00000000 PA:0x80008a2d
        8895000	       888	80001880	e786a023	sw	x24,-416(x13)	 x13:0x80008df8 x24:0xfffffa9e PA:0x80008c58
        8905000	       889	80001884	1d370383	lb	x7,467(x14)	 x14:0x80008924  x7=0x00000000 PA:0x80008af7
        8915000	       890	80001888	03471003	lh	x0,52(x14)	 x14:0x80008924 PA:0x80008958
        8925000	       891	8000188c	009c9503	lh	x10,9(x25)	 x25:0x80008a31 x10=0x00000000 PA:0x80008a3a
        8935000	       892	80001890	ff2cc283	lbu	x5,-14(x25)	 x25:0x80008a31  x5=0x00000000 PA:0x80008a23
        8945000	       893	80001894	57d70423	sb	x29,1384(x14)	 x14:0x80008924 x29:0x00000000 PA:0x80008e8c
        8955000	       894	80001898	1c974f83	lbu	x31,457(x14)	 x14:0x80008924 x31=0x00000000 PA:0x80008aed
        8965000	       895	8000189c	df96c883	lbu	x17,-519(x13)	 x13:0x80008df8 x17=0x00000000 PA:0x80008bf1
        8975000	       896	800018a0	f7e70803	lb	x16,-130(x14)	 x14:0x80008924 x16=0x00000000 PA:0x800088a2
        8985000	       897	800018a4	f47acd03	lbu	x26,-185(x21)	 x21:0x80008ee8 x26=0x00000000 PA:0x80008e2f
        8995000	       898	800018a8	fe9c8ca3	sb	x9,-7(x25)	 x25:0x80008a31  x9:0x00000000 PA:0x80008a2a
        9005000	       899	800018ac	b416c303	lbu	x6,-1215(x13)	 x13:0x80008df8  x6=0x00000000 PA:0x80008939
        9015000	       900	800018b0	1d374283	lbu	x5,467(x14)	 x14:0x80008924  x5=0x00000000 PA:0x80008af7
        9025000	       901	800018b4	007c82a3	sb	x7,5(x25)	 x25:0x80008a31  x7:0x00000000 PA:0x80008a36
        9035000	       902	800018b8	ff2c8003	lb	x0,-14(x25)	 x25:0x80008a31 PA:0x80008a23
        9045000	       903	800018bc	f6d6c803	lbu	x16,-147(x13)	 x13:0x80008df8 x16=0x00000000 PA:0x80008d65
        9055000	       904	800018c0	fe0c8ca3	sb	x0,-7(x25)	 x25:0x80008a31  x0:0x00000000 PA:0x80008a2a
        9065000	       905	800018c4	28970da3	sb	x9,667(x14)	 x14:0x80008924  x9:0x00000000 PA:0x80008bbf
        9075000	       906	800018c8	ba96ce83	lbu	x29,-1111(x13)	 x13:0x80008df8 x29=0x00000000 PA:0x800089a1
        9085000	       907	800018cc	fd071d23	sh	x16,-38(x14)	 x14:0x80008924 x16:0x00000000 PA:0x800088fe
        9095000	       908	800018d0	ff1cc083	lbu	x1,-15(x25)	 x25:0x80008a31  x1=0x00000000 PA:0x80008a22
        9105000	       909	800018d4	e84acf03	lbu	x30,-380(x21)	 x21:0x80008ee8 x30=0x00000000 PA:0x80008d6c
        9115000	       910	800018d8	30c71d03	lh	x26,780(x14)	 x14:0x80008924 x26=0x00000000 PA:0x80008c30
        9125000	       911	800018dc	9e8a8083	lb	x1,-1560(x21)	 x21:0x80008ee8  x1=0x00000000 PA:0x800088d0
        9135000	       912	800018e0	f1e68183	lb	x3,-226(x13)	 x13:0x80008df8  x3=0x00000000 PA:0x80008d16
        9145000	       913	800018e4	b19acd83	lbu	x27,-1255(x21)	 x21:0x80008ee8 x27=0x00000000 PA:0x80008a01
        9155000	       914	800018e8	40e0db13	srai	x22,x1,0xe	  x1:0x00000000 x22=0x00000000
        9165000	       915	800018ec	01db4133	xor	x2,x22,x29	 x22:0x00000000 x29:0x00000000  x2=0x00000000
        9175000	       916	800018f0	dddec593	xori	x11,x29,-547	 x29:0x00000000 x11=0xfffffddd
        9185000	       917	800018f4	000c4b33	xor	x22,x24,x0	 x24:0xfffffa9e  x0:0x00000000 x22=0xfffffa9e
        9195000	       918	800018f8	01d45a63	bge	x8,x29,8000190c	  x8:0x80009a84 x29:0x00000000
        9205000	       919	800018fc	79b48513	addi	x10,x9,1947	  x9:0x00000000 x10=0x0000079b
        9215000	       920	80001900	009568b3	or	x17,x10,x9	 x10:0x0000079b  x9:0x00000000 x17=0x0000079b
        9225000	       921	80001904	411f5493	srai	x9,x30,0x11	 x30:0x00000000  x9=0x00000000
        9235000	       922	80001908	017a70b3	and	x1,x20,x23	 x20:0x80000000 x23:0x80009a84  x1=0x80000000
        9245000	       923	8000190c	03e9f863	bgeu	x19,x30,8000193c	 x19:0x9e899000 x30:0x00000000
        9255000	       924	00000000	00000013	addi	x0,x0,0	  x0:0x00000000
        9265000	       925	80001938	00000013	addi	x0,x0,0	  x0:0x00000000
        9275000	       926	8000193c	0193d693	srli	x13,x7,0x19	  x7:0x00000000 x13=0x00000000
        9285000	       927	80001940	2d7c0113	addi	x2,x24,727	 x24:0xfffffa9e  x2=0xfffffd75
        9295000	       928	80001944	01a97433	and	x8,x18,x26	 x18:0x87fe774c x26:0x00000000  x8=0x00000000
        9305000	       929	80001948	01939ab3	sll	x21,x7,x25	  x7:0x00000000 x25:0x80008a31 x21=0x00000000
        9315000	       930	8000194c	01941013	slli	x0,x8,0x19	  x8:0x00000000
        9325000	       931	80001950	01729a63	bne	x5,x23,80001964	  x5:0x00000000 x23:0x80009a84
        9335000	       932	00000000	00000013	addi	x0,x0,0	  x0:0x00000000
        9345000	       933	80001960	00000013	addi	x0,x0,0	  x0:0x00000000
        9355000	       934	80001964	0195d033	srl	x0,x11,x25	 x11:0xfffffddd x25:0x80008a31
        9365000	       935	80001968	0405e263	bltu	x11,x0,800019ac	 x11:0xfffffddd  x0:0x00000000
        9375000	       936	8000196c	d874c593	xori	x11,x9,-633	  x9:0x00000000 x11=0xfffffd87
        9385000	       937	80001970	029cea93	ori	x21,x25,41	 x25:0x80008a31 x21=0x80008a39
        9395000	       938	80001974	00f99113	slli	x2,x19,0xf	 x19:0x9e899000  x2=0xc8000000
        9405000	       939	80001978	41e15113	srai	x2,x2,0x1e	  x2:0xc8000000  x2=0xffffffff
        9415000	       940	8000197c	2253ac13	slti	x24,x7,549	  x7:0x00000000 x24=0x00000001
        9425000	       941	80001980	01aa4a63	blt	x20,x26,80001994	 x20:0x80000000 x26:0x00000000
        9435000	       942	00000000	00000013	addi	x0,x0,0	  x0:0x00000000
        9445000	       943	80001990	00000013	addi	x0,x0,0	  x0:0x00000000
        9455000	       944	80001994	01c96fb3	or	x31,x18,x28	 x18:0x87fe774c x28:0x00000240 x31=0x87fe774c
        9465000	       945	80001998	00000013	addi	x0,x0,0	  x0:0x00000000
        9475000	       946	8000199c	016729b3	slt	x19,x14,x22	 x14:0x80008924 x22:0xfffffa9e x19=0x00000001
        9485000	       947	800019a0	01ae9d33	sll	x26,x29,x26	 x29:0x00000000 x26:0x00000000 x26=0x00000000
        9495000	       948	800019a4	03324a63	blt	x4,x19,800019d8	  x4:0x80009f4c x19:0x00000001
        9505000	       949	00000000	00000013	addi	x0,x0,0	  x0:0x00000000
        9515000	       950	800019d4	00000013	addi	x0,x0,0	  x0:0x00000000
        9525000	       951	800019d8	04d6b313	sltiu	x6,x13,77	 x13:0x00000000  x6=0x00000001
        9535000	       952	800019dc	009a1333	sll	x6,x20,x9	 x20:0x80000000  x9:0x00000000  x6=0x80000000
        9545000	       953	800019e0	02c0f863	bgeu	x1,x12,80001a10	  x1:0x80000000 x12:0x80009fc4
        9555000	       954	800019e4	ab25b593	sltiu	x11,x11,-1358	 x11:0xfffffd87 x11=0x00000000
        9565000	       955	800019e8	03768663	beq	x13,x23,80001a14	 x13:0x00000000 x23:0x80009a84
        9575000	       956	800019ec	ec92cf93	xori	x31,x5,-311	  x5:0x00000000 x31=0xfffffec9
        9585000	       957	800019f0	01197133	and	x2,x18,x17	 x18:0x87fe774c x17:0x0000079b  x2=0x00000708
        9595000	       958	800019f4	00524db3	xor	x27,x4,x5	  x4:0x80009f4c  x5:0x00000000 x27=0x80009f4c
        9605000	       959	800019f8	14a3ba93	sltiu	x21,x7,330	  x7:0x00000000 x21=0x00000001
        9615000	       960	800019fc	01b4edb3	or	x27,x9,x27	  x9:0x00000000 x27:0x80009f4c x27=0x80009f4c
        9625000	       961	80001a00	41470133	sub	x2,x14,x20	 x14:0x80008924 x20:0x80000000  x2=0x00008924
        9635000	       962	80001a04	e0767b13	andi	x22,x12,-505	 x12:0x80009fc4 x22=0x80009e04
        9645000	       963	80001a08	41e75fb3	sra	x31,x14,x30	 x14:0x80008924 x30:0x00000000 x31=0x80008924
        9655000	       964	80001a0c	01dffa63	bgeu	x31,x29,80001a20	 x31:0x80008924 x29:0x00000000
        9665000	       965	00000000	00000013	addi	x0,x0,0	  x0:0x00000000
        9675000	       966	80001a1c	00000013	addi	x0,x0,0	  x0:0x00000000
        9685000	       967	80001a20	02b80463	beq	x16,x11,80001a48	 x16:0x00000000 x11:0x00000000
        9695000	       968	00000000	00000013	addi	x0,x0,0	  x0:0x00000000
        9705000	       969	80001a44	00000013	addi	x0,x0,0	  x0:0x00000000
        9715000	       970	80001a48	009b2cb3	slt	x25,x22,x9	 x22:0x80009e04  x9:0x00000000 x25=0x00000001
        9725000	       971	80001a4c	41924013	xori	x0,x4,1049	  x4:0x80009f4c
        9735000	       972	80001a50	04fe0463	beq	x28,x15,80001a98	 x28:0x00000240 x15:0x00000000
        9745000	       973	80001a54	00000013	addi	x0,x0,0	  x0:0x00000000
        9755000	       974	80001a58	029c1297	auipc	x5,0x29c1	  x5=0x829c2a54
        9765000	       975	80001a5c	00000013	addi	x0,x0,0	  x0:0x00000000
        9775000	       976	80001a60	deef5197	auipc	x3,0xdeef5	  x3=0x5eef6a5c
        9785000	       977	80001a64	025d7863	bgeu	x26,x5,80001a94	 x26:0x00000000  x5:0x829c2a54
        9795000	       978	80001a68	0478e263	bltu	x17,x7,80001aac	 x17:0x0000079b  x7:0x00000000
        9805000	       979	80001a6c	24010513	addi	x10,x2,576	  x2:0x00008924 x10=0x00008b64
        9815000	       980	80001a70	03b51e63	bne	x10,x27,80001aac	 x10:0x00008b64 x27:0x80009f4c
        9825000	       981	00000000	00000013	addi	x0,x0,0	  x0:0x00000000
        9835000	       982	80001aa8	00000013	addi	x0,x0,0	  x0:0x00000000
        9845000	       983	80001aac	05c56263	bltu	x10,x28,80001af0	 x10:0x00008b64 x28:0x00000240
        9855000	       984	80001ab0	4188de13	srai	x28,x17,0x18	 x17:0x0000079b x28=0x00000000
        9865000	       985	80001ab4	00825eb3	srl	x29,x4,x8	  x4:0x80009f4c  x8:0x00000000 x29=0x80009f4c
        9875000	       986	80001ab8	40d68cb3	sub	x25,x13,x13	 x13:0x00000000 x13:0x00000000 x25=0x00000000
        9885000	       987	80001abc	fb567d13	andi	x26,x12,-75	 x12:0x80009fc4 x26=0x80009f84
        9895000	       988	80001ac0	c03ad797	auipc	x15,0xc03ad	 x15=0x403aeabc
        9905000	       989	80001ac4	01c7c133	xor	x2,x15,x28	 x15:0x403aeabc x28:0x00000000  x2=0x403aeabc
        9915000	       990	80001ac8	007e17b3	sll	x15,x28,x7	 x28:0x00000000  x7:0x00000000 x15=0x00000000
        9925000	       991	80001acc	f894cd13	xori	x26,x9,-119	  x9:0x00000000 x26=0xffffff89
        9935000	       992	80001ad0	038d0863	beq	x26,x24,80001b00	 x26:0xffffff89 x24:0x00000001
        9945000	       993	80001ad4	c9957713	andi	x14,x10,-871	 x10:0x00008b64 x14=0x00008800
        9955000	       994	80001ad8	406b5013	srai	x0,x22,0x6	 x22:0x80009e04
        9965000	       995	80001adc	40320333	sub	x6,x4,x3	  x4:0x80009f4c  x3:0x5eef6a5c  x6=0x211134f0
        9975000	       996	80001ae0	2dcab113	sltiu	x2,x21,732	 x21:0x00000001  x2=0x00000001
        9985000	       997	80001ae4	41d55813	srai	x16,x10,0x1d	 x10:0x00008b64 x16=0x00000000
        9995000	       998	80001ae8	00113833	sltu	x16,x2,x1	  x2:0x00000001  x1:0x80000000 x16=0x00000001
       10005000	       999	80001aec	418dd393	srai	x7,x27,0x18	 x27:0x80009f4c  x7=0xffffff80
       10015000	      1000	80001af0	d936ed13	ori	x26,x13,-621	 x13:0x00000000 x26=0xfffffd93
       10025000	      1001	80001af4	01de1cb3	sll	x25,x28,x29	 x28:0x00000000 x29:0x80009f4c x25=0x00000000
       10035000	      1002	80001af8	01b7d1b3	srl	x3,x15,x27	 x15:0x00000000 x27:0x80009f4c  x3=0x00000000
       10045000	      1003	80001afc	0de5adb7	lui	x27,0xde5a	 x27=0x0de5a000
       10055000	      1004	80001b00	41cbd293	srai	x5,x23,0x1c	 x23:0x80009a84  x5=0xfffffff8
       10065000	      1005	80001b04	aa0cbc13	sltiu	x24,x25,-1376	 x25:0x00000000 x24=0x00000001
       10075000	      1006	80001b08	3dcf0117	auipc	x2,0x3dcf0	  x2=0xbdcf1b04
       10085000	      1007	80001b0c	04cba893	slti	x17,x23,76	 x23:0x80009a84 x17=0x00000001
       10095000	      1008	80001b10	002d77b3	and	x15,x26,x2	 x26:0xfffffd93  x2:0xbdcf1b04 x15=0xbdcf1900
       10105000	      1009	80001b14	f7728a93	addi	x21,x5,-137	  x5:0xfffffff8 x21=0xffffff6f
       10115000	      1010	80001b18	4f484c13	xori	x24,x16,1268	 x16:0x00000001 x24=0x000004f5
       10125000	      1011	80001b1c	093fe463	bltu	x31,x19,80001ba4	 x31:0x80008924 x19:0x00000001
       10135000	      1012	80001b20	00007997	auipc	x19,0x7	 x19=0x80008b1c
       10145000	      1013	80001b24	1c498993	addi	x19,x19,452	 x19:0x80008b1c x19=0x80008ce0
       10155000	      1014	80001b28	0379cb83	lbu	x23,55(x19)	 x19:0x80008ce0 x23=0x00000000 PA:0x80008d17
       10165000	      1015	80001b2c	f189a183	lw	x3,-232(x19)	 x19:0x80008ce0  x3=0x00000000 PA:0x80008bf8
       10175000	      1016	80001b30	fe69cd03	lbu	x26,-26(x19)	 x19:0x80008ce0 x26=0x00000000 PA:0x80008cc6
       10185000	      1017	80001b34	fe699883	lh	x17,-26(x19)	 x19:0x80008ce0 x17=0x00000000 PA:0x80008cc6
       10195000	      1018	80001b38	fe69cc03	lbu	x24,-26(x19)	 x19:0x80008ce0 x24=0x00000000 PA:0x80008cc6
       10205000	      1019	80001b3c	fe69c283	lbu	x5,-26(x19)	 x19:0x80008ce0  x5=0x00000000 PA:0x80008cc6
       10215000	      1020	80001b40	401d50b3	sra	x1,x26,x1	 x26:0x00000000  x1:0x80000000  x1=0x00000000
       10225000	      1021	80001b44	fac9de03	lhu	x28,-84(x19)	 x19:0x80008ce0 x28=0x00000000 PA:0x80008c8c
       10235000	      1022	80001b48	fac9ca83	lbu	x21,-84(x19)	 x19:0x80008ce0 x21=0x00000000 PA:0x80008c8c
       10245000	      1023	80001b4c	f889d103	lhu	x2,-120(x19)	 x19:0x80008ce0  x2=0x00000000 PA:0x80008c68
       10255000	      1024	80001b50	07e99883	lh	x17,126(x19)	 x19:0x80008ce0 x17=0x00000000 PA:0x80008d5e
       10265000	      1025	80001b54	fce98083	lb	x1,-50(x19)	 x19:0x80008ce0  x1=0x00000000 PA:0x80008cae
       10275000	      1026	80001b58	e9597e13	andi	x28,x18,-363	 x18:0x87fe774c x28=0x87fe7604
       10285000	      1027	80001b5c	fce9dc83	lhu	x25,-50(x19)	 x19:0x80008ce0 x25=0x00000000 PA:0x80008cae
       10295000	      1028	80001b60	11168493	addi	x9,x13,273	 x13:0x00000000  x9=0x00000111
       10305000	      1029	80001b64	f5c99823	sh	x28,-176(x19)	 x19:0x80008ce0 x28:0x87fe7604 PA:0x80008c30
       10315000	      1030	80001b68	00ff6333	or	x6,x30,x15	 x30:0x00000000 x15:0xbdcf1900  x6=0xbdcf1900
       10325000	      1031	80001b6c	41275913	srai	x18,x14,0x12	 x14:0x00008800 x18=0x00000000
       10335000	      1032	80001b70	0a898523	sb	x8,170(x19)	 x19:0x80008ce0  x8:0x00000000 PA:0x80008d8a
       10345000	      1033	80001b74	f399cb03	lbu	x22,-199(x19)	 x19:0x80008ce0 x22=0x00000000 PA:0x80008c19
       10355000	      1034	80001b78	00249193	slli	x3,x9,0x2	  x9:0x00000111  x3=0x00000444
       10365000	      1035	80001b7c	419654b3	sra	x9,x12,x25	 x12:0x80009fc4 x25:0x00000000  x9=0x80009fc4
       10375000	      1036	80001b80	00000013	addi	x0,x0,0	  x0:0x00000000
       10385000	      1037	80001b84	025b5863	bge	x22,x5,80001bb4	 x22:0x00000000  x5:0x00000000
       10395000	      1038	00000000	00000013	addi	x0,x0,0	  x0:0x00000000
       10405000	      1039	80001bb0	00000013	addi	x0,x0,0	  x0:0x00000000
       10415000	      1040	80001bb4	01af11b3	sll	x3,x30,x26	 x30:0x00000000 x26:0x00000000  x3=0x00000000
       10425000	      1041	80001bb8	40ad0933	sub	x18,x26,x10	 x26:0x00000000 x10:0x00008b64 x18=0xffff749c
       10435000	      1042	80001bbc	8b133113	sltiu	x2,x6,-1871	  x6:0xbdcf1900  x2=0x00000001
       10445000	      1043	80001bc0	011efc63	bgeu	x29,x17,80001bd8	 x29:0x80009f4c x17:0x00000000
       10455000	      1044	00000000	00000013	addi	x0,x0,0	  x0:0x00000000
       10465000	      1045	80001bd4	00000013	addi	x0,x0,0	  x0:0x00000000
       10475000	      1046	80001bd8	00b88c63	beq	x17,x11,80001bf0	 x17:0x00000000 x11:0x00000000
       10485000	      1047	00000000	00000013	addi	x0,x0,0	  x0:0x00000000
       10495000	      1048	80001bec	00000013	addi	x0,x0,0	  x0:0x00000000
       10505000	      1049	80001bf0	5bc68713	addi	x14,x13,1468	 x13:0x00000000 x14=0x000005bc
       10515000	      1050	80001bf4	01441813	slli	x16,x8,0x14	  x8:0x00000000 x16=0x00000000
       10525000	      1051	80001bf8	40a40433	sub	x8,x8,x10	  x8:0x00000000 x10:0x00008b64  x8=0xffff749c
       10535000	      1052	80001bfc	25cfc193	xori	x3,x31,604	 x31:0x80008924  x3=0x80008b78
       10545000	      1053	80001c00	01210a63	beq	x2,x18,80001c14	  x2:0x00000001 x18:0xffff749c
       10555000	      1054	80001c04	0135a3b3	slt	x7,x11,x19	 x11:0x00000000 x19:0x80008ce0  x7=0x00000000
       10565000	      1055	80001c08	408f09b3	sub	x19,x30,x8	 x30:0x00000000  x8:0xffff749c x19=0x00008b64
       10575000	      1056	80001c0c	fa2f0493	addi	x9,x30,-94	 x30:0x00000000  x9=0xffffffa2
       10585000	      1057	80001c10	00000013	addi	x0,x0,0	  x0:0x00000000
       10595000	      1058	80001c14	7f5a4013	xori	x0,x20,2037	 x20:0x80000000
       10605000	      1059	80001c18	017fd693	srli	x13,x31,0x17	 x31:0x80008924 x13=0x00000100
       10615000	      1060	80001c1c	01f405b3	add	x11,x8,x31	  x8:0xffff749c x31:0x80008924 x11=0x7ffffdc0
       10625000	      1061	80001c20	bcab0813	addi	x16,x22,-1078	 x22:0x00000000 x16=0xfffffbca
       10635000	      1062	80001c24	014bab33	slt	x22,x23,x20	 x23:0x00000000 x20:0x80000000 x22=0x00000000
       10645000	      1063	80001c28	00a034b3	sltu	x9,x0,x10	  x0:0x00000000 x10:0x00008b64  x9=0x00000001
       10655000	      1064	80001c2c	d6756093	ori	x1,x10,-665	 x10:0x00008b64  x1=0xffffff67
       10665000	      1065	80001c30	00e57a63	bgeu	x10,x14,80001c44	 x10:0x00008b64 x14:0x000005bc
       10675000	      1066	00000000	00000013	addi	x0,x0,0	  x0:0x00000000
       10685000	      1067	80001c40	00000013	addi	x0,x0,0	  x0:0x00000000
       10695000	      1068	80001c44	03f57e63	bgeu	x10,x31,80001c80	 x10:0x00008b64 x31:0x80008924
       10705000	      1069	80001c48	04b74d93	xori	x27,x14,75	 x14:0x000005bc x27=0x000005f7
       10715000	      1070	80001c4c	256ea593	slti	x11,x29,598	 x29:0x80009f4c x11=0x00000001
       10725000	      1071	80001c50	8544cc93	xori	x25,x9,-1964	  x9:0x00000001 x25=0xfffff855
       10735000	      1072	80001c54	02914a63	blt	x2,x9,80001c88	  x2:0x00000001  x9:0x00000001
       10745000	      1073	80001c58	04539663	bne	x7,x5,80001ca4	  x7:0x00000000  x5:0x00000000
       10755000	      1074	80001c5c	00706133	or	x2,x0,x7	  x0:0x00000000  x7:0x00000000  x2=0x00000000
       10765000	      1075	80001c60	00000013	addi	x0,x0,0	  x0:0x00000000
       10775000	      1076	80001c64	59276813	ori	x16,x14,1426	 x14:0x000005bc x16=0x000005be
       10785000	      1077	80001c68	9db28793	addi	x15,x5,-1573	  x5:0x00000000 x15=0xfffff9db
       10795000	      1078	80001c6c	0e64b397	auipc	x7,0xe64b	  x7=0x8e64cc68
       10805000	      1079	80001c70	412e5713	srai	x14,x28,0x12	 x28:0x87fe7604 x14=0xffffe1ff
       10815000	      1080	80001c74	0118ed33	or	x26,x17,x17	 x17:0x00000000 x17:0x00000000 x26=0x00000000
       10825000	      1081	80001c78	94eab813	sltiu	x16,x21,-1714	 x21:0x00000000 x16=0x00000001
       10835000	      1082	80001c7c	00ecad33	slt	x26,x25,x14	 x25:0xfffff855 x14:0xffffe1ff x26=0x00000000
       10845000	      1083	80001c80	01350a63	beq	x10,x19,80001c94	 x10:0x00008b64 x19:0x00008b64
       10855000	      1084	00000000	00000013	addi	x0,x0,0	  x0:0x00000000
       10865000	      1085	80001c90	00000013	addi	x0,x0,0	  x0:0x00000000
       10875000	      1086	80001c94	01472533	slt	x10,x14,x20	 x14:0xffffe1ff x20:0x80000000 x10=0x00000000
       10885000	      1087	80001c98	fb210b13	addi	x22,x2,-78	  x2:0x00000000 x22=0xffffffb2
       10895000	      1088	80001c9c	33dbb313	sltiu	x6,x23,829	 x23:0x00000000  x6=0x00000001
       10905000	      1089	80001ca0	00dc26b3	slt	x13,x24,x13	 x24:0x00000000 x13:0x00000100 x13=0x00000001
       10915000	      1090	80001ca4	03945a63	bge	x8,x25,80001cd8	  x8:0xffff749c x25:0xfffff855
       10925000	      1091	80001ca8	7c8711b7	lui	x3,0x7c871	  x3=0x7c871000
       10935000	      1092	80001cac	28ac8513	addi	x10,x25,650	 x25:0xfffff855 x10=0xfffffadf
       10945000	      1093	80001cb0	00e43333	sltu	x6,x8,x14	  x8:0xffff749c x14:0xffffe1ff  x6=0x00000001
       10955000	      1094	80001cb4	00000013	addi	x0,x0,0	  x0:0x00000000
       10965000	      1095	80001cb8	41d05e33	sra	x28,x0,x29	  x0:0x00000000 x29:0x80009f4c x28=0x00000000
       10975000	      1096	80001cbc	01c5f433	and	x8,x11,x28	 x11:0x00000001 x28:0x00000000  x8=0x00000000
       10985000	      1097	80001cc0	0823ac13	slti	x24,x7,130	  x7:0x8e64cc68 x24=0x00000001
       10995000	      1098	80001cc4	00000013	addi	x0,x0,0	  x0:0x00000000
       11005000	      1099	80001cc8	e52db813	sltiu	x16,x27,-430	 x27:0x000005f7 x16=0x00000001
       11015000	      1100	80001ccc	010f6fb3	or	x31,x30,x16	 x30:0x00000000 x16:0x00000001 x31=0x00000001
       11025000	      1101	80001cd0	d2e06993	ori	x19,x0,-722	  x0:0x00000000 x19=0xfffffd2e
       11035000	      1102	80001cd4	0129e0b3	or	x1,x19,x18	 x19:0xfffffd2e x18:0xffff749c  x1=0xfffffdbe
       11045000	      1103	80001cd8	00d99813	slli	x16,x19,0xd	 x19:0xfffffd2e x16=0xffa5c000
       11055000	      1104	80001cdc	0089e6b3	or	x13,x19,x8	 x19:0xfffffd2e  x8:0x00000000 x13=0xfffffd2e
       11065000	      1105	80001ce0	00a65693	srli	x13,x12,0xa	 x12:0x80009fc4 x13=0x00200027
       11075000	      1106	80001ce4	03a4f863	bgeu	x9,x26,80001d14	  x9:0x00000001 x26:0x00000000
       11085000	      1107	00000000	00000013	addi	x0,x0,0	  x0:0x00000000
       11095000	      1108	80001d10	00000013	addi	x0,x0,0	  x0:0x00000000
       11105000	      1109	80001d14	00f2fe63	bgeu	x5,x15,80001d30	  x5:0x00000000 x15:0xfffff9db
       11115000	      1110	80001d18	00f24ab3	xor	x21,x4,x15	  x4:0x80009f4c x15:0xfffff9db x21=0x7fff6697
       11125000	      1111	80001d1c	01b2ea63	bltu	x5,x27,80001d30	  x5:0x00000000 x27:0x000005f7
       11135000	      1112	00000000	00000013	addi	x0,x0,0	  x0:0x00000000
       11145000	      1113	80001d2c	00000013	addi	x0,x0,0	  x0:0x00000000
       11155000	      1114	80001d30	0532f263	bgeu	x5,x19,80001d74	  x5:0x00000000 x19:0xfffffd2e
       11165000	      1115	80001d34	01b8ef33	or	x30,x17,x27	 x17:0x00000000 x27:0x000005f7 x30=0x000005f7
       11175000	      1116	80001d38	c6b8c493	xori	x9,x17,-917	 x17:0x00000000  x9=0xfffffc6b
       11185000	      1117	80001d3c	a4da4c17	auipc	x24,0xa4da4	 x24=0x24da5d38
       11195000	      1118	80001d40	01c35cb3	srl	x25,x6,x28	  x6:0x00000001 x28:0x00000000 x25=0x00000001
       11205000	      1119	80001d44	011e1a93	slli	x21,x28,0x11	 x28:0x00000000 x21=0x00000000
       11215000	      1120	80001d48	4012deb3	sra	x29,x5,x1	  x5:0x00000000  x1:0xfffffdbe x29=0x00000000
       11225000	      1121	80001d4c	f448f913	andi	x18,x17,-188	 x17:0x00000000 x18=0x00000000
       11235000	      1122	80001d50	a396b713	sltiu	x14,x13,-1479	 x13:0x00200027 x14=0x00000001
       11245000	      1123	80001d54	003a5913	srli	x18,x20,0x3	 x20:0x80000000 x18=0x10000000
       11255000	      1124	80001d58	028f1663	bne	x30,x8,80001d84	 x30:0x000005f7  x8:0x00000000
       11265000	      1125	00000000	00000013	addi	x0,x0,0	  x0:0x00000000
       11275000	      1126	80001d80	00000013	addi	x0,x0,0	  x0:0x00000000
       11285000	      1127	80001d84	03ab5863	bge	x22,x26,80001db4	 x22:0xffffffb2 x26:0x00000000
       11295000	      1128	80001d88	40b78b33	sub	x22,x15,x11	 x15:0xfffff9db x11:0x00000001 x22=0xfffff9da
       11305000	      1129	80001d8c	6ffc4093	xori	x1,x24,1791	 x24:0x24da5d38  x1=0x24da5bc7
       11315000	      1130	80001d90	017a1893	slli	x17,x20,0x17	 x20:0x80000000 x17=0x00000000
       11325000	      1131	80001d94	627026b7	lui	x13,0x62702	 x13=0x62702000
       11335000	      1132	80001d98	00e0c597	auipc	x11,0xe0c	 x11=0x80e0dd94
       11345000	      1133	80001d9c	007b66b3	or	x13,x22,x7	 x22:0xfffff9da  x7:0x8e64cc68 x13=0xfffffdfa
       11355000	      1134	80001da0	d88d3313	sltiu	x6,x26,-632	 x26:0x00000000  x6=0x00000001
       11365000	      1135	80001da4	415186b3	sub	x13,x3,x21	  x3:0x7c871000 x21:0x00000000 x13=0x7c871000
       11375000	      1136	80001da8	27a96f93	ori	x31,x18,634	 x18:0x10000000 x31=0x1000027a
       11385000	      1137	80001dac	450fcd93	xori	x27,x31,1104	 x31:0x1000027a x27=0x1000062a
       11395000	      1138	80001db0	016452b3	srl	x5,x8,x22	  x8:0x00000000 x22:0xfffff9da  x5=0x00000000
       11405000	      1139	80001db4	02bc0863	beq	x24,x11,80001de4	 x24:0x24da5d38 x11:0x80e0dd94
       11415000	      1140	80001db8	014e89b3	add	x19,x29,x20	 x29:0x00000000 x20:0x80000000 x19=0x80000000
       11425000	      1141	80001dbc	00f8f433	and	x8,x17,x15	 x17:0x00000000 x15:0xfffff9db  x8=0x00000000
       11435000	      1142	80001dc0	03498a63	beq	x19,x20,80001df4	 x19:0x80000000 x20:0x80000000
       11445000	      1143	00000000	00000013	addi	x0,x0,0	  x0:0x00000000
       11455000	      1144	80001df0	00000013	addi	x0,x0,0	  x0:0x00000000
       11465000	      1145	80001df4	41d48d33	sub	x26,x9,x29	  x9:0xfffffc6b x29:0x00000000 x26=0xfffffc6b
       11475000	      1146	80001df8	fd52a037	lui	x0,0xfd52a	
       11485000	      1147	80001dfc	0c8b0b93	addi	x23,x22,200	 x22:0xfffff9da x23=0xfffffaa2
       11495000	      1148	80001e00	7b387713	andi	x14,x16,1971	 x16:0xffa5c000 x14=0x00000000
       11505000	      1149	80001e04	00fcaab3	slt	x21,x25,x15	 x25:0x00000001 x15:0xfffff9db x21=0x00000000
       11515000	      1150	80001e08	6c62e313	ori	x6,x5,1734	  x5:0x00000000  x6=0x000006c6
       11525000	      1151	80001e0c	01319a63	bne	x3,x19,80001e20	  x3:0x7c871000 x19:0x80000000
       11535000	      1152	00000000	00000013	addi	x0,x0,0	  x0:0x00000000
       11545000	      1153	80001e1c	00000013	addi	x0,x0,0	  x0:0x00000000
       11555000	      1154	80001e20	012fa533	slt	x10,x31,x18	 x31:0x1000027a x18:0x10000000 x10=0x00000000
       11565000	      1155	80001e24	ca6254b7	lui	x9,0xca625	  x9=0xca625000
       11575000	      1156	80001e28	008dd913	srli	x18,x27,0x8	 x27:0x1000062a x18=0x00100006
       11585000	      1157	80001e2c	00599013	slli	x0,x19,0x5	 x19:0x80000000
       11595000	      1158	80001e30	00eb0d33	add	x26,x22,x14	 x22:0xfffff9da x14:0x00000000 x26=0xfffff9da
       11605000	      1159	80001e34	0118d463	bge	x17,x17,80001e3c	 x17:0x00000000 x17:0x00000000
       11615000	      1160	00000000	00000013	addi	x0,x0,0	  x0:0x00000000
       11625000	      1161	80001e38	00000013	addi	x0,x0,0	  x0:0x00000000
       11635000	      1162	80001e3c	001915b3	sll	x11,x18,x1	 x18:0x00100006  x1:0x24da5bc7 x11=0x08000300
       11645000	      1163	80001e40	04fce263	bltu	x25,x15,80001e84	 x25:0x00000001 x15:0xfffff9db
       11655000	      1164	00000000	00000013	addi	x0,x0,0	  x0:0x00000000
       11665000	      1165	80001e80	00000013	addi	x0,x0,0	  x0:0x00000000
       11675000	      1166	80001e84	01e305b3	add	x11,x6,x30	  x6:0x000006c6 x30:0x000005f7 x11=0x00000cbd
       11685000	      1167	80001e88	009e6863	bltu	x28,x9,80001e98	 x28:0x00000000  x9:0xca625000
       11695000	      1168	00000000	00000013	addi	x0,x0,0	  x0:0x00000000
       11705000	      1169	80001e94	00000013	addi	x0,x0,0	  x0:0x00000000
       11715000	      1170	80001e98	c5cfa513	slti	x10,x31,-932	 x31:0x1000027a x10=0x00000000
       11725000	      1171	80001e9c	410b5493	srai	x9,x22,0x10	 x22:0xfffff9da  x9=0xffffffff
       11735000	      1172	80001ea0	00b95c63	bge	x18,x11,80001eb8	 x18:0x00100006 x11:0x00000cbd
       11745000	      1173	00000000	00000013	addi	x0,x0,0	  x0:0x00000000
       11755000	      1174	80001eb4	00000013	addi	x0,x0,0	  x0:0x00000000
       11765000	      1175	80001eb8	0006f433	and	x8,x13,x0	 x13:0x7c871000  x0:0x00000000  x8=0x00000000
       11775000	      1176	80001ebc	18306493	ori	x9,x0,387	  x0:0x00000000  x9=0x00000183
       11785000	      1177	80001ec0	047bc463	blt	x23,x7,80001f08	 x23:0xfffffaa2  x7:0x8e64cc68
       11795000	      1178	80001ec4	2da24793	xori	x15,x4,730	  x4:0x80009f4c x15=0x80009d96
       11805000	      1179	80001ec8	8b5d7bb7	lui	x23,0x8b5d7	 x23=0x8b5d7000
       11815000	      1180	80001ecc	01ff8c63	beq	x31,x31,80001ee4	 x31:0x1000027a x31:0x1000027a
       11825000	      1181	00000000	00000013	addi	x0,x0,0	  x0:0x00000000
       11835000	      1182	80001ee0	00000013	addi	x0,x0,0	  x0:0x00000000
       11845000	      1183	80001ee4	411d5d33	sra	x26,x26,x17	 x26:0xfffff9da x17:0x00000000 x26=0xfffff9da
       11855000	      1184	80001ee8	3054ae93	slti	x29,x9,773	  x9:0x00000183 x29=0x00000001
       11865000	      1185	80001eec	03f91a63	bne	x18,x31,80001f20	 x18:0x00100006 x31:0x1000027a
       11875000	      1186	00000000	00000013	addi	x0,x0,0	  x0:0x00000000
       11885000	      1187	80001f1c	00000013	addi	x0,x0,0	  x0:0x00000000
       11895000	      1188	80001f20	41680733	sub	x14,x16,x22	 x16:0xffa5c000 x22:0xfffff9da x14=0xffa5c626
       11905000	      1189	80001f24	00b4c033	xor	x0,x9,x11	  x9:0x00000183 x11:0x00000cbd
       11915000	      1190	80001f28	014c5593	srli	x11,x24,0x14	 x24:0x24da5d38 x11=0x0000024d
       11925000	      1191	80001f2c	37632b93	slti	x23,x6,886	  x6:0x000006c6 x23=0x00000000
       11935000	      1192	80001f30	410683b3	sub	x7,x13,x16	 x13:0x7c871000 x16:0xffa5c000  x7=0x7ce15000
       11945000	      1193	80001f34	03d26a63	bltu	x4,x29,80001f68	  x4:0x80009f4c x29:0x00000001
       11955000	      1194	80001f38	00defab3	and	x21,x29,x13	 x29:0x00000001 x13:0x7c871000 x21=0x00000000
       11965000	      1195	80001f3c	000ebab3	sltu	x21,x29,x0	 x29:0x00000001  x0:0x00000000 x21=0x00000000
       11975000	      1196	80001f40	7ce04a93	xori	x21,x0,1998	  x0:0x00000000 x21=0x000007ce
       11985000	      1197	80001f44	02f66863	bltu	x12,x15,80001f74	 x12:0x80009fc4 x15:0x80009d96
       11995000	      1198	80001f48	2dee0813	addi	x16,x28,734	 x28:0x00000000 x16=0x000002de
       12005000	      1199	80001f4c	0117a733	slt	x14,x15,x17	 x15:0x80009d96 x17:0x00000000 x14=0x00000001
       12015000	      1200	80001f50	c5217413	andi	x8,x2,-942	  x2:0x00000000  x8=0x00000000
       12025000	      1201	80001f54	010fef33	or	x30,x31,x16	 x31:0x1000027a x16:0x000002de x30=0x100002fe
       12035000	      1202	80001f58	011322b3	slt	x5,x6,x17	  x6:0x000006c6 x17:0x00000000  x5=0x00000000
       12045000	      1203	80001f5c	e13ce193	ori	x3,x25,-493	 x25:0x00000001  x3=0xfffffe13
       12055000	      1204	80001f60	0139da93	srli	x21,x19,0x13	 x19:0x80000000 x21=0x00001000
       12065000	      1205	80001f64	01b19993	slli	x19,x3,0x1b	  x3:0xfffffe13 x19=0x98000000
       12075000	      1206	80001f68	01d1df13	srli	x30,x3,0x1d	  x3:0xfffffe13 x30=0x00000007
       12085000	      1207	80001f6c	dfe4c913	xori	x18,x9,-514	  x9:0x00000183 x18=0xfffffc7d
       12095000	      1208	80001f70	b7132d13	slti	x26,x6,-1167	  x6:0x000006c6 x26=0x00000000
       12105000	      1209	80001f74	027d0463	beq	x26,x7,80001f9c	 x26:0x00000000  x7:0x7ce15000
       12115000	      1210	80001f78	019a58b3	srl	x17,x20,x25	 x20:0x80000000 x25:0x00000001 x17=0x40000000
       12125000	      1211	80001f7c	572aa413	slti	x8,x21,1394	 x21:0x00001000  x8=0x00000000
       12135000	      1212	80001f80	00399f13	slli	x30,x19,0x3	 x19:0x98000000 x30=0xc0000000
       12145000	      1213	80001f84	41cadcb3	sra	x25,x21,x28	 x21:0x00001000 x28:0x00000000 x25=0x00001000
       12155000	      1214	80001f88	ddd73c17	auipc	x24,0xddd73	 x24=0x5dd74f84
       12165000	      1215	80001f8c	01bdec63	bltu	x27,x27,80001fa4	 x27:0x1000062a x27:0x1000062a
       12175000	      1216	80001f90	239c8f13	addi	x30,x25,569	 x25:0x00001000 x30=0x00001239
       12185000	      1217	80001f94	01dce133	or	x2,x25,x29	 x25:0x00001000 x29:0x00000001  x2=0x00001001
       12195000	      1218	80001f98	00000013	addi	x0,x0,0	  x0:0x00000000
       12205000	      1219	80001f9c	23ec8093	addi	x1,x25,574	 x25:0x00001000  x1=0x0000123e
       12215000	      1220	80001fa0	00e3eb33	or	x22,x7,x14	  x7:0x7ce15000 x14:0x00000001 x22=0x7ce15001
       12225000	      1221	80001fa4	00e3e5b3	or	x11,x7,x14	  x7:0x7ce15000 x14:0x00000001 x11=0x7ce15001
       12235000	      1222	80001fa8	724d3413	sltiu	x8,x26,1828	 x26:0x00000000  x8=0x00000001
       12245000	      1223	80001fac	00d7d463	bge	x15,x13,80001fb4	 x15:0x80009d96 x13:0x7c871000
       12255000	      1224	80001fb0	02135e63	bge	x6,x1,80001fec	  x6:0x000006c6  x1:0x0000123e
       12265000	      1225	80001fb4	2d040113	addi	x2,x8,720	  x8:0x00000001  x2=0x000002d1
       12275000	      1226	80001fb8	00de9313	slli	x6,x29,0xd	 x29:0x00000001  x6=0x00002000
       12285000	      1227	80001fbc	4a762a97	auipc	x21,0x4a762	 x21=0xca763fb8
       12295000	      1228	80001fc0	002c55b3	srl	x11,x24,x2	 x24:0x5dd74f84  x2:0x000002d1 x11=0x00002eeb
       12305000	      1229	80001fc4	41ef3713	sltiu	x14,x30,1054	 x30:0x00001239 x14=0x00000000
       12315000	      1230	80001fc8	005da8b3	slt	x17,x27,x5	 x27:0x1000062a  x5:0x00000000 x17=0x00000000
       12325000	      1231	80001fcc	49b8cc13	xori	x24,x17,1179	 x17:0x00000000 x24=0x0000049b
       12335000	      1232	80001fd0	03828863	beq	x5,x24,80002000	  x5:0x00000000 x24:0x0000049b
       12345000	      1233	80001fd4	ff8b5c17	auipc	x24,0xff8b5	 x24=0x7f8b6fd0
       12355000	      1234	80001fd8	40d580b3	sub	x1,x11,x13	 x11:0x00002eeb x13:0x7c871000  x1=0x83791eeb
       12365000	      1235	80001fdc	746b6913	ori	x18,x22,1862	 x22:0x7ce15001 x18=0x7ce15747
       12375000	      1236	80001fe0	9fd9f593	andi	x11,x19,-1539	 x19:0x98000000 x11=0x98000000
       12385000	      1237	80001fe4	d6ec3c93	sltiu	x25,x24,-658	 x24:0x7f8b6fd0 x25=0x00000001
       12395000	      1238	80001fe8	05954463	blt	x10,x25,80002030	 x10:0x00000000 x25:0x00000001
       12405000	      1239	00000000	00000013	addi	x0,x0,0	  x0:0x00000000
       12415000	      1240	8000202c	00000013	addi	x0,x0,0	  x0:0x00000000
       12425000	      1241	80002030	b18b3293	sltiu	x5,x22,-1256	 x22:0x7ce15001  x5=0x00000001
       12435000	      1242	80002034	572bba93	sltiu	x21,x23,1394	 x23:0x00000000 x21=0x00000001
       12445000	      1243	80002038	01a0a5b3	slt	x11,x1,x26	  x1:0x83791eeb x26:0x00000000 x11=0x00000001
       12455000	      1244	8000203c	40525033	sra	x0,x4,x5	  x4:0x80009f4c  x5:0x00000001
       12465000	      1245	80002040	3d826113	ori	x2,x4,984	  x4:0x80009f4c  x2=0x80009fdc
       12475000	      1246	80002044	032f0a63	beq	x30,x18,80002078	 x30:0x00001239 x18:0x7ce15747
       12485000	      1247	80002048	005d5833	srl	x16,x26,x5	 x26:0x00000000  x5:0x00000001 x16=0x00000000
       12495000	      1248	8000204c	41eb5933	sra	x18,x22,x30	 x22:0x7ce15001 x30:0x00001239 x18=0x0000003e
       12505000	      1249	80002050	01bed0b3	srl	x1,x29,x27	 x29:0x00000001 x27:0x1000062a  x1=0x00000000
       12515000	      1250	80002054	9fbc0513	addi	x10,x24,-1541	 x24:0x7f8b6fd0 x10=0x7f8b69cb
       12525000	      1251	80002058	ef9cb493	sltiu	x9,x25,-263	 x25:0x00000001  x9=0x00000001
       12535000	      1252	8000205c	d82cc693	xori	x13,x25,-638	 x25:0x00000001 x13=0xfffffd83
       12545000	      1253	80002060	bc0d7c13	andi	x24,x26,-1088	 x26:0x00000000 x24=0x00000000
       12555000	      1254	80002064	452c3117	auipc	x2,0x452c3	  x2=0xc52c5060
       12565000	      1255	80002068	00b28033	add	x0,x5,x11	  x5:0x00000001 x11:0x00000001
       12575000	      1256	8000206c	4070d433	sra	x8,x1,x7	  x1:0x00000000  x7:0x7ce15000  x8=0x00000000
       12585000	      1257	80002070	41765693	srai	x13,x12,0x17	 x12:0x80009fc4 x13=0xffffff00
       12595000	      1258	80002074	45e14d13	xori	x26,x2,1118	  x2:0xc52c5060 x26=0xc52c543e
       12605000	      1259	80002078	00000013	addi	x0,x0,0	  x0:0x00000000
       12615000	      1260	8000207c	003d3e33	sltu	x28,x26,x3	 x26:0xc52c543e  x3:0xfffffe13 x28=0x00000001
       12625000	      1261	80002080	01894f33	xor	x30,x18,x24	 x18:0x0000003e x24:0x00000000 x30=0x0000003e
       12635000	      1262	80002084	016550b3	srl	x1,x10,x22	 x10:0x7f8b69cb x22:0x7ce15001  x1=0x3fc5b4e5
       12645000	      1263	80002088	00b124b3	slt	x9,x2,x11	  x2:0xc52c5060 x11:0x00000001  x9=0x00000001
       12655000	      1264	8000208c	004c5a63	bge	x24,x4,800020a0	 x24:0x00000000  x4:0x80009f4c
       12665000	      1265	00000000	00000013	addi	x0,x0,0	  x0:0x00000000
       12675000	      1266	8000209c	00000013	addi	x0,x0,0	  x0:0x00000000
       12685000	      1267	800020a0	40f78533	sub	x10,x15,x15	 x15:0x80009d96 x15:0x80009d96 x10=0x00000000
       12695000	      1268	800020a4	438d1b37	lui	x22,0x438d1	 x22=0x438d1000
       12705000	      1269	800020a8	00889bb3	sll	x23,x17,x8	 x17:0x00000000  x8:0x00000000 x23=0x00000000
       12715000	      1270	800020ac	01cf79b3	and	x19,x30,x28	 x30:0x0000003e x28:0x00000001 x19=0x00000000
       12725000	      1271	800020b0	01524463	blt	x4,x21,800020b8	  x4:0x80009f4c x21:0x00000001
       12735000	      1272	00000000	00000013	addi	x0,x0,0	  x0:0x00000000
       12745000	      1273	800020b4	00000013	addi	x0,x0,0	  x0:0x00000000
       12755000	      1274	800020b8	242c7193	andi	x3,x24,578	 x24:0x00000000  x3=0x00000000
       12765000	      1275	800020bc	00422083	lw	x1,4(x4)	  x4:0x80009f4c  x1=0x80000124 PA:0x80009f50
       12775000	      1276	800020c0	03820213	addi	x4,x4,56	  x4:0x80009f4c  x4=0x80009f84
       12785000	      1277	800020c4	c581b013	sltiu	x0,x3,-936	  x3:0x00000000
       12795000	      1278	800020c8	4a06fb93	andi	x23,x13,1184	 x13:0xffffff00 x23=0x00000400
       12805000	      1279	800020cc	01e4ae33	slt	x28,x9,x30	  x9:0x00000001 x30:0x0000003e x28=0x00000001
       12815000	      1280	800020d0	00008d93	addi	x27,x1,0	  x1:0x80000124 x27=0x80000124
       12825000	      1281	800020d4	000d8de7	jalr	x27,x27,0	 x27:0x80000124 x27=0x800020d4
       12835000	      1282	00000000	00000013	addi	x0,x0,0	  x0:0x00000000
       12845000	      1283	80000124	00000013	addi	x0,x0,0	  x0:0x00000000
       12855000	      1284	80000128	00f5cdb3	xor	x27,x11,x15	 x11:0x00000001 x15:0x80009d96 x27=0x80009d97
       12865000	      1285	8000012c	87dbb993	sltiu	x19,x23,-1923	 x23:0x00000400 x19=0x00000001
       12875000	      1286	80000130	00000f17	auipc	x30,0x0	 x30=0x8000012c
       12885000	      1287	80000134	68cf0f13	addi	x30,x30,1676	 x30:0x8000012c x30=0x800007b8
       12895000	      1288	80000138	0029f933	and	x18,x19,x2	 x19:0x00000001  x2:0xc52c5060 x18=0x00000000
       12905000	      1289	8000013c	2aef0f13	addi	x30,x30,686	 x30:0x800007b8 x30=0x80000a66
       12915000	      1290	80000140	0e24b913	sltiu	x18,x9,226	  x9:0x00000001 x18=0x00000001
       12925000	      1291	80000144	40d104b3	sub	x9,x2,x13	  x2:0xc52c5060 x13:0xffffff00  x9=0xc52c5160
       12935000	      1292	80000148	007205b3	add	x11,x4,x7	  x4:0x80009f84  x7:0x7ce15000 x11=0xfce1ef84
       12945000	      1293	8000014c	d9183113	sltiu	x2,x16,-623	 x16:0x00000000  x2=0x00000001
       12955000	      1294	80000150	01af53b3	srl	x7,x30,x26	 x30:0x80000a66 x26:0xc52c543e  x7=0x00000002
       12965000	      1295	80000154	407ddc33	sra	x24,x27,x7	 x27:0x80009d97  x7:0x00000002 x24=0xe0002765
       12975000	      1296	80000158	0139dd13	srli	x26,x19,0x13	 x19:0x00000001 x26=0x00000000
       12985000	      1297	8000015c	d52f00e7	jalr	x1,x30,-686	 x30:0x80000a66  x1=0x8000015c
       12995000	      1298	00000000	00000013	addi	x0,x0,0	  x0:0x00000000
       13005000	      1299	800007b8	00000013	addi	x0,x0,0	  x0:0x00000000
       13015000	      1300	800007bc	fc820213	addi	x4,x4,-56	  x4:0x80009f84  x4=0x80009f4c
       13025000	      1301	800007c0	00122223	sw	x1,4(x4)	  x4:0x80009f4c  x1:0x8000015c PA:0x80009f50
       13035000	      1302	800007c4	00000013	addi	x0,x0,0	  x0:0x00000000
       13045000	      1303	800007c8	ea858c93	addi	x25,x11,-344	 x11:0xfce1ef84 x25=0xfce1ee2c
       13055000	      1304	800007cc	41185ab3	sra	x21,x16,x17	 x16:0x00000000 x17:0x00000000 x21=0x00000000
       13065000	      1305	800007d0	017c51b3	srl	x3,x24,x23	 x24:0xe0002765 x23:0x00000400  x3=0xe0002765
       13075000	      1306	800007d4	00008697	auipc	x13,0x8	 x13=0x800087d0
       13085000	      1307	800007d8	18868693	addi	x13,x13,392	 x13:0x800087d0 x13=0x80008958
       13095000	      1308	800007dc	27868da3	sb	x24,635(x13)	 x13:0x80008958 x24:0xe0002765 PA:0x80008bd3
       13105000	      1309	800007e0	5ab6c783	lbu	x15,1451(x13)	 x13:0x80008958 x15=0x00000031 PA:0x80008f03
       13115000	      1310	800007e4	5d468fa3	sb	x20,1503(x13)	 x13:0x80008958 x20:0x80000000 PA:0x80008f37
       13125000	      1311	800007e8	1f668123	sb	x22,482(x13)	 x13:0x80008958 x22:0x438d1000 PA:0x80008b3a
       13135000	      1312	800007ec	0c568a83	lb	x21,197(x13)	 x13:0x80008958 x21=0x00000050 PA:0x80008a1d
       13145000	      1313	800007f0	0c5682a3	sb	x5,197(x13)	 x13:0x80008958  x5:0x00000001 PA:0x80008a1d
       13155000	      1314	800007f4	f6268483	lb	x9,-158(x13)	 x13:0x80008958  x9=0x00000050 PA:0x800088ba
       13165000	      1315	800007f8	f626d583	lhu	x11,-158(x13)	 x13:0x80008958 x11=0x00000050 PA:0x800088ba
       13175000	      1316	800007fc	01dd2f33	slt	x30,x26,x29	 x26:0x00000000 x29:0x00000001 x30=0x00000001
       13185000	      1317	80000800	f6568123	sb	x5,-158(x13)	 x13:0x80008958  x5:0x00000001 PA:0x800088ba
       13195000	      1318	80000804	01555593	srli	x11,x10,0x15	 x10:0x00000000 x11=0x00000000
       13205000	      1319	80000808	f6269903	lh	x18,-158(x13)	 x13:0x80008958 x18=0x00000001 PA:0x800088ba
       13215000	      1320	8000080c	676405b7	lui	x11,0x67640	 x11=0x67640000
       13225000	      1321	80000810	00cb00b3	add	x1,x22,x12	 x22:0x438d1000 x12:0x80009fc4  x1=0xc38dafc4
       13235000	      1322	80000814	01459c13	slli	x24,x11,0x14	 x11:0x67640000 x24=0x00000000
       13245000	      1323	80000818	17268223	sb	x18,356(x13)	 x13:0x80008958 x18:0x00000001 PA:0x80008abc
       13255000	      1324	8000081c	99727e13	andi	x28,x4,-1641	  x4:0x80009f4c x28=0x80009904
       13265000	      1325	80000820	16468b03	lb	x22,356(x13)	 x13:0x80008958 x22=0x00000001 PA:0x80008abc
       13275000	      1326	80000824	16168223	sb	x1,356(x13)	 x13:0x80008958  x1:0xc38dafc4 PA:0x80008abc
       13285000	      1327	80000828	00008817	auipc	x16,0x8	 x16=0x80008824
       13295000	      1328	8000082c	c0a80813	addi	x16,x16,-1014	 x16:0x80008824 x16=0x8000842e
       13305000	      1329	80000830	16085183	lhu	x3,352(x16)	 x16:0x8000842e  x3=0x00000000 PA:0x8000858e
       13315000	      1330	80000834	00008697	auipc	x13,0x8	 x13=0x80008830
       13325000	      1331	80000838	8d068693	addi	x13,x13,-1840	 x13:0x80008830 x13=0x80008100
       13335000	      1332	8000083c	35b68283	lb	x5,859(x13)	 x13:0x80008100  x5=0x00000000 PA:0x8000845b
       13345000	      1333	00000000	00000013	addi	x0,x0,0	  x0:0x00000000
       13355000	      1334	80000840	2a580883	lb	x17,677(x16)	 x16:0x8000842e x17=0x00000000 PA:0x800086d3
       13365000	      1335	80000844	f89803a3	sb	x9,-121(x16)	 x16:0x8000842e  x9:0x00000050 PA:0x800083b5
       13375000	      1336	80000848	21b6c103	lbu	x2,539(x13)	 x13:0x80008100  x2=0x00000000 PA:0x8000831b
       13385000	      1337	8000084c	f1581a23	sh	x21,-236(x16)	 x16:0x8000842e x21:0x00000050 PA:0x80008342
       13395000	      1338	80000850	50968e03	lb	x28,1289(x13)	 x13:0x80008100 x28=0x00000000 PA:0x80008609
       13405000	      1339	80000854	ec580d03	lb	x26,-315(x16)	 x16:0x8000842e x26=0x00000000 PA:0x800082f3
       13415000	      1340	80000858	c4b80883	lb	x17,-949(x16)	 x16:0x8000842e x17=0x00000000 PA:0x80008079
       13425000	      1341	8000085c	1ab6c503	lbu	x10,427(x13)	 x13:0x80008100 x10=0x00000000 PA:0x800082ab
       13435000	      1342	80000860	2146a183	lw	x3,532(x13)	 x13:0x80008100  x3=0x00000000 PA:0x80008314
       13445000	      1343	80000864	00008b97	auipc	x23,0x8	 x23=0x80008860
       13455000	      1344	80000868	f8cb8b93	addi	x23,x23,-116	 x23:0x80008860 x23=0x800087ec
       13465000	      1345	8000086c	f08bad03	lw	x26,-248(x23)	 x23:0x800087ec x26=0x00000000 PA:0x800086f4
       13475000	      1346	80000870	00008517	auipc	x10,0x8	 x10=0x8000886c
       13485000	      1347	80000874	91050513	addi	x10,x10,-1776	 x10:0x8000886c x10=0x8000817c
       13495000	      1348	80000878	f91b85a3	sb	x17,-117(x23)	 x23:0x800087ec x17:0x00000000 PA:0x80008777
       13505000	      1349	8000087c	3a9502a3	sb	x9,933(x10)	 x10:0x8000817c  x9:0x00000050 PA:0x80008521
       13515000	      1350	80000880	00eb8c83	lb	x25,14(x23)	 x23:0x800087ec x25=0x00000000 PA:0x800087fa
       13525000	      1351	80000884	f67bcd83	lbu	x27,-153(x23)	 x23:0x800087ec x27=0x000000c4 PA:0x80008753
       13535000	      1352	80000888	f2852303	lw	x6,-216(x10)	 x10:0x8000817c  x6=0x00000000 PA:0x800080a4
       13545000	      1353	8000088c	0aa508a3	sb	x10,177(x10)	 x10:0x8000817c x10:0x8000817c PA:0x8000822d
       13555000	      1354	80000890	fa3b8da3	sb	x3,-69(x23)	 x23:0x800087ec  x3:0x00000000 PA:0x800087a7
       13565000	      1355	80000894	fc0b8fa3	sb	x0,-33(x23)	 x23:0x800087ec  x0:0x00000000 PA:0x800087cb
       13575000	      1356	80000898	fa9bc983	lbu	x19,-87(x23)	 x23:0x800087ec x19=0x00000000 PA:0x80008795
       13585000	      1357	8000089c	00fbc983	lbu	x19,15(x23)	 x23:0x800087ec x19=0x00000000 PA:0x800087fb
       13595000	      1358	800008a0	fc251c03	lh	x24,-62(x10)	 x10:0x8000817c x24=0x00000000 PA:0x8000813e
       13605000	      1359	800008a4	008baf83	lw	x31,8(x23)	 x23:0x800087ec x31=0x00000000 PA:0x800087f4
       13615000	      1360	800008a8	f1bb8183	lb	x3,-229(x23)	 x23:0x800087ec  x3=0x00000000 PA:0x80008707
       13625000	      1361	800008ac	69655783	lhu	x15,1686(x10)	 x10:0x8000817c x15=0x00000000 PA:0x80008812
       13635000	      1362	800008b0	00008917	auipc	x18,0x8	 x18=0x800088ac
       13645000	      1363	800008b4	12390913	addi	x18,x18,291	 x18:0x800088ac x18=0x800089cf
       13655000	      1364	800008b8	86a72813	slti	x16,x14,-1942	 x14:0x00000000 x16=0x00000000
       13665000	      1365	800008bc	08490323	sb	x4,134(x18)	 x18:0x800089cf  x4:0x80009f4c PA:0x80008a55
       13675000	      1366	800008c0	f1890983	lb	x19,-232(x18)	 x18:0x800089cf x19=0x00000000 PA:0x800088e7
       13685000	      1367	800008c4	fa090e03	lb	x28,-96(x18)	 x18:0x800089cf x28=0x00000000 PA:0x8000896f
       13695000	      1368	800008c8	046918a3	sh	x6,81(x18)	 x18:0x800089cf  x6:0x00000000 PA:0x80008a20
       13705000	      1369	800008cc	013926a3	sw	x19,13(x18)	 x18:0x800089cf x19:0x00000000 PA:0x800089dc
       13715000	      1370	800008d0	f2b90c03	lb	x24,-213(x18)	 x18:0x800089cf x24=0x00000000 PA:0x800088fa
       13725000	      1371	800008d4	f1090f23	sb	x16,-226(x18)	 x18:0x800089cf x16:0x00000000 PA:0x800088ed
       13735000	      1372	800008d8	fcb94503	lbu	x10,-53(x18)	 x18:0x800089cf x10=0x00000000 PA:0x8000899a
       13745000	      1373	800008dc	03791003	lh	x0,55(x18)	 x18:0x800089cf PA:0x80008a06
       13755000	      1374	800008e0	f9f912a3	sh	x31,-123(x18)	 x18:0x800089cf x31:0x00000000 PA:0x80008954
       13765000	      1375	800008e4	0b591d83	lh	x27,181(x18)	 x18:0x800089cf x27=0x00000000 PA:0x80008a84
       13775000	      1376	800008e8	0b790623	sb	x23,172(x18)	 x18:0x800089cf x23:0x800087ec PA:0x80008a7b
       13785000	      1377	800008ec	09a90c23	sb	x26,152(x18)	 x18:0x800089cf x26:0x00000000 PA:0x80008a67
       13795000	      1378	800008f0	415c5593	srai	x11,x24,0x15	 x24:0x00000000 x11=0x00000000
       13805000	      1379	800008f4	4093d733	sra	x14,x7,x9	  x7:0x00000002  x9:0x00000050 x14=0x00000000
       13815000	      1380	800008f8	01490383	lb	x7,20(x18)	 x18:0x800089cf  x7=0x00000000 PA:0x800089e3
       13825000	      1381	800008fc	9e29b993	sltiu	x19,x19,-1566	 x19:0x00000000 x19=0x00000001
       13835000	      1382	80000900	fff90a23	sb	x31,-12(x18)	 x18:0x800089cf x31:0x00000000 PA:0x800089c3
       13845000	      1383	80000904	405ddc33	sra	x24,x27,x5	 x27:0x00000000  x5:0x00000000 x24=0x00000000
       13855000	      1384	80000908	0f6902a3	sb	x22,229(x18)	 x18:0x800089cf x22:0x00000001 PA:0x80008ab4
       13865000	      1385	8000090c	05992c03	lw	x24,89(x18)	 x18:0x800089cf x24=0x00000000 PA:0x80008a28
       13875000	      1386	80000910	00a90b23	sb	x10,22(x18)	 x18:0x800089cf x10:0x00000000 PA:0x800089e5
       13885000	      1387	80000914	e44a4f93	xori	x31,x20,-444	 x20:0x80000000 x31=0x7ffffe44
       13895000	      1388	80000918	f2790aa3	sb	x7,-203(x18)	 x18:0x800089cf  x7:0x00000000 PA:0x80008904
       13905000	      1389	8000091c	f3e90b03	lb	x22,-194(x18)	 x18:0x800089cf x22=0x00000000 PA:0x8000890d
       13915000	      1390	80000920	0fe94583	lbu	x11,254(x18)	 x18:0x800089cf x11=0x00000000 PA:0x80008acd
       13925000	      1391	00000000	00000013	addi	x0,x0,0	  x0:0x00000000
       13935000	      1392	80000924	0cb90003	lb	x0,203(x18)	 x18:0x800089cf PA:0x80008a9a
       13945000	      1393	80000928	f4c94383	lbu	x7,-180(x18)	 x18:0x800089cf  x7=0x00000000 PA:0x8000891b
       13955000	      1394	8000092c	0c890283	lb	x5,200(x18)	 x18:0x800089cf  x5=0x00000000 PA:0x80008a97
       13965000	      1395	80000930	f0294483	lbu	x9,-254(x18)	 x18:0x800089cf  x9=0x00000000 PA:0x800088d1
       13975000	      1396	80000934	f6094483	lbu	x9,-160(x18)	 x18:0x800089cf  x9=0x00000000 PA:0x8000892f
       13985000	      1397	80000938	07590c03	lb	x24,117(x18)	 x18:0x800089cf x24=0x00000000 PA:0x80008a44
       13995000	      1398	8000093c	0d394183	lbu	x3,211(x18)	 x18:0x800089cf  x3=0x00000000 PA:0x80008aa2
       14005000	      1399	80000940	01cc1c33	sll	x24,x24,x28	 x24:0x00000000 x28:0x00000000 x24=0x00000000
       14015000	      1400	80000944	00b80f33	add	x30,x16,x11	 x16:0x00000000 x11:0x00000000 x30=0x00000000
       14025000	      1401	80000948	39674293	xori	x5,x14,918	 x14:0x00000000  x5=0x00000396
       14035000	      1402	8000094c	008909a3	sb	x8,19(x18)	 x18:0x800089cf  x8:0x00000000 PA:0x800089e2
       14045000	      1403	80000950	011b0f33	add	x30,x22,x17	 x22:0x00000000 x17:0x00000000 x30=0x00000000
       14055000	      1404	80000954	09790923	sb	x23,146(x18)	 x18:0x800089cf x23:0x800087ec PA:0x80008a61
       14065000	      1405	80000958	00008697	auipc	x13,0x8	 x13=0x80008954
       14075000	      1406	8000095c	d5368693	addi	x13,x13,-685	 x13:0x80008954 x13=0x800086a7
       14085000	      1407	80000960	40150d33	sub	x26,x10,x1	 x10:0x00000000  x1:0xc38dafc4 x26=0x3c72503c
       14095000	      1408	80000964	00f69303	lh	x6,15(x13)	 x13:0x800086a7  x6=0x000000ec PA:0x800086b6
       14105000	      1409	80000968	00f6df03	lhu	x30,15(x13)	 x13:0x800086a7 x30=0x000000ec PA:0x800086b6
       14115000	      1410	8000096c	017687a3	sb	x23,15(x13)	 x13:0x800086a7 x23:0x800087ec PA:0x800086b6
       14125000	      1411	80000970	00a6a4a3	sw	x10,9(x13)	 x13:0x800086a7 x10:0x00000000 PA:0x800086b0
       14135000	      1412	80000974	00d694a3	sh	x13,9(x13)	 x13:0x800086a7 x13:0x800086a7 PA:0x800086b0
       14145000	      1413	80000978	0216cb83	lbu	x23,33(x13)	 x13:0x800086a7 x23=0x000000cf PA:0x800086c8
       14155000	      1414	8000097c	0326a0a3	sw	x18,33(x13)	 x13:0x800086a7 x18:0x800089cf PA:0x800086c8
       14165000	      1415	80000980	008f1593	slli	x11,x30,0x8	 x30:0x000000ec x11=0x0000ec00
       14175000	      1416	80000984	02168b83	lb	x23,33(x13)	 x13:0x800086a7 x23=0xffffffcf PA:0x800086c8
       14185000	      1417	80000988	0346c183	lbu	x3,52(x13)	 x13:0x800086a7  x3=0x00000000 PA:0x800086db
       14195000	      1418	8000098c	02268a23	sb	x2,52(x13)	 x13:0x800086a7  x2:0x00000000 PA:0x800086db
       14205000	      1419	80000990	03468f03	lb	x30,52(x13)	 x13:0x800086a7 x30=0x00000000 PA:0x800086db
       14215000	      1420	80000994	fce69ea3	sh	x14,-35(x13)	 x13:0x800086a7 x14:0x00000000 PA:0x80008684
       14225000	      1421	80000998	fd668283	lb	x5,-42(x13)	 x13:0x800086a7  x5=0x00000000 PA:0x8000867d
       14235000	      1422	8000099c	01d24fb3	xor	x31,x4,x29	  x4:0x80009f4c x29:0x00000001 x31=0x80009f4d
       14245000	      1423	800009a0	005fdd33	srl	x26,x31,x5	 x31:0x80009f4d  x5:0x00000000 x26=0x80009f4d
       14255000	      1424	800009a4	00268c83	lb	x25,2(x13)	 x13:0x800086a7 x25=0x0000004c PA:0x800086a9
       14265000	      1425	800009a8	e66b7c37	lui	x24,0xe66b7	 x24=0xe66b7000
       14275000	      1426	800009ac	01a68123	sb	x26,2(x13)	 x13:0x800086a7 x26:0x80009f4d PA:0x800086a9
       14285000	      1427	800009b0	416c5d33	sra	x26,x24,x22	 x24:0xe66b7000 x22:0x00000000 x26=0xe66b7000
       14295000	      1428	800009b4	a5516393	ori	x7,x2,-1451	  x2:0x00000000  x7=0xfffffa55
       14305000	      1429	800009b8	00268403	lb	x8,2(x13)	 x13:0x800086a7  x8=0x0000004d PA:0x800086a9
       14315000	      1430	800009bc	ffc68e83	lb	x29,-4(x13)	 x13:0x800086a7 x29=0x00000000 PA:0x800086a3
       14325000	      1431	800009c0	ff368e23	sb	x19,-4(x13)	 x13:0x800086a7 x19:0x00000001 PA:0x800086a3
       14335000	      1432	800009c4	fe568e23	sb	x5,-4(x13)	 x13:0x800086a7  x5:0x00000000 PA:0x800086a3
       14345000	      1433	800009c8	00008c97	auipc	x25,0x8	 x25=0x800089c4
       14355000	      1434	800009cc	471c8c93	addi	x25,x25,1137	 x25:0x800089c4 x25=0x80008e35
       14365000	      1435	800009d0	00008197	auipc	x3,0x8	  x3=0x800089cc
       14375000	      1436	800009d4	24e18193	addi	x3,x3,590	  x3:0x800089cc  x3=0x80008c1a
       14385000	      1437	800009d8	00318703	lb	x14,3(x3)	  x3:0x80008c1a x14=0x00000000 PA:0x80008c1d
       14395000	      1438	800009dc	00008897	auipc	x17,0x8	 x17=0x800089d8
       14405000	      1439	800009e0	4a288893	addi	x17,x17,1186	 x17:0x800089d8 x17=0x80008e7a
       14415000	      1440	800009e4	00008c17	auipc	x24,0x8	 x24=0x800089e0
       14425000	      1441	800009e8	e54c0c13	addi	x24,x24,-428	 x24:0x800089e0 x24=0x80008834
       14435000	      1442	800009ec	040c1003	lh	x0,64(x24)	 x24:0x80008834 PA:0x80008874
       14445000	      1443	800009f0	fe11cf83	lbu	x31,-31(x3)	  x3:0x80008c1a x31=0x00000000 PA:0x80008bfb
       14455000	      1444	800009f4	00008517	auipc	x10,0x8	 x10=0x800089f0
       14465000	      1445	800009f8	10d50513	addi	x10,x10,269	 x10:0x800089f0 x10=0x80008afd
       14475000	      1446	800009fc	007c0383	lb	x7,7(x24)	 x24:0x80008834  x7=0x00000000 PA:0x8000883b
       14485000	      1447	80000a00	ff8c8f03	lb	x30,-8(x25)	 x25:0x80008e35 x30=0x00000000 PA:0x80008e2d
       14495000	      1448	00000000	00000013	addi	x0,x0,0	  x0:0x00000000
       14505000	      1449	80000a04	03e50083	lb	x1,62(x10)	 x10:0x80008afd  x1=0x00000000 PA:0x80008b3b
       14515000	      1450	80000a08	ca488ba3	sb	x4,-841(x17)	 x17:0x80008e7a  x4:0x80009f4c PA:0x80008b31
       14525000	      1451	80000a0c	02318fa3	sb	x3,63(x3)	  x3:0x80008c1a  x3:0x80008c1a PA:0x80008c59
       14535000	      1452	80000a10	0f6c5303	lhu	x6,246(x24)	 x24:0x80008834  x6=0x00000000 PA:0x8000892a
       14545000	      1453	80000a14	c658ab23	sw	x5,-906(x17)	 x17:0x80008e7a  x5:0x00000000 PA:0x80008af0
       14555000	      1454	80000a18	f7a18b83	lb	x23,-134(x3)	  x3:0x80008c1a x23=0x00000000 PA:0x80008b94
       14565000	      1455	80000a1c	fc951803	lh	x16,-55(x10)	 x10:0x80008afd x16=0x00000000 PA:0x80008ac6
       14575000	      1456	80000a20	dcc89923	sh	x12,-558(x17)	 x17:0x80008e7a x12:0x80009fc4 PA:0x80008c4c
       14585000	      1457	80000a24	fe654e03	lbu	x28,-26(x10)	 x10:0x80008afd x28=0x00000000 PA:0x80008ae3
       14595000	      1458	80000a28	b49882a3	sb	x9,-1211(x17)	 x17:0x80008e7a  x9:0x00000000 PA:0x800089bf
       14605000	      1459	80000a2c	023c0a83	lb	x21,35(x24)	 x24:0x80008834 x21=0x00000000 PA:0x80008857
       14615000	      1460	80000a30	f9288da3	sb	x18,-101(x17)	 x17:0x80008e7a x18:0x800089cf PA:0x80008e15
       14625000	      1461	80000a34	08ec5b03	lhu	x22,142(x24)	 x24:0x80008834 x22=0x00000000 PA:0x800088c2
       14635000	      1462	80000a38	0a8c4003	lbu	x0,168(x24)	 x24:0x80008834 PA:0x800088dc
       14645000	      1463	80000a3c	0c819483	lh	x9,200(x3)	  x3:0x80008c1a  x9=0x00000000 PA:0x80008ce2
       14655000	      1464	80000a40	0418ca83	lbu	x21,65(x17)	 x17:0x80008e7a x21=0x00000000 PA:0x80008ebb
       14665000	      1465	80000a44	02b52f03	lw	x30,43(x10)	 x10:0x80008afd x30=0x00000000 PA:0x80008b28
       14675000	      1466	80000a48	0adc4903	lbu	x18,173(x24)	 x24:0x80008834 x18=0x00000000 PA:0x800088e1
       14685000	      1467	80000a4c	008cc703	lbu	x14,8(x25)	 x25:0x80008e35 x14=0x00000000 PA:0x80008e3d
       14695000	      1468	80000a50	e5e8ab83	lw	x23,-418(x17)	 x17:0x80008e7a x23=0x00000000 PA:0x80008cd8
       14705000	      1469	80000a54	ad18c083	lbu	x1,-1327(x17)	 x17:0x80008e7a  x1=0x00000000 PA:0x8000894b
       14715000	      1470	80000a58	00fca083	lw	x1,15(x25)	 x25:0x80008e35  x1=0x00000000 PA:0x80008e44
       14725000	      1471	80000a5c	00fc8583	lb	x11,15(x25)	 x25:0x80008e35 x11=0x00000000 PA:0x80008e44
       14735000	      1472	80000a60	fdf54b03	lbu	x22,-33(x10)	 x10:0x80008afd x22=0x00000000 PA:0x80008adc
       14745000	      1473	80000a64	009c9803	lh	x16,9(x25)	 x25:0x80008e35 x16=0x00000000 PA:0x80008e3e
       14755000	      1474	80000a68	05ec0e83	lb	x29,94(x24)	 x24:0x80008834 x29=0x00000000 PA:0x80008892
       14765000	      1475	80000a6c	fe118d83	lb	x27,-31(x3)	  x3:0x80008c1a x27=0x00000000 PA:0x80008bfb
       14775000	      1476	80000a70	cf089283	lh	x5,-784(x17)	 x17:0x80008e7a  x5=0x00000000 PA:0x80008b6a
       14785000	      1477	80000a74	033c1423	sh	x19,40(x24)	 x24:0x80008834 x19:0x00000001 PA:0x8000885c
       14795000	      1478	80000a78	027501a3	sb	x7,35(x10)	 x10:0x80008afd  x7:0x00000000 PA:0x80008b20
       14805000	      1479	80000a7c	00008117	auipc	x2,0x8	  x2=0x80008a78
       14815000	      1480	80000a80	22510113	addi	x2,x2,549	  x2:0x80008a78  x2=0x80008c9d
       14825000	      1481	80000a84	011b8033	add	x0,x23,x17	 x23:0x00000000 x17:0x80008e7a
       14835000	      1482	80000a88	01214783	lbu	x15,18(x2)	  x2:0x80008c9d x15=0x00000000 PA:0x80008caf
       14845000	      1483	80000a8c	01da9fb3	sll	x31,x21,x29	 x21:0x00000000 x29:0x00000000 x31=0x00000000
       14855000	      1484	80000a90	01a10f03	lb	x30,26(x2)	  x2:0x80008c9d x30=0x00000000 PA:0x80008cb7
       14865000	      1485	00000000	00000013	addi	x0,x0,0	  x0:0x00000000
       14875000	      1486	80000a94	353f6013	ori	x0,x30,851	 x30:0x00000000
       14885000	      1487	80000a98	00a59313	slli	x6,x11,0xa	 x11:0x00000000  x6=0x00000000
       14895000	      1488	80000a9c	00775393	srli	x7,x14,0x7	 x14:0x00000000  x7=0x00000000
       14905000	      1489	80000aa0	8282e293	ori	x5,x5,-2008	  x5:0x00000000  x5=0xfffff828
       14915000	      1490	80000aa4	fc2100a3	sb	x2,-63(x2)	  x2:0x80008c9d  x2:0x80008c9d PA:0x80008c5e
       14925000	      1491	80000aa8	011104a3	sb	x17,9(x2)	  x2:0x80008c9d x17:0x80008e7a PA:0x80008ca6
       14935000	      1492	80000aac	00000013	addi	x0,x0,0	  x0:0x00000000
       14945000	      1493	80000ab0	4122d4b3	sra	x9,x5,x18	  x5:0xfffff828 x18:0x00000000  x9=0xfffff828
       14955000	      1494	80000ab4	01d11a83	lh	x21,29(x2)	  x2:0x80008c9d x21=0x00000000 PA:0x80008cba
       14965000	      1495	80000ab8	01465bb3	srl	x23,x12,x20	 x12:0x80009fc4 x20:0x80000000 x23=0x80009fc4
       14975000	      1496	80000abc	c31d7e13	andi	x28,x26,-975	 x26:0xe66b7000 x28=0xe66b7000
       14985000	      1497	80000ac0	013d9533	sll	x10,x27,x19	 x27:0x00000000 x19:0x00000001 x10=0x00000000
       14995000	      1498	80000ac4	007d5d33	srl	x26,x26,x7	 x26:0xe66b7000  x7:0x00000000 x26=0xe66b7000
       15005000	      1499	80000ac8	01791eb3	sll	x29,x18,x23	 x18:0x00000000 x23:0x80009fc4 x29=0x00000000
       15015000	      1500	80000acc	8cacec13	ori	x24,x25,-1846	 x25:0x80008e35 x24=0xfffffeff
       15025000	      1501	80000ad0	fcb10683	lb	x13,-53(x2)	  x2:0x80008c9d x13=0x00000000 PA:0x80008c68
       15035000	      1502	80000ad4	ffc10f03	lb	x30,-4(x2)	  x2:0x80008c9d x30=0x00000000 PA:0x80008c99
       15045000	      1503	80000ad8	03c97893	andi	x17,x18,60	 x18:0x00000000 x17=0x00000000
       15055000	      1504	80000adc	00283c33	sltu	x24,x16,x2	 x16:0x00000000  x2:0x80008c9d x24=0x00000001
       15065000	      1505	80000ae0	01f32db3	slt	x27,x6,x31	  x6:0x00000000 x31:0x00000000 x27=0x00000000
       15075000	      1506	80000ae4	ffb11183	lh	x3,-5(x2)	  x2:0x80008c9d  x3=0x00000000 PA:0x80008c98
       15085000	      1507	80000ae8	ffc14803	lbu	x16,-4(x2)	  x2:0x80008c9d x16=0x00000000 PA:0x80008c99
       15095000	      1508	80000aec	008b9593	slli	x11,x23,0x8	 x23:0x80009fc4 x11=0x009fc400
       15105000	      1509	80000af0	fd114003	lbu	x0,-47(x2)	  x2:0x80008c9d PA:0x80008c6e
       15115000	      1510	80000af4	00a10823	sb	x10,16(x2)	  x2:0x80008c9d x10:0x00000000 PA:0x80008cad
       15125000	      1511	80000af8	009e1b13	slli	x22,x28,0x9	 x28:0xe66b7000 x22=0xd6e00000
       15135000	      1512	80000afc	0019ffb3	and	x31,x19,x1	 x19:0x00000001  x1:0x00000000 x31=0x00000000
       15145000	      1513	80000b00	03d10403	lb	x8,61(x2)	  x2:0x80008c9d  x8=0x00000000 PA:0x80008cda
       15155000	      1514	80000b04	009508b3	add	x17,x10,x9	 x10:0x00000000  x9:0xfffff828 x17=0xfffff828
       15165000	      1515	80000b08	01986fb3	or	x31,x16,x25	 x16:0x00000000 x25:0x80008e35 x31=0x80008e35
       15175000	      1516	80000b0c	ff410003	lb	x0,-12(x2)	  x2:0x80008c9d PA:0x80008c91
       15185000	      1517	80000b10	02b11c03	lh	x24,43(x2)	  x2:0x80008c9d x24=0x00000000 PA:0x80008cc8
       15195000	      1518	80000b14	00008697	auipc	x13,0x8	 x13=0x80008b10
       15205000	      1519	80000b18	e1368693	addi	x13,x13,-493	 x13:0x80008b10 x13=0x80008923
       15215000	      1520	80000b1c	0004d913	srli	x18,x9,0x0	  x9:0xfffff828 x18=0xfffff828
       15225000	      1521	80000b20	ad1e3113	sltiu	x2,x28,-1327	 x28:0xe66b7000  x2=0x00000001
       15235000	      1522	80000b24	1d46c903	lbu	x18,468(x13)	 x13:0x80008923 x18=0x00000000 PA:0x80008af7
       15245000	      1523	80000b28	24769803	lh	x16,583(x13)	 x13:0x80008923 x16=0x00000000 PA:0x80008b6a
       15255000	      1524	80000b2c	01af0533	add	x10,x30,x26	 x30:0x00000000 x26:0xe66b7000 x10=0xe66b7000
       15265000	      1525	80000b30	0416a0a3	sw	x1,65(x13)	 x13:0x80008923  x1:0x00000000 PA:0x80008964
       15275000	      1526	80000b34	011f5bb3	srl	x23,x30,x17	 x30:0x00000000 x17:0xfffff828 x23=0x00000000
       15285000	      1527	80000b38	00000013	addi	x0,x0,0	  x0:0x00000000
       15295000	      1528	80000b3c	1296a503	lw	x10,297(x13)	 x13:0x80008923 x10=0x00000000 PA:0x80008a4c
       15305000	      1529	80000b40	00b61813	slli	x16,x12,0xb	 x12:0x80009fc4 x16=0x04fe2000
       15315000	      1530	80000b44	4d76cd83	lbu	x27,1239(x13)	 x13:0x80008923 x27=0x00000000 PA:0x80008dfa
       15325000	      1531	80000b48	0079ee33	or	x28,x19,x7	 x19:0x00000001  x7:0x00000000 x28=0x00000001
       15335000	      1532	80000b4c	42e6a8a3	sw	x14,1073(x13)	 x13:0x80008923 x14:0x00000000 PA:0x80008d54
       15345000	      1533	80000b50	41b60f33	sub	x30,x12,x27	 x12:0x80009fc4 x27:0x00000000 x30=0x80009fc4
       15355000	      1534	80000b54	47c68903	lb	x18,1148(x13)	 x13:0x80008923 x18=0x00000000 PA:0x80008d9f
       15365000	      1535	80000b58	00e6ad33	slt	x26,x13,x14	 x13:0x80008923 x14:0x00000000 x26=0x00000001
       15375000	      1536	80000b5c	41730fb3	sub	x31,x6,x23	  x6:0x00000000 x23:0x00000000 x31=0x00000000
       15385000	      1537	80000b60	40a68d23	sb	x10,1050(x13)	 x13:0x80008923 x10:0x00000000 PA:0x80008d3d
       15395000	      1538	80000b64	31ffd897	auipc	x17,0x31ffd	 x17=0xb1ffdb60
       15405000	      1539	80000b68	0151c4b3	xor	x9,x3,x21	  x3:0x00000000 x21:0x00000000  x9=0x00000000
       15415000	      1540	80000b6c	412f5733	sra	x14,x30,x18	 x30:0x80009fc4 x18:0x00000000 x14=0x80009fc4
       15425000	      1541	80000b70	40770d33	sub	x26,x14,x7	 x14:0x80009fc4  x7:0x00000000 x26=0x80009fc4
       15435000	      1542	80000b74	010fedb3	or	x27,x31,x16	 x31:0x00000000 x16:0x04fe2000 x27=0x04fe2000
       15445000	      1543	80000b78	4b668403	lb	x8,1206(x13)	 x13:0x80008923  x8=0x00000000 PA:0x80008dd9
       15455000	      1544	80000b7c	ef6fcc93	xori	x25,x31,-266	 x31:0x00000000 x25=0xfffffef6
       15465000	      1545	80000b80	01e3de13	srli	x28,x7,0x1e	  x7:0x00000000 x28=0x00000000
       15475000	      1546	80000b84	3b168403	lb	x8,945(x13)	 x13:0x80008923  x8=0x00000000 PA:0x80008cd4
       15485000	      1547	80000b88	63268b03	lb	x22,1586(x13)	 x13:0x80008923 x22=0x00000000 PA:0x80008f55
       15495000	      1548	80000b8c	58013037	lui	x0,0x58013	
       15505000	      1549	80000b90	12792c93	slti	x25,x18,295	 x18:0x00000000 x25=0x00000001
       15515000	      1550	80000b94	015f8833	add	x16,x31,x21	 x31:0x00000000 x21:0x00000000 x16=0x00000000
       15525000	      1551	80000b98	27668da3	sb	x22,635(x13)	 x13:0x80008923 x22:0x00000000 PA:0x80008b9e
       15535000	      1552	80000b9c	33e6cb03	lbu	x22,830(x13)	 x13:0x80008923 x22=0x00000000 PA:0x80008c61
       15545000	      1553	80000ba0	00008117	auipc	x2,0x8	  x2=0x80008b9c
       15555000	      1554	80000ba4	bf410113	addi	x2,x2,-1036	  x2:0x80008b9c  x2=0x80008790
       15565000	      1555	80000ba8	f1211303	lh	x6,-238(x2)	  x2:0x80008790  x6=0x00000000 PA:0x800086a2
       15575000	      1556	80000bac	01499bb3	sll	x23,x19,x20	 x19:0x00000001 x20:0x80000000 x23=0x00000001
       15585000	      1557	80000bb0	012e6433	or	x8,x28,x18	 x28:0x00000000 x18:0x00000000  x8=0x00000000
       15595000	      1558	80000bb4	f1215583	lhu	x11,-238(x2)	  x2:0x80008790 x11=0x00000000 PA:0x800086a2
       15605000	      1559	80000bb8	4994eb93	ori	x23,x9,1177	  x9:0x00000000 x23=0x00000499
       15615000	      1560	80000bbc	fc211f03	lh	x30,-62(x2)	  x2:0x80008790 x30=0xffffc400 PA:0x80008752
       15625000	      1561	80000bc0	00000013	addi	x0,x0,0	  x0:0x00000000
       15635000	      1562	80000bc4	f30100a3	sb	x16,-223(x2)	  x2:0x80008790 x16:0x00000000 PA:0x800086b1
       15645000	      1563	80000bc8	f3f100a3	sb	x31,-223(x2)	  x2:0x80008790 x31:0x00000000 PA:0x800086b1
       15655000	      1564	80000bcc	f3c100a3	sb	x28,-223(x2)	  x2:0x80008790 x28:0x00000000 PA:0x800086b1
       15665000	      1565	80000bd0	f2d100a3	sb	x13,-223(x2)	  x2:0x80008790 x13:0x80008923 PA:0x800086b1
       15675000	      1566	80000bd4	fde104a3	sb	x30,-55(x2)	  x2:0x80008790 x30:0xffffc400 PA:0x80008759
       15685000	      1567	80000bd8	fc910e83	lb	x29,-55(x2)	  x2:0x80008790 x29=0x00000000 PA:0x80008759
       15695000	      1568	80000bdc	4f4cc813	xori	x16,x25,1268	 x25:0x00000001 x16=0x000004f5
       15705000	      1569	80000be0	04e10403	lb	x8,78(x2)	  x2:0x80008790  x8=0x00000000 PA:0x800087de
       15715000	      1570	80000be4	03012e23	sw	x16,60(x2)	  x2:0x80008790 x16:0x000004f5 PA:0x800087cc
       15725000	      1571	80000be8	03c14683	lbu	x13,60(x2)	  x2:0x80008790 x13=0x000000f5 PA:0x800087cc
       15735000	      1572	80000bec	1ddce313	ori	x6,x25,477	 x25:0x00000001  x6=0x000001dd
       15745000	      1573	80000bf0	40da8d33	sub	x26,x21,x13	 x21:0x00000000 x13:0x000000f5 x26=0xffffff0b
       15755000	      1574	80000bf4	03c10d83	lb	x27,60(x2)	  x2:0x80008790 x27=0xfffffff5 PA:0x800087cc
       15765000	      1575	80000bf8	fa910583	lb	x11,-87(x2)	  x2:0x80008790 x11=0x00000000 PA:0x80008739
       15775000	      1576	80000bfc	f5510503	lb	x10,-171(x2)	  x2:0x80008790 x10=0x00000000 PA:0x800086e5
       15785000	      1577	80000c00	f4415683	lhu	x13,-188(x2)	  x2:0x80008790 x13=0x00000000 PA:0x800086d4
       15795000	      1578	80000c04	00008397	auipc	x7,0x8	  x7=0x80008c00
       15805000	      1579	80000c08	02938393	addi	x7,x7,41	  x7:0x80008c00  x7=0x80008c29
       15815000	      1580	80000c0c	00538623	sb	x5,12(x7)	  x7:0x80008c29  x5:0xfffff828 PA:0x80008c35
       15825000	      1581	80000c10	00008517	auipc	x10,0x8	 x10=0x80008c0c
       15835000	      1582	80000c14	0a750513	addi	x10,x10,167	 x10:0x80008c0c x10=0x80008cb3
       15845000	      1583	80000c18	00008197	auipc	x3,0x8	  x3=0x80008c14
       15855000	      1584	80000c1c	21018193	addi	x3,x3,528	  x3:0x80008c14  x3=0x80008e24
       15865000	      1585	80000c20	f9254983	lbu	x19,-110(x10)	 x10:0x80008cb3 x19=0x00000000 PA:0x80008c45
       15875000	      1586	80000c24	fda39ca3	sh	x26,-39(x7)	  x7:0x80008c29 x26:0xffffff0b PA:0x80008c02
       15885000	      1587	80000c28	00838323	sb	x8,6(x7)	  x7:0x80008c29  x8:0x00000000 PA:0x80008c2f
       15895000	      1588	80000c2c	fd818ca3	sb	x24,-39(x3)	  x3:0x80008e24 x24:0x00000000 PA:0x80008dfd
       15905000	      1589	80000c30	02739ea3	sh	x7,61(x7)	  x7:0x80008c29  x7:0x80008c29 PA:0x80008c66
       15915000	      1590	80000c34	04254803	lbu	x16,66(x10)	 x10:0x80008cb3 x16=0x00000000 PA:0x80008cf5
       15925000	      1591	80000c38	27c54803	lbu	x16,636(x10)	 x10:0x80008cb3 x16=0x00000000 PA:0x80008f2f
       15935000	      1592	80000c3c	fef39d83	lh	x27,-17(x7)	  x7:0x80008c29 x27=0x00000000 PA:0x80008c18
       15945000	      1593	80000c40	0031cd03	lbu	x26,3(x3)	  x3:0x80008e24 x26=0x00000000 PA:0x80008e27
       15955000	      1594	80000c44	0291c983	lbu	x19,41(x3)	  x3:0x80008e24 x19=0x00000000 PA:0x80008e4d
       15965000	      1595	80000c48	004389a3	sb	x4,19(x7)	  x7:0x80008c29  x4:0x80009f4c PA:0x80008c3c
       15975000	      1596	80000c4c	01c3cb03	lbu	x22,28(x7)	  x7:0x80008c29 x22=0x00000000 PA:0x80008c45
       15985000	      1597	80000c50	0b950f83	lb	x31,185(x10)	 x10:0x80008cb3 x31=0x00000000 PA:0x80008d6c
       15995000	      1598	80000c54	ffa1dc83	lhu	x25,-6(x3)	  x3:0x80008e24 x25=0x00000000 PA:0x80008e1e
       16005000	      1599	80000c58	dc550d23	sb	x5,-550(x10)	 x10:0x80008cb3  x5:0xfffff828 PA:0x80008a8d
       16015000	      1600	80000c5c	0303c583	lbu	x11,48(x7)	  x7:0x80008c29 x11=0x0000001a PA:0x80008c59
       16025000	      1601	80000c60	0ee54283	lbu	x5,238(x10)	 x10:0x80008cb3  x5=0x00000000 PA:0x80008da1
       16035000	      1602	80000c64	0153d983	lhu	x19,21(x7)	  x7:0x80008c29 x19=0x00000000 PA:0x80008c3e
       16045000	      1603	80000c68	fc01a883	lw	x17,-64(x3)	  x3:0x80008e24 x17=0x00000000 PA:0x80008de4
       16055000	      1604	80000c6c	00008797	auipc	x15,0x8	 x15=0x80008c68
       16065000	      1605	80000c70	adf78793	addi	x15,x15,-1313	 x15:0x80008c68 x15=0x80008747
       16075000	      1606	80000c74	01011b33	sll	x22,x2,x16	  x2:0x80008790 x16:0x00000000 x22=0x80008790
       16085000	      1607	80000c78	dffafe17	auipc	x28,0xdffaf	 x28=0x5ffafc74
       16095000	      1608	80000c7c	00278283	lb	x5,2(x15)	 x15:0x80008747  x5=0x00000000 PA:0x80008749
       16105000	      1609	80000c80	00e7cb03	lbu	x22,14(x15)	 x15:0x80008747 x22=0x00000000 PA:0x80008755
       16115000	      1610	00000000	00000013	addi	x0,x0,0	  x0:0x00000000
       16125000	      1611	80000c84	659b6913	ori	x18,x22,1625	 x22:0x00000000 x18=0x00000659
       16135000	      1612	80000c88	410501b3	sub	x3,x10,x16	 x10:0x80008cb3 x16:0x00000000  x3=0x80008cb3
       16145000	      1613	80000c8c	0065dc33	srl	x24,x11,x6	 x11:0x0000001a  x6:0x000001dd x24=0x00000000
       16155000	      1614	80000c90	ff179f83	lh	x31,-15(x15)	 x15:0x80008747 x31=0x00000000 PA:0x80008738
       16165000	      1615	80000c94	006b5413	srli	x8,x22,0x6	 x22:0x00000000  x8=0x00000000
       16175000	      1616	80000c98	012cdf93	srli	x31,x25,0x12	 x25:0x00000000 x31=0x00000000
       16185000	      1617	80000c9c	d4b54d93	xori	x27,x10,-693	 x10:0x80008cb3 x27=0x7fff71f8
       16195000	      1618	80000ca0	00e78623	sb	x14,12(x15)	 x15:0x80008747 x14:0x80009fc4 PA:0x80008753
       16205000	      1619	80000ca4	d2e6e293	ori	x5,x13,-722	 x13:0x00000000  x5=0xfffffd2e
       16215000	      1620	80000ca8	00000013	addi	x0,x0,0	  x0:0x00000000
       16225000	      1621	80000cac	c0f6cf93	xori	x31,x13,-1009	 x13:0x00000000 x31=0xfffffc0f
       16235000	      1622	80000cb0	01eb5693	srli	x13,x22,0x1e	 x22:0x00000000 x13=0x00000000
       16245000	      1623	80000cb4	40290eb3	sub	x29,x18,x2	 x18:0x00000659  x2:0x80008790 x29=0x7fff7ec9
       16255000	      1624	80000cb8	5cbe8693	addi	x13,x29,1483	 x29:0x7fff7ec9 x13=0x7fff8494
       16265000	      1625	80000cbc	9989c093	xori	x1,x19,-1640	 x19:0x00000000  x1=0xfffff998
       16275000	      1626	80000cc0	249a8113	addi	x2,x21,585	 x21:0x00000000  x2=0x00000249
       16285000	      1627	80000cc4	6ff99d17	auipc	x26,0x6ff99	 x26=0xeff99cc0
       16295000	      1628	80000cc8	00bf9cb3	sll	x25,x31,x11	 x31:0xfffffc0f x11:0x0000001a x25=0x3c000000
       16305000	      1629	80000ccc	016004b3	add	x9,x0,x22	  x0:0x00000000 x22:0x00000000  x9=0x00000000
       16315000	      1630	80000cd0	00aad2b3	srl	x5,x21,x10	 x21:0x00000000 x10:0x80008cb3  x5=0x00000000
       16325000	      1631	80000cd4	01a86333	or	x6,x16,x26	 x16:0x00000000 x26:0xeff99cc0  x6=0xeff99cc0
       16335000	      1632	80000cd8	00a5c8b3	xor	x17,x11,x10	 x11:0x0000001a x10:0x80008cb3 x17=0x80008ca9
       16345000	      1633	80000cdc	01a781a3	sb	x26,3(x15)	 x15:0x80008747 x26:0xeff99cc0 PA:0x8000874a
       16355000	      1634	80000ce0	011d9033	sll	x0,x27,x17	 x27:0x7fff71f8 x17:0x80008ca9
       16365000	      1635	80000ce4	ffe78d03	lb	x26,-2(x15)	 x15:0x80008747 x26=0x00000000 PA:0x80008745
       16375000	      1636	80000ce8	b8e9c393	xori	x7,x19,-1138	 x19:0x00000000  x7=0xfffffb8e
       16385000	      1637	80000cec	1751c593	xori	x11,x3,373	  x3:0x80008cb3 x11=0x80008dc6
       16395000	      1638	80000cf0	00c6df33	srl	x30,x13,x12	 x13:0x7fff8494 x12:0x80009fc4 x30=0x07fff849
       16405000	      1639	80000cf4	ff278903	lb	x18,-14(x15)	 x15:0x80008747 x18=0x00000000 PA:0x80008739
       16415000	      1640	80000cf8	01fe7833	and	x16,x28,x31	 x28:0x5ffafc74 x31:0xfffffc0f x16=0x5ffafc04
       16425000	      1641	80000cfc	ff77c883	lbu	x17,-9(x15)	 x15:0x80008747 x17=0x00000000 PA:0x8000873e
       16435000	      1642	80000d00	0be16e93	ori	x29,x2,190	  x2:0x00000249 x29=0x000002ff
       16445000	      1643	80000d04	00f7d383	lhu	x7,15(x15)	 x15:0x80008747  x7=0x00000000 PA:0x80008756
       16455000	      1644	80000d08	014a8933	add	x18,x21,x20	 x21:0x00000000 x20:0x80000000 x18=0x80000000
       16465000	      1645	80000d0c	93d5f497	auipc	x9,0x93d5f	  x9=0x13d5fd08
       16475000	      1646	80000d10	00f7c503	lbu	x10,15(x15)	 x15:0x80008747 x10=0x00000000 PA:0x80008756
       16485000	      1647	80000d14	00008d97	auipc	x27,0x8	 x27=0x80008d10
       16495000	      1648	80000d18	80bd8d93	addi	x27,x27,-2037	 x27:0x80008d10 x27=0x8000851b
       16505000	      1649	80000d1c	00007497	auipc	x9,0x7	  x9=0x80007d18
       16515000	      1650	80000d20	6e548493	addi	x9,x9,1765	  x9:0x80007d18  x9=0x800083fd
       16525000	      1651	80000d24	3704a5a3	sw	x16,875(x9)	  x9:0x800083fd x16:0x5ffafc04 PA:0x80008768
       16535000	      1652	80000d28	f98da6a3	sw	x24,-115(x27)	 x27:0x8000851b x24:0x00000000 PA:0x800084a8
       16545000	      1653	80000d2c	ce5484a3	sb	x5,-791(x9)	  x9:0x800083fd  x5:0x00000000 PA:0x800080e6
       16555000	      1654	80000d30	fd6dc703	lbu	x14,-42(x27)	 x27:0x8000851b x14=0x00000000 PA:0x800084f1
       16565000	      1655	80000d34	049daf03	lw	x30,73(x27)	 x27:0x8000851b x30=0x00000000 PA:0x80008564
       16575000	      1656	80000d38	c4449da3	sh	x4,-933(x9)	  x9:0x800083fd  x4:0x80009f4c PA:0x80008058
       16585000	      1657	80000d3c	045d8023	sb	x5,64(x27)	 x27:0x8000851b  x5:0x00000000 PA:0x8000855b
       16595000	      1658	80000d40	029d8823	sb	x9,48(x27)	 x27:0x8000851b  x9:0x800083fd PA:0x8000854b
       16605000	      1659	80000d44	0f6d8523	sb	x22,234(x27)	 x27:0x8000851b x22:0x00000000 PA:0x80008605
       16615000	      1660	80000d48	0054d983	lhu	x19,5(x9)	  x9:0x800083fd x19=0x00000000 PA:0x80008402
       16625000	      1661	80000d4c	f944c303	lbu	x6,-108(x9)	  x9:0x800083fd  x6=0x00000000 PA:0x80008391
       16635000	      1662	80000d50	0dad8fa3	sb	x26,223(x27)	 x27:0x8000851b x26:0x00000000 PA:0x800085fa
       16645000	      1663	80000d54	0ac495a3	sh	x12,171(x9)	  x9:0x800083fd x12:0x80009fc4 PA:0x800084a8
       16655000	      1664	80000d58	f59d8123	sb	x25,-190(x27)	 x27:0x8000851b x25:0x3c000000 PA:0x8000845d
       16665000	      1665	80000d5c	fc4d8f03	lb	x30,-60(x27)	 x27:0x8000851b x30=0x00000000 PA:0x800084df
       16675000	      1666	80000d60	00008f97	auipc	x31,0x8	 x31=0x80008d5c
       16685000	      1667	80000d64	ab6f8f93	addi	x31,x31,-1354	 x31:0x80008d5c x31=0x80008812
       16695000	      1668	80000d68	ff1f8c83	lb	x25,-15(x31)	 x31:0x80008812 x25=0x00000000 PA:0x80008803
       16705000	      1669	80000d6c	00008917	auipc	x18,0x8	 x18=0x80008d68
       16715000	      1670	80000d70	8b690913	addi	x18,x18,-1866	 x18:0x80008d68 x18=0x8000861e
       16725000	      1671	80000d74	00007997	auipc	x19,0x7	 x19=0x80007d70
       16735000	      1672	80000d78	49c98993	addi	x19,x19,1180	 x19:0x80007d70 x19=0x8000820c
       16745000	      1673	80000d7c	0009ae03	lw	x28,0(x19)	 x19:0x8000820c x28=0x00000000 PA:0x8000820c
       16755000	      1674	80000d80	ffb94103	lbu	x2,-5(x18)	 x18:0x8000861e  x2=0x00000000 PA:0x80008619
       16765000	      1675	80000d84	ff69c583	lbu	x11,-10(x19)	 x19:0x8000820c x11=0x00000000 PA:0x80008202
       16775000	      1676	80000d88	00007697	auipc	x13,0x7	 x13=0x80007d84
       16785000	      1677	80000d8c	4c368693	addi	x13,x13,1219	 x13:0x80007d84 x13=0x80008247
       16795000	      1678	80000d90	fff98d03	lb	x26,-1(x19)	 x19:0x8000820c x26=0x00000000 PA:0x8000820b
       16805000	      1679	80000d94	00f98003	lb	x0,15(x19)	 x19:0x8000820c PA:0x8000821b
       16815000	      1680	80000d98	00e99f03	lh	x30,14(x19)	 x19:0x8000820c x30=0x00000000 PA:0x8000821a
       16825000	      1681	80000d9c	ff4f9703	lh	x14,-12(x31)	 x31:0x80008812 x14=0x00000000 PA:0x80008806
       16835000	      1682	80000da0	00098183	lb	x3,0(x19)	 x19:0x8000820c  x3=0x00000000 PA:0x8000820c
       16845000	      1683	80000da4	00868b83	lb	x23,8(x13)	 x13:0x80008247 x23=0x00000000 PA:0x8000824f
       16855000	      1684	80000da8	ff1f8e23	sb	x17,-4(x31)	 x31:0x80008812 x17:0x00000000 PA:0x8000880e
       16865000	      1685	80000dac	ffb94803	lbu	x16,-5(x18)	 x18:0x8000861e x16=0x00000000 PA:0x80008619
       16875000	      1686	80000db0	00491803	lh	x16,4(x18)	 x18:0x8000861e x16=0x00000000 PA:0x80008622
       16885000	      1687	80000db4	ff26cc03	lbu	x24,-14(x13)	 x13:0x80008247 x24=0x00000000 PA:0x80008239
       16895000	      1688	80000db8	000f8383	lb	x7,0(x31)	 x31:0x80008812  x7=0x00000000 PA:0x80008812
       16905000	      1689	80000dbc	ffa68283	lb	x5,-6(x13)	 x13:0x80008247  x5=0x00000000 PA:0x80008241
       16915000	      1690	80000dc0	ff394803	lbu	x16,-13(x18)	 x18:0x8000861e x16=0x00000000 PA:0x80008611
       16925000	      1691	80000dc4	ff19ca83	lbu	x21,-15(x19)	 x19:0x8000820c x21=0x00000000 PA:0x800081fd
       16935000	      1692	80000dc8	ff3fc783	lbu	x15,-13(x31)	 x31:0x80008812 x15=0x00000000 PA:0x80008805
       16945000	      1693	80000dcc	00198a83	lb	x21,1(x19)	 x19:0x8000820c x21=0x00000000 PA:0x8000820d
       16955000	      1694	80000dd0	ffb6c103	lbu	x2,-5(x13)	 x13:0x80008247  x2=0x00000000 PA:0x80008242
       16965000	      1695	80000dd4	00b94c03	lbu	x24,11(x18)	 x18:0x8000861e x24=0x00000000 PA:0x80008629
       16975000	      1696	80000dd8	00390e03	lb	x28,3(x18)	 x18:0x8000861e x28=0x00000000 PA:0x80008621
       16985000	      1697	80000ddc	ff8fc383	lbu	x7,-8(x31)	 x31:0x80008812  x7=0x00000000 PA:0x8000880a
       16995000	      1698	80000de0	01099403	lh	x8,16(x19)	 x19:0x8000820c  x8=0x00000000 PA:0x8000821c
       17005000	      1699	80000de4	fe090aa3	sb	x0,-11(x18)	 x18:0x8000861e  x0:0x00000000 PA:0x80008613
       17015000	      1700	80000de8	ff268c03	lb	x24,-14(x13)	 x13:0x80008247 x24=0x00000000 PA:0x80008239
       17025000	      1701	80000dec	006684a3	sb	x6,9(x13)	 x13:0x80008247  x6:0x00000000 PA:0x80008250
       17035000	      1702	80000df0	01f691a3	sh	x31,3(x13)	 x13:0x80008247 x31:0x80008812 PA:0x8000824a
       17045000	      1703	80000df4	018987a3	sb	x24,15(x19)	 x19:0x8000820c x24:0x00000000 PA:0x8000821b
       17055000	      1704	80000df8	fe2f8d23	sb	x2,-6(x31)	 x31:0x80008812  x2:0x00000000 PA:0x8000880c
       17065000	      1705	80000dfc	00007c97	auipc	x25,0x7	 x25=0x80007df8
       17075000	      1706	80000e00	541c8c93	addi	x25,x25,1345	 x25:0x80007df8 x25=0x80008339
       17085000	      1707	80000e04	ff4cc003	lbu	x0,-12(x25)	 x25:0x80008339 PA:0x8000832d
       17095000	      1708	80000e08	fe0c8a23	sb	x0,-12(x25)	 x25:0x80008339  x0:0x00000000 PA:0x8000832d
       17105000	      1709	80000e0c	fecc8aa3	sb	x12,-11(x25)	 x25:0x80008339 x12:0x80009fc4 PA:0x8000832e
       17115000	      1710	80000e10	004c8803	lb	x16,4(x25)	 x25:0x80008339 x16=0x00000031 PA:0x8000833d
       17125000	      1711	80000e14	ffac8683	lb	x13,-6(x25)	 x25:0x80008339 x13=0x00000000 PA:0x80008333
       17135000	      1712	00000000	00000013	addi	x0,x0,0	  x0:0x00000000
       17145000	      1713	80000e18	8f768913	addi	x18,x13,-1801	 x13:0x00000000 x18=0xfffff8f7
       17155000	      1714	80000e1c	ff3c8e03	lb	x28,-13(x25)	 x25:0x80008339 x28=0x00000000 PA:0x8000832c
       17165000	      1715	80000e20	ffdc8703	lb	x14,-3(x25)	 x25:0x80008339 x14=0x00000000 PA:0x80008336
       17175000	      1716	80000e24	3312c313	xori	x6,x5,817	  x5:0x00000000  x6=0x00000331
       17185000	      1717	80000e28	ffac89a3	sb	x26,-13(x25)	 x25:0x80008339 x26:0x00000000 PA:0x8000832c
       17195000	      1718	80000e2c	ffbca003	lw	x0,-5(x25)	 x25:0x80008339 PA:0x80008334
       17205000	      1719	80000e30	010c8103	lb	x2,16(x25)	 x25:0x80008339  x2=0x00000000 PA:0x80008349
       17215000	      1720	80000e34	5509bc13	sltiu	x24,x19,1360	 x19:0x8000820c x24=0x00000000
       17225000	      1721	80000e38	006c8223	sb	x6,4(x25)	 x25:0x80008339  x6:0x00000331 PA:0x8000833d
       17235000	      1722	80000e3c	010c8703	lb	x14,16(x25)	 x25:0x80008339 x14=0x00000000 PA:0x80008349
       17245000	      1723	80000e40	ff3c9a83	lh	x21,-13(x25)	 x25:0x80008339 x21=0x00000000 PA:0x8000832c
       17255000	      1724	80000e44	00fc87a3	sb	x15,15(x25)	 x25:0x80008339 x15:0x00000000 PA:0x80008348
       17265000	      1725	80000e48	75168537	lui	x10,0x75168	 x10=0x75168000
       17275000	      1726	80000e4c	ffbcc083	lbu	x1,-5(x25)	 x25:0x80008339  x1=0x00000000 PA:0x80008334
       17285000	      1727	80000e50	fe6cafa3	sw	x6,-1(x25)	 x25:0x80008339  x6:0x00000331 PA:0x80008338
       17295000	      1728	80000e54	00fc9d03	lh	x26,15(x25)	 x25:0x80008339 x26=0x00000000 PA:0x80008348
       17305000	      1729	80000e58	00bc9d83	lh	x27,11(x25)	 x25:0x80008339 x27=0x00000000 PA:0x80008344
       17315000	      1730	80000e5c	010cc433	xor	x8,x25,x16	 x25:0x80008339 x16:0x00000031  x8=0x80008308
       17325000	      1731	80000e60	010c8723	sb	x16,14(x25)	 x25:0x80008339 x16:0x00000031 PA:0x80008347
       17335000	      1732	80000e64	2118b837	lui	x16,0x2118b	 x16=0x2118b000
       17345000	      1733	80000e68	00839193	slli	x3,x7,0x8	  x7:0x00000000  x3=0x00000000
       17355000	      1734	80000e6c	00e1fe33	and	x28,x3,x14	  x3:0x00000000 x14:0x00000000 x28=0x00000000
       17365000	      1735	80000e70	00e09393	slli	x7,x1,0xe	  x1:0x00000000  x7=0x00000000
       17375000	      1736	80000e74	fe0cafa3	sw	x0,-1(x25)	 x25:0x80008339  x0:0x00000000 PA:0x80008338
       17385000	      1737	80000e78	41028c33	sub	x24,x5,x16	  x5:0x00000000 x16:0x2118b000 x24=0xdee75000
       17395000	      1738	80000e7c	007cd883	lhu	x17,7(x25)	 x25:0x80008339 x17=0x00000000 PA:0x80008340
       17405000	      1739	80000e80	ff4c8403	lb	x8,-12(x25)	 x25:0x80008339  x8=0x00000000 PA:0x8000832d
       17415000	      1740	80000e84	ff9c9a83	lh	x21,-7(x25)	 x25:0x80008339 x21=0x00000000 PA:0x80008332
       17425000	      1741	80000e88	00008117	auipc	x2,0x8	  x2=0x80008e84
       17435000	      1742	80000e8c	14e10113	addi	x2,x2,334	  x2:0x80008e84  x2=0x80008fd2
       17445000	      1743	80000e90	01610523	sb	x22,10(x2)	  x2:0x80008fd2 x22:0x00000000 PA:0x80008fdc
       17455000	      1744	80000e94	01b10523	sb	x27,10(x2)	  x2:0x80008fd2 x27:0x00000000 PA:0x80008fdc
       17465000	      1745	80000e98	01f11523	sh	x31,10(x2)	  x2:0x80008fd2 x31:0x80008812 PA:0x80008fdc
       17475000	      1746	80000e9c	f5b14b83	lbu	x23,-165(x2)	  x2:0x80008fd2 x23=0x00000000 PA:0x80008f2d
       17485000	      1747	80000ea0	f5b14c83	lbu	x25,-165(x2)	  x2:0x80008fd2 x25=0x00000000 PA:0x80008f2d
       17495000	      1748	80000ea4	f5b14e03	lbu	x28,-165(x2)	  x2:0x80008fd2 x28=0x00000000 PA:0x80008f2d
       17505000	      1749	80000ea8	f5b14d03	lbu	x26,-165(x2)	  x2:0x80008fd2 x26=0x00000000 PA:0x80008f2d
       17515000	      1750	80000eac	f5b10883	lb	x17,-165(x2)	  x2:0x80008fd2 x17=0x00000000 PA:0x80008f2d
       17525000	      1751	80000eb0	f5b10803	lb	x16,-165(x2)	  x2:0x80008fd2 x16=0x00000000 PA:0x80008f2d
       17535000	      1752	80000eb4	f5b10583	lb	x11,-165(x2)	  x2:0x80008fd2 x11=0x00000000 PA:0x80008f2d
       17545000	      1753	80000eb8	f5b10703	lb	x14,-165(x2)	  x2:0x80008fd2 x14=0x00000000 PA:0x80008f2d
       17555000	      1754	80000ebc	f2f108a3	sb	x15,-207(x2)	  x2:0x80008fd2 x15:0x00000000 PA:0x80008f03
       17565000	      1755	80000ec0	f26108a3	sb	x6,-207(x2)	  x2:0x80008fd2  x6:0x00000331 PA:0x80008f03
       17575000	      1756	80000ec4	00000013	addi	x0,x0,0	  x0:0x00000000
       17585000	      1757	80000ec8	f3114f83	lbu	x31,-207(x2)	  x2:0x80008fd2 x31=0x00000031 PA:0x80008f03
       17595000	      1758	80000ecc	f3110383	lb	x7,-207(x2)	  x2:0x80008fd2  x7=0x00000031 PA:0x80008f03
       17605000	      1759	80000ed0	f3114e83	lbu	x29,-207(x2)	  x2:0x80008fd2 x29=0x00000031 PA:0x80008f03
       17615000	      1760	80000ed4	f3114803	lbu	x16,-207(x2)	  x2:0x80008fd2 x16=0x00000031 PA:0x80008f03
       17625000	      1761	80000ed8	f3f108a3	sb	x31,-207(x2)	  x2:0x80008fd2 x31:0x00000031 PA:0x80008f03
       17635000	      1762	80000edc	00008517	auipc	x10,0x8	 x10=0x80008ed8
       17645000	      1763	80000ee0	99050513	addi	x10,x10,-1648	 x10:0x80008ed8 x10=0x80008868
       17655000	      1764	80000ee4	0f552a23	sw	x21,244(x10)	 x10:0x80008868 x21:0x00000000 PA:0x8000895c
       17665000	      1765	80000ee8	3bb3ad13	slti	x26,x7,955	  x7:0x00000031 x26=0x00000001
       17675000	      1766	80000eec	04151723	sh	x1,78(x10)	 x10:0x80008868  x1:0x00000000 PA:0x800088b6
       17685000	      1767	80000ef0	01e63933	sltu	x18,x12,x30	 x12:0x80009fc4 x30:0x00000000 x18=0x00000000
       17695000	      1768	80000ef4	0183bfb3	sltu	x31,x7,x24	  x7:0x00000031 x24:0xdee75000 x31=0x00000001
       17705000	      1769	80000ef8	08351923	sh	x3,146(x10)	 x10:0x80008868  x3:0x00000000 PA:0x800088fa
       17715000	      1770	80000efc	fe252423	sw	x2,-24(x10)	 x10:0x80008868  x2:0x80008fd2 PA:0x80008850
       17725000	      1771	80000f00	fe851103	lh	x2,-24(x10)	 x10:0x80008868  x2=0xffff8fd2 PA:0x80008850
       17735000	      1772	80000f04	03754c03	lbu	x24,55(x10)	 x10:0x80008868 x24=0x00000000 PA:0x8000889f
       17745000	      1773	80000f08	0094cab3	xor	x21,x9,x9	  x9:0x800083fd  x9:0x800083fd x21=0x00000000
       17755000	      1774	80000f0c	01e878b3	and	x17,x16,x30	 x16:0x00000031 x30:0x00000000 x17=0x00000000
       17765000	      1775	80000f10	0171de13	srli	x28,x3,0x17	  x3:0x00000000 x28=0x00000000
       17775000	      1776	80000f14	fe850b83	lb	x23,-24(x10)	 x10:0x80008868 x23=0xffffffd2 PA:0x80008850
       17785000	      1777	80000f18	01a68733	add	x14,x13,x26	 x13:0x00000000 x26:0x00000001 x14=0x00000001
       17795000	      1778	80000f1c	fed54403	lbu	x8,-19(x10)	 x10:0x80008868  x8=0x00000000 PA:0x80008855
       17805000	      1779	80000f20	06650783	lb	x15,102(x10)	 x10:0x80008868 x15=0x00000000 PA:0x800088ce
       17815000	      1780	80000f24	ffb54d83	lbu	x27,-5(x10)	 x10:0x80008868 x27=0x00000000 PA:0x80008863
       17825000	      1781	80000f28	00008e97	auipc	x29,0x8	 x29=0x80008f24
       17835000	      1782	80000f2c	d0de8e93	addi	x29,x29,-755	 x29:0x80008f24 x29=0x80008c31
       17845000	      1783	80000f30	c89e8f23	sb	x9,-866(x29)	 x29:0x80008c31  x9:0x800083fd PA:0x800088cf
       17855000	      1784	80000f34	c91e8f23	sb	x17,-866(x29)	 x29:0x80008c31 x17:0x00000000 PA:0x800088cf
       17865000	      1785	80000f38	016a27b3	slt	x15,x20,x22	 x20:0x80000000 x22:0x00000000 x15=0x00000001
       17875000	      1786	80000f3c	05ee8d23	sb	x30,90(x29)	 x29:0x80008c31 x30:0x00000000 PA:0x80008c8b
       17885000	      1787	80000f40	086e8f03	lb	x30,134(x29)	 x29:0x80008c31 x30=0x00000000 PA:0x80008cb7
       17895000	      1788	80000f44	26fe9583	lh	x11,623(x29)	 x29:0x80008c31 x11=0x00000000 PA:0x80008ea0
       17905000	      1789	80000f48	26fe9803	lh	x16,623(x29)	 x29:0x80008c31 x16=0x00000000 PA:0x80008ea0
       17915000	      1790	80000f4c	26fe8983	lb	x19,623(x29)	 x29:0x80008c31 x19=0x00000000 PA:0x80008ea0
       17925000	      1791	00000000	00000013	addi	x0,x0,0	  x0:0x00000000
       17935000	      1792	80000f50	29b9b393	sltiu	x7,x19,667	 x19:0x00000000  x7=0x00000001
       17945000	      1793	80000f54	26bea7a3	sw	x11,623(x29)	 x29:0x80008c31 x11:0x00000000 PA:0x80008ea0
       17955000	      1794	80000f58	23ce9ea3	sh	x28,573(x29)	 x29:0x80008c31 x28:0x00000000 PA:0x80008e6e
       17965000	      1795	80000f5c	23decb83	lbu	x23,573(x29)	 x29:0x80008c31 x23=0x00000000 PA:0x80008e6e
       17975000	      1796	80000f60	cbaec303	lbu	x6,-838(x29)	 x29:0x80008c31  x6=0x00000000 PA:0x800088eb
       17985000	      1797	80000f64	290ec503	lbu	x10,656(x29)	 x29:0x80008c31 x10=0x00000000 PA:0x80008ec1
       17995000	      1798	80000f68	0d2e8d23	sb	x18,218(x29)	 x29:0x80008c31 x18:0x00000000 PA:0x80008d0b
       18005000	      1799	80000f6c	c06ec803	lbu	x16,-1018(x29)	 x29:0x80008c31 x16=0x00000000 PA:0x80008837
       18015000	      1800	80000f70	00008717	auipc	x14,0x8	 x14=0x80008f6c
       18025000	      1801	80000f74	e8370713	addi	x14,x14,-381	 x14:0x80008f6c x14=0x80008def
       18035000	      1802	80000f78	005704a3	sb	x5,9(x14)	 x14:0x80008def  x5:0x00000000 PA:0x80008df8
       18045000	      1803	80000f7c	0035ceb3	xor	x29,x11,x3	 x11:0x00000000  x3:0x00000000 x29=0x00000000
       18055000	      1804	80000f80	ffa74103	lbu	x2,-6(x14)	 x14:0x80008def  x2=0x00000000 PA:0x80008de9
       18065000	      1805	00000000	00000013	addi	x0,x0,0	  x0:0x00000000
       18075000	      1806	80000f84	16417d93	andi	x27,x2,356	  x2:0x00000000 x27=0x00000000
       18085000	      1807	80000f88	ff674803	lbu	x16,-10(x14)	 x14:0x80008def x16=0x00000000 PA:0x80008de5
       18095000	      1808	80000f8c	ffc70d83	lb	x27,-4(x14)	 x14:0x80008def x27=0x00000000 PA:0x80008deb
       18105000	      1809	80000f90	00626fb3	or	x31,x4,x6	  x4:0x80009f4c  x6:0x00000000 x31=0x80009f4c
       18115000	      1810	80000f94	01715793	srli	x15,x2,0x17	  x2:0x00000000 x15=0x00000000
       18125000	      1811	80000f98	00d70d03	lb	x26,13(x14)	 x14:0x80008def x26=0x00000000 PA:0x80008dfc
       18135000	      1812	80000f9c	ffd71803	lh	x16,-3(x14)	 x14:0x80008def x16=0x00000000 PA:0x80008dec
       18145000	      1813	80000fa0	41abd693	srai	x13,x23,0x1a	 x23:0x00000000 x13=0x00000000
       18155000	      1814	80000fa4	41e6d993	srai	x19,x13,0x1e	 x13:0x00000000 x19=0x00000000
       18165000	      1815	80000fa8	008825b3	slt	x11,x16,x8	 x16:0x00000000  x8:0x00000000 x11=0x00000000
       18175000	      1816	80000fac	fe1728a3	sw	x1,-15(x14)	 x14:0x80008def  x1:0x00000000 PA:0x80008de0
       18185000	      1817	80000fb0	00b6a9b3	slt	x19,x13,x11	 x13:0x00000000 x11:0x00000000 x19=0x00000000
       18195000	      1818	80000fb4	64903293	sltiu	x5,x0,1609	  x0:0x00000000  x5=0x00000001
       18205000	      1819	80000fb8	4175dd33	sra	x26,x11,x23	 x11:0x00000000 x23:0x00000000 x26=0x00000000
       18215000	      1820	80000fbc	407b5d33	sra	x26,x22,x7	 x22:0x00000000  x7:0x00000001 x26=0x00000000
       18225000	      1821	80000fc0	e46aba93	sltiu	x21,x21,-442	 x21:0x00000000 x21=0x00000001
       18235000	      1822	80000fc4	0240e013	ori	x0,x1,36	  x1:0x00000000
       18245000	      1823	80000fc8	00870c03	lb	x24,8(x14)	 x14:0x80008def x24=0x00000000 PA:0x80008df7
       18255000	      1824	80000fcc	19496f13	ori	x30,x18,404	 x18:0x00000000 x30=0x00000194
       18265000	      1825	80000fd0	00be3db3	sltu	x27,x28,x11	 x28:0x00000000 x11:0x00000000 x27=0x00000000
       18275000	      1826	80000fd4	15a3f793	andi	x15,x7,346	  x7:0x00000001 x15=0x00000000
       18285000	      1827	80000fd8	007e9093	slli	x1,x29,0x7	 x29:0x00000000  x1=0x00000000
       18295000	      1828	80000fdc	40855533	sra	x10,x10,x8	 x10:0x00000000  x8:0x00000000 x10=0x00000000
       18305000	      1829	80000fe0	014726a3	sw	x20,13(x14)	 x14:0x80008def x20:0x80000000 PA:0x80008dfc
       18315000	      1830	80000fe4	4346db37	lui	x22,0x4346d	 x22=0x4346d000
       18325000	      1831	80000fe8	bd1c6c13	ori	x24,x24,-1071	 x24:0x00000000 x24=0xfffffbd1
       18335000	      1832	80000fec	00c70783	lb	x15,12(x14)	 x14:0x80008def x15=0x00000000 PA:0x80008dfb
       18345000	      1833	80000ff0	ba8a6b13	ori	x22,x20,-1112	 x20:0x80000000 x22=0xfffffba8
       18355000	      1834	80000ff4	4047dcb3	sra	x25,x15,x4	 x15:0x00000000  x4:0x80009f4c x25=0x00000000
       18365000	      1835	80000ff8	8bb0fb93	andi	x23,x1,-1861	  x1:0x00000000 x23=0x00000000
       18375000	      1836	80000ffc	008446b3	xor	x13,x8,x8	  x8:0x00000000  x8:0x00000000 x13=0x00000000
       18385000	      1837	80001000	fe784e17	auipc	x28,0xfe784	 x28=0x7e784ffc
       18395000	      1838	80001004	01a703a3	sb	x26,7(x14)	 x14:0x80008def x26:0x00000000 PA:0x80008df6
       18405000	      1839	80001008	017703a3	sb	x23,7(x14)	 x14:0x80008def x23:0x00000000 PA:0x80008df6
       18415000	      1840	8000100c	ff670a23	sb	x22,-12(x14)	 x14:0x80008def x22:0xfffffba8 PA:0x80008de3
       18425000	      1841	80001010	00007497	auipc	x9,0x7	  x9=0x8000800c
       18435000	      1842	80001014	54048493	addi	x9,x9,1344	  x9:0x8000800c  x9=0x8000854c
       18445000	      1843	80001018	00000013	addi	x0,x0,0	  x0:0x00000000
       18455000	      1844	8000101c	ab966893	ori	x17,x12,-1351	 x12:0x80009fc4 x17=0xfffffffd
       18465000	      1845	80001020	fe9487a3	sb	x9,-17(x9)	  x9:0x8000854c  x9:0x8000854c PA:0x8000853b
       18475000	      1846	80001024	0314c303	lbu	x6,49(x9)	  x9:0x8000854c  x6=0x00000000 PA:0x8000857d
       18485000	      1847	80001028	0114ce83	lbu	x29,17(x9)	  x9:0x8000854c x29=0x00000000 PA:0x8000855d
       18495000	      1848	8000102c	dc89e397	auipc	x7,0xdc89e	  x7=0x5c89f028
       18505000	      1849	80001030	41a8d713	srai	x14,x17,0x1a	 x17:0xfffffffd x14=0xffffffff
       18515000	      1850	80001034	e9ec7093	andi	x1,x24,-354	 x24:0xfffffbd1  x1=0xfffffa90
       18525000	      1851	80001038	02248983	lb	x19,34(x9)	  x9:0x8000854c x19=0x00000000 PA:0x8000856e
       18535000	      1852	8000103c	00000013	addi	x0,x0,0	  x0:0x00000000
       18545000	      1853	80001040	f403e017	auipc	x0,0xf403e	
       18555000	      1854	80001044	ffd48ea3	sb	x29,-3(x9)	  x9:0x8000854c x29:0x00000000 PA:0x80008549
       18565000	      1855	80001048	0404d983	lhu	x19,64(x9)	  x9:0x8000854c x19=0x00000000 PA:0x8000858c
       18575000	      1856	8000104c	41c15313	srai	x6,x2,0x1c	  x2:0x00000000  x6=0x00000000
       18585000	      1857	80001050	fe6d8113	addi	x2,x27,-26	 x27:0x00000000  x2=0xffffffe6
       18595000	      1858	80001054	02b48583	lb	x11,43(x9)	  x9:0x8000854c x11=0x00000000 PA:0x80008577
       18605000	      1859	80001058	cc998797	auipc	x15,0xcc998	 x15=0x4c999054
       18615000	      1860	8000105c	00cd5d13	srli	x26,x26,0xc	 x26:0x00000000 x26=0x00000000
       18625000	      1861	80001060	413d8033	sub	x0,x27,x19	 x27:0x00000000 x19:0x00000000
       18635000	      1862	80001064	02d48003	lb	x0,45(x9)	  x9:0x8000854c PA:0x80008579
       18645000	      1863	80001068	0baca513	slti	x10,x25,186	 x25:0x00000000 x10=0x00000001
       18655000	      1864	8000106c	40dcd813	srai	x16,x25,0xd	 x25:0x00000000 x16=0x00000000
       18665000	      1865	80001070	ff84c983	lbu	x19,-8(x9)	  x9:0x8000854c x19=0x00000000 PA:0x80008544
       18675000	      1866	80001074	011238b3	sltu	x17,x4,x17	  x4:0x80009f4c x17:0xfffffffd x17=0x00000001
       18685000	      1867	80001078	fc64d503	lhu	x10,-58(x9)	  x9:0x8000854c x10=0x00000000 PA:0x80008512
       18695000	      1868	8000107c	00000013	addi	x0,x0,0	  x0:0x00000000
       18705000	      1869	80001080	00c9fe33	and	x28,x19,x12	 x19:0x00000000 x12:0x80009fc4 x28=0x00000000
       18715000	      1870	80001084	0117beb3	sltu	x29,x15,x17	 x15:0x4c999054 x17:0x00000001 x29=0x00000000
       18725000	      1871	80001088	037480a3	sb	x23,33(x9)	  x9:0x8000854c x23:0x00000000 PA:0x8000856d
       18735000	      1872	8000108c	01f4cf03	lbu	x30,31(x9)	  x9:0x8000854c x30=0x00000000 PA:0x8000856b
       18745000	      1873	80001090	00b868b3	or	x17,x16,x11	 x16:0x00000000 x11:0x00000000 x17=0x00000000
       18755000	      1874	80001094	02548983	lb	x19,37(x9)	  x9:0x8000854c x19=0x00000000 PA:0x80008571
       18765000	      1875	80001098	4122dd33	sra	x26,x5,x18	  x5:0x00000001 x18:0x00000000 x26=0x00000001
       18775000	      1876	8000109c	59a77c13	andi	x24,x14,1434	 x14:0xffffffff x24=0x0000059a
       18785000	      1877	800010a0	3d0ff8b7	lui	x17,0x3d0ff	 x17=0x3d0ff000
       18795000	      1878	800010a4	00ae5433	srl	x8,x28,x10	 x28:0x00000000 x10:0x00000000  x8=0x00000000
       18805000	      1879	800010a8	0144d383	lhu	x7,20(x9)	  x9:0x8000854c  x7=0x00000001 PA:0x80008560
       18815000	      1880	800010ac	fe548823	sb	x5,-16(x9)	  x9:0x8000854c  x5:0x00000001 PA:0x8000853c
       18825000	      1881	800010b0	379d3593	sltiu	x11,x26,889	 x26:0x00000001 x11=0x00000001
       18835000	      1882	800010b4	03248623	sb	x18,44(x9)	  x9:0x8000854c x18:0x00000000 PA:0x80008578
       18845000	      1883	800010b8	fd948803	lb	x16,-39(x9)	  x9:0x8000854c x16=0x00000000 PA:0x80008525
       18855000	      1884	800010bc	03c4a303	lw	x6,60(x9)	  x9:0x8000854c  x6=0x00000000 PA:0x80008588
       18865000	      1885	800010c0	8d680413	addi	x8,x16,-1834	 x16:0x00000000  x8=0xfffff8d6
       18875000	      1886	800010c4	00548a23	sb	x5,20(x9)	  x9:0x8000854c  x5:0x00000001 PA:0x80008560
       18885000	      1887	800010c8	00648ca3	sb	x6,25(x9)	  x9:0x8000854c  x6:0x00000000 PA:0x80008565
       18895000	      1888	800010cc	fc24a423	sw	x2,-56(x9)	  x9:0x8000854c  x2:0xffffffe6 PA:0x80008514
       18905000	      1889	800010d0	bd8ea713	slti	x14,x29,-1064	 x29:0x00000000 x14=0x00000000
       18915000	      1890	800010d4	feb48aa3	sb	x11,-11(x9)	  x9:0x8000854c x11:0x00000001 PA:0x80008541
       18925000	      1891	800010d8	3e4e2897	auipc	x17,0x3e4e2	 x17=0xbe4e30d4
       18935000	      1892	800010dc	0334c783	lbu	x15,51(x9)	  x9:0x8000854c x15=0x00000000 PA:0x8000857f
       18945000	      1893	800010e0	0204ce03	lbu	x28,32(x9)	  x9:0x8000854c x28=0x00000000 PA:0x8000856c
       18955000	      1894	800010e4	01892333	slt	x6,x18,x24	 x18:0x00000000 x24:0x0000059a  x6=0x00000001
       18965000	      1895	800010e8	07f84263	blt	x16,x31,8000114c	 x16:0x00000000 x31:0x80009f4c
       18975000	      1896	800010ec	018f98b3	sll	x17,x31,x24	 x31:0x80009f4c x24:0x0000059a x17=0x30000000
       18985000	      1897	800010f0	00007e97	auipc	x29,0x7	 x29=0x800080ec
       18995000	      1898	800010f4	3dae8e93	addi	x29,x29,986	 x29:0x800080ec x29=0x800084c6
       19005000	      1899	800010f8	00007297	auipc	x5,0x7	  x5=0x800080f4
       19015000	      1900	800010fc	fc528293	addi	x5,x5,-59	  x5:0x800080f4  x5=0x800080b9
       19025000	      1901	80001100	004ed783	lhu	x15,4(x29)	 x29:0x800084c6 x15=0x00000000 PA:0x800084ca
       19035000	      1902	80001104	2032c703	lbu	x14,515(x5)	  x5:0x800080b9 x14=0x00000000 PA:0x800082bc
       19045000	      1903	80001108	ffee8183	lb	x3,-2(x29)	 x29:0x800084c6  x3=0x00000000 PA:0x800084c4
       19055000	      1904	8000110c	00ce8f83	lb	x31,12(x29)	 x29:0x800084c6 x31=0x00000000 PA:0x800084d2
       19065000	      1905	80001110	0d528303	lb	x6,213(x5)	  x5:0x800080b9  x6=0x00000000 PA:0x8000818e
       19075000	      1906	80001114	0c22c183	lbu	x3,194(x5)	  x5:0x800080b9  x3=0x00000000 PA:0x8000817b
       19085000	      1907	80001118	006ec883	lbu	x17,6(x29)	 x29:0x800084c6 x17=0x00000000 PA:0x800084cc
       19095000	      1908	8000111c	1882c583	lbu	x11,392(x5)	  x5:0x800080b9 x11=0x00000000 PA:0x80008241
       19105000	      1909	80001120	006ed803	lhu	x16,6(x29)	 x29:0x800084c6 x16=0x00000000 PA:0x800084cc
       19115000	      1910	80001124	5b228aa3	sb	x18,1461(x5)	  x5:0x800080b9 x18:0x00000000 PA:0x8000866e
       19125000	      1911	80001128	005e8523	sb	x5,10(x29)	 x29:0x800084c6  x5:0x800080b9 PA:0x800084d0
       19135000	      1912	8000112c	fa0298a3	sh	x0,-79(x5)	  x5:0x800080b9  x0:0x00000000 PA:0x8000806a
       19145000	      1913	80001130	007e8123	sb	x7,2(x29)	 x29:0x800084c6  x7:0x00000001 PA:0x800084c8
       19155000	      1914	80001134	01fe8423	sb	x31,8(x29)	 x29:0x800084c6 x31:0x00000000 PA:0x800084ce
       19165000	      1915	80001138	30e28d03	lb	x26,782(x5)	  x5:0x800080b9 x26=0x00000000 PA:0x800083c7
       19175000	      1916	8000113c	40920033	sub	x0,x4,x9	  x4:0x80009f4c  x9:0x8000854c
       19185000	      1917	80001140	0db07193	andi	x3,x0,219	  x0:0x00000000  x3=0x00000000
       19195000	      1918	80001144	019098b3	sll	x17,x1,x25	  x1:0xfffffa90 x25:0x00000000 x17=0xfffffa90
       19205000	      1919	80001148	338e6c93	ori	x25,x28,824	 x28:0x00000000 x25=0x00000338
       19215000	      1920	8000114c	0024e8b3	or	x17,x9,x2	  x9:0x8000854c  x2:0xffffffe6 x17=0xffffffee
       19225000	      1921	80001150	715bf313	andi	x6,x23,1813	 x23:0x00000000  x6=0x00000000
       19235000	      1922	80001154	00000013	addi	x0,x0,0	  x0:0x00000000
       19245000	      1923	80001158	01f21933	sll	x18,x4,x31	  x4:0x80009f4c x31:0x00000000 x18=0x80009f4c
       19255000	      1924	8000115c	00759a63	bne	x11,x7,80001170	 x11:0x00000000  x7:0x00000001
       19265000	      1925	00000000	00000013	addi	x0,x0,0	  x0:0x00000000
       19275000	      1926	8000116c	00000013	addi	x0,x0,0	  x0:0x00000000
       19285000	      1927	80001170	010fffb3	and	x31,x31,x16	 x31:0x00000000 x16:0x00000000 x31=0x00000000
       19295000	      1928	80001174	011f20b3	slt	x1,x30,x17	 x30:0x00000000 x17:0xffffffee  x1=0x00000000
       19305000	      1929	80001178	00000013	addi	x0,x0,0	  x0:0x00000000
       19315000	      1930	8000117c	01346e63	bltu	x8,x19,80001198	  x8:0xfffff8d6 x19:0x00000000
       19325000	      1931	80001180	47542493	slti	x9,x8,1141	  x8:0xfffff8d6  x9=0x00000001
       19335000	      1932	80001184	41a3d933	sra	x18,x7,x26	  x7:0x00000001 x26:0x00000000 x18=0x00000001
       19345000	      1933	80001188	41865d33	sra	x26,x12,x24	 x12:0x80009fc4 x24:0x0000059a x26=0xffffffe0
       19355000	      1934	8000118c	03bb8e63	beq	x23,x27,800011c8	 x23:0x00000000 x27:0x00000000
       19365000	      1935	00000000	00000013	addi	x0,x0,0	  x0:0x00000000
       19375000	      1936	800011c4	00000013	addi	x0,x0,0	  x0:0x00000000
       19385000	      1937	800011c8	0b17f913	andi	x18,x15,177	 x15:0x00000000 x18=0x00000000
       19395000	      1938	800011cc	03d90663	beq	x18,x29,800011f8	 x18:0x00000000 x29:0x800084c6
       19405000	      1939	800011d0	014674b3	and	x9,x12,x20	 x12:0x80009fc4 x20:0x80000000  x9=0x80000000
       19415000	      1940	800011d4	4154dd13	srai	x26,x9,0x15	  x9:0x80000000 x26=0xfffffc00
       19425000	      1941	800011d8	bbb04493	xori	x9,x0,-1093	  x0:0x00000000  x9=0xfffffbbb
       19435000	      1942	800011dc	6d4d9c97	auipc	x25,0x6d4d9	 x25=0xed4da1d8
       19445000	      1943	800011e0	009f0833	add	x16,x30,x9	 x30:0x00000000  x9:0xfffffbbb x16=0xfffffbbb
       19455000	      1944	800011e4	01dd8863	beq	x27,x29,800011f4	 x27:0x00000000 x29:0x800084c6
       19465000	      1945	800011e8	01d61713	slli	x14,x12,0x1d	 x12:0x80009fc4 x14=0x80000000
       19475000	      1946	800011ec	02328e63	beq	x5,x3,80001228	  x5:0x800080b9  x3:0x00000000
       19485000	      1947	800011f0	47917e93	andi	x29,x2,1145	  x2:0xffffffe6 x29=0x00000460
       19495000	      1948	800011f4	01daef33	or	x30,x21,x29	 x21:0x00000001 x29:0x00000460 x30=0x00000461
       19505000	      1949	800011f8	a986c713	xori	x14,x13,-1384	 x13:0x00000000 x14=0xfffffa98
       19515000	      1950	800011fc	019f6eb3	or	x29,x30,x25	 x30:0x00000461 x25:0xed4da1d8 x29=0xed4da5f9
       19525000	      1951	80001200	2e84ad13	slti	x26,x9,744	  x9:0xfffffbbb x26=0x00000001
       19535000	      1952	80001204	7faa6a97	auipc	x21,0x7faa6	 x21=0xffaa7200
       19545000	      1953	80001208	056ef263	bgeu	x29,x22,8000124c	 x29:0xed4da5f9 x22:0xfffffba8
       19555000	      1954	8000120c	0140aab3	slt	x21,x1,x20	  x1:0x00000000 x20:0x80000000 x21=0x00000000
       19565000	      1955	80001210	aa28fa93	andi	x21,x17,-1374	 x17:0xffffffee x21=0xfffffaa2
       19575000	      1956	80001214	00a31813	slli	x16,x6,0xa	  x6:0x00000000 x16=0x00000000
       19585000	      1957	80001218	cac067b7	lui	x15,0xcac06	 x15=0xcac06000
       19595000	      1958	8000121c	00f09e33	sll	x28,x1,x15	  x1:0x00000000 x15:0xcac06000 x28=0x00000000
       19605000	      1959	80001220	40d75c33	sra	x24,x14,x13	 x14:0xfffffa98 x13:0x00000000 x24=0xfffffa98
       19615000	      1960	80001224	632b7893	andi	x17,x22,1586	 x22:0xfffffba8 x17=0x00000220
       19625000	      1961	80001228	01ef7db3	and	x27,x30,x30	 x30:0x00000461 x30:0x00000461 x27=0x00000461
       19635000	      1962	8000122c	05dfe463	bltu	x31,x29,80001274	 x31:0x00000000 x29:0xed4da5f9
       19645000	      1963	00000000	00000013	addi	x0,x0,0	  x0:0x00000000
       19655000	      1964	80001270	00000013	addi	x0,x0,0	  x0:0x00000000
       19665000	      1965	80001274	00554cb3	xor	x25,x10,x5	 x10:0x00000000  x5:0x800080b9 x25=0x800080b9
       19675000	      1966	80001278	32ea9b37	lui	x22,0x32ea9	 x22=0x32ea9000
       19685000	      1967	8000127c	00000013	addi	x0,x0,0	  x0:0x00000000
       19695000	      1968	80001280	dcca2093	slti	x1,x20,-564	 x20:0x80000000  x1=0x00000001
       19705000	      1969	80001284	e2197013	andi	x0,x18,-479	 x18:0x00000000
       19715000	      1970	80001288	0167e433	or	x8,x15,x22	 x15:0xcac06000 x22:0x32ea9000  x8=0xfaeaf000
       19725000	      1971	8000128c	0c775863	bge	x14,x7,8000135c	 x14:0xfffffa98  x7:0x00000001
       19735000	      1972	80001290	004d20b3	slt	x1,x26,x4	 x26:0x00000001  x4:0x80009f4c  x1=0x00000000
       19745000	      1973	80001294	02d34a63	blt	x6,x13,800012c8	  x6:0x00000000 x13:0x00000000
       19755000	      1974	80001298	034bea63	bltu	x23,x20,800012cc	 x23:0x00000000 x20:0x80000000
       19765000	      1975	00000000	00000013	addi	x0,x0,0	  x0:0x00000000
       19775000	      1976	800012c8	00000013	addi	x0,x0,0	  x0:0x00000000
       19785000	      1977	800012cc	01e941b3	xor	x3,x18,x30	 x18:0x00000000 x30:0x00000461  x3=0x00000461
       19795000	      1978	800012d0	08306a63	bltu	x0,x3,80001364	  x0:0x00000000  x3:0x00000461
       19805000	      1979	00000000	00000013	addi	x0,x0,0	  x0:0x00000000
       19815000	      1980	80001360	00000013	addi	x0,x0,0	  x0:0x00000000
       19825000	      1981	80001364	a069f0b7	lui	x1,0xa069f	  x1=0xa069f000
       19835000	      1982	80001368	85a77d13	andi	x26,x14,-1958	 x14:0xfffffa98 x26=0xfffff818
       19845000	      1983	8000136c	2d7d7d13	andi	x26,x26,727	 x26:0xfffff818 x26=0x00000010
       19855000	      1984	80001370	00ed09b3	add	x19,x26,x14	 x26:0x00000010 x14:0xfffffa98 x19=0xfffffaa8
       19865000	      1985	80001374	01bbd433	srl	x8,x23,x27	 x23:0x00000000 x27:0x00000461  x8=0x00000000
       19875000	      1986	80001378	00868e33	add	x28,x13,x8	 x13:0x00000000  x8:0x00000000 x28=0x00000000
       19885000	      1987	8000137c	00384333	xor	x6,x16,x3	 x16:0x00000000  x3:0x00000461  x6=0x00000461
       19895000	      1988	80001380	04266663	bltu	x12,x2,800013cc	 x12:0x80009fc4  x2:0xffffffe6
       19905000	      1989	00000000	00000013	addi	x0,x0,0	  x0:0x00000000
       19915000	      1990	800013c8	00000013	addi	x0,x0,0	  x0:0x00000000
       19925000	      1991	800013cc	009326b3	slt	x13,x6,x9	  x6:0x00000461  x9:0xfffffbbb x13=0x00000000
       19935000	      1992	800013d0	03dbd863	bge	x23,x29,80001400	 x23:0x00000000 x29:0xed4da5f9
       19945000	      1993	00000000	00000013	addi	x0,x0,0	  x0:0x00000000
       19955000	      1994	800013fc	00000013	addi	x0,x0,0	  x0:0x00000000
       19965000	      1995	80001400	00176f33	or	x30,x14,x1	 x14:0xfffffa98  x1:0xa069f000 x30=0xfffffa98
       19975000	      1996	80001404	385e7913	andi	x18,x28,901	 x28:0x00000000 x18=0x00000000
       19985000	      1997	80001408	0108ceb3	xor	x29,x17,x16	 x17:0x00000220 x16:0x00000000 x29=0x00000220
       19995000	      1998	8000140c	40d7d033	sra	x0,x15,x13	 x15:0xcac06000 x13:0x00000000
       20005000	      1999	80001410	81676c13	ori	x24,x14,-2026	 x14:0xfffffa98 x24=0xfffffa9e
       20015000	      2000	80001414	a343ab93	slti	x23,x7,-1484	  x7:0x00000001 x23=0x00000000
       20025000	      2001	80001418	00dfdf33	srl	x30,x31,x13	 x31:0x00000000 x13:0x00000000 x30=0x00000000
       20035000	      2002	8000141c	01629013	slli	x0,x5,0x16	  x5:0x800080b9
       20045000	      2003	80001420	0257d863	bge	x15,x5,80001450	 x15:0xcac06000  x5:0x800080b9
       20055000	      2004	00000000	00000013	addi	x0,x0,0	  x0:0x00000000
       20065000	      2005	8000144c	00000013	addi	x0,x0,0	  x0:0x00000000
       20075000	      2006	80001450	0145e1b3	or	x3,x11,x20	 x11:0x00000000 x20:0x80000000  x3=0x80000000
       20085000	      2007	80001454	00000013	addi	x0,x0,0	  x0:0x00000000
       20095000	      2008	80001458	01554d33	xor	x26,x10,x21	 x10:0x00000000 x21:0xfffffaa2 x26=0xfffffaa2
       20105000	      2009	8000145c	00b58e33	add	x28,x11,x11	 x11:0x00000000 x11:0x00000000 x28=0x00000000
       20115000	      2010	80001460	004bd433	srl	x8,x23,x4	 x23:0x00000000  x4:0x80009f4c  x8=0x00000000
       20125000	      2011	80001464	0196d1b3	srl	x3,x13,x25	 x13:0x00000000 x25:0x800080b9  x3=0x00000000
       20135000	      2012	80001468	05d21463	bne	x4,x29,800014b0	  x4:0x80009f4c x29:0x00000220
       20145000	      2013	00000000	00000013	addi	x0,x0,0	  x0:0x00000000
       20155000	      2014	800014ac	00000013	addi	x0,x0,0	  x0:0x00000000
       20165000	      2015	800014b0	17db7413	andi	x8,x22,381	 x22:0x32ea9000  x8=0x00000000
       20175000	      2016	800014b4	019b9f33	sll	x30,x23,x25	 x23:0x00000000 x25:0x800080b9 x30=0x00000000
       20185000	      2017	800014b8	0136dfb3	srl	x31,x13,x19	 x13:0x00000000 x19:0xfffffaa8 x31=0x00000000
       20195000	      2018	800014bc	00c52cb3	slt	x25,x10,x12	 x10:0x00000000 x12:0x80009fc4 x25=0x00000000
       20205000	      2019	800014c0	00a23333	sltu	x6,x4,x10	  x4:0x80009f4c x10:0x00000000  x6=0x00000000
       20215000	      2020	800014c4	01867bb3	and	x23,x12,x24	 x12:0x80009fc4 x24:0xfffffa9e x23=0x80009a84
       20225000	      2021	800014c8	17fb2393	slti	x7,x22,383	 x22:0x32ea9000  x7=0x00000000
       20235000	      2022	800014cc	00109b33	sll	x22,x1,x1	  x1:0xa069f000  x1:0xa069f000 x22=0xa069f000
       20245000	      2023	800014d0	02f15663	bge	x2,x15,800014fc	  x2:0xffffffe6 x15:0xcac06000
       20255000	      2024	00000000	00000013	addi	x0,x0,0	  x0:0x00000000
       20265000	      2025	800014f8	00000013	addi	x0,x0,0	  x0:0x00000000
       20275000	      2026	800014fc	05447263	bgeu	x8,x20,80001540	  x8:0x00000000 x20:0x80000000
       20285000	      2027	80001500	00b63733	sltu	x14,x12,x11	 x12:0x80009fc4 x11:0x00000000 x14=0x00000000
       20295000	      2028	80001504	8de7b813	sltiu	x16,x15,-1826	 x15:0xcac06000 x16=0x00000001
       20305000	      2029	80001508	f1c000b7	lui	x1,0xf1c00	  x1=0xf1c00000
       20315000	      2030	8000150c	14196f13	ori	x30,x18,321	 x18:0x00000000 x30=0x00000141
       20325000	      2031	80001510	4089d1b3	sra	x3,x19,x8	 x19:0xfffffaa8  x8:0x00000000  x3=0xfffffaa8
       20335000	      2032	80001514	01665733	srl	x14,x12,x22	 x12:0x80009fc4 x22:0xa069f000 x14=0x80009fc4
       20345000	      2033	80001518	00b71eb3	sll	x29,x14,x11	 x14:0x80009fc4 x11:0x00000000 x29=0x80009fc4
       20355000	      2034	8000151c	016114b3	sll	x9,x2,x22	  x2:0xffffffe6 x22:0xa069f000  x9=0xffffffe6
       20365000	      2035	80001520	24036e13	ori	x28,x6,576	  x6:0x00000000 x28=0x00000240
       20375000	      2036	80001524	03130863	beq	x6,x17,80001554	  x6:0x00000000 x17:0x00000220
       20385000	      2037	80001528	0297ce63	blt	x15,x9,80001564	 x15:0xcac06000  x9:0xffffffe6
       20395000	      2038	00000000	00000013	addi	x0,x0,0	  x0:0x00000000
       20405000	      2039	80001560	00000013	addi	x0,x0,0	  x0:0x00000000
       20415000	      2040	80001564	e0c00893	addi	x17,x0,-500	  x0:0x00000000 x17=0xfffffe0c
       20425000	      2041	80001568	01b99cb3	sll	x25,x19,x27	 x19:0xfffffaa8 x27:0x00000461 x25=0xfffff550
       20435000	      2042	8000156c	04aff263	bgeu	x31,x10,800015b0	 x31:0x00000000 x10:0x00000000
       20445000	      2043	00000000	00000013	addi	x0,x0,0	  x0:0x00000000
       20455000	      2044	800015ac	00000013	addi	x0,x0,0	  x0:0x00000000
       20465000	      2045	800015b0	01ad9e93	slli	x29,x27,0x1a	 x27:0x00000461 x29=0x84000000
       20475000	      2046	800015b4	3479a993	slti	x19,x19,839	 x19:0xfffffaa8 x19=0x00000001
       20485000	      2047	800015b8	b3444597	auipc	x11,0xb3444	 x11=0x334455b4
       20495000	      2048	800015bc	41585f93	srai	x31,x16,0x15	 x16:0x00000001 x31=0x00000000
       20505000	      2049	800015c0	014adb13	srli	x22,x21,0x14	 x21:0xfffffaa2 x22=0x00000fff
       20515000	      2050	800015c4	e887fa93	andi	x21,x15,-376	 x15:0xcac06000 x21=0xcac06000
       20525000	      2051	800015c8	0123beb3	sltu	x29,x7,x18	  x7:0x00000000 x18:0x00000000 x29=0x00000000
       20535000	      2052	800015cc	41398133	sub	x2,x19,x19	 x19:0x00000001 x19:0x00000001  x2=0x00000000
       20545000	      2053	800015d0	01ceaab3	slt	x21,x29,x28	 x29:0x00000000 x28:0x00000240 x21=0x00000001
       20555000	      2054	800015d4	f8997513	andi	x10,x18,-119	 x18:0x00000000 x10=0x00000000
       20565000	      2055	800015d8	01752833	slt	x16,x10,x23	 x10:0x00000000 x23:0x80009a84 x16=0x00000000
       20575000	      2056	800015dc	0451d863	bge	x3,x5,8000162c	  x3:0xfffffaa8  x5:0x800080b9
       20585000	      2057	00000000	00000013	addi	x0,x0,0	  x0:0x00000000
       20595000	      2058	80001628	00000013	addi	x0,x0,0	  x0:0x00000000
       20605000	      2059	8000162c	03defa63	bgeu	x29,x29,80001660	 x29:0x00000000 x29:0x00000000
       20615000	      2060	00000000	00000013	addi	x0,x0,0	  x0:0x00000000
       20625000	      2061	8000165c	00000013	addi	x0,x0,0	  x0:0x00000000
       20635000	      2062	80001660	03c11863	bne	x2,x28,80001690	  x2:0x00000000 x28:0x00000240
       20645000	      2063	00000000	00000013	addi	x0,x0,0	  x0:0x00000000
       20655000	      2064	8000168c	00000013	addi	x0,x0,0	  x0:0x00000000
       20665000	      2065	80001690	3ad0e993	ori	x19,x1,941	  x1:0xf1c00000 x19=0xf1c003ad
       20675000	      2066	80001694	01700433	add	x8,x0,x23	  x0:0x00000000 x23:0x80009a84  x8=0x80009a84
       20685000	      2067	80001698	0ab25863	bge	x4,x11,80001748	  x4:0x80009f4c x11:0x334455b4
       20695000	      2068	8000169c	01b694b3	sll	x9,x13,x27	 x13:0x00000000 x27:0x00000461  x9=0x00000000
       20705000	      2069	800016a0	0b411463	bne	x2,x20,80001748	  x2:0x00000000 x20:0x80000000
       20715000	      2070	00000000	00000013	addi	x0,x0,0	  x0:0x00000000
       20725000	      2071	80001744	00000013	addi	x0,x0,0	  x0:0x00000000
       20735000	      2072	80001748	9e8999b7	lui	x19,0x9e899	 x19=0x9e899000
       20745000	      2073	8000174c	82b28093	addi	x1,x5,-2005	  x5:0x800080b9  x1=0x800078e4
       20755000	      2074	80001750	07fe6917	auipc	x18,0x7fe6	 x18=0x87fe774c
       20765000	      2075	80001754	05d9f263	bgeu	x19,x29,80001798	 x19:0x9e899000 x29:0x00000000
       20775000	      2076	00000000	00000013	addi	x0,x0,0	  x0:0x00000000
       20785000	      2077	80001794	00000013	addi	x0,x0,0	  x0:0x00000000
       20795000	      2078	80001798	c7f0ef13	ori	x30,x1,-897	  x1:0x800078e4 x30=0xfffffcff
       20805000	      2079	8000179c	e4fbf5b7	lui	x11,0xe4fbf	 x11=0xe4fbf000
       20815000	      2080	800017a0	5056d297	auipc	x5,0x5056d	  x5=0xd056e79c
       20825000	      2081	800017a4	ec33a113	slti	x2,x7,-317	  x7:0x00000000  x2=0x00000000
       20835000	      2082	800017a8	05bab3b7	lui	x7,0x5bab	  x7=0x05bab000
       20845000	      2083	800017ac	416f5ab3	sra	x21,x30,x22	 x30:0xfffffcff x22:0x00000fff x21=0xffffffff
       20855000	      2084	800017b0	03bbfa63	bgeu	x23,x27,800017e4	 x23:0x80009a84 x27:0x00000461
       20865000	      2085	00000000	00000013	addi	x0,x0,0	  x0:0x00000000
       20875000	      2086	800017e0	00000013	addi	x0,x0,0	  x0:0x00000000
       20885000	      2087	800017e4	b5044313	xori	x6,x8,-1200	  x8:0x80009a84  x6=0x7fff61d4
       20895000	      2088	800017e8	41c45133	sra	x2,x8,x28	  x8:0x80009a84 x28:0x00000240  x2=0x80009a84
       20905000	      2089	800017ec	01c5db33	srl	x22,x11,x28	 x11:0xe4fbf000 x28:0x00000240 x22=0xe4fbf000
       20915000	      2090	800017f0	05691863	bne	x18,x22,80001840	 x18:0x87fe774c x22:0xe4fbf000
       20925000	      2091	00000000	00000013	addi	x0,x0,0	  x0:0x00000000
       20935000	      2092	8000183c	00000013	addi	x0,x0,0	  x0:0x00000000
       20945000	      2093	80001840	412b5833	sra	x16,x22,x18	 x22:0xe4fbf000 x18:0x87fe774c x16=0xfffe4fbf
       20955000	      2094	80001844	00007c97	auipc	x25,0x7	 x25=0x80008840
       20965000	      2095	80001848	1f1c8c93	addi	x25,x25,497	 x25:0x80008840 x25=0x80008a31
       20975000	      2096	8000184c	00007697	auipc	x13,0x7	 x13=0x80008848
       20985000	      2097	80001850	5b068693	addi	x13,x13,1456	 x13:0x80008848 x13=0x80008df8
       20995000	      2098	80001854	00007717	auipc	x14,0x7	 x14=0x80008850
       21005000	      2099	80001858	0d470713	addi	x14,x14,212	 x14:0x80008850 x14=0x80008924
       21015000	      2100	8000185c	c6f683a3	sb	x15,-921(x13)	 x13:0x80008df8 x15:0xcac06000 PA:0x80008a5f
       21025000	      2101	80001860	00007a97	auipc	x21,0x7	 x21=0x8000885c
       21035000	      2102	80001864	68ca8a93	addi	x21,x21,1676	 x21:0x8000885c x21=0x80008ee8
       21045000	      2103	80001868	ffdcdd03	lhu	x26,-3(x25)	 x25:0x80008a31 x26=0x00000000 PA:0x80008a2e
       21055000	      2104	8000186c	1e06a103	lw	x2,480(x13)	 x13:0x80008df8  x2=0x00000000 PA:0x80008fd8
       21065000	      2105	80001870	ffac88a3	sb	x26,-15(x25)	 x25:0x80008a31 x26:0x00000000 PA:0x80008a22
       21075000	      2106	80001874	bb86d783	lhu	x15,-1096(x13)	 x13:0x80008df8 x15=0x00000000 PA:0x800089b0
       21085000	      2107	80001878	013c86a3	sb	x19,13(x25)	 x25:0x80008a31 x19:0x9e899000 PA:0x80008a3e
       21095000	      2108	8000187c	b4aa82a3	sb	x10,-1211(x21)	 x21:0x80008ee8 x10:0x00000000 PA:0x80008a2d
       21105000	      2109	80001880	e786a023	sw	x24,-416(x13)	 x13:0x80008df8 x24:0xfffffa9e PA:0x80008c58
       21115000	      2110	80001884	1d370383	lb	x7,467(x14)	 x14:0x80008924  x7=0x00000000 PA:0x80008af7
       21125000	      2111	80001888	03471003	lh	x0,52(x14)	 x14:0x80008924 PA:0x80008958
       21135000	      2112	8000188c	009c9503	lh	x10,9(x25)	 x25:0x80008a31 x10=0x00000000 PA:0x80008a3a
       21145000	      2113	80001890	ff2cc283	lbu	x5,-14(x25)	 x25:0x80008a31  x5=0x00000000 PA:0x80008a23
       21155000	      2114	80001894	57d70423	sb	x29,1384(x14)	 x14:0x80008924 x29:0x00000000 PA:0x80008e8c
       21165000	      2115	80001898	1c974f83	lbu	x31,457(x14)	 x14:0x80008924 x31=0x00000000 PA:0x80008aed
       21175000	      2116	8000189c	df96c883	lbu	x17,-519(x13)	 x13:0x80008df8 x17=0x00000000 PA:0x80008bf1
       21185000	      2117	800018a0	f7e70803	lb	x16,-130(x14)	 x14:0x80008924 x16=0x00000000 PA:0x800088a2
       21195000	      2118	800018a4	f47acd03	lbu	x26,-185(x21)	 x21:0x80008ee8 x26=0x00000000 PA:0x80008e2f
       21205000	      2119	800018a8	fe9c8ca3	sb	x9,-7(x25)	 x25:0x80008a31  x9:0x00000000 PA:0x80008a2a
       21215000	      2120	800018ac	b416c303	lbu	x6,-1215(x13)	 x13:0x80008df8  x6=0x00000000 PA:0x80008939
       21225000	      2121	800018b0	1d374283	lbu	x5,467(x14)	 x14:0x80008924  x5=0x00000000 PA:0x80008af7
       21235000	      2122	800018b4	007c82a3	sb	x7,5(x25)	 x25:0x80008a31  x7:0x00000000 PA:0x80008a36
       21245000	      2123	800018b8	ff2c8003	lb	x0,-14(x25)	 x25:0x80008a31 PA:0x80008a23
       21255000	      2124	800018bc	f6d6c803	lbu	x16,-147(x13)	 x13:0x80008df8 x16=0x00000000 PA:0x80008d65
       21265000	      2125	800018c0	fe0c8ca3	sb	x0,-7(x25)	 x25:0x80008a31  x0:0x00000000 PA:0x80008a2a
       21275000	      2126	800018c4	28970da3	sb	x9,667(x14)	 x14:0x80008924  x9:0x00000000 PA:0x80008bbf
       21285000	      2127	800018c8	ba96ce83	lbu	x29,-1111(x13)	 x13:0x80008df8 x29=0x00000000 PA:0x800089a1
       21295000	      2128	800018cc	fd071d23	sh	x16,-38(x14)	 x14:0x80008924 x16:0x00000000 PA:0x800088fe
       21305000	      2129	800018d0	ff1cc083	lbu	x1,-15(x25)	 x25:0x80008a31  x1=0x00000000 PA:0x80008a22
       21315000	      2130	800018d4	e84acf03	lbu	x30,-380(x21)	 x21:0x80008ee8 x30=0x00000000 PA:0x80008d6c
       21325000	      2131	800018d8	30c71d03	lh	x26,780(x14)	 x14:0x80008924 x26=0x00007604 PA:0x80008c30
       21335000	      2132	800018dc	9e8a8083	lb	x1,-1560(x21)	 x21:0x80008ee8  x1=0x00000000 PA:0x800088d0
       21345000	      2133	800018e0	f1e68183	lb	x3,-226(x13)	 x13:0x80008df8  x3=0x00000000 PA:0x80008d16
       21355000	      2134	800018e4	b19acd83	lbu	x27,-1255(x21)	 x21:0x80008ee8 x27=0x00000000 PA:0x80008a01
       21365000	      2135	800018e8	40e0db13	srai	x22,x1,0xe	  x1:0x00000000 x22=0x00000000
       21375000	      2136	800018ec	01db4133	xor	x2,x22,x29	 x22:0x00000000 x29:0x00000000  x2=0x00000000
       21385000	      2137	800018f0	dddec593	xori	x11,x29,-547	 x29:0x00000000 x11=0xfffffddd
       21395000	      2138	800018f4	000c4b33	xor	x22,x24,x0	 x24:0xfffffa9e  x0:0x00000000 x22=0xfffffa9e
       21405000	      2139	800018f8	01d45a63	bge	x8,x29,8000190c	  x8:0x80009a84 x29:0x00000000
       21415000	      2140	800018fc	79b48513	addi	x10,x9,1947	  x9:0x00000000 x10=0x0000079b
       21425000	      2141	80001900	009568b3	or	x17,x10,x9	 x10:0x0000079b  x9:0x00000000 x17=0x0000079b
       21435000	      2142	80001904	411f5493	srai	x9,x30,0x11	 x30:0x00000000  x9=0x00000000
       21445000	      2143	80001908	017a70b3	and	x1,x20,x23	 x20:0x80000000 x23:0x80009a84  x1=0x80000000
       21455000	      2144	8000190c	03e9f863	bgeu	x19,x30,8000193c	 x19:0x9e899000 x30:0x00000000
       21465000	      2145	00000000	00000013	addi	x0,x0,0	  x0:0x00000000
       21475000	      2146	80001938	00000013	addi	x0,x0,0	  x0:0x00000000
       21485000	      2147	8000193c	0193d693	srli	x13,x7,0x19	  x7:0x00000000 x13=0x00000000
       21495000	      2148	80001940	2d7c0113	addi	x2,x24,727	 x24:0xfffffa9e  x2=0xfffffd75
       21505000	      2149	80001944	01a97433	and	x8,x18,x26	 x18:0x87fe774c x26:0x00007604  x8=0x00007604
       21515000	      2150	80001948	01939ab3	sll	x21,x7,x25	  x7:0x00000000 x25:0x80008a31 x21=0x00000000
       21525000	      2151	8000194c	01941013	slli	x0,x8,0x19	  x8:0x00007604
       21535000	      2152	80001950	01729a63	bne	x5,x23,80001964	  x5:0x00000000 x23:0x80009a84
       21545000	      2153	00000000	00000013	addi	x0,x0,0	  x0:0x00000000
       21555000	      2154	80001960	00000013	addi	x0,x0,0	  x0:0x00000000
       21565000	      2155	80001964	0195d033	srl	x0,x11,x25	 x11:0xfffffddd x25:0x80008a31
       21575000	      2156	80001968	0405e263	bltu	x11,x0,800019ac	 x11:0xfffffddd  x0:0x00000000
       21585000	      2157	8000196c	d874c593	xori	x11,x9,-633	  x9:0x00000000 x11=0xfffffd87
       21595000	      2158	80001970	029cea93	ori	x21,x25,41	 x25:0x80008a31 x21=0x80008a39
       21605000	      2159	80001974	00f99113	slli	x2,x19,0xf	 x19:0x9e899000  x2=0xc8000000
       21615000	      2160	80001978	41e15113	srai	x2,x2,0x1e	  x2:0xc8000000  x2=0xffffffff
       21625000	      2161	8000197c	2253ac13	slti	x24,x7,549	  x7:0x00000000 x24=0x00000001
       21635000	      2162	80001980	01aa4a63	blt	x20,x26,80001994	 x20:0x80000000 x26:0x00007604
       21645000	      2163	00000000	00000013	addi	x0,x0,0	  x0:0x00000000
       21655000	      2164	80001990	00000013	addi	x0,x0,0	  x0:0x00000000
       21665000	      2165	80001994	01c96fb3	or	x31,x18,x28	 x18:0x87fe774c x28:0x00000240 x31=0x87fe774c
       21675000	      2166	80001998	00000013	addi	x0,x0,0	  x0:0x00000000
       21685000	      2167	8000199c	016729b3	slt	x19,x14,x22	 x14:0x80008924 x22:0xfffffa9e x19=0x00000001
       21695000	      2168	800019a0	01ae9d33	sll	x26,x29,x26	 x29:0x00000000 x26:0x00007604 x26=0x00000000
       21705000	      2169	800019a4	03324a63	blt	x4,x19,800019d8	  x4:0x80009f4c x19:0x00000001
       21715000	      2170	00000000	00000013	addi	x0,x0,0	  x0:0x00000000
       21725000	      2171	800019d4	00000013	addi	x0,x0,0	  x0:0x00000000
       21735000	      2172	800019d8	04d6b313	sltiu	x6,x13,77	 x13:0x00000000  x6=0x00000001
       21745000	      2173	800019dc	009a1333	sll	x6,x20,x9	 x20:0x80000000  x9:0x00000000  x6=0x80000000
       21755000	      2174	800019e0	02c0f863	bgeu	x1,x12,80001a10	  x1:0x80000000 x12:0x80009fc4
       21765000	      2175	800019e4	ab25b593	sltiu	x11,x11,-1358	 x11:0xfffffd87 x11=0x00000000
       21775000	      2176	800019e8	03768663	beq	x13,x23,80001a14	 x13:0x00000000 x23:0x80009a84
       21785000	      2177	800019ec	ec92cf93	xori	x31,x5,-311	  x5:0x00000000 x31=0xfffffec9
       21795000	      2178	800019f0	01197133	and	x2,x18,x17	 x18:0x87fe774c x17:0x0000079b  x2=0x00000708
       21805000	      2179	800019f4	00524db3	xor	x27,x4,x5	  x4:0x80009f4c  x5:0x00000000 x27=0x80009f4c
       21815000	      2180	800019f8	14a3ba93	sltiu	x21,x7,330	  x7:0x00000000 x21=0x00000001
       21825000	      2181	800019fc	01b4edb3	or	x27,x9,x27	  x9:0x00000000 x27:0x80009f4c x27=0x80009f4c
       21835000	      2182	80001a00	41470133	sub	x2,x14,x20	 x14:0x80008924 x20:0x80000000  x2=0x00008924
       21845000	      2183	80001a04	e0767b13	andi	x22,x12,-505	 x12:0x80009fc4 x22=0x80009e04
       21855000	      2184	80001a08	41e75fb3	sra	x31,x14,x30	 x14:0x80008924 x30:0x00000000 x31=0x80008924
       21865000	      2185	80001a0c	01dffa63	bgeu	x31,x29,80001a20	 x31:0x80008924 x29:0x00000000
       21875000	      2186	00000000	00000013	addi	x0,x0,0	  x0:0x00000000
       21885000	      2187	80001a1c	00000013	addi	x0,x0,0	  x0:0x00000000
       21895000	      2188	80001a20	02b80463	beq	x16,x11,80001a48	 x16:0x00000000 x11:0x00000000
       21905000	      2189	00000000	00000013	addi	x0,x0,0	  x0:0x00000000
       21915000	      2190	80001a44	00000013	addi	x0,x0,0	  x0:0x00000000
       21925000	      2191	80001a48	009b2cb3	slt	x25,x22,x9	 x22:0x80009e04  x9:0x00000000 x25=0x00000001
       21935000	      2192	80001a4c	41924013	xori	x0,x4,1049	  x4:0x80009f4c
       21945000	      2193	80001a50	04fe0463	beq	x28,x15,80001a98	 x28:0x00000240 x15:0x00000000
       21955000	      2194	80001a54	00000013	addi	x0,x0,0	  x0:0x00000000
       21965000	      2195	80001a58	029c1297	auipc	x5,0x29c1	  x5=0x829c2a54
       21975000	      2196	80001a5c	00000013	addi	x0,x0,0	  x0:0x00000000
       21985000	      2197	80001a60	deef5197	auipc	x3,0xdeef5	  x3=0x5eef6a5c
       21995000	      2198	80001a64	025d7863	bgeu	x26,x5,80001a94	 x26:0x00000000  x5:0x829c2a54
       22005000	      2199	80001a68	0478e263	bltu	x17,x7,80001aac	 x17:0x0000079b  x7:0x00000000
       22015000	      2200	80001a6c	24010513	addi	x10,x2,576	  x2:0x00008924 x10=0x00008b64
       22025000	      2201	80001a70	03b51e63	bne	x10,x27,80001aac	 x10:0x00008b64 x27:0x80009f4c
       22035000	      2202	00000000	00000013	addi	x0,x0,0	  x0:0x00000000
       22045000	      2203	80001aa8	00000013	addi	x0,x0,0	  x0:0x00000000
       22055000	      2204	80001aac	05c56263	bltu	x10,x28,80001af0	 x10:0x00008b64 x28:0x00000240
       22065000	      2205	80001ab0	4188de13	srai	x28,x17,0x18	 x17:0x0000079b x28=0x00000000
       22075000	      2206	80001ab4	00825eb3	srl	x29,x4,x8	  x4:0x80009f4c  x8:0x00007604 x29=0x080009f4
       22085000	      2207	80001ab8	40d68cb3	sub	x25,x13,x13	 x13:0x00000000 x13:0x00000000 x25=0x00000000
       22095000	      2208	80001abc	fb567d13	andi	x26,x12,-75	 x12:0x80009fc4 x26=0x80009f84
       22105000	      2209	80001ac0	c03ad797	auipc	x15,0xc03ad	 x15=0x403aeabc
       22115000	      2210	80001ac4	01c7c133	xor	x2,x15,x28	 x15:0x403aeabc x28:0x00000000  x2=0x403aeabc
       22125000	      2211	80001ac8	007e17b3	sll	x15,x28,x7	 x28:0x00000000  x7:0x00000000 x15=0x00000000
       22135000	      2212	80001acc	f894cd13	xori	x26,x9,-119	  x9:0x00000000 x26=0xffffff89
       22145000	      2213	80001ad0	038d0863	beq	x26,x24,80001b00	 x26:0xffffff89 x24:0x00000001
       22155000	      2214	80001ad4	c9957713	andi	x14,x10,-871	 x10:0x00008b64 x14=0x00008800
       22165000	      2215	80001ad8	406b5013	srai	x0,x22,0x6	 x22:0x80009e04
       22175000	      2216	80001adc	40320333	sub	x6,x4,x3	  x4:0x80009f4c  x3:0x5eef6a5c  x6=0x211134f0
       22185000	      2217	80001ae0	2dcab113	sltiu	x2,x21,732	 x21:0x00000001  x2=0x00000001
       22195000	      2218	80001ae4	41d55813	srai	x16,x10,0x1d	 x10:0x00008b64 x16=0x00000000
       22205000	      2219	80001ae8	00113833	sltu	x16,x2,x1	  x2:0x00000001  x1:0x80000000 x16=0x00000001
       22215000	      2220	80001aec	418dd393	srai	x7,x27,0x18	 x27:0x80009f4c  x7=0xffffff80
       22225000	      2221	80001af0	d936ed13	ori	x26,x13,-621	 x13:0x00000000 x26=0xfffffd93
       22235000	      2222	80001af4	01de1cb3	sll	x25,x28,x29	 x28:0x00000000 x29:0x080009f4 x25=0x00000000
       22245000	      2223	80001af8	01b7d1b3	srl	x3,x15,x27	 x15:0x00000000 x27:0x80009f4c  x3=0x00000000
       22255000	      2224	80001afc	0de5adb7	lui	x27,0xde5a	 x27=0x0de5a000
       22265000	      2225	80001b00	41cbd293	srai	x5,x23,0x1c	 x23:0x80009a84  x5=0xfffffff8
       22275000	      2226	80001b04	aa0cbc13	sltiu	x24,x25,-1376	 x25:0x00000000 x24=0x00000001
       22285000	      2227	80001b08	3dcf0117	auipc	x2,0x3dcf0	  x2=0xbdcf1b04
       22295000	      2228	80001b0c	04cba893	slti	x17,x23,76	 x23:0x80009a84 x17=0x00000001
       22305000	      2229	80001b10	002d77b3	and	x15,x26,x2	 x26:0xfffffd93  x2:0xbdcf1b04 x15=0xbdcf1900
       22315000	      2230	80001b14	f7728a93	addi	x21,x5,-137	  x5:0xfffffff8 x21=0xffffff6f
       22325000	      2231	80001b18	4f484c13	xori	x24,x16,1268	 x16:0x00000001 x24=0x000004f5
       22335000	      2232	80001b1c	093fe463	bltu	x31,x19,80001ba4	 x31:0x80008924 x19:0x00000001
       22345000	      2233	80001b20	00007997	auipc	x19,0x7	 x19=0x80008b1c
       22355000	      2234	80001b24	1c498993	addi	x19,x19,452	 x19:0x80008b1c x19=0x80008ce0
       22365000	      2235	80001b28	0379cb83	lbu	x23,55(x19)	 x19:0x80008ce0 x23=0x00000000 PA:0x80008d17
       22375000	      2236	80001b2c	f189a183	lw	x3,-232(x19)	 x19:0x80008ce0  x3=0x00000000 PA:0x80008bf8
       22385000	      2237	80001b30	fe69cd03	lbu	x26,-26(x19)	 x19:0x80008ce0 x26=0x00000000 PA:0x80008cc6
       22395000	      2238	80001b34	fe699883	lh	x17,-26(x19)	 x19:0x80008ce0 x17=0x00000000 PA:0x80008cc6
       22405000	      2239	80001b38	fe69cc03	lbu	x24,-26(x19)	 x19:0x80008ce0 x24=0x00000000 PA:0x80008cc6
       22415000	      2240	80001b3c	fe69c283	lbu	x5,-26(x19)	 x19:0x80008ce0  x5=0x00000000 PA:0x80008cc6
       22425000	      2241	80001b40	401d50b3	sra	x1,x26,x1	 x26:0x00000000  x1:0x80000000  x1=0x00000000
       22435000	      2242	80001b44	fac9de03	lhu	x28,-84(x19)	 x19:0x80008ce0 x28=0x00000000 PA:0x80008c8c
       22445000	      2243	80001b48	fac9ca83	lbu	x21,-84(x19)	 x19:0x80008ce0 x21=0x00000000 PA:0x80008c8c
       22455000	      2244	80001b4c	f889d103	lhu	x2,-120(x19)	 x19:0x80008ce0  x2=0x00000000 PA:0x80008c68
       22465000	      2245	80001b50	07e99883	lh	x17,126(x19)	 x19:0x80008ce0 x17=0x00000000 PA:0x80008d5e
       22475000	      2246	80001b54	fce98083	lb	x1,-50(x19)	 x19:0x80008ce0  x1=0x00000000 PA:0x80008cae
       22485000	      2247	80001b58	e9597e13	andi	x28,x18,-363	 x18:0x87fe774c x28=0x87fe7604
       22495000	      2248	80001b5c	fce9dc83	lhu	x25,-50(x19)	 x19:0x80008ce0 x25=0x00000000 PA:0x80008cae
       22505000	      2249	80001b60	11168493	addi	x9,x13,273	 x13:0x00000000  x9=0x00000111
       22515000	      2250	80001b64	f5c99823	sh	x28,-176(x19)	 x19:0x80008ce0 x28:0x87fe7604 PA:0x80008c30
       22525000	      2251	80001b68	00ff6333	or	x6,x30,x15	 x30:0x00000000 x15:0xbdcf1900  x6=0xbdcf1900
       22535000	      2252	80001b6c	41275913	srai	x18,x14,0x12	 x14:0x00008800 x18=0x00000000
       22545000	      2253	80001b70	0a898523	sb	x8,170(x19)	 x19:0x80008ce0  x8:0x00007604 PA:0x80008d8a
       22555000	      2254	80001b74	f399cb03	lbu	x22,-199(x19)	 x19:0x80008ce0 x22=0x00000000 PA:0x80008c19
       22565000	      2255	80001b78	00249193	slli	x3,x9,0x2	  x9:0x00000111  x3=0x00000444
       22575000	      2256	80001b7c	419654b3	sra	x9,x12,x25	 x12:0x80009fc4 x25:0x00000000  x9=0x80009fc4
       22585000	      2257	80001b80	00000013	addi	x0,x0,0	  x0:0x00000000
       22595000	      2258	80001b84	025b5863	bge	x22,x5,80001bb4	 x22:0x00000000  x5:0x00000000
       22605000	      2259	00000000	00000013	addi	x0,x0,0	  x0:0x00000000
       22615000	      2260	80001bb0	00000013	addi	x0,x0,0	  x0:0x00000000
       22625000	      2261	80001bb4	01af11b3	sll	x3,x30,x26	 x30:0x00000000 x26:0x00000000  x3=0x00000000
       22635000	      2262	80001bb8	40ad0933	sub	x18,x26,x10	 x26:0x00000000 x10:0x00008b64 x18=0xffff749c
       22645000	      2263	80001bbc	8b133113	sltiu	x2,x6,-1871	  x6:0xbdcf1900  x2=0x00000001
       22655000	      2264	80001bc0	011efc63	bgeu	x29,x17,80001bd8	 x29:0x080009f4 x17:0x00000000
       22665000	      2265	00000000	00000013	addi	x0,x0,0	  x0:0x00000000
       22675000	      2266	80001bd4	00000013	addi	x0,x0,0	  x0:0x00000000
       22685000	      2267	80001bd8	00b88c63	beq	x17,x11,80001bf0	 x17:0x00000000 x11:0x00000000
       22695000	      2268	00000000	00000013	addi	x0,x0,0	  x0:0x00000000
       22705000	      2269	80001bec	00000013	addi	x0,x0,0	  x0:0x00000000
       22715000	      2270	80001bf0	5bc68713	addi	x14,x13,1468	 x13:0x00000000 x14=0x000005bc
       22725000	      2271	80001bf4	01441813	slli	x16,x8,0x14	  x8:0x00007604 x16=0x60400000
       22735000	      2272	80001bf8	40a40433	sub	x8,x8,x10	  x8:0x00007604 x10:0x00008b64  x8=0xffffeaa0
       22745000	      2273	80001bfc	25cfc193	xori	x3,x31,604	 x31:0x80008924  x3=0x80008b78
       22755000	      2274	80001c00	01210a63	beq	x2,x18,80001c14	  x2:0x00000001 x18:0xffff749c
       22765000	      2275	80001c04	0135a3b3	slt	x7,x11,x19	 x11:0x00000000 x19:0x80008ce0  x7=0x00000000
       22775000	      2276	80001c08	408f09b3	sub	x19,x30,x8	 x30:0x00000000  x8:0xffffeaa0 x19=0x00001560
       22785000	      2277	80001c0c	fa2f0493	addi	x9,x30,-94	 x30:0x00000000  x9=0xffffffa2
       22795000	      2278	80001c10	00000013	addi	x0,x0,0	  x0:0x00000000
       22805000	      2279	80001c14	7f5a4013	xori	x0,x20,2037	 x20:0x80000000
       22815000	      2280	80001c18	017fd693	srli	x13,x31,0x17	 x31:0x80008924 x13=0x00000100
       22825000	      2281	80001c1c	01f405b3	add	x11,x8,x31	  x8:0xffffeaa0 x31:0x80008924 x11=0x800073c4
       22835000	      2282	80001c20	bcab0813	addi	x16,x22,-1078	 x22:0x00000000 x16=0xfffffbca
       22845000	      2283	80001c24	014bab33	slt	x22,x23,x20	 x23:0x00000000 x20:0x80000000 x22=0x00000000
       22855000	      2284	80001c28	00a034b3	sltu	x9,x0,x10	  x0:0x00000000 x10:0x00008b64  x9=0x00000001
       22865000	      2285	80001c2c	d6756093	ori	x1,x10,-665	 x10:0x00008b64  x1=0xffffff67
       22875000	      2286	80001c30	00e57a63	bgeu	x10,x14,80001c44	 x10:0x00008b64 x14:0x000005bc
       22885000	      2287	00000000	00000013	addi	x0,x0,0	  x0:0x00000000
       22895000	      2288	80001c40	00000013	addi	x0,x0,0	  x0:0x00000000
       22905000	      2289	80001c44	03f57e63	bgeu	x10,x31,80001c80	 x10:0x00008b64 x31:0x80008924
       22915000	      2290	80001c48	04b74d93	xori	x27,x14,75	 x14:0x000005bc x27=0x000005f7
       22925000	      2291	80001c4c	256ea593	slti	x11,x29,598	 x29:0x080009f4 x11=0x00000000
       22935000	      2292	80001c50	8544cc93	xori	x25,x9,-1964	  x9:0x00000001 x25=0xfffff855
       22945000	      2293	80001c54	02914a63	blt	x2,x9,80001c88	  x2:0x00000001  x9:0x00000001
       22955000	      2294	80001c58	04539663	bne	x7,x5,80001ca4	  x7:0x00000000  x5:0x00000000
       22965000	      2295	80001c5c	00706133	or	x2,x0,x7	  x0:0x00000000  x7:0x00000000  x2=0x00000000
       22975000	      2296	80001c60	00000013	addi	x0,x0,0	  x0:0x00000000
       22985000	      2297	80001c64	59276813	ori	x16,x14,1426	 x14:0x000005bc x16=0x000005be
       22995000	      2298	80001c68	9db28793	addi	x15,x5,-1573	  x5:0x00000000 x15=0xfffff9db
       23005000	      2299	80001c6c	0e64b397	auipc	x7,0xe64b	  x7=0x8e64cc68
       23015000	      2300	80001c70	412e5713	srai	x14,x28,0x12	 x28:0x87fe7604 x14=0xffffe1ff
       23025000	      2301	80001c74	0118ed33	or	x26,x17,x17	 x17:0x00000000 x17:0x00000000 x26=0x00000000
       23035000	      2302	80001c78	94eab813	sltiu	x16,x21,-1714	 x21:0x00000000 x16=0x00000001
       23045000	      2303	80001c7c	00ecad33	slt	x26,x25,x14	 x25:0xfffff855 x14:0xffffe1ff x26=0x00000000
       23055000	      2304	80001c80	01350a63	beq	x10,x19,80001c94	 x10:0x00008b64 x19:0x00001560
       23065000	      2305	80001c84	001d53b3	srl	x7,x26,x1	 x26:0x00000000  x1:0xffffff67  x7=0x00000000
       23075000	      2306	80001c88	03bf6a63	bltu	x30,x27,80001cbc	 x30:0x00000000 x27:0x000005f7
       23085000	      2307	00000000	00000013	addi	x0,x0,0	  x0:0x00000000
       23095000	      2308	80001cb8	00000013	addi	x0,x0,0	  x0:0x00000000
       23105000	      2309	80001cbc	01c5f433	and	x8,x11,x28	 x11:0x00000000 x28:0x87fe7604  x8=0x00000000
       23115000	      2310	80001cc0	0823ac13	slti	x24,x7,130	  x7:0x00000000 x24=0x00000001
       23125000	      2311	80001cc4	00000013	addi	x0,x0,0	  x0:0x00000000
       23135000	      2312	80001cc8	e52db813	sltiu	x16,x27,-430	 x27:0x000005f7 x16=0x00000001
       23145000	      2313	80001ccc	010f6fb3	or	x31,x30,x16	 x30:0x00000000 x16:0x00000001 x31=0x00000001
       23155000	      2314	80001cd0	d2e06993	ori	x19,x0,-722	  x0:0x00000000 x19=0xfffffd2e
       23165000	      2315	80001cd4	0129e0b3	or	x1,x19,x18	 x19:0xfffffd2e x18:0xffff749c  x1=0xfffffdbe
       23175000	      2316	80001cd8	00d99813	slli	x16,x19,0xd	 x19:0xfffffd2e x16=0xffa5c000
       23185000	      2317	80001cdc	0089e6b3	or	x13,x19,x8	 x19:0xfffffd2e  x8:0x00000000 x13=0xfffffd2e
       23195000	      2318	80001ce0	00a65693	srli	x13,x12,0xa	 x12:0x80009fc4 x13=0x00200027
       23205000	      2319	80001ce4	03a4f863	bgeu	x9,x26,80001d14	  x9:0x00000001 x26:0x00000000
       23215000	      2320	00000000	00000013	addi	x0,x0,0	  x0:0x00000000
       23225000	      2321	80001d10	00000013	addi	x0,x0,0	  x0:0x00000000
       23235000	      2322	80001d14	00f2fe63	bgeu	x5,x15,80001d30	  x5:0x00000000 x15:0xfffff9db
       23245000	      2323	80001d18	00f24ab3	xor	x21,x4,x15	  x4:0x80009f4c x15:0xfffff9db x21=0x7fff6697
       23255000	      2324	80001d1c	01b2ea63	bltu	x5,x27,80001d30	  x5:0x00000000 x27:0x000005f7
       23265000	      2325	00000000	00000013	addi	x0,x0,0	  x0:0x00000000
       23275000	      2326	80001d2c	00000013	addi	x0,x0,0	  x0:0x00000000
       23285000	      2327	80001d30	0532f263	bgeu	x5,x19,80001d74	  x5:0x00000000 x19:0xfffffd2e
       23295000	      2328	80001d34	01b8ef33	or	x30,x17,x27	 x17:0x00000000 x27:0x000005f7 x30=0x000005f7
       23305000	      2329	80001d38	c6b8c493	xori	x9,x17,-917	 x17:0x00000000  x9=0xfffffc6b
       23315000	      2330	80001d3c	a4da4c17	auipc	x24,0xa4da4	 x24=0x24da5d38
       23325000	      2331	80001d40	01c35cb3	srl	x25,x6,x28	  x6:0xbdcf1900 x28:0x87fe7604 x25=0x0bdcf190
       23335000	      2332	80001d44	011e1a93	slli	x21,x28,0x11	 x28:0x87fe7604 x21=0xec080000
       23345000	      2333	80001d48	4012deb3	sra	x29,x5,x1	  x5:0x00000000  x1:0xfffffdbe x29=0x00000000
       23355000	      2334	80001d4c	f448f913	andi	x18,x17,-188	 x17:0x00000000 x18=0x00000000
       23365000	      2335	80001d50	a396b713	sltiu	x14,x13,-1479	 x13:0x00200027 x14=0x00000001
       23375000	      2336	80001d54	003a5913	srli	x18,x20,0x3	 x20:0x80000000 x18=0x10000000
       23385000	      2337	80001d58	028f1663	bne	x30,x8,80001d84	 x30:0x000005f7  x8:0x00000000
       23395000	      2338	00000000	00000013	addi	x0,x0,0	  x0:0x00000000
       23405000	      2339	80001d80	00000013	addi	x0,x0,0	  x0:0x00000000
       23415000	      2340	80001d84	03ab5863	bge	x22,x26,80001db4	 x22:0x00000000 x26:0x00000000
       23425000	      2341	00000000	00000013	addi	x0,x0,0	  x0:0x00000000
       23435000	      2342	80001db0	00000013	addi	x0,x0,0	  x0:0x00000000
       23445000	      2343	80001db4	02bc0863	beq	x24,x11,80001de4	 x24:0x24da5d38 x11:0x00000000
       23455000	      2344	80001db8	014e89b3	add	x19,x29,x20	 x29:0x00000000 x20:0x80000000 x19=0x80000000
       23465000	      2345	80001dbc	00f8f433	and	x8,x17,x15	 x17:0x00000000 x15:0xfffff9db  x8=0x00000000
       23475000	      2346	80001dc0	03498a63	beq	x19,x20,80001df4	 x19:0x80000000 x20:0x80000000
       23485000	      2347	00000000	00000013	addi	x0,x0,0	  x0:0x00000000
       23495000	      2348	80001df0	00000013	addi	x0,x0,0	  x0:0x00000000
       23505000	      2349	80001df4	41d48d33	sub	x26,x9,x29	  x9:0xfffffc6b x29:0x00000000 x26=0xfffffc6b
       23515000	      2350	80001df8	fd52a037	lui	x0,0xfd52a	
       23525000	      2351	80001dfc	0c8b0b93	addi	x23,x22,200	 x22:0x00000000 x23=0x000000c8
       23535000	      2352	80001e00	7b387713	andi	x14,x16,1971	 x16:0xffa5c000 x14=0x00000000
       23545000	      2353	80001e04	00fcaab3	slt	x21,x25,x15	 x25:0x0bdcf190 x15:0xfffff9db x21=0x00000000
       23555000	      2354	80001e08	6c62e313	ori	x6,x5,1734	  x5:0x00000000  x6=0x000006c6
       23565000	      2355	80001e0c	01319a63	bne	x3,x19,80001e20	  x3:0x80008b78 x19:0x80000000
       23575000	      2356	00000000	00000013	addi	x0,x0,0	  x0:0x00000000
       23585000	      2357	80001e1c	00000013	addi	x0,x0,0	  x0:0x00000000
       23595000	      2358	80001e20	012fa533	slt	x10,x31,x18	 x31:0x00000001 x18:0x10000000 x10=0x00000001
       23605000	      2359	80001e24	ca6254b7	lui	x9,0xca625	  x9=0xca625000
       23615000	      2360	80001e28	008dd913	srli	x18,x27,0x8	 x27:0x000005f7 x18=0x00000005
       23625000	      2361	80001e2c	00599013	slli	x0,x19,0x5	 x19:0x80000000
       23635000	      2362	80001e30	00eb0d33	add	x26,x22,x14	 x22:0x00000000 x14:0x00000000 x26=0x00000000
       23645000	      2363	80001e34	0118d463	bge	x17,x17,80001e3c	 x17:0x00000000 x17:0x00000000
       23655000	      2364	00000000	00000013	addi	x0,x0,0	  x0:0x00000000
       23665000	      2365	80001e38	00000013	addi	x0,x0,0	  x0:0x00000000
       23675000	      2366	80001e3c	001915b3	sll	x11,x18,x1	 x18:0x00000005  x1:0xfffffdbe x11=0x40000000
       23685000	      2367	80001e40	04fce263	bltu	x25,x15,80001e84	 x25:0x0bdcf190 x15:0xfffff9db
       23695000	      2368	00000000	00000013	addi	x0,x0,0	  x0:0x00000000
       23705000	      2369	80001e80	00000013	addi	x0,x0,0	  x0:0x00000000
       23715000	      2370	80001e84	01e305b3	add	x11,x6,x30	  x6:0x000006c6 x30:0x000005f7 x11=0x00000cbd
       23725000	      2371	80001e88	009e6863	bltu	x28,x9,80001e98	 x28:0x87fe7604  x9:0xca625000
       23735000	      2372	00000000	00000013	addi	x0,x0,0	  x0:0x00000000
       23745000	      2373	80001e94	00000013	addi	x0,x0,0	  x0:0x00000000
       23755000	      2374	80001e98	c5cfa513	slti	x10,x31,-932	 x31:0x00000001 x10=0x00000000
       23765000	      2375	80001e9c	410b5493	srai	x9,x22,0x10	 x22:0x00000000  x9=0x00000000
       23775000	      2376	80001ea0	00b95c63	bge	x18,x11,80001eb8	 x18:0x00000005 x11:0x00000cbd
       23785000	      2377	80001ea4	05321663	bne	x4,x19,80001ef0	  x4:0x80009f4c x19:0x80000000
       23795000	      2378	00000000	00000013	addi	x0,x0,0	  x0:0x00000000
       23805000	      2379	80001eec	00000013	addi	x0,x0,0	  x0:0x00000000
       23815000	      2380	80001ef0	d3aaa713	slti	x14,x21,-710	 x21:0x00000000 x14=0x00000000
       23825000	      2381	80001ef4	015a1533	sll	x10,x20,x21	 x20:0x80000000 x21:0x00000000 x10=0x80000000
       23835000	      2382	80001ef8	40ec50b3	sra	x1,x24,x14	 x24:0x24da5d38 x14:0x00000000  x1=0x24da5d38
       23845000	      2383	80001efc	08d1ea93	ori	x21,x3,141	  x3:0x80008b78 x21=0x80008bfd
       23855000	      2384	80001f00	00038533	add	x10,x7,x0	  x7:0x00000000  x0:0x00000000 x10=0x00000000
       23865000	      2385	80001f04	00b93ab3	sltu	x21,x18,x11	 x18:0x00000005 x11:0x00000cbd x21=0x00000001
       23875000	      2386	80001f08	497eae93	slti	x29,x29,1175	 x29:0x00000000 x29=0x00000001
       23885000	      2387	80001f0c	01ca4133	xor	x2,x20,x28	 x20:0x80000000 x28:0x87fe7604  x2=0x07fe7604
       23895000	      2388	80001f10	00218933	add	x18,x3,x2	  x3:0x80008b78  x2:0x07fe7604 x18=0x87ff017c
       23905000	      2389	80001f14	0124cd33	xor	x26,x9,x18	  x9:0x00000000 x18:0x87ff017c x26=0x87ff017c
       23915000	      2390	80001f18	3d000193	addi	x3,x0,976	  x0:0x00000000  x3=0x000003d0
       23925000	      2391	80001f1c	d0ed7513	andi	x10,x26,-754	 x26:0x87ff017c x10=0x87ff010c
       23935000	      2392	80001f20	41680733	sub	x14,x16,x22	 x16:0xffa5c000 x22:0x00000000 x14=0xffa5c000
       23945000	      2393	80001f24	00b4c033	xor	x0,x9,x11	  x9:0x00000000 x11:0x00000cbd
       23955000	      2394	80001f28	014c5593	srli	x11,x24,0x14	 x24:0x24da5d38 x11=0x0000024d
       23965000	      2395	80001f2c	37632b93	slti	x23,x6,886	  x6:0x000006c6 x23=0x00000000
       23975000	      2396	80001f30	410683b3	sub	x7,x13,x16	 x13:0x00200027 x16:0xffa5c000  x7=0x007a4027
       23985000	      2397	80001f34	03d26a63	bltu	x4,x29,80001f68	  x4:0x80009f4c x29:0x00000001
       23995000	      2398	80001f38	00defab3	and	x21,x29,x13	 x29:0x00000001 x13:0x00200027 x21=0x00000001
       24005000	      2399	80001f3c	000ebab3	sltu	x21,x29,x0	 x29:0x00000001  x0:0x00000000 x21=0x00000000
       24015000	      2400	80001f40	7ce04a93	xori	x21,x0,1998	  x0:0x00000000 x21=0x000007ce
       24025000	      2401	80001f44	02f66863	bltu	x12,x15,80001f74	 x12:0x80009fc4 x15:0xfffff9db
       24035000	      2402	00000000	00000013	addi	x0,x0,0	  x0:0x00000000
       24045000	      2403	80001f70	00000013	addi	x0,x0,0	  x0:0x00000000
       24055000	      2404	80001f74	027d0463	beq	x26,x7,80001f9c	 x26:0x87ff017c  x7:0x007a4027
       24065000	      2405	80001f78	019a58b3	srl	x17,x20,x25	 x20:0x80000000 x25:0x0bdcf190 x17=0x00008000
       24075000	      2406	80001f7c	572aa413	slti	x8,x21,1394	 x21:0x000007ce  x8=0x00000000
       24085000	      2407	80001f80	00399f13	slli	x30,x19,0x3	 x19:0x80000000 x30=0x00000000
       24095000	      2408	80001f84	41cadcb3	sra	x25,x21,x28	 x21:0x000007ce x28:0x87fe7604 x25=0x0000007c
       24105000	      2409	80001f88	ddd73c17	auipc	x24,0xddd73	 x24=0x5dd74f84
       24115000	      2410	80001f8c	01bdec63	bltu	x27,x27,80001fa4	 x27:0x000005f7 x27:0x000005f7
       24125000	      2411	80001f90	239c8f13	addi	x30,x25,569	 x25:0x0000007c x30=0x000002b5
       24135000	      2412	80001f94	01dce133	or	x2,x25,x29	 x25:0x0000007c x29:0x00000001  x2=0x0000007d
       24145000	      2413	80001f98	00000013	addi	x0,x0,0	  x0:0x00000000
       24155000	      2414	80001f9c	23ec8093	addi	x1,x25,574	 x25:0x0000007c  x1=0x000002ba
       24165000	      2415	80001fa0	00e3eb33	or	x22,x7,x14	  x7:0x007a4027 x14:0xffa5c000 x22=0xffffc027
       24175000	      2416	80001fa4	00e3e5b3	or	x11,x7,x14	  x7:0x007a4027 x14:0xffa5c000 x11=0xffffc027
       24185000	      2417	80001fa8	724d3413	sltiu	x8,x26,1828	 x26:0x87ff017c  x8=0x00000000
       24195000	      2418	80001fac	00d7d463	bge	x15,x13,80001fb4	 x15:0xfffff9db x13:0x00200027
       24205000	      2419	80001fb0	02135e63	bge	x6,x1,80001fec	  x6:0x000006c6  x1:0x000002ba
       24215000	      2420	00000000	00000013	addi	x0,x0,0	  x0:0x00000000
       24225000	      2421	80001fe8	00000013	addi	x0,x0,0	  x0:0x00000000
       24235000	      2422	80001fec	008193b3	sll	x7,x3,x8	  x3:0x000003d0  x8:0x00000000  x7=0x000003d0
       24245000	      2423	80001ff0	7e759cb7	lui	x25,0x7e759	 x25=0x7e759000
       24255000	      2424	80001ff4	41095113	srai	x2,x18,0x10	 x18:0x87ff017c  x2=0xffff87ff
       24265000	      2425	80001ff8	8fd0d8b7	lui	x17,0x8fd0d	 x17=0x8fd0d000
       24275000	      2426	80001ffc	00e3fd33	and	x26,x7,x14	  x7:0x000003d0 x14:0xffa5c000 x26=0x00000000
       24285000	      2427	80002000	000ffbb3	and	x23,x31,x0	 x31:0x00000001  x0:0x00000000 x23=0x00000000
       24295000	      2428	80002004	00acd133	srl	x2,x25,x10	 x25:0x7e759000 x10:0x87ff010c  x2=0x0007e759
       24305000	      2429	80002008	01e00e63	beq	x0,x30,80002024	  x0:0x00000000 x30:0x000002b5
       24315000	      2430	8000200c	01fb0a63	beq	x22,x31,80002020	 x22:0xffffc027 x31:0x00000001
       24325000	      2431	80002010	03a06e63	bltu	x0,x26,8000204c	  x0:0x00000000 x26:0x00000000
       24335000	      2432	80002014	05211263	bne	x2,x18,80002058	  x2:0x0007e759 x18:0x87ff017c
       24345000	      2433	00000000	00000013	addi	x0,x0,0	  x0:0x00000000
       24355000	      2434	80002054	00000013	addi	x0,x0,0	  x0:0x00000000
       24365000	      2435	80002058	ef9cb493	sltiu	x9,x25,-263	 x25:0x7e759000  x9=0x00000001
       24375000	      2436	8000205c	d82cc693	xori	x13,x25,-638	 x25:0x7e759000 x13=0x818a6d82
       24385000	      2437	80002060	bc0d7c13	andi	x24,x26,-1088	 x26:0x00000000 x24=0x00000000
       24395000	      2438	80002064	452c3117	auipc	x2,0x452c3	  x2=0xc52c5060
       24405000	      2439	80002068	00b28033	add	x0,x5,x11	  x5:0x00000000 x11:0xffffc027
       24415000	      2440	8000206c	4070d433	sra	x8,x1,x7	  x1:0x000002ba  x7:0x000003d0  x8=0x00000000
       24425000	      2441	80002070	41765693	srai	x13,x12,0x17	 x12:0x80009fc4 x13=0xffffff00
       24435000	      2442	80002074	45e14d13	xori	x26,x2,1118	  x2:0xc52c5060 x26=0xc52c543e
       24445000	      2443	80002078	00000013	addi	x0,x0,0	  x0:0x00000000
       24455000	      2444	8000207c	003d3e33	sltu	x28,x26,x3	 x26:0xc52c543e  x3:0x000003d0 x28=0x00000000
       24465000	      2445	80002080	01894f33	xor	x30,x18,x24	 x18:0x87ff017c x24:0x00000000 x30=0x87ff017c
       24475000	      2446	80002084	016550b3	srl	x1,x10,x22	 x10:0x87ff010c x22:0xffffc027  x1=0x010ffe02
       24485000	      2447	80002088	00b124b3	slt	x9,x2,x11	  x2:0xc52c5060 x11:0xffffc027  x9=0x00000001
       24495000	      2448	8000208c	004c5a63	bge	x24,x4,800020a0	 x24:0x00000000  x4:0x80009f4c
       24505000	      2449	00000000	00000013	addi	x0,x0,0	  x0:0x00000000
       24515000	      2450	8000209c	00000013	addi	x0,x0,0	  x0:0x00000000
       24525000	      2451	800020a0	40f78533	sub	x10,x15,x15	 x15:0xfffff9db x15:0xfffff9db x10=0x00000000
       24535000	      2452	800020a4	438d1b37	lui	x22,0x438d1	 x22=0x438d1000
       24545000	      2453	800020a8	00889bb3	sll	x23,x17,x8	 x17:0x8fd0d000  x8:0x00000000 x23=0x8fd0d000
       24555000	      2454	800020ac	01cf79b3	and	x19,x30,x28	 x30:0x87ff017c x28:0x00000000 x19=0x00000000
       24565000	      2455	800020b0	01524463	blt	x4,x21,800020b8	  x4:0x80009f4c x21:0x000007ce
       24575000	      2456	00000000	00000013	addi	x0,x0,0	  x0:0x00000000
       24585000	      2457	800020b4	00000013	addi	x0,x0,0	  x0:0x00000000
       24595000	      2458	800020b8	242c7193	andi	x3,x24,578	 x24:0x00000000  x3=0x00000000
       24605000	      2459	800020bc	00422083	lw	x1,4(x4)	  x4:0x80009f4c  x1=0x8000015c PA:0x80009f50
       24615000	      2460	800020c0	03820213	addi	x4,x4,56	  x4:0x80009f4c  x4=0x80009f84
       24625000	      2461	800020c4	c581b013	sltiu	x0,x3,-936	  x3:0x00000000
       24635000	      2462	800020c8	4a06fb93	andi	x23,x13,1184	 x13:0xffffff00 x23=0x00000400
       24645000	      2463	800020cc	01e4ae33	slt	x28,x9,x30	  x9:0x00000001 x30:0x87ff017c x28=0x00000000
       24655000	      2464	800020d0	00008d93	addi	x27,x1,0	  x1:0x8000015c x27=0x8000015c
       24665000	      2465	800020d4	000d8de7	jalr	x27,x27,0	 x27:0x8000015c x27=0x800020d4
       24675000	      2466	00000000	00000013	addi	x0,x0,0	  x0:0x00000000
       24685000	      2467	8000015c	00000013	addi	x0,x0,0	  x0:0x00000000
       24695000	      2468	80000160	00009117	auipc	x2,0x9	  x2=0x8000915c
       24705000	      2469	80000164	d4e10113	addi	x2,x2,-690	  x2:0x8000915c  x2=0x80008eaa
       24715000	      2470	80000168	034c0593	addi	x11,x24,52	 x24:0x00000000 x11=0x00000034
       24725000	      2471	8000016c	ffd10283	lb	x5,-3(x2)	  x2:0x80008eaa  x5=0x00000000 PA:0x80008ea7
       24735000	      2472	80000170	ffd10383	lb	x7,-3(x2)	  x2:0x80008eaa  x7=0x00000000 PA:0x80008ea7
       24745000	      2473	80000174	00ccbfb3	sltu	x31,x25,x12	 x25:0x7e759000 x12:0x80009fc4 x31=0x00000001
       24755000	      2474	80000178	ffd10e83	lb	x29,-3(x2)	  x2:0x80008eaa x29=0x00000000 PA:0x80008ea7
       24765000	      2475	00000000	00000013	addi	x0,x0,0	  x0:0x00000000
       24775000	      2476	8000017c	ffd10383	lb	x7,-3(x2)	  x2:0x80008eaa  x7=0x00000000 PA:0x80008ea7
       24785000	      2477	80000180	fc1f7313	andi	x6,x30,-63	 x30:0x87ff017c  x6=0x87ff0140
       24795000	      2478	80000184	fe710ea3	sb	x7,-3(x2)	  x2:0x80008eaa  x7:0x00000000 PA:0x80008ea7
       24805000	      2479	80000188	fef10ea3	sb	x15,-3(x2)	  x2:0x80008eaa x15:0xfffff9db PA:0x80008ea7
       24815000	      2480	8000018c	ffd14f03	lbu	x30,-3(x2)	  x2:0x80008eaa x30=0x000000db PA:0x80008ea7
       24825000	      2481	80000190	ffd10903	lb	x18,-3(x2)	  x2:0x80008eaa x18=0xffffffdb PA:0x80008ea7
       24835000	      2482	80000194	ffd14583	lbu	x11,-3(x2)	  x2:0x80008eaa x11=0x000000db PA:0x80008ea7
       24845000	      2483	80000198	fe710ea3	sb	x7,-3(x2)	  x2:0x80008eaa  x7:0x00000000 PA:0x80008ea7
       24855000	      2484	8000019c	ffd14183	lbu	x3,-3(x2)	  x2:0x80008eaa  x3=0x00000000 PA:0x80008ea7
       24865000	      2485	800001a0	ff210ea3	sb	x18,-3(x2)	  x2:0x80008eaa x18:0xffffffdb PA:0x80008ea7
       24875000	      2486	800001a4	ffd14c03	lbu	x24,-3(x2)	  x2:0x80008eaa x24=0x000000db PA:0x80008ea7
       24885000	      2487	800001a8	882eb513	sltiu	x10,x29,-1918	 x29:0x00000000 x10=0x00000001
       24895000	      2488	800001ac	ffd10f03	lb	x30,-3(x2)	  x2:0x80008eaa x30=0xffffffdb PA:0x80008ea7
       24905000	      2489	800001b0	00009c97	auipc	x25,0x9	 x25=0x800091ac
       24915000	      2490	800001b4	81ac8c93	addi	x25,x25,-2022	 x25:0x800091ac x25=0x800089c6
       24925000	      2491	800001b8	00009497	auipc	x9,0x9	  x9=0x800091b4
       24935000	      2492	800001bc	9c848493	addi	x9,x9,-1592	  x9:0x800091b4  x9=0x80008b7c
       24945000	      2493	800001c0	00009197	auipc	x3,0x9	  x3=0x800091bc
       24955000	      2494	800001c4	d7918193	addi	x3,x3,-647	  x3:0x800091bc  x3=0x80008f35
       24965000	      2495	800001c8	fc1ca523	sw	x1,-54(x25)	 x25:0x800089c6  x1:0x8000015c PA:0x80008990
       24975000	      2496	800001cc	00009a97	auipc	x21,0x9	 x21=0x800091c8
       24985000	      2497	800001d0	a2ba8a93	addi	x21,x21,-1493	 x21:0x800091c8 x21=0x80008bf3
       24995000	      2498	800001d4	0b9ca123	sw	x25,162(x25)	 x25:0x800089c6 x25:0x800089c6 PA:0x80008a68
       25005000	      2499	800001d8	ff7ade03	lhu	x28,-9(x21)	 x21:0x80008bf3 x28=0x00000000 PA:0x80008bea
       25015000	      2500	800001dc	ffeacf83	lbu	x31,-2(x21)	 x21:0x80008bf3 x31=0x00000000 PA:0x80008bf1
       25025000	      2501	800001e0	00009817	auipc	x16,0x9	 x16=0x800091dc
       25035000	      2502	800001e4	b9d80813	addi	x16,x16,-1123	 x16:0x800091dc x16=0x80008d79
       25045000	      2503	800001e8	006a8103	lb	x2,6(x21)	 x21:0x80008bf3  x2=0x00000000 PA:0x80008bf9
       25055000	      2504	800001ec	03484303	lbu	x6,52(x16)	 x16:0x80008d79  x6=0x00000000 PA:0x80008dad
       25065000	      2505	800001f0	0d5ca723	sw	x21,206(x25)	 x25:0x800089c6 x21:0x80008bf3 PA:0x80008a94
       25075000	      2506	800001f4	ff4a8703	lb	x14,-12(x21)	 x21:0x80008bf3 x14=0x00000000 PA:0x80008be7
       25085000	      2507	800001f8	c2a1c903	lbu	x18,-982(x3)	  x3:0x80008f35 x18=0x00000000 PA:0x80008b5f
       25095000	      2508	800001fc	f3948123	sb	x25,-222(x9)	  x9:0x80008b7c x25:0x800089c6 PA:0x80008a9e
       25105000	      2509	80000200	f9ac9003	lh	x0,-102(x25)	 x25:0x800089c6 PA:0x80008960
       25115000	      2510	80000204	fbdccf83	lbu	x31,-67(x25)	 x25:0x800089c6 x31=0x00000000 PA:0x80008983
       25125000	      2511	80000208	05a48b83	lb	x23,90(x9)	  x9:0x80008b7c x23=0x00000000 PA:0x80008bd6
       25135000	      2512	8000020c	fb548f03	lb	x30,-75(x9)	  x9:0x80008b7c x30=0x0000004c PA:0x80008b31
       25145000	      2513	80000210	ffba9283	lh	x5,-5(x21)	 x21:0x80008bf3  x5=0x00000000 PA:0x80008bee
       25155000	      2514	80000214	a9f82d03	lw	x26,-1377(x16)	 x16:0x80008d79 x26=0x00000000 PA:0x80008818
       25165000	      2515	80000218	fffacb03	lbu	x22,-1(x21)	 x21:0x80008bf3 x22=0x00000000 PA:0x80008bf2
       25175000	      2516	8000021c	eac80123	sb	x12,-350(x16)	 x16:0x80008d79 x12:0x80009fc4 PA:0x80008c1b
       25185000	      2517	80000220	fe1a8e23	sb	x1,-4(x21)	 x21:0x80008bf3  x1:0x8000015c PA:0x80008bef
       25195000	      2518	80000224	a4f1af03	lw	x30,-1457(x3)	  x3:0x80008f35 x30=0x00000000 PA:0x80008984
       25205000	      2519	80000228	a471a883	lw	x17,-1465(x3)	  x3:0x80008f35 x17=0x00000000 PA:0x8000897c
       25215000	      2520	8000022c	005a8323	sb	x5,6(x21)	 x21:0x80008bf3  x5:0x00000000 PA:0x80008bf9
       25225000	      2521	80000230	14680323	sb	x6,326(x16)	 x16:0x80008d79  x6:0x00000000 PA:0x80008ebf
       25235000	      2522	80000234	09149423	sh	x17,136(x9)	  x9:0x80008b7c x17:0x00000000 PA:0x80008c04
       25245000	      2523	80000238	006a8103	lb	x2,6(x21)	 x21:0x80008bf3  x2=0x00000000 PA:0x80008bf9
       25255000	      2524	8000023c	04e80783	lb	x15,78(x16)	 x16:0x80008d79 x15=0x00000000 PA:0x80008dc7
       25265000	      2525	80000240	0ba487a3	sb	x26,175(x9)	  x9:0x80008b7c x26:0x00000000 PA:0x80008c2b
       25275000	      2526	80000244	06ccc583	lbu	x11,108(x25)	 x25:0x800089c6 x11=0x00000000 PA:0x80008a32
       25285000	      2527	80000248	f68cc583	lbu	x11,-152(x25)	 x25:0x800089c6 x11=0x00000000 PA:0x8000892e
       25295000	      2528	8000024c	05080783	lb	x15,80(x16)	 x16:0x80008d79 x15=0x00000000 PA:0x80008dc9
       25305000	      2529	80000250	f984db83	lhu	x23,-104(x9)	  x9:0x80008b7c x23=0x00000000 PA:0x80008b14
       25315000	      2530	80000254	feba8da3	sb	x11,-5(x21)	 x21:0x80008bf3 x11:0x00000000 PA:0x80008bee
       25325000	      2531	80000258	c451cb83	lbu	x23,-955(x3)	  x3:0x80008f35 x23=0x00000000 PA:0x80008b7a
       25335000	      2532	8000025c	b8884403	lbu	x8,-1144(x16)	 x16:0x80008d79  x8=0x00000000 PA:0x80008901
       25345000	      2533	80000260	0c048fa3	sb	x0,223(x9)	  x9:0x80008b7c  x0:0x00000000 PA:0x80008c5b
       25355000	      2534	80000264	f2e193a3	sh	x14,-217(x3)	  x3:0x80008f35 x14:0x00000000 PA:0x80008e5c
       25365000	      2535	80000268	f6bc8623	sb	x11,-148(x25)	 x25:0x800089c6 x11:0x00000000 PA:0x80008932
       25375000	      2536	8000026c	00009f17	auipc	x30,0x9	 x30=0x80009268
       25385000	      2537	80000270	848f0f13	addi	x30,x30,-1976	 x30:0x80009268 x30=0x80008ab0
       25395000	      2538	80000274	009f0423	sb	x9,8(x30)	 x30:0x80008ab0  x9:0x80008b7c PA:0x80008ab8
       25405000	      2539	80000278	01c0dd33	srl	x26,x1,x28	  x1:0x8000015c x28:0x00000000 x26=0x8000015c
       25415000	      2540	8000027c	009f00a3	sb	x9,1(x30)	 x30:0x80008ab0  x9:0x80008b7c PA:0x80008ab1
       25425000	      2541	80000280	646f3913	sltiu	x18,x30,1606	 x30:0x80008ab0 x18=0x00000000
       25435000	      2542	80000284	41cf00b3	sub	x1,x30,x28	 x30:0x80008ab0 x28:0x00000000  x1=0x80008ab0
       25445000	      2543	80000288	4103d9b3	sra	x19,x7,x16	  x7:0x00000000 x16:0x80008d79 x19=0x00000000
       25455000	      2544	8000028c	000f1803	lh	x16,0(x30)	 x30:0x80008ab0 x16=0x00007c00 PA:0x80008ab0
       25465000	      2545	80000290	440b2413	slti	x8,x22,1088	 x22:0x00000000  x8=0x00000001
       25475000	      2546	80000294	0161d6b3	srl	x13,x3,x22	  x3:0x80008f35 x22:0x00000000 x13=0x80008f35
       25485000	      2547	80000298	007f4183	lbu	x3,7(x30)	 x30:0x80008ab0  x3=0x00000000 PA:0x80008ab7
       25495000	      2548	00000000	00000013	addi	x0,x0,0	  x0:0x00000000
       25505000	      2549	8000029c	f83f3813	sltiu	x16,x30,-125	 x30:0x80008ab0 x16=0x00000001
       25515000	      2550	800002a0	f3a65817	auipc	x16,0xf3a65	 x16=0x73a6529c
       25525000	      2551	800002a4	01fd1d13	slli	x26,x26,0x1f	 x26:0x8000015c x26=0x00000000
       25535000	      2552	800002a8	ff9f0fa3	sb	x25,-1(x30)	 x30:0x80008ab0 x25:0x800089c6 PA:0x80008aaf
       25545000	      2553	800002ac	ff2f0e03	lb	x28,-14(x30)	 x30:0x80008ab0 x28=0x00000000 PA:0x80008aa2
       25555000	      2554	800002b0	768b6113	ori	x2,x22,1896	 x22:0x00000000  x2=0x00000768
       25565000	      2555	800002b4	fe7f0823	sb	x7,-16(x30)	 x30:0x80008ab0  x7:0x00000000 PA:0x80008aa0
       25575000	      2556	800002b8	01b49db3	sll	x27,x9,x27	  x9:0x80008b7c x27:0x800020d4 x27=0xb7c00000
       25585000	      2557	800002bc	00ce0bb3	add	x23,x28,x12	 x28:0x00000000 x12:0x80009fc4 x23=0x80009fc4
       25595000	      2558	800002c0	ffff4283	lbu	x5,-1(x30)	 x30:0x80008ab0  x5=0x000000c6 PA:0x80008aaf
       25605000	      2559	800002c4	00ccb833	sltu	x16,x25,x12	 x25:0x800089c6 x12:0x80009fc4 x16=0x00000001
       25615000	      2560	800002c8	ffbf4b83	lbu	x23,-5(x30)	 x30:0x80008ab0 x23=0x00000000 PA:0x80008aab
       25625000	      2561	800002cc	3806e737	lui	x14,0x3806e	 x14=0x3806e000
       25635000	      2562	800002d0	00000013	addi	x0,x0,0	  x0:0x00000000
       25645000	      2563	800002d4	ffff4b03	lbu	x22,-1(x30)	 x30:0x80008ab0 x22=0x000000c6 PA:0x80008aaf
       25655000	      2564	00000000	00000013	addi	x0,x0,0	  x0:0x00000000
       25665000	      2565	800002d8	336651b7	lui	x3,0x33665	  x3=0x33665000
       25675000	      2566	800002dc	fa310e13	addi	x28,x2,-93	  x2:0x00000768 x28=0x0000070b
       25685000	      2567	800002e0	a71e6d17	auipc	x26,0xa71e6	 x26=0x271e62dc
       25695000	      2568	800002e4	ff0f0383	lb	x7,-16(x30)	 x30:0x80008ab0  x7=0x00000000 PA:0x80008aa0
       25705000	      2569	00000000	00000013	addi	x0,x0,0	  x0:0x00000000
       25715000	      2570	800002e8	41f38fb3	sub	x31,x7,x31	  x7:0x00000000 x31:0x00000000 x31=0x00000000
       25725000	      2571	800002ec	000f0303	lb	x6,0(x30)	 x30:0x80008ab0  x6=0x00000000 PA:0x80008ab0
       25735000	      2572	800002f0	ff3f0ea3	sb	x19,-3(x30)	 x30:0x80008ab0 x19:0x00000000 PA:0x80008aad
       25745000	      2573	800002f4	007f4c03	lbu	x24,7(x30)	 x30:0x80008ab0 x24=0x00000000 PA:0x80008ab7
       25755000	      2574	800002f8	404cdbb3	sra	x23,x25,x4	 x25:0x800089c6  x4:0x80009f84 x23=0xf800089c
       25765000	      2575	800002fc	00000013	addi	x0,x0,0	  x0:0x00000000
       25775000	      2576	80000300	00a6cbb3	xor	x23,x13,x10	 x13:0x80008f35 x10:0x00000001 x23=0x80008f34
       25785000	      2577	80000304	ff6f0083	lb	x1,-10(x30)	 x30:0x80008ab0  x1=0x00000000 PA:0x80008aa6
       25795000	      2578	80000308	01a33db3	sltu	x27,x6,x26	  x6:0x00000000 x26:0x271e62dc x27=0x00000001
       25805000	      2579	8000030c	b6d96e93	ori	x29,x18,-1171	 x18:0x00000000 x29=0xfffffb6d
       25815000	      2580	80000310	01e83d33	sltu	x26,x16,x30	 x16:0x00000001 x30:0x80008ab0 x26=0x00000001
       25825000	      2581	80000314	409e09b3	sub	x19,x28,x9	 x28:0x0000070b  x9:0x80008b7c x19=0x7fff7b8f
       25835000	      2582	80000318	7d53ae93	slti	x29,x7,2005	  x7:0x00000000 x29=0x00000001
       25845000	      2583	8000031c	0064f1b3	and	x3,x9,x6	  x9:0x80008b7c  x6:0x00000000  x3=0x00000000
       25855000	      2584	80000320	96b70313	addi	x6,x14,-1685	 x14:0x3806e000  x6=0x3806d96b
       25865000	      2585	80000324	00000e97	auipc	x29,0x0	 x29=0x80000320
       25875000	      2586	80000328	064e8e93	addi	x29,x29,100	 x29:0x80000320 x29=0x80000384
       25885000	      2587	8000032c	01f54913	xori	x18,x10,31	 x10:0x00000001 x18=0x0000001e
       25895000	      2588	80000330	013973b3	and	x7,x18,x19	 x18:0x0000001e x19:0x7fff7b8f  x7=0x0000000e
       25905000	      2589	80000334	b33fa593	slti	x11,x31,-1229	 x31:0x00000000 x11=0x00000000
       25915000	      2590	80000338	049e8e93	addi	x29,x29,73	 x29:0x80000384 x29=0x800003cd
       25925000	      2591	8000033c	8aeba413	slti	x8,x23,-1874	 x23:0x80008f34  x8=0x00000001
       25935000	      2592	80000340	28d56693	ori	x13,x10,653	 x10:0x00000001 x13=0x0000028d
       25945000	      2593	80000344	404dd833	sra	x16,x27,x4	 x27:0x00000001  x4:0x80009f84 x16=0x00000000
       25955000	      2594	80000348	004d7663	bgeu	x26,x4,80000354	 x26:0x00000001  x4:0x80009f84
       25965000	      2595	8000034c	e5c1f893	andi	x17,x3,-420	  x3:0x00000000 x17=0x00000000
       25975000	      2596	80000350	4018d413	srai	x8,x17,0x1	 x17:0x00000000  x8=0x00000000
       25985000	      2597	80000354	fb8e80e7	jalr	x1,x29,-72	 x29:0x800003cd  x1=0x80000354
       25995000	      2598	00000000	00000013	addi	x0,x0,0	  x0:0x00000000
       26005000	      2599	80000384	00000013	addi	x0,x0,0	  x0:0x00000000
       26015000	      2600	80000388	9ace7413	andi	x8,x28,-1620	 x28:0x0000070b  x8=0x00000108
       26025000	      2601	8000038c	01fa9993	slli	x19,x21,0x1f	 x21:0x80008bf3 x19=0x80000000
       26035000	      2602	80000390	01c4d463	bge	x9,x28,80000398	  x9:0x80008b7c x28:0x0000070b
       26045000	      2603	80000394	01bce733	or	x14,x25,x27	 x25:0x800089c6 x27:0x00000001 x14=0x800089c7
       26055000	      2604	80000398	fd420213	addi	x4,x4,-44	  x4:0x80009f84  x4=0x80009f58
       26065000	      2605	8000039c	5a27eb13	ori	x22,x15,1442	 x15:0x00000000 x22=0x000005a2
       26075000	      2606	800003a0	00122223	sw	x1,4(x4)	  x4:0x80009f58  x1:0x80000354 PA:0x80009f5c
       26085000	      2607	800003a4	01722ab3	slt	x21,x4,x23	  x4:0x80009f58 x23:0x80008f34 x21=0x00000000
       26095000	      2608	800003a8	4d8aa893	slti	x17,x21,1240	 x21:0x00000000 x17=0x00000001
       26105000	      2609	800003ac	9dcd22b7	lui	x5,0x9dcd2	  x5=0x9dcd2000
       26115000	      2610	800003b0	89812f13	slti	x30,x2,-1896	  x2:0x00000768 x30=0x00000000
       26125000	      2611	800003b4	002c5833	srl	x16,x24,x2	 x24:0x00000000  x2:0x00000768 x16=0x00000000
       26135000	      2612	800003b8	403ad993	srai	x19,x21,0x3	 x21:0x00000000 x19=0x00000000
       26145000	      2613	800003bc	00008917	auipc	x18,0x8	 x18=0x800083b8
       26155000	      2614	800003c0	1a390913	addi	x18,x18,419	 x18:0x800083b8 x18=0x8000855b
       26165000	      2615	800003c4	cab90923	sb	x11,-846(x18)	 x18:0x8000855b x11:0x00000000 PA:0x8000820d
       26175000	      2616	800003c8	00000013	addi	x0,x0,0	  x0:0x00000000
       26185000	      2617	800003cc	01f0e733	or	x14,x1,x31	  x1:0x80000354 x31:0x00000000 x14=0x80000354
       26195000	      2618	800003d0	3ebce293	ori	x5,x25,1003	 x25:0x800089c6  x5=0x80008bef
       26205000	      2619	800003d4	8d5a7113	andi	x2,x20,-1835	 x20:0x80000000  x2=0x80000000
       26215000	      2620	800003d8	a2ca2e97	auipc	x29,0xa2ca2	 x29=0x22ca23d4
       26225000	      2621	800003dc	48c6cd93	xori	x27,x13,1164	 x13:0x0000028d x27=0x00000601
       26235000	      2622	800003e0	0093ddb3	srl	x27,x7,x9	  x7:0x0000000e  x9:0x80008b7c x27=0x00000000
       26245000	      2623	800003e4	29b94b83	lbu	x23,667(x18)	 x18:0x8000855b x23=0x00000000 PA:0x800087f6
       26255000	      2624	800003e8	fd494c03	lbu	x24,-44(x18)	 x18:0x8000855b x24=0x00000000 PA:0x8000852f
       26265000	      2625	800003ec	cf394703	lbu	x14,-781(x18)	 x18:0x8000855b x14=0x00000000 PA:0x8000824e
       26275000	      2626	800003f0	11d916a3	sh	x29,269(x18)	 x18:0x8000855b x29:0x22ca23d4 PA:0x80008668
       26285000	      2627	800003f4	a39c4093	xori	x1,x24,-1479	 x24:0x00000000  x1=0xfffffa39
       26295000	      2628	800003f8	03094303	lbu	x6,48(x18)	 x18:0x8000855b  x6=0x00000000 PA:0x8000858b
       26305000	      2629	800003fc	18594f03	lbu	x30,389(x18)	 x18:0x8000855b x30=0x00000000 PA:0x800086e0
       26315000	      2630	80000400	00135c33	srl	x24,x6,x1	  x6:0x00000000  x1:0xfffffa39 x24=0x00000000
       26325000	      2631	80000404	e1791083	lh	x1,-489(x18)	 x18:0x8000855b  x1=0x00000000 PA:0x80008372
       26335000	      2632	80000408	d7f90283	lb	x5,-641(x18)	 x18:0x8000855b  x5=0x00000000 PA:0x800082da
       26345000	      2633	8000040c	1ee911a3	sh	x14,483(x18)	 x18:0x8000855b x14:0x00000000 PA:0x8000873e
       26355000	      2634	80000410	f4294083	lbu	x1,-190(x18)	 x18:0x8000855b  x1=0x00000000 PA:0x8000849d
       26365000	      2635	80000414	00acd2b3	srl	x5,x25,x10	 x25:0x800089c6 x10:0x00000001  x5=0x400044e3
       26375000	      2636	80000418	41785793	srai	x15,x16,0x17	 x16:0x00000000 x15=0x00000000
       26385000	      2637	8000041c	01011b93	slli	x23,x2,0x10	  x2:0x80000000 x23=0x00000000
       26395000	      2638	80000420	16903737	lui	x14,0x16903	 x14=0x16903000
       26405000	      2639	80000424	2f158513	addi	x10,x11,753	 x11:0x00000000 x10=0x000002f1
       26415000	      2640	80000428	20aaca93	xori	x21,x21,522	 x21:0x00000000 x21=0x0000020a
       26425000	      2641	8000042c	f7890e03	lb	x28,-136(x18)	 x18:0x8000855b x28=0x00000000 PA:0x800084d3
       26435000	      2642	80000430	121014b7	lui	x9,0x12101	  x9=0x12101000
       26445000	      2643	80000434	01793533	sltu	x10,x18,x23	 x18:0x8000855b x23:0x00000000 x10=0x00000000
       26455000	      2644	80000438	0a6904a3	sb	x6,169(x18)	 x18:0x8000855b  x6:0x00000000 PA:0x80008604
       26465000	      2645	8000043c	05f912a3	sh	x31,69(x18)	 x18:0x8000855b x31:0x00000000 PA:0x800085a0
       26475000	      2646	80000440	01ad03b3	add	x7,x26,x26	 x26:0x00000001 x26:0x00000001  x7=0x00000002
       26485000	      2647	80000444	01c27fb3	and	x31,x4,x28	  x4:0x80009f58 x28:0x00000000 x31=0x00000000
       26495000	      2648	80000448	34fa2393	slti	x7,x20,847	 x20:0x80000000  x7=0x00000001
       26505000	      2649	8000044c	cd294b83	lbu	x23,-814(x18)	 x18:0x8000855b x23=0x0000007c PA:0x8000822d
       26515000	      2650	80000450	51156593	ori	x11,x10,1297	 x10:0x00000000 x11=0x00000511
       26525000	      2651	80000454	1b891ba3	sh	x24,439(x18)	 x18:0x8000855b x24:0x00000000 PA:0x80008712
       26535000	      2652	80000458	09795383	lhu	x7,151(x18)	 x18:0x8000855b  x7=0x00000000 PA:0x800085f2
       26545000	      2653	8000045c	00efe833	or	x16,x31,x14	 x31:0x00000000 x14:0x16903000 x16=0x16903000
       26555000	      2654	80000460	deb94d03	lbu	x26,-533(x18)	 x18:0x8000855b x26=0x00000000 PA:0x80008346
       26565000	      2655	80000464	e8192483	lw	x9,-383(x18)	 x18:0x8000855b  x9=0x00000000 PA:0x800083dc
       26575000	      2656	80000468	13690703	lb	x14,310(x18)	 x18:0x8000855b x14=0x00000000 PA:0x80008691
       26585000	      2657	8000046c	c59915a3	sh	x25,-949(x18)	 x18:0x8000855b x25:0x800089c6 PA:0x800081a6
       26595000	      2658	80000470	06590683	lb	x13,101(x18)	 x18:0x8000855b x13=0x00000000 PA:0x800085c0
       26605000	      2659	80000474	0131feb3	and	x29,x3,x19	  x3:0x00000000 x19:0x00000000 x29=0x00000000
       26615000	      2660	80000478	11690783	lb	x15,278(x18)	 x18:0x8000855b x15=0x00000000 PA:0x80008671
       26625000	      2661	8000047c	6bc53397	auipc	x7,0x6bc53	  x7=0xebc53478
       26635000	      2662	80000480	b9d91083	lh	x1,-1123(x18)	 x18:0x8000855b  x1=0x00000000 PA:0x800080f8
       26645000	      2663	80000484	1d090983	lb	x19,464(x18)	 x18:0x8000855b x19=0x00000000 PA:0x8000872b
       26655000	      2664	80000488	00ed9e33	sll	x28,x27,x14	 x27:0x00000000 x14:0x00000000 x28=0x00000000
       26665000	      2665	8000048c	c84afdb7	lui	x27,0xc84af	 x27=0xc84af000
       26675000	      2666	80000490	352f9697	auipc	x13,0x352f9	 x13=0xb52f948c
       26685000	      2667	80000494	0b590c83	lb	x25,181(x18)	 x18:0x8000855b x25=0x00000000 PA:0x80008610
       26695000	      2668	80000498	dd694303	lbu	x6,-554(x18)	 x18:0x8000855b  x6=0x00000000 PA:0x80008331
       26705000	      2669	8000049c	00785c13	srli	x24,x16,0x7	 x16:0x16903000 x24=0x002d2060
       26715000	      2670	800004a0	07c90723	sb	x28,110(x18)	 x18:0x8000855b x28:0x00000000 PA:0x800085c9
       26725000	      2671	800004a4	00008117	auipc	x2,0x8	  x2=0x800084a0
       26735000	      2672	800004a8	6bc10113	addi	x2,x2,1724	  x2:0x800084a0  x2=0x80008b5c
       26745000	      2673	800004ac	00008f17	auipc	x30,0x8	 x30=0x800084a8
       26755000	      2674	800004b0	597f0f13	addi	x30,x30,1431	 x30:0x800084a8 x30=0x80008a3f
       26765000	      2675	800004b4	00009397	auipc	x7,0x9	  x7=0x800094b0
       26775000	      2676	800004b8	a1d38393	addi	x7,x7,-1507	  x7:0x800094b0  x7=0x80008ecd
       26785000	      2677	800004bc	ffcf0403	lb	x8,-4(x30)	 x30:0x80008a3f  x8=0x00000000 PA:0x80008a3b
       26795000	      2678	800004c0	00009e17	auipc	x28,0x9	 x28=0x800094bc
       26805000	      2679	800004c4	a8be0e13	addi	x28,x28,-1397	 x28:0x800094bc x28=0x80008f47
       26815000	      2680	800004c8	e3838a83	lb	x21,-456(x7)	  x7:0x80008ecd x21=0x00000000 PA:0x80008d05
       26825000	      2681	800004cc	d713d803	lhu	x16,-655(x7)	  x7:0x80008ecd x16=0x00000000 PA:0x80008c3e
       26835000	      2682	800004d0	02611d83	lh	x27,38(x2)	  x2:0x80008b5c x27=0x00000000 PA:0x80008b82
       26845000	      2683	800004d4	f50104a3	sb	x16,-183(x2)	  x2:0x80008b5c x16:0x00000000 PA:0x80008aa5
       26855000	      2684	800004d8	034f0403	lb	x8,52(x30)	 x30:0x80008a3f  x8=0x00000000 PA:0x80008a73
       26865000	      2685	800004dc	00009497	auipc	x9,0x9	  x9=0x800094d8
       26875000	      2686	800004e0	a8548493	addi	x9,x9,-1403	  x9:0x800094d8  x9=0x80008f5d
       26885000	      2687	800004e4	fe94cf83	lbu	x31,-23(x9)	  x9:0x80008f5d x31=0x00000000 PA:0x80008f46
       26895000	      2688	800004e8	0084c403	lbu	x8,8(x9)	  x9:0x80008f5d  x8=0x00000000 PA:0x80008f65
       26905000	      2689	800004ec	f8f10183	lb	x3,-113(x2)	  x2:0x80008b5c  x3=0x00000000 PA:0x80008aeb
       26915000	      2690	800004f0	ff5f1a83	lh	x21,-11(x30)	 x30:0x80008a3f x21=0x00000000 PA:0x80008a34
       26925000	      2691	800004f4	c6d38d23	sb	x13,-902(x7)	  x7:0x80008ecd x13:0xb52f948c PA:0x80008b47
       26935000	      2692	800004f8	fc015f83	lhu	x31,-64(x2)	  x2:0x80008b5c x31=0x00000000 PA:0x80008b1c
       26945000	      2693	800004fc	fc614f83	lbu	x31,-58(x2)	  x2:0x80008b5c x31=0x00000000 PA:0x80008b22
       26955000	      2694	80000500	fd8f26a3	sw	x24,-51(x30)	 x30:0x80008a3f x24:0x002d2060 PA:0x80008a0c
       26965000	      2695	80000504	ff6f0d23	sb	x22,-6(x30)	 x30:0x80008a3f x22:0x000005a2 PA:0x80008a39
       26975000	      2696	80000508	8e3e5983	lhu	x19,-1821(x28)	 x28:0x80008f47 x19=0x00000000 PA:0x8000882a
       26985000	      2697	8000050c	0df100a3	sb	x31,193(x2)	  x2:0x80008b5c x31:0x00000000 PA:0x80008c1d
       26995000	      2698	80000510	03f48123	sb	x31,34(x9)	  x9:0x80008f5d x31:0x00000000 PA:0x80008f7f
       27005000	      2699	80000514	fee4c703	lbu	x14,-18(x9)	  x9:0x80008f5d x14=0x00000000 PA:0x80008f4b
       27015000	      2700	80000518	d93390a3	sh	x19,-639(x7)	  x7:0x80008ecd x19:0x00000000 PA:0x80008c4e
       27025000	      2701	8000051c	ffdf0523	sb	x29,-22(x30)	 x30:0x80008a3f x29:0x00000000 PA:0x80008a29
       27035000	      2702	80000520	f2de1f83	lh	x31,-211(x28)	 x28:0x80008f47 x31=0x00000000 PA:0x80008e74
       27045000	      2703	80000524	ffdf4583	lbu	x11,-3(x30)	 x30:0x80008a3f x11=0x00000000 PA:0x80008a3c
       27055000	      2704	80000528	e7ce0723	sb	x28,-402(x28)	 x28:0x80008f47 x28:0x80008f47 PA:0x80008db5
       27065000	      2705	8000052c	ff949303	lh	x6,-7(x9)	  x9:0x80008f5d  x6=0x00000000 PA:0x80008f56
       27075000	      2706	80000530	ab93de83	lhu	x29,-1351(x7)	  x7:0x80008ecd x29=0x00000000 PA:0x80008986
       27085000	      2707	80000534	0c910703	lb	x14,201(x2)	  x2:0x80008b5c x14=0x00000000 PA:0x80008c25
       27095000	      2708	80000538	034f0c83	lb	x25,52(x30)	 x30:0x80008a3f x25=0x00000000 PA:0x80008a73
       27105000	      2709	8000053c	0ec12c83	lw	x25,236(x2)	  x2:0x80008b5c x25=0x00000000 PA:0x80008c48
       27115000	      2710	80000540	fc14d003	lhu	x0,-63(x9)	  x9:0x80008f5d PA:0x80008f1e
       27125000	      2711	80000544	fd74c303	lbu	x6,-41(x9)	  x9:0x80008f5d  x6=0x00000000 PA:0x80008f34
       27135000	      2712	80000548	cc5e1fa3	sh	x5,-801(x28)	 x28:0x80008f47  x5:0x400044e3 PA:0x80008c26
       27145000	      2713	8000054c	e1be5883	lhu	x17,-485(x28)	 x28:0x80008f47 x17=0x00000000 PA:0x80008d62
       27155000	      2714	80000550	02df0c23	sb	x13,56(x30)	 x30:0x80008a3f x13:0xb52f948c PA:0x80008a77
       27165000	      2715	80000554	c8e38123	sb	x14,-894(x7)	  x7:0x80008ecd x14:0x00000000 PA:0x80008b4f
       27175000	      2716	80000558	03fe5083	lhu	x1,63(x28)	 x28:0x80008f47  x1=0x00000000 PA:0x80008f86
       27185000	      2717	8000055c	01648d23	sb	x22,26(x9)	  x9:0x80008f5d x22:0x000005a2 PA:0x80008f77
       27195000	      2718	80000560	f8014803	lbu	x16,-128(x2)	  x2:0x80008b5c x16=0x00000000 PA:0x80008adc
       27205000	      2719	80000564	db9e18a3	sh	x25,-591(x28)	 x28:0x80008f47 x25:0x00000000 PA:0x80008cf8
       27215000	      2720	80000568	b9c389a3	sb	x28,-1133(x7)	  x7:0x80008ecd x28:0x80008f47 PA:0x80008a60
       27225000	      2721	8000056c	90ae4c03	lbu	x24,-1782(x28)	 x28:0x80008f47 x24=0x0000008f PA:0x80008851
       27235000	      2722	80000570	012485a3	sb	x18,11(x9)	  x9:0x80008f5d x18:0x8000855b PA:0x80008f68
       27245000	      2723	80000574	00648903	lb	x18,6(x9)	  x9:0x80008f5d x18=0x00000000 PA:0x80008f63
       27255000	      2724	80000578	e89e04a3	sb	x9,-375(x28)	 x28:0x80008f47  x9:0x80008f5d PA:0x80008dd0
       27265000	      2725	8000057c	98138183	lb	x3,-1663(x7)	  x7:0x80008ecd  x3=0x00000000 PA:0x8000884e
       27275000	      2726	80000580	c84e0703	lb	x14,-892(x28)	 x28:0x80008f47 x14=0x00000000 PA:0x80008bcb
       27285000	      2727	80000584	df83c183	lbu	x3,-520(x7)	  x7:0x80008ecd  x3=0x00000000 PA:0x80008cc5
       27295000	      2728	80000588	00500463	beq	x0,x5,80000590	  x0:0x00000000  x5:0x400044e3
       27305000	      2729	8000058c	00b5eab3	or	x21,x11,x11	 x11:0x00000000 x11:0x00000000 x21=0x00000000
       27315000	      2730	80000590	41895913	srai	x18,x18,0x18	 x18:0x00000000 x18=0x00000000
       27325000	      2731	80000594	01b7f4b3	and	x9,x15,x27	 x15:0x00000000 x27:0x00000000  x9=0x00000000
       27335000	      2732	80000598	04ad4663	blt	x26,x10,800005e4	 x26:0x00000000 x10:0x00000000
       27345000	      2733	8000059c	00000013	addi	x0,x0,0	  x0:0x00000000
       27355000	      2734	800005a0	00000013	addi	x0,x0,0	  x0:0x00000000
       27365000	      2735	800005a4	f5c0c2b7	lui	x5,0xf5c0c	  x5=0xf5c0c000
       27375000	      2736	800005a8	016b9133	sll	x2,x23,x22	 x23:0x0000007c x22:0x000005a2  x2=0x000001f0
       27385000	      2737	800005ac	0050fab3	and	x21,x1,x5	  x1:0x00000000  x5:0xf5c0c000 x21=0x00000000
       27395000	      2738	800005b0	013f51b3	srl	x3,x30,x19	 x30:0x80008a3f x19:0x00000000  x3=0x80008a3f
       27405000	      2739	800005b4	41a4dab3	sra	x21,x9,x26	  x9:0x00000000 x26:0x00000000 x21=0x00000000
       27415000	      2740	800005b8	02b77c63	bgeu	x14,x11,800005f0	 x14:0x00000000 x11:0x00000000
       27425000	      2741	00000000	00000013	addi	x0,x0,0	  x0:0x00000000
       27435000	      2742	800005ec	00000013	addi	x0,x0,0	  x0:0x00000000
       27445000	      2743	800005f0	0113a7b3	slt	x15,x7,x17	  x7:0x80008ecd x17:0x00000000 x15=0x00000001
       27455000	      2744	800005f4	02f5fa63	bgeu	x11,x15,80000628	 x11:0x00000000 x15:0x00000001
       27465000	      2745	800005f8	01d19013	slli	x0,x3,0x1d	  x3:0x80008a3f
       27475000	      2746	800005fc	012af5b3	and	x11,x21,x18	 x21:0x00000000 x18:0x00000000 x11=0x00000000
       27485000	      2747	80000600	037412b7	lui	x5,0x3741	  x5=0x03741000
       27495000	      2748	80000604	01aa7db3	and	x27,x20,x26	 x20:0x80000000 x26:0x00000000 x27=0x00000000
       27505000	      2749	80000608	01801b33	sll	x22,x0,x24	  x0:0x00000000 x24:0x0000008f x22=0x00000000
       27515000	      2750	8000060c	82b94493	xori	x9,x18,-2005	 x18:0x00000000  x9=0xfffff82b
       27525000	      2751	80000610	4141dc13	srai	x24,x3,0x14	  x3:0x80008a3f x24=0xfffff800
       27535000	      2752	80000614	00070133	add	x2,x14,x0	 x14:0x00000000  x0:0x00000000  x2=0x00000000
       27545000	      2753	80000618	0c8a7e13	andi	x28,x20,200	 x20:0x80000000 x28=0x00000000
       27555000	      2754	8000061c	02aa9263	bne	x21,x10,80000640	 x21:0x00000000 x10:0x00000000
       27565000	      2755	80000620	00f9f733	and	x14,x19,x15	 x19:0x00000000 x15:0x00000001 x14=0x00000000
       27575000	      2756	80000624	007a1663	bne	x20,x7,80000630	 x20:0x80000000  x7:0x80008ecd
       27585000	      2757	00000000	00000013	addi	x0,x0,0	  x0:0x00000000
       27595000	      2758	8000062c	00000013	addi	x0,x0,0	  x0:0x00000000
       27605000	      2759	80000630	fd4be793	ori	x15,x23,-44	 x23:0x0000007c x15=0xfffffffc
       27615000	      2760	80000634	c5e1b193	sltiu	x3,x3,-930	  x3:0x80008a3f  x3=0x00000001
       27625000	      2761	80000638	00038033	add	x0,x7,x0	  x7:0x80008ecd  x0:0x00000000
       27635000	      2762	8000063c	01fc1e13	slli	x28,x24,0x1f	 x24:0xfffff800 x28=0x00000000
       27645000	      2763	80000640	00c65793	srli	x15,x12,0xc	 x12:0x80009fc4 x15=0x00080009
       27655000	      2764	80000644	011daf33	slt	x30,x27,x17	 x27:0x00000000 x17:0x00000000 x30=0x00000000
       27665000	      2765	80000648	40788e33	sub	x28,x17,x7	 x17:0x00000000  x7:0x80008ecd x28=0x7fff7133
       27675000	      2766	8000064c	45334013	xori	x0,x6,1107	  x6:0x00000000
       27685000	      2767	80000650	0326d463	bge	x13,x18,80000678	 x13:0xb52f948c x18:0x00000000
       27695000	      2768	80000654	05476663	bltu	x14,x20,800006a0	 x14:0x00000000 x20:0x80000000
       27705000	      2769	00000000	00000013	addi	x0,x0,0	  x0:0x00000000
       27715000	      2770	8000069c	00000013	addi	x0,x0,0	  x0:0x00000000
       27725000	      2771	800006a0	01770db3	add	x27,x14,x23	 x14:0x00000000 x23:0x0000007c x27=0x0000007c
       27735000	      2772	800006a4	d5a3b593	sltiu	x11,x7,-678	  x7:0x80008ecd x11=0x00000001
       27745000	      2773	800006a8	41e45c93	srai	x25,x8,0x1e	  x8:0x00000000 x25=0x00000000
       27755000	      2774	800006ac	408a55b3	sra	x11,x20,x8	 x20:0x80000000  x8:0x00000000 x11=0x80000000
       27765000	      2775	800006b0	004a5793	srli	x15,x20,0x4	 x20:0x80000000 x15=0x08000000
       27775000	      2776	800006b4	c2b2fc93	andi	x25,x5,-981	  x5:0x03741000 x25=0x03741000
       27785000	      2777	800006b8	03789263	bne	x17,x23,800006dc	 x17:0x00000000 x23:0x0000007c
       27795000	      2778	00000000	00000013	addi	x0,x0,0	  x0:0x00000000
       27805000	      2779	800006d8	00000013	addi	x0,x0,0	  x0:0x00000000
       27815000	      2780	800006dc	01c91333	sll	x6,x18,x28	 x18:0x00000000 x28:0x7fff7133  x6=0x00000000
       27825000	      2781	800006e0	f9727f93	andi	x31,x4,-105	  x4:0x80009f58 x31=0x80009f10
       27835000	      2782	800006e4	0900e663	bltu	x1,x16,80000770	  x1:0x00000000 x16:0x00000000
       27845000	      2783	800006e8	d442e437	lui	x8,0xd442e	  x8=0xd442e000
       27855000	      2784	800006ec	07564e63	blt	x12,x21,80000768	 x12:0x80009fc4 x21:0x00000000
       27865000	      2785	00000000	00000013	addi	x0,x0,0	  x0:0x00000000
       27875000	      2786	80000764	00000013	addi	x0,x0,0	  x0:0x00000000
       27885000	      2787	80000768	be786393	ori	x7,x16,-1049	 x16:0x00000000  x7=0xfffffbe7
       27895000	      2788	8000076c	d04ceb97	auipc	x23,0xd04ce	 x23=0x504ce768
       27905000	      2789	80000770	4176d813	srai	x16,x13,0x17	 x13:0xb52f948c x16=0xffffff6a
       27915000	      2790	80000774	00000013	addi	x0,x0,0	  x0:0x00000000
       27925000	      2791	80000778	41d28f33	sub	x30,x5,x29	  x5:0x03741000 x29:0x00000000 x30=0x03741000
       27935000	      2792	8000077c	4a57ee93	ori	x29,x15,1189	 x15:0x08000000 x29=0x080004a5
       27945000	      2793	80000780	00000013	addi	x0,x0,0	  x0:0x00000000
       27955000	      2794	80000784	011d1c33	sll	x24,x26,x17	 x26:0x00000000 x17:0x00000000 x24=0x00000000
       27965000	      2795	80000788	01976863	bltu	x14,x25,80000798	 x14:0x00000000 x25:0x03741000
       27975000	      2796	00000000	00000013	addi	x0,x0,0	  x0:0x00000000
       27985000	      2797	80000794	00000013	addi	x0,x0,0	  x0:0x00000000
       27995000	      2798	80000798	006c41b3	xor	x3,x24,x6	 x24:0x00000000  x6:0x00000000  x3=0x00000000
       28005000	      2799	8000079c	00422083	lw	x1,4(x4)	  x4:0x80009f58  x1=0x80000354 PA:0x80009f5c
       28015000	      2800	800007a0	5351b413	sltiu	x8,x3,1333	  x3:0x00000000  x8=0x00000001
       28025000	      2801	800007a4	02c20213	addi	x4,x4,44	  x4:0x80009f58  x4=0x80009f84
       28035000	      2802	800007a8	fe5b0c93	addi	x25,x22,-27	 x22:0x00000000 x25=0xffffffe5
       28045000	      2803	800007ac	54104893	xori	x17,x0,1345	  x0:0x00000000 x17=0x00000541
       28055000	      2804	800007b0	020cc813	xori	x16,x25,32	 x25:0xffffffe5 x16=0xffffffc5
       28065000	      2805	800007b4	00008493	addi	x9,x1,0	  x1:0x80000354  x9=0x80000354
       28075000	      2806	800007b8	000484e7	jalr	x9,x9,0	  x9:0x80000354  x9=0x800007b8
       28085000	      2807	00000000	00000013	addi	x0,x0,0	  x0:0x00000000
       28095000	      2808	80000354	00000013	addi	x0,x0,0	  x0:0x00000000
       28105000	      2809	80000358	00c39c13	slli	x24,x7,0xc	  x7:0xfffffbe7 x24=0xffbe7000
       28115000	      2810	8000035c	41355113	srai	x2,x10,0x13	 x10:0x00000000  x2=0x00000000
       28125000	      2811	80000360	00775433	srl	x8,x14,x7	 x14:0x00000000  x7:0xfffffbe7  x8=0x00000000
       28135000	      2812	80000364	40de5f33	sra	x30,x28,x13	 x28:0x7fff7133 x13:0xb52f948c x30=0x0007fff7
       28145000	      2813	80000368	011ea2b3	slt	x5,x29,x17	 x29:0x080004a5 x17:0x00000541  x5=0x00000000
       28155000	      2814	8000036c	00dbdf93	srli	x31,x23,0xd	 x23:0x504ce768 x31=0x00028267
       28165000	      2815	80000370	1548c693	xori	x13,x17,340	 x17:0x00000541 x13=0x00000415
       28175000	      2816	80000374	00000a17	auipc	x20,0x0	 x20=0x80000370
       28185000	      2817	80000378	00ca0a13	addi	x20,x20,12	 x20:0x80000370 x20=0x8000037c
       28195000	      2818	8000037c	000a0067	jalr	x0,x20,0	 x20:0x8000037c
       28205000	      2819	00000000	00000013	addi	x0,x0,0	  x0:0x00000000
       28215000	      2820	8000037c	00000013	addi	x0,x0,0	  x0:0x00000000
       28225000	      2821	80000380	00100193	addi	x3,x0,1	  x0:0x00000000  x3=0x00000001
       28235000	      2822	80000384	00000073	ecall	
       28245000	      2823	80000388	9ace7413	andi	x8,x28,-1620	 x28:0x7fff7133  x8=0x7fff7120
