		Time			Cycle	PC		Insn	Decoded instruction	Register and memory contents
          65000	         5	80000004	00000293	addi	x5,x0,0	  x0:0x00000000  x5=0x00000000
          75000	         6	80000008	00000313	addi	x6,x0,0	  x0:0x00000000  x6=0x00000000
          85000	         7	8000000c	00628263	beq	x5,x6,80000010	  x5:0x00000000  x6:0x00000000
          95000	         8	00000000	00000013	addi	x0,x0,0	  x0:0x00000000
         105000	         9	8000000c	00000013	addi	x0,x0,0	  x0:0x00000000
         115000	        10	80000010	00000697	auipc	x13,0x0	 x13=0x8000000c
         125000	        11	80000014	00c68693	addi	x13,x13,12	 x13:0x8000000c x13=0x80000018
         135000	        12	80000018	00068067	jalr	x0,x13,0	 x13:0x80000018
         145000	        13	00000000	00000013	addi	x0,x0,0	  x0:0x00000000
         155000	        14	80000018	00000013	addi	x0,x0,0	  x0:0x00000000
         165000	        15	8000001c	40000637	lui	x12,0x40000	 x12=0x40000000
         175000	        16	80000020	10060613	addi	x12,x12,256	 x12:0x40000000 x12=0x40000100
         185000	        17	80000024	00000013	addi	x0,x0,0	  x0:0x00000000
         195000	        18	80000028	0000a597	auipc	x11,0xa	 x11=0x8000a024
         205000	        19	8000002c	fa058593	addi	x11,x11,-96	 x11:0x8000a024 x11=0x80009fc4
         215000	        20	80000030	00003617	auipc	x12,0x3	 x12=0x8000302c
         225000	        21	80000034	9b460613	addi	x12,x12,-1612	 x12:0x8000302c x12=0x800029e0
         235000	        22	80000038	00166613	ori	x12,x12,1	 x12:0x800029e0 x12=0x800029e1
         245000	        23	8000003c	00000013	addi	x0,x0,0	  x0:0x00000000
         255000	        24	80000040	00000617	auipc	x12,0x0	 x12=0x8000003c
         265000	        25	80000044	02060613	addi	x12,x12,32	 x12:0x8000003c x12=0x8000005c
         275000	        26	80000048	00000013	addi	x0,x0,0	  x0:0x00000000
         285000	        27	8000004c	00000013	addi	x0,x0,0	  x0:0x00000000
         295000	        28	80000050	00002637	lui	x12,0x2	 x12=0x00002000
         305000	        29	80000054	80060613	addi	x12,x12,-2048	 x12:0x00002000 x12=0x00001800
         315000	        30	80000058	00000013	addi	x0,x0,0	  x0:0x00000000
         325000	        31	8000005c	00000013	addi	x0,x0,0	  x0:0x00000000
         335000	        32	80000060	00000013	addi	x0,x0,0	  x0:0x00000000
         345000	        33	80000064	ce1710b7	lui	x1,0xce171	  x1=0xce171000
         355000	        34	80000068	b3108093	addi	x1,x1,-1231	  x1:0xce171000  x1=0xce170b31
         365000	        35	8000006c	f14c3137	lui	x2,0xf14c3	  x2=0xf14c3000
         375000	        36	80000070	df210113	addi	x2,x2,-526	  x2:0xf14c3000  x2=0xf14c2df2
         385000	        37	80000074	fc2021b7	lui	x3,0xfc202	  x3=0xfc202000
         395000	        38	80000078	4e818193	addi	x3,x3,1256	  x3:0xfc202000  x3=0xfc2024e8
         405000	        39	8000007c	00400213	addi	x4,x0,4	  x0:0x00000000  x4=0x00000004
         415000	        40	80000080	00100293	addi	x5,x0,1	  x0:0x00000000  x5=0x00000001
         425000	        41	80000084	00500313	addi	x6,x0,5	  x0:0x00000000  x6=0x00000005
         435000	        42	80000088	ee1103b7	lui	x7,0xee110	  x7=0xee110000
         445000	        43	8000008c	71138393	addi	x7,x7,1809	  x7:0xee110000  x7=0xee110711
         455000	        44	80000090	00800413	addi	x8,x0,8	  x0:0x00000000  x8=0x00000008
         465000	        45	80000094	00a00493	addi	x9,x0,10	  x0:0x00000000  x9=0x0000000a
         475000	        46	80000098	80000537	lui	x10,0x80000	 x10=0x80000000
         485000	        47	8000009c	00000613	addi	x12,x0,0	  x0:0x00000000 x12=0x00000000
         495000	        48	800000a0	800006b7	lui	x13,0x80000	 x13=0x80000000
         505000	        49	800000a4	00000713	addi	x14,x0,0	  x0:0x00000000 x14=0x00000000
         515000	        50	800000a8	f3b457b7	lui	x15,0xf3b45	 x15=0xf3b45000
         525000	        51	800000ac	3cc78793	addi	x15,x15,972	 x15:0xf3b45000 x15=0xf3b453cc
         535000	        52	800000b0	27227837	lui	x16,0x27227	 x16=0x27227000
         545000	        53	800000b4	c0a80813	addi	x16,x16,-1014	 x16:0x27227000 x16=0x27226c0a
         555000	        54	800000b8	800008b7	lui	x17,0x80000	 x17=0x80000000
         565000	        55	800000bc	020ae937	lui	x18,0x20ae	 x18=0x020ae000
         575000	        56	800000c0	5cf90913	addi	x18,x18,1487	 x18:0x020ae000 x18=0x020ae5cf
         585000	        57	800000c4	800009b7	lui	x19,0x80000	 x19=0x80000000
         595000	        58	800000c8	00000a13	addi	x20,x0,0	  x0:0x00000000 x20=0x00000000
         605000	        59	800000cc	80000ab7	lui	x21,0x80000	 x21=0x80000000
         615000	        60	800000d0	00800b13	addi	x22,x0,8	  x0:0x00000000 x22=0x00000008
         625000	        61	800000d4	00e00c13	addi	x24,x0,14	  x0:0x00000000 x24=0x0000000e
         635000	        62	800000d8	f022fcb7	lui	x25,0xf022f	 x25=0xf022f000
         645000	        63	800000dc	6d4c8c93	addi	x25,x25,1748	 x25:0xf022f000 x25=0xf022f6d4
         655000	        64	800000e0	00000d13	addi	x26,x0,0	  x0:0x00000000 x26=0x00000000
         665000	        65	800000e4	00500d93	addi	x27,x0,5	  x0:0x00000000 x27=0x00000005
         675000	        66	800000e8	783bfe37	lui	x28,0x783bf	 x28=0x783bf000
         685000	        67	800000ec	be2e0e13	addi	x28,x28,-1054	 x28:0x783bf000 x28=0x783bebe2
         695000	        68	800000f0	00600e93	addi	x29,x0,6	  x0:0x00000000 x29=0x00000006
         705000	        69	800000f4	45832f37	lui	x30,0x45832	 x30=0x45832000
         715000	        70	800000f8	9fbf0f13	addi	x30,x30,-1541	 x30:0x45832000 x30=0x458319fb
         725000	        71	800000fc	fa78cfb7	lui	x31,0xfa78c	 x31=0xfa78c000
         735000	        72	80000100	439f8f93	addi	x31,x31,1081	 x31:0xfa78c000 x31=0xfa78c439
         745000	        73	80000104	0000ab97	auipc	x23,0xa	 x23=0x8000a100
         755000	        74	80000108	e84b8b93	addi	x23,x23,-380	 x23:0x8000a100 x23=0x80009f84
         765000	        75	8000010c	00009c17	auipc	x24,0x9	 x24=0x80009108
         775000	        76	80000110	d64c0c13	addi	x24,x24,-668	 x24:0x80009108 x24=0x80008e6c
         785000	        77	80000114	00009417	auipc	x8,0x9	  x8=0x80009110
         795000	        78	80000118	97d40413	addi	x8,x8,-1667	  x8:0x80009110  x8=0x80008a8d
         805000	        79	8000011c	00008d97	auipc	x27,0x8	 x27=0x80008118
         815000	        80	80000120	707d8d93	addi	x27,x27,1799	 x27:0x80008118 x27=0x8000881f
         825000	        81	80000124	fefc1523	sh	x15,-22(x24)	 x24:0x80008e6c x15:0xf3b453cc PA:0x80008e56
         835000	        82	80000128	031c0803	lb	x16,49(x24)	 x24:0x80008e6c x16=0x0000005d PA:0x80008e9d
         845000	        83	8000012c	0dd40123	sb	x29,194(x8)	  x8:0x80008a8d x29:0x00000006 PA:0x80008b4f
         855000	        84	80000130	05cd8aa3	sb	x28,85(x27)	 x27:0x8000881f x28:0x783bebe2 PA:0x80008874
         865000	        85	80000134	00009517	auipc	x10,0x9	 x10=0x80009130
         875000	        86	80000138	9de50513	addi	x10,x10,-1570	 x10:0x80009130 x10=0x80008b0e
         885000	        87	8000013c	0be52b23	sw	x30,182(x10)	 x10:0x80008b0e x30:0x458319fb PA:0x80008bc4
         895000	        88	80000140	00009217	auipc	x4,0x9	  x4=0x8000913c
         905000	        89	80000144	ca020213	addi	x4,x4,-864	  x4:0x8000913c  x4=0x80008ddc
         915000	        90	80000148	f6d45983	lhu	x19,-147(x8)	  x8:0x80008a8d x19=0x000068db PA:0x800089fa
         925000	        91	8000014c	febc0e03	lb	x28,-21(x24)	 x24:0x80008e6c x28=0x00000053 PA:0x80008e57
         935000	        92	80000150	fcc21c83	lh	x25,-52(x4)	  x4:0x80008ddc x25=0x00007698 PA:0x80008da8
         945000	        93	80000154	0db52123	sw	x27,194(x10)	 x10:0x80008b0e x27:0x8000881f PA:0x80008bd0
         955000	        94	80000158	fe0c2283	lw	x5,-32(x24)	 x24:0x80008e6c  x5=0x5f9eff45 PA:0x80008e4c
         965000	        95	8000015c	004c1c23	sh	x4,24(x24)	 x24:0x80008e6c  x4:0x80008ddc PA:0x80008e84
         975000	        96	80000160	fca40803	lb	x16,-54(x8)	  x8:0x80008a8d x16=0xffffff83 PA:0x80008a57
         985000	        97	80000164	fcfc0083	lb	x1,-49(x24)	 x24:0x80008e6c  x1=0xffffffad PA:0x80008e3b
         995000	        98	80000168	04cc1023	sh	x12,64(x24)	 x24:0x80008e6c x12:0x00000000 PA:0x80008eac
        1005000	        99	8000016c	f5751b23	sh	x23,-170(x10)	 x10:0x80008b0e x23:0x80009f84 PA:0x80008a64
        1015000	       100	80000170	06844883	lbu	x17,104(x8)	  x8:0x80008a8d x17=0x0000001a PA:0x80008af5
        1025000	       101	80000174	01225f83	lhu	x31,18(x4)	  x4:0x80008ddc x31=0x00005b16 PA:0x80008dee
        1035000	       102	80000178	0f9d9183	lh	x3,249(x27)	 x27:0x8000881f  x3=0xfffff218 PA:0x80008918
        1045000	       103	8000017c	fe154e83	lbu	x29,-31(x10)	 x10:0x80008b0e x29=0x00000004 PA:0x80008aef
        1055000	       104	80000180	fc924003	lbu	x0,-55(x4)	  x4:0x80008ddc PA:0x80008da5
        1065000	       105	80000184	fbf417a3	sh	x31,-81(x8)	  x8:0x80008a8d x31:0x00005b16 PA:0x80008a3c
        1075000	       106	80000188	04ad93a3	sh	x10,71(x27)	 x27:0x8000881f x10:0x80008b0e PA:0x80008866
        1085000	       107	8000018c	f0044983	lbu	x19,-256(x8)	  x8:0x80008a8d x19=0x00000031 PA:0x8000898d
        1095000	       108	80000190	ff220f83	lb	x31,-14(x4)	  x4:0x80008ddc x31=0xffffff9a PA:0x80008dce
        1105000	       109	80000194	0dad8e23	sb	x26,220(x27)	 x27:0x8000881f x26:0x00000000 PA:0x800088fb
        1115000	       110	80000198	004c0ca3	sb	x4,25(x24)	 x24:0x80008e6c  x4:0x80008ddc PA:0x80008e85
        1125000	       111	8000019c	fb040803	lb	x16,-80(x8)	  x8:0x80008a8d x16=0x0000005b PA:0x80008a3d
        1135000	       112	00000000	00000013	addi	x0,x0,0	  x0:0x00000000
        1145000	       113	800001a0	050dc183	lbu	x3,80(x27)	 x27:0x8000881f  x3=0x00000023 PA:0x8000886f
        1155000	       114	800001a4	02d20a83	lb	x21,45(x4)	  x4:0x80008ddc x21=0xffffffbc PA:0x80008e09
        1165000	       115	800001a8	0a750383	lb	x7,167(x10)	 x10:0x80008b0e  x7=0xffffff94 PA:0x80008bb5
        1175000	       116	800001ac	02921e23	sh	x9,60(x4)	  x4:0x80008ddc  x9:0x0000000a PA:0x80008e18
        1185000	       117	800001b0	fe724703	lbu	x14,-25(x4)	  x4:0x80008ddc x14=0x000000b0 PA:0x80008dc3
        1195000	       118	800001b4	093dcc83	lbu	x25,147(x27)	 x27:0x8000881f x25=0x0000001e PA:0x800088b2
        1205000	       119	800001b8	f5a414a3	sh	x26,-183(x8)	  x8:0x80008a8d x26:0x00000000 PA:0x800089d6
        1215000	       120	800001bc	ff950423	sb	x25,-24(x10)	 x10:0x80008b0e x25:0x0000001e PA:0x80008af6
        1225000	       121	800001c0	0e440383	lb	x7,228(x8)	  x8:0x80008a8d  x7=0x0000001e PA:0x80008b71
        1235000	       122	800001c4	03421b23	sh	x20,54(x4)	  x4:0x80008ddc x20:0x00000000 PA:0x80008e12
        1245000	       123	800001c8	0d8d8423	sb	x24,200(x27)	 x27:0x8000881f x24:0x80008e6c PA:0x800088e7
        1255000	       124	800001cc	0ba412a3	sh	x26,165(x8)	  x8:0x80008a8d x26:0x00000000 PA:0x80008b32
        1265000	       125	800001d0	05bd8903	lb	x18,91(x27)	 x27:0x8000881f x18=0xffffffc0 PA:0x8000887a
        1275000	       126	800001d4	f5450423	sb	x20,-184(x10)	 x10:0x80008b0e x20:0x00000000 PA:0x80008a56
        1285000	       127	800001d8	00008197	auipc	x3,0x8	  x3=0x800081d4
        1295000	       128	800001dc	21c18193	addi	x3,x3,540	  x3:0x800081d4  x3=0x800083f0
        1305000	       129	800001e0	ddd0b113	sltiu	x2,x1,-547	  x1:0xffffffad  x2=0x00000000
        1315000	       130	800001e4	02918623	sb	x9,44(x3)	  x3:0x800083f0  x9:0x0000000a PA:0x8000841c
        1325000	       131	800001e8	fe318803	lb	x16,-29(x3)	  x3:0x800083f0 x16=0xfffffff3 PA:0x800083d3
        1335000	       132	800001ec	00ab3cb3	sltu	x25,x22,x10	 x22:0x00000008 x10:0x80008b0e x25=0x00000001
        1345000	       133	800001f0	fc418503	lb	x10,-60(x3)	  x3:0x800083f0 x10=0x0000007c PA:0x800083b4
        1355000	       134	800001f4	02219f83	lh	x31,34(x3)	  x3:0x800083f0 x31=0xffffb5c6 PA:0x80008412
        1365000	       135	800001f8	9226fd13	andi	x26,x13,-1758	 x13:0x80000000 x26=0x80000000
        1375000	       136	800001fc	02f1cd03	lbu	x26,47(x3)	  x3:0x800083f0 x26=0x00000055 PA:0x8000841f
        1385000	       137	80000200	33136913	ori	x18,x6,817	  x6:0x00000005 x18=0x00000335
        1395000	       138	80000204	00418ea3	sb	x4,29(x3)	  x3:0x800083f0  x4:0x80008ddc PA:0x8000840d
        1405000	       139	80000208	b7305437	lui	x8,0xb7305	  x8=0xb7305000
        1415000	       140	8000020c	bae1e537	lui	x10,0xbae1e	 x10=0xbae1e000
        1425000	       141	80000210	406553b3	sra	x7,x10,x6	 x10:0xbae1e000  x6:0x00000005  x7=0xfdd70f00
        1435000	       142	80000214	01d3d613	srli	x12,x7,0x1d	  x7:0xfdd70f00 x12=0x00000007
        1445000	       143	80000218	fe118003	lb	x0,-31(x3)	  x3:0x800083f0 PA:0x800083d1
        1455000	       144	8000021c	00b4b633	sltu	x12,x9,x11	  x9:0x0000000a x11:0x80009fc4 x12=0x00000001
        1465000	       145	80000220	02e180a3	sb	x14,33(x3)	  x3:0x800083f0 x14:0x000000b0 PA:0x80008411
        1475000	       146	80000224	fde182a3	sb	x30,-59(x3)	  x3:0x800083f0 x30:0x458319fb PA:0x800083b5
        1485000	       147	80000228	4167d813	srai	x16,x15,0x16	 x15:0xf3b453cc x16=0xffffffce
        1495000	       148	8000022c	fe219d83	lh	x27,-30(x3)	  x3:0x800083f0 x27=0xfffff3ef PA:0x800083d2
        1505000	       149	80000230	01d924b3	slt	x9,x18,x29	 x18:0x00000335 x29:0x00000004  x9=0x00000000
        1515000	       150	80000234	01c198b3	sll	x17,x3,x28	  x3:0x800083f0 x28:0x00000053 x17=0x1f800000
        1525000	       151	80000238	00000013	addi	x0,x0,0	  x0:0x00000000
        1535000	       152	8000023c	fdf18703	lb	x14,-33(x3)	  x3:0x800083f0 x14=0xffffff9a PA:0x800083cf
        1545000	       153	80000240	86d35fb7	lui	x31,0x86d35	 x31=0x86d35000
        1555000	       154	80000244	b54eef13	ori	x30,x29,-1196	 x29:0x00000004 x30=0xfffffb54
        1565000	       155	80000248	00118723	sb	x1,14(x3)	  x3:0x800083f0  x1:0xffffffad PA:0x800083fe
        1575000	       156	8000024c	a913e313	ori	x6,x7,-1391	  x7:0xfdd70f00  x6=0xffffff91
        1585000	       157	80000250	01739713	slli	x14,x7,0x17	  x7:0xfdd70f00 x14=0x80000000
        1595000	       158	80000254	fde18503	lb	x10,-34(x3)	  x3:0x800083f0 x10=0x00000033 PA:0x800083ce
        1605000	       159	80000258	feb1c303	lbu	x6,-21(x3)	  x3:0x800083f0  x6=0x00000047 PA:0x800083db
        1615000	       160	8000025c	ff41d103	lhu	x2,-12(x3)	  x3:0x800083f0  x2=0x00003222 PA:0x800083e4
        1625000	       161	80000260	01218503	lb	x10,18(x3)	  x3:0x800083f0 x10=0x00000010 PA:0x80008402
        1635000	       162	80000264	55c6b997	auipc	x19,0x55c6b	 x19=0xd5c6b260
        1645000	       163	80000268	01ae2833	slt	x16,x28,x26	 x28:0x00000053 x26:0x00000055 x16=0x00000001
        1655000	       164	8000026c	fbb90513	addi	x10,x18,-69	 x18:0x00000335 x10=0x000002f0
        1665000	       165	80000270	fca19e83	lh	x29,-54(x3)	  x3:0x800083f0 x29=0xffffa475 PA:0x800083ba
        1675000	       166	80000274	00000013	addi	x0,x0,0	  x0:0x00000000
        1685000	       167	80000278	01a19783	lh	x15,26(x3)	  x3:0x800083f0 x15=0x0000099b PA:0x8000840a
        1695000	       168	8000027c	03c17463	bgeu	x2,x28,800002a4	  x2:0x00003222 x28:0x00000053
        1705000	       169	00000000	00000013	addi	x0,x0,0	  x0:0x00000000
        1715000	       170	800002a0	00000013	addi	x0,x0,0	  x0:0x00000000
        1725000	       171	800002a4	04de6463	bltu	x28,x13,800002ec	 x28:0x00000053 x13:0x80000000
        1735000	       172	00000000	00000013	addi	x0,x0,0	  x0:0x00000000
        1745000	       173	800002e8	00000013	addi	x0,x0,0	  x0:0x00000000
        1755000	       174	800002ec	0172d263	bge	x5,x23,800002f0	  x5:0x5f9eff45 x23:0x80009f84
        1765000	       175	00000000	00000013	addi	x0,x0,0	  x0:0x00000000
        1775000	       176	800002ec	00000013	addi	x0,x0,0	  x0:0x00000000
        1785000	       177	800002f0	00be6863	bltu	x28,x11,80000300	 x28:0x00000053 x11:0x80009fc4
        1795000	       178	00000000	00000013	addi	x0,x0,0	  x0:0x00000000
        1805000	       179	800002fc	00000013	addi	x0,x0,0	  x0:0x00000000
        1815000	       180	80000300	b28d0e13	addi	x28,x26,-1240	 x26:0x00000055 x28=0xfffffb7d
        1825000	       181	80000304	01fa6833	or	x16,x20,x31	 x20:0x00000000 x31:0x86d35000 x16=0x86d35000
        1835000	       182	80000308	00b74933	xor	x18,x14,x11	 x14:0x80000000 x11:0x80009fc4 x18=0x00009fc4
        1845000	       183	8000030c	005e74b3	and	x9,x28,x5	 x28:0xfffffb7d  x5:0x5f9eff45  x9=0x5f9efb45
        1855000	       184	80000310	006cd3b3	srl	x7,x25,x6	 x25:0x00000001  x6:0x00000047  x7=0x00000000
        1865000	       185	80000314	01ea3333	sltu	x6,x20,x30	 x20:0x00000000 x30:0xfffffb54  x6=0x00000001
        1875000	       186	80000318	00e95cb3	srl	x25,x18,x14	 x18:0x00009fc4 x14:0x80000000 x25=0x00009fc4
        1885000	       187	8000031c	4a76c493	xori	x9,x13,1191	 x13:0x80000000  x9=0x800004a7
        1895000	       188	80000320	00be3133	sltu	x2,x28,x11	 x28:0xfffffb7d x11:0x80009fc4  x2=0x00000000
        1905000	       189	80000324	0bb27113	andi	x2,x4,187	  x4:0x80008ddc  x2=0x00000098
        1915000	       190	80000328	00d04433	xor	x8,x0,x13	  x0:0x00000000 x13:0x80000000  x8=0x80000000
        1925000	       191	8000032c	028e0e63	beq	x28,x8,80000368	 x28:0xfffffb7d  x8:0x80000000
        1935000	       192	80000330	015f1313	slli	x6,x30,0x15	 x30:0xfffffb54  x6=0x6a800000
        1945000	       193	80000334	01081533	sll	x10,x16,x16	 x16:0x86d35000 x16:0x86d35000 x10=0x86d35000
        1955000	       194	80000338	d907b813	sltiu	x16,x15,-624	 x15:0x0000099b x16=0x00000001
        1965000	       195	8000033c	041b6463	bltu	x22,x1,80000384	 x22:0x00000008  x1:0xffffffad
        1975000	       196	00000000	00000013	addi	x0,x0,0	  x0:0x00000000
        1985000	       197	80000380	00000013	addi	x0,x0,0	  x0:0x00000000
        1995000	       198	80000384	011d6663	bltu	x26,x17,80000390	 x26:0x00000055 x17:0x1f800000
        2005000	       199	00000000	00000013	addi	x0,x0,0	  x0:0x00000000
        2015000	       200	8000038c	00000013	addi	x0,x0,0	  x0:0x00000000
        2025000	       201	80000390	0bc1d463	bge	x3,x28,80000438	  x3:0x800083f0 x28:0xfffffb7d
        2035000	       202	80000394	00ead733	srl	x14,x21,x14	 x21:0xffffffbc x14:0x80000000 x14=0xffffffbc
        2045000	       203	80000398	00c63fb3	sltu	x31,x12,x12	 x12:0x00000001 x12:0x00000001 x31=0x00000000
        2055000	       204	8000039c	41f35f93	srai	x31,x6,0x1f	  x6:0x6a800000 x31=0x00000000
        2065000	       205	800003a0	08b37263	bgeu	x6,x11,80000424	  x6:0x6a800000 x11:0x80009fc4
        2075000	       206	800003a4	00008117	auipc	x2,0x8	  x2=0x800083a0
        2085000	       207	800003a8	42110113	addi	x2,x2,1057	  x2:0x800083a0  x2=0x800087c1
        2095000	       208	800003ac	f5010883	lb	x17,-176(x2)	  x2:0x800087c1 x17=0xffffffcf PA:0x80008711
        2105000	       209	800003b0	f5014783	lbu	x15,-176(x2)	  x2:0x800087c1 x15=0x000000cf PA:0x80008711
        2115000	       210	800003b4	f5010203	lb	x4,-176(x2)	  x2:0x800087c1  x4=0xffffffcf PA:0x80008711
        2125000	       211	800003b8	f5010c83	lb	x25,-176(x2)	  x2:0x800087c1 x25=0xffffffcf PA:0x80008711
        2135000	       212	800003bc	00f42433	slt	x8,x8,x15	  x8:0x80000000 x15:0x000000cf  x8=0x00000001
        2145000	       213	800003c0	00351f33	sll	x30,x10,x3	 x10:0x86d35000  x3:0x800083f0 x30=0x50000000
        2155000	       214	800003c4	058123a3	sw	x24,71(x2)	  x2:0x800087c1 x24:0x80008e6c PA:0x80008808
        2165000	       215	800003c8	f7110083	lb	x1,-143(x2)	  x2:0x800087c1  x1=0x00000064 PA:0x80008732
        2175000	       216	800003cc	04410083	lb	x1,68(x2)	  x2:0x800087c1  x1=0xfffffffb PA:0x80008805
        2185000	       217	800003d0	017020b3	slt	x1,x0,x23	  x0:0x00000000 x23:0x80009f84  x1=0x00000000
        2195000	       218	800003d4	00039c13	slli	x24,x7,0x0	  x7:0x00000000 x24=0x00000000
        2205000	       219	800003d8	27b7ef97	auipc	x31,0x27b7e	 x31=0xa7b7e3d4
        2215000	       220	800003dc	f5a104a3	sb	x26,-183(x2)	  x2:0x800087c1 x26:0x00000055 PA:0x8000870a
        2225000	       221	800003e0	f0f12483	lw	x9,-241(x2)	  x2:0x800087c1  x9=0xad452844 PA:0x800086d0
        2235000	       222	800003e4	03614c03	lbu	x24,54(x2)	  x2:0x800087c1 x24=0x00000010 PA:0x800087f7
        2245000	       223	800003e8	fc210e03	lb	x28,-62(x2)	  x2:0x800087c1 x28=0x00000029 PA:0x80008783
        2255000	       224	800003ec	00c14203	lbu	x4,12(x2)	  x2:0x800087c1  x4=0x00000033 PA:0x800087cd
        2265000	       225	800003f0	01a10623	sb	x26,12(x2)	  x2:0x800087c1 x26:0x00000055 PA:0x800087cd
        2275000	       226	800003f4	00c14783	lbu	x15,12(x2)	  x2:0x800087c1 x15=0x00000055 PA:0x800087cd
        2285000	       227	800003f8	010d9c93	slli	x25,x27,0x10	 x27:0xfffff3ef x25=0xf3ef0000
        2295000	       228	800003fc	ffb117a3	sh	x27,-17(x2)	  x2:0x800087c1 x27:0xfffff3ef PA:0x800087b0
        2305000	       229	80000400	0054d333	srl	x6,x9,x5	  x9:0xad452844  x5:0x5f9eff45  x6=0x056a2942
        2315000	       230	80000404	00acf463	bgeu	x25,x10,8000040c	 x25:0xf3ef0000 x10:0x86d35000
        2325000	       231	00000000	00000013	addi	x0,x0,0	  x0:0x00000000
        2335000	       232	80000408	00000013	addi	x0,x0,0	  x0:0x00000000
        2345000	       233	8000040c	00d219b3	sll	x19,x4,x13	  x4:0x00000033 x13:0x80000000 x19=0x00000033
        2355000	       234	80000410	05e95663	bge	x18,x30,8000045c	 x18:0x00009fc4 x30:0x50000000
        2365000	       235	80000414	01b99493	slli	x9,x19,0x1b	 x19:0x00000033  x9=0x98000000
        2375000	       236	80000418	00a25a33	srl	x20,x4,x10	  x4:0x00000033 x10:0x86d35000 x20=0x00000033
        2385000	       237	8000041c	012d9e93	slli	x29,x27,0x12	 x27:0xfffff3ef x29=0xcfbc0000
        2395000	       238	80000420	003a4db3	xor	x27,x20,x3	 x20:0x00000033  x3:0x800083f0 x27=0x800083c3
        2405000	       239	80000424	eb7eb093	sltiu	x1,x29,-329	 x29:0xcfbc0000  x1=0x00000001
        2415000	       240	80000428	026aea63	bltu	x21,x6,8000045c	 x21:0xffffffbc  x6:0x056a2942
        2425000	       241	8000042c	42f74f93	xori	x31,x14,1071	 x14:0xffffffbc x31=0xfffffb93
        2435000	       242	80000430	01a254b3	srl	x9,x4,x26	  x4:0x00000033 x26:0x00000055  x9=0x00000000
        2445000	       243	80000434	01b3f2b3	and	x5,x7,x27	  x7:0x00000000 x27:0x800083c3  x5=0x00000000
        2455000	       244	80000438	03d25063	bge	x4,x29,80000458	  x4:0x00000033 x29:0xcfbc0000
        2465000	       245	00000000	00000013	addi	x0,x0,0	  x0:0x00000000
        2475000	       246	80000454	00000013	addi	x0,x0,0	  x0:0x00000000
        2485000	       247	80000458	010d9333	sll	x6,x27,x16	 x27:0x800083c3 x16:0x00000001  x6=0x00010786
        2495000	       248	8000045c	6eb52413	slti	x8,x10,1771	 x10:0x86d35000  x8=0x00000001
        2505000	       249	80000460	00949493	slli	x9,x9,0x9	  x9:0x00000000  x9=0x00000000
        2515000	       250	80000464	18e8c517	auipc	x10,0x18e8c	 x10=0x98e8c460
        2525000	       251	80000468	00000013	addi	x0,x0,0	  x0:0x00000000
        2535000	       252	8000046c	340f6e13	ori	x28,x30,832	 x30:0x50000000 x28=0x50000340
        2545000	       253	80000470	037e1a63	bne	x28,x23,800004a4	 x28:0x50000340 x23:0x80009f84
        2555000	       254	00000000	00000013	addi	x0,x0,0	  x0:0x00000000
        2565000	       255	800004a0	00000013	addi	x0,x0,0	  x0:0x00000000
        2575000	       256	800004a4	03844063	blt	x8,x24,800004c4	  x8:0x00000001 x24:0x00000010
        2585000	       257	00000000	00000013	addi	x0,x0,0	  x0:0x00000000
        2595000	       258	800004c0	00000013	addi	x0,x0,0	  x0:0x00000000
        2605000	       259	800004c4	00000013	addi	x0,x0,0	  x0:0x00000000
        2615000	       260	800004c8	409c02b3	sub	x5,x24,x9	 x24:0x00000010  x9:0x00000000  x5=0x00000010
        2625000	       261	800004cc	00096663	bltu	x18,x0,800004d8	 x18:0x00009fc4  x0:0x00000000
        2635000	       262	800004d0	005e09b3	add	x19,x28,x5	 x28:0x50000340  x5:0x00000010 x19=0x50000350
        2645000	       263	800004d4	02bf8863	beq	x31,x11,80000504	 x31:0xfffffb93 x11:0x80009fc4
        2655000	       264	800004d8	015133b3	sltu	x7,x2,x21	  x2:0x800087c1 x21:0xffffffbc  x7=0x00000001
        2665000	       265	800004dc	00e5edb3	or	x27,x11,x14	 x11:0x80009fc4 x14:0xffffffbc x27=0xfffffffc
        2675000	       266	800004e0	00327733	and	x14,x4,x3	  x4:0x00000033  x3:0x800083f0 x14=0x00000030
        2685000	       267	800004e4	119eaf13	slti	x30,x29,281	 x29:0xcfbc0000 x30=0x00000001
        2695000	       268	800004e8	4114dc33	sra	x24,x9,x17	  x9:0x00000000 x17:0xffffffcf x24=0x00000000
        2705000	       269	800004ec	01935133	srl	x2,x6,x25	  x6:0x00010786 x25:0xf3ef0000  x2=0x00010786
        2715000	       270	800004f0	0a1b2613	slti	x12,x22,161	 x22:0x00000008 x12=0x00000001
        2725000	       271	800004f4	009f8e33	add	x28,x31,x9	 x31:0xfffffb93  x9:0x00000000 x28=0xfffffb93
        2735000	       272	800004f8	00b77b33	and	x22,x14,x11	 x14:0x00000030 x11:0x80009fc4 x22=0x00000000
        2745000	       273	800004fc	a0813313	sltiu	x6,x2,-1528	  x2:0x00010786  x6=0x00000001
        2755000	       274	80000500	00b1dab3	srl	x21,x3,x11	  x3:0x800083f0 x11:0x80009fc4 x21=0x0800083f
        2765000	       275	80000504	01d2b833	sltu	x16,x5,x29	  x5:0x00000010 x29:0xcfbc0000 x16=0x00000001
        2775000	       276	80000508	000e5533	srl	x10,x28,x0	 x28:0xfffffb93  x0:0x00000000 x10=0xfffffb93
        2785000	       277	8000050c	000c9413	slli	x8,x25,0x0	 x25:0xf3ef0000  x8=0xf3ef0000
        2795000	       278	80000510	008fb033	sltu	x0,x31,x8	 x31:0xfffffb93  x8:0xf3ef0000
        2805000	       279	80000514	c6e3f013	andi	x0,x7,-914	  x7:0x00000001
        2815000	       280	80000518	f13b8613	addi	x12,x23,-237	 x23:0x80009f84 x12=0x80009e97
        2825000	       281	8000051c	061ee1b7	lui	x3,0x61ee	  x3=0x061ee000
        2835000	       282	80000520	00efb133	sltu	x2,x31,x14	 x31:0xfffffb93 x14:0x00000030  x2=0x00000000
        2845000	       283	80000524	01f8d793	srli	x15,x17,0x1f	 x17:0xffffffcf x15=0x00000001
        2855000	       284	80000528	01992733	slt	x14,x18,x25	 x18:0x00009fc4 x25:0xf3ef0000 x14=0x00000000
        2865000	       285	8000052c	01257c63	bgeu	x10,x18,80000544	 x10:0xfffffb93 x18:0x00009fc4
        2875000	       286	00000000	00000013	addi	x0,x0,0	  x0:0x00000000
        2885000	       287	80000540	00000013	addi	x0,x0,0	  x0:0x00000000
        2895000	       288	80000544	01dc4a33	xor	x20,x24,x29	 x24:0x00000000 x29:0xcfbc0000 x20=0xcfbc0000
        2905000	       289	80000548	00000697	auipc	x13,0x0	 x13=0x80000544
        2915000	       290	8000054c	00c68693	addi	x13,x13,12	 x13:0x80000544 x13=0x80000550
        2925000	       291	80000550	00068067	jalr	x0,x13,0	 x13:0x80000550
        2935000	       292	00000000	00000013	addi	x0,x0,0	  x0:0x00000000
        2945000	       293	80000550	00000013	addi	x0,x0,0	  x0:0x00000000
        2955000	       294	80000554	00100193	addi	x3,x0,1	  x0:0x00000000  x3=0x00000001
        2965000	       295	80000558	00000073	ecall	
        2975000	       296	8000055c	01d6d663	bge	x13,x29,80000568	 x13:0x80000550 x29:0xcfbc0000
