		Time			Cycle	PC		Insn	Decoded instruction	Register and memory contents
          65000	         5	80000004	00000293	addi	x5,x0,0	  x0:0x00000000  x5=0x00000000
          75000	         6	80000008	00000313	addi	x6,x0,0	  x0:0x00000000  x6=0x00000000
          85000	         7	8000000c	00628263	beq	x5,x6,80000010	  x5:0x00000000  x6:0x00000000
          95000	         8	00000000	00000013	addi	x0,x0,0	  x0:0x00000000
         105000	         9	8000000c	00000013	addi	x0,x0,0	  x0:0x00000000
         115000	        10	80000010	00000517	auipc	x10,0x0	 x10=0x8000000c
         125000	        11	80000014	00c50513	addi	x10,x10,12	 x10:0x8000000c x10=0x80000018
         135000	        12	80000018	00050067	jalr	x0,x10,0	 x10:0x80000018
         145000	        13	00000000	00000013	addi	x0,x0,0	  x0:0x00000000
         155000	        14	80000018	00000013	addi	x0,x0,0	  x0:0x00000000
         165000	        15	8000001c	40000f37	lui	x30,0x40000	 x30=0x40000000
         175000	        16	80000020	100f0f13	addi	x30,x30,256	 x30:0x40000000 x30=0x40000100
         185000	        17	80000024	00000013	addi	x0,x0,0	  x0:0x00000000
         195000	        18	80000028	0000a417	auipc	x8,0xa	  x8=0x8000a024
         205000	        19	8000002c	fa040413	addi	x8,x8,-96	  x8:0x8000a024  x8=0x80009fc4
         215000	        20	80000030	00002f17	auipc	x30,0x2	 x30=0x8000202c
         225000	        21	80000034	ce8f0f13	addi	x30,x30,-792	 x30:0x8000202c x30=0x80001d14
         235000	        22	80000038	000f6f13	ori	x30,x30,0	 x30:0x80001d14 x30=0x80001d14
         245000	        23	8000003c	00000013	addi	x0,x0,0	  x0:0x00000000
         255000	        24	80000040	00000f17	auipc	x30,0x0	 x30=0x8000003c
         265000	        25	80000044	020f0f13	addi	x30,x30,32	 x30:0x8000003c x30=0x8000005c
         275000	        26	80000048	00000013	addi	x0,x0,0	  x0:0x00000000
         285000	        27	8000004c	00000013	addi	x0,x0,0	  x0:0x00000000
         295000	        28	80000050	00002f37	lui	x30,0x2	 x30=0x00002000
         305000	        29	80000054	800f0f13	addi	x30,x30,-2048	 x30:0x00002000 x30=0x00001800
         315000	        30	80000058	00000013	addi	x0,x0,0	  x0:0x00000000
         325000	        31	8000005c	00000013	addi	x0,x0,0	  x0:0x00000000
         335000	        32	80000060	ecf3a037	lui	x0,0xecf3a	
         345000	        33	80000064	3d800013	addi	x0,x0,984	  x0:0x00000000
         355000	        34	80000068	b48d50b7	lui	x1,0xb48d5	  x1=0xb48d5000
         365000	        35	8000006c	fcf08093	addi	x1,x1,-49	  x1:0xb48d5000  x1=0xb48d4fcf
         375000	        36	80000070	f1c53137	lui	x2,0xf1c53	  x2=0xf1c53000
         385000	        37	80000074	8ba10113	addi	x2,x2,-1862	  x2:0xf1c53000  x2=0xf1c528ba
         395000	        38	80000078	0e7341b7	lui	x3,0xe734	  x3=0x0e734000
         405000	        39	8000007c	6e018193	addi	x3,x3,1760	  x3:0x0e734000  x3=0x0e7346e0
         415000	        40	80000080	00300213	addi	x4,x0,3	  x0:0x00000000  x4=0x00000003
         425000	        41	80000084	00000293	addi	x5,x0,0	  x0:0x00000000  x5=0x00000000
         435000	        42	80000088	00000313	addi	x6,x0,0	  x0:0x00000000  x6=0x00000000
         445000	        43	8000008c	00000493	addi	x9,x0,0	  x0:0x00000000  x9=0x00000000
         455000	        44	80000090	28bf1537	lui	x10,0x28bf1	 x10=0x28bf1000
         465000	        45	80000094	1a050513	addi	x10,x10,416	 x10:0x28bf1000 x10=0x28bf11a0
         475000	        46	80000098	00000593	addi	x11,x0,0	  x0:0x00000000 x11=0x00000000
         485000	        47	8000009c	87f51637	lui	x12,0x87f51	 x12=0x87f51000
         495000	        48	800000a0	f6460613	addi	x12,x12,-156	 x12:0x87f51000 x12=0x87f50f64
         505000	        49	800000a4	00000693	addi	x13,x0,0	  x0:0x00000000 x13=0x00000000
         515000	        50	800000a8	00300713	addi	x14,x0,3	  x0:0x00000000 x14=0x00000003
         525000	        51	800000ac	800007b7	lui	x15,0x80000	 x15=0x80000000
         535000	        52	800000b0	00000813	addi	x16,x0,0	  x0:0x00000000 x16=0x00000000
         545000	        53	800000b4	dadf38b7	lui	x17,0xdadf3	 x17=0xdadf3000
         555000	        54	800000b8	30a88893	addi	x17,x17,778	 x17:0xdadf3000 x17=0xdadf330a
         565000	        55	800000bc	00e00913	addi	x18,x0,14	  x0:0x00000000 x18=0x0000000e
         575000	        56	800000c0	00000993	addi	x19,x0,0	  x0:0x00000000 x19=0x00000000
         585000	        57	800000c4	4ec23a37	lui	x20,0x4ec23	 x20=0x4ec23000
         595000	        58	800000c8	02fa0a13	addi	x20,x20,47	 x20:0x4ec23000 x20=0x4ec2302f
         605000	        59	800000cc	b4112ab7	lui	x21,0xb4112	 x21=0xb4112000
         615000	        60	800000d0	254a8a93	addi	x21,x21,596	 x21:0xb4112000 x21=0xb4112254
         625000	        61	800000d4	80000b37	lui	x22,0x80000	 x22=0x80000000
         635000	        62	800000d8	80000bb7	lui	x23,0x80000	 x23=0x80000000
         645000	        63	800000dc	511a7c37	lui	x24,0x511a7	 x24=0x511a7000
         655000	        64	800000e0	238c0c13	addi	x24,x24,568	 x24:0x511a7000 x24=0x511a7238
         665000	        65	800000e4	80000cb7	lui	x25,0x80000	 x25=0x80000000
         675000	        66	800000e8	f5bb9d37	lui	x26,0xf5bb9	 x26=0xf5bb9000
         685000	        67	800000ec	f9bd0d13	addi	x26,x26,-101	 x26:0xf5bb9000 x26=0xf5bb8f9b
         695000	        68	800000f0	00200d93	addi	x27,x0,2	  x0:0x00000000 x27=0x00000002
         705000	        69	800000f4	fb574e37	lui	x28,0xfb574	 x28=0xfb574000
         715000	        70	800000f8	c5ee0e13	addi	x28,x28,-930	 x28:0xfb574000 x28=0xfb573c5e
         725000	        71	800000fc	60909eb7	lui	x29,0x60909	 x29=0x60909000
         735000	        72	80000100	dfde8e93	addi	x29,x29,-515	 x29:0x60909000 x29=0x60908dfd
         745000	        73	80000104	f8b42f37	lui	x30,0xf8b42	 x30=0xf8b42000
         755000	        74	80000108	aa3f0f13	addi	x30,x30,-1373	 x30:0xf8b42000 x30=0xf8b41aa3
         765000	        75	8000010c	05776fb7	lui	x31,0x5776	 x31=0x05776000
         775000	        76	80000110	fe2f8f93	addi	x31,x31,-30	 x31:0x05776000 x31=0x05775fe2
         785000	        77	80000114	0000a397	auipc	x7,0xa	  x7=0x8000a110
         795000	        78	80000118	e7438393	addi	x7,x7,-396	  x7:0x8000a110  x7=0x80009f84
         805000	        79	8000011c	00008a17	auipc	x20,0x8	 x20=0x80008118
         815000	        80	80000120	106a0a13	addi	x20,x20,262	 x20:0x80008118 x20=0x8000821e
         825000	        81	80000124	d23ecd37	lui	x26,0xd23ec	 x26=0xd23ec000
         835000	        82	80000128	34d78d13	addi	x26,x15,845	 x15:0x80000000 x26=0x8000034d
         845000	        83	8000012c	007a0783	lb	x15,7(x20)	 x20:0x8000821e x15=0xffffff8b PA:0x80008225
         855000	        84	00000000	00000013	addi	x0,x0,0	  x0:0x00000000
         865000	        85	80000130	00fa0283	lb	x5,15(x20)	 x20:0x8000821e  x5=0x0000001a PA:0x8000822d
         875000	        86	80000134	03da4483	lbu	x9,61(x20)	 x20:0x8000821e  x9=0x0000005c PA:0x8000825b
         885000	        87	80000138	ff3a0423	sb	x19,-24(x20)	 x20:0x8000821e x19:0x00000000 PA:0x80008206
         895000	        88	8000013c	a2febf13	sltiu	x30,x29,-1489	 x29:0x60908dfd x30=0x00000001
         905000	        89	80000140	fdea4903	lbu	x18,-34(x20)	 x20:0x8000821e x18=0x00000079 PA:0x800081fc
         915000	        90	80000144	00000013	addi	x0,x0,0	  x0:0x00000000
         925000	        91	80000148	00eccc33	xor	x24,x25,x14	 x25:0x80000000 x14:0x00000003 x24=0x80000003
         935000	        92	8000014c	ebec0d13	addi	x26,x24,-322	 x24:0x80000003 x26=0x7ffffec1
         945000	        93	80000150	62cf7193	andi	x3,x30,1580	 x30:0x00000001  x3=0x00000000
         955000	        94	80000154	007a8cb3	add	x25,x21,x7	 x21:0xb4112254  x7:0x80009f84 x25=0x3411c1d8
         965000	        95	80000158	feea4b03	lbu	x22,-18(x20)	 x20:0x8000821e x22=0x0000002a PA:0x8000820c
         975000	        96	8000015c	03aa4b03	lbu	x22,58(x20)	 x20:0x8000821e x22=0x000000a9 PA:0x80008258
         985000	        97	80000160	013a4983	lbu	x19,19(x20)	 x20:0x8000821e x19=0x00000048 PA:0x80008231
         995000	        98	80000164	01119193	slli	x3,x3,0x11	  x3:0x00000000  x3=0x00000000
        1005000	        99	80000168	ffda0b83	lb	x23,-3(x20)	 x20:0x8000821e x23=0x00000013 PA:0x8000821b
        1015000	       100	8000016c	ff1a4d03	lbu	x26,-15(x20)	 x20:0x8000821e x26=0x00000031 PA:0x8000820f
        1025000	       101	80000170	fd0a0ea3	sb	x16,-35(x20)	 x20:0x8000821e x16:0x00000000 PA:0x800081fb
        1035000	       102	80000174	fd6a1083	lh	x1,-42(x20)	 x20:0x8000821e  x1=0x0000212d PA:0x800081f4
        1045000	       103	80000178	016e0d33	add	x26,x28,x22	 x28:0xfb573c5e x22:0x000000a9 x26=0xfb573d07
        1055000	       104	8000017c	ffea1b83	lh	x23,-2(x20)	 x20:0x8000821e x23=0x00001d5e PA:0x8000821c
        1065000	       105	80000180	41fade33	sra	x28,x21,x31	 x21:0xb4112254 x31:0x05775fe2 x28=0xed044895
        1075000	       106	80000184	feda0283	lb	x5,-19(x20)	 x20:0x8000821e  x5=0x0000003b PA:0x8000820b
        1085000	       107	80000188	00deebb3	or	x23,x29,x13	 x29:0x60908dfd x13:0x00000000 x23=0x60908dfd
        1095000	       108	8000018c	0161c4b3	xor	x9,x3,x22	  x3:0x00000000 x22:0x000000a9  x9=0x000000a9
        1105000	       109	80000190	dd0b6893	ori	x17,x22,-560	 x22:0x000000a9 x17=0xfffffdf9
        1115000	       110	80000194	02fa4283	lbu	x5,47(x20)	 x20:0x8000821e  x5=0x000000e0 PA:0x8000824d
        1125000	       111	80000198	fc7a0123	sb	x7,-62(x20)	 x20:0x8000821e  x7:0x80009f84 PA:0x800081e0
        1135000	       112	8000019c	00af0c33	add	x24,x30,x10	 x30:0x00000001 x10:0x28bf11a0 x24=0x28bf11a1
        1145000	       113	800001a0	03da0b23	sb	x29,54(x20)	 x20:0x8000821e x29:0x60908dfd PA:0x80008254
        1155000	       114	800001a4	00a21833	sll	x16,x4,x10	  x4:0x00000003 x10:0x28bf11a0 x16=0x00000003
        1165000	       115	800001a8	56fb2313	slti	x6,x22,1391	 x22:0x000000a9  x6=0x00000001
        1175000	       116	800001ac	fc2a0ca3	sb	x2,-39(x20)	 x20:0x8000821e  x2:0xf1c528ba PA:0x800081f7
        1185000	       117	800001b0	00009c17	auipc	x24,0x9	 x24=0x800091ac
        1195000	       118	800001b4	94cc0c13	addi	x24,x24,-1716	 x24:0x800091ac x24=0x80008af8
        1205000	       119	800001b8	02ec0003	lb	x0,46(x24)	 x24:0x80008af8 PA:0x80008b26
        1215000	       120	800001bc	00009317	auipc	x6,0x9	  x6=0x800091b8
        1225000	       121	800001c0	b4430313	addi	x6,x6,-1212	  x6:0x800091b8  x6=0x80008cfc
        1235000	       122	800001c4	00009c97	auipc	x25,0x9	 x25=0x800091c0
        1245000	       123	800001c8	be6c8c93	addi	x25,x25,-1050	 x25:0x800091c0 x25=0x80008da6
        1255000	       124	800001cc	fe3309a3	sb	x3,-13(x6)	  x6:0x80008cfc  x3:0x00000000 PA:0x80008cef
        1265000	       125	800001d0	003cc703	lbu	x14,3(x25)	 x25:0x80008da6 x14=0x00000083 PA:0x80008da9
        1275000	       126	800001d4	01ac8ca3	sb	x26,25(x25)	 x25:0x80008da6 x26:0xfb573d07 PA:0x80008dbf
        1285000	       127	800001d8	00430023	sb	x4,0(x6)	  x6:0x80008cfc  x4:0x00000003 PA:0x80008cfc
        1295000	       128	800001dc	00d30a83	lb	x21,13(x6)	  x6:0x80008cfc x21=0x00000051 PA:0x80008d09
        1305000	       129	800001e0	030cc203	lbu	x4,48(x25)	 x25:0x80008da6  x4=0x000000a1 PA:0x80008dd6
        1315000	       130	800001e4	072c03a3	sb	x18,103(x24)	 x24:0x80008af8 x18:0x00000079 PA:0x80008b5f
        1325000	       131	800001e8	ff230d83	lb	x27,-14(x6)	  x6:0x80008cfc x27=0x00000002 PA:0x80008cee
        1335000	       132	800001ec	00334b83	lbu	x23,3(x6)	  x6:0x80008cfc x23=0x0000006e PA:0x80008cff
        1345000	       133	800001f0	fe3c8aa3	sb	x3,-11(x25)	 x25:0x80008da6  x3:0x00000000 PA:0x80008d9b
        1355000	       134	800001f4	316c5d83	lhu	x27,790(x24)	 x24:0x80008af8 x27=0x0000024b PA:0x80008e0e
        1365000	       135	00000000	00000013	addi	x0,x0,0	  x0:0x00000000
        1375000	       136	800001f8	fdbc8d03	lb	x26,-37(x25)	 x25:0x80008da6 x26=0xffffffe8 PA:0x80008d81
        1385000	       137	800001fc	00a34803	lbu	x16,10(x6)	  x6:0x80008cfc x16=0x00000083 PA:0x80008d06
        1395000	       138	80000200	febc8ca3	sb	x11,-7(x25)	 x25:0x80008da6 x11:0x00000000 PA:0x80008d9f
        1405000	       139	80000204	ddac1a23	sh	x26,-556(x24)	 x24:0x80008af8 x26:0xffffffe8 PA:0x800088cc
        1415000	       140	80000208	04fc9023	sh	x15,64(x25)	 x25:0x80008da6 x15:0xffffff8b PA:0x80008de6
        1425000	       141	8000020c	fd6ca103	lw	x2,-42(x25)	 x25:0x80008da6  x2=0xe44cd9a7 PA:0x80008d7c
        1435000	       142	00000000	00000013	addi	x0,x0,0	  x0:0x00000000
        1445000	       143	80000210	fe231a23	sh	x2,-12(x6)	  x6:0x80008cfc  x2:0xe44cd9a7 PA:0x80008cf0
        1455000	       144	80000214	fcbcca83	lbu	x21,-53(x25)	 x25:0x80008da6 x21=0x000000ad PA:0x80008d71
        1465000	       145	80000218	0dac1323	sh	x26,198(x24)	 x24:0x80008af8 x26:0xffffffe8 PA:0x80008bbe
        1475000	       146	8000021c	02fc8aa3	sb	x15,53(x25)	 x25:0x80008da6 x15:0xffffff8b PA:0x80008ddb
        1485000	       147	80000220	00d34a83	lbu	x21,13(x6)	  x6:0x80008cfc x21=0x00000051 PA:0x80008d09
        1495000	       148	80000224	2dcc1e83	lh	x29,732(x24)	 x24:0x80008af8 x29=0xffffa909 PA:0x80008dd4
        1505000	       149	80000228	00008c17	auipc	x24,0x8	 x24=0x80008224
        1515000	       150	8000022c	594c0c13	addi	x24,x24,1428	 x24:0x80008224 x24=0x800087b8
        1525000	       151	80000230	f99c0483	lb	x9,-103(x24)	 x24:0x800087b8  x9=0x0000003d PA:0x80008751
        1535000	       152	80000234	f86c0ca3	sb	x6,-103(x24)	 x24:0x800087b8  x6:0x80008cfc PA:0x80008751
        1545000	       153	80000238	f90c0ca3	sb	x16,-103(x24)	 x24:0x800087b8 x16:0x00000083 PA:0x80008751
        1555000	       154	8000023c	008085b3	add	x11,x1,x8	  x1:0x0000212d  x8:0x80009fc4 x11=0x8000c0f1
        1565000	       155	80000240	f99c4303	lbu	x6,-103(x24)	 x24:0x800087b8  x6=0x00000083 PA:0x80008751
        1575000	       156	80000244	fcac0183	lb	x3,-54(x24)	 x24:0x800087b8  x3=0x00000065 PA:0x80008782
        1585000	       157	80000248	ff3c0ba3	sb	x19,-9(x24)	 x24:0x800087b8 x19:0x00000048 PA:0x800087af
        1595000	       158	8000024c	fecc0ba3	sb	x12,-9(x24)	 x24:0x800087b8 x12:0x87f50f64 PA:0x800087af
        1605000	       159	80000250	fbbc08a3	sb	x27,-79(x24)	 x24:0x800087b8 x27:0x0000024b PA:0x80008769
        1615000	       160	80000254	fb1c4f83	lbu	x31,-79(x24)	 x24:0x800087b8 x31=0x0000004b PA:0x80008769
        1625000	       161	80000258	fb1c4803	lbu	x16,-79(x24)	 x24:0x800087b8 x16=0x0000004b PA:0x80008769
        1635000	       162	8000025c	f12c1a83	lh	x21,-238(x24)	 x24:0x800087b8 x21=0xffff827d PA:0x800086ca
        1645000	       163	80000260	fafc0aa3	sb	x15,-75(x24)	 x24:0x800087b8 x15:0xffffff8b PA:0x8000876d
        1655000	       164	80000264	05ec5603	lhu	x12,94(x24)	 x24:0x800087b8 x12=0x0000fbfb PA:0x80008816
        1665000	       165	80000268	05ec5103	lhu	x2,94(x24)	 x24:0x800087b8  x2=0x0000fbfb PA:0x80008816
        1675000	       166	00000000	00000013	addi	x0,x0,0	  x0:0x00000000
        1685000	       167	8000026c	f42c06a3	sb	x2,-179(x24)	 x24:0x800087b8  x2:0x0000fbfb PA:0x80008705
        1695000	       168	80000270	f5bc06a3	sb	x27,-179(x24)	 x24:0x800087b8 x27:0x0000024b PA:0x80008705
        1705000	       169	80000274	f4dc4f03	lbu	x30,-179(x24)	 x24:0x800087b8 x30=0x0000004b PA:0x80008705
        1715000	       170	80000278	f46c0fa3	sb	x6,-161(x24)	 x24:0x800087b8  x6:0x00000083 PA:0x80008717
        1725000	       171	8000027c	01449463	bne	x9,x20,80000284	  x9:0x0000003d x20:0x8000821e
        1735000	       172	00000000	00000013	addi	x0,x0,0	  x0:0x00000000
        1745000	       173	80000280	00000013	addi	x0,x0,0	  x0:0x00000000
        1755000	       174	80000284	0147a4b3	slt	x9,x15,x20	 x15:0xffffff8b x20:0x8000821e  x9=0x00000000
        1765000	       175	80000288	3459fe13	andi	x28,x19,837	 x19:0x00000048 x28=0x00000040
        1775000	       176	8000028c	02b6dc63	bge	x13,x11,800002c4	 x13:0x00000000 x11:0x8000c0f1
        1785000	       177	00000000	00000013	addi	x0,x0,0	  x0:0x00000000
        1795000	       178	800002c0	00000013	addi	x0,x0,0	  x0:0x00000000
        1805000	       179	800002c4	5fcc4317	auipc	x6,0x5fcc4	  x6=0xdfcc42c0
        1815000	       180	800002c8	03cb1c63	bne	x22,x28,80000300	 x22:0x000000a9 x28:0x00000040
        1825000	       181	00000000	00000013	addi	x0,x0,0	  x0:0x00000000
        1835000	       182	800002fc	00000013	addi	x0,x0,0	  x0:0x00000000
        1845000	       183	80000300	402c5813	srai	x16,x24,0x2	 x24:0x800087b8 x16=0xe00021ee
        1855000	       184	80000304	00bb77b3	and	x15,x22,x11	 x22:0x000000a9 x11:0x8000c0f1 x15=0x000000a1
        1865000	       185	80000308	40d0dfb3	sra	x31,x1,x13	  x1:0x0000212d x13:0x00000000 x31=0x0000212d
        1875000	       186	8000030c	32863793	sltiu	x15,x12,808	 x12:0x0000fbfb x15=0x00000000
        1885000	       187	80000310	013cecb3	or	x25,x25,x19	 x25:0x80008da6 x19:0x00000048 x25=0x80008dee
        1895000	       188	80000314	01b8eeb3	or	x29,x17,x27	 x17:0xfffffdf9 x27:0x0000024b x29=0xfffffffb
        1905000	       189	80000318	1fd83913	sltiu	x18,x16,509	 x16:0xe00021ee x18=0x00000000
        1915000	       190	8000031c	1ab90613	addi	x12,x18,427	 x18:0x00000000 x12=0x000001ab
        1925000	       191	80000320	01953bb3	sltu	x23,x10,x25	 x10:0x28bf11a0 x25:0x80008dee x23=0x00000001
        1935000	       192	80000324	005d48b3	xor	x17,x26,x5	 x26:0xffffffe8  x5:0x000000e0 x17=0xffffff08
        1945000	       193	80000328	40dd5893	srai	x17,x26,0xd	 x26:0xffffffe8 x17=0xffffffff
        1955000	       194	8000032c	c2d67cb7	lui	x25,0xc2d67	 x25=0xc2d67000
        1965000	       195	80000330	b8178813	addi	x16,x15,-1151	 x15:0x00000000 x16=0xfffffb81
        1975000	       196	80000334	409bd633	sra	x12,x23,x9	 x23:0x00000001  x9:0x00000000 x12=0x00000001
        1985000	       197	80000338	0d0c8e93	addi	x29,x25,208	 x25:0xc2d67000 x29=0xc2d670d0
        1995000	       198	8000033c	cdc22297	auipc	x5,0xcdc22	  x5=0x4dc22338
        2005000	       199	80000340	00000d17	auipc	x26,0x0	 x26=0x8000033c
        2015000	       200	80000344	604d0d13	addi	x26,x26,1540	 x26:0x8000033c x26=0x80000940
        2025000	       201	80000348	2c642e13	slti	x28,x8,710	  x8:0x80009fc4 x28=0x00000001
        2035000	       202	8000034c	414909b3	sub	x19,x18,x20	 x18:0x00000000 x20:0x8000821e x19=0x7fff7de2
        2045000	       203	80000350	00726b33	or	x22,x4,x7	  x4:0x000000a1  x7:0x80009f84 x22=0x80009fa5
        2055000	       204	80000354	a39ab937	lui	x18,0xa39ab	 x18=0xa39ab000
        2065000	       205	80000358	031d0d13	addi	x26,x26,49	 x26:0x80000940 x26=0x80000971
        2075000	       206	8000035c	000f0fb3	add	x31,x30,x0	 x30:0x0000004b  x0:0x00000000 x31=0x0000004b
        2085000	       207	80000360	fd0d0367	jalr	x6,x26,-48	 x26:0x80000971  x6=0x80000360
        2095000	       208	00000000	00000013	addi	x0,x0,0	  x0:0x00000000
        2105000	       209	80000940	00000013	addi	x0,x0,0	  x0:0x00000000
        2115000	       210	80000944	00a65bb3	srl	x23,x12,x10	 x12:0x00000001 x10:0x28bf11a0 x23=0x00000001
        2125000	       211	80000948	0024d9b3	srl	x19,x9,x2	  x9:0x00000000  x2:0x0000fbfb x19=0x00000000
        2135000	       212	8000094c	0144f8b3	and	x17,x9,x20	  x9:0x00000000 x20:0x8000821e x17=0x00000000
        2145000	       213	80000950	4176d493	srai	x9,x13,0x17	 x13:0x00000000  x9=0x00000000
        2155000	       214	80000954	1429f993	andi	x19,x19,322	 x19:0x00000000 x19=0x00000000
        2165000	       215	80000958	41355d33	sra	x26,x10,x19	 x10:0x28bf11a0 x19:0x00000000 x26=0x28bf11a0
        2175000	       216	8000095c	fc438393	addi	x7,x7,-60	  x7:0x80009f84  x7=0x80009f48
        2185000	       217	80000960	017c07b3	add	x15,x24,x23	 x24:0x800087b8 x23:0x00000001 x15=0x800087b9
        2195000	       218	80000964	40025bb3	sra	x23,x4,x0	  x4:0x000000a1  x0:0x00000000 x23=0x000000a1
        2205000	       219	80000968	016d3633	sltu	x12,x26,x22	 x26:0x28bf11a0 x22:0x80009fa5 x12=0x00000001
        2215000	       220	8000096c	0063a223	sw	x6,4(x7)	  x7:0x80009f48  x6:0x80000360 PA:0x80009f4c
        2225000	       221	80000970	c8463a17	auipc	x20,0xc8463	 x20=0x4846396c
        2235000	       222	80000974	00008117	auipc	x2,0x8	  x2=0x80008970
        2245000	       223	80000978	1fa10113	addi	x2,x2,506	  x2:0x80008970  x2=0x80008b6a
        2255000	       224	8000097c	fc411183	lh	x3,-60(x2)	  x2:0x80008b6a  x3=0xfffff897 PA:0x80008b2e
        2265000	       225	80000980	fd410223	sb	x20,-60(x2)	  x2:0x80008b6a x20:0x4846396c PA:0x80008b2e
        2275000	       226	80000984	40d60bb3	sub	x23,x12,x13	 x12:0x00000001 x13:0x00000000 x23=0x00000001
        2285000	       227	80000988	03d11523	sh	x29,42(x2)	  x2:0x80008b6a x29:0xc2d670d0 PA:0x80008b94
        2295000	       228	8000098c	8ac9fc13	andi	x24,x19,-1876	 x19:0x00000000 x24=0x00000000
        2305000	       229	80000990	02a10183	lb	x3,42(x2)	  x2:0x80008b6a  x3=0xffffffd0 PA:0x80008b94
        2315000	       230	80000994	02a12b03	lw	x22,42(x2)	  x2:0x80008b6a x22=0x76de70d0 PA:0x80008b94
        2325000	       231	80000998	02a12f83	lw	x31,42(x2)	  x2:0x80008b6a x31=0x76de70d0 PA:0x80008b94
        2335000	       232	8000099c	02a14e83	lbu	x29,42(x2)	  x2:0x80008b6a x29=0x000000d0 PA:0x80008b94
        2345000	       233	800009a0	02a14a83	lbu	x21,42(x2)	  x2:0x80008b6a x21=0x000000d0 PA:0x80008b94
        2355000	       234	800009a4	00c14f83	lbu	x31,12(x2)	  x2:0x80008b6a x31=0x00000000 PA:0x80008b76
        2365000	       235	800009a8	03410903	lb	x18,52(x2)	  x2:0x80008b6a x18=0xffffffae PA:0x80008b9e
        2375000	       236	800009ac	00007e97	auipc	x29,0x7	 x29=0x800079a8
        2385000	       237	800009b0	7c8e8e93	addi	x29,x29,1992	 x29:0x800079a8 x29=0x80008170
        2395000	       238	800009b4	00fe8d83	lb	x27,15(x29)	 x29:0x80008170 x27=0xffffff90 PA:0x8000817f
        2405000	       239	800009b8	00000013	addi	x0,x0,0	  x0:0x00000000
        2415000	       240	800009bc	00498933	add	x18,x19,x4	 x19:0x00000000  x4:0x000000a1 x18=0x000000a1
        2425000	       241	800009c0	ff9ecf83	lbu	x31,-7(x29)	 x29:0x80008170 x31=0x000000f9 PA:0x80008169
        2435000	       242	800009c4	409d56b3	sra	x13,x26,x9	 x26:0x28bf11a0  x9:0x00000000 x13=0x28bf11a0
        2445000	       243	800009c8	009bf1b3	and	x3,x23,x9	 x23:0x00000001  x9:0x00000000  x3=0x00000000
        2455000	       244	800009cc	ff9ec203	lbu	x4,-7(x29)	 x29:0x80008170  x4=0x000000f9 PA:0x80008169
        2465000	       245	800009d0	ff9e8b03	lb	x22,-7(x29)	 x29:0x80008170 x22=0xfffffff9 PA:0x80008169
        2475000	       246	800009d4	01d32ab3	slt	x21,x6,x29	  x6:0x80000360 x29:0x80008170 x21=0x00000001
        2485000	       247	800009d8	ff5e8ca3	sb	x21,-7(x29)	 x29:0x80008170 x21:0x00000001 PA:0x80008169
        2495000	       248	800009dc	ff0ed003	lhu	x0,-16(x29)	 x29:0x80008170 PA:0x80008160
        2505000	       249	800009e0	ffdec883	lbu	x17,-3(x29)	 x29:0x80008170 x17=0x00000095 PA:0x8000816d
        2515000	       250	800009e4	009ecf03	lbu	x30,9(x29)	 x29:0x80008170 x30=0x00000015 PA:0x80008179
        2525000	       251	800009e8	ff9e8b03	lb	x22,-7(x29)	 x29:0x80008170 x22=0x00000001 PA:0x80008169
        2535000	       252	800009ec	ff9e8f83	lb	x31,-7(x29)	 x29:0x80008170 x31=0x00000001 PA:0x80008169
        2545000	       253	800009f0	fe6e8ca3	sb	x6,-7(x29)	 x29:0x80008170  x6:0x80000360 PA:0x80008169
        2555000	       254	800009f4	fe0e8ca3	sb	x0,-7(x29)	 x29:0x80008170  x0:0x00000000 PA:0x80008169
        2565000	       255	800009f8	ff9e8283	lb	x5,-7(x29)	 x29:0x80008170  x5=0x00000000 PA:0x80008169
        2575000	       256	800009fc	ff9ec683	lbu	x13,-7(x29)	 x29:0x80008170 x13=0x00000000 PA:0x80008169
        2585000	       257	80000a00	ffae8ca3	sb	x26,-7(x29)	 x29:0x80008170 x26:0x28bf11a0 PA:0x80008169
        2595000	       258	80000a04	01ce9223	sh	x28,4(x29)	 x29:0x80008170 x28:0x00000001 PA:0x80008174
        2605000	       259	80000a08	00008817	auipc	x16,0x8	 x16=0x80008a04
        2615000	       260	80000a0c	8ad80813	addi	x16,x16,-1875	 x16:0x80008a04 x16=0x800082b1
        2625000	       261	80000a10	00008d17	auipc	x26,0x8	 x26=0x80008a0c
        2635000	       262	80000a14	db5d0d13	addi	x26,x26,-587	 x26:0x80008a0c x26=0x800087c1
        2645000	       263	80000a18	00008a97	auipc	x21,0x8	 x21=0x80008a14
        2655000	       264	80000a1c	a8ca8a93	addi	x21,x21,-1396	 x21:0x80008a14 x21=0x800084a0
        2665000	       265	80000a20	00fd4583	lbu	x11,15(x26)	 x26:0x800087c1 x11=0x00000084 PA:0x800087d0
        2675000	       266	80000a24	03aa8ca3	sb	x26,57(x21)	 x21:0x800084a0 x26:0x800087c1 PA:0x800084d9
        2685000	       267	80000a28	001d4183	lbu	x3,1(x26)	 x26:0x800087c1  x3=0x0000001b PA:0x800087c2
        2695000	       268	80000a2c	245803a3	sb	x5,583(x16)	 x16:0x800082b1  x5:0x00000000 PA:0x800084f8
        2705000	       269	80000a30	12c80783	lb	x15,300(x16)	 x16:0x800082b1 x15=0xffffff9c PA:0x800083dd
        2715000	       270	80000a34	fd3aac23	sw	x19,-40(x21)	 x21:0x800084a0 x19:0x00000000 PA:0x80008478
        2725000	       271	80000a38	3d382c83	lw	x25,979(x16)	 x16:0x800082b1 x25=0xe5e61761 PA:0x80008684
        2735000	       272	80000a3c	004d4303	lbu	x6,4(x26)	 x26:0x800087c1  x6=0x00000070 PA:0x800087c5
        2745000	       273	80000a40	031a9923	sh	x17,50(x21)	 x21:0x800084a0 x17:0x00000095 PA:0x800084d2
        2755000	       274	80000a44	005d4e03	lbu	x28,5(x26)	 x26:0x800087c1 x28=0x0000009c PA:0x800087c6
        2765000	       275	80000a48	e8a80283	lb	x5,-374(x16)	 x16:0x800082b1  x5=0x0000004e PA:0x8000813b
        2775000	       276	80000a4c	008d4883	lbu	x17,8(x26)	 x26:0x800087c1 x17=0x00000039 PA:0x800087c9
        2785000	       277	80000a50	032a8103	lb	x2,50(x21)	 x21:0x800084a0  x2=0xffffff95 PA:0x800084d2
        2795000	       278	80000a54	ff7a8103	lb	x2,-9(x21)	 x21:0x800084a0  x2=0x00000058 PA:0x80008497
        2805000	       279	80000a58	fe1d0d23	sb	x1,-6(x26)	 x26:0x800087c1  x1:0x0000212d PA:0x800087bb
        2815000	       280	80000a5c	0ac80b83	lb	x23,172(x16)	 x16:0x800082b1 x23=0x0000003e PA:0x8000835d
        2825000	       281	80000a60	006a9783	lh	x15,6(x21)	 x21:0x800084a0 x15=0xffffd042 PA:0x800084a6
        2835000	       282	80000a64	feba84a3	sb	x11,-23(x21)	 x21:0x800084a0 x11:0x00000084 PA:0x80008489
        2845000	       283	80000a68	034aa983	lw	x19,52(x21)	 x21:0x800084a0 x19=0xad368498 PA:0x800084d4
        2855000	       284	80000a6c	00dd1003	lh	x0,13(x26)	 x26:0x800087c1 PA:0x800087ce
        2865000	       285	80000a70	1c880b03	lb	x22,456(x16)	 x16:0x800082b1 x22=0x00000000 PA:0x80008479
        2875000	       286	80000a74	00fd1f03	lh	x30,15(x26)	 x26:0x800087c1 x30=0xffff9284 PA:0x800087d0
        2885000	       287	80000a78	fc6ad703	lhu	x14,-58(x21)	 x21:0x800084a0 x14=0x00005f76 PA:0x80008466
        2895000	       288	80000a7c	00da8c23	sb	x13,24(x21)	 x21:0x800084a0 x13:0x00000000 PA:0x800084b8
        2905000	       289	80000a80	00cd0723	sb	x12,14(x26)	 x26:0x800087c1 x12:0x00000001 PA:0x800087cf
        2915000	       290	80000a84	00007a97	auipc	x21,0x7	 x21=0x80007a80
        2925000	       291	80000a88	7c4a8a93	addi	x21,x21,1988	 x21:0x80007a80 x21=0x80008244
        2935000	       292	80000a8c	00007097	auipc	x1,0x7	  x1=0x80007a88
        2945000	       293	80000a90	71008093	addi	x1,x1,1808	  x1:0x80007a88  x1=0x80008198
        2955000	       294	80000a94	0f1acb83	lbu	x23,241(x21)	 x21:0x80008244 x23=0x00000001 PA:0x80008335
        2965000	       295	80000a98	ffa0c603	lbu	x12,-6(x1)	  x1:0x80008198 x12=0x00000044 PA:0x80008192
        2975000	       296	00000000	00000013	addi	x0,x0,0	  x0:0x00000000
        2985000	       297	80000a9c	00c09183	lh	x3,12(x1)	  x1:0x80008198  x3=0xffffb666 PA:0x800081a4
        2995000	       298	80000aa0	f6facb03	lbu	x22,-145(x21)	 x21:0x80008244 x22=0x000000e2 PA:0x800081b3
        3005000	       299	80000aa4	063ac903	lbu	x18,99(x21)	 x21:0x80008244 x18=0x00000027 PA:0x800082a7
        3015000	       300	80000aa8	00b084a3	sb	x11,9(x1)	  x1:0x80008198 x11:0x00000084 PA:0x800081a1
        3025000	       301	80000aac	ffb08b23	sb	x27,-10(x1)	  x1:0x80008198 x27:0xffffff90 PA:0x8000818e
        3035000	       302	80000ab0	f82adf83	lhu	x31,-126(x21)	 x21:0x80008244 x31=0x000009b0 PA:0x800081c6
        3045000	       303	80000ab4	ff808683	lb	x13,-8(x1)	  x1:0x80008198 x13=0xffffffe4 PA:0x80008190
        3055000	       304	80000ab8	f33a82a3	sb	x19,-219(x21)	 x21:0x80008244 x19:0xad368498 PA:0x80008169
        3065000	       305	80000abc	0090cd03	lbu	x26,9(x1)	  x1:0x80008198 x26=0x00000084 PA:0x800081a1
        3075000	       306	80000ac0	ffd08103	lb	x2,-3(x1)	  x1:0x80008198  x2=0x00000073 PA:0x80008195
        3085000	       307	80000ac4	ffd0c783	lbu	x15,-3(x1)	  x1:0x80008198 x15=0x00000073 PA:0x80008195
        3095000	       308	80000ac8	fff0cf03	lbu	x30,-1(x1)	  x1:0x80008198 x30=0x00000065 PA:0x80008197
        3105000	       309	80000acc	042a8f03	lb	x30,66(x21)	 x21:0x80008244 x30=0xffffffbd PA:0x80008286
        3115000	       310	80000ad0	ff90cd03	lbu	x26,-7(x1)	  x1:0x80008198 x26=0x0000004d PA:0x80008191
        3125000	       311	80000ad4	00008e17	auipc	x28,0x8	 x28=0x80008ad0
        3135000	       312	80000ad8	287e0e13	addi	x28,x28,647	 x28:0x80008ad0 x28=0x80008d57
        3145000	       313	80000adc	01de0623	sb	x29,12(x28)	 x28:0x80008d57 x29:0x80008170 PA:0x80008d63
        3155000	       314	80000ae0	002e0623	sb	x2,12(x28)	 x28:0x80008d57  x2:0x00000073 PA:0x80008d63
        3165000	       315	80000ae4	fe5e0823	sb	x5,-16(x28)	 x28:0x80008d57  x5:0x0000004e PA:0x80008d47
        3175000	       316	80000ae8	ff0e4283	lbu	x5,-16(x28)	 x28:0x80008d57  x5=0x0000004e PA:0x80008d47
        3185000	       317	80000aec	afcf8793	addi	x15,x31,-1284	 x31:0x000009b0 x15=0x000004ac
        3195000	       318	80000af0	41b65133	sra	x2,x12,x27	 x12:0x00000044 x27:0xffffff90  x2=0x00000000
        3205000	       319	80000af4	ffee4803	lbu	x16,-2(x28)	 x28:0x80008d57 x16=0x000000cc PA:0x80008d55
        3215000	       320	80000af8	ffee4183	lbu	x3,-2(x28)	 x28:0x80008d57  x3=0x000000cc PA:0x80008d55
        3225000	       321	80000afc	ffee0883	lb	x17,-2(x28)	 x28:0x80008d57 x17=0xffffffcc PA:0x80008d55
        3235000	       322	80000b00	ffee0083	lb	x1,-2(x28)	 x28:0x80008d57  x1=0xffffffcc PA:0x80008d55
        3245000	       323	80000b04	fece1ca3	sh	x12,-7(x28)	 x28:0x80008d57 x12:0x00000044 PA:0x80008d50
        3255000	       324	80000b08	ff7e1ca3	sh	x23,-7(x28)	 x28:0x80008d57 x23:0x00000001 PA:0x80008d50
        3265000	       325	80000b0c	ff9e5103	lhu	x2,-7(x28)	 x28:0x80008d57  x2=0x00000001 PA:0x80008d50
        3275000	       326	80000b10	00ce0323	sb	x12,6(x28)	 x28:0x80008d57 x12:0x00000044 PA:0x80008d5d
        3285000	       327	80000b14	00457733	and	x14,x10,x4	 x10:0x28bf11a0  x4:0x000000f9 x14=0x000000a0
        3295000	       328	80000b18	41540cb3	sub	x25,x8,x21	  x8:0x80009fc4 x21:0x80008244 x25=0x00001d80
        3305000	       329	80000b1c	01be0223	sb	x27,4(x28)	 x28:0x80008d57 x27:0xffffff90 PA:0x80008d5b
        3315000	       330	80000b20	00008117	auipc	x2,0x8	  x2=0x80008b1c
        3325000	       331	80000b24	eeb10113	addi	x2,x2,-277	  x2:0x80008b1c  x2=0x80008a07
        3335000	       332	80000b28	09314c83	lbu	x25,147(x2)	  x2:0x80008a07 x25=0x000000d7 PA:0x80008a9a
        3345000	       333	80000b2c	00000013	addi	x0,x0,0	  x0:0x00000000
        3355000	       334	80000b30	4023dc33	sra	x24,x7,x2	  x7:0x80009f48  x2:0x80008a07 x24=0xff00013e
        3365000	       335	80000b34	09311283	lh	x5,147(x2)	  x2:0x80008a07  x5=0xffffe3d7 PA:0x80008a9a
        3375000	       336	80000b38	080109a3	sb	x0,147(x2)	  x2:0x80008a07  x0:0x00000000 PA:0x80008a9a
        3385000	       337	80000b3c	00819593	slli	x11,x3,0x8	  x3:0x000000cc x11=0x0000cc00
        3395000	       338	80000b40	08a119a3	sh	x10,147(x2)	  x2:0x80008a07 x10:0x28bf11a0 PA:0x80008a9a
        3405000	       339	80000b44	f44101a3	sb	x4,-189(x2)	  x2:0x80008a07  x4:0x000000f9 PA:0x8000894a
        3415000	       340	80000b48	f44101a3	sb	x4,-189(x2)	  x2:0x80008a07  x4:0x000000f9 PA:0x8000894a
        3425000	       341	80000b4c	f4314d03	lbu	x26,-189(x2)	  x2:0x80008a07 x26=0x000000f9 PA:0x8000894a
        3435000	       342	80000b50	f4310903	lb	x18,-189(x2)	  x2:0x80008a07 x18=0xfffffff9 PA:0x8000894a
        3445000	       343	80000b54	2c23ca13	xori	x20,x7,706	  x7:0x80009f48 x20=0x80009d8a
        3455000	       344	80000b58	f4310c83	lb	x25,-189(x2)	  x2:0x80008a07 x25=0xfffffff9 PA:0x8000894a
        3465000	       345	80000b5c	f4310283	lb	x5,-189(x2)	  x2:0x80008a07  x5=0xfffffff9 PA:0x8000894a
        3475000	       346	80000b60	4bcb7f13	andi	x30,x22,1212	 x22:0x000000e2 x30=0x000000a0
        3485000	       347	80000b64	f5a101a3	sb	x26,-189(x2)	  x2:0x80008a07 x26:0x000000f9 PA:0x8000894a
        3495000	       348	80000b68	01752933	slt	x18,x10,x23	 x10:0x28bf11a0 x23:0x00000001 x18=0x00000000
        3505000	       349	80000b6c	f4315b83	lhu	x23,-189(x2)	  x2:0x80008a07 x23=0x00002af9 PA:0x8000894a
        3515000	       350	80000b70	0a512e83	lw	x29,165(x2)	  x2:0x80008a07 x29=0xbf5b34bf PA:0x80008aac
        3525000	       351	80000b74	0ac122a3	sw	x12,165(x2)	  x2:0x80008a07 x12:0x00000044 PA:0x80008aac
        3535000	       352	80000b78	0a7112a3	sh	x7,165(x2)	  x2:0x80008a07  x7:0x80009f48 PA:0x80008aac
        3545000	       353	80000b7c	00008217	auipc	x4,0x8	  x4=0x80008b78
        3555000	       354	80000b80	da420213	addi	x4,x4,-604	  x4:0x80008b78  x4=0x8000891c
        3565000	       355	80000b84	f5b20303	lb	x6,-165(x4)	  x4:0x8000891c  x6=0xffffffe0 PA:0x80008877
        3575000	       356	80000b88	09920c23	sb	x25,152(x4)	  x4:0x8000891c x25:0xfffffff9 PA:0x800089b4
        3585000	       357	80000b8c	0e720d83	lb	x27,231(x4)	  x4:0x8000891c x27=0xfffffff8 PA:0x80008a03
        3595000	       358	80000b90	00008c17	auipc	x24,0x8	 x24=0x80008b8c
        3605000	       359	80000b94	fb6c0c13	addi	x24,x24,-74	 x24:0x80008b8c x24=0x80008b42
        3615000	       360	80000b98	09f24803	lbu	x16,159(x4)	  x4:0x8000891c x16=0x000000fa PA:0x800089bb
        3625000	       361	80000b9c	30bc0303	lb	x6,779(x24)	 x24:0x80008b42  x6=0x0000001f PA:0x80008e4d
        3635000	       362	80000ba0	d37c4903	lbu	x18,-713(x24)	 x24:0x80008b42 x18=0x000000a0 PA:0x80008879
        3645000	       363	80000ba4	276c4f83	lbu	x31,630(x24)	 x24:0x80008b42 x31=0x000000cc PA:0x80008db8
        3655000	       364	80000ba8	319c0fa3	sb	x25,799(x24)	 x24:0x80008b42 x25:0xfffffff9 PA:0x80008e61
        3665000	       365	80000bac	f7b24683	lbu	x13,-133(x4)	  x4:0x8000891c x13=0x000000a1 PA:0x80008897
        3675000	       366	80000bb0	f2921d23	sh	x9,-198(x4)	  x4:0x8000891c  x9:0x00000000 PA:0x80008856
        3685000	       367	80000bb4	d60c2b23	sw	x0,-650(x24)	 x24:0x80008b42  x0:0x00000000 PA:0x800088b8
        3695000	       368	80000bb8	00008117	auipc	x2,0x8	  x2=0x80008bb4
        3705000	       369	80000bbc	98610113	addi	x2,x2,-1658	  x2:0x80008bb4  x2=0x8000853a
        3715000	       370	80000bc0	ff110703	lb	x14,-15(x2)	  x2:0x8000853a x14=0xffffffeb PA:0x8000852b
        3725000	       371	80000bc4	ff3108a3	sb	x19,-15(x2)	  x2:0x8000853a x19:0xad368498 PA:0x8000852b
        3735000	       372	80000bc8	ffd10aa3	sb	x29,-11(x2)	  x2:0x8000853a x29:0xbf5b34bf PA:0x8000852f
        3745000	       373	80000bcc	40cbdcb3	sra	x25,x23,x12	 x23:0x00002af9 x12:0x00000044 x25=0x000002af
        3755000	       374	80000bd0	00811223	sh	x8,4(x2)	  x2:0x8000853a  x8:0x80009fc4 PA:0x8000853e
        3765000	       375	80000bd4	0196ceb3	xor	x29,x13,x25	 x13:0x000000a1 x25:0x000002af x29=0x0000020e
        3775000	       376	80000bd8	fff10e03	lb	x28,-1(x2)	  x2:0x8000853a x28=0xffffffec PA:0x80008539
        3785000	       377	80000bdc	ff010f03	lb	x30,-16(x2)	  x2:0x8000853a x30=0x00000071 PA:0x8000852a
        3795000	       378	80000be0	018103a3	sb	x24,7(x2)	  x2:0x8000853a x24:0x80008b42 PA:0x80008541
        3805000	       379	80000be4	ff814a83	lbu	x21,-8(x2)	  x2:0x8000853a x21=0x0000005a PA:0x80008532
        3815000	       380	80000be8	9dd64993	xori	x19,x12,-1571	 x12:0x00000044 x19=0xfffff999
        3825000	       381	80000bec	00d14c03	lbu	x24,13(x2)	  x2:0x8000853a x24=0x00000044 PA:0x80008547
        3835000	       382	80000bf0	01a10623	sb	x26,12(x2)	  x2:0x8000853a x26:0x000000f9 PA:0x80008546
        3845000	       383	80000bf4	42c42e93	slti	x29,x8,1068	  x8:0x80009fc4 x29=0x00000001
        3855000	       384	80000bf8	00372033	slt	x0,x14,x3	 x14:0xffffffeb  x3:0x000000cc
        3865000	       385	80000bfc	000a7ab3	and	x21,x20,x0	 x20:0x80009d8a  x0:0x00000000 x21=0x00000000
        3875000	       386	80000c00	fe311923	sh	x3,-14(x2)	  x2:0x8000853a  x3:0x000000cc PA:0x8000852c
        3885000	       387	80000c04	ffd10fa3	sb	x29,-1(x2)	  x2:0x8000853a x29:0x00000001 PA:0x80008539
        3895000	       388	80000c08	00110183	lb	x3,1(x2)	  x2:0x8000853a  x3=0x00000066 PA:0x8000853b
        3905000	       389	80000c0c	01f10423	sb	x31,8(x2)	  x2:0x8000853a x31:0x000000cc PA:0x80008542
        3915000	       390	80000c10	fff11c23	sh	x31,-8(x2)	  x2:0x8000853a x31:0x000000cc PA:0x80008532
        3925000	       391	80000c14	01014303	lbu	x6,16(x2)	  x2:0x8000853a  x6=0x00000081 PA:0x8000854a
        3935000	       392	80000c18	7652f813	andi	x16,x5,1893	  x5:0xfffffff9 x16=0x00000761
        3945000	       393	80000c1c	00fcc333	xor	x6,x25,x15	 x25:0x000002af x15:0x000004ac  x6=0x00000603
        3955000	       394	80000c20	00610303	lb	x6,6(x2)	  x2:0x8000853a  x6=0xffffffe9 PA:0x80008540
        3965000	       395	80000c24	ffb11a23	sh	x27,-12(x2)	  x2:0x8000853a x27:0xfffffff8 PA:0x8000852e
        3975000	       396	80000c28	00b9f9b3	and	x19,x19,x11	 x19:0xfffff999 x11:0x0000cc00 x19=0x0000c800
        3985000	       397	80000c2c	ff210f03	lb	x30,-14(x2)	  x2:0x8000853a x30=0xffffffcc PA:0x8000852c
        3995000	       398	80000c30	00000013	addi	x0,x0,0	  x0:0x00000000
        4005000	       399	80000c34	00510183	lb	x3,5(x2)	  x2:0x8000853a  x3=0xffffff9f PA:0x8000853f
        4015000	       400	80000c38	ffc10e03	lb	x28,-4(x2)	  x2:0x8000853a x28=0x0000007a PA:0x80008536
        4025000	       401	80000c3c	00711423	sh	x7,8(x2)	  x2:0x8000853a  x7:0x80009f48 PA:0x80008542
        4035000	       402	80000c40	ff014b83	lbu	x23,-16(x2)	  x2:0x8000853a x23=0x00000071 PA:0x8000852a
        4045000	       403	80000c44	00710783	lb	x15,7(x2)	  x2:0x8000853a x15=0x00000042 PA:0x80008541
        4055000	       404	80000c48	ff714a03	lbu	x20,-9(x2)	  x2:0x8000853a x20=0x00000091 PA:0x80008531
        4065000	       405	80000c4c	00314803	lbu	x16,3(x2)	  x2:0x8000853a x16=0x00000094 PA:0x8000853d
        4075000	       406	80000c50	ff111e23	sh	x17,-4(x2)	  x2:0x8000853a x17:0xffffffcc PA:0x80008536
        4085000	       407	80000c54	0287f813	andi	x16,x15,40	 x15:0x00000042 x16=0x00000000
        4095000	       408	80000c58	00514003	lbu	x0,5(x2)	  x2:0x8000853a PA:0x8000853f
        4105000	       409	80000c5c	ff415883	lhu	x17,-12(x2)	  x2:0x8000853a x17=0x0000fff8 PA:0x8000852e
        4115000	       410	80000c60	51018637	lui	x12,0x51018	 x12=0x51018000
        4125000	       411	80000c64	ff110e83	lb	x29,-15(x2)	  x2:0x8000853a x29=0xffffff98 PA:0x8000852b
        4135000	       412	80000c68	00008797	auipc	x15,0x8	 x15=0x80008c64
        4145000	       413	80000c6c	1fa78793	addi	x15,x15,506	 x15:0x80008c64 x15=0x80008e5e
        4155000	       414	80000c70	f1879f83	lh	x31,-232(x15)	 x15:0x80008e5e x31=0xffffdfcc PA:0x80008d76
        4165000	       415	80000c74	e1878123	sb	x24,-510(x15)	 x15:0x80008e5e x24:0x00000044 PA:0x80008c60
        4175000	       416	80000c78	01f8b833	sltu	x16,x17,x31	 x17:0x0000fff8 x31:0xffffdfcc x16=0x00000001
        4185000	       417	80000c7c	01214bb3	xor	x23,x2,x18	  x2:0x8000853a x18:0x000000a0 x23=0x8000859a
        4195000	       418	80000c80	0ad7c683	lbu	x13,173(x15)	 x15:0x80008e5e x13=0x000000c8 PA:0x80008f0b
        4205000	       419	80000c84	00f1d6b3	srl	x13,x3,x15	  x3:0xffffff9f x15:0x80008e5e x13=0x00000003
        4215000	       420	80000c88	ad0af313	andi	x6,x21,-1328	 x21:0x00000000  x6=0x00000000
        4225000	       421	80000c8c	f6d7c903	lbu	x18,-147(x15)	 x15:0x80008e5e x18=0x0000009e PA:0x80008dcb
        4235000	       422	80000c90	b5578703	lb	x14,-1195(x15)	 x15:0x80008e5e x14=0x00000051 PA:0x800089b3
        4245000	       423	80000c94	0007d033	srl	x0,x15,x0	 x15:0x80008e5e  x0:0x00000000
        4255000	       424	80000c98	c5778803	lb	x16,-937(x15)	 x15:0x80008e5e x16=0xffffffce PA:0x80008ab5
        4265000	       425	80000c9c	00000013	addi	x0,x0,0	  x0:0x00000000
        4275000	       426	80000ca0	b627dc83	lhu	x25,-1182(x15)	 x15:0x80008e5e x25=0x00005ec3 PA:0x800089c0
        4285000	       427	80000ca4	1287c883	lbu	x17,296(x15)	 x15:0x80008e5e x17=0x000000a3 PA:0x80008f86
        4295000	       428	80000ca8	0139a1b3	slt	x3,x19,x19	 x19:0x0000c800 x19:0x0000c800  x3=0x00000000
        4305000	       429	80000cac	40300f33	sub	x30,x0,x3	  x0:0x00000000  x3:0x00000000 x30=0x00000000
        4315000	       430	80000cb0	a957ca83	lbu	x21,-1387(x15)	 x15:0x80008e5e x21=0x0000007e PA:0x800088f3
        4325000	       431	80000cb4	eab787a3	sb	x11,-337(x15)	 x15:0x80008e5e x11:0x0000cc00 PA:0x80008d0d
        4335000	       432	80000cb8	e79786a3	sb	x25,-403(x15)	 x15:0x80008e5e x25:0x00005ec3 PA:0x80008ccb
        4345000	       433	80000cbc	ad279623	sh	x18,-1332(x15)	 x15:0x80008e5e x18:0x0000009e PA:0x8000892a
        4355000	       434	80000cc0	91234913	xori	x18,x6,-1774	  x6:0x00000000 x18=0xfffff912
        4365000	       435	80000cc4	0627db03	lhu	x22,98(x15)	 x15:0x80008e5e x22=0x00004be6 PA:0x80008ec0
        4375000	       436	80000cc8	e445b193	sltiu	x3,x11,-444	 x11:0x0000cc00  x3=0x00000001
        4385000	       437	80000ccc	e3c7c103	lbu	x2,-452(x15)	 x15:0x80008e5e  x2=0x00000045 PA:0x80008c9a
        4395000	       438	80000cd0	fdd78da3	sb	x29,-37(x15)	 x15:0x80008e5e x29:0xffffff98 PA:0x80008e39
        4405000	       439	80000cd4	011c40b3	xor	x1,x24,x17	 x24:0x00000044 x17:0x000000a3  x1=0x000000e7
        4415000	       440	80000cd8	01c5e033	or	x0,x11,x28	 x11:0x0000cc00 x28:0x0000007a
        4425000	       441	80000cdc	a4479803	lh	x16,-1468(x15)	 x15:0x80008e5e x16=0xffffae9a PA:0x800088a2
        4435000	       442	80000ce0	a9e783a3	sb	x30,-1401(x15)	 x15:0x80008e5e x30:0x00000000 PA:0x800088e5
        4445000	       443	80000ce4	b8278723	sb	x2,-1138(x15)	 x15:0x80008e5e  x2:0x00000045 PA:0x800089ec
        4455000	       444	80000ce8	fdd78803	lb	x16,-35(x15)	 x15:0x80008e5e x16=0x00000038 PA:0x80008e3b
        4465000	       445	80000cec	74fd65b7	lui	x11,0x74fd6	 x11=0x74fd6000
        4475000	       446	80000cf0	55d8b013	sltiu	x0,x17,1373	 x17:0x000000a3
        4485000	       447	80000cf4	40e1d233	sra	x4,x3,x14	  x3:0x00000001 x14:0x00000051  x4=0x00000000
        4495000	       448	80000cf8	11278203	lb	x4,274(x15)	 x15:0x80008e5e  x4=0x00000024 PA:0x80008f70
        4505000	       449	80000cfc	41688c33	sub	x24,x17,x22	 x17:0x000000a3 x22:0x00004be6 x24=0xffffb4bd
        4515000	       450	80000d00	a3c7c003	lbu	x0,-1476(x15)	 x15:0x80008e5e PA:0x8000889a
        4525000	       451	80000d04	01ea9733	sll	x14,x21,x30	 x21:0x0000007e x30:0x00000000 x14=0x0000007e
        4535000	       452	80000d08	bc07c183	lbu	x3,-1088(x15)	 x15:0x80008e5e  x3=0x0000005d PA:0x80008a1e
        4545000	       453	80000d0c	00007117	auipc	x2,0x7	  x2=0x80007d08
        4555000	       454	80000d10	71810113	addi	x2,x2,1816	  x2:0x80007d08  x2=0x80008420
        4565000	       455	80000d14	cf714b03	lbu	x22,-777(x2)	  x2:0x80008420 x22=0x000000b7 PA:0x80008117
        4575000	       456	80000d18	cfa10ba3	sb	x26,-777(x2)	  x2:0x80008420 x26:0x000000f9 PA:0x80008117
        4585000	       457	80000d1c	ceb10ba3	sb	x11,-777(x2)	  x2:0x80008420 x11:0x74fd6000 PA:0x80008117
        4595000	       458	80000d20	23112a23	sw	x17,564(x2)	  x2:0x80008420 x17:0x000000a3 PA:0x80008654
        4605000	       459	80000d24	3f810423	sb	x24,1000(x2)	  x2:0x80008420 x24:0xffffb4bd PA:0x80008808
        4615000	       460	80000d28	c4e11623	sh	x14,-948(x2)	  x2:0x80008420 x14:0x0000007e PA:0x8000806c
        4625000	       461	80000d2c	c4c14b03	lbu	x22,-948(x2)	  x2:0x80008420 x22=0x0000007e PA:0x8000806c
        4635000	       462	80000d30	c4c14203	lbu	x4,-948(x2)	  x2:0x80008420  x4=0x0000007e PA:0x8000806c
        4645000	       463	80000d34	08610b03	lb	x22,134(x2)	  x2:0x80008420 x22=0x00000042 PA:0x800084a6
        4655000	       464	80000d38	f7a11903	lh	x18,-134(x2)	  x2:0x80008420 x18=0xffffb778 PA:0x8000839a
        4665000	       465	80000d3c	f7a15083	lhu	x1,-134(x2)	  x2:0x80008420  x1=0x0000b778 PA:0x8000839a
        4675000	       466	80000d40	2b5be797	auipc	x15,0x2b5be	 x15=0xab5bed3c
        4685000	       467	80000d44	f7a10303	lb	x6,-134(x2)	  x2:0x80008420  x6=0x00000078 PA:0x8000839a
        4695000	       468	80000d48	f6310d23	sb	x3,-134(x2)	  x2:0x80008420  x3:0x0000005d PA:0x8000839a
        4705000	       469	80000d4c	f7a11603	lh	x12,-134(x2)	  x2:0x80008420 x12=0xffffb75d PA:0x8000839a
        4715000	       470	80000d50	f7a15a03	lhu	x20,-134(x2)	  x2:0x80008420 x20=0x0000b75d PA:0x8000839a
        4725000	       471	80000d54	f7511d23	sh	x21,-134(x2)	  x2:0x80008420 x21:0x0000007e PA:0x8000839a
        4735000	       472	80000d58	f7811d23	sh	x24,-134(x2)	  x2:0x80008420 x24:0xffffb4bd PA:0x8000839a
        4745000	       473	80000d5c	00008a97	auipc	x21,0x8	 x21=0x80008d58
        4755000	       474	80000d60	e45a8a93	addi	x21,x21,-443	 x21:0x80008d58 x21=0x80008b9d
        4765000	       475	80000d64	00008e17	auipc	x28,0x8	 x28=0x80008d60
        4775000	       476	80000d68	21de0e13	addi	x28,x28,541	 x28:0x80008d60 x28=0x80008f7d
        4785000	       477	80000d6c	00008897	auipc	x17,0x8	 x17=0x80008d68
        4795000	       478	80000d70	1aa88893	addi	x17,x17,426	 x17:0x80008d68 x17=0x80008f12
        4805000	       479	80000d74	8fbe0c23	sb	x27,-1800(x28)	 x28:0x80008f7d x27:0xfffffff8 PA:0x80008875
        4815000	       480	80000d78	017ace83	lbu	x29,23(x21)	 x21:0x80008b9d x29=0x00000015 PA:0x80008bb4
        4825000	       481	80000d7c	beae0923	sb	x10,-1038(x28)	 x28:0x80008f7d x10:0x28bf11a0 PA:0x80008b6f
        4835000	       482	80000d80	00008617	auipc	x12,0x8	 x12=0x80008d7c
        4845000	       483	80000d84	09f60613	addi	x12,x12,159	 x12:0x80008d7c x12=0x80008e1b
        4855000	       484	80000d88	01160523	sb	x17,10(x12)	 x12:0x80008e1b x17:0x80008f12 PA:0x80008e25
        4865000	       485	80000d8c	015ada03	lhu	x20,21(x21)	 x21:0x80008b9d x20=0x0000e67f PA:0x80008bb2
        4875000	       486	80000d90	00008797	auipc	x15,0x8	 x15=0x80008d8c
        4885000	       487	80000d94	0af78793	addi	x15,x15,175	 x15:0x80008d8c x15=0x80008e3b
        4895000	       488	80000d98	11678523	sb	x22,266(x15)	 x15:0x80008e3b x22:0x00000042 PA:0x80008f45
        4905000	       489	80000d9c	fe1a8183	lb	x3,-31(x21)	 x21:0x80008b9d  x3=0xffffffe6 PA:0x80008b7e
        4915000	       490	80000da0	ff864583	lbu	x11,-8(x12)	 x12:0x80008e1b x11=0x00000093 PA:0x80008e13
        4925000	       491	80000da4	bf6e0523	sb	x22,-1046(x28)	 x28:0x80008f7d x22:0x00000042 PA:0x80008b67
        4935000	       492	80000da8	c917ab03	lw	x22,-879(x15)	 x15:0x80008e3b x22=0xee8f1bff PA:0x80008acc
        4945000	       493	80000dac	015acb03	lbu	x22,21(x21)	 x21:0x80008b9d x22=0x0000007f PA:0x80008bb2
        4955000	       494	80000db0	00c64203	lbu	x4,12(x12)	 x12:0x80008e1b  x4=0x00000039 PA:0x80008e27
        4965000	       495	00000000	00000013	addi	x0,x0,0	  x0:0x00000000
        4975000	       496	80000db4	00488a03	lb	x20,4(x17)	 x17:0x80008f12 x20=0x00000014 PA:0x80008f16
        4985000	       497	80000db8	ff264283	lbu	x5,-14(x12)	 x12:0x80008e1b  x5=0x0000003f PA:0x80008e0d
        4995000	       498	80000dbc	0248d583	lhu	x11,36(x17)	 x17:0x80008f12 x11=0x00007cdd PA:0x80008f36
        5005000	       499	80000dc0	00a60083	lb	x1,10(x12)	 x12:0x80008e1b  x1=0x00000012 PA:0x80008e25
        5015000	       500	00000000	00000013	addi	x0,x0,0	  x0:0x00000000
        5025000	       501	80000dc4	981e0323	sb	x1,-1658(x28)	 x28:0x80008f7d  x1:0x00000012 PA:0x80008903
        5035000	       502	80000dc8	ffa8dd83	lhu	x27,-6(x17)	 x17:0x80008f12 x27=0x000032a4 PA:0x80008f0c
        5045000	       503	80000dcc	ca27c203	lbu	x4,-862(x15)	 x15:0x80008e3b  x4=0x00000051 PA:0x80008add
        5055000	       504	80000dd0	0168c483	lbu	x9,22(x17)	 x17:0x80008f12  x9=0x000000ad PA:0x80008f28
        5065000	       505	80000dd4	fc6a8983	lb	x19,-58(x21)	 x21:0x80008b9d x19=0x0000000c PA:0x80008b63
        5075000	       506	80000dd8	ff160d23	sb	x17,-6(x12)	 x12:0x80008e1b x17:0x80008f12 PA:0x80008e15
        5085000	       507	80000ddc	006883a3	sb	x6,7(x17)	 x17:0x80008f12  x6:0x00000078 PA:0x80008f19
        5095000	       508	80000de0	c6578223	sb	x5,-924(x15)	 x15:0x80008e3b  x5:0x0000003f PA:0x80008a9f
        5105000	       509	80000de4	ffbadf03	lhu	x30,-5(x21)	 x21:0x80008b9d x30=0x0000921d PA:0x80008b98
        5115000	       510	80000de8	dfbe0323	sb	x27,-538(x28)	 x28:0x80008f7d x27:0x000032a4 PA:0x80008d63
        5125000	       511	80000dec	03c8c283	lbu	x5,60(x17)	 x17:0x80008f12  x5=0x0000004d PA:0x80008f4e
        5135000	       512	80000df0	c267cc83	lbu	x25,-986(x15)	 x15:0x80008e3b x25=0x00000083 PA:0x80008a61
        5145000	       513	00000000	00000013	addi	x0,x0,0	  x0:0x00000000
        5155000	       514	80000df4	c39798a3	sh	x25,-975(x15)	 x15:0x80008e3b x25:0x00000083 PA:0x80008a6c
        5165000	       515	80000df8	019adb03	lhu	x22,25(x21)	 x21:0x80008b9d x22=0x0000df2e PA:0x80008bb6
        5175000	       516	80000dfc	03e886a3	sb	x30,45(x17)	 x17:0x80008f12 x30:0x0000921d PA:0x80008f3f
        5185000	       517	80000e00	00008497	auipc	x9,0x8	  x9=0x80008dfc
        5195000	       518	80000e04	a2e48493	addi	x9,x9,-1490	  x9:0x80008dfc  x9=0x8000882a
        5205000	       519	80000e08	a9ede597	auipc	x11,0xa9ede	 x11=0x29edee04
        5215000	       520	80000e0c	40cddeb3	sra	x29,x27,x12	 x27:0x000032a4 x12:0x80008e1b x29=0x00000000
        5225000	       521	80000e10	003efb33	and	x22,x29,x3	 x29:0x00000000  x3:0xffffffe6 x22=0x00000000
        5235000	       522	80000e14	25567e13	andi	x28,x12,597	 x12:0x80008e1b x28=0x00000211
        5245000	       523	80000e18	d6374213	xori	x4,x14,-669	 x14:0x0000007e  x4=0xfffffd1d
        5255000	       524	80000e1c	6724de03	lhu	x28,1650(x9)	  x9:0x8000882a x28=0x0000d47e PA:0x80008e9c
        5265000	       525	80000e20	09d48c83	lb	x25,157(x9)	  x9:0x8000882a x25=0x0000004d PA:0x800088c7
        5275000	       526	80000e24	9776f113	andi	x2,x13,-1673	 x13:0x00000003  x2=0x00000003
        5285000	       527	80000e28	07a49823	sh	x26,112(x9)	  x9:0x8000882a x26:0x000000f9 PA:0x8000889a
        5295000	       528	80000e2c	00adba33	sltu	x20,x27,x10	 x27:0x000032a4 x10:0x28bf11a0 x20=0x00000001
        5305000	       529	80000e30	01967fb3	and	x31,x12,x25	 x12:0x80008e1b x25:0x0000004d x31=0x00000009
        5315000	       530	80000e34	00d75b33	srl	x22,x14,x13	 x14:0x0000007e x13:0x00000003 x22=0x0000000f
        5325000	       531	80000e38	2cb488a3	sb	x11,721(x9)	  x9:0x8000882a x11:0x29edee04 PA:0x80008afb
        5335000	       532	80000e3c	29b49323	sh	x27,646(x9)	  x9:0x8000882a x27:0x000032a4 PA:0x80008ab0
        5345000	       533	80000e40	05d488a3	sb	x29,81(x9)	  x9:0x8000882a x29:0x00000000 PA:0x8000887b
        5355000	       534	80000e44	003747b3	xor	x15,x14,x3	 x14:0x0000007e  x3:0xffffffe6 x15=0xffffff98
        5365000	       535	80000e48	54049283	lh	x5,1344(x9)	  x9:0x8000882a  x5=0xffffe8ed PA:0x80008d6a
        5375000	       536	80000e4c	ff47fe93	andi	x29,x15,-12	 x15:0xffffff98 x29=0xffffff90
        5385000	       537	80000e50	69449103	lh	x2,1684(x9)	  x9:0x8000882a  x2=0xffffea2b PA:0x80008ebe
        5395000	       538	80000e54	60849983	lh	x19,1544(x9)	  x9:0x8000882a x19=0x00006a65 PA:0x80008e32
        5405000	       539	80000e58	00000013	addi	x0,x0,0	  x0:0x00000000
        5415000	       540	80000e5c	0abcfab7	lui	x21,0xabcf	 x21=0x0abcf000
        5425000	       541	80000e60	24848283	lb	x5,584(x9)	  x9:0x8000882a  x5=0x00000060 PA:0x80008a72
        5435000	       542	80000e64	002b5633	srl	x12,x22,x2	 x22:0x0000000f  x2:0xffffea2b x12=0x00000000
        5445000	       543	80000e68	2be4d883	lhu	x17,702(x9)	  x9:0x8000882a x17=0x00004d96 PA:0x80008ae8
        5455000	       544	80000e6c	00008b17	auipc	x22,0x8	 x22=0x80008e68
        5465000	       545	80000e70	91eb0b13	addi	x22,x22,-1762	 x22:0x80008e68 x22=0x80008786
        5475000	       546	80000e74	038b5603	lhu	x12,56(x22)	 x22:0x80008786 x12=0x000044df PA:0x800087be
        5485000	       547	80000e78	085b4983	lbu	x19,133(x22)	 x22:0x80008786 x19=0x000000f3 PA:0x8000880b
        5495000	       548	80000e7c	404184b3	sub	x9,x3,x4	  x3:0xffffffe6  x4:0xfffffd1d  x9=0x000002c9
        5505000	       549	80000e80	7feabb93	sltiu	x23,x21,2046	 x21:0x0abcf000 x23=0x00000000
        5515000	       550	80000e84	f47b0303	lb	x6,-185(x22)	 x22:0x80008786  x6=0x00000029 PA:0x800086cd
        5525000	       551	80000e88	01ea4733	xor	x14,x20,x30	 x20:0x00000001 x30:0x0000921d x14=0x0000921c
        5535000	       552	80000e8c	0181a933	slt	x18,x3,x24	  x3:0xffffffe6 x24:0xffffb4bd x18=0x00000000
        5545000	       553	80000e90	0006d033	srl	x0,x13,x0	 x13:0x00000003  x0:0x00000000
        5555000	       554	80000e94	00b261b3	or	x3,x4,x11	  x4:0xfffffd1d x11:0x29edee04  x3=0xffffff1d
        5565000	       555	80000e98	4044da13	srai	x20,x9,0x4	  x9:0x000002c9 x20=0x0000002c
        5575000	       556	80000e9c	f68b08a3	sb	x8,-143(x22)	 x22:0x80008786  x8:0x80009fc4 PA:0x800086f7
        5585000	       557	80000ea0	415c0db3	sub	x27,x24,x21	 x24:0xffffb4bd x21:0x0abcf000 x27=0xf542c4bd
        5595000	       558	80000ea4	f7cb5583	lhu	x11,-132(x22)	 x22:0x80008786 x11=0x0000c9e3 PA:0x80008702
        5605000	       559	80000ea8	03fb0da3	sb	x31,59(x22)	 x22:0x80008786 x31:0x00000009 PA:0x800087c1
        5615000	       560	80000eac	00301933	sll	x18,x0,x3	  x0:0x00000000  x3:0xffffff1d x18=0x00000000
        5625000	       561	80000eb0	40445093	srai	x1,x8,0x4	  x8:0x80009fc4  x1=0xf80009fc
        5635000	       562	80000eb4	017df0b3	and	x1,x27,x23	 x27:0xf542c4bd x23:0x00000000  x1=0x00000000
        5645000	       563	80000eb8	5ea75e97	auipc	x29,0x5ea75	 x29=0xdea75eb4
        5655000	       564	80000ebc	fe01f293	andi	x5,x3,-32	  x3:0xffffff1d  x5=0xffffff00
        5665000	       565	80000ec0	004d21b3	slt	x3,x26,x4	 x26:0x000000f9  x4:0xfffffd1d  x3=0x00000000
        5675000	       566	80000ec4	68683813	sltiu	x16,x16,1670	 x16:0x00000038 x16=0x00000001
        5685000	       567	80000ec8	01d84c33	xor	x24,x16,x29	 x16:0x00000001 x29:0xdea75eb4 x24=0xdea75eb5
        5695000	       568	80000ecc	2f808c13	addi	x24,x1,760	  x1:0x00000000 x24=0x000002f8
        5705000	       569	80000ed0	fcab0f03	lb	x30,-54(x22)	 x22:0x80008786 x30=0x00000023 PA:0x80008750
        5715000	       570	80000ed4	907cc913	xori	x18,x25,-1785	 x25:0x0000004d x18=0xfffff94a
        5725000	       571	80000ed8	01f667b3	or	x15,x12,x31	 x12:0x000044df x31:0x00000009 x15=0x000044df
        5735000	       572	80000edc	fd6b0923	sb	x22,-46(x22)	 x22:0x80008786 x22:0x80008786 PA:0x80008758
        5745000	       573	80000ee0	004cc7b3	xor	x15,x25,x4	 x25:0x0000004d  x4:0xfffffd1d x15=0xfffffd50
        5755000	       574	80000ee4	fe5b4083	lbu	x1,-27(x22)	 x22:0x80008786  x1=0x00000085 PA:0x8000876b
        5765000	       575	80000ee8	ff4b4b83	lbu	x23,-12(x22)	 x22:0x80008786 x23=0x00000091 PA:0x8000877a
        5775000	       576	80000eec	010f98b3	sll	x17,x31,x16	 x31:0x00000009 x16:0x00000001 x17=0x00000012
        5785000	       577	80000ef0	401102b3	sub	x5,x2,x1	  x2:0xffffea2b  x1:0x00000085  x5=0xffffe9a6
        5795000	       578	80000ef4	097b07a3	sb	x23,143(x22)	 x22:0x80008786 x23:0x00000091 PA:0x80008815
        5805000	       579	80000ef8	56063717	auipc	x14,0x56063	 x14=0xd6063ef4
        5815000	       580	80000efc	01255593	srli	x11,x10,0x12	 x10:0x28bf11a0 x11=0x00000a2f
        5825000	       581	80000f00	f48b0ca3	sb	x8,-167(x22)	 x22:0x80008786  x8:0x80009fc4 PA:0x800086df
        5835000	       582	80000f04	00d57833	and	x16,x10,x13	 x10:0x28bf11a0 x13:0x00000003 x16=0x00000000
        5845000	       583	80000f08	571a5c17	auipc	x24,0x571a5	 x24=0xd71a5f04
        5855000	       584	80000f0c	64213693	sltiu	x13,x2,1602	  x2:0xffffea2b x13=0x00000000
        5865000	       585	80000f10	cf3fc813	xori	x16,x31,-781	 x31:0x00000009 x16=0xfffffcfa
        5875000	       586	80000f14	06db1d23	sh	x13,122(x22)	 x22:0x80008786 x13:0x00000000 PA:0x80008800
        5885000	       587	80000f18	090b0a83	lb	x21,144(x22)	 x22:0x80008786 x21=0xfffffffb PA:0x80008816
        5895000	       588	80000f1c	00007217	auipc	x4,0x7	  x4=0x80007f18
        5905000	       589	80000f20	35820213	addi	x4,x4,856	  x4:0x80007f18  x4=0x80008270
        5915000	       590	80000f24	ff520c83	lb	x25,-11(x4)	  x4:0x80008270 x25=0x00000078 PA:0x80008265
        5925000	       591	80000f28	0070ab33	slt	x22,x1,x7	  x1:0x00000085  x7:0x80009f48 x22=0x00000000
        5935000	       592	80000f2c	00720183	lb	x3,7(x4)	  x4:0x80008270  x3=0xffffffd7 PA:0x80008277
        5945000	       593	80000f30	00f20223	sb	x15,4(x4)	  x4:0x80008270 x15:0xfffffd50 PA:0x80008274
        5955000	       594	80000f34	fe920ba3	sb	x9,-9(x4)	  x4:0x80008270  x9:0x000002c9 PA:0x80008267
        5965000	       595	80000f38	00620c03	lb	x24,6(x4)	  x4:0x80008270 x24=0x0000003d PA:0x80008276
        5975000	       596	80000f3c	ffc20923	sb	x28,-14(x4)	  x4:0x80008270 x28:0x0000d47e PA:0x80008262
        5985000	       597	80000f40	ffe20c83	lb	x25,-2(x4)	  x4:0x80008270 x25=0xfffffffc PA:0x8000826e
        5995000	       598	80000f44	ff320da3	sb	x19,-5(x4)	  x4:0x80008270 x19:0x000000f3 PA:0x8000826b
        6005000	       599	80000f48	00920483	lb	x9,9(x4)	  x4:0x80008270  x9=0x00000069 PA:0x80008279
        6015000	       600	80000f4c	01e20323	sb	x30,6(x4)	  x4:0x80008270 x30:0x00000023 PA:0x80008276
        6025000	       601	80000f50	ff221a83	lh	x21,-14(x4)	  x4:0x80008270 x21=0x0000077e PA:0x80008262
        6035000	       602	80000f54	ff320823	sb	x19,-16(x4)	  x4:0x80008270 x19:0x000000f3 PA:0x80008260
        6045000	       603	80000f58	027bba97	auipc	x21,0x27bb	 x21=0x827bbf54
        6055000	       604	80000f5c	9c5354b7	lui	x9,0x9c535	  x9=0x9c535000
        6065000	       605	80000f60	d986e813	ori	x16,x13,-616	 x13:0x00000000 x16=0xfffffd98
        6075000	       606	80000f64	ff520e83	lb	x29,-11(x4)	  x4:0x80008270 x29=0x00000078 PA:0x80008265
        6085000	       607	80000f68	00621883	lh	x17,6(x4)	  x4:0x80008270 x17=0xffffd723 PA:0x80008276
        6095000	       608	80000f6c	fe7208a3	sb	x7,-15(x4)	  x4:0x80008270  x7:0x80009f48 PA:0x80008261
        6105000	       609	80000f70	ff025283	lhu	x5,-16(x4)	  x4:0x80008270  x5=0x000048f3 PA:0x80008260
        6115000	       610	80000f74	01022b03	lw	x22,16(x4)	  x4:0x80008270 x22=0xdfab2fde PA:0x80008280
        6125000	       611	80000f78	fff24983	lbu	x19,-1(x4)	  x4:0x80008270 x19=0x0000005e PA:0x8000826f
        6135000	       612	80000f7c	18d83113	sltiu	x2,x16,397	 x16:0xfffffd98  x2=0x00000000
        6145000	       613	80000f80	009204a3	sb	x9,9(x4)	  x4:0x80008270  x9:0x9c535000 PA:0x80008279
        6155000	       614	80000f84	ffe24283	lbu	x5,-2(x4)	  x4:0x80008270  x5=0x000000fc PA:0x8000826e
        6165000	       615	80000f88	ce10b093	sltiu	x1,x1,-799	  x1:0x00000085  x1=0x00000001
        6175000	       616	80000f8c	005204a3	sb	x5,9(x4)	  x4:0x80008270  x5:0x000000fc PA:0x80008279
        6185000	       617	80000f90	00d20323	sb	x13,6(x4)	  x4:0x80008270 x13:0x00000000 PA:0x80008276
        6195000	       618	80000f94	01986c33	or	x24,x16,x25	 x16:0xfffffd98 x25:0xfffffffc x24=0xfffffffc
        6205000	       619	80000f98	ff320983	lb	x19,-13(x4)	  x4:0x80008270 x19=0x00000007 PA:0x80008263
        6215000	       620	80000f9c	89c86813	ori	x16,x16,-1892	 x16:0xfffffd98 x16=0xfffffd9c
        6225000	       621	80000fa0	00000013	addi	x0,x0,0	  x0:0x00000000
        6235000	       622	80000fa4	40dd4d13	xori	x26,x26,1037	 x26:0x000000f9 x26=0x000004f4
        6245000	       623	80000fa8	00f24183	lbu	x3,15(x4)	  x4:0x80008270  x3=0x00000040 PA:0x8000827f
        6255000	       624	80000fac	00f20083	lb	x1,15(x4)	  x4:0x80008270  x1=0x00000040 PA:0x8000827f
        6265000	       625	80000fb0	00a21683	lh	x13,10(x4)	  x4:0x80008270 x13=0x00002c65 PA:0x8000827a
        6275000	       626	80000fb4	00624883	lbu	x17,6(x4)	  x4:0x80008270 x17=0x00000000 PA:0x80008276
        6285000	       627	80000fb8	174c3b37	lui	x22,0x174c3	 x22=0x174c3000
        6295000	       628	80000fbc	ffd21923	sh	x29,-14(x4)	  x4:0x80008270 x29:0x00000078 PA:0x80008262
        6305000	       629	80000fc0	00008d97	auipc	x27,0x8	 x27=0x80008fbc
        6315000	       630	80000fc4	f05d8d93	addi	x27,x27,-251	 x27:0x80008fbc x27=0x80008ec1
        6325000	       631	80000fc8	00008f97	auipc	x31,0x8	 x31=0x80008fc4
        6335000	       632	80000fcc	9a3f8f93	addi	x31,x31,-1629	 x31:0x80008fc4 x31=0x80008967
        6345000	       633	80000fd0	00008597	auipc	x11,0x8	 x11=0x80008fcc
        6355000	       634	80000fd4	97658593	addi	x11,x11,-1674	 x11:0x80008fcc x11=0x80008942
        6365000	       635	80000fd8	2c45c683	lbu	x13,708(x11)	 x11:0x80008942 x13=0x0000004b PA:0x80008c06
        6375000	       636	80000fdc	42c59023	sh	x12,1056(x11)	 x11:0x80008942 x12:0x000044df PA:0x80008d62
        6385000	       637	80000fe0	0d8fcf03	lbu	x30,216(x31)	 x31:0x80008967 x30=0x00000029 PA:0x80008a3f
        6395000	       638	80000fe4	ff9d9f03	lh	x30,-7(x27)	 x27:0x80008ec1 x30=0x000027cc PA:0x80008eba
        6405000	       639	80000fe8	029fdc03	lhu	x24,41(x31)	 x31:0x80008967 x24=0x00005372 PA:0x80008990
        6415000	       640	80000fec	f5df85a3	sb	x29,-181(x31)	 x31:0x80008967 x29:0x00000078 PA:0x800088b2
        6425000	       641	80000ff0	013f8303	lb	x6,19(x31)	 x31:0x80008967  x6=0x0000003c PA:0x8000897a
        6435000	       642	80000ff4	00008897	auipc	x17,0x8	 x17=0x80008ff0
        6445000	       643	80000ff8	9d288893	addi	x17,x17,-1582	 x17:0x80008ff0 x17=0x800089c2
        6455000	       644	80000ffc	f9dfa2a3	sw	x29,-123(x31)	 x31:0x80008967 x29:0x00000078 PA:0x800088ec
        6465000	       645	80001000	42358da3	sb	x3,1083(x11)	 x11:0x80008942  x3:0x00000040 PA:0x80008d7d
        6475000	       646	80001004	0098a723	sw	x9,14(x17)	 x17:0x800089c2  x9:0x9c535000 PA:0x800089d0
        6485000	       647	80001008	025f80a3	sb	x5,33(x31)	 x31:0x80008967  x5:0x000000fc PA:0x80008988
        6495000	       648	8000100c	f1bfdb83	lhu	x23,-229(x31)	 x31:0x80008967 x23=0x00003437 PA:0x80008882
        6505000	       649	80001010	00188303	lb	x6,1(x17)	 x17:0x800089c2  x6=0xfffffff2 PA:0x800089c3
        6515000	       650	80001014	fe589e23	sh	x5,-4(x17)	 x17:0x800089c2  x5:0x000000fc PA:0x800089be
        6525000	       651	80001018	ff5dd203	lhu	x4,-11(x27)	 x27:0x80008ec1  x4=0x000023e6 PA:0x80008eb6
        6535000	       652	8000101c	f8ff8d23	sb	x15,-102(x31)	 x31:0x80008967 x15:0xfffffd50 PA:0x80008901
        6545000	       653	80001020	19858ca3	sb	x24,409(x11)	 x11:0x80008942 x24:0x00005372 PA:0x80008adb
        6555000	       654	80001024	46d5c203	lbu	x4,1133(x11)	 x11:0x80008942  x4=0x0000009b PA:0x80008daf
        6565000	       655	80001028	ff3dada3	sw	x19,-5(x27)	 x27:0x80008ec1 x19:0x00000007 PA:0x80008ebc
        6575000	       656	8000102c	f4b58683	lb	x13,-181(x11)	 x11:0x80008942 x13=0xffffff85 PA:0x8000888d
        6585000	       657	80001030	ff188303	lb	x6,-15(x17)	 x17:0x800089c2  x6=0x00000051 PA:0x800089b3
        6595000	       658	80001034	1eb582a3	sb	x11,485(x11)	 x11:0x80008942 x11:0x80008942 PA:0x80008b27
        6605000	       659	80001038	003dc203	lbu	x4,3(x27)	 x27:0x80008ec1  x4=0x00000046 PA:0x80008ec4
        6615000	       660	8000103c	07e59c23	sh	x30,120(x11)	 x11:0x80008942 x30:0x000027cc PA:0x800089ba
        6625000	       661	80001040	0e6f8283	lb	x5,230(x31)	 x31:0x80008967  x5=0xffffffb5 PA:0x80008a4d
        6635000	       662	80001044	007d8c03	lb	x24,7(x27)	 x27:0x80008ec1 x24=0xffffffb2 PA:0x80008ec8
        6645000	       663	80001048	00588c03	lb	x24,5(x17)	 x17:0x800089c2 x24=0xffffffdf PA:0x800089c7
        6655000	       664	00000000	00000013	addi	x0,x0,0	  x0:0x00000000
        6665000	       665	8000104c	078fcf03	lbu	x30,120(x31)	 x31:0x80008967 x30=0x000000e0 PA:0x800089df
        6675000	       666	80001050	37c5de03	lhu	x28,892(x11)	 x11:0x80008942 x28=0x00000e89 PA:0x80008cbe
        6685000	       667	80001054	65258983	lb	x19,1618(x11)	 x11:0x80008942 x19=0x00000039 PA:0x80008f94
        6695000	       668	80001058	ff4d8683	lb	x13,-12(x27)	 x27:0x80008ec1 x13=0x0000005a PA:0x80008eb5
        6705000	       669	8000105c	00000013	addi	x0,x0,0	  x0:0x00000000
        6715000	       670	80001060	0078b0b3	sltu	x1,x17,x7	 x17:0x800089c2  x7:0x80009f48  x1=0x00000001
        6725000	       671	80001064	4088de33	sra	x28,x17,x8	 x17:0x800089c2  x8:0x80009fc4 x28=0xf800089c
        6735000	       672	80001068	a3d05ab7	lui	x21,0xa3d05	 x21=0xa3d05000
        6745000	       673	8000106c	840b0913	addi	x18,x22,-1984	 x22:0x174c3000 x18=0x174c2840
        6755000	       674	80001070	eb5cf793	andi	x15,x25,-331	 x25:0xfffffffc x15=0xfffffeb4
        6765000	       675	80001074	00de5c13	srli	x24,x28,0xd	 x28:0xf800089c x24=0x0007c000
        6775000	       676	80001078	022e9e63	bne	x29,x2,800010b4	 x29:0x00000078  x2:0x00000000
        6785000	       677	00000000	00000013	addi	x0,x0,0	  x0:0x00000000
        6795000	       678	800010b0	00000013	addi	x0,x0,0	  x0:0x00000000
        6805000	       679	800010b4	25e68813	addi	x16,x13,606	 x13:0x0000005a x16=0x000002b8
        6815000	       680	800010b8	41575bb3	sra	x23,x14,x21	 x14:0xd6063ef4 x21:0xa3d05000 x23=0xd6063ef4
        6825000	       681	800010bc	404f58b3	sra	x17,x30,x4	 x30:0x000000e0  x4:0x00000046 x17=0x00000003
        6835000	       682	800010c0	007c6d33	or	x26,x24,x7	 x24:0x0007c000  x7:0x80009f48 x26=0x8007df48
        6845000	       683	800010c4	1488ba13	sltiu	x20,x17,328	 x17:0x00000003 x20=0x00000001
        6855000	       684	800010c8	b9092b93	slti	x23,x18,-1136	 x18:0x174c2840 x23=0x00000000
        6865000	       685	800010cc	0170beb3	sltu	x29,x1,x23	  x1:0x00000001 x23:0x00000000 x29=0x00000000
        6875000	       686	800010d0	57202613	slti	x12,x0,1394	  x0:0x00000000 x12=0x00000001
        6885000	       687	800010d4	4027dcb3	sra	x25,x15,x2	 x15:0xfffffeb4  x2:0x00000000 x25=0xfffffeb4
        6895000	       688	800010d8	016241b3	xor	x3,x4,x22	  x4:0x00000046 x22:0x174c3000  x3=0x174c3046
        6905000	       689	800010dc	01bc1813	slli	x16,x24,0x1b	 x24:0x0007c000 x16=0x00000000
        6915000	       690	800010e0	412ed493	srai	x9,x29,0x12	 x29:0x00000000  x9=0x00000000
        6925000	       691	800010e4	4f4c7313	andi	x6,x24,1268	 x24:0x0007c000  x6=0x00000000
        6935000	       692	800010e8	0014ce63	blt	x9,x1,80001104	  x9:0x00000000  x1:0x00000001
        6945000	       693	00000000	00000013	addi	x0,x0,0	  x0:0x00000000
        6955000	       694	80001100	00000013	addi	x0,x0,0	  x0:0x00000000
        6965000	       695	80001104	02c71863	bne	x14,x12,80001134	 x14:0xd6063ef4 x12:0x00000001
        6975000	       696	00000000	00000013	addi	x0,x0,0	  x0:0x00000000
        6985000	       697	80001130	00000013	addi	x0,x0,0	  x0:0x00000000
        6995000	       698	80001134	011071b3	and	x3,x0,x17	  x0:0x00000000 x17:0x00000003  x3=0x00000000
        7005000	       699	80001138	015894b3	sll	x9,x17,x21	 x17:0x00000003 x21:0xa3d05000  x9=0x00000003
        7015000	       700	8000113c	01501d33	sll	x26,x0,x21	  x0:0x00000000 x21:0xa3d05000 x26=0x00000000
        7025000	       701	80001140	0055fc63	bgeu	x11,x5,80001158	 x11:0x80008942  x5:0xffffffb5
        7035000	       702	80001144	bb943e13	sltiu	x28,x8,-1095	  x8:0x80009fc4 x28=0x00000001
        7045000	       703	80001148	00000013	addi	x0,x0,0	  x0:0x00000000
        7055000	       704	8000114c	9bf33d13	sltiu	x26,x6,-1601	  x6:0x00000000 x26=0x00000001
        7065000	       705	80001150	04370463	beq	x14,x3,80001198	 x14:0xd6063ef4  x3:0x00000000
        7075000	       706	80001154	414bd193	srai	x3,x23,0x14	 x23:0x00000000  x3=0x00000000
        7085000	       707	80001158	036f1063	bne	x30,x22,80001178	 x30:0x000000e0 x22:0x174c3000
        7095000	       708	00000000	00000013	addi	x0,x0,0	  x0:0x00000000
        7105000	       709	80001174	00000013	addi	x0,x0,0	  x0:0x00000000
        7115000	       710	80001178	40b4d333	sra	x6,x9,x11	  x9:0x00000003 x11:0x80008942  x6=0x00000000
        7125000	       711	8000117c	01d35493	srli	x9,x6,0x1d	  x6:0x00000000  x9=0x00000000
        7135000	       712	80001180	0112d4b3	srl	x9,x5,x17	  x5:0xffffffb5 x17:0x00000003  x9=0x1ffffff6
        7145000	       713	80001184	0445f063	bgeu	x11,x4,800011c4	 x11:0x80008942  x4:0x00000046
        7155000	       714	00000000	00000013	addi	x0,x0,0	  x0:0x00000000
        7165000	       715	800011c0	00000013	addi	x0,x0,0	  x0:0x00000000
        7175000	       716	800011c4	02f26063	bltu	x4,x15,800011e4	  x4:0x00000046 x15:0xfffffeb4
        7185000	       717	00000000	00000013	addi	x0,x0,0	  x0:0x00000000
        7195000	       718	800011e0	00000013	addi	x0,x0,0	  x0:0x00000000
        7205000	       719	800011e4	00261b33	sll	x22,x12,x2	 x12:0x00000001  x2:0x00000000 x22=0x00000001
        7215000	       720	800011e8	754dc813	xori	x16,x27,1876	 x27:0x80008ec1 x16=0x80008995
        7225000	       721	800011ec	41e1ce13	xori	x28,x3,1054	  x3:0x00000000 x28=0x0000041e
        7235000	       722	800011f0	02d50063	beq	x10,x13,80001210	 x10:0x28bf11a0 x13:0x0000005a
        7245000	       723	800011f4	01f1f0b3	and	x1,x3,x31	  x3:0x00000000 x31:0x80008967  x1=0x00000000
        7255000	       724	800011f8	00b99c93	slli	x25,x19,0xb	 x19:0x00000039 x25=0x0001c800
        7265000	       725	800011fc	fdb36117	auipc	x2,0xfdb36	  x2=0x7db371f8
        7275000	       726	80001200	00f66933	or	x18,x12,x15	 x12:0x00000001 x15:0xfffffeb4 x18=0xfffffeb5
        7285000	       727	80001204	00c070b3	and	x1,x0,x12	  x0:0x00000000 x12:0x00000001  x1=0x00000000
        7295000	       728	80001208	b8358017	auipc	x0,0xb8358	
        7305000	       729	8000120c	34f33913	sltiu	x18,x6,847	  x6:0x00000000 x18=0x00000001
        7315000	       730	80001210	00926933	or	x18,x4,x9	  x4:0x00000046  x9:0x1ffffff6 x18=0x1ffffff6
        7325000	       731	80001214	003720b3	slt	x1,x14,x3	 x14:0xd6063ef4  x3:0x00000000  x1=0x00000001
        7335000	       732	80001218	005c56b3	srl	x13,x24,x5	 x24:0x0007c000  x5:0xffffffb5 x13=0x00000000
        7345000	       733	8000121c	41690233	sub	x4,x18,x22	 x18:0x1ffffff6 x22:0x00000001  x4=0x1ffffff5
        7355000	       734	80001220	00a9c0b3	xor	x1,x19,x10	 x19:0x00000039 x10:0x28bf11a0  x1=0x28bf1199
        7365000	       735	80001224	5059ec13	ori	x24,x19,1285	 x19:0x00000039 x24=0x0000053d
        7375000	       736	80001228	412c5db3	sra	x27,x24,x18	 x24:0x0000053d x18:0x1ffffff6 x27=0x00000000
        7385000	       737	8000122c	022b1c63	bne	x22,x2,80001264	 x22:0x00000001  x2:0x7db371f8
        7395000	       738	00000000	00000013	addi	x0,x0,0	  x0:0x00000000
        7405000	       739	80001260	00000013	addi	x0,x0,0	  x0:0x00000000
        7415000	       740	80001264	403554b3	sra	x9,x10,x3	 x10:0x28bf11a0  x3:0x00000000  x9=0x28bf11a0
        7425000	       741	80001268	41458033	sub	x0,x11,x20	 x11:0x80008942 x20:0x00000001
        7435000	       742	8000126c	01e3d293	srli	x5,x7,0x1e	  x7:0x80009f48  x5=0x00000002
        7445000	       743	80001270	0008d613	srli	x12,x17,0x0	 x17:0x00000003 x12=0x00000003
        7455000	       744	80001274	00000013	addi	x0,x0,0	  x0:0x00000000
        7465000	       745	80001278	f61e0b93	addi	x23,x28,-159	 x28:0x0000041e x23=0x0000037f
        7475000	       746	8000127c	54220d93	addi	x27,x4,1346	  x4:0x1ffffff5 x27=0x20000537
        7485000	       747	80001280	00000013	addi	x0,x0,0	  x0:0x00000000
        7495000	       748	80001284	34084217	auipc	x4,0x34084	  x4=0xb4085280
        7505000	       749	80001288	0572eb13	ori	x22,x5,87	  x5:0x00000002 x22=0x00000057
        7515000	       750	8000128c	005a4133	xor	x2,x20,x5	 x20:0x00000001  x5:0x00000002  x2=0x00000003
        7525000	       751	80001290	4e95a593	slti	x11,x11,1257	 x11:0x80008942 x11=0x00000001
        7535000	       752	80001294	001810b3	sll	x1,x16,x1	 x16:0x80008995  x1:0x28bf1199  x1=0x2a000000
        7545000	       753	80001298	01e27a33	and	x20,x4,x30	  x4:0xb4085280 x30:0x000000e0 x20=0x00000080
        7555000	       754	8000129c	00769613	slli	x12,x13,0x7	 x13:0x00000000 x12=0x00000000
        7565000	       755	800012a0	02308663	beq	x1,x3,800012cc	  x1:0x2a000000  x3:0x00000000
        7575000	       756	800012a4	00118bb3	add	x23,x3,x1	  x3:0x00000000  x1:0x2a000000 x23=0x2a000000
        7585000	       757	800012a8	3b246493	ori	x9,x8,946	  x8:0x80009fc4  x9=0x80009ff6
        7595000	       758	800012ac	008e97b3	sll	x15,x29,x8	 x29:0x00000000  x8:0x80009fc4 x15=0x00000000
        7605000	       759	800012b0	0109c033	xor	x0,x19,x16	 x19:0x00000039 x16:0x80008995
        7615000	       760	800012b4	00e36c63	bltu	x6,x14,800012cc	  x6:0x00000000 x14:0xd6063ef4
        7625000	       761	00000000	00000013	addi	x0,x0,0	  x0:0x00000000
        7635000	       762	800012c8	00000013	addi	x0,x0,0	  x0:0x00000000
        7645000	       763	800012cc	9f53bd37	lui	x26,0x9f53b	 x26=0x9f53b000
        7655000	       764	800012d0	ab872237	lui	x4,0xab872	  x4=0xab872000
        7665000	       765	800012d4	018dc5b3	xor	x11,x27,x24	 x27:0x20000537 x24:0x0000053d x11=0x2000000a
        7675000	       766	800012d8	01481013	slli	x0,x16,0x14	 x16:0x80008995
        7685000	       767	800012dc	4002d793	srai	x15,x5,0x0	  x5:0x00000002 x15=0x00000002
        7695000	       768	800012e0	b987c913	xori	x18,x15,-1128	 x15:0x00000002 x18=0xfffffb9a
        7705000	       769	800012e4	9f446993	ori	x19,x8,-1548	  x8:0x80009fc4 x19=0xfffffff4
        7715000	       770	800012e8	c6db4b93	xori	x23,x22,-915	 x22:0x00000057 x23=0xfffffc3a
        7725000	       771	800012ec	00d14a33	xor	x20,x2,x13	  x2:0x00000003 x13:0x00000000 x20=0x00000003
        7735000	       772	800012f0	039af063	bgeu	x21,x25,80001310	 x21:0xa3d05000 x25:0x0001c800
        7745000	       773	00000000	00000013	addi	x0,x0,0	  x0:0x00000000
        7755000	       774	8000130c	00000013	addi	x0,x0,0	  x0:0x00000000
        7765000	       775	80001310	0145fc63	bgeu	x11,x20,80001328	 x11:0x2000000a x20:0x00000003
        7775000	       776	00000000	00000013	addi	x0,x0,0	  x0:0x00000000
        7785000	       777	80001324	00000013	addi	x0,x0,0	  x0:0x00000000
        7795000	       778	80001328	6f9abd93	sltiu	x27,x21,1785	 x21:0xa3d05000 x27=0x00000000
        7805000	       779	8000132c	018cc863	blt	x25,x24,8000133c	 x25:0x0001c800 x24:0x0000053d
        7815000	       780	80001330	003fcc63	blt	x31,x3,80001348	 x31:0x80008967  x3:0x00000000
        7825000	       781	00000000	00000013	addi	x0,x0,0	  x0:0x00000000
        7835000	       782	80001344	00000013	addi	x0,x0,0	  x0:0x00000000
        7845000	       783	80001348	014d5833	srl	x16,x26,x20	 x26:0x9f53b000 x20:0x00000003 x16=0x13ea7600
        7855000	       784	8000134c	0c42ea13	ori	x20,x5,196	  x5:0x00000002 x20=0x000000c6
        7865000	       785	80001350	bc34d837	lui	x16,0xbc34d	 x16=0xbc34d000
        7875000	       786	80001354	41d90a33	sub	x20,x18,x29	 x18:0xfffffb9a x29:0x00000000 x20=0xfffffb9a
        7885000	       787	80001358	007e5d13	srli	x26,x28,0x7	 x28:0x0000041e x26=0x00000008
        7895000	       788	8000135c	00000013	addi	x0,x0,0	  x0:0x00000000
        7905000	       789	80001360	843f3717	auipc	x14,0x843f3	 x14=0x043f435c
        7915000	       790	80001364	054bf063	bgeu	x23,x20,800013a4	 x23:0xfffffc3a x20:0xfffffb9a
        7925000	       791	00000000	00000013	addi	x0,x0,0	  x0:0x00000000
        7935000	       792	800013a0	00000013	addi	x0,x0,0	  x0:0x00000000
        7945000	       793	800013a4	005648b3	xor	x17,x12,x5	 x12:0x00000000  x5:0x00000002 x17=0x00000002
        7955000	       794	800013a8	00e6ca33	xor	x20,x13,x14	 x13:0x00000000 x14:0x043f435c x20=0x043f435c
        7965000	       795	800013ac	41750733	sub	x14,x10,x23	 x10:0x28bf11a0 x23:0xfffffc3a x14=0x28bf1566
        7975000	       796	800013b0	61257113	andi	x2,x10,1554	 x10:0x28bf11a0  x2=0x00000000
        7985000	       797	800013b4	01e1c333	xor	x6,x3,x30	  x3:0x00000000 x30:0x000000e0  x6=0x000000e0
        7995000	       798	800013b8	40ba0e33	sub	x28,x20,x11	 x20:0x043f435c x11:0x2000000a x28=0xe43f4352
        8005000	       799	800013bc	3b406013	ori	x0,x0,948	  x0:0x00000000
        8015000	       800	800013c0	015dc6b3	xor	x13,x27,x21	 x27:0x00000000 x21:0xa3d05000 x13=0xa3d05000
        8025000	       801	800013c4	022a1e63	bne	x20,x2,80001400	 x20:0x043f435c  x2:0x00000000
        8035000	       802	00000000	00000013	addi	x0,x0,0	  x0:0x00000000
        8045000	       803	800013fc	00000013	addi	x0,x0,0	  x0:0x00000000
        8055000	       804	80001400	01951e33	sll	x28,x10,x25	 x10:0x28bf11a0 x25:0x0001c800 x28=0x28bf11a0
        8065000	       805	80001404	039bf863	bgeu	x23,x25,80001434	 x23:0xfffffc3a x25:0x0001c800
        8075000	       806	00000000	00000013	addi	x0,x0,0	  x0:0x00000000
        8085000	       807	80001430	00000013	addi	x0,x0,0	  x0:0x00000000
        8095000	       808	80001434	4e8d4a93	xori	x21,x26,1256	 x26:0x00000008 x21=0x000004e0
        8105000	       809	80001438	01b23bb3	sltu	x23,x4,x27	  x4:0xab872000 x27:0x00000000 x23=0x00000000
        8115000	       810	8000143c	674c2b17	auipc	x22,0x674c2	 x22=0xe74c3438
        8125000	       811	80001440	01a78633	add	x12,x15,x26	 x15:0x00000002 x26:0x00000008 x12=0x0000000a
        8135000	       812	80001444	5a02cb93	xori	x23,x5,1440	  x5:0x00000002 x23=0x000005a2
        8145000	       813	80001448	03f09063	bne	x1,x31,80001468	  x1:0x2a000000 x31:0x80008967
        8155000	       814	00000000	00000013	addi	x0,x0,0	  x0:0x00000000
        8165000	       815	80001464	00000013	addi	x0,x0,0	  x0:0x00000000
        8175000	       816	80001468	01d65463	bge	x12,x29,80001470	 x12:0x0000000a x29:0x00000000
        8185000	       817	00000000	00000013	addi	x0,x0,0	  x0:0x00000000
        8195000	       818	8000146c	00000013	addi	x0,x0,0	  x0:0x00000000
        8205000	       819	80001470	0336e663	bltu	x13,x19,8000149c	 x13:0xa3d05000 x19:0xfffffff4
        8215000	       820	00000000	00000013	addi	x0,x0,0	  x0:0x00000000
        8225000	       821	80001498	00000013	addi	x0,x0,0	  x0:0x00000000
        8235000	       822	8000149c	003b1e13	slli	x28,x22,0x3	 x22:0xe74c3438 x28=0x3a61a1c0
        8245000	       823	800014a0	019bf9b3	and	x19,x23,x25	 x23:0x000005a2 x25:0x0001c800 x19=0x00000000
        8255000	       824	800014a4	03934a63	blt	x6,x25,800014d8	  x6:0x000000e0 x25:0x0001c800
        8265000	       825	00000000	00000013	addi	x0,x0,0	  x0:0x00000000
        8275000	       826	800014d4	00000013	addi	x0,x0,0	  x0:0x00000000
        8285000	       827	800014d8	003f2ab3	slt	x21,x30,x3	 x30:0x000000e0  x3:0x00000000 x21=0x00000000
        8295000	       828	800014dc	02fb0863	beq	x22,x15,8000150c	 x22:0xe74c3438 x15:0x00000002
        8305000	       829	800014e0	01387133	and	x2,x16,x19	 x16:0xbc34d000 x19:0x00000000  x2=0x00000000
        8315000	       830	800014e4	01c88c93	addi	x25,x17,28	 x17:0x00000002 x25=0x0000001e
        8325000	       831	800014e8	05d85063	bge	x16,x29,80001528	 x16:0xbc34d000 x29:0x00000000
        8335000	       832	800014ec	0146d493	srli	x9,x13,0x14	 x13:0xa3d05000  x9=0x00000a3d
        8345000	       833	800014f0	012c5863	bge	x24,x18,80001500	 x24:0x0000053d x18:0xfffffb9a
        8355000	       834	00000000	00000013	addi	x0,x0,0	  x0:0x00000000
        8365000	       835	800014fc	00000013	addi	x0,x0,0	  x0:0x00000000
        8375000	       836	80001500	4be02913	slti	x18,x0,1214	  x0:0x00000000 x18=0x00000001
        8385000	       837	80001504	413ddcb3	sra	x25,x27,x19	 x27:0x00000000 x19:0x00000000 x25=0x00000000
        8395000	       838	80001508	003e7633	and	x12,x28,x3	 x28:0x3a61a1c0  x3:0x00000000 x12=0x00000000
        8405000	       839	8000150c	02cafc63	bgeu	x21,x12,80001544	 x21:0x00000000 x12:0x00000000
        8415000	       840	00000000	00000013	addi	x0,x0,0	  x0:0x00000000
        8425000	       841	80001540	00000013	addi	x0,x0,0	  x0:0x00000000
        8435000	       842	80001544	05a9d063	bge	x19,x26,80001584	 x19:0x00000000 x26:0x00000008
        8445000	       843	80001548	40645893	srai	x17,x8,0x6	  x8:0x80009fc4 x17=0xfe00027f
        8455000	       844	8000154c	0006ce63	blt	x13,x0,80001568	 x13:0xa3d05000  x0:0x00000000
        8465000	       845	00000000	00000013	addi	x0,x0,0	  x0:0x00000000
        8475000	       846	80001564	00000013	addi	x0,x0,0	  x0:0x00000000
        8485000	       847	80001568	02bc1663	bne	x24,x11,80001594	 x24:0x0000053d x11:0x2000000a
        8495000	       848	00000000	00000013	addi	x0,x0,0	  x0:0x00000000
        8505000	       849	80001590	00000013	addi	x0,x0,0	  x0:0x00000000
        8515000	       850	80001594	4002d993	srai	x19,x5,0x0	  x5:0x00000002 x19=0x00000002
        8525000	       851	80001598	01ab9b33	sll	x22,x23,x26	 x23:0x000005a2 x26:0x00000008 x22=0x0005a200
        8535000	       852	8000159c	00ea40b3	xor	x1,x20,x14	 x20:0x043f435c x14:0x28bf1566  x1=0x2c80563a
        8545000	       853	800015a0	fb857793	andi	x15,x10,-72	 x10:0x28bf11a0 x15=0x28bf11a0
        8555000	       854	800015a4	02c46e63	bltu	x8,x12,800015e0	  x8:0x80009fc4 x12:0x00000000
        8565000	       855	800015a8	000ed493	srli	x9,x29,0x0	 x29:0x00000000  x9=0x00000000
        8575000	       856	800015ac	00a24cb3	xor	x25,x4,x10	  x4:0xab872000 x10:0x28bf11a0 x25=0x833831a0
        8585000	       857	800015b0	01571eb3	sll	x29,x14,x21	 x14:0x28bf1566 x21:0x00000000 x29=0x28bf1566
        8595000	       858	800015b4	bc482c93	slti	x25,x16,-1084	 x16:0xbc34d000 x25=0x00000001
        8605000	       859	800015b8	01a92833	slt	x16,x18,x26	 x18:0x00000001 x26:0x00000008 x16=0x00000001
        8615000	       860	800015bc	01a1b2b3	sltu	x5,x3,x26	  x3:0x00000000 x26:0x00000008  x5=0x00000001
        8625000	       861	800015c0	03839063	bne	x7,x24,800015e0	  x7:0x80009f48 x24:0x0000053d
        8635000	       862	00000000	00000013	addi	x0,x0,0	  x0:0x00000000
        8645000	       863	800015dc	00000013	addi	x0,x0,0	  x0:0x00000000
        8655000	       864	800015e0	d9af0337	lui	x6,0xd9af0	  x6=0xd9af0000
        8665000	       865	800015e4	41758633	sub	x12,x11,x23	 x11:0x2000000a x23:0x000005a2 x12=0x1ffffa68
        8675000	       866	800015e8	010dbe33	sltu	x28,x27,x16	 x27:0x00000000 x16:0x00000001 x28=0x00000001
        8685000	       867	800015ec	1e372f13	slti	x30,x14,483	 x14:0x28bf1566 x30=0x00000000
        8695000	       868	800015f0	04718863	beq	x3,x7,80001640	  x3:0x00000000  x7:0x80009f48
        8705000	       869	800015f4	00c906b3	add	x13,x18,x12	 x18:0x00000001 x12:0x1ffffa68 x13=0x1ffffa69
        8715000	       870	800015f8	01f11d93	slli	x27,x2,0x1f	  x2:0x00000000 x27=0x00000000
        8725000	       871	800015fc	1b7f0e93	addi	x29,x30,439	 x30:0x00000000 x29=0x000001b7
        8735000	       872	80001600	00849033	sll	x0,x9,x8	  x9:0x00000000  x8:0x80009fc4
        8745000	       873	80001604	006024b3	slt	x9,x0,x6	  x0:0x00000000  x6:0xd9af0000  x9=0x00000000
        8755000	       874	80001608	fc020993	addi	x19,x4,-64	  x4:0xab872000 x19=0xab871fc0
        8765000	       875	8000160c	00c15033	srl	x0,x2,x12	  x2:0x00000000 x12:0x1ffffa68
        8775000	       876	80001610	a0fe8613	addi	x12,x29,-1521	 x29:0x000001b7 x12=0xfffffbc6
        8785000	       877	80001614	00b09693	slli	x13,x1,0xb	  x1:0x2c80563a x13=0x02b1d000
        8795000	       878	80001618	b2e76a13	ori	x20,x14,-1234	 x14:0x28bf1566 x20=0xffffff6e
        8805000	       879	8000161c	416ad493	srai	x9,x21,0x16	 x21:0x00000000  x9=0x00000000
        8815000	       880	80001620	01d89c63	bne	x17,x29,80001638	 x17:0xfe00027f x29:0x000001b7
        8825000	       881	00000000	00000013	addi	x0,x0,0	  x0:0x00000000
        8835000	       882	80001634	00000013	addi	x0,x0,0	  x0:0x00000000
        8845000	       883	80001638	f0080313	addi	x6,x16,-256	 x16:0x00000001  x6=0xffffff01
        8855000	       884	8000163c	4102dd93	srai	x27,x5,0x10	  x5:0x00000001 x27=0x00000000
        8865000	       885	80001640	0159e833	or	x16,x19,x21	 x19:0xab871fc0 x21:0x00000000 x16=0xab871fc0
        8875000	       886	80001644	a5736e93	ori	x29,x6,-1449	  x6:0xffffff01 x29=0xffffff57
        8885000	       887	80001648	01b44333	xor	x6,x8,x27	  x8:0x80009fc4 x27:0x00000000  x6=0x80009fc4
        8895000	       888	8000164c	004e5093	srli	x1,x28,0x4	 x28:0x00000001  x1=0x00000000
        8905000	       889	80001650	01145ab3	srl	x21,x8,x17	  x8:0x80009fc4 x17:0xfe00027f x21=0x00000001
        8915000	       890	80001654	00000013	addi	x0,x0,0	  x0:0x00000000
        8925000	       891	80001658	66277693	andi	x13,x14,1634	 x14:0x28bf1566 x13=0x00000462
        8935000	       892	8000165c	009b5cb3	srl	x25,x22,x9	 x22:0x0005a200  x9:0x00000000 x25=0x0005a200
        8945000	       893	80001660	01b149b3	xor	x19,x2,x27	  x2:0x00000000 x27:0x00000000 x19=0x00000000
        8955000	       894	80001664	02357863	bgeu	x10,x3,80001694	 x10:0x28bf11a0  x3:0x00000000
        8965000	       895	00000000	00000013	addi	x0,x0,0	  x0:0x00000000
        8975000	       896	80001690	00000013	addi	x0,x0,0	  x0:0x00000000
        8985000	       897	80001694	000efd97	auipc	x27,0xef	 x27=0x800f0690
        8995000	       898	80001698	01a63c33	sltu	x24,x12,x26	 x12:0xfffffbc6 x26:0x00000008 x24=0x00000000
        9005000	       899	8000169c	01c25a93	srli	x21,x4,0x1c	  x4:0xab872000 x21=0x0000000a
        9015000	       900	800016a0	02da6c63	bltu	x20,x13,800016d8	 x20:0xffffff6e x13:0x00000462
        9025000	       901	800016a4	01d08033	add	x0,x1,x29	  x1:0x00000000 x29:0xffffff57
        9035000	       902	800016a8	3b577c37	lui	x24,0x3b577	 x24=0x3b577000
        9045000	       903	800016ac	0330fe13	andi	x28,x1,51	  x1:0x00000000 x28=0x00000000
        9055000	       904	800016b0	00000013	addi	x0,x0,0	  x0:0x00000000
        9065000	       905	800016b4	00422b33	slt	x22,x4,x4	  x4:0xab872000  x4:0xab872000 x22=0x00000000
        9075000	       906	800016b8	0088afb3	slt	x31,x17,x8	 x17:0xfe00027f  x8:0x80009fc4 x31=0x00000000
        9085000	       907	800016bc	ae0c7c93	andi	x25,x24,-1312	 x24:0x3b577000 x25=0x3b577000
        9095000	       908	800016c0	a9f8e013	ori	x0,x17,-1377	 x17:0xfe00027f
        9105000	       909	800016c4	b64ff693	andi	x13,x31,-1180	 x31:0x00000000 x13=0x00000000
        9115000	       910	800016c8	40c65d33	sra	x26,x12,x12	 x12:0xfffffbc6 x12:0xfffffbc6 x26=0xffffffef
        9125000	       911	800016cc	eed44b13	xori	x22,x8,-275	  x8:0x80009fc4 x22=0x7fff6129
        9135000	       912	800016d0	6c951917	auipc	x18,0x6c951	 x18=0xec9526cc
        9145000	       913	800016d4	02005863	bge	x0,x0,80001704	  x0:0x00000000  x0:0x00000000
        9155000	       914	00000000	00000013	addi	x0,x0,0	  x0:0x00000000
        9165000	       915	80001700	00000013	addi	x0,x0,0	  x0:0x00000000
        9175000	       916	80001704	038f8063	beq	x31,x24,80001724	 x31:0x00000000 x24:0x3b577000
        9185000	       917	80001708	010af8b3	and	x17,x21,x16	 x21:0x0000000a x16:0xab871fc0 x17=0x00000000
        9195000	       918	8000170c	00528e33	add	x28,x5,x5	  x5:0x00000001  x5:0x00000001 x28=0x00000002
        9205000	       919	80001710	6fd2a313	slti	x6,x5,1789	  x5:0x00000001  x6=0x00000001
        9215000	       920	80001714	015520b3	slt	x1,x10,x21	 x10:0x28bf11a0 x21:0x0000000a  x1=0x00000000
        9225000	       921	80001718	0ee40863	beq	x8,x14,80001808	  x8:0x80009fc4 x14:0x28bf1566
        9235000	       922	8000171c	c3a08013	addi	x0,x1,-966	  x1:0x00000000
        9245000	       923	80001720	e8dbb293	sltiu	x5,x23,-371	 x23:0x000005a2  x5=0x00000001
        9255000	       924	80001724	5d924b13	xori	x22,x4,1497	  x4:0xab872000 x22=0xab8725d9
        9265000	       925	80001728	e0b90a13	addi	x20,x18,-501	 x18:0xec9526cc x20=0xec9524d7
        9275000	       926	8000172c	0c9ff463	bgeu	x31,x9,800017f4	 x31:0x00000000  x9:0x00000000
        9285000	       927	00000000	00000013	addi	x0,x0,0	  x0:0x00000000
        9295000	       928	800017f0	00000013	addi	x0,x0,0	  x0:0x00000000
        9305000	       929	800017f4	011becb3	or	x25,x23,x17	 x23:0x000005a2 x17:0x00000000 x25=0x000005a2
        9315000	       930	800017f8	32963e13	sltiu	x28,x12,809	 x12:0xfffffbc6 x28=0x00000000
        9325000	       931	800017fc	010a8cb3	add	x25,x21,x16	 x21:0x0000000a x16:0xab871fc0 x25=0xab871fca
        9335000	       932	80001800	4170d093	srai	x1,x1,0x17	  x1:0x00000000  x1=0x00000000
        9345000	       933	80001804	0e17b693	sltiu	x13,x15,225	 x15:0x28bf11a0 x13=0x00000000
        9355000	       934	80001808	018dec63	bltu	x27,x24,80001820	 x27:0x800f0690 x24:0x3b577000
        9365000	       935	8000180c	01a46633	or	x12,x8,x26	  x8:0x80009fc4 x26:0xffffffef x12=0xffffffef
        9375000	       936	80001810	30b92013	slti	x0,x18,779	 x18:0xec9526cc
        9385000	       937	80001814	8d01f193	andi	x3,x3,-1840	  x3:0x00000000  x3=0x00000000
        9395000	       938	80001818	01d00c63	beq	x0,x29,80001830	  x0:0x00000000 x29:0xffffff57
        9405000	       939	8000181c	4109dd13	srai	x26,x19,0x10	 x19:0x00000000 x26=0x00000000
        9415000	       940	80001820	40378833	sub	x16,x15,x3	 x15:0x28bf11a0  x3:0x00000000 x16=0x28bf11a0
        9425000	       941	80001824	00f2bbb3	sltu	x23,x5,x15	  x5:0x00000001 x15:0x28bf11a0 x23=0x00000001
        9435000	       942	80001828	65968913	addi	x18,x13,1625	 x13:0x00000000 x18=0x00000659
        9445000	       943	8000182c	00fc7c33	and	x24,x24,x15	 x24:0x3b577000 x15:0x28bf11a0 x24=0x28171000
        9455000	       944	80001830	2503a837	lui	x16,0x2503a	 x16=0x2503a000
        9465000	       945	80001834	03ccf663	bgeu	x25,x28,80001860	 x25:0xab871fca x28:0x00000000
        9475000	       946	00000000	00000013	addi	x0,x0,0	  x0:0x00000000
        9485000	       947	8000185c	00000013	addi	x0,x0,0	  x0:0x00000000
        9495000	       948	80001860	00e07663	bgeu	x0,x14,8000186c	  x0:0x00000000 x14:0x28bf1566
        9505000	       949	80001864	017e9093	slli	x1,x29,0x17	 x29:0xffffff57  x1=0xab800000
        9515000	       950	80001868	05289063	bne	x17,x18,800018a8	 x17:0x00000000 x18:0x00000659
        9525000	       951	00000000	00000013	addi	x0,x0,0	  x0:0x00000000
        9535000	       952	800018a4	00000013	addi	x0,x0,0	  x0:0x00000000
        9545000	       953	800018a8	00000013	addi	x0,x0,0	  x0:0x00000000
        9555000	       954	800018ac	01bc5593	srli	x11,x24,0x1b	 x24:0x28171000 x11=0x00000005
        9565000	       955	800018b0	01ee5b33	srl	x22,x28,x30	 x28:0x00000000 x30:0x00000000 x22=0x00000000
        9575000	       956	800018b4	00000013	addi	x0,x0,0	  x0:0x00000000
        9585000	       957	800018b8	7fbbe913	ori	x18,x23,2043	 x23:0x00000001 x18=0x000007fb
        9595000	       958	800018bc	00000013	addi	x0,x0,0	  x0:0x00000000
        9605000	       959	800018c0	305ceb93	ori	x23,x25,773	 x25:0xab871fca x23=0xab871fcf
        9615000	       960	800018c4	00bab7b3	sltu	x15,x21,x11	 x21:0x0000000a x11:0x00000005 x15=0x00000000
        9625000	       961	800018c8	2e002f93	slti	x31,x0,736	  x0:0x00000000 x31=0x00000001
        9635000	       962	800018cc	cf1fe36f	jal	x6,800018cc	  x6=0x800018cc
        9645000	       963	00000000	00000013	addi	x0,x0,0	  x0:0x00000000
        9655000	       964	800005b8	00000013	addi	x0,x0,0	  x0:0x00000000
        9665000	       965	800005bc	2d43c713	xori	x14,x7,724	  x7:0x80009f48 x14=0x80009d9c
        9675000	       966	800005c0	a87df4b7	lui	x9,0xa87df	  x9=0xa87df000
        9685000	       967	800005c4	e419cf37	lui	x30,0xe419c	 x30=0xe419c000
        9695000	       968	800005c8	41c7db33	sra	x22,x15,x28	 x15:0x00000000 x28:0x00000000 x22=0x00000000
        9705000	       969	800005cc	9b594a13	xori	x20,x18,-1611	 x18:0x000007fb x20=0xfffffe4e
        9715000	       970	800005d0	fc838393	addi	x7,x7,-56	  x7:0x80009f48  x7=0x80009f10
        9725000	       971	800005d4	0063a223	sw	x6,4(x7)	  x7:0x80009f10  x6:0x800018cc PA:0x80009f14
        9735000	       972	800005d8	fec70213	addi	x4,x14,-20	 x14:0x80009d9c  x4=0x80009d88
        9745000	       973	800005dc	41165bb3	sra	x23,x12,x17	 x12:0xffffffef x17:0x00000000 x23=0xffffffef
        9755000	       974	800005e0	e2386693	ori	x13,x16,-477	 x16:0x2503a000 x13=0xfffffe23
        9765000	       975	800005e4	40d45fb3	sra	x31,x8,x13	  x8:0x80009fc4 x13:0xfffffe23 x31=0xf00013f8
        9775000	       976	800005e8	00008217	auipc	x4,0x8	  x4=0x800085e4
        9785000	       977	800005ec	4dd20213	addi	x4,x4,1245	  x4:0x800085e4  x4=0x80008ac1
        9795000	       978	800005f0	fe320c23	sb	x3,-8(x4)	  x4:0x80008ac1  x3:0x00000000 PA:0x80008ab9
        9805000	       979	800005f4	ff824483	lbu	x9,-8(x4)	  x4:0x80008ac1  x9=0x00000000 PA:0x80008ab9
        9815000	       980	00000000	00000013	addi	x0,x0,0	  x0:0x00000000
        9825000	       981	800005f8	fe920c23	sb	x9,-8(x4)	  x4:0x80008ac1  x9:0x00000000 PA:0x80008ab9
        9835000	       982	800005fc	00c24d03	lbu	x26,12(x4)	  x4:0x80008ac1 x26=0x0000001b PA:0x80008acd
        9845000	       983	80000600	00320623	sb	x3,12(x4)	  x4:0x80008ac1  x3:0x00000000 PA:0x80008acd
        9855000	       984	80000604	00e20623	sb	x14,12(x4)	  x4:0x80008ac1 x14:0x80009d9c PA:0x80008acd
        9865000	       985	80000608	016204a3	sb	x22,9(x4)	  x4:0x80008ac1 x22:0x00000000 PA:0x80008aca
        9875000	       986	8000060c	00925283	lhu	x5,9(x4)	  x4:0x80008ac1  x5=0x0000d700 PA:0x80008aca
        9885000	       987	80000610	007c6eb3	or	x29,x24,x7	 x24:0x28171000  x7:0x80009f10 x29=0xa8179f10
        9895000	       988	80000614	00921583	lh	x11,9(x4)	  x4:0x80008ac1 x11=0xffffd700 PA:0x80008aca
        9905000	       989	80000618	7bc8d497	auipc	x9,0x7bc8d	  x9=0xfbc8d614
        9915000	       990	8000061c	00920783	lb	x15,9(x4)	  x4:0x80008ac1 x15=0x00000000 PA:0x80008aca
        9925000	       991	80000620	01c214a3	sh	x28,9(x4)	  x4:0x80008ac1 x28:0x00000000 PA:0x80008aca
        9935000	       992	80000624	ff321d03	lh	x26,-13(x4)	  x4:0x80008ac1 x26=0xffffceb6 PA:0x80008ab4
        9945000	       993	80000628	013f8a33	add	x20,x31,x19	 x31:0xf00013f8 x19:0x00000000 x20=0xf00013f8
        9955000	       994	8000062c	b916a813	slti	x16,x13,-1135	 x13:0xfffffe23 x16=0x00000000
        9965000	       995	80000630	00820623	sb	x8,12(x4)	  x4:0x80008ac1  x8:0x80009fc4 PA:0x80008acd
        9975000	       996	80000634	00920623	sb	x9,12(x4)	  x4:0x80008ac1  x9:0xfbc8d614 PA:0x80008acd
        9985000	       997	80000638	00008117	auipc	x2,0x8	  x2=0x80008634
        9995000	       998	8000063c	e6110113	addi	x2,x2,-415	  x2:0x80008634  x2=0x80008495
       10005000	       999	80000640	127127a3	sw	x7,303(x2)	  x2:0x80008495  x7:0x80009f10 PA:0x800085c4
       10015000	      1000	80000644	40c8d6b3	sra	x13,x17,x12	 x17:0x00000000 x12:0xffffffef x13=0x00000000
       10025000	      1001	80000648	1f637293	andi	x5,x6,502	  x6:0x800018cc  x5=0x000000c4
       10035000	      1002	8000064c	fed11ea3	sh	x13,-3(x2)	  x2:0x80008495 x13:0x00000000 PA:0x80008492
       10045000	      1003	80000650	008d1c13	slli	x24,x26,0x8	 x26:0xffffceb6 x24=0xffceb600
       10055000	      1004	80000654	00396633	or	x12,x18,x3	 x18:0x000007fb  x3:0x00000000 x12=0x000007fb
       10065000	      1005	80000658	012465b3	or	x11,x8,x18	  x8:0x80009fc4 x18:0x000007fb x11=0x80009fff
       10075000	      1006	8000065c	01711733	sll	x14,x2,x23	  x2:0x80008495 x23:0xffffffef x14=0x424a8000
       10085000	      1007	80000660	0177d933	srl	x18,x15,x23	 x15:0x00000000 x23:0xffffffef x18=0x00000000
       10095000	      1008	80000664	40e0de33	sra	x28,x1,x14	  x1:0xab800000 x14:0x424a8000 x28=0xab800000
       10105000	      1009	80000668	018ba4b3	slt	x9,x23,x24	 x23:0xffffffef x24:0xffceb600  x9=0x00000000
       10115000	      1010	8000066c	27210a83	lb	x21,626(x2)	  x2:0x80008495 x21=0xffffff9f PA:0x80008707
       10125000	      1011	80000670	00462a33	slt	x20,x12,x4	 x12:0x000007fb  x4:0x80008ac1 x20=0x00000000
       10135000	      1012	80000674	2e210603	lb	x12,738(x2)	  x2:0x80008495 x12=0x00000079 PA:0x80008777
       10145000	      1013	80000678	0099e2b3	or	x5,x19,x9	 x19:0x00000000  x9:0x00000000  x5=0x00000000
       10155000	      1014	8000067c	01459fb3	sll	x31,x11,x20	 x11:0x80009fff x20:0x00000000 x31=0x80009fff
       10165000	      1015	80000680	f34114a3	sh	x20,-215(x2)	  x2:0x80008495 x20:0x00000000 PA:0x800083be
       10175000	      1016	80000684	019dd633	srl	x12,x27,x25	 x27:0x800f0690 x25:0xab871fca x12=0x002003c1
       10185000	      1017	80000688	d8410723	sb	x4,-626(x2)	  x2:0x80008495  x4:0x80008ac1 PA:0x80008223
       10195000	      1018	8000068c	014100b3	add	x1,x2,x20	  x2:0x80008495 x20:0x00000000  x1=0x80008495
       10205000	      1019	80000690	00309d93	slli	x27,x1,0x3	  x1:0x80008495 x27=0x000424a8
       10215000	      1020	80000694	2c010603	lb	x12,704(x2)	  x2:0x80008495 x12=0xffffffa3 PA:0x80008755
       10225000	      1021	80000698	4160d733	sra	x14,x1,x22	  x1:0x80008495 x22:0x00000000 x14=0x80008495
       10235000	      1022	8000069c	0019bdb3	sltu	x27,x19,x1	 x19:0x00000000  x1:0x80008495 x27=0x00000001
       10245000	      1023	800006a0	c4110d83	lb	x27,-959(x2)	  x2:0x80008495 x27=0x00000060 PA:0x800080d6
       10255000	      1024	800006a4	cea10823	sb	x10,-784(x2)	  x2:0x80008495 x10:0x28bf11a0 PA:0x80008185
       10265000	      1025	800006a8	0188b8b3	sltu	x17,x17,x24	 x17:0x00000000 x24:0xffceb600 x17=0x00000001
       10275000	      1026	800006ac	0083f5b3	and	x11,x7,x8	  x7:0x80009f10  x8:0x80009fc4 x11=0x80009f00
       10285000	      1027	800006b0	40ecdb33	sra	x22,x25,x14	 x25:0xab871fca x14:0x80008495 x22=0xfffffd5c
       10295000	      1028	800006b4	01dc5233	srl	x4,x24,x29	 x24:0xffceb600 x29:0xa8179f10  x4=0x0000ffce
       10305000	      1029	800006b8	b5c24013	xori	x0,x4,-1188	  x4:0x0000ffce
       10315000	      1030	800006bc	0030d713	srli	x14,x1,0x3	  x1:0x80008495 x14=0x10001092
       10325000	      1031	800006c0	01ba99b3	sll	x19,x21,x27	 x21:0xffffff9f x27:0x00000060 x19=0xffffff9f
       10335000	      1032	800006c4	cb914d83	lbu	x27,-839(x2)	  x2:0x80008495 x27=0x00000080 PA:0x8000814e
       10345000	      1033	800006c8	00a44c33	xor	x24,x8,x10	  x8:0x80009fc4 x10:0x28bf11a0 x24=0xa8bf8e64
       10355000	      1034	800006cc	c9810483	lb	x9,-872(x2)	  x2:0x80008495  x9=0x00000012 PA:0x8000812d
       10365000	      1035	00000000	00000013	addi	x0,x0,0	  x0:0x00000000
       10375000	      1036	800006d0	2a910a83	lb	x21,681(x2)	  x2:0x80008495 x21=0xffffff8f PA:0x8000873e
       10385000	      1037	800006d4	0324ce63	blt	x9,x18,80000710	  x9:0x00000012 x18:0x00000000
       10395000	      1038	800006d8	9e472913	slti	x18,x14,-1564	 x14:0x10001092 x18=0x00000000
       10405000	      1039	800006dc	40a80db3	sub	x27,x16,x10	 x16:0x00000000 x10:0x28bf11a0 x27=0xd740ee60
       10415000	      1040	800006e0	01519893	slli	x17,x3,0x15	  x3:0x00000000 x17=0x00000000
       10425000	      1041	800006e4	027c1a63	bne	x24,x7,80000718	 x24:0xa8bf8e64  x7:0x80009f10
       10435000	      1042	00000000	00000013	addi	x0,x0,0	  x0:0x00000000
       10445000	      1043	80000714	00000013	addi	x0,x0,0	  x0:0x00000000
       10455000	      1044	80000718	01e42cb3	slt	x25,x8,x30	  x8:0x80009fc4 x30:0xe419c000 x25=0x00000001
       10465000	      1045	8000071c	7a9d6f13	ori	x30,x26,1961	 x26:0xffffceb6 x30=0xffffcfbf
       10475000	      1046	80000720	01317e63	bgeu	x2,x19,8000073c	  x2:0x80008495 x19:0xffffff9f
       10485000	      1047	80000724	015d7e63	bgeu	x26,x21,80000740	 x26:0xffffceb6 x21:0xffffff8f
       10495000	      1048	80000728	04347663	bgeu	x8,x3,80000774	  x8:0x80009fc4  x3:0x00000000
       10505000	      1049	00000000	00000013	addi	x0,x0,0	  x0:0x00000000
       10515000	      1050	80000770	00000013	addi	x0,x0,0	  x0:0x00000000
       10525000	      1051	80000774	01a91213	slli	x4,x18,0x1a	 x18:0x00000000  x4=0x00000000
       10535000	      1052	80000778	5c29ecb7	lui	x25,0x5c29e	 x25=0x5c29e000
       10545000	      1053	8000077c	08b48c63	beq	x9,x11,80000814	  x9:0x00000012 x11:0x80009f00
       10555000	      1054	80000780	01c90133	add	x2,x18,x28	 x18:0x00000000 x28:0xab800000  x2=0xab800000
       10565000	      1055	80000784	d3b6d0b7	lui	x1,0xd3b6d	  x1=0xd3b6d000
       10575000	      1056	80000788	083cc863	blt	x25,x3,80000818	 x25:0x5c29e000  x3:0x00000000
       10585000	      1057	8000078c	807c3f13	sltiu	x30,x24,-2041	 x24:0xa8bf8e64 x30=0x00000001
       10595000	      1058	80000790	00000013	addi	x0,x0,0	  x0:0x00000000
       10605000	      1059	80000794	00558463	beq	x11,x5,8000079c	 x11:0x80009f00  x5:0x00000000
       10615000	      1060	80000798	00f01a63	bne	x0,x15,800007ac	  x0:0x00000000 x15:0x00000000
       10625000	      1061	8000079c	011c9033	sll	x0,x25,x17	 x25:0x5c29e000 x17:0x00000000
       10635000	      1062	800007a0	5fa26893	ori	x17,x4,1530	  x4:0x00000000 x17=0x000005fa
       10645000	      1063	800007a4	008ad663	bge	x21,x8,800007b0	 x21:0xffffff8f  x8:0x80009fc4
       10655000	      1064	00000000	00000013	addi	x0,x0,0	  x0:0x00000000
       10665000	      1065	800007ac	00000013	addi	x0,x0,0	  x0:0x00000000
       10675000	      1066	800007b0	00fc7033	and	x0,x24,x15	 x24:0xa8bf8e64 x15:0x00000000
       10685000	      1067	800007b4	00008717	auipc	x14,0x8	 x14=0x800087b0
       10695000	      1068	800007b8	dec70713	addi	x14,x14,-532	 x14:0x800087b0 x14=0x8000859c
       10705000	      1069	800007bc	00008c97	auipc	x25,0x8	 x25=0x800087b8
       10715000	      1070	800007c0	b4ec8c93	addi	x25,x25,-1202	 x25:0x800087b8 x25=0x80008306
       10725000	      1071	800007c4	ffecd083	lhu	x1,-2(x25)	 x25:0x80008306  x1=0x0000bd96 PA:0x80008304
       10735000	      1072	800007c8	ff675103	lhu	x2,-10(x14)	 x14:0x8000859c  x2=0x00004f2e PA:0x80008592
       10745000	      1073	800007cc	fecc9a23	sh	x12,-12(x25)	 x25:0x80008306 x12:0xffffffa3 PA:0x800082fa
       10755000	      1074	800007d0	00170c03	lb	x24,1(x14)	 x14:0x8000859c x24=0xffffffb5 PA:0x8000859d
       10765000	      1075	800007d4	ffe70f03	lb	x30,-2(x14)	 x14:0x8000859c x30=0xffffffb8 PA:0x8000859a
       10775000	      1076	00000000	00000013	addi	x0,x0,0	  x0:0x00000000
       10785000	      1077	800007d8	01eca123	sw	x30,2(x25)	 x25:0x80008306 x30:0xffffffb8 PA:0x80008308
       10795000	      1078	800007dc	00770d83	lb	x27,7(x14)	 x14:0x8000859c x27=0x00000040 PA:0x800085a3
       10805000	      1079	800007e0	009ca323	sw	x9,6(x25)	 x25:0x80008306  x9:0x00000012 PA:0x8000830c
       10815000	      1080	800007e4	005cc283	lbu	x5,5(x25)	 x25:0x80008306  x5=0x000000ff PA:0x8000830b
       10825000	      1081	800007e8	ff670fa3	sb	x22,-1(x14)	 x14:0x8000859c x22:0xfffffd5c PA:0x8000859b
       10835000	      1082	800007ec	01ec9223	sh	x30,4(x25)	 x25:0x80008306 x30:0xffffffb8 PA:0x8000830a
       10845000	      1083	800007f0	fe670b23	sb	x6,-10(x14)	 x14:0x8000859c  x6:0x800018cc PA:0x80008592
       10855000	      1084	800007f4	ff3ccd03	lbu	x26,-13(x25)	 x25:0x80008306 x26=0x000000d7 PA:0x800082f9
       10865000	      1085	800007f8	00970a03	lb	x20,9(x14)	 x14:0x8000859c x20=0x00000010 PA:0x800085a5
       10875000	      1086	800007fc	ff8cda83	lhu	x21,-8(x25)	 x25:0x80008306 x21=0x00002692 PA:0x800082fe
       10885000	      1087	80000800	fff71f23	sh	x31,-2(x14)	 x14:0x8000859c x31:0x80009fff PA:0x8000859a
       10895000	      1088	80000804	ff970303	lb	x6,-7(x14)	 x14:0x8000859c  x6=0xfffffff0 PA:0x80008595
       10905000	      1089	80000808	004cc003	lbu	x0,4(x25)	 x25:0x80008306 PA:0x8000830a
       10915000	      1090	8000080c	412087b3	sub	x15,x1,x18	  x1:0x0000bd96 x18:0x00000000 x15=0x0000bd96
       10925000	      1091	80000810	0124deb3	srl	x29,x9,x18	  x9:0x00000012 x18:0x00000000 x29=0x00000012
       10935000	      1092	80000814	1af98793	addi	x15,x19,431	 x19:0xffffff9f x15=0x0000014e
       10945000	      1093	80000818	17d66893	ori	x17,x12,381	 x12:0xffffffa3 x17=0xffffffff
       10955000	      1094	8000081c	01e0d313	srli	x6,x1,0x1e	  x1:0x0000bd96  x6=0x00000000
       10965000	      1095	80000820	0405d463	bge	x11,x0,80000868	 x11:0x80009f00  x0:0x00000000
       10975000	      1096	80000824	00000013	addi	x0,x0,0	  x0:0x00000000
       10985000	      1097	80000828	ced0e113	ori	x2,x1,-787	  x1:0x0000bd96  x2=0xfffffdff
       10995000	      1098	8000082c	01f37a63	bgeu	x6,x31,80000840	  x6:0x00000000 x31:0x80009fff
       11005000	      1099	80000830	a7210613	addi	x12,x2,-1422	  x2:0xfffffdff x12=0xfffff871
       11015000	      1100	80000834	01b09893	slli	x17,x1,0x1b	  x1:0x0000bd96 x17=0xb0000000
       11025000	      1101	80000838	00000013	addi	x0,x0,0	  x0:0x00000000
       11035000	      1102	8000083c	01ce2e33	slt	x28,x28,x28	 x28:0xab800000 x28:0xab800000 x28=0x00000000
       11045000	      1103	80000840	01e3cdb3	xor	x27,x7,x30	  x7:0x80009f10 x30:0xffffffb8 x27=0x7fff60a8
       11055000	      1104	80000844	00000013	addi	x0,x0,0	  x0:0x00000000
       11065000	      1105	80000848	4157d193	srai	x3,x15,0x15	 x15:0x0000014e  x3=0x00000000
       11075000	      1106	8000084c	ab913593	sltiu	x11,x2,-1351	  x2:0xfffffdff x11=0x00000000
       11085000	      1107	80000850	00eaeeb3	or	x29,x21,x14	 x21:0x00002692 x14:0x8000859c x29=0x8000a79e
       11095000	      1108	80000854	ef924a13	xori	x20,x4,-263	  x4:0x00000000 x20=0xfffffef9
       11105000	      1109	80000858	04b3d863	bge	x7,x11,800008a8	  x7:0x80009f10 x11:0x00000000
       11115000	      1110	8000085c	41a3f893	andi	x17,x7,1050	  x7:0x80009f10 x17=0x00000410
       11125000	      1111	80000860	03d5f863	bgeu	x11,x29,80000890	 x11:0x00000000 x29:0x8000a79e
       11135000	      1112	80000864	059a9663	bne	x21,x25,800008b0	 x21:0x00002692 x25:0x80008306
       11145000	      1113	00000000	00000013	addi	x0,x0,0	  x0:0x00000000
       11155000	      1114	800008ac	00000013	addi	x0,x0,0	  x0:0x00000000
       11165000	      1115	800008b0	009c6263	bltu	x24,x9,800008b4	 x24:0xffffffb5  x9:0x00000012
       11175000	      1116	800008b4	00000013	addi	x0,x0,0	  x0:0x00000000
       11185000	      1117	800008b8	00249263	bne	x9,x2,800008bc	  x9:0x00000012  x2:0xfffffdff
       11195000	      1118	00000000	00000013	addi	x0,x0,0	  x0:0x00000000
       11205000	      1119	800008b8	00000013	addi	x0,x0,0	  x0:0x00000000
       11215000	      1120	800008bc	0812bc93	sltiu	x25,x5,129	  x5:0x000000ff x25=0x00000000
       11225000	      1121	800008c0	00706f33	or	x30,x0,x7	  x0:0x00000000  x7:0x80009f10 x30=0x80009f10
       11235000	      1122	800008c4	416089b3	sub	x19,x1,x22	  x1:0x0000bd96 x22:0xfffffd5c x19=0x0000c03a
       11245000	      1123	800008c8	00db80b3	add	x1,x23,x13	 x23:0xffffffef x13:0x00000000  x1=0xffffffef
       11255000	      1124	800008cc	00c06263	bltu	x0,x12,800008d0	  x0:0x00000000 x12:0xfffff871
       11265000	      1125	00000000	00000013	addi	x0,x0,0	  x0:0x00000000
       11275000	      1126	800008cc	00000013	addi	x0,x0,0	  x0:0x00000000
       11285000	      1127	800008d0	004b6633	or	x12,x22,x4	 x22:0xfffffd5c  x4:0x00000000 x12=0xfffffd5c
       11295000	      1128	800008d4	019a86b3	add	x13,x21,x25	 x21:0x00002692 x25:0x00000000 x13=0x00002692
       11305000	      1129	800008d8	eada7e13	andi	x28,x20,-339	 x20:0xfffffef9 x28=0xfffffea9
       11315000	      1130	800008dc	01405933	srl	x18,x0,x20	  x0:0x00000000 x20:0xfffffef9 x18=0x00000000
       11325000	      1131	800008e0	3f7fcf97	auipc	x31,0x3f7fc	 x31=0xbf7fc8dc
       11335000	      1132	800008e4	0055a6b3	slt	x13,x11,x5	 x11:0x00000000  x5:0x000000ff x13=0x00000001
       11345000	      1133	800008e8	00b92633	slt	x12,x18,x11	 x18:0x00000000 x11:0x00000000 x12=0x00000000
       11355000	      1134	800008ec	41fc0c33	sub	x24,x24,x31	 x24:0xffffffb5 x31:0xbf7fc8dc x24=0x408036d9
       11365000	      1135	800008f0	46f42f13	slti	x30,x8,1135	  x8:0x80009fc4 x30=0x00000001
       11375000	      1136	800008f4	adc02b93	slti	x23,x0,-1316	  x0:0x00000000 x23=0x00000000
       11385000	      1137	800008f8	034a1663	bne	x20,x20,80000924	 x20:0xfffffef9 x20:0xfffffef9
       11395000	      1138	800008fc	632e3d13	sltiu	x26,x28,1586	 x28:0xfffffea9 x26=0x00000000
       11405000	      1139	80000900	00aa4663	blt	x20,x10,8000090c	 x20:0xfffffef9 x10:0x28bf11a0
       11415000	      1140	00000000	00000013	addi	x0,x0,0	  x0:0x00000000
       11425000	      1141	80000908	00000013	addi	x0,x0,0	  x0:0x00000000
       11435000	      1142	8000090c	01b4dc63	bge	x9,x27,80000924	  x9:0x00000012 x27:0x7fff60a8
       11445000	      1143	80000910	2abbd937	lui	x18,0x2abbd	 x18=0x2abbd000
       11455000	      1144	80000914	81fe6e93	ori	x29,x28,-2017	 x28:0xfffffea9 x29=0xfffffebf
       11465000	      1145	80000918	41cf5833	sra	x16,x30,x28	 x30:0x00000001 x28:0xfffffea9 x16=0x00000000
       11475000	      1146	8000091c	011f1463	bne	x30,x17,80000924	 x30:0x00000001 x17:0x00000410
       11485000	      1147	00000000	00000013	addi	x0,x0,0	  x0:0x00000000
       11495000	      1148	80000920	00000013	addi	x0,x0,0	  x0:0x00000000
       11505000	      1149	80000924	413f06b3	sub	x13,x30,x19	 x30:0x00000001 x19:0x0000c03a x13=0xffff3fc7
       11515000	      1150	80000928	0043a303	lw	x6,4(x7)	  x7:0x80009f10  x6=0x800018cc PA:0x80009f14
       11525000	      1151	00000000	00000013	addi	x0,x0,0	  x0:0x00000000
       11535000	      1152	8000092c	c3032a13	slti	x20,x6,-976	  x6:0x800018cc x20=0x00000001
       11545000	      1153	80000930	417bdab3	sra	x21,x23,x23	 x23:0x00000000 x23:0x00000000 x21=0x00000000
       11555000	      1154	80000934	03838393	addi	x7,x7,56	  x7:0x80009f10  x7=0x80009f48
       11565000	      1155	80000938	f1644b13	xori	x22,x8,-234	  x8:0x80009fc4 x22=0x7fff60d2
       11575000	      1156	8000093c	00130113	addi	x2,x6,1	  x6:0x800018cc  x2=0x800018cd
       11585000	      1157	80000940	00010167	jalr	x2,x2,0	  x2:0x800018cd  x2=0x80000940
       11595000	      1158	00000000	00000013	addi	x0,x0,0	  x0:0x00000000
       11605000	      1159	800018cc	00000013	addi	x0,x0,0	  x0:0x00000000
       11615000	      1160	800018d0	01357a63	bgeu	x10,x19,800018e4	 x10:0x28bf11a0 x19:0x0000c03a
       11625000	      1161	00000000	00000013	addi	x0,x0,0	  x0:0x00000000
       11635000	      1162	800018e0	00000013	addi	x0,x0,0	  x0:0x00000000
       11645000	      1163	800018e4	000706b3	add	x13,x14,x0	 x14:0x8000859c  x0:0x00000000 x13=0x8000859c
       11655000	      1164	800018e8	e7d3e693	ori	x13,x7,-387	  x7:0x80009f48 x13=0xffffff7d
       11665000	      1165	800018ec	016e64b3	or	x9,x28,x22	 x28:0xfffffea9 x22:0x7fff60d2  x9=0xfffffefb
       11675000	      1166	800018f0	029a5e63	bge	x20,x9,8000192c	 x20:0x00000001  x9:0xfffffefb
       11685000	      1167	00000000	00000013	addi	x0,x0,0	  x0:0x00000000
       11695000	      1168	80001928	00000013	addi	x0,x0,0	  x0:0x00000000
       11705000	      1169	8000192c	05a6f063	bgeu	x13,x26,8000196c	 x13:0xffffff7d x26:0x00000000
       11715000	      1170	00000000	00000013	addi	x0,x0,0	  x0:0x00000000
       11725000	      1171	80001968	00000013	addi	x0,x0,0	  x0:0x00000000
       11735000	      1172	8000196c	1a3387b7	lui	x15,0x1a338	 x15=0x1a338000
       11745000	      1173	80001970	0074d813	srli	x16,x9,0x7	  x9:0xfffffefb x16=0x01fffffd
       11755000	      1174	80001974	019f5033	srl	x0,x30,x25	 x30:0x00000001 x25:0x00000000
       11765000	      1175	80001978	985d6493	ori	x9,x26,-1659	 x26:0x00000000  x9=0xfffff985
       11775000	      1176	8000197c	78d60313	addi	x6,x12,1933	 x12:0x00000000  x6=0x0000078d
       11785000	      1177	80001980	4074dd13	srai	x26,x9,0x7	  x9:0xfffff985 x26=0xfffffff3
       11795000	      1178	80001984	00a27133	and	x2,x4,x10	  x4:0x00000000 x10:0x28bf11a0  x2=0x00000000
       11805000	      1179	80001988	00000013	addi	x0,x0,0	  x0:0x00000000
       11815000	      1180	8000198c	018cbb33	sltu	x22,x25,x24	 x25:0x00000000 x24:0x408036d9 x22=0x00000001
       11825000	      1181	80001990	8a86c793	xori	x15,x13,-1880	 x13:0xffffff7d x15=0x000007d5
       11835000	      1182	80001994	00e86333	or	x6,x16,x14	 x16:0x01fffffd x14:0x8000859c  x6=0x81fffffd
       11845000	      1183	80001998	891c8593	addi	x11,x25,-1903	 x25:0x00000000 x11=0xfffff891
       11855000	      1184	8000199c	41cf8bb3	sub	x23,x31,x28	 x31:0xbf7fc8dc x28:0xfffffea9 x23=0xbf7fca33
       11865000	      1185	800019a0	0ae37063	bgeu	x6,x14,80001a40	  x6:0x81fffffd x14:0x8000859c
       11875000	      1186	00000000	00000013	addi	x0,x0,0	  x0:0x00000000
       11885000	      1187	80001a3c	00000013	addi	x0,x0,0	  x0:0x00000000
       11895000	      1188	80001a40	41f158b3	sra	x17,x2,x31	  x2:0x00000000 x31:0xbf7fc8dc x17=0x00000000
       11905000	      1189	80001a44	3bc1e893	ori	x17,x3,956	  x3:0x00000000 x17=0x000003bc
       11915000	      1190	80001a48	013a68b3	or	x17,x20,x19	 x20:0x00000001 x19:0x0000c03a x17=0x0000c03b
       11925000	      1191	80001a4c	c9368993	addi	x19,x13,-877	 x13:0xffffff7d x19=0xfffffc10
       11935000	      1192	80001a50	011e2fb3	slt	x31,x28,x17	 x28:0xfffffea9 x17:0x0000c03b x31=0x00000001
       11945000	      1193	80001a54	685d6893	ori	x17,x26,1669	 x26:0xfffffff3 x17=0xfffffff7
       11955000	      1194	80001a58	039f1263	bne	x30,x25,80001a7c	 x30:0x00000001 x25:0x00000000
       11965000	      1195	00000000	00000013	addi	x0,x0,0	  x0:0x00000000
       11975000	      1196	80001a78	00000013	addi	x0,x0,0	  x0:0x00000000
       11985000	      1197	80001a7c	0023d693	srli	x13,x7,0x2	  x7:0x80009f48 x13=0x200027d2
       11995000	      1198	80001a80	e727a0b7	lui	x1,0xe727a	  x1=0xe727a000
       12005000	      1199	80001a84	57a06a13	ori	x20,x0,1402	  x0:0x00000000 x20=0x0000057a
       12015000	      1200	80001a88	40fb5293	srai	x5,x22,0xf	 x22:0x00000001  x5=0x00000000
       12025000	      1201	80001a8c	01098db3	add	x27,x19,x16	 x19:0xfffffc10 x16:0x01fffffd x27=0x01fffc0d
       12035000	      1202	80001a90	40a9d093	srai	x1,x19,0xa	 x19:0xfffffc10  x1=0xffffffff
       12045000	      1203	80001a94	01740a33	add	x20,x8,x23	  x8:0x80009fc4 x23:0xbf7fca33 x20=0x3f8069f7
       12055000	      1204	80001a98	05d88463	beq	x17,x29,80001ae0	 x17:0xfffffff7 x29:0xfffffebf
       12065000	      1205	80001a9c	08d12a13	slti	x20,x2,141	  x2:0x00000000 x20=0x00000001
       12075000	      1206	80001aa0	0576e063	bltu	x13,x23,80001ae0	 x13:0x200027d2 x23:0xbf7fca33
       12085000	      1207	00000000	00000013	addi	x0,x0,0	  x0:0x00000000
       12095000	      1208	80001adc	00000013	addi	x0,x0,0	  x0:0x00000000
       12105000	      1209	80001ae0	008a79b3	and	x19,x20,x8	 x20:0x00000001  x8:0x80009fc4 x19=0x00000000
       12115000	      1210	80001ae4	01d3ed33	or	x26,x7,x29	  x7:0x80009f48 x29:0xfffffebf x26=0xffffffff
       12125000	      1211	80001ae8	09333a13	sltiu	x20,x6,147	  x6:0x81fffffd x20=0x00000000
       12135000	      1212	80001aec	ac74ef93	ori	x31,x9,-1337	  x9:0xfffff985 x31=0xfffffbc7
       12145000	      1213	80001af0	0f477063	bgeu	x14,x20,80001bd0	 x14:0x8000859c x20:0x00000000
       12155000	      1214	00000000	00000013	addi	x0,x0,0	  x0:0x00000000
       12165000	      1215	80001bcc	00000013	addi	x0,x0,0	  x0:0x00000000
       12175000	      1216	80001bd0	01832fb3	slt	x31,x6,x24	  x6:0x81fffffd x24:0x408036d9 x31=0x00000001
       12185000	      1217	80001bd4	557b5917	auipc	x18,0x557b5	 x18=0xd57b6bd0
       12195000	      1218	80001bd8	0084e333	or	x6,x9,x8	  x9:0xfffff985  x8:0x80009fc4  x6=0xffffffc5
       12205000	      1219	80001bdc	002e1c13	slli	x24,x28,0x2	 x28:0xfffffea9 x24=0xfffffaa4
       12215000	      1220	80001be0	0395e063	bltu	x11,x25,80001c00	 x11:0xfffff891 x25:0x00000000
       12225000	      1221	80001be4	0108f133	and	x2,x17,x16	 x17:0xfffffff7 x16:0x01fffffd  x2=0x01fffff5
       12235000	      1222	80001be8	035ce663	bltu	x25,x21,80001c14	 x25:0x00000000 x21:0x00000000
       12245000	      1223	80001bec	0111b9b3	sltu	x19,x3,x17	  x3:0x00000000 x17:0xfffffff7 x19=0x00000001
       12255000	      1224	80001bf0	0282f593	andi	x11,x5,40	  x5:0x00000000 x11=0x00000000
       12265000	      1225	80001bf4	04e6c063	blt	x13,x14,80001c34	 x13:0x200027d2 x14:0x8000859c
       12275000	      1226	80001bf8	0004dc13	srli	x24,x9,0x0	  x9:0xfffff985 x24=0xfffff985
       12285000	      1227	80001bfc	d3870293	addi	x5,x14,-712	 x14:0x8000859c  x5=0x800082d4
       12295000	      1228	80001c00	00f922b3	slt	x5,x18,x15	 x18:0xd57b6bd0 x15:0x000007d5  x5=0x00000001
       12305000	      1229	80001c04	01cf5a13	srli	x20,x30,0x1c	 x30:0x00000001 x20=0x00000000
       12315000	      1230	80001c08	00eedab3	srl	x21,x29,x14	 x29:0xfffffebf x14:0x8000859c x21=0x0000000f
       12325000	      1231	80001c0c	01415833	srl	x16,x2,x20	  x2:0x01fffff5 x20:0x00000000 x16=0x01fffff5
       12335000	      1232	80001c10	003191b3	sll	x3,x3,x3	  x3:0x00000000  x3:0x00000000  x3=0x00000000
       12345000	      1233	80001c14	b1d61197	auipc	x3,0xb1d61	  x3=0x31d62c10
       12355000	      1234	80001c18	01635d13	srli	x26,x6,0x16	  x6:0xffffffc5 x26=0x000003ff
       12365000	      1235	80001c1c	001cb2b3	sltu	x5,x25,x1	 x25:0x00000000  x1:0xffffffff  x5=0x00000001
       12375000	      1236	80001c20	031d5063	bge	x26,x17,80001c40	 x26:0x000003ff x17:0xfffffff7
       12385000	      1237	00000000	00000013	addi	x0,x0,0	  x0:0x00000000
       12395000	      1238	80001c3c	00000013	addi	x0,x0,0	  x0:0x00000000
       12405000	      1239	80001c40	00000013	addi	x0,x0,0	  x0:0x00000000
       12415000	      1240	80001c44	8f0588b7	lui	x17,0x8f058	 x17=0x8f058000
       12425000	      1241	80001c48	5b43b013	sltiu	x0,x7,1460	  x7:0x80009f48
       12435000	      1242	80001c4c	d7644e93	xori	x29,x8,-650	  x8:0x80009fc4 x29=0x7fff62b2
       12445000	      1243	80001c50	412e8933	sub	x18,x29,x18	 x29:0x7fff62b2 x18:0xd57b6bd0 x18=0xaa83f6e2
       12455000	      1244	80001c54	4085d7b3	sra	x15,x11,x8	 x11:0x00000000  x8:0x80009fc4 x15=0x00000000
       12465000	      1245	80001c58	516bc993	xori	x19,x23,1302	 x23:0xbf7fca33 x19=0xbf7fcf25
       12475000	      1246	80001c5c	030b0863	beq	x22,x16,80001c8c	 x22:0x00000001 x16:0x01fffff5
       12485000	      1247	80001c60	03a90063	beq	x18,x26,80001c80	 x18:0xaa83f6e2 x26:0x000003ff
       12495000	      1248	80001c64	00626133	or	x2,x4,x6	  x4:0x00000000  x6:0xffffffc5  x2=0xffffffc5
       12505000	      1249	80001c68	00379613	slli	x12,x15,0x3	 x15:0x00000000 x12=0x00000000
       12515000	      1250	80001c6c	00331c13	slli	x24,x6,0x3	  x6:0xffffffc5 x24=0xfffffe28
       12525000	      1251	80001c70	41a004b3	sub	x9,x0,x26	  x0:0x00000000 x26:0x000003ff  x9=0xfffffc01
       12535000	      1252	80001c74	01914a33	xor	x20,x2,x25	  x2:0xffffffc5 x25:0x00000000 x20=0xffffffc5
       12545000	      1253	80001c78	367b0913	addi	x18,x22,871	 x22:0x00000001 x18=0x00000368
       12555000	      1254	80001c7c	a18b62b7	lui	x5,0xa18b6	  x5=0xa18b6000
       12565000	      1255	80001c80	017f0db3	add	x27,x30,x23	 x30:0x00000001 x23:0xbf7fca33 x27=0xbf7fca34
       12575000	      1256	80001c84	0125ccb3	xor	x25,x11,x18	 x11:0x00000000 x18:0x00000368 x25=0x00000368
       12585000	      1257	80001c88	92d50f93	addi	x31,x10,-1747	 x10:0x28bf11a0 x31=0x28bf0acd
       12595000	      1258	80001c8c	01659fb3	sll	x31,x11,x22	 x11:0x00000000 x22:0x00000001 x31=0x00000000
       12605000	      1259	80001c90	01d08233	add	x4,x1,x29	  x1:0xffffffff x29:0x7fff62b2  x4=0x7fff62b1
       12615000	      1260	80001c94	a3f1e813	ori	x16,x3,-1473	  x3:0x31d62c10 x16=0xfffffe3f
       12625000	      1261	80001c98	8b0ff993	andi	x19,x31,-1872	 x31:0x00000000 x19=0x00000000
       12635000	      1262	80001c9c	6e4964b7	lui	x9,0x6e496	  x9=0x6e496000
       12645000	      1263	80001ca0	755e4293	xori	x5,x28,1877	 x28:0xfffffea9  x5=0xfffff9fc
       12655000	      1264	80001ca4	0255de63	bge	x11,x5,80001ce0	 x11:0x00000000  x5:0xfffff9fc
       12665000	      1265	00000000	00000013	addi	x0,x0,0	  x0:0x00000000
       12675000	      1266	80001cdc	00000013	addi	x0,x0,0	  x0:0x00000000
       12685000	      1267	80001ce0	016b7263	bgeu	x22,x22,80001ce4	 x22:0x00000001 x22:0x00000001
       12695000	      1268	00000000	00000013	addi	x0,x0,0	  x0:0x00000000
       12705000	      1269	80001ce0	00000013	addi	x0,x0,0	  x0:0x00000000
       12715000	      1270	80001ce4	68eaf813	andi	x16,x21,1678	 x21:0x0000000f x16=0x0000000e
       12725000	      1271	80001ce8	0043a303	lw	x6,4(x7)	  x7:0x80009f48  x6=0x80000360 PA:0x80009f4c
       12735000	      1272	80001cec	0052d9b3	srl	x19,x5,x5	  x5:0xfffff9fc  x5:0xfffff9fc x19=0x0000000f
       12745000	      1273	80001cf0	03c38393	addi	x7,x7,60	  x7:0x80009f48  x7=0x80009f84
       12755000	      1274	80001cf4	00000013	addi	x0,x0,0	  x0:0x00000000
       12765000	      1275	80001cf8	94506193	ori	x3,x0,-1723	  x0:0x00000000  x3=0xfffff945
       12775000	      1276	80001cfc	6845e993	ori	x19,x11,1668	 x11:0x00000000 x19=0x00000684
       12785000	      1277	80001d00	00130213	addi	x4,x6,1	  x6:0x80000360  x4=0x80000361
       12795000	      1278	80001d04	00020267	jalr	x4,x4,0	  x4:0x80000361  x4=0x80001d04
       12805000	      1279	00000000	00000013	addi	x0,x0,0	  x0:0x00000000
       12815000	      1280	80000360	00000013	addi	x0,x0,0	  x0:0x00000000
       12825000	      1281	80000364	c0830097	auipc	x1,0xc0830	  x1=0x40830360
       12835000	      1282	80000368	417359b3	sra	x19,x6,x23	  x6:0x80000360 x23:0xbf7fca33 x19=0xfffff000
       12845000	      1283	8000036c	0090bdb3	sltu	x27,x1,x9	  x1:0x40830360  x9:0x6e496000 x27=0x00000001
       12855000	      1284	80000370	8c6a7913	andi	x18,x20,-1850	 x20:0xffffffc5 x18=0xfffff8c4
       12865000	      1285	80000374	98504b93	xori	x23,x0,-1659	  x0:0x00000000 x23=0xfffff985
       12875000	      1286	80000378	01759263	bne	x11,x23,8000037c	 x11:0x00000000 x23:0xfffff985
       12885000	      1287	00000000	00000013	addi	x0,x0,0	  x0:0x00000000
       12895000	      1288	80000378	00000013	addi	x0,x0,0	  x0:0x00000000
       12905000	      1289	8000037c	010e1093	slli	x1,x28,0x10	 x28:0xfffffea9  x1=0xfea90000
       12915000	      1290	80000380	004d0133	add	x2,x26,x4	 x26:0x000003ff  x4:0x80001d04  x2=0x80002103
       12925000	      1291	80000384	013cf8b3	and	x17,x25,x19	 x25:0x00000368 x19:0xfffff000 x17=0x00000000
       12935000	      1292	80000388	00af4333	xor	x6,x30,x10	 x30:0x00000001 x10:0x28bf11a0  x6=0x28bf11a1
       12945000	      1293	8000038c	008061b3	or	x3,x0,x8	  x0:0x00000000  x8:0x80009fc4  x3=0x80009fc4
       12955000	      1294	80000390	419b82b3	sub	x5,x23,x25	 x23:0xfffff985 x25:0x00000368  x5=0xfffff61d
       12965000	      1295	80000394	4079dcb3	sra	x25,x19,x7	 x19:0xfffff000  x7:0x80009f84 x25=0xffffff00
       12975000	      1296	80000398	03807a63	bgeu	x0,x24,800003cc	  x0:0x00000000 x24:0xfffffe28
       12985000	      1297	8000039c	41ad8133	sub	x2,x27,x26	 x27:0x00000001 x26:0x000003ff  x2=0xfffffc02
       12995000	      1298	800003a0	01445813	srli	x16,x8,0x14	  x8:0x80009fc4 x16=0x00000800
       13005000	      1299	800003a4	007942b3	xor	x5,x18,x7	 x18:0xfffff8c4  x7:0x80009f84  x5=0x7fff6740
       13015000	      1300	800003a8	05d7c063	blt	x15,x29,800003e8	 x15:0x00000000 x29:0x7fff62b2
       13025000	      1301	00000000	00000013	addi	x0,x0,0	  x0:0x00000000
       13035000	      1302	800003e4	00000013	addi	x0,x0,0	  x0:0x00000000
       13045000	      1303	800003e8	003374b3	and	x9,x6,x3	  x6:0x28bf11a1  x3:0x80009fc4  x9=0x00001180
       13055000	      1304	800003ec	39ccc197	auipc	x3,0x39ccc	  x3=0xb9ccc3e8
       13065000	      1305	800003f0	00000013	addi	x0,x0,0	  x0:0x00000000
       13075000	      1306	800003f4	0091f733	and	x14,x3,x9	  x3:0xb9ccc3e8  x9:0x00001180 x14=0x00000180
       13085000	      1307	800003f8	40a20a33	sub	x20,x4,x10	  x4:0x80001d04 x10:0x28bf11a0 x20=0x57410b64
       13095000	      1308	800003fc	f644c4b7	lui	x9,0xf644c	  x9=0xf644c000
       13105000	      1309	80000400	00000c17	auipc	x24,0x0	 x24=0x800003fc
       13115000	      1310	80000404	544c0c13	addi	x24,x24,1348	 x24:0x800003fc x24=0x80000940
       13125000	      1311	80000408	00000013	addi	x0,x0,0	  x0:0x00000000
       13135000	      1312	8000040c	084c0c13	addi	x24,x24,132	 x24:0x80000940 x24=0x800009c4
       13145000	      1313	80000410	07578613	addi	x12,x15,117	 x15:0x00000000 x12=0x00000075
       13155000	      1314	80000414	00bb5793	srli	x15,x22,0xb	 x22:0x00000001 x15=0x00000000
       13165000	      1315	80000418	83413293	sltiu	x5,x2,-1996	  x2:0xfffffc02  x5=0x00000000
       13175000	      1316	8000041c	09ca3b13	sltiu	x22,x20,156	 x20:0x57410b64 x22=0x00000000
       13185000	      1317	80000420	34720e37	lui	x28,0x34720	 x28=0x34720000
       13195000	      1318	80000424	f7dc0367	jalr	x6,x24,-131	 x24:0x800009c4  x6=0x80000424
       13205000	      1319	00000000	00000013	addi	x0,x0,0	  x0:0x00000000
       13215000	      1320	80000940	00000013	addi	x0,x0,0	  x0:0x00000000
       13225000	      1321	80000944	00a65bb3	srl	x23,x12,x10	 x12:0x00000075 x10:0x28bf11a0 x23=0x00000075
       13235000	      1322	80000948	0024d9b3	srl	x19,x9,x2	  x9:0xf644c000  x2:0xfffffc02 x19=0x3d913000
       13245000	      1323	8000094c	0144f8b3	and	x17,x9,x20	  x9:0xf644c000 x20:0x57410b64 x17=0x56400000
       13255000	      1324	80000950	4176d493	srai	x9,x13,0x17	 x13:0x200027d2  x9=0x00000040
       13265000	      1325	80000954	1429f993	andi	x19,x19,322	 x19:0x3d913000 x19=0x00000000
       13275000	      1326	80000958	41355d33	sra	x26,x10,x19	 x10:0x28bf11a0 x19:0x00000000 x26=0x28bf11a0
       13285000	      1327	8000095c	fc438393	addi	x7,x7,-60	  x7:0x80009f84  x7=0x80009f48
       13295000	      1328	80000960	017c07b3	add	x15,x24,x23	 x24:0x800009c4 x23:0x00000075 x15=0x80000a39
       13305000	      1329	80000964	40025bb3	sra	x23,x4,x0	  x4:0x80001d04  x0:0x00000000 x23=0x80001d04
       13315000	      1330	80000968	016d3633	sltu	x12,x26,x22	 x26:0x28bf11a0 x22:0x00000000 x12=0x00000000
       13325000	      1331	8000096c	0063a223	sw	x6,4(x7)	  x7:0x80009f48  x6:0x80000424 PA:0x80009f4c
       13335000	      1332	80000970	c8463a17	auipc	x20,0xc8463	 x20=0x4846396c
       13345000	      1333	80000974	00008117	auipc	x2,0x8	  x2=0x80008970
       13355000	      1334	80000978	1fa10113	addi	x2,x2,506	  x2:0x80008970  x2=0x80008b6a
       13365000	      1335	8000097c	fc411183	lh	x3,-60(x2)	  x2:0x80008b6a  x3=0xfffff86c PA:0x80008b2e
       13375000	      1336	80000980	fd410223	sb	x20,-60(x2)	  x2:0x80008b6a x20:0x4846396c PA:0x80008b2e
       13385000	      1337	80000984	40d60bb3	sub	x23,x12,x13	 x12:0x00000000 x13:0x200027d2 x23=0xdfffd82e
       13395000	      1338	80000988	03d11523	sh	x29,42(x2)	  x2:0x80008b6a x29:0x7fff62b2 PA:0x80008b94
       13405000	      1339	8000098c	8ac9fc13	andi	x24,x19,-1876	 x19:0x00000000 x24=0x00000000
       13415000	      1340	80000990	02a10183	lb	x3,42(x2)	  x2:0x80008b6a  x3=0xffffffb2 PA:0x80008b94
       13425000	      1341	80000994	02a12b03	lw	x22,42(x2)	  x2:0x80008b6a x22=0x76de62b2 PA:0x80008b94
       13435000	      1342	80000998	02a12f83	lw	x31,42(x2)	  x2:0x80008b6a x31=0x76de62b2 PA:0x80008b94
       13445000	      1343	8000099c	02a14e83	lbu	x29,42(x2)	  x2:0x80008b6a x29=0x000000b2 PA:0x80008b94
       13455000	      1344	800009a0	02a14a83	lbu	x21,42(x2)	  x2:0x80008b6a x21=0x000000b2 PA:0x80008b94
       13465000	      1345	800009a4	00c14f83	lbu	x31,12(x2)	  x2:0x80008b6a x31=0x00000000 PA:0x80008b76
       13475000	      1346	800009a8	03410903	lb	x18,52(x2)	  x2:0x80008b6a x18=0xffffffae PA:0x80008b9e
       13485000	      1347	800009ac	00007e97	auipc	x29,0x7	 x29=0x800079a8
       13495000	      1348	800009b0	7c8e8e93	addi	x29,x29,1992	 x29:0x800079a8 x29=0x80008170
       13505000	      1349	800009b4	00fe8d83	lb	x27,15(x29)	 x29:0x80008170 x27=0xffffff90 PA:0x8000817f
       13515000	      1350	800009b8	00000013	addi	x0,x0,0	  x0:0x00000000
       13525000	      1351	800009bc	00498933	add	x18,x19,x4	 x19:0x00000000  x4:0x80001d04 x18=0x80001d04
       13535000	      1352	800009c0	ff9ecf83	lbu	x31,-7(x29)	 x29:0x80008170 x31=0x00000098 PA:0x80008169
       13545000	      1353	800009c4	409d56b3	sra	x13,x26,x9	 x26:0x28bf11a0  x9:0x00000040 x13=0x28bf11a0
       13555000	      1354	800009c8	009bf1b3	and	x3,x23,x9	 x23:0xdfffd82e  x9:0x00000040  x3=0x00000000
       13565000	      1355	800009cc	ff9ec203	lbu	x4,-7(x29)	 x29:0x80008170  x4=0x00000098 PA:0x80008169
       13575000	      1356	800009d0	ff9e8b03	lb	x22,-7(x29)	 x29:0x80008170 x22=0xffffff98 PA:0x80008169
       13585000	      1357	800009d4	01d32ab3	slt	x21,x6,x29	  x6:0x80000424 x29:0x80008170 x21=0x00000001
       13595000	      1358	800009d8	ff5e8ca3	sb	x21,-7(x29)	 x29:0x80008170 x21:0x00000001 PA:0x80008169
       13605000	      1359	800009dc	ff0ed003	lhu	x0,-16(x29)	 x29:0x80008170 PA:0x80008160
       13615000	      1360	800009e0	ffdec883	lbu	x17,-3(x29)	 x29:0x80008170 x17=0x00000095 PA:0x8000816d
       13625000	      1361	800009e4	009ecf03	lbu	x30,9(x29)	 x29:0x80008170 x30=0x00000015 PA:0x80008179
       13635000	      1362	800009e8	ff9e8b03	lb	x22,-7(x29)	 x29:0x80008170 x22=0x00000001 PA:0x80008169
       13645000	      1363	800009ec	ff9e8f83	lb	x31,-7(x29)	 x29:0x80008170 x31=0x00000001 PA:0x80008169
       13655000	      1364	800009f0	fe6e8ca3	sb	x6,-7(x29)	 x29:0x80008170  x6:0x80000424 PA:0x80008169
       13665000	      1365	800009f4	fe0e8ca3	sb	x0,-7(x29)	 x29:0x80008170  x0:0x00000000 PA:0x80008169
       13675000	      1366	800009f8	ff9e8283	lb	x5,-7(x29)	 x29:0x80008170  x5=0x00000000 PA:0x80008169
       13685000	      1367	800009fc	ff9ec683	lbu	x13,-7(x29)	 x29:0x80008170 x13=0x00000000 PA:0x80008169
       13695000	      1368	80000a00	ffae8ca3	sb	x26,-7(x29)	 x29:0x80008170 x26:0x28bf11a0 PA:0x80008169
       13705000	      1369	80000a04	01ce9223	sh	x28,4(x29)	 x29:0x80008170 x28:0x34720000 PA:0x80008174
       13715000	      1370	80000a08	00008817	auipc	x16,0x8	 x16=0x80008a04
       13725000	      1371	80000a0c	8ad80813	addi	x16,x16,-1875	 x16:0x80008a04 x16=0x800082b1
       13735000	      1372	80000a10	00008d17	auipc	x26,0x8	 x26=0x80008a0c
       13745000	      1373	80000a14	db5d0d13	addi	x26,x26,-587	 x26:0x80008a0c x26=0x800087c1
       13755000	      1374	80000a18	00008a97	auipc	x21,0x8	 x21=0x80008a14
       13765000	      1375	80000a1c	a8ca8a93	addi	x21,x21,-1396	 x21:0x80008a14 x21=0x800084a0
       13775000	      1376	80000a20	00fd4583	lbu	x11,15(x26)	 x26:0x800087c1 x11=0x00000084 PA:0x800087d0
       13785000	      1377	80000a24	03aa8ca3	sb	x26,57(x21)	 x21:0x800084a0 x26:0x800087c1 PA:0x800084d9
       13795000	      1378	80000a28	001d4183	lbu	x3,1(x26)	 x26:0x800087c1  x3=0x0000001b PA:0x800087c2
       13805000	      1379	80000a2c	245803a3	sb	x5,583(x16)	 x16:0x800082b1  x5:0x00000000 PA:0x800084f8
       13815000	      1380	80000a30	12c80783	lb	x15,300(x16)	 x16:0x800082b1 x15=0xffffff9c PA:0x800083dd
       13825000	      1381	80000a34	fd3aac23	sw	x19,-40(x21)	 x21:0x800084a0 x19:0x00000000 PA:0x80008478
       13835000	      1382	80000a38	3d382c83	lw	x25,979(x16)	 x16:0x800082b1 x25=0xe5e61761 PA:0x80008684
       13845000	      1383	80000a3c	004d4303	lbu	x6,4(x26)	 x26:0x800087c1  x6=0x00000070 PA:0x800087c5
       13855000	      1384	80000a40	031a9923	sh	x17,50(x21)	 x21:0x800084a0 x17:0x00000095 PA:0x800084d2
       13865000	      1385	80000a44	005d4e03	lbu	x28,5(x26)	 x26:0x800087c1 x28=0x0000009c PA:0x800087c6
       13875000	      1386	80000a48	e8a80283	lb	x5,-374(x16)	 x16:0x800082b1  x5=0x0000004e PA:0x8000813b
       13885000	      1387	80000a4c	008d4883	lbu	x17,8(x26)	 x26:0x800087c1 x17=0x00000039 PA:0x800087c9
       13895000	      1388	80000a50	032a8103	lb	x2,50(x21)	 x21:0x800084a0  x2=0xffffff95 PA:0x800084d2
       13905000	      1389	80000a54	ff7a8103	lb	x2,-9(x21)	 x21:0x800084a0  x2=0x00000058 PA:0x80008497
       13915000	      1390	80000a58	fe1d0d23	sb	x1,-6(x26)	 x26:0x800087c1  x1:0xfea90000 PA:0x800087bb
       13925000	      1391	80000a5c	0ac80b83	lb	x23,172(x16)	 x16:0x800082b1 x23=0x0000003e PA:0x8000835d
       13935000	      1392	80000a60	006a9783	lh	x15,6(x21)	 x21:0x800084a0 x15=0xffffd042 PA:0x800084a6
       13945000	      1393	80000a64	feba84a3	sb	x11,-23(x21)	 x21:0x800084a0 x11:0x00000084 PA:0x80008489
       13955000	      1394	80000a68	034aa983	lw	x19,52(x21)	 x21:0x800084a0 x19=0xad368498 PA:0x800084d4
       13965000	      1395	80000a6c	00dd1003	lh	x0,13(x26)	 x26:0x800087c1 PA:0x800087ce
       13975000	      1396	80000a70	1c880b03	lb	x22,456(x16)	 x16:0x800082b1 x22=0x00000000 PA:0x80008479
       13985000	      1397	80000a74	00fd1f03	lh	x30,15(x26)	 x26:0x800087c1 x30=0xffff9284 PA:0x800087d0
       13995000	      1398	80000a78	fc6ad703	lhu	x14,-58(x21)	 x21:0x800084a0 x14=0x00005f76 PA:0x80008466
       14005000	      1399	80000a7c	00da8c23	sb	x13,24(x21)	 x21:0x800084a0 x13:0x00000000 PA:0x800084b8
       14015000	      1400	80000a80	00cd0723	sb	x12,14(x26)	 x26:0x800087c1 x12:0x00000000 PA:0x800087cf
       14025000	      1401	80000a84	00007a97	auipc	x21,0x7	 x21=0x80007a80
       14035000	      1402	80000a88	7c4a8a93	addi	x21,x21,1988	 x21:0x80007a80 x21=0x80008244
       14045000	      1403	80000a8c	00007097	auipc	x1,0x7	  x1=0x80007a88
       14055000	      1404	80000a90	71008093	addi	x1,x1,1808	  x1:0x80007a88  x1=0x80008198
       14065000	      1405	80000a94	0f1acb83	lbu	x23,241(x21)	 x21:0x80008244 x23=0x00000001 PA:0x80008335
       14075000	      1406	80000a98	ffa0c603	lbu	x12,-6(x1)	  x1:0x80008198 x12=0x00000044 PA:0x80008192
       14085000	      1407	00000000	00000013	addi	x0,x0,0	  x0:0x00000000
       14095000	      1408	80000a9c	00c09183	lh	x3,12(x1)	  x1:0x80008198  x3=0xffffb666 PA:0x800081a4
       14105000	      1409	80000aa0	f6facb03	lbu	x22,-145(x21)	 x21:0x80008244 x22=0x000000e2 PA:0x800081b3
       14115000	      1410	80000aa4	063ac903	lbu	x18,99(x21)	 x21:0x80008244 x18=0x00000027 PA:0x800082a7
       14125000	      1411	80000aa8	00b084a3	sb	x11,9(x1)	  x1:0x80008198 x11:0x00000084 PA:0x800081a1
       14135000	      1412	80000aac	ffb08b23	sb	x27,-10(x1)	  x1:0x80008198 x27:0xffffff90 PA:0x8000818e
       14145000	      1413	80000ab0	f82adf83	lhu	x31,-126(x21)	 x21:0x80008244 x31=0x000009b0 PA:0x800081c6
       14155000	      1414	80000ab4	ff808683	lb	x13,-8(x1)	  x1:0x80008198 x13=0xffffffe4 PA:0x80008190
       14165000	      1415	80000ab8	f33a82a3	sb	x19,-219(x21)	 x21:0x80008244 x19:0xad368498 PA:0x80008169
       14175000	      1416	80000abc	0090cd03	lbu	x26,9(x1)	  x1:0x80008198 x26=0x00000084 PA:0x800081a1
       14185000	      1417	80000ac0	ffd08103	lb	x2,-3(x1)	  x1:0x80008198  x2=0x00000073 PA:0x80008195
       14195000	      1418	80000ac4	ffd0c783	lbu	x15,-3(x1)	  x1:0x80008198 x15=0x00000073 PA:0x80008195
       14205000	      1419	80000ac8	fff0cf03	lbu	x30,-1(x1)	  x1:0x80008198 x30=0x00000065 PA:0x80008197
       14215000	      1420	80000acc	042a8f03	lb	x30,66(x21)	 x21:0x80008244 x30=0xffffffbd PA:0x80008286
       14225000	      1421	80000ad0	ff90cd03	lbu	x26,-7(x1)	  x1:0x80008198 x26=0x0000004d PA:0x80008191
       14235000	      1422	80000ad4	00008e17	auipc	x28,0x8	 x28=0x80008ad0
       14245000	      1423	80000ad8	287e0e13	addi	x28,x28,647	 x28:0x80008ad0 x28=0x80008d57
       14255000	      1424	80000adc	01de0623	sb	x29,12(x28)	 x28:0x80008d57 x29:0x80008170 PA:0x80008d63
       14265000	      1425	80000ae0	002e0623	sb	x2,12(x28)	 x28:0x80008d57  x2:0x00000073 PA:0x80008d63
       14275000	      1426	80000ae4	fe5e0823	sb	x5,-16(x28)	 x28:0x80008d57  x5:0x0000004e PA:0x80008d47
       14285000	      1427	80000ae8	ff0e4283	lbu	x5,-16(x28)	 x28:0x80008d57  x5=0x0000004e PA:0x80008d47
       14295000	      1428	80000aec	afcf8793	addi	x15,x31,-1284	 x31:0x000009b0 x15=0x000004ac
       14305000	      1429	80000af0	41b65133	sra	x2,x12,x27	 x12:0x00000044 x27:0xffffff90  x2=0x00000000
       14315000	      1430	80000af4	ffee4803	lbu	x16,-2(x28)	 x28:0x80008d57 x16=0x000000cc PA:0x80008d55
       14325000	      1431	80000af8	ffee4183	lbu	x3,-2(x28)	 x28:0x80008d57  x3=0x000000cc PA:0x80008d55
       14335000	      1432	80000afc	ffee0883	lb	x17,-2(x28)	 x28:0x80008d57 x17=0xffffffcc PA:0x80008d55
       14345000	      1433	80000b00	ffee0083	lb	x1,-2(x28)	 x28:0x80008d57  x1=0xffffffcc PA:0x80008d55
       14355000	      1434	80000b04	fece1ca3	sh	x12,-7(x28)	 x28:0x80008d57 x12:0x00000044 PA:0x80008d50
       14365000	      1435	80000b08	ff7e1ca3	sh	x23,-7(x28)	 x28:0x80008d57 x23:0x00000001 PA:0x80008d50
       14375000	      1436	80000b0c	ff9e5103	lhu	x2,-7(x28)	 x28:0x80008d57  x2=0x00000001 PA:0x80008d50
       14385000	      1437	80000b10	00ce0323	sb	x12,6(x28)	 x28:0x80008d57 x12:0x00000044 PA:0x80008d5d
       14395000	      1438	80000b14	00457733	and	x14,x10,x4	 x10:0x28bf11a0  x4:0x00000098 x14=0x00000080
       14405000	      1439	80000b18	41540cb3	sub	x25,x8,x21	  x8:0x80009fc4 x21:0x80008244 x25=0x00001d80
       14415000	      1440	80000b1c	01be0223	sb	x27,4(x28)	 x28:0x80008d57 x27:0xffffff90 PA:0x80008d5b
       14425000	      1441	80000b20	00008117	auipc	x2,0x8	  x2=0x80008b1c
       14435000	      1442	80000b24	eeb10113	addi	x2,x2,-277	  x2:0x80008b1c  x2=0x80008a07
       14445000	      1443	80000b28	09314c83	lbu	x25,147(x2)	  x2:0x80008a07 x25=0x000000a0 PA:0x80008a9a
       14455000	      1444	80000b2c	00000013	addi	x0,x0,0	  x0:0x00000000
       14465000	      1445	80000b30	4023dc33	sra	x24,x7,x2	  x7:0x80009f48  x2:0x80008a07 x24=0xff00013e
       14475000	      1446	80000b34	09311283	lh	x5,147(x2)	  x2:0x80008a07  x5=0x000011a0 PA:0x80008a9a
       14485000	      1447	80000b38	080109a3	sb	x0,147(x2)	  x2:0x80008a07  x0:0x00000000 PA:0x80008a9a
       14495000	      1448	80000b3c	00819593	slli	x11,x3,0x8	  x3:0x000000cc x11=0x0000cc00
       14505000	      1449	80000b40	08a119a3	sh	x10,147(x2)	  x2:0x80008a07 x10:0x28bf11a0 PA:0x80008a9a
       14515000	      1450	80000b44	f44101a3	sb	x4,-189(x2)	  x2:0x80008a07  x4:0x00000098 PA:0x8000894a
       14525000	      1451	80000b48	f44101a3	sb	x4,-189(x2)	  x2:0x80008a07  x4:0x00000098 PA:0x8000894a
       14535000	      1452	80000b4c	f4314d03	lbu	x26,-189(x2)	  x2:0x80008a07 x26=0x00000098 PA:0x8000894a
       14545000	      1453	80000b50	f4310903	lb	x18,-189(x2)	  x2:0x80008a07 x18=0xffffff98 PA:0x8000894a
       14555000	      1454	80000b54	2c23ca13	xori	x20,x7,706	  x7:0x80009f48 x20=0x80009d8a
       14565000	      1455	80000b58	f4310c83	lb	x25,-189(x2)	  x2:0x80008a07 x25=0xffffff98 PA:0x8000894a
       14575000	      1456	80000b5c	f4310283	lb	x5,-189(x2)	  x2:0x80008a07  x5=0xffffff98 PA:0x8000894a
       14585000	      1457	80000b60	4bcb7f13	andi	x30,x22,1212	 x22:0x000000e2 x30=0x000000a0
       14595000	      1458	80000b64	f5a101a3	sb	x26,-189(x2)	  x2:0x80008a07 x26:0x00000098 PA:0x8000894a
       14605000	      1459	80000b68	01752933	slt	x18,x10,x23	 x10:0x28bf11a0 x23:0x00000001 x18=0x00000000
       14615000	      1460	80000b6c	f4315b83	lhu	x23,-189(x2)	  x2:0x80008a07 x23=0x00002a98 PA:0x8000894a
       14625000	      1461	80000b70	0a512e83	lw	x29,165(x2)	  x2:0x80008a07 x29=0x00009f48 PA:0x80008aac
       14635000	      1462	80000b74	0ac122a3	sw	x12,165(x2)	  x2:0x80008a07 x12:0x00000044 PA:0x80008aac
       14645000	      1463	80000b78	0a7112a3	sh	x7,165(x2)	  x2:0x80008a07  x7:0x80009f48 PA:0x80008aac
       14655000	      1464	80000b7c	00008217	auipc	x4,0x8	  x4=0x80008b78
       14665000	      1465	80000b80	da420213	addi	x4,x4,-604	  x4:0x80008b78  x4=0x8000891c
       14675000	      1466	80000b84	f5b20303	lb	x6,-165(x4)	  x4:0x8000891c  x6=0xffffffe0 PA:0x80008877
       14685000	      1467	80000b88	09920c23	sb	x25,152(x4)	  x4:0x8000891c x25:0xffffff98 PA:0x800089b4
       14695000	      1468	80000b8c	0e720d83	lb	x27,231(x4)	  x4:0x8000891c x27=0xfffffff8 PA:0x80008a03
       14705000	      1469	80000b90	00008c17	auipc	x24,0x8	 x24=0x80008b8c
       14715000	      1470	80000b94	fb6c0c13	addi	x24,x24,-74	 x24:0x80008b8c x24=0x80008b42
       14725000	      1471	80000b98	09f24803	lbu	x16,159(x4)	  x4:0x8000891c x16=0x00000027 PA:0x800089bb
       14735000	      1472	80000b9c	30bc0303	lb	x6,779(x24)	 x24:0x80008b42  x6=0x0000001f PA:0x80008e4d
       14745000	      1473	80000ba0	d37c4903	lbu	x18,-713(x24)	 x24:0x80008b42 x18=0x000000a0 PA:0x80008879
       14755000	      1474	80000ba4	276c4f83	lbu	x31,630(x24)	 x24:0x80008b42 x31=0x000000cc PA:0x80008db8
       14765000	      1475	80000ba8	319c0fa3	sb	x25,799(x24)	 x24:0x80008b42 x25:0xffffff98 PA:0x80008e61
       14775000	      1476	80000bac	f7b24683	lbu	x13,-133(x4)	  x4:0x8000891c x13=0x000000a1 PA:0x80008897
       14785000	      1477	80000bb0	f2921d23	sh	x9,-198(x4)	  x4:0x8000891c  x9:0x00000040 PA:0x80008856
       14795000	      1478	80000bb4	d60c2b23	sw	x0,-650(x24)	 x24:0x80008b42  x0:0x00000000 PA:0x800088b8
       14805000	      1479	80000bb8	00008117	auipc	x2,0x8	  x2=0x80008bb4
       14815000	      1480	80000bbc	98610113	addi	x2,x2,-1658	  x2:0x80008bb4  x2=0x8000853a
       14825000	      1481	80000bc0	ff110703	lb	x14,-15(x2)	  x2:0x8000853a x14=0xffffff98 PA:0x8000852b
       14835000	      1482	80000bc4	ff3108a3	sb	x19,-15(x2)	  x2:0x8000853a x19:0xad368498 PA:0x8000852b
       14845000	      1483	80000bc8	ffd10aa3	sb	x29,-11(x2)	  x2:0x8000853a x29:0x00009f48 PA:0x8000852f
       14855000	      1484	80000bcc	40cbdcb3	sra	x25,x23,x12	 x23:0x00002a98 x12:0x00000044 x25=0x000002a9
       14865000	      1485	80000bd0	00811223	sh	x8,4(x2)	  x2:0x8000853a  x8:0x80009fc4 PA:0x8000853e
       14875000	      1486	80000bd4	0196ceb3	xor	x29,x13,x25	 x13:0x000000a1 x25:0x000002a9 x29=0x00000208
       14885000	      1487	80000bd8	fff10e03	lb	x28,-1(x2)	  x2:0x8000853a x28=0x00000001 PA:0x80008539
       14895000	      1488	80000bdc	ff010f03	lb	x30,-16(x2)	  x2:0x8000853a x30=0x00000071 PA:0x8000852a
       14905000	      1489	80000be0	018103a3	sb	x24,7(x2)	  x2:0x8000853a x24:0x80008b42 PA:0x80008541
       14915000	      1490	80000be4	ff814a83	lbu	x21,-8(x2)	  x2:0x8000853a x21=0x000000cc PA:0x80008532
       14925000	      1491	80000be8	9dd64993	xori	x19,x12,-1571	 x12:0x00000044 x19=0xfffff999
       14935000	      1492	80000bec	00d14c03	lbu	x24,13(x2)	  x2:0x8000853a x24=0x00000044 PA:0x80008547
       14945000	      1493	80000bf0	01a10623	sb	x26,12(x2)	  x2:0x8000853a x26:0x00000098 PA:0x80008546
       14955000	      1494	80000bf4	42c42e93	slti	x29,x8,1068	  x8:0x80009fc4 x29=0x00000001
       14965000	      1495	80000bf8	00372033	slt	x0,x14,x3	 x14:0xffffff98  x3:0x000000cc
       14975000	      1496	80000bfc	000a7ab3	and	x21,x20,x0	 x20:0x80009d8a  x0:0x00000000 x21=0x00000000
       14985000	      1497	80000c00	fe311923	sh	x3,-14(x2)	  x2:0x8000853a  x3:0x000000cc PA:0x8000852c
       14995000	      1498	80000c04	ffd10fa3	sb	x29,-1(x2)	  x2:0x8000853a x29:0x00000001 PA:0x80008539
       15005000	      1499	80000c08	00110183	lb	x3,1(x2)	  x2:0x8000853a  x3=0x00000066 PA:0x8000853b
       15015000	      1500	80000c0c	01f10423	sb	x31,8(x2)	  x2:0x8000853a x31:0x000000cc PA:0x80008542
       15025000	      1501	80000c10	fff11c23	sh	x31,-8(x2)	  x2:0x8000853a x31:0x000000cc PA:0x80008532
       15035000	      1502	80000c14	01014303	lbu	x6,16(x2)	  x2:0x8000853a  x6=0x00000081 PA:0x8000854a
       15045000	      1503	80000c18	7652f813	andi	x16,x5,1893	  x5:0xffffff98 x16=0x00000700
       15055000	      1504	80000c1c	00fcc333	xor	x6,x25,x15	 x25:0x000002a9 x15:0x000004ac  x6=0x00000605
       15065000	      1505	80000c20	00610303	lb	x6,6(x2)	  x2:0x8000853a  x6=0xffffffe9 PA:0x80008540
       15075000	      1506	80000c24	ffb11a23	sh	x27,-12(x2)	  x2:0x8000853a x27:0xfffffff8 PA:0x8000852e
       15085000	      1507	80000c28	00b9f9b3	and	x19,x19,x11	 x19:0xfffff999 x11:0x0000cc00 x19=0x0000c800
       15095000	      1508	80000c2c	ff210f03	lb	x30,-14(x2)	  x2:0x8000853a x30=0xffffffcc PA:0x8000852c
       15105000	      1509	80000c30	00000013	addi	x0,x0,0	  x0:0x00000000
       15115000	      1510	80000c34	00510183	lb	x3,5(x2)	  x2:0x8000853a  x3=0xffffff9f PA:0x8000853f
       15125000	      1511	80000c38	ffc10e03	lb	x28,-4(x2)	  x2:0x8000853a x28=0xffffffcc PA:0x80008536
       15135000	      1512	80000c3c	00711423	sh	x7,8(x2)	  x2:0x8000853a  x7:0x80009f48 PA:0x80008542
       15145000	      1513	80000c40	ff014b83	lbu	x23,-16(x2)	  x2:0x8000853a x23=0x00000071 PA:0x8000852a
       15155000	      1514	80000c44	00710783	lb	x15,7(x2)	  x2:0x8000853a x15=0x00000042 PA:0x80008541
       15165000	      1515	80000c48	ff714a03	lbu	x20,-9(x2)	  x2:0x8000853a x20=0x00000091 PA:0x80008531
       15175000	      1516	80000c4c	00314803	lbu	x16,3(x2)	  x2:0x8000853a x16=0x00000094 PA:0x8000853d
       15185000	      1517	80000c50	ff111e23	sh	x17,-4(x2)	  x2:0x8000853a x17:0xffffffcc PA:0x80008536
       15195000	      1518	80000c54	0287f813	andi	x16,x15,40	 x15:0x00000042 x16=0x00000000
       15205000	      1519	80000c58	00514003	lbu	x0,5(x2)	  x2:0x8000853a PA:0x8000853f
       15215000	      1520	80000c5c	ff415883	lhu	x17,-12(x2)	  x2:0x8000853a x17=0x0000fff8 PA:0x8000852e
       15225000	      1521	80000c60	51018637	lui	x12,0x51018	 x12=0x51018000
       15235000	      1522	80000c64	ff110e83	lb	x29,-15(x2)	  x2:0x8000853a x29=0xffffff98 PA:0x8000852b
       15245000	      1523	80000c68	00008797	auipc	x15,0x8	 x15=0x80008c64
       15255000	      1524	80000c6c	1fa78793	addi	x15,x15,506	 x15:0x80008c64 x15=0x80008e5e
       15265000	      1525	80000c70	f1879f83	lh	x31,-232(x15)	 x15:0x80008e5e x31=0xffffdfcc PA:0x80008d76
       15275000	      1526	80000c74	e1878123	sb	x24,-510(x15)	 x15:0x80008e5e x24:0x00000044 PA:0x80008c60
       15285000	      1527	80000c78	01f8b833	sltu	x16,x17,x31	 x17:0x0000fff8 x31:0xffffdfcc x16=0x00000001
       15295000	      1528	80000c7c	01214bb3	xor	x23,x2,x18	  x2:0x8000853a x18:0x000000a0 x23=0x8000859a
       15305000	      1529	80000c80	0ad7c683	lbu	x13,173(x15)	 x15:0x80008e5e x13=0x000000c8 PA:0x80008f0b
       15315000	      1530	80000c84	00f1d6b3	srl	x13,x3,x15	  x3:0xffffff9f x15:0x80008e5e x13=0x00000003
       15325000	      1531	80000c88	ad0af313	andi	x6,x21,-1328	 x21:0x00000000  x6=0x00000000
       15335000	      1532	80000c8c	f6d7c903	lbu	x18,-147(x15)	 x15:0x80008e5e x18=0x0000009e PA:0x80008dcb
       15345000	      1533	80000c90	b5578703	lb	x14,-1195(x15)	 x15:0x80008e5e x14=0x00000051 PA:0x800089b3
       15355000	      1534	80000c94	0007d033	srl	x0,x15,x0	 x15:0x80008e5e  x0:0x00000000
       15365000	      1535	80000c98	c5778803	lb	x16,-937(x15)	 x15:0x80008e5e x16=0xffffffce PA:0x80008ab5
       15375000	      1536	80000c9c	00000013	addi	x0,x0,0	  x0:0x00000000
       15385000	      1537	80000ca0	b627dc83	lhu	x25,-1182(x15)	 x15:0x80008e5e x25=0x00005ec3 PA:0x800089c0
       15395000	      1538	80000ca4	1287c883	lbu	x17,296(x15)	 x15:0x80008e5e x17=0x000000a3 PA:0x80008f86
       15405000	      1539	80000ca8	0139a1b3	slt	x3,x19,x19	 x19:0x0000c800 x19:0x0000c800  x3=0x00000000
       15415000	      1540	80000cac	40300f33	sub	x30,x0,x3	  x0:0x00000000  x3:0x00000000 x30=0x00000000
       15425000	      1541	80000cb0	a957ca83	lbu	x21,-1387(x15)	 x15:0x80008e5e x21=0x0000007e PA:0x800088f3
       15435000	      1542	80000cb4	eab787a3	sb	x11,-337(x15)	 x15:0x80008e5e x11:0x0000cc00 PA:0x80008d0d
       15445000	      1543	80000cb8	e79786a3	sb	x25,-403(x15)	 x15:0x80008e5e x25:0x00005ec3 PA:0x80008ccb
       15455000	      1544	80000cbc	ad279623	sh	x18,-1332(x15)	 x15:0x80008e5e x18:0x0000009e PA:0x8000892a
       15465000	      1545	80000cc0	91234913	xori	x18,x6,-1774	  x6:0x00000000 x18=0xfffff912
       15475000	      1546	80000cc4	0627db03	lhu	x22,98(x15)	 x15:0x80008e5e x22=0x00004be6 PA:0x80008ec0
       15485000	      1547	80000cc8	e445b193	sltiu	x3,x11,-444	 x11:0x0000cc00  x3=0x00000001
       15495000	      1548	80000ccc	e3c7c103	lbu	x2,-452(x15)	 x15:0x80008e5e  x2=0x00000045 PA:0x80008c9a
       15505000	      1549	80000cd0	fdd78da3	sb	x29,-37(x15)	 x15:0x80008e5e x29:0xffffff98 PA:0x80008e39
       15515000	      1550	80000cd4	011c40b3	xor	x1,x24,x17	 x24:0x00000044 x17:0x000000a3  x1=0x000000e7
       15525000	      1551	80000cd8	01c5e033	or	x0,x11,x28	 x11:0x0000cc00 x28:0xffffffcc
       15535000	      1552	80000cdc	a4479803	lh	x16,-1468(x15)	 x15:0x80008e5e x16=0xffffae9a PA:0x800088a2
       15545000	      1553	80000ce0	a9e783a3	sb	x30,-1401(x15)	 x15:0x80008e5e x30:0x00000000 PA:0x800088e5
       15555000	      1554	80000ce4	b8278723	sb	x2,-1138(x15)	 x15:0x80008e5e  x2:0x00000045 PA:0x800089ec
       15565000	      1555	80000ce8	fdd78803	lb	x16,-35(x15)	 x15:0x80008e5e x16=0x00000038 PA:0x80008e3b
       15575000	      1556	80000cec	74fd65b7	lui	x11,0x74fd6	 x11=0x74fd6000
       15585000	      1557	80000cf0	55d8b013	sltiu	x0,x17,1373	 x17:0x000000a3
       15595000	      1558	80000cf4	40e1d233	sra	x4,x3,x14	  x3:0x00000001 x14:0x00000051  x4=0x00000000
       15605000	      1559	80000cf8	11278203	lb	x4,274(x15)	 x15:0x80008e5e  x4=0x00000024 PA:0x80008f70
       15615000	      1560	80000cfc	41688c33	sub	x24,x17,x22	 x17:0x000000a3 x22:0x00004be6 x24=0xffffb4bd
       15625000	      1561	80000d00	a3c7c003	lbu	x0,-1476(x15)	 x15:0x80008e5e PA:0x8000889a
       15635000	      1562	80000d04	01ea9733	sll	x14,x21,x30	 x21:0x0000007e x30:0x00000000 x14=0x0000007e
       15645000	      1563	80000d08	bc07c183	lbu	x3,-1088(x15)	 x15:0x80008e5e  x3=0x0000005d PA:0x80008a1e
       15655000	      1564	80000d0c	00007117	auipc	x2,0x7	  x2=0x80007d08
       15665000	      1565	80000d10	71810113	addi	x2,x2,1816	  x2:0x80007d08  x2=0x80008420
       15675000	      1566	80000d14	cf714b03	lbu	x22,-777(x2)	  x2:0x80008420 x22=0x00000000 PA:0x80008117
       15685000	      1567	80000d18	cfa10ba3	sb	x26,-777(x2)	  x2:0x80008420 x26:0x00000098 PA:0x80008117
       15695000	      1568	80000d1c	ceb10ba3	sb	x11,-777(x2)	  x2:0x80008420 x11:0x74fd6000 PA:0x80008117
       15705000	      1569	80000d20	23112a23	sw	x17,564(x2)	  x2:0x80008420 x17:0x000000a3 PA:0x80008654
       15715000	      1570	80000d24	3f810423	sb	x24,1000(x2)	  x2:0x80008420 x24:0xffffb4bd PA:0x80008808
       15725000	      1571	80000d28	c4e11623	sh	x14,-948(x2)	  x2:0x80008420 x14:0x0000007e PA:0x8000806c
       15735000	      1572	80000d2c	c4c14b03	lbu	x22,-948(x2)	  x2:0x80008420 x22=0x0000007e PA:0x8000806c
       15745000	      1573	80000d30	c4c14203	lbu	x4,-948(x2)	  x2:0x80008420  x4=0x0000007e PA:0x8000806c
       15755000	      1574	80000d34	08610b03	lb	x22,134(x2)	  x2:0x80008420 x22=0x00000042 PA:0x800084a6
       15765000	      1575	80000d38	f7a11903	lh	x18,-134(x2)	  x2:0x80008420 x18=0xffffb4bd PA:0x8000839a
       15775000	      1576	80000d3c	f7a15083	lhu	x1,-134(x2)	  x2:0x80008420  x1=0x0000b4bd PA:0x8000839a
       15785000	      1577	80000d40	2b5be797	auipc	x15,0x2b5be	 x15=0xab5bed3c
       15795000	      1578	80000d44	f7a10303	lb	x6,-134(x2)	  x2:0x80008420  x6=0xffffffbd PA:0x8000839a
       15805000	      1579	80000d48	f6310d23	sb	x3,-134(x2)	  x2:0x80008420  x3:0x0000005d PA:0x8000839a
       15815000	      1580	80000d4c	f7a11603	lh	x12,-134(x2)	  x2:0x80008420 x12=0xffffb45d PA:0x8000839a
       15825000	      1581	80000d50	f7a15a03	lhu	x20,-134(x2)	  x2:0x80008420 x20=0x0000b45d PA:0x8000839a
       15835000	      1582	80000d54	f7511d23	sh	x21,-134(x2)	  x2:0x80008420 x21:0x0000007e PA:0x8000839a
       15845000	      1583	80000d58	f7811d23	sh	x24,-134(x2)	  x2:0x80008420 x24:0xffffb4bd PA:0x8000839a
       15855000	      1584	80000d5c	00008a97	auipc	x21,0x8	 x21=0x80008d58
       15865000	      1585	80000d60	e45a8a93	addi	x21,x21,-443	 x21:0x80008d58 x21=0x80008b9d
       15875000	      1586	80000d64	00008e17	auipc	x28,0x8	 x28=0x80008d60
       15885000	      1587	80000d68	21de0e13	addi	x28,x28,541	 x28:0x80008d60 x28=0x80008f7d
       15895000	      1588	80000d6c	00008897	auipc	x17,0x8	 x17=0x80008d68
       15905000	      1589	80000d70	1aa88893	addi	x17,x17,426	 x17:0x80008d68 x17=0x80008f12
       15915000	      1590	80000d74	8fbe0c23	sb	x27,-1800(x28)	 x28:0x80008f7d x27:0xfffffff8 PA:0x80008875
       15925000	      1591	80000d78	017ace83	lbu	x29,23(x21)	 x21:0x80008b9d x29=0x00000015 PA:0x80008bb4
       15935000	      1592	80000d7c	beae0923	sb	x10,-1038(x28)	 x28:0x80008f7d x10:0x28bf11a0 PA:0x80008b6f
       15945000	      1593	80000d80	00008617	auipc	x12,0x8	 x12=0x80008d7c
       15955000	      1594	80000d84	09f60613	addi	x12,x12,159	 x12:0x80008d7c x12=0x80008e1b
       15965000	      1595	80000d88	01160523	sb	x17,10(x12)	 x12:0x80008e1b x17:0x80008f12 PA:0x80008e25
       15975000	      1596	80000d8c	015ada03	lhu	x20,21(x21)	 x21:0x80008b9d x20=0x0000e67f PA:0x80008bb2
       15985000	      1597	80000d90	00008797	auipc	x15,0x8	 x15=0x80008d8c
       15995000	      1598	80000d94	0af78793	addi	x15,x15,175	 x15:0x80008d8c x15=0x80008e3b
       16005000	      1599	80000d98	11678523	sb	x22,266(x15)	 x15:0x80008e3b x22:0x00000042 PA:0x80008f45
       16015000	      1600	80000d9c	fe1a8183	lb	x3,-31(x21)	 x21:0x80008b9d  x3=0xffffffe6 PA:0x80008b7e
       16025000	      1601	80000da0	ff864583	lbu	x11,-8(x12)	 x12:0x80008e1b x11=0x00000093 PA:0x80008e13
       16035000	      1602	80000da4	bf6e0523	sb	x22,-1046(x28)	 x28:0x80008f7d x22:0x00000042 PA:0x80008b67
       16045000	      1603	80000da8	c917ab03	lw	x22,-879(x15)	 x15:0x80008e3b x22=0xee8f14ff PA:0x80008acc
       16055000	      1604	80000dac	015acb03	lbu	x22,21(x21)	 x21:0x80008b9d x22=0x0000007f PA:0x80008bb2
       16065000	      1605	80000db0	00c64203	lbu	x4,12(x12)	 x12:0x80008e1b  x4=0x00000039 PA:0x80008e27
       16075000	      1606	00000000	00000013	addi	x0,x0,0	  x0:0x00000000
       16085000	      1607	80000db4	00488a03	lb	x20,4(x17)	 x17:0x80008f12 x20=0x00000014 PA:0x80008f16
       16095000	      1608	80000db8	ff264283	lbu	x5,-14(x12)	 x12:0x80008e1b  x5=0x0000003f PA:0x80008e0d
       16105000	      1609	80000dbc	0248d583	lhu	x11,36(x17)	 x17:0x80008f12 x11=0x00007cdd PA:0x80008f36
       16115000	      1610	80000dc0	00a60083	lb	x1,10(x12)	 x12:0x80008e1b  x1=0x00000012 PA:0x80008e25
       16125000	      1611	00000000	00000013	addi	x0,x0,0	  x0:0x00000000
       16135000	      1612	80000dc4	981e0323	sb	x1,-1658(x28)	 x28:0x80008f7d  x1:0x00000012 PA:0x80008903
       16145000	      1613	80000dc8	ffa8dd83	lhu	x27,-6(x17)	 x17:0x80008f12 x27=0x000032a4 PA:0x80008f0c
       16155000	      1614	80000dcc	ca27c203	lbu	x4,-862(x15)	 x15:0x80008e3b  x4=0x00000051 PA:0x80008add
       16165000	      1615	80000dd0	0168c483	lbu	x9,22(x17)	 x17:0x80008f12  x9=0x000000ad PA:0x80008f28
       16175000	      1616	80000dd4	fc6a8983	lb	x19,-58(x21)	 x21:0x80008b9d x19=0x0000000c PA:0x80008b63
       16185000	      1617	80000dd8	ff160d23	sb	x17,-6(x12)	 x12:0x80008e1b x17:0x80008f12 PA:0x80008e15
       16195000	      1618	80000ddc	006883a3	sb	x6,7(x17)	 x17:0x80008f12  x6:0xffffffbd PA:0x80008f19
       16205000	      1619	80000de0	c6578223	sb	x5,-924(x15)	 x15:0x80008e3b  x5:0x0000003f PA:0x80008a9f
       16215000	      1620	80000de4	ffbadf03	lhu	x30,-5(x21)	 x21:0x80008b9d x30=0x0000921d PA:0x80008b98
       16225000	      1621	80000de8	dfbe0323	sb	x27,-538(x28)	 x28:0x80008f7d x27:0x000032a4 PA:0x80008d63
       16235000	      1622	80000dec	03c8c283	lbu	x5,60(x17)	 x17:0x80008f12  x5=0x0000004d PA:0x80008f4e
       16245000	      1623	80000df0	c267cc83	lbu	x25,-986(x15)	 x15:0x80008e3b x25=0x00000083 PA:0x80008a61
       16255000	      1624	00000000	00000013	addi	x0,x0,0	  x0:0x00000000
       16265000	      1625	80000df4	c39798a3	sh	x25,-975(x15)	 x15:0x80008e3b x25:0x00000083 PA:0x80008a6c
       16275000	      1626	80000df8	019adb03	lhu	x22,25(x21)	 x21:0x80008b9d x22=0x0000df2e PA:0x80008bb6
       16285000	      1627	80000dfc	03e886a3	sb	x30,45(x17)	 x17:0x80008f12 x30:0x0000921d PA:0x80008f3f
       16295000	      1628	80000e00	00008497	auipc	x9,0x8	  x9=0x80008dfc
       16305000	      1629	80000e04	a2e48493	addi	x9,x9,-1490	  x9:0x80008dfc  x9=0x8000882a
       16315000	      1630	80000e08	a9ede597	auipc	x11,0xa9ede	 x11=0x29edee04
       16325000	      1631	80000e0c	40cddeb3	sra	x29,x27,x12	 x27:0x000032a4 x12:0x80008e1b x29=0x00000000
       16335000	      1632	80000e10	003efb33	and	x22,x29,x3	 x29:0x00000000  x3:0xffffffe6 x22=0x00000000
       16345000	      1633	80000e14	25567e13	andi	x28,x12,597	 x12:0x80008e1b x28=0x00000211
       16355000	      1634	80000e18	d6374213	xori	x4,x14,-669	 x14:0x0000007e  x4=0xfffffd1d
       16365000	      1635	80000e1c	6724de03	lhu	x28,1650(x9)	  x9:0x8000882a x28=0x0000d47e PA:0x80008e9c
       16375000	      1636	80000e20	09d48c83	lb	x25,157(x9)	  x9:0x8000882a x25=0x0000004d PA:0x800088c7
       16385000	      1637	80000e24	9776f113	andi	x2,x13,-1673	 x13:0x00000003  x2=0x00000003
       16395000	      1638	80000e28	07a49823	sh	x26,112(x9)	  x9:0x8000882a x26:0x00000098 PA:0x8000889a
       16405000	      1639	80000e2c	00adba33	sltu	x20,x27,x10	 x27:0x000032a4 x10:0x28bf11a0 x20=0x00000001
       16415000	      1640	80000e30	01967fb3	and	x31,x12,x25	 x12:0x80008e1b x25:0x0000004d x31=0x00000009
       16425000	      1641	80000e34	00d75b33	srl	x22,x14,x13	 x14:0x0000007e x13:0x00000003 x22=0x0000000f
       16435000	      1642	80000e38	2cb488a3	sb	x11,721(x9)	  x9:0x8000882a x11:0x29edee04 PA:0x80008afb
       16445000	      1643	80000e3c	29b49323	sh	x27,646(x9)	  x9:0x8000882a x27:0x000032a4 PA:0x80008ab0
       16455000	      1644	80000e40	05d488a3	sb	x29,81(x9)	  x9:0x8000882a x29:0x00000000 PA:0x8000887b
       16465000	      1645	80000e44	003747b3	xor	x15,x14,x3	 x14:0x0000007e  x3:0xffffffe6 x15=0xffffff98
       16475000	      1646	80000e48	54049283	lh	x5,1344(x9)	  x9:0x8000882a  x5=0xffffe8ed PA:0x80008d6a
       16485000	      1647	80000e4c	ff47fe93	andi	x29,x15,-12	 x15:0xffffff98 x29=0xffffff90
       16495000	      1648	80000e50	69449103	lh	x2,1684(x9)	  x9:0x8000882a  x2=0x00000000 PA:0x80008ebe
       16505000	      1649	80000e54	60849983	lh	x19,1544(x9)	  x9:0x8000882a x19=0x00006a65 PA:0x80008e32
       16515000	      1650	80000e58	00000013	addi	x0,x0,0	  x0:0x00000000
       16525000	      1651	80000e5c	0abcfab7	lui	x21,0xabcf	 x21=0x0abcf000
       16535000	      1652	80000e60	24848283	lb	x5,584(x9)	  x9:0x8000882a  x5=0x00000060 PA:0x80008a72
       16545000	      1653	80000e64	002b5633	srl	x12,x22,x2	 x22:0x0000000f  x2:0x00000000 x12=0x0000000f
       16555000	      1654	80000e68	2be4d883	lhu	x17,702(x9)	  x9:0x8000882a x17=0x00004d96 PA:0x80008ae8
       16565000	      1655	80000e6c	00008b17	auipc	x22,0x8	 x22=0x80008e68
       16575000	      1656	80000e70	91eb0b13	addi	x22,x22,-1762	 x22:0x80008e68 x22=0x80008786
       16585000	      1657	80000e74	038b5603	lhu	x12,56(x22)	 x22:0x80008786 x12=0x000044df PA:0x800087be
       16595000	      1658	80000e78	085b4983	lbu	x19,133(x22)	 x22:0x80008786 x19=0x000000f3 PA:0x8000880b
       16605000	      1659	80000e7c	404184b3	sub	x9,x3,x4	  x3:0xffffffe6  x4:0xfffffd1d  x9=0x000002c9
       16615000	      1660	80000e80	7feabb93	sltiu	x23,x21,2046	 x21:0x0abcf000 x23=0x00000000
       16625000	      1661	80000e84	f47b0303	lb	x6,-185(x22)	 x22:0x80008786  x6=0x00000029 PA:0x800086cd
       16635000	      1662	80000e88	01ea4733	xor	x14,x20,x30	 x20:0x00000001 x30:0x0000921d x14=0x0000921c
       16645000	      1663	80000e8c	0181a933	slt	x18,x3,x24	  x3:0xffffffe6 x24:0xffffb4bd x18=0x00000000
       16655000	      1664	80000e90	0006d033	srl	x0,x13,x0	 x13:0x00000003  x0:0x00000000
       16665000	      1665	80000e94	00b261b3	or	x3,x4,x11	  x4:0xfffffd1d x11:0x29edee04  x3=0xffffff1d
       16675000	      1666	80000e98	4044da13	srai	x20,x9,0x4	  x9:0x000002c9 x20=0x0000002c
       16685000	      1667	80000e9c	f68b08a3	sb	x8,-143(x22)	 x22:0x80008786  x8:0x80009fc4 PA:0x800086f7
       16695000	      1668	80000ea0	415c0db3	sub	x27,x24,x21	 x24:0xffffb4bd x21:0x0abcf000 x27=0xf542c4bd
       16705000	      1669	80000ea4	f7cb5583	lhu	x11,-132(x22)	 x22:0x80008786 x11=0x0000c9e3 PA:0x80008702
       16715000	      1670	80000ea8	03fb0da3	sb	x31,59(x22)	 x22:0x80008786 x31:0x00000009 PA:0x800087c1
       16725000	      1671	80000eac	00301933	sll	x18,x0,x3	  x0:0x00000000  x3:0xffffff1d x18=0x00000000
       16735000	      1672	80000eb0	40445093	srai	x1,x8,0x4	  x8:0x80009fc4  x1=0xf80009fc
       16745000	      1673	80000eb4	017df0b3	and	x1,x27,x23	 x27:0xf542c4bd x23:0x00000000  x1=0x00000000
       16755000	      1674	80000eb8	5ea75e97	auipc	x29,0x5ea75	 x29=0xdea75eb4
       16765000	      1675	80000ebc	fe01f293	andi	x5,x3,-32	  x3:0xffffff1d  x5=0xffffff00
       16775000	      1676	80000ec0	004d21b3	slt	x3,x26,x4	 x26:0x00000098  x4:0xfffffd1d  x3=0x00000000
       16785000	      1677	80000ec4	68683813	sltiu	x16,x16,1670	 x16:0x00000038 x16=0x00000001
       16795000	      1678	80000ec8	01d84c33	xor	x24,x16,x29	 x16:0x00000001 x29:0xdea75eb4 x24=0xdea75eb5
       16805000	      1679	80000ecc	2f808c13	addi	x24,x1,760	  x1:0x00000000 x24=0x000002f8
       16815000	      1680	80000ed0	fcab0f03	lb	x30,-54(x22)	 x22:0x80008786 x30=0x00000023 PA:0x80008750
       16825000	      1681	80000ed4	907cc913	xori	x18,x25,-1785	 x25:0x0000004d x18=0xfffff94a
       16835000	      1682	80000ed8	01f667b3	or	x15,x12,x31	 x12:0x000044df x31:0x00000009 x15=0x000044df
       16845000	      1683	80000edc	fd6b0923	sb	x22,-46(x22)	 x22:0x80008786 x22:0x80008786 PA:0x80008758
       16855000	      1684	80000ee0	004cc7b3	xor	x15,x25,x4	 x25:0x0000004d  x4:0xfffffd1d x15=0xfffffd50
       16865000	      1685	80000ee4	fe5b4083	lbu	x1,-27(x22)	 x22:0x80008786  x1=0x00000085 PA:0x8000876b
       16875000	      1686	80000ee8	ff4b4b83	lbu	x23,-12(x22)	 x22:0x80008786 x23=0x00000091 PA:0x8000877a
       16885000	      1687	80000eec	010f98b3	sll	x17,x31,x16	 x31:0x00000009 x16:0x00000001 x17=0x00000012
       16895000	      1688	80000ef0	401102b3	sub	x5,x2,x1	  x2:0x00000000  x1:0x00000085  x5=0xffffff7b
       16905000	      1689	80000ef4	097b07a3	sb	x23,143(x22)	 x22:0x80008786 x23:0x00000091 PA:0x80008815
       16915000	      1690	80000ef8	56063717	auipc	x14,0x56063	 x14=0xd6063ef4
       16925000	      1691	80000efc	01255593	srli	x11,x10,0x12	 x10:0x28bf11a0 x11=0x00000a2f
       16935000	      1692	80000f00	f48b0ca3	sb	x8,-167(x22)	 x22:0x80008786  x8:0x80009fc4 PA:0x800086df
       16945000	      1693	80000f04	00d57833	and	x16,x10,x13	 x10:0x28bf11a0 x13:0x00000003 x16=0x00000000
       16955000	      1694	80000f08	571a5c17	auipc	x24,0x571a5	 x24=0xd71a5f04
       16965000	      1695	80000f0c	64213693	sltiu	x13,x2,1602	  x2:0x00000000 x13=0x00000001
       16975000	      1696	80000f10	cf3fc813	xori	x16,x31,-781	 x31:0x00000009 x16=0xfffffcfa
       16985000	      1697	80000f14	06db1d23	sh	x13,122(x22)	 x22:0x80008786 x13:0x00000001 PA:0x80008800
       16995000	      1698	80000f18	090b0a83	lb	x21,144(x22)	 x22:0x80008786 x21=0xfffffffb PA:0x80008816
       17005000	      1699	80000f1c	00007217	auipc	x4,0x7	  x4=0x80007f18
       17015000	      1700	80000f20	35820213	addi	x4,x4,856	  x4:0x80007f18  x4=0x80008270
       17025000	      1701	80000f24	ff520c83	lb	x25,-11(x4)	  x4:0x80008270 x25=0x00000078 PA:0x80008265
       17035000	      1702	80000f28	0070ab33	slt	x22,x1,x7	  x1:0x00000085  x7:0x80009f48 x22=0x00000000
       17045000	      1703	80000f2c	00720183	lb	x3,7(x4)	  x4:0x80008270  x3=0xffffffd7 PA:0x80008277
       17055000	      1704	80000f30	00f20223	sb	x15,4(x4)	  x4:0x80008270 x15:0xfffffd50 PA:0x80008274
       17065000	      1705	80000f34	fe920ba3	sb	x9,-9(x4)	  x4:0x80008270  x9:0x000002c9 PA:0x80008267
       17075000	      1706	80000f38	00620c03	lb	x24,6(x4)	  x4:0x80008270 x24=0x00000000 PA:0x80008276
       17085000	      1707	80000f3c	ffc20923	sb	x28,-14(x4)	  x4:0x80008270 x28:0x0000d47e PA:0x80008262
       17095000	      1708	80000f40	ffe20c83	lb	x25,-2(x4)	  x4:0x80008270 x25=0xfffffffc PA:0x8000826e
       17105000	      1709	80000f44	ff320da3	sb	x19,-5(x4)	  x4:0x80008270 x19:0x000000f3 PA:0x8000826b
       17115000	      1710	80000f48	00920483	lb	x9,9(x4)	  x4:0x80008270  x9=0xfffffffc PA:0x80008279
       17125000	      1711	80000f4c	01e20323	sb	x30,6(x4)	  x4:0x80008270 x30:0x00000023 PA:0x80008276
       17135000	      1712	80000f50	ff221a83	lh	x21,-14(x4)	  x4:0x80008270 x21=0x0000007e PA:0x80008262
       17145000	      1713	80000f54	ff320823	sb	x19,-16(x4)	  x4:0x80008270 x19:0x000000f3 PA:0x80008260
       17155000	      1714	80000f58	027bba97	auipc	x21,0x27bb	 x21=0x827bbf54
       17165000	      1715	80000f5c	9c5354b7	lui	x9,0x9c535	  x9=0x9c535000
       17175000	      1716	80000f60	d986e813	ori	x16,x13,-616	 x13:0x00000001 x16=0xfffffd99
       17185000	      1717	80000f64	ff520e83	lb	x29,-11(x4)	  x4:0x80008270 x29=0x00000078 PA:0x80008265
       17195000	      1718	80000f68	00621883	lh	x17,6(x4)	  x4:0x80008270 x17=0xffffd723 PA:0x80008276
       17205000	      1719	80000f6c	fe7208a3	sb	x7,-15(x4)	  x4:0x80008270  x7:0x80009f48 PA:0x80008261
       17215000	      1720	80000f70	ff025283	lhu	x5,-16(x4)	  x4:0x80008270  x5=0x000048f3 PA:0x80008260
       17225000	      1721	80000f74	01022b03	lw	x22,16(x4)	  x4:0x80008270 x22=0xdfab2fde PA:0x80008280
       17235000	      1722	80000f78	fff24983	lbu	x19,-1(x4)	  x4:0x80008270 x19=0x0000005e PA:0x8000826f
       17245000	      1723	80000f7c	18d83113	sltiu	x2,x16,397	 x16:0xfffffd99  x2=0x00000000
       17255000	      1724	80000f80	009204a3	sb	x9,9(x4)	  x4:0x80008270  x9:0x9c535000 PA:0x80008279
       17265000	      1725	80000f84	ffe24283	lbu	x5,-2(x4)	  x4:0x80008270  x5=0x000000fc PA:0x8000826e
       17275000	      1726	80000f88	ce10b093	sltiu	x1,x1,-799	  x1:0x00000085  x1=0x00000001
       17285000	      1727	80000f8c	005204a3	sb	x5,9(x4)	  x4:0x80008270  x5:0x000000fc PA:0x80008279
       17295000	      1728	80000f90	00d20323	sb	x13,6(x4)	  x4:0x80008270 x13:0x00000001 PA:0x80008276
       17305000	      1729	80000f94	01986c33	or	x24,x16,x25	 x16:0xfffffd99 x25:0xfffffffc x24=0xfffffffd
       17315000	      1730	80000f98	ff320983	lb	x19,-13(x4)	  x4:0x80008270 x19=0x00000000 PA:0x80008263
       17325000	      1731	80000f9c	89c86813	ori	x16,x16,-1892	 x16:0xfffffd99 x16=0xfffffd9d
       17335000	      1732	80000fa0	00000013	addi	x0,x0,0	  x0:0x00000000
       17345000	      1733	80000fa4	40dd4d13	xori	x26,x26,1037	 x26:0x00000098 x26=0x00000495
       17355000	      1734	80000fa8	00f24183	lbu	x3,15(x4)	  x4:0x80008270  x3=0x00000040 PA:0x8000827f
       17365000	      1735	80000fac	00f20083	lb	x1,15(x4)	  x4:0x80008270  x1=0x00000040 PA:0x8000827f
       17375000	      1736	80000fb0	00a21683	lh	x13,10(x4)	  x4:0x80008270 x13=0x00002c65 PA:0x8000827a
       17385000	      1737	80000fb4	00624883	lbu	x17,6(x4)	  x4:0x80008270 x17=0x00000001 PA:0x80008276
       17395000	      1738	80000fb8	174c3b37	lui	x22,0x174c3	 x22=0x174c3000
       17405000	      1739	80000fbc	ffd21923	sh	x29,-14(x4)	  x4:0x80008270 x29:0x00000078 PA:0x80008262
       17415000	      1740	80000fc0	00008d97	auipc	x27,0x8	 x27=0x80008fbc
       17425000	      1741	80000fc4	f05d8d93	addi	x27,x27,-251	 x27:0x80008fbc x27=0x80008ec1
       17435000	      1742	80000fc8	00008f97	auipc	x31,0x8	 x31=0x80008fc4
       17445000	      1743	80000fcc	9a3f8f93	addi	x31,x31,-1629	 x31:0x80008fc4 x31=0x80008967
       17455000	      1744	80000fd0	00008597	auipc	x11,0x8	 x11=0x80008fcc
       17465000	      1745	80000fd4	97658593	addi	x11,x11,-1674	 x11:0x80008fcc x11=0x80008942
       17475000	      1746	80000fd8	2c45c683	lbu	x13,708(x11)	 x11:0x80008942 x13=0x0000004b PA:0x80008c06
       17485000	      1747	80000fdc	42c59023	sh	x12,1056(x11)	 x11:0x80008942 x12:0x000044df PA:0x80008d62
       17495000	      1748	80000fe0	0d8fcf03	lbu	x30,216(x31)	 x31:0x80008967 x30=0x00000029 PA:0x80008a3f
       17505000	      1749	80000fe4	ff9d9f03	lh	x30,-7(x27)	 x27:0x80008ec1 x30=0x000027cc PA:0x80008eba
       17515000	      1750	80000fe8	029fdc03	lhu	x24,41(x31)	 x31:0x80008967 x24=0x00005372 PA:0x80008990
       17525000	      1751	80000fec	f5df85a3	sb	x29,-181(x31)	 x31:0x80008967 x29:0x00000078 PA:0x800088b2
       17535000	      1752	80000ff0	013f8303	lb	x6,19(x31)	 x31:0x80008967  x6=0x0000003c PA:0x8000897a
       17545000	      1753	80000ff4	00008897	auipc	x17,0x8	 x17=0x80008ff0
       17555000	      1754	80000ff8	9d288893	addi	x17,x17,-1582	 x17:0x80008ff0 x17=0x800089c2
       17565000	      1755	80000ffc	f9dfa2a3	sw	x29,-123(x31)	 x31:0x80008967 x29:0x00000078 PA:0x800088ec
       17575000	      1756	80001000	42358da3	sb	x3,1083(x11)	 x11:0x80008942  x3:0x00000040 PA:0x80008d7d
       17585000	      1757	80001004	0098a723	sw	x9,14(x17)	 x17:0x800089c2  x9:0x9c535000 PA:0x800089d0
       17595000	      1758	80001008	025f80a3	sb	x5,33(x31)	 x31:0x80008967  x5:0x000000fc PA:0x80008988
       17605000	      1759	8000100c	f1bfdb83	lhu	x23,-229(x31)	 x31:0x80008967 x23=0x00003437 PA:0x80008882
       17615000	      1760	80001010	00188303	lb	x6,1(x17)	 x17:0x800089c2  x6=0xfffffff2 PA:0x800089c3
       17625000	      1761	80001014	fe589e23	sh	x5,-4(x17)	 x17:0x800089c2  x5:0x000000fc PA:0x800089be
       17635000	      1762	80001018	ff5dd203	lhu	x4,-11(x27)	 x27:0x80008ec1  x4=0x000023e6 PA:0x80008eb6
       17645000	      1763	8000101c	f8ff8d23	sb	x15,-102(x31)	 x31:0x80008967 x15:0xfffffd50 PA:0x80008901
       17655000	      1764	80001020	19858ca3	sb	x24,409(x11)	 x11:0x80008942 x24:0x00005372 PA:0x80008adb
       17665000	      1765	80001024	46d5c203	lbu	x4,1133(x11)	 x11:0x80008942  x4=0x0000009b PA:0x80008daf
       17675000	      1766	80001028	ff3dada3	sw	x19,-5(x27)	 x27:0x80008ec1 x19:0x00000000 PA:0x80008ebc
       17685000	      1767	8000102c	f4b58683	lb	x13,-181(x11)	 x11:0x80008942 x13=0xffffff85 PA:0x8000888d
       17695000	      1768	80001030	ff188303	lb	x6,-15(x17)	 x17:0x800089c2  x6=0x00000051 PA:0x800089b3
       17705000	      1769	80001034	1eb582a3	sb	x11,485(x11)	 x11:0x80008942 x11:0x80008942 PA:0x80008b27
       17715000	      1770	80001038	003dc203	lbu	x4,3(x27)	 x27:0x80008ec1  x4=0x00000046 PA:0x80008ec4
       17725000	      1771	8000103c	07e59c23	sh	x30,120(x11)	 x11:0x80008942 x30:0x000027cc PA:0x800089ba
       17735000	      1772	80001040	0e6f8283	lb	x5,230(x31)	 x31:0x80008967  x5=0xffffffb5 PA:0x80008a4d
       17745000	      1773	80001044	007d8c03	lb	x24,7(x27)	 x27:0x80008ec1 x24=0xffffffb2 PA:0x80008ec8
       17755000	      1774	80001048	00588c03	lb	x24,5(x17)	 x17:0x800089c2 x24=0xffffffdf PA:0x800089c7
       17765000	      1775	00000000	00000013	addi	x0,x0,0	  x0:0x00000000
       17775000	      1776	8000104c	078fcf03	lbu	x30,120(x31)	 x31:0x80008967 x30=0x000000e0 PA:0x800089df
       17785000	      1777	80001050	37c5de03	lhu	x28,892(x11)	 x11:0x80008942 x28=0x00000e89 PA:0x80008cbe
       17795000	      1778	80001054	65258983	lb	x19,1618(x11)	 x11:0x80008942 x19=0x00000039 PA:0x80008f94
       17805000	      1779	80001058	ff4d8683	lb	x13,-12(x27)	 x27:0x80008ec1 x13=0x0000005a PA:0x80008eb5
       17815000	      1780	8000105c	00000013	addi	x0,x0,0	  x0:0x00000000
       17825000	      1781	80001060	0078b0b3	sltu	x1,x17,x7	 x17:0x800089c2  x7:0x80009f48  x1=0x00000001
       17835000	      1782	80001064	4088de33	sra	x28,x17,x8	 x17:0x800089c2  x8:0x80009fc4 x28=0xf800089c
       17845000	      1783	80001068	a3d05ab7	lui	x21,0xa3d05	 x21=0xa3d05000
       17855000	      1784	8000106c	840b0913	addi	x18,x22,-1984	 x22:0x174c3000 x18=0x174c2840
       17865000	      1785	80001070	eb5cf793	andi	x15,x25,-331	 x25:0xfffffffc x15=0xfffffeb4
       17875000	      1786	80001074	00de5c13	srli	x24,x28,0xd	 x28:0xf800089c x24=0x0007c000
       17885000	      1787	80001078	022e9e63	bne	x29,x2,800010b4	 x29:0x00000078  x2:0x00000000
       17895000	      1788	00000000	00000013	addi	x0,x0,0	  x0:0x00000000
       17905000	      1789	800010b0	00000013	addi	x0,x0,0	  x0:0x00000000
       17915000	      1790	800010b4	25e68813	addi	x16,x13,606	 x13:0x0000005a x16=0x000002b8
       17925000	      1791	800010b8	41575bb3	sra	x23,x14,x21	 x14:0xd6063ef4 x21:0xa3d05000 x23=0xd6063ef4
       17935000	      1792	800010bc	404f58b3	sra	x17,x30,x4	 x30:0x000000e0  x4:0x00000046 x17=0x00000003
       17945000	      1793	800010c0	007c6d33	or	x26,x24,x7	 x24:0x0007c000  x7:0x80009f48 x26=0x8007df48
       17955000	      1794	800010c4	1488ba13	sltiu	x20,x17,328	 x17:0x00000003 x20=0x00000001
       17965000	      1795	800010c8	b9092b93	slti	x23,x18,-1136	 x18:0x174c2840 x23=0x00000000
       17975000	      1796	800010cc	0170beb3	sltu	x29,x1,x23	  x1:0x00000001 x23:0x00000000 x29=0x00000000
       17985000	      1797	800010d0	57202613	slti	x12,x0,1394	  x0:0x00000000 x12=0x00000001
       17995000	      1798	800010d4	4027dcb3	sra	x25,x15,x2	 x15:0xfffffeb4  x2:0x00000000 x25=0xfffffeb4
       18005000	      1799	800010d8	016241b3	xor	x3,x4,x22	  x4:0x00000046 x22:0x174c3000  x3=0x174c3046
       18015000	      1800	800010dc	01bc1813	slli	x16,x24,0x1b	 x24:0x0007c000 x16=0x00000000
       18025000	      1801	800010e0	412ed493	srai	x9,x29,0x12	 x29:0x00000000  x9=0x00000000
       18035000	      1802	800010e4	4f4c7313	andi	x6,x24,1268	 x24:0x0007c000  x6=0x00000000
       18045000	      1803	800010e8	0014ce63	blt	x9,x1,80001104	  x9:0x00000000  x1:0x00000001
       18055000	      1804	00000000	00000013	addi	x0,x0,0	  x0:0x00000000
       18065000	      1805	80001100	00000013	addi	x0,x0,0	  x0:0x00000000
       18075000	      1806	80001104	02c71863	bne	x14,x12,80001134	 x14:0xd6063ef4 x12:0x00000001
       18085000	      1807	00000000	00000013	addi	x0,x0,0	  x0:0x00000000
       18095000	      1808	80001130	00000013	addi	x0,x0,0	  x0:0x00000000
       18105000	      1809	80001134	011071b3	and	x3,x0,x17	  x0:0x00000000 x17:0x00000003  x3=0x00000000
       18115000	      1810	80001138	015894b3	sll	x9,x17,x21	 x17:0x00000003 x21:0xa3d05000  x9=0x00000003
       18125000	      1811	8000113c	01501d33	sll	x26,x0,x21	  x0:0x00000000 x21:0xa3d05000 x26=0x00000000
       18135000	      1812	80001140	0055fc63	bgeu	x11,x5,80001158	 x11:0x80008942  x5:0xffffffb5
       18145000	      1813	80001144	bb943e13	sltiu	x28,x8,-1095	  x8:0x80009fc4 x28=0x00000001
       18155000	      1814	80001148	00000013	addi	x0,x0,0	  x0:0x00000000
       18165000	      1815	8000114c	9bf33d13	sltiu	x26,x6,-1601	  x6:0x00000000 x26=0x00000001
       18175000	      1816	80001150	04370463	beq	x14,x3,80001198	 x14:0xd6063ef4  x3:0x00000000
       18185000	      1817	80001154	414bd193	srai	x3,x23,0x14	 x23:0x00000000  x3=0x00000000
       18195000	      1818	80001158	036f1063	bne	x30,x22,80001178	 x30:0x000000e0 x22:0x174c3000
       18205000	      1819	00000000	00000013	addi	x0,x0,0	  x0:0x00000000
       18215000	      1820	80001174	00000013	addi	x0,x0,0	  x0:0x00000000
       18225000	      1821	80001178	40b4d333	sra	x6,x9,x11	  x9:0x00000003 x11:0x80008942  x6=0x00000000
       18235000	      1822	8000117c	01d35493	srli	x9,x6,0x1d	  x6:0x00000000  x9=0x00000000
       18245000	      1823	80001180	0112d4b3	srl	x9,x5,x17	  x5:0xffffffb5 x17:0x00000003  x9=0x1ffffff6
       18255000	      1824	80001184	0445f063	bgeu	x11,x4,800011c4	 x11:0x80008942  x4:0x00000046
       18265000	      1825	00000000	00000013	addi	x0,x0,0	  x0:0x00000000
       18275000	      1826	800011c0	00000013	addi	x0,x0,0	  x0:0x00000000
       18285000	      1827	800011c4	02f26063	bltu	x4,x15,800011e4	  x4:0x00000046 x15:0xfffffeb4
       18295000	      1828	00000000	00000013	addi	x0,x0,0	  x0:0x00000000
       18305000	      1829	800011e0	00000013	addi	x0,x0,0	  x0:0x00000000
       18315000	      1830	800011e4	00261b33	sll	x22,x12,x2	 x12:0x00000001  x2:0x00000000 x22=0x00000001
       18325000	      1831	800011e8	754dc813	xori	x16,x27,1876	 x27:0x80008ec1 x16=0x80008995
       18335000	      1832	800011ec	41e1ce13	xori	x28,x3,1054	  x3:0x00000000 x28=0x0000041e
       18345000	      1833	800011f0	02d50063	beq	x10,x13,80001210	 x10:0x28bf11a0 x13:0x0000005a
       18355000	      1834	800011f4	01f1f0b3	and	x1,x3,x31	  x3:0x00000000 x31:0x80008967  x1=0x00000000
       18365000	      1835	800011f8	00b99c93	slli	x25,x19,0xb	 x19:0x00000039 x25=0x0001c800
       18375000	      1836	800011fc	fdb36117	auipc	x2,0xfdb36	  x2=0x7db371f8
       18385000	      1837	80001200	00f66933	or	x18,x12,x15	 x12:0x00000001 x15:0xfffffeb4 x18=0xfffffeb5
       18395000	      1838	80001204	00c070b3	and	x1,x0,x12	  x0:0x00000000 x12:0x00000001  x1=0x00000000
       18405000	      1839	80001208	b8358017	auipc	x0,0xb8358	
       18415000	      1840	8000120c	34f33913	sltiu	x18,x6,847	  x6:0x00000000 x18=0x00000001
       18425000	      1841	80001210	00926933	or	x18,x4,x9	  x4:0x00000046  x9:0x1ffffff6 x18=0x1ffffff6
       18435000	      1842	80001214	003720b3	slt	x1,x14,x3	 x14:0xd6063ef4  x3:0x00000000  x1=0x00000001
       18445000	      1843	80001218	005c56b3	srl	x13,x24,x5	 x24:0x0007c000  x5:0xffffffb5 x13=0x00000000
       18455000	      1844	8000121c	41690233	sub	x4,x18,x22	 x18:0x1ffffff6 x22:0x00000001  x4=0x1ffffff5
       18465000	      1845	80001220	00a9c0b3	xor	x1,x19,x10	 x19:0x00000039 x10:0x28bf11a0  x1=0x28bf1199
       18475000	      1846	80001224	5059ec13	ori	x24,x19,1285	 x19:0x00000039 x24=0x0000053d
       18485000	      1847	80001228	412c5db3	sra	x27,x24,x18	 x24:0x0000053d x18:0x1ffffff6 x27=0x00000000
       18495000	      1848	8000122c	022b1c63	bne	x22,x2,80001264	 x22:0x00000001  x2:0x7db371f8
       18505000	      1849	00000000	00000013	addi	x0,x0,0	  x0:0x00000000
       18515000	      1850	80001260	00000013	addi	x0,x0,0	  x0:0x00000000
       18525000	      1851	80001264	403554b3	sra	x9,x10,x3	 x10:0x28bf11a0  x3:0x00000000  x9=0x28bf11a0
       18535000	      1852	80001268	41458033	sub	x0,x11,x20	 x11:0x80008942 x20:0x00000001
       18545000	      1853	8000126c	01e3d293	srli	x5,x7,0x1e	  x7:0x80009f48  x5=0x00000002
       18555000	      1854	80001270	0008d613	srli	x12,x17,0x0	 x17:0x00000003 x12=0x00000003
       18565000	      1855	80001274	00000013	addi	x0,x0,0	  x0:0x00000000
       18575000	      1856	80001278	f61e0b93	addi	x23,x28,-159	 x28:0x0000041e x23=0x0000037f
       18585000	      1857	8000127c	54220d93	addi	x27,x4,1346	  x4:0x1ffffff5 x27=0x20000537
       18595000	      1858	80001280	00000013	addi	x0,x0,0	  x0:0x00000000
       18605000	      1859	80001284	34084217	auipc	x4,0x34084	  x4=0xb4085280
       18615000	      1860	80001288	0572eb13	ori	x22,x5,87	  x5:0x00000002 x22=0x00000057
       18625000	      1861	8000128c	005a4133	xor	x2,x20,x5	 x20:0x00000001  x5:0x00000002  x2=0x00000003
       18635000	      1862	80001290	4e95a593	slti	x11,x11,1257	 x11:0x80008942 x11=0x00000001
       18645000	      1863	80001294	001810b3	sll	x1,x16,x1	 x16:0x80008995  x1:0x28bf1199  x1=0x2a000000
       18655000	      1864	80001298	01e27a33	and	x20,x4,x30	  x4:0xb4085280 x30:0x000000e0 x20=0x00000080
       18665000	      1865	8000129c	00769613	slli	x12,x13,0x7	 x13:0x00000000 x12=0x00000000
       18675000	      1866	800012a0	02308663	beq	x1,x3,800012cc	  x1:0x2a000000  x3:0x00000000
       18685000	      1867	800012a4	00118bb3	add	x23,x3,x1	  x3:0x00000000  x1:0x2a000000 x23=0x2a000000
       18695000	      1868	800012a8	3b246493	ori	x9,x8,946	  x8:0x80009fc4  x9=0x80009ff6
       18705000	      1869	800012ac	008e97b3	sll	x15,x29,x8	 x29:0x00000000  x8:0x80009fc4 x15=0x00000000
       18715000	      1870	800012b0	0109c033	xor	x0,x19,x16	 x19:0x00000039 x16:0x80008995
       18725000	      1871	800012b4	00e36c63	bltu	x6,x14,800012cc	  x6:0x00000000 x14:0xd6063ef4
       18735000	      1872	00000000	00000013	addi	x0,x0,0	  x0:0x00000000
       18745000	      1873	800012c8	00000013	addi	x0,x0,0	  x0:0x00000000
       18755000	      1874	800012cc	9f53bd37	lui	x26,0x9f53b	 x26=0x9f53b000
       18765000	      1875	800012d0	ab872237	lui	x4,0xab872	  x4=0xab872000
       18775000	      1876	800012d4	018dc5b3	xor	x11,x27,x24	 x27:0x20000537 x24:0x0000053d x11=0x2000000a
       18785000	      1877	800012d8	01481013	slli	x0,x16,0x14	 x16:0x80008995
       18795000	      1878	800012dc	4002d793	srai	x15,x5,0x0	  x5:0x00000002 x15=0x00000002
       18805000	      1879	800012e0	b987c913	xori	x18,x15,-1128	 x15:0x00000002 x18=0xfffffb9a
       18815000	      1880	800012e4	9f446993	ori	x19,x8,-1548	  x8:0x80009fc4 x19=0xfffffff4
       18825000	      1881	800012e8	c6db4b93	xori	x23,x22,-915	 x22:0x00000057 x23=0xfffffc3a
       18835000	      1882	800012ec	00d14a33	xor	x20,x2,x13	  x2:0x00000003 x13:0x00000000 x20=0x00000003
       18845000	      1883	800012f0	039af063	bgeu	x21,x25,80001310	 x21:0xa3d05000 x25:0x0001c800
       18855000	      1884	00000000	00000013	addi	x0,x0,0	  x0:0x00000000
       18865000	      1885	8000130c	00000013	addi	x0,x0,0	  x0:0x00000000
       18875000	      1886	80001310	0145fc63	bgeu	x11,x20,80001328	 x11:0x2000000a x20:0x00000003
       18885000	      1887	00000000	00000013	addi	x0,x0,0	  x0:0x00000000
       18895000	      1888	80001324	00000013	addi	x0,x0,0	  x0:0x00000000
       18905000	      1889	80001328	6f9abd93	sltiu	x27,x21,1785	 x21:0xa3d05000 x27=0x00000000
       18915000	      1890	8000132c	018cc863	blt	x25,x24,8000133c	 x25:0x0001c800 x24:0x0000053d
       18925000	      1891	80001330	003fcc63	blt	x31,x3,80001348	 x31:0x80008967  x3:0x00000000
       18935000	      1892	00000000	00000013	addi	x0,x0,0	  x0:0x00000000
       18945000	      1893	80001344	00000013	addi	x0,x0,0	  x0:0x00000000
       18955000	      1894	80001348	014d5833	srl	x16,x26,x20	 x26:0x9f53b000 x20:0x00000003 x16=0x13ea7600
       18965000	      1895	8000134c	0c42ea13	ori	x20,x5,196	  x5:0x00000002 x20=0x000000c6
       18975000	      1896	80001350	bc34d837	lui	x16,0xbc34d	 x16=0xbc34d000
       18985000	      1897	80001354	41d90a33	sub	x20,x18,x29	 x18:0xfffffb9a x29:0x00000000 x20=0xfffffb9a
       18995000	      1898	80001358	007e5d13	srli	x26,x28,0x7	 x28:0x0000041e x26=0x00000008
       19005000	      1899	8000135c	00000013	addi	x0,x0,0	  x0:0x00000000
       19015000	      1900	80001360	843f3717	auipc	x14,0x843f3	 x14=0x043f435c
       19025000	      1901	80001364	054bf063	bgeu	x23,x20,800013a4	 x23:0xfffffc3a x20:0xfffffb9a
       19035000	      1902	00000000	00000013	addi	x0,x0,0	  x0:0x00000000
       19045000	      1903	800013a0	00000013	addi	x0,x0,0	  x0:0x00000000
       19055000	      1904	800013a4	005648b3	xor	x17,x12,x5	 x12:0x00000000  x5:0x00000002 x17=0x00000002
       19065000	      1905	800013a8	00e6ca33	xor	x20,x13,x14	 x13:0x00000000 x14:0x043f435c x20=0x043f435c
       19075000	      1906	800013ac	41750733	sub	x14,x10,x23	 x10:0x28bf11a0 x23:0xfffffc3a x14=0x28bf1566
       19085000	      1907	800013b0	61257113	andi	x2,x10,1554	 x10:0x28bf11a0  x2=0x00000000
       19095000	      1908	800013b4	01e1c333	xor	x6,x3,x30	  x3:0x00000000 x30:0x000000e0  x6=0x000000e0
       19105000	      1909	800013b8	40ba0e33	sub	x28,x20,x11	 x20:0x043f435c x11:0x2000000a x28=0xe43f4352
       19115000	      1910	800013bc	3b406013	ori	x0,x0,948	  x0:0x00000000
       19125000	      1911	800013c0	015dc6b3	xor	x13,x27,x21	 x27:0x00000000 x21:0xa3d05000 x13=0xa3d05000
       19135000	      1912	800013c4	022a1e63	bne	x20,x2,80001400	 x20:0x043f435c  x2:0x00000000
       19145000	      1913	00000000	00000013	addi	x0,x0,0	  x0:0x00000000
       19155000	      1914	800013fc	00000013	addi	x0,x0,0	  x0:0x00000000
       19165000	      1915	80001400	01951e33	sll	x28,x10,x25	 x10:0x28bf11a0 x25:0x0001c800 x28=0x28bf11a0
       19175000	      1916	80001404	039bf863	bgeu	x23,x25,80001434	 x23:0xfffffc3a x25:0x0001c800
       19185000	      1917	00000000	00000013	addi	x0,x0,0	  x0:0x00000000
       19195000	      1918	80001430	00000013	addi	x0,x0,0	  x0:0x00000000
       19205000	      1919	80001434	4e8d4a93	xori	x21,x26,1256	 x26:0x00000008 x21=0x000004e0
       19215000	      1920	80001438	01b23bb3	sltu	x23,x4,x27	  x4:0xab872000 x27:0x00000000 x23=0x00000000
       19225000	      1921	8000143c	674c2b17	auipc	x22,0x674c2	 x22=0xe74c3438
       19235000	      1922	80001440	01a78633	add	x12,x15,x26	 x15:0x00000002 x26:0x00000008 x12=0x0000000a
       19245000	      1923	80001444	5a02cb93	xori	x23,x5,1440	  x5:0x00000002 x23=0x000005a2
       19255000	      1924	80001448	03f09063	bne	x1,x31,80001468	  x1:0x2a000000 x31:0x80008967
       19265000	      1925	00000000	00000013	addi	x0,x0,0	  x0:0x00000000
       19275000	      1926	80001464	00000013	addi	x0,x0,0	  x0:0x00000000
       19285000	      1927	80001468	01d65463	bge	x12,x29,80001470	 x12:0x0000000a x29:0x00000000
       19295000	      1928	00000000	00000013	addi	x0,x0,0	  x0:0x00000000
       19305000	      1929	8000146c	00000013	addi	x0,x0,0	  x0:0x00000000
       19315000	      1930	80001470	0336e663	bltu	x13,x19,8000149c	 x13:0xa3d05000 x19:0xfffffff4
       19325000	      1931	00000000	00000013	addi	x0,x0,0	  x0:0x00000000
       19335000	      1932	80001498	00000013	addi	x0,x0,0	  x0:0x00000000
       19345000	      1933	8000149c	003b1e13	slli	x28,x22,0x3	 x22:0xe74c3438 x28=0x3a61a1c0
       19355000	      1934	800014a0	019bf9b3	and	x19,x23,x25	 x23:0x000005a2 x25:0x0001c800 x19=0x00000000
       19365000	      1935	800014a4	03934a63	blt	x6,x25,800014d8	  x6:0x000000e0 x25:0x0001c800
       19375000	      1936	00000000	00000013	addi	x0,x0,0	  x0:0x00000000
       19385000	      1937	800014d4	00000013	addi	x0,x0,0	  x0:0x00000000
       19395000	      1938	800014d8	003f2ab3	slt	x21,x30,x3	 x30:0x000000e0  x3:0x00000000 x21=0x00000000
       19405000	      1939	800014dc	02fb0863	beq	x22,x15,8000150c	 x22:0xe74c3438 x15:0x00000002
       19415000	      1940	800014e0	01387133	and	x2,x16,x19	 x16:0xbc34d000 x19:0x00000000  x2=0x00000000
       19425000	      1941	800014e4	01c88c93	addi	x25,x17,28	 x17:0x00000002 x25=0x0000001e
       19435000	      1942	800014e8	05d85063	bge	x16,x29,80001528	 x16:0xbc34d000 x29:0x00000000
       19445000	      1943	800014ec	0146d493	srli	x9,x13,0x14	 x13:0xa3d05000  x9=0x00000a3d
       19455000	      1944	800014f0	012c5863	bge	x24,x18,80001500	 x24:0x0000053d x18:0xfffffb9a
       19465000	      1945	00000000	00000013	addi	x0,x0,0	  x0:0x00000000
       19475000	      1946	800014fc	00000013	addi	x0,x0,0	  x0:0x00000000
       19485000	      1947	80001500	4be02913	slti	x18,x0,1214	  x0:0x00000000 x18=0x00000001
       19495000	      1948	80001504	413ddcb3	sra	x25,x27,x19	 x27:0x00000000 x19:0x00000000 x25=0x00000000
       19505000	      1949	80001508	003e7633	and	x12,x28,x3	 x28:0x3a61a1c0  x3:0x00000000 x12=0x00000000
       19515000	      1950	8000150c	02cafc63	bgeu	x21,x12,80001544	 x21:0x00000000 x12:0x00000000
       19525000	      1951	00000000	00000013	addi	x0,x0,0	  x0:0x00000000
       19535000	      1952	80001540	00000013	addi	x0,x0,0	  x0:0x00000000
       19545000	      1953	80001544	05a9d063	bge	x19,x26,80001584	 x19:0x00000000 x26:0x00000008
       19555000	      1954	80001548	40645893	srai	x17,x8,0x6	  x8:0x80009fc4 x17=0xfe00027f
       19565000	      1955	8000154c	0006ce63	blt	x13,x0,80001568	 x13:0xa3d05000  x0:0x00000000
       19575000	      1956	00000000	00000013	addi	x0,x0,0	  x0:0x00000000
       19585000	      1957	80001564	00000013	addi	x0,x0,0	  x0:0x00000000
       19595000	      1958	80001568	02bc1663	bne	x24,x11,80001594	 x24:0x0000053d x11:0x2000000a
       19605000	      1959	00000000	00000013	addi	x0,x0,0	  x0:0x00000000
       19615000	      1960	80001590	00000013	addi	x0,x0,0	  x0:0x00000000
       19625000	      1961	80001594	4002d993	srai	x19,x5,0x0	  x5:0x00000002 x19=0x00000002
       19635000	      1962	80001598	01ab9b33	sll	x22,x23,x26	 x23:0x000005a2 x26:0x00000008 x22=0x0005a200
       19645000	      1963	8000159c	00ea40b3	xor	x1,x20,x14	 x20:0x043f435c x14:0x28bf1566  x1=0x2c80563a
       19655000	      1964	800015a0	fb857793	andi	x15,x10,-72	 x10:0x28bf11a0 x15=0x28bf11a0
       19665000	      1965	800015a4	02c46e63	bltu	x8,x12,800015e0	  x8:0x80009fc4 x12:0x00000000
       19675000	      1966	800015a8	000ed493	srli	x9,x29,0x0	 x29:0x00000000  x9=0x00000000
       19685000	      1967	800015ac	00a24cb3	xor	x25,x4,x10	  x4:0xab872000 x10:0x28bf11a0 x25=0x833831a0
       19695000	      1968	800015b0	01571eb3	sll	x29,x14,x21	 x14:0x28bf1566 x21:0x00000000 x29=0x28bf1566
       19705000	      1969	800015b4	bc482c93	slti	x25,x16,-1084	 x16:0xbc34d000 x25=0x00000001
       19715000	      1970	800015b8	01a92833	slt	x16,x18,x26	 x18:0x00000001 x26:0x00000008 x16=0x00000001
       19725000	      1971	800015bc	01a1b2b3	sltu	x5,x3,x26	  x3:0x00000000 x26:0x00000008  x5=0x00000001
       19735000	      1972	800015c0	03839063	bne	x7,x24,800015e0	  x7:0x80009f48 x24:0x0000053d
       19745000	      1973	00000000	00000013	addi	x0,x0,0	  x0:0x00000000
       19755000	      1974	800015dc	00000013	addi	x0,x0,0	  x0:0x00000000
       19765000	      1975	800015e0	d9af0337	lui	x6,0xd9af0	  x6=0xd9af0000
       19775000	      1976	800015e4	41758633	sub	x12,x11,x23	 x11:0x2000000a x23:0x000005a2 x12=0x1ffffa68
       19785000	      1977	800015e8	010dbe33	sltu	x28,x27,x16	 x27:0x00000000 x16:0x00000001 x28=0x00000001
       19795000	      1978	800015ec	1e372f13	slti	x30,x14,483	 x14:0x28bf1566 x30=0x00000000
       19805000	      1979	800015f0	04718863	beq	x3,x7,80001640	  x3:0x00000000  x7:0x80009f48
       19815000	      1980	800015f4	00c906b3	add	x13,x18,x12	 x18:0x00000001 x12:0x1ffffa68 x13=0x1ffffa69
       19825000	      1981	800015f8	01f11d93	slli	x27,x2,0x1f	  x2:0x00000000 x27=0x00000000
       19835000	      1982	800015fc	1b7f0e93	addi	x29,x30,439	 x30:0x00000000 x29=0x000001b7
       19845000	      1983	80001600	00849033	sll	x0,x9,x8	  x9:0x00000000  x8:0x80009fc4
       19855000	      1984	80001604	006024b3	slt	x9,x0,x6	  x0:0x00000000  x6:0xd9af0000  x9=0x00000000
       19865000	      1985	80001608	fc020993	addi	x19,x4,-64	  x4:0xab872000 x19=0xab871fc0
       19875000	      1986	8000160c	00c15033	srl	x0,x2,x12	  x2:0x00000000 x12:0x1ffffa68
       19885000	      1987	80001610	a0fe8613	addi	x12,x29,-1521	 x29:0x000001b7 x12=0xfffffbc6
       19895000	      1988	80001614	00b09693	slli	x13,x1,0xb	  x1:0x2c80563a x13=0x02b1d000
       19905000	      1989	80001618	b2e76a13	ori	x20,x14,-1234	 x14:0x28bf1566 x20=0xffffff6e
       19915000	      1990	8000161c	416ad493	srai	x9,x21,0x16	 x21:0x00000000  x9=0x00000000
       19925000	      1991	80001620	01d89c63	bne	x17,x29,80001638	 x17:0xfe00027f x29:0x000001b7
       19935000	      1992	00000000	00000013	addi	x0,x0,0	  x0:0x00000000
       19945000	      1993	80001634	00000013	addi	x0,x0,0	  x0:0x00000000
       19955000	      1994	80001638	f0080313	addi	x6,x16,-256	 x16:0x00000001  x6=0xffffff01
       19965000	      1995	8000163c	4102dd93	srai	x27,x5,0x10	  x5:0x00000001 x27=0x00000000
       19975000	      1996	80001640	0159e833	or	x16,x19,x21	 x19:0xab871fc0 x21:0x00000000 x16=0xab871fc0
       19985000	      1997	80001644	a5736e93	ori	x29,x6,-1449	  x6:0xffffff01 x29=0xffffff57
       19995000	      1998	80001648	01b44333	xor	x6,x8,x27	  x8:0x80009fc4 x27:0x00000000  x6=0x80009fc4
       20005000	      1999	8000164c	004e5093	srli	x1,x28,0x4	 x28:0x00000001  x1=0x00000000
       20015000	      2000	80001650	01145ab3	srl	x21,x8,x17	  x8:0x80009fc4 x17:0xfe00027f x21=0x00000001
       20025000	      2001	80001654	00000013	addi	x0,x0,0	  x0:0x00000000
       20035000	      2002	80001658	66277693	andi	x13,x14,1634	 x14:0x28bf1566 x13=0x00000462
       20045000	      2003	8000165c	009b5cb3	srl	x25,x22,x9	 x22:0x0005a200  x9:0x00000000 x25=0x0005a200
       20055000	      2004	80001660	01b149b3	xor	x19,x2,x27	  x2:0x00000000 x27:0x00000000 x19=0x00000000
       20065000	      2005	80001664	02357863	bgeu	x10,x3,80001694	 x10:0x28bf11a0  x3:0x00000000
       20075000	      2006	00000000	00000013	addi	x0,x0,0	  x0:0x00000000
       20085000	      2007	80001690	00000013	addi	x0,x0,0	  x0:0x00000000
       20095000	      2008	80001694	000efd97	auipc	x27,0xef	 x27=0x800f0690
       20105000	      2009	80001698	01a63c33	sltu	x24,x12,x26	 x12:0xfffffbc6 x26:0x00000008 x24=0x00000000
       20115000	      2010	8000169c	01c25a93	srli	x21,x4,0x1c	  x4:0xab872000 x21=0x0000000a
       20125000	      2011	800016a0	02da6c63	bltu	x20,x13,800016d8	 x20:0xffffff6e x13:0x00000462
       20135000	      2012	800016a4	01d08033	add	x0,x1,x29	  x1:0x00000000 x29:0xffffff57
       20145000	      2013	800016a8	3b577c37	lui	x24,0x3b577	 x24=0x3b577000
       20155000	      2014	800016ac	0330fe13	andi	x28,x1,51	  x1:0x00000000 x28=0x00000000
       20165000	      2015	800016b0	00000013	addi	x0,x0,0	  x0:0x00000000
       20175000	      2016	800016b4	00422b33	slt	x22,x4,x4	  x4:0xab872000  x4:0xab872000 x22=0x00000000
       20185000	      2017	800016b8	0088afb3	slt	x31,x17,x8	 x17:0xfe00027f  x8:0x80009fc4 x31=0x00000000
       20195000	      2018	800016bc	ae0c7c93	andi	x25,x24,-1312	 x24:0x3b577000 x25=0x3b577000
       20205000	      2019	800016c0	a9f8e013	ori	x0,x17,-1377	 x17:0xfe00027f
       20215000	      2020	800016c4	b64ff693	andi	x13,x31,-1180	 x31:0x00000000 x13=0x00000000
       20225000	      2021	800016c8	40c65d33	sra	x26,x12,x12	 x12:0xfffffbc6 x12:0xfffffbc6 x26=0xffffffef
       20235000	      2022	800016cc	eed44b13	xori	x22,x8,-275	  x8:0x80009fc4 x22=0x7fff6129
       20245000	      2023	800016d0	6c951917	auipc	x18,0x6c951	 x18=0xec9526cc
       20255000	      2024	800016d4	02005863	bge	x0,x0,80001704	  x0:0x00000000  x0:0x00000000
       20265000	      2025	00000000	00000013	addi	x0,x0,0	  x0:0x00000000
       20275000	      2026	80001700	00000013	addi	x0,x0,0	  x0:0x00000000
       20285000	      2027	80001704	038f8063	beq	x31,x24,80001724	 x31:0x00000000 x24:0x3b577000
       20295000	      2028	80001708	010af8b3	and	x17,x21,x16	 x21:0x0000000a x16:0xab871fc0 x17=0x00000000
       20305000	      2029	8000170c	00528e33	add	x28,x5,x5	  x5:0x00000001  x5:0x00000001 x28=0x00000002
       20315000	      2030	80001710	6fd2a313	slti	x6,x5,1789	  x5:0x00000001  x6=0x00000001
       20325000	      2031	80001714	015520b3	slt	x1,x10,x21	 x10:0x28bf11a0 x21:0x0000000a  x1=0x00000000
       20335000	      2032	80001718	0ee40863	beq	x8,x14,80001808	  x8:0x80009fc4 x14:0x28bf1566
       20345000	      2033	8000171c	c3a08013	addi	x0,x1,-966	  x1:0x00000000
       20355000	      2034	80001720	e8dbb293	sltiu	x5,x23,-371	 x23:0x000005a2  x5=0x00000001
       20365000	      2035	80001724	5d924b13	xori	x22,x4,1497	  x4:0xab872000 x22=0xab8725d9
       20375000	      2036	80001728	e0b90a13	addi	x20,x18,-501	 x18:0xec9526cc x20=0xec9524d7
       20385000	      2037	8000172c	0c9ff463	bgeu	x31,x9,800017f4	 x31:0x00000000  x9:0x00000000
       20395000	      2038	00000000	00000013	addi	x0,x0,0	  x0:0x00000000
       20405000	      2039	800017f0	00000013	addi	x0,x0,0	  x0:0x00000000
       20415000	      2040	800017f4	011becb3	or	x25,x23,x17	 x23:0x000005a2 x17:0x00000000 x25=0x000005a2
       20425000	      2041	800017f8	32963e13	sltiu	x28,x12,809	 x12:0xfffffbc6 x28=0x00000000
       20435000	      2042	800017fc	010a8cb3	add	x25,x21,x16	 x21:0x0000000a x16:0xab871fc0 x25=0xab871fca
       20445000	      2043	80001800	4170d093	srai	x1,x1,0x17	  x1:0x00000000  x1=0x00000000
       20455000	      2044	80001804	0e17b693	sltiu	x13,x15,225	 x15:0x28bf11a0 x13=0x00000000
       20465000	      2045	80001808	018dec63	bltu	x27,x24,80001820	 x27:0x800f0690 x24:0x3b577000
       20475000	      2046	8000180c	01a46633	or	x12,x8,x26	  x8:0x80009fc4 x26:0xffffffef x12=0xffffffef
       20485000	      2047	80001810	30b92013	slti	x0,x18,779	 x18:0xec9526cc
       20495000	      2048	80001814	8d01f193	andi	x3,x3,-1840	  x3:0x00000000  x3=0x00000000
       20505000	      2049	80001818	01d00c63	beq	x0,x29,80001830	  x0:0x00000000 x29:0xffffff57
       20515000	      2050	8000181c	4109dd13	srai	x26,x19,0x10	 x19:0x00000000 x26=0x00000000
       20525000	      2051	80001820	40378833	sub	x16,x15,x3	 x15:0x28bf11a0  x3:0x00000000 x16=0x28bf11a0
       20535000	      2052	80001824	00f2bbb3	sltu	x23,x5,x15	  x5:0x00000001 x15:0x28bf11a0 x23=0x00000001
       20545000	      2053	80001828	65968913	addi	x18,x13,1625	 x13:0x00000000 x18=0x00000659
       20555000	      2054	8000182c	00fc7c33	and	x24,x24,x15	 x24:0x3b577000 x15:0x28bf11a0 x24=0x28171000
       20565000	      2055	80001830	2503a837	lui	x16,0x2503a	 x16=0x2503a000
       20575000	      2056	80001834	03ccf663	bgeu	x25,x28,80001860	 x25:0xab871fca x28:0x00000000
       20585000	      2057	00000000	00000013	addi	x0,x0,0	  x0:0x00000000
       20595000	      2058	8000185c	00000013	addi	x0,x0,0	  x0:0x00000000
       20605000	      2059	80001860	00e07663	bgeu	x0,x14,8000186c	  x0:0x00000000 x14:0x28bf1566
       20615000	      2060	80001864	017e9093	slli	x1,x29,0x17	 x29:0xffffff57  x1=0xab800000
       20625000	      2061	80001868	05289063	bne	x17,x18,800018a8	 x17:0x00000000 x18:0x00000659
       20635000	      2062	00000000	00000013	addi	x0,x0,0	  x0:0x00000000
       20645000	      2063	800018a4	00000013	addi	x0,x0,0	  x0:0x00000000
       20655000	      2064	800018a8	00000013	addi	x0,x0,0	  x0:0x00000000
       20665000	      2065	800018ac	01bc5593	srli	x11,x24,0x1b	 x24:0x28171000 x11=0x00000005
       20675000	      2066	800018b0	01ee5b33	srl	x22,x28,x30	 x28:0x00000000 x30:0x00000000 x22=0x00000000
       20685000	      2067	800018b4	00000013	addi	x0,x0,0	  x0:0x00000000
       20695000	      2068	800018b8	7fbbe913	ori	x18,x23,2043	 x23:0x00000001 x18=0x000007fb
       20705000	      2069	800018bc	00000013	addi	x0,x0,0	  x0:0x00000000
       20715000	      2070	800018c0	305ceb93	ori	x23,x25,773	 x25:0xab871fca x23=0xab871fcf
       20725000	      2071	800018c4	00bab7b3	sltu	x15,x21,x11	 x21:0x0000000a x11:0x00000005 x15=0x00000000
       20735000	      2072	800018c8	2e002f93	slti	x31,x0,736	  x0:0x00000000 x31=0x00000001
       20745000	      2073	800018cc	cf1fe36f	jal	x6,800018cc	  x6=0x800018cc
       20755000	      2074	00000000	00000013	addi	x0,x0,0	  x0:0x00000000
       20765000	      2075	800005b8	00000013	addi	x0,x0,0	  x0:0x00000000
       20775000	      2076	800005bc	2d43c713	xori	x14,x7,724	  x7:0x80009f48 x14=0x80009d9c
       20785000	      2077	800005c0	a87df4b7	lui	x9,0xa87df	  x9=0xa87df000
       20795000	      2078	800005c4	e419cf37	lui	x30,0xe419c	 x30=0xe419c000
       20805000	      2079	800005c8	41c7db33	sra	x22,x15,x28	 x15:0x00000000 x28:0x00000000 x22=0x00000000
       20815000	      2080	800005cc	9b594a13	xori	x20,x18,-1611	 x18:0x000007fb x20=0xfffffe4e
       20825000	      2081	800005d0	fc838393	addi	x7,x7,-56	  x7:0x80009f48  x7=0x80009f10
       20835000	      2082	800005d4	0063a223	sw	x6,4(x7)	  x7:0x80009f10  x6:0x800018cc PA:0x80009f14
       20845000	      2083	800005d8	fec70213	addi	x4,x14,-20	 x14:0x80009d9c  x4=0x80009d88
       20855000	      2084	800005dc	41165bb3	sra	x23,x12,x17	 x12:0xffffffef x17:0x00000000 x23=0xffffffef
       20865000	      2085	800005e0	e2386693	ori	x13,x16,-477	 x16:0x2503a000 x13=0xfffffe23
       20875000	      2086	800005e4	40d45fb3	sra	x31,x8,x13	  x8:0x80009fc4 x13:0xfffffe23 x31=0xf00013f8
       20885000	      2087	800005e8	00008217	auipc	x4,0x8	  x4=0x800085e4
       20895000	      2088	800005ec	4dd20213	addi	x4,x4,1245	  x4:0x800085e4  x4=0x80008ac1
       20905000	      2089	800005f0	fe320c23	sb	x3,-8(x4)	  x4:0x80008ac1  x3:0x00000000 PA:0x80008ab9
       20915000	      2090	800005f4	ff824483	lbu	x9,-8(x4)	  x4:0x80008ac1  x9=0x00000000 PA:0x80008ab9
       20925000	      2091	00000000	00000013	addi	x0,x0,0	  x0:0x00000000
       20935000	      2092	800005f8	fe920c23	sb	x9,-8(x4)	  x4:0x80008ac1  x9:0x00000000 PA:0x80008ab9
       20945000	      2093	800005fc	00c24d03	lbu	x26,12(x4)	  x4:0x80008ac1 x26=0x00000014 PA:0x80008acd
       20955000	      2094	80000600	00320623	sb	x3,12(x4)	  x4:0x80008ac1  x3:0x00000000 PA:0x80008acd
       20965000	      2095	80000604	00e20623	sb	x14,12(x4)	  x4:0x80008ac1 x14:0x80009d9c PA:0x80008acd
       20975000	      2096	80000608	016204a3	sb	x22,9(x4)	  x4:0x80008ac1 x22:0x00000000 PA:0x80008aca
       20985000	      2097	8000060c	00925283	lhu	x5,9(x4)	  x4:0x80008ac1  x5=0x00000000 PA:0x80008aca
       20995000	      2098	80000610	007c6eb3	or	x29,x24,x7	 x24:0x28171000  x7:0x80009f10 x29=0xa8179f10
       21005000	      2099	80000614	00921583	lh	x11,9(x4)	  x4:0x80008ac1 x11=0x00000000 PA:0x80008aca
       21015000	      2100	80000618	7bc8d497	auipc	x9,0x7bc8d	  x9=0xfbc8d614
       21025000	      2101	8000061c	00920783	lb	x15,9(x4)	  x4:0x80008ac1 x15=0x00000000 PA:0x80008aca
       21035000	      2102	80000620	01c214a3	sh	x28,9(x4)	  x4:0x80008ac1 x28:0x00000000 PA:0x80008aca
       21045000	      2103	80000624	ff321d03	lh	x26,-13(x4)	  x4:0x80008ac1 x26=0xffffceb6 PA:0x80008ab4
       21055000	      2104	80000628	013f8a33	add	x20,x31,x19	 x31:0xf00013f8 x19:0x00000000 x20=0xf00013f8
       21065000	      2105	8000062c	b916a813	slti	x16,x13,-1135	 x13:0xfffffe23 x16=0x00000000
       21075000	      2106	80000630	00820623	sb	x8,12(x4)	  x4:0x80008ac1  x8:0x80009fc4 PA:0x80008acd
       21085000	      2107	80000634	00920623	sb	x9,12(x4)	  x4:0x80008ac1  x9:0xfbc8d614 PA:0x80008acd
       21095000	      2108	80000638	00008117	auipc	x2,0x8	  x2=0x80008634
       21105000	      2109	8000063c	e6110113	addi	x2,x2,-415	  x2:0x80008634  x2=0x80008495
       21115000	      2110	80000640	127127a3	sw	x7,303(x2)	  x2:0x80008495  x7:0x80009f10 PA:0x800085c4
       21125000	      2111	80000644	40c8d6b3	sra	x13,x17,x12	 x17:0x00000000 x12:0xffffffef x13=0x00000000
       21135000	      2112	80000648	1f637293	andi	x5,x6,502	  x6:0x800018cc  x5=0x000000c4
       21145000	      2113	8000064c	fed11ea3	sh	x13,-3(x2)	  x2:0x80008495 x13:0x00000000 PA:0x80008492
       21155000	      2114	80000650	008d1c13	slli	x24,x26,0x8	 x26:0xffffceb6 x24=0xffceb600
       21165000	      2115	80000654	00396633	or	x12,x18,x3	 x18:0x000007fb  x3:0x00000000 x12=0x000007fb
       21175000	      2116	80000658	012465b3	or	x11,x8,x18	  x8:0x80009fc4 x18:0x000007fb x11=0x80009fff
       21185000	      2117	8000065c	01711733	sll	x14,x2,x23	  x2:0x80008495 x23:0xffffffef x14=0x424a8000
       21195000	      2118	80000660	0177d933	srl	x18,x15,x23	 x15:0x00000000 x23:0xffffffef x18=0x00000000
       21205000	      2119	80000664	40e0de33	sra	x28,x1,x14	  x1:0xab800000 x14:0x424a8000 x28=0xab800000
       21215000	      2120	80000668	018ba4b3	slt	x9,x23,x24	 x23:0xffffffef x24:0xffceb600  x9=0x00000000
       21225000	      2121	8000066c	27210a83	lb	x21,626(x2)	  x2:0x80008495 x21=0xffffff9f PA:0x80008707
       21235000	      2122	80000670	00462a33	slt	x20,x12,x4	 x12:0x000007fb  x4:0x80008ac1 x20=0x00000000
       21245000	      2123	80000674	2e210603	lb	x12,738(x2)	  x2:0x80008495 x12=0x00000079 PA:0x80008777
       21255000	      2124	80000678	0099e2b3	or	x5,x19,x9	 x19:0x00000000  x9:0x00000000  x5=0x00000000
       21265000	      2125	8000067c	01459fb3	sll	x31,x11,x20	 x11:0x80009fff x20:0x00000000 x31=0x80009fff
       21275000	      2126	80000680	f34114a3	sh	x20,-215(x2)	  x2:0x80008495 x20:0x00000000 PA:0x800083be
       21285000	      2127	80000684	019dd633	srl	x12,x27,x25	 x27:0x800f0690 x25:0xab871fca x12=0x002003c1
       21295000	      2128	80000688	d8410723	sb	x4,-626(x2)	  x2:0x80008495  x4:0x80008ac1 PA:0x80008223
       21305000	      2129	8000068c	014100b3	add	x1,x2,x20	  x2:0x80008495 x20:0x00000000  x1=0x80008495
       21315000	      2130	80000690	00309d93	slli	x27,x1,0x3	  x1:0x80008495 x27=0x000424a8
       21325000	      2131	80000694	2c010603	lb	x12,704(x2)	  x2:0x80008495 x12=0xffffffa3 PA:0x80008755
       21335000	      2132	80000698	4160d733	sra	x14,x1,x22	  x1:0x80008495 x22:0x00000000 x14=0x80008495
       21345000	      2133	8000069c	0019bdb3	sltu	x27,x19,x1	 x19:0x00000000  x1:0x80008495 x27=0x00000001
       21355000	      2134	800006a0	c4110d83	lb	x27,-959(x2)	  x2:0x80008495 x27=0x00000060 PA:0x800080d6
       21365000	      2135	800006a4	cea10823	sb	x10,-784(x2)	  x2:0x80008495 x10:0x28bf11a0 PA:0x80008185
       21375000	      2136	800006a8	0188b8b3	sltu	x17,x17,x24	 x17:0x00000000 x24:0xffceb600 x17=0x00000001
       21385000	      2137	800006ac	0083f5b3	and	x11,x7,x8	  x7:0x80009f10  x8:0x80009fc4 x11=0x80009f00
       21395000	      2138	800006b0	40ecdb33	sra	x22,x25,x14	 x25:0xab871fca x14:0x80008495 x22=0xfffffd5c
       21405000	      2139	800006b4	01dc5233	srl	x4,x24,x29	 x24:0xffceb600 x29:0xa8179f10  x4=0x0000ffce
       21415000	      2140	800006b8	b5c24013	xori	x0,x4,-1188	  x4:0x0000ffce
       21425000	      2141	800006bc	0030d713	srli	x14,x1,0x3	  x1:0x80008495 x14=0x10001092
       21435000	      2142	800006c0	01ba99b3	sll	x19,x21,x27	 x21:0xffffff9f x27:0x00000060 x19=0xffffff9f
       21445000	      2143	800006c4	cb914d83	lbu	x27,-839(x2)	  x2:0x80008495 x27=0x00000080 PA:0x8000814e
       21455000	      2144	800006c8	00a44c33	xor	x24,x8,x10	  x8:0x80009fc4 x10:0x28bf11a0 x24=0xa8bf8e64
       21465000	      2145	800006cc	c9810483	lb	x9,-872(x2)	  x2:0x80008495  x9=0x00000012 PA:0x8000812d
       21475000	      2146	00000000	00000013	addi	x0,x0,0	  x0:0x00000000
       21485000	      2147	800006d0	2a910a83	lb	x21,681(x2)	  x2:0x80008495 x21=0xffffff8f PA:0x8000873e
       21495000	      2148	800006d4	0324ce63	blt	x9,x18,80000710	  x9:0x00000012 x18:0x00000000
       21505000	      2149	800006d8	9e472913	slti	x18,x14,-1564	 x14:0x10001092 x18=0x00000000
       21515000	      2150	800006dc	40a80db3	sub	x27,x16,x10	 x16:0x00000000 x10:0x28bf11a0 x27=0xd740ee60
       21525000	      2151	800006e0	01519893	slli	x17,x3,0x15	  x3:0x00000000 x17=0x00000000
       21535000	      2152	800006e4	027c1a63	bne	x24,x7,80000718	 x24:0xa8bf8e64  x7:0x80009f10
       21545000	      2153	00000000	00000013	addi	x0,x0,0	  x0:0x00000000
       21555000	      2154	80000714	00000013	addi	x0,x0,0	  x0:0x00000000
       21565000	      2155	80000718	01e42cb3	slt	x25,x8,x30	  x8:0x80009fc4 x30:0xe419c000 x25=0x00000001
       21575000	      2156	8000071c	7a9d6f13	ori	x30,x26,1961	 x26:0xffffceb6 x30=0xffffcfbf
       21585000	      2157	80000720	01317e63	bgeu	x2,x19,8000073c	  x2:0x80008495 x19:0xffffff9f
       21595000	      2158	80000724	015d7e63	bgeu	x26,x21,80000740	 x26:0xffffceb6 x21:0xffffff8f
       21605000	      2159	80000728	04347663	bgeu	x8,x3,80000774	  x8:0x80009fc4  x3:0x00000000
       21615000	      2160	00000000	00000013	addi	x0,x0,0	  x0:0x00000000
       21625000	      2161	80000770	00000013	addi	x0,x0,0	  x0:0x00000000
       21635000	      2162	80000774	01a91213	slli	x4,x18,0x1a	 x18:0x00000000  x4=0x00000000
       21645000	      2163	80000778	5c29ecb7	lui	x25,0x5c29e	 x25=0x5c29e000
       21655000	      2164	8000077c	08b48c63	beq	x9,x11,80000814	  x9:0x00000012 x11:0x80009f00
       21665000	      2165	80000780	01c90133	add	x2,x18,x28	 x18:0x00000000 x28:0xab800000  x2=0xab800000
       21675000	      2166	80000784	d3b6d0b7	lui	x1,0xd3b6d	  x1=0xd3b6d000
       21685000	      2167	80000788	083cc863	blt	x25,x3,80000818	 x25:0x5c29e000  x3:0x00000000
       21695000	      2168	8000078c	807c3f13	sltiu	x30,x24,-2041	 x24:0xa8bf8e64 x30=0x00000001
       21705000	      2169	80000790	00000013	addi	x0,x0,0	  x0:0x00000000
       21715000	      2170	80000794	00558463	beq	x11,x5,8000079c	 x11:0x80009f00  x5:0x00000000
       21725000	      2171	80000798	00f01a63	bne	x0,x15,800007ac	  x0:0x00000000 x15:0x00000000
       21735000	      2172	8000079c	011c9033	sll	x0,x25,x17	 x25:0x5c29e000 x17:0x00000000
       21745000	      2173	800007a0	5fa26893	ori	x17,x4,1530	  x4:0x00000000 x17=0x000005fa
       21755000	      2174	800007a4	008ad663	bge	x21,x8,800007b0	 x21:0xffffff8f  x8:0x80009fc4
       21765000	      2175	00000000	00000013	addi	x0,x0,0	  x0:0x00000000
       21775000	      2176	800007ac	00000013	addi	x0,x0,0	  x0:0x00000000
       21785000	      2177	800007b0	00fc7033	and	x0,x24,x15	 x24:0xa8bf8e64 x15:0x00000000
       21795000	      2178	800007b4	00008717	auipc	x14,0x8	 x14=0x800087b0
       21805000	      2179	800007b8	dec70713	addi	x14,x14,-532	 x14:0x800087b0 x14=0x8000859c
       21815000	      2180	800007bc	00008c97	auipc	x25,0x8	 x25=0x800087b8
       21825000	      2181	800007c0	b4ec8c93	addi	x25,x25,-1202	 x25:0x800087b8 x25=0x80008306
       21835000	      2182	800007c4	ffecd083	lhu	x1,-2(x25)	 x25:0x80008306  x1=0x0000bd96 PA:0x80008304
       21845000	      2183	800007c8	ff675103	lhu	x2,-10(x14)	 x14:0x8000859c  x2=0x00004fcc PA:0x80008592
       21855000	      2184	800007cc	fecc9a23	sh	x12,-12(x25)	 x25:0x80008306 x12:0xffffffa3 PA:0x800082fa
       21865000	      2185	800007d0	00170c03	lb	x24,1(x14)	 x14:0x8000859c x24=0xffffffb5 PA:0x8000859d
       21875000	      2186	800007d4	ffe70f03	lb	x30,-2(x14)	 x14:0x8000859c x30=0xffffffff PA:0x8000859a
       21885000	      2187	00000000	00000013	addi	x0,x0,0	  x0:0x00000000
       21895000	      2188	800007d8	01eca123	sw	x30,2(x25)	 x25:0x80008306 x30:0xffffffff PA:0x80008308
       21905000	      2189	800007dc	00770d83	lb	x27,7(x14)	 x14:0x8000859c x27=0x00000040 PA:0x800085a3
       21915000	      2190	800007e0	009ca323	sw	x9,6(x25)	 x25:0x80008306  x9:0x00000012 PA:0x8000830c
       21925000	      2191	800007e4	005cc283	lbu	x5,5(x25)	 x25:0x80008306  x5=0x000000ff PA:0x8000830b
       21935000	      2192	800007e8	ff670fa3	sb	x22,-1(x14)	 x14:0x8000859c x22:0xfffffd5c PA:0x8000859b
       21945000	      2193	800007ec	01ec9223	sh	x30,4(x25)	 x25:0x80008306 x30:0xffffffff PA:0x8000830a
       21955000	      2194	800007f0	fe670b23	sb	x6,-10(x14)	 x14:0x8000859c  x6:0x800018cc PA:0x80008592
       21965000	      2195	800007f4	ff3ccd03	lbu	x26,-13(x25)	 x25:0x80008306 x26=0x000000d7 PA:0x800082f9
       21975000	      2196	800007f8	00970a03	lb	x20,9(x14)	 x14:0x8000859c x20=0x00000010 PA:0x800085a5
       21985000	      2197	800007fc	ff8cda83	lhu	x21,-8(x25)	 x25:0x80008306 x21=0x00002692 PA:0x800082fe
       21995000	      2198	80000800	fff71f23	sh	x31,-2(x14)	 x14:0x8000859c x31:0x80009fff PA:0x8000859a
       22005000	      2199	80000804	ff970303	lb	x6,-7(x14)	 x14:0x8000859c  x6=0xfffffff0 PA:0x80008595
       22015000	      2200	80000808	004cc003	lbu	x0,4(x25)	 x25:0x80008306 PA:0x8000830a
       22025000	      2201	8000080c	412087b3	sub	x15,x1,x18	  x1:0x0000bd96 x18:0x00000000 x15=0x0000bd96
       22035000	      2202	80000810	0124deb3	srl	x29,x9,x18	  x9:0x00000012 x18:0x00000000 x29=0x00000012
       22045000	      2203	80000814	1af98793	addi	x15,x19,431	 x19:0xffffff9f x15=0x0000014e
       22055000	      2204	80000818	17d66893	ori	x17,x12,381	 x12:0xffffffa3 x17=0xffffffff
       22065000	      2205	8000081c	01e0d313	srli	x6,x1,0x1e	  x1:0x0000bd96  x6=0x00000000
       22075000	      2206	80000820	0405d463	bge	x11,x0,80000868	 x11:0x80009f00  x0:0x00000000
       22085000	      2207	80000824	00000013	addi	x0,x0,0	  x0:0x00000000
       22095000	      2208	80000828	ced0e113	ori	x2,x1,-787	  x1:0x0000bd96  x2=0xfffffdff
       22105000	      2209	8000082c	01f37a63	bgeu	x6,x31,80000840	  x6:0x00000000 x31:0x80009fff
       22115000	      2210	80000830	a7210613	addi	x12,x2,-1422	  x2:0xfffffdff x12=0xfffff871
       22125000	      2211	80000834	01b09893	slli	x17,x1,0x1b	  x1:0x0000bd96 x17=0xb0000000
       22135000	      2212	80000838	00000013	addi	x0,x0,0	  x0:0x00000000
       22145000	      2213	8000083c	01ce2e33	slt	x28,x28,x28	 x28:0xab800000 x28:0xab800000 x28=0x00000000
       22155000	      2214	80000840	01e3cdb3	xor	x27,x7,x30	  x7:0x80009f10 x30:0xffffffff x27=0x7fff60ef
       22165000	      2215	80000844	00000013	addi	x0,x0,0	  x0:0x00000000
       22175000	      2216	80000848	4157d193	srai	x3,x15,0x15	 x15:0x0000014e  x3=0x00000000
       22185000	      2217	8000084c	ab913593	sltiu	x11,x2,-1351	  x2:0xfffffdff x11=0x00000000
       22195000	      2218	80000850	00eaeeb3	or	x29,x21,x14	 x21:0x00002692 x14:0x8000859c x29=0x8000a79e
       22205000	      2219	80000854	ef924a13	xori	x20,x4,-263	  x4:0x00000000 x20=0xfffffef9
       22215000	      2220	80000858	04b3d863	bge	x7,x11,800008a8	  x7:0x80009f10 x11:0x00000000
       22225000	      2221	8000085c	41a3f893	andi	x17,x7,1050	  x7:0x80009f10 x17=0x00000410
       22235000	      2222	80000860	03d5f863	bgeu	x11,x29,80000890	 x11:0x00000000 x29:0x8000a79e
       22245000	      2223	80000864	059a9663	bne	x21,x25,800008b0	 x21:0x00002692 x25:0x80008306
       22255000	      2224	00000000	00000013	addi	x0,x0,0	  x0:0x00000000
       22265000	      2225	800008ac	00000013	addi	x0,x0,0	  x0:0x00000000
       22275000	      2226	800008b0	009c6263	bltu	x24,x9,800008b4	 x24:0xffffffb5  x9:0x00000012
       22285000	      2227	800008b4	00000013	addi	x0,x0,0	  x0:0x00000000
       22295000	      2228	800008b8	00249263	bne	x9,x2,800008bc	  x9:0x00000012  x2:0xfffffdff
       22305000	      2229	00000000	00000013	addi	x0,x0,0	  x0:0x00000000
       22315000	      2230	800008b8	00000013	addi	x0,x0,0	  x0:0x00000000
       22325000	      2231	800008bc	0812bc93	sltiu	x25,x5,129	  x5:0x000000ff x25=0x00000000
       22335000	      2232	800008c0	00706f33	or	x30,x0,x7	  x0:0x00000000  x7:0x80009f10 x30=0x80009f10
       22345000	      2233	800008c4	416089b3	sub	x19,x1,x22	  x1:0x0000bd96 x22:0xfffffd5c x19=0x0000c03a
       22355000	      2234	800008c8	00db80b3	add	x1,x23,x13	 x23:0xffffffef x13:0x00000000  x1=0xffffffef
       22365000	      2235	800008cc	00c06263	bltu	x0,x12,800008d0	  x0:0x00000000 x12:0xfffff871
       22375000	      2236	00000000	00000013	addi	x0,x0,0	  x0:0x00000000
       22385000	      2237	800008cc	00000013	addi	x0,x0,0	  x0:0x00000000
       22395000	      2238	800008d0	004b6633	or	x12,x22,x4	 x22:0xfffffd5c  x4:0x00000000 x12=0xfffffd5c
       22405000	      2239	800008d4	019a86b3	add	x13,x21,x25	 x21:0x00002692 x25:0x00000000 x13=0x00002692
       22415000	      2240	800008d8	eada7e13	andi	x28,x20,-339	 x20:0xfffffef9 x28=0xfffffea9
       22425000	      2241	800008dc	01405933	srl	x18,x0,x20	  x0:0x00000000 x20:0xfffffef9 x18=0x00000000
       22435000	      2242	800008e0	3f7fcf97	auipc	x31,0x3f7fc	 x31=0xbf7fc8dc
       22445000	      2243	800008e4	0055a6b3	slt	x13,x11,x5	 x11:0x00000000  x5:0x000000ff x13=0x00000001
       22455000	      2244	800008e8	00b92633	slt	x12,x18,x11	 x18:0x00000000 x11:0x00000000 x12=0x00000000
       22465000	      2245	800008ec	41fc0c33	sub	x24,x24,x31	 x24:0xffffffb5 x31:0xbf7fc8dc x24=0x408036d9
       22475000	      2246	800008f0	46f42f13	slti	x30,x8,1135	  x8:0x80009fc4 x30=0x00000001
       22485000	      2247	800008f4	adc02b93	slti	x23,x0,-1316	  x0:0x00000000 x23=0x00000000
       22495000	      2248	800008f8	034a1663	bne	x20,x20,80000924	 x20:0xfffffef9 x20:0xfffffef9
       22505000	      2249	800008fc	632e3d13	sltiu	x26,x28,1586	 x28:0xfffffea9 x26=0x00000000
       22515000	      2250	80000900	00aa4663	blt	x20,x10,8000090c	 x20:0xfffffef9 x10:0x28bf11a0
       22525000	      2251	00000000	00000013	addi	x0,x0,0	  x0:0x00000000
       22535000	      2252	80000908	00000013	addi	x0,x0,0	  x0:0x00000000
       22545000	      2253	8000090c	01b4dc63	bge	x9,x27,80000924	  x9:0x00000012 x27:0x7fff60ef
       22555000	      2254	80000910	2abbd937	lui	x18,0x2abbd	 x18=0x2abbd000
       22565000	      2255	80000914	81fe6e93	ori	x29,x28,-2017	 x28:0xfffffea9 x29=0xfffffebf
       22575000	      2256	80000918	41cf5833	sra	x16,x30,x28	 x30:0x00000001 x28:0xfffffea9 x16=0x00000000
       22585000	      2257	8000091c	011f1463	bne	x30,x17,80000924	 x30:0x00000001 x17:0x00000410
       22595000	      2258	00000000	00000013	addi	x0,x0,0	  x0:0x00000000
       22605000	      2259	80000920	00000013	addi	x0,x0,0	  x0:0x00000000
       22615000	      2260	80000924	413f06b3	sub	x13,x30,x19	 x30:0x00000001 x19:0x0000c03a x13=0xffff3fc7
       22625000	      2261	80000928	0043a303	lw	x6,4(x7)	  x7:0x80009f10  x6=0x800018cc PA:0x80009f14
       22635000	      2262	00000000	00000013	addi	x0,x0,0	  x0:0x00000000
       22645000	      2263	8000092c	c3032a13	slti	x20,x6,-976	  x6:0x800018cc x20=0x00000001
       22655000	      2264	80000930	417bdab3	sra	x21,x23,x23	 x23:0x00000000 x23:0x00000000 x21=0x00000000
       22665000	      2265	80000934	03838393	addi	x7,x7,56	  x7:0x80009f10  x7=0x80009f48
       22675000	      2266	80000938	f1644b13	xori	x22,x8,-234	  x8:0x80009fc4 x22=0x7fff60d2
       22685000	      2267	8000093c	00130113	addi	x2,x6,1	  x6:0x800018cc  x2=0x800018cd
       22695000	      2268	80000940	00010167	jalr	x2,x2,0	  x2:0x800018cd  x2=0x80000940
       22705000	      2269	00000000	00000013	addi	x0,x0,0	  x0:0x00000000
       22715000	      2270	800018cc	00000013	addi	x0,x0,0	  x0:0x00000000
       22725000	      2271	800018d0	01357a63	bgeu	x10,x19,800018e4	 x10:0x28bf11a0 x19:0x0000c03a
       22735000	      2272	00000000	00000013	addi	x0,x0,0	  x0:0x00000000
       22745000	      2273	800018e0	00000013	addi	x0,x0,0	  x0:0x00000000
       22755000	      2274	800018e4	000706b3	add	x13,x14,x0	 x14:0x8000859c  x0:0x00000000 x13=0x8000859c
       22765000	      2275	800018e8	e7d3e693	ori	x13,x7,-387	  x7:0x80009f48 x13=0xffffff7d
       22775000	      2276	800018ec	016e64b3	or	x9,x28,x22	 x28:0xfffffea9 x22:0x7fff60d2  x9=0xfffffefb
       22785000	      2277	800018f0	029a5e63	bge	x20,x9,8000192c	 x20:0x00000001  x9:0xfffffefb
       22795000	      2278	00000000	00000013	addi	x0,x0,0	  x0:0x00000000
       22805000	      2279	80001928	00000013	addi	x0,x0,0	  x0:0x00000000
       22815000	      2280	8000192c	05a6f063	bgeu	x13,x26,8000196c	 x13:0xffffff7d x26:0x00000000
       22825000	      2281	00000000	00000013	addi	x0,x0,0	  x0:0x00000000
       22835000	      2282	80001968	00000013	addi	x0,x0,0	  x0:0x00000000
       22845000	      2283	8000196c	1a3387b7	lui	x15,0x1a338	 x15=0x1a338000
       22855000	      2284	80001970	0074d813	srli	x16,x9,0x7	  x9:0xfffffefb x16=0x01fffffd
       22865000	      2285	80001974	019f5033	srl	x0,x30,x25	 x30:0x00000001 x25:0x00000000
       22875000	      2286	80001978	985d6493	ori	x9,x26,-1659	 x26:0x00000000  x9=0xfffff985
       22885000	      2287	8000197c	78d60313	addi	x6,x12,1933	 x12:0x00000000  x6=0x0000078d
       22895000	      2288	80001980	4074dd13	srai	x26,x9,0x7	  x9:0xfffff985 x26=0xfffffff3
       22905000	      2289	80001984	00a27133	and	x2,x4,x10	  x4:0x00000000 x10:0x28bf11a0  x2=0x00000000
       22915000	      2290	80001988	00000013	addi	x0,x0,0	  x0:0x00000000
       22925000	      2291	8000198c	018cbb33	sltu	x22,x25,x24	 x25:0x00000000 x24:0x408036d9 x22=0x00000001
       22935000	      2292	80001990	8a86c793	xori	x15,x13,-1880	 x13:0xffffff7d x15=0x000007d5
       22945000	      2293	80001994	00e86333	or	x6,x16,x14	 x16:0x01fffffd x14:0x8000859c  x6=0x81fffffd
       22955000	      2294	80001998	891c8593	addi	x11,x25,-1903	 x25:0x00000000 x11=0xfffff891
       22965000	      2295	8000199c	41cf8bb3	sub	x23,x31,x28	 x31:0xbf7fc8dc x28:0xfffffea9 x23=0xbf7fca33
       22975000	      2296	800019a0	0ae37063	bgeu	x6,x14,80001a40	  x6:0x81fffffd x14:0x8000859c
       22985000	      2297	00000000	00000013	addi	x0,x0,0	  x0:0x00000000
       22995000	      2298	80001a3c	00000013	addi	x0,x0,0	  x0:0x00000000
       23005000	      2299	80001a40	41f158b3	sra	x17,x2,x31	  x2:0x00000000 x31:0xbf7fc8dc x17=0x00000000
       23015000	      2300	80001a44	3bc1e893	ori	x17,x3,956	  x3:0x00000000 x17=0x000003bc
       23025000	      2301	80001a48	013a68b3	or	x17,x20,x19	 x20:0x00000001 x19:0x0000c03a x17=0x0000c03b
       23035000	      2302	80001a4c	c9368993	addi	x19,x13,-877	 x13:0xffffff7d x19=0xfffffc10
       23045000	      2303	80001a50	011e2fb3	slt	x31,x28,x17	 x28:0xfffffea9 x17:0x0000c03b x31=0x00000001
       23055000	      2304	80001a54	685d6893	ori	x17,x26,1669	 x26:0xfffffff3 x17=0xfffffff7
       23065000	      2305	80001a58	039f1263	bne	x30,x25,80001a7c	 x30:0x00000001 x25:0x00000000
       23075000	      2306	00000000	00000013	addi	x0,x0,0	  x0:0x00000000
       23085000	      2307	80001a78	00000013	addi	x0,x0,0	  x0:0x00000000
       23095000	      2308	80001a7c	0023d693	srli	x13,x7,0x2	  x7:0x80009f48 x13=0x200027d2
       23105000	      2309	80001a80	e727a0b7	lui	x1,0xe727a	  x1=0xe727a000
       23115000	      2310	80001a84	57a06a13	ori	x20,x0,1402	  x0:0x00000000 x20=0x0000057a
       23125000	      2311	80001a88	40fb5293	srai	x5,x22,0xf	 x22:0x00000001  x5=0x00000000
       23135000	      2312	80001a8c	01098db3	add	x27,x19,x16	 x19:0xfffffc10 x16:0x01fffffd x27=0x01fffc0d
       23145000	      2313	80001a90	40a9d093	srai	x1,x19,0xa	 x19:0xfffffc10  x1=0xffffffff
       23155000	      2314	80001a94	01740a33	add	x20,x8,x23	  x8:0x80009fc4 x23:0xbf7fca33 x20=0x3f8069f7
       23165000	      2315	80001a98	05d88463	beq	x17,x29,80001ae0	 x17:0xfffffff7 x29:0xfffffebf
       23175000	      2316	80001a9c	08d12a13	slti	x20,x2,141	  x2:0x00000000 x20=0x00000001
       23185000	      2317	80001aa0	0576e063	bltu	x13,x23,80001ae0	 x13:0x200027d2 x23:0xbf7fca33
       23195000	      2318	00000000	00000013	addi	x0,x0,0	  x0:0x00000000
       23205000	      2319	80001adc	00000013	addi	x0,x0,0	  x0:0x00000000
       23215000	      2320	80001ae0	008a79b3	and	x19,x20,x8	 x20:0x00000001  x8:0x80009fc4 x19=0x00000000
       23225000	      2321	80001ae4	01d3ed33	or	x26,x7,x29	  x7:0x80009f48 x29:0xfffffebf x26=0xffffffff
       23235000	      2322	80001ae8	09333a13	sltiu	x20,x6,147	  x6:0x81fffffd x20=0x00000000
       23245000	      2323	80001aec	ac74ef93	ori	x31,x9,-1337	  x9:0xfffff985 x31=0xfffffbc7
       23255000	      2324	80001af0	0f477063	bgeu	x14,x20,80001bd0	 x14:0x8000859c x20:0x00000000
       23265000	      2325	00000000	00000013	addi	x0,x0,0	  x0:0x00000000
       23275000	      2326	80001bcc	00000013	addi	x0,x0,0	  x0:0x00000000
       23285000	      2327	80001bd0	01832fb3	slt	x31,x6,x24	  x6:0x81fffffd x24:0x408036d9 x31=0x00000001
       23295000	      2328	80001bd4	557b5917	auipc	x18,0x557b5	 x18=0xd57b6bd0
       23305000	      2329	80001bd8	0084e333	or	x6,x9,x8	  x9:0xfffff985  x8:0x80009fc4  x6=0xffffffc5
       23315000	      2330	80001bdc	002e1c13	slli	x24,x28,0x2	 x28:0xfffffea9 x24=0xfffffaa4
       23325000	      2331	80001be0	0395e063	bltu	x11,x25,80001c00	 x11:0xfffff891 x25:0x00000000
       23335000	      2332	80001be4	0108f133	and	x2,x17,x16	 x17:0xfffffff7 x16:0x01fffffd  x2=0x01fffff5
       23345000	      2333	80001be8	035ce663	bltu	x25,x21,80001c14	 x25:0x00000000 x21:0x00000000
       23355000	      2334	80001bec	0111b9b3	sltu	x19,x3,x17	  x3:0x00000000 x17:0xfffffff7 x19=0x00000001
       23365000	      2335	80001bf0	0282f593	andi	x11,x5,40	  x5:0x00000000 x11=0x00000000
       23375000	      2336	80001bf4	04e6c063	blt	x13,x14,80001c34	 x13:0x200027d2 x14:0x8000859c
       23385000	      2337	80001bf8	0004dc13	srli	x24,x9,0x0	  x9:0xfffff985 x24=0xfffff985
       23395000	      2338	80001bfc	d3870293	addi	x5,x14,-712	 x14:0x8000859c  x5=0x800082d4
       23405000	      2339	80001c00	00f922b3	slt	x5,x18,x15	 x18:0xd57b6bd0 x15:0x000007d5  x5=0x00000001
       23415000	      2340	80001c04	01cf5a13	srli	x20,x30,0x1c	 x30:0x00000001 x20=0x00000000
       23425000	      2341	80001c08	00eedab3	srl	x21,x29,x14	 x29:0xfffffebf x14:0x8000859c x21=0x0000000f
       23435000	      2342	80001c0c	01415833	srl	x16,x2,x20	  x2:0x01fffff5 x20:0x00000000 x16=0x01fffff5
       23445000	      2343	80001c10	003191b3	sll	x3,x3,x3	  x3:0x00000000  x3:0x00000000  x3=0x00000000
       23455000	      2344	80001c14	b1d61197	auipc	x3,0xb1d61	  x3=0x31d62c10
       23465000	      2345	80001c18	01635d13	srli	x26,x6,0x16	  x6:0xffffffc5 x26=0x000003ff
       23475000	      2346	80001c1c	001cb2b3	sltu	x5,x25,x1	 x25:0x00000000  x1:0xffffffff  x5=0x00000001
       23485000	      2347	80001c20	031d5063	bge	x26,x17,80001c40	 x26:0x000003ff x17:0xfffffff7
       23495000	      2348	00000000	00000013	addi	x0,x0,0	  x0:0x00000000
       23505000	      2349	80001c3c	00000013	addi	x0,x0,0	  x0:0x00000000
       23515000	      2350	80001c40	00000013	addi	x0,x0,0	  x0:0x00000000
       23525000	      2351	80001c44	8f0588b7	lui	x17,0x8f058	 x17=0x8f058000
       23535000	      2352	80001c48	5b43b013	sltiu	x0,x7,1460	  x7:0x80009f48
       23545000	      2353	80001c4c	d7644e93	xori	x29,x8,-650	  x8:0x80009fc4 x29=0x7fff62b2
       23555000	      2354	80001c50	412e8933	sub	x18,x29,x18	 x29:0x7fff62b2 x18:0xd57b6bd0 x18=0xaa83f6e2
       23565000	      2355	80001c54	4085d7b3	sra	x15,x11,x8	 x11:0x00000000  x8:0x80009fc4 x15=0x00000000
       23575000	      2356	80001c58	516bc993	xori	x19,x23,1302	 x23:0xbf7fca33 x19=0xbf7fcf25
       23585000	      2357	80001c5c	030b0863	beq	x22,x16,80001c8c	 x22:0x00000001 x16:0x01fffff5
       23595000	      2358	80001c60	03a90063	beq	x18,x26,80001c80	 x18:0xaa83f6e2 x26:0x000003ff
       23605000	      2359	80001c64	00626133	or	x2,x4,x6	  x4:0x00000000  x6:0xffffffc5  x2=0xffffffc5
       23615000	      2360	80001c68	00379613	slli	x12,x15,0x3	 x15:0x00000000 x12=0x00000000
       23625000	      2361	80001c6c	00331c13	slli	x24,x6,0x3	  x6:0xffffffc5 x24=0xfffffe28
       23635000	      2362	80001c70	41a004b3	sub	x9,x0,x26	  x0:0x00000000 x26:0x000003ff  x9=0xfffffc01
       23645000	      2363	80001c74	01914a33	xor	x20,x2,x25	  x2:0xffffffc5 x25:0x00000000 x20=0xffffffc5
       23655000	      2364	80001c78	367b0913	addi	x18,x22,871	 x22:0x00000001 x18=0x00000368
       23665000	      2365	80001c7c	a18b62b7	lui	x5,0xa18b6	  x5=0xa18b6000
       23675000	      2366	80001c80	017f0db3	add	x27,x30,x23	 x30:0x00000001 x23:0xbf7fca33 x27=0xbf7fca34
       23685000	      2367	80001c84	0125ccb3	xor	x25,x11,x18	 x11:0x00000000 x18:0x00000368 x25=0x00000368
       23695000	      2368	80001c88	92d50f93	addi	x31,x10,-1747	 x10:0x28bf11a0 x31=0x28bf0acd
       23705000	      2369	80001c8c	01659fb3	sll	x31,x11,x22	 x11:0x00000000 x22:0x00000001 x31=0x00000000
       23715000	      2370	80001c90	01d08233	add	x4,x1,x29	  x1:0xffffffff x29:0x7fff62b2  x4=0x7fff62b1
       23725000	      2371	80001c94	a3f1e813	ori	x16,x3,-1473	  x3:0x31d62c10 x16=0xfffffe3f
       23735000	      2372	80001c98	8b0ff993	andi	x19,x31,-1872	 x31:0x00000000 x19=0x00000000
       23745000	      2373	80001c9c	6e4964b7	lui	x9,0x6e496	  x9=0x6e496000
       23755000	      2374	80001ca0	755e4293	xori	x5,x28,1877	 x28:0xfffffea9  x5=0xfffff9fc
       23765000	      2375	80001ca4	0255de63	bge	x11,x5,80001ce0	 x11:0x00000000  x5:0xfffff9fc
       23775000	      2376	00000000	00000013	addi	x0,x0,0	  x0:0x00000000
       23785000	      2377	80001cdc	00000013	addi	x0,x0,0	  x0:0x00000000
       23795000	      2378	80001ce0	016b7263	bgeu	x22,x22,80001ce4	 x22:0x00000001 x22:0x00000001
       23805000	      2379	00000000	00000013	addi	x0,x0,0	  x0:0x00000000
       23815000	      2380	80001ce0	00000013	addi	x0,x0,0	  x0:0x00000000
       23825000	      2381	80001ce4	68eaf813	andi	x16,x21,1678	 x21:0x0000000f x16=0x0000000e
       23835000	      2382	80001ce8	0043a303	lw	x6,4(x7)	  x7:0x80009f48  x6=0x80000424 PA:0x80009f4c
       23845000	      2383	80001cec	0052d9b3	srl	x19,x5,x5	  x5:0xfffff9fc  x5:0xfffff9fc x19=0x0000000f
       23855000	      2384	80001cf0	03c38393	addi	x7,x7,60	  x7:0x80009f48  x7=0x80009f84
       23865000	      2385	80001cf4	00000013	addi	x0,x0,0	  x0:0x00000000
       23875000	      2386	80001cf8	94506193	ori	x3,x0,-1723	  x0:0x00000000  x3=0xfffff945
       23885000	      2387	80001cfc	6845e993	ori	x19,x11,1668	 x11:0x00000000 x19=0x00000684
       23895000	      2388	80001d00	00130213	addi	x4,x6,1	  x6:0x80000424  x4=0x80000425
       23905000	      2389	80001d04	00020267	jalr	x4,x4,0	  x4:0x80000425  x4=0x80001d04
       23915000	      2390	00000000	00000013	addi	x0,x0,0	  x0:0x00000000
       23925000	      2391	80000424	00000013	addi	x0,x0,0	  x0:0x00000000
       23935000	      2392	80000428	057c5663	bge	x24,x23,80000474	 x24:0xfffffe28 x23:0xbf7fca33
       23945000	      2393	00000000	00000013	addi	x0,x0,0	  x0:0x00000000
       23955000	      2394	80000470	00000013	addi	x0,x0,0	  x0:0x00000000
       23965000	      2395	80000474	01cbbab3	sltu	x21,x23,x28	 x23:0xbf7fca33 x28:0xfffffea9 x21=0x00000001
       23975000	      2396	80000478	b006e237	lui	x4,0xb006e	  x4=0xb006e000
       23985000	      2397	8000047c	0103c333	xor	x6,x7,x16	  x7:0x80009f84 x16:0x0000000e  x6=0x80009f8a
       23995000	      2398	80000480	01f639b3	sltu	x19,x12,x31	 x12:0x00000000 x31:0x00000000 x19=0x00000000
       24005000	      2399	80000484	016b1633	sll	x12,x22,x22	 x22:0x00000001 x22:0x00000001 x12=0x00000002
       24015000	      2400	80000488	01ef6733	or	x14,x30,x30	 x30:0x00000001 x30:0x00000001 x14=0x00000001
       24025000	      2401	8000048c	f267fe93	andi	x29,x15,-218	 x15:0x00000000 x29=0x00000000
       24035000	      2402	80000490	0a8f6c13	ori	x24,x30,168	 x30:0x00000001 x24=0x000000a9
       24045000	      2403	80000494	03a4ea63	bltu	x9,x26,800004c8	  x9:0x6e496000 x26:0x000003ff
       24055000	      2404	80000498	407fd133	sra	x2,x31,x7	 x31:0x00000000  x7:0x80009f84  x2=0x00000000
       24065000	      2405	8000049c	403f52b3	sra	x5,x30,x3	 x30:0x00000001  x3:0xfffff945  x5=0x00000000
       24075000	      2406	800004a0	116f4c93	xori	x25,x30,278	 x30:0x00000001 x25=0x00000117
       24085000	      2407	800004a4	7eac0c93	addi	x25,x24,2026	 x24:0x000000a9 x25=0x00000893
       24095000	      2408	800004a8	04e1c663	blt	x3,x14,800004f4	  x3:0xfffff945 x14:0x00000001
       24105000	      2409	00000000	00000013	addi	x0,x0,0	  x0:0x00000000
       24115000	      2410	800004f0	00000013	addi	x0,x0,0	  x0:0x00000000
       24125000	      2411	800004f4	0503e663	bltu	x7,x16,80000540	  x7:0x80009f84 x16:0x0000000e
       24135000	      2412	800004f8	403f5b33	sra	x22,x30,x3	 x30:0x00000001  x3:0xfffff945 x22=0x00000000
       24145000	      2413	800004fc	00bceeb3	or	x29,x25,x11	 x25:0x00000893 x11:0x00000000 x29=0x00000893
       24155000	      2414	80000500	00000013	addi	x0,x0,0	  x0:0x00000000
       24165000	      2415	80000504	00225333	srl	x6,x4,x2	  x4:0xb006e000  x2:0x00000000  x6=0xb006e000
       24175000	      2416	80000508	02796863	bltu	x18,x7,80000538	 x18:0x00000368  x7:0x80009f84
       24185000	      2417	00000000	00000013	addi	x0,x0,0	  x0:0x00000000
       24195000	      2418	80000534	00000013	addi	x0,x0,0	  x0:0x00000000
       24205000	      2419	80000538	41135193	srai	x3,x6,0x11	  x6:0xb006e000  x3=0xffffd803
       24215000	      2420	8000053c	4b6bcd13	xori	x26,x23,1206	 x23:0xbf7fca33 x26=0xbf7fce85
       24225000	      2421	80000540	04659063	bne	x11,x6,80000580	 x11:0x00000000  x6:0xb006e000
       24235000	      2422	00000000	00000013	addi	x0,x0,0	  x0:0x00000000
       24245000	      2423	8000057c	00000013	addi	x0,x0,0	  x0:0x00000000
       24255000	      2424	80000580	9f6185b7	lui	x11,0x9f618	 x11=0x9f618000
       24265000	      2425	80000584	0104c633	xor	x12,x9,x16	  x9:0x6e496000 x16:0x0000000e x12=0x6e49600e
       24275000	      2426	80000588	00000013	addi	x0,x0,0	  x0:0x00000000
       24285000	      2427	8000058c	94657093	andi	x1,x10,-1722	 x10:0x28bf11a0  x1=0x28bf1100
       24295000	      2428	80000590	00000013	addi	x0,x0,0	  x0:0x00000000
       24305000	      2429	80000594	000a6863	bltu	x20,x0,800005a4	 x20:0xffffffc5  x0:0x00000000
       24315000	      2430	80000598	41f4d1b3	sra	x3,x9,x31	  x9:0x6e496000 x31:0x00000000  x3=0x6e496000
       24325000	      2431	8000059c	00a3b2b3	sltu	x5,x7,x10	  x7:0x80009f84 x10:0x28bf11a0  x5=0x00000000
       24335000	      2432	800005a0	6d594013	xori	x0,x18,1749	 x18:0x00000368
       24345000	      2433	800005a4	296b2e13	slti	x28,x22,662	 x22:0x00000000 x28=0x00000001
       24355000	      2434	800005a8	00000517	auipc	x10,0x0	 x10=0x800005a4
       24365000	      2435	800005ac	00c50513	addi	x10,x10,12	 x10:0x800005a4 x10=0x800005b0
       24375000	      2436	800005b0	00050067	jalr	x0,x10,0	 x10:0x800005b0
       24385000	      2437	00000000	00000013	addi	x0,x0,0	  x0:0x00000000
       24395000	      2438	800005b0	00000013	addi	x0,x0,0	  x0:0x00000000
       24405000	      2439	800005b4	00100193	addi	x3,x0,1	  x0:0x00000000  x3=0x00000001
       24415000	      2440	800005b8	00000073	ecall	
       24425000	      2441	800005bc	2d43c713	xori	x14,x7,724	  x7:0x80009f84 x14=0x80009d50
