		Time			Cycle	PC		Insn	Decoded instruction	Register and memory contents
          65000	         5	80000004	00000293	addi	x5,x0,0	  x0:0x00000000  x5=0x00000000
          75000	         6	80000008	00000313	addi	x6,x0,0	  x0:0x00000000  x6=0x00000000
          85000	         7	8000000c	00628263	beq	x5,x6,80000010	  x5:0x00000000  x6:0x00000000
          95000	         8	00000000	00000013	addi	x0,x0,0	  x0:0x00000000
         105000	         9	8000000c	00000013	addi	x0,x0,0	  x0:0x00000000
         115000	        10	80000010	00000817	auipc	x16,0x0	 x16=0x8000000c
         125000	        11	80000014	00c80813	addi	x16,x16,12	 x16:0x8000000c x16=0x80000018
         135000	        12	80000018	00080067	jalr	x0,x16,0	 x16:0x80000018
         145000	        13	00000000	00000013	addi	x0,x0,0	  x0:0x00000000
         155000	        14	80000018	00000013	addi	x0,x0,0	  x0:0x00000000
         165000	        15	8000001c	40000fb7	lui	x31,0x40000	 x31=0x40000000
         175000	        16	80000020	100f8f93	addi	x31,x31,256	 x31:0x40000000 x31=0x40000100
         185000	        17	80000024	00000013	addi	x0,x0,0	  x0:0x00000000
         195000	        18	80000028	0000a417	auipc	x8,0xa	  x8=0x8000a024
         205000	        19	8000002c	fa040413	addi	x8,x8,-96	  x8:0x8000a024  x8=0x80009fc4
         215000	        20	80000030	00002f97	auipc	x31,0x2	 x31=0x8000202c
         225000	        21	80000034	eb8f8f93	addi	x31,x31,-328	 x31:0x8000202c x31=0x80001ee4
         235000	        22	80000038	000fef93	ori	x31,x31,0	 x31:0x80001ee4 x31=0x80001ee4
         245000	        23	8000003c	00000013	addi	x0,x0,0	  x0:0x00000000
         255000	        24	80000040	00000f97	auipc	x31,0x0	 x31=0x8000003c
         265000	        25	80000044	020f8f93	addi	x31,x31,32	 x31:0x8000003c x31=0x8000005c
         275000	        26	80000048	00000013	addi	x0,x0,0	  x0:0x00000000
         285000	        27	8000004c	00000013	addi	x0,x0,0	  x0:0x00000000
         295000	        28	80000050	00002fb7	lui	x31,0x2	 x31=0x00002000
         305000	        29	80000054	800f8f93	addi	x31,x31,-2048	 x31:0x00002000 x31=0x00001800
         315000	        30	80000058	00000013	addi	x0,x0,0	  x0:0x00000000
         325000	        31	8000005c	00000013	addi	x0,x0,0	  x0:0x00000000
         335000	        32	80000060	00d00013	addi	x0,x0,13	  x0:0x00000000
         345000	        33	80000064	f1ba60b7	lui	x1,0xf1ba6	  x1=0xf1ba6000
         355000	        34	80000068	b0a08093	addi	x1,x1,-1270	  x1:0xf1ba6000  x1=0xf1ba5b0a
         365000	        35	8000006c	f6dc8137	lui	x2,0xf6dc8	  x2=0xf6dc8000
         375000	        36	80000070	dec10113	addi	x2,x2,-532	  x2:0xf6dc8000  x2=0xf6dc7dec
         385000	        37	80000074	00000193	addi	x3,x0,0	  x0:0x00000000  x3=0x00000000
         395000	        38	80000078	f73c6237	lui	x4,0xf73c6	  x4=0xf73c6000
         405000	        39	8000007c	0de20213	addi	x4,x4,222	  x4:0xf73c6000  x4=0xf73c60de
         415000	        40	80000080	800002b7	lui	x5,0x80000	  x5=0x80000000
         425000	        41	80000084	f96b8337	lui	x6,0xf96b8	  x6=0xf96b8000
         435000	        42	80000088	ebf30313	addi	x6,x6,-321	  x6:0xf96b8000  x6=0xf96b7ebf
         445000	        43	8000008c	800003b7	lui	x7,0x80000	  x7=0x80000000
         455000	        44	80000090	00f00493	addi	x9,x0,15	  x0:0x00000000  x9=0x0000000f
         465000	        45	80000094	00600513	addi	x10,x0,6	  x0:0x00000000 x10=0x00000006
         475000	        46	80000098	00300593	addi	x11,x0,3	  x0:0x00000000 x11=0x00000003
         485000	        47	8000009c	00000693	addi	x13,x0,0	  x0:0x00000000 x13=0x00000000
         495000	        48	800000a0	00d00713	addi	x14,x0,13	  x0:0x00000000 x14=0x0000000d
         505000	        49	800000a4	800007b7	lui	x15,0x80000	 x15=0x80000000
         515000	        50	800000a8	facd6837	lui	x16,0xfacd6	 x16=0xfacd6000
         525000	        51	800000ac	a5080813	addi	x16,x16,-1456	 x16:0xfacd6000 x16=0xfacd5a50
         535000	        52	800000b0	f48f98b7	lui	x17,0xf48f9	 x17=0xf48f9000
         545000	        53	800000b4	a6b88893	addi	x17,x17,-1429	 x17:0xf48f9000 x17=0xf48f8a6b
         555000	        54	800000b8	80000937	lui	x18,0x80000	 x18=0x80000000
         565000	        55	800000bc	800009b7	lui	x19,0x80000	 x19=0x80000000
         575000	        56	800000c0	a8f4ba37	lui	x20,0xa8f4b	 x20=0xa8f4b000
         585000	        57	800000c4	a21a0a13	addi	x20,x20,-1503	 x20:0xa8f4b000 x20=0xa8f4aa21
         595000	        58	800000c8	c50b9ab7	lui	x21,0xc50b9	 x21=0xc50b9000
         605000	        59	800000cc	fa9a8a93	addi	x21,x21,-87	 x21:0xc50b9000 x21=0xc50b8fa9
         615000	        60	800000d0	00100b13	addi	x22,x0,1	  x0:0x00000000 x22=0x00000001
         625000	        61	800000d4	00b00b93	addi	x23,x0,11	  x0:0x00000000 x23=0x0000000b
         635000	        62	800000d8	00900c13	addi	x24,x0,9	  x0:0x00000000 x24=0x00000009
         645000	        63	800000dc	00000c93	addi	x25,x0,0	  x0:0x00000000 x25=0x00000000
         655000	        64	800000e0	00800d13	addi	x26,x0,8	  x0:0x00000000 x26=0x00000008
         665000	        65	800000e4	00000d93	addi	x27,x0,0	  x0:0x00000000 x27=0x00000000
         675000	        66	800000e8	80000e37	lui	x28,0x80000	 x28=0x80000000
         685000	        67	800000ec	00000e93	addi	x29,x0,0	  x0:0x00000000 x29=0x00000000
         695000	        68	800000f0	80000f37	lui	x30,0x80000	 x30=0x80000000
         705000	        69	800000f4	00000f93	addi	x31,x0,0	  x0:0x00000000 x31=0x00000000
         715000	        70	800000f8	0000a617	auipc	x12,0xa	 x12=0x8000a0f4
         725000	        71	800000fc	e9060613	addi	x12,x12,-368	 x12:0x8000a0f4 x12=0x80009f84
         735000	        72	80000100	00009b97	auipc	x23,0x9	 x23=0x800090fc
         745000	        73	80000104	87eb8b93	addi	x23,x23,-1922	 x23:0x800090fc x23=0x8000897a
         755000	        74	80000108	494b8a83	lb	x21,1172(x23)	 x23:0x8000897a x21=0x00000000 PA:0x80008e0e
         765000	        75	8000010c	ed3b8983	lb	x19,-301(x23)	 x23:0x8000897a x19=0x00000000 PA:0x8000884d
         775000	        76	80000110	54db89a3	sb	x13,1363(x23)	 x23:0x8000897a x13:0x00000000 PA:0x80008ecd
         785000	        77	80000114	014e20b3	slt	x1,x28,x20	 x28:0x80000000 x20:0xa8f4aa21  x1=0x00000001
         795000	        78	80000118	f11bcb03	lbu	x22,-239(x23)	 x23:0x8000897a x22=0x00000000 PA:0x8000888b
         805000	        79	8000011c	000c5193	srli	x3,x24,0x0	 x24:0x00000009  x3=0x00000009
         815000	        80	80000120	12bb8d83	lb	x27,299(x23)	 x23:0x8000897a x27=0x00000000 PA:0x80008aa5
         825000	        81	80000124	eb3b8923	sb	x19,-334(x23)	 x23:0x8000897a x19:0x00000000 PA:0x8000882c
         835000	        82	80000128	ffbbcc03	lbu	x24,-5(x23)	 x23:0x8000897a x24=0x00000000 PA:0x80008975
         845000	        83	8000012c	32ebaa83	lw	x21,814(x23)	 x23:0x8000897a x21=0x00000000 PA:0x80008ca8
         855000	        84	80000130	e3b08013	addi	x0,x1,-453	  x1:0x00000001
         865000	        85	80000134	412a5a13	srai	x20,x20,0x12	 x20:0xa8f4aa21 x20=0xffffea3d
         875000	        86	80000138	150b9023	sh	x16,320(x23)	 x23:0x8000897a x16:0xfacd5a50 PA:0x80008aba
         885000	        87	8000013c	354b8fa3	sb	x20,863(x23)	 x23:0x8000897a x20:0xffffea3d PA:0x80008cd9
         895000	        88	80000140	00e89593	slli	x11,x17,0xe	 x17:0xf48f8a6b x11=0xe29ac000
         905000	        89	80000144	0176fdb3	and	x27,x13,x23	 x13:0x00000000 x23:0x8000897a x27=0x00000000
         915000	        90	80000148	83a62393	slti	x7,x12,-1990	 x12:0x80009f84  x7=0x00000001
         925000	        91	8000014c	505bc783	lbu	x15,1285(x23)	 x23:0x8000897a x15=0x00000000 PA:0x80008e7f
         935000	        92	80000150	44aba003	lw	x0,1098(x23)	 x23:0x8000897a PA:0x80008dc4
         945000	        93	80000154	ee8b9183	lh	x3,-280(x23)	 x23:0x8000897a  x3=0x00000000 PA:0x80008862
         955000	        94	80000158	41e7d293	srai	x5,x15,0x1e	 x15:0x00000000  x5=0x00000000
         965000	        95	8000015c	12db8e03	lb	x28,301(x23)	 x23:0x8000897a x28=0x00000000 PA:0x80008aa7
         975000	        96	80000160	01a1bab3	sltu	x21,x3,x26	  x3:0x00000000 x26:0x00000008 x21=0x00000001
         985000	        97	80000164	3f0b86a3	sb	x16,1005(x23)	 x23:0x8000897a x16:0xfacd5a50 PA:0x80008d67
         995000	        98	80000168	114b8583	lb	x11,276(x23)	 x23:0x8000897a x11=0x00000000 PA:0x80008a8e
        1005000	        99	8000016c	ee2b84a3	sb	x2,-279(x23)	 x23:0x8000897a  x2:0xf6dc7dec PA:0x80008863
        1015000	       100	80000170	00f542b3	xor	x5,x10,x15	 x10:0x00000006 x15:0x00000000  x5=0x00000006
        1025000	       101	80000174	556bdd03	lhu	x26,1366(x23)	 x23:0x8000897a x26=0x00000000 PA:0x80008ed0
        1035000	       102	80000178	36ab80a3	sb	x10,865(x23)	 x23:0x8000897a x10:0x00000006 PA:0x80008cdb
        1045000	       103	8000017c	190bca83	lbu	x21,400(x23)	 x23:0x8000897a x21=0x00000000 PA:0x80008b0a
        1055000	       104	80000180	5ccb8203	lb	x4,1484(x23)	 x23:0x8000897a  x4=0x00000000 PA:0x80008f46
        1065000	       105	80000184	00d19933	sll	x18,x3,x13	  x3:0x00000000 x13:0x00000000 x18=0x00000000
        1075000	       106	80000188	427bcc83	lbu	x25,1063(x23)	 x23:0x8000897a x25=0x00000000 PA:0x80008da1
        1085000	       107	8000018c	3afbaf23	sw	x15,958(x23)	 x23:0x8000897a x15:0x00000000 PA:0x80008d38
        1095000	       108	80000190	00009117	auipc	x2,0x9	  x2=0x8000918c
        1105000	       109	80000194	ca710113	addi	x2,x2,-857	  x2:0x8000918c  x2=0x80008e33
        1115000	       110	80000198	09d14583	lbu	x11,157(x2)	  x2:0x80008e33 x11=0x00000000 PA:0x80008ed0
        1125000	       111	8000019c	0ca14503	lbu	x10,202(x2)	  x2:0x80008e33 x10=0x00000000 PA:0x80008efd
        1135000	       112	800001a0	b9fdad13	slti	x26,x27,-1121	 x27:0x00000000 x26=0x00000000
        1145000	       113	800001a4	01b18d33	add	x26,x3,x27	  x3:0x00000000 x27:0x00000000 x26=0x00000000
        1155000	       114	800001a8	f3467c93	andi	x25,x12,-204	 x12:0x80009f84 x25=0x80009f04
        1165000	       115	800001ac	01054c33	xor	x24,x10,x16	 x10:0x00000000 x16:0xfacd5a50 x24=0xfacd5a50
        1175000	       116	800001b0	018b5ab3	srl	x21,x22,x24	 x22:0x00000000 x24:0xfacd5a50 x21=0x00000000
        1185000	       117	800001b4	ed034517	auipc	x10,0xed034	 x10=0x6d0341b0
        1195000	       118	800001b8	09286393	ori	x7,x16,146	 x16:0xfacd5a50  x7=0xfacd5ad2
        1205000	       119	800001bc	f8111e83	lh	x29,-127(x2)	  x2:0x80008e33 x29=0x00000000 PA:0x80008db4
        1215000	       120	800001c0	f07116a3	sh	x7,-243(x2)	  x2:0x80008e33  x7:0xfacd5ad2 PA:0x80008d40
        1225000	       121	800001c4	fdf10e23	sb	x31,-36(x2)	  x2:0x80008e33 x31:0x00000000 PA:0x80008e0f
        1235000	       122	800001c8	015e1d33	sll	x26,x28,x21	 x28:0x00000000 x21:0x00000000 x26=0x00000000
        1245000	       123	800001cc	80607593	andi	x11,x0,-2042	  x0:0x00000000 x11=0x00000000
        1255000	       124	800001d0	271efc13	andi	x24,x29,625	 x29:0x00000000 x24=0x00000000
        1265000	       125	800001d4	00053c33	sltu	x24,x10,x0	 x10:0x6d0341b0  x0:0x00000000 x24=0x00000000
        1275000	       126	800001d8	f2d10c23	sb	x13,-200(x2)	  x2:0x80008e33 x13:0x00000000 PA:0x80008d6b
        1285000	       127	800001dc	00cdd013	srli	x0,x27,0xc	 x27:0x00000000
        1295000	       128	800001e0	00711583	lh	x11,7(x2)	  x2:0x80008e33 x11=0x00000000 PA:0x80008e3a
        1305000	       129	800001e4	f5810903	lb	x18,-168(x2)	  x2:0x80008e33 x18=0x00000000 PA:0x80008d8b
        1315000	       130	800001e8	f4010a83	lb	x21,-192(x2)	  x2:0x80008e33 x21=0x00000000 PA:0x80008d73
        1325000	       131	800001ec	016e5913	srli	x18,x28,0x16	 x28:0x00000000 x18=0x00000000
        1335000	       132	800001f0	0f510da3	sb	x21,251(x2)	  x2:0x80008e33 x21:0x00000000 PA:0x80008f2e
        1345000	       133	800001f4	00c31033	sll	x0,x6,x12	  x6:0xf96b7ebf x12:0x80009f84
        1355000	       134	800001f8	fb47fd13	andi	x26,x15,-76	 x15:0x00000000 x26=0x00000000
        1365000	       135	800001fc	0087e233	or	x4,x15,x8	 x15:0x00000000  x8:0x80009fc4  x4=0x80009fc4
        1375000	       136	80000200	f1210b03	lb	x22,-238(x2)	  x2:0x80008e33 x22=0x00000000 PA:0x80008d45
        1385000	       137	80000204	08a10683	lb	x13,138(x2)	  x2:0x80008e33 x13=0x00000000 PA:0x80008ebd
        1395000	       138	80000208	00518cb3	add	x25,x3,x5	  x3:0x00000000  x5:0x00000006 x25=0x00000006
        1405000	       139	8000020c	00086fb3	or	x31,x16,x0	 x16:0xfacd5a50  x0:0x00000000 x31=0xfacd5a50
        1415000	       140	80000210	0f722a93	slti	x21,x4,247	  x4:0x80009fc4 x21=0x00000001
        1425000	       141	80000214	f5410183	lb	x3,-172(x2)	  x2:0x80008e33  x3=0x00000000 PA:0x80008d87
        1435000	       142	80000218	40c95fb3	sra	x31,x18,x12	 x18:0x00000000 x12:0x80009f84 x31=0x00000000
        1445000	       143	8000021c	0f7115a3	sh	x23,235(x2)	  x2:0x80008e33 x23:0x8000897a PA:0x80008f1e
        1455000	       144	80000220	04d12683	lw	x13,77(x2)	  x2:0x80008e33 x13=0x00000000 PA:0x80008e80
        1465000	       145	80000224	001b4eb3	xor	x29,x22,x1	 x22:0x00000000  x1:0x00000001 x29=0x00000001
        1475000	       146	80000228	00f7ad33	slt	x26,x15,x15	 x15:0x00000000 x15:0x00000000 x26=0x00000000
        1485000	       147	8000022c	fd115183	lhu	x3,-47(x2)	  x2:0x80008e33  x3=0x00000000 PA:0x80008e04
        1495000	       148	80000230	01f92d33	slt	x26,x18,x31	 x18:0x00000000 x31:0x00000000 x26=0x00000000
        1505000	       149	80000234	00743fb3	sltu	x31,x8,x7	  x8:0x80009fc4  x7:0xfacd5ad2 x31=0x00000001
        1515000	       150	80000238	41b98033	sub	x0,x19,x27	 x19:0x00000000 x27:0x00000000
        1525000	       151	8000023c	f6912e03	lw	x28,-151(x2)	  x2:0x80008e33 x28=0x00000000 PA:0x80008d9c
        1535000	       152	80000240	7aaaef13	ori	x30,x21,1962	 x21:0x00000001 x30=0x000007ab
        1545000	       153	80000244	09f11703	lh	x14,159(x2)	  x2:0x80008e33 x14=0x00000000 PA:0x80008ed2
        1555000	       154	80000248	00008117	auipc	x2,0x8	  x2=0x80008244
        1565000	       155	8000024c	fb210113	addi	x2,x2,-78	  x2:0x80008244  x2=0x800081f6
        1575000	       156	80000250	ff314003	lbu	x0,-13(x2)	  x2:0x800081f6 PA:0x800081e9
        1585000	       157	80000254	00b10083	lb	x1,11(x2)	  x2:0x800081f6  x1=0x00000000 PA:0x80008201
        1595000	       158	80000258	016102a3	sb	x22,5(x2)	  x2:0x800081f6 x22:0x00000000 PA:0x800081fb
        1605000	       159	8000025c	01010823	sb	x16,16(x2)	  x2:0x800081f6 x16:0xfacd5a50 PA:0x80008206
        1615000	       160	80000260	ff914083	lbu	x1,-7(x2)	  x2:0x800081f6  x1=0x00000000 PA:0x800081ef
        1625000	       161	80000264	41100933	sub	x18,x0,x17	  x0:0x00000000 x17:0xf48f8a6b x18=0x0b707595
        1635000	       162	80000268	ffe11c03	lh	x24,-2(x2)	  x2:0x800081f6 x24=0x00000000 PA:0x800081f4
        1645000	       163	8000026c	ff514d83	lbu	x27,-11(x2)	  x2:0x800081f6 x27=0x00000000 PA:0x800081eb
        1655000	       164	80000270	01011903	lh	x18,16(x2)	  x2:0x800081f6 x18=0x00000050 PA:0x80008206
        1665000	       165	80000274	003539b3	sltu	x19,x10,x3	 x10:0x6d0341b0  x3:0x00000000 x19=0x00000000
        1675000	       166	80000278	01732cb3	slt	x25,x6,x23	  x6:0xf96b7ebf x23:0x8000897a x25=0x00000000
        1685000	       167	8000027c	d02ba793	slti	x15,x23,-766	 x23:0x8000897a x15=0x00000001
        1695000	       168	80000280	ff010ba3	sb	x16,-9(x2)	  x2:0x800081f6 x16:0xfacd5a50 PA:0x800081ed
        1705000	       169	80000284	ff714583	lbu	x11,-9(x2)	  x2:0x800081f6 x11=0x00000050 PA:0x800081ed
        1715000	       170	80000288	ff811f83	lh	x31,-8(x2)	  x2:0x800081f6 x31=0x00000000 PA:0x800081ee
        1725000	       171	8000028c	ff714e03	lbu	x28,-9(x2)	  x2:0x800081f6 x28=0x00000050 PA:0x800081ed
        1735000	       172	80000290	fe6109a3	sb	x6,-13(x2)	  x2:0x800081f6  x6:0xf96b7ebf PA:0x800081e9
        1745000	       173	80000294	00c11e83	lh	x29,12(x2)	  x2:0x800081f6 x29=0x00000000 PA:0x80008202
        1755000	       174	80000298	fec10da3	sb	x12,-5(x2)	  x2:0x800081f6 x12:0x80009f84 PA:0x800081f1
        1765000	       175	8000029c	31a47e93	andi	x29,x8,794	  x8:0x80009fc4 x29=0x00000300
        1775000	       176	800002a0	00914483	lbu	x9,9(x2)	  x2:0x800081f6  x9=0x00000000 PA:0x800081ff
        1785000	       177	800002a4	00310883	lb	x17,3(x2)	  x2:0x800081f6 x17=0x00000000 PA:0x800081f9
        1795000	       178	800002a8	018067b3	or	x15,x0,x24	  x0:0x00000000 x24:0x00000000 x15=0x00000000
        1805000	       179	800002ac	ff410583	lb	x11,-12(x2)	  x2:0x800081f6 x11=0x00000000 PA:0x800081ea
        1815000	       180	800002b0	41e1ddb3	sra	x27,x3,x30	  x3:0x00000000 x30:0x000007ab x27=0x00000000
        1825000	       181	800002b4	be1d8a13	addi	x20,x27,-1055	 x27:0x00000000 x20=0xfffffbe1
        1835000	       182	800002b8	00614b03	lbu	x22,6(x2)	  x2:0x800081f6 x22=0x00000000 PA:0x800081fc
        1845000	       183	800002bc	00f10b83	lb	x23,15(x2)	  x2:0x800081f6 x23=0x00000000 PA:0x80008205
        1855000	       184	800002c0	412103b3	sub	x7,x2,x18	  x2:0x800081f6 x18:0x00000050  x7=0x800081a6
        1865000	       185	800002c4	00714383	lbu	x7,7(x2)	  x2:0x800081f6  x7=0x00000000 PA:0x800081fd
        1875000	       186	800002c8	00f10783	lb	x15,15(x2)	  x2:0x800081f6 x15=0x00000000 PA:0x80008205
        1885000	       187	800002cc	001da533	slt	x10,x27,x1	 x27:0x00000000  x1:0x00000000 x10=0x00000000
        1895000	       188	800002d0	00314c03	lbu	x24,3(x2)	  x2:0x800081f6 x24=0x00000000 PA:0x800081f9
        1905000	       189	800002d4	00c11503	lh	x10,12(x2)	  x2:0x800081f6 x10=0x00000000 PA:0x80008202
        1915000	       190	800002d8	00411023	sh	x4,0(x2)	  x2:0x800081f6  x4:0x80009fc4 PA:0x800081f6
        1925000	       191	800002dc	00510183	lb	x3,5(x2)	  x2:0x800081f6  x3=0x00000000 PA:0x800081fb
        1935000	       192	800002e0	00890233	add	x4,x18,x8	 x18:0x00000050  x8:0x80009fc4  x4=0x8000a014
        1945000	       193	800002e4	00f14383	lbu	x7,15(x2)	  x2:0x800081f6  x7=0x00000000 PA:0x80008205
        1955000	       194	00000000	00000013	addi	x0,x0,0	  x0:0x00000000
        1965000	       195	800002e8	00710783	lb	x15,7(x2)	  x2:0x800081f6 x15=0x00000000 PA:0x800081fd
        1975000	       196	800002ec	00008097	auipc	x1,0x8	  x1=0x800082e8
        1985000	       197	800002f0	0a608093	addi	x1,x1,166	  x1:0x800082e8  x1=0x8000838e
        1995000	       198	800002f4	00008c17	auipc	x24,0x8	 x24=0x800082f0
        2005000	       199	800002f8	048c0c13	addi	x24,x24,72	 x24:0x800082f0 x24=0x80008338
        2015000	       200	800002fc	00008217	auipc	x4,0x8	  x4=0x800082f8
        2025000	       201	80000300	05320213	addi	x4,x4,83	  x4:0x800082f8  x4=0x8000834b
        2035000	       202	80000304	00008797	auipc	x15,0x8	 x15=0x80008300
        2045000	       203	80000308	dd178793	addi	x15,x15,-559	 x15:0x80008300 x15=0x800080d1
        2055000	       204	8000030c	d0b20ba3	sb	x11,-745(x4)	  x4:0x8000834b x11:0x00000000 PA:0x80008062
        2065000	       205	80000310	173c04a3	sb	x19,361(x24)	 x24:0x80008338 x19:0x00000000 PA:0x800084a1
        2075000	       206	80000314	00008917	auipc	x18,0x8	 x18=0x80008310
        2085000	       207	80000318	4e490913	addi	x18,x18,1252	 x18:0x80008310 x18=0x800087f4
        2095000	       208	8000031c	fde78183	lb	x3,-34(x15)	 x15:0x800080d1  x3=0x00000000 PA:0x800080af
        2105000	       209	80000320	ef220703	lb	x14,-270(x4)	  x4:0x8000834b x14=0x00000000 PA:0x8000823d
        2115000	       210	80000324	ffd0c383	lbu	x7,-3(x1)	  x1:0x8000838e  x7=0x00000000 PA:0x8000838b
        2125000	       211	80000328	f05c0723	sb	x5,-242(x24)	 x24:0x80008338  x5:0x00000006 PA:0x80008246
        2135000	       212	8000032c	f5695a83	lhu	x21,-170(x18)	 x18:0x800087f4 x21=0x00000000 PA:0x8000874a
        2145000	       213	80000330	003086a3	sb	x3,13(x1)	  x1:0x8000838e  x3:0x00000000 PA:0x8000839b
        2155000	       214	80000334	f14c4883	lbu	x17,-236(x24)	 x24:0x80008338 x17=0x00000000 PA:0x8000824c
        2165000	       215	80000338	0010c103	lbu	x2,1(x1)	  x1:0x8000838e  x2=0x00000000 PA:0x8000838f
        2175000	       216	8000033c	00778283	lb	x5,7(x15)	 x15:0x800080d1  x5=0x00000000 PA:0x800080d8
        2185000	       217	80000340	e34c2f03	lw	x30,-460(x24)	 x24:0x80008338 x30=0x00000000 PA:0x8000816c
        2195000	       218	80000344	0947afa3	sw	x20,159(x15)	 x15:0x800080d1 x20:0xfffffbe1 PA:0x80008170
        2205000	       219	80000348	0d478a83	lb	x21,212(x15)	 x15:0x800080d1 x21=0x00000000 PA:0x800081a5
        2215000	       220	00000000	00000013	addi	x0,x0,0	  x0:0x00000000
        2225000	       221	8000034c	fd590183	lb	x3,-43(x18)	 x18:0x800087f4  x3=0x00000000 PA:0x800087c9
        2235000	       222	80000350	0020d503	lhu	x10,2(x1)	  x1:0x8000838e x10=0x00000000 PA:0x80008390
        2245000	       223	80000354	453c0703	lb	x14,1107(x24)	 x24:0x80008338 x14=0x00000000 PA:0x8000878b
        2255000	       224	80000358	3fcc08a3	sb	x28,1009(x24)	 x24:0x80008338 x28:0x00000050 PA:0x80008729
        2265000	       225	8000035c	18920003	lb	x0,393(x4)	  x4:0x8000834b PA:0x800084d4
        2275000	       226	80000360	00020223	sb	x0,4(x4)	  x4:0x8000834b  x0:0x00000000 PA:0x8000834f
        2285000	       227	80000364	fe590483	lb	x9,-27(x18)	 x18:0x800087f4  x9=0x00000000 PA:0x800087d9
        2295000	       228	80000368	f6b90183	lb	x3,-149(x18)	 x18:0x800087f4  x3=0x00000000 PA:0x8000875f
        2305000	       229	8000036c	0a0c1a03	lh	x20,160(x24)	 x24:0x80008338 x20=0x00000000 PA:0x800083d8
        2315000	       230	80000370	e4ac0f23	sb	x10,-418(x24)	 x24:0x80008338 x10:0x00000000 PA:0x80008196
        2325000	       231	80000374	00e08d83	lb	x27,14(x1)	  x1:0x8000838e x27=0x00000000 PA:0x8000839c
        2335000	       232	80000378	f6894e83	lbu	x29,-152(x18)	 x18:0x800087f4 x29=0x00000000 PA:0x8000875c
        2345000	       233	8000037c	08678383	lb	x7,134(x15)	 x15:0x800080d1  x7=0x00000000 PA:0x80008157
        2355000	       234	80000380	38a22ca3	sw	x10,921(x4)	  x4:0x8000834b x10:0x00000000 PA:0x800086e4
        2365000	       235	80000384	414c1f23	sh	x20,1054(x24)	 x24:0x80008338 x20:0x00000000 PA:0x80008756
        2375000	       236	80000388	00209d83	lh	x27,2(x1)	  x1:0x8000838e x27=0x00000000 PA:0x80008390
        2385000	       237	8000038c	00c78923	sb	x12,18(x15)	 x15:0x800080d1 x12:0x80009f84 PA:0x800080e3
        2395000	       238	80000390	019c0d83	lb	x27,25(x24)	 x24:0x80008338 x27=0x00000000 PA:0x80008351
        2405000	       239	80000394	f1094c83	lbu	x25,-240(x18)	 x18:0x800087f4 x25=0x00000000 PA:0x80008704
        2415000	       240	80000398	00009d17	auipc	x26,0x9	 x26=0x80009394
        2425000	       241	8000039c	b66d0d13	addi	x26,x26,-1178	 x26:0x80009394 x26=0x80008efa
        2435000	       242	800003a0	00008397	auipc	x7,0x8	  x7=0x8000839c
        2445000	       243	800003a4	4ef38393	addi	x7,x7,1263	  x7:0x8000839c  x7=0x8000888b
        2455000	       244	800003a8	00009517	auipc	x10,0x9	 x10=0x800093a4
        2465000	       245	800003ac	a0950513	addi	x10,x10,-1527	 x10:0x800093a4 x10=0x80008dad
        2475000	       246	800003b0	ff5d0c03	lb	x24,-11(x26)	 x26:0x80008efa x24=0x00000000 PA:0x80008eef
        2485000	       247	800003b4	00009897	auipc	x17,0x9	 x17=0x800093b0
        2495000	       248	800003b8	82f88893	addi	x17,x17,-2001	 x17:0x800093b0 x17=0x80008bdf
        2505000	       249	800003bc	ffad5783	lhu	x15,-6(x26)	 x26:0x80008efa x15=0x00000000 PA:0x80008ef4
        2515000	       250	800003c0	02254f03	lbu	x30,34(x10)	 x10:0x80008dad x30=0x00000000 PA:0x80008dcf
        2525000	       251	800003c4	fd3502a3	sb	x19,-59(x10)	 x10:0x80008dad x19:0x00000000 PA:0x80008d72
        2535000	       252	800003c8	fec88923	sb	x12,-14(x17)	 x17:0x80008bdf x12:0x80009f84 PA:0x80008bd1
        2545000	       253	800003cc	ff8d4303	lbu	x6,-8(x26)	 x26:0x80008efa  x6=0x00000000 PA:0x80008ef2
        2555000	       254	800003d0	02b50423	sb	x11,40(x10)	 x10:0x80008dad x11:0x00000000 PA:0x80008dd5
        2565000	       255	800003d4	ffc8ce83	lbu	x29,-4(x17)	 x17:0x80008bdf x29=0x00000000 PA:0x80008bdb
        2575000	       256	800003d8	03950423	sb	x25,40(x10)	 x10:0x80008dad x25:0x00000000 PA:0x80008dd5
        2585000	       257	800003dc	00d8dc83	lhu	x25,13(x17)	 x17:0x80008bdf x25=0x00000000 PA:0x80008bec
        2595000	       258	800003e0	fe438b03	lb	x22,-28(x7)	  x7:0x8000888b x22=0x00000000 PA:0x8000886f
        2605000	       259	800003e4	fe838c03	lb	x24,-24(x7)	  x7:0x8000888b x24=0x00000000 PA:0x80008873
        2615000	       260	800003e8	005d0183	lb	x3,5(x26)	 x26:0x80008efa  x3=0x00000000 PA:0x80008eff
        2625000	       261	800003ec	0098a783	lw	x15,9(x17)	 x17:0x80008bdf x15=0x00000000 PA:0x80008be8
        2635000	       262	800003f0	fe6515a3	sh	x6,-21(x10)	 x10:0x80008dad  x6:0x00000000 PA:0x80008d98
        2645000	       263	800003f4	02550b83	lb	x23,37(x10)	 x10:0x80008dad x23=0x00000000 PA:0x80008dd2
        2655000	       264	800003f8	00538f83	lb	x31,5(x7)	  x7:0x8000888b x31=0x00000000 PA:0x80008890
        2665000	       265	800003fc	ffad4d83	lbu	x27,-6(x26)	 x26:0x80008efa x27=0x00000000 PA:0x80008ef4
        2675000	       266	80000400	0028cf83	lbu	x31,2(x17)	 x17:0x80008bdf x31=0x00000000 PA:0x80008be1
        2685000	       267	80000404	006d0a03	lb	x20,6(x26)	 x26:0x80008efa x20=0x00000000 PA:0x80008f00
        2695000	       268	80000408	00a3c483	lbu	x9,10(x7)	  x7:0x8000888b  x9=0x00000000 PA:0x80008895
        2705000	       269	8000040c	004d5303	lhu	x6,4(x26)	 x26:0x80008efa  x6=0x00000000 PA:0x80008efe
        2715000	       270	80000410	0008cc83	lbu	x25,0(x17)	 x17:0x80008bdf x25=0x00000000 PA:0x80008bdf
        2725000	       271	80000414	fead0ea3	sb	x10,-3(x26)	 x26:0x80008efa x10:0x80008dad PA:0x80008ef7
        2735000	       272	80000418	ffa516a3	sh	x26,-19(x10)	 x10:0x80008dad x26:0x80008efa PA:0x80008d9a
        2745000	       273	8000041c	ffa898a3	sh	x26,-15(x17)	 x17:0x80008bdf x26:0x80008efa PA:0x80008bd0
        2755000	       274	80000420	0273cb83	lbu	x23,39(x7)	  x7:0x8000888b x23=0x00000000 PA:0x800088b2
        2765000	       275	80000424	fe238f83	lb	x31,-30(x7)	  x7:0x8000888b x31=0x00000000 PA:0x8000886d
        2775000	       276	80000428	ff888f03	lb	x30,-8(x17)	 x17:0x80008bdf x30=0x00000000 PA:0x80008bd7
        2785000	       277	8000042c	fd355683	lhu	x13,-45(x10)	 x10:0x80008dad x13=0x00000000 PA:0x80008d80
        2795000	       278	80000430	007d01a3	sb	x7,3(x26)	 x26:0x80008efa  x7:0x8000888b PA:0x80008efd
        2805000	       279	80000434	00888483	lb	x9,8(x17)	 x17:0x80008bdf  x9=0x00000000 PA:0x80008be7
        2815000	       280	80000438	00b50423	sb	x11,8(x10)	 x10:0x80008dad x11:0x00000000 PA:0x80008db5
        2825000	       281	8000043c	012516a3	sh	x18,13(x10)	 x10:0x80008dad x18:0x800087f4 PA:0x80008dba
        2835000	       282	80000440	ff788783	lb	x15,-9(x17)	 x17:0x80008bdf x15=0x00000000 PA:0x80008bd6
        2845000	       283	80000444	00008697	auipc	x13,0x8	 x13=0x80008440
        2855000	       284	80000448	d5a68693	addi	x13,x13,-678	 x13:0x80008440 x13=0x8000819a
        2865000	       285	8000044c	00008117	auipc	x2,0x8	  x2=0x80008448
        2875000	       286	80000450	d1f10113	addi	x2,x2,-737	  x2:0x80008448  x2=0x80008167
        2885000	       287	80000454	0876cc83	lbu	x25,135(x13)	 x13:0x8000819a x25=0x00000000 PA:0x80008221
        2895000	       288	80000458	fea68ca3	sb	x10,-7(x13)	 x13:0x8000819a x10:0x80008dad PA:0x80008193
        2905000	       289	8000045c	33e68fa3	sb	x30,831(x13)	 x13:0x8000819a x30:0x00000000 PA:0x800084d9
        2915000	       290	80000460	ffb11c83	lh	x25,-5(x2)	  x2:0x80008167 x25=0x00000000 PA:0x80008162
        2925000	       291	80000464	fc715c03	lhu	x24,-57(x2)	  x2:0x80008167 x24=0x00000000 PA:0x8000812e
        2935000	       292	80000468	f946c583	lbu	x11,-108(x13)	 x13:0x8000819a x11=0x00000000 PA:0x8000812e
        2945000	       293	8000046c	fee10383	lb	x7,-18(x2)	  x2:0x80008167  x7=0x00000000 PA:0x80008155
        2955000	       294	80000470	41568723	sb	x21,1038(x13)	 x13:0x8000819a x21:0x00000000 PA:0x800085a8
        2965000	       295	80000474	fdc10b23	sb	x28,-42(x2)	  x2:0x80008167 x28:0x00000050 PA:0x8000813d
        2975000	       296	80000478	26f6c283	lbu	x5,623(x13)	 x13:0x8000819a  x5=0x00000000 PA:0x80008409
        2985000	       297	8000047c	026122a3	sw	x6,37(x2)	  x2:0x80008167  x6:0x00000000 PA:0x8000818c
        2995000	       298	80000480	37c68ea3	sb	x28,893(x13)	 x13:0x8000819a x28:0x00000050 PA:0x80008517
        3005000	       299	80000484	20a69183	lh	x3,522(x13)	 x13:0x8000819a  x3=0x00000000 PA:0x800083a4
        3015000	       300	80000488	fe714703	lbu	x14,-25(x2)	  x2:0x80008167 x14=0x00000000 PA:0x8000814e
        3025000	       301	8000048c	27d68b83	lb	x23,637(x13)	 x13:0x8000819a x23=0x00000000 PA:0x80008417
        3035000	       302	80000490	4f06c583	lbu	x11,1264(x13)	 x13:0x8000819a x11=0x00000000 PA:0x8000868a
        3045000	       303	80000494	00009317	auipc	x6,0x9	  x6=0x80009490
        3055000	       304	80000498	81330313	addi	x6,x6,-2029	  x6:0x80009490  x6=0x80008ca3
        3065000	       305	8000049c	ff131b83	lh	x23,-15(x6)	  x6:0x80008ca3 x23=0x00000000 PA:0x80008c94
        3075000	       306	800004a0	00634503	lbu	x10,6(x6)	  x6:0x80008ca3 x10=0x00000000 PA:0x80008ca9
        3085000	       307	800004a4	f38b6c93	ori	x25,x22,-200	 x22:0x00000000 x25=0xffffff38
        3095000	       308	800004a8	fdb35a83	lhu	x21,-37(x6)	  x6:0x80008ca3 x21=0x00000000 PA:0x80008c7e
        3105000	       309	800004ac	fdb34683	lbu	x13,-37(x6)	  x6:0x80008ca3 x13=0x00000000 PA:0x80008c7e
        3115000	       310	800004b0	fdb35783	lhu	x15,-37(x6)	  x6:0x80008ca3 x15=0x00000000 PA:0x80008c7e
        3125000	       311	800004b4	018b1113	slli	x2,x22,0x18	 x22:0x00000000  x2=0x00000000
        3135000	       312	800004b8	fdb34e83	lbu	x29,-37(x6)	  x6:0x80008ca3 x29=0x00000000 PA:0x80008c7e
        3145000	       313	800004bc	01c319a3	sh	x28,19(x6)	  x6:0x80008ca3 x28:0x00000050 PA:0x80008cb6
        3155000	       314	800004c0	fea30383	lb	x7,-22(x6)	  x6:0x80008ca3  x7=0x00000000 PA:0x80008c8d
        3165000	       315	800004c4	fe8308a3	sb	x8,-15(x6)	  x6:0x80008ca3  x8:0x80009fc4 PA:0x80008c94
        3175000	       316	800004c8	ff134e83	lbu	x29,-15(x6)	  x6:0x80008ca3 x29=0x000000c4 PA:0x80008c94
        3185000	       317	800004cc	03735683	lhu	x13,55(x6)	  x6:0x80008ca3 x13=0x00000600 PA:0x80008cda
        3195000	       318	800004d0	03a34f83	lbu	x31,58(x6)	  x6:0x80008ca3 x31=0x00000000 PA:0x80008cdd
        3205000	       319	800004d4	03a34083	lbu	x1,58(x6)	  x6:0x80008ca3  x1=0x00000000 PA:0x80008cdd
        3215000	       320	800004d8	01aed3b3	srl	x7,x29,x26	 x29:0x000000c4 x26:0x80008efa  x7=0x00000000
        3225000	       321	800004dc	0095d193	srli	x3,x11,0x9	 x11:0x00000000  x3=0x00000000
        3235000	       322	800004e0	9208a513	slti	x10,x17,-1760	 x17:0x80008bdf x10=0x00000001
        3245000	       323	800004e4	02b31583	lh	x11,43(x6)	  x6:0x80008ca3 x11=0x00000000 PA:0x80008cce
        3255000	       324	800004e8	013a7db3	and	x27,x20,x19	 x20:0x00000000 x19:0x00000000 x27=0x00000000
        3265000	       325	800004ec	02b34683	lbu	x13,43(x6)	  x6:0x80008ca3 x13=0x00000000 PA:0x80008cce
        3275000	       326	800004f0	035305a3	sb	x21,43(x6)	  x6:0x80008ca3 x21:0x00000000 PA:0x80008cce
        3285000	       327	800004f4	00008297	auipc	x5,0x8	  x5=0x800084f0
        3295000	       328	800004f8	56028293	addi	x5,x5,1376	  x5:0x800084f0  x5=0x80008a50
        3305000	       329	800004fc	0c429423	sh	x4,200(x5)	  x5:0x80008a50  x4:0x8000834b PA:0x80008b18
        3315000	       330	80000500	0c82d303	lhu	x6,200(x5)	  x5:0x80008a50  x6=0x0000834b PA:0x80008b18
        3325000	       331	00000000	00000013	addi	x0,x0,0	  x0:0x00000000
        3335000	       332	80000504	9e673b13	sltiu	x22,x14,-1562	 x14:0x00000000 x22=0x00000001
        3345000	       333	80000508	f8b2c003	lbu	x0,-117(x5)	  x5:0x80008a50 PA:0x800089db
        3355000	       334	8000050c	0fe2dd83	lhu	x27,254(x5)	  x5:0x80008a50 x27=0x00000000 PA:0x80008b4e
        3365000	       335	80000510	018280a3	sb	x24,1(x5)	  x5:0x80008a50 x24:0x00000000 PA:0x80008a51
        3375000	       336	80000514	fd22db03	lhu	x22,-46(x5)	  x5:0x80008a50 x22=0x00000000 PA:0x80008a22
        3385000	       337	80000518	0382aa03	lw	x20,56(x5)	  x5:0x80008a50 x20=0x00000000 PA:0x80008a88
        3395000	       338	8000051c	fcb286a3	sb	x11,-51(x5)	  x5:0x80008a50 x11:0x00000000 PA:0x80008a1d
        3405000	       339	80000520	5f773793	sltiu	x15,x14,1527	 x14:0x00000000 x15=0x00000001
        3415000	       340	80000524	05e2d903	lhu	x18,94(x5)	  x5:0x80008a50 x18=0x00000000 PA:0x80008aae
        3425000	       341	80000528	0642ca03	lbu	x20,100(x5)	  x5:0x80008a50 x20=0x00000000 PA:0x80008ab4
        3435000	       342	8000052c	0642c583	lbu	x11,100(x5)	  x5:0x80008a50 x11=0x00000000 PA:0x80008ab4
        3445000	       343	80000530	00008a97	auipc	x21,0x8	 x21=0x8000852c
        3455000	       344	80000534	b2ea8a93	addi	x21,x21,-1234	 x21:0x8000852c x21=0x8000805a
        3465000	       345	80000538	00008397	auipc	x7,0x8	  x7=0x80008534
        3475000	       346	8000053c	f2c38393	addi	x7,x7,-212	  x7:0x80008534  x7=0x80008460
        3485000	       347	80000540	00008917	auipc	x18,0x8	 x18=0x8000853c
        3495000	       348	80000544	bac90913	addi	x18,x18,-1108	 x18:0x8000853c x18=0x800080e8
        3505000	       349	80000548	ff0acc03	lbu	x24,-16(x21)	 x21:0x8000805a x24=0x00000000 PA:0x8000804a
        3515000	       350	8000054c	00008e17	auipc	x28,0x8	 x28=0x80008548
        3525000	       351	80000550	de0e0e13	addi	x28,x28,-544	 x28:0x80008548 x28=0x80008328
        3535000	       352	80000554	f693c883	lbu	x17,-151(x7)	  x7:0x80008460 x17=0x00000000 PA:0x800083c9
        3545000	       353	80000558	cd53c003	lbu	x0,-811(x7)	  x7:0x80008460 PA:0x80008135
        3555000	       354	8000055c	00008d17	auipc	x26,0x8	 x26=0x80008558
        3565000	       355	80000560	c01d0d13	addi	x26,x26,-1023	 x26:0x80008558 x26=0x80008159
        3575000	       356	80000564	015d5003	lhu	x0,21(x26)	 x26:0x80008159 PA:0x8000816e
        3585000	       357	80000568	00c907a3	sb	x12,15(x18)	 x18:0x800080e8 x12:0x80009f84 PA:0x800080f7
        3595000	       358	8000056c	015a8703	lb	x14,21(x21)	 x21:0x8000805a x14=0x00000000 PA:0x8000806f
        3605000	       359	80000570	fd9d0c03	lb	x24,-39(x26)	 x26:0x80008159 x24=0x00000000 PA:0x80008132
        3615000	       360	80000574	000a8503	lb	x10,0(x21)	 x21:0x8000805a x10=0x00000000 PA:0x8000805a
        3625000	       361	80000578	1a038ca3	sb	x0,441(x7)	  x7:0x80008460  x0:0x00000000 PA:0x80008619
        3635000	       362	8000057c	d043dc83	lhu	x25,-764(x7)	  x7:0x80008460 x25=0x00000000 PA:0x80008164
        3645000	       363	80000580	fbee5b83	lhu	x23,-66(x28)	 x28:0x80008328 x23=0x00000000 PA:0x800082e6
        3655000	       364	80000584	3bf39b23	sh	x31,950(x7)	  x7:0x80008460 x31:0x00000000 PA:0x80008816
        3665000	       365	80000588	00a94703	lbu	x14,10(x18)	 x18:0x800080e8 x14=0x00000000 PA:0x800080f2
        3675000	       366	8000058c	3333c203	lbu	x4,819(x7)	  x7:0x80008460  x4=0x00000000 PA:0x80008793
        3685000	       367	80000590	027d2c83	lw	x25,39(x26)	 x26:0x80008159 x25=0x00000000 PA:0x80008180
        3695000	       368	80000594	33c3c503	lbu	x10,828(x7)	  x7:0x80008460 x10=0x00000000 PA:0x8000879c
        3705000	       369	80000598	fd8d15a3	sh	x24,-53(x26)	 x26:0x80008159 x24:0x00000000 PA:0x80008124
        3715000	       370	8000059c	009acf83	lbu	x31,9(x21)	 x21:0x8000805a x31=0x00000000 PA:0x80008063
        3725000	       371	800005a0	037d1fa3	sh	x23,63(x26)	 x26:0x80008159 x23:0x00000000 PA:0x80008198
        3735000	       372	800005a4	074e1f83	lh	x31,116(x28)	 x28:0x80008328 x31=0x00000000 PA:0x8000839c
        3745000	       373	800005a8	ffad0e23	sb	x26,-4(x26)	 x26:0x80008159 x26:0x80008159 PA:0x80008155
        3755000	       374	800005ac	ff890003	lb	x0,-8(x18)	 x18:0x800080e8 PA:0x800080e0
        3765000	       375	800005b0	fe3d0323	sb	x3,-26(x26)	 x26:0x80008159  x3:0x00000000 PA:0x8000813f
        3775000	       376	800005b4	fa7e0703	lb	x14,-89(x28)	 x28:0x80008328 x14=0x00000000 PA:0x800082cf
        3785000	       377	800005b8	00a92223	sw	x10,4(x18)	 x18:0x800080e8 x10:0x00000000 PA:0x800080ec
        3795000	       378	800005bc	067e4583	lbu	x11,103(x28)	 x28:0x80008328 x11=0x00000000 PA:0x8000838f
        3805000	       379	800005c0	29938783	lb	x15,665(x7)	  x7:0x80008460 x15=0x00000000 PA:0x800086f9
        3815000	       380	800005c4	099e02a3	sb	x25,133(x28)	 x28:0x80008328 x25:0x00000000 PA:0x800083ad
        3825000	       381	800005c8	025e0d83	lb	x27,37(x28)	 x28:0x80008328 x27=0x00000000 PA:0x8000834d
        3835000	       382	800005cc	fd9d5003	lhu	x0,-39(x26)	 x26:0x80008159 PA:0x80008132
        3845000	       383	800005d0	ff7e4d83	lbu	x27,-9(x28)	 x28:0x80008328 x27=0x00000000 PA:0x8000831f
        3855000	       384	800005d4	1223d103	lhu	x2,290(x7)	  x7:0x80008460  x2=0x00000000 PA:0x80008582
        3865000	       385	800005d8	fb7e0003	lb	x0,-73(x28)	 x28:0x80008328 PA:0x800082df
        3875000	       386	800005dc	ff5a8703	lb	x14,-11(x21)	 x21:0x8000805a x14=0x00000000 PA:0x8000804f
        3885000	       387	800005e0	006adb83	lhu	x23,6(x21)	 x21:0x8000805a x23=0x00000000 PA:0x80008060
        3895000	       388	800005e4	f4fe0c03	lb	x24,-177(x28)	 x28:0x80008328 x24=0x00000000 PA:0x80008277
        3905000	       389	800005e8	00990c83	lb	x25,9(x18)	 x18:0x800080e8 x25=0x00000000 PA:0x800080f1
        3915000	       390	800005ec	00008117	auipc	x2,0x8	  x2=0x800085e8
        3925000	       391	800005f0	b6510113	addi	x2,x2,-1179	  x2:0x800085e8  x2=0x8000814d
        3935000	       392	800005f4	01014783	lbu	x15,16(x2)	  x2:0x8000814d x15=0x00000000 PA:0x8000815d
        3945000	       393	800005f8	00111683	lh	x13,1(x2)	  x2:0x8000814d x13=0x00000000 PA:0x8000814e
        3955000	       394	800005fc	013f9e93	slli	x29,x31,0x13	 x31:0x00000000 x29=0x00000000
        3965000	       395	80000600	00414903	lbu	x18,4(x2)	  x2:0x8000814d x18=0x00000000 PA:0x80008151
        3975000	       396	80000604	be364337	lui	x6,0xbe364	  x6=0xbe364000
        3985000	       397	80000608	ff810c83	lb	x25,-8(x2)	  x2:0x8000814d x25=0x00000000 PA:0x80008145
        3995000	       398	8000060c	417c50b3	sra	x1,x24,x23	 x24:0x00000000 x23:0x00000000  x1=0x00000000
        4005000	       399	80000610	00810503	lb	x10,8(x2)	  x2:0x8000814d x10=0x00000059 PA:0x80008155
        4015000	       400	80000614	00410e83	lb	x29,4(x2)	  x2:0x8000814d x29=0x00000000 PA:0x80008151
        4025000	       401	80000618	00b15683	lhu	x13,11(x2)	  x2:0x8000814d x13=0x00000000 PA:0x80008158
        4035000	       402	8000061c	00b11903	lh	x18,11(x2)	  x2:0x8000814d x18=0x00000000 PA:0x80008158
        4045000	       403	80000620	005111a3	sh	x5,3(x2)	  x2:0x8000814d  x5:0x80008a50 PA:0x80008150
        4055000	       404	80000624	008517b3	sll	x15,x10,x8	 x10:0x00000059  x8:0x80009fc4 x15=0x00000590
        4065000	       405	80000628	ffd11e83	lh	x29,-3(x2)	  x2:0x8000814d x29=0x00000000 PA:0x8000814a
        4075000	       406	8000062c	fec10f23	sb	x12,-2(x2)	  x2:0x8000814d x12:0x80009f84 PA:0x8000814b
        4085000	       407	80000630	01e25893	srli	x17,x4,0x1e	  x4:0x00000000 x17=0x00000000
        4095000	       408	80000634	06b2c593	xori	x11,x5,107	  x5:0x80008a50 x11=0x80008a3b
        4105000	       409	80000638	00f15683	lhu	x13,15(x2)	  x2:0x8000814d x13=0x00000000 PA:0x8000815c
        4115000	       410	8000063c	00c10e83	lb	x29,12(x2)	  x2:0x8000814d x29=0x00000000 PA:0x80008159
        4125000	       411	80000640	00d15f83	lhu	x31,13(x2)	  x2:0x8000814d x31=0x00000000 PA:0x8000815a
        4135000	       412	80000644	00c10b83	lb	x23,12(x2)	  x2:0x8000814d x23=0x00000000 PA:0x80008159
        4145000	       413	80000648	ffe14683	lbu	x13,-2(x2)	  x2:0x8000814d x13=0x00000084 PA:0x8000814b
        4155000	       414	8000064c	e1122a93	slti	x21,x4,-495	  x4:0x00000000 x21=0x00000000
        4165000	       415	80000650	ffd10d03	lb	x26,-3(x2)	  x2:0x8000814d x26=0x00000000 PA:0x8000814a
        4175000	       416	80000654	012c8933	add	x18,x25,x18	 x25:0x00000000 x18:0x00000000 x18=0x00000000
        4185000	       417	80000658	0198cb33	xor	x22,x17,x25	 x17:0x00000000 x25:0x00000000 x22=0x00000000
        4195000	       418	8000065c	ff612fa3	sw	x22,-1(x2)	  x2:0x8000814d x22:0x00000000 PA:0x8000814c
        4205000	       419	80000660	ff110003	lb	x0,-15(x2)	  x2:0x8000814d PA:0x8000813e
        4215000	       420	80000664	fea10e23	sb	x10,-4(x2)	  x2:0x8000814d x10:0x00000059 PA:0x80008149
        4225000	       421	80000668	fff10c03	lb	x24,-1(x2)	  x2:0x8000814d x24=0x00000000 PA:0x8000814c
        4235000	       422	8000066c	9a864713	xori	x14,x12,-1624	 x12:0x80009f84 x14=0x7fff662c
        4245000	       423	80000670	403e8733	sub	x14,x29,x3	 x29:0x00000000  x3:0x00000000 x14=0x00000000
        4255000	       424	80000674	00711903	lh	x18,7(x2)	  x2:0x8000814d x18=0x00005900 PA:0x80008154
        4265000	       425	80000678	ffc10f03	lb	x30,-4(x2)	  x2:0x8000814d x30=0x00000059 PA:0x80008149
        4275000	       426	8000067c	404d5393	srai	x7,x26,0x4	 x26:0x00000000  x7=0x00000000
        4285000	       427	80000680	ff710e23	sb	x23,-4(x2)	  x2:0x8000814d x23:0x00000000 PA:0x80008149
        4295000	       428	80000684	008080b3	add	x1,x1,x8	  x1:0x00000000  x8:0x80009fc4  x1=0x80009fc4
        4305000	       429	80000688	00e10f03	lb	x30,14(x2)	  x2:0x8000814d x30=0x00000000 PA:0x8000815b
        4315000	       430	00000000	00000013	addi	x0,x0,0	  x0:0x00000000
        4325000	       431	8000068c	ffe10d03	lb	x26,-2(x2)	  x2:0x8000814d x26=0xffffff84 PA:0x8000814b
        4335000	       432	80000690	01610523	sb	x22,10(x2)	  x2:0x8000814d x22:0x00000000 PA:0x80008157
        4345000	       433	80000694	00214083	lbu	x1,2(x2)	  x2:0x8000814d  x1=0x00000000 PA:0x8000814f
        4355000	       434	00000000	00000013	addi	x0,x0,0	  x0:0x00000000
        4365000	       435	80000698	00008197	auipc	x3,0x8	  x3=0x80008694
        4375000	       436	8000069c	d1518193	addi	x3,x3,-747	  x3:0x80008694  x3=0x800083a9
        4385000	       437	800006a0	0031a503	lw	x10,3(x3)	  x3:0x800083a9 x10=0x00000000 PA:0x800083ac
        4395000	       438	800006a4	00008997	auipc	x19,0x8	 x19=0x800086a0
        4405000	       439	800006a8	c0898993	addi	x19,x19,-1016	 x19:0x800086a0 x19=0x800082a8
        4415000	       440	800006ac	00008d97	auipc	x27,0x8	 x27=0x800086a8
        4425000	       441	800006b0	c4fd8d93	addi	x27,x27,-945	 x27:0x800086a8 x27=0x800082f7
        4435000	       442	800006b4	00008697	auipc	x13,0x8	 x13=0x800086b0
        4445000	       443	800006b8	0c868693	addi	x13,x13,200	 x13:0x800086b0 x13=0x80008778
        4455000	       444	800006bc	e699cb83	lbu	x23,-407(x19)	 x19:0x800082a8 x23=0x00000000 PA:0x80008111
        4465000	       445	800006c0	303984a3	sb	x3,777(x19)	 x19:0x800082a8  x3:0x800083a9 PA:0x800085b1
        4475000	       446	800006c4	fd06af83	lw	x31,-48(x13)	 x13:0x80008778 x31=0x00000000 PA:0x80008748
        4485000	       447	800006c8	eb998c03	lb	x24,-327(x19)	 x19:0x800082a8 x24=0x00000000 PA:0x80008161
        4495000	       448	800006cc	0619c103	lbu	x2,97(x19)	 x19:0x800082a8  x2=0x00000000 PA:0x80008309
        4505000	       449	800006d0	ff2d8b23	sb	x18,-10(x27)	 x27:0x800082f7 x18:0x00005900 PA:0x800082ed
        4515000	       450	800006d4	ffc18d03	lb	x26,-4(x3)	  x3:0x800083a9 x26=0x00000000 PA:0x800083a5
        4525000	       451	800006d8	e8798703	lb	x14,-377(x19)	 x19:0x800082a8 x14=0x00000000 PA:0x8000812f
        4535000	       452	800006dc	ff1dd303	lhu	x6,-15(x27)	 x27:0x800082f7  x6=0x00000000 PA:0x800082e8
        4545000	       453	800006e0	01018083	lb	x1,16(x3)	  x3:0x800083a9  x1=0x00000000 PA:0x800083b9
        4555000	       454	800006e4	ea09c383	lbu	x7,-352(x19)	 x19:0x800082a8  x7=0x00000000 PA:0x80008148
        4565000	       455	800006e8	010dc703	lbu	x14,16(x27)	 x27:0x800082f7 x14=0x00000000 PA:0x80008307
        4575000	       456	800006ec	ffe69a03	lh	x20,-2(x13)	 x13:0x80008778 x20=0x00000000 PA:0x80008776
        4585000	       457	800006f0	fe968083	lb	x1,-23(x13)	 x13:0x80008778  x1=0x00000000 PA:0x80008761
        4595000	       458	800006f4	009d8703	lb	x14,9(x27)	 x27:0x800082f7 x14=0x00000000 PA:0x80008300
        4605000	       459	800006f8	000d87a3	sb	x0,15(x27)	 x27:0x800082f7  x0:0x00000000 PA:0x80008306
        4615000	       460	800006fc	017183a3	sb	x23,7(x3)	  x3:0x800083a9 x23:0x00000000 PA:0x800083b0
        4625000	       461	80000700	1449d703	lhu	x14,324(x19)	 x19:0x800082a8 x14=0x00000000 PA:0x800083ec
        4635000	       462	80000704	ffdd9383	lh	x7,-3(x27)	 x27:0x800082f7  x7=0x00000000 PA:0x800082f4
        4645000	       463	80000708	da89aa03	lw	x20,-600(x19)	 x19:0x800082a8 x20=0x00000000 PA:0x80008050
        4655000	       464	8000070c	01d68b03	lb	x22,29(x13)	 x13:0x80008778 x22=0x00000000 PA:0x80008795
        4665000	       465	80000710	00f1c883	lbu	x17,15(x3)	  x3:0x800083a9 x17=0x00000000 PA:0x800083b8
        4675000	       466	80000714	ff069c23	sh	x16,-8(x13)	 x13:0x80008778 x16:0xfacd5a50 PA:0x80008770
        4685000	       467	80000718	ff01c783	lbu	x15,-16(x3)	  x3:0x800083a9 x15=0x00000000 PA:0x80008399
        4695000	       468	8000071c	015d87a3	sb	x21,15(x27)	 x27:0x800082f7 x21:0x00000000 PA:0x80008306
        4705000	       469	80000720	0469de03	lhu	x28,70(x19)	 x19:0x800082a8 x28=0x00000000 PA:0x800082ee
        4715000	       470	80000724	47998e83	lb	x29,1145(x19)	 x19:0x800082a8 x29=0x00000000 PA:0x80008721
        4725000	       471	80000728	0021ca83	lbu	x21,2(x3)	  x3:0x800083a9 x21=0x00000000 PA:0x800083ab
        4735000	       472	8000072c	006d8883	lb	x17,6(x27)	 x27:0x800082f7 x17=0x00000000 PA:0x800082fd
        4745000	       473	80000730	fc568583	lb	x11,-59(x13)	 x13:0x80008778 x11=0x00000000 PA:0x8000873d
        4755000	       474	80000734	ffed8703	lb	x14,-2(x27)	 x27:0x800082f7 x14=0x00000000 PA:0x800082f5
        4765000	       475	80000738	fe0d8f23	sb	x0,-2(x27)	 x27:0x800082f7  x0:0x00000000 PA:0x800082f5
        4775000	       476	8000073c	fc3685a3	sb	x3,-53(x13)	 x13:0x80008778  x3:0x800083a9 PA:0x80008743
        4785000	       477	80000740	00d69823	sh	x13,16(x13)	 x13:0x80008778 x13:0x80008778 PA:0x80008788
        4795000	       478	80000744	00008517	auipc	x10,0x8	 x10=0x80008740
        4805000	       479	80000748	74d50513	addi	x10,x10,1869	 x10:0x80008740 x10=0x80008e8d
        4815000	       480	8000074c	00a2ea33	or	x20,x5,x10	  x5:0x80008a50 x10:0x80008e8d x20=0x80008edd
        4825000	       481	80000750	ff450783	lb	x15,-12(x10)	 x10:0x80008e8d x15=0x00000000 PA:0x80008e81
        4835000	       482	80000754	ff450983	lb	x19,-12(x10)	 x10:0x80008e8d x19=0x00000000 PA:0x80008e81
        4845000	       483	80000758	00b52a83	lw	x21,11(x10)	 x10:0x80008e8d x21=0x00000000 PA:0x80008e98
        4855000	       484	8000075c	006c7cb3	and	x25,x24,x6	 x24:0x00000000  x6:0x00000000 x25=0x00000000
        4865000	       485	80000760	016525a3	sw	x22,11(x10)	 x10:0x80008e8d x22:0x00000000 PA:0x80008e98
        4875000	       486	80000764	013515a3	sh	x19,11(x10)	 x10:0x80008e8d x19:0x00000000 PA:0x80008e98
        4885000	       487	80000768	00654003	lbu	x0,6(x10)	 x10:0x80008e8d PA:0x80008e93
        4895000	       488	8000076c	00654a83	lbu	x21,6(x10)	 x10:0x80008e8d x21=0x00000000 PA:0x80008e93
        4905000	       489	80000770	00654f03	lbu	x30,6(x10)	 x10:0x80008e8d x30=0x00000000 PA:0x80008e93
        4915000	       490	80000774	01b50323	sb	x27,6(x10)	 x10:0x80008e8d x27:0x800082f7 PA:0x80008e93
        4925000	       491	80000778	2046b893	sltiu	x17,x13,516	 x13:0x80008778 x17=0x00000000
        4935000	       492	8000077c	01150323	sb	x17,6(x10)	 x10:0x80008e8d x17:0x00000000 PA:0x80008e93
        4945000	       493	80000780	00752e83	lw	x29,7(x10)	 x10:0x80008e8d x29=0x00000000 PA:0x80008e94
        4955000	       494	80000784	014523a3	sw	x20,7(x10)	 x10:0x80008e8d x20:0x80008edd PA:0x80008e94
        4965000	       495	80000788	00750e03	lb	x28,7(x10)	 x10:0x80008e8d x28=0xffffffdd PA:0x80008e94
        4975000	       496	8000078c	00755e03	lhu	x28,7(x10)	 x10:0x80008e8d x28=0x00008edd PA:0x80008e94
        4985000	       497	80000790	00751003	lh	x0,7(x10)	 x10:0x80008e8d PA:0x80008e94
        4995000	       498	80000794	007523a3	sw	x7,7(x10)	 x10:0x80008e8d  x7:0x00000000 PA:0x80008e94
        5005000	       499	80000798	00752903	lw	x18,7(x10)	 x10:0x80008e8d x18=0x00000000 PA:0x80008e94
        5015000	       500	8000079c	00b523a3	sw	x11,7(x10)	 x10:0x80008e8d x11:0x00000000 PA:0x80008e94
        5025000	       501	800007a0	00008e97	auipc	x29,0x8	 x29=0x8000879c
        5035000	       502	800007a4	535e8e93	addi	x29,x29,1333	 x29:0x8000879c x29=0x80008cd1
        5045000	       503	800007a8	ddbe94a3	sh	x27,-567(x29)	 x29:0x80008cd1 x27:0x800082f7 PA:0x80008a9a
        5055000	       504	800007ac	00008597	auipc	x11,0x8	 x11=0x800087a8
        5065000	       505	800007b0	10558593	addi	x11,x11,261	 x11:0x800087a8 x11=0x800088ad
        5075000	       506	800007b4	00008b97	auipc	x23,0x8	 x23=0x800087b0
        5085000	       507	800007b8	6a4b8b93	addi	x23,x23,1700	 x23:0x800087b0 x23=0x80008e54
        5095000	       508	800007bc	00008317	auipc	x6,0x8	  x6=0x800087b8
        5105000	       509	800007c0	27830313	addi	x6,x6,632	  x6:0x800087b8  x6=0x80008a30
        5115000	       510	800007c4	d33ecc03	lbu	x24,-717(x29)	 x29:0x80008cd1 x24=0x00000000 PA:0x80008a04
        5125000	       511	800007c8	ff95d883	lhu	x17,-7(x11)	 x11:0x800088ad x17=0x00000000 PA:0x800088a6
        5135000	       512	800007cc	00008097	auipc	x1,0x8	  x1=0x800087c8
        5145000	       513	800007d0	13c08093	addi	x1,x1,316	  x1:0x800087c8  x1=0x80008904
        5155000	       514	800007d4	235e8e23	sb	x21,572(x29)	 x29:0x80008cd1 x21:0x00000000 PA:0x80008f0d
        5165000	       515	800007d8	010bde03	lhu	x28,16(x23)	 x23:0x80008e54 x28=0x00000000 PA:0x80008e64
        5175000	       516	800007dc	03359003	lh	x0,51(x11)	 x11:0x800088ad PA:0x800088e0
        5185000	       517	800007e0	f4de8383	lb	x7,-179(x29)	 x29:0x80008cd1  x7=0x00000000 PA:0x80008c1e
        5195000	       518	800007e4	fe558f23	sb	x5,-2(x11)	 x11:0x800088ad  x5:0x80008a50 PA:0x800088ab
        5205000	       519	800007e8	fce5c903	lbu	x18,-50(x11)	 x11:0x800088ad x18=0x00000000 PA:0x8000887b
        5215000	       520	800007ec	00108383	lb	x7,1(x1)	  x1:0x80008904  x7=0x00000000 PA:0x80008905
        5225000	       521	800007f0	4da35103	lhu	x2,1242(x6)	  x6:0x80008a30  x2=0x00000000 PA:0x80008f0a
        5235000	       522	800007f4	ff4b9983	lh	x19,-12(x23)	 x23:0x80008e54 x19=0x00000000 PA:0x80008e48
        5245000	       523	800007f8	fe25a3a3	sw	x2,-25(x11)	 x11:0x800088ad  x2:0x00000000 PA:0x80008894
        5255000	       524	800007fc	fe334c03	lbu	x24,-29(x6)	  x6:0x80008a30 x24=0x00000000 PA:0x80008a13
        5265000	       525	80000800	ffebd283	lhu	x5,-2(x23)	 x23:0x80008e54  x5=0x00000000 PA:0x80008e52
        5275000	       526	80000804	315ec683	lbu	x13,789(x29)	 x29:0x80008cd1 x13=0x00000000 PA:0x80008fe6
        5285000	       527	80000808	fcc58c83	lb	x25,-52(x11)	 x11:0x800088ad x25=0x00000000 PA:0x80008879
        5295000	       528	8000080c	fff0c003	lbu	x0,-1(x1)	  x1:0x80008904 PA:0x80008903
        5305000	       529	80000810	ff558d83	lb	x27,-11(x11)	 x11:0x800088ad x27=0x00000000 PA:0x800088a2
        5315000	       530	80000814	006b8c03	lb	x24,6(x23)	 x23:0x80008e54 x24=0x00000000 PA:0x80008e5a
        5325000	       531	80000818	ffe58f03	lb	x30,-2(x11)	 x11:0x800088ad x30=0x00000050 PA:0x800088ab
        5335000	       532	8000081c	0095da83	lhu	x21,9(x11)	 x11:0x800088ad x21=0x00000000 PA:0x800088b6
        5345000	       533	80000820	ffab8483	lb	x9,-6(x23)	 x23:0x80008e54  x9=0x00000000 PA:0x80008e4e
        5355000	       534	80000824	1f734183	lbu	x3,503(x6)	  x6:0x80008a30  x3=0x00000000 PA:0x80008c27
        5365000	       535	80000828	2daec883	lbu	x17,730(x29)	 x29:0x80008cd1 x17=0x00000000 PA:0x80008fab
        5375000	       536	8000082c	ffa09203	lh	x4,-6(x1)	  x1:0x80008904  x4=0x00000000 PA:0x800088fe
        5385000	       537	80000830	f7130d83	lb	x27,-143(x6)	  x6:0x80008a30 x27=0x00000000 PA:0x800089a1
        5395000	       538	80000834	ee4ecf83	lbu	x31,-284(x29)	 x29:0x80008cd1 x31=0x00000000 PA:0x80008bb5
        5405000	       539	80000838	02a58f03	lb	x30,42(x11)	 x11:0x800088ad x30=0x00000000 PA:0x800088d7
        5415000	       540	8000083c	fe208aa3	sb	x2,-11(x1)	  x1:0x80008904  x2:0x00000000 PA:0x800088f9
        5425000	       541	80000840	0d8e8a83	lb	x21,216(x29)	 x29:0x80008cd1 x21=0x00000000 PA:0x80008da9
        5435000	       542	80000844	f02e8503	lb	x10,-254(x29)	 x29:0x80008cd1 x10=0x00000000 PA:0x80008bd3
        5445000	       543	80000848	14835883	lhu	x17,328(x6)	  x6:0x80008a30 x17=0x00000000 PA:0x80008b78
        5455000	       544	8000084c	ff6bd103	lhu	x2,-10(x23)	 x23:0x80008e54  x2=0x00000000 PA:0x80008e4a
        5465000	       545	80000850	4bf34c83	lbu	x25,1215(x6)	  x6:0x80008a30 x25=0x00000000 PA:0x80008eef
        5475000	       546	80000854	feb09e23	sh	x11,-4(x1)	  x1:0x80008904 x11:0x800088ad PA:0x80008900
        5485000	       547	80000858	ff00c683	lbu	x13,-16(x1)	  x1:0x80008904 x13=0x00000000 PA:0x800088f4
        5495000	       548	8000085c	00cbad03	lw	x26,12(x23)	 x23:0x80008e54 x26=0x00000000 PA:0x80008e60
        5505000	       549	80000860	00008117	auipc	x2,0x8	  x2=0x8000885c
        5515000	       550	80000864	de810113	addi	x2,x2,-536	  x2:0x8000885c  x2=0x80008644
        5525000	       551	80000868	01dfd893	srli	x17,x31,0x1d	 x31:0x00000000 x17=0x00000000
        5535000	       552	8000086c	cd6efc93	andi	x25,x29,-810	 x29:0x80008cd1 x25=0x80008cd0
        5545000	       553	80000870	ffd14503	lbu	x10,-3(x2)	  x2:0x80008644 x10=0x00000000 PA:0x80008641
        5555000	       554	80000874	fff100a3	sb	x31,-31(x2)	  x2:0x80008644 x31:0x00000000 PA:0x80008625
        5565000	       555	80000878	5df14693	xori	x13,x2,1503	  x2:0x80008644 x13=0x8000839b
        5575000	       556	8000087c	0049dcb3	srl	x25,x19,x4	 x19:0x00000000  x4:0x00000000 x25=0x00000000
        5585000	       557	80000880	ace17b93	andi	x23,x2,-1330	  x2:0x80008644 x23=0x80008244
        5595000	       558	80000884	00c11d83	lh	x27,12(x2)	  x2:0x80008644 x27=0x00000000 PA:0x80008650
        5605000	       559	80000888	fe711223	sh	x7,-28(x2)	  x2:0x80008644  x7:0x00000000 PA:0x80008628
        5615000	       560	8000088c	89af7e93	andi	x29,x30,-1894	 x30:0x00000000 x29=0x00000000
        5625000	       561	80000890	82eb3497	auipc	x9,0x82eb3	  x9=0x02eb388c
        5635000	       562	80000894	01d14b83	lbu	x23,29(x2)	  x2:0x80008644 x23=0x00000000 PA:0x80008661
        5645000	       563	80000898	01114c03	lbu	x24,17(x2)	  x2:0x80008644 x24=0x00000000 PA:0x80008655
        5655000	       564	8000089c	01a7d693	srli	x13,x15,0x1a	 x15:0x00000000 x13=0x00000000
        5665000	       565	800008a0	fc3105a3	sb	x3,-53(x2)	  x2:0x80008644  x3:0x00000000 PA:0x8000860f
        5675000	       566	800008a4	02611903	lh	x18,38(x2)	  x2:0x80008644 x18=0x00000000 PA:0x8000866a
        5685000	       567	800008a8	00410283	lb	x5,4(x2)	  x2:0x80008644  x5=0x00000000 PA:0x80008648
        5695000	       568	800008ac	fed10383	lb	x7,-19(x2)	  x2:0x80008644  x7=0x00000000 PA:0x80008631
        5705000	       569	800008b0	bc2f7493	andi	x9,x30,-1086	 x30:0x00000000  x9=0x00000000
        5715000	       570	800008b4	018f6fb3	or	x31,x30,x24	 x30:0x00000000 x24:0x00000000 x31=0x00000000
        5725000	       571	800008b8	8c081d37	lui	x26,0x8c081	 x26=0x8c081000
        5735000	       572	800008bc	01714d03	lbu	x26,23(x2)	  x2:0x80008644 x26=0x00000000 PA:0x8000865b
        5745000	       573	800008c0	ff914e03	lbu	x28,-7(x2)	  x2:0x80008644 x28=0x00000000 PA:0x8000863d
        5755000	       574	800008c4	00114503	lbu	x10,1(x2)	  x2:0x80008644 x10=0x00000000 PA:0x80008645
        5765000	       575	800008c8	02210aa3	sb	x2,53(x2)	  x2:0x80008644  x2:0x80008644 PA:0x80008679
        5775000	       576	800008cc	0027ebb3	or	x23,x15,x2	 x15:0x00000000  x2:0x80008644 x23=0x80008644
        5785000	       577	800008d0	01210c03	lb	x24,18(x2)	  x2:0x80008644 x24=0x00000000 PA:0x80008656
        5795000	       578	800008d4	fec10d03	lb	x26,-20(x2)	  x2:0x80008644 x26=0x00000000 PA:0x80008630
        5805000	       579	800008d8	41748cb3	sub	x25,x9,x23	  x9:0x00000000 x23:0x80008644 x25=0x7fff79bc
        5815000	       580	800008dc	a62824b7	lui	x9,0xa6282	  x9=0xa6282000
        5825000	       581	800008e0	c66b4993	xori	x19,x22,-922	 x22:0x00000000 x19=0xfffffc66
        5835000	       582	800008e4	00000013	addi	x0,x0,0	  x0:0x00000000
        5845000	       583	800008e8	fda10723	sb	x26,-50(x2)	  x2:0x80008644 x26:0x00000000 PA:0x80008612
        5855000	       584	800008ec	0153d8b3	srl	x17,x7,x21	  x7:0x00000000 x21:0x00000000 x17=0x00000000
        5865000	       585	800008f0	01010aa3	sb	x16,21(x2)	  x2:0x80008644 x16:0xfacd5a50 PA:0x80008659
        5875000	       586	800008f4	40975c33	sra	x24,x14,x9	 x14:0x00000000  x9:0xa6282000 x24=0x00000000
        5885000	       587	800008f8	e9373293	sltiu	x5,x14,-365	 x14:0x00000000  x5=0x00000001
        5895000	       588	800008fc	00081593	slli	x11,x16,0x0	 x16:0xfacd5a50 x11=0xfacd5a50
        5905000	       589	80000900	03314703	lbu	x14,51(x2)	  x2:0x80008644 x14=0x00000000 PA:0x80008677
        5915000	       590	80000904	c52ce213	ori	x4,x25,-942	 x25:0x7fff79bc  x4=0xfffffdfe
        5925000	       591	80000908	01510123	sb	x21,2(x2)	  x2:0x80008644 x21:0x00000000 PA:0x80008646
        5935000	       592	8000090c	75c4a393	slti	x7,x9,1884	  x9:0xa6282000  x7=0x00000001
        5945000	       593	80000910	41f954b3	sra	x9,x18,x31	 x18:0x00000000 x31:0x00000000  x9=0x00000000
        5955000	       594	80000914	0162d5b3	srl	x11,x5,x22	  x5:0x00000001 x22:0x00000000 x11=0x00000001
        5965000	       595	80000918	fd3106a3	sb	x19,-51(x2)	  x2:0x80008644 x19:0xfffffc66 PA:0x80008611
        5975000	       596	8000091c	f685e993	ori	x19,x11,-152	 x11:0x00000001 x19=0xffffff69
        5985000	       597	80000920	03611f03	lh	x30,54(x2)	  x2:0x80008644 x30=0x00000000 PA:0x8000867a
        5995000	       598	80000924	01811083	lh	x1,24(x2)	  x2:0x80008644  x1=0x00000000 PA:0x8000865c
        6005000	       599	00000000	00000013	addi	x0,x0,0	  x0:0x00000000
        6015000	       600	80000928	00008117	auipc	x2,0x8	  x2=0x80008924
        6025000	       601	8000092c	d2210113	addi	x2,x2,-734	  x2:0x80008924  x2=0x80008646
        6035000	       602	80000930	eb9baa17	auipc	x20,0xeb9ba	 x20=0x6b9ba92c
        6045000	       603	80000934	a2ac8c93	addi	x25,x25,-1494	 x25:0x7fff79bc x25=0x7fff73e6
        6055000	       604	80000938	02910b83	lb	x23,41(x2)	  x2:0x80008646 x23=0x00000000 PA:0x8000866f
        6065000	       605	8000093c	fd5102a3	sb	x21,-59(x2)	  x2:0x80008646 x21:0x00000000 PA:0x8000860b
        6075000	       606	80000940	fca11523	sh	x10,-54(x2)	  x2:0x80008646 x10:0x00000000 PA:0x80008610
        6085000	       607	80000944	fca12523	sw	x10,-54(x2)	  x2:0x80008646 x10:0x00000000 PA:0x80008610
        6095000	       608	80000948	00314703	lbu	x14,3(x2)	  x2:0x80008646 x14=0x00000000 PA:0x80008649
        6105000	       609	8000094c	00310583	lb	x11,3(x2)	  x2:0x80008646 x11=0x00000000 PA:0x80008649
        6115000	       610	80000950	ff310023	sb	x19,-32(x2)	  x2:0x80008646 x19:0xffffff69 PA:0x80008626
        6125000	       611	80000954	ff714b03	lbu	x22,-9(x2)	  x2:0x80008646 x22=0x00000000 PA:0x8000863d
        6135000	       612	80000958	009d1b13	slli	x22,x26,0x9	 x26:0x00000000 x22=0x00000000
        6145000	       613	8000095c	ffd105a3	sb	x29,-21(x2)	  x2:0x80008646 x29:0x00000000 PA:0x80008631
        6155000	       614	80000960	00815203	lhu	x4,8(x2)	  x2:0x80008646  x4=0x00000000 PA:0x8000864e
        6165000	       615	80000964	016ec3b3	xor	x7,x29,x22	 x29:0x00000000 x22:0x00000000  x7=0x00000000
        6175000	       616	80000968	01114183	lbu	x3,17(x2)	  x2:0x80008646  x3=0x00000000 PA:0x80008657
        6185000	       617	8000096c	00008117	auipc	x2,0x8	  x2=0x80008968
        6195000	       618	80000970	ac110113	addi	x2,x2,-1343	  x2:0x80008968  x2=0x80008429
        6205000	       619	80000974	00515783	lhu	x15,5(x2)	  x2:0x80008429 x15=0x00000000 PA:0x8000842e
        6215000	       620	80000978	009112a3	sh	x9,5(x2)	  x2:0x80008429  x9:0x00000000 PA:0x8000842e
        6225000	       621	8000097c	ff014783	lbu	x15,-16(x2)	  x2:0x80008429 x15=0x00000000 PA:0x80008419
        6235000	       622	80000980	00614b83	lbu	x23,6(x2)	  x2:0x80008429 x23=0x00000000 PA:0x8000842f
        6245000	       623	80000984	41d18733	sub	x14,x3,x29	  x3:0x00000000 x29:0x00000000 x14=0x00000000
        6255000	       624	80000988	01346233	or	x4,x8,x19	  x8:0x80009fc4 x19:0xffffff69  x4=0xffffffed
        6265000	       625	8000098c	01bc5513	srli	x10,x24,0x1b	 x24:0x00000000 x10=0x00000000
        6275000	       626	80000990	008d80b3	add	x1,x27,x8	 x27:0x00000000  x8:0x80009fc4  x1=0x80009fc4
        6285000	       627	80000994	486c8c13	addi	x24,x25,1158	 x25:0x7fff73e6 x24=0x7fff786c
        6295000	       628	80000998	00610383	lb	x7,6(x2)	  x2:0x80008429  x7=0x00000000 PA:0x8000842f
        6305000	       629	8000099c	d5ed8093	addi	x1,x27,-674	 x27:0x00000000  x1=0xfffffd5e
        6315000	       630	800009a0	fff12da3	sw	x31,-5(x2)	  x2:0x80008429 x31:0x00000000 PA:0x80008424
        6325000	       631	800009a4	ff412da3	sw	x20,-5(x2)	  x2:0x80008429 x20:0x6b9ba92c PA:0x80008424
        6335000	       632	800009a8	ffd15503	lhu	x10,-3(x2)	  x2:0x80008429 x10=0x00006b9b PA:0x80008426
        6345000	       633	800009ac	00441bb3	sll	x23,x8,x4	  x8:0x80009fc4  x4:0xffffffed x23=0x13f88000
        6355000	       634	800009b0	ff111683	lh	x13,-15(x2)	  x2:0x80008429 x13=0x00000000 PA:0x8000841a
        6365000	       635	00000000	00000013	addi	x0,x0,0	  x0:0x00000000
        6375000	       636	800009b4	fed11da3	sh	x13,-5(x2)	  x2:0x80008429 x13:0x00000000 PA:0x80008424
        6385000	       637	800009b8	00314c03	lbu	x24,3(x2)	  x2:0x80008429 x24=0x00000000 PA:0x8000842c
        6395000	       638	800009bc	00a14d83	lbu	x27,10(x2)	  x2:0x80008429 x27=0x00000000 PA:0x80008433
        6405000	       639	800009c0	ff414903	lbu	x18,-12(x2)	  x2:0x80008429 x18=0x00000000 PA:0x8000841d
        6415000	       640	800009c4	00008117	auipc	x2,0x8	  x2=0x800089c0
        6425000	       641	800009c8	cd210113	addi	x2,x2,-814	  x2:0x800089c0  x2=0x80008692
        6435000	       642	800009cc	02710003	lb	x0,39(x2)	  x2:0x80008692 PA:0x800086b9
        6445000	       643	800009d0	45640d13	addi	x26,x8,1110	  x8:0x80009fc4 x26=0x8000a41a
        6455000	       644	800009d4	00310183	lb	x3,3(x2)	  x2:0x80008692  x3=0x00000000 PA:0x80008695
        6465000	       645	800009d8	fee15c03	lhu	x24,-18(x2)	  x2:0x80008692 x24=0x00000000 PA:0x80008680
        6475000	       646	800009dc	ffe10223	sb	x30,-28(x2)	  x2:0x80008692 x30:0x00000000 PA:0x80008676
        6485000	       647	800009e0	02211c83	lh	x25,34(x2)	  x2:0x80008692 x25=0x00000000 PA:0x800086b4
        6495000	       648	800009e4	02c14383	lbu	x7,44(x2)	  x2:0x80008692  x7=0x00000000 PA:0x800086be
        6505000	       649	800009e8	00cce5b3	or	x11,x25,x12	 x25:0x00000000 x12:0x80009f84 x11=0x80009f84
        6515000	       650	800009ec	01abdb33	srl	x22,x23,x26	 x23:0x13f88000 x26:0x8000a41a x22=0x00000004
        6525000	       651	800009f0	02d14483	lbu	x9,45(x2)	  x2:0x80008692  x9=0x00000000 PA:0x800086bf
        6535000	       652	800009f4	00000013	addi	x0,x0,0	  x0:0x00000000
        6545000	       653	800009f8	415bd4b3	sra	x9,x23,x21	 x23:0x13f88000 x21:0x00000000  x9=0x13f88000
        6555000	       654	800009fc	230c4913	xori	x18,x24,560	 x24:0x00000000 x18=0x00000230
        6565000	       655	80000a00	e076cc93	xori	x25,x13,-505	 x13:0x00000000 x25=0xfffffe07
        6575000	       656	80000a04	41bf5e33	sra	x28,x30,x27	 x30:0x00000000 x27:0x00000000 x28=0x00000000
        6585000	       657	80000a08	fda10203	lb	x4,-38(x2)	  x2:0x80008692  x4=0x00000000 PA:0x8000866c
        6595000	       658	80000a0c	fea10aa3	sb	x10,-11(x2)	  x2:0x80008692 x10:0x00006b9b PA:0x80008687
        6605000	       659	80000a10	41848733	sub	x14,x9,x24	  x9:0x13f88000 x24:0x00000000 x14=0x13f88000
        6615000	       660	80000a14	fdc11a23	sh	x28,-44(x2)	  x2:0x80008692 x28:0x00000000 PA:0x80008666
        6625000	       661	80000a18	02314d83	lbu	x27,35(x2)	  x2:0x80008692 x27=0x00000000 PA:0x800086b5
        6635000	       662	80000a1c	00cd01b3	add	x3,x26,x12	 x26:0x8000a41a x12:0x80009f84  x3=0x0001439e
        6645000	       663	80000a20	01d14a83	lbu	x21,29(x2)	  x2:0x80008692 x21=0x00000000 PA:0x800086af
        6655000	       664	80000a24	419e5b13	srai	x22,x28,0x19	 x28:0x00000000 x22=0x00000000
        6665000	       665	80000a28	fe514283	lbu	x5,-27(x2)	  x2:0x80008692  x5=0x00000000 PA:0x80008677
        6675000	       666	80000a2c	03010fa3	sb	x16,63(x2)	  x2:0x80008692 x16:0xfacd5a50 PA:0x800086d1
        6685000	       667	80000a30	b93aa697	auipc	x13,0xb93aa	 x13=0x393aaa2c
        6695000	       668	80000a34	00215c83	lhu	x25,2(x2)	  x2:0x80008692 x25=0x00000000 PA:0x80008694
        6705000	       669	80000a38	01316233	or	x4,x2,x19	  x2:0x80008692 x19:0xffffff69  x4=0xfffffffb
        6715000	       670	80000a3c	01b14b83	lbu	x23,27(x2)	  x2:0x80008692 x23=0x00000000 PA:0x800086ad
        6725000	       671	80000a40	00b60bb3	add	x23,x12,x11	 x12:0x80009f84 x11:0x80009f84 x23=0x00013f08
        6735000	       672	80000a44	000ad713	srli	x14,x21,0x0	 x21:0x00000000 x14=0x00000000
        6745000	       673	80000a48	02914983	lbu	x19,41(x2)	  x2:0x80008692 x19=0x00000000 PA:0x800086bb
        6755000	       674	80000a4c	01c5f2b3	and	x5,x11,x28	 x11:0x80009f84 x28:0x00000000  x5=0x00000000
        6765000	       675	80000a50	0024d2b3	srl	x5,x9,x2	  x9:0x13f88000  x2:0x80008692  x5=0x000004fe
        6775000	       676	80000a54	fc310903	lb	x18,-61(x2)	  x2:0x80008692 x18=0x00000000 PA:0x80008655
        6785000	       677	80000a58	01310a83	lb	x21,19(x2)	  x2:0x80008692 x21=0x00000000 PA:0x800086a5
        6795000	       678	80000a5c	00008a97	auipc	x21,0x8	 x21=0x80008a58
        6805000	       679	80000a60	1c3a8a93	addi	x21,x21,451	 x21:0x80008a58 x21=0x80008c1b
        6815000	       680	80000a64	53a76e93	ori	x29,x14,1338	 x14:0x00000000 x29=0x0000053a
        6825000	       681	80000a68	0f8ac983	lbu	x19,248(x21)	 x21:0x80008c1b x19=0x00000000 PA:0x80008d13
        6835000	       682	80000a6c	f34ac483	lbu	x9,-204(x21)	 x21:0x80008c1b  x9=0x00000000 PA:0x80008b4f
        6845000	       683	80000a70	9f88b193	sltiu	x3,x17,-1544	 x17:0x00000000  x3=0x00000001
        6855000	       684	80000a74	f34ac483	lbu	x9,-204(x21)	 x21:0x80008c1b  x9=0x00000000 PA:0x80008b4f
        6865000	       685	80000a78	f34a8783	lb	x15,-204(x21)	 x21:0x80008c1b x15=0x00000000 PA:0x80008b4f
        6875000	       686	80000a7c	05bacc83	lbu	x25,91(x21)	 x21:0x80008c1b x25=0x00000000 PA:0x80008c76
        6885000	       687	80000a80	05badc83	lhu	x25,91(x21)	 x21:0x80008c1b x25=0x00000000 PA:0x80008c76
        6895000	       688	80000a84	05ba8da3	sb	x27,91(x21)	 x21:0x80008c1b x27:0x00000000 PA:0x80008c76
        6905000	       689	80000a88	79cf4b13	xori	x22,x30,1948	 x30:0x00000000 x22=0x0000079c
        6915000	       690	80000a8c	05ba8683	lb	x13,91(x21)	 x21:0x80008c1b x13=0x00000000 PA:0x80008c76
        6925000	       691	80000a90	05bacc03	lbu	x24,91(x21)	 x21:0x80008c1b x24=0x00000000 PA:0x80008c76
        6935000	       692	80000a94	05bac083	lbu	x1,91(x21)	 x21:0x80008c1b  x1=0x00000000 PA:0x80008c76
        6945000	       693	80000a98	05bad683	lhu	x13,91(x21)	 x21:0x80008c1b x13=0x00000000 PA:0x80008c76
        6955000	       694	00000000	00000013	addi	x0,x0,0	  x0:0x00000000
        6965000	       695	80000a9c	a766c293	xori	x5,x13,-1418	 x13:0x00000000  x5=0xfffffa76
        6975000	       696	80000aa0	002e42b3	xor	x5,x28,x2	 x28:0x00000000  x2:0x80008692  x5=0x80008692
        6985000	       697	80000aa4	c4da4113	xori	x2,x20,-947	 x20:0x6b9ba92c  x2=0x94645561
        6995000	       698	80000aa8	009a7bb3	and	x23,x20,x9	 x20:0x6b9ba92c  x9:0x00000000 x23=0x00000000
        7005000	       699	80000aac	018b6263	bltu	x22,x24,80000ab0	 x22:0x0000079c x24:0x00000000
        7015000	       700	80000ab0	06586a63	bltu	x16,x5,80000b24	 x16:0xfacd5a50  x5:0x80008692
        7025000	       701	80000ab4	01ae9093	slli	x1,x29,0x1a	 x29:0x0000053a  x1=0xe8000000
        7035000	       702	80000ab8	414ed593	srai	x11,x29,0x14	 x29:0x0000053a x11=0x00000000
        7045000	       703	80000abc	01721eb3	sll	x29,x4,x23	  x4:0xfffffffb x23:0x00000000 x29=0xfffffffb
        7055000	       704	80000ac0	413b5793	srai	x15,x22,0x13	 x22:0x0000079c x15=0x00000000
        7065000	       705	80000ac4	537b3197	auipc	x3,0x537b3	  x3=0xd37b3ac0
        7075000	       706	80000ac8	07abe063	bltu	x23,x26,80000b28	 x23:0x00000000 x26:0x8000a41a
        7085000	       707	00000000	00000013	addi	x0,x0,0	  x0:0x00000000
        7095000	       708	80000b24	00000013	addi	x0,x0,0	  x0:0x00000000
        7105000	       709	80000b28	41cd83b3	sub	x7,x27,x28	 x27:0x00000000 x28:0x00000000  x7=0x00000000
        7115000	       710	80000b2c	012e79b3	and	x19,x28,x18	 x28:0x00000000 x18:0x00000000 x19=0x00000000
        7125000	       711	80000b30	02b4ea63	bltu	x9,x11,80000b64	  x9:0x00000000 x11:0x00000000
        7135000	       712	80000b34	01e5ec63	bltu	x11,x30,80000b4c	 x11:0x00000000 x30:0x00000000
        7145000	       713	80000b38	01ddd663	bge	x27,x29,80000b44	 x27:0x00000000 x29:0xfffffffb
        7155000	       714	00000000	00000013	addi	x0,x0,0	  x0:0x00000000
        7165000	       715	80000b40	00000013	addi	x0,x0,0	  x0:0x00000000
        7175000	       716	80000b44	00000013	addi	x0,x0,0	  x0:0x00000000
        7185000	       717	80000b48	03447863	bgeu	x8,x20,80000b78	  x8:0x80009fc4 x20:0x6b9ba92c
        7195000	       718	00000000	00000013	addi	x0,x0,0	  x0:0x00000000
        7205000	       719	80000b74	00000013	addi	x0,x0,0	  x0:0x00000000
        7215000	       720	80000b78	b30f79b7	lui	x19,0xb30f7	 x19=0xb30f7000
        7225000	       721	80000b7c	047d1263	bne	x26,x7,80000bc0	 x26:0x8000a41a  x7:0x00000000
        7235000	       722	00000000	00000013	addi	x0,x0,0	  x0:0x00000000
        7245000	       723	80000bbc	00000013	addi	x0,x0,0	  x0:0x00000000
        7255000	       724	80000bc0	0007eab3	or	x21,x15,x0	 x15:0x00000000  x0:0x00000000 x21=0x00000000
        7265000	       725	80000bc4	7d91a113	slti	x2,x3,2009	  x3:0xd37b3ac0  x2=0x00000001
        7275000	       726	80000bc8	403fde93	srai	x29,x31,0x3	 x31:0x00000000 x29=0x00000000
        7285000	       727	80000bcc	4791ef93	ori	x31,x3,1145	  x3:0xd37b3ac0 x31=0xd37b3ef9
        7295000	       728	80000bd0	001b29b3	slt	x19,x22,x1	 x22:0x0000079c  x1:0xe8000000 x19=0x00000000
        7305000	       729	80000bd4	02d9c663	blt	x19,x13,80000c00	 x19:0x00000000 x13:0x00000000
        7315000	       730	80000bd8	a62443b7	lui	x7,0xa6244	  x7=0xa6244000
        7325000	       731	80000bdc	40538b33	sub	x22,x7,x5	  x7:0xa6244000  x5:0x80008692 x22=0x2623b96e
        7335000	       732	80000be0	78f4e713	ori	x14,x9,1935	  x9:0x00000000 x14=0x0000078f
        7345000	       733	80000be4	008909b3	add	x19,x18,x8	 x18:0x00000000  x8:0x80009fc4 x19=0x80009fc4
        7355000	       734	80000be8	01b7ec63	bltu	x15,x27,80000c00	 x15:0x00000000 x27:0x00000000
        7365000	       735	80000bec	007c0eb3	add	x29,x24,x7	 x24:0x00000000  x7:0xa6244000 x29=0xa6244000
        7375000	       736	80000bf0	4027d993	srai	x19,x15,0x2	 x15:0x00000000 x19=0x00000000
        7385000	       737	80000bf4	013b9793	slli	x15,x23,0x13	 x23:0x00000000 x15=0x00000000
        7395000	       738	80000bf8	01e4de93	srli	x29,x9,0x1e	  x9:0x00000000 x29=0x00000000
        7405000	       739	80000bfc	00f4d093	srli	x1,x9,0xf	  x9:0x00000000  x1=0x00000000
        7415000	       740	80000c00	00000013	addi	x0,x0,0	  x0:0x00000000
        7425000	       741	80000c04	cf3e3e13	sltiu	x28,x28,-781	 x28:0x00000000 x28=0x00000001
        7435000	       742	80000c08	00fb18b3	sll	x17,x22,x15	 x22:0x2623b96e x15:0x00000000 x17=0x2623b96e
        7445000	       743	80000c0c	01ccd663	bge	x25,x28,80000c18	 x25:0x00000000 x28:0x00000001
        7455000	       744	80000c10	41bcd1b3	sra	x3,x25,x27	 x25:0x00000000 x27:0x00000000  x3=0x00000000
        7465000	       745	80000c14	01c7e6b3	or	x13,x15,x28	 x15:0x00000000 x28:0x00000001 x13=0x00000001
        7475000	       746	80000c18	404803b3	sub	x7,x16,x4	 x16:0xfacd5a50  x4:0xfffffffb  x7=0xfacd5a55
        7485000	       747	80000c1c	03259263	bne	x11,x18,80000c40	 x11:0x00000000 x18:0x00000000
        7495000	       748	80000c20	002ad133	srl	x2,x21,x2	 x21:0x00000000  x2:0x00000001  x2=0x00000000
        7505000	       749	80000c24	20d4cb93	xori	x23,x9,525	  x9:0x00000000 x23=0x0000020d
        7515000	       750	80000c28	00000013	addi	x0,x0,0	  x0:0x00000000
        7525000	       751	80000c2c	6804b313	sltiu	x6,x9,1664	  x9:0x00000000  x6=0x00000001
        7535000	       752	80000c30	011033b3	sltu	x7,x0,x17	  x0:0x00000000 x17:0x2623b96e  x7=0x00000001
        7545000	       753	80000c34	0339de63	bge	x19,x19,80000c70	 x19:0x00000000 x19:0x00000000
        7555000	       754	00000000	00000013	addi	x0,x0,0	  x0:0x00000000
        7565000	       755	80000c6c	00000013	addi	x0,x0,0	  x0:0x00000000
        7575000	       756	80000c70	c76c7e93	andi	x29,x24,-906	 x24:0x00000000 x29=0x00000000
        7585000	       757	80000c74	02778263	beq	x15,x7,80000c98	 x15:0x00000000  x7:0x00000001
        7595000	       758	80000c78	a00fee13	ori	x28,x31,-1536	 x31:0xd37b3ef9 x28=0xfffffef9
        7605000	       759	80000c7c	5f48e193	ori	x3,x17,1524	 x17:0x2623b96e  x3=0x2623bdfe
        7615000	       760	80000c80	0590f863	bgeu	x1,x25,80000cd0	  x1:0x00000000 x25:0x00000000
        7625000	       761	00000000	00000013	addi	x0,x0,0	  x0:0x00000000
        7635000	       762	80000ccc	00000013	addi	x0,x0,0	  x0:0x00000000
        7645000	       763	80000cd0	2b932c93	slti	x25,x6,697	  x6:0x00000001 x25=0x00000001
        7655000	       764	80000cd4	05a54863	blt	x10,x26,80000d24	 x10:0x00006b9b x26:0x8000a41a
        7665000	       765	80000cd8	01579b13	slli	x22,x15,0x15	 x15:0x00000000 x22=0x00000000
        7675000	       766	80000cdc	00000013	addi	x0,x0,0	  x0:0x00000000
        7685000	       767	80000ce0	00000013	addi	x0,x0,0	  x0:0x00000000
        7695000	       768	80000ce4	01eba6b3	slt	x13,x23,x30	 x23:0x0000020d x30:0x00000000 x13=0x00000000
        7705000	       769	80000ce8	00000013	addi	x0,x0,0	  x0:0x00000000
        7715000	       770	80000cec	001e08b3	add	x17,x28,x1	 x28:0xfffffef9  x1:0x00000000 x17=0xfffffef9
        7725000	       771	80000cf0	a34ffd93	andi	x27,x31,-1484	 x31:0xd37b3ef9 x27=0xd37b3a30
        7735000	       772	80000cf4	04829863	bne	x5,x8,80000d44	  x5:0x80008692  x8:0x80009fc4
        7745000	       773	00000000	00000013	addi	x0,x0,0	  x0:0x00000000
        7755000	       774	80000d40	00000013	addi	x0,x0,0	  x0:0x00000000
        7765000	       775	80000d44	0f097313	andi	x6,x18,240	 x18:0x00000000  x6=0x00000000
        7775000	       776	80000d48	00757663	bgeu	x10,x7,80000d54	 x10:0x00006b9b  x7:0x00000001
        7785000	       777	00000000	00000013	addi	x0,x0,0	  x0:0x00000000
        7795000	       778	80000d50	00000013	addi	x0,x0,0	  x0:0x00000000
        7805000	       779	80000d54	019cd793	srli	x15,x25,0x19	 x25:0x00000001 x15=0x00000000
        7815000	       780	80000d58	00846ab3	or	x21,x8,x8	  x8:0x80009fc4  x8:0x80009fc4 x21=0x80009fc4
        7825000	       781	80000d5c	00000013	addi	x0,x0,0	  x0:0x00000000
        7835000	       782	80000d60	00b640b3	xor	x1,x12,x11	 x12:0x80009f84 x11:0x00000000  x1=0x80009f84
        7845000	       783	80000d64	052af463	bgeu	x21,x18,80000dac	 x21:0x80009fc4 x18:0x00000000
        7855000	       784	00000000	00000013	addi	x0,x0,0	  x0:0x00000000
        7865000	       785	80000da8	00000013	addi	x0,x0,0	  x0:0x00000000
        7875000	       786	80000dac	00d9efb3	or	x31,x19,x13	 x19:0x00000000 x13:0x00000000 x31=0x00000000
        7885000	       787	80000db0	00351cb3	sll	x25,x10,x3	 x10:0x00006b9b  x3:0x2623bdfe x25=0xc0000000
        7895000	       788	80000db4	009d8ab3	add	x21,x27,x9	 x27:0xd37b3a30  x9:0x00000000 x21=0xd37b3a30
        7905000	       789	80000db8	51717f93	andi	x31,x2,1303	  x2:0x00000000 x31=0x00000000
        7915000	       790	80000dbc	00000013	addi	x0,x0,0	  x0:0x00000000
        7925000	       791	80000dc0	014fffb3	and	x31,x31,x20	 x31:0x00000000 x20:0x6b9ba92c x31=0x00000000
        7935000	       792	80000dc4	05594063	blt	x18,x21,80000e04	 x18:0x00000000 x21:0xd37b3a30
        7945000	       793	80000dc8	0024c8b3	xor	x17,x9,x2	  x9:0x00000000  x2:0x00000000 x17=0x00000000
        7955000	       794	80000dcc	028a4a63	blt	x20,x8,80000e00	 x20:0x6b9ba92c  x8:0x80009fc4
        7965000	       795	80000dd0	016576b3	and	x13,x10,x22	 x10:0x00006b9b x22:0x00000000 x13=0x00000000
        7975000	       796	80000dd4	04d57263	bgeu	x10,x13,80000e18	 x10:0x00006b9b x13:0x00000000
        7985000	       797	00000000	00000013	addi	x0,x0,0	  x0:0x00000000
        7995000	       798	80000e14	00000013	addi	x0,x0,0	  x0:0x00000000
        8005000	       799	80000e18	25f2e693	ori	x13,x5,607	  x5:0x80008692 x13=0x800086df
        8015000	       800	80000e1c	02ab6a63	bltu	x22,x10,80000e50	 x22:0x00000000 x10:0x00006b9b
        8025000	       801	00000000	00000013	addi	x0,x0,0	  x0:0x00000000
        8035000	       802	80000e4c	00000013	addi	x0,x0,0	  x0:0x00000000
        8045000	       803	80000e50	03e21a63	bne	x4,x30,80000e84	  x4:0xfffffffb x30:0x00000000
        8055000	       804	00000000	00000013	addi	x0,x0,0	  x0:0x00000000
        8065000	       805	80000e80	00000013	addi	x0,x0,0	  x0:0x00000000
        8075000	       806	80000e84	4abcbe13	sltiu	x28,x25,1195	 x25:0xc0000000 x28=0x00000000
        8085000	       807	80000e88	01c677b3	and	x15,x12,x28	 x12:0x80009f84 x28:0x00000000 x15=0x00000000
        8095000	       808	80000e8c	01f8de13	srli	x28,x17,0x1f	 x17:0x00000000 x28=0x00000000
        8105000	       809	80000e90	00000013	addi	x0,x0,0	  x0:0x00000000
        8115000	       810	80000e94	01b39663	bne	x7,x27,80000ea0	  x7:0x00000001 x27:0xd37b3a30
        8125000	       811	00000000	00000013	addi	x0,x0,0	  x0:0x00000000
        8135000	       812	80000e9c	00000013	addi	x0,x0,0	  x0:0x00000000
        8145000	       813	80000ea0	00bd4e33	xor	x28,x26,x11	 x26:0x8000a41a x11:0x00000000 x28=0x8000a41a
        8155000	       814	80000ea4	4130d733	sra	x14,x1,x19	  x1:0x80009f84 x19:0x00000000 x14=0x80009f84
        8165000	       815	80000ea8	05044863	blt	x8,x16,80000ef8	  x8:0x80009fc4 x16:0xfacd5a50
        8175000	       816	00000000	00000013	addi	x0,x0,0	  x0:0x00000000
        8185000	       817	80000ef4	00000013	addi	x0,x0,0	  x0:0x00000000
        8195000	       818	80000ef8	02eb9a63	bne	x23,x14,80000f2c	 x23:0x0000020d x14:0x80009f84
        8205000	       819	00000000	00000013	addi	x0,x0,0	  x0:0x00000000
        8215000	       820	80000f28	00000013	addi	x0,x0,0	  x0:0x00000000
        8225000	       821	80000f2c	02b44a63	blt	x8,x11,80000f60	  x8:0x80009fc4 x11:0x00000000
        8235000	       822	00000000	00000013	addi	x0,x0,0	  x0:0x00000000
        8245000	       823	80000f5c	00000013	addi	x0,x0,0	  x0:0x00000000
        8255000	       824	80000f60	fb382493	slti	x9,x16,-77	 x16:0xfacd5a50  x9=0x00000001
        8265000	       825	80000f64	47717d17	auipc	x26,0x47717	 x26=0xc7717f60
        8275000	       826	80000f68	cfd92113	slti	x2,x18,-771	 x18:0x00000000  x2=0x00000000
        8285000	       827	80000f6c	a39dad17	auipc	x26,0xa39da	 x26=0x239daf68
        8295000	       828	80000f70	62010e93	addi	x29,x2,1568	  x2:0x00000000 x29=0x00000620
        8305000	       829	80000f74	c58a0693	addi	x13,x20,-936	 x20:0x6b9ba92c x13=0x6b9ba584
        8315000	       830	80000f78	04ed4863	blt	x26,x14,80000fc8	 x26:0x239daf68 x14:0x80009f84
        8325000	       831	80000f7c	ba6ecc93	xori	x25,x29,-1114	 x29:0x00000620 x25=0xfffffd86
        8335000	       832	80000f80	464d2f93	slti	x31,x26,1124	 x26:0x239daf68 x31=0x00000000
        8345000	       833	80000f84	00ba8c63	beq	x21,x11,80000f9c	 x21:0xd37b3a30 x11:0x00000000
        8355000	       834	80000f88	0068a733	slt	x14,x17,x6	 x17:0x00000000  x6:0x00000000 x14=0x00000000
        8365000	       835	80000f8c	0190c663	blt	x1,x25,80000f98	  x1:0x80009f84 x25:0xfffffd86
        8375000	       836	00000000	00000013	addi	x0,x0,0	  x0:0x00000000
        8385000	       837	80000f94	00000013	addi	x0,x0,0	  x0:0x00000000
        8395000	       838	80000f98	03ddd263	bge	x27,x29,80000fbc	 x27:0xd37b3a30 x29:0x00000620
        8405000	       839	80000f9c	00a3c5b3	xor	x11,x7,x10	  x7:0x00000001 x10:0x00006b9b x11=0x00006b9a
        8415000	       840	80000fa0	0177a493	slti	x9,x15,23	 x15:0x00000000  x9=0x00000001
        8425000	       841	80000fa4	01f318b3	sll	x17,x6,x31	  x6:0x00000000 x31:0x00000000 x17=0x00000000
        8435000	       842	80000fa8	01e325b3	slt	x11,x6,x30	  x6:0x00000000 x30:0x00000000 x11=0x00000000
        8445000	       843	80000fac	01076db3	or	x27,x14,x16	 x14:0x00000000 x16:0xfacd5a50 x27=0xfacd5a50
        8455000	       844	80000fb0	b3b59b37	lui	x22,0xb3b59	 x22=0xb3b59000
        8465000	       845	80000fb4	025c5663	bge	x24,x5,80000fe0	 x24:0x00000000  x5:0x80008692
        8475000	       846	00000000	00000013	addi	x0,x0,0	  x0:0x00000000
        8485000	       847	80000fdc	00000013	addi	x0,x0,0	  x0:0x00000000
        8495000	       848	80000fe0	0361d263	bge	x3,x22,80001004	  x3:0x2623bdfe x22:0xb3b59000
        8505000	       849	00000000	00000013	addi	x0,x0,0	  x0:0x00000000
        8515000	       850	80001000	00000013	addi	x0,x0,0	  x0:0x00000000
        8525000	       851	80001004	00dfbb33	sltu	x22,x31,x13	 x31:0x00000000 x13:0x6b9ba584 x22=0x00000001
        8535000	       852	80001008	013e1393	slli	x7,x28,0x13	 x28:0x8000a41a  x7=0x20d00000
        8545000	       853	8000100c	41b90b33	sub	x22,x18,x27	 x18:0x00000000 x27:0xfacd5a50 x22=0x0532a5b0
        8555000	       854	80001010	01925a33	srl	x20,x4,x25	  x4:0xfffffffb x25:0xfffffd86 x20=0x03ffffff
        8565000	       855	80001014	b3cd9017	auipc	x0,0xb3cd9	
        8575000	       856	80001018	306ab713	sltiu	x14,x21,774	 x21:0xd37b3a30 x14=0x00000000
        8585000	       857	8000101c	01de1793	slli	x15,x28,0x1d	 x28:0x8000a41a x15=0x40000000
        8595000	       858	80001020	414d5c93	srai	x25,x26,0x14	 x26:0x239daf68 x25=0x00000239
        8605000	       859	80001024	00772233	slt	x4,x14,x7	 x14:0x00000000  x7:0x20d00000  x4=0x00000001
        8615000	       860	80001028	a55aaf13	slti	x30,x21,-1451	 x21:0xd37b3a30 x30=0x00000001
        8625000	       861	8000102c	01022cb3	slt	x25,x4,x16	  x4:0x00000001 x16:0xfacd5a50 x25=0x00000000
        8635000	       862	80001030	0727f263	bgeu	x15,x18,80001094	 x15:0x40000000 x18:0x00000000
        8645000	       863	00000000	00000013	addi	x0,x0,0	  x0:0x00000000
        8655000	       864	80001090	00000013	addi	x0,x0,0	  x0:0x00000000
        8665000	       865	80001094	0824a513	slti	x10,x9,130	  x9:0x00000001 x10=0x00000001
        8675000	       866	80001098	0098c2b3	xor	x5,x17,x9	 x17:0x00000000  x9:0x00000001  x5=0x00000001
        8685000	       867	8000109c	0173edb3	or	x27,x7,x23	  x7:0x20d00000 x23:0x0000020d x27=0x20d0020d
        8695000	       868	800010a0	01843b33	sltu	x22,x8,x24	  x8:0x80009fc4 x24:0x00000000 x22=0x00000000
        8705000	       869	800010a4	000b2f33	slt	x30,x22,x0	 x22:0x00000000  x0:0x00000000 x30=0x00000000
        8715000	       870	800010a8	ee325017	auipc	x0,0xee325	
        8725000	       871	800010ac	00581663	bne	x16,x5,800010b8	 x16:0xfacd5a50  x5:0x00000001
        8735000	       872	00000000	00000013	addi	x0,x0,0	  x0:0x00000000
        8745000	       873	800010b4	00000013	addi	x0,x0,0	  x0:0x00000000
        8755000	       874	800010b8	07ecd663	bge	x25,x30,80001124	 x25:0x00000000 x30:0x00000000
        8765000	       875	00000000	00000013	addi	x0,x0,0	  x0:0x00000000
        8775000	       876	80001120	00000013	addi	x0,x0,0	  x0:0x00000000
        8785000	       877	80001124	c9d7c993	xori	x19,x15,-867	 x15:0x40000000 x19=0xbffffc9d
        8795000	       878	80001128	014e9713	slli	x14,x29,0x14	 x29:0x00000620 x14=0x62000000
        8805000	       879	8000112c	d6dd8517	auipc	x10,0xd6dd8	 x10=0x56dd9128
        8815000	       880	80001130	00fa62b3	or	x5,x20,x15	 x20:0x03ffffff x15:0x40000000  x5=0x43ffffff
        8825000	       881	80001134	b86f44b7	lui	x9,0xb86f4	  x9=0xb86f4000
        8835000	       882	80001138	5de36f93	ori	x31,x6,1502	  x6:0x00000000 x31=0x000005de
        8845000	       883	8000113c	d3dd2893	slti	x17,x26,-707	 x26:0x239daf68 x17=0x00000000
        8855000	       884	80001140	01aa55b3	srl	x11,x20,x26	 x20:0x03ffffff x26:0x239daf68 x11=0x0003ffff
        8865000	       885	80001144	033e9e63	bne	x29,x19,80001180	 x29:0x00000620 x19:0xbffffc9d
        8875000	       886	00000000	00000013	addi	x0,x0,0	  x0:0x00000000
        8885000	       887	8000117c	00000013	addi	x0,x0,0	  x0:0x00000000
        8895000	       888	80001180	008f1f13	slli	x30,x30,0x8	 x30:0x00000000 x30=0x00000000
        8905000	       889	80001184	01e966b3	or	x13,x18,x30	 x18:0x00000000 x30:0x00000000 x13=0x00000000
        8915000	       890	80001188	51672e93	slti	x29,x14,1302	 x14:0x62000000 x29=0x00000000
        8925000	       891	8000118c	05de0463	beq	x28,x29,800011d4	 x28:0x8000a41a x29:0x00000000
        8935000	       892	80001190	f1377937	lui	x18,0xf1377	 x18=0xf1377000
        8945000	       893	80001194	05518463	beq	x3,x21,800011dc	  x3:0x2623bdfe x21:0xd37b3a30
        8955000	       894	80001198	867ee5b7	lui	x11,0x867ee	 x11=0x867ee000
        8965000	       895	8000119c	0ce14f13	xori	x30,x2,206	  x2:0x00000000 x30=0x000000ce
        8975000	       896	800011a0	3ea04c13	xori	x24,x0,1002	  x0:0x00000000 x24=0x000003ea
        8985000	       897	800011a4	00cfdc13	srli	x24,x31,0xc	 x31:0x000005de x24=0x00000000
        8995000	       898	800011a8	40e80d33	sub	x26,x16,x14	 x16:0xfacd5a50 x14:0x62000000 x26=0x98cd5a50
        9005000	       899	800011ac	7a076713	ori	x14,x14,1952	 x14:0x62000000 x14=0x620007a0
        9015000	       900	800011b0	0155d463	bge	x11,x21,800011b8	 x11:0x867ee000 x21:0xd37b3a30
        9025000	       901	800011b4	0549f863	bgeu	x19,x20,80001204	 x19:0xbffffc9d x20:0x03ffffff
        9035000	       902	00000000	00000013	addi	x0,x0,0	  x0:0x00000000
        9045000	       903	80001200	00000013	addi	x0,x0,0	  x0:0x00000000
        9055000	       904	80001204	40ce5993	srai	x19,x28,0xc	 x28:0x8000a41a x19=0xfff8000a
        9065000	       905	80001208	00e01663	bne	x0,x14,80001214	  x0:0x00000000 x14:0x620007a0
        9075000	       906	00000000	00000013	addi	x0,x0,0	  x0:0x00000000
        9085000	       907	80001210	00000013	addi	x0,x0,0	  x0:0x00000000
        9095000	       908	80001214	3db9c013	xori	x0,x19,987	 x19:0xfff8000a
        9105000	       909	80001218	419c5f93	srai	x31,x24,0x19	 x24:0x00000000 x31=0x00000000
        9115000	       910	8000121c	034d1263	bne	x26,x20,80001240	 x26:0x98cd5a50 x20:0x03ffffff
        9125000	       911	00000000	00000013	addi	x0,x0,0	  x0:0x00000000
        9135000	       912	8000123c	00000013	addi	x0,x0,0	  x0:0x00000000
        9145000	       913	80001240	019a1db3	sll	x27,x20,x25	 x20:0x03ffffff x25:0x00000000 x27=0x03ffffff
        9155000	       914	80001244	03bfaa37	lui	x20,0x3bfa	 x20=0x03bfa000
        9165000	       915	80001248	00d49093	slli	x1,x9,0xd	  x9:0xb86f4000  x1=0xe8000000
        9175000	       916	8000124c	03194663	blt	x18,x17,80001278	 x18:0xf1377000 x17:0x00000000
        9185000	       917	00000000	00000013	addi	x0,x0,0	  x0:0x00000000
        9195000	       918	80001274	00000013	addi	x0,x0,0	  x0:0x00000000
        9205000	       919	80001278	01245c13	srli	x24,x8,0x12	  x8:0x80009fc4 x24=0x00002000
        9215000	       920	8000127c	01be86b3	add	x13,x29,x27	 x29:0x00000000 x27:0x03ffffff x13=0x03ffffff
        9225000	       921	80001280	02364663	blt	x12,x3,800012ac	 x12:0x80009f84  x3:0x2623bdfe
        9235000	       922	00000000	00000013	addi	x0,x0,0	  x0:0x00000000
        9245000	       923	800012a8	00000013	addi	x0,x0,0	  x0:0x00000000
        9255000	       924	800012ac	c1f2a013	slti	x0,x5,-993	  x5:0x43ffffff
        9265000	       925	800012b0	00366c33	or	x24,x12,x3	 x12:0x80009f84  x3:0x2623bdfe x24=0xa623bffe
        9275000	       926	800012b4	011d9e33	sll	x28,x27,x17	 x27:0x03ffffff x17:0x00000000 x28=0x03ffffff
        9285000	       927	800012b8	1b964c17	auipc	x24,0x1b964	 x24=0x9b9652b4
        9295000	       928	800012bc	00e15713	srli	x14,x2,0xe	  x2:0x00000000 x14=0x00000000
        9305000	       929	800012c0	8c052c93	slti	x25,x10,-1856	 x10:0x56dd9128 x25=0x00000000
        9315000	       930	800012c4	00a41a33	sll	x20,x8,x10	  x8:0x80009fc4 x10:0x56dd9128 x20=0x009fc400
        9325000	       931	800012c8	01d1e9b3	or	x19,x3,x29	  x3:0x2623bdfe x29:0x00000000 x19=0x2623bdfe
        9335000	       932	800012cc	f720fb93	andi	x23,x1,-142	  x1:0xe8000000 x23=0xe8000000
        9345000	       933	800012d0	00ffefb3	or	x31,x31,x15	 x31:0x00000000 x15:0x40000000 x31=0x40000000
        9355000	       934	800012d4	00000013	addi	x0,x0,0	  x0:0x00000000
        9365000	       935	800012d8	40135bb3	sra	x23,x6,x1	  x6:0x00000000  x1:0xe8000000 x23=0x00000000
        9375000	       936	800012dc	40888cb3	sub	x25,x17,x8	 x17:0x00000000  x8:0x80009fc4 x25=0x7fff603c
        9385000	       937	800012e0	00000013	addi	x0,x0,0	  x0:0x00000000
        9395000	       938	800012e4	00e9a533	slt	x10,x19,x14	 x19:0x2623bdfe x14:0x00000000 x10=0x00000000
        9405000	       939	800012e8	4013d1b3	sra	x3,x7,x1	  x7:0x20d00000  x1:0xe8000000  x3=0x20d00000
        9415000	       940	800012ec	054cd263	bge	x25,x20,80001330	 x25:0x7fff603c x20:0x009fc400
        9425000	       941	00000000	00000013	addi	x0,x0,0	  x0:0x00000000
        9435000	       942	8000132c	00000013	addi	x0,x0,0	  x0:0x00000000
        9445000	       943	80001330	00975393	srli	x7,x14,0x9	 x14:0x00000000  x7=0x00000000
        9455000	       944	80001334	01054333	xor	x6,x10,x16	 x10:0x00000000 x16:0xfacd5a50  x6=0xfacd5a50
        9465000	       945	80001338	afb048b7	lui	x17,0xafb04	 x17=0xafb04000
        9475000	       946	8000133c	4175db93	srai	x23,x11,0x17	 x11:0x867ee000 x23=0xffffff0c
        9485000	       947	80001340	00eaf463	bgeu	x21,x14,80001348	 x21:0xd37b3a30 x14:0x00000000
        9495000	       948	00000000	00000013	addi	x0,x0,0	  x0:0x00000000
        9505000	       949	80001344	00000013	addi	x0,x0,0	  x0:0x00000000
        9515000	       950	80001348	00fd00b3	add	x1,x26,x15	 x26:0x98cd5a50 x15:0x40000000  x1=0xd8cd5a50
        9525000	       951	8000134c	5e5f8213	addi	x4,x31,1509	 x31:0x40000000  x4=0x400005e5
        9535000	       952	80001350	f14ed217	auipc	x4,0xf14ed	  x4=0x714ee34c
        9545000	       953	80001354	e7f0dd37	lui	x26,0xe7f0d	 x26=0xe7f0d000
        9555000	       954	80001358	00f08233	add	x4,x1,x15	  x1:0xd8cd5a50 x15:0x40000000  x4=0x18cd5a50
        9565000	       955	8000135c	40488ab3	sub	x21,x17,x4	 x17:0xafb04000  x4:0x18cd5a50 x21=0x96e2e5b0
        9575000	       956	80001360	0175cc63	blt	x11,x23,80001378	 x11:0x867ee000 x23:0xffffff0c
        9585000	       957	00000000	00000013	addi	x0,x0,0	  x0:0x00000000
        9595000	       958	80001374	00000013	addi	x0,x0,0	  x0:0x00000000
        9605000	       959	80001378	5aeec897	auipc	x17,0x5aeec	 x17=0xdaeed374
        9615000	       960	8000137c	41fc0ab3	sub	x21,x24,x31	 x24:0x9b9652b4 x31:0x40000000 x21=0x5b9652b4
        9625000	       961	80001380	00796ab3	or	x21,x18,x7	 x18:0xf1377000  x7:0x00000000 x21=0xf1377000
        9635000	       962	80001384	a9186593	ori	x11,x16,-1391	 x16:0xfacd5a50 x11=0xfffffad1
        9645000	       963	80001388	17f58913	addi	x18,x11,383	 x11:0xfffffad1 x18=0xfffffc50
        9655000	       964	8000138c	004e86b3	add	x13,x29,x4	 x29:0x00000000  x4:0x18cd5a50 x13=0x18cd5a50
        9665000	       965	80001390	81920e13	addi	x28,x4,-2023	  x4:0x18cd5a50 x28=0x18cd5269
        9675000	       966	80001394	00a63c33	sltu	x24,x12,x10	 x12:0x80009f84 x10:0x00000000 x24=0x00000000
        9685000	       967	80001398	01179713	slli	x14,x15,0x11	 x15:0x40000000 x14=0x00000000
        9695000	       968	8000139c	4178dbb3	sra	x23,x17,x23	 x17:0xdaeed374 x23:0xffffff0c x23=0xfffdaeed
        9705000	       969	800013a0	0014d093	srli	x1,x9,0x1	  x9:0xb86f4000  x1=0x5c37a000
        9715000	       970	800013a4	74756893	ori	x17,x10,1863	 x10:0x00000000 x17=0x00000747
        9725000	       971	800013a8	002aa4b3	slt	x9,x21,x2	 x21:0xf1377000  x2:0x00000000  x9=0x00000001
        9735000	       972	800013ac	00939cb3	sll	x25,x7,x9	  x7:0x00000000  x9:0x00000001 x25=0x00000000
        9745000	       973	800013b0	010a9e93	slli	x29,x21,0x10	 x21:0xf1377000 x29=0x70000000
        9755000	       974	800013b4	015be8b3	or	x17,x23,x21	 x23:0xfffdaeed x21:0xf1377000 x17=0xfffffeed
        9765000	       975	800013b8	4248a493	slti	x9,x17,1060	 x17:0xfffffeed  x9=0x00000001
        9775000	       976	800013bc	00cb9663	bne	x23,x12,800013c8	 x23:0xfffdaeed x12:0x80009f84
        9785000	       977	00000000	00000013	addi	x0,x0,0	  x0:0x00000000
        9795000	       978	800013c4	00000013	addi	x0,x0,0	  x0:0x00000000
        9805000	       979	800013c8	01854263	blt	x10,x24,800013cc	 x10:0x00000000 x24:0x00000000
        9815000	       980	800013cc	0111e5b3	or	x11,x3,x17	  x3:0x20d00000 x17:0xfffffeed x11=0xfffffeed
        9825000	       981	800013d0	40c9df13	srai	x30,x19,0xc	 x19:0x2623bdfe x30=0x0002623b
        9835000	       982	800013d4	415603b3	sub	x7,x12,x21	 x12:0x80009f84 x21:0xf1377000  x7=0x8ec92f84
        9845000	       983	800013d8	00000013	addi	x0,x0,0	  x0:0x00000000
        9855000	       984	800013dc	0088ccb3	xor	x25,x17,x8	 x17:0xfffffeed  x8:0x80009fc4 x25=0x7fff6129
        9865000	       985	800013e0	0064f133	and	x2,x9,x6	  x9:0x00000001  x6:0xfacd5a50  x2=0x00000000
        9875000	       986	800013e4	00976533	or	x10,x14,x9	 x14:0x00000000  x9:0x00000001 x10=0x00000001
        9885000	       987	800013e8	bb3cf513	andi	x10,x25,-1101	 x25:0x7fff6129 x10=0x7fff6121
        9895000	       988	800013ec	00ae72b3	and	x5,x28,x10	 x28:0x18cd5269 x10:0x7fff6121  x5=0x18cd4021
        9905000	       989	800013f0	05f1f263	bgeu	x3,x31,80001434	  x3:0x20d00000 x31:0x40000000
        9915000	       990	800013f4	00559013	slli	x0,x11,0x5	 x11:0xfffffeed
        9925000	       991	800013f8	01d228b3	slt	x17,x4,x29	  x4:0x18cd5a50 x29:0x70000000 x17=0x00000001
        9935000	       992	800013fc	4162db13	srai	x22,x5,0x16	  x5:0x18cd4021 x22=0x00000063
        9945000	       993	80001400	403255b3	sra	x11,x4,x3	  x4:0x18cd5a50  x3:0x20d00000 x11=0x18cd5a50
        9955000	       994	80001404	4107db33	sra	x22,x15,x16	 x15:0x40000000 x16:0xfacd5a50 x22=0x00004000
        9965000	       995	80001408	03e01863	bne	x0,x30,80001438	  x0:0x00000000 x30:0x0002623b
        9975000	       996	00000000	00000013	addi	x0,x0,0	  x0:0x00000000
        9985000	       997	80001434	00000013	addi	x0,x0,0	  x0:0x00000000
        9995000	       998	80001438	00000013	addi	x0,x0,0	  x0:0x00000000
       10005000	       999	8000143c	01432e33	slt	x28,x6,x20	  x6:0xfacd5a50 x20:0x009fc400 x28=0x00000001
       10015000	      1000	80001440	41ed87b3	sub	x15,x27,x30	 x27:0x03ffffff x30:0x0002623b x15=0x03fd9dc4
       10025000	      1001	80001444	0187f6b3	and	x13,x15,x24	 x15:0x03fd9dc4 x24:0x00000000 x13=0x00000000
       10035000	      1002	80001448	00827033	and	x0,x4,x8	  x4:0x18cd5a50  x8:0x80009fc4
       10045000	      1003	8000144c	00161233	sll	x4,x12,x1	 x12:0x80009f84  x1:0x5c37a000  x4=0x80009f84
       10055000	      1004	80001450	00000013	addi	x0,x0,0	  x0:0x00000000
       10065000	      1005	80001454	43a12893	slti	x17,x2,1082	  x2:0x00000000 x17=0x00000001
       10075000	      1006	80001458	036a4263	blt	x20,x22,8000147c	 x20:0x009fc400 x22:0x00004000
       10085000	      1007	8000145c	016d1133	sll	x2,x26,x22	 x26:0xe7f0d000 x22:0x00004000  x2=0xe7f0d000
       10095000	      1008	80001460	2099e493	ori	x9,x19,521	 x19:0x2623bdfe  x9=0x2623bfff
       10105000	      1009	80001464	41a05db3	sra	x27,x0,x26	  x0:0x00000000 x26:0xe7f0d000 x27=0x00000000
       10115000	      1010	80001468	40f283b3	sub	x7,x5,x15	  x5:0x18cd4021 x15:0x03fd9dc4  x7=0x14cfa25d
       10125000	      1011	8000146c	008c8933	add	x18,x25,x8	 x25:0x7fff6129  x8:0x80009fc4 x18=0x000000ed
       10135000	      1012	80001470	014b6133	or	x2,x22,x20	 x22:0x00004000 x20:0x009fc400  x2=0x009fc400
       10145000	      1013	80001474	0071bcb3	sltu	x25,x3,x7	  x3:0x20d00000  x7:0x14cfa25d x25=0x00000000
       10155000	      1014	80001478	01e29d93	slli	x27,x5,0x1e	  x5:0x18cd4021 x27=0x40000000
       10165000	      1015	8000147c	a58ecd93	xori	x27,x29,-1448	 x29:0x70000000 x27=0x8ffffa58
       10175000	      1016	80001480	03ed8263	beq	x27,x30,800014a4	 x27:0x8ffffa58 x30:0x0002623b
       10185000	      1017	80001484	40fe0db3	sub	x27,x28,x15	 x28:0x00000001 x15:0x03fd9dc4 x27=0xfc02623d
       10195000	      1018	80001488	05ca5863	bge	x20,x28,800014d8	 x20:0x009fc400 x28:0x00000001
       10205000	      1019	00000000	00000013	addi	x0,x0,0	  x0:0x00000000
       10215000	      1020	800014d4	00000013	addi	x0,x0,0	  x0:0x00000000
       10225000	      1021	800014d8	d31bbb93	sltiu	x23,x23,-719	 x23:0xfffdaeed x23=0x00000001
       10235000	      1022	800014dc	40d3d9b3	sra	x19,x7,x13	  x7:0x14cfa25d x13:0x00000000 x19=0x14cfa25d
       10245000	      1023	800014e0	0540f463	bgeu	x1,x20,80001528	  x1:0x5c37a000 x20:0x009fc400
       10255000	      1024	00000000	00000013	addi	x0,x0,0	  x0:0x00000000
       10265000	      1025	80001524	00000013	addi	x0,x0,0	  x0:0x00000000
       10275000	      1026	80001528	8cce6293	ori	x5,x28,-1844	 x28:0x00000001  x5=0xfffff8cd
       10285000	      1027	8000152c	d6bc6b37	lui	x22,0xd6bc6	 x22=0xd6bc6000
       10295000	      1028	80001530	03c50a63	beq	x10,x28,80001564	 x10:0x7fff6121 x28:0x00000001
       10305000	      1029	80001534	e5ee5f37	lui	x30,0xe5ee5	 x30=0xe5ee5000
       10315000	      1030	80001538	0d850f13	addi	x30,x10,216	 x10:0x7fff6121 x30=0x7fff61f9
       10325000	      1031	8000153c	00ad22b3	slt	x5,x26,x10	 x26:0xe7f0d000 x10:0x7fff6121  x5=0x00000001
       10335000	      1032	80001540	bd70fe93	andi	x29,x1,-1065	  x1:0x5c37a000 x29=0x5c37a000
       10345000	      1033	80001544	00d8d033	srl	x0,x17,x13	 x17:0x00000001 x13:0x00000000
       10355000	      1034	80001548	00000013	addi	x0,x0,0	  x0:0x00000000
       10365000	      1035	8000154c	012616b3	sll	x13,x12,x18	 x12:0x80009f84 x18:0x000000ed x13=0x13f08000
       10375000	      1036	80001550	00eb3f33	sltu	x30,x22,x14	 x22:0xd6bc6000 x14:0x00000000 x30=0x00000000
       10385000	      1037	80001554	008a03b3	add	x7,x20,x8	 x20:0x009fc400  x8:0x80009fc4  x7=0x80a063c4
       10395000	      1038	80001558	02806063	bltu	x0,x8,80001578	  x0:0x00000000  x8:0x80009fc4
       10405000	      1039	00000000	00000013	addi	x0,x0,0	  x0:0x00000000
       10415000	      1040	80001574	00000013	addi	x0,x0,0	  x0:0x00000000
       10425000	      1041	80001578	0106c6b3	xor	x13,x13,x16	 x13:0x13f08000 x16:0xfacd5a50 x13=0xe93dda50
       10435000	      1042	8000157c	00000817	auipc	x16,0x0	 x16=0x80001578
       10445000	      1043	80001580	00c80813	addi	x16,x16,12	 x16:0x80001578 x16=0x80001584
       10455000	      1044	80001584	00080067	jalr	x0,x16,0	 x16:0x80001584
       10465000	      1045	00000000	00000013	addi	x0,x0,0	  x0:0x00000000
       10475000	      1046	80001584	00000013	addi	x0,x0,0	  x0:0x00000000
       10485000	      1047	80001588	00100193	addi	x3,x0,1	  x0:0x00000000  x3=0x00000001
       10495000	      1048	8000158c	00000073	ecall	
       10505000	      1049	80001590	01cf0e33	add	x28,x30,x28	 x30:0x00000000 x28:0x00000001 x28=0x00000001
