		Time			Cycle	PC		Insn	Decoded instruction	Register and memory contents
          65000	         5	80000004	00000293	addi	x5,x0,0	  x0:0x00000000  x5=0x00000000
          75000	         6	80000008	00000313	addi	x6,x0,0	  x0:0x00000000  x6=0x00000000
          85000	         7	8000000c	00628263	beq	x5,x6,80000010	  x5:0x00000000  x6:0x00000000
          95000	         8	00000000	00000013	addi	x0,x0,0	  x0:0x00000000
         105000	         9	8000000c	00000013	addi	x0,x0,0	  x0:0x00000000
         115000	        10	80000010	00000117	auipc	x2,0x0	  x2=0x8000000c
         125000	        11	80000014	00c10113	addi	x2,x2,12	  x2:0x8000000c  x2=0x80000018
         135000	        12	80000018	00010067	jalr	x0,x2,0	  x2:0x80000018
         145000	        13	00000000	00000013	addi	x0,x0,0	  x0:0x00000000
         155000	        14	80000018	00000013	addi	x0,x0,0	  x0:0x00000000
         165000	        15	8000001c	400006b7	lui	x13,0x40000	 x13=0x40000000
         175000	        16	80000020	10068693	addi	x13,x13,256	 x13:0x40000000 x13=0x40000100
         185000	        17	80000024	00000013	addi	x0,x0,0	  x0:0x00000000
         195000	        18	80000028	0000a717	auipc	x14,0xa	 x14=0x8000a024
         205000	        19	8000002c	fa070713	addi	x14,x14,-96	 x14:0x8000a024 x14=0x80009fc4
         215000	        20	80000030	00002697	auipc	x13,0x2	 x13=0x8000202c
         225000	        21	80000034	f8868693	addi	x13,x13,-120	 x13:0x8000202c x13=0x80001fb4
         235000	        22	80000038	0006e693	ori	x13,x13,0	 x13:0x80001fb4 x13=0x80001fb4
         245000	        23	8000003c	00000013	addi	x0,x0,0	  x0:0x00000000
         255000	        24	80000040	00000697	auipc	x13,0x0	 x13=0x8000003c
         265000	        25	80000044	02068693	addi	x13,x13,32	 x13:0x8000003c x13=0x8000005c
         275000	        26	80000048	00000013	addi	x0,x0,0	  x0:0x00000000
         285000	        27	8000004c	00000013	addi	x0,x0,0	  x0:0x00000000
         295000	        28	80000050	000026b7	lui	x13,0x2	 x13=0x00002000
         305000	        29	80000054	80068693	addi	x13,x13,-2048	 x13:0x00002000 x13=0x00001800
         315000	        30	80000058	00000013	addi	x0,x0,0	  x0:0x00000000
         325000	        31	8000005c	00000013	addi	x0,x0,0	  x0:0x00000000
         335000	        32	80000060	80000037	lui	x0,0x80000	
         345000	        33	80000064	00000013	addi	x0,x0,0	  x0:0x00000000
         355000	        34	80000068	00600093	addi	x1,x0,6	  x0:0x00000000  x1=0x00000006
         365000	        35	8000006c	02c5a137	lui	x2,0x2c5a	  x2=0x02c5a000
         375000	        36	80000070	a2110113	addi	x2,x2,-1503	  x2:0x02c5a000  x2=0x02c59a21
         385000	        37	80000074	f19a61b7	lui	x3,0xf19a6	  x3=0xf19a6000
         395000	        38	80000078	35818193	addi	x3,x3,856	  x3:0xf19a6000  x3=0xf19a6358
         405000	        39	8000007c	239d2237	lui	x4,0x239d2	  x4=0x239d2000
         415000	        40	80000080	37420213	addi	x4,x4,884	  x4:0x239d2000  x4=0x239d2374
         425000	        41	80000084	53ef52b7	lui	x5,0x53ef5	  x5=0x53ef5000
         435000	        42	80000088	e0f28293	addi	x5,x5,-497	  x5:0x53ef5000  x5=0x53ef4e0f
         445000	        43	8000008c	00200313	addi	x6,x0,2	  x0:0x00000000  x6=0x00000002
         455000	        44	80000090	800003b7	lui	x7,0x80000	  x7=0x80000000
         465000	        45	80000094	20297437	lui	x8,0x20297	  x8=0x20297000
         475000	        46	80000098	0b240413	addi	x8,x8,178	  x8:0x20297000  x8=0x202970b2
         485000	        47	8000009c	00e00493	addi	x9,x0,14	  x0:0x00000000  x9=0x0000000e
         495000	        48	800000a0	00a00513	addi	x10,x0,10	  x0:0x00000000 x10=0x0000000a
         505000	        49	800000a4	5586b5b7	lui	x11,0x5586b	 x11=0x5586b000
         515000	        50	800000a8	9f458593	addi	x11,x11,-1548	 x11:0x5586b000 x11=0x5586a9f4
         525000	        51	800000ac	5166c637	lui	x12,0x5166c	 x12=0x5166c000
         535000	        52	800000b0	8ca60613	addi	x12,x12,-1846	 x12:0x5166c000 x12=0x5166b8ca
         545000	        53	800000b4	00200693	addi	x13,x0,2	  x0:0x00000000 x13=0x00000002
         555000	        54	800000b8	00100793	addi	x15,x0,1	  x0:0x00000000 x15=0x00000001
         565000	        55	800000bc	00800813	addi	x16,x0,8	  x0:0x00000000 x16=0x00000008
         575000	        56	800000c0	800008b7	lui	x17,0x80000	 x17=0x80000000
         585000	        57	800000c4	80000937	lui	x18,0x80000	 x18=0x80000000
         595000	        58	800000c8	f37839b7	lui	x19,0xf3783	 x19=0xf3783000
         605000	        59	800000cc	d6998993	addi	x19,x19,-663	 x19:0xf3783000 x19=0xf3782d69
         615000	        60	800000d0	fe395a37	lui	x20,0xfe395	 x20=0xfe395000
         625000	        61	800000d4	0f1a0a13	addi	x20,x20,241	 x20:0xfe395000 x20=0xfe3950f1
         635000	        62	800000d8	00000a93	addi	x21,x0,0	  x0:0x00000000 x21=0x00000000
         645000	        63	800000dc	f3de8b37	lui	x22,0xf3de8	 x22=0xf3de8000
         655000	        64	800000e0	5d8b0b13	addi	x22,x22,1496	 x22:0xf3de8000 x22=0xf3de85d8
         665000	        65	800000e4	00000b93	addi	x23,x0,0	  x0:0x00000000 x23=0x00000000
         675000	        66	800000e8	0fef5c37	lui	x24,0xfef5	 x24=0x0fef5000
         685000	        67	800000ec	a06c0c13	addi	x24,x24,-1530	 x24:0x0fef5000 x24=0x0fef4a06
         695000	        68	800000f0	00000d13	addi	x26,x0,0	  x0:0x00000000 x26=0x00000000
         705000	        69	800000f4	00000d93	addi	x27,x0,0	  x0:0x00000000 x27=0x00000000
         715000	        70	800000f8	80000e37	lui	x28,0x80000	 x28=0x80000000
         725000	        71	800000fc	00000e93	addi	x29,x0,0	  x0:0x00000000 x29=0x00000000
         735000	        72	80000100	f418bf37	lui	x30,0xf418b	 x30=0xf418b000
         745000	        73	80000104	fcaf0f13	addi	x30,x30,-54	 x30:0xf418b000 x30=0xf418afca
         755000	        74	80000108	80000fb7	lui	x31,0x80000	 x31=0x80000000
         765000	        75	8000010c	0000ac97	auipc	x25,0xa	 x25=0x8000a108
         775000	        76	80000110	e7cc8c93	addi	x25,x25,-388	 x25:0x8000a108 x25=0x80009f84
         785000	        77	80000114	00008897	auipc	x17,0x8	 x17=0x80008110
         795000	        78	80000118	58888893	addi	x17,x17,1416	 x17:0x80008110 x17=0x80008698
         805000	        79	8000011c	05d88183	lb	x3,93(x17)	 x17:0x80008698  x3=0xffffffae PA:0x800086f5
         815000	        80	80000120	05d88e03	lb	x28,93(x17)	 x17:0x80008698 x28=0xffffffae PA:0x800086f5
         825000	        81	80000124	05d88483	lb	x9,93(x17)	 x17:0x80008698  x9=0xffffffae PA:0x800086f5
         835000	        82	80000128	05d88b83	lb	x23,93(x17)	 x17:0x80008698 x23=0xffffffae PA:0x800086f5
         845000	        83	8000012c	d18de193	ori	x3,x27,-744	 x27:0x00000000  x3=0xfffffd18
         855000	        84	80000130	05e88ea3	sb	x30,93(x17)	 x17:0x80008698 x30:0xf418afca PA:0x800086f5
         865000	        85	80000134	05d8c683	lbu	x13,93(x17)	 x17:0x80008698 x13=0x000000ca PA:0x800086f5
         875000	        86	80000138	f413f213	andi	x4,x7,-191	  x7:0x80000000  x4=0x80000000
         885000	        87	8000013c	a3bdce13	xori	x28,x27,-1477	 x27:0x00000000 x28=0xfffffa3b
         895000	        88	80000140	05d8c483	lbu	x9,93(x17)	 x17:0x80008698  x9=0x000000ca PA:0x800086f5
         905000	        89	80000144	05288ea3	sb	x18,93(x17)	 x17:0x80008698 x18:0x80000000 PA:0x800086f5
         915000	        90	80000148	00b89633	sll	x12,x17,x11	 x17:0x80008698 x11:0x5586a9f4 x12=0x69800000
         925000	        91	8000014c	00482b33	slt	x22,x16,x4	 x16:0x00000008  x4:0x80000000 x22=0x00000000
         935000	        92	80000150	05d88b83	lb	x23,93(x17)	 x17:0x80008698 x23=0x00000000 PA:0x800086f5
         945000	        93	80000154	05188ea3	sb	x17,93(x17)	 x17:0x80008698 x17:0x80008698 PA:0x800086f5
         955000	        94	80000158	05988ea3	sb	x25,93(x17)	 x17:0x80008698 x25:0x80009f84 PA:0x800086f5
         965000	        95	8000015c	05d8cd03	lbu	x26,93(x17)	 x17:0x80008698 x26=0x00000084 PA:0x800086f5
         975000	        96	00000000	00000013	addi	x0,x0,0	  x0:0x00000000
         985000	        97	80000160	01a14633	xor	x12,x2,x26	  x2:0x02c59a21 x26:0x00000084 x12=0x02c59aa5
         995000	        98	80000164	05d8c503	lbu	x10,93(x17)	 x17:0x80008698 x10=0x00000084 PA:0x800086f5
        1005000	        99	80000168	05b88ea3	sb	x27,93(x17)	 x17:0x80008698 x27:0x00000000 PA:0x800086f5
        1015000	       100	8000016c	05d8c403	lbu	x8,93(x17)	 x17:0x80008698  x8=0x00000000 PA:0x800086f5
        1025000	       101	80000170	418a0633	sub	x12,x20,x24	 x20:0xfe3950f1 x24:0x0fef4a06 x12=0xee4a06eb
        1035000	       102	80000174	05888ea3	sb	x24,93(x17)	 x17:0x80008698 x24:0x0fef4a06 PA:0x800086f5
        1045000	       103	80000178	00009f97	auipc	x31,0x9	 x31=0x80009174
        1055000	       104	8000017c	c82f8f93	addi	x31,x31,-894	 x31:0x80009174 x31=0x80008df6
        1065000	       105	80000180	4d113b13	sltiu	x22,x2,1233	  x2:0x02c59a21 x22=0x00000000
        1075000	       106	80000184	01f99693	slli	x13,x19,0x1f	 x19:0xf3782d69 x13=0x80000000
        1085000	       107	80000188	0017fdb3	and	x27,x15,x1	 x15:0x00000001  x1:0x00000006 x27=0x00000000
        1095000	       108	8000018c	00000013	addi	x0,x0,0	  x0:0x00000000
        1105000	       109	80000190	41098db3	sub	x27,x19,x16	 x19:0xf3782d69 x16:0x00000008 x27=0xf3782d61
        1115000	       110	80000194	d3cfa723	sw	x28,-722(x31)	 x31:0x80008df6 x28:0xfffffa3b PA:0x80008b24
        1125000	       111	80000198	d61fc283	lbu	x5,-671(x31)	 x31:0x80008df6  x5=0x0000003c PA:0x80008b57
        1135000	       112	8000019c	01355233	srl	x4,x10,x19	 x10:0x00000084 x19:0xf3782d69  x4=0x00000000
        1145000	       113	800001a0	01762d33	slt	x26,x12,x23	 x12:0xee4a06eb x23:0x00000000 x26=0x00000001
        1155000	       114	800001a4	610f0a13	addi	x20,x30,1552	 x30:0xf418afca x20=0xf418b5da
        1165000	       115	800001a8	00000013	addi	x0,x0,0	  x0:0x00000000
        1175000	       116	800001ac	00449a33	sll	x20,x9,x4	  x9:0x000000ca  x4:0x00000000 x20=0x000000ca
        1185000	       117	800001b0	407a5b93	srai	x23,x20,0x7	 x20:0x000000ca x23=0x00000001
        1195000	       118	800001b4	c82ba493	slti	x9,x23,-894	 x23:0x00000001  x9=0x00000000
        1205000	       119	800001b8	41db5d33	sra	x26,x22,x29	 x22:0x00000000 x29:0x00000000 x26=0x00000000
        1215000	       120	800001bc	d48fc603	lbu	x12,-696(x31)	 x31:0x80008df6 x12=0x00000025 PA:0x80008b3e
        1225000	       121	800001c0	0abfcc03	lbu	x24,171(x31)	 x31:0x80008df6 x24=0x0000008a PA:0x80008ea1
        1235000	       122	800001c4	e1c77013	andi	x0,x14,-484	 x14:0x80009fc4
        1245000	       123	800001c8	cc0fc603	lbu	x12,-832(x31)	 x31:0x80008df6 x12=0x0000009d PA:0x80008ab6
        1255000	       124	800001cc	c5afc083	lbu	x1,-934(x31)	 x31:0x80008df6  x1=0x0000003b PA:0x80008a50
        1265000	       125	800001d0	a29f8a83	lb	x21,-1495(x31)	 x31:0x80008df6 x21=0x00000004 PA:0x8000881f
        1275000	       126	800001d4	ee1fc903	lbu	x18,-287(x31)	 x31:0x80008df6 x18=0x000000bc PA:0x80008cd7
        1285000	       127	00000000	00000013	addi	x0,x0,0	  x0:0x00000000
        1295000	       128	800001d8	7b2eb093	sltiu	x1,x29,1970	 x29:0x00000000  x1=0x00000001
        1305000	       129	800001dc	e96f87a3	sb	x22,-369(x31)	 x31:0x80008df6 x22:0x00000000 PA:0x80008c85
        1315000	       130	800001e0	40cc0d33	sub	x26,x24,x12	 x24:0x0000008a x12:0x0000009d x26=0xffffffed
        1325000	       131	800001e4	415781b3	sub	x3,x15,x21	 x15:0x00000001 x21:0x00000004  x3=0xfffffffd
        1335000	       132	800001e8	da1f8a23	sb	x1,-588(x31)	 x31:0x80008df6  x1:0x00000001 PA:0x80008baa
        1345000	       133	800001ec	c3bfaf23	sw	x27,-962(x31)	 x31:0x80008df6 x27:0xf3782d61 PA:0x80008a34
        1355000	       134	800001f0	f9766e13	ori	x28,x12,-105	 x12:0x0000009d x28=0xffffff9f
        1365000	       135	800001f4	012adb13	srli	x22,x21,0x12	 x21:0x00000004 x22=0x00000000
        1375000	       136	800001f8	016f8923	sb	x22,18(x31)	 x31:0x80008df6 x22:0x00000000 PA:0x80008e08
        1385000	       137	800001fc	40fc5833	sra	x16,x24,x15	 x24:0x0000008a x15:0x00000001 x16=0x00000045
        1395000	       138	80000200	ec0b7797	auipc	x15,0xec0b7	 x15=0x6c0b71fc
        1405000	       139	80000204	bbafcd03	lbu	x26,-1094(x31)	 x31:0x80008df6 x26=0x0000009b PA:0x800089b0
        1415000	       140	80000208	00a3dc33	srl	x24,x7,x10	  x7:0x80000000 x10:0x00000084 x24=0x08000000
        1425000	       141	8000020c	e20fc583	lbu	x11,-480(x31)	 x31:0x80008df6 x11=0x000000fd PA:0x80008c16
        1435000	       142	80000210	d6ef8223	sb	x14,-668(x31)	 x31:0x80008df6 x14:0x80009fc4 PA:0x80008b5a
        1445000	       143	80000214	07ef85a3	sb	x30,107(x31)	 x31:0x80008df6 x30:0xf418afca PA:0x80008e61
        1455000	       144	80000218	00008797	auipc	x15,0x8	 x15=0x80008214
        1465000	       145	8000021c	20e78793	addi	x15,x15,526	 x15:0x80008214 x15=0x80008422
        1475000	       146	80000220	00008d97	auipc	x27,0x8	 x27=0x8000821c
        1485000	       147	80000224	221d8d93	addi	x27,x27,545	 x27:0x8000821c x27=0x8000843d
        1495000	       148	80000228	00008617	auipc	x12,0x8	 x12=0x80008224
        1505000	       149	8000022c	40c60613	addi	x12,x12,1036	 x12:0x80008224 x12=0x80008630
        1515000	       150	80000230	04f7c483	lbu	x9,79(x15)	 x15:0x80008422  x9=0x0000002a PA:0x80008471
        1525000	       151	80000234	0ff7c483	lbu	x9,255(x15)	 x15:0x80008422  x9=0x000000da PA:0x80008521
        1535000	       152	80000238	00008417	auipc	x8,0x8	  x8=0x80008234
        1545000	       153	8000023c	42d40413	addi	x8,x8,1069	  x8:0x80008234  x8=0x80008661
        1555000	       154	80000240	fc160b23	sb	x1,-42(x12)	 x12:0x80008630  x1:0x00000001 PA:0x80008606
        1565000	       155	80000244	02360983	lb	x19,35(x12)	 x12:0x80008630 x19=0x00000008 PA:0x80008653
        1575000	       156	80000248	fef41483	lh	x9,-17(x8)	  x8:0x80008661  x9=0x00000a0b PA:0x80008650
        1585000	       157	8000024c	062d8f23	sb	x2,126(x27)	 x27:0x8000843d  x2:0x02c59a21 PA:0x800084bb
        1595000	       158	80000250	fef78f03	lb	x30,-17(x15)	 x15:0x80008422 x30=0xffffffca PA:0x80008411
        1605000	       159	80000254	00008817	auipc	x16,0x8	 x16=0x80008250
        1615000	       160	80000258	36e80813	addi	x16,x16,878	 x16:0x80008250 x16=0x800085be
        1625000	       161	8000025c	f7378503	lb	x10,-141(x15)	 x15:0x80008422 x10=0x0000004e PA:0x80008395
        1635000	       162	80000260	f41ddd03	lhu	x26,-191(x27)	 x27:0x8000843d x26=0x00003435 PA:0x8000837e
        1645000	       163	80000264	f9f7c183	lbu	x3,-97(x15)	 x15:0x80008422  x3=0x0000007a PA:0x800083c1
        1655000	       164	80000268	02884383	lbu	x7,40(x16)	 x16:0x800085be  x7=0x0000009d PA:0x800085e6
        1665000	       165	8000026c	f3c40283	lb	x5,-196(x8)	  x8:0x80008661  x5=0x00000056 PA:0x8000859d
        1675000	       166	80000270	01b64503	lbu	x10,27(x12)	 x12:0x80008630 x10=0x00000000 PA:0x8000864b
        1685000	       167	80000274	f727dd03	lhu	x26,-142(x15)	 x15:0x80008422 x26=0x00004e4f PA:0x80008394
        1695000	       168	80000278	01461623	sh	x20,12(x12)	 x12:0x80008630 x20:0x000000ca PA:0x8000863c
        1705000	       169	8000027c	0be80ea3	sb	x30,189(x16)	 x16:0x800085be x30:0xffffffca PA:0x8000867b
        1715000	       170	80000280	f6ad8e23	sb	x10,-132(x27)	 x27:0x8000843d x10:0x00000000 PA:0x800083b9
        1725000	       171	80000284	f097c203	lbu	x4,-247(x15)	 x15:0x80008422  x4=0x000000e0 PA:0x8000832b
        1735000	       172	80000288	0d945083	lhu	x1,217(x8)	  x8:0x80008661  x1=0x0000f0f1 PA:0x8000873a
        1745000	       173	8000028c	049dc503	lbu	x10,73(x27)	 x27:0x8000843d x10=0x0000003d PA:0x80008486
        1755000	       174	80000290	01480503	lb	x10,20(x16)	 x16:0x800085be x10=0xffffff89 PA:0x800085d2
        1765000	       175	80000294	0d57c483	lbu	x9,213(x15)	 x15:0x80008422  x9=0x000000ac PA:0x800084f7
        1775000	       176	80000298	fec60923	sb	x12,-14(x12)	 x12:0x80008630 x12:0x80008630 PA:0x80008622
        1785000	       177	8000029c	01360483	lb	x9,19(x12)	 x12:0x80008630  x9=0xfffffff8 PA:0x80008643
        1795000	       178	800002a0	0d6425a3	sw	x22,203(x8)	  x8:0x80008661 x22:0x00000000 PA:0x8000872c
        1805000	       179	800002a4	fc3600a3	sb	x3,-63(x12)	 x12:0x80008630  x3:0x0000007a PA:0x800085f1
        1815000	       180	800002a8	f2bdaa83	lw	x21,-213(x27)	 x27:0x8000843d x21=0x20212223 PA:0x80008368
        1825000	       181	800002ac	0eddcc03	lbu	x24,237(x27)	 x27:0x8000843d x24=0x000000e1 PA:0x8000852a
        1835000	       182	800002b0	f6478d23	sb	x4,-134(x15)	 x15:0x80008422  x4:0x000000e0 PA:0x8000839c
        1845000	       183	800002b4	10fd8023	sb	x15,256(x27)	 x27:0x8000843d x15:0x80008422 PA:0x8000853d
        1855000	       184	800002b8	f8380a03	lb	x20,-125(x16)	 x16:0x800085be x20=0xfffffffa PA:0x80008541
        1865000	       185	800002bc	fd062823	sw	x16,-48(x12)	 x12:0x80008630 x16:0x800085be PA:0x80008600
        1875000	       186	800002c0	088783a3	sb	x8,135(x15)	 x15:0x80008422  x8:0x80008661 PA:0x800084a9
        1885000	       187	800002c4	0d4da5a3	sw	x20,203(x27)	 x27:0x8000843d x20:0xfffffffa PA:0x80008508
        1895000	       188	800002c8	03660f03	lb	x30,54(x12)	 x12:0x80008630 x30=0x0000001d PA:0x80008666
        1905000	       189	800002cc	02f84683	lbu	x13,47(x16)	 x16:0x800085be x13=0x000000a6 PA:0x800085ed
        1915000	       190	800002d0	d1444183	lbu	x3,-748(x8)	  x8:0x80008661  x3=0x0000002e PA:0x80008375
        1925000	       191	800002d4	058d8d03	lb	x26,88(x27)	 x27:0x8000843d x26=0x0000004e PA:0x80008495
        1935000	       192	800002d8	00a65283	lhu	x5,10(x12)	 x12:0x80008630  x5=0x0000f0f1 PA:0x8000863a
        1945000	       193	800002dc	01f3b4b3	sltu	x9,x7,x31	  x7:0x0000009d x31:0x80008df6  x9=0x00000001
        1955000	       194	800002e0	405153b3	sra	x7,x2,x5	  x2:0x02c59a21  x5:0x0000f0f1  x7=0x00000162
        1965000	       195	800002e4	003afc33	and	x24,x21,x3	 x21:0x20212223  x3:0x0000002e x24=0x00000022
        1975000	       196	800002e8	0107e463	bltu	x15,x16,800002f0	 x15:0x80008422 x16:0x800085be
        1985000	       197	00000000	00000013	addi	x0,x0,0	  x0:0x00000000
        1995000	       198	800002ec	00000013	addi	x0,x0,0	  x0:0x00000000
        2005000	       199	800002f0	0148ebb3	or	x23,x17,x20	 x17:0x80008698 x20:0xfffffffa x23=0xfffffffa
        2015000	       200	800002f4	d14dc093	xori	x1,x27,-748	 x27:0x8000843d  x1=0x7fff7929
        2025000	       201	800002f8	01385ab3	srl	x21,x16,x19	 x16:0x800085be x19:0x00000008 x21=0x00800085
        2035000	       202	800002fc	da5ee213	ori	x4,x29,-603	 x29:0x00000000  x4=0xfffffda5
        2045000	       203	80000300	c155f793	andi	x15,x11,-1003	 x11:0x000000fd x15=0x00000015
        2055000	       204	80000304	0111e263	bltu	x3,x17,80000308	  x3:0x0000002e x17:0x80008698
        2065000	       205	00000000	00000013	addi	x0,x0,0	  x0:0x00000000
        2075000	       206	80000304	00000013	addi	x0,x0,0	  x0:0x00000000
        2085000	       207	80000308	40c4df13	srai	x30,x9,0xc	  x9:0x00000001 x30=0x00000000
        2095000	       208	8000030c	0038ebb3	or	x23,x17,x3	 x17:0x80008698  x3:0x0000002e x23=0x800086be
        2105000	       209	80000310	028e8663	beq	x29,x8,8000033c	 x29:0x00000000  x8:0x80008661
        2115000	       210	80000314	05907263	bgeu	x0,x25,80000358	  x0:0x00000000 x25:0x80009f84
        2125000	       211	80000318	675d4d17	auipc	x26,0x675d4	 x26=0xe75d4314
        2135000	       212	8000031c	26c97313	andi	x6,x18,620	 x18:0x000000bc  x6=0x0000002c
        2145000	       213	80000320	1fb37f13	andi	x30,x6,507	  x6:0x0000002c x30=0x00000028
        2155000	       214	80000324	0203d663	bge	x7,x0,80000350	  x7:0x00000162  x0:0x00000000
        2165000	       215	00000000	00000013	addi	x0,x0,0	  x0:0x00000000
        2175000	       216	8000034c	00000013	addi	x0,x0,0	  x0:0x00000000
        2185000	       217	80000350	d18bed13	ori	x26,x23,-744	 x23:0x800086be x26=0xffffffbe
        2195000	       218	80000354	40b759b3	sra	x19,x14,x11	 x14:0x80009fc4 x11:0x000000fd x19=0xfffffffc
        2205000	       219	80000358	00c76d33	or	x26,x14,x12	 x14:0x80009fc4 x12:0x80008630 x26=0x80009ff4
        2215000	       220	8000035c	014582b3	add	x5,x11,x20	 x11:0x000000fd x20:0xfffffffa  x5=0x000000f7
        2225000	       221	80000360	04441263	bne	x8,x4,800003a4	  x8:0x80008661  x4:0xfffffda5
        2235000	       222	00000000	00000013	addi	x0,x0,0	  x0:0x00000000
        2245000	       223	800003a0	00000013	addi	x0,x0,0	  x0:0x00000000
        2255000	       224	800003a4	498da313	slti	x6,x27,1176	 x27:0x8000843d  x6=0x00000001
        2265000	       225	800003a8	ef9e0613	addi	x12,x28,-263	 x28:0xffffff9f x12=0xfffffe98
        2275000	       226	800003ac	00242433	slt	x8,x8,x2	  x8:0x80008661  x2:0x02c59a21  x8=0x00000001
        2285000	       227	800003b0	00000997	auipc	x19,0x0	 x19=0x800003ac
        2295000	       228	800003b4	17898993	addi	x19,x19,376	 x19:0x800003ac x19=0x80000524
        2305000	       229	800003b8	09398993	addi	x19,x19,147	 x19:0x80000524 x19=0x800005b7
        2315000	       230	800003bc	ddee1817	auipc	x16,0xddee1	 x16=0x5dee13b8
        2325000	       231	800003c0	00066e63	bltu	x12,x0,800003dc	 x12:0xfffffe98  x0:0x00000000
        2335000	       232	800003c4	01955393	srli	x7,x10,0x19	 x10:0xffffff89  x7=0x0000007f
        2345000	       233	800003c8	01593833	sltu	x16,x18,x21	 x18:0x000000bc x21:0x00800085 x16=0x00000001
        2355000	       234	800003cc	019072b3	and	x5,x0,x25	  x0:0x00000000 x25:0x80009f84  x5=0x00000000
        2365000	       235	800003d0	00000013	addi	x0,x0,0	  x0:0x00000000
        2375000	       236	800003d4	004e0db3	add	x27,x28,x4	 x28:0xffffff9f  x4:0xfffffda5 x27=0xfffffd44
        2385000	       237	800003d8	413cd0b3	sra	x1,x25,x19	 x25:0x80009f84 x19:0x800005b7  x1=0xffffff00
        2395000	       238	800003dc	f6d98de7	jalr	x27,x19,-147	 x19:0x800005b7 x27=0x800003dc
        2405000	       239	00000000	00000013	addi	x0,x0,0	  x0:0x00000000
        2415000	       240	80000524	00000013	addi	x0,x0,0	  x0:0x00000000
        2425000	       241	80000528	5494cd13	xori	x26,x9,1353	  x9:0x00000001 x26=0x00000548
        2435000	       242	8000052c	00ffd993	srli	x19,x31,0xf	 x31:0x80008df6 x19=0x00010001
        2445000	       243	80000530	001f5263	bge	x30,x1,80000534	 x30:0x00000028  x1:0xffffff00
        2455000	       244	00000000	00000013	addi	x0,x0,0	  x0:0x00000000
        2465000	       245	80000530	00000013	addi	x0,x0,0	  x0:0x00000000
        2475000	       246	80000534	fe0c8c93	addi	x25,x25,-32	 x25:0x80009f84 x25=0x80009f64
        2485000	       247	80000538	afb88f13	addi	x30,x17,-1285	 x17:0x80008698 x30=0x80008193
        2495000	       248	8000053c	01bca223	sw	x27,4(x25)	 x25:0x80009f64 x27:0x800003dc PA:0x80009f68
        2505000	       249	80000540	013e6033	or	x0,x28,x19	 x28:0xffffff9f x19:0x00010001
        2515000	       250	80000544	00aadd13	srli	x26,x21,0xa	 x21:0x00800085 x26=0x00002000
        2525000	       251	80000548	00e2a233	slt	x4,x5,x14	  x5:0x00000000 x14:0x80009fc4  x4=0x00000000
        2535000	       252	8000054c	005299b3	sll	x19,x5,x5	  x5:0x00000000  x5:0x00000000 x19=0x00000000
        2545000	       253	80000550	2792e913	ori	x18,x5,633	  x5:0x00000000 x18=0x00000279
        2555000	       254	80000554	00a5a8b3	slt	x17,x11,x10	 x11:0x000000fd x10:0xffffff89 x17=0x00000000
        2565000	       255	80000558	004b1393	slli	x7,x22,0x4	 x22:0x00000000  x7=0x00000000
        2575000	       256	8000055c	00008817	auipc	x16,0x8	 x16=0x80008558
        2585000	       257	80000560	ecf80813	addi	x16,x16,-305	 x16:0x80008558 x16=0x80008427
        2595000	       258	80000564	00008897	auipc	x17,0x8	 x17=0x80008560
        2605000	       259	80000568	dcd88893	addi	x17,x17,-563	 x17:0x80008560 x17=0x8000832d
        2615000	       260	8000056c	fc180823	sb	x1,-48(x16)	 x16:0x80008427  x1:0xffffff00 PA:0x800083f7
        2625000	       261	80000570	0078a603	lw	x12,7(x17)	 x17:0x8000832d x12=0xecedeeef PA:0x80008334
        2635000	       262	80000574	0d280423	sb	x18,200(x16)	 x16:0x80008427 x18:0x00000279 PA:0x800084ef
        2645000	       263	80000578	ffd88d83	lb	x27,-3(x17)	 x17:0x8000832d x27=0xffffffe1 PA:0x8000832a
        2655000	       264	8000057c	f9280783	lb	x15,-110(x16)	 x16:0x80008427 x15=0x00000000 PA:0x800083b9
        2665000	       265	80000580	ff78cf83	lbu	x31,-9(x17)	 x17:0x8000832d x31=0x000000df PA:0x80008324
        2675000	       266	80000584	f8d85f03	lhu	x30,-115(x16)	 x16:0x80008427 x30=0x00006e6f PA:0x800083b4
        2685000	       267	80000588	0a284403	lbu	x8,162(x16)	 x16:0x80008427  x8=0x00000082 PA:0x800084c9
        2695000	       268	8000058c	ff58c503	lbu	x10,-11(x17)	 x17:0x8000832d x10=0x000000d9 PA:0x80008322
        2705000	       269	80000590	ff7898a3	sh	x23,-15(x17)	 x17:0x8000832d x23:0x800086be PA:0x8000831e
        2715000	       270	80000594	f3a80603	lb	x12,-198(x16)	 x16:0x80008427 x12=0x0000001a PA:0x80008361
        2725000	       271	80000598	0098a1a3	sw	x9,3(x17)	 x17:0x8000832d  x9:0x00000001 PA:0x80008330
        2735000	       272	8000059c	00e8c683	lbu	x13,14(x17)	 x17:0x8000832d x13=0x000000f0 PA:0x8000833b
        2745000	       273	800005a0	00008d97	auipc	x27,0x8	 x27=0x8000859c
        2755000	       274	800005a4	bd1d8d93	addi	x27,x27,-1071	 x27:0x8000859c x27=0x8000816d
        2765000	       275	800005a8	01ad82a3	sb	x26,5(x27)	 x27:0x8000816d x26:0x00002000 PA:0x80008172
        2775000	       276	800005ac	405ad9b3	sra	x19,x21,x5	 x21:0x00800085  x5:0x00000000 x19=0x00800085
        2785000	       277	800005b0	00cd92a3	sh	x12,5(x27)	 x27:0x8000816d x12:0x0000001a PA:0x80008172
        2795000	       278	800005b4	000dcb03	lbu	x22,0(x27)	 x27:0x8000816d x22=0x00000026 PA:0x8000816d
        2805000	       279	800005b8	00dd9203	lh	x4,13(x27)	 x27:0x8000816d  x4=0x00003031 PA:0x8000817a
        2815000	       280	800005bc	ffad8603	lb	x12,-6(x27)	 x27:0x8000816d x12=0x0000001c PA:0x80008167
        2825000	       281	800005c0	00bd8503	lb	x10,11(x27)	 x27:0x8000816d x10=0x00000033 PA:0x80008178
        2835000	       282	800005c4	419bd433	sra	x8,x23,x25	 x23:0x800086be x25:0x80009f64  x8=0xf800086b
        2845000	       283	800005c8	00dd9283	lh	x5,13(x27)	 x27:0x8000816d  x5=0x00003031 PA:0x8000817a
        2855000	       284	800005cc	003d9203	lh	x4,3(x27)	 x27:0x8000816d  x4=0x00002a2b PA:0x80008170
        2865000	       285	800005d0	0139de13	srli	x28,x19,0x13	 x19:0x00800085 x28=0x00000010
        2875000	       286	800005d4	00bd8123	sb	x11,2(x27)	 x27:0x8000816d x11:0x000000fd PA:0x8000816f
        2885000	       287	800005d8	ff4d8aa3	sb	x20,-11(x27)	 x27:0x8000816d x20:0xfffffffa PA:0x80008162
        2895000	       288	800005dc	fffdab83	lw	x23,-1(x27)	 x27:0x8000816d x23=0xfd252627 PA:0x8000816c
        2905000	       289	800005e0	f1d0e593	ori	x11,x1,-227	  x1:0xffffff00 x11=0xffffff1d
        2915000	       290	800005e4	010d83a3	sb	x16,7(x27)	 x27:0x8000816d x16:0x80008427 PA:0x80008174
        2925000	       291	800005e8	ff9dd183	lhu	x3,-7(x27)	 x27:0x8000816d  x3=0x00001c1d PA:0x80008166
        2935000	       292	800005ec	01249933	sll	x18,x9,x18	  x9:0x00000001 x18:0x00000279 x18=0x02000000
        2945000	       293	800005f0	010d8483	lb	x9,16(x27)	 x27:0x8000816d  x9=0x00000036 PA:0x8000817d
        2955000	       294	800005f4	011d8523	sb	x17,10(x27)	 x27:0x8000816d x17:0x8000832d PA:0x80008177
        2965000	       295	800005f8	ff6dc783	lbu	x15,-10(x27)	 x27:0x8000816d x15=0x00000018 PA:0x80008163
        2975000	       296	00000000	00000013	addi	x0,x0,0	  x0:0x00000000
        2985000	       297	800005fc	a2fe0413	addi	x8,x28,-1489	 x28:0x00000010  x8=0xfffffa3f
        2995000	       298	80000600	ffdd8e03	lb	x28,-3(x27)	 x27:0x8000816d x28=0x00000021 PA:0x8000816a
        3005000	       299	80000604	00ddcb83	lbu	x23,13(x27)	 x27:0x8000816d x23=0x00000031 PA:0x8000817a
        3015000	       300	80000608	4a2ef613	andi	x12,x29,1186	 x29:0x00000000 x12=0x00000000
        3025000	       301	8000060c	fe1d9ba3	sh	x1,-9(x27)	 x27:0x8000816d  x1:0xffffff00 PA:0x80008164
        3035000	       302	80000610	00cd8683	lb	x13,12(x27)	 x27:0x8000816d x13=0x00000032 PA:0x80008179
        3045000	       303	80000614	001d9b03	lh	x22,1(x27)	 x27:0x8000816d x22=0xfffffd25 PA:0x8000816e
        3055000	       304	80000618	ff5d9583	lh	x11,-11(x27)	 x27:0x8000816d x11=0x000018fa PA:0x80008162
        3065000	       305	8000061c	008dc803	lbu	x16,8(x27)	 x27:0x8000816d x16=0x0000002e PA:0x80008175
        3075000	       306	80000620	001d81a3	sb	x1,3(x27)	 x27:0x8000816d  x1:0xffffff00 PA:0x80008170
        3085000	       307	80000624	3ccaab93	slti	x23,x21,972	 x21:0x00800085 x23=0x00000000
        3095000	       308	80000628	00000013	addi	x0,x0,0	  x0:0x00000000
        3105000	       309	8000062c	b77c4513	xori	x10,x24,-1161	 x24:0x00000022 x10=0xfffffb55
        3115000	       310	80000630	00947533	and	x10,x8,x9	  x8:0xfffffa3f  x9:0x00000036 x10=0x00000036
        3125000	       311	80000634	01a623b3	slt	x7,x12,x26	 x12:0x00000000 x26:0x00002000  x7=0x00000001
        3135000	       312	80000638	404b5833	sra	x16,x22,x4	 x22:0xfffffd25  x4:0x00002a2b x16=0xffffffff
        3145000	       313	8000063c	e1900e93	addi	x29,x0,-487	  x0:0x00000000 x29=0xfffffe19
        3155000	       314	80000640	010dc783	lbu	x15,16(x27)	 x27:0x8000816d x15=0x00000036 PA:0x8000817d
        3165000	       315	80000644	ff3da683	lw	x13,-13(x27)	 x27:0x8000816d x13=0x18fa1a1b PA:0x80008160
        3175000	       316	80000648	01f075b3	and	x11,x0,x31	  x0:0x00000000 x31:0x000000df x11=0x00000000
        3185000	       317	8000064c	64f22213	slti	x4,x4,1615	  x4:0x00002a2b  x4=0x00000000
        3195000	       318	80000650	ffadc583	lbu	x11,-6(x27)	 x27:0x8000816d x11=0x0000001c PA:0x80008167
        3205000	       319	80000654	00008b17	auipc	x22,0x8	 x22=0x80008650
        3215000	       320	80000658	e27b0b13	addi	x22,x22,-473	 x22:0x80008650 x22=0x80008477
        3225000	       321	8000065c	1f2b0d03	lb	x26,498(x22)	 x22:0x80008477 x26=0x00000022 PA:0x80008669
        3235000	       322	80000660	00689db3	sll	x27,x17,x6	 x17:0x8000832d  x6:0x00000001 x27=0x0001065a
        3245000	       323	80000664	e95b2083	lw	x1,-363(x22)	 x22:0x80008477  x1=0xc4c5c6c7 PA:0x8000830c
        3255000	       324	80000668	cfd17593	andi	x11,x2,-771	  x2:0x02c59a21 x11=0x02c59821
        3265000	       325	8000066c	d74b0f23	sb	x20,-642(x22)	 x22:0x80008477 x20:0xfffffffa PA:0x800081f5
        3275000	       326	80000670	d5eb0ca3	sb	x30,-679(x22)	 x22:0x80008477 x30:0x00006e6f PA:0x800081d0
        3285000	       327	80000674	d59b4b83	lbu	x23,-679(x22)	 x22:0x80008477 x23=0x0000006f PA:0x800081d0
        3295000	       328	80000678	015e69b3	or	x19,x28,x21	 x28:0x00000021 x21:0x00800085 x19=0x008000a5
        3305000	       329	8000067c	d59b4903	lbu	x18,-679(x22)	 x22:0x80008477 x18=0x0000006f PA:0x800081d0
        3315000	       330	80000680	190b0283	lb	x5,400(x22)	 x22:0x80008477  x5=0xffffffbc PA:0x80008607
        3325000	       331	80000684	e08b0323	sb	x8,-506(x22)	 x22:0x80008477  x8:0xfffffa3f PA:0x8000827d
        3335000	       332	80000688	fbeb0403	lb	x8,-66(x22)	 x22:0x80008477  x8=0xffffffee PA:0x80008435
        3345000	       333	8000068c	fafb0f23	sb	x15,-66(x22)	 x22:0x80008477 x15:0x00000036 PA:0x80008435
        3355000	       334	80000690	fbeb4983	lbu	x19,-66(x22)	 x22:0x80008477 x19=0x00000036 PA:0x80008435
        3365000	       335	80000694	fadb0f23	sb	x13,-66(x22)	 x22:0x80008477 x13:0x18fa1a1b PA:0x80008435
        3375000	       336	80000698	e40b0f03	lb	x30,-448(x22)	 x22:0x80008477 x30=0x0000006c PA:0x800082b7
        3385000	       337	8000069c	e5fb0023	sb	x31,-448(x22)	 x22:0x80008477 x31:0x000000df PA:0x800082b7
        3395000	       338	800006a0	d11b4a83	lbu	x21,-751(x22)	 x22:0x80008477 x21=0x00000043 PA:0x80008188
        3405000	       339	800006a4	d3ab4683	lbu	x13,-710(x22)	 x22:0x80008477 x13=0x0000006a PA:0x800081b1
        3415000	       340	800006a8	c98b0023	sb	x24,-896(x22)	 x22:0x80008477 x24:0x00000022 PA:0x800080f7
        3425000	       341	800006ac	27eb00a3	sb	x30,609(x22)	 x22:0x80008477 x30:0x0000006c PA:0x800086d8
        3435000	       342	800006b0	261b5883	lhu	x17,609(x22)	 x22:0x80008477 x17=0x0000926c PA:0x800086d8
        3445000	       343	800006b4	00fc7433	and	x8,x24,x15	 x24:0x00000022 x15:0x00000036  x8=0x00000022
        3455000	       344	800006b8	138b4f83	lbu	x31,312(x22)	 x22:0x80008477 x31=0x00000064 PA:0x800085af
        3465000	       345	800006bc	00008617	auipc	x12,0x8	 x12=0x800086b8
        3475000	       346	800006c0	04460613	addi	x12,x12,68	 x12:0x800086b8 x12=0x800086fc
        3485000	       347	800006c4	00008397	auipc	x7,0x8	  x7=0x800086c0
        3495000	       348	800006c8	c6638393	addi	x7,x7,-922	  x7:0x800086c0  x7=0x80008326
        3505000	       349	800006cc	00008997	auipc	x19,0x8	 x19=0x800086c8
        3515000	       350	800006d0	e8898993	addi	x19,x19,-376	 x19:0x800086c8 x19=0x80008550
        3525000	       351	800006d4	0dc38ca3	sb	x28,217(x7)	  x7:0x80008326 x28:0x00000021 PA:0x800083ff
        3535000	       352	800006d8	fc061f03	lh	x30,-64(x12)	 x12:0x800086fc x30=0x00007677 PA:0x800086bc
        3545000	       353	800006dc	e3599523	sh	x21,-470(x19)	 x19:0x80008550 x21:0x00000043 PA:0x8000837a
        3555000	       354	800006e0	00008697	auipc	x13,0x8	 x13=0x800086dc
        3565000	       355	800006e4	eba68693	addi	x13,x13,-326	 x13:0x800086dc x13=0x80008596
        3575000	       356	800006e8	f6264b03	lbu	x22,-158(x12)	 x12:0x800086fc x22=0x00000015 PA:0x8000865e
        3585000	       357	800006ec	d65686a3	sb	x5,-659(x13)	 x13:0x80008596  x5:0xffffffbc PA:0x80008303
        3595000	       358	800006f0	00008d97	auipc	x27,0x8	 x27=0x800086ec
        3605000	       359	800006f4	c5ad8d93	addi	x27,x27,-934	 x27:0x800086ec x27=0x80008346
        3615000	       360	800006f8	02039b83	lh	x23,32(x7)	  x7:0x80008326 x23=0xfffffcfd PA:0x80008346
        3625000	       361	800006fc	06cdca83	lbu	x21,108(x27)	 x27:0x80008346 x21=0x00000069 PA:0x800083b2
        3635000	       362	80000700	dc998e83	lb	x29,-567(x19)	 x19:0x80008550 x29=0xffffffd2 PA:0x80008319
        3645000	       363	80000704	eab9c283	lbu	x5,-341(x19)	 x19:0x80008550  x5=0x000000b0 PA:0x800083fb
        3655000	       364	80000708	0ec6d583	lhu	x11,236(x13)	 x13:0x80008596 x11=0x00003839 PA:0x80008682
        3665000	       365	8000070c	0e1d8e83	lb	x29,225(x27)	 x27:0x80008346 x29=0xffffffdc PA:0x80008427
        3675000	       366	80000710	0333ce03	lbu	x28,51(x7)	  x7:0x80008326 x28=0x00000012 PA:0x80008359
        3685000	       367	80000714	fd2da083	lw	x1,-46(x27)	 x27:0x80008346  x1=0xd0d1d2d3 PA:0x80008318
        3695000	       368	80000718	048d8e03	lb	x28,72(x27)	 x27:0x80008346 x28=0x00000045 PA:0x8000838e
        3705000	       369	8000071c	f5b60403	lb	x8,-165(x12)	 x12:0x800086fc  x8=0x0000000c PA:0x80008657
        3715000	       370	80000720	0b269f23	sh	x18,190(x13)	 x13:0x80008596 x18:0x0000006f PA:0x80008654
        3725000	       371	80000724	04d382a3	sb	x13,69(x7)	  x7:0x80008326 x13:0x80008596 PA:0x8000836b
        3735000	       372	80000728	e0369223	sh	x3,-508(x13)	 x13:0x80008596  x3:0x00001c1d PA:0x8000839a
        3745000	       373	8000072c	f369cd03	lbu	x26,-202(x19)	 x19:0x80008550 x26=0x0000003d PA:0x80008486
        3755000	       374	00000000	00000013	addi	x0,x0,0	  x0:0x00000000
        3765000	       375	80000730	d9a98523	sb	x26,-630(x19)	 x19:0x80008550 x26:0x0000003d PA:0x800082da
        3775000	       376	80000734	02862f83	lw	x31,40(x12)	 x12:0x800086fc x31=0xdcdddedf PA:0x80008724
        3785000	       377	80000738	b6c99003	lh	x0,-1172(x19)	 x19:0x80008550 PA:0x800080bc
        3795000	       378	8000073c	20b68503	lb	x10,523(x13)	 x13:0x80008596 x10=0x0000005a PA:0x800087a1
        3805000	       379	80000740	f0d64783	lbu	x15,-243(x12)	 x12:0x800086fc x15=0x000000c2 PA:0x80008609
        3815000	       380	80000744	005d8c03	lb	x24,5(x27)	 x27:0x80008346 x24=0x00000000 PA:0x8000834b
        3825000	       381	80000748	fc6607a3	sb	x6,-49(x12)	 x12:0x800086fc  x6:0x00000001 PA:0x800086cb
        3835000	       382	8000074c	1a09df03	lhu	x30,416(x19)	 x19:0x80008550 x30=0x0000aaab PA:0x800086f0
        3845000	       383	80000750	f62385a3	sb	x2,-149(x7)	  x7:0x80008326  x2:0x02c59a21 PA:0x80008291
        3855000	       384	80000754	f28d9d03	lh	x26,-216(x27)	 x27:0x80008346 x26=0x00002425 PA:0x8000826e
        3865000	       385	80000758	f5b38823	sb	x27,-176(x7)	  x7:0x80008326 x27:0x80008346 PA:0x80008276
        3875000	       386	8000075c	097d9623	sh	x23,140(x27)	 x27:0x80008346 x23:0xfffffcfd PA:0x800083d2
        3885000	       387	80000760	f99d8b83	lb	x23,-103(x27)	 x27:0x80008346 x23=0xffffff94 PA:0x800082df
        3895000	       388	80000764	d5e98323	sb	x30,-698(x19)	 x19:0x80008550 x30:0x0000aaab PA:0x80008296
        3905000	       389	80000768	02161e23	sh	x1,60(x12)	 x12:0x800086fc  x1:0xd0d1d2d3 PA:0x80008738
        3915000	       390	8000076c	00008f17	auipc	x30,0x8	 x30=0x80008768
        3925000	       391	80000770	b3df0f13	addi	x30,x30,-1219	 x30:0x80008768 x30=0x800082a5
        3935000	       392	80000774	018a9d93	slli	x27,x21,0x18	 x21:0x00000069 x27=0x69000000
        3945000	       393	80000778	c4fb4917	auipc	x18,0xc4fb4	 x18=0x44fb4774
        3955000	       394	8000077c	40775333	sra	x6,x14,x7	 x14:0x80009fc4  x7:0x80008326  x6=0xfe00027f
        3965000	       395	80000780	37af0283	lb	x5,890(x30)	 x30:0x800082a5  x5=0xffffffd4 PA:0x8000861f
        3975000	       396	80000784	27cf4583	lbu	x11,636(x30)	 x30:0x800082a5 x11=0x000000da PA:0x80008521
        3985000	       397	80000788	e35f0e23	sb	x21,-452(x30)	 x30:0x800082a5 x21:0x00000069 PA:0x800080e1
        3995000	       398	8000078c	fbbf0ea3	sb	x27,-67(x30)	 x30:0x800082a5 x27:0x69000000 PA:0x80008262
        4005000	       399	80000790	006f4783	lbu	x15,6(x30)	 x30:0x800082a5 x15=0x00000060 PA:0x800082ab
        4015000	       400	80000794	4f596193	ori	x3,x18,1269	 x18:0x44fb4774  x3=0x44fb47f5
        4025000	       401	80000798	00808833	add	x16,x1,x8	  x1:0xd0d1d2d3  x8:0x0000000c x16=0xd0d1d2df
        4035000	       402	8000079c	41c7d3b3	sra	x7,x15,x28	 x15:0x00000060 x28:0x00000045  x7=0x00000003
        4045000	       403	800007a0	22af4e83	lbu	x29,554(x30)	 x30:0x800082a5 x29=0x00000084 PA:0x800084cf
        4055000	       404	800007a4	44bf17a3	sh	x11,1103(x30)	 x30:0x800082a5 x11:0x000000da PA:0x800086f4
        4065000	       405	800007a8	0045c9b3	xor	x19,x11,x4	 x11:0x000000da  x4:0x00000000 x19=0x000000da
        4075000	       406	800007ac	01a9ee33	or	x28,x19,x26	 x19:0x000000da x26:0x00002425 x28=0x000024ff
        4085000	       407	800007b0	277f06a3	sb	x23,621(x30)	 x30:0x800082a5 x23:0xffffff94 PA:0x80008512
        4095000	       408	800007b4	a24dda37	lui	x20,0xa24dd	 x20=0xa24dd000
        4105000	       409	800007b8	e7d73313	sltiu	x6,x14,-387	 x14:0x80009fc4  x6=0x00000001
        4115000	       410	800007bc	3cdf4a83	lbu	x21,973(x30)	 x30:0x800082a5 x21=0x00000029 PA:0x80008672
        4125000	       411	800007c0	0a3f1e03	lh	x28,163(x30)	 x30:0x800082a5 x28=0x00000203 PA:0x80008348
        4135000	       412	800007c4	012a5593	srli	x11,x20,0x12	 x20:0xa24dd000 x11=0x00002893
        4145000	       413	800007c8	6a554e93	xori	x29,x10,1701	 x10:0x0000005a x29=0x000006ff
        4155000	       414	800007cc	0f7f0d23	sb	x23,250(x30)	 x30:0x800082a5 x23:0xffffff94 PA:0x8000839f
        4165000	       415	800007d0	6749b213	sltiu	x4,x19,1652	 x19:0x000000da  x4=0x00000001
        4175000	       416	800007d4	ff2f4783	lbu	x15,-14(x30)	 x30:0x800082a5 x15=0x0000004c PA:0x80008297
        4185000	       417	800007d8	000993b3	sll	x7,x19,x0	 x19:0x000000da  x0:0x00000000  x7=0x000000da
        4195000	       418	800007dc	13abff93	andi	x31,x23,314	 x23:0xffffff94 x31=0x00000110
        4205000	       419	800007e0	0eef0683	lb	x13,238(x30)	 x30:0x800082a5 x13=0x00000048 PA:0x80008393
        4215000	       420	800007e4	f56f4503	lbu	x10,-170(x30)	 x30:0x800082a5 x10=0x000000b0 PA:0x800081fb
        4225000	       421	800007e8	447f2483	lw	x9,1095(x30)	 x30:0x800082a5  x9=0xa4a5a6a7 PA:0x800086ec
        4235000	       422	800007ec	8c092a93	slti	x21,x18,-1856	 x18:0x44fb4774 x21=0x00000000
        4245000	       423	800007f0	1a230993	addi	x19,x6,418	  x6:0x00000001 x19=0x000001a3
        4255000	       424	800007f4	4f5bf093	andi	x1,x23,1269	 x23:0xffffff94  x1=0x00000494
        4265000	       425	800007f8	019ac5b3	xor	x11,x21,x25	 x21:0x00000000 x25:0x80009f64 x11=0x80009f64
        4275000	       426	800007fc	396f4403	lbu	x8,918(x30)	 x30:0x800082a5  x8=0x000000f0 PA:0x8000863b
        4285000	       427	80000800	de7f4e83	lbu	x29,-537(x30)	 x30:0x800082a5 x29=0x00000047 PA:0x8000808c
        4295000	       428	80000804	9a1de313	ori	x6,x27,-1631	 x27:0x69000000  x6=0xfffff9a1
        4305000	       429	80000808	01086933	or	x18,x16,x16	 x16:0xd0d1d2df x16:0xd0d1d2df x18=0xd0d1d2df
        4315000	       430	8000080c	37bf1fa3	sh	x27,895(x30)	 x30:0x800082a5 x27:0x69000000 PA:0x80008624
        4325000	       431	80000810	0b1f0903	lb	x18,177(x30)	 x30:0x800082a5 x18=0x0000000d PA:0x80008356
        4335000	       432	80000814	00008597	auipc	x11,0x8	 x11=0x80008810
        4345000	       433	80000818	aaf58593	addi	x11,x11,-1361	 x11:0x80008810 x11=0x800082bf
        4355000	       434	8000081c	013033b3	sltu	x7,x0,x19	  x0:0x00000000 x19:0x000001a3  x7=0x00000001
        4365000	       435	80000820	fc558a23	sb	x5,-44(x11)	 x11:0x800082bf  x5:0xffffffd4 PA:0x80008293
        4375000	       436	80000824	018580a3	sb	x24,1(x11)	 x11:0x800082bf x24:0x00000000 PA:0x800082c0
        4385000	       437	80000828	17692b93	slti	x23,x18,374	 x18:0x0000000d x23=0x00000001
        4395000	       438	8000082c	003ed913	srli	x18,x29,0x3	 x29:0x00000047 x18=0x00000008
        4405000	       439	80000830	7904bb93	sltiu	x23,x9,1936	  x9:0xa4a5a6a7 x23=0x00000000
        4415000	       440	80000834	0092b533	sltu	x10,x5,x9	  x5:0xffffffd4  x9:0xa4a5a6a7 x10=0x00000000
        4425000	       441	80000838	00959da3	sh	x9,27(x11)	 x11:0x800082bf  x9:0xa4a5a6a7 PA:0x800082da
        4435000	       442	8000083c	6770ad13	slti	x26,x1,1655	  x1:0x00000494 x26=0x00000001
        4445000	       443	80000840	fff58b03	lb	x22,-1(x11)	 x11:0x800082bf x22=0x00000075 PA:0x800082be
        4455000	       444	80000844	0048da33	srl	x20,x17,x4	 x17:0x0000926c  x4:0x00000001 x20=0x00004936
        4465000	       445	80000848	b5b5c913	xori	x18,x11,-1189	 x11:0x800082bf x18=0x7fff79e4
        4475000	       446	8000084c	0047e3b3	or	x7,x15,x4	 x15:0x0000004c  x4:0x00000001  x7=0x0000004d
        4485000	       447	80000850	0005c503	lbu	x10,0(x11)	 x11:0x800082bf x10=0x00000074 PA:0x800082bf
        4495000	       448	80000854	00b58683	lb	x13,11(x11)	 x11:0x800082bf x13=0xffffff81 PA:0x800082ca
        4505000	       449	80000858	fc75c303	lbu	x6,-57(x11)	 x11:0x800082bf  x6=0x0000003d PA:0x80008286
        4515000	       450	8000085c	03558c03	lb	x24,53(x11)	 x11:0x800082bf x24=0xffffffaf PA:0x800082f4
        4525000	       451	80000860	01f5dc03	lhu	x24,31(x11)	 x11:0x800082bf x24=0x00009495 PA:0x800082de
        4535000	       452	80000864	03c58d23	sb	x28,58(x11)	 x11:0x800082bf x28:0x00000203 PA:0x800082f9
        4545000	       453	80000868	01a1de33	srl	x28,x3,x26	  x3:0x44fb47f5 x26:0x00000001 x28=0x227da3fa
        4555000	       454	8000086c	03158083	lb	x1,49(x11)	 x11:0x800082bf  x1=0xffffffab PA:0x800082f0
        4565000	       455	00000000	00000013	addi	x0,x0,0	  x0:0x00000000
        4575000	       456	80000870	00008617	auipc	x12,0x8	 x12=0x8000886c
        4585000	       457	80000874	92760613	addi	x12,x12,-1753	 x12:0x8000886c x12=0x80008193
        4595000	       458	80000878	ab744a13	xori	x20,x8,-1353	  x8:0x000000f0 x20=0xfffffa47
        4605000	       459	8000087c	0093f9b3	and	x19,x7,x9	  x7:0x0000004d  x9:0xa4a5a6a7 x19=0x00000005
        4615000	       460	80000880	f9361a03	lh	x20,-109(x12)	 x12:0x80008193 x20=0xffffdcdd PA:0x80008126
        4625000	       461	80000884	00340fb3	add	x31,x8,x3	  x8:0x000000f0  x3:0x44fb47f5 x31=0x44fb48e5
        4635000	       462	80000888	f3f60423	sb	x31,-216(x12)	 x12:0x80008193 x31:0x44fb48e5 PA:0x800080bb
        4645000	       463	8000088c	f2864403	lbu	x8,-216(x12)	 x12:0x80008193  x8=0x000000e5 PA:0x800080bb
        4655000	       464	00000000	00000013	addi	x0,x0,0	  x0:0x00000000
        4665000	       465	80000890	f2860803	lb	x16,-216(x12)	 x12:0x80008193 x16=0xffffffe5 PA:0x800080bb
        4675000	       466	80000894	f2860f03	lb	x30,-216(x12)	 x12:0x80008193 x30=0xffffffe5 PA:0x800080bb
        4685000	       467	00000000	00000013	addi	x0,x0,0	  x0:0x00000000
        4695000	       468	80000898	41e8d533	sra	x10,x17,x30	 x17:0x0000926c x30:0xffffffe5 x10=0x00000493
        4705000	       469	8000089c	f2860383	lb	x7,-216(x12)	 x12:0x80008193  x7=0xffffffe5 PA:0x800080bb
        4715000	       470	800008a0	c7470db7	lui	x27,0xc7470	 x27=0xc7470000
        4725000	       471	800008a4	f2f60423	sb	x15,-216(x12)	 x12:0x80008193 x15:0x0000004c PA:0x800080bb
        4735000	       472	800008a8	f2860083	lb	x1,-216(x12)	 x12:0x80008193  x1=0x0000004c PA:0x800080bb
        4745000	       473	800008ac	f3760423	sb	x23,-216(x12)	 x12:0x80008193 x23:0x00000000 PA:0x800080bb
        4755000	       474	800008b0	f3f60423	sb	x31,-216(x12)	 x12:0x80008193 x31:0x44fb48e5 PA:0x800080bb
        4765000	       475	800008b4	6de7ca17	auipc	x20,0x6de7c	 x20=0xede7c8b0
        4775000	       476	800008b8	f2060423	sb	x0,-216(x12)	 x12:0x80008193  x0:0x00000000 PA:0x800080bb
        4785000	       477	800008bc	f2860983	lb	x19,-216(x12)	 x12:0x80008193 x19=0x00000000 PA:0x800080bb
        4795000	       478	800008c0	01964d03	lbu	x26,25(x12)	 x12:0x80008193 x26=0x00000067 PA:0x800081ac
        4805000	       479	800008c4	00b61ca3	sh	x11,25(x12)	 x12:0x80008193 x11:0x800082bf PA:0x800081ac
        4815000	       480	800008c8	01961683	lh	x13,25(x12)	 x12:0x80008193 x13=0xffff82bf PA:0x800081ac
        4825000	       481	800008cc	01965a83	lhu	x21,25(x12)	 x12:0x80008193 x21=0x000082bf PA:0x800081ac
        4835000	       482	800008d0	01b2db93	srli	x23,x5,0x1b	  x5:0xffffffd4 x23=0x0000001f
        4845000	       483	800008d4	00360ca3	sb	x3,25(x12)	 x12:0x80008193  x3:0x44fb47f5 PA:0x800081ac
        4855000	       484	800008d8	00008817	auipc	x16,0x8	 x16=0x800088d4
        4865000	       485	800008dc	8f080813	addi	x16,x16,-1808	 x16:0x800088d4 x16=0x800081c4
        4875000	       486	800008e0	00085003	lhu	x0,0(x16)	 x16:0x800081c4 PA:0x800081c4
        4885000	       487	800008e4	00881783	lh	x15,8(x16)	 x16:0x800081c4 x15=0xffff8687 PA:0x800081cc
        4895000	       488	800008e8	ff484c03	lbu	x24,-12(x16)	 x16:0x800081c4 x24=0x00000073 PA:0x800081b8
        4905000	       489	800008ec	00008e97	auipc	x29,0x8	 x29=0x800088e8
        4915000	       490	800008f0	a2be8e93	addi	x29,x29,-1493	 x29:0x800088e8 x29=0x80008313
        4925000	       491	800008f4	00008397	auipc	x7,0x8	  x7=0x800088f0
        4935000	       492	800008f8	bf938393	addi	x7,x7,-1031	  x7:0x800088f0  x7=0x800084e9
        4945000	       493	800008fc	00685603	lhu	x12,6(x16)	 x16:0x800081c4 x12=0x00008081 PA:0x800081ca
        4955000	       494	80000900	0d8ec483	lbu	x9,216(x29)	 x29:0x80008313  x9=0x000000a0 PA:0x800083eb
        4965000	       495	80000904	02b38203	lb	x4,43(x7)	  x7:0x800084e9  x4=0xffffffcf PA:0x80008514
        4975000	       496	80000908	fd63cd83	lbu	x27,-42(x7)	  x7:0x800084e9 x27=0x00000074 PA:0x800084bf
        4985000	       497	8000090c	ff085983	lhu	x19,-16(x16)	 x16:0x800081c4 x19=0x00006e6f PA:0x800081b4
        4995000	       498	80000910	048e8983	lb	x19,72(x29)	 x29:0x80008313 x19=0x00000010 PA:0x8000835b
        5005000	       499	80000914	fd73ac03	lw	x24,-41(x7)	  x7:0x800084e9 x24=0x78797a7b PA:0x800084c0
        5015000	       500	80000918	ff084603	lbu	x12,-16(x16)	 x16:0x800081c4 x12=0x0000006f PA:0x800081b4
        5025000	       501	8000091c	fcd39003	lh	x0,-51(x7)	  x7:0x800084e9 PA:0x800084b6
        5035000	       502	80000920	ffa80a23	sb	x26,-12(x16)	 x16:0x800081c4 x26:0x00000067 PA:0x800081b8
        5045000	       503	80000924	ffc38523	sb	x28,-22(x7)	  x7:0x800084e9 x28:0x227da3fa PA:0x800084d3
        5055000	       504	80000928	028ecf83	lbu	x31,40(x29)	 x29:0x80008313 x31=0x000000f0 PA:0x8000833b
        5065000	       505	8000092c	01280323	sb	x18,6(x16)	 x16:0x800081c4 x18:0x7fff79e4 PA:0x800081ca
        5075000	       506	80000930	00c82183	lw	x3,12(x16)	 x16:0x800081c4  x3=0x88898a6f PA:0x800081d0
        5085000	       507	80000934	03fe8e23	sb	x31,60(x29)	 x29:0x80008313 x31:0x000000f0 PA:0x8000834f
        5095000	       508	80000938	fe380aa3	sb	x3,-11(x16)	 x16:0x800081c4  x3:0x88898a6f PA:0x800081b9
        5105000	       509	8000093c	ff2e8aa3	sb	x18,-11(x29)	 x29:0x80008313 x18:0x7fff79e4 PA:0x80008308
        5115000	       510	80000940	00008617	auipc	x12,0x8	 x12=0x8000893c
        5125000	       511	80000944	26a60613	addi	x12,x12,618	 x12:0x8000893c x12=0x80008ba6
        5135000	       512	80000948	00008b97	auipc	x23,0x8	 x23=0x80008944
        5145000	       513	8000094c	485b8b93	addi	x23,x23,1157	 x23:0x80008944 x23=0x80008dc9
        5155000	       514	80000950	00008817	auipc	x16,0x8	 x16=0x8000894c
        5165000	       515	80000954	ef780813	addi	x16,x16,-265	 x16:0x8000894c x16=0x80008843
        5175000	       516	80000958	00008c17	auipc	x24,0x8	 x24=0x80008954
        5185000	       517	8000095c	310c0c13	addi	x24,x24,784	 x24:0x80008954 x24=0x80008c64
        5195000	       518	80000960	fe684f83	lbu	x31,-26(x16)	 x16:0x80008843 x31=0x00000012 PA:0x80008829
        5205000	       519	80000964	ff9c1c23	sh	x25,-8(x24)	 x24:0x80008c64 x25:0x80009f64 PA:0x80008c5c
        5215000	       520	80000968	01f80d83	lb	x27,31(x16)	 x16:0x80008843 x27=0x00000049 PA:0x80008862
        5225000	       521	8000096c	f13bd283	lhu	x5,-237(x23)	 x23:0x80008dc9  x5=0x0000c6c7 PA:0x80008cdc
        5235000	       522	80000970	00008317	auipc	x6,0x8	  x6=0x8000896c
        5245000	       523	80000974	fa030313	addi	x6,x6,-96	  x6:0x8000896c  x6=0x8000890c
        5255000	       524	80000978	02465403	lhu	x8,36(x12)	 x12:0x80008ba6  x8=0x0000b0b1 PA:0x80008bca
        5265000	       525	8000097c	ef6b8f23	sb	x22,-258(x23)	 x23:0x80008dc9 x22:0x00000075 PA:0x80008cc7
        5275000	       526	80000980	00fc01a3	sb	x15,3(x24)	 x24:0x80008c64 x15:0xffff8687 PA:0x80008c67
        5285000	       527	80000984	081b8223	sb	x1,132(x23)	 x23:0x80008dc9  x1:0x0000004c PA:0x80008e4d
        5295000	       528	80000988	01cc06a3	sb	x28,13(x24)	 x24:0x80008c64 x28:0x227da3fa PA:0x80008c71
        5305000	       529	8000098c	cfbb8983	lb	x19,-773(x23)	 x23:0x80008dc9 x19=0xffffffaf PA:0x80008ac4
        5315000	       530	80000990	00ec5a83	lhu	x21,14(x24)	 x24:0x80008c64 x21=0x00005859 PA:0x80008c72
        5325000	       531	80000994	fe180b23	sb	x1,-10(x16)	 x16:0x80008843  x1:0x0000004c PA:0x80008839
        5335000	       532	80000998	003c4483	lbu	x9,3(x24)	 x24:0x80008c64  x9=0x00000087 PA:0x80008c67
        5345000	       533	00000000	00000013	addi	x0,x0,0	  x0:0x00000000
        5355000	       534	8000099c	fe964d83	lbu	x27,-23(x12)	 x12:0x80008ba6 x27=0x00000074 PA:0x80008b8f
        5365000	       535	800009a0	dd8b8b23	sb	x24,-554(x23)	 x23:0x80008dc9 x24:0x80008c64 PA:0x80008b9f
        5375000	       536	800009a4	03760d03	lb	x26,55(x12)	 x12:0x80008ba6 x26=0xffffffc6 PA:0x80008bdd
        5385000	       537	800009a8	03435983	lhu	x19,52(x6)	  x6:0x8000890c x19=0x00002a2b PA:0x80008940
        5395000	       538	800009ac	fc030ea3	sb	x0,-35(x6)	  x6:0x8000890c  x0:0x00000000 PA:0x800088e9
        5405000	       539	800009b0	ffac1e83	lh	x29,-6(x24)	 x24:0x80008c64 x29=0x00004445 PA:0x80008c5e
        5415000	       540	800009b4	00ec1a03	lh	x20,14(x24)	 x24:0x80008c64 x20=0x00005859 PA:0x80008c72
        5425000	       541	800009b8	032813a3	sh	x18,39(x16)	 x16:0x80008843 x18:0x7fff79e4 PA:0x8000886a
        5435000	       542	800009bc	fd684f03	lbu	x30,-42(x16)	 x16:0x80008843 x30=0x00000002 PA:0x80008819
        5445000	       543	800009c0	003c4f03	lbu	x30,3(x24)	 x24:0x80008c64 x30=0x00000087 PA:0x80008c67
        5455000	       544	800009c4	1f2b8b23	sb	x18,502(x23)	 x23:0x80008dc9 x18:0x7fff79e4 PA:0x80008fbf
        5465000	       545	800009c8	ff061e03	lh	x28,-16(x12)	 x12:0x80008ba6 x28=0x00007c7d PA:0x80008b96
        5475000	       546	800009cc	03060283	lb	x5,48(x12)	 x12:0x80008ba6  x5=0xffffffbd PA:0x80008bd6
        5485000	       547	800009d0	01cc03a3	sb	x28,7(x24)	 x24:0x80008c64 x28:0x00007c7d PA:0x80008c6b
        5495000	       548	800009d4	ed3b80a3	sb	x19,-319(x23)	 x23:0x80008dc9 x19:0x00002a2b PA:0x80008c8a
        5505000	       549	800009d8	d73bca83	lbu	x21,-653(x23)	 x23:0x80008dc9 x21=0x00000027 PA:0x80008b3c
        5515000	       550	00000000	00000013	addi	x0,x0,0	  x0:0x00000000
        5525000	       551	800009dc	fd534903	lbu	x18,-43(x6)	  x6:0x8000890c x18=0x000000ca PA:0x800088e1
        5535000	       552	800009e0	00fc00a3	sb	x15,1(x24)	 x24:0x80008c64 x15:0xffff8687 PA:0x80008c65
        5545000	       553	800009e4	ff860ba3	sb	x24,-9(x12)	 x12:0x80008ba6 x24:0x80008c64 PA:0x80008b9d
        5555000	       554	800009e8	01e80083	lb	x1,30(x16)	 x16:0x80008843  x1=0x0000004a PA:0x80008861
        5565000	       555	800009ec	c34bcf83	lbu	x31,-972(x23)	 x23:0x80008dc9 x31=0x000000e6 PA:0x800089fd
        5575000	       556	800009f0	fea30a83	lb	x21,-22(x6)	  x6:0x8000890c x21=0xffffffdd PA:0x800088f6
        5585000	       557	800009f4	02734203	lbu	x4,39(x6)	  x6:0x8000890c  x4=0x00000018 PA:0x80008933
        5595000	       558	800009f8	fc160883	lb	x17,-63(x12)	 x12:0x80008ba6 x17=0x0000004c PA:0x80008b67
        5605000	       559	800009fc	01d81f03	lh	x30,29(x16)	 x16:0x80008843 x30=0x00004a4b PA:0x80008860
        5615000	       560	80000a00	00008397	auipc	x7,0x8	  x7=0x800089fc
        5625000	       561	80000a04	84238393	addi	x7,x7,-1982	  x7:0x800089fc  x7=0x8000823e
        5635000	       562	80000a08	01274db3	xor	x27,x14,x18	 x14:0x80009fc4 x18:0x000000ca x27=0x80009f0e
        5645000	       563	80000a0c	fd838c03	lb	x24,-40(x7)	  x7:0x8000823e x24=0xffffffcd PA:0x80008216
        5655000	       564	80000a10	03239523	sh	x18,42(x7)	  x7:0x8000823e x18:0x000000ca PA:0x80008268
        5665000	       565	80000a14	01a25933	srl	x18,x4,x26	  x4:0x00000018 x26:0xffffffc6 x18=0x00000000
        5675000	       566	80000a18	019af2b3	and	x5,x21,x25	 x21:0xffffffdd x25:0x80009f64  x5=0x80009f44
        5685000	       567	80000a1c	ffe39f23	sh	x30,-2(x7)	  x7:0x8000823e x30:0x00004a4b PA:0x8000823c
        5695000	       568	80000a20	c49819b7	lui	x19,0xc4981	 x19=0xc4981000
        5705000	       569	80000a24	0103c503	lbu	x10,16(x7)	  x7:0x8000823e x10=0x00000005 PA:0x8000824e
        5715000	       570	80000a28	e99c0913	addi	x18,x24,-359	 x24:0xffffffcd x18=0xfffffe66
        5725000	       571	80000a2c	64a47493	andi	x9,x8,1610	  x8:0x0000b0b1  x9=0x00000000
        5735000	       572	80000a30	fc238023	sb	x2,-64(x7)	  x7:0x8000823e  x2:0x02c59a21 PA:0x800081fe
        5745000	       573	80000a34	f0674637	lui	x12,0xf0674	 x12=0xf0674000
        5755000	       574	80000a38	bdf0be93	sltiu	x29,x1,-1057	  x1:0x0000004a x29=0x00000001
        5765000	       575	80000a3c	00991933	sll	x18,x18,x9	 x18:0xfffffe66  x9:0x00000000 x18=0xfffffe66
        5775000	       576	80000a40	004d9b93	slli	x23,x27,0x4	 x27:0x80009f0e x23=0x0009f0e0
        5785000	       577	80000a44	fdc3d083	lhu	x1,-36(x7)	  x7:0x8000823e  x1=0x0000d0d1 PA:0x8000821a
        5795000	       578	80000a48	41c5d593	srai	x11,x11,0x1c	 x11:0x800082bf x11=0xfffffff8
        5805000	       579	80000a4c	012520b3	slt	x1,x10,x18	 x10:0x00000005 x18:0xfffffe66  x1=0x00000000
        5815000	       580	80000a50	01df59b3	srl	x19,x30,x29	 x30:0x00004a4b x29:0x00000001 x19=0x00002525
        5825000	       581	80000a54	03138223	sb	x17,36(x7)	  x7:0x8000823e x17:0x0000004c PA:0x80008262
        5835000	       582	80000a58	fcf38203	lb	x4,-49(x7)	  x7:0x8000823e  x4=0xffffffc6 PA:0x8000820d
        5845000	       583	80000a5c	67007413	andi	x8,x0,1648	  x0:0x00000000  x8=0x00000000
        5855000	       584	80000a60	01ea40b3	xor	x1,x20,x30	 x20:0x00005859 x30:0x00004a4b  x1=0x00001212
        5865000	       585	80000a64	54b0c813	xori	x16,x1,1355	  x1:0x00001212 x16=0x00001759
        5875000	       586	80000a68	01edbdb3	sltu	x27,x27,x30	 x27:0x80009f0e x30:0x00004a4b x27=0x00000000
        5885000	       587	80000a6c	01d3cd83	lbu	x27,29(x7)	  x7:0x8000823e x27=0x00000010 PA:0x8000825b
        5895000	       588	80000a70	0196d593	srli	x11,x13,0x19	 x13:0xffff82bf x11=0x0000007f
        5905000	       589	80000a74	ef19a413	slti	x8,x19,-271	 x19:0x00002525  x8=0x00000000
        5915000	       590	80000a78	ebfa2613	slti	x12,x20,-321	 x20:0x00005859 x12=0x00000000
        5925000	       591	80000a7c	01c39403	lh	x8,28(x7)	  x7:0x8000823e  x8=0x00001011 PA:0x8000825a
        5935000	       592	80000a80	03138583	lb	x11,49(x7)	  x7:0x8000823e x11=0x00000024 PA:0x8000826f
        5945000	       593	80000a84	0233c803	lbu	x16,35(x7)	  x7:0x8000823e x16=0x0000001a PA:0x80008261
        5955000	       594	80000a88	00007d17	auipc	x26,0x7	 x26=0x80007a84
        5965000	       595	80000a8c	76dd0d13	addi	x26,x26,1901	 x26:0x80007a84 x26=0x800081f1
        5975000	       596	80000a90	01ace8b3	or	x17,x25,x26	 x25:0x80009f64 x26:0x800081f1 x17=0x80009ff5
        5985000	       597	80000a94	fe7d0ba3	sb	x7,-9(x26)	 x26:0x800081f1  x7:0x8000823e PA:0x800081e8
        5995000	       598	80000a98	fffd0ba3	sb	x31,-9(x26)	 x26:0x800081f1 x31:0x000000e6 PA:0x800081e8
        6005000	       599	80000a9c	01087933	and	x18,x16,x16	 x16:0x0000001a x16:0x0000001a x18=0x0000001a
        6015000	       600	80000aa0	9340b613	sltiu	x12,x1,-1740	  x1:0x00001212 x12=0x00000001
        6025000	       601	80000aa4	ffed0ba3	sb	x30,-9(x26)	 x26:0x800081f1 x30:0x00004a4b PA:0x800081e8
        6035000	       602	80000aa8	fe1d1ba3	sh	x1,-9(x26)	 x26:0x800081f1  x1:0x00001212 PA:0x800081e8
        6045000	       603	80000aac	fe6d1ba3	sh	x6,-9(x26)	 x26:0x800081f1  x6:0x8000890c PA:0x800081e8
        6055000	       604	80000ab0	ff7d4603	lbu	x12,-9(x26)	 x26:0x800081f1 x12=0x0000000c PA:0x800081e8
        6065000	       605	80000ab4	ff7d2283	lw	x5,-9(x26)	 x26:0x800081f1  x5=0xa0a1890c PA:0x800081e8
        6075000	       606	80000ab8	ff7d2883	lw	x17,-9(x26)	 x26:0x800081f1 x17=0xa0a1890c PA:0x800081e8
        6085000	       607	80000abc	42c2d917	auipc	x18,0x42c2d	 x18=0xc2c2dab8
        6095000	       608	80000ac0	ff7d0283	lb	x5,-9(x26)	 x26:0x800081f1  x5=0x0000000c PA:0x800081e8
        6105000	       609	80000ac4	ff7d4a83	lbu	x21,-9(x26)	 x26:0x800081f1 x21=0x0000000c PA:0x800081e8
        6115000	       610	80000ac8	ff7d1183	lh	x3,-9(x26)	 x26:0x800081f1  x3=0xffff890c PA:0x800081e8
        6125000	       611	80000acc	ffbd1ba3	sh	x27,-9(x26)	 x26:0x800081f1 x27:0x00000010 PA:0x800081e8
        6135000	       612	80000ad0	ff7d1283	lh	x5,-9(x26)	 x26:0x800081f1  x5=0x00000010 PA:0x800081e8
        6145000	       613	80000ad4	ff7d4a83	lbu	x21,-9(x26)	 x26:0x800081f1 x21=0x00000010 PA:0x800081e8
        6155000	       614	80000ad8	00008b17	auipc	x22,0x8	 x22=0x80008ad4
        6165000	       615	80000adc	4f9b0b13	addi	x22,x22,1273	 x22:0x80008ad4 x22=0x80008fcd
        6175000	       616	80000ae0	ba583893	sltiu	x17,x16,-1115	 x16:0x0000001a x17=0x00000001
        6185000	       617	80000ae4	7eb17a93	andi	x21,x2,2027	  x2:0x02c59a21 x21=0x00000221
        6195000	       618	80000ae8	00e71613	slli	x12,x14,0xe	 x14:0x80009fc4 x12=0x27f10000
        6205000	       619	80000aec	016b0423	sb	x22,8(x22)	 x22:0x80008fcd x22:0x80008fcd PA:0x80008fd5
        6215000	       620	80000af0	ff9b0983	lb	x19,-7(x22)	 x22:0x80008fcd x19=0xffffffad PA:0x80008fc6
        6225000	       621	80000af4	4b7d4e37	lui	x28,0x4b7d4	 x28=0x4b7d4000
        6235000	       622	80000af8	00cb4403	lbu	x8,12(x22)	 x22:0x80008fcd  x8=0x000000c2 PA:0x80008fd9
        6245000	       623	80000afc	ff9b1e83	lh	x29,-7(x22)	 x22:0x80008fcd x29=0xffffacad PA:0x80008fc6
        6255000	       624	80000b00	00cb4b83	lbu	x23,12(x22)	 x22:0x80008fcd x23=0x000000c2 PA:0x80008fd9
        6265000	       625	80000b04	010b7833	and	x16,x22,x16	 x22:0x80008fcd x16:0x0000001a x16=0x00000008
        6275000	       626	80000b08	40db8233	sub	x4,x23,x13	 x23:0x000000c2 x13:0xffff82bf  x4=0x00007e03
        6285000	       627	80000b0c	00fb5503	lhu	x10,15(x22)	 x22:0x80008fcd x10=0x0000c6c7 PA:0x80008fdc
        6295000	       628	80000b10	81cc8093	addi	x1,x25,-2020	 x25:0x80009f64  x1=0x80009780
        6305000	       629	80000b14	003b0623	sb	x3,12(x22)	 x22:0x80008fcd  x3:0xffff890c PA:0x80008fd9
        6315000	       630	80000b18	00000013	addi	x0,x0,0	  x0:0x00000000
        6325000	       631	80000b1c	00ab4183	lbu	x3,10(x22)	 x22:0x80008fcd  x3=0x000000bc PA:0x80008fd7
        6335000	       632	80000b20	ff6b0503	lb	x10,-10(x22)	 x22:0x80008fcd x10=0xffffffa8 PA:0x80008fc3
        6345000	       633	00000000	00000013	addi	x0,x0,0	  x0:0x00000000
        6355000	       634	80000b24	40d55ab3	sra	x21,x10,x13	 x10:0xffffffa8 x13:0xffff82bf x21=0xffffffff
        6365000	       635	80000b28	fe5b0823	sb	x5,-16(x22)	 x22:0x80008fcd  x5:0x00000010 PA:0x80008fbd
        6375000	       636	80000b2c	fe3b0d23	sb	x3,-6(x22)	 x22:0x80008fcd  x3:0x000000bc PA:0x80008fc7
        6385000	       637	80000b30	fe876813	ori	x16,x14,-24	 x14:0x80009fc4 x16=0xffffffec
        6395000	       638	80000b34	005b0a03	lb	x20,5(x22)	 x22:0x80008fcd x20=0xffffffb9 PA:0x80008fd2
        6405000	       639	80000b38	fffb1ca3	sh	x31,-7(x22)	 x22:0x80008fcd x31:0x000000e6 PA:0x80008fc6
        6415000	       640	80000b3c	feab0923	sb	x10,-14(x22)	 x22:0x80008fcd x10:0xffffffa8 PA:0x80008fbf
        6425000	       641	80000b40	40b6dd93	srai	x27,x13,0xb	 x13:0xffff82bf x27=0xfffffff0
        6435000	       642	80000b44	ff2b0683	lb	x13,-14(x22)	 x22:0x80008fcd x13=0xffffffa8 PA:0x80008fbf
        6445000	       643	80000b48	f58cfc17	auipc	x24,0xf58cf	 x24=0x758cfb44
        6455000	       644	80000b4c	408755b3	sra	x11,x14,x8	 x14:0x80009fc4  x8:0x000000c2 x11=0xe00027f1
        6465000	       645	80000b50	d5e6e793	ori	x15,x13,-674	 x13:0xffffffa8 x15=0xfffffffe
        6475000	       646	80000b54	fe7b1ca3	sh	x7,-7(x22)	 x22:0x80008fcd  x7:0x8000823e PA:0x80008fc6
        6485000	       647	80000b58	00cb4583	lbu	x11,12(x22)	 x22:0x80008fcd x11=0x0000000c PA:0x80008fd9
        6495000	       648	80000b5c	004345b3	xor	x11,x6,x4	  x6:0x8000890c  x4:0x00007e03 x11=0x8000f70f
        6505000	       649	80000b60	00ac59b3	srl	x19,x24,x10	 x24:0x758cfb44 x10:0xffffffa8 x19=0x00758cfb
        6515000	       650	80000b64	00b5b2b3	sltu	x5,x11,x11	 x11:0x8000f70f x11:0x8000f70f  x5=0x00000000
        6525000	       651	80000b68	ffbb0aa3	sb	x27,-11(x22)	 x22:0x80008fcd x27:0xfffffff0 PA:0x80008fc2
        6535000	       652	80000b6c	a1b3b393	sltiu	x7,x7,-1509	  x7:0x8000823e  x7=0x00000001
        6545000	       653	80000b70	feeb08a3	sb	x14,-15(x22)	 x22:0x80008fcd x14:0x80009fc4 PA:0x80008fbe
        6555000	       654	80000b74	3e94c893	xori	x17,x9,1001	  x9:0x00000000 x17=0x000003e9
        6565000	       655	80000b78	012bb833	sltu	x16,x23,x18	 x23:0x000000c2 x18:0xc2c2dab8 x16=0x00000001
        6575000	       656	80000b7c	edd0eb93	ori	x23,x1,-291	  x1:0x80009780 x23=0xffffffdd
        6585000	       657	80000b80	00cb0903	lb	x18,12(x22)	 x22:0x80008fcd x18=0x0000000c PA:0x80008fd9
        6595000	       658	80000b84	ffab4183	lbu	x3,-6(x22)	 x22:0x80008fcd  x3=0x00000082 PA:0x80008fc7
        6605000	       659	80000b88	00bfc2b3	xor	x5,x31,x11	 x31:0x000000e6 x11:0x8000f70f  x5=0x8000f7e9
        6615000	       660	80000b8c	004b0583	lb	x11,4(x22)	 x22:0x80008fcd x11=0xffffffba PA:0x80008fd1
        6625000	       661	80000b90	00008417	auipc	x8,0x8	  x8=0x80008b8c
        6635000	       662	80000b94	a3340413	addi	x8,x8,-1485	  x8:0x80008b8c  x8=0x800085bf
        6645000	       663	80000b98	ffe40e03	lb	x28,-2(x8)	  x8:0x800085bf x28=0x00000076 PA:0x800085bd
        6655000	       664	80000b9c	fdf45083	lhu	x1,-33(x8)	  x8:0x800085bf  x1=0x00005455 PA:0x8000859e
        6665000	       665	80000ba0	fdf45c03	lhu	x24,-33(x8)	  x8:0x800085bf x24=0x00005455 PA:0x8000859e
        6675000	       666	80000ba4	03745e83	lhu	x29,55(x8)	  x8:0x800085bf x29=0x0000acad PA:0x800085f6
        6685000	       667	80000ba8	01bdc933	xor	x18,x27,x27	 x27:0xfffffff0 x27:0xfffffff0 x18=0x00000000
        6695000	       668	80000bac	03741003	lh	x0,55(x8)	  x8:0x800085bf PA:0x800085f6
        6705000	       669	80000bb0	03744803	lbu	x16,55(x8)	  x8:0x800085bf x16=0x000000ad PA:0x800085f6
        6715000	       670	80000bb4	03744d03	lbu	x26,55(x8)	  x8:0x800085bf x26=0x000000ad PA:0x800085f6
        6725000	       671	80000bb8	feb40323	sb	x11,-26(x8)	  x8:0x800085bf x11:0xffffffba PA:0x800085a5
        6735000	       672	80000bbc	fee40323	sb	x14,-26(x8)	  x8:0x800085bf x14:0x80009fc4 PA:0x800085a5
        6745000	       673	80000bc0	fe644f03	lbu	x30,-26(x8)	  x8:0x800085bf x30=0x000000c4 PA:0x800085a5
        6755000	       674	80000bc4	fe640f83	lb	x31,-26(x8)	  x8:0x800085bf x31=0xffffffc4 PA:0x800085a5
        6765000	       675	80000bc8	00e44e03	lbu	x28,14(x8)	  x8:0x800085bf x28=0x00000086 PA:0x800085cd
        6775000	       676	80000bcc	00e40f03	lb	x30,14(x8)	  x8:0x800085bf x30=0xffffff86 PA:0x800085cd
        6785000	       677	80000bd0	01b59693	slli	x13,x11,0x1b	 x11:0xffffffba x13=0xd0000000
        6795000	       678	80000bd4	00140723	sb	x1,14(x8)	  x8:0x800085bf  x1:0x00005455 PA:0x800085cd
        6805000	       679	80000bd8	fde44883	lbu	x17,-34(x8)	  x8:0x800085bf x17=0x00000056 PA:0x8000859d
        6815000	       680	80000bdc	a88c3513	sltiu	x10,x24,-1400	 x24:0x00005455 x10=0x00000001
        6825000	       681	80000be0	0036d293	srli	x5,x13,0x3	 x13:0xd0000000  x5=0x1a000000
        6835000	       682	80000be4	02040683	lb	x13,32(x8)	  x8:0x800085bf x13=0xffffff94 PA:0x800085df
        6845000	       683	80000be8	00008697	auipc	x13,0x8	 x13=0x80008be4
        6855000	       684	80000bec	fe068693	addi	x13,x13,-32	 x13:0x80008be4 x13=0x80008bc4
        6865000	       685	80000bf0	00008517	auipc	x10,0x8	 x10=0x80008bec
        6875000	       686	80000bf4	d9150513	addi	x10,x10,-623	 x10:0x80008bec x10=0x8000897d
        6885000	       687	80000bf8	00008597	auipc	x11,0x8	 x11=0x80008bf4
        6895000	       688	80000bfc	f0658593	addi	x11,x11,-250	 x11:0x80008bf4 x11=0x80008afa
        6905000	       689	80000c00	00008e97	auipc	x29,0x8	 x29=0x80008bfc
        6915000	       690	80000c04	c96e8e93	addi	x29,x29,-874	 x29:0x80008bfc x29=0x80008892
        6925000	       691	80000c08	01054f83	lbu	x31,16(x10)	 x10:0x8000897d x31=0x00000076 PA:0x8000898d
        6935000	       692	80000c0c	03759323	sh	x23,38(x11)	 x11:0x80008afa x23:0xffffffdd PA:0x80008b20
        6945000	       693	80000c10	01050283	lb	x5,16(x10)	 x10:0x8000897d  x5=0x00000076 PA:0x8000898d
        6955000	       694	80000c14	fe26d003	lhu	x0,-30(x13)	 x13:0x80008bc4 PA:0x80008ba6
        6965000	       695	80000c18	01ee8003	lb	x0,30(x29)	 x29:0x80008892 PA:0x800088b0
        6975000	       696	80000c1c	fe668923	sb	x6,-14(x13)	 x13:0x80008bc4  x6:0x8000890c PA:0x80008bb6
        6985000	       697	80000c20	ff850403	lb	x8,-8(x10)	 x10:0x8000897d  x8=0x0000005e PA:0x80008975
        6995000	       698	80000c24	03259283	lh	x5,50(x11)	 x11:0x80008afa  x5=0x00001617 PA:0x80008b2c
        7005000	       699	80000c28	fc4587a3	sb	x4,-49(x11)	 x11:0x80008afa  x4:0x00007e03 PA:0x80008ac9
        7015000	       700	80000c2c	03568783	lb	x15,53(x13)	 x13:0x80008bc4 x15=0xffffffe2 PA:0x80008bf9
        7025000	       701	80000c30	040e9203	lh	x4,64(x29)	 x29:0x80008892  x4=0xffffb8b9 PA:0x800088d2
        7035000	       702	00000000	00000013	addi	x0,x0,0	  x0:0x00000000
        7045000	       703	80000c34	fe458023	sb	x4,-32(x11)	 x11:0x80008afa  x4:0xffffb8b9 PA:0x80008ada
        7055000	       704	80000c38	fcd5c403	lbu	x8,-51(x11)	 x11:0x80008afa  x8=0x000000ac PA:0x80008ac7
        7065000	       705	80000c3c	037e8d83	lb	x27,55(x29)	 x29:0x80008892 x27=0xffffffb2 PA:0x800088c9
        7075000	       706	80000c40	01468203	lb	x4,20(x13)	 x13:0x80008bc4  x4=0xffffffc3 PA:0x80008bd8
        7085000	       707	80000c44	00b50e03	lb	x28,11(x10)	 x10:0x8000897d x28=0x00000073 PA:0x80008988
        7095000	       708	80000c48	012eab03	lw	x22,18(x29)	 x29:0x80008892 x22=0x8c8d8e8f PA:0x800088a4
        7105000	       709	80000c4c	00859423	sh	x8,8(x11)	 x11:0x80008afa  x8:0x000000ac PA:0x80008b02
        7115000	       710	80000c50	fc859a83	lh	x21,-56(x11)	 x11:0x80008afa x21=0xffffa8a9 PA:0x80008ac2
        7125000	       711	80000c54	ff0e84a3	sb	x16,-23(x29)	 x29:0x80008892 x16:0x000000ad PA:0x8000887b
        7135000	       712	80000c58	fde58023	sb	x30,-64(x11)	 x11:0x80008afa x30:0xffffff86 PA:0x80008aba
        7145000	       713	80000c5c	017e8983	lb	x19,23(x29)	 x29:0x80008892 x19=0xffffff92 PA:0x800088a9
        7155000	       714	80000c60	fe050d23	sb	x0,-6(x10)	 x10:0x8000897d  x0:0x00000000 PA:0x80008977
        7165000	       715	80000c64	027686a3	sb	x7,45(x13)	 x13:0x80008bc4  x7:0x00000001 PA:0x80008bf1
        7175000	       716	80000c68	03059283	lh	x5,48(x11)	 x11:0x80008afa  x5=0x00001011 PA:0x80008b2a
        7185000	       717	80000c6c	012ec983	lbu	x19,18(x29)	 x29:0x80008892 x19=0x0000008f PA:0x800088a4
        7195000	       718	80000c70	00008917	auipc	x18,0x8	 x18=0x80008c6c
        7205000	       719	80000c74	98390913	addi	x18,x18,-1661	 x18:0x80008c6c x18=0x800085ef
        7215000	       720	80000c78	ff294603	lbu	x12,-14(x18)	 x18:0x800085ef x12=0x0000009a PA:0x800085e1
        7225000	       721	80000c7c	01c3f5b3	and	x11,x7,x28	  x7:0x00000001 x28:0x00000073 x11=0x00000001
        7235000	       722	80000c80	0059c9b3	xor	x19,x19,x5	 x19:0x0000008f  x5:0x00001011 x19=0x0000109e
        7245000	       723	80000c84	00f90583	lb	x11,15(x18)	 x18:0x800085ef x11=0xffffffb5 PA:0x800085fe
        7255000	       724	80000c88	00f90f83	lb	x31,15(x18)	 x18:0x800085ef x31=0xffffffb5 PA:0x800085fe
        7265000	       725	80000c8c	00f95c03	lhu	x24,15(x18)	 x18:0x800085ef x24=0x0000b4b5 PA:0x800085fe
        7275000	       726	80000c90	019cdbb3	srl	x23,x25,x25	 x25:0x80009f64 x25:0x80009f64 x23=0x080009f6
        7285000	       727	80000c94	00f90603	lb	x12,15(x18)	 x18:0x800085ef x12=0xffffffb5 PA:0x800085fe
        7295000	       728	80000c98	01690123	sb	x22,2(x18)	 x18:0x800085ef x22:0x8c8d8e8f PA:0x800085f1
        7305000	       729	80000c9c	00090423	sb	x0,8(x18)	 x18:0x800085ef  x0:0x00000000 PA:0x800085f7
        7315000	       730	80000ca0	26dafb93	andi	x23,x21,621	 x21:0xffffa8a9 x23=0x00000029
        7325000	       731	80000ca4	01d78233	add	x4,x15,x29	 x15:0xffffffe2 x29:0x80008892  x4=0x80008874
        7335000	       732	80000ca8	ff590a83	lb	x21,-11(x18)	 x18:0x800085ef x21=0xffffff9f PA:0x800085e4
        7345000	       733	80000cac	00e90983	lb	x19,14(x18)	 x18:0x800085ef x19=0xffffffb6 PA:0x800085fd
        7355000	       734	80000cb0	00e90723	sb	x14,14(x18)	 x18:0x800085ef x14:0x80009fc4 PA:0x800085fd
        7365000	       735	80000cb4	00094983	lbu	x19,0(x18)	 x18:0x800085ef x19=0x000000a4 PA:0x800085ef
        7375000	       736	80000cb8	00b1cdb3	xor	x27,x3,x11	  x3:0x00000082 x11:0xffffffb5 x27=0xffffff37
        7385000	       737	80000cbc	00f95b03	lhu	x22,15(x18)	 x18:0x800085ef x22=0x0000b4b5 PA:0x800085fe
        7395000	       738	80000cc0	ffe90783	lb	x15,-2(x18)	 x18:0x800085ef x15=0xffffffa6 PA:0x800085ed
        7405000	       739	80000cc4	ffe94083	lbu	x1,-2(x18)	 x18:0x800085ef  x1=0x000000a6 PA:0x800085ed
        7415000	       740	00000000	00000013	addi	x0,x0,0	  x0:0x00000000
        7425000	       741	80000cc8	6650fe93	andi	x29,x1,1637	  x1:0x000000a6 x29=0x00000024
        7435000	       742	80000ccc	ffe94083	lbu	x1,-2(x18)	 x18:0x800085ef  x1=0x000000a6 PA:0x800085ed
        7445000	       743	80000cd0	6e44cc17	auipc	x24,0x6e44c	 x24=0xee44cccc
        7455000	       744	80000cd4	01abda63	bge	x23,x26,80000ce8	 x23:0x00000029 x26:0x000000ad
        7465000	       745	80000cd8	00cb0233	add	x4,x22,x12	 x22:0x0000b4b5 x12:0xffffffb5  x4=0x0000b46a
        7475000	       746	80000cdc	cdd86c13	ori	x24,x16,-803	 x16:0x000000ad x24=0xfffffcfd
        7485000	       747	80000ce0	014e85b3	add	x11,x29,x20	 x29:0x00000024 x20:0xffffffb9 x11=0xffffffdd
        7495000	       748	80000ce4	04c6c263	blt	x13,x12,80000d28	 x13:0x80008bc4 x12:0xffffffb5
        7505000	       749	00000000	00000013	addi	x0,x0,0	  x0:0x00000000
        7515000	       750	80000d24	00000013	addi	x0,x0,0	  x0:0x00000000
        7525000	       751	80000d28	004852b3	srl	x5,x16,x4	 x16:0x000000ad  x4:0x0000b46a  x5=0x00000000
        7535000	       752	80000d2c	0142ba33	sltu	x20,x5,x20	  x5:0x00000000 x20:0xffffffb9 x20=0x00000001
        7545000	       753	80000d30	2dda9eb7	lui	x29,0x2dda9	 x29=0x2dda9000
        7555000	       754	80000d34	1805ef37	lui	x30,0x1805e	 x30=0x1805e000
        7565000	       755	80000d38	64e37913	andi	x18,x6,1614	  x6:0x8000890c x18=0x0000000c
        7575000	       756	80000d3c	00000013	addi	x0,x0,0	  x0:0x00000000
        7585000	       757	80000d40	0527e063	bltu	x15,x18,80000d80	 x15:0xffffffa6 x18:0x0000000c
        7595000	       758	80000d44	8bbbaa97	auipc	x21,0x8bbba	 x21=0x0bbbad40
        7605000	       759	80000d48	03ec8463	beq	x25,x30,80000d70	 x25:0x80009f64 x30:0x1805e000
        7615000	       760	80000d4c	002c30b3	sltu	x1,x24,x2	 x24:0xfffffcfd  x2:0x02c59a21  x1=0x00000000
        7625000	       761	80000d50	01526db3	or	x27,x4,x21	  x4:0x0000b46a x21:0x0bbbad40 x27=0x0bbbbd6a
        7635000	       762	80000d54	40ce55b3	sra	x11,x28,x12	 x28:0x00000073 x12:0xffffffb5 x11=0x00000000
        7645000	       763	80000d58	6638cf13	xori	x30,x17,1635	 x17:0x00000056 x30=0x00000635
        7655000	       764	80000d5c	01abac33	slt	x24,x23,x26	 x23:0x00000029 x26:0x000000ad x24=0x00000001
        7665000	       765	80000d60	00000013	addi	x0,x0,0	  x0:0x00000000
        7675000	       766	80000d64	e4f8af93	slti	x31,x17,-433	 x17:0x00000056 x31=0x00000000
        7685000	       767	80000d68	4af1c3b7	lui	x7,0x4af1c	  x7=0x4af1c000
        7695000	       768	80000d6c	564b2193	slti	x3,x22,1380	 x22:0x0000b4b5  x3=0x00000000
        7705000	       769	80000d70	41a55393	srai	x7,x10,0x1a	 x10:0x8000897d  x7=0xffffffe0
        7715000	       770	80000d74	25e27a13	andi	x20,x4,606	  x4:0x0000b46a x20=0x0000004a
        7725000	       771	80000d78	000453b3	srl	x7,x8,x0	  x8:0x000000ac  x0:0x00000000  x7=0x000000ac
        7735000	       772	80000d7c	a9092993	slti	x19,x18,-1392	 x18:0x0000000c x19=0x00000000
        7745000	       773	80000d80	00f8df33	srl	x30,x17,x15	 x17:0x00000056 x15:0xffffffa6 x30=0x00000001
        7755000	       774	80000d84	0442f663	bgeu	x5,x4,80000dd0	  x5:0x00000000  x4:0x0000b46a
        7765000	       775	80000d88	05d6d463	bge	x13,x29,80000dd0	 x13:0x80008bc4 x29:0x2dda9000
        7775000	       776	80000d8c	f3e78d97	auipc	x27,0xf3e78	 x27=0x73e78d88
        7785000	       777	80000d90	5a527ab7	lui	x21,0x5a527	 x21=0x5a527000
        7795000	       778	80000d94	00e75e63	bge	x14,x14,80000db0	 x14:0x80009fc4 x14:0x80009fc4
        7805000	       779	00000000	00000013	addi	x0,x0,0	  x0:0x00000000
        7815000	       780	80000dac	00000013	addi	x0,x0,0	  x0:0x00000000
        7825000	       781	80000db0	00e8ef33	or	x30,x17,x14	 x17:0x00000056 x14:0x80009fc4 x30=0x80009fd6
        7835000	       782	80000db4	84b6ad93	slti	x27,x13,-1973	 x13:0x80008bc4 x27=0x00000001
        7845000	       783	80000db8	06ab4e63	blt	x22,x10,80000e34	 x22:0x0000b4b5 x10:0x8000897d
        7855000	       784	80000dbc	032a1c63	bne	x20,x18,80000df4	 x20:0x0000004a x18:0x0000000c
        7865000	       785	00000000	00000013	addi	x0,x0,0	  x0:0x00000000
        7875000	       786	80000df0	00000013	addi	x0,x0,0	  x0:0x00000000
        7885000	       787	80000df4	b3af5c17	auipc	x24,0xb3af5	 x24=0x33af5df0
        7895000	       788	80000df8	01e618b3	sll	x17,x12,x30	 x12:0xffffffb5 x30:0x80009fd6 x17=0xed400000
        7905000	       789	80000dfc	0113d4b3	srl	x9,x7,x17	  x7:0x000000ac x17:0xed400000  x9=0x000000ac
        7915000	       790	80000e00	c8b97b93	andi	x23,x18,-885	 x18:0x0000000c x23=0x00000008
        7925000	       791	80000e04	008bf5b3	and	x11,x23,x8	 x23:0x00000008  x8:0x000000ac x11=0x00000008
        7935000	       792	80000e08	405c5413	srai	x8,x24,0x5	 x24:0x33af5df0  x8=0x019d7aef
        7945000	       793	80000e0c	00000f17	auipc	x30,0x0	 x30=0x80000e08
        7955000	       794	80000e10	798f0f13	addi	x30,x30,1944	 x30:0x80000e08 x30=0x800015a0
        7965000	       795	80000e14	00dc1e93	slli	x29,x24,0xd	 x24:0x33af5df0 x29=0xebbe0000
        7975000	       796	80000e18	07ff0f13	addi	x30,x30,127	 x30:0x800015a0 x30=0x8000161f
        7985000	       797	80000e1c	00000013	addi	x0,x0,0	  x0:0x00000000
        7995000	       798	80000e20	003c0863	beq	x24,x3,80000e30	 x24:0x33af5df0  x3:0x00000000
        8005000	       799	80000e24	8cd03913	sltiu	x18,x0,-1843	  x0:0x00000000 x18=0x00000001
        8015000	       800	80000e28	a3206413	ori	x8,x0,-1486	  x0:0x00000000  x8=0xfffffa32
        8025000	       801	80000e2c	01b5d513	srli	x10,x11,0x1b	 x11:0x00000008 x10=0x00000000
        8035000	       802	80000e30	f82f0de7	jalr	x27,x30,-126	 x30:0x8000161f x27=0x80000e30
        8045000	       803	00000000	00000013	addi	x0,x0,0	  x0:0x00000000
        8055000	       804	800015a0	00000013	addi	x0,x0,0	  x0:0x00000000
        8065000	       805	800015a4	01fb1663	bne	x22,x31,800015b0	 x22:0x0000b4b5 x31:0x00000000
        8075000	       806	00000000	00000013	addi	x0,x0,0	  x0:0x00000000
        8085000	       807	800015ac	00000013	addi	x0,x0,0	  x0:0x00000000
        8095000	       808	800015b0	fd8c8c93	addi	x25,x25,-40	 x25:0x80009f64 x25=0x80009f3c
        8105000	       809	800015b4	00c604b3	add	x9,x12,x12	 x12:0xffffffb5 x12:0xffffffb5  x9=0xffffff6a
        8115000	       810	800015b8	01bca223	sw	x27,4(x25)	 x25:0x80009f3c x27:0x80000e30 PA:0x80009f40
        8125000	       811	800015bc	00bfdfb3	srl	x31,x31,x11	 x31:0x00000000 x11:0x00000008 x31=0x00000000
        8135000	       812	800015c0	5b3e0613	addi	x12,x28,1459	 x28:0x00000073 x12=0x00000626
        8145000	       813	800015c4	00007b97	auipc	x23,0x7	 x23=0x800085c0
        8155000	       814	800015c8	da4b8b93	addi	x23,x23,-604	 x23:0x800085c0 x23=0x80008364
        8165000	       815	800015cc	010bd003	lhu	x0,16(x23)	 x23:0x80008364 PA:0x80008374
        8175000	       816	800015d0	010bae83	lw	x29,16(x23)	 x23:0x80008364 x29=0x2c2d2e2f PA:0x80008374
        8185000	       817	800015d4	010b9e83	lh	x29,16(x23)	 x23:0x80008364 x29=0x00002e2f PA:0x80008374
        8195000	       818	800015d8	007b8a23	sb	x7,20(x23)	 x23:0x80008364  x7:0x000000ac PA:0x80008378
        8205000	       819	800015dc	00db8303	lb	x6,13(x23)	 x23:0x80008364  x6=0x0000002a PA:0x80008371
        8215000	       820	800015e0	002b86a3	sb	x2,13(x23)	 x23:0x80008364  x2:0x02c59a21 PA:0x80008371
        8225000	       821	800015e4	032b9d23	sh	x18,58(x23)	 x23:0x80008364 x18:0x00000001 PA:0x8000839e
        8235000	       822	800015e8	008110b3	sll	x1,x2,x8	  x2:0x02c59a21  x8:0xfffffa32  x1=0x68840000
        8245000	       823	800015ec	03abc183	lbu	x3,58(x23)	 x23:0x80008364  x3=0x00000001 PA:0x8000839e
        8255000	       824	800015f0	03db8d23	sb	x29,58(x23)	 x23:0x80008364 x29:0x00002e2f PA:0x8000839e
        8265000	       825	800015f4	028bce83	lbu	x29,40(x23)	 x23:0x80008364 x29=0x00000047 PA:0x8000838c
        8275000	       826	800015f8	f49b8213	addi	x4,x23,-183	 x23:0x80008364  x4=0x800082ad
        8285000	       827	800015fc	fe5bcf03	lbu	x30,-27(x23)	 x23:0x80008364 x30=0x00000002 PA:0x80008349
        8295000	       828	80001600	401787b3	sub	x15,x15,x1	 x15:0xffffffa6  x1:0x68840000 x15=0x977bffa6
        8305000	       829	80001604	ff6b9123	sh	x22,-30(x23)	 x23:0x80008364 x22:0x0000b4b5 PA:0x80008346
        8315000	       830	80001608	fe2b8083	lb	x1,-30(x23)	 x23:0x80008364  x1=0xffffffb5 PA:0x80008346
        8325000	       831	8000160c	010ba383	lw	x7,16(x23)	 x23:0x80008364  x7=0x2c2d2e2f PA:0x80008374
        8335000	       832	80001610	00cbdb03	lhu	x22,12(x23)	 x23:0x80008364 x22=0x0000212b PA:0x80008370
        8345000	       833	80001614	037b81a3	sb	x23,35(x23)	 x23:0x80008364 x23:0x80008364 PA:0x80008387
        8355000	       834	80001618	005b8403	lb	x8,5(x23)	 x23:0x80008364  x8=0x00000022 PA:0x80008369
        8365000	       835	8000161c	00008d17	auipc	x26,0x8	 x26=0x80009618
        8375000	       836	80001620	830d0d13	addi	x26,x26,-2000	 x26:0x80009618 x26=0x80008e48
        8385000	       837	80001624	87246013	ori	x0,x8,-1934	  x8:0x00000022
        8395000	       838	80001628	412559b3	sra	x19,x10,x18	 x10:0x00000000 x18:0x00000001 x19=0x00000000
        8405000	       839	8000162c	a70c2e13	slti	x28,x24,-1424	 x24:0x33af5df0 x28=0x00000000
        8415000	       840	80001630	00c3c5b3	xor	x11,x7,x12	  x7:0x2c2d2e2f x12:0x00000626 x11=0x2c2d2809
        8425000	       841	80001634	00fc0ab3	add	x21,x24,x15	 x24:0x33af5df0 x15:0x977bffa6 x21=0xcb2b5d96
        8435000	       842	80001638	42d44093	xori	x1,x8,1069	  x8:0x00000022  x1=0x0000040f
        8445000	       843	8000163c	010d0123	sb	x16,2(x26)	 x26:0x80008e48 x16:0x000000ad PA:0x80008e4a
        8455000	       844	80001640	657d0893	addi	x17,x26,1623	 x26:0x80008e48 x17=0x8000949f
        8465000	       845	80001644	12a5f797	auipc	x15,0x12a5f	 x15=0x92a60640
        8475000	       846	80001648	4195d633	sra	x12,x11,x25	 x11:0x2c2d2809 x25:0x80009f3c x12=0x00000002
        8485000	       847	8000164c	78130813	addi	x16,x6,1921	  x6:0x0000002a x16=0x000007ab
        8495000	       848	80001650	feed0a23	sb	x14,-12(x26)	 x26:0x80008e48 x14:0x80009fc4 PA:0x80008e3c
        8505000	       849	80001654	002d5083	lhu	x1,2(x26)	 x26:0x80008e48  x1=0x000030ad PA:0x80008e4a
        8515000	       850	80001658	00881f93	slli	x31,x16,0x8	 x16:0x000007ab x31=0x0007ab00
        8525000	       851	8000165c	ff9d0e23	sb	x25,-4(x26)	 x26:0x80008e48 x25:0x80009f3c PA:0x80008e44
        8535000	       852	80001660	ff8d0b23	sb	x24,-10(x26)	 x26:0x80008e48 x24:0x33af5df0 PA:0x80008e3e
        8545000	       853	80001664	9bbaff13	andi	x30,x21,-1605	 x21:0xcb2b5d96 x30=0xcb2b5992
        8555000	       854	80001668	01bd03a3	sb	x27,7(x26)	 x26:0x80008e48 x27:0x80000e30 PA:0x80008e4f
        8565000	       855	8000166c	40b85193	srai	x3,x16,0xb	 x16:0x000007ab  x3=0x00000000
        8575000	       856	80001670	006b4933	xor	x18,x22,x6	 x22:0x0000212b  x6:0x0000002a x18=0x00002101
        8585000	       857	80001674	000d5183	lhu	x3,0(x26)	 x26:0x80008e48  x3=0x00003233 PA:0x80008e48
        8595000	       858	80001678	010d0323	sb	x16,6(x26)	 x26:0x80008e48 x16:0x000007ab PA:0x80008e4e
        8605000	       859	8000167c	d7b6e913	ori	x18,x13,-645	 x13:0x80008bc4 x18=0xffffffff
        8615000	       860	80001680	a61fe913	ori	x18,x31,-1439	 x31:0x0007ab00 x18=0xfffffb61
        8625000	       861	80001684	0025ca33	xor	x20,x11,x2	 x11:0x2c2d2809  x2:0x02c59a21 x20=0x2ee8b228
        8635000	       862	80001688	7c814413	xori	x8,x2,1992	  x2:0x02c59a21  x8=0x02c59de9
        8645000	       863	8000168c	4039df93	srai	x31,x19,0x3	 x19:0x00000000 x31=0x00000000
        8655000	       864	80001690	01410a33	add	x20,x2,x20	  x2:0x02c59a21 x20:0x2ee8b228 x20=0x31ae4c49
        8665000	       865	80001694	006d5383	lhu	x7,6(x26)	 x26:0x80008e48  x7=0x000030ab PA:0x80008e4e
        8675000	       866	80001698	0126cb33	xor	x22,x13,x18	 x13:0x80008bc4 x18:0xfffffb61 x22=0x7fff70a5
        8685000	       867	8000169c	fe4d1d23	sh	x4,-6(x26)	 x26:0x80008e48  x4:0x800082ad PA:0x80008e42
        8695000	       868	800016a0	47a2b693	sltiu	x13,x5,1146	  x5:0x00000000 x13=0x00000001
        8705000	       869	800016a4	018d0223	sb	x24,4(x26)	 x26:0x80008e48 x24:0x33af5df0 PA:0x80008e4c
        8715000	       870	800016a8	01d35213	srli	x4,x6,0x1d	  x6:0x0000002a  x4=0x00000000
        8725000	       871	800016ac	01cfd333	srl	x6,x31,x28	 x31:0x00000000 x28:0x00000000  x6=0x00000000
        8735000	       872	800016b0	009f95b3	sll	x11,x31,x9	 x31:0x00000000  x9:0xffffff6a x11=0x00000000
        8745000	       873	800016b4	40055e33	sra	x28,x10,x0	 x10:0x00000000  x0:0x00000000 x28=0x00000000
        8755000	       874	800016b8	56fc6d93	ori	x27,x24,1391	 x24:0x33af5df0 x27=0x33af5dff
        8765000	       875	800016bc	ff7d0303	lb	x6,-9(x26)	 x26:0x80008e48  x6=0x00000024 PA:0x80008e3f
        8775000	       876	800016c0	00007e17	auipc	x28,0x7	 x28=0x800086bc
        8785000	       877	800016c4	fb5e0e13	addi	x28,x28,-75	 x28:0x800086bc x28=0x80008671
        8795000	       878	800016c8	fa8e0823	sb	x8,-80(x28)	 x28:0x80008671  x8:0x02c59de9 PA:0x80008621
        8805000	       879	800016cc	006e1313	slli	x6,x28,0x6	 x28:0x80008671  x6=0x00219c40
        8815000	       880	800016d0	fb0e4503	lbu	x10,-80(x28)	 x28:0x80008671 x10=0x000000e9 PA:0x80008621
        8825000	       881	800016d4	fb0e4183	lbu	x3,-80(x28)	 x28:0x80008671  x3=0x000000e9 PA:0x80008621
        8835000	       882	800016d8	fb0e4f03	lbu	x30,-80(x28)	 x28:0x80008671 x30=0x000000e9 PA:0x80008621
        8845000	       883	800016dc	fb3e0803	lb	x16,-77(x28)	 x28:0x80008671 x16=0x00000000 PA:0x80008624
        8855000	       884	800016e0	fb3e5d83	lhu	x27,-77(x28)	 x28:0x80008671 x27=0x00000000 PA:0x80008624
        8865000	       885	800016e4	f0be1e83	lh	x29,-245(x28)	 x28:0x80008671 x29=0x00003637 PA:0x8000857c
        8875000	       886	800016e8	01f10633	add	x12,x2,x31	  x2:0x02c59a21 x31:0x00000000 x12=0x02c59a21
        8885000	       887	800016ec	f82e0803	lb	x16,-126(x28)	 x28:0x80008671 x16=0xffffffa8 PA:0x800085f3
        8895000	       888	800016f0	f92e0123	sb	x18,-126(x28)	 x28:0x80008671 x18:0xfffffb61 PA:0x800085f3
        8905000	       889	800016f4	00bb53b3	srl	x7,x22,x11	 x22:0x7fff70a5 x11:0x00000000  x7=0x7fff70a5
        8915000	       890	800016f8	f9ce0123	sb	x28,-126(x28)	 x28:0x80008671 x28:0x80008671 PA:0x800085f3
        8925000	       891	800016fc	f99e0123	sb	x25,-126(x28)	 x28:0x80008671 x25:0x80009f3c PA:0x800085f3
        8935000	       892	80001700	00008517	auipc	x10,0x8	 x10=0x800096fc
        8945000	       893	80001704	8af50513	addi	x10,x10,-1873	 x10:0x800096fc x10=0x80008fab
        8955000	       894	80001708	00007e17	auipc	x28,0x7	 x28=0x80008704
        8965000	       895	8000170c	1f1e0e13	addi	x28,x28,497	 x28:0x80008704 x28=0x800088f5
        8975000	       896	80001710	00007297	auipc	x5,0x7	  x5=0x8000870c
        8985000	       897	80001714	6a428293	addi	x5,x5,1700	  x5:0x8000870c  x5=0x80008db0
        8995000	       898	80001718	00007a97	auipc	x21,0x7	 x21=0x80008714
        9005000	       899	8000171c	1daa8a93	addi	x21,x21,474	 x21:0x80008714 x21=0x800088ee
        9015000	       900	80001720	f6955803	lhu	x16,-151(x10)	 x10:0x80008fab x16=0x0000feff PA:0x80008f14
        9025000	       901	80001724	0092cb83	lbu	x23,9(x5)	  x5:0x80008db0 x23=0x000000a2 PA:0x80008db9
        9035000	       902	80001728	fbe50a03	lb	x20,-66(x10)	 x10:0x80008fab x20=0x00000052 PA:0x80008f69
        9045000	       903	8000172c	00007e97	auipc	x29,0x7	 x29=0x80008728
        9055000	       904	80001730	14ae8e93	addi	x29,x29,330	 x29:0x80008728 x29=0x80008872
        9065000	       905	80001734	ff7e4883	lbu	x17,-9(x28)	 x28:0x800088f5 x17=0x000000d7 PA:0x800088ec
        9075000	       906	80001738	00b2cd83	lbu	x27,11(x5)	  x5:0x80008db0 x27=0x000000a0 PA:0x80008dbb
        9085000	       907	8000173c	fbe506a3	sb	x30,-83(x10)	 x10:0x80008fab x30:0x000000e9 PA:0x80008f58
        9095000	       908	80001740	ff3e0783	lb	x15,-13(x28)	 x28:0x800088f5 x15=0xffffffd3 PA:0x800088e8
        9105000	       909	80001744	0d7a9623	sh	x23,204(x21)	 x21:0x800088ee x23:0x000000a2 PA:0x800089ba
        9115000	       910	80001748	00ce13a3	sh	x12,7(x28)	 x28:0x800088f5 x12:0x02c59a21 PA:0x800088fc
        9125000	       911	8000174c	fc828aa3	sb	x8,-43(x5)	  x5:0x80008db0  x8:0x02c59de9 PA:0x80008d85
        9135000	       912	80001750	0252cc03	lbu	x24,37(x5)	  x5:0x80008db0 x24=0x000000be PA:0x80008dd5
        9145000	       913	80001754	f2cac603	lbu	x12,-212(x21)	 x21:0x800088ee x12=0x00000001 PA:0x8000881a
        9155000	       914	80001758	03229b23	sh	x18,54(x5)	  x5:0x80008db0 x18:0xfffffb61 PA:0x80008de6
        9165000	       915	8000175c	00fe4183	lbu	x3,15(x28)	 x28:0x800088f5  x3=0x000000ef PA:0x80008904
        9175000	       916	80001760	012e23a3	sw	x18,7(x28)	 x28:0x800088f5 x18:0xfffffb61 PA:0x800088fc
        9185000	       917	80001764	fefec683	lbu	x13,-17(x29)	 x29:0x80008872 x13=0x0000004a PA:0x80008861
        9195000	       918	80001768	f5f50483	lb	x9,-161(x10)	 x10:0x80008fab  x9=0xfffffff1 PA:0x80008f0a
        9205000	       919	8000176c	fefec683	lbu	x13,-17(x29)	 x29:0x80008872 x13=0x0000004a PA:0x80008861
        9215000	       920	80001770	fe5e0a23	sb	x5,-12(x28)	 x28:0x800088f5  x5:0x80008db0 PA:0x800088e9
        9225000	       921	80001774	fc128083	lb	x1,-63(x5)	  x5:0x80008db0  x1=0x0000005a PA:0x80008d71
        9235000	       922	80001778	fea2c683	lbu	x13,-22(x5)	  x5:0x80008db0 x13=0x00000081 PA:0x80008d9a
        9245000	       923	8000177c	005e5483	lhu	x9,5(x28)	 x28:0x800088f5  x9=0x0000e0e1 PA:0x800088fa
        9255000	       924	80001780	fef55683	lhu	x13,-17(x10)	 x10:0x80008fab x13=0x00008081 PA:0x80008f9a
        9265000	       925	80001784	03fe88a3	sb	x31,49(x29)	 x29:0x80008872 x31:0x00000000 PA:0x800088a3
        9275000	       926	80001788	0c3ac883	lbu	x17,195(x21)	 x21:0x800088ee x17=0x0000009a PA:0x800089b1
        9285000	       927	8000178c	fd7e8583	lb	x11,-41(x29)	 x29:0x80008872 x11=0x00000032 PA:0x80008849
        9295000	       928	80001790	0012c783	lbu	x15,1(x5)	  x5:0x80008db0 x15=0x0000009a PA:0x80008db1
        9305000	       929	80001794	ff1e0683	lb	x13,-15(x28)	 x28:0x800088f5 x13=0xffffffcd PA:0x800088e6
        9315000	       930	80001798	021a8783	lb	x15,33(x21)	 x21:0x800088ee x15=0xfffffff4 PA:0x8000890f
        9325000	       931	8000179c	006e4f83	lbu	x31,6(x28)	 x28:0x800088f5 x31=0x000000e0 PA:0x800088fb
        9335000	       932	800017a0	ff028983	lb	x19,-16(x5)	  x5:0x80008db0 x19=0xffffff8b PA:0x80008da0
        9345000	       933	800017a4	ff0e8a23	sb	x16,-12(x29)	 x29:0x80008872 x16:0x0000feff PA:0x80008866
        9355000	       934	800017a8	0e8a9823	sh	x8,240(x21)	 x21:0x800088ee  x8:0x02c59de9 PA:0x800089de
        9365000	       935	800017ac	00007197	auipc	x3,0x7	  x3=0x800087a8
        9375000	       936	800017b0	93418193	addi	x3,x3,-1740	  x3:0x800087a8  x3=0x800080dc
        9385000	       937	800017b4	f9118283	lb	x5,-111(x3)	  x3:0x800080dc  x5=0x00000026 PA:0x8000806d
        9395000	       938	800017b8	f9118783	lb	x15,-111(x3)	  x3:0x800080dc x15=0x00000026 PA:0x8000806d
        9405000	       939	800017bc	06b1c303	lbu	x6,107(x3)	  x3:0x800080dc  x6=0x000000fc PA:0x80008147
        9415000	       940	800017c0	8086f413	andi	x8,x13,-2040	 x13:0xffffffcd  x8=0xfffff808
        9425000	       941	800017c4	01f4d993	srli	x19,x9,0x1f	  x9:0x0000e0e1 x19=0x00000000
        9435000	       942	800017c8	01c91993	slli	x19,x18,0x1c	 x18:0xfffffb61 x19=0x10000000
        9445000	       943	800017cc	06b18a83	lb	x21,107(x3)	  x3:0x800080dc x21=0xfffffffc PA:0x80008147
        9455000	       944	800017d0	f7ed7613	andi	x12,x26,-130	 x26:0x80008e48 x12=0x80008e48
        9465000	       945	800017d4	076185a3	sb	x22,107(x3)	  x3:0x800080dc x22:0x7fff70a5 PA:0x80008147
        9475000	       946	800017d8	10018d83	lb	x27,256(x3)	  x3:0x800080dc x27=0xffffff97 PA:0x800081dc
        9485000	       947	800017dc	ff619b83	lh	x23,-10(x3)	  x3:0x800080dc x23=0xffff8889 PA:0x800080d2
        9495000	       948	800017e0	ff619a03	lh	x20,-10(x3)	  x3:0x800080dc x20=0xffff8889 PA:0x800080d2
        9505000	       949	800017e4	cbb67513	andi	x10,x12,-837	 x12:0x80008e48 x10=0x80008c08
        9515000	       950	800017e8	fe318b23	sb	x3,-10(x3)	  x3:0x800080dc  x3:0x800080dc PA:0x800080d2
        9525000	       951	800017ec	64ee6093	ori	x1,x28,1614	 x28:0x800088f5  x1=0x80008eff
        9535000	       952	800017f0	0481dd83	lhu	x27,72(x3)	  x3:0x800080dc x27=0x0000dedf PA:0x80008124
        9545000	       953	800017f4	470d2813	slti	x16,x26,1136	 x26:0x80008e48 x16=0x00000001
        9555000	       954	800017f8	02d18123	sb	x13,34(x3)	  x3:0x800080dc x13:0xffffffcd PA:0x800080fe
        9565000	       955	800017fc	0221cd83	lbu	x27,34(x3)	  x3:0x800080dc x27=0x000000cd PA:0x800080fe
        9575000	       956	80001800	0221d903	lhu	x18,34(x3)	  x3:0x800080dc x18=0x0000b4cd PA:0x800080fe
        9585000	       957	80001804	02218383	lb	x7,34(x3)	  x3:0x800080dc  x7=0xffffffcd PA:0x800080fe
        9595000	       958	80001808	07118923	sb	x17,114(x3)	  x3:0x800080dc x17:0x0000009a PA:0x8000814e
        9605000	       959	8000180c	06619923	sh	x6,114(x3)	  x3:0x800080dc  x6:0x000000fc PA:0x8000814e
        9615000	       960	80001810	00007d17	auipc	x26,0x7	 x26=0x8000880c
        9625000	       961	80001814	400d0d13	addi	x26,x26,1024	 x26:0x8000880c x26=0x80008c0c
        9635000	       962	80001818	00007797	auipc	x15,0x7	 x15=0x80008814
        9645000	       963	8000181c	5e678793	addi	x15,x15,1510	 x15:0x80008814 x15=0x80008dfa
        9655000	       964	80001820	ff77cf83	lbu	x31,-9(x15)	 x15:0x80008dfa x31=0x000000da PA:0x80008df1
        9665000	       965	80001824	3c7d1723	sh	x7,974(x26)	 x26:0x80008c0c  x7:0xffffffcd PA:0x80008fda
        9675000	       966	80001828	ff07c903	lbu	x18,-16(x15)	 x15:0x80008dfa x18=0x000000d1 PA:0x80008dea
        9685000	       967	8000182c	03ed0e23	sb	x30,60(x26)	 x26:0x80008c0c x30:0x000000e9 PA:0x80008c48
        9695000	       968	80001830	1e9d4b83	lbu	x23,489(x26)	 x26:0x80008c0c x23=0x000000de PA:0x80008df5
        9705000	       969	80001834	01079f03	lh	x30,16(x15)	 x15:0x80008dfa x30=0xfffff0f1 PA:0x80008e0a
        9715000	       970	80001838	00a78003	lb	x0,10(x15)	 x15:0x80008dfa PA:0x80008e04
        9725000	       971	8000183c	0c7d0403	lb	x8,199(x26)	 x26:0x80008c0c  x8=0xffffffb8 PA:0x80008cd3
        9735000	       972	80001840	0017c683	lbu	x13,1(x15)	 x15:0x80008dfa x13=0x000000e0 PA:0x80008dfb
        9745000	       973	80001844	ff679183	lh	x3,-10(x15)	 x15:0x80008dfa  x3=0xffffdadb PA:0x80008df0
        9755000	       974	80001848	010786a3	sb	x16,13(x15)	 x15:0x80008dfa x16:0x00000001 PA:0x80008e07
        9765000	       975	8000184c	2f1d0e03	lb	x28,753(x26)	 x26:0x80008c0c x28=0xffffffe6 PA:0x80008efd
        9775000	       976	80001850	0067a083	lw	x1,6(x15)	 x15:0x80008dfa  x1=0xe8e9eaeb PA:0x80008e00
        9785000	       977	80001854	f36d1d83	lh	x27,-202(x26)	 x26:0x80008c0c x27=0x00002829 PA:0x80008b42
        9795000	       978	80001858	00778a83	lb	x21,7(x15)	 x15:0x80008dfa x21=0xffffffea PA:0x80008e01
        9805000	       979	8000185c	c65d0f83	lb	x31,-923(x26)	 x26:0x80008c0c x31=0x0000005a PA:0x80008871
        9815000	       980	80001860	00007e97	auipc	x29,0x7	 x29=0x8000885c
        9825000	       981	80001864	d30e8e93	addi	x29,x29,-720	 x29:0x8000885c x29=0x8000858c
        9835000	       982	80001868	00007817	auipc	x16,0x7	 x16=0x80008864
        9845000	       983	8000186c	b1680813	addi	x16,x16,-1258	 x16:0x80008864 x16=0x8000837a
        9855000	       984	80001870	00007597	auipc	x11,0x7	 x11=0x8000886c
        9865000	       985	80001874	b6c58593	addi	x11,x11,-1172	 x11:0x8000886c x11=0x800083d8
        9875000	       986	80001878	00007d17	auipc	x26,0x7	 x26=0x80008874
        9885000	       987	8000187c	beed0d13	addi	x26,x26,-1042	 x26:0x80008874 x26=0x80008462
        9895000	       988	80001880	0725c183	lbu	x3,114(x11)	 x11:0x800083d8  x3=0x00000001 PA:0x8000844a
        9905000	       989	80001884	02f58d23	sb	x15,58(x11)	 x11:0x800083d8 x15:0x80008dfa PA:0x80008412
        9915000	       990	80001888	0d658183	lb	x3,214(x11)	 x11:0x800083d8  x3=0x00000065 PA:0x800084ae
        9925000	       991	8000188c	e8cea283	lw	x5,-372(x29)	 x29:0x8000858c  x5=0xd0d1d2d3 PA:0x80008418
        9935000	       992	80001890	fcad5983	lhu	x19,-54(x26)	 x26:0x80008462 x19=0x0000e6e7 PA:0x8000842c
        9945000	       993	80001894	0d7d0603	lb	x12,215(x26)	 x26:0x80008462 x12=0xfffffff2 PA:0x80008539
        9955000	       994	80001898	0e7d0b83	lb	x23,231(x26)	 x26:0x80008462 x23=0x00000002 PA:0x80008549
        9965000	       995	8000189c	c81e8723	sb	x1,-882(x29)	 x29:0x8000858c  x1:0xe8e9eaeb PA:0x8000821a
        9975000	       996	800018a0	c82e8903	lb	x18,-894(x29)	 x29:0x8000858c x18=0xffffffc5 PA:0x8000820e
        9985000	       997	800018a4	008800a3	sb	x8,1(x16)	 x16:0x8000837a  x8:0xffffffb8 PA:0x8000837b
        9995000	       998	800018a8	08f58f83	lb	x31,143(x11)	 x11:0x800083d8 x31=0x0000001c PA:0x80008467
       10005000	       999	800018ac	cfbece03	lbu	x28,-773(x29)	 x29:0x8000858c x28=0x0000003c PA:0x80008287
       10015000	      1000	00000000	00000013	addi	x0,x0,0	  x0:0x00000000
       10025000	      1001	800018b0	f5cd1b83	lh	x23,-164(x26)	 x26:0x80008462 x23=0x00007475 PA:0x800083be
       10035000	      1002	800018b4	1bbe8403	lb	x8,443(x29)	 x29:0x8000858c  x8=0xfffffffc PA:0x80008747
       10045000	      1003	800018b8	00680403	lb	x8,6(x16)	 x16:0x8000837a  x8=0x0000003b PA:0x80008380
       10055000	      1004	800018bc	c02ec403	lbu	x8,-1022(x29)	 x29:0x8000858c  x8=0x00000045 PA:0x8000818e
       10065000	      1005	800018c0	e65d0b03	lb	x22,-411(x26)	 x26:0x80008462 x22=0x0000007c PA:0x800082c7
       10075000	      1006	800018c4	2c2d1a83	lh	x21,706(x26)	 x26:0x80008462 x21=0xffffdedf PA:0x80008724
       10085000	      1007	800018c8	d94e8b03	lb	x22,-620(x29)	 x29:0x8000858c x22=0xffffffdb PA:0x80008320
       10095000	      1008	800018cc	239d0403	lb	x8,569(x26)	 x26:0x80008462  x8=0x00000050 PA:0x8000869b
       10105000	      1009	800018d0	0ab59923	sh	x11,178(x11)	 x11:0x800083d8 x11:0x800083d8 PA:0x8000848a
       10115000	      1010	800018d4	00b81523	sh	x11,10(x16)	 x16:0x8000837a x11:0x800083d8 PA:0x80008384
       10125000	      1011	800018d8	f545a383	lw	x7,-172(x11)	 x11:0x800083d8  x7=0xe4e5e6e7 PA:0x8000832c
       10135000	      1012	800018dc	fb4d5603	lhu	x12,-76(x26)	 x26:0x80008462 x12=0x0000cccd PA:0x80008416
       10145000	      1013	800018e0	ea6e8923	sb	x6,-334(x29)	 x29:0x8000858c  x6:0x000000fc PA:0x8000843e
       10155000	      1014	800018e4	1fcec283	lbu	x5,508(x29)	 x29:0x8000858c  x5=0x00000043 PA:0x80008788
       10165000	      1015	800018e8	e89d1423	sh	x9,-376(x26)	 x26:0x80008462  x9:0x0000e0e1 PA:0x800082ea
       10175000	      1016	800018ec	07359e23	sh	x19,124(x11)	 x11:0x800083d8 x19:0x0000e6e7 PA:0x80008454
       10185000	      1017	800018f0	c3fe8b83	lb	x23,-961(x29)	 x29:0x8000858c x23=0xffffff80 PA:0x800081cb
       10195000	      1018	800018f4	09bd2323	sw	x27,134(x26)	 x26:0x80008462 x27:0x00002829 PA:0x800084e8
       10205000	      1019	800018f8	010801a3	sb	x16,3(x16)	 x16:0x8000837a x16:0x8000837a PA:0x8000837d
       10215000	      1020	800018fc	fff80483	lb	x9,-1(x16)	 x16:0x8000837a  x9=0x00000032 PA:0x80008379
       10225000	      1021	80001900	9bdb6c13	ori	x24,x22,-1603	 x22:0xffffffdb x24=0xffffffff
       10235000	      1022	80001904	9a180317	auipc	x6,0x9a180	  x6=0x1a181900
       10245000	      1023	80001908	027ce263	bltu	x25,x7,8000192c	 x25:0x80009f3c  x7:0xe4e5e6e7
       10255000	      1024	00000000	00000013	addi	x0,x0,0	  x0:0x00000000
       10265000	      1025	80001928	00000013	addi	x0,x0,0	  x0:0x00000000
       10275000	      1026	8000192c	0132c6b3	xor	x13,x5,x19	  x5:0x00000043 x19:0x0000e6e7 x13=0x0000e6a4
       10285000	      1027	80001930	00007c17	auipc	x24,0x7	 x24=0x8000892c
       10295000	      1028	80001934	041c0c13	addi	x24,x24,65	 x24:0x8000892c x24=0x8000896d
       10305000	      1029	80001938	5785c537	lui	x10,0x5785c	 x10=0x5785c000
       10315000	      1030	8000193c	fe0c0823	sb	x0,-16(x24)	 x24:0x8000896d  x0:0x00000000 PA:0x8000895d
       10325000	      1031	80001940	001c1d83	lh	x27,1(x24)	 x24:0x8000896d x27=0x00005455 PA:0x8000896e
       10335000	      1032	80001944	018c58b3	srl	x17,x24,x24	 x24:0x8000896d x24:0x8000896d x17=0x00040004
       10345000	      1033	80001948	19dccb93	xori	x23,x25,413	 x25:0x80009f3c x23=0x80009ea1
       10355000	      1034	8000194c	00cc4783	lbu	x15,12(x24)	 x24:0x8000896d x15=0x00000062 PA:0x80008979
       10365000	      1035	80001950	ff2c0983	lb	x19,-14(x24)	 x24:0x8000896d x19=0x00000044 PA:0x8000895f
       10375000	      1036	80001954	ffac4a83	lbu	x21,-6(x24)	 x24:0x8000896d x21=0x0000004c PA:0x80008967
       10385000	      1037	80001958	00ec4783	lbu	x15,14(x24)	 x24:0x8000896d x15=0x00000060 PA:0x8000897b
       10395000	      1038	8000195c	01e3b333	sltu	x6,x7,x30	  x7:0xe4e5e6e7 x30:0xfffff0f1  x6=0x00000001
       10405000	      1039	80001960	ffdc5283	lhu	x5,-3(x24)	 x24:0x8000896d  x5=0x00005051 PA:0x8000896a
       10415000	      1040	80001964	0d4a7db7	lui	x27,0xd4a7	 x27=0x0d4a7000
       10425000	      1041	80001968	003f6033	or	x0,x30,x3	 x30:0xfffff0f1  x3:0x00000065
       10435000	      1042	8000196c	ffcc0923	sb	x28,-14(x24)	 x24:0x8000896d x28:0x0000003c PA:0x8000895f
       10445000	      1043	80001970	0006b333	sltu	x6,x13,x0	 x13:0x0000e6a4  x0:0x00000000  x6=0x00000000
       10455000	      1044	80001974	551dea13	ori	x20,x27,1361	 x27:0x0d4a7000 x20=0x0d4a7551
       10465000	      1045	80001978	ff1c5183	lhu	x3,-15(x24)	 x24:0x8000896d  x3=0x00003c45 PA:0x8000895e
       10475000	      1046	8000197c	00000013	addi	x0,x0,0	  x0:0x00000000
       10485000	      1047	80001980	ff0c4e83	lbu	x29,-16(x24)	 x24:0x8000896d x29=0x00000000 PA:0x8000895d
       10495000	      1048	80001984	dac3c793	xori	x15,x7,-596	  x7:0xe4e5e6e7 x15=0x1b1a1b4b
       10505000	      1049	80001988	ffcc0303	lb	x6,-4(x24)	 x24:0x8000896d  x6=0x00000052 PA:0x80008969
       10515000	      1050	8000198c	00fc0583	lb	x11,15(x24)	 x24:0x8000896d x11=0x00000067 PA:0x8000897c
       10525000	      1051	80001990	01defb33	and	x22,x29,x29	 x29:0x00000000 x29:0x00000000 x22=0x00000000
       10535000	      1052	80001994	41cc5e33	sra	x28,x24,x28	 x24:0x8000896d x28:0x0000003c x28=0xfffffff8
       10545000	      1053	80001998	ffec0a23	sb	x30,-12(x24)	 x24:0x8000896d x30:0xfffff0f1 PA:0x80008961
       10555000	      1054	8000199c	ffbc1483	lh	x9,-5(x24)	 x24:0x8000896d  x9=0x00005253 PA:0x80008968
       10565000	      1055	800019a0	00fb1ab3	sll	x21,x22,x15	 x22:0x00000000 x15:0x1b1a1b4b x21=0x00000000
       10575000	      1056	800019a4	00f19413	slli	x8,x3,0xf	  x3:0x00003c45  x8=0x1e228000
       10585000	      1057	800019a8	fe9c0aa3	sb	x9,-11(x24)	 x24:0x8000896d  x9:0x00005253 PA:0x80008962
       10595000	      1058	800019ac	fe0c0fa3	sb	x0,-1(x24)	 x24:0x8000896d  x0:0x00000000 PA:0x8000896c
       10605000	      1059	800019b0	001a4bb3	xor	x23,x20,x1	 x20:0x0d4a7551  x1:0xe8e9eaeb x23=0xe5a39fba
       10615000	      1060	800019b4	ff9c09a3	sb	x25,-13(x24)	 x24:0x8000896d x25:0x80009f3c PA:0x80008960
       10625000	      1061	800019b8	012c05a3	sb	x18,11(x24)	 x24:0x8000896d x18:0xffffffc5 PA:0x80008978
       10635000	      1062	800019bc	001c0803	lb	x16,1(x24)	 x24:0x8000896d x16=0x00000055 PA:0x8000896e
       10645000	      1063	800019c0	005c0d83	lb	x27,5(x24)	 x24:0x8000896d x27=0x00000059 PA:0x80008972
       10655000	      1064	800019c4	00b55013	srli	x0,x10,0xb	 x10:0x5785c000
       10665000	      1065	800019c8	ff5c1d03	lh	x26,-11(x24)	 x24:0x8000896d x26=0x00004853 PA:0x80008962
       10675000	      1066	800019cc	006c4883	lbu	x17,6(x24)	 x24:0x8000896d x17=0x00000058 PA:0x80008973
       10685000	      1067	800019d0	ffdc1fa3	sh	x29,-1(x24)	 x24:0x8000896d x29:0x00000000 PA:0x8000896c
       10695000	      1068	800019d4	017c0623	sb	x23,12(x24)	 x24:0x8000896d x23:0xe5a39fba PA:0x80008979
       10705000	      1069	800019d8	00fc0d03	lb	x26,15(x24)	 x24:0x8000896d x26=0x00000067 PA:0x8000897c
       10715000	      1070	800019dc	ff1c0c23	sb	x17,-8(x24)	 x24:0x8000896d x17:0x00000058 PA:0x80008965
       10725000	      1071	800019e0	fedc0c23	sb	x13,-8(x24)	 x24:0x8000896d x13:0x0000e6a4 PA:0x80008965
       10735000	      1072	800019e4	00000013	addi	x0,x0,0	  x0:0x00000000
       10745000	      1073	800019e8	01f61f93	slli	x31,x12,0x1f	 x12:0x0000cccd x31=0x80000000
       10755000	      1074	800019ec	01dba3b3	slt	x7,x23,x29	 x23:0xe5a39fba x29:0x00000000  x7=0x00000001
       10765000	      1075	800019f0	a55ad1b7	lui	x3,0xa55ad	  x3=0xa55ad000
       10775000	      1076	800019f4	001c0223	sb	x1,4(x24)	 x24:0x8000896d  x1:0xe8e9eaeb PA:0x80008971
       10785000	      1077	800019f8	40e2de93	srai	x29,x5,0xe	  x5:0x00005051 x29=0x00000001
       10795000	      1078	800019fc	054cd663	bge	x25,x20,80001a48	 x25:0x80009f3c x20:0x0d4a7551
       10805000	      1079	80001a00	01edf263	bgeu	x27,x30,80001a04	 x27:0x00000059 x30:0xfffff0f1
       10815000	      1080	80001a04	01899c13	slli	x24,x19,0x18	 x19:0x00000044 x24=0x44000000
       10825000	      1081	80001a08	01da9393	slli	x7,x21,0x1d	 x21:0x00000000  x7=0x00000000
       10835000	      1082	80001a0c	0083f533	and	x10,x7,x8	  x7:0x00000000  x8:0x1e228000 x10=0x00000000
       10845000	      1083	80001a10	24e6fa93	andi	x21,x13,590	 x13:0x0000e6a4 x21=0x00000204
       10855000	      1084	80001a14	00bc8633	add	x12,x25,x11	 x25:0x80009f3c x11:0x00000067 x12=0x80009fa3
       10865000	      1085	80001a18	01b37533	and	x10,x6,x27	  x6:0x00000052 x27:0x00000059 x10=0x00000050
       10875000	      1086	80001a1c	00f2ad33	slt	x26,x5,x15	  x5:0x00005051 x15:0x1b1a1b4b x26=0x00000001
       10885000	      1087	80001a20	018a9193	slli	x3,x21,0x18	 x21:0x00000204  x3=0x04000000
       10895000	      1088	80001a24	416084b3	sub	x9,x1,x22	  x1:0xe8e9eaeb x22:0x00000000  x9=0xe8e9eaeb
       10905000	      1089	80001a28	0081cc63	blt	x3,x8,80001a40	  x3:0x04000000  x8:0x1e228000
       10915000	      1090	00000000	00000013	addi	x0,x0,0	  x0:0x00000000
       10925000	      1091	80001a3c	00000013	addi	x0,x0,0	  x0:0x00000000
       10935000	      1092	80001a40	84557213	andi	x4,x10,-1979	 x10:0x00000050  x4=0x00000040
       10945000	      1093	80001a44	7421cb13	xori	x22,x3,1858	  x3:0x04000000 x22=0x04000742
       10955000	      1094	80001a48	40fad4b3	sra	x9,x21,x15	 x21:0x00000204 x15:0x1b1a1b4b  x9=0x00000000
       10965000	      1095	80001a4c	03846263	bltu	x8,x24,80001a70	  x8:0x1e228000 x24:0x44000000
       10975000	      1096	00000000	00000013	addi	x0,x0,0	  x0:0x00000000
       10985000	      1097	80001a6c	00000013	addi	x0,x0,0	  x0:0x00000000
       10995000	      1098	80001a70	1ab5a817	auipc	x16,0x1ab5a	 x16=0x9ab5ba6c
       11005000	      1099	80001a74	402702b3	sub	x5,x14,x2	 x14:0x80009fc4  x2:0x02c59a21  x5=0x7d3b05a3
       11015000	      1100	80001a78	0004dd33	srl	x26,x9,x0	  x9:0x00000000  x0:0x00000000 x26=0x00000000
       11025000	      1101	80001a7c	1988fd93	andi	x27,x17,408	 x17:0x00000058 x27=0x00000018
       11035000	      1102	80001a80	01f85993	srli	x19,x16,0x1f	 x16:0x9ab5ba6c x19=0x00000001
       11045000	      1103	80001a84	017bf463	bgeu	x23,x23,80001a8c	 x23:0xe5a39fba x23:0xe5a39fba
       11055000	      1104	00000000	00000013	addi	x0,x0,0	  x0:0x00000000
       11065000	      1105	80001a88	00000013	addi	x0,x0,0	  x0:0x00000000
       11075000	      1106	80001a8c	0c11e863	bltu	x3,x1,80001b5c	  x3:0x04000000  x1:0xe8e9eaeb
       11085000	      1107	00000000	00000013	addi	x0,x0,0	  x0:0x00000000
       11095000	      1108	80001b58	00000013	addi	x0,x0,0	  x0:0x00000000
       11105000	      1109	80001b5c	012e3bb3	sltu	x23,x28,x18	 x28:0xfffffff8 x18:0xffffffc5 x23=0x00000000
       11115000	      1110	80001b60	410dd313	srai	x6,x27,0x10	 x27:0x00000018  x6=0x00000000
       11125000	      1111	80001b64	91152213	slti	x4,x10,-1775	 x10:0x00000050  x4=0x00000000
       11135000	      1112	80001b68	01dc93b3	sll	x7,x25,x29	 x25:0x80009f3c x29:0x00000001  x7=0x00013e78
       11145000	      1113	80001b6c	019b1413	slli	x8,x22,0x19	 x22:0x04000742  x8=0x84000000
       11155000	      1114	80001b70	01b5b433	sltu	x8,x11,x27	 x11:0x00000067 x27:0x00000018  x8=0x00000000
       11165000	      1115	80001b74	01818633	add	x12,x3,x24	  x3:0x04000000 x24:0x44000000 x12=0x48000000
       11175000	      1116	80001b78	002bdc13	srli	x24,x23,0x2	 x23:0x00000000 x24=0x00000000
       11185000	      1117	80001b7c	04b35463	bge	x6,x11,80001bc4	  x6:0x00000000 x11:0x00000067
       11195000	      1118	80001b80	00dd9393	slli	x7,x27,0xd	 x27:0x00000018  x7=0x00030000
       11205000	      1119	80001b84	2885bb93	sltiu	x23,x11,648	 x11:0x00000067 x23=0x00000001
       11215000	      1120	80001b88	41b95033	sra	x0,x18,x27	 x18:0xffffffc5 x27:0x00000018
       11225000	      1121	80001b8c	005d5e33	srl	x28,x26,x5	 x26:0x00000000  x5:0x7d3b05a3 x28=0x00000000
       11235000	      1122	80001b90	00534833	xor	x16,x6,x5	  x6:0x00000000  x5:0x7d3b05a3 x16=0x7d3b05a3
       11245000	      1123	80001b94	0087ff33	and	x30,x15,x8	 x15:0x1b1a1b4b  x8:0x00000000 x30=0x00000000
       11255000	      1124	80001b98	60f21ab7	lui	x21,0x60f21	 x21=0x60f21000
       11265000	      1125	80001b9c	4278c013	xori	x0,x17,1063	 x17:0x00000058
       11275000	      1126	80001ba0	00ecc8b3	xor	x17,x25,x14	 x25:0x80009f3c x14:0x80009fc4 x17=0x000000f8
       11285000	      1127	80001ba4	25c7ad37	lui	x26,0x25c7a	 x26=0x25c7a000
       11295000	      1128	80001ba8	01d8fbb3	and	x23,x17,x29	 x17:0x000000f8 x29:0x00000001 x23=0x00000000
       11305000	      1129	80001bac	7109fd13	andi	x26,x19,1808	 x19:0x00000001 x26=0x00000000
       11315000	      1130	80001bb0	4024d013	srai	x0,x9,0x2	  x9:0x00000000
       11325000	      1131	80001bb4	01038b33	add	x22,x7,x16	  x7:0x00030000 x16:0x7d3b05a3 x22=0x7d3e05a3
       11335000	      1132	80001bb8	01eb6db3	or	x27,x22,x30	 x22:0x7d3e05a3 x30:0x00000000 x27=0x7d3e05a3
       11345000	      1133	80001bbc	056fe863	bltu	x31,x22,80001c0c	 x31:0x80000000 x22:0x7d3e05a3
       11355000	      1134	80001bc0	015a9633	sll	x12,x21,x21	 x21:0x60f21000 x21:0x60f21000 x12=0x60f21000
       11365000	      1135	80001bc4	012c58b3	srl	x17,x24,x18	 x24:0x00000000 x18:0xffffffc5 x17=0x00000000
       11375000	      1136	80001bc8	307e4013	xori	x0,x28,775	 x28:0x00000000
       11385000	      1137	80001bcc	4db06497	auipc	x9,0x4db06	  x9=0xcdb07bc8
       11395000	      1138	80001bd0	01b0da93	srli	x21,x1,0x1b	  x1:0xe8e9eaeb x21=0x0000001d
       11405000	      1139	80001bd4	00000013	addi	x0,x0,0	  x0:0x00000000
       11415000	      1140	80001bd8	00688663	beq	x17,x6,80001be4	 x17:0x00000000  x6:0x00000000
       11425000	      1141	00000000	00000013	addi	x0,x0,0	  x0:0x00000000
       11435000	      1142	80001be0	00000013	addi	x0,x0,0	  x0:0x00000000
       11445000	      1143	80001be4	52503c13	sltiu	x24,x0,1317	  x0:0x00000000 x24=0x00000001
       11455000	      1144	80001be8	024f8a63	beq	x31,x4,80001c1c	 x31:0x80000000  x4:0x00000000
       11465000	      1145	80001bec	0079ce33	xor	x28,x19,x7	 x19:0x00000001  x7:0x00030000 x28=0x00030001
       11475000	      1146	80001bf0	01e383b3	add	x7,x7,x30	  x7:0x00030000 x30:0x00000000  x7=0x00030000
       11485000	      1147	80001bf4	0095dbb3	srl	x23,x11,x9	 x11:0x00000067  x9:0xcdb07bc8 x23=0x00000000
       11495000	      1148	80001bf8	02cf8c63	beq	x31,x12,80001c30	 x31:0x80000000 x12:0x60f21000
       11505000	      1149	80001bfc	416a8833	sub	x16,x21,x22	 x21:0x0000001d x22:0x7d3e05a3 x16=0x82c1fa7a
       11515000	      1150	80001c00	4953ab13	slti	x22,x7,1173	  x7:0x00030000 x22=0x00000000
       11525000	      1151	80001c04	00eae1b3	or	x3,x21,x14	 x21:0x0000001d x14:0x80009fc4  x3=0x80009fdd
       11535000	      1152	80001c08	07d3bf93	sltiu	x31,x7,125	  x7:0x00030000 x31=0x00000000
       11545000	      1153	80001c0c	00036633	or	x12,x6,x0	  x6:0x00000000  x0:0x00000000 x12=0x00000000
       11555000	      1154	80001c10	b8e07b93	andi	x23,x0,-1138	  x0:0x00000000 x23=0x00000000
       11565000	      1155	80001c14	04dd4863	blt	x26,x13,80001c64	 x26:0x00000000 x13:0x0000e6a4
       11575000	      1156	00000000	00000013	addi	x0,x0,0	  x0:0x00000000
       11585000	      1157	80001c60	00000013	addi	x0,x0,0	  x0:0x00000000
       11595000	      1158	80001c64	4010d533	sra	x10,x1,x1	  x1:0xe8e9eaeb  x1:0xe8e9eaeb x10=0xfffd1d3d
       11605000	      1159	80001c68	037e0c63	beq	x28,x23,80001ca0	 x28:0x00030001 x23:0x00000000
       11615000	      1160	80001c6c	01b9cf33	xor	x30,x19,x27	 x19:0x00000001 x27:0x7d3e05a3 x30=0x7d3e05a2
       11625000	      1161	80001c70	01acd9b3	srl	x19,x25,x26	 x25:0x80009f3c x26:0x00000000 x19=0x80009f3c
       11635000	      1162	80001c74	015fe333	or	x6,x31,x21	 x31:0x00000000 x21:0x0000001d  x6=0x0000001d
       11645000	      1163	80001c78	07eb6b17	auipc	x22,0x7eb6	 x22=0x87eb7c74
       11655000	      1164	80001c7c	004b7c63	bgeu	x22,x4,80001c94	 x22:0x87eb7c74  x4:0x00000000
       11665000	      1165	00000000	00000013	addi	x0,x0,0	  x0:0x00000000
       11675000	      1166	80001c90	00000013	addi	x0,x0,0	  x0:0x00000000
       11685000	      1167	80001c94	0116b7b3	sltu	x15,x13,x17	 x13:0x0000e6a4 x17:0x00000000 x15=0x00000000
       11695000	      1168	80001c98	996af393	andi	x7,x21,-1642	 x21:0x0000001d  x7=0x00000014
       11705000	      1169	80001c9c	d6cb36b7	lui	x13,0xd6cb3	 x13=0xd6cb3000
       11715000	      1170	80001ca0	010ece33	xor	x28,x29,x16	 x29:0x00000001 x16:0x82c1fa7a x28=0x82c1fa7b
       11725000	      1171	80001ca4	74cfe793	ori	x15,x31,1868	 x31:0x00000000 x15=0x0000074c
       11735000	      1172	80001ca8	01a886b3	add	x13,x17,x26	 x17:0x00000000 x26:0x00000000 x13=0x00000000
       11745000	      1173	80001cac	0182de13	srli	x28,x5,0x18	  x5:0x7d3b05a3 x28=0x0000007d
       11755000	      1174	80001cb0	e44c2097	auipc	x1,0xe44c2	  x1=0x644c3cac
       11765000	      1175	80001cb4	4ab1be13	sltiu	x28,x3,1195	  x3:0x80009fdd x28=0x00000000
       11775000	      1176	80001cb8	21e52813	slti	x16,x10,542	 x10:0xfffd1d3d x16=0x00000001
       11785000	      1177	80001cbc	02831863	bne	x6,x8,80001cec	  x6:0x0000001d  x8:0x00000000
       11795000	      1178	00000000	00000013	addi	x0,x0,0	  x0:0x00000000
       11805000	      1179	80001ce8	00000013	addi	x0,x0,0	  x0:0x00000000
       11815000	      1180	80001cec	cc466d13	ori	x26,x12,-828	 x12:0x00000000 x26=0xfffffcc4
       11825000	      1181	80001cf0	40b0dc13	srai	x24,x1,0xb	  x1:0x644c3cac x24=0x000c8987
       11835000	      1182	80001cf4	02880863	beq	x16,x8,80001d24	 x16:0x00000001  x8:0x00000000
       11845000	      1183	80001cf8	40edde93	srai	x29,x27,0xe	 x27:0x7d3e05a3 x29=0x0001f4f8
       11855000	      1184	80001cfc	00ce9693	slli	x13,x29,0xc	 x29:0x0001f4f8 x13=0x1f4f8000
       11865000	      1185	80001d00	e20fe293	ori	x5,x31,-480	 x31:0x00000000  x5=0xfffffe20
       11875000	      1186	80001d04	1d7be213	ori	x4,x23,471	 x23:0x00000000  x4=0x000001d7
       11885000	      1187	80001d08	f1753213	sltiu	x4,x10,-233	 x10:0xfffd1d3d  x4=0x00000001
       11895000	      1188	80001d0c	04624863	blt	x4,x6,80001d5c	  x4:0x00000001  x6:0x0000001d
       11905000	      1189	00000000	00000013	addi	x0,x0,0	  x0:0x00000000
       11915000	      1190	80001d58	00000013	addi	x0,x0,0	  x0:0x00000000
       11925000	      1191	80001d5c	004ab3b3	sltu	x7,x21,x4	 x21:0x0000001d  x4:0x00000001  x7=0x00000000
       11935000	      1192	80001d60	023c0663	beq	x24,x3,80001d8c	 x24:0x000c8987  x3:0x80009fdd
       11945000	      1193	80001d64	02d37263	bgeu	x6,x13,80001d88	  x6:0x0000001d x13:0x1f4f8000
       11955000	      1194	80001d68	00d4d913	srli	x18,x9,0xd	  x9:0xcdb07bc8 x18=0x00066d83
       11965000	      1195	80001d6c	01c4a3b3	slt	x7,x9,x28	  x9:0xcdb07bc8 x28:0x00000000  x7=0x00000001
       11975000	      1196	80001d70	7663a813	slti	x16,x7,1894	  x7:0x00000001 x16=0x00000001
       11985000	      1197	80001d74	00dfd693	srli	x13,x31,0xd	 x31:0x00000000 x13=0x00000000
       11995000	      1198	80001d78	00eb5c63	bge	x22,x14,80001d90	 x22:0x87eb7c74 x14:0x80009fc4
       12005000	      1199	00000000	00000013	addi	x0,x0,0	  x0:0x00000000
       12015000	      1200	80001d8c	00000013	addi	x0,x0,0	  x0:0x00000000
       12025000	      1201	80001d90	01417b33	and	x22,x2,x20	  x2:0x02c59a21 x20:0x0d4a7551 x22=0x00401001
       12035000	      1202	80001d94	0121d933	srl	x18,x3,x18	  x3:0x80009fdd x18:0x00066d83 x18=0x100013fb
       12045000	      1203	80001d98	03e51c63	bne	x10,x30,80001dd0	 x10:0xfffd1d3d x30:0x7d3e05a2
       12055000	      1204	00000000	00000013	addi	x0,x0,0	  x0:0x00000000
       12065000	      1205	80001dcc	00000013	addi	x0,x0,0	  x0:0x00000000
       12075000	      1206	80001dd0	01fc5db3	srl	x27,x24,x31	 x24:0x000c8987 x31:0x00000000 x27=0x000c8987
       12085000	      1207	80001dd4	0131ffb3	and	x31,x3,x19	  x3:0x80009fdd x19:0x80009f3c x31=0x80009f1c
       12095000	      1208	80001dd8	0057d663	bge	x15,x5,80001de4	 x15:0x0000074c  x5:0xfffffe20
       12105000	      1209	00000000	00000013	addi	x0,x0,0	  x0:0x00000000
       12115000	      1210	80001de0	00000013	addi	x0,x0,0	  x0:0x00000000
       12125000	      1211	80001de4	41680bb3	sub	x23,x16,x22	 x16:0x00000001 x22:0x00401001 x23=0xffbff000
       12135000	      1212	80001de8	01a70c63	beq	x14,x26,80001e00	 x14:0x80009fc4 x26:0xfffffcc4
       12145000	      1213	80001dec	40d48ab3	sub	x21,x9,x13	  x9:0xcdb07bc8 x13:0x00000000 x21=0xcdb07bc8
       12155000	      1214	80001df0	00000013	addi	x0,x0,0	  x0:0x00000000
       12165000	      1215	80001df4	40a65933	sra	x18,x12,x10	 x12:0x00000000 x10:0xfffd1d3d x18=0x00000000
       12175000	      1216	80001df8	0119bbb3	sltu	x23,x19,x17	 x19:0x80009f3c x17:0x00000000 x23=0x00000000
       12185000	      1217	80001dfc	3a8ec393	xori	x7,x29,936	 x29:0x0001f4f8  x7=0x0001f750
       12195000	      1218	80001e00	0082ba33	sltu	x20,x5,x8	  x5:0xfffffe20  x8:0x00000000 x20=0x00000000
       12205000	      1219	80001e04	01e44463	blt	x8,x30,80001e0c	  x8:0x00000000 x30:0x7d3e05a2
       12215000	      1220	00000000	00000013	addi	x0,x0,0	  x0:0x00000000
       12225000	      1221	80001e08	00000013	addi	x0,x0,0	  x0:0x00000000
       12235000	      1222	80001e0c	4fbb3f93	sltiu	x31,x22,1275	 x22:0x00401001 x31=0x00000000
       12245000	      1223	80001e10	003f7bb3	and	x23,x30,x3	 x30:0x7d3e05a2  x3:0x80009fdd x23=0x00000580
       12255000	      1224	80001e14	0117c6b3	xor	x13,x15,x17	 x15:0x0000074c x17:0x00000000 x13=0x0000074c
       12265000	      1225	80001e18	007e6e63	bltu	x28,x7,80001e34	 x28:0x00000000  x7:0x0001f750
       12275000	      1226	00000000	00000013	addi	x0,x0,0	  x0:0x00000000
       12285000	      1227	80001e30	00000013	addi	x0,x0,0	  x0:0x00000000
       12295000	      1228	80001e34	d58f74b7	lui	x9,0xd58f7	  x9=0xd58f7000
       12305000	      1229	80001e38	0050c263	blt	x1,x5,80001e3c	  x1:0x644c3cac  x5:0xfffffe20
       12315000	      1230	80001e3c	01eb2f33	slt	x30,x22,x30	 x22:0x00401001 x30:0x7d3e05a2 x30=0x00000001
       12325000	      1231	80001e40	00e78633	add	x12,x15,x14	 x15:0x0000074c x14:0x80009fc4 x12=0x8000a710
       12335000	      1232	80001e44	a2e9a593	slti	x11,x19,-1490	 x19:0x80009f3c x11=0x00000001
       12345000	      1233	80001e48	0137fa33	and	x20,x15,x19	 x15:0x0000074c x19:0x80009f3c x20=0x0000070c
       12355000	      1234	80001e4c	011a1233	sll	x4,x20,x17	 x20:0x0000070c x17:0x00000000  x4=0x0000070c
       12365000	      1235	80001e50	40d255b3	sra	x11,x4,x13	  x4:0x0000070c x13:0x0000074c x11=0x00000000
       12375000	      1236	80001e54	00db5193	srli	x3,x22,0xd	 x22:0x00401001  x3=0x00000200
       12385000	      1237	80001e58	80d410b7	lui	x1,0x80d41	  x1=0x80d41000
       12395000	      1238	80001e5c	04c0f263	bgeu	x1,x12,80001ea0	  x1:0x80d41000 x12:0x8000a710
       12405000	      1239	00000000	00000013	addi	x0,x0,0	  x0:0x00000000
       12415000	      1240	80001e9c	00000013	addi	x0,x0,0	  x0:0x00000000
       12425000	      1241	80001ea0	21dbbe93	sltiu	x29,x23,541	 x23:0x00000580 x29=0x00000000
       12435000	      1242	80001ea4	3d642213	slti	x4,x8,982	  x8:0x00000000  x4=0x00000001
       12445000	      1243	80001ea8	006d8e33	add	x28,x27,x6	 x27:0x000c8987  x6:0x0000001d x28=0x000c89a4
       12455000	      1244	80001eac	00ece663	bltu	x25,x14,80001eb8	 x25:0x80009f3c x14:0x80009fc4
       12465000	      1245	00000000	00000013	addi	x0,x0,0	  x0:0x00000000
       12475000	      1246	80001eb4	00000013	addi	x0,x0,0	  x0:0x00000000
       12485000	      1247	80001eb8	29527213	andi	x4,x4,661	  x4:0x00000001  x4=0x00000001
       12495000	      1248	80001ebc	402e0e33	sub	x28,x28,x2	 x28:0x000c89a4  x2:0x02c59a21 x28=0xfd46ef83
       12505000	      1249	80001ec0	00000013	addi	x0,x0,0	  x0:0x00000000
       12515000	      1250	80001ec4	41545293	srai	x5,x8,0x15	  x8:0x00000000  x5=0x00000000
       12525000	      1251	80001ec8	019cd4b3	srl	x9,x25,x25	 x25:0x80009f3c x25:0x80009f3c  x9=0x00000008
       12535000	      1252	80001ecc	017089b3	add	x19,x1,x23	  x1:0x80d41000 x23:0x00000580 x19=0x80d41580
       12545000	      1253	80001ed0	01268633	add	x12,x13,x18	 x13:0x0000074c x18:0x00000000 x12=0x0000074c
       12555000	      1254	80001ed4	90665a17	auipc	x20,0x90665	 x20=0x10666ed0
       12565000	      1255	80001ed8	00bb33b3	sltu	x7,x22,x11	 x22:0x00401001 x11:0x00000000  x7=0x00000000
       12575000	      1256	80001edc	b7636213	ori	x4,x6,-1162	  x6:0x0000001d  x4=0xfffffb7f
       12585000	      1257	80001ee0	00bca9b3	slt	x19,x25,x11	 x25:0x80009f3c x11:0x00000000 x19=0x00000001
       12595000	      1258	80001ee4	fe324a93	xori	x21,x4,-29	  x4:0xfffffb7f x21=0x0000049c
       12605000	      1259	80001ee8	017dc7b3	xor	x15,x27,x23	 x27:0x000c8987 x23:0x00000580 x15=0x000c8c07
       12615000	      1260	80001eec	da80b893	sltiu	x17,x1,-600	  x1:0x80d41000 x17=0x00000001
       12625000	      1261	80001ef0	00b19b93	slli	x23,x3,0xb	  x3:0x00000200 x23=0x00100000
       12635000	      1262	80001ef4	ff68f413	andi	x8,x17,-10	 x17:0x00000001  x8=0x00000000
       12645000	      1263	80001ef8	e8d80993	addi	x19,x16,-371	 x16:0x00000001 x19=0xfffffe8e
       12655000	      1264	80001efc	0499f663	bgeu	x19,x9,80001f48	 x19:0xfffffe8e  x9:0x00000008
       12665000	      1265	00000000	00000013	addi	x0,x0,0	  x0:0x00000000
       12675000	      1266	80001f44	00000013	addi	x0,x0,0	  x0:0x00000000
       12685000	      1267	80001f48	008919b3	sll	x19,x18,x8	 x18:0x00000000  x8:0x00000000 x19=0x00000000
       12695000	      1268	80001f4c	84aa6f13	ori	x30,x20,-1974	 x20:0x10666ed0 x30=0xfffffeda
       12705000	      1269	80001f50	00000013	addi	x0,x0,0	  x0:0x00000000
       12715000	      1270	80001f54	4052dd33	sra	x26,x5,x5	  x5:0x00000000  x5:0x00000000 x26=0x00000000
       12725000	      1271	80001f58	03131263	bne	x6,x17,80001f7c	  x6:0x0000001d x17:0x00000001
       12735000	      1272	00000000	00000013	addi	x0,x0,0	  x0:0x00000000
       12745000	      1273	80001f78	00000013	addi	x0,x0,0	  x0:0x00000000
       12755000	      1274	80001f7c	bf259437	lui	x8,0xbf259	  x8=0xbf259000
       12765000	      1275	80001f80	545b6a13	ori	x20,x22,1349	 x22:0x00401001 x20=0x00401545
       12775000	      1276	80001f84	40f05693	srai	x13,x0,0xf	  x0:0x00000000 x13=0x00000000
       12785000	      1277	80001f88	6f7fea13	ori	x20,x31,1783	 x31:0x00000000 x20=0x000006f7
       12795000	      1278	80001f8c	00a32d33	slt	x26,x6,x10	  x6:0x0000001d x10:0xfffd1d3d x26=0x00000000
       12805000	      1279	80001f90	004cad83	lw	x27,4(x25)	 x25:0x80009f3c x27=0x80000e30 PA:0x80009f40
       12815000	      1280	80001f94	00000013	addi	x0,x0,0	  x0:0x00000000
       12825000	      1281	80001f98	028c8c93	addi	x25,x25,40	 x25:0x80009f3c x25=0x80009f64
       12835000	      1282	80001f9c	484ab213	sltiu	x4,x21,1156	 x21:0x0000049c  x4=0x00000000
       12845000	      1283	80001fa0	000d8d93	addi	x27,x27,0	 x27:0x80000e30 x27=0x80000e30
       12855000	      1284	80001fa4	000d8de7	jalr	x27,x27,0	 x27:0x80000e30 x27=0x80001fa4
       12865000	      1285	00000000	00000013	addi	x0,x0,0	  x0:0x00000000
       12875000	      1286	80000e30	00000013	addi	x0,x0,0	  x0:0x00000000
       12885000	      1287	80000e34	37253337	lui	x6,0x37253	  x6=0x37253000
       12895000	      1288	80000e38	26c6f793	andi	x15,x13,620	 x13:0x00000000 x15=0x00000000
       12905000	      1289	80000e3c	0041d213	srli	x4,x3,0x4	  x3:0x00000200  x4=0x00000020
       12915000	      1290	80000e40	01593fb3	sltu	x31,x18,x21	 x18:0x00000000 x21:0x0000049c x31=0x00000001
       12925000	      1291	80000e44	00896b33	or	x22,x18,x8	 x18:0x00000000  x8:0xbf259000 x22=0xbf259000
       12935000	      1292	80000e48	01dc3533	sltu	x10,x24,x29	 x24:0x000c8987 x29:0x00000000 x10=0x00000000
       12945000	      1293	80000e4c	4157af13	slti	x30,x15,1045	 x15:0x00000000 x30=0x00000001
       12955000	      1294	80000e50	d81f3397	auipc	x7,0xd81f3	  x7=0x581f3e4c
       12965000	      1295	80000e54	03a29a63	bne	x5,x26,80000e88	  x5:0x00000000 x26:0x00000000
       12975000	      1296	80000e58	00a337b3	sltu	x15,x6,x10	  x6:0x37253000 x10:0x00000000 x15=0x00000000
       12985000	      1297	80000e5c	0585d663	bge	x11,x24,80000ea8	 x11:0x00000000 x24:0x000c8987
       12995000	      1298	80000e60	00c281b3	add	x3,x5,x12	  x5:0x00000000 x12:0x0000074c  x3=0x0000074c
       13005000	      1299	80000e64	03a27063	bgeu	x4,x26,80000e84	  x4:0x00000020 x26:0x00000000
       13015000	      1300	00000000	00000013	addi	x0,x0,0	  x0:0x00000000
       13025000	      1301	80000e80	00000013	addi	x0,x0,0	  x0:0x00000000
       13035000	      1302	80000e84	051f6263	bltu	x30,x17,80000ec8	 x30:0x00000001 x17:0x00000001
       13045000	      1303	80000e88	2abb6e93	ori	x29,x22,683	 x22:0xbf259000 x29=0xbf2592ab
       13055000	      1304	80000e8c	405e5eb3	sra	x29,x28,x5	 x28:0xfd46ef83  x5:0x00000000 x29=0xfd46ef83
       13065000	      1305	80000e90	00585e13	srli	x28,x16,0x5	 x16:0x00000001 x28=0x00000000
       13075000	      1306	80000e94	04756263	bltu	x10,x7,80000ed8	 x10:0x00000000  x7:0x581f3e4c
       13085000	      1307	00000000	00000013	addi	x0,x0,0	  x0:0x00000000
       13095000	      1308	80000ed4	00000013	addi	x0,x0,0	  x0:0x00000000
       13105000	      1309	80000ed8	753afe13	andi	x28,x21,1875	 x21:0x0000049c x28=0x00000410
       13115000	      1310	80000edc	e92f3193	sltiu	x3,x30,-366	 x30:0x00000001  x3=0x00000001
       13125000	      1311	80000ee0	e9327513	andi	x10,x4,-365	  x4:0x00000020 x10=0x00000000
       13135000	      1312	80000ee4	01765bb3	srl	x23,x12,x23	 x12:0x0000074c x23:0x00100000 x23=0x0000074c
       13145000	      1313	80000ee8	01849b33	sll	x22,x9,x24	  x9:0x00000008 x24:0x000c8987 x22=0x00000400
       13155000	      1314	80000eec	006debb3	or	x23,x27,x6	 x27:0x80001fa4  x6:0x37253000 x23=0xb7253fa4
       13165000	      1315	80000ef0	053d8663	beq	x27,x19,80000f3c	 x27:0x80001fa4 x19:0x00000000
       13175000	      1316	80000ef4	bc066513	ori	x10,x12,-1088	 x12:0x0000074c x10=0xffffffcc
       13185000	      1317	80000ef8	00b2d833	srl	x16,x5,x11	  x5:0x00000000 x11:0x00000000 x16=0x00000000
       13195000	      1318	80000efc	01f628b3	slt	x17,x12,x31	 x12:0x0000074c x31:0x00000001 x17=0x00000000
       13205000	      1319	80000f00	04857463	bgeu	x10,x8,80000f48	 x10:0xffffffcc  x8:0xbf259000
       13215000	      1320	00000000	00000013	addi	x0,x0,0	  x0:0x00000000
       13225000	      1321	80000f44	00000013	addi	x0,x0,0	  x0:0x00000000
       13235000	      1322	80000f48	01505a63	bge	x0,x21,80000f5c	  x0:0x00000000 x21:0x0000049c
       13245000	      1323	80000f4c	3cf094b7	lui	x9,0x3cf09	  x9=0x3cf09000
       13255000	      1324	80000f50	7f3da297	auipc	x5,0x7f3da	  x5=0xff3daf4c
       13265000	      1325	80000f54	0149c5b3	xor	x11,x19,x20	 x19:0x00000000 x20:0x000006f7 x11=0x000006f7
       13275000	      1326	80000f58	41f25b13	srai	x22,x4,0x1f	  x4:0x00000020 x22=0x00000000
       13285000	      1327	80000f5c	01f074b3	and	x9,x0,x31	  x0:0x00000000 x31:0x00000001  x9=0x00000000
       13295000	      1328	80000f60	017e01b3	add	x3,x28,x23	 x28:0x00000410 x23:0xb7253fa4  x3=0xb72543b4
       13305000	      1329	80000f64	9721e193	ori	x3,x3,-1678	  x3:0xb72543b4  x3=0xfffffbf6
       13315000	      1330	80000f68	047f4663	blt	x30,x7,80000fb4	 x30:0x00000001  x7:0x581f3e4c
       13325000	      1331	00000000	00000013	addi	x0,x0,0	  x0:0x00000000
       13335000	      1332	80000fb0	00000013	addi	x0,x0,0	  x0:0x00000000
       13345000	      1333	80000fb4	416fd1b3	sra	x3,x31,x22	 x31:0x00000001 x22:0x00000000  x3=0x00000001
       13355000	      1334	80000fb8	1bbfe413	ori	x8,x31,443	 x31:0x00000001  x8=0x000001bb
       13365000	      1335	80000fbc	01519eb3	sll	x29,x3,x21	  x3:0x00000001 x21:0x0000049c x29=0x10000000
       13375000	      1336	80000fc0	0586d263	bge	x13,x24,80001004	 x13:0x00000000 x24:0x000c8987
       13385000	      1337	80000fc4	05631463	bne	x6,x22,8000100c	  x6:0x37253000 x22:0x00000000
       13395000	      1338	00000000	00000013	addi	x0,x0,0	  x0:0x00000000
       13405000	      1339	80001008	00000013	addi	x0,x0,0	  x0:0x00000000
       13415000	      1340	8000100c	004613b3	sll	x7,x12,x4	 x12:0x0000074c  x4:0x00000020  x7=0x0000074c
       13425000	      1341	80001010	024f9463	bne	x31,x4,80001038	 x31:0x00000001  x4:0x00000020
       13435000	      1342	00000000	00000013	addi	x0,x0,0	  x0:0x00000000
       13445000	      1343	80001034	00000013	addi	x0,x0,0	  x0:0x00000000
       13455000	      1344	80001038	41ddd193	srai	x3,x27,0x1d	 x27:0x80001fa4  x3=0xfffffffc
       13465000	      1345	8000103c	404d5593	srai	x11,x26,0x4	 x26:0x00000000 x11=0x00000000
       13475000	      1346	80001040	e89f8093	addi	x1,x31,-375	 x31:0x00000001  x1=0xfffffe8a
       13485000	      1347	80001044	d6297993	andi	x19,x18,-670	 x18:0x00000000 x19=0x00000000
       13495000	      1348	80001048	045df663	bgeu	x27,x5,80001094	 x27:0x80001fa4  x5:0xff3daf4c
       13505000	      1349	8000104c	01381d93	slli	x27,x16,0x13	 x16:0x00000000 x27=0x00000000
       13515000	      1350	80001050	011c2db3	slt	x27,x24,x17	 x24:0x000c8987 x17:0x00000000 x27=0x00000000
       13525000	      1351	80001054	40935993	srai	x19,x6,0x9	  x6:0x37253000 x19=0x001b9298
       13535000	      1352	80001058	00ab9db3	sll	x27,x23,x10	 x23:0xb7253fa4 x10:0xffffffcc x27=0x53fa4000
       13545000	      1353	8000105c	c03a4d13	xori	x26,x20,-1021	 x20:0x000006f7 x26=0xfffffaf4
       13555000	      1354	80001060	00b3a533	slt	x10,x7,x11	  x7:0x0000074c x11:0x00000000 x10=0x00000000
       13565000	      1355	80001064	43846597	auipc	x11,0x43846	 x11=0xc3847060
       13575000	      1356	80001068	04787063	bgeu	x16,x7,800010a8	 x16:0x00000000  x7:0x0000074c
       13585000	      1357	8000106c	000841b3	xor	x3,x16,x0	 x16:0x00000000  x0:0x00000000  x3=0x00000000
       13595000	      1358	80001070	2b189237	lui	x4,0x2b189	  x4=0x2b189000
       13605000	      1359	80001074	01b14933	xor	x18,x2,x27	  x2:0x02c59a21 x27:0x53fa4000 x18=0x513fda21
       13615000	      1360	80001078	00f47a63	bgeu	x8,x15,8000108c	  x8:0x000001bb x15:0x00000000
       13625000	      1361	00000000	00000013	addi	x0,x0,0	  x0:0x00000000
       13635000	      1362	80001088	00000013	addi	x0,x0,0	  x0:0x00000000
       13645000	      1363	8000108c	8170a213	slti	x4,x1,-2025	  x1:0xfffffe8a  x4=0x00000000
       13655000	      1364	80001090	c0754f93	xori	x31,x10,-1017	 x10:0x00000000 x31=0xfffffc07
       13665000	      1365	80001094	0346e663	bltu	x13,x20,800010c0	 x13:0x00000000 x20:0x000006f7
       13675000	      1366	00000000	00000013	addi	x0,x0,0	  x0:0x00000000
       13685000	      1367	800010bc	00000013	addi	x0,x0,0	  x0:0x00000000
       13695000	      1368	800010c0	00a65833	srl	x16,x12,x10	 x12:0x0000074c x10:0x00000000 x16=0x0000074c
       13705000	      1369	800010c4	555f3b13	sltiu	x22,x30,1365	 x30:0x00000001 x22=0x00000001
       13715000	      1370	800010c8	2cc04637	lui	x12,0x2cc04	 x12=0x2cc04000
       13725000	      1371	800010cc	3724a693	slti	x13,x9,882	  x9:0x00000000 x13=0x00000001
       13735000	      1372	800010d0	00268c33	add	x24,x13,x2	 x13:0x00000001  x2:0x02c59a21 x24=0x02c59a22
       13745000	      1373	800010d4	040dc263	blt	x27,x0,80001118	 x27:0x53fa4000  x0:0x00000000
       13755000	      1374	800010d8	014e8ab3	add	x21,x29,x20	 x29:0x10000000 x20:0x000006f7 x21=0x100006f7
       13765000	      1375	800010dc	05378463	beq	x15,x19,80001124	 x15:0x00000000 x19:0x001b9298
       13775000	      1376	800010e0	58c5fc17	auipc	x24,0x58c5f	 x24=0xd8c600dc
       13785000	      1377	800010e4	046a1463	bne	x20,x6,8000112c	 x20:0x000006f7  x6:0x37253000
       13795000	      1378	00000000	00000013	addi	x0,x0,0	  x0:0x00000000
       13805000	      1379	80001128	00000013	addi	x0,x0,0	  x0:0x00000000
       13815000	      1380	8000112c	01644f33	xor	x30,x8,x22	  x8:0x000001bb x22:0x00000001 x30=0x000001ba
       13825000	      1381	80001130	fa472693	slti	x13,x14,-92	 x14:0x80009fc4 x13=0x00000001
       13835000	      1382	80001134	02a10063	beq	x2,x10,80001154	  x2:0x02c59a21 x10:0x00000000
       13845000	      1383	80001138	04779663	bne	x15,x7,80001184	 x15:0x00000000  x7:0x0000074c
       13855000	      1384	00000000	00000013	addi	x0,x0,0	  x0:0x00000000
       13865000	      1385	80001180	00000013	addi	x0,x0,0	  x0:0x00000000
       13875000	      1386	80001184	00765813	srli	x16,x12,0x7	 x12:0x2cc04000 x16=0x00598080
       13885000	      1387	80001188	52cdad93	slti	x27,x27,1324	 x27:0x53fa4000 x27=0x00000000
       13895000	      1388	8000118c	0093d293	srli	x5,x7,0x9	  x7:0x0000074c  x5=0x00000003
       13905000	      1389	80001190	01d38e33	add	x28,x7,x29	  x7:0x0000074c x29:0x10000000 x28=0x1000074c
       13915000	      1390	80001194	0ecbff13	andi	x30,x23,236	 x23:0xb7253fa4 x30=0x000000a4
       13925000	      1391	80001198	0134d493	srli	x9,x9,0x13	  x9:0x00000000  x9=0x00000000
       13935000	      1392	8000119c	41b984b3	sub	x9,x19,x27	 x19:0x001b9298 x27:0x00000000  x9=0x001b9298
       13945000	      1393	800011a0	40e1d433	sra	x8,x3,x14	  x3:0x00000000 x14:0x80009fc4  x8=0x00000000
       13955000	      1394	800011a4	005d5f13	srli	x30,x26,0x5	 x26:0xfffffaf4 x30=0x07ffffd7
       13965000	      1395	800011a8	01370833	add	x16,x14,x19	 x14:0x80009fc4 x19:0x001b9298 x16=0x801c325c
       13975000	      1396	800011ac	04470463	beq	x14,x4,800011f4	 x14:0x80009fc4  x4:0x00000000
       13985000	      1397	800011b0	00aa36b3	sltu	x13,x20,x10	 x20:0x000006f7 x10:0x00000000 x13=0x00000000
       13995000	      1398	800011b4	019d2eb3	slt	x29,x26,x25	 x26:0xfffffaf4 x25:0x80009f64 x29=0x00000000
       14005000	      1399	800011b8	017abb33	sltu	x22,x21,x23	 x21:0x100006f7 x23:0xb7253fa4 x22=0x00000001
       14015000	      1400	800011bc	042b4263	blt	x22,x2,80001200	 x22:0x00000001  x2:0x02c59a21
       14025000	      1401	00000000	00000013	addi	x0,x0,0	  x0:0x00000000
       14035000	      1402	800011fc	00000013	addi	x0,x0,0	  x0:0x00000000
       14045000	      1403	80001200	002154b3	srl	x9,x2,x2	  x2:0x02c59a21  x2:0x02c59a21  x9=0x0162cd10
       14055000	      1404	80001204	032b6663	bltu	x22,x18,80001230	 x22:0x00000001 x18:0x513fda21
       14065000	      1405	00000000	00000013	addi	x0,x0,0	  x0:0x00000000
       14075000	      1406	8000122c	00000013	addi	x0,x0,0	  x0:0x00000000
       14085000	      1407	80001230	00f1a233	slt	x4,x3,x15	  x3:0x00000000 x15:0x00000000  x4=0x00000000
       14095000	      1408	80001234	1d30eb93	ori	x23,x1,467	  x1:0xfffffe8a x23=0xffffffdb
       14105000	      1409	80001238	04941463	bne	x8,x9,80001280	  x8:0x00000000  x9:0x0162cd10
       14115000	      1410	00000000	00000013	addi	x0,x0,0	  x0:0x00000000
       14125000	      1411	8000127c	00000013	addi	x0,x0,0	  x0:0x00000000
       14135000	      1412	80001280	9ab1ea93	ori	x21,x3,-1621	  x3:0x00000000 x21=0xfffff9ab
       14145000	      1413	80001284	00b889b3	add	x19,x17,x11	 x17:0x00000000 x11:0xc3847060 x19=0xc3847060
       14155000	      1414	80001288	78ee7593	andi	x11,x28,1934	 x28:0x1000074c x11=0x0000070c
       14165000	      1415	8000128c	05cb0263	beq	x22,x28,800012d0	 x22:0x00000001 x28:0x1000074c
       14175000	      1416	80001290	00b880b3	add	x1,x17,x11	 x17:0x00000000 x11:0x0000070c  x1=0x0000070c
       14185000	      1417	80001294	02afec63	bltu	x31,x10,800012cc	 x31:0xfffffc07 x10:0x00000000
       14195000	      1418	80001298	05866463	bltu	x12,x24,800012e0	 x12:0x2cc04000 x24:0xd8c600dc
       14205000	      1419	00000000	00000013	addi	x0,x0,0	  x0:0x00000000
       14215000	      1420	800012dc	00000013	addi	x0,x0,0	  x0:0x00000000
       14225000	      1421	800012e0	01701d13	slli	x26,x0,0x17	  x0:0x00000000 x26=0x00000000
       14235000	      1422	800012e4	00f41e63	bne	x8,x15,80001300	  x8:0x00000000 x15:0x00000000
       14245000	      1423	800012e8	05241263	bne	x8,x18,8000132c	  x8:0x00000000 x18:0x513fda21
       14255000	      1424	00000000	00000013	addi	x0,x0,0	  x0:0x00000000
       14265000	      1425	80001328	00000013	addi	x0,x0,0	  x0:0x00000000
       14275000	      1426	8000132c	408a5e13	srai	x28,x20,0x8	 x20:0x000006f7 x28=0x00000006
       14285000	      1427	80001330	f8afeb17	auipc	x22,0xf8afe	 x22=0x78aff32c
       14295000	      1428	80001334	41d1d4b3	sra	x9,x3,x29	  x3:0x00000000 x29:0x00000000  x9=0x00000000
       14305000	      1429	80001338	d0df4b13	xori	x22,x30,-755	 x30:0x07ffffd7 x22=0xf80002da
       14315000	      1430	8000133c	43790d93	addi	x27,x18,1079	 x18:0x513fda21 x27=0x513fde58
       14325000	      1431	80001340	00e06ab3	or	x21,x0,x14	  x0:0x00000000 x14:0x80009fc4 x21=0x80009fc4
       14335000	      1432	80001344	3be8af93	slti	x31,x17,958	 x17:0x00000000 x31=0x00000001
       14345000	      1433	80001348	01146bb3	or	x23,x8,x17	  x8:0x00000000 x17:0x00000000 x23=0x00000000
       14355000	      1434	8000134c	01fdf3b3	and	x7,x27,x31	 x27:0x513fde58 x31:0x00000001  x7=0x00000000
       14365000	      1435	80001350	0097d233	srl	x4,x15,x9	 x15:0x00000000  x9:0x00000000  x4=0x00000000
       14375000	      1436	80001354	05184663	blt	x16,x17,800013a0	 x16:0x801c325c x17:0x00000000
       14385000	      1437	00000000	00000013	addi	x0,x0,0	  x0:0x00000000
       14395000	      1438	8000139c	00000013	addi	x0,x0,0	  x0:0x00000000
       14405000	      1439	800013a0	001a8c33	add	x24,x21,x1	 x21:0x80009fc4  x1:0x0000070c x24=0x8000a6d0
       14415000	      1440	800013a4	017b6c33	or	x24,x22,x23	 x22:0xf80002da x23:0x00000000 x24=0xf80002da
       14425000	      1441	800013a8	40500ab3	sub	x21,x0,x5	  x0:0x00000000  x5:0x00000003 x21=0xfffffffd
       14435000	      1442	800013ac	05ce1463	bne	x28,x28,800013f4	 x28:0x00000006 x28:0x00000006
       14445000	      1443	800013b0	1b8b4893	xori	x17,x22,440	 x22:0xf80002da x17=0xf8000362
       14455000	      1444	800013b4	04371663	bne	x14,x3,80001400	 x14:0x80009fc4  x3:0x00000000
       14465000	      1445	00000000	00000013	addi	x0,x0,0	  x0:0x00000000
       14475000	      1446	800013fc	00000013	addi	x0,x0,0	  x0:0x00000000
       14485000	      1447	80001400	00ed5e93	srli	x29,x26,0xe	 x26:0x00000000 x29=0x00000000
       14495000	      1448	80001404	01acfa63	bgeu	x25,x26,80001418	 x25:0x80009f64 x26:0x00000000
       14505000	      1449	00000000	00000013	addi	x0,x0,0	  x0:0x00000000
       14515000	      1450	80001414	00000013	addi	x0,x0,0	  x0:0x00000000
       14525000	      1451	80001418	063c0493	addi	x9,x24,99	 x24:0xf80002da  x9=0xf800033d
       14535000	      1452	8000141c	007c7d33	and	x26,x24,x7	 x24:0xf80002da  x7:0x00000000 x26=0x00000000
       14545000	      1453	80001420	1e9ceb93	ori	x23,x25,489	 x25:0x80009f64 x23=0x80009fed
       14555000	      1454	80001424	405d5bb3	sra	x23,x26,x5	 x26:0x00000000  x5:0x00000003 x23=0x00000000
       14565000	      1455	80001428	03b88263	beq	x17,x27,8000144c	 x17:0xf8000362 x27:0x513fde58
       14575000	      1456	8000142c	6de30bb7	lui	x23,0x6de30	 x23=0x6de30000
       14585000	      1457	80001430	00d05463	bge	x0,x13,80001438	  x0:0x00000000 x13:0x00000000
       14595000	      1458	00000000	00000013	addi	x0,x0,0	  x0:0x00000000
       14605000	      1459	80001434	00000013	addi	x0,x0,0	  x0:0x00000000
       14615000	      1460	80001438	012da033	slt	x0,x27,x18	 x27:0x513fde58 x18:0x513fda21
       14625000	      1461	8000143c	00b38933	add	x18,x7,x11	  x7:0x00000000 x11:0x0000070c x18=0x0000070c
       14635000	      1462	80001440	4088d313	srai	x6,x17,0x8	 x17:0xf8000362  x6=0xfff80003
       14645000	      1463	80001444	406c5093	srai	x1,x24,0x6	 x24:0xf80002da  x1=0xffe0000b
       14655000	      1464	80001448	e661e313	ori	x6,x3,-410	  x3:0x00000000  x6=0xfffffe66
       14665000	      1465	8000144c	02ec5663	bge	x24,x14,80001478	 x24:0xf80002da x14:0x80009fc4
       14675000	      1466	00000000	00000013	addi	x0,x0,0	  x0:0x00000000
       14685000	      1467	80001474	00000013	addi	x0,x0,0	  x0:0x00000000
       14695000	      1468	80001478	413e5a93	srai	x21,x28,0x13	 x28:0x00000006 x21=0x00000000
       14705000	      1469	8000147c	530d2193	slti	x3,x26,1328	 x26:0x00000000  x3=0x00000001
       14715000	      1470	80001480	04460663	beq	x12,x4,800014cc	 x12:0x2cc04000  x4:0x00000000
       14725000	      1471	80001484	400fd493	srai	x9,x31,0x0	 x31:0x00000001  x9=0x00000001
       14735000	      1472	80001488	00000013	addi	x0,x0,0	  x0:0x00000000
       14745000	      1473	8000148c	6e643493	sltiu	x9,x8,1766	  x8:0x00000000  x9=0x00000001
       14755000	      1474	80001490	416adc13	srai	x24,x21,0x16	 x21:0x00000000 x24=0x00000000
       14765000	      1475	80001494	40cc5793	srai	x15,x24,0xc	 x24:0x00000000 x15=0x00000000
       14775000	      1476	80001498	40bbd513	srai	x10,x23,0xb	 x23:0x6de30000 x10=0x000dbc60
       14785000	      1477	8000149c	5219e493	ori	x9,x19,1313	 x19:0xc3847060  x9=0xc3847561
       14795000	      1478	800014a0	03506463	bltu	x0,x21,800014c8	  x0:0x00000000 x21:0x00000000
       14805000	      1479	800014a4	006fdd13	srli	x26,x31,0x6	 x31:0x00000001 x26=0x00000000
       14815000	      1480	800014a8	00dd4db3	xor	x27,x26,x13	 x26:0x00000000 x13:0x00000000 x27=0x00000000
       14825000	      1481	800014ac	0145d333	srl	x6,x11,x20	 x11:0x0000070c x20:0x000006f7  x6=0x00000000
       14835000	      1482	800014b0	00681ab3	sll	x21,x16,x6	 x16:0x801c325c  x6:0x00000000 x21=0x801c325c
       14845000	      1483	800014b4	011cff33	and	x30,x25,x17	 x25:0x80009f64 x17:0xf8000362 x30=0x80000360
       14855000	      1484	800014b8	845bf3b7	lui	x7,0x845bf	  x7=0x845bf000
       14865000	      1485	800014bc	002889b3	add	x19,x17,x2	 x17:0xf8000362  x2:0x02c59a21 x19=0xfac59d83
       14875000	      1486	800014c0	0421d263	bge	x3,x2,80001504	  x3:0x00000001  x2:0x02c59a21
       14885000	      1487	800014c4	e6d20db7	lui	x27,0xe6d20	 x27=0xe6d20000
       14895000	      1488	800014c8	01829db3	sll	x27,x5,x24	  x5:0x00000003 x24:0x00000000 x27=0x00000003
       14905000	      1489	800014cc	058fd063	bge	x31,x24,8000150c	 x31:0x00000001 x24:0x00000000
       14915000	      1490	00000000	00000013	addi	x0,x0,0	  x0:0x00000000
       14925000	      1491	80001508	00000013	addi	x0,x0,0	  x0:0x00000000
       14935000	      1492	8000150c	0070d193	srli	x3,x1,0x7	  x1:0xffe0000b  x3=0x01ffc000
       14945000	      1493	80001510	00a71f33	sll	x30,x14,x10	 x14:0x80009fc4 x10:0x000dbc60 x30=0x80009fc4
       14955000	      1494	80001514	00759193	slli	x3,x11,0x7	 x11:0x0000070c  x3=0x00038600
       14965000	      1495	80001518	055b1463	bne	x22,x21,80001560	 x22:0xf80002da x21:0x801c325c
       14975000	      1496	00000000	00000013	addi	x0,x0,0	  x0:0x00000000
       14985000	      1497	8000155c	00000013	addi	x0,x0,0	  x0:0x00000000
       14995000	      1498	80001560	0167aab3	slt	x21,x15,x22	 x15:0x00000000 x22:0xf80002da x21=0x00000000
       15005000	      1499	80001564	0029de63	bge	x19,x2,80001580	 x19:0xfac59d83  x2:0x02c59a21
       15015000	      1500	80001568	a9307f13	andi	x30,x0,-1389	  x0:0x00000000 x30=0x00000000
       15025000	      1501	8000156c	00d69a63	bne	x13,x13,80001580	 x13:0x00000000 x13:0x00000000
       15035000	      1502	80001570	013cf033	and	x0,x25,x19	 x25:0x80009f64 x19:0xfac59d83
       15045000	      1503	80001574	09a57f93	andi	x31,x10,154	 x10:0x000dbc60 x31=0x00000000
       15055000	      1504	80001578	01ffc463	blt	x31,x31,80001580	 x31:0x00000000 x31:0x00000000
       15065000	      1505	8000157c	a253c813	xori	x16,x7,-1499	  x7:0x845bf000 x16=0x7ba40a25
       15075000	      1506	80001580	2a04c293	xori	x5,x9,672	  x9:0xc3847561  x5=0xc38477c1
       15085000	      1507	80001584	004cad83	lw	x27,4(x25)	 x25:0x80009f64 x27=0x800003dc PA:0x80009f68
       15095000	      1508	80001588	25182c13	slti	x24,x16,593	 x16:0x7ba40a25 x24=0x00000000
       15105000	      1509	8000158c	020c8c93	addi	x25,x25,32	 x25:0x80009f64 x25=0x80009f84
       15115000	      1510	80001590	405980b3	sub	x1,x19,x5	 x19:0xfac59d83  x5:0xc38477c1  x1=0x374125c2
       15125000	      1511	80001594	41230a33	sub	x20,x6,x18	  x6:0x00000000 x18:0x0000070c x20=0xfffff8f4
       15135000	      1512	80001598	4f24e513	ori	x10,x9,1266	  x9:0xc3847561 x10=0xc38475f3
       15145000	      1513	8000159c	000d8193	addi	x3,x27,0	 x27:0x800003dc  x3=0x800003dc
       15155000	      1514	800015a0	000181e7	jalr	x3,x3,0	  x3:0x800003dc  x3=0x800015a0
       15165000	      1515	00000000	00000013	addi	x0,x0,0	  x0:0x00000000
       15175000	      1516	800003dc	00000013	addi	x0,x0,0	  x0:0x00000000
       15185000	      1517	800003e0	01d99493	slli	x9,x19,0x1d	 x19:0xfac59d83  x9=0x60000000
       15195000	      1518	800003e4	cba64193	xori	x3,x12,-838	 x12:0x2cc04000  x3=0xd33fbcba
       15205000	      1519	800003e8	5d636897	auipc	x17,0x5d636	 x17=0xdd6363e4
       15215000	      1520	800003ec	04a8c663	blt	x17,x10,80000438	 x17:0xdd6363e4 x10:0xc38475f3
       15225000	      1521	800003f0	2671af93	slti	x31,x3,615	  x3:0xd33fbcba x31=0x00000001
       15235000	      1522	800003f4	00955c63	bge	x10,x9,8000040c	 x10:0xc38475f3  x9:0x60000000
       15245000	      1523	800003f8	0fc34e93	xori	x29,x6,252	  x6:0x00000000 x29=0x000000fc
       15255000	      1524	800003fc	00000013	addi	x0,x0,0	  x0:0x00000000
       15265000	      1525	80000400	01b29e63	bne	x5,x27,8000041c	  x5:0xc38477c1 x27:0x800003dc
       15275000	      1526	00000000	00000013	addi	x0,x0,0	  x0:0x00000000
       15285000	      1527	80000418	00000013	addi	x0,x0,0	  x0:0x00000000
       15295000	      1528	8000041c	02c1fa63	bgeu	x3,x12,80000450	  x3:0xd33fbcba x12:0x2cc04000
       15305000	      1529	00000000	00000013	addi	x0,x0,0	  x0:0x00000000
       15315000	      1530	8000044c	00000013	addi	x0,x0,0	  x0:0x00000000
       15325000	      1531	80000450	00511863	bne	x2,x5,80000460	  x2:0x02c59a21  x5:0xc38477c1
       15335000	      1532	00000000	00000013	addi	x0,x0,0	  x0:0x00000000
       15345000	      1533	8000045c	00000013	addi	x0,x0,0	  x0:0x00000000
       15355000	      1534	80000460	01281263	bne	x16,x18,80000464	 x16:0x7ba40a25 x18:0x0000070c
       15365000	      1535	00000000	00000013	addi	x0,x0,0	  x0:0x00000000
       15375000	      1536	80000460	00000013	addi	x0,x0,0	  x0:0x00000000
       15385000	      1537	80000464	03ca9e63	bne	x21,x28,800004a0	 x21:0x00000000 x28:0x00000006
       15395000	      1538	00000000	00000013	addi	x0,x0,0	  x0:0x00000000
       15405000	      1539	8000049c	00000013	addi	x0,x0,0	  x0:0x00000000
       15415000	      1540	800004a0	41a4df93	srai	x31,x9,0x1a	  x9:0x60000000 x31=0x00000018
       15425000	      1541	800004a4	01689ab3	sll	x21,x17,x22	 x17:0xdd6363e4 x22:0xf80002da x21=0x90000000
       15435000	      1542	800004a8	02897663	bgeu	x18,x8,800004d4	 x18:0x0000070c  x8:0x00000000
       15445000	      1543	00000000	00000013	addi	x0,x0,0	  x0:0x00000000
       15455000	      1544	800004d0	00000013	addi	x0,x0,0	  x0:0x00000000
       15465000	      1545	800004d4	40fd8233	sub	x4,x27,x15	 x27:0x800003dc x15:0x00000000  x4=0x800003dc
       15475000	      1546	800004d8	00000013	addi	x0,x0,0	  x0:0x00000000
       15485000	      1547	800004dc	03a6ea63	bltu	x13,x26,80000510	 x13:0x00000000 x26:0x00000000
       15495000	      1548	800004e0	02008d93	addi	x27,x1,32	  x1:0x374125c2 x27=0x374125e2
       15505000	      1549	800004e4	b1fcaa93	slti	x21,x25,-1249	 x25:0x80009f84 x21=0x00000001
       15515000	      1550	800004e8	01764033	xor	x0,x12,x23	 x12:0x2cc04000 x23:0x6de30000
       15525000	      1551	800004ec	a8404593	xori	x11,x0,-1404	  x0:0x00000000 x11=0xfffffa84
       15535000	      1552	800004f0	03c5e063	bltu	x11,x28,80000510	 x11:0xfffffa84 x28:0x00000006
       15545000	      1553	800004f4	01709493	slli	x9,x1,0x17	  x1:0x374125c2  x9=0xe1000000
       15555000	      1554	800004f8	405a8ab3	sub	x21,x21,x5	 x21:0x00000001  x5:0xc38477c1 x21=0x3c7b8840
       15565000	      1555	800004fc	407684b3	sub	x9,x13,x7	 x13:0x00000000  x7:0x845bf000  x9=0x7ba41000
       15575000	      1556	80000500	883efb13	andi	x22,x29,-1917	 x29:0x000000fc x22=0x00000080
       15585000	      1557	80000504	41e85393	srai	x7,x16,0x1e	 x16:0x7ba40a25  x7=0x00000001
       15595000	      1558	80000508	011e6463	bltu	x28,x17,80000510	 x28:0x00000006 x17:0xdd6363e4
       15605000	      1559	00000000	00000013	addi	x0,x0,0	  x0:0x00000000
       15615000	      1560	8000050c	00000013	addi	x0,x0,0	  x0:0x00000000
       15625000	      1561	80000510	005e1513	slli	x10,x28,0x5	 x28:0x00000006 x10=0x000000c0
       15635000	      1562	80000514	00000117	auipc	x2,0x0	  x2=0x80000510
       15645000	      1563	80000518	00c10113	addi	x2,x2,12	  x2:0x80000510  x2=0x8000051c
       15655000	      1564	8000051c	00010067	jalr	x0,x2,0	  x2:0x8000051c
       15665000	      1565	00000000	00000013	addi	x0,x0,0	  x0:0x00000000
       15675000	      1566	8000051c	00000013	addi	x0,x0,0	  x0:0x00000000
       15685000	      1567	80000520	00100193	addi	x3,x0,1	  x0:0x00000000  x3=0x00000001
       15695000	      1568	80000524	00000073	ecall	
       15705000	      1569	80000528	5494cd13	xori	x26,x9,1353	  x9:0x7ba41000 x26=0x7ba41549
