		Time			Cycle	PC		Insn	Decoded instruction	Register and memory contents
          65000	         5	80000004	00000293	addi	x5,x0,0	  x0:0x00000000  x5=0x00000000
          75000	         6	80000008	00000313	addi	x6,x0,0	  x0:0x00000000  x6=0x00000000
          85000	         7	8000000c	00628263	beq	x5,x6,80000010	  x5:0x00000000  x6:0x00000000
          95000	         8	00000000	00000013	addi	x0,x0,0	  x0:0x00000000
         105000	         9	8000000c	00000013	addi	x0,x0,0	  x0:0x00000000
         115000	        10	80000010	00000a17	auipc	x20,0x0	 x20=0x8000000c
         125000	        11	80000014	00ca0a13	addi	x20,x20,12	 x20:0x8000000c x20=0x80000018
         135000	        12	80000018	000a0067	jalr	x0,x20,0	 x20:0x80000018
         145000	        13	00000000	00000013	addi	x0,x0,0	  x0:0x00000000
         155000	        14	80000018	00000013	addi	x0,x0,0	  x0:0x00000000
         165000	        15	8000001c	40000f37	lui	x30,0x40000	 x30=0x40000000
         175000	        16	80000020	100f0f13	addi	x30,x30,256	 x30:0x40000000 x30=0x40000100
         185000	        17	80000024	00000013	addi	x0,x0,0	  x0:0x00000000
         195000	        18	80000028	0000ab17	auipc	x22,0xa	 x22=0x8000a024
         205000	        19	8000002c	fa0b0b13	addi	x22,x22,-96	 x22:0x8000a024 x22=0x80009fc4
         215000	        20	80000030	00002f17	auipc	x30,0x2	 x30=0x8000202c
         225000	        21	80000034	f68f0f13	addi	x30,x30,-152	 x30:0x8000202c x30=0x80001f94
         235000	        22	80000038	000f6f13	ori	x30,x30,0	 x30:0x80001f94 x30=0x80001f94
         245000	        23	8000003c	00000013	addi	x0,x0,0	  x0:0x00000000
         255000	        24	80000040	00000f17	auipc	x30,0x0	 x30=0x8000003c
         265000	        25	80000044	020f0f13	addi	x30,x30,32	 x30:0x8000003c x30=0x8000005c
         275000	        26	80000048	00000013	addi	x0,x0,0	  x0:0x00000000
         285000	        27	8000004c	00000013	addi	x0,x0,0	  x0:0x00000000
         295000	        28	80000050	00002f37	lui	x30,0x2	 x30=0x00002000
         305000	        29	80000054	800f0f13	addi	x30,x30,-2048	 x30:0x00002000 x30=0x00001800
         315000	        30	80000058	00000013	addi	x0,x0,0	  x0:0x00000000
         325000	        31	8000005c	00000013	addi	x0,x0,0	  x0:0x00000000
         335000	        32	80000060	80000037	lui	x0,0x80000	
         345000	        33	80000064	00000013	addi	x0,x0,0	  x0:0x00000000
         355000	        34	80000068	800000b7	lui	x1,0x80000	  x1=0x80000000
         365000	        35	8000006c	46243137	lui	x2,0x46243	  x2=0x46243000
         375000	        36	80000070	7ff10113	addi	x2,x2,2047	  x2:0x46243000  x2=0x462437ff
         385000	        37	80000074	800001b7	lui	x3,0x80000	  x3=0x80000000
         395000	        38	80000078	00700213	addi	x4,x0,7	  x0:0x00000000  x4=0x00000007
         405000	        39	8000007c	00f00293	addi	x5,x0,15	  x0:0x00000000  x5=0x0000000f
         415000	        40	80000080	00000393	addi	x7,x0,0	  x0:0x00000000  x7=0x00000000
         425000	        41	80000084	f2a4b437	lui	x8,0xf2a4b	  x8=0xf2a4b000
         435000	        42	80000088	1c240413	addi	x8,x8,450	  x8:0xf2a4b000  x8=0xf2a4b1c2
         445000	        43	8000008c	faa3f4b7	lui	x9,0xfaa3f	  x9=0xfaa3f000
         455000	        44	80000090	ac548493	addi	x9,x9,-1339	  x9:0xfaa3f000  x9=0xfaa3eac5
         465000	        45	80000094	abbfc537	lui	x10,0xabbfc	 x10=0xabbfc000
         475000	        46	80000098	12650513	addi	x10,x10,294	 x10:0xabbfc000 x10=0xabbfc126
         485000	        47	8000009c	00000593	addi	x11,x0,0	  x0:0x00000000 x11=0x00000000
         495000	        48	800000a0	f5dd4637	lui	x12,0xf5dd4	 x12=0xf5dd4000
         505000	        49	800000a4	f5760613	addi	x12,x12,-169	 x12:0xf5dd4000 x12=0xf5dd3f57
         515000	        50	800000a8	00100693	addi	x13,x0,1	  x0:0x00000000 x13=0x00000001
         525000	        51	800000ac	fa477737	lui	x14,0xfa477	 x14=0xfa477000
         535000	        52	800000b0	66970713	addi	x14,x14,1641	 x14:0xfa477000 x14=0xfa477669
         545000	        53	800000b4	00b00793	addi	x15,x0,11	  x0:0x00000000 x15=0x0000000b
         555000	        54	800000b8	00800813	addi	x16,x0,8	  x0:0x00000000 x16=0x00000008
         565000	        55	800000bc	fedaa8b7	lui	x17,0xfedaa	 x17=0xfedaa000
         575000	        56	800000c0	11f88893	addi	x17,x17,287	 x17:0xfedaa000 x17=0xfedaa11f
         585000	        57	800000c4	f2eb6937	lui	x18,0xf2eb6	 x18=0xf2eb6000
         595000	        58	800000c8	e6d90913	addi	x18,x18,-403	 x18:0xf2eb6000 x18=0xf2eb5e6d
         605000	        59	800000cc	f44879b7	lui	x19,0xf4487	 x19=0xf4487000
         615000	        60	800000d0	dce98993	addi	x19,x19,-562	 x19:0xf4487000 x19=0xf4486dce
         625000	        61	800000d4	00000a13	addi	x20,x0,0	  x0:0x00000000 x20=0x00000000
         635000	        62	800000d8	b2b9eab7	lui	x21,0xb2b9e	 x21=0xb2b9e000
         645000	        63	800000dc	390a8a93	addi	x21,x21,912	 x21:0xb2b9e000 x21=0xb2b9e390
         655000	        64	800000e0	80000bb7	lui	x23,0x80000	 x23=0x80000000
         665000	        65	800000e4	f1e3dc37	lui	x24,0xf1e3d	 x24=0xf1e3d000
         675000	        66	800000e8	8adc0c13	addi	x24,x24,-1875	 x24:0xf1e3d000 x24=0xf1e3c8ad
         685000	        67	800000ec	fcb0dcb7	lui	x25,0xfcb0d	 x25=0xfcb0d000
         695000	        68	800000f0	42cc8c93	addi	x25,x25,1068	 x25:0xfcb0d000 x25=0xfcb0d42c
         705000	        69	800000f4	1802fd37	lui	x26,0x1802f	 x26=0x1802f000
         715000	        70	800000f8	317d0d13	addi	x26,x26,791	 x26:0x1802f000 x26=0x1802f317
         725000	        71	800000fc	00000d93	addi	x27,x0,0	  x0:0x00000000 x27=0x00000000
         735000	        72	80000100	00000e13	addi	x28,x0,0	  x0:0x00000000 x28=0x00000000
         745000	        73	80000104	80000eb7	lui	x29,0x80000	 x29=0x80000000
         755000	        74	80000108	80000f37	lui	x30,0x80000	 x30=0x80000000
         765000	        75	8000010c	f579bfb7	lui	x31,0xf579b	 x31=0xf579b000
         775000	        76	80000110	163f8f93	addi	x31,x31,355	 x31:0xf579b000 x31=0xf579b163
         785000	        77	80000114	0000a317	auipc	x6,0xa	  x6=0x8000a110
         795000	        78	80000118	e7430313	addi	x6,x6,-396	  x6:0x8000a110  x6=0x80009f84
         805000	        79	8000011c	40008137	lui	x2,0x40008	  x2=0x40008000
         815000	        80	80000120	00000817	auipc	x16,0x0	 x16=0x8000011c
         825000	        81	80000124	79c80813	addi	x16,x16,1948	 x16:0x8000011c x16=0x800008b8
         835000	        82	80000128	0150a0b3	slt	x1,x1,x21	  x1:0x80000000 x21:0xb2b9e390  x1=0x00000001
         845000	        83	8000012c	cda5f593	andi	x11,x11,-806	 x11:0x00000000 x11=0x00000000
         855000	        84	80000130	0141d033	srl	x0,x3,x20	  x3:0x80000000 x20:0x00000000
         865000	        85	80000134	eaf80813	addi	x16,x16,-337	 x16:0x800008b8 x16=0x80000767
         875000	        86	80000138	00000013	addi	x0,x0,0	  x0:0x00000000
         885000	        87	8000013c	40935d33	sra	x26,x6,x9	  x6:0x80009f84  x9:0xfaa3eac5 x26=0xfc0004fc
         895000	        88	80000140	01f2c433	xor	x8,x5,x31	  x5:0x0000000f x31:0xf579b163  x8=0xf579b16c
         905000	        89	80000144	152808e7	jalr	x17,x16,338	 x16:0x80000767 x17=0x80000144
         915000	        90	00000000	00000013	addi	x0,x0,0	  x0:0x00000000
         925000	        91	800008b8	00000013	addi	x0,x0,0	  x0:0x00000000
         935000	        92	800008bc	17e42c13	slti	x24,x8,382	  x8:0xf579b16c x24=0x00000001
         945000	        93	800008c0	0175d263	bge	x11,x23,800008c4	 x11:0x00000000 x23:0x80000000
         955000	        94	00000000	00000013	addi	x0,x0,0	  x0:0x00000000
         965000	        95	800008c0	00000013	addi	x0,x0,0	  x0:0x00000000
         975000	        96	800008c4	fec30313	addi	x6,x6,-20	  x6:0x80009f84  x6=0x80009f70
         985000	        97	800008c8	00c5acb3	slt	x25,x11,x12	 x11:0x00000000 x12:0xf5dd3f57 x25=0x00000000
         995000	        98	800008cc	5d5e8593	addi	x11,x29,1493	 x29:0x80000000 x11=0x800005d5
        1005000	        99	800008d0	01132223	sw	x17,4(x6)	  x6:0x80009f70 x17:0x80000144 PA:0x80009f74
        1015000	       100	800008d4	a01df093	andi	x1,x27,-1535	 x27:0x00000000  x1=0x00000000
        1025000	       101	800008d8	ba288193	addi	x3,x17,-1118	 x17:0x80000144  x3=0x7ffffce6
        1035000	       102	800008dc	413a8733	sub	x14,x21,x19	 x21:0xb2b9e390 x19:0xf4486dce x14=0xbe7175c2
        1045000	       103	800008e0	017ad193	srli	x3,x21,0x17	 x21:0xb2b9e390  x3=0x00000165
        1055000	       104	800008e4	00008417	auipc	x8,0x8	  x8=0x800088e0
        1065000	       105	800008e8	1d740413	addi	x8,x8,471	  x8:0x800088e0  x8=0x80008ab7
        1075000	       106	800008ec	00008117	auipc	x2,0x8	  x2=0x800088e8
        1085000	       107	800008f0	4c210113	addi	x2,x2,1218	  x2:0x800088e8  x2=0x80008daa
        1095000	       108	800008f4	00008497	auipc	x9,0x8	  x9=0x800088f0
        1105000	       109	800008f8	02448493	addi	x9,x9,36	  x9:0x800088f0  x9=0x80008914
        1115000	       110	800008fc	fe440183	lb	x3,-28(x8)	  x8:0x80008ab7  x3=0xffffff80 PA:0x80008a9b
        1125000	       111	80000900	fcd40583	lb	x11,-51(x8)	  x8:0x80008ab7 x11=0x0000006f PA:0x80008a84
        1135000	       112	80000904	12014783	lbu	x15,288(x2)	  x2:0x80008daa x15=0x000000b1 PA:0x80008eca
        1145000	       113	80000908	00008d97	auipc	x27,0x8	 x27=0x80008904
        1155000	       114	8000090c	4ced8d93	addi	x27,x27,1230	 x27:0x80008904 x27=0x80008dd2
        1165000	       115	80000910	01049b83	lh	x23,16(x9)	  x9:0x80008914 x23=0x00000e0f PA:0x80008924
        1175000	       116	80000914	bd1d8f83	lb	x31,-1071(x27)	 x27:0x80008dd2 x31=0xffffff88 PA:0x800089a3
        1185000	       117	80000918	ff5489a3	sb	x21,-13(x9)	  x9:0x80008914 x21:0xb2b9e390 PA:0x80008907
        1195000	       118	8000091c	fe640b83	lb	x23,-26(x8)	  x8:0x80008ab7 x23=0xffffff86 PA:0x80008a9d
        1205000	       119	80000920	10c15c83	lhu	x25,268(x2)	  x2:0x80008daa x25=0x00009c9d PA:0x80008eb6
        1215000	       120	80000924	193d8683	lb	x13,403(x27)	 x27:0x80008dd2 x13=0x0000004e PA:0x80008f65
        1225000	       121	80000928	039405a3	sb	x25,43(x8)	  x8:0x80008ab7 x25:0x00009c9d PA:0x80008ae2
        1235000	       122	8000092c	b9d10903	lb	x18,-1123(x2)	  x2:0x80008daa x18=0x0000002c PA:0x80008947
        1245000	       123	80000930	ffa49e23	sh	x26,-4(x9)	  x9:0x80008914 x26:0xfc0004fc PA:0x80008910
        1255000	       124	80000934	e5310283	lb	x5,-429(x2)	  x2:0x80008daa  x5=0xffffffe6 PA:0x80008bfd
        1265000	       125	80000938	d3ed85a3	sb	x30,-725(x27)	 x27:0x80008dd2 x30:0x80000000 PA:0x80008afd
        1275000	       126	8000093c	f70d8623	sb	x16,-148(x27)	 x27:0x80008dd2 x16:0x80000767 PA:0x80008d3e
        1285000	       127	80000940	e33dc583	lbu	x11,-461(x27)	 x27:0x80008dd2 x11=0x000000ee PA:0x80008c05
        1295000	       128	80000944	00348983	lb	x19,3(x9)	  x9:0x80008914 x19=0xfffffffc PA:0x80008917
        1305000	       129	80000948	01649823	sh	x22,16(x9)	  x9:0x80008914 x22:0x80009fc4 PA:0x80008924
        1315000	       130	8000094c	01044c83	lbu	x25,16(x8)	  x8:0x80008ab7 x25=0x000000ac PA:0x80008ac7
        1325000	       131	80000950	c8bdc883	lbu	x17,-885(x27)	 x27:0x80008dd2 x17=0x00000046 PA:0x80008a5d
        1335000	       132	80000954	fe440a83	lb	x21,-28(x8)	  x8:0x80008ab7 x21=0xffffff80 PA:0x80008a9b
        1345000	       133	80000958	ec710503	lb	x10,-313(x2)	  x2:0x80008daa x10=0x0000005a PA:0x80008c71
        1355000	       134	8000095c	fd6d9f03	lh	x30,-42(x27)	 x27:0x80008dd2 x30=0xffff9293 PA:0x80008da8
        1365000	       135	80000960	00c4c783	lbu	x15,12(x9)	  x9:0x80008914 x15=0x0000000b PA:0x80008920
        1375000	       136	80000964	fe044383	lbu	x7,-32(x8)	  x8:0x80008ab7  x7=0x0000007c PA:0x80008a97
        1385000	       137	80000968	00d4ce03	lbu	x28,13(x9)	  x9:0x80008914 x28=0x0000000a PA:0x80008921
        1395000	       138	8000096c	e9b11223	sh	x27,-380(x2)	  x2:0x80008daa x27:0x80008dd2 PA:0x80008c2e
        1405000	       139	80000970	ffc49e23	sh	x28,-4(x9)	  x9:0x80008914 x28:0x0000000a PA:0x80008910
        1415000	       140	80000974	bf114c03	lbu	x24,-1039(x2)	  x2:0x80008daa x24=0x00000080 PA:0x8000899b
        1425000	       141	80000978	20bdcd03	lbu	x26,523(x27)	 x27:0x80008dd2 x26=0x000000c6 PA:0x80008fdd
        1435000	       142	8000097c	183dc883	lbu	x17,387(x27)	 x27:0x80008dd2 x17=0x0000003e PA:0x80008f55
        1445000	       143	80000980	fd740aa3	sb	x23,-43(x8)	  x8:0x80008ab7 x23:0xffffff86 PA:0x80008a8c
        1455000	       144	80000984	ff148d03	lb	x26,-15(x9)	  x9:0x80008914 x26=0xffffffee PA:0x80008905
        1465000	       145	80000988	090dc503	lbu	x10,144(x27)	 x27:0x80008dd2 x10=0x00000049 PA:0x80008e62
        1475000	       146	8000098c	ffd48b23	sb	x29,-10(x9)	  x9:0x80008914 x29:0x80000000 PA:0x8000890a
        1485000	       147	80000990	e9710283	lb	x5,-361(x2)	  x2:0x80008daa  x5=0x0000002a PA:0x80008c41
        1495000	       148	80000994	00008917	auipc	x18,0x8	 x18=0x80008990
        1505000	       149	80000998	90f90913	addi	x18,x18,-1777	 x18:0x80008990 x18=0x8000829f
        1515000	       150	8000099c	41117f93	andi	x31,x2,1041	  x2:0x80008daa x31=0x00000400
        1525000	       151	800009a0	01cf8bb3	add	x23,x31,x28	 x31:0x00000400 x28:0x0000000a x23=0x0000040a
        1535000	       152	800009a4	41545c13	srai	x24,x8,0x15	  x8:0x80008ab7 x24=0xfffffc00
        1545000	       153	800009a8	fff91703	lh	x14,-1(x18)	 x18:0x8000829f x14=0x00005455 PA:0x8000829e
        1555000	       154	800009ac	5f79b013	sltiu	x0,x19,1527	 x19:0xfffffffc
        1565000	       155	800009b0	ea78c037	lui	x0,0xea78c	
        1575000	       156	800009b4	016e6633	or	x12,x28,x22	 x28:0x0000000a x22:0x80009fc4 x12=0x80009fce
        1585000	       157	800009b8	00195583	lhu	x11,1(x18)	 x18:0x8000829f x11=0x00005a5b PA:0x800082a0
        1595000	       158	800009bc	000718b3	sll	x17,x14,x0	 x14:0x00005455  x0:0x00000000 x17=0x00005455
        1605000	       159	800009c0	000b5613	srli	x12,x22,0x0	 x22:0x80009fc4 x12=0x80009fc4
        1615000	       160	800009c4	00000013	addi	x0,x0,0	  x0:0x00000000
        1625000	       161	800009c8	01b400b3	add	x1,x8,x27	  x8:0x80008ab7 x27:0x80008dd2  x1=0x00011889
        1635000	       162	800009cc	ff790aa3	sb	x23,-11(x18)	 x18:0x8000829f x23:0x0000040a PA:0x80008294
        1645000	       163	800009d0	b65ecc93	xori	x25,x29,-1179	 x29:0x80000000 x25=0x7ffffb65
        1655000	       164	800009d4	01090823	sb	x16,16(x18)	 x18:0x8000829f x16:0x80000767 PA:0x800082af
        1665000	       165	800009d8	00a90c83	lb	x25,10(x18)	 x18:0x8000829f x25=0x00000062 PA:0x800082a9
        1675000	       166	800009dc	00000013	addi	x0,x0,0	  x0:0x00000000
        1685000	       167	800009e0	6f31cc93	xori	x25,x3,1779	  x3:0xffffff80 x25=0xfffff973
        1695000	       168	800009e4	01f5d713	srli	x14,x11,0x1f	 x11:0x00005a5b x14=0x00000000
        1705000	       169	800009e8	ddf9bb93	sltiu	x23,x19,-545	 x19:0xfffffffc x23=0x00000000
        1715000	       170	800009ec	40665c33	sra	x24,x12,x6	 x12:0x80009fc4  x6:0x80009f70 x24=0xffff8000
        1725000	       171	800009f0	ff790823	sb	x23,-16(x18)	 x18:0x8000829f x23:0x00000000 PA:0x8000828f
        1735000	       172	800009f4	40be0cb3	sub	x25,x28,x11	 x28:0x0000000a x11:0x00005a5b x25=0xffffa5af
        1745000	       173	800009f8	ff192803	lw	x16,-15(x18)	 x18:0x8000829f x16=0x48494a4b PA:0x80008290
        1755000	       174	800009fc	00234ab3	xor	x21,x6,x2	  x6:0x80009f70  x2:0x80008daa x21=0x000012da
        1765000	       175	80000a00	01094003	lbu	x0,16(x18)	 x18:0x8000829f PA:0x800082af
        1775000	       176	80000a04	00871cb3	sll	x25,x14,x8	 x14:0x00000000  x8:0x80008ab7 x25=0x00000000
        1785000	       177	80000a08	0046dc33	srl	x24,x13,x4	 x13:0x0000004e  x4:0x00000007 x24=0x00000000
        1795000	       178	80000a0c	41bbde93	srai	x29,x23,0x1b	 x23:0x00000000 x29=0x00000000
        1805000	       179	80000a10	00b15093	srli	x1,x2,0xb	  x2:0x80008daa  x1=0x00100011
        1815000	       180	80000a14	29358813	addi	x16,x11,659	 x11:0x00005a5b x16=0x00005cee
        1825000	       181	80000a18	01051c13	slli	x24,x10,0x10	 x10:0x00000049 x24=0x00490000
        1835000	       182	80000a1c	010ab8b3	sltu	x17,x21,x16	 x21:0x000012da x16:0x00005cee x17=0x00000001
        1845000	       183	80000a20	1071c813	xori	x16,x3,263	  x3:0xffffff80 x16=0xfffffe87
        1855000	       184	80000a24	00a94d03	lbu	x26,10(x18)	 x18:0x8000829f x26=0x00000062 PA:0x800082a9
        1865000	       185	80000a28	8460c997	auipc	x19,0x8460c	 x19=0x0460ca24
        1875000	       186	80000a2c	00e399b3	sll	x19,x7,x14	  x7:0x0000007c x14:0x00000000 x19=0x0000007c
        1885000	       187	80000a30	012713b3	sll	x7,x14,x18	 x14:0x00000000 x18:0x8000829f  x7=0x00000000
        1895000	       188	80000a34	ff194583	lbu	x11,-15(x18)	 x18:0x8000829f x11=0x0000004b PA:0x80008290
        1905000	       189	80000a38	00008f97	auipc	x31,0x8	 x31=0x80008a34
        1915000	       190	80000a3c	8a4f8f93	addi	x31,x31,-1884	 x31:0x80008a34 x31=0x800082d8
        1925000	       191	80000a40	003619b3	sll	x19,x12,x3	 x12:0x80009fc4  x3:0xffffff80 x19=0x80009fc4
        1935000	       192	80000a44	003e02b3	add	x5,x28,x3	 x28:0x0000000a  x3:0xffffff80  x5=0xffffff8a
        1945000	       193	80000a48	007fc103	lbu	x2,7(x31)	 x31:0x800082d8  x2=0x00000094 PA:0x800082df
        1955000	       194	80000a4c	00559233	sll	x4,x11,x5	 x11:0x0000004b  x5:0xffffff8a  x4=0x00012c00
        1965000	       195	80000a50	007f9523	sh	x7,10(x31)	 x31:0x800082d8  x7:0x00000000 PA:0x800082e2
        1975000	       196	80000a54	00ff8f03	lb	x30,15(x31)	 x31:0x800082d8 x30=0xffffff9c PA:0x800082e7
        1985000	       197	80000a58	00ffc783	lbu	x15,15(x31)	 x31:0x800082d8 x15=0x0000009c PA:0x800082e7
        1995000	       198	00000000	00000013	addi	x0,x0,0	  x0:0x00000000
        2005000	       199	80000a5c	00ffcc83	lbu	x25,15(x31)	 x31:0x800082d8 x25=0x0000009c PA:0x800082e7
        2015000	       200	80000a60	012f9223	sh	x18,4(x31)	 x31:0x800082d8 x18:0x8000829f PA:0x800082dc
        2025000	       201	80000a64	01e679b3	and	x19,x12,x30	 x12:0x80009fc4 x30:0xffffff9c x19=0x80009f84
        2035000	       202	80000a68	ff2fd183	lhu	x3,-14(x31)	 x31:0x800082d8  x3=0x00008081 PA:0x800082ca
        2045000	       203	80000a6c	4094d793	srai	x15,x9,0x9	  x9:0x80008914 x15=0xffc00044
        2055000	       204	80000a70	feff9923	sh	x15,-14(x31)	 x31:0x800082d8 x15:0xffc00044 PA:0x800082ca
        2065000	       205	80000a74	005f8183	lb	x3,5(x31)	 x31:0x800082d8  x3=0xffffff82 PA:0x800082dd
        2075000	       206	80000a78	005fcd03	lbu	x26,5(x31)	 x31:0x800082d8 x26=0x00000082 PA:0x800082dd
        2085000	       207	80000a7c	00008917	auipc	x18,0x8	 x18=0x80008a78
        2095000	       208	80000a80	c1590913	addi	x18,x18,-1003	 x18:0x80008a78 x18=0x8000868d
        2105000	       209	80000a84	00000013	addi	x0,x0,0	  x0:0x00000000
        2115000	       210	80000a88	0c594183	lbu	x3,197(x18)	 x18:0x8000868d  x3=0x00000009 PA:0x80008752
        2125000	       211	00000000	00000013	addi	x0,x0,0	  x0:0x00000000
        2135000	       212	80000a8c	1e328637	lui	x12,0x1e328	 x12=0x1e328000
        2145000	       213	80000a90	09b95683	lhu	x13,155(x18)	 x18:0x8000868d x13=0x0000e2e3 PA:0x80008728
        2155000	       214	80000a94	01add2b3	srl	x5,x27,x26	 x27:0x80008dd2 x26:0x00000082  x5=0x20002374
        2165000	       215	80000a98	357b20b7	lui	x1,0x357b2	  x1=0x357b2000
        2175000	       216	80000a9c	f9f46493	ori	x9,x8,-97	  x8:0x80008ab7  x9=0xffffffbf
        2185000	       217	80000aa0	fbdc2093	slti	x1,x24,-67	 x24:0x00490000  x1=0x00000000
        2195000	       218	80000aa4	0f494a83	lbu	x21,244(x18)	 x18:0x8000868d x21=0x0000003a PA:0x80008781
        2205000	       219	80000aa8	01145393	srli	x7,x8,0x11	  x8:0x80008ab7  x7=0x00004000
        2215000	       220	80000aac	40d6f013	andi	x0,x13,1037	 x13:0x0000e2e3
        2225000	       221	80000ab0	0c690ca3	sb	x6,217(x18)	 x18:0x8000868d  x6:0x80009f70 PA:0x80008766
        2235000	       222	80000ab4	0f190e83	lb	x29,241(x18)	 x18:0x8000868d x29=0x00000035 PA:0x8000877e
        2245000	       223	80000ab8	0a294c83	lbu	x25,162(x18)	 x18:0x8000868d x25=0x000000e4 PA:0x8000872f
        2255000	       224	80000abc	fa395403	lhu	x8,-93(x18)	 x18:0x8000868d  x8=0x0000eaeb PA:0x80008630
        2265000	       225	00000000	00000013	addi	x0,x0,0	  x0:0x00000000
        2275000	       226	80000ac0	fa890d03	lb	x26,-88(x18)	 x18:0x8000868d x26=0xffffffee PA:0x80008635
        2285000	       227	80000ac4	f2d90b83	lb	x23,-211(x18)	 x18:0x8000868d x23=0x00000071 PA:0x800085ba
        2295000	       228	80000ac8	f0990883	lb	x17,-247(x18)	 x18:0x8000868d x17=0x0000004d PA:0x80008596
        2305000	       229	80000acc	03595203	lhu	x4,53(x18)	 x18:0x8000868d  x4=0x00007879 PA:0x800086c2
        2315000	       230	80000ad0	fe7900a3	sb	x7,-31(x18)	 x18:0x8000868d  x7:0x00004000 PA:0x8000866e
        2325000	       231	80000ad4	0026efb3	or	x31,x13,x2	 x13:0x0000e2e3  x2:0x00000094 x31=0x0000e2f7
        2335000	       232	80000ad8	09b95b83	lhu	x23,155(x18)	 x18:0x8000868d x23=0x0000e2e3 PA:0x80008728
        2345000	       233	80000adc	3fe98993	addi	x19,x19,1022	 x19:0x80009f84 x19=0x8000a382
        2355000	       234	80000ae0	5dda6493	ori	x9,x20,1501	 x20:0x00000000  x9=0x000005dd
        2365000	       235	80000ae4	01944e33	xor	x28,x8,x25	  x8:0x0000eaeb x25:0x000000e4 x28=0x0000ea0f
        2375000	       236	80000ae8	0e791a83	lh	x21,231(x18)	 x18:0x8000868d x21=0x00002e2f PA:0x80008774
        2385000	       237	80000aec	0cd91d03	lh	x26,205(x18)	 x18:0x8000868d x26=0x00001011 PA:0x8000875a
        2395000	       238	80000af0	40875033	sra	x0,x14,x8	 x14:0x00000000  x8:0x0000eaeb
        2405000	       239	80000af4	0ab95b83	lhu	x23,171(x18)	 x18:0x8000868d x23=0x0000f2f3 PA:0x80008738
        2415000	       240	80000af8	afd08c93	addi	x25,x1,-1283	  x1:0x00000000 x25=0xfffffafd
        2425000	       241	80000afc	f8590883	lb	x17,-123(x18)	 x18:0x8000868d x17=0xffffffc9 PA:0x80008612
        2435000	       242	80000b00	f850b393	sltiu	x7,x1,-123	  x1:0x00000000  x7=0x00000001
        2445000	       243	80000b04	f1590583	lb	x11,-235(x18)	 x18:0x8000868d x11=0x00000059 PA:0x800085a2
        2455000	       244	80000b08	01b94703	lbu	x14,27(x18)	 x18:0x8000868d x14=0x00000063 PA:0x800086a8
        2465000	       245	80000b0c	f1a90403	lb	x8,-230(x18)	 x18:0x8000868d  x8=0x0000005c PA:0x800085a7
        2475000	       246	80000b10	00008297	auipc	x5,0x8	  x5=0x80008b0c
        2485000	       247	80000b14	96928293	addi	x5,x5,-1687	  x5:0x80008b0c  x5=0x80008475
        2495000	       248	80000b18	fe92d683	lhu	x13,-23(x5)	  x5:0x80008475 x13=0x00001415 PA:0x8000845e
        2505000	       249	80000b1c	ffe28c83	lb	x25,-2(x5)	  x5:0x80008475 x25=0x00000028 PA:0x80008473
        2515000	       250	80000b20	ffe2cd03	lbu	x26,-2(x5)	  x5:0x80008475 x26=0x00000028 PA:0x80008473
        2525000	       251	80000b24	fd82c783	lbu	x15,-40(x5)	  x5:0x80008475 x15=0x00000006 PA:0x8000844d
        2535000	       252	80000b28	268dbc93	sltiu	x25,x27,616	 x27:0x80008dd2 x25=0x00000000
        2545000	       253	80000b2c	0162c883	lbu	x17,22(x5)	  x5:0x80008475 x17=0x00000040 PA:0x8000848b
        2555000	       254	80000b30	0162c783	lbu	x15,22(x5)	  x5:0x80008475 x15=0x00000040 PA:0x8000848b
        2565000	       255	00000000	00000013	addi	x0,x0,0	  x0:0x00000000
        2575000	       256	80000b34	00f9a633	slt	x12,x19,x15	 x19:0x8000a382 x15:0x00000040 x12=0x00000001
        2585000	       257	80000b38	fef28ea3	sb	x15,-3(x5)	  x5:0x80008475 x15:0x00000040 PA:0x80008472
        2595000	       258	80000b3c	ffd2c483	lbu	x9,-3(x5)	  x5:0x80008475  x9=0x00000040 PA:0x80008472
        2605000	       259	80000b40	00194193	xori	x3,x18,1	 x18:0x8000868d  x3=0x8000868c
        2615000	       260	80000b44	03f28723	sb	x31,46(x5)	  x5:0x80008475 x31:0x0000e2f7 PA:0x800084a3
        2625000	       261	80000b48	02e2c603	lbu	x12,46(x5)	  x5:0x80008475 x12=0x000000f7 PA:0x800084a3
        2635000	       262	80000b4c	0242c503	lbu	x10,36(x5)	  x5:0x80008475 x10=0x00000052 PA:0x80008499
        2645000	       263	80000b50	fd628183	lb	x3,-42(x5)	  x5:0x80008475  x3=0x00000000 PA:0x8000844b
        2655000	       264	80000b54	010accb3	xor	x25,x21,x16	 x21:0x00002e2f x16:0xfffffe87 x25=0xffffd0a8
        2665000	       265	80000b58	0072df03	lhu	x30,7(x5)	  x5:0x80008475 x30=0x00003637 PA:0x8000847c
        2675000	       266	80000b5c	0032a3a3	sw	x3,7(x5)	  x5:0x80008475  x3:0x00000000 PA:0x8000847c
        2685000	       267	80000b60	00d283a3	sb	x13,7(x5)	  x5:0x80008475 x13:0x00001415 PA:0x8000847c
        2695000	       268	80000b64	002283a3	sb	x2,7(x5)	  x5:0x80008475  x2:0x00000094 PA:0x8000847c
        2705000	       269	80000b68	00008e97	auipc	x29,0x8	 x29=0x80008b64
        2715000	       270	80000b6c	084e8e93	addi	x29,x29,132	 x29:0x80008b64 x29=0x80008be8
        2725000	       271	80000b70	fbee86a3	sb	x30,-83(x29)	 x29:0x80008be8 x30:0x00003637 PA:0x80008b95
        2735000	       272	80000b74	f3ee8583	lb	x11,-194(x29)	 x29:0x80008be8 x11=0x0000000d PA:0x80008b26
        2745000	       273	80000b78	f9fe9923	sh	x31,-110(x29)	 x29:0x80008be8 x31:0x0000e2f7 PA:0x80008b7a
        2755000	       274	80000b7c	f1ce88a3	sb	x28,-239(x29)	 x29:0x80008be8 x28:0x0000ea0f PA:0x80008af9
        2765000	       275	80000b80	f11ec083	lbu	x1,-239(x29)	 x29:0x80008be8  x1=0x0000000f PA:0x80008af9
        2775000	       276	80000b84	0d7ec703	lbu	x14,215(x29)	 x29:0x80008be8 x14=0x000000a4 PA:0x80008cbf
        2785000	       277	80000b88	fa4ea903	lw	x18,-92(x29)	 x29:0x80008be8 x18=0x74757677 PA:0x80008b8c
        2795000	       278	80000b8c	011e9b23	sh	x17,22(x29)	 x29:0x80008be8 x17:0x00000040 PA:0x80008bfe
        2805000	       279	80000b90	016e8f83	lb	x31,22(x29)	 x29:0x80008be8 x31=0x00000040 PA:0x80008bfe
        2815000	       280	80000b94	fd4ea383	lw	x7,-44(x29)	 x29:0x80008be8  x7=0xa4a5a6a7 PA:0x80008bbc
        2825000	       281	80000b98	079ec703	lbu	x14,121(x29)	 x29:0x80008be8 x14=0x0000004a PA:0x80008c61
        2835000	       282	80000b9c	0f9e9223	sh	x25,228(x29)	 x29:0x80008be8 x25:0xffffd0a8 PA:0x80008ccc
        2845000	       283	80000ba0	fb1e8f03	lb	x30,-79(x29)	 x29:0x80008be8 x30=0xffffff82 PA:0x80008b99
        2855000	       284	80000ba4	055ec283	lbu	x5,85(x29)	 x29:0x80008be8  x5=0x00000026 PA:0x80008c3d
        2865000	       285	80000ba8	000bf7b3	and	x15,x23,x0	 x23:0x0000f2f3  x0:0x00000000 x15=0x00000000
        2875000	       286	80000bac	003c78b3	and	x17,x24,x3	 x24:0x00490000  x3:0x00000000 x17=0x00000000
        2885000	       287	80000bb0	086e8523	sb	x6,138(x29)	 x29:0x80008be8  x6:0x80009f70 PA:0x80008c72
        2895000	       288	80000bb4	0afe8383	lb	x7,175(x29)	 x29:0x80008be8  x7=0x0000007c PA:0x80008c97
        2905000	       289	80000bb8	046ed483	lhu	x9,70(x29)	 x29:0x80008be8  x9=0x00008dd2 PA:0x80008c2e
        2915000	       290	80000bbc	04ae8b23	sb	x10,86(x29)	 x29:0x80008be8 x10:0x00000052 PA:0x80008c3e
        2925000	       291	80000bc0	0afec683	lbu	x13,175(x29)	 x29:0x80008be8 x13=0x0000007c PA:0x80008c97
        2935000	       292	80000bc4	00008e17	auipc	x28,0x8	 x28=0x80008bc0
        2945000	       293	80000bc8	a52e0e13	addi	x28,x28,-1454	 x28:0x80008bc0 x28=0x80008612
        2955000	       294	80000bcc	1f7e0e83	lb	x29,503(x28)	 x28:0x80008612 x29=0xffffffc2 PA:0x80008809
        2965000	       295	80000bd0	196e4f83	lbu	x31,406(x28)	 x28:0x80008612 x31=0x00000063 PA:0x800087a8
        2975000	       296	80000bd4	00008617	auipc	x12,0x8	 x12=0x80008bd0
        2985000	       297	80000bd8	b3160613	addi	x12,x12,-1231	 x12:0x80008bd0 x12=0x80008701
        2995000	       298	80000bdc	00007097	auipc	x1,0x7	  x1=0x80007bd8
        3005000	       299	80000be0	7e008093	addi	x1,x1,2016	  x1:0x80007bd8  x1=0x800083b8
        3015000	       300	80000be4	b41e2f23	sw	x1,-1186(x28)	 x28:0x80008612  x1:0x800083b8 PA:0x80008170
        3025000	       301	80000be8	08264983	lbu	x19,130(x12)	 x12:0x80008701 x19=0x00000038 PA:0x80008783
        3035000	       302	80000bec	0dfe0803	lb	x16,223(x28)	 x28:0x80008612 x16=0xffffffaa PA:0x800086f1
        3045000	       303	80000bf0	f5208823	sb	x18,-176(x1)	  x1:0x800083b8 x18:0x74757677 PA:0x80008308
        3055000	       304	80000bf4	e8208103	lb	x2,-382(x1)	  x1:0x800083b8  x2=0xfffffff1 PA:0x8000823a
        3065000	       305	80000bf8	a41e0583	lb	x11,-1471(x28)	 x28:0x80008612 x11=0x00000008 PA:0x80008053
        3075000	       306	80000bfc	08508e23	sb	x5,156(x1)	  x1:0x800083b8  x5:0x00000026 PA:0x80008454
        3085000	       307	80000c00	05ce4c83	lbu	x25,92(x28)	 x28:0x80008612 x25=0x00000000 PA:0x8000866e
        3095000	       308	80000c04	0f562ba3	sw	x21,247(x12)	 x12:0x80008701 x21:0x00002e2f PA:0x800087f8
        3105000	       309	80000c08	040085a3	sb	x0,75(x1)	  x1:0x800083b8  x0:0x00000000 PA:0x80008403
        3115000	       310	80000c0c	0ec64803	lbu	x16,236(x12)	 x12:0x80008701 x16=0x000000a6 PA:0x800087ed
        3125000	       311	00000000	00000013	addi	x0,x0,0	  x0:0x00000000
        3135000	       312	80000c10	0b060c23	sb	x16,184(x12)	 x12:0x80008701 x16:0x000000a6 PA:0x800087b9
        3145000	       313	80000c14	ce508823	sb	x5,-784(x1)	  x1:0x800083b8  x5:0x00000026 PA:0x800080a8
        3155000	       314	80000c18	29f0c003	lbu	x0,671(x1)	  x1:0x800083b8 PA:0x80008657
        3165000	       315	80000c1c	09264c83	lbu	x25,146(x12)	 x12:0x80008701 x25=0x00000048 PA:0x80008793
        3175000	       316	80000c20	ee2089a3	sb	x2,-269(x1)	  x1:0x800083b8  x2:0xfffffff1 PA:0x800082ab
        3185000	       317	80000c24	f3c0c283	lbu	x5,-196(x1)	  x1:0x800083b8  x5=0x000000af PA:0x800082f4
        3195000	       318	00000000	00000013	addi	x0,x0,0	  x0:0x00000000
        3205000	       319	80000c28	ce50c383	lbu	x7,-795(x1)	  x1:0x800083b8  x7=0x00000056 PA:0x8000809d
        3215000	       320	80000c2c	140e08a3	sb	x0,337(x28)	 x28:0x80008612  x0:0x00000000 PA:0x80008763
        3225000	       321	80000c30	fd8e4403	lbu	x8,-40(x28)	 x28:0x80008612  x8=0x000000a1 PA:0x800085ea
        3235000	       322	80000c34	a97e0f23	sb	x23,-1378(x28)	 x28:0x80008612 x23:0x0000f2f3 PA:0x800080b0
        3245000	       323	80000c38	00008c97	auipc	x25,0x8	 x25=0x80008c34
        3255000	       324	80000c3c	0b7c8c93	addi	x25,x25,183	 x25:0x80008c34 x25=0x80008ceb
        3265000	       325	80000c40	00ac82a3	sb	x10,5(x25)	 x25:0x80008ceb x10:0x00000052 PA:0x80008cf0
        3275000	       326	80000c44	2ec2f813	andi	x16,x5,748	  x5:0x000000af x16=0x000000ac
        3285000	       327	80000c48	00fd3133	sltu	x2,x26,x15	 x26:0x00000028 x15:0x00000000  x2=0x00000000
        3295000	       328	80000c4c	00311713	slli	x14,x2,0x3	  x2:0x00000000 x14=0x00000000
        3305000	       329	80000c50	b2dcc003	lbu	x0,-1235(x25)	 x25:0x80008ceb PA:0x80008818
        3315000	       330	80000c54	0174d093	srli	x1,x9,0x17	  x9:0x00008dd2  x1=0x00000000
        3325000	       331	80000c58	ddb2c493	xori	x9,x5,-549	  x5:0x000000af  x9=0xfffffd74
        3335000	       332	80000c5c	12ac81a3	sb	x10,291(x25)	 x25:0x80008ceb x10:0x00000052 PA:0x80008e0e
        3345000	       333	80000c60	cabcd383	lhu	x7,-853(x25)	 x25:0x80008ceb  x7=0x00007c7d PA:0x80008996
        3355000	       334	80000c64	ed9abe13	sltiu	x28,x21,-295	 x21:0x00002e2f x28=0x00000001
        3365000	       335	80000c68	4130d093	srai	x1,x1,0x13	  x1:0x00000000  x1=0x00000000
        3375000	       336	80000c6c	74304d13	xori	x26,x0,1859	  x0:0x00000000 x26=0x00000743
        3385000	       337	80000c70	0159e633	or	x12,x19,x21	 x19:0x00000038 x21:0x00002e2f x12=0x00002e3f
        3395000	       338	80000c74	01d35693	srli	x13,x6,0x1d	  x6:0x80009f70 x13=0x00000004
        3405000	       339	80000c78	00000013	addi	x0,x0,0	  x0:0x00000000
        3415000	       340	80000c7c	1abc8223	sb	x11,420(x25)	 x25:0x80008ceb x11:0x00000008 PA:0x80008e8f
        3425000	       341	80000c80	e40c8103	lb	x2,-448(x25)	 x25:0x80008ceb  x2=0x00000010 PA:0x80008b2b
        3435000	       342	80000c84	a4484697	auipc	x13,0xa4484	 x13=0x24484c80
        3445000	       343	80000c88	41635d13	srai	x26,x6,0x16	  x6:0x80009f70 x26=0xfffffe00
        3455000	       344	80000c8c	01c30933	add	x18,x6,x28	  x6:0x80009f70 x28:0x00000001 x18=0x80009f71
        3465000	       345	80000c90	8a473a93	sltiu	x21,x14,-1884	 x14:0x00000000 x21=0x00000001
        3475000	       346	80000c94	eb8c8583	lb	x11,-328(x25)	 x25:0x80008ceb x11=0xffffff88 PA:0x80008ba3
        3485000	       347	80000c98	41b900b3	sub	x1,x18,x27	 x18:0x80009f71 x27:0x80008dd2  x1=0x0000119f
        3495000	       348	80000c9c	170c89a3	sb	x16,371(x25)	 x25:0x80008ceb x16:0x000000ac PA:0x80008e5e
        3505000	       349	80000ca0	00cf1d93	slli	x27,x30,0xc	 x30:0xffffff82 x27=0xfff82000
        3515000	       350	80000ca4	1ff70593	addi	x11,x14,511	 x14:0x00000000 x11=0x000001ff
        3525000	       351	80000ca8	aa8bf713	andi	x14,x23,-1368	 x23:0x0000f2f3 x14=0x0000f2a0
        3535000	       352	80000cac	d00c8923	sb	x0,-750(x25)	 x25:0x80008ceb  x0:0x00000000 PA:0x800089fd
        3545000	       353	80000cb0	c29cc283	lbu	x5,-983(x25)	 x25:0x80008ceb  x5=0x000000ff PA:0x80008914
        3555000	       354	80000cb4	e2fc9ea3	sh	x15,-451(x25)	 x25:0x80008ceb x15:0x00000000 PA:0x80008b28
        3565000	       355	80000cb8	199c85a3	sb	x25,395(x25)	 x25:0x80008ceb x25:0x80008ceb PA:0x80008e76
        3575000	       356	80000cbc	41865813	srai	x16,x12,0x18	 x12:0x00002e3f x16=0x00000000
        3585000	       357	80000cc0	d35c8803	lb	x16,-715(x25)	 x25:0x80008ceb x16=0x0000000b PA:0x80008a20
        3595000	       358	80000cc4	f0bc8483	lb	x9,-245(x25)	 x25:0x80008ceb  x9=0xffffffdd PA:0x80008bf6
        3605000	       359	80000cc8	017d7c33	and	x24,x26,x23	 x26:0xfffffe00 x23:0x0000f2f3 x24=0x0000f200
        3615000	       360	80000ccc	001692b3	sll	x5,x13,x1	 x13:0x24484c80  x1:0x0000119f  x5=0x00000000
        3625000	       361	80000cd0	4bf3c893	xori	x17,x7,1215	  x7:0x00007c7d x17=0x000078c2
        3635000	       362	80000cd4	ff9c8c03	lb	x24,-7(x25)	 x25:0x80008ceb x24=0xffffffcf PA:0x80008ce4
        3645000	       363	80000cd8	b6b4ca93	xori	x21,x9,-1173	  x9:0xffffffdd x21=0x000004b6
        3655000	       364	80000cdc	d5bc8283	lb	x5,-677(x25)	 x25:0x80008ceb  x5=0x0000002d PA:0x80008a46
        3665000	       365	80000ce0	d9fc8c03	lb	x24,-609(x25)	 x25:0x80008ceb x24=0x00000071 PA:0x80008a8a
        3675000	       366	80000ce4	b52ad717	auipc	x14,0xb52ad	 x14=0x352adce0
        3685000	       367	80000ce8	bd5c83a3	sb	x21,-1081(x25)	 x25:0x80008ceb x21:0x000004b6 PA:0x800088b2
        3695000	       368	80000cec	e0310e17	auipc	x28,0xe0310	 x28=0x60310ce8
        3705000	       369	80000cf0	01d2c9b3	xor	x19,x5,x29	  x5:0x0000002d x29:0xffffffc2 x19=0xffffffef
        3715000	       370	80000cf4	1a7cdd03	lhu	x26,423(x25)	 x25:0x80008ceb x26=0x00007879 PA:0x80008e92
        3725000	       371	80000cf8	0049d113	srli	x2,x19,0x4	 x19:0xffffffef  x2=0x0ffffffe
        3735000	       372	80000cfc	c56cc883	lbu	x17,-938(x25)	 x25:0x80008ceb x17=0x0000002a PA:0x80008941
        3745000	       373	80000d00	150ccb83	lbu	x23,336(x25)	 x25:0x80008ceb x23=0x00000020 PA:0x80008e3b
        3755000	       374	80000d04	415cd413	srai	x8,x25,0x15	 x25:0x80008ceb  x8=0xfffffc00
        3765000	       375	80000d08	00726f33	or	x30,x4,x7	  x4:0x00007879  x7:0x00007c7d x30=0x00007c7d
        3775000	       376	80000d0c	e5acca83	lbu	x21,-422(x25)	 x25:0x80008ceb x21=0x0000002e PA:0x80008b45
        3785000	       377	80000d10	024cc603	lbu	x12,36(x25)	 x25:0x80008ceb x12=0x000000f4 PA:0x80008d0f
        3795000	       378	80000d14	00008a97	auipc	x21,0x8	 x21=0x80008d10
        3805000	       379	80000d18	a16a8a93	addi	x21,x21,-1514	 x21:0x80008d10 x21=0x80008726
        3815000	       380	80000d1c	00007e17	auipc	x28,0x7	 x28=0x80007d18
        3825000	       381	80000d20	5ade0e13	addi	x28,x28,1453	 x28:0x80007d18 x28=0x800082c5
        3835000	       382	80000d24	01fe00a3	sb	x31,1(x28)	 x28:0x800082c5 x31:0x00000063 PA:0x800082c6
        3845000	       383	80000d28	00007d17	auipc	x26,0x7	 x26=0x80007d24
        3855000	       384	80000d2c	4ead0d13	addi	x26,x26,1258	 x26:0x80007d24 x26=0x8000820e
        3865000	       385	80000d30	026a8383	lb	x7,38(x21)	 x21:0x80008726  x7=0x00000007 PA:0x8000874c
        3875000	       386	80000d34	38fd2323	sw	x15,902(x26)	 x26:0x8000820e x15:0x00000000 PA:0x80008594
        3885000	       387	80000d38	00007617	auipc	x12,0x7	 x12=0x80007d34
        3895000	       388	80000d3c	54860613	addi	x12,x12,1352	 x12:0x80007d34 x12=0x8000827c
        3905000	       389	80000d40	fd2a8c03	lb	x24,-46(x21)	 x21:0x80008726 x24=0xffffffb3 PA:0x800086f8
        3915000	       390	80000d44	04762a23	sw	x7,84(x12)	 x12:0x8000827c  x7:0x00000007 PA:0x800082d0
        3925000	       391	80000d48	0ea60f03	lb	x30,234(x12)	 x12:0x8000827c x30=0x0000001d PA:0x80008366
        3935000	       392	80000d4c	fd4e0703	lb	x14,-44(x28)	 x28:0x800082c5 x14=0x00000052 PA:0x80008299
        3945000	       393	80000d50	ff6e4d83	lbu	x27,-10(x28)	 x28:0x800082c5 x27=0x00000070 PA:0x800082bb
        3955000	       394	80000d54	003e4703	lbu	x14,3(x28)	 x28:0x800082c5 x14=0x00000083 PA:0x800082c8
        3965000	       395	80000d58	0fad1783	lh	x15,250(x26)	 x26:0x8000820e x15=0xffffc277 PA:0x80008308
        3975000	       396	80000d5c	f6861523	sh	x8,-150(x12)	 x12:0x8000827c  x8:0xfffffc00 PA:0x800081e6
        3985000	       397	80000d60	fc7ac003	lbu	x0,-57(x21)	 x21:0x80008726 PA:0x800086ed
        3995000	       398	80000d64	febe2c03	lw	x24,-21(x28)	 x28:0x800082c5 x24=0x68696a6b PA:0x800082b0
        4005000	       399	80000d68	049609a3	sb	x9,83(x12)	 x12:0x8000827c  x9:0xffffffdd PA:0x800082cf
        4015000	       400	80000d6c	089d0b83	lb	x23,137(x26)	 x26:0x8000820e x23=0x0000004c PA:0x80008297
        4025000	       401	80000d70	0ca61483	lh	x9,202(x12)	 x12:0x8000827c  x9=0xfffffcfd PA:0x80008346
        4035000	       402	80000d74	fe2e06a3	sb	x2,-19(x28)	 x28:0x800082c5  x2:0x0ffffffe PA:0x800082b2
        4045000	       403	80000d78	f1d60b23	sb	x29,-234(x12)	 x12:0x8000827c x29:0xffffffc2 PA:0x80008192
        4055000	       404	80000d7c	0a664583	lbu	x11,166(x12)	 x12:0x8000827c x11=0x000000d9 PA:0x80008322
        4065000	       405	80000d80	f16d06a3	sb	x22,-243(x26)	 x26:0x8000820e x22:0x80009fc4 PA:0x8000811b
        4075000	       406	80000d84	5ecd4103	lbu	x2,1516(x26)	 x26:0x8000820e  x2=0x00000000 PA:0x800087fa
        4085000	       407	80000d88	017e5b83	lhu	x23,23(x28)	 x28:0x800082c5 x23=0x0000829f PA:0x800082dc
        4095000	       408	00000000	00000013	addi	x0,x0,0	  x0:0x00000000
        4105000	       409	80000d8c	237d4c83	lbu	x25,567(x26)	 x26:0x8000820e x25=0x000000fe PA:0x80008445
        4115000	       410	80000d90	053d0f23	sb	x19,94(x26)	 x26:0x8000820e x19:0xffffffef PA:0x8000826c
        4125000	       411	80000d94	037a86a3	sb	x23,45(x21)	 x21:0x80008726 x23:0x0000829f PA:0x80008753
        4135000	       412	80000d98	010adf83	lhu	x31,16(x21)	 x21:0x80008726 x31=0x0000eced PA:0x80008736
        4145000	       413	80000d9c	feeac683	lbu	x13,-18(x21)	 x21:0x80008726 x13=0x000000cf PA:0x80008714
        4155000	       414	80000da0	163d0783	lb	x15,355(x26)	 x26:0x8000820e x15=0x0000002a PA:0x80008371
        4165000	       415	80000da4	012aa683	lw	x13,18(x21)	 x21:0x80008726 x13=0xf0f1f2f3 PA:0x80008738
        4175000	       416	80000da8	215d4b83	lbu	x23,533(x26)	 x26:0x8000820e x23=0x000000d8 PA:0x80008423
        4185000	       417	80000dac	fc3a82a3	sb	x3,-59(x21)	 x21:0x80008726  x3:0x00000000 PA:0x800086eb
        4195000	       418	80000db0	41188c33	sub	x24,x17,x17	 x17:0x0000002a x17:0x0000002a x24=0x00000000
        4205000	       419	80000db4	04fa8663	beq	x21,x15,80000e00	 x21:0x80008726 x15:0x0000002a
        4215000	       420	80000db8	011a7f33	and	x30,x20,x17	 x20:0x00000000 x17:0x0000002a x30=0x00000000
        4225000	       421	80000dbc	a8a16593	ori	x11,x2,-1398	  x2:0x00000000 x11=0xfffffa8a
        4235000	       422	80000dc0	00000013	addi	x0,x0,0	  x0:0x00000000
        4245000	       423	80000dc4	000415b3	sll	x11,x8,x0	  x8:0xfffffc00  x0:0x00000000 x11=0xfffffc00
        4255000	       424	80000dc8	854c3a93	sltiu	x21,x24,-1964	 x24:0x00000000 x21=0x00000001
        4265000	       425	80000dcc	01b33133	sltu	x2,x6,x27	  x6:0x80009f70 x27:0x00000070  x2=0x00000000
        4275000	       426	80000dd0	403fd733	sra	x14,x31,x3	 x31:0x0000eced  x3:0x00000000 x14=0x0000eced
        4285000	       427	80000dd4	0071f033	and	x0,x3,x7	  x3:0x00000000  x7:0x00000007
        4295000	       428	80000dd8	00c5c4b3	xor	x9,x11,x12	 x11:0xfffffc00 x12:0x8000827c  x9=0x7fff7e7c
        4305000	       429	80000ddc	bc9c4c93	xori	x25,x24,-1079	 x24:0x00000000 x25=0xfffffbc9
        4315000	       430	80000de0	50c0af17	auipc	x30,0x50c0a	 x30=0xd0c0addc
        4325000	       431	80000de4	002573b3	and	x7,x10,x2	 x10:0x00000052  x2:0x00000000  x7=0x00000000
        4335000	       432	80000de8	01f4d293	srli	x5,x9,0x1f	  x9:0x7fff7e7c  x5=0x00000000
        4345000	       433	80000dec	019f6133	or	x2,x30,x25	 x30:0xd0c0addc x25:0xfffffbc9  x2=0xffffffdd
        4355000	       434	80000df0	00675263	bge	x14,x6,80000df4	 x14:0x0000eced  x6:0x80009f70
        4365000	       435	00000000	00000013	addi	x0,x0,0	  x0:0x00000000
        4375000	       436	80000df0	00000013	addi	x0,x0,0	  x0:0x00000000
        4385000	       437	80000df4	00690263	beq	x18,x6,80000df8	 x18:0x80009f71  x6:0x80009f70
        4395000	       438	80000df8	cee94893	xori	x17,x18,-786	 x18:0x80009f71 x17=0x7fff639f
        4405000	       439	80000dfc	7aa08893	addi	x17,x1,1962	  x1:0x0000119f x17=0x00001949
        4415000	       440	80000e00	41c1dd93	srai	x27,x3,0x1c	  x3:0x00000000 x27=0x00000000
        4425000	       441	80000e04	005463b3	or	x7,x8,x5	  x8:0xfffffc00  x5:0x00000000  x7=0xfffffc00
        4435000	       442	80000e08	73128b93	addi	x23,x5,1841	  x5:0x00000000 x23=0x00000731
        4445000	       443	80000e0c	000cccb3	xor	x25,x25,x0	 x25:0xfffffbc9  x0:0x00000000 x25=0xfffffbc9
        4455000	       444	80000e10	13b86e13	ori	x28,x16,315	 x16:0x0000000b x28=0x0000013b
        4465000	       445	80000e14	69ce0d13	addi	x26,x28,1692	 x28:0x0000013b x26=0x000007d7
        4475000	       446	80000e18	01a0bd33	sltu	x26,x1,x26	  x1:0x0000119f x26:0x000007d7 x26=0x00000000
        4485000	       447	80000e1c	00659593	slli	x11,x11,0x6	 x11:0xfffffc00 x11=0xffff0000
        4495000	       448	80000e20	00c85d33	srl	x26,x16,x12	 x16:0x0000000b x12:0x8000827c x26=0x00000000
        4505000	       449	80000e24	002ef463	bgeu	x29,x2,80000e2c	 x29:0xffffffc2  x2:0xffffffdd
        4515000	       450	80000e28	003570b3	and	x1,x10,x3	 x10:0x00000052  x3:0x00000000  x1=0x00000000
        4525000	       451	80000e2c	0122de93	srli	x29,x5,0x12	  x5:0x00000000 x29=0x00000000
        4535000	       452	80000e30	01bb1fb3	sll	x31,x22,x27	 x22:0x80009fc4 x27:0x00000000 x31=0x80009fc4
        4545000	       453	80000e34	242f6437	lui	x8,0x242f6	  x8=0x242f6000
        4555000	       454	80000e38	8a5e6497	auipc	x9,0x8a5e6	  x9=0x0a5e6e34
        4565000	       455	80000e3c	03679663	bne	x15,x22,80000e68	 x15:0x0000002a x22:0x80009fc4
        4575000	       456	00000000	00000013	addi	x0,x0,0	  x0:0x00000000
        4585000	       457	80000e64	00000013	addi	x0,x0,0	  x0:0x00000000
        4595000	       458	80000e68	059ee863	bltu	x29,x25,80000eb8	 x29:0x00000000 x25:0xfffffbc9
        4605000	       459	00000000	00000013	addi	x0,x0,0	  x0:0x00000000
        4615000	       460	80000eb4	00000013	addi	x0,x0,0	  x0:0x00000000
        4625000	       461	80000eb8	046ed063	bge	x29,x6,80000ef8	 x29:0x00000000  x6:0x80009f70
        4635000	       462	00000000	00000013	addi	x0,x0,0	  x0:0x00000000
        4645000	       463	80000ef4	00000013	addi	x0,x0,0	  x0:0x00000000
        4655000	       464	80000ef8	ea1eba93	sltiu	x21,x29,-351	 x29:0x00000000 x21=0x00000001
        4665000	       465	80000efc	3f9ba613	slti	x12,x23,1017	 x23:0x00000731 x12=0x00000000
        4675000	       466	80000f00	d08b6113	ori	x2,x22,-760	 x22:0x80009fc4  x2=0xffffffcc
        4685000	       467	80000f04	40f2d7b3	sra	x15,x5,x15	  x5:0x00000000 x15:0x0000002a x15=0x00000000
        4695000	       468	80000f08	e3640593	addi	x11,x8,-458	  x8:0x242f6000 x11=0x242f5e36
        4705000	       469	80000f0c	006c7bb3	and	x23,x24,x6	 x24:0x00000000  x6:0x80009f70 x23=0x00000000
        4715000	       470	80000f10	04740863	beq	x8,x7,80000f60	  x8:0x242f6000  x7:0xfffffc00
        4725000	       471	80000f14	00545663	bge	x8,x5,80000f20	  x8:0x242f6000  x5:0x00000000
        4735000	       472	00000000	00000013	addi	x0,x0,0	  x0:0x00000000
        4745000	       473	80000f1c	00000013	addi	x0,x0,0	  x0:0x00000000
        4755000	       474	80000f20	01297833	and	x16,x18,x18	 x18:0x80009f71 x18:0x80009f71 x16=0x80009f71
        4765000	       475	80000f24	9c1676b7	lui	x13,0x9c167	 x13=0x9c167000
        4775000	       476	80000f28	409e8833	sub	x16,x29,x9	 x29:0x00000000  x9:0x0a5e6e34 x16=0xf5a191cc
        4785000	       477	80000f2c	0094d8b3	srl	x17,x9,x9	  x9:0x0a5e6e34  x9:0x0a5e6e34 x17=0x000000a5
        4795000	       478	80000f30	41d9de13	srai	x28,x19,0x1d	 x19:0xffffffef x28=0xffffffff
        4805000	       479	80000f34	6a03a713	slti	x14,x7,1696	  x7:0xfffffc00 x14=0x00000001
        4815000	       480	80000f38	011b1093	slli	x1,x22,0x11	 x22:0x80009fc4  x1=0x3f880000
        4825000	       481	80000f3c	00000013	addi	x0,x0,0	  x0:0x00000000
        4835000	       482	80000f40	80544c13	xori	x24,x8,-2043	  x8:0x242f6000 x24=0xdbd09805
        4845000	       483	80000f44	0128d233	srl	x4,x17,x18	 x17:0x000000a5 x18:0x80009f71  x4=0x00000000
        4855000	       484	80000f48	00000013	addi	x0,x0,0	  x0:0x00000000
        4865000	       485	80000f4c	01558033	add	x0,x11,x21	 x11:0x242f5e36 x21:0x00000001
        4875000	       486	80000f50	01109693	slli	x13,x1,0x11	  x1:0x3f880000 x13=0x00000000
        4885000	       487	80000f54	05181063	bne	x16,x17,80000f94	 x16:0xf5a191cc x17:0x000000a5
        4895000	       488	00000000	00000013	addi	x0,x0,0	  x0:0x00000000
        4905000	       489	80000f90	00000013	addi	x0,x0,0	  x0:0x00000000
        4915000	       490	80000f94	6fed3837	lui	x16,0x6fed3	 x16=0x6fed3000
        4925000	       491	80000f98	0098d893	srli	x17,x17,0x9	 x17:0x000000a5 x17=0x00000000
        4935000	       492	80000f9c	01d72eb3	slt	x29,x14,x29	 x14:0x00000001 x29:0x00000000 x29=0x00000000
        4945000	       493	80000fa0	044a4263	blt	x20,x4,80000fe4	 x20:0x00000000  x4:0x00000000
        4955000	       494	80000fa4	1a383193	sltiu	x3,x16,419	 x16:0x6fed3000  x3=0x00000000
        4965000	       495	80000fa8	414f0033	sub	x0,x30,x20	 x30:0xd0c0addc x20:0x00000000
        4975000	       496	80000fac	03a18263	beq	x3,x26,80000fd0	  x3:0x00000000 x26:0x00000000
        4985000	       497	00000000	00000013	addi	x0,x0,0	  x0:0x00000000
        4995000	       498	80000fcc	00000013	addi	x0,x0,0	  x0:0x00000000
        5005000	       499	80000fd0	01805263	bge	x0,x24,80000fd4	  x0:0x00000000 x24:0xdbd09805
        5015000	       500	00000000	00000013	addi	x0,x0,0	  x0:0x00000000
        5025000	       501	80000fd0	00000013	addi	x0,x0,0	  x0:0x00000000
        5035000	       502	80000fd4	014e8863	beq	x29,x20,80000fe4	 x29:0x00000000 x20:0x00000000
        5045000	       503	00000000	00000013	addi	x0,x0,0	  x0:0x00000000
        5055000	       504	80000fe0	00000013	addi	x0,x0,0	  x0:0x00000000
        5065000	       505	80000fe4	0103de93	srli	x29,x7,0x10	  x7:0xfffffc00 x29=0x0000ffff
        5075000	       506	80000fe8	3f83c413	xori	x8,x7,1016	  x7:0xfffffc00  x8=0xfffffff8
        5085000	       507	80000fec	05c59063	bne	x11,x28,8000102c	 x11:0x242f5e36 x28:0xffffffff
        5095000	       508	00000000	00000013	addi	x0,x0,0	  x0:0x00000000
        5105000	       509	80001028	00000013	addi	x0,x0,0	  x0:0x00000000
        5115000	       510	8000102c	01ee7463	bgeu	x28,x30,80001034	 x28:0xffffffff x30:0xd0c0addc
        5125000	       511	00000000	00000013	addi	x0,x0,0	  x0:0x00000000
        5135000	       512	80001030	00000013	addi	x0,x0,0	  x0:0x00000000
        5145000	       513	80001034	01019463	bne	x3,x16,8000103c	  x3:0x00000000 x16:0x6fed3000
        5155000	       514	00000000	00000013	addi	x0,x0,0	  x0:0x00000000
        5165000	       515	80001038	00000013	addi	x0,x0,0	  x0:0x00000000
        5175000	       516	8000103c	79368113	addi	x2,x13,1939	 x13:0x00000000  x2=0x00000793
        5185000	       517	80001040	41078133	sub	x2,x15,x16	 x15:0x00000000 x16:0x6fed3000  x2=0x9012d000
        5195000	       518	80001044	01a50c63	beq	x10,x26,8000105c	 x10:0x00000052 x26:0x00000000
        5205000	       519	80001048	05fa6863	bltu	x20,x31,80001098	 x20:0x00000000 x31:0x80009fc4
        5215000	       520	00000000	00000013	addi	x0,x0,0	  x0:0x00000000
        5225000	       521	80001094	00000013	addi	x0,x0,0	  x0:0x00000000
        5235000	       522	80001098	04b4d663	bge	x9,x11,800010e4	  x9:0x0a5e6e34 x11:0x242f5e36
        5245000	       523	8000109c	01c51db3	sll	x27,x10,x28	 x10:0x00000052 x28:0xffffffff x27=0x00000000
        5255000	       524	800010a0	020fc863	blt	x31,x0,800010d0	 x31:0x80009fc4  x0:0x00000000
        5265000	       525	00000000	00000013	addi	x0,x0,0	  x0:0x00000000
        5275000	       526	800010cc	00000013	addi	x0,x0,0	  x0:0x00000000
        5285000	       527	800010d0	9af3cc13	xori	x24,x7,-1617	  x7:0xfffffc00 x24=0x000005af
        5295000	       528	800010d4	b425c113	xori	x2,x11,-1214	 x11:0x242f5e36  x2=0xdbd0a574
        5305000	       529	800010d8	0193b933	sltu	x18,x7,x25	  x7:0xfffffc00 x25:0xfffffbc9 x18=0x00000000
        5315000	       530	800010dc	76854013	xori	x0,x10,1896	 x10:0x00000052
        5325000	       531	800010e0	02af7263	bgeu	x30,x10,80001104	 x30:0xd0c0addc x10:0x00000052
        5335000	       532	00000000	00000013	addi	x0,x0,0	  x0:0x00000000
        5345000	       533	80001100	00000013	addi	x0,x0,0	  x0:0x00000000
        5355000	       534	80001104	04f27593	andi	x11,x4,79	  x4:0x00000000 x11=0x00000000
        5365000	       535	80001108	97fd8897	auipc	x17,0x97fd8	 x17=0x17fd9104
        5375000	       536	8000110c	011a43b3	xor	x7,x20,x17	 x20:0x00000000 x17:0x17fd9104  x7=0x17fd9104
        5385000	       537	80001110	dab7be93	sltiu	x29,x15,-597	 x15:0x00000000 x29=0x00000001
        5395000	       538	80001114	c8fbc413	xori	x8,x23,-881	 x23:0x00000000  x8=0xfffffc8f
        5405000	       539	80001118	dff02293	slti	x5,x0,-513	  x0:0x00000000  x5=0x00000000
        5415000	       540	8000111c	017326b3	slt	x13,x6,x23	  x6:0x80009f70 x23:0x00000000 x13=0x00000001
        5425000	       541	80001120	00000013	addi	x0,x0,0	  x0:0x00000000
        5435000	       542	80001124	00aecc63	blt	x29,x10,8000113c	 x29:0x00000001 x10:0x00000052
        5445000	       543	00000000	00000013	addi	x0,x0,0	  x0:0x00000000
        5455000	       544	80001138	00000013	addi	x0,x0,0	  x0:0x00000000
        5465000	       545	8000113c	0462f663	bgeu	x5,x6,80001188	  x5:0x00000000  x6:0x80009f70
        5475000	       546	80001140	0102d863	bge	x5,x16,80001150	  x5:0x00000000 x16:0x6fed3000
        5485000	       547	80001144	00b24863	blt	x4,x11,80001154	  x4:0x00000000 x11:0x00000000
        5495000	       548	80001148	01b9f033	and	x0,x19,x27	 x19:0xffffffef x27:0x00000000
        5505000	       549	8000114c	0052a833	slt	x16,x5,x5	  x5:0x00000000  x5:0x00000000 x16=0x00000000
        5515000	       550	80001150	417bd213	srai	x4,x23,0x17	 x23:0x00000000  x4=0x00000000
        5525000	       551	80001154	fc8942b7	lui	x5,0xfc894	  x5=0xfc894000
        5535000	       552	80001158	01e1f663	bgeu	x3,x30,80001164	  x3:0x00000000 x30:0xd0c0addc
        5545000	       553	8000115c	00b5d4b3	srl	x9,x11,x11	 x11:0x00000000 x11:0x00000000  x9=0x00000000
        5555000	       554	80001160	00951cb3	sll	x25,x10,x9	 x10:0x00000052  x9:0x00000000 x25=0x00000052
        5565000	       555	80001164	05a3e263	bltu	x7,x26,800011a8	  x7:0x17fd9104 x26:0x00000000
        5575000	       556	80001168	909dc913	xori	x18,x27,-1783	 x27:0x00000000 x18=0xfffff909
        5585000	       557	8000116c	6ea16213	ori	x4,x2,1770	  x2:0xdbd0a574  x4=0xdbd0a7fe
        5595000	       558	80001170	00c068b3	or	x17,x0,x12	  x0:0x00000000 x12:0x00000000 x17=0x00000000
        5605000	       559	80001174	01ec5813	srli	x16,x24,0x1e	 x24:0x000005af x16=0x00000000
        5615000	       560	80001178	04811263	bne	x2,x8,800011bc	  x2:0xdbd0a574  x8:0xfffffc8f
        5625000	       561	00000000	00000013	addi	x0,x0,0	  x0:0x00000000
        5635000	       562	800011b8	00000013	addi	x0,x0,0	  x0:0x00000000
        5645000	       563	800011bc	be84bf93	sltiu	x31,x9,-1048	  x9:0x00000000 x31=0x00000001
        5655000	       564	800011c0	a7287637	lui	x12,0xa7287	 x12=0xa7287000
        5665000	       565	800011c4	054df063	bgeu	x27,x20,80001204	 x27:0x00000000 x20:0x00000000
        5675000	       566	00000000	00000013	addi	x0,x0,0	  x0:0x00000000
        5685000	       567	80001200	00000013	addi	x0,x0,0	  x0:0x00000000
        5695000	       568	80001204	05fb6063	bltu	x22,x31,80001244	 x22:0x80009fc4 x31:0x00000001
        5705000	       569	80001208	fc1b3013	sltiu	x0,x22,-63	 x22:0x80009fc4
        5715000	       570	8000120c	40c50933	sub	x18,x10,x12	 x10:0x00000052 x12:0xa7287000 x18=0x58d79052
        5725000	       571	80001210	0094d8b3	srl	x17,x9,x9	  x9:0x00000000  x9:0x00000000 x17=0x00000000
        5735000	       572	80001214	c6e6c413	xori	x8,x13,-914	 x13:0x00000001  x8=0xfffffc6f
        5745000	       573	80001218	4afe2f37	lui	x30,0x4afe2	 x30=0x4afe2000
        5755000	       574	8000121c	01a45713	srli	x14,x8,0x1a	  x8:0xfffffc6f x14=0x0000003f
        5765000	       575	80001220	01a68733	add	x14,x13,x26	 x13:0x00000001 x26:0x00000000 x14=0x00000001
        5775000	       576	80001224	40ccdc33	sra	x24,x25,x12	 x25:0x00000052 x12:0xa7287000 x24=0x00000052
        5785000	       577	80001228	c8a64d93	xori	x27,x12,-886	 x12:0xa7287000 x27=0x58d78c8a
        5795000	       578	8000122c	01dab3b3	sltu	x7,x21,x29	 x21:0x00000001 x29:0x00000001  x7=0x00000000
        5805000	       579	80001230	0f279f17	auipc	x30,0xf279	 x30=0x8f27a22c
        5815000	       580	80001234	01669e13	slli	x28,x13,0x16	 x13:0x00000001 x28=0x00400000
        5825000	       581	80001238	02397863	bgeu	x18,x3,80001268	 x18:0x58d79052  x3:0x00000000
        5835000	       582	00000000	00000013	addi	x0,x0,0	  x0:0x00000000
        5845000	       583	80001264	00000013	addi	x0,x0,0	  x0:0x00000000
        5855000	       584	80001268	03b47c63	bgeu	x8,x27,800012a0	  x8:0xfffffc6f x27:0x58d78c8a
        5865000	       585	00000000	00000013	addi	x0,x0,0	  x0:0x00000000
        5875000	       586	8000129c	00000013	addi	x0,x0,0	  x0:0x00000000
        5885000	       587	800012a0	403c5fb3	sra	x31,x24,x3	 x24:0x00000052  x3:0x00000000 x31=0x00000052
        5895000	       588	800012a4	013516b3	sll	x13,x10,x19	 x10:0x00000052 x19:0xffffffef x13=0x00290000
        5905000	       589	800012a8	01cd5293	srli	x5,x26,0x1c	 x26:0x00000000  x5=0x00000000
        5915000	       590	800012ac	6de08497	auipc	x9,0x6de08	  x9=0xede092a8
        5925000	       591	800012b0	01455fb3	srl	x31,x10,x20	 x10:0x00000052 x20:0x00000000 x31=0x00000052
        5935000	       592	800012b4	7c534fb7	lui	x31,0x7c534	 x31=0x7c534000
        5945000	       593	800012b8	0145e533	or	x10,x11,x20	 x11:0x00000000 x20:0x00000000 x10=0x00000000
        5955000	       594	800012bc	293b2613	slti	x12,x22,659	 x22:0x80009fc4 x12=0x00000001
        5965000	       595	800012c0	b27fc937	lui	x18,0xb27fc	 x18=0xb27fc000
        5975000	       596	800012c4	0061c233	xor	x4,x3,x6	  x3:0x00000000  x6:0x80009f70  x4=0x80009f70
        5985000	       597	800012c8	0040a833	slt	x16,x1,x4	  x1:0x3f880000  x4:0x80009f70 x16=0x00000000
        5995000	       598	800012cc	00000013	addi	x0,x0,0	  x0:0x00000000
        6005000	       599	800012d0	6fceae13	slti	x28,x29,1788	 x29:0x00000001 x28=0x00000001
        6015000	       600	800012d4	01fd5493	srli	x9,x26,0x1f	 x26:0x00000000  x9=0x00000000
        6025000	       601	800012d8	a47a5717	auipc	x14,0xa47a5	 x14=0x247a62d4
        6035000	       602	800012dc	00be1f13	slli	x30,x28,0xb	 x28:0x00000001 x30=0x00000800
        6045000	       603	800012e0	00fc3eb3	sltu	x29,x24,x15	 x24:0x00000052 x15:0x00000000 x29=0x00000000
        6055000	       604	800012e4	417d02b3	sub	x5,x26,x23	 x26:0x00000000 x23:0x00000000  x5=0x00000000
        6065000	       605	800012e8	41ee5c13	srai	x24,x28,0x1e	 x28:0x00000001 x24=0x00000000
        6075000	       606	800012ec	fd6a4d13	xori	x26,x20,-42	 x20:0x00000000 x26=0xffffffd6
        6085000	       607	800012f0	035f7263	bgeu	x30,x21,80001314	 x30:0x00000800 x21:0x00000001
        6095000	       608	00000000	00000013	addi	x0,x0,0	  x0:0x00000000
        6105000	       609	80001310	00000013	addi	x0,x0,0	  x0:0x00000000
        6115000	       610	80001314	d61d2793	slti	x15,x26,-671	 x26:0xffffffd6 x15=0x00000000
        6125000	       611	80001318	41ab8133	sub	x2,x23,x26	 x23:0x00000000 x26:0xffffffd6  x2=0x0000002a
        6135000	       612	8000131c	00fd0433	add	x8,x26,x15	 x26:0xffffffd6 x15:0x00000000  x8=0xffffffd6
        6145000	       613	80001320	40e7df13	srai	x30,x15,0xe	 x15:0x00000000 x30=0x00000000
        6155000	       614	80001324	01929493	slli	x9,x5,0x19	  x5:0x00000000  x9=0x00000000
        6165000	       615	80001328	40055bb3	sra	x23,x10,x0	 x10:0x00000000  x0:0x00000000 x23=0x00000000
        6175000	       616	8000132c	6880e6b7	lui	x13,0x6880e	 x13=0x6880e000
        6185000	       617	80001330	f317e213	ori	x4,x15,-207	 x15:0x00000000  x4=0xffffff31
        6195000	       618	80001334	00432883	lw	x17,4(x6)	  x6:0x80009f70 x17=0x80000144 PA:0x80009f74
        6205000	       619	80001338	0183df33	srl	x30,x7,x24	  x7:0x00000000 x24:0x00000000 x30=0x00000000
        6215000	       620	8000133c	01430313	addi	x6,x6,20	  x6:0x80009f70  x6=0x80009f84
        6225000	       621	80001340	b2ace813	ori	x16,x25,-1238	 x25:0x00000052 x16=0xfffffb7a
        6235000	       622	80001344	01381013	slli	x0,x16,0x13	 x16:0xfffffb7a
        6245000	       623	80001348	00088793	addi	x15,x17,0	 x17:0x80000144 x15=0x80000144
        6255000	       624	8000134c	000787e7	jalr	x15,x15,0	 x15:0x80000144 x15=0x8000134c
        6265000	       625	00000000	00000013	addi	x0,x0,0	  x0:0x00000000
        6275000	       626	80000144	00000013	addi	x0,x0,0	  x0:0x00000000
        6285000	       627	80000148	00008b97	auipc	x23,0x8	 x23=0x80008144
        6295000	       628	8000014c	483b8b93	addi	x23,x23,1155	 x23:0x80008144 x23=0x800085c7
        6305000	       629	80000150	00008217	auipc	x4,0x8	  x4=0x8000814c
        6315000	       630	80000154	20f20213	addi	x4,x4,527	  x4:0x8000814c  x4=0x8000835b
        6325000	       631	80000158	fb5222a3	sw	x21,-91(x4)	  x4:0x8000835b x21:0x00000001 PA:0x80008300
        6335000	       632	8000015c	e2c20c23	sb	x12,-456(x4)	  x4:0x8000835b x12:0x00000001 PA:0x80008193
        6345000	       633	80000160	00008f97	auipc	x31,0x8	 x31=0x8000815c
        6355000	       634	80000164	31af8f93	addi	x31,x31,794	 x31:0x8000815c x31=0x80008476
        6365000	       635	80000168	bf4b8e03	lb	x28,-1036(x23)	 x23:0x800085c7 x28=0x00000070 PA:0x800081bb
        6375000	       636	8000016c	d07bc983	lbu	x19,-761(x23)	 x23:0x800085c7 x19=0x00000085 PA:0x800082ce
        6385000	       637	80000170	010fd183	lhu	x3,16(x31)	 x31:0x80008476  x3=0x00003c3d PA:0x80008486
        6395000	       638	80000174	3fd24483	lbu	x9,1021(x4)	  x4:0x8000835b  x9=0x00000013 PA:0x80008758
        6405000	       639	80000178	fbd200a3	sb	x29,-95(x4)	  x4:0x8000835b x29:0x00000000 PA:0x800082fc
        6415000	       640	8000017c	009f82a3	sb	x9,5(x31)	 x31:0x80008476  x9:0x00000013 PA:0x8000847b
        6425000	       641	80000180	a96b93a3	sh	x22,-1401(x23)	 x23:0x800085c7 x22:0x80009fc4 PA:0x8000804e
        6435000	       642	80000184	0f2bcd83	lbu	x27,242(x23)	 x23:0x800085c7 x27=0x00000072 PA:0x800086b9
        6445000	       643	80000188	00cf9c83	lh	x25,12(x31)	 x31:0x80008476 x25=0x00003839 PA:0x80008482
        6455000	       644	8000018c	f6eb8183	lb	x3,-146(x23)	 x23:0x800085c7  x3=0xffffffee PA:0x80008535
        6465000	       645	80000190	f54b8e23	sb	x20,-164(x23)	 x23:0x800085c7 x20:0x00000000 PA:0x80008523
        6475000	       646	80000194	11e24403	lbu	x8,286(x4)	  x4:0x8000835b  x8=0x00000032 PA:0x80008479
        6485000	       647	80000198	00ef9423	sh	x14,8(x31)	 x31:0x80008476 x14:0x247a62d4 PA:0x8000847e
        6495000	       648	8000019c	27520083	lb	x1,629(x4)	  x4:0x8000835b  x1=0xffffff8b PA:0x800085d0
        6505000	       649	800001a0	e1dbd483	lhu	x9,-483(x23)	 x23:0x800085c7  x9=0x00009e9f PA:0x800083e4
        6515000	       650	800001a4	d2ebca83	lbu	x21,-722(x23)	 x23:0x800085c7 x21=0x000000ae PA:0x800082f5
        6525000	       651	800001a8	094bc283	lbu	x5,148(x23)	 x23:0x800085c7  x5=0x00000010 PA:0x8000865b
        6535000	       652	800001ac	ffafdc83	lhu	x25,-6(x31)	 x31:0x80008476 x25=0x00002a2b PA:0x80008470
        6545000	       653	800001b0	ff0f8003	lb	x0,-16(x31)	 x31:0x80008476 PA:0x80008466
        6555000	       654	800001b4	1b720723	sb	x23,430(x4)	  x4:0x8000835b x23:0x800085c7 PA:0x80008509
        6565000	       655	800001b8	fe0f8823	sb	x0,-16(x31)	 x31:0x80008476  x0:0x00000000 PA:0x80008466
        6575000	       656	800001bc	1d6bce03	lbu	x28,470(x23)	 x23:0x800085c7 x28=0x00000056 PA:0x8000879d
        6585000	       657	800001c0	00009697	auipc	x13,0x9	 x13=0x800091bc
        6595000	       658	800001c4	b5768693	addi	x13,x13,-1193	 x13:0x800091bc x13=0x80008d13
        6605000	       659	800001c8	008dcab3	xor	x21,x27,x8	 x27:0x00000072  x8:0x00000032 x21=0x00000040
        6615000	       660	800001cc	f2c684a3	sb	x12,-215(x13)	 x13:0x80008d13 x12:0x00000001 PA:0x80008c3c
        6625000	       661	800001d0	0b26ca83	lbu	x21,178(x13)	 x13:0x80008d13 x21=0x000000ae PA:0x80008dc5
        6635000	       662	800001d4	0021f933	and	x18,x3,x2	  x3:0xffffffee  x2:0x0000002a x18=0x0000002a
        6645000	       663	800001d8	7ed4ba93	sltiu	x21,x9,2029	  x9:0x00009e9f x21=0x00000000
        6655000	       664	800001dc	013a6bb3	or	x23,x20,x19	 x20:0x00000000 x19:0x00000085 x23=0x00000085
        6665000	       665	800001e0	0f86aca3	sw	x24,249(x13)	 x13:0x80008d13 x24:0x00000000 PA:0x80008e0c
        6675000	       666	800001e4	01519713	slli	x14,x3,0x15	  x3:0xffffffee x14=0xfdc00000
        6685000	       667	800001e8	405dd733	sra	x14,x27,x5	 x27:0x00000072  x5:0x00000010 x14=0x00000000
        6695000	       668	800001ec	001697a3	sh	x1,15(x13)	 x13:0x80008d13  x1:0xffffff8b PA:0x80008d22
        6705000	       669	800001f0	0dd6d203	lhu	x4,221(x13)	 x13:0x80008d13  x4=0x0000dadb PA:0x80008df0
        6715000	       670	800001f4	006ed033	srl	x0,x29,x6	 x29:0x00000000  x6:0x80009f84
        6725000	       671	800001f8	01faf433	and	x8,x21,x31	 x21:0x00000000 x31:0x80008476  x8=0x00000000
        6735000	       672	800001fc	40e903b3	sub	x7,x18,x14	 x18:0x0000002a x14:0x00000000  x7=0x0000002a
        6745000	       673	80000200	02068f83	lb	x31,32(x13)	 x13:0x80008d13 x31=0x00000018 PA:0x80008d33
        6755000	       674	80000204	0850ac93	slti	x25,x1,133	  x1:0xffffff8b x25=0x00000001
        6765000	       675	80000208	f6e33013	sltiu	x0,x6,-146	  x6:0x80009f84
        6775000	       676	8000020c	0a168fa3	sb	x1,191(x13)	 x13:0x80008d13  x1:0xffffff8b PA:0x80008dd2
        6785000	       677	80000210	019b2733	slt	x14,x22,x25	 x22:0x80009fc4 x25:0x00000001 x14=0x00000001
        6795000	       678	80000214	f1768923	sb	x23,-238(x13)	 x13:0x80008d13 x23:0x00000085 PA:0x80008c25
        6805000	       679	80000218	5a4eff37	lui	x30,0x5a4ef	 x30=0x5a4ef000
        6815000	       680	8000021c	402500b3	sub	x1,x10,x2	 x10:0x00000000  x2:0x0000002a  x1=0xffffffd6
        6825000	       681	80000220	00f15f33	srl	x30,x2,x15	  x2:0x0000002a x15:0x8000134c x30=0x00000000
        6835000	       682	80000224	00cdc433	xor	x8,x27,x12	 x27:0x00000072 x12:0x00000001  x8=0x00000073
        6845000	       683	80000228	ffcf2f37	lui	x30,0xffcf2	 x30=0xffcf2000
        6855000	       684	8000022c	93ba3f93	sltiu	x31,x20,-1733	 x20:0x00000000 x31=0x00000001
        6865000	       685	80000230	ffd685a3	sb	x29,-21(x13)	 x13:0x80008d13 x29:0x00000000 PA:0x80008cfe
        6875000	       686	80000234	00135fb3	srl	x31,x6,x1	  x6:0x80009f84  x1:0xffffffd6 x31=0x00000200
        6885000	       687	80000238	f466c603	lbu	x12,-186(x13)	 x13:0x80008d13 x12=0x00000042 PA:0x80008c59
        6895000	       688	8000023c	f1c689a3	sb	x28,-237(x13)	 x13:0x80008d13 x28:0x00000056 PA:0x80008c26
        6905000	       689	80000240	af694813	xori	x16,x18,-1290	 x18:0x0000002a x16=0xfffffadc
        6915000	       690	80000244	f67683a3	sb	x7,-153(x13)	 x13:0x80008d13  x7:0x0000002a PA:0x80008c7a
        6925000	       691	80000248	40de8d33	sub	x26,x29,x13	 x29:0x00000000 x13:0x80008d13 x26=0x7fff72ed
        6935000	       692	8000024c	0fe68523	sb	x30,234(x13)	 x13:0x80008d13 x30:0xffcf2000 PA:0x80008dfd
        6945000	       693	80000250	fed68223	sb	x13,-28(x13)	 x13:0x80008d13 x13:0x80008d13 PA:0x80008cf7
        6955000	       694	80000254	fe968f83	lb	x31,-23(x13)	 x13:0x80008d13 x31=0xffffffe7 PA:0x80008cfc
        6965000	       695	80000258	f2969703	lh	x14,-215(x13)	 x13:0x80008d13 x14=0x00002601 PA:0x80008c3c
        6975000	       696	8000025c	fcd68ea3	sb	x13,-35(x13)	 x13:0x80008d13 x13:0x80008d13 PA:0x80008cf0
        6985000	       697	80000260	01cb4fb3	xor	x31,x22,x28	 x22:0x80009fc4 x28:0x00000056 x31=0x80009f92
        6995000	       698	80000264	0526cf83	lbu	x31,82(x13)	 x13:0x80008d13 x31=0x0000004e PA:0x80008d65
        7005000	       699	80000268	01359493	slli	x9,x11,0x13	 x11:0x00000000  x9=0x00000000
        7015000	       700	8000026c	3ab96493	ori	x9,x18,939	 x18:0x0000002a  x9=0x000003ab
        7025000	       701	80000270	f2768d23	sb	x7,-198(x13)	 x13:0x80008d13  x7:0x0000002a PA:0x80008c4d
        7035000	       702	80000274	fb068883	lb	x17,-80(x13)	 x13:0x80008d13 x17=0xffffffa8 PA:0x80008cc3
        7045000	       703	80000278	b6205c17	auipc	x24,0xb6205	 x24=0x36205274
        7055000	       704	8000027c	08b6c103	lbu	x2,139(x13)	 x13:0x80008d13  x2=0x00000085 PA:0x80008d9e
        7065000	       705	80000280	f696d383	lhu	x7,-151(x13)	 x13:0x80008d13  x7=0x00006667 PA:0x80008c7c
        7075000	       706	80000284	00b6c883	lbu	x17,11(x13)	 x13:0x80008d13 x17=0x00000005 PA:0x80008d1e
        7085000	       707	80000288	f6d6a183	lw	x3,-147(x13)	 x13:0x80008d13  x3=0x68696a6b PA:0x80008c80
        7095000	       708	8000028c	41505d13	srai	x26,x0,0x15	  x0:0x00000000 x26=0x00000000
        7105000	       709	80000290	acd14f93	xori	x31,x2,-1331	  x2:0x00000085 x31=0xfffffa48
        7115000	       710	80000294	0786a0a3	sw	x24,97(x13)	 x13:0x80008d13 x24:0x36205274 PA:0x80008d74
        7125000	       711	80000298	0d268ea3	sb	x18,221(x13)	 x13:0x80008d13 x18:0x0000002a PA:0x80008df0
        7135000	       712	8000029c	00008d97	auipc	x27,0x8	 x27=0x80008298
        7145000	       713	800002a0	fd6d8d93	addi	x27,x27,-42	 x27:0x80008298 x27=0x8000826e
        7155000	       714	800002a4	035d84a3	sb	x21,41(x27)	 x27:0x8000826e x21:0x00000000 PA:0x80008297
        7165000	       715	800002a8	fc6dde03	lhu	x28,-58(x27)	 x27:0x8000826e x28=0x0000eeef PA:0x80008234
        7175000	       716	800002ac	00008497	auipc	x9,0x8	  x9=0x800082a8
        7185000	       717	800002b0	4a548493	addi	x9,x9,1189	  x9:0x800082a8  x9=0x8000874d
        7195000	       718	800002b4	00008517	auipc	x10,0x8	 x10=0x800082b0
        7205000	       719	800002b8	1c150513	addi	x10,x10,449	 x10:0x800082b0 x10=0x80008471
        7215000	       720	800002bc	00008117	auipc	x2,0x8	  x2=0x800082b8
        7225000	       721	800002c0	3e910113	addi	x2,x2,1001	  x2:0x800082b8  x2=0x800086a1
        7235000	       722	800002c4	00f15403	lhu	x8,15(x2)	  x2:0x800086a1  x8=0x00006a6b PA:0x800086b0
        7245000	       723	800002c8	ff948083	lb	x1,-7(x9)	  x9:0x8000874d  x1=0xfffffffd PA:0x80008746
        7255000	       724	800002cc	ff4ddb83	lhu	x23,-12(x27)	 x27:0x8000826e x23=0x00001819 PA:0x80008262
        7265000	       725	800002d0	00008997	auipc	x19,0x8	 x19=0x800082cc
        7275000	       726	800002d4	31f98993	addi	x19,x19,799	 x19:0x800082cc x19=0x800085eb
        7285000	       727	800002d8	02b54b83	lbu	x23,43(x10)	 x10:0x80008471 x23=0x00000057 PA:0x8000849c
        7295000	       728	800002dc	fc9480a3	sb	x9,-63(x9)	  x9:0x8000874d  x9:0x8000874d PA:0x8000870e
        7305000	       729	800002e0	ff114a83	lbu	x21,-15(x2)	  x2:0x800086a1 x21=0x00000049 PA:0x80008692
        7315000	       730	800002e4	037d8203	lb	x4,55(x27)	 x27:0x8000826e  x4=0x0000005e PA:0x800082a5
        7325000	       731	800002e8	037487a3	sb	x23,47(x9)	  x9:0x8000874d x23:0x00000057 PA:0x8000877c
        7335000	       732	800002ec	f8550da3	sb	x5,-101(x10)	 x10:0x80008471  x5:0x00000010 PA:0x8000840c
        7345000	       733	800002f0	f1d9c383	lbu	x7,-227(x19)	 x19:0x800085eb  x7=0x000000c3 PA:0x80008508
        7355000	       734	800002f4	01fd8423	sb	x31,8(x27)	 x27:0x8000826e x31:0xfffffa48 PA:0x80008276
        7365000	       735	800002f8	f0298d03	lb	x26,-254(x19)	 x19:0x800085eb x26=0xffffffa6 PA:0x800084ed
        7375000	       736	800002fc	ff59ca83	lbu	x21,-11(x19)	 x19:0x800085eb x21=0x0000009b PA:0x800085e0
        7385000	       737	80000300	ff848e23	sb	x24,-4(x9)	  x9:0x8000874d x24:0x36205274 PA:0x80008749
        7395000	       738	80000304	fe010d23	sb	x0,-6(x2)	  x2:0x800086a1  x0:0x00000000 PA:0x8000869b
        7405000	       739	80000308	04b9c203	lbu	x4,75(x19)	 x19:0x800085eb  x4=0x000000ed PA:0x80008636
        7415000	       740	8000030c	ff950183	lb	x3,-7(x10)	 x10:0x80008471  x3=0x00000021 PA:0x8000846a
        7425000	       741	80000310	01898e83	lb	x29,24(x19)	 x19:0x800085eb x29=0xffffffb8 PA:0x80008603
        7435000	       742	80000314	00a14383	lbu	x7,10(x2)	  x2:0x800086a1  x7=0x00000060 PA:0x800086ab
        7445000	       743	80000318	ff398603	lb	x12,-13(x19)	 x19:0x800085eb x12=0xffffff95 PA:0x800085de
        7455000	       744	8000031c	f0799003	lh	x0,-249(x19)	 x19:0x800085eb PA:0x800084f2
        7465000	       745	80000320	00d14583	lbu	x11,13(x2)	  x2:0x800086a1 x11=0x00000065 PA:0x800086ae
        7475000	       746	80000324	019484a3	sb	x25,9(x9)	  x9:0x8000874d x25:0x00000001 PA:0x80008756
        7485000	       747	80000328	c8350d03	lb	x26,-893(x10)	 x10:0x80008471 x26=0xffffffaf PA:0x800080f4
        7495000	       748	8000032c	017121a3	sw	x23,3(x2)	  x2:0x800086a1 x23:0x00000057 PA:0x800086a4
        7505000	       749	80000330	dec50d03	lb	x26,-532(x10)	 x10:0x80008471 x26=0x00000016 PA:0x8000825d
        7515000	       750	80000334	f989cc03	lbu	x24,-104(x19)	 x19:0x800085eb x24=0x00000038 PA:0x80008583
        7525000	       751	80000338	00710c03	lb	x24,7(x2)	  x2:0x800086a1 x24=0x00000063 PA:0x800086a8
        7535000	       752	8000033c	ff7dca83	lbu	x21,-9(x27)	 x27:0x8000826e x21=0x0000001e PA:0x80008265
        7545000	       753	80000340	fef10823	sb	x15,-16(x2)	  x2:0x800086a1 x15:0x8000134c PA:0x80008691
        7555000	       754	80000344	0ff9df83	lhu	x31,255(x19)	 x19:0x800085eb x31=0x000000a1 PA:0x800086ea
        7565000	       755	80000348	f17995a3	sh	x23,-245(x19)	 x19:0x800085eb x23:0x00000057 PA:0x800084f6
        7575000	       756	8000034c	fe3d88a3	sb	x3,-15(x27)	 x27:0x8000826e  x3:0x00000021 PA:0x8000825f
        7585000	       757	80000350	00214203	lbu	x4,2(x2)	  x2:0x800086a1  x4=0x00000058 PA:0x800086a3
        7595000	       758	80000354	00b10623	sb	x11,12(x2)	  x2:0x800086a1 x11:0x00000065 PA:0x800086ad
        7605000	       759	80000358	00008117	auipc	x2,0x8	  x2=0x80008354
        7615000	       760	8000035c	69c10113	addi	x2,x2,1692	  x2:0x80008354  x2=0x800089f0
        7625000	       761	80000360	01010c83	lb	x25,16(x2)	  x2:0x800089f0 x25=0xffffffeb PA:0x80008a00
        7635000	       762	80000364	a8f40f93	addi	x31,x8,-1393	  x8:0x00006a6b x31=0x000064fa
        7645000	       763	80000368	015104a3	sb	x21,9(x2)	  x2:0x800089f0 x21:0x0000001e PA:0x800089f9
        7655000	       764	8000036c	018104a3	sb	x24,9(x2)	  x2:0x800089f0 x24:0x00000063 PA:0x800089f9
        7665000	       765	80000370	00910e03	lb	x28,9(x2)	  x2:0x800089f0 x28=0x00000063 PA:0x800089f9
        7675000	       766	80000374	00910803	lb	x16,9(x2)	  x2:0x800089f0 x16=0x00000063 PA:0x800089f9
        7685000	       767	80000378	00425413	srli	x8,x4,0x4	  x4:0x00000058  x8=0x00000005
        7695000	       768	8000037c	00a56233	or	x4,x10,x10	 x10:0x80008471 x10:0x80008471  x4=0x80008471
        7705000	       769	80000380	703f3593	sltiu	x11,x30,1795	 x30:0xffcf2000 x11=0x00000000
        7715000	       770	80000384	00914503	lbu	x10,9(x2)	  x2:0x800089f0 x10=0x00000063 PA:0x800089f9
        7725000	       771	80000388	ff310903	lb	x18,-13(x2)	  x2:0x800089f0 x18=0xffffffc8 PA:0x800089e3
        7735000	       772	8000038c	ff1109a3	sb	x17,-13(x2)	  x2:0x800089f0 x17:0x00000005 PA:0x800089e3
        7745000	       773	80000390	ff314383	lbu	x7,-13(x2)	  x2:0x800089f0  x7=0x00000005 PA:0x800089e3
        7755000	       774	80000394	ff310d83	lb	x27,-13(x2)	  x2:0x800089f0 x27=0x00000005 PA:0x800089e3
        7765000	       775	80000398	fe7109a3	sb	x7,-13(x2)	  x2:0x800089f0  x7:0x00000005 PA:0x800089e3
        7775000	       776	8000039c	ff310f03	lb	x30,-13(x2)	  x2:0x800089f0 x30=0x00000005 PA:0x800089e3
        7785000	       777	800003a0	00008297	auipc	x5,0x8	  x5=0x8000839c
        7795000	       778	800003a4	d8e28293	addi	x5,x5,-626	  x5:0x8000839c  x5=0x8000812a
        7805000	       779	800003a8	fd328f83	lb	x31,-45(x5)	  x5:0x8000812a x31=0xffffffb6 PA:0x800080fd
        7815000	       780	800003ac	fd5283a3	sb	x21,-57(x5)	  x5:0x8000812a x21:0x0000001e PA:0x800080f1
        7825000	       781	800003b0	0222d083	lhu	x1,34(x5)	  x5:0x8000812a  x1=0x00000607 PA:0x8000814c
        7835000	       782	800003b4	fe9285a3	sb	x9,-21(x5)	  x5:0x8000812a  x9:0x8000874d PA:0x80008115
        7845000	       783	800003b8	0362a503	lw	x10,54(x5)	  x5:0x8000812a x10=0x18191a1b PA:0x80008160
        7855000	       784	800003bc	03628403	lb	x8,54(x5)	  x5:0x8000812a  x8=0x0000001b PA:0x80008160
        7865000	       785	800003c0	57008d93	addi	x27,x1,1392	  x1:0x00000607 x27=0x00000b77
        7875000	       786	800003c4	fe9285a3	sb	x9,-21(x5)	  x5:0x8000812a  x9:0x8000874d PA:0x80008115
        7885000	       787	800003c8	0392cc83	lbu	x25,57(x5)	  x5:0x8000812a x25=0x00000018 PA:0x80008163
        7895000	       788	800003cc	0382a523	sw	x24,42(x5)	  x5:0x8000812a x24:0x00000063 PA:0x80008154
        7905000	       789	800003d0	fdc28003	lb	x0,-36(x5)	  x5:0x8000812a PA:0x80008106
        7915000	       790	800003d4	4194d913	srai	x18,x9,0x19	  x9:0x8000874d x18=0xffffffc0
        7925000	       791	800003d8	fc42c503	lbu	x10,-60(x5)	  x5:0x8000812a x10=0x000000a5 PA:0x800080ee
        7935000	       792	800003dc	0322a783	lw	x15,50(x5)	  x5:0x8000812a x15=0x14151617 PA:0x8000815c
        7945000	       793	800003e0	013900b3	add	x1,x18,x19	 x18:0xffffffc0 x19:0x800085eb  x1=0x800085ab
        7955000	       794	800003e4	feb28e83	lb	x29,-21(x5)	  x5:0x8000812a x29=0x0000004d PA:0x80008115
        7965000	       795	800003e8	03b28923	sb	x27,50(x5)	  x5:0x8000812a x27:0x00000b77 PA:0x8000815c
        7975000	       796	800003ec	ff728a83	lb	x21,-9(x5)	  x5:0x8000812a x21=0xffffffda PA:0x80008121
        7985000	       797	800003f0	fc128483	lb	x9,-63(x5)	  x5:0x8000812a  x9=0xffffffa0 PA:0x800080eb
        7995000	       798	800003f4	fe528c23	sb	x5,-8(x5)	  x5:0x8000812a  x5:0x8000812a PA:0x80008122
        8005000	       799	800003f8	01bdddb3	srl	x27,x27,x27	 x27:0x00000b77 x27:0x00000b77 x27=0x00000000
        8015000	       800	800003fc	fdd29723	sh	x29,-50(x5)	  x5:0x8000812a x29:0x0000004d PA:0x800080f8
        8025000	       801	80000400	0d098013	addi	x0,x19,208	 x19:0x800085eb
        8035000	       802	80000404	01d24a63	blt	x4,x29,80000418	  x4:0x80008471 x29:0x0000004d
        8045000	       803	00000000	00000013	addi	x0,x0,0	  x0:0x00000000
        8055000	       804	80000414	00000013	addi	x0,x0,0	  x0:0x00000000
        8065000	       805	80000418	81fbe113	ori	x2,x23,-2017	 x23:0x00000057  x2=0xfffff85f
        8075000	       806	8000041c	016871b3	and	x3,x16,x22	 x16:0x00000063 x22:0x80009fc4  x3=0x00000040
        8085000	       807	80000420	4f858f17	auipc	x30,0x4f858	 x30=0xcf85841c
        8095000	       808	80000424	50a9e293	ori	x5,x19,1290	 x19:0x800085eb  x5=0x800085eb
        8105000	       809	80000428	00009117	auipc	x2,0x9	  x2=0x80009424
        8115000	       810	8000042c	ac110113	addi	x2,x2,-1343	  x2:0x80009424  x2=0x80008ee5
        8125000	       811	80000430	f9814483	lbu	x9,-104(x2)	  x2:0x80008ee5  x9=0x00000066 PA:0x80008e7d
        8135000	       812	80000434	06614d83	lbu	x27,102(x2)	  x2:0x80008ee5 x27=0x00000030 PA:0x80008f4b
        8145000	       813	80000438	b4b1ef13	ori	x30,x3,-1205	  x3:0x00000040 x30=0xfffffb4b
        8155000	       814	8000043c	fd0102a3	sb	x16,-59(x2)	  x2:0x80008ee5 x16:0x00000063 PA:0x80008eaa
        8165000	       815	80000440	0e210483	lb	x9,226(x2)	  x2:0x80008ee5  x9=0xffffffac PA:0x80008fc7
        8175000	       816	80000444	f6514183	lbu	x3,-155(x2)	  x2:0x80008ee5  x3=0x00000031 PA:0x80008e4a
        8185000	       817	80000448	8ad6ff13	andi	x30,x13,-1875	 x13:0x80008d13 x30=0x80008801
        8195000	       818	8000044c	f4510323	sb	x5,-186(x2)	  x2:0x80008ee5  x5:0x800085eb PA:0x80008e2b
        8205000	       819	80000450	f9115603	lhu	x12,-111(x2)	  x2:0x80008ee5 x12=0x00005ceb PA:0x80008e76
        8215000	       820	80000454	9da07413	andi	x8,x0,-1574	  x0:0x00000000  x8=0x00000000
        8225000	       821	80000458	05e14083	lbu	x1,94(x2)	  x2:0x80008ee5  x1=0x00000028 PA:0x80008f43
        8235000	       822	8000045c	002832b3	sltu	x5,x16,x2	 x16:0x00000063  x2:0x80008ee5  x5=0x00000001
        8245000	       823	80000460	00b414b3	sll	x9,x8,x11	  x8:0x00000000 x11:0x00000000  x9=0x00000000
        8255000	       824	80000464	f9210b83	lb	x23,-110(x2)	  x2:0x80008ee5 x23=0x0000005c PA:0x80008e77
        8265000	       825	80000468	0e010a23	sb	x0,244(x2)	  x2:0x80008ee5  x0:0x00000000 PA:0x80008fd9
        8275000	       826	8000046c	f0410a83	lb	x21,-252(x2)	  x2:0x80008ee5 x21=0xffffffd2 PA:0x80008de9
        8285000	       827	80000470	f8e10403	lb	x8,-114(x2)	  x2:0x80008ee5  x8=0x00000058 PA:0x80008e73
        8295000	       828	80000474	01a35413	srli	x8,x6,0x1a	  x6:0x80009f84  x8=0x00000020
        8305000	       829	80000478	01eccf33	xor	x30,x25,x30	 x25:0x00000018 x30:0x80008801 x30=0x80008819
        8315000	       830	8000047c	4023d0b3	sra	x1,x7,x2	  x7:0x00000005  x2:0x80008ee5  x1=0x00000000
        8325000	       831	80000480	00af7433	and	x8,x30,x10	 x30:0x80008819 x10:0x000000a5  x8=0x00000001
        8335000	       832	80000484	403ad933	sra	x18,x21,x3	 x21:0xffffffd2  x3:0x00000031 x18=0xffffffff
        8345000	       833	80000488	fc711683	lh	x13,-57(x2)	  x2:0x80008ee5 x13=0xffff9697 PA:0x80008eac
        8355000	       834	8000048c	05900063	beq	x0,x25,800004cc	  x0:0x00000000 x25:0x00000018
        8365000	       835	80000490	00c8cfb3	xor	x31,x17,x12	 x17:0x00000005 x12:0x00005ceb x31=0x00005cee
        8375000	       836	80000494	ee1c9897	auipc	x17,0xee1c9	 x17=0x6e1c9490
        8385000	       837	80000498	d8797393	andi	x7,x18,-633	 x18:0xffffffff  x7=0xfffffd87
        8395000	       838	8000049c	001d5c93	srli	x25,x26,0x1	 x26:0x00000016 x25=0x0000000b
        8405000	       839	800004a0	03790463	beq	x18,x23,800004c8	 x18:0xffffffff x23:0x0000005c
        8415000	       840	800004a4	0181d0b3	srl	x1,x3,x24	  x3:0x00000031 x24:0x00000063  x1=0x00000006
        8425000	       841	800004a8	00c8d013	srli	x0,x17,0xc	 x17:0x6e1c9490
        8435000	       842	800004ac	015c9e93	slli	x29,x25,0x15	 x25:0x0000000b x29=0x01600000
        8445000	       843	800004b0	00fdbab3	sltu	x21,x27,x15	 x27:0x00000030 x15:0x14151617 x21=0x00000001
        8455000	       844	800004b4	00fb1a63	bne	x22,x15,800004c8	 x22:0x80009fc4 x15:0x14151617
        8465000	       845	00000000	00000013	addi	x0,x0,0	  x0:0x00000000
        8475000	       846	800004c4	00000013	addi	x0,x0,0	  x0:0x00000000
        8485000	       847	800004c8	40abd613	srai	x12,x23,0xa	 x23:0x0000005c x12=0x00000000
        8495000	       848	800004cc	d0636713	ori	x14,x6,-762	  x6:0x80009f84 x14=0xffffff86
        8505000	       849	800004d0	48a5e693	ori	x13,x11,1162	 x11:0x00000000 x13=0x0000048a
        8515000	       850	800004d4	402d8133	sub	x2,x27,x2	 x27:0x00000030  x2:0x80008ee5  x2=0x7fff714b
        8525000	       851	800004d8	00601233	sll	x4,x0,x6	  x0:0x00000000  x6:0x80009f84  x4=0x00000000
        8535000	       852	800004dc	18508c93	addi	x25,x1,389	  x1:0x00000006 x25=0x0000018b
        8545000	       853	800004e0	014172b3	and	x5,x2,x20	  x2:0x7fff714b x20:0x00000000  x5=0x00000000
        8555000	       854	800004e4	0151d663	bge	x3,x21,800004f0	  x3:0x00000031 x21:0x00000001
        8565000	       855	00000000	00000013	addi	x0,x0,0	  x0:0x00000000
        8575000	       856	800004ec	00000013	addi	x0,x0,0	  x0:0x00000000
        8585000	       857	800004f0	41a48db3	sub	x27,x9,x26	  x9:0x00000000 x26:0x00000016 x27=0xffffffea
        8595000	       858	800004f4	4e7ba893	slti	x17,x23,1255	 x23:0x0000005c x17=0x00000001
        8605000	       859	800004f8	0039ad33	slt	x26,x19,x3	 x19:0x800085eb  x3:0x00000031 x26=0x00000001
        8615000	       860	800004fc	41c95fb3	sra	x31,x18,x28	 x18:0xffffffff x28:0x00000063 x31=0xffffffff
        8625000	       861	80000500	00000013	addi	x0,x0,0	  x0:0x00000000
        8635000	       862	80000504	0342c263	blt	x5,x20,80000528	  x5:0x00000000 x20:0x00000000
        8645000	       863	80000508	009d2e33	slt	x28,x26,x9	 x26:0x00000001  x9:0x00000000 x28=0x00000000
        8655000	       864	8000050c	40f0d513	srai	x10,x1,0xf	  x1:0x00000006 x10=0x00000000
        8665000	       865	80000510	000b5933	srl	x18,x22,x0	 x22:0x80009fc4  x0:0x00000000 x18=0x80009fc4
        8675000	       866	80000514	42b20093	addi	x1,x4,1067	  x4:0x00000000  x1=0x0000042b
        8685000	       867	80000518	01243ab3	sltu	x21,x8,x18	  x8:0x00000001 x18:0x80009fc4 x21=0x00000001
        8695000	       868	8000051c	00810fb3	add	x31,x2,x8	  x2:0x7fff714b  x8:0x00000001 x31=0x7fff714c
        8705000	       869	80000520	11557f93	andi	x31,x10,277	 x10:0x00000000 x31=0x00000000
        8715000	       870	80000524	015564b3	or	x9,x10,x21	 x10:0x00000000 x21:0x00000001  x9=0x00000001
        8725000	       871	80000528	00000013	addi	x0,x0,0	  x0:0x00000000
        8735000	       872	8000052c	08be5263	bge	x28,x11,800005b0	 x28:0x00000000 x11:0x00000000
        8745000	       873	00000000	00000013	addi	x0,x0,0	  x0:0x00000000
        8755000	       874	800005ac	00000013	addi	x0,x0,0	  x0:0x00000000
        8765000	       875	800005b0	403c3293	sltiu	x5,x24,1027	 x24:0x00000063  x5=0x00000001
        8775000	       876	800005b4	001b87b3	add	x15,x23,x1	 x23:0x0000005c  x1:0x0000042b x15=0x00000487
        8785000	       877	800005b8	0054a933	slt	x18,x9,x5	  x9:0x00000001  x5:0x00000001 x18=0x00000000
        8795000	       878	800005bc	2c3ce137	lui	x2,0x2c3ce	  x2=0x2c3ce000
        8805000	       879	800005c0	5afeaf13	slti	x30,x29,1455	 x29:0x01600000 x30=0x00000000
        8815000	       880	800005c4	00000f17	auipc	x30,0x0	 x30=0x800005c0
        8825000	       881	800005c8	2f8f0f13	addi	x30,x30,760	 x30:0x800005c0 x30=0x800008b8
        8835000	       882	800005cc	86b86793	ori	x15,x16,-1941	 x16:0x00000063 x15=0xfffff86b
        8845000	       883	800005d0	1d9f0f13	addi	x30,x30,473	 x30:0x800008b8 x30=0x80000a91
        8855000	       884	800005d4	f7d5a993	slti	x19,x11,-131	 x11:0x00000000 x19=0x00000000
        8865000	       885	800005d8	01e01c93	slli	x25,x0,0x1e	  x0:0x00000000 x25=0x00000000
        8875000	       886	800005dc	002047b3	xor	x15,x0,x2	  x0:0x00000000  x2:0x2c3ce000 x15=0x2c3ce000
        8885000	       887	800005e0	00a23733	sltu	x14,x4,x10	  x4:0x00000000 x10:0x00000000 x14=0x00000000
        8895000	       888	800005e4	5c64ad13	slti	x26,x9,1478	  x9:0x00000001 x26=0x00000001
        8905000	       889	800005e8	b3144db7	lui	x27,0xb3144	 x27=0xb3144000
        8915000	       890	800005ec	e28f08e7	jalr	x17,x30,-472	 x30:0x80000a91 x17=0x800005ec
        8925000	       891	00000000	00000013	addi	x0,x0,0	  x0:0x00000000
        8935000	       892	800008b8	00000013	addi	x0,x0,0	  x0:0x00000000
        8945000	       893	800008bc	17e42c13	slti	x24,x8,382	  x8:0x00000001 x24=0x00000001
        8955000	       894	800008c0	0175d263	bge	x11,x23,800008c4	 x11:0x00000000 x23:0x0000005c
        8965000	       895	800008c4	fec30313	addi	x6,x6,-20	  x6:0x80009f84  x6=0x80009f70
        8975000	       896	800008c8	00c5acb3	slt	x25,x11,x12	 x11:0x00000000 x12:0x00000000 x25=0x00000000
        8985000	       897	800008cc	5d5e8593	addi	x11,x29,1493	 x29:0x01600000 x11=0x016005d5
        8995000	       898	800008d0	01132223	sw	x17,4(x6)	  x6:0x80009f70 x17:0x800005ec PA:0x80009f74
        9005000	       899	800008d4	a01df093	andi	x1,x27,-1535	 x27:0xb3144000  x1=0xb3144000
        9015000	       900	800008d8	ba288193	addi	x3,x17,-1118	 x17:0x800005ec  x3=0x8000018e
        9025000	       901	800008dc	413a8733	sub	x14,x21,x19	 x21:0x00000001 x19:0x00000000 x14=0x00000001
        9035000	       902	800008e0	017ad193	srli	x3,x21,0x17	 x21:0x00000001  x3=0x00000000
        9045000	       903	800008e4	00008417	auipc	x8,0x8	  x8=0x800088e0
        9055000	       904	800008e8	1d740413	addi	x8,x8,471	  x8:0x800088e0  x8=0x80008ab7
        9065000	       905	800008ec	00008117	auipc	x2,0x8	  x2=0x800088e8
        9075000	       906	800008f0	4c210113	addi	x2,x2,1218	  x2:0x800088e8  x2=0x80008daa
        9085000	       907	800008f4	00008497	auipc	x9,0x8	  x9=0x800088f0
        9095000	       908	800008f8	02448493	addi	x9,x9,36	  x9:0x800088f0  x9=0x80008914
        9105000	       909	800008fc	fe440183	lb	x3,-28(x8)	  x8:0x80008ab7  x3=0xffffff80 PA:0x80008a9b
        9115000	       910	80000900	fcd40583	lb	x11,-51(x8)	  x8:0x80008ab7 x11=0x0000006f PA:0x80008a84
        9125000	       911	80000904	12014783	lbu	x15,288(x2)	  x2:0x80008daa x15=0x000000b1 PA:0x80008eca
        9135000	       912	80000908	00008d97	auipc	x27,0x8	 x27=0x80008904
        9145000	       913	8000090c	4ced8d93	addi	x27,x27,1230	 x27:0x80008904 x27=0x80008dd2
        9155000	       914	80000910	01049b83	lh	x23,16(x9)	  x9:0x80008914 x23=0xffff9fc4 PA:0x80008924
        9165000	       915	80000914	bd1d8f83	lb	x31,-1071(x27)	 x27:0x80008dd2 x31=0xffffff88 PA:0x800089a3
        9175000	       916	80000918	ff5489a3	sb	x21,-13(x9)	  x9:0x80008914 x21:0x00000001 PA:0x80008907
        9185000	       917	8000091c	fe640b83	lb	x23,-26(x8)	  x8:0x80008ab7 x23=0xffffff86 PA:0x80008a9d
        9195000	       918	80000920	10c15c83	lhu	x25,268(x2)	  x2:0x80008daa x25=0x00009c9d PA:0x80008eb6
        9205000	       919	80000924	193d8683	lb	x13,403(x27)	 x27:0x80008dd2 x13=0x0000004e PA:0x80008f65
        9215000	       920	80000928	039405a3	sb	x25,43(x8)	  x8:0x80008ab7 x25:0x00009c9d PA:0x80008ae2
        9225000	       921	8000092c	b9d10903	lb	x18,-1123(x2)	  x2:0x80008daa x18=0x0000002c PA:0x80008947
        9235000	       922	80000930	ffa49e23	sh	x26,-4(x9)	  x9:0x80008914 x26:0x00000001 PA:0x80008910
        9245000	       923	80000934	e5310283	lb	x5,-429(x2)	  x2:0x80008daa  x5=0xffffffe6 PA:0x80008bfd
        9255000	       924	80000938	d3ed85a3	sb	x30,-725(x27)	 x27:0x80008dd2 x30:0x80000a91 PA:0x80008afd
        9265000	       925	8000093c	f70d8623	sb	x16,-148(x27)	 x27:0x80008dd2 x16:0x00000063 PA:0x80008d3e
        9275000	       926	80000940	e33dc583	lbu	x11,-461(x27)	 x27:0x80008dd2 x11=0x000000ee PA:0x80008c05
        9285000	       927	80000944	00348983	lb	x19,3(x9)	  x9:0x80008914 x19=0xfffffffc PA:0x80008917
        9295000	       928	80000948	01649823	sh	x22,16(x9)	  x9:0x80008914 x22:0x80009fc4 PA:0x80008924
        9305000	       929	8000094c	01044c83	lbu	x25,16(x8)	  x8:0x80008ab7 x25=0x000000ac PA:0x80008ac7
        9315000	       930	80000950	c8bdc883	lbu	x17,-885(x27)	 x27:0x80008dd2 x17=0x00000046 PA:0x80008a5d
        9325000	       931	80000954	fe440a83	lb	x21,-28(x8)	  x8:0x80008ab7 x21=0xffffff80 PA:0x80008a9b
        9335000	       932	80000958	ec710503	lb	x10,-313(x2)	  x2:0x80008daa x10=0x0000005a PA:0x80008c71
        9345000	       933	8000095c	fd6d9f03	lh	x30,-42(x27)	 x27:0x80008dd2 x30=0xffff9293 PA:0x80008da8
        9355000	       934	80000960	00c4c783	lbu	x15,12(x9)	  x9:0x80008914 x15=0x0000000b PA:0x80008920
        9365000	       935	80000964	fe044383	lbu	x7,-32(x8)	  x8:0x80008ab7  x7=0x0000007c PA:0x80008a97
        9375000	       936	80000968	00d4ce03	lbu	x28,13(x9)	  x9:0x80008914 x28=0x0000000a PA:0x80008921
        9385000	       937	8000096c	e9b11223	sh	x27,-380(x2)	  x2:0x80008daa x27:0x80008dd2 PA:0x80008c2e
        9395000	       938	80000970	ffc49e23	sh	x28,-4(x9)	  x9:0x80008914 x28:0x0000000a PA:0x80008910
        9405000	       939	80000974	bf114c03	lbu	x24,-1039(x2)	  x2:0x80008daa x24=0x00000080 PA:0x8000899b
        9415000	       940	80000978	20bdcd03	lbu	x26,523(x27)	 x27:0x80008dd2 x26=0x000000c6 PA:0x80008fdd
        9425000	       941	8000097c	183dc883	lbu	x17,387(x27)	 x27:0x80008dd2 x17=0x0000003e PA:0x80008f55
        9435000	       942	80000980	fd740aa3	sb	x23,-43(x8)	  x8:0x80008ab7 x23:0xffffff86 PA:0x80008a8c
        9445000	       943	80000984	ff148d03	lb	x26,-15(x9)	  x9:0x80008914 x26=0xffffffee PA:0x80008905
        9455000	       944	80000988	090dc503	lbu	x10,144(x27)	 x27:0x80008dd2 x10=0x00000049 PA:0x80008e62
        9465000	       945	8000098c	ffd48b23	sb	x29,-10(x9)	  x9:0x80008914 x29:0x01600000 PA:0x8000890a
        9475000	       946	80000990	e9710283	lb	x5,-361(x2)	  x2:0x80008daa  x5=0x0000002a PA:0x80008c41
        9485000	       947	80000994	00008917	auipc	x18,0x8	 x18=0x80008990
        9495000	       948	80000998	90f90913	addi	x18,x18,-1777	 x18:0x80008990 x18=0x8000829f
        9505000	       949	8000099c	41117f93	andi	x31,x2,1041	  x2:0x80008daa x31=0x00000400
        9515000	       950	800009a0	01cf8bb3	add	x23,x31,x28	 x31:0x00000400 x28:0x0000000a x23=0x0000040a
        9525000	       951	800009a4	41545c13	srai	x24,x8,0x15	  x8:0x80008ab7 x24=0xfffffc00
        9535000	       952	800009a8	fff91703	lh	x14,-1(x18)	 x18:0x8000829f x14=0x00005455 PA:0x8000829e
        9545000	       953	800009ac	5f79b013	sltiu	x0,x19,1527	 x19:0xfffffffc
        9555000	       954	800009b0	ea78c037	lui	x0,0xea78c	
        9565000	       955	800009b4	016e6633	or	x12,x28,x22	 x28:0x0000000a x22:0x80009fc4 x12=0x80009fce
        9575000	       956	800009b8	00195583	lhu	x11,1(x18)	 x18:0x8000829f x11=0x00005a5b PA:0x800082a0
        9585000	       957	800009bc	000718b3	sll	x17,x14,x0	 x14:0x00005455  x0:0x00000000 x17=0x00005455
        9595000	       958	800009c0	000b5613	srli	x12,x22,0x0	 x22:0x80009fc4 x12=0x80009fc4
        9605000	       959	800009c4	00000013	addi	x0,x0,0	  x0:0x00000000
        9615000	       960	800009c8	01b400b3	add	x1,x8,x27	  x8:0x80008ab7 x27:0x80008dd2  x1=0x00011889
        9625000	       961	800009cc	ff790aa3	sb	x23,-11(x18)	 x18:0x8000829f x23:0x0000040a PA:0x80008294
        9635000	       962	800009d0	b65ecc93	xori	x25,x29,-1179	 x29:0x01600000 x25=0xfe9ffb65
        9645000	       963	800009d4	01090823	sb	x16,16(x18)	 x18:0x8000829f x16:0x00000063 PA:0x800082af
        9655000	       964	800009d8	00a90c83	lb	x25,10(x18)	 x18:0x8000829f x25=0x00000062 PA:0x800082a9
        9665000	       965	800009dc	00000013	addi	x0,x0,0	  x0:0x00000000
        9675000	       966	800009e0	6f31cc93	xori	x25,x3,1779	  x3:0xffffff80 x25=0xfffff973
        9685000	       967	800009e4	01f5d713	srli	x14,x11,0x1f	 x11:0x00005a5b x14=0x00000000
        9695000	       968	800009e8	ddf9bb93	sltiu	x23,x19,-545	 x19:0xfffffffc x23=0x00000000
        9705000	       969	800009ec	40665c33	sra	x24,x12,x6	 x12:0x80009fc4  x6:0x80009f70 x24=0xffff8000
        9715000	       970	800009f0	ff790823	sb	x23,-16(x18)	 x18:0x8000829f x23:0x00000000 PA:0x8000828f
        9725000	       971	800009f4	40be0cb3	sub	x25,x28,x11	 x28:0x0000000a x11:0x00005a5b x25=0xffffa5af
        9735000	       972	800009f8	ff192803	lw	x16,-15(x18)	 x18:0x8000829f x16=0x48494a4b PA:0x80008290
        9745000	       973	800009fc	00234ab3	xor	x21,x6,x2	  x6:0x80009f70  x2:0x80008daa x21=0x000012da
        9755000	       974	80000a00	01094003	lbu	x0,16(x18)	 x18:0x8000829f PA:0x800082af
        9765000	       975	80000a04	00871cb3	sll	x25,x14,x8	 x14:0x00000000  x8:0x80008ab7 x25=0x00000000
        9775000	       976	80000a08	0046dc33	srl	x24,x13,x4	 x13:0x0000004e  x4:0x00000000 x24=0x0000004e
        9785000	       977	80000a0c	41bbde93	srai	x29,x23,0x1b	 x23:0x00000000 x29=0x00000000
        9795000	       978	80000a10	00b15093	srli	x1,x2,0xb	  x2:0x80008daa  x1=0x00100011
        9805000	       979	80000a14	29358813	addi	x16,x11,659	 x11:0x00005a5b x16=0x00005cee
        9815000	       980	80000a18	01051c13	slli	x24,x10,0x10	 x10:0x00000049 x24=0x00490000
        9825000	       981	80000a1c	010ab8b3	sltu	x17,x21,x16	 x21:0x000012da x16:0x00005cee x17=0x00000001
        9835000	       982	80000a20	1071c813	xori	x16,x3,263	  x3:0xffffff80 x16=0xfffffe87
        9845000	       983	80000a24	00a94d03	lbu	x26,10(x18)	 x18:0x8000829f x26=0x00000062 PA:0x800082a9
        9855000	       984	80000a28	8460c997	auipc	x19,0x8460c	 x19=0x0460ca24
        9865000	       985	80000a2c	00e399b3	sll	x19,x7,x14	  x7:0x0000007c x14:0x00000000 x19=0x0000007c
        9875000	       986	80000a30	012713b3	sll	x7,x14,x18	 x14:0x00000000 x18:0x8000829f  x7=0x00000000
        9885000	       987	80000a34	ff194583	lbu	x11,-15(x18)	 x18:0x8000829f x11=0x0000004b PA:0x80008290
        9895000	       988	80000a38	00008f97	auipc	x31,0x8	 x31=0x80008a34
        9905000	       989	80000a3c	8a4f8f93	addi	x31,x31,-1884	 x31:0x80008a34 x31=0x800082d8
        9915000	       990	80000a40	003619b3	sll	x19,x12,x3	 x12:0x80009fc4  x3:0xffffff80 x19=0x80009fc4
        9925000	       991	80000a44	003e02b3	add	x5,x28,x3	 x28:0x0000000a  x3:0xffffff80  x5=0xffffff8a
        9935000	       992	80000a48	007fc103	lbu	x2,7(x31)	 x31:0x800082d8  x2=0x00000094 PA:0x800082df
        9945000	       993	80000a4c	00559233	sll	x4,x11,x5	 x11:0x0000004b  x5:0xffffff8a  x4=0x00012c00
        9955000	       994	80000a50	007f9523	sh	x7,10(x31)	 x31:0x800082d8  x7:0x00000000 PA:0x800082e2
        9965000	       995	80000a54	00ff8f03	lb	x30,15(x31)	 x31:0x800082d8 x30=0xffffff9c PA:0x800082e7
        9975000	       996	80000a58	00ffc783	lbu	x15,15(x31)	 x31:0x800082d8 x15=0x0000009c PA:0x800082e7
        9985000	       997	00000000	00000013	addi	x0,x0,0	  x0:0x00000000
        9995000	       998	80000a5c	00ffcc83	lbu	x25,15(x31)	 x31:0x800082d8 x25=0x0000009c PA:0x800082e7
       10005000	       999	80000a60	012f9223	sh	x18,4(x31)	 x31:0x800082d8 x18:0x8000829f PA:0x800082dc
       10015000	      1000	80000a64	01e679b3	and	x19,x12,x30	 x12:0x80009fc4 x30:0xffffff9c x19=0x80009f84
       10025000	      1001	80000a68	ff2fd183	lhu	x3,-14(x31)	 x31:0x800082d8  x3=0x00000044 PA:0x800082ca
       10035000	      1002	80000a6c	4094d793	srai	x15,x9,0x9	  x9:0x80008914 x15=0xffc00044
       10045000	      1003	80000a70	feff9923	sh	x15,-14(x31)	 x31:0x800082d8 x15:0xffc00044 PA:0x800082ca
       10055000	      1004	80000a74	005f8183	lb	x3,5(x31)	 x31:0x800082d8  x3=0xffffff82 PA:0x800082dd
       10065000	      1005	80000a78	005fcd03	lbu	x26,5(x31)	 x31:0x800082d8 x26=0x00000082 PA:0x800082dd
       10075000	      1006	80000a7c	00008917	auipc	x18,0x8	 x18=0x80008a78
       10085000	      1007	80000a80	c1590913	addi	x18,x18,-1003	 x18:0x80008a78 x18=0x8000868d
       10095000	      1008	80000a84	00000013	addi	x0,x0,0	  x0:0x00000000
       10105000	      1009	80000a88	0c594183	lbu	x3,197(x18)	 x18:0x8000868d  x3=0x00000009 PA:0x80008752
       10115000	      1010	00000000	00000013	addi	x0,x0,0	  x0:0x00000000
       10125000	      1011	80000a8c	1e328637	lui	x12,0x1e328	 x12=0x1e328000
       10135000	      1012	80000a90	09b95683	lhu	x13,155(x18)	 x18:0x8000868d x13=0x0000e2e3 PA:0x80008728
       10145000	      1013	80000a94	01add2b3	srl	x5,x27,x26	 x27:0x80008dd2 x26:0x00000082  x5=0x20002374
       10155000	      1014	80000a98	357b20b7	lui	x1,0x357b2	  x1=0x357b2000
       10165000	      1015	80000a9c	f9f46493	ori	x9,x8,-97	  x8:0x80008ab7  x9=0xffffffbf
       10175000	      1016	80000aa0	fbdc2093	slti	x1,x24,-67	 x24:0x00490000  x1=0x00000000
       10185000	      1017	80000aa4	0f494a83	lbu	x21,244(x18)	 x18:0x8000868d x21=0x0000003a PA:0x80008781
       10195000	      1018	80000aa8	01145393	srli	x7,x8,0x11	  x8:0x80008ab7  x7=0x00004000
       10205000	      1019	80000aac	40d6f013	andi	x0,x13,1037	 x13:0x0000e2e3
       10215000	      1020	80000ab0	0c690ca3	sb	x6,217(x18)	 x18:0x8000868d  x6:0x80009f70 PA:0x80008766
       10225000	      1021	80000ab4	0f190e83	lb	x29,241(x18)	 x18:0x8000868d x29=0x00000035 PA:0x8000877e
       10235000	      1022	80000ab8	0a294c83	lbu	x25,162(x18)	 x18:0x8000868d x25=0x000000e4 PA:0x8000872f
       10245000	      1023	80000abc	fa395403	lhu	x8,-93(x18)	 x18:0x8000868d  x8=0x0000eaeb PA:0x80008630
       10255000	      1024	00000000	00000013	addi	x0,x0,0	  x0:0x00000000
       10265000	      1025	80000ac0	fa890d03	lb	x26,-88(x18)	 x18:0x8000868d x26=0xffffffee PA:0x80008635
       10275000	      1026	80000ac4	f2d90b83	lb	x23,-211(x18)	 x18:0x8000868d x23=0x00000071 PA:0x800085ba
       10285000	      1027	80000ac8	f0990883	lb	x17,-247(x18)	 x18:0x8000868d x17=0x00000000 PA:0x80008596
       10295000	      1028	80000acc	03595203	lhu	x4,53(x18)	 x18:0x8000868d  x4=0x00007879 PA:0x800086c2
       10305000	      1029	80000ad0	fe7900a3	sb	x7,-31(x18)	 x18:0x8000868d  x7:0x00004000 PA:0x8000866e
       10315000	      1030	80000ad4	0026efb3	or	x31,x13,x2	 x13:0x0000e2e3  x2:0x00000094 x31=0x0000e2f7
       10325000	      1031	80000ad8	09b95b83	lhu	x23,155(x18)	 x18:0x8000868d x23=0x0000e2e3 PA:0x80008728
       10335000	      1032	80000adc	3fe98993	addi	x19,x19,1022	 x19:0x80009f84 x19=0x8000a382
       10345000	      1033	80000ae0	5dda6493	ori	x9,x20,1501	 x20:0x00000000  x9=0x000005dd
       10355000	      1034	80000ae4	01944e33	xor	x28,x8,x25	  x8:0x0000eaeb x25:0x000000e4 x28=0x0000ea0f
       10365000	      1035	80000ae8	0e791a83	lh	x21,231(x18)	 x18:0x8000868d x21=0x00002e2f PA:0x80008774
       10375000	      1036	80000aec	0cd91d03	lh	x26,205(x18)	 x18:0x8000868d x26=0x00001011 PA:0x8000875a
       10385000	      1037	80000af0	40875033	sra	x0,x14,x8	 x14:0x00000000  x8:0x0000eaeb
       10395000	      1038	80000af4	0ab95b83	lhu	x23,171(x18)	 x18:0x8000868d x23=0x0000f2f3 PA:0x80008738
       10405000	      1039	80000af8	afd08c93	addi	x25,x1,-1283	  x1:0x00000000 x25=0xfffffafd
       10415000	      1040	80000afc	f8590883	lb	x17,-123(x18)	 x18:0x8000868d x17=0xffffffc9 PA:0x80008612
       10425000	      1041	80000b00	f850b393	sltiu	x7,x1,-123	  x1:0x00000000  x7=0x00000001
       10435000	      1042	80000b04	f1590583	lb	x11,-235(x18)	 x18:0x8000868d x11=0x00000059 PA:0x800085a2
       10445000	      1043	80000b08	01b94703	lbu	x14,27(x18)	 x18:0x8000868d x14=0x00000063 PA:0x800086a8
       10455000	      1044	80000b0c	f1a90403	lb	x8,-230(x18)	 x18:0x8000868d  x8=0x0000005c PA:0x800085a7
       10465000	      1045	80000b10	00008297	auipc	x5,0x8	  x5=0x80008b0c
       10475000	      1046	80000b14	96928293	addi	x5,x5,-1687	  x5:0x80008b0c  x5=0x80008475
       10485000	      1047	80000b18	fe92d683	lhu	x13,-23(x5)	  x5:0x80008475 x13=0x00001415 PA:0x8000845e
       10495000	      1048	80000b1c	ffe28c83	lb	x25,-2(x5)	  x5:0x80008475 x25=0x00000028 PA:0x80008473
       10505000	      1049	80000b20	ffe2cd03	lbu	x26,-2(x5)	  x5:0x80008475 x26=0x00000028 PA:0x80008473
       10515000	      1050	80000b24	fd82c783	lbu	x15,-40(x5)	  x5:0x80008475 x15=0x00000006 PA:0x8000844d
       10525000	      1051	80000b28	268dbc93	sltiu	x25,x27,616	 x27:0x80008dd2 x25=0x00000000
       10535000	      1052	80000b2c	0162c883	lbu	x17,22(x5)	  x5:0x80008475 x17=0x00000040 PA:0x8000848b
       10545000	      1053	80000b30	0162c783	lbu	x15,22(x5)	  x5:0x80008475 x15=0x00000040 PA:0x8000848b
       10555000	      1054	00000000	00000013	addi	x0,x0,0	  x0:0x00000000
       10565000	      1055	80000b34	00f9a633	slt	x12,x19,x15	 x19:0x8000a382 x15:0x00000040 x12=0x00000001
       10575000	      1056	80000b38	fef28ea3	sb	x15,-3(x5)	  x5:0x80008475 x15:0x00000040 PA:0x80008472
       10585000	      1057	80000b3c	ffd2c483	lbu	x9,-3(x5)	  x5:0x80008475  x9=0x00000040 PA:0x80008472
       10595000	      1058	80000b40	00194193	xori	x3,x18,1	 x18:0x8000868d  x3=0x8000868c
       10605000	      1059	80000b44	03f28723	sb	x31,46(x5)	  x5:0x80008475 x31:0x0000e2f7 PA:0x800084a3
       10615000	      1060	80000b48	02e2c603	lbu	x12,46(x5)	  x5:0x80008475 x12=0x000000f7 PA:0x800084a3
       10625000	      1061	80000b4c	0242c503	lbu	x10,36(x5)	  x5:0x80008475 x10=0x00000052 PA:0x80008499
       10635000	      1062	80000b50	fd628183	lb	x3,-42(x5)	  x5:0x80008475  x3=0x00000000 PA:0x8000844b
       10645000	      1063	80000b54	010accb3	xor	x25,x21,x16	 x21:0x00002e2f x16:0xfffffe87 x25=0xffffd0a8
       10655000	      1064	80000b58	0072df03	lhu	x30,7(x5)	  x5:0x80008475 x30=0x00000094 PA:0x8000847c
       10665000	      1065	80000b5c	0032a3a3	sw	x3,7(x5)	  x5:0x80008475  x3:0x00000000 PA:0x8000847c
       10675000	      1066	80000b60	00d283a3	sb	x13,7(x5)	  x5:0x80008475 x13:0x00001415 PA:0x8000847c
       10685000	      1067	80000b64	002283a3	sb	x2,7(x5)	  x5:0x80008475  x2:0x00000094 PA:0x8000847c
       10695000	      1068	80000b68	00008e97	auipc	x29,0x8	 x29=0x80008b64
       10705000	      1069	80000b6c	084e8e93	addi	x29,x29,132	 x29:0x80008b64 x29=0x80008be8
       10715000	      1070	80000b70	fbee86a3	sb	x30,-83(x29)	 x29:0x80008be8 x30:0x00000094 PA:0x80008b95
       10725000	      1071	80000b74	f3ee8583	lb	x11,-194(x29)	 x29:0x80008be8 x11=0x0000000d PA:0x80008b26
       10735000	      1072	80000b78	f9fe9923	sh	x31,-110(x29)	 x29:0x80008be8 x31:0x0000e2f7 PA:0x80008b7a
       10745000	      1073	80000b7c	f1ce88a3	sb	x28,-239(x29)	 x29:0x80008be8 x28:0x0000ea0f PA:0x80008af9
       10755000	      1074	80000b80	f11ec083	lbu	x1,-239(x29)	 x29:0x80008be8  x1=0x0000000f PA:0x80008af9
       10765000	      1075	80000b84	0d7ec703	lbu	x14,215(x29)	 x29:0x80008be8 x14=0x000000a4 PA:0x80008cbf
       10775000	      1076	80000b88	fa4ea903	lw	x18,-92(x29)	 x29:0x80008be8 x18=0x74757677 PA:0x80008b8c
       10785000	      1077	80000b8c	011e9b23	sh	x17,22(x29)	 x29:0x80008be8 x17:0x00000040 PA:0x80008bfe
       10795000	      1078	80000b90	016e8f83	lb	x31,22(x29)	 x29:0x80008be8 x31=0x00000040 PA:0x80008bfe
       10805000	      1079	80000b94	fd4ea383	lw	x7,-44(x29)	 x29:0x80008be8  x7=0xa4a5a6a7 PA:0x80008bbc
       10815000	      1080	80000b98	079ec703	lbu	x14,121(x29)	 x29:0x80008be8 x14=0x0000004a PA:0x80008c61
       10825000	      1081	80000b9c	0f9e9223	sh	x25,228(x29)	 x29:0x80008be8 x25:0xffffd0a8 PA:0x80008ccc
       10835000	      1082	80000ba0	fb1e8f03	lb	x30,-79(x29)	 x29:0x80008be8 x30=0xffffff82 PA:0x80008b99
       10845000	      1083	80000ba4	055ec283	lbu	x5,85(x29)	 x29:0x80008be8  x5=0x00000026 PA:0x80008c3d
       10855000	      1084	80000ba8	000bf7b3	and	x15,x23,x0	 x23:0x0000f2f3  x0:0x00000000 x15=0x00000000
       10865000	      1085	80000bac	003c78b3	and	x17,x24,x3	 x24:0x00490000  x3:0x00000000 x17=0x00000000
       10875000	      1086	80000bb0	086e8523	sb	x6,138(x29)	 x29:0x80008be8  x6:0x80009f70 PA:0x80008c72
       10885000	      1087	80000bb4	0afe8383	lb	x7,175(x29)	 x29:0x80008be8  x7=0x0000007c PA:0x80008c97
       10895000	      1088	80000bb8	046ed483	lhu	x9,70(x29)	 x29:0x80008be8  x9=0x00008dd2 PA:0x80008c2e
       10905000	      1089	80000bbc	04ae8b23	sb	x10,86(x29)	 x29:0x80008be8 x10:0x00000052 PA:0x80008c3e
       10915000	      1090	80000bc0	0afec683	lbu	x13,175(x29)	 x29:0x80008be8 x13=0x0000007c PA:0x80008c97
       10925000	      1091	80000bc4	00008e17	auipc	x28,0x8	 x28=0x80008bc0
       10935000	      1092	80000bc8	a52e0e13	addi	x28,x28,-1454	 x28:0x80008bc0 x28=0x80008612
       10945000	      1093	80000bcc	1f7e0e83	lb	x29,503(x28)	 x28:0x80008612 x29=0xffffffc2 PA:0x80008809
       10955000	      1094	80000bd0	196e4f83	lbu	x31,406(x28)	 x28:0x80008612 x31=0x00000063 PA:0x800087a8
       10965000	      1095	80000bd4	00008617	auipc	x12,0x8	 x12=0x80008bd0
       10975000	      1096	80000bd8	b3160613	addi	x12,x12,-1231	 x12:0x80008bd0 x12=0x80008701
       10985000	      1097	80000bdc	00007097	auipc	x1,0x7	  x1=0x80007bd8
       10995000	      1098	80000be0	7e008093	addi	x1,x1,2016	  x1:0x80007bd8  x1=0x800083b8
       11005000	      1099	80000be4	b41e2f23	sw	x1,-1186(x28)	 x28:0x80008612  x1:0x800083b8 PA:0x80008170
       11015000	      1100	80000be8	08264983	lbu	x19,130(x12)	 x12:0x80008701 x19=0x00000038 PA:0x80008783
       11025000	      1101	80000bec	0dfe0803	lb	x16,223(x28)	 x28:0x80008612 x16=0xffffffaa PA:0x800086f1
       11035000	      1102	80000bf0	f5208823	sb	x18,-176(x1)	  x1:0x800083b8 x18:0x74757677 PA:0x80008308
       11045000	      1103	80000bf4	e8208103	lb	x2,-382(x1)	  x1:0x800083b8  x2=0xfffffff1 PA:0x8000823a
       11055000	      1104	80000bf8	a41e0583	lb	x11,-1471(x28)	 x28:0x80008612 x11=0x00000008 PA:0x80008053
       11065000	      1105	80000bfc	08508e23	sb	x5,156(x1)	  x1:0x800083b8  x5:0x00000026 PA:0x80008454
       11075000	      1106	80000c00	05ce4c83	lbu	x25,92(x28)	 x28:0x80008612 x25=0x00000000 PA:0x8000866e
       11085000	      1107	80000c04	0f562ba3	sw	x21,247(x12)	 x12:0x80008701 x21:0x00002e2f PA:0x800087f8
       11095000	      1108	80000c08	040085a3	sb	x0,75(x1)	  x1:0x800083b8  x0:0x00000000 PA:0x80008403
       11105000	      1109	80000c0c	0ec64803	lbu	x16,236(x12)	 x12:0x80008701 x16=0x000000a6 PA:0x800087ed
       11115000	      1110	00000000	00000013	addi	x0,x0,0	  x0:0x00000000
       11125000	      1111	80000c10	0b060c23	sb	x16,184(x12)	 x12:0x80008701 x16:0x000000a6 PA:0x800087b9
       11135000	      1112	80000c14	ce508823	sb	x5,-784(x1)	  x1:0x800083b8  x5:0x00000026 PA:0x800080a8
       11145000	      1113	80000c18	29f0c003	lbu	x0,671(x1)	  x1:0x800083b8 PA:0x80008657
       11155000	      1114	80000c1c	09264c83	lbu	x25,146(x12)	 x12:0x80008701 x25=0x00000048 PA:0x80008793
       11165000	      1115	80000c20	ee2089a3	sb	x2,-269(x1)	  x1:0x800083b8  x2:0xfffffff1 PA:0x800082ab
       11175000	      1116	80000c24	f3c0c283	lbu	x5,-196(x1)	  x1:0x800083b8  x5=0x000000af PA:0x800082f4
       11185000	      1117	00000000	00000013	addi	x0,x0,0	  x0:0x00000000
       11195000	      1118	80000c28	ce50c383	lbu	x7,-795(x1)	  x1:0x800083b8  x7=0x00000056 PA:0x8000809d
       11205000	      1119	80000c2c	140e08a3	sb	x0,337(x28)	 x28:0x80008612  x0:0x00000000 PA:0x80008763
       11215000	      1120	80000c30	fd8e4403	lbu	x8,-40(x28)	 x28:0x80008612  x8=0x000000a1 PA:0x800085ea
       11225000	      1121	80000c34	a97e0f23	sb	x23,-1378(x28)	 x28:0x80008612 x23:0x0000f2f3 PA:0x800080b0
       11235000	      1122	80000c38	00008c97	auipc	x25,0x8	 x25=0x80008c34
       11245000	      1123	80000c3c	0b7c8c93	addi	x25,x25,183	 x25:0x80008c34 x25=0x80008ceb
       11255000	      1124	80000c40	00ac82a3	sb	x10,5(x25)	 x25:0x80008ceb x10:0x00000052 PA:0x80008cf0
       11265000	      1125	80000c44	2ec2f813	andi	x16,x5,748	  x5:0x000000af x16=0x000000ac
       11275000	      1126	80000c48	00fd3133	sltu	x2,x26,x15	 x26:0x00000028 x15:0x00000000  x2=0x00000000
       11285000	      1127	80000c4c	00311713	slli	x14,x2,0x3	  x2:0x00000000 x14=0x00000000
       11295000	      1128	80000c50	b2dcc003	lbu	x0,-1235(x25)	 x25:0x80008ceb PA:0x80008818
       11305000	      1129	80000c54	0174d093	srli	x1,x9,0x17	  x9:0x00008dd2  x1=0x00000000
       11315000	      1130	80000c58	ddb2c493	xori	x9,x5,-549	  x5:0x000000af  x9=0xfffffd74
       11325000	      1131	80000c5c	12ac81a3	sb	x10,291(x25)	 x25:0x80008ceb x10:0x00000052 PA:0x80008e0e
       11335000	      1132	80000c60	cabcd383	lhu	x7,-853(x25)	 x25:0x80008ceb  x7=0x00007c7d PA:0x80008996
       11345000	      1133	80000c64	ed9abe13	sltiu	x28,x21,-295	 x21:0x00002e2f x28=0x00000001
       11355000	      1134	80000c68	4130d093	srai	x1,x1,0x13	  x1:0x00000000  x1=0x00000000
       11365000	      1135	80000c6c	74304d13	xori	x26,x0,1859	  x0:0x00000000 x26=0x00000743
       11375000	      1136	80000c70	0159e633	or	x12,x19,x21	 x19:0x00000038 x21:0x00002e2f x12=0x00002e3f
       11385000	      1137	80000c74	01d35693	srli	x13,x6,0x1d	  x6:0x80009f70 x13=0x00000004
       11395000	      1138	80000c78	00000013	addi	x0,x0,0	  x0:0x00000000
       11405000	      1139	80000c7c	1abc8223	sb	x11,420(x25)	 x25:0x80008ceb x11:0x00000008 PA:0x80008e8f
       11415000	      1140	80000c80	e40c8103	lb	x2,-448(x25)	 x25:0x80008ceb  x2=0x00000010 PA:0x80008b2b
       11425000	      1141	80000c84	a4484697	auipc	x13,0xa4484	 x13=0x24484c80
       11435000	      1142	80000c88	41635d13	srai	x26,x6,0x16	  x6:0x80009f70 x26=0xfffffe00
       11445000	      1143	80000c8c	01c30933	add	x18,x6,x28	  x6:0x80009f70 x28:0x00000001 x18=0x80009f71
       11455000	      1144	80000c90	8a473a93	sltiu	x21,x14,-1884	 x14:0x00000000 x21=0x00000001
       11465000	      1145	80000c94	eb8c8583	lb	x11,-328(x25)	 x25:0x80008ceb x11=0xffffff88 PA:0x80008ba3
       11475000	      1146	80000c98	41b900b3	sub	x1,x18,x27	 x18:0x80009f71 x27:0x80008dd2  x1=0x0000119f
       11485000	      1147	80000c9c	170c89a3	sb	x16,371(x25)	 x25:0x80008ceb x16:0x000000ac PA:0x80008e5e
       11495000	      1148	80000ca0	00cf1d93	slli	x27,x30,0xc	 x30:0xffffff82 x27=0xfff82000
       11505000	      1149	80000ca4	1ff70593	addi	x11,x14,511	 x14:0x00000000 x11=0x000001ff
       11515000	      1150	80000ca8	aa8bf713	andi	x14,x23,-1368	 x23:0x0000f2f3 x14=0x0000f2a0
       11525000	      1151	80000cac	d00c8923	sb	x0,-750(x25)	 x25:0x80008ceb  x0:0x00000000 PA:0x800089fd
       11535000	      1152	80000cb0	c29cc283	lbu	x5,-983(x25)	 x25:0x80008ceb  x5=0x000000ff PA:0x80008914
       11545000	      1153	80000cb4	e2fc9ea3	sh	x15,-451(x25)	 x25:0x80008ceb x15:0x00000000 PA:0x80008b28
       11555000	      1154	80000cb8	199c85a3	sb	x25,395(x25)	 x25:0x80008ceb x25:0x80008ceb PA:0x80008e76
       11565000	      1155	80000cbc	41865813	srai	x16,x12,0x18	 x12:0x00002e3f x16=0x00000000
       11575000	      1156	80000cc0	d35c8803	lb	x16,-715(x25)	 x25:0x80008ceb x16=0x0000000b PA:0x80008a20
       11585000	      1157	80000cc4	f0bc8483	lb	x9,-245(x25)	 x25:0x80008ceb  x9=0xffffffdd PA:0x80008bf6
       11595000	      1158	80000cc8	017d7c33	and	x24,x26,x23	 x26:0xfffffe00 x23:0x0000f2f3 x24=0x0000f200
       11605000	      1159	80000ccc	001692b3	sll	x5,x13,x1	 x13:0x24484c80  x1:0x0000119f  x5=0x00000000
       11615000	      1160	80000cd0	4bf3c893	xori	x17,x7,1215	  x7:0x00007c7d x17=0x000078c2
       11625000	      1161	80000cd4	ff9c8c03	lb	x24,-7(x25)	 x25:0x80008ceb x24=0xffffffcf PA:0x80008ce4
       11635000	      1162	80000cd8	b6b4ca93	xori	x21,x9,-1173	  x9:0xffffffdd x21=0x000004b6
       11645000	      1163	80000cdc	d5bc8283	lb	x5,-677(x25)	 x25:0x80008ceb  x5=0x0000002d PA:0x80008a46
       11655000	      1164	80000ce0	d9fc8c03	lb	x24,-609(x25)	 x25:0x80008ceb x24=0x00000071 PA:0x80008a8a
       11665000	      1165	80000ce4	b52ad717	auipc	x14,0xb52ad	 x14=0x352adce0
       11675000	      1166	80000ce8	bd5c83a3	sb	x21,-1081(x25)	 x25:0x80008ceb x21:0x000004b6 PA:0x800088b2
       11685000	      1167	80000cec	e0310e17	auipc	x28,0xe0310	 x28=0x60310ce8
       11695000	      1168	80000cf0	01d2c9b3	xor	x19,x5,x29	  x5:0x0000002d x29:0xffffffc2 x19=0xffffffef
       11705000	      1169	80000cf4	1a7cdd03	lhu	x26,423(x25)	 x25:0x80008ceb x26=0x00007879 PA:0x80008e92
       11715000	      1170	80000cf8	0049d113	srli	x2,x19,0x4	 x19:0xffffffef  x2=0x0ffffffe
       11725000	      1171	80000cfc	c56cc883	lbu	x17,-938(x25)	 x25:0x80008ceb x17=0x0000002a PA:0x80008941
       11735000	      1172	80000d00	150ccb83	lbu	x23,336(x25)	 x25:0x80008ceb x23=0x00000020 PA:0x80008e3b
       11745000	      1173	80000d04	415cd413	srai	x8,x25,0x15	 x25:0x80008ceb  x8=0xfffffc00
       11755000	      1174	80000d08	00726f33	or	x30,x4,x7	  x4:0x00007879  x7:0x00007c7d x30=0x00007c7d
       11765000	      1175	80000d0c	e5acca83	lbu	x21,-422(x25)	 x25:0x80008ceb x21=0x0000002e PA:0x80008b45
       11775000	      1176	80000d10	024cc603	lbu	x12,36(x25)	 x25:0x80008ceb x12=0x000000f4 PA:0x80008d0f
       11785000	      1177	80000d14	00008a97	auipc	x21,0x8	 x21=0x80008d10
       11795000	      1178	80000d18	a16a8a93	addi	x21,x21,-1514	 x21:0x80008d10 x21=0x80008726
       11805000	      1179	80000d1c	00007e17	auipc	x28,0x7	 x28=0x80007d18
       11815000	      1180	80000d20	5ade0e13	addi	x28,x28,1453	 x28:0x80007d18 x28=0x800082c5
       11825000	      1181	80000d24	01fe00a3	sb	x31,1(x28)	 x28:0x800082c5 x31:0x00000063 PA:0x800082c6
       11835000	      1182	80000d28	00007d17	auipc	x26,0x7	 x26=0x80007d24
       11845000	      1183	80000d2c	4ead0d13	addi	x26,x26,1258	 x26:0x80007d24 x26=0x8000820e
       11855000	      1184	80000d30	026a8383	lb	x7,38(x21)	 x21:0x80008726  x7=0x00000007 PA:0x8000874c
       11865000	      1185	80000d34	38fd2323	sw	x15,902(x26)	 x26:0x8000820e x15:0x00000000 PA:0x80008594
       11875000	      1186	80000d38	00007617	auipc	x12,0x7	 x12=0x80007d34
       11885000	      1187	80000d3c	54860613	addi	x12,x12,1352	 x12:0x80007d34 x12=0x8000827c
       11895000	      1188	80000d40	fd2a8c03	lb	x24,-46(x21)	 x21:0x80008726 x24=0xffffffb3 PA:0x800086f8
       11905000	      1189	80000d44	04762a23	sw	x7,84(x12)	 x12:0x8000827c  x7:0x00000007 PA:0x800082d0
       11915000	      1190	80000d48	0ea60f03	lb	x30,234(x12)	 x12:0x8000827c x30=0x0000001d PA:0x80008366
       11925000	      1191	80000d4c	fd4e0703	lb	x14,-44(x28)	 x28:0x800082c5 x14=0x00000052 PA:0x80008299
       11935000	      1192	80000d50	ff6e4d83	lbu	x27,-10(x28)	 x28:0x800082c5 x27=0x00000070 PA:0x800082bb
       11945000	      1193	80000d54	003e4703	lbu	x14,3(x28)	 x28:0x800082c5 x14=0x00000083 PA:0x800082c8
       11955000	      1194	80000d58	0fad1783	lh	x15,250(x26)	 x26:0x8000820e x15=0xffffc277 PA:0x80008308
       11965000	      1195	80000d5c	f6861523	sh	x8,-150(x12)	 x12:0x8000827c  x8:0xfffffc00 PA:0x800081e6
       11975000	      1196	80000d60	fc7ac003	lbu	x0,-57(x21)	 x21:0x80008726 PA:0x800086ed
       11985000	      1197	80000d64	febe2c03	lw	x24,-21(x28)	 x28:0x800082c5 x24=0x68fe6a6b PA:0x800082b0
       11995000	      1198	80000d68	049609a3	sb	x9,83(x12)	 x12:0x8000827c  x9:0xffffffdd PA:0x800082cf
       12005000	      1199	80000d6c	089d0b83	lb	x23,137(x26)	 x26:0x8000820e x23=0x00000000 PA:0x80008297
       12015000	      1200	80000d70	0ca61483	lh	x9,202(x12)	 x12:0x8000827c  x9=0xfffffcfd PA:0x80008346
       12025000	      1201	80000d74	fe2e06a3	sb	x2,-19(x28)	 x28:0x800082c5  x2:0x0ffffffe PA:0x800082b2
       12035000	      1202	80000d78	f1d60b23	sb	x29,-234(x12)	 x12:0x8000827c x29:0xffffffc2 PA:0x80008192
       12045000	      1203	80000d7c	0a664583	lbu	x11,166(x12)	 x12:0x8000827c x11=0x000000d9 PA:0x80008322
       12055000	      1204	80000d80	f16d06a3	sb	x22,-243(x26)	 x26:0x8000820e x22:0x80009fc4 PA:0x8000811b
       12065000	      1205	80000d84	5ecd4103	lbu	x2,1516(x26)	 x26:0x8000820e  x2=0x00000000 PA:0x800087fa
       12075000	      1206	80000d88	017e5b83	lhu	x23,23(x28)	 x28:0x800082c5 x23=0x0000829f PA:0x800082dc
       12085000	      1207	00000000	00000013	addi	x0,x0,0	  x0:0x00000000
       12095000	      1208	80000d8c	237d4c83	lbu	x25,567(x26)	 x26:0x8000820e x25=0x000000fe PA:0x80008445
       12105000	      1209	80000d90	053d0f23	sb	x19,94(x26)	 x26:0x8000820e x19:0xffffffef PA:0x8000826c
       12115000	      1210	80000d94	037a86a3	sb	x23,45(x21)	 x21:0x80008726 x23:0x0000829f PA:0x80008753
       12125000	      1211	80000d98	010adf83	lhu	x31,16(x21)	 x21:0x80008726 x31=0x0000eced PA:0x80008736
       12135000	      1212	80000d9c	feeac683	lbu	x13,-18(x21)	 x21:0x80008726 x13=0x000000cf PA:0x80008714
       12145000	      1213	80000da0	163d0783	lb	x15,355(x26)	 x26:0x8000820e x15=0x0000002a PA:0x80008371
       12155000	      1214	80000da4	012aa683	lw	x13,18(x21)	 x21:0x80008726 x13=0xf0f1f2f3 PA:0x80008738
       12165000	      1215	80000da8	215d4b83	lbu	x23,533(x26)	 x26:0x8000820e x23=0x000000d8 PA:0x80008423
       12175000	      1216	80000dac	fc3a82a3	sb	x3,-59(x21)	 x21:0x80008726  x3:0x00000000 PA:0x800086eb
       12185000	      1217	80000db0	41188c33	sub	x24,x17,x17	 x17:0x0000002a x17:0x0000002a x24=0x00000000
       12195000	      1218	80000db4	04fa8663	beq	x21,x15,80000e00	 x21:0x80008726 x15:0x0000002a
       12205000	      1219	80000db8	011a7f33	and	x30,x20,x17	 x20:0x00000000 x17:0x0000002a x30=0x00000000
       12215000	      1220	80000dbc	a8a16593	ori	x11,x2,-1398	  x2:0x00000000 x11=0xfffffa8a
       12225000	      1221	80000dc0	00000013	addi	x0,x0,0	  x0:0x00000000
       12235000	      1222	80000dc4	000415b3	sll	x11,x8,x0	  x8:0xfffffc00  x0:0x00000000 x11=0xfffffc00
       12245000	      1223	80000dc8	854c3a93	sltiu	x21,x24,-1964	 x24:0x00000000 x21=0x00000001
       12255000	      1224	80000dcc	01b33133	sltu	x2,x6,x27	  x6:0x80009f70 x27:0x00000070  x2=0x00000000
       12265000	      1225	80000dd0	403fd733	sra	x14,x31,x3	 x31:0x0000eced  x3:0x00000000 x14=0x0000eced
       12275000	      1226	80000dd4	0071f033	and	x0,x3,x7	  x3:0x00000000  x7:0x00000007
       12285000	      1227	80000dd8	00c5c4b3	xor	x9,x11,x12	 x11:0xfffffc00 x12:0x8000827c  x9=0x7fff7e7c
       12295000	      1228	80000ddc	bc9c4c93	xori	x25,x24,-1079	 x24:0x00000000 x25=0xfffffbc9
       12305000	      1229	80000de0	50c0af17	auipc	x30,0x50c0a	 x30=0xd0c0addc
       12315000	      1230	80000de4	002573b3	and	x7,x10,x2	 x10:0x00000052  x2:0x00000000  x7=0x00000000
       12325000	      1231	80000de8	01f4d293	srli	x5,x9,0x1f	  x9:0x7fff7e7c  x5=0x00000000
       12335000	      1232	80000dec	019f6133	or	x2,x30,x25	 x30:0xd0c0addc x25:0xfffffbc9  x2=0xffffffdd
       12345000	      1233	80000df0	00675263	bge	x14,x6,80000df4	 x14:0x0000eced  x6:0x80009f70
       12355000	      1234	00000000	00000013	addi	x0,x0,0	  x0:0x00000000
       12365000	      1235	80000df0	00000013	addi	x0,x0,0	  x0:0x00000000
       12375000	      1236	80000df4	00690263	beq	x18,x6,80000df8	 x18:0x80009f71  x6:0x80009f70
       12385000	      1237	80000df8	cee94893	xori	x17,x18,-786	 x18:0x80009f71 x17=0x7fff639f
       12395000	      1238	80000dfc	7aa08893	addi	x17,x1,1962	  x1:0x0000119f x17=0x00001949
       12405000	      1239	80000e00	41c1dd93	srai	x27,x3,0x1c	  x3:0x00000000 x27=0x00000000
       12415000	      1240	80000e04	005463b3	or	x7,x8,x5	  x8:0xfffffc00  x5:0x00000000  x7=0xfffffc00
       12425000	      1241	80000e08	73128b93	addi	x23,x5,1841	  x5:0x00000000 x23=0x00000731
       12435000	      1242	80000e0c	000cccb3	xor	x25,x25,x0	 x25:0xfffffbc9  x0:0x00000000 x25=0xfffffbc9
       12445000	      1243	80000e10	13b86e13	ori	x28,x16,315	 x16:0x0000000b x28=0x0000013b
       12455000	      1244	80000e14	69ce0d13	addi	x26,x28,1692	 x28:0x0000013b x26=0x000007d7
       12465000	      1245	80000e18	01a0bd33	sltu	x26,x1,x26	  x1:0x0000119f x26:0x000007d7 x26=0x00000000
       12475000	      1246	80000e1c	00659593	slli	x11,x11,0x6	 x11:0xfffffc00 x11=0xffff0000
       12485000	      1247	80000e20	00c85d33	srl	x26,x16,x12	 x16:0x0000000b x12:0x8000827c x26=0x00000000
       12495000	      1248	80000e24	002ef463	bgeu	x29,x2,80000e2c	 x29:0xffffffc2  x2:0xffffffdd
       12505000	      1249	80000e28	003570b3	and	x1,x10,x3	 x10:0x00000052  x3:0x00000000  x1=0x00000000
       12515000	      1250	80000e2c	0122de93	srli	x29,x5,0x12	  x5:0x00000000 x29=0x00000000
       12525000	      1251	80000e30	01bb1fb3	sll	x31,x22,x27	 x22:0x80009fc4 x27:0x00000000 x31=0x80009fc4
       12535000	      1252	80000e34	242f6437	lui	x8,0x242f6	  x8=0x242f6000
       12545000	      1253	80000e38	8a5e6497	auipc	x9,0x8a5e6	  x9=0x0a5e6e34
       12555000	      1254	80000e3c	03679663	bne	x15,x22,80000e68	 x15:0x0000002a x22:0x80009fc4
       12565000	      1255	00000000	00000013	addi	x0,x0,0	  x0:0x00000000
       12575000	      1256	80000e64	00000013	addi	x0,x0,0	  x0:0x00000000
       12585000	      1257	80000e68	059ee863	bltu	x29,x25,80000eb8	 x29:0x00000000 x25:0xfffffbc9
       12595000	      1258	00000000	00000013	addi	x0,x0,0	  x0:0x00000000
       12605000	      1259	80000eb4	00000013	addi	x0,x0,0	  x0:0x00000000
       12615000	      1260	80000eb8	046ed063	bge	x29,x6,80000ef8	 x29:0x00000000  x6:0x80009f70
       12625000	      1261	00000000	00000013	addi	x0,x0,0	  x0:0x00000000
       12635000	      1262	80000ef4	00000013	addi	x0,x0,0	  x0:0x00000000
       12645000	      1263	80000ef8	ea1eba93	sltiu	x21,x29,-351	 x29:0x00000000 x21=0x00000001
       12655000	      1264	80000efc	3f9ba613	slti	x12,x23,1017	 x23:0x00000731 x12=0x00000000
       12665000	      1265	80000f00	d08b6113	ori	x2,x22,-760	 x22:0x80009fc4  x2=0xffffffcc
       12675000	      1266	80000f04	40f2d7b3	sra	x15,x5,x15	  x5:0x00000000 x15:0x0000002a x15=0x00000000
       12685000	      1267	80000f08	e3640593	addi	x11,x8,-458	  x8:0x242f6000 x11=0x242f5e36
       12695000	      1268	80000f0c	006c7bb3	and	x23,x24,x6	 x24:0x00000000  x6:0x80009f70 x23=0x00000000
       12705000	      1269	80000f10	04740863	beq	x8,x7,80000f60	  x8:0x242f6000  x7:0xfffffc00
       12715000	      1270	80000f14	00545663	bge	x8,x5,80000f20	  x8:0x242f6000  x5:0x00000000
       12725000	      1271	00000000	00000013	addi	x0,x0,0	  x0:0x00000000
       12735000	      1272	80000f1c	00000013	addi	x0,x0,0	  x0:0x00000000
       12745000	      1273	80000f20	01297833	and	x16,x18,x18	 x18:0x80009f71 x18:0x80009f71 x16=0x80009f71
       12755000	      1274	80000f24	9c1676b7	lui	x13,0x9c167	 x13=0x9c167000
       12765000	      1275	80000f28	409e8833	sub	x16,x29,x9	 x29:0x00000000  x9:0x0a5e6e34 x16=0xf5a191cc
       12775000	      1276	80000f2c	0094d8b3	srl	x17,x9,x9	  x9:0x0a5e6e34  x9:0x0a5e6e34 x17=0x000000a5
       12785000	      1277	80000f30	41d9de13	srai	x28,x19,0x1d	 x19:0xffffffef x28=0xffffffff
       12795000	      1278	80000f34	6a03a713	slti	x14,x7,1696	  x7:0xfffffc00 x14=0x00000001
       12805000	      1279	80000f38	011b1093	slli	x1,x22,0x11	 x22:0x80009fc4  x1=0x3f880000
       12815000	      1280	80000f3c	00000013	addi	x0,x0,0	  x0:0x00000000
       12825000	      1281	80000f40	80544c13	xori	x24,x8,-2043	  x8:0x242f6000 x24=0xdbd09805
       12835000	      1282	80000f44	0128d233	srl	x4,x17,x18	 x17:0x000000a5 x18:0x80009f71  x4=0x00000000
       12845000	      1283	80000f48	00000013	addi	x0,x0,0	  x0:0x00000000
       12855000	      1284	80000f4c	01558033	add	x0,x11,x21	 x11:0x242f5e36 x21:0x00000001
       12865000	      1285	80000f50	01109693	slli	x13,x1,0x11	  x1:0x3f880000 x13=0x00000000
       12875000	      1286	80000f54	05181063	bne	x16,x17,80000f94	 x16:0xf5a191cc x17:0x000000a5
       12885000	      1287	00000000	00000013	addi	x0,x0,0	  x0:0x00000000
       12895000	      1288	80000f90	00000013	addi	x0,x0,0	  x0:0x00000000
       12905000	      1289	80000f94	6fed3837	lui	x16,0x6fed3	 x16=0x6fed3000
       12915000	      1290	80000f98	0098d893	srli	x17,x17,0x9	 x17:0x000000a5 x17=0x00000000
       12925000	      1291	80000f9c	01d72eb3	slt	x29,x14,x29	 x14:0x00000001 x29:0x00000000 x29=0x00000000
       12935000	      1292	80000fa0	044a4263	blt	x20,x4,80000fe4	 x20:0x00000000  x4:0x00000000
       12945000	      1293	80000fa4	1a383193	sltiu	x3,x16,419	 x16:0x6fed3000  x3=0x00000000
       12955000	      1294	80000fa8	414f0033	sub	x0,x30,x20	 x30:0xd0c0addc x20:0x00000000
       12965000	      1295	80000fac	03a18263	beq	x3,x26,80000fd0	  x3:0x00000000 x26:0x00000000
       12975000	      1296	00000000	00000013	addi	x0,x0,0	  x0:0x00000000
       12985000	      1297	80000fcc	00000013	addi	x0,x0,0	  x0:0x00000000
       12995000	      1298	80000fd0	01805263	bge	x0,x24,80000fd4	  x0:0x00000000 x24:0xdbd09805
       13005000	      1299	00000000	00000013	addi	x0,x0,0	  x0:0x00000000
       13015000	      1300	80000fd0	00000013	addi	x0,x0,0	  x0:0x00000000
       13025000	      1301	80000fd4	014e8863	beq	x29,x20,80000fe4	 x29:0x00000000 x20:0x00000000
       13035000	      1302	00000000	00000013	addi	x0,x0,0	  x0:0x00000000
       13045000	      1303	80000fe0	00000013	addi	x0,x0,0	  x0:0x00000000
       13055000	      1304	80000fe4	0103de93	srli	x29,x7,0x10	  x7:0xfffffc00 x29=0x0000ffff
       13065000	      1305	80000fe8	3f83c413	xori	x8,x7,1016	  x7:0xfffffc00  x8=0xfffffff8
       13075000	      1306	80000fec	05c59063	bne	x11,x28,8000102c	 x11:0x242f5e36 x28:0xffffffff
       13085000	      1307	00000000	00000013	addi	x0,x0,0	  x0:0x00000000
       13095000	      1308	80001028	00000013	addi	x0,x0,0	  x0:0x00000000
       13105000	      1309	8000102c	01ee7463	bgeu	x28,x30,80001034	 x28:0xffffffff x30:0xd0c0addc
       13115000	      1310	00000000	00000013	addi	x0,x0,0	  x0:0x00000000
       13125000	      1311	80001030	00000013	addi	x0,x0,0	  x0:0x00000000
       13135000	      1312	80001034	01019463	bne	x3,x16,8000103c	  x3:0x00000000 x16:0x6fed3000
       13145000	      1313	00000000	00000013	addi	x0,x0,0	  x0:0x00000000
       13155000	      1314	80001038	00000013	addi	x0,x0,0	  x0:0x00000000
       13165000	      1315	8000103c	79368113	addi	x2,x13,1939	 x13:0x00000000  x2=0x00000793
       13175000	      1316	80001040	41078133	sub	x2,x15,x16	 x15:0x00000000 x16:0x6fed3000  x2=0x9012d000
       13185000	      1317	80001044	01a50c63	beq	x10,x26,8000105c	 x10:0x00000052 x26:0x00000000
       13195000	      1318	80001048	05fa6863	bltu	x20,x31,80001098	 x20:0x00000000 x31:0x80009fc4
       13205000	      1319	00000000	00000013	addi	x0,x0,0	  x0:0x00000000
       13215000	      1320	80001094	00000013	addi	x0,x0,0	  x0:0x00000000
       13225000	      1321	80001098	04b4d663	bge	x9,x11,800010e4	  x9:0x0a5e6e34 x11:0x242f5e36
       13235000	      1322	8000109c	01c51db3	sll	x27,x10,x28	 x10:0x00000052 x28:0xffffffff x27=0x00000000
       13245000	      1323	800010a0	020fc863	blt	x31,x0,800010d0	 x31:0x80009fc4  x0:0x00000000
       13255000	      1324	00000000	00000013	addi	x0,x0,0	  x0:0x00000000
       13265000	      1325	800010cc	00000013	addi	x0,x0,0	  x0:0x00000000
       13275000	      1326	800010d0	9af3cc13	xori	x24,x7,-1617	  x7:0xfffffc00 x24=0x000005af
       13285000	      1327	800010d4	b425c113	xori	x2,x11,-1214	 x11:0x242f5e36  x2=0xdbd0a574
       13295000	      1328	800010d8	0193b933	sltu	x18,x7,x25	  x7:0xfffffc00 x25:0xfffffbc9 x18=0x00000000
       13305000	      1329	800010dc	76854013	xori	x0,x10,1896	 x10:0x00000052
       13315000	      1330	800010e0	02af7263	bgeu	x30,x10,80001104	 x30:0xd0c0addc x10:0x00000052
       13325000	      1331	00000000	00000013	addi	x0,x0,0	  x0:0x00000000
       13335000	      1332	80001100	00000013	addi	x0,x0,0	  x0:0x00000000
       13345000	      1333	80001104	04f27593	andi	x11,x4,79	  x4:0x00000000 x11=0x00000000
       13355000	      1334	80001108	97fd8897	auipc	x17,0x97fd8	 x17=0x17fd9104
       13365000	      1335	8000110c	011a43b3	xor	x7,x20,x17	 x20:0x00000000 x17:0x17fd9104  x7=0x17fd9104
       13375000	      1336	80001110	dab7be93	sltiu	x29,x15,-597	 x15:0x00000000 x29=0x00000001
       13385000	      1337	80001114	c8fbc413	xori	x8,x23,-881	 x23:0x00000000  x8=0xfffffc8f
       13395000	      1338	80001118	dff02293	slti	x5,x0,-513	  x0:0x00000000  x5=0x00000000
       13405000	      1339	8000111c	017326b3	slt	x13,x6,x23	  x6:0x80009f70 x23:0x00000000 x13=0x00000001
       13415000	      1340	80001120	00000013	addi	x0,x0,0	  x0:0x00000000
       13425000	      1341	80001124	00aecc63	blt	x29,x10,8000113c	 x29:0x00000001 x10:0x00000052
       13435000	      1342	00000000	00000013	addi	x0,x0,0	  x0:0x00000000
       13445000	      1343	80001138	00000013	addi	x0,x0,0	  x0:0x00000000
       13455000	      1344	8000113c	0462f663	bgeu	x5,x6,80001188	  x5:0x00000000  x6:0x80009f70
       13465000	      1345	80001140	0102d863	bge	x5,x16,80001150	  x5:0x00000000 x16:0x6fed3000
       13475000	      1346	80001144	00b24863	blt	x4,x11,80001154	  x4:0x00000000 x11:0x00000000
       13485000	      1347	80001148	01b9f033	and	x0,x19,x27	 x19:0xffffffef x27:0x00000000
       13495000	      1348	8000114c	0052a833	slt	x16,x5,x5	  x5:0x00000000  x5:0x00000000 x16=0x00000000
       13505000	      1349	80001150	417bd213	srai	x4,x23,0x17	 x23:0x00000000  x4=0x00000000
       13515000	      1350	80001154	fc8942b7	lui	x5,0xfc894	  x5=0xfc894000
       13525000	      1351	80001158	01e1f663	bgeu	x3,x30,80001164	  x3:0x00000000 x30:0xd0c0addc
       13535000	      1352	8000115c	00b5d4b3	srl	x9,x11,x11	 x11:0x00000000 x11:0x00000000  x9=0x00000000
       13545000	      1353	80001160	00951cb3	sll	x25,x10,x9	 x10:0x00000052  x9:0x00000000 x25=0x00000052
       13555000	      1354	80001164	05a3e263	bltu	x7,x26,800011a8	  x7:0x17fd9104 x26:0x00000000
       13565000	      1355	80001168	909dc913	xori	x18,x27,-1783	 x27:0x00000000 x18=0xfffff909
       13575000	      1356	8000116c	6ea16213	ori	x4,x2,1770	  x2:0xdbd0a574  x4=0xdbd0a7fe
       13585000	      1357	80001170	00c068b3	or	x17,x0,x12	  x0:0x00000000 x12:0x00000000 x17=0x00000000
       13595000	      1358	80001174	01ec5813	srli	x16,x24,0x1e	 x24:0x000005af x16=0x00000000
       13605000	      1359	80001178	04811263	bne	x2,x8,800011bc	  x2:0xdbd0a574  x8:0xfffffc8f
       13615000	      1360	00000000	00000013	addi	x0,x0,0	  x0:0x00000000
       13625000	      1361	800011b8	00000013	addi	x0,x0,0	  x0:0x00000000
       13635000	      1362	800011bc	be84bf93	sltiu	x31,x9,-1048	  x9:0x00000000 x31=0x00000001
       13645000	      1363	800011c0	a7287637	lui	x12,0xa7287	 x12=0xa7287000
       13655000	      1364	800011c4	054df063	bgeu	x27,x20,80001204	 x27:0x00000000 x20:0x00000000
       13665000	      1365	00000000	00000013	addi	x0,x0,0	  x0:0x00000000
       13675000	      1366	80001200	00000013	addi	x0,x0,0	  x0:0x00000000
       13685000	      1367	80001204	05fb6063	bltu	x22,x31,80001244	 x22:0x80009fc4 x31:0x00000001
       13695000	      1368	80001208	fc1b3013	sltiu	x0,x22,-63	 x22:0x80009fc4
       13705000	      1369	8000120c	40c50933	sub	x18,x10,x12	 x10:0x00000052 x12:0xa7287000 x18=0x58d79052
       13715000	      1370	80001210	0094d8b3	srl	x17,x9,x9	  x9:0x00000000  x9:0x00000000 x17=0x00000000
       13725000	      1371	80001214	c6e6c413	xori	x8,x13,-914	 x13:0x00000001  x8=0xfffffc6f
       13735000	      1372	80001218	4afe2f37	lui	x30,0x4afe2	 x30=0x4afe2000
       13745000	      1373	8000121c	01a45713	srli	x14,x8,0x1a	  x8:0xfffffc6f x14=0x0000003f
       13755000	      1374	80001220	01a68733	add	x14,x13,x26	 x13:0x00000001 x26:0x00000000 x14=0x00000001
       13765000	      1375	80001224	40ccdc33	sra	x24,x25,x12	 x25:0x00000052 x12:0xa7287000 x24=0x00000052
       13775000	      1376	80001228	c8a64d93	xori	x27,x12,-886	 x12:0xa7287000 x27=0x58d78c8a
       13785000	      1377	8000122c	01dab3b3	sltu	x7,x21,x29	 x21:0x00000001 x29:0x00000001  x7=0x00000000
       13795000	      1378	80001230	0f279f17	auipc	x30,0xf279	 x30=0x8f27a22c
       13805000	      1379	80001234	01669e13	slli	x28,x13,0x16	 x13:0x00000001 x28=0x00400000
       13815000	      1380	80001238	02397863	bgeu	x18,x3,80001268	 x18:0x58d79052  x3:0x00000000
       13825000	      1381	00000000	00000013	addi	x0,x0,0	  x0:0x00000000
       13835000	      1382	80001264	00000013	addi	x0,x0,0	  x0:0x00000000
       13845000	      1383	80001268	03b47c63	bgeu	x8,x27,800012a0	  x8:0xfffffc6f x27:0x58d78c8a
       13855000	      1384	00000000	00000013	addi	x0,x0,0	  x0:0x00000000
       13865000	      1385	8000129c	00000013	addi	x0,x0,0	  x0:0x00000000
       13875000	      1386	800012a0	403c5fb3	sra	x31,x24,x3	 x24:0x00000052  x3:0x00000000 x31=0x00000052
       13885000	      1387	800012a4	013516b3	sll	x13,x10,x19	 x10:0x00000052 x19:0xffffffef x13=0x00290000
       13895000	      1388	800012a8	01cd5293	srli	x5,x26,0x1c	 x26:0x00000000  x5=0x00000000
       13905000	      1389	800012ac	6de08497	auipc	x9,0x6de08	  x9=0xede092a8
       13915000	      1390	800012b0	01455fb3	srl	x31,x10,x20	 x10:0x00000052 x20:0x00000000 x31=0x00000052
       13925000	      1391	800012b4	7c534fb7	lui	x31,0x7c534	 x31=0x7c534000
       13935000	      1392	800012b8	0145e533	or	x10,x11,x20	 x11:0x00000000 x20:0x00000000 x10=0x00000000
       13945000	      1393	800012bc	293b2613	slti	x12,x22,659	 x22:0x80009fc4 x12=0x00000001
       13955000	      1394	800012c0	b27fc937	lui	x18,0xb27fc	 x18=0xb27fc000
       13965000	      1395	800012c4	0061c233	xor	x4,x3,x6	  x3:0x00000000  x6:0x80009f70  x4=0x80009f70
       13975000	      1396	800012c8	0040a833	slt	x16,x1,x4	  x1:0x3f880000  x4:0x80009f70 x16=0x00000000
       13985000	      1397	800012cc	00000013	addi	x0,x0,0	  x0:0x00000000
       13995000	      1398	800012d0	6fceae13	slti	x28,x29,1788	 x29:0x00000001 x28=0x00000001
       14005000	      1399	800012d4	01fd5493	srli	x9,x26,0x1f	 x26:0x00000000  x9=0x00000000
       14015000	      1400	800012d8	a47a5717	auipc	x14,0xa47a5	 x14=0x247a62d4
       14025000	      1401	800012dc	00be1f13	slli	x30,x28,0xb	 x28:0x00000001 x30=0x00000800
       14035000	      1402	800012e0	00fc3eb3	sltu	x29,x24,x15	 x24:0x00000052 x15:0x00000000 x29=0x00000000
       14045000	      1403	800012e4	417d02b3	sub	x5,x26,x23	 x26:0x00000000 x23:0x00000000  x5=0x00000000
       14055000	      1404	800012e8	41ee5c13	srai	x24,x28,0x1e	 x28:0x00000001 x24=0x00000000
       14065000	      1405	800012ec	fd6a4d13	xori	x26,x20,-42	 x20:0x00000000 x26=0xffffffd6
       14075000	      1406	800012f0	035f7263	bgeu	x30,x21,80001314	 x30:0x00000800 x21:0x00000001
       14085000	      1407	00000000	00000013	addi	x0,x0,0	  x0:0x00000000
       14095000	      1408	80001310	00000013	addi	x0,x0,0	  x0:0x00000000
       14105000	      1409	80001314	d61d2793	slti	x15,x26,-671	 x26:0xffffffd6 x15=0x00000000
       14115000	      1410	80001318	41ab8133	sub	x2,x23,x26	 x23:0x00000000 x26:0xffffffd6  x2=0x0000002a
       14125000	      1411	8000131c	00fd0433	add	x8,x26,x15	 x26:0xffffffd6 x15:0x00000000  x8=0xffffffd6
       14135000	      1412	80001320	40e7df13	srai	x30,x15,0xe	 x15:0x00000000 x30=0x00000000
       14145000	      1413	80001324	01929493	slli	x9,x5,0x19	  x5:0x00000000  x9=0x00000000
       14155000	      1414	80001328	40055bb3	sra	x23,x10,x0	 x10:0x00000000  x0:0x00000000 x23=0x00000000
       14165000	      1415	8000132c	6880e6b7	lui	x13,0x6880e	 x13=0x6880e000
       14175000	      1416	80001330	f317e213	ori	x4,x15,-207	 x15:0x00000000  x4=0xffffff31
       14185000	      1417	80001334	00432883	lw	x17,4(x6)	  x6:0x80009f70 x17=0x800005ec PA:0x80009f74
       14195000	      1418	80001338	0183df33	srl	x30,x7,x24	  x7:0x00000000 x24:0x00000000 x30=0x00000000
       14205000	      1419	8000133c	01430313	addi	x6,x6,20	  x6:0x80009f70  x6=0x80009f84
       14215000	      1420	80001340	b2ace813	ori	x16,x25,-1238	 x25:0x00000052 x16=0xfffffb7a
       14225000	      1421	80001344	01381013	slli	x0,x16,0x13	 x16:0xfffffb7a
       14235000	      1422	80001348	00088793	addi	x15,x17,0	 x17:0x800005ec x15=0x800005ec
       14245000	      1423	8000134c	000787e7	jalr	x15,x15,0	 x15:0x800005ec x15=0x8000134c
       14255000	      1424	00000000	00000013	addi	x0,x0,0	  x0:0x00000000
       14265000	      1425	800005ec	00000013	addi	x0,x0,0	  x0:0x00000000
       14275000	      1426	800005f0	00665f33	srl	x30,x12,x6	 x12:0x00000001  x6:0x80009f84 x30=0x00000000
       14285000	      1427	800005f4	044f4263	blt	x30,x4,80000638	 x30:0x00000000  x4:0xffffff31
       14295000	      1428	800005f8	04851663	bne	x10,x8,80000644	 x10:0x00000000  x8:0xffffffd6
       14305000	      1429	00000000	00000013	addi	x0,x0,0	  x0:0x00000000
       14315000	      1430	80000640	00000013	addi	x0,x0,0	  x0:0x00000000
       14325000	      1431	80000644	00779bb3	sll	x23,x15,x7	 x15:0x8000134c  x7:0x00000000 x23=0x8000134c
       14335000	      1432	80000648	001c3cb3	sltu	x25,x24,x1	 x24:0x00000000  x1:0x3f880000 x25=0x00000001
       14345000	      1433	8000064c	2eb8ff97	auipc	x31,0x2eb8f	 x31=0xaeb8f648
       14355000	      1434	80000650	14027e13	andi	x28,x4,320	  x4:0xffffff31 x28=0x00000100
       14365000	      1435	80000654	41bf52b3	sra	x5,x30,x27	 x30:0x00000000 x27:0x58d78c8a  x5=0x00000000
       14375000	      1436	80000658	343e6113	ori	x2,x28,835	 x28:0x00000100  x2=0x00000343
       14385000	      1437	8000065c	02bb9a63	bne	x23,x11,80000690	 x23:0x8000134c x11:0x00000000
       14395000	      1438	00000000	00000013	addi	x0,x0,0	  x0:0x00000000
       14405000	      1439	8000068c	00000013	addi	x0,x0,0	  x0:0x00000000
       14415000	      1440	80000690	00710f33	add	x30,x2,x7	  x2:0x00000343  x7:0x00000000 x30=0x00000343
       14425000	      1441	80000694	0197edb3	or	x27,x15,x25	 x15:0x8000134c x25:0x00000001 x27=0x8000134d
       14435000	      1442	80000698	00a420b3	slt	x1,x8,x10	  x8:0xffffffd6 x10:0x00000000  x1=0x00000001
       14445000	      1443	8000069c	40565593	srai	x11,x12,0x5	 x12:0x00000001 x11=0x00000000
       14455000	      1444	800006a0	007aa533	slt	x10,x21,x7	 x21:0x00000001  x7:0x00000000 x10=0x00000000
       14465000	      1445	800006a4	00ae2733	slt	x14,x28,x10	 x28:0x00000100 x10:0x00000000 x14=0x00000000
       14475000	      1446	800006a8	e2b96113	ori	x2,x18,-469	 x18:0xb27fc000  x2=0xfffffe2b
       14485000	      1447	800006ac	043e5663	bge	x28,x3,800006f8	 x28:0x00000100  x3:0x00000000
       14495000	      1448	00000000	00000013	addi	x0,x0,0	  x0:0x00000000
       14505000	      1449	800006f4	00000013	addi	x0,x0,0	  x0:0x00000000
       14515000	      1450	800006f8	000940b3	xor	x1,x18,x0	 x18:0xb27fc000  x0:0x00000000  x1=0xb27fc000
       14525000	      1451	800006fc	6d94c8b7	lui	x17,0x6d94c	 x17=0x6d94c000
       14535000	      1452	80000700	c58a0493	addi	x9,x20,-936	 x20:0x00000000  x9=0xfffffc58
       14545000	      1453	80000704	406e0533	sub	x10,x28,x6	 x28:0x00000100  x6:0x80009f84 x10=0x7fff617c
       14555000	      1454	80000708	41b5dab3	sra	x21,x11,x27	 x11:0x00000000 x27:0x8000134d x21=0x00000000
       14565000	      1455	8000070c	05ef9863	bne	x31,x30,8000075c	 x31:0xaeb8f648 x30:0x00000343
       14575000	      1456	00000000	00000013	addi	x0,x0,0	  x0:0x00000000
       14585000	      1457	80000758	00000013	addi	x0,x0,0	  x0:0x00000000
       14595000	      1458	8000075c	01ae1eb3	sll	x29,x28,x26	 x28:0x00000100 x26:0xffffffd6 x29=0x40000000
       14605000	      1459	80000760	014780b3	add	x1,x15,x20	 x15:0x8000134c x20:0x00000000  x1=0x8000134c
       14615000	      1460	80000764	03b7da63	bge	x15,x27,80000798	 x15:0x8000134c x27:0x8000134d
       14625000	      1461	80000768	aece8793	addi	x15,x29,-1300	 x29:0x40000000 x15=0x3ffffaec
       14635000	      1462	8000076c	005f0433	add	x8,x30,x5	 x30:0x00000343  x5:0x00000000  x8=0x00000343
       14645000	      1463	80000770	75614913	xori	x18,x2,1878	  x2:0xfffffe2b x18=0xfffff97d
       14655000	      1464	80000774	01f25db3	srl	x27,x4,x31	  x4:0xffffff31 x31:0xaeb8f648 x27=0x00ffffff
       14665000	      1465	80000778	01d09513	slli	x10,x1,0x1d	  x1:0x8000134c x10=0x80000000
       14675000	      1466	8000077c	01ddc6b3	xor	x13,x27,x29	 x27:0x00ffffff x29:0x40000000 x13=0x40ffffff
       14685000	      1467	80000780	009078b3	and	x17,x0,x9	  x0:0x00000000  x9:0xfffffc58 x17=0x00000000
       14695000	      1468	80000784	407bd693	srai	x13,x23,0x7	 x23:0x8000134c x13=0xff000026
       14705000	      1469	80000788	742e7813	andi	x16,x28,1858	 x28:0x00000100 x16=0x00000100
       14715000	      1470	8000078c	01eb5f93	srli	x31,x22,0x1e	 x22:0x80009fc4 x31=0x00000002
       14725000	      1471	80000790	01833fb3	sltu	x31,x6,x24	  x6:0x80009f84 x24:0x00000000 x31=0x00000000
       14735000	      1472	80000794	00000013	addi	x0,x0,0	  x0:0x00000000
       14745000	      1473	80000798	004530b3	sltu	x1,x10,x4	 x10:0x80000000  x4:0xffffff31  x1=0x00000001
       14755000	      1474	8000079c	4151dd93	srai	x27,x3,0x15	  x3:0x00000000 x27=0x00000000
       14765000	      1475	800007a0	02d38a63	beq	x7,x13,800007d4	  x7:0x00000000 x13:0xff000026
       14775000	      1476	800007a4	010e89b3	add	x19,x29,x16	 x29:0x40000000 x16:0x00000100 x19=0x40000100
       14785000	      1477	800007a8	0e2cb013	sltiu	x0,x25,226	 x25:0x00000001
       14795000	      1478	800007ac	041e9863	bne	x29,x1,800007fc	 x29:0x40000000  x1:0x00000001
       14805000	      1479	00000000	00000013	addi	x0,x0,0	  x0:0x00000000
       14815000	      1480	800007f8	00000013	addi	x0,x0,0	  x0:0x00000000
       14825000	      1481	800007fc	00a6ce33	xor	x28,x13,x10	 x13:0xff000026 x10:0x80000000 x28=0x7f000026
       14835000	      1482	80000800	e9e02913	slti	x18,x0,-354	  x0:0x00000000 x18=0x00000000
       14845000	      1483	80000804	41955293	srai	x5,x10,0x19	 x10:0x80000000  x5=0xffffffc0
       14855000	      1484	80000808	00f89813	slli	x16,x17,0xf	 x17:0x00000000 x16=0x00000000
       14865000	      1485	8000080c	025b0863	beq	x22,x5,8000083c	 x22:0x80009fc4  x5:0xffffffc0
       14875000	      1486	80000810	470ee493	ori	x9,x29,1136	 x29:0x40000000  x9=0x40000470
       14885000	      1487	80000814	01e53fb3	sltu	x31,x10,x30	 x10:0x80000000 x30:0x00000343 x31=0x00000000
       14895000	      1488	80000818	406f5733	sra	x14,x30,x6	 x30:0x00000343  x6:0x80009f84 x14=0x00000034
       14905000	      1489	8000081c	00000013	addi	x0,x0,0	  x0:0x00000000
       14915000	      1490	80000820	01351033	sll	x0,x10,x19	 x10:0x80000000 x19:0x40000100
       14925000	      1491	80000824	00279393	slli	x7,x15,0x2	 x15:0x3ffffaec  x7=0xffffebb0
       14935000	      1492	80000828	00615d13	srli	x26,x2,0x6	  x2:0xfffffe2b x26=0x03fffff8
       14945000	      1493	8000082c	003d7233	and	x4,x26,x3	 x26:0x03fffff8  x3:0x00000000  x4=0x00000000
       14955000	      1494	80000830	3ce19097	auipc	x1,0x3ce19	  x1=0xbce1982c
       14965000	      1495	80000834	7128ed13	ori	x26,x17,1810	 x17:0x00000000 x26=0x00000712
       14975000	      1496	80000838	40d10f33	sub	x30,x2,x13	  x2:0xfffffe2b x13:0xff000026 x30=0x00fffe05
       14985000	      1497	8000083c	01e1a5b3	slt	x11,x3,x30	  x3:0x00000000 x30:0x00fffe05 x11=0x00000001
       14995000	      1498	80000840	be510613	addi	x12,x2,-1051	  x2:0xfffffe2b x12=0xfffffa10
       15005000	      1499	80000844	80bb8813	addi	x16,x23,-2037	 x23:0x8000134c x16=0x80000b57
       15015000	      1500	80000848	59b98513	addi	x10,x19,1435	 x19:0x40000100 x10=0x4000069b
       15025000	      1501	8000084c	004669b3	or	x19,x12,x4	 x12:0xfffffa10  x4:0x00000000 x19=0xfffffa10
       15035000	      1502	80000850	8ecf7613	andi	x12,x30,-1812	 x30:0x00fffe05 x12=0x00fff804
       15045000	      1503	80000854	5d6c7093	andi	x1,x24,1494	 x24:0x00000000  x1=0x00000000
       15055000	      1504	80000858	00000013	addi	x0,x0,0	  x0:0x00000000
       15065000	      1505	8000085c	f0146c13	ori	x24,x8,-255	  x8:0x00000343 x24=0xffffff43
       15075000	      1506	80000860	00f16c33	or	x24,x2,x15	  x2:0xfffffe2b x15:0x3ffffaec x24=0xfffffeef
       15085000	      1507	80000864	011dc5b3	xor	x11,x27,x17	 x27:0x00000000 x17:0x00000000 x11=0x00000000
       15095000	      1508	80000868	7a186113	ori	x2,x16,1953	 x16:0x80000b57  x2=0x80000ff7
       15105000	      1509	8000086c	00ef7733	and	x14,x30,x14	 x30:0x00fffe05 x14:0x00000034 x14=0x00000004
       15115000	      1510	80000870	00de9863	bne	x29,x13,80000880	 x29:0x40000000 x13:0xff000026
       15125000	      1511	00000000	00000013	addi	x0,x0,0	  x0:0x00000000
       15135000	      1512	8000087c	00000013	addi	x0,x0,0	  x0:0x00000000
       15145000	      1513	80000880	03d80263	beq	x16,x29,800008a4	 x16:0x80000b57 x29:0x40000000
       15155000	      1514	80000884	40aa8fb3	sub	x31,x21,x10	 x21:0x00000000 x10:0x4000069b x31=0xbffff965
       15165000	      1515	80000888	00e230b3	sltu	x1,x4,x14	  x4:0x00000000 x14:0x00000004  x1=0x00000001
       15175000	      1516	8000088c	0060e1b3	or	x3,x1,x6	  x1:0x00000001  x6:0x80009f84  x3=0x80009f85
       15185000	      1517	80000890	401a5393	srai	x7,x20,0x1	 x20:0x00000000  x7=0x00000000
       15195000	      1518	80000894	0153d033	srl	x0,x7,x21	  x7:0x00000000 x21:0x00000000
       15205000	      1519	80000898	40900613	addi	x12,x0,1033	  x0:0x00000000 x12=0x00000409
       15215000	      1520	8000089c	00d45463	bge	x8,x13,800008a4	  x8:0x00000343 x13:0xff000026
       15225000	      1521	00000000	00000013	addi	x0,x0,0	  x0:0x00000000
       15235000	      1522	800008a0	00000013	addi	x0,x0,0	  x0:0x00000000
       15245000	      1523	800008a4	00a16fb3	or	x31,x2,x10	  x2:0x80000ff7 x10:0x4000069b x31=0xc0000fff
       15255000	      1524	800008a8	00000a17	auipc	x20,0x0	 x20=0x800008a4
       15265000	      1525	800008ac	00ca0a13	addi	x20,x20,12	 x20:0x800008a4 x20=0x800008b0
       15275000	      1526	800008b0	000a0067	jalr	x0,x20,0	 x20:0x800008b0
       15285000	      1527	00000000	00000013	addi	x0,x0,0	  x0:0x00000000
       15295000	      1528	800008b0	00000013	addi	x0,x0,0	  x0:0x00000000
       15305000	      1529	800008b4	00100193	addi	x3,x0,1	  x0:0x00000000  x3=0x00000001
       15315000	      1530	800008b8	00000073	ecall	
       15325000	      1531	800008bc	17e42c13	slti	x24,x8,382	  x8:0x00000343 x24=0x00000000
