		Time			Cycle	PC		Insn	Decoded instruction	Register and memory contents
          65000	         5	80000004	00000293	addi	x5,x0,0	  x0:0x00000000  x5=0x00000000
          75000	         6	80000008	00000313	addi	x6,x0,0	  x0:0x00000000  x6=0x00000000
          85000	         7	8000000c	00628263	beq	x5,x6,80000010	  x5:0x00000000  x6:0x00000000
          95000	         8	00000000	00000013	addi	x0,x0,0	  x0:0x00000000
         105000	         9	8000000c	00000013	addi	x0,x0,0	  x0:0x00000000
         115000	        10	80000010	00000597	auipc	x11,0x0	 x11=0x8000000c
         125000	        11	80000014	00c58593	addi	x11,x11,12	 x11:0x8000000c x11=0x80000018
         135000	        12	80000018	00058067	jalr	x0,x11,0	 x11:0x80000018
         145000	        13	00000000	00000013	addi	x0,x0,0	  x0:0x00000000
         155000	        14	80000018	00000013	addi	x0,x0,0	  x0:0x00000000
         165000	        15	8000001c	400003b7	lui	x7,0x40000	  x7=0x40000000
         175000	        16	80000020	10038393	addi	x7,x7,256	  x7:0x40000000  x7=0x40000100
         185000	        17	80000024	00000013	addi	x0,x0,0	  x0:0x00000000
         195000	        18	80000028	0000a297	auipc	x5,0xa	  x5=0x8000a024
         205000	        19	8000002c	fa028293	addi	x5,x5,-96	  x5:0x8000a024  x5=0x80009fc4
         215000	        20	80000030	00002397	auipc	x7,0x2	  x7=0x8000202c
         225000	        21	80000034	64438393	addi	x7,x7,1604	  x7:0x8000202c  x7=0x80002670
         235000	        22	80000038	0013e393	ori	x7,x7,1	  x7:0x80002670  x7=0x80002671
         245000	        23	8000003c	00000013	addi	x0,x0,0	  x0:0x00000000
         255000	        24	80000040	00000397	auipc	x7,0x0	  x7=0x8000003c
         265000	        25	80000044	02038393	addi	x7,x7,32	  x7:0x8000003c  x7=0x8000005c
         275000	        26	80000048	00000013	addi	x0,x0,0	  x0:0x00000000
         285000	        27	8000004c	00000013	addi	x0,x0,0	  x0:0x00000000
         295000	        28	80000050	000023b7	lui	x7,0x2	  x7=0x00002000
         305000	        29	80000054	80038393	addi	x7,x7,-2048	  x7:0x00002000  x7=0x00001800
         315000	        30	80000058	00000013	addi	x0,x0,0	  x0:0x00000000
         325000	        31	8000005c	00000013	addi	x0,x0,0	  x0:0x00000000
         335000	        32	80000060	00600013	addi	x0,x0,6	  x0:0x00000000
         345000	        33	80000064	1b1310b7	lui	x1,0x1b131	  x1=0x1b131000
         355000	        34	80000068	34a08093	addi	x1,x1,842	  x1:0x1b131000  x1=0x1b13134a
         365000	        35	8000006c	265fd137	lui	x2,0x265fd	  x2=0x265fd000
         375000	        36	80000070	bf910113	addi	x2,x2,-1031	  x2:0x265fd000  x2=0x265fcbf9
         385000	        37	80000074	800001b7	lui	x3,0x80000	  x3=0x80000000
         395000	        38	80000078	00c00213	addi	x4,x0,12	  x0:0x00000000  x4=0x0000000c
         405000	        39	8000007c	26952337	lui	x6,0x26952	  x6=0x26952000
         415000	        40	80000080	80c30313	addi	x6,x6,-2036	  x6:0x26952000  x6=0x2695180c
         425000	        41	80000084	0cc2f3b7	lui	x7,0xcc2f	  x7=0x0cc2f000
         435000	        42	80000088	7e138393	addi	x7,x7,2017	  x7:0x0cc2f000  x7=0x0cc2f7e1
         445000	        43	8000008c	ff3c7437	lui	x8,0xff3c7	  x8=0xff3c7000
         455000	        44	80000090	a6340413	addi	x8,x8,-1437	  x8:0xff3c7000  x8=0xff3c6a63
         465000	        45	80000094	c8a164b7	lui	x9,0xc8a16	  x9=0xc8a16000
         475000	        46	80000098	91248493	addi	x9,x9,-1774	  x9:0xc8a16000  x9=0xc8a15912
         485000	        47	8000009c	77dba537	lui	x10,0x77dba	 x10=0x77dba000
         495000	        48	800000a0	15c50513	addi	x10,x10,348	 x10:0x77dba000 x10=0x77dba15c
         505000	        49	800000a4	800005b7	lui	x11,0x80000	 x11=0x80000000
         515000	        50	800000a8	00000613	addi	x12,x0,0	  x0:0x00000000 x12=0x00000000
         525000	        51	800000ac	4bfe26b7	lui	x13,0x4bfe2	 x13=0x4bfe2000
         535000	        52	800000b0	aeb68693	addi	x13,x13,-1301	 x13:0x4bfe2000 x13=0x4bfe1aeb
         545000	        53	800000b4	f4b31737	lui	x14,0xf4b31	 x14=0xf4b31000
         555000	        54	800000b8	5bb70713	addi	x14,x14,1467	 x14:0xf4b31000 x14=0xf4b315bb
         565000	        55	800000bc	f64687b7	lui	x15,0xf6468	 x15=0xf6468000
         575000	        56	800000c0	7f078793	addi	x15,x15,2032	 x15:0xf6468000 x15=0xf64687f0
         585000	        57	800000c4	00e00813	addi	x16,x0,14	  x0:0x00000000 x16=0x0000000e
         595000	        58	800000c8	fcacc8b7	lui	x17,0xfcacc	 x17=0xfcacc000
         605000	        59	800000cc	af888893	addi	x17,x17,-1288	 x17:0xfcacc000 x17=0xfcacbaf8
         615000	        60	800000d0	016f2937	lui	x18,0x16f2	 x18=0x016f2000
         625000	        61	800000d4	63e90913	addi	x18,x18,1598	 x18:0x016f2000 x18=0x016f263e
         635000	        62	800000d8	00000993	addi	x19,x0,0	  x0:0x00000000 x19=0x00000000
         645000	        63	800000dc	00f00a13	addi	x20,x0,15	  x0:0x00000000 x20=0x0000000f
         655000	        64	800000e0	cf4d0ab7	lui	x21,0xcf4d0	 x21=0xcf4d0000
         665000	        65	800000e4	0eda8a93	addi	x21,x21,237	 x21:0xcf4d0000 x21=0xcf4d00ed
         675000	        66	800000e8	00600b13	addi	x22,x0,6	  x0:0x00000000 x22=0x00000006
         685000	        67	800000ec	80000bb7	lui	x23,0x80000	 x23=0x80000000
         695000	        68	800000f0	5721cc37	lui	x24,0x5721c	 x24=0x5721c000
         705000	        69	800000f4	43dc0c13	addi	x24,x24,1085	 x24:0x5721c000 x24=0x5721c43d
         715000	        70	800000f8	79d9acb7	lui	x25,0x79d9a	 x25=0x79d9a000
         725000	        71	800000fc	a32c8c93	addi	x25,x25,-1486	 x25:0x79d9a000 x25=0x79d99a32
         735000	        72	80000100	00000d13	addi	x26,x0,0	  x0:0x00000000 x26=0x00000000
         745000	        73	80000104	80000db7	lui	x27,0x80000	 x27=0x80000000
         755000	        74	80000108	671a2e37	lui	x28,0x671a2	 x28=0x671a2000
         765000	        75	8000010c	14fe0e13	addi	x28,x28,335	 x28:0x671a2000 x28=0x671a214f
         775000	        76	80000110	00900e93	addi	x29,x0,9	  x0:0x00000000 x29=0x00000009
         785000	        77	80000114	00600f93	addi	x31,x0,6	  x0:0x00000000 x31=0x00000006
         795000	        78	80000118	0000af17	auipc	x30,0xa	 x30=0x8000a114
         805000	        79	8000011c	e70f0f13	addi	x30,x30,-400	 x30:0x8000a114 x30=0x80009f84
         815000	        80	80000120	00573e33	sltu	x28,x14,x5	 x14:0xf4b315bb  x5:0x80009fc4 x28=0x00000000
         825000	        81	80000124	00000717	auipc	x14,0x0	 x14=0x80000120
         835000	        82	80000128	45870713	addi	x14,x14,1112	 x14:0x80000120 x14=0x80000578
         845000	        83	8000012c	00000013	addi	x0,x0,0	  x0:0x00000000
         855000	        84	80000130	83594493	xori	x9,x18,-1995	 x18:0x016f263e  x9=0xfe90de0b
         865000	        85	80000134	8bdee013	ori	x0,x29,-1859	 x29:0x00000009
         875000	        86	80000138	00a9a033	slt	x0,x19,x10	 x19:0x00000000 x10:0x77dba15c
         885000	        87	8000013c	011a8833	add	x16,x21,x17	 x21:0xcf4d00ed x17:0xfcacbaf8 x16=0xcbf9bbe5
         895000	        88	80000140	fed70713	addi	x14,x14,-19	 x14:0x80000578 x14=0x80000565
         905000	        89	80000144	0152c663	blt	x5,x21,80000150	  x5:0x80009fc4 x21:0xcf4d00ed
         915000	        90	00000000	00000013	addi	x0,x0,0	  x0:0x00000000
         925000	        91	8000014c	00000013	addi	x0,x0,0	  x0:0x00000000
         935000	        92	80000150	01470867	jalr	x16,x14,20	 x14:0x80000565 x16=0x80000150
         945000	        93	00000000	00000013	addi	x0,x0,0	  x0:0x00000000
         955000	        94	80000578	00000013	addi	x0,x0,0	  x0:0x00000000
         965000	        95	8000057c	00cf4e33	xor	x28,x30,x12	 x30:0x80009f84 x12:0x00000000 x28=0x80009f84
         975000	        96	80000580	01a08cb3	add	x25,x1,x26	  x1:0x1b13134a x26:0x00000000 x25=0x1b13134a
         985000	        97	80000584	bd3ffa13	andi	x20,x31,-1069	 x31:0x00000006 x20=0x00000002
         995000	        98	80000588	fe8f0f13	addi	x30,x30,-24	 x30:0x80009f84 x30=0x80009f6c
        1005000	        99	8000058c	6572e793	ori	x15,x5,1623	  x5:0x80009fc4 x15=0x80009fd7
        1015000	       100	80000590	010f2223	sw	x16,4(x30)	 x30:0x80009f6c x16:0x80000150 PA:0x80009f70
        1025000	       101	80000594	00000013	addi	x0,x0,0	  x0:0x00000000
        1035000	       102	80000598	41515793	srai	x15,x2,0x15	  x2:0x265fcbf9 x15=0x00000132
        1045000	       103	8000059c	01440233	add	x4,x8,x20	  x8:0xff3c6a63 x20:0x00000002  x4=0xff3c6a65
        1055000	       104	800005a0	6fea2b13	slti	x22,x20,1790	 x20:0x00000002 x22=0x00000001
        1065000	       105	800005a4	00008d17	auipc	x26,0x8	 x26=0x800085a0
        1075000	       106	800005a8	c77d0d13	addi	x26,x26,-905	 x26:0x800085a0 x26=0x80008217
        1085000	       107	800005ac	28920e93	addi	x29,x4,649	  x4:0xff3c6a65 x29=0xff3c6cee
        1095000	       108	800005b0	521a3813	sltiu	x16,x20,1313	 x20:0x00000002 x16=0x00000001
        1105000	       109	800005b4	01091a93	slli	x21,x18,0x10	 x18:0x016f263e x21=0x263e0000
        1115000	       110	800005b8	028d0223	sb	x8,36(x26)	 x26:0x80008217  x8:0xff3c6a63 PA:0x8000823b
        1125000	       111	800005bc	713b7637	lui	x12,0x713b7	 x12=0x713b7000
        1135000	       112	800005c0	fe3d5203	lhu	x4,-29(x26)	 x26:0x80008217  x4=0x0000b0b1 PA:0x800081fa
        1145000	       113	800005c4	00fd4903	lbu	x18,15(x26)	 x26:0x80008217 x18=0x000000dd PA:0x80008226
        1155000	       114	800005c8	fe7d13a3	sh	x7,-25(x26)	 x26:0x80008217  x7:0x0cc2f7e1 PA:0x800081fe
        1165000	       115	800005cc	013d4e83	lbu	x29,19(x26)	 x26:0x80008217 x29=0x000000e1 PA:0x8000822a
        1175000	       116	800005d0	fe8d0383	lb	x7,-24(x26)	 x26:0x80008217  x7=0xfffffff7 PA:0x800081ff
        1185000	       117	800005d4	fdcd4703	lbu	x14,-36(x26)	 x26:0x80008217 x14=0x000000a8 PA:0x800081f3
        1195000	       118	800005d8	fe6d0423	sb	x6,-24(x26)	 x26:0x80008217  x6:0x2695180c PA:0x800081ff
        1205000	       119	800005dc	dd4c5437	lui	x8,0xdd4c5	  x8=0xdd4c5000
        1215000	       120	800005e0	fe9d1d83	lh	x27,-23(x26)	 x26:0x80008217 x27=0xffffbabb PA:0x80008200
        1225000	       121	800005e4	fe4d0803	lb	x16,-28(x26)	 x26:0x80008217 x16=0xffffffb0 PA:0x800081fb
        1235000	       122	800005e8	ffbd4983	lbu	x19,-5(x26)	 x26:0x80008217 x19=0x000000c9 PA:0x80008212
        1245000	       123	800005ec	3a87b713	sltiu	x14,x15,936	 x15:0x00000132 x14=0x00000001
        1255000	       124	800005f0	fdcd0c03	lb	x24,-36(x26)	 x26:0x80008217 x24=0xffffffa8 PA:0x800081f3
        1265000	       125	800005f4	b5a9ce13	xori	x28,x19,-1190	 x19:0x000000c9 x28=0xfffffb93
        1275000	       126	800005f8	6498c893	xori	x17,x17,1609	 x17:0xfcacbaf8 x17=0xfcacbcb1
        1285000	       127	800005fc	fcad0683	lb	x13,-54(x26)	 x26:0x80008217 x13=0xffffff9a PA:0x800081e1
        1295000	       128	80000600	02ad2ca3	sw	x10,57(x26)	 x26:0x80008217 x10:0x77dba15c PA:0x80008250
        1305000	       129	80000604	03dd19a3	sh	x29,51(x26)	 x26:0x80008217 x29:0x000000e1 PA:0x8000824a
        1315000	       130	80000608	033d1ca3	sh	x19,57(x26)	 x26:0x80008217 x19:0x000000c9 PA:0x80008250
        1325000	       131	8000060c	fc5d1503	lh	x10,-59(x26)	 x26:0x80008217 x10=0xffff9697 PA:0x800081dc
        1335000	       132	80000610	f911f713	andi	x14,x3,-111	  x3:0x80000000 x14=0x80000000
        1345000	       133	80000614	00000013	addi	x0,x0,0	  x0:0x00000000
        1355000	       134	80000618	03ad4683	lbu	x13,58(x26)	 x26:0x80008217 x13=0x00000000 PA:0x80008251
        1365000	       135	8000061c	fcfd0703	lb	x14,-49(x26)	 x26:0x80008217 x14=0xffffff9d PA:0x800081e6
        1375000	       136	80000620	00cd26a3	sw	x12,13(x26)	 x26:0x80008217 x12:0x713b7000 PA:0x80008224
        1385000	       137	80000624	01996fb3	or	x31,x18,x25	 x18:0x000000dd x25:0x1b13134a x31=0x1b1313df
        1395000	       138	80000628	00000013	addi	x0,x0,0	  x0:0x00000000
        1405000	       139	8000062c	008bf833	and	x16,x23,x8	 x23:0x80000000  x8:0xdd4c5000 x16=0x80000000
        1415000	       140	80000630	cbdd5997	auipc	x19,0xcbdd5	 x19=0x4bdd562c
        1425000	       141	80000634	009e5193	srli	x3,x28,0x9	 x28:0xfffffb93  x3=0x007ffffd
        1435000	       142	80000638	000d0fa3	sb	x0,31(x26)	 x26:0x80008217  x0:0x00000000 PA:0x80008236
        1445000	       143	8000063c	40ff0933	sub	x18,x30,x15	 x30:0x80009f6c x15:0x00000132 x18=0x80009e3a
        1455000	       144	80000640	018017b3	sll	x15,x0,x24	  x0:0x00000000 x24:0xffffffa8 x15=0x00000000
        1465000	       145	80000644	6773b013	sltiu	x0,x7,1655	  x7:0xfffffff7
        1475000	       146	80000648	14fdec13	ori	x24,x27,335	 x27:0xffffbabb x24=0xffffbbff
        1485000	       147	8000064c	fdcd4083	lbu	x1,-36(x26)	 x26:0x80008217  x1=0x000000a8 PA:0x800081f3
        1495000	       148	00000000	00000013	addi	x0,x0,0	  x0:0x00000000
        1505000	       149	80000650	00008b17	auipc	x22,0x8	 x22=0x8000864c
        1515000	       150	80000654	034b0b13	addi	x22,x22,52	 x22:0x8000864c x22=0x80008680
        1525000	       151	80000658	ff7b0f83	lb	x31,-9(x22)	 x22:0x80008680 x31=0x0000002c PA:0x80008677
        1535000	       152	8000065c	ff6b1c23	sh	x22,-8(x22)	 x22:0x80008680 x22:0x80008680 PA:0x80008678
        1545000	       153	80000660	00c704b3	add	x9,x14,x12	 x14:0xffffff9d x12:0x713b7000  x9=0x713b6f9d
        1555000	       154	80000664	ff6b0303	lb	x6,-10(x22)	 x22:0x80008680  x6=0x0000002d PA:0x80008676
        1565000	       155	80000668	01bb02a3	sb	x27,5(x22)	 x22:0x80008680 x27:0xffffbabb PA:0x80008685
        1575000	       156	8000066c	001b0383	lb	x7,1(x22)	 x22:0x80008680  x7=0x0000003a PA:0x80008681
        1585000	       157	80000670	00cb2003	lw	x0,12(x22)	 x22:0x80008680 PA:0x8000868c
        1595000	       158	80000674	00b59fb3	sll	x31,x11,x11	 x11:0x80000000 x11:0x80000000 x31=0x80000000
        1605000	       159	80000678	d47a7a13	andi	x20,x20,-697	 x20:0x00000002 x20=0x00000002
        1615000	       160	8000067c	403954b3	sra	x9,x18,x3	 x18:0x80009e3a  x3:0x007ffffd  x9=0xfffffffc
        1625000	       161	80000680	018c3ab3	sltu	x21,x24,x24	 x24:0xffffbbff x24:0xffffbbff x21=0x00000000
        1635000	       162	80000684	0053c233	xor	x4,x7,x5	  x7:0x0000003a  x5:0x80009fc4  x4=0x80009ffe
        1645000	       163	80000688	2913c213	xori	x4,x7,657	  x7:0x0000003a  x4=0x000002ab
        1655000	       164	8000068c	01b0d613	srli	x12,x1,0x1b	  x1:0x000000a8 x12=0x00000000
        1665000	       165	80000690	3d3a0cb7	lui	x25,0x3d3a0	 x25=0x3d3a0000
        1675000	       166	80000694	002b4883	lbu	x17,2(x22)	 x22:0x80008680 x17=0x00000039 PA:0x80008682
        1685000	       167	80000698	01bb04a3	sb	x27,9(x22)	 x22:0x80008680 x27:0xffffbabb PA:0x80008689
        1695000	       168	8000069c	0042dc13	srli	x24,x5,0x4	  x5:0x80009fc4 x24=0x080009fc
        1705000	       169	800006a0	00ab5983	lhu	x19,10(x22)	 x22:0x80008680 x19=0x00004041 PA:0x8000868a
        1715000	       170	800006a4	003b0503	lb	x10,3(x22)	 x22:0x80008680 x10=0x00000038 PA:0x80008683
        1725000	       171	800006a8	4125d793	srai	x15,x11,0x12	 x11:0x80000000 x15=0xffffe000
        1735000	       172	800006ac	01ab0523	sb	x26,10(x22)	 x22:0x80008680 x26:0x80008217 PA:0x8000868a
        1745000	       173	800006b0	00261093	slli	x1,x12,0x2	 x12:0x00000000  x1=0x00000000
        1755000	       174	800006b4	d7a7a693	slti	x13,x15,-646	 x15:0xffffe000 x13=0x00000001
        1765000	       175	800006b8	008b2883	lw	x17,8(x22)	 x22:0x80008680 x17=0x4017bb43 PA:0x80008688
        1775000	       176	800006bc	ff0b2103	lw	x2,-16(x22)	 x22:0x80008680  x2=0x28292a2b PA:0x80008670
        1785000	       177	800006c0	00de9233	sll	x4,x29,x13	 x29:0x000000e1 x13:0x00000001  x4=0x000001c2
        1795000	       178	800006c4	00bf6db3	or	x27,x30,x11	 x30:0x80009f6c x11:0x80000000 x27=0x80009f6c
        1805000	       179	800006c8	0004e533	or	x10,x9,x0	  x9:0xfffffffc  x0:0x00000000 x10=0xfffffffc
        1815000	       180	800006cc	002b0903	lb	x18,2(x22)	 x22:0x80008680 x18=0x00000039 PA:0x80008682
        1825000	       181	800006d0	00000013	addi	x0,x0,0	  x0:0x00000000
        1835000	       182	800006d4	01fb2023	sw	x31,0(x22)	 x22:0x80008680 x31:0x80000000 PA:0x80008680
        1845000	       183	800006d8	00008097	auipc	x1,0x8	  x1=0x800086d4
        1855000	       184	800006dc	66608093	addi	x1,x1,1638	  x1:0x800086d4  x1=0x80008d3a
        1865000	       185	800006e0	e7108703	lb	x14,-399(x1)	  x1:0x80008d3a x14=0xffffff90 PA:0x80008bab
        1875000	       186	00000000	00000013	addi	x0,x0,0	  x0:0x00000000
        1885000	       187	800006e4	416757b3	sra	x15,x14,x22	 x14:0xffffff90 x22:0x80008680 x15=0xffffff90
        1895000	       188	800006e8	c870c103	lbu	x2,-889(x1)	  x1:0x80008d3a  x2=0x000000aa PA:0x800089c1
        1905000	       189	800006ec	c98083a3	sb	x24,-889(x1)	  x1:0x80008d3a x24:0x080009fc PA:0x800089c1
        1915000	       190	800006f0	c870c883	lbu	x17,-889(x1)	  x1:0x80008d3a x17=0x000000fc PA:0x800089c1
        1925000	       191	800006f4	00000013	addi	x0,x0,0	  x0:0x00000000
        1935000	       192	800006f8	c8708403	lb	x8,-889(x1)	  x1:0x80008d3a  x8=0xfffffffc PA:0x800089c1
        1945000	       193	800006fc	c99083a3	sb	x25,-889(x1)	  x1:0x80008d3a x25:0x3d3a0000 PA:0x800089c1
        1955000	       194	80000700	c83083a3	sb	x3,-889(x1)	  x1:0x80008d3a  x3:0x007ffffd PA:0x800089c1
        1965000	       195	80000704	40d354b3	sra	x9,x6,x13	  x6:0x0000002d x13:0x00000001  x9=0x00000016
        1975000	       196	80000708	f9b0c903	lbu	x18,-101(x1)	  x1:0x80008d3a x18=0x000000be PA:0x80008cd5
        1985000	       197	8000070c	c76088a3	sb	x22,-911(x1)	  x1:0x80008d3a x22:0x80008680 PA:0x800089ab
        1995000	       198	80000710	c710ce03	lbu	x28,-911(x1)	  x1:0x80008d3a x28=0x00000080 PA:0x800089ab
        2005000	       199	80000714	c7b088a3	sb	x27,-911(x1)	  x1:0x80008d3a x27:0x80009f6c PA:0x800089ab
        2015000	       200	80000718	00008317	auipc	x6,0x8	  x6=0x80008714
        2025000	       201	8000071c	b2430313	addi	x6,x6,-1244	  x6:0x80008714  x6=0x80008238
        2035000	       202	80000720	ffe30903	lb	x18,-2(x6)	  x6:0x80008238 x18=0x00000000 PA:0x80008236
        2045000	       203	80000724	00008a17	auipc	x20,0x8	 x20=0x80008720
        2055000	       204	80000728	dcaa0a13	addi	x20,x20,-566	 x20:0x80008720 x20=0x800084ea
        2065000	       205	8000072c	00635883	lhu	x17,6(x6)	  x6:0x80008238 x17=0x0000f4f5 PA:0x8000823e
        2075000	       206	80000730	00008497	auipc	x9,0x8	  x9=0x8000872c
        2085000	       207	80000734	f9f48493	addi	x9,x9,-97	  x9:0x8000872c  x9=0x800086cb
        2095000	       208	80000738	ff430aa3	sb	x20,-11(x6)	  x6:0x80008238 x20:0x800084ea PA:0x8000822d
        2105000	       209	8000073c	ffc48083	lb	x1,-4(x9)	  x9:0x800086cb  x1=0x0000007c PA:0x800086c7
        2115000	       210	80000740	fed4aca3	sw	x13,-7(x9)	  x9:0x800086cb x13:0x00000001 PA:0x800086c4
        2125000	       211	80000744	ff44c503	lbu	x10,-12(x9)	  x9:0x800086cb x10=0x00000074 PA:0x800086bf
        2135000	       212	80000748	0a1a4403	lbu	x8,161(x20)	 x20:0x800084ea  x8=0x00000040 PA:0x8000858b
        2145000	       213	8000074c	fff4c503	lbu	x10,-1(x9)	  x9:0x800086cb x10=0x00000081 PA:0x800086ca
        2155000	       214	80000750	0f8a5683	lhu	x13,248(x20)	 x20:0x800084ea x13=0x00009899 PA:0x800085e2
        2165000	       215	80000754	fd4a0083	lb	x1,-44(x20)	 x20:0x800084ea  x1=0x00000075 PA:0x800084be
        2175000	       216	80000758	078a1383	lh	x7,120(x20)	 x20:0x800084ea  x7=0x00001819 PA:0x80008562
        2185000	       217	8000075c	ff030203	lb	x4,-16(x6)	  x6:0x80008238  x4=0xffffffe3 PA:0x80008228
        2195000	       218	80000760	00230b03	lb	x22,2(x6)	  x6:0x80008238 x22=0xfffffff1 PA:0x8000823a
        2205000	       219	80000764	0004cc83	lbu	x25,0(x9)	  x9:0x800086cb x25=0x00000080 PA:0x800086cb
        2215000	       220	80000768	0d4a0c83	lb	x25,212(x20)	 x20:0x800084ea x25=0x00000075 PA:0x800085be
        2225000	       221	8000076c	ffe30d03	lb	x26,-2(x6)	  x6:0x80008238 x26=0x00000000 PA:0x80008236
        2235000	       222	80000770	ffe48e23	sb	x30,-4(x9)	  x9:0x800086cb x30:0x80009f6c PA:0x800086c7
        2245000	       223	80000774	00d4c703	lbu	x14,13(x9)	  x9:0x800086cb x14=0x00000093 PA:0x800086d8
        2255000	       224	80000778	f43a0ba3	sb	x3,-169(x20)	 x20:0x800084ea  x3:0x007ffffd PA:0x80008441
        2265000	       225	8000077c	ff630c03	lb	x24,-10(x6)	  x6:0x80008238 x24=0xffffffe5 PA:0x8000822e
        2275000	       226	80000780	ff234883	lbu	x17,-14(x6)	  x6:0x80008238 x17=0x000000e1 PA:0x8000822a
        2285000	       227	80000784	00c30683	lb	x13,12(x6)	  x6:0x80008238 x13=0xffffffff PA:0x80008244
        2295000	       228	80000788	ff848383	lb	x7,-8(x9)	  x9:0x800086cb  x7=0x00000078 PA:0x800086c3
        2305000	       229	8000078c	ff934983	lbu	x19,-7(x6)	  x6:0x80008238 x19=0x000000ea PA:0x80008231
        2315000	       230	80000790	0084c883	lbu	x17,8(x9)	  x9:0x800086cb x17=0x00000088 PA:0x800086d3
        2325000	       231	80000794	00008a97	auipc	x21,0x8	 x21=0x80008790
        2335000	       232	80000798	5e7a8a93	addi	x21,x21,1511	 x21:0x80008790 x21=0x80008d77
        2345000	       233	8000079c	00008e97	auipc	x29,0x8	 x29=0x80008798
        2355000	       234	800007a0	494e8e93	addi	x29,x29,1172	 x29:0x80008798 x29=0x80008c2c
        2365000	       235	800007a4	00008f97	auipc	x31,0x8	 x31=0x800087a0
        2375000	       236	800007a8	428f8f93	addi	x31,x31,1064	 x31:0x800087a0 x31=0x80008bc8
        2385000	       237	800007ac	dfefd883	lhu	x17,-514(x31)	 x31:0x80008bc8 x17=0x0000acad PA:0x800089c6
        2395000	       238	800007b0	00be8823	sb	x11,16(x29)	 x29:0x80008c2c x11:0x80000000 PA:0x80008c3c
        2405000	       239	800007b4	08af85a3	sb	x10,139(x31)	 x31:0x80008bc8 x10:0x00000081 PA:0x80008c53
        2415000	       240	800007b8	cbcac383	lbu	x7,-836(x21)	 x21:0x80008d77  x7=0x00000018 PA:0x80008a33
        2425000	       241	800007bc	ff4ea983	lw	x19,-12(x29)	 x29:0x80008c2c x19=0x08090a0b PA:0x80008c20
        2435000	       242	800007c0	00008817	auipc	x16,0x8	 x16=0x800087bc
        2445000	       243	800007c4	29580813	addi	x16,x16,661	 x16:0x800087bc x16=0x80008a51
        2455000	       244	800007c8	b2fa9003	lh	x0,-1233(x21)	 x21:0x80008d77 PA:0x800088a6
        2465000	       245	800007cc	f5280ba3	sb	x18,-169(x16)	 x16:0x80008a51 x18:0x00000000 PA:0x800089a8
        2475000	       246	800007d0	010ea203	lw	x4,16(x29)	 x29:0x80008c2c  x4=0x24252600 PA:0x80008c3c
        2485000	       247	800007d4	daef80a3	sb	x14,-607(x31)	 x31:0x80008bc8 x14:0x00000093 PA:0x80008969
        2495000	       248	800007d8	ff2ed083	lhu	x1,-14(x29)	 x29:0x80008c2c  x1=0x00000405 PA:0x80008c1e
        2505000	       249	800007dc	237acd83	lbu	x27,567(x21)	 x21:0x80008d77 x27=0x00000095 PA:0x80008fae
        2515000	       250	800007e0	0da84503	lbu	x10,218(x16)	 x16:0x80008a51 x10=0x00000010 PA:0x80008b2b
        2525000	       251	800007e4	d08fc383	lbu	x7,-760(x31)	 x31:0x80008bc8  x7=0x000000bb PA:0x800088d0
        2535000	       252	800007e8	0a084903	lbu	x18,160(x16)	 x16:0x80008a51 x18=0x000000da PA:0x80008af1
        2545000	       253	800007ec	d34ac703	lbu	x14,-716(x21)	 x21:0x80008d77 x14=0x00000090 PA:0x80008aab
        2555000	       254	800007f0	008e9303	lh	x6,8(x29)	 x29:0x80008c2c  x6=0x00001e1f PA:0x80008c34
        2565000	       255	800007f4	f9782c83	lw	x25,-105(x16)	 x16:0x80008a51 x25=0xd0d1d2d3 PA:0x800089e8
        2575000	       256	800007f8	ff382b83	lw	x23,-13(x16)	 x16:0x80008a51 x23=0x2c2d2e2f PA:0x80008a44
        2585000	       257	00000000	00000013	addi	x0,x0,0	  x0:0x00000000
        2595000	       258	800007fc	cb7fc403	lbu	x8,-841(x31)	 x31:0x80008bc8  x8=0x00000064 PA:0x8000887f
        2605000	       259	80000800	06380303	lb	x6,99(x16)	 x16:0x80008a51  x6=0xffffff9f PA:0x80008ab4
        2615000	       260	80000804	2c0fda03	lhu	x20,704(x31)	 x31:0x80008bc8 x20=0x00007273 PA:0x80008e88
        2625000	       261	80000808	cc0fa023	sw	x0,-832(x31)	 x31:0x80008bc8  x0:0x00000000 PA:0x80008888
        2635000	       262	8000080c	09b82e03	lw	x28,155(x16)	 x16:0x80008a51 x28=0xd4d5d6d7 PA:0x80008aec
        2645000	       263	80000810	f5b81e03	lh	x28,-165(x16)	 x16:0x80008a51 x28=0xffff9697 PA:0x800089ac
        2655000	       264	80000814	f3080603	lb	x12,-208(x16)	 x16:0x80008a51 x12=0x0000006a PA:0x80008981
        2665000	       265	80000818	ca8ac703	lbu	x14,-856(x21)	 x21:0x80008d77 x14=0x00000004 PA:0x80008a1f
        2675000	       266	8000081c	04b84a03	lbu	x20,75(x16)	 x16:0x80008a51 x20=0x00000087 PA:0x80008a9c
        2685000	       267	80000820	e7bf8ea3	sb	x27,-387(x31)	 x31:0x80008bc8 x27:0x00000095 PA:0x80008a45
        2695000	       268	80000824	ff0e8603	lb	x12,-16(x29)	 x29:0x80008c2c x12=0x00000007 PA:0x80008c1c
        2705000	       269	80000828	3d1f9c23	sh	x17,984(x31)	 x31:0x80008bc8 x17:0x0000acad PA:0x80008fa0
        2715000	       270	8000082c	00008197	auipc	x3,0x8	  x3=0x80008828
        2725000	       271	80000830	43518193	addi	x3,x3,1077	  x3:0x80008828  x3=0x80008c5d
        2735000	       272	80000834	00008b17	auipc	x22,0x8	 x22=0x80008830
        2745000	       273	80000838	1f2b0b13	addi	x22,x22,498	 x22:0x80008830 x22=0x80008a22
        2755000	       274	8000083c	031b0f83	lb	x31,49(x22)	 x22:0x80008a22 x31=0x00000038 PA:0x80008a53
        2765000	       275	80000840	fce193a3	sh	x14,-57(x3)	  x3:0x80008c5d x14:0x00000004 PA:0x80008c24
        2775000	       276	80000844	0371dc03	lhu	x24,55(x3)	  x3:0x80008c5d x24=0x00007e7f PA:0x80008c94
        2785000	       277	80000848	fc9b4983	lbu	x19,-55(x22)	 x22:0x80008a22 x19=0x000000d0 PA:0x800089eb
        2795000	       278	8000084c	fdf1aa83	lw	x21,-33(x3)	  x3:0x80008c5d x21=0x24252600 PA:0x80008c3c
        2805000	       279	80000850	fdbb0703	lb	x14,-37(x22)	 x22:0x80008a22 x14=0xffffffe6 PA:0x800089fd
        2815000	       280	80000854	ff3b4d03	lbu	x26,-13(x22)	 x22:0x80008a22 x26=0x000000fe PA:0x80008a15
        2825000	       281	80000858	fcb18483	lb	x9,-53(x3)	  x3:0x80008c5d  x9=0x00000013 PA:0x80008c28
        2835000	       282	8000085c	02f1d003	lhu	x0,47(x3)	  x3:0x80008c5d PA:0x80008c8c
        2845000	       283	80000860	fe3b4d03	lbu	x26,-29(x22)	 x22:0x80008a22 x26=0x000000ee PA:0x80008a05
        2855000	       284	80000864	fc7b4203	lbu	x4,-57(x22)	 x22:0x80008a22  x4=0x000000d2 PA:0x800089e9
        2865000	       285	00000000	00000013	addi	x0,x0,0	  x0:0x00000000
        2875000	       286	80000868	024b4f83	lbu	x31,36(x22)	 x22:0x80008a22 x31=0x0000002d PA:0x80008a46
        2885000	       287	8000086c	01bb0983	lb	x19,27(x22)	 x22:0x80008a22 x19=0x00000026 PA:0x80008a3d
        2895000	       288	80000870	fe719e03	lh	x28,-25(x3)	  x3:0x80008c5d x28=0x00002e2f PA:0x80008c44
        2905000	       289	80000874	00818323	sb	x8,6(x3)	  x3:0x80008c5d  x8:0x00000064 PA:0x80008c63
        2915000	       290	80000878	019b0303	lb	x6,25(x22)	 x22:0x80008a22  x6=0x00000020 PA:0x80008a3b
        2925000	       291	8000087c	02eb5c03	lhu	x24,46(x22)	 x22:0x80008a22 x24=0x00003a3b PA:0x80008a50
        2935000	       292	80000880	00008897	auipc	x17,0x8	 x17=0x8000887c
        2945000	       293	80000884	c8588893	addi	x17,x17,-891	 x17:0x8000887c x17=0x80008501
        2955000	       294	80000888	00008c17	auipc	x24,0x8	 x24=0x80008884
        2965000	       295	8000088c	c28c0c13	addi	x24,x24,-984	 x24:0x80008884 x24=0x800084ac
        2975000	       296	80000890	ff5c0603	lb	x12,-11(x24)	 x24:0x800084ac x12=0x0000005a PA:0x800084a1
        2985000	       297	80000894	00388123	sb	x3,2(x17)	 x17:0x80008501  x3:0x80008c5d PA:0x80008503
        2995000	       298	80000898	00008697	auipc	x13,0x8	 x13=0x80008894
        3005000	       299	8000089c	d1068693	addi	x13,x13,-752	 x13:0x80008894 x13=0x800085a4
        3015000	       300	800008a0	00ac5383	lhu	x7,10(x24)	 x24:0x800084ac  x7=0x00006c6d PA:0x800084b6
        3025000	       301	800008a4	ffec5a03	lhu	x20,-2(x24)	 x24:0x800084ac x20=0x00006061 PA:0x800084aa
        3035000	       302	800008a8	ff5c0783	lb	x15,-11(x24)	 x24:0x800084ac x15=0x0000005a PA:0x800084a1
        3045000	       303	800008ac	013c2823	sw	x19,16(x24)	 x24:0x800084ac x19:0x00000026 PA:0x800084bc
        3055000	       304	800008b0	fe168803	lb	x16,-31(x13)	 x13:0x800085a4 x16=0x0000003e PA:0x80008585
        3065000	       305	800008b4	fcb88a83	lb	x21,-53(x17)	 x17:0x80008501 x21=0xffffff87 PA:0x800084cc
        3075000	       306	800008b8	008c5b03	lhu	x22,8(x24)	 x24:0x800084ac x22=0x00006e6f PA:0x800084b4
        3085000	       307	800008bc	01069403	lh	x8,16(x13)	 x13:0x800085a4  x8=0x00006e6f PA:0x800085b4
        3095000	       308	800008c0	000c5e03	lhu	x28,0(x24)	 x24:0x800084ac x28=0x00006667 PA:0x800084ac
        3105000	       309	800008c4	0ba6c703	lbu	x14,186(x13)	 x13:0x800085a4 x14=0x00000015 PA:0x8000865e
        3115000	       310	800008c8	f1b6ae23	sw	x27,-228(x13)	 x13:0x800085a4 x27:0x00000095 PA:0x800084c0
        3125000	       311	800008cc	fe1c1d23	sh	x1,-6(x24)	 x24:0x800084ac  x1:0x00000405 PA:0x800084a6
        3135000	       312	800008d0	0fd69523	sh	x29,234(x13)	 x13:0x800085a4 x29:0x80008c2c PA:0x8000868e
        3145000	       313	800008d4	0aa884a3	sb	x10,169(x17)	 x17:0x80008501 x10:0x00000010 PA:0x800085aa
        3155000	       314	800008d8	f976cd03	lbu	x26,-105(x13)	 x13:0x800085a4 x26=0x000000f0 PA:0x8000853b
        3165000	       315	800008dc	f17886a3	sb	x23,-243(x17)	 x17:0x80008501 x23:0x2c2d2e2f PA:0x8000840e
        3175000	       316	800008e0	006c0503	lb	x10,6(x24)	 x24:0x800084ac x10=0x00000069 PA:0x800084b2
        3185000	       317	800008e4	04168703	lb	x14,65(x13)	 x13:0x800085a4 x14=0xffffff9e PA:0x800085e5
        3195000	       318	800008e8	f2d8c703	lbu	x14,-211(x17)	 x17:0x80008501 x14=0x000000e5 PA:0x8000842e
        3205000	       319	800008ec	00008117	auipc	x2,0x8	  x2=0x800088e8
        3215000	       320	800008f0	96110113	addi	x2,x2,-1695	  x2:0x800088e8  x2=0x80008249
        3225000	       321	800008f4	fe115503	lhu	x10,-31(x2)	  x2:0x80008249 x10=0x0000e0e1 PA:0x8000822a
        3235000	       322	800008f8	214a3613	sltiu	x12,x20,532	 x20:0x00006061 x12=0x00000000
        3245000	       323	800008fc	fe115e83	lhu	x29,-31(x2)	  x2:0x80008249 x29=0x0000e0e1 PA:0x8000822a
        3255000	       324	80000900	fe115303	lhu	x6,-31(x2)	  x2:0x80008249  x6=0x0000e0e1 PA:0x8000822a
        3265000	       325	80000904	0147a033	slt	x0,x15,x20	 x15:0x0000005a x20:0x00006061
        3275000	       326	80000908	ff3110a3	sh	x19,-31(x2)	  x2:0x80008249 x19:0x00000026 PA:0x8000822a
        3285000	       327	8000090c	fe115b83	lhu	x23,-31(x2)	  x2:0x80008249 x23=0x00000026 PA:0x8000822a
        3295000	       328	80000910	fe110e83	lb	x29,-31(x2)	  x2:0x80008249 x29=0x00000026 PA:0x8000822a
        3305000	       329	80000914	005103a3	sb	x5,7(x2)	  x2:0x80008249  x5:0x80009fc4 PA:0x80008250
        3315000	       330	80000918	00712703	lw	x14,7(x2)	  x2:0x80008249 x14=0x77db00c4 PA:0x80008250
        3325000	       331	8000091c	01485b33	srl	x22,x16,x20	 x16:0x0000003e x20:0x00006061 x22=0x0000001f
        3335000	       332	80000920	05710023	sb	x23,64(x2)	  x2:0x80008249 x23:0x00000026 PA:0x80008289
        3345000	       333	80000924	04110023	sb	x1,64(x2)	  x2:0x80008249  x1:0x00000405 PA:0x80008289
        3355000	       334	80000928	01af1cb3	sll	x25,x30,x26	 x30:0x80009f6c x26:0x000000f0 x25=0x9f6c0000
        3365000	       335	8000092c	04810023	sb	x8,64(x2)	  x2:0x80008249  x8:0x00006e6f PA:0x80008289
        3375000	       336	80000930	04010023	sb	x0,64(x2)	  x2:0x80008249  x0:0x00000000 PA:0x80008289
        3385000	       337	80000934	04010c83	lb	x25,64(x2)	  x2:0x80008249 x25=0x00000000 PA:0x80008289
        3395000	       338	80000938	04010603	lb	x12,64(x2)	  x2:0x80008249 x12=0x00000000 PA:0x80008289
        3405000	       339	8000093c	44f14337	lui	x6,0x44f14	  x6=0x44f14000
        3415000	       340	80000940	ffd15603	lhu	x12,-3(x2)	  x2:0x80008249 x12=0x0000fcfd PA:0x80008246
        3425000	       341	80000944	ffd15703	lhu	x14,-3(x2)	  x2:0x80008249 x14=0x0000fcfd PA:0x80008246
        3435000	       342	80000948	01110023	sb	x17,0(x2)	  x2:0x80008249 x17:0x80008501 PA:0x80008249
        3445000	       343	8000094c	00010783	lb	x15,0(x2)	  x2:0x80008249 x15=0x00000001 PA:0x80008249
        3455000	       344	80000950	00008e17	auipc	x28,0x8	 x28=0x8000894c
        3465000	       345	80000954	e79e0e13	addi	x28,x28,-391	 x28:0x8000894c x28=0x800087c5
        3475000	       346	80000958	ffce0a83	lb	x21,-4(x28)	 x28:0x800087c5 x21=0x0000007a PA:0x800087c1
        3485000	       347	8000095c	00fe4903	lbu	x18,15(x28)	 x28:0x800087c5 x18=0x0000008f PA:0x800087d4
        3495000	       348	80000960	01ae23a3	sw	x26,7(x28)	 x28:0x800087c5 x26:0x000000f0 PA:0x800087cc
        3505000	       349	80000964	007e5383	lhu	x7,7(x28)	 x28:0x800087c5  x7=0x000000f0 PA:0x800087cc
        3515000	       350	80000968	ff1e1383	lh	x7,-15(x28)	 x28:0x800087c5  x7=0x00006c6d PA:0x800087b6
        3525000	       351	8000096c	ff1e0c23	sb	x17,-8(x28)	 x28:0x800087c5 x17:0x80008501 PA:0x800087bd
        3535000	       352	80000970	01ed23b3	slt	x7,x26,x30	 x26:0x000000f0 x30:0x80009f6c  x7=0x00000000
        3545000	       353	80000974	014e0423	sb	x20,8(x28)	 x28:0x800087c5 x20:0x00006061 PA:0x800087cd
        3555000	       354	80000978	000e4d83	lbu	x27,0(x28)	 x28:0x800087c5 x27=0x0000007e PA:0x800087c5
        3565000	       355	8000097c	fefe1da3	sh	x15,-5(x28)	 x28:0x800087c5 x15:0x00000001 PA:0x800087c0
        3575000	       356	80000980	ffbe4683	lbu	x13,-5(x28)	 x28:0x800087c5 x13=0x00000001 PA:0x800087c0
        3585000	       357	80000984	ff0e1da3	sh	x16,-5(x28)	 x28:0x800087c5 x16:0x0000003e PA:0x800087c0
        3595000	       358	80000988	017e00a3	sb	x23,1(x28)	 x28:0x800087c5 x23:0x00000026 PA:0x800087c6
        3605000	       359	8000098c	003e1a83	lh	x21,3(x28)	 x28:0x800087c5 x21=0xffff8283 PA:0x800087c8
        3615000	       360	80000990	003e0083	lb	x1,3(x28)	 x28:0x800087c5  x1=0xffffff83 PA:0x800087c8
        3625000	       361	80000994	ff0e4003	lbu	x0,-16(x28)	 x28:0x800087c5 PA:0x800087b5
        3635000	       362	80000998	00008097	auipc	x1,0x8	  x1=0x80008994
        3645000	       363	8000099c	58308093	addi	x1,x1,1411	  x1:0x80008994  x1=0x80008f17
        3655000	       364	800009a0	03c08aa3	sb	x28,53(x1)	  x1:0x80008f17 x28:0x800087c5 PA:0x80008f4c
        3665000	       365	800009a4	03509aa3	sh	x21,53(x1)	  x1:0x80008f17 x21:0xffff8283 PA:0x80008f4c
        3675000	       366	800009a8	02c0aaa3	sw	x12,53(x1)	  x1:0x80008f17 x12:0x0000fcfd PA:0x80008f4c
        3685000	       367	800009ac	03508203	lb	x4,53(x1)	  x1:0x80008f17  x4=0xfffffffd PA:0x80008f4c
        3695000	       368	800009b0	41678733	sub	x14,x15,x22	 x15:0x00000001 x22:0x0000001f x14=0xffffffe2
        3705000	       369	800009b4	0350cc03	lbu	x24,53(x1)	  x1:0x80008f17 x24=0x000000fd PA:0x80008f4c
        3715000	       370	800009b8	934ff893	andi	x17,x31,-1740	 x31:0x0000002d x17=0x00000024
        3725000	       371	800009bc	0350ae03	lw	x28,53(x1)	  x1:0x80008f17 x28=0x0000fcfd PA:0x80008f4c
        3735000	       372	800009c0	03508b03	lb	x22,53(x1)	  x1:0x80008f17 x22=0xfffffffd PA:0x80008f4c
        3745000	       373	800009c4	fcd0cd03	lbu	x26,-51(x1)	  x1:0x80008f17 x26=0x000000cf PA:0x80008ee4
        3755000	       374	800009c8	fcd0c603	lbu	x12,-51(x1)	  x1:0x80008f17 x12=0x000000cf PA:0x80008ee4
        3765000	       375	800009cc	fd5096a3	sh	x21,-51(x1)	  x1:0x80008f17 x21:0xffff8283 PA:0x80008ee4
        3775000	       376	800009d0	03d08923	sb	x29,50(x1)	  x1:0x80008f17 x29:0x00000026 PA:0x80008f49
        3785000	       377	800009d4	00008d97	auipc	x27,0x8	 x27=0x800089d0
        3795000	       378	800009d8	8f2d8d93	addi	x27,x27,-1806	 x27:0x800089d0 x27=0x800082c2
        3805000	       379	800009dc	718de993	ori	x19,x27,1816	 x27:0x800082c2 x19=0x800087da
        3815000	       380	800009e0	012d1833	sll	x16,x26,x18	 x26:0x000000cf x18:0x0000008f x16=0x00678000
        3825000	       381	800009e4	948dc413	xori	x8,x27,-1720	 x27:0x800082c2  x8=0x7fff7b8a
        3835000	       382	800009e8	3555ce13	xori	x28,x11,853	 x11:0x80000000 x28=0x80000355
        3845000	       383	800009ec	088d9623	sh	x8,140(x27)	 x27:0x800082c2  x8:0x7fff7b8a PA:0x8000834e
        3855000	       384	800009f0	00280833	add	x16,x16,x2	 x16:0x00678000  x2:0x80008249 x16=0x80680249
        3865000	       385	800009f4	04cd88a3	sb	x12,81(x27)	 x27:0x800082c2 x12:0x000000cf PA:0x80008313
        3875000	       386	800009f8	f8cdca03	lbu	x20,-116(x27)	 x27:0x800082c2 x20=0x00000005 PA:0x8000824e
        3885000	       387	800009fc	fdcd9603	lh	x12,-36(x27)	 x27:0x800082c2 x12=0x00005455 PA:0x8000829e
        3895000	       388	00000000	00000013	addi	x0,x0,0	  x0:0x00000000
        3905000	       389	80000a00	38cceb93	ori	x23,x25,908	 x25:0x00000000 x23=0x0000038c
        3915000	       390	80000a04	0bedd083	lhu	x1,190(x27)	 x27:0x800082c2  x1=0x00003a3b PA:0x80008380
        3925000	       391	80000a08	d8916117	auipc	x2,0xd8916	  x2=0x58916a04
        3935000	       392	80000a0c	f6bd8403	lb	x8,-149(x27)	 x27:0x800082c2  x8=0xffffffea PA:0x8000822d
        3945000	       393	80000a10	0b7d9f23	sh	x23,190(x27)	 x27:0x800082c2 x23:0x0000038c PA:0x80008380
        3955000	       394	80000a14	fc7d8903	lb	x18,-57(x27)	 x27:0x800082c2 x18=0x00000000 PA:0x80008289
        3965000	       395	80000a18	1b64c413	xori	x8,x9,438	  x9:0x00000013  x8=0x000001a5
        3975000	       396	80000a1c	0fcd9683	lh	x13,252(x27)	 x27:0x800082c2 x13=0x00007475 PA:0x800083be
        3985000	       397	80000a20	c6b8eb13	ori	x22,x17,-917	 x17:0x00000024 x22=0xfffffc6f
        3995000	       398	80000a24	01469233	sll	x4,x13,x20	 x13:0x00007475 x20:0x00000005  x4=0x000e8ea0
        4005000	       399	80000a28	fc5d8a23	sb	x5,-44(x27)	 x27:0x800082c2  x5:0x80009fc4 PA:0x80008296
        4015000	       400	80000a2c	00089b93	slli	x23,x17,0x0	 x17:0x00000024 x23=0x00000024
        4025000	       401	80000a30	0b7dc103	lbu	x2,183(x27)	 x27:0x800082c2  x2=0x00000032 PA:0x80008379
        4035000	       402	80000a34	007cc133	xor	x2,x25,x7	 x25:0x00000000  x7:0x00000000  x2=0x00000000
        4045000	       403	80000a38	01b0bbb3	sltu	x23,x1,x27	  x1:0x00003a3b x27:0x800082c2 x23=0x00000001
        4055000	       404	80000a3c	fb6dde03	lhu	x28,-74(x27)	 x27:0x800082c2 x28=0x00003233 PA:0x80008278
        4065000	       405	80000a40	0e8dad23	sw	x8,250(x27)	 x27:0x800082c2  x8:0x000001a5 PA:0x800083bc
        4075000	       406	80000a44	045dc883	lbu	x17,69(x27)	 x27:0x800082c2 x17=0x000000bc PA:0x80008307
        4085000	       407	80000a48	fb2da983	lw	x19,-78(x27)	 x27:0x800082c2 x19=0x2c2d2e2f PA:0x80008274
        4095000	       408	80000a4c	019838b3	sltu	x17,x16,x25	 x16:0x80680249 x25:0x00000000 x17=0x00000000
        4105000	       409	80000a50	fdbda723	sw	x27,-50(x27)	 x27:0x800082c2 x27:0x800082c2 PA:0x80008290
        4115000	       410	80000a54	00000013	addi	x0,x0,0	  x0:0x00000000
        4125000	       411	80000a58	07dd88a3	sb	x29,113(x27)	 x27:0x800082c2 x29:0x00000026 PA:0x80008333
        4135000	       412	80000a5c	00931093	slli	x1,x6,0x9	  x6:0x44f14000  x1=0xe2800000
        4145000	       413	80000a60	f65dce03	lbu	x28,-155(x27)	 x27:0x800082c2 x28=0x00000071 PA:0x80008227
        4155000	       414	80000a64	fa4dd303	lhu	x6,-92(x27)	 x27:0x800082c2  x6=0x00001c1d PA:0x80008266
        4165000	       415	80000a68	dab2b413	sltiu	x8,x5,-597	  x5:0x80009fc4  x8=0x00000001
        4175000	       416	80000a6c	f68d8c23	sb	x8,-136(x27)	 x27:0x800082c2  x8:0x00000001 PA:0x8000823a
        4185000	       417	80000a70	40bc5fb3	sra	x31,x24,x11	 x24:0x000000fd x11:0x80000000 x31=0x000000fd
        4195000	       418	80000a74	01133933	sltu	x18,x6,x17	  x6:0x00001c1d x17:0x00000000 x18=0x00000000
        4205000	       419	80000a78	0a8d9f83	lh	x31,168(x27)	 x27:0x800082c2 x31=0x00002021 PA:0x8000836a
        4215000	       420	80000a7c	00008197	auipc	x3,0x8	  x3=0x80008a78
        4225000	       421	80000a80	03418193	addi	x3,x3,52	  x3:0x80008a78  x3=0x80008aac
        4235000	       422	80000a84	a7826c13	ori	x24,x4,-1416	  x4:0x000e8ea0 x24=0xfffffef8
        4245000	       423	80000a88	00e274b3	and	x9,x4,x14	  x4:0x000e8ea0 x14:0xffffffe2  x9=0x000e8ea0
        4255000	       424	80000a8c	02f183a3	sb	x15,39(x3)	  x3:0x80008aac x15:0x00000001 PA:0x80008ad3
        4265000	       425	80000a90	00579793	slli	x15,x15,0x5	 x15:0x00000001 x15=0x00000020
        4275000	       426	80000a94	415f5d33	sra	x26,x30,x21	 x30:0x80009f6c x21:0xffff8283 x26=0xf00013ed
        4285000	       427	80000a98	41a607b3	sub	x15,x12,x26	 x12:0x00005455 x26:0xf00013ed x15=0x10004068
        4295000	       428	80000a9c	3d8b6413	ori	x8,x22,984	 x22:0xfffffc6f  x8=0xffffffff
        4305000	       429	80000aa0	0141a803	lw	x16,20(x3)	  x3:0x80008aac x16=0xa8a9aaab PA:0x80008ac0
        4315000	       430	80000aa4	d7cde8b7	lui	x17,0xd7cde	 x17=0xd7cde000
        4325000	       431	80000aa8	00db06b3	add	x13,x22,x13	 x22:0xfffffc6f x13:0x00007475 x13=0x000070e4
        4335000	       432	80000aac	03318e83	lb	x29,51(x3)	  x3:0x80008aac x29=0xffffffc4 PA:0x80008adf
        4345000	       433	80000ab0	406d5033	sra	x0,x26,x6	 x26:0xf00013ed  x6:0x00001c1d
        4355000	       434	80000ab4	02518083	lb	x1,37(x3)	  x3:0x80008aac  x1=0xffffffba PA:0x80008ad1
        4365000	       435	80000ab8	02018703	lb	x14,32(x3)	  x3:0x80008aac x14=0xffffffb7 PA:0x80008acc
        4375000	       436	80000abc	01518003	lb	x0,21(x3)	  x3:0x80008aac PA:0x80008ac1
        4385000	       437	80000ac0	003ad493	srli	x9,x21,0x3	 x21:0xffff8283  x9=0x1ffff050
        4395000	       438	80000ac4	00f60533	add	x10,x12,x15	 x12:0x00005455 x15:0x10004068 x10=0x100094bd
        4405000	       439	80000ac8	fea93e93	sltiu	x29,x18,-22	 x18:0x00000000 x29=0x00000001
        4415000	       440	80000acc	fdb18883	lb	x17,-37(x3)	  x3:0x80008aac x17=0x0000006c PA:0x80008a87
        4425000	       441	80000ad0	00ab9693	slli	x13,x23,0xa	 x23:0x00000001 x13=0x00000400
        4435000	       442	80000ad4	ff218a23	sb	x18,-12(x3)	  x3:0x80008aac x18:0x00000000 PA:0x80008aa0
        4445000	       443	80000ad8	40c3d513	srai	x10,x7,0xc	  x7:0x00000000 x10=0x00000000
        4455000	       444	80000adc	40770fb3	sub	x31,x14,x7	 x14:0xffffffb7  x7:0x00000000 x31=0xffffffb7
        4465000	       445	80000ae0	0231c983	lbu	x19,35(x3)	  x3:0x80008aac x19=0x000000b4 PA:0x80008acf
        4475000	       446	80000ae4	5b547f93	andi	x31,x8,1461	  x8:0xffffffff x31=0x000005b5
        4485000	       447	80000ae8	00123433	sltu	x8,x4,x1	  x4:0x000e8ea0  x1:0xffffffba  x8=0x00000001
        4495000	       448	80000aec	017facb3	slt	x25,x31,x23	 x31:0x000005b5 x23:0x00000001 x25=0x00000000
        4505000	       449	80000af0	01925bb3	srl	x23,x4,x25	  x4:0x000e8ea0 x25:0x00000000 x23=0x000e8ea0
        4515000	       450	80000af4	9ef57793	andi	x15,x10,-1553	 x10:0x00000000 x15=0x00000000
        4525000	       451	80000af8	010c96b3	sll	x13,x25,x16	 x25:0x00000000 x16:0xa8a9aaab x13=0x00000000
        4535000	       452	80000afc	397e10b7	lui	x1,0x397e1	  x1=0x397e1000
        4545000	       453	80000b00	02b18ea3	sb	x11,61(x3)	  x3:0x80008aac x11:0x80000000 PA:0x80008ae9
        4555000	       454	80000b04	00008c97	auipc	x25,0x8	 x25=0x80008b00
        4565000	       455	80000b08	8f9c8c93	addi	x25,x25,-1799	 x25:0x80008b00 x25=0x800083f9
        4575000	       456	80000b0c	1cfc8523	sb	x15,458(x25)	 x25:0x800083f9 x15:0x00000000 PA:0x800085c3
        4585000	       457	80000b10	1d1c8523	sb	x17,458(x25)	 x25:0x800083f9 x17:0x0000006c PA:0x800085c3
        4595000	       458	80000b14	1cac8f83	lb	x31,458(x25)	 x25:0x800083f9 x31=0x0000006c PA:0x800085c3
        4605000	       459	80000b18	c96cc503	lbu	x10,-874(x25)	 x25:0x800083f9 x10=0x00000044 PA:0x8000808f
        4615000	       460	80000b1c	c84c8b23	sb	x4,-874(x25)	 x25:0x800083f9  x4:0x000e8ea0 PA:0x8000808f
        4625000	       461	80000b20	e6bc86a3	sb	x11,-403(x25)	 x25:0x800083f9 x11:0x80000000 PA:0x80008266
        4635000	       462	80000b24	e6dcc703	lbu	x14,-403(x25)	 x25:0x800083f9 x14=0x00000000 PA:0x80008266
        4645000	       463	80000b28	e6dc9203	lh	x4,-403(x25)	 x25:0x800083f9  x4=0x00001c00 PA:0x80008266
        4655000	       464	80000b2c	10e7c193	xori	x3,x15,270	 x15:0x00000000  x3=0x0000010e
        4665000	       465	80000b30	e6dc8b03	lb	x22,-403(x25)	 x25:0x800083f9 x22=0x00000000 PA:0x80008266
        4675000	       466	80000b34	1fec8f23	sb	x30,510(x25)	 x25:0x800083f9 x30:0x80009f6c PA:0x800085f7
        4685000	       467	80000b38	1fec8c03	lb	x24,510(x25)	 x25:0x800083f9 x24=0x0000006c PA:0x800085f7
        4695000	       468	80000b3c	db7c98a3	sh	x23,-591(x25)	 x25:0x800083f9 x23:0x000e8ea0 PA:0x800081aa
        4705000	       469	80000b40	00007217	auipc	x4,0x7	  x4=0x80007b3c
        4715000	       470	80000b44	7d520213	addi	x4,x4,2005	  x4:0x80007b3c  x4=0x80008311
        4725000	       471	80000b48	07720523	sb	x23,106(x4)	  x4:0x80008311 x23:0x000e8ea0 PA:0x8000837b
        4735000	       472	80000b4c	00007397	auipc	x7,0x7	  x7=0x80007b48
        4745000	       473	80000b50	53a38393	addi	x7,x7,1338	  x7:0x80007b48  x7=0x80008082
        4755000	       474	80000b54	fe139b23	sh	x1,-10(x7)	  x7:0x80008082  x1:0x397e1000 PA:0x80008078
        4765000	       475	80000b58	ff838b03	lb	x22,-8(x7)	  x7:0x80008082 x22=0x00000031 PA:0x8000807a
        4775000	       476	80000b5c	fff22703	lw	x14,-1(x4)	  x4:0x80008311 x14=0xcfc9cacb PA:0x80008310
        4785000	       477	80000b60	ffb38da3	sb	x27,-5(x7)	  x7:0x80008082 x27:0x800082c2 PA:0x8000807d
        4795000	       478	80000b64	f3020023	sb	x16,-224(x4)	  x4:0x80008311 x16:0xa8a9aaab PA:0x80008231
        4805000	       479	80000b68	00007c17	auipc	x24,0x7	 x24=0x80007b64
        4815000	       480	80000b6c	7f4c0c13	addi	x24,x24,2036	 x24:0x80007b64 x24=0x80008358
        4825000	       481	80000b70	03ec0ca3	sb	x30,57(x24)	 x24:0x80008358 x30:0x80009f6c PA:0x80008391
        4835000	       482	80000b74	ff0c05a3	sb	x16,-21(x24)	 x24:0x80008358 x16:0xa8a9aaab PA:0x80008343
        4845000	       483	80000b78	f8520a03	lb	x20,-123(x4)	  x4:0x80008311 x20=0xffffffc4 PA:0x80008296
        4855000	       484	80000b7c	ff938da3	sb	x25,-5(x7)	  x7:0x80008082 x25:0x800083f9 PA:0x8000807d
        4865000	       485	80000b80	022c4b03	lbu	x22,34(x24)	 x24:0x80008358 x22=0x00000031 PA:0x8000837a
        4875000	       486	80000b84	0ef22103	lw	x2,239(x4)	  x4:0x80008311  x2=0xb8b9babb PA:0x80008400
        4885000	       487	80000b88	fcb22a83	lw	x21,-53(x4)	  x4:0x80008311 x21=0x94959697 PA:0x800082dc
        4895000	       488	80000b8c	fe138ba3	sb	x1,-9(x7)	  x7:0x80008082  x1:0x397e1000 PA:0x80008079
        4905000	       489	80000b90	fd4c0503	lb	x10,-44(x24)	 x24:0x80008358 x10=0xffffffe7 PA:0x8000832c
        4915000	       490	80000b94	005c4083	lbu	x1,5(x24)	 x24:0x80008358  x1=0x00000016 PA:0x8000835d
        4925000	       491	80000b98	ffc3da83	lhu	x21,-4(x7)	  x7:0x80008082 x21=0x00003435 PA:0x8000807e
        4935000	       492	80000b9c	fffc1c23	sh	x31,-8(x24)	 x24:0x80008358 x31:0x0000006c PA:0x80008350
        4945000	       493	80000ba0	009c4683	lbu	x13,9(x24)	 x24:0x80008358 x13=0x0000001a PA:0x80008361
        4955000	       494	80000ba4	00c39783	lh	x15,12(x7)	  x7:0x80008082 x15=0xffffa045 PA:0x8000808e
        4965000	       495	80000ba8	015c0423	sb	x21,8(x24)	 x24:0x80008358 x21:0x00003435 PA:0x80008360
        4975000	       496	80000bac	f45209a3	sb	x5,-173(x4)	  x4:0x80008311  x5:0x80009fc4 PA:0x80008264
        4985000	       497	80000bb0	27f4eb93	ori	x23,x9,639	  x9:0x1ffff050 x23=0x1ffff27f
        4995000	       498	80000bb4	2a982113	slti	x2,x16,681	 x16:0xa8a9aaab  x2=0x00000001
        5005000	       499	80000bb8	0008dc13	srli	x24,x17,0x0	 x17:0x0000006c x24=0x0000006c
        5015000	       500	80000bbc	012e86b3	add	x13,x29,x18	 x29:0x00000001 x18:0x00000000 x13=0x00000001
        5025000	       501	80000bc0	db7b1137	lui	x2,0xdb7b1	  x2=0xdb7b1000
        5035000	       502	80000bc4	01ccce33	xor	x28,x25,x28	 x25:0x800083f9 x28:0x00000071 x28=0x80008388
        5045000	       503	80000bc8	00e9da33	srl	x20,x19,x14	 x19:0x000000b4 x14:0xcfc9cacb x20=0x00000000
        5055000	       504	80000bcc	5a8e8093	addi	x1,x29,1448	 x29:0x00000001  x1=0x000005a9
        5065000	       505	80000bd0	41c803b3	sub	x7,x16,x28	 x16:0xa8a9aaab x28:0x80008388  x7=0x28a92723
        5075000	       506	80000bd4	02cd0663	beq	x26,x12,80000c00	 x26:0xf00013ed x12:0x00005455
        5085000	       507	80000bd8	00239a63	bne	x7,x2,80000bec	  x7:0x28a92723  x2:0xdb7b1000
        5095000	       508	00000000	00000013	addi	x0,x0,0	  x0:0x00000000
        5105000	       509	80000be8	00000013	addi	x0,x0,0	  x0:0x00000000
        5115000	       510	80000bec	00a41a63	bne	x8,x10,80000c00	  x8:0x00000001 x10:0xffffffe7
        5125000	       511	00000000	00000013	addi	x0,x0,0	  x0:0x00000000
        5135000	       512	80000bfc	00000013	addi	x0,x0,0	  x0:0x00000000
        5145000	       513	80000c00	41d70b33	sub	x22,x14,x29	 x14:0xcfc9cacb x29:0x00000001 x22=0xcfc9caca
        5155000	       514	80000c04	04f11863	bne	x2,x15,80000c54	  x2:0xdb7b1000 x15:0xffffa045
        5165000	       515	00000000	00000013	addi	x0,x0,0	  x0:0x00000000
        5175000	       516	80000c50	00000013	addi	x0,x0,0	  x0:0x00000000
        5185000	       517	80000c54	00959c63	bne	x11,x9,80000c6c	 x11:0x80000000  x9:0x1ffff050
        5195000	       518	00000000	00000013	addi	x0,x0,0	  x0:0x00000000
        5205000	       519	80000c68	00000013	addi	x0,x0,0	  x0:0x00000000
        5215000	       520	80000c6c	03d81263	bne	x16,x29,80000c90	 x16:0xa8a9aaab x29:0x00000001
        5225000	       521	00000000	00000013	addi	x0,x0,0	  x0:0x00000000
        5235000	       522	80000c8c	00000013	addi	x0,x0,0	  x0:0x00000000
        5245000	       523	80000c90	01bf4263	blt	x30,x27,80000c94	 x30:0x80009f6c x27:0x800082c2
        5255000	       524	80000c94	5fb0c213	xori	x4,x1,1531	  x1:0x000005a9  x4=0x00000052
        5265000	       525	80000c98	03a4d863	bge	x9,x26,80000cc8	  x9:0x1ffff050 x26:0xf00013ed
        5275000	       526	00000000	00000013	addi	x0,x0,0	  x0:0x00000000
        5285000	       527	80000cc4	00000013	addi	x0,x0,0	  x0:0x00000000
        5295000	       528	80000cc8	02605c63	bge	x0,x6,80000d00	  x0:0x00000000  x6:0x00001c1d
        5305000	       529	80000ccc	a7188a17	auipc	x20,0xa7188	 x20=0x27188cc8
        5315000	       530	80000cd0	05835263	bge	x6,x24,80000d14	  x6:0x00001c1d x24:0x0000006c
        5325000	       531	00000000	00000013	addi	x0,x0,0	  x0:0x00000000
        5335000	       532	80000d10	00000013	addi	x0,x0,0	  x0:0x00000000
        5345000	       533	80000d14	29d9ecb7	lui	x25,0x29d9e	 x25=0x29d9e000
        5355000	       534	80000d18	e5b17b17	auipc	x22,0xe5b17	 x22=0x65b17d14
        5365000	       535	80000d1c	cae47993	andi	x19,x8,-850	  x8:0x00000001 x19=0x00000000
        5375000	       536	80000d20	00000013	addi	x0,x0,0	  x0:0x00000000
        5385000	       537	80000d24	4072d833	sra	x16,x5,x7	  x5:0x80009fc4  x7:0x28a92723 x16=0xf00013f8
        5395000	       538	80000d28	00d50a63	beq	x10,x13,80000d3c	 x10:0xffffffe7 x13:0x00000001
        5405000	       539	80000d2c	402b58b3	sra	x17,x22,x2	 x22:0x65b17d14  x2:0xdb7b1000 x17=0x65b17d14
        5415000	       540	80000d30	04cb4663	blt	x22,x12,80000d7c	 x22:0x65b17d14 x12:0x00005455
        5425000	       541	80000d34	054c7063	bgeu	x24,x20,80000d74	 x24:0x0000006c x20:0x27188cc8
        5435000	       542	80000d38	75063e37	lui	x28,0x75063	 x28=0x75063000
        5445000	       543	80000d3c	1479a8b7	lui	x17,0x1479a	 x17=0x1479a000
        5455000	       544	80000d40	1d473013	sltiu	x0,x14,468	 x14:0xcfc9cacb
        5465000	       545	80000d44	c4017a13	andi	x20,x2,-960	  x2:0xdb7b1000 x20=0xdb7b1000
        5475000	       546	80000d48	04c39663	bne	x7,x12,80000d94	  x7:0x28a92723 x12:0x00005455
        5485000	       547	00000000	00000013	addi	x0,x0,0	  x0:0x00000000
        5495000	       548	80000d90	00000013	addi	x0,x0,0	  x0:0x00000000
        5505000	       549	80000d94	00fd6eb3	or	x29,x26,x15	 x26:0xf00013ed x15:0xffffa045 x29=0xffffb3ed
        5515000	       550	80000d98	0019c463	blt	x19,x1,80000da0	 x19:0x00000000  x1:0x000005a9
        5525000	       551	00000000	00000013	addi	x0,x0,0	  x0:0x00000000
        5535000	       552	80000d9c	00000013	addi	x0,x0,0	  x0:0x00000000
        5545000	       553	80000da0	00e28a33	add	x20,x5,x14	  x5:0x80009fc4 x14:0xcfc9cacb x20=0x4fca6a8f
        5555000	       554	80000da4	007577b3	and	x15,x10,x7	 x10:0xffffffe7  x7:0x28a92723 x15=0x28a92723
        5565000	       555	80000da8	590c8093	addi	x1,x25,1424	 x25:0x29d9e000  x1=0x29d9e590
        5575000	       556	80000dac	01ba2c33	slt	x24,x20,x27	 x20:0x4fca6a8f x27:0x800082c2 x24=0x00000000
        5585000	       557	80000db0	018c13b3	sll	x7,x24,x24	 x24:0x00000000 x24:0x00000000  x7=0x00000000
        5595000	       558	80000db4	001a5b33	srl	x22,x20,x1	 x20:0x4fca6a8f  x1:0x29d9e590 x22=0x00004fca
        5605000	       559	80000db8	59bf8a13	addi	x20,x31,1435	 x31:0x0000006c x20=0x00000607
        5615000	       560	80000dbc	01d5d233	srl	x4,x11,x29	 x11:0x80000000 x29:0xffffb3ed  x4=0x00040000
        5625000	       561	80000dc0	00a3fc33	and	x24,x7,x10	  x7:0x00000000 x10:0xffffffe7 x24=0x00000000
        5635000	       562	80000dc4	00b16333	or	x6,x2,x11	  x2:0xdb7b1000 x11:0x80000000  x6=0xdb7b1000
        5645000	       563	80000dc8	01e031b3	sltu	x3,x0,x30	  x0:0x00000000 x30:0x80009f6c  x3=0x00000001
        5655000	       564	80000dcc	00000013	addi	x0,x0,0	  x0:0x00000000
        5665000	       565	80000dd0	01373933	sltu	x18,x14,x19	 x14:0xcfc9cacb x19:0x00000000 x18=0x00000000
        5675000	       566	80000dd4	a38e3993	sltiu	x19,x28,-1480	 x28:0x75063000 x19=0x00000001
        5685000	       567	80000dd8	00137263	bgeu	x6,x1,80000ddc	  x6:0xdb7b1000  x1:0x29d9e590
        5695000	       568	00000000	00000013	addi	x0,x0,0	  x0:0x00000000
        5705000	       569	80000dd8	00000013	addi	x0,x0,0	  x0:0x00000000
        5715000	       570	80000ddc	b8dfe493	ori	x9,x31,-1139	 x31:0x0000006c  x9=0xfffffbed
        5725000	       571	80000de0	00eed663	bge	x29,x14,80000dec	 x29:0xffffb3ed x14:0xcfc9cacb
        5735000	       572	00000000	00000013	addi	x0,x0,0	  x0:0x00000000
        5745000	       573	80000de8	00000013	addi	x0,x0,0	  x0:0x00000000
        5755000	       574	80000dec	01328ab3	add	x21,x5,x19	  x5:0x80009fc4 x19:0x00000001 x21=0x80009fc5
        5765000	       575	80000df0	4023d813	srai	x16,x7,0x2	  x7:0x00000000 x16=0x00000000
        5775000	       576	80000df4	005cf533	and	x10,x25,x5	 x25:0x29d9e000  x5:0x80009fc4 x10=0x00008000
        5785000	       577	80000df8	4066d033	sra	x0,x13,x6	 x13:0x00000001  x6:0xdb7b1000
        5795000	       578	80000dfc	00eea7b3	slt	x15,x29,x14	 x29:0xffffb3ed x14:0xcfc9cacb x15=0x00000000
        5805000	       579	80000e00	01af7db3	and	x27,x30,x26	 x30:0x80009f6c x26:0xf00013ed x27=0x8000136c
        5815000	       580	80000e04	00a3cb33	xor	x22,x7,x10	  x7:0x00000000 x10:0x00008000 x22=0x00008000
        5825000	       581	80000e08	0148f1b3	and	x3,x17,x20	 x17:0x1479a000 x20:0x00000607  x3=0x00000000
        5835000	       582	80000e0c	a716ee93	ori	x29,x13,-1423	 x13:0x00000001 x29=0xfffffa71
        5845000	       583	80000e10	adf73a13	sltiu	x20,x14,-1313	 x14:0xcfc9cacb x20=0x00000001
        5855000	       584	80000e14	41820133	sub	x2,x4,x24	  x4:0x00040000 x24:0x00000000  x2=0x00040000
        5865000	       585	80000e18	cff06a13	ori	x20,x0,-769	  x0:0x00000000 x20=0xfffffcff
        5875000	       586	80000e1c	f4fe0313	addi	x6,x28,-177	 x28:0x75063000  x6=0x75062f4f
        5885000	       587	80000e20	0385f063	bgeu	x11,x24,80000e40	 x11:0x80000000 x24:0x00000000
        5895000	       588	00000000	00000013	addi	x0,x0,0	  x0:0x00000000
        5905000	       589	80000e3c	00000013	addi	x0,x0,0	  x0:0x00000000
        5915000	       590	80000e40	ffdffe37	lui	x28,0xffdff	 x28=0xffdff000
        5925000	       591	80000e44	00459e63	bne	x11,x4,80000e60	 x11:0x80000000  x4:0x00040000
        5935000	       592	00000000	00000013	addi	x0,x0,0	  x0:0x00000000
        5945000	       593	80000e5c	00000013	addi	x0,x0,0	  x0:0x00000000
        5955000	       594	80000e60	0115da63	bge	x11,x17,80000e74	 x11:0x80000000 x17:0x1479a000
        5965000	       595	80000e64	e8b2f413	andi	x8,x5,-373	  x5:0x80009fc4  x8=0x80009e80
        5975000	       596	80000e68	8cab39b7	lui	x19,0x8cab3	 x19=0x8cab3000
        5985000	       597	80000e6c	007a37b3	sltu	x15,x20,x7	 x20:0xfffffcff  x7:0x00000000 x15=0x00000000
        5995000	       598	80000e70	05d1d263	bge	x3,x29,80000eb4	  x3:0x00000000 x29:0xfffffa71
        6005000	       599	00000000	00000013	addi	x0,x0,0	  x0:0x00000000
        6015000	       600	80000eb0	00000013	addi	x0,x0,0	  x0:0x00000000
        6025000	       601	80000eb4	038a9c63	bne	x21,x24,80000eec	 x21:0x80009fc5 x24:0x00000000
        6035000	       602	00000000	00000013	addi	x0,x0,0	  x0:0x00000000
        6045000	       603	80000ee8	00000013	addi	x0,x0,0	  x0:0x00000000
        6055000	       604	80000eec	fcdf2b93	slti	x23,x30,-51	 x30:0x80009f6c x23=0x00000001
        6065000	       605	80000ef0	01e1ca63	blt	x3,x30,80000f04	  x3:0x00000000 x30:0x80009f6c
        6075000	       606	80000ef4	41f953b3	sra	x7,x18,x31	 x18:0x00000000 x31:0x0000006c  x7=0x00000000
        6085000	       607	80000ef8	01f2e633	or	x12,x5,x31	  x5:0x80009fc4 x31:0x0000006c x12=0x80009fec
        6095000	       608	80000efc	0301cc63	blt	x3,x16,80000f34	  x3:0x00000000 x16:0x00000000
        6105000	       609	80000f00	02e40263	beq	x8,x14,80000f24	  x8:0x80009e80 x14:0xcfc9cacb
        6115000	       610	80000f04	007f1a13	slli	x20,x30,0x7	 x30:0x80009f6c x20=0x004fb600
        6125000	       611	80000f08	044d8063	beq	x27,x4,80000f48	 x27:0x8000136c  x4:0x00040000
        6135000	       612	80000f0c	00000013	addi	x0,x0,0	  x0:0x00000000
        6145000	       613	80000f10	344a5897	auipc	x17,0x344a5	 x17=0xb44a5f0c
        6155000	       614	80000f14	01ace733	or	x14,x25,x26	 x25:0x29d9e000 x26:0xf00013ed x14=0xf9d9f3ed
        6165000	       615	80000f18	0014fd33	and	x26,x9,x1	  x9:0xfffffbed  x1:0x29d9e590 x26=0x29d9e180
        6175000	       616	80000f1c	02c7d263	bge	x15,x12,80000f40	 x15:0x00000000 x12:0x80009fec
        6185000	       617	00000000	00000013	addi	x0,x0,0	  x0:0x00000000
        6195000	       618	80000f3c	00000013	addi	x0,x0,0	  x0:0x00000000
        6205000	       619	80000f40	7cfe3713	sltiu	x14,x28,1999	 x28:0xffdff000 x14=0x00000000
        6215000	       620	80000f44	01ffa6b3	slt	x13,x31,x31	 x31:0x0000006c x31:0x0000006c x13=0x00000000
        6225000	       621	80000f48	01c85813	srli	x16,x16,0x1c	 x16:0x00000000 x16=0x00000000
        6235000	       622	80000f4c	00e9c663	blt	x19,x14,80000f58	 x19:0x8cab3000 x14:0x00000000
        6245000	       623	00000000	00000013	addi	x0,x0,0	  x0:0x00000000
        6255000	       624	80000f54	00000013	addi	x0,x0,0	  x0:0x00000000
        6265000	       625	80000f58	52840b93	addi	x23,x8,1320	  x8:0x80009e80 x23=0x8000a3a8
        6275000	       626	80000f5c	417401b3	sub	x3,x8,x23	  x8:0x80009e80 x23:0x8000a3a8  x3=0xfffffad8
        6285000	       627	80000f60	022b4063	blt	x22,x2,80000f80	 x22:0x00008000  x2:0x00040000
        6295000	       628	00000000	00000013	addi	x0,x0,0	  x0:0x00000000
        6305000	       629	80000f7c	00000013	addi	x0,x0,0	  x0:0x00000000
        6315000	       630	80000f80	41da5d33	sra	x26,x20,x29	 x20:0x004fb600 x29:0xfffffa71 x26=0x00000027
        6325000	       631	80000f84	0123ddb3	srl	x27,x7,x18	  x7:0x00000000 x18:0x00000000 x27=0x00000000
        6335000	       632	80000f88	41095433	sra	x8,x18,x16	 x18:0x00000000 x16:0x00000000  x8=0x00000000
        6345000	       633	80000f8c	412b5d33	sra	x26,x22,x18	 x22:0x00008000 x18:0x00000000 x26=0x00008000
        6355000	       634	80000f90	1518f313	andi	x6,x17,337	 x17:0xb44a5f0c  x6=0x00000100
        6365000	       635	80000f94	019ae4b3	or	x9,x21,x25	 x21:0x80009fc5 x25:0x29d9e000  x9=0xa9d9ffc5
        6375000	       636	80000f98	000af0b3	and	x1,x21,x0	 x21:0x80009fc5  x0:0x00000000  x1=0x00000000
        6385000	       637	80000f9c	3e442713	slti	x14,x8,996	  x8:0x00000000 x14=0x00000001
        6395000	       638	80000fa0	00725c33	srl	x24,x4,x7	  x4:0x00040000  x7:0x00000000 x24=0x00040000
        6405000	       639	80000fa4	bb38b813	sltiu	x16,x17,-1101	 x17:0xb44a5f0c x16=0x00000001
        6415000	       640	80000fa8	006418b3	sll	x17,x8,x6	  x8:0x00000000  x6:0x00000100 x17=0x00000000
        6425000	       641	80000fac	000a3b33	sltu	x22,x20,x0	 x20:0x004fb600  x0:0x00000000 x22=0x00000000
        6435000	       642	80000fb0	03401863	bne	x0,x20,80000fe0	  x0:0x00000000 x20:0x004fb600
        6445000	       643	00000000	00000013	addi	x0,x0,0	  x0:0x00000000
        6455000	       644	80000fdc	00000013	addi	x0,x0,0	  x0:0x00000000
        6465000	       645	80000fe0	41218eb3	sub	x29,x3,x18	  x3:0xfffffad8 x18:0x00000000 x29=0xfffffad8
        6475000	       646	80000fe4	4033d393	srai	x7,x7,0x3	  x7:0x00000000  x7=0x00000000
        6485000	       647	80000fe8	402b51b3	sra	x3,x22,x2	 x22:0x00000000  x2:0x00040000  x3=0x00000000
        6495000	       648	80000fec	405e0c33	sub	x24,x28,x5	 x28:0xffdff000  x5:0x80009fc4 x24=0x7fdf503c
        6505000	       649	80000ff0	3ab66413	ori	x8,x12,939	 x12:0x80009fec  x8=0x80009fef
        6515000	       650	80000ff4	0181d313	srli	x6,x3,0x18	  x3:0x00000000  x6=0x00000000
        6525000	       651	80000ff8	016a1313	slli	x6,x20,0x16	 x20:0x004fb600  x6=0x80000000
        6535000	       652	80000ffc	00b5b233	sltu	x4,x11,x11	 x11:0x80000000 x11:0x80000000  x4=0x00000000
        6545000	       653	80001000	01f8d433	srl	x8,x17,x31	 x17:0x00000000 x31:0x0000006c  x8=0x00000000
        6555000	       654	80001004	0090d633	srl	x12,x1,x9	  x1:0x00000000  x9:0xa9d9ffc5 x12=0x00000000
        6565000	       655	80001008	012d5b13	srli	x22,x26,0x12	 x26:0x00008000 x22=0x00000000
        6575000	       656	8000100c	01620633	add	x12,x4,x22	  x4:0x00000000 x22:0x00000000 x12=0x00000000
        6585000	       657	80001010	9244de37	lui	x28,0x9244d	 x28=0x9244d000
        6595000	       658	80001014	00af9cb3	sll	x25,x31,x10	 x31:0x0000006c x10:0x00008000 x25=0x0000006c
        6605000	       659	80001018	017b4e63	blt	x22,x23,80001034	 x22:0x00000000 x23:0x8000a3a8
        6615000	       660	8000101c	00187b33	and	x22,x16,x1	 x16:0x00000001  x1:0x00000000 x22=0x00000000
        6625000	       661	80001020	00279693	slli	x13,x15,0x2	 x15:0x00000000 x13=0x00000000
        6635000	       662	80001024	9e686013	ori	x0,x16,-1562	 x16:0x00000001
        6645000	       663	80001028	413b6093	ori	x1,x22,1043	 x22:0x00000000  x1=0x00000413
        6655000	       664	8000102c	00606fb3	or	x31,x0,x6	  x0:0x00000000  x6:0x80000000 x31=0x80000000
        6665000	       665	80001030	00609193	slli	x3,x1,0x6	  x1:0x00000413  x3=0x000104c0
        6675000	       666	80001034	021a5263	bge	x20,x1,80001058	 x20:0x004fb600  x1:0x00000413
        6685000	       667	00000000	00000013	addi	x0,x0,0	  x0:0x00000000
        6695000	       668	80001054	00000013	addi	x0,x0,0	  x0:0x00000000
        6705000	       669	80001058	13766413	ori	x8,x12,311	 x12:0x00000000  x8=0x00000137
        6715000	       670	8000105c	00bb49b3	xor	x19,x22,x11	 x22:0x00000000 x11:0x80000000 x19=0x80000000
        6725000	       671	80001060	044f6663	bltu	x30,x4,800010ac	 x30:0x80009f6c  x4:0x00000000
        6735000	       672	80001064	415554b3	sra	x9,x10,x21	 x10:0x00008000 x21:0x80009fc5  x9=0x00000400
        6745000	       673	80001068	c4fbeb13	ori	x22,x23,-945	 x23:0x8000a3a8 x22=0xffffffef
        6755000	       674	8000106c	009ff633	and	x12,x31,x9	 x31:0x80000000  x9:0x00000400 x12=0x00000000
        6765000	       675	80001070	010f8ab3	add	x21,x31,x16	 x31:0x80000000 x16:0x00000001 x21=0x80000001
        6775000	       676	80001074	00cc1f93	slli	x31,x24,0xc	 x24:0x7fdf503c x31=0xf503c000
        6785000	       677	80001078	41058b33	sub	x22,x11,x16	 x11:0x80000000 x16:0x00000001 x22=0x7fffffff
        6795000	       678	8000107c	4e1e7d93	andi	x27,x28,1249	 x28:0x9244d000 x27=0x00000000
        6805000	       679	80001080	11ac7d93	andi	x27,x24,282	 x24:0x7fdf503c x27=0x00000018
        6815000	       680	80001084	00000013	addi	x0,x0,0	  x0:0x00000000
        6825000	       681	80001088	04b09063	bne	x1,x11,800010c8	  x1:0x00000413 x11:0x80000000
        6835000	       682	00000000	00000013	addi	x0,x0,0	  x0:0x00000000
        6845000	       683	800010c4	00000013	addi	x0,x0,0	  x0:0x00000000
        6855000	       684	800010c8	0130d433	srl	x8,x1,x19	  x1:0x00000413 x19:0x80000000  x8=0x00000413
        6865000	       685	800010cc	04fdd263	bge	x27,x15,80001110	 x27:0x00000018 x15:0x00000000
        6875000	       686	00000000	00000013	addi	x0,x0,0	  x0:0x00000000
        6885000	       687	8000110c	00000013	addi	x0,x0,0	  x0:0x00000000
        6895000	       688	80001110	023a8063	beq	x21,x3,80001130	 x21:0x80000001  x3:0x000104c0
        6905000	       689	80001114	01606833	or	x16,x0,x22	  x0:0x00000000 x22:0x7fffffff x16=0x7fffffff
        6915000	       690	80001118	046e0263	beq	x28,x6,8000115c	 x28:0x9244d000  x6:0x80000000
        6925000	       691	8000111c	0049feb3	and	x29,x19,x4	 x19:0x80000000  x4:0x00000000 x29=0x00000000
        6935000	       692	80001120	3bb07913	andi	x18,x0,955	  x0:0x00000000 x18=0x00000000
        6945000	       693	80001124	01c31113	slli	x2,x6,0x1c	  x6:0x80000000  x2=0x00000000
        6955000	       694	80001128	12ea6693	ori	x13,x20,302	 x20:0x004fb600 x13=0x004fb72e
        6965000	       695	8000112c	74730813	addi	x16,x6,1863	  x6:0x80000000 x16=0x80000747
        6975000	       696	80001130	034df463	bgeu	x27,x20,80001158	 x27:0x00000018 x20:0x004fb600
        6985000	       697	80001134	00b94263	blt	x18,x11,80001138	 x18:0x00000000 x11:0x80000000
        6995000	       698	80001138	1013e793	ori	x15,x7,257	  x7:0x00000000 x15=0x00000101
        7005000	       699	8000113c	01d42d33	slt	x26,x8,x29	  x8:0x00000413 x29:0x00000000 x26=0x00000000
        7015000	       700	80001140	00e66633	or	x12,x12,x14	 x12:0x00000000 x14:0x00000001 x12=0x00000001
        7025000	       701	80001144	01a47233	and	x4,x8,x26	  x8:0x00000413 x26:0x00000000  x4=0x00000000
        7035000	       702	80001148	00a8ddb3	srl	x27,x17,x10	 x17:0x00000000 x10:0x00008000 x27=0x00000000
        7045000	       703	8000114c	0093b3b3	sltu	x7,x7,x9	  x7:0x00000000  x9:0x00000400  x7=0x00000001
        7055000	       704	80001150	bfb30d93	addi	x27,x6,-1029	  x6:0x80000000 x27=0x7ffffbfb
        7065000	       705	80001154	51068413	addi	x8,x13,1296	 x13:0x004fb72e  x8=0x004fbc3e
        7075000	       706	80001158	01dbabb3	slt	x23,x23,x29	 x23:0x8000a3a8 x29:0x00000000 x23=0x00000001
        7085000	       707	8000115c	99546313	ori	x6,x8,-1643	  x8:0x004fbc3e  x6=0xfffffdbf
        7095000	       708	80001160	6c701f97	auipc	x31,0x6c701	 x31=0xec70215c
        7105000	       709	80001164	01879c93	slli	x25,x15,0x18	 x15:0x00000101 x25=0x01000000
        7115000	       710	80001168	05234063	blt	x6,x18,800011a8	  x6:0xfffffdbf x18:0x00000000
        7125000	       711	00000000	00000013	addi	x0,x0,0	  x0:0x00000000
        7135000	       712	800011a4	00000013	addi	x0,x0,0	  x0:0x00000000
        7145000	       713	800011a8	e7e3bb93	sltiu	x23,x7,-386	  x7:0x00000001 x23=0x00000001
        7155000	       714	800011ac	015e1633	sll	x12,x28,x21	 x28:0x9244d000 x21:0x80000001 x12=0x2489a000
        7165000	       715	800011b0	00fb4e63	blt	x22,x15,800011cc	 x22:0x7fffffff x15:0x00000101
        7175000	       716	800011b4	f0605337	lui	x6,0xf0605	  x6=0xf0605000
        7185000	       717	800011b8	0126ea63	bltu	x13,x18,800011cc	 x13:0x004fb72e x18:0x00000000
        7195000	       718	800011bc	04ccd063	bge	x25,x12,800011fc	 x25:0x01000000 x12:0x2489a000
        7205000	       719	800011c0	8c262e93	slti	x29,x12,-1854	 x12:0x2489a000 x29=0x00000000
        7215000	       720	800011c4	8610aa93	slti	x21,x1,-1951	  x1:0x00000413 x21=0x00000000
        7225000	       721	800011c8	00d4c463	blt	x9,x13,800011d0	  x9:0x00000400 x13:0x004fb72e
        7235000	       722	00000000	00000013	addi	x0,x0,0	  x0:0x00000000
        7245000	       723	800011cc	00000013	addi	x0,x0,0	  x0:0x00000000
        7255000	       724	800011d0	bb240613	addi	x12,x8,-1102	  x8:0x004fbc3e x12=0x004fb7f0
        7265000	       725	800011d4	d885bc13	sltiu	x24,x11,-632	 x11:0x80000000 x24=0x00000001
        7275000	       726	800011d8	4921ecb7	lui	x25,0x4921e	 x25=0x4921e000
        7285000	       727	800011dc	00815cb3	srl	x25,x2,x8	  x2:0x00000000  x8:0x004fbc3e x25=0x00000000
        7295000	       728	800011e0	0567e463	bltu	x15,x22,80001228	 x15:0x00000101 x22:0x7fffffff
        7305000	       729	00000000	00000013	addi	x0,x0,0	  x0:0x00000000
        7315000	       730	80001224	00000013	addi	x0,x0,0	  x0:0x00000000
        7325000	       731	80001228	009eefb3	or	x31,x29,x9	 x29:0x00000000  x9:0x00000400 x31=0x00000400
        7335000	       732	8000122c	00000013	addi	x0,x0,0	  x0:0x00000000
        7345000	       733	80001230	05be1663	bne	x28,x27,8000127c	 x28:0x9244d000 x27:0x7ffffbfb
        7355000	       734	00000000	00000013	addi	x0,x0,0	  x0:0x00000000
        7365000	       735	80001278	00000013	addi	x0,x0,0	  x0:0x00000000
        7375000	       736	8000127c	015948b3	xor	x17,x18,x21	 x18:0x00000000 x21:0x00000000 x17=0x00000000
        7385000	       737	80001280	0348f663	bgeu	x17,x20,800012ac	 x17:0x00000000 x20:0x004fb600
        7395000	       738	80001284	047df863	bgeu	x27,x7,800012d4	 x27:0x7ffffbfb  x7:0x00000001
        7405000	       739	00000000	00000013	addi	x0,x0,0	  x0:0x00000000
        7415000	       740	800012d0	00000013	addi	x0,x0,0	  x0:0x00000000
        7425000	       741	800012d4	02bb6e63	bltu	x22,x11,80001310	 x22:0x7fffffff x11:0x80000000
        7435000	       742	00000000	00000013	addi	x0,x0,0	  x0:0x00000000
        7445000	       743	8000130c	00000013	addi	x0,x0,0	  x0:0x00000000
        7455000	       744	80001310	0351f863	bgeu	x3,x21,80001340	  x3:0x000104c0 x21:0x00000000
        7465000	       745	00000000	00000013	addi	x0,x0,0	  x0:0x00000000
        7475000	       746	8000133c	00000013	addi	x0,x0,0	  x0:0x00000000
        7485000	       747	80001340	2926e313	ori	x6,x13,658	 x13:0x004fb72e  x6=0x004fb7be
        7495000	       748	80001344	82ee7793	andi	x15,x28,-2002	 x28:0x9244d000 x15=0x9244d000
        7505000	       749	80001348	10355e63	bge	x10,x3,80001464	 x10:0x00008000  x3:0x000104c0
        7515000	       750	8000134c	190c3193	sltiu	x3,x24,400	 x24:0x00000001  x3=0x00000001
        7525000	       751	80001350	2437cd13	xori	x26,x15,579	 x15:0x9244d000 x26=0x9244d243
        7535000	       752	80001354	001d4033	xor	x0,x26,x1	 x26:0x9244d243  x1:0x00000413
        7545000	       753	80001358	41bfdd13	srai	x26,x31,0x1b	 x31:0x00000400 x26=0x00000000
        7555000	       754	8000135c	00008317	auipc	x6,0x8	  x6=0x80009358
        7565000	       755	80001360	9c030313	addi	x6,x6,-1600	  x6:0x80009358  x6=0x80008d18
        7575000	       756	80001364	13e31d23	sh	x30,314(x6)	  x6:0x80008d18 x30:0x80009f6c PA:0x80008e52
        7585000	       757	80001368	00000013	addi	x0,x0,0	  x0:0x00000000
        7595000	       758	8000136c	405b8fb3	sub	x31,x23,x5	 x23:0x00000001  x5:0x80009fc4 x31=0x7fff603d
        7605000	       759	80001370	73f3e813	ori	x16,x7,1855	  x7:0x00000001 x16=0x0000073f
        7615000	       760	80001374	0ca31c23	sh	x10,216(x6)	  x6:0x80008d18 x10:0x00008000 PA:0x80008df0
        7625000	       761	80001378	01b48133	add	x2,x9,x27	  x9:0x00000400 x27:0x7ffffbfb  x2=0x7ffffffb
        7635000	       762	8000137c	f1635b83	lhu	x23,-234(x6)	  x6:0x80008d18 x23=0x00001415 PA:0x80008c2e
        7645000	       763	80001380	506ef897	auipc	x17,0x506ef	 x17=0xd06f037c
        7655000	       764	80001384	1bf30aa3	sb	x31,437(x6)	  x6:0x80008d18 x31:0x7fff603d PA:0x80008ecd
        7665000	       765	80001388	408653b3	sra	x7,x12,x8	 x12:0x004fb7f0  x8:0x004fbc3e  x7=0x00000000
        7675000	       766	8000138c	1ba30b03	lb	x22,442(x6)	  x6:0x80008d18 x22=0xffffffb9 PA:0x80008ed2
        7685000	       767	80001390	05930883	lb	x17,89(x6)	  x6:0x80008d18 x17=0x0000005a PA:0x80008d71
        7695000	       768	80001394	1b830683	lb	x13,440(x6)	  x6:0x80008d18 x13=0xffffffbb PA:0x80008ed0
        7705000	       769	80001398	09b30683	lb	x13,155(x6)	  x6:0x80008d18 x13=0xffffff98 PA:0x80008db3
        7715000	       770	8000139c	00000013	addi	x0,x0,0	  x0:0x00000000
        7725000	       771	800013a0	22d34a83	lbu	x21,557(x6)	  x6:0x80008d18 x21=0x0000002e PA:0x80008f45
        7735000	       772	800013a4	724ba637	lui	x12,0x724ba	 x12=0x724ba000
        7745000	       773	800013a8	01fd0733	add	x14,x26,x31	 x26:0x00000000 x31:0x7fff603d x14=0x7fff603d
        7755000	       774	800013ac	fea34683	lbu	x13,-22(x6)	  x6:0x80008d18 x13=0x000000e9 PA:0x80008d02
        7765000	       775	800013b0	ee032d83	lw	x27,-288(x6)	  x6:0x80008d18 x27=0xe0e1e2e3 PA:0x80008bf8
        7775000	       776	800013b4	e116c713	xori	x14,x13,-495	 x13:0x000000e9 x14=0xfffffef8
        7785000	       777	800013b8	7513ae97	auipc	x29,0x7513a	 x29=0xf513b3b4
        7795000	       778	800013bc	001503b3	add	x7,x10,x1	 x10:0x00008000  x1:0x00000413  x7=0x00008413
        7805000	       779	800013c0	41e65fb3	sra	x31,x12,x30	 x12:0x724ba000 x30:0x80009f6c x31=0x000724ba
        7815000	       780	800013c4	00c1d133	srl	x2,x3,x12	  x3:0x00000001 x12:0x724ba000  x2=0x00000001
        7825000	       781	800013c8	4d702e13	slti	x28,x0,1239	  x0:0x00000000 x28=0x00000001
        7835000	       782	800013cc	01614033	xor	x0,x2,x22	  x2:0x00000001 x22:0xffffffb9
        7845000	       783	800013d0	01a770b3	and	x1,x14,x26	 x14:0xfffffef8 x26:0x00000000  x1=0x00000000
        7855000	       784	800013d4	01e7e033	or	x0,x15,x30	 x15:0x9244d000 x30:0x80009f6c
        7865000	       785	800013d8	0f66fa97	auipc	x21,0xf66f	 x21=0x8f6703d4
        7875000	       786	800013dc	007e9d13	slli	x26,x29,0x7	 x29:0xf513b3b4 x26=0x89d9da00
        7885000	       787	800013e0	0139f3b3	and	x7,x19,x19	 x19:0x80000000 x19:0x80000000  x7=0x80000000
        7895000	       788	800013e4	011cdbb3	srl	x23,x25,x17	 x25:0x00000000 x17:0x0000005a x23=0x00000000
        7905000	       789	800013e8	33547113	andi	x2,x8,821	  x8:0x004fbc3e  x2=0x00000034
        7915000	       790	800013ec	8ec05017	auipc	x0,0x8ec05	
        7925000	       791	800013f0	ded34a83	lbu	x21,-531(x6)	  x6:0x80008d18 x21=0x000000ee PA:0x80008b05
        7935000	       792	00000000	00000013	addi	x0,x0,0	  x0:0x00000000
        7945000	       793	800013f4	018ad393	srli	x7,x21,0x18	 x21:0x000000ee  x7=0x00000000
        7955000	       794	800013f8	ce031923	sh	x0,-782(x6)	  x6:0x80008d18  x0:0x00000000 PA:0x80008a0a
        7965000	       795	800013fc	01734a03	lbu	x20,23(x6)	  x6:0x80008d18 x20=0x00000014 PA:0x80008d2f
        7975000	       796	80001400	01b34183	lbu	x3,27(x6)	  x6:0x80008d18  x3=0x00000018 PA:0x80008d33
        7985000	       797	80001404	15734a83	lbu	x21,343(x6)	  x6:0x80008d18 x21=0x00000054 PA:0x80008e6f
        7995000	       798	80001408	011220b3	slt	x1,x4,x17	  x4:0x00000000 x17:0x0000005a  x1=0x00000001
        8005000	       799	8000140c	f2130783	lb	x15,-223(x6)	  x6:0x80008d18 x15=0x00000022 PA:0x80008c39
        8015000	       800	80001410	fb734883	lbu	x17,-73(x6)	  x6:0x80008d18 x17=0x000000b4 PA:0x80008ccf
        8025000	       801	80001414	00000013	addi	x0,x0,0	  x0:0x00000000
        8035000	       802	80001418	01e0e433	or	x8,x1,x30	  x1:0x00000001 x30:0x80009f6c  x8=0x80009f6d
        8045000	       803	8000141c	ec0158b7	lui	x17,0xec015	 x17=0xec015000
        8055000	       804	80001420	5d7cf113	andi	x2,x25,1495	 x25:0x00000000  x2=0x00000000
        8065000	       805	80001424	cf830aa3	sb	x24,-779(x6)	  x6:0x80008d18 x24:0x00000001 PA:0x80008a0d
        8075000	       806	80001428	00f91b33	sll	x22,x18,x15	 x18:0x00000000 x15:0x00000022 x22=0x00000000
        8085000	       807	8000142c	7e31fe93	andi	x29,x3,2019	  x3:0x00000018 x29=0x00000000
        8095000	       808	80001430	00ab8b33	add	x22,x23,x10	 x23:0x00000000 x10:0x00008000 x22=0x00008000
        8105000	       809	80001434	006c4fb3	xor	x31,x24,x6	 x24:0x00000001  x6:0x80008d18 x31=0x80008d19
        8115000	       810	80001438	076e27b7	lui	x15,0x76e2	 x15=0x076e2000
        8125000	       811	8000143c	00000013	addi	x0,x0,0	  x0:0x00000000
        8135000	       812	80001440	40015833	sra	x16,x2,x0	  x2:0x00000000  x0:0x00000000 x16=0x00000000
        8145000	       813	80001444	0117bc33	sltu	x24,x15,x17	 x15:0x076e2000 x17:0xec015000 x24=0x00000001
        8155000	       814	80001448	9c81f937	lui	x18,0x9c81f	 x18=0x9c81f000
        8165000	       815	8000144c	00242a33	slt	x20,x8,x2	  x8:0x80009f6d  x2:0x00000000 x20=0x00000001
        8175000	       816	80001450	76f64f93	xori	x31,x12,1903	 x12:0x724ba000 x31=0x724ba76f
        8185000	       817	80001454	00c1c9b3	xor	x19,x3,x12	  x3:0x00000018 x12:0x724ba000 x19=0x724ba018
        8195000	       818	80001458	28f37317	auipc	x6,0x28f37	  x6=0xa8f38454
        8205000	       819	8000145c	00d35193	srli	x3,x6,0xd	  x6:0xa8f38454  x3=0x0005479c
        8215000	       820	80001460	019f3bb3	sltu	x23,x30,x25	 x30:0x80009f6c x25:0x00000000 x23=0x00000000
        8225000	       821	80001464	03904263	blt	x0,x25,80001488	  x0:0x00000000 x25:0x00000000
        8235000	       822	80001468	0143d093	srli	x1,x7,0x14	  x7:0x00000000  x1=0x00000000
        8245000	       823	8000146c	bdc57013	andi	x0,x10,-1060	 x10:0x00008000
        8255000	       824	80001470	02e4f263	bgeu	x9,x14,80001494	  x9:0x00000400 x14:0xfffffef8
        8265000	       825	80001474	00c67ab3	and	x21,x12,x12	 x12:0x724ba000 x12:0x724ba000 x21=0x724ba000
        8275000	       826	80001478	40848bb3	sub	x23,x9,x8	  x9:0x00000400  x8:0x80009f6d x23=0x7fff6493
        8285000	       827	8000147c	004f8663	beq	x31,x4,80001488	 x31:0x724ba76f  x4:0x00000000
        8295000	       828	80001480	8c3f4e93	xori	x29,x30,-1853	 x30:0x80009f6c x29=0x7fff67af
        8305000	       829	80001484	408c8a33	sub	x20,x25,x8	 x25:0x00000000  x8:0x80009f6d x20=0x7fff6093
        8315000	       830	80001488	41ba0933	sub	x18,x20,x27	 x20:0x7fff6093 x27:0xe0e1e2e3 x18=0x9f1d7db0
        8325000	       831	8000148c	00341733	sll	x14,x8,x3	  x8:0x80009f6d  x3:0x0005479c x14=0xd0000000
        8335000	       832	80001490	ec47b993	sltiu	x19,x15,-316	 x15:0x076e2000 x19=0x00000001
        8345000	       833	80001494	00378033	add	x0,x15,x3	 x15:0x076e2000  x3:0x0005479c
        8355000	       834	80001498	418d5fb3	sra	x31,x26,x24	 x26:0x89d9da00 x24:0x00000001 x31=0xc4eced00
        8365000	       835	8000149c	b661b093	sltiu	x1,x3,-1178	  x3:0x0005479c  x1=0x00000001
        8375000	       836	800014a0	f92e2113	slti	x2,x28,-110	 x28:0x00000001  x2=0x00000000
        8385000	       837	800014a4	05b11463	bne	x2,x27,800014ec	  x2:0x00000000 x27:0xe0e1e2e3
        8395000	       838	00000000	00000013	addi	x0,x0,0	  x0:0x00000000
        8405000	       839	800014e8	00000013	addi	x0,x0,0	  x0:0x00000000
        8415000	       840	800014ec	dfb32713	slti	x14,x6,-517	  x6:0xa8f38454 x14=0x00000001
        8425000	       841	800014f0	002cd713	srli	x14,x25,0x2	 x25:0x00000000 x14=0x00000000
        8435000	       842	800014f4	adc96393	ori	x7,x18,-1316	 x18:0x9f1d7db0  x7=0xfffffffc
        8445000	       843	800014f8	012d9093	slli	x1,x27,0x12	 x27:0xe0e1e2e3  x1=0x8b8c0000
        8455000	       844	800014fc	00f39c13	slli	x24,x7,0xf	  x7:0xfffffffc x24=0xfffe0000
        8465000	       845	80001500	41c45193	srai	x3,x8,0x1c	  x8:0x80009f6d  x3=0xfffffff8
        8475000	       846	80001504	0131bfb3	sltu	x31,x3,x19	  x3:0xfffffff8 x19:0x00000001 x31=0x00000000
        8485000	       847	80001508	b2e01a17	auipc	x20,0xb2e01	 x20=0x32e02504
        8495000	       848	8000150c	e8685f97	auipc	x31,0xe8685	 x31=0x68686508
        8505000	       849	80001510	11f7e213	ori	x4,x15,287	 x15:0x076e2000  x4=0x076e211f
        8515000	       850	80001514	002278b3	and	x17,x4,x2	  x4:0x076e211f  x2:0x00000000 x17=0x00000000
        8525000	       851	80001518	000f1633	sll	x12,x30,x0	 x30:0x80009f6c  x0:0x00000000 x12=0x80009f6c
        8535000	       852	8000151c	f88d2993	slti	x19,x26,-120	 x26:0x89d9da00 x19=0x00000001
        8545000	       853	80001520	00000013	addi	x0,x0,0	  x0:0x00000000
        8555000	       854	80001524	e4104997	auipc	x19,0xe4104	 x19=0x64105520
        8565000	       855	80001528	01365e33	srl	x28,x12,x19	 x12:0x80009f6c x19:0x64105520 x28=0x80009f6c
        8575000	       856	8000152c	2c9e4c13	xori	x24,x28,713	 x28:0x80009f6c x24=0x80009da5
        8585000	       857	80001530	d66e8437	lui	x8,0xd66e8	  x8=0xd66e8000
        8595000	       858	80001534	011ef4b3	and	x9,x29,x17	 x29:0x7fff67af x17:0x00000000  x9=0x00000000
        8605000	       859	80001538	41a1ddb3	sra	x27,x3,x26	  x3:0xfffffff8 x26:0x89d9da00 x27=0xfffffff8
        8615000	       860	8000153c	1479aa13	slti	x20,x19,327	 x19:0x64105520 x20=0x00000000
        8625000	       861	80001540	006f3933	sltu	x18,x30,x6	 x30:0x80009f6c  x6:0xa8f38454 x18=0x00000001
        8635000	       862	80001544	02a51063	bne	x10,x10,80001564	 x10:0x00008000 x10:0x00008000
        8645000	       863	80001548	292187b7	lui	x15,0x29218	 x15=0x29218000
        8655000	       864	8000154c	039e5c63	bge	x28,x25,80001584	 x28:0x80009f6c x25:0x00000000
        8665000	       865	80001550	285a8413	addi	x8,x21,645	 x21:0x724ba000  x8=0x724ba285
        8675000	       866	80001554	00000013	addi	x0,x0,0	  x0:0x00000000
        8685000	       867	80001558	40398bb3	sub	x23,x19,x3	 x19:0x64105520  x3:0xfffffff8 x23=0x64105528
        8695000	       868	8000155c	02e59c63	bne	x11,x14,80001594	 x11:0x80000000 x14:0x00000000
        8705000	       869	00000000	00000013	addi	x0,x0,0	  x0:0x00000000
        8715000	       870	80001590	00000013	addi	x0,x0,0	  x0:0x00000000
        8725000	       871	80001594	0049b0b3	sltu	x1,x19,x4	 x19:0x64105520  x4:0x076e211f  x1=0x00000000
        8735000	       872	80001598	cd298b13	addi	x22,x19,-814	 x19:0x64105520 x22=0x641051f2
        8745000	       873	8000159c	004f2803	lw	x16,4(x30)	 x30:0x80009f6c x16=0x80000150 PA:0x80009f70
        8755000	       874	800015a0	0134d8b3	srl	x17,x9,x19	  x9:0x00000000 x19:0x64105520 x17=0x00000000
        8765000	       875	800015a4	018f0f13	addi	x30,x30,24	 x30:0x80009f6c x30=0x80009f84
        8775000	       876	800015a8	b7f4e213	ori	x4,x9,-1153	  x9:0x00000000  x4=0xfffffb7f
        8785000	       877	800015ac	00180693	addi	x13,x16,1	 x16:0x80000150 x13=0x80000151
        8795000	       878	800015b0	000686e7	jalr	x13,x13,0	 x13:0x80000151 x13=0x800015b0
        8805000	       879	00000000	00000013	addi	x0,x0,0	  x0:0x00000000
        8815000	       880	80000150	00000013	addi	x0,x0,0	  x0:0x00000000
        8825000	       881	80000154	00008c97	auipc	x25,0x8	 x25=0x80008150
        8835000	       882	80000158	efcc8c93	addi	x25,x25,-260	 x25:0x80008150 x25=0x8000804c
        8845000	       883	8000015c	00ccd7b3	srl	x15,x25,x12	 x25:0x8000804c x12:0x80009f6c x15=0x00080008
        8855000	       884	80000160	fffcce03	lbu	x28,-1(x25)	 x25:0x8000804c x28=0x00000000 PA:0x8000804b
        8865000	       885	80000164	ff2c8ea3	sb	x18,-3(x25)	 x25:0x8000804c x18:0x00000001 PA:0x80008049
        8875000	       886	80000168	007c9423	sh	x7,8(x25)	 x25:0x8000804c  x7:0xfffffffc PA:0x80008054
        8885000	       887	8000016c	007ccf83	lbu	x31,7(x25)	 x25:0x8000804c x31=0x00000008 PA:0x80008053
        8895000	       888	80000170	01a9c4b3	xor	x9,x19,x26	 x19:0x64105520 x26:0x89d9da00  x9=0xedc98f20
        8905000	       889	80000174	00bc85a3	sb	x11,11(x25)	 x25:0x8000804c x11:0x80000000 PA:0x80008057
        8915000	       890	80000178	010c9323	sh	x16,6(x25)	 x25:0x8000804c x16:0x80000150 PA:0x80008052
        8925000	       891	8000017c	017c8623	sb	x23,12(x25)	 x25:0x8000804c x23:0x64105528 PA:0x80008058
        8935000	       892	80000180	009cc183	lbu	x3,9(x25)	 x25:0x8000804c  x3=0x000000ff PA:0x80008055
        8945000	       893	80000184	016c80a3	sb	x22,1(x25)	 x25:0x8000804c x22:0x641051f2 PA:0x8000804d
        8955000	       894	80000188	003c8703	lb	x14,3(x25)	 x25:0x8000804c x14=0x00000004 PA:0x8000804f
        8965000	       895	8000018c	4174d6b3	sra	x13,x9,x23	  x9:0xedc98f20 x23:0x64105528 x13=0xffedc98f
        8975000	       896	80000190	006cc103	lbu	x2,6(x25)	 x25:0x8000804c  x2=0x00000050 PA:0x80008052
        8985000	       897	80000194	ffecd683	lhu	x13,-2(x25)	 x25:0x8000804c x13=0x00000001 PA:0x8000804a
        8995000	       898	80000198	01ac8123	sb	x26,2(x25)	 x25:0x8000804c x26:0x89d9da00 PA:0x8000804e
        9005000	       899	8000019c	009cca83	lbu	x21,9(x25)	 x25:0x8000804c x21=0x000000ff PA:0x80008055
        9015000	       900	800001a0	00229833	sll	x16,x5,x2	  x5:0x80009fc4  x2:0x00000050 x16=0x9fc40000
        9025000	       901	800001a4	41b553b3	sra	x7,x10,x27	 x10:0x00008000 x27:0xfffffff8  x7=0x00000000
        9035000	       902	800001a8	00000013	addi	x0,x0,0	  x0:0x00000000
        9045000	       903	800001ac	00ec8603	lb	x12,14(x25)	 x25:0x8000804c x12=0x00000011 PA:0x8000805a
        9055000	       904	800001b0	000c9a03	lh	x20,0(x25)	 x25:0x8000804c x20=0xfffff207 PA:0x8000804c
        9065000	       905	800001b4	016c83a3	sb	x22,7(x25)	 x25:0x8000804c x22:0x641051f2 PA:0x80008053
        9075000	       906	800001b8	0114fab3	and	x21,x9,x17	  x9:0xedc98f20 x17:0x00000000 x21=0x00000000
        9085000	       907	800001bc	009cc203	lbu	x4,9(x25)	 x25:0x8000804c  x4=0x000000ff PA:0x80008055
        9095000	       908	800001c0	fd7c2713	slti	x14,x24,-41	 x24:0x80009da5 x14=0x00000001
        9105000	       909	800001c4	2902b493	sltiu	x9,x5,656	  x5:0x80009fc4  x9=0x00000000
        9115000	       910	800001c8	01bf9eb3	sll	x29,x31,x27	 x31:0x00000008 x27:0xfffffff8 x29=0x08000000
        9125000	       911	800001cc	ac1d6393	ori	x7,x26,-1343	 x26:0x89d9da00  x7=0xfffffac1
        9135000	       912	800001d0	41e25c33	sra	x24,x4,x30	  x4:0x000000ff x30:0x80009f84 x24=0x0000000f
        9145000	       913	800001d4	01cc84a3	sb	x28,9(x25)	 x25:0x8000804c x28:0x00000000 PA:0x80008055
        9155000	       914	800001d8	01bc84a3	sb	x27,9(x25)	 x25:0x8000804c x27:0xfffffff8 PA:0x80008055
        9165000	       915	800001dc	00eccc03	lbu	x24,14(x25)	 x25:0x8000804c x24=0x00000011 PA:0x8000805a
        9175000	       916	800001e0	40975993	srai	x19,x14,0x9	 x14:0x00000001 x19=0x00000000
        9185000	       917	800001e4	01fd63b3	or	x7,x26,x31	 x26:0x89d9da00 x31:0x00000008  x7=0x89d9da08
        9195000	       918	800001e8	005e8bb3	add	x23,x29,x5	 x29:0x08000000  x5:0x80009fc4 x23=0x88009fc4
        9205000	       919	800001ec	ffdc8a83	lb	x21,-3(x25)	 x25:0x8000804c x21=0x00000001 PA:0x80008049
        9215000	       920	800001f0	003c87a3	sb	x3,15(x25)	 x25:0x8000804c  x3:0x000000ff PA:0x8000805b
        9225000	       921	800001f4	009c8003	lb	x0,9(x25)	 x25:0x8000804c PA:0x80008055
        9235000	       922	800001f8	fe3c8e23	sb	x3,-4(x25)	 x25:0x8000804c  x3:0x000000ff PA:0x80008048
        9245000	       923	800001fc	e8dfe793	ori	x15,x31,-371	 x31:0x00000008 x15=0xfffffe8d
        9255000	       924	80000200	01055b13	srli	x22,x10,0x10	 x10:0x00008000 x22=0x00000000
        9265000	       925	80000204	00ecc603	lbu	x12,14(x25)	 x25:0x8000804c x12=0x00000011 PA:0x8000805a
        9275000	       926	80000208	018c85a3	sb	x24,11(x25)	 x25:0x8000804c x24:0x00000011 PA:0x80008057
        9285000	       927	8000020c	001c8203	lb	x4,1(x25)	 x25:0x8000804c  x4=0xfffffff2 PA:0x8000804d
        9295000	       928	80000210	006c86a3	sb	x6,13(x25)	 x25:0x8000804c  x6:0xa8f38454 PA:0x80008059
        9305000	       929	80000214	008837b3	sltu	x15,x16,x8	 x16:0x9fc40000  x8:0x724ba285 x15=0x00000000
        9315000	       930	80000218	fefc9f23	sh	x15,-2(x25)	 x25:0x8000804c x15:0x00000000 PA:0x8000804a
        9325000	       931	8000021c	00008d17	auipc	x26,0x8	 x26=0x80008218
        9335000	       932	80000220	fe5d0d13	addi	x26,x26,-27	 x26:0x80008218 x26=0x800081fd
        9345000	       933	80000224	00008397	auipc	x7,0x8	  x7=0x80008220
        9355000	       934	80000228	43038393	addi	x7,x7,1072	  x7:0x80008220  x7=0x80008650
        9365000	       935	8000022c	f35d0223	sb	x21,-220(x26)	 x26:0x800081fd x21:0x00000001 PA:0x80008121
        9375000	       936	80000230	00008c97	auipc	x25,0x8	 x25=0x8000822c
        9385000	       937	80000234	e6fc8c93	addi	x25,x25,-401	 x25:0x8000822c x25=0x8000809b
        9395000	       938	80000238	fc6387a3	sb	x6,-49(x7)	  x7:0x80008650  x6:0xa8f38454 PA:0x8000861f
        9405000	       939	8000023c	fe83d183	lhu	x3,-24(x7)	  x7:0x80008650  x3=0x0000f2f3 PA:0x80008638
        9415000	       940	80000240	00008d97	auipc	x27,0x8	 x27=0x8000823c
        9425000	       941	80000244	4f7d8d93	addi	x27,x27,1271	 x27:0x8000823c x27=0x80008733
        9435000	       942	80000248	ff0cc983	lbu	x19,-16(x25)	 x25:0x8000809b x19=0x00000040 PA:0x8000808b
        9445000	       943	8000024c	fbcd0b03	lb	x22,-68(x26)	 x26:0x800081fd x22=0x00000072 PA:0x800081b9
        9455000	       944	80000250	01ad80a3	sb	x26,1(x27)	 x27:0x80008733 x26:0x800081fd PA:0x80008734
        9465000	       945	80000254	01738803	lb	x16,23(x7)	  x7:0x80008650 x16=0x0000001c PA:0x80008667
        9475000	       946	80000258	ff5c9303	lh	x6,-11(x25)	 x25:0x8000809b  x6=0x00004a4b PA:0x80008090
        9485000	       947	8000025c	002c8603	lb	x12,2(x25)	 x25:0x8000809b x12=0x00000056 PA:0x8000809d
        9495000	       948	80000260	fc2d8b83	lb	x23,-62(x27)	 x27:0x80008733 x23=0xffffffae PA:0x800086f5
        9505000	       949	80000264	042d4e03	lbu	x28,66(x26)	 x26:0x800081fd x28=0x000000f4 PA:0x8000823f
        9515000	       950	80000268	03e3d483	lhu	x9,62(x7)	  x7:0x80008650  x9=0x00008c2c PA:0x8000868e
        9525000	       951	8000026c	001dd903	lhu	x18,1(x27)	 x27:0x80008733 x18=0x0000eefd PA:0x80008734
        9535000	       952	80000270	f80d4503	lbu	x10,-128(x26)	 x26:0x800081fd x10=0x00000036 PA:0x8000817d
        9545000	       953	00000000	00000013	addi	x0,x0,0	  x0:0x00000000
        9555000	       954	80000274	02adcc03	lbu	x24,42(x27)	 x27:0x80008733 x24=0x00000016 PA:0x8000875d
        9565000	       955	80000278	fcdd9783	lh	x15,-51(x27)	 x27:0x80008733 x15=0xffffbabb PA:0x80008700
        9575000	       956	8000027c	f22d4883	lbu	x17,-222(x26)	 x26:0x800081fd x17=0x000000d4 PA:0x8000811f
        9585000	       957	80000280	fc0d8a23	sb	x0,-44(x27)	 x27:0x80008733  x0:0x00000000 PA:0x80008707
        9595000	       958	80000284	03b3c603	lbu	x12,59(x7)	  x7:0x80008650 x12=0x00000040 PA:0x8000868b
        9605000	       959	80000288	020dcb83	lbu	x23,32(x27)	 x27:0x80008733 x23=0x00000008 PA:0x80008753
        9615000	       960	8000028c	ffccc203	lbu	x4,-4(x25)	 x25:0x8000809b  x4=0x0000004c PA:0x80008097
        9625000	       961	80000290	fe938883	lb	x17,-23(x7)	  x7:0x80008650 x17=0xfffffff2 PA:0x80008639
        9635000	       962	80000294	f0fd0923	sb	x15,-238(x26)	 x26:0x800081fd x15:0xffffbabb PA:0x8000810f
        9645000	       963	80000298	004ccb83	lbu	x23,4(x25)	 x25:0x8000809b x23=0x00000054 PA:0x8000809f
        9655000	       964	8000029c	01c38683	lb	x13,28(x7)	  x7:0x80008650 x13=0x00000027 PA:0x8000866c
        9665000	       965	800002a0	f2fd2603	lw	x12,-209(x26)	 x26:0x800081fd x12=0xe4e5e6e7 PA:0x8000812c
        9675000	       966	800002a4	02fd93a3	sh	x15,39(x27)	 x27:0x80008733 x15:0xffffbabb PA:0x8000875a
        9685000	       967	800002a8	f56d4c03	lbu	x24,-170(x26)	 x26:0x800081fd x24=0x00000008 PA:0x80008153
        9695000	       968	800002ac	0173c303	lbu	x6,23(x7)	  x7:0x80008650  x6=0x0000001c PA:0x80008667
        9705000	       969	800002b0	05438023	sb	x20,64(x7)	  x7:0x80008650 x20:0xfffff207 PA:0x80008690
        9715000	       970	800002b4	fdfd8a03	lb	x20,-33(x27)	 x27:0x80008733 x20=0xffffffc9 PA:0x80008712
        9725000	       971	800002b8	f48d04a3	sb	x8,-183(x26)	 x26:0x800081fd  x8:0x724ba285 PA:0x80008146
        9735000	       972	800002bc	00008717	auipc	x14,0x8	 x14=0x800082b8
        9745000	       973	800002c0	3f470713	addi	x14,x14,1012	 x14:0x800082b8 x14=0x800086ac
        9755000	       974	800002c4	41c48b33	sub	x22,x9,x28	  x9:0x00008c2c x28:0x000000f4 x22=0x00008b38
        9765000	       975	800002c8	fe171b23	sh	x1,-10(x14)	 x14:0x800086ac  x1:0x00000000 PA:0x800086a2
        9775000	       976	800002cc	4072dd33	sra	x26,x5,x7	  x5:0x80009fc4  x7:0x80008650 x26=0xffff8000
        9785000	       977	800002d0	ff671603	lh	x12,-10(x14)	 x14:0x800086ac x12=0x00000000 PA:0x800086a2
        9795000	       978	800002d4	018f7633	and	x12,x30,x24	 x30:0x80009f84 x24:0x00000008 x12=0x00000000
        9805000	       979	800002d8	ff671883	lh	x17,-10(x14)	 x14:0x800086ac x17=0x00000000 PA:0x800086a2
        9815000	       980	800002dc	ff271b23	sh	x18,-10(x14)	 x14:0x800086ac x18:0x0000eefd PA:0x800086a2
        9825000	       981	800002e0	fe970b23	sb	x9,-10(x14)	 x14:0x800086ac  x9:0x00008c2c PA:0x800086a2
        9835000	       982	800002e4	ff675003	lhu	x0,-10(x14)	 x14:0x800086ac PA:0x800086a2
        9845000	       983	800002e8	ff674783	lbu	x15,-10(x14)	 x14:0x800086ac x15=0x0000002c PA:0x800086a2
        9855000	       984	800002ec	ff671183	lh	x3,-10(x14)	 x14:0x800086ac  x3=0xffffee2c PA:0x800086a2
        9865000	       985	800002f0	ff674683	lbu	x13,-10(x14)	 x14:0x800086ac x13=0x0000002c PA:0x800086a2
        9875000	       986	800002f4	feb70b23	sb	x11,-10(x14)	 x14:0x800086ac x11:0x80000000 PA:0x800086a2
        9885000	       987	800002f8	fff74683	lbu	x13,-1(x14)	 x14:0x800086ac x13=0x00000060 PA:0x800086ab
        9895000	       988	800002fc	fff70e03	lb	x28,-1(x14)	 x14:0x800086ac x28=0x00000060 PA:0x800086ab
        9905000	       989	80000300	002484b3	add	x9,x9,x2	  x9:0x00008c2c  x2:0x00000050  x9=0x00008c7c
        9915000	       990	80000304	fff70c03	lb	x24,-1(x14)	 x14:0x800086ac x24=0x00000060 PA:0x800086ab
        9925000	       991	80000308	07173d93	sltiu	x27,x14,113	 x14:0x800086ac x27=0x00000000
        9935000	       992	8000030c	fff70383	lb	x7,-1(x14)	 x14:0x800086ac  x7=0x00000060 PA:0x800086ab
        9945000	       993	80000310	972d7213	andi	x4,x26,-1678	 x26:0xffff8000  x4=0xffff8000
        9955000	       994	80000314	f2bbb613	sltiu	x12,x23,-213	 x23:0x00000054 x12=0x00000001
        9965000	       995	80000318	fff70e03	lb	x28,-1(x14)	 x14:0x800086ac x28=0x00000060 PA:0x800086ab
        9975000	       996	00000000	00000013	addi	x0,x0,0	  x0:0x00000000
        9985000	       997	8000031c	cdcfec93	ori	x25,x31,-804	 x31:0x00000008 x25=0xfffffcdc
        9995000	       998	80000320	7e4dee93	ori	x29,x27,2020	 x27:0x00000000 x29=0x000007e4
       10005000	       999	80000324	83eb3413	sltiu	x8,x22,-1986	 x22:0x00008b38  x8=0x00000001
       10015000	      1000	80000328	e4808713	addi	x14,x1,-440	  x1:0x00000000 x14=0xfffffe48
       10025000	      1001	8000032c	00881893	slli	x17,x16,0x8	 x16:0x0000001c x17=0x00001c00
       10035000	      1002	80000330	41045c93	srai	x25,x8,0x10	  x8:0x00000001 x25=0x00000000
       10045000	      1003	80000334	4099cc13	xori	x24,x19,1033	 x19:0x00000040 x24=0x00000449
       10055000	      1004	80000338	04f17463	bgeu	x2,x15,80000380	  x2:0x00000050 x15:0x0000002c
       10065000	      1005	00000000	00000013	addi	x0,x0,0	  x0:0x00000000
       10075000	      1006	8000037c	00000013	addi	x0,x0,0	  x0:0x00000000
       10085000	      1007	80000380	019538b3	sltu	x17,x10,x25	 x10:0x00000036 x25:0x00000000 x17=0x00000000
       10095000	      1008	80000384	4064d093	srai	x1,x9,0x6	  x9:0x00008c7c  x1=0x00000231
       10105000	      1009	80000388	03227463	bgeu	x4,x18,800003b0	  x4:0xffff8000 x18:0x0000eefd
       10115000	      1010	00000000	00000013	addi	x0,x0,0	  x0:0x00000000
       10125000	      1011	800003ac	00000013	addi	x0,x0,0	  x0:0x00000000
       10135000	      1012	800003b0	00257cb3	and	x25,x10,x2	 x10:0x00000036  x2:0x00000050 x25=0x00000010
       10145000	      1013	800003b4	5c817f93	andi	x31,x2,1480	  x2:0x00000050 x31=0x00000040
       10155000	      1014	800003b8	020a5a63	bge	x20,x0,800003ec	 x20:0xffffffc9  x0:0x00000000
       10165000	      1015	800003bc	00038ab3	add	x21,x7,x0	  x7:0x00000060  x0:0x00000000 x21=0x00000060
       10175000	      1016	800003c0	03fe4063	blt	x28,x31,800003e0	 x28:0x00000060 x31:0x00000040
       10185000	      1017	800003c4	02ec5263	bge	x24,x14,800003e8	 x24:0x00000449 x14:0xfffffe48
       10195000	      1018	00000000	00000013	addi	x0,x0,0	  x0:0x00000000
       10205000	      1019	800003e4	00000013	addi	x0,x0,0	  x0:0x00000000
       10215000	      1020	800003e8	05840063	beq	x8,x24,80000428	  x8:0x00000001 x24:0x00000449
       10225000	      1021	800003ec	02f6e263	bltu	x13,x15,80000410	 x13:0x00000060 x15:0x0000002c
       10235000	      1022	800003f0	00000013	addi	x0,x0,0	  x0:0x00000000
       10245000	      1023	800003f4	01d11993	slli	x19,x2,0x1d	  x2:0x00000050 x19=0x00000000
       10255000	      1024	800003f8	401e8cb3	sub	x25,x29,x1	 x29:0x000007e4  x1:0x00000231 x25=0x000005b3
       10265000	      1025	800003fc	404a0c33	sub	x24,x20,x4	 x20:0xffffffc9  x4:0xffff8000 x24=0x00007fc9
       10275000	      1026	80000400	00845793	srli	x15,x8,0x8	  x8:0x00000001 x15=0x00000000
       10285000	      1027	80000404	41775a33	sra	x20,x14,x23	 x14:0xfffffe48 x23:0x00000054 x20=0xffffffff
       10295000	      1028	80000408	016df663	bgeu	x27,x22,80000414	 x27:0x00000000 x22:0x00008b38
       10305000	      1029	8000040c	00000013	addi	x0,x0,0	  x0:0x00000000
       10315000	      1030	80000410	040e9063	bne	x29,x0,80000450	 x29:0x000007e4  x0:0x00000000
       10325000	      1031	00000000	00000013	addi	x0,x0,0	  x0:0x00000000
       10335000	      1032	8000044c	00000013	addi	x0,x0,0	  x0:0x00000000
       10345000	      1033	80000450	c8b98197	auipc	x3,0xc8b98	  x3=0x48b9844c
       10355000	      1034	80000454	00daae33	slt	x28,x21,x13	 x21:0x00000060 x13:0x00000060 x28=0x00000000
       10365000	      1035	80000458	001768b3	or	x17,x14,x1	 x14:0xfffffe48  x1:0x00000231 x17=0xfffffe79
       10375000	      1036	8000045c	01d833b3	sltu	x7,x16,x29	 x16:0x0000001c x29:0x000007e4  x7=0x00000001
       10385000	      1037	80000460	20564d93	xori	x27,x12,517	 x12:0x00000001 x27=0x00000204
       10395000	      1038	80000464	02f60063	beq	x12,x15,80000484	 x12:0x00000001 x15:0x00000000
       10405000	      1039	80000468	04959463	bne	x11,x9,800004b0	 x11:0x80000000  x9:0x00008c7c
       10415000	      1040	00000000	00000013	addi	x0,x0,0	  x0:0x00000000
       10425000	      1041	800004ac	00000013	addi	x0,x0,0	  x0:0x00000000
       10435000	      1042	800004b0	0180f7b3	and	x15,x1,x24	  x1:0x00000231 x24:0x00007fc9 x15=0x00000201
       10445000	      1043	800004b4	0149ccb3	xor	x25,x19,x20	 x19:0x00000000 x20:0xffffffff x25=0xffffffff
       10455000	      1044	800004b8	41eb8d33	sub	x26,x23,x30	 x23:0x00000054 x30:0x80009f84 x26=0x7fff60d0
       10465000	      1045	800004bc	04dcc063	blt	x25,x13,800004fc	 x25:0xffffffff x13:0x00000060
       10475000	      1046	00000000	00000013	addi	x0,x0,0	  x0:0x00000000
       10485000	      1047	800004f8	00000013	addi	x0,x0,0	  x0:0x00000000
       10495000	      1048	800004fc	06134463	blt	x6,x1,80000564	  x6:0x0000001c  x1:0x00000231
       10505000	      1049	00000000	00000013	addi	x0,x0,0	  x0:0x00000000
       10515000	      1050	80000560	00000013	addi	x0,x0,0	  x0:0x00000000
       10525000	      1051	80000564	00099693	slli	x13,x19,0x0	 x19:0x00000000 x13=0x00000000
       10535000	      1052	80000568	00000597	auipc	x11,0x0	 x11=0x80000564
       10545000	      1053	8000056c	00c58593	addi	x11,x11,12	 x11:0x80000564 x11=0x80000570
       10555000	      1054	80000570	00058067	jalr	x0,x11,0	 x11:0x80000570
       10565000	      1055	00000000	00000013	addi	x0,x0,0	  x0:0x00000000
       10575000	      1056	80000570	00000013	addi	x0,x0,0	  x0:0x00000000
       10585000	      1057	80000574	00100193	addi	x3,x0,1	  x0:0x00000000  x3=0x00000001
       10595000	      1058	80000578	00000073	ecall	
       10605000	      1059	8000057c	00cf4e33	xor	x28,x30,x12	 x30:0x80009f84 x12:0x00000001 x28=0x80009f85
