		Time			Cycle	PC		Insn	Decoded instruction	Register and memory contents
          65000	         5	80000004	00000293	addi	x5,x0,0	  x0:0x00000000  x5=0x00000000
          75000	         6	80000008	00000313	addi	x6,x0,0	  x0:0x00000000  x6=0x00000000
          85000	         7	8000000c	00628263	beq	x5,x6,80000010	  x5:0x00000000  x6:0x00000000
          95000	         8	00000000	00000013	addi	x0,x0,0	  x0:0x00000000
         105000	         9	8000000c	00000013	addi	x0,x0,0	  x0:0x00000000
         115000	        10	80000010	00000997	auipc	x19,0x0	 x19=0x8000000c
         125000	        11	80000014	00c98993	addi	x19,x19,12	 x19:0x8000000c x19=0x80000018
         135000	        12	80000018	00098067	jalr	x0,x19,0	 x19:0x80000018
         145000	        13	00000000	00000013	addi	x0,x0,0	  x0:0x00000000
         155000	        14	80000018	00000013	addi	x0,x0,0	  x0:0x00000000
         165000	        15	8000001c	400007b7	lui	x15,0x40000	 x15=0x40000000
         175000	        16	80000020	10078793	addi	x15,x15,256	 x15:0x40000000 x15=0x40000100
         185000	        17	80000024	00000013	addi	x0,x0,0	  x0:0x00000000
         195000	        18	80000028	0000a717	auipc	x14,0xa	 x14=0x8000a024
         205000	        19	8000002c	fa070713	addi	x14,x14,-96	 x14:0x8000a024 x14=0x80009fc4
         215000	        20	80000030	00003797	auipc	x15,0x3	 x15=0x8000302c
         225000	        21	80000034	8b478793	addi	x15,x15,-1868	 x15:0x8000302c x15=0x800028e0
         235000	        22	80000038	0017e793	ori	x15,x15,1	 x15:0x800028e0 x15=0x800028e1
         245000	        23	8000003c	00000013	addi	x0,x0,0	  x0:0x00000000
         255000	        24	80000040	00000797	auipc	x15,0x0	 x15=0x8000003c
         265000	        25	80000044	02078793	addi	x15,x15,32	 x15:0x8000003c x15=0x8000005c
         275000	        26	80000048	00000013	addi	x0,x0,0	  x0:0x00000000
         285000	        27	8000004c	00000013	addi	x0,x0,0	  x0:0x00000000
         295000	        28	80000050	000027b7	lui	x15,0x2	 x15=0x00002000
         305000	        29	80000054	80078793	addi	x15,x15,-2048	 x15:0x00002000 x15=0x00001800
         315000	        30	80000058	00000013	addi	x0,x0,0	  x0:0x00000000
         325000	        31	8000005c	00000013	addi	x0,x0,0	  x0:0x00000000
         335000	        32	80000060	feb03037	lui	x0,0xfeb03	
         345000	        33	80000064	30e00013	addi	x0,x0,782	  x0:0x00000000
         355000	        34	80000068	800000b7	lui	x1,0x80000	  x1=0x80000000
         365000	        35	8000006c	00100113	addi	x2,x0,1	  x0:0x00000000  x2=0x00000001
         375000	        36	80000070	f78941b7	lui	x3,0xf7894	  x3=0xf7894000
         385000	        37	80000074	a2d18193	addi	x3,x3,-1491	  x3:0xf7894000  x3=0xf7893a2d
         395000	        38	80000078	00800213	addi	x4,x0,8	  x0:0x00000000  x4=0x00000008
         405000	        39	8000007c	00e00293	addi	x5,x0,14	  x0:0x00000000  x5=0x0000000e
         415000	        40	80000080	3fe18337	lui	x6,0x3fe18	  x6=0x3fe18000
         425000	        41	80000084	19b30313	addi	x6,x6,411	  x6:0x3fe18000  x6=0x3fe1819b
         435000	        42	80000088	00000393	addi	x7,x0,0	  x0:0x00000000  x7=0x00000000
         445000	        43	8000008c	80000437	lui	x8,0x80000	  x8=0x80000000
         455000	        44	80000090	00000493	addi	x9,x0,0	  x0:0x00000000  x9=0x00000000
         465000	        45	80000094	80000537	lui	x10,0x80000	 x10=0x80000000
         475000	        46	80000098	00900593	addi	x11,x0,9	  x0:0x00000000 x11=0x00000009
         485000	        47	8000009c	f551f637	lui	x12,0xf551f	 x12=0xf551f000
         495000	        48	800000a0	60860613	addi	x12,x12,1544	 x12:0xf551f000 x12=0xf551f608
         505000	        49	800000a4	f9c2a6b7	lui	x13,0xf9c2a	 x13=0xf9c2a000
         515000	        50	800000a8	99868693	addi	x13,x13,-1640	 x13:0xf9c2a000 x13=0xf9c29998
         525000	        51	800000ac	00e00793	addi	x15,x0,14	  x0:0x00000000 x15=0x0000000e
         535000	        52	800000b0	30192837	lui	x16,0x30192	 x16=0x30192000
         545000	        53	800000b4	d5680813	addi	x16,x16,-682	 x16:0x30192000 x16=0x30191d56
         555000	        54	800000b8	69bab937	lui	x18,0x69bab	 x18=0x69bab000
         565000	        55	800000bc	bdc90913	addi	x18,x18,-1060	 x18:0x69bab000 x18=0x69baabdc
         575000	        56	800000c0	00400993	addi	x19,x0,4	  x0:0x00000000 x19=0x00000004
         585000	        57	800000c4	80000a37	lui	x20,0x80000	 x20=0x80000000
         595000	        58	800000c8	00d00a93	addi	x21,x0,13	  x0:0x00000000 x21=0x0000000d
         605000	        59	800000cc	00000b13	addi	x22,x0,0	  x0:0x00000000 x22=0x00000000
         615000	        60	800000d0	80000bb7	lui	x23,0x80000	 x23=0x80000000
         625000	        61	800000d4	80000c37	lui	x24,0x80000	 x24=0x80000000
         635000	        62	800000d8	00000c93	addi	x25,x0,0	  x0:0x00000000 x25=0x00000000
         645000	        63	800000dc	00000d13	addi	x26,x0,0	  x0:0x00000000 x26=0x00000000
         655000	        64	800000e0	00a00d93	addi	x27,x0,10	  x0:0x00000000 x27=0x0000000a
         665000	        65	800000e4	00000e13	addi	x28,x0,0	  x0:0x00000000 x28=0x00000000
         675000	        66	800000e8	80000eb7	lui	x29,0x80000	 x29=0x80000000
         685000	        67	800000ec	00000f13	addi	x30,x0,0	  x0:0x00000000 x30=0x00000000
         695000	        68	800000f0	00c00f93	addi	x31,x0,12	  x0:0x00000000 x31=0x0000000c
         705000	        69	800000f4	0000a897	auipc	x17,0xa	 x17=0x8000a0f0
         715000	        70	800000f8	e9488893	addi	x17,x17,-364	 x17:0x8000a0f0 x17=0x80009f84
         725000	        71	800000fc	00008117	auipc	x2,0x8	  x2=0x800080f8
         735000	        72	80000100	06010113	addi	x2,x2,96	  x2:0x800080f8  x2=0x80008158
         745000	        73	80000104	00008a17	auipc	x20,0x8	 x20=0x80008100
         755000	        74	80000108	5a0a0a13	addi	x20,x20,1440	 x20:0x80008100 x20=0x800086a0
         765000	        75	8000010c	00008b97	auipc	x23,0x8	 x23=0x80008108
         775000	        76	80000110	3abb8b93	addi	x23,x23,939	 x23:0x80008108 x23=0x800084b3
         785000	        77	80000114	00008617	auipc	x12,0x8	 x12=0x80008110
         795000	        78	80000118	46460613	addi	x12,x12,1124	 x12:0x80008110 x12=0x80008574
         805000	        79	8000011c	00a10803	lb	x16,10(x2)	  x2:0x80008158 x16=0xffffff8b PA:0x80008162
         815000	        80	80000120	feb11c23	sh	x11,-8(x2)	  x2:0x80008158 x11:0x00000009 PA:0x80008150
         825000	        81	80000124	00008217	auipc	x4,0x8	  x4=0x80008120
         835000	        82	80000128	f2e20213	addi	x4,x4,-210	  x4:0x80008120  x4=0x8000804e
         845000	        83	8000012c	aeca4383	lbu	x7,-1300(x20)	 x20:0x800086a0  x7=0x000000d6 PA:0x8000818c
         855000	        84	80000130	00c15183	lhu	x3,12(x2)	  x2:0x80008158  x3=0x00009172 PA:0x80008164
         865000	        85	80000134	f45b8423	sb	x5,-184(x23)	 x23:0x800084b3  x5:0x0000000e PA:0x800083fb
         875000	        86	80000138	ff914c03	lbu	x24,-7(x2)	  x2:0x80008158 x24=0x00000000 PA:0x80008151
         885000	        87	8000013c	b12a5f03	lhu	x30,-1262(x20)	 x20:0x800086a0 x30=0x00001502 PA:0x800081b2
         895000	        88	80000140	c3464403	lbu	x8,-972(x12)	 x12:0x80008574  x8=0x000000d9 PA:0x800081a8
         905000	        89	80000144	c2160b03	lb	x22,-991(x12)	 x12:0x80008574 x22=0xffffffe5 PA:0x80008195
         915000	        90	80000148	ed861783	lh	x15,-296(x12)	 x12:0x80008574 x15=0xffff9557 PA:0x8000844c
         925000	        91	8000014c	6fc21c03	lh	x24,1788(x4)	  x4:0x8000804e x24=0xffffff73 PA:0x8000874a
         935000	        92	80000150	2f220e03	lb	x28,754(x4)	  x4:0x8000804e x28=0x00000072 PA:0x80008340
         945000	        93	80000154	ff114c03	lbu	x24,-15(x2)	  x2:0x80008158 x24=0x000000eb PA:0x80008149
         955000	        94	80000158	014b8403	lb	x8,20(x23)	 x23:0x800084b3  x8=0x00000055 PA:0x800084c7
         965000	        95	8000015c	bada0a83	lb	x21,-1107(x20)	 x20:0x800086a0 x21=0xffffffa8 PA:0x8000824d
         975000	        96	80000160	f10b8d23	sb	x16,-230(x23)	 x23:0x800084b3 x16:0xffffff8b PA:0x800083cd
         985000	        97	80000164	ac2a5783	lhu	x15,-1342(x20)	 x20:0x800086a0 x15=0x0000c98b PA:0x80008162
         995000	        98	80000168	f84b8223	sb	x4,-124(x23)	 x23:0x800084b3  x4:0x8000804e PA:0x80008437
        1005000	        99	8000016c	fe211f23	sh	x2,-2(x2)	  x2:0x80008158  x2:0x80008158 PA:0x80008156
        1015000	       100	80000170	9aca1b03	lh	x22,-1620(x20)	 x20:0x800086a0 x22=0xffffc6e0 PA:0x8000804c
        1025000	       101	80000174	57222123	sw	x18,1378(x4)	  x4:0x8000804e x18:0x69baabdc PA:0x800085b0
        1035000	       102	80000178	f52b92a3	sh	x18,-187(x23)	 x23:0x800084b3 x18:0x69baabdc PA:0x800083f8
        1045000	       103	8000017c	00910423	sb	x9,8(x2)	  x2:0x80008158  x9:0x00000000 PA:0x80008160
        1055000	       104	80000180	d2a65503	lhu	x10,-726(x12)	 x12:0x80008574 x10=0x0000d982 PA:0x8000829e
        1065000	       105	80000184	00110683	lb	x13,1(x2)	  x2:0x80008158 x13=0xffffffad PA:0x80008159
        1075000	       106	80000188	fc2bcc03	lbu	x24,-62(x23)	 x23:0x800084b3 x24=0x00000046 PA:0x80008475
        1085000	       107	8000018c	30120c83	lb	x25,769(x4)	  x4:0x8000804e x25=0xffffffe5 PA:0x8000834f
        1095000	       108	80000190	0e960083	lb	x1,233(x12)	 x12:0x80008574  x1=0x00000001 PA:0x8000865d
        1105000	       109	80000194	64824f03	lbu	x30,1608(x4)	  x4:0x8000804e x30=0x000000b5 PA:0x80008696
        1115000	       110	80000198	0fbb9583	lh	x11,251(x23)	 x23:0x800084b3 x11=0x0000582f PA:0x800085ae
        1125000	       111	8000019c	3de24a83	lbu	x21,990(x4)	  x4:0x8000804e x21=0x000000bc PA:0x8000842c
        1135000	       112	800001a0	00914803	lbu	x16,9(x2)	  x2:0x80008158 x16=0x00000066 PA:0x80008161
        1145000	       113	800001a4	fef10d23	sb	x15,-6(x2)	  x2:0x80008158 x15:0x0000c98b PA:0x80008152
        1155000	       114	800001a8	e0da4003	lbu	x0,-499(x20)	 x20:0x800086a0 PA:0x800084ad
        1165000	       115	800001ac	00008117	auipc	x2,0x8	  x2=0x800081a8
        1175000	       116	800001b0	eef10113	addi	x2,x2,-273	  x2:0x800081a8  x2=0x80008097
        1185000	       117	800001b4	05a14303	lbu	x6,90(x2)	  x2:0x80008097  x6=0x00000055 PA:0x800080f1
        1195000	       118	800001b8	05a10783	lb	x15,90(x2)	  x2:0x80008097 x15=0x00000055 PA:0x800080f1
        1205000	       119	800001bc	07310e03	lb	x28,115(x2)	  x2:0x80008097 x28=0xffffffbd PA:0x8000810a
        1215000	       120	800001c0	07315303	lhu	x6,115(x2)	  x2:0x80008097  x6=0x000093bd PA:0x8000810a
        1225000	       121	800001c4	ffc10183	lb	x3,-4(x2)	  x2:0x80008097  x3=0xffffffb6 PA:0x80008093
        1235000	       122	800001c8	ff010e23	sb	x16,-4(x2)	  x2:0x80008097 x16:0x00000066 PA:0x80008093
        1245000	       123	800001cc	ffc14f83	lbu	x31,-4(x2)	  x2:0x80008097 x31=0x00000066 PA:0x80008093
        1255000	       124	800001d0	008ede13	srli	x28,x29,0x8	 x29:0x80000000 x28=0x00800000
        1265000	       125	800001d4	fc311403	lh	x8,-61(x2)	  x2:0x80008097  x8=0x0000763d PA:0x8000805a
        1275000	       126	800001d8	ff2114a3	sh	x18,-23(x2)	  x2:0x80008097 x18:0x69baabdc PA:0x80008080
        1285000	       127	800001dc	08414a03	lbu	x20,132(x2)	  x2:0x80008097 x20=0x00000036 PA:0x8000811b
        1295000	       128	800001e0	73faa193	slti	x3,x21,1855	 x21:0x000000bc  x3=0x00000001
        1305000	       129	800001e4	0ea14e03	lbu	x28,234(x2)	  x2:0x80008097 x28=0x00000013 PA:0x80008181
        1315000	       130	800001e8	0ea14e03	lbu	x28,234(x2)	  x2:0x80008097 x28=0x00000013 PA:0x80008181
        1325000	       131	800001ec	0ea14203	lbu	x4,234(x2)	  x2:0x80008097  x4=0x00000013 PA:0x80008181
        1335000	       132	800001f0	0f510303	lb	x6,245(x2)	  x2:0x80008097  x6=0xffffffd6 PA:0x8000818c
        1345000	       133	800001f4	008204b3	add	x9,x4,x8	  x4:0x00000013  x8:0x0000763d  x9=0x00007650
        1355000	       134	800001f8	0f514283	lbu	x5,245(x2)	  x2:0x80008097  x5=0x000000d6 PA:0x8000818c
        1365000	       135	800001fc	0ed12aa3	sw	x13,245(x2)	  x2:0x80008097 x13:0xffffffad PA:0x8000818c
        1375000	       136	80000200	00c14683	lbu	x13,12(x2)	  x2:0x80008097 x13=0x00000076 PA:0x800080a3
        1385000	       137	80000204	00c14c03	lbu	x24,12(x2)	  x2:0x80008097 x24=0x00000076 PA:0x800080a3
        1395000	       138	80000208	0c810a03	lb	x20,200(x2)	  x2:0x80008097 x20=0x00000076 PA:0x8000815f
        1405000	       139	8000020c	04a14303	lbu	x6,74(x2)	  x2:0x80008097  x6=0x00000088 PA:0x800080e1
        1415000	       140	80000210	00008197	auipc	x3,0x8	  x3=0x8000820c
        1425000	       141	80000214	2f418193	addi	x3,x3,756	  x3:0x8000820c  x3=0x80008500
        1435000	       142	80000218	fd418803	lb	x16,-44(x3)	  x3:0x80008500 x16=0xffffff8c PA:0x800084d4
        1445000	       143	8000021c	5812cb13	xori	x22,x5,1409	  x5:0x000000d6 x22=0x00000557
        1455000	       144	80000220	c5b41017	auipc	x0,0xc5b41	
        1465000	       145	80000224	fd41a683	lw	x13,-44(x3)	  x3:0x80008500 x13=0x3f0e808c PA:0x800084d4
        1475000	       146	80000228	fd41a383	lw	x7,-44(x3)	  x3:0x80008500  x7=0x3f0e808c PA:0x800084d4
        1485000	       147	8000022c	fd41dc03	lhu	x24,-44(x3)	  x3:0x80008500 x24=0x0000808c PA:0x800084d4
        1495000	       148	80000230	fd41db03	lhu	x22,-44(x3)	  x3:0x80008500 x22=0x0000808c PA:0x800084d4
        1505000	       149	80000234	fc81aa23	sw	x8,-44(x3)	  x3:0x80008500  x8:0x0000763d PA:0x800084d4
        1515000	       150	80000238	011a55b3	srl	x11,x20,x17	 x20:0x00000076 x17:0x80009f84 x11=0x00000007
        1525000	       151	8000023c	fd419e03	lh	x28,-44(x3)	  x3:0x80008500 x28=0x0000763d PA:0x800084d4
        1535000	       152	80000240	fd41da83	lhu	x21,-44(x3)	  x3:0x80008500 x21=0x0000763d PA:0x800084d4
        1545000	       153	80000244	fd418a23	sb	x20,-44(x3)	  x3:0x80008500 x20:0x00000076 PA:0x800084d4
        1555000	       154	80000248	fd419903	lh	x18,-44(x3)	  x3:0x80008500 x18=0x00007676 PA:0x800084d4
        1565000	       155	8000024c	00000013	addi	x0,x0,0	  x0:0x00000000
        1575000	       156	80000250	fd41c283	lbu	x5,-44(x3)	  x3:0x80008500  x5=0x00000076 PA:0x800084d4
        1585000	       157	80000254	c0133d13	sltiu	x26,x6,-1023	  x6:0x00000088 x26=0x00000001
        1595000	       158	80000258	00000013	addi	x0,x0,0	  x0:0x00000000
        1605000	       159	8000025c	fd418003	lb	x0,-44(x3)	  x3:0x80008500 PA:0x800084d4
        1615000	       160	80000260	00008b17	auipc	x22,0x8	 x22=0x8000825c
        1625000	       161	80000264	2b3b0b13	addi	x22,x22,691	 x22:0x8000825c x22=0x8000850f
        1635000	       162	80000268	00008d17	auipc	x26,0x8	 x26=0x80008264
        1645000	       163	8000026c	485d0d13	addi	x26,x26,1157	 x26:0x80008264 x26=0x800086e9
        1655000	       164	80000270	fc5d4f03	lbu	x30,-59(x26)	 x26:0x800086e9 x30=0x0000002a PA:0x800086ae
        1665000	       165	80000274	fc9d0523	sb	x9,-54(x26)	 x26:0x800086e9  x9:0x00007650 PA:0x800086b3
        1675000	       166	80000278	034d0303	lb	x6,52(x26)	 x26:0x800086e9  x6=0xffffffff PA:0x8000871d
        1685000	       167	8000027c	ffcb0083	lb	x1,-4(x22)	 x22:0x8000850f  x1=0x00000021 PA:0x8000850b
        1695000	       168	00000000	00000013	addi	x0,x0,0	  x0:0x00000000
        1705000	       169	80000280	00008a97	auipc	x21,0x8	 x21=0x8000827c
        1715000	       170	80000284	167a8a93	addi	x21,x21,359	 x21:0x8000827c x21=0x800083e3
        1725000	       171	80000288	059aaa03	lw	x20,89(x21)	 x21:0x800083e3 x20=0x833c0000 PA:0x8000843c
        1735000	       172	8000028c	ff1b5283	lhu	x5,-15(x22)	 x22:0x8000850f  x5=0x00001338 PA:0x80008500
        1745000	       173	80000290	031d05a3	sb	x17,43(x26)	 x26:0x800086e9 x17:0x80009f84 PA:0x80008714
        1755000	       174	80000294	eecacc83	lbu	x25,-276(x21)	 x21:0x800083e3 x25=0x000000eb PA:0x800082cf
        1765000	       175	80000298	08aac483	lbu	x9,138(x21)	 x21:0x800083e3  x9=0x000000bd PA:0x8000846d
        1775000	       176	8000029c	00eb0e03	lb	x28,14(x22)	 x22:0x8000850f x28=0x00000041 PA:0x8000851d
        1785000	       177	800002a0	fc5d18a3	sh	x5,-47(x26)	 x26:0x800086e9  x5:0x00001338 PA:0x800086ba
        1795000	       178	800002a4	013b13a3	sh	x19,7(x22)	 x22:0x8000850f x19:0x00000004 PA:0x80008516
        1805000	       179	800002a8	025d0ea3	sb	x5,61(x26)	 x26:0x800086e9  x5:0x00001338 PA:0x80008726
        1815000	       180	800002ac	430a8f03	lb	x30,1072(x21)	 x21:0x800083e3 x30=0x00000049 PA:0x80008813
        1825000	       181	800002b0	0d1aa483	lw	x9,209(x21)	 x21:0x800083e3  x9=0xb2d23ab3 PA:0x800084b4
        1835000	       182	800002b4	00fb1d83	lh	x27,15(x22)	 x22:0x8000850f x27=0xffffc986 PA:0x8000851e
        1845000	       183	800002b8	fdcd0e23	sb	x28,-36(x26)	 x26:0x800086e9 x28:0x00000041 PA:0x800086c5
        1855000	       184	800002bc	ff2b0403	lb	x8,-14(x22)	 x22:0x8000850f  x8=0x00000013 PA:0x80008501
        1865000	       185	800002c0	fd5d0f23	sb	x21,-34(x26)	 x26:0x800086e9 x21:0x800083e3 PA:0x800086c7
        1875000	       186	800002c4	00008417	auipc	x8,0x8	  x8=0x800082c0
        1885000	       187	800002c8	3c340413	addi	x8,x8,963	  x8:0x800082c0  x8=0x80008683
        1895000	       188	800002cc	0149c3b3	xor	x7,x19,x20	 x19:0x00000004 x20:0x833c0000  x7=0x833c0004
        1905000	       189	800002d0	01987d33	and	x26,x16,x25	 x16:0xffffff8c x25:0x000000eb x26=0x00000088
        1915000	       190	800002d4	83a44793	xori	x15,x8,-1990	  x8:0x80008683 x15=0x7fff7eb9
        1925000	       191	800002d8	002422a3	sw	x2,5(x8)	  x8:0x80008683  x2:0x80008097 PA:0x80008688
        1935000	       192	800002dc	02438193	addi	x3,x7,36	  x7:0x833c0004  x3=0x833c0028
        1945000	       193	800002e0	fb155397	auipc	x7,0xfb155	  x7=0x7b1552dc
        1955000	       194	800002e4	688d0693	addi	x13,x26,1672	 x26:0x00000088 x13=0x00000710
        1965000	       195	800002e8	01b417a3	sh	x27,15(x8)	  x8:0x80008683 x27:0xffffc986 PA:0x80008692
        1975000	       196	800002ec	01340523	sb	x19,10(x8)	  x8:0x80008683 x19:0x00000004 PA:0x8000868d
        1985000	       197	800002f0	01242133	slt	x2,x8,x18	  x8:0x80008683 x18:0x00007676  x2=0x00000001
        1995000	       198	800002f4	00145d33	srl	x26,x8,x1	  x8:0x80008683  x1:0x00000021 x26=0x40004341
        2005000	       199	800002f8	00000013	addi	x0,x0,0	  x0:0x00000000
        2015000	       200	800002fc	00545103	lhu	x2,5(x8)	  x8:0x80008683  x2=0x00008097 PA:0x80008688
        2025000	       201	80000300	00000013	addi	x0,x0,0	  x0:0x00000000
        2035000	       202	80000304	ff341f03	lh	x30,-13(x8)	  x8:0x80008683 x30=0xffff855e PA:0x80008676
        2045000	       203	80000308	de507493	andi	x9,x0,-539	  x0:0x00000000  x9=0x00000000
        2055000	       204	8000030c	ff740923	sb	x23,-14(x8)	  x8:0x80008683 x23:0x800084b3 PA:0x80008675
        2065000	       205	80000310	006b1393	slli	x7,x22,0x6	 x22:0x8000850f  x7=0x002143c0
        2075000	       206	80000314	ff644803	lbu	x16,-10(x8)	  x8:0x80008683 x16=0x000000ff PA:0x80008679
        2085000	       207	80000318	cd33b393	sltiu	x7,x7,-813	  x7:0x002143c0  x7=0x00000001
        2095000	       208	8000031c	00840e03	lb	x28,8(x8)	  x8:0x80008683 x28=0xffffff80 PA:0x8000868b
        2105000	       209	80000320	05246313	ori	x6,x8,82	  x8:0x80008683  x6=0x800086d3
        2115000	       210	80000324	01e7de33	srl	x28,x15,x30	 x15:0x7fff7eb9 x30:0xffff855e x28=0x00000001
        2125000	       211	80000328	01c52033	slt	x0,x10,x28	 x10:0x0000d982 x28:0x00000001
        2135000	       212	8000032c	ff545e83	lhu	x29,-11(x8)	  x8:0x80008683 x29=0x0000ff35 PA:0x80008678
        2145000	       213	80000330	3997fc93	andi	x25,x15,921	 x15:0x7fff7eb9 x25=0x00000299
        2155000	       214	80000334	00840103	lb	x2,8(x8)	  x8:0x80008683  x2=0xffffff80 PA:0x8000868b
        2165000	       215	80000338	00000013	addi	x0,x0,0	  x0:0x00000000
        2175000	       216	8000033c	010f5f93	srli	x31,x30,0x10	 x30:0xffff855e x31=0x0000ffff
        2185000	       217	80000340	6b4eb513	sltiu	x10,x29,1716	 x29:0x0000ff35 x10=0x00000000
        2195000	       218	80000344	005420a3	sw	x5,1(x8)	  x8:0x80008683  x5:0x00001338 PA:0x80008684
        2205000	       219	80000348	41b10633	sub	x12,x2,x27	  x2:0xffffff80 x27:0xffffc986 x12=0x000035fa
        2215000	       220	8000034c	007aa033	slt	x0,x21,x7	 x21:0x800083e3  x7:0x00000001
        2225000	       221	80000350	fe840ea3	sb	x8,-3(x8)	  x8:0x80008683  x8:0x80008683 PA:0x80008680
        2235000	       222	80000354	00440f03	lb	x30,4(x8)	  x8:0x80008683 x30=0x00000000 PA:0x80008687
        2245000	       223	80000358	295b87b7	lui	x15,0x295b8	 x15=0x295b8000
        2255000	       224	8000035c	41ecd3b3	sra	x7,x25,x30	 x25:0x00000299 x30:0x00000000  x7=0x00000299
        2265000	       225	80000360	ffa44d83	lbu	x27,-6(x8)	  x8:0x80008683 x27=0x00000002 PA:0x8000867d
        2275000	       226	00000000	00000013	addi	x0,x0,0	  x0:0x00000000
        2285000	       227	80000364	01b23233	sltu	x4,x4,x27	  x4:0x00000013 x27:0x00000002  x4=0x00000000
        2295000	       228	80000368	fff44f03	lbu	x30,-1(x8)	  x8:0x80008683 x30=0x0000000b PA:0x80008682
        2305000	       229	8000036c	01741f93	slli	x31,x8,0x17	  x8:0x80008683 x31=0x41800000
        2315000	       230	80000370	00040e83	lb	x29,0(x8)	  x8:0x80008683 x29=0x0000001f PA:0x80008683
        2325000	       231	80000374	01e49093	slli	x1,x9,0x1e	  x9:0x00000000  x1=0x00000000
        2335000	       232	80000378	00640283	lb	x5,6(x8)	  x8:0x80008683  x5=0xffffff80 PA:0x80008689
        2345000	       233	8000037c	00e40683	lb	x13,14(x8)	  x8:0x80008683 x13=0xffffff85 PA:0x80008691
        2355000	       234	80000380	00008a97	auipc	x21,0x8	 x21=0x8000837c
        2365000	       235	80000384	1a2a8a93	addi	x21,x21,418	 x21:0x8000837c x21=0x8000851e
        2375000	       236	80000388	093a9f23	sh	x19,158(x21)	 x21:0x8000851e x19:0x00000004 PA:0x800085bc
        2385000	       237	8000038c	00008797	auipc	x15,0x8	 x15=0x80008388
        2395000	       238	80000390	e0178793	addi	x15,x15,-511	 x15:0x80008388 x15=0x80008189
        2405000	       239	80000394	02178823	sb	x1,48(x15)	 x15:0x80008189  x1:0x00000000 PA:0x800081b9
        2415000	       240	80000398	055a8ca3	sb	x21,89(x21)	 x21:0x8000851e x21:0x8000851e PA:0x80008577
        2425000	       241	8000039c	00e7c283	lbu	x5,14(x15)	 x15:0x80008189  x5=0x0000008d PA:0x80008197
        2435000	       242	800003a0	f12ac803	lbu	x16,-238(x21)	 x21:0x8000851e x16=0x0000002c PA:0x80008430
        2445000	       243	800003a4	02ba8283	lb	x5,43(x21)	 x21:0x8000851e  x5=0x00000064 PA:0x80008549
        2455000	       244	800003a8	fed79f03	lh	x30,-19(x15)	 x15:0x80008189 x30=0x00001793 PA:0x80008176
        2465000	       245	800003ac	f01a81a3	sb	x1,-253(x21)	 x21:0x8000851e  x1:0x00000000 PA:0x80008421
        2475000	       246	800003b0	00678ca3	sb	x6,25(x15)	 x15:0x80008189  x6:0x800086d3 PA:0x800081a2
        2485000	       247	800003b4	fc07aba3	sw	x0,-41(x15)	 x15:0x80008189  x0:0x00000000 PA:0x80008160
        2495000	       248	800003b8	0aca9d23	sh	x12,186(x21)	 x21:0x8000851e x12:0x000035fa PA:0x800085d8
        2505000	       249	800003bc	0367cd03	lbu	x26,54(x15)	 x15:0x80008189 x26=0x0000007c PA:0x800081bf
        2515000	       250	800003c0	00e7cb83	lbu	x23,14(x15)	 x15:0x80008189 x23=0x0000008d PA:0x80008197
        2525000	       251	800003c4	00009817	auipc	x16,0x9	 x16=0x800093c0
        2535000	       252	800003c8	a7380813	addi	x16,x16,-1421	 x16:0x800093c0 x16=0x80008e33
        2545000	       253	800003cc	005dd413	srli	x8,x27,0x5	 x27:0x00000002  x8=0x00000000
        2555000	       254	800003d0	0a480b83	lb	x23,164(x16)	 x16:0x80008e33 x23=0x00000079 PA:0x80008ed7
        2565000	       255	800003d4	ccbdea13	ori	x20,x27,-821	 x27:0x00000002 x20=0xfffffccb
        2575000	       256	800003d8	fa480783	lb	x15,-92(x16)	 x16:0x80008e33 x15=0x0000007b PA:0x80008dd7
        2585000	       257	800003dc	40988333	sub	x6,x17,x9	 x17:0x80009f84  x9:0x00000000  x6=0x80009f84
        2595000	       258	800003e0	f8784903	lbu	x18,-121(x16)	 x16:0x80008e33 x18=0x00000023 PA:0x80008dba
        2605000	       259	800003e4	01431213	slli	x4,x6,0x14	  x6:0x80009f84  x4=0xf8400000
        2615000	       260	800003e8	ecc42013	slti	x0,x8,-308	  x8:0x00000000
        2625000	       261	800003ec	0195ecb3	or	x25,x11,x25	 x11:0x00000007 x25:0x00000299 x25=0x0000029f
        2635000	       262	800003f0	00bb5513	srli	x10,x22,0xb	 x22:0x8000850f x10=0x00100010
        2645000	       263	800003f4	a2f86eb7	lui	x29,0xa2f86	 x29=0xa2f86000
        2655000	       264	800003f8	08580903	lb	x18,133(x16)	 x16:0x80008e33 x18=0x00000025 PA:0x80008eb8
        2665000	       265	800003fc	008d1bb3	sll	x23,x26,x8	 x26:0x0000007c  x8:0x00000000 x23=0x0000007c
        2675000	       266	80000400	417787b3	sub	x15,x15,x23	 x15:0x0000007b x23:0x0000007c x15=0xffffffff
        2685000	       267	80000404	00a6d233	srl	x4,x13,x10	 x13:0xffffff85 x10:0x00100010  x4=0x0000ffff
        2695000	       268	80000408	fbe80a03	lb	x20,-66(x16)	 x16:0x80008e33 x20=0x00000063 PA:0x80008df1
        2705000	       269	8000040c	0c680a23	sb	x6,212(x16)	 x16:0x80008e33  x6:0x80009f84 PA:0x80008f07
        2715000	       270	80000410	0f084283	lbu	x5,240(x16)	 x16:0x80008e33  x5=0x000000b8 PA:0x80008f23
        2725000	       271	80000414	01f53f33	sltu	x30,x10,x31	 x10:0x00100010 x31:0x41800000 x30=0x00000001
        2735000	       272	80000418	f1381e03	lh	x28,-237(x16)	 x16:0x80008e33 x28=0xffff9ff8 PA:0x80008d46
        2745000	       273	00000000	00000013	addi	x0,x0,0	  x0:0x00000000
        2755000	       274	8000041c	006e74b3	and	x9,x28,x6	 x28:0xffff9ff8  x6:0x80009f84  x9=0x80009f80
        2765000	       275	80000420	00000013	addi	x0,x0,0	  x0:0x00000000
        2775000	       276	80000424	00c3aeb3	slt	x29,x7,x12	  x7:0x00000299 x12:0x000035fa x29=0x00000001
        2785000	       277	80000428	ff880603	lb	x12,-8(x16)	 x16:0x80008e33 x12=0x00000057 PA:0x80008e2b
        2795000	       278	8000042c	0a880a03	lb	x20,168(x16)	 x16:0x80008e33 x20=0xffffffb3 PA:0x80008edb
        2805000	       279	80000430	49bdf393	andi	x7,x27,1179	 x27:0x00000002  x7=0x00000002
        2815000	       280	80000434	011dc1b3	xor	x3,x27,x17	 x27:0x00000002 x17:0x80009f84  x3=0x80009f86
        2825000	       281	80000438	f6080383	lb	x7,-160(x16)	 x16:0x80008e33  x7=0xffffff8f PA:0x80008d93
        2835000	       282	8000043c	01880b83	lb	x23,24(x16)	 x16:0x80008e33 x23=0xfffffffd PA:0x80008e4b
        2845000	       283	80000440	b9d6ca13	xori	x20,x13,-1123	 x13:0xffffff85 x20=0x00000418
        2855000	       284	80000444	018f9313	slli	x6,x31,0x18	 x31:0x41800000  x6=0x00000000
        2865000	       285	80000448	fd380923	sb	x19,-46(x16)	 x16:0x80008e33 x19:0x00000004 PA:0x80008e05
        2875000	       286	8000044c	5101b013	sltiu	x0,x3,1296	  x3:0x80009f86
        2885000	       287	80000450	b4438113	addi	x2,x7,-1212	  x7:0xffffff8f  x2=0xfffffad3
        2895000	       288	80000454	ff182e03	lw	x28,-15(x16)	 x16:0x80008e33 x28=0xfb0dbc71 PA:0x80008e24
        2905000	       289	80000458	80ab6317	auipc	x6,0x80ab6	  x6=0x00ab6454
        2915000	       290	8000045c	07c80403	lb	x8,124(x16)	 x16:0x80008e33  x8=0xffffffb2 PA:0x80008eaf
        2925000	       291	80000460	f0580fa3	sb	x5,-225(x16)	 x16:0x80008e33  x5:0x000000b8 PA:0x80008d52
        2935000	       292	80000464	f5280d23	sb	x18,-166(x16)	 x16:0x80008e33 x18:0x00000025 PA:0x80008d8d
        2945000	       293	80000468	0c380b83	lb	x23,195(x16)	 x16:0x80008e33 x23=0xffffffa6 PA:0x80008ef6
        2955000	       294	8000046c	07982483	lw	x9,121(x16)	 x16:0x80008e33  x9=0xb2a5aa04 PA:0x80008eac
        2965000	       295	80000470	03c814a3	sh	x28,41(x16)	 x16:0x80008e33 x28:0xfb0dbc71 PA:0x80008e5c
        2975000	       296	80000474	f3fbaf93	slti	x31,x23,-193	 x23:0xffffffa6 x31=0x00000000
        2985000	       297	80000478	0811e113	ori	x2,x3,129	  x3:0x80009f86  x2=0x80009f87
        2995000	       298	8000047c	0cb84a83	lbu	x21,203(x16)	 x16:0x80008e33 x21=0x00000087 PA:0x80008efe
        3005000	       299	80000480	5c5eb913	sltiu	x18,x29,1477	 x29:0x00000001 x18=0x00000001
        3015000	       300	80000484	00a1aeb3	slt	x29,x3,x10	  x3:0x80009f86 x10:0x00100010 x29=0x00000001
        3025000	       301	80000488	fc280a83	lb	x21,-62(x16)	 x16:0x80008e33 x21=0xfffffffc PA:0x80008df5
        3035000	       302	8000048c	a77c0f13	addi	x30,x24,-1417	 x24:0x0000808c x30=0x00007b03
        3045000	       303	80000490	02d84403	lbu	x8,45(x16)	 x16:0x80008e33  x8=0x00000096 PA:0x80008e60
        3055000	       304	80000494	0051df33	srl	x30,x3,x5	  x3:0x80009f86  x5:0x000000b8 x30=0x00000080
        3065000	       305	80000498	f8480f23	sb	x4,-98(x16)	 x16:0x80008e33  x4:0x0000ffff PA:0x80008dd1
        3075000	       306	8000049c	41e883b3	sub	x7,x17,x30	 x17:0x80009f84 x30:0x00000080  x7=0x80009f04
        3085000	       307	800004a0	fc680c83	lb	x25,-58(x16)	 x16:0x80008e33 x25=0xffffff9e PA:0x80008df9
        3095000	       308	800004a4	01decb33	xor	x22,x29,x29	 x29:0x00000001 x29:0x00000001 x22=0x00000000
        3105000	       309	800004a8	0b780103	lb	x2,183(x16)	 x16:0x80008e33  x2=0x00000039 PA:0x80008eea
        3115000	       310	800004ac	00009b97	auipc	x23,0x9	 x23=0x800094a8
        3125000	       311	800004b0	94fb8b93	addi	x23,x23,-1713	 x23:0x800094a8 x23=0x80008df7
        3135000	       312	800004b4	007562b3	or	x5,x10,x7	 x10:0x00100010  x7:0x80009f04  x5=0x80109f14
        3145000	       313	800004b8	2ebfac93	slti	x25,x31,747	 x31:0x00000000 x25=0x00000001
        3155000	       314	800004bc	dceb7b13	andi	x22,x22,-562	 x22:0x00000000 x22=0x00000000
        3165000	       315	800004c0	400900b3	sub	x1,x18,x0	 x18:0x00000001  x0:0x00000000  x1=0x00000001
        3175000	       316	800004c4	001f96b3	sll	x13,x31,x1	 x31:0x00000000  x1:0x00000001 x13=0x00000000
        3185000	       317	800004c8	007d9d13	slli	x26,x27,0x7	 x27:0x00000002 x26=0x00000100
        3195000	       318	800004cc	419e5193	srai	x3,x28,0x19	 x28:0xfb0dbc71  x3=0xfffffffd
        3205000	       319	800004d0	ffab8d23	sb	x26,-6(x23)	 x23:0x80008df7 x26:0x00000100 PA:0x80008df1
        3215000	       320	800004d4	fe0ba8a3	sw	x0,-15(x23)	 x23:0x80008df7  x0:0x00000000 PA:0x80008de8
        3225000	       321	800004d8	00be0fb3	add	x31,x28,x11	 x28:0xfb0dbc71 x11:0x00000007 x31=0xfb0dbc78
        3235000	       322	800004dc	71fe6093	ori	x1,x28,1823	 x28:0xfb0dbc71  x1=0xfb0dbf7f
        3245000	       323	800004e0	40bc84b3	sub	x9,x25,x11	 x25:0x00000001 x11:0x00000007  x9=0xfffffffa
        3255000	       324	800004e4	004992b3	sll	x5,x19,x4	 x19:0x00000004  x4:0x0000ffff  x5=0x00000000
        3265000	       325	800004e8	ff0bcb03	lbu	x22,-16(x23)	 x23:0x80008df7 x22=0x00000067 PA:0x80008de7
        3275000	       326	800004ec	01b143b3	xor	x7,x2,x27	  x2:0x00000039 x27:0x00000002  x7=0x0000003b
        3285000	       327	800004f0	00cbc783	lbu	x15,12(x23)	 x23:0x80008df7 x15=0x0000000c PA:0x80008e03
        3295000	       328	800004f4	ff4bcd83	lbu	x27,-12(x23)	 x23:0x80008df7 x27=0x00000000 PA:0x80008deb
        3305000	       329	800004f8	004b8503	lb	x10,4(x23)	 x23:0x80008df7 x10=0x00000046 PA:0x80008dfb
        3315000	       330	800004fc	4198d133	sra	x2,x17,x25	 x17:0x80009f84 x25:0x00000001  x2=0xc0004fc2
        3325000	       331	80000500	ffcbcd83	lbu	x27,-4(x23)	 x23:0x80008df7 x27=0x0000007f PA:0x80008df3
        3335000	       332	80000504	f2c9cdb7	lui	x27,0xf2c9c	 x27=0xf2c9c000
        3345000	       333	80000508	20787793	andi	x15,x16,519	 x16:0x80008e33 x15=0x00000203
        3355000	       334	8000050c	006b8123	sb	x6,2(x23)	 x23:0x80008df7  x6:0x00ab6454 PA:0x80008df9
        3365000	       335	80000510	ffbb8c23	sb	x27,-8(x23)	 x23:0x80008df7 x27:0xf2c9c000 PA:0x80008def
        3375000	       336	80000514	feeb8a23	sb	x14,-12(x23)	 x23:0x80008df7 x14:0x80009fc4 PA:0x80008deb
        3385000	       337	80000518	009b93a3	sh	x9,7(x23)	 x23:0x80008df7  x9:0xfffffffa PA:0x80008dfe
        3395000	       338	8000051c	ffcb8403	lb	x8,-4(x23)	 x23:0x80008df7  x8=0x0000007f PA:0x80008df3
        3405000	       339	80000520	41d88233	sub	x4,x17,x29	 x17:0x80009f84 x29:0x00000001  x4=0x80009f83
        3415000	       340	80000524	00fb9803	lh	x16,15(x23)	 x23:0x80008df7 x16=0x00005d87 PA:0x80008e06
        3425000	       341	80000528	00909213	slli	x4,x1,0x9	  x1:0xfb0dbf7f  x4=0x1b7efe00
        3435000	       342	8000052c	ffcbc403	lbu	x8,-4(x23)	 x23:0x80008df7  x8=0x0000007f PA:0x80008df3
        3445000	       343	80000530	00000013	addi	x0,x0,0	  x0:0x00000000
        3455000	       344	80000534	0033dd33	srl	x26,x7,x3	  x7:0x0000003b  x3:0xfffffffd x26=0x00000000
        3465000	       345	80000538	018222b3	slt	x5,x4,x24	  x4:0x1b7efe00 x24:0x0000808c  x5=0x00000000
        3475000	       346	8000053c	00e04033	xor	x0,x0,x14	  x0:0x00000000 x14:0x80009fc4
        3485000	       347	80000540	652e5297	auipc	x5,0x652e5	  x5=0xe52e553c
        3495000	       348	80000544	00eb8323	sb	x14,6(x23)	 x23:0x80008df7 x14:0x80009fc4 PA:0x80008dfd
        3505000	       349	80000548	ff6b8283	lb	x5,-10(x23)	 x23:0x80008df7  x5=0x0000004a PA:0x80008ded
        3515000	       350	8000054c	00008817	auipc	x16,0x8	 x16=0x80008548
        3525000	       351	80000550	f3480813	addi	x16,x16,-204	 x16:0x80008548 x16=0x8000847c
        3535000	       352	80000554	00008c97	auipc	x25,0x8	 x25=0x80008550
        3545000	       353	80000558	1fcc8c93	addi	x25,x25,508	 x25:0x80008550 x25=0x8000874c
        3555000	       354	8000055c	00008797	auipc	x15,0x8	 x15=0x80008558
        3565000	       355	80000560	e9278793	addi	x15,x15,-366	 x15:0x80008558 x15=0x800083ea
        3575000	       356	80000564	01681d03	lh	x26,22(x16)	 x16:0x8000847c x26=0xffff9bda PA:0x80008492
        3585000	       357	80000568	c29c8403	lb	x8,-983(x25)	 x25:0x8000874c  x8=0xffffffd6 PA:0x80008375
        3595000	       358	8000056c	00008697	auipc	x13,0x8	 x13=0x80008568
        3605000	       359	80000570	ae368693	addi	x13,x13,-1309	 x13:0x80008568 x13=0x8000804b
        3615000	       360	80000574	a45c89a3	sb	x5,-1453(x25)	 x25:0x8000874c  x5:0x0000004a PA:0x8000819f
        3625000	       361	80000578	02378f23	sb	x3,62(x15)	 x15:0x800083ea  x3:0xfffffffd PA:0x80008428
        3635000	       362	8000057c	9e6cdd83	lhu	x27,-1562(x25)	 x25:0x8000874c x27=0x0000b7c9 PA:0x80008132
        3645000	       363	80000580	db1c8a03	lb	x20,-591(x25)	 x25:0x8000874c x20=0x00000047 PA:0x800084fd
        3655000	       364	80000584	00b69003	lh	x0,11(x13)	 x13:0x8000804b PA:0x80008056
        3665000	       365	80000588	05b78023	sb	x27,64(x15)	 x15:0x800083ea x27:0x0000b7c9 PA:0x8000842a
        3675000	       366	8000058c	fe368f23	sb	x3,-2(x13)	 x13:0x8000804b  x3:0xfffffffd PA:0x80008049
        3685000	       367	80000590	0066c503	lbu	x10,6(x13)	 x13:0x8000804b x10=0x000000d8 PA:0x80008051
        3695000	       368	80000594	02584a03	lbu	x20,37(x16)	 x16:0x8000847c x20=0x00000054 PA:0x800084a1
        3705000	       369	80000598	ff879483	lh	x9,-8(x15)	 x15:0x800083ea  x9=0xffffc040 PA:0x800083e2
        3715000	       370	8000059c	ff879b83	lh	x23,-8(x15)	 x15:0x800083ea x23=0xffffc040 PA:0x800083e2
        3725000	       371	800005a0	00468083	lb	x1,4(x13)	 x13:0x8000804b  x1=0x00000070 PA:0x8000804f
        3735000	       372	800005a4	ed8c8c03	lb	x24,-296(x25)	 x25:0x8000874c x24=0xfffffffc PA:0x80008624
        3745000	       373	800005a8	00f78f83	lb	x31,15(x15)	 x15:0x800083ea x31=0xffffffab PA:0x800083f9
        3755000	       374	800005ac	00f78923	sb	x15,18(x15)	 x15:0x800083ea x15:0x800083ea PA:0x800083fc
        3765000	       375	800005b0	01a79023	sh	x26,0(x15)	 x15:0x800083ea x26:0xffff9bda PA:0x800083ea
        3775000	       376	800005b4	fe369fa3	sh	x3,-1(x13)	 x13:0x8000804b  x3:0xfffffffd PA:0x8000804a
        3785000	       377	800005b8	01c84103	lbu	x2,28(x16)	 x16:0x8000847c  x2=0x0000008d PA:0x80008498
        3795000	       378	800005bc	00008597	auipc	x11,0x8	 x11=0x800085b8
        3805000	       379	800005c0	b3358593	addi	x11,x11,-1229	 x11:0x800085b8 x11=0x800080eb
        3815000	       380	800005c4	989c8a03	lb	x20,-1655(x25)	 x25:0x8000874c x20=0xffffffb7 PA:0x800080d5
        3825000	       381	800005c8	00c68183	lb	x3,12(x13)	 x13:0x8000804b  x3=0xffffff8a PA:0x80008057
        3835000	       382	800005cc	00180b83	lb	x23,1(x16)	 x16:0x8000847c x23=0xffffffce PA:0x8000847d
        3845000	       383	800005d0	ffe7d603	lhu	x12,-2(x15)	 x15:0x800083ea x12=0x0000adda PA:0x800083e8
        3855000	       384	800005d4	17458423	sb	x20,360(x11)	 x11:0x800080eb x20:0xffffffb7 PA:0x80008253
        3865000	       385	800005d8	d22cce03	lbu	x28,-734(x25)	 x25:0x8000874c x28=0x00000044 PA:0x8000846e
        3875000	       386	800005dc	fdd78903	lb	x18,-35(x15)	 x15:0x800083ea x18=0x00000064 PA:0x800083c7
        3885000	       387	800005e0	fe784003	lbu	x0,-25(x16)	 x16:0x8000847c PA:0x80008463
        3895000	       388	800005e4	46d58e03	lb	x28,1133(x11)	 x11:0x800080eb x28=0x0000002f PA:0x80008558
        3905000	       389	800005e8	af9c8003	lb	x0,-1287(x25)	 x25:0x8000874c PA:0x80008245
        3915000	       390	800005ec	68959a03	lh	x20,1673(x11)	 x11:0x800080eb x20=0x00004054 PA:0x80008774
        3925000	       391	800005f0	03e7d303	lhu	x6,62(x15)	 x15:0x800083ea  x6=0x0000a9fd PA:0x80008428
        3935000	       392	800005f4	31958223	sb	x25,772(x11)	 x11:0x800080eb x25:0x8000874c PA:0x800083ef
        3945000	       393	800005f8	be2cc203	lbu	x4,-1054(x25)	 x25:0x8000874c  x4=0x00000043 PA:0x8000832e
        3955000	       394	800005fc	0d25c483	lbu	x9,210(x11)	 x11:0x800080eb  x9=0x00000045 PA:0x800081bd
        3965000	       395	00000000	00000013	addi	x0,x0,0	  x0:0x00000000
        3975000	       396	80000600	fe980303	lb	x6,-23(x16)	 x16:0x8000847c  x6=0x0000003a PA:0x80008465
        3985000	       397	80000604	ffe6c203	lbu	x4,-2(x13)	 x13:0x8000804b  x4=0x000000fd PA:0x80008049
        3995000	       398	80000608	00008117	auipc	x2,0x8	  x2=0x80008604
        4005000	       399	8000060c	f1f10113	addi	x2,x2,-225	  x2:0x80008604  x2=0x80008523
        4015000	       400	80000610	00414003	lbu	x0,4(x2)	  x2:0x80008523 PA:0x80008527
        4025000	       401	80000614	9ecf4793	xori	x15,x30,-1556	 x30:0x00000080 x15=0xfffff96c
        4035000	       402	80000618	018b0eb3	add	x29,x22,x24	 x22:0x00000067 x24:0xfffffffc x29=0x00000063
        4045000	       403	8000061c	ac8bca97	auipc	x21,0xac8bc	 x21=0x2c8bc618
        4055000	       404	80000620	00473c33	sltu	x24,x14,x4	 x14:0x80009fc4  x4:0x000000fd x24=0x00000000
        4065000	       405	80000624	00814603	lbu	x12,8(x2)	  x2:0x80008523 x12=0x0000000f PA:0x8000852b
        4075000	       406	80000628	fe110f23	sb	x1,-2(x2)	  x2:0x80008523  x1:0x00000070 PA:0x80008521
        4085000	       407	8000062c	4a7ccd17	auipc	x26,0x4a7cc	 x26=0xca7cc628
        4095000	       408	80000630	ff614803	lbu	x16,-10(x2)	  x2:0x80008523 x16=0x00000047 PA:0x80008519
        4105000	       409	80000634	4190d793	srai	x15,x1,0x19	  x1:0x00000070 x15=0x00000000
        4115000	       410	80000638	fec11da3	sh	x12,-5(x2)	  x2:0x80008523 x12:0x0000000f PA:0x8000851e
        4125000	       411	8000063c	00510d03	lb	x26,5(x2)	  x2:0x80008523 x26=0x0000002a PA:0x80008528
        4135000	       412	80000640	00dc0833	add	x16,x24,x13	 x24:0x00000000 x13:0x8000804b x16=0x8000804b
        4145000	       413	80000644	011a33b3	sltu	x7,x20,x17	 x20:0x00004054 x17:0x80009f84  x7=0x00000001
        4155000	       414	80000648	00000013	addi	x0,x0,0	  x0:0x00000000
        4165000	       415	8000064c	cfd663b7	lui	x7,0xcfd66	  x7=0xcfd66000
        4175000	       416	80000650	ff715d83	lhu	x27,-9(x2)	  x2:0x80008523 x27=0x000063fb PA:0x8000851a
        4185000	       417	80000654	0036b233	sltu	x4,x13,x3	 x13:0x8000804b  x3:0xffffff8a  x4=0x00000001
        4195000	       418	80000658	cecceb13	ori	x22,x25,-788	 x25:0x8000874c x22=0xffffffec
        4205000	       419	8000065c	ffb14903	lbu	x18,-5(x2)	  x2:0x80008523 x18=0x0000000f PA:0x8000851e
        4215000	       420	80000660	58512237	lui	x4,0x58512	  x4=0x58512000
        4225000	       421	80000664	ff014a03	lbu	x20,-16(x2)	  x2:0x80008523 x20=0x000000e5 PA:0x80008513
        4235000	       422	80000668	40330d33	sub	x26,x6,x3	  x6:0x0000003a  x3:0xffffff8a x26=0x000000b0
        4245000	       423	8000066c	3cb20c13	addi	x24,x4,971	  x4:0x58512000 x24=0x585123cb
        4255000	       424	80000670	9fee6813	ori	x16,x28,-1538	 x28:0x0000002f x16=0xfffff9ff
        4265000	       425	80000674	006117a3	sh	x6,15(x2)	  x2:0x80008523  x6:0x0000003a PA:0x80008532
        4275000	       426	80000678	00c34db7	lui	x27,0xc34	 x27=0x00c34000
        4285000	       427	8000067c	ff112603	lw	x12,-15(x2)	  x2:0x80008523 x12=0x00041c45 PA:0x80008514
        4295000	       428	80000680	00000013	addi	x0,x0,0	  x0:0x00000000
        4305000	       429	80000684	87993793	sltiu	x15,x18,-1927	 x18:0x0000000f x15=0x00000001
        4315000	       430	80000688	00915b03	lhu	x22,9(x2)	  x2:0x80008523 x22=0x00001c1f PA:0x8000852c
        4325000	       431	8000068c	00008617	auipc	x12,0x8	 x12=0x80008688
        4335000	       432	80000690	57560613	addi	x12,x12,1397	 x12:0x80008688 x12=0x80008bfd
        4345000	       433	80000694	010e9cb3	sll	x25,x29,x16	 x29:0x00000063 x16:0xfffff9ff x25=0x80000000
        4355000	       434	80000698	00360123	sb	x3,2(x12)	 x12:0x80008bfd  x3:0xffffff8a PA:0x80008bff
        4365000	       435	8000069c	f8e3a913	slti	x18,x7,-114	  x7:0xcfd66000 x18=0x00000001
        4375000	       436	800006a0	00860f83	lb	x31,8(x12)	 x12:0x80008bfd x31=0xffffffcb PA:0x80008c05
        4385000	       437	800006a4	ff964e83	lbu	x29,-7(x12)	 x12:0x80008bfd x29=0x00000008 PA:0x80008bf6
        4395000	       438	800006a8	14eb2d37	lui	x26,0x14eb2	 x26=0x14eb2000
        4405000	       439	800006ac	02060103	lb	x2,32(x12)	 x12:0x80008bfd  x2=0xffffffdf PA:0x80008c1d
        4415000	       440	800006b0	9f454793	xori	x15,x10,-1548	 x10:0x000000d8 x15=0xfffff92c
        4425000	       441	800006b4	02060d03	lb	x26,32(x12)	 x12:0x80008bfd x26=0xffffffdf PA:0x80008c1d
        4435000	       442	800006b8	011621a3	sw	x17,3(x12)	 x12:0x80008bfd x17:0x80009f84 PA:0x80008c00
        4445000	       443	800006bc	010d90b3	sll	x1,x27,x16	 x27:0x00c34000 x16:0xfffff9ff  x1=0x00000000
        4455000	       444	800006c0	fd661aa3	sh	x22,-43(x12)	 x12:0x80008bfd x22:0x00001c1f PA:0x80008bd2
        4465000	       445	800006c4	fdd60f23	sb	x29,-34(x12)	 x12:0x80008bfd x29:0x00000008 PA:0x80008bdb
        4475000	       446	800006c8	40968c33	sub	x24,x13,x9	 x13:0x8000804b  x9:0x00000045 x24=0x80008006
        4485000	       447	800006cc	ffe60403	lb	x8,-2(x12)	 x12:0x80008bfd  x8=0x0000001a PA:0x80008bfb
        4495000	       448	800006d0	02a64303	lbu	x6,42(x12)	 x12:0x80008bfd  x6=0x00000012 PA:0x80008c27
        4505000	       449	800006d4	00008697	auipc	x13,0x8	 x13=0x800086d0
        4515000	       450	800006d8	1d968693	addi	x13,x13,473	 x13:0x800086d0 x13=0x800088a9
        4525000	       451	800006dc	04369083	lh	x1,67(x13)	 x13:0x800088a9  x1=0x00000a53 PA:0x800088ec
        4535000	       452	800006e0	01087fb3	and	x31,x16,x16	 x16:0xfffff9ff x16:0xfffff9ff x31=0xfffff9ff
        4545000	       453	800006e4	f766cf83	lbu	x31,-138(x13)	 x13:0x800088a9 x31=0x000000b4 PA:0x8000881f
        4555000	       454	800006e8	00000013	addi	x0,x0,0	  x0:0x00000000
        4565000	       455	800006ec	e49d8313	addi	x6,x27,-439	 x27:0x00c34000  x6=0x00c33e49
        4575000	       456	800006f0	f7668503	lb	x10,-138(x13)	 x13:0x800088a9 x10=0xffffffb4 PA:0x8000881f
        4585000	       457	800006f4	f766c103	lbu	x2,-138(x13)	 x13:0x800088a9  x2=0x000000b4 PA:0x8000881f
        4595000	       458	800006f8	2f1ed197	auipc	x3,0x2f1ed	  x3=0xaf1ed6f4
        4605000	       459	800006fc	1095f093	andi	x1,x11,265	 x11:0x800080eb  x1=0x00000009
        4615000	       460	80000700	0f268083	lb	x1,242(x13)	 x13:0x800088a9  x1=0xfffffff0 PA:0x8000899b
        4625000	       461	80000704	8d4ffb93	andi	x23,x31,-1836	 x31:0x000000b4 x23=0x00000094
        4635000	       462	80000708	6c36ab83	lw	x23,1731(x13)	 x13:0x800088a9 x23=0x2e1aaced PA:0x80008f6c
        4645000	       463	8000070c	6c36cd83	lbu	x27,1731(x13)	 x13:0x800088a9 x27=0x000000ed PA:0x80008f6c
        4655000	       464	80000710	6c36d183	lhu	x3,1731(x13)	 x13:0x800088a9  x3=0x0000aced PA:0x80008f6c
        4665000	       465	00000000	00000013	addi	x0,x0,0	  x0:0x00000000
        4675000	       466	80000714	6c369b03	lh	x22,1731(x13)	 x13:0x800088a9 x22=0xffffaced PA:0x80008f6c
        4685000	       467	80000718	6c36c483	lbu	x9,1731(x13)	 x13:0x800088a9  x9=0x000000ed PA:0x80008f6c
        4695000	       468	8000071c	00008517	auipc	x10,0x8	 x10=0x80008718
        4705000	       469	80000720	56d50513	addi	x10,x10,1389	 x10:0x80008718 x10=0x80008c85
        4715000	       470	80000724	01d5ff33	and	x30,x11,x29	 x11:0x800080eb x29:0x00000008 x30=0x00000008
        4725000	       471	80000728	ff450e23	sb	x20,-4(x10)	 x10:0x80008c85 x20:0x000000e5 PA:0x80008c81
        4735000	       472	8000072c	007506a3	sb	x7,13(x10)	 x10:0x80008c85  x7:0xcfd66000 PA:0x80008c92
        4745000	       473	80000730	014a16b3	sll	x13,x20,x20	 x20:0x000000e5 x20:0x000000e5 x13=0x00001ca0
        4755000	       474	80000734	00d54d03	lbu	x26,13(x10)	 x10:0x80008c85 x26=0x00000000 PA:0x80008c92
        4765000	       475	80000738	d848bc93	sltiu	x25,x17,-636	 x17:0x80009f84 x25=0x00000001
        4775000	       476	8000073c	00d51e03	lh	x28,13(x10)	 x10:0x80008c85 x28=0xffff9c00 PA:0x80008c92
        4785000	       477	80000740	010b35b3	sltu	x11,x22,x16	 x22:0xffffaced x16:0xfffff9ff x11=0x00000001
        4795000	       478	80000744	ff350a23	sb	x19,-12(x10)	 x10:0x80008c85 x19:0x00000004 PA:0x80008c79
        4805000	       479	80000748	00f51283	lh	x5,15(x10)	 x10:0x80008c85  x5=0x000076eb PA:0x80008c94
        4815000	       480	8000074c	ff350f03	lb	x30,-13(x10)	 x10:0x80008c85 x30=0xffffff8c PA:0x80008c78
        4825000	       481	80000750	ff355f83	lhu	x31,-13(x10)	 x10:0x80008c85 x31=0x0000048c PA:0x80008c78
        4835000	       482	80000754	00450183	lb	x3,4(x10)	 x10:0x80008c85  x3=0xfffffffc PA:0x80008c89
        4845000	       483	80000758	00454383	lbu	x7,4(x10)	 x10:0x80008c85  x7=0x000000fc PA:0x80008c89
        4855000	       484	8000075c	00d50223	sb	x13,4(x10)	 x10:0x80008c85 x13:0x00001ca0 PA:0x80008c89
        4865000	       485	80000760	00054a03	lbu	x20,0(x10)	 x10:0x80008c85 x20=0x00000034 PA:0x80008c85
        4875000	       486	80000764	00d50623	sb	x13,12(x10)	 x10:0x80008c85 x13:0x00001ca0 PA:0x80008c91
        4885000	       487	80000768	40f25cb3	sra	x25,x4,x15	  x4:0x58512000 x15:0xfffff92c x25=0x00058512
        4895000	       488	8000076c	01ef14b3	sll	x9,x30,x30	 x30:0xffffff8c x30:0xffffff8c  x9=0xfff8c000
        4905000	       489	80000770	01054283	lbu	x5,16(x10)	 x10:0x80008c85  x5=0x00000076 PA:0x80008c95
        4915000	       490	80000774	01750823	sb	x23,16(x10)	 x10:0x80008c85 x23:0x2e1aaced PA:0x80008c95
        4925000	       491	80000778	59ff0017	auipc	x0,0x59ff0	
        4935000	       492	8000077c	e0bbcd93	xori	x27,x23,-501	 x23:0x2e1aaced x27=0xd1e552e6
        4945000	       493	80000780	40985b33	sra	x22,x16,x9	 x16:0xfffff9ff  x9:0xfff8c000 x22=0xfffff9ff
        4955000	       494	80000784	01b19513	slli	x10,x3,0x1b	  x3:0xfffffffc x10=0xe0000000
        4965000	       495	80000788	0ded7593	andi	x11,x26,222	 x26:0x00000000 x11=0x00000000
        4975000	       496	8000078c	00755193	srli	x3,x10,0x7	 x10:0xe0000000  x3=0x01c00000
        4985000	       497	80000790	00008617	auipc	x12,0x8	 x12=0x8000878c
        4995000	       498	80000794	52860613	addi	x12,x12,1320	 x12:0x8000878c x12=0x80008cb4
        5005000	       499	80000798	00008e97	auipc	x29,0x8	 x29=0x80008794
        5015000	       500	8000079c	467e8e93	addi	x29,x29,1127	 x29:0x80008794 x29=0x80008bfb
        5025000	       501	800007a0	00008d17	auipc	x26,0x8	 x26=0x8000879c
        5035000	       502	800007a4	584d0d13	addi	x26,x26,1412	 x26:0x8000879c x26=0x80008d20
        5045000	       503	800007a8	e31ec083	lbu	x1,-463(x29)	 x29:0x80008bfb  x1=0x000000b5 PA:0x80008a2c
        5055000	       504	00000000	00000013	addi	x0,x0,0	  x0:0x00000000
        5065000	       505	800007ac	00008517	auipc	x10,0x8	 x10=0x800087a8
        5075000	       506	800007b0	43e50513	addi	x10,x10,1086	 x10:0x800087a8 x10=0x80008be6
        5085000	       507	800007b4	04f54483	lbu	x9,79(x10)	 x10:0x80008be6  x9=0x00000065 PA:0x80008c35
        5095000	       508	800007b8	055608a3	sb	x21,81(x12)	 x12:0x80008cb4 x21:0x2c8bc618 PA:0x80008d05
        5105000	       509	800007bc	0f550ba3	sb	x21,247(x10)	 x10:0x80008be6 x21:0x2c8bc618 PA:0x80008cdd
        5115000	       510	800007c0	0c4e8423	sb	x4,200(x29)	 x29:0x80008bfb  x4:0x58512000 PA:0x80008cc3
        5125000	       511	800007c4	ea9d0223	sb	x9,-348(x26)	 x26:0x80008d20  x9:0x00000065 PA:0x80008bc4
        5135000	       512	800007c8	00008117	auipc	x2,0x8	  x2=0x800087c4
        5145000	       513	800007cc	47b10113	addi	x2,x2,1147	  x2:0x800087c4  x2=0x80008c3f
        5155000	       514	800007d0	145e8923	sb	x5,338(x29)	 x29:0x80008bfb  x5:0x00000076 PA:0x80008d4d
        5165000	       515	800007d4	372e8403	lb	x8,882(x29)	 x29:0x80008bfb  x8=0xffffffac PA:0x80008f6d
        5175000	       516	800007d8	fe750783	lb	x15,-25(x10)	 x10:0x80008be6 x15=0x00000018 PA:0x80008bcd
        5185000	       517	800007dc	03e501a3	sb	x30,35(x10)	 x10:0x80008be6 x30:0xffffff8c PA:0x80008c09
        5195000	       518	800007e0	ce0e97a3	sh	x0,-785(x29)	 x29:0x80008bfb  x0:0x00000000 PA:0x800088ea
        5205000	       519	800007e4	d26d1323	sh	x6,-730(x26)	 x26:0x80008d20  x6:0x00c33e49 PA:0x80008a46
        5215000	       520	800007e8	02410903	lb	x18,36(x2)	  x2:0x80008c3f x18=0xffffffc7 PA:0x80008c63
        5225000	       521	800007ec	f70e8223	sb	x16,-156(x29)	 x29:0x80008bfb x16:0xfffff9ff PA:0x80008b5f
        5235000	       522	800007f0	10064b03	lbu	x22,256(x12)	 x12:0x80008cb4 x22=0x000000a7 PA:0x80008db4
        5245000	       523	800007f4	c65d0783	lb	x15,-923(x26)	 x26:0x80008d20 x15=0xffffffd0 PA:0x80008985
        5255000	       524	800007f8	f4350483	lb	x9,-189(x10)	 x10:0x80008be6  x9=0x00000036 PA:0x80008b29
        5265000	       525	800007fc	e93e8783	lb	x15,-365(x29)	 x29:0x80008bfb x15=0x00000075 PA:0x80008a8e
        5275000	       526	80000800	e58d02a3	sb	x24,-443(x26)	 x26:0x80008d20 x24:0x80008006 PA:0x80008b65
        5285000	       527	80000804	160e8723	sb	x0,366(x29)	 x29:0x80008bfb  x0:0x00000000 PA:0x80008d69
        5295000	       528	80000808	02610fa3	sb	x6,63(x2)	  x2:0x80008c3f  x6:0x00c33e49 PA:0x80008c7e
        5305000	       529	8000080c	f0e60a83	lb	x21,-242(x12)	 x12:0x80008cb4 x21=0x00000033 PA:0x80008bc2
        5315000	       530	80000810	ec7d0403	lb	x8,-313(x26)	 x26:0x80008d20  x8=0xffffffe9 PA:0x80008be7
        5325000	       531	80000814	df3ecc83	lbu	x25,-525(x29)	 x29:0x80008bfb x25=0x000000c1 PA:0x800089ee
        5335000	       532	80000818	06e606a3	sb	x14,109(x12)	 x12:0x80008cb4 x14:0x80009fc4 PA:0x80008d21
        5345000	       533	8000081c	fe610403	lb	x8,-26(x2)	  x2:0x80008c3f  x8=0xffffffcd PA:0x80008c25
        5355000	       534	80000820	c6fd0c83	lb	x25,-913(x26)	 x26:0x80008d20 x25=0x0000002c PA:0x8000898f
        5365000	       535	80000824	ff610023	sb	x22,-32(x2)	  x2:0x80008c3f x22:0x000000a7 PA:0x80008c1f
        5375000	       536	80000828	05c64403	lbu	x8,92(x12)	 x12:0x80008cb4  x8=0x000000b4 PA:0x80008d10
        5385000	       537	8000082c	caad2c23	sw	x10,-840(x26)	 x26:0x80008d20 x10:0x80008be6 PA:0x800089d8
        5395000	       538	80000830	0f950183	lb	x3,249(x10)	 x10:0x80008be6  x3=0xffffffbc PA:0x80008cdf
        5405000	       539	80000834	f7462783	lw	x15,-140(x12)	 x12:0x80008cb4 x15=0x9ab59af0 PA:0x80008c28
        5415000	       540	80000838	03214803	lbu	x16,50(x2)	  x2:0x80008c3f x16=0x000000e9 PA:0x80008c71
        5425000	       541	8000083c	aabd4113	xori	x2,x26,-1365	 x26:0x80008d20  x2=0x7fff778b
        5435000	       542	80000840	409dddb3	sra	x27,x27,x9	 x27:0xd1e552e6  x9:0x00000036 x27=0xffffff47
        5445000	       543	80000844	011a9913	slli	x18,x21,0x11	 x21:0x00000033 x18=0x00660000
        5455000	       544	80000848	01839863	bne	x7,x24,80000858	  x7:0x000000fc x24:0x80008006
        5465000	       545	00000000	00000013	addi	x0,x0,0	  x0:0x00000000
        5475000	       546	80000854	00000013	addi	x0,x0,0	  x0:0x00000000
        5485000	       547	80000858	09f28a37	lui	x20,0x9f28	 x20=0x09f28000
        5495000	       548	8000085c	00ced213	srli	x4,x29,0xc	 x29:0x80008bfb  x4=0x00080008
        5505000	       549	80000860	037cd463	bge	x25,x23,80000888	 x25:0x0000002c x23:0x2e1aaced
        5515000	       550	80000864	00801eb3	sll	x29,x0,x8	  x0:0x00000000  x8:0x000000b4 x29=0x00000000
        5525000	       551	80000868	01a397b3	sll	x15,x7,x26	  x7:0x000000fc x26:0x80008d20 x15=0x000000fc
        5535000	       552	8000086c	36020317	auipc	x6,0x36020	  x6=0xb6020868
        5545000	       553	80000870	05467663	bgeu	x12,x20,800008bc	 x12:0x80008cb4 x20:0x09f28000
        5555000	       554	00000000	00000013	addi	x0,x0,0	  x0:0x00000000
        5565000	       555	800008b8	00000013	addi	x0,x0,0	  x0:0x00000000
        5575000	       556	800008bc	03537463	bgeu	x6,x21,800008e4	  x6:0xb6020868 x21:0x00000033
        5585000	       557	00000000	00000013	addi	x0,x0,0	  x0:0x00000000
        5595000	       558	800008e0	00000013	addi	x0,x0,0	  x0:0x00000000
        5605000	       559	800008e4	003210b3	sll	x1,x4,x3	  x4:0x00080008  x3:0xffffffbc  x1=0x80000000
        5615000	       560	800008e8	059f8463	beq	x31,x25,80000930	 x31:0x0000048c x25:0x0000002c
        5625000	       561	800008ec	40a05f33	sra	x30,x0,x10	  x0:0x00000000 x10:0x80008be6 x30=0x00000000
        5635000	       562	800008f0	4196dcb3	sra	x25,x13,x25	 x13:0x00001ca0 x25:0x0000002c x25=0x00000001
        5645000	       563	800008f4	e09df013	andi	x0,x27,-503	 x27:0xffffff47
        5655000	       564	800008f8	3e3c7593	andi	x11,x24,995	 x24:0x80008006 x11=0x00000002
        5665000	       565	800008fc	7074e513	ori	x10,x9,1799	  x9:0x00000036 x10=0x00000737
        5675000	       566	80000900	010d9a63	bne	x27,x16,80000914	 x27:0xffffff47 x16:0x000000e9
        5685000	       567	00000000	00000013	addi	x0,x0,0	  x0:0x00000000
        5695000	       568	80000910	00000013	addi	x0,x0,0	  x0:0x00000000
        5705000	       569	80000914	03d0fa63	bgeu	x1,x29,80000948	  x1:0x80000000 x29:0x00000000
        5715000	       570	00000000	00000013	addi	x0,x0,0	  x0:0x00000000
        5725000	       571	80000944	00000013	addi	x0,x0,0	  x0:0x00000000
        5735000	       572	80000948	06021263	bne	x4,x0,800009ac	  x4:0x00080008  x0:0x00000000
        5745000	       573	00000000	00000013	addi	x0,x0,0	  x0:0x00000000
        5755000	       574	800009a8	00000013	addi	x0,x0,0	  x0:0x00000000
        5765000	       575	800009ac	cc336213	ori	x4,x6,-829	  x6:0xb6020868  x4=0xfffffceb
        5775000	       576	800009b0	40f6d913	srai	x18,x13,0xf	 x13:0x00001ca0 x18=0x00000000
        5785000	       577	800009b4	04354463	blt	x10,x3,800009fc	 x10:0x00000737  x3:0xffffffbc
        5795000	       578	800009b8	2b2e8a93	addi	x21,x29,690	 x29:0x00000000 x21=0x000002b2
        5805000	       579	800009bc	011251b3	srl	x3,x4,x17	  x4:0xfffffceb x17:0x80009f84  x3=0x0fffffce
        5815000	       580	800009c0	01c65f93	srli	x31,x12,0x1c	 x12:0x80008cb4 x31=0x00000008
        5825000	       581	800009c4	40de8233	sub	x4,x29,x13	 x29:0x00000000 x13:0x00001ca0  x4=0xffffe360
        5835000	       582	800009c8	26899517	auipc	x10,0x26899	 x10=0xa68999c4
        5845000	       583	800009cc	00000013	addi	x0,x0,0	  x0:0x00000000
        5855000	       584	800009d0	41845693	srai	x13,x8,0x18	  x8:0x000000b4 x13=0x00000000
        5865000	       585	800009d4	aca20d37	lui	x26,0xaca20	 x26=0xaca20000
        5875000	       586	800009d8	860ee013	ori	x0,x29,-1952	 x29:0x00000000
        5885000	       587	800009dc	40a450b3	sra	x1,x8,x10	  x8:0x000000b4 x10:0xa68999c4  x1=0x0000000b
        5895000	       588	800009e0	01939193	slli	x3,x7,0x19	  x7:0x000000fc  x3=0xf8000000
        5905000	       589	800009e4	46bca793	slti	x15,x25,1131	 x25:0x00000001 x15=0x00000001
        5915000	       590	800009e8	00000013	addi	x0,x0,0	  x0:0x00000000
        5925000	       591	800009ec	047dc263	blt	x27,x7,80000a30	 x27:0xffffff47  x7:0x000000fc
        5935000	       592	00000000	00000013	addi	x0,x0,0	  x0:0x00000000
        5945000	       593	80000a2c	00000013	addi	x0,x0,0	  x0:0x00000000
        5955000	       594	80000a30	f0dc96b7	lui	x13,0xf0dc9	 x13=0xf0dc9000
        5965000	       595	80000a34	84243693	sltiu	x13,x8,-1982	  x8:0x000000b4 x13=0x00000001
        5975000	       596	80000a38	015f3033	sltu	x0,x30,x21	 x30:0x00000000 x21:0x000002b2
        5985000	       597	80000a3c	00069eb3	sll	x29,x13,x0	 x13:0x00000001  x0:0x00000000 x29=0x00000001
        5995000	       598	80000a40	01f55f13	srli	x30,x10,0x1f	 x10:0xa68999c4 x30=0x00000001
        6005000	       599	80000a44	01995033	srl	x0,x18,x25	 x18:0x00000000 x25:0x00000001
        6015000	       600	80000a48	007d9633	sll	x12,x27,x7	 x27:0xffffff47  x7:0x000000fc x12=0x70000000
        6025000	       601	80000a4c	024d4a63	blt	x26,x4,80000a80	 x26:0xaca20000  x4:0xffffe360
        6035000	       602	00000000	00000013	addi	x0,x0,0	  x0:0x00000000
        6045000	       603	80000a7c	00000013	addi	x0,x0,0	  x0:0x00000000
        6055000	       604	80000a80	03cf7a63	bgeu	x30,x28,80000ab4	 x30:0x00000001 x28:0xffff9c00
        6065000	       605	80000a84	01cb5233	srl	x4,x22,x28	 x22:0x000000a7 x28:0xffff9c00  x4=0x000000a7
        6075000	       606	80000a88	3a6a2013	slti	x0,x20,934	 x20:0x09f28000
        6085000	       607	80000a8c	01d39333	sll	x6,x7,x29	  x7:0x000000fc x29:0x00000001  x6=0x000001f8
        6095000	       608	80000a90	00144b33	xor	x22,x8,x1	  x8:0x000000b4  x1:0x0000000b x22=0x000000bf
        6105000	       609	80000a94	3bd54193	xori	x3,x10,957	 x10:0xa68999c4  x3=0xa6899a79
        6115000	       610	80000a98	4eb06793	ori	x15,x0,1259	  x0:0x00000000 x15=0x000004eb
        6125000	       611	80000a9c	f7dacd93	xori	x27,x21,-131	 x21:0x000002b2 x27=0xfffffdcf
        6135000	       612	80000aa0	c5423bb7	lui	x23,0xc5423	 x23=0xc5423000
        6145000	       613	80000aa4	098fcd93	xori	x27,x31,152	 x31:0x00000008 x27=0x00000090
        6155000	       614	80000aa8	02498a63	beq	x19,x4,80000adc	 x19:0x00000004  x4:0x000000a7
        6165000	       615	80000aac	01df9093	slli	x1,x31,0x1d	 x31:0x00000008  x1=0x00000000
        6175000	       616	80000ab0	00c9fab3	and	x21,x19,x12	 x19:0x00000004 x12:0x70000000 x21=0x00000000
        6185000	       617	80000ab4	01598233	add	x4,x19,x21	 x19:0x00000004 x21:0x00000000  x4=0x00000004
        6195000	       618	80000ab8	40f101b3	sub	x3,x2,x15	  x2:0x7fff778b x15:0x000004eb  x3=0x7fff72a0
        6205000	       619	80000abc	41985eb3	sra	x29,x16,x25	 x16:0x000000e9 x25:0x00000001 x29=0x00000074
        6215000	       620	80000ac0	009dd233	srl	x4,x27,x9	 x27:0x00000090  x9:0x00000036  x4=0x00000000
        6225000	       621	80000ac4	00c35cb3	srl	x25,x6,x12	  x6:0x000001f8 x12:0x70000000 x25=0x000001f8
        6235000	       622	80000ac8	b5754393	xori	x7,x10,-1193	 x10:0xa68999c4  x7=0x59766293
        6245000	       623	80000acc	415b5093	srai	x1,x22,0x15	 x22:0x000000bf  x1=0x00000000
        6255000	       624	80000ad0	02010063	beq	x2,x0,80000af0	  x2:0x7fff778b  x0:0x00000000
        6265000	       625	80000ad4	004b2eb3	slt	x29,x22,x4	 x22:0x000000bf  x4:0x00000000 x29=0x00000000
        6275000	       626	80000ad8	00ef2fb3	slt	x31,x30,x14	 x30:0x00000001 x14:0x80009fc4 x31=0x00000000
        6285000	       627	80000adc	019fd033	srl	x0,x31,x25	 x31:0x00000000 x25:0x000001f8
        6295000	       628	80000ae0	2db2c517	auipc	x10,0x2db2c	 x10=0xadb2cadc
        6305000	       629	80000ae4	03871c63	bne	x14,x24,80000b1c	 x14:0x80009fc4 x24:0x80008006
        6315000	       630	00000000	00000013	addi	x0,x0,0	  x0:0x00000000
        6325000	       631	80000b18	00000013	addi	x0,x0,0	  x0:0x00000000
        6335000	       632	80000b1c	cc232d93	slti	x27,x6,-830	  x6:0x000001f8 x27=0x00000000
        6345000	       633	80000b20	006ab333	sltu	x6,x21,x6	 x21:0x00000000  x6:0x000001f8  x6=0x00000001
        6355000	       634	80000b24	01077433	and	x8,x14,x16	 x14:0x80009fc4 x16:0x000000e9  x8=0x000000c0
        6365000	       635	80000b28	025ed063	bge	x29,x5,80000b48	 x29:0x00000000  x5:0x00000076
        6375000	       636	80000b2c	02286863	bltu	x16,x2,80000b5c	 x16:0x000000e9  x2:0x7fff778b
        6385000	       637	00000000	00000013	addi	x0,x0,0	  x0:0x00000000
        6395000	       638	80000b58	00000013	addi	x0,x0,0	  x0:0x00000000
        6405000	       639	80000b5c	01745e63	bge	x8,x23,80000b78	  x8:0x000000c0 x23:0xc5423000
        6415000	       640	00000000	00000013	addi	x0,x0,0	  x0:0x00000000
        6425000	       641	80000b74	00000013	addi	x0,x0,0	  x0:0x00000000
        6435000	       642	80000b78	6ec98337	lui	x6,0x6ec98	  x6=0x6ec98000
        6445000	       643	80000b7c	417fd933	sra	x18,x31,x23	 x31:0x00000000 x23:0xc5423000 x18=0x00000000
        6455000	       644	80000b80	01b8c6b3	xor	x13,x17,x27	 x17:0x80009f84 x27:0x00000000 x13=0x80009f84
        6465000	       645	80000b84	00000013	addi	x0,x0,0	  x0:0x00000000
        6475000	       646	80000b88	400f8eb3	sub	x29,x31,x0	 x31:0x00000000  x0:0x00000000 x29=0x00000000
        6485000	       647	80000b8c	01675513	srli	x10,x14,0x16	 x14:0x80009fc4 x10=0x00000200
        6495000	       648	80000b90	2c7a3037	lui	x0,0x2c7a3	
        6505000	       649	80000b94	40e58833	sub	x16,x11,x14	 x11:0x00000002 x14:0x80009fc4 x16=0x7fff603e
        6515000	       650	80000b98	00008117	auipc	x2,0x8	  x2=0x80008b94
        6525000	       651	80000b9c	98f10113	addi	x2,x2,-1649	  x2:0x80008b94  x2=0x80008523
        6535000	       652	80000ba0	015cdab3	srl	x21,x25,x21	 x25:0x000001f8 x21:0x00000000 x21=0x000001f8
        6545000	       653	80000ba4	f1511783	lh	x15,-235(x2)	  x2:0x80008523 x15=0xffffc0ab PA:0x80008438
        6555000	       654	80000ba8	01c726b3	slt	x13,x14,x28	 x14:0x80009fc4 x28:0xffff9c00 x13=0x00000001
        6565000	       655	80000bac	f0511603	lh	x12,-251(x2)	  x2:0x80008523 x12=0xffffa9fd PA:0x80008428
        6575000	       656	80000bb0	01410323	sb	x20,6(x2)	  x2:0x80008523 x20:0x09f28000 PA:0x80008529
        6585000	       657	80000bb4	00aded33	or	x26,x27,x10	 x27:0x00000000 x10:0x00000200 x26=0x00000200
        6595000	       658	80000bb8	1f212913	slti	x18,x2,498	  x2:0x80008523 x18=0x00000001
        6605000	       659	80000bbc	78a360b7	lui	x1,0x78a36	  x1=0x78a36000
        6615000	       660	80000bc0	fb510e03	lb	x28,-75(x2)	  x2:0x80008523 x28=0x0000004b PA:0x800084d8
        6625000	       661	80000bc4	05014383	lbu	x7,80(x2)	  x2:0x80008523  x7=0x0000000c PA:0x80008573
        6635000	       662	80000bc8	03614e03	lbu	x28,54(x2)	  x2:0x80008523 x28=0x000000ef PA:0x80008559
        6645000	       663	80000bcc	fdd10d23	sb	x29,-38(x2)	  x2:0x80008523 x29:0x00000000 PA:0x800084fd
        6655000	       664	80000bd0	01010e83	lb	x29,16(x2)	  x2:0x80008523 x29=0x00000000 PA:0x80008533
        6665000	       665	80000bd4	de600c13	addi	x24,x0,-538	  x0:0x00000000 x24=0xfffffde6
        6675000	       666	80000bd8	1503b793	sltiu	x15,x7,336	  x7:0x0000000c x15=0x00000001
        6685000	       667	80000bdc	8b2c3b93	sltiu	x23,x24,-1870	 x24:0xfffffde6 x23=0x00000000
        6695000	       668	80000be0	f3614d83	lbu	x27,-202(x2)	  x2:0x80008523 x27=0x000000e3 PA:0x80008459
        6705000	       669	80000be4	03a126a3	sw	x26,45(x2)	  x2:0x80008523 x26:0x00000200 PA:0x80008550
        6715000	       670	80000be8	fa210a23	sb	x2,-76(x2)	  x2:0x80008523  x2:0x80008523 PA:0x800084d7
        6725000	       671	80000bec	06610223	sb	x6,100(x2)	  x2:0x80008523  x6:0x6ec98000 PA:0x80008587
        6735000	       672	80000bf0	04114b83	lbu	x23,65(x2)	  x2:0x80008523 x23=0x000000d6 PA:0x80008564
        6745000	       673	80000bf4	01b10823	sb	x27,16(x2)	  x2:0x80008523 x27:0x000000e3 PA:0x80008533
        6755000	       674	80000bf8	4b036f97	auipc	x31,0x4b036	 x31=0xcb036bf4
        6765000	       675	80000bfc	00710323	sb	x7,6(x2)	  x2:0x80008523  x7:0x0000000c PA:0x80008529
        6775000	       676	80000c00	00811fa3	sh	x8,31(x2)	  x2:0x80008523  x8:0x000000c0 PA:0x80008542
        6785000	       677	80000c04	01877233	and	x4,x14,x24	 x14:0x80009fc4 x24:0xfffffde6  x4=0x80009dc4
        6795000	       678	80000c08	2a293913	sltiu	x18,x18,674	 x18:0x00000001 x18=0x00000001
        6805000	       679	80000c0c	00658a33	add	x20,x11,x6	 x11:0x00000002  x6:0x6ec98000 x20=0x6ec98002
        6815000	       680	80000c10	00fa7cb3	and	x25,x20,x15	 x20:0x6ec98002 x15:0x00000001 x25=0x00000000
        6825000	       681	80000c14	4012d0b3	sra	x1,x5,x1	  x5:0x00000076  x1:0x78a36000  x1=0x00000076
        6835000	       682	80000c18	f5714783	lbu	x15,-169(x2)	  x2:0x80008523 x15=0x000000c4 PA:0x8000847a
        6845000	       683	00000000	00000013	addi	x0,x0,0	  x0:0x00000000
        6855000	       684	80000c1c	e2ffa593	slti	x11,x31,-465	 x31:0xcb036bf4 x11=0x00000001
        6865000	       685	80000c20	0052c1b3	xor	x3,x5,x5	  x5:0x00000076  x5:0x00000076  x3=0x00000000
        6875000	       686	80000c24	fc414183	lbu	x3,-60(x2)	  x2:0x80008523  x3=0x00000073 PA:0x800084e7
        6885000	       687	80000c28	6a44a193	slti	x3,x9,1700	  x9:0x00000036  x3=0x00000001
        6895000	       688	80000c2c	6663ef17	auipc	x30,0x6663e	 x30=0xe663ec28
        6905000	       689	80000c30	0109dcb3	srl	x25,x19,x16	 x19:0x00000004 x16:0x7fff603e x25=0x00000000
        6915000	       690	80000c34	010e5393	srli	x7,x28,0x10	 x28:0x000000ef  x7=0x00000000
        6925000	       691	80000c38	f2810003	lb	x0,-216(x2)	  x2:0x80008523 PA:0x8000844b
        6935000	       692	80000c3c	00000013	addi	x0,x0,0	  x0:0x00000000
        6945000	       693	80000c40	00745e93	srli	x29,x8,0x7	  x8:0x000000c0 x29=0x00000001
        6955000	       694	80000c44	fc311503	lh	x10,-61(x2)	  x2:0x80008523 x10=0x00007308 PA:0x800084e6
        6965000	       695	80000c48	1ad8c037	lui	x0,0x1ad8c	
        6975000	       696	80000c4c	01a6deb3	srl	x29,x13,x26	 x13:0x00000001 x26:0x00000200 x29=0x00000001
        6985000	       697	80000c50	2506f213	andi	x4,x13,592	 x13:0x00000001  x4=0x00000000
        6995000	       698	80000c54	a42efb97	auipc	x23,0xa42ef	 x23=0x242efc50
        7005000	       699	80000c58	00900833	add	x16,x0,x9	  x0:0x00000000  x9:0x00000036 x16=0x00000036
        7015000	       700	80000c5c	41d88bb3	sub	x23,x17,x29	 x17:0x80009f84 x29:0x00000001 x23=0x80009f83
        7025000	       701	80000c60	00f3c863	blt	x7,x15,80000c70	  x7:0x00000000 x15:0x000000c4
        7035000	       702	00000000	00000013	addi	x0,x0,0	  x0:0x00000000
        7045000	       703	80000c6c	00000013	addi	x0,x0,0	  x0:0x00000000
        7055000	       704	80000c70	00ad5a63	bge	x26,x10,80000c84	 x26:0x00000200 x10:0x00007308
        7065000	       705	80000c74	6b4ca513	slti	x10,x25,1716	 x25:0x00000000 x10=0x00000001
        7075000	       706	80000c78	000cbcb3	sltu	x25,x25,x0	 x25:0x00000000  x0:0x00000000 x25=0x00000000
        7085000	       707	80000c7c	00c74f33	xor	x30,x14,x12	 x14:0x80009fc4 x12:0xffffa9fd x30=0x7fff3639
        7095000	       708	80000c80	06d0f063	bgeu	x1,x13,80000ce0	  x1:0x00000076 x13:0x00000001
        7105000	       709	00000000	00000013	addi	x0,x0,0	  x0:0x00000000
        7115000	       710	80000cdc	00000013	addi	x0,x0,0	  x0:0x00000000
        7125000	       711	80000ce0	019a15b3	sll	x11,x20,x25	 x20:0x6ec98002 x25:0x00000000 x11=0x6ec98002
        7135000	       712	80000ce4	49e98a13	addi	x20,x19,1182	 x19:0x00000004 x20=0x000004a2
        7145000	       713	80000ce8	da4dad37	lui	x26,0xda4da	 x26=0xda4da000
        7155000	       714	80000cec	358ff2b7	lui	x5,0x358ff	  x5=0x358ff000
        7165000	       715	80000cf0	01c7feb3	and	x29,x15,x28	 x15:0x000000c4 x28:0x000000ef x29=0x000000c4
        7175000	       716	80000cf4	00141f33	sll	x30,x8,x1	  x8:0x000000c0  x1:0x00000076 x30=0x30000000
        7185000	       717	80000cf8	1bf52a13	slti	x20,x10,447	 x10:0x00000001 x20=0x00000001
        7195000	       718	80000cfc	00fb4db3	xor	x27,x22,x15	 x22:0x000000bf x15:0x000000c4 x27=0x0000007b
        7205000	       719	80000d00	c113bf13	sltiu	x30,x7,-1007	  x7:0x00000000 x30=0x00000001
        7215000	       720	80000d04	026fce63	blt	x31,x6,80000d40	 x31:0xcb036bf4  x6:0x6ec98000
        7225000	       721	00000000	00000013	addi	x0,x0,0	  x0:0x00000000
        7235000	       722	80000d3c	00000013	addi	x0,x0,0	  x0:0x00000000
        7245000	       723	80000d40	036dfa63	bgeu	x27,x22,80000d74	 x27:0x0000007b x22:0x000000bf
        7255000	       724	80000d44	00fddf33	srl	x30,x27,x15	 x27:0x0000007b x15:0x000000c4 x30=0x00000007
        7265000	       725	80000d48	018f5eb3	srl	x29,x30,x24	 x30:0x00000007 x24:0xfffffde6 x29=0x00000000
        7275000	       726	80000d4c	4d972937	lui	x18,0x4d972	 x18=0x4d972000
        7285000	       727	80000d50	4189d293	srai	x5,x19,0x18	 x19:0x00000004  x5=0x00000000
        7295000	       728	80000d54	accb2313	slti	x6,x22,-1332	 x22:0x000000bf  x6=0x00000000
        7305000	       729	80000d58	01e63ab3	sltu	x21,x12,x30	 x12:0xffffa9fd x30:0x00000007 x21=0x00000000
        7315000	       730	80000d5c	02f48463	beq	x9,x15,80000d84	  x9:0x00000036 x15:0x000000c4
        7325000	       731	80000d60	1a59df97	auipc	x31,0x1a59d	 x31=0x9a59dd5c
        7335000	       732	80000d64	7211ad93	slti	x27,x3,1825	  x3:0x00000001 x27=0x00000001
        7345000	       733	80000d68	00f71c63	bne	x14,x15,80000d80	 x14:0x80009fc4 x15:0x000000c4
        7355000	       734	00000000	00000013	addi	x0,x0,0	  x0:0x00000000
        7365000	       735	80000d7c	00000013	addi	x0,x0,0	  x0:0x00000000
        7375000	       736	80000d80	67693c13	sltiu	x24,x18,1654	 x18:0x4d972000 x24=0x00000000
        7385000	       737	80000d84	dd964437	lui	x8,0xdd964	  x8=0xdd964000
        7395000	       738	80000d88	01fa1033	sll	x0,x20,x31	 x20:0x00000001 x31:0x9a59dd5c
        7405000	       739	80000d8c	0124eab3	or	x21,x9,x18	  x9:0x00000036 x18:0x4d972000 x21=0x4d972036
        7415000	       740	80000d90	f67faf93	slti	x31,x31,-153	 x31:0x9a59dd5c x31=0x00000001
        7425000	       741	80000d94	16607017	auipc	x0,0x16607	
        7435000	       742	80000d98	01b2ec63	bltu	x5,x27,80000db0	  x5:0x00000000 x27:0x00000001
        7445000	       743	00000000	00000013	addi	x0,x0,0	  x0:0x00000000
        7455000	       744	80000dac	00000013	addi	x0,x0,0	  x0:0x00000000
        7465000	       745	80000db0	03dff463	bgeu	x31,x29,80000dd8	 x31:0x00000001 x29:0x00000000
        7475000	       746	00000000	00000013	addi	x0,x0,0	  x0:0x00000000
        7485000	       747	80000dd4	00000013	addi	x0,x0,0	  x0:0x00000000
        7495000	       748	80000dd8	89704413	xori	x8,x0,-1897	  x0:0x00000000  x8=0xfffff897
        7505000	       749	80000ddc	00000013	addi	x0,x0,0	  x0:0x00000000
        7515000	       750	80000de0	41b8a817	auipc	x16,0x41b8a	 x16=0xc1b8addc
        7525000	       751	80000de4	05b11063	bne	x2,x27,80000e24	  x2:0x80008523 x27:0x00000001
        7535000	       752	00000000	00000013	addi	x0,x0,0	  x0:0x00000000
        7545000	       753	80000e20	00000013	addi	x0,x0,0	  x0:0x00000000
        7555000	       754	80000e24	9209c693	xori	x13,x19,-1760	 x19:0x00000004 x13=0xfffff924
        7565000	       755	80000e28	5e99cb93	xori	x23,x19,1513	 x19:0x00000004 x23=0x000005ed
        7575000	       756	80000e2c	404285b3	sub	x11,x5,x4	  x5:0x00000000  x4:0x00000000 x11=0x00000000
        7585000	       757	80000e30	02e00c63	beq	x0,x14,80000e68	  x0:0x00000000 x14:0x80009fc4
        7595000	       758	80000e34	009e43b3	xor	x7,x28,x9	 x28:0x000000ef  x9:0x00000036  x7=0x000000d9
        7605000	       759	80000e38	40f6d833	sra	x16,x13,x15	 x13:0xfffff924 x15:0x000000c4 x16=0xffffff92
        7615000	       760	80000e3c	004722b3	slt	x5,x14,x4	 x14:0x80009fc4  x4:0x00000000  x5=0x00000001
        7625000	       761	80000e40	7d24a413	slti	x8,x9,2002	  x9:0x00000036  x8=0x00000001
        7635000	       762	80000e44	0071bcb3	sltu	x25,x3,x7	  x3:0x00000001  x7:0x000000d9 x25=0x00000001
        7645000	       763	80000e48	00000013	addi	x0,x0,0	  x0:0x00000000
        7655000	       764	80000e4c	c25e8d93	addi	x27,x29,-987	 x29:0x00000000 x27=0xfffffc25
        7665000	       765	80000e50	6630cfb7	lui	x31,0x6630c	 x31=0x6630c000
        7675000	       766	80000e54	002444b3	xor	x9,x8,x2	  x8:0x00000001  x2:0x80008523  x9=0x80008522
        7685000	       767	80000e58	03d37463	bgeu	x6,x29,80000e80	  x6:0x00000000 x29:0x00000000
        7695000	       768	00000000	00000013	addi	x0,x0,0	  x0:0x00000000
        7705000	       769	80000e7c	00000013	addi	x0,x0,0	  x0:0x00000000
        7715000	       770	80000e80	e8ca6e13	ori	x28,x20,-372	 x20:0x00000001 x28=0xfffffe8d
        7725000	       771	80000e84	02af4c63	blt	x30,x10,80000ebc	 x30:0x00000007 x10:0x00000001
        7735000	       772	80000e88	b4c10493	addi	x9,x2,-1204	  x2:0x80008523  x9=0x8000806f
        7745000	       773	80000e8c	16906293	ori	x5,x0,361	  x0:0x00000000  x5=0x00000169
        7755000	       774	80000e90	00000013	addi	x0,x0,0	  x0:0x00000000
        7765000	       775	80000e94	01e4a5b3	slt	x11,x9,x30	  x9:0x8000806f x30:0x00000007 x11=0x00000001
        7775000	       776	80000e98	000c5f13	srli	x30,x24,0x0	 x24:0x00000000 x30=0x00000000
        7785000	       777	80000e9c	0113d613	srli	x12,x7,0x11	  x7:0x000000d9 x12=0x00000000
        7795000	       778	80000ea0	018a9c63	bne	x21,x24,80000eb8	 x21:0x4d972036 x24:0x00000000
        7805000	       779	00000000	00000013	addi	x0,x0,0	  x0:0x00000000
        7815000	       780	80000eb4	00000013	addi	x0,x0,0	  x0:0x00000000
        7825000	       781	80000eb8	8e543b93	sltiu	x23,x8,-1819	  x8:0x00000001 x23=0x00000001
        7835000	       782	80000ebc	00000013	addi	x0,x0,0	  x0:0x00000000
        7845000	       783	80000ec0	fa2abd93	sltiu	x27,x21,-94	 x21:0x4d972036 x27=0x00000001
        7855000	       784	80000ec4	01a07c63	bgeu	x0,x26,80000edc	  x0:0x00000000 x26:0xda4da000
        7865000	       785	80000ec8	0532d463	bge	x5,x19,80000f10	  x5:0x00000169 x19:0x00000004
        7875000	       786	00000000	00000013	addi	x0,x0,0	  x0:0x00000000
        7885000	       787	80000f0c	00000013	addi	x0,x0,0	  x0:0x00000000
        7895000	       788	80000f10	cd7e4b13	xori	x22,x28,-809	 x28:0xfffffe8d x22=0x0000025a
        7905000	       789	80000f14	00085113	srli	x2,x16,0x0	 x16:0xffffff92  x2=0xffffff92
        7915000	       790	80000f18	01ec36b3	sltu	x13,x24,x30	 x24:0x00000000 x30:0x00000000 x13=0x00000000
        7925000	       791	80000f1c	cca9a913	slti	x18,x19,-822	 x19:0x00000004 x18=0x00000000
        7935000	       792	80000f20	99aacf93	xori	x31,x21,-1638	 x21:0x4d972036 x31=0xb268d9ac
        7945000	       793	80000f24	30c2b393	sltiu	x7,x5,780	  x5:0x00000169  x7=0x00000001
        7955000	       794	80000f28	01cb7bb3	and	x23,x22,x28	 x22:0x0000025a x28:0xfffffe8d x23=0x00000208
        7965000	       795	80000f2c	030dca63	blt	x27,x16,80000f60	 x27:0x00000001 x16:0xffffff92
        7975000	       796	80000f30	045f2617	auipc	x12,0x45f2	 x12=0x845f2f2c
        7985000	       797	80000f34	41500e33	sub	x28,x0,x21	  x0:0x00000000 x21:0x4d972036 x28=0xb268dfca
        7995000	       798	80000f38	9060f337	lui	x6,0x9060f	  x6=0x9060f000
        8005000	       799	80000f3c	00617033	and	x0,x2,x6	  x2:0xffffff92  x6:0x9060f000
        8015000	       800	80000f40	003cf033	and	x0,x25,x3	 x25:0x00000001  x3:0x00000001
        8025000	       801	80000f44	00a61f93	slli	x31,x12,0xa	 x12:0x845f2f2c x31=0x7cbcb000
        8035000	       802	80000f48	0200ea63	bltu	x1,x0,80000f7c	  x1:0x00000076  x0:0x00000000
        8045000	       803	80000f4c	00d3d833	srl	x16,x7,x13	  x7:0x00000001 x13:0x00000000 x16=0x00000001
        8055000	       804	80000f50	00515d13	srli	x26,x2,0x5	  x2:0xffffff92 x26=0x07fffffc
        8065000	       805	80000f54	00909e63	bne	x1,x9,80000f70	  x1:0x00000076  x9:0x8000806f
        8075000	       806	00000000	00000013	addi	x0,x0,0	  x0:0x00000000
        8085000	       807	80000f6c	00000013	addi	x0,x0,0	  x0:0x00000000
        8095000	       808	80000f70	41390f33	sub	x30,x18,x19	 x18:0x00000000 x19:0x00000004 x30=0xfffffffc
        8105000	       809	80000f74	28aafa13	andi	x20,x21,650	 x21:0x4d972036 x20=0x00000002
        8115000	       810	80000f78	039b4463	blt	x22,x25,80000fa0	 x22:0x0000025a x25:0x00000001
        8125000	       811	80000f7c	00eb4033	xor	x0,x22,x14	 x22:0x0000025a x14:0x80009fc4
        8135000	       812	80000f80	40488f33	sub	x30,x17,x4	 x17:0x80009f84  x4:0x00000000 x30=0x80009f84
        8145000	       813	80000f84	0178b0b3	sltu	x1,x17,x23	 x17:0x80009f84 x23:0x00000208  x1=0x00000000
        8155000	       814	80000f88	02a7fc63	bgeu	x15,x10,80000fc0	 x15:0x000000c4 x10:0x00000001
        8165000	       815	00000000	00000013	addi	x0,x0,0	  x0:0x00000000
        8175000	       816	80000fbc	00000013	addi	x0,x0,0	  x0:0x00000000
        8185000	       817	80000fc0	dd1d2397	auipc	x7,0xdd1d2	  x7=0x5d1d2fbc
        8195000	       818	80000fc4	00000013	addi	x0,x0,0	  x0:0x00000000
        8205000	       819	80000fc8	25acf017	auipc	x0,0x25acf	
        8215000	       820	80000fcc	01e18333	add	x6,x3,x30	  x3:0x00000001 x30:0x80009f84  x6=0x80009f85
        8225000	       821	80000fd0	03a1ee63	bltu	x3,x26,8000100c	  x3:0x00000001 x26:0x07fffffc
        8235000	       822	00000000	00000013	addi	x0,x0,0	  x0:0x00000000
        8245000	       823	80001008	00000013	addi	x0,x0,0	  x0:0x00000000
        8255000	       824	8000100c	028ac263	blt	x21,x8,80001030	 x21:0x4d972036  x8:0x00000001
        8265000	       825	80001010	01495a93	srli	x21,x18,0x14	 x18:0x00000000 x21=0x00000000
        8275000	       826	80001014	01949a33	sll	x20,x9,x25	  x9:0x8000806f x25:0x00000001 x20=0x000100de
        8285000	       827	80001018	9df36b13	ori	x22,x6,-1569	  x6:0x80009f85 x22=0xffffffdf
        8295000	       828	8000101c	00f924b3	slt	x9,x18,x15	 x18:0x00000000 x15:0x000000c4  x9=0x00000001
        8305000	       829	80001020	00d15ab3	srl	x21,x2,x13	  x2:0xffffff92 x13:0x00000000 x21=0xffffff92
        8315000	       830	80001024	00ec9e93	slli	x29,x25,0xe	 x25:0x00000001 x29=0x00004000
        8325000	       831	80001028	566b6213	ori	x4,x22,1382	 x22:0xffffffdf  x4=0xffffffff
        8335000	       832	8000102c	00ff5eb3	srl	x29,x30,x15	 x30:0x80009f84 x15:0x000000c4 x29=0x080009f8
        8345000	       833	80001030	41d55e33	sra	x28,x10,x29	 x10:0x00000001 x29:0x080009f8 x28=0x00000000
        8355000	       834	80001034	4078cb17	auipc	x22,0x4078c	 x22=0xc078d030
        8365000	       835	80001038	012d4433	xor	x8,x26,x18	 x26:0x07fffffc x18:0x00000000  x8=0x07fffffc
        8375000	       836	8000103c	015d2333	slt	x6,x26,x21	 x26:0x07fffffc x21:0xffffff92  x6=0x00000000
        8385000	       837	80001040	789462b7	lui	x5,0x78946	  x5=0x78946000
        8395000	       838	80001044	01af1ab3	sll	x21,x30,x26	 x30:0x80009f84 x26:0x07fffffc x21=0x40000000
        8405000	       839	80001048	02d86063	bltu	x16,x13,80001068	 x16:0x00000001 x13:0x00000000
        8415000	       840	8000104c	e2920c97	auipc	x25,0xe2920	 x25=0x62921048
        8425000	       841	80001050	ed9fb293	sltiu	x5,x31,-295	 x31:0x7cbcb000  x5=0x00000001
        8435000	       842	80001054	01ac1e33	sll	x28,x24,x26	 x24:0x00000000 x26:0x07fffffc x28=0x00000000
        8445000	       843	80001058	01ec3033	sltu	x0,x24,x30	 x24:0x00000000 x30:0x80009f84
        8455000	       844	8000105c	00bb5793	srli	x15,x22,0xb	 x22:0xc078d030 x15=0x00180f1a
        8465000	       845	80001060	997da093	slti	x1,x27,-1641	 x27:0x00000001  x1=0x00000000
        8475000	       846	80001064	007e1e63	bne	x28,x7,80001080	 x28:0x00000000  x7:0x5d1d2fbc
        8485000	       847	00000000	00000013	addi	x0,x0,0	  x0:0x00000000
        8495000	       848	8000107c	00000013	addi	x0,x0,0	  x0:0x00000000
        8505000	       849	80001080	0410e917	auipc	x18,0x410e	 x18=0x8410f07c
        8515000	       850	80001084	055b0063	beq	x22,x21,800010c4	 x22:0xc078d030 x21:0x40000000
        8525000	       851	80001088	01f69db3	sll	x27,x13,x31	 x13:0x00000000 x31:0x7cbcb000 x27=0x00000000
        8535000	       852	8000108c	05a46263	bltu	x8,x26,800010d0	  x8:0x07fffffc x26:0x07fffffc
        8545000	       853	80001090	018192b3	sll	x5,x3,x24	  x3:0x00000001 x24:0x00000000  x5=0x00000001
        8555000	       854	80001094	019bea63	bltu	x23,x25,800010a8	 x23:0x00000208 x25:0x62921048
        8565000	       855	00000000	00000013	addi	x0,x0,0	  x0:0x00000000
        8575000	       856	800010a4	00000013	addi	x0,x0,0	  x0:0x00000000
        8585000	       857	800010a8	03346e63	bltu	x8,x19,800010e4	  x8:0x07fffffc x19:0x00000004
        8595000	       858	800010ac	56187593	andi	x11,x16,1377	 x16:0x00000001 x11=0x00000001
        8605000	       859	800010b0	000cd613	srli	x12,x25,0x0	 x25:0x62921048 x12=0x62921048
        8615000	       860	800010b4	00000013	addi	x0,x0,0	  x0:0x00000000
        8625000	       861	800010b8	00a19d93	slli	x27,x3,0xa	  x3:0x00000001 x27=0x00000400
        8635000	       862	800010bc	40e80633	sub	x12,x16,x14	 x16:0x00000001 x14:0x80009fc4 x12=0x7fff603d
        8645000	       863	800010c0	0171ba33	sltu	x20,x3,x23	  x3:0x00000001 x23:0x00000208 x20=0x00000001
        8655000	       864	800010c4	00784bb3	xor	x23,x16,x7	 x16:0x00000001  x7:0x5d1d2fbc x23=0x5d1d2fbd
        8665000	       865	800010c8	53932493	slti	x9,x6,1337	  x6:0x00000000  x9=0x00000001
        8675000	       866	800010cc	00011933	sll	x18,x2,x0	  x2:0xffffff92  x0:0x00000000 x18=0xffffff92
        8685000	       867	800010d0	01b61c63	bne	x12,x27,800010e8	 x12:0x7fff603d x27:0x00000400
        8695000	       868	00000000	00000013	addi	x0,x0,0	  x0:0x00000000
        8705000	       869	800010e4	00000013	addi	x0,x0,0	  x0:0x00000000
        8715000	       870	800010e8	f11e1837	lui	x16,0xf11e1	 x16=0xf11e1000
        8725000	       871	800010ec	00000013	addi	x0,x0,0	  x0:0x00000000
        8735000	       872	800010f0	00042eb3	slt	x29,x8,x0	  x8:0x07fffffc  x0:0x00000000 x29=0x00000000
        8745000	       873	800010f4	01c4e863	bltu	x9,x28,80001104	  x9:0x00000001 x28:0x00000000
        8755000	       874	800010f8	03d98a63	beq	x19,x29,8000112c	 x19:0x00000004 x29:0x00000000
        8765000	       875	800010fc	0f23e517	auipc	x10,0xf23e	 x10=0x8f23f0f8
        8775000	       876	80001100	41ecd4b3	sra	x9,x25,x30	 x25:0x62921048 x30:0x80009f84  x9=0x06292104
        8785000	       877	80001104	03bb7463	bgeu	x22,x27,8000112c	 x22:0xc078d030 x27:0x00000400
        8795000	       878	00000000	00000013	addi	x0,x0,0	  x0:0x00000000
        8805000	       879	80001128	00000013	addi	x0,x0,0	  x0:0x00000000
        8815000	       880	8000112c	00011193	slli	x3,x2,0x0	  x2:0xffffff92  x3=0xffffff92
        8825000	       881	80001130	00000997	auipc	x19,0x0	 x19=0x8000112c
        8835000	       882	80001134	00c98993	addi	x19,x19,12	 x19:0x8000112c x19=0x80001138
        8845000	       883	80001138	00098067	jalr	x0,x19,0	 x19:0x80001138
        8855000	       884	00000000	00000013	addi	x0,x0,0	  x0:0x00000000
        8865000	       885	80001138	00000013	addi	x0,x0,0	  x0:0x00000000
        8875000	       886	8000113c	00100193	addi	x3,x0,1	  x0:0x00000000  x3=0x00000001
        8885000	       887	80001140	00000073	ecall	
        8895000	       888	80001144	4a678013	addi	x0,x15,1190	 x15:0x00180f1a
