		Time			Cycle	PC		Insn	Decoded instruction	Register and memory contents
          65000	         5	80000004	00000293	addi	x5,x0,0	  x0:0x00000000  x5=0x00000000
          75000	         6	80000008	00000313	addi	x6,x0,0	  x0:0x00000000  x6=0x00000000
          85000	         7	8000000c	00628263	beq	x5,x6,80000010	  x5:0x00000000  x6:0x00000000
          95000	         8	00000000	00000013	addi	x0,x0,0	  x0:0x00000000
         105000	         9	8000000c	00000013	addi	x0,x0,0	  x0:0x00000000
         115000	        10	80000010	00000e97	auipc	x29,0x0	 x29=0x8000000c
         125000	        11	80000014	00ce8e93	addi	x29,x29,12	 x29:0x8000000c x29=0x80000018
         135000	        12	80000018	000e8067	jalr	x0,x29,0	 x29:0x80000018
         145000	        13	00000000	00000013	addi	x0,x0,0	  x0:0x00000000
         155000	        14	80000018	00000013	addi	x0,x0,0	  x0:0x00000000
         165000	        15	8000001c	40000d37	lui	x26,0x40000	 x26=0x40000000
         175000	        16	80000020	100d0d13	addi	x26,x26,256	 x26:0x40000000 x26=0x40000100
         185000	        17	80000024	00000013	addi	x0,x0,0	  x0:0x00000000
         195000	        18	80000028	0000a997	auipc	x19,0xa	 x19=0x8000a024
         205000	        19	8000002c	fa098993	addi	x19,x19,-96	 x19:0x8000a024 x19=0x80009fc4
         215000	        20	80000030	00002d17	auipc	x26,0x2	 x26=0x8000202c
         225000	        21	80000034	de8d0d13	addi	x26,x26,-536	 x26:0x8000202c x26=0x80001e14
         235000	        22	80000038	000d6d13	ori	x26,x26,0	 x26:0x80001e14 x26=0x80001e14
         245000	        23	8000003c	00000013	addi	x0,x0,0	  x0:0x00000000
         255000	        24	80000040	00000d17	auipc	x26,0x0	 x26=0x8000003c
         265000	        25	80000044	020d0d13	addi	x26,x26,32	 x26:0x8000003c x26=0x8000005c
         275000	        26	80000048	00000013	addi	x0,x0,0	  x0:0x00000000
         285000	        27	8000004c	00000013	addi	x0,x0,0	  x0:0x00000000
         295000	        28	80000050	00002d37	lui	x26,0x2	 x26=0x00002000
         305000	        29	80000054	800d0d13	addi	x26,x26,-2048	 x26:0x00002000 x26=0x00001800
         315000	        30	80000058	00000013	addi	x0,x0,0	  x0:0x00000000
         325000	        31	8000005c	00000013	addi	x0,x0,0	  x0:0x00000000
         335000	        32	80000060	00000013	addi	x0,x0,0	  x0:0x00000000
         345000	        33	80000064	fc0460b7	lui	x1,0xfc046	  x1=0xfc046000
         355000	        34	80000068	b1808093	addi	x1,x1,-1256	  x1:0xfc046000  x1=0xfc045b18
         365000	        35	8000006c	f158f137	lui	x2,0xf158f	  x2=0xf158f000
         375000	        36	80000070	9d210113	addi	x2,x2,-1582	  x2:0xf158f000  x2=0xf158e9d2
         385000	        37	80000074	800001b7	lui	x3,0x80000	  x3=0x80000000
         395000	        38	80000078	00000213	addi	x4,x0,0	  x0:0x00000000  x4=0x00000000
         405000	        39	8000007c	00100293	addi	x5,x0,1	  x0:0x00000000  x5=0x00000001
         415000	        40	80000080	f90df337	lui	x6,0xf90df	  x6=0xf90df000
         425000	        41	80000084	ec330313	addi	x6,x6,-317	  x6:0xf90df000  x6=0xf90deec3
         435000	        42	80000088	337d83b7	lui	x7,0x337d8	  x7=0x337d8000
         445000	        43	8000008c	2ac38393	addi	x7,x7,684	  x7:0x337d8000  x7=0x337d82ac
         455000	        44	80000090	9c4e6437	lui	x8,0x9c4e6	  x8=0x9c4e6000
         465000	        45	80000094	d0c40413	addi	x8,x8,-756	  x8:0x9c4e6000  x8=0x9c4e5d0c
         475000	        46	80000098	ab7394b7	lui	x9,0xab739	  x9=0xab739000
         485000	        47	8000009c	5ca48493	addi	x9,x9,1482	  x9:0xab739000  x9=0xab7395ca
         495000	        48	800000a0	00000593	addi	x11,x0,0	  x0:0x00000000 x11=0x00000000
         505000	        49	800000a4	00000613	addi	x12,x0,0	  x0:0x00000000 x12=0x00000000
         515000	        50	800000a8	800006b7	lui	x13,0x80000	 x13=0x80000000
         525000	        51	800000ac	00200713	addi	x14,x0,2	  x0:0x00000000 x14=0x00000002
         535000	        52	800000b0	800007b7	lui	x15,0x80000	 x15=0x80000000
         545000	        53	800000b4	80000837	lui	x16,0x80000	 x16=0x80000000
         555000	        54	800000b8	fa6ad8b7	lui	x17,0xfa6ad	 x17=0xfa6ad000
         565000	        55	800000bc	89f88893	addi	x17,x17,-1889	 x17:0xfa6ad000 x17=0xfa6ac89f
         575000	        56	800000c0	00000913	addi	x18,x0,0	  x0:0x00000000 x18=0x00000000
         585000	        57	800000c4	f2722a37	lui	x20,0xf2722	 x20=0xf2722000
         595000	        58	800000c8	39ea0a13	addi	x20,x20,926	 x20:0xf2722000 x20=0xf272239e
         605000	        59	800000cc	00000a93	addi	x21,x0,0	  x0:0x00000000 x21=0x00000000
         615000	        60	800000d0	d67e3b37	lui	x22,0xd67e3	 x22=0xd67e3000
         625000	        61	800000d4	371b0b13	addi	x22,x22,881	 x22:0xd67e3000 x22=0xd67e3371
         635000	        62	800000d8	00900b93	addi	x23,x0,9	  x0:0x00000000 x23=0x00000009
         645000	        63	800000dc	953fdc37	lui	x24,0x953fd	 x24=0x953fd000
         655000	        64	800000e0	086c0c13	addi	x24,x24,134	 x24:0x953fd000 x24=0x953fd086
         665000	        65	800000e4	80000cb7	lui	x25,0x80000	 x25=0x80000000
         675000	        66	800000e8	f2fc3d37	lui	x26,0xf2fc3	 x26=0xf2fc3000
         685000	        67	800000ec	35ad0d13	addi	x26,x26,858	 x26:0xf2fc3000 x26=0xf2fc335a
         695000	        68	800000f0	80000db7	lui	x27,0x80000	 x27=0x80000000
         705000	        69	800000f4	00000e13	addi	x28,x0,0	  x0:0x00000000 x28=0x00000000
         715000	        70	800000f8	80000eb7	lui	x29,0x80000	 x29=0x80000000
         725000	        71	800000fc	80000f37	lui	x30,0x80000	 x30=0x80000000
         735000	        72	80000100	00000f93	addi	x31,x0,0	  x0:0x00000000 x31=0x00000000
         745000	        73	80000104	0000a517	auipc	x10,0xa	 x10=0x8000a100
         755000	        74	80000108	e8450513	addi	x10,x10,-380	 x10:0x8000a100 x10=0x80009f84
         765000	        75	8000010c	00009a97	auipc	x21,0x9	 x21=0x80009108
         775000	        76	80000110	b43a8a93	addi	x21,x21,-1213	 x21:0x80009108 x21=0x80008c4b
         785000	        77	80000114	01741213	slli	x4,x8,0x17	  x8:0x9c4e5d0c  x4=0x86000000
         795000	        78	80000118	41b68133	sub	x2,x13,x27	 x13:0x80000000 x27:0x80000000  x2=0x00000000
         805000	        79	8000011c	005a9ca3	sh	x5,25(x21)	 x21:0x80008c4b  x5:0x00000001 PA:0x80008c64
         815000	        80	80000120	f7da8323	sb	x29,-154(x21)	 x21:0x80008c4b x29:0x80000000 PA:0x80008bb1
         825000	        81	80000124	0eea8c83	lb	x25,238(x21)	 x21:0x80008c4b x25=0x0000004a PA:0x80008d39
         835000	        82	80000128	00000013	addi	x0,x0,0	  x0:0x00000000
         845000	        83	8000012c	40db0d33	sub	x26,x22,x13	 x22:0xd67e3371 x13:0x80000000 x26=0x567e3371
         855000	        84	80000130	0093ad33	slt	x26,x7,x9	  x7:0x337d82ac  x9:0xab7395ca x26=0x00000000
         865000	        85	80000134	01b11593	slli	x11,x2,0x1b	  x2:0x00000000 x11=0x00000000
         875000	        86	80000138	0f7a7113	andi	x2,x20,247	 x20:0xf272239e  x2=0x00000096
         885000	        87	8000013c	007574b3	and	x9,x10,x7	 x10:0x80009f84  x7:0x337d82ac  x9=0x00008284
         895000	        88	80000140	00000013	addi	x0,x0,0	  x0:0x00000000
         905000	        89	80000144	1c73cd93	xori	x27,x7,455	  x7:0x337d82ac x27=0x337d836b
         915000	        90	80000148	001270b3	and	x1,x4,x1	  x4:0x86000000  x1:0xfc045b18  x1=0x84000000
         925000	        91	8000014c	0b1a80a3	sb	x17,161(x21)	 x21:0x80008c4b x17:0xfa6ac89f PA:0x80008cec
         935000	        92	80000150	064a8c83	lb	x25,100(x21)	 x21:0x80008c4b x25=0x0000006d PA:0x80008caf
         945000	        93	80000154	59c5e213	ori	x4,x11,1436	 x11:0x00000000  x4=0x0000059c
         955000	        94	80000158	007934b3	sltu	x9,x18,x7	 x18:0x00000000  x7:0x337d82ac  x9=0x00000001
         965000	        95	8000015c	0eba9a03	lh	x20,235(x21)	 x21:0x80008c4b x20=0xffffc857 PA:0x80008d36
         975000	        96	80000160	f71aab83	lw	x23,-143(x21)	 x21:0x80008c4b x23=0xfd2591ae PA:0x80008bbc
         985000	        97	80000164	fa6aa2a3	sw	x6,-91(x21)	 x21:0x80008c4b  x6:0xf90deec3 PA:0x80008bf0
         995000	        98	80000168	d5cfab93	slti	x23,x31,-676	 x31:0x00000000 x23=0x00000000
        1005000	        99	8000016c	070a8a03	lb	x20,112(x21)	 x21:0x80008c4b x20=0xffffffde PA:0x80008cbb
        1015000	       100	80000170	087ad683	lhu	x13,135(x21)	 x21:0x80008c4b x13=0x0000e38c PA:0x80008cd2
        1025000	       101	80000174	00000013	addi	x0,x0,0	  x0:0x00000000
        1035000	       102	80000178	ff7a8623	sb	x23,-20(x21)	 x21:0x80008c4b x23:0x00000000 PA:0x80008c37
        1045000	       103	8000017c	014a8603	lb	x12,20(x21)	 x21:0x80008c4b x12=0xffffff89 PA:0x80008c5f
        1055000	       104	80000180	ed4efa13	andi	x20,x29,-300	 x29:0x80000000 x20=0x80000000
        1065000	       105	80000184	baaf3097	auipc	x1,0xbaaf3	  x1=0x3aaf3180
        1075000	       106	80000188	079aaf83	lw	x31,121(x21)	 x21:0x80008c4b x31=0x28f8b411 PA:0x80008cc4
        1085000	       107	8000018c	e78f2413	slti	x8,x30,-392	 x30:0x80000000  x8=0x00000001
        1095000	       108	80000190	f8dad183	lhu	x3,-115(x21)	 x21:0x80008c4b  x3=0x00006cca PA:0x80008bd8
        1105000	       109	80000194	01141693	slli	x13,x8,0x11	  x8:0x00000001 x13=0x00020000
        1115000	       110	80000198	ff2a8423	sb	x18,-24(x21)	 x21:0x80008c4b x18:0x00000000 PA:0x80008c33
        1125000	       111	8000019c	01ece2b3	or	x5,x25,x30	 x25:0x0000006d x30:0x80000000  x5=0x8000006d
        1135000	       112	800001a0	01821a33	sll	x20,x4,x24	  x4:0x0000059c x24:0x953fd086 x20=0x00016700
        1145000	       113	800001a4	019c1933	sll	x18,x24,x25	 x24:0x953fd086 x25:0x0000006d x18=0xfa10c000
        1155000	       114	800001a8	fa4acb03	lbu	x22,-92(x21)	 x21:0x80008c4b x22=0x00000007 PA:0x80008bef
        1165000	       115	800001ac	01a41133	sll	x2,x8,x26	  x8:0x00000001 x26:0x00000000  x2=0x00000001
        1175000	       116	800001b0	0114db13	srli	x22,x9,0x11	  x9:0x00000001 x22=0x00000000
        1185000	       117	800001b4	087a8aa3	sb	x7,149(x21)	 x21:0x80008c4b  x7:0x337d82ac PA:0x80008ce0
        1195000	       118	800001b8	3c652813	slti	x16,x10,966	 x10:0x80009f84 x16=0x00000001
        1205000	       119	800001bc	011f4db3	xor	x27,x30,x17	 x30:0x80000000 x17:0xfa6ac89f x27=0x7a6ac89f
        1215000	       120	800001c0	feeacf03	lbu	x30,-18(x21)	 x21:0x80008c4b x30=0x00000078 PA:0x80008c39
        1225000	       121	800001c4	37d0c493	xori	x9,x1,893	  x1:0x3aaf3180  x9=0x3aaf32fd
        1235000	       122	800001c8	fa9ad603	lhu	x12,-87(x21)	 x21:0x80008c4b x12=0x000059fc PA:0x80008bf4
        1245000	       123	800001cc	028a8683	lb	x13,40(x21)	 x21:0x80008c4b x13=0xffffff94 PA:0x80008c73
        1255000	       124	800001d0	fd7a82a3	sb	x23,-59(x21)	 x21:0x80008c4b x23:0x00000000 PA:0x80008c10
        1265000	       125	800001d4	00009f97	auipc	x31,0x9	 x31=0x800091d0
        1275000	       126	800001d8	af4f8f93	addi	x31,x31,-1292	 x31:0x800091d0 x31=0x80008cc4
        1285000	       127	800001dc	025f8a83	lb	x21,37(x31)	 x31:0x80008cc4 x21=0x00000012 PA:0x80008ce9
        1295000	       128	800001e0	f1bf8b03	lb	x22,-229(x31)	 x31:0x80008cc4 x22=0xffffffcf PA:0x80008bdf
        1305000	       129	800001e4	0c7fcc03	lbu	x24,199(x31)	 x31:0x80008cc4 x24=0x00000012 PA:0x80008d8b
        1315000	       130	800001e8	003191b3	sll	x3,x3,x3	  x3:0x00006cca  x3:0x00006cca  x3=0x01b32800
        1325000	       131	800001ec	0c7f8003	lb	x0,199(x31)	 x31:0x80008cc4 PA:0x80008d8b
        1335000	       132	800001f0	0d2f83a3	sb	x18,199(x31)	 x31:0x80008cc4 x18:0xfa10c000 PA:0x80008d8b
        1345000	       133	800001f4	40ad5393	srai	x7,x26,0xa	 x26:0x00000000  x7=0x00000000
        1355000	       134	800001f8	016a6233	or	x4,x20,x22	 x20:0x00016700 x22:0xffffffcf  x4=0xffffffcf
        1365000	       135	800001fc	039f8003	lb	x0,57(x31)	 x31:0x80008cc4 PA:0x80008cfd
        1375000	       136	80000200	f3ffcc03	lbu	x24,-193(x31)	 x31:0x80008cc4 x24=0x0000004a PA:0x80008c03
        1385000	       137	80000204	07cf9223	sh	x28,100(x31)	 x31:0x80008cc4 x28:0x00000000 PA:0x80008d28
        1395000	       138	80000208	001f9423	sh	x1,8(x31)	 x31:0x80008cc4  x1:0x3aaf3180 PA:0x80008ccc
        1405000	       139	8000020c	008fdf03	lhu	x30,8(x31)	 x31:0x80008cc4 x30=0x00003180 PA:0x80008ccc
        1415000	       140	80000210	fecfa623	sw	x12,-20(x31)	 x31:0x80008cc4 x12:0x000059fc PA:0x80008cb0
        1425000	       141	80000214	f73fa023	sw	x19,-160(x31)	 x31:0x80008cc4 x19:0x80009fc4 PA:0x80008c24
        1435000	       142	80000218	f6ffa023	sw	x15,-160(x31)	 x31:0x80008cc4 x15:0x80000000 PA:0x80008c24
        1445000	       143	8000021c	fb5f8c83	lb	x25,-75(x31)	 x31:0x80008cc4 x25=0x0000004c PA:0x80008c79
        1455000	       144	80000220	04cf8883	lb	x17,76(x31)	 x31:0x80008cc4 x17=0x0000001f PA:0x80008d10
        1465000	       145	80000224	00008a97	auipc	x21,0x8	 x21=0x80008220
        1475000	       146	80000228	1e4a8a93	addi	x21,x21,484	 x21:0x80008220 x21=0x80008404
        1485000	       147	8000022c	f98a86a3	sb	x24,-115(x21)	 x21:0x80008404 x24:0x0000004a PA:0x80008391
        1495000	       148	80000230	f98a86a3	sb	x24,-115(x21)	 x21:0x80008404 x24:0x0000004a PA:0x80008391
        1505000	       149	80000234	f8dacf83	lbu	x31,-115(x21)	 x21:0x80008404 x31=0x0000004a PA:0x80008391
        1515000	       150	80000238	f8da8c83	lb	x25,-115(x21)	 x21:0x80008404 x25=0x0000004a PA:0x80008391
        1525000	       151	8000023c	f2ddcb13	xori	x22,x27,-211	 x27:0x7a6ac89f x22=0x859537b2
        1535000	       152	80000240	ce0a8d83	lb	x27,-800(x21)	 x21:0x80008404 x27=0xffffffc5 PA:0x800080e4
        1545000	       153	80000244	ce0ac883	lbu	x17,-800(x21)	 x21:0x80008404 x17=0x000000c5 PA:0x800080e4
        1555000	       154	80000248	ce0a8803	lb	x16,-800(x21)	 x21:0x80008404 x16=0xffffffc5 PA:0x800080e4
        1565000	       155	8000024c	cfea8023	sb	x30,-800(x21)	 x21:0x80008404 x30:0x00003180 PA:0x800080e4
        1575000	       156	80000250	ce0a9383	lh	x7,-800(x21)	 x21:0x80008404  x7=0xffffdf80 PA:0x800080e4
        1585000	       157	80000254	283ac703	lbu	x14,643(x21)	 x21:0x80008404 x14=0x0000009c PA:0x80008687
        1595000	       158	80000258	283a8f83	lb	x31,643(x21)	 x21:0x80008404 x31=0xffffff9c PA:0x80008687
        1605000	       159	8000025c	28fa81a3	sb	x15,643(x21)	 x21:0x80008404 x15:0x80000000 PA:0x80008687
        1615000	       160	80000260	018fe5b3	or	x11,x31,x24	 x31:0xffffff9c x24:0x0000004a x11=0xffffffde
        1625000	       161	80000264	283a8003	lb	x0,643(x21)	 x21:0x80008404 PA:0x80008687
        1635000	       162	80000268	283a8683	lb	x13,643(x21)	 x21:0x80008404 x13=0x00000000 PA:0x80008687
        1645000	       163	8000026c	293a81a3	sb	x19,643(x21)	 x21:0x80008404 x19:0x80009fc4 PA:0x80008687
        1655000	       164	80000270	d1da9c23	sh	x29,-744(x21)	 x21:0x80008404 x29:0x80000000 PA:0x8000811c
        1665000	       165	80000274	e9dac083	lbu	x1,-355(x21)	 x21:0x80008404  x1=0x000000fd PA:0x800082a1
        1675000	       166	80000278	f72a8aa3	sb	x18,-139(x21)	 x21:0x80008404 x18:0xfa10c000 PA:0x80008379
        1685000	       167	8000027c	f60a8aa3	sb	x0,-139(x21)	 x21:0x80008404  x0:0x00000000 PA:0x80008379
        1695000	       168	80000280	f75ac583	lbu	x11,-139(x21)	 x21:0x80008404 x11=0x00000000 PA:0x80008379
        1705000	       169	80000284	00008117	auipc	x2,0x8	  x2=0x80008280
        1715000	       170	80000288	5b010113	addi	x2,x2,1456	  x2:0x80008280  x2=0x80008830
        1725000	       171	8000028c	ff710603	lb	x12,-9(x2)	  x2:0x80008830 x12=0x00000058 PA:0x80008827
        1735000	       172	80000290	00009a17	auipc	x20,0x9	 x20=0x8000928c
        1745000	       173	80000294	b7da0a13	addi	x20,x20,-1155	 x20:0x8000928c x20=0x80008e09
        1755000	       174	80000298	00510d03	lb	x26,5(x2)	  x2:0x80008830 x26=0x00000036 PA:0x80008835
        1765000	       175	8000029c	ff211783	lh	x15,-14(x2)	  x2:0x80008830 x15=0xffffece9 PA:0x80008822
        1775000	       176	800002a0	fec10e23	sb	x12,-4(x2)	  x2:0x80008830 x12:0x00000058 PA:0x8000882c
        1785000	       177	800002a4	fe1a09a3	sb	x1,-13(x20)	 x20:0x80008e09  x1:0x000000fd PA:0x80008dfc
        1795000	       178	800002a8	00611883	lh	x17,6(x2)	  x2:0x80008830 x17=0x00002bcb PA:0x80008836
        1805000	       179	800002ac	ff5a1ca3	sh	x21,-7(x20)	 x20:0x80008e09 x21:0x80008404 PA:0x80008e02
        1815000	       180	800002b0	ff710ea3	sb	x23,-3(x2)	  x2:0x80008830 x23:0x00000000 PA:0x8000882d
        1825000	       181	800002b4	ff1a1303	lh	x6,-15(x20)	 x20:0x80008e09  x6=0x00001b36 PA:0x80008dfa
        1835000	       182	800002b8	ff614d03	lbu	x26,-10(x2)	  x2:0x80008830 x26=0x000000e1 PA:0x80008826
        1845000	       183	800002bc	ff5a08a3	sb	x21,-15(x20)	 x20:0x80008e09 x21:0x80008404 PA:0x80008dfa
        1855000	       184	800002c0	00f14903	lbu	x18,15(x2)	  x2:0x80008830 x18=0x00000077 PA:0x8000883f
        1865000	       185	800002c4	01010b83	lb	x23,16(x2)	  x2:0x80008830 x23=0xffffffd4 PA:0x80008840
        1875000	       186	800002c8	00aa4903	lbu	x18,10(x20)	 x20:0x80008e09 x18=0x00000064 PA:0x80008e13
        1885000	       187	800002cc	fff10583	lb	x11,-1(x2)	  x2:0x80008830 x11=0xffffffbf PA:0x8000882f
        1895000	       188	800002d0	00008117	auipc	x2,0x8	  x2=0x800082cc
        1905000	       189	800002d4	f8010113	addi	x2,x2,-128	  x2:0x800082cc  x2=0x8000824c
        1915000	       190	800002d8	dd2c9b17	auipc	x22,0xdd2c9	 x22=0x5d2c92d4
        1925000	       191	800002dc	00710c83	lb	x25,7(x2)	  x2:0x8000824c x25=0x0000007d PA:0x80008253
        1935000	       192	800002e0	ffb14183	lbu	x3,-5(x2)	  x2:0x8000824c  x3=0x00000008 PA:0x80008247
        1945000	       193	800002e4	004c7333	and	x6,x24,x4	 x24:0x0000004a  x4:0xffffffcf  x6=0x0000004a
        1955000	       194	800002e8	011101a3	sb	x17,3(x2)	  x2:0x8000824c x17:0x00002bcb PA:0x8000824f
        1965000	       195	800002ec	00914303	lbu	x6,9(x2)	  x2:0x8000824c  x6=0x000000c0 PA:0x80008255
        1975000	       196	800002f0	9ee6ff93	andi	x31,x13,-1554	 x13:0x00000000 x31=0x00000000
        1985000	       197	800002f4	01c060b3	or	x1,x0,x28	  x0:0x00000000 x28:0x00000000  x1=0x00000000
        1995000	       198	800002f8	00fc7ab3	and	x21,x24,x15	 x24:0x0000004a x15:0xffffece9 x21=0x00000048
        2005000	       199	800002fc	00812483	lw	x9,8(x2)	  x2:0x8000824c  x9=0xf1b5c013 PA:0x80008254
        2015000	       200	80000300	01111893	slli	x17,x2,0x11	  x2:0x8000824c x17=0x04980000
        2025000	       201	80000304	00c14d83	lbu	x27,12(x2)	  x2:0x8000824c x27=0x00000080 PA:0x80008258
        2035000	       202	80000308	44553a13	sltiu	x20,x10,1093	 x10:0x80009f84 x20=0x00000000
        2045000	       203	8000030c	017fe033	or	x0,x31,x23	 x31:0x00000000 x23:0xffffffd4
        2055000	       204	80000310	bc8dfb93	andi	x23,x27,-1080	 x27:0x00000080 x23=0x00000080
        2065000	       205	80000314	00ffd333	srl	x6,x31,x15	 x31:0x00000000 x15:0xffffece9  x6=0x00000000
        2075000	       206	80000318	01a12823	sw	x26,16(x2)	  x2:0x8000824c x26:0x000000e1 PA:0x8000825c
        2085000	       207	8000031c	014808b3	add	x17,x16,x20	 x16:0xffffffc5 x20:0x00000000 x17=0xffffffc5
        2095000	       208	80000320	012105a3	sb	x18,11(x2)	  x2:0x8000824c x18:0x00000064 PA:0x80008257
        2105000	       209	80000324	01959b33	sll	x22,x11,x25	 x11:0xffffffbf x25:0x0000007d x22=0xe0000000
        2115000	       210	80000328	00aa7e33	and	x28,x20,x10	 x20:0x00000000 x10:0x80009f84 x28=0x00000000
        2125000	       211	8000032c	00310903	lb	x18,3(x2)	  x2:0x8000824c x18=0xffffffcb PA:0x8000824f
        2135000	       212	80000330	00810b03	lb	x22,8(x2)	  x2:0x8000824c x22=0x00000013 PA:0x80008254
        2145000	       213	80000334	ff211203	lh	x4,-14(x2)	  x2:0x8000824c  x4=0x00007f97 PA:0x8000823e
        2155000	       214	80000338	41788e33	sub	x28,x17,x23	 x17:0xffffffc5 x23:0x00000080 x28=0xffffff45
        2165000	       215	8000033c	13a505b7	lui	x11,0x13a50	 x11=0x13a50000
        2175000	       216	80000340	ffc10fa3	sb	x28,-1(x2)	  x2:0x8000824c x28:0xffffff45 PA:0x8000824b
        2185000	       217	80000344	ffc14f83	lbu	x31,-4(x2)	  x2:0x8000824c x31=0x000000cf PA:0x80008248
        2195000	       218	80000348	4ecf2c93	slti	x25,x30,1260	 x30:0x00003180 x25=0x00000000
        2205000	       219	8000034c	54712013	slti	x0,x2,1351	  x2:0x8000824c
        2215000	       220	80000350	00e15e03	lhu	x28,14(x2)	  x2:0x8000824c x28=0x0000fb55 PA:0x8000825a
        2225000	       221	80000354	b8da8413	addi	x8,x21,-1139	 x21:0x00000048  x8=0xfffffbd5
        2235000	       222	80000358	200b8b13	addi	x22,x23,512	 x23:0x00000080 x22=0x00000280
        2245000	       223	8000035c	eaf82593	slti	x11,x16,-337	 x16:0xffffffc5 x11=0x00000000
        2255000	       224	80000360	00310583	lb	x11,3(x2)	  x2:0x8000824c x11=0xffffffcb PA:0x8000824f
        2265000	       225	80000364	00fe82b3	add	x5,x29,x15	 x29:0x80000000 x15:0xffffece9  x5=0x7fffece9
        2275000	       226	80000368	00d105a3	sb	x13,11(x2)	  x2:0x8000824c x13:0x00000000 PA:0x80008257
        2285000	       227	8000036c	00a105a3	sb	x10,11(x2)	  x2:0x8000824c x10:0x80009f84 PA:0x80008257
        2295000	       228	80000370	fe910aa3	sb	x9,-11(x2)	  x2:0x8000824c  x9:0xf1b5c013 PA:0x80008241
        2305000	       229	80000374	00ce3833	sltu	x16,x28,x12	 x28:0x0000fb55 x12:0x00000058 x16=0x00000000
        2315000	       230	80000378	01b11723	sh	x27,14(x2)	  x2:0x8000824c x27:0x00000080 PA:0x8000825a
        2325000	       231	8000037c	0d740e13	addi	x28,x8,215	  x8:0xfffffbd5 x28=0xfffffcac
        2335000	       232	80000380	8157b313	sltiu	x6,x15,-2027	 x15:0xffffece9  x6=0x00000001
        2345000	       233	80000384	ff015f83	lhu	x31,-16(x2)	  x2:0x8000824c x31=0x0000eed5 PA:0x8000823c
        2355000	       234	80000388	013102a3	sb	x19,5(x2)	  x2:0x8000824c x19:0x80009fc4 PA:0x80008251
        2365000	       235	8000038c	00008417	auipc	x8,0x8	  x8=0x80008388
        2375000	       236	80000390	cff40413	addi	x8,x8,-769	  x8:0x80008388  x8=0x80008087
        2385000	       237	80000394	00008497	auipc	x9,0x8	  x9=0x80008390
        2395000	       238	80000398	27e48493	addi	x9,x9,638	  x9:0x80008390  x9=0x8000860e
        2405000	       239	8000039c	ff745f03	lhu	x30,-9(x8)	  x8:0x80008087 x30=0x00004e33 PA:0x8000807e
        2415000	       240	800003a0	01140623	sb	x17,12(x8)	  x8:0x80008087 x17:0xffffffc5 PA:0x80008093
        2425000	       241	800003a4	0044c183	lbu	x3,4(x9)	  x9:0x8000860e  x3=0x0000002d PA:0x80008612
        2435000	       242	800003a8	00d40203	lb	x4,13(x8)	  x8:0x80008087  x4=0x00000049 PA:0x80008094
        2445000	       243	800003ac	00d4cf83	lbu	x31,13(x9)	  x9:0x8000860e x31=0x000000bf PA:0x8000861b
        2455000	       244	800003b0	01040203	lb	x4,16(x8)	  x8:0x80008087  x4=0xfffffff8 PA:0x80008097
        2465000	       245	800003b4	ff140fa3	sb	x17,-1(x8)	  x8:0x80008087 x17:0xffffffc5 PA:0x80008086
        2475000	       246	800003b8	ff148203	lb	x4,-15(x9)	  x9:0x8000860e  x4=0xffffffcf PA:0x800085ff
        2485000	       247	800003bc	00049803	lh	x16,0(x9)	  x9:0x8000860e x16=0x000063e2 PA:0x8000860e
        2495000	       248	800003c0	ffd48c23	sb	x29,-8(x9)	  x9:0x8000860e x29:0x80000000 PA:0x80008606
        2505000	       249	800003c4	01640423	sb	x22,8(x8)	  x8:0x80008087 x22:0x00000280 PA:0x8000808f
        2515000	       250	800003c8	fec42ca3	sw	x12,-7(x8)	  x8:0x80008087 x12:0x00000058 PA:0x80008080
        2525000	       251	800003cc	ffc44b83	lbu	x23,-4(x8)	  x8:0x80008087 x23=0x00000000 PA:0x80008083
        2535000	       252	800003d0	ff044083	lbu	x1,-16(x8)	  x8:0x80008087  x1=0x000000fb PA:0x80008077
        2545000	       253	800003d4	00da6b33	or	x22,x20,x13	 x20:0x00000000 x13:0x00000000 x22=0x00000000
        2555000	       254	800003d8	4515eb13	ori	x22,x11,1105	 x11:0xffffffcb x22=0xffffffdb
        2565000	       255	800003dc	014f4133	xor	x2,x30,x20	 x30:0x00004e33 x20:0x00000000  x2=0x00004e33
        2575000	       256	800003e0	8878ed93	ori	x27,x17,-1913	 x17:0xffffffc5 x27=0xffffffc7
        2585000	       257	800003e4	a3567413	andi	x8,x12,-1483	 x12:0x00000058  x8=0x00000010
        2595000	       258	800003e8	00a59793	slli	x15,x11,0xa	 x11:0xffffffcb x15=0xffff2c00
        2605000	       259	800003ec	03c58263	beq	x11,x28,80000410	 x11:0xffffffcb x28:0xfffffcac
        2615000	       260	800003f0	5eb22893	slti	x17,x4,1515	  x4:0xffffffcf x17=0x00000001
        2625000	       261	800003f4	ac120e17	auipc	x28,0xac120	 x28=0x2c1203f0
        2635000	       262	800003f8	01631d13	slli	x26,x6,0x16	  x6:0x00000001 x26=0x00400000
        2645000	       263	800003fc	81b87c13	andi	x24,x16,-2021	 x16:0x000063e2 x24=0x00006002
        2655000	       264	80000400	0145fab3	and	x21,x11,x20	 x11:0xffffffcb x20:0x00000000 x21=0x00000000
        2665000	       265	80000404	2953bf13	sltiu	x30,x7,661	  x7:0xffffdf80 x30=0x00000000
        2675000	       266	80000408	02480463	beq	x16,x4,80000430	 x16:0x000063e2  x4:0xffffffcf
        2685000	       267	8000040c	05484263	blt	x16,x20,80000450	 x16:0x000063e2 x20:0x00000000
        2695000	       268	80000410	05040863	beq	x8,x16,80000460	  x8:0x00000010 x16:0x000063e2
        2705000	       269	80000414	003b4933	xor	x18,x22,x3	 x22:0xffffffdb  x3:0x0000002d x18=0xfffffff6
        2715000	       270	80000418	00a91ab3	sll	x21,x18,x10	 x18:0xfffffff6 x10:0x80009f84 x21=0xffffff60
        2725000	       271	8000041c	017f5e63	bge	x30,x23,80000438	 x30:0x00000000 x23:0x00000000
        2735000	       272	00000000	00000013	addi	x0,x0,0	  x0:0x00000000
        2745000	       273	80000434	00000013	addi	x0,x0,0	  x0:0x00000000
        2755000	       274	80000438	41ff5193	srai	x3,x30,0x1f	 x30:0x00000000  x3=0x00000000
        2765000	       275	8000043c	07e15ab7	lui	x21,0x7e15	 x21=0x07e15000
        2775000	       276	80000440	2cf90193	addi	x3,x18,719	 x18:0xfffffff6  x3=0x000002c5
        2785000	       277	80000444	01b23433	sltu	x8,x4,x27	  x4:0xffffffcf x27:0xffffffc7  x8=0x00000000
        2795000	       278	80000448	0135c1b3	xor	x3,x11,x19	 x11:0xffffffcb x19:0x80009fc4  x3=0x7fff600f
        2805000	       279	8000044c	00ba23b3	slt	x7,x20,x11	 x20:0x00000000 x11:0xffffffcb  x7=0x00000000
        2815000	       280	80000450	0189dd13	srli	x26,x19,0x18	 x19:0x80009fc4 x26=0x00000080
        2825000	       281	80000454	01288c63	beq	x17,x18,8000046c	 x17:0x00000001 x18:0xfffffff6
        2835000	       282	80000458	1566c113	xori	x2,x13,342	 x13:0x00000000  x2=0x00000156
        2845000	       283	8000045c	00d732b3	sltu	x5,x14,x13	 x14:0x0000009c x13:0x00000000  x5=0x00000000
        2855000	       284	80000460	29cff317	auipc	x6,0x29cff	  x6=0xa9cff45c
        2865000	       285	80000464	00000013	addi	x0,x0,0	  x0:0x00000000
        2875000	       286	80000468	0088e333	or	x6,x17,x8	 x17:0x00000001  x8:0x00000000  x6=0x00000001
        2885000	       287	8000046c	01cad7b3	srl	x15,x21,x28	 x21:0x07e15000 x28:0x2c1203f0 x15=0x000007e1
        2895000	       288	80000470	40ed5613	srai	x12,x26,0xe	 x26:0x00000080 x12=0x00000000
        2905000	       289	80000474	005e92b3	sll	x5,x29,x5	 x29:0x80000000  x5:0x00000000  x5=0x80000000
        2915000	       290	80000478	03086463	bltu	x16,x16,800004a0	 x16:0x000063e2 x16:0x000063e2
        2925000	       291	8000047c	009a51b3	srl	x3,x20,x9	 x20:0x00000000  x9:0x8000860e  x3=0x00000000
        2935000	       292	80000480	00ca4d33	xor	x26,x20,x12	 x20:0x00000000 x12:0x00000000 x26=0x00000000
        2945000	       293	80000484	1ce72813	slti	x16,x14,462	 x14:0x0000009c x16=0x00000001
        2955000	       294	80000488	02c1f863	bgeu	x3,x12,800004b8	  x3:0x00000000 x12:0x00000000
        2965000	       295	00000000	00000013	addi	x0,x0,0	  x0:0x00000000
        2975000	       296	800004b4	00000013	addi	x0,x0,0	  x0:0x00000000
        2985000	       297	800004b8	00391c63	bne	x18,x3,800004d0	 x18:0xfffffff6  x3:0x00000000
        2995000	       298	00000000	00000013	addi	x0,x0,0	  x0:0x00000000
        3005000	       299	800004cc	00000013	addi	x0,x0,0	  x0:0x00000000
        3015000	       300	800004d0	02b5ca63	blt	x11,x11,80000504	 x11:0xffffffcb x11:0xffffffcb
        3025000	       301	800004d4	00a177b3	and	x15,x2,x10	  x2:0x00000156 x10:0x80009f84 x15=0x00000104
        3035000	       302	800004d8	01c90bb3	add	x23,x18,x28	 x18:0xfffffff6 x28:0x2c1203f0 x23=0x2c1203e6
        3045000	       303	800004dc	26fe3893	sltiu	x17,x28,623	 x28:0x2c1203f0 x17=0x00000000
        3055000	       304	800004e0	016bd5b3	srl	x11,x23,x22	 x23:0x2c1203e6 x22:0xffffffdb x11=0x00000005
        3065000	       305	800004e4	0164d833	srl	x16,x9,x22	  x9:0x8000860e x22:0xffffffdb x16=0x00000010
        3075000	       306	800004e8	417f58b3	sra	x17,x30,x23	 x30:0x00000000 x23:0x2c1203e6 x17=0x00000000
        3085000	       307	800004ec	d0373693	sltiu	x13,x14,-765	 x14:0x0000009c x13=0x00000001
        3095000	       308	800004f0	01219b33	sll	x22,x3,x18	  x3:0x00000000 x18:0xfffffff6 x22=0x00000000
        3105000	       309	800004f4	40d2df13	srai	x30,x5,0xd	  x5:0x80000000 x30=0xfffc0000
        3115000	       310	800004f8	01d91813	slli	x16,x18,0x1d	 x18:0xfffffff6 x16=0xc0000000
        3125000	       311	800004fc	001de233	or	x4,x27,x1	 x27:0xffffffc7  x1:0x000000fb  x4=0xffffffff
        3135000	       312	80000500	764d2d93	slti	x27,x26,1892	 x26:0x00000000 x27=0x00000001
        3145000	       313	80000504	01501793	slli	x15,x0,0x15	  x0:0x00000000 x15=0x00000000
        3155000	       314	80000508	02abdc63	bge	x23,x10,80000540	 x23:0x2c1203e6 x10:0x80009f84
        3165000	       315	00000000	00000013	addi	x0,x0,0	  x0:0x00000000
        3175000	       316	8000053c	00000013	addi	x0,x0,0	  x0:0x00000000
        3185000	       317	80000540	0106e433	or	x8,x13,x16	 x13:0x00000001 x16:0xc0000000  x8=0xc0000001
        3195000	       318	80000544	02715463	bge	x2,x7,8000056c	  x2:0x00000156  x7:0x00000000
        3205000	       319	00000000	00000013	addi	x0,x0,0	  x0:0x00000000
        3215000	       320	80000568	00000013	addi	x0,x0,0	  x0:0x00000000
        3225000	       321	8000056c	0170b1b3	sltu	x3,x1,x23	  x1:0x000000fb x23:0x2c1203e6  x3=0x00000001
        3235000	       322	80000570	416a5f93	srai	x31,x20,0x16	 x20:0x00000000 x31=0x00000000
        3245000	       323	80000574	71dd7e13	andi	x28,x26,1821	 x26:0x00000000 x28=0x00000000
        3255000	       324	80000578	00000013	addi	x0,x0,0	  x0:0x00000000
        3265000	       325	8000057c	01642833	slt	x16,x8,x22	  x8:0xc0000001 x22:0x00000000 x16=0x00000001
        3275000	       326	80000580	00504f33	xor	x30,x0,x5	  x0:0x00000000  x5:0x80000000 x30=0x80000000
        3285000	       327	80000584	00da86b3	add	x13,x21,x13	 x21:0x07e15000 x13:0x00000001 x13=0x07e15001
        3295000	       328	80000588	b78deb17	auipc	x22,0xb78de	 x22=0x378de584
        3305000	       329	8000058c	05f88063	beq	x17,x31,800005cc	 x17:0x00000000 x31:0x00000000
        3315000	       330	00000000	00000013	addi	x0,x0,0	  x0:0x00000000
        3325000	       331	800005c8	00000013	addi	x0,x0,0	  x0:0x00000000
        3335000	       332	800005cc	6d3f7b93	andi	x23,x30,1747	 x30:0x80000000 x23=0x00000000
        3345000	       333	800005d0	0030d413	srli	x8,x1,0x3	  x1:0x000000fb  x8=0x0000001f
        3355000	       334	800005d4	2f843a13	sltiu	x20,x8,760	  x8:0x0000001f x20=0x00000001
        3365000	       335	800005d8	005f0263	beq	x30,x5,800005dc	 x30:0x80000000  x5:0x80000000
        3375000	       336	00000000	00000013	addi	x0,x0,0	  x0:0x00000000
        3385000	       337	800005d8	00000013	addi	x0,x0,0	  x0:0x00000000
        3395000	       338	800005dc	00ab0663	beq	x22,x10,800005e8	 x22:0x378de584 x10:0x80009f84
        3405000	       339	800005e0	2c3b0f93	addi	x31,x22,707	 x22:0x378de584 x31=0x378de847
        3415000	       340	800005e4	3741bd93	sltiu	x27,x3,884	  x3:0x00000001 x27=0x00000001
        3425000	       341	800005e8	00c61033	sll	x0,x12,x12	 x12:0x00000000 x12:0x00000000
        3435000	       342	800005ec	018c5333	srl	x6,x24,x24	 x24:0x00006002 x24:0x00006002  x6=0x00001800
        3445000	       343	800005f0	014bda63	bge	x23,x20,80000604	 x23:0x00000000 x20:0x00000001
        3455000	       344	800005f4	01267233	and	x4,x12,x18	 x12:0x00000000 x18:0xfffffff6  x4=0x00000000
        3465000	       345	800005f8	01b46c63	bltu	x8,x27,80000610	  x8:0x0000001f x27:0x00000001
        3475000	       346	800005fc	e030b213	sltiu	x4,x1,-509	  x1:0x000000fb  x4=0x00000001
        3485000	       347	80000600	8f06e413	ori	x8,x13,-1808	 x13:0x07e15001  x8=0xfffff8f1
        3495000	       348	80000604	00441a63	bne	x8,x4,80000618	  x8:0xfffff8f1  x4:0x00000001
        3505000	       349	00000000	00000013	addi	x0,x0,0	  x0:0x00000000
        3515000	       350	80000614	00000013	addi	x0,x0,0	  x0:0x00000000
        3525000	       351	80000618	01732fb3	slt	x31,x6,x23	  x6:0x00001800 x23:0x00000000 x31=0x00000000
        3535000	       352	8000061c	0188fa63	bgeu	x17,x24,80000630	 x17:0x00000000 x24:0x00006002
        3545000	       353	80000620	be8b2313	slti	x6,x22,-1048	 x22:0x378de584  x6=0x00000000
        3555000	       354	80000624	03ab7c63	bgeu	x22,x26,8000065c	 x22:0x378de584 x26:0x00000000
        3565000	       355	00000000	00000013	addi	x0,x0,0	  x0:0x00000000
        3575000	       356	80000658	00000013	addi	x0,x0,0	  x0:0x00000000
        3585000	       357	8000065c	1667ca97	auipc	x21,0x1667c	 x21=0x9667c658
        3595000	       358	80000660	01460863	beq	x12,x20,80000670	 x12:0x00000000 x20:0x00000001
        3605000	       359	80000664	50bf3fb7	lui	x31,0x50bf3	 x31=0x50bf3000
        3615000	       360	80000668	001c2cb3	slt	x25,x24,x1	 x24:0x00006002  x1:0x000000fb x25=0x00000000
        3625000	       361	8000066c	0637cc63	blt	x15,x3,800006e4	 x15:0x00000000  x3:0x00000001
        3635000	       362	00000000	00000013	addi	x0,x0,0	  x0:0x00000000
        3645000	       363	800006e0	00000013	addi	x0,x0,0	  x0:0x00000000
        3655000	       364	800006e4	b8a1d0b7	lui	x1,0xb8a1d	  x1=0xb8a1d000
        3665000	       365	800006e8	00000013	addi	x0,x0,0	  x0:0x00000000
        3675000	       366	800006ec	000d1663	bne	x26,x0,800006f8	 x26:0x00000000  x0:0x00000000
        3685000	       367	800006f0	00899c63	bne	x19,x8,80000708	 x19:0x80009fc4  x8:0xfffff8f1
        3695000	       368	00000000	00000013	addi	x0,x0,0	  x0:0x00000000
        3705000	       369	80000704	00000013	addi	x0,x0,0	  x0:0x00000000
        3715000	       370	80000708	40748a33	sub	x20,x9,x7	  x9:0x8000860e  x7:0x00000000 x20=0x8000860e
        3725000	       371	8000070c	414f5313	srai	x6,x30,0x14	 x30:0x80000000  x6=0xfffff800
        3735000	       372	80000710	0150e333	or	x6,x1,x21	  x1:0xb8a1d000 x21:0x9667c658  x6=0xbee7d658
        3745000	       373	80000714	017a9613	slli	x12,x21,0x17	 x21:0x9667c658 x12=0x2c000000
        3755000	       374	80000718	0192de63	bge	x5,x25,80000734	  x5:0x80000000 x25:0x00000000
        3765000	       375	8000071c	1853e817	auipc	x16,0x1853e	 x16=0x9853e718
        3775000	       376	80000720	4b618413	addi	x8,x3,1206	  x3:0x00000001  x8=0x000004b7
        3785000	       377	80000724	00000013	addi	x0,x0,0	  x0:0x00000000
        3795000	       378	80000728	68cbc013	xori	x0,x23,1676	 x23:0x00000000
        3805000	       379	8000072c	00e6b633	sltu	x12,x13,x14	 x13:0x07e15001 x14:0x0000009c x12=0x00000000
        3815000	       380	80000730	00860333	add	x6,x12,x8	 x12:0x00000000  x8:0x000004b7  x6=0x000004b7
        3825000	       381	80000734	02014263	blt	x2,x0,80000758	  x2:0x00000156  x0:0x00000000
        3835000	       382	80000738	00238263	beq	x7,x2,8000073c	  x7:0x00000000  x2:0x00000156
        3845000	       383	8000073c	00b58933	add	x18,x11,x11	 x11:0x00000005 x11:0x00000005 x18=0x0000000a
        3855000	       384	80000740	bd04a693	slti	x13,x9,-1072	  x9:0x8000860e x13=0x00000001
        3865000	       385	80000744	b35f4d13	xori	x26,x30,-1227	 x30:0x80000000 x26=0x7ffffb35
        3875000	       386	80000748	01ce4cb3	xor	x25,x28,x28	 x28:0x00000000 x28:0x00000000 x25=0x00000000
        3885000	       387	8000074c	00bcc663	blt	x25,x11,80000758	 x25:0x00000000 x11:0x00000005
        3895000	       388	00000000	00000013	addi	x0,x0,0	  x0:0x00000000
        3905000	       389	80000754	00000013	addi	x0,x0,0	  x0:0x00000000
        3915000	       390	80000758	ac68cf93	xori	x31,x17,-1338	 x17:0x00000000 x31=0xfffffac6
        3925000	       391	8000075c	00000e97	auipc	x29,0x0	 x29=0x80000758
        3935000	       392	80000760	00ce8e93	addi	x29,x29,12	 x29:0x80000758 x29=0x80000764
        3945000	       393	80000764	000e8067	jalr	x0,x29,0	 x29:0x80000764
        3955000	       394	00000000	00000013	addi	x0,x0,0	  x0:0x00000000
        3965000	       395	80000764	00000013	addi	x0,x0,0	  x0:0x00000000
        3975000	       396	80000768	00100193	addi	x3,x0,1	  x0:0x00000000  x3=0x00000001
        3985000	       397	8000076c	00000073	ecall	
        3995000	       398	80000770	41c45093	srai	x1,x8,0x1c	  x8:0x000004b7  x1=0x00000000
