		Time			Cycle	PC		Insn	Decoded instruction	Register and memory contents
          65000	         5	80000004	00000293	addi	x5,x0,0	  x0:0x00000000  x5=0x00000000
          75000	         6	80000008	00000313	addi	x6,x0,0	  x0:0x00000000  x6=0x00000000
          85000	         7	8000000c	00628263	beq	x5,x6,80000010	  x5:0x00000000  x6:0x00000000
          95000	         8	00000000	00000013	addi	x0,x0,0	  x0:0x00000000
         105000	         9	8000000c	00000013	addi	x0,x0,0	  x0:0x00000000
         115000	        10	80000010	00000a17	auipc	x20,0x0	 x20=0x8000000c
         125000	        11	80000014	00ca0a13	addi	x20,x20,12	 x20:0x8000000c x20=0x80000018
         135000	        12	80000018	000a0067	jalr	x0,x20,0	 x20:0x80000018
         145000	        13	00000000	00000013	addi	x0,x0,0	  x0:0x00000000
         155000	        14	80000018	00000013	addi	x0,x0,0	  x0:0x00000000
         165000	        15	8000001c	400003b7	lui	x7,0x40000	  x7=0x40000000
         175000	        16	80000020	10038393	addi	x7,x7,256	  x7:0x40000000  x7=0x40000100
         185000	        17	80000024	00000013	addi	x0,x0,0	  x0:0x00000000
         195000	        18	80000028	0000ad97	auipc	x27,0xa	 x27=0x8000a024
         205000	        19	8000002c	fa0d8d93	addi	x27,x27,-96	 x27:0x8000a024 x27=0x80009fc4
         215000	        20	80000030	00002397	auipc	x7,0x2	  x7=0x8000202c
         225000	        21	80000034	ef838393	addi	x7,x7,-264	  x7:0x8000202c  x7=0x80001f24
         235000	        22	80000038	0003e393	ori	x7,x7,0	  x7:0x80001f24  x7=0x80001f24
         245000	        23	8000003c	00000013	addi	x0,x0,0	  x0:0x00000000
         255000	        24	80000040	00000397	auipc	x7,0x0	  x7=0x8000003c
         265000	        25	80000044	02038393	addi	x7,x7,32	  x7:0x8000003c  x7=0x8000005c
         275000	        26	80000048	00000013	addi	x0,x0,0	  x0:0x00000000
         285000	        27	8000004c	00000013	addi	x0,x0,0	  x0:0x00000000
         295000	        28	80000050	000023b7	lui	x7,0x2	  x7=0x00002000
         305000	        29	80000054	80038393	addi	x7,x7,-2048	  x7:0x00002000  x7=0x00001800
         315000	        30	80000058	00000013	addi	x0,x0,0	  x0:0x00000000
         325000	        31	8000005c	00000013	addi	x0,x0,0	  x0:0x00000000
         335000	        32	80000060	00500013	addi	x0,x0,5	  x0:0x00000000
         345000	        33	80000064	f544b0b7	lui	x1,0xf544b	  x1=0xf544b000
         355000	        34	80000068	8f908093	addi	x1,x1,-1799	  x1:0xf544b000  x1=0xf544a8f9
         365000	        35	8000006c	16d80137	lui	x2,0x16d80	  x2=0x16d80000
         375000	        36	80000070	7d710113	addi	x2,x2,2007	  x2:0x16d80000  x2=0x16d807d7
         385000	        37	80000074	00000193	addi	x3,x0,0	  x0:0x00000000  x3=0x00000000
         395000	        38	80000078	80000237	lui	x4,0x80000	  x4=0x80000000
         405000	        39	8000007c	800002b7	lui	x5,0x80000	  x5=0x80000000
         415000	        40	80000080	00f00313	addi	x6,x0,15	  x0:0x00000000  x6=0x0000000f
         425000	        41	80000084	00600393	addi	x7,x0,6	  x0:0x00000000  x7=0x00000006
         435000	        42	80000088	00000413	addi	x8,x0,0	  x0:0x00000000  x8=0x00000000
         445000	        43	8000008c	00200493	addi	x9,x0,2	  x0:0x00000000  x9=0x00000002
         455000	        44	80000090	fff0d537	lui	x10,0xfff0d	 x10=0xfff0d000
         465000	        45	80000094	b8850513	addi	x10,x10,-1144	 x10:0xfff0d000 x10=0xfff0cb88
         475000	        46	80000098	800005b7	lui	x11,0x80000	 x11=0x80000000
         485000	        47	8000009c	00500613	addi	x12,x0,5	  x0:0x00000000 x12=0x00000005
         495000	        48	800000a0	027ea6b7	lui	x13,0x27ea	 x13=0x027ea000
         505000	        49	800000a4	29468693	addi	x13,x13,660	 x13:0x027ea000 x13=0x027ea294
         515000	        50	800000a8	80000737	lui	x14,0x80000	 x14=0x80000000
         525000	        51	800000ac	7328e7b7	lui	x15,0x7328e	 x15=0x7328e000
         535000	        52	800000b0	9ac78793	addi	x15,x15,-1620	 x15:0x7328e000 x15=0x7328d9ac
         545000	        53	800000b4	bde0c837	lui	x16,0xbde0c	 x16=0xbde0c000
         555000	        54	800000b8	55d80813	addi	x16,x16,1373	 x16:0xbde0c000 x16=0xbde0c55d
         565000	        55	800000bc	800008b7	lui	x17,0x80000	 x17=0x80000000
         575000	        56	800000c0	00000913	addi	x18,x0,0	  x0:0x00000000 x18=0x00000000
         585000	        57	800000c4	00000993	addi	x19,x0,0	  x0:0x00000000 x19=0x00000000
         595000	        58	800000c8	00400a13	addi	x20,x0,4	  x0:0x00000000 x20=0x00000004
         605000	        59	800000cc	80000ab7	lui	x21,0x80000	 x21=0x80000000
         615000	        60	800000d0	00100b13	addi	x22,x0,1	  x0:0x00000000 x22=0x00000001
         625000	        61	800000d4	80000bb7	lui	x23,0x80000	 x23=0x80000000
         635000	        62	800000d8	00000c13	addi	x24,x0,0	  x0:0x00000000 x24=0x00000000
         645000	        63	800000dc	facabcb7	lui	x25,0xfacab	 x25=0xfacab000
         655000	        64	800000e0	529c8c93	addi	x25,x25,1321	 x25:0xfacab000 x25=0xfacab529
         665000	        65	800000e4	00c00d13	addi	x26,x0,12	  x0:0x00000000 x26=0x0000000c
         675000	        66	800000e8	80000e37	lui	x28,0x80000	 x28=0x80000000
         685000	        67	800000ec	00000e93	addi	x29,x0,0	  x0:0x00000000 x29=0x00000000
         695000	        68	800000f0	36adff37	lui	x30,0x36adf	 x30=0x36adf000
         705000	        69	800000f4	d74f0f13	addi	x30,x30,-652	 x30:0x36adf000 x30=0x36aded74
         715000	        70	800000f8	0000af97	auipc	x31,0xa	 x31=0x8000a0f4
         725000	        71	800000fc	e90f8f93	addi	x31,x31,-368	 x31:0x8000a0f4 x31=0x80009f84
         735000	        72	80000100	00009717	auipc	x14,0x9	 x14=0x800090fc
         745000	        73	80000104	b1470713	addi	x14,x14,-1260	 x14:0x800090fc x14=0x80008c10
         755000	        74	80000108	f8370483	lb	x9,-125(x14)	 x14:0x80008c10  x9=0x00000005 PA:0x80008b93
         765000	        75	8000010c	fd2700a3	sb	x18,-63(x14)	 x14:0x80008c10 x18:0x00000000 PA:0x80008bd1
         775000	        76	80000110	01729193	slli	x3,x5,0x17	  x5:0x80000000  x3=0x00000000
         785000	        77	80000114	e6a70ba3	sb	x10,-393(x14)	 x14:0x80008c10 x10:0xfff0cb88 PA:0x80008a87
         795000	        78	80000118	c4774e83	lbu	x29,-953(x14)	 x14:0x80008c10 x29=0x000000dc PA:0x80008857
         805000	        79	8000011c	01ef4033	xor	x0,x30,x30	 x30:0x36aded74 x30:0x36aded74
         815000	        80	80000120	70fbfe93	andi	x29,x23,1807	 x23:0x80000000 x29=0x00000000
         825000	        81	80000124	01199633	sll	x12,x19,x17	 x19:0x00000000 x17:0x80000000 x12=0x00000000
         835000	        82	80000128	00000013	addi	x0,x0,0	  x0:0x00000000
         845000	        83	8000012c	00451413	slli	x8,x10,0x4	 x10:0xfff0cb88  x8=0xff0cb880
         855000	        84	80000130	28c50a97	auipc	x21,0x28c50	 x21=0xa8c5012c
         865000	        85	80000134	4125d4b3	sra	x9,x11,x18	 x11:0x80000000 x18:0x00000000  x9=0x80000000
         875000	        86	80000138	2a170aa3	sb	x1,693(x14)	 x14:0x80008c10  x1:0xf544a8f9 PA:0x80008ec5
         885000	        87	8000013c	e207a1b7	lui	x3,0xe207a	  x3=0xe207a000
         895000	        88	80000140	2b148393	addi	x7,x9,689	  x9:0x80000000  x7=0x800002b1
         905000	        89	80000144	014204b3	add	x9,x4,x20	  x4:0x80000000 x20:0x00000004  x9=0x80000004
         915000	        90	80000148	f93b4213	xori	x4,x22,-109	 x22:0x00000001  x4=0xffffff92
         925000	        91	8000014c	01a844b3	xor	x9,x16,x26	 x16:0xbde0c55d x26:0x0000000c  x9=0xbde0c551
         935000	        92	80000150	4703b4b7	lui	x9,0x4703b	  x9=0x4703b000
         945000	        93	80000154	9c428693	addi	x13,x5,-1596	  x5:0x80000000 x13=0x7ffff9c4
         955000	        94	80000158	4123de33	sra	x28,x7,x18	  x7:0x800002b1 x18:0x00000000 x28=0x800002b1
         965000	        95	8000015c	1f374083	lbu	x1,499(x14)	 x14:0x80008c10  x1=0x00000060 PA:0x80008e03
         975000	        96	80000160	079704a3	sb	x25,105(x14)	 x14:0x80008c10 x25:0xfacab529 PA:0x80008c79
         985000	        97	80000164	0191d9b3	srl	x19,x3,x25	  x3:0xe207a000 x25:0xfacab529 x19=0x007103d0
         995000	        98	80000168	36370403	lb	x8,867(x14)	 x14:0x80008c10  x8=0x00000025 PA:0x80008f73
        1005000	        99	8000016c	e0e70d03	lb	x26,-498(x14)	 x14:0x80008c10 x26=0xffffffde PA:0x80008a1e
        1015000	       100	80000170	8b856793	ori	x15,x10,-1864	 x10:0xfff0cb88 x15=0xfffffbb8
        1025000	       101	80000174	007f14b3	sll	x9,x30,x7	 x30:0x36aded74  x7:0x800002b1  x9=0xdae80000
        1035000	       102	80000178	41720633	sub	x12,x4,x23	  x4:0xffffff92 x23:0x80000000 x12=0x7fffff92
        1045000	       103	8000017c	015284b3	add	x9,x5,x21	  x5:0x80000000 x21:0xa8c5012c  x9=0x28c5012c
        1055000	       104	80000180	e0274783	lbu	x15,-510(x14)	 x14:0x80008c10 x15=0x00000021 PA:0x80008a12
        1065000	       105	80000184	dd274083	lbu	x1,-558(x14)	 x14:0x80008c10  x1=0x00000023 PA:0x800089e2
        1075000	       106	80000188	1a971b23	sh	x9,438(x14)	 x14:0x80008c10  x9:0x28c5012c PA:0x80008dc6
        1085000	       107	8000018c	bef6bc13	sltiu	x24,x13,-1041	 x13:0x7ffff9c4 x24=0x00000001
        1095000	       108	80000190	000a11b3	sll	x3,x20,x0	 x20:0x00000004  x0:0x00000000  x3=0x00000004
        1105000	       109	80000194	00821d33	sll	x26,x4,x8	  x4:0xffffff92  x8:0x00000025 x26=0xfffff240
        1115000	       110	80000198	c8d703a3	sb	x13,-889(x14)	 x14:0x80008c10 x13:0x7ffff9c4 PA:0x80008897
        1125000	       111	8000019c	4dbc3893	sltiu	x17,x24,1243	 x24:0x00000001 x17=0x00000001
        1135000	       112	800001a0	011824b3	slt	x9,x16,x17	 x16:0xbde0c55d x17:0x00000001  x9=0x00000001
        1145000	       113	800001a4	2ae706a3	sb	x14,685(x14)	 x14:0x80008c10 x14:0x80008c10 PA:0x80008ebd
        1155000	       114	800001a8	a346f193	andi	x3,x13,-1484	 x13:0x7ffff9c4  x3=0x7ffff804
        1165000	       115	800001ac	55cbb813	sltiu	x16,x23,1372	 x23:0x80000000 x16=0x00000000
        1175000	       116	800001b0	00b5bcb3	sltu	x25,x11,x11	 x11:0x80000000 x11:0x80000000 x25=0x00000000
        1185000	       117	800001b4	00a337b3	sltu	x15,x6,x10	  x6:0x0000000f x10:0xfff0cb88 x15=0x00000001
        1195000	       118	800001b8	12674b03	lbu	x22,294(x14)	 x14:0x80008c10 x22=0x00000055 PA:0x80008d36
        1205000	       119	800001bc	05274783	lbu	x15,82(x14)	 x14:0x80008c10 x15=0x000000e8 PA:0x80008c62
        1215000	       120	800001c0	c7b72423	sw	x27,-920(x14)	 x14:0x80008c10 x27:0x80009fc4 PA:0x80008878
        1225000	       121	800001c4	00008597	auipc	x11,0x8	 x11=0x800081c0
        1235000	       122	800001c8	25f58593	addi	x11,x11,607	 x11:0x800081c0 x11=0x8000841f
        1245000	       123	800001cc	d2d58383	lb	x7,-723(x11)	 x11:0x8000841f  x7=0xffffffb9 PA:0x8000814c
        1255000	       124	800001d0	00008417	auipc	x8,0x8	  x8=0x800081cc
        1265000	       125	800001d4	2bc40413	addi	x8,x8,700	  x8:0x800081cc  x8=0x80008488
        1275000	       126	800001d8	01a403a3	sb	x26,7(x8)	  x8:0x80008488 x26:0xfffff240 PA:0x8000848f
        1285000	       127	800001dc	ffc42603	lw	x12,-4(x8)	  x8:0x80008488 x12=0x88cec577 PA:0x80008484
        1295000	       128	800001e0	24b58323	sb	x11,582(x11)	 x11:0x8000841f x11:0x8000841f PA:0x80008665
        1305000	       129	800001e4	13a5c303	lbu	x6,314(x11)	 x11:0x8000841f  x6=0x0000004f PA:0x80008559
        1315000	       130	800001e8	ff841d23	sh	x24,-6(x8)	  x8:0x80008488 x24:0x00000001 PA:0x80008482
        1325000	       131	800001ec	21e58383	lb	x7,542(x11)	 x11:0x8000841f  x7=0xffffffdf PA:0x8000863d
        1335000	       132	00000000	00000013	addi	x0,x0,0	  x0:0x00000000
        1345000	       133	800001f0	00740e83	lb	x29,7(x8)	  x8:0x80008488 x29=0x00000040 PA:0x8000848f
        1355000	       134	800001f4	3665c983	lbu	x19,870(x11)	 x11:0x8000841f x19=0x0000006a PA:0x80008785
        1365000	       135	800001f8	fee40aa3	sb	x14,-11(x8)	  x8:0x80008488 x14:0x80008c10 PA:0x8000847d
        1375000	       136	800001fc	e6a5c603	lbu	x12,-406(x11)	 x11:0x8000841f x12=0x0000004c PA:0x80008289
        1385000	       137	80000200	ff040c03	lb	x24,-16(x8)	  x8:0x80008488 x24=0xffffffba PA:0x80008478
        1395000	       138	80000204	3ce58b03	lb	x22,974(x11)	 x11:0x8000841f x22=0xfffffff5 PA:0x800087ed
        1405000	       139	80000208	e8a58f03	lb	x30,-374(x11)	 x11:0x8000841f x30=0x00000021 PA:0x800082a9
        1415000	       140	8000020c	ff444e83	lbu	x29,-12(x8)	  x8:0x80008488 x29=0x000000ec PA:0x8000847c
        1425000	       141	80000210	2af58b23	sb	x15,694(x11)	 x11:0x8000841f x15:0x000000e8 PA:0x800086d5
        1435000	       142	80000214	01241723	sh	x18,14(x8)	  x8:0x80008488 x18:0x00000000 PA:0x80008496
        1445000	       143	80000218	e4658703	lb	x14,-442(x11)	 x11:0x8000841f x14=0x00000059 PA:0x80008265
        1455000	       144	8000021c	050bf463	bgeu	x23,x16,80000264	 x23:0x80000000 x16:0x00000000
        1465000	       145	00000000	00000013	addi	x0,x0,0	  x0:0x00000000
        1475000	       146	80000260	00000013	addi	x0,x0,0	  x0:0x00000000
        1485000	       147	80000264	3c344993	xori	x19,x8,963	  x8:0x80008488 x19=0x8000874b
        1495000	       148	80000268	18268d13	addi	x26,x13,386	 x13:0x7ffff9c4 x26=0x7ffffb46
        1505000	       149	8000026c	019a0833	add	x16,x20,x25	 x20:0x00000004 x25:0x00000000 x16=0x00000004
        1515000	       150	80000270	4091d313	srai	x6,x3,0x9	  x3:0x7ffff804  x6=0x003ffffc
        1525000	       151	80000274	0383da63	bge	x7,x24,800002a8	  x7:0xffffffdf x24:0xffffffba
        1535000	       152	00000000	00000013	addi	x0,x0,0	  x0:0x00000000
        1545000	       153	800002a4	00000013	addi	x0,x0,0	  x0:0x00000000
        1555000	       154	800002a8	01b4a533	slt	x10,x9,x27	  x9:0x00000001 x27:0x80009fc4 x10=0x00000000
        1565000	       155	800002ac	c57baa93	slti	x21,x23,-937	 x23:0x80000000 x21=0x00000001
        1575000	       156	800002b0	01581113	slli	x2,x16,0x15	 x16:0x00000004  x2=0x00800000
        1585000	       157	800002b4	00000417	auipc	x8,0x0	  x8=0x800002b0
        1595000	       158	800002b8	7f040413	addi	x8,x8,2032	  x8:0x800002b0  x8=0x80000aa0
        1605000	       159	800002bc	4740b513	sltiu	x10,x1,1140	  x1:0x00000023 x10=0x00000001
        1615000	       160	800002c0	416081b3	sub	x3,x1,x22	  x1:0x00000023 x22:0xfffffff5  x3=0x0000002e
        1625000	       161	800002c4	abad7293	andi	x5,x26,-1350	 x26:0x7ffffb46  x5=0x7ffffa02
        1635000	       162	800002c8	01aa9d13	slli	x26,x21,0x1a	 x21:0x00000001 x26=0x04000000
        1645000	       163	800002cc	00000013	addi	x0,x0,0	  x0:0x00000000
        1655000	       164	800002d0	cbb40413	addi	x8,x8,-837	  x8:0x80000aa0  x8=0x8000075b
        1665000	       165	800002d4	00c7dc93	srli	x25,x15,0xc	 x15:0x000000e8 x25=0x00000000
        1675000	       166	800002d8	346400e7	jalr	x1,x8,838	  x8:0x8000075b  x1=0x800002d8
        1685000	       167	00000000	00000013	addi	x0,x0,0	  x0:0x00000000
        1695000	       168	80000aa0	00000013	addi	x0,x0,0	  x0:0x00000000
        1705000	       169	80000aa4	279435b7	lui	x11,0x27943	 x11=0x27943000
        1715000	       170	80000aa8	00948533	add	x10,x9,x9	  x9:0x00000001  x9:0x00000001 x10=0x00000002
        1725000	       171	80000aac	fccf8f93	addi	x31,x31,-52	 x31:0x80009f84 x31=0x80009f50
        1735000	       172	80000ab0	01f01b93	slli	x23,x0,0x1f	  x0:0x00000000 x23=0x00000000
        1745000	       173	80000ab4	408402b3	sub	x5,x8,x8	  x8:0x8000075b  x8:0x8000075b  x5=0x00000000
        1755000	       174	80000ab8	001fa223	sw	x1,4(x31)	 x31:0x80009f50  x1:0x800002d8 PA:0x80009f54
        1765000	       175	80000abc	b4602713	slti	x14,x0,-1210	  x0:0x00000000 x14=0x00000000
        1775000	       176	80000ac0	8ebf2413	slti	x8,x30,-1813	 x30:0x00000021  x8=0x00000000
        1785000	       177	80000ac4	6c0fcc93	xori	x25,x31,1728	 x31:0x80009f50 x25=0x80009990
        1795000	       178	80000ac8	022a6063	bltu	x20,x2,80000ae8	 x20:0x00000004  x2:0x00800000
        1805000	       179	00000000	00000013	addi	x0,x0,0	  x0:0x00000000
        1815000	       180	80000ae4	00000013	addi	x0,x0,0	  x0:0x00000000
        1825000	       181	80000ae8	91dff0ef	jal	x1,80000ae8	  x1=0x80000ae8
        1835000	       182	00000000	00000013	addi	x0,x0,0	  x0:0x00000000
        1845000	       183	80000400	00000013	addi	x0,x0,0	  x0:0x00000000
        1855000	       184	80000404	9c97a393	slti	x7,x15,-1591	 x15:0x000000e8  x7=0x00000000
        1865000	       185	80000408	00c5a5b3	slt	x11,x11,x12	 x11:0x27943000 x12:0x0000004c x11=0x00000000
        1875000	       186	8000040c	4083d693	srai	x13,x7,0x8	  x7:0x00000000 x13=0x00000000
        1885000	       187	80000410	b8fb3213	sltiu	x4,x22,-1137	 x22:0xfffffff5  x4=0x00000000
        1895000	       188	80000414	fc0f8f93	addi	x31,x31,-64	 x31:0x80009f50 x31=0x80009f10
        1905000	       189	80000418	793ec793	xori	x15,x29,1939	 x29:0x000000ec x15=0x0000077f
        1915000	       190	8000041c	001fa223	sw	x1,4(x31)	 x31:0x80009f10  x1:0x80000ae8 PA:0x80009f14
        1925000	       191	80000420	0191dc13	srli	x24,x3,0x19	  x3:0x0000002e x24=0x00000000
        1935000	       192	80000424	0d216493	ori	x9,x2,210	  x2:0x00800000  x9=0x008000d2
        1945000	       193	80000428	01225193	srli	x3,x4,0x12	  x4:0x00000000  x3=0x00000000
        1955000	       194	8000042c	01492c33	slt	x24,x18,x20	 x18:0x00000000 x20:0x00000004 x24=0x00000001
        1965000	       195	80000430	00008197	auipc	x3,0x8	  x3=0x8000842c
        1975000	       196	80000434	5c718193	addi	x3,x3,1479	  x3:0x8000842c  x3=0x800089f3
        1985000	       197	80000438	0001c383	lbu	x7,0(x3)	  x3:0x800089f3  x7=0x00000056 PA:0x800089f3
        1995000	       198	8000043c	00119733	sll	x14,x3,x1	  x3:0x800089f3  x1:0x80000ae8 x14=0x0089f300
        2005000	       199	80000440	0081c303	lbu	x6,8(x3)	  x3:0x800089f3  x6=0x0000002c PA:0x800089fb
        2015000	       200	80000444	01718e03	lb	x28,23(x3)	  x3:0x800089f3 x28=0xffffffbb PA:0x80008a0a
        2025000	       201	80000448	0371c303	lbu	x6,55(x3)	  x3:0x800089f3  x6=0x00000074 PA:0x80008a2a
        2035000	       202	8000044c	0011ae03	lw	x28,1(x3)	  x3:0x800089f3 x28=0x543f4912 PA:0x800089f4
        2045000	       203	00000000	00000013	addi	x0,x0,0	  x0:0x00000000
        2055000	       204	80000450	b13e4917	auipc	x18,0xb13e4	 x18=0x313e444c
        2065000	       205	80000454	03d1c683	lbu	x13,61(x3)	  x3:0x800089f3 x13=0x0000002c PA:0x80008a30
        2075000	       206	80000458	fd919303	lh	x6,-39(x3)	  x3:0x800089f3  x6=0xffff90f8 PA:0x800089cc
        2085000	       207	8000045c	0081c283	lbu	x5,8(x3)	  x3:0x800089f3  x5=0x0000002c PA:0x800089fb
        2095000	       208	80000460	00099a93	slli	x21,x19,0x0	 x19:0x8000874b x21=0x8000874b
        2105000	       209	80000464	00000013	addi	x0,x0,0	  x0:0x00000000
        2115000	       210	80000468	fc618003	lb	x0,-58(x3)	  x3:0x800089f3 PA:0x800089b9
        2125000	       211	8000046c	00e18f03	lb	x30,14(x3)	  x3:0x800089f3 x30=0x00000005 PA:0x80008a01
        2135000	       212	80000470	fc61c303	lbu	x6,-58(x3)	  x3:0x800089f3  x6=0x0000003d PA:0x800089b9
        2145000	       213	80000474	00000013	addi	x0,x0,0	  x0:0x00000000
        2155000	       214	80000478	40598e33	sub	x28,x19,x5	 x19:0x8000874b  x5:0x0000002c x28=0x8000871f
        2165000	       215	8000047c	21766013	ori	x0,x12,535	 x12:0x0000004c
        2175000	       216	80000480	ff0197a3	sh	x16,-17(x3)	  x3:0x800089f3 x16:0x00000004 PA:0x800089e2
        2185000	       217	80000484	01c8f433	and	x8,x17,x28	 x17:0x00000001 x28:0x8000871f  x8=0x00000001
        2195000	       218	80000488	014260b3	or	x1,x4,x20	  x4:0x00000000 x20:0x00000004  x1=0x00000004
        2205000	       219	8000048c	fe719203	lh	x4,-25(x3)	  x3:0x800089f3  x4=0x00004624 PA:0x800089da
        2215000	       220	80000490	02118803	lb	x16,33(x3)	  x3:0x800089f3 x16=0xfffffff4 PA:0x80008a14
        2225000	       221	00000000	00000013	addi	x0,x0,0	  x0:0x00000000
        2235000	       222	80000494	03018b03	lb	x22,48(x3)	  x3:0x800089f3 x22=0xffffffad PA:0x80008a23
        2245000	       223	80000498	01a36033	or	x0,x6,x26	  x6:0x0000003d x26:0x04000000
        2255000	       224	8000049c	501e6593	ori	x11,x28,1281	 x28:0x8000871f x11=0x8000871f
        2265000	       225	800004a0	93b58213	addi	x4,x11,-1733	 x11:0x8000871f  x4=0x8000805a
        2275000	       226	800004a4	01519003	lh	x0,21(x3)	  x3:0x800089f3 PA:0x80008a08
        2285000	       227	800004a8	fe618583	lb	x11,-26(x3)	  x3:0x800089f3 x11=0x00000014 PA:0x800089d9
        2295000	       228	800004ac	ffc1cd03	lbu	x26,-4(x3)	  x3:0x800089f3 x26=0x00000009 PA:0x800089ef
        2305000	       229	800004b0	0107a733	slt	x14,x15,x16	 x15:0x0000077f x16:0xfffffff4 x14=0x00000000
        2315000	       230	800004b4	cb569137	lui	x2,0xcb569	  x2=0xcb569000
        2325000	       231	800004b8	ff41cb03	lbu	x22,-12(x3)	  x3:0x800089f3 x22=0x00000096 PA:0x800089e7
        2335000	       232	800004bc	00d18623	sb	x13,12(x3)	  x3:0x800089f3 x13:0x0000002c PA:0x800089ff
        2345000	       233	800004c0	00e91913	slli	x18,x18,0xe	 x18:0x313e444c x18=0x91130000
        2355000	       234	800004c4	02e1c103	lbu	x2,46(x3)	  x3:0x800089f3  x2=0x0000004e PA:0x80008a21
        2365000	       235	800004c8	05518023	sb	x21,64(x3)	  x3:0x800089f3 x21:0x8000874b PA:0x80008a33
        2375000	       236	800004cc	40b4d533	sra	x10,x9,x11	  x9:0x008000d2 x11:0x00000014 x10=0x00000008
        2385000	       237	800004d0	8b466013	ori	x0,x12,-1868	 x12:0x0000004c
        2395000	       238	800004d4	03c185a3	sb	x28,43(x3)	  x3:0x800089f3 x28:0x8000871f PA:0x80008a1e
        2405000	       239	800004d8	00009a97	auipc	x21,0x9	 x21=0x800094d4
        2415000	       240	800004dc	a84a8a93	addi	x21,x21,-1404	 x21:0x800094d4 x21=0x80008f58
        2425000	       241	800004e0	00009217	auipc	x4,0x9	  x4=0x800094dc
        2435000	       242	800004e4	91b20213	addi	x4,x4,-1765	  x4:0x800094dc  x4=0x80008df7
        2445000	       243	800004e8	00008d17	auipc	x26,0x8	 x26=0x800084e4
        2455000	       244	800004ec	5fed0d13	addi	x26,x26,1534	 x26:0x800084e4 x26=0x80008ae2
        2465000	       245	800004f0	015d0003	lb	x0,21(x26)	 x26:0x80008ae2 PA:0x80008af7
        2475000	       246	800004f4	fada8e83	lb	x29,-83(x21)	 x21:0x80008f58 x29=0x00000042 PA:0x80008f05
        2485000	       247	800004f8	d6320c23	sb	x3,-648(x4)	  x4:0x80008df7  x3:0x800089f3 PA:0x80008b6f
        2495000	       248	800004fc	071d0ea3	sb	x17,125(x26)	 x26:0x80008ae2 x17:0x00000001 PA:0x80008b5f
        2505000	       249	80000500	ff321283	lh	x5,-13(x4)	  x4:0x80008df7  x5=0xfffffcf4 PA:0x80008dea
        2515000	       250	80000504	fe7d4c03	lbu	x24,-25(x26)	 x26:0x80008ae2 x24=0x00000011 PA:0x80008ac9
        2525000	       251	80000508	076d2283	lw	x5,118(x26)	 x26:0x80008ae2  x5=0x3e583c50 PA:0x80008b58
        2535000	       252	8000050c	fc6aa623	sw	x6,-52(x21)	 x21:0x80008f58  x6:0x0000003d PA:0x80008f24
        2545000	       253	80000510	f8aa9e03	lh	x28,-118(x21)	 x21:0x80008f58 x28=0xfffff16f PA:0x80008ee2
        2555000	       254	80000514	fecd4683	lbu	x13,-20(x26)	 x26:0x80008ae2 x13=0x0000000e PA:0x80008ace
        2565000	       255	80000518	e6322ca3	sw	x3,-391(x4)	  x4:0x80008df7  x3:0x800089f3 PA:0x80008c70
        2575000	       256	8000051c	faeadb83	lhu	x23,-82(x21)	 x21:0x80008f58 x23=0x00006d9e PA:0x80008f06
        2585000	       257	80000520	d4c20003	lb	x0,-692(x4)	  x4:0x80008df7 PA:0x80008b43
        2595000	       258	80000524	f22d1b03	lh	x22,-222(x26)	 x26:0x80008ae2 x22=0xffffa9e4 PA:0x80008a04
        2605000	       259	80000528	ca121003	lh	x0,-863(x4)	  x4:0x80008df7 PA:0x80008a98
        2615000	       260	8000052c	f0ba84a3	sb	x11,-247(x21)	 x21:0x80008f58 x11:0x00000014 PA:0x80008e61
        2625000	       261	80000530	030d0fa3	sb	x16,63(x26)	 x26:0x80008ae2 x16:0xfffffff4 PA:0x80008b21
        2635000	       262	80000534	fb4d2723	sw	x20,-82(x26)	 x26:0x80008ae2 x20:0x00000004 PA:0x80008a90
        2645000	       263	80000538	cec20003	lb	x0,-788(x4)	  x4:0x80008df7 PA:0x80008ae3
        2655000	       264	8000053c	1ec20783	lb	x15,492(x4)	  x4:0x80008df7 x15=0x00000005 PA:0x80008fe3
        2665000	       265	80000540	011a8ba3	sb	x17,23(x21)	 x21:0x80008f58 x17:0x00000001 PA:0x80008f6f
        2675000	       266	80000544	03dd1a23	sh	x29,52(x26)	 x26:0x80008ae2 x29:0x00000042 PA:0x80008b16
        2685000	       267	80000548	025a80a3	sb	x5,33(x21)	 x21:0x80008f58  x5:0x3e583c50 PA:0x80008f79
        2695000	       268	8000054c	00009117	auipc	x2,0x9	  x2=0x80009548
        2705000	       269	80000550	88610113	addi	x2,x2,-1914	  x2:0x80009548  x2=0x80008dce
        2715000	       270	80000554	f9e15903	lhu	x18,-98(x2)	  x2:0x80008dce x18=0x00006fb5 PA:0x80008d6c
        2725000	       271	80000558	f9e11583	lh	x11,-98(x2)	  x2:0x80008dce x11=0x00006fb5 PA:0x80008d6c
        2735000	       272	8000055c	3cfb8013	addi	x0,x23,975	 x23:0x00006d9e
        2745000	       273	80000560	f9e10203	lb	x4,-98(x2)	  x2:0x80008dce  x4=0xffffffb5 PA:0x80008d6c
        2755000	       274	80000564	f9e10203	lb	x4,-98(x2)	  x2:0x80008dce  x4=0xffffffb5 PA:0x80008d6c
        2765000	       275	80000568	f9e11603	lh	x12,-98(x2)	  x2:0x80008dce x12=0x00006fb5 PA:0x80008d6c
        2775000	       276	8000056c	f9e10903	lb	x18,-98(x2)	  x2:0x80008dce x18=0xffffffb5 PA:0x80008d6c
        2785000	       277	80000570	011ad993	srli	x19,x21,0x11	 x21:0x80008f58 x19=0x00004000
        2795000	       278	80000574	f9e11f03	lh	x30,-98(x2)	  x2:0x80008dce x30=0x00006fb5 PA:0x80008d6c
        2805000	       279	80000578	f9d11f23	sh	x29,-98(x2)	  x2:0x80008dce x29:0x00000042 PA:0x80008d6c
        2815000	       280	8000057c	f9e14603	lbu	x12,-98(x2)	  x2:0x80008dce x12=0x00000042 PA:0x80008d6c
        2825000	       281	80000580	f8b12f23	sw	x11,-98(x2)	  x2:0x80008dce x11:0x00006fb5 PA:0x80008d6c
        2835000	       282	80000584	f9e10a83	lb	x21,-98(x2)	  x2:0x80008dce x21=0xffffffb5 PA:0x80008d6c
        2845000	       283	80000588	f9e14503	lbu	x10,-98(x2)	  x2:0x80008dce x10=0x000000b5 PA:0x80008d6c
        2855000	       284	8000058c	f8112f23	sw	x1,-98(x2)	  x2:0x80008dce  x1:0x00000004 PA:0x80008d6c
        2865000	       285	80000590	f9e11a83	lh	x21,-98(x2)	  x2:0x80008dce x21=0x00000004 PA:0x80008d6c
        2875000	       286	00000000	00000013	addi	x0,x0,0	  x0:0x00000000
        2885000	       287	80000594	455abd13	sltiu	x26,x21,1109	 x21:0x00000004 x26=0x00000001
        2895000	       288	80000598	f8c12f23	sw	x12,-98(x2)	  x2:0x80008dce x12:0x00000042 PA:0x80008d6c
        2905000	       289	8000059c	f8d12f23	sw	x13,-98(x2)	  x2:0x80008dce x13:0x0000000e PA:0x80008d6c
        2915000	       290	800005a0	fd3107a3	sb	x19,-49(x2)	  x2:0x80008dce x19:0x00004000 PA:0x80008d9d
        2925000	       291	800005a4	fde107a3	sb	x30,-49(x2)	  x2:0x80008dce x30:0x00006fb5 PA:0x80008d9d
        2935000	       292	800005a8	fcf10183	lb	x3,-49(x2)	  x2:0x80008dce  x3=0xffffffb5 PA:0x80008d9d
        2945000	       293	800005ac	00008597	auipc	x11,0x8	 x11=0x800085a8
        2955000	       294	800005b0	ac758593	addi	x11,x11,-1337	 x11:0x800085a8 x11=0x8000806f
        2965000	       295	800005b4	028584a3	sb	x8,41(x11)	 x11:0x8000806f  x8:0x00000001 PA:0x80008098
        2975000	       296	800005b8	02959603	lh	x12,41(x11)	 x11:0x8000806f x12=0x00003f01 PA:0x80008098
        2985000	       297	800005bc	005188b3	add	x17,x3,x5	  x3:0xffffffb5  x5:0x3e583c50 x17=0x3e583c05
        2995000	       298	800005c0	7025a6a3	sw	x2,1805(x11)	 x11:0x8000806f  x2:0x80008dce PA:0x8000877c
        3005000	       299	800005c4	5da5ca83	lbu	x21,1498(x11)	 x11:0x8000806f x21=0x00000024 PA:0x80008649
        3015000	       300	800005c8	5da5ca83	lbu	x21,1498(x11)	 x11:0x8000806f x21=0x00000024 PA:0x80008649
        3025000	       301	800005cc	007b4833	xor	x16,x22,x7	 x22:0xffffa9e4  x7:0x00000056 x16=0xffffa9b2
        3035000	       302	800005d0	01db34b3	sltu	x9,x22,x29	 x22:0xffffa9e4 x29:0x00000042  x9=0x00000000
        3045000	       303	800005d4	5ce58d23	sb	x14,1498(x11)	 x11:0x8000806f x14:0x00000000 PA:0x80008649
        3055000	       304	800005d8	43f58b03	lb	x22,1087(x11)	 x11:0x8000806f x22=0x00000052 PA:0x800084ae
        3065000	       305	800005dc	42f59fa3	sh	x15,1087(x11)	 x11:0x8000806f x15:0x00000005 PA:0x800084ae
        3075000	       306	800005e0	007ecf33	xor	x30,x29,x7	 x29:0x00000042  x7:0x00000056 x30=0x00000014
        3085000	       307	800005e4	43f5c983	lbu	x19,1087(x11)	 x11:0x8000806f x19=0x00000005 PA:0x800084ae
        3095000	       308	800005e8	01dfbe33	sltu	x28,x31,x29	 x31:0x80009f10 x29:0x00000042 x28=0x00000000
        3105000	       309	800005ec	5ab59e83	lh	x29,1451(x11)	 x11:0x8000806f x29=0xffffbeae PA:0x8000861a
        3115000	       310	800005f0	00008f17	auipc	x30,0x8	 x30=0x800085ec
        3125000	       311	800005f4	ca9f0f13	addi	x30,x30,-855	 x30:0x800085ec x30=0x80008295
        3135000	       312	800005f8	409cdb33	sra	x22,x25,x9	 x25:0x80009990  x9:0x00000000 x22=0x80009990
        3145000	       313	800005fc	41095713	srai	x14,x18,0x10	 x18:0xffffffb5 x14=0xffffffff
        3155000	       314	80000600	20cf0723	sb	x12,526(x30)	 x30:0x80008295 x12:0x00003f01 PA:0x800084a3
        3165000	       315	80000604	00a49613	slli	x12,x9,0xa	  x9:0x00000000 x12=0x00000000
        3175000	       316	80000608	cc86a213	slti	x4,x13,-824	 x13:0x0000000e  x4=0x00000000
        3185000	       317	8000060c	8dd9cb13	xori	x22,x19,-1827	 x19:0x00000005 x22=0xfffff8d8
        3195000	       318	80000610	44852493	slti	x9,x10,1096	 x10:0x000000b5  x9=0x00000001
        3205000	       319	80000614	300f0c83	lb	x25,768(x30)	 x30:0x80008295 x25=0x00000047 PA:0x80008595
        3215000	       320	80000618	bc996c93	ori	x25,x18,-1079	 x18:0xffffffb5 x25=0xfffffffd
        3225000	       321	8000061c	22cf0703	lb	x14,556(x30)	 x30:0x80008295 x14=0x00000053 PA:0x800084c1
        3235000	       322	80000620	00311913	slli	x18,x2,0x3	  x2:0x80008dce x18=0x00046e70
        3245000	       323	80000624	553f2003	lw	x0,1363(x30)	 x30:0x80008295 PA:0x800087e8
        3255000	       324	80000628	2b1f0aa3	sb	x17,693(x30)	 x30:0x80008295 x17:0x3e583c05 PA:0x8000854a
        3265000	       325	8000062c	2ddf1283	lh	x5,733(x30)	 x30:0x80008295  x5=0x00002598 PA:0x80008572
        3275000	       326	80000630	163f4183	lbu	x3,355(x30)	 x30:0x80008295  x3=0x00000087 PA:0x800083f8
        3285000	       327	80000634	fb8f0823	sb	x24,-80(x30)	 x30:0x80008295 x24:0x00000011 PA:0x80008245
        3295000	       328	80000638	193f4283	lbu	x5,403(x30)	 x30:0x80008295  x5=0x000000ec PA:0x80008428
        3305000	       329	8000063c	c928a413	slti	x8,x17,-878	 x17:0x3e583c05  x8=0x00000000
        3315000	       330	80000640	016f0da3	sb	x22,27(x30)	 x30:0x80008295 x22:0xfffff8d8 PA:0x800082b0
        3325000	       331	80000644	013b1713	slli	x14,x22,0x13	 x22:0xfffff8d8 x14=0xc6c00000
        3335000	       332	80000648	fb0f0503	lb	x10,-80(x30)	 x30:0x80008295 x10=0x00000011 PA:0x80008245
        3345000	       333	8000064c	d1364c13	xori	x24,x12,-749	 x12:0x00000000 x24=0xfffffd13
        3355000	       334	80000650	01ab3333	sltu	x6,x22,x26	 x22:0xfffff8d8 x26:0x00000001  x6=0x00000000
        3365000	       335	80000654	00379433	sll	x8,x15,x3	 x15:0x00000005  x3:0x00000087  x8=0x00000280
        3375000	       336	80000658	529f5403	lhu	x8,1321(x30)	 x30:0x80008295  x8=0x0000468b PA:0x800087be
        3385000	       337	8000065c	410c8733	sub	x14,x25,x16	 x25:0xfffffffd x16:0xffffa9b2 x14=0x0000564b
        3395000	       338	80000660	3cef15a3	sh	x14,971(x30)	 x30:0x80008295 x14:0x0000564b PA:0x80008660
        3405000	       339	80000664	00000013	addi	x0,x0,0	  x0:0x00000000
        3415000	       340	80000668	055f0b23	sb	x21,86(x30)	 x30:0x80008295 x21:0x00000024 PA:0x800082eb
        3425000	       341	8000066c	0164dd13	srli	x26,x9,0x16	  x9:0x00000001 x26=0x00000000
        3435000	       342	80000670	60cfcb93	xori	x23,x31,1548	 x31:0x80009f10 x23=0x8000991c
        3445000	       343	80000674	1bcf4703	lbu	x14,444(x30)	 x30:0x80008295 x14=0x0000003f PA:0x80008451
        3455000	       344	80000678	d4818313	addi	x6,x3,-696	  x3:0x00000087  x6=0xfffffdcf
        3465000	       345	8000067c	f3af0a23	sb	x26,-204(x30)	 x30:0x80008295 x26:0x00000000 PA:0x800081c9
        3475000	       346	80000680	2b8f15a3	sh	x24,683(x30)	 x30:0x80008295 x24:0xfffffd13 PA:0x80008540
        3485000	       347	80000684	de9f4103	lbu	x2,-535(x30)	 x30:0x80008295  x2=0x00000037 PA:0x8000807e
        3495000	       348	80000688	01b8da93	srli	x21,x17,0x1b	 x17:0x3e583c05 x21=0x00000007
        3505000	       349	8000068c	30678e93	addi	x29,x15,774	 x15:0x00000005 x29=0x0000030b
        3515000	       350	80000690	01c04cb3	xor	x25,x0,x28	  x0:0x00000000 x28:0x00000000 x25=0x00000000
        3525000	       351	80000694	0177be33	sltu	x28,x15,x23	 x15:0x00000005 x23:0x8000991c x28=0x00000001
        3535000	       352	80000698	f0af23a3	sw	x10,-249(x30)	 x30:0x80008295 x10:0x00000011 PA:0x8000819c
        3545000	       353	8000069c	55ff1b03	lh	x22,1375(x30)	 x30:0x80008295 x22=0x000053df PA:0x800087f4
        3555000	       354	800006a0	db3f19a3	sh	x19,-589(x30)	 x30:0x80008295 x19:0x00000005 PA:0x80008048
        3565000	       355	800006a4	0023a8b3	slt	x17,x7,x2	  x7:0x00000056  x2:0x00000037 x17=0x00000000
        3575000	       356	800006a8	13cce917	auipc	x18,0x13cce	 x18=0x93cce6a4
        3585000	       357	800006ac	41585593	srai	x11,x16,0x15	 x16:0xffffa9b2 x11=0xffffffff
        3595000	       358	800006b0	004ef5b3	and	x11,x29,x4	 x29:0x0000030b  x4:0x00000000 x11=0x00000000
        3605000	       359	800006b4	ec4f16a3	sh	x4,-307(x30)	 x30:0x80008295  x4:0x00000000 PA:0x80008162
        3615000	       360	800006b8	00008f17	auipc	x30,0x8	 x30=0x800086b4
        3625000	       361	800006bc	76ff0f13	addi	x30,x30,1903	 x30:0x800086b4 x30=0x80008e23
        3635000	       362	800006c0	00008c17	auipc	x24,0x8	 x24=0x800086bc
        3645000	       363	800006c4	7ffc0c13	addi	x24,x24,2047	 x24:0x800086bc x24=0x80008ebb
        3655000	       364	800006c8	fc8c0203	lb	x4,-56(x24)	 x24:0x80008ebb  x4=0x00000078 PA:0x80008e83
        3665000	       365	800006cc	f2af4703	lbu	x14,-214(x30)	 x30:0x80008e23 x14=0x00000089 PA:0x80008d4d
        3675000	       366	800006d0	00fc4803	lbu	x16,15(x24)	 x24:0x80008ebb x16=0x000000df PA:0x80008eca
        3685000	       367	00000000	00000013	addi	x0,x0,0	  x0:0x00000000
        3695000	       368	800006d4	f10f4003	lbu	x0,-240(x30)	 x30:0x80008e23 PA:0x80008d33
        3705000	       369	800006d8	feef4803	lbu	x16,-18(x30)	 x30:0x80008e23 x16=0x00000059 PA:0x80008e11
        3715000	       370	00000000	00000013	addi	x0,x0,0	  x0:0x00000000
        3725000	       371	800006dc	ff0c4883	lbu	x17,-16(x24)	 x24:0x80008ebb x17=0x00000056 PA:0x80008eab
        3735000	       372	800006e0	f1cf0803	lb	x16,-228(x30)	 x30:0x80008e23 x16=0xffffffab PA:0x80008d3f
        3745000	       373	800006e4	f16f0b83	lb	x23,-234(x30)	 x30:0x80008e23 x23=0x00000046 PA:0x80008d39
        3755000	       374	800006e8	fe2f0403	lb	x8,-30(x30)	 x30:0x80008e23  x8=0x0000004b PA:0x80008e05
        3765000	       375	800006ec	fc2c4b03	lbu	x22,-62(x24)	 x24:0x80008ebb x22=0x00000080 PA:0x80008e7d
        3775000	       376	800006f0	008c0283	lb	x5,8(x24)	 x24:0x80008ebb  x5=0xffffffab PA:0x80008ec3
        3785000	       377	800006f4	072f0e83	lb	x29,114(x30)	 x30:0x80008e23 x29=0x00000047 PA:0x80008e95
        3795000	       378	800006f8	0e5f2603	lw	x12,229(x30)	 x30:0x80008e23 x12=0x01a2468c PA:0x80008f08
        3805000	       379	800006fc	080f0023	sb	x0,128(x30)	 x30:0x80008e23  x0:0x00000000 PA:0x80008ea3
        3815000	       380	80000700	0a6f4b03	lbu	x22,166(x30)	 x30:0x80008e23 x22=0x00000091 PA:0x80008ec9
        3825000	       381	80000704	020fee63	bltu	x31,x0,80000740	 x31:0x80009f10  x0:0x00000000
        3835000	       382	80000708	01ec04b3	add	x9,x24,x30	 x24:0x80008ebb x30:0x80008e23  x9=0x00011cde
        3845000	       383	8000070c	01eb7c63	bgeu	x22,x30,80000724	 x22:0x00000091 x30:0x80008e23
        3855000	       384	80000710	006c0bb3	add	x23,x24,x6	 x24:0x80008ebb  x6:0xfffffdcf x23=0x80008c8a
        3865000	       385	80000714	017962b3	or	x5,x18,x23	 x18:0x93cce6a4 x23:0x80008c8a  x5=0x93cceeae
        3875000	       386	80000718	0006d813	srli	x16,x13,0x0	 x13:0x0000000e x16=0x0000000e
        3885000	       387	8000071c	035f0463	beq	x30,x21,80000744	 x30:0x80008e23 x21:0x00000007
        3895000	       388	80000720	01986833	or	x16,x16,x25	 x16:0x0000000e x25:0x00000000 x16=0x0000000e
        3905000	       389	80000724	00acf863	bgeu	x25,x10,80000734	 x25:0x00000000 x10:0x00000011
        3915000	       390	80000728	0109e263	bltu	x19,x16,8000072c	 x19:0x00000005 x16:0x0000000e
        3925000	       391	00000000	00000013	addi	x0,x0,0	  x0:0x00000000
        3935000	       392	80000728	00000013	addi	x0,x0,0	  x0:0x00000000
        3945000	       393	8000072c	01c3b933	sltu	x18,x7,x28	  x7:0x00000056 x28:0x00000001 x18=0x00000000
        3955000	       394	80000730	00000013	addi	x0,x0,0	  x0:0x00000000
        3965000	       395	80000734	40df8eb3	sub	x29,x31,x13	 x31:0x80009f10 x13:0x0000000e x29=0x80009f02
        3975000	       396	80000738	00385533	srl	x10,x16,x3	 x16:0x0000000e  x3:0x00000087 x10=0x00000000
        3985000	       397	8000073c	00c21593	slli	x11,x4,0xc	  x4:0x00000078 x11=0x00078000
        3995000	       398	80000740	413bd613	srai	x12,x23,0x13	 x23:0x80008c8a x12=0xfffff000
        4005000	       399	80000744	a802c817	auipc	x16,0xa802c	 x16=0x2802c740
        4015000	       400	80000748	0189ea63	bltu	x19,x24,8000075c	 x19:0x00000005 x24:0x80008ebb
        4025000	       401	00000000	00000013	addi	x0,x0,0	  x0:0x00000000
        4035000	       402	80000758	00000013	addi	x0,x0,0	  x0:0x00000000
        4045000	       403	8000075c	986e8017	auipc	x0,0x986e8	
        4055000	       404	80000760	05785463	bge	x16,x23,800007a8	 x16:0x2802c740 x23:0x80008c8a
        4065000	       405	00000000	00000013	addi	x0,x0,0	  x0:0x00000000
        4075000	       406	800007a4	00000013	addi	x0,x0,0	  x0:0x00000000
        4085000	       407	800007a8	3caff137	lui	x2,0x3caff	  x2=0x3caff000
        4095000	       408	800007ac	41a35293	srai	x5,x6,0x1a	  x6:0xfffffdcf  x5=0xffffffff
        4105000	       409	800007b0	04586863	bltu	x16,x5,80000800	 x16:0x2802c740  x5:0xffffffff
        4115000	       410	00000000	00000013	addi	x0,x0,0	  x0:0x00000000
        4125000	       411	800007fc	00000013	addi	x0,x0,0	  x0:0x00000000
        4135000	       412	80000800	01f0d333	srl	x6,x1,x31	  x1:0x00000004 x31:0x80009f10  x6=0x00000000
        4145000	       413	80000804	00879333	sll	x6,x15,x8	 x15:0x00000005  x8:0x0000004b  x6=0x00002800
        4155000	       414	80000808	0094bf33	sltu	x30,x9,x9	  x9:0x00011cde  x9:0x00011cde x30=0x00000000
        4165000	       415	8000080c	e55fe313	ori	x6,x31,-427	 x31:0x80009f10  x6=0xffffff55
        4175000	       416	80000810	00e05413	srli	x8,x0,0xe	  x0:0x00000000  x8=0x00000000
        4185000	       417	80000814	00000013	addi	x0,x0,0	  x0:0x00000000
        4195000	       418	80000818	00218463	beq	x3,x2,80000820	  x3:0x00000087  x2:0x3caff000
        4205000	       419	8000081c	009d1cb3	sll	x25,x26,x9	 x26:0x00000000  x9:0x00011cde x25=0x00000000
        4215000	       420	80000820	b8611017	auipc	x0,0xb8611	
        4225000	       421	80000824	d3524193	xori	x3,x4,-715	  x4:0x00000078  x3=0xfffffd4d
        4235000	       422	80000828	017953b3	srl	x7,x18,x23	 x18:0x00000000 x23:0x80008c8a  x7=0x00000000
        4245000	       423	8000082c	e004e593	ori	x11,x9,-512	  x9:0x00011cde x11=0xfffffede
        4255000	       424	80000830	017c38b3	sltu	x17,x24,x23	 x24:0x80008ebb x23:0x80008c8a x17=0x00000000
        4265000	       425	80000834	1e34ad13	slti	x26,x9,483	  x9:0x00011cde x26=0x00000000
        4275000	       426	80000838	00cca8b3	slt	x17,x25,x12	 x25:0x00000000 x12:0xfffff000 x17=0x00000000
        4285000	       427	8000083c	5af6c113	xori	x2,x13,1455	 x13:0x0000000e  x2=0x000005a1
        4295000	       428	80000840	0165c663	blt	x11,x22,8000084c	 x11:0xfffffede x22:0x00000091
        4305000	       429	00000000	00000013	addi	x0,x0,0	  x0:0x00000000
        4315000	       430	80000848	00000013	addi	x0,x0,0	  x0:0x00000000
        4325000	       431	8000084c	02ea0663	beq	x20,x14,80000878	 x20:0x00000004 x14:0x00000089
        4335000	       432	80000850	00000013	addi	x0,x0,0	  x0:0x00000000
        4345000	       433	80000854	00000013	addi	x0,x0,0	  x0:0x00000000
        4355000	       434	80000858	002b9593	slli	x11,x23,0x2	 x23:0x80008c8a x11=0x00023228
        4365000	       435	8000085c	01585793	srli	x15,x16,0x15	 x16:0x2802c740 x15=0x00000140
        4375000	       436	80000860	01c64c33	xor	x24,x12,x28	 x12:0xfffff000 x28:0x00000001 x24=0xfffff001
        4385000	       437	80000864	3b482b13	slti	x22,x16,948	 x16:0x2802c740 x22=0x00000000
        4395000	       438	80000868	001b1cb3	sll	x25,x22,x1	 x22:0x00000000  x1:0x00000004 x25=0x00000000
        4405000	       439	8000086c	049e1063	bne	x28,x9,800008ac	 x28:0x00000001  x9:0x00011cde
        4415000	       440	00000000	00000013	addi	x0,x0,0	  x0:0x00000000
        4425000	       441	800008a8	00000013	addi	x0,x0,0	  x0:0x00000000
        4435000	       442	800008ac	00b76233	or	x4,x14,x11	 x14:0x00000089 x11:0x00023228  x4=0x000232a9
        4445000	       443	800008b0	03c28c63	beq	x5,x28,800008e8	  x5:0xffffffff x28:0x00000001
        4455000	       444	800008b4	052dd463	bge	x27,x18,800008fc	 x27:0x80009fc4 x18:0x00000000
        4465000	       445	800008b8	019bf333	and	x6,x23,x25	 x23:0x80008c8a x25:0x00000000  x6=0x00000000
        4475000	       446	800008bc	504e8417	auipc	x8,0x504e8	  x8=0xd04e88b8
        4485000	       447	800008c0	018d9f13	slli	x30,x27,0x18	 x27:0x80009fc4 x30=0xc4000000
        4495000	       448	800008c4	cffaf493	andi	x9,x21,-769	 x21:0x00000007  x9=0x00000007
        4505000	       449	800008c8	00a86933	or	x18,x16,x10	 x16:0x2802c740 x10:0x00000000 x18=0x2802c740
        4515000	       450	800008cc	c5cf3493	sltiu	x9,x30,-932	 x30:0xc4000000  x9=0x00000001
        4525000	       451	800008d0	05e05663	bge	x0,x30,8000091c	  x0:0x00000000 x30:0xc4000000
        4535000	       452	00000000	00000013	addi	x0,x0,0	  x0:0x00000000
        4545000	       453	80000918	00000013	addi	x0,x0,0	  x0:0x00000000
        4555000	       454	8000091c	00d23833	sltu	x16,x4,x13	  x4:0x000232a9 x13:0x0000000e x16=0x00000000
        4565000	       455	80000920	7d59b813	sltiu	x16,x19,2005	 x19:0x00000005 x16=0x00000001
        4575000	       456	80000924	7aeb5517	auipc	x10,0x7aeb5	 x10=0xfaeb5920
        4585000	       457	80000928	0069ee63	bltu	x19,x6,80000944	 x19:0x00000005  x6:0x00000000
        4595000	       458	8000092c	dfd3ca93	xori	x21,x7,-515	  x7:0x00000000 x21=0xfffffdfd
        4605000	       459	80000930	00630863	beq	x6,x6,80000940	  x6:0x00000000  x6:0x00000000
        4615000	       460	00000000	00000013	addi	x0,x0,0	  x0:0x00000000
        4625000	       461	8000093c	00000013	addi	x0,x0,0	  x0:0x00000000
        4635000	       462	80000940	6540bc13	sltiu	x24,x1,1620	  x1:0x00000004 x24=0x00000001
        4645000	       463	80000944	05d5d263	bge	x11,x29,80000988	 x11:0x00023228 x29:0x80009f02
        4655000	       464	00000000	00000013	addi	x0,x0,0	  x0:0x00000000
        4665000	       465	80000984	00000013	addi	x0,x0,0	  x0:0x00000000
        4675000	       466	80000988	01252933	slt	x18,x10,x18	 x10:0xfaeb5920 x18:0x2802c740 x18=0x00000001
        4685000	       467	8000098c	00e39263	bne	x7,x14,80000990	  x7:0x00000000 x14:0x00000089
        4695000	       468	00000000	00000013	addi	x0,x0,0	  x0:0x00000000
        4705000	       469	8000098c	00000013	addi	x0,x0,0	  x0:0x00000000
        4715000	       470	80000990	03d2dc63	bge	x5,x29,800009c8	  x5:0xffffffff x29:0x80009f02
        4725000	       471	00000000	00000013	addi	x0,x0,0	  x0:0x00000000
        4735000	       472	800009c4	00000013	addi	x0,x0,0	  x0:0x00000000
        4745000	       473	800009c8	052c4663	blt	x24,x18,80000a14	 x24:0x00000001 x18:0x00000001
        4755000	       474	800009cc	007fb633	sltu	x12,x31,x7	 x31:0x80009f10  x7:0x00000000 x12=0x00000000
        4765000	       475	800009d0	00b11c93	slli	x25,x2,0xb	  x2:0x000005a1 x25=0x002d0800
        4775000	       476	800009d4	6d697a93	andi	x21,x18,1750	 x18:0x00000001 x21=0x00000000
        4785000	       477	800009d8	4199d193	srai	x3,x19,0x19	 x19:0x00000005  x3=0x00000000
        4795000	       478	800009dc	00000013	addi	x0,x0,0	  x0:0x00000000
        4805000	       479	800009e0	03bb5263	bge	x22,x27,80000a04	 x22:0x00000000 x27:0x80009fc4
        4815000	       480	00000000	00000013	addi	x0,x0,0	  x0:0x00000000
        4825000	       481	80000a00	00000013	addi	x0,x0,0	  x0:0x00000000
        4835000	       482	80000a04	01ecde63	bge	x25,x30,80000a20	 x25:0x002d0800 x30:0xc4000000
        4845000	       483	00000000	00000013	addi	x0,x0,0	  x0:0x00000000
        4855000	       484	80000a1c	00000013	addi	x0,x0,0	  x0:0x00000000
        4865000	       485	80000a20	2b8ba697	auipc	x13,0x2b8ba	 x13=0xab8baa1c
        4875000	       486	80000a24	01bf66b3	or	x13,x30,x27	 x30:0xc4000000 x27:0x80009fc4 x13=0xc4009fc4
        4885000	       487	80000a28	41485933	sra	x18,x16,x20	 x16:0x00000001 x20:0x00000004 x18=0x00000000
        4895000	       488	80000a2c	013cf463	bgeu	x25,x19,80000a34	 x25:0x002d0800 x19:0x00000005
        4905000	       489	00000000	00000013	addi	x0,x0,0	  x0:0x00000000
        4915000	       490	80000a30	00000013	addi	x0,x0,0	  x0:0x00000000
        4925000	       491	80000a34	04bf4663	blt	x30,x11,80000a80	 x30:0xc4000000 x11:0x00023228
        4935000	       492	00000000	00000013	addi	x0,x0,0	  x0:0x00000000
        4945000	       493	80000a7c	00000013	addi	x0,x0,0	  x0:0x00000000
        4955000	       494	80000a80	2e9f0b93	addi	x23,x30,745	 x30:0xc4000000 x23=0xc40002e9
        4965000	       495	80000a84	004fa083	lw	x1,4(x31)	 x31:0x80009f10  x1=0x80000ae8 PA:0x80009f14
        4975000	       496	80000a88	00f3f9b3	and	x19,x7,x15	  x7:0x00000000 x15:0x00000140 x19=0x00000000
        4985000	       497	80000a8c	00af6933	or	x18,x30,x10	 x30:0xc4000000 x10:0xfaeb5920 x18=0xfeeb5920
        4995000	       498	80000a90	040f8f93	addi	x31,x31,64	 x31:0x80009f10 x31=0x80009f50
        5005000	       499	80000a94	002105b3	add	x11,x2,x2	  x2:0x000005a1  x2:0x000005a1 x11=0x00000b42
        5015000	       500	80000a98	419e5913	srai	x18,x28,0x19	 x28:0x00000001 x18=0x00000000
        5025000	       501	80000a9c	00108613	addi	x12,x1,1	  x1:0x80000ae8 x12=0x80000ae9
        5035000	       502	80000aa0	00060667	jalr	x12,x12,0	 x12:0x80000ae9 x12=0x80000aa0
        5045000	       503	00000000	00000013	addi	x0,x0,0	  x0:0x00000000
        5055000	       504	80000ae8	00000013	addi	x0,x0,0	  x0:0x00000000
        5065000	       505	80000aec	00008917	auipc	x18,0x8	 x18=0x80008ae8
        5075000	       506	80000af0	0b690913	addi	x18,x18,182	 x18:0x80008ae8 x18=0x80008b9e
        5085000	       507	80000af4	00008717	auipc	x14,0x8	 x14=0x80008af0
        5095000	       508	80000af8	3d670713	addi	x14,x14,982	 x14:0x80008af0 x14=0x80008ec6
        5105000	       509	80000afc	00008817	auipc	x16,0x8	 x16=0x80008af8
        5115000	       510	80000b00	fb680813	addi	x16,x16,-74	 x16:0x80008af8 x16=0x80008aae
        5125000	       511	80000b04	00f94083	lbu	x1,15(x18)	 x18:0x80008b9e  x1=0x00000080 PA:0x80008bad
        5135000	       512	00000000	00000013	addi	x0,x0,0	  x0:0x00000000
        5145000	       513	80000b08	00008317	auipc	x6,0x8	  x6=0x80008b04
        5155000	       514	80000b0c	06430313	addi	x6,x6,100	  x6:0x80008b04  x6=0x80008b68
        5165000	       515	80000b10	fe584783	lbu	x15,-27(x16)	 x16:0x80008aae x15=0x00000000 PA:0x80008a93
        5175000	       516	80000b14	09e74603	lbu	x12,158(x14)	 x14:0x80008ec6 x12=0x00000023 PA:0x80008f64
        5185000	       517	80000b18	fce84883	lbu	x17,-50(x16)	 x16:0x80008aae x17=0x000000aa PA:0x80008a7c
        5195000	       518	80000b1c	f5871003	lh	x0,-168(x14)	 x14:0x80008ec6 PA:0x80008e1e
        5205000	       519	80000b20	00890123	sb	x8,2(x18)	 x18:0x80008b9e  x8:0xd04e88b8 PA:0x80008ba0
        5215000	       520	80000b24	00931823	sh	x9,16(x6)	  x6:0x80008b68  x9:0x00000001 PA:0x80008b78
        5225000	       521	80000b28	01a70223	sb	x26,4(x14)	 x14:0x80008ec6 x26:0x00000000 PA:0x80008eca
        5235000	       522	80000b2c	ffb30103	lb	x2,-5(x6)	  x6:0x80008b68  x2=0x0000003e PA:0x80008b63
        5245000	       523	80000b30	fda82103	lw	x2,-38(x16)	 x16:0x80008aae  x2=0x2c7982a3 PA:0x80008a88
        5255000	       524	80000b34	03184e83	lbu	x29,49(x16)	 x16:0x80008aae x29=0x0000001d PA:0x80008adf
        5265000	       525	80000b38	00530683	lb	x13,5(x6)	  x6:0x80008b68 x13=0xffffffec PA:0x80008b6d
        5275000	       526	80000b3c	018906a3	sb	x24,13(x18)	 x18:0x80008b9e x24:0x00000001 PA:0x80008bab
        5285000	       527	80000b40	f5770d03	lb	x26,-169(x14)	 x14:0x80008ec6 x26=0x0000005d PA:0x80008e1d
        5295000	       528	80000b44	ffb34e83	lbu	x29,-5(x6)	  x6:0x80008b68 x29=0x0000003e PA:0x80008b63
        5305000	       529	80000b48	f1a74b03	lbu	x22,-230(x14)	 x14:0x80008ec6 x22=0x000000f8 PA:0x80008de0
        5315000	       530	80000b4c	ff794683	lbu	x13,-9(x18)	 x18:0x80008b9e x13=0x00000003 PA:0x80008b95
        5325000	       531	80000b50	f7071e83	lh	x29,-144(x14)	 x14:0x80008ec6 x29=0x0000147b PA:0x80008e36
        5335000	       532	80000b54	ff491e03	lh	x28,-12(x18)	 x18:0x80008b9e x28=0x00000578 PA:0x80008b92
        5345000	       533	80000b58	00495203	lhu	x4,4(x18)	 x18:0x80008b9e  x4=0x0000deae PA:0x80008ba2
        5355000	       534	80000b5c	ff682a83	lw	x21,-10(x16)	 x16:0x80008aae x21=0x9866f0a5 PA:0x80008aa4
        5365000	       535	80000b60	fe672523	sw	x6,-22(x14)	 x14:0x80008ec6  x6:0x80008b68 PA:0x80008eb0
        5375000	       536	80000b64	fd681123	sh	x22,-62(x16)	 x16:0x80008aae x22:0x000000f8 PA:0x80008a70
        5385000	       537	80000b68	f1371f23	sh	x19,-226(x14)	 x14:0x80008ec6 x19:0x00000000 PA:0x80008de4
        5395000	       538	80000b6c	ff394503	lbu	x10,-13(x18)	 x18:0x80008b9e x10=0x0000008f PA:0x80008b91
        5405000	       539	80000b70	00d305a3	sb	x13,11(x6)	  x6:0x80008b68 x13:0x00000003 PA:0x80008b73
        5415000	       540	80000b74	01030423	sb	x16,8(x6)	  x6:0x80008b68 x16:0x80008aae PA:0x80008b70
        5425000	       541	80000b78	fca82c03	lw	x24,-54(x16)	 x16:0x80008aae x24=0xb6f9b352 PA:0x80008a78
        5435000	       542	80000b7c	fff34c03	lbu	x24,-1(x6)	  x6:0x80008b68 x24=0x00000070 PA:0x80008b67
        5445000	       543	00000000	00000013	addi	x0,x0,0	  x0:0x00000000
        5455000	       544	80000b80	01830523	sb	x24,10(x6)	  x6:0x80008b68 x24:0x00000070 PA:0x80008b72
        5465000	       545	80000b84	ff190483	lb	x9,-15(x18)	 x18:0x80008b9e  x9=0x00000035 PA:0x80008b8f
        5475000	       546	80000b88	ff831f03	lh	x30,-8(x6)	  x6:0x80008b68 x30=0xffffb649 PA:0x80008b60
        5485000	       547	80000b8c	fbd70a83	lb	x21,-67(x14)	 x14:0x80008ec6 x21=0x00000078 PA:0x80008e83
        5495000	       548	80000b90	fa475983	lhu	x19,-92(x14)	 x14:0x80008ec6 x19=0x00006e3f PA:0x80008e6a
        5505000	       549	80000b94	00008a97	auipc	x21,0x8	 x21=0x80008b90
        5515000	       550	80000b98	04fa8a93	addi	x21,x21,79	 x21:0x80008b90 x21=0x80008bdf
        5525000	       551	80000b9c	01531413	slli	x8,x6,0x15	  x6:0x80008b68  x8=0x6d000000
        5535000	       552	80000ba0	3e59bd13	sltiu	x26,x19,997	 x19:0x00006e3f x26=0x00000000
        5545000	       553	80000ba4	015d4833	xor	x16,x26,x21	 x26:0x00000000 x21:0x80008bdf x16=0x80008bdf
        5555000	       554	80000ba8	054a8ea3	sb	x20,93(x21)	 x21:0x80008bdf x20:0x00000004 PA:0x80008c3c
        5565000	       555	80000bac	f47ac883	lbu	x17,-185(x21)	 x21:0x80008bdf x17=0x000000a0 PA:0x80008b26
        5575000	       556	80000bb0	005f0833	add	x16,x30,x5	 x30:0xffffb649  x5:0xffffffff x16=0xffffb648
        5585000	       557	80000bb4	8d99f193	andi	x3,x19,-1831	 x19:0x00006e3f  x3=0x00006819
        5595000	       558	80000bb8	fd3adc83	lhu	x25,-45(x21)	 x21:0x80008bdf x25=0x00005941 PA:0x80008bb2
        5605000	       559	80000bbc	0dea8783	lb	x15,222(x21)	 x21:0x80008bdf x15=0x0000005a PA:0x80008cbd
        5615000	       560	80000bc0	0124fd33	and	x26,x9,x18	  x9:0x00000035 x18:0x80008b9e x26=0x00000014
        5625000	       561	80000bc4	002cdc93	srli	x25,x25,0x2	 x25:0x00005941 x25=0x00001650
        5635000	       562	80000bc8	006bc8b3	xor	x17,x23,x6	 x23:0xc40002e9  x6:0x80008b68 x17=0x44008981
        5645000	       563	80000bcc	acc9bd13	sltiu	x26,x19,-1332	 x19:0x00006e3f x26=0x00000001
        5655000	       564	80000bd0	f10a8a23	sb	x16,-236(x21)	 x21:0x80008bdf x16:0xffffb648 PA:0x80008af3
        5665000	       565	80000bd4	405ed833	sra	x16,x29,x5	 x29:0x0000147b  x5:0xffffffff x16=0x00000000
        5675000	       566	80000bd8	000e5cb3	srl	x25,x28,x0	 x28:0x00000578  x0:0x00000000 x25=0x00000578
        5685000	       567	80000bdc	ff6a8903	lb	x18,-10(x21)	 x21:0x80008bdf x18=0xffffffd1 PA:0x80008bd5
        5695000	       568	80000be0	008ac183	lbu	x3,8(x21)	 x21:0x80008bdf  x3=0x000000f4 PA:0x80008be7
        5705000	       569	80000be4	01c809b3	add	x19,x16,x28	 x16:0x00000000 x28:0x00000578 x19=0x00000578
        5715000	       570	80000be8	44fc3293	sltiu	x5,x24,1103	 x24:0x00000070  x5=0x00000001
        5725000	       571	80000bec	41edd613	srai	x12,x27,0x1e	 x27:0x80009fc4 x12=0xfffffffe
        5735000	       572	80000bf0	089a9ea3	sh	x9,157(x21)	 x21:0x80008bdf  x9:0x00000035 PA:0x80008c7c
        5745000	       573	80000bf4	0095d033	srl	x0,x11,x9	 x11:0x00000b42  x9:0x00000035
        5755000	       574	80000bf8	f62acf03	lbu	x30,-158(x21)	 x21:0x80008bdf x30=0x0000001b PA:0x80008b41
        5765000	       575	80000bfc	8bfe3793	sltiu	x15,x28,-1857	 x28:0x00000578 x15=0x00000001
        5775000	       576	80000c00	f44a8603	lb	x12,-188(x21)	 x21:0x80008bdf x12=0x00000057 PA:0x80008b23
        5785000	       577	80000c04	f6ba9103	lh	x2,-149(x21)	 x21:0x80008bdf  x2=0xffffd44e PA:0x80008b4a
        5795000	       578	80000c08	0006a033	slt	x0,x13,x0	 x13:0x00000003  x0:0x00000000
        5805000	       579	80000c0c	01f36033	or	x0,x6,x31	  x6:0x80008b68 x31:0x80009f50
        5815000	       580	80000c10	063a8e83	lb	x29,99(x21)	 x21:0x80008bdf x29=0x00000003 PA:0x80008c42
        5825000	       581	00000000	00000013	addi	x0,x0,0	  x0:0x00000000
        5835000	       582	80000c14	41d58c33	sub	x24,x11,x29	 x11:0x00000b42 x29:0x00000003 x24=0x00000b3f
        5845000	       583	80000c18	f54a8c03	lb	x24,-172(x21)	 x21:0x80008bdf x24=0x00000032 PA:0x80008b33
        5855000	       584	80000c1c	0adad703	lhu	x14,173(x21)	 x21:0x80008bdf x14=0x0000347e PA:0x80008c8c
        5865000	       585	00000000	00000013	addi	x0,x0,0	  x0:0x00000000
        5875000	       586	80000c20	00eb57b3	srl	x15,x22,x14	 x22:0x000000f8 x14:0x0000347e x15=0x00000000
        5885000	       587	80000c24	01bcb9b3	sltu	x19,x25,x27	 x25:0x00000578 x27:0x80009fc4 x19=0x00000001
        5895000	       588	80000c28	05bad183	lhu	x3,91(x21)	 x21:0x80008bdf  x3=0x00001dd8 PA:0x80008c3a
        5905000	       589	80000c2c	f6ea94a3	sh	x14,-151(x21)	 x21:0x80008bdf x14:0x0000347e PA:0x80008b48
        5915000	       590	80000c30	fcfa8983	lb	x19,-49(x21)	 x21:0x80008bdf x19=0x0000000c PA:0x80008bae
        5925000	       591	80000c34	f38ace03	lbu	x28,-200(x21)	 x21:0x80008bdf x28=0x00000000 PA:0x80008b17
        5935000	       592	80000c38	0e6a8283	lb	x5,230(x21)	 x21:0x80008bdf  x5=0xffffff85 PA:0x80008cc5
        5945000	       593	80000c3c	f77ad703	lhu	x14,-137(x21)	 x21:0x80008bdf x14=0x00005fa6 PA:0x80008b56
        5955000	       594	80000c40	f7ba8823	sb	x27,-144(x21)	 x21:0x80008bdf x27:0x80009fc4 PA:0x80008b4f
        5965000	       595	80000c44	020a8e23	sb	x0,60(x21)	 x21:0x80008bdf  x0:0x00000000 PA:0x80008c1b
        5975000	       596	80000c48	c6ae3593	sltiu	x11,x28,-918	 x28:0x00000000 x11=0x00000001
        5985000	       597	80000c4c	f4f54b13	xori	x22,x10,-177	 x10:0x0000008f x22=0xffffffc0
        5995000	       598	80000c50	f66ac183	lbu	x3,-154(x21)	 x21:0x80008bdf  x3=0x000000b8 PA:0x80008b45
        6005000	       599	80000c54	00810233	add	x4,x2,x8	  x2:0xffffd44e  x8:0x6d000000  x4=0x6cffd44e
        6015000	       600	80000c58	0b4acb03	lbu	x22,180(x21)	 x21:0x80008bdf x22=0x00000042 PA:0x80008c93
        6025000	       601	80000c5c	00008797	auipc	x15,0x8	 x15=0x80008c58
        6035000	       602	80000c60	e3378793	addi	x15,x15,-461	 x15:0x80008c58 x15=0x80008a8b
        6045000	       603	80000c64	4044d833	sra	x16,x9,x4	  x9:0x00000035  x4:0x6cffd44e x16=0x00000000
        6055000	       604	80000c68	018e21b3	slt	x3,x28,x24	 x28:0x00000000 x24:0x00000032  x3=0x00000001
        6065000	       605	80000c6c	e047c103	lbu	x2,-508(x15)	 x15:0x80008a8b  x2=0x0000003e PA:0x8000888f
        6075000	       606	80000c70	2ba7cb03	lbu	x22,698(x15)	 x15:0x80008a8b x22=0x000000ec PA:0x80008d45
        6085000	       607	80000c74	41c15093	srai	x1,x2,0x1c	  x2:0x0000003e  x1=0x00000000
        6095000	       608	80000c78	00000013	addi	x0,x0,0	  x0:0x00000000
        6105000	       609	80000c7c	013648b3	xor	x17,x12,x19	 x12:0x00000057 x19:0x0000000c x17=0x0000005b
        6115000	       610	80000c80	004a1d13	slli	x26,x20,0x4	 x20:0x00000004 x26=0x00000040
        6125000	       611	80000c84	00e221b3	slt	x3,x4,x14	  x4:0x6cffd44e x14:0x00005fa6  x3=0x00000000
        6135000	       612	80000c88	0327c703	lbu	x14,50(x15)	 x15:0x80008a8b x14=0x000000a4 PA:0x80008abd
        6145000	       613	80000c8c	41d3d313	srai	x6,x7,0x1d	  x7:0x00000000  x6=0x00000000
        6155000	       614	80000c90	01bc9e13	slli	x28,x25,0x1b	 x25:0x00000578 x28=0xc0000000
        6165000	       615	80000c94	9252b193	sltiu	x3,x5,-1755	  x5:0xffffff85  x3=0x00000000
        6175000	       616	80000c98	46779583	lh	x11,1127(x15)	 x15:0x80008a8b x11=0x0000589b PA:0x80008ef2
        6185000	       617	80000c9c	001ffe33	and	x28,x31,x1	 x31:0x80009f50  x1:0x00000000 x28=0x00000000
        6195000	       618	80000ca0	010416b3	sll	x13,x8,x16	  x8:0x6d000000 x16:0x00000000 x13=0x6d000000
        6205000	       619	80000ca4	01ce2833	slt	x16,x28,x28	 x28:0x00000000 x28:0x00000000 x16=0x00000000
        6215000	       620	80000ca8	4617ad03	lw	x26,1121(x15)	 x15:0x80008a8b x26=0x3a691caa PA:0x80008eec
        6225000	       621	80000cac	3b47cc83	lbu	x25,948(x15)	 x15:0x80008a8b x25=0x00000003 PA:0x80008e3f
        6235000	       622	80000cb0	00000013	addi	x0,x0,0	  x0:0x00000000
        6245000	       623	80000cb4	41f556b3	sra	x13,x10,x31	 x10:0x0000008f x31:0x80009f50 x13=0x00000000
        6255000	       624	80000cb8	0ec78283	lb	x5,236(x15)	 x15:0x80008a8b  x5=0xffffffb8 PA:0x80008b77
        6265000	       625	80000cbc	33878323	sb	x24,806(x15)	 x15:0x80008a8b x24:0x00000032 PA:0x80008db1
        6275000	       626	80000cc0	46f79b03	lh	x22,1135(x15)	 x15:0x80008a8b x22=0xffff9a53 PA:0x80008efa
        6285000	       627	80000cc4	418601b3	sub	x3,x12,x24	 x12:0x00000057 x24:0x00000032  x3=0x00000025
        6295000	       628	80000cc8	41cedd13	srai	x26,x29,0x1c	 x29:0x00000003 x26=0x00000000
        6305000	       629	80000ccc	01954733	xor	x14,x10,x25	 x10:0x0000008f x25:0x00000003 x14=0x0000008c
        6315000	       630	80000cd0	78738513	addi	x10,x7,1927	  x7:0x00000000 x10=0x00000787
        6325000	       631	80000cd4	00f1d393	srli	x7,x3,0xf	  x3:0x00000025  x7=0x00000000
        6335000	       632	80000cd8	003eda93	srli	x21,x29,0x3	 x29:0x00000003 x21=0x00000000
        6345000	       633	80000cdc	00bedb13	srli	x22,x29,0xb	 x29:0x00000003 x22=0x00000000
        6355000	       634	80000ce0	3d4794a3	sh	x20,969(x15)	 x15:0x80008a8b x20:0x00000004 PA:0x80008e54
        6365000	       635	80000ce4	f070e013	ori	x0,x1,-249	  x1:0x00000000
        6375000	       636	80000ce8	4a978823	sb	x9,1200(x15)	 x15:0x80008a8b  x9:0x00000035 PA:0x80008f3b
        6385000	       637	80000cec	0de78983	lb	x19,222(x15)	 x15:0x80008a8b x19=0x00000042 PA:0x80008b69
        6395000	       638	00000000	00000013	addi	x0,x0,0	  x0:0x00000000
        6405000	       639	80000cf0	d0898293	addi	x5,x19,-760	 x19:0x00000042  x5=0xfffffd4a
        6415000	       640	80000cf4	2de78e23	sb	x30,732(x15)	 x15:0x80008a8b x30:0x0000001b PA:0x80008d67
        6425000	       641	80000cf8	0997a883	lw	x17,153(x15)	 x15:0x80008a8b x17=0xcea0b3c9 PA:0x80008b24
        6435000	       642	80000cfc	01a7b433	sltu	x8,x15,x26	 x15:0x80008a8b x26:0x00000000  x8=0x00000000
        6445000	       643	80000d00	40a45093	srai	x1,x8,0xa	  x8:0x00000000  x1=0x00000000
        6455000	       644	80000d04	0000db13	srli	x22,x1,0x0	  x1:0x00000000 x22=0x00000000
        6465000	       645	80000d08	00819eb3	sll	x29,x3,x8	  x3:0x00000025  x8:0x00000000 x29=0x00000025
        6475000	       646	80000d0c	40efd313	srai	x6,x31,0xe	 x31:0x80009f50  x6=0xfffe0002
        6485000	       647	80000d10	01abc533	xor	x10,x23,x26	 x23:0xc40002e9 x26:0x00000000 x10=0xc40002e9
        6495000	       648	80000d14	5337ca83	lbu	x21,1331(x15)	 x15:0x80008a8b x21=0x00000075 PA:0x80008fbe
        6505000	       649	80000d18	f9378e83	lb	x29,-109(x15)	 x15:0x80008a8b x29=0x0000001f PA:0x80008a1e
        6515000	       650	80000d1c	48578003	lb	x0,1157(x15)	 x15:0x80008a8b PA:0x80008f10
        6525000	       651	80000d20	f4878c03	lb	x24,-184(x15)	 x15:0x80008a8b x24=0x00000078 PA:0x800089d3
        6535000	       652	80000d24	00008097	auipc	x1,0x8	  x1=0x80008d20
        6545000	       653	80000d28	91508093	addi	x1,x1,-1771	  x1:0x80008d20  x1=0x80008635
        6555000	       654	80000d2c	00007e17	auipc	x28,0x7	 x28=0x80007d28
        6565000	       655	80000d30	785e0e13	addi	x28,x28,1925	 x28:0x80007d28 x28=0x800084ad
        6575000	       656	80000d34	00007797	auipc	x15,0x7	 x15=0x80007d30
        6585000	       657	80000d38	64078793	addi	x15,x15,1600	 x15:0x80007d30 x15=0x80008370
        6595000	       658	80000d3c	00008117	auipc	x2,0x8	  x2=0x80008d38
        6605000	       659	80000d40	a5310113	addi	x2,x2,-1453	  x2:0x80008d38  x2=0x8000878b
        6615000	       660	80000d44	0947ae23	sw	x20,156(x15)	 x15:0x80008370 x20:0x00000004 PA:0x8000840c
        6625000	       661	80000d48	03ce4383	lbu	x7,60(x28)	 x28:0x800084ad  x7=0x000000ce PA:0x800084e9
        6635000	       662	80000d4c	02a78303	lb	x6,42(x15)	 x15:0x80008370  x6=0xffffffc1 PA:0x8000839a
        6645000	       663	80000d50	00008717	auipc	x14,0x8	 x14=0x80008d4c
        6655000	       664	80000d54	83170713	addi	x14,x14,-1999	 x14:0x80008d4c x14=0x8000857d
        6665000	       665	80000d58	f8878e23	sb	x8,-100(x15)	 x15:0x80008370  x8:0x00000000 PA:0x8000830c
        6675000	       666	80000d5c	d2b71903	lh	x18,-725(x14)	 x14:0x8000857d x18=0x00002149 PA:0x800082a8
        6685000	       667	80000d60	b9d0d283	lhu	x5,-1123(x1)	  x1:0x80008635  x5=0x000020aa PA:0x800081d2
        6695000	       668	80000d64	b2808f03	lb	x30,-1240(x1)	  x1:0x80008635 x30=0x00000038 PA:0x8000815d
        6705000	       669	80000d68	fd8e0503	lb	x10,-40(x28)	 x28:0x800084ad x10=0xffffffc5 PA:0x80008485
        6715000	       670	80000d6c	ffc108a3	sb	x28,-15(x2)	  x2:0x8000878b x28:0x800084ad PA:0x8000877c
        6725000	       671	80000d70	fc8e4603	lbu	x12,-56(x28)	 x28:0x800084ad x12=0x00000069 PA:0x80008475
        6735000	       672	80000d74	00510023	sb	x5,0(x2)	  x2:0x8000878b  x5:0x000020aa PA:0x8000878b
        6745000	       673	80000d78	bad74c03	lbu	x24,-1107(x14)	 x14:0x8000857d x24=0x00000030 PA:0x8000812a
        6755000	       674	80000d7c	01410223	sb	x20,4(x2)	  x2:0x8000878b x20:0x00000004 PA:0x8000878f
        6765000	       675	80000d80	167729a3	sw	x7,371(x14)	 x14:0x8000857d  x7:0x000000ce PA:0x800086f0
        6775000	       676	80000d84	f7679183	lh	x3,-138(x15)	 x15:0x80008370  x3=0xffffdd91 PA:0x800082e6
        6785000	       677	80000d88	00d10423	sb	x13,8(x2)	  x2:0x8000878b x13:0x00000000 PA:0x80008793
        6795000	       678	80000d8c	fc808483	lb	x9,-56(x1)	  x1:0x80008635  x9=0x0000006c PA:0x800085fd
        6805000	       679	80000d90	00115183	lhu	x3,1(x2)	  x2:0x8000878b  x3=0x000069e3 PA:0x8000878c
        6815000	       680	80000d94	012e4983	lbu	x19,18(x28)	 x28:0x800084ad x19=0x00000061 PA:0x800084bf
        6825000	       681	80000d98	f8f08383	lb	x7,-113(x1)	  x1:0x80008635  x7=0x00000017 PA:0x800085c4
        6835000	       682	80000d9c	fca08283	lb	x5,-54(x1)	  x1:0x80008635  x5=0xffffffe3 PA:0x800085ff
        6845000	       683	80000da0	ff4e4303	lbu	x6,-12(x28)	 x28:0x800084ad  x6=0x000000e1 PA:0x800084a1
        6855000	       684	80000da4	d1c71ea3	sh	x28,-739(x14)	 x14:0x8000857d x28:0x800084ad PA:0x8000829a
        6865000	       685	80000da8	de50d183	lhu	x3,-539(x1)	  x1:0x80008635  x3=0x0000265d PA:0x8000841a
        6875000	       686	80000dac	fa77c503	lbu	x10,-89(x15)	 x15:0x80008370 x10=0x000000ce PA:0x80008317
        6885000	       687	80000db0	026e0a23	sb	x6,52(x28)	 x28:0x800084ad  x6:0x000000e1 PA:0x800084e1
        6895000	       688	80000db4	fef10f23	sb	x15,-2(x2)	  x2:0x8000878b x15:0x80008370 PA:0x80008789
        6905000	       689	80000db8	02de1d03	lh	x26,45(x28)	 x28:0x800084ad x26=0x00006d4d PA:0x800084da
        6915000	       690	80000dbc	11e70503	lb	x10,286(x14)	 x14:0x8000857d x10=0x00000018 PA:0x8000869b
        6925000	       691	80000dc0	1620cc03	lbu	x24,354(x1)	  x1:0x80008635 x24=0x000000d0 PA:0x80008797
        6935000	       692	80000dc4	bdb087a3	sb	x27,-1073(x1)	  x1:0x80008635 x27:0x80009fc4 PA:0x80008204
        6945000	       693	80000dc8	0bf78403	lb	x8,191(x15)	 x15:0x80008370  x8=0xfffffff9 PA:0x8000842f
        6955000	       694	80000dcc	00c10823	sb	x12,16(x2)	  x2:0x8000878b x12:0x00000069 PA:0x8000879b
        6965000	       695	80000dd0	b4b0dd03	lhu	x26,-1205(x1)	  x1:0x80008635 x26=0x00004d03 PA:0x80008180
        6975000	       696	80000dd4	fe8e4383	lbu	x7,-24(x28)	 x28:0x800084ad  x7=0x0000009e PA:0x80008495
        6985000	       697	80000dd8	00912b83	lw	x23,9(x2)	  x2:0x8000878b x23=0xd089af3c PA:0x80008794
        6995000	       698	80000ddc	00a10d03	lb	x26,10(x2)	  x2:0x8000878b x26=0xffffffaf PA:0x80008795
        7005000	       699	80000de0	0200c883	lbu	x17,32(x1)	  x1:0x80008635 x17=0x00000087 PA:0x80008655
        7015000	       700	80000de4	ffd78b03	lb	x22,-3(x15)	 x15:0x80008370 x22=0x00000061 PA:0x8000836d
        7025000	       701	80000de8	00008397	auipc	x7,0x8	  x7=0x80008de4
        7035000	       702	80000dec	dd838393	addi	x7,x7,-552	  x7:0x80008de4  x7=0x80008bbc
        7045000	       703	80000df0	e7c38003	lb	x0,-388(x7)	  x7:0x80008bbc PA:0x80008a38
        7055000	       704	80000df4	e3638b83	lb	x23,-458(x7)	  x7:0x80008bbc x23=0x0000000f PA:0x800089f2
        7065000	       705	80000df8	00ef5f13	srli	x30,x30,0xe	 x30:0x00000038 x30=0x00000000
        7075000	       706	80000dfc	1fc3dc03	lhu	x24,508(x7)	  x7:0x80008bbc x24=0x0000a02e PA:0x80008db8
        7085000	       707	80000e00	1fc39903	lh	x18,508(x7)	  x7:0x80008bbc x18=0xffffa02e PA:0x80008db8
        7095000	       708	80000e04	1fc3db83	lhu	x23,508(x7)	  x7:0x80008bbc x23=0x0000a02e PA:0x80008db8
        7105000	       709	80000e08	41bfd513	srai	x10,x31,0x1b	 x31:0x80009f50 x10=0xfffffff0
        7115000	       710	80000e0c	2ef38e03	lb	x28,751(x7)	  x7:0x80008bbc x28=0x00000056 PA:0x80008eab
        7125000	       711	80000e10	2e0387a3	sb	x0,751(x7)	  x7:0x80008bbc  x0:0x00000000 PA:0x80008eab
        7135000	       712	80000e14	3e56de37	lui	x28,0x3e56d	 x28=0x3e56d000
        7145000	       713	80000e18	2f9387a3	sb	x25,751(x7)	  x7:0x80008bbc x25:0x00000003 PA:0x80008eab
        7155000	       714	80000e1c	2ef38d03	lb	x26,751(x7)	  x7:0x80008bbc x26=0x00000003 PA:0x80008eab
        7165000	       715	80000e20	2ef38a83	lb	x21,751(x7)	  x7:0x80008bbc x21=0x00000003 PA:0x80008eab
        7175000	       716	80000e24	00007697	auipc	x13,0x7	 x13=0x80007e20
        7185000	       717	80000e28	28868693	addi	x13,x13,648	 x13:0x80007e20 x13=0x800080a8
        7195000	       718	80000e2c	00007f17	auipc	x30,0x7	 x30=0x80007e28
        7205000	       719	80000e30	57df0f13	addi	x30,x30,1405	 x30:0x80007e28 x30=0x800083a5
        7215000	       720	80000e34	01ff0303	lb	x6,31(x30)	 x30:0x800083a5  x6=0x0000005c PA:0x800083c4
        7225000	       721	80000e38	ff06d103	lhu	x2,-16(x13)	 x13:0x800080a8  x2=0x00003f01 PA:0x80008098
        7235000	       722	80000e3c	00007e97	auipc	x29,0x7	 x29=0x80007e38
        7245000	       723	80000e40	644e8e93	addi	x29,x29,1604	 x29:0x80007e38 x29=0x8000847c
        7255000	       724	80000e44	067f1103	lh	x2,103(x30)	 x30:0x800083a5  x2=0x00000004 PA:0x8000840c
        7265000	       725	80000e48	fb5f4c03	lbu	x24,-75(x30)	 x30:0x800083a5 x24=0x000000c0 PA:0x8000835a
        7275000	       726	80000e4c	00b6c183	lbu	x3,11(x13)	 x13:0x800080a8  x3=0x00000054 PA:0x800080b3
        7285000	       727	80000e50	082f4983	lbu	x19,130(x30)	 x30:0x800083a5 x19=0x00000054 PA:0x80008427
        7295000	       728	80000e54	01ee9203	lh	x4,30(x29)	 x29:0x8000847c  x4=0x00000fea PA:0x8000849a
        7305000	       729	80000e58	fef69c23	sh	x15,-8(x13)	 x13:0x800080a8 x15:0x80008370 PA:0x800080a0
        7315000	       730	80000e5c	ff66c403	lbu	x8,-10(x13)	 x13:0x800080a8  x8=0x000000ea PA:0x8000809e
        7325000	       731	80000e60	fe6e9203	lh	x4,-26(x29)	 x29:0x8000847c  x4=0xffff89ed PA:0x80008462
        7335000	       732	80000e64	0096c983	lbu	x19,9(x13)	 x13:0x800080a8 x19=0x000000d1 PA:0x800080b1
        7345000	       733	80000e68	0c5f1ea3	sh	x5,221(x30)	 x30:0x800083a5  x5:0xffffffe3 PA:0x80008482
        7355000	       734	80000e6c	fbbf0ba3	sb	x27,-73(x30)	 x30:0x800083a5 x27:0x80009fc4 PA:0x8000835c
        7365000	       735	80000e70	ff8e8483	lb	x9,-8(x29)	 x29:0x8000847c  x9=0xffffffa1 PA:0x80008474
        7375000	       736	80000e74	ffd68903	lb	x18,-3(x13)	 x13:0x800080a8 x18=0xffffff84 PA:0x800080a5
        7385000	       737	80000e78	00ce85a3	sb	x12,11(x29)	 x29:0x8000847c x12:0x00000069 PA:0x80008487
        7395000	       738	80000e7c	fe7e8aa3	sb	x7,-11(x29)	 x29:0x8000847c  x7:0x80008bbc PA:0x80008471
        7405000	       739	80000e80	ff968d23	sb	x25,-6(x13)	 x13:0x800080a8 x25:0x00000003 PA:0x800080a2
        7415000	       740	80000e84	fc1eca83	lbu	x21,-63(x29)	 x29:0x8000847c x21=0x000000a0 PA:0x8000843d
        7425000	       741	80000e88	fcbe8403	lb	x8,-53(x29)	 x29:0x8000847c  x8=0x00000056 PA:0x80008447
        7435000	       742	80000e8c	ffaf0603	lb	x12,-6(x30)	 x30:0x800083a5 x12=0x00000075 PA:0x8000839f
        7445000	       743	80000e90	01be8a23	sb	x27,20(x29)	 x29:0x8000847c x27:0x80009fc4 PA:0x80008490
        7455000	       744	80000e94	ff068203	lb	x4,-16(x13)	 x13:0x800080a8  x4=0x00000001 PA:0x80008098
        7465000	       745	80000e98	ff9ece03	lbu	x28,-7(x29)	 x29:0x8000847c x28=0x00000069 PA:0x80008475
        7475000	       746	80000e9c	01a680a3	sb	x26,1(x13)	 x13:0x800080a8 x26:0x00000003 PA:0x800080a9
        7485000	       747	80000ea0	00008417	auipc	x8,0x8	  x8=0x80008e9c
        7495000	       748	80000ea4	ada40413	addi	x8,x8,-1318	  x8:0x80008e9c  x8=0x80008976
        7505000	       749	80000ea8	21e2cb13	xori	x22,x5,542	  x5:0xffffffe3 x22=0xfffffdfd
        7515000	       750	80000eac	9f3272b7	lui	x5,0x9f327	  x5=0x9f327000
        7525000	       751	80000eb0	bff38b93	addi	x23,x7,-1025	  x7:0x80008bbc x23=0x800087bb
        7535000	       752	80000eb4	01b41bb3	sll	x23,x8,x27	  x8:0x80008976 x27:0x80009fc4 x23=0x00089760
        7545000	       753	80000eb8	00344583	lbu	x11,3(x8)	  x8:0x80008976 x11=0x00000076 PA:0x80008979
        7555000	       754	80000ebc	ff045803	lhu	x16,-16(x8)	  x8:0x80008976 x16=0x00001396 PA:0x80008966
        7565000	       755	00000000	00000013	addi	x0,x0,0	  x0:0x00000000
        7575000	       756	80000ec0	01074833	xor	x16,x14,x16	 x14:0x8000857d x16:0x00001396 x16=0x800096eb
        7585000	       757	80000ec4	00030eb3	add	x29,x6,x0	  x6:0x0000005c  x0:0x00000000 x29=0x0000005c
        7595000	       758	80000ec8	f8626013	ori	x0,x4,-122	  x4:0x00000001
        7605000	       759	80000ecc	ffe40ca3	sb	x30,-7(x8)	  x8:0x80008976 x30:0x800083a5 PA:0x8000896f
        7615000	       760	80000ed0	00479093	slli	x1,x15,0x4	 x15:0x80008370  x1=0x00083700
        7625000	       761	80000ed4	15ec3c13	sltiu	x24,x24,350	 x24:0x000000c0 x24=0x00000001
        7635000	       762	80000ed8	019400a3	sb	x25,1(x8)	  x8:0x80008976 x25:0x00000003 PA:0x80008977
        7645000	       763	80000edc	d7302393	slti	x7,x0,-653	  x0:0x00000000  x7=0x00000000
        7655000	       764	80000ee0	017bd113	srli	x2,x23,0x17	 x23:0x00089760  x2=0x00000000
        7665000	       765	80000ee4	41bf5193	srai	x3,x30,0x1b	 x30:0x800083a5  x3=0xfffffff0
        7675000	       766	80000ee8	fe540823	sb	x5,-16(x8)	  x8:0x80008976  x5:0x9f327000 PA:0x80008966
        7685000	       767	80000eec	6188df37	lui	x30,0x6188d	 x30=0x6188d000
        7695000	       768	80000ef0	d1bd0d13	addi	x26,x26,-741	 x26:0x00000003 x26=0xfffffd1e
        7705000	       769	80000ef4	00440983	lb	x19,4(x8)	  x8:0x80008976 x19=0xffffffa6 PA:0x8000897a
        7715000	       770	80000ef8	00d44583	lbu	x11,13(x8)	  x8:0x80008976 x11=0x000000de PA:0x80008983
        7725000	       771	80000efc	00afc833	xor	x16,x31,x10	 x31:0x80009f50 x10:0xfffffff0 x16=0x7fff60a0
        7735000	       772	80000f00	00540703	lb	x14,5(x8)	  x8:0x80008976 x14=0xffffffde PA:0x8000897b
        7745000	       773	80000f04	407b8b33	sub	x22,x23,x7	 x23:0x00089760  x7:0x00000000 x22=0x00089760
        7755000	       774	80000f08	1de0ac13	slti	x24,x1,478	  x1:0x00083700 x24=0x00000000
        7765000	       775	80000f0c	00a8db33	srl	x22,x17,x10	 x17:0x00000087 x10:0xfffffff0 x22=0x00000000
        7775000	       776	80000f10	fec40ea3	sb	x12,-3(x8)	  x8:0x80008976 x12:0x00000075 PA:0x80008973
        7785000	       777	80000f14	ff041703	lh	x14,-16(x8)	  x8:0x80008976 x14=0x00001300 PA:0x80008966
        7795000	       778	80000f18	00d44e03	lbu	x28,13(x8)	  x8:0x80008976 x28=0x000000de PA:0x80008983
        7805000	       779	80000f1c	ff544283	lbu	x5,-11(x8)	  x8:0x80008976  x5=0x00000079 PA:0x8000896b
        7815000	       780	80000f20	013720b3	slt	x1,x14,x19	 x14:0x00001300 x19:0xffffffa6  x1=0x00000000
        7825000	       781	80000f24	58cc0c13	addi	x24,x24,1420	 x24:0x00000000 x24=0x0000058c
        7835000	       782	80000f28	41dddeb3	sra	x29,x27,x29	 x27:0x80009fc4 x29:0x0000005c x29=0xfffffff8
        7845000	       783	80000f2c	ff340683	lb	x13,-13(x8)	  x8:0x80008976 x13=0xffffff80 PA:0x80008969
        7855000	       784	80000f30	019cecb3	or	x25,x25,x25	 x25:0x00000003 x25:0x00000003 x25=0x00000003
        7865000	       785	80000f34	00540a83	lb	x21,5(x8)	  x8:0x80008976 x21=0xffffffde PA:0x8000897b
        7875000	       786	80000f38	ff241b83	lh	x23,-14(x8)	  x8:0x80008976 x23=0xffff807c PA:0x80008968
        7885000	       787	80000f3c	ff9409a3	sb	x25,-13(x8)	  x8:0x80008976 x25:0x00000003 PA:0x80008969
        7895000	       788	80000f40	00007117	auipc	x2,0x7	  x2=0x80007f3c
        7905000	       789	80000f44	29710113	addi	x2,x2,663	  x2:0x80007f3c  x2=0x800081d3
        7915000	       790	80000f48	0f711e83	lh	x29,247(x2)	  x2:0x800081d3 x29=0xffff871d PA:0x800082ca
        7925000	       791	80000f4c	fb414883	lbu	x17,-76(x2)	  x2:0x800081d3 x17=0x000000c0 PA:0x80008187
        7935000	       792	80000f50	f4c10f03	lb	x30,-180(x2)	  x2:0x800081d3 x30=0xfffffff9 PA:0x8000811f
        7945000	       793	80000f54	f4110623	sb	x1,-180(x2)	  x2:0x800081d3  x1:0x00000000 PA:0x8000811f
        7955000	       794	80000f58	01210b03	lb	x22,18(x2)	  x2:0x800081d3 x22=0x00000052 PA:0x800081e5
        7965000	       795	80000f5c	01b14783	lbu	x15,27(x2)	  x2:0x800081d3 x15=0x000000b6 PA:0x800081ee
        7975000	       796	80000f60	01b11403	lh	x8,27(x2)	  x2:0x800081d3  x8=0x000023b6 PA:0x800081ee
        7985000	       797	80000f64	06711583	lh	x11,103(x2)	  x2:0x800081d3 x11=0xfffff253 PA:0x8000823a
        7995000	       798	80000f68	05a10023	sb	x26,64(x2)	  x2:0x800081d3 x26:0xfffffd1e PA:0x80008213
        8005000	       799	80000f6c	07410683	lb	x13,116(x2)	  x2:0x800081d3 x13=0x00000020 PA:0x80008247
        8015000	       800	80000f70	07410283	lb	x5,116(x2)	  x2:0x800081d3  x5=0x00000020 PA:0x80008247
        8025000	       801	80000f74	06e10983	lb	x19,110(x2)	  x2:0x800081d3 x19=0xffffffb8 PA:0x80008241
        8035000	       802	80000f78	f9c10f03	lb	x30,-100(x2)	  x2:0x800081d3 x30=0x0000003b PA:0x8000816f
        8045000	       803	80000f7c	ff0122a3	sw	x16,-27(x2)	  x2:0x800081d3 x16:0x7fff60a0 PA:0x800081b8
        8055000	       804	80000f80	f4e10603	lb	x12,-178(x2)	  x2:0x800081d3 x12=0xffffffe4 PA:0x80008121
        8065000	       805	00000000	00000013	addi	x0,x0,0	  x0:0x00000000
        8075000	       806	80000f84	beb62e93	slti	x29,x12,-1045	 x12:0xffffffe4 x29=0x00000000
        8085000	       807	80000f88	fa412aa3	sw	x4,-75(x2)	  x2:0x800081d3  x4:0x00000001 PA:0x80008188
        8095000	       808	80000f8c	06010323	sb	x0,102(x2)	  x2:0x800081d3  x0:0x00000000 PA:0x80008239
        8105000	       809	80000f90	000e5713	srli	x14,x28,0x0	 x28:0x000000de x14=0x000000de
        8115000	       810	80000f94	fa210283	lb	x5,-94(x2)	  x2:0x800081d3  x5=0xffffffd9 PA:0x80008175
        8125000	       811	80000f98	00008517	auipc	x10,0x8	 x10=0x80008f94
        8135000	       812	80000f9c	b7250513	addi	x10,x10,-1166	 x10:0x80008f94 x10=0x80008b06
        8145000	       813	80000fa0	00008817	auipc	x16,0x8	 x16=0x80008f9c
        8155000	       814	80000fa4	d4d80813	addi	x16,x16,-691	 x16:0x80008f9c x16=0x80008ce9
        8165000	       815	80000fa8	00008b97	auipc	x23,0x8	 x23=0x80008fa4
        8175000	       816	80000fac	c3cb8b93	addi	x23,x23,-964	 x23:0x80008fa4 x23=0x80008be0
        8185000	       817	80000fb0	000bcd03	lbu	x26,0(x23)	 x23:0x80008be0 x26=0x0000008d PA:0x80008be0
        8195000	       818	80000fb4	ff780823	sb	x23,-16(x16)	 x16:0x80008ce9 x23:0x80008be0 PA:0x80008cd9
        8205000	       819	80000fb8	00008897	auipc	x17,0x8	 x17=0x80008fb4
        8215000	       820	80000fbc	9d288893	addi	x17,x17,-1582	 x17:0x80008fb4 x17=0x80008986
        8225000	       821	80000fc0	ff181783	lh	x15,-15(x16)	 x16:0x80008ce9 x15=0xfffffc8b PA:0x80008cda
        8235000	       822	80000fc4	0148c383	lbu	x7,20(x17)	 x17:0x80008986  x7=0x000000b2 PA:0x8000899a
        8245000	       823	80000fc8	ff180c83	lb	x25,-15(x16)	 x16:0x80008ce9 x25=0xffffff8b PA:0x80008cda
        8255000	       824	80000fcc	010bd783	lhu	x15,16(x23)	 x23:0x80008be0 x15=0x000091cf PA:0x80008bf0
        8265000	       825	80000fd0	f908af23	sw	x16,-98(x17)	 x17:0x80008986 x16:0x80008ce9 PA:0x80008924
        8275000	       826	80000fd4	005b8523	sb	x5,10(x23)	 x23:0x80008be0  x5:0xffffffd9 PA:0x80008bea
        8285000	       827	80000fd8	00554d03	lbu	x26,5(x10)	 x10:0x80008b06 x26=0x00000028 PA:0x80008b0b
        8295000	       828	80000fdc	00c51903	lh	x18,12(x10)	 x10:0x80008b06 x18=0x0000699b PA:0x80008b12
        8305000	       829	80000fe0	0f1883a3	sb	x17,231(x17)	 x17:0x80008986 x17:0x80008986 PA:0x80008a6d
        8315000	       830	80000fe4	fe681aa3	sh	x6,-11(x16)	 x16:0x80008ce9  x6:0x0000005c PA:0x80008cde
        8325000	       831	80000fe8	008bc683	lbu	x13,8(x23)	 x23:0x80008be0 x13=0x00000049 PA:0x80008be8
        8335000	       832	80000fec	fe150e23	sb	x1,-4(x10)	 x10:0x80008b06  x1:0x00000000 PA:0x80008b02
        8345000	       833	80000ff0	ff080a23	sb	x16,-12(x16)	 x16:0x80008ce9 x16:0x80008ce9 PA:0x80008cdd
        8355000	       834	80000ff4	00788ea3	sb	x7,29(x17)	 x17:0x80008986  x7:0x000000b2 PA:0x800089a3
        8365000	       835	80000ff8	011b9223	sh	x17,4(x23)	 x23:0x80008be0 x17:0x80008986 PA:0x80008be4
        8375000	       836	80000ffc	00e52903	lw	x18,14(x10)	 x10:0x80008b06 x18=0x00425791 PA:0x80008b14
        8385000	       837	80001000	015b84a3	sb	x21,9(x23)	 x23:0x80008be0 x21:0xffffffde PA:0x80008be9
        8395000	       838	80001004	ff880c23	sb	x24,-8(x16)	 x16:0x80008ce9 x24:0x0000058c PA:0x80008ce1
        8405000	       839	80001008	00ab80a3	sb	x10,1(x23)	 x23:0x80008be0 x10:0x80008b06 PA:0x80008be1
        8415000	       840	8000100c	01c502a3	sb	x28,5(x10)	 x10:0x80008b06 x28:0x000000de PA:0x80008b0b
        8425000	       841	80001010	ff1bc483	lbu	x9,-15(x23)	 x23:0x80008be0  x9=0x00000000 PA:0x80008bd1
        8435000	       842	80001014	00e80983	lb	x19,14(x16)	 x16:0x80008ce9 x19=0x00000037 PA:0x80008cf7
        8445000	       843	80001018	01fba423	sw	x31,8(x23)	 x23:0x80008be0 x31:0x80009f50 PA:0x80008be8
        8455000	       844	8000101c	00084103	lbu	x2,0(x16)	 x16:0x80008ce9  x2=0x00000054 PA:0x80008ce9
        8465000	       845	80001020	ff880783	lb	x15,-8(x16)	 x16:0x80008ce9 x15=0xffffff8c PA:0x80008ce1
        8475000	       846	80001024	05f88d03	lb	x26,95(x17)	 x17:0x80008986 x26=0x00000038 PA:0x800089e5
        8485000	       847	80001028	00008c97	auipc	x25,0x8	 x25=0x80009024
        8495000	       848	8000102c	ecfc8c93	addi	x25,x25,-305	 x25:0x80009024 x25=0x80008ef3
        8505000	       849	80001030	021cce83	lbu	x29,33(x25)	 x25:0x80008ef3 x29=0x00000021 PA:0x80008f14
        8515000	       850	80001034	41a65693	srai	x13,x12,0x1a	 x12:0xffffffe4 x13=0xffffffff
        8525000	       851	80001038	fe3cda83	lhu	x21,-29(x25)	 x25:0x80008ef3 x21=0x00007ab5 PA:0x80008ed6
        8535000	       852	8000103c	fe3cc503	lbu	x10,-29(x25)	 x25:0x80008ef3 x10=0x000000b5 PA:0x80008ed6
        8545000	       853	80001040	01dcae03	lw	x28,29(x25)	 x25:0x80008ef3 x28=0xc251fbd8 PA:0x80008f10
        8555000	       854	00000000	00000013	addi	x0,x0,0	  x0:0x00000000
        8565000	       855	80001044	fdcc8983	lb	x19,-36(x25)	 x25:0x80008ef3 x19=0xfffffff4 PA:0x80008ecf
        8575000	       856	80001048	fdccc083	lbu	x1,-36(x25)	 x25:0x80008ef3  x1=0x000000f4 PA:0x80008ecf
        8585000	       857	8000104c	fefc9483	lh	x9,-17(x25)	 x25:0x80008ef3  x9=0xfffff16f PA:0x80008ee2
        8595000	       858	80001050	026cc983	lbu	x19,38(x25)	 x25:0x80008ef3 x19=0x00000038 PA:0x80008f19
        8605000	       859	80001054	026ccb03	lbu	x22,38(x25)	 x25:0x80008ef3 x22=0x00000038 PA:0x80008f19
        8615000	       860	80001058	fe8c8923	sb	x8,-14(x25)	 x25:0x80008ef3  x8:0x000023b6 PA:0x80008ee5
        8625000	       861	8000105c	fcec8e03	lb	x28,-50(x25)	 x25:0x80008ef3 x28=0xffffff8a PA:0x80008ec1
        8635000	       862	80001060	032c8203	lb	x4,50(x25)	 x25:0x80008ef3  x4=0x00000000 PA:0x80008f25
        8645000	       863	80001064	fffcc383	lbu	x7,-1(x25)	 x25:0x80008ef3  x7=0x0000009b PA:0x80008ef2
        8655000	       864	80001068	4467af17	auipc	x30,0x4467a	 x30=0xc467b064
        8665000	       865	8000106c	00bc1193	slli	x3,x24,0xb	 x24:0x0000058c  x3=0x002c6000
        8675000	       866	80001070	ff9c9fa3	sh	x25,-1(x25)	 x25:0x80008ef3 x25:0x80008ef3 PA:0x80008ef2
        8685000	       867	80001074	ff3c9983	lh	x19,-13(x25)	 x25:0x80008ef3 x19=0xffffc0ff PA:0x80008ee6
        8695000	       868	80001078	009c8da3	sb	x9,27(x25)	 x25:0x80008ef3  x9:0xfffff16f PA:0x80008f0e
        8705000	       869	8000107c	fd8c8183	lb	x3,-40(x25)	 x25:0x80008ef3  x3=0x00000058 PA:0x80008ecb
        8715000	       870	80001080	fd8c8283	lb	x5,-40(x25)	 x25:0x80008ef3  x5=0x00000058 PA:0x80008ecb
        8725000	       871	80001084	00008697	auipc	x13,0x8	 x13=0x80009080
        8735000	       872	80001088	9fc68693	addi	x13,x13,-1540	 x13:0x80009080 x13=0x80008a7c
        8745000	       873	8000108c	55ddfd13	andi	x26,x27,1373	 x27:0x80009fc4 x26=0x00000544
        8755000	       874	80001090	ff36ce83	lbu	x29,-13(x13)	 x13:0x80008a7c x29=0x00000042 PA:0x80008a6f
        8765000	       875	80001094	ff368fa3	sb	x19,-1(x13)	 x13:0x80008a7c x19:0xffffc0ff PA:0x80008a7b
        8775000	       876	80001098	6b46b713	sltiu	x14,x13,1716	 x13:0x80008a7c x14=0x00000000
        8785000	       877	8000109c	00b6c583	lbu	x11,11(x13)	 x13:0x80008a7c x11=0x00000088 PA:0x80008a87
        8795000	       878	800010a0	0016c383	lbu	x7,1(x13)	 x13:0x80008a7c  x7=0x000000e9 PA:0x80008a7d
        8805000	       879	800010a4	00155bb3	srl	x23,x10,x1	 x10:0x000000b5  x1:0x000000f4 x23=0x00000000
        8815000	       880	800010a8	01a89413	slli	x8,x17,0x1a	 x17:0x80008986  x8=0x18000000
        8825000	       881	800010ac	ff26a823	sw	x18,-16(x13)	 x13:0x80008a7c x18:0x00425791 PA:0x80008a6c
        8835000	       882	800010b0	0076c083	lbu	x1,7(x13)	 x13:0x80008a7c  x1=0x00000010 PA:0x80008a83
        8845000	       883	800010b4	ff368c83	lb	x25,-13(x13)	 x13:0x80008a7c x25=0x00000000 PA:0x80008a6f
        8855000	       884	800010b8	6055a297	auipc	x5,0x6055a	  x5=0xe055b0b4
        8865000	       885	800010bc	006683a3	sb	x6,7(x13)	 x13:0x80008a7c  x6:0x0000005c PA:0x80008a83
        8875000	       886	800010c0	00f6c003	lbu	x0,15(x13)	 x13:0x80008a7c PA:0x80008a8b
        8885000	       887	800010c4	ff368383	lb	x7,-13(x13)	 x13:0x80008a7c  x7=0x00000000 PA:0x80008a6f
        8895000	       888	800010c8	00e68e03	lb	x28,14(x13)	 x13:0x80008a7c x28=0x00000079 PA:0x80008a8a
        8905000	       889	800010cc	0036ce03	lbu	x28,3(x13)	 x13:0x80008a7c x28=0x00000018 PA:0x80008a7f
        8915000	       890	800010d0	c6ed7c93	andi	x25,x26,-914	 x26:0x00000544 x25=0x00000444
        8925000	       891	800010d4	01034eb3	xor	x29,x6,x16	  x6:0x0000005c x16:0x80008ce9 x29=0x80008cb5
        8935000	       892	800010d8	4171d9b3	sra	x19,x3,x23	  x3:0x00000058 x23:0x00000000 x19=0x00000058
        8945000	       893	800010dc	01a68823	sb	x26,16(x13)	 x13:0x80008a7c x26:0x00000544 PA:0x80008a8c
        8955000	       894	800010e0	41f95793	srai	x15,x18,0x1f	 x18:0x00425791 x15=0x00000000
        8965000	       895	800010e4	c694f513	andi	x10,x9,-919	  x9:0xfffff16f x10=0xfffff069
        8975000	       896	800010e8	01969223	sh	x25,4(x13)	 x13:0x80008a7c x25:0x00000444 PA:0x80008a80
        8985000	       897	800010ec	0056cb03	lbu	x22,5(x13)	 x13:0x80008a7c x22=0x00000004 PA:0x80008a81
        8995000	       898	800010f0	7cc6f793	andi	x15,x13,1996	 x13:0x80008a7c x15=0x0000024c
        9005000	       899	800010f4	40280f33	sub	x30,x16,x2	 x16:0x80008ce9  x2:0x00000054 x30=0x80008c95
        9015000	       900	800010f8	a1b0ab37	lui	x22,0xa1b0a	 x22=0xa1b0a000
        9025000	       901	800010fc	009b58b3	srl	x17,x22,x9	 x22:0xa1b0a000  x9:0xfffff16f x17=0x00014361
        9035000	       902	80001100	ff068283	lb	x5,-16(x13)	 x13:0x80008a7c  x5=0xffffff91 PA:0x80008a6c
        9045000	       903	00000000	00000013	addi	x0,x0,0	  x0:0x00000000
        9055000	       904	80001104	01029117	auipc	x2,0x1029	  x2=0x8102a100
        9065000	       905	80001108	b790e517	auipc	x10,0xb790e	 x10=0x3790f104
        9075000	       906	8000110c	ff869783	lh	x15,-8(x13)	 x13:0x80008a7c x15=0xffff89f5 PA:0x80008a74
        9085000	       907	80001110	ff26d283	lhu	x5,-14(x13)	 x13:0x80008a7c  x5=0x00000042 PA:0x80008a6e
        9095000	       908	80001114	ff568f03	lb	x30,-11(x13)	 x13:0x80008a7c x30=0x00000000 PA:0x80008a71
        9105000	       909	80001118	ffc6dc03	lhu	x24,-4(x13)	 x13:0x80008a7c x24=0x0000b352 PA:0x80008a78
        9115000	       910	8000111c	01f35713	srli	x14,x6,0x1f	  x6:0x0000005c x14=0x00000000
        9125000	       911	80001120	016292b3	sll	x5,x5,x22	  x5:0x00000042 x22:0xa1b0a000  x5=0x00000042
        9135000	       912	80001124	0043d3b3	srl	x7,x7,x4	  x7:0x00000000  x4:0x00000000  x7=0x00000000
        9145000	       913	80001128	fea69f23	sh	x10,-2(x13)	 x13:0x80008a7c x10:0x3790f104 PA:0x80008a7a
        9155000	       914	8000112c	00b68a83	lb	x21,11(x13)	 x13:0x80008a7c x21=0xffffff88 PA:0x80008a87
        9165000	       915	80001130	ff86da83	lhu	x21,-8(x13)	 x13:0x80008a7c x21=0x000089f5 PA:0x80008a74
        9175000	       916	80001134	018c59b3	srl	x19,x24,x24	 x24:0x0000b352 x24:0x0000b352 x19=0x00000000
        9185000	       917	80001138	0096ca83	lbu	x21,9(x13)	 x13:0x80008a7c x21=0x00000015 PA:0x80008a85
        9195000	       918	8000113c	00d51eb3	sll	x29,x10,x13	 x10:0x3790f104 x13:0x80008a7c x29=0x40000000
        9205000	       919	80001140	00000013	addi	x0,x0,0	  x0:0x00000000
        9215000	       920	80001144	ff668aa3	sb	x22,-11(x13)	 x13:0x80008a7c x22:0xa1b0a000 PA:0x80008a71
        9225000	       921	80001148	00968583	lb	x11,9(x13)	 x13:0x80008a7c x11=0x00000015 PA:0x80008a85
        9235000	       922	8000114c	ff86db83	lhu	x23,-8(x13)	 x13:0x80008a7c x23=0x000089f5 PA:0x80008a74
        9245000	       923	80001150	2f0ae813	ori	x16,x21,752	 x21:0x00000015 x16=0x000002f5
        9255000	       924	80001154	01019033	sll	x0,x3,x16	  x3:0x00000058 x16:0x000002f5
        9265000	       925	80001158	41c7dab3	sra	x21,x15,x28	 x15:0xffff89f5 x28:0x00000018 x21=0xffffffff
        9275000	       926	8000115c	ff96c503	lbu	x10,-7(x13)	 x13:0x80008a7c x10=0x00000089 PA:0x80008a75
        9285000	       927	80001160	0106d103	lhu	x2,16(x13)	 x13:0x80008a7c  x2=0x0000c044 PA:0x80008a8c
        9295000	       928	80001164	ffd6cc03	lbu	x24,-3(x13)	 x13:0x80008a7c x24=0x000000b3 PA:0x80008a79
        9305000	       929	80001168	00008b17	auipc	x22,0x8	 x22=0x80009164
        9315000	       930	8000116c	90fb0b13	addi	x22,x22,-1777	 x22:0x80009164 x22=0x80008a73
        9325000	       931	80001170	00008e97	auipc	x29,0x8	 x29=0x8000916c
        9335000	       932	80001174	ae8e8e93	addi	x29,x29,-1304	 x29:0x8000916c x29=0x80008c54
        9345000	       933	80001178	00008617	auipc	x12,0x8	 x12=0x80009174
        9355000	       934	8000117c	a1660613	addi	x12,x12,-1514	 x12:0x80009174 x12=0x80008b8a
        9365000	       935	80001180	f49ec183	lbu	x3,-183(x29)	 x29:0x80008c54  x3=0x000000a6 PA:0x80008b9d
        9375000	       936	80001184	036b1ea3	sh	x22,61(x22)	 x22:0x80008a73 x22:0x80008a73 PA:0x80008ab0
        9385000	       937	80001188	028b4e03	lbu	x28,40(x22)	 x22:0x80008a73 x28=0x000000d9 PA:0x80008a9b
        9395000	       938	8000118c	11de8503	lb	x10,285(x29)	 x29:0x80008c54 x10=0x0000007a PA:0x80008d71
        9405000	       939	80001190	f70ea103	lw	x2,-144(x29)	 x29:0x80008c54  x2=0xa280b38e PA:0x80008bc4
        9415000	       940	80001194	fe461483	lh	x9,-28(x12)	 x12:0x80008b8a  x9=0xfffff395 PA:0x80008b6e
        9425000	       941	80001198	0b9e86a3	sb	x25,173(x29)	 x29:0x80008c54 x25:0x00000444 PA:0x80008d01
        9435000	       942	8000119c	fccb0023	sb	x12,-64(x22)	 x22:0x80008a73 x12:0x80008b8a PA:0x80008a33
        9445000	       943	800011a0	ebfea423	sw	x31,-344(x29)	 x29:0x80008c54 x31:0x80009f50 PA:0x80008afc
        9455000	       944	800011a4	07364303	lbu	x6,115(x12)	 x12:0x80008b8a  x6=0x0000002e PA:0x80008bfd
        9465000	       945	800011a8	08164583	lbu	x11,129(x12)	 x12:0x80008b8a x11=0x000000df PA:0x80008c0b
        9475000	       946	800011ac	fd2b4583	lbu	x11,-46(x22)	 x22:0x80008a73 x11=0x000000c6 PA:0x80008a45
        9485000	       947	00000000	00000013	addi	x0,x0,0	  x0:0x00000000
        9495000	       948	800011b0	ccbe82a3	sb	x11,-827(x29)	 x29:0x80008c54 x11:0x000000c6 PA:0x80008919
        9505000	       949	800011b4	df5e8c83	lb	x25,-523(x29)	 x29:0x80008c54 x25=0x00000006 PA:0x80008a49
        9515000	       950	00000000	00000013	addi	x0,x0,0	  x0:0x00000000
        9525000	       951	800011b8	45960223	sb	x25,1092(x12)	 x12:0x80008b8a x25:0x00000006 PA:0x80008fce
        9535000	       952	800011bc	cbce8623	sb	x28,-852(x29)	 x29:0x80008c54 x28:0x000000d9 PA:0x80008900
        9545000	       953	800011c0	01eb0483	lb	x9,30(x22)	 x22:0x80008a73  x9=0x00000000 PA:0x80008a91
        9555000	       954	800011c4	ff2b4383	lbu	x7,-14(x22)	 x22:0x80008a73  x7=0x000000c2 PA:0x80008a65
        9565000	       955	800011c8	e35e8d23	sb	x21,-454(x29)	 x29:0x80008c54 x21:0xffffffff PA:0x80008a8e
        9575000	       956	800011cc	27d64883	lbu	x17,637(x12)	 x12:0x80008b8a x17=0x00000079 PA:0x80008e07
        9585000	       957	800011d0	e1964d03	lbu	x26,-487(x12)	 x12:0x80008b8a x26=0x000000b2 PA:0x800089a3
        9595000	       958	800011d4	00008117	auipc	x2,0x8	  x2=0x800091d0
        9605000	       959	800011d8	bdc10113	addi	x2,x2,-1060	  x2:0x800091d0  x2=0x80008dac
        9615000	       960	800011dc	cd8ca413	slti	x8,x25,-808	 x25:0x00000006  x8=0x00000000
        9625000	       961	800011e0	01611b03	lh	x22,22(x2)	  x2:0x80008dac x22=0x00006d16 PA:0x80008dc2
        9635000	       962	800011e4	00621233	sll	x4,x4,x6	  x4:0x00000000  x6:0x0000002e  x4=0x00000000
        9645000	       963	800011e8	01610983	lb	x19,22(x2)	  x2:0x80008dac x19=0x00000016 PA:0x80008dc2
        9655000	       964	800011ec	00973933	sltu	x18,x14,x9	 x14:0x00000000  x9:0x00000000 x18=0x00000000
        9665000	       965	800011f0	00b11b23	sh	x11,22(x2)	  x2:0x80008dac x11:0x000000c6 PA:0x80008dc2
        9675000	       966	800011f4	01611283	lh	x5,22(x2)	  x2:0x80008dac  x5=0x000000c6 PA:0x80008dc2
        9685000	       967	800011f8	01610703	lb	x14,22(x2)	  x2:0x80008dac x14=0xffffffc6 PA:0x80008dc2
        9695000	       968	800011fc	fbb10aa3	sb	x27,-75(x2)	  x2:0x80008dac x27:0x80009fc4 PA:0x80008d61
        9705000	       969	80001200	c452a513	slti	x10,x5,-955	  x5:0x000000c6 x10=0x00000000
        9715000	       970	80001204	fb510403	lb	x8,-75(x2)	  x2:0x80008dac  x8=0xffffffc4 PA:0x80008d61
        9725000	       971	80001208	fad10a83	lb	x21,-83(x2)	  x2:0x80008dac x21=0xfffffff3 PA:0x80008d59
        9735000	       972	8000120c	00dbe9b3	or	x19,x23,x13	 x23:0x000089f5 x13:0x80008a7c x19=0x80008bfd
        9745000	       973	80001210	01114703	lbu	x14,17(x2)	  x2:0x80008dac x14=0x000000d6 PA:0x80008dbd
        9755000	       974	80001214	001318b3	sll	x17,x6,x1	  x6:0x0000002e  x1:0x00000010 x17=0x002e0000
        9765000	       975	80001218	00b108a3	sb	x11,17(x2)	  x2:0x80008dac x11:0x000000c6 PA:0x80008dbd
        9775000	       976	8000121c	00008297	auipc	x5,0x8	  x5=0x80009218
        9785000	       977	80001220	94228293	addi	x5,x5,-1726	  x5:0x80009218  x5=0x80008b5a
        9795000	       978	80001224	fd028a23	sb	x16,-44(x5)	  x5:0x80008b5a x16:0x000002f5 PA:0x80008b2e
        9805000	       979	80001228	fd528a23	sb	x21,-44(x5)	  x5:0x80008b5a x21:0xfffffff3 PA:0x80008b2e
        9815000	       980	8000122c	fd428383	lb	x7,-44(x5)	  x5:0x80008b5a  x7=0xfffffff3 PA:0x80008b2e
        9825000	       981	80001230	fd42c903	lbu	x18,-44(x5)	  x5:0x80008b5a x18=0x000000f3 PA:0x80008b2e
        9835000	       982	80001234	01728ba3	sb	x23,23(x5)	  x5:0x80008b5a x23:0x000089f5 PA:0x80008b71
        9845000	       983	80001238	0172c803	lbu	x16,23(x5)	  x5:0x80008b5a x16=0x000000f5 PA:0x80008b71
        9855000	       984	8000123c	0172cf03	lbu	x30,23(x5)	  x5:0x80008b5a x30=0x000000f5 PA:0x80008b71
        9865000	       985	80001240	019a7333	and	x6,x20,x25	 x20:0x00000004 x25:0x00000006  x6=0x00000004
        9875000	       986	80001244	0172c403	lbu	x8,23(x5)	  x5:0x80008b5a  x8=0x000000f5 PA:0x80008b71
        9885000	       987	80001248	00628ba3	sb	x6,23(x5)	  x5:0x80008b5a  x6:0x00000004 PA:0x80008b71
        9895000	       988	8000124c	0172cd03	lbu	x26,23(x5)	  x5:0x80008b5a x26=0x00000004 PA:0x80008b71
        9905000	       989	80001250	01728103	lb	x2,23(x5)	  x5:0x80008b5a  x2=0x00000004 PA:0x80008b71
        9915000	       990	80001254	01728183	lb	x3,23(x5)	  x5:0x80008b5a  x3=0x00000004 PA:0x80008b71
        9925000	       991	80001258	01328ba3	sb	x19,23(x5)	  x5:0x80008b5a x19:0x80008bfd PA:0x80008b71
        9935000	       992	8000125c	01728103	lb	x2,23(x5)	  x5:0x80008b5a  x2=0xfffffffd PA:0x80008b71
        9945000	       993	80001260	014df833	and	x16,x27,x20	 x27:0x80009fc4 x20:0x00000004 x16=0x00000004
        9955000	       994	80001264	0172c403	lbu	x8,23(x5)	  x5:0x80008b5a  x8=0x000000fd PA:0x80008b71
        9965000	       995	80001268	00008597	auipc	x11,0x8	 x11=0x80009264
        9975000	       996	8000126c	d5658593	addi	x11,x11,-682	 x11:0x80009264 x11=0x80008fba
        9985000	       997	80001270	a9a04f13	xori	x30,x0,-1382	  x0:0x00000000 x30=0xfffffa9a
        9995000	       998	80001274	41abde13	srai	x28,x23,0x1a	 x23:0x000089f5 x28=0x00000000
       10005000	       999	80001278	f490af13	slti	x30,x1,-183	  x1:0x00000010 x30=0x00000000
       10015000	      1000	8000127c	4209ef13	ori	x30,x19,1056	 x19:0x80008bfd x30=0x80008ffd
       10025000	      1001	80001280	d1d5c983	lbu	x19,-739(x11)	 x11:0x80008fba x19=0x000000d8 PA:0x80008cd7
       10035000	      1002	80001284	00e6e4b3	or	x9,x13,x14	 x13:0x80008a7c x14:0x000000d6  x9=0x80008afe
       10045000	      1003	80001288	003083b3	add	x7,x1,x3	  x1:0x00000010  x3:0x00000004  x7=0x00000014
       10055000	      1004	8000128c	66eb3613	sltiu	x12,x22,1646	 x22:0x00006d16 x12=0x00000000
       10065000	      1005	80001290	01beb3b3	sltu	x7,x29,x27	 x29:0x80008c54 x27:0x80009fc4  x7=0x00000001
       10075000	      1006	80001294	401c8c33	sub	x24,x25,x1	 x25:0x00000006  x1:0x00000010 x24=0xfffffff6
       10085000	      1007	80001298	73888813	addi	x16,x17,1848	 x17:0x002e0000 x16=0x002e0738
       10095000	      1008	8000129c	f415c003	lbu	x0,-191(x11)	 x11:0x80008fba PA:0x80008efb
       10105000	      1009	800012a0	411757b3	sra	x15,x14,x17	 x14:0x000000d6 x17:0x002e0000 x15=0x000000d6
       10115000	      1010	800012a4	e5559f23	sh	x21,-418(x11)	 x11:0x80008fba x21:0xfffffff3 PA:0x80008e18
       10125000	      1011	800012a8	cb133937	lui	x18,0xcb133	 x18=0xcb133000
       10135000	      1012	800012ac	cef58b23	sb	x15,-778(x11)	 x11:0x80008fba x15:0x000000d6 PA:0x80008cb0
       10145000	      1013	800012b0	00d2dbb3	srl	x23,x5,x13	  x5:0x80008b5a x13:0x80008a7c x23=0x00000008
       10155000	      1014	800012b4	b1efe193	ori	x3,x31,-1250	 x31:0x80009f50  x3=0xffffff5e
       10165000	      1015	800012b8	07c17a93	andi	x21,x2,124	  x2:0xfffffffd x21=0x0000007c
       10175000	      1016	800012bc	db858523	sb	x24,-598(x11)	 x11:0x80008fba x24:0xfffffff6 PA:0x80008d64
       10185000	      1017	800012c0	01c38bb3	add	x23,x7,x28	  x7:0x00000001 x28:0x00000000 x23=0x00000001
       10195000	      1018	800012c4	000b37b3	sltu	x15,x22,x0	 x22:0x00006d16  x0:0x00000000 x15=0x00000000
       10205000	      1019	800012c8	01864433	xor	x8,x12,x24	 x12:0x00000000 x24:0xfffffff6  x8=0xfffffff6
       10215000	      1020	800012cc	4033d893	srai	x17,x7,0x3	  x7:0x00000001 x17=0x00000000
       10225000	      1021	800012d0	d3258003	lb	x0,-718(x11)	 x11:0x80008fba PA:0x80008cec
       10235000	      1022	800012d4	b8158483	lb	x9,-1151(x11)	 x11:0x80008fba  x9=0xffffffa4 PA:0x80008b3b
       10245000	      1023	800012d8	00000013	addi	x0,x0,0	  x0:0x00000000
       10255000	      1024	800012dc	b7158883	lb	x17,-1167(x11)	 x11:0x80008fba x17=0xffffffed PA:0x80008b2b
       10265000	      1025	800012e0	01050333	add	x6,x10,x16	 x10:0x00000000 x16:0x002e0738  x6=0x002e0738
       10275000	      1026	800012e4	67eb0993	addi	x19,x22,1662	 x22:0x00006d16 x19=0x00007394
       10285000	      1027	800012e8	ec059983	lh	x19,-320(x11)	 x11:0x80008fba x19=0xffff8a9b PA:0x80008e7a
       10295000	      1028	800012ec	5a74a393	slti	x7,x9,1447	  x9:0xffffffa4  x7=0x00000001
       10305000	      1029	800012f0	030beb13	ori	x22,x23,48	 x23:0x00000001 x22=0x00000031
       10315000	      1030	800012f4	99b5c083	lbu	x1,-1637(x11)	 x11:0x80008fba  x1=0x000000bc PA:0x80008955
       10325000	      1031	00000000	00000013	addi	x0,x0,0	  x0:0x00000000
       10335000	      1032	800012f8	001cd893	srli	x17,x25,0x1	 x25:0x00000006 x17=0x00000003
       10345000	      1033	800012fc	9d1d65b7	lui	x11,0x9d1d6	 x11=0x9d1d6000
       10355000	      1034	80001300	01ca1913	slli	x18,x20,0x1c	 x20:0x00000004 x18=0x40000000
       10365000	      1035	80001304	40da5b13	srai	x22,x20,0xd	 x20:0x00000004 x22=0x00000000
       10375000	      1036	80001308	8a8cf113	andi	x2,x25,-1880	 x25:0x00000006  x2=0x00000000
       10385000	      1037	8000130c	daa17213	andi	x4,x2,-598	  x2:0x00000000  x4=0x00000000
       10395000	      1038	80001310	47217613	andi	x12,x2,1138	  x2:0x00000000 x12=0x00000000
       10405000	      1039	80001314	11a24997	auipc	x19,0x11a24	 x19=0x91a25310
       10415000	      1040	80001318	40cc88b3	sub	x17,x25,x12	 x25:0x00000006 x12:0x00000000 x17=0x00000006
       10425000	      1041	8000131c	0570d463	bge	x1,x23,80001364	  x1:0x000000bc x23:0x00000001
       10435000	      1042	00000000	00000013	addi	x0,x0,0	  x0:0x00000000
       10445000	      1043	80001360	00000013	addi	x0,x0,0	  x0:0x00000000
       10455000	      1044	80001364	1fa18f13	addi	x30,x3,506	  x3:0xffffff5e x30=0x00000158
       10465000	      1045	80001368	03058c63	beq	x11,x16,800013a0	 x11:0x9d1d6000 x16:0x002e0738
       10475000	      1046	8000136c	67732f17	auipc	x30,0x67732	 x30=0xe7733368
       10485000	      1047	80001370	0065d213	srli	x4,x11,0x6	 x11:0x9d1d6000  x4=0x02747580
       10495000	      1048	80001374	01605813	srli	x16,x0,0x16	  x0:0x00000000 x16=0x00000000
       10505000	      1049	80001378	016da3b3	slt	x7,x27,x22	 x27:0x80009fc4 x22:0x00000000  x7=0x00000001
       10515000	      1050	8000137c	ba6e6e93	ori	x29,x28,-1114	 x28:0x00000000 x29=0xfffffba6
       10525000	      1051	80001380	01905bb3	srl	x23,x0,x25	  x0:0x00000000 x25:0x00000006 x23=0x00000000
       10535000	      1052	80001384	00b8e463	bltu	x17,x11,8000138c	 x17:0x00000006 x11:0x9d1d6000
       10545000	      1053	00000000	00000013	addi	x0,x0,0	  x0:0x00000000
       10555000	      1054	80001388	00000013	addi	x0,x0,0	  x0:0x00000000
       10565000	      1055	8000138c	2a963813	sltiu	x16,x12,681	 x12:0x00000000 x16=0x00000001
       10575000	      1056	80001390	00a46033	or	x0,x8,x10	  x8:0xfffffff6 x10:0x00000000
       10585000	      1057	80001394	02ac7a63	bgeu	x24,x10,800013c8	 x24:0xfffffff6 x10:0x00000000
       10595000	      1058	00000000	00000013	addi	x0,x0,0	  x0:0x00000000
       10605000	      1059	800013c4	00000013	addi	x0,x0,0	  x0:0x00000000
       10615000	      1060	800013c8	608cc493	xori	x9,x25,1544	 x25:0x00000006  x9=0x0000060e
       10625000	      1061	800013cc	01899a63	bne	x19,x24,800013e0	 x19:0x91a25310 x24:0xfffffff6
       10635000	      1062	00000000	00000013	addi	x0,x0,0	  x0:0x00000000
       10645000	      1063	800013dc	00000013	addi	x0,x0,0	  x0:0x00000000
       10655000	      1064	800013e0	414f58b3	sra	x17,x30,x20	 x30:0xe7733368 x20:0x00000004 x17=0xfe773336
       10665000	      1065	800013e4	01039863	bne	x7,x16,800013f4	  x7:0x00000001 x16:0x00000001
       10675000	      1066	800013e8	142ee013	ori	x0,x29,322	 x29:0xfffffba6
       10685000	      1067	800013ec	007a80b3	add	x1,x21,x7	 x21:0x0000007c  x7:0x00000001  x1=0x0000007d
       10695000	      1068	800013f0	00000013	addi	x0,x0,0	  x0:0x00000000
       10705000	      1069	800013f4	8fc4b113	sltiu	x2,x9,-1796	  x9:0x0000060e  x2=0x00000001
       10715000	      1070	800013f8	032d4063	blt	x26,x18,80001418	 x26:0x00000004 x18:0x40000000
       10725000	      1071	00000000	00000013	addi	x0,x0,0	  x0:0x00000000
       10735000	      1072	80001414	00000013	addi	x0,x0,0	  x0:0x00000000
       10745000	      1073	80001418	00000013	addi	x0,x0,0	  x0:0x00000000
       10755000	      1074	8000141c	6bef0b13	addi	x22,x30,1726	 x30:0xe7733368 x22=0xe7733a26
       10765000	      1075	80001420	014f5e13	srli	x28,x30,0x14	 x30:0xe7733368 x28=0x00000e77
       10775000	      1076	80001424	01efb833	sltu	x16,x31,x30	 x31:0x80009f50 x30:0xe7733368 x16=0x00000001
       10785000	      1077	80001428	03d76063	bltu	x14,x29,80001448	 x14:0x000000d6 x29:0xfffffba6
       10795000	      1078	00000000	00000013	addi	x0,x0,0	  x0:0x00000000
       10805000	      1079	80001444	00000013	addi	x0,x0,0	  x0:0x00000000
       10815000	      1080	80001448	66dc1697	auipc	x13,0x66dc1	 x13=0xe6dc2444
       10825000	      1081	8000144c	e252f593	andi	x11,x5,-475	  x5:0x80008b5a x11=0x80008a00
       10835000	      1082	80001450	013b53b3	srl	x7,x22,x19	 x22:0xe7733a26 x19:0x91a25310  x7=0x0000e773
       10845000	      1083	80001454	7f2f4eb7	lui	x29,0x7f2f4	 x29=0x7f2f4000
       10855000	      1084	80001458	00389793	slli	x15,x17,0x3	 x17:0xfe773336 x15=0xf3b999b0
       10865000	      1085	8000145c	05496463	bltu	x18,x20,800014a4	 x18:0x40000000 x20:0x00000004
       10875000	      1086	80001460	03278e63	beq	x15,x18,8000149c	 x15:0xf3b999b0 x18:0x40000000
       10885000	      1087	80001464	02635863	bge	x6,x6,80001494	  x6:0x002e0738  x6:0x002e0738
       10895000	      1088	00000000	00000013	addi	x0,x0,0	  x0:0x00000000
       10905000	      1089	80001490	00000013	addi	x0,x0,0	  x0:0x00000000
       10915000	      1090	80001494	045c9863	bne	x25,x5,800014e4	 x25:0x00000006  x5:0x80008b5a
       10925000	      1091	00000000	00000013	addi	x0,x0,0	  x0:0x00000000
       10935000	      1092	800014e0	00000013	addi	x0,x0,0	  x0:0x00000000
       10945000	      1093	800014e4	00d4deb3	srl	x29,x9,x13	  x9:0x0000060e x13:0xe6dc2444 x29=0x00000060
       10955000	      1094	800014e8	006f8033	add	x0,x31,x6	 x31:0x80009f50  x6:0x002e0738
       10965000	      1095	800014ec	00a37033	and	x0,x6,x10	  x6:0x002e0738 x10:0x00000000
       10975000	      1096	800014f0	411b03b3	sub	x7,x22,x17	 x22:0xe7733a26 x17:0xfe773336  x7=0xe8fc06f0
       10985000	      1097	800014f4	2c8d4793	xori	x15,x26,712	 x26:0x00000004 x15=0x000002cc
       10995000	      1098	800014f8	0017e333	or	x6,x15,x1	 x15:0x000002cc  x1:0x0000007d  x6=0x000002fd
       11005000	      1099	800014fc	a8bc2d13	slti	x26,x24,-1397	 x24:0xfffffff6 x26=0x00000000
       11015000	      1100	80001500	0194cf33	xor	x30,x9,x25	  x9:0x0000060e x25:0x00000006 x30=0x00000608
       11025000	      1101	80001504	a2521937	lui	x18,0xa2521	 x18=0xa2521000
       11035000	      1102	80001508	eff9be17	auipc	x28,0xeff9b	 x28=0x6ff9c504
       11045000	      1103	8000150c	00c70b33	add	x22,x14,x12	 x14:0x000000d6 x12:0x00000000 x22=0x000000d6
       11055000	      1104	80001510	3fb2b797	auipc	x15,0x3fb2b	 x15=0xbfb2c50c
       11065000	      1105	80001514	01589263	bne	x17,x21,80001518	 x17:0xfe773336 x21:0x0000007c
       11075000	      1106	00000000	00000013	addi	x0,x0,0	  x0:0x00000000
       11085000	      1107	80001514	00000013	addi	x0,x0,0	  x0:0x00000000
       11095000	      1108	80001518	5d1eeb13	ori	x22,x29,1489	 x29:0x00000060 x22=0x000005f1
       11105000	      1109	8000151c	00a80733	add	x14,x16,x10	 x16:0x00000001 x10:0x00000000 x14=0x00000001
       11115000	      1110	80001520	007a1f13	slli	x30,x20,0x7	 x20:0x00000004 x30=0x00000200
       11125000	      1111	80001524	010c36b3	sltu	x13,x24,x16	 x24:0xfffffff6 x16:0x00000001 x13=0x00000000
       11135000	      1112	80001528	db53a713	slti	x14,x7,-587	  x7:0xe8fc06f0 x14=0x00000001
       11145000	      1113	8000152c	00a222b3	slt	x5,x4,x10	  x4:0x02747580 x10:0x00000000  x5=0x00000000
       11155000	      1114	80001530	40bcd4b3	sra	x9,x25,x11	 x25:0x00000006 x11:0x80008a00  x9=0x00000006
       11165000	      1115	80001534	001ee5b3	or	x11,x29,x1	 x29:0x00000060  x1:0x0000007d x11=0x0000007d
       11175000	      1116	80001538	0105f863	bgeu	x11,x16,80001548	 x11:0x0000007d x16:0x00000001
       11185000	      1117	00000000	00000013	addi	x0,x0,0	  x0:0x00000000
       11195000	      1118	80001544	00000013	addi	x0,x0,0	  x0:0x00000000
       11205000	      1119	80001548	009989b3	add	x19,x19,x9	 x19:0x91a25310  x9:0x00000006 x19=0x91a25316
       11215000	      1120	8000154c	d9804193	xori	x3,x0,-616	  x0:0x00000000  x3=0xfffffd98
       11225000	      1121	80001550	ab01e993	ori	x19,x3,-1360	  x3:0xfffffd98 x19=0xffffffb8
       11235000	      1122	80001554	0f6b3d13	sltiu	x26,x22,246	 x22:0x000005f1 x26=0x00000000
       11245000	      1123	80001558	00b995b3	sll	x11,x19,x11	 x19:0xffffffb8 x11:0x0000007d x11=0x00000000
       11255000	      1124	8000155c	029b0a63	beq	x22,x9,80001590	 x22:0x000005f1  x9:0x00000006
       11265000	      1125	80001560	0216f263	bgeu	x13,x1,80001584	 x13:0x00000000  x1:0x0000007d
       11275000	      1126	80001564	01001313	slli	x6,x0,0x10	  x0:0x00000000  x6=0x00000000
       11285000	      1127	80001568	013621b3	slt	x3,x12,x19	 x12:0x00000000 x19:0xffffffb8  x3=0x00000000
       11295000	      1128	8000156c	05969463	bne	x13,x25,800015b4	 x13:0x00000000 x25:0x00000006
       11305000	      1129	00000000	00000013	addi	x0,x0,0	  x0:0x00000000
       11315000	      1130	800015b0	00000013	addi	x0,x0,0	  x0:0x00000000
       11325000	      1131	800015b4	04ec9463	bne	x25,x14,800015fc	 x25:0x00000006 x14:0x00000001
       11335000	      1132	00000000	00000013	addi	x0,x0,0	  x0:0x00000000
       11345000	      1133	800015f8	00000013	addi	x0,x0,0	  x0:0x00000000
       11355000	      1134	800015fc	5eb52313	slti	x6,x10,1515	 x10:0x00000000  x6=0x00000001
       11365000	      1135	80001600	05ee6263	bltu	x28,x30,80001644	 x28:0x6ff9c504 x30:0x00000200
       11375000	      1136	80001604	010f0733	add	x14,x30,x16	 x30:0x00000200 x16:0x00000001 x14=0x00000201
       11385000	      1137	80001608	418bd9b3	sra	x19,x23,x24	 x23:0x00000000 x24:0xfffffff6 x19=0x00000000
       11395000	      1138	8000160c	43763e37	lui	x28,0x43763	 x28=0x43763000
       11405000	      1139	80001610	03d68e63	beq	x13,x29,8000164c	 x13:0x00000000 x29:0x00000060
       11415000	      1140	80001614	014c6a63	bltu	x24,x20,80001628	 x24:0xfffffff6 x20:0x00000004
       11425000	      1141	80001618	00cf6cb3	or	x25,x30,x12	 x30:0x00000200 x12:0x00000000 x25=0x00000200
       11435000	      1142	8000161c	039d6c13	ori	x24,x26,57	 x26:0x00000000 x24=0x00000039
       11445000	      1143	80001620	20afeab7	lui	x21,0x20afe	 x21=0x20afe000
       11455000	      1144	80001624	01880263	beq	x16,x24,80001628	 x16:0x00000001 x24:0x00000039
       11465000	      1145	80001628	014bf663	bgeu	x23,x20,80001634	 x23:0x00000000 x20:0x00000004
       11475000	      1146	8000162c	416658b3	sra	x17,x12,x22	 x12:0x00000000 x22:0x000005f1 x17=0x00000000
       11485000	      1147	80001630	01a09833	sll	x16,x1,x26	  x1:0x0000007d x26:0x00000000 x16=0x0000007d
       11495000	      1148	80001634	1326fe93	andi	x29,x13,306	 x13:0x00000000 x29=0x00000000
       11505000	      1149	80001638	0056fbb3	and	x23,x13,x5	 x13:0x00000000  x5:0x00000000 x23=0x00000000
       11515000	      1150	8000163c	01506863	bltu	x0,x21,8000164c	  x0:0x00000000 x21:0x20afe000
       11525000	      1151	00000000	00000013	addi	x0,x0,0	  x0:0x00000000
       11535000	      1152	80001648	00000013	addi	x0,x0,0	  x0:0x00000000
       11545000	      1153	8000164c	010a11b3	sll	x3,x20,x16	 x20:0x00000004 x16:0x0000007d  x3=0x80000000
       11555000	      1154	80001650	084cea63	bltu	x25,x4,800016e4	 x25:0x00000200  x4:0x02747580
       11565000	      1155	00000000	00000013	addi	x0,x0,0	  x0:0x00000000
       11575000	      1156	800016e0	00000013	addi	x0,x0,0	  x0:0x00000000
       11585000	      1157	800016e4	05614863	blt	x2,x22,80001734	  x2:0x00000001 x22:0x000005f1
       11595000	      1158	00000000	00000013	addi	x0,x0,0	  x0:0x00000000
       11605000	      1159	80001730	00000013	addi	x0,x0,0	  x0:0x00000000
       11615000	      1160	80001734	010226b3	slt	x13,x4,x16	  x4:0x02747580 x16:0x0000007d x13=0x00000000
       11625000	      1161	80001738	006e7663	bgeu	x28,x6,80001744	 x28:0x43763000  x6:0x00000001
       11635000	      1162	00000000	00000013	addi	x0,x0,0	  x0:0x00000000
       11645000	      1163	80001740	00000013	addi	x0,x0,0	  x0:0x00000000
       11655000	      1164	80001744	01e05e63	bge	x0,x30,80001760	  x0:0x00000000 x30:0x00000200
       11665000	      1165	80001748	015dc533	xor	x10,x27,x21	 x27:0x80009fc4 x21:0x20afe000 x10=0xa0af7fc4
       11675000	      1166	8000174c	cea3fe17	auipc	x28,0xcea3f	 x28=0x4ea40748
       11685000	      1167	80001750	400ad813	srai	x16,x21,0x0	 x21:0x20afe000 x16=0x20afe000
       11695000	      1168	80001754	f77318b7	lui	x17,0xf7731	 x17=0xf7731000
       11705000	      1169	80001758	018f5533	srl	x10,x30,x24	 x30:0x00000200 x24:0x00000039 x10=0x00000000
       11715000	      1170	8000175c	d3dde397	auipc	x7,0xd3dde	  x7=0x53ddf758
       11725000	      1171	80001760	410b8633	sub	x12,x23,x16	 x23:0x00000000 x16:0x20afe000 x12=0xdf502000
       11735000	      1172	80001764	01fa88b3	add	x17,x21,x31	 x21:0x20afe000 x31:0x80009f50 x17=0xa0b07f50
       11745000	      1173	80001768	015248b3	xor	x17,x4,x21	  x4:0x02747580 x21:0x20afe000 x17=0x22db9580
       11755000	      1174	8000176c	01e462b3	or	x5,x8,x30	  x8:0xfffffff6 x30:0x00000200  x5=0xfffffff6
       11765000	      1175	80001770	00be6633	or	x12,x28,x11	 x28:0x4ea40748 x11:0x00000000 x12=0x4ea40748
       11775000	      1176	80001774	007b1b93	slli	x23,x22,0x7	 x22:0x000005f1 x23=0x0002f880
       11785000	      1177	80001778	006e5693	srli	x13,x28,0x6	 x28:0x4ea40748 x13=0x013a901d
       11795000	      1178	8000177c	00465e63	bge	x12,x4,80001798	 x12:0x4ea40748  x4:0x02747580
       11805000	      1179	00000000	00000013	addi	x0,x0,0	  x0:0x00000000
       11815000	      1180	80001794	00000013	addi	x0,x0,0	  x0:0x00000000
       11825000	      1181	80001798	00d93d33	sltu	x26,x18,x13	 x18:0xa2521000 x13:0x013a901d x26=0x00000000
       11835000	      1182	8000179c	40c7d293	srai	x5,x15,0xc	 x15:0xbfb2c50c  x5=0xfffbfb2c
       11845000	      1183	800017a0	407bd493	srai	x9,x23,0x7	 x23:0x0002f880  x9=0x000005f1
       11855000	      1184	800017a4	01875293	srli	x5,x14,0x18	 x14:0x00000201  x5=0x00000000
       11865000	      1185	800017a8	01d1db33	srl	x22,x3,x29	  x3:0x80000000 x29:0x00000000 x22=0x80000000
       11875000	      1186	800017ac	00000013	addi	x0,x0,0	  x0:0x00000000
       11885000	      1187	800017b0	01952433	slt	x8,x10,x25	 x10:0x00000000 x25:0x00000200  x8=0x00000001
       11895000	      1188	800017b4	03739063	bne	x7,x23,800017d4	  x7:0x53ddf758 x23:0x0002f880
       11905000	      1189	00000000	00000013	addi	x0,x0,0	  x0:0x00000000
       11915000	      1190	800017d0	00000013	addi	x0,x0,0	  x0:0x00000000
       11925000	      1191	800017d4	8ff66b13	ori	x22,x12,-1793	 x12:0x4ea40748 x22=0xffffffff
       11935000	      1192	800017d8	40348eb3	sub	x29,x9,x3	  x9:0x000005f1  x3:0x80000000 x29=0x800005f1
       11945000	      1193	800017dc	051d7863	bgeu	x26,x17,8000182c	 x26:0x00000000 x17:0x22db9580
       11955000	      1194	800017e0	00000013	addi	x0,x0,0	  x0:0x00000000
       11965000	      1195	800017e4	68b28913	addi	x18,x5,1675	  x5:0x00000000 x18=0x0000068b
       11975000	      1196	800017e8	81676593	ori	x11,x14,-2026	 x14:0x00000201 x11=0xfffffa17
       11985000	      1197	800017ec	495ab193	sltiu	x3,x21,1173	 x21:0x20afe000  x3=0x00000000
       11995000	      1198	800017f0	02447e63	bgeu	x8,x4,8000182c	  x8:0x00000001  x4:0x02747580
       12005000	      1199	800017f4	01cf8663	beq	x31,x28,80001800	 x31:0x80009f50 x28:0x4ea40748
       12015000	      1200	800017f8	40898933	sub	x18,x19,x8	 x19:0x00000000  x8:0x00000001 x18=0xffffffff
       12025000	      1201	800017fc	015a0a63	beq	x20,x21,80001810	 x20:0x00000004 x21:0x20afe000
       12035000	      1202	80001800	019ab8b3	sltu	x17,x21,x25	 x21:0x20afe000 x25:0x00000200 x17=0x00000000
       12045000	      1203	80001804	414880b3	sub	x1,x17,x20	 x17:0x00000000 x20:0x00000004  x1=0xfffffffc
       12055000	      1204	80001808	e32c8d13	addi	x26,x25,-462	 x25:0x00000200 x26=0x00000032
       12065000	      1205	8000180c	00000013	addi	x0,x0,0	  x0:0x00000000
       12075000	      1206	80001810	9641b913	sltiu	x18,x3,-1692	  x3:0x00000000 x18=0x00000001
       12085000	      1207	80001814	31172a93	slti	x21,x14,785	 x14:0x00000201 x21=0x00000001
       12095000	      1208	80001818	00000013	addi	x0,x0,0	  x0:0x00000000
       12105000	      1209	8000181c	0b4c7c63	bgeu	x24,x20,800018d4	 x24:0x00000039 x20:0x00000004
       12115000	      1210	00000000	00000013	addi	x0,x0,0	  x0:0x00000000
       12125000	      1211	800018d0	00000013	addi	x0,x0,0	  x0:0x00000000
       12135000	      1212	800018d4	e9b02713	slti	x14,x0,-357	  x0:0x00000000 x14=0x00000000
       12145000	      1213	800018d8	00a9d033	srl	x0,x19,x10	 x19:0x00000000 x10:0x00000000
       12155000	      1214	800018dc	0198c7b3	xor	x15,x17,x25	 x17:0x00000000 x25:0x00000200 x15=0x00000200
       12165000	      1215	800018e0	0175c863	blt	x11,x23,800018f0	 x11:0xfffffa17 x23:0x0002f880
       12175000	      1216	00000000	00000013	addi	x0,x0,0	  x0:0x00000000
       12185000	      1217	800018ec	00000013	addi	x0,x0,0	  x0:0x00000000
       12195000	      1218	800018f0	01992c33	slt	x24,x18,x25	 x18:0x00000001 x25:0x00000200 x24=0x00000001
       12205000	      1219	800018f4	50523193	sltiu	x3,x4,1285	  x4:0x02747580  x3=0x00000000
       12215000	      1220	800018f8	000995b3	sll	x11,x19,x0	 x19:0x00000000  x0:0x00000000 x11=0x00000000
       12225000	      1221	800018fc	01947cb3	and	x25,x8,x25	  x8:0x00000001 x25:0x00000200 x25=0x00000000
       12235000	      1222	80001900	8a936613	ori	x12,x6,-1879	  x6:0x00000001 x12=0xfffff8a9
       12245000	      1223	80001904	cf5d4b13	xori	x22,x26,-779	 x26:0x00000032 x22=0xfffffcc7
       12255000	      1224	80001908	015c6833	or	x16,x24,x21	 x24:0x00000001 x21:0x00000001 x16=0x00000001
       12265000	      1225	8000190c	12a87713	andi	x14,x16,298	 x16:0x00000001 x14=0x00000000
       12275000	      1226	80001910	014fee63	bltu	x31,x20,8000192c	 x31:0x80009f50 x20:0x00000004
       12285000	      1227	80001914	015478b3	and	x17,x8,x21	  x8:0x00000001 x21:0x00000001 x17=0x00000001
       12295000	      1228	80001918	01ddce63	blt	x27,x29,80001934	 x27:0x80009fc4 x29:0x800005f1
       12305000	      1229	8000191c	008bb1b3	sltu	x3,x23,x8	 x23:0x0002f880  x8:0x00000001  x3=0x00000000
       12315000	      1230	80001920	01ddd913	srli	x18,x27,0x1d	 x27:0x80009fc4 x18=0x00000004
       12325000	      1231	80001924	996bfa93	andi	x21,x23,-1642	 x23:0x0002f880 x21=0x0002f880
       12335000	      1232	80001928	00309893	slli	x17,x1,0x3	  x1:0xfffffffc x17=0xffffffe0
       12345000	      1233	8000192c	00449ab3	sll	x21,x9,x4	  x9:0x000005f1  x4:0x02747580 x21=0x000005f1
       12355000	      1234	80001930	64db8c13	addi	x24,x23,1613	 x23:0x0002f880 x24=0x0002fecd
       12365000	      1235	80001934	ac593913	sltiu	x18,x18,-1339	 x18:0x00000004 x18=0x00000001
       12375000	      1236	80001938	029ccc63	blt	x25,x9,80001970	 x25:0x00000000  x9:0x000005f1
       12385000	      1237	00000000	00000013	addi	x0,x0,0	  x0:0x00000000
       12395000	      1238	8000196c	00000013	addi	x0,x0,0	  x0:0x00000000
       12405000	      1239	80001970	015388b3	add	x17,x7,x21	  x7:0x53ddf758 x21:0x000005f1 x17=0x53ddfd49
       12415000	      1240	80001974	04446463	bltu	x8,x4,800019bc	  x8:0x00000001  x4:0x02747580
       12425000	      1241	00000000	00000013	addi	x0,x0,0	  x0:0x00000000
       12435000	      1242	800019b8	00000013	addi	x0,x0,0	  x0:0x00000000
       12445000	      1243	800019bc	0178f633	and	x12,x17,x23	 x17:0x53ddfd49 x23:0x0002f880 x12=0x0000f800
       12455000	      1244	800019c0	001d9793	slli	x15,x27,0x1	 x27:0x80009fc4 x15=0x00013f88
       12465000	      1245	800019c4	017f4833	xor	x16,x30,x23	 x30:0x00000200 x23:0x0002f880 x16=0x0002fa80
       12475000	      1246	800019c8	d81fb513	sltiu	x10,x31,-639	 x31:0x80009f50 x10=0x00000001
       12485000	      1247	800019cc	00575333	srl	x6,x14,x5	 x14:0x00000000  x5:0x00000000  x6=0x00000000
       12495000	      1248	800019d0	0439c863	blt	x19,x3,80001a20	 x19:0x00000000  x3:0x00000000
       12505000	      1249	800019d4	01d0e333	or	x6,x1,x29	  x1:0xfffffffc x29:0x800005f1  x6=0xfffffffd
       12515000	      1250	800019d8	f8e92b13	slti	x22,x18,-114	 x18:0x00000001 x22=0x00000000
       12525000	      1251	800019dc	afab7813	andi	x16,x22,-1286	 x22:0x00000000 x16=0x00000000
       12535000	      1252	800019e0	4128d493	srai	x9,x17,0x12	 x17:0x53ddfd49  x9=0x000014f7
       12545000	      1253	800019e4	ddbc6613	ori	x12,x24,-549	 x24:0x0002fecd x12=0xffffffdf
       12555000	      1254	800019e8	921a2c97	auipc	x25,0x921a2	 x25=0x121a39e4
       12565000	      1255	800019ec	0258d663	bge	x17,x5,80001a18	 x17:0x53ddfd49  x5:0x00000000
       12575000	      1256	00000000	00000013	addi	x0,x0,0	  x0:0x00000000
       12585000	      1257	80001a14	00000013	addi	x0,x0,0	  x0:0x00000000
       12595000	      1258	80001a18	c5b84313	xori	x6,x16,-933	 x16:0x00000000  x6=0xfffffc5b
       12605000	      1259	80001a1c	40465693	srai	x13,x12,0x4	 x12:0xffffffdf x13=0xfffffffd
       12615000	      1260	80001a20	ffbaee93	ori	x29,x21,-5	 x21:0x000005f1 x29=0xfffffffb
       12625000	      1261	80001a24	0333ea63	bltu	x7,x19,80001a58	  x7:0x53ddf758 x19:0x00000000
       12635000	      1262	80001a28	00b1d913	srli	x18,x3,0xb	  x3:0x00000000 x18=0x00000000
       12645000	      1263	80001a2c	01d290b7	lui	x1,0x1d29	  x1=0x01d29000
       12655000	      1264	80001a30	86972493	slti	x9,x14,-1943	 x14:0x00000000  x9=0x00000000
       12665000	      1265	80001a34	a7f02d13	slti	x26,x0,-1409	  x0:0x00000000 x26=0x00000000
       12675000	      1266	80001a38	6575e513	ori	x10,x11,1623	 x11:0x00000000 x10=0x00000657
       12685000	      1267	80001a3c	408c5393	srai	x7,x24,0x8	 x24:0x0002fecd  x7=0x000002fe
       12695000	      1268	80001a40	01deb9b3	sltu	x19,x29,x29	 x29:0xfffffffb x29:0xfffffffb x19=0x00000000
       12705000	      1269	80001a44	41b6dc33	sra	x24,x13,x27	 x13:0xfffffffd x27:0x80009fc4 x24=0xffffffff
       12715000	      1270	80001a48	019d67b3	or	x15,x26,x25	 x26:0x00000000 x25:0x121a39e4 x15=0x121a39e4
       12725000	      1271	80001a4c	41bc8633	sub	x12,x25,x27	 x25:0x121a39e4 x27:0x80009fc4 x12=0x92199a20
       12735000	      1272	80001a50	00f87663	bgeu	x16,x15,80001a5c	 x16:0x00000000 x15:0x121a39e4
       12745000	      1273	80001a54	00814c33	xor	x24,x2,x8	  x2:0x00000001  x8:0x00000001 x24=0x00000000
       12755000	      1274	80001a58	011d1863	bne	x26,x17,80001a68	 x26:0x00000000 x17:0x53ddfd49
       12765000	      1275	00000000	00000013	addi	x0,x0,0	  x0:0x00000000
       12775000	      1276	80001a64	00000013	addi	x0,x0,0	  x0:0x00000000
       12785000	      1277	80001a68	408085b3	sub	x11,x1,x8	  x1:0x01d29000  x8:0x00000001 x11=0x01d28fff
       12795000	      1278	80001a6c	003bf5b3	and	x11,x23,x3	 x23:0x0002f880  x3:0x00000000 x11=0x00000000
       12805000	      1279	80001a70	71e2e697	auipc	x13,0x71e2e	 x13=0xf1e2fa6c
       12815000	      1280	80001a74	015cf3b3	and	x7,x25,x21	 x25:0x121a39e4 x21:0x000005f1  x7=0x000001e0
       12825000	      1281	80001a78	4157d213	srai	x4,x15,0x15	 x15:0x121a39e4  x4=0x00000090
       12835000	      1282	80001a7c	960ae3b7	lui	x7,0x960ae	  x7=0x960ae000
       12845000	      1283	80001a80	01ab6bb3	or	x23,x22,x26	 x22:0x00000000 x26:0x00000000 x23=0x00000000
       12855000	      1284	80001a84	010b5463	bge	x22,x16,80001a8c	 x22:0x00000000 x16:0x00000000
       12865000	      1285	00000000	00000013	addi	x0,x0,0	  x0:0x00000000
       12875000	      1286	80001a88	00000013	addi	x0,x0,0	  x0:0x00000000
       12885000	      1287	80001a8c	5ca8f813	andi	x16,x17,1482	 x17:0x53ddfd49 x16=0x00000548
       12895000	      1288	80001a90	68322b13	slti	x22,x4,1667	  x4:0x00000090 x22=0x00000001
       12905000	      1289	80001a94	00000013	addi	x0,x0,0	  x0:0x00000000
       12915000	      1290	80001a98	01b75893	srli	x17,x14,0x1b	 x14:0x00000000 x17=0x00000000
       12925000	      1291	80001a9c	02f50863	beq	x10,x15,80001acc	 x10:0x00000657 x15:0x121a39e4
       12935000	      1292	80001aa0	0199e433	or	x8,x19,x25	 x19:0x00000000 x25:0x121a39e4  x8=0x121a39e4
       12945000	      1293	80001aa4	0127df13	srli	x30,x15,0x12	 x15:0x121a39e4 x30=0x00000486
       12955000	      1294	80001aa8	d0363793	sltiu	x15,x12,-765	 x12:0x92199a20 x15=0x00000001
       12965000	      1295	80001aac	009303b3	add	x7,x6,x9	  x6:0xfffffc5b  x9:0x00000000  x7=0xfffffc5b
       12975000	      1296	80001ab0	010c7333	and	x6,x24,x16	 x24:0x00000000 x16:0x00000548  x6=0x00000000
       12985000	      1297	80001ab4	03020c63	beq	x4,x16,80001aec	  x4:0x00000090 x16:0x00000548
       12995000	      1298	80001ab8	ed42e113	ori	x2,x5,-300	  x5:0x00000000  x2=0xfffffed4
       13005000	      1299	80001abc	01ad24b3	slt	x9,x26,x26	 x26:0x00000000 x26:0x00000000  x9=0x00000000
       13015000	      1300	80001ac0	004a05b3	add	x11,x20,x4	 x20:0x00000004  x4:0x00000090 x11=0x00000094
       13025000	      1301	80001ac4	00003b33	sltu	x22,x0,x0	  x0:0x00000000  x0:0x00000000 x22=0x00000000
       13035000	      1302	80001ac8	0326d863	bge	x13,x18,80001af8	 x13:0xf1e2fa6c x18:0x00000000
       13045000	      1303	80001acc	01ae9193	slli	x3,x29,0x1a	 x29:0xfffffffb  x3=0xec000000
       13055000	      1304	80001ad0	3abfb393	sltiu	x7,x31,939	 x31:0x80009f50  x7=0x00000000
       13065000	      1305	80001ad4	20aa6013	ori	x0,x20,522	 x20:0x00000004
       13075000	      1306	80001ad8	032a8063	beq	x21,x18,80001af8	 x21:0x000005f1 x18:0x00000000
       13085000	      1307	80001adc	001666b3	or	x13,x12,x1	 x12:0x92199a20  x1:0x01d29000 x13=0x93db9a20
       13095000	      1308	80001ae0	02194a63	blt	x18,x1,80001b14	 x18:0x00000000  x1:0x01d29000
       13105000	      1309	00000000	00000013	addi	x0,x0,0	  x0:0x00000000
       13115000	      1310	80001b10	00000013	addi	x0,x0,0	  x0:0x00000000
       13125000	      1311	80001b14	418eda93	srai	x21,x29,0x18	 x29:0xfffffffb x21=0xffffffff
       13135000	      1312	80001b18	40680133	sub	x2,x16,x6	 x16:0x00000548  x6:0x00000000  x2=0x00000548
       13145000	      1313	80001b1c	01e51393	slli	x7,x10,0x1e	 x10:0x00000657  x7=0xc0000000
       13155000	      1314	80001b20	68dc8093	addi	x1,x25,1677	 x25:0x121a39e4  x1=0x121a4071
       13165000	      1315	80001b24	012203b3	add	x7,x4,x18	  x4:0x00000090 x18:0x00000000  x7=0x00000090
       13175000	      1316	80001b28	40ec07b3	sub	x15,x24,x14	 x24:0x00000000 x14:0x00000000 x15=0x00000000
       13185000	      1317	80001b2c	fbe93913	sltiu	x18,x18,-66	 x18:0x00000000 x18=0x00000001
       13195000	      1318	80001b30	40eadcb3	sra	x25,x21,x14	 x21:0xffffffff x14:0x00000000 x25=0xffffffff
       13205000	      1319	80001b34	00e9ce33	xor	x28,x19,x14	 x19:0x00000000 x14:0x00000000 x28=0x00000000
       13215000	      1320	80001b38	31fb6597	auipc	x11,0x31fb6	 x11=0xb1fb7b34
       13225000	      1321	80001b3c	02059063	bne	x11,x0,80001b5c	 x11:0xb1fb7b34  x0:0x00000000
       13235000	      1322	00000000	00000013	addi	x0,x0,0	  x0:0x00000000
       13245000	      1323	80001b58	00000013	addi	x0,x0,0	  x0:0x00000000
       13255000	      1324	80001b5c	00e22833	slt	x16,x4,x14	  x4:0x00000090 x14:0x00000000 x16=0x00000000
       13265000	      1325	80001b60	01201f33	sll	x30,x0,x18	  x0:0x00000000 x18:0x00000001 x30=0x00000000
       13275000	      1326	80001b64	00648e33	add	x28,x9,x6	  x9:0x00000000  x6:0x00000000 x28=0x00000000
       13285000	      1327	80001b68	40a2d897	auipc	x17,0x40a2d	 x17=0xc0a2eb64
       13295000	      1328	80001b6c	00000013	addi	x0,x0,0	  x0:0x00000000
       13305000	      1329	80001b70	dd773793	sltiu	x15,x14,-553	 x14:0x00000000 x15=0x00000001
       13315000	      1330	80001b74	017ba933	slt	x18,x23,x23	 x23:0x00000000 x23:0x00000000 x18=0x00000000
       13325000	      1331	80001b78	028fe263	bltu	x31,x8,80001b9c	 x31:0x80009f50  x8:0x121a39e4
       13335000	      1332	80001b7c	0170ef33	or	x30,x1,x23	  x1:0x121a4071 x23:0x00000000 x30=0x121a4071
       13345000	      1333	80001b80	01439693	slli	x13,x7,0x14	  x7:0x00000090 x13=0x09000000
       13355000	      1334	80001b84	02ae4c63	blt	x28,x10,80001bbc	 x28:0x00000000 x10:0x00000657
       13365000	      1335	00000000	00000013	addi	x0,x0,0	  x0:0x00000000
       13375000	      1336	80001bb8	00000013	addi	x0,x0,0	  x0:0x00000000
       13385000	      1337	80001bbc	06a08a63	beq	x1,x10,80001c30	  x1:0x121a4071 x10:0x00000657
       13395000	      1338	80001bc0	00006317	auipc	x6,0x6	  x6=0x80007bbc
       13405000	      1339	80001bc4	69830313	addi	x6,x6,1688	  x6:0x80007bbc  x6=0x80008254
       13415000	      1340	80001bc8	026305a3	sb	x6,43(x6)	  x6:0x80008254  x6:0x80008254 PA:0x8000827f
       13425000	      1341	80001bcc	02d30e03	lb	x28,45(x6)	  x6:0x80008254 x28=0xffffffc2 PA:0x80008281
       13435000	      1342	80001bd0	00006297	auipc	x5,0x6	  x5=0x80007bcc
       13445000	      1343	80001bd4	63728293	addi	x5,x5,1591	  x5:0x80007bcc  x5=0x80008203
       13455000	      1344	80001bd8	230288a3	sb	x16,561(x5)	  x5:0x80008203 x16:0x00000000 PA:0x80008434
       13465000	      1345	80001bdc	00006197	auipc	x3,0x6	  x3=0x80007bd8
       13475000	      1346	80001be0	73218193	addi	x3,x3,1842	  x3:0x80007bd8  x3=0x8000830a
       13485000	      1347	80001be4	04129d03	lh	x26,65(x5)	  x5:0x80008203 x26=0x00001157 PA:0x80008244
       13495000	      1348	80001be8	03130383	lb	x7,49(x6)	  x6:0x80008254  x7=0xffffffd5 PA:0x80008285
       13505000	      1349	80001bec	0dd19b23	sh	x29,214(x3)	  x3:0x8000830a x29:0xfffffffb PA:0x800083e0
       13515000	      1350	80001bf0	61228703	lb	x14,1554(x5)	  x5:0x80008203 x14=0x00000019 PA:0x80008815
       13525000	      1351	80001bf4	e6c28723	sb	x12,-402(x5)	  x5:0x80008203 x12:0x92199a20 PA:0x80008071
       13535000	      1352	80001bf8	fc032c83	lw	x25,-64(x6)	  x6:0x80008254 x25=0x67877a52 PA:0x80008214
       13545000	      1353	80001bfc	01d31923	sh	x29,18(x6)	  x6:0x80008254 x29:0xfffffffb PA:0x80008266
       13555000	      1354	80001c00	00235f03	lhu	x30,2(x6)	  x6:0x80008254 x30=0x0000ad37 PA:0x80008256
       13565000	      1355	80001c04	01d18503	lb	x10,29(x3)	  x3:0x8000830a x10=0xffffff96 PA:0x80008327
       13575000	      1356	80001c08	408281a3	sb	x8,1027(x5)	  x5:0x80008203  x8:0x121a39e4 PA:0x80008606
       13585000	      1357	80001c0c	01234f03	lbu	x30,18(x6)	  x6:0x80008254 x30=0x000000fb PA:0x80008266
       13595000	      1358	80001c10	0e118e83	lb	x29,225(x3)	  x3:0x8000830a x29=0x00000055 PA:0x800083eb
       13605000	      1359	80001c14	2ce28923	sb	x14,722(x5)	  x5:0x80008203 x14:0x00000019 PA:0x800084d5
       13615000	      1360	80001c18	43c2c203	lbu	x4,1084(x5)	  x5:0x80008203  x4=0x0000006e PA:0x8000863f
       13625000	      1361	80001c1c	0f818ea3	sb	x24,253(x3)	  x3:0x8000830a x24:0x00000000 PA:0x80008407
       13635000	      1362	80001c20	ff818003	lb	x0,-8(x3)	  x3:0x8000830a PA:0x80008302
       13645000	      1363	80001c24	4125d9b3	sra	x19,x11,x18	 x11:0xb1fb7b34 x18:0x00000000 x19=0xb1fb7b34
       13655000	      1364	80001c28	f5de11b7	lui	x3,0xf5de1	  x3=0xf5de1000
       13665000	      1365	80001c2c	00376333	or	x6,x14,x3	 x14:0x00000019  x3:0xf5de1000  x6=0xf5de1019
       13675000	      1366	80001c30	059d4463	blt	x26,x25,80001c78	 x26:0x00001157 x25:0x67877a52
       13685000	      1367	00000000	00000013	addi	x0,x0,0	  x0:0x00000000
       13695000	      1368	80001c74	00000013	addi	x0,x0,0	  x0:0x00000000
       13705000	      1369	80001c78	5a027413	andi	x8,x4,1440	  x4:0x0000006e  x8=0x00000020
       13715000	      1370	80001c7c	40d008b3	sub	x17,x0,x13	  x0:0x00000000 x13:0x09000000 x17=0xf7000000
       13725000	      1371	80001c80	00ee59b3	srl	x19,x28,x14	 x28:0xffffffc2 x14:0x00000019 x19=0x0000007f
       13735000	      1372	80001c84	9e45e493	ori	x9,x11,-1564	 x11:0xb1fb7b34  x9=0xfffffbf4
       13745000	      1373	80001c88	419edb33	sra	x22,x29,x25	 x29:0x00000055 x25:0x67877a52 x22=0x00000000
       13755000	      1374	80001c8c	02304c63	blt	x0,x3,80001cc4	  x0:0x00000000  x3:0xf5de1000
       13765000	      1375	80001c90	01991e63	bne	x18,x25,80001cac	 x18:0x00000000 x25:0x67877a52
       13775000	      1376	00000000	00000013	addi	x0,x0,0	  x0:0x00000000
       13785000	      1377	80001ca8	00000013	addi	x0,x0,0	  x0:0x00000000
       13795000	      1378	80001cac	f905a213	slti	x4,x11,-112	 x11:0xb1fb7b34  x4=0x00000001
       13805000	      1379	80001cb0	05127863	bgeu	x4,x17,80001d00	  x4:0x00000001 x17:0xf7000000
       13815000	      1380	80001cb4	492d3293	sltiu	x5,x26,1170	 x26:0x00001157  x5=0x00000000
       13825000	      1381	80001cb8	047b0263	beq	x22,x7,80001cfc	 x22:0x00000000  x7:0xffffffd5
       13835000	      1382	80001cbc	d91d7913	andi	x18,x26,-623	 x26:0x00001157 x18=0x00001111
       13845000	      1383	80001cc0	39304513	xori	x10,x0,915	  x0:0x00000000 x10=0x00000393
       13855000	      1384	80001cc4	012d9c13	slli	x24,x27,0x12	 x27:0x80009fc4 x24=0x7f100000
       13865000	      1385	80001cc8	03c00e63	beq	x0,x28,80001d04	  x0:0x00000000 x28:0xffffffc2
       13875000	      1386	80001ccc	04244863	blt	x8,x2,80001d1c	  x8:0x00000020  x2:0x00000548
       13885000	      1387	00000000	00000013	addi	x0,x0,0	  x0:0x00000000
       13895000	      1388	80001d18	00000013	addi	x0,x0,0	  x0:0x00000000
       13905000	      1389	80001d1c	0053a9b3	slt	x19,x7,x5	  x7:0xffffffd5  x5:0x00000000 x19=0x00000001
       13915000	      1390	80001d20	01935013	srli	x0,x6,0x19	  x6:0xf5de1019
       13925000	      1391	80001d24	d4663193	sltiu	x3,x12,-698	 x12:0x92199a20  x3=0x00000001
       13935000	      1392	80001d28	007978b3	and	x17,x18,x7	 x18:0x00001111  x7:0xffffffd5 x17=0x00001111
       13945000	      1393	80001d2c	00298833	add	x16,x19,x2	 x19:0x00000001  x2:0x00000548 x16=0x00000549
       13955000	      1394	80001d30	011fd863	bge	x31,x17,80001d40	 x31:0x80009f50 x17:0x00001111
       13965000	      1395	80001d34	00000013	addi	x0,x0,0	  x0:0x00000000
       13975000	      1396	80001d38	414d5433	sra	x8,x26,x20	 x26:0x00001157 x20:0x00000004  x8=0x00000115
       13985000	      1397	80001d3c	97c64913	xori	x18,x12,-1668	 x12:0x92199a20 x18=0x6de6635c
       13995000	      1398	80001d40	00b2abb3	slt	x23,x5,x11	  x5:0x00000000 x11:0xb1fb7b34 x23=0x00000000
       14005000	      1399	80001d44	ac396793	ori	x15,x18,-1341	 x18:0x6de6635c x15=0xfffffbdf
       14015000	      1400	80001d48	02659663	bne	x11,x6,80001d74	 x11:0xb1fb7b34  x6:0xf5de1019
       14025000	      1401	00000000	00000013	addi	x0,x0,0	  x0:0x00000000
       14035000	      1402	80001d70	00000013	addi	x0,x0,0	  x0:0x00000000
       14045000	      1403	80001d74	98d5b993	sltiu	x19,x11,-1651	 x11:0xb1fb7b34 x19=0x00000001
       14055000	      1404	80001d78	01637663	bgeu	x6,x22,80001d84	  x6:0xf5de1019 x22:0x00000000
       14065000	      1405	00000000	00000013	addi	x0,x0,0	  x0:0x00000000
       14075000	      1406	80001d80	00000013	addi	x0,x0,0	  x0:0x00000000
       14085000	      1407	80001d84	39b42393	slti	x7,x8,923	  x8:0x00000115  x7=0x00000001
       14095000	      1408	80001d88	83bfd917	auipc	x18,0x83bfd	 x18=0x03bfed84
       14105000	      1409	80001d8c	00000013	addi	x0,x0,0	  x0:0x00000000
       14115000	      1410	80001d90	4821bf13	sltiu	x30,x3,1154	  x3:0x00000001 x30=0x00000001
       14125000	      1411	80001d94	01b85e63	bge	x16,x27,80001db0	 x16:0x00000549 x27:0x80009fc4
       14135000	      1412	00000000	00000013	addi	x0,x0,0	  x0:0x00000000
       14145000	      1413	80001dac	00000013	addi	x0,x0,0	  x0:0x00000000
       14155000	      1414	80001db0	41cb54b3	sra	x9,x22,x28	 x22:0x00000000 x28:0xffffffc2  x9=0x00000000
       14165000	      1415	80001db4	01995933	srl	x18,x18,x25	 x18:0x03bfed84 x25:0x67877a52 x18=0x000000ef
       14175000	      1416	80001db8	5d0d4913	xori	x18,x26,1488	 x26:0x00001157 x18=0x00001487
       14185000	      1417	80001dbc	0395cc63	blt	x11,x25,80001df4	 x11:0xb1fb7b34 x25:0x67877a52
       14195000	      1418	00000000	00000013	addi	x0,x0,0	  x0:0x00000000
       14205000	      1419	80001df0	00000013	addi	x0,x0,0	  x0:0x00000000
       14215000	      1420	80001df4	02375863	bge	x14,x3,80001e24	 x14:0x00000019  x3:0x00000001
       14225000	      1421	00000000	00000013	addi	x0,x0,0	  x0:0x00000000
       14235000	      1422	80001e20	00000013	addi	x0,x0,0	  x0:0x00000000
       14245000	      1423	80001e24	00d08833	add	x16,x1,x13	  x1:0x121a4071 x13:0x09000000 x16=0x1b1a4071
       14255000	      1424	80001e28	00e29a63	bne	x5,x14,80001e3c	  x5:0x00000000 x14:0x00000019
       14265000	      1425	00000000	00000013	addi	x0,x0,0	  x0:0x00000000
       14275000	      1426	80001e38	00000013	addi	x0,x0,0	  x0:0x00000000
       14285000	      1427	80001e3c	001d3233	sltu	x4,x26,x1	 x26:0x00001157  x1:0x121a4071  x4=0x00000001
       14295000	      1428	80001e40	015c1793	slli	x15,x24,0x15	 x24:0x7f100000 x15=0x00000000
       14305000	      1429	80001e44	026acc63	blt	x21,x6,80001e7c	 x21:0xffffffff  x6:0xf5de1019
       14315000	      1430	80001e48	03b0f663	bgeu	x1,x27,80001e74	  x1:0x121a4071 x27:0x80009fc4
       14325000	      1431	80001e4c	a627c397	auipc	x7,0xa627c	  x7=0x2627de48
       14335000	      1432	80001e50	03ab6a63	bltu	x22,x26,80001e84	 x22:0x00000000 x26:0x00001157
       14345000	      1433	00000000	00000013	addi	x0,x0,0	  x0:0x00000000
       14355000	      1434	80001e80	00000013	addi	x0,x0,0	  x0:0x00000000
       14365000	      1435	80001e84	00000013	addi	x0,x0,0	  x0:0x00000000
       14375000	      1436	80001e88	03298e63	beq	x19,x18,80001ec4	 x19:0x00000001 x18:0x00001487
       14385000	      1437	80001e8c	0016de93	srli	x29,x13,0x1	 x13:0x09000000 x29=0x04800000
       14395000	      1438	80001e90	4b3af713	andi	x14,x21,1203	 x21:0xffffffff x14=0x000004b3
       14405000	      1439	80001e94	002fc233	xor	x4,x31,x2	 x31:0x80009f50  x2:0x00000548  x4=0x80009a18
       14415000	      1440	80001e98	41985513	srai	x10,x16,0x19	 x16:0x1b1a4071 x10=0x0000000d
       14425000	      1441	80001e9c	006f5d33	srl	x26,x30,x6	 x30:0x00000001  x6:0xf5de1019 x26=0x00000000
       14435000	      1442	80001ea0	763cac13	slti	x24,x25,1891	 x25:0x67877a52 x24=0x00000000
       14445000	      1443	80001ea4	001ba333	slt	x6,x23,x1	 x23:0x00000000  x1:0x121a4071  x6=0x00000001
       14455000	      1444	80001ea8	00384cb3	xor	x25,x16,x3	 x16:0x1b1a4071  x3:0x00000001 x25=0x1b1a4070
       14465000	      1445	80001eac	40cc8133	sub	x2,x25,x12	 x25:0x1b1a4070 x12:0x92199a20  x2=0x8900a650
       14475000	      1446	80001eb0	00d6d833	srl	x16,x13,x13	 x13:0x09000000 x13:0x09000000 x16=0x09000000
       14485000	      1447	80001eb4	6e331d37	lui	x26,0x6e331	 x26=0x6e331000
       14495000	      1448	80001eb8	a283e393	ori	x7,x7,-1496	  x7:0x2627de48  x7=0xfffffe68
       14505000	      1449	80001ebc	40a784b3	sub	x9,x15,x10	 x15:0x00000000 x10:0x0000000d  x9=0xfffffff3
       14515000	      1450	80001ec0	01e05113	srli	x2,x0,0x1e	  x0:0x00000000  x2=0x00000000
       14525000	      1451	80001ec4	017dd7b3	srl	x15,x27,x23	 x27:0x80009fc4 x23:0x00000000 x15=0x80009fc4
       14535000	      1452	80001ec8	00a94e63	blt	x18,x10,80001ee4	 x18:0x00001487 x10:0x0000000d
       14545000	      1453	80001ecc	014c7c63	bgeu	x24,x20,80001ee4	 x24:0x00000000 x20:0x00000004
       14555000	      1454	80001ed0	003670b3	and	x1,x12,x3	 x12:0x92199a20  x3:0x00000001  x1=0x00000000
       14565000	      1455	80001ed4	00370ab3	add	x21,x14,x3	 x14:0x000004b3  x3:0x00000001 x21=0x000004b4
       14575000	      1456	80001ed8	00b78663	beq	x15,x11,80001ee4	 x15:0x80009fc4 x11:0xb1fb7b34
       14585000	      1457	80001edc	b3b48b37	lui	x22,0xb3b48	 x22=0xb3b48000
       14595000	      1458	80001ee0	0179e263	bltu	x19,x23,80001ee4	 x19:0x00000001 x23:0x00000000
       14605000	      1459	80001ee4	92d2d237	lui	x4,0x92d2d	  x4=0x92d2d000
       14615000	      1460	80001ee8	009fd233	srl	x4,x31,x9	 x31:0x80009f50  x9:0xfffffff3  x4=0x00001000
       14625000	      1461	80001eec	40af8ab3	sub	x21,x31,x10	 x31:0x80009f50 x10:0x0000000d x21=0x80009f43
       14635000	      1462	80001ef0	004fa083	lw	x1,4(x31)	 x31:0x80009f50  x1=0x800002d8 PA:0x80009f54
       14645000	      1463	80001ef4	ef9bb413	sltiu	x8,x23,-263	 x23:0x00000000  x8=0x00000001
       14655000	      1464	80001ef8	034f8f93	addi	x31,x31,52	 x31:0x80009f50 x31=0x80009f84
       14665000	      1465	80001efc	fbf0af13	slti	x30,x1,-65	  x1:0x800002d8 x30=0x00000001
       14675000	      1466	80001f00	0191abb3	slt	x23,x3,x25	  x3:0x00000001 x25:0x1b1a4070 x23=0x00000001
       14685000	      1467	80001f04	95ea7b93	andi	x23,x20,-1698	 x20:0x00000004 x23=0x00000004
       14695000	      1468	80001f08	7bfe1297	auipc	x5,0x7bfe1	  x5=0xfbfe2f04
       14705000	      1469	80001f0c	40c3dab3	sra	x21,x7,x12	  x7:0xfffffe68 x12:0x92199a20 x21=0xfffffe68
       14715000	      1470	80001f10	00008a93	addi	x21,x1,0	  x1:0x800002d8 x21=0x800002d8
       14725000	      1471	80001f14	000a8ae7	jalr	x21,x21,0	 x21:0x800002d8 x21=0x80001f14
       14735000	      1472	00000000	00000013	addi	x0,x0,0	  x0:0x00000000
       14745000	      1473	800002d8	00000013	addi	x0,x0,0	  x0:0x00000000
       14755000	      1474	800002dc	00d8a533	slt	x10,x17,x13	 x17:0x00001111 x13:0x09000000 x10=0x00000001
       14765000	      1475	800002e0	00395263	bge	x18,x3,800002e4	 x18:0x00001487  x3:0x00000001
       14775000	      1476	00000000	00000013	addi	x0,x0,0	  x0:0x00000000
       14785000	      1477	800002e0	00000013	addi	x0,x0,0	  x0:0x00000000
       14795000	      1478	800002e4	b80ae413	ori	x8,x21,-1152	 x21:0x80001f14  x8=0xffffff94
       14805000	      1479	800002e8	4103d5b3	sra	x11,x7,x16	  x7:0xfffffe68 x16:0x09000000 x11=0xfffffe68
       14815000	      1480	800002ec	4e612d37	lui	x26,0x4e612	 x26=0x4e612000
       14825000	      1481	800002f0	f4ed4eb7	lui	x29,0xf4ed4	 x29=0xf4ed4000
       14835000	      1482	800002f4	03b69263	bne	x13,x27,80000318	 x13:0x09000000 x27:0x80009fc4
       14845000	      1483	00000000	00000013	addi	x0,x0,0	  x0:0x00000000
       14855000	      1484	80000314	00000013	addi	x0,x0,0	  x0:0x00000000
       14865000	      1485	80000318	01b6b633	sltu	x12,x13,x27	 x13:0x09000000 x27:0x80009fc4 x12=0x00000001
       14875000	      1486	8000031c	00fa5293	srli	x5,x20,0xf	 x20:0x00000004  x5=0x00000000
       14885000	      1487	80000320	11f4c613	xori	x12,x9,287	  x9:0xfffffff3 x12=0xfffffeec
       14895000	      1488	80000324	019898b3	sll	x17,x17,x25	 x17:0x00001111 x25:0x1b1a4070 x17=0x11110000
       14905000	      1489	80000328	41e401b3	sub	x3,x8,x30	  x8:0xffffff94 x30:0x00000001  x3=0xffffff93
       14915000	      1490	8000032c	03b91863	bne	x18,x27,8000035c	 x18:0x00001487 x27:0x80009fc4
       14925000	      1491	00000000	00000013	addi	x0,x0,0	  x0:0x00000000
       14935000	      1492	80000358	00000013	addi	x0,x0,0	  x0:0x00000000
       14945000	      1493	8000035c	41b90733	sub	x14,x18,x27	 x18:0x00001487 x27:0x80009fc4 x14=0x7fff74c3
       14955000	      1494	80000360	01cab833	sltu	x16,x21,x28	 x21:0x80001f14 x28:0xffffffc2 x16=0x00000001
       14965000	      1495	80000364	00afde33	srl	x28,x31,x10	 x31:0x80009f84 x10:0x00000001 x28=0x40004fc2
       14975000	      1496	80000368	09f98263	beq	x19,x31,800003ec	 x19:0x00000001 x31:0x80009f84
       14985000	      1497	8000036c	001cb4b3	sltu	x9,x25,x1	 x25:0x1b1a4070  x1:0x800002d8  x9=0x00000001
       14995000	      1498	80000370	014dce33	xor	x28,x27,x20	 x27:0x80009fc4 x20:0x00000004 x28=0x80009fc0
       15005000	      1499	80000374	002c9213	slli	x4,x25,0x2	 x25:0x1b1a4070  x4=0x6c6901c0
       15015000	      1500	80000378	53922b93	slti	x23,x4,1337	  x4:0x6c6901c0 x23=0x00000000
       15025000	      1501	8000037c	00008697	auipc	x13,0x8	 x13=0x80008378
       15035000	      1502	80000380	dbf68693	addi	x13,x13,-577	 x13:0x80008378 x13=0x80008137
       15045000	      1503	80000384	1df6d383	lhu	x7,479(x13)	 x13:0x80008137  x7=0x0000ce8a PA:0x80008316
       15055000	      1504	00000000	00000013	addi	x0,x0,0	  x0:0x00000000
       15065000	      1505	80000388	af53c813	xori	x16,x7,-1291	  x7:0x0000ce8a x16=0xffff347f
       15075000	      1506	8000038c	e40eca93	xori	x21,x29,-448	 x29:0xf4ed4000 x21=0x0b12be40
       15085000	      1507	80000390	1ce69fa3	sh	x14,479(x13)	 x13:0x80008137 x14:0x7fff74c3 PA:0x80008316
       15095000	      1508	80000394	400a80b3	sub	x1,x21,x0	 x21:0x0b12be40  x0:0x00000000  x1=0x0b12be40
       15105000	      1509	80000398	24368e03	lb	x28,579(x13)	 x13:0x80008137 x28=0x00000039 PA:0x8000837a
       15115000	      1510	8000039c	243691a3	sh	x3,579(x13)	 x13:0x80008137  x3:0xffffff93 PA:0x8000837a
       15125000	      1511	800003a0	f8a69da3	sh	x10,-101(x13)	 x13:0x80008137 x10:0x00000001 PA:0x800080d2
       15135000	      1512	800003a4	0170e433	or	x8,x1,x23	  x1:0x0b12be40 x23:0x00000000  x8=0x0b12be40
       15145000	      1513	800003a8	6d868903	lb	x18,1752(x13)	 x13:0x80008137 x18=0xffffffa4 PA:0x8000880f
       15155000	      1514	800003ac	4626c583	lbu	x11,1122(x13)	 x13:0x80008137 x11=0x0000002e PA:0x80008599
       15165000	      1515	800003b0	47b68123	sb	x27,1122(x13)	 x13:0x80008137 x27:0x80009fc4 PA:0x80008599
       15175000	      1516	800003b4	4d569303	lh	x6,1237(x13)	 x13:0x80008137  x6=0xffffc1ac PA:0x8000860c
       15185000	      1517	800003b8	f62cd997	auipc	x19,0xf62cd	 x19=0x762cd3b4
       15195000	      1518	800003bc	4c569aa3	sh	x5,1237(x13)	 x13:0x80008137  x5:0x00000000 PA:0x8000860c
       15205000	      1519	800003c0	4db6aaa3	sw	x27,1237(x13)	 x13:0x80008137 x27:0x80009fc4 PA:0x8000860c
       15215000	      1520	800003c4	36569d03	lh	x26,869(x13)	 x13:0x80008137 x26=0x00002971 PA:0x8000849c
       15225000	      1521	800003c8	24d68823	sb	x13,592(x13)	 x13:0x80008137 x13:0x80008137 PA:0x80008387
       15235000	      1522	800003cc	03a96063	bltu	x18,x26,800003ec	 x18:0xffffffa4 x26:0x00002971
       15245000	      1523	800003d0	0121e3b3	or	x7,x3,x18	  x3:0xffffff93 x18:0xffffffa4  x7=0xffffffb7
       15255000	      1524	800003d4	01fc8d33	add	x26,x25,x31	 x25:0x1b1a4070 x31:0x80009f84 x26=0x9b1adff4
       15265000	      1525	800003d8	00a7fa63	bgeu	x15,x10,800003ec	 x15:0x80009fc4 x10:0x00000001
       15275000	      1526	00000000	00000013	addi	x0,x0,0	  x0:0x00000000
       15285000	      1527	800003e8	00000013	addi	x0,x0,0	  x0:0x00000000
       15295000	      1528	800003ec	41d1dc13	srai	x24,x3,0x1d	  x3:0xffffff93 x24=0xffffffff
       15305000	      1529	800003f0	00000a17	auipc	x20,0x0	 x20=0x800003ec
       15315000	      1530	800003f4	00ca0a13	addi	x20,x20,12	 x20:0x800003ec x20=0x800003f8
       15325000	      1531	800003f8	000a0067	jalr	x0,x20,0	 x20:0x800003f8
       15335000	      1532	00000000	00000013	addi	x0,x0,0	  x0:0x00000000
       15345000	      1533	800003f8	00000013	addi	x0,x0,0	  x0:0x00000000
       15355000	      1534	800003fc	00100193	addi	x3,x0,1	  x0:0x00000000  x3=0x00000001
       15365000	      1535	80000400	00000073	ecall	
       15375000	      1536	80000404	9c97a393	slti	x7,x15,-1591	 x15:0x80009fc4  x7=0x00000001
