		Time			Cycle	PC		Insn	Decoded instruction	Register and memory contents
          65000	         5	80000004	00000293	addi	x5,x0,0	  x0:0x00000000  x5=0x00000000
          75000	         6	80000008	00000313	addi	x6,x0,0	  x0:0x00000000  x6=0x00000000
          85000	         7	8000000c	00628263	beq	x5,x6,80000010	  x5:0x00000000  x6:0x00000000
          95000	         8	00000000	00000013	addi	x0,x0,0	  x0:0x00000000
         105000	         9	8000000c	00000013	addi	x0,x0,0	  x0:0x00000000
         115000	        10	80000010	00000e97	auipc	x29,0x0	 x29=0x8000000c
         125000	        11	80000014	00ce8e93	addi	x29,x29,12	 x29:0x8000000c x29=0x80000018
         135000	        12	80000018	000e8067	jalr	x0,x29,0	 x29:0x80000018
         145000	        13	00000000	00000013	addi	x0,x0,0	  x0:0x00000000
         155000	        14	80000018	00000013	addi	x0,x0,0	  x0:0x00000000
         165000	        15	8000001c	40000fb7	lui	x31,0x40000	 x31=0x40000000
         175000	        16	80000020	100f8f93	addi	x31,x31,256	 x31:0x40000000 x31=0x40000100
         185000	        17	80000024	00000013	addi	x0,x0,0	  x0:0x00000000
         195000	        18	80000028	0000a917	auipc	x18,0xa	 x18=0x8000a024
         205000	        19	8000002c	fa090913	addi	x18,x18,-96	 x18:0x8000a024 x18=0x80009fc4
         215000	        20	80000030	00003f97	auipc	x31,0x3	 x31=0x8000302c
         225000	        21	80000034	804f8f93	addi	x31,x31,-2044	 x31:0x8000302c x31=0x80002830
         235000	        22	80000038	001fef93	ori	x31,x31,1	 x31:0x80002830 x31=0x80002831
         245000	        23	8000003c	00000013	addi	x0,x0,0	  x0:0x00000000
         255000	        24	80000040	00000f97	auipc	x31,0x0	 x31=0x8000003c
         265000	        25	80000044	020f8f93	addi	x31,x31,32	 x31:0x8000003c x31=0x8000005c
         275000	        26	80000048	00000013	addi	x0,x0,0	  x0:0x00000000
         285000	        27	8000004c	00000013	addi	x0,x0,0	  x0:0x00000000
         295000	        28	80000050	00002fb7	lui	x31,0x2	 x31=0x00002000
         305000	        29	80000054	800f8f93	addi	x31,x31,-2048	 x31:0x00002000 x31=0x00001800
         315000	        30	80000058	00000013	addi	x0,x0,0	  x0:0x00000000
         325000	        31	8000005c	00000013	addi	x0,x0,0	  x0:0x00000000
         335000	        32	80000060	88525037	lui	x0,0x88525	
         345000	        33	80000064	65400013	addi	x0,x0,1620	  x0:0x00000000
         355000	        34	80000068	00200093	addi	x1,x0,2	  x0:0x00000000  x1=0x00000002
         365000	        35	8000006c	00200113	addi	x2,x0,2	  x0:0x00000000  x2=0x00000002
         375000	        36	80000070	00a00193	addi	x3,x0,10	  x0:0x00000000  x3=0x0000000a
         385000	        37	80000074	00a00213	addi	x4,x0,10	  x0:0x00000000  x4=0x0000000a
         395000	        38	80000078	f67192b7	lui	x5,0xf6719	  x5=0xf6719000
         405000	        39	8000007c	2be28293	addi	x5,x5,702	  x5:0xf6719000  x5=0xf67192be
         415000	        40	80000080	00e00313	addi	x6,x0,14	  x0:0x00000000  x6=0x0000000e
         425000	        41	80000084	c30153b7	lui	x7,0xc3015	  x7=0xc3015000
         435000	        42	80000088	67c38393	addi	x7,x7,1660	  x7:0xc3015000  x7=0xc301567c
         445000	        43	8000008c	80000437	lui	x8,0x80000	  x8=0x80000000
         455000	        44	80000090	00000493	addi	x9,x0,0	  x0:0x00000000  x9=0x00000000
         465000	        45	80000094	00000513	addi	x10,x0,0	  x0:0x00000000 x10=0x00000000
         475000	        46	80000098	75faf637	lui	x12,0x75faf	 x12=0x75faf000
         485000	        47	8000009c	70560613	addi	x12,x12,1797	 x12:0x75faf000 x12=0x75faf705
         495000	        48	800000a0	fe7986b7	lui	x13,0xfe798	 x13=0xfe798000
         505000	        49	800000a4	05168693	addi	x13,x13,81	 x13:0xfe798000 x13=0xfe798051
         515000	        50	800000a8	f7144737	lui	x14,0xf7144	 x14=0xf7144000
         525000	        51	800000ac	57470713	addi	x14,x14,1396	 x14:0xf7144000 x14=0xf7144574
         535000	        52	800000b0	f708b7b7	lui	x15,0xf708b	 x15=0xf708b000
         545000	        53	800000b4	61678793	addi	x15,x15,1558	 x15:0xf708b000 x15=0xf708b616
         555000	        54	800000b8	80000837	lui	x16,0x80000	 x16=0x80000000
         565000	        55	800000bc	800008b7	lui	x17,0x80000	 x17=0x80000000
         575000	        56	800000c0	800009b7	lui	x19,0x80000	 x19=0x80000000
         585000	        57	800000c4	f2a4da37	lui	x20,0xf2a4d	 x20=0xf2a4d000
         595000	        58	800000c8	c63a0a13	addi	x20,x20,-925	 x20:0xf2a4d000 x20=0xf2a4cc63
         605000	        59	800000cc	80000ab7	lui	x21,0x80000	 x21=0x80000000
         615000	        60	800000d0	00000b13	addi	x22,x0,0	  x0:0x00000000 x22=0x00000000
         625000	        61	800000d4	00000b93	addi	x23,x0,0	  x0:0x00000000 x23=0x00000000
         635000	        62	800000d8	00000c13	addi	x24,x0,0	  x0:0x00000000 x24=0x00000000
         645000	        63	800000dc	f6322cb7	lui	x25,0xf6322	 x25=0xf6322000
         655000	        64	800000e0	85cc8c93	addi	x25,x25,-1956	 x25:0xf6322000 x25=0xf632185c
         665000	        65	800000e4	00400d13	addi	x26,x0,4	  x0:0x00000000 x26=0x00000004
         675000	        66	800000e8	80000db7	lui	x27,0x80000	 x27=0x80000000
         685000	        67	800000ec	00000e13	addi	x28,x0,0	  x0:0x00000000 x28=0x00000000
         695000	        68	800000f0	e78c5eb7	lui	x29,0xe78c5	 x29=0xe78c5000
         705000	        69	800000f4	680e8e93	addi	x29,x29,1664	 x29:0xe78c5000 x29=0xe78c5680
         715000	        70	800000f8	3a5e7f37	lui	x30,0x3a5e7	 x30=0x3a5e7000
         725000	        71	800000fc	9b8f0f13	addi	x30,x30,-1608	 x30:0x3a5e7000 x30=0x3a5e69b8
         735000	        72	80000100	00000f93	addi	x31,x0,0	  x0:0x00000000 x31=0x00000000
         745000	        73	80000104	0000a597	auipc	x11,0xa	 x11=0x8000a100
         755000	        74	80000108	e8458593	addi	x11,x11,-380	 x11:0x8000a100 x11=0x80009f84
         765000	        75	8000010c	0087e733	or	x14,x15,x8	 x15:0xf708b616  x8:0x80000000 x14=0xf708b616
         775000	        76	80000110	015146b3	xor	x13,x2,x21	  x2:0x00000002 x21:0x80000000 x13=0x80000002
         785000	        77	80000114	015ed813	srli	x16,x29,0x15	 x29:0xe78c5680 x16=0x0000073c
         795000	        78	80000118	f6c7ed13	ori	x26,x15,-148	 x15:0xf708b616 x26=0xffffff7e
         805000	        79	8000011c	00001197	auipc	x3,0x1	  x3=0x80001118
         815000	        80	80000120	81418193	addi	x3,x3,-2028	  x3:0x80001118  x3=0x8000092c
         825000	        81	80000124	0ed60293	addi	x5,x12,237	 x12:0x75faf705  x5=0x75faf7f2
         835000	        82	80000128	0b918193	addi	x3,x3,185	  x3:0x8000092c  x3=0x800009e5
         845000	        83	8000012c	22f67213	andi	x4,x12,559	 x12:0x75faf705  x4=0x00000205
         855000	        84	80000130	00831633	sll	x12,x6,x8	  x6:0x0000000e  x8:0x80000000 x12=0x0000000e
         865000	        85	80000134	f47180e7	jalr	x1,x3,-185	  x3:0x800009e5  x1=0x80000134
         875000	        86	00000000	00000013	addi	x0,x0,0	  x0:0x00000000
         885000	        87	8000092c	00000013	addi	x0,x0,0	  x0:0x00000000
         895000	        88	80000930	00000013	addi	x0,x0,0	  x0:0x00000000
         905000	        89	80000934	01116a33	or	x20,x2,x17	  x2:0x00000002 x17:0x80000000 x20=0x80000002
         915000	        90	80000938	fd458593	addi	x11,x11,-44	 x11:0x80009f84 x11=0x80009f58
         925000	        91	8000093c	00e01a93	slli	x21,x0,0xe	  x0:0x00000000 x21=0x00000000
         935000	        92	80000940	408006b3	sub	x13,x0,x8	  x0:0x00000000  x8:0x80000000 x13=0x80000000
         945000	        93	80000944	f8b81a37	lui	x20,0xf8b81	 x20=0xf8b81000
         955000	        94	80000948	01130db3	add	x27,x6,x17	  x6:0x0000000e x17:0x80000000 x27=0x8000000e
         965000	        95	8000094c	9fe80893	addi	x17,x16,-1538	 x16:0x0000073c x17=0x0000013a
         975000	        96	80000950	0015a223	sw	x1,4(x11)	 x11:0x80009f58  x1:0x80000134 PA:0x80009f5c
         985000	        97	80000954	011983b3	add	x7,x19,x17	 x19:0x80000000 x17:0x0000013a  x7=0x8000013a
         995000	        98	80000958	60fab197	auipc	x3,0x60fab	  x3=0xe0fab954
        1005000	        99	8000095c	00008a17	auipc	x20,0x8	 x20=0x80008958
        1015000	       100	80000960	c49a0a13	addi	x20,x20,-951	 x20:0x80008958 x20=0x800085a1
        1025000	       101	80000964	0e3a0c23	sb	x3,248(x20)	 x20:0x800085a1  x3:0xe0fab954 PA:0x80008699
        1035000	       102	80000968	0f8a4d03	lbu	x26,248(x20)	 x20:0x800085a1 x26=0x00000054 PA:0x80008699
        1045000	       103	8000096c	0a7a4603	lbu	x12,167(x20)	 x20:0x800085a1 x12=0x00000003 PA:0x80008648
        1055000	       104	80000970	09da1483	lh	x9,157(x20)	 x20:0x800085a1  x9=0xfffff4f5 PA:0x8000863e
        1065000	       105	80000974	09da5c83	lhu	x25,157(x20)	 x20:0x800085a1 x25=0x0000f4f5 PA:0x8000863e
        1075000	       106	80000978	09da1d83	lh	x27,157(x20)	 x20:0x800085a1 x27=0xfffff4f5 PA:0x8000863e
        1085000	       107	8000097c	012a4083	lbu	x1,18(x20)	 x20:0x800085a1  x1=0x00000068 PA:0x800085b3
        1095000	       108	80000980	009a0923	sb	x9,18(x20)	 x20:0x800085a1  x9:0xfffff4f5 PA:0x800085b3
        1105000	       109	80000984	012a4783	lbu	x15,18(x20)	 x20:0x800085a1 x15=0x000000f5 PA:0x800085b3
        1115000	       110	80000988	0cba10a3	sh	x11,193(x20)	 x20:0x800085a1 x11:0x80009f58 PA:0x80008662
        1125000	       111	8000098c	f9ba4283	lbu	x5,-101(x20)	 x20:0x800085a1  x5=0x000000f7 PA:0x8000853c
        1135000	       112	80000990	0014d1b3	srl	x3,x9,x1	  x9:0xfffff4f5  x1:0x00000068  x3=0x00fffff4
        1145000	       113	80000994	f60a0883	lb	x17,-160(x20)	 x20:0x800085a1 x17=0xffffffba PA:0x80008501
        1155000	       114	80000998	f60a0083	lb	x1,-160(x20)	 x20:0x800085a1  x1=0xffffffba PA:0x80008501
        1165000	       115	8000099c	046a0f23	sb	x6,94(x20)	 x20:0x800085a1  x6:0x0000000e PA:0x800085ff
        1175000	       116	800009a0	5f110b93	addi	x23,x2,1521	  x2:0x00000002 x23=0x000005f3
        1185000	       117	800009a4	016c6433	or	x8,x24,x22	 x24:0x00000000 x22:0x00000000  x8=0x00000000
        1195000	       118	800009a8	03ba1c83	lh	x25,59(x20)	 x20:0x800085a1 x25=0xffff9697 PA:0x800085dc
        1205000	       119	800009ac	fa8a13a3	sh	x8,-89(x20)	 x20:0x800085a1  x8:0x00000000 PA:0x80008548
        1215000	       120	800009b0	f7ca17a3	sh	x28,-145(x20)	 x20:0x800085a1 x28:0x00000000 PA:0x80008510
        1225000	       121	800009b4	01ba16a3	sh	x27,13(x20)	 x20:0x800085a1 x27:0xfffff4f5 PA:0x800085ae
        1235000	       122	800009b8	f8da1503	lh	x10,-115(x20)	 x20:0x800085a1 x10=0xffffe4e5 PA:0x8000852e
        1245000	       123	800009bc	00008997	auipc	x19,0x8	 x19=0x800089b8
        1255000	       124	800009c0	2f198993	addi	x19,x19,753	 x19:0x800089b8 x19=0x80008ca9
        1265000	       125	800009c4	44be6313	ori	x6,x28,1099	 x28:0x00000000  x6=0x0000044b
        1275000	       126	800009c8	edfdd697	auipc	x13,0xedfdd	 x13=0x6dfdd9c4
        1285000	       127	800009cc	01e98823	sb	x30,16(x19)	 x19:0x80008ca9 x30:0x3a5e69b8 PA:0x80008cb9
        1295000	       128	800009d0	1f5fe613	ori	x12,x31,501	 x31:0x00000000 x12=0x000001f5
        1305000	       129	800009d4	41a78b33	sub	x22,x15,x26	 x15:0x000000f5 x26:0x00000054 x22=0x000000a1
        1315000	       130	800009d8	016f5f33	srl	x30,x30,x22	 x30:0x3a5e69b8 x22:0x000000a1 x30=0x1d2f34dc
        1325000	       131	800009dc	f776f113	andi	x2,x13,-137	 x13:0x6dfdd9c4  x2=0x6dfdd944
        1335000	       132	800009e0	0169c683	lbu	x13,22(x19)	 x19:0x80008ca9 x13=0x000000a4 PA:0x80008cbf
        1345000	       133	800009e4	fc29cb83	lbu	x23,-62(x19)	 x19:0x80008ca9 x23=0x00000050 PA:0x80008c6b
        1355000	       134	800009e8	00298c23	sb	x2,24(x19)	 x19:0x80008ca9  x2:0x6dfdd944 PA:0x80008cc1
        1365000	       135	800009ec	00b3adb3	slt	x27,x7,x11	  x7:0x8000013a x11:0x80009f58 x27=0x00000001
        1375000	       136	800009f0	f55fca93	xori	x21,x31,-171	 x31:0x00000000 x21=0xffffff55
        1385000	       137	800009f4	00000013	addi	x0,x0,0	  x0:0x00000000
        1395000	       138	800009f8	016e1793	slli	x15,x28,0x16	 x28:0x00000000 x15=0x00000000
        1405000	       139	800009fc	f8c08713	addi	x14,x1,-116	  x1:0xffffffba x14=0xffffff46
        1415000	       140	80000a00	00000013	addi	x0,x0,0	  x0:0x00000000
        1425000	       141	80000a04	00a64733	xor	x14,x12,x10	 x12:0x000001f5 x10:0xffffe4e5 x14=0xffffe510
        1435000	       142	80000a08	03399b03	lh	x22,51(x19)	 x19:0x80008ca9 x22=0xffffc6c7 PA:0x80008cdc
        1445000	       143	80000a0c	00385ab3	srl	x21,x16,x3	 x16:0x0000073c  x3:0x00fffff4 x21=0x00000000
        1455000	       144	80000a10	341cfd13	andi	x26,x25,833	 x25:0xffff9697 x26=0x00000201
        1465000	       145	80000a14	01d44433	xor	x8,x8,x29	  x8:0x00000000 x29:0xe78c5680  x8=0xe78c5680
        1475000	       146	80000a18	71c94d13	xori	x26,x18,1820	 x18:0x80009fc4 x26=0x800098d8
        1485000	       147	80000a1c	fd298803	lb	x16,-46(x19)	 x19:0x80008ca9 x16=0x00000060 PA:0x80008c7b
        1495000	       148	80000a20	ff399b83	lh	x23,-13(x19)	 x19:0x80008ca9 x23=0xffff8687 PA:0x80008c9c
        1505000	       149	80000a24	40d1dd33	sra	x26,x3,x13	  x3:0x00fffff4 x13:0x000000a4 x26=0x000fffff
        1515000	       150	80000a28	97b18497	auipc	x9,0x97b18	  x9=0x17b18a24
        1525000	       151	80000a2c	41985533	sra	x10,x16,x25	 x16:0x00000060 x25:0xffff9697 x10=0x00000000
        1535000	       152	80000a30	00000013	addi	x0,x0,0	  x0:0x00000000
        1545000	       153	80000a34	fec9c803	lbu	x16,-20(x19)	 x19:0x80008ca9 x16=0x0000007e PA:0x80008c95
        1555000	       154	80000a38	ac458793	addi	x15,x11,-1340	 x11:0x80009f58 x15=0x80009a1c
        1565000	       155	80000a3c	01598683	lb	x13,21(x19)	 x19:0x80008ca9 x13=0xffffffa5 PA:0x80008cbe
        1575000	       156	80000a40	0140b433	sltu	x8,x1,x20	  x1:0xffffffba x20:0x800085a1  x8=0x00000000
        1585000	       157	80000a44	caccd6b7	lui	x13,0xcaccd	 x13=0xcaccd000
        1595000	       158	80000a48	40798233	sub	x4,x19,x7	 x19:0x80008ca9  x7:0x8000013a  x4=0x00008b6f
        1605000	       159	80000a4c	fe79df83	lhu	x31,-25(x19)	 x19:0x80008ca9 x31=0x00007a7b PA:0x80008c90
        1615000	       160	80000a50	00007117	auipc	x2,0x7	  x2=0x80007a4c
        1625000	       161	80000a54	6ad10113	addi	x2,x2,1709	  x2:0x80007a4c  x2=0x800080f9
        1635000	       162	80000a58	ff210703	lb	x14,-14(x2)	  x2:0x800080f9 x14=0xffffffa0 PA:0x800080eb
        1645000	       163	80000a5c	feb10923	sb	x11,-14(x2)	  x2:0x800080f9 x11:0x80009f58 PA:0x800080eb
        1655000	       164	80000a60	ff710923	sb	x23,-14(x2)	  x2:0x800080f9 x23:0xffff8687 PA:0x800080eb
        1665000	       165	80000a64	ff210f83	lb	x31,-14(x2)	  x2:0x800080f9 x31=0xffffff87 PA:0x800080eb
        1675000	       166	80000a68	ff414503	lbu	x10,-12(x2)	  x2:0x800080f9 x10=0x000000a6 PA:0x800080ed
        1685000	       167	80000a6c	ff414883	lbu	x17,-12(x2)	  x2:0x800080f9 x17=0x000000a6 PA:0x800080ed
        1695000	       168	00000000	00000013	addi	x0,x0,0	  x0:0x00000000
        1705000	       169	80000a70	011e99b3	sll	x19,x29,x17	 x29:0xe78c5680 x17:0x000000a6 x19=0xe315a000
        1715000	       170	80000a74	01dedcb3	srl	x25,x29,x29	 x29:0xe78c5680 x29:0xe78c5680 x25=0xe78c5680
        1725000	       171	80000a78	ff410983	lb	x19,-12(x2)	  x2:0x800080f9 x19=0xffffffa6 PA:0x800080ed
        1735000	       172	80000a7c	01a0d993	srli	x19,x1,0x1a	  x1:0xffffffba x19=0x0000003f
        1745000	       173	80000a80	ff414c83	lbu	x25,-12(x2)	  x2:0x800080f9 x25=0x000000a6 PA:0x800080ed
        1755000	       174	80000a84	40958533	sub	x10,x11,x9	 x11:0x80009f58  x9:0x17b18a24 x10=0x684f1534
        1765000	       175	80000a88	00f11203	lh	x4,15(x2)	  x2:0x800080f9  x4=0xffffc2c3 PA:0x80008108
        1775000	       176	80000a8c	00f14c83	lbu	x25,15(x2)	  x2:0x800080f9 x25=0x000000c3 PA:0x80008108
        1785000	       177	80000a90	fedaaa97	auipc	x21,0xfedaa	 x21=0x7edaaa8c
        1795000	       178	80000a94	01210823	sb	x18,16(x2)	  x2:0x800080f9 x18:0x80009fc4 PA:0x80008109
        1805000	       179	80000a98	01f10823	sb	x31,16(x2)	  x2:0x800080f9 x31:0xffffff87 PA:0x80008109
        1815000	       180	80000a9c	00b12803	lw	x16,11(x2)	  x2:0x800080f9 x16=0xbcbdbebf PA:0x80008104
        1825000	       181	80000aa0	00b14003	lbu	x0,11(x2)	  x2:0x800080f9 PA:0x80008104
        1835000	       182	80000aa4	00145d33	srl	x26,x8,x1	  x8:0x00000000  x1:0xffffffba x26=0x00000000
        1845000	       183	80000aa8	ffd14783	lbu	x15,-3(x2)	  x2:0x800080f9 x15=0x000000ad PA:0x800080f6
        1855000	       184	80000aac	00008117	auipc	x2,0x8	  x2=0x80008aa8
        1865000	       185	80000ab0	efb10113	addi	x2,x2,-261	  x2:0x80008aa8  x2=0x800089a3
        1875000	       186	80000ab4	f4a11ea3	sh	x10,-163(x2)	  x2:0x800089a3 x10:0x684f1534 PA:0x80008900
        1885000	       187	80000ab8	fc714f03	lbu	x30,-57(x2)	  x2:0x800089a3 x30=0x00000051 PA:0x8000896a
        1895000	       188	80000abc	fcc103a3	sb	x12,-57(x2)	  x2:0x800089a3 x12:0x000001f5 PA:0x8000896a
        1905000	       189	80000ac0	fc710b03	lb	x22,-57(x2)	  x2:0x800089a3 x22=0xfffffff5 PA:0x8000896a
        1915000	       190	80000ac4	fc711603	lh	x12,-57(x2)	  x2:0x800089a3 x12=0x000050f5 PA:0x8000896a
        1925000	       191	80000ac8	fc8113a3	sh	x8,-57(x2)	  x2:0x800089a3  x8:0x00000000 PA:0x8000896a
        1935000	       192	80000acc	0007d2b3	srl	x5,x15,x0	 x15:0x000000ad  x0:0x00000000  x5=0x000000ad
        1945000	       193	80000ad0	f6b10ea3	sb	x11,-131(x2)	  x2:0x800089a3 x11:0x80009f58 PA:0x80008920
        1955000	       194	80000ad4	f7d10403	lb	x8,-131(x2)	  x2:0x800089a3  x8=0x00000058 PA:0x80008920
        1965000	       195	80000ad8	09a14f03	lbu	x30,154(x2)	  x2:0x800089a3 x30=0x00000026 PA:0x80008a3d
        1975000	       196	80000adc	41fed013	srai	x0,x29,0x1f	 x29:0xe78c5680
        1985000	       197	80000ae0	09a14a03	lbu	x20,154(x2)	  x2:0x800089a3 x20=0x00000026 PA:0x80008a3d
        1995000	       198	80000ae4	a84ae237	lui	x4,0xa84ae	  x4=0xa84ae000
        2005000	       199	80000ae8	08b10d23	sb	x11,154(x2)	  x2:0x800089a3 x11:0x80009f58 PA:0x80008a3d
        2015000	       200	80000aec	09a14803	lbu	x16,154(x2)	  x2:0x800089a3 x16=0x00000058 PA:0x80008a3d
        2025000	       201	80000af0	09a14283	lbu	x5,154(x2)	  x2:0x800089a3  x5=0x00000058 PA:0x80008a3d
        2035000	       202	80000af4	43febb93	sltiu	x23,x29,1087	 x29:0xe78c5680 x23=0x00000000
        2045000	       203	80000af8	0a910723	sb	x9,174(x2)	  x2:0x800089a3  x9:0x17b18a24 PA:0x80008a51
        2055000	       204	80000afc	f9a11ca3	sh	x26,-103(x2)	  x2:0x800089a3 x26:0x00000000 PA:0x8000893c
        2065000	       205	80000b00	f9915603	lhu	x12,-103(x2)	  x2:0x800089a3 x12=0x00000000 PA:0x8000893c
        2075000	       206	80000b04	01911803	lh	x16,25(x2)	  x2:0x800089a3 x16=0xffffa6a7 PA:0x800089bc
        2085000	       207	80000b08	00008f97	auipc	x31,0x8	 x31=0x80008b04
        2095000	       208	80000b0c	c1ff8f93	addi	x31,x31,-993	 x31:0x80008b04 x31=0x80008723
        2105000	       209	80000b10	01050733	add	x14,x10,x16	 x10:0x684f1534 x16:0xffffa6a7 x14=0x684ebbdb
        2115000	       210	80000b14	405106b3	sub	x13,x2,x5	  x2:0x800089a3  x5:0x00000058 x13=0x8000894b
        2125000	       211	80000b18	008f8b83	lb	x23,8(x31)	 x31:0x80008723 x23=0xffffffe0 PA:0x8000872b
        2135000	       212	80000b1c	92ad8713	addi	x14,x27,-1750	 x27:0x00000001 x14=0xfffff92b
        2145000	       213	80000b20	00a542b3	xor	x5,x10,x10	 x10:0x684f1534 x10:0x684f1534  x5=0x00000000
        2155000	       214	80000b24	002f8283	lb	x5,2(x31)	 x31:0x80008723  x5=0xffffffde PA:0x80008725
        2165000	       215	80000b28	017f83a3	sb	x23,7(x31)	 x31:0x80008723 x23:0xffffffe0 PA:0x8000872a
        2175000	       216	80000b2c	3e78fc17	auipc	x24,0x3e78f	 x24=0xbe78fb28
        2185000	       217	80000b30	008f86a3	sb	x8,13(x31)	 x31:0x80008723  x8:0x00000058 PA:0x80008730
        2195000	       218	80000b34	00255c33	srl	x24,x10,x2	 x10:0x684f1534  x2:0x800089a3 x24=0x0d09e2a6
        2205000	       219	80000b38	40dc5813	srai	x16,x24,0xd	 x24:0x0d09e2a6 x16=0x0000684f
        2215000	       220	80000b3c	000c6cb3	or	x25,x24,x0	 x24:0x0d09e2a6  x0:0x00000000 x25=0x0d09e2a6
        2225000	       221	80000b40	ffcf8fa3	sb	x28,-1(x31)	 x31:0x80008723 x28:0x00000000 PA:0x80008722
        2235000	       222	80000b44	ff6f8a23	sb	x22,-12(x31)	 x31:0x80008723 x22:0xfffffff5 PA:0x80008717
        2245000	       223	80000b48	00711493	slli	x9,x2,0x7	  x2:0x800089a3  x9=0x0044d180
        2255000	       224	80000b4c	003fc983	lbu	x19,3(x31)	 x31:0x80008723 x19=0x000000dd PA:0x80008726
        2265000	       225	80000b50	00c772b3	and	x5,x14,x12	 x14:0xfffff92b x12:0x00000000  x5=0x00000000
        2275000	       226	80000b54	01798633	add	x12,x19,x23	 x19:0x000000dd x23:0xffffffe0 x12=0x000000bd
        2285000	       227	80000b58	01745833	srl	x16,x8,x23	  x8:0x00000058 x23:0xffffffe0 x16=0x00000058
        2295000	       228	80000b5c	ff7f8d03	lb	x26,-9(x31)	 x31:0x80008723 x26=0xffffffd1 PA:0x8000871a
        2305000	       229	80000b60	00e3f633	and	x12,x7,x14	  x7:0x8000013a x14:0xfffff92b x12=0x8000012a
        2315000	       230	80000b64	01c8e8b3	or	x17,x17,x28	 x17:0x000000a6 x28:0x00000000 x17=0x000000a6
        2325000	       231	80000b68	010fcd03	lbu	x26,16(x31)	 x31:0x80008723 x26=0x000000e8 PA:0x80008733
        2335000	       232	80000b6c	01df6033	or	x0,x30,x29	 x30:0x00000026 x29:0xe78c5680
        2345000	       233	80000b70	01181c33	sll	x24,x16,x17	 x16:0x00000058 x17:0x000000a6 x24=0x00001600
        2355000	       234	80000b74	ff9faa03	lw	x20,-7(x31)	 x31:0x80008723 x20=0xd4d5d6d7 PA:0x8000871c
        2365000	       235	80000b78	00b713b3	sll	x7,x14,x11	 x14:0xfffff92b x11:0x80009f58  x7=0x2b000000
        2375000	       236	80000b7c	010fc503	lbu	x10,16(x31)	 x31:0x80008723 x10=0x000000e8 PA:0x80008733
        2385000	       237	80000b80	f8ff5437	lui	x8,0xf8ff5	  x8=0xf8ff5000
        2395000	       238	80000b84	321d7813	andi	x16,x26,801	 x26:0x000000e8 x16=0x00000020
        2405000	       239	80000b88	4053db13	srai	x22,x7,0x5	  x7:0x2b000000 x22=0x01580000
        2415000	       240	80000b8c	007f8e03	lb	x28,7(x31)	 x31:0x80008723 x28=0xffffffe0 PA:0x8000872a
        2425000	       241	80000b90	41db0033	sub	x0,x22,x29	 x22:0x01580000 x29:0xe78c5680
        2435000	       242	80000b94	0029ad33	slt	x26,x19,x2	 x19:0x000000dd  x2:0x800089a3 x26=0x00000000
        2445000	       243	80000b98	965e6a13	ori	x20,x28,-1691	 x28:0xffffffe0 x20=0xffffffe5
        2455000	       244	80000b9c	008f90a3	sh	x8,1(x31)	 x31:0x80008723  x8:0xf8ff5000 PA:0x80008724
        2465000	       245	80000ba0	ffdf9da3	sh	x29,-5(x31)	 x31:0x80008723 x29:0xe78c5680 PA:0x8000871e
        2475000	       246	80000ba4	feaf9da3	sh	x10,-5(x31)	 x31:0x80008723 x10:0x000000e8 PA:0x8000871e
        2485000	       247	80000ba8	7e7cc0b7	lui	x1,0x7e7cc	  x1=0x7e7cc000
        2495000	       248	80000bac	000f8183	lb	x3,0(x31)	 x31:0x80008723  x3=0xffffffd8 PA:0x80008723
        2505000	       249	80000bb0	01f79c33	sll	x24,x15,x31	 x15:0x000000ad x31:0x80008723 x24=0x00000568
        2515000	       250	80000bb4	01268233	add	x4,x13,x18	 x13:0x8000894b x18:0x80009fc4  x4=0x0001290f
        2525000	       251	80000bb8	00af9993	slli	x19,x31,0xa	 x31:0x80008723 x19=0x021c8c00
        2535000	       252	80000bbc	006f8733	add	x14,x31,x6	 x31:0x80008723  x6:0x0000044b x14=0x80008b6e
        2545000	       253	80000bc0	fe7f8d23	sb	x7,-6(x31)	 x31:0x80008723  x7:0x2b000000 PA:0x8000871d
        2555000	       254	80000bc4	00008797	auipc	x15,0x8	 x15=0x80008bc0
        2565000	       255	80000bc8	a9e78793	addi	x15,x15,-1378	 x15:0x80008bc0 x15=0x8000865e
        2575000	       256	80000bcc	00007717	auipc	x14,0x7	 x14=0x80007bc8
        2585000	       257	80000bd0	6fb70713	addi	x14,x14,1787	 x14:0x80007bc8 x14=0x800082c3
        2595000	       258	80000bd4	00008a17	auipc	x20,0x8	 x20=0x80008bd0
        2605000	       259	80000bd8	a6fa0a13	addi	x20,x20,-1425	 x20:0x80008bd0 x20=0x8000863f
        2615000	       260	80000bdc	00008e17	auipc	x28,0x8	 x28=0x80008bd8
        2625000	       261	80000be0	962e0e13	addi	x28,x28,-1694	 x28:0x80008bd8 x28=0x8000853a
        2635000	       262	80000be4	00aa4983	lbu	x19,10(x20)	 x20:0x8000863f x19=0x00000002 PA:0x80008649
        2645000	       263	80000be8	ffc78983	lb	x19,-4(x15)	 x15:0x8000865e x19=0x00000011 PA:0x8000865a
        2655000	       264	80000bec	fe570383	lb	x7,-27(x14)	 x14:0x800082c3  x7=0x00000063 PA:0x800082a8
        2665000	       265	80000bf0	fc874f03	lbu	x30,-56(x14)	 x14:0x800082c3 x30=0x00000040 PA:0x8000828b
        2675000	       266	80000bf4	ffca0f23	sb	x28,-2(x20)	 x20:0x8000863f x28:0x8000853a PA:0x8000863d
        2685000	       267	80000bf8	ff879883	lh	x17,-8(x15)	 x15:0x8000865e x17=0x00000c0d PA:0x80008656
        2695000	       268	80000bfc	006a4303	lbu	x6,6(x20)	 x20:0x8000863f  x6=0x000000fe PA:0x80008645
        2705000	       269	80000c00	ff4e1983	lh	x19,-12(x28)	 x28:0x8000853a x19=0xffffe4e5 PA:0x8000852e
        2715000	       270	80000c04	ff8e1603	lh	x12,-8(x28)	 x28:0x8000853a x12=0xffffe8e9 PA:0x80008532
        2725000	       271	80000c08	ffe7a303	lw	x6,-2(x15)	 x15:0x8000865e  x6=0x14151617 PA:0x8000865c
        2735000	       272	80000c0c	0077c003	lbu	x0,7(x15)	 x15:0x8000865e PA:0x80008665
        2745000	       273	80000c10	001716a3	sh	x1,13(x14)	 x14:0x800082c3  x1:0x7e7cc000 PA:0x800082d0
        2755000	       274	80000c14	ffd78203	lb	x4,-3(x15)	 x15:0x8000865e  x4=0x00000010 PA:0x8000865b
        2765000	       275	80000c18	ff778aa3	sb	x23,-11(x15)	 x15:0x8000865e x23:0xffffffe0 PA:0x80008653
        2775000	       276	80000c1c	03ae5c03	lhu	x24,58(x28)	 x28:0x8000853a x24=0x00002e2f PA:0x80008574
        2785000	       277	80000c20	ff7a0883	lb	x17,-9(x20)	 x20:0x8000863f x17=0xffffffed PA:0x80008636
        2795000	       278	80000c24	ff37c403	lbu	x8,-13(x15)	 x15:0x8000865e  x8=0x0000000a PA:0x80008651
        2805000	       279	80000c28	ffda1f03	lh	x30,-3(x20)	 x20:0x8000863f x30=0x00003af7 PA:0x8000863c
        2815000	       280	80000c2c	fcc70c03	lb	x24,-52(x14)	 x14:0x800082c3 x24=0x00000044 PA:0x8000828f
        2825000	       281	80000c30	00578c83	lb	x25,5(x15)	 x15:0x8000865e x25=0xffffff9f PA:0x80008663
        2835000	       282	80000c34	00ae4103	lbu	x2,10(x28)	 x28:0x8000853a  x2=0x000000ff PA:0x80008544
        2845000	       283	80000c38	00f78c03	lb	x24,15(x15)	 x15:0x8000865e x24=0x00000026 PA:0x8000866d
        2855000	       284	80000c3c	ffe71ba3	sh	x30,-9(x14)	 x14:0x800082c3 x30:0x00003af7 PA:0x800082ba
        2865000	       285	80000c40	010a4603	lbu	x12,16(x20)	 x20:0x8000863f x12=0x00000004 PA:0x8000864f
        2875000	       286	80000c44	ff1e0ba3	sb	x17,-9(x28)	 x28:0x8000853a x17:0xffffffed PA:0x80008531
        2885000	       287	80000c48	01678423	sb	x22,8(x15)	 x15:0x8000865e x22:0x01580000 PA:0x80008666
        2895000	       288	80000c4c	ff175303	lhu	x6,-15(x14)	 x14:0x800082c3  x6=0x00006e6f PA:0x800082b4
        2905000	       289	80000c50	040e1603	lh	x12,64(x28)	 x28:0x8000853a x12=0x00003031 PA:0x8000857a
        2915000	       290	80000c54	00008497	auipc	x9,0x8	  x9=0x80008c50
        2925000	       291	80000c58	d8048493	addi	x9,x9,-640	  x9:0x80008c50  x9=0x800089d0
        2935000	       292	80000c5c	49e4d603	lhu	x12,1182(x9)	  x9:0x800089d0 x12=0x00005455 PA:0x80008e6e
        2945000	       293	80000c60	00008117	auipc	x2,0x8	  x2=0x80008c5c
        2955000	       294	80000c64	dee10113	addi	x2,x2,-530	  x2:0x80008c5c  x2=0x80008a4a
        2965000	       295	80000c68	00c15883	lhu	x17,12(x2)	  x2:0x80008a4a x17=0x00003c3d PA:0x80008a56
        2975000	       296	80000c6c	00008e17	auipc	x28,0x8	 x28=0x80008c68
        2985000	       297	80000c70	11ee0e13	addi	x28,x28,286	 x28:0x80008c68 x28=0x80008d86
        2995000	       298	80000c74	fbae1203	lh	x4,-70(x28)	 x28:0x80008d86  x4=0x00002a2b PA:0x80008d40
        3005000	       299	80000c78	e5d4c883	lbu	x17,-419(x9)	  x9:0x800089d0 x17=0x00000016 PA:0x8000882d
        3015000	       300	80000c7c	f5ce1983	lh	x19,-164(x28)	 x28:0x80008d86 x19=0xffffc8c9 PA:0x80008ce2
        3025000	       301	80000c80	ff610ca3	sb	x22,-7(x2)	  x2:0x80008a4a x22:0x01580000 PA:0x80008a43
        3035000	       302	80000c84	39148383	lb	x7,913(x9)	  x9:0x800089d0  x7=0x0000004a PA:0x80008d61
        3045000	       303	80000c88	0e2e06a3	sb	x2,237(x28)	 x28:0x80008d86  x2:0x80008a4a PA:0x80008e73
        3055000	       304	80000c8c	ff210b83	lb	x23,-14(x2)	  x2:0x80008a4a x23=0x00000027 PA:0x80008a3c
        3065000	       305	80000c90	062e0683	lb	x13,98(x28)	 x28:0x80008d86 x13=0xffffffd3 PA:0x80008de8
        3075000	       306	80000c94	35c49983	lh	x19,860(x9)	  x9:0x800089d0 x19=0x00001617 PA:0x80008d2c
        3085000	       307	80000c98	09be1123	sh	x27,130(x28)	 x28:0x80008d86 x27:0x00000001 PA:0x80008e08
        3095000	       308	80000c9c	00912523	sw	x9,10(x2)	  x2:0x80008a4a  x9:0x800089d0 PA:0x80008a54
        3105000	       309	80000ca0	3054c883	lbu	x17,773(x9)	  x9:0x800089d0 x17=0x000000be PA:0x80008cd5
        3115000	       310	80000ca4	00d14683	lbu	x13,13(x2)	  x2:0x80008a4a x13=0x00000080 PA:0x80008a57
        3125000	       311	00000000	00000013	addi	x0,x0,0	  x0:0x00000000
        3135000	       312	80000ca8	ecd48c83	lb	x25,-307(x9)	  x9:0x800089d0 x25=0xffffff86 PA:0x8000889d
        3145000	       313	80000cac	00008797	auipc	x15,0x8	 x15=0x80008ca8
        3155000	       314	80000cb0	ef378793	addi	x15,x15,-269	 x15:0x80008ca8 x15=0x80008b9b
        3165000	       315	80000cb4	3367ce03	lbu	x28,822(x15)	 x15:0x80008b9b x28=0x000000ba PA:0x80008ed1
        3175000	       316	80000cb8	0d478223	sb	x20,196(x15)	 x15:0x80008b9b x20:0x8000863f PA:0x80008c5f
        3185000	       317	80000cbc	3d278b03	lb	x22,978(x15)	 x15:0x80008b9b x22=0x00000056 PA:0x80008f6d
        3195000	       318	80000cc0	001a70b3	and	x1,x20,x1	 x20:0x8000863f  x1:0x7e7cc000  x1=0x00008000
        3205000	       319	80000cc4	cb578e23	sb	x21,-836(x15)	 x15:0x80008b9b x21:0x7edaaa8c PA:0x80008857
        3215000	       320	80000cc8	1c2798a3	sh	x2,465(x15)	 x15:0x80008b9b  x2:0x80008a4a PA:0x80008d6c
        3225000	       321	80000ccc	cf57a883	lw	x17,-779(x15)	 x15:0x80008b9b x17=0x78797a7b PA:0x80008890
        3235000	       322	80000cd0	0677c603	lbu	x12,103(x15)	 x15:0x80008b9b x12=0x000000e9 PA:0x80008c02
        3245000	       323	80000cd4	00e828b3	slt	x17,x16,x14	 x16:0x00000020 x14:0x800082c3 x17=0x00000000
        3255000	       324	80000cd8	75696d13	ori	x26,x18,1878	 x18:0x80009fc4 x26=0x80009fd6
        3265000	       325	80000cdc	fe778b83	lb	x23,-25(x15)	 x15:0x80008b9b x23=0x00000069 PA:0x80008b82
        3275000	       326	00000000	00000013	addi	x0,x0,0	  x0:0x00000000
        3285000	       327	80000ce0	37778a23	sb	x23,884(x15)	 x15:0x80008b9b x23:0x00000069 PA:0x80008f0f
        3295000	       328	80000ce4	3ae7ca03	lbu	x20,942(x15)	 x15:0x80008b9b x20=0x00000032 PA:0x80008f49
        3305000	       329	80000ce8	e3278603	lb	x12,-462(x15)	 x15:0x80008b9b x12=0xffffffb6 PA:0x800089cd
        3315000	       330	80000cec	9104ac13	slti	x24,x9,-1776	  x9:0x800089d0 x24=0x00000001
        3325000	       331	80000cf0	ea379fa3	sh	x3,-321(x15)	 x15:0x80008b9b  x3:0xffffffd8 PA:0x80008a5a
        3335000	       332	80000cf4	01868d33	add	x26,x13,x24	 x13:0x00000080 x24:0x00000001 x26=0x00000081
        3345000	       333	80000cf8	10b78b23	sb	x11,278(x15)	 x15:0x80008b9b x11:0x80009f58 PA:0x80008cb1
        3355000	       334	80000cfc	05f79a03	lh	x20,95(x15)	 x15:0x80008b9b x20=0xffffe0e1 PA:0x80008bfa
        3365000	       335	80000d00	41b2d633	sra	x12,x5,x27	  x5:0x00000000 x27:0x00000001 x12=0x00000000
        3375000	       336	80000d04	00db2033	slt	x0,x22,x13	 x22:0x00000056 x13:0x00000080
        3385000	       337	80000d08	1c678d83	lb	x27,454(x15)	 x15:0x80008b9b x27=0x0000004a PA:0x80008d61
        3395000	       338	80000d0c	013ce1b3	or	x3,x25,x19	 x25:0xffffff86 x19:0x00001617  x3=0xffffff97
        3405000	       339	80000d10	002e3b33	sltu	x22,x28,x2	 x28:0x000000ba  x2:0x80008a4a x22=0x00000001
        3415000	       340	80000d14	0085bfb3	sltu	x31,x11,x8	 x11:0x80009f58  x8:0x0000000a x31=0x00000000
        3425000	       341	80000d18	40760533	sub	x10,x12,x7	 x12:0x00000000  x7:0x0000004a x10=0xffffffb6
        3435000	       342	80000d1c	0c478623	sb	x4,204(x15)	 x15:0x80008b9b  x4:0x00002a2b PA:0x80008c67
        3445000	       343	80000d20	3827c803	lbu	x16,898(x15)	 x15:0x80008b9b x16=0x00000006 PA:0x80008f1d
        3455000	       344	80000d24	d5938713	addi	x14,x7,-679	  x7:0x0000004a x14=0xfffffda3
        3465000	       345	80000d28	5bc65ab7	lui	x21,0x5bc65	 x21=0x5bc65000
        3475000	       346	80000d2c	01eb2f33	slt	x30,x22,x30	 x22:0x00000001 x30:0x00003af7 x30=0x00000001
        3485000	       347	80000d30	05a7c083	lbu	x1,90(x15)	 x15:0x80008b9b  x1=0x000000de PA:0x80008bf5
        3495000	       348	80000d34	40200e33	sub	x28,x0,x2	  x0:0x00000000  x2:0x80008a4a x28=0x7fff75b6
        3505000	       349	80000d38	00a69f33	sll	x30,x13,x10	 x13:0x00000080 x10:0xffffffb6 x30=0x20000000
        3515000	       350	80000d3c	2cc787a3	sb	x12,719(x15)	 x15:0x80008b9b x12:0x00000000 PA:0x80008e6a
        3525000	       351	80000d40	e8478c23	sb	x4,-360(x15)	 x15:0x80008b9b  x4:0x00002a2b PA:0x80008a33
        3535000	       352	80000d44	2b57ab03	lw	x22,693(x15)	 x15:0x80008b9b x22=0x38393a3b PA:0x80008e50
        3545000	       353	80000d48	00008117	auipc	x2,0x8	  x2=0x80008d44
        3555000	       354	80000d4c	28d10113	addi	x2,x2,653	  x2:0x80008d44  x2=0x80008fd1
        3565000	       355	80000d50	daa10783	lb	x15,-598(x2)	  x2:0x80008fd1 x15=0x00000060 PA:0x80008d7b
        3575000	       356	80000d54	d15110a3	sh	x21,-767(x2)	  x2:0x80008fd1 x21:0x5bc65000 PA:0x80008cd2
        3585000	       357	80000d58	d01110a3	sh	x1,-767(x2)	  x2:0x80008fd1  x1:0x000000de PA:0x80008cd2
        3595000	       358	80000d5c	d07100a3	sb	x7,-767(x2)	  x2:0x80008fd1  x7:0x0000004a PA:0x80008cd2
        3605000	       359	80000d60	00000013	addi	x0,x0,0	  x0:0x00000000
        3615000	       360	80000d64	d0115883	lhu	x17,-767(x2)	  x2:0x80008fd1 x17=0x0000004a PA:0x80008cd2
        3625000	       361	80000d68	d0111983	lh	x19,-767(x2)	  x2:0x80008fd1 x19=0x0000004a PA:0x80008cd2
        3635000	       362	80000d6c	ac5116a3	sh	x5,-1331(x2)	  x2:0x80008fd1  x5:0x00000000 PA:0x80008a9e
        3645000	       363	80000d70	92315283	lhu	x5,-1757(x2)	  x2:0x80008fd1  x5=0x0000dedf PA:0x800088f4
        3655000	       364	80000d74	00f15333	srl	x6,x2,x15	  x2:0x80008fd1 x15:0x00000060  x6=0x80008fd1
        3665000	       365	80000d78	922111a3	sh	x2,-1757(x2)	  x2:0x80008fd1  x2:0x80008fd1 PA:0x800088f4
        3675000	       366	80000d7c	b98111a3	sh	x24,-1149(x2)	  x2:0x80008fd1 x24:0x00000001 PA:0x80008b54
        3685000	       367	80000d80	ca014f03	lbu	x30,-864(x2)	  x2:0x80008fd1 x30=0x0000005a PA:0x80008c71
        3695000	       368	80000d84	8ee10283	lb	x5,-1810(x2)	  x2:0x80008fd1  x5=0xffffffa4 PA:0x800088bf
        3705000	       369	80000d88	a5e14083	lbu	x1,-1442(x2)	  x2:0x80008fd1  x1=0x00000014 PA:0x80008a2f
        3715000	       370	80000d8c	b6010603	lb	x12,-1184(x2)	  x2:0x80008fd1 x12=0x0000001a PA:0x80008b31
        3725000	       371	80000d90	ff010023	sb	x16,-32(x2)	  x2:0x80008fd1 x16:0x00000006 PA:0x80008fb1
        3735000	       372	80000d94	b5b14c03	lbu	x24,-1189(x2)	  x2:0x80008fd1 x24=0x00000017 PA:0x80008b2c
        3745000	       373	80000d98	b8511483	lh	x9,-1147(x2)	  x2:0x80008fd1  x9=0x00003c3d PA:0x80008b56
        3755000	       374	80000d9c	00008817	auipc	x16,0x8	 x16=0x80008d98
        3765000	       375	80000da0	a6780813	addi	x16,x16,-1433	 x16:0x80008d98 x16=0x800087ff
        3775000	       376	80000da4	00007697	auipc	x13,0x7	 x13=0x80007da0
        3785000	       377	80000da8	4c068693	addi	x13,x13,1216	 x13:0x80007da0 x13=0x80008260
        3795000	       378	80000dac	ff080b03	lb	x22,-16(x16)	 x16:0x800087ff x22=0xffffffa4 PA:0x800087ef
        3805000	       379	80000db0	ff480f23	sb	x20,-2(x16)	 x16:0x800087ff x20:0xffffe0e1 PA:0x800087fd
        3815000	       380	80000db4	00f85603	lhu	x12,15(x16)	 x16:0x800087ff x12=0x0000c4c5 PA:0x8000880e
        3825000	       381	80000db8	48e69503	lh	x10,1166(x13)	 x13:0x80008260 x10=0xffffa4a5 PA:0x800086ee
        3835000	       382	80000dbc	4fa6cc83	lbu	x25,1274(x13)	 x13:0x80008260 x25=0x00000011 PA:0x8000875a
        3845000	       383	80000dc0	ff684303	lbu	x6,-10(x16)	 x16:0x800087ff  x6=0x000000ae PA:0x800087f5
        3855000	       384	80000dc4	f9e6d203	lhu	x4,-98(x13)	 x13:0x80008260  x4=0x0000b4b5 PA:0x800081fe
        3865000	       385	80000dc8	01180223	sb	x17,4(x16)	 x16:0x800087ff x17:0x0000004a PA:0x80008803
        3875000	       386	80000dcc	fe2809a3	sb	x2,-13(x16)	 x16:0x800087ff  x2:0x80008fd1 PA:0x800087f2
        3885000	       387	80000dd0	04a6d383	lhu	x7,74(x13)	 x13:0x80008260  x7=0x00006061 PA:0x800082aa
        3895000	       388	80000dd4	44068d23	sb	x0,1114(x13)	 x13:0x80008260  x0:0x00000000 PA:0x800086ba
        3905000	       389	80000dd8	ff980ea3	sb	x25,-3(x16)	 x16:0x800087ff x25:0x00000011 PA:0x800087fc
        3915000	       390	80000ddc	005816a3	sh	x5,13(x16)	 x16:0x800087ff  x5:0xffffffa4 PA:0x8000880c
        3925000	       391	80000de0	00008217	auipc	x4,0x8	  x4=0x80008ddc
        3935000	       392	80000de4	b7620213	addi	x4,x4,-1162	  x4:0x80008ddc  x4=0x80008952
        3945000	       393	80000de8	06724b83	lbu	x23,103(x4)	  x4:0x80008952 x23=0x000000a2 PA:0x800089b9
        3955000	       394	80000dec	1b425f03	lhu	x30,436(x4)	  x4:0x80008952 x30=0x0000eced PA:0x80008b06
        3965000	       395	80000df0	5a320c83	lb	x25,1443(x4)	  x4:0x80008952 x25=0xffffffde PA:0x80008ef5
        3975000	       396	80000df4	5a320e03	lb	x28,1443(x4)	  x4:0x80008952 x28=0xffffffde PA:0x80008ef5
        3985000	       397	80000df8	5a320103	lb	x2,1443(x4)	  x4:0x80008952  x2=0xffffffde PA:0x80008ef5
        3995000	       398	80000dfc	0133b533	sltu	x10,x7,x19	  x7:0x00006061 x19:0x0000004a x10=0x00000000
        4005000	       399	80000e00	5a324a03	lbu	x20,1443(x4)	  x4:0x80008952 x20=0x000000de PA:0x80008ef5
        4015000	       400	80000e04	30920423	sb	x9,776(x4)	  x4:0x80008952  x9:0x00003c3d PA:0x80008c5a
        4025000	       401	80000e08	56620fa3	sb	x6,1407(x4)	  x4:0x80008952  x6:0x000000ae PA:0x80008ed1
        4035000	       402	80000e0c	4185dc33	sra	x24,x11,x24	 x11:0x80009f58 x24:0x00000017 x24=0xffffff00
        4045000	       403	80000e10	57d20fa3	sb	x29,1407(x4)	  x4:0x80008952 x29:0xe78c5680 PA:0x80008ed1
        4055000	       404	80000e14	67221223	sh	x18,1636(x4)	  x4:0x80008952 x18:0x80009fc4 PA:0x80008fb6
        4065000	       405	80000e18	fb2207a3	sb	x18,-81(x4)	  x4:0x80008952 x18:0x80009fc4 PA:0x80008901
        4075000	       406	80000e1c	fa4207a3	sb	x4,-81(x4)	  x4:0x80008952  x4:0x80008952 PA:0x80008901
        4085000	       407	80000e20	41628333	sub	x6,x5,x22	  x5:0xffffffa4 x22:0xffffffa4  x6=0x00000000
        4095000	       408	80000e24	fba207a3	sb	x26,-81(x4)	  x4:0x80008952 x26:0x00000081 PA:0x80008901
        4105000	       409	80000e28	ee9ec493	xori	x9,x29,-279	 x29:0xe78c5680  x9=0x1873a869
        4115000	       410	80000e2c	41a0da33	sra	x20,x1,x26	  x1:0x00000014 x26:0x00000081 x20=0x0000000a
        4125000	       411	80000e30	e848d017	auipc	x0,0xe848d	
        4135000	       412	80000e34	f1d24a83	lbu	x21,-227(x4)	  x4:0x80008952 x21=0x00000054 PA:0x8000886f
        4145000	       413	80000e38	f1220ea3	sb	x18,-227(x4)	  x4:0x80008952 x18:0x80009fc4 PA:0x8000886f
        4155000	       414	80000e3c	43522b23	sw	x21,1078(x4)	  x4:0x80008952 x21:0x00000054 PA:0x80008d88
        4165000	       415	80000e40	43620e03	lb	x28,1078(x4)	  x4:0x80008952 x28=0x00000054 PA:0x80008d88
        4175000	       416	80000e44	43620083	lb	x1,1078(x4)	  x4:0x80008952  x1=0x00000054 PA:0x80008d88
        4185000	       417	80000e48	43622483	lw	x9,1078(x4)	  x4:0x80008952  x9=0x00000054 PA:0x80008d88
        4195000	       418	80000e4c	00008817	auipc	x16,0x8	 x16=0x80008e48
        4205000	       419	80000e50	13d80813	addi	x16,x16,317	 x16:0x80008e48 x16=0x80008f85
        4215000	       420	80000e54	001703b3	add	x7,x14,x1	 x14:0xfffffda3  x1:0x00000054  x7=0xfffffdf7
        4225000	       421	80000e58	018c22b3	slt	x5,x24,x24	 x24:0xffffff00 x24:0xffffff00  x5=0x00000000
        4235000	       422	80000e5c	d3484883	lbu	x17,-716(x16)	 x16:0x80008f85 x17=0x000000b8 PA:0x80008cb9
        4245000	       423	80000e60	1ac446b7	lui	x13,0x1ac44	 x13=0x1ac44000
        4255000	       424	80000e64	006a5513	srli	x10,x20,0x6	 x20:0x0000000a x10=0x00000000
        4265000	       425	80000e68	1e112437	lui	x8,0x1e112	  x8=0x1e112000
        4275000	       426	80000e6c	8c080f23	sb	x0,-1826(x16)	 x16:0x80008f85  x0:0x00000000 PA:0x80008863
        4285000	       427	80000e70	93884103	lbu	x2,-1736(x16)	 x16:0x80008f85  x2=0x000000a6 PA:0x800088bd
        4295000	       428	80000e74	00000013	addi	x0,x0,0	  x0:0x00000000
        4305000	       429	80000e78	b4880ea3	sb	x8,-1187(x16)	 x16:0x80008f85  x8:0x1e112000 PA:0x80008ae2
        4315000	       430	80000e7c	caf85883	lhu	x17,-849(x16)	 x16:0x80008f85 x17=0x00001e1f PA:0x80008c34
        4325000	       431	80000e80	8ff81e03	lh	x28,-1793(x16)	 x16:0x80008f85 x28=0x00006e6f PA:0x80008884
        4335000	       432	80000e84	c3185e03	lhu	x28,-975(x16)	 x16:0x80008f85 x28=0x00009c9d PA:0x80008bb6
        4345000	       433	80000e88	00c839b3	sltu	x19,x16,x12	 x16:0x80008f85 x12:0x0000c4c5 x19=0x00000000
        4355000	       434	80000e8c	41e45233	sra	x4,x8,x30	  x8:0x1e112000 x30:0x0000eced  x4=0x0000f089
        4365000	       435	80000e90	bc484603	lbu	x12,-1084(x16)	 x16:0x80008f85 x12=0x00000032 PA:0x80008b49
        4375000	       436	80000e94	5da5ab93	slti	x23,x11,1498	 x11:0x80009f58 x23=0x00000001
        4385000	       437	80000e98	0086b0b3	sltu	x1,x13,x8	 x13:0x1ac44000  x8:0x1e112000  x1=0x00000001
        4395000	       438	80000e9c	001e6f33	or	x30,x28,x1	 x28:0x00009c9d  x1:0x00000001 x30=0x00009c9d
        4405000	       439	80000ea0	b8180d03	lb	x26,-1151(x16)	 x16:0x80008f85 x26=0xffffffed PA:0x80008b06
        4415000	       440	80000ea4	01f7cfb3	xor	x31,x15,x31	 x15:0x00000060 x31:0x00000000 x31=0x00000060
        4425000	       441	80000ea8	e23829a3	sw	x3,-461(x16)	 x16:0x80008f85  x3:0xffffff97 PA:0x80008db8
        4435000	       442	80000eac	019b6333	or	x6,x22,x25	 x22:0xffffffa4 x25:0xffffffde  x6=0xfffffffe
        4445000	       443	80000eb0	411f83b3	sub	x7,x31,x17	 x31:0x00000060 x17:0x00001e1f  x7=0xffffe241
        4455000	       444	80000eb4	3ea67113	andi	x2,x12,1002	 x12:0x00000032  x2=0x00000022
        4465000	       445	80000eb8	ab580423	sb	x21,-1368(x16)	 x16:0x80008f85 x21:0x00000054 PA:0x80008a2d
        4475000	       446	80000ebc	be580923	sb	x5,-1038(x16)	 x16:0x80008f85  x5:0x00000000 PA:0x80008b77
        4485000	       447	80000ec0	e4c84283	lbu	x5,-436(x16)	 x16:0x80008f85  x5=0x000000ba PA:0x80008dd1
        4495000	       448	00000000	00000013	addi	x0,x0,0	  x0:0x00000000
        4505000	       449	80000ec4	01a2efb3	or	x31,x5,x26	  x5:0x000000ba x26:0xffffffed x31=0xffffffff
        4515000	       450	80000ec8	c1580783	lb	x15,-1003(x16)	 x16:0x80008f85 x15=0xffffff81 PA:0x80008b9a
        4525000	       451	80000ecc	f2c825a3	sw	x12,-213(x16)	 x16:0x80008f85 x12:0x00000032 PA:0x80008eb0
        4535000	       452	80000ed0	00052633	slt	x12,x10,x0	 x10:0x00000000  x0:0x00000000 x12=0x00000000
        4545000	       453	80000ed4	6805b293	sltiu	x5,x11,1664	 x11:0x80009f58  x5=0x00000000
        4555000	       454	80000ed8	e3880403	lb	x8,-456(x16)	 x16:0x80008f85  x8=0xffffffa6 PA:0x80008dbd
        4565000	       455	80000edc	c3a80323	sb	x26,-986(x16)	 x16:0x80008f85 x26:0xffffffed PA:0x80008bab
        4575000	       456	80000ee0	c6284b83	lbu	x23,-926(x16)	 x16:0x80008f85 x23=0x000000cc PA:0x80008be7
        4585000	       457	80000ee4	9dd84703	lbu	x14,-1571(x16)	 x16:0x80008f85 x14=0x00000049 PA:0x80008962
        4595000	       458	80000ee8	41135c13	srai	x24,x6,0x11	  x6:0xfffffffe x24=0xffffffff
        4605000	       459	80000eec	ed084c03	lbu	x24,-304(x16)	 x16:0x80008f85 x24=0x0000003e PA:0x80008e55
        4615000	       460	80000ef0	05084783	lbu	x15,80(x16)	 x16:0x80008f85 x15=0x000000be PA:0x80008fd5
        4625000	       461	80000ef4	8cd808a3	sb	x13,-1839(x16)	 x16:0x80008f85 x13:0x1ac44000 PA:0x80008856
        4635000	       462	80000ef8	00938233	add	x4,x7,x9	  x7:0xffffe241  x9:0x00000054  x4=0xffffe295
        4645000	       463	80000efc	d94810a3	sh	x20,-639(x16)	 x16:0x80008f85 x20:0x0000000a PA:0x80008d06
        4655000	       464	80000f00	01b2b7b3	sltu	x15,x5,x27	  x5:0x00000000 x27:0x0000004a x15=0x00000001
        4665000	       465	80000f04	96d85083	lhu	x1,-1683(x16)	 x16:0x80008f85  x1=0x0000d8d9 PA:0x800088f2
        4675000	       466	80000f08	d5884383	lbu	x7,-680(x16)	 x16:0x80008f85  x7=0x000000c6 PA:0x80008cdd
        4685000	       467	80000f0c	f4b81a83	lh	x21,-181(x16)	 x16:0x80008f85 x21=0xffff80bb PA:0x80008ed0
        4695000	       468	80000f10	00008817	auipc	x16,0x8	 x16=0x80008f0c
        4705000	       469	80000f14	0b980813	addi	x16,x16,185	 x16:0x80008f0c x16=0x80008fc5
        4715000	       470	80000f18	04417f13	andi	x30,x2,68	  x2:0x00000022 x30=0x00000000
        4725000	       471	80000f1c	f2080203	lb	x4,-224(x16)	 x16:0x80008fc5  x4=0xffffffce PA:0x80008ee5
        4735000	       472	00000000	00000013	addi	x0,x0,0	  x0:0x00000000
        4745000	       473	80000f20	004dd313	srli	x6,x27,0x4	 x27:0x0000004a  x6=0x00000004
        4755000	       474	80000f24	f3581683	lh	x13,-203(x16)	 x16:0x80008fc5 x13=0xffffe0e1 PA:0x80008efa
        4765000	       475	80000f28	32b13197	auipc	x3,0x32b13	  x3=0xb2b13f24
        4775000	       476	80000f2c	fa680183	lb	x3,-90(x16)	 x16:0x80008fc5  x3=0x00000050 PA:0x80008f6b
        4785000	       477	80000f30	f9d81f83	lh	x31,-99(x16)	 x16:0x80008fc5 x31=0x00004849 PA:0x80008f62
        4795000	       478	80000f34	01985f83	lhu	x31,25(x16)	 x16:0x80008fc5 x31=0x0000c4c5 PA:0x80008fde
        4805000	       479	80000f38	00f7de33	srl	x28,x15,x15	 x15:0x00000001 x15:0x00000001 x28=0x00000000
        4815000	       480	80000f3c	0061f3b3	and	x7,x3,x6	  x3:0x00000050  x6:0x00000004  x7=0x00000000
        4825000	       481	80000f40	00000013	addi	x0,x0,0	  x0:0x00000000
        4835000	       482	80000f44	f7484983	lbu	x19,-140(x16)	 x16:0x80008fc5 x19=0x00000022 PA:0x80008f39
        4845000	       483	80000f48	00ca5113	srli	x2,x20,0xc	 x20:0x0000000a  x2=0x00000000
        4855000	       484	80000f4c	f8a84c03	lbu	x24,-118(x16)	 x16:0x80008fc5 x24=0x00000034 PA:0x80008f4f
        4865000	       485	80000f50	562a0d93	addi	x27,x20,1378	 x20:0x0000000a x27=0x0000056c
        4875000	       486	80000f54	f5984b03	lbu	x22,-167(x16)	 x16:0x80008fc5 x22=0x00000005 PA:0x80008f1e
        4885000	       487	80000f58	01984783	lbu	x15,25(x16)	 x16:0x80008fc5 x15=0x000000c5 PA:0x80008fde
        4895000	       488	80000f5c	fff84f83	lbu	x31,-1(x16)	 x16:0x80008fc5 x31=0x000000af PA:0x80008fc4
        4905000	       489	80000f60	fb380703	lb	x14,-77(x16)	 x16:0x80008fc5 x14=0x00000063 PA:0x80008f78
        4915000	       490	80000f64	00d81c03	lh	x24,13(x16)	 x16:0x80008fc5 x24=0xffffb8b9 PA:0x80008fd2
        4925000	       491	80000f68	0196f033	and	x0,x13,x25	 x13:0xffffe0e1 x25:0xffffffde
        4935000	       492	80000f6c	fe884603	lbu	x12,-24(x16)	 x16:0x80008fc5 x12=0x00000096 PA:0x80008fad
        4945000	       493	80000f70	fce84b83	lbu	x23,-50(x16)	 x16:0x80008fc5 x23=0x00000078 PA:0x80008f93
        4955000	       494	80000f74	f9280823	sb	x18,-112(x16)	 x16:0x80008fc5 x18:0x80009fc4 PA:0x80008f55
        4965000	       495	80000f78	2f82e297	auipc	x5,0x2f82e	  x5=0xaf82ef74
        4975000	       496	80000f7c	fd284183	lbu	x3,-46(x16)	 x16:0x80008fc5  x3=0x0000007c PA:0x80008f97
        4985000	       497	80000f80	01a825a3	sw	x26,11(x16)	 x16:0x80008fc5 x26:0xffffffed PA:0x80008fd0
        4995000	       498	80000f84	00891e13	slli	x28,x18,0x8	 x18:0x80009fc4 x28=0x009fc400
        5005000	       499	80000f88	41df8333	sub	x6,x31,x29	 x31:0x000000af x29:0xe78c5680  x6=0x1873aa2f
        5015000	       500	80000f8c	f0b81203	lh	x4,-245(x16)	 x16:0x80008fc5  x4=0xffff80bb PA:0x80008ed0
        5025000	       501	80000f90	fb880323	sb	x24,-90(x16)	 x16:0x80008fc5 x24:0xffffb8b9 PA:0x80008f6b
        5035000	       502	80000f94	fcb80523	sb	x11,-54(x16)	 x16:0x80008fc5 x11:0x80009f58 PA:0x80008f8f
        5045000	       503	80000f98	f6080403	lb	x8,-160(x16)	 x16:0x80008fc5  x8=0x0000000e PA:0x80008f25
        5055000	       504	80000f9c	fd87cb17	auipc	x22,0xfd87c	 x22=0x7d87cf98
        5065000	       505	80000fa0	ffa80fa3	sb	x26,-1(x16)	 x16:0x80008fc5 x26:0xffffffed PA:0x80008fc4
        5075000	       506	80000fa4	00e80603	lb	x12,14(x16)	 x16:0x80008fc5 x12=0xffffffff PA:0x80008fd3
        5085000	       507	80000fa8	000a2433	slt	x8,x20,x0	 x20:0x0000000a  x0:0x00000000  x8=0x00000000
        5095000	       508	80000fac	01184f03	lbu	x30,17(x16)	 x16:0x80008fc5 x30=0x000000bd PA:0x80008fd6
        5105000	       509	80000fb0	f4784d03	lbu	x26,-185(x16)	 x16:0x80008fc5 x26=0x000000f7 PA:0x80008f0c
        5115000	       510	80000fb4	00bc28b3	slt	x17,x24,x11	 x24:0xffffb8b9 x11:0x80009f58 x17=0x00000000
        5125000	       511	80000fb8	fa780f83	lb	x31,-89(x16)	 x16:0x80008fc5 x31=0x00000057 PA:0x80008f6c
        5135000	       512	00000000	00000013	addi	x0,x0,0	  x0:0x00000000
        5145000	       513	80000fbc	405fd1b3	sra	x3,x31,x5	 x31:0x00000057  x5:0xaf82ef74  x3=0x00000000
        5155000	       514	80000fc0	a6ccf493	andi	x9,x25,-1428	 x25:0xffffffde  x9=0xfffffa4c
        5165000	       515	80000fc4	f3684103	lbu	x2,-202(x16)	 x16:0x80008fc5  x2=0x000000e0 PA:0x80008efb
        5175000	       516	80000fc8	01e49893	slli	x17,x9,0x1e	  x9:0xfffffa4c x17=0x00000000
        5185000	       517	80000fcc	01351033	sll	x0,x10,x19	 x10:0x00000000 x19:0x00000022
        5195000	       518	80000fd0	00216fb3	or	x31,x2,x2	  x2:0x000000e0  x2:0x000000e0 x31=0x000000e0
        5205000	       519	80000fd4	01abd633	srl	x12,x23,x26	 x23:0x00000078 x26:0x000000f7 x12=0x00000000
        5215000	       520	80000fd8	01675e63	bge	x14,x22,80000ff4	 x14:0x00000063 x22:0x7d87cf98
        5225000	       521	80000fdc	ba500193	addi	x3,x0,-1115	  x0:0x00000000  x3=0xfffffba5
        5235000	       522	80000fe0	07a79463	bne	x15,x26,80001048	 x15:0x000000c5 x26:0x000000f7
        5245000	       523	00000000	00000013	addi	x0,x0,0	  x0:0x00000000
        5255000	       524	80001044	00000013	addi	x0,x0,0	  x0:0x00000000
        5265000	       525	80001048	00f1eb33	or	x22,x3,x15	  x3:0xfffffba5 x15:0x000000c5 x22=0xfffffbe5
        5275000	       526	8000104c	03de0863	beq	x28,x29,8000107c	 x28:0x009fc400 x29:0xe78c5680
        5285000	       527	80001050	00391533	sll	x10,x18,x3	 x18:0x80009fc4  x3:0xfffffba5 x10=0x0013f880
        5295000	       528	80001054	efe90013	addi	x0,x18,-258	 x18:0x80009fc4
        5305000	       529	80001058	00000013	addi	x0,x0,0	  x0:0x00000000
        5315000	       530	8000105c	15a726b7	lui	x13,0x15a72	 x13=0x15a72000
        5325000	       531	80001060	015bf633	and	x12,x23,x21	 x23:0x00000078 x21:0xffff80bb x12=0x00000038
        5335000	       532	80001064	affd5bb7	lui	x23,0xaffd5	 x23=0xaffd5000
        5345000	       533	80001068	007cff33	and	x30,x25,x7	 x25:0xffffffde  x7:0x00000000 x30=0x00000000
        5355000	       534	8000106c	40ecdf33	sra	x30,x25,x14	 x25:0xffffffde x14:0x00000063 x30=0xfffffffb
        5365000	       535	80001070	01f21a13	slli	x20,x4,0x1f	  x4:0xffff80bb x20=0x80000000
        5375000	       536	80001074	b4a63713	sltiu	x14,x12,-1206	 x12:0x00000038 x14=0x00000001
        5385000	       537	80001078	b01de613	ori	x12,x27,-1279	 x27:0x0000056c x12=0xffffff6d
        5395000	       538	8000107c	40935093	srai	x1,x6,0x9	  x6:0x1873aa2f  x1=0x000c39d5
        5405000	       539	80001080	bea9bf97	auipc	x31,0xbea9b	 x31=0x3ea9c07c
        5415000	       540	80001084	02bad663	bge	x21,x11,800010b0	 x21:0xffff80bb x11:0x80009f58
        5425000	       541	00000000	00000013	addi	x0,x0,0	  x0:0x00000000
        5435000	       542	800010ac	00000013	addi	x0,x0,0	  x0:0x00000000
        5445000	       543	800010b0	010e4733	xor	x14,x28,x16	 x28:0x009fc400 x16:0x80008fc5 x14=0x809f4bc5
        5455000	       544	800010b4	00560db3	add	x27,x12,x5	 x12:0xffffff6d  x5:0xaf82ef74 x27=0xaf82eee1
        5465000	       545	800010b8	013fdc93	srli	x25,x31,0x13	 x31:0x3ea9c07c x25=0x000007d5
        5475000	       546	800010bc	00199fb3	sll	x31,x19,x1	 x19:0x00000022  x1:0x000c39d5 x31=0x04400000
        5485000	       547	800010c0	00b33033	sltu	x0,x6,x11	  x6:0x1873aa2f x11:0x80009f58
        5495000	       548	800010c4	017ca4b3	slt	x9,x25,x23	 x25:0x000007d5 x23:0xaffd5000  x9=0x00000000
        5505000	       549	800010c8	0381d063	bge	x3,x24,800010e8	  x3:0xfffffba5 x24:0xffffb8b9
        5515000	       550	00000000	00000013	addi	x0,x0,0	  x0:0x00000000
        5525000	       551	800010e4	00000013	addi	x0,x0,0	  x0:0x00000000
        5535000	       552	800010e8	ae2aff93	andi	x31,x21,-1310	 x21:0xffff80bb x31=0xffff80a2
        5545000	       553	800010ec	40dd5a13	srai	x20,x26,0xd	 x26:0x000000f7 x20=0x00000000
        5555000	       554	800010f0	015c81b3	add	x3,x25,x21	 x25:0x000007d5 x21:0xffff80bb  x3=0xffff8890
        5565000	       555	800010f4	d9463293	sltiu	x5,x12,-620	 x12:0xffffff6d  x5=0x00000000
        5575000	       556	800010f8	013b34b3	sltu	x9,x22,x19	 x22:0xfffffbe5 x19:0x00000022  x9=0x00000000
        5585000	       557	800010fc	0127bd33	sltu	x26,x15,x18	 x15:0x000000c5 x18:0x80009fc4 x26=0x00000001
        5595000	       558	80001100	41bdd8b3	sra	x17,x27,x27	 x27:0xaf82eee1 x27:0xaf82eee1 x17=0xd7c17770
        5605000	       559	80001104	0044d663	bge	x9,x4,80001110	  x9:0x00000000  x4:0xffff80bb
        5615000	       560	00000000	00000013	addi	x0,x0,0	  x0:0x00000000
        5625000	       561	8000110c	00000013	addi	x0,x0,0	  x0:0x00000000
        5635000	       562	80001110	006a9213	slli	x4,x21,0x6	 x21:0xffff80bb  x4=0xffe02ec0
        5645000	       563	80001114	003ece33	xor	x28,x29,x3	 x29:0xe78c5680  x3:0xffff8890 x28=0x1873de10
        5655000	       564	80001118	ccd38813	addi	x16,x7,-819	  x7:0x00000000 x16=0xfffffccd
        5665000	       565	8000111c	41d8dc13	srai	x24,x17,0x1d	 x17:0xd7c17770 x24=0xfffffffe
        5675000	       566	80001120	040b1463	bne	x22,x0,80001168	 x22:0xfffffbe5  x0:0x00000000
        5685000	       567	00000000	00000013	addi	x0,x0,0	  x0:0x00000000
        5695000	       568	80001164	00000013	addi	x0,x0,0	  x0:0x00000000
        5705000	       569	80001168	7c647a13	andi	x20,x8,1990	  x8:0x00000000 x20=0x00000000
        5715000	       570	8000116c	0147cc63	blt	x15,x20,80001184	 x15:0x000000c5 x20:0x00000000
        5725000	       571	80001170	0419f663	bgeu	x19,x1,800011bc	 x19:0x00000022  x1:0x000c39d5
        5735000	       572	80001174	6d90b713	sltiu	x14,x1,1753	  x1:0x000c39d5 x14=0x00000000
        5745000	       573	80001178	73b0b797	auipc	x15,0x73b0b	 x15=0xf3b0c174
        5755000	       574	8000117c	01c119b3	sll	x19,x2,x28	  x2:0x000000e0 x28:0x1873de10 x19=0x00e00000
        5765000	       575	80001180	debb2013	slti	x0,x22,-533	 x22:0xfffffbe5
        5775000	       576	80001184	00000013	addi	x0,x0,0	  x0:0x00000000
        5785000	       577	80001188	66330993	addi	x19,x6,1635	  x6:0x1873aa2f x19=0x1873b092
        5795000	       578	8000118c	54a82093	slti	x1,x16,1354	 x16:0xfffffccd  x1=0x00000001
        5805000	       579	80001190	00f933b3	sltu	x7,x18,x15	 x18:0x80009fc4 x15:0xf3b0c174  x7=0x00000001
        5815000	       580	80001194	0146c263	blt	x13,x20,80001198	 x13:0x15a72000 x20:0x00000000
        5825000	       581	80001198	40f85a33	sra	x20,x16,x15	 x16:0xfffffccd x15:0xf3b0c174 x20=0xffffffff
        5835000	       582	8000119c	00000013	addi	x0,x0,0	  x0:0x00000000
        5845000	       583	800011a0	3ebe4797	auipc	x15,0x3ebe4	 x15=0xbebe519c
        5855000	       584	800011a4	00a1f133	and	x2,x3,x10	  x3:0xffff8890 x10:0x0013f880  x2=0x00138880
        5865000	       585	800011a8	013f3a33	sltu	x20,x30,x19	 x30:0xfffffffb x19:0x1873b092 x20=0x00000000
        5875000	       586	800011ac	1772fd13	andi	x26,x5,375	  x5:0x00000000 x26=0x00000000
        5885000	       587	800011b0	007c6c33	or	x24,x24,x7	 x24:0xfffffffe  x7:0x00000001 x24=0xffffffff
        5895000	       588	800011b4	01e6a3b3	slt	x7,x13,x30	 x13:0x15a72000 x30:0xfffffffb  x7=0x00000000
        5905000	       589	800011b8	053a4463	blt	x20,x19,80001200	 x20:0x00000000 x19:0x1873b092
        5915000	       590	00000000	00000013	addi	x0,x0,0	  x0:0x00000000
        5925000	       591	800011fc	00000013	addi	x0,x0,0	  x0:0x00000000
        5935000	       592	80001200	9d01e213	ori	x4,x3,-1584	  x3:0xffff8890  x4=0xfffff9d0
        5945000	       593	80001204	e10d7f13	andi	x30,x26,-496	 x26:0x00000000 x30=0x00000000
        5955000	       594	80001208	e2ce3693	sltiu	x13,x28,-468	 x28:0x1873de10 x13=0x00000001
        5965000	       595	8000120c	4b60ba13	sltiu	x20,x1,1206	  x1:0x00000001 x20=0x00000001
        5975000	       596	80001210	0447c263	blt	x15,x4,80001254	 x15:0xbebe519c  x4:0xfffff9d0
        5985000	       597	00000000	00000013	addi	x0,x0,0	  x0:0x00000000
        5995000	       598	80001250	00000013	addi	x0,x0,0	  x0:0x00000000
        6005000	       599	80001254	011f5863	bge	x30,x17,80001264	 x30:0x00000000 x17:0xd7c17770
        6015000	       600	00000000	00000013	addi	x0,x0,0	  x0:0x00000000
        6025000	       601	80001260	00000013	addi	x0,x0,0	  x0:0x00000000
        6035000	       602	80001264	01268bb3	add	x23,x13,x18	 x13:0x00000001 x18:0x80009fc4 x23=0x80009fc5
        6045000	       603	80001268	01129e63	bne	x5,x17,80001284	  x5:0x00000000 x17:0xd7c17770
        6055000	       604	00000000	00000013	addi	x0,x0,0	  x0:0x00000000
        6065000	       605	80001280	00000013	addi	x0,x0,0	  x0:0x00000000
        6075000	       606	80001284	008ad8b3	srl	x17,x21,x8	 x21:0xffff80bb  x8:0x00000000 x17=0xffff80bb
        6085000	       607	80001288	006a1793	slli	x15,x20,0x6	 x20:0x00000001 x15=0x00000040
        6095000	       608	8000128c	019b66b3	or	x13,x22,x25	 x22:0xfffffbe5 x25:0x000007d5 x13=0xfffffff5
        6105000	       609	80001290	00f09c93	slli	x25,x1,0xf	  x1:0x00000001 x25=0x00008000
        6115000	       610	80001294	005d1a63	bne	x26,x5,800012a8	 x26:0x00000000  x5:0x00000000
        6125000	       611	80001298	00ea4f33	xor	x30,x20,x14	 x20:0x00000001 x14:0x00000000 x30=0x00000001
        6135000	       612	8000129c	01ed83b3	add	x7,x27,x30	 x27:0xaf82eee1 x30:0x00000001  x7=0xaf82eee2
        6145000	       613	800012a0	2706e493	ori	x9,x13,624	 x13:0xfffffff5  x9=0xfffffff5
        6155000	       614	800012a4	00ec6263	bltu	x24,x14,800012a8	 x24:0xffffffff x14:0x00000000
        6165000	       615	800012a8	0031b7b3	sltu	x15,x3,x3	  x3:0xffff8890  x3:0xffff8890 x15=0x00000000
        6175000	       616	800012ac	4646b113	sltiu	x2,x13,1124	 x13:0xfffffff5  x2=0x00000000
        6185000	       617	800012b0	41810db3	sub	x27,x2,x24	  x2:0x00000000 x24:0xffffffff x27=0x00000001
        6195000	       618	800012b4	021f4e63	blt	x30,x1,800012f0	 x30:0x00000001  x1:0x00000001
        6205000	       619	800012b8	018cb9b3	sltu	x19,x25,x24	 x25:0x00008000 x24:0xffffffff x19=0x00000001
        6215000	       620	800012bc	234aed97	auipc	x27,0x234ae	 x27=0xa34af2b8
        6225000	       621	800012c0	97de3a93	sltiu	x21,x28,-1667	 x28:0x1873de10 x21=0x00000001
        6235000	       622	800012c4	00000013	addi	x0,x0,0	  x0:0x00000000
        6245000	       623	800012c8	04ed0463	beq	x26,x14,80001310	 x26:0x00000000 x14:0x00000000
        6255000	       624	00000000	00000013	addi	x0,x0,0	  x0:0x00000000
        6265000	       625	8000130c	00000013	addi	x0,x0,0	  x0:0x00000000
        6275000	       626	80001310	01ca5d33	srl	x26,x20,x28	 x20:0x00000001 x28:0x1873de10 x26=0x00000000
        6285000	       627	80001314	7093f613	andi	x12,x7,1801	  x7:0xaf82eee2 x12=0x00000600
        6295000	       628	80001318	4d14f713	andi	x14,x9,1233	  x9:0xfffffff5 x14=0x000004d1
        6305000	       629	8000131c	01252e33	slt	x28,x10,x18	 x10:0x0013f880 x18:0x80009fc4 x28=0x00000000
        6315000	       630	80001320	040d1663	bne	x26,x0,8000136c	 x26:0x00000000  x0:0x00000000
        6325000	       631	80001324	01d75463	bge	x14,x29,8000132c	 x14:0x000004d1 x29:0xe78c5680
        6335000	       632	00000000	00000013	addi	x0,x0,0	  x0:0x00000000
        6345000	       633	80001328	00000013	addi	x0,x0,0	  x0:0x00000000
        6355000	       634	8000132c	01b2b533	sltu	x10,x5,x27	  x5:0x00000000 x27:0xa34af2b8 x10=0x00000001
        6365000	       635	80001330	414d81b3	sub	x3,x27,x20	 x27:0xa34af2b8 x20:0x00000001  x3=0xa34af2b7
        6375000	       636	80001334	ea44cc97	auipc	x25,0xea44c	 x25=0x6a44d330
        6385000	       637	80001338	094d3f13	sltiu	x30,x26,148	 x26:0x00000000 x30=0x00000001
        6395000	       638	8000133c	00000013	addi	x0,x0,0	  x0:0x00000000
        6405000	       639	80001340	412c0633	sub	x12,x24,x18	 x24:0xffffffff x18:0x80009fc4 x12=0x7fff603b
        6415000	       640	80001344	01f7cb33	xor	x22,x15,x31	 x15:0x00000000 x31:0xffff80a2 x22=0xffff80a2
        6425000	       641	80001348	40de5413	srai	x8,x28,0xd	 x28:0x00000000  x8=0x00000000
        6435000	       642	8000134c	0050dc33	srl	x24,x1,x5	  x1:0x00000001  x5:0x00000000 x24=0x00000001
        6445000	       643	80001350	a3b94897	auipc	x17,0xa3b94	 x17=0x23b9534c
        6455000	       644	80001354	00000013	addi	x0,x0,0	  x0:0x00000000
        6465000	       645	80001358	ebc34793	xori	x15,x6,-324	  x6:0x1873aa2f x15=0xe78c5493
        6475000	       646	8000135c	019902b3	add	x5,x18,x25	 x18:0x80009fc4 x25:0x6a44d330  x5=0xea4572f4
        6485000	       647	80001360	0131fc63	bgeu	x3,x19,80001378	  x3:0xa34af2b7 x19:0x00000001
        6495000	       648	00000000	00000013	addi	x0,x0,0	  x0:0x00000000
        6505000	       649	80001374	00000013	addi	x0,x0,0	  x0:0x00000000
        6515000	       650	80001378	0151d993	srli	x19,x3,0x15	  x3:0xa34af2b7 x19=0x0000051a
        6525000	       651	8000137c	59dc8f37	lui	x30,0x59dc8	 x30=0x59dc8000
        6535000	       652	80001380	016522b3	slt	x5,x10,x22	 x10:0x00000001 x22:0xffff80a2  x5=0x00000000
        6545000	       653	80001384	01ceca63	blt	x29,x28,80001398	 x29:0xe78c5680 x28:0x00000000
        6555000	       654	00000000	00000013	addi	x0,x0,0	  x0:0x00000000
        6565000	       655	80001394	00000013	addi	x0,x0,0	  x0:0x00000000
        6575000	       656	80001398	41755293	srai	x5,x10,0x17	 x10:0x00000001  x5=0x00000000
        6585000	       657	8000139c	007cfab3	and	x21,x25,x7	 x25:0x6a44d330  x7:0xaf82eee2 x21=0x2a00c220
        6595000	       658	800013a0	17b3b193	sltiu	x3,x7,379	  x7:0xaf82eee2  x3=0x00000000
        6605000	       659	800013a4	00292e33	slt	x28,x18,x2	 x18:0x80009fc4  x2:0x00000000 x28=0x00000001
        6615000	       660	800013a8	00d3b733	sltu	x14,x7,x13	  x7:0xaf82eee2 x13:0xfffffff5 x14=0x00000001
        6625000	       661	800013ac	415b0633	sub	x12,x22,x21	 x22:0xffff80a2 x21:0x2a00c220 x12=0xd5febe82
        6635000	       662	800013b0	82ad8413	addi	x8,x27,-2006	 x27:0xa34af2b8  x8=0xa34aeae2
        6645000	       663	800013b4	01099f33	sll	x30,x19,x16	 x19:0x0000051a x16:0xfffffccd x30=0x00a34000
        6655000	       664	800013b8	000c40b3	xor	x1,x24,x0	 x24:0x00000001  x0:0x00000000  x1=0x00000001
        6665000	       665	800013bc	40ff5d13	srai	x26,x30,0xf	 x30:0x00a34000 x26=0x00000146
        6675000	       666	800013c0	0118d293	srli	x5,x17,0x11	 x17:0x23b9534c  x5=0x000011dc
        6685000	       667	800013c4	0280f063	bgeu	x1,x8,800013e4	  x1:0x00000001  x8:0xa34aeae2
        6695000	       668	800013c8	01273e33	sltu	x28,x14,x18	 x14:0x00000001 x18:0x80009fc4 x28=0x00000001
        6705000	       669	800013cc	012b2db3	slt	x27,x22,x18	 x22:0xffff80a2 x18:0x80009fc4 x27=0x00000000
        6715000	       670	800013d0	01839d33	sll	x26,x7,x24	  x7:0xaf82eee2 x24:0x00000001 x26=0x5f05ddc4
        6725000	       671	800013d4	0049ed33	or	x26,x19,x4	 x19:0x0000051a  x4:0xfffff9d0 x26=0xfffffdda
        6735000	       672	800013d8	008e0c63	beq	x28,x8,800013f0	 x28:0x00000001  x8:0xa34aeae2
        6745000	       673	800013dc	01eea4b3	slt	x9,x29,x30	 x29:0xe78c5680 x30:0x00a34000  x9=0x00000001
        6755000	       674	800013e0	01146833	or	x16,x8,x17	  x8:0xa34aeae2 x17:0x23b9534c x16=0xa3fbfbee
        6765000	       675	800013e4	01ad8663	beq	x27,x26,800013f0	 x27:0x00000000 x26:0xfffffdda
        6775000	       676	800013e8	014ac2b3	xor	x5,x21,x20	 x21:0x2a00c220 x20:0x00000001  x5=0x2a00c221
        6785000	       677	800013ec	00da7863	bgeu	x20,x13,800013fc	 x20:0x00000001 x13:0xfffffff5
        6795000	       678	800013f0	40205213	srai	x4,x0,0x2	  x0:0x00000000  x4=0x00000000
        6805000	       679	800013f4	012d14b3	sll	x9,x26,x18	 x26:0xfffffdda x18:0x80009fc4  x9=0xffffdda0
        6815000	       680	800013f8	003ae333	or	x6,x21,x3	 x21:0x2a00c220  x3:0x00000000  x6=0x2a00c220
        6825000	       681	800013fc	005726b3	slt	x13,x14,x5	 x14:0x00000001  x5:0x2a00c221 x13=0x00000001
        6835000	       682	80001400	00000013	addi	x0,x0,0	  x0:0x00000000
        6845000	       683	80001404	01969b13	slli	x22,x13,0x19	 x13:0x00000001 x22=0x02000000
        6855000	       684	80001408	40ec5db3	sra	x27,x24,x14	 x24:0x00000001 x14:0x00000001 x27=0x00000000
        6865000	       685	8000140c	0454d263	bge	x9,x5,80001450	  x9:0xffffdda0  x5:0x2a00c221
        6875000	       686	80001410	0320f863	bgeu	x1,x18,80001440	  x1:0x00000001 x18:0x80009fc4
        6885000	       687	80001414	013b4663	blt	x22,x19,80001420	 x22:0x02000000 x19:0x0000051a
        6895000	       688	80001418	00329613	slli	x12,x5,0x3	  x5:0x2a00c221 x12=0x50061108
        6905000	       689	8000141c	746e7a93	andi	x21,x28,1862	 x28:0x00000001 x21=0x00000000
        6915000	       690	80001420	b1a4a313	slti	x6,x9,-1254	  x9:0xffffdda0  x6=0x00000001
        6925000	       691	80001424	c08d7713	andi	x14,x26,-1016	 x26:0xfffffdda x14=0xfffffc08
        6935000	       692	80001428	f12ccd93	xori	x27,x25,-238	 x25:0x6a44d330 x27=0x95bb2c22
        6945000	       693	8000142c	b454f313	andi	x6,x9,-1211	  x9:0xffffdda0  x6=0xffffd900
        6955000	       694	80001430	14044d13	xori	x26,x8,320	  x8:0xa34aeae2 x26=0xa34aeba2
        6965000	       695	80001434	01725333	srl	x6,x4,x23	  x4:0x00000000 x23:0x80009fc5  x6=0x00000000
        6975000	       696	80001438	93743513	sltiu	x10,x8,-1737	  x8:0xa34aeae2 x10=0x00000001
        6985000	       697	8000143c	0358f863	bgeu	x17,x21,8000146c	 x17:0x23b9534c x21:0x00000000
        6995000	       698	00000000	00000013	addi	x0,x0,0	  x0:0x00000000
        7005000	       699	80001468	00000013	addi	x0,x0,0	  x0:0x00000000
        7015000	       700	8000146c	00b86ab3	or	x21,x16,x11	 x16:0xa3fbfbee x11:0x80009f58 x21=0xa3fbfffe
        7025000	       701	80001470	00007c97	auipc	x25,0x7	 x25=0x8000846c
        7035000	       702	80001474	526c8c93	addi	x25,x25,1318	 x25:0x8000846c x25=0x80008992
        7045000	       703	80001478	00007617	auipc	x12,0x7	 x12=0x80008474
        7055000	       704	8000147c	61360613	addi	x12,x12,1555	 x12:0x80008474 x12=0x80008a87
        7065000	       705	80001480	f5d64b03	lbu	x22,-163(x12)	 x12:0x80008a87 x22=0x000000cf PA:0x800089e4
        7075000	       706	80001484	f4760383	lb	x7,-185(x12)	 x12:0x80008a87  x7=0xffffffb5 PA:0x800089ce
        7085000	       707	80001488	0fcc9d03	lh	x26,252(x25)	 x25:0x80008992 x26=0x00007475 PA:0x80008a8e
        7095000	       708	8000148c	0d8cc383	lbu	x7,216(x25)	 x25:0x80008992  x7=0x00000051 PA:0x80008a6a
        7105000	       709	80001490	0fbc8c23	sb	x27,248(x25)	 x25:0x80008992 x27:0x95bb2c22 PA:0x80008a8a
        7115000	       710	80001494	00565c03	lhu	x24,5(x12)	 x12:0x80008a87 x24=0x00007677 PA:0x80008a8c
        7125000	       711	80001498	03c610a3	sh	x28,33(x12)	 x12:0x80008a87 x28:0x00000001 PA:0x80008aa8
        7135000	       712	8000149c	fcdc8703	lb	x14,-51(x25)	 x25:0x80008992 x14=0x00000044 PA:0x8000895f
        7145000	       713	800014a0	089c8c03	lb	x24,137(x25)	 x25:0x80008992 x24=0x00000000 PA:0x80008a1b
        7155000	       714	800014a4	f5b61ba3	sh	x27,-169(x12)	 x12:0x80008a87 x27:0x95bb2c22 PA:0x800089de
        7165000	       715	800014a8	036ca523	sw	x22,42(x25)	 x25:0x80008992 x22:0x000000cf PA:0x800089bc
        7175000	       716	800014ac	f8d60803	lb	x16,-115(x12)	 x12:0x80008a87 x16=0xffffffff PA:0x80008a14
        7185000	       717	800014b0	f8bc8b83	lb	x23,-117(x25)	 x25:0x80008992 x23=0x00000006 PA:0x8000891d
        7195000	       718	800014b4	05ccd703	lhu	x14,92(x25)	 x25:0x80008992 x14=0x0000d4d5 PA:0x800089ee
        7205000	       719	800014b8	03860803	lb	x16,56(x12)	 x12:0x80008a87 x16=0xffffffa4 PA:0x80008abf
        7215000	       720	800014bc	0a1c82a3	sb	x1,165(x25)	 x25:0x80008992  x1:0x00000001 PA:0x80008a37
        7225000	       721	800014c0	fa360b03	lb	x22,-93(x12)	 x12:0x80008a87 x22=0x00000011 PA:0x80008a2a
        7235000	       722	800014c4	03765d03	lhu	x26,55(x12)	 x12:0x80008a87 x26=0x0000a4a5 PA:0x80008abe
        7245000	       723	800014c8	08860f03	lb	x30,136(x12)	 x12:0x80008a87 x30=0xfffffff4 PA:0x80008b0f
        7255000	       724	800014cc	a4e6b413	sltiu	x8,x13,-1458	 x13:0x00000001  x8=0x00000001
        7265000	       725	800014d0	410c5233	sra	x4,x24,x16	 x24:0x00000000 x16:0xffffffa4  x4=0x00000000
        7275000	       726	800014d4	bf3774b7	lui	x9,0xbf377	  x9=0xbf377000
        7285000	       727	800014d8	b10cc313	xori	x6,x25,-1264	 x25:0x80008992  x6=0x7fff7282
        7295000	       728	800014dc	00607663	bgeu	x0,x6,800014e8	  x0:0x00000000  x6:0x7fff7282
        7305000	       729	800014e0	05066663	bltu	x12,x16,8000152c	 x12:0x80008a87 x16:0xffffffa4
        7315000	       730	00000000	00000013	addi	x0,x0,0	  x0:0x00000000
        7325000	       731	80001528	00000013	addi	x0,x0,0	  x0:0x00000000
        7335000	       732	8000152c	007bd7b3	srl	x15,x23,x7	 x23:0x00000006  x7:0x00000051 x15=0x00000000
        7345000	       733	80001530	01855c93	srli	x25,x10,0x18	 x10:0x00000001 x25=0x00000000
        7355000	       734	80001534	0034bbb3	sltu	x23,x9,x3	  x9:0xbf377000  x3:0x00000000 x23=0x00000000
        7365000	       735	80001538	b696cf93	xori	x31,x13,-1175	 x13:0x00000001 x31=0xfffffb68
        7375000	       736	8000153c	019fa133	slt	x2,x31,x25	 x31:0xfffffb68 x25:0x00000000  x2=0x00000001
        7385000	       737	80001540	264abc93	sltiu	x25,x21,612	 x21:0xa3fbfffe x25=0x00000000
        7395000	       738	80001544	035e0463	beq	x28,x21,8000156c	 x28:0x00000001 x21:0xa3fbfffe
        7405000	       739	80001548	0092f633	and	x12,x5,x9	  x5:0x2a00c221  x9:0xbf377000 x12=0x2a004000
        7415000	       740	8000154c	00715213	srli	x4,x2,0x7	  x2:0x00000001  x4=0x00000000
        7425000	       741	80001550	0170ee33	or	x28,x1,x23	  x1:0x00000001 x23:0x00000000 x28=0x00000001
        7435000	       742	80001554	007b8bb3	add	x23,x23,x7	 x23:0x00000000  x7:0x00000051 x23=0x00000051
        7445000	       743	80001558	0172fa63	bgeu	x5,x23,8000156c	  x5:0x2a00c221 x23:0x00000051
        7455000	       744	00000000	00000013	addi	x0,x0,0	  x0:0x00000000
        7465000	       745	80001568	00000013	addi	x0,x0,0	  x0:0x00000000
        7475000	       746	8000156c	0045d2b3	srl	x5,x11,x4	 x11:0x80009f58  x4:0x00000000  x5=0x80009f58
        7485000	       747	80001570	0084d193	srli	x3,x9,0x8	  x9:0xbf377000  x3=0x00bf3770
        7495000	       748	80001574	00b7ed33	or	x26,x15,x11	 x15:0x00000000 x11:0x80009f58 x26=0x80009f58
        7505000	       749	80001578	01b64833	xor	x16,x12,x27	 x12:0x2a004000 x27:0x95bb2c22 x16=0xbfbb6c22
        7515000	       750	8000157c	5c8ac537	lui	x10,0x5c8ac	 x10=0x5c8ac000
        7525000	       751	80001580	01668c33	add	x24,x13,x22	 x13:0x00000001 x22:0x00000011 x24=0x00000012
        7535000	       752	80001584	57f66793	ori	x15,x12,1407	 x12:0x2a004000 x15=0x2a00457f
        7545000	       753	80001588	0eb48d13	addi	x26,x9,235	  x9:0xbf377000 x26=0xbf3770eb
        7555000	       754	8000158c	00288f33	add	x30,x17,x2	 x17:0x23b9534c  x2:0x00000001 x30=0x23b9534d
        7565000	       755	80001590	0f996263	bltu	x18,x25,80001674	 x18:0x80009fc4 x25:0x00000000
        7575000	       756	80001594	01c9d0b3	srl	x1,x19,x28	 x19:0x0000051a x28:0x00000001  x1=0x0000028d
        7585000	       757	80001598	00002bb3	slt	x23,x0,x0	  x0:0x00000000  x0:0x00000000 x23=0x00000000
        7595000	       758	8000159c	00b55413	srli	x8,x10,0xb	 x10:0x5c8ac000  x8=0x000b9158
        7605000	       759	800015a0	00007a97	auipc	x21,0x7	 x21=0x8000859c
        7615000	       760	800015a4	0d0a8a93	addi	x21,x21,208	 x21:0x8000859c x21=0x8000866c
        7625000	       761	800015a8	00007417	auipc	x8,0x7	  x8=0x800085a4
        7635000	       762	800015ac	f9b40413	addi	x8,x8,-101	  x8:0x800085a4  x8=0x8000853f
        7645000	       763	800015b0	00007a17	auipc	x20,0x7	 x20=0x800085ac
        7655000	       764	800015b4	18ca0a13	addi	x20,x20,396	 x20:0x800085ac x20=0x80008738
        7665000	       765	800015b8	00007c97	auipc	x25,0x7	 x25=0x800085b4
        7675000	       766	800015bc	c73c8c93	addi	x25,x25,-909	 x25:0x800085b4 x25=0x80008227
        7685000	       767	800015c0	00007897	auipc	x17,0x7	 x17=0x800085bc
        7695000	       768	800015c4	15988893	addi	x17,x17,345	 x17:0x800085bc x17=0x80008715
        7705000	       769	800015c8	ffcad483	lhu	x9,-4(x21)	 x21:0x8000866c  x9=0x00002223 PA:0x80008668
        7715000	       770	800015cc	ff18d283	lhu	x5,-15(x17)	 x17:0x80008715  x5=0x0000bcbd PA:0x80008706
        7725000	       771	800015d0	ffd8d303	lhu	x6,-3(x17)	 x17:0x80008715  x6=0x0000c8c9 PA:0x80008712
        7735000	       772	800015d4	03141d83	lh	x27,49(x8)	  x8:0x8000853f x27=0x00002a2b PA:0x80008570
        7745000	       773	800015d8	0b2400a3	sb	x18,161(x8)	  x8:0x8000853f x18:0x80009fc4 PA:0x800085e0
        7755000	       774	800015dc	434c8b23	sb	x20,1078(x25)	 x25:0x80008227 x20:0x80008738 PA:0x8000865d
        7765000	       775	800015e0	0ac40b83	lb	x23,172(x8)	  x8:0x8000853f x23=0xffffffa0 PA:0x800085eb
        7775000	       776	800015e4	00d8cd03	lbu	x26,13(x17)	 x17:0x80008715 x26=0x00000000 PA:0x80008722
        7785000	       777	800015e8	fc9a0083	lb	x1,-55(x20)	 x20:0x80008738  x1=0xffffffba PA:0x80008701
        7795000	       778	800015ec	1cdc82a3	sb	x13,453(x25)	 x25:0x80008227 x13:0x00000001 PA:0x800083ec
        7805000	       779	800015f0	02da4803	lbu	x16,45(x20)	 x20:0x80008738 x16=0x0000001e PA:0x80008765
        7815000	       780	800015f4	5dbc8723	sb	x27,1486(x25)	 x25:0x80008227 x27:0x00002a2b PA:0x800087f5
        7825000	       781	800015f8	01240303	lb	x6,18(x8)	  x8:0x8000853f  x6=0x0000000a PA:0x80008551
        7835000	       782	800015fc	00fa83a3	sb	x15,7(x21)	 x21:0x8000866c x15:0x2a00457f PA:0x80008673
        7845000	       783	80001600	06dca283	lw	x5,109(x25)	 x25:0x80008227  x5=0x4c4d4e4f PA:0x80008294
        7855000	       784	80001604	001a06a3	sb	x1,13(x20)	 x20:0x80008738  x1:0xffffffba PA:0x80008745
        7865000	       785	80001608	28cc8703	lb	x14,652(x25)	 x25:0x80008227 x14=0x00000068 PA:0x800084b3
        7875000	       786	8000160c	110cc703	lbu	x14,272(x25)	 x25:0x80008227 x14=0x000000ec PA:0x80008337
        7885000	       787	80001610	00240b83	lb	x23,2(x8)	  x8:0x8000853f x23=0xfffffffa PA:0x80008541
        7895000	       788	80001614	00aa4603	lbu	x12,10(x20)	 x20:0x80008738 x12=0x000000f9 PA:0x80008742
        7905000	       789	80001618	f7444c03	lbu	x24,-140(x8)	  x8:0x8000853f x24=0x00000068 PA:0x800084b3
        7915000	       790	8000161c	fcda4203	lbu	x4,-51(x20)	 x20:0x80008738  x4=0x000000be PA:0x80008705
        7925000	       791	80001620	015a80a3	sb	x21,1(x21)	 x21:0x8000866c x21:0x8000866c PA:0x8000866d
        7935000	       792	80001624	00b8d083	lhu	x1,11(x17)	 x17:0x80008715  x1=0x0000dadb PA:0x80008720
        7945000	       793	80001628	ff2a8003	lb	x0,-14(x21)	 x21:0x8000866c PA:0x8000865e
        7955000	       794	8000162c	f4340283	lb	x5,-189(x8)	  x8:0x8000853f  x5=0x00000039 PA:0x80008482
        7965000	       795	80001630	fc8a2f03	lw	x30,-56(x20)	 x20:0x80008738 x30=0xb8b9babb PA:0x80008700
        7975000	       796	80001634	030a2f83	lw	x31,48(x20)	 x20:0x80008738 x31=0x20212223 PA:0x80008768
        7985000	       797	80001638	ff640f23	sb	x22,-2(x8)	  x8:0x8000853f x22:0x00000011 PA:0x8000853d
        7995000	       798	8000163c	1b2cc283	lbu	x5,434(x25)	 x25:0x80008227  x5=0x00000092 PA:0x800083d9
        8005000	       799	80001640	00888483	lb	x9,8(x17)	 x17:0x80008715  x9=0x00000000 PA:0x8000871d
        8015000	       800	80001644	00eacf03	lbu	x30,14(x21)	 x21:0x8000866c x30=0x00000031 PA:0x8000867a
        8025000	       801	80001648	f31c8203	lb	x4,-207(x25)	 x25:0x80008227  x4=0x00000013 PA:0x80008158
        8035000	       802	8000164c	faec92a3	sh	x14,-91(x25)	 x25:0x80008227 x14:0x000000ec PA:0x800081cc
        8045000	       803	80001650	fe8a88a3	sb	x8,-15(x21)	 x21:0x8000866c  x8:0x8000853f PA:0x8000865d
        8055000	       804	80001654	03d1c663	blt	x3,x29,80001680	  x3:0x00bf3770 x29:0xe78c5680
        8065000	       805	80001658	00ecd033	srl	x0,x25,x14	 x25:0x80008227 x14:0x000000ec
        8075000	       806	8000165c	40d5d9b3	sra	x19,x11,x13	 x11:0x80009f58 x13:0x00000001 x19=0xc0004fac
        8085000	       807	80001660	01daf663	bgeu	x21,x29,8000166c	 x21:0x8000866c x29:0xe78c5680
        8095000	       808	80001664	00337463	bgeu	x6,x3,8000166c	  x6:0x0000000a  x3:0x00bf3770
        8105000	       809	80001668	025f8863	beq	x31,x5,80001698	 x31:0x20212223  x5:0x00000092
        8115000	       810	8000166c	03776863	bltu	x14,x23,8000169c	 x14:0x000000ec x23:0xfffffffa
        8125000	       811	00000000	00000013	addi	x0,x0,0	  x0:0x00000000
        8135000	       812	80001698	00000013	addi	x0,x0,0	  x0:0x00000000
        8145000	       813	8000169c	00efd713	srli	x14,x31,0xe	 x31:0x20212223 x14=0x00008084
        8155000	       814	800016a0	00fecfb3	xor	x31,x29,x15	 x29:0xe78c5680 x15:0x2a00457f x31=0xcd8c13ff
        8165000	       815	800016a4	0117f663	bgeu	x15,x17,800016b0	 x15:0x2a00457f x17:0x80008715
        8175000	       816	800016a8	dd560993	addi	x19,x12,-555	 x12:0x000000f9 x19=0xfffffece
        8185000	       817	800016ac	017faa33	slt	x20,x31,x23	 x31:0xcd8c13ff x23:0xfffffffa x20=0x00000001
        8195000	       818	800016b0	41095bb3	sra	x23,x18,x16	 x18:0x80009fc4 x16:0x0000001e x23=0xfffffffe
        8205000	       819	800016b4	41780cb3	sub	x25,x16,x23	 x16:0x0000001e x23:0xfffffffe x25=0x00000020
        8215000	       820	800016b8	fbbe8493	addi	x9,x29,-69	 x29:0xe78c5680  x9=0xe78c563b
        8225000	       821	800016bc	0158f013	andi	x0,x17,21	 x17:0x80008715
        8235000	       822	800016c0	014239b3	sltu	x19,x4,x20	  x4:0x00000013 x20:0x00000001 x19=0x00000000
        8245000	       823	800016c4	38dca113	slti	x2,x25,909	 x25:0x00000020  x2=0x00000001
        8255000	       824	800016c8	00235233	srl	x4,x6,x2	  x6:0x0000000a  x2:0x00000001  x4=0x00000005
        8265000	       825	800016cc	008ce0b3	or	x1,x25,x8	 x25:0x00000020  x8:0x8000853f  x1=0x8000853f
        8275000	       826	800016d0	bd174d13	xori	x26,x14,-1071	 x14:0x00008084 x26=0xffff7b55
        8285000	       827	800016d4	02aedc63	bge	x29,x10,8000170c	 x29:0xe78c5680 x10:0x5c8ac000
        8295000	       828	800016d8	00c94233	xor	x4,x18,x12	 x18:0x80009fc4 x12:0x000000f9  x4=0x80009f3d
        8305000	       829	800016dc	40db5733	sra	x14,x22,x13	 x22:0x00000011 x13:0x00000001 x14=0x00000008
        8315000	       830	800016e0	014c94b3	sll	x9,x25,x20	 x25:0x00000020 x20:0x00000001  x9=0x00000040
        8325000	       831	800016e4	00d85413	srli	x8,x16,0xd	 x16:0x0000001e  x8=0x00000000
        8335000	       832	800016e8	054ce463	bltu	x25,x20,80001730	 x25:0x00000020 x20:0x00000001
        8345000	       833	800016ec	f143eb93	ori	x23,x7,-236	  x7:0x00000051 x23=0xffffff55
        8355000	       834	800016f0	00e5d793	srli	x15,x11,0xe	 x11:0x80009f58 x15=0x00020002
        8365000	       835	800016f4	00a5dc63	bge	x11,x10,8000170c	 x11:0x80009f58 x10:0x5c8ac000
        8375000	       836	800016f8	8d883a17	auipc	x20,0x8d883	 x20=0x0d8846f4
        8385000	       837	800016fc	04951263	bne	x10,x9,80001740	 x10:0x5c8ac000  x9:0x00000040
        8395000	       838	00000000	00000013	addi	x0,x0,0	  x0:0x00000000
        8405000	       839	8000173c	00000013	addi	x0,x0,0	  x0:0x00000000
        8415000	       840	80001740	019e9893	slli	x17,x29,0x19	 x29:0xe78c5680 x17=0x00000000
        8425000	       841	80001744	012cde33	srl	x28,x25,x18	 x25:0x00000020 x18:0x80009fc4 x28=0x00000002
        8435000	       842	80001748	00a21233	sll	x4,x4,x10	  x4:0x80009f3d x10:0x5c8ac000  x4=0x80009f3d
        8445000	       843	8000174c	233c4c17	auipc	x24,0x233c4	 x24=0xa33c5748
        8455000	       844	80001750	03461263	bne	x12,x20,80001774	 x12:0x000000f9 x20:0x0d8846f4
        8465000	       845	00000000	00000013	addi	x0,x0,0	  x0:0x00000000
        8475000	       846	80001770	00000013	addi	x0,x0,0	  x0:0x00000000
        8485000	       847	80001774	059c6463	bltu	x24,x25,800017bc	 x24:0xa33c5748 x25:0x00000020
        8495000	       848	80001778	0178c8b3	xor	x17,x17,x23	 x17:0x00000000 x23:0xffffff55 x17=0xffffff55
        8505000	       849	8000177c	01922493	slti	x9,x4,25	  x4:0x80009f3d  x9=0x00000001
        8515000	       850	80001780	010b9533	sll	x10,x23,x16	 x23:0xffffff55 x16:0x0000001e x10=0x40000000
        8525000	       851	80001784	01eafa63	bgeu	x21,x30,80001798	 x21:0x8000866c x30:0x00000031
        8535000	       852	00000000	00000013	addi	x0,x0,0	  x0:0x00000000
        8545000	       853	80001794	00000013	addi	x0,x0,0	  x0:0x00000000
        8555000	       854	80001798	01595c63	bge	x18,x21,800017b0	 x18:0x80009fc4 x21:0x8000866c
        8565000	       855	00000000	00000013	addi	x0,x0,0	  x0:0x00000000
        8575000	       856	800017ac	00000013	addi	x0,x0,0	  x0:0x00000000
        8585000	       857	800017b0	05f61263	bne	x12,x31,800017f4	 x12:0x000000f9 x31:0xcd8c13ff
        8595000	       858	00000000	00000013	addi	x0,x0,0	  x0:0x00000000
        8605000	       859	800017f0	00000013	addi	x0,x0,0	  x0:0x00000000
        8615000	       860	800017f4	00619713	slli	x14,x3,0x6	  x3:0x00bf3770 x14=0x2fcddc00
        8625000	       861	800017f8	006f0e33	add	x28,x30,x6	 x30:0x00000031  x6:0x0000000a x28=0x0000003b
        8635000	       862	800017fc	00044233	xor	x4,x8,x0	  x8:0x00000000  x0:0x00000000  x4=0x00000000
        8645000	       863	80001800	01a2d193	srli	x3,x5,0x1a	  x5:0x00000092  x3=0x00000000
        8655000	       864	80001804	00c8b833	sltu	x16,x17,x12	 x17:0xffffff55 x12:0x000000f9 x16=0x00000000
        8665000	       865	80001808	0049ea63	bltu	x19,x4,8000181c	 x19:0x00000000  x4:0x00000000
        8675000	       866	8000180c	00a47133	and	x2,x8,x10	  x8:0x00000000 x10:0x40000000  x2=0x00000000
        8685000	       867	80001810	03defc63	bgeu	x29,x29,80001848	 x29:0xe78c5680 x29:0xe78c5680
        8695000	       868	00000000	00000013	addi	x0,x0,0	  x0:0x00000000
        8705000	       869	80001844	00000013	addi	x0,x0,0	  x0:0x00000000
        8715000	       870	80001848	00cd67b3	or	x15,x26,x12	 x26:0xffff7b55 x12:0x000000f9 x15=0xffff7bfd
        8725000	       871	8000184c	00d48833	add	x16,x9,x13	  x9:0x00000001 x13:0x00000001 x16=0x00000002
        8735000	       872	80001850	b84cf613	andi	x12,x25,-1148	 x25:0x00000020 x12=0x00000000
        8745000	       873	80001854	01b4aab3	slt	x21,x9,x27	  x9:0x00000001 x27:0x00002a2b x21=0x00000001
        8755000	       874	80001858	00c60e63	beq	x12,x12,80001874	 x12:0x00000000 x12:0x00000000
        8765000	       875	00000000	00000013	addi	x0,x0,0	  x0:0x00000000
        8775000	       876	80001870	00000013	addi	x0,x0,0	  x0:0x00000000
        8785000	       877	80001874	0201f863	bgeu	x3,x0,800018a4	  x3:0x00000000  x0:0x00000000
        8795000	       878	00000000	00000013	addi	x0,x0,0	  x0:0x00000000
        8805000	       879	800018a0	00000013	addi	x0,x0,0	  x0:0x00000000
        8815000	       880	800018a4	403a0833	sub	x16,x20,x3	 x20:0x0d8846f4  x3:0x00000000 x16=0x0d8846f4
        8825000	       881	800018a8	0085db13	srli	x22,x11,0x8	 x11:0x80009f58 x22=0x0080009f
        8835000	       882	800018ac	79788193	addi	x3,x17,1943	 x17:0xffffff55  x3=0x000006ec
        8845000	       883	800018b0	46188c13	addi	x24,x17,1121	 x17:0xffffff55 x24=0x000003b6
        8855000	       884	800018b4	0069a133	slt	x2,x19,x6	 x19:0x00000000  x6:0x0000000a  x2=0x00000001
        8865000	       885	800018b8	a2524f17	auipc	x30,0xa2524	 x30=0x225258b4
        8875000	       886	800018bc	0f242717	auipc	x14,0xf242	 x14=0x8f2438b8
        8885000	       887	800018c0	012c9e33	sll	x28,x25,x18	 x25:0x00000020 x18:0x80009fc4 x28=0x00000200
        8895000	       888	800018c4	deee6d13	ori	x26,x28,-530	 x28:0x00000200 x26=0xffffffee
        8905000	       889	800018c8	0045a083	lw	x1,4(x11)	 x11:0x80009f58  x1=0x80000134 PA:0x80009f5c
        8915000	       890	800018cc	002a0033	add	x0,x20,x2	 x20:0x0d8846f4  x2:0x00000001
        8925000	       891	800018d0	0039e133	or	x2,x19,x3	 x19:0x00000000  x3:0x000006ec  x2=0x000006ec
        8935000	       892	800018d4	3002f113	andi	x2,x5,768	  x5:0x00000092  x2=0x00000000
        8945000	       893	800018d8	02c58593	addi	x11,x11,44	 x11:0x80009f58 x11=0x80009f84
        8955000	       894	800018dc	00862033	slt	x0,x12,x8	 x12:0x00000000  x8:0x00000000
        8965000	       895	800018e0	00108413	addi	x8,x1,1	  x1:0x80000134  x8=0x80000135
        8975000	       896	800018e4	00040467	jalr	x8,x8,0	  x8:0x80000135  x8=0x800018e4
        8985000	       897	00000000	00000013	addi	x0,x0,0	  x0:0x00000000
        8995000	       898	80000134	00000013	addi	x0,x0,0	  x0:0x00000000
        9005000	       899	80000138	00009897	auipc	x17,0x9	 x17=0x80009134
        9015000	       900	8000013c	aaf88893	addi	x17,x17,-1361	 x17:0x80009134 x17=0x80008be3
        9025000	       901	80000140	0bc8c303	lbu	x6,188(x17)	 x17:0x80008be3  x6=0x00000084 PA:0x80008c9f
        9035000	       902	80000144	0ea8c303	lbu	x6,234(x17)	 x17:0x80008be3  x6=0x000000b6 PA:0x80008ccd
        9045000	       903	80000148	419f8133	sub	x2,x31,x25	 x31:0xcd8c13ff x25:0x00000020  x2=0xcd8c13df
        9055000	       904	8000014c	f7288683	lb	x13,-142(x17)	 x17:0x80008be3 x13=0x00000000 PA:0x80008b55
        9065000	       905	80000150	00616033	or	x0,x2,x6	  x2:0xcd8c13df  x6:0x000000b6
        9075000	       906	80000154	0016f333	and	x6,x13,x1	 x13:0x00000000  x1:0x80000134  x6=0x00000000
        9085000	       907	80000158	00869733	sll	x14,x13,x8	 x13:0x00000000  x8:0x800018e4 x14=0x00000000
        9095000	       908	8000015c	01119113	slli	x2,x3,0x11	  x3:0x000006ec  x2=0x0dd80000
        9105000	       909	80000160	0598a003	lw	x0,89(x17)	 x17:0x80008be3 PA:0x80008c3c
        9115000	       910	80000164	0888c803	lbu	x16,136(x17)	 x17:0x80008be3 x16=0x00000050 PA:0x80008c6b
        9125000	       911	80000168	f4288603	lb	x12,-190(x17)	 x17:0x80008be3 x12=0x0000000e PA:0x80008b25
        9135000	       912	8000016c	0be88523	sb	x30,170(x17)	 x17:0x80008be3 x30:0x225258b4 PA:0x80008c8d
        9145000	       913	80000170	f688c203	lbu	x4,-152(x17)	 x17:0x80008be3  x4=0x00000030 PA:0x80008b4b
        9155000	       914	80000174	fb18a283	lw	x5,-79(x17)	 x17:0x80008be3  x5=0x7c7d7e7f PA:0x80008b94
        9165000	       915	80000178	0b58d983	lhu	x19,181(x17)	 x17:0x80008be3 x19=0x00008283 PA:0x80008c98
        9175000	       916	8000017c	06288123	sb	x2,98(x17)	 x17:0x80008be3  x2:0x0dd80000 PA:0x80008c45
        9185000	       917	80000180	8a29b513	sltiu	x10,x19,-1886	 x19:0x00008283 x10=0x00000001
        9195000	       918	80000184	06a893a3	sh	x10,103(x17)	 x17:0x80008be3 x10:0x00000001 PA:0x80008c4a
        9205000	       919	80000188	867e8b13	addi	x22,x29,-1945	 x29:0xe78c5680 x22=0xe78c4ee7
        9215000	       920	8000018c	41b9d3b3	sra	x7,x19,x27	 x19:0x00008283 x27:0x00002a2b  x7=0x00000010
        9225000	       921	80000190	015c1b93	slli	x23,x24,0x15	 x24:0x000003b6 x23=0x76c00000
        9235000	       922	80000194	933ecf93	xori	x31,x29,-1741	 x29:0xe78c5680 x31=0x1873afb3
        9245000	       923	80000198	f8f89b83	lh	x23,-113(x17)	 x17:0x80008be3 x23=0x00005859 PA:0x80008b72
        9255000	       924	8000019c	00c85a33	srl	x20,x16,x12	 x16:0x00000050 x12:0x0000000e x20=0x00000000
        9265000	       925	800001a0	5e06f393	andi	x7,x13,1504	 x13:0x00000000  x7=0x00000000
        9275000	       926	800001a4	0ad8ae03	lw	x28,173(x17)	 x17:0x80008be3 x28=0x78797a7b PA:0x80008c90
        9285000	       927	800001a8	bb3c0c13	addi	x24,x24,-1101	 x24:0x000003b6 x24=0xffffff69
        9295000	       928	800001ac	f7d88e23	sb	x29,-132(x17)	 x17:0x80008be3 x29:0xe78c5680 PA:0x80008b5f
        9305000	       929	800001b0	0011abb3	slt	x23,x3,x1	  x3:0x000006ec  x1:0x80000134 x23=0x00000000
        9315000	       930	800001b4	fcb89083	lh	x1,-53(x17)	 x17:0x80008be3  x1=0xffff9495 PA:0x80008bae
        9325000	       931	800001b8	fee88403	lb	x8,-18(x17)	 x17:0x80008be3  x8=0xffffffba PA:0x80008bd1
        9335000	       932	800001bc	01c29d13	slli	x26,x5,0x1c	  x5:0x7c7d7e7f x26=0xf0000000
        9345000	       933	800001c0	fee8cf03	lbu	x30,-18(x17)	 x17:0x80008be3 x30=0x000000ba PA:0x80008bd1
        9355000	       934	800001c4	c8b37213	andi	x4,x6,-885	  x6:0x00000000  x4=0x00000000
        9365000	       935	800001c8	01388823	sb	x19,16(x17)	 x17:0x80008be3 x19:0x00008283 PA:0x80008bf3
        9375000	       936	800001cc	2482f3b7	lui	x7,0x2482f	  x7=0x2482f000
        9385000	       937	800001d0	4d647697	auipc	x13,0x4d647	 x13=0xcd6471cc
        9395000	       938	800001d4	018250b3	srl	x1,x4,x24	  x4:0x00000000 x24:0xffffff69  x1=0x00000000
        9405000	       939	800001d8	fa28cf83	lbu	x31,-94(x17)	 x17:0x80008be3 x31=0x0000006e PA:0x80008b85
        9415000	       940	800001dc	00597633	and	x12,x18,x5	 x18:0x80009fc4  x5:0x7c7d7e7f x12=0x00001e44
        9425000	       941	800001e0	ff588da3	sb	x21,-5(x17)	 x17:0x80008be3 x21:0x00000001 PA:0x80008bde
        9435000	       942	800001e4	35343213	sltiu	x4,x8,851	  x8:0xffffffba  x4=0x00000000
        9445000	       943	800001e8	f238d303	lhu	x6,-221(x17)	 x17:0x80008be3  x6=0x0000eced PA:0x80008b06
        9455000	       944	800001ec	ff88c083	lbu	x1,-8(x17)	 x17:0x80008be3  x1=0x000000c0 PA:0x80008bdb
        9465000	       945	800001f0	d94e4c37	lui	x24,0xd94e4	 x24=0xd94e4000
        9475000	       946	800001f4	0ff8d203	lhu	x4,255(x17)	 x17:0x80008be3  x4=0x0000c8c9 PA:0x80008ce2
        9485000	       947	00000000	00000013	addi	x0,x0,0	  x0:0x00000000
        9495000	       948	800001f8	28498613	addi	x12,x19,644	 x19:0x00008283 x12=0x00008507
        9505000	       949	800001fc	00000013	addi	x0,x0,0	  x0:0x00000000
        9515000	       950	80000200	d98cae13	slti	x28,x25,-616	 x25:0x00000020 x28=0x00000000
        9525000	       951	80000204	00188d83	lb	x27,1(x17)	 x17:0x80008be3 x27=0xffffffcf PA:0x80008be4
        9535000	       952	80000208	00009f17	auipc	x30,0x9	 x30=0x80009204
        9545000	       953	8000020c	db4f0f13	addi	x30,x30,-588	 x30:0x80009204 x30=0x80008fb8
        9555000	       954	80000210	016f4703	lbu	x14,22(x30)	 x30:0x80008fb8 x14=0x000000b5 PA:0x80008fce
        9565000	       955	80000214	c257ed13	ori	x26,x15,-987	 x15:0xffff7bfd x26=0xfffffffd
        9575000	       956	80000218	03ef01a3	sb	x30,35(x30)	 x30:0x80008fb8 x30:0x80008fb8 PA:0x80008fdb
        9585000	       957	8000021c	023f4883	lbu	x17,35(x30)	 x30:0x80008fb8 x17=0x000000b8 PA:0x80008fdb
        9595000	       958	80000220	023f0703	lb	x14,35(x30)	 x30:0x80008fb8 x14=0xffffffb8 PA:0x80008fdb
        9605000	       959	80000224	6ef1ec13	ori	x24,x3,1775	  x3:0x000006ec x24=0x000006ef
        9615000	       960	80000228	fddf0783	lb	x15,-35(x30)	 x30:0x80008fb8 x15=0x0000007e PA:0x80008f95
        9625000	       961	8000022c	fddf0ea3	sb	x29,-35(x30)	 x30:0x80008fb8 x29:0xe78c5680 PA:0x80008f95
        9635000	       962	80000230	fddf0503	lb	x10,-35(x30)	 x30:0x80008fb8 x10=0xffffff80 PA:0x80008f95
        9645000	       963	80000234	fd1f00a3	sb	x17,-63(x30)	 x30:0x80008fb8 x17:0x000000b8 PA:0x80008f79
        9655000	       964	80000238	002f0da3	sb	x2,27(x30)	 x30:0x80008fb8  x2:0x0dd80000 PA:0x80008fd3
        9665000	       965	8000023c	01bf4383	lbu	x7,27(x30)	 x30:0x80008fb8  x7=0x00000000 PA:0x80008fd3
        9675000	       966	80000240	01bf0a03	lb	x20,27(x30)	 x30:0x80008fb8 x20=0x00000000 PA:0x80008fd3
        9685000	       967	80000244	026f0e03	lb	x28,38(x30)	 x30:0x80008fb8 x28=0xffffffc5 PA:0x80008fde
        9695000	       968	80000248	026f1383	lh	x7,38(x30)	 x30:0x80008fb8  x7=0xffffc4c5 PA:0x80008fde
        9705000	       969	8000024c	026f1f83	lh	x31,38(x30)	 x30:0x80008fb8 x31=0xffffc4c5 PA:0x80008fde
        9715000	       970	80000250	019f4883	lbu	x17,25(x30)	 x30:0x80008fb8 x17=0x000000ff PA:0x80008fd1
        9725000	       971	80000254	00008417	auipc	x8,0x8	  x8=0x80008250
        9735000	       972	80000258	59040413	addi	x8,x8,1424	  x8:0x80008250  x8=0x800087e0
        9745000	       973	8000025c	01140523	sb	x17,10(x8)	  x8:0x800087e0 x17:0x000000ff PA:0x800087ea
        9755000	       974	80000260	ff144303	lbu	x6,-15(x8)	  x8:0x800087e0  x6=0x0000008a PA:0x800087d1
        9765000	       975	80000264	ffe45983	lhu	x19,-2(x8)	  x8:0x800087e0 x19=0x00009495 PA:0x800087de
        9775000	       976	80000268	9e5f4a13	xori	x20,x30,-1563	 x30:0x80008fb8 x20=0x7fff765d
        9785000	       977	8000026c	ff840f03	lb	x30,-8(x8)	  x8:0x800087e0 x30=0xffffff93 PA:0x800087d8
        9795000	       978	80000270	e2987f93	andi	x31,x16,-471	 x16:0x00000050 x31=0x00000000
        9805000	       979	80000274	013406a3	sb	x19,13(x8)	  x8:0x800087e0 x19:0x00009495 PA:0x800087ed
        9815000	       980	80000278	00944283	lbu	x5,9(x8)	  x8:0x800087e0  x5=0x000000a2 PA:0x800087e9
        9825000	       981	8000027c	00b44a83	lbu	x21,11(x8)	  x8:0x800087e0 x21=0x000000a0 PA:0x800087eb
        9835000	       982	80000280	00644103	lbu	x2,6(x8)	  x8:0x800087e0  x2=0x0000009d PA:0x800087e6
        9845000	       983	80000284	2346ec13	ori	x24,x13,564	 x13:0xcd6471cc x24=0xcd6473fc
        9855000	       984	80000288	0010a733	slt	x14,x1,x1	  x1:0x000000c0  x1:0x000000c0 x14=0x00000000
        9865000	       985	8000028c	01cfacb3	slt	x25,x31,x28	 x31:0x00000000 x28:0xffffffc5 x25=0x00000000
        9875000	       986	80000290	00922f33	slt	x30,x4,x9	  x4:0x0000c8c9  x9:0x00000001 x30=0x00000000
        9885000	       987	80000294	41fc5513	srai	x10,x24,0x1f	 x24:0xcd6473fc x10=0xffffffff
        9895000	       988	80000298	00000013	addi	x0,x0,0	  x0:0x00000000
        9905000	       989	8000029c	01a40123	sb	x26,2(x8)	  x8:0x800087e0 x26:0xfffffffd PA:0x800087e2
        9915000	       990	800002a0	00b44d03	lbu	x26,11(x8)	  x8:0x800087e0 x26=0x000000a0 PA:0x800087eb
        9925000	       991	800002a4	00f40f83	lb	x31,15(x8)	  x8:0x800087e0 x31=0xffffffa4 PA:0x800087ef
        9935000	       992	800002a8	01691e13	slli	x28,x18,0x16	 x18:0x80009fc4 x28=0xf1000000
        9945000	       993	800002ac	013b02b3	add	x5,x22,x19	 x22:0xe78c4ee7 x19:0x00009495  x5=0xe78ce37c
        9955000	       994	800002b0	ff140083	lb	x1,-15(x8)	  x8:0x800087e0  x1=0xffffff8a PA:0x800087d1
        9965000	       995	800002b4	fff40383	lb	x7,-1(x8)	  x8:0x800087e0  x7=0xffffff94 PA:0x800087df
        9975000	       996	800002b8	00b44a03	lbu	x20,11(x8)	  x8:0x800087e0 x20=0x000000a0 PA:0x800087eb
        9985000	       997	800002bc	e35f3f93	sltiu	x31,x30,-459	 x30:0x00000000 x31=0x00000001
        9995000	       998	800002c0	00b40283	lb	x5,11(x8)	  x8:0x800087e0  x5=0xffffffa0 PA:0x800087eb
       10005000	       999	800002c4	016ed293	srli	x5,x29,0x16	 x29:0xe78c5680  x5=0x0000039e
       10015000	      1000	800002c8	fff40483	lb	x9,-1(x8)	  x8:0x800087e0  x9=0xffffff94 PA:0x800087df
       10025000	      1001	800002cc	001b0033	add	x0,x22,x1	 x22:0xe78c4ee7  x1:0xffffff8a
       10035000	      1002	800002d0	40905813	srai	x16,x0,0x9	  x0:0x00000000 x16=0x00000000
       10045000	      1003	800002d4	00e40003	lb	x0,14(x8)	  x8:0x800087e0 PA:0x800087ee
       10055000	      1004	800002d8	013b47b3	xor	x15,x22,x19	 x22:0xe78c4ee7 x19:0x00009495 x15=0xe78cda72
       10065000	      1005	800002dc	ffa45b83	lhu	x23,-6(x8)	  x8:0x800087e0 x23=0x00009091 PA:0x800087da
       10075000	      1006	800002e0	40f0d693	srai	x13,x1,0xf	  x1:0xffffff8a x13=0xffffffff
       10085000	      1007	800002e4	ff942e23	sw	x25,-4(x8)	  x8:0x800087e0 x25:0x00000000 PA:0x800087dc
       10095000	      1008	800002e8	40865f93	srai	x31,x12,0x8	 x12:0x00008507 x31=0x00000085
       10105000	      1009	800002ec	0022dd93	srli	x27,x5,0x2	  x5:0x0000039e x27=0x000000e7
       10115000	      1010	800002f0	00b40283	lb	x5,11(x8)	  x8:0x800087e0  x5=0xffffffa0 PA:0x800087eb
       10125000	      1011	800002f4	25c3a713	slti	x14,x7,604	  x7:0xffffff94 x14=0x00000001
       10135000	      1012	800002f8	ff644e03	lbu	x28,-10(x8)	  x8:0x800087e0 x28=0x0000008d PA:0x800087d6
       10145000	      1013	800002fc	00540223	sb	x5,4(x8)	  x8:0x800087e0  x5:0xffffffa0 PA:0x800087e4
       10155000	      1014	80000300	01739c13	slli	x24,x7,0x17	  x7:0xffffff94 x24=0xca000000
       10165000	      1015	80000304	004bf033	and	x0,x23,x4	 x23:0x00009091  x4:0x0000c8c9
       10175000	      1016	80000308	ff940b03	lb	x22,-7(x8)	  x8:0x800087e0 x22=0xffffff92 PA:0x800087d9
       10185000	      1017	8000030c	ff340ea3	sb	x19,-3(x8)	  x8:0x800087e0 x19:0x00009495 PA:0x800087dd
       10195000	      1018	80000310	00008397	auipc	x7,0x8	  x7=0x8000830c
       10205000	      1019	80000314	3fe38393	addi	x7,x7,1022	  x7:0x8000830c  x7=0x8000870a
       10215000	      1020	80000318	00008f17	auipc	x30,0x8	 x30=0x80008314
       10225000	      1021	8000031c	48af0f13	addi	x30,x30,1162	 x30:0x80008314 x30=0x8000879e
       10235000	      1022	80000320	07e387a3	sb	x30,111(x7)	  x7:0x8000870a x30:0x8000879e PA:0x80008779
       10245000	      1023	80000324	bd5f0b83	lb	x23,-1067(x30)	 x30:0x8000879e x23=0x00000028 PA:0x80008373
       10255000	      1024	80000328	f4b38003	lb	x0,-181(x7)	  x7:0x8000870a PA:0x80008655
       10265000	      1025	8000032c	a7af1d83	lh	x27,-1414(x30)	 x30:0x8000879e x27=0xffffd2d3 PA:0x80008218
       10275000	      1026	80000330	075f0523	sb	x21,106(x30)	 x30:0x8000879e x21:0x000000a0 PA:0x80008808
       10285000	      1027	80000334	e38f1403	lh	x8,-456(x30)	 x30:0x8000879e  x8=0xffff8c8d PA:0x800085d6
       10295000	      1028	80000338	d653cf83	lbu	x31,-667(x7)	  x7:0x8000870a x31=0x00000024 PA:0x8000846f
       10305000	      1029	8000033c	eb2f4b83	lbu	x23,-334(x30)	 x30:0x8000879e x23=0x0000000b PA:0x80008650
       10315000	      1030	80000340	07238103	lb	x2,114(x7)	  x7:0x8000870a  x2=0x00000037 PA:0x8000877c
       10325000	      1031	80000344	ed9f0503	lb	x10,-295(x30)	 x30:0x8000879e x10=0x0000002c PA:0x80008677
       10335000	      1032	80000348	badf0fa3	sb	x13,-1089(x30)	 x30:0x8000879e x13:0xffffffff PA:0x8000835d
       10345000	      1033	8000034c	d14f0aa3	sb	x20,-747(x30)	 x30:0x8000879e x20:0x000000a0 PA:0x800084b3
       10355000	      1034	80000350	e40f0ca3	sb	x0,-423(x30)	 x30:0x8000879e  x0:0x00000000 PA:0x800085f7
       10365000	      1035	80000354	a3f38983	lb	x19,-1473(x7)	  x7:0x8000870a x19=0x00000002 PA:0x80008149
       10375000	      1036	80000358	b5a38d03	lb	x26,-1190(x7)	  x7:0x8000870a x26=0x0000001f PA:0x80008264
       10385000	      1037	8000035c	00008b17	auipc	x22,0x8	 x22=0x80008358
       10395000	      1038	80000360	7d2b0b13	addi	x22,x22,2002	 x22:0x80008358 x22=0x80008b2a
       10405000	      1039	80000364	1ebb0ea3	sb	x11,509(x22)	 x22:0x80008b2a x11:0x80009f84 PA:0x80008d27
       10415000	      1040	80000368	00008417	auipc	x8,0x8	  x8=0x80008364
       10425000	      1041	8000036c	7ea40413	addi	x8,x8,2026	  x8:0x80008364  x8=0x80008b4e
       10435000	      1042	80000370	00009997	auipc	x19,0x9	 x19=0x8000936c
       10445000	      1043	80000374	c1c98993	addi	x19,x19,-996	 x19:0x8000936c x19=0x80008f88
       10455000	      1044	80000378	f5d40803	lb	x16,-163(x8)	  x8:0x80008b4e x16=0xffffff90 PA:0x80008aab
       10465000	      1045	8000037c	defb0c03	lb	x24,-529(x22)	 x22:0x80008b2a x24=0x00000002 PA:0x80008919
       10475000	      1046	80000380	05298ea3	sb	x18,93(x19)	 x19:0x80008f88 x18:0x80009fc4 PA:0x80008fe5
       10485000	      1047	80000384	fcb9ce03	lbu	x28,-53(x19)	 x19:0x80008f88 x28=0x00000038 PA:0x80008f53
       10495000	      1048	80000388	f4ab1c03	lh	x24,-182(x22)	 x22:0x80008b2a x24=0x00005e5f PA:0x80008a74
       10505000	      1049	8000038c	ffe98ca3	sb	x30,-7(x19)	 x19:0x80008f88 x30:0x8000879e PA:0x80008f81
       10515000	      1050	80000390	f2499683	lh	x13,-220(x19)	 x19:0x80008f88 x13=0xffff9697 PA:0x80008eac
       10525000	      1051	80000394	f6642523	sw	x6,-150(x8)	  x8:0x80008b4e  x6:0x0000008a PA:0x80008ab8
       10535000	      1052	80000398	2ffb0883	lb	x17,767(x22)	 x22:0x80008b2a x17=0x00000012 PA:0x80008e29
       10545000	      1053	8000039c	f8f9cd83	lbu	x27,-113(x19)	 x19:0x80008f88 x27=0x000000fc PA:0x80008f17
       10555000	      1054	800003a0	f6844683	lbu	x13,-152(x8)	  x8:0x80008b4e x13=0x0000009d PA:0x80008ab6
       10565000	      1055	800003a4	f2a41503	lh	x10,-214(x8)	  x8:0x80008b4e x10=0x00006263 PA:0x80008a78
       10575000	      1056	800003a8	2e8b4203	lbu	x4,744(x22)	 x22:0x80008b2a  x4=0x000000f9 PA:0x80008e12
       10585000	      1057	800003ac	0da41e23	sh	x26,220(x8)	  x8:0x80008b4e x26:0x0000001f PA:0x80008c2a
       10595000	      1058	800003b0	f8641c23	sh	x6,-104(x8)	  x8:0x80008b4e  x6:0x0000008a PA:0x80008ae6
       10605000	      1059	800003b4	f4f9ca83	lbu	x21,-177(x19)	 x19:0x80008f88 x21=0x000000bc PA:0x80008ed7
       10615000	      1060	800003b8	0c740da3	sb	x7,219(x8)	  x8:0x80008b4e  x7:0x8000870a PA:0x80008c29
       10625000	      1061	800003bc	0559a023	sw	x21,64(x19)	 x19:0x80008f88 x21:0x000000bc PA:0x80008fc8
       10635000	      1062	800003c0	252b00a3	sb	x18,577(x22)	 x22:0x80008b2a x18:0x80009fc4 PA:0x80008d6b
       10645000	      1063	800003c4	09540d03	lb	x26,149(x8)	  x8:0x80008b4e x26=0xffffffc8 PA:0x80008be3
       10655000	      1064	800003c8	02b9c303	lbu	x6,43(x19)	 x19:0x80008f88  x6=0x00000098 PA:0x80008fb3
       10665000	      1065	800003cc	361b0883	lb	x17,865(x22)	 x22:0x80008b2a x17=0x00000070 PA:0x80008e8b
       10675000	      1066	800003d0	f2cb4a83	lbu	x21,-212(x22)	 x22:0x80008b2a x21=0x00000000 PA:0x80008a56
       10685000	      1067	800003d4	03d44c03	lbu	x24,61(x8)	  x8:0x80008b4e x24=0x00000070 PA:0x80008b8b
       10695000	      1068	00000000	00000013	addi	x0,x0,0	  x0:0x00000000
       10705000	      1069	800003d8	03898ea3	sb	x24,61(x19)	 x19:0x80008f88 x24:0x00000070 PA:0x80008fc5
       10715000	      1070	800003dc	f2d44e03	lbu	x28,-211(x8)	  x8:0x80008b4e x28=0x00000060 PA:0x80008a7b
       10725000	      1071	800003e0	f0d9c803	lbu	x16,-243(x19)	 x19:0x80008f88 x16=0x0000007e PA:0x80008e95
       10735000	      1072	800003e4	46fb4f03	lbu	x30,1135(x22)	 x22:0x80008b2a x30=0x00000082 PA:0x80008f99
       10745000	      1073	800003e8	efdb0fa3	sb	x29,-257(x22)	 x22:0x80008b2a x29:0xe78c5680 PA:0x80008a29
       10755000	      1074	800003ec	00009117	auipc	x2,0x9	  x2=0x800093e8
       10765000	      1075	800003f0	9ea10113	addi	x2,x2,-1558	  x2:0x800093e8  x2=0x80008dd2
       10775000	      1076	800003f4	01785e13	srli	x28,x16,0x17	 x16:0x0000007e x28=0x00000000
       10785000	      1077	800003f8	02615083	lhu	x1,38(x2)	  x2:0x80008dd2  x1=0x0000e2e3 PA:0x80008df8
       10795000	      1078	800003fc	03d10083	lb	x1,61(x2)	  x2:0x80008dd2  x1=0xfffffff4 PA:0x80008e0f
       10805000	      1079	80000400	03d14483	lbu	x9,61(x2)	  x2:0x80008dd2  x9=0x000000f4 PA:0x80008e0f
       10815000	      1080	80000404	03810ea3	sb	x24,61(x2)	  x2:0x80008dd2 x24:0x00000070 PA:0x80008e0f
       10825000	      1081	80000408	fda10b03	lb	x22,-38(x2)	  x2:0x80008dd2 x22=0xffffff97 PA:0x80008dac
       10835000	      1082	8000040c	fda11603	lh	x12,-38(x2)	  x2:0x80008dd2 x12=0xffff9697 PA:0x80008dac
       10845000	      1083	80000410	fda12003	lw	x0,-38(x2)	  x2:0x80008dd2 PA:0x80008dac
       10855000	      1084	80000414	fdb11323	sh	x27,-58(x2)	  x2:0x80008dd2 x27:0x000000fc PA:0x80008d98
       10865000	      1085	80000418	416e0c33	sub	x24,x28,x22	 x28:0x00000000 x22:0xffffff97 x24=0x00000069
       10875000	      1086	8000041c	fcb10983	lb	x19,-53(x2)	  x2:0x80008dd2 x19=0xffffff86 PA:0x80008d9d
       10885000	      1087	80000420	03e11c23	sh	x30,56(x2)	  x2:0x80008dd2 x30:0x00000082 PA:0x80008e0a
       10895000	      1088	80000424	00910183	lb	x3,9(x2)	  x2:0x80008dd2  x3=0xffffffc0 PA:0x80008ddb
       10905000	      1089	80000428	00541d93	slli	x27,x8,0x5	  x8:0x80008b4e x27=0x001169c0
       10915000	      1090	8000042c	02b108a3	sb	x11,49(x2)	  x2:0x80008dd2 x11:0x80009f84 PA:0x80008e03
       10925000	      1091	80000430	40655813	srai	x16,x10,0x6	 x10:0x00006263 x16=0x00000189
       10935000	      1092	80000434	01ed1193	slli	x3,x26,0x1e	 x26:0xffffffc8  x3=0x00000000
       10945000	      1093	80000438	01012923	sw	x16,18(x2)	  x2:0x80008dd2 x16:0x00000189 PA:0x80008de4
       10955000	      1094	8000043c	fca11623	sh	x10,-52(x2)	  x2:0x80008dd2 x10:0x00006263 PA:0x80008d9e
       10965000	      1095	80000440	00eaf0b3	and	x1,x21,x14	 x21:0x00000000 x14:0x00000001  x1=0x00000000
       10975000	      1096	80000444	03b14603	lbu	x12,59(x2)	  x2:0x80008dd2 x12=0x000000f6 PA:0x80008e0d
       10985000	      1097	80000448	00000013	addi	x0,x0,0	  x0:0x00000000
       10995000	      1098	8000044c	011a7633	and	x12,x20,x17	 x20:0x000000a0 x17:0x00000070 x12=0x00000020
       11005000	      1099	80000450	1d648493	addi	x9,x9,470	  x9:0x000000f4  x9=0x000002ca
       11015000	      1100	80000454	410150b3	sra	x1,x2,x16	  x2:0x80008dd2 x16:0x00000189  x1=0xffc00046
       11025000	      1101	80000458	01829093	slli	x1,x5,0x18	  x5:0xffffffa0  x1=0xa0000000
       11035000	      1102	8000045c	020d0e63	beq	x26,x0,80000498	 x26:0xffffffc8  x0:0x00000000
       11045000	      1103	80000460	40d40c33	sub	x24,x8,x13	  x8:0x80008b4e x13:0x0000009d x24=0x80008ab1
       11055000	      1104	80000464	4c3ecf13	xori	x30,x29,1219	 x29:0xe78c5680 x30=0xe78c5243
       11065000	      1105	80000468	05f59063	bne	x11,x31,800004a8	 x11:0x80009f84 x31:0x00000024
       11075000	      1106	00000000	00000013	addi	x0,x0,0	  x0:0x00000000
       11085000	      1107	800004a4	00000013	addi	x0,x0,0	  x0:0x00000000
       11095000	      1108	800004a8	0030c033	xor	x0,x1,x3	  x1:0xa0000000  x3:0x00000000
       11105000	      1109	800004ac	03bd9263	bne	x27,x27,800004d0	 x27:0x001169c0 x27:0x001169c0
       11115000	      1110	800004b0	9d6a6b93	ori	x23,x20,-1578	 x20:0x000000a0 x23=0xfffff9f6
       11125000	      1111	800004b4	41f05213	srai	x4,x0,0x1f	  x0:0x00000000  x4=0x00000000
       11135000	      1112	800004b8	01c8bd33	sltu	x26,x17,x28	 x17:0x00000070 x28:0x00000000 x26=0x00000000
       11145000	      1113	800004bc	01971293	slli	x5,x14,0x19	 x14:0x00000001  x5=0x02000000
       11155000	      1114	800004c0	00abcc63	blt	x23,x10,800004d8	 x23:0xfffff9f6 x10:0x00006263
       11165000	      1115	00000000	00000013	addi	x0,x0,0	  x0:0x00000000
       11175000	      1116	800004d4	00000013	addi	x0,x0,0	  x0:0x00000000
       11185000	      1117	800004d8	02d30693	addi	x13,x6,45	  x6:0x00000098 x13=0x000000c5
       11195000	      1118	800004dc	b8a0ca13	xori	x20,x1,-1142	  x1:0xa0000000 x20=0x5ffffb8a
       11205000	      1119	800004e0	00d234b3	sltu	x9,x4,x13	  x4:0x00000000 x13:0x000000c5  x9=0x00000001
       11215000	      1120	800004e4	00c09393	slli	x7,x1,0xc	  x1:0xa0000000  x7=0x00000000
       11225000	      1121	800004e8	f1bbaf93	slti	x31,x23,-229	 x23:0xfffff9f6 x31=0x00000001
       11235000	      1122	800004ec	00000013	addi	x0,x0,0	  x0:0x00000000
       11245000	      1123	800004f0	00b9d793	srli	x15,x19,0xb	 x19:0xffffff86 x15=0x001fffff
       11255000	      1124	800004f4	25f60693	addi	x13,x12,607	 x12:0x00000020 x13=0x0000027f
       11265000	      1125	800004f8	045a6863	bltu	x20,x5,80000548	 x20:0x5ffffb8a  x5:0x02000000
       11275000	      1126	800004fc	5dcb6193	ori	x3,x22,1500	 x22:0xffffff97  x3=0xffffffdf
       11285000	      1127	80000500	00c81fb3	sll	x31,x16,x12	 x16:0x00000189 x12:0x00000020 x31=0x00000189
       11295000	      1128	80000504	b0920793	addi	x15,x4,-1271	  x4:0x00000000 x15=0xfffffb09
       11305000	      1129	80000508	1c38b193	sltiu	x3,x17,451	 x17:0x00000070  x3=0x00000001
       11315000	      1130	8000050c	002c8463	beq	x25,x2,80000514	 x25:0x00000000  x2:0x80008dd2
       11325000	      1131	80000510	02dd7e63	bgeu	x26,x13,8000054c	 x26:0x00000000 x13:0x0000027f
       11335000	      1132	80000514	7ee00613	addi	x12,x0,2030	  x0:0x00000000 x12=0x000007ee
       11345000	      1133	80000518	c543c313	xori	x6,x7,-940	  x7:0x00000000  x6=0xfffffc54
       11355000	      1134	8000051c	01199613	slli	x12,x19,0x11	 x19:0xffffff86 x12=0xff0c0000
       11365000	      1135	80000520	40625b93	srai	x23,x4,0x6	  x4:0x00000000 x23=0x00000000
       11375000	      1136	80000524	00529663	bne	x5,x5,80000530	  x5:0x02000000  x5:0x02000000
       11385000	      1137	80000528	41488133	sub	x2,x17,x20	 x17:0x00000070 x20:0x5ffffb8a  x2=0xa00004e6
       11395000	      1138	8000052c	01bc1893	slli	x17,x24,0x1b	 x24:0x80008ab1 x17=0x88000000
       11405000	      1139	80000530	009e4a63	blt	x28,x9,80000544	 x28:0x00000000  x9:0x00000001
       11415000	      1140	00000000	00000013	addi	x0,x0,0	  x0:0x00000000
       11425000	      1141	80000540	00000013	addi	x0,x0,0	  x0:0x00000000
       11435000	      1142	80000544	039cf263	bgeu	x25,x25,80000568	 x25:0x00000000 x25:0x00000000
       11445000	      1143	00000000	00000013	addi	x0,x0,0	  x0:0x00000000
       11455000	      1144	80000564	00000013	addi	x0,x0,0	  x0:0x00000000
       11465000	      1145	80000568	016e3e33	sltu	x28,x28,x22	 x28:0x00000000 x22:0xffffff97 x28=0x00000001
       11475000	      1146	8000056c	01911c63	bne	x2,x25,80000584	  x2:0xa00004e6 x25:0x00000000
       11485000	      1147	00000000	00000013	addi	x0,x0,0	  x0:0x00000000
       11495000	      1148	80000580	00000013	addi	x0,x0,0	  x0:0x00000000
       11505000	      1149	80000584	01fdfe33	and	x28,x27,x31	 x27:0x001169c0 x31:0x00000189 x28=0x00000180
       11515000	      1150	80000588	00607bb3	and	x23,x0,x6	  x0:0x00000000  x6:0xfffffc54 x23=0x00000000
       11525000	      1151	8000058c	40490e33	sub	x28,x18,x4	 x18:0x80009fc4  x4:0x00000000 x28=0x80009fc4
       11535000	      1152	80000590	018a68b3	or	x17,x20,x24	 x20:0x5ffffb8a x24:0x80008ab1 x17=0xdffffbbb
       11545000	      1153	80000594	8ab32b37	lui	x22,0x8ab32	 x22=0x8ab32000
       11555000	      1154	80000598	00abd213	srli	x4,x23,0xa	 x23:0x00000000  x4=0x00000000
       11565000	      1155	8000059c	bd962313	slti	x6,x12,-1063	 x12:0xff0c0000  x6=0x00000001
       11575000	      1156	800005a0	00eb40b3	xor	x1,x22,x14	 x22:0x8ab32000 x14:0x00000001  x1=0x8ab32001
       11585000	      1157	800005a4	98a52a93	slti	x21,x10,-1654	 x10:0x00006263 x21=0x00000000
       11595000	      1158	800005a8	01e9fcb3	and	x25,x19,x30	 x19:0xffffff86 x30:0xe78c5243 x25=0xe78c5202
       11605000	      1159	800005ac	6ca2c113	xori	x2,x5,1738	  x5:0x02000000  x2=0x020006ca
       11615000	      1160	800005b0	09edba93	sltiu	x21,x27,158	 x27:0x001169c0 x21=0x00000000
       11625000	      1161	800005b4	0002df33	srl	x30,x5,x0	  x5:0x02000000  x0:0x00000000 x30=0x02000000
       11635000	      1162	800005b8	0078cbb3	xor	x23,x17,x7	 x17:0xdffffbbb  x7:0x00000000 x23=0xdffffbbb
       11645000	      1163	800005bc	40785093	srai	x1,x16,0x7	 x16:0x00000189  x1=0x00000003
       11655000	      1164	800005c0	0294fe63	bgeu	x9,x9,800005fc	  x9:0x00000001  x9:0x00000001
       11665000	      1165	00000000	00000013	addi	x0,x0,0	  x0:0x00000000
       11675000	      1166	800005f8	00000013	addi	x0,x0,0	  x0:0x00000000
       11685000	      1167	800005fc	f638eb13	ori	x22,x17,-157	 x17:0xdffffbbb x22=0xfffffffb
       11695000	      1168	80000600	03e50863	beq	x10,x30,80000630	 x10:0x00006263 x30:0x02000000
       11705000	      1169	80000604	0008d133	srl	x2,x17,x0	 x17:0xdffffbbb  x0:0x00000000  x2=0xdffffbbb
       11715000	      1170	80000608	012af663	bgeu	x21,x18,80000614	 x21:0x00000000 x18:0x80009fc4
       11725000	      1171	8000060c	3ec8fd13	andi	x26,x17,1004	 x17:0xdffffbbb x26=0x000003a8
       11735000	      1172	80000610	2ee36613	ori	x12,x6,750	  x6:0x00000001 x12=0x000002ef
       11745000	      1173	80000614	ffc88417	auipc	x8,0xffc88	  x8=0x7fc88610
       11755000	      1174	80000618	e8de7213	andi	x4,x28,-371	 x28:0x80009fc4  x4=0x80009e84
       11765000	      1175	8000061c	0316de63	bge	x13,x17,80000658	 x13:0x0000027f x17:0xdffffbbb
       11775000	      1176	00000000	00000013	addi	x0,x0,0	  x0:0x00000000
       11785000	      1177	80000654	00000013	addi	x0,x0,0	  x0:0x00000000
       11795000	      1178	80000658	0114b433	sltu	x8,x9,x17	  x9:0x00000001 x17:0xdffffbbb  x8=0x00000001
       11805000	      1179	8000065c	01af1c33	sll	x24,x30,x26	 x30:0x02000000 x26:0x000003a8 x24=0x00000000
       11815000	      1180	80000660	01945033	srl	x0,x8,x25	  x8:0x00000001 x25:0xe78c5202
       11825000	      1181	80000664	28fbe713	ori	x14,x23,655	 x23:0xdffffbbb x14=0xdffffbbf
       11835000	      1182	80000668	21667e13	andi	x28,x12,534	 x12:0x000002ef x28=0x00000206
       11845000	      1183	8000066c	00000317	auipc	x6,0x0	  x6=0x80000668
       11855000	      1184	80000670	2c430313	addi	x6,x6,708	  x6:0x80000668  x6=0x8000092c
       11865000	      1185	80000674	00c35ab3	srl	x21,x6,x12	  x6:0x8000092c x12:0x000002ef x21=0x00010000
       11875000	      1186	80000678	01f7f533	and	x10,x15,x31	 x15:0xfffffb09 x31:0x00000189 x10=0x00000109
       11885000	      1187	8000067c	34f30313	addi	x6,x6,847	  x6:0x8000092c  x6=0x80000c7b
       11895000	      1188	80000680	00ec6633	or	x12,x24,x14	 x24:0x00000000 x14:0xdffffbbf x12=0xdffffbbf
       11905000	      1189	80000684	00b78cb3	add	x25,x15,x11	 x15:0xfffffb09 x11:0x80009f84 x25=0x80009a8d
       11915000	      1190	80000688	cb1300e7	jalr	x1,x6,-847	  x6:0x80000c7b  x1=0x80000688
       11925000	      1191	00000000	00000013	addi	x0,x0,0	  x0:0x00000000
       11935000	      1192	8000092c	00000013	addi	x0,x0,0	  x0:0x00000000
       11945000	      1193	80000930	00000013	addi	x0,x0,0	  x0:0x00000000
       11955000	      1194	80000934	01116a33	or	x20,x2,x17	  x2:0xdffffbbb x17:0xdffffbbb x20=0xdffffbbb
       11965000	      1195	80000938	fd458593	addi	x11,x11,-44	 x11:0x80009f84 x11=0x80009f58
       11975000	      1196	8000093c	00e01a93	slli	x21,x0,0xe	  x0:0x00000000 x21=0x00000000
       11985000	      1197	80000940	408006b3	sub	x13,x0,x8	  x0:0x00000000  x8:0x00000001 x13=0xffffffff
       11995000	      1198	80000944	f8b81a37	lui	x20,0xf8b81	 x20=0xf8b81000
       12005000	      1199	80000948	01130db3	add	x27,x6,x17	  x6:0x80000c7b x17:0xdffffbbb x27=0x60000836
       12015000	      1200	8000094c	9fe80893	addi	x17,x16,-1538	 x16:0x00000189 x17=0xfffffb87
       12025000	      1201	80000950	0015a223	sw	x1,4(x11)	 x11:0x80009f58  x1:0x80000688 PA:0x80009f5c
       12035000	      1202	80000954	011983b3	add	x7,x19,x17	 x19:0xffffff86 x17:0xfffffb87  x7=0xfffffb0d
       12045000	      1203	80000958	60fab197	auipc	x3,0x60fab	  x3=0xe0fab954
       12055000	      1204	8000095c	00008a17	auipc	x20,0x8	 x20=0x80008958
       12065000	      1205	80000960	c49a0a13	addi	x20,x20,-951	 x20:0x80008958 x20=0x800085a1
       12075000	      1206	80000964	0e3a0c23	sb	x3,248(x20)	 x20:0x800085a1  x3:0xe0fab954 PA:0x80008699
       12085000	      1207	80000968	0f8a4d03	lbu	x26,248(x20)	 x20:0x800085a1 x26=0x00000054 PA:0x80008699
       12095000	      1208	8000096c	0a7a4603	lbu	x12,167(x20)	 x20:0x800085a1 x12=0x00000003 PA:0x80008648
       12105000	      1209	80000970	09da1483	lh	x9,157(x20)	 x20:0x800085a1  x9=0xfffff4f5 PA:0x8000863e
       12115000	      1210	80000974	09da5c83	lhu	x25,157(x20)	 x20:0x800085a1 x25=0x0000f4f5 PA:0x8000863e
       12125000	      1211	80000978	09da1d83	lh	x27,157(x20)	 x20:0x800085a1 x27=0xfffff4f5 PA:0x8000863e
       12135000	      1212	8000097c	012a4083	lbu	x1,18(x20)	 x20:0x800085a1  x1=0x000000f5 PA:0x800085b3
       12145000	      1213	80000980	009a0923	sb	x9,18(x20)	 x20:0x800085a1  x9:0xfffff4f5 PA:0x800085b3
       12155000	      1214	80000984	012a4783	lbu	x15,18(x20)	 x20:0x800085a1 x15=0x000000f5 PA:0x800085b3
       12165000	      1215	80000988	0cba10a3	sh	x11,193(x20)	 x20:0x800085a1 x11:0x80009f58 PA:0x80008662
       12175000	      1216	8000098c	f9ba4283	lbu	x5,-101(x20)	 x20:0x800085a1  x5=0x000000f7 PA:0x8000853c
       12185000	      1217	80000990	0014d1b3	srl	x3,x9,x1	  x9:0xfffff4f5  x1:0x000000f5  x3=0x000007ff
       12195000	      1218	80000994	f60a0883	lb	x17,-160(x20)	 x20:0x800085a1 x17=0xffffffba PA:0x80008501
       12205000	      1219	80000998	f60a0083	lb	x1,-160(x20)	 x20:0x800085a1  x1=0xffffffba PA:0x80008501
       12215000	      1220	8000099c	046a0f23	sb	x6,94(x20)	 x20:0x800085a1  x6:0x80000c7b PA:0x800085ff
       12225000	      1221	800009a0	5f110b93	addi	x23,x2,1521	  x2:0xdffffbbb x23=0xe00001ac
       12235000	      1222	800009a4	016c6433	or	x8,x24,x22	 x24:0x00000000 x22:0xfffffffb  x8=0xfffffffb
       12245000	      1223	800009a8	03ba1c83	lh	x25,59(x20)	 x20:0x800085a1 x25=0xffff9697 PA:0x800085dc
       12255000	      1224	800009ac	fa8a13a3	sh	x8,-89(x20)	 x20:0x800085a1  x8:0xfffffffb PA:0x80008548
       12265000	      1225	800009b0	f7ca17a3	sh	x28,-145(x20)	 x20:0x800085a1 x28:0x00000206 PA:0x80008510
       12275000	      1226	800009b4	01ba16a3	sh	x27,13(x20)	 x20:0x800085a1 x27:0xfffff4f5 PA:0x800085ae
       12285000	      1227	800009b8	f8da1503	lh	x10,-115(x20)	 x20:0x800085a1 x10=0xffffe4e5 PA:0x8000852e
       12295000	      1228	800009bc	00008997	auipc	x19,0x8	 x19=0x800089b8
       12305000	      1229	800009c0	2f198993	addi	x19,x19,753	 x19:0x800089b8 x19=0x80008ca9
       12315000	      1230	800009c4	44be6313	ori	x6,x28,1099	 x28:0x00000206  x6=0x0000064f
       12325000	      1231	800009c8	edfdd697	auipc	x13,0xedfdd	 x13=0x6dfdd9c4
       12335000	      1232	800009cc	01e98823	sb	x30,16(x19)	 x19:0x80008ca9 x30:0x02000000 PA:0x80008cb9
       12345000	      1233	800009d0	1f5fe613	ori	x12,x31,501	 x31:0x00000189 x12=0x000001fd
       12355000	      1234	800009d4	41a78b33	sub	x22,x15,x26	 x15:0x000000f5 x26:0x00000054 x22=0x000000a1
       12365000	      1235	800009d8	016f5f33	srl	x30,x30,x22	 x30:0x02000000 x22:0x000000a1 x30=0x01000000
       12375000	      1236	800009dc	f776f113	andi	x2,x13,-137	 x13:0x6dfdd9c4  x2=0x6dfdd944
       12385000	      1237	800009e0	0169c683	lbu	x13,22(x19)	 x19:0x80008ca9 x13=0x000000a4 PA:0x80008cbf
       12395000	      1238	800009e4	fc29cb83	lbu	x23,-62(x19)	 x19:0x80008ca9 x23=0x00000050 PA:0x80008c6b
       12405000	      1239	800009e8	00298c23	sb	x2,24(x19)	 x19:0x80008ca9  x2:0x6dfdd944 PA:0x80008cc1
       12415000	      1240	800009ec	00b3adb3	slt	x27,x7,x11	  x7:0xfffffb0d x11:0x80009f58 x27=0x00000000
       12425000	      1241	800009f0	f55fca93	xori	x21,x31,-171	 x31:0x00000189 x21=0xfffffedc
       12435000	      1242	800009f4	00000013	addi	x0,x0,0	  x0:0x00000000
       12445000	      1243	800009f8	016e1793	slli	x15,x28,0x16	 x28:0x00000206 x15=0x81800000
       12455000	      1244	800009fc	f8c08713	addi	x14,x1,-116	  x1:0xffffffba x14=0xffffff46
       12465000	      1245	80000a00	00000013	addi	x0,x0,0	  x0:0x00000000
       12475000	      1246	80000a04	00a64733	xor	x14,x12,x10	 x12:0x000001fd x10:0xffffe4e5 x14=0xffffe518
       12485000	      1247	80000a08	03399b03	lh	x22,51(x19)	 x19:0x80008ca9 x22=0xffffc6c7 PA:0x80008cdc
       12495000	      1248	80000a0c	00385ab3	srl	x21,x16,x3	 x16:0x00000189  x3:0x000007ff x21=0x00000000
       12505000	      1249	80000a10	341cfd13	andi	x26,x25,833	 x25:0xffff9697 x26=0x00000201
       12515000	      1250	80000a14	01d44433	xor	x8,x8,x29	  x8:0xfffffffb x29:0xe78c5680  x8=0x1873a97b
       12525000	      1251	80000a18	71c94d13	xori	x26,x18,1820	 x18:0x80009fc4 x26=0x800098d8
       12535000	      1252	80000a1c	fd298803	lb	x16,-46(x19)	 x19:0x80008ca9 x16=0x00000060 PA:0x80008c7b
       12545000	      1253	80000a20	ff399b83	lh	x23,-13(x19)	 x19:0x80008ca9 x23=0xffff8687 PA:0x80008c9c
       12555000	      1254	80000a24	40d1dd33	sra	x26,x3,x13	  x3:0x000007ff x13:0x000000a4 x26=0x0000007f
       12565000	      1255	80000a28	97b18497	auipc	x9,0x97b18	  x9=0x17b18a24
       12575000	      1256	80000a2c	41985533	sra	x10,x16,x25	 x16:0x00000060 x25:0xffff9697 x10=0x00000000
       12585000	      1257	80000a30	00000013	addi	x0,x0,0	  x0:0x00000000
       12595000	      1258	80000a34	fec9c803	lbu	x16,-20(x19)	 x19:0x80008ca9 x16=0x0000007e PA:0x80008c95
       12605000	      1259	80000a38	ac458793	addi	x15,x11,-1340	 x11:0x80009f58 x15=0x80009a1c
       12615000	      1260	80000a3c	01598683	lb	x13,21(x19)	 x19:0x80008ca9 x13=0xffffffa5 PA:0x80008cbe
       12625000	      1261	80000a40	0140b433	sltu	x8,x1,x20	  x1:0xffffffba x20:0x800085a1  x8=0x00000000
       12635000	      1262	80000a44	caccd6b7	lui	x13,0xcaccd	 x13=0xcaccd000
       12645000	      1263	80000a48	40798233	sub	x4,x19,x7	 x19:0x80008ca9  x7:0xfffffb0d  x4=0x8000919c
       12655000	      1264	80000a4c	fe79df83	lhu	x31,-25(x19)	 x19:0x80008ca9 x31=0x00007a7b PA:0x80008c90
       12665000	      1265	80000a50	00007117	auipc	x2,0x7	  x2=0x80007a4c
       12675000	      1266	80000a54	6ad10113	addi	x2,x2,1709	  x2:0x80007a4c  x2=0x800080f9
       12685000	      1267	80000a58	ff210703	lb	x14,-14(x2)	  x2:0x800080f9 x14=0xffffff87 PA:0x800080eb
       12695000	      1268	80000a5c	feb10923	sb	x11,-14(x2)	  x2:0x800080f9 x11:0x80009f58 PA:0x800080eb
       12705000	      1269	80000a60	ff710923	sb	x23,-14(x2)	  x2:0x800080f9 x23:0xffff8687 PA:0x800080eb
       12715000	      1270	80000a64	ff210f83	lb	x31,-14(x2)	  x2:0x800080f9 x31=0xffffff87 PA:0x800080eb
       12725000	      1271	80000a68	ff414503	lbu	x10,-12(x2)	  x2:0x800080f9 x10=0x000000a6 PA:0x800080ed
       12735000	      1272	80000a6c	ff414883	lbu	x17,-12(x2)	  x2:0x800080f9 x17=0x000000a6 PA:0x800080ed
       12745000	      1273	00000000	00000013	addi	x0,x0,0	  x0:0x00000000
       12755000	      1274	80000a70	011e99b3	sll	x19,x29,x17	 x29:0xe78c5680 x17:0x000000a6 x19=0xe315a000
       12765000	      1275	80000a74	01dedcb3	srl	x25,x29,x29	 x29:0xe78c5680 x29:0xe78c5680 x25=0xe78c5680
       12775000	      1276	80000a78	ff410983	lb	x19,-12(x2)	  x2:0x800080f9 x19=0xffffffa6 PA:0x800080ed
       12785000	      1277	80000a7c	01a0d993	srli	x19,x1,0x1a	  x1:0xffffffba x19=0x0000003f
       12795000	      1278	80000a80	ff414c83	lbu	x25,-12(x2)	  x2:0x800080f9 x25=0x000000a6 PA:0x800080ed
       12805000	      1279	80000a84	40958533	sub	x10,x11,x9	 x11:0x80009f58  x9:0x17b18a24 x10=0x684f1534
       12815000	      1280	80000a88	00f11203	lh	x4,15(x2)	  x2:0x800080f9  x4=0xffff87c3 PA:0x80008108
       12825000	      1281	80000a8c	00f14c83	lbu	x25,15(x2)	  x2:0x800080f9 x25=0x000000c3 PA:0x80008108
       12835000	      1282	80000a90	fedaaa97	auipc	x21,0xfedaa	 x21=0x7edaaa8c
       12845000	      1283	80000a94	01210823	sb	x18,16(x2)	  x2:0x800080f9 x18:0x80009fc4 PA:0x80008109
       12855000	      1284	80000a98	01f10823	sb	x31,16(x2)	  x2:0x800080f9 x31:0xffffff87 PA:0x80008109
       12865000	      1285	80000a9c	00b12803	lw	x16,11(x2)	  x2:0x800080f9 x16=0xbcbdbebf PA:0x80008104
       12875000	      1286	80000aa0	00b14003	lbu	x0,11(x2)	  x2:0x800080f9 PA:0x80008104
       12885000	      1287	80000aa4	00145d33	srl	x26,x8,x1	  x8:0x00000000  x1:0xffffffba x26=0x00000000
       12895000	      1288	80000aa8	ffd14783	lbu	x15,-3(x2)	  x2:0x800080f9 x15=0x000000ad PA:0x800080f6
       12905000	      1289	80000aac	00008117	auipc	x2,0x8	  x2=0x80008aa8
       12915000	      1290	80000ab0	efb10113	addi	x2,x2,-261	  x2:0x80008aa8  x2=0x800089a3
       12925000	      1291	80000ab4	f4a11ea3	sh	x10,-163(x2)	  x2:0x800089a3 x10:0x684f1534 PA:0x80008900
       12935000	      1292	80000ab8	fc714f03	lbu	x30,-57(x2)	  x2:0x800089a3 x30=0x00000000 PA:0x8000896a
       12945000	      1293	80000abc	fcc103a3	sb	x12,-57(x2)	  x2:0x800089a3 x12:0x000001fd PA:0x8000896a
       12955000	      1294	80000ac0	fc710b03	lb	x22,-57(x2)	  x2:0x800089a3 x22=0xfffffffd PA:0x8000896a
       12965000	      1295	80000ac4	fc711603	lh	x12,-57(x2)	  x2:0x800089a3 x12=0x000000fd PA:0x8000896a
       12975000	      1296	80000ac8	fc8113a3	sh	x8,-57(x2)	  x2:0x800089a3  x8:0x00000000 PA:0x8000896a
       12985000	      1297	80000acc	0007d2b3	srl	x5,x15,x0	 x15:0x000000ad  x0:0x00000000  x5=0x000000ad
       12995000	      1298	80000ad0	f6b10ea3	sb	x11,-131(x2)	  x2:0x800089a3 x11:0x80009f58 PA:0x80008920
       13005000	      1299	80000ad4	f7d10403	lb	x8,-131(x2)	  x2:0x800089a3  x8=0x00000058 PA:0x80008920
       13015000	      1300	80000ad8	09a14f03	lbu	x30,154(x2)	  x2:0x800089a3 x30=0x00000058 PA:0x80008a3d
       13025000	      1301	80000adc	41fed013	srai	x0,x29,0x1f	 x29:0xe78c5680
       13035000	      1302	80000ae0	09a14a03	lbu	x20,154(x2)	  x2:0x800089a3 x20=0x00000058 PA:0x80008a3d
       13045000	      1303	80000ae4	a84ae237	lui	x4,0xa84ae	  x4=0xa84ae000
       13055000	      1304	80000ae8	08b10d23	sb	x11,154(x2)	  x2:0x800089a3 x11:0x80009f58 PA:0x80008a3d
       13065000	      1305	80000aec	09a14803	lbu	x16,154(x2)	  x2:0x800089a3 x16=0x00000058 PA:0x80008a3d
       13075000	      1306	80000af0	09a14283	lbu	x5,154(x2)	  x2:0x800089a3  x5=0x00000058 PA:0x80008a3d
       13085000	      1307	80000af4	43febb93	sltiu	x23,x29,1087	 x29:0xe78c5680 x23=0x00000000
       13095000	      1308	80000af8	0a910723	sb	x9,174(x2)	  x2:0x800089a3  x9:0x17b18a24 PA:0x80008a51
       13105000	      1309	80000afc	f9a11ca3	sh	x26,-103(x2)	  x2:0x800089a3 x26:0x00000000 PA:0x8000893c
       13115000	      1310	80000b00	f9915603	lhu	x12,-103(x2)	  x2:0x800089a3 x12=0x00000000 PA:0x8000893c
       13125000	      1311	80000b04	01911803	lh	x16,25(x2)	  x2:0x800089a3 x16=0x000000cf PA:0x800089bc
       13135000	      1312	80000b08	00008f97	auipc	x31,0x8	 x31=0x80008b04
       13145000	      1313	80000b0c	c1ff8f93	addi	x31,x31,-993	 x31:0x80008b04 x31=0x80008723
       13155000	      1314	80000b10	01050733	add	x14,x10,x16	 x10:0x684f1534 x16:0x000000cf x14=0x684f1603
       13165000	      1315	80000b14	405106b3	sub	x13,x2,x5	  x2:0x800089a3  x5:0x00000058 x13=0x8000894b
       13175000	      1316	80000b18	008f8b83	lb	x23,8(x31)	 x31:0x80008723 x23=0xffffffe0 PA:0x8000872b
       13185000	      1317	80000b1c	92ad8713	addi	x14,x27,-1750	 x27:0x00000000 x14=0xfffff92a
       13195000	      1318	80000b20	00a542b3	xor	x5,x10,x10	 x10:0x684f1534 x10:0x684f1534  x5=0x00000000
       13205000	      1319	80000b24	002f8283	lb	x5,2(x31)	 x31:0x80008723  x5=0x00000050 PA:0x80008725
       13215000	      1320	80000b28	017f83a3	sb	x23,7(x31)	 x31:0x80008723 x23:0xffffffe0 PA:0x8000872a
       13225000	      1321	80000b2c	3e78fc17	auipc	x24,0x3e78f	 x24=0xbe78fb28
       13235000	      1322	80000b30	008f86a3	sb	x8,13(x31)	 x31:0x80008723  x8:0x00000058 PA:0x80008730
       13245000	      1323	80000b34	00255c33	srl	x24,x10,x2	 x10:0x684f1534  x2:0x800089a3 x24=0x0d09e2a6
       13255000	      1324	80000b38	40dc5813	srai	x16,x24,0xd	 x24:0x0d09e2a6 x16=0x0000684f
       13265000	      1325	80000b3c	000c6cb3	or	x25,x24,x0	 x24:0x0d09e2a6  x0:0x00000000 x25=0x0d09e2a6
       13275000	      1326	80000b40	ffcf8fa3	sb	x28,-1(x31)	 x31:0x80008723 x28:0x00000206 PA:0x80008722
       13285000	      1327	80000b44	ff6f8a23	sb	x22,-12(x31)	 x31:0x80008723 x22:0xfffffffd PA:0x80008717
       13295000	      1328	80000b48	00711493	slli	x9,x2,0x7	  x2:0x800089a3  x9=0x0044d180
       13305000	      1329	80000b4c	003fc983	lbu	x19,3(x31)	 x31:0x80008723 x19=0x000000dd PA:0x80008726
       13315000	      1330	80000b50	00c772b3	and	x5,x14,x12	 x14:0xfffff92a x12:0x00000000  x5=0x00000000
       13325000	      1331	80000b54	01798633	add	x12,x19,x23	 x19:0x000000dd x23:0xffffffe0 x12=0x000000bd
       13335000	      1332	80000b58	01745833	srl	x16,x8,x23	  x8:0x00000058 x23:0xffffffe0 x16=0x00000058
       13345000	      1333	80000b5c	ff7f8d03	lb	x26,-9(x31)	 x31:0x80008723 x26=0xffffffd1 PA:0x8000871a
       13355000	      1334	80000b60	00e3f633	and	x12,x7,x14	  x7:0xfffffb0d x14:0xfffff92a x12=0xfffff908
       13365000	      1335	80000b64	01c8e8b3	or	x17,x17,x28	 x17:0x000000a6 x28:0x00000206 x17=0x000002a6
       13375000	      1336	80000b68	010fcd03	lbu	x26,16(x31)	 x31:0x80008723 x26=0x000000e8 PA:0x80008733
       13385000	      1337	80000b6c	01df6033	or	x0,x30,x29	 x30:0x00000058 x29:0xe78c5680
       13395000	      1338	80000b70	01181c33	sll	x24,x16,x17	 x16:0x00000058 x17:0x000002a6 x24=0x00001600
       13405000	      1339	80000b74	ff9faa03	lw	x20,-7(x31)	 x31:0x80008723 x20=0x00e800d7 PA:0x8000871c
       13415000	      1340	80000b78	00b713b3	sll	x7,x14,x11	 x14:0xfffff92a x11:0x80009f58  x7=0x2a000000
       13425000	      1341	80000b7c	010fc503	lbu	x10,16(x31)	 x31:0x80008723 x10=0x000000e8 PA:0x80008733
       13435000	      1342	80000b80	f8ff5437	lui	x8,0xf8ff5	  x8=0xf8ff5000
       13445000	      1343	80000b84	321d7813	andi	x16,x26,801	 x26:0x000000e8 x16=0x00000020
       13455000	      1344	80000b88	4053db13	srai	x22,x7,0x5	  x7:0x2a000000 x22=0x01500000
       13465000	      1345	80000b8c	007f8e03	lb	x28,7(x31)	 x31:0x80008723 x28=0xffffffe0 PA:0x8000872a
       13475000	      1346	80000b90	41db0033	sub	x0,x22,x29	 x22:0x01500000 x29:0xe78c5680
       13485000	      1347	80000b94	0029ad33	slt	x26,x19,x2	 x19:0x000000dd  x2:0x800089a3 x26=0x00000000
       13495000	      1348	80000b98	965e6a13	ori	x20,x28,-1691	 x28:0xffffffe0 x20=0xffffffe5
       13505000	      1349	80000b9c	008f90a3	sh	x8,1(x31)	 x31:0x80008723  x8:0xf8ff5000 PA:0x80008724
       13515000	      1350	80000ba0	ffdf9da3	sh	x29,-5(x31)	 x31:0x80008723 x29:0xe78c5680 PA:0x8000871e
       13525000	      1351	80000ba4	feaf9da3	sh	x10,-5(x31)	 x31:0x80008723 x10:0x000000e8 PA:0x8000871e
       13535000	      1352	80000ba8	7e7cc0b7	lui	x1,0x7e7cc	  x1=0x7e7cc000
       13545000	      1353	80000bac	000f8183	lb	x3,0(x31)	 x31:0x80008723  x3=0xffffffd8 PA:0x80008723
       13555000	      1354	80000bb0	01f79c33	sll	x24,x15,x31	 x15:0x000000ad x31:0x80008723 x24=0x00000568
       13565000	      1355	80000bb4	01268233	add	x4,x13,x18	 x13:0x8000894b x18:0x80009fc4  x4=0x0001290f
       13575000	      1356	80000bb8	00af9993	slli	x19,x31,0xa	 x31:0x80008723 x19=0x021c8c00
       13585000	      1357	80000bbc	006f8733	add	x14,x31,x6	 x31:0x80008723  x6:0x0000064f x14=0x80008d72
       13595000	      1358	80000bc0	fe7f8d23	sb	x7,-6(x31)	 x31:0x80008723  x7:0x2a000000 PA:0x8000871d
       13605000	      1359	80000bc4	00008797	auipc	x15,0x8	 x15=0x80008bc0
       13615000	      1360	80000bc8	a9e78793	addi	x15,x15,-1378	 x15:0x80008bc0 x15=0x8000865e
       13625000	      1361	80000bcc	00007717	auipc	x14,0x7	 x14=0x80007bc8
       13635000	      1362	80000bd0	6fb70713	addi	x14,x14,1787	 x14:0x80007bc8 x14=0x800082c3
       13645000	      1363	80000bd4	00008a17	auipc	x20,0x8	 x20=0x80008bd0
       13655000	      1364	80000bd8	a6fa0a13	addi	x20,x20,-1425	 x20:0x80008bd0 x20=0x8000863f
       13665000	      1365	80000bdc	00008e17	auipc	x28,0x8	 x28=0x80008bd8
       13675000	      1366	80000be0	962e0e13	addi	x28,x28,-1694	 x28:0x80008bd8 x28=0x8000853a
       13685000	      1367	80000be4	00aa4983	lbu	x19,10(x20)	 x20:0x8000863f x19=0x00000002 PA:0x80008649
       13695000	      1368	80000be8	ffc78983	lb	x19,-4(x15)	 x15:0x8000865e x19=0x00000011 PA:0x8000865a
       13705000	      1369	80000bec	fe570383	lb	x7,-27(x14)	 x14:0x800082c3  x7=0x00000063 PA:0x800082a8
       13715000	      1370	80000bf0	fc874f03	lbu	x30,-56(x14)	 x14:0x800082c3 x30=0x00000040 PA:0x8000828b
       13725000	      1371	80000bf4	ffca0f23	sb	x28,-2(x20)	 x20:0x8000863f x28:0x8000853a PA:0x8000863d
       13735000	      1372	80000bf8	ff879883	lh	x17,-8(x15)	 x15:0x8000865e x17=0x00000c0d PA:0x80008656
       13745000	      1373	80000bfc	006a4303	lbu	x6,6(x20)	 x20:0x8000863f  x6=0x000000fe PA:0x80008645
       13755000	      1374	80000c00	ff4e1983	lh	x19,-12(x28)	 x28:0x8000853a x19=0xffffe4e5 PA:0x8000852e
       13765000	      1375	80000c04	ff8e1603	lh	x12,-8(x28)	 x28:0x8000853a x12=0xffffe8e9 PA:0x80008532
       13775000	      1376	80000c08	ffe7a303	lw	x6,-2(x15)	 x15:0x8000865e  x6=0x14153f17 PA:0x8000865c
       13785000	      1377	80000c0c	0077c003	lbu	x0,7(x15)	 x15:0x8000865e PA:0x80008665
       13795000	      1378	80000c10	001716a3	sh	x1,13(x14)	 x14:0x800082c3  x1:0x7e7cc000 PA:0x800082d0
       13805000	      1379	80000c14	ffd78203	lb	x4,-3(x15)	 x15:0x8000865e  x4=0x00000010 PA:0x8000865b
       13815000	      1380	80000c18	ff778aa3	sb	x23,-11(x15)	 x15:0x8000865e x23:0xffffffe0 PA:0x80008653
       13825000	      1381	80000c1c	03ae5c03	lhu	x24,58(x28)	 x28:0x8000853a x24=0x00002e2f PA:0x80008574
       13835000	      1382	80000c20	ff7a0883	lb	x17,-9(x20)	 x20:0x8000863f x17=0xffffffed PA:0x80008636
       13845000	      1383	80000c24	ff37c403	lbu	x8,-13(x15)	 x15:0x8000865e  x8=0x0000000a PA:0x80008651
       13855000	      1384	80000c28	ffda1f03	lh	x30,-3(x20)	 x20:0x8000863f x30=0x00003af7 PA:0x8000863c
       13865000	      1385	80000c2c	fcc70c03	lb	x24,-52(x14)	 x14:0x800082c3 x24=0x00000044 PA:0x8000828f
       13875000	      1386	80000c30	00578c83	lb	x25,5(x15)	 x15:0x8000865e x25=0xffffff9f PA:0x80008663
       13885000	      1387	80000c34	00ae4103	lbu	x2,10(x28)	 x28:0x8000853a  x2=0x000000ff PA:0x80008544
       13895000	      1388	80000c38	00f78c03	lb	x24,15(x15)	 x15:0x8000865e x24=0x0000006c PA:0x8000866d
       13905000	      1389	80000c3c	ffe71ba3	sh	x30,-9(x14)	 x14:0x800082c3 x30:0x00003af7 PA:0x800082ba
       13915000	      1390	80000c40	010a4603	lbu	x12,16(x20)	 x20:0x8000863f x12=0x00000004 PA:0x8000864f
       13925000	      1391	80000c44	ff1e0ba3	sb	x17,-9(x28)	 x28:0x8000853a x17:0xffffffed PA:0x80008531
       13935000	      1392	80000c48	01678423	sb	x22,8(x15)	 x15:0x8000865e x22:0x01500000 PA:0x80008666
       13945000	      1393	80000c4c	ff175303	lhu	x6,-15(x14)	 x14:0x800082c3  x6=0x00006e6f PA:0x800082b4
       13955000	      1394	80000c50	040e1603	lh	x12,64(x28)	 x28:0x8000853a x12=0x00003031 PA:0x8000857a
       13965000	      1395	80000c54	00008497	auipc	x9,0x8	  x9=0x80008c50
       13975000	      1396	80000c58	d8048493	addi	x9,x9,-640	  x9:0x80008c50  x9=0x800089d0
       13985000	      1397	80000c5c	49e4d603	lhu	x12,1182(x9)	  x9:0x800089d0 x12=0x00005455 PA:0x80008e6e
       13995000	      1398	80000c60	00008117	auipc	x2,0x8	  x2=0x80008c5c
       14005000	      1399	80000c64	dee10113	addi	x2,x2,-530	  x2:0x80008c5c  x2=0x80008a4a
       14015000	      1400	80000c68	00c15883	lhu	x17,12(x2)	  x2:0x80008a4a x17=0x00008000 PA:0x80008a56
       14025000	      1401	80000c6c	00008e17	auipc	x28,0x8	 x28=0x80008c68
       14035000	      1402	80000c70	11ee0e13	addi	x28,x28,286	 x28:0x80008c68 x28=0x80008d86
       14045000	      1403	80000c74	fbae1203	lh	x4,-70(x28)	 x28:0x80008d86  x4=0x00002a2b PA:0x80008d40
       14055000	      1404	80000c78	e5d4c883	lbu	x17,-419(x9)	  x9:0x800089d0 x17=0x00000016 PA:0x8000882d
       14065000	      1405	80000c7c	f5ce1983	lh	x19,-164(x28)	 x28:0x80008d86 x19=0xffffc8c9 PA:0x80008ce2
       14075000	      1406	80000c80	ff610ca3	sb	x22,-7(x2)	  x2:0x80008a4a x22:0x01500000 PA:0x80008a43
       14085000	      1407	80000c84	39148383	lb	x7,913(x9)	  x9:0x800089d0  x7=0x0000004a PA:0x80008d61
       14095000	      1408	80000c88	0e2e06a3	sb	x2,237(x28)	 x28:0x80008d86  x2:0x80008a4a PA:0x80008e73
       14105000	      1409	80000c8c	ff210b83	lb	x23,-14(x2)	  x2:0x80008a4a x23=0x00000027 PA:0x80008a3c
       14115000	      1410	80000c90	062e0683	lb	x13,98(x28)	 x28:0x80008d86 x13=0xffffffd3 PA:0x80008de8
       14125000	      1411	80000c94	35c49983	lh	x19,860(x9)	  x9:0x800089d0 x19=0x00001617 PA:0x80008d2c
       14135000	      1412	80000c98	09be1123	sh	x27,130(x28)	 x28:0x80008d86 x27:0x00000000 PA:0x80008e08
       14145000	      1413	80000c9c	00912523	sw	x9,10(x2)	  x2:0x80008a4a  x9:0x800089d0 PA:0x80008a54
       14155000	      1414	80000ca0	3054c883	lbu	x17,773(x9)	  x9:0x800089d0 x17=0x000000be PA:0x80008cd5
       14165000	      1415	80000ca4	00d14683	lbu	x13,13(x2)	  x2:0x80008a4a x13=0x00000080 PA:0x80008a57
       14175000	      1416	00000000	00000013	addi	x0,x0,0	  x0:0x00000000
       14185000	      1417	80000ca8	ecd48c83	lb	x25,-307(x9)	  x9:0x800089d0 x25=0xffffff86 PA:0x8000889d
       14195000	      1418	80000cac	00008797	auipc	x15,0x8	 x15=0x80008ca8
       14205000	      1419	80000cb0	ef378793	addi	x15,x15,-269	 x15:0x80008ca8 x15=0x80008b9b
       14215000	      1420	80000cb4	3367ce03	lbu	x28,822(x15)	 x15:0x80008b9b x28=0x00000080 PA:0x80008ed1
       14225000	      1421	80000cb8	0d478223	sb	x20,196(x15)	 x15:0x80008b9b x20:0x8000863f PA:0x80008c5f
       14235000	      1422	80000cbc	3d278b03	lb	x22,978(x15)	 x15:0x80008b9b x22=0x00000056 PA:0x80008f6d
       14245000	      1423	80000cc0	001a70b3	and	x1,x20,x1	 x20:0x8000863f  x1:0x7e7cc000  x1=0x00008000
       14255000	      1424	80000cc4	cb578e23	sb	x21,-836(x15)	 x15:0x80008b9b x21:0x7edaaa8c PA:0x80008857
       14265000	      1425	80000cc8	1c2798a3	sh	x2,465(x15)	 x15:0x80008b9b  x2:0x80008a4a PA:0x80008d6c
       14275000	      1426	80000ccc	cf57a883	lw	x17,-779(x15)	 x15:0x80008b9b x17=0x78797a7b PA:0x80008890
       14285000	      1427	80000cd0	0677c603	lbu	x12,103(x15)	 x15:0x80008b9b x12=0x000000e9 PA:0x80008c02
       14295000	      1428	80000cd4	00e828b3	slt	x17,x16,x14	 x16:0x00000020 x14:0x800082c3 x17=0x00000000
       14305000	      1429	80000cd8	75696d13	ori	x26,x18,1878	 x18:0x80009fc4 x26=0x80009fd6
       14315000	      1430	80000cdc	fe778b83	lb	x23,-25(x15)	 x15:0x80008b9b x23=0x00000069 PA:0x80008b82
       14325000	      1431	00000000	00000013	addi	x0,x0,0	  x0:0x00000000
       14335000	      1432	80000ce0	37778a23	sb	x23,884(x15)	 x15:0x80008b9b x23:0x00000069 PA:0x80008f0f
       14345000	      1433	80000ce4	3ae7ca03	lbu	x20,942(x15)	 x15:0x80008b9b x20=0x00000032 PA:0x80008f49
       14355000	      1434	80000ce8	e3278603	lb	x12,-462(x15)	 x15:0x80008b9b x12=0xffffffb6 PA:0x800089cd
       14365000	      1435	80000cec	9104ac13	slti	x24,x9,-1776	  x9:0x800089d0 x24=0x00000001
       14375000	      1436	80000cf0	ea379fa3	sh	x3,-321(x15)	 x15:0x80008b9b  x3:0xffffffd8 PA:0x80008a5a
       14385000	      1437	80000cf4	01868d33	add	x26,x13,x24	 x13:0x00000080 x24:0x00000001 x26=0x00000081
       14395000	      1438	80000cf8	10b78b23	sb	x11,278(x15)	 x15:0x80008b9b x11:0x80009f58 PA:0x80008cb1
       14405000	      1439	80000cfc	05f79a03	lh	x20,95(x15)	 x15:0x80008b9b x20=0xffffe0e1 PA:0x80008bfa
       14415000	      1440	80000d00	41b2d633	sra	x12,x5,x27	  x5:0x00000000 x27:0x00000000 x12=0x00000000
       14425000	      1441	80000d04	00db2033	slt	x0,x22,x13	 x22:0x00000056 x13:0x00000080
       14435000	      1442	80000d08	1c678d83	lb	x27,454(x15)	 x15:0x80008b9b x27=0x0000004a PA:0x80008d61
       14445000	      1443	80000d0c	013ce1b3	or	x3,x25,x19	 x25:0xffffff86 x19:0x00001617  x3=0xffffff97
       14455000	      1444	80000d10	002e3b33	sltu	x22,x28,x2	 x28:0x00000080  x2:0x80008a4a x22=0x00000001
       14465000	      1445	80000d14	0085bfb3	sltu	x31,x11,x8	 x11:0x80009f58  x8:0x0000000a x31=0x00000000
       14475000	      1446	80000d18	40760533	sub	x10,x12,x7	 x12:0x00000000  x7:0x0000004a x10=0xffffffb6
       14485000	      1447	80000d1c	0c478623	sb	x4,204(x15)	 x15:0x80008b9b  x4:0x00002a2b PA:0x80008c67
       14495000	      1448	80000d20	3827c803	lbu	x16,898(x15)	 x15:0x80008b9b x16=0x00000006 PA:0x80008f1d
       14505000	      1449	80000d24	d5938713	addi	x14,x7,-679	  x7:0x0000004a x14=0xfffffda3
       14515000	      1450	80000d28	5bc65ab7	lui	x21,0x5bc65	 x21=0x5bc65000
       14525000	      1451	80000d2c	01eb2f33	slt	x30,x22,x30	 x22:0x00000001 x30:0x00003af7 x30=0x00000001
       14535000	      1452	80000d30	05a7c083	lbu	x1,90(x15)	 x15:0x80008b9b  x1=0x000000de PA:0x80008bf5
       14545000	      1453	80000d34	40200e33	sub	x28,x0,x2	  x0:0x00000000  x2:0x80008a4a x28=0x7fff75b6
       14555000	      1454	80000d38	00a69f33	sll	x30,x13,x10	 x13:0x00000080 x10:0xffffffb6 x30=0x20000000
       14565000	      1455	80000d3c	2cc787a3	sb	x12,719(x15)	 x15:0x80008b9b x12:0x00000000 PA:0x80008e6a
       14575000	      1456	80000d40	e8478c23	sb	x4,-360(x15)	 x15:0x80008b9b  x4:0x00002a2b PA:0x80008a33
       14585000	      1457	80000d44	2b57ab03	lw	x22,693(x15)	 x15:0x80008b9b x22=0x38393a3b PA:0x80008e50
       14595000	      1458	80000d48	00008117	auipc	x2,0x8	  x2=0x80008d44
       14605000	      1459	80000d4c	28d10113	addi	x2,x2,653	  x2:0x80008d44  x2=0x80008fd1
       14615000	      1460	80000d50	daa10783	lb	x15,-598(x2)	  x2:0x80008fd1 x15=0x00000060 PA:0x80008d7b
       14625000	      1461	80000d54	d15110a3	sh	x21,-767(x2)	  x2:0x80008fd1 x21:0x5bc65000 PA:0x80008cd2
       14635000	      1462	80000d58	d01110a3	sh	x1,-767(x2)	  x2:0x80008fd1  x1:0x000000de PA:0x80008cd2
       14645000	      1463	80000d5c	d07100a3	sb	x7,-767(x2)	  x2:0x80008fd1  x7:0x0000004a PA:0x80008cd2
       14655000	      1464	80000d60	00000013	addi	x0,x0,0	  x0:0x00000000
       14665000	      1465	80000d64	d0115883	lhu	x17,-767(x2)	  x2:0x80008fd1 x17=0x0000004a PA:0x80008cd2
       14675000	      1466	80000d68	d0111983	lh	x19,-767(x2)	  x2:0x80008fd1 x19=0x0000004a PA:0x80008cd2
       14685000	      1467	80000d6c	ac5116a3	sh	x5,-1331(x2)	  x2:0x80008fd1  x5:0x00000000 PA:0x80008a9e
       14695000	      1468	80000d70	92315283	lhu	x5,-1757(x2)	  x2:0x80008fd1  x5=0x00008fd1 PA:0x800088f4
       14705000	      1469	80000d74	00f15333	srl	x6,x2,x15	  x2:0x80008fd1 x15:0x00000060  x6=0x80008fd1
       14715000	      1470	80000d78	922111a3	sh	x2,-1757(x2)	  x2:0x80008fd1  x2:0x80008fd1 PA:0x800088f4
       14725000	      1471	80000d7c	b98111a3	sh	x24,-1149(x2)	  x2:0x80008fd1 x24:0x00000001 PA:0x80008b54
       14735000	      1472	80000d80	ca014f03	lbu	x30,-864(x2)	  x2:0x80008fd1 x30=0x0000005a PA:0x80008c71
       14745000	      1473	80000d84	8ee10283	lb	x5,-1810(x2)	  x2:0x80008fd1  x5=0xffffffa4 PA:0x800088bf
       14755000	      1474	80000d88	a5e14083	lbu	x1,-1442(x2)	  x2:0x80008fd1  x1=0x00000014 PA:0x80008a2f
       14765000	      1475	80000d8c	b6010603	lb	x12,-1184(x2)	  x2:0x80008fd1 x12=0x0000001a PA:0x80008b31
       14775000	      1476	80000d90	ff010023	sb	x16,-32(x2)	  x2:0x80008fd1 x16:0x00000006 PA:0x80008fb1
       14785000	      1477	80000d94	b5b14c03	lbu	x24,-1189(x2)	  x2:0x80008fd1 x24=0x00000017 PA:0x80008b2c
       14795000	      1478	80000d98	b8511483	lh	x9,-1147(x2)	  x2:0x80008fd1  x9=0x00003c3d PA:0x80008b56
       14805000	      1479	80000d9c	00008817	auipc	x16,0x8	 x16=0x80008d98
       14815000	      1480	80000da0	a6780813	addi	x16,x16,-1433	 x16:0x80008d98 x16=0x800087ff
       14825000	      1481	80000da4	00007697	auipc	x13,0x7	 x13=0x80007da0
       14835000	      1482	80000da8	4c068693	addi	x13,x13,1216	 x13:0x80007da0 x13=0x80008260
       14845000	      1483	80000dac	ff080b03	lb	x22,-16(x16)	 x16:0x800087ff x22=0xffffffa4 PA:0x800087ef
       14855000	      1484	80000db0	ff480f23	sb	x20,-2(x16)	 x16:0x800087ff x20:0xffffe0e1 PA:0x800087fd
       14865000	      1485	80000db4	00f85603	lhu	x12,15(x16)	 x16:0x800087ff x12=0x0000c4c5 PA:0x8000880e
       14875000	      1486	80000db8	48e69503	lh	x10,1166(x13)	 x13:0x80008260 x10=0xffffa4a5 PA:0x800086ee
       14885000	      1487	80000dbc	4fa6cc83	lbu	x25,1274(x13)	 x13:0x80008260 x25=0x00000011 PA:0x8000875a
       14895000	      1488	80000dc0	ff684303	lbu	x6,-10(x16)	 x16:0x800087ff  x6=0x0000002b PA:0x800087f5
       14905000	      1489	80000dc4	f9e6d203	lhu	x4,-98(x13)	 x13:0x80008260  x4=0x0000b4b5 PA:0x800081fe
       14915000	      1490	80000dc8	01180223	sb	x17,4(x16)	 x16:0x800087ff x17:0x0000004a PA:0x80008803
       14925000	      1491	80000dcc	fe2809a3	sb	x2,-13(x16)	 x16:0x800087ff  x2:0x80008fd1 PA:0x800087f2
       14935000	      1492	80000dd0	04a6d383	lhu	x7,74(x13)	 x13:0x80008260  x7=0x00006061 PA:0x800082aa
       14945000	      1493	80000dd4	44068d23	sb	x0,1114(x13)	 x13:0x80008260  x0:0x00000000 PA:0x800086ba
       14955000	      1494	80000dd8	ff980ea3	sb	x25,-3(x16)	 x16:0x800087ff x25:0x00000011 PA:0x800087fc
       14965000	      1495	80000ddc	005816a3	sh	x5,13(x16)	 x16:0x800087ff  x5:0xffffffa4 PA:0x8000880c
       14975000	      1496	80000de0	00008217	auipc	x4,0x8	  x4=0x80008ddc
       14985000	      1497	80000de4	b7620213	addi	x4,x4,-1162	  x4:0x80008ddc  x4=0x80008952
       14995000	      1498	80000de8	06724b83	lbu	x23,103(x4)	  x4:0x80008952 x23=0x000000a2 PA:0x800089b9
       15005000	      1499	80000dec	1b425f03	lhu	x30,436(x4)	  x4:0x80008952 x30=0x0000eced PA:0x80008b06
       15015000	      1500	80000df0	5a320c83	lb	x25,1443(x4)	  x4:0x80008952 x25=0xffffffde PA:0x80008ef5
       15025000	      1501	80000df4	5a320e03	lb	x28,1443(x4)	  x4:0x80008952 x28=0xffffffde PA:0x80008ef5
       15035000	      1502	80000df8	5a320103	lb	x2,1443(x4)	  x4:0x80008952  x2=0xffffffde PA:0x80008ef5
       15045000	      1503	80000dfc	0133b533	sltu	x10,x7,x19	  x7:0x00006061 x19:0x0000004a x10=0x00000000
       15055000	      1504	80000e00	5a324a03	lbu	x20,1443(x4)	  x4:0x80008952 x20=0x000000de PA:0x80008ef5
       15065000	      1505	80000e04	30920423	sb	x9,776(x4)	  x4:0x80008952  x9:0x00003c3d PA:0x80008c5a
       15075000	      1506	80000e08	56620fa3	sb	x6,1407(x4)	  x4:0x80008952  x6:0x0000002b PA:0x80008ed1
       15085000	      1507	80000e0c	4185dc33	sra	x24,x11,x24	 x11:0x80009f58 x24:0x00000017 x24=0xffffff00
       15095000	      1508	80000e10	57d20fa3	sb	x29,1407(x4)	  x4:0x80008952 x29:0xe78c5680 PA:0x80008ed1
       15105000	      1509	80000e14	67221223	sh	x18,1636(x4)	  x4:0x80008952 x18:0x80009fc4 PA:0x80008fb6
       15115000	      1510	80000e18	fb2207a3	sb	x18,-81(x4)	  x4:0x80008952 x18:0x80009fc4 PA:0x80008901
       15125000	      1511	80000e1c	fa4207a3	sb	x4,-81(x4)	  x4:0x80008952  x4:0x80008952 PA:0x80008901
       15135000	      1512	80000e20	41628333	sub	x6,x5,x22	  x5:0xffffffa4 x22:0xffffffa4  x6=0x00000000
       15145000	      1513	80000e24	fba207a3	sb	x26,-81(x4)	  x4:0x80008952 x26:0x00000081 PA:0x80008901
       15155000	      1514	80000e28	ee9ec493	xori	x9,x29,-279	 x29:0xe78c5680  x9=0x1873a869
       15165000	      1515	80000e2c	41a0da33	sra	x20,x1,x26	  x1:0x00000014 x26:0x00000081 x20=0x0000000a
       15175000	      1516	80000e30	e848d017	auipc	x0,0xe848d	
       15185000	      1517	80000e34	f1d24a83	lbu	x21,-227(x4)	  x4:0x80008952 x21=0x000000c4 PA:0x8000886f
       15195000	      1518	80000e38	f1220ea3	sb	x18,-227(x4)	  x4:0x80008952 x18:0x80009fc4 PA:0x8000886f
       15205000	      1519	80000e3c	43522b23	sw	x21,1078(x4)	  x4:0x80008952 x21:0x000000c4 PA:0x80008d88
       15215000	      1520	80000e40	43620e03	lb	x28,1078(x4)	  x4:0x80008952 x28=0xffffffc4 PA:0x80008d88
       15225000	      1521	80000e44	43620083	lb	x1,1078(x4)	  x4:0x80008952  x1=0xffffffc4 PA:0x80008d88
       15235000	      1522	80000e48	43622483	lw	x9,1078(x4)	  x4:0x80008952  x9=0x000000c4 PA:0x80008d88
       15245000	      1523	80000e4c	00008817	auipc	x16,0x8	 x16=0x80008e48
       15255000	      1524	80000e50	13d80813	addi	x16,x16,317	 x16:0x80008e48 x16=0x80008f85
       15265000	      1525	80000e54	001703b3	add	x7,x14,x1	 x14:0xfffffda3  x1:0xffffffc4  x7=0xfffffd67
       15275000	      1526	80000e58	018c22b3	slt	x5,x24,x24	 x24:0xffffff00 x24:0xffffff00  x5=0x00000000
       15285000	      1527	80000e5c	d3484883	lbu	x17,-716(x16)	 x16:0x80008f85 x17=0x00000000 PA:0x80008cb9
       15295000	      1528	80000e60	1ac446b7	lui	x13,0x1ac44	 x13=0x1ac44000
       15305000	      1529	80000e64	006a5513	srli	x10,x20,0x6	 x20:0x0000000a x10=0x00000000
       15315000	      1530	80000e68	1e112437	lui	x8,0x1e112	  x8=0x1e112000
       15325000	      1531	80000e6c	8c080f23	sb	x0,-1826(x16)	 x16:0x80008f85  x0:0x00000000 PA:0x80008863
       15335000	      1532	80000e70	93884103	lbu	x2,-1736(x16)	 x16:0x80008f85  x2=0x000000a6 PA:0x800088bd
       15345000	      1533	80000e74	00000013	addi	x0,x0,0	  x0:0x00000000
       15355000	      1534	80000e78	b4880ea3	sb	x8,-1187(x16)	 x16:0x80008f85  x8:0x1e112000 PA:0x80008ae2
       15365000	      1535	80000e7c	caf85883	lhu	x17,-849(x16)	 x16:0x80008f85 x17=0x00001e1f PA:0x80008c34
       15375000	      1536	80000e80	8ff81e03	lh	x28,-1793(x16)	 x16:0x80008f85 x28=0x00006e6f PA:0x80008884
       15385000	      1537	80000e84	c3185e03	lhu	x28,-975(x16)	 x16:0x80008f85 x28=0x00009c9d PA:0x80008bb6
       15395000	      1538	80000e88	00c839b3	sltu	x19,x16,x12	 x16:0x80008f85 x12:0x0000c4c5 x19=0x00000000
       15405000	      1539	80000e8c	41e45233	sra	x4,x8,x30	  x8:0x1e112000 x30:0x0000eced  x4=0x0000f089
       15415000	      1540	80000e90	bc484603	lbu	x12,-1084(x16)	 x16:0x80008f85 x12=0x00000032 PA:0x80008b49
       15425000	      1541	80000e94	5da5ab93	slti	x23,x11,1498	 x11:0x80009f58 x23=0x00000001
       15435000	      1542	80000e98	0086b0b3	sltu	x1,x13,x8	 x13:0x1ac44000  x8:0x1e112000  x1=0x00000001
       15445000	      1543	80000e9c	001e6f33	or	x30,x28,x1	 x28:0x00009c9d  x1:0x00000001 x30=0x00009c9d
       15455000	      1544	80000ea0	b8180d03	lb	x26,-1151(x16)	 x16:0x80008f85 x26=0xffffffed PA:0x80008b06
       15465000	      1545	80000ea4	01f7cfb3	xor	x31,x15,x31	 x15:0x00000060 x31:0x00000000 x31=0x00000060
       15475000	      1546	80000ea8	e23829a3	sw	x3,-461(x16)	 x16:0x80008f85  x3:0xffffff97 PA:0x80008db8
       15485000	      1547	80000eac	019b6333	or	x6,x22,x25	 x22:0xffffffa4 x25:0xffffffde  x6=0xfffffffe
       15495000	      1548	80000eb0	411f83b3	sub	x7,x31,x17	 x31:0x00000060 x17:0x00001e1f  x7=0xffffe241
       15505000	      1549	80000eb4	3ea67113	andi	x2,x12,1002	 x12:0x00000032  x2=0x00000022
       15515000	      1550	80000eb8	ab580423	sb	x21,-1368(x16)	 x16:0x80008f85 x21:0x000000c4 PA:0x80008a2d
       15525000	      1551	80000ebc	be580923	sb	x5,-1038(x16)	 x16:0x80008f85  x5:0x00000000 PA:0x80008b77
       15535000	      1552	80000ec0	e4c84283	lbu	x5,-436(x16)	 x16:0x80008f85  x5=0x000000ba PA:0x80008dd1
       15545000	      1553	00000000	00000013	addi	x0,x0,0	  x0:0x00000000
       15555000	      1554	80000ec4	01a2efb3	or	x31,x5,x26	  x5:0x000000ba x26:0xffffffed x31=0xffffffff
       15565000	      1555	80000ec8	c1580783	lb	x15,-1003(x16)	 x16:0x80008f85 x15=0xffffff81 PA:0x80008b9a
       15575000	      1556	80000ecc	f2c825a3	sw	x12,-213(x16)	 x16:0x80008f85 x12:0x00000032 PA:0x80008eb0
       15585000	      1557	80000ed0	00052633	slt	x12,x10,x0	 x10:0x00000000  x0:0x00000000 x12=0x00000000
       15595000	      1558	80000ed4	6805b293	sltiu	x5,x11,1664	 x11:0x80009f58  x5=0x00000000
       15605000	      1559	80000ed8	e3880403	lb	x8,-456(x16)	 x16:0x80008f85  x8=0xffffffa6 PA:0x80008dbd
       15615000	      1560	80000edc	c3a80323	sb	x26,-986(x16)	 x16:0x80008f85 x26:0xffffffed PA:0x80008bab
       15625000	      1561	80000ee0	c6284b83	lbu	x23,-926(x16)	 x16:0x80008f85 x23=0x000000cc PA:0x80008be7
       15635000	      1562	80000ee4	9dd84703	lbu	x14,-1571(x16)	 x16:0x80008f85 x14=0x00000049 PA:0x80008962
       15645000	      1563	80000ee8	41135c13	srai	x24,x6,0x11	  x6:0xfffffffe x24=0xffffffff
       15655000	      1564	80000eec	ed084c03	lbu	x24,-304(x16)	 x16:0x80008f85 x24=0x0000003e PA:0x80008e55
       15665000	      1565	80000ef0	05084783	lbu	x15,80(x16)	 x16:0x80008f85 x15=0x000000be PA:0x80008fd5
       15675000	      1566	80000ef4	8cd808a3	sb	x13,-1839(x16)	 x16:0x80008f85 x13:0x1ac44000 PA:0x80008856
       15685000	      1567	80000ef8	00938233	add	x4,x7,x9	  x7:0xffffe241  x9:0x000000c4  x4=0xffffe305
       15695000	      1568	80000efc	d94810a3	sh	x20,-639(x16)	 x16:0x80008f85 x20:0x0000000a PA:0x80008d06
       15705000	      1569	80000f00	01b2b7b3	sltu	x15,x5,x27	  x5:0x00000000 x27:0x0000004a x15=0x00000001
       15715000	      1570	80000f04	96d85083	lhu	x1,-1683(x16)	 x16:0x80008f85  x1=0x0000d8d9 PA:0x800088f2
       15725000	      1571	80000f08	d5884383	lbu	x7,-680(x16)	 x16:0x80008f85  x7=0x000000c6 PA:0x80008cdd
       15735000	      1572	80000f0c	f4b81a83	lh	x21,-181(x16)	 x16:0x80008f85 x21=0xffff80bb PA:0x80008ed0
       15745000	      1573	80000f10	00008817	auipc	x16,0x8	 x16=0x80008f0c
       15755000	      1574	80000f14	0b980813	addi	x16,x16,185	 x16:0x80008f0c x16=0x80008fc5
       15765000	      1575	80000f18	04417f13	andi	x30,x2,68	  x2:0x00000022 x30=0x00000000
       15775000	      1576	80000f1c	f2080203	lb	x4,-224(x16)	 x16:0x80008fc5  x4=0xffffffce PA:0x80008ee5
       15785000	      1577	00000000	00000013	addi	x0,x0,0	  x0:0x00000000
       15795000	      1578	80000f20	004dd313	srli	x6,x27,0x4	 x27:0x0000004a  x6=0x00000004
       15805000	      1579	80000f24	f3581683	lh	x13,-203(x16)	 x16:0x80008fc5 x13=0xffffe0e1 PA:0x80008efa
       15815000	      1580	80000f28	32b13197	auipc	x3,0x32b13	  x3=0xb2b13f24
       15825000	      1581	80000f2c	fa680183	lb	x3,-90(x16)	 x16:0x80008fc5  x3=0xffffffb9 PA:0x80008f6b
       15835000	      1582	80000f30	f9d81f83	lh	x31,-99(x16)	 x16:0x80008fc5 x31=0x00004849 PA:0x80008f62
       15845000	      1583	80000f34	01985f83	lhu	x31,25(x16)	 x16:0x80008fc5 x31=0x0000c4c5 PA:0x80008fde
       15855000	      1584	80000f38	00f7de33	srl	x28,x15,x15	 x15:0x00000001 x15:0x00000001 x28=0x00000000
       15865000	      1585	80000f3c	0061f3b3	and	x7,x3,x6	  x3:0xffffffb9  x6:0x00000004  x7=0x00000000
       15875000	      1586	80000f40	00000013	addi	x0,x0,0	  x0:0x00000000
       15885000	      1587	80000f44	f7484983	lbu	x19,-140(x16)	 x16:0x80008fc5 x19=0x00000022 PA:0x80008f39
       15895000	      1588	80000f48	00ca5113	srli	x2,x20,0xc	 x20:0x0000000a  x2=0x00000000
       15905000	      1589	80000f4c	f8a84c03	lbu	x24,-118(x16)	 x16:0x80008fc5 x24=0x00000034 PA:0x80008f4f
       15915000	      1590	80000f50	562a0d93	addi	x27,x20,1378	 x20:0x0000000a x27=0x0000056c
       15925000	      1591	80000f54	f5984b03	lbu	x22,-167(x16)	 x16:0x80008fc5 x22=0x00000005 PA:0x80008f1e
       15935000	      1592	80000f58	01984783	lbu	x15,25(x16)	 x16:0x80008fc5 x15=0x000000c5 PA:0x80008fde
       15945000	      1593	80000f5c	fff84f83	lbu	x31,-1(x16)	 x16:0x80008fc5 x31=0x000000ed PA:0x80008fc4
       15955000	      1594	80000f60	fb380703	lb	x14,-77(x16)	 x16:0x80008fc5 x14=0x00000063 PA:0x80008f78
       15965000	      1595	80000f64	00d81c03	lh	x24,13(x16)	 x16:0x80008fc5 x24=0x000000ff PA:0x80008fd2
       15975000	      1596	80000f68	0196f033	and	x0,x13,x25	 x13:0xffffe0e1 x25:0xffffffde
       15985000	      1597	80000f6c	fe884603	lbu	x12,-24(x16)	 x16:0x80008fc5 x12=0x00000096 PA:0x80008fad
       15995000	      1598	80000f70	fce84b83	lbu	x23,-50(x16)	 x16:0x80008fc5 x23=0x00000078 PA:0x80008f93
       16005000	      1599	80000f74	f9280823	sb	x18,-112(x16)	 x16:0x80008fc5 x18:0x80009fc4 PA:0x80008f55
       16015000	      1600	80000f78	2f82e297	auipc	x5,0x2f82e	  x5=0xaf82ef74
       16025000	      1601	80000f7c	fd284183	lbu	x3,-46(x16)	 x16:0x80008fc5  x3=0x0000007c PA:0x80008f97
       16035000	      1602	80000f80	01a825a3	sw	x26,11(x16)	 x16:0x80008fc5 x26:0xffffffed PA:0x80008fd0
       16045000	      1603	80000f84	00891e13	slli	x28,x18,0x8	 x18:0x80009fc4 x28=0x009fc400
       16055000	      1604	80000f88	41df8333	sub	x6,x31,x29	 x31:0x000000ed x29:0xe78c5680  x6=0x1873aa6d
       16065000	      1605	80000f8c	f0b81203	lh	x4,-245(x16)	 x16:0x80008fc5  x4=0xffff80bb PA:0x80008ed0
       16075000	      1606	80000f90	fb880323	sb	x24,-90(x16)	 x16:0x80008fc5 x24:0x000000ff PA:0x80008f6b
       16085000	      1607	80000f94	fcb80523	sb	x11,-54(x16)	 x16:0x80008fc5 x11:0x80009f58 PA:0x80008f8f
       16095000	      1608	80000f98	f6080403	lb	x8,-160(x16)	 x16:0x80008fc5  x8=0x0000000e PA:0x80008f25
       16105000	      1609	80000f9c	fd87cb17	auipc	x22,0xfd87c	 x22=0x7d87cf98
       16115000	      1610	80000fa0	ffa80fa3	sb	x26,-1(x16)	 x16:0x80008fc5 x26:0xffffffed PA:0x80008fc4
       16125000	      1611	80000fa4	00e80603	lb	x12,14(x16)	 x16:0x80008fc5 x12=0xffffffff PA:0x80008fd3
       16135000	      1612	80000fa8	000a2433	slt	x8,x20,x0	 x20:0x0000000a  x0:0x00000000  x8=0x00000000
       16145000	      1613	80000fac	01184f03	lbu	x30,17(x16)	 x16:0x80008fc5 x30=0x000000bd PA:0x80008fd6
       16155000	      1614	80000fb0	f4784d03	lbu	x26,-185(x16)	 x16:0x80008fc5 x26=0x000000f7 PA:0x80008f0c
       16165000	      1615	80000fb4	00bc28b3	slt	x17,x24,x11	 x24:0x000000ff x11:0x80009f58 x17=0x00000000
       16175000	      1616	80000fb8	fa780f83	lb	x31,-89(x16)	 x16:0x80008fc5 x31=0x00000057 PA:0x80008f6c
       16185000	      1617	00000000	00000013	addi	x0,x0,0	  x0:0x00000000
       16195000	      1618	80000fbc	405fd1b3	sra	x3,x31,x5	 x31:0x00000057  x5:0xaf82ef74  x3=0x00000000
       16205000	      1619	80000fc0	a6ccf493	andi	x9,x25,-1428	 x25:0xffffffde  x9=0xfffffa4c
       16215000	      1620	80000fc4	f3684103	lbu	x2,-202(x16)	 x16:0x80008fc5  x2=0x000000e0 PA:0x80008efb
       16225000	      1621	80000fc8	01e49893	slli	x17,x9,0x1e	  x9:0xfffffa4c x17=0x00000000
       16235000	      1622	80000fcc	01351033	sll	x0,x10,x19	 x10:0x00000000 x19:0x00000022
       16245000	      1623	80000fd0	00216fb3	or	x31,x2,x2	  x2:0x000000e0  x2:0x000000e0 x31=0x000000e0
       16255000	      1624	80000fd4	01abd633	srl	x12,x23,x26	 x23:0x00000078 x26:0x000000f7 x12=0x00000000
       16265000	      1625	80000fd8	01675e63	bge	x14,x22,80000ff4	 x14:0x00000063 x22:0x7d87cf98
       16275000	      1626	80000fdc	ba500193	addi	x3,x0,-1115	  x0:0x00000000  x3=0xfffffba5
       16285000	      1627	80000fe0	07a79463	bne	x15,x26,80001048	 x15:0x000000c5 x26:0x000000f7
       16295000	      1628	00000000	00000013	addi	x0,x0,0	  x0:0x00000000
       16305000	      1629	80001044	00000013	addi	x0,x0,0	  x0:0x00000000
       16315000	      1630	80001048	00f1eb33	or	x22,x3,x15	  x3:0xfffffba5 x15:0x000000c5 x22=0xfffffbe5
       16325000	      1631	8000104c	03de0863	beq	x28,x29,8000107c	 x28:0x009fc400 x29:0xe78c5680
       16335000	      1632	80001050	00391533	sll	x10,x18,x3	 x18:0x80009fc4  x3:0xfffffba5 x10=0x0013f880
       16345000	      1633	80001054	efe90013	addi	x0,x18,-258	 x18:0x80009fc4
       16355000	      1634	80001058	00000013	addi	x0,x0,0	  x0:0x00000000
       16365000	      1635	8000105c	15a726b7	lui	x13,0x15a72	 x13=0x15a72000
       16375000	      1636	80001060	015bf633	and	x12,x23,x21	 x23:0x00000078 x21:0xffff80bb x12=0x00000038
       16385000	      1637	80001064	affd5bb7	lui	x23,0xaffd5	 x23=0xaffd5000
       16395000	      1638	80001068	007cff33	and	x30,x25,x7	 x25:0xffffffde  x7:0x00000000 x30=0x00000000
       16405000	      1639	8000106c	40ecdf33	sra	x30,x25,x14	 x25:0xffffffde x14:0x00000063 x30=0xfffffffb
       16415000	      1640	80001070	01f21a13	slli	x20,x4,0x1f	  x4:0xffff80bb x20=0x80000000
       16425000	      1641	80001074	b4a63713	sltiu	x14,x12,-1206	 x12:0x00000038 x14=0x00000001
       16435000	      1642	80001078	b01de613	ori	x12,x27,-1279	 x27:0x0000056c x12=0xffffff6d
       16445000	      1643	8000107c	40935093	srai	x1,x6,0x9	  x6:0x1873aa6d  x1=0x000c39d5
       16455000	      1644	80001080	bea9bf97	auipc	x31,0xbea9b	 x31=0x3ea9c07c
       16465000	      1645	80001084	02bad663	bge	x21,x11,800010b0	 x21:0xffff80bb x11:0x80009f58
       16475000	      1646	00000000	00000013	addi	x0,x0,0	  x0:0x00000000
       16485000	      1647	800010ac	00000013	addi	x0,x0,0	  x0:0x00000000
       16495000	      1648	800010b0	010e4733	xor	x14,x28,x16	 x28:0x009fc400 x16:0x80008fc5 x14=0x809f4bc5
       16505000	      1649	800010b4	00560db3	add	x27,x12,x5	 x12:0xffffff6d  x5:0xaf82ef74 x27=0xaf82eee1
       16515000	      1650	800010b8	013fdc93	srli	x25,x31,0x13	 x31:0x3ea9c07c x25=0x000007d5
       16525000	      1651	800010bc	00199fb3	sll	x31,x19,x1	 x19:0x00000022  x1:0x000c39d5 x31=0x04400000
       16535000	      1652	800010c0	00b33033	sltu	x0,x6,x11	  x6:0x1873aa6d x11:0x80009f58
       16545000	      1653	800010c4	017ca4b3	slt	x9,x25,x23	 x25:0x000007d5 x23:0xaffd5000  x9=0x00000000
       16555000	      1654	800010c8	0381d063	bge	x3,x24,800010e8	  x3:0xfffffba5 x24:0x000000ff
       16565000	      1655	800010cc	00c7fcb3	and	x25,x15,x12	 x15:0x000000c5 x12:0xffffff6d x25=0x00000045
       16575000	      1656	800010d0	01820e33	add	x28,x4,x24	  x4:0xffff80bb x24:0x000000ff x28=0xffff81ba
       16585000	      1657	800010d4	01f7c433	xor	x8,x15,x31	 x15:0x000000c5 x31:0x04400000  x8=0x044000c5
       16595000	      1658	800010d8	00cf4663	blt	x30,x12,800010e4	 x30:0xfffffffb x12:0xffffff6d
       16605000	      1659	800010dc	00b510b3	sll	x1,x10,x11	 x10:0x0013f880 x11:0x80009f58  x1=0x80000000
       16615000	      1660	800010e0	010afc63	bgeu	x21,x16,800010f8	 x21:0xffff80bb x16:0x80008fc5
       16625000	      1661	00000000	00000013	addi	x0,x0,0	  x0:0x00000000
       16635000	      1662	800010f4	00000013	addi	x0,x0,0	  x0:0x00000000
       16645000	      1663	800010f8	013b34b3	sltu	x9,x22,x19	 x22:0xfffffbe5 x19:0x00000022  x9=0x00000000
       16655000	      1664	800010fc	0127bd33	sltu	x26,x15,x18	 x15:0x000000c5 x18:0x80009fc4 x26=0x00000001
       16665000	      1665	80001100	41bdd8b3	sra	x17,x27,x27	 x27:0xaf82eee1 x27:0xaf82eee1 x17=0xd7c17770
       16675000	      1666	80001104	0044d663	bge	x9,x4,80001110	  x9:0x00000000  x4:0xffff80bb
       16685000	      1667	00000000	00000013	addi	x0,x0,0	  x0:0x00000000
       16695000	      1668	8000110c	00000013	addi	x0,x0,0	  x0:0x00000000
       16705000	      1669	80001110	006a9213	slli	x4,x21,0x6	 x21:0xffff80bb  x4=0xffe02ec0
       16715000	      1670	80001114	003ece33	xor	x28,x29,x3	 x29:0xe78c5680  x3:0xfffffba5 x28=0x1873ad25
       16725000	      1671	80001118	ccd38813	addi	x16,x7,-819	  x7:0x00000000 x16=0xfffffccd
       16735000	      1672	8000111c	41d8dc13	srai	x24,x17,0x1d	 x17:0xd7c17770 x24=0xfffffffe
       16745000	      1673	80001120	040b1463	bne	x22,x0,80001168	 x22:0xfffffbe5  x0:0x00000000
       16755000	      1674	00000000	00000013	addi	x0,x0,0	  x0:0x00000000
       16765000	      1675	80001164	00000013	addi	x0,x0,0	  x0:0x00000000
       16775000	      1676	80001168	7c647a13	andi	x20,x8,1990	  x8:0x044000c5 x20=0x000000c4
       16785000	      1677	8000116c	0147cc63	blt	x15,x20,80001184	 x15:0x000000c5 x20:0x000000c4
       16795000	      1678	80001170	0419f663	bgeu	x19,x1,800011bc	 x19:0x00000022  x1:0x80000000
       16805000	      1679	80001174	6d90b713	sltiu	x14,x1,1753	  x1:0x80000000 x14=0x00000000
       16815000	      1680	80001178	73b0b797	auipc	x15,0x73b0b	 x15=0xf3b0c174
       16825000	      1681	8000117c	01c119b3	sll	x19,x2,x28	  x2:0x000000e0 x28:0x1873ad25 x19=0x00001c00
       16835000	      1682	80001180	debb2013	slti	x0,x22,-533	 x22:0xfffffbe5
       16845000	      1683	80001184	00000013	addi	x0,x0,0	  x0:0x00000000
       16855000	      1684	80001188	66330993	addi	x19,x6,1635	  x6:0x1873aa6d x19=0x1873b0d0
       16865000	      1685	8000118c	54a82093	slti	x1,x16,1354	 x16:0xfffffccd  x1=0x00000001
       16875000	      1686	80001190	00f933b3	sltu	x7,x18,x15	 x18:0x80009fc4 x15:0xf3b0c174  x7=0x00000001
       16885000	      1687	80001194	0146c263	blt	x13,x20,80001198	 x13:0x15a72000 x20:0x000000c4
       16895000	      1688	80001198	40f85a33	sra	x20,x16,x15	 x16:0xfffffccd x15:0xf3b0c174 x20=0xffffffff
       16905000	      1689	8000119c	00000013	addi	x0,x0,0	  x0:0x00000000
       16915000	      1690	800011a0	3ebe4797	auipc	x15,0x3ebe4	 x15=0xbebe519c
       16925000	      1691	800011a4	00a1f133	and	x2,x3,x10	  x3:0xfffffba5 x10:0x0013f880  x2=0x0013f880
       16935000	      1692	800011a8	013f3a33	sltu	x20,x30,x19	 x30:0xfffffffb x19:0x1873b0d0 x20=0x00000000
       16945000	      1693	800011ac	1772fd13	andi	x26,x5,375	  x5:0xaf82ef74 x26=0x00000174
       16955000	      1694	800011b0	007c6c33	or	x24,x24,x7	 x24:0xfffffffe  x7:0x00000001 x24=0xffffffff
       16965000	      1695	800011b4	01e6a3b3	slt	x7,x13,x30	 x13:0x15a72000 x30:0xfffffffb  x7=0x00000000
       16975000	      1696	800011b8	053a4463	blt	x20,x19,80001200	 x20:0x00000000 x19:0x1873b0d0
       16985000	      1697	00000000	00000013	addi	x0,x0,0	  x0:0x00000000
       16995000	      1698	800011fc	00000013	addi	x0,x0,0	  x0:0x00000000
       17005000	      1699	80001200	9d01e213	ori	x4,x3,-1584	  x3:0xfffffba5  x4=0xfffffbf5
       17015000	      1700	80001204	e10d7f13	andi	x30,x26,-496	 x26:0x00000174 x30=0x00000010
       17025000	      1701	80001208	e2ce3693	sltiu	x13,x28,-468	 x28:0x1873ad25 x13=0x00000001
       17035000	      1702	8000120c	4b60ba13	sltiu	x20,x1,1206	  x1:0x00000001 x20=0x00000001
       17045000	      1703	80001210	0447c263	blt	x15,x4,80001254	 x15:0xbebe519c  x4:0xfffffbf5
       17055000	      1704	00000000	00000013	addi	x0,x0,0	  x0:0x00000000
       17065000	      1705	80001250	00000013	addi	x0,x0,0	  x0:0x00000000
       17075000	      1706	80001254	011f5863	bge	x30,x17,80001264	 x30:0x00000010 x17:0xd7c17770
       17085000	      1707	00000000	00000013	addi	x0,x0,0	  x0:0x00000000
       17095000	      1708	80001260	00000013	addi	x0,x0,0	  x0:0x00000000
       17105000	      1709	80001264	01268bb3	add	x23,x13,x18	 x13:0x00000001 x18:0x80009fc4 x23=0x80009fc5
       17115000	      1710	80001268	01129e63	bne	x5,x17,80001284	  x5:0xaf82ef74 x17:0xd7c17770
       17125000	      1711	00000000	00000013	addi	x0,x0,0	  x0:0x00000000
       17135000	      1712	80001280	00000013	addi	x0,x0,0	  x0:0x00000000
       17145000	      1713	80001284	008ad8b3	srl	x17,x21,x8	 x21:0xffff80bb  x8:0x044000c5 x17=0x07fffc05
       17155000	      1714	80001288	006a1793	slli	x15,x20,0x6	 x20:0x00000001 x15=0x00000040
       17165000	      1715	8000128c	019b66b3	or	x13,x22,x25	 x22:0xfffffbe5 x25:0x00000045 x13=0xfffffbe5
       17175000	      1716	80001290	00f09c93	slli	x25,x1,0xf	  x1:0x00000001 x25=0x00008000
       17185000	      1717	80001294	005d1a63	bne	x26,x5,800012a8	 x26:0x00000174  x5:0xaf82ef74
       17195000	      1718	00000000	00000013	addi	x0,x0,0	  x0:0x00000000
       17205000	      1719	800012a4	00000013	addi	x0,x0,0	  x0:0x00000000
       17215000	      1720	800012a8	0031b7b3	sltu	x15,x3,x3	  x3:0xfffffba5  x3:0xfffffba5 x15=0x00000000
       17225000	      1721	800012ac	4646b113	sltiu	x2,x13,1124	 x13:0xfffffbe5  x2=0x00000000
       17235000	      1722	800012b0	41810db3	sub	x27,x2,x24	  x2:0x00000000 x24:0xffffffff x27=0x00000001
       17245000	      1723	800012b4	021f4e63	blt	x30,x1,800012f0	 x30:0x00000010  x1:0x00000001
       17255000	      1724	800012b8	018cb9b3	sltu	x19,x25,x24	 x25:0x00008000 x24:0xffffffff x19=0x00000001
       17265000	      1725	800012bc	234aed97	auipc	x27,0x234ae	 x27=0xa34af2b8
       17275000	      1726	800012c0	97de3a93	sltiu	x21,x28,-1667	 x28:0x1873ad25 x21=0x00000001
       17285000	      1727	800012c4	00000013	addi	x0,x0,0	  x0:0x00000000
       17295000	      1728	800012c8	04ed0463	beq	x26,x14,80001310	 x26:0x00000174 x14:0x00000000
       17305000	      1729	800012cc	00000013	addi	x0,x0,0	  x0:0x00000000
       17315000	      1730	800012d0	417280b3	sub	x1,x5,x23	  x5:0xaf82ef74 x23:0x80009fc5  x1=0x2f824faf
       17325000	      1731	800012d4	03e08c63	beq	x1,x30,8000130c	  x1:0x2f824faf x30:0x00000010
       17335000	      1732	800012d8	00d41663	bne	x8,x13,800012e4	  x8:0x044000c5 x13:0xfffffbe5
       17345000	      1733	00000000	00000013	addi	x0,x0,0	  x0:0x00000000
       17355000	      1734	800012e0	00000013	addi	x0,x0,0	  x0:0x00000000
       17365000	      1735	800012e4	405b5493	srai	x9,x22,0x5	 x22:0xfffffbe5  x9=0xffffffdf
       17375000	      1736	800012e8	00000013	addi	x0,x0,0	  x0:0x00000000
       17385000	      1737	800012ec	010e5b93	srli	x23,x28,0x10	 x28:0x1873ad25 x23=0x00001873
       17395000	      1738	800012f0	00cb8ab3	add	x21,x23,x12	 x23:0x00001873 x12:0xffffff6d x21=0x000017e0
       17405000	      1739	800012f4	40b3d133	sra	x2,x7,x11	  x7:0x00000000 x11:0x80009f58  x2=0x00000000
       17415000	      1740	800012f8	5678c813	xori	x16,x17,1383	 x17:0x07fffc05 x16=0x07fff962
       17425000	      1741	800012fc	7ffbe817	auipc	x16,0x7ffbe	 x16=0xfffbf2f8
       17435000	      1742	80001300	bf40fc93	andi	x25,x1,-1036	  x1:0x2f824faf x25=0x2f824ba4
       17445000	      1743	80001304	41160633	sub	x12,x12,x17	 x12:0xffffff6d x17:0x07fffc05 x12=0xf8000368
       17455000	      1744	80001308	f069c613	xori	x12,x19,-250	 x19:0x00000001 x12=0xffffff07
       17465000	      1745	8000130c	01b48db3	add	x27,x9,x27	  x9:0xffffffdf x27:0xa34af2b8 x27=0xa34af297
       17475000	      1746	80001310	01ca5d33	srl	x26,x20,x28	 x20:0x00000001 x28:0x1873ad25 x26=0x00000000
       17485000	      1747	80001314	7093f613	andi	x12,x7,1801	  x7:0x00000000 x12=0x00000000
       17495000	      1748	80001318	4d14f713	andi	x14,x9,1233	  x9:0xffffffdf x14=0x000004d1
       17505000	      1749	8000131c	01252e33	slt	x28,x10,x18	 x10:0x0013f880 x18:0x80009fc4 x28=0x00000000
       17515000	      1750	80001320	040d1663	bne	x26,x0,8000136c	 x26:0x00000000  x0:0x00000000
       17525000	      1751	80001324	01d75463	bge	x14,x29,8000132c	 x14:0x000004d1 x29:0xe78c5680
       17535000	      1752	00000000	00000013	addi	x0,x0,0	  x0:0x00000000
       17545000	      1753	80001328	00000013	addi	x0,x0,0	  x0:0x00000000
       17555000	      1754	8000132c	01b2b533	sltu	x10,x5,x27	  x5:0xaf82ef74 x27:0xa34af297 x10=0x00000000
       17565000	      1755	80001330	414d81b3	sub	x3,x27,x20	 x27:0xa34af297 x20:0x00000001  x3=0xa34af296
       17575000	      1756	80001334	ea44cc97	auipc	x25,0xea44c	 x25=0x6a44d330
       17585000	      1757	80001338	094d3f13	sltiu	x30,x26,148	 x26:0x00000000 x30=0x00000001
       17595000	      1758	8000133c	00000013	addi	x0,x0,0	  x0:0x00000000
       17605000	      1759	80001340	412c0633	sub	x12,x24,x18	 x24:0xffffffff x18:0x80009fc4 x12=0x7fff603b
       17615000	      1760	80001344	01f7cb33	xor	x22,x15,x31	 x15:0x00000000 x31:0x04400000 x22=0x04400000
       17625000	      1761	80001348	40de5413	srai	x8,x28,0xd	 x28:0x00000000  x8=0x00000000
       17635000	      1762	8000134c	0050dc33	srl	x24,x1,x5	  x1:0x2f824faf  x5:0xaf82ef74 x24=0x000002f8
       17645000	      1763	80001350	a3b94897	auipc	x17,0xa3b94	 x17=0x23b9534c
       17655000	      1764	80001354	00000013	addi	x0,x0,0	  x0:0x00000000
       17665000	      1765	80001358	ebc34793	xori	x15,x6,-324	  x6:0x1873aa6d x15=0xe78c54d1
       17675000	      1766	8000135c	019902b3	add	x5,x18,x25	 x18:0x80009fc4 x25:0x6a44d330  x5=0xea4572f4
       17685000	      1767	80001360	0131fc63	bgeu	x3,x19,80001378	  x3:0xa34af296 x19:0x00000001
       17695000	      1768	00000000	00000013	addi	x0,x0,0	  x0:0x00000000
       17705000	      1769	80001374	00000013	addi	x0,x0,0	  x0:0x00000000
       17715000	      1770	80001378	0151d993	srli	x19,x3,0x15	  x3:0xa34af296 x19=0x0000051a
       17725000	      1771	8000137c	59dc8f37	lui	x30,0x59dc8	 x30=0x59dc8000
       17735000	      1772	80001380	016522b3	slt	x5,x10,x22	 x10:0x00000000 x22:0x04400000  x5=0x00000001
       17745000	      1773	80001384	01ceca63	blt	x29,x28,80001398	 x29:0xe78c5680 x28:0x00000000
       17755000	      1774	00000000	00000013	addi	x0,x0,0	  x0:0x00000000
       17765000	      1775	80001394	00000013	addi	x0,x0,0	  x0:0x00000000
       17775000	      1776	80001398	41755293	srai	x5,x10,0x17	 x10:0x00000000  x5=0x00000000
       17785000	      1777	8000139c	007cfab3	and	x21,x25,x7	 x25:0x6a44d330  x7:0x00000000 x21=0x00000000
       17795000	      1778	800013a0	17b3b193	sltiu	x3,x7,379	  x7:0x00000000  x3=0x00000001
       17805000	      1779	800013a4	00292e33	slt	x28,x18,x2	 x18:0x80009fc4  x2:0x00000000 x28=0x00000001
       17815000	      1780	800013a8	00d3b733	sltu	x14,x7,x13	  x7:0x00000000 x13:0xfffffbe5 x14=0x00000001
       17825000	      1781	800013ac	415b0633	sub	x12,x22,x21	 x22:0x04400000 x21:0x00000000 x12=0x04400000
       17835000	      1782	800013b0	82ad8413	addi	x8,x27,-2006	 x27:0xa34af297  x8=0xa34aeac1
       17845000	      1783	800013b4	01099f33	sll	x30,x19,x16	 x19:0x0000051a x16:0xfffbf2f8 x30=0x1a000000
       17855000	      1784	800013b8	000c40b3	xor	x1,x24,x0	 x24:0x000002f8  x0:0x00000000  x1=0x000002f8
       17865000	      1785	800013bc	40ff5d13	srai	x26,x30,0xf	 x30:0x1a000000 x26=0x00003400
       17875000	      1786	800013c0	0118d293	srli	x5,x17,0x11	 x17:0x23b9534c  x5=0x000011dc
       17885000	      1787	800013c4	0280f063	bgeu	x1,x8,800013e4	  x1:0x000002f8  x8:0xa34aeac1
       17895000	      1788	800013c8	01273e33	sltu	x28,x14,x18	 x14:0x00000001 x18:0x80009fc4 x28=0x00000001
       17905000	      1789	800013cc	012b2db3	slt	x27,x22,x18	 x22:0x04400000 x18:0x80009fc4 x27=0x00000000
       17915000	      1790	800013d0	01839d33	sll	x26,x7,x24	  x7:0x00000000 x24:0x000002f8 x26=0x00000000
       17925000	      1791	800013d4	0049ed33	or	x26,x19,x4	 x19:0x0000051a  x4:0xfffffbf5 x26=0xffffffff
       17935000	      1792	800013d8	008e0c63	beq	x28,x8,800013f0	 x28:0x00000001  x8:0xa34aeac1
       17945000	      1793	800013dc	01eea4b3	slt	x9,x29,x30	 x29:0xe78c5680 x30:0x1a000000  x9=0x00000001
       17955000	      1794	800013e0	01146833	or	x16,x8,x17	  x8:0xa34aeac1 x17:0x23b9534c x16=0xa3fbfbcd
       17965000	      1795	800013e4	01ad8663	beq	x27,x26,800013f0	 x27:0x00000000 x26:0xffffffff
       17975000	      1796	800013e8	014ac2b3	xor	x5,x21,x20	 x21:0x00000000 x20:0x00000001  x5=0x00000001
       17985000	      1797	800013ec	00da7863	bgeu	x20,x13,800013fc	 x20:0x00000001 x13:0xfffffbe5
       17995000	      1798	800013f0	40205213	srai	x4,x0,0x2	  x0:0x00000000  x4=0x00000000
       18005000	      1799	800013f4	012d14b3	sll	x9,x26,x18	 x26:0xffffffff x18:0x80009fc4  x9=0xfffffff0
       18015000	      1800	800013f8	003ae333	or	x6,x21,x3	 x21:0x00000000  x3:0x00000001  x6=0x00000001
       18025000	      1801	800013fc	005726b3	slt	x13,x14,x5	 x14:0x00000001  x5:0x00000001 x13=0x00000000
       18035000	      1802	80001400	00000013	addi	x0,x0,0	  x0:0x00000000
       18045000	      1803	80001404	01969b13	slli	x22,x13,0x19	 x13:0x00000000 x22=0x00000000
       18055000	      1804	80001408	40ec5db3	sra	x27,x24,x14	 x24:0x000002f8 x14:0x00000001 x27=0x0000017c
       18065000	      1805	8000140c	0454d263	bge	x9,x5,80001450	  x9:0xfffffff0  x5:0x00000001
       18075000	      1806	80001410	0320f863	bgeu	x1,x18,80001440	  x1:0x000002f8 x18:0x80009fc4
       18085000	      1807	80001414	013b4663	blt	x22,x19,80001420	 x22:0x00000000 x19:0x0000051a
       18095000	      1808	00000000	00000013	addi	x0,x0,0	  x0:0x00000000
       18105000	      1809	8000141c	00000013	addi	x0,x0,0	  x0:0x00000000
       18115000	      1810	80001420	b1a4a313	slti	x6,x9,-1254	  x9:0xfffffff0  x6=0x00000000
       18125000	      1811	80001424	c08d7713	andi	x14,x26,-1016	 x26:0xffffffff x14=0xfffffc08
       18135000	      1812	80001428	f12ccd93	xori	x27,x25,-238	 x25:0x6a44d330 x27=0x95bb2c22
       18145000	      1813	8000142c	b454f313	andi	x6,x9,-1211	  x9:0xfffffff0  x6=0xfffffb40
       18155000	      1814	80001430	14044d13	xori	x26,x8,320	  x8:0xa34aeac1 x26=0xa34aeb81
       18165000	      1815	80001434	01725333	srl	x6,x4,x23	  x4:0x00000000 x23:0x00001873  x6=0x00000000
       18175000	      1816	80001438	93743513	sltiu	x10,x8,-1737	  x8:0xa34aeac1 x10=0x00000001
       18185000	      1817	8000143c	0358f863	bgeu	x17,x21,8000146c	 x17:0x23b9534c x21:0x00000000
       18195000	      1818	00000000	00000013	addi	x0,x0,0	  x0:0x00000000
       18205000	      1819	80001468	00000013	addi	x0,x0,0	  x0:0x00000000
       18215000	      1820	8000146c	00b86ab3	or	x21,x16,x11	 x16:0xa3fbfbcd x11:0x80009f58 x21=0xa3fbffdd
       18225000	      1821	80001470	00007c97	auipc	x25,0x7	 x25=0x8000846c
       18235000	      1822	80001474	526c8c93	addi	x25,x25,1318	 x25:0x8000846c x25=0x80008992
       18245000	      1823	80001478	00007617	auipc	x12,0x7	 x12=0x80008474
       18255000	      1824	8000147c	61360613	addi	x12,x12,1555	 x12:0x80008474 x12=0x80008a87
       18265000	      1825	80001480	f5d64b03	lbu	x22,-163(x12)	 x12:0x80008a87 x22=0x000000cf PA:0x800089e4
       18275000	      1826	80001484	f4760383	lb	x7,-185(x12)	 x12:0x80008a87  x7=0xffffffb5 PA:0x800089ce
       18285000	      1827	80001488	0fcc9d03	lh	x26,252(x25)	 x25:0x80008992 x26=0x00007475 PA:0x80008a8e
       18295000	      1828	8000148c	0d8cc383	lbu	x7,216(x25)	 x25:0x80008992  x7=0x00000051 PA:0x80008a6a
       18305000	      1829	80001490	0fbc8c23	sb	x27,248(x25)	 x25:0x80008992 x27:0x95bb2c22 PA:0x80008a8a
       18315000	      1830	80001494	00565c03	lhu	x24,5(x12)	 x12:0x80008a87 x24=0x00007677 PA:0x80008a8c
       18325000	      1831	80001498	03c610a3	sh	x28,33(x12)	 x12:0x80008a87 x28:0x00000001 PA:0x80008aa8
       18335000	      1832	8000149c	fcdc8703	lb	x14,-51(x25)	 x25:0x80008992 x14=0x00000044 PA:0x8000895f
       18345000	      1833	800014a0	089c8c03	lb	x24,137(x25)	 x25:0x80008992 x24=0x00000000 PA:0x80008a1b
       18355000	      1834	800014a4	f5b61ba3	sh	x27,-169(x12)	 x12:0x80008a87 x27:0x95bb2c22 PA:0x800089de
       18365000	      1835	800014a8	036ca523	sw	x22,42(x25)	 x25:0x80008992 x22:0x000000cf PA:0x800089bc
       18375000	      1836	800014ac	f8d60803	lb	x16,-115(x12)	 x12:0x80008a87 x16=0xffffffff PA:0x80008a14
       18385000	      1837	800014b0	f8bc8b83	lb	x23,-117(x25)	 x25:0x80008992 x23=0x00000006 PA:0x8000891d
       18395000	      1838	800014b4	05ccd703	lhu	x14,92(x25)	 x25:0x80008992 x14=0x0000d4d5 PA:0x800089ee
       18405000	      1839	800014b8	03860803	lb	x16,56(x12)	 x12:0x80008a87 x16=0xffffffa4 PA:0x80008abf
       18415000	      1840	800014bc	0a1c82a3	sb	x1,165(x25)	 x25:0x80008992  x1:0x000002f8 PA:0x80008a37
       18425000	      1841	800014c0	fa360b03	lb	x22,-93(x12)	 x12:0x80008a87 x22=0x00000011 PA:0x80008a2a
       18435000	      1842	800014c4	03765d03	lhu	x26,55(x12)	 x12:0x80008a87 x26=0x0000a4a5 PA:0x80008abe
       18445000	      1843	800014c8	08860f03	lb	x30,136(x12)	 x12:0x80008a87 x30=0xfffffff4 PA:0x80008b0f
       18455000	      1844	800014cc	a4e6b413	sltiu	x8,x13,-1458	 x13:0x00000000  x8=0x00000001
       18465000	      1845	800014d0	410c5233	sra	x4,x24,x16	 x24:0x00000000 x16:0xffffffa4  x4=0x00000000
       18475000	      1846	800014d4	bf3774b7	lui	x9,0xbf377	  x9=0xbf377000
       18485000	      1847	800014d8	b10cc313	xori	x6,x25,-1264	 x25:0x80008992  x6=0x7fff7282
       18495000	      1848	800014dc	00607663	bgeu	x0,x6,800014e8	  x0:0x00000000  x6:0x7fff7282
       18505000	      1849	800014e0	05066663	bltu	x12,x16,8000152c	 x12:0x80008a87 x16:0xffffffa4
       18515000	      1850	00000000	00000013	addi	x0,x0,0	  x0:0x00000000
       18525000	      1851	80001528	00000013	addi	x0,x0,0	  x0:0x00000000
       18535000	      1852	8000152c	007bd7b3	srl	x15,x23,x7	 x23:0x00000006  x7:0x00000051 x15=0x00000000
       18545000	      1853	80001530	01855c93	srli	x25,x10,0x18	 x10:0x00000001 x25=0x00000000
       18555000	      1854	80001534	0034bbb3	sltu	x23,x9,x3	  x9:0xbf377000  x3:0x00000001 x23=0x00000000
       18565000	      1855	80001538	b696cf93	xori	x31,x13,-1175	 x13:0x00000000 x31=0xfffffb69
       18575000	      1856	8000153c	019fa133	slt	x2,x31,x25	 x31:0xfffffb69 x25:0x00000000  x2=0x00000001
       18585000	      1857	80001540	264abc93	sltiu	x25,x21,612	 x21:0xa3fbffdd x25=0x00000000
       18595000	      1858	80001544	035e0463	beq	x28,x21,8000156c	 x28:0x00000001 x21:0xa3fbffdd
       18605000	      1859	80001548	0092f633	and	x12,x5,x9	  x5:0x00000001  x9:0xbf377000 x12=0x00000000
       18615000	      1860	8000154c	00715213	srli	x4,x2,0x7	  x2:0x00000001  x4=0x00000000
       18625000	      1861	80001550	0170ee33	or	x28,x1,x23	  x1:0x000002f8 x23:0x00000000 x28=0x000002f8
       18635000	      1862	80001554	007b8bb3	add	x23,x23,x7	 x23:0x00000000  x7:0x00000051 x23=0x00000051
       18645000	      1863	80001558	0172fa63	bgeu	x5,x23,8000156c	  x5:0x00000001 x23:0x00000051
       18655000	      1864	8000155c	9317ec93	ori	x25,x15,-1743	 x15:0x00000000 x25=0xfffff931
       18665000	      1865	80001560	9b718713	addi	x14,x3,-1609	  x3:0x00000001 x14=0xfffff9b8
       18675000	      1866	80001564	00065133	srl	x2,x12,x0	 x12:0x00000000  x0:0x00000000  x2=0x00000000
       18685000	      1867	80001568	6b38f813	andi	x16,x17,1715	 x17:0x23b9534c x16=0x00000200
       18695000	      1868	8000156c	0045d2b3	srl	x5,x11,x4	 x11:0x80009f58  x4:0x00000000  x5=0x80009f58
       18705000	      1869	80001570	0084d193	srli	x3,x9,0x8	  x9:0xbf377000  x3=0x00bf3770
       18715000	      1870	80001574	00b7ed33	or	x26,x15,x11	 x15:0x00000000 x11:0x80009f58 x26=0x80009f58
       18725000	      1871	80001578	01b64833	xor	x16,x12,x27	 x12:0x00000000 x27:0x95bb2c22 x16=0x95bb2c22
       18735000	      1872	8000157c	5c8ac537	lui	x10,0x5c8ac	 x10=0x5c8ac000
       18745000	      1873	80001580	01668c33	add	x24,x13,x22	 x13:0x00000000 x22:0x00000011 x24=0x00000011
       18755000	      1874	80001584	57f66793	ori	x15,x12,1407	 x12:0x00000000 x15=0x0000057f
       18765000	      1875	80001588	0eb48d13	addi	x26,x9,235	  x9:0xbf377000 x26=0xbf3770eb
       18775000	      1876	8000158c	00288f33	add	x30,x17,x2	 x17:0x23b9534c  x2:0x00000000 x30=0x23b9534c
       18785000	      1877	80001590	0f996263	bltu	x18,x25,80001674	 x18:0x80009fc4 x25:0xfffff931
       18795000	      1878	00000000	00000013	addi	x0,x0,0	  x0:0x00000000
       18805000	      1879	80001670	00000013	addi	x0,x0,0	  x0:0x00000000
       18815000	      1880	80001674	a4eab6b7	lui	x13,0xa4eab	 x13=0xa4eab000
       18825000	      1881	80001678	0060da63	bge	x1,x6,8000168c	  x1:0x000002f8  x6:0x7fff7282
       18835000	      1882	8000167c	01d57263	bgeu	x10,x29,80001680	 x10:0x5c8ac000 x29:0xe78c5680
       18845000	      1883	80001680	0140f863	bgeu	x1,x20,80001690	  x1:0x000002f8 x20:0x00000001
       18855000	      1884	00000000	00000013	addi	x0,x0,0	  x0:0x00000000
       18865000	      1885	8000168c	00000013	addi	x0,x0,0	  x0:0x00000000
       18875000	      1886	80001690	570e2a93	slti	x21,x28,1392	 x28:0x000002f8 x21=0x00000001
       18885000	      1887	80001694	00587fb3	and	x31,x16,x5	 x16:0x95bb2c22  x5:0x80009f58 x31=0x80000c00
       18895000	      1888	80001698	05fe5463	bge	x28,x31,800016e0	 x28:0x000002f8 x31:0x80000c00
       18905000	      1889	00000000	00000013	addi	x0,x0,0	  x0:0x00000000
       18915000	      1890	800016dc	00000013	addi	x0,x0,0	  x0:0x00000000
       18925000	      1891	800016e0	014c94b3	sll	x9,x25,x20	 x25:0xfffff931 x20:0x00000001  x9=0xfffff262
       18935000	      1892	800016e4	00d85413	srli	x8,x16,0xd	 x16:0x95bb2c22  x8=0x0004add9
       18945000	      1893	800016e8	054ce463	bltu	x25,x20,80001730	 x25:0xfffff931 x20:0x00000001
       18955000	      1894	800016ec	f143eb93	ori	x23,x7,-236	  x7:0x00000051 x23=0xffffff55
       18965000	      1895	800016f0	00e5d793	srli	x15,x11,0xe	 x11:0x80009f58 x15=0x00020002
       18975000	      1896	800016f4	00a5dc63	bge	x11,x10,8000170c	 x11:0x80009f58 x10:0x5c8ac000
       18985000	      1897	800016f8	8d883a17	auipc	x20,0x8d883	 x20=0x0d8846f4
       18995000	      1898	800016fc	04951263	bne	x10,x9,80001740	 x10:0x5c8ac000  x9:0xfffff262
       19005000	      1899	00000000	00000013	addi	x0,x0,0	  x0:0x00000000
       19015000	      1900	8000173c	00000013	addi	x0,x0,0	  x0:0x00000000
       19025000	      1901	80001740	019e9893	slli	x17,x29,0x19	 x29:0xe78c5680 x17=0x00000000
       19035000	      1902	80001744	012cde33	srl	x28,x25,x18	 x25:0xfffff931 x18:0x80009fc4 x28=0x0fffff93
       19045000	      1903	80001748	00a21233	sll	x4,x4,x10	  x4:0x00000000 x10:0x5c8ac000  x4=0x00000000
       19055000	      1904	8000174c	233c4c17	auipc	x24,0x233c4	 x24=0xa33c5748
       19065000	      1905	80001750	03461263	bne	x12,x20,80001774	 x12:0x00000000 x20:0x0d8846f4
       19075000	      1906	00000000	00000013	addi	x0,x0,0	  x0:0x00000000
       19085000	      1907	80001770	00000013	addi	x0,x0,0	  x0:0x00000000
       19095000	      1908	80001774	059c6463	bltu	x24,x25,800017bc	 x24:0xa33c5748 x25:0xfffff931
       19105000	      1909	00000000	00000013	addi	x0,x0,0	  x0:0x00000000
       19115000	      1910	800017b8	00000013	addi	x0,x0,0	  x0:0x00000000
       19125000	      1911	800017bc	41a5d113	srai	x2,x11,0x1a	 x11:0x80009f58  x2=0xffffffe0
       19135000	      1912	800017c0	bddf3393	sltiu	x7,x30,-1059	 x30:0x23b9534c  x7=0x00000001
       19145000	      1913	800017c4	01115663	bge	x2,x17,800017d0	  x2:0xffffffe0 x17:0x00000000
       19155000	      1914	800017c8	d81f3293	sltiu	x5,x30,-639	 x30:0x23b9534c  x5=0x00000001
       19165000	      1915	800017cc	01b92033	slt	x0,x18,x27	 x18:0x80009fc4 x27:0x95bb2c22
       19175000	      1916	800017d0	00000013	addi	x0,x0,0	  x0:0x00000000
       19185000	      1917	800017d4	014c69b3	or	x19,x24,x20	 x24:0xa33c5748 x20:0x0d8846f4 x19=0xafbc57fc
       19195000	      1918	800017d8	b6426393	ori	x7,x4,-1180	  x4:0x00000000  x7=0xfffffb64
       19205000	      1919	800017dc	40848e33	sub	x28,x9,x8	  x9:0xfffff262  x8:0x0004add9 x28=0xfffb4489
       19215000	      1920	800017e0	00000013	addi	x0,x0,0	  x0:0x00000000
       19225000	      1921	800017e4	01399c63	bne	x19,x19,800017fc	 x19:0xafbc57fc x19:0xafbc57fc
       19235000	      1922	800017e8	40000bb3	sub	x23,x0,x0	  x0:0x00000000  x0:0x00000000 x23=0x00000000
       19245000	      1923	800017ec	01349d93	slli	x27,x9,0x13	  x9:0xfffff262 x27=0x93100000
       19255000	      1924	800017f0	012de433	or	x8,x27,x18	 x27:0x93100000 x18:0x80009fc4  x8=0x93109fc4
       19265000	      1925	800017f4	00619713	slli	x14,x3,0x6	  x3:0x00bf3770 x14=0x2fcddc00
       19275000	      1926	800017f8	006f0e33	add	x28,x30,x6	 x30:0x23b9534c  x6:0x7fff7282 x28=0xa3b8c5ce
       19285000	      1927	800017fc	00044233	xor	x4,x8,x0	  x8:0x93109fc4  x0:0x00000000  x4=0x93109fc4
       19295000	      1928	80001800	01a2d193	srli	x3,x5,0x1a	  x5:0x00000001  x3=0x00000000
       19305000	      1929	80001804	00c8b833	sltu	x16,x17,x12	 x17:0x00000000 x12:0x00000000 x16=0x00000000
       19315000	      1930	80001808	0049ea63	bltu	x19,x4,8000181c	 x19:0xafbc57fc  x4:0x93109fc4
       19325000	      1931	8000180c	00a47133	and	x2,x8,x10	  x8:0x93109fc4 x10:0x5c8ac000  x2=0x10008000
       19335000	      1932	80001810	03defc63	bgeu	x29,x29,80001848	 x29:0xe78c5680 x29:0xe78c5680
       19345000	      1933	00000000	00000013	addi	x0,x0,0	  x0:0x00000000
       19355000	      1934	80001844	00000013	addi	x0,x0,0	  x0:0x00000000
       19365000	      1935	80001848	00cd67b3	or	x15,x26,x12	 x26:0xbf3770eb x12:0x00000000 x15=0xbf3770eb
       19375000	      1936	8000184c	00d48833	add	x16,x9,x13	  x9:0xfffff262 x13:0xa4eab000 x16=0xa4eaa262
       19385000	      1937	80001850	b84cf613	andi	x12,x25,-1148	 x25:0xfffff931 x12=0xfffff900
       19395000	      1938	80001854	01b4aab3	slt	x21,x9,x27	  x9:0xfffff262 x27:0x93100000 x21=0x00000000
       19405000	      1939	80001858	00c60e63	beq	x12,x12,80001874	 x12:0xfffff900 x12:0xfffff900
       19415000	      1940	00000000	00000013	addi	x0,x0,0	  x0:0x00000000
       19425000	      1941	80001870	00000013	addi	x0,x0,0	  x0:0x00000000
       19435000	      1942	80001874	0201f863	bgeu	x3,x0,800018a4	  x3:0x00000000  x0:0x00000000
       19445000	      1943	00000000	00000013	addi	x0,x0,0	  x0:0x00000000
       19455000	      1944	800018a0	00000013	addi	x0,x0,0	  x0:0x00000000
       19465000	      1945	800018a4	403a0833	sub	x16,x20,x3	 x20:0x0d8846f4  x3:0x00000000 x16=0x0d8846f4
       19475000	      1946	800018a8	0085db13	srli	x22,x11,0x8	 x11:0x80009f58 x22=0x0080009f
       19485000	      1947	800018ac	79788193	addi	x3,x17,1943	 x17:0x00000000  x3=0x00000797
       19495000	      1948	800018b0	46188c13	addi	x24,x17,1121	 x17:0x00000000 x24=0x00000461
       19505000	      1949	800018b4	0069a133	slt	x2,x19,x6	 x19:0xafbc57fc  x6:0x7fff7282  x2=0x00000001
       19515000	      1950	800018b8	a2524f17	auipc	x30,0xa2524	 x30=0x225258b4
       19525000	      1951	800018bc	0f242717	auipc	x14,0xf242	 x14=0x8f2438b8
       19535000	      1952	800018c0	012c9e33	sll	x28,x25,x18	 x25:0xfffff931 x18:0x80009fc4 x28=0xffff9310
       19545000	      1953	800018c4	deee6d13	ori	x26,x28,-530	 x28:0xffff9310 x26=0xfffffffe
       19555000	      1954	800018c8	0045a083	lw	x1,4(x11)	 x11:0x80009f58  x1=0x80000688 PA:0x80009f5c
       19565000	      1955	800018cc	002a0033	add	x0,x20,x2	 x20:0x0d8846f4  x2:0x00000001
       19575000	      1956	800018d0	0039e133	or	x2,x19,x3	 x19:0xafbc57fc  x3:0x00000797  x2=0xafbc57ff
       19585000	      1957	800018d4	3002f113	andi	x2,x5,768	  x5:0x00000001  x2=0x00000000
       19595000	      1958	800018d8	02c58593	addi	x11,x11,44	 x11:0x80009f58 x11=0x80009f84
       19605000	      1959	800018dc	00862033	slt	x0,x12,x8	 x12:0xfffff900  x8:0x93109fc4
       19615000	      1960	800018e0	00108413	addi	x8,x1,1	  x1:0x80000688  x8=0x80000689
       19625000	      1961	800018e4	00040467	jalr	x8,x8,0	  x8:0x80000689  x8=0x800018e4
       19635000	      1962	00000000	00000013	addi	x0,x0,0	  x0:0x00000000
       19645000	      1963	80000688	00000013	addi	x0,x0,0	  x0:0x00000000
       19655000	      1964	8000068c	006269b3	or	x19,x4,x6	  x4:0x93109fc4  x6:0x7fff7282 x19=0xffffffc6
       19665000	      1965	80000690	8cf8ac93	slti	x25,x17,-1841	 x17:0x00000000 x25=0x00000000
       19675000	      1966	80000694	409f07b3	sub	x15,x30,x9	 x30:0x225258b4  x9:0xfffff262 x15=0x22526652
       19685000	      1967	80000698	00237c33	and	x24,x6,x2	  x6:0x7fff7282  x2:0x00000000 x24=0x00000000
       19695000	      1968	8000069c	00c73a33	sltu	x20,x14,x12	 x14:0x8f2438b8 x12:0xfffff900 x20=0x00000001
       19705000	      1969	800006a0	018c62b3	or	x5,x24,x24	 x24:0x00000000 x24:0x00000000  x5=0x00000000
       19715000	      1970	800006a4	99b6fdb7	lui	x27,0x99b6f	 x27=0x99b6f000
       19725000	      1971	800006a8	010e5463	bge	x28,x16,800006b0	 x28:0xffff9310 x16:0x0d8846f4
       19735000	      1972	800006ac	01a15863	bge	x2,x26,800006bc	  x2:0x00000000 x26:0xfffffffe
       19745000	      1973	00000000	00000013	addi	x0,x0,0	  x0:0x00000000
       19755000	      1974	800006b8	00000013	addi	x0,x0,0	  x0:0x00000000
       19765000	      1975	800006bc	01d004b3	add	x9,x0,x29	  x0:0x00000000 x29:0xe78c5680  x9=0xe78c5680
       19775000	      1976	800006c0	05955663	bge	x10,x25,8000070c	 x10:0x5c8ac000 x25:0x00000000
       19785000	      1977	00000000	00000013	addi	x0,x0,0	  x0:0x00000000
       19795000	      1978	80000708	00000013	addi	x0,x0,0	  x0:0x00000000
       19805000	      1979	8000070c	005243b3	xor	x7,x4,x5	  x4:0x93109fc4  x5:0x00000000  x7=0x93109fc4
       19815000	      1980	80000710	40f389b3	sub	x19,x7,x15	  x7:0x93109fc4 x15:0x22526652 x19=0x70be3972
       19825000	      1981	80000714	407802b3	sub	x5,x16,x7	 x16:0x0d8846f4  x7:0x93109fc4  x5=0x7a77a730
       19835000	      1982	80000718	412381b3	sub	x3,x7,x18	  x7:0x93109fc4 x18:0x80009fc4  x3=0x13100000
       19845000	      1983	8000071c	00911463	bne	x2,x9,80000724	  x2:0x00000000  x9:0xe78c5680
       19855000	      1984	00000000	00000013	addi	x0,x0,0	  x0:0x00000000
       19865000	      1985	80000720	00000013	addi	x0,x0,0	  x0:0x00000000
       19875000	      1986	80000724	01629463	bne	x5,x22,8000072c	  x5:0x7a77a730 x22:0x0080009f
       19885000	      1987	00000000	00000013	addi	x0,x0,0	  x0:0x00000000
       19895000	      1988	80000728	00000013	addi	x0,x0,0	  x0:0x00000000
       19905000	      1989	8000072c	018171b3	and	x3,x2,x24	  x2:0x00000000 x24:0x00000000  x3=0x00000000
       19915000	      1990	80000730	00000013	addi	x0,x0,0	  x0:0x00000000
       19925000	      1991	80000734	414d5b33	sra	x22,x26,x20	 x26:0xfffffffe x20:0x00000001 x22=0xffffffff
       19935000	      1992	80000738	01995c93	srli	x25,x18,0x19	 x18:0x80009fc4 x25=0x00000040
       19945000	      1993	8000073c	40a15133	sra	x2,x2,x10	  x2:0x00000000 x10:0x5c8ac000  x2=0x00000000
       19955000	      1994	80000740	01a50db3	add	x27,x10,x26	 x10:0x5c8ac000 x26:0xfffffffe x27=0x5c8abffe
       19965000	      1995	80000744	00ca5c63	bge	x20,x12,8000075c	 x20:0x00000001 x12:0xfffff900
       19975000	      1996	00000000	00000013	addi	x0,x0,0	  x0:0x00000000
       19985000	      1997	80000758	00000013	addi	x0,x0,0	  x0:0x00000000
       19995000	      1998	8000075c	0031c9b3	xor	x19,x3,x3	  x3:0x00000000  x3:0x00000000 x19=0x00000000
       20005000	      1999	80000760	00c6e233	or	x4,x13,x12	 x13:0xa4eab000 x12:0xfffff900  x4=0xfffff900
       20015000	      2000	80000764	003c9233	sll	x4,x25,x3	 x25:0x00000040  x3:0x00000000  x4=0x00000040
       20025000	      2001	80000768	018e5ab3	srl	x21,x28,x24	 x28:0xffff9310 x24:0x00000000 x21=0xffff9310
       20035000	      2002	8000076c	01e0f433	and	x8,x1,x30	  x1:0x80000688 x30:0x225258b4  x8=0x00000080
       20045000	      2003	80000770	d9da6db7	lui	x27,0xd9da6	 x27=0xd9da6000
       20055000	      2004	80000774	40f95613	srai	x12,x18,0xf	 x18:0x80009fc4 x12=0xffff0001
       20065000	      2005	80000778	02900663	beq	x0,x9,800007a4	  x0:0x00000000  x9:0xe78c5680
       20075000	      2006	8000077c	d14e34b7	lui	x9,0xd14e3	  x9=0xd14e3000
       20085000	      2007	80000780	00fb7733	and	x14,x22,x15	 x22:0xffffffff x15:0x22526652 x14=0x22526652
       20095000	      2008	80000784	01b54863	blt	x10,x27,80000794	 x10:0x5c8ac000 x27:0xd9da6000
       20105000	      2009	80000788	4835f393	andi	x7,x11,1155	 x11:0x80009f84  x7=0x00000480
       20115000	      2010	8000078c	8fc760b7	lui	x1,0x8fc76	  x1=0x8fc76000
       20125000	      2011	80000790	04a86863	bltu	x16,x10,800007e0	 x16:0x0d8846f4 x10:0x5c8ac000
       20135000	      2012	00000000	00000013	addi	x0,x0,0	  x0:0x00000000
       20145000	      2013	800007dc	00000013	addi	x0,x0,0	  x0:0x00000000
       20155000	      2014	800007e0	f167fc17	auipc	x24,0xf167f	 x24=0x7167f7dc
       20165000	      2015	800007e4	03258063	beq	x11,x18,80000804	 x11:0x80009f84 x18:0x80009fc4
       20175000	      2016	800007e8	0136f463	bgeu	x13,x19,800007f0	 x13:0xa4eab000 x19:0x00000000
       20185000	      2017	00000000	00000013	addi	x0,x0,0	  x0:0x00000000
       20195000	      2018	800007ec	00000013	addi	x0,x0,0	  x0:0x00000000
       20205000	      2019	800007f0	04cac463	blt	x21,x12,80000838	 x21:0xffff9310 x12:0xffff0001
       20215000	      2020	800007f4	d74d2093	slti	x1,x26,-652	 x26:0xfffffffe  x1=0x00000000
       20225000	      2021	800007f8	0052fdb3	and	x27,x5,x5	  x5:0x7a77a730  x5:0x7a77a730 x27=0x7a77a730
       20235000	      2022	800007fc	42c76413	ori	x8,x14,1068	 x14:0x22526652  x8=0x2252667e
       20245000	      2023	80000800	02a30263	beq	x6,x10,80000824	  x6:0x7fff7282 x10:0x5c8ac000
       20255000	      2024	80000804	008bafb3	slt	x31,x23,x8	 x23:0x00000000  x8:0x2252667e x31=0x00000001
       20265000	      2025	80000808	1b6af393	andi	x7,x21,438	 x21:0xffff9310  x7=0x00000110
       20275000	      2026	8000080c	00a99c33	sll	x24,x19,x10	 x19:0x00000000 x10:0x5c8ac000 x24=0x00000000
       20285000	      2027	80000810	32d46293	ori	x5,x8,813	  x8:0x2252667e  x5=0x2252677f
       20295000	      2028	80000814	02856e63	bltu	x10,x8,80000850	 x10:0x5c8ac000  x8:0x2252667e
       20305000	      2029	80000818	041af063	bgeu	x21,x1,80000858	 x21:0xffff9310  x1:0x00000000
       20315000	      2030	00000000	00000013	addi	x0,x0,0	  x0:0x00000000
       20325000	      2031	80000854	00000013	addi	x0,x0,0	  x0:0x00000000
       20335000	      2032	80000858	00313bb3	sltu	x23,x2,x3	  x2:0x00000000  x3:0x00000000 x23=0x00000000
       20345000	      2033	8000085c	05f64063	blt	x12,x31,8000089c	 x12:0xffff0001 x31:0x00000001
       20355000	      2034	00000000	00000013	addi	x0,x0,0	  x0:0x00000000
       20365000	      2035	80000898	00000013	addi	x0,x0,0	  x0:0x00000000
       20375000	      2036	8000089c	01c9bb33	sltu	x22,x19,x28	 x19:0x00000000 x28:0xffff9310 x22=0x00000001
       20385000	      2037	800008a0	99d86893	ori	x17,x16,-1635	 x16:0x0d8846f4 x17=0xfffffffd
       20395000	      2038	800008a4	000edfb3	srl	x31,x29,x0	 x29:0xe78c5680  x0:0x00000000 x31=0xe78c5680
       20405000	      2039	800008a8	2083bf13	sltiu	x30,x7,520	  x7:0x00000110 x30=0x00000001
       20415000	      2040	800008ac	025df863	bgeu	x27,x5,800008dc	 x27:0x7a77a730  x5:0x2252677f
       20425000	      2041	00000000	00000013	addi	x0,x0,0	  x0:0x00000000
       20435000	      2042	800008d8	00000013	addi	x0,x0,0	  x0:0x00000000
       20445000	      2043	800008dc	00f4d093	srli	x1,x9,0xf	  x9:0xd14e3000  x1=0x0001a29c
       20455000	      2044	800008e0	0038f733	and	x14,x17,x3	 x17:0xfffffffd  x3:0x00000000 x14=0x00000000
       20465000	      2045	800008e4	01207733	and	x14,x0,x18	  x0:0x00000000 x18:0x80009fc4 x14=0x00000000
       20475000	      2046	800008e8	01628f33	add	x30,x5,x22	  x5:0x2252677f x22:0x00000001 x30=0x22526780
       20485000	      2047	800008ec	72526013	ori	x0,x4,1829	  x4:0x00000040
       20495000	      2048	800008f0	00c6d663	bge	x13,x12,800008fc	 x13:0xa4eab000 x12:0xffff0001
       20505000	      2049	800008f4	00646133	or	x2,x8,x6	  x8:0x2252667e  x6:0x7fff7282  x2=0x7fff76fe
       20515000	      2050	800008f8	00d65a63	bge	x12,x13,8000090c	 x12:0xffff0001 x13:0xa4eab000
       20525000	      2051	00000000	00000013	addi	x0,x0,0	  x0:0x00000000
       20535000	      2052	80000908	00000013	addi	x0,x0,0	  x0:0x00000000
       20545000	      2053	8000090c	00c3d663	bge	x7,x12,80000918	  x7:0x00000110 x12:0xffff0001
       20555000	      2054	00000000	00000013	addi	x0,x0,0	  x0:0x00000000
       20565000	      2055	80000914	00000013	addi	x0,x0,0	  x0:0x00000000
       20575000	      2056	80000918	01f3dbb3	srl	x23,x7,x31	  x7:0x00000110 x31:0xe78c5680 x23=0x00000110
       20585000	      2057	8000091c	00000e97	auipc	x29,0x0	 x29=0x80000918
       20595000	      2058	80000920	00ce8e93	addi	x29,x29,12	 x29:0x80000918 x29=0x80000924
       20605000	      2059	80000924	000e8067	jalr	x0,x29,0	 x29:0x80000924
       20615000	      2060	00000000	00000013	addi	x0,x0,0	  x0:0x00000000
       20625000	      2061	80000924	00000013	addi	x0,x0,0	  x0:0x00000000
       20635000	      2062	80000928	00100193	addi	x3,x0,1	  x0:0x00000000  x3=0x00000001
       20645000	      2063	8000092c	00000073	ecall	
       20655000	      2064	80000930	00000013	addi	x0,x0,0	  x0:0x00000000
