		Time			Cycle	PC		Insn	Decoded instruction	Register and memory contents
          65000	         5	80000004	00000293	addi	x5,x0,0	  x0:0x00000000  x5=0x00000000
          75000	         6	80000008	00000313	addi	x6,x0,0	  x0:0x00000000  x6=0x00000000
          85000	         7	8000000c	00628263	beq	x5,x6,80000010	  x5:0x00000000  x6:0x00000000
          95000	         8	00000000	00000013	addi	x0,x0,0	  x0:0x00000000
         105000	         9	8000000c	00000013	addi	x0,x0,0	  x0:0x00000000
         115000	        10	80000010	00000e97	auipc	x29,0x0	 x29=0x8000000c
         125000	        11	80000014	00ce8e93	addi	x29,x29,12	 x29:0x8000000c x29=0x80000018
         135000	        12	80000018	000e8067	jalr	x0,x29,0	 x29:0x80000018
         145000	        13	00000000	00000013	addi	x0,x0,0	  x0:0x00000000
         155000	        14	80000018	00000013	addi	x0,x0,0	  x0:0x00000000
         165000	        15	8000001c	400009b7	lui	x19,0x40000	 x19=0x40000000
         175000	        16	80000020	10098993	addi	x19,x19,256	 x19:0x40000000 x19=0x40000100
         185000	        17	80000024	00000013	addi	x0,x0,0	  x0:0x00000000
         195000	        18	80000028	0000a517	auipc	x10,0xa	 x10=0x8000a024
         205000	        19	8000002c	fa050513	addi	x10,x10,-96	 x10:0x8000a024 x10=0x80009fc4
         215000	        20	80000030	00002997	auipc	x19,0x2	 x19=0x8000202c
         225000	        21	80000034	fac98993	addi	x19,x19,-84	 x19:0x8000202c x19=0x80001fd8
         235000	        22	80000038	0009e993	ori	x19,x19,0	 x19:0x80001fd8 x19=0x80001fd8
         245000	        23	8000003c	00000013	addi	x0,x0,0	  x0:0x00000000
         255000	        24	80000040	00000997	auipc	x19,0x0	 x19=0x8000003c
         265000	        25	80000044	02098993	addi	x19,x19,32	 x19:0x8000003c x19=0x8000005c
         275000	        26	80000048	00000013	addi	x0,x0,0	  x0:0x00000000
         285000	        27	8000004c	00000013	addi	x0,x0,0	  x0:0x00000000
         295000	        28	80000050	000029b7	lui	x19,0x2	 x19=0x00002000
         305000	        29	80000054	80098993	addi	x19,x19,-2048	 x19:0x00002000 x19=0x00001800
         315000	        30	80000058	00000013	addi	x0,x0,0	  x0:0x00000000
         325000	        31	8000005c	00000013	addi	x0,x0,0	  x0:0x00000000
         335000	        32	80000060	7554e037	lui	x0,0x7554e	
         345000	        33	80000064	1f400013	addi	x0,x0,500	  x0:0x00000000
         355000	        34	80000068	2d8db0b7	lui	x1,0x2d8db	  x1=0x2d8db000
         365000	        35	8000006c	af308093	addi	x1,x1,-1293	  x1:0x2d8db000  x1=0x2d8daaf3
         375000	        36	80000070	00000113	addi	x2,x0,0	  x0:0x00000000  x2=0x00000000
         385000	        37	80000074	00c00193	addi	x3,x0,12	  x0:0x00000000  x3=0x0000000c
         395000	        38	80000078	80000237	lui	x4,0x80000	  x4=0x80000000
         405000	        39	8000007c	8ce252b7	lui	x5,0x8ce25	  x5=0x8ce25000
         415000	        40	80000080	6ac28293	addi	x5,x5,1708	  x5:0x8ce25000  x5=0x8ce256ac
         425000	        41	80000084	00200313	addi	x6,x0,2	  x0:0x00000000  x6=0x00000002
         435000	        42	80000088	00000393	addi	x7,x0,0	  x0:0x00000000  x7=0x00000000
         445000	        43	8000008c	bf3a4437	lui	x8,0xbf3a4	  x8=0xbf3a4000
         455000	        44	80000090	47b40413	addi	x8,x8,1147	  x8:0xbf3a4000  x8=0xbf3a447b
         465000	        45	80000094	800004b7	lui	x9,0x80000	  x9=0x80000000
         475000	        46	80000098	00000593	addi	x11,x0,0	  x0:0x00000000 x11=0x00000000
         485000	        47	8000009c	00700613	addi	x12,x0,7	  x0:0x00000000 x12=0x00000007
         495000	        48	800000a0	00c00693	addi	x13,x0,12	  x0:0x00000000 x13=0x0000000c
         505000	        49	800000a4	f15dd737	lui	x14,0xf15dd	 x14=0xf15dd000
         515000	        50	800000a8	98570713	addi	x14,x14,-1659	 x14:0xf15dd000 x14=0xf15dc985
         525000	        51	800000ac	fd8e67b7	lui	x15,0xfd8e6	 x15=0xfd8e6000
         535000	        52	800000b0	42d78793	addi	x15,x15,1069	 x15:0xfd8e6000 x15=0xfd8e642d
         545000	        53	800000b4	00200813	addi	x16,x0,2	  x0:0x00000000 x16=0x00000002
         555000	        54	800000b8	800008b7	lui	x17,0x80000	 x17=0x80000000
         565000	        55	800000bc	800009b7	lui	x19,0x80000	 x19=0x80000000
         575000	        56	800000c0	00000a13	addi	x20,x0,0	  x0:0x00000000 x20=0x00000000
         585000	        57	800000c4	80000ab7	lui	x21,0x80000	 x21=0x80000000
         595000	        58	800000c8	00000b13	addi	x22,x0,0	  x0:0x00000000 x22=0x00000000
         605000	        59	800000cc	00000b93	addi	x23,x0,0	  x0:0x00000000 x23=0x00000000
         615000	        60	800000d0	fc69dc37	lui	x24,0xfc69d	 x24=0xfc69d000
         625000	        61	800000d4	c00c0c13	addi	x24,x24,-1024	 x24:0xfc69d000 x24=0xfc69cc00
         635000	        62	800000d8	b3c9ecb7	lui	x25,0xb3c9e	 x25=0xb3c9e000
         645000	        63	800000dc	e22c8c93	addi	x25,x25,-478	 x25:0xb3c9e000 x25=0xb3c9de22
         655000	        64	800000e0	6dc5ad37	lui	x26,0x6dc5a	 x26=0x6dc5a000
         665000	        65	800000e4	b1ed0d13	addi	x26,x26,-1250	 x26:0x6dc5a000 x26=0x6dc59b1e
         675000	        66	800000e8	339acdb7	lui	x27,0x339ac	 x27=0x339ac000
         685000	        67	800000ec	946d8d93	addi	x27,x27,-1722	 x27:0x339ac000 x27=0x339ab946
         695000	        68	800000f0	00d00e13	addi	x28,x0,13	  x0:0x00000000 x28=0x0000000d
         705000	        69	800000f4	00000e93	addi	x29,x0,0	  x0:0x00000000 x29=0x00000000
         715000	        70	800000f8	bbcfcf37	lui	x30,0xbbcfc	 x30=0xbbcfc000
         725000	        71	800000fc	883f0f13	addi	x30,x30,-1917	 x30:0xbbcfc000 x30=0xbbcfb883
         735000	        72	80000100	80000fb7	lui	x31,0x80000	 x31=0x80000000
         745000	        73	80000104	0000a917	auipc	x18,0xa	 x18=0x8000a100
         755000	        74	80000108	e8490913	addi	x18,x18,-380	 x18:0x8000a100 x18=0x80009f84
         765000	        75	8000010c	00008a97	auipc	x21,0x8	 x21=0x80008108
         775000	        76	80000110	240a8a93	addi	x21,x21,576	 x21:0x80008108 x21=0x80008348
         785000	        77	80000114	01401e13	slli	x28,x0,0x14	  x0:0x00000000 x28=0x00000000
         795000	        78	80000118	00aa82a3	sb	x10,5(x21)	 x21:0x80008348 x10:0x80009fc4 PA:0x8000834d
         805000	        79	8000011c	001a8e03	lb	x28,1(x21)	 x21:0x80008348 x28=0x00000000 PA:0x80008349
         815000	        80	80000120	00caa103	lw	x2,12(x21)	 x21:0x80008348  x2=0x00000000 PA:0x80008354
         825000	        81	80000124	004ad383	lhu	x7,4(x21)	 x21:0x80008348  x7=0x0000c400 PA:0x8000834c
         835000	        82	80000128	c6d27c93	andi	x25,x4,-915	  x4:0x80000000 x25=0x80000000
         845000	        83	8000012c	d4b0f293	andi	x5,x1,-693	  x1:0x2d8daaf3  x5=0x2d8da843
         855000	        84	80000130	069f2293	slti	x5,x30,105	 x30:0xbbcfb883  x5=0x00000001
         865000	        85	80000134	99f0a113	slti	x2,x1,-1633	  x1:0x2d8daaf3  x2=0x00000000
         875000	        86	80000138	007dd793	srli	x15,x27,0x7	 x27:0x339ab946 x15=0x00673572
         885000	        87	8000013c	01a2e733	or	x14,x5,x26	  x5:0x00000001 x26:0x6dc59b1e x14=0x6dc59b1f
         895000	        88	80000140	00464fb3	xor	x31,x12,x4	 x12:0x00000007  x4:0x80000000 x31=0x80000007
         905000	        89	80000144	ff6ad103	lhu	x2,-10(x21)	 x21:0x80008348  x2=0x00000000 PA:0x8000833e
         915000	        90	80000148	5dee0593	addi	x11,x28,1502	 x28:0x00000000 x11=0x000005de
         925000	        91	8000014c	01e86133	or	x2,x16,x30	 x16:0x00000002 x30:0xbbcfb883  x2=0xbbcfb883
         935000	        92	80000150	01caecb3	or	x25,x21,x28	 x21:0x80008348 x28:0x00000000 x25=0x80008348
         945000	        93	80000154	b1ea2313	slti	x6,x20,-1250	 x20:0x00000000  x6=0x00000000
         955000	        94	80000158	00000013	addi	x0,x0,0	  x0:0x00000000
         965000	        95	8000015c	f29fa437	lui	x8,0xf29fa	  x8=0xf29fa000
         975000	        96	80000160	00aacc83	lbu	x25,10(x21)	 x21:0x80008348 x25=0x00000000 PA:0x80008352
         985000	        97	80000164	ff4a9403	lh	x8,-12(x21)	 x21:0x80008348  x8=0x00000000 PA:0x8000833c
         995000	        98	80000168	000adc03	lhu	x24,0(x21)	 x21:0x80008348 x24=0x00000000 PA:0x80008348
        1005000	        99	8000016c	01a1c2b3	xor	x5,x3,x26	  x3:0x0000000c x26:0x6dc59b1e  x5=0x6dc59b12
        1015000	       100	80000170	00b61093	slli	x1,x12,0xb	 x12:0x00000007  x1=0x00003800
        1025000	       101	80000174	4031dc13	srai	x24,x3,0x3	  x3:0x0000000c x24=0x00000001
        1035000	       102	80000178	fe5a8ba3	sb	x5,-9(x21)	 x21:0x80008348  x5:0x6dc59b12 PA:0x8000833f
        1045000	       103	8000017c	01215893	srli	x17,x2,0x12	  x2:0xbbcfb883 x17=0x00002ef3
        1055000	       104	80000180	ff7a8ea3	sb	x23,-3(x21)	 x21:0x80008348 x23:0x00000000 PA:0x80008345
        1065000	       105	80000184	fffa8d23	sb	x31,-6(x21)	 x21:0x80008348 x31:0x80000007 PA:0x80008342
        1075000	       106	80000188	012fe033	or	x0,x31,x18	 x31:0x80000007 x18:0x80009f84
        1085000	       107	8000018c	fbdd3c13	sltiu	x24,x26,-67	 x26:0x6dc59b1e x24=0x00000001
        1095000	       108	80000190	00aacd83	lbu	x27,10(x21)	 x21:0x80008348 x27=0x00000000 PA:0x80008352
        1105000	       109	80000194	00bac883	lbu	x17,11(x21)	 x21:0x80008348 x17=0x00000000 PA:0x80008353
        1115000	       110	80000198	00bfecb3	or	x25,x31,x11	 x31:0x80000007 x11:0x000005de x25=0x800005df
        1125000	       111	8000019c	400cde13	srai	x28,x25,0x0	 x25:0x800005df x28=0x800005df
        1135000	       112	800001a0	001a8f03	lb	x30,1(x21)	 x21:0x80008348 x30=0x00000000 PA:0x80008349
        1145000	       113	800001a4	d858c713	xori	x14,x17,-635	 x17:0x00000000 x14=0xfffffd85
        1155000	       114	800001a8	ffda8aa3	sb	x29,-11(x21)	 x21:0x80008348 x29:0x00000000 PA:0x8000833d
        1165000	       115	800001ac	0025fdb3	and	x27,x11,x2	 x11:0x000005de  x2:0xbbcfb883 x27=0x00000082
        1175000	       116	800001b0	ffba8183	lb	x3,-5(x21)	 x21:0x80008348  x3=0x00000000 PA:0x80008343
        1185000	       117	800001b4	fe1a8923	sb	x1,-14(x21)	 x21:0x80008348  x1:0x00003800 PA:0x8000833a
        1195000	       118	800001b8	ff1ac783	lbu	x15,-15(x21)	 x21:0x80008348 x15=0x00000000 PA:0x80008339
        1205000	       119	800001bc	41468d33	sub	x26,x13,x20	 x13:0x0000000c x20:0x00000000 x26=0x0000000c
        1215000	       120	800001c0	019932b3	sltu	x5,x18,x25	 x18:0x80009f84 x25:0x800005df  x5=0x00000000
        1225000	       121	800001c4	006a81a3	sb	x6,3(x21)	 x21:0x80008348  x6:0x00000000 PA:0x8000834b
        1235000	       122	800001c8	ffeacd03	lbu	x26,-2(x21)	 x21:0x80008348 x26=0x00000000 PA:0x80008346
        1245000	       123	800001cc	00a71213	slli	x4,x14,0xa	 x14:0xfffffd85  x4=0xfff61400
        1255000	       124	800001d0	011a9823	sh	x17,16(x21)	 x21:0x80008348 x17:0x00000000 PA:0x80008358
        1265000	       125	800001d4	0017bc33	sltu	x24,x15,x1	 x15:0x00000000  x1:0x00003800 x24=0x00000001
        1275000	       126	800001d8	93797c13	andi	x24,x18,-1737	 x18:0x80009f84 x24=0x80009904
        1285000	       127	800001dc	01e246b3	xor	x13,x4,x30	  x4:0xfff61400 x30:0x00000000 x13=0xfff61400
        1295000	       128	800001e0	ff7ac403	lbu	x8,-9(x21)	 x21:0x80008348  x8=0x00000012 PA:0x8000833f
        1305000	       129	800001e4	00009297	auipc	x5,0x9	  x5=0x800091e0
        1315000	       130	800001e8	add28293	addi	x5,x5,-1315	  x5:0x800091e0  x5=0x80008cbd
        1325000	       131	800001ec	d53299a3	sh	x19,-685(x5)	  x5:0x80008cbd x19:0x80000000 PA:0x80008a10
        1335000	       132	800001f0	018d7433	and	x8,x26,x24	 x26:0x00000000 x24:0x80009904  x8=0x00000000
        1345000	       133	800001f4	b423c137	lui	x2,0xb423c	  x2=0xb423c000
        1355000	       134	800001f8	d5a2a9a3	sw	x26,-685(x5)	  x5:0x80008cbd x26:0x00000000 PA:0x80008a10
        1365000	       135	800001fc	017e93b3	sll	x7,x29,x23	 x29:0x00000000 x23:0x00000000  x7=0x00000000
        1375000	       136	80000200	01e965b3	or	x11,x18,x30	 x18:0x80009f84 x30:0x00000000 x11=0x80009f84
        1385000	       137	80000204	d532d783	lhu	x15,-685(x5)	  x5:0x80008cbd x15=0x00000000 PA:0x80008a10
        1395000	       138	80000208	d58289a3	sb	x24,-685(x5)	  x5:0x80008cbd x24:0x80009904 PA:0x80008a10
        1405000	       139	8000020c	cbb28523	sb	x27,-854(x5)	  x5:0x80008cbd x27:0x00000082 PA:0x80008967
        1415000	       140	80000210	caa28783	lb	x15,-854(x5)	  x5:0x80008cbd x15=0xffffff82 PA:0x80008967
        1425000	       141	80000214	ca428523	sb	x4,-854(x5)	  x5:0x80008cbd  x4:0xfff61400 PA:0x80008967
        1435000	       142	80000218	cb828523	sb	x24,-854(x5)	  x5:0x80008cbd x24:0x80009904 PA:0x80008967
        1445000	       143	8000021c	caa2cd83	lbu	x27,-854(x5)	  x5:0x80008cbd x27=0x00000004 PA:0x80008967
        1455000	       144	80000220	cb22cb03	lbu	x22,-846(x5)	  x5:0x80008cbd x22=0x00000000 PA:0x8000896f
        1465000	       145	80000224	cb228703	lb	x14,-846(x5)	  x5:0x80008cbd x14=0x00000000 PA:0x8000896f
        1475000	       146	80000228	cb22c303	lbu	x6,-846(x5)	  x5:0x80008cbd  x6=0x00000000 PA:0x8000896f
        1485000	       147	8000022c	00009297	auipc	x5,0x9	  x5=0x80009228
        1495000	       148	80000230	88728293	addi	x5,x5,-1913	  x5:0x80009228  x5=0x80008aaf
        1505000	       149	80000234	1cc28983	lb	x19,460(x5)	  x5:0x80008aaf x19=0x00000000 PA:0x80008c7b
        1515000	       150	80000238	00009c17	auipc	x24,0x9	 x24=0x80009234
        1525000	       151	8000023c	93dc0c13	addi	x24,x24,-1731	 x24:0x80009234 x24=0x80008b71
        1535000	       152	80000240	00009397	auipc	x7,0x9	  x7=0x8000923c
        1545000	       153	80000244	cbe38393	addi	x7,x7,-834	  x7:0x8000923c  x7=0x80008efa
        1555000	       154	80000248	40029da3	sh	x0,1051(x5)	  x5:0x80008aaf  x0:0x00000000 PA:0x80008eca
        1565000	       155	8000024c	00dc5c83	lhu	x25,13(x24)	 x24:0x80008b71 x25=0x00000000 PA:0x80008b7e
        1575000	       156	80000250	08ac0f03	lb	x30,138(x24)	 x24:0x80008b71 x30=0x00000000 PA:0x80008bfb
        1585000	       157	80000254	4bf2a2a3	sw	x31,1189(x5)	  x5:0x80008aaf x31:0x80000007 PA:0x80008f54
        1595000	       158	80000258	0703cb83	lbu	x23,112(x7)	  x7:0x80008efa x23=0x00000000 PA:0x80008f6a
        1605000	       159	8000025c	07b38883	lb	x17,123(x7)	  x7:0x80008efa x17=0x00000000 PA:0x80008f75
        1615000	       160	80000260	3c329583	lh	x11,963(x5)	  x5:0x80008aaf x11=0x00000000 PA:0x80008e72
        1625000	       161	80000264	00e3a483	lw	x9,14(x7)	  x7:0x80008efa  x9=0x00000000 PA:0x80008f08
        1635000	       162	80000268	043c4d83	lbu	x27,67(x24)	 x24:0x80008b71 x27=0x00000000 PA:0x80008bb4
        1645000	       163	8000026c	f6738aa3	sb	x7,-139(x7)	  x7:0x80008efa  x7:0x80008efa PA:0x80008e6f
        1655000	       164	80000270	f68c0d23	sb	x8,-134(x24)	 x24:0x80008b71  x8:0x00000000 PA:0x80008aeb
        1665000	       165	80000274	f54c0303	lb	x6,-172(x24)	 x24:0x80008b71  x6=0x00000000 PA:0x80008ac5
        1675000	       166	80000278	0bc2cf83	lbu	x31,188(x5)	  x5:0x80008aaf x31=0x00000000 PA:0x80008b6b
        1685000	       167	8000027c	0d4384a3	sb	x20,201(x7)	  x7:0x80008efa x20:0x00000000 PA:0x80008fc3
        1695000	       168	80000280	f15c4f83	lbu	x31,-235(x24)	 x24:0x80008b71 x31=0x00000000 PA:0x80008a86
        1705000	       169	80000284	f3529703	lh	x14,-203(x5)	  x5:0x80008aaf x14=0x00000000 PA:0x800089e4
        1715000	       170	80000288	0dcc4783	lbu	x15,220(x24)	 x24:0x80008b71 x15=0x00000000 PA:0x80008c4d
        1725000	       171	8000028c	0ee386a3	sb	x14,237(x7)	  x7:0x80008efa x14:0x00000000 PA:0x80008fe7
        1735000	       172	80000290	fe328403	lb	x8,-29(x5)	  x5:0x80008aaf  x8=0x00000000 PA:0x80008a92
        1745000	       173	80000294	35d29883	lh	x17,861(x5)	  x5:0x80008aaf x17=0x00000000 PA:0x80008e0c
        1755000	       174	80000298	f9e388a3	sb	x30,-111(x7)	  x7:0x80008efa x30:0x00000000 PA:0x80008e8b
        1765000	       175	8000029c	00009397	auipc	x7,0x9	  x7=0x80009298
        1775000	       176	800002a0	9eb38393	addi	x7,x7,-1557	  x7:0x80009298  x7=0x80008c83
        1785000	       177	800002a4	0833c483	lbu	x9,131(x7)	  x7:0x80008c83  x9=0x00000000 PA:0x80008d06
        1795000	       178	800002a8	08339c83	lh	x25,131(x7)	  x7:0x80008c83 x25=0x00000000 PA:0x80008d06
        1805000	       179	800002ac	08339703	lh	x14,131(x7)	  x7:0x80008c83 x14=0x00000000 PA:0x80008d06
        1815000	       180	800002b0	0833dc03	lhu	x24,131(x7)	  x7:0x80008c83 x24=0x00000000 PA:0x80008d06
        1825000	       181	800002b4	08339d83	lh	x27,131(x7)	  x7:0x80008c83 x27=0x00000000 PA:0x80008d06
        1835000	       182	800002b8	089381a3	sb	x9,131(x7)	  x7:0x80008c83  x9:0x00000000 PA:0x80008d06
        1845000	       183	800002bc	0833d683	lhu	x13,131(x7)	  x7:0x80008c83 x13=0x00000000 PA:0x80008d06
        1855000	       184	800002c0	faa98097	auipc	x1,0xfaa98	  x1=0x7aa982bc
        1865000	       185	800002c4	098391a3	sh	x24,131(x7)	  x7:0x80008c83 x24:0x00000000 PA:0x80008d06
        1875000	       186	800002c8	01428833	add	x16,x5,x20	  x5:0x80008aaf x20:0x00000000 x16=0x80008aaf
        1885000	       187	800002cc	08e391a3	sh	x14,131(x7)	  x7:0x80008c83 x14:0x00000000 PA:0x80008d06
        1895000	       188	800002d0	096391a3	sh	x22,131(x7)	  x7:0x80008c83 x22:0x00000000 PA:0x80008d06
        1905000	       189	800002d4	0116a4b3	slt	x9,x13,x17	 x13:0x00000000 x17:0x00000000  x9=0x00000000
        1915000	       190	800002d8	e1630697	auipc	x13,0xe1630	 x13=0x616302d4
        1925000	       191	800002dc	08339c03	lh	x24,131(x7)	  x7:0x80008c83 x24=0x00000000 PA:0x80008d06
        1935000	       192	800002e0	00641993	slli	x19,x8,0x6	  x8:0x00000000 x19=0x00000000
        1945000	       193	800002e4	08339403	lh	x8,131(x7)	  x7:0x80008c83  x8=0x00000000 PA:0x80008d06
        1955000	       194	800002e8	09e381a3	sb	x30,131(x7)	  x7:0x80008c83 x30:0x00000000 PA:0x80008d06
        1965000	       195	800002ec	003effb3	and	x31,x29,x3	 x29:0x00000000  x3:0x00000000 x31=0x00000000
        1975000	       196	800002f0	0833d083	lhu	x1,131(x7)	  x7:0x80008c83  x1=0x00000000 PA:0x80008d06
        1985000	       197	800002f4	08339803	lh	x16,131(x7)	  x7:0x80008c83 x16=0x00000000 PA:0x80008d06
        1995000	       198	800002f8	00009417	auipc	x8,0x9	  x8=0x800092f4
        2005000	       199	800002fc	9fc40413	addi	x8,x8,-1540	  x8:0x800092f4  x8=0x80008cf0
        2015000	       200	80000300	8ebffe13	andi	x28,x31,-1813	 x31:0x00000000 x28=0x00000000
        2025000	       201	80000304	25140783	lb	x15,593(x8)	  x8:0x80008cf0 x15=0x00000000 PA:0x80008f41
        2035000	       202	80000308	d3e41723	sh	x30,-722(x8)	  x8:0x80008cf0 x30:0x00000000 PA:0x80008a1e
        2045000	       203	8000030c	41395d93	srai	x27,x18,0x13	 x18:0x80009f84 x27=0xfffff000
        2055000	       204	80000310	9ffc8137	lui	x2,0x9ffc8	  x2=0x9ffc8000
        2065000	       205	80000314	17744883	lbu	x17,375(x8)	  x8:0x80008cf0 x17=0x00000000 PA:0x80008e67
        2075000	       206	80000318	d64d6113	ori	x2,x26,-668	 x26:0x00000000  x2=0xfffffd64
        2085000	       207	8000031c	01cf9f33	sll	x30,x31,x28	 x31:0x00000000 x28:0x00000000 x30=0x00000000
        2095000	       208	80000320	01c80f33	add	x30,x16,x28	 x16:0x00000000 x28:0x00000000 x30=0x00000000
        2105000	       209	80000324	c3140a83	lb	x21,-975(x8)	  x8:0x80008cf0 x21=0x00000000 PA:0x80008921
        2115000	       210	80000328	c5c44283	lbu	x5,-932(x8)	  x8:0x80008cf0  x5=0x00000000 PA:0x8000894c
        2125000	       211	8000032c	01edda33	srl	x20,x27,x30	 x27:0xfffff000 x30:0x00000000 x20=0xfffff000
        2135000	       212	80000330	98936d13	ori	x26,x6,-1655	  x6:0x00000000 x26=0xfffff989
        2145000	       213	80000334	f5c45f03	lhu	x30,-164(x8)	  x8:0x80008cf0 x30=0x00000000 PA:0x80008c4c
        2155000	       214	80000338	02144083	lbu	x1,33(x8)	  x8:0x80008cf0  x1=0x00000000 PA:0x80008d11
        2165000	       215	8000033c	c6a40383	lb	x7,-918(x8)	  x8:0x80008cf0  x7=0x00000000 PA:0x8000895a
        2175000	       216	80000340	1ad40203	lb	x4,429(x8)	  x8:0x80008cf0  x4=0x00000000 PA:0x80008e9d
        2185000	       217	80000344	e1b40aa3	sb	x27,-491(x8)	  x8:0x80008cf0 x27:0xfffff000 PA:0x80008b05
        2195000	       218	80000348	01d9d2b3	srl	x5,x19,x29	 x19:0x00000000 x29:0x00000000  x5=0x00000000
        2205000	       219	8000034c	4187d9b3	sra	x19,x15,x24	 x15:0x00000000 x24:0x00000000 x19=0x00000000
        2215000	       220	80000350	01a3ee33	or	x28,x7,x26	  x7:0x00000000 x26:0xfffff989 x28=0xfffff989
        2225000	       221	80000354	009ed8b3	srl	x17,x29,x9	 x29:0x00000000  x9:0x00000000 x17=0x00000000
        2235000	       222	80000358	f8440aa3	sb	x4,-107(x8)	  x8:0x80008cf0  x4:0x00000000 PA:0x80008c85
        2245000	       223	8000035c	d6944f03	lbu	x30,-663(x8)	  x8:0x80008cf0 x30=0x00000000 PA:0x80008a59
        2255000	       224	80000360	79496113	ori	x2,x18,1940	 x18:0x80009f84  x2=0x80009f94
        2265000	       225	80000364	f8e41183	lh	x3,-114(x8)	  x8:0x80008cf0  x3=0x00000000 PA:0x80008c7e
        2275000	       226	80000368	09645103	lhu	x2,150(x8)	  x8:0x80008cf0  x2=0x00000000 PA:0x80008d86
        2285000	       227	8000036c	dec41803	lh	x16,-532(x8)	  x8:0x80008cf0 x16=0x00000000 PA:0x80008adc
        2295000	       228	80000370	2b842c23	sw	x24,696(x8)	  x8:0x80008cf0 x24:0x00000000 PA:0x80008fa8
        2305000	       229	80000374	da144c83	lbu	x25,-607(x8)	  x8:0x80008cf0 x25=0x00000000 PA:0x80008a91
        2315000	       230	80000378	40325833	sra	x16,x4,x3	  x4:0x00000000  x3:0x00000000 x16=0x00000000
        2325000	       231	8000037c	a543ea13	ori	x20,x7,-1452	  x7:0x00000000 x20=0xfffffa54
        2335000	       232	80000380	fd844603	lbu	x12,-40(x8)	  x8:0x80008cf0 x12=0x00000000 PA:0x80008cc8
        2345000	       233	00000000	00000013	addi	x0,x0,0	  x0:0x00000000
        2355000	       234	80000384	c2c78593	addi	x11,x15,-980	 x15:0x00000000 x11=0xfffffc2c
        2365000	       235	80000388	05c42c83	lw	x25,92(x8)	  x8:0x80008cf0 x25=0x00000000 PA:0x80008d4c
        2375000	       236	8000038c	00475993	srli	x19,x14,0x4	 x14:0x00000000 x19=0x00000000
        2385000	       237	80000390	00de3733	sltu	x14,x28,x13	 x28:0xfffff989 x13:0x616302d4 x14=0x00000000
        2395000	       238	80000394	416f5333	sra	x6,x30,x22	 x30:0x00000000 x22:0x00000000  x6=0x00000000
        2405000	       239	80000398	d3645c03	lhu	x24,-714(x8)	  x8:0x80008cf0 x24=0x00000000 PA:0x80008a26
        2415000	       240	8000039c	eaa42623	sw	x10,-340(x8)	  x8:0x80008cf0 x10:0x80009fc4 PA:0x80008b9c
        2425000	       241	800003a0	ebc41983	lh	x19,-324(x8)	  x8:0x80008cf0 x19=0x00000000 PA:0x80008bac
        2435000	       242	800003a4	f6f63a97	auipc	x21,0xf6f63	 x21=0x76f633a0
        2445000	       243	800003a8	e0241783	lh	x15,-510(x8)	  x8:0x80008cf0 x15=0x00000000 PA:0x80008af2
        2455000	       244	800003ac	b9540f23	sb	x21,-1122(x8)	  x8:0x80008cf0 x21:0x76f633a0 PA:0x8000888e
        2465000	       245	800003b0	00008117	auipc	x2,0x8	  x2=0x800083ac
        2475000	       246	800003b4	2b010113	addi	x2,x2,688	  x2:0x800083ac  x2=0x8000865c
        2485000	       247	800003b8	ff910603	lb	x12,-7(x2)	  x2:0x8000865c x12=0x00000000 PA:0x80008655
        2495000	       248	800003bc	5d0a0d93	addi	x27,x20,1488	 x20:0xfffffa54 x27=0x00000024
        2505000	       249	800003c0	867b45b7	lui	x11,0x867b4	 x11=0x867b4000
        2515000	       250	800003c4	fee10ca3	sb	x14,-7(x2)	  x2:0x8000865c x14:0x00000000 PA:0x80008655
        2525000	       251	800003c8	fec10ca3	sb	x12,-7(x2)	  x2:0x8000865c x12:0x00000000 PA:0x80008655
        2535000	       252	800003cc	ff910583	lb	x11,-7(x2)	  x2:0x8000865c x11=0x00000000 PA:0x80008655
        2545000	       253	800003d0	fee10fa3	sb	x14,-1(x2)	  x2:0x8000865c x14:0x00000000 PA:0x8000865b
        2555000	       254	800003d4	ffe10fa3	sb	x30,-1(x2)	  x2:0x8000865c x30:0x00000000 PA:0x8000865b
        2565000	       255	800003d8	01810123	sb	x24,2(x2)	  x2:0x8000865c x24:0x00000000 PA:0x8000865e
        2575000	       256	800003dc	000104a3	sb	x0,9(x2)	  x2:0x8000865c  x0:0x00000000 PA:0x80008665
        2585000	       257	800003e0	004b2ab3	slt	x21,x22,x4	 x22:0x00000000  x4:0x00000000 x21=0x00000000
        2595000	       258	800003e4	003104a3	sb	x3,9(x2)	  x2:0x8000865c  x3:0x00000000 PA:0x80008665
        2605000	       259	800003e8	018104a3	sb	x24,9(x2)	  x2:0x8000865c x24:0x00000000 PA:0x80008665
        2615000	       260	800003ec	01011583	lh	x11,16(x2)	  x2:0x8000865c x11=0x00000000 PA:0x8000866c
        2625000	       261	800003f0	186411b7	lui	x3,0x18641	  x3=0x18641000
        2635000	       262	800003f4	ff415383	lhu	x7,-12(x2)	  x2:0x8000865c  x7=0x00000000 PA:0x80008650
        2645000	       263	800003f8	ff411f03	lh	x30,-12(x2)	  x2:0x8000865c x30=0x00000000 PA:0x80008650
        2655000	       264	800003fc	fe311a23	sh	x3,-12(x2)	  x2:0x8000865c  x3:0x18641000 PA:0x80008650
        2665000	       265	80000400	00d10b03	lb	x22,13(x2)	  x2:0x8000865c x22=0x00000000 PA:0x80008669
        2675000	       266	80000404	00008117	auipc	x2,0x8	  x2=0x80008400
        2685000	       267	80000408	09110113	addi	x2,x2,145	  x2:0x80008400  x2=0x80008491
        2695000	       268	8000040c	00000013	addi	x0,x0,0	  x0:0x00000000
        2705000	       269	80000410	17810c03	lb	x24,376(x2)	  x2:0x80008491 x24=0x00000000 PA:0x80008609
        2715000	       270	80000414	004f2f33	slt	x30,x30,x4	 x30:0x00000000  x4:0x00000000 x30=0x00000000
        2725000	       271	80000418	d9b15f83	lhu	x31,-613(x2)	  x2:0x80008491 x31=0x00000000 PA:0x8000822c
        2735000	       272	8000041c	2e622293	slti	x5,x4,742	  x4:0x00000000  x5=0x00000001
        2745000	       273	80000420	33a14883	lbu	x17,826(x2)	  x2:0x80008491 x17=0x00000000 PA:0x800087cb
        2755000	       274	00000000	00000013	addi	x0,x0,0	  x0:0x00000000
        2765000	       275	80000424	f9110803	lb	x16,-111(x2)	  x2:0x80008491 x16=0x00000000 PA:0x80008422
        2775000	       276	80000428	c2810c03	lb	x24,-984(x2)	  x2:0x80008491 x24=0x00000000 PA:0x800080b9
        2785000	       277	8000042c	e1e14683	lbu	x13,-482(x2)	  x2:0x80008491 x13=0x00000000 PA:0x800082af
        2795000	       278	80000430	01ab9033	sll	x0,x23,x26	 x23:0x00000000 x26:0xfffff989
        2805000	       279	80000434	01614a03	lbu	x20,22(x2)	  x2:0x80008491 x20=0x00000000 PA:0x800084a7
        2815000	       280	80000438	06214483	lbu	x9,98(x2)	  x2:0x80008491  x9=0x00000000 PA:0x800084f3
        2825000	       281	8000043c	01302a33	slt	x20,x0,x19	  x0:0x00000000 x19:0x00000000 x20=0x00000000
        2835000	       282	80000440	2cc14d03	lbu	x26,716(x2)	  x2:0x80008491 x26=0x00000000 PA:0x8000875d
        2845000	       283	80000444	eca12ba3	sw	x10,-297(x2)	  x2:0x80008491 x10:0x80009fc4 PA:0x80008368
        2855000	       284	80000448	d5914603	lbu	x12,-679(x2)	  x2:0x80008491 x12=0x00000000 PA:0x800081ea
        2865000	       285	8000044c	c2210303	lb	x6,-990(x2)	  x2:0x80008491  x6=0x00000000 PA:0x800080b3
        2875000	       286	80000450	23110983	lb	x19,561(x2)	  x2:0x80008491 x19=0x00000000 PA:0x800086c2
        2885000	       287	80000454	ec610803	lb	x16,-314(x2)	  x2:0x80008491 x16=0x00000000 PA:0x80008357
        2895000	       288	80000458	25414c83	lbu	x25,596(x2)	  x2:0x80008491 x25=0x00000000 PA:0x800086e5
        2905000	       289	8000045c	dc115303	lhu	x6,-575(x2)	  x2:0x80008491  x6=0x00000000 PA:0x80008252
        2915000	       290	80000460	32210403	lb	x8,802(x2)	  x2:0x80008491  x8=0x00000000 PA:0x800087b3
        2925000	       291	00000000	00000013	addi	x0,x0,0	  x0:0x00000000
        2935000	       292	80000464	013425b3	slt	x11,x8,x19	  x8:0x00000000 x19:0x00000000 x11=0x00000000
        2945000	       293	80000468	0b711303	lh	x6,183(x2)	  x2:0x80008491  x6=0x00000000 PA:0x80008548
        2955000	       294	8000046c	d0793013	sltiu	x0,x18,-761	 x18:0x80009f84
        2965000	       295	80000470	003b0c33	add	x24,x22,x3	 x22:0x00000000  x3:0x18641000 x24=0x18641000
        2975000	       296	80000474	1c311203	lh	x4,451(x2)	  x2:0x80008491  x4=0x00000000 PA:0x80008654
        2985000	       297	80000478	c2c10c03	lb	x24,-980(x2)	  x2:0x80008491 x24=0x00000000 PA:0x800080bd
        2995000	       298	8000047c	015ada33	srl	x20,x21,x21	 x21:0x00000000 x21:0x00000000 x20=0x00000000
        3005000	       299	80000480	015830b3	sltu	x1,x16,x21	 x16:0x00000000 x21:0x00000000  x1=0x00000000
        3015000	       300	80000484	33f14d03	lbu	x26,831(x2)	  x2:0x80008491 x26=0x00000000 PA:0x800087d0
        3025000	       301	80000488	d3d15783	lhu	x15,-707(x2)	  x2:0x80008491 x15=0x00000000 PA:0x800081ce
        3035000	       302	8000048c	01649313	slli	x6,x9,0x16	  x9:0x00000000  x6=0x00000000
        3045000	       303	80000490	003ad013	srli	x0,x21,0x3	 x21:0x00000000
        3055000	       304	80000494	2f410783	lb	x15,756(x2)	  x2:0x80008491 x15=0x00000000 PA:0x80008785
        3065000	       305	80000498	9d6d0a13	addi	x20,x26,-1578	 x26:0x00000000 x20=0xfffff9d6
        3075000	       306	8000049c	0142f2b3	and	x5,x5,x20	  x5:0x00000001 x20:0xfffff9d6  x5=0x00000000
        3085000	       307	800004a0	d4940193	addi	x3,x8,-695	  x8:0x00000000  x3=0xfffffd49
        3095000	       308	800004a4	18610383	lb	x7,390(x2)	  x2:0x80008491  x7=0x00000000 PA:0x80008617
        3105000	       309	800004a8	0f214683	lbu	x13,242(x2)	  x2:0x80008491 x13=0x00000000 PA:0x80008583
        3115000	       310	800004ac	c3315e03	lhu	x28,-973(x2)	  x2:0x80008491 x28=0x00000000 PA:0x800080c4
        3125000	       311	800004b0	31f10c23	sb	x31,792(x2)	  x2:0x80008491 x31:0x00000000 PA:0x800087a9
        3135000	       312	800004b4	00c6d813	srli	x16,x13,0xc	 x13:0x00000000 x16=0x00000000
        3145000	       313	800004b8	006ba1b3	slt	x3,x23,x6	 x23:0x00000000  x6:0x00000000  x3=0x00000000
        3155000	       314	800004bc	003894b3	sll	x9,x17,x3	 x17:0x00000000  x3:0x00000000  x9=0x00000000
        3165000	       315	800004c0	01d91463	bne	x18,x29,800004c8	 x18:0x80009f84 x29:0x00000000
        3175000	       316	00000000	00000013	addi	x0,x0,0	  x0:0x00000000
        3185000	       317	800004c4	00000013	addi	x0,x0,0	  x0:0x00000000
        3195000	       318	800004c8	14e7cd93	xori	x27,x15,334	 x15:0x00000000 x27=0x0000014e
        3205000	       319	800004cc	2fc20697	auipc	x13,0x2fc20	 x13=0xafc204c8
        3215000	       320	800004d0	007ce4b3	or	x9,x25,x7	 x25:0x00000000  x7:0x00000000  x9=0x00000000
        3225000	       321	800004d4	00421133	sll	x2,x4,x4	  x4:0x00000000  x4:0x00000000  x2=0x00000000
        3235000	       322	800004d8	00bf2c33	slt	x24,x30,x11	 x30:0x00000000 x11:0x00000000 x24=0x00000000
        3245000	       323	800004dc	00000013	addi	x0,x0,0	  x0:0x00000000
        3255000	       324	800004e0	00a0e4b3	or	x9,x1,x10	  x1:0x00000000 x10:0x80009fc4  x9=0x80009fc4
        3265000	       325	800004e4	4043d0b3	sra	x1,x7,x4	  x7:0x00000000  x4:0x00000000  x1=0x00000000
        3275000	       326	800004e8	01c4f463	bgeu	x9,x28,800004f0	  x9:0x80009fc4 x28:0x00000000
        3285000	       327	00000000	00000013	addi	x0,x0,0	  x0:0x00000000
        3295000	       328	800004ec	00000013	addi	x0,x0,0	  x0:0x00000000
        3305000	       329	800004f0	b1f90d93	addi	x27,x18,-1249	 x18:0x80009f84 x27=0x80009aa3
        3315000	       330	800004f4	007c44b3	xor	x9,x24,x7	 x24:0x00000000  x7:0x00000000  x9=0x00000000
        3325000	       331	800004f8	4004dab3	sra	x21,x9,x0	  x9:0x00000000  x0:0x00000000 x21=0x00000000
        3335000	       332	800004fc	06eee893	ori	x17,x29,110	 x29:0x00000000 x17=0x0000006e
        3345000	       333	80000500	00c816b3	sll	x13,x16,x12	 x16:0x00000000 x12:0x00000000 x13=0x00000000
        3355000	       334	80000504	00eaecb3	or	x25,x21,x14	 x21:0x00000000 x14:0x00000000 x25=0x00000000
        3365000	       335	80000508	00e79b33	sll	x22,x15,x14	 x15:0x00000000 x14:0x00000000 x22=0x00000000
        3375000	       336	8000050c	407709b3	sub	x19,x14,x7	 x14:0x00000000  x7:0x00000000 x19=0x00000000
        3385000	       337	80000510	30bb2e13	slti	x28,x22,779	 x22:0x00000000 x28=0x00000001
        3395000	       338	80000514	03246a63	bltu	x8,x18,80000548	  x8:0x00000000 x18:0x80009f84
        3405000	       339	00000000	00000013	addi	x0,x0,0	  x0:0x00000000
        3415000	       340	80000544	00000013	addi	x0,x0,0	  x0:0x00000000
        3425000	       341	80000548	00a2e733	or	x14,x5,x10	  x5:0x00000000 x10:0x80009fc4 x14=0x80009fc4
        3435000	       342	8000054c	3a252213	slti	x4,x10,930	 x10:0x80009fc4  x4=0x00000001
        3445000	       343	80000550	a698ae13	slti	x28,x17,-1431	 x17:0x0000006e x28=0x00000000
        3455000	       344	80000554	00ea4033	xor	x0,x20,x14	 x20:0xfffff9d6 x14:0x80009fc4
        3465000	       345	80000558	00000013	addi	x0,x0,0	  x0:0x00000000
        3475000	       346	8000055c	037bd863	bge	x23,x23,8000058c	 x23:0x00000000 x23:0x00000000
        3485000	       347	00000000	00000013	addi	x0,x0,0	  x0:0x00000000
        3495000	       348	80000588	00000013	addi	x0,x0,0	  x0:0x00000000
        3505000	       349	8000058c	add9a5b7	lui	x11,0xadd9a	 x11=0xadd9a000
        3515000	       350	80000590	6dbae893	ori	x17,x21,1755	 x21:0x00000000 x17=0x000006db
        3525000	       351	80000594	40705833	sra	x16,x0,x7	  x0:0x00000000  x7:0x00000000 x16=0x00000000
        3535000	       352	80000598	0146e133	or	x2,x13,x20	 x13:0x00000000 x20:0xfffff9d6  x2=0xfffff9d6
        3545000	       353	8000059c	01ff17b3	sll	x15,x30,x31	 x30:0x00000000 x31:0x00000000 x15=0x00000000
        3555000	       354	800005a0	0174fa33	and	x20,x9,x23	  x9:0x00000000 x23:0x00000000 x20=0x00000000
        3565000	       355	800005a4	33653213	sltiu	x4,x10,822	 x10:0x80009fc4  x4=0x00000000
        3575000	       356	800005a8	41230a33	sub	x20,x6,x18	  x6:0x00000000 x18:0x80009f84 x20=0x7fff607c
        3585000	       357	800005ac	405ad813	srai	x16,x21,0x5	 x21:0x00000000 x16=0x00000000
        3595000	       358	800005b0	119d9263	bne	x27,x25,800006b4	 x27:0x80009aa3 x25:0x00000000
        3605000	       359	00000000	00000013	addi	x0,x0,0	  x0:0x00000000
        3615000	       360	800006b0	00000013	addi	x0,x0,0	  x0:0x00000000
        3625000	       361	800006b4	01b7fe63	bgeu	x15,x27,800006d0	 x15:0x00000000 x27:0x80009aa3
        3635000	       362	800006b8	7cd7ac93	slti	x25,x15,1997	 x15:0x00000000 x25=0x00000001
        3645000	       363	800006bc	05d36263	bltu	x6,x29,80000700	  x6:0x00000000 x29:0x00000000
        3655000	       364	800006c0	43974693	xori	x13,x14,1081	 x14:0x80009fc4 x13=0x80009bfd
        3665000	       365	800006c4	00143a33	sltu	x20,x8,x1	  x8:0x00000000  x1:0x00000000 x20=0x00000000
        3675000	       366	800006c8	013fdd93	srli	x27,x31,0x13	 x31:0x00000000 x27=0x00000000
        3685000	       367	800006cc	7d740d13	addi	x26,x8,2007	  x8:0x00000000 x26=0x000007d7
        3695000	       368	800006d0	00000013	addi	x0,x0,0	  x0:0x00000000
        3705000	       369	800006d4	01301f93	slli	x31,x0,0x13	  x0:0x00000000 x31=0x00000000
        3715000	       370	800006d8	4110dcb3	sra	x25,x1,x17	  x1:0x00000000 x17:0x000006db x25=0x00000000
        3725000	       371	800006dc	010c67b3	or	x15,x24,x16	 x24:0x00000000 x16:0x00000000 x15=0x00000000
        3735000	       372	800006e0	00098e63	beq	x19,x0,800006fc	 x19:0x00000000  x0:0x00000000
        3745000	       373	00000000	00000013	addi	x0,x0,0	  x0:0x00000000
        3755000	       374	800006f8	00000013	addi	x0,x0,0	  x0:0x00000000
        3765000	       375	800006fc	005209b3	add	x19,x4,x5	  x4:0x00000000  x5:0x00000000 x19=0x00000000
        3775000	       376	80000700	2c2374b7	lui	x9,0x2c237	  x9=0x2c237000
        3785000	       377	80000704	e7ea5017	auipc	x0,0xe7ea5	
        3795000	       378	80000708	01004463	blt	x0,x16,80000710	  x0:0x00000000 x16:0x00000000
        3805000	       379	8000070c	04fa6463	bltu	x20,x15,80000754	 x20:0x00000000 x15:0x00000000
        3815000	       380	80000710	00792233	slt	x4,x18,x7	 x18:0x80009f84  x7:0x00000000  x4=0x00000001
        3825000	       381	80000714	a0931f17	auipc	x30,0xa0931	 x30=0x20931710
        3835000	       382	80000718	dfc5af97	auipc	x31,0xdfc5a	 x31=0x5fc5a714
        3845000	       383	8000071c	00d99e13	slli	x28,x19,0xd	 x19:0x00000000 x28=0x00000000
        3855000	       384	80000720	0115c9b3	xor	x19,x11,x17	 x11:0xadd9a000 x17:0x000006db x19=0xadd9a6db
        3865000	       385	80000724	c2ee6493	ori	x9,x28,-978	 x28:0x00000000  x9=0xfffffc2e
        3875000	       386	80000728	00000013	addi	x0,x0,0	  x0:0x00000000
        3885000	       387	8000072c	00f089b3	add	x19,x1,x15	  x1:0x00000000 x15:0x00000000 x19=0x00000000
        3895000	       388	80000730	9aa50613	addi	x12,x10,-1622	 x10:0x80009fc4 x12=0x8000996e
        3905000	       389	80000734	00411c63	bne	x2,x4,8000074c	  x2:0xfffff9d6  x4:0x00000001
        3915000	       390	00000000	00000013	addi	x0,x0,0	  x0:0x00000000
        3925000	       391	80000748	00000013	addi	x0,x0,0	  x0:0x00000000
        3935000	       392	8000074c	40ecdd33	sra	x26,x25,x14	 x25:0x00000000 x14:0x80009fc4 x26=0x00000000
        3945000	       393	80000750	015a2ab3	slt	x21,x20,x21	 x20:0x00000000 x21:0x00000000 x21=0x00000000
        3955000	       394	80000754	3fb70397	auipc	x7,0x3fb70	  x7=0xbfb70750
        3965000	       395	80000758	03bee263	bltu	x29,x27,8000077c	 x29:0x00000000 x27:0x00000000
        3975000	       396	8000075c	0141bbb3	sltu	x23,x3,x20	  x3:0x00000000 x20:0x00000000 x23=0x00000000
        3985000	       397	80000760	01951e63	bne	x10,x25,8000077c	 x10:0x80009fc4 x25:0x00000000
        3995000	       398	00000000	00000013	addi	x0,x0,0	  x0:0x00000000
        4005000	       399	80000778	00000013	addi	x0,x0,0	  x0:0x00000000
        4015000	       400	8000077c	4b75b713	sltiu	x14,x11,1207	 x11:0xadd9a000 x14=0x00000000
        4025000	       401	80000780	00f71e63	bne	x14,x15,8000079c	 x14:0x00000000 x15:0x00000000
        4035000	       402	80000784	411dd333	sra	x6,x27,x17	 x27:0x00000000 x17:0x000006db  x6=0x00000000
        4045000	       403	80000788	88a8b393	sltiu	x7,x17,-1910	 x17:0x000006db  x7=0x00000001
        4055000	       404	8000078c	00f17863	bgeu	x2,x15,8000079c	  x2:0xfffff9d6 x15:0x00000000
        4065000	       405	00000000	00000013	addi	x0,x0,0	  x0:0x00000000
        4075000	       406	80000798	00000013	addi	x0,x0,0	  x0:0x00000000
        4085000	       407	8000079c	e1ff0793	addi	x15,x30,-481	 x30:0x20931710 x15=0x2093152f
        4095000	       408	800007a0	013e5db3	srl	x27,x28,x19	 x28:0x00000000 x19:0x00000000 x27=0x00000000
        4105000	       409	800007a4	64367b93	andi	x23,x12,1603	 x12:0x8000996e x23=0x00000042
        4115000	       410	800007a8	01e80263	beq	x16,x30,800007ac	 x16:0x00000000 x30:0x20931710
        4125000	       411	800007ac	01057e63	bgeu	x10,x16,800007c8	 x10:0x80009fc4 x16:0x00000000
        4135000	       412	00000000	00000013	addi	x0,x0,0	  x0:0x00000000
        4145000	       413	800007c4	00000013	addi	x0,x0,0	  x0:0x00000000
        4155000	       414	800007c8	000d4733	xor	x14,x26,x0	 x26:0x00000000  x0:0x00000000 x14=0x00000000
        4165000	       415	800007cc	00000217	auipc	x4,0x0	  x4=0x800007c8
        4175000	       416	800007d0	3b020213	addi	x4,x4,944	  x4:0x800007c8  x4=0x80000b78
        4185000	       417	800007d4	0a3ccc93	xori	x25,x25,163	 x25:0x00000000 x25=0x000000a3
        4195000	       418	800007d8	006588b3	add	x17,x11,x6	 x11:0xadd9a000  x6:0x00000000 x17=0xadd9a000
        4205000	       419	800007dc	d6b20213	addi	x4,x4,-661	  x4:0x80000b78  x4=0x800008e3
        4215000	       420	800007e0	c18aa193	slti	x3,x21,-1000	 x21:0x00000000  x3=0x00000000
        4225000	       421	800007e4	01ccff33	and	x30,x25,x28	 x25:0x000000a3 x28:0x00000000 x30=0x00000000
        4235000	       422	800007e8	07bf9337	lui	x6,0x7bf9	  x6=0x07bf9000
        4245000	       423	800007ec	972f0137	lui	x2,0x972f0	  x2=0x972f0000
        4255000	       424	800007f0	29520267	jalr	x4,x4,661	  x4:0x800008e3  x4=0x800007f0
        4265000	       425	00000000	00000013	addi	x0,x0,0	  x0:0x00000000
        4275000	       426	80000b78	00000013	addi	x0,x0,0	  x0:0x00000000
        4285000	       427	80000b7c	2eab6c93	ori	x25,x22,746	 x22:0x00000000 x25=0x000002ea
        4295000	       428	80000b80	26174837	lui	x16,0x26174	 x16=0x26174000
        4305000	       429	80000b84	01c20863	beq	x4,x28,80000b94	  x4:0x800007f0 x28:0x00000000
        4315000	       430	80000b88	01bd5d93	srli	x27,x26,0x1b	 x26:0x00000000 x27=0x00000000
        4325000	       431	80000b8c	00000013	addi	x0,x0,0	  x0:0x00000000
        4335000	       432	80000b90	627d7693	andi	x13,x26,1575	 x26:0x00000000 x13=0x00000000
        4345000	       433	80000b94	fc890913	addi	x18,x18,-56	 x18:0x80009f84 x18=0x80009f4c
        4355000	       434	80000b98	3b6a9797	auipc	x15,0x3b6a9	 x15=0xbb6a9b94
        4365000	       435	80000b9c	329a4f13	xori	x30,x20,809	 x20:0x00000000 x30=0x00000329
        4375000	       436	80000ba0	010bfa33	and	x20,x23,x16	 x23:0x00000042 x16:0x26174000 x20=0x00000000
        4385000	       437	80000ba4	00492223	sw	x4,4(x18)	 x18:0x80009f4c  x4:0x800007f0 PA:0x80009f50
        4395000	       438	80000ba8	daa3f593	andi	x11,x7,-598	  x7:0x00000001 x11=0x00000000
        4405000	       439	80000bac	01516ab3	or	x21,x2,x21	  x2:0x972f0000 x21:0x00000000 x21=0x972f0000
        4415000	       440	80000bb0	00000013	addi	x0,x0,0	  x0:0x00000000
        4425000	       441	80000bb4	015e1863	bne	x28,x21,80000bc4	 x28:0x00000000 x21:0x972f0000
        4435000	       442	00000000	00000013	addi	x0,x0,0	  x0:0x00000000
        4445000	       443	80000bc0	00000013	addi	x0,x0,0	  x0:0x00000000
        4455000	       444	80000bc4	0340126f	jal	x4,80000bc4	  x4=0x80000bc4
        4465000	       445	00000000	00000013	addi	x0,x0,0	  x0:0x00000000
        4475000	       446	80001bf4	00000013	addi	x0,x0,0	  x0:0x00000000
        4485000	       447	80001bf8	0175e463	bltu	x11,x23,80001c00	 x11:0x00000000 x23:0x00000042
        4495000	       448	00000000	00000013	addi	x0,x0,0	  x0:0x00000000
        4505000	       449	80001bfc	00000013	addi	x0,x0,0	  x0:0x00000000
        4515000	       450	80001c00	ff490913	addi	x18,x18,-12	 x18:0x80009f4c x18=0x80009f40
        4525000	       451	80001c04	011d9113	slli	x2,x27,0x11	 x27:0x00000000  x2=0x00000000
        4535000	       452	80001c08	00492223	sw	x4,4(x18)	 x18:0x80009f40  x4:0x80000bc4 PA:0x80009f44
        4545000	       453	80001c0c	01d1a3b3	slt	x7,x3,x29	  x3:0x00000000 x29:0x00000000  x7=0x00000000
        4555000	       454	80001c10	c3f40993	addi	x19,x8,-961	  x8:0x00000000 x19=0xfffffc3f
        4565000	       455	80001c14	f1255737	lui	x14,0xf1255	 x14=0xf1255000
        4575000	       456	80001c18	00007117	auipc	x2,0x7	  x2=0x80008c14
        4585000	       457	80001c1c	33c10113	addi	x2,x2,828	  x2:0x80008c14  x2=0x80008f50
        4595000	       458	80001c20	0032b3b3	sltu	x7,x5,x3	  x5:0x00000000  x3:0x00000000  x7=0x00000000
        4605000	       459	80001c24	3a0f6337	lui	x6,0x3a0f6	  x6=0x3a0f6000
        4615000	       460	80001c28	01714cb3	xor	x25,x2,x23	  x2:0x80008f50 x23:0x00000042 x25=0x80008f12
        4625000	       461	80001c2c	eef14203	lbu	x4,-273(x2)	  x2:0x80008f50  x4=0x00000000 PA:0x80008e3f
        4635000	       462	80001c30	01417633	and	x12,x2,x20	  x2:0x80008f50 x20:0x00000000 x12=0x00000000
        4645000	       463	80001c34	02e7b413	sltiu	x8,x15,46	 x15:0xbb6a9b94  x8=0x00000000
        4655000	       464	80001c38	b7510583	lb	x11,-1163(x2)	  x2:0x80008f50 x11=0x00000000 PA:0x80008ac5
        4665000	       465	80001c3c	012104a3	sb	x18,9(x2)	  x2:0x80008f50 x18:0x80009f40 PA:0x80008f59
        4675000	       466	80001c40	fc2107a3	sb	x2,-49(x2)	  x2:0x80008f50  x2:0x80008f50 PA:0x80008f1f
        4685000	       467	80001c44	405387b3	sub	x15,x7,x5	  x7:0x00000000  x5:0x00000000 x15=0x00000000
        4695000	       468	80001c48	8675ef13	ori	x30,x11,-1945	 x11:0x00000000 x30=0xfffff867
        4705000	       469	80001c4c	41a9d333	sra	x6,x19,x26	 x19:0xfffffc3f x26:0x00000000  x6=0xfffffc3f
        4715000	       470	80001c50	001acfb3	xor	x31,x21,x1	 x21:0x972f0000  x1:0x00000000 x31=0x972f0000
        4725000	       471	80001c54	a4214783	lbu	x15,-1470(x2)	  x2:0x80008f50 x15=0x00000000 PA:0x80008992
        4735000	       472	80001c58	97c10d83	lb	x27,-1668(x2)	  x2:0x80008f50 x27=0x00000000 PA:0x800088cc
        4745000	       473	80001c5c	a75f3d13	sltiu	x26,x30,-1419	 x30:0xfffff867 x26=0x00000001
        4755000	       474	80001c60	008ed8b3	srl	x17,x29,x8	 x29:0x00000000  x8:0x00000000 x17=0x00000000
        4765000	       475	80001c64	0162b2b3	sltu	x5,x5,x22	  x5:0x00000000 x22:0x00000000  x5=0x00000000
        4775000	       476	80001c68	36bf6413	ori	x8,x30,875	 x30:0xfffff867  x8=0xfffffb6f
        4785000	       477	80001c6c	0059ec33	or	x24,x19,x5	 x19:0xfffffc3f  x5:0x00000000 x24=0xfffffc3f
        4795000	       478	80001c70	98d14183	lbu	x3,-1651(x2)	  x2:0x80008f50  x3=0x00000000 PA:0x800088dd
        4805000	       479	80001c74	93710403	lb	x8,-1737(x2)	  x2:0x80008f50  x8=0x00000000 PA:0x80008887
        4815000	       480	80001c78	410edfb3	sra	x31,x29,x16	 x29:0x00000000 x16:0x26174000 x31=0x00000000
        4825000	       481	80001c7c	7aadeb37	lui	x22,0x7aade	 x22=0x7aade000
        4835000	       482	80001c80	ba110883	lb	x17,-1119(x2)	  x2:0x80008f50 x17=0x00000000 PA:0x80008af1
        4845000	       483	80001c84	01bad333	srl	x6,x21,x27	 x21:0x972f0000 x27:0x00000000  x6=0x972f0000
        4855000	       484	80001c88	017d43b3	xor	x7,x26,x23	 x26:0x00000001 x23:0x00000042  x7=0x00000043
        4865000	       485	80001c8c	ff912423	sw	x25,-24(x2)	  x2:0x80008f50 x25:0x80008f12 PA:0x80008f38
        4875000	       486	80001c90	0544df97	auipc	x31,0x544d	 x31=0x8544ec8c
        4885000	       487	80001c94	d9a105a3	sb	x26,-629(x2)	  x2:0x80008f50 x26:0x00000001 PA:0x80008cdb
        4895000	       488	80001c98	e988a2b7	lui	x5,0xe988a	  x5=0xe988a000
        4905000	       489	80001c9c	ed012003	lw	x0,-304(x2)	  x2:0x80008f50 PA:0x80008e20
        4915000	       490	80001ca0	d8610f03	lb	x30,-634(x2)	  x2:0x80008f50 x30=0x00000000 PA:0x80008cd6
        4925000	       491	80001ca4	fef14f03	lbu	x30,-17(x2)	  x2:0x80008f50 x30=0x00000000 PA:0x80008f3f
        4935000	       492	80001ca8	01955a13	srli	x20,x10,0x19	 x10:0x80009fc4 x20=0x00000040
        4945000	       493	80001cac	71a5af37	lui	x30,0x71a5a	 x30=0x71a5a000
        4955000	       494	80001cb0	bdc10aa3	sb	x28,-1067(x2)	  x2:0x80008f50 x28:0x00000000 PA:0x80008b25
        4965000	       495	80001cb4	c85107a3	sb	x5,-881(x2)	  x2:0x80008f50  x5:0xe988a000 PA:0x80008bdf
        4975000	       496	80001cb8	c8a11c03	lh	x24,-886(x2)	  x2:0x80008f50 x24=0x00000000 PA:0x80008bda
        4985000	       497	80001cbc	92710d03	lb	x26,-1753(x2)	  x2:0x80008f50 x26=0x00000000 PA:0x80008877
        4995000	       498	80001cc0	a3b14a83	lbu	x21,-1477(x2)	  x2:0x80008f50 x21=0x00000000 PA:0x8000898b
        5005000	       499	80001cc4	018241b3	xor	x3,x4,x24	  x4:0x00000000 x24:0x00000000  x3=0x00000000
        5015000	       500	80001cc8	01fd9733	sll	x14,x27,x31	 x27:0x00000000 x31:0x8544ec8c x14=0x00000000
        5025000	       501	80001ccc	00a8a6b3	slt	x13,x17,x10	 x17:0x00000000 x10:0x80009fc4 x13=0x00000000
        5035000	       502	80001cd0	40695d13	srai	x26,x18,0x6	 x18:0x80009f40 x26=0xfe00027d
        5045000	       503	80001cd4	aff14a83	lbu	x21,-1281(x2)	  x2:0x80008f50 x21=0x00000000 PA:0x80008a4f
        5055000	       504	80001cd8	aaa14283	lbu	x5,-1366(x2)	  x2:0x80008f50  x5=0x00000000 PA:0x800089fa
        5065000	       505	80001cdc	95d10803	lb	x16,-1699(x2)	  x2:0x80008f50 x16=0x00000000 PA:0x800088ad
        5075000	       506	80001ce0	d5314a83	lbu	x21,-685(x2)	  x2:0x80008f50 x21=0x00000000 PA:0x80008ca3
        5085000	       507	80001ce4	00f55833	srl	x16,x10,x15	 x10:0x80009fc4 x15:0x00000000 x16=0x80009fc4
        5095000	       508	80001ce8	dad11823	sh	x13,-592(x2)	  x2:0x80008f50 x13:0x00000000 PA:0x80008d00
        5105000	       509	80001cec	91314f83	lbu	x31,-1773(x2)	  x2:0x80008f50 x31=0x00000000 PA:0x80008863
        5115000	       510	80001cf0	bb614583	lbu	x11,-1098(x2)	  x2:0x80008f50 x11=0x00000000 PA:0x80008b06
        5125000	       511	80001cf4	00006f17	auipc	x30,0x6	 x30=0x80007cf0
        5135000	       512	80001cf8	7c8f0f13	addi	x30,x30,1992	 x30:0x80007cf0 x30=0x800084b8
        5145000	       513	80001cfc	007f0183	lb	x3,7(x30)	 x30:0x800084b8  x3=0x00000000 PA:0x800084bf
        5155000	       514	80001d00	00007d97	auipc	x27,0x7	 x27=0x80008cfc
        5165000	       515	80001d04	9cdd8d93	addi	x27,x27,-1587	 x27:0x80008cfc x27=0x800086c9
        5175000	       516	80001d08	00006717	auipc	x14,0x6	 x14=0x80007d04
        5185000	       517	80001d0c	70570713	addi	x14,x14,1797	 x14:0x80007d04 x14=0x80008409
        5195000	       518	80001d10	007f1623	sh	x7,12(x30)	 x30:0x800084b8  x7:0x00000043 PA:0x800084c4
        5205000	       519	80001d14	000f1e03	lh	x28,0(x30)	 x30:0x800084b8 x28=0x00000000 PA:0x800084b8
        5215000	       520	80001d18	09fd8e23	sb	x31,156(x27)	 x27:0x800086c9 x31:0x00000000 PA:0x80008765
        5225000	       521	80001d1c	ffcd8b83	lb	x23,-4(x27)	 x27:0x800086c9 x23=0x00000000 PA:0x800086c5
        5235000	       522	80001d20	03df0d23	sb	x29,58(x30)	 x30:0x800084b8 x29:0x00000000 PA:0x800084f2
        5245000	       523	80001d24	ddb75f83	lhu	x31,-549(x14)	 x14:0x80008409 x31=0x00000000 PA:0x800081e4
        5255000	       524	80001d28	fc9f0fa3	sb	x9,-33(x30)	 x30:0x800084b8  x9:0xfffffc2e PA:0x80008497
        5265000	       525	80001d2c	00fd8983	lb	x19,15(x27)	 x27:0x800086c9 x19=0x00000000 PA:0x800086d8
        5275000	       526	80001d30	0b874183	lbu	x3,184(x14)	 x14:0x80008409  x3=0x00000000 PA:0x800084c1
        5285000	       527	80001d34	fc1f0fa3	sb	x1,-33(x30)	 x30:0x800084b8  x1:0x00000000 PA:0x80008497
        5295000	       528	80001d38	fc5f04a3	sb	x5,-55(x30)	 x30:0x800084b8  x5:0x00000000 PA:0x80008481
        5305000	       529	80001d3c	0e9dd403	lhu	x8,233(x27)	 x27:0x800086c9  x8=0x00000000 PA:0x800087b2
        5315000	       530	80001d40	f8b75d03	lhu	x26,-117(x14)	 x14:0x80008409 x26=0x00000000 PA:0x80008394
        5325000	       531	80001d44	026f5303	lhu	x6,38(x30)	 x30:0x800084b8  x6=0x00000000 PA:0x800084de
        5335000	       532	80001d48	f39d8423	sb	x25,-216(x27)	 x27:0x800086c9 x25:0x80008f12 PA:0x800085f1
        5345000	       533	80001d4c	004f4983	lbu	x19,4(x30)	 x30:0x800084b8 x19=0x00000000 PA:0x800084bc
        5355000	       534	80001d50	041d8083	lb	x1,65(x27)	 x27:0x800086c9  x1=0x00000000 PA:0x8000870a
        5365000	       535	80001d54	13570a03	lb	x20,309(x14)	 x14:0x80008409 x20=0x00000000 PA:0x8000853e
        5375000	       536	80001d58	0edd9e03	lh	x28,237(x27)	 x27:0x800086c9 x28=0x00000000 PA:0x800087b6
        5385000	       537	80001d5c	014f5a03	lhu	x20,20(x30)	 x30:0x800084b8 x20=0x00000000 PA:0x800084cc
        5395000	       538	80001d60	22970523	sb	x9,554(x14)	 x14:0x80008409  x9:0xfffffc2e PA:0x80008633
        5405000	       539	80001d64	fdfdd783	lhu	x15,-33(x27)	 x27:0x800086c9 x15=0x00000000 PA:0x800086a8
        5415000	       540	80001d68	f1bd9383	lh	x7,-229(x27)	 x27:0x800086c9  x7=0x00000000 PA:0x800085e4
        5425000	       541	80001d6c	00006117	auipc	x2,0x6	  x2=0x80007d68
        5435000	       542	80001d70	41310113	addi	x2,x2,1043	  x2:0x80007d68  x2=0x8000817b
        5445000	       543	80001d74	f3414383	lbu	x7,-204(x2)	  x2:0x8000817b  x7=0x00000000 PA:0x800080af
        5455000	       544	80001d78	fd410f83	lb	x31,-44(x2)	  x2:0x8000817b x31=0x00000000 PA:0x8000814f
        5465000	       545	80001d7c	fd414f03	lbu	x30,-44(x2)	  x2:0x8000817b x30=0x00000000 PA:0x8000814f
        5475000	       546	80001d80	fc310a23	sb	x3,-44(x2)	  x2:0x8000817b  x3:0x00000000 PA:0x8000814f
        5485000	       547	80001d84	fd010a23	sb	x16,-44(x2)	  x2:0x8000817b x16:0x80009fc4 PA:0x8000814f
        5495000	       548	80001d88	fd110a23	sb	x17,-44(x2)	  x2:0x8000817b x17:0x00000000 PA:0x8000814f
        5505000	       549	80001d8c	fe610d03	lb	x26,-26(x2)	  x2:0x8000817b x26=0x00000000 PA:0x80008161
        5515000	       550	80001d90	f6f117a3	sh	x15,-145(x2)	  x2:0x8000817b x15:0x00000000 PA:0x800080ea
        5525000	       551	80001d94	01995833	srl	x16,x18,x25	 x18:0x80009f40 x25:0x80008f12 x16=0x00002000
        5535000	       552	80001d98	f6f11c03	lh	x24,-145(x2)	  x2:0x8000817b x24=0x00000000 PA:0x800080ea
        5545000	       553	80001d9c	fe8103a3	sb	x8,-25(x2)	  x2:0x8000817b  x8:0x00000000 PA:0x80008162
        5555000	       554	80001da0	003a79b3	and	x19,x20,x3	 x20:0x00000000  x3:0x00000000 x19=0x00000000
        5565000	       555	80001da4	fe6113a3	sh	x6,-25(x2)	  x2:0x8000817b  x6:0x00000000 PA:0x80008162
        5575000	       556	80001da8	fe714c03	lbu	x24,-25(x2)	  x2:0x8000817b x24=0x00000000 PA:0x80008162
        5585000	       557	80001dac	02f11383	lh	x7,47(x2)	  x2:0x8000817b  x7=0x00000000 PA:0x800081aa
        5595000	       558	80001db0	03f117a3	sh	x31,47(x2)	  x2:0x8000817b x31:0x00000000 PA:0x800081aa
        5605000	       559	80001db4	0102fa63	bgeu	x5,x16,80001dc8	  x5:0x00000000 x16:0x00002000
        5615000	       560	80001db8	01a2ddb3	srl	x27,x5,x26	  x5:0x00000000 x26:0x00000000 x27=0x00000000
        5625000	       561	80001dbc	dc68ae17	auipc	x28,0xdc68a	 x28=0x5c68bdb8
        5635000	       562	80001dc0	03541063	bne	x8,x21,80001de0	  x8:0x00000000 x21:0x00000000
        5645000	       563	80001dc4	0178a6b3	slt	x13,x17,x23	 x17:0x00000000 x23:0x00000000 x13=0x00000000
        5655000	       564	80001dc8	0302e263	bltu	x5,x16,80001dec	  x5:0x00000000 x16:0x00002000
        5665000	       565	00000000	00000013	addi	x0,x0,0	  x0:0x00000000
        5675000	       566	80001de8	00000013	addi	x0,x0,0	  x0:0x00000000
        5685000	       567	80001dec	01d8f3b3	and	x7,x17,x29	 x17:0x00000000 x29:0x00000000  x7=0x00000000
        5695000	       568	80001df0	01a4f663	bgeu	x9,x26,80001dfc	  x9:0xfffffc2e x26:0x00000000
        5705000	       569	00000000	00000013	addi	x0,x0,0	  x0:0x00000000
        5715000	       570	80001df8	00000013	addi	x0,x0,0	  x0:0x00000000
        5725000	       571	80001dfc	f1cf8e37	lui	x28,0xf1cf8	 x28=0xf1cf8000
        5735000	       572	80001e00	41755813	srai	x16,x10,0x17	 x10:0x80009fc4 x16=0xffffff00
        5745000	       573	80001e04	00aa7f33	and	x30,x20,x10	 x20:0x00000000 x10:0x80009fc4 x30=0x00000000
        5755000	       574	80001e08	127afb13	andi	x22,x21,295	 x21:0x00000000 x22=0x00000000
        5765000	       575	80001e0c	c46d7b93	andi	x23,x26,-954	 x26:0x00000000 x23=0x00000000
        5775000	       576	80001e10	00cddd93	srli	x27,x27,0xc	 x27:0x00000000 x27=0x00000000
        5785000	       577	80001e14	419e5db3	sra	x27,x28,x25	 x28:0xf1cf8000 x25:0x80008f12 x27=0xfffffc73
        5795000	       578	80001e18	00affa63	bgeu	x31,x10,80001e2c	 x31:0x00000000 x10:0x80009fc4
        5805000	       579	80001e1c	53a9b117	auipc	x2,0x53a9b	  x2=0xd3a9ce18
        5815000	       580	80001e20	0148ed33	or	x26,x17,x20	 x17:0x00000000 x20:0x00000000 x26=0x00000000
        5825000	       581	80001e24	0f154b93	xori	x23,x10,241	 x10:0x80009fc4 x23=0x80009f35
        5835000	       582	80001e28	01a26333	or	x6,x4,x26	  x4:0x00000000 x26:0x00000000  x6=0x00000000
        5845000	       583	80001e2c	00000013	addi	x0,x0,0	  x0:0x00000000
        5855000	       584	80001e30	0018e733	or	x14,x17,x1	 x17:0x00000000  x1:0x00000000 x14=0x00000000
        5865000	       585	80001e34	00bf30b3	sltu	x1,x30,x11	 x30:0x00000000 x11:0x00000000  x1=0x00000000
        5875000	       586	80001e38	e6ccfa93	andi	x21,x25,-404	 x25:0x80008f12 x21=0x80008e00
        5885000	       587	80001e3c	010385b3	add	x11,x7,x16	  x7:0x00000000 x16:0xffffff00 x11=0xffffff00
        5895000	       588	80001e40	2650f393	andi	x7,x1,613	  x1:0x00000000  x7=0x00000000
        5905000	       589	80001e44	2d63b393	sltiu	x7,x7,726	  x7:0x00000000  x7=0x00000001
        5915000	       590	80001e48	02cf5863	bge	x30,x12,80001e78	 x30:0x00000000 x12:0x00000000
        5925000	       591	00000000	00000013	addi	x0,x0,0	  x0:0x00000000
        5935000	       592	80001e74	00000013	addi	x0,x0,0	  x0:0x00000000
        5945000	       593	80001e78	7d2b8593	addi	x11,x23,2002	 x23:0x80009f35 x11=0x8000a707
        5955000	       594	80001e7c	408850b3	sra	x1,x16,x8	 x16:0xffffff00  x8:0x00000000  x1=0xffffff00
        5965000	       595	80001e80	00000013	addi	x0,x0,0	  x0:0x00000000
        5975000	       596	80001e84	40e9de13	srai	x28,x19,0xe	 x19:0x00000000 x28=0x00000000
        5985000	       597	80001e88	018188b3	add	x17,x3,x24	  x3:0x00000000 x24:0x00000000 x17=0x00000000
        5995000	       598	80001e8c	00f276b3	and	x13,x4,x15	  x4:0x00000000 x15:0x00000000 x13=0x00000000
        6005000	       599	80001e90	00539433	sll	x8,x7,x5	  x7:0x00000001  x5:0x00000000  x8=0x00000001
        6015000	       600	80001e94	00000013	addi	x0,x0,0	  x0:0x00000000
        6025000	       601	80001e98	00460db3	add	x27,x12,x4	 x12:0x00000000  x4:0x00000000 x27=0x00000000
        6035000	       602	80001e9c	b2596d13	ori	x26,x18,-1243	 x18:0x80009f40 x26=0xffffff65
        6045000	       603	80001ea0	0104dbb3	srl	x23,x9,x16	  x9:0xfffffc2e x16:0xffffff00 x23=0xfffffc2e
        6055000	       604	80001ea4	00000013	addi	x0,x0,0	  x0:0x00000000
        6065000	       605	80001ea8	03117663	bgeu	x2,x17,80001ed4	  x2:0xd3a9ce18 x17:0x00000000
        6075000	       606	00000000	00000013	addi	x0,x0,0	  x0:0x00000000
        6085000	       607	80001ed0	00000013	addi	x0,x0,0	  x0:0x00000000
        6095000	       608	80001ed4	01f332b3	sltu	x5,x6,x31	  x6:0x00000000 x31:0x00000000  x5=0x00000000
        6105000	       609	80001ed8	01a866b3	or	x13,x16,x26	 x16:0xffffff00 x26:0xffffff65 x13=0xffffff65
        6115000	       610	80001edc	00215a93	srli	x21,x2,0x2	  x2:0xd3a9ce18 x21=0x34ea7386
        6125000	       611	80001ee0	4104dd93	srai	x27,x9,0x10	  x9:0xfffffc2e x27=0xffffffff
        6135000	       612	80001ee4	007089b3	add	x19,x1,x7	  x1:0xffffff00  x7:0x00000001 x19=0xffffff01
        6145000	       613	80001ee8	01e88133	add	x2,x17,x30	 x17:0x00000000 x30:0x00000000  x2=0x00000000
        6155000	       614	80001eec	5b7ff717	auipc	x14,0x5b7ff	 x14=0xdb800ee8
        6165000	       615	80001ef0	b2e70393	addi	x7,x14,-1234	 x14:0xdb800ee8  x7=0xdb800a16
        6175000	       616	80001ef4	00a24433	xor	x8,x4,x10	  x4:0x00000000 x10:0x80009fc4  x8=0x80009fc4
        6185000	       617	80001ef8	00e3b0b3	sltu	x1,x7,x14	  x7:0xdb800a16 x14:0xdb800ee8  x1=0x00000001
        6195000	       618	80001efc	04a9d663	bge	x19,x10,80001f48	 x19:0xffffff01 x10:0x80009fc4
        6205000	       619	00000000	00000013	addi	x0,x0,0	  x0:0x00000000
        6215000	       620	80001f44	00000013	addi	x0,x0,0	  x0:0x00000000
        6225000	       621	80001f48	000a45b3	xor	x11,x20,x0	 x20:0x00000000  x0:0x00000000 x11=0x00000000
        6235000	       622	80001f4c	476c4f93	xori	x31,x24,1142	 x24:0x00000000 x31=0x00000476
        6245000	       623	80001f50	0193c633	xor	x12,x7,x25	  x7:0xdb800a16 x25:0x80008f12 x12=0x5b808504
        6255000	       624	80001f54	025a4e63	blt	x20,x5,80001f90	 x20:0x00000000  x5:0x00000000
        6265000	       625	80001f58	3744bd93	sltiu	x27,x9,884	  x9:0xfffffc2e x27=0x00000000
        6275000	       626	80001f5c	c845a693	slti	x13,x11,-892	 x11:0x00000000 x13=0x00000000
        6285000	       627	80001f60	2a0b9fb7	lui	x31,0x2a0b9	 x31=0x2a0b9000
        6295000	       628	80001f64	000a4d33	xor	x26,x20,x0	 x20:0x00000000  x0:0x00000000 x26=0x00000000
        6305000	       629	80001f68	cf714613	xori	x12,x2,-777	  x2:0x00000000 x12=0xfffffcf7
        6315000	       630	80001f6c	01419233	sll	x4,x3,x20	  x3:0x00000000 x20:0x00000000  x4=0x00000000
        6325000	       631	80001f70	c0480713	addi	x14,x16,-1020	 x16:0xffffff00 x14=0xfffffb04
        6335000	       632	80001f74	cc8ba393	slti	x7,x23,-824	 x23:0xfffffc2e  x7=0x00000001
        6345000	       633	80001f78	014d4c33	xor	x24,x26,x20	 x26:0x00000000 x20:0x00000000 x24=0x00000000
        6355000	       634	80001f7c	b52b7097	auipc	x1,0xb52b7	  x1=0x352b8f78
        6365000	       635	80001f80	0066f463	bgeu	x13,x6,80001f88	 x13:0x00000000  x6:0x00000000
        6375000	       636	00000000	00000013	addi	x0,x0,0	  x0:0x00000000
        6385000	       637	80001f84	00000013	addi	x0,x0,0	  x0:0x00000000
        6395000	       638	80001f88	1ece4293	xori	x5,x28,492	 x28:0x00000000  x5=0x000001ec
        6405000	       639	80001f8c	01024c33	xor	x24,x4,x16	  x4:0x00000000 x16:0xffffff00 x24=0xffffff00
        6415000	       640	80001f90	00529333	sll	x6,x5,x5	  x5:0x000001ec  x5:0x000001ec  x6=0x001ec000
        6425000	       641	80001f94	00492203	lw	x4,4(x18)	 x18:0x80009f40  x4=0x80000bc4 PA:0x80009f44
        6435000	       642	80001f98	4197d9b3	sra	x19,x15,x25	 x15:0x00000000 x25:0x80008f12 x19=0x00000000
        6445000	       643	80001f9c	00c90913	addi	x18,x18,12	 x18:0x80009f40 x18=0x80009f4c
        6455000	       644	80001fa0	e5272bb7	lui	x23,0xe5272	 x23=0xe5272000
        6465000	       645	80001fa4	29f0a593	slti	x11,x1,671	  x1:0x352b8f78 x11=0x00000000
        6475000	       646	80001fa8	01e29713	slli	x14,x5,0x1e	  x5:0x000001ec x14=0x00000000
        6485000	       647	80001fac	5f42c193	xori	x3,x5,1524	  x5:0x000001ec  x3=0x00000418
        6495000	       648	80001fb0	af84e893	ori	x17,x9,-1288	  x9:0xfffffc2e x17=0xfffffefe
        6505000	       649	80001fb4	015d16b3	sll	x13,x26,x21	 x26:0x00000000 x21:0x34ea7386 x13=0x00000000
        6515000	       650	80001fb8	29c94713	xori	x14,x18,668	 x18:0x80009f4c x14=0x80009dd0
        6525000	       651	80001fbc	00b11093	slli	x1,x2,0xb	  x2:0x00000000  x1=0x00000000
        6535000	       652	80001fc0	01a77b33	and	x22,x14,x26	 x14:0x80009dd0 x26:0x00000000 x22=0x00000000
        6545000	       653	80001fc4	00020313	addi	x6,x4,0	  x4:0x80000bc4  x6=0x80000bc4
        6555000	       654	80001fc8	00030367	jalr	x6,x6,0	  x6:0x80000bc4  x6=0x80001fc8
        6565000	       655	00000000	00000013	addi	x0,x0,0	  x0:0x00000000
        6575000	       656	80000bc4	00000013	addi	x0,x0,0	  x0:0x00000000
        6585000	       657	80000bc8	00008b97	auipc	x23,0x8	 x23=0x80008bc4
        6595000	       658	80000bcc	218b8b93	addi	x23,x23,536	 x23:0x80008bc4 x23=0x80008ddc
        6605000	       659	80000bd0	f4abcc03	lbu	x24,-182(x23)	 x23:0x80008ddc x24=0x00000000 PA:0x80008d26
        6615000	       660	80000bd4	255fe813	ori	x16,x31,597	 x31:0x2a0b9000 x16=0x2a0b9255
        6625000	       661	80000bd8	5df96f13	ori	x30,x18,1503	 x18:0x80009f4c x30=0x80009fdf
        6635000	       662	80000bdc	d47f2793	slti	x15,x30,-697	 x30:0x80009fdf x15=0x00000001
        6645000	       663	80000be0	01207f33	and	x30,x0,x18	  x0:0x00000000 x18:0x80009f4c x30=0x00000000
        6655000	       664	80000be4	eaebd303	lhu	x6,-338(x23)	 x23:0x80008ddc  x6=0x00000000 PA:0x80008c8a
        6665000	       665	80000be8	195b8c03	lb	x24,405(x23)	 x23:0x80008ddc x24=0x00000000 PA:0x80008f71
        6675000	       666	80000bec	b71b8983	lb	x19,-1167(x23)	 x23:0x80008ddc x19=0x00000000 PA:0x8000894d
        6685000	       667	80000bf0	e7ab9723	sh	x26,-402(x23)	 x23:0x80008ddc x26:0x00000000 PA:0x80008c4a
        6695000	       668	80000bf4	c0cbd103	lhu	x2,-1012(x23)	 x23:0x80008ddc  x2=0x00000000 PA:0x800089e8
        6705000	       669	80000bf8	e67b8583	lb	x11,-409(x23)	 x23:0x80008ddc x11=0x00000000 PA:0x80008c43
        6715000	       670	00000000	00000013	addi	x0,x0,0	  x0:0x00000000
        6725000	       671	80000bfc	3345b893	sltiu	x17,x11,820	 x11:0x00000000 x17=0x00000001
        6735000	       672	80000c00	af0bc783	lbu	x15,-1296(x23)	 x23:0x80008ddc x15=0x00000000 PA:0x800088cc
        6745000	       673	80000c04	0106d613	srli	x12,x13,0x10	 x13:0x00000000 x12=0x00000000
        6755000	       674	80000c08	c1eb8003	lb	x0,-994(x23)	 x23:0x80008ddc PA:0x800089fa
        6765000	       675	80000c0c	c3760993	addi	x19,x12,-969	 x12:0x00000000 x19=0xfffffc37
        6775000	       676	80000c10	b127b013	sltiu	x0,x15,-1262	 x15:0x00000000
        6785000	       677	80000c14	b57b87a3	sb	x23,-1201(x23)	 x23:0x80008ddc x23:0x80008ddc PA:0x8000892b
        6795000	       678	80000c18	003c2433	slt	x8,x24,x3	 x24:0x00000000  x3:0x00000418  x8=0x00000001
        6805000	       679	80000c1c	169bcb03	lbu	x22,361(x23)	 x23:0x80008ddc x22=0x00000000 PA:0x80008f45
        6815000	       680	80000c20	00883d33	sltu	x26,x16,x8	 x16:0x2a0b9255  x8:0x00000001 x26=0x00000000
        6825000	       681	80000c24	cffbc303	lbu	x6,-769(x23)	 x23:0x80008ddc  x6=0x00000000 PA:0x80008adb
        6835000	       682	80000c28	b61b8883	lb	x17,-1183(x23)	 x23:0x80008ddc x17=0x00000000 PA:0x8000893d
        6845000	       683	80000c2c	f25b8923	sb	x5,-206(x23)	 x23:0x80008ddc  x5:0x000001ec PA:0x80008d0e
        6855000	       684	80000c30	df6b8c03	lb	x24,-522(x23)	 x23:0x80008ddc x24=0x00000000 PA:0x80008bd2
        6865000	       685	80000c34	deeb9023	sh	x14,-544(x23)	 x23:0x80008ddc x14:0x80009dd0 PA:0x80008bbc
        6875000	       686	80000c38	20bb8d83	lb	x27,523(x23)	 x23:0x80008ddc x27=0x00000000 PA:0x80008fe7
        6885000	       687	80000c3c	4071d793	srai	x15,x3,0x7	  x3:0x00000418 x15=0x00000008
        6895000	       688	80000c40	d8cb9d03	lh	x26,-628(x23)	 x23:0x80008ddc x26=0x00000000 PA:0x80008b68
        6905000	       689	80000c44	ea1bc283	lbu	x5,-351(x23)	 x23:0x80008ddc  x5=0x00000000 PA:0x80008c7d
        6915000	       690	80000c48	e22b8683	lb	x13,-478(x23)	 x23:0x80008ddc x13=0x00000000 PA:0x80008bfe
        6925000	       691	80000c4c	006099b3	sll	x19,x1,x6	  x1:0x00000000  x6:0x00000000 x19=0x00000000
        6935000	       692	80000c50	081b9423	sh	x1,136(x23)	 x23:0x80008ddc  x1:0x00000000 PA:0x80008e64
        6945000	       693	80000c54	00008117	auipc	x2,0x8	  x2=0x80008c50
        6955000	       694	80000c58	28a10113	addi	x2,x2,650	  x2:0x80008c50  x2=0x80008eda
        6965000	       695	80000c5c	f2010c03	lb	x24,-224(x2)	  x2:0x80008eda x24=0x00000000 PA:0x80008dfa
        6975000	       696	80000c60	f2014283	lbu	x5,-224(x2)	  x2:0x80008eda  x5=0x00000000 PA:0x80008dfa
        6985000	       697	80000c64	019cae33	slt	x28,x25,x25	 x25:0x80008f12 x25:0x80008f12 x28=0x00000000
        6995000	       698	80000c68	00890fb3	add	x31,x18,x8	 x18:0x80009f4c  x8:0x00000001 x31=0x80009f4d
        7005000	       699	80000c6c	f2010983	lb	x19,-224(x2)	  x2:0x80008eda x19=0x00000000 PA:0x80008dfa
        7015000	       700	80000c70	f2015303	lhu	x6,-224(x2)	  x2:0x80008eda  x6=0x00000000 PA:0x80008dfa
        7025000	       701	80000c74	f2011003	lh	x0,-224(x2)	  x2:0x80008eda PA:0x80008dfa
        7035000	       702	80000c78	f3711023	sh	x23,-224(x2)	  x2:0x80008eda x23:0x80008ddc PA:0x80008dfa
        7045000	       703	80000c7c	f2011f03	lh	x30,-224(x2)	  x2:0x80008eda x30=0xffff8ddc PA:0x80008dfa
        7055000	       704	80000c80	f2011703	lh	x14,-224(x2)	  x2:0x80008eda x14=0xffff8ddc PA:0x80008dfa
        7065000	       705	80000c84	fec10123	sb	x12,-30(x2)	  x2:0x80008eda x12:0x00000000 PA:0x80008ebc
        7075000	       706	80000c88	fe215a83	lhu	x21,-30(x2)	  x2:0x80008eda x21=0x00000000 PA:0x80008ebc
        7085000	       707	80000c8c	00008d17	auipc	x26,0x8	 x26=0x80008c88
        7095000	       708	80000c90	ee1d0d13	addi	x26,x26,-287	 x26:0x80008c88 x26=0x80008b69
        7105000	       709	80000c94	00008097	auipc	x1,0x8	  x1=0x80008c90
        7115000	       710	80000c98	fb408093	addi	x1,x1,-76	  x1:0x80008c90  x1=0x80008c44
        7125000	       711	80000c9c	00008417	auipc	x8,0x8	  x8=0x80008c98
        7135000	       712	80000ca0	ff540413	addi	x8,x8,-11	  x8:0x80008c98  x8=0x80008c8d
        7145000	       713	80000ca4	00008a97	auipc	x21,0x8	 x21=0x80008ca0
        7155000	       714	80000ca8	291a8a93	addi	x21,x21,657	 x21:0x80008ca0 x21=0x80008f31
        7165000	       715	80000cac	cb7d1483	lh	x9,-841(x26)	 x26:0x80008b69  x9=0x00000000 PA:0x80008820
        7175000	       716	80000cb0	02b44203	lbu	x4,43(x8)	  x8:0x80008c8d  x4=0x00000000 PA:0x80008cb8
        7185000	       717	80000cb4	00008997	auipc	x19,0x8	 x19=0x80008cb0
        7195000	       718	80000cb8	e6e98993	addi	x19,x19,-402	 x19:0x80008cb0 x19=0x80008b1e
        7205000	       719	80000cbc	ff49c103	lbu	x2,-12(x19)	 x19:0x80008b1e  x2=0x00000000 PA:0x80008b12
        7215000	       720	80000cc0	02a08ea3	sb	x10,61(x1)	  x1:0x80008c44 x10:0x80009fc4 PA:0x80008c81
        7225000	       721	80000cc4	ff19c783	lbu	x15,-15(x19)	 x19:0x80008b1e x15=0x00000000 PA:0x80008b0f
        7235000	       722	80000cc8	ff4a8003	lb	x0,-12(x21)	 x21:0x80008f31 PA:0x80008f25
        7245000	       723	80000ccc	00941da3	sh	x9,27(x8)	  x8:0x80008c8d  x9:0x00000000 PA:0x80008ca8
        7255000	       724	80000cd0	00898883	lb	x17,8(x19)	 x19:0x80008b1e x17=0x00000000 PA:0x80008b26
        7265000	       725	80000cd4	3ded16a3	sh	x30,973(x26)	 x26:0x80008b69 x30:0xffff8ddc PA:0x80008f36
        7275000	       726	80000cd8	00aa8423	sb	x10,8(x21)	 x21:0x80008f31 x10:0x80009fc4 PA:0x80008f39
        7285000	       727	80000cdc	00444e03	lbu	x28,4(x8)	  x8:0x80008c8d x28=0x00000000 PA:0x80008c91
        7295000	       728	80000ce0	fd60cf83	lbu	x31,-42(x1)	  x1:0x80008c44 x31=0x00000000 PA:0x80008c1a
        7305000	       729	80000ce4	d61d5483	lhu	x9,-671(x26)	 x26:0x80008b69  x9=0x00000000 PA:0x800088ca
        7315000	       730	80000ce8	004a8003	lb	x0,4(x21)	 x21:0x80008f31 PA:0x80008f35
        7325000	       731	80000cec	00098d83	lb	x27,0(x19)	 x19:0x80008b1e x27=0x00000000 PA:0x80008b1e
        7335000	       732	80000cf0	fd944a03	lbu	x20,-39(x8)	  x8:0x80008c8d x20=0x00000000 PA:0x80008c66
        7345000	       733	80000cf4	f440d783	lhu	x15,-188(x1)	  x1:0x80008c44 x15=0x00000000 PA:0x80008b88
        7355000	       734	80000cf8	03bd1683	lh	x13,59(x26)	 x26:0x80008b69 x13=0x00000000 PA:0x80008ba4
        7365000	       735	80000cfc	0ea0c483	lbu	x9,234(x1)	  x1:0x80008c44  x9=0x00000000 PA:0x80008d2e
        7375000	       736	80000d00	ff1a8e03	lb	x28,-15(x21)	 x21:0x80008f31 x28=0x00000000 PA:0x80008f22
        7385000	       737	80000d04	221d5f83	lhu	x31,545(x26)	 x26:0x80008b69 x31=0x00000000 PA:0x80008d8a
        7395000	       738	80000d08	00f9cb83	lbu	x23,15(x19)	 x19:0x80008b1e x23=0x00000000 PA:0x80008b2d
        7405000	       739	80000d0c	f390c303	lbu	x6,-199(x1)	  x1:0x80008c44  x6=0x00000000 PA:0x80008b7d
        7415000	       740	80000d10	fdb08323	sb	x27,-58(x1)	  x1:0x80008c44 x27:0x00000000 PA:0x80008c0a
        7425000	       741	80000d14	016a8523	sb	x22,10(x21)	 x21:0x80008f31 x22:0x00000000 PA:0x80008f3b
        7435000	       742	80000d18	07309c23	sh	x19,120(x1)	  x1:0x80008c44 x19:0x80008b1e PA:0x80008cbc
        7445000	       743	80000d1c	093d5b83	lhu	x23,147(x26)	 x26:0x80008b69 x23=0x00000000 PA:0x80008bfc
        7455000	       744	80000d20	fbd0ca03	lbu	x20,-67(x1)	  x1:0x80008c44 x20=0x00000000 PA:0x80008c01
        7465000	       745	80000d24	ffa408a3	sb	x26,-15(x8)	  x8:0x80008c8d x26:0x80008b69 PA:0x80008c7e
        7475000	       746	80000d28	ec8d08a3	sb	x8,-303(x26)	 x26:0x80008b69  x8:0x80008c8d PA:0x80008a3a
        7485000	       747	80000d2c	0d8087a3	sb	x24,207(x1)	  x1:0x80008c44 x24:0x00000000 PA:0x80008d13
        7495000	       748	80000d30	1b5d5a03	lhu	x20,437(x26)	 x26:0x80008b69 x20=0x00000000 PA:0x80008d1e
        7505000	       749	80000d34	09a09583	lh	x11,154(x1)	  x1:0x80008c44 x11=0x00000000 PA:0x80008cde
        7515000	       750	80000d38	32ed0303	lb	x6,814(x26)	 x26:0x80008b69  x6=0x00000000 PA:0x80008e97
        7525000	       751	80000d3c	45dd0283	lb	x5,1117(x26)	 x26:0x80008b69  x5=0x00000000 PA:0x80008fc6
        7535000	       752	80000d40	ff4a8a03	lb	x20,-12(x21)	 x21:0x80008f31 x20=0x00000000 PA:0x80008f25
        7545000	       753	80000d44	00008f97	auipc	x31,0x8	 x31=0x80008d40
        7555000	       754	80000d48	b7cf8f93	addi	x31,x31,-1156	 x31:0x80008d40 x31=0x800088bc
        7565000	       755	80000d4c	b4d5ec13	ori	x24,x11,-1203	 x11:0x00000000 x24=0xfffffb4d
        7575000	       756	80000d50	019f5213	srli	x4,x30,0x19	 x30:0xffff8ddc  x4=0x0000007f
        7585000	       757	80000d54	001f8a03	lb	x20,1(x31)	 x31:0x800088bc x20=0x00000000 PA:0x800088bd
        7595000	       758	80000d58	7b568313	addi	x6,x13,1973	 x13:0x00000000  x6=0x000007b5
        7605000	       759	80000d5c	ff6fda83	lhu	x21,-10(x31)	 x31:0x800088bc x21=0x00000000 PA:0x800088b2
        7615000	       760	80000d60	b91587b7	lui	x15,0xb9158	 x15=0xb9158000
        7625000	       761	80000d64	ffcfc803	lbu	x16,-4(x31)	 x31:0x800088bc x16=0x00000000 PA:0x800088b8
        7635000	       762	80000d68	00000013	addi	x0,x0,0	  x0:0x00000000
        7645000	       763	80000d6c	018fa023	sw	x24,0(x31)	 x31:0x800088bc x24:0xfffffb4d PA:0x800088bc
        7655000	       764	80000d70	00df8983	lb	x19,13(x31)	 x31:0x800088bc x19=0x00000000 PA:0x800088c9
        7665000	       765	80000d74	41f15a13	srai	x20,x2,0x1f	  x2:0x00000000 x20=0x00000000
        7675000	       766	80000d78	01278c33	add	x24,x15,x18	 x15:0xb9158000 x18:0x80009f4c x24=0x39161f4c
        7685000	       767	80000d7c	00740db3	add	x27,x8,x7	  x8:0x80008c8d  x7:0x00000001 x27=0x80008c8e
        7695000	       768	80000d80	00afc083	lbu	x1,10(x31)	 x31:0x800088bc  x1=0x00000000 PA:0x800088c6
        7705000	       769	80000d84	014f81a3	sb	x20,3(x31)	 x31:0x800088bc x20:0x00000000 PA:0x800088bf
        7715000	       770	80000d88	ff7f8b03	lb	x22,-9(x31)	 x31:0x800088bc x22=0x00000000 PA:0x800088b3
        7725000	       771	80000d8c	ffbf9f23	sh	x27,-2(x31)	 x31:0x800088bc x27:0x80008c8e PA:0x800088ba
        7735000	       772	80000d90	40035893	srai	x17,x6,0x0	  x6:0x000007b5 x17=0x000007b5
        7745000	       773	80000d94	400e5d93	srai	x27,x28,0x0	 x28:0x00000000 x27=0x00000000
        7755000	       774	80000d98	36e968b7	lui	x17,0x36e96	 x17=0x36e96000
        7765000	       775	80000d9c	013d9813	slli	x16,x27,0x13	 x27:0x00000000 x16=0x00000000
        7775000	       776	80000da0	00ffc483	lbu	x9,15(x31)	 x31:0x800088bc  x9=0x00000000 PA:0x800088cb
        7785000	       777	80000da4	007f8b03	lb	x22,7(x31)	 x31:0x800088bc x22=0x00000000 PA:0x800088c3
        7795000	       778	80000da8	000f8783	lb	x15,0(x31)	 x31:0x800088bc x15=0x0000004d PA:0x800088bc
        7805000	       779	00000000	00000013	addi	x0,x0,0	  x0:0x00000000
        7815000	       780	80000dac	41c7d233	sra	x4,x15,x28	 x15:0x0000004d x28:0x00000000  x4=0x0000004d
        7825000	       781	80000db0	ffdf88a3	sb	x29,-15(x31)	 x31:0x800088bc x29:0x00000000 PA:0x800088ad
        7835000	       782	80000db4	ff7f8183	lb	x3,-9(x31)	 x31:0x800088bc  x3=0x00000000 PA:0x800088b3
        7845000	       783	80000db8	010fca83	lbu	x21,16(x31)	 x31:0x800088bc x21=0x00000000 PA:0x800088cc
        7855000	       784	80000dbc	fe1f9f23	sh	x1,-2(x31)	 x31:0x800088bc  x1:0x00000000 PA:0x800088ba
        7865000	       785	80000dc0	01af83a3	sb	x26,7(x31)	 x31:0x800088bc x26:0x80008b69 PA:0x800088c3
        7875000	       786	80000dc4	0050a4b3	slt	x9,x1,x5	  x1:0x00000000  x5:0x00000000  x9=0x00000000
        7885000	       787	80000dc8	5be5f217	auipc	x4,0x5be5f	  x4=0xdbe5fdc4
        7895000	       788	80000dcc	00cfc983	lbu	x19,12(x31)	 x31:0x800088bc x19=0x00000000 PA:0x800088c8
        7905000	       789	80000dd0	ff5f8b03	lb	x22,-11(x31)	 x31:0x800088bc x22=0x00000000 PA:0x800088b1
        7915000	       790	80000dd4	4864ed93	ori	x27,x9,1158	  x9:0x00000000 x27=0x00000486
        7925000	       791	80000dd8	018e57b3	srl	x15,x28,x24	 x28:0x00000000 x24:0x39161f4c x15=0x00000000
        7935000	       792	80000ddc	01ebd333	srl	x6,x23,x30	 x23:0x00000000 x30:0xffff8ddc  x6=0x00000000
        7945000	       793	80000de0	a33f7413	andi	x8,x30,-1485	 x30:0xffff8ddc  x8=0xffff8810
        7955000	       794	80000de4	010fa423	sw	x16,8(x31)	 x31:0x800088bc x16:0x00000000 PA:0x800088c4
        7965000	       795	80000de8	cc537017	auipc	x0,0xcc537	
        7975000	       796	80000dec	009e97b3	sll	x15,x29,x9	 x29:0x00000000  x9:0x00000000 x15=0x00000000
        7985000	       797	80000df0	005fc003	lbu	x0,5(x31)	 x31:0x800088bc PA:0x800088c1
        7995000	       798	80000df4	fecfac23	sw	x12,-8(x31)	 x31:0x800088bc x12:0x00000000 PA:0x800088b4
        8005000	       799	80000df8	001fa023	sw	x1,0(x31)	 x31:0x800088bc  x1:0x00000000 PA:0x800088bc
        8015000	       800	80000dfc	007fc203	lbu	x4,7(x31)	 x31:0x800088bc  x4=0x00000069 PA:0x800088c3
        8025000	       801	80000e00	9b4a0b13	addi	x22,x20,-1612	 x20:0x00000000 x22=0xfffff9b4
        8035000	       802	80000e04	ff3f8603	lb	x12,-13(x31)	 x31:0x800088bc x12=0x00000000 PA:0x800088af
        8045000	       803	80000e08	ff2f9923	sh	x18,-14(x31)	 x31:0x800088bc x18:0x80009f4c PA:0x800088ae
        8055000	       804	80000e0c	ff0f8a23	sb	x16,-12(x31)	 x31:0x800088bc x16:0x00000000 PA:0x800088b0
        8065000	       805	80000e10	4086d413	srai	x8,x13,0x8	 x13:0x00000000  x8=0x00000000
        8075000	       806	80000e14	00cf8c03	lb	x24,12(x31)	 x31:0x800088bc x24=0x00000000 PA:0x800088c8
        8085000	       807	80000e18	fe4f88a3	sb	x4,-15(x31)	 x31:0x800088bc  x4:0x00000069 PA:0x800088ad
        8095000	       808	80000e1c	00007317	auipc	x6,0x7	  x6=0x80007e18
        8105000	       809	80000e20	55e30313	addi	x6,x6,1374	  x6:0x80007e18  x6=0x80008376
        8115000	       810	80000e24	413a8433	sub	x8,x21,x19	 x21:0x00000000 x19:0x00000000  x8=0x00000000
        8125000	       811	80000e28	83f39197	auipc	x3,0x83f39	  x3=0x03f39e24
        8135000	       812	80000e2c	403601b3	sub	x3,x12,x3	 x12:0x00000000  x3:0x03f39e24  x3=0xfc0c61dc
        8145000	       813	80000e30	00421413	slli	x8,x4,0x4	  x4:0x00000069  x8=0x00000690
        8155000	       814	80000e34	da4b3b93	sltiu	x23,x22,-604	 x22:0xfffff9b4 x23=0x00000001
        8165000	       815	80000e38	d6934c83	lbu	x25,-663(x6)	  x6:0x80008376 x25=0x00000000 PA:0x800080df
        8175000	       816	80000e3c	00d577b3	and	x15,x10,x13	 x10:0x80009fc4 x13:0x00000000 x15=0x00000000
        8185000	       817	80000e40	019c1b33	sll	x22,x24,x25	 x24:0x00000000 x25:0x00000000 x22=0x00000000
        8195000	       818	80000e44	09d30623	sb	x29,140(x6)	  x6:0x80008376 x29:0x00000000 PA:0x80008402
        8205000	       819	80000e48	403dd293	srai	x5,x27,0x3	 x27:0x00000486  x5=0x00000090
        8215000	       820	80000e4c	40f75a33	sra	x20,x14,x15	 x14:0xffff8ddc x15:0x00000000 x20=0xffff8ddc
        8225000	       821	80000e50	f7d30a03	lb	x20,-131(x6)	  x6:0x80008376 x20=0x00000000 PA:0x800082f3
        8235000	       822	80000e54	41310133	sub	x2,x2,x19	  x2:0x00000000 x19:0x00000000  x2=0x00000000
        8245000	       823	80000e58	018b72b3	and	x5,x22,x24	 x22:0x00000000 x24:0x00000000  x5=0x00000000
        8255000	       824	80000e5c	01519193	slli	x3,x3,0x15	  x3:0xfc0c61dc  x3=0x3b800000
        8265000	       825	80000e60	f0b22f93	slti	x31,x4,-245	  x4:0x00000069 x31=0x00000000
        8275000	       826	80000e64	dc534803	lbu	x16,-571(x6)	  x6:0x80008376 x16=0x00000000 PA:0x8000813b
        8285000	       827	80000e68	e0b30ea3	sb	x11,-483(x6)	  x6:0x80008376 x11:0x00000000 PA:0x80008193
        8295000	       828	80000e6c	d6a31d03	lh	x26,-662(x6)	  x6:0x80008376 x26=0x00000000 PA:0x800080e0
        8305000	       829	80000e70	40c456b3	sra	x13,x8,x12	  x8:0x00000690 x12:0x00000000 x13=0x00000690
        8315000	       830	80000e74	d0232983	lw	x19,-766(x6)	  x6:0x80008376 x19=0x00000000 PA:0x80008078
        8325000	       831	80000e78	0105de13	srli	x28,x11,0x10	 x11:0x00000000 x28=0x00000000
        8335000	       832	80000e7c	41dbd233	sra	x4,x23,x29	 x23:0x00000001 x29:0x00000000  x4=0x00000001
        8345000	       833	80000e80	d2b34783	lbu	x15,-725(x6)	  x6:0x80008376 x15=0x00000000 PA:0x800080a1
        8355000	       834	80000e84	16334a83	lbu	x21,355(x6)	  x6:0x80008376 x21=0x00000000 PA:0x800084d9
        8365000	       835	80000e88	00000013	addi	x0,x0,0	  x0:0x00000000
        8375000	       836	80000e8c	00000013	addi	x0,x0,0	  x0:0x00000000
        8385000	       837	80000e90	1ce35103	lhu	x2,462(x6)	  x6:0x80008376  x2=0x00000000 PA:0x80008544
        8395000	       838	80000e94	003a4433	xor	x8,x20,x3	 x20:0x00000000  x3:0x3b800000  x8=0x3b800000
        8405000	       839	80000e98	41725833	sra	x16,x4,x23	  x4:0x00000001 x23:0x00000001 x16=0x00000000
        8415000	       840	80000e9c	2f230f03	lb	x30,754(x6)	  x6:0x80008376 x30=0x00000000 PA:0x80008668
        8425000	       841	80000ea0	18330c23	sb	x3,408(x6)	  x6:0x80008376  x3:0x3b800000 PA:0x8000850e
        8435000	       842	80000ea4	000c18b3	sll	x17,x24,x0	 x24:0x00000000  x0:0x00000000 x17=0x00000000
        8445000	       843	80000ea8	38f0c993	xori	x19,x1,911	  x1:0x00000000 x19=0x0000038f
        8455000	       844	80000eac	29730883	lb	x17,663(x6)	  x6:0x80008376 x17=0x00000000 PA:0x8000860d
        8465000	       845	80000eb0	2b430a83	lb	x21,692(x6)	  x6:0x80008376 x21=0x00000000 PA:0x8000862a
        8475000	       846	80000eb4	10103693	sltiu	x13,x0,257	  x0:0x00000000 x13=0x00000001
        8485000	       847	80000eb8	f5c31603	lh	x12,-164(x6)	  x6:0x80008376 x12=0x00000000 PA:0x800082d2
        8495000	       848	80000ebc	3f435603	lhu	x12,1012(x6)	  x6:0x80008376 x12=0x00000000 PA:0x8000876a
        8505000	       849	80000ec0	e14304a3	sb	x20,-503(x6)	  x6:0x80008376 x20:0x00000000 PA:0x8000817f
        8515000	       850	80000ec4	ea631783	lh	x15,-346(x6)	  x6:0x80008376 x15=0x00000000 PA:0x8000821c
        8525000	       851	80000ec8	00007b17	auipc	x22,0x7	 x22=0x80007ec4
        8535000	       852	80000ecc	520b0b13	addi	x22,x22,1312	 x22:0x80007ec4 x22=0x800083e4
        8545000	       853	80000ed0	00007097	auipc	x1,0x7	  x1=0x80007ecc
        8555000	       854	80000ed4	55608093	addi	x1,x1,1366	  x1:0x80007ecc  x1=0x80008422
        8565000	       855	80000ed8	34bb4703	lbu	x14,843(x22)	 x22:0x800083e4 x14=0x00000000 PA:0x8000872f
        8575000	       856	80000edc	0030cc83	lbu	x25,3(x1)	  x1:0x80008422 x25=0x00000000 PA:0x80008425
        8585000	       857	80000ee0	ffd0c383	lbu	x7,-3(x1)	  x1:0x80008422  x7=0x00000000 PA:0x8000841f
        8595000	       858	80000ee4	f30b4803	lbu	x16,-208(x22)	 x22:0x800083e4 x16=0x00000000 PA:0x80008314
        8605000	       859	80000ee8	ffc08103	lb	x2,-4(x1)	  x1:0x80008422  x2=0x00000000 PA:0x8000841e
        8615000	       860	80000eec	00c09d83	lh	x27,12(x1)	  x1:0x80008422 x27=0x00000000 PA:0x8000842e
        8625000	       861	80000ef0	3a1b07a3	sb	x1,943(x22)	 x22:0x800083e4  x1:0x80008422 PA:0x80008793
        8635000	       862	80000ef4	db9b01a3	sb	x25,-605(x22)	 x22:0x800083e4 x25:0x00000000 PA:0x80008187
        8645000	       863	80000ef8	defb0a03	lb	x20,-529(x22)	 x22:0x800083e4 x20=0x00000000 PA:0x800081d3
        8655000	       864	80000efc	0020a003	lw	x0,2(x1)	  x1:0x80008422 PA:0x80008424
        8665000	       865	80000f00	fe3b0c23	sb	x3,-8(x22)	 x22:0x800083e4  x3:0x3b800000 PA:0x800083dc
        8675000	       866	80000f04	fa7b00a3	sb	x7,-95(x22)	 x22:0x800083e4  x7:0x00000000 PA:0x80008385
        8685000	       867	80000f08	0070c183	lbu	x3,7(x1)	  x1:0x80008422  x3=0x00000000 PA:0x80008429
        8695000	       868	80000f0c	00008b17	auipc	x22,0x8	 x22=0x80008f08
        8705000	       869	80000f10	c05b0b13	addi	x22,x22,-1019	 x22:0x80008f08 x22=0x80008b0d
        8715000	       870	80000f14	00008417	auipc	x8,0x8	  x8=0x80008f10
        8725000	       871	80000f18	ff840413	addi	x8,x8,-8	  x8:0x80008f10  x8=0x80008f08
        8735000	       872	80000f1c	fdcb4c83	lbu	x25,-36(x22)	 x22:0x80008b0d x25=0x00000000 PA:0x80008ae9
        8745000	       873	80000f20	00008997	auipc	x19,0x8	 x19=0x80008f1c
        8755000	       874	80000f24	eea98993	addi	x19,x19,-278	 x19:0x80008f1c x19=0x80008e06
        8765000	       875	80000f28	07e41c03	lh	x24,126(x8)	  x8:0x80008f08 x24=0x00000000 PA:0x80008f86
        8775000	       876	80000f2c	ffc99c83	lh	x25,-4(x19)	 x19:0x80008e06 x25=0x00000000 PA:0x80008e02
        8785000	       877	80000f30	fed98aa3	sb	x13,-11(x19)	 x19:0x80008e06 x13:0x00000001 PA:0x80008dfb
        8795000	       878	80000f34	fbfb2003	lw	x0,-65(x22)	 x22:0x80008b0d PA:0x80008acc
        8805000	       879	80000f38	00008817	auipc	x16,0x8	 x16=0x80008f34
        8815000	       880	80000f3c	e4880813	addi	x16,x16,-440	 x16:0x80008f34 x16=0x80008d7c
        8825000	       881	80000f40	f04b0003	lb	x0,-252(x22)	 x22:0x80008b0d PA:0x80008a11
        8835000	       882	80000f44	0e9b0c03	lb	x24,233(x22)	 x22:0x80008b0d x24=0x00000000 PA:0x80008bf6
        8845000	       883	80000f48	09284603	lbu	x12,146(x16)	 x16:0x80008d7c x12=0x00000000 PA:0x80008e0e
        8855000	       884	80000f4c	03842223	sw	x24,36(x8)	  x8:0x80008f08 x24:0x00000000 PA:0x80008f2c
        8865000	       885	80000f50	082b00a3	sb	x2,129(x22)	 x22:0x80008b0d  x2:0x00000000 PA:0x80008b8e
        8875000	       886	80000f54	00a9a523	sw	x10,10(x19)	 x19:0x80008e06 x10:0x80009fc4 PA:0x80008e10
        8885000	       887	80000f58	09680a83	lb	x21,150(x16)	 x16:0x80008d7c x21=0x00000000 PA:0x80008e12
        8895000	       888	80000f5c	f8e44a03	lbu	x20,-114(x8)	  x8:0x80008f08 x20=0x00000000 PA:0x80008e96
        8905000	       889	80000f60	011980a3	sb	x17,1(x19)	 x19:0x80008e06 x17:0x00000000 PA:0x80008e07
        8915000	       890	80000f64	ffb98583	lb	x11,-5(x19)	 x19:0x80008e06 x11=0x00000000 PA:0x80008e01
        8925000	       891	80000f68	f1a84683	lbu	x13,-230(x16)	 x16:0x80008d7c x13=0x00000000 PA:0x80008c96
        8935000	       892	80000f6c	ffb98883	lb	x17,-5(x19)	 x19:0x80008e06 x17=0x00000000 PA:0x80008e01
        8945000	       893	80000f70	fee40f03	lb	x30,-18(x8)	  x8:0x80008f08 x30=0x00000000 PA:0x80008ef6
        8955000	       894	80000f74	fb141d23	sh	x17,-70(x8)	  x8:0x80008f08 x17:0x00000000 PA:0x80008ec2
        8965000	       895	80000f78	ff09c103	lbu	x2,-16(x19)	 x19:0x80008e06  x2=0x00000000 PA:0x80008df6
        8975000	       896	80000f7c	0cdb0383	lb	x7,205(x22)	 x22:0x80008b0d  x7=0x00000000 PA:0x80008bda
        8985000	       897	80000f80	ff19ab23	sw	x17,-10(x19)	 x19:0x80008e06 x17:0x00000000 PA:0x80008dfc
        8995000	       898	80000f84	fb1405a3	sb	x17,-85(x8)	  x8:0x80008f08 x17:0x00000000 PA:0x80008eb3
        9005000	       899	80000f88	fdf802a3	sb	x31,-59(x16)	 x16:0x80008d7c x31:0x00000000 PA:0x80008d41
        9015000	       900	80000f8c	fc5b4e03	lbu	x28,-59(x22)	 x22:0x80008b0d x28=0x00000000 PA:0x80008ad2
        9025000	       901	80000f90	09a41c83	lh	x25,154(x8)	  x8:0x80008f08 x25=0x00000000 PA:0x80008fa2
        9035000	       902	80000f94	00a9a383	lw	x7,10(x19)	 x19:0x80008e06  x7=0x80009fc4 PA:0x80008e10
        9045000	       903	80000f98	fa344003	lbu	x0,-93(x8)	  x8:0x80008f08 PA:0x80008eab
        9055000	       904	80000f9c	ff8b0b83	lb	x23,-8(x22)	 x22:0x80008b0d x23=0x00000000 PA:0x80008b05
        9065000	       905	80000fa0	f8744383	lbu	x7,-121(x8)	  x8:0x80008f08  x7=0x00000000 PA:0x80008e8f
        9075000	       906	80000fa4	02b40483	lb	x9,43(x8)	  x8:0x80008f08  x9=0x00000000 PA:0x80008f33
        9085000	       907	80000fa8	0009dd83	lhu	x27,0(x19)	 x19:0x80008e06 x27=0x00000000 PA:0x80008e06
        9095000	       908	80000fac	f9380f83	lb	x31,-109(x16)	 x16:0x80008d7c x31=0x00000000 PA:0x80008d0f
        9105000	       909	80000fb0	00008117	auipc	x2,0x8	  x2=0x80008fac
        9115000	       910	80000fb4	b0d10113	addi	x2,x2,-1267	  x2:0x80008fac  x2=0x80008ab9
        9125000	       911	80000fb8	f1510483	lb	x9,-235(x2)	  x2:0x80008ab9  x9=0x00000000 PA:0x800089ce
        9135000	       912	80000fbc	f1514a83	lbu	x21,-235(x2)	  x2:0x80008ab9 x21=0x00000000 PA:0x800089ce
        9145000	       913	80000fc0	f4d10283	lb	x5,-179(x2)	  x2:0x80008ab9  x5=0x00000000 PA:0x80008a06
        9155000	       914	80000fc4	f5e106a3	sb	x30,-179(x2)	  x2:0x80008ab9 x30:0x00000000 PA:0x80008a06
        9165000	       915	80000fc8	0172a733	slt	x14,x5,x23	  x5:0x00000000 x23:0x00000000 x14=0x00000000
        9175000	       916	80000fcc	00f110a3	sh	x15,1(x2)	  x2:0x80008ab9 x15:0x00000000 PA:0x80008aba
        9185000	       917	80000fd0	0a4105a3	sb	x4,171(x2)	  x2:0x80008ab9  x4:0x00000001 PA:0x80008b64
        9195000	       918	80000fd4	0ab12283	lw	x5,171(x2)	  x2:0x80008ab9  x5=0x00000001 PA:0x80008b64
        9205000	       919	80000fd8	fbf10ea3	sb	x31,-67(x2)	  x2:0x80008ab9 x31:0x00000000 PA:0x80008a76
        9215000	       920	80000fdc	f2810423	sb	x8,-216(x2)	  x2:0x80008ab9  x8:0x80008f08 PA:0x800089e1
        9225000	       921	80000fe0	fdb12003	lw	x0,-37(x2)	  x2:0x80008ab9 PA:0x80008a94
        9235000	       922	80000fe4	0c412ba3	sw	x4,215(x2)	  x2:0x80008ab9  x4:0x00000001 PA:0x80008b90
        9245000	       923	80000fe8	0d810e23	sb	x24,220(x2)	  x2:0x80008ab9 x24:0x00000000 PA:0x80008b95
        9255000	       924	80000fec	0c010523	sb	x0,202(x2)	  x2:0x80008ab9  x0:0x00000000 PA:0x80008b83
        9265000	       925	80000ff0	08f123a3	sw	x15,135(x2)	  x2:0x80008ab9 x15:0x00000000 PA:0x80008b40
        9275000	       926	80000ff4	01c14d83	lbu	x27,28(x2)	  x2:0x80008ab9 x27=0x00000000 PA:0x80008ad5
        9285000	       927	80000ff8	01c14883	lbu	x17,28(x2)	  x2:0x80008ab9 x17=0x00000000 PA:0x80008ad5
        9295000	       928	80000ffc	01c14303	lbu	x6,28(x2)	  x2:0x80008ab9  x6=0x00000000 PA:0x80008ad5
        9305000	       929	80001000	00007397	auipc	x7,0x7	  x7=0x80007ffc
        9315000	       930	80001004	10238393	addi	x7,x7,258	  x7:0x80007ffc  x7=0x800080fe
        9325000	       931	80001008	0111d093	srli	x1,x3,0x11	  x3:0x00000000  x1=0x00000000
        9335000	       932	8000100c	41938c83	lb	x25,1049(x7)	  x7:0x800080fe x25=0x00000000 PA:0x80008517
        9345000	       933	80001010	6b83d303	lhu	x6,1720(x7)	  x7:0x800080fe  x6=0x00000000 PA:0x800087b6
        9355000	       934	80001014	03fd2613	slti	x12,x26,63	 x26:0x00000000 x12=0x00000001
        9365000	       935	80001018	64b38403	lb	x8,1611(x7)	  x7:0x800080fe  x8=0x00000000 PA:0x80008749
        9375000	       936	8000101c	71439483	lh	x9,1812(x7)	  x7:0x800080fe  x9=0x00000000 PA:0x80008812
        9385000	       937	80001020	16dbe893	ori	x17,x23,365	 x23:0x00000000 x17=0x0000016d
        9395000	       938	80001024	62239923	sh	x2,1586(x7)	  x7:0x800080fe  x2:0x80008ab9 PA:0x80008730
        9405000	       939	80001028	57d382a3	sb	x29,1381(x7)	  x7:0x800080fe x29:0x00000000 PA:0x80008663
        9415000	       940	8000102c	5993cb83	lbu	x23,1433(x7)	  x7:0x800080fe x23=0x00000000 PA:0x80008697
        9425000	       941	80001030	5993c483	lbu	x9,1433(x7)	  x7:0x800080fe  x9=0x00000000 PA:0x80008697
        9435000	       942	80001034	5993ce03	lbu	x28,1433(x7)	  x7:0x800080fe x28=0x00000000 PA:0x80008697
        9445000	       943	80001038	59938583	lb	x11,1433(x7)	  x7:0x800080fe x11=0x00000000 PA:0x80008697
        9455000	       944	8000103c	59938f83	lb	x31,1433(x7)	  x7:0x800080fe x31=0x00000000 PA:0x80008697
        9465000	       945	80001040	00697b33	and	x22,x18,x6	 x18:0x80009f4c  x6:0x00000000 x22=0x00000000
        9475000	       946	80001044	40dd01b3	sub	x3,x26,x13	 x26:0x00000000 x13:0x00000000  x3=0x00000000
        9485000	       947	80001048	5993c803	lbu	x16,1433(x7)	  x7:0x800080fe x16=0x00000000 PA:0x80008697
        9495000	       948	8000104c	2a43a723	sw	x4,686(x7)	  x7:0x800080fe  x4:0x00000001 PA:0x800083ac
        9505000	       949	80001050	53938783	lb	x15,1337(x7)	  x7:0x800080fe x15=0x00000000 PA:0x80008637
        9515000	       950	80001054	5393cd03	lbu	x26,1337(x7)	  x7:0x800080fe x26=0x00000000 PA:0x80008637
        9525000	       951	80001058	a7f52837	lui	x16,0xa7f52	 x16=0xa7f52000
        9535000	       952	8000105c	936fe313	ori	x6,x31,-1738	 x31:0x00000000  x6=0xfffff936
        9545000	       953	80001060	5393c403	lbu	x8,1337(x7)	  x7:0x800080fe  x8=0x00000000 PA:0x80008637
        9555000	       954	80001064	53938e03	lb	x28,1337(x7)	  x7:0x800080fe x28=0x00000000 PA:0x80008637
        9565000	       955	80001068	00008f17	auipc	x30,0x8	 x30=0x80009064
        9575000	       956	8000106c	b50f0f13	addi	x30,x30,-1200	 x30:0x80009064 x30=0x80008bb4
        9585000	       957	80001070	00008f97	auipc	x31,0x8	 x31=0x8000906c
        9595000	       958	80001074	a2ff8f93	addi	x31,x31,-1489	 x31:0x8000906c x31=0x80008a9b
        9605000	       959	80001078	00008797	auipc	x15,0x8	 x15=0x80009074
        9615000	       960	8000107c	89c78793	addi	x15,x15,-1892	 x15:0x80009074 x15=0x80008910
        9625000	       961	80001080	00008717	auipc	x14,0x8	 x14=0x8000907c
        9635000	       962	80001084	81c70713	addi	x14,x14,-2020	 x14:0x8000907c x14=0x80008898
        9645000	       963	80001088	00008b17	auipc	x22,0x8	 x22=0x80009084
        9655000	       964	8000108c	f5fb0b13	addi	x22,x22,-161	 x22:0x80009084 x22=0x80008fe3
        9665000	       965	80001090	000f8603	lb	x12,0(x31)	 x31:0x80008a9b x12=0x00000000 PA:0x80008a9b
        9675000	       966	80001094	fd7781a3	sb	x23,-61(x15)	 x15:0x80008910 x23:0x00000000 PA:0x800088d3
        9685000	       967	80001098	fd470da3	sb	x20,-37(x14)	 x14:0x80008898 x20:0x00000000 PA:0x80008873
        9695000	       968	8000109c	fe479403	lh	x8,-28(x15)	 x15:0x80008910  x8=0x00000000 PA:0x800088f4
        9705000	       969	800010a0	ff3b1d03	lh	x26,-13(x22)	 x22:0x80008fe3 x26=0x00000000 PA:0x80008fd6
        9715000	       970	800010a4	c7ff2a23	sw	x31,-908(x30)	 x30:0x80008bb4 x31:0x80008a9b PA:0x80008828
        9725000	       971	800010a8	ff7b5603	lhu	x12,-9(x22)	 x22:0x80008fe3 x12=0x00000000 PA:0x80008fda
        9735000	       972	00000000	00000013	addi	x0,x0,0	  x0:0x00000000
        9745000	       973	800010ac	fcc78c23	sb	x12,-40(x15)	 x15:0x80008910 x12:0x00000000 PA:0x800088e8
        9755000	       974	800010b0	002f97a3	sh	x2,15(x31)	 x31:0x80008a9b  x2:0x80008ab9 PA:0x80008aaa
        9765000	       975	800010b4	ffdb4203	lbu	x4,-3(x22)	 x22:0x80008fe3  x4=0x00000000 PA:0x80008fe0
        9775000	       976	800010b8	41cf0c23	sb	x28,1048(x30)	 x30:0x80008bb4 x28:0x00000000 PA:0x80008fcc
        9785000	       977	800010bc	1d7f4303	lbu	x6,471(x30)	 x30:0x80008bb4  x6=0x00000000 PA:0x80008d8b
        9795000	       978	800010c0	ff871003	lh	x0,-8(x14)	 x14:0x80008898 PA:0x80008890
        9805000	       979	800010c4	ffcb0283	lb	x5,-4(x22)	 x22:0x80008fe3  x5=0x00000000 PA:0x80008fdf
        9815000	       980	800010c8	303f0403	lb	x8,771(x30)	 x30:0x80008bb4  x8=0x00000000 PA:0x80008eb7
        9825000	       981	800010cc	000b4483	lbu	x9,0(x22)	 x22:0x80008fe3  x9=0x00000000 PA:0x80008fe3
        9835000	       982	800010d0	ff6b4603	lbu	x12,-10(x22)	 x22:0x80008fe3 x12=0x00000000 PA:0x80008fd9
        9845000	       983	800010d4	261f08a3	sb	x1,625(x30)	 x30:0x80008bb4  x1:0x00000000 PA:0x80008e25
        9855000	       984	800010d8	ffc71103	lh	x2,-4(x14)	 x14:0x80008898  x2=0x00000000 PA:0x80008894
        9865000	       985	800010dc	00f70a03	lb	x20,15(x14)	 x14:0x80008898 x20=0x00000000 PA:0x800088a7
        9875000	       986	800010e0	03378583	lb	x11,51(x15)	 x15:0x80008910 x11=0x00000000 PA:0x80008943
        9885000	       987	800010e4	16ef4003	lbu	x0,366(x30)	 x30:0x80008bb4 PA:0x80008d22
        9895000	       988	800010e8	ff9b1283	lh	x5,-7(x22)	 x22:0x80008fe3  x5=0x00000000 PA:0x80008fdc
        9905000	       989	800010ec	d8af4603	lbu	x12,-630(x30)	 x30:0x80008bb4 x12=0x00000000 PA:0x8000893e
        9915000	       990	800010f0	01f79523	sh	x31,10(x15)	 x15:0x80008910 x31:0x80008a9b PA:0x8000891a
        9925000	       991	800010f4	fc378483	lb	x9,-61(x15)	 x15:0x80008910  x9=0x00000000 PA:0x800088d3
        9935000	       992	800010f8	fedf8c23	sb	x13,-8(x31)	 x31:0x80008a9b x13:0x00000000 PA:0x80008a93
        9945000	       993	800010fc	ff3b5103	lhu	x2,-13(x22)	 x22:0x80008fe3  x2=0x00000000 PA:0x80008fd6
        9955000	       994	80001100	ffff8303	lb	x6,-1(x31)	 x31:0x80008a9b  x6=0x00000000 PA:0x80008a9a
        9965000	       995	80001104	ecaf0a03	lb	x20,-310(x30)	 x30:0x80008bb4 x20=0x00000000 PA:0x80008a7e
        9975000	       996	80001108	fe67d183	lhu	x3,-26(x15)	 x15:0x80008910  x3=0x00000000 PA:0x800088f6
        9985000	       997	8000110c	fe4fa8a3	sw	x4,-15(x31)	 x31:0x80008a9b  x4:0x00000000 PA:0x80008a8c
        9995000	       998	80001110	ff172023	sw	x17,-32(x14)	 x14:0x80008898 x17:0x0000016d PA:0x80008878
       10005000	       999	80001114	ff3fca83	lbu	x21,-13(x31)	 x31:0x80008a9b x21=0x00000000 PA:0x80008a8e
       10015000	      1000	80001118	18ff0c83	lb	x25,399(x30)	 x30:0x80008bb4 x25=0x00000000 PA:0x80008d43
       10025000	      1001	8000111c	00007c97	auipc	x25,0x7	 x25=0x80008118
       10035000	      1002	80001120	64bc8c93	addi	x25,x25,1611	 x25:0x80008118 x25=0x80008763
       10045000	      1003	80001124	978caca3	sw	x24,-1671(x25)	 x25:0x80008763 x24:0x00000000 PA:0x800080dc
       10055000	      1004	80001128	979c8b83	lb	x23,-1671(x25)	 x25:0x80008763 x23=0x00000000 PA:0x800080dc
       10065000	      1005	8000112c	962c9ca3	sh	x2,-1671(x25)	 x25:0x80008763  x2:0x00000000 PA:0x800080dc
       10075000	      1006	80001130	d04c91a3	sh	x4,-765(x25)	 x25:0x80008763  x4:0x00000000 PA:0x80008466
       10085000	      1007	80001134	d03cde03	lhu	x28,-765(x25)	 x25:0x80008763 x28=0x00000000 PA:0x80008466
       10095000	      1008	80001138	4415a793	slti	x15,x11,1089	 x11:0x00000000 x15=0x00000001
       10105000	      1009	8000113c	d03c9303	lh	x6,-765(x25)	 x25:0x80008763  x6=0x00000000 PA:0x80008466
       10115000	      1010	80001140	edca7a13	andi	x20,x20,-292	 x20:0x00000000 x20=0x00000000
       10125000	      1011	80001144	d03c9b03	lh	x22,-765(x25)	 x25:0x80008763 x22=0x00000000 PA:0x80008466
       10135000	      1012	80001148	d03c8983	lb	x19,-765(x25)	 x25:0x80008763 x19=0x00000000 PA:0x80008466
       10145000	      1013	00000000	00000013	addi	x0,x0,0	  x0:0x00000000
       10155000	      1014	8000114c	d13c91a3	sh	x19,-765(x25)	 x25:0x80008763 x19:0x00000000 PA:0x80008466
       10165000	      1015	80001150	d03c8703	lb	x14,-765(x25)	 x25:0x80008763 x14=0x00000000 PA:0x80008466
       10175000	      1016	80001154	d1ec81a3	sb	x30,-765(x25)	 x25:0x80008763 x30:0x80008bb4 PA:0x80008466
       10185000	      1017	80001158	d03c9683	lh	x13,-765(x25)	 x25:0x80008763 x13=0x000000b4 PA:0x80008466
       10195000	      1018	8000115c	41cb03b3	sub	x7,x22,x28	 x22:0x00000000 x28:0x00000000  x7=0x00000000
       10205000	      1019	80001160	d03cc403	lbu	x8,-765(x25)	 x25:0x80008763  x8=0x000000b4 PA:0x80008466
       10215000	      1020	80001164	d14c81a3	sb	x20,-765(x25)	 x25:0x80008763 x20:0x00000000 PA:0x80008466
       10225000	      1021	80001168	d05c81a3	sb	x5,-765(x25)	 x25:0x80008763  x5:0x00000000 PA:0x80008466
       10235000	      1022	8000116c	d03cd683	lhu	x13,-765(x25)	 x25:0x80008763 x13=0x00000000 PA:0x80008466
       10245000	      1023	80001170	00008217	auipc	x4,0x8	  x4=0x8000916c
       10255000	      1024	80001174	b9720213	addi	x4,x4,-1129	  x4:0x8000916c  x4=0x80008d03
       10265000	      1025	80001178	01824683	lbu	x13,24(x4)	  x4:0x80008d03 x13=0x00000000 PA:0x80008d1b
       10275000	      1026	8000117c	09925c83	lhu	x25,153(x4)	  x4:0x80008d03 x25=0x00000000 PA:0x80008d9c
       10285000	      1027	80001180	fa520223	sb	x5,-92(x4)	  x4:0x80008d03  x5:0x00000000 PA:0x80008ca7
       10295000	      1028	80001184	05725383	lhu	x7,87(x4)	  x4:0x80008d03  x7=0x00000000 PA:0x80008d5a
       10305000	      1029	80001188	f8121aa3	sh	x1,-107(x4)	  x4:0x80008d03  x1:0x00000000 PA:0x80008c98
       10315000	      1030	8000118c	fe720ea3	sb	x7,-3(x4)	  x4:0x80008d03  x7:0x00000000 PA:0x80008d00
       10325000	      1031	80001190	018ad613	srli	x12,x21,0x18	 x21:0x00000000 x12=0x00000000
       10335000	      1032	80001194	007803b3	add	x7,x16,x7	 x16:0xa7f52000  x7:0x00000000  x7=0xa7f52000
       10345000	      1033	80001198	f1b20223	sb	x27,-252(x4)	  x4:0x80008d03 x27:0x00000000 PA:0x80008c07
       10355000	      1034	8000119c	f5221ca3	sh	x18,-167(x4)	  x4:0x80008d03 x18:0x80009f4c PA:0x80008c5c
       10365000	      1035	800011a0	0c820183	lb	x3,200(x4)	  x4:0x80008d03  x3=0x00000000 PA:0x80008dcb
       10375000	      1036	800011a4	dcee2ab7	lui	x21,0xdcee2	 x21=0xdcee2000
       10385000	      1037	800011a8	0a324e03	lbu	x28,163(x4)	  x4:0x80008d03 x28=0x00000000 PA:0x80008da6
       10395000	      1038	800011ac	0d921b03	lh	x22,217(x4)	  x4:0x80008d03 x22=0x00000000 PA:0x80008ddc
       10405000	      1039	800011b0	ffe20983	lb	x19,-2(x4)	  x4:0x80008d03 x19=0x00000000 PA:0x80008d01
       10415000	      1040	800011b4	02720223	sb	x7,36(x4)	  x4:0x80008d03  x7:0xa7f52000 PA:0x80008d27
       10425000	      1041	800011b8	c7570a13	addi	x20,x14,-907	 x14:0x00000000 x20=0xfffffc75
       10435000	      1042	800011bc	63b63c17	auipc	x24,0x63b63	 x24=0xe3b641b8
       10445000	      1043	800011c0	01240133	add	x2,x8,x18	  x8:0x000000b4 x18:0x80009f4c  x2=0x8000a000
       10455000	      1044	800011c4	09220803	lb	x16,146(x4)	  x4:0x80008d03 x16=0x00000000 PA:0x80008d95
       10465000	      1045	800011c8	05224c83	lbu	x25,82(x4)	  x4:0x80008d03 x25=0x00000000 PA:0x80008d55
       10475000	      1046	00000000	00000013	addi	x0,x0,0	  x0:0x00000000
       10485000	      1047	800011cc	fb920623	sb	x25,-84(x4)	  x4:0x80008d03 x25:0x00000000 PA:0x80008caf
       10495000	      1048	800011d0	f1420583	lb	x11,-236(x4)	  x4:0x80008d03 x11=0x00000000 PA:0x80008c17
       10505000	      1049	800011d4	fc122aa3	sw	x1,-43(x4)	  x4:0x80008d03  x1:0x00000000 PA:0x80008cd8
       10515000	      1050	800011d8	f1c24803	lbu	x16,-228(x4)	  x4:0x80008d03 x16=0x00000000 PA:0x80008c1f
       10525000	      1051	800011dc	004d1093	slli	x1,x26,0x4	 x26:0x00000000  x1=0x00000000
       10535000	      1052	800011e0	0da20c83	lb	x25,218(x4)	  x4:0x80008d03 x25=0x00000000 PA:0x80008ddd
       10545000	      1053	800011e4	004e6f33	or	x30,x28,x4	 x28:0x00000000  x4:0x80008d03 x30=0x80008d03
       10555000	      1054	800011e8	03122083	lw	x1,49(x4)	  x4:0x80008d03  x1=0x00000000 PA:0x80008d34
       10565000	      1055	800011ec	9fee6f93	ori	x31,x28,-1538	 x28:0x00000000 x31=0xfffff9fe
       10575000	      1056	800011f0	01174433	xor	x8,x14,x17	 x14:0x00000000 x17:0x0000016d  x8=0x0000016d
       10585000	      1057	800011f4	06c20283	lb	x5,108(x4)	  x4:0x80008d03  x5=0x00000000 PA:0x80008d6f
       10595000	      1058	800011f8	0d422ca3	sw	x20,217(x4)	  x4:0x80008d03 x20:0xfffffc75 PA:0x80008ddc
       10605000	      1059	800011fc	f0e9be13	sltiu	x28,x19,-242	 x19:0x00000000 x28=0x00000001
       10615000	      1060	80001200	01224383	lbu	x7,18(x4)	  x4:0x80008d03  x7=0x00000000 PA:0x80008d15
       10625000	      1061	80001204	00007f97	auipc	x31,0x7	 x31=0x80008200
       10635000	      1062	80001208	4bef8f93	addi	x31,x31,1214	 x31:0x80008200 x31=0x800086be
       10645000	      1063	8000120c	21714e13	xori	x28,x2,535	  x2:0x8000a000 x28=0x8000a217
       10655000	      1064	80001210	d74fc083	lbu	x1,-652(x31)	 x31:0x800086be  x1=0x00000000 PA:0x80008432
       10665000	      1065	80001214	b441c293	xori	x5,x3,-1212	  x3:0x00000000  x5=0xfffffb44
       10675000	      1066	80001218	014469b3	or	x19,x8,x20	  x8:0x0000016d x20:0xfffffc75 x19=0xfffffd7d
       10685000	      1067	8000121c	99ff8603	lb	x12,-1633(x31)	 x31:0x800086be x12=0x00000000 PA:0x8000805d
       10695000	      1068	80001220	018f95b3	sll	x11,x31,x24	 x31:0x800086be x24:0xe3b641b8 x11=0xbe000000
       10705000	      1069	80001224	003d6f33	or	x30,x26,x3	 x26:0x00000000  x3:0x00000000 x30=0x00000000
       10715000	      1070	80001228	e11fce03	lbu	x28,-495(x31)	 x31:0x800086be x28=0x00000000 PA:0x800084cf
       10725000	      1071	8000122c	01ef9713	slli	x14,x31,0x1e	 x31:0x800086be x14=0x80000000
       10735000	      1072	80001230	fedf8d03	lb	x26,-19(x31)	 x31:0x800086be x26=0x00000000 PA:0x800086ab
       10745000	      1073	80001234	c21f8fa3	sb	x1,-961(x31)	 x31:0x800086be  x1:0x00000000 PA:0x800082fd
       10755000	      1074	80001238	095fc303	lbu	x6,149(x31)	 x31:0x800086be  x6=0x00000000 PA:0x80008753
       10765000	      1075	8000123c	d68fd703	lhu	x14,-664(x31)	 x31:0x800086be x14=0x00000000 PA:0x80008426
       10775000	      1076	80001240	06a87e13	andi	x28,x16,106	 x16:0x00000000 x28=0x00000000
       10785000	      1077	80001244	a35f8683	lb	x13,-1483(x31)	 x31:0x800086be x13=0x00000000 PA:0x800080f3
       10795000	      1078	80001248	6aac0037	lui	x0,0x6aac0	
       10805000	      1079	8000124c	000e2f33	slt	x30,x28,x0	 x28:0x00000000  x0:0x00000000 x30=0x00000000
       10815000	      1080	80001250	a64fcd83	lbu	x27,-1436(x31)	 x31:0x800086be x27=0x00000000 PA:0x80008122
       10825000	      1081	80001254	01343333	sltu	x6,x8,x19	  x8:0x0000016d x19:0xfffffd7d  x6=0x00000001
       10835000	      1082	80001258	9a0fd003	lhu	x0,-1632(x31)	 x31:0x800086be PA:0x8000805e
       10845000	      1083	8000125c	013e9a13	slli	x20,x29,0x13	 x29:0x00000000 x20=0x00000000
       10855000	      1084	80001260	f97f8003	lb	x0,-105(x31)	 x31:0x800086be PA:0x80008655
       10865000	      1085	80001264	aa3f81a3	sb	x3,-1373(x31)	 x31:0x800086be  x3:0x00000000 PA:0x80008161
       10875000	      1086	80001268	e6ffc383	lbu	x7,-401(x31)	 x31:0x800086be  x7=0x00000000 PA:0x8000852d
       10885000	      1087	8000126c	08f7e413	ori	x8,x15,143	 x15:0x00000001  x8=0x0000008f
       10895000	      1088	80001270	0c6f9b03	lh	x22,198(x31)	 x31:0x800086be x22=0x00000000 PA:0x80008784
       10905000	      1089	80001274	44e77e13	andi	x28,x14,1102	 x14:0x00000000 x28=0x00000000
       10915000	      1090	80001278	0139c4b3	xor	x9,x19,x19	 x19:0xfffffd7d x19:0xfffffd7d  x9=0x00000000
       10925000	      1091	8000127c	016a2e33	slt	x28,x20,x22	 x20:0x00000000 x22:0x00000000 x28=0x00000000
       10935000	      1092	80001280	00000013	addi	x0,x0,0	  x0:0x00000000
       10945000	      1093	80001284	a60f9a03	lh	x20,-1440(x31)	 x31:0x800086be x20=0x00000000 PA:0x8000811e
       10955000	      1094	80001288	12ffa723	sw	x15,302(x31)	 x31:0x800086be x15:0x00000001 PA:0x800087ec
       10965000	      1095	8000128c	b47f8583	lb	x11,-1209(x31)	 x31:0x800086be x11=0x00000000 PA:0x80008205
       10975000	      1096	80001290	01b3ed33	or	x26,x7,x27	  x7:0x00000000 x27:0x00000000 x26=0x00000000
       10985000	      1097	80001294	01ab9133	sll	x2,x23,x26	 x23:0x00000000 x26:0x00000000  x2=0x00000000
       10995000	      1098	80001298	004eb833	sltu	x16,x29,x4	 x29:0x00000000  x4:0x80008d03 x16=0x00000001
       11005000	      1099	8000129c	016142b3	xor	x5,x2,x22	  x2:0x00000000 x22:0x00000000  x5=0x00000000
       11015000	      1100	800012a0	c5cf9583	lh	x11,-932(x31)	 x31:0x800086be x11=0x00000000 PA:0x8000831a
       11025000	      1101	800012a4	d44f84a3	sb	x4,-695(x31)	 x31:0x800086be  x4:0x80008d03 PA:0x80008407
       11035000	      1102	800012a8	3657ef13	ori	x30,x15,869	 x15:0x00000001 x30=0x00000365
       11045000	      1103	800012ac	04c7d263	bge	x15,x12,800012f0	 x15:0x00000001 x12:0x00000000
       11055000	      1104	00000000	00000013	addi	x0,x0,0	  x0:0x00000000
       11065000	      1105	800012ec	00000013	addi	x0,x0,0	  x0:0x00000000
       11075000	      1106	800012f0	00a6ca63	blt	x13,x10,80001304	 x13:0x00000000 x10:0x80009fc4
       11085000	      1107	800012f4	bfac4893	xori	x17,x24,-1030	 x24:0xe3b641b8 x17=0x1c49ba42
       11095000	      1108	800012f8	9b6bf093	andi	x1,x23,-1610	 x23:0x00000000  x1=0x00000000
       11105000	      1109	800012fc	050c6463	bltu	x24,x16,80001344	 x24:0xe3b641b8 x16:0x00000001
       11115000	      1110	80001300	00509793	slli	x15,x1,0x5	  x1:0x00000000 x15=0x00000000
       11125000	      1111	80001304	72322a37	lui	x20,0x72322	 x20=0x72322000
       11135000	      1112	80001308	0030e433	or	x8,x1,x3	  x1:0x00000000  x3:0x00000000  x8=0x00000000
       11145000	      1113	8000130c	03850c63	beq	x10,x24,80001344	 x10:0x80009fc4 x24:0xe3b641b8
       11155000	      1114	80001310	533fc493	xori	x9,x31,1331	 x31:0x800086be  x9=0x8000838d
       11165000	      1115	80001314	33b63b13	sltiu	x22,x12,827	 x12:0x00000000 x22=0x00000001
       11175000	      1116	80001318	01a586b3	add	x13,x11,x26	 x11:0x00000000 x26:0x00000000 x13=0x00000000
       11185000	      1117	8000131c	0044d393	srli	x7,x9,0x4	  x9:0x8000838d  x7=0x08000838
       11195000	      1118	80001320	00fefc63	bgeu	x29,x15,80001338	 x29:0x00000000 x15:0x00000000
       11205000	      1119	00000000	00000013	addi	x0,x0,0	  x0:0x00000000
       11215000	      1120	80001334	00000013	addi	x0,x0,0	  x0:0x00000000
       11225000	      1121	80001338	00c39293	slli	x5,x7,0xc	  x7:0x08000838  x5=0x00838000
       11235000	      1122	8000133c	00000013	addi	x0,x0,0	  x0:0x00000000
       11245000	      1123	80001340	0088e3b3	or	x7,x17,x8	 x17:0x1c49ba42  x8:0x00000000  x7=0x1c49ba42
       11255000	      1124	80001344	40455e13	srai	x28,x10,0x4	 x10:0x80009fc4 x28=0xf80009fc
       11265000	      1125	80001348	404458b3	sra	x17,x8,x4	  x8:0x00000000  x4:0x80008d03 x17=0x00000000
       11275000	      1126	8000134c	34bda293	slti	x5,x27,843	 x27:0x00000000  x5=0x00000001
       11285000	      1127	80001350	00a470b3	and	x1,x8,x10	  x8:0x00000000 x10:0x80009fc4  x1=0x00000000
       11295000	      1128	80001354	01b8a833	slt	x16,x17,x27	 x17:0x00000000 x27:0x00000000 x16=0x00000000
       11305000	      1129	80001358	041ec063	blt	x29,x1,80001398	 x29:0x00000000  x1:0x00000000
       11315000	      1130	8000135c	15650893	addi	x17,x10,342	 x10:0x80009fc4 x17=0x8000a11a
       11325000	      1131	80001360	056ef063	bgeu	x29,x22,800013a0	 x29:0x00000000 x22:0x00000001
       11335000	      1132	80001364	33c3ea93	ori	x21,x7,828	  x7:0x1c49ba42 x21=0x1c49bb7e
       11345000	      1133	80001368	01150a33	add	x20,x10,x17	 x10:0x80009fc4 x17:0x8000a11a x20=0x000140de
       11355000	      1134	8000136c	2bafc293	xori	x5,x31,698	 x31:0x800086be  x5=0x80008404
       11365000	      1135	80001370	2521c893	xori	x17,x3,594	  x3:0x00000000 x17=0x00000252
       11375000	      1136	80001374	0457d063	bge	x15,x5,800013b4	 x15:0x00000000  x5:0x80008404
       11385000	      1137	00000000	00000013	addi	x0,x0,0	  x0:0x00000000
       11395000	      1138	800013b0	00000013	addi	x0,x0,0	  x0:0x00000000
       11405000	      1139	800013b4	02baf463	bgeu	x21,x11,800013dc	 x21:0x1c49bb7e x11:0x00000000
       11415000	      1140	00000000	00000013	addi	x0,x0,0	  x0:0x00000000
       11425000	      1141	800013d8	00000013	addi	x0,x0,0	  x0:0x00000000
       11435000	      1142	800013dc	ef7be613	ori	x12,x23,-265	 x23:0x00000000 x12=0xfffffef7
       11445000	      1143	800013e0	03380463	beq	x16,x19,80001408	 x16:0x00000000 x19:0xfffffd7d
       11455000	      1144	800013e4	40b85633	sra	x12,x16,x11	 x16:0x00000000 x11:0x00000000 x12=0x00000000
       11465000	      1145	800013e8	6fe9b9b7	lui	x19,0x6fe9b	 x19=0x6fe9b000
       11475000	      1146	800013ec	966a0013	addi	x0,x20,-1690	 x20:0x000140de
       11485000	      1147	800013f0	00981663	bne	x16,x9,800013fc	 x16:0x00000000  x9:0x8000838d
       11495000	      1148	00000000	00000013	addi	x0,x0,0	  x0:0x00000000
       11505000	      1149	800013f8	00000013	addi	x0,x0,0	  x0:0x00000000
       11515000	      1150	800013fc	00e215b3	sll	x11,x4,x14	  x4:0x80008d03 x14:0x00000000 x11=0x80008d03
       11525000	      1151	80001400	565fe493	ori	x9,x31,1381	 x31:0x800086be  x9=0x800087ff
       11535000	      1152	80001404	01f99db3	sll	x27,x19,x31	 x19:0x6fe9b000 x31:0x800086be x27=0x00000000
       11545000	      1153	80001408	01925313	srli	x6,x4,0x19	  x4:0x80008d03  x6=0x00000040
       11555000	      1154	8000140c	0405ef13	ori	x30,x11,64	 x11:0x80008d03 x30=0x80008d43
       11565000	      1155	80001410	01c09c63	bne	x1,x28,80001428	  x1:0x00000000 x28:0xf80009fc
       11575000	      1156	00000000	00000013	addi	x0,x0,0	  x0:0x00000000
       11585000	      1157	80001424	00000013	addi	x0,x0,0	  x0:0x00000000
       11595000	      1158	80001428	eba6f693	andi	x13,x13,-326	 x13:0x00000000 x13=0x00000000
       11605000	      1159	8000142c	ab7f8613	addi	x12,x31,-1353	 x31:0x800086be x12=0x80008175
       11615000	      1160	80001430	413a8e33	sub	x28,x21,x19	 x21:0x1c49bb7e x19:0x6fe9b000 x28=0xac600b7e
       11625000	      1161	80001434	1b143893	sltiu	x17,x8,433	  x8:0x00000000 x17=0x00000001
       11635000	      1162	80001438	04ae7463	bgeu	x28,x10,80001480	 x28:0xac600b7e x10:0x80009fc4
       11645000	      1163	00000000	00000013	addi	x0,x0,0	  x0:0x00000000
       11655000	      1164	8000147c	00000013	addi	x0,x0,0	  x0:0x00000000
       11665000	      1165	80001480	f633eb13	ori	x22,x7,-157	  x7:0x1c49ba42 x22=0xffffff63
       11675000	      1166	80001484	31192493	slti	x9,x18,785	 x18:0x80009f4c  x9=0x00000001
       11685000	      1167	80001488	00e55633	srl	x12,x10,x14	 x10:0x80009fc4 x14:0x00000000 x12=0x80009fc4
       11695000	      1168	8000148c	0111fc63	bgeu	x3,x17,800014a4	  x3:0x00000000 x17:0x00000001
       11705000	      1169	80001490	096a6813	ori	x16,x20,150	 x20:0x000140de x16=0x000140de
       11715000	      1170	80001494	74636593	ori	x11,x6,1862	  x6:0x00000040 x11=0x00000746
       11725000	      1171	80001498	acdcf793	andi	x15,x25,-1331	 x25:0x00000000 x15=0x00000000
       11735000	      1172	8000149c	019b9663	bne	x23,x25,800014a8	 x23:0x00000000 x25:0x00000000
       11745000	      1173	800014a0	03df6463	bltu	x30,x29,800014c8	 x30:0x80008d43 x29:0x00000000
       11755000	      1174	800014a4	40fad213	srai	x4,x21,0xf	 x21:0x1c49bb7e  x4=0x00003893
       11765000	      1175	800014a8	028cee63	bltu	x25,x8,800014e4	 x25:0x00000000  x8:0x00000000
       11775000	      1176	800014ac	a7be8d17	auipc	x26,0xa7be8	 x26=0x27be94a8
       11785000	      1177	800014b0	4003d2b3	sra	x5,x7,x0	  x7:0x1c49ba42  x0:0x00000000  x5=0x1c49ba42
       11795000	      1178	800014b4	00f9c133	xor	x2,x19,x15	 x19:0x6fe9b000 x15:0x00000000  x2=0x6fe9b000
       11805000	      1179	800014b8	0415f063	bgeu	x11,x1,800014f8	 x11:0x00000746  x1:0x00000000
       11815000	      1180	00000000	00000013	addi	x0,x0,0	  x0:0x00000000
       11825000	      1181	800014f4	00000013	addi	x0,x0,0	  x0:0x00000000
       11835000	      1182	800014f8	01b6f663	bgeu	x13,x27,80001504	 x13:0x00000000 x27:0x00000000
       11845000	      1183	00000000	00000013	addi	x0,x0,0	  x0:0x00000000
       11855000	      1184	80001500	00000013	addi	x0,x0,0	  x0:0x00000000
       11865000	      1185	80001504	05d6c263	blt	x13,x29,80001548	 x13:0x00000000 x29:0x00000000
       11875000	      1186	80001508	016e5693	srli	x13,x28,0x16	 x28:0xac600b7e x13=0x000002b1
       11885000	      1187	8000150c	8adfbb93	sltiu	x23,x31,-1875	 x31:0x800086be x23=0x00000001
       11895000	      1188	80001510	004d5c33	srl	x24,x26,x4	 x26:0x27be94a8  x4:0x00003893 x24=0x000004f7
       11905000	      1189	80001514	415ddd33	sra	x26,x27,x21	 x27:0x00000000 x21:0x1c49bb7e x26=0x00000000
       11915000	      1190	80001518	eb1ff893	andi	x17,x31,-335	 x31:0x800086be x17=0x800086b0
       11925000	      1191	8000151c	0466c263	blt	x13,x6,80001560	 x13:0x000002b1  x6:0x00000040
       11935000	      1192	80001520	2129a693	slti	x13,x19,530	 x19:0x6fe9b000 x13=0x00000000
       11945000	      1193	80001524	34aa6f13	ori	x30,x20,842	 x20:0x000140de x30=0x000143de
       11955000	      1194	80001528	389c8797	auipc	x15,0x389c8	 x15=0xb89c9524
       11965000	      1195	8000152c	68ac9397	auipc	x7,0x68ac9	  x7=0xe8aca528
       11975000	      1196	80001530	dae1f793	andi	x15,x3,-594	  x3:0x00000000 x15=0x00000000
       11985000	      1197	80001534	05ea8463	beq	x21,x30,8000157c	 x21:0x1c49bb7e x30:0x000143de
       11995000	      1198	80001538	417ad293	srai	x5,x21,0x17	 x21:0x1c49bb7e  x5=0x00000038
       12005000	      1199	8000153c	0094d233	srl	x4,x9,x9	  x9:0x00000001  x9:0x00000001  x4=0x00000000
       12015000	      1200	80001540	01d79863	bne	x15,x29,80001550	 x15:0x00000000 x29:0x00000000
       12025000	      1201	80001544	01497263	bgeu	x18,x20,80001548	 x18:0x80009f4c x20:0x000140de
       12035000	      1202	00000000	00000013	addi	x0,x0,0	  x0:0x00000000
       12045000	      1203	80001544	00000013	addi	x0,x0,0	  x0:0x00000000
       12055000	      1204	80001548	00549613	slli	x12,x9,0x5	  x9:0x00000001 x12=0x00000020
       12065000	      1205	8000154c	01d09593	slli	x11,x1,0x1d	  x1:0x00000000 x11=0x00000000
       12075000	      1206	80001550	01866a63	bltu	x12,x24,80001564	 x12:0x00000020 x24:0x000004f7
       12085000	      1207	00000000	00000013	addi	x0,x0,0	  x0:0x00000000
       12095000	      1208	80001560	00000013	addi	x0,x0,0	  x0:0x00000000
       12105000	      1209	80001564	01356033	or	x0,x10,x19	 x10:0x80009fc4 x19:0x6fe9b000
       12115000	      1210	80001568	0be7c263	blt	x15,x30,8000160c	 x15:0x00000000 x30:0x000143de
       12125000	      1211	00000000	00000013	addi	x0,x0,0	  x0:0x00000000
       12135000	      1212	80001608	00000013	addi	x0,x0,0	  x0:0x00000000
       12145000	      1213	8000160c	007dbdb3	sltu	x27,x27,x7	 x27:0x00000000  x7:0xe8aca528 x27=0x00000001
       12155000	      1214	80001610	00f72233	slt	x4,x14,x15	 x14:0x00000000 x15:0x00000000  x4=0x00000000
       12165000	      1215	80001614	40b4dbb3	sra	x23,x9,x11	  x9:0x00000001 x11:0x00000000 x23=0x00000001
       12175000	      1216	80001618	019e7a63	bgeu	x28,x25,8000162c	 x28:0xac600b7e x25:0x00000000
       12185000	      1217	00000000	00000013	addi	x0,x0,0	  x0:0x00000000
       12195000	      1218	80001628	00000013	addi	x0,x0,0	  x0:0x00000000
       12205000	      1219	8000162c	00000013	addi	x0,x0,0	  x0:0x00000000
       12215000	      1220	80001630	01e5ffb3	and	x31,x11,x30	 x11:0x00000000 x30:0x000143de x31=0x00000000
       12225000	      1221	80001634	f3b94a13	xori	x20,x18,-197	 x18:0x80009f4c x20=0x7fff6077
       12235000	      1222	80001638	bfbaffb7	lui	x31,0xbfbaf	 x31=0xbfbaf000
       12245000	      1223	8000163c	004d60b3	or	x1,x26,x4	 x26:0x00000000  x4:0x00000000  x1=0x00000000
       12255000	      1224	80001640	01cc0e33	add	x28,x24,x28	 x24:0x000004f7 x28:0xac600b7e x28=0xac601075
       12265000	      1225	80001644	3ea111b7	lui	x3,0x3ea11	  x3=0x3ea11000
       12275000	      1226	80001648	39192817	auipc	x16,0x39192	 x16=0xb9193644
       12285000	      1227	8000164c	000b58b3	srl	x17,x22,x0	 x22:0xffffff63  x0:0x00000000 x17=0xffffff63
       12295000	      1228	80001650	f72568b7	lui	x17,0xf7256	 x17=0xf7256000
       12305000	      1229	80001654	03bd5c63	bge	x26,x27,8000168c	 x26:0x00000000 x27:0x00000001
       12315000	      1230	80001658	004f5333	srl	x6,x30,x4	 x30:0x000143de  x4:0x00000000  x6=0x000143de
       12325000	      1231	8000165c	03ec8463	beq	x25,x30,80001684	 x25:0x00000000 x30:0x000143de
       12335000	      1232	80001660	80576693	ori	x13,x14,-2043	 x14:0x00000000 x13=0xfffff805
       12345000	      1233	80001664	00b99e63	bne	x19,x11,80001680	 x19:0x6fe9b000 x11:0x00000000
       12355000	      1234	00000000	00000013	addi	x0,x0,0	  x0:0x00000000
       12365000	      1235	8000167c	00000013	addi	x0,x0,0	  x0:0x00000000
       12375000	      1236	80001680	cbbe4793	xori	x15,x28,-837	 x28:0xac601075 x15=0x539fecce
       12385000	      1237	80001684	00bb8bb3	add	x23,x23,x11	 x23:0x00000001 x11:0x00000000 x23=0x00000001
       12395000	      1238	80001688	004d4db3	xor	x27,x26,x4	 x26:0x00000000  x4:0x00000000 x27=0x00000000
       12405000	      1239	8000168c	ee69c993	xori	x19,x19,-282	 x19:0x6fe9b000 x19=0x90164ee6
       12415000	      1240	80001690	9e1dcf13	xori	x30,x27,-1567	 x27:0x00000000 x30=0xfffff9e1
       12425000	      1241	80001694	ece87b93	andi	x23,x16,-306	 x16:0xb9193644 x23=0xb9193644
       12435000	      1242	80001698	7dfb4217	auipc	x4,0x7dfb4	  x4=0xfdfb5694
       12445000	      1243	8000169c	70cc2597	auipc	x11,0x70cc2	 x11=0xf0cc3698
       12455000	      1244	800016a0	01db1c63	bne	x22,x29,800016b8	 x22:0xffffff63 x29:0x00000000
       12465000	      1245	00000000	00000013	addi	x0,x0,0	  x0:0x00000000
       12475000	      1246	800016b4	00000013	addi	x0,x0,0	  x0:0x00000000
       12485000	      1247	800016b8	00000013	addi	x0,x0,0	  x0:0x00000000
       12495000	      1248	800016bc	82d28693	addi	x13,x5,-2003	  x5:0x00000038 x13=0xfffff865
       12505000	      1249	800016c0	0018c833	xor	x16,x17,x1	 x17:0xf7256000  x1:0x00000000 x16=0xf7256000
       12515000	      1250	800016c4	1787ed93	ori	x27,x15,376	 x15:0x539fecce x27=0x539fedfe
       12525000	      1251	800016c8	00fc5f13	srli	x30,x24,0xf	 x24:0x000004f7 x30=0x00000000
       12535000	      1252	800016cc	2423f013	andi	x0,x7,578	  x7:0xe8aca528
       12545000	      1253	800016d0	01a9b8b3	sltu	x17,x19,x26	 x19:0x90164ee6 x26:0x00000000 x17=0x00000000
       12555000	      1254	800016d4	5697a637	lui	x12,0x5697a	 x12=0x5697a000
       12565000	      1255	800016d8	00000013	addi	x0,x0,0	  x0:0x00000000
       12575000	      1256	800016dc	015f9a63	bne	x31,x21,800016f0	 x31:0xbfbaf000 x21:0x1c49bb7e
       12585000	      1257	00000000	00000013	addi	x0,x0,0	  x0:0x00000000
       12595000	      1258	800016ec	00000013	addi	x0,x0,0	  x0:0x00000000
       12605000	      1259	800016f0	59706117	auipc	x2,0x59706	  x2=0xd97076ec
       12615000	      1260	800016f4	01924c63	blt	x4,x25,8000170c	  x4:0xfdfb5694 x25:0x00000000
       12625000	      1261	00000000	00000013	addi	x0,x0,0	  x0:0x00000000
       12635000	      1262	80001708	00000013	addi	x0,x0,0	  x0:0x00000000
       12645000	      1263	8000170c	408d08b3	sub	x17,x26,x8	 x26:0x00000000  x8:0x00000000 x17=0x00000000
       12655000	      1264	80001710	0287de63	bge	x15,x8,8000174c	 x15:0x539fecce  x8:0x00000000
       12665000	      1265	00000000	00000013	addi	x0,x0,0	  x0:0x00000000
       12675000	      1266	80001748	00000013	addi	x0,x0,0	  x0:0x00000000
       12685000	      1267	8000174c	011e7833	and	x16,x28,x17	 x28:0xac601075 x17:0x00000000 x16=0x00000000
       12695000	      1268	80001750	41bd5413	srai	x8,x26,0x1b	 x26:0x00000000  x8=0x00000000
       12705000	      1269	80001754	00000013	addi	x0,x0,0	  x0:0x00000000
       12715000	      1270	80001758	005d5c63	bge	x26,x5,80001770	 x26:0x00000000  x5:0x00000038
       12725000	      1271	8000175c	00c15a63	bge	x2,x12,80001770	  x2:0xd97076ec x12:0x5697a000
       12735000	      1272	80001760	aad3e213	ori	x4,x7,-1363	  x7:0xe8aca528  x4=0xffffffad
       12745000	      1273	80001764	16dc3093	sltiu	x1,x24,365	 x24:0x000004f7  x1=0x00000000
       12755000	      1274	80001768	00b57c63	bgeu	x10,x11,80001780	 x10:0x80009fc4 x11:0xf0cc3698
       12765000	      1275	8000176c	e3b14d93	xori	x27,x2,-453	  x2:0xd97076ec x27=0x268f88d7
       12775000	      1276	80001770	00ba0c63	beq	x20,x11,80001788	 x20:0x7fff6077 x11:0xf0cc3698
       12785000	      1277	80001774	24c36593	ori	x11,x6,588	  x6:0x000143de x11=0x000143de
       12795000	      1278	80001778	010871b3	and	x3,x16,x16	 x16:0x00000000 x16:0x00000000  x3=0x00000000
       12805000	      1279	8000177c	41a6d793	srai	x15,x13,0x1a	 x13:0xfffff865 x15=0xffffffff
       12815000	      1280	80001780	407bdcb3	sra	x25,x23,x7	 x23:0xb9193644  x7:0xe8aca528 x25=0xffb91936
       12825000	      1281	80001784	01b32db3	slt	x27,x6,x27	  x6:0x000143de x27:0x268f88d7 x27=0x00000001
       12835000	      1282	80001788	03705463	bge	x0,x23,800017b0	  x0:0x00000000 x23:0xb9193644
       12845000	      1283	00000000	00000013	addi	x0,x0,0	  x0:0x00000000
       12855000	      1284	800017ac	00000013	addi	x0,x0,0	  x0:0x00000000
       12865000	      1285	800017b0	678dcb37	lui	x22,0x678dc	 x22=0x678dc000
       12875000	      1286	800017b4	00ea3bb3	sltu	x23,x20,x14	 x20:0x7fff6077 x14:0x00000000 x23=0x00000000
       12885000	      1287	800017b8	011f1613	slli	x12,x30,0x11	 x30:0x00000000 x12=0x00000000
       12895000	      1288	800017bc	09fbf593	andi	x11,x23,159	 x23:0x00000000 x11=0x00000000
       12905000	      1289	800017c0	0120a3b3	slt	x7,x1,x18	  x1:0x00000000 x18:0x80009f4c  x7=0x00000000
       12915000	      1290	800017c4	12424ab7	lui	x21,0x12424	 x21=0x12424000
       12925000	      1291	800017c8	02c29863	bne	x5,x12,800017f8	  x5:0x00000038 x12:0x00000000
       12935000	      1292	00000000	00000013	addi	x0,x0,0	  x0:0x00000000
       12945000	      1293	800017f4	00000013	addi	x0,x0,0	  x0:0x00000000
       12955000	      1294	800017f8	01ca2db3	slt	x27,x20,x28	 x20:0x7fff6077 x28:0xac601075 x27=0x00000000
       12965000	      1295	800017fc	41758db3	sub	x27,x11,x23	 x11:0x00000000 x23:0x00000000 x27=0x00000000
       12975000	      1296	80001800	24233393	sltiu	x7,x6,578	  x6:0x000143de  x7=0x00000000
       12985000	      1297	80001804	0171e5b3	or	x11,x3,x23	  x3:0x00000000 x23:0x00000000 x11=0x00000000
       12995000	      1298	80001808	24737a93	andi	x21,x6,583	  x6:0x000143de x21=0x00000246
       13005000	      1299	8000180c	00000013	addi	x0,x0,0	  x0:0x00000000
       13015000	      1300	80001810	40afdfb3	sra	x31,x31,x10	 x31:0xbfbaf000 x10:0x80009fc4 x31=0xfbfbaf00
       13025000	      1301	80001814	01b7d613	srli	x12,x15,0x1b	 x15:0xffffffff x12=0x0000001f
       13035000	      1302	80001818	00447633	and	x12,x8,x4	  x8:0x00000000  x4:0xffffffad x12=0x00000000
       13045000	      1303	8000181c	01fbbbb3	sltu	x23,x23,x31	 x23:0x00000000 x31:0xfbfbaf00 x23=0x00000001
       13055000	      1304	80001820	00395193	srli	x3,x18,0x3	 x18:0x80009f4c  x3=0x100013e9
       13065000	      1305	80001824	26823bb7	lui	x23,0x26823	 x23=0x26823000
       13075000	      1306	80001828	663cc013	xori	x0,x25,1635	 x25:0xffb91936
       13085000	      1307	8000182c	7a227713	andi	x14,x4,1954	  x4:0xffffffad x14=0x000007a0
       13095000	      1308	80001830	0431e063	bltu	x3,x3,80001870	  x3:0x100013e9  x3:0x100013e9
       13105000	      1309	80001834	40690cb3	sub	x25,x18,x6	 x18:0x80009f4c  x6:0x000143de x25=0x7fff5b6e
       13115000	      1310	80001838	0138c633	xor	x12,x17,x19	 x17:0x00000000 x19:0x90164ee6 x12=0x90164ee6
       13125000	      1311	8000183c	05dac263	blt	x21,x29,80001880	 x21:0x00000246 x29:0x00000000
       13135000	      1312	80001840	0346fc63	bgeu	x13,x20,80001878	 x13:0xfffff865 x20:0x7fff6077
       13145000	      1313	00000000	00000013	addi	x0,x0,0	  x0:0x00000000
       13155000	      1314	80001874	00000013	addi	x0,x0,0	  x0:0x00000000
       13165000	      1315	80001878	005d9f13	slli	x30,x27,0x5	 x27:0x00000000 x30=0x00000000
       13175000	      1316	8000187c	00cb1ab3	sll	x21,x22,x12	 x22:0x678dc000 x12:0x90164ee6 x21=0xe3700000
       13185000	      1317	80001880	019bdb13	srli	x22,x23,0x19	 x23:0x26823000 x22=0x00000013
       13195000	      1318	80001884	9f9da393	slti	x7,x27,-1543	 x27:0x00000000  x7=0x00000000
       13205000	      1319	80001888	00674433	xor	x8,x14,x6	 x14:0x000007a0  x6:0x000143de  x8=0x0001447e
       13215000	      1320	8000188c	36e2a497	auipc	x9,0x36e2a	  x9=0xb6e2b888
       13225000	      1321	80001890	c4b2c893	xori	x17,x5,-949	  x5:0x00000038 x17=0xfffffc73
       13235000	      1322	80001894	bc209817	auipc	x16,0xbc209	 x16=0x3c20a890
       13245000	      1323	80001898	70096893	ori	x17,x18,1792	 x18:0x80009f4c x17=0x80009f4c
       13255000	      1324	8000189c	41f5d333	sra	x6,x11,x31	 x11:0x00000000 x31:0xfbfbaf00  x6=0x00000000
       13265000	      1325	800018a0	049cd063	bge	x25,x9,800018e0	 x25:0x7fff5b6e  x9:0xb6e2b888
       13275000	      1326	00000000	00000013	addi	x0,x0,0	  x0:0x00000000
       13285000	      1327	800018dc	00000013	addi	x0,x0,0	  x0:0x00000000
       13295000	      1328	800018e0	01424f33	xor	x30,x4,x20	  x4:0xffffffad x20:0x7fff6077 x30=0x80009fda
       13305000	      1329	800018e4	03ccc463	blt	x25,x28,8000190c	 x25:0x7fff5b6e x28:0xac601075
       13315000	      1330	800018e8	01046c33	or	x24,x8,x16	  x8:0x0001447e x16:0x3c20a890 x24=0x3c21ecfe
       13325000	      1331	800018ec	f0ce0993	addi	x19,x28,-244	 x28:0xac601075 x19=0xac600f81
       13335000	      1332	800018f0	017b8cb3	add	x25,x23,x23	 x23:0x26823000 x23:0x26823000 x25=0x4d046000
       13345000	      1333	800018f4	030ade63	bge	x21,x16,80001930	 x21:0xe3700000 x16:0x3c20a890
       13355000	      1334	800018f8	01148663	beq	x9,x17,80001904	  x9:0xb6e2b888 x17:0x80009f4c
       13365000	      1335	800018fc	d52ef413	andi	x8,x29,-686	 x29:0x00000000  x8=0x00000000
       13375000	      1336	80001900	005e9e13	slli	x28,x29,0x5	 x29:0x00000000 x28=0x00000000
       13385000	      1337	80001904	01c46263	bltu	x8,x28,80001908	  x8:0x00000000 x28:0x00000000
       13395000	      1338	80001908	5f1ef413	andi	x8,x29,1521	 x29:0x00000000  x8=0x00000000
       13405000	      1339	8000190c	faae0193	addi	x3,x28,-86	 x28:0x00000000  x3=0xffffffaa
       13415000	      1340	80001910	ebb2f893	andi	x17,x5,-325	  x5:0x00000038 x17=0x00000038
       13425000	      1341	80001914	01d46fb3	or	x31,x8,x29	  x8:0x00000000 x29:0x00000000 x31=0x00000000
       13435000	      1342	80001918	00a403b3	add	x7,x8,x10	  x8:0x00000000 x10:0x80009fc4  x7=0x80009fc4
       13445000	      1343	8000191c	0068fbb3	and	x23,x17,x6	 x17:0x00000038  x6:0x00000000 x23=0x00000000
       13455000	      1344	80001920	00c29893	slli	x17,x5,0xc	  x5:0x00000038 x17=0x00038000
       13465000	      1345	80001924	f0d77017	auipc	x0,0xf0d77	
       13475000	      1346	80001928	04115463	bge	x2,x1,80001970	  x2:0xd97076ec  x1:0x00000000
       13485000	      1347	8000192c	046de263	bltu	x27,x6,80001970	 x27:0x00000000  x6:0x00000000
       13495000	      1348	80001930	018cf833	and	x16,x25,x24	 x25:0x4d046000 x24:0x3c21ecfe x16=0x0c006000
       13505000	      1349	80001934	00a0dab3	srl	x21,x1,x10	  x1:0x00000000 x10:0x80009fc4 x21=0x00000000
       13515000	      1350	80001938	025b9463	bne	x23,x5,80001960	 x23:0x00000000  x5:0x00000038
       13525000	      1351	00000000	00000013	addi	x0,x0,0	  x0:0x00000000
       13535000	      1352	8000195c	00000013	addi	x0,x0,0	  x0:0x00000000
       13545000	      1353	80001960	d858c993	xori	x19,x17,-635	 x17:0x00038000 x19=0xfffc7d85
       13555000	      1354	80001964	40f78bb3	sub	x23,x15,x15	 x15:0xffffffff x15:0xffffffff x23=0x00000000
       13565000	      1355	80001968	00cd9333	sll	x6,x27,x12	 x27:0x00000000 x12:0x90164ee6  x6=0x00000000
       13575000	      1356	8000196c	00000013	addi	x0,x0,0	  x0:0x00000000
       13585000	      1357	80001970	013c9a63	bne	x25,x19,80001984	 x25:0x4d046000 x19:0xfffc7d85
       13595000	      1358	00000000	00000013	addi	x0,x0,0	  x0:0x00000000
       13605000	      1359	80001980	00000013	addi	x0,x0,0	  x0:0x00000000
       13615000	      1360	80001984	051a7663	bgeu	x20,x17,800019d0	 x20:0x7fff6077 x17:0x00038000
       13625000	      1361	00000000	00000013	addi	x0,x0,0	  x0:0x00000000
       13635000	      1362	800019cc	00000013	addi	x0,x0,0	  x0:0x00000000
       13645000	      1363	800019d0	4214ca97	auipc	x21,0x4214c	 x21=0xc214d9cc
       13655000	      1364	800019d4	919a2fb7	lui	x31,0x919a2	 x31=0x919a2000
       13665000	      1365	800019d8	00000013	addi	x0,x0,0	  x0:0x00000000
       13675000	      1366	800019dc	f9b0bb93	sltiu	x23,x1,-101	  x1:0x00000000 x23=0x00000001
       13685000	      1367	800019e0	96ddf097	auipc	x1,0x96ddf	  x1=0x16de09dc
       13695000	      1368	800019e4	0dcef863	bgeu	x29,x28,80001ab4	 x29:0x00000000 x28:0x00000000
       13705000	      1369	00000000	00000013	addi	x0,x0,0	  x0:0x00000000
       13715000	      1370	80001ab0	00000013	addi	x0,x0,0	  x0:0x00000000
       13725000	      1371	80001ab4	4013dd93	srai	x27,x7,0x1	  x7:0x80009fc4 x27=0xc0004fe2
       13735000	      1372	80001ab8	001c9693	slli	x13,x25,0x1	 x25:0x4d046000 x13=0x9a08c000
       13745000	      1373	80001abc	8de13213	sltiu	x4,x2,-1826	  x2:0xd97076ec  x4=0x00000001
       13755000	      1374	80001ac0	e1537417	auipc	x8,0xe1537	  x8=0x61538abc
       13765000	      1375	80001ac4	19422693	slti	x13,x4,404	  x4:0x00000001 x13=0x00000001
       13775000	      1376	80001ac8	901c6313	ori	x6,x24,-1791	 x24:0x3c21ecfe  x6=0xfffffdff
       13785000	      1377	80001acc	00125b13	srli	x22,x4,0x1	  x4:0x00000001 x22=0x00000000
       13795000	      1378	80001ad0	00461a63	bne	x12,x4,80001ae4	 x12:0x90164ee6  x4:0x00000001
       13805000	      1379	00000000	00000013	addi	x0,x0,0	  x0:0x00000000
       13815000	      1380	80001ae0	00000013	addi	x0,x0,0	  x0:0x00000000
       13825000	      1381	80001ae4	413bd313	srai	x6,x23,0x13	 x23:0x00000001  x6=0x00000000
       13835000	      1382	80001ae8	ea7bca13	xori	x20,x23,-345	 x23:0x00000001 x20=0xfffffea6
       13845000	      1383	80001aec	03535e63	bge	x6,x21,80001b28	  x6:0x00000000 x21:0xc214d9cc
       13855000	      1384	00000000	00000013	addi	x0,x0,0	  x0:0x00000000
       13865000	      1385	80001b24	00000013	addi	x0,x0,0	  x0:0x00000000
       13875000	      1386	80001b28	01ead313	srli	x6,x21,0x1e	 x21:0xc214d9cc  x6=0x00000003
       13885000	      1387	80001b2c	64722ab7	lui	x21,0x64722	 x21=0x64722000
       13895000	      1388	80001b30	00eaa633	slt	x12,x21,x14	 x21:0x64722000 x14:0x000007a0 x12=0x00000000
       13905000	      1389	80001b34	003ccc33	xor	x24,x25,x3	 x25:0x4d046000  x3:0xffffffaa x24=0xb2fb9faa
       13915000	      1390	80001b38	002b94b3	sll	x9,x23,x2	 x23:0x00000001  x2:0xd97076ec  x9=0x00001000
       13925000	      1391	80001b3c	41d457b3	sra	x15,x8,x29	  x8:0x61538abc x29:0x00000000 x15=0x61538abc
       13935000	      1392	80001b40	9ee3c993	xori	x19,x7,-1554	  x7:0x80009fc4 x19=0x7fff662a
       13945000	      1393	80001b44	34b84997	auipc	x19,0x34b84	 x19=0xb4b85b40
       13955000	      1394	80001b48	028b1863	bne	x22,x8,80001b78	 x22:0x00000000  x8:0x61538abc
       13965000	      1395	00000000	00000013	addi	x0,x0,0	  x0:0x00000000
       13975000	      1396	80001b74	00000013	addi	x0,x0,0	  x0:0x00000000
       13985000	      1397	80001b78	015752b3	srl	x5,x14,x21	 x14:0x000007a0 x21:0x64722000  x5=0x000007a0
       13995000	      1398	80001b7c	014ef3b3	and	x7,x29,x20	 x29:0x00000000 x20:0xfffffea6  x7=0x00000000
       14005000	      1399	80001b80	d7ee7b93	andi	x23,x28,-642	 x28:0x00000000 x23=0x00000000
       14015000	      1400	80001b84	01c6f7b3	and	x15,x13,x28	 x13:0x00000001 x28:0x00000000 x15=0x00000000
       14025000	      1401	80001b88	0139d213	srli	x4,x19,0x13	 x19:0xb4b85b40  x4=0x00001697
       14035000	      1402	80001b8c	01c1ef33	or	x30,x3,x28	  x3:0xffffffaa x28:0x00000000 x30=0xffffffaa
       14045000	      1403	80001b90	02cfd663	bge	x31,x12,80001bbc	 x31:0x919a2000 x12:0x00000000
       14055000	      1404	80001b94	03c25463	bge	x4,x28,80001bbc	  x4:0x00001697 x28:0x00000000
       14065000	      1405	00000000	00000013	addi	x0,x0,0	  x0:0x00000000
       14075000	      1406	80001bb8	00000013	addi	x0,x0,0	  x0:0x00000000
       14085000	      1407	80001bbc	b17f7b97	auipc	x23,0xb17f7	 x23=0x317f8bb8
       14095000	      1408	80001bc0	4158d733	sra	x14,x17,x21	 x17:0x00038000 x21:0x64722000 x14=0x00038000
       14105000	      1409	80001bc4	2334ec93	ori	x25,x9,563	  x9:0x00001000 x25=0x00001233
       14115000	      1410	80001bc8	deed7893	andi	x17,x26,-530	 x26:0x00000000 x17=0x00000000
       14125000	      1411	80001bcc	7c35e1b7	lui	x3,0x7c35e	  x3=0x7c35e000
       14135000	      1412	80001bd0	01ad8333	add	x6,x27,x26	 x27:0xc0004fe2 x26:0x00000000  x6=0xc0004fe2
       14145000	      1413	80001bd4	00000013	addi	x0,x0,0	  x0:0x00000000
       14155000	      1414	80001bd8	00828ab3	add	x21,x5,x8	  x5:0x000007a0  x8:0x61538abc x21=0x6153925c
       14165000	      1415	80001bdc	00492203	lw	x4,4(x18)	 x18:0x80009f4c  x4=0x800007f0 PA:0x80009f50
       14175000	      1416	00000000	00000013	addi	x0,x0,0	  x0:0x00000000
       14185000	      1417	80001be0	964aa993	slti	x19,x21,-1692	 x21:0x6153925c x19=0x00000000
       14195000	      1418	80001be4	415b52b3	sra	x5,x22,x21	 x22:0x00000000 x21:0x6153925c  x5=0x00000000
       14205000	      1419	80001be8	03890913	addi	x18,x18,56	 x18:0x80009f4c x18=0x80009f84
       14215000	      1420	80001bec	012ed993	srli	x19,x29,0x12	 x29:0x00000000 x19=0x00000000
       14225000	      1421	80001bf0	00120393	addi	x7,x4,1	  x4:0x800007f0  x7=0x800007f1
       14235000	      1422	80001bf4	000383e7	jalr	x7,x7,0	  x7:0x800007f1  x7=0x80001bf4
       14245000	      1423	00000000	00000013	addi	x0,x0,0	  x0:0x00000000
       14255000	      1424	800007f0	00000013	addi	x0,x0,0	  x0:0x00000000
       14265000	      1425	800007f4	015d5833	srl	x16,x26,x21	 x26:0x00000000 x21:0x6153925c x16=0x00000000
       14275000	      1426	800007f8	01ddde33	srl	x28,x27,x29	 x27:0xc0004fe2 x29:0x00000000 x28=0xc0004fe2
       14285000	      1427	800007fc	01b65d33	srl	x26,x12,x27	 x12:0x00000000 x27:0xc0004fe2 x26=0x00000000
       14295000	      1428	80000800	73b37f97	auipc	x31,0x73b37	 x31=0xf3b377fc
       14305000	      1429	80000804	00ae07b3	add	x15,x28,x10	 x28:0xc0004fe2 x10:0x80009fc4 x15=0x4000efa6
       14315000	      1430	80000808	00b39463	bne	x7,x11,80000810	  x7:0x80001bf4 x11:0x00000000
       14325000	      1431	00000000	00000013	addi	x0,x0,0	  x0:0x00000000
       14335000	      1432	8000080c	00000013	addi	x0,x0,0	  x0:0x00000000
       14345000	      1433	80000810	ddec6a17	auipc	x20,0xddec6	 x20=0x5dec680c
       14355000	      1434	80000814	00e7bfb3	sltu	x31,x15,x14	 x15:0x4000efa6 x14:0x00038000 x31=0x00000000
       14365000	      1435	80000818	013a9693	slli	x13,x21,0x13	 x21:0x6153925c x13=0x92e00000
       14375000	      1436	8000081c	00c85263	bge	x16,x12,80000820	 x16:0x00000000 x12:0x00000000
       14385000	      1437	00000000	00000013	addi	x0,x0,0	  x0:0x00000000
       14395000	      1438	8000081c	00000013	addi	x0,x0,0	  x0:0x00000000
       14405000	      1439	80000820	01c13fb3	sltu	x31,x2,x28	  x2:0xd97076ec x28:0xc0004fe2 x31=0x00000000
       14415000	      1440	80000824	01f71e13	slli	x28,x14,0x1f	 x14:0x00038000 x28=0x00000000
       14425000	      1441	80000828	000c6c63	bltu	x24,x0,80000840	 x24:0xb2fb9faa  x0:0x00000000
       14435000	      1442	8000082c	03034a63	blt	x6,x16,80000860	  x6:0xc0004fe2 x16:0x00000000
       14445000	      1443	00000000	00000013	addi	x0,x0,0	  x0:0x00000000
       14455000	      1444	8000085c	00000013	addi	x0,x0,0	  x0:0x00000000
       14465000	      1445	80000860	02d98c63	beq	x19,x13,80000898	 x19:0x00000000 x13:0x92e00000
       14475000	      1446	80000864	0170fc33	and	x24,x1,x23	  x1:0x16de09dc x23:0x317f8bb8 x24=0x105e0998
       14485000	      1447	80000868	005aa5b3	slt	x11,x21,x5	 x21:0x6153925c  x5:0x00000000 x11=0x00000000
       14495000	      1448	8000086c	40688d33	sub	x26,x17,x6	 x17:0x00000000  x6:0xc0004fe2 x26=0x3fffb01e
       14505000	      1449	80000870	0084ee63	bltu	x9,x8,8000088c	  x9:0x00001000  x8:0x61538abc
       14515000	      1450	00000000	00000013	addi	x0,x0,0	  x0:0x00000000
       14525000	      1451	80000888	00000013	addi	x0,x0,0	  x0:0x00000000
       14535000	      1452	8000088c	9fee7037	lui	x0,0x9fee7	
       14545000	      1453	80000890	07632493	slti	x9,x6,118	  x6:0xc0004fe2  x9=0x00000001
       14555000	      1454	80000894	00000013	addi	x0,x0,0	  x0:0x00000000
       14565000	      1455	80000898	dd556713	ori	x14,x10,-555	 x10:0x80009fc4 x14=0xffffffd5
       14575000	      1456	8000089c	00cc8c33	add	x24,x25,x12	 x25:0x00001233 x12:0x00000000 x24=0x00001233
       14585000	      1457	800008a0	004b7033	and	x0,x22,x4	 x22:0x00000000  x4:0x800007f0
       14595000	      1458	800008a4	41c05833	sra	x16,x0,x28	  x0:0x00000000 x28:0x00000000 x16=0x00000000
       14605000	      1459	800008a8	001ce263	bltu	x25,x1,800008ac	 x25:0x00001233  x1:0x16de09dc
       14615000	      1460	00000000	00000013	addi	x0,x0,0	  x0:0x00000000
       14625000	      1461	800008a8	00000013	addi	x0,x0,0	  x0:0x00000000
       14635000	      1462	800008ac	1a023c93	sltiu	x25,x4,416	  x4:0x800007f0 x25=0x00000000
       14645000	      1463	800008b0	411b8433	sub	x8,x23,x17	 x23:0x317f8bb8 x17:0x00000000  x8=0x317f8bb8
       14655000	      1464	800008b4	40c95393	srai	x7,x18,0xc	 x18:0x80009f84  x7=0xfff80009
       14665000	      1465	800008b8	a7283113	sltiu	x2,x16,-1422	 x16:0x00000000  x2=0x00000001
       14675000	      1466	800008bc	dc7dbf93	sltiu	x31,x27,-569	 x27:0xc0004fe2 x31=0x00000001
       14685000	      1467	800008c0	406a0733	sub	x14,x20,x6	 x20:0x5dec680c  x6:0xc0004fe2 x14=0x9dec182a
       14695000	      1468	800008c4	89227193	andi	x3,x4,-1902	  x4:0x800007f0  x3=0x80000090
       14705000	      1469	800008c8	0020de63	bge	x1,x2,800008e4	  x1:0x16de09dc  x2:0x00000001
       14715000	      1470	00000000	00000013	addi	x0,x0,0	  x0:0x00000000
       14725000	      1471	800008e0	00000013	addi	x0,x0,0	  x0:0x00000000
       14735000	      1472	800008e4	05729263	bne	x5,x23,80000928	  x5:0x00000000 x23:0x317f8bb8
       14745000	      1473	00000000	00000013	addi	x0,x0,0	  x0:0x00000000
       14755000	      1474	80000924	00000013	addi	x0,x0,0	  x0:0x00000000
       14765000	      1475	80000928	018fc1b3	xor	x3,x31,x24	 x31:0x00000001 x24:0x00001233  x3=0x00001232
       14775000	      1476	8000092c	00000013	addi	x0,x0,0	  x0:0x00000000
       14785000	      1477	80000930	416cd4b3	sra	x9,x25,x22	 x25:0x00000000 x22:0x00000000  x9=0x00000000
       14795000	      1478	80000934	406c8133	sub	x2,x25,x6	 x25:0x00000000  x6:0xc0004fe2  x2=0x3fffb01e
       14805000	      1479	80000938	a7a50713	addi	x14,x10,-1414	 x10:0x80009fc4 x14=0x80009a3e
       14815000	      1480	8000093c	41245d93	srai	x27,x8,0x12	  x8:0x317f8bb8 x27=0x00000c5f
       14825000	      1481	80000940	68baf813	andi	x16,x21,1675	 x21:0x6153925c x16=0x00000208
       14835000	      1482	80000944	05cc7f17	auipc	x30,0x5cc7	 x30=0x85cc7940
       14845000	      1483	80000948	40cd8833	sub	x16,x27,x12	 x27:0x00000c5f x12:0x00000000 x16=0x00000c5f
       14855000	      1484	8000094c	6f31a713	slti	x14,x3,1779	  x3:0x00001232 x14=0x00000000
       14865000	      1485	80000950	01415733	srl	x14,x2,x20	  x2:0x3fffb01e x20:0x5dec680c x14=0x0003fffb
       14875000	      1486	80000954	010383b3	add	x7,x7,x16	  x7:0xfff80009 x16:0x00000c5f  x7=0xfff80c68
       14885000	      1487	80000958	23094813	xori	x16,x18,560	 x18:0x80009f84 x16=0x80009db4
       14895000	      1488	8000095c	01939633	sll	x12,x7,x25	  x7:0xfff80c68 x25:0x00000000 x12=0xfff80c68
       14905000	      1489	80000960	a40912b7	lui	x5,0xa4091	  x5=0xa4091000
       14915000	      1490	80000964	41730fb3	sub	x31,x6,x23	  x6:0xc0004fe2 x23:0x317f8bb8 x31=0x8e80c42a
       14925000	      1491	80000968	00614c63	blt	x2,x6,80000980	  x2:0x3fffb01e  x6:0xc0004fe2
       14935000	      1492	8000096c	000fb9b3	sltu	x19,x31,x0	 x31:0x8e80c42a  x0:0x00000000 x19=0x00000000
       14945000	      1493	80000970	00671793	slli	x15,x14,0x6	 x14:0x0003fffb x15=0x00fffec0
       14955000	      1494	80000974	04e05263	bge	x0,x14,800009b8	  x0:0x00000000 x14:0x0003fffb
       14965000	      1495	80000978	00247fb3	and	x31,x8,x2	  x8:0x317f8bb8  x2:0x3fffb01e x31=0x317f8018
       14975000	      1496	8000097c	0408e463	bltu	x17,x0,800009c4	 x17:0x00000000  x0:0x00000000
       14985000	      1497	80000980	00000013	addi	x0,x0,0	  x0:0x00000000
       14995000	      1498	80000984	01f37233	and	x4,x6,x31	  x6:0xc0004fe2 x31:0x317f8018  x4=0x00000000
       15005000	      1499	80000988	00551333	sll	x6,x10,x5	 x10:0x80009fc4  x5:0xa4091000  x6=0x80009fc4
       15015000	      1500	8000098c	82066893	ori	x17,x12,-2016	 x12:0xfff80c68 x17=0xfffffc68
       15025000	      1501	80000990	40600833	sub	x16,x0,x6	  x0:0x00000000  x6:0x80009fc4 x16=0x7fff603c
       15035000	      1502	80000994	01f7fe63	bgeu	x15,x31,800009b0	 x15:0x00fffec0 x31:0x317f8018
       15045000	      1503	80000998	01741e63	bne	x8,x23,800009b4	  x8:0x317f8bb8 x23:0x317f8bb8
       15055000	      1504	8000099c	0067df33	srl	x30,x15,x6	 x15:0x00fffec0  x6:0x80009fc4 x30=0x000fffec
       15065000	      1505	800009a0	0044de33	srl	x28,x9,x4	  x9:0x00000000  x4:0x00000000 x28=0x00000000
       15075000	      1506	800009a4	d0bef893	andi	x17,x29,-757	 x29:0x00000000 x17=0x00000000
       15085000	      1507	800009a8	01696c33	or	x24,x18,x22	 x18:0x80009f84 x22:0x00000000 x24=0x80009f84
       15095000	      1508	800009ac	2a722113	slti	x2,x4,679	  x4:0x00000000  x2=0x00000001
       15105000	      1509	800009b0	00151863	bne	x10,x1,800009c0	 x10:0x80009fc4  x1:0x16de09dc
       15115000	      1510	00000000	00000013	addi	x0,x0,0	  x0:0x00000000
       15125000	      1511	800009bc	00000013	addi	x0,x0,0	  x0:0x00000000
       15135000	      1512	800009c0	01059f93	slli	x31,x11,0x10	 x11:0x00000000 x31=0x00000000
       15145000	      1513	800009c4	418dd3b3	sra	x7,x27,x24	 x27:0x00000c5f x24:0x80009f84  x7=0x000000c5
       15155000	      1514	800009c8	05e4d463	bge	x9,x30,80000a10	  x9:0x00000000 x30:0x000fffec
       15165000	      1515	800009cc	02de9063	bne	x29,x13,800009ec	 x29:0x00000000 x13:0x92e00000
       15175000	      1516	00000000	00000013	addi	x0,x0,0	  x0:0x00000000
       15185000	      1517	800009e8	00000013	addi	x0,x0,0	  x0:0x00000000
       15195000	      1518	800009ec	006c7263	bgeu	x24,x6,800009f0	 x24:0x80009f84  x6:0x80009fc4
       15205000	      1519	800009f0	f462c493	xori	x9,x5,-186	  x5:0xa4091000  x9=0x5bf6ef46
       15215000	      1520	800009f4	8aa93713	sltiu	x14,x18,-1878	 x18:0x80009f84 x14=0x00000001
       15225000	      1521	800009f8	411ede13	srai	x28,x29,0x11	 x29:0x00000000 x28=0x00000000
       15235000	      1522	800009fc	006347b3	xor	x15,x6,x6	  x6:0x80009fc4  x6:0x80009fc4 x15=0x00000000
       15245000	      1523	80000a00	015aedb3	or	x27,x21,x21	 x21:0x6153925c x21:0x6153925c x27=0x6153925c
       15255000	      1524	80000a04	01b91d33	sll	x26,x18,x27	 x18:0x80009f84 x27:0x6153925c x26=0x40000000
       15265000	      1525	80000a08	00dcd213	srli	x4,x25,0xd	 x25:0x00000000  x4=0x00000000
       15275000	      1526	80000a0c	017d20b3	slt	x1,x26,x23	 x26:0x40000000 x23:0x317f8bb8  x1=0x00000000
       15285000	      1527	80000a10	011436b3	sltu	x13,x8,x17	  x8:0x317f8bb8 x17:0x00000000 x13=0x00000000
       15295000	      1528	80000a14	4fb5f213	andi	x4,x11,1275	 x11:0x00000000  x4=0x00000000
       15305000	      1529	80000a18	00fe57b3	srl	x15,x28,x15	 x28:0x00000000 x15:0x00000000 x15=0x00000000
       15315000	      1530	80000a1c	01be7a33	and	x20,x28,x27	 x28:0x00000000 x27:0x6153925c x20=0x00000000
       15325000	      1531	80000a20	002a5e63	bge	x20,x2,80000a3c	 x20:0x00000000  x2:0x00000001
       15335000	      1532	80000a24	019f78b3	and	x17,x30,x25	 x30:0x000fffec x25:0x00000000 x17=0x00000000
       15345000	      1533	80000a28	00000013	addi	x0,x0,0	  x0:0x00000000
       15355000	      1534	80000a2c	407edd33	sra	x26,x29,x7	 x29:0x00000000  x7:0x000000c5 x26=0x00000000
       15365000	      1535	80000a30	07fc5c63	bge	x24,x31,80000aa8	 x24:0x80009f84 x31:0x00000000
       15375000	      1536	80000a34	f418c617	auipc	x12,0xf418c	 x12=0x7418ca30
       15385000	      1537	80000a38	20cde813	ori	x16,x27,524	 x27:0x6153925c x16=0x6153925c
       15395000	      1538	80000a3c	bf75c893	xori	x17,x11,-1033	 x11:0x00000000 x17=0xfffffbf7
       15405000	      1539	80000a40	26cfb713	sltiu	x14,x31,620	 x31:0x00000000 x14=0x00000001
       15415000	      1540	80000a44	00599113	slli	x2,x19,0x5	 x19:0x00000000  x2=0x00000000
       15425000	      1541	80000a48	4d753b13	sltiu	x22,x10,1239	 x10:0x80009fc4 x22=0x00000000
       15435000	      1542	80000a4c	015cc863	blt	x25,x21,80000a5c	 x25:0x00000000 x21:0x6153925c
       15445000	      1543	00000000	00000013	addi	x0,x0,0	  x0:0x00000000
       15455000	      1544	80000a58	00000013	addi	x0,x0,0	  x0:0x00000000
       15465000	      1545	80000a5c	04980e63	beq	x16,x9,80000ab8	 x16:0x6153925c  x9:0x5bf6ef46
       15475000	      1546	80000a60	01c96333	or	x6,x18,x28	 x18:0x80009f84 x28:0x00000000  x6=0x80009f84
       15485000	      1547	80000a64	00008c17	auipc	x24,0x8	 x24=0x80008a60
       15495000	      1548	80000a68	8fcc0c13	addi	x24,x24,-1796	 x24:0x80008a60 x24=0x8000835c
       15505000	      1549	80000a6c	fcdc0aa3	sb	x13,-43(x24)	 x24:0x8000835c x13:0x00000000 PA:0x80008331
       15515000	      1550	80000a70	fc7c0383	lb	x7,-57(x24)	 x24:0x8000835c  x7=0x00000000 PA:0x80008323
       15525000	      1551	80000a74	00008a17	auipc	x20,0x8	 x20=0x80008a70
       15535000	      1552	80000a78	c0ba0a13	addi	x20,x20,-1013	 x20:0x80008a70 x20=0x8000867b
       15545000	      1553	80000a7c	03ba4d03	lbu	x26,59(x20)	 x20:0x8000867b x26=0x00000000 PA:0x800086b6
       15555000	      1554	80000a80	021c0983	lb	x19,33(x24)	 x24:0x8000835c x19=0x00000000 PA:0x8000837d
       15565000	      1555	80000a84	00aa4983	lbu	x19,10(x20)	 x20:0x8000867b x19=0x00000000 PA:0x80008685
       15575000	      1556	80000a88	01dc1b23	sh	x29,22(x24)	 x24:0x8000835c x29:0x00000000 PA:0x80008372
       15585000	      1557	80000a8c	ffcc4583	lbu	x11,-4(x24)	 x24:0x8000835c x11=0x00000000 PA:0x80008358
       15595000	      1558	80000a90	007a0023	sb	x7,0(x20)	 x20:0x8000867b  x7:0x00000000 PA:0x8000867b
       15605000	      1559	80000a94	010a0683	lb	x13,16(x20)	 x20:0x8000867b x13=0x00000000 PA:0x8000868b
       15615000	      1560	80000a98	00fc0883	lb	x17,15(x24)	 x24:0x8000835c x17=0xffffff80 PA:0x8000836b
       15625000	      1561	80000a9c	02ac0003	lb	x0,42(x24)	 x24:0x8000835c PA:0x80008386
       15635000	      1562	80000aa0	013a02a3	sb	x19,5(x20)	 x20:0x8000867b x19:0x00000000 PA:0x80008680
       15645000	      1563	80000aa4	00fa22a3	sw	x15,5(x20)	 x20:0x8000867b x15:0x00000000 PA:0x80008680
       15655000	      1564	80000aa8	0191f4b3	and	x9,x3,x25	  x3:0x00001232 x25:0x00000000  x9=0x00000000
       15665000	      1565	80000aac	030df417	auipc	x8,0x30df	  x8=0x830dfaa8
       15675000	      1566	80000ab0	41cfbb13	sltiu	x22,x31,1052	 x31:0x00000000 x22=0x00000001
       15685000	      1567	80000ab4	00c605b3	add	x11,x12,x12	 x12:0x7418ca30 x12:0x7418ca30 x11=0xe8319460
       15695000	      1568	80000ab8	00c27633	and	x12,x4,x12	  x4:0x00000000 x12:0x7418ca30 x12=0x00000000
       15705000	      1569	80000abc	4bb6b813	sltiu	x16,x13,1211	 x13:0x00000000 x16=0x00000001
       15715000	      1570	80000ac0	da6eb793	sltiu	x15,x29,-602	 x29:0x00000000 x15=0x00000001
       15725000	      1571	80000ac4	00d961b3	or	x3,x18,x13	 x18:0x80009f84 x13:0x00000000  x3=0x80009f84
       15735000	      1572	80000ac8	fcc28113	addi	x2,x5,-52	  x5:0xa4091000  x2=0xa4090fcc
       15745000	      1573	80000acc	3de25cb7	lui	x25,0x3de25	 x25=0x3de25000
       15755000	      1574	80000ad0	01446f33	or	x30,x8,x20	  x8:0x830dfaa8 x20:0x8000867b x30=0x830dfefb
       15765000	      1575	80000ad4	04f59463	bne	x11,x15,80000b1c	 x11:0xe8319460 x15:0x00000001
       15775000	      1576	00000000	00000013	addi	x0,x0,0	  x0:0x00000000
       15785000	      1577	80000b18	00000013	addi	x0,x0,0	  x0:0x00000000
       15795000	      1578	80000b1c	24df2b93	slti	x23,x30,589	 x30:0x830dfefb x23=0x00000001
       15805000	      1579	80000b20	0055dfb3	srl	x31,x11,x5	 x11:0xe8319460  x5:0xa4091000 x31=0xe8319460
       15815000	      1580	80000b24	014e0bb3	add	x23,x28,x20	 x28:0x00000000 x20:0x8000867b x23=0x8000867b
       15825000	      1581	80000b28	00d51a13	slli	x20,x10,0xd	 x10:0x80009fc4 x20=0x13f88000
       15835000	      1582	80000b2c	007fe433	or	x8,x31,x7	 x31:0xe8319460  x7:0x00000000  x8=0xe8319460
       15845000	      1583	80000b30	03e05a63	bge	x0,x30,80000b64	  x0:0x00000000 x30:0x830dfefb
       15855000	      1584	00000000	00000013	addi	x0,x0,0	  x0:0x00000000
       15865000	      1585	80000b60	00000013	addi	x0,x0,0	  x0:0x00000000
       15875000	      1586	80000b64	63920c93	addi	x25,x4,1593	  x4:0x00000000 x25=0x00000639
       15885000	      1587	80000b68	00000e97	auipc	x29,0x0	 x29=0x80000b64
       15895000	      1588	80000b6c	00ce8e93	addi	x29,x29,12	 x29:0x80000b64 x29=0x80000b70
       15905000	      1589	80000b70	000e8067	jalr	x0,x29,0	 x29:0x80000b70
       15915000	      1590	00000000	00000013	addi	x0,x0,0	  x0:0x00000000
       15925000	      1591	80000b70	00000013	addi	x0,x0,0	  x0:0x00000000
       15935000	      1592	80000b74	00100193	addi	x3,x0,1	  x0:0x00000000  x3=0x00000001
       15945000	      1593	80000b78	00000073	ecall	
       15955000	      1594	80000b7c	2eab6c93	ori	x25,x22,746	 x22:0x00000001 x25=0x000002eb
