		Time			Cycle	PC		Insn	Decoded instruction	Register and memory contents
          65000	         5	80000004	00000293	addi	x5,x0,0	  x0:0x00000000  x5=0x00000000
          75000	         6	80000008	00000313	addi	x6,x0,0	  x0:0x00000000  x6=0x00000000
          85000	         7	8000000c	00628263	beq	x5,x6,80000010	  x5:0x00000000  x6:0x00000000
          95000	         8	00000000	00000013	addi	x0,x0,0	  x0:0x00000000
         105000	         9	8000000c	00000013	addi	x0,x0,0	  x0:0x00000000
         115000	        10	80000010	00000d97	auipc	x27,0x0	 x27=0x8000000c
         125000	        11	80000014	00cd8d93	addi	x27,x27,12	 x27:0x8000000c x27=0x80000018
         135000	        12	80000018	000d8067	jalr	x0,x27,0	 x27:0x80000018
         145000	        13	00000000	00000013	addi	x0,x0,0	  x0:0x00000000
         155000	        14	80000018	00000013	addi	x0,x0,0	  x0:0x00000000
         165000	        15	8000001c	40000ab7	lui	x21,0x40000	 x21=0x40000000
         175000	        16	80000020	100a8a93	addi	x21,x21,256	 x21:0x40000000 x21=0x40000100
         185000	        17	80000024	00000013	addi	x0,x0,0	  x0:0x00000000
         195000	        18	80000028	0000a917	auipc	x18,0xa	 x18=0x8000a024
         205000	        19	8000002c	fa090913	addi	x18,x18,-96	 x18:0x8000a024 x18=0x80009fc4
         215000	        20	80000030	00003a97	auipc	x21,0x3	 x21=0x8000302c
         225000	        21	80000034	854a8a93	addi	x21,x21,-1964	 x21:0x8000302c x21=0x80002880
         235000	        22	80000038	001aea93	ori	x21,x21,1	 x21:0x80002880 x21=0x80002881
         245000	        23	8000003c	00000013	addi	x0,x0,0	  x0:0x00000000
         255000	        24	80000040	00000a97	auipc	x21,0x0	 x21=0x8000003c
         265000	        25	80000044	020a8a93	addi	x21,x21,32	 x21:0x8000003c x21=0x8000005c
         275000	        26	80000048	00000013	addi	x0,x0,0	  x0:0x00000000
         285000	        27	8000004c	00000013	addi	x0,x0,0	  x0:0x00000000
         295000	        28	80000050	00002ab7	lui	x21,0x2	 x21=0x00002000
         305000	        29	80000054	800a8a93	addi	x21,x21,-2048	 x21:0x00002000 x21=0x00001800
         315000	        30	80000058	00000013	addi	x0,x0,0	  x0:0x00000000
         325000	        31	8000005c	00000013	addi	x0,x0,0	  x0:0x00000000
         335000	        32	80000060	80000037	lui	x0,0x80000	
         345000	        33	80000064	00000013	addi	x0,x0,0	  x0:0x00000000
         355000	        34	80000068	00200093	addi	x1,x0,2	  x0:0x00000000  x1=0x00000002
         365000	        35	8000006c	80000137	lui	x2,0x80000	  x2=0x80000000
         375000	        36	80000070	00000193	addi	x3,x0,0	  x0:0x00000000  x3=0x00000000
         385000	        37	80000074	80000237	lui	x4,0x80000	  x4=0x80000000
         395000	        38	80000078	00000293	addi	x5,x0,0	  x0:0x00000000  x5=0x00000000
         405000	        39	8000007c	f37d3337	lui	x6,0xf37d3	  x6=0xf37d3000
         415000	        40	80000080	7ba30313	addi	x6,x6,1978	  x6:0xf37d3000  x6=0xf37d37ba
         425000	        41	80000084	80000437	lui	x8,0x80000	  x8=0x80000000
         435000	        42	80000088	00000493	addi	x9,x0,0	  x0:0x00000000  x9=0x00000000
         445000	        43	8000008c	c575d537	lui	x10,0xc575d	 x10=0xc575d000
         455000	        44	80000090	d2950513	addi	x10,x10,-727	 x10:0xc575d000 x10=0xc575cd29
         465000	        45	80000094	800005b7	lui	x11,0x80000	 x11=0x80000000
         475000	        46	80000098	a19d1637	lui	x12,0xa19d1	 x12=0xa19d1000
         485000	        47	8000009c	93760613	addi	x12,x12,-1737	 x12:0xa19d1000 x12=0xa19d0937
         495000	        48	800000a0	ba5f06b7	lui	x13,0xba5f0	 x13=0xba5f0000
         505000	        49	800000a4	fc168693	addi	x13,x13,-63	 x13:0xba5f0000 x13=0xba5effc1
         515000	        50	800000a8	3a054737	lui	x14,0x3a054	 x14=0x3a054000
         525000	        51	800000ac	cf270713	addi	x14,x14,-782	 x14:0x3a054000 x14=0x3a053cf2
         535000	        52	800000b0	00d00793	addi	x15,x0,13	  x0:0x00000000 x15=0x0000000d
         545000	        53	800000b4	80000837	lui	x16,0x80000	 x16=0x80000000
         555000	        54	800000b8	f416e8b7	lui	x17,0xf416e	 x17=0xf416e000
         565000	        55	800000bc	74588893	addi	x17,x17,1861	 x17:0xf416e000 x17=0xf416e745
         575000	        56	800000c0	800009b7	lui	x19,0x80000	 x19=0x80000000
         585000	        57	800000c4	00000a13	addi	x20,x0,0	  x0:0x00000000 x20=0x00000000
         595000	        58	800000c8	00000a93	addi	x21,x0,0	  x0:0x00000000 x21=0x00000000
         605000	        59	800000cc	80000b37	lui	x22,0x80000	 x22=0x80000000
         615000	        60	800000d0	80000bb7	lui	x23,0x80000	 x23=0x80000000
         625000	        61	800000d4	ea90cc37	lui	x24,0xea90c	 x24=0xea90c000
         635000	        62	800000d8	507c0c13	addi	x24,x24,1287	 x24:0xea90c000 x24=0xea90c507
         645000	        63	800000dc	80000cb7	lui	x25,0x80000	 x25=0x80000000
         655000	        64	800000e0	00800d13	addi	x26,x0,8	  x0:0x00000000 x26=0x00000008
         665000	        65	800000e4	f9050db7	lui	x27,0xf9050	 x27=0xf9050000
         675000	        66	800000e8	8bbd8d93	addi	x27,x27,-1861	 x27:0xf9050000 x27=0xf904f8bb
         685000	        67	800000ec	80000e37	lui	x28,0x80000	 x28=0x80000000
         695000	        68	800000f0	31533eb7	lui	x29,0x31533	 x29=0x31533000
         705000	        69	800000f4	947e8e93	addi	x29,x29,-1721	 x29:0x31533000 x29=0x31532947
         715000	        70	800000f8	f46e3f37	lui	x30,0xf46e3	 x30=0xf46e3000
         725000	        71	800000fc	917f0f13	addi	x30,x30,-1769	 x30:0xf46e3000 x30=0xf46e2917
         735000	        72	80000100	80000fb7	lui	x31,0x80000	 x31=0x80000000
         745000	        73	80000104	0000a397	auipc	x7,0xa	  x7=0x8000a100
         755000	        74	80000108	e8438393	addi	x7,x7,-380	  x7:0x8000a100  x7=0x80009f84
         765000	        75	8000010c	00008117	auipc	x2,0x8	  x2=0x80008108
         775000	        76	80000110	44110113	addi	x2,x2,1089	  x2:0x80008108  x2=0x80008549
         785000	        77	80000114	ff810c23	sb	x24,-8(x2)	  x2:0x80008549 x24:0xea90c507 PA:0x80008541
         795000	        78	80000118	00ebd1b3	srl	x3,x23,x14	 x23:0x80000000 x14:0x3a053cf2  x3=0x00002000
         805000	        79	8000011c	ff814c83	lbu	x25,-8(x2)	  x2:0x80008549 x25=0x00000007 PA:0x80008541
         815000	        80	80000120	004c1713	slli	x14,x24,0x4	 x24:0xea90c507 x14=0xa90c5070
         825000	        81	80000124	ff710c23	sb	x23,-8(x2)	  x2:0x80008549 x23:0x80000000 PA:0x80008541
         835000	        82	80000128	00314883	lbu	x17,3(x2)	  x2:0x80008549 x17=0x00000000 PA:0x8000854c
         845000	        83	8000012c	00410583	lb	x11,4(x2)	  x2:0x80008549 x11=0x00000000 PA:0x8000854d
         855000	        84	80000130	00e10223	sb	x14,4(x2)	  x2:0x80008549 x14:0xa90c5070 PA:0x8000854d
         865000	        85	80000134	0180df33	srl	x30,x1,x24	  x1:0x00000002 x24:0xea90c507 x30=0x00000000
         875000	        86	80000138	00410223	sb	x4,4(x2)	  x2:0x80008549  x4:0x80000000 PA:0x8000854d
         885000	        87	8000013c	fe010a23	sb	x0,-12(x2)	  x2:0x80008549  x0:0x00000000 PA:0x8000853d
         895000	        88	80000140	ff414483	lbu	x9,-12(x2)	  x2:0x80008549  x9=0x00000000 PA:0x8000853d
         905000	        89	80000144	fff14e03	lbu	x28,-1(x2)	  x2:0x80008549 x28=0x00000000 PA:0x80008548
         915000	        90	80000148	d1aee413	ori	x8,x29,-742	 x29:0x31532947  x8=0xfffffd5f
         925000	        91	8000014c	0145a433	slt	x8,x11,x20	 x11:0x00000000 x20:0x00000000  x8=0x00000000
         935000	        92	80000150	ff214303	lbu	x6,-14(x2)	  x2:0x80008549  x6=0x00000000 PA:0x8000853b
         945000	        93	80000154	40127213	andi	x4,x4,1025	  x4:0x80000000  x4=0x00000000
         955000	        94	80000158	56ebdb37	lui	x22,0x56ebd	 x22=0x56ebd000
         965000	        95	8000015c	ff214a83	lbu	x21,-14(x2)	  x2:0x80008549 x21=0x00000000 PA:0x8000853b
         975000	        96	80000160	ff410923	sb	x20,-14(x2)	  x2:0x80008549 x20:0x00000000 PA:0x8000853b
         985000	        97	80000164	fe210923	sb	x2,-14(x2)	  x2:0x80008549  x2:0x80008549 PA:0x8000853b
         995000	        98	80000168	ff710923	sb	x23,-14(x2)	  x2:0x80008549 x23:0x80000000 PA:0x8000853b
        1005000	        99	8000016c	ff210483	lb	x9,-14(x2)	  x2:0x80008549  x9=0x00000000 PA:0x8000853b
        1015000	       100	80000170	ff210283	lb	x5,-14(x2)	  x2:0x80008549  x5=0x00000000 PA:0x8000853b
        1025000	       101	80000174	fef108a3	sb	x15,-15(x2)	  x2:0x80008549 x15:0x0000000d PA:0x8000853a
        1035000	       102	80000178	00810a83	lb	x21,8(x2)	  x2:0x80008549 x21=0x00000000 PA:0x80008551
        1045000	       103	8000017c	00008117	auipc	x2,0x8	  x2=0x80008178
        1055000	       104	80000180	2a710113	addi	x2,x2,679	  x2:0x80008178  x2=0x8000841f
        1065000	       105	80000184	07010223	sb	x16,100(x2)	  x2:0x8000841f x16:0x80000000 PA:0x80008483
        1075000	       106	80000188	04515e03	lhu	x28,69(x2)	  x2:0x8000841f x28=0x00000000 PA:0x80008464
        1085000	       107	8000018c	3a8ba613	slti	x12,x23,936	 x23:0x80000000 x12=0x00000001
        1095000	       108	80000190	02210b83	lb	x23,34(x2)	  x2:0x8000841f x23=0x00000000 PA:0x80008441
        1105000	       109	80000194	00000013	addi	x0,x0,0	  x0:0x00000000
        1115000	       110	80000198	0df15503	lhu	x10,223(x2)	  x2:0x8000841f x10=0x00000000 PA:0x800084fe
        1125000	       111	8000019c	0c610503	lb	x10,198(x2)	  x2:0x8000841f x10=0x00000000 PA:0x800084e5
        1135000	       112	800001a0	07dabeb7	lui	x29,0x7dab	 x29=0x07dab000
        1145000	       113	800001a4	09610723	sb	x22,142(x2)	  x2:0x8000841f x22:0x56ebd000 PA:0x800084ad
        1155000	       114	800001a8	ff4c0a13	addi	x20,x24,-12	 x24:0xea90c507 x20=0xea90c4fb
        1165000	       115	800001ac	06810a03	lb	x20,104(x2)	  x2:0x8000841f x20=0x00000000 PA:0x80008487
        1175000	       116	800001b0	096d85b7	lui	x11,0x96d8	 x11=0x096d8000
        1185000	       117	800001b4	f2910123	sb	x9,-222(x2)	  x2:0x8000841f  x9:0x00000000 PA:0x80008341
        1195000	       118	800001b8	0015d4b3	srl	x9,x11,x1	 x11:0x096d8000  x1:0x00000002  x9=0x025b6000
        1205000	       119	800001bc	f19107a3	sb	x25,-241(x2)	  x2:0x8000841f x25:0x00000007 PA:0x8000832e
        1215000	       120	800001c0	0d610883	lb	x17,214(x2)	  x2:0x8000841f x17=0x00000000 PA:0x800084f5
        1225000	       121	800001c4	415cdf93	srai	x31,x25,0x15	 x25:0x00000007 x31=0x00000000
        1235000	       122	800001c8	6711ad13	slti	x26,x3,1649	  x3:0x00002000 x26=0x00000000
        1245000	       123	800001cc	01571513	slli	x10,x14,0x15	 x14:0xa90c5070 x10=0x0e000000
        1255000	       124	800001d0	1ca62f93	slti	x31,x12,458	 x12:0x00000001 x31=0x00000001
        1265000	       125	800001d4	00c01a33	sll	x20,x0,x12	  x0:0x00000000 x12:0x00000001 x20=0x00000000
        1275000	       126	800001d8	f3c10723	sb	x28,-210(x2)	  x2:0x8000841f x28:0x00000000 PA:0x8000834d
        1285000	       127	800001dc	ae748293	addi	x5,x9,-1305	  x9:0x025b6000  x5=0x025b5ae7
        1295000	       128	800001e0	eaa4fb17	auipc	x22,0xeaa4f	 x22=0x6aa4f1dc
        1305000	       129	800001e4	ec45ff13	andi	x30,x11,-316	 x11:0x096d8000 x30=0x096d8000
        1315000	       130	800001e8	0f315283	lhu	x5,243(x2)	  x2:0x8000841f  x5=0x00000000 PA:0x80008512
        1325000	       131	800001ec	011a72b3	and	x5,x20,x17	 x20:0x00000000 x17:0x00000000  x5=0x00000000
        1335000	       132	800001f0	f6c14003	lbu	x0,-148(x2)	  x2:0x8000841f PA:0x8000838b
        1345000	       133	800001f4	0f814d03	lbu	x26,248(x2)	  x2:0x8000841f x26=0x00000000 PA:0x80008517
        1355000	       134	800001f8	09d124a3	sw	x29,137(x2)	  x2:0x8000841f x29:0x07dab000 PA:0x800084a8
        1365000	       135	800001fc	05c10203	lb	x4,92(x2)	  x2:0x8000841f  x4=0x00000000 PA:0x8000847b
        1375000	       136	80000200	00009517	auipc	x10,0x9	 x10=0x800091fc
        1385000	       137	80000204	99850513	addi	x10,x10,-1640	 x10:0x800091fc x10=0x80008b94
        1395000	       138	80000208	05650203	lb	x4,86(x10)	 x10:0x80008b94  x4=0x00000000 PA:0x80008bea
        1405000	       139	8000020c	00000013	addi	x0,x0,0	  x0:0x00000000
        1415000	       140	80000210	9547a813	slti	x16,x15,-1708	 x15:0x0000000d x16=0x00000000
        1425000	       141	80000214	3e3aa493	slti	x9,x21,995	 x21:0x00000000  x9=0x00000001
        1435000	       142	80000218	34693c93	sltiu	x25,x18,838	 x18:0x80009fc4 x25=0x00000000
        1445000	       143	8000021c	f2254183	lbu	x3,-222(x10)	 x10:0x80008b94  x3=0x00000000 PA:0x80008ab6
        1455000	       144	80000220	fd051483	lh	x9,-48(x10)	 x10:0x80008b94  x9=0x00000000 PA:0x80008b64
        1465000	       145	80000224	4041da13	srai	x20,x3,0x4	  x3:0x00000000 x20=0x00000000
        1475000	       146	80000228	fa450d23	sb	x4,-70(x10)	 x10:0x80008b94  x4:0x00000000 PA:0x80008b4e
        1485000	       147	8000022c	00650203	lb	x4,6(x10)	 x10:0x80008b94  x4=0x00000000 PA:0x80008b9a
        1495000	       148	80000230	015832b3	sltu	x5,x16,x21	 x16:0x00000000 x21:0x00000000  x5=0x00000000
        1505000	       149	80000234	fae55183	lhu	x3,-82(x10)	 x10:0x80008b94  x3=0x00000000 PA:0x80008b42
        1515000	       150	80000238	4166dc33	sra	x24,x13,x22	 x13:0xba5effc1 x22:0x6aa4f1dc x24=0xfffffffb
        1525000	       151	8000023c	02451583	lh	x11,36(x10)	 x10:0x80008b94 x11=0x00000000 PA:0x80008bb8
        1535000	       152	80000240	55f27f13	andi	x30,x4,1375	  x4:0x00000000 x30=0x00000000
        1545000	       153	80000244	07650fa3	sb	x22,127(x10)	 x10:0x80008b94 x22:0x6aa4f1dc PA:0x80008c13
        1555000	       154	80000248	01a82d33	slt	x26,x16,x26	 x16:0x00000000 x26:0x00000000 x26=0x00000000
        1565000	       155	8000024c	f5350b03	lb	x22,-173(x10)	 x10:0x80008b94 x22=0x00000000 PA:0x80008ae7
        1575000	       156	80000250	0f3504a3	sb	x19,233(x10)	 x10:0x80008b94 x19:0x80000000 PA:0x80008c7d
        1585000	       157	80000254	0045a833	slt	x16,x11,x4	 x11:0x00000000  x4:0x00000000 x16=0x00000000
        1595000	       158	80000258	e7ee4f13	xori	x30,x28,-386	 x28:0x00000000 x30=0xfffffe7e
        1605000	       159	8000025c	846c3813	sltiu	x16,x24,-1978	 x24:0xfffffffb x16=0x00000000
        1615000	       160	80000260	fd051c23	sh	x16,-40(x10)	 x10:0x80008b94 x16:0x00000000 PA:0x80008b6c
        1625000	       161	80000264	00000013	addi	x0,x0,0	  x0:0x00000000
        1635000	       162	80000268	00f694b3	sll	x9,x13,x15	 x13:0xba5effc1 x15:0x0000000d  x9=0xdff82000
        1645000	       163	8000026c	01ad1fb3	sll	x31,x26,x26	 x26:0x00000000 x26:0x00000000 x31=0x00000000
        1655000	       164	80000270	f9550623	sb	x21,-116(x10)	 x10:0x80008b94 x21:0x00000000 PA:0x80008b20
        1665000	       165	80000274	f3354003	lbu	x0,-205(x10)	 x10:0x80008b94 PA:0x80008ac7
        1675000	       166	80000278	f5750303	lb	x6,-169(x10)	 x10:0x80008b94  x6=0x00000000 PA:0x80008aeb
        1685000	       167	8000027c	01a91013	slli	x0,x18,0x1a	 x18:0x80009fc4
        1695000	       168	80000280	f5b50803	lb	x16,-165(x10)	 x10:0x80008b94 x16=0x00000000 PA:0x80008aef
        1705000	       169	00000000	00000013	addi	x0,x0,0	  x0:0x00000000
        1715000	       170	80000284	01281733	sll	x14,x16,x18	 x16:0x00000000 x18:0x80009fc4 x14=0x00000000
        1725000	       171	80000288	b39f2793	slti	x15,x30,-1223	 x30:0xfffffe7e x15=0x00000000
        1735000	       172	8000028c	00952a23	sw	x9,20(x10)	 x10:0x80008b94  x9:0xdff82000 PA:0x80008ba8
        1745000	       173	80000290	f9551d23	sh	x21,-102(x10)	 x10:0x80008b94 x21:0x00000000 PA:0x80008b2e
        1755000	       174	80000294	00450ba3	sb	x4,23(x10)	 x10:0x80008b94  x4:0x00000000 PA:0x80008bab
        1765000	       175	80000298	cb8bb593	sltiu	x11,x23,-840	 x23:0x00000000 x11=0x00000001
        1775000	       176	8000029c	4124dbb3	sra	x23,x9,x18	  x9:0xdff82000 x18:0x80009fc4 x23=0xfdff8200
        1785000	       177	800002a0	f0a54483	lbu	x9,-246(x10)	 x10:0x80008b94  x9=0x00000000 PA:0x80008a9e
        1795000	       178	800002a4	00008117	auipc	x2,0x8	  x2=0x800082a0
        1805000	       179	800002a8	42c10113	addi	x2,x2,1068	  x2:0x800082a0  x2=0x800086cc
        1815000	       180	800002ac	c5d14d03	lbu	x26,-931(x2)	  x2:0x800086cc x26=0x00000000 PA:0x80008329
        1825000	       181	800002b0	fb410b83	lb	x23,-76(x2)	  x2:0x800086cc x23=0x00000000 PA:0x80008680
        1835000	       182	800002b4	d0354993	xori	x19,x10,-765	 x10:0x80008b94 x19=0x7fff7697
        1845000	       183	800002b8	017559b3	srl	x19,x10,x23	 x10:0x80008b94 x23:0x00000000 x19=0x80008b94
        1855000	       184	800002bc	40cfd313	srai	x6,x31,0xc	 x31:0x00000000  x6=0x00000000
        1865000	       185	800002c0	0ef02337	lui	x6,0xef02	  x6=0x0ef02000
        1875000	       186	800002c4	0003ecb3	or	x25,x7,x0	  x7:0x80009f84  x0:0x00000000 x25=0x80009f84
        1885000	       187	800002c8	27642d13	slti	x26,x8,630	  x8:0x00000000 x26=0x00000001
        1895000	       188	800002cc	fb47b613	sltiu	x12,x15,-76	 x15:0x00000000 x12=0x00000001
        1905000	       189	800002d0	01c10733	add	x14,x2,x28	  x2:0x800086cc x28:0x00000000 x14=0x800086cc
        1915000	       190	800002d4	d2cae313	ori	x6,x21,-724	 x21:0x00000000  x6=0xfffffd2c
        1925000	       191	800002d8	00000013	addi	x0,x0,0	  x0:0x00000000
        1935000	       192	800002dc	012507b3	add	x15,x10,x18	 x10:0x80008b94 x18:0x80009fc4 x15=0x00012b58
        1945000	       193	800002e0	31c42713	slti	x14,x8,796	  x8:0x00000000 x14=0x00000001
        1955000	       194	800002e4	d2211703	lh	x14,-734(x2)	  x2:0x800086cc x14=0x00000000 PA:0x800083ee
        1965000	       195	800002e8	9b8109a3	sb	x24,-1613(x2)	  x2:0x800086cc x24:0xfffffffb PA:0x8000807f
        1975000	       196	800002ec	0028e433	or	x8,x17,x2	 x17:0x00000000  x2:0x800086cc  x8=0x800086cc
        1985000	       197	800002f0	f0211f23	sh	x2,-226(x2)	  x2:0x800086cc  x2:0x800086cc PA:0x800085ea
        1995000	       198	800002f4	a2bef293	andi	x5,x29,-1493	 x29:0x07dab000  x5=0x07dab000
        2005000	       199	800002f8	001a1993	slli	x19,x20,0x1	 x20:0x00000000 x19=0x00000000
        2015000	       200	800002fc	40c8df13	srai	x30,x17,0xc	 x17:0x00000000 x30=0x00000000
        2025000	       201	80000300	f40b4b13	xori	x22,x22,-192	 x22:0x00000000 x22=0xffffff40
        2035000	       202	80000304	00728bb3	add	x23,x5,x7	  x5:0x07dab000  x7:0x80009f84 x23=0x87db4f84
        2045000	       203	80000308	dea10c23	sb	x10,-520(x2)	  x2:0x800086cc x10:0x80008b94 PA:0x800084c4
        2055000	       204	8000030c	01a99b33	sll	x22,x19,x26	 x19:0x00000000 x26:0x00000001 x22=0x00000000
        2065000	       205	80000310	03710b03	lb	x22,55(x2)	  x2:0x800086cc x22=0x00000000 PA:0x80008703
        2075000	       206	80000314	13fcfa93	andi	x21,x25,319	 x25:0x80009f84 x21=0x00000104
        2085000	       207	80000318	eb810d23	sb	x24,-326(x2)	  x2:0x800086cc x24:0xfffffffb PA:0x80008586
        2095000	       208	8000031c	00a59f13	slli	x30,x11,0xa	 x11:0x00000001 x30=0x00000400
        2105000	       209	80000320	09511023	sh	x21,128(x2)	  x2:0x800086cc x21:0x00000104 PA:0x8000874c
        2115000	       210	80000324	b3710f03	lb	x30,-1225(x2)	  x2:0x800086cc x30=0x00000000 PA:0x80008203
        2125000	       211	80000328	41448233	sub	x4,x9,x20	  x9:0x00000000 x20:0x00000000  x4=0x00000000
        2135000	       212	8000032c	0027c6b3	xor	x13,x15,x2	 x15:0x00012b58  x2:0x800086cc x13=0x8001ad94
        2145000	       213	80000330	00ca9bb3	sll	x23,x21,x12	 x21:0x00000104 x12:0x00000001 x23=0x00000208
        2155000	       214	80000334	00216b33	or	x22,x2,x2	  x2:0x800086cc  x2:0x800086cc x22=0x800086cc
        2165000	       215	80000338	01e1d1b3	srl	x3,x3,x30	  x3:0x00000000 x30:0x00000000  x3=0x00000000
        2175000	       216	8000033c	d7277e17	auipc	x28,0xd7277	 x28=0x57277338
        2185000	       217	80000340	fa211c23	sh	x2,-72(x2)	  x2:0x800086cc  x2:0x800086cc PA:0x80008684
        2195000	       218	80000344	0d26e9b7	lui	x19,0xd26e	 x19=0x0d26e000
        2205000	       219	80000348	fb914503	lbu	x10,-71(x2)	  x2:0x800086cc x10=0x00000086 PA:0x80008685
        2215000	       220	8000034c	006f7e33	and	x28,x30,x6	 x30:0x00000000  x6:0xfffffd2c x28=0x00000000
        2225000	       221	80000350	0e510b03	lb	x22,229(x2)	  x2:0x800086cc x22=0x00000000 PA:0x800087b1
        2235000	       222	80000354	0a611a23	sh	x6,180(x2)	  x2:0x800086cc  x6:0xfffffd2c PA:0x80008780
        2245000	       223	80000358	00998433	add	x8,x19,x9	 x19:0x0d26e000  x9:0x00000000  x8=0x0d26e000
        2255000	       224	8000035c	d1c105a3	sb	x28,-757(x2)	  x2:0x800086cc x28:0x00000000 PA:0x800083d7
        2265000	       225	80000360	00008d17	auipc	x26,0x8	 x26=0x8000835c
        2275000	       226	80000364	295d0d13	addi	x26,x26,661	 x26:0x8000835c x26=0x800085f1
        2285000	       227	80000368	ff0d0b03	lb	x22,-16(x26)	 x26:0x800085f1 x22=0x00000000 PA:0x800085e1
        2295000	       228	8000036c	fefd0823	sb	x15,-16(x26)	 x26:0x800085f1 x15:0x00012b58 PA:0x800085e1
        2305000	       229	80000370	fe4d0823	sb	x4,-16(x26)	 x26:0x800085f1  x4:0x00000000 PA:0x800085e1
        2315000	       230	80000374	00125fb3	srl	x31,x4,x1	  x4:0x00000000  x1:0x00000002 x31=0x00000000
        2325000	       231	80000378	01081793	slli	x15,x16,0x10	 x16:0x00000000 x15=0x00000000
        2335000	       232	8000037c	01e48bb3	add	x23,x9,x30	  x9:0x00000000 x30:0x00000000 x23=0x00000000
        2345000	       233	80000380	00bd1203	lh	x4,11(x26)	 x26:0x800085f1  x4=0x00000000 PA:0x800085fc
        2355000	       234	80000384	86ceb813	sltiu	x16,x29,-1940	 x29:0x07dab000 x16=0x00000001
        2365000	       235	80000388	00bd5b03	lhu	x22,11(x26)	 x26:0x800085f1 x22=0x00000000 PA:0x800085fc
        2375000	       236	8000038c	00bd2303	lw	x6,11(x26)	 x26:0x800085f1  x6=0x00000000 PA:0x800085fc
        2385000	       237	80000390	35900013	addi	x0,x0,857	  x0:0x00000000
        2395000	       238	80000394	016d25a3	sw	x22,11(x26)	 x26:0x800085f1 x22:0x00000000 PA:0x800085fc
        2405000	       239	80000398	759a4313	xori	x6,x20,1881	 x20:0x00000000  x6=0x00000759
        2415000	       240	8000039c	00bd4c83	lbu	x25,11(x26)	 x26:0x800085f1 x25=0x00000000 PA:0x800085fc
        2425000	       241	800003a0	00bd0103	lb	x2,11(x26)	 x26:0x800085f1  x2=0x00000000 PA:0x800085fc
        2435000	       242	800003a4	00bd4503	lbu	x10,11(x26)	 x26:0x800085f1 x10=0x00000000 PA:0x800085fc
        2445000	       243	800003a8	ffdd0f03	lb	x30,-3(x26)	 x26:0x800085f1 x30=0x00000000 PA:0x800085ee
        2455000	       244	800003ac	ff6d0003	lb	x0,-10(x26)	 x26:0x800085f1 PA:0x800085e7
        2465000	       245	800003b0	00009597	auipc	x11,0x9	 x11=0x800093ac
        2475000	       246	800003b4	b0558593	addi	x11,x11,-1275	 x11:0x800093ac x11=0x80008eb1
        2485000	       247	800003b8	b4b583a3	sb	x11,-1209(x11)	 x11:0x80008eb1 x11:0x80008eb1 PA:0x800089f8
        2495000	       248	800003bc	b50583a3	sb	x16,-1209(x11)	 x11:0x80008eb1 x16:0x00000001 PA:0x800089f8
        2505000	       249	800003c0	994588a3	sb	x20,-1647(x11)	 x11:0x80008eb1 x20:0x00000000 PA:0x80008842
        2515000	       250	800003c4	99158803	lb	x16,-1647(x11)	 x11:0x80008eb1 x16=0x00000000 PA:0x80008842
        2525000	       251	800003c8	99158883	lb	x17,-1647(x11)	 x11:0x80008eb1 x17=0x00000000 PA:0x80008842
        2535000	       252	800003cc	123595a3	sh	x3,299(x11)	 x11:0x80008eb1  x3:0x00000000 PA:0x80008fdc
        2545000	       253	800003d0	c0558c03	lb	x24,-1019(x11)	 x11:0x80008eb1 x24=0x00000000 PA:0x80008ab6
        2555000	       254	800003d4	40b884b3	sub	x9,x17,x11	 x17:0x00000000 x11:0x80008eb1  x9=0x7fff714f
        2565000	       255	800003d8	ab159da3	sh	x17,-1349(x11)	 x11:0x80008eb1 x17:0x00000000 PA:0x8000896c
        2575000	       256	800003dc	9695dd03	lhu	x26,-1687(x11)	 x11:0x80008eb1 x26=0x00000000 PA:0x8000881a
        2585000	       257	800003e0	964584a3	sb	x4,-1687(x11)	 x11:0x80008eb1  x4:0x00000000 PA:0x8000881a
        2595000	       258	800003e4	00008897	auipc	x17,0x8	 x17=0x800083e0
        2605000	       259	800003e8	00f88893	addi	x17,x17,15	 x17:0x800083e0 x17=0x800083ef
        2615000	       260	800003ec	ff789c03	lh	x24,-9(x17)	 x17:0x800083ef x24=0x00000000 PA:0x800083e6
        2625000	       261	800003f0	00008c97	auipc	x25,0x8	 x25=0x800083ec
        2635000	       262	800003f4	29bc8c93	addi	x25,x25,667	 x25:0x800083ec x25=0x80008687
        2645000	       263	800003f8	0268aaa3	sw	x6,53(x17)	 x17:0x800083ef  x6:0x00000759 PA:0x80008424
        2655000	       264	800003fc	00008e97	auipc	x29,0x8	 x29=0x800083f8
        2665000	       265	80000400	f89e8e93	addi	x29,x29,-119	 x29:0x800083f8 x29=0x80008381
        2675000	       266	80000404	005cca03	lbu	x20,5(x25)	 x25:0x80008687 x20=0x00000000 PA:0x8000868c
        2685000	       267	80000408	ffac8e03	lb	x28,-6(x25)	 x25:0x80008687 x28=0x00000000 PA:0x80008681
        2695000	       268	8000040c	00bc9303	lh	x6,11(x25)	 x25:0x80008687  x6=0x00000000 PA:0x80008692
        2705000	       269	80000410	fee88c03	lb	x24,-18(x17)	 x17:0x800083ef x24=0x00000000 PA:0x800083dd
        2715000	       270	80000414	fcc8c603	lbu	x12,-52(x17)	 x17:0x800083ef x12=0x00000000 PA:0x800083bb
        2725000	       271	80000418	05dec703	lbu	x14,93(x29)	 x29:0x80008381 x14=0x00000000 PA:0x800083de
        2735000	       272	8000041c	f89e8923	sb	x9,-110(x29)	 x29:0x80008381  x9:0x7fff714f PA:0x80008313
        2745000	       273	80000420	ff7c9183	lh	x3,-9(x25)	 x25:0x80008687  x3=0x00000000 PA:0x8000867e
        2755000	       274	80000424	03e8c703	lbu	x14,62(x17)	 x17:0x800083ef x14=0x00000000 PA:0x8000842d
        2765000	       275	80000428	068e8a83	lb	x21,104(x29)	 x29:0x80008381 x21=0x00000000 PA:0x800083e9
        2775000	       276	8000042c	001c8f03	lb	x30,1(x25)	 x25:0x80008687 x30=0x00000000 PA:0x80008688
        2785000	       277	80000430	03a88b03	lb	x22,58(x17)	 x17:0x800083ef x22=0x00000000 PA:0x80008429
        2795000	       278	80000434	f41e9783	lh	x15,-191(x29)	 x29:0x80008381 x15=0x00000000 PA:0x800082c2
        2805000	       279	80000438	03789183	lh	x3,55(x17)	 x17:0x800083ef  x3=0x00000000 PA:0x80008426
        2815000	       280	8000043c	fdb891a3	sh	x27,-61(x17)	 x17:0x800083ef x27:0xf904f8bb PA:0x800083b2
        2825000	       281	80000440	fe388c23	sb	x3,-8(x17)	 x17:0x800083ef  x3:0x00000000 PA:0x800083e7
        2835000	       282	80000444	021ec583	lbu	x11,33(x29)	 x29:0x80008381 x11=0x00000000 PA:0x800083a2
        2845000	       283	80000448	00ec8783	lb	x15,14(x25)	 x25:0x80008687 x15=0x00000000 PA:0x80008695
        2855000	       284	8000044c	fdeec103	lbu	x2,-34(x29)	 x29:0x80008381  x2=0x00000000 PA:0x8000835f
        2865000	       285	80000450	0d4ec683	lbu	x13,212(x29)	 x29:0x80008381 x13=0x00000000 PA:0x80008455
        2875000	       286	80000454	fffcc803	lbu	x16,-1(x25)	 x25:0x80008687 x16=0x00000000 PA:0x80008686
        2885000	       287	80000458	0e5e9f03	lh	x30,229(x29)	 x29:0x80008381 x30=0x00000000 PA:0x80008466
        2895000	       288	8000045c	007cc983	lbu	x19,7(x25)	 x25:0x80008687 x19=0x00000000 PA:0x8000868e
        2905000	       289	80000460	00008b97	auipc	x23,0x8	 x23=0x8000845c
        2915000	       290	80000464	d75b8b93	addi	x23,x23,-651	 x23:0x8000845c x23=0x800081d1
        2925000	       291	80000468	544b8103	lb	x2,1348(x23)	 x23:0x800081d1  x2=0x00000000 PA:0x80008715
        2935000	       292	8000046c	00008f17	auipc	x30,0x8	 x30=0x80008468
        2945000	       293	80000470	cdaf0f13	addi	x30,x30,-806	 x30:0x80008468 x30=0x80008142
        2955000	       294	80000474	ff7f4f83	lbu	x31,-9(x30)	 x30:0x80008142 x31=0x00000000 PA:0x80008139
        2965000	       295	80000478	f57b9403	lh	x8,-169(x23)	 x23:0x800081d1  x8=0x00000000 PA:0x80008128
        2975000	       296	8000047c	000f5303	lhu	x6,0(x30)	 x30:0x80008142  x6=0x00000000 PA:0x80008142
        2985000	       297	80000480	ffdf08a3	sb	x29,-15(x30)	 x30:0x80008142 x29:0x80008381 PA:0x80008133
        2995000	       298	80000484	3f5b8183	lb	x3,1013(x23)	 x23:0x800081d1  x3=0x00000000 PA:0x800085c6
        3005000	       299	00000000	00000013	addi	x0,x0,0	  x0:0x00000000
        3015000	       300	80000488	f63b9d03	lh	x26,-157(x23)	 x23:0x800081d1 x26=0x00000000 PA:0x80008134
        3025000	       301	8000048c	1a7b9883	lh	x17,423(x23)	 x23:0x800081d1 x17=0x00000000 PA:0x80008378
        3035000	       302	80000490	ea4bc783	lbu	x15,-348(x23)	 x23:0x800081d1 x15=0x00000000 PA:0x80008075
        3045000	       303	80000494	ff4f0f23	sb	x20,-2(x30)	 x30:0x80008142 x20:0x00000000 PA:0x80008140
        3055000	       304	80000498	f1bb8ea3	sb	x27,-227(x23)	 x23:0x800081d1 x27:0xf904f8bb PA:0x800080ee
        3065000	       305	8000049c	238b8923	sb	x24,562(x23)	 x23:0x800081d1 x24:0x00000000 PA:0x80008403
        3075000	       306	800004a0	ffef0da3	sb	x30,-5(x30)	 x30:0x80008142 x30:0x80008142 PA:0x8000813d
        3085000	       307	800004a4	ff9f0a23	sb	x25,-12(x30)	 x30:0x80008142 x25:0x80008687 PA:0x80008136
        3095000	       308	800004a8	ffeb8723	sb	x30,-18(x23)	 x23:0x800081d1 x30:0x80008142 PA:0x800081bf
        3105000	       309	800004ac	00008317	auipc	x6,0x8	  x6=0x800084a8
        3115000	       310	800004b0	07430313	addi	x6,x6,116	  x6:0x800084a8  x6=0x8000851c
        3125000	       311	800004b4	00008f17	auipc	x30,0x8	 x30=0x800084b0
        3135000	       312	800004b8	c30f0f13	addi	x30,x30,-976	 x30:0x800084b0 x30=0x800080e0
        3145000	       313	800004bc	55af4983	lbu	x19,1370(x30)	 x30:0x800080e0 x19=0x00000000 PA:0x8000863a
        3155000	       314	800004c0	00008217	auipc	x4,0x8	  x4=0x800084bc
        3165000	       315	800004c4	23020213	addi	x4,x4,560	  x4:0x800084bc  x4=0x800086ec
        3175000	       316	800004c8	4bdf0c03	lb	x24,1213(x30)	 x30:0x800080e0 x24=0x00000000 PA:0x8000859d
        3185000	       317	800004cc	02534483	lbu	x9,37(x6)	  x6:0x8000851c  x9=0x00000000 PA:0x80008541
        3195000	       318	800004d0	00008517	auipc	x10,0x8	 x10=0x800084cc
        3205000	       319	800004d4	c5150513	addi	x10,x10,-943	 x10:0x800084cc x10=0x8000811d
        3215000	       320	800004d8	fcd24183	lbu	x3,-51(x4)	  x4:0x800086ec  x3=0x00000000 PA:0x800086b9
        3225000	       321	800004dc	1a831703	lh	x14,424(x6)	  x6:0x8000851c x14=0x00000000 PA:0x800086c4
        3235000	       322	00000000	00000013	addi	x0,x0,0	  x0:0x00000000
        3245000	       323	800004e0	58ef0ea3	sb	x14,1437(x30)	 x30:0x800080e0 x14:0x00000000 PA:0x8000867d
        3255000	       324	800004e4	61c52ba3	sw	x28,1559(x10)	 x10:0x8000811d x28:0x00000000 PA:0x80008734
        3265000	       325	800004e8	00008097	auipc	x1,0x8	  x1=0x800084e4
        3275000	       326	800004ec	1ee08093	addi	x1,x1,494	  x1:0x800084e4  x1=0x800086d2
        3285000	       327	800004f0	049f4a03	lbu	x20,73(x30)	 x30:0x800080e0 x20=0x00000000 PA:0x80008129
        3295000	       328	800004f4	fc621a83	lh	x21,-58(x4)	  x4:0x800086ec x21=0x00000000 PA:0x800086b2
        3305000	       329	800004f8	46a50a23	sb	x10,1140(x10)	 x10:0x8000811d x10:0x8000811d PA:0x80008591
        3315000	       330	800004fc	0caf1323	sh	x10,198(x30)	 x30:0x800080e0 x10:0x8000811d PA:0x800081a6
        3325000	       331	80000500	585518a3	sh	x5,1425(x10)	 x10:0x8000811d  x5:0x07dab000 PA:0x800086ae
        3335000	       332	80000504	4e6523a3	sw	x6,1255(x10)	 x10:0x8000811d  x6:0x8000851c PA:0x80008604
        3345000	       333	80000508	efe30ba3	sb	x30,-265(x6)	  x6:0x8000851c x30:0x800080e0 PA:0x80008413
        3355000	       334	8000050c	48250723	sb	x2,1166(x10)	 x10:0x8000811d  x2:0x00000000 PA:0x800085ab
        3365000	       335	80000510	ffb21823	sh	x27,-16(x4)	  x4:0x800086ec x27:0xf904f8bb PA:0x800086dc
        3375000	       336	80000514	03d20c83	lb	x25,61(x4)	  x4:0x800086ec x25=0x00000000 PA:0x80008729
        3385000	       337	80000518	669f08a3	sb	x9,1649(x30)	 x30:0x800080e0  x9:0x00000000 PA:0x80008751
        3395000	       338	8000051c	0140c583	lbu	x11,20(x1)	  x1:0x800086d2 x11=0x00000000 PA:0x800086e6
        3405000	       339	80000520	d6732a23	sw	x7,-652(x6)	  x6:0x8000851c  x7:0x80009f84 PA:0x80008290
        3415000	       340	80000524	fce24d03	lbu	x26,-50(x4)	  x4:0x800086ec x26=0x00000000 PA:0x800086ba
        3425000	       341	80000528	fd120783	lb	x15,-47(x4)	  x4:0x800086ec x15=0x00000000 PA:0x800086bd
        3435000	       342	8000052c	d5230723	sb	x18,-690(x6)	  x6:0x8000851c x18:0x80009fc4 PA:0x8000826a
        3445000	       343	80000530	50bf4c03	lbu	x24,1291(x30)	 x30:0x800080e0 x24=0x00000086 PA:0x800085eb
        3455000	       344	80000534	fd60df83	lhu	x31,-42(x1)	  x1:0x800086d2 x31=0x00000000 PA:0x800086a8
        3465000	       345	80000538	0190c003	lbu	x0,25(x1)	  x1:0x800086d2 PA:0x800086eb
        3475000	       346	8000053c	567f4c83	lbu	x25,1383(x30)	 x30:0x800080e0 x25=0x00000000 PA:0x80008647
        3485000	       347	80000540	01108a23	sb	x17,20(x1)	  x1:0x800086d2 x17:0x00000000 PA:0x800086e6
        3495000	       348	80000544	05450983	lb	x19,84(x10)	 x10:0x8000811d x19=0x00000000 PA:0x80008171
        3505000	       349	80000548	39454a03	lbu	x20,916(x10)	 x10:0x8000811d x20=0x00000000 PA:0x800084b1
        3515000	       350	8000054c	fdd20223	sb	x29,-60(x4)	  x4:0x800086ec x29:0x80008381 PA:0x800086b0
        3525000	       351	80000550	2f7f4e03	lbu	x28,759(x30)	 x30:0x800080e0 x28=0x00000000 PA:0x800083d7
        3535000	       352	80000554	00c0c283	lbu	x5,12(x1)	  x1:0x800086d2  x5=0x00000000 PA:0x800086de
        3545000	       353	80000558	e6d34c83	lbu	x25,-403(x6)	  x6:0x8000851c x25=0x00000000 PA:0x80008389
        3555000	       354	8000055c	596f1e23	sh	x22,1436(x30)	 x30:0x800080e0 x22:0x00000000 PA:0x8000867c
        3565000	       355	80000560	2ba30583	lb	x11,698(x6)	  x6:0x8000851c x11=0x00000000 PA:0x800087d6
        3575000	       356	80000564	01920323	sb	x25,6(x4)	  x4:0x800086ec x25:0x00000000 PA:0x800086f2
        3585000	       357	80000568	e5330b23	sb	x19,-426(x6)	  x6:0x8000851c x19:0x00000000 PA:0x80008372
        3595000	       358	8000056c	fd00da03	lhu	x20,-48(x1)	  x1:0x800086d2 x20=0x00000000 PA:0x800086a2
        3605000	       359	80000570	01c795b3	sll	x11,x15,x28	 x15:0x00000000 x28:0x00000000 x11=0x00000000
        3615000	       360	80000574	b472aa93	slti	x21,x5,-1209	  x5:0x00000000 x21=0x00000000
        3625000	       361	80000578	0386f463	bgeu	x13,x24,800005a0	 x13:0x00000000 x24:0x00000086
        3635000	       362	8000057c	00c05993	srli	x19,x0,0xc	  x0:0x00000000 x19=0x00000000
        3645000	       363	80000580	fbec3193	sltiu	x3,x24,-66	 x24:0x00000086  x3=0x00000001
        3655000	       364	80000584	40bada13	srai	x20,x21,0xb	 x21:0x00000000 x20=0x00000000
        3665000	       365	80000588	010c91b3	sll	x3,x25,x16	 x25:0x00000000 x16:0x00000000  x3=0x00000000
        3675000	       366	8000058c	22052313	slti	x6,x10,544	 x10:0x8000811d  x6=0x00000001
        3685000	       367	80000590	01d80463	beq	x16,x29,80000598	 x16:0x00000000 x29:0x80008381
        3695000	       368	80000594	27209a17	auipc	x20,0x27209	 x20=0xa7209590
        3705000	       369	80000598	40efdfb3	sra	x31,x31,x14	 x31:0x00000000 x14:0x00000000 x31=0x00000000
        3715000	       370	8000059c	014bc263	blt	x23,x20,800005a0	 x23:0x800081d1 x20:0xa7209590
        3725000	       371	00000000	00000013	addi	x0,x0,0	  x0:0x00000000
        3735000	       372	8000059c	00000013	addi	x0,x0,0	  x0:0x00000000
        3745000	       373	800005a0	0482f663	bgeu	x5,x8,800005ec	  x5:0x00000000  x8:0x00000000
        3755000	       374	00000000	00000013	addi	x0,x0,0	  x0:0x00000000
        3765000	       375	800005e8	00000013	addi	x0,x0,0	  x0:0x00000000
        3775000	       376	800005ec	03800863	beq	x0,x24,8000061c	  x0:0x00000000 x24:0x00000086
        3785000	       377	800005f0	01b2d7b3	srl	x15,x5,x27	  x5:0x00000000 x27:0xf904f8bb x15=0x00000000
        3795000	       378	800005f4	ea504113	xori	x2,x0,-347	  x0:0x00000000  x2=0xfffffea5
        3805000	       379	800005f8	015094b3	sll	x9,x1,x21	  x1:0x800086d2 x21:0x00000000  x9=0x800086d2
        3815000	       380	800005fc	01b35593	srli	x11,x6,0x1b	  x6:0x00000001 x11=0x00000000
        3825000	       381	80000600	02f27263	bgeu	x4,x15,80000624	  x4:0x800086ec x15:0x00000000
        3835000	       382	00000000	00000013	addi	x0,x0,0	  x0:0x00000000
        3845000	       383	80000620	00000013	addi	x0,x0,0	  x0:0x00000000
        3855000	       384	80000624	1441b493	sltiu	x9,x3,324	  x3:0x00000000  x9=0x00000001
        3865000	       385	80000628	07a6b813	sltiu	x16,x13,122	 x13:0x00000000 x16=0x00000001
        3875000	       386	8000062c	0d12eb97	auipc	x23,0xd12e	 x23=0x8d12e628
        3885000	       387	80000630	018ed333	srl	x6,x29,x24	 x29:0x80008381 x24:0x00000086  x6=0x0200020e
        3895000	       388	80000634	e11a7637	lui	x12,0xe11a7	 x12=0xe11a7000
        3905000	       389	80000638	0028c863	blt	x17,x2,80000648	 x17:0x00000000  x2:0xfffffea5
        3915000	       390	8000063c	00d162b3	or	x5,x2,x13	  x2:0xfffffea5 x13:0x00000000  x5=0xfffffea5
        3925000	       391	80000640	c1383893	sltiu	x17,x16,-1005	 x16:0x00000001 x17=0x00000001
        3935000	       392	80000644	01f44463	blt	x8,x31,8000064c	  x8:0x00000000 x31:0x00000000
        3945000	       393	80000648	ea850693	addi	x13,x10,-344	 x10:0x8000811d x13=0x80007fc5
        3955000	       394	8000064c	41a25713	srai	x14,x4,0x1a	  x4:0x800086ec x14=0xffffffe0
        3965000	       395	80000650	021d7263	bgeu	x26,x1,80000674	 x26:0x00000000  x1:0x800086d2
        3975000	       396	80000654	008ae633	or	x12,x21,x8	 x21:0x00000000  x8:0x00000000 x12=0x00000000
        3985000	       397	80000658	01549cb3	sll	x25,x9,x21	  x9:0x00000001 x21:0x00000000 x25=0x00000001
        3995000	       398	8000065c	01260bb3	add	x23,x12,x18	 x12:0x00000000 x18:0x80009fc4 x23=0x80009fc4
        4005000	       399	80000660	00f05663	bge	x0,x15,8000066c	  x0:0x00000000 x15:0x00000000
        4015000	       400	00000000	00000013	addi	x0,x0,0	  x0:0x00000000
        4025000	       401	80000668	00000013	addi	x0,x0,0	  x0:0x00000000
        4035000	       402	8000066c	01900e63	beq	x0,x25,80000688	  x0:0x00000000 x25:0x00000001
        4045000	       403	80000670	40795a93	srai	x21,x18,0x7	 x18:0x80009fc4 x21=0xff00013f
        4055000	       404	80000674	e9a9f093	andi	x1,x19,-358	 x19:0x00000000  x1=0x00000000
        4065000	       405	80000678	97fe3eb7	lui	x29,0x97fe3	 x29=0x97fe3000
        4075000	       406	8000067c	00000013	addi	x0,x0,0	  x0:0x00000000
        4085000	       407	80000680	01a678b3	and	x17,x12,x26	 x12:0x00000000 x26:0x00000000 x17=0x00000000
        4095000	       408	80000684	00000013	addi	x0,x0,0	  x0:0x00000000
        4105000	       409	80000688	00b23433	sltu	x8,x4,x11	  x4:0x800086ec x11:0x00000000  x8=0x00000000
        4115000	       410	8000068c	4124d313	srai	x6,x9,0x12	  x9:0x00000001  x6=0x00000000
        4125000	       411	80000690	01884f33	xor	x30,x16,x24	 x16:0x00000001 x24:0x00000086 x30=0x00000087
        4135000	       412	80000694	41330c33	sub	x24,x6,x19	  x6:0x00000000 x19:0x00000000 x24=0x00000000
        4145000	       413	80000698	036a1c63	bne	x20,x22,800006d0	 x20:0xa7209590 x22:0x00000000
        4155000	       414	00000000	00000013	addi	x0,x0,0	  x0:0x00000000
        4165000	       415	800006cc	00000013	addi	x0,x0,0	  x0:0x00000000
        4175000	       416	800006d0	02a15063	bge	x2,x10,800006f0	  x2:0xfffffea5 x10:0x8000811d
        4185000	       417	00000000	00000013	addi	x0,x0,0	  x0:0x00000000
        4195000	       418	800006ec	00000013	addi	x0,x0,0	  x0:0x00000000
        4205000	       419	800006f0	0066ebb3	or	x23,x13,x6	 x13:0x80007fc5  x6:0x00000000 x23=0x80007fc5
        4215000	       420	800006f4	00cee233	or	x4,x29,x12	 x29:0x97fe3000 x12:0x00000000  x4=0x97fe3000
        4225000	       421	800006f8	012e6463	bltu	x28,x18,80000700	 x28:0x00000000 x18:0x80009fc4
        4235000	       422	00000000	00000013	addi	x0,x0,0	  x0:0x00000000
        4245000	       423	800006fc	00000013	addi	x0,x0,0	  x0:0x00000000
        4255000	       424	80000700	04756063	bltu	x10,x7,80000740	 x10:0x8000811d  x7:0x80009f84
        4265000	       425	00000000	00000013	addi	x0,x0,0	  x0:0x00000000
        4275000	       426	8000073c	00000013	addi	x0,x0,0	  x0:0x00000000
        4285000	       427	80000740	41dbd233	sra	x4,x23,x29	 x23:0x80007fc5 x29:0x97fe3000  x4=0x80007fc5
        4295000	       428	80000744	00000013	addi	x0,x0,0	  x0:0x00000000
        4305000	       429	80000748	e93aab93	slti	x23,x21,-365	 x21:0xff00013f x23=0x00000001
        4315000	       430	8000074c	003644b3	xor	x9,x12,x3	 x12:0x00000000  x3:0x00000000  x9=0x00000000
        4325000	       431	80000750	016d1033	sll	x0,x26,x22	 x26:0x00000000 x22:0x00000000
        4335000	       432	80000754	00001c97	auipc	x25,0x1	 x25=0x80001750
        4345000	       433	80000758	998c8c93	addi	x25,x25,-1640	 x25:0x80001750 x25=0x800010e8
        4355000	       434	8000075c	069c8c93	addi	x25,x25,105	 x25:0x800010e8 x25=0x80001151
        4365000	       435	80000760	017a7c63	bgeu	x20,x23,80000778	 x20:0xa7209590 x23:0x00000001
        4375000	       436	00000000	00000013	addi	x0,x0,0	  x0:0x00000000
        4385000	       437	80000774	00000013	addi	x0,x0,0	  x0:0x00000000
        4395000	       438	80000778	f98c8fe7	jalr	x31,x25,-104	 x25:0x80001151 x31=0x80000778
        4405000	       439	00000000	00000013	addi	x0,x0,0	  x0:0x00000000
        4415000	       440	800010e8	00000013	addi	x0,x0,0	  x0:0x00000000
        4425000	       441	800010ec	01251263	bne	x10,x18,800010f0	 x10:0x8000811d x18:0x80009fc4
        4435000	       442	00000000	00000013	addi	x0,x0,0	  x0:0x00000000
        4445000	       443	800010ec	00000013	addi	x0,x0,0	  x0:0x00000000
        4455000	       444	800010f0	fc038393	addi	x7,x7,-64	  x7:0x80009f84  x7=0x80009f44
        4465000	       445	800010f4	01b9fb33	and	x22,x19,x27	 x19:0x00000000 x27:0xf904f8bb x22=0x00000000
        4475000	       446	800010f8	40fed733	sra	x14,x29,x15	 x29:0x97fe3000 x15:0x00000000 x14=0x97fe3000
        4485000	       447	800010fc	01f3a223	sw	x31,4(x7)	  x7:0x80009f44 x31:0x80000778 PA:0x80009f48
        4495000	       448	80001100	010d0533	add	x10,x26,x16	 x26:0x00000000 x16:0x00000001 x10=0x00000001
        4505000	       449	80001104	00008117	auipc	x2,0x8	  x2=0x80009100
        4515000	       450	80001108	9e310113	addi	x2,x2,-1565	  x2:0x80009100  x2=0x80008ae3
        4525000	       451	8000110c	00b11203	lh	x4,11(x2)	  x2:0x80008ae3  x4=0x00000000 PA:0x80008aee
        4535000	       452	80001110	00614203	lbu	x4,6(x2)	  x2:0x80008ae3  x4=0x00000000 PA:0x80008ae9
        4545000	       453	80001114	00679613	slli	x12,x15,0x6	 x15:0x00000000 x12=0x00000000
        4555000	       454	80001118	ff314a83	lbu	x21,-13(x2)	  x2:0x80008ae3 x21=0x00000000 PA:0x80008ad6
        4565000	       455	8000111c	00adbd33	sltu	x26,x27,x10	 x27:0xf904f8bb x10:0x00000001 x26=0x00000000
        4575000	       456	80001120	00210f03	lb	x30,2(x2)	  x2:0x80008ae3 x30=0x00000000 PA:0x80008ae5
        4585000	       457	80001124	40280fb3	sub	x31,x16,x2	 x16:0x00000001  x2:0x80008ae3 x31=0x7fff751e
        4595000	       458	80001128	000b85b3	add	x11,x23,x0	 x23:0x00000001  x0:0x00000000 x11=0x00000001
        4605000	       459	8000112c	745f6893	ori	x17,x30,1861	 x30:0x00000000 x17=0x00000745
        4615000	       460	80001130	01310523	sb	x19,10(x2)	  x2:0x80008ae3 x19:0x00000000 PA:0x80008aed
        4625000	       461	80001134	8c6ff493	andi	x9,x31,-1850	 x31:0x7fff751e  x9=0x7fff7006
        4635000	       462	80001138	ff810483	lb	x9,-8(x2)	  x2:0x80008ae3  x9=0x00000000 PA:0x80008adb
        4645000	       463	8000113c	01c541b3	xor	x3,x10,x28	 x10:0x00000001 x28:0x00000000  x3=0x00000001
        4655000	       464	80001140	41f65793	srai	x15,x12,0x1f	 x12:0x00000000 x15=0x00000000
        4665000	       465	80001144	ffe10083	lb	x1,-2(x2)	  x2:0x80008ae3  x1=0x00000000 PA:0x80008ae1
        4675000	       466	80001148	fff14803	lbu	x16,-1(x2)	  x2:0x80008ae3 x16=0x00000000 PA:0x80008ae2
        4685000	       467	8000114c	ff710483	lb	x9,-9(x2)	  x2:0x80008ae3  x9=0x00000000 PA:0x80008ada
        4695000	       468	80001150	00314883	lbu	x17,3(x2)	  x2:0x80008ae3 x17=0x00000000 PA:0x80008ae6
        4705000	       469	80001154	fff10da3	sb	x31,-5(x2)	  x2:0x80008ae3 x31:0x7fff751e PA:0x80008ade
        4715000	       470	80001158	0354c713	xori	x14,x9,53	  x9:0x00000000 x14=0x00000035
        4725000	       471	8000115c	ff614983	lbu	x19,-10(x2)	  x2:0x80008ae3 x19=0x00000000 PA:0x80008ad9
        4735000	       472	80001160	fff10a03	lb	x20,-1(x2)	  x2:0x80008ae3 x20=0x00000000 PA:0x80008ae2
        4745000	       473	80001164	00010783	lb	x15,0(x2)	  x2:0x80008ae3 x15=0x00000000 PA:0x80008ae3
        4755000	       474	80001168	ff414f83	lbu	x31,-12(x2)	  x2:0x80008ae3 x31=0x00000000 PA:0x80008ad7
        4765000	       475	8000116c	00010e83	lb	x29,0(x2)	  x2:0x80008ae3 x29=0x00000000 PA:0x80008ae3
        4775000	       476	00000000	00000013	addi	x0,x0,0	  x0:0x00000000
        4785000	       477	80001170	f80ea513	slti	x10,x29,-128	 x29:0x00000000 x10=0x00000000
        4795000	       478	80001174	01b0fbb3	and	x23,x1,x27	  x1:0x00000000 x27:0xf904f8bb x23=0x00000000
        4805000	       479	80001178	01f10523	sb	x31,10(x2)	  x2:0x80008ae3 x31:0x00000000 PA:0x80008aed
        4815000	       480	8000117c	0c150a97	auipc	x21,0xc150	 x21=0x8c151178
        4825000	       481	80001180	79d37613	andi	x12,x6,1949	  x6:0x00000000 x12=0x00000000
        4835000	       482	80001184	00a1bcb3	sltu	x25,x3,x10	  x3:0x00000001 x10:0x00000000 x25=0x00000000
        4845000	       483	80001188	00911f83	lh	x31,9(x2)	  x2:0x80008ae3 x31=0x00000000 PA:0x80008aec
        4855000	       484	8000118c	ff0118a3	sh	x16,-15(x2)	  x2:0x80008ae3 x16:0x00000000 PA:0x80008ad4
        4865000	       485	80001190	00810583	lb	x11,8(x2)	  x2:0x80008ae3 x11=0x00000000 PA:0x80008aeb
        4875000	       486	80001194	61198a93	addi	x21,x19,1553	 x19:0x00000000 x21=0x00000611
        4885000	       487	80001198	00311783	lh	x15,3(x2)	  x2:0x80008ae3 x15=0x00000000 PA:0x80008ae6
        4895000	       488	8000119c	404d5693	srai	x13,x26,0x4	 x26:0x00000000 x13=0x00000000
        4905000	       489	800011a0	ff710b83	lb	x23,-9(x2)	  x2:0x80008ae3 x23=0x00000000 PA:0x80008ada
        4915000	       490	800011a4	01010783	lb	x15,16(x2)	  x2:0x80008ae3 x15=0x00000000 PA:0x80008af3
        4925000	       491	800011a8	ff915183	lhu	x3,-7(x2)	  x2:0x80008ae3  x3=0x00000000 PA:0x80008adc
        4935000	       492	800011ac	00414183	lbu	x3,4(x2)	  x2:0x80008ae3  x3=0x00000000 PA:0x80008ae7
        4945000	       493	800011b0	41b15e13	srai	x28,x2,0x1b	  x2:0x80008ae3 x28=0xfffffff0
        4955000	       494	800011b4	01014a83	lbu	x21,16(x2)	  x2:0x80008ae3 x21=0x00000000 PA:0x80008af3
        4965000	       495	800011b8	00210b03	lb	x22,2(x2)	  x2:0x80008ae3 x22=0x00000000 PA:0x80008ae5
        4975000	       496	800011bc	ff111003	lh	x0,-15(x2)	  x2:0x80008ae3 PA:0x80008ad4
        4985000	       497	800011c0	00007c97	auipc	x25,0x7	 x25=0x800081bc
        4995000	       498	800011c4	252c8c93	addi	x25,x25,594	 x25:0x800081bc x25=0x8000840e
        5005000	       499	800011c8	003955b3	srl	x11,x18,x3	 x18:0x80009fc4  x3:0x00000000 x11=0x80009fc4
        5015000	       500	800011cc	01fcaeb3	slt	x29,x25,x31	 x25:0x8000840e x31:0x00000000 x29=0x00000001
        5025000	       501	800011d0	010ca723	sw	x16,14(x25)	 x25:0x8000840e x16:0x00000000 PA:0x8000841c
        5035000	       502	800011d4	00a55eb3	srl	x29,x10,x10	 x10:0x00000000 x10:0x00000000 x29=0x00000000
        5045000	       503	800011d8	ff0c8583	lb	x11,-16(x25)	 x25:0x8000840e x11=0x00000000 PA:0x800083fe
        5055000	       504	800011dc	da19dab7	lui	x21,0xda19d	 x21=0xda19d000
        5065000	       505	800011e0	006ca983	lw	x19,6(x25)	 x25:0x8000840e x19=0x00000000 PA:0x80008414
        5075000	       506	800011e4	00b0ea33	or	x20,x1,x11	  x1:0x00000000 x11:0x00000000 x20=0x00000000
        5085000	       507	800011e8	ff9c8aa3	sb	x25,-11(x25)	 x25:0x8000840e x25:0x8000840e PA:0x80008403
        5095000	       508	800011ec	41250333	sub	x6,x10,x18	 x10:0x00000000 x18:0x80009fc4  x6=0x7fff603c
        5105000	       509	800011f0	bea0c513	xori	x10,x1,-1046	  x1:0x00000000 x10=0xfffffbea
        5115000	       510	800011f4	4178db13	srai	x22,x17,0x17	 x17:0x00000000 x22=0x00000000
        5125000	       511	800011f8	001f8333	add	x6,x31,x1	 x31:0x00000000  x1:0x00000000  x6=0x00000000
        5135000	       512	800011fc	0075e6b3	or	x13,x11,x7	 x11:0x00000000  x7:0x80009f44 x13=0x80009f44
        5145000	       513	80001200	f9f84693	xori	x13,x16,-97	 x16:0x00000000 x13=0xffffff9f
        5155000	       514	80001204	01279793	slli	x15,x15,0x12	 x15:0x00000000 x15=0x00000000
        5165000	       515	80001208	00c7d133	srl	x2,x15,x12	 x15:0x00000000 x12:0x00000000  x2=0x00000000
        5175000	       516	8000120c	ff2cc883	lbu	x17,-14(x25)	 x25:0x8000840e x17=0x00000000 PA:0x80008400
        5185000	       517	80001210	002cce83	lbu	x29,2(x25)	 x25:0x8000840e x29=0x00000000 PA:0x80008410
        5195000	       518	80001214	00ec8283	lb	x5,14(x25)	 x25:0x8000840e  x5=0x00000000 PA:0x8000841c
        5205000	       519	80001218	ff2c8403	lb	x8,-14(x25)	 x25:0x8000840e  x8=0x00000000 PA:0x80008400
        5215000	       520	8000121c	a05f4f93	xori	x31,x30,-1531	 x30:0x00000000 x31=0xfffffa05
        5225000	       521	80001220	41a0dfb3	sra	x31,x1,x26	  x1:0x00000000 x26:0x00000000 x31=0x00000000
        5235000	       522	80001224	ffec9703	lh	x14,-2(x25)	 x25:0x8000840e x14=0x00000000 PA:0x8000840c
        5245000	       523	80001228	001cc983	lbu	x19,1(x25)	 x25:0x8000840e x19=0x00000000 PA:0x8000840f
        5255000	       524	8000122c	009e4d33	xor	x26,x28,x9	 x28:0xfffffff0  x9:0x00000000 x26=0xfffffff0
        5265000	       525	80001230	594d6017	auipc	x0,0x594d6	
        5275000	       526	80001234	002ca703	lw	x14,2(x25)	 x25:0x8000840e x14=0xe0000000 PA:0x80008410
        5285000	       527	80001238	ff3c8703	lb	x14,-13(x25)	 x25:0x8000840e x14=0x00000000 PA:0x80008401
        5295000	       528	8000123c	c1a2e593	ori	x11,x5,-998	  x5:0x00000000 x11=0xfffffc1a
        5305000	       529	80001240	c18cb093	sltiu	x1,x25,-1000	 x25:0x8000840e  x1=0x00000001
        5315000	       530	80001244	f497b893	sltiu	x17,x15,-183	 x15:0x00000000 x17=0x00000001
        5325000	       531	80001248	d6552113	slti	x2,x10,-667	 x10:0xfffffbea  x2=0x00000001
        5335000	       532	8000124c	fe9c8da3	sb	x9,-5(x25)	 x25:0x8000840e  x9:0x00000000 PA:0x80008409
        5345000	       533	80001250	00ccd703	lhu	x14,12(x25)	 x25:0x8000840e x14=0x00000000 PA:0x8000841a
        5355000	       534	80001254	ff7cc703	lbu	x14,-9(x25)	 x25:0x8000840e x14=0x00000000 PA:0x80008405
        5365000	       535	80001258	006c8583	lb	x11,6(x25)	 x25:0x8000840e x11=0x00000000 PA:0x80008414
        5375000	       536	8000125c	004dcab3	xor	x21,x27,x4	 x27:0xf904f8bb  x4:0x00000000 x21=0xf904f8bb
        5385000	       537	80001260	001c8103	lb	x2,1(x25)	 x25:0x8000840e  x2=0x00000000 PA:0x8000840f
        5395000	       538	80001264	005c8f03	lb	x30,5(x25)	 x25:0x8000840e x30=0xffffffe0 PA:0x80008413
        5405000	       539	80001268	00fb4eb3	xor	x29,x22,x15	 x22:0x00000000 x15:0x00000000 x29=0x00000000
        5415000	       540	8000126c	013b4d33	xor	x26,x22,x19	 x22:0x00000000 x19:0x00000000 x26=0x00000000
        5425000	       541	80001270	1aa9c413	xori	x8,x19,426	 x19:0x00000000  x8=0x000001aa
        5435000	       542	80001274	013e5213	srli	x4,x28,0x13	 x28:0xfffffff0  x4=0x00001fff
        5445000	       543	80001278	00e56233	or	x4,x10,x14	 x10:0xfffffbea x14:0x00000000  x4=0xfffffbea
        5455000	       544	8000127c	41f75313	srai	x6,x14,0x1f	 x14:0x00000000  x6=0x00000000
        5465000	       545	80001280	002cd583	lhu	x11,2(x25)	 x25:0x8000840e x11=0x00000000 PA:0x80008410
        5475000	       546	80001284	00906ab3	or	x21,x0,x9	  x0:0x00000000  x9:0x00000000 x21=0x00000000
        5485000	       547	80001288	00b5dab3	srl	x21,x11,x11	 x11:0x00000000 x11:0x00000000 x21=0x00000000
        5495000	       548	8000128c	fe6c9e23	sh	x6,-4(x25)	 x25:0x8000840e  x6:0x00000000 PA:0x8000840a
        5505000	       549	80001290	00dcc483	lbu	x9,13(x25)	 x25:0x8000840e  x9=0x00000000 PA:0x8000841b
        5515000	       550	80001294	00007717	auipc	x14,0x7	 x14=0x80008290
        5525000	       551	80001298	0f670713	addi	x14,x14,246	 x14:0x80008290 x14=0x80008386
        5535000	       552	8000129c	00007a97	auipc	x21,0x7	 x21=0x80008298
        5545000	       553	800012a0	efda8a93	addi	x21,x21,-259	 x21:0x80008298 x21=0x80008195
        5555000	       554	800012a4	00007317	auipc	x6,0x7	  x6=0x800082a0
        5565000	       555	800012a8	f3a30313	addi	x6,x6,-198	  x6:0x800082a0  x6=0x800081da
        5575000	       556	800012ac	0b530b03	lb	x22,181(x6)	  x6:0x800081da x22=0x00000000 PA:0x8000828f
        5585000	       557	800012b0	00007097	auipc	x1,0x7	  x1=0x800082ac
        5595000	       558	800012b4	ded08093	addi	x1,x1,-531	  x1:0x800082ac  x1=0x80008099
        5605000	       559	800012b8	ff7a9203	lh	x4,-9(x21)	 x21:0x80008195  x4=0x00000000 PA:0x8000818c
        5615000	       560	800012bc	3c80c503	lbu	x10,968(x1)	  x1:0x80008099 x10=0x00000000 PA:0x80008461
        5625000	       561	800012c0	00daa3a3	sw	x13,7(x21)	 x21:0x80008195 x13:0xffffff9f PA:0x8000819c
        5635000	       562	800012c4	09070d03	lb	x26,144(x14)	 x14:0x80008386 x26=0x00000000 PA:0x80008416
        5645000	       563	800012c8	02a32203	lw	x4,42(x6)	  x6:0x800081da  x4=0x00000000 PA:0x80008204
        5655000	       564	800012cc	00ea8c03	lb	x24,14(x21)	 x21:0x80008195 x24=0x00000000 PA:0x800081a3
        5665000	       565	800012d0	012708a3	sb	x18,17(x14)	 x14:0x80008386 x18:0x80009fc4 PA:0x80008397
        5675000	       566	800012d4	fcb74403	lbu	x8,-53(x14)	 x14:0x80008386  x8=0x00000000 PA:0x80008351
        5685000	       567	800012d8	ff1a8f23	sb	x17,-2(x21)	 x21:0x80008195 x17:0x00000001 PA:0x80008193
        5695000	       568	800012dc	f1c30c83	lb	x25,-228(x6)	  x6:0x800081da x25=0x00000000 PA:0x800080f6
        5705000	       569	800012e0	26c08483	lb	x9,620(x1)	  x1:0x80008099  x9=0x00000000 PA:0x80008305
        5715000	       570	800012e4	ff470a03	lb	x20,-12(x14)	 x14:0x80008386 x20=0x00000000 PA:0x8000837a
        5725000	       571	800012e8	ffeac203	lbu	x4,-2(x21)	 x21:0x80008195  x4=0x00000001 PA:0x80008193
        5735000	       572	800012ec	058700a3	sb	x24,65(x14)	 x14:0x80008386 x24:0x00000000 PA:0x800083c7
        5745000	       573	800012f0	08e0cf83	lbu	x31,142(x1)	  x1:0x80008099 x31=0x00000000 PA:0x80008127
        5755000	       574	800012f4	007a95a3	sh	x7,11(x21)	 x21:0x80008195  x7:0x80009f44 PA:0x800081a0
        5765000	       575	800012f8	f0e30d03	lb	x26,-242(x6)	  x6:0x800081da x26=0x00000000 PA:0x800080e8
        5775000	       576	800012fc	ff4ac403	lbu	x8,-12(x21)	 x21:0x80008195  x8=0x00000000 PA:0x80008189
        5785000	       577	80001300	f2774983	lbu	x19,-217(x14)	 x14:0x80008386 x19=0x00000000 PA:0x800082ad
        5795000	       578	80001304	6ce08803	lb	x16,1742(x1)	  x1:0x80008099 x16=0x00000000 PA:0x80008767
        5805000	       579	80001308	f5c32b23	sw	x28,-170(x6)	  x6:0x800081da x28:0xfffffff0 PA:0x80008130
        5815000	       580	8000130c	ffaac103	lbu	x2,-6(x21)	 x21:0x80008195  x2=0x00000000 PA:0x8000818f
        5825000	       581	80001310	fc774003	lbu	x0,-57(x14)	 x14:0x80008386 PA:0x8000834d
        5835000	       582	80001314	f6231a03	lh	x20,-158(x6)	  x6:0x800081da x20=0x00004200 PA:0x8000813c
        5845000	       583	80001318	0ce0c803	lbu	x16,206(x1)	  x1:0x80008099 x16=0x00000000 PA:0x80008167
        5855000	       584	8000131c	08235503	lhu	x10,130(x6)	  x6:0x800081da x10=0x00000000 PA:0x8000825c
        5865000	       585	80001320	009a8623	sb	x9,12(x21)	 x21:0x80008195  x9:0x00000000 PA:0x800081a1
        5875000	       586	80001324	ff5ac183	lbu	x3,-11(x21)	 x21:0x80008195  x3=0x00000000 PA:0x8000818a
        5885000	       587	80001328	0910a9a3	sw	x17,147(x1)	  x1:0x80008099 x17:0x00000001 PA:0x8000812c
        5895000	       588	8000132c	38808f83	lb	x31,904(x1)	  x1:0x80008099 x31=0x00000000 PA:0x80008421
        5905000	       589	80001330	47509283	lh	x5,1141(x1)	  x1:0x80008099  x5=0x00000000 PA:0x8000850e
        5915000	       590	80001334	0ad308a3	sb	x13,177(x6)	  x6:0x800081da x13:0xffffff9f PA:0x8000828b
        5925000	       591	80001338	0e734c03	lbu	x24,231(x6)	  x6:0x800081da x24=0x00000000 PA:0x800082c1
        5935000	       592	8000133c	2b6080a3	sb	x22,673(x1)	  x1:0x80008099 x22:0x00000000 PA:0x8000833a
        5945000	       593	80001340	00007997	auipc	x19,0x7	 x19=0x8000833c
        5955000	       594	80001344	16198993	addi	x19,x19,353	 x19:0x8000833c x19=0x8000849d
        5965000	       595	80001348	00007217	auipc	x4,0x7	  x4=0x80008344
        5975000	       596	8000134c	f4420213	addi	x4,x4,-188	  x4:0x80008344  x4=0x80008288
        5985000	       597	80001350	019992a3	sh	x25,5(x19)	 x19:0x8000849d x25:0x00000000 PA:0x800084a2
        5995000	       598	80001354	02f98f23	sb	x15,62(x19)	 x19:0x8000849d x15:0x00000000 PA:0x800084db
        6005000	       599	80001358	00f20423	sb	x15,8(x4)	  x4:0x80008288 x15:0x00000000 PA:0x80008290
        6015000	       600	8000135c	01d99103	lh	x2,29(x19)	 x19:0x8000849d  x2=0x00000000 PA:0x800084ba
        6025000	       601	80001360	03c20683	lb	x13,60(x4)	  x4:0x80008288 x13=0x00000000 PA:0x800082c4
        6035000	       602	80001364	ffb98c03	lb	x24,-5(x19)	 x19:0x8000849d x24=0x00000000 PA:0x80008498
        6045000	       603	80001368	ffc25583	lhu	x11,-4(x4)	  x4:0x80008288 x11=0x00000000 PA:0x80008284
        6055000	       604	8000136c	fc424703	lbu	x14,-60(x4)	  x4:0x80008288 x14=0x00000000 PA:0x8000824c
        6065000	       605	80001370	01920303	lb	x6,25(x4)	  x4:0x80008288  x6=0x00000000 PA:0x800082a1
        6075000	       606	80001374	0129ce83	lbu	x29,18(x19)	 x19:0x8000849d x29=0x00000000 PA:0x800084af
        6085000	       607	80001378	fd898f83	lb	x31,-40(x19)	 x19:0x8000849d x31=0x00000000 PA:0x80008475
        6095000	       608	8000137c	02798f23	sb	x7,62(x19)	 x19:0x8000849d  x7:0x80009f44 PA:0x800084db
        6105000	       609	80001380	ff621403	lh	x8,-10(x4)	  x4:0x80008288  x8=0x00000000 PA:0x8000827e
        6115000	       610	80001384	03724f83	lbu	x31,55(x4)	  x4:0x80008288 x31=0x00000000 PA:0x800082bf
        6125000	       611	80001388	fe098ca3	sb	x0,-7(x19)	 x19:0x8000849d  x0:0x00000000 PA:0x80008496
        6135000	       612	8000138c	00720b03	lb	x22,7(x4)	  x4:0x80008288 x22=0x00000000 PA:0x8000828f
        6145000	       613	80001390	fe121e23	sh	x1,-4(x4)	  x4:0x80008288  x1:0x80008099 PA:0x80008284
        6155000	       614	80001394	fe4205a3	sb	x4,-21(x4)	  x4:0x80008288  x4:0x80008288 PA:0x80008273
        6165000	       615	80001398	03c9c483	lbu	x9,60(x19)	 x19:0x8000849d  x9=0x00000000 PA:0x800084d9
        6175000	       616	8000139c	00007517	auipc	x10,0x7	 x10=0x80008398
        6185000	       617	800013a0	03050513	addi	x10,x10,48	 x10:0x80008398 x10=0x800083c8
        6195000	       618	800013a4	00007e17	auipc	x28,0x7	 x28=0x800083a0
        6205000	       619	800013a8	3dbe0e13	addi	x28,x28,987	 x28:0x800083a0 x28=0x8000877b
        6215000	       620	800013ac	00007217	auipc	x4,0x7	  x4=0x800083a8
        6225000	       621	800013b0	d7720213	addi	x4,x4,-649	  x4:0x800083a8  x4=0x8000811f
        6235000	       622	800013b4	fe020823	sb	x0,-16(x4)	  x4:0x8000811f  x0:0x00000000 PA:0x8000810f
        6245000	       623	800013b8	ff150603	lb	x12,-15(x10)	 x10:0x800083c8 x12=0x00000000 PA:0x800083b9
        6255000	       624	800013bc	00654603	lbu	x12,6(x10)	 x10:0x800083c8 x12=0x00000000 PA:0x800083ce
        6265000	       625	800013c0	fb0e0683	lb	x13,-80(x28)	 x28:0x8000877b x13=0x00000000 PA:0x8000872b
        6275000	       626	800013c4	008222a3	sw	x8,5(x4)	  x4:0x8000811f  x8:0x00000000 PA:0x80008124
        6285000	       627	800013c8	017504a3	sb	x23,9(x10)	 x10:0x800083c8 x23:0x00000000 PA:0x800083d1
        6295000	       628	800013cc	00554603	lbu	x12,5(x10)	 x10:0x800083c8 x12=0x00000000 PA:0x800083cd
        6305000	       629	800013d0	ff620d03	lb	x26,-10(x4)	  x4:0x8000811f x26=0x00000000 PA:0x80008115
        6315000	       630	800013d4	feb21da3	sh	x11,-5(x4)	  x4:0x8000811f x11:0x00000000 PA:0x8000811a
        6325000	       631	800013d8	00c51083	lh	x1,12(x10)	 x10:0x800083c8  x1=0x00000000 PA:0x800083d4
        6335000	       632	800013dc	00f25083	lhu	x1,15(x4)	  x4:0x8000811f  x1=0x00000000 PA:0x8000812e
        6345000	       633	800013e0	aece4c03	lbu	x24,-1300(x28)	 x28:0x8000877b x24=0x00000000 PA:0x80008267
        6355000	       634	800013e4	00950683	lb	x13,9(x10)	 x10:0x800083c8 x13=0x00000000 PA:0x800083d1
        6365000	       635	800013e8	00f54683	lbu	x13,15(x10)	 x10:0x800083c8 x13=0x00000000 PA:0x800083d7
        6375000	       636	800013ec	febe0283	lb	x5,-21(x28)	 x28:0x8000877b  x5=0x00000000 PA:0x80008766
        6385000	       637	800013f0	ff950883	lb	x17,-7(x10)	 x10:0x800083c8 x17=0x00000000 PA:0x800083c1
        6395000	       638	800013f4	000212a3	sh	x0,5(x4)	  x4:0x8000811f  x0:0x00000000 PA:0x80008124
        6405000	       639	800013f8	00b54983	lbu	x19,11(x10)	 x10:0x800083c8 x19=0x00000000 PA:0x800083d3
        6415000	       640	800013fc	a34e4c03	lbu	x24,-1484(x28)	 x28:0x8000877b x24=0x00000000 PA:0x800081af
        6425000	       641	80001400	fe221aa3	sh	x2,-11(x4)	  x4:0x8000811f  x2:0x00000000 PA:0x80008114
        6435000	       642	80001404	fff20ea3	sb	x31,-3(x4)	  x4:0x8000811f x31:0x00000000 PA:0x8000811c
        6445000	       643	80001408	ebae4b83	lbu	x23,-326(x28)	 x28:0x8000877b x23=0x00000000 PA:0x80008635
        6455000	       644	8000140c	bbae0303	lb	x6,-1094(x28)	 x28:0x8000877b  x6=0x00000000 PA:0x80008335
        6465000	       645	80001410	fe050fa3	sb	x0,-1(x10)	 x10:0x800083c8  x0:0x00000000 PA:0x800083c7
        6475000	       646	80001414	00007117	auipc	x2,0x7	  x2=0x80008410
        6485000	       647	80001418	28b10113	addi	x2,x2,651	  x2:0x80008410  x2=0x8000869b
        6495000	       648	8000141c	fc5103a3	sb	x5,-57(x2)	  x2:0x8000869b  x5:0x00000000 PA:0x80008662
        6505000	       649	80001420	00512003	lw	x0,5(x2)	  x2:0x8000869b PA:0x800086a0
        6515000	       650	80001424	01c10303	lb	x6,28(x2)	  x2:0x8000869b  x6=0x00000000 PA:0x800086b7
        6525000	       651	80001428	412a5f93	srai	x31,x20,0x12	 x20:0x00004200 x31=0x00000000
        6535000	       652	8000142c	00310e23	sb	x3,28(x2)	  x2:0x8000869b  x3:0x00000000 PA:0x800086b7
        6545000	       653	80001430	01410303	lb	x6,20(x2)	  x2:0x8000869b  x6=0xffffffb0 PA:0x800086af
        6555000	       654	80001434	01164ab3	xor	x21,x12,x17	 x12:0x00000000 x17:0x00000000 x21=0x00000000
        6565000	       655	80001438	4163d433	sra	x8,x7,x22	  x7:0x80009f44 x22:0x00000000  x8=0x80009f44
        6575000	       656	8000143c	fea10123	sb	x10,-30(x2)	  x2:0x8000869b x10:0x800083c8 PA:0x8000867d
        6585000	       657	80001440	fe310123	sb	x3,-30(x2)	  x2:0x8000869b  x3:0x00000000 PA:0x8000867d
        6595000	       658	80001444	ff911483	lh	x9,-7(x2)	  x2:0x8000869b  x9=0x00000000 PA:0x80008694
        6605000	       659	80001448	02214f03	lbu	x30,34(x2)	  x2:0x8000869b x30=0x00000000 PA:0x800086bd
        6615000	       660	8000144c	d43eab37	lui	x22,0xd43ea	 x22=0xd43ea000
        6625000	       661	80001450	00a10c23	sb	x10,24(x2)	  x2:0x8000869b x10:0x800083c8 PA:0x800086b3
        6635000	       662	80001454	01810303	lb	x6,24(x2)	  x2:0x8000869b  x6=0xffffffc8 PA:0x800086b3
        6645000	       663	80001458	01610c23	sb	x22,24(x2)	  x2:0x8000869b x22:0xd43ea000 PA:0x800086b3
        6655000	       664	8000145c	00007997	auipc	x19,0x7	 x19=0x80008458
        6665000	       665	80001460	ebd98993	addi	x19,x19,-323	 x19:0x80008458 x19=0x80008315
        6675000	       666	80001464	0147bbb3	sltu	x23,x15,x20	 x15:0x00000000 x20:0x00004200 x23=0x00000001
        6685000	       667	80001468	fb69c503	lbu	x10,-74(x19)	 x19:0x80008315 x10=0x00000000 PA:0x800082cb
        6695000	       668	8000146c	9c604b13	xori	x22,x0,-1594	  x0:0x00000000 x22=0xfffff9c6
        6705000	       669	80001470	dec9c203	lbu	x4,-532(x19)	 x19:0x80008315  x4=0x00000000 PA:0x80008101
        6715000	       670	80001474	c26dac93	slti	x25,x27,-986	 x27:0xf904f8bb x25=0x00000001
        6725000	       671	80001478	006afc33	and	x24,x21,x6	 x21:0x00000000  x6:0xffffffc8 x24=0x00000000
        6735000	       672	8000147c	0187df13	srli	x30,x15,0x18	 x15:0x00000000 x30=0x00000000
        6745000	       673	80001480	009ac5b3	xor	x11,x21,x9	 x21:0x00000000  x9:0x00000000 x11=0x00000000
        6755000	       674	80001484	41c3d793	srai	x15,x7,0x1c	  x7:0x80009f44 x15=0xfffffff8
        6765000	       675	80001488	404e04b3	sub	x9,x28,x4	 x28:0x8000877b  x4:0x00000000  x9=0x8000877b
        6775000	       676	8000148c	3e79ae03	lw	x28,999(x19)	 x19:0x80008315 x28=0x00000000 PA:0x800086fc
        6785000	       677	80001490	4be9cb83	lbu	x23,1214(x19)	 x19:0x80008315 x23=0x00000000 PA:0x800087d3
        6795000	       678	80001494	14398b23	sb	x3,342(x19)	 x19:0x80008315  x3:0x00000000 PA:0x8000846b
        6805000	       679	80001498	41045893	srai	x17,x8,0x10	  x8:0x80009f44 x17=0xffff8000
        6815000	       680	8000149c	3d499ba3	sh	x20,983(x19)	 x19:0x80008315 x20:0x00004200 PA:0x800086ec
        6825000	       681	800014a0	0077a6b3	slt	x13,x15,x7	 x15:0xfffffff8  x7:0x80009f44 x13=0x00000000
        6835000	       682	800014a4	01c845b3	xor	x11,x16,x28	 x16:0x00000000 x28:0x00000000 x11=0x00000000
        6845000	       683	800014a8	00000013	addi	x0,x0,0	  x0:0x00000000
        6855000	       684	800014ac	407d8c33	sub	x24,x27,x7	 x27:0xf904f8bb  x7:0x80009f44 x24=0x79045977
        6865000	       685	800014b0	01f60bb3	add	x23,x12,x31	 x12:0x00000000 x31:0x00000000 x23=0x00000000
        6875000	       686	800014b4	9046c213	xori	x4,x13,-1788	 x13:0x00000000  x4=0xfffff904
        6885000	       687	800014b8	45398523	sb	x19,1098(x19)	 x19:0x80008315 x19:0x80008315 PA:0x8000875f
        6895000	       688	800014bc	00197bb3	and	x23,x18,x1	 x18:0x80009fc4  x1:0x00000000 x23=0x00000000
        6905000	       689	800014c0	00cd55b3	srl	x11,x26,x12	 x26:0x00000000 x12:0x00000000 x11=0x00000000
        6915000	       690	800014c4	df49cc83	lbu	x25,-524(x19)	 x19:0x80008315 x25=0x00000000 PA:0x80008109
        6925000	       691	800014c8	013dd133	srl	x2,x27,x19	 x27:0xf904f8bb x19:0x80008315  x2=0x000007c8
        6935000	       692	800014cc	f2098103	lb	x2,-224(x19)	 x19:0x80008315  x2=0x00000000 PA:0x80008235
        6945000	       693	800014d0	48e984a3	sb	x14,1161(x19)	 x19:0x80008315 x14:0x00000000 PA:0x8000879e
        6955000	       694	800014d4	49c9c883	lbu	x17,1180(x19)	 x19:0x80008315 x17=0x00000000 PA:0x800087b1
        6965000	       695	800014d8	01ba1893	slli	x17,x20,0x1b	 x20:0x00004200 x17=0x00000000
        6975000	       696	800014dc	ac5d6b97	auipc	x23,0xac5d6	 x23=0x2c5d74d8
        6985000	       697	800014e0	00000013	addi	x0,x0,0	  x0:0x00000000
        6995000	       698	800014e4	40f98f83	lb	x31,1039(x19)	 x19:0x80008315 x31=0x00000000 PA:0x80008724
        7005000	       699	800014e8	01c24e33	xor	x28,x4,x28	  x4:0xfffff904 x28:0x00000000 x28=0xfffff904
        7015000	       700	800014ec	01b662b3	or	x5,x12,x27	 x12:0x00000000 x27:0xf904f8bb  x5=0xf904f8bb
        7025000	       701	800014f0	7f606437	lui	x8,0x7f606	  x8=0x7f606000
        7035000	       702	800014f4	175988a3	sb	x21,369(x19)	 x19:0x80008315 x21:0x00000000 PA:0x80008486
        7045000	       703	800014f8	00000013	addi	x0,x0,0	  x0:0x00000000
        7055000	       704	800014fc	0118f1b3	and	x3,x17,x17	 x17:0x00000000 x17:0x00000000  x3=0x00000000
        7065000	       705	80001500	c08b4337	lui	x6,0xc08b4	  x6=0xc08b4000
        7075000	       706	80001504	df49c303	lbu	x6,-524(x19)	 x19:0x80008315  x6=0x00000000 PA:0x80008109
        7085000	       707	80001508	d359dc83	lhu	x25,-715(x19)	 x19:0x80008315 x25=0x00000000 PA:0x8000804a
        7095000	       708	8000150c	01c8fd33	and	x26,x17,x28	 x17:0x00000000 x28:0xfffff904 x26=0x00000000
        7105000	       709	80001510	24b98f23	sb	x11,606(x19)	 x19:0x80008315 x11:0x00000000 PA:0x80008573
        7115000	       710	80001514	00008c17	auipc	x24,0x8	 x24=0x80009510
        7125000	       711	80001518	816c0c13	addi	x24,x24,-2026	 x24:0x80009510 x24=0x80008d26
        7135000	       712	8000151c	fc5c0403	lb	x8,-59(x24)	 x24:0x80008d26  x8=0x00000000 PA:0x80008ceb
        7145000	       713	00000000	00000013	addi	x0,x0,0	  x0:0x00000000
        7155000	       714	80001520	028c5303	lhu	x6,40(x24)	 x24:0x80008d26  x6=0x00000000 PA:0x80008d4e
        7165000	       715	80001524	fe9c1323	sh	x9,-26(x24)	 x24:0x80008d26  x9:0x8000877b PA:0x80008d0c
        7175000	       716	80001528	ff6c0323	sb	x22,-26(x24)	 x24:0x80008d26 x22:0xfffff9c6 PA:0x80008d0c
        7185000	       717	8000152c	00281613	slli	x12,x16,0x2	 x16:0x00000000 x12=0x00000000
        7195000	       718	80001530	042c0583	lb	x11,66(x24)	 x24:0x80008d26 x11=0x00000000 PA:0x80008d68
        7205000	       719	80001534	10164113	xori	x2,x12,257	 x12:0x00000000  x2=0x00000101
        7215000	       720	80001538	042c2183	lw	x3,66(x24)	 x24:0x80008d26  x3=0x00000000 PA:0x80008d68
        7225000	       721	8000153c	00240433	add	x8,x8,x2	  x8:0x00000000  x2:0x00000101  x8=0x00000101
        7235000	       722	80001540	051c1123	sh	x17,66(x24)	 x24:0x80008d26 x17:0x00000000 PA:0x80008d68
        7245000	       723	80001544	f89c0583	lb	x11,-119(x24)	 x24:0x80008d26 x11=0x00000000 PA:0x80008caf
        7255000	       724	80001548	f81c04a3	sb	x1,-119(x24)	 x24:0x80008d26  x1:0x00000000 PA:0x80008caf
        7265000	       725	8000154c	fc1c4803	lbu	x16,-63(x24)	 x24:0x80008d26 x16=0x00000000 PA:0x80008ce7
        7275000	       726	80001550	41a389b3	sub	x19,x7,x26	  x7:0x80009f44 x26:0x00000000 x19=0x80009f44
        7285000	       727	80001554	086c5503	lhu	x10,134(x24)	 x24:0x80008d26 x10=0x00000000 PA:0x80008dac
        7295000	       728	80001558	28ff6f93	ori	x31,x30,655	 x30:0x00000000 x31=0x0000028f
        7305000	       729	8000155c	fdcc2323	sw	x28,-58(x24)	 x24:0x80008d26 x28:0xfffff904 PA:0x80008cec
        7315000	       730	80001560	058c0983	lb	x19,88(x24)	 x24:0x80008d26 x19=0x00000000 PA:0x80008d7e
        7325000	       731	80001564	fa4c07a3	sb	x4,-81(x24)	 x24:0x80008d26  x4:0xfffff904 PA:0x80008cd5
        7335000	       732	80001568	fbcc07a3	sb	x28,-81(x24)	 x24:0x80008d26 x28:0xfffff904 PA:0x80008cd5
        7345000	       733	8000156c	fb0c07a3	sb	x16,-81(x24)	 x24:0x80008d26 x16:0x00000000 PA:0x80008cd5
        7355000	       734	80001570	01051213	slli	x4,x10,0x10	 x10:0x00000000  x4=0x00000000
        7365000	       735	80001574	fafc0c83	lb	x25,-81(x24)	 x24:0x80008d26 x25=0x00000000 PA:0x80008cd5
        7375000	       736	80001578	00007117	auipc	x2,0x7	  x2=0x80008574
        7385000	       737	8000157c	e1e10113	addi	x2,x2,-482	  x2:0x80008574  x2=0x80008392
        7395000	       738	80001580	ffb10aa3	sb	x27,-11(x2)	  x2:0x80008392 x27:0xf904f8bb PA:0x80008387
        7405000	       739	80001584	ff514a03	lbu	x20,-11(x2)	  x2:0x80008392 x20=0x000000bb PA:0x80008387
        7415000	       740	80001588	ff510c83	lb	x25,-11(x2)	  x2:0x80008392 x25=0xffffffbb PA:0x80008387
        7425000	       741	8000158c	40c4d233	sra	x4,x9,x12	  x9:0x8000877b x12:0x00000000  x4=0x8000877b
        7435000	       742	80001590	ff514983	lbu	x19,-11(x2)	  x2:0x80008392 x19=0x000000bb PA:0x80008387
        7445000	       743	80001594	ff514583	lbu	x11,-11(x2)	  x2:0x80008392 x11=0x000000bb PA:0x80008387
        7455000	       744	80001598	fe010aa3	sb	x0,-11(x2)	  x2:0x80008392  x0:0x00000000 PA:0x80008387
        7465000	       745	8000159c	fe710aa3	sb	x7,-11(x2)	  x2:0x80008392  x7:0x80009f44 PA:0x80008387
        7475000	       746	800015a0	ff510983	lb	x19,-11(x2)	  x2:0x80008392 x19=0x00000044 PA:0x80008387
        7485000	       747	800015a4	ff510e83	lb	x29,-11(x2)	  x2:0x80008392 x29=0x00000044 PA:0x80008387
        7495000	       748	800015a8	40698433	sub	x8,x19,x6	 x19:0x00000044  x6:0x00000000  x8=0x00000044
        7505000	       749	800015ac	fe710aa3	sb	x7,-11(x2)	  x2:0x80008392  x7:0x80009f44 PA:0x80008387
        7515000	       750	800015b0	01a78833	add	x16,x15,x26	 x15:0xfffffff8 x26:0x00000000 x16=0xfffffff8
        7525000	       751	800015b4	fff10aa3	sb	x31,-11(x2)	  x2:0x80008392 x31:0x0000028f PA:0x80008387
        7535000	       752	800015b8	ff510403	lb	x8,-11(x2)	  x2:0x80008392  x8=0xffffff8f PA:0x80008387
        7545000	       753	800015bc	4020dc13	srai	x24,x1,0x2	  x1:0x00000000 x24=0x00000000
        7555000	       754	800015c0	ff514883	lbu	x17,-11(x2)	  x2:0x80008392 x17=0x0000008f PA:0x80008387
        7565000	       755	800015c4	ff514783	lbu	x15,-11(x2)	  x2:0x80008392 x15=0x0000008f PA:0x80008387
        7575000	       756	800015c8	ff510c03	lb	x24,-11(x2)	  x2:0x80008392 x24=0xffffff8f PA:0x80008387
        7585000	       757	800015cc	c8deb493	sltiu	x9,x29,-883	 x29:0x00000044  x9=0x00000001
        7595000	       758	800015d0	00dd4b33	xor	x22,x26,x13	 x26:0x00000000 x13:0x00000000 x22=0x00000000
        7605000	       759	800015d4	01214f33	xor	x30,x2,x18	  x2:0x80008392 x18:0x80009fc4 x30=0x00001c56
        7615000	       760	800015d8	00f24c63	blt	x4,x15,800015f0	  x4:0x8000877b x15:0x0000008f
        7625000	       761	00000000	00000013	addi	x0,x0,0	  x0:0x00000000
        7635000	       762	800015ec	00000013	addi	x0,x0,0	  x0:0x00000000
        7645000	       763	800015f0	00f40cb3	add	x25,x8,x15	  x8:0xffffff8f x15:0x0000008f x25=0x0000001e
        7655000	       764	800015f4	01bb7633	and	x12,x22,x27	 x22:0x00000000 x27:0xf904f8bb x12=0x00000000
        7665000	       765	800015f8	01a0d493	srli	x9,x1,0x1a	  x1:0x00000000  x9=0x00000000
        7675000	       766	800015fc	016cc4b3	xor	x9,x25,x22	 x25:0x0000001e x22:0x00000000  x9=0x0000001e
        7685000	       767	80001600	044ee863	bltu	x29,x4,80001650	 x29:0x00000044  x4:0x8000877b
        7695000	       768	00000000	00000013	addi	x0,x0,0	  x0:0x00000000
        7705000	       769	8000164c	00000013	addi	x0,x0,0	  x0:0x00000000
        7715000	       770	80001650	4074d833	sra	x16,x9,x7	  x9:0x0000001e  x7:0x80009f44 x16=0x00000001
        7725000	       771	80001654	4164de13	srai	x28,x9,0x16	  x9:0x0000001e x28=0x00000000
        7735000	       772	80001658	238c8113	addi	x2,x25,568	 x25:0x0000001e  x2=0x00000256
        7745000	       773	8000165c	0289a213	slti	x4,x19,40	 x19:0x00000044  x4=0x00000000
        7755000	       774	80001660	016ffa63	bgeu	x31,x22,80001674	 x31:0x0000028f x22:0x00000000
        7765000	       775	00000000	00000013	addi	x0,x0,0	  x0:0x00000000
        7775000	       776	80001670	00000013	addi	x0,x0,0	  x0:0x00000000
        7785000	       777	80001674	011c51b3	srl	x3,x24,x17	 x24:0xffffff8f x17:0x0000008f  x3=0x0001ffff
        7795000	       778	80001678	03830e63	beq	x6,x24,800016b4	  x6:0x00000000 x24:0xffffff8f
        7805000	       779	8000167c	d895af93	slti	x31,x11,-631	 x11:0x000000bb x31=0x00000000
        7815000	       780	80001680	00000013	addi	x0,x0,0	  x0:0x00000000
        7825000	       781	80001684	00e4efb3	or	x31,x9,x14	  x9:0x0000001e x14:0x00000000 x31=0x0000001e
        7835000	       782	80001688	00eb81b3	add	x3,x23,x14	 x23:0x2c5d74d8 x14:0x00000000  x3=0x2c5d74d8
        7845000	       783	8000168c	99dcfa93	andi	x21,x25,-1635	 x25:0x0000001e x21=0x0000001c
        7855000	       784	80001690	035fc863	blt	x31,x21,800016c0	 x31:0x0000001e x21:0x0000001c
        7865000	       785	80001694	0066c263	blt	x13,x6,80001698	 x13:0x00000000  x6:0x00000000
        7875000	       786	80001698	2a1fec13	ori	x24,x31,673	 x31:0x0000001e x24=0x000002bf
        7885000	       787	8000169c	015830b3	sltu	x1,x16,x21	 x16:0x00000001 x21:0x0000001c  x1=0x00000001
        7895000	       788	800016a0	04376863	bltu	x14,x3,800016f0	 x14:0x00000000  x3:0x2c5d74d8
        7905000	       789	00000000	00000013	addi	x0,x0,0	  x0:0x00000000
        7915000	       790	800016ec	00000013	addi	x0,x0,0	  x0:0x00000000
        7925000	       791	800016f0	7228c513	xori	x10,x17,1826	 x17:0x0000008f x10=0x000007ad
        7935000	       792	800016f4	00b12633	slt	x12,x2,x11	  x2:0x00000256 x11:0x000000bb x12=0x00000000
        7945000	       793	800016f8	03240863	beq	x8,x18,80001728	  x8:0xffffff8f x18:0x80009fc4
        7955000	       794	800016fc	00000013	addi	x0,x0,0	  x0:0x00000000
        7965000	       795	80001700	0307e463	bltu	x15,x16,80001728	 x15:0x0000008f x16:0x00000001
        7975000	       796	80001704	03dbf263	bgeu	x23,x29,80001728	 x23:0x2c5d74d8 x29:0x00000044
        7985000	       797	00000000	00000013	addi	x0,x0,0	  x0:0x00000000
        7995000	       798	80001724	00000013	addi	x0,x0,0	  x0:0x00000000
        8005000	       799	80001728	00000013	addi	x0,x0,0	  x0:0x00000000
        8015000	       800	8000172c	01bd46b3	xor	x13,x26,x27	 x26:0x00000000 x27:0xf904f8bb x13=0xf904f8bb
        8025000	       801	80001730	aa1bd097	auipc	x1,0xaa1bd	  x1=0x2a1be72c
        8035000	       802	80001734	00d66e63	bltu	x12,x13,80001750	 x12:0x00000000 x13:0xf904f8bb
        8045000	       803	00000000	00000013	addi	x0,x0,0	  x0:0x00000000
        8055000	       804	8000174c	00000013	addi	x0,x0,0	  x0:0x00000000
        8065000	       805	80001750	014dd013	srli	x0,x27,0x14	 x27:0xf904f8bb
        8075000	       806	80001754	00f2ee63	bltu	x5,x15,80001770	  x5:0xf904f8bb x15:0x0000008f
        8085000	       807	80001758	04620063	beq	x4,x6,80001798	  x4:0x00000000  x6:0x00000000
        8095000	       808	00000000	00000013	addi	x0,x0,0	  x0:0x00000000
        8105000	       809	80001794	00000013	addi	x0,x0,0	  x0:0x00000000
        8115000	       810	80001798	7e47b793	sltiu	x15,x15,2020	 x15:0x0000008f x15=0x00000001
        8125000	       811	8000179c	05b08263	beq	x1,x27,800017e0	  x1:0x2a1be72c x27:0xf904f8bb
        8135000	       812	800017a0	768f2e13	slti	x28,x30,1896	 x30:0x00001c56 x28=0x00000000
        8145000	       813	800017a4	2edc8613	addi	x12,x25,749	 x25:0x0000001e x12=0x0000030b
        8155000	       814	800017a8	0160c533	xor	x10,x1,x22	  x1:0x2a1be72c x22:0x00000000 x10=0x2a1be72c
        8165000	       815	800017ac	49e72813	slti	x16,x14,1182	 x14:0x00000000 x16=0x00000001
        8175000	       816	800017b0	0039fa33	and	x20,x19,x3	 x19:0x00000044  x3:0x2c5d74d8 x20=0x00000040
        8185000	       817	800017b4	00031e93	slli	x29,x6,0x0	  x6:0x00000000 x29=0x00000000
        8195000	       818	800017b8	02471863	bne	x14,x4,800017e8	 x14:0x00000000  x4:0x00000000
        8205000	       819	800017bc	021f4463	blt	x30,x1,800017e4	 x30:0x00001c56  x1:0x2a1be72c
        8215000	       820	00000000	00000013	addi	x0,x0,0	  x0:0x00000000
        8225000	       821	800017e0	00000013	addi	x0,x0,0	  x0:0x00000000
        8235000	       822	800017e4	00721133	sll	x2,x4,x7	  x4:0x00000000  x7:0x80009f44  x2=0x00000000
        8245000	       823	800017e8	4c81aa93	slti	x21,x3,1224	  x3:0x2c5d74d8 x21=0x00000000
        8255000	       824	800017ec	c3942513	slti	x10,x8,-967	  x8:0xffffff8f x10=0x00000000
        8265000	       825	800017f0	de12b993	sltiu	x19,x5,-543	  x5:0xf904f8bb x19=0x00000001
        8275000	       826	800017f4	058de313	ori	x6,x27,88	 x27:0xf904f8bb  x6=0xf904f8fb
        8285000	       827	800017f8	011e12b3	sll	x5,x28,x17	 x28:0x00000000 x17:0x0000008f  x5=0x00000000
        8295000	       828	800017fc	082bde63	bge	x23,x2,80001898	 x23:0x2c5d74d8  x2:0x00000000
        8305000	       829	00000000	00000013	addi	x0,x0,0	  x0:0x00000000
        8315000	       830	80001894	00000013	addi	x0,x0,0	  x0:0x00000000
        8325000	       831	80001898	00e2ed33	or	x26,x5,x14	  x5:0x00000000 x14:0x00000000 x26=0x00000000
        8335000	       832	8000189c	2b126813	ori	x16,x4,689	  x4:0x00000000 x16=0x000002b1
        8345000	       833	800018a0	01afce33	xor	x28,x31,x26	 x31:0x0000001e x26:0x00000000 x28=0x0000001e
        8355000	       834	800018a4	00000013	addi	x0,x0,0	  x0:0x00000000
        8365000	       835	800018a8	001f3533	sltu	x10,x30,x1	 x30:0x00001c56  x1:0x2a1be72c x10=0x00000001
        8375000	       836	800018ac	b3662593	slti	x11,x12,-1226	 x12:0x0000030b x11=0x00000000
        8385000	       837	800018b0	01739613	slli	x12,x7,0x17	  x7:0x80009f44 x12=0xa2000000
        8395000	       838	800018b4	4006d893	srai	x17,x13,0x0	 x13:0xf904f8bb x17=0xf904f8bb
        8405000	       839	800018b8	01180a63	beq	x16,x17,800018cc	 x16:0x000002b1 x17:0xf904f8bb
        8415000	       840	800018bc	1f17f793	andi	x15,x15,497	 x15:0x00000001 x15=0x00000001
        8425000	       841	800018c0	00d92e33	slt	x28,x18,x13	 x18:0x80009fc4 x13:0xf904f8bb x28=0x00000001
        8435000	       842	800018c4	01ecc6b3	xor	x13,x25,x30	 x25:0x0000001e x30:0x00001c56 x13=0x00001c48
        8445000	       843	800018c8	003a5313	srli	x6,x20,0x3	 x20:0x00000040  x6=0x00000008
        8455000	       844	800018cc	00ffdb33	srl	x22,x31,x15	 x31:0x0000001e x15:0x00000001 x22=0x0000000f
        8465000	       845	800018d0	e8787a13	andi	x20,x16,-377	 x16:0x000002b1 x20=0x00000281
        8475000	       846	800018d4	009cd7b3	srl	x15,x25,x9	 x25:0x0000001e  x9:0x0000001e x15=0x00000000
        8485000	       847	800018d8	00000013	addi	x0,x0,0	  x0:0x00000000
        8495000	       848	800018dc	9be4e113	ori	x2,x9,-1602	  x9:0x0000001e  x2=0xfffff9be
        8505000	       849	800018e0	01d3d613	srli	x12,x7,0x1d	  x7:0x80009f44 x12=0x00000004
        8515000	       850	800018e4	172a4713	xori	x14,x20,370	 x20:0x00000281 x14=0x000003f3
        8525000	       851	800018e8	40e181b3	sub	x3,x3,x14	  x3:0x2c5d74d8 x14:0x000003f3  x3=0x2c5d70e5
        8535000	       852	800018ec	01025033	srl	x0,x4,x16	  x4:0x00000000 x16:0x000002b1
        8545000	       853	800018f0	41f08d33	sub	x26,x1,x31	  x1:0x2a1be72c x31:0x0000001e x26=0x2a1be70e
        8555000	       854	800018f4	00729733	sll	x14,x5,x7	  x5:0x00000000  x7:0x80009f44 x14=0x00000000
        8565000	       855	800018f8	a2242a13	slti	x20,x8,-1502	  x8:0xffffff8f x20=0x00000000
        8575000	       856	800018fc	006d4263	blt	x26,x6,80001900	 x26:0x2a1be70e  x6:0x00000008
        8585000	       857	80001900	da263593	sltiu	x11,x12,-606	 x12:0x00000004 x11=0x00000001
        8595000	       858	80001904	00ea6a33	or	x20,x20,x14	 x20:0x00000000 x14:0x00000000 x20=0x00000000
        8605000	       859	80001908	00000013	addi	x0,x0,0	  x0:0x00000000
        8615000	       860	8000190c	41685213	srai	x4,x16,0x16	 x16:0x000002b1  x4=0x00000000
        8625000	       861	80001910	aa140cb7	lui	x25,0xaa140	 x25=0xaa140000
        8635000	       862	80001914	021b7e63	bgeu	x22,x1,80001950	 x22:0x0000000f  x1:0x2a1be72c
        8645000	       863	80001918	41a955b3	sra	x11,x18,x26	 x18:0x80009fc4 x26:0x2a1be70e x11=0xfffe0002
        8655000	       864	8000191c	018b0133	add	x2,x22,x24	 x22:0x0000000f x24:0x000002bf  x2=0x000002ce
        8665000	       865	80001920	41cc88b3	sub	x17,x25,x28	 x25:0xaa140000 x28:0x00000001 x17=0xaa13ffff
        8675000	       866	80001924	021b0863	beq	x22,x1,80001954	 x22:0x0000000f  x1:0x2a1be72c
        8685000	       867	80001928	00db6633	or	x12,x22,x13	 x22:0x0000000f x13:0x00001c48 x12=0x00001c4f
        8695000	       868	8000192c	1929f513	andi	x10,x19,402	 x19:0x00000001 x10=0x00000000
        8705000	       869	80001930	95d4e597	auipc	x11,0x95d4e	 x11=0x15d4f92c
        8715000	       870	80001934	642cb593	sltiu	x11,x25,1602	 x25:0xaa140000 x11=0x00000000
        8725000	       871	80001938	0af92797	auipc	x15,0xaf92	 x15=0x8af93934
        8735000	       872	8000193c	0224f863	bgeu	x9,x2,8000196c	  x9:0x0000001e  x2:0x000002ce
        8745000	       873	80001940	157e8fb7	lui	x31,0x157e8	 x31=0x157e8000
        8755000	       874	80001944	030dd863	bge	x27,x16,80001974	 x27:0xf904f8bb x16:0x000002b1
        8765000	       875	80001948	00bd1bb3	sll	x23,x26,x11	 x26:0x2a1be70e x11:0x00000000 x23=0x2a1be70e
        8775000	       876	8000194c	019b71b3	and	x3,x22,x25	 x22:0x0000000f x25:0xaa140000  x3=0x00000000
        8785000	       877	80001950	419c5a13	srai	x20,x24,0x19	 x24:0x000002bf x20=0x00000000
        8795000	       878	80001954	0037c433	xor	x8,x15,x3	 x15:0x8af93934  x3:0x00000000  x8=0x8af93934
        8805000	       879	80001958	05966193	ori	x3,x12,89	 x12:0x00001c4f  x3=0x00001c5f
        8815000	       880	8000195c	00866e63	bltu	x12,x8,80001978	 x12:0x00001c4f  x8:0x8af93934
        8825000	       881	00000000	00000013	addi	x0,x0,0	  x0:0x00000000
        8835000	       882	80001974	00000013	addi	x0,x0,0	  x0:0x00000000
        8845000	       883	80001978	00fe2bb3	slt	x23,x28,x15	 x28:0x00000001 x15:0x8af93934 x23=0x00000000
        8855000	       884	8000197c	01ad1e33	sll	x28,x26,x26	 x26:0x2a1be70e x26:0x2a1be70e x28=0xf9c38000
        8865000	       885	80001980	3ef7ff93	andi	x31,x15,1007	 x15:0x8af93934 x31=0x00000124
        8875000	       886	80001984	2d836813	ori	x16,x6,728	  x6:0x00000008 x16=0x000002d8
        8885000	       887	80001988	04118063	beq	x3,x1,800019c8	  x3:0x00001c5f  x1:0x2a1be72c
        8895000	       888	8000198c	00000013	addi	x0,x0,0	  x0:0x00000000
        8905000	       889	80001990	011461b3	or	x3,x8,x17	  x8:0x8af93934 x17:0xaa13ffff  x3=0xaafbffff
        8915000	       890	80001994	0151c733	xor	x14,x3,x21	  x3:0xaafbffff x21:0x00000000 x14=0xaafbffff
        8925000	       891	80001998	117928b7	lui	x17,0x11792	 x17=0x11792000
        8935000	       892	8000199c	4162df33	sra	x30,x5,x22	  x5:0x00000000 x22:0x0000000f x30=0x00000000
        8945000	       893	800019a0	01a3d0b3	srl	x1,x7,x26	  x7:0x80009f44 x26:0x2a1be70e  x1=0x00020002
        8955000	       894	800019a4	01b4ec63	bltu	x9,x27,800019bc	  x9:0x0000001e x27:0xf904f8bb
        8965000	       895	00000000	00000013	addi	x0,x0,0	  x0:0x00000000
        8975000	       896	800019b8	00000013	addi	x0,x0,0	  x0:0x00000000
        8985000	       897	800019bc	00fad9b3	srl	x19,x21,x15	 x21:0x00000000 x15:0x8af93934 x19=0x00000000
        8995000	       898	800019c0	8e02f793	andi	x15,x5,-1824	  x5:0x00000000 x15=0x00000000
        9005000	       899	800019c4	00109433	sll	x8,x1,x1	  x1:0x00020002  x1:0x00020002  x8=0x00080008
        9015000	       900	800019c8	01db5fb3	srl	x31,x22,x29	 x22:0x0000000f x29:0x00000000 x31=0x0000000f
        9025000	       901	800019cc	015d2333	slt	x6,x26,x21	 x26:0x2a1be70e x21:0x00000000  x6=0x00000000
        9035000	       902	800019d0	5605b313	sltiu	x6,x11,1376	 x11:0x00000000  x6=0x00000001
        9045000	       903	800019d4	015a5863	bge	x20,x21,800019e4	 x20:0x00000000 x21:0x00000000
        9055000	       904	00000000	00000013	addi	x0,x0,0	  x0:0x00000000
        9065000	       905	800019e0	00000013	addi	x0,x0,0	  x0:0x00000000
        9075000	       906	800019e4	01f530b3	sltu	x1,x10,x31	 x10:0x00000000 x31:0x0000000f  x1=0x00000001
        9085000	       907	800019e8	01e42e33	slt	x28,x8,x30	  x8:0x00080008 x30:0x00000000 x28=0x00000000
        9095000	       908	800019ec	33ff7a13	andi	x20,x30,831	 x30:0x00000000 x20=0x00000000
        9105000	       909	800019f0	02284463	blt	x16,x2,80001a18	 x16:0x000002d8  x2:0x000002ce
        9115000	       910	800019f4	03485063	bge	x16,x20,80001a14	 x16:0x000002d8 x20:0x00000000
        9125000	       911	00000000	00000013	addi	x0,x0,0	  x0:0x00000000
        9135000	       912	80001a10	00000013	addi	x0,x0,0	  x0:0x00000000
        9145000	       913	80001a14	03adc663	blt	x27,x26,80001a40	 x27:0xf904f8bb x26:0x2a1be70e
        9155000	       914	00000000	00000013	addi	x0,x0,0	  x0:0x00000000
        9165000	       915	80001a3c	00000013	addi	x0,x0,0	  x0:0x00000000
        9175000	       916	80001a40	018022b3	slt	x5,x0,x24	  x0:0x00000000 x24:0x000002bf  x5=0x00000001
        9185000	       917	80001a44	40ff8433	sub	x8,x31,x15	 x31:0x0000000f x15:0x00000000  x8=0x0000000f
        9195000	       918	80001a48	4ac29637	lui	x12,0x4ac29	 x12=0x4ac29000
        9205000	       919	80001a4c	e1eacfb7	lui	x31,0xe1eac	 x31=0xe1eac000
        9215000	       920	80001a50	00000013	addi	x0,x0,0	  x0:0x00000000
        9225000	       921	80001a54	00d19793	slli	x15,x3,0xd	  x3:0xaafbffff x15=0x7fffe000
        9235000	       922	80001a58	00e798b3	sll	x17,x15,x14	 x15:0x7fffe000 x14:0xaafbffff x17=0x00000000
        9245000	       923	80001a5c	01ef5d13	srli	x26,x30,0x1e	 x30:0x00000000 x26=0x00000000
        9255000	       924	80001a60	05015063	bge	x2,x16,80001aa0	  x2:0x000002ce x16:0x000002d8
        9265000	       925	80001a64	107d6863	bltu	x26,x7,80001b74	 x26:0x00000000  x7:0x80009f44
        9275000	       926	00000000	00000013	addi	x0,x0,0	  x0:0x00000000
        9285000	       927	80001b70	00000013	addi	x0,x0,0	  x0:0x00000000
        9295000	       928	80001b74	00796833	or	x16,x18,x7	 x18:0x80009fc4  x7:0x80009f44 x16=0x80009fc4
        9305000	       929	80001b78	6b2e95b7	lui	x11,0x6b2e9	 x11=0x6b2e9000
        9315000	       930	80001b7c	00b4feb3	and	x29,x9,x11	  x9:0x0000001e x11:0x6b2e9000 x29=0x00000000
        9325000	       931	80001b80	e488ea13	ori	x20,x17,-440	 x17:0x00000000 x20=0xfffffe48
        9335000	       932	80001b84	01c3fc63	bgeu	x7,x28,80001b9c	  x7:0x80009f44 x28:0x00000000
        9345000	       933	00000000	00000013	addi	x0,x0,0	  x0:0x00000000
        9355000	       934	80001b98	00000013	addi	x0,x0,0	  x0:0x00000000
        9365000	       935	80001b9c	bc78f093	andi	x1,x17,-1081	 x17:0x00000000  x1=0x00000000
        9375000	       936	80001ba0	401b5b33	sra	x22,x22,x1	 x22:0x0000000f  x1:0x00000000 x22=0x0000000f
        9385000	       937	80001ba4	01579c13	slli	x24,x15,0x15	 x15:0x7fffe000 x24=0x00000000
        9395000	       938	80001ba8	00000013	addi	x0,x0,0	  x0:0x00000000
        9405000	       939	80001bac	0093d233	srl	x4,x7,x9	  x7:0x80009f44  x9:0x0000001e  x4=0x00000002
        9415000	       940	80001bb0	01b739b3	sltu	x19,x14,x27	 x14:0xaafbffff x27:0xf904f8bb x19=0x00000001
        9425000	       941	80001bb4	007185b3	add	x11,x3,x7	  x3:0xaafbffff  x7:0x80009f44 x11=0x2afc9f43
        9435000	       942	80001bb8	00007f97	auipc	x31,0x7	 x31=0x80008bb4
        9445000	       943	80001bbc	ef5f8f93	addi	x31,x31,-267	 x31:0x80008bb4 x31=0x80008aa9
        9455000	       944	80001bc0	00007e97	auipc	x29,0x7	 x29=0x80008bbc
        9465000	       945	80001bc4	f72e8e93	addi	x29,x29,-142	 x29:0x80008bbc x29=0x80008b2e
        9475000	       946	80001bc8	003e8d23	sb	x3,26(x29)	 x29:0x80008b2e  x3:0xaafbffff PA:0x80008b48
        9485000	       947	80001bcc	094fce03	lbu	x28,148(x31)	 x31:0x80008aa9 x28=0x00000000 PA:0x80008b3d
        9495000	       948	80001bd0	00007a97	auipc	x21,0x7	 x21=0x80008bcc
        9505000	       949	80001bd4	3e4a8a93	addi	x21,x21,996	 x21:0x80008bcc x21=0x80008fb0
        9515000	       950	80001bd8	00007697	auipc	x13,0x7	 x13=0x80008bd4
        9525000	       951	80001bdc	3dd68693	addi	x13,x13,989	 x13:0x80008bd4 x13=0x80008fb1
        9535000	       952	80001be0	f4df8183	lb	x3,-179(x31)	 x31:0x80008aa9  x3=0x00000000 PA:0x800089f6
        9545000	       953	80001be4	0bff9483	lh	x9,191(x31)	 x31:0x80008aa9  x9=0x00000000 PA:0x80008b68
        9555000	       954	80001be8	f6afc783	lbu	x15,-150(x31)	 x31:0x80008aa9 x15=0x00000000 PA:0x80008a13
        9565000	       955	80001bec	fd1ec603	lbu	x12,-47(x29)	 x29:0x80008b2e x12=0x00000000 PA:0x80008aff
        9575000	       956	80001bf0	00007417	auipc	x8,0x7	  x8=0x80008bec
        9585000	       957	80001bf4	2f340413	addi	x8,x8,755	  x8:0x80008bec  x8=0x80008edf
        9595000	       958	80001bf8	038a83a3	sb	x24,39(x21)	 x21:0x80008fb0 x24:0x00000000 PA:0x80008fd7
        9605000	       959	80001bfc	0126cc03	lbu	x24,18(x13)	 x13:0x80008fb1 x24=0x00000000 PA:0x80008fc3
        9615000	       960	80001c00	01df86a3	sb	x29,13(x31)	 x31:0x80008aa9 x29:0x80008b2e PA:0x80008ab6
        9625000	       961	80001c04	ffb41c83	lh	x25,-5(x8)	  x8:0x80008edf x25=0x00000000 PA:0x80008eda
        9635000	       962	80001c08	02cad803	lhu	x16,44(x21)	 x21:0x80008fb0 x16=0x00000000 PA:0x80008fdc
        9645000	       963	80001c0c	01eede03	lhu	x28,30(x29)	 x29:0x80008b2e x28=0x00000000 PA:0x80008b4c
        9655000	       964	80001c10	02de8983	lb	x19,45(x29)	 x29:0x80008b2e x19=0x00000000 PA:0x80008b5b
        9665000	       965	80001c14	035a9b23	sh	x21,54(x21)	 x21:0x80008fb0 x21:0x80008fb0 PA:0x80008fe6
        9675000	       966	80001c18	fe7ac283	lbu	x5,-25(x21)	 x21:0x80008fb0  x5=0x00000000 PA:0x80008f97
        9685000	       967	80001c1c	fe96d283	lhu	x5,-23(x13)	 x13:0x80008fb1  x5=0x00000000 PA:0x80008f9a
        9695000	       968	80001c20	00840523	sb	x8,10(x8)	  x8:0x80008edf  x8:0x80008edf PA:0x80008ee9
        9705000	       969	80001c24	fc968a23	sb	x9,-44(x13)	 x13:0x80008fb1  x9:0x00000000 PA:0x80008f85
        9715000	       970	80001c28	ff540823	sb	x21,-16(x8)	  x8:0x80008edf x21:0x80008fb0 PA:0x80008ecf
        9725000	       971	80001c2c	ff468983	lb	x19,-12(x13)	 x13:0x80008fb1 x19=0x00000000 PA:0x80008fa5
        9735000	       972	80001c30	02b69783	lh	x15,43(x13)	 x13:0x80008fb1 x15=0x00000000 PA:0x80008fdc
        9745000	       973	80001c34	ffa44e03	lbu	x28,-6(x8)	  x8:0x80008edf x28=0x00000000 PA:0x80008ed9
        9755000	       974	80001c38	fd268b83	lb	x23,-46(x13)	 x13:0x80008fb1 x23=0x00000000 PA:0x80008f83
        9765000	       975	80001c3c	0046cb83	lbu	x23,4(x13)	 x13:0x80008fb1 x23=0x00000000 PA:0x80008fb5
        9775000	       976	80001c40	fdbf89a3	sb	x27,-45(x31)	 x31:0x80008aa9 x27:0xf904f8bb PA:0x80008a7c
        9785000	       977	80001c44	01aecc03	lbu	x24,26(x29)	 x29:0x80008b2e x24=0x000000ff PA:0x80008b48
        9795000	       978	80001c48	028f88a3	sb	x8,49(x31)	 x31:0x80008aa9  x8:0x80008edf PA:0x80008ada
        9805000	       979	80001c4c	ff444803	lbu	x16,-12(x8)	  x8:0x80008edf x16=0x00000000 PA:0x80008ed3
        9815000	       980	80001c50	09efc183	lbu	x3,158(x31)	 x31:0x80008aa9  x3=0x00000000 PA:0x80008b47
        9825000	       981	80001c54	0a0fcc03	lbu	x24,160(x31)	 x31:0x80008aa9 x24=0x00000000 PA:0x80008b49
        9835000	       982	80001c58	f45f9da3	sh	x5,-165(x31)	 x31:0x80008aa9  x5:0x00000000 PA:0x80008a04
        9845000	       983	80001c5c	03fe8b23	sb	x31,54(x29)	 x29:0x80008b2e x31:0x80008aa9 PA:0x80008b64
        9855000	       984	80001c60	fcb6ca03	lbu	x20,-53(x13)	 x13:0x80008fb1 x20=0x00000000 PA:0x80008f7c
        9865000	       985	80001c64	030a8583	lb	x11,48(x21)	 x21:0x80008fb0 x11=0x00000000 PA:0x80008fe0
        9875000	       986	80001c68	02969803	lh	x16,41(x13)	 x13:0x80008fb1 x16=0x00000000 PA:0x80008fda
        9885000	       987	80001c6c	ffb40803	lb	x16,-5(x8)	  x8:0x80008edf x16=0x00000000 PA:0x80008eda
        9895000	       988	80001c70	fea41da3	sh	x10,-5(x8)	  x8:0x80008edf x10:0x00000000 PA:0x80008eda
        9905000	       989	80001c74	fc0a8083	lb	x1,-64(x21)	 x21:0x80008fb0  x1=0x00000000 PA:0x80008f70
        9915000	       990	80001c78	00f28a63	beq	x5,x15,80001c8c	  x5:0x00000000 x15:0x00000000
        9925000	       991	00000000	00000013	addi	x0,x0,0	  x0:0x00000000
        9935000	       992	80001c88	00000013	addi	x0,x0,0	  x0:0x00000000
        9945000	       993	80001c8c	2e183513	sltiu	x10,x16,737	 x16:0x00000000 x10=0x00000001
        9955000	       994	80001c90	01c76c33	or	x24,x14,x28	 x14:0xaafbffff x28:0x00000000 x24=0xaafbffff
        9965000	       995	80001c94	00000013	addi	x0,x0,0	  x0:0x00000000
        9975000	       996	80001c98	0070c6b3	xor	x13,x1,x7	  x1:0x00000000  x7:0x80009f44 x13=0x80009f44
        9985000	       997	80001c9c	d83ab193	sltiu	x3,x21,-637	 x21:0x80008fb0  x3=0x00000001
        9995000	       998	80001ca0	00000013	addi	x0,x0,0	  x0:0x00000000
       10005000	       999	80001ca4	d5024a93	xori	x21,x4,-688	  x4:0x00000002 x21=0xfffffd52
       10015000	      1000	80001ca8	00000013	addi	x0,x0,0	  x0:0x00000000
       10025000	      1001	80001cac	007b2233	slt	x4,x22,x7	 x22:0x0000000f  x7:0x80009f44  x4=0x00000000
       10035000	      1002	80001cb0	6b6cae13	slti	x28,x25,1718	 x25:0x00000000 x28=0x00000001
       10045000	      1003	80001cb4	01810433	add	x8,x2,x24	  x2:0x000002ce x24:0xaafbffff  x8=0xaafc02cd
       10055000	      1004	80001cb8	002e5413	srli	x8,x28,0x2	 x28:0x00000001  x8=0x00000000
       10065000	      1005	80001cbc	00000013	addi	x0,x0,0	  x0:0x00000000
       10075000	      1006	80001cc0	416285b3	sub	x11,x5,x22	  x5:0x00000000 x22:0x0000000f x11=0xfffffff1
       10085000	      1007	80001cc4	e9153017	auipc	x0,0xe9153	
       10095000	      1008	80001cc8	0339e237	lui	x4,0x339e	  x4=0x0339e000
       10105000	      1009	80001ccc	04fc7863	bgeu	x24,x15,80001d1c	 x24:0xaafbffff x15:0x00000000
       10115000	      1010	00000000	00000013	addi	x0,x0,0	  x0:0x00000000
       10125000	      1011	80001d18	00000013	addi	x0,x0,0	  x0:0x00000000
       10135000	      1012	80001d1c	001d4633	xor	x12,x26,x1	 x26:0x00000000  x1:0x00000000 x12=0x00000000
       10145000	      1013	80001d20	01a91cb3	sll	x25,x18,x26	 x18:0x80009fc4 x26:0x00000000 x25=0x80009fc4
       10155000	      1014	80001d24	00000013	addi	x0,x0,0	  x0:0x00000000
       10165000	      1015	80001d28	01079d33	sll	x26,x15,x16	 x15:0x00000000 x16:0x00000000 x26=0x00000000
       10175000	      1016	80001d2c	00cbca33	xor	x20,x23,x12	 x23:0x00000000 x12:0x00000000 x20=0x00000000
       10185000	      1017	80001d30	00a45e93	srli	x29,x8,0xa	  x8:0x00000000 x29=0x00000000
       10195000	      1018	80001d34	404ed6b3	sra	x13,x29,x4	 x29:0x00000000  x4:0x0339e000 x13=0x00000000
       10205000	      1019	80001d38	0e772037	lui	x0,0xe772	
       10215000	      1020	80001d3c	039f9863	bne	x31,x25,80001d6c	 x31:0x80008aa9 x25:0x80009fc4
       10225000	      1021	00000000	00000013	addi	x0,x0,0	  x0:0x00000000
       10235000	      1022	80001d68	00000013	addi	x0,x0,0	  x0:0x00000000
       10245000	      1023	80001d6c	41175cb3	sra	x25,x14,x17	 x14:0xaafbffff x17:0x00000000 x25=0xaafbffff
       10255000	      1024	80001d70	00612ab3	slt	x21,x2,x6	  x2:0x000002ce  x6:0x00000001 x21=0x00000000
       10265000	      1025	80001d74	008c2ab3	slt	x21,x24,x8	 x24:0xaafbffff  x8:0x00000000 x21=0x00000001
       10275000	      1026	80001d78	03721463	bne	x4,x23,80001da0	  x4:0x0339e000 x23:0x00000000
       10285000	      1027	00000000	00000013	addi	x0,x0,0	  x0:0x00000000
       10295000	      1028	80001d9c	00000013	addi	x0,x0,0	  x0:0x00000000
       10305000	      1029	80001da0	03ea5663	bge	x20,x30,80001dcc	 x20:0x00000000 x30:0x00000000
       10315000	      1030	00000000	00000013	addi	x0,x0,0	  x0:0x00000000
       10325000	      1031	80001dc8	00000013	addi	x0,x0,0	  x0:0x00000000
       10335000	      1032	80001dcc	41790133	sub	x2,x18,x23	 x18:0x80009fc4 x23:0x00000000  x2=0x80009fc4
       10345000	      1033	80001dd0	0129a533	slt	x10,x19,x18	 x19:0x00000000 x18:0x80009fc4 x10=0x00000000
       10355000	      1034	80001dd4	1362c793	xori	x15,x5,310	  x5:0x00000000 x15=0x00000136
       10365000	      1035	80001dd8	dc94ac13	slti	x24,x9,-567	  x9:0x00000000 x24=0x00000000
       10375000	      1036	80001ddc	00000013	addi	x0,x0,0	  x0:0x00000000
       10385000	      1037	80001de0	016ec8b3	xor	x17,x29,x22	 x29:0x00000000 x22:0x0000000f x17=0x0000000f
       10395000	      1038	80001de4	fd04f493	andi	x9,x9,-48	  x9:0x00000000  x9=0x00000000
       10405000	      1039	80001de8	9a128e93	addi	x29,x5,-1631	  x5:0x00000000 x29=0xfffff9a1
       10415000	      1040	80001dec	40108033	sub	x0,x1,x1	  x1:0x00000000  x1:0x00000000
       10425000	      1041	80001df0	8943e213	ori	x4,x7,-1900	  x7:0x80009f44  x4=0xffffffd4
       10435000	      1042	80001df4	0027ffb3	and	x31,x15,x2	 x15:0x00000136  x2:0x80009fc4 x31=0x00000104
       10445000	      1043	80001df8	41675e33	sra	x28,x14,x22	 x14:0xaafbffff x22:0x0000000f x28=0xffff55f7
       10455000	      1044	80001dfc	0023ba33	sltu	x20,x7,x2	  x7:0x80009f44  x2:0x80009fc4 x20=0x00000001
       10465000	      1045	80001e00	c3a05a37	lui	x20,0xc3a05	 x20=0xc3a05000
       10475000	      1046	80001e04	8dd9cd37	lui	x26,0x8dd9c	 x26=0x8dd9c000
       10485000	      1047	80001e08	000e2633	slt	x12,x28,x0	 x28:0xffff55f7  x0:0x00000000 x12=0x00000001
       10495000	      1048	80001e0c	4031d193	srai	x3,x3,0x3	  x3:0x00000001  x3=0x00000000
       10505000	      1049	80001e10	00b1de93	srli	x29,x3,0xb	  x3:0x00000000 x29=0x00000000
       10515000	      1050	80001e14	01c76863	bltu	x14,x28,80001e24	 x14:0xaafbffff x28:0xffff55f7
       10525000	      1051	00000000	00000013	addi	x0,x0,0	  x0:0x00000000
       10535000	      1052	80001e20	00000013	addi	x0,x0,0	  x0:0x00000000
       10545000	      1053	80001e24	05020263	beq	x4,x16,80001e68	  x4:0xffffffd4 x16:0x00000000
       10555000	      1054	80001e28	0148b8b3	sltu	x17,x17,x20	 x17:0x0000000f x20:0xc3a05000 x17=0x00000001
       10565000	      1055	80001e2c	01906eb3	or	x29,x0,x25	  x0:0x00000000 x25:0xaafbffff x29=0xaafbffff
       10575000	      1056	80001e30	661ee513	ori	x10,x29,1633	 x29:0xaafbffff x10=0xaafbffff
       10585000	      1057	80001e34	01c650b3	srl	x1,x12,x28	 x12:0x00000001 x28:0xffff55f7  x1=0x00000000
       10595000	      1058	80001e38	bab72493	slti	x9,x14,-1109	 x14:0xaafbffff  x9=0x00000001
       10605000	      1059	80001e3c	89812e13	slti	x28,x2,-1896	  x2:0x80009fc4 x28=0x00000001
       10615000	      1060	80001e40	01832ab3	slt	x21,x6,x24	  x6:0x00000001 x24:0x00000000 x21=0x00000000
       10625000	      1061	80001e44	0193bfb3	sltu	x31,x7,x25	  x7:0x80009f44 x25:0xaafbffff x31=0x00000001
       10635000	      1062	80001e48	02616063	bltu	x2,x6,80001e68	  x2:0x80009fc4  x6:0x00000001
       10645000	      1063	80001e4c	01f2d833	srl	x16,x5,x31	  x5:0x00000000 x31:0x00000001 x16=0x00000000
       10655000	      1064	80001e50	60bb9d17	auipc	x26,0x60bb9	 x26=0xe0bbae4c
       10665000	      1065	80001e54	03579663	bne	x15,x21,80001e80	 x15:0x00000136 x21:0x00000000
       10675000	      1066	00000000	00000013	addi	x0,x0,0	  x0:0x00000000
       10685000	      1067	80001e7c	00000013	addi	x0,x0,0	  x0:0x00000000
       10695000	      1068	80001e80	216c2113	slti	x2,x24,534	 x24:0x00000000  x2=0x00000001
       10705000	      1069	80001e84	28422213	slti	x4,x4,644	  x4:0xffffffd4  x4=0x00000001
       10715000	      1070	80001e88	00841133	sll	x2,x8,x8	  x8:0x00000000  x8:0x00000000  x2=0x00000000
       10725000	      1071	80001e8c	a322bf93	sltiu	x31,x5,-1486	  x5:0x00000000 x31=0x00000001
       10735000	      1072	80001e90	0280fe63	bgeu	x1,x8,80001ecc	  x1:0x00000000  x8:0x00000000
       10745000	      1073	00000000	00000013	addi	x0,x0,0	  x0:0x00000000
       10755000	      1074	80001ec8	00000013	addi	x0,x0,0	  x0:0x00000000
       10765000	      1075	80001ecc	fae30313	addi	x6,x6,-82	  x6:0x00000001  x6=0xffffffaf
       10775000	      1076	80001ed0	40380133	sub	x2,x16,x3	 x16:0x00000000  x3:0x00000000  x2=0x00000000
       10785000	      1077	80001ed4	002e5f13	srli	x30,x28,0x2	 x28:0x00000001 x30=0x00000000
       10795000	      1078	80001ed8	0043af83	lw	x31,4(x7)	  x7:0x80009f44 x31=0x80000778 PA:0x80009f48
       10805000	      1079	80001edc	bfcf0513	addi	x10,x30,-1028	 x30:0x00000000 x10=0xfffffbfc
       10815000	      1080	80001ee0	417456b3	sra	x13,x8,x23	  x8:0x00000000 x23:0x00000000 x13=0x00000000
       10825000	      1081	80001ee4	9bcefb97	auipc	x23,0x9bcef	 x23=0x1bcf0ee0
       10835000	      1082	80001ee8	00b51f13	slli	x30,x10,0xb	 x10:0xfffffbfc x30=0xffdfe000
       10845000	      1083	80001eec	81207113	andi	x2,x0,-2030	  x0:0x00000000  x2=0x00000000
       10855000	      1084	80001ef0	138ed497	auipc	x9,0x138ed	  x9=0x938eeeec
       10865000	      1085	80001ef4	01fd1c33	sll	x24,x26,x31	 x26:0xe0bbae4c x31:0x80000778 x24=0x4c000000
       10875000	      1086	80001ef8	04038393	addi	x7,x7,64	  x7:0x80009f44  x7=0x80009f84
       10885000	      1087	80001efc	08ca7c93	andi	x25,x20,140	 x20:0xc3a05000 x25=0x00000000
       10895000	      1088	80001f00	001f8a93	addi	x21,x31,1	 x31:0x80000778 x21=0x80000779
       10905000	      1089	80001f04	000a8ae7	jalr	x21,x21,0	 x21:0x80000779 x21=0x80001f04
       10915000	      1090	00000000	00000013	addi	x0,x0,0	  x0:0x00000000
       10925000	      1091	80000778	00000013	addi	x0,x0,0	  x0:0x00000000
       10935000	      1092	8000077c	ca286193	ori	x3,x16,-862	 x16:0x00000000  x3=0xfffffca2
       10945000	      1093	80000780	efb53137	lui	x2,0xefb53	  x2=0xefb53000
       10955000	      1094	80000784	05796863	bltu	x18,x23,800007d4	 x18:0x80009fc4 x23:0x1bcf0ee0
       10965000	      1095	80000788	05509063	bne	x1,x21,800007c8	  x1:0x00000000 x21:0x80001f04
       10975000	      1096	00000000	00000013	addi	x0,x0,0	  x0:0x00000000
       10985000	      1097	800007c4	00000013	addi	x0,x0,0	  x0:0x00000000
       10995000	      1098	800007c8	09f3b493	sltiu	x9,x7,159	  x7:0x80009f84  x9=0x00000000
       11005000	      1099	800007cc	040c5063	bge	x24,x0,8000080c	 x24:0x4c000000  x0:0x00000000
       11015000	      1100	00000000	00000013	addi	x0,x0,0	  x0:0x00000000
       11025000	      1101	80000808	00000013	addi	x0,x0,0	  x0:0x00000000
       11035000	      1102	8000080c	015f9a33	sll	x20,x31,x21	 x31:0x80000778 x21:0x80001f04 x20=0x00007780
       11045000	      1103	80000810	01794033	xor	x0,x18,x23	 x18:0x80009fc4 x23:0x1bcf0ee0
       11055000	      1104	80000814	004b6d33	or	x26,x22,x4	 x22:0x0000000f  x4:0x00000001 x26=0x0000000f
       11065000	      1105	80000818	e37e2113	slti	x2,x28,-457	 x28:0x00000001  x2=0x00000000
       11075000	      1106	8000081c	008e5a13	srli	x20,x28,0x8	 x28:0x00000001 x20=0x00000000
       11085000	      1107	80000820	0089f833	and	x16,x19,x8	 x19:0x00000000  x8:0x00000000 x16=0x00000000
       11095000	      1108	80000824	05765063	bge	x12,x23,80000864	 x12:0x00000001 x23:0x1bcf0ee0
       11105000	      1109	80000828	6a5bc617	auipc	x12,0x6a5bc	 x12=0xea5bc824
       11115000	      1110	8000082c	01479793	slli	x15,x15,0x14	 x15:0x00000136 x15=0x13600000
       11125000	      1111	80000830	01677e33	and	x28,x14,x22	 x14:0xaafbffff x22:0x0000000f x28=0x0000000f
       11135000	      1112	80000834	0185db33	srl	x22,x11,x24	 x11:0xfffffff1 x24:0x4c000000 x22=0xfffffff1
       11145000	      1113	80000838	05ba4063	blt	x20,x27,80000878	 x20:0x00000000 x27:0xf904f8bb
       11155000	      1114	8000083c	4019da93	srai	x21,x19,0x1	 x19:0x00000000 x21=0x00000000
       11165000	      1115	80000840	0219c463	blt	x19,x1,80000868	 x19:0x00000000  x1:0x00000000
       11175000	      1116	80000844	02a3fc63	bgeu	x7,x10,8000087c	  x7:0x80009f84 x10:0xfffffbfc
       11185000	      1117	80000848	00a6f8b3	and	x17,x13,x10	 x13:0x00000000 x10:0xfffffbfc x17=0x00000000
       11195000	      1118	8000084c	005e1a13	slli	x20,x28,0x5	 x28:0x0000000f x20=0x000001e0
       11205000	      1119	80000850	009b77b3	and	x15,x22,x9	 x22:0xfffffff1  x9:0x00000000 x15=0x00000000
       11215000	      1120	80000854	34713493	sltiu	x9,x2,839	  x2:0x00000000  x9=0x00000001
       11225000	      1121	80000858	45815eb7	lui	x29,0x45815	 x29=0x45815000
       11235000	      1122	8000085c	0410e863	bltu	x1,x1,800008ac	  x1:0x00000000  x1:0x00000000
       11245000	      1123	80000860	01a74533	xor	x10,x14,x26	 x14:0xaafbffff x26:0x0000000f x10=0xaafbfff0
       11255000	      1124	80000864	00f51fb3	sll	x31,x10,x15	 x10:0xaafbfff0 x15:0x00000000 x31=0xaafbfff0
       11265000	      1125	80000868	9f756097	auipc	x1,0x9f756	  x1=0x1f756864
       11275000	      1126	8000086c	00011433	sll	x8,x2,x0	  x2:0x00000000  x0:0x00000000  x8=0x00000000
       11285000	      1127	80000870	01fe64b3	or	x9,x28,x31	 x28:0x0000000f x31:0xaafbfff0  x9=0xaafbffff
       11295000	      1128	80000874	c05f4a37	lui	x20,0xc05f4	 x20=0xc05f4000
       11305000	      1129	80000878	03ba4e63	blt	x20,x27,800008b4	 x20:0xc05f4000 x27:0xf904f8bb
       11315000	      1130	00000000	00000013	addi	x0,x0,0	  x0:0x00000000
       11325000	      1131	800008b0	00000013	addi	x0,x0,0	  x0:0x00000000
       11335000	      1132	800008b4	01ec1133	sll	x2,x24,x30	 x24:0x4c000000 x30:0xffdfe000  x2=0x4c000000
       11345000	      1133	800008b8	01531eb3	sll	x29,x6,x21	  x6:0xffffffaf x21:0x00000000 x29=0xffffffaf
       11355000	      1134	800008bc	00135463	bge	x6,x1,800008c4	  x6:0xffffffaf  x1:0x1f756864
       11365000	      1135	800008c0	013faab3	slt	x21,x31,x19	 x31:0xaafbfff0 x19:0x00000000 x21=0x00000001
       11375000	      1136	800008c4	015f6a63	bltu	x30,x21,800008d8	 x30:0xffdfe000 x21:0x00000001
       11385000	      1137	800008c8	0188c9b3	xor	x19,x17,x24	 x17:0x00000000 x24:0x4c000000 x19=0x4c000000
       11395000	      1138	800008cc	08d2c063	blt	x5,x13,8000094c	  x5:0x00000000 x13:0x00000000
       11405000	      1139	800008d0	a6c624b7	lui	x9,0xa6c62	  x9=0xa6c62000
       11415000	      1140	800008d4	40c3d1b3	sra	x3,x7,x12	  x7:0x80009f84 x12:0xea5bc824  x3=0xf80009f8
       11425000	      1141	800008d8	00c5d033	srl	x0,x11,x12	 x11:0xfffffff1 x12:0xea5bc824
       11435000	      1142	800008dc	00c6de13	srli	x28,x13,0xc	 x13:0x00000000 x28=0x00000000
       11445000	      1143	800008e0	00e1cab3	xor	x21,x3,x14	  x3:0xf80009f8 x14:0xaafbffff x21=0x52fbf607
       11455000	      1144	800008e4	0042dc33	srl	x24,x5,x4	  x5:0x00000000  x4:0x00000001 x24=0x00000000
       11465000	      1145	800008e8	04308a63	beq	x1,x3,8000093c	  x1:0x1f756864  x3:0xf80009f8
       11475000	      1146	800008ec	40afdcb3	sra	x25,x31,x10	 x31:0xaafbfff0 x10:0xaafbfff0 x25=0xffffaafb
       11485000	      1147	800008f0	8807f213	andi	x4,x15,-1920	 x15:0x00000000  x4=0x00000000
       11495000	      1148	800008f4	012a0c33	add	x24,x20,x18	 x20:0xc05f4000 x18:0x80009fc4 x24=0x405fdfc4
       11505000	      1149	800008f8	00000013	addi	x0,x0,0	  x0:0x00000000
       11515000	      1150	800008fc	00000b97	auipc	x23,0x0	 x23=0x800008f8
       11525000	      1151	80000900	240b8b93	addi	x23,x23,576	 x23:0x800008f8 x23=0x80000b38
       11535000	      1152	80000904	019d3eb3	sltu	x29,x26,x25	 x26:0x0000000f x25:0xffffaafb x29=0x00000001
       11545000	      1153	80000908	f2ec0793	addi	x15,x24,-210	 x24:0x405fdfc4 x15=0x405fdef2
       11555000	      1154	8000090c	401cdf13	srai	x30,x25,0x1	 x25:0xffffaafb x30=0xffffd57d
       11565000	      1155	80000910	009939b3	sltu	x19,x18,x9	 x18:0x80009fc4  x9:0xa6c62000 x19=0x00000001
       11575000	      1156	80000914	d58b8b93	addi	x23,x23,-680	 x23:0x80000b38 x23=0x80000890
       11585000	      1157	80000918	01085663	bge	x16,x16,80000924	 x16:0x00000000 x16:0x00000000
       11595000	      1158	00000000	00000013	addi	x0,x0,0	  x0:0x00000000
       11605000	      1159	80000920	00000013	addi	x0,x0,0	  x0:0x00000000
       11615000	      1160	80000924	2a9b8fe7	jalr	x31,x23,681	 x23:0x80000890 x31=0x80000924
       11625000	      1161	00000000	00000013	addi	x0,x0,0	  x0:0x00000000
       11635000	      1162	80000b38	00000013	addi	x0,x0,0	  x0:0x00000000
       11645000	      1163	80000b3c	56e9bd13	sltiu	x26,x19,1390	 x19:0x00000001 x26=0x00000001
       11655000	      1164	80000b40	a3a1b713	sltiu	x14,x3,-1478	  x3:0xf80009f8 x14=0x00000001
       11665000	      1165	80000b44	01e75863	bge	x14,x30,80000b54	 x14:0x00000001 x30:0xffffd57d
       11675000	      1166	00000000	00000013	addi	x0,x0,0	  x0:0x00000000
       11685000	      1167	80000b50	00000013	addi	x0,x0,0	  x0:0x00000000
       11695000	      1168	80000b54	fdc38393	addi	x7,x7,-36	  x7:0x80009f84  x7=0x80009f60
       11705000	      1169	80000b58	01f3a223	sw	x31,4(x7)	  x7:0x80009f60 x31:0x80000924 PA:0x80009f64
       11715000	      1170	80000b5c	01871413	slli	x8,x14,0x18	 x14:0x00000001  x8=0x01000000
       11725000	      1171	80000b60	ef8ee213	ori	x4,x29,-264	 x29:0x00000001  x4=0xfffffef9
       11735000	      1172	80000b64	00226f33	or	x30,x4,x2	  x4:0xfffffef9  x2:0x4c000000 x30=0xfffffef9
       11745000	      1173	80000b68	00008417	auipc	x8,0x8	  x8=0x80008b64
       11755000	      1174	80000b6c	cec40413	addi	x8,x8,-788	  x8:0x80008b64  x8=0x80008850
       11765000	      1175	80000b70	0a144703	lbu	x14,161(x8)	  x8:0x80008850 x14=0x00000000 PA:0x800088f1
       11775000	      1176	80000b74	0a140983	lb	x19,161(x8)	  x8:0x80008850 x19=0x00000000 PA:0x800088f1
       11785000	      1177	80000b78	ff540183	lb	x3,-11(x8)	  x8:0x80008850  x3=0x00000000 PA:0x80008845
       11795000	      1178	80000b7c	ff540703	lb	x14,-11(x8)	  x8:0x80008850 x14=0x00000000 PA:0x80008845
       11805000	      1179	80000b80	005fc1b3	xor	x3,x31,x5	 x31:0x80000924  x5:0x00000000  x3=0x80000924
       11815000	      1180	80000b84	ff144f83	lbu	x31,-15(x8)	  x8:0x80008850 x31=0x00000000 PA:0x80008841
       11825000	      1181	80000b88	ff144483	lbu	x9,-15(x8)	  x8:0x80008850  x9=0x00000000 PA:0x80008841
       11835000	      1182	80000b8c	ff140603	lb	x12,-15(x8)	  x8:0x80008850 x12=0x00000000 PA:0x80008841
       11845000	      1183	80000b90	ff140103	lb	x2,-15(x8)	  x8:0x80008850  x2=0x00000000 PA:0x80008841
       11855000	      1184	80000b94	4095dc33	sra	x24,x11,x9	 x11:0xfffffff1  x9:0x00000000 x24=0xfffffff1
       11865000	      1185	80000b98	ff144603	lbu	x12,-15(x8)	  x8:0x80008850 x12=0x00000000 PA:0x80008841
       11875000	      1186	80000b9c	ff140d03	lb	x26,-15(x8)	  x8:0x80008850 x26=0x00000000 PA:0x80008841
       11885000	      1187	80000ba0	ff8408a3	sb	x24,-15(x8)	  x8:0x80008850 x24:0xfffffff1 PA:0x80008841
       11895000	      1188	80000ba4	ff144603	lbu	x12,-15(x8)	  x8:0x80008850 x12=0x000000f1 PA:0x80008841
       11905000	      1189	80000ba8	ff140c83	lb	x25,-15(x8)	  x8:0x80008850 x25=0xfffffff1 PA:0x80008841
       11915000	      1190	80000bac	a6c44713	xori	x14,x8,-1428	  x8:0x80008850 x14=0x7fff723c
       11925000	      1191	80000bb0	ff144d03	lbu	x26,-15(x8)	  x8:0x80008850 x26=0x000000f1 PA:0x80008841
       11935000	      1192	80000bb4	ff144303	lbu	x6,-15(x8)	  x8:0x80008850  x6=0x000000f1 PA:0x80008841
       11945000	      1193	80000bb8	ff140b03	lb	x22,-15(x8)	  x8:0x80008850 x22=0xfffffff1 PA:0x80008841
       11955000	      1194	80000bbc	ff144783	lbu	x15,-15(x8)	  x8:0x80008850 x15=0x000000f1 PA:0x80008841
       11965000	      1195	80000bc0	00008317	auipc	x6,0x8	  x6=0x80008bbc
       11975000	      1196	80000bc4	95330313	addi	x6,x6,-1709	  x6:0x80008bbc  x6=0x8000850f
       11985000	      1197	80000bc8	f9034183	lbu	x3,-112(x6)	  x6:0x8000850f  x3=0x00000000 PA:0x8000849f
       11995000	      1198	80000bcc	00008797	auipc	x15,0x8	 x15=0x80008bc8
       12005000	      1199	80000bd0	97078793	addi	x15,x15,-1680	 x15:0x80008bc8 x15=0x80008538
       12015000	      1200	80000bd4	f3d30023	sb	x29,-224(x6)	  x6:0x8000850f x29:0x00000001 PA:0x8000842f
       12025000	      1201	80000bd8	02d78503	lb	x10,45(x15)	 x15:0x80008538 x10=0x00000000 PA:0x80008565
       12035000	      1202	80000bdc	01778323	sb	x23,6(x15)	 x15:0x80008538 x23:0x80000890 PA:0x8000853e
       12045000	      1203	80000be0	f0634603	lbu	x12,-250(x6)	  x6:0x8000850f x12=0x00000000 PA:0x80008415
       12055000	      1204	80000be4	fd1789a3	sb	x17,-45(x15)	 x15:0x80008538 x17:0x00000000 PA:0x8000850b
       12065000	      1205	80000be8	f3e30703	lb	x14,-194(x6)	  x6:0x8000850f x14=0x00000000 PA:0x8000844d
       12075000	      1206	80000bec	fe535b83	lhu	x23,-27(x6)	  x6:0x8000850f x23=0x00000000 PA:0x800084f4
       12085000	      1207	80000bf0	ff5780a3	sb	x21,-31(x15)	 x15:0x80008538 x21:0x52fbf607 PA:0x80008519
       12095000	      1208	80000bf4	03279183	lh	x3,50(x15)	 x15:0x80008538  x3=0x00000000 PA:0x8000856a
       12105000	      1209	80000bf8	0d630b03	lb	x22,214(x6)	  x6:0x8000850f x22=0x00000000 PA:0x800085e5
       12115000	      1210	80000bfc	08e301a3	sb	x14,131(x6)	  x6:0x8000850f x14:0x00000000 PA:0x80008592
       12125000	      1211	80000c00	00679d23	sh	x6,26(x15)	 x15:0x80008538  x6:0x8000850f PA:0x80008552
       12135000	      1212	80000c04	00630d23	sb	x6,26(x6)	  x6:0x8000850f  x6:0x8000850f PA:0x80008529
       12145000	      1213	80000c08	03078e83	lb	x29,48(x15)	 x15:0x80008538 x29=0x00000000 PA:0x80008568
       12155000	      1214	80000c0c	f0034603	lbu	x12,-256(x6)	  x6:0x8000850f x12=0x00000000 PA:0x8000840f
       12165000	      1215	80000c10	f1734003	lbu	x0,-233(x6)	  x6:0x8000850f PA:0x80008426
       12175000	      1216	80000c14	01c7ce83	lbu	x29,28(x15)	 x15:0x80008538 x29=0x00000000 PA:0x80008554
       12185000	      1217	80000c18	fda78083	lb	x1,-38(x15)	 x15:0x80008538  x1=0x00000000 PA:0x80008512
       12195000	      1218	00000000	00000013	addi	x0,x0,0	  x0:0x00000000
       12205000	      1219	80000c1c	00008a97	auipc	x21,0x8	 x21=0x80008c18
       12215000	      1220	80000c20	f30a8a93	addi	x21,x21,-208	 x21:0x80008c18 x21=0x80008b48
       12225000	      1221	80000c24	5393fc93	andi	x25,x7,1337	  x7:0x80009f60 x25=0x00000520
       12235000	      1222	80000c28	f63acf03	lbu	x30,-157(x21)	 x21:0x80008b48 x30=0x00000000 PA:0x80008aab
       12245000	      1223	80000c2c	09da8003	lb	x0,157(x21)	 x21:0x80008b48 PA:0x80008be5
       12255000	      1224	80000c30	25bac283	lbu	x5,603(x21)	 x21:0x80008b48  x5=0x00000000 PA:0x80008da3
       12265000	      1225	80000c34	27da8103	lb	x2,637(x21)	 x21:0x80008b48  x2=0x00000000 PA:0x80008dc5
       12275000	      1226	80000c38	471ac203	lbu	x4,1137(x21)	 x21:0x80008b48  x4=0x00000000 PA:0x80008fb9
       12285000	      1227	80000c3c	012488b3	add	x17,x9,x18	  x9:0x00000000 x18:0x80009fc4 x17=0x80009fc4
       12295000	      1228	80000c40	448a8c03	lb	x24,1096(x21)	 x21:0x80008b48 x24=0x00000000 PA:0x80008f90
       12305000	      1229	80000c44	00594533	xor	x10,x18,x5	 x18:0x80009fc4  x5:0x00000000 x10=0x80009fc4
       12315000	      1230	80000c48	d41ace83	lbu	x29,-703(x21)	 x21:0x80008b48 x29=0x00000000 PA:0x80008889
       12325000	      1231	80000c4c	10ead703	lhu	x14,270(x21)	 x21:0x80008b48 x14=0x00000000 PA:0x80008c56
       12335000	      1232	80000c50	467a8aa3	sb	x7,1141(x21)	 x21:0x80008b48  x7:0x80009f60 PA:0x80008fbd
       12345000	      1233	80000c54	00000013	addi	x0,x0,0	  x0:0x00000000
       12355000	      1234	80000c58	01ca8b23	sb	x28,22(x21)	 x21:0x80008b48 x28:0x00000000 PA:0x80008b5e
       12365000	      1235	80000c5c	167ac303	lbu	x6,359(x21)	 x21:0x80008b48  x6=0x00000000 PA:0x80008caf
       12375000	      1236	00000000	00000013	addi	x0,x0,0	  x0:0x00000000
       12385000	      1237	80000c60	286a8303	lb	x6,646(x21)	 x21:0x80008b48  x6=0x00000000 PA:0x80008dce
       12395000	      1238	00000000	00000013	addi	x0,x0,0	  x0:0x00000000
       12405000	      1239	80000c64	01d32633	slt	x12,x6,x29	  x6:0x00000000 x29:0x00000000 x12=0x00000000
       12415000	      1240	80000c68	44da8483	lb	x9,1101(x21)	 x21:0x80008b48  x9=0x00000000 PA:0x80008f95
       12425000	      1241	80000c6c	e26a8083	lb	x1,-474(x21)	 x21:0x80008b48  x1=0x00000000 PA:0x8000896e
       12435000	      1242	80000c70	04fa8fa3	sb	x15,95(x21)	 x21:0x80008b48 x15:0x80008538 PA:0x80008ba7
       12445000	      1243	80000c74	0033d333	srl	x6,x7,x3	  x7:0x80009f60  x3:0x00000000  x6=0x80009f60
       12455000	      1244	80000c78	60a3e193	ori	x3,x7,1546	  x7:0x80009f60  x3=0x80009f6a
       12465000	      1245	80000c7c	01dc1c33	sll	x24,x24,x29	 x24:0x00000000 x29:0x00000000 x24=0x00000000
       12475000	      1246	80000c80	25cbc817	auipc	x16,0x25cbc	 x16=0xa5cbcc7c
       12485000	      1247	80000c84	433aa423	sw	x19,1064(x21)	 x21:0x80008b48 x19:0x00000000 PA:0x80008f70
       12495000	      1248	80000c88	01f8de93	srli	x29,x17,0x1f	 x17:0x80009fc4 x29=0x00000001
       12505000	      1249	80000c8c	40e9de93	srai	x29,x19,0xe	 x19:0x00000000 x29=0x00000000
       12515000	      1250	80000c90	ceaac203	lbu	x4,-790(x21)	 x21:0x80008b48  x4=0x00000000 PA:0x80008832
       12525000	      1251	80000c94	00008097	auipc	x1,0x8	  x1=0x80008c90
       12535000	      1252	80000c98	0b108093	addi	x1,x1,177	  x1:0x80008c90  x1=0x80008d41
       12545000	      1253	80000c9c	00008117	auipc	x2,0x8	  x2=0x80008c98
       12555000	      1254	80000ca0	01110113	addi	x2,x2,17	  x2:0x80008c98  x2=0x80008ca9
       12565000	      1255	80000ca4	00f10f03	lb	x30,15(x2)	  x2:0x80008ca9 x30=0x00000000 PA:0x80008cb8
       12575000	      1256	80000ca8	00610f83	lb	x31,6(x2)	  x2:0x80008ca9 x31=0x00000000 PA:0x80008caf
       12585000	      1257	80000cac	ff10c603	lbu	x12,-15(x1)	  x1:0x80008d41 x12=0x00000000 PA:0x80008d32
       12595000	      1258	80000cb0	ff310a83	lb	x21,-13(x2)	  x2:0x80008ca9 x21=0x00000000 PA:0x80008c9c
       12605000	      1259	80000cb4	0000ca03	lbu	x20,0(x1)	  x1:0x80008d41 x20=0x00000000 PA:0x80008d41
       12615000	      1260	80000cb8	ffa10e83	lb	x29,-6(x2)	  x2:0x80008ca9 x29=0x00000000 PA:0x80008ca3
       12625000	      1261	80000cbc	ffb0c503	lbu	x10,-5(x1)	  x1:0x80008d41 x10=0x00000000 PA:0x80008d3c
       12635000	      1262	80000cc0	00b09e03	lh	x28,11(x1)	  x1:0x80008d41 x28=0x00000000 PA:0x80008d4c
       12645000	      1263	80000cc4	ff108283	lb	x5,-15(x1)	  x1:0x80008d41  x5=0x00000000 PA:0x80008d32
       12655000	      1264	80000cc8	00808b03	lb	x22,8(x1)	  x1:0x80008d41 x22=0x00000000 PA:0x80008d49
       12665000	      1265	80000ccc	ff814b83	lbu	x23,-8(x2)	  x2:0x80008ca9 x23=0x00000000 PA:0x80008ca1
       12675000	      1266	80000cd0	fff10703	lb	x14,-1(x2)	  x2:0x80008ca9 x14=0x00000000 PA:0x80008ca8
       12685000	      1267	80000cd4	0040c483	lbu	x9,4(x1)	  x1:0x80008d41  x9=0x00000000 PA:0x80008d45
       12695000	      1268	80000cd8	00007a97	auipc	x21,0x7	 x21=0x80007cd4
       12705000	      1269	80000cdc	5caa8a93	addi	x21,x21,1482	 x21:0x80007cd4 x21=0x8000829e
       12715000	      1270	80000ce0	013fb7b3	sltu	x15,x31,x19	 x31:0x00000000 x19:0x00000000 x15=0x00000000
       12725000	      1271	80000ce4	0131ac33	slt	x24,x3,x19	  x3:0x80009f6a x19:0x00000000 x24=0x00000001
       12735000	      1272	80000ce8	fd8aab23	sw	x24,-42(x21)	 x21:0x8000829e x24:0x00000001 PA:0x80008274
       12745000	      1273	80000cec	056a8023	sb	x22,64(x21)	 x21:0x8000829e x22:0x00000000 PA:0x800082de
       12755000	      1274	80000cf0	00ab9513	slli	x10,x23,0xa	 x23:0x00000000 x10=0x00000000
       12765000	      1275	80000cf4	419102b3	sub	x5,x2,x25	  x2:0x80008ca9 x25:0x00000520  x5=0x80008789
       12775000	      1276	80000cf8	55cf7513	andi	x10,x30,1372	 x30:0x00000000 x10=0x00000000
       12785000	      1277	80000cfc	004f2033	slt	x0,x30,x4	 x30:0x00000000  x4:0x00000000
       12795000	      1278	80000d00	68abbb93	sltiu	x23,x23,1674	 x23:0x00000000 x23=0x00000001
       12805000	      1279	80000d04	ff2a8f03	lb	x30,-14(x21)	 x21:0x8000829e x30=0x00000000 PA:0x80008290
       12815000	      1280	80000d08	01ab06b3	add	x13,x22,x26	 x22:0x00000000 x26:0x000000f1 x13=0x000000f1
       12825000	      1281	80000d0c	6b5c2093	slti	x1,x24,1717	 x24:0x00000001  x1=0x00000001
       12835000	      1282	80000d10	41505a13	srai	x20,x0,0x15	  x0:0x00000000 x20=0x00000000
       12845000	      1283	80000d14	fe5a82a3	sb	x5,-27(x21)	 x21:0x8000829e  x5:0x80008789 PA:0x80008283
       12855000	      1284	80000d18	01f31bb3	sll	x23,x6,x31	  x6:0x80009f60 x31:0x00000000 x23=0x80009f60
       12865000	      1285	80000d1c	015dab93	slti	x23,x27,21	 x27:0xf904f8bb x23=0x00000001
       12875000	      1286	80000d20	005ac6b3	xor	x13,x21,x5	 x21:0x8000829e  x5:0x80008789 x13=0x00000517
       12885000	      1287	80000d24	fc9acf03	lbu	x30,-55(x21)	 x21:0x8000829e x30=0x00000000 PA:0x80008267
       12895000	      1288	80000d28	011b50b3	srl	x1,x22,x17	 x22:0x00000000 x17:0x80009fc4  x1=0x00000000
       12905000	      1289	80000d2c	035aab23	sw	x21,54(x21)	 x21:0x8000829e x21:0x8000829e PA:0x800082d4
       12915000	      1290	80000d30	03aaa583	lw	x11,58(x21)	 x21:0x8000829e x11=0x00000000 PA:0x800082d8
       12925000	      1291	80000d34	011a87a3	sb	x17,15(x21)	 x21:0x8000829e x17:0x80009fc4 PA:0x800082ad
       12935000	      1292	80000d38	031ac283	lbu	x5,49(x21)	 x21:0x8000829e  x5=0x00000000 PA:0x800082cf
       12945000	      1293	80000d3c	fcbaa923	sw	x11,-46(x21)	 x21:0x8000829e x11:0x00000000 PA:0x80008270
       12955000	      1294	80000d40	feba8ca3	sb	x11,-7(x21)	 x21:0x8000829e x11:0x00000000 PA:0x80008297
       12965000	      1295	80000d44	f3ce0e17	auipc	x28,0xf3ce0	 x28=0x73ce0d40
       12975000	      1296	80000d48	fdaa8a03	lb	x20,-38(x21)	 x21:0x8000829e x20=0x00000000 PA:0x80008278
       12985000	      1297	80000d4c	3cb42193	slti	x3,x8,971	  x8:0x80008850  x3=0x00000001
       12995000	      1298	80000d50	01030697	auipc	x13,0x1030	 x13=0x81030d4c
       13005000	      1299	80000d54	017e1013	slli	x0,x28,0x17	 x28:0x73ce0d40
       13015000	      1300	80000d58	05a10863	beq	x2,x26,80000da8	  x2:0x80008ca9 x26:0x000000f1
       13025000	      1301	80000d5c	00ac9713	slli	x14,x25,0xa	 x25:0x00000520 x14=0x00148000
       13035000	      1302	80000d60	02741863	bne	x8,x7,80000d90	  x8:0x80008850  x7:0x80009f60
       13045000	      1303	00000000	00000013	addi	x0,x0,0	  x0:0x00000000
       13055000	      1304	80000d8c	00000013	addi	x0,x0,0	  x0:0x00000000
       13065000	      1305	80000d90	02366063	bltu	x12,x3,80000db0	 x12:0x00000000  x3:0x00000001
       13075000	      1306	00000000	00000013	addi	x0,x0,0	  x0:0x00000000
       13085000	      1307	80000dac	00000013	addi	x0,x0,0	  x0:0x00000000
       13095000	      1308	80000db0	41cdd413	srai	x8,x27,0x1c	 x27:0xf904f8bb  x8=0xffffffff
       13105000	      1309	80000db4	ff3931b7	lui	x3,0xff393	  x3=0xff393000
       13115000	      1310	80000db8	01727c33	and	x24,x4,x23	  x4:0x00000000 x23:0x00000001 x24=0x00000000
       13125000	      1311	80000dbc	bb623693	sltiu	x13,x4,-1098	  x4:0x00000000 x13=0x00000001
       13135000	      1312	80000dc0	c0357593	andi	x11,x10,-1021	 x10:0x00000000 x11=0x00000000
       13145000	      1313	80000dc4	00e99cb3	sll	x25,x19,x14	 x19:0x00000000 x14:0x00148000 x25=0x00000000
       13155000	      1314	80000dc8	dcba4993	xori	x19,x20,-565	 x20:0x00000000 x19=0xfffffdcb
       13165000	      1315	80000dcc	001f2a33	slt	x20,x30,x1	 x30:0x00000000  x1:0x00000000 x20=0x00000000
       13175000	      1316	80000dd0	0137a7b3	slt	x15,x15,x19	 x15:0x00000000 x19:0xfffffdcb x15=0x00000000
       13185000	      1317	80000dd4	fc5fbf13	sltiu	x30,x31,-59	 x31:0x00000000 x30=0x00000001
       13195000	      1318	80000dd8	009c59b3	srl	x19,x24,x9	 x24:0x00000000  x9:0x00000000 x19=0x00000000
       13205000	      1319	80000ddc	01204fb3	xor	x31,x0,x18	  x0:0x00000000 x18:0x80009fc4 x31=0x80009fc4
       13215000	      1320	80000de0	eba92b13	slti	x22,x18,-326	 x18:0x80009fc4 x22=0x00000001
       13225000	      1321	80000de4	fa8eec93	ori	x25,x29,-88	 x29:0x00000000 x25=0xffffffa8
       13235000	      1322	80000de8	01645833	srl	x16,x8,x22	  x8:0xffffffff x22:0x00000001 x16=0x7fffffff
       13245000	      1323	80000dec	baa13493	sltiu	x9,x2,-1110	  x2:0x80008ca9  x9=0x00000001
       13255000	      1324	80000df0	00d8e263	bltu	x17,x13,80000df4	 x17:0x80009fc4 x13:0x00000001
       13265000	      1325	80000df4	c1cd7e93	andi	x29,x26,-996	 x26:0x000000f1 x29=0x00000010
       13275000	      1326	80000df8	0190a9b3	slt	x19,x1,x25	  x1:0x00000000 x25:0xffffffa8 x19=0x00000000
       13285000	      1327	80000dfc	059f9863	bne	x31,x25,80000e4c	 x31:0x80009fc4 x25:0xffffffa8
       13295000	      1328	00000000	00000013	addi	x0,x0,0	  x0:0x00000000
       13305000	      1329	80000e48	00000013	addi	x0,x0,0	  x0:0x00000000
       13315000	      1330	80000e4c	00000013	addi	x0,x0,0	  x0:0x00000000
       13325000	      1331	80000e50	00779663	bne	x15,x7,80000e5c	 x15:0x00000000  x7:0x80009f60
       13335000	      1332	00000000	00000013	addi	x0,x0,0	  x0:0x00000000
       13345000	      1333	80000e58	00000013	addi	x0,x0,0	  x0:0x00000000
       13355000	      1334	80000e5c	41b6d793	srai	x15,x13,0x1b	 x13:0x00000001 x15=0x00000000
       13365000	      1335	80000e60	5e0f7693	andi	x13,x30,1504	 x30:0x00000001 x13=0x00000000
       13375000	      1336	80000e64	00afc133	xor	x2,x31,x10	 x31:0x80009fc4 x10:0x00000000  x2=0x80009fc4
       13385000	      1337	80000e68	01ae3433	sltu	x8,x28,x26	 x28:0x73ce0d40 x26:0x000000f1  x8=0x00000000
       13395000	      1338	80000e6c	00000013	addi	x0,x0,0	  x0:0x00000000
       13405000	      1339	80000e70	0129d293	srli	x5,x19,0x12	 x19:0x00000000  x5=0x00000000
       13415000	      1340	80000e74	01da3bb3	sltu	x23,x20,x29	 x20:0x00000000 x29:0x00000010 x23=0x00000001
       13425000	      1341	80000e78	00e25d33	srl	x26,x4,x14	  x4:0x00000000 x14:0x00148000 x26=0x00000000
       13435000	      1342	80000e7c	00c51b13	slli	x22,x10,0xc	 x10:0x00000000 x22=0x00000000
       13445000	      1343	80000e80	00000013	addi	x0,x0,0	  x0:0x00000000
       13455000	      1344	80000e84	00345e63	bge	x8,x3,80000ea0	  x8:0x00000000  x3:0xff393000
       13465000	      1345	00000000	00000013	addi	x0,x0,0	  x0:0x00000000
       13475000	      1346	80000e9c	00000013	addi	x0,x0,0	  x0:0x00000000
       13485000	      1347	80000ea0	274c6c93	ori	x25,x24,628	 x24:0x00000000 x25=0x00000274
       13495000	      1348	80000ea4	00461c33	sll	x24,x12,x4	 x12:0x00000000  x4:0x00000000 x24=0x00000000
       13505000	      1349	80000ea8	006c0663	beq	x24,x6,80000eb4	 x24:0x00000000  x6:0x80009f60
       13515000	      1350	80000eac	c3c7ff13	andi	x30,x15,-964	 x15:0x00000000 x30=0x00000000
       13525000	      1351	80000eb0	79574213	xori	x4,x14,1941	 x14:0x00148000  x4=0x00148795
       13535000	      1352	80000eb4	009649b3	xor	x19,x12,x9	 x12:0x00000000  x9:0x00000001 x19=0x00000001
       13545000	      1353	80000eb8	01a10a63	beq	x2,x26,80000ecc	  x2:0x80009fc4 x26:0x00000000
       13555000	      1354	80000ebc	03744c63	blt	x8,x23,80000ef4	  x8:0x00000000 x23:0x00000001
       13565000	      1355	00000000	00000013	addi	x0,x0,0	  x0:0x00000000
       13575000	      1356	80000ef0	00000013	addi	x0,x0,0	  x0:0x00000000
       13585000	      1357	80000ef4	016eec63	bltu	x29,x22,80000f0c	 x29:0x00000010 x22:0x00000000
       13595000	      1358	80000ef8	004b0b33	add	x22,x22,x4	 x22:0x00000000  x4:0x00148795 x22=0x00148795
       13605000	      1359	80000efc	00dbe663	bltu	x23,x13,80000f08	 x23:0x00000001 x13:0x00000000
       13615000	      1360	80000f00	41475ab3	sra	x21,x14,x20	 x14:0x00148000 x20:0x00000000 x21=0x00148000
       13625000	      1361	80000f04	42a7ef13	ori	x30,x15,1066	 x15:0x00000000 x30=0x0000042a
       13635000	      1362	80000f08	009c4cb3	xor	x25,x24,x9	 x24:0x00000000  x9:0x00000001 x25=0x00000001
       13645000	      1363	80000f0c	41722493	slti	x9,x4,1047	  x4:0x00148795  x9=0x00000000
       13655000	      1364	80000f10	0148d633	srl	x12,x17,x20	 x17:0x80009fc4 x20:0x00000000 x12=0x80009fc4
       13665000	      1365	80000f14	410a8d33	sub	x26,x21,x16	 x21:0x00148000 x16:0x7fffffff x26=0x80148001
       13675000	      1366	80000f18	b0d9ad13	slti	x26,x19,-1267	 x19:0x00000001 x26=0x00000000
       13685000	      1367	80000f1c	018549b3	xor	x19,x10,x24	 x10:0x00000000 x24:0x00000000 x19=0x00000000
       13695000	      1368	80000f20	0863a113	slti	x2,x7,134	  x7:0x80009f60  x2=0x00000001
       13705000	      1369	80000f24	0a334463	blt	x6,x3,80000fcc	  x6:0x80009f60  x3:0xff393000
       13715000	      1370	00000000	00000013	addi	x0,x0,0	  x0:0x00000000
       13725000	      1371	80000fc8	00000013	addi	x0,x0,0	  x0:0x00000000
       13735000	      1372	80000fcc	41e85413	srai	x8,x16,0x1e	 x16:0x7fffffff  x8=0x00000001
       13745000	      1373	80000fd0	8ef3e793	ori	x15,x7,-1809	  x7:0x80009f60 x15=0xffffffef
       13755000	      1374	80000fd4	41ec5b13	srai	x22,x24,0x1e	 x24:0x00000000 x22=0x00000000
       13765000	      1375	80000fd8	561b7017	auipc	x0,0x561b7	
       13775000	      1376	80000fdc	05b36863	bltu	x6,x27,8000102c	  x6:0x80009f60 x27:0xf904f8bb
       13785000	      1377	00000000	00000013	addi	x0,x0,0	  x0:0x00000000
       13795000	      1378	80001028	00000013	addi	x0,x0,0	  x0:0x00000000
       13805000	      1379	8000102c	4091da33	sra	x20,x3,x9	  x3:0xff393000  x9:0x00000000 x20=0xff393000
       13815000	      1380	80001030	fd3c5537	lui	x10,0xfd3c5	 x10=0xfd3c5000
       13825000	      1381	80001034	017cdf93	srli	x31,x25,0x17	 x25:0x00000001 x31=0x00000000
       13835000	      1382	80001038	202e0793	addi	x15,x28,514	 x28:0x73ce0d40 x15=0x73ce0f42
       13845000	      1383	8000103c	0305c063	blt	x11,x16,8000105c	 x11:0x00000000 x16:0x7fffffff
       13855000	      1384	00000000	00000013	addi	x0,x0,0	  x0:0x00000000
       13865000	      1385	80001058	00000013	addi	x0,x0,0	  x0:0x00000000
       13875000	      1386	8000105c	02274c63	blt	x14,x2,80001094	 x14:0x00148000  x2:0x00000001
       13885000	      1387	80001060	00ca0033	add	x0,x20,x12	 x20:0xff393000 x12:0x80009fc4
       13895000	      1388	80001064	8f723f37	lui	x30,0x8f723	 x30=0x8f723000
       13905000	      1389	80001068	16804193	xori	x3,x0,360	  x0:0x00000000  x3=0x00000168
       13915000	      1390	8000106c	00b8ce33	xor	x28,x17,x11	 x17:0x80009fc4 x11:0x00000000 x28=0x80009fc4
       13925000	      1391	80001070	0064f133	and	x2,x9,x6	  x9:0x00000000  x6:0x80009f60  x2=0x00000000
       13935000	      1392	80001074	00da0a33	add	x20,x20,x13	 x20:0xff393000 x13:0x00000000 x20=0xff393000
       13945000	      1393	80001078	01296b33	or	x22,x18,x18	 x18:0x80009fc4 x18:0x80009fc4 x22=0x80009fc4
       13955000	      1394	8000107c	ecd0f693	andi	x13,x1,-307	  x1:0x00000000 x13=0x00000000
       13965000	      1395	80001080	0138bab3	sltu	x21,x17,x19	 x17:0x80009fc4 x19:0x00000000 x21=0x00000000
       13975000	      1396	80001084	404d5593	srai	x11,x26,0x4	 x26:0x00000000 x11=0x00000000
       13985000	      1397	80001088	415d0333	sub	x6,x26,x21	 x26:0x00000000 x21:0x00000000  x6=0x00000000
       13995000	      1398	8000108c	015ede93	srli	x29,x29,0x15	 x29:0x00000010 x29=0x00000000
       14005000	      1399	80001090	015ed433	srl	x8,x29,x21	 x29:0x00000000 x21:0x00000000  x8=0x00000000
       14015000	      1400	80001094	b2257c13	andi	x24,x10,-1246	 x10:0xfd3c5000 x24=0xfd3c5000
       14025000	      1401	80001098	01d16d33	or	x26,x2,x29	  x2:0x00000000 x29:0x00000000 x26=0x00000000
       14035000	      1402	8000109c	0090f0b3	and	x1,x1,x9	  x1:0x00000000  x9:0x00000000  x1=0x00000000
       14045000	      1403	800010a0	01b5e663	bltu	x11,x27,800010ac	 x11:0x00000000 x27:0xf904f8bb
       14055000	      1404	00000000	00000013	addi	x0,x0,0	  x0:0x00000000
       14065000	      1405	800010a8	00000013	addi	x0,x0,0	  x0:0x00000000
       14075000	      1406	800010ac	02267063	bgeu	x12,x2,800010cc	 x12:0x80009fc4  x2:0x00000000
       14085000	      1407	00000000	00000013	addi	x0,x0,0	  x0:0x00000000
       14095000	      1408	800010c8	00000013	addi	x0,x0,0	  x0:0x00000000
       14105000	      1409	800010cc	015522b3	slt	x5,x10,x21	 x10:0xfd3c5000 x21:0x00000000  x5=0x00000001
       14115000	      1410	800010d0	0043af83	lw	x31,4(x7)	  x7:0x80009f60 x31=0x80000924 PA:0x80009f64
       14125000	      1411	800010d4	02438393	addi	x7,x7,36	  x7:0x80009f60  x7=0x80009f84
       14135000	      1412	800010d8	00d29533	sll	x10,x5,x13	  x5:0x00000001 x13:0x00000000 x10=0x00000001
       14145000	      1413	800010dc	933ff713	andi	x14,x31,-1741	 x31:0x80000924 x14=0x80000920
       14155000	      1414	800010e0	09723d13	sltiu	x26,x4,151	  x4:0x00148795 x26=0x00000000
       14165000	      1415	800010e4	001f8b13	addi	x22,x31,1	 x31:0x80000924 x22=0x80000925
       14175000	      1416	800010e8	000b0b67	jalr	x22,x22,0	 x22:0x80000925 x22=0x800010e8
       14185000	      1417	00000000	00000013	addi	x0,x0,0	  x0:0x00000000
       14195000	      1418	80000924	00000013	addi	x0,x0,0	  x0:0x00000000
       14205000	      1419	80000928	007d80b3	add	x1,x27,x7	 x27:0xf904f8bb  x7:0x80009f84  x1=0x7905983f
       14215000	      1420	8000092c	0155c4b3	xor	x9,x11,x21	 x11:0x00000000 x21:0x00000000  x9=0x00000000
       14225000	      1421	80000930	014cdcb3	srl	x25,x25,x20	 x25:0x00000001 x20:0xff393000 x25=0x00000001
       14235000	      1422	80000934	03d8f663	bgeu	x17,x29,80000960	 x17:0x80009fc4 x29:0x00000000
       14245000	      1423	00000000	00000013	addi	x0,x0,0	  x0:0x00000000
       14255000	      1424	8000095c	00000013	addi	x0,x0,0	  x0:0x00000000
       14265000	      1425	80000960	01ee4cb3	xor	x25,x28,x30	 x28:0x80009fc4 x30:0x8f723000 x25=0x0f72afc4
       14275000	      1426	80000964	00de6033	or	x0,x28,x13	 x28:0x80009fc4 x13:0x00000000
       14285000	      1427	80000968	13e30d13	addi	x26,x6,318	  x6:0x00000000 x26=0x0000013e
       14295000	      1428	8000096c	008e16b3	sll	x13,x28,x8	 x28:0x80009fc4  x8:0x00000000 x13=0x80009fc4
       14305000	      1429	80000970	d0a5a317	auipc	x6,0xd0a5a	  x6=0x50a5a96c
       14315000	      1430	80000974	46d2e413	ori	x8,x5,1133	  x5:0x00000001  x8=0x0000046d
       14325000	      1431	80000978	015d9b13	slli	x22,x27,0x15	 x27:0xf904f8bb x22=0x17600000
       14335000	      1432	8000097c	1ddb6213	ori	x4,x22,477	 x22:0x17600000  x4=0x176001dd
       14345000	      1433	80000980	05b39663	bne	x7,x27,800009cc	  x7:0x80009f84 x27:0xf904f8bb
       14355000	      1434	00000000	00000013	addi	x0,x0,0	  x0:0x00000000
       14365000	      1435	800009c8	00000013	addi	x0,x0,0	  x0:0x00000000
       14375000	      1436	800009cc	0408d063	bge	x17,x0,80000a0c	 x17:0x80009fc4  x0:0x00000000
       14385000	      1437	800009d0	40ce0e33	sub	x28,x28,x12	 x28:0x80009fc4 x12:0x80009fc4 x28=0x00000000
       14395000	      1438	800009d4	c10ffc97	auipc	x25,0xc10ff	 x25=0x410ff9d0
       14405000	      1439	800009d8	00fad533	srl	x10,x21,x15	 x21:0x00000000 x15:0x73ce0f42 x10=0x00000000
       14415000	      1440	800009dc	a789e717	auipc	x14,0xa789e	 x14=0x2789e9d8
       14425000	      1441	800009e0	4148db13	srai	x22,x17,0x14	 x17:0x80009fc4 x22=0xfffff800
       14435000	      1442	800009e4	04025863	bge	x4,x0,80000a34	  x4:0x176001dd  x0:0x00000000
       14445000	      1443	00000000	00000013	addi	x0,x0,0	  x0:0x00000000
       14455000	      1444	80000a30	00000013	addi	x0,x0,0	  x0:0x00000000
       14465000	      1445	80000a34	00f999b3	sll	x19,x19,x15	 x19:0x00000000 x15:0x73ce0f42 x19=0x00000000
       14475000	      1446	80000a38	003c9b33	sll	x22,x25,x3	 x25:0x410ff9d0  x3:0x00000168 x22=0x0ff9d000
       14485000	      1447	80000a3c	00e21613	slli	x12,x4,0xe	  x4:0x176001dd x12=0x00774000
       14495000	      1448	80000a40	01924433	xor	x8,x4,x25	  x4:0x176001dd x25:0x410ff9d0  x8=0x566ff80d
       14505000	      1449	80000a44	4263f4b7	lui	x9,0x4263f	  x9=0x4263f000
       14515000	      1450	80000a48	58bddd17	auipc	x26,0x58bdd	 x26=0xd8bdda44
       14525000	      1451	80000a4c	0fd07eb7	lui	x29,0xfd07	 x29=0x0fd07000
       14535000	      1452	80000a50	00000013	addi	x0,x0,0	  x0:0x00000000
       14545000	      1453	80000a54	00000013	addi	x0,x0,0	  x0:0x00000000
       14555000	      1454	80000a58	01b10533	add	x10,x2,x27	  x2:0x00000000 x27:0xf904f8bb x10=0xf904f8bb
       14565000	      1455	80000a5c	00159e33	sll	x28,x11,x1	 x11:0x00000000  x1:0x7905983f x28=0x00000000
       14575000	      1456	80000a60	03ab6263	bltu	x22,x26,80000a84	 x22:0x0ff9d000 x26:0xd8bdda44
       14585000	      1457	00000000	00000013	addi	x0,x0,0	  x0:0x00000000
       14595000	      1458	80000a80	00000013	addi	x0,x0,0	  x0:0x00000000
       14605000	      1459	80000a84	fb05f637	lui	x12,0xfb05f	 x12=0xfb05f000
       14615000	      1460	80000a88	2ee93593	sltiu	x11,x18,750	 x18:0x80009fc4 x11=0x00000000
       14625000	      1461	80000a8c	c7eb3793	sltiu	x15,x22,-898	 x22:0x0ff9d000 x15=0x00000001
       14635000	      1462	80000a90	01718633	add	x12,x3,x23	  x3:0x00000168 x23:0x00000001 x12=0x00000169
       14645000	      1463	80000a94	1634a793	slti	x15,x9,355	  x9:0x4263f000 x15=0x00000000
       14655000	      1464	80000a98	7e8fe093	ori	x1,x31,2024	 x31:0x80000924  x1=0x80000fec
       14665000	      1465	80000a9c	0125c8b3	xor	x17,x11,x18	 x11:0x00000000 x18:0x80009fc4 x17=0x80009fc4
       14675000	      1466	80000aa0	fddacf93	xori	x31,x21,-35	 x21:0x00000000 x31=0xffffffdd
       14685000	      1467	80000aa4	00f60033	add	x0,x12,x15	 x12:0x00000169 x15:0x00000000
       14695000	      1468	80000aa8	00000013	addi	x0,x0,0	  x0:0x00000000
       14705000	      1469	80000aac	41b9d993	srai	x19,x19,0x1b	 x19:0x00000000 x19=0x00000000
       14715000	      1470	80000ab0	01bdee33	or	x28,x27,x27	 x27:0xf904f8bb x27:0xf904f8bb x28=0xf904f8bb
       14725000	      1471	80000ab4	41138c33	sub	x24,x7,x17	  x7:0x80009f84 x17:0x80009fc4 x24=0xffffffc0
       14735000	      1472	80000ab8	0380e063	bltu	x1,x24,80000ad8	  x1:0x80000fec x24:0xffffffc0
       14745000	      1473	00000000	00000013	addi	x0,x0,0	  x0:0x00000000
       14755000	      1474	80000ad4	00000013	addi	x0,x0,0	  x0:0x00000000
       14765000	      1475	80000ad8	00165233	srl	x4,x12,x1	 x12:0x00000169  x1:0x80000fec  x4=0x00000000
       14775000	      1476	80000adc	98d5c113	xori	x2,x11,-1651	 x11:0x00000000  x2=0xfffff98d
       14785000	      1477	80000ae0	c8a32713	slti	x14,x6,-886	  x6:0x50a5a96c x14=0x00000000
       14795000	      1478	80000ae4	40c6d7b3	sra	x15,x13,x12	 x13:0x80009fc4 x12:0x00000169 x15=0xffc0004f
       14805000	      1479	80000ae8	4501ce13	xori	x28,x3,1104	  x3:0x00000168 x28=0x00000538
       14815000	      1480	80000aec	bd7ef897	auipc	x17,0xbd7ef	 x17=0x3d7efae8
       14825000	      1481	80000af0	00000013	addi	x0,x0,0	  x0:0x00000000
       14835000	      1482	80000af4	40800b33	sub	x22,x0,x8	  x0:0x00000000  x8:0x566ff80d x22=0xa99007f3
       14845000	      1483	80000af8	0028cc33	xor	x24,x17,x2	 x17:0x3d7efae8  x2:0xfffff98d x24=0xc2810365
       14855000	      1484	80000afc	00117133	and	x2,x2,x1	  x2:0xfffff98d  x1:0x80000fec  x2=0x8000098c
       14865000	      1485	80000b00	41e2d333	sra	x6,x5,x30	  x5:0x00000001 x30:0x8f723000  x6=0x00000001
       14875000	      1486	80000b04	00144333	xor	x6,x8,x1	  x8:0x566ff80d  x1:0x80000fec  x6=0xd66ff7e1
       14885000	      1487	80000b08	005eaab3	slt	x21,x29,x5	 x29:0x0fd07000  x5:0x00000001 x21=0x00000000
       14895000	      1488	80000b0c	44154793	xori	x15,x10,1089	 x10:0xf904f8bb x15=0xf904fcfa
       14905000	      1489	80000b10	01135033	srl	x0,x6,x17	  x6:0xd66ff7e1 x17:0x3d7efae8
       14915000	      1490	80000b14	01f66863	bltu	x12,x31,80000b24	 x12:0x00000169 x31:0xffffffdd
       14925000	      1491	00000000	00000013	addi	x0,x0,0	  x0:0x00000000
       14935000	      1492	80000b20	00000013	addi	x0,x0,0	  x0:0x00000000
       14945000	      1493	80000b24	470f0e93	addi	x29,x30,1136	 x30:0x8f723000 x29=0x8f723470
       14955000	      1494	80000b28	00000d97	auipc	x27,0x0	 x27=0x80000b24
       14965000	      1495	80000b2c	00cd8d93	addi	x27,x27,12	 x27:0x80000b24 x27=0x80000b30
       14975000	      1496	80000b30	000d8067	jalr	x0,x27,0	 x27:0x80000b30
       14985000	      1497	00000000	00000013	addi	x0,x0,0	  x0:0x00000000
       14995000	      1498	80000b30	00000013	addi	x0,x0,0	  x0:0x00000000
       15005000	      1499	80000b34	00100193	addi	x3,x0,1	  x0:0x00000000  x3=0x00000001
       15015000	      1500	80000b38	00000073	ecall	
       15025000	      1501	80000b3c	56e9bd13	sltiu	x26,x19,1390	 x19:0x00000000 x26=0x00000001
