		Time			Cycle	PC		Insn	Decoded instruction	Register and memory contents
          65000	         5	80000004	00000293	addi	x5,x0,0	  x0:0x00000000  x5=0x00000000
          75000	         6	80000008	00000313	addi	x6,x0,0	  x0:0x00000000  x6=0x00000000
          85000	         7	8000000c	00628263	beq	x5,x6,80000010	  x5:0x00000000  x6:0x00000000
          95000	         8	00000000	00000013	addi	x0,x0,0	  x0:0x00000000
         105000	         9	8000000c	00000013	addi	x0,x0,0	  x0:0x00000000
         115000	        10	80000010	00000097	auipc	x1,0x0	  x1=0x8000000c
         125000	        11	80000014	00c08093	addi	x1,x1,12	  x1:0x8000000c  x1=0x80000018
         135000	        12	80000018	00008067	jalr	x0,x1,0	  x1:0x80000018
         145000	        13	00000000	00000013	addi	x0,x0,0	  x0:0x00000000
         155000	        14	80000018	00000013	addi	x0,x0,0	  x0:0x00000000
         165000	        15	8000001c	40000db7	lui	x27,0x40000	 x27=0x40000000
         175000	        16	80000020	100d8d93	addi	x27,x27,256	 x27:0x40000000 x27=0x40000100
         185000	        17	80000024	00000013	addi	x0,x0,0	  x0:0x00000000
         195000	        18	80000028	0000ae97	auipc	x29,0xa	 x29=0x8000a024
         205000	        19	8000002c	fa0e8e93	addi	x29,x29,-96	 x29:0x8000a024 x29=0x80009fc4
         215000	        20	80000030	00002d97	auipc	x27,0x2	 x27=0x8000202c
         225000	        21	80000034	d38d8d93	addi	x27,x27,-712	 x27:0x8000202c x27=0x80001d64
         235000	        22	80000038	000ded93	ori	x27,x27,0	 x27:0x80001d64 x27=0x80001d64
         245000	        23	8000003c	00000013	addi	x0,x0,0	  x0:0x00000000
         255000	        24	80000040	00000d97	auipc	x27,0x0	 x27=0x8000003c
         265000	        25	80000044	020d8d93	addi	x27,x27,32	 x27:0x8000003c x27=0x8000005c
         275000	        26	80000048	00000013	addi	x0,x0,0	  x0:0x00000000
         285000	        27	8000004c	00000013	addi	x0,x0,0	  x0:0x00000000
         295000	        28	80000050	00002db7	lui	x27,0x2	 x27=0x00002000
         305000	        29	80000054	800d8d93	addi	x27,x27,-2048	 x27:0x00002000 x27=0x00001800
         315000	        30	80000058	00000013	addi	x0,x0,0	  x0:0x00000000
         325000	        31	8000005c	00000013	addi	x0,x0,0	  x0:0x00000000
         335000	        32	80000060	00300013	addi	x0,x0,3	  x0:0x00000000
         345000	        33	80000064	fb7eb0b7	lui	x1,0xfb7eb	  x1=0xfb7eb000
         355000	        34	80000068	f8408093	addi	x1,x1,-124	  x1:0xfb7eb000  x1=0xfb7eaf84
         365000	        35	8000006c	00000113	addi	x2,x0,0	  x0:0x00000000  x2=0x00000000
         375000	        36	80000070	c70641b7	lui	x3,0xc7064	  x3=0xc7064000
         385000	        37	80000074	a5418193	addi	x3,x3,-1452	  x3:0xc7064000  x3=0xc7063a54
         395000	        38	80000078	f6ce0237	lui	x4,0xf6ce0	  x4=0xf6ce0000
         405000	        39	8000007c	84b20213	addi	x4,x4,-1973	  x4:0xf6ce0000  x4=0xf6cdf84b
         415000	        40	80000080	c92132b7	lui	x5,0xc9213	  x5=0xc9213000
         425000	        41	80000084	e5d28293	addi	x5,x5,-419	  x5:0xc9213000  x5=0xc9212e5d
         435000	        42	80000088	f092b337	lui	x6,0xf092b	  x6=0xf092b000
         445000	        43	8000008c	43030313	addi	x6,x6,1072	  x6:0xf092b000  x6=0xf092b430
         455000	        44	80000090	00900393	addi	x7,x0,9	  x0:0x00000000  x7=0x00000009
         465000	        45	80000094	00000413	addi	x8,x0,0	  x0:0x00000000  x8=0x00000000
         475000	        46	80000098	00b00493	addi	x9,x0,11	  x0:0x00000000  x9=0x0000000b
         485000	        47	8000009c	80000537	lui	x10,0x80000	 x10=0x80000000
         495000	        48	800000a0	00100593	addi	x11,x0,1	  x0:0x00000000 x11=0x00000001
         505000	        49	800000a4	6f6256b7	lui	x13,0x6f625	 x13=0x6f625000
         515000	        50	800000a8	dc068693	addi	x13,x13,-576	 x13:0x6f625000 x13=0x6f624dc0
         525000	        51	800000ac	faf76737	lui	x14,0xfaf76	 x14=0xfaf76000
         535000	        52	800000b0	3ef70713	addi	x14,x14,1007	 x14:0xfaf76000 x14=0xfaf763ef
         545000	        53	800000b4	00a00793	addi	x15,x0,10	  x0:0x00000000 x15=0x0000000a
         555000	        54	800000b8	f8356837	lui	x16,0xf8356	 x16=0xf8356000
         565000	        55	800000bc	ea580813	addi	x16,x16,-347	 x16:0xf8356000 x16=0xf8355ea5
         575000	        56	800000c0	fd69f8b7	lui	x17,0xfd69f	 x17=0xfd69f000
         585000	        57	800000c4	01688893	addi	x17,x17,22	 x17:0xfd69f000 x17=0xfd69f016
         595000	        58	800000c8	00000913	addi	x18,x0,0	  x0:0x00000000 x18=0x00000000
         605000	        59	800000cc	00000993	addi	x19,x0,0	  x0:0x00000000 x19=0x00000000
         615000	        60	800000d0	f1627a37	lui	x20,0xf1627	 x20=0xf1627000
         625000	        61	800000d4	f27a0a13	addi	x20,x20,-217	 x20:0xf1627000 x20=0xf1626f27
         635000	        62	800000d8	80000ab7	lui	x21,0x80000	 x21=0x80000000
         645000	        63	800000dc	80000b37	lui	x22,0x80000	 x22=0x80000000
         655000	        64	800000e0	51af8bb7	lui	x23,0x51af8	 x23=0x51af8000
         665000	        65	800000e4	db9b8b93	addi	x23,x23,-583	 x23:0x51af8000 x23=0x51af7db9
         675000	        66	800000e8	fb117c37	lui	x24,0xfb117	 x24=0xfb117000
         685000	        67	800000ec	bdfc0c13	addi	x24,x24,-1057	 x24:0xfb117000 x24=0xfb116bdf
         695000	        68	800000f0	00d00c93	addi	x25,x0,13	  x0:0x00000000 x25=0x0000000d
         705000	        69	800000f4	00000d13	addi	x26,x0,0	  x0:0x00000000 x26=0x00000000
         715000	        70	800000f8	80000db7	lui	x27,0x80000	 x27=0x80000000
         725000	        71	800000fc	80000e37	lui	x28,0x80000	 x28=0x80000000
         735000	        72	80000100	f89bff37	lui	x30,0xf89bf	 x30=0xf89bf000
         745000	        73	80000104	ec0f0f13	addi	x30,x30,-320	 x30:0xf89bf000 x30=0xf89beec0
         755000	        74	80000108	f2f25fb7	lui	x31,0xf2f25	 x31=0xf2f25000
         765000	        75	8000010c	aaff8f93	addi	x31,x31,-1361	 x31:0xf2f25000 x31=0xf2f24aaf
         775000	        76	80000110	0000a617	auipc	x12,0xa	 x12=0x8000a10c
         785000	        77	80000114	e7860613	addi	x12,x12,-392	 x12:0x8000a10c x12=0x80009f84
         795000	        78	80000118	6dd9b593	sltiu	x11,x19,1757	 x19:0x00000000 x11=0x00000001
         805000	        79	8000011c	00001417	auipc	x8,0x1	  x8=0x80001118
         815000	        80	80000120	48040413	addi	x8,x8,1152	  x8:0x80001118  x8=0x80001598
         825000	        81	80000124	a156a693	slti	x13,x13,-1515	 x13:0x6f624dc0 x13=0x00000000
         835000	        82	80000128	02340413	addi	x8,x8,35	  x8:0x80001598  x8=0x800015bb
         845000	        83	8000012c	01b352b3	srl	x5,x6,x27	  x6:0xf092b430 x27:0x80000000  x5=0xf092b430
         855000	        84	80000130	011d1933	sll	x18,x26,x17	 x26:0x00000000 x17:0xfd69f016 x18=0x00000000
         865000	        85	80000134	00c6fd33	and	x26,x13,x12	 x13:0x00000000 x12:0x80009f84 x26=0x00000000
         875000	        86	80000138	01f7da93	srli	x21,x15,0x1f	 x15:0x0000000a x21=0x00000000
         885000	        87	8000013c	01701d13	slli	x26,x0,0x17	  x0:0x00000000 x26=0x00000000
         895000	        88	80000140	dee40a37	lui	x20,0xdee40	 x20=0xdee40000
         905000	        89	80000144	01b5cb33	xor	x22,x11,x27	 x11:0x00000001 x27:0x80000000 x22=0x80000001
         915000	        90	80000148	013fa2b3	slt	x5,x31,x19	 x31:0xf2f24aaf x19:0x00000000  x5=0x00000001
         925000	        91	8000014c	fde40367	jalr	x6,x8,-34	  x8:0x800015bb  x6=0x8000014c
         935000	        92	00000000	00000013	addi	x0,x0,0	  x0:0x00000000
         945000	        93	80001598	00000013	addi	x0,x0,0	  x0:0x00000000
         955000	        94	8000159c	01958263	beq	x11,x25,800015a0	 x11:0x00000001 x25:0x0000000d
         965000	        95	800015a0	fe060613	addi	x12,x12,-32	 x12:0x80009f84 x12=0x80009f64
         975000	        96	800015a4	41395533	sra	x10,x18,x19	 x18:0x00000000 x19:0x00000000 x10=0x00000000
         985000	        97	800015a8	00662223	sw	x6,4(x12)	 x12:0x80009f64  x6:0x8000014c PA:0x80009f68
         995000	        98	800015ac	01293b97	auipc	x23,0x1293	 x23=0x812945a8
        1005000	        99	800015b0	d5f2fa93	andi	x21,x5,-673	  x5:0x00000001 x21=0x00000001
        1015000	       100	800015b4	01815d13	srli	x26,x2,0x18	  x2:0x00000000 x26=0x00000000
        1025000	       101	800015b8	0005d433	srl	x8,x11,x0	 x11:0x00000001  x0:0x00000000  x8=0x00000001
        1035000	       102	800015bc	bc5ae893	ori	x17,x21,-1083	 x21:0x00000001 x17=0xfffffbc5
        1045000	       103	800015c0	63373a13	sltiu	x20,x14,1587	 x14:0xfaf763ef x20=0x00000000
        1055000	       104	800015c4	00007c97	auipc	x25,0x7	 x25=0x800085c0
        1065000	       105	800015c8	bf1c8c93	addi	x25,x25,-1039	 x25:0x800085c0 x25=0x800081b1
        1075000	       106	800015cc	00007f97	auipc	x31,0x7	 x31=0x800085c8
        1085000	       107	800015d0	b9af8f93	addi	x31,x31,-1126	 x31:0x800085c8 x31=0x80008162
        1095000	       108	800015d4	00cc8c03	lb	x24,12(x25)	 x25:0x800081b1 x24=0x0000005a PA:0x800081bd
        1105000	       109	800015d8	00007d17	auipc	x26,0x7	 x26=0x800085d4
        1115000	       110	800015dc	c13d0d13	addi	x26,x26,-1005	 x26:0x800085d4 x26=0x800081e7
        1125000	       111	800015e0	f56fa703	lw	x14,-170(x31)	 x31:0x80008162 x14=0x25d97e88 PA:0x800080b8
        1135000	       112	800015e4	f93f8503	lb	x10,-109(x31)	 x31:0x80008162 x10=0xffffff85 PA:0x800080f5
        1145000	       113	800015e8	00eccb83	lbu	x23,14(x25)	 x25:0x800081b1 x23=0x0000000a PA:0x800081bf
        1155000	       114	800015ec	00bd1683	lh	x13,11(x26)	 x26:0x800081e7 x13=0x00006071 PA:0x800081f2
        1165000	       115	800015f0	feffcf03	lbu	x30,-17(x31)	 x31:0x80008162 x30=0x000000dd PA:0x80008151
        1175000	       116	800015f4	03fd1803	lh	x16,63(x26)	 x26:0x800081e7 x16=0x00007944 PA:0x80008226
        1185000	       117	800015f8	0bdfcc03	lbu	x24,189(x31)	 x31:0x80008162 x24=0x0000006c PA:0x8000821f
        1195000	       118	800015fc	ffad0923	sb	x26,-14(x26)	 x26:0x800081e7 x26:0x800081e7 PA:0x800081d9
        1205000	       119	80001600	00bc9503	lh	x10,11(x25)	 x25:0x800081b1 x10=0x00005a64 PA:0x800081bc
        1215000	       120	80001604	036f9623	sh	x22,44(x31)	 x31:0x80008162 x22:0x80000001 PA:0x8000818e
        1225000	       121	80001608	f15f8aa3	sb	x21,-235(x31)	 x31:0x80008162 x21:0x00000001 PA:0x80008077
        1235000	       122	8000160c	014d4a03	lbu	x20,20(x26)	 x26:0x800081e7 x20=0x000000ae PA:0x800081fb
        1245000	       123	80001610	07ffc703	lbu	x14,127(x31)	 x31:0x80008162 x14=0x0000004d PA:0x800081e1
        1255000	       124	80001614	00bd5303	lhu	x6,11(x26)	 x26:0x800081e7  x6=0x00006071 PA:0x800081f2
        1265000	       125	80001618	01fd5203	lhu	x4,31(x26)	 x26:0x800081e7  x4=0x0000d9be PA:0x80008206
        1275000	       126	8000161c	fffc8283	lb	x5,-1(x25)	 x25:0x800081b1  x5=0xffffffa3 PA:0x800081b0
        1285000	       127	80001620	006c8503	lb	x10,6(x25)	 x25:0x800081b1 x10=0x00000071 PA:0x800081b7
        1295000	       128	80001624	00007c17	auipc	x24,0x7	 x24=0x80008620
        1305000	       129	80001628	63bc0c13	addi	x24,x24,1595	 x24:0x80008620 x24=0x80008c5b
        1315000	       130	8000162c	ed7c1e03	lh	x28,-297(x24)	 x24:0x80008c5b x28=0xffff8667 PA:0x80008b32
        1325000	       131	80001630	41ea8733	sub	x14,x21,x30	 x21:0x00000001 x30:0x000000dd x14=0xffffff24
        1335000	       132	80001634	00460db3	add	x27,x12,x4	 x12:0x80009f64  x4:0x0000d9be x27=0x80017922
        1345000	       133	80001638	fb7c1fa3	sh	x23,-65(x24)	 x24:0x80008c5b x23:0x0000000a PA:0x80008c1a
        1355000	       134	8000163c	00000013	addi	x0,x0,0	  x0:0x00000000
        1365000	       135	80001640	d6ac4783	lbu	x15,-662(x24)	 x24:0x80008c5b x15=0x00000021 PA:0x800089c5
        1375000	       136	80001644	d34c0da3	sb	x20,-709(x24)	 x24:0x80008c5b x20:0x000000ae PA:0x80008996
        1385000	       137	80001648	00ee43b3	xor	x7,x28,x14	 x28:0xffff8667 x14:0xffffff24  x7=0x00007943
        1395000	       138	8000164c	2b7c5a83	lhu	x21,695(x24)	 x24:0x80008c5b x21=0x00003f0c PA:0x80008f12
        1405000	       139	80001650	e4cc0723	sb	x12,-434(x24)	 x24:0x80008c5b x12:0x80009f64 PA:0x80008aa9
        1415000	       140	80001654	018c8e33	add	x28,x25,x24	 x25:0x800081b1 x24:0x80008c5b x28=0x00010e0c
        1425000	       141	80001658	05ac0423	sb	x26,72(x24)	 x24:0x80008c5b x26:0x800081e7 PA:0x80008ca3
        1435000	       142	8000165c	32ac4b03	lbu	x22,810(x24)	 x24:0x80008c5b x22=0x0000004c PA:0x80008f85
        1445000	       143	80001660	364c1da3	sh	x4,891(x24)	 x24:0x80008c5b  x4:0x0000d9be PA:0x80008fd6
        1455000	       144	80001664	ef7c17a3	sh	x23,-273(x24)	 x24:0x80008c5b x23:0x0000000a PA:0x80008b4a
        1465000	       145	80001668	0065ecb3	or	x25,x11,x6	 x11:0x00000001  x6:0x00006071 x25=0x00006071
        1475000	       146	8000166c	053c4a83	lbu	x21,83(x24)	 x24:0x80008c5b x21=0x00000058 PA:0x80008cae
        1485000	       147	80001670	d2ec24a3	sw	x14,-727(x24)	 x24:0x80008c5b x14:0xffffff24 PA:0x80008984
        1495000	       148	80001674	374c4303	lbu	x6,884(x24)	 x24:0x80008c5b  x6=0x0000007b PA:0x80008fcf
        1505000	       149	80001678	18a88593	addi	x11,x17,394	 x17:0xfffffbc5 x11=0xfffffd4f
        1515000	       150	8000167c	e941bf93	sltiu	x31,x3,-364	  x3:0xc7063a54 x31=0x00000001
        1525000	       151	80001680	9c228413	addi	x8,x5,-1598	  x5:0xffffffa3  x8=0xfffff965
        1535000	       152	80001684	409ad693	srai	x13,x21,0x9	 x21:0x00000058 x13=0x00000000
        1545000	       153	80001688	148c0903	lb	x18,328(x24)	 x24:0x80008c5b x18=0xffffffb6 PA:0x80008da3
        1555000	       154	00000000	00000013	addi	x0,x0,0	  x0:0x00000000
        1565000	       155	8000168c	012fd793	srli	x15,x31,0x12	 x31:0x00000001 x15=0x00000000
        1575000	       156	80001690	e98c7313	andi	x6,x24,-360	 x24:0x80008c5b  x6=0x80008c18
        1585000	       157	80001694	0172f133	and	x2,x5,x23	  x5:0xffffffa3 x23:0x0000000a  x2=0x00000002
        1595000	       158	80001698	130af897	auipc	x17,0x130af	 x17=0x930b0694
        1605000	       159	8000169c	f45c2f03	lw	x30,-187(x24)	 x24:0x80008c5b x30=0x5a2c8bb0 PA:0x80008ba0
        1615000	       160	800016a0	cdcc4303	lbu	x6,-804(x24)	 x24:0x80008c5b  x6=0x00000043 PA:0x80008937
        1625000	       161	800016a4	01ac8d33	add	x26,x25,x26	 x25:0x00006071 x26:0x800081e7 x26=0x8000e258
        1635000	       162	800016a8	e90c0003	lb	x0,-368(x24)	 x24:0x80008c5b PA:0x80008aeb
        1645000	       163	800016ac	ea4c10a3	sh	x4,-351(x24)	 x24:0x80008c5b  x4:0x0000d9be PA:0x80008afc
        1655000	       164	800016b0	047c0a23	sb	x7,84(x24)	 x24:0x80008c5b  x7:0x00007943 PA:0x80008caf
        1665000	       165	800016b4	01e09f13	slli	x30,x1,0x1e	  x1:0xfb7eaf84 x30=0x00000000
        1675000	       166	800016b8	0a7c4203	lbu	x4,167(x24)	 x24:0x80008c5b  x4=0x000000a5 PA:0x80008d02
        1685000	       167	800016bc	d53c0883	lb	x17,-685(x24)	 x24:0x80008c5b x17=0x0000000e PA:0x800089ae
        1695000	       168	800016c0	befc5f83	lhu	x31,-1041(x24)	 x24:0x80008c5b x31=0x00003123 PA:0x8000884a
        1705000	       169	800016c4	93ae4d13	xori	x26,x28,-1734	 x28:0x00010e0c x26=0xfffef736
        1715000	       170	800016c8	e34c4903	lbu	x18,-460(x24)	 x24:0x80008c5b x18=0x00000033 PA:0x80008a8f
        1725000	       171	800016cc	c91c4783	lbu	x15,-879(x24)	 x24:0x80008c5b x15=0x0000003a PA:0x800088ec
        1735000	       172	800016d0	4193d493	srai	x9,x7,0x19	  x7:0x00007943  x9=0x00000000
        1745000	       173	800016d4	0a6c0503	lb	x10,166(x24)	 x24:0x80008c5b x10=0xffffffc4 PA:0x80008d01
        1755000	       174	800016d8	c22c0003	lb	x0,-990(x24)	 x24:0x80008c5b PA:0x8000887d
        1765000	       175	800016dc	00007d97	auipc	x27,0x7	 x27=0x800086d8
        1775000	       176	800016e0	029d8d93	addi	x27,x27,41	 x27:0x800086d8 x27=0x80008701
        1785000	       177	800016e4	ff4d8f83	lb	x31,-12(x27)	 x27:0x80008701 x31=0xffffff80 PA:0x800086f5
        1795000	       178	800016e8	00612bb3	slt	x23,x2,x6	  x2:0x00000002  x6:0x00000043 x23=0x00000001
        1805000	       179	800016ec	00b85cb3	srl	x25,x16,x11	 x16:0x00007944 x11:0xfffffd4f x25=0x00000000
        1815000	       180	800016f0	005dcb03	lbu	x22,5(x27)	 x27:0x80008701 x22=0x0000002d PA:0x80008706
        1825000	       181	800016f4	518ee193	ori	x3,x29,1304	 x29:0x80009fc4  x3=0x80009fdc
        1835000	       182	800016f8	fffdd483	lhu	x9,-1(x27)	 x27:0x80008701  x9=0x0000be6e PA:0x80008700
        1845000	       183	800016fc	010dcf03	lbu	x30,16(x27)	 x27:0x80008701 x30=0x0000004f PA:0x80008711
        1855000	       184	80001700	006dc203	lbu	x4,6(x27)	 x27:0x80008701  x4=0x0000008b PA:0x80008707
        1865000	       185	80001704	ffcd8923	sb	x28,-14(x27)	 x27:0x80008701 x28:0x00010e0c PA:0x800086f3
        1875000	       186	80001708	77567993	andi	x19,x12,1909	 x12:0x80009f64 x19=0x00000764
        1885000	       187	8000170c	00ab1b93	slli	x23,x22,0xa	 x22:0x0000002d x23=0x0000b400
        1895000	       188	80001710	00f32433	slt	x8,x6,x15	  x6:0x00000043 x15:0x0000003a  x8=0x00000000
        1905000	       189	80001714	008d6833	or	x16,x26,x8	 x26:0xfffef736  x8:0x00000000 x16=0xfffef736
        1915000	       190	80001718	00e79d33	sll	x26,x15,x14	 x15:0x0000003a x14:0xffffff24 x26=0x000003a0
        1925000	       191	8000171c	016d8423	sb	x22,8(x27)	 x27:0x80008701 x22:0x0000002d PA:0x80008709
        1935000	       192	80001720	bfb4c413	xori	x8,x9,-1029	  x9:0x0000be6e  x8=0xffff4595
        1945000	       193	80001724	fe9d9ea3	sh	x9,-3(x27)	 x27:0x80008701  x9:0x0000be6e PA:0x800086fe
        1955000	       194	80001728	009126b3	slt	x13,x2,x9	  x2:0x00000002  x9:0x0000be6e x13=0x00000001
        1965000	       195	8000172c	00000013	addi	x0,x0,0	  x0:0x00000000
        1975000	       196	80001730	41c25713	srai	x14,x4,0x1c	  x4:0x0000008b x14=0x00000000
        1985000	       197	80001734	ffedc583	lbu	x11,-2(x27)	 x27:0x80008701 x11=0x000000be PA:0x800086ff
        1995000	       198	80001738	007668b3	or	x17,x12,x7	 x12:0x80009f64  x7:0x00007943 x17=0x8000ff67
        2005000	       199	8000173c	fe3d8aa3	sb	x3,-11(x27)	 x27:0x80008701  x3:0x80009fdc PA:0x800086f6
        2015000	       200	80001740	00884d33	xor	x26,x16,x8	 x16:0xfffef736  x8:0xffff4595 x26=0x0001b2a3
        2025000	       201	80001744	ffddcf83	lbu	x31,-3(x27)	 x27:0x80008701 x31=0x0000006e PA:0x800086fe
        2035000	       202	80001748	00ad90a3	sh	x10,1(x27)	 x27:0x80008701 x10:0xffffffc4 PA:0x80008702
        2045000	       203	8000174c	fe7d9fa3	sh	x7,-1(x27)	 x27:0x80008701  x7:0x00007943 PA:0x80008700
        2055000	       204	80001750	00efd433	srl	x8,x31,x14	 x31:0x0000006e x14:0x00000000  x8=0x0000006e
        2065000	       205	80001754	ff1dcc83	lbu	x25,-15(x27)	 x27:0x80008701 x25=0x00000075 PA:0x800086f2
        2075000	       206	80001758	ffedca83	lbu	x21,-2(x27)	 x27:0x80008701 x21=0x000000be PA:0x800086ff
        2085000	       207	8000175c	00000013	addi	x0,x0,0	  x0:0x00000000
        2095000	       208	80001760	007d9683	lh	x13,7(x27)	 x27:0x80008701 x13=0x00002d47 PA:0x80008708
        2105000	       209	80001764	01859b13	slli	x22,x11,0x18	 x11:0x000000be x22=0xbe000000
        2115000	       210	80001768	01ddbd33	sltu	x26,x27,x29	 x27:0x80008701 x29:0x80009fc4 x26=0x00000001
        2125000	       211	8000176c	75607713	andi	x14,x0,1878	  x0:0x00000000 x14=0x00000000
        2135000	       212	80001770	ffed8203	lb	x4,-2(x27)	 x27:0x80008701  x4=0xffffffbe PA:0x800086ff
        2145000	       213	80001774	000dcf03	lbu	x30,0(x27)	 x27:0x80008701 x30=0x00000079 PA:0x80008701
        2155000	       214	80001778	00ed8c03	lb	x24,14(x27)	 x27:0x80008701 x24=0x00000068 PA:0x8000870f
        2165000	       215	8000177c	00007497	auipc	x9,0x7	  x9=0x80008778
        2175000	       216	80001780	31648493	addi	x9,x9,790	  x9:0x80008778  x9=0x80008a8e
        2185000	       217	80001784	040482a3	sb	x0,69(x9)	  x9:0x80008a8e  x0:0x00000000 PA:0x80008ad3
        2195000	       218	80001788	23948aa3	sb	x25,565(x9)	  x9:0x80008a8e x25:0x00000075 PA:0x80008cc3
        2205000	       219	8000178c	01c20f33	add	x30,x4,x28	  x4:0xffffffbe x28:0x00010e0c x30=0x00010dca
        2215000	       220	80001790	012ecab3	xor	x21,x29,x18	 x29:0x80009fc4 x18:0x00000033 x21=0x80009ff7
        2225000	       221	80001794	0e548803	lb	x16,229(x9)	  x9:0x80008a8e x16=0x00000025 PA:0x80008b73
        2235000	       222	80001798	0f8482a3	sb	x24,229(x9)	  x9:0x80008a8e x24:0x00000068 PA:0x80008b73
        2245000	       223	8000179c	938e3893	sltiu	x17,x28,-1736	 x28:0x00010e0c x17=0x00000001
        2255000	       224	800017a0	5364ab83	lw	x23,1334(x9)	  x9:0x80008a8e x23=0xdf85f9f1 PA:0x80008fc4
        2265000	       225	800017a4	5364c303	lbu	x6,1334(x9)	  x9:0x80008a8e  x6=0x000000f1 PA:0x80008fc4
        2275000	       226	800017a8	52d4ab23	sw	x13,1334(x9)	  x9:0x80008a8e x13:0x00002d47 PA:0x80008fc4
        2285000	       227	800017ac	53649c03	lh	x24,1334(x9)	  x9:0x80008a8e x24=0x00002d47 PA:0x80008fc4
        2295000	       228	800017b0	53648403	lb	x8,1334(x9)	  x9:0x80008a8e  x8=0x00000047 PA:0x80008fc4
        2305000	       229	800017b4	8173b693	sltiu	x13,x7,-2025	  x7:0x00007943 x13=0x00000001
        2315000	       230	800017b8	5364ac03	lw	x24,1334(x9)	  x9:0x80008a8e x24=0x00002d47 PA:0x80008fc4
        2325000	       231	800017bc	52649b23	sh	x6,1334(x9)	  x9:0x80008a8e  x6:0x000000f1 PA:0x80008fc4
        2335000	       232	800017c0	53648c03	lb	x24,1334(x9)	  x9:0x80008a8e x24=0xfffffff1 PA:0x80008fc4
        2345000	       233	800017c4	53648683	lb	x13,1334(x9)	  x9:0x80008a8e x13=0xfffffff1 PA:0x80008fc4
        2355000	       234	800017c8	5364c983	lbu	x19,1334(x9)	  x9:0x80008a8e x19=0x000000f1 PA:0x80008fc4
        2365000	       235	800017cc	5354ab23	sw	x21,1334(x9)	  x9:0x80008a8e x21:0x80009ff7 PA:0x80008fc4
        2375000	       236	800017d0	00007b97	auipc	x23,0x7	 x23=0x800087cc
        2385000	       237	800017d4	beab8b93	addi	x23,x23,-1046	 x23:0x800087cc x23=0x800083b6
        2395000	       238	800017d8	00007f97	auipc	x31,0x7	 x31=0x800087d4
        2405000	       239	800017dc	c8df8f93	addi	x31,x31,-883	 x31:0x800087d4 x31=0x80008461
        2415000	       240	800017e0	00007297	auipc	x5,0x7	  x5=0x800087dc
        2425000	       241	800017e4	9de28293	addi	x5,x5,-1570	  x5:0x800087dc  x5=0x800081ba
        2435000	       242	800017e8	00c29103	lh	x2,12(x5)	  x5:0x800081ba  x2=0x00005699 PA:0x800081c6
        2445000	       243	800017ec	00007d17	auipc	x26,0x7	 x26=0x800087e8
        2455000	       244	800017f0	ab3d0d13	addi	x26,x26,-1357	 x26:0x800087e8 x26=0x8000829b
        2465000	       245	800017f4	00f28f03	lb	x30,15(x5)	  x5:0x800081ba x30=0x00000015 PA:0x800081c9
        2475000	       246	800017f8	00007997	auipc	x19,0x7	 x19=0x800087f4
        2485000	       247	800017fc	af098993	addi	x19,x19,-1296	 x19:0x800087f4 x19=0x800082e4
        2495000	       248	80001800	fd1d5a03	lhu	x20,-47(x26)	 x26:0x8000829b x20=0x000026fb PA:0x8000826c
        2505000	       249	80001804	00ed0523	sb	x14,10(x26)	 x26:0x8000829b x14:0x00000000 PA:0x800082a5
        2515000	       250	80001808	ff928c03	lb	x24,-7(x5)	  x5:0x800081ba x24=0xffffffa2 PA:0x800081b3
        2525000	       251	8000180c	c57f8a03	lb	x20,-937(x31)	 x31:0x80008461 x20=0xffffff88 PA:0x800080b8
        2535000	       252	80001810	35db8fa3	sb	x29,863(x23)	 x23:0x800083b6 x29:0x80009fc4 PA:0x80008715
        2545000	       253	80001814	02ed0f23	sb	x14,62(x26)	 x26:0x8000829b x14:0x00000000 PA:0x800082d9
        2555000	       254	80001818	451b8f03	lb	x30,1105(x23)	 x23:0x800083b6 x30=0x00000030 PA:0x80008807
        2565000	       255	8000181c	1a2b9d83	lh	x27,418(x23)	 x23:0x800083b6 x27=0xffff82bf PA:0x80008558
        2575000	       256	80001820	f769d803	lhu	x16,-138(x19)	 x19:0x800082e4 x16=0x00002545 PA:0x8000825a
        2585000	       257	80001824	057d0023	sb	x23,64(x26)	 x26:0x8000829b x23:0x800083b6 PA:0x800082db
        2595000	       258	80001828	11bf80a3	sb	x27,257(x31)	 x31:0x80008461 x27:0xffff82bf PA:0x80008562
        2605000	       259	8000182c	0bc99d83	lh	x27,188(x19)	 x19:0x800082e4 x27=0x00003bdf PA:0x800083a0
        2615000	       260	80001830	e8eba883	lw	x17,-370(x23)	 x23:0x800083b6 x17=0x5ed3f589 PA:0x80008244
        2625000	       261	80001834	f60fcc83	lbu	x25,-160(x31)	 x31:0x80008461 x25=0x000000b0 PA:0x800083c1
        2635000	       262	80001838	faa99483	lh	x9,-86(x19)	 x19:0x800082e4  x9=0xffffe334 PA:0x8000828e
        2645000	       263	8000183c	0042d503	lhu	x10,4(x5)	  x5:0x800081ba x10=0x00000a67 PA:0x800081be
        2655000	       264	80001840	08198383	lb	x7,129(x19)	 x19:0x800082e4  x7=0xfffffff6 PA:0x80008365
        2665000	       265	80001844	3c9b8da3	sb	x9,987(x23)	 x23:0x800083b6  x9:0xffffe334 PA:0x80008791
        2675000	       266	80001848	00228003	lb	x0,2(x5)	  x5:0x800081ba PA:0x800081bc
        2685000	       267	8000184c	018d4683	lbu	x13,24(x26)	 x26:0x8000829b x13=0x000000d4 PA:0x800082b3
        2695000	       268	80001850	009d1ba3	sh	x9,23(x26)	 x26:0x8000829b  x9:0xffffe334 PA:0x800082b2
        2705000	       269	80001854	06e983a3	sb	x14,103(x19)	 x19:0x800082e4 x14:0x00000000 PA:0x8000834b
        2715000	       270	80001858	ff22c383	lbu	x7,-14(x5)	  x5:0x800081ba  x7=0x0000006a PA:0x800081ac
        2725000	       271	8000185c	fc6985a3	sb	x6,-53(x19)	 x19:0x800082e4  x6:0x000000f1 PA:0x800082af
        2735000	       272	80001860	298fc303	lbu	x6,664(x31)	 x31:0x80008461  x6=0x000000f2 PA:0x800086f9
        2745000	       273	80001864	febd0783	lb	x15,-21(x26)	 x26:0x8000829b x15=0x00000026 PA:0x80008286
        2755000	       274	80001868	ff3fc803	lbu	x16,-13(x31)	 x31:0x80008461 x16=0x000000ec PA:0x80008454
        2765000	       275	8000186c	011d0423	sb	x17,8(x26)	 x26:0x8000829b x17:0x5ed3f589 PA:0x800082a3
        2775000	       276	80001870	00f2ce03	lbu	x28,15(x5)	  x5:0x800081ba x28=0x00000015 PA:0x800081c9
        2785000	       277	80001874	0d499903	lh	x18,212(x19)	 x19:0x800082e4 x18=0x00002f8c PA:0x800083b8
        2795000	       278	80001878	ff028aa3	sb	x16,-11(x5)	  x5:0x800081ba x16:0x000000ec PA:0x800081af
        2805000	       279	8000187c	ff22ab03	lw	x22,-14(x5)	  x5:0x800081ba x22=0xecb6006a PA:0x800081ac
        2815000	       280	80001880	f6bfa1a3	sw	x11,-157(x31)	 x31:0x80008461 x11:0x000000be PA:0x800083c4
        2825000	       281	80001884	0af98003	lb	x0,175(x19)	 x19:0x800082e4 PA:0x80008393
        2835000	       282	80001888	00007117	auipc	x2,0x7	  x2=0x80008884
        2845000	       283	8000188c	35510113	addi	x2,x2,853	  x2:0x80008884  x2=0x80008bd9
        2855000	       284	80001890	431fa413	slti	x8,x31,1073	 x31:0x80008461  x8=0x00000001
        2865000	       285	80001894	fdd10ea3	sb	x29,-35(x2)	  x2:0x80008bd9 x29:0x80009fc4 PA:0x80008bb6
        2875000	       286	80001898	04010483	lb	x9,64(x2)	  x2:0x80008bd9  x9=0x0000000e PA:0x80008c19
        2885000	       287	8000189c	04010583	lb	x11,64(x2)	  x2:0x80008bd9 x11=0x0000000e PA:0x80008c19
        2895000	       288	800018a0	ff910183	lb	x3,-7(x2)	  x2:0x80008bd9  x3=0x00000055 PA:0x80008bd2
        2905000	       289	800018a4	ff914b83	lbu	x23,-7(x2)	  x2:0x80008bd9 x23=0x00000055 PA:0x80008bd2
        2915000	       290	800018a8	ff914c83	lbu	x25,-7(x2)	  x2:0x80008bd9 x25=0x00000055 PA:0x80008bd2
        2925000	       291	00000000	00000013	addi	x0,x0,0	  x0:0x00000000
        2935000	       292	800018ac	ff915a03	lhu	x20,-7(x2)	  x2:0x80008bd9 x20=0x00005255 PA:0x80008bd2
        2945000	       293	800018b0	ffc10e03	lb	x28,-4(x2)	  x2:0x80008bd9 x28=0xffffffb7 PA:0x80008bd5
        2955000	       294	800018b4	feb10623	sb	x11,-20(x2)	  x2:0x80008bd9 x11:0x0000000e PA:0x80008bc5
        2965000	       295	800018b8	03c100a3	sb	x28,33(x2)	  x2:0x80008bd9 x28:0xffffffb7 PA:0x80008bfa
        2975000	       296	800018bc	ff214b83	lbu	x23,-14(x2)	  x2:0x80008bd9 x23=0x0000001a PA:0x80008bcb
        2985000	       297	800018c0	00000013	addi	x0,x0,0	  x0:0x00000000
        2995000	       298	800018c4	05090663	beq	x18,x16,80001910	 x18:0x00002f8c x16:0x000000ec
        3005000	       299	800018c8	000e9233	sll	x4,x29,x0	 x29:0x80009fc4  x0:0x00000000  x4=0x80009fc4
        3015000	       300	800018cc	f0323893	sltiu	x17,x4,-253	  x4:0x80009fc4 x17=0x00000001
        3025000	       301	800018d0	01425e63	bge	x4,x20,800018ec	  x4:0x80009fc4 x20:0x00005255
        3035000	       302	800018d4	0157e863	bltu	x15,x21,800018e4	 x15:0x00000026 x21:0x80009ff7
        3045000	       303	00000000	00000013	addi	x0,x0,0	  x0:0x00000000
        3055000	       304	800018e0	00000013	addi	x0,x0,0	  x0:0x00000000
        3065000	       305	800018e4	00ea9db3	sll	x27,x21,x14	 x21:0x80009ff7 x14:0x00000000 x27=0x80009ff7
        3075000	       306	800018e8	009828b3	slt	x17,x16,x9	 x16:0x000000ec  x9:0x0000000e x17=0x00000000
        3085000	       307	800018ec	03e6d063	bge	x13,x30,8000190c	 x13:0x000000d4 x30:0x00000030
        3095000	       308	00000000	00000013	addi	x0,x0,0	  x0:0x00000000
        3105000	       309	80001908	00000013	addi	x0,x0,0	  x0:0x00000000
        3115000	       310	8000190c	044c5863	bge	x24,x4,8000195c	 x24:0xffffffa2  x4:0x80009fc4
        3125000	       311	00000000	00000013	addi	x0,x0,0	  x0:0x00000000
        3135000	       312	80001958	00000013	addi	x0,x0,0	  x0:0x00000000
        3145000	       313	8000195c	44f352b7	lui	x5,0x44f35	  x5=0x44f35000
        3155000	       314	80001960	001f3e33	sltu	x28,x30,x1	 x30:0x00000030  x1:0xfb7eaf84 x28=0x00000001
        3165000	       315	80001964	e0f4d317	auipc	x6,0xe0f4d	  x6=0x60f4e960
        3175000	       316	80001968	01030433	add	x8,x6,x16	  x6:0x60f4e960 x16:0x000000ec  x8=0x60f4ea4c
        3185000	       317	8000196c	00629663	bne	x5,x6,80001978	  x5:0x44f35000  x6:0x60f4e960
        3195000	       318	00000000	00000013	addi	x0,x0,0	  x0:0x00000000
        3205000	       319	80001974	00000013	addi	x0,x0,0	  x0:0x00000000
        3215000	       320	80001978	01ead233	srl	x4,x21,x30	 x21:0x80009ff7 x30:0x00000030  x4=0x00008000
        3225000	       321	8000197c	e4923797	auipc	x15,0xe4923	 x15=0x64924978
        3235000	       322	80001980	04745663	bge	x8,x7,800019cc	  x8:0x60f4ea4c  x7:0x0000006a
        3245000	       323	00000000	00000013	addi	x0,x0,0	  x0:0x00000000
        3255000	       324	800019c8	00000013	addi	x0,x0,0	  x0:0x00000000
        3265000	       325	800019cc	a4c2ec93	ori	x25,x5,-1460	  x5:0x44f35000 x25=0xfffffa4c
        3275000	       326	800019d0	009713b3	sll	x7,x14,x9	 x14:0x00000000  x9:0x0000000e  x7=0x00000000
        3285000	       327	800019d4	02624463	blt	x4,x6,800019fc	  x4:0x00008000  x6:0x60f4e960
        3295000	       328	00000000	00000013	addi	x0,x0,0	  x0:0x00000000
        3305000	       329	800019f8	00000013	addi	x0,x0,0	  x0:0x00000000
        3315000	       330	800019fc	017badb3	slt	x27,x23,x23	 x23:0x0000001a x23:0x0000001a x27=0x00000000
        3325000	       331	80001a00	5e2aac93	slti	x25,x21,1506	 x21:0x80009ff7 x25=0x00000001
        3335000	       332	80001a04	01c57933	and	x18,x10,x28	 x10:0x00000a67 x28:0x00000001 x18=0x00000001
        3345000	       333	80001a08	391eee13	ori	x28,x29,913	 x29:0x80009fc4 x28=0x80009fd5
        3355000	       334	80001a0c	015ade33	srl	x28,x21,x21	 x21:0x80009ff7 x21:0x80009ff7 x28=0x00000100
        3365000	       335	80001a10	7bf38237	lui	x4,0x7bf38	  x4=0x7bf38000
        3375000	       336	80001a14	f5c52b17	auipc	x22,0xf5c52	 x22=0x75c53a10
        3385000	       337	80001a18	00000013	addi	x0,x0,0	  x0:0x00000000
        3395000	       338	80001a1c	00dfc863	blt	x31,x13,80001a2c	 x31:0x80008461 x13:0x000000d4
        3405000	       339	00000000	00000013	addi	x0,x0,0	  x0:0x00000000
        3415000	       340	80001a28	00000013	addi	x0,x0,0	  x0:0x00000000
        3425000	       341	80001a2c	05080463	beq	x16,x16,80001a74	 x16:0x000000ec x16:0x000000ec
        3435000	       342	00000000	00000013	addi	x0,x0,0	  x0:0x00000000
        3445000	       343	80001a70	00000013	addi	x0,x0,0	  x0:0x00000000
        3455000	       344	80001a74	011dd5b3	srl	x11,x27,x17	 x27:0x00000000 x17:0x00000000 x11=0x00000000
        3465000	       345	80001a78	005f8433	add	x8,x31,x5	 x31:0x80008461  x5:0x44f35000  x8=0xc4f3d461
        3475000	       346	80001a7c	01920c63	beq	x4,x25,80001a94	  x4:0x7bf38000 x25:0x00000001
        3485000	       347	80001a80	008c6f33	or	x30,x24,x8	 x24:0xffffffa2  x8:0xc4f3d461 x30=0xffffffe3
        3495000	       348	80001a84	20d88513	addi	x10,x17,525	 x17:0x00000000 x10=0x0000020d
        3505000	       349	80001a88	0088ac33	slt	x24,x17,x8	 x17:0x00000000  x8:0xc4f3d461 x24=0x00000000
        3515000	       350	80001a8c	f3dff393	andi	x7,x31,-195	 x31:0x80008461  x7=0x80008421
        3525000	       351	80001a90	00525bb3	srl	x23,x4,x5	  x4:0x7bf38000  x5:0x44f35000 x23=0x7bf38000
        3535000	       352	80001a94	c7158013	addi	x0,x11,-911	 x11:0x00000000
        3545000	       353	80001a98	3a81fa13	andi	x20,x3,936	  x3:0x00000055 x20=0x00000000
        3555000	       354	80001a9c	69b9a713	slti	x14,x19,1691	 x19:0x800082e4 x14=0x00000001
        3565000	       355	80001aa0	407705b3	sub	x11,x14,x7	 x14:0x00000001  x7:0x80008421 x11=0x7fff7be0
        3575000	       356	80001aa4	b0376d13	ori	x26,x14,-1277	 x14:0x00000001 x26=0xfffffb03
        3585000	       357	80001aa8	00775b93	srli	x23,x14,0x7	 x14:0x00000001 x23=0x00000000
        3595000	       358	80001aac	00075833	srl	x16,x14,x0	 x14:0x00000001  x0:0x00000000 x16=0x00000001
        3605000	       359	80001ab0	406c5cb3	sra	x25,x24,x6	 x24:0x00000000  x6:0x60f4e960 x25=0x00000000
        3615000	       360	80001ab4	0162e663	bltu	x5,x22,80001ac0	  x5:0x44f35000 x22:0x75c53a10
        3625000	       361	00000000	00000013	addi	x0,x0,0	  x0:0x00000000
        3635000	       362	80001abc	00000013	addi	x0,x0,0	  x0:0x00000000
        3645000	       363	80001ac0	40a78cb3	sub	x25,x15,x10	 x15:0x64924978 x10:0x0000020d x25=0x6492476b
        3655000	       364	80001ac4	610de513	ori	x10,x27,1552	 x27:0x00000000 x10=0x00000610
        3665000	       365	80001ac8	01659413	slli	x8,x11,0x16	 x11:0x7fff7be0  x8=0xf8000000
        3675000	       366	80001acc	00d554b3	srl	x9,x10,x13	 x10:0x00000610 x13:0x000000d4  x9=0x00000000
        3685000	       367	80001ad0	40fd0033	sub	x0,x26,x15	 x26:0xfffffb03 x15:0x64924978
        3695000	       368	80001ad4	0142cbb3	xor	x23,x5,x20	  x5:0x44f35000 x20:0x00000000 x23=0x44f35000
        3705000	       369	80001ad8	02fac863	blt	x21,x15,80001b08	 x21:0x80009ff7 x15:0x64924978
        3715000	       370	00000000	00000013	addi	x0,x0,0	  x0:0x00000000
        3725000	       371	80001b04	00000013	addi	x0,x0,0	  x0:0x00000000
        3735000	       372	80001b08	59cff993	andi	x19,x31,1436	 x31:0x80008461 x19=0x00000400
        3745000	       373	80001b0c	416b5cb3	sra	x25,x22,x22	 x22:0x75c53a10 x22:0x75c53a10 x25=0x000075c5
        3755000	       374	80001b10	01ca7433	and	x8,x20,x28	 x20:0x00000000 x28:0x00000100  x8=0x00000000
        3765000	       375	80001b14	a3060a13	addi	x20,x12,-1488	 x12:0x80009f64 x20=0x80009994
        3775000	       376	80001b18	01586bb3	or	x23,x16,x21	 x16:0x00000001 x21:0x80009ff7 x23=0x80009ff7
        3785000	       377	80001b1c	004558b3	srl	x17,x10,x4	 x10:0x00000610  x4:0x7bf38000 x17=0x00000610
        3795000	       378	80001b20	2a68c937	lui	x18,0x2a68c	 x18=0x2a68c000
        3805000	       379	80001b24	00000013	addi	x0,x0,0	  x0:0x00000000
        3815000	       380	80001b28	950eb593	sltiu	x11,x29,-1712	 x29:0x80009fc4 x11=0x00000001
        3825000	       381	80001b2c	2e732b13	slti	x22,x6,743	  x6:0x60f4e960 x22=0x00000000
        3835000	       382	80001b30	d3f1b393	sltiu	x7,x3,-705	  x3:0x00000055  x7=0x00000001
        3845000	       383	80001b34	4125d033	sra	x0,x11,x18	 x11:0x00000001 x18:0x2a68c000
        3855000	       384	80001b38	404d8033	sub	x0,x27,x4	 x27:0x00000000  x4:0x7bf38000
        3865000	       385	80001b3c	4082d333	sra	x6,x5,x8	  x5:0x44f35000  x8:0x00000000  x6=0x44f35000
        3875000	       386	80001b40	615f4593	xori	x11,x30,1557	 x30:0xffffffe3 x11=0xfffff9f6
        3885000	       387	80001b44	40025a33	sra	x20,x4,x0	  x4:0x7bf38000  x0:0x00000000 x20=0x7bf38000
        3895000	       388	80001b48	013e6663	bltu	x28,x19,80001b54	 x28:0x00000100 x19:0x00000400
        3905000	       389	00000000	00000013	addi	x0,x0,0	  x0:0x00000000
        3915000	       390	80001b50	00000013	addi	x0,x0,0	  x0:0x00000000
        3925000	       391	80001b54	2c923c93	sltiu	x25,x4,713	  x4:0x7bf38000 x25=0x00000000
        3935000	       392	80001b58	00676933	or	x18,x14,x6	 x14:0x00000001  x6:0x44f35000 x18=0x44f35001
        3945000	       393	80001b5c	00db5a33	srl	x20,x22,x13	 x22:0x00000000 x13:0x000000d4 x20=0x00000000
        3955000	       394	80001b60	0559f863	bgeu	x19,x21,80001bb0	 x19:0x00000400 x21:0x80009ff7
        3965000	       395	80001b64	03d5de63	bge	x11,x29,80001ba0	 x11:0xfffff9f6 x29:0x80009fc4
        3975000	       396	00000000	00000013	addi	x0,x0,0	  x0:0x00000000
        3985000	       397	80001b9c	00000013	addi	x0,x0,0	  x0:0x00000000
        3995000	       398	80001ba0	df6e7d93	andi	x27,x28,-522	 x28:0x00000100 x27=0x00000100
        4005000	       399	80001ba4	00d3f5b3	and	x11,x7,x13	  x7:0x00000001 x13:0x000000d4 x11=0x00000000
        4015000	       400	80001ba8	019ccf33	xor	x30,x25,x25	 x25:0x00000000 x25:0x00000000 x30=0x00000000
        4025000	       401	80001bac	01419f13	slli	x30,x3,0x14	  x3:0x00000055 x30=0x05500000
        4035000	       402	80001bb0	a736fb13	andi	x22,x13,-1421	 x13:0x000000d4 x22=0x00000050
        4045000	       403	80001bb4	00c69d13	slli	x26,x13,0xc	 x13:0x000000d4 x26=0x000d4000
        4055000	       404	80001bb8	01d61313	slli	x6,x12,0x1d	 x12:0x80009f64  x6=0x80000000
        4065000	       405	80001bbc	410a5733	sra	x14,x20,x16	 x20:0x00000000 x16:0x00000001 x14=0x00000000
        4075000	       406	80001bc0	3f8aa193	slti	x3,x21,1016	 x21:0x80009ff7  x3=0x00000001
        4085000	       407	80001bc4	296e6717	auipc	x14,0x296e6	 x14=0xa96e7bc0
        4095000	       408	80001bc8	e493e793	ori	x15,x7,-439	  x7:0x00000001 x15=0xfffffe49
        4105000	       409	80001bcc	0018c433	xor	x8,x17,x1	 x17:0x00000610  x1:0xfb7eaf84  x8=0xfb7ea994
        4115000	       410	80001bd0	40a4d933	sra	x18,x9,x10	  x9:0x00000000 x10:0x00000610 x18=0x00000000
        4125000	       411	80001bd4	01aba9b3	slt	x19,x23,x26	 x23:0x80009ff7 x26:0x000d4000 x19=0x00000001
        4135000	       412	80001bd8	6cd04793	xori	x15,x0,1741	  x0:0x00000000 x15=0x000006cd
        4145000	       413	80001bdc	04931863	bne	x6,x9,80001c2c	  x6:0x80000000  x9:0x00000000
        4155000	       414	00000000	00000013	addi	x0,x0,0	  x0:0x00000000
        4165000	       415	80001c28	00000013	addi	x0,x0,0	  x0:0x00000000
        4175000	       416	80001c2c	504fbc93	sltiu	x25,x31,1284	 x31:0x80008461 x25=0x00000000
        4185000	       417	80001c30	2e516993	ori	x19,x2,741	  x2:0x80008bd9 x19=0x80008bfd
        4195000	       418	80001c34	e897c137	lui	x2,0xe897c	  x2=0xe897c000
        4205000	       419	80001c38	009e8e63	beq	x29,x9,80001c54	 x29:0x80009fc4  x9:0x00000000
        4215000	       420	80001c3c	019db5b3	sltu	x11,x27,x25	 x27:0x00000100 x25:0x00000000 x11=0x00000000
        4225000	       421	80001c40	40078db3	sub	x27,x15,x0	 x15:0x000006cd  x0:0x00000000 x27=0x000006cd
        4235000	       422	80001c44	00d85c13	srli	x24,x16,0xd	 x16:0x00000001 x24=0x00000000
        4245000	       423	80001c48	00b035b3	sltu	x11,x0,x11	  x0:0x00000000 x11:0x00000000 x11=0x00000000
        4255000	       424	80001c4c	026de063	bltu	x27,x6,80001c6c	 x27:0x000006cd  x6:0x80000000
        4265000	       425	00000000	00000013	addi	x0,x0,0	  x0:0x00000000
        4275000	       426	80001c68	00000013	addi	x0,x0,0	  x0:0x00000000
        4285000	       427	80001c6c	018fbd33	sltu	x26,x31,x24	 x31:0x80008461 x24:0x00000000 x26=0x00000000
        4295000	       428	80001c70	00000013	addi	x0,x0,0	  x0:0x00000000
        4305000	       429	80001c74	6f316593	ori	x11,x2,1779	  x2:0xe897c000 x11=0xe897c6f3
        4315000	       430	80001c78	40ebdb93	srai	x23,x23,0xe	 x23:0x80009ff7 x23=0xfffe0002
        4325000	       431	80001c7c	021f4863	blt	x30,x1,80001cac	 x30:0x05500000  x1:0xfb7eaf84
        4335000	       432	80001c80	60242917	auipc	x18,0x60242	 x18=0xe0243c7c
        4345000	       433	80001c84	00929663	bne	x5,x9,80001c90	  x5:0x44f35000  x9:0x00000000
        4355000	       434	00000000	00000013	addi	x0,x0,0	  x0:0x00000000
        4365000	       435	80001c8c	00000013	addi	x0,x0,0	  x0:0x00000000
        4375000	       436	80001c90	aab6ce13	xori	x28,x13,-1365	 x13:0x000000d4 x28=0xfffffa7f
        4385000	       437	80001c94	01e20e63	beq	x4,x30,80001cb0	  x4:0x7bf38000 x30:0x05500000
        4395000	       438	80001c98	01d94a63	blt	x18,x29,80001cac	 x18:0xe0243c7c x29:0x80009fc4
        4405000	       439	80001c9c	01ac3a33	sltu	x20,x24,x26	 x24:0x00000000 x26:0x00000000 x20=0x00000000
        4415000	       440	80001ca0	69738b93	addi	x23,x7,1687	  x7:0x00000001 x23=0x00000698
        4425000	       441	80001ca4	40148733	sub	x14,x9,x1	  x9:0x00000000  x1:0xfb7eaf84 x14=0x0481507c
        4435000	       442	80001ca8	40b78f33	sub	x30,x15,x11	 x15:0x000006cd x11:0xe897c6f3 x30=0x17683fda
        4445000	       443	80001cac	41ab0d33	sub	x26,x22,x26	 x22:0x00000050 x26:0x00000000 x26=0x00000050
        4455000	       444	80001cb0	0156d913	srli	x18,x13,0x15	 x13:0x000000d4 x18=0x00000000
        4465000	       445	80001cb4	018f55b3	srl	x11,x30,x24	 x30:0x17683fda x24:0x00000000 x11=0x17683fda
        4475000	       446	80001cb8	01014e63	blt	x2,x16,80001cd4	  x2:0xe897c000 x16:0x00000001
        4485000	       447	00000000	00000013	addi	x0,x0,0	  x0:0x00000000
        4495000	       448	80001cd0	00000013	addi	x0,x0,0	  x0:0x00000000
        4505000	       449	80001cd4	4126d833	sra	x16,x13,x18	 x13:0x000000d4 x18:0x00000000 x16=0x000000d4
        4515000	       450	80001cd8	d21bcc13	xori	x24,x23,-735	 x23:0x00000698 x24=0xfffffbb9
        4525000	       451	80001cdc	01497533	and	x10,x18,x20	 x18:0x00000000 x20:0x00000000 x10=0x00000000
        4535000	       452	80001ce0	03f8ce63	blt	x17,x31,80001d1c	 x17:0x00000610 x31:0x80008461
        4545000	       453	80001ce4	010841b3	xor	x3,x16,x16	 x16:0x000000d4 x16:0x000000d4  x3=0x00000000
        4555000	       454	80001ce8	b0862a93	slti	x21,x12,-1272	 x12:0x80009f64 x21=0x00000001
        4565000	       455	80001cec	01a5ab33	slt	x22,x11,x26	 x11:0x17683fda x26:0x00000050 x22=0x00000000
        4575000	       456	80001cf0	031b4663	blt	x22,x17,80001d1c	 x22:0x00000000 x17:0x00000610
        4585000	       457	00000000	00000013	addi	x0,x0,0	  x0:0x00000000
        4595000	       458	80001d18	00000013	addi	x0,x0,0	  x0:0x00000000
        4605000	       459	80001d1c	01911013	slli	x0,x2,0x19	  x2:0xe897c000
        4615000	       460	80001d20	00462303	lw	x6,4(x12)	 x12:0x80009f64  x6=0x8000014c PA:0x80009f68
        4625000	       461	80001d24	0cb72893	slti	x17,x14,203	 x14:0x0481507c x17=0x00000000
        4635000	       462	80001d28	4186d513	srai	x10,x13,0x18	 x13:0x000000d4 x10=0x00000000
        4645000	       463	80001d2c	419901b3	sub	x3,x18,x25	 x18:0x00000000 x25:0x00000000  x3=0x00000000
        4655000	       464	80001d30	00e4a133	slt	x2,x9,x14	  x9:0x00000000 x14:0x0481507c  x2=0x00000001
        4665000	       465	80001d34	89c6ea13	ori	x20,x13,-1892	 x13:0x000000d4 x20=0xfffff8dc
        4675000	       466	80001d38	0584a793	slti	x15,x9,88	  x9:0x00000000 x15=0x00000001
        4685000	       467	80001d3c	02060613	addi	x12,x12,32	 x12:0x80009f64 x12=0x80009f84
        4695000	       468	80001d40	0086dc33	srl	x24,x13,x8	 x13:0x000000d4  x8:0xfb7ea994 x24=0x00000000
        4705000	       469	80001d44	a663e793	ori	x15,x7,-1434	  x7:0x00000001 x15=0xfffffa67
        4715000	       470	80001d48	089d3293	sltiu	x5,x26,137	 x26:0x00000050  x5=0x00000001
        4725000	       471	80001d4c	41c90cb3	sub	x25,x18,x28	 x18:0x00000000 x28:0xfffffa7f x25=0x00000581
        4735000	       472	80001d50	00130193	addi	x3,x6,1	  x6:0x8000014c  x3=0x8000014d
        4745000	       473	80001d54	000181e7	jalr	x3,x3,0	  x3:0x8000014d  x3=0x80001d54
        4755000	       474	00000000	00000013	addi	x0,x0,0	  x0:0x00000000
        4765000	       475	8000014c	00000013	addi	x0,x0,0	  x0:0x00000000
        4775000	       476	80000150	00009f97	auipc	x31,0x9	 x31=0x8000914c
        4785000	       477	80000154	929f8f93	addi	x31,x31,-1751	 x31:0x8000914c x31=0x80008a75
        4795000	       478	80000158	009fda83	lhu	x21,9(x31)	 x31:0x80008a75 x21=0x0000b913 PA:0x80008a7e
        4805000	       479	8000015c	f5bfc983	lbu	x19,-165(x31)	 x31:0x80008a75 x19=0x0000005e PA:0x800089d0
        4815000	       480	80000160	0a4f8703	lb	x14,164(x31)	 x31:0x80008a75 x14=0xffffffe6 PA:0x80008b19
        4825000	       481	80000164	fe9f89a3	sb	x9,-13(x31)	 x31:0x80008a75  x9:0x00000000 PA:0x80008a68
        4835000	       482	80000168	f42fa7a3	sw	x2,-177(x31)	 x31:0x80008a75  x2:0x00000001 PA:0x800089c4
        4845000	       483	8000016c	f4ffca83	lbu	x21,-177(x31)	 x31:0x80008a75 x21=0x00000001 PA:0x800089c4
        4855000	       484	80000170	0f4f9da3	sh	x20,251(x31)	 x31:0x80008a75 x20:0xfffff8dc PA:0x80008b70
        4865000	       485	80000174	0fbfdd03	lhu	x26,251(x31)	 x31:0x80008a75 x26=0x0000f8dc PA:0x80008b70
        4875000	       486	80000178	0fbf8003	lb	x0,251(x31)	 x31:0x80008a75 PA:0x80008b70
        4885000	       487	8000017c	6581ee13	ori	x28,x3,1624	  x3:0x80001d54 x28=0x80001f5c
        4895000	       488	80000180	f59f8583	lb	x11,-167(x31)	 x31:0x80008a75 x11=0x00000011 PA:0x800089ce
        4905000	       489	80000184	032faba3	sw	x18,55(x31)	 x31:0x80008a75 x18:0x00000000 PA:0x80008aac
        4915000	       490	80000188	037fde03	lhu	x28,55(x31)	 x31:0x80008a75 x28=0x00000000 PA:0x80008aac
        4925000	       491	8000018c	00009117	auipc	x2,0x9	  x2=0x80009188
        4935000	       492	80000190	afb10113	addi	x2,x2,-1285	  x2:0x80009188  x2=0x80008c83
        4945000	       493	80000194	f7f10d23	sb	x31,-134(x2)	  x2:0x80008c83 x31:0x80008a75 PA:0x80008bfd
        4955000	       494	80000198	f7a10703	lb	x14,-134(x2)	  x2:0x80008c83 x14=0x00000075 PA:0x80008bfd
        4965000	       495	8000019c	f7a14703	lbu	x14,-134(x2)	  x2:0x80008c83 x14=0x00000075 PA:0x80008bfd
        4975000	       496	800001a0	58527193	andi	x3,x4,1413	  x4:0x7bf38000  x3=0x00000000
        4985000	       497	800001a4	f7a10a03	lb	x20,-134(x2)	  x2:0x80008c83 x20=0x00000075 PA:0x80008bfd
        4995000	       498	800001a8	033114a3	sh	x19,41(x2)	  x2:0x80008c83 x19:0x0000005e PA:0x80008cac
        5005000	       499	800001ac	01314f83	lbu	x31,19(x2)	  x2:0x80008c83 x31=0x00000063 PA:0x80008c96
        5015000	       500	800001b0	01314d03	lbu	x26,19(x2)	  x2:0x80008c83 x26=0x00000063 PA:0x80008c96
        5025000	       501	800001b4	011109a3	sb	x17,19(x2)	  x2:0x80008c83 x17:0x00000000 PA:0x80008c96
        5035000	       502	800001b8	01311a03	lh	x20,19(x2)	  x2:0x80008c83 x20=0x00005400 PA:0x80008c96
        5045000	       503	800001bc	f7614983	lbu	x19,-138(x2)	  x2:0x80008c83 x19=0x000000e0 PA:0x80008bf9
        5055000	       504	800001c0	0a710c23	sb	x7,184(x2)	  x2:0x80008c83  x7:0x00000001 PA:0x80008d3b
        5065000	       505	800001c4	0137a333	slt	x6,x15,x19	 x15:0xfffffa67 x19:0x000000e0  x6=0x00000001
        5075000	       506	800001c8	0ae11aa3	sh	x14,181(x2)	  x2:0x80008c83 x14:0x00000075 PA:0x80008d38
        5085000	       507	800001cc	0b510e03	lb	x28,181(x2)	  x2:0x80008c83 x28=0x00000075 PA:0x80008d38
        5095000	       508	800001d0	0b510a03	lb	x20,181(x2)	  x2:0x80008c83 x20=0x00000075 PA:0x80008d38
        5105000	       509	800001d4	0b511b83	lh	x23,181(x2)	  x2:0x80008c83 x23=0x00000075 PA:0x80008d38
        5115000	       510	800001d8	0b512303	lw	x6,181(x2)	  x2:0x80008c83  x6=0x01a20075 PA:0x80008d38
        5125000	       511	800001dc	00008f17	auipc	x30,0x8	 x30=0x800081d8
        5135000	       512	800001e0	f1af0f13	addi	x30,x30,-230	 x30:0x800081d8 x30=0x800080f2
        5145000	       513	800001e4	30cf2723	sw	x12,782(x30)	 x30:0x800080f2 x12:0x80009f84 PA:0x80008400
        5155000	       514	800001e8	0007dbb3	srl	x23,x15,x0	 x15:0xfffffa67  x0:0x00000000 x23=0xfffffa67
        5165000	       515	800001ec	201f0ca3	sb	x1,537(x30)	 x30:0x800080f2  x1:0xfb7eaf84 PA:0x8000830b
        5175000	       516	800001f0	0caf0623	sb	x10,204(x30)	 x30:0x800080f2 x10:0x00000000 PA:0x800081be
        5185000	       517	800001f4	4fef5803	lhu	x16,1278(x30)	 x30:0x800080f2 x16=0x0000fd67 PA:0x800085f0
        5195000	       518	800001f8	00d3d993	srli	x19,x7,0xd	  x7:0x00000001 x19=0x00000000
        5205000	       519	800001fc	fe6f2123	sw	x6,-30(x30)	 x30:0x800080f2  x6:0x01a20075 PA:0x800080d4
        5215000	       520	80000200	79226a13	ori	x20,x4,1938	  x4:0x7bf38000 x20=0x7bf38792
        5225000	       521	80000204	d8f6fd93	andi	x27,x13,-625	 x13:0x000000d4 x27=0x00000084
        5235000	       522	80000208	03af1c23	sh	x26,56(x30)	 x30:0x800080f2 x26:0x00000063 PA:0x8000812a
        5245000	       523	8000020c	fe360437	lui	x8,0xfe360	  x8=0xfe360000
        5255000	       524	80000210	00156333	or	x6,x10,x1	 x10:0x00000000  x1:0xfb7eaf84  x6=0xfb7eaf84
        5265000	       525	80000214	159f1723	sh	x25,334(x30)	 x30:0x800080f2 x25:0x00000581 PA:0x80008240
        5275000	       526	80000218	00000013	addi	x0,x0,0	  x0:0x00000000
        5285000	       527	8000021c	0025ea33	or	x20,x11,x2	 x11:0x00000011  x2:0x80008c83 x20=0x80008c93
        5295000	       528	80000220	00e93933	sltu	x18,x18,x14	 x18:0x00000000 x14:0x00000075 x18=0x00000001
        5305000	       529	80000224	00000013	addi	x0,x0,0	  x0:0x00000000
        5315000	       530	80000228	68af2783	lw	x15,1674(x30)	 x30:0x800080f2 x15=0xf05da727 PA:0x8000877c
        5325000	       531	8000022c	00981933	sll	x18,x16,x9	 x16:0x0000fd67  x9:0x00000000 x18=0x0000fd67
        5335000	       532	80000230	40620533	sub	x10,x4,x6	  x4:0x7bf38000  x6:0xfb7eaf84 x10=0x8074d07c
        5345000	       533	80000234	00c51ab3	sll	x21,x10,x12	 x10:0x8074d07c x12:0x80009f84 x21=0x074d07c0
        5355000	       534	80000238	61ef0003	lb	x0,1566(x30)	 x30:0x800080f2 PA:0x80008710
        5365000	       535	8000023c	3ab33413	sltiu	x8,x6,939	  x6:0xfb7eaf84  x8=0x00000000
        5375000	       536	80000240	01485b33	srl	x22,x16,x20	 x16:0x0000fd67 x20:0x80008c93 x22=0x00000000
        5385000	       537	80000244	018849b3	xor	x19,x16,x24	 x16:0x0000fd67 x24:0x00000000 x19=0x0000fd67
        5395000	       538	80000248	698f1683	lh	x13,1688(x30)	 x30:0x800080f2 x13=0xffffd1ef PA:0x8000878a
        5405000	       539	8000024c	007196b3	sll	x13,x3,x7	  x3:0x00000000  x7:0x00000001 x13=0x00000000
        5415000	       540	80000250	016ce233	or	x4,x25,x22	 x25:0x00000581 x22:0x00000000  x4=0x00000581
        5425000	       541	80000254	0004d2b3	srl	x5,x9,x0	  x9:0x00000000  x0:0x00000000  x5=0x00000000
        5435000	       542	80000258	1d342a13	slti	x20,x8,467	  x8:0x00000000 x20=0x00000001
        5445000	       543	8000025c	408a5393	srai	x7,x20,0x8	 x20:0x00000001  x7=0x00000000
        5455000	       544	80000260	00a9ec33	or	x24,x19,x10	 x19:0x0000fd67 x10:0x8074d07c x24=0x8074fd7f
        5465000	       545	80000264	41925713	srai	x14,x4,0x19	  x4:0x00000581 x14=0x00000000
        5475000	       546	80000268	47ef2883	lw	x17,1150(x30)	 x30:0x800080f2 x17=0xbca2dfd9 PA:0x80008570
        5485000	       547	8000026c	014627b3	slt	x15,x12,x20	 x12:0x80009f84 x20:0x00000001 x15=0x00000001
        5495000	       548	80000270	014564b3	or	x9,x10,x20	 x10:0x8074d07c x20:0x00000001  x9=0x8074d07d
        5505000	       549	80000274	4078db33	sra	x22,x17,x7	 x17:0xbca2dfd9  x7:0x00000000 x22=0xbca2dfd9
        5515000	       550	80000278	fabf0b23	sb	x11,-74(x30)	 x30:0x800080f2 x11:0x00000011 PA:0x800080a8
        5525000	       551	8000027c	3abf2923	sw	x11,946(x30)	 x30:0x800080f2 x11:0x00000011 PA:0x800084a4
        5535000	       552	80000280	2f7f4783	lbu	x15,759(x30)	 x30:0x800080f2 x15=0x00000039 PA:0x800083e9
        5545000	       553	80000284	5fb118b7	lui	x17,0x5fb11	 x17=0x5fb11000
        5555000	       554	80000288	2a6f2003	lw	x0,678(x30)	 x30:0x800080f2 PA:0x80008398
        5565000	       555	8000028c	00008917	auipc	x18,0x8	 x18=0x80008288
        5575000	       556	80000290	4ec90913	addi	x18,x18,1260	 x18:0x80008288 x18=0x80008774
        5585000	       557	80000294	00008b17	auipc	x22,0x8	 x22=0x80008290
        5595000	       558	80000298	343b0b13	addi	x22,x22,835	 x22:0x80008290 x22=0x800085d3
        5605000	       559	8000029c	00008897	auipc	x17,0x8	 x17=0x80008298
        5615000	       560	800002a0	e7588893	addi	x17,x17,-395	 x17:0x80008298 x17=0x8000810d
        5625000	       561	800002a4	02490023	sb	x4,32(x18)	 x18:0x80008774  x4:0x00000581 PA:0x80008794
        5635000	       562	800002a8	00008a17	auipc	x20,0x8	 x20=0x800082a4
        5645000	       563	800002ac	e28a0a13	addi	x20,x20,-472	 x20:0x800082a4 x20=0x800080cc
        5655000	       564	800002b0	00008497	auipc	x9,0x8	  x9=0x800082ac
        5665000	       565	800002b4	db248493	addi	x9,x9,-590	  x9:0x800082ac  x9=0x8000805e
        5675000	       566	800002b8	fc490523	sb	x4,-54(x18)	 x18:0x80008774  x4:0x00000581 PA:0x8000873e
        5685000	       567	800002bc	50348783	lb	x15,1283(x9)	  x9:0x8000805e x15=0xffffff84 PA:0x80008561
        5695000	       568	800002c0	f6eb0203	lb	x4,-146(x22)	 x22:0x800085d3  x4=0x00000006 PA:0x80008541
        5705000	       569	800002c4	3eda4b83	lbu	x23,1005(x20)	 x20:0x800080cc x23=0x000000f8 PA:0x800084b9
        5715000	       570	800002c8	165a0ba3	sb	x5,375(x20)	 x20:0x800080cc  x5:0x00000000 PA:0x80008243
        5725000	       571	800002cc	58249983	lh	x19,1410(x9)	  x9:0x8000805e x19=0x00000929 PA:0x800085e0
        5735000	       572	800002d0	fe0b4403	lbu	x8,-32(x22)	 x22:0x800085d3  x8=0x000000cc PA:0x800085b3
        5745000	       573	800002d4	00088d83	lb	x27,0(x17)	 x17:0x8000810d x27=0x00000029 PA:0x8000810d
        5755000	       574	800002d8	09ea0523	sb	x30,138(x20)	 x20:0x800080cc x30:0x800080f2 PA:0x80008156
        5765000	       575	800002dc	03b90403	lb	x8,59(x18)	 x18:0x80008774  x8=0xffffffbf PA:0x800087af
        5775000	       576	800002e0	46ca1b83	lh	x23,1132(x20)	 x20:0x800080cc x23=0xffff9438 PA:0x80008538
        5785000	       577	800002e4	1204db83	lhu	x23,288(x9)	  x9:0x8000805e x23=0x00009617 PA:0x8000817e
        5795000	       578	800002e8	51ba4503	lbu	x10,1307(x20)	 x20:0x800080cc x10=0x0000004b PA:0x800085e7
        5805000	       579	800002ec	6a848aa3	sb	x8,1717(x9)	  x9:0x8000805e  x8:0xffffffbf PA:0x80008713
        5815000	       580	800002f0	fff88f03	lb	x30,-1(x17)	 x17:0x8000810d x30=0xffffff9b PA:0x8000810c
        5825000	       581	800002f4	4d748503	lb	x10,1239(x9)	  x9:0x8000805e x10=0xffffffda PA:0x80008535
        5835000	       582	800002f8	00b89703	lh	x14,11(x17)	 x17:0x8000810d x14=0x00001e58 PA:0x80008118
        5845000	       583	800002fc	39da0323	sb	x29,902(x20)	 x20:0x800080cc x29:0x80009fc4 PA:0x80008452
        5855000	       584	80000300	35d48da3	sb	x29,859(x9)	  x9:0x8000805e x29:0x80009fc4 PA:0x800083b9
        5865000	       585	80000304	f72b4683	lbu	x13,-142(x22)	 x22:0x800085d3 x13=0x000000a7 PA:0x80008545
        5875000	       586	00000000	00000013	addi	x0,x0,0	  x0:0x00000000
        5885000	       587	80000308	00d90503	lb	x10,13(x18)	 x18:0x80008774 x10=0xffffffe7 PA:0x80008781
        5895000	       588	8000030c	0a5b5383	lhu	x7,165(x22)	 x22:0x800085d3  x7=0x00006049 PA:0x80008678
        5905000	       589	80000310	ff1b1f03	lh	x30,-15(x22)	 x22:0x800085d3 x30=0x00001f42 PA:0x800085c4
        5915000	       590	80000314	73d4cd83	lbu	x27,1853(x9)	  x9:0x8000805e x27=0x00000098 PA:0x8000879b
        5925000	       591	80000318	0e9b5103	lhu	x2,233(x22)	 x22:0x800085d3  x2=0x00004900 PA:0x800086bc
        5935000	       592	8000031c	f97b5b83	lhu	x23,-105(x22)	 x22:0x800085d3 x23=0x000045eb PA:0x8000856a
        5945000	       593	80000320	00b880a3	sb	x11,1(x17)	 x17:0x8000810d x11:0x00000011 PA:0x8000810e
        5955000	       594	80000324	3fba4803	lbu	x16,1019(x20)	 x20:0x800080cc x16=0x0000009d PA:0x800084c7
        5965000	       595	80000328	f1ab4203	lbu	x4,-230(x22)	 x22:0x800085d3  x4=0x00000095 PA:0x800084ed
        5975000	       596	8000032c	f81b5e03	lhu	x28,-127(x22)	 x22:0x800085d3 x28=0x00003b49 PA:0x80008554
        5985000	       597	80000330	3de483a3	sb	x30,967(x9)	  x9:0x8000805e x30:0x00001f42 PA:0x80008425
        5995000	       598	80000334	ff688c83	lb	x25,-10(x17)	 x17:0x8000810d x25=0x00000067 PA:0x80008103
        6005000	       599	80000338	25b48c83	lb	x25,603(x9)	  x9:0x8000805e x25=0x00000001 PA:0x800082b9
        6015000	       600	8000033c	0b5b1fa3	sh	x21,191(x22)	 x22:0x800085d3 x21:0x074d07c0 PA:0x80008692
        6025000	       601	80000340	706a1783	lh	x15,1798(x20)	 x20:0x800080cc x15=0x00006fd8 PA:0x800087d2
        6035000	       602	80000344	15a4d803	lhu	x16,346(x9)	  x9:0x8000805e x16=0x0000b9c2 PA:0x800081b8
        6045000	       603	80000348	21ea5283	lhu	x5,542(x20)	 x20:0x800080cc  x5=0x0000ddfc PA:0x800082ea
        6055000	       604	8000034c	00b94d83	lbu	x27,11(x18)	 x18:0x80008774 x27=0x000000f0 PA:0x8000877f
        6065000	       605	80000350	00008197	auipc	x3,0x8	  x3=0x8000834c
        6075000	       606	80000354	ef818193	addi	x3,x3,-264	  x3:0x8000834c  x3=0x80008244
        6085000	       607	80000358	00008397	auipc	x7,0x8	  x7=0x80008354
        6095000	       608	8000035c	ea438393	addi	x7,x7,-348	  x7:0x80008354  x7=0x800081f8
        6105000	       609	80000360	00d385a3	sb	x13,11(x7)	  x7:0x800081f8 x13:0x000000a7 PA:0x80008203
        6115000	       610	80000364	e411c783	lbu	x15,-447(x3)	  x3:0x80008244 x15=0x00000050 PA:0x80008085
        6125000	       611	80000368	e771cb83	lbu	x23,-393(x3)	  x3:0x80008244 x23=0x00000025 PA:0x800080bb
        6135000	       612	8000036c	0093ce03	lbu	x28,9(x7)	  x7:0x800081f8 x28=0x00000010 PA:0x80008201
        6145000	       613	80000370	28118983	lb	x19,641(x3)	  x3:0x80008244 x19=0xffffffd7 PA:0x800084c5
        6155000	       614	80000374	ff73c503	lbu	x10,-9(x7)	  x7:0x800081f8 x10=0x000000be PA:0x800081ef
        6165000	       615	80000378	00e18d03	lb	x26,14(x3)	  x3:0x80008244 x26=0x0000004b PA:0x80008252
        6175000	       616	8000037c	ffb3c283	lbu	x5,-5(x7)	  x7:0x800081f8  x5=0x00000060 PA:0x800081f3
        6185000	       617	80000380	24f1c883	lbu	x17,591(x3)	  x3:0x80008244 x17=0x0000006e PA:0x80008493
        6195000	       618	80000384	0c818fa3	sb	x8,223(x3)	  x3:0x80008244  x8:0xffffffbf PA:0x80008323
        6205000	       619	80000388	ff638da3	sb	x22,-5(x7)	  x7:0x800081f8 x22:0x800085d3 PA:0x800081f3
        6215000	       620	8000038c	00938723	sb	x9,14(x7)	  x7:0x800081f8  x9:0x8000805e PA:0x80008206
        6225000	       621	80000390	011380a3	sb	x17,1(x7)	  x7:0x800081f8 x17:0x0000006e PA:0x800081f9
        6235000	       622	80000394	01d38523	sb	x29,10(x7)	  x7:0x800081f8 x29:0x80009fc4 PA:0x80008202
        6245000	       623	80000398	47e1d783	lhu	x15,1150(x3)	  x3:0x80008244 x15=0x00004b5b PA:0x800086c2
        6255000	       624	8000039c	00d38a83	lb	x21,13(x7)	  x7:0x800081f8 x21=0xffffffe5 PA:0x80008205
        6265000	       625	800003a0	0073c303	lbu	x6,7(x7)	  x7:0x800081f8  x6=0x00000068 PA:0x800081ff
        6275000	       626	800003a4	017e5663	bge	x28,x23,800003b0	 x28:0x00000010 x23:0x00000025
        6285000	       627	800003a8	a74ac193	xori	x3,x21,-1420	 x21:0xffffffe5  x3=0x00000591
        6295000	       628	800003ac	4144d993	srai	x19,x9,0x14	  x9:0x8000805e x19=0xfffff800
        6305000	       629	800003b0	0598f263	bgeu	x17,x25,800003f4	 x17:0x0000006e x25:0x00000001
        6315000	       630	00000000	00000013	addi	x0,x0,0	  x0:0x00000000
        6325000	       631	800003f0	00000013	addi	x0,x0,0	  x0:0x00000000
        6335000	       632	800003f4	005e4863	blt	x28,x5,80000404	 x28:0x00000010  x5:0x00000060
        6345000	       633	00000000	00000013	addi	x0,x0,0	  x0:0x00000000
        6355000	       634	80000400	00000013	addi	x0,x0,0	  x0:0x00000000
        6365000	       635	80000404	560b2a13	slti	x20,x22,1376	 x22:0x800085d3 x20=0x00000001
        6375000	       636	80000408	00394b33	xor	x22,x18,x3	 x18:0x80008774  x3:0x00000591 x22=0x800082e5
        6385000	       637	8000040c	00f31e13	slli	x28,x6,0xf	  x6:0x00000068 x28=0x00340000
        6395000	       638	80000410	01919cb3	sll	x25,x3,x25	  x3:0x00000591 x25:0x00000001 x25=0x00000b22
        6405000	       639	80000414	00f7dc63	bge	x15,x15,8000042c	 x15:0x00004b5b x15:0x00004b5b
        6415000	       640	00000000	00000013	addi	x0,x0,0	  x0:0x00000000
        6425000	       641	80000428	00000013	addi	x0,x0,0	  x0:0x00000000
        6435000	       642	8000042c	017395b3	sll	x11,x7,x23	  x7:0x800081f8 x23:0x00000025 x11=0x00103f00
        6445000	       643	80000430	40b85393	srai	x7,x16,0xb	 x16:0x0000b9c2  x7=0x00000017
        6455000	       644	80000434	01747833	and	x16,x8,x23	  x8:0xffffffbf x23:0x00000025 x16=0x00000025
        6465000	       645	80000438	011d4333	xor	x6,x26,x17	 x26:0x0000004b x17:0x0000006e  x6=0x00000025
        6475000	       646	8000043c	01017e63	bgeu	x2,x16,80000458	  x2:0x00004900 x16:0x00000025
        6485000	       647	00000000	00000013	addi	x0,x0,0	  x0:0x00000000
        6495000	       648	80000454	00000013	addi	x0,x0,0	  x0:0x00000000
        6505000	       649	80000458	fffccb13	xori	x22,x25,-1	 x25:0x00000b22 x22=0xfffff4dd
        6515000	       650	8000045c	01d9dbb3	srl	x23,x19,x29	 x19:0xfffff800 x29:0x80009fc4 x23=0x0fffff80
        6525000	       651	80000460	1bc6e013	ori	x0,x13,444	 x13:0x000000a7
        6535000	       652	80000464	011e8933	add	x18,x29,x17	 x29:0x80009fc4 x17:0x0000006e x18=0x8000a032
        6545000	       653	80000468	d3076d93	ori	x27,x14,-720	 x14:0x00001e58 x27=0xffffff78
        6555000	       654	8000046c	6e67c713	xori	x14,x15,1766	 x15:0x00004b5b x14=0x00004dbd
        6565000	       655	80000470	0017e333	or	x6,x15,x1	 x15:0x00004b5b  x1:0xfb7eaf84  x6=0xfb7eefdf
        6575000	       656	80000474	00dc9f13	slli	x30,x25,0xd	 x25:0x00000b22 x30=0x01644000
        6585000	       657	80000478	00435bb3	srl	x23,x6,x4	  x6:0xfb7eefdf  x4:0x00000095 x23=0x000007db
        6595000	       658	8000047c	691b7537	lui	x10,0x691b7	 x10=0x691b7000
        6605000	       659	80000480	02660463	beq	x12,x6,800004a8	 x12:0x80009f84  x6:0xfb7eefdf
        6615000	       660	80000484	001b1393	slli	x7,x22,0x1	 x22:0xfffff4dd  x7=0xffffe9ba
        6625000	       661	80000488	0406f063	bgeu	x13,x0,800004c8	 x13:0x000000a7  x0:0x00000000
        6635000	       662	00000000	00000013	addi	x0,x0,0	  x0:0x00000000
        6645000	       663	800004c4	00000013	addi	x0,x0,0	  x0:0x00000000
        6655000	       664	800004c8	019f1d33	sll	x26,x30,x25	 x30:0x01644000 x25:0x00000b22 x26=0x05910000
        6665000	       665	800004cc	013552b3	srl	x5,x10,x19	 x10:0x691b7000 x19:0xfffff800  x5=0x691b7000
        6675000	       666	800004d0	00000013	addi	x0,x0,0	  x0:0x00000000
        6685000	       667	800004d4	01a8d8b3	srl	x17,x17,x26	 x17:0x0000006e x26:0x05910000 x17=0x0000006e
        6695000	       668	800004d8	01445913	srli	x18,x8,0x14	  x8:0xffffffbf x18=0x00000fff
        6705000	       669	800004dc	00001997	auipc	x19,0x1	 x19=0x800014d8
        6715000	       670	800004e0	0c098993	addi	x19,x19,192	 x19:0x800014d8 x19=0x80001598
        6725000	       671	800004e4	0103ae33	slt	x28,x7,x16	  x7:0xffffe9ba x16:0x00000025 x28=0x00000001
        6735000	       672	800004e8	8f4cc393	xori	x7,x25,-1804	 x25:0x00000b22  x7=0xfffff3d6
        6745000	       673	800004ec	7e69e5b7	lui	x11,0x7e69e	 x11=0x7e69e000
        6755000	       674	800004f0	b3584013	xori	x0,x16,-1227	 x16:0x00000025
        6765000	       675	800004f4	248b0f17	auipc	x30,0x248b0	 x30=0xa48b04f0
        6775000	       676	800004f8	00c1c4b3	xor	x9,x3,x12	  x3:0x00000591 x12:0x80009f84  x9=0x80009a15
        6785000	       677	800004fc	41b085b3	sub	x11,x1,x27	  x1:0xfb7eaf84 x27:0xffffff78 x11=0xfb7eb00c
        6795000	       678	80000500	40760f33	sub	x30,x12,x7	 x12:0x80009f84  x7:0xfffff3d6 x30=0x8000abae
        6805000	       679	80000504	2c598993	addi	x19,x19,709	 x19:0x80001598 x19=0x8000185d
        6815000	       680	80000508	41ea8c33	sub	x24,x21,x30	 x21:0xffffffe5 x30:0x8000abae x24=0x7fff5437
        6825000	       681	8000050c	00889463	bne	x17,x8,80000514	 x17:0x0000006e  x8:0xffffffbf
        6835000	       682	00000000	00000013	addi	x0,x0,0	  x0:0x00000000
        6845000	       683	80000510	00000013	addi	x0,x0,0	  x0:0x00000000
        6855000	       684	80000514	d3c98367	jalr	x6,x19,-708	 x19:0x8000185d  x6=0x80000514
        6865000	       685	00000000	00000013	addi	x0,x0,0	  x0:0x00000000
        6875000	       686	80001598	00000013	addi	x0,x0,0	  x0:0x00000000
        6885000	       687	8000159c	01958263	beq	x11,x25,800015a0	 x11:0xfb7eb00c x25:0x00000b22
        6895000	       688	800015a0	fe060613	addi	x12,x12,-32	 x12:0x80009f84 x12=0x80009f64
        6905000	       689	800015a4	41395533	sra	x10,x18,x19	 x18:0x00000fff x19:0x8000185d x10=0x00000000
        6915000	       690	800015a8	00662223	sw	x6,4(x12)	 x12:0x80009f64  x6:0x80000514 PA:0x80009f68
        6925000	       691	800015ac	01293b97	auipc	x23,0x1293	 x23=0x812945a8
        6935000	       692	800015b0	d5f2fa93	andi	x21,x5,-673	  x5:0x691b7000 x21=0x691b7000
        6945000	       693	800015b4	01815d13	srli	x26,x2,0x18	  x2:0x00004900 x26=0x00000000
        6955000	       694	800015b8	0005d433	srl	x8,x11,x0	 x11:0xfb7eb00c  x0:0x00000000  x8=0xfb7eb00c
        6965000	       695	800015bc	bc5ae893	ori	x17,x21,-1083	 x21:0x691b7000 x17=0xfffffbc5
        6975000	       696	800015c0	63373a13	sltiu	x20,x14,1587	 x14:0x00004dbd x20=0x00000000
        6985000	       697	800015c4	00007c97	auipc	x25,0x7	 x25=0x800085c0
        6995000	       698	800015c8	bf1c8c93	addi	x25,x25,-1039	 x25:0x800085c0 x25=0x800081b1
        7005000	       699	800015cc	00007f97	auipc	x31,0x7	 x31=0x800085c8
        7015000	       700	800015d0	b9af8f93	addi	x31,x31,-1126	 x31:0x800085c8 x31=0x80008162
        7025000	       701	800015d4	00cc8c03	lb	x24,12(x25)	 x25:0x800081b1 x24=0x0000005a PA:0x800081bd
        7035000	       702	800015d8	00007d17	auipc	x26,0x7	 x26=0x800085d4
        7045000	       703	800015dc	c13d0d13	addi	x26,x26,-1005	 x26:0x800085d4 x26=0x800081e7
        7055000	       704	800015e0	f56fa703	lw	x14,-170(x31)	 x31:0x80008162 x14=0x25d97e88 PA:0x800080b8
        7065000	       705	800015e4	f93f8503	lb	x10,-109(x31)	 x31:0x80008162 x10=0xffffff85 PA:0x800080f5
        7075000	       706	800015e8	00eccb83	lbu	x23,14(x25)	 x25:0x800081b1 x23=0x0000000a PA:0x800081bf
        7085000	       707	800015ec	00bd1683	lh	x13,11(x26)	 x26:0x800081e7 x13=0xffffd371 PA:0x800081f2
        7095000	       708	800015f0	feffcf03	lbu	x30,-17(x31)	 x31:0x80008162 x30=0x000000dd PA:0x80008151
        7105000	       709	800015f4	03fd1803	lh	x16,63(x26)	 x26:0x800081e7 x16=0x00007944 PA:0x80008226
        7115000	       710	800015f8	0bdfcc03	lbu	x24,189(x31)	 x31:0x80008162 x24=0x0000006c PA:0x8000821f
        7125000	       711	800015fc	ffad0923	sb	x26,-14(x26)	 x26:0x800081e7 x26:0x800081e7 PA:0x800081d9
        7135000	       712	80001600	00bc9503	lh	x10,11(x25)	 x25:0x800081b1 x10=0x00005a64 PA:0x800081bc
        7145000	       713	80001604	036f9623	sh	x22,44(x31)	 x31:0x80008162 x22:0xfffff4dd PA:0x8000818e
        7155000	       714	80001608	f15f8aa3	sb	x21,-235(x31)	 x31:0x80008162 x21:0x691b7000 PA:0x80008077
        7165000	       715	8000160c	014d4a03	lbu	x20,20(x26)	 x26:0x800081e7 x20=0x000000ae PA:0x800081fb
        7175000	       716	80001610	07ffc703	lbu	x14,127(x31)	 x31:0x80008162 x14=0x0000004d PA:0x800081e1
        7185000	       717	80001614	00bd5303	lhu	x6,11(x26)	 x26:0x800081e7  x6=0x0000d371 PA:0x800081f2
        7195000	       718	80001618	01fd5203	lhu	x4,31(x26)	 x26:0x800081e7  x4=0x0000d95e PA:0x80008206
        7205000	       719	8000161c	fffc8283	lb	x5,-1(x25)	 x25:0x800081b1  x5=0xffffffa3 PA:0x800081b0
        7215000	       720	80001620	006c8503	lb	x10,6(x25)	 x25:0x800081b1 x10=0x00000071 PA:0x800081b7
        7225000	       721	80001624	00007c17	auipc	x24,0x7	 x24=0x80008620
        7235000	       722	80001628	63bc0c13	addi	x24,x24,1595	 x24:0x80008620 x24=0x80008c5b
        7245000	       723	8000162c	ed7c1e03	lh	x28,-297(x24)	 x24:0x80008c5b x28=0xffff8667 PA:0x80008b32
        7255000	       724	80001630	41ea8733	sub	x14,x21,x30	 x21:0x691b7000 x30:0x000000dd x14=0x691b6f23
        7265000	       725	80001634	00460db3	add	x27,x12,x4	 x12:0x80009f64  x4:0x0000d95e x27=0x800178c2
        7275000	       726	80001638	fb7c1fa3	sh	x23,-65(x24)	 x24:0x80008c5b x23:0x0000000a PA:0x80008c1a
        7285000	       727	8000163c	00000013	addi	x0,x0,0	  x0:0x00000000
        7295000	       728	80001640	d6ac4783	lbu	x15,-662(x24)	 x24:0x80008c5b x15=0x00000000 PA:0x800089c5
        7305000	       729	80001644	d34c0da3	sb	x20,-709(x24)	 x24:0x80008c5b x20:0x000000ae PA:0x80008996
        7315000	       730	80001648	00ee43b3	xor	x7,x28,x14	 x28:0xffff8667 x14:0x691b6f23  x7=0x96e4e944
        7325000	       731	8000164c	2b7c5a83	lhu	x21,695(x24)	 x24:0x80008c5b x21=0x00003f0c PA:0x80008f12
        7335000	       732	80001650	e4cc0723	sb	x12,-434(x24)	 x24:0x80008c5b x12:0x80009f64 PA:0x80008aa9
        7345000	       733	80001654	018c8e33	add	x28,x25,x24	 x25:0x800081b1 x24:0x80008c5b x28=0x00010e0c
        7355000	       734	80001658	05ac0423	sb	x26,72(x24)	 x24:0x80008c5b x26:0x800081e7 PA:0x80008ca3
        7365000	       735	8000165c	32ac4b03	lbu	x22,810(x24)	 x24:0x80008c5b x22=0x0000004c PA:0x80008f85
        7375000	       736	80001660	364c1da3	sh	x4,891(x24)	 x24:0x80008c5b  x4:0x0000d95e PA:0x80008fd6
        7385000	       737	80001664	ef7c17a3	sh	x23,-273(x24)	 x24:0x80008c5b x23:0x0000000a PA:0x80008b4a
        7395000	       738	80001668	0065ecb3	or	x25,x11,x6	 x11:0xfb7eb00c  x6:0x0000d371 x25=0xfb7ef37d
        7405000	       739	8000166c	053c4a83	lbu	x21,83(x24)	 x24:0x80008c5b x21=0x00000058 PA:0x80008cae
        7415000	       740	80001670	d2ec24a3	sw	x14,-727(x24)	 x24:0x80008c5b x14:0x691b6f23 PA:0x80008984
        7425000	       741	80001674	374c4303	lbu	x6,884(x24)	 x24:0x80008c5b  x6=0x0000007b PA:0x80008fcf
        7435000	       742	80001678	18a88593	addi	x11,x17,394	 x17:0xfffffbc5 x11=0xfffffd4f
        7445000	       743	8000167c	e941bf93	sltiu	x31,x3,-364	  x3:0x00000591 x31=0x00000001
        7455000	       744	80001680	9c228413	addi	x8,x5,-1598	  x5:0xffffffa3  x8=0xfffff965
        7465000	       745	80001684	409ad693	srai	x13,x21,0x9	 x21:0x00000058 x13=0x00000000
        7475000	       746	80001688	148c0903	lb	x18,328(x24)	 x24:0x80008c5b x18=0xffffffb6 PA:0x80008da3
        7485000	       747	00000000	00000013	addi	x0,x0,0	  x0:0x00000000
        7495000	       748	8000168c	012fd793	srli	x15,x31,0x12	 x31:0x00000001 x15=0x00000000
        7505000	       749	80001690	e98c7313	andi	x6,x24,-360	 x24:0x80008c5b  x6=0x80008c18
        7515000	       750	80001694	0172f133	and	x2,x5,x23	  x5:0xffffffa3 x23:0x0000000a  x2=0x00000002
        7525000	       751	80001698	130af897	auipc	x17,0x130af	 x17=0x930b0694
        7535000	       752	8000169c	f45c2f03	lw	x30,-187(x24)	 x24:0x80008c5b x30=0x5a2c8bb0 PA:0x80008ba0
        7545000	       753	800016a0	cdcc4303	lbu	x6,-804(x24)	 x24:0x80008c5b  x6=0x00000043 PA:0x80008937
        7555000	       754	800016a4	01ac8d33	add	x26,x25,x26	 x25:0xfb7ef37d x26:0x800081e7 x26=0x7b7f7564
        7565000	       755	800016a8	e90c0003	lb	x0,-368(x24)	 x24:0x80008c5b PA:0x80008aeb
        7575000	       756	800016ac	ea4c10a3	sh	x4,-351(x24)	 x24:0x80008c5b  x4:0x0000d95e PA:0x80008afc
        7585000	       757	800016b0	047c0a23	sb	x7,84(x24)	 x24:0x80008c5b  x7:0x96e4e944 PA:0x80008caf
        7595000	       758	800016b4	01e09f13	slli	x30,x1,0x1e	  x1:0xfb7eaf84 x30=0x00000000
        7605000	       759	800016b8	0a7c4203	lbu	x4,167(x24)	 x24:0x80008c5b  x4=0x000000a5 PA:0x80008d02
        7615000	       760	800016bc	d53c0883	lb	x17,-685(x24)	 x24:0x80008c5b x17=0x0000000e PA:0x800089ae
        7625000	       761	800016c0	befc5f83	lhu	x31,-1041(x24)	 x24:0x80008c5b x31=0x00003123 PA:0x8000884a
        7635000	       762	800016c4	93ae4d13	xori	x26,x28,-1734	 x28:0x00010e0c x26=0xfffef736
        7645000	       763	800016c8	e34c4903	lbu	x18,-460(x24)	 x24:0x80008c5b x18=0x00000033 PA:0x80008a8f
        7655000	       764	800016cc	c91c4783	lbu	x15,-879(x24)	 x24:0x80008c5b x15=0x0000003a PA:0x800088ec
        7665000	       765	800016d0	4193d493	srai	x9,x7,0x19	  x7:0x96e4e944  x9=0xffffffcb
        7675000	       766	800016d4	0a6c0503	lb	x10,166(x24)	 x24:0x80008c5b x10=0xffffffc4 PA:0x80008d01
        7685000	       767	800016d8	c22c0003	lb	x0,-990(x24)	 x24:0x80008c5b PA:0x8000887d
        7695000	       768	800016dc	00007d97	auipc	x27,0x7	 x27=0x800086d8
        7705000	       769	800016e0	029d8d93	addi	x27,x27,41	 x27:0x800086d8 x27=0x80008701
        7715000	       770	800016e4	ff4d8f83	lb	x31,-12(x27)	 x27:0x80008701 x31=0xffffff80 PA:0x800086f5
        7725000	       771	800016e8	00612bb3	slt	x23,x2,x6	  x2:0x00000002  x6:0x00000043 x23=0x00000001
        7735000	       772	800016ec	00b85cb3	srl	x25,x16,x11	 x16:0x00007944 x11:0xfffffd4f x25=0x00000000
        7745000	       773	800016f0	005dcb03	lbu	x22,5(x27)	 x27:0x80008701 x22=0x0000002d PA:0x80008706
        7755000	       774	800016f4	518ee193	ori	x3,x29,1304	 x29:0x80009fc4  x3=0x80009fdc
        7765000	       775	800016f8	fffdd483	lhu	x9,-1(x27)	 x27:0x80008701  x9=0x00007943 PA:0x80008700
        7775000	       776	800016fc	010dcf03	lbu	x30,16(x27)	 x27:0x80008701 x30=0x0000004f PA:0x80008711
        7785000	       777	80001700	006dc203	lbu	x4,6(x27)	 x27:0x80008701  x4=0x0000008b PA:0x80008707
        7795000	       778	80001704	ffcd8923	sb	x28,-14(x27)	 x27:0x80008701 x28:0x00010e0c PA:0x800086f3
        7805000	       779	80001708	77567993	andi	x19,x12,1909	 x12:0x80009f64 x19=0x00000764
        7815000	       780	8000170c	00ab1b93	slli	x23,x22,0xa	 x22:0x0000002d x23=0x0000b400
        7825000	       781	80001710	00f32433	slt	x8,x6,x15	  x6:0x00000043 x15:0x0000003a  x8=0x00000000
        7835000	       782	80001714	008d6833	or	x16,x26,x8	 x26:0xfffef736  x8:0x00000000 x16=0xfffef736
        7845000	       783	80001718	00e79d33	sll	x26,x15,x14	 x15:0x0000003a x14:0x691b6f23 x26=0x000001d0
        7855000	       784	8000171c	016d8423	sb	x22,8(x27)	 x27:0x80008701 x22:0x0000002d PA:0x80008709
        7865000	       785	80001720	bfb4c413	xori	x8,x9,-1029	  x9:0x00007943  x8=0xffff82b8
        7875000	       786	80001724	fe9d9ea3	sh	x9,-3(x27)	 x27:0x80008701  x9:0x00007943 PA:0x800086fe
        7885000	       787	80001728	009126b3	slt	x13,x2,x9	  x2:0x00000002  x9:0x00007943 x13=0x00000001
        7895000	       788	8000172c	00000013	addi	x0,x0,0	  x0:0x00000000
        7905000	       789	80001730	41c25713	srai	x14,x4,0x1c	  x4:0x0000008b x14=0x00000000
        7915000	       790	80001734	ffedc583	lbu	x11,-2(x27)	 x27:0x80008701 x11=0x00000079 PA:0x800086ff
        7925000	       791	80001738	007668b3	or	x17,x12,x7	 x12:0x80009f64  x7:0x96e4e944 x17=0x96e4ff64
        7935000	       792	8000173c	fe3d8aa3	sb	x3,-11(x27)	 x27:0x80008701  x3:0x80009fdc PA:0x800086f6
        7945000	       793	80001740	00884d33	xor	x26,x16,x8	 x16:0xfffef736  x8:0xffff82b8 x26=0x0001758e
        7955000	       794	80001744	ffddcf83	lbu	x31,-3(x27)	 x27:0x80008701 x31=0x00000043 PA:0x800086fe
        7965000	       795	80001748	00ad90a3	sh	x10,1(x27)	 x27:0x80008701 x10:0xffffffc4 PA:0x80008702
        7975000	       796	8000174c	fe7d9fa3	sh	x7,-1(x27)	 x27:0x80008701  x7:0x96e4e944 PA:0x80008700
        7985000	       797	80001750	00efd433	srl	x8,x31,x14	 x31:0x00000043 x14:0x00000000  x8=0x00000043
        7995000	       798	80001754	ff1dcc83	lbu	x25,-15(x27)	 x27:0x80008701 x25=0x00000075 PA:0x800086f2
        8005000	       799	80001758	ffedca83	lbu	x21,-2(x27)	 x27:0x80008701 x21=0x00000079 PA:0x800086ff
        8015000	       800	8000175c	00000013	addi	x0,x0,0	  x0:0x00000000
        8025000	       801	80001760	007d9683	lh	x13,7(x27)	 x27:0x80008701 x13=0x00002d47 PA:0x80008708
        8035000	       802	80001764	01859b13	slli	x22,x11,0x18	 x11:0x00000079 x22=0x79000000
        8045000	       803	80001768	01ddbd33	sltu	x26,x27,x29	 x27:0x80008701 x29:0x80009fc4 x26=0x00000001
        8055000	       804	8000176c	75607713	andi	x14,x0,1878	  x0:0x00000000 x14=0x00000000
        8065000	       805	80001770	ffed8203	lb	x4,-2(x27)	 x27:0x80008701  x4=0x00000079 PA:0x800086ff
        8075000	       806	80001774	000dcf03	lbu	x30,0(x27)	 x27:0x80008701 x30=0x000000e9 PA:0x80008701
        8085000	       807	80001778	00ed8c03	lb	x24,14(x27)	 x27:0x80008701 x24=0x00000068 PA:0x8000870f
        8095000	       808	8000177c	00007497	auipc	x9,0x7	  x9=0x80008778
        8105000	       809	80001780	31648493	addi	x9,x9,790	  x9:0x80008778  x9=0x80008a8e
        8115000	       810	80001784	040482a3	sb	x0,69(x9)	  x9:0x80008a8e  x0:0x00000000 PA:0x80008ad3
        8125000	       811	80001788	23948aa3	sb	x25,565(x9)	  x9:0x80008a8e x25:0x00000075 PA:0x80008cc3
        8135000	       812	8000178c	01c20f33	add	x30,x4,x28	  x4:0x00000079 x28:0x00010e0c x30=0x00010e85
        8145000	       813	80001790	012ecab3	xor	x21,x29,x18	 x29:0x80009fc4 x18:0x00000033 x21=0x80009ff7
        8155000	       814	80001794	0e548803	lb	x16,229(x9)	  x9:0x80008a8e x16=0x00000068 PA:0x80008b73
        8165000	       815	80001798	0f8482a3	sb	x24,229(x9)	  x9:0x80008a8e x24:0x00000068 PA:0x80008b73
        8175000	       816	8000179c	938e3893	sltiu	x17,x28,-1736	 x28:0x00010e0c x17=0x00000001
        8185000	       817	800017a0	5364ab83	lw	x23,1334(x9)	  x9:0x80008a8e x23=0x80009ff7 PA:0x80008fc4
        8195000	       818	800017a4	5364c303	lbu	x6,1334(x9)	  x9:0x80008a8e  x6=0x000000f7 PA:0x80008fc4
        8205000	       819	800017a8	52d4ab23	sw	x13,1334(x9)	  x9:0x80008a8e x13:0x00002d47 PA:0x80008fc4
        8215000	       820	800017ac	53649c03	lh	x24,1334(x9)	  x9:0x80008a8e x24=0x00002d47 PA:0x80008fc4
        8225000	       821	800017b0	53648403	lb	x8,1334(x9)	  x9:0x80008a8e  x8=0x00000047 PA:0x80008fc4
        8235000	       822	800017b4	8173b693	sltiu	x13,x7,-2025	  x7:0x96e4e944 x13=0x00000001
        8245000	       823	800017b8	5364ac03	lw	x24,1334(x9)	  x9:0x80008a8e x24=0x00002d47 PA:0x80008fc4
        8255000	       824	800017bc	52649b23	sh	x6,1334(x9)	  x9:0x80008a8e  x6:0x000000f7 PA:0x80008fc4
        8265000	       825	800017c0	53648c03	lb	x24,1334(x9)	  x9:0x80008a8e x24=0xfffffff7 PA:0x80008fc4
        8275000	       826	800017c4	53648683	lb	x13,1334(x9)	  x9:0x80008a8e x13=0xfffffff7 PA:0x80008fc4
        8285000	       827	800017c8	5364c983	lbu	x19,1334(x9)	  x9:0x80008a8e x19=0x000000f7 PA:0x80008fc4
        8295000	       828	800017cc	5354ab23	sw	x21,1334(x9)	  x9:0x80008a8e x21:0x80009ff7 PA:0x80008fc4
        8305000	       829	800017d0	00007b97	auipc	x23,0x7	 x23=0x800087cc
        8315000	       830	800017d4	beab8b93	addi	x23,x23,-1046	 x23:0x800087cc x23=0x800083b6
        8325000	       831	800017d8	00007f97	auipc	x31,0x7	 x31=0x800087d4
        8335000	       832	800017dc	c8df8f93	addi	x31,x31,-883	 x31:0x800087d4 x31=0x80008461
        8345000	       833	800017e0	00007297	auipc	x5,0x7	  x5=0x800087dc
        8355000	       834	800017e4	9de28293	addi	x5,x5,-1570	  x5:0x800087dc  x5=0x800081ba
        8365000	       835	800017e8	00c29103	lh	x2,12(x5)	  x5:0x800081ba  x2=0x00005699 PA:0x800081c6
        8375000	       836	800017ec	00007d17	auipc	x26,0x7	 x26=0x800087e8
        8385000	       837	800017f0	ab3d0d13	addi	x26,x26,-1357	 x26:0x800087e8 x26=0x8000829b
        8395000	       838	800017f4	00f28f03	lb	x30,15(x5)	  x5:0x800081ba x30=0x00000015 PA:0x800081c9
        8405000	       839	800017f8	00007997	auipc	x19,0x7	 x19=0x800087f4
        8415000	       840	800017fc	af098993	addi	x19,x19,-1296	 x19:0x800087f4 x19=0x800082e4
        8425000	       841	80001800	fd1d5a03	lhu	x20,-47(x26)	 x26:0x8000829b x20=0x000026fb PA:0x8000826c
        8435000	       842	80001804	00ed0523	sb	x14,10(x26)	 x26:0x8000829b x14:0x00000000 PA:0x800082a5
        8445000	       843	80001808	ff928c03	lb	x24,-7(x5)	  x5:0x800081ba x24=0xffffffa2 PA:0x800081b3
        8455000	       844	8000180c	c57f8a03	lb	x20,-937(x31)	 x31:0x80008461 x20=0xffffff88 PA:0x800080b8
        8465000	       845	80001810	35db8fa3	sb	x29,863(x23)	 x23:0x800083b6 x29:0x80009fc4 PA:0x80008715
        8475000	       846	80001814	02ed0f23	sb	x14,62(x26)	 x26:0x8000829b x14:0x00000000 PA:0x800082d9
        8485000	       847	80001818	451b8f03	lb	x30,1105(x23)	 x23:0x800083b6 x30=0x00000030 PA:0x80008807
        8495000	       848	8000181c	1a2b9d83	lh	x27,418(x23)	 x23:0x800083b6 x27=0xffff82bf PA:0x80008558
        8505000	       849	80001820	f769d803	lhu	x16,-138(x19)	 x19:0x800082e4 x16=0x00002545 PA:0x8000825a
        8515000	       850	80001824	057d0023	sb	x23,64(x26)	 x26:0x8000829b x23:0x800083b6 PA:0x800082db
        8525000	       851	80001828	11bf80a3	sb	x27,257(x31)	 x31:0x80008461 x27:0xffff82bf PA:0x80008562
        8535000	       852	8000182c	0bc99d83	lh	x27,188(x19)	 x19:0x800082e4 x27=0x00003bdf PA:0x800083a0
        8545000	       853	80001830	e8eba883	lw	x17,-370(x23)	 x23:0x800083b6 x17=0x5ed3f589 PA:0x80008244
        8555000	       854	80001834	f60fcc83	lbu	x25,-160(x31)	 x31:0x80008461 x25=0x000000b0 PA:0x800083c1
        8565000	       855	80001838	faa99483	lh	x9,-86(x19)	 x19:0x800082e4  x9=0xffffe334 PA:0x8000828e
        8575000	       856	8000183c	0042d503	lhu	x10,4(x5)	  x5:0x800081ba x10=0x00000a00 PA:0x800081be
        8585000	       857	80001840	08198383	lb	x7,129(x19)	 x19:0x800082e4  x7=0xfffffff6 PA:0x80008365
        8595000	       858	80001844	3c9b8da3	sb	x9,987(x23)	 x23:0x800083b6  x9:0xffffe334 PA:0x80008791
        8605000	       859	80001848	00228003	lb	x0,2(x5)	  x5:0x800081ba PA:0x800081bc
        8615000	       860	8000184c	018d4683	lbu	x13,24(x26)	 x26:0x8000829b x13=0x000000e3 PA:0x800082b3
        8625000	       861	80001850	009d1ba3	sh	x9,23(x26)	 x26:0x8000829b  x9:0xffffe334 PA:0x800082b2
        8635000	       862	80001854	06e983a3	sb	x14,103(x19)	 x19:0x800082e4 x14:0x00000000 PA:0x8000834b
        8645000	       863	80001858	ff22c383	lbu	x7,-14(x5)	  x5:0x800081ba  x7=0x0000006a PA:0x800081ac
        8655000	       864	8000185c	fc6985a3	sb	x6,-53(x19)	 x19:0x800082e4  x6:0x000000f7 PA:0x800082af
        8665000	       865	80001860	298fc303	lbu	x6,664(x31)	 x31:0x80008461  x6=0x000000f2 PA:0x800086f9
        8675000	       866	80001864	febd0783	lb	x15,-21(x26)	 x26:0x8000829b x15=0x00000026 PA:0x80008286
        8685000	       867	80001868	ff3fc803	lbu	x16,-13(x31)	 x31:0x80008461 x16=0x000000ec PA:0x80008454
        8695000	       868	8000186c	011d0423	sb	x17,8(x26)	 x26:0x8000829b x17:0x5ed3f589 PA:0x800082a3
        8705000	       869	80001870	00f2ce03	lbu	x28,15(x5)	  x5:0x800081ba x28=0x00000015 PA:0x800081c9
        8715000	       870	80001874	0d499903	lh	x18,212(x19)	 x19:0x800082e4 x18=0xffffc48c PA:0x800083b8
        8725000	       871	80001878	ff028aa3	sb	x16,-11(x5)	  x5:0x800081ba x16:0x000000ec PA:0x800081af
        8735000	       872	8000187c	ff22ab03	lw	x22,-14(x5)	  x5:0x800081ba x22=0xecb6006a PA:0x800081ac
        8745000	       873	80001880	f6bfa1a3	sw	x11,-157(x31)	 x31:0x80008461 x11:0x00000079 PA:0x800083c4
        8755000	       874	80001884	0af98003	lb	x0,175(x19)	 x19:0x800082e4 PA:0x80008393
        8765000	       875	80001888	00007117	auipc	x2,0x7	  x2=0x80008884
        8775000	       876	8000188c	35510113	addi	x2,x2,853	  x2:0x80008884  x2=0x80008bd9
        8785000	       877	80001890	431fa413	slti	x8,x31,1073	 x31:0x80008461  x8=0x00000001
        8795000	       878	80001894	fdd10ea3	sb	x29,-35(x2)	  x2:0x80008bd9 x29:0x80009fc4 PA:0x80008bb6
        8805000	       879	80001898	04010483	lb	x9,64(x2)	  x2:0x80008bd9  x9=0x0000000e PA:0x80008c19
        8815000	       880	8000189c	04010583	lb	x11,64(x2)	  x2:0x80008bd9 x11=0x0000000e PA:0x80008c19
        8825000	       881	800018a0	ff910183	lb	x3,-7(x2)	  x2:0x80008bd9  x3=0x00000055 PA:0x80008bd2
        8835000	       882	800018a4	ff914b83	lbu	x23,-7(x2)	  x2:0x80008bd9 x23=0x00000055 PA:0x80008bd2
        8845000	       883	800018a8	ff914c83	lbu	x25,-7(x2)	  x2:0x80008bd9 x25=0x00000055 PA:0x80008bd2
        8855000	       884	00000000	00000013	addi	x0,x0,0	  x0:0x00000000
        8865000	       885	800018ac	ff915a03	lhu	x20,-7(x2)	  x2:0x80008bd9 x20=0x00005255 PA:0x80008bd2
        8875000	       886	800018b0	ffc10e03	lb	x28,-4(x2)	  x2:0x80008bd9 x28=0xffffffb7 PA:0x80008bd5
        8885000	       887	800018b4	feb10623	sb	x11,-20(x2)	  x2:0x80008bd9 x11:0x0000000e PA:0x80008bc5
        8895000	       888	800018b8	03c100a3	sb	x28,33(x2)	  x2:0x80008bd9 x28:0xffffffb7 PA:0x80008bfa
        8905000	       889	800018bc	ff214b83	lbu	x23,-14(x2)	  x2:0x80008bd9 x23=0x0000001a PA:0x80008bcb
        8915000	       890	800018c0	00000013	addi	x0,x0,0	  x0:0x00000000
        8925000	       891	800018c4	05090663	beq	x18,x16,80001910	 x18:0xffffc48c x16:0x000000ec
        8935000	       892	800018c8	000e9233	sll	x4,x29,x0	 x29:0x80009fc4  x0:0x00000000  x4=0x80009fc4
        8945000	       893	800018cc	f0323893	sltiu	x17,x4,-253	  x4:0x80009fc4 x17=0x00000001
        8955000	       894	800018d0	01425e63	bge	x4,x20,800018ec	  x4:0x80009fc4 x20:0x00005255
        8965000	       895	800018d4	0157e863	bltu	x15,x21,800018e4	 x15:0x00000026 x21:0x80009ff7
        8975000	       896	00000000	00000013	addi	x0,x0,0	  x0:0x00000000
        8985000	       897	800018e0	00000013	addi	x0,x0,0	  x0:0x00000000
        8995000	       898	800018e4	00ea9db3	sll	x27,x21,x14	 x21:0x80009ff7 x14:0x00000000 x27=0x80009ff7
        9005000	       899	800018e8	009828b3	slt	x17,x16,x9	 x16:0x000000ec  x9:0x0000000e x17=0x00000000
        9015000	       900	800018ec	03e6d063	bge	x13,x30,8000190c	 x13:0x000000e3 x30:0x00000030
        9025000	       901	00000000	00000013	addi	x0,x0,0	  x0:0x00000000
        9035000	       902	80001908	00000013	addi	x0,x0,0	  x0:0x00000000
        9045000	       903	8000190c	044c5863	bge	x24,x4,8000195c	 x24:0xffffffa2  x4:0x80009fc4
        9055000	       904	00000000	00000013	addi	x0,x0,0	  x0:0x00000000
        9065000	       905	80001958	00000013	addi	x0,x0,0	  x0:0x00000000
        9075000	       906	8000195c	44f352b7	lui	x5,0x44f35	  x5=0x44f35000
        9085000	       907	80001960	001f3e33	sltu	x28,x30,x1	 x30:0x00000030  x1:0xfb7eaf84 x28=0x00000001
        9095000	       908	80001964	e0f4d317	auipc	x6,0xe0f4d	  x6=0x60f4e960
        9105000	       909	80001968	01030433	add	x8,x6,x16	  x6:0x60f4e960 x16:0x000000ec  x8=0x60f4ea4c
        9115000	       910	8000196c	00629663	bne	x5,x6,80001978	  x5:0x44f35000  x6:0x60f4e960
        9125000	       911	00000000	00000013	addi	x0,x0,0	  x0:0x00000000
        9135000	       912	80001974	00000013	addi	x0,x0,0	  x0:0x00000000
        9145000	       913	80001978	01ead233	srl	x4,x21,x30	 x21:0x80009ff7 x30:0x00000030  x4=0x00008000
        9155000	       914	8000197c	e4923797	auipc	x15,0xe4923	 x15=0x64924978
        9165000	       915	80001980	04745663	bge	x8,x7,800019cc	  x8:0x60f4ea4c  x7:0x0000006a
        9175000	       916	00000000	00000013	addi	x0,x0,0	  x0:0x00000000
        9185000	       917	800019c8	00000013	addi	x0,x0,0	  x0:0x00000000
        9195000	       918	800019cc	a4c2ec93	ori	x25,x5,-1460	  x5:0x44f35000 x25=0xfffffa4c
        9205000	       919	800019d0	009713b3	sll	x7,x14,x9	 x14:0x00000000  x9:0x0000000e  x7=0x00000000
        9215000	       920	800019d4	02624463	blt	x4,x6,800019fc	  x4:0x00008000  x6:0x60f4e960
        9225000	       921	00000000	00000013	addi	x0,x0,0	  x0:0x00000000
        9235000	       922	800019f8	00000013	addi	x0,x0,0	  x0:0x00000000
        9245000	       923	800019fc	017badb3	slt	x27,x23,x23	 x23:0x0000001a x23:0x0000001a x27=0x00000000
        9255000	       924	80001a00	5e2aac93	slti	x25,x21,1506	 x21:0x80009ff7 x25=0x00000001
        9265000	       925	80001a04	01c57933	and	x18,x10,x28	 x10:0x00000a00 x28:0x00000001 x18=0x00000000
        9275000	       926	80001a08	391eee13	ori	x28,x29,913	 x29:0x80009fc4 x28=0x80009fd5
        9285000	       927	80001a0c	015ade33	srl	x28,x21,x21	 x21:0x80009ff7 x21:0x80009ff7 x28=0x00000100
        9295000	       928	80001a10	7bf38237	lui	x4,0x7bf38	  x4=0x7bf38000
        9305000	       929	80001a14	f5c52b17	auipc	x22,0xf5c52	 x22=0x75c53a10
        9315000	       930	80001a18	00000013	addi	x0,x0,0	  x0:0x00000000
        9325000	       931	80001a1c	00dfc863	blt	x31,x13,80001a2c	 x31:0x80008461 x13:0x000000e3
        9335000	       932	00000000	00000013	addi	x0,x0,0	  x0:0x00000000
        9345000	       933	80001a28	00000013	addi	x0,x0,0	  x0:0x00000000
        9355000	       934	80001a2c	05080463	beq	x16,x16,80001a74	 x16:0x000000ec x16:0x000000ec
        9365000	       935	00000000	00000013	addi	x0,x0,0	  x0:0x00000000
        9375000	       936	80001a70	00000013	addi	x0,x0,0	  x0:0x00000000
        9385000	       937	80001a74	011dd5b3	srl	x11,x27,x17	 x27:0x00000000 x17:0x00000000 x11=0x00000000
        9395000	       938	80001a78	005f8433	add	x8,x31,x5	 x31:0x80008461  x5:0x44f35000  x8=0xc4f3d461
        9405000	       939	80001a7c	01920c63	beq	x4,x25,80001a94	  x4:0x7bf38000 x25:0x00000001
        9415000	       940	80001a80	008c6f33	or	x30,x24,x8	 x24:0xffffffa2  x8:0xc4f3d461 x30=0xffffffe3
        9425000	       941	80001a84	20d88513	addi	x10,x17,525	 x17:0x00000000 x10=0x0000020d
        9435000	       942	80001a88	0088ac33	slt	x24,x17,x8	 x17:0x00000000  x8:0xc4f3d461 x24=0x00000000
        9445000	       943	80001a8c	f3dff393	andi	x7,x31,-195	 x31:0x80008461  x7=0x80008421
        9455000	       944	80001a90	00525bb3	srl	x23,x4,x5	  x4:0x7bf38000  x5:0x44f35000 x23=0x7bf38000
        9465000	       945	80001a94	c7158013	addi	x0,x11,-911	 x11:0x00000000
        9475000	       946	80001a98	3a81fa13	andi	x20,x3,936	  x3:0x00000055 x20=0x00000000
        9485000	       947	80001a9c	69b9a713	slti	x14,x19,1691	 x19:0x800082e4 x14=0x00000001
        9495000	       948	80001aa0	407705b3	sub	x11,x14,x7	 x14:0x00000001  x7:0x80008421 x11=0x7fff7be0
        9505000	       949	80001aa4	b0376d13	ori	x26,x14,-1277	 x14:0x00000001 x26=0xfffffb03
        9515000	       950	80001aa8	00775b93	srli	x23,x14,0x7	 x14:0x00000001 x23=0x00000000
        9525000	       951	80001aac	00075833	srl	x16,x14,x0	 x14:0x00000001  x0:0x00000000 x16=0x00000001
        9535000	       952	80001ab0	406c5cb3	sra	x25,x24,x6	 x24:0x00000000  x6:0x60f4e960 x25=0x00000000
        9545000	       953	80001ab4	0162e663	bltu	x5,x22,80001ac0	  x5:0x44f35000 x22:0x75c53a10
        9555000	       954	00000000	00000013	addi	x0,x0,0	  x0:0x00000000
        9565000	       955	80001abc	00000013	addi	x0,x0,0	  x0:0x00000000
        9575000	       956	80001ac0	40a78cb3	sub	x25,x15,x10	 x15:0x64924978 x10:0x0000020d x25=0x6492476b
        9585000	       957	80001ac4	610de513	ori	x10,x27,1552	 x27:0x00000000 x10=0x00000610
        9595000	       958	80001ac8	01659413	slli	x8,x11,0x16	 x11:0x7fff7be0  x8=0xf8000000
        9605000	       959	80001acc	00d554b3	srl	x9,x10,x13	 x10:0x00000610 x13:0x000000e3  x9=0x000000c2
        9615000	       960	80001ad0	40fd0033	sub	x0,x26,x15	 x26:0xfffffb03 x15:0x64924978
        9625000	       961	80001ad4	0142cbb3	xor	x23,x5,x20	  x5:0x44f35000 x20:0x00000000 x23=0x44f35000
        9635000	       962	80001ad8	02fac863	blt	x21,x15,80001b08	 x21:0x80009ff7 x15:0x64924978
        9645000	       963	00000000	00000013	addi	x0,x0,0	  x0:0x00000000
        9655000	       964	80001b04	00000013	addi	x0,x0,0	  x0:0x00000000
        9665000	       965	80001b08	59cff993	andi	x19,x31,1436	 x31:0x80008461 x19=0x00000400
        9675000	       966	80001b0c	416b5cb3	sra	x25,x22,x22	 x22:0x75c53a10 x22:0x75c53a10 x25=0x000075c5
        9685000	       967	80001b10	01ca7433	and	x8,x20,x28	 x20:0x00000000 x28:0x00000100  x8=0x00000000
        9695000	       968	80001b14	a3060a13	addi	x20,x12,-1488	 x12:0x80009f64 x20=0x80009994
        9705000	       969	80001b18	01586bb3	or	x23,x16,x21	 x16:0x00000001 x21:0x80009ff7 x23=0x80009ff7
        9715000	       970	80001b1c	004558b3	srl	x17,x10,x4	 x10:0x00000610  x4:0x7bf38000 x17=0x00000610
        9725000	       971	80001b20	2a68c937	lui	x18,0x2a68c	 x18=0x2a68c000
        9735000	       972	80001b24	00000013	addi	x0,x0,0	  x0:0x00000000
        9745000	       973	80001b28	950eb593	sltiu	x11,x29,-1712	 x29:0x80009fc4 x11=0x00000001
        9755000	       974	80001b2c	2e732b13	slti	x22,x6,743	  x6:0x60f4e960 x22=0x00000000
        9765000	       975	80001b30	d3f1b393	sltiu	x7,x3,-705	  x3:0x00000055  x7=0x00000001
        9775000	       976	80001b34	4125d033	sra	x0,x11,x18	 x11:0x00000001 x18:0x2a68c000
        9785000	       977	80001b38	404d8033	sub	x0,x27,x4	 x27:0x00000000  x4:0x7bf38000
        9795000	       978	80001b3c	4082d333	sra	x6,x5,x8	  x5:0x44f35000  x8:0x00000000  x6=0x44f35000
        9805000	       979	80001b40	615f4593	xori	x11,x30,1557	 x30:0xffffffe3 x11=0xfffff9f6
        9815000	       980	80001b44	40025a33	sra	x20,x4,x0	  x4:0x7bf38000  x0:0x00000000 x20=0x7bf38000
        9825000	       981	80001b48	013e6663	bltu	x28,x19,80001b54	 x28:0x00000100 x19:0x00000400
        9835000	       982	00000000	00000013	addi	x0,x0,0	  x0:0x00000000
        9845000	       983	80001b50	00000013	addi	x0,x0,0	  x0:0x00000000
        9855000	       984	80001b54	2c923c93	sltiu	x25,x4,713	  x4:0x7bf38000 x25=0x00000000
        9865000	       985	80001b58	00676933	or	x18,x14,x6	 x14:0x00000001  x6:0x44f35000 x18=0x44f35001
        9875000	       986	80001b5c	00db5a33	srl	x20,x22,x13	 x22:0x00000000 x13:0x000000e3 x20=0x00000000
        9885000	       987	80001b60	0559f863	bgeu	x19,x21,80001bb0	 x19:0x00000400 x21:0x80009ff7
        9895000	       988	80001b64	03d5de63	bge	x11,x29,80001ba0	 x11:0xfffff9f6 x29:0x80009fc4
        9905000	       989	00000000	00000013	addi	x0,x0,0	  x0:0x00000000
        9915000	       990	80001b9c	00000013	addi	x0,x0,0	  x0:0x00000000
        9925000	       991	80001ba0	df6e7d93	andi	x27,x28,-522	 x28:0x00000100 x27=0x00000100
        9935000	       992	80001ba4	00d3f5b3	and	x11,x7,x13	  x7:0x00000001 x13:0x000000e3 x11=0x00000001
        9945000	       993	80001ba8	019ccf33	xor	x30,x25,x25	 x25:0x00000000 x25:0x00000000 x30=0x00000000
        9955000	       994	80001bac	01419f13	slli	x30,x3,0x14	  x3:0x00000055 x30=0x05500000
        9965000	       995	80001bb0	a736fb13	andi	x22,x13,-1421	 x13:0x000000e3 x22=0x00000063
        9975000	       996	80001bb4	00c69d13	slli	x26,x13,0xc	 x13:0x000000e3 x26=0x000e3000
        9985000	       997	80001bb8	01d61313	slli	x6,x12,0x1d	 x12:0x80009f64  x6=0x80000000
        9995000	       998	80001bbc	410a5733	sra	x14,x20,x16	 x20:0x00000000 x16:0x00000001 x14=0x00000000
       10005000	       999	80001bc0	3f8aa193	slti	x3,x21,1016	 x21:0x80009ff7  x3=0x00000001
       10015000	      1000	80001bc4	296e6717	auipc	x14,0x296e6	 x14=0xa96e7bc0
       10025000	      1001	80001bc8	e493e793	ori	x15,x7,-439	  x7:0x00000001 x15=0xfffffe49
       10035000	      1002	80001bcc	0018c433	xor	x8,x17,x1	 x17:0x00000610  x1:0xfb7eaf84  x8=0xfb7ea994
       10045000	      1003	80001bd0	40a4d933	sra	x18,x9,x10	  x9:0x000000c2 x10:0x00000610 x18=0x00000000
       10055000	      1004	80001bd4	01aba9b3	slt	x19,x23,x26	 x23:0x80009ff7 x26:0x000e3000 x19=0x00000001
       10065000	      1005	80001bd8	6cd04793	xori	x15,x0,1741	  x0:0x00000000 x15=0x000006cd
       10075000	      1006	80001bdc	04931863	bne	x6,x9,80001c2c	  x6:0x80000000  x9:0x000000c2
       10085000	      1007	00000000	00000013	addi	x0,x0,0	  x0:0x00000000
       10095000	      1008	80001c28	00000013	addi	x0,x0,0	  x0:0x00000000
       10105000	      1009	80001c2c	504fbc93	sltiu	x25,x31,1284	 x31:0x80008461 x25=0x00000000
       10115000	      1010	80001c30	2e516993	ori	x19,x2,741	  x2:0x80008bd9 x19=0x80008bfd
       10125000	      1011	80001c34	e897c137	lui	x2,0xe897c	  x2=0xe897c000
       10135000	      1012	80001c38	009e8e63	beq	x29,x9,80001c54	 x29:0x80009fc4  x9:0x000000c2
       10145000	      1013	80001c3c	019db5b3	sltu	x11,x27,x25	 x27:0x00000100 x25:0x00000000 x11=0x00000000
       10155000	      1014	80001c40	40078db3	sub	x27,x15,x0	 x15:0x000006cd  x0:0x00000000 x27=0x000006cd
       10165000	      1015	80001c44	00d85c13	srli	x24,x16,0xd	 x16:0x00000001 x24=0x00000000
       10175000	      1016	80001c48	00b035b3	sltu	x11,x0,x11	  x0:0x00000000 x11:0x00000000 x11=0x00000000
       10185000	      1017	80001c4c	026de063	bltu	x27,x6,80001c6c	 x27:0x000006cd  x6:0x80000000
       10195000	      1018	00000000	00000013	addi	x0,x0,0	  x0:0x00000000
       10205000	      1019	80001c68	00000013	addi	x0,x0,0	  x0:0x00000000
       10215000	      1020	80001c6c	018fbd33	sltu	x26,x31,x24	 x31:0x80008461 x24:0x00000000 x26=0x00000000
       10225000	      1021	80001c70	00000013	addi	x0,x0,0	  x0:0x00000000
       10235000	      1022	80001c74	6f316593	ori	x11,x2,1779	  x2:0xe897c000 x11=0xe897c6f3
       10245000	      1023	80001c78	40ebdb93	srai	x23,x23,0xe	 x23:0x80009ff7 x23=0xfffe0002
       10255000	      1024	80001c7c	021f4863	blt	x30,x1,80001cac	 x30:0x05500000  x1:0xfb7eaf84
       10265000	      1025	80001c80	60242917	auipc	x18,0x60242	 x18=0xe0243c7c
       10275000	      1026	80001c84	00929663	bne	x5,x9,80001c90	  x5:0x44f35000  x9:0x000000c2
       10285000	      1027	00000000	00000013	addi	x0,x0,0	  x0:0x00000000
       10295000	      1028	80001c8c	00000013	addi	x0,x0,0	  x0:0x00000000
       10305000	      1029	80001c90	aab6ce13	xori	x28,x13,-1365	 x13:0x000000e3 x28=0xfffffa48
       10315000	      1030	80001c94	01e20e63	beq	x4,x30,80001cb0	  x4:0x7bf38000 x30:0x05500000
       10325000	      1031	80001c98	01d94a63	blt	x18,x29,80001cac	 x18:0xe0243c7c x29:0x80009fc4
       10335000	      1032	80001c9c	01ac3a33	sltu	x20,x24,x26	 x24:0x00000000 x26:0x00000000 x20=0x00000000
       10345000	      1033	80001ca0	69738b93	addi	x23,x7,1687	  x7:0x00000001 x23=0x00000698
       10355000	      1034	80001ca4	40148733	sub	x14,x9,x1	  x9:0x000000c2  x1:0xfb7eaf84 x14=0x0481513e
       10365000	      1035	80001ca8	40b78f33	sub	x30,x15,x11	 x15:0x000006cd x11:0xe897c6f3 x30=0x17683fda
       10375000	      1036	80001cac	41ab0d33	sub	x26,x22,x26	 x22:0x00000063 x26:0x00000000 x26=0x00000063
       10385000	      1037	80001cb0	0156d913	srli	x18,x13,0x15	 x13:0x000000e3 x18=0x00000000
       10395000	      1038	80001cb4	018f55b3	srl	x11,x30,x24	 x30:0x17683fda x24:0x00000000 x11=0x17683fda
       10405000	      1039	80001cb8	01014e63	blt	x2,x16,80001cd4	  x2:0xe897c000 x16:0x00000001
       10415000	      1040	00000000	00000013	addi	x0,x0,0	  x0:0x00000000
       10425000	      1041	80001cd0	00000013	addi	x0,x0,0	  x0:0x00000000
       10435000	      1042	80001cd4	4126d833	sra	x16,x13,x18	 x13:0x000000e3 x18:0x00000000 x16=0x000000e3
       10445000	      1043	80001cd8	d21bcc13	xori	x24,x23,-735	 x23:0x00000698 x24=0xfffffbb9
       10455000	      1044	80001cdc	01497533	and	x10,x18,x20	 x18:0x00000000 x20:0x00000000 x10=0x00000000
       10465000	      1045	80001ce0	03f8ce63	blt	x17,x31,80001d1c	 x17:0x00000610 x31:0x80008461
       10475000	      1046	80001ce4	010841b3	xor	x3,x16,x16	 x16:0x000000e3 x16:0x000000e3  x3=0x00000000
       10485000	      1047	80001ce8	b0862a93	slti	x21,x12,-1272	 x12:0x80009f64 x21=0x00000001
       10495000	      1048	80001cec	01a5ab33	slt	x22,x11,x26	 x11:0x17683fda x26:0x00000063 x22=0x00000000
       10505000	      1049	80001cf0	031b4663	blt	x22,x17,80001d1c	 x22:0x00000000 x17:0x00000610
       10515000	      1050	00000000	00000013	addi	x0,x0,0	  x0:0x00000000
       10525000	      1051	80001d18	00000013	addi	x0,x0,0	  x0:0x00000000
       10535000	      1052	80001d1c	01911013	slli	x0,x2,0x19	  x2:0xe897c000
       10545000	      1053	80001d20	00462303	lw	x6,4(x12)	 x12:0x80009f64  x6=0x80000514 PA:0x80009f68
       10555000	      1054	80001d24	0cb72893	slti	x17,x14,203	 x14:0x0481513e x17=0x00000000
       10565000	      1055	80001d28	4186d513	srai	x10,x13,0x18	 x13:0x000000e3 x10=0x00000000
       10575000	      1056	80001d2c	419901b3	sub	x3,x18,x25	 x18:0x00000000 x25:0x00000000  x3=0x00000000
       10585000	      1057	80001d30	00e4a133	slt	x2,x9,x14	  x9:0x000000c2 x14:0x0481513e  x2=0x00000001
       10595000	      1058	80001d34	89c6ea13	ori	x20,x13,-1892	 x13:0x000000e3 x20=0xfffff8ff
       10605000	      1059	80001d38	0584a793	slti	x15,x9,88	  x9:0x000000c2 x15=0x00000000
       10615000	      1060	80001d3c	02060613	addi	x12,x12,32	 x12:0x80009f64 x12=0x80009f84
       10625000	      1061	80001d40	0086dc33	srl	x24,x13,x8	 x13:0x000000e3  x8:0xfb7ea994 x24=0x00000000
       10635000	      1062	80001d44	a663e793	ori	x15,x7,-1434	  x7:0x00000001 x15=0xfffffa67
       10645000	      1063	80001d48	089d3293	sltiu	x5,x26,137	 x26:0x00000063  x5=0x00000001
       10655000	      1064	80001d4c	41c90cb3	sub	x25,x18,x28	 x18:0x00000000 x28:0xfffffa48 x25=0x000005b8
       10665000	      1065	80001d50	00130193	addi	x3,x6,1	  x6:0x80000514  x3=0x80000515
       10675000	      1066	80001d54	000181e7	jalr	x3,x3,0	  x3:0x80000515  x3=0x80001d54
       10685000	      1067	00000000	00000013	addi	x0,x0,0	  x0:0x00000000
       10695000	      1068	80000514	00000013	addi	x0,x0,0	  x0:0x00000000
       10705000	      1069	80000518	06f3d863	bge	x7,x15,80000588	  x7:0x00000001 x15:0xfffffa67
       10715000	      1070	00000000	00000013	addi	x0,x0,0	  x0:0x00000000
       10725000	      1071	80000584	00000013	addi	x0,x0,0	  x0:0x00000000
       10735000	      1072	80000588	0021d3b3	srl	x7,x3,x2	  x3:0x80001d54  x2:0x00000001  x7=0x40000eaa
       10745000	      1073	8000058c	41265793	srai	x15,x12,0x12	 x12:0x80009f84 x15=0xffffe000
       10755000	      1074	80000590	01ff8b33	add	x22,x31,x31	 x31:0x80008461 x31:0x80008461 x22=0x000108c2
       10765000	      1075	80000594	ccd32a93	slti	x21,x6,-819	  x6:0x80000514 x21=0x00000001
       10775000	      1076	80000598	0165b233	sltu	x4,x11,x22	 x11:0x17683fda x22:0x000108c2  x4=0x00000000
       10785000	      1077	8000059c	0126de13	srli	x28,x13,0x12	 x13:0x000000e3 x28=0x00000000
       10795000	      1078	800005a0	41bdd813	srai	x16,x27,0x1b	 x27:0x000006cd x16=0x00000000
       10805000	      1079	800005a4	7c4bc913	xori	x18,x23,1988	 x23:0x00000698 x18=0x0000015c
       10815000	      1080	800005a8	00940433	add	x8,x8,x9	  x8:0xfb7ea994  x9:0x000000c2  x8=0xfb7eaa56
       10825000	      1081	800005ac	3872c693	xori	x13,x5,903	  x5:0x00000001 x13=0x00000386
       10835000	      1082	800005b0	00197e63	bgeu	x18,x1,800005cc	 x18:0x0000015c  x1:0xfb7eaf84
       10845000	      1083	800005b4	4130dbb3	sra	x23,x1,x19	  x1:0xfb7eaf84 x19:0x80008bfd x23=0xffffffff
       10855000	      1084	800005b8	d751b317	auipc	x6,0xd751b	  x6=0x5751b5b4
       10865000	      1085	800005bc	01314f33	xor	x30,x2,x19	  x2:0x00000001 x19:0x80008bfd x30=0x80008bfc
       10875000	      1086	800005c0	13c68213	addi	x4,x13,316	 x13:0x00000386  x4=0x000004c2
       10885000	      1087	800005c4	b57bf917	auipc	x18,0xb57bf	 x18=0x357bf5c0
       10895000	      1088	800005c8	009fd713	srli	x14,x31,0x9	 x31:0x80008461 x14=0x00400042
       10905000	      1089	800005cc	d8cca193	slti	x3,x25,-628	 x25:0x000005b8  x3=0x00000000
       10915000	      1090	800005d0	0054ccb3	xor	x25,x9,x5	  x9:0x000000c2  x5:0x00000001 x25=0x000000c3
       10925000	      1091	800005d4	f070b713	sltiu	x14,x1,-249	  x1:0xfb7eaf84 x14=0x00000001
       10935000	      1092	800005d8	0080aa33	slt	x20,x1,x8	  x1:0xfb7eaf84  x8:0xfb7eaa56 x20=0x00000000
       10945000	      1093	800005dc	019fd4b3	srl	x9,x31,x25	 x31:0x80008461 x25:0x000000c3  x9=0x1000108c
       10955000	      1094	800005e0	0183da63	bge	x7,x24,800005f4	  x7:0x40000eaa x24:0x00000000
       10965000	      1095	00000000	00000013	addi	x0,x0,0	  x0:0x00000000
       10975000	      1096	800005f0	00000013	addi	x0,x0,0	  x0:0x00000000
       10985000	      1097	800005f4	05efc863	blt	x31,x30,80000644	 x31:0x80008461 x30:0x80008bfc
       10995000	      1098	00000000	00000013	addi	x0,x0,0	  x0:0x00000000
       11005000	      1099	80000640	00000013	addi	x0,x0,0	  x0:0x00000000
       11015000	      1100	80000644	019d1e13	slli	x28,x26,0x19	 x26:0x00000063 x28=0xc6000000
       11025000	      1101	80000648	92a07693	andi	x13,x0,-1750	  x0:0x00000000 x13=0x00000000
       11035000	      1102	8000064c	013ead33	slt	x26,x29,x19	 x29:0x80009fc4 x19:0x80008bfd x26=0x00000000
       11045000	      1103	80000650	0287c463	blt	x15,x8,80000678	 x15:0xffffe000  x8:0xfb7eaa56
       11055000	      1104	80000654	01f6b5b3	sltu	x11,x13,x31	 x13:0x00000000 x31:0x80008461 x11=0x00000001
       11065000	      1105	80000658	040b8463	beq	x23,x0,800006a0	 x23:0xffffffff  x0:0x00000000
       11075000	      1106	8000065c	d984c793	xori	x15,x9,-616	  x9:0x1000108c x15=0xefffed14
       11085000	      1107	80000660	000d7463	bgeu	x26,x0,80000668	 x26:0x00000000  x0:0x00000000
       11095000	      1108	00000000	00000013	addi	x0,x0,0	  x0:0x00000000
       11105000	      1109	80000664	00000013	addi	x0,x0,0	  x0:0x00000000
       11115000	      1110	80000668	00033f33	sltu	x30,x6,x0	  x6:0x5751b5b4  x0:0x00000000 x30=0x00000000
       11125000	      1111	8000066c	6aa48a93	addi	x21,x9,1706	  x9:0x1000108c x21=0x10001736
       11135000	      1112	80000670	00000013	addi	x0,x0,0	  x0:0x00000000
       11145000	      1113	80000674	ca89ca93	xori	x21,x19,-856	 x19:0x80008bfd x21=0x7fff7755
       11155000	      1114	80000678	00c8c263	blt	x17,x12,8000067c	 x17:0x00000000 x12:0x80009f84
       11165000	      1115	8000067c	014a5c33	srl	x24,x20,x20	 x20:0x00000000 x20:0x00000000 x24=0x00000000
       11175000	      1116	80000680	02130e63	beq	x6,x1,800006bc	  x6:0x5751b5b4  x1:0xfb7eaf84
       11185000	      1117	80000684	0327ea13	ori	x20,x15,50	 x15:0xefffed14 x20=0xefffed36
       11195000	      1118	80000688	21d3cf13	xori	x30,x7,541	  x7:0x40000eaa x30=0x40000cb7
       11205000	      1119	8000068c	30430113	addi	x2,x6,772	  x6:0x5751b5b4  x2=0x5751b8b8
       11215000	      1120	80000690	40a95813	srai	x16,x18,0xa	 x18:0x357bf5c0 x16=0x000d5efd
       11225000	      1121	80000694	01094d33	xor	x26,x18,x16	 x18:0x357bf5c0 x16:0x000d5efd x26=0x3576ab3d
       11235000	      1122	80000698	9d08a793	slti	x15,x17,-1584	 x17:0x00000000 x15=0x00000000
       11245000	      1123	8000069c	00dcb033	sltu	x0,x25,x13	 x25:0x000000c3 x13:0x00000000
       11255000	      1124	800006a0	01a67e63	bgeu	x12,x26,800006bc	 x12:0x80009f84 x26:0x3576ab3d
       11265000	      1125	00000000	00000013	addi	x0,x0,0	  x0:0x00000000
       11275000	      1126	800006b8	00000013	addi	x0,x0,0	  x0:0x00000000
       11285000	      1127	800006bc	01ecf833	and	x16,x25,x30	 x25:0x000000c3 x30:0x40000cb7 x16=0x00000083
       11295000	      1128	800006c0	40bf8733	sub	x14,x31,x11	 x31:0x80008461 x11:0x00000001 x14=0x80008460
       11305000	      1129	800006c4	013a69b3	or	x19,x20,x19	 x20:0xefffed36 x19:0x80008bfd x19=0xefffefff
       11315000	      1130	800006c8	00829a93	slli	x21,x5,0x8	  x5:0x00000001 x21=0x00000100
       11325000	      1131	800006cc	9e77fa13	andi	x20,x15,-1561	 x15:0x00000000 x20=0x00000000
       11335000	      1132	800006d0	407b0033	sub	x0,x22,x7	 x22:0x000108c2  x7:0x40000eaa
       11345000	      1133	800006d4	413107b3	sub	x15,x2,x19	  x2:0x5751b8b8 x19:0xefffefff x15=0x6751c8b9
       11355000	      1134	800006d8	01054863	blt	x10,x16,800006e8	 x10:0x00000000 x16:0x00000083
       11365000	      1135	00000000	00000013	addi	x0,x0,0	  x0:0x00000000
       11375000	      1136	800006e4	00000013	addi	x0,x0,0	  x0:0x00000000
       11385000	      1137	800006e8	00c946b3	xor	x13,x18,x12	 x18:0x357bf5c0 x12:0x80009f84 x13=0xb57b6a44
       11395000	      1138	800006ec	001eca63	blt	x29,x1,80000700	 x29:0x80009fc4  x1:0xfb7eaf84
       11405000	      1139	00000000	00000013	addi	x0,x0,0	  x0:0x00000000
       11415000	      1140	800006fc	00000013	addi	x0,x0,0	  x0:0x00000000
       11425000	      1141	80000700	44b5e793	ori	x15,x11,1099	 x11:0x00000001 x15=0x0000044b
       11435000	      1142	80000704	d52eb793	sltiu	x15,x29,-686	 x29:0x80009fc4 x15=0x00000001
       11445000	      1143	80000708	31582113	slti	x2,x16,789	 x16:0x00000083  x2=0x00000001
       11455000	      1144	8000070c	406a5833	sra	x16,x20,x6	 x20:0x00000000  x6:0x5751b5b4 x16=0x00000000
       11465000	      1145	80000710	01085433	srl	x8,x16,x16	 x16:0x00000000 x16:0x00000000  x8=0x00000000
       11475000	      1146	80000714	c7146e13	ori	x28,x8,-911	  x8:0x00000000 x28=0xfffffc71
       11485000	      1147	80000718	01748663	beq	x9,x23,80000724	  x9:0x1000108c x23:0xffffffff
       11495000	      1148	8000071c	000cdc63	bge	x25,x0,80000734	 x25:0x000000c3  x0:0x00000000
       11505000	      1149	00000000	00000013	addi	x0,x0,0	  x0:0x00000000
       11515000	      1150	80000730	00000013	addi	x0,x0,0	  x0:0x00000000
       11525000	      1151	80000734	00941233	sll	x4,x8,x9	  x8:0x00000000  x9:0x1000108c  x4=0x00000000
       11535000	      1152	80000738	012915b3	sll	x11,x18,x18	 x18:0x357bf5c0 x18:0x357bf5c0 x11=0x357bf5c0
       11545000	      1153	8000073c	00ff7333	and	x6,x30,x15	 x30:0x40000cb7 x15:0x00000001  x6=0x00000001
       11555000	      1154	80000740	40905893	srai	x17,x0,0x9	  x0:0x00000000 x17=0x00000000
       11565000	      1155	80000744	419fdb33	sra	x22,x31,x25	 x31:0x80008461 x25:0x000000c3 x22=0xf000108c
       11575000	      1156	80000748	00b80e63	beq	x16,x11,80000764	 x16:0x00000000 x11:0x357bf5c0
       11585000	      1157	8000074c	03e1fa63	bgeu	x3,x30,80000780	  x3:0x00000000 x30:0x40000cb7
       11595000	      1158	80000750	0d762893	slti	x17,x12,215	 x12:0x80009f84 x17=0x00000001
       11605000	      1159	80000754	e9abea93	ori	x21,x23,-358	 x23:0xffffffff x21=0xffffffff
       11615000	      1160	80000758	257dab93	slti	x23,x27,599	 x27:0x000006cd x23=0x00000000
       11625000	      1161	8000075c	001d3533	sltu	x10,x26,x1	 x26:0x3576ab3d  x1:0xfb7eaf84 x10=0x00000001
       11635000	      1162	80000760	01774663	blt	x14,x23,8000076c	 x14:0x80008460 x23:0x00000000
       11645000	      1163	00000000	00000013	addi	x0,x0,0	  x0:0x00000000
       11655000	      1164	80000768	00000013	addi	x0,x0,0	  x0:0x00000000
       11665000	      1165	8000076c	f5d6b793	sltiu	x15,x13,-163	 x13:0xb57b6a44 x15=0x00000001
       11675000	      1166	80000770	41c3d9b3	sra	x19,x7,x28	  x7:0x40000eaa x28:0xfffffc71 x19=0x00002000
       11685000	      1167	80000774	2c256e13	ori	x28,x10,706	 x10:0x00000001 x28=0x000002c3
       11695000	      1168	80000778	02808463	beq	x1,x8,800007a0	  x1:0xfb7eaf84  x8:0x00000000
       11705000	      1169	8000077c	01568ab3	add	x21,x13,x21	 x13:0xb57b6a44 x21:0xffffffff x21=0xb57b6a43
       11715000	      1170	80000780	050d8063	beq	x27,x16,800007c0	 x27:0x000006cd x16:0x00000000
       11725000	      1171	80000784	00000013	addi	x0,x0,0	  x0:0x00000000
       11735000	      1172	80000788	036e8663	beq	x29,x22,800007b4	 x29:0x80009fc4 x22:0xf000108c
       11745000	      1173	8000078c	48a4fc13	andi	x24,x9,1162	  x9:0x1000108c x24=0x00000088
       11755000	      1174	80000790	001c3533	sltu	x10,x24,x1	 x24:0x00000088  x1:0xfb7eaf84 x10=0x00000001
       11765000	      1175	80000794	9f699b97	auipc	x23,0x9f699	 x23=0x1f699790
       11775000	      1176	80000798	41da5433	sra	x8,x20,x29	 x20:0x00000000 x29:0x80009fc4  x8=0x00000000
       11785000	      1177	8000079c	37086e13	ori	x28,x16,880	 x16:0x00000000 x28=0x00000370
       11795000	      1178	800007a0	e2a4ca13	xori	x20,x9,-470	  x9:0x1000108c x20=0xefffeea6
       11805000	      1179	800007a4	01fbdf13	srli	x30,x23,0x1f	 x23:0x1f699790 x30=0x00000000
       11815000	      1180	800007a8	460c4a13	xori	x20,x24,1120	 x24:0x00000088 x20=0x000004e8
       11825000	      1181	800007ac	91bd4213	xori	x4,x26,-1765	 x26:0x3576ab3d  x4=0xca895226
       11835000	      1182	800007b0	011caab3	slt	x21,x25,x17	 x25:0x000000c3 x17:0x00000001 x21=0x00000000
       11845000	      1183	800007b4	009652b3	srl	x5,x12,x9	 x12:0x80009f84  x9:0x1000108c  x5=0x00080009
       11855000	      1184	800007b8	021cee63	bltu	x25,x1,800007f4	 x25:0x000000c3  x1:0xfb7eaf84
       11865000	      1185	00000000	00000013	addi	x0,x0,0	  x0:0x00000000
       11875000	      1186	800007f0	00000013	addi	x0,x0,0	  x0:0x00000000
       11885000	      1187	800007f4	00658433	add	x8,x11,x6	 x11:0x357bf5c0  x6:0x00000001  x8=0x357bf5c1
       11895000	      1188	800007f8	0130c463	blt	x1,x19,80000800	  x1:0xfb7eaf84 x19:0x00002000
       11905000	      1189	00000000	00000013	addi	x0,x0,0	  x0:0x00000000
       11915000	      1190	800007fc	00000013	addi	x0,x0,0	  x0:0x00000000
       11925000	      1191	80000800	ecc94893	xori	x17,x18,-308	 x18:0x357bf5c0 x17=0xca840b0c
       11935000	      1192	80000804	0aedd063	bge	x27,x14,800008a4	 x27:0x000006cd x14:0x80008460
       11945000	      1193	00000000	00000013	addi	x0,x0,0	  x0:0x00000000
       11955000	      1194	800008a0	00000013	addi	x0,x0,0	  x0:0x00000000
       11965000	      1195	800008a4	6628a413	slti	x8,x17,1634	 x17:0xca840b0c  x8=0x00000001
       11975000	      1196	800008a8	00000097	auipc	x1,0x0	  x1=0x800008a4
       11985000	      1197	800008ac	00c08093	addi	x1,x1,12	  x1:0x800008a4  x1=0x800008b0
       11995000	      1198	800008b0	00008067	jalr	x0,x1,0	  x1:0x800008b0
       12005000	      1199	00000000	00000013	addi	x0,x0,0	  x0:0x00000000
       12015000	      1200	800008b0	00000013	addi	x0,x0,0	  x0:0x00000000
       12025000	      1201	800008b4	00100193	addi	x3,x0,1	  x0:0x00000000  x3=0x00000001
       12035000	      1202	800008b8	00000073	ecall	
       12045000	      1203	800008bc	00000013	addi	x0,x0,0	  x0:0x00000000
