		Time			Cycle	PC		Insn	Decoded instruction	Register and memory contents
          65000	         5	80000004	00000293	addi	x5,x0,0	  x0:0x00000000  x5=0x00000000
          75000	         6	80000008	00000313	addi	x6,x0,0	  x0:0x00000000  x6=0x00000000
          85000	         7	8000000c	00628263	beq	x5,x6,80000010	  x5:0x00000000  x6:0x00000000
          95000	         8	00000000	00000013	addi	x0,x0,0	  x0:0x00000000
         105000	         9	8000000c	00000013	addi	x0,x0,0	  x0:0x00000000
         115000	        10	80000010	00000517	auipc	x10,0x0	 x10=0x8000000c
         125000	        11	80000014	00c50513	addi	x10,x10,12	 x10:0x8000000c x10=0x80000018
         135000	        12	80000018	00050067	jalr	x0,x10,0	 x10:0x80000018
         145000	        13	00000000	00000013	addi	x0,x0,0	  x0:0x00000000
         155000	        14	80000018	00000013	addi	x0,x0,0	  x0:0x00000000
         165000	        15	8000001c	40000eb7	lui	x29,0x40000	 x29=0x40000000
         175000	        16	80000020	100e8e93	addi	x29,x29,256	 x29:0x40000000 x29=0x40000100
         185000	        17	80000024	00000013	addi	x0,x0,0	  x0:0x00000000
         195000	        18	80000028	0000ae17	auipc	x28,0xa	 x28=0x8000a024
         205000	        19	8000002c	fa0e0e13	addi	x28,x28,-96	 x28:0x8000a024 x28=0x80009fc4
         215000	        20	80000030	00003e97	auipc	x29,0x3	 x29=0x8000302c
         225000	        21	80000034	744e8e93	addi	x29,x29,1860	 x29:0x8000302c x29=0x80003770
         235000	        22	80000038	001eee93	ori	x29,x29,1	 x29:0x80003770 x29=0x80003771
         245000	        23	8000003c	00000013	addi	x0,x0,0	  x0:0x00000000
         255000	        24	80000040	00000e97	auipc	x29,0x0	 x29=0x8000003c
         265000	        25	80000044	020e8e93	addi	x29,x29,32	 x29:0x8000003c x29=0x8000005c
         275000	        26	80000048	00000013	addi	x0,x0,0	  x0:0x00000000
         285000	        27	8000004c	00000013	addi	x0,x0,0	  x0:0x00000000
         295000	        28	80000050	00002eb7	lui	x29,0x2	 x29=0x00002000
         305000	        29	80000054	800e8e93	addi	x29,x29,-2048	 x29:0x00002000 x29=0x00001800
         315000	        30	80000058	00000013	addi	x0,x0,0	  x0:0x00000000
         325000	        31	8000005c	00000013	addi	x0,x0,0	  x0:0x00000000
         335000	        32	80000060	00100013	addi	x0,x0,1	  x0:0x00000000
         345000	        33	80000064	00b00093	addi	x1,x0,11	  x0:0x00000000  x1=0x0000000b
         355000	        34	80000068	00000113	addi	x2,x0,0	  x0:0x00000000  x2=0x00000000
         365000	        35	8000006c	00000193	addi	x3,x0,0	  x0:0x00000000  x3=0x00000000
         375000	        36	80000070	23592237	lui	x4,0x23592	  x4=0x23592000
         385000	        37	80000074	49a20213	addi	x4,x4,1178	  x4:0x23592000  x4=0x2359249a
         395000	        38	80000078	f7ce22b7	lui	x5,0xf7ce2	  x5=0xf7ce2000
         405000	        39	8000007c	81f28293	addi	x5,x5,-2017	  x5:0xf7ce2000  x5=0xf7ce181f
         415000	        40	80000080	00b00313	addi	x6,x0,11	  x0:0x00000000  x6=0x0000000b
         425000	        41	80000084	80000437	lui	x8,0x80000	  x8=0x80000000
         435000	        42	80000088	0d5f34b7	lui	x9,0xd5f3	  x9=0x0d5f3000
         445000	        43	8000008c	cee48493	addi	x9,x9,-786	  x9:0x0d5f3000  x9=0x0d5f2cee
         455000	        44	80000090	7a9f7537	lui	x10,0x7a9f7	 x10=0x7a9f7000
         465000	        45	80000094	56f50513	addi	x10,x10,1391	 x10:0x7a9f7000 x10=0x7a9f756f
         475000	        46	80000098	800005b7	lui	x11,0x80000	 x11=0x80000000
         485000	        47	8000009c	00b00613	addi	x12,x0,11	  x0:0x00000000 x12=0x0000000b
         495000	        48	800000a0	2ca856b7	lui	x13,0x2ca85	 x13=0x2ca85000
         505000	        49	800000a4	88268693	addi	x13,x13,-1918	 x13:0x2ca85000 x13=0x2ca84882
         515000	        50	800000a8	89485737	lui	x14,0x89485	 x14=0x89485000
         525000	        51	800000ac	6a370713	addi	x14,x14,1699	 x14:0x89485000 x14=0x894856a3
         535000	        52	800000b0	f760b7b7	lui	x15,0xf760b	 x15=0xf760b000
         545000	        53	800000b4	33278793	addi	x15,x15,818	 x15:0xf760b000 x15=0xf760b332
         555000	        54	800000b8	00000813	addi	x16,x0,0	  x0:0x00000000 x16=0x00000000
         565000	        55	800000bc	00000893	addi	x17,x0,0	  x0:0x00000000 x17=0x00000000
         575000	        56	800000c0	00000913	addi	x18,x0,0	  x0:0x00000000 x18=0x00000000
         585000	        57	800000c4	fdb5d9b7	lui	x19,0xfdb5d	 x19=0xfdb5d000
         595000	        58	800000c8	3df98993	addi	x19,x19,991	 x19:0xfdb5d000 x19=0xfdb5d3df
         605000	        59	800000cc	80000a37	lui	x20,0x80000	 x20=0x80000000
         615000	        60	800000d0	9fd5cab7	lui	x21,0x9fd5c	 x21=0x9fd5c000
         625000	        61	800000d4	5b0a8a93	addi	x21,x21,1456	 x21:0x9fd5c000 x21=0x9fd5c5b0
         635000	        62	800000d8	98175b37	lui	x22,0x98175	 x22=0x98175000
         645000	        63	800000dc	5fcb0b13	addi	x22,x22,1532	 x22:0x98175000 x22=0x981755fc
         655000	        64	800000e0	00000b93	addi	x23,x0,0	  x0:0x00000000 x23=0x00000000
         665000	        65	800000e4	80000c37	lui	x24,0x80000	 x24=0x80000000
         675000	        66	800000e8	24c03cb7	lui	x25,0x24c03	 x25=0x24c03000
         685000	        67	800000ec	5c8c8c93	addi	x25,x25,1480	 x25:0x24c03000 x25=0x24c035c8
         695000	        68	800000f0	1bf54d37	lui	x26,0x1bf54	 x26=0x1bf54000
         705000	        69	800000f4	215d0d13	addi	x26,x26,533	 x26:0x1bf54000 x26=0x1bf54215
         715000	        70	800000f8	0e70cdb7	lui	x27,0xe70c	 x27=0x0e70c000
         725000	        71	800000fc	bd8d8d93	addi	x27,x27,-1064	 x27:0x0e70c000 x27=0x0e70bbd8
         735000	        72	80000100	80000eb7	lui	x29,0x80000	 x29=0x80000000
         745000	        73	80000104	e61e0f37	lui	x30,0xe61e0	 x30=0xe61e0000
         755000	        74	80000108	b82f0f13	addi	x30,x30,-1150	 x30:0xe61e0000 x30=0xe61dfb82
         765000	        75	8000010c	00000f93	addi	x31,x0,0	  x0:0x00000000 x31=0x00000000
         775000	        76	80000110	0000a397	auipc	x7,0xa	  x7=0x8000a10c
         785000	        77	80000114	e7838393	addi	x7,x7,-392	  x7:0x8000a10c  x7=0x80009f84
         795000	        78	80000118	0096c4b3	xor	x9,x13,x9	 x13:0x2ca84882  x9:0x0d5f2cee  x9=0x21f7646c
         805000	        79	8000011c	01e1dd13	srli	x26,x3,0x1e	  x3:0x00000000 x26=0x00000000
         815000	        80	80000120	00000297	auipc	x5,0x0	  x5=0x8000011c
         825000	        81	80000124	38c28293	addi	x5,x5,908	  x5:0x8000011c  x5=0x800004a8
         835000	        82	80000128	006abab3	sltu	x21,x21,x6	 x21:0x9fd5c5b0  x6:0x0000000b x21=0x00000000
         845000	        83	8000012c	82e5fc93	andi	x25,x11,-2002	 x11:0x80000000 x25=0x80000000
         855000	        84	80000130	00278d33	add	x26,x15,x2	 x15:0xf760b332  x2:0x00000000 x26=0xf760b332
         865000	        85	80000134	20428293	addi	x5,x5,516	  x5:0x800004a8  x5=0x800006ac
         875000	        86	80000138	007556b3	srl	x13,x10,x7	 x10:0x7a9f756f  x7:0x80009f84 x13=0x07a9f756
         885000	        87	8000013c	005ff133	and	x2,x31,x5	 x31:0x00000000  x5:0x800006ac  x2=0x00000000
         895000	        88	80000140	00f2f463	bgeu	x5,x15,80000148	  x5:0x800006ac x15:0xf760b332
         905000	        89	80000144	019336b3	sltu	x13,x6,x25	  x6:0x0000000b x25:0x80000000 x13=0x00000001
         915000	        90	80000148	dfd280e7	jalr	x1,x5,-515	  x5:0x800006ac  x1=0x80000148
         925000	        91	00000000	00000013	addi	x0,x0,0	  x0:0x00000000
         935000	        92	800004a8	00000013	addi	x0,x0,0	  x0:0x00000000
         945000	        93	800004ac	00046463	bltu	x8,x0,800004b4	  x8:0x80000000  x0:0x00000000
         955000	        94	800004b0	00f88133	add	x2,x17,x15	 x17:0x00000000 x15:0xf760b332  x2=0xf760b332
         965000	        95	800004b4	fec38393	addi	x7,x7,-20	  x7:0x80009f84  x7=0x80009f70
         975000	        96	800004b8	008ed7b3	srl	x15,x29,x8	 x29:0x80000000  x8:0x80000000 x15=0x80000000
         985000	        97	800004bc	0013a223	sw	x1,4(x7)	  x7:0x80009f70  x1:0x80000148 PA:0x80009f74
         995000	        98	800004c0	00e08ab3	add	x21,x1,x14	  x1:0x80000148 x14:0x894856a3 x21=0x094857eb
        1005000	        99	800004c4	ffc00c13	addi	x24,x0,-4	  x0:0x00000000 x24=0xfffffffc
        1015000	       100	800004c8	00c97733	and	x14,x18,x12	 x18:0x00000000 x12:0x0000000b x14=0x00000000
        1025000	       101	800004cc	e58a9937	lui	x18,0xe58a9	 x18=0xe58a9000
        1035000	       102	800004d0	00e60633	add	x12,x12,x14	 x12:0x0000000b x14:0x00000000 x12=0x0000000b
        1045000	       103	800004d4	01d2d913	srli	x18,x5,0x1d	  x5:0x800006ac x18=0x00000004
        1055000	       104	800004d8	0127b7b3	sltu	x15,x15,x18	 x15:0x80000000 x18:0x00000004 x15=0x00000000
        1065000	       105	800004dc	b415ce93	xori	x29,x11,-1215	 x11:0x80000000 x29=0x7ffffb41
        1075000	       106	800004e0	fec00f93	addi	x31,x0,-20	  x0:0x00000000 x31=0xffffffec
        1085000	       107	800004e4	41ca8333	sub	x6,x21,x28	 x21:0x094857eb x28:0x80009fc4  x6=0x8947b827
        1095000	       108	800004e8	00ccd7b3	srl	x15,x25,x12	 x25:0x80000000 x12:0x0000000b x15=0x00100000
        1105000	       109	800004ec	25a3aa93	slti	x21,x7,602	  x7:0x80009f70 x21=0x00000001
        1115000	       110	800004f0	384fe613	ori	x12,x31,900	 x31:0xffffffec x12=0xffffffec
        1125000	       111	800004f4	8d515b97	auipc	x23,0x8d515	 x23=0x0d5154f0
        1135000	       112	800004f8	01849293	slli	x5,x9,0x18	  x9:0x21f7646c  x5=0x6c000000
        1145000	       113	800004fc	1617c413	xori	x8,x15,353	 x15:0x00100000  x8=0x00100161
        1155000	       114	80000500	00c76eb3	or	x29,x14,x12	 x14:0x00000000 x12:0xffffffec x29=0xffffffec
        1165000	       115	80000504	b54b2313	slti	x6,x22,-1196	 x22:0x981755fc  x6=0x00000001
        1175000	       116	80000508	010832b3	sltu	x5,x16,x16	 x16:0x00000000 x16:0x00000000  x5=0x00000000
        1185000	       117	8000050c	ff8c0c13	addi	x24,x24,-8	 x24:0xfffffffc x24=0xfffffff4
        1195000	       118	80000510	40155093	srai	x1,x10,0x1	 x10:0x7a9f756f  x1=0x3d4fbab7
        1205000	       119	80000514	fffc06e3	beq	x24,x31,80000500	 x24:0xfffffff4 x31:0xffffffec
        1215000	       120	80000518	00279813	slli	x16,x15,0x2	 x15:0x00100000 x16=0x00400000
        1225000	       121	8000051c	00800b13	addi	x22,x0,8	  x0:0x00000000 x22=0x00000008
        1235000	       122	80000520	00800413	addi	x8,x0,8	  x0:0x00000000  x8=0x00000008
        1245000	       123	80000524	2cce8c93	addi	x25,x29,716	 x29:0xffffffec x25=0x000002b8
        1255000	       124	80000528	ff9b0b13	addi	x22,x22,-7	 x22:0x00000008 x22=0x00000001
        1265000	       125	8000052c	00900193	addi	x3,x0,9	  x0:0x00000000  x3=0x00000009
        1275000	       126	80000530	011e9133	sll	x2,x29,x17	 x29:0xffffffec x17:0x00000000  x2=0xffffffec
        1285000	       127	80000534	00800493	addi	x9,x0,8	  x0:0x00000000  x9=0x00000008
        1295000	       128	80000538	48c63213	sltiu	x4,x12,1164	 x12:0xffffffec  x4=0x00000000
        1305000	       129	8000053c	ffa18193	addi	x3,x3,-6	  x3:0x00000009  x3=0x00000003
        1315000	       130	80000540	fe91fce3	bgeu	x3,x9,80000538	  x3:0x00000003  x9:0x00000008
        1325000	       131	80000544	fe8b70e3	bgeu	x22,x8,80000524	 x22:0x00000001  x8:0x00000008
        1335000	       132	80000548	5227ceb7	lui	x29,0x5227c	 x29=0x5227c000
        1345000	       133	8000054c	ff700693	addi	x13,x0,-9	  x0:0x00000000 x13=0xfffffff7
        1355000	       134	80000550	0023edb3	or	x27,x7,x2	  x7:0x80009f70  x2:0xffffffec x27=0xfffffffc
        1365000	       135	80000554	008c9793	slli	x15,x25,0x8	 x25:0x000002b8 x15=0x0002b800
        1375000	       136	80000558	01400993	addi	x19,x0,20	  x0:0x00000000 x19=0x00000014
        1385000	       137	8000055c	a25fdd97	auipc	x27,0xa25fd	 x27=0x225fd558
        1395000	       138	80000560	00f7c733	xor	x14,x15,x15	 x15:0x0002b800 x15:0x0002b800 x14=0x00000000
        1405000	       139	80000564	00168693	addi	x13,x13,1	 x13:0xfffffff7 x13=0xfffffff8
        1415000	       140	80000568	01014cb3	xor	x25,x2,x16	  x2:0xffffffec x16:0x00400000 x25=0xffbfffec
        1425000	       141	8000056c	ff3688e3	beq	x13,x19,8000055c	 x13:0xfffffff8 x19:0x00000014
        1435000	       142	80000570	01c6d2b3	srl	x5,x13,x28	 x13:0xfffffff8 x28:0x80009fc4  x5=0x0fffffff
        1445000	       143	80000574	ff600313	addi	x6,x0,-10	  x0:0x00000000  x6=0xfffffff6
        1455000	       144	80000578	00800b93	addi	x23,x0,8	  x0:0x00000000 x23=0x00000008
        1465000	       145	8000057c	008c7eb3	and	x29,x24,x8	 x24:0xfffffff4  x8:0x00000008 x29=0x00000000
        1475000	       146	80000580	00e071b3	and	x3,x0,x14	  x0:0x00000000 x14:0x00000000  x3=0x00000000
        1485000	       147	80000584	014040b3	xor	x1,x0,x20	  x0:0x00000000 x20:0x80000000  x1=0x80000000
        1495000	       148	80000588	45bbed97	auipc	x27,0x45bbe	 x27=0xc5bbe584
        1505000	       149	8000058c	00630313	addi	x6,x6,6	  x6:0xfffffff6  x6=0xfffffffc
        1515000	       150	80000590	00900f13	addi	x30,x0,9	  x0:0x00000000 x30=0x00000009
        1525000	       151	80000594	41be81b3	sub	x3,x29,x27	 x29:0x00000000 x27:0xc5bbe584  x3=0x3a441a7c
        1535000	       152	80000598	152b7d13	andi	x26,x22,338	 x22:0x00000001 x26=0x00000000
        1545000	       153	8000059c	00bbd033	srl	x0,x23,x11	 x23:0x00000008 x11:0x80000000
        1555000	       154	800005a0	ff800c13	addi	x24,x0,-8	  x0:0x00000000 x24=0xfffffff8
        1565000	       155	800005a4	01a7f933	and	x18,x15,x26	 x15:0x0002b800 x26:0x00000000 x18=0x00000000
        1575000	       156	800005a8	005188b3	add	x17,x3,x5	  x3:0x3a441a7c  x5:0x0fffffff x17=0x4a441a7b
        1585000	       157	800005ac	ffcf0f13	addi	x30,x30,-4	 x30:0x00000009 x30=0x00000005
        1595000	       158	800005b0	ff8f5ae3	bge	x30,x24,800005a4	 x30:0x00000005 x24:0xfffffff8
        1605000	       159	00000000	00000013	addi	x0,x0,0	  x0:0x00000000
        1615000	       160	800005a0	00000013	addi	x0,x0,0	  x0:0x00000000
        1625000	       161	800005a4	01a7f933	and	x18,x15,x26	 x15:0x0002b800 x26:0x00000000 x18=0x00000000
        1635000	       162	800005a8	005188b3	add	x17,x3,x5	  x3:0x3a441a7c  x5:0x0fffffff x17=0x4a441a7b
        1645000	       163	800005ac	ffcf0f13	addi	x30,x30,-4	 x30:0x00000005 x30=0x00000001
        1655000	       164	800005b0	ff8f5ae3	bge	x30,x24,800005a4	 x30:0x00000001 x24:0xfffffff8
        1665000	       165	00000000	00000013	addi	x0,x0,0	  x0:0x00000000
        1675000	       166	800005a0	00000013	addi	x0,x0,0	  x0:0x00000000
        1685000	       167	800005a4	01a7f933	and	x18,x15,x26	 x15:0x0002b800 x26:0x00000000 x18=0x00000000
        1695000	       168	800005a8	005188b3	add	x17,x3,x5	  x3:0x3a441a7c  x5:0x0fffffff x17=0x4a441a7b
        1705000	       169	800005ac	ffcf0f13	addi	x30,x30,-4	 x30:0x00000001 x30=0xfffffffd
        1715000	       170	800005b0	ff8f5ae3	bge	x30,x24,800005a4	 x30:0xfffffffd x24:0xfffffff8
        1725000	       171	00000000	00000013	addi	x0,x0,0	  x0:0x00000000
        1735000	       172	800005a0	00000013	addi	x0,x0,0	  x0:0x00000000
        1745000	       173	800005a4	01a7f933	and	x18,x15,x26	 x15:0x0002b800 x26:0x00000000 x18=0x00000000
        1755000	       174	800005a8	005188b3	add	x17,x3,x5	  x3:0x3a441a7c  x5:0x0fffffff x17=0x4a441a7b
        1765000	       175	800005ac	ffcf0f13	addi	x30,x30,-4	 x30:0xfffffffd x30=0xfffffff9
        1775000	       176	800005b0	ff8f5ae3	bge	x30,x24,800005a4	 x30:0xfffffff9 x24:0xfffffff8
        1785000	       177	00000000	00000013	addi	x0,x0,0	  x0:0x00000000
        1795000	       178	800005a0	00000013	addi	x0,x0,0	  x0:0x00000000
        1805000	       179	800005a4	01a7f933	and	x18,x15,x26	 x15:0x0002b800 x26:0x00000000 x18=0x00000000
        1815000	       180	800005a8	005188b3	add	x17,x3,x5	  x3:0x3a441a7c  x5:0x0fffffff x17=0x4a441a7b
        1825000	       181	800005ac	ffcf0f13	addi	x30,x30,-4	 x30:0xfffffff9 x30=0xfffffff5
        1835000	       182	800005b0	ff8f5ae3	bge	x30,x24,800005a4	 x30:0xfffffff5 x24:0xfffffff8
        1845000	       183	800005b4	91066d13	ori	x26,x12,-1776	 x12:0xffffffec x26=0xfffffffc
        1855000	       184	800005b8	fd7306e3	beq	x6,x23,80000584	  x6:0xfffffffc x23:0x00000008
        1865000	       185	800005bc	00bee233	or	x4,x29,x11	 x29:0x00000000 x11:0x80000000  x4=0x80000000
        1875000	       186	800005c0	00200d13	addi	x26,x0,2	  x0:0x00000000 x26=0x00000002
        1885000	       187	800005c4	00a00893	addi	x17,x0,10	  x0:0x00000000 x17=0x0000000a
        1895000	       188	800005c8	01c82ab3	slt	x21,x16,x28	 x16:0x00400000 x28:0x80009fc4 x21=0x00000000
        1905000	       189	800005cc	bb6cf413	andi	x8,x25,-1098	 x25:0xffbfffec  x8=0xffbffba4
        1915000	       190	800005d0	008d0d13	addi	x26,x26,8	 x26:0x00000002 x26=0x0000000a
        1925000	       191	800005d4	014a1f93	slli	x31,x20,0x14	 x20:0x80000000 x31=0x00000000
        1935000	       192	800005d8	00a00293	addi	x5,x0,10	  x0:0x00000000  x5=0x0000000a
        1945000	       193	800005dc	00f00313	addi	x6,x0,15	  x0:0x00000000  x6=0x0000000f
        1955000	       194	800005e0	f441b693	sltiu	x13,x3,-188	  x3:0x3a441a7c x13=0x00000001
        1965000	       195	800005e4	65072793	slti	x15,x14,1616	 x14:0x00000000 x15=0x00000001
        1975000	       196	800005e8	00428293	addi	x5,x5,4	  x5:0x0000000a  x5=0x0000000e
        1985000	       197	800005ec	016d4633	xor	x12,x26,x22	 x26:0x0000000a x22:0x00000001 x12=0x0000000b
        1995000	       198	800005f0	fe62cae3	blt	x5,x6,800005e4	  x5:0x0000000e  x6:0x0000000f
        2005000	       199	00000000	00000013	addi	x0,x0,0	  x0:0x00000000
        2015000	       200	800005e0	00000013	addi	x0,x0,0	  x0:0x00000000
        2025000	       201	800005e4	65072793	slti	x15,x14,1616	 x14:0x00000000 x15=0x00000001
        2035000	       202	800005e8	00428293	addi	x5,x5,4	  x5:0x0000000e  x5=0x00000012
        2045000	       203	800005ec	016d4633	xor	x12,x26,x22	 x26:0x0000000a x22:0x00000001 x12=0x0000000b
        2055000	       204	800005f0	fe62cae3	blt	x5,x6,800005e4	  x5:0x00000012  x6:0x0000000f
        2065000	       205	800005f4	fd1d0ae3	beq	x26,x17,800005c8	 x26:0x0000000a x17:0x0000000a
        2075000	       206	00000000	00000013	addi	x0,x0,0	  x0:0x00000000
        2085000	       207	800005c4	00000013	addi	x0,x0,0	  x0:0x00000000
        2095000	       208	800005c8	01c82ab3	slt	x21,x16,x28	 x16:0x00400000 x28:0x80009fc4 x21=0x00000000
        2105000	       209	800005cc	bb6cf413	andi	x8,x25,-1098	 x25:0xffbfffec  x8=0xffbffba4
        2115000	       210	800005d0	008d0d13	addi	x26,x26,8	 x26:0x0000000a x26=0x00000012
        2125000	       211	800005d4	014a1f93	slli	x31,x20,0x14	 x20:0x80000000 x31=0x00000000
        2135000	       212	800005d8	00a00293	addi	x5,x0,10	  x0:0x00000000  x5=0x0000000a
        2145000	       213	800005dc	00f00313	addi	x6,x0,15	  x0:0x00000000  x6=0x0000000f
        2155000	       214	800005e0	f441b693	sltiu	x13,x3,-188	  x3:0x3a441a7c x13=0x00000001
        2165000	       215	800005e4	65072793	slti	x15,x14,1616	 x14:0x00000000 x15=0x00000001
        2175000	       216	800005e8	00428293	addi	x5,x5,4	  x5:0x0000000a  x5=0x0000000e
        2185000	       217	800005ec	016d4633	xor	x12,x26,x22	 x26:0x00000012 x22:0x00000001 x12=0x00000013
        2195000	       218	800005f0	fe62cae3	blt	x5,x6,800005e4	  x5:0x0000000e  x6:0x0000000f
        2205000	       219	00000000	00000013	addi	x0,x0,0	  x0:0x00000000
        2215000	       220	800005e0	00000013	addi	x0,x0,0	  x0:0x00000000
        2225000	       221	800005e4	65072793	slti	x15,x14,1616	 x14:0x00000000 x15=0x00000001
        2235000	       222	800005e8	00428293	addi	x5,x5,4	  x5:0x0000000e  x5=0x00000012
        2245000	       223	800005ec	016d4633	xor	x12,x26,x22	 x26:0x00000012 x22:0x00000001 x12=0x00000013
        2255000	       224	800005f0	fe62cae3	blt	x5,x6,800005e4	  x5:0x00000012  x6:0x0000000f
        2265000	       225	800005f4	fd1d0ae3	beq	x26,x17,800005c8	 x26:0x00000012 x17:0x0000000a
        2275000	       226	800005f8	00d67b33	and	x22,x12,x13	 x12:0x00000013 x13:0x00000001 x22=0x00000001
        2285000	       227	800005fc	ffd00993	addi	x19,x0,-3	  x0:0x00000000 x19=0xfffffffd
        2295000	       228	80000600	011e6333	or	x6,x28,x17	 x28:0x80009fc4 x17:0x0000000a  x6=0x80009fce
        2305000	       229	80000604	00300f13	addi	x30,x0,3	  x0:0x00000000 x30=0x00000003
        2315000	       230	80000608	01891693	slli	x13,x18,0x18	 x18:0x00000000 x13=0x00000000
        2325000	       231	8000060c	0135a8b3	slt	x17,x11,x19	 x11:0x80000000 x19:0xfffffffd x17=0x00000001
        2335000	       232	80000610	00998993	addi	x19,x19,9	 x19:0xfffffffd x19=0x00000006
        2345000	       233	80000614	01802233	slt	x4,x0,x24	  x0:0x00000000 x24:0xfffffff8  x4=0x00000000
        2355000	       234	80000618	aba74593	xori	x11,x14,-1350	 x14:0x00000000 x11=0xfffffaba
        2365000	       235	8000061c	00500913	addi	x18,x0,5	  x0:0x00000000 x18=0x00000005
        2375000	       236	80000620	01aad7b3	srl	x15,x21,x26	 x21:0x00000000 x26:0x00000012 x15=0x00000000
        2385000	       237	80000624	00590bb3	add	x23,x18,x5	 x18:0x00000005  x5:0x00000012 x23=0x00000017
        2395000	       238	80000628	00d00713	addi	x14,x0,13	  x0:0x00000000 x14=0x0000000d
        2405000	       239	8000062c	01b35b93	srli	x23,x6,0x1b	  x6:0x80009fce x23=0x00000010
        2415000	       240	80000630	00cdbb33	sltu	x22,x27,x12	 x27:0xc5bbe584 x12:0x00000013 x22=0x00000000
        2425000	       241	80000634	6b77b493	sltiu	x9,x15,1719	 x15:0x00000000  x9=0x00000001
        2435000	       242	80000638	00a90913	addi	x18,x18,10	 x18:0x00000005 x18=0x0000000f
        2445000	       243	8000063c	01ff8833	add	x16,x31,x31	 x31:0x00000000 x31:0x00000000 x16=0x00000000
        2455000	       244	80000640	4134d033	sra	x0,x9,x19	  x9:0x00000001 x19:0x00000006
        2465000	       245	80000644	fee946e3	blt	x18,x14,80000630	 x18:0x0000000f x14:0x0000000d
        2475000	       246	80000648	86036b93	ori	x23,x6,-1952	  x6:0x80009fce x23=0xffffffee
        2485000	       247	8000064c	003bd013	srli	x0,x23,0x3	 x23:0xffffffee
        2495000	       248	80000650	e2edcb13	xori	x22,x27,-466	 x27:0xc5bbe584 x22=0x3a441baa
        2505000	       249	80000654	008386b3	add	x13,x7,x8	  x7:0x80009f70  x8:0xffbffba4 x13=0x7fc09b14
        2515000	       250	80000658	01e494b3	sll	x9,x9,x30	  x9:0x00000001 x30:0x00000003  x9=0x00000008
        2525000	       251	8000065c	01fa15b3	sll	x11,x20,x31	 x20:0x80000000 x31:0x00000000 x11=0x80000000
        2535000	       252	80000660	01d0f833	and	x16,x1,x29	  x1:0x80000000 x29:0x00000000 x16=0x00000000
        2545000	       253	80000664	019a56b3	srl	x13,x20,x25	 x20:0x80000000 x25:0xffbfffec x13=0x00080000
        2555000	       254	80000668	e98c3613	sltiu	x12,x24,-360	 x24:0xfffffff8 x12=0x00000000
        2565000	       255	8000066c	fbe9c0e3	blt	x19,x30,8000060c	 x19:0x00000006 x30:0x00000003
        2575000	       256	80000670	01c69193	slli	x3,x13,0x1c	 x13:0x00080000  x3=0x00000000
        2585000	       257	80000674	00800113	addi	x2,x0,8	  x0:0x00000000  x2=0x00000008
        2595000	       258	80000678	41460833	sub	x16,x12,x20	 x12:0x00000000 x20:0x80000000 x16=0x80000000
        2605000	       259	8000067c	010d4633	xor	x12,x26,x16	 x26:0x00000012 x16:0x80000000 x12=0x80000012
        2615000	       260	80000680	00e30ab3	add	x21,x6,x14	  x6:0x80009fce x14:0x0000000d x21=0x80009fdb
        2625000	       261	80000684	01d1d7b3	srl	x15,x3,x29	  x3:0x00000000 x29:0x00000000 x15=0x00000000
        2635000	       262	80000688	ffc00413	addi	x8,x0,-4	  x0:0x00000000  x8=0xfffffffc
        2645000	       263	8000068c	0007fbb3	and	x23,x15,x0	 x15:0x00000000  x0:0x00000000 x23=0x00000000
        2655000	       264	80000690	006cda33	srl	x20,x25,x6	 x25:0xffbfffec  x6:0x80009fce x20=0x0003feff
        2665000	       265	80000694	16fce613	ori	x12,x25,367	 x25:0xffbfffec x12=0xffbfffef
        2675000	       266	80000698	0103cfb3	xor	x31,x7,x16	  x7:0x80009f70 x16:0x80000000 x31=0x00009f70
        2685000	       267	8000069c	008eaab3	slt	x21,x29,x8	 x29:0x00000000  x8:0xfffffffc x21=0x00000000
        2695000	       268	800006a0	ff610113	addi	x2,x2,-10	  x2:0x00000008  x2=0xfffffffe
        2705000	       269	800006a4	5702cf93	xori	x31,x5,1392	  x5:0x00000012 x31=0x00000562
        2715000	       270	800006a8	ffd00093	addi	x1,x0,-3	  x0:0x00000000  x1=0xfffffffd
        2725000	       271	800006ac	00300c13	addi	x24,x0,3	  x0:0x00000000 x24=0x00000003
        2735000	       272	800006b0	01228633	add	x12,x5,x18	  x5:0x00000012 x18:0x0000000f x12=0x00000021
        2745000	       273	800006b4	40be0633	sub	x12,x28,x11	 x28:0x80009fc4 x11:0x80000000 x12=0x00009fc4
        2755000	       274	800006b8	7d2ef693	andi	x13,x29,2002	 x29:0x00000000 x13=0x00000000
        2765000	       275	800006bc	00208093	addi	x1,x1,2	  x1:0xfffffffd  x1=0xffffffff
        2775000	       276	800006c0	39028913	addi	x18,x5,912	  x5:0x00000012 x18=0x000003a2
        2785000	       277	800006c4	ff8088e3	beq	x1,x24,800006b4	  x1:0xffffffff x24:0x00000003
        2795000	       278	800006c8	0286ca17	auipc	x20,0x286c	 x20=0x8286c6c4
        2805000	       279	800006cc	fc8154e3	bge	x2,x8,80000694	  x2:0xfffffffe  x8:0xfffffffc
        2815000	       280	00000000	00000013	addi	x0,x0,0	  x0:0x00000000
        2825000	       281	80000690	00000013	addi	x0,x0,0	  x0:0x00000000
        2835000	       282	80000694	16fce613	ori	x12,x25,367	 x25:0xffbfffec x12=0xffbfffef
        2845000	       283	80000698	0103cfb3	xor	x31,x7,x16	  x7:0x80009f70 x16:0x80000000 x31=0x00009f70
        2855000	       284	8000069c	008eaab3	slt	x21,x29,x8	 x29:0x00000000  x8:0xfffffffc x21=0x00000000
        2865000	       285	800006a0	ff610113	addi	x2,x2,-10	  x2:0xfffffffe  x2=0xfffffff4
        2875000	       286	800006a4	5702cf93	xori	x31,x5,1392	  x5:0x00000012 x31=0x00000562
        2885000	       287	800006a8	ffd00093	addi	x1,x0,-3	  x0:0x00000000  x1=0xfffffffd
        2895000	       288	800006ac	00300c13	addi	x24,x0,3	  x0:0x00000000 x24=0x00000003
        2905000	       289	800006b0	01228633	add	x12,x5,x18	  x5:0x00000012 x18:0x000003a2 x12=0x000003b4
        2915000	       290	800006b4	40be0633	sub	x12,x28,x11	 x28:0x80009fc4 x11:0x80000000 x12=0x00009fc4
        2925000	       291	800006b8	7d2ef693	andi	x13,x29,2002	 x29:0x00000000 x13=0x00000000
        2935000	       292	800006bc	00208093	addi	x1,x1,2	  x1:0xfffffffd  x1=0xffffffff
        2945000	       293	800006c0	39028913	addi	x18,x5,912	  x5:0x00000012 x18=0x000003a2
        2955000	       294	800006c4	ff8088e3	beq	x1,x24,800006b4	  x1:0xffffffff x24:0x00000003
        2965000	       295	800006c8	0286ca17	auipc	x20,0x286c	 x20=0x8286c6c4
        2975000	       296	800006cc	fc8154e3	bge	x2,x8,80000694	  x2:0xfffffff4  x8:0xfffffffc
        2985000	       297	800006d0	41e9d033	sra	x0,x19,x30	 x19:0x00000006 x30:0x00000003
        2995000	       298	800006d4	00900f93	addi	x31,x0,9	  x0:0x00000000 x31=0x00000009
        3005000	       299	800006d8	a2328193	addi	x3,x5,-1501	  x5:0x00000012  x3=0xfffffa35
        3015000	       300	800006dc	e8ec8593	addi	x11,x25,-370	 x25:0xffbfffec x11=0xffbffe7a
        3025000	       301	800006e0	ffb00913	addi	x18,x0,-5	  x0:0x00000000 x18=0xfffffffb
        3035000	       302	800006e4	009f22b3	slt	x5,x30,x9	 x30:0x00000003  x9:0x00000008  x5=0x00000001
        3045000	       303	800006e8	fa992013	slti	x0,x18,-87	 x18:0xfffffffb
        3055000	       304	800006ec	0056c6b3	xor	x13,x13,x5	 x13:0x00000000  x5:0x00000001 x13=0x00000001
        3065000	       305	800006f0	ffbf8f93	addi	x31,x31,-5	 x31:0x00000009 x31=0x00000004
        3075000	       306	800006f4	60293793	sltiu	x15,x18,1538	 x18:0xfffffffb x15=0x00000000
        3085000	       307	800006f8	ff2fd8e3	bge	x31,x18,800006e8	 x31:0x00000004 x18:0xfffffffb
        3095000	       308	00000000	00000013	addi	x0,x0,0	  x0:0x00000000
        3105000	       309	800006e4	00000013	addi	x0,x0,0	  x0:0x00000000
        3115000	       310	800006e8	fa992013	slti	x0,x18,-87	 x18:0xfffffffb
        3125000	       311	800006ec	0056c6b3	xor	x13,x13,x5	 x13:0x00000001  x5:0x00000001 x13=0x00000000
        3135000	       312	800006f0	ffbf8f93	addi	x31,x31,-5	 x31:0x00000004 x31=0xffffffff
        3145000	       313	800006f4	60293793	sltiu	x15,x18,1538	 x18:0xfffffffb x15=0x00000000
        3155000	       314	800006f8	ff2fd8e3	bge	x31,x18,800006e8	 x31:0xffffffff x18:0xfffffffb
        3165000	       315	00000000	00000013	addi	x0,x0,0	  x0:0x00000000
        3175000	       316	800006e4	00000013	addi	x0,x0,0	  x0:0x00000000
        3185000	       317	800006e8	fa992013	slti	x0,x18,-87	 x18:0xfffffffb
        3195000	       318	800006ec	0056c6b3	xor	x13,x13,x5	 x13:0x00000000  x5:0x00000001 x13=0x00000001
        3205000	       319	800006f0	ffbf8f93	addi	x31,x31,-5	 x31:0xffffffff x31=0xfffffffa
        3215000	       320	800006f4	60293793	sltiu	x15,x18,1538	 x18:0xfffffffb x15=0x00000000
        3225000	       321	800006f8	ff2fd8e3	bge	x31,x18,800006e8	 x31:0xfffffffa x18:0xfffffffb
        3235000	       322	800006fc	01c5db93	srli	x23,x11,0x1c	 x11:0xffbffe7a x23=0x0000000f
        3245000	       323	80000700	00300a93	addi	x21,x0,3	  x0:0x00000000 x21=0x00000003
        3255000	       324	80000704	007590b3	sll	x1,x11,x7	 x11:0xffbffe7a  x7:0x80009f70  x1=0xfe7a0000
        3265000	       325	80000708	007e9833	sll	x16,x29,x7	 x29:0x00000000  x7:0x80009f70 x16=0x00000000
        3275000	       326	8000070c	002acb97	auipc	x23,0x2ac	 x23=0x802ac708
        3285000	       327	80000710	00700493	addi	x9,x0,7	  x0:0x00000000  x9=0x00000007
        3295000	       328	80000714	40bf8eb3	sub	x29,x31,x11	 x31:0xfffffffa x11:0xffbffe7a x29=0x00400180
        3305000	       329	80000718	9a145d37	lui	x26,0x9a145	 x26=0x9a145000
        3315000	       330	8000071c	01235c33	srl	x24,x6,x18	  x6:0x80009fce x18:0xfffffffb x24=0x00000010
        3325000	       331	80000720	cbd60a13	addi	x20,x12,-835	 x12:0x00009fc4 x20=0x00009c81
        3335000	       332	80000724	001a8a93	addi	x21,x21,1	 x21:0x00000003 x21=0x00000004
        3345000	       333	80000728	00000013	addi	x0,x0,0	  x0:0x00000000
        3355000	       334	8000072c	41b1d893	srai	x17,x3,0x1b	  x3:0xfffffa35 x17=0xffffffff
        3365000	       335	80000730	3bf82f13	slti	x30,x16,959	 x16:0x00000000 x30=0x00000001
        3375000	       336	80000734	3aa0cb93	xori	x23,x1,938	  x1:0xfe7a0000 x23=0xfe7a03aa
        3385000	       337	80000738	fe9a94e3	bne	x21,x9,80000720	 x21:0x00000004  x9:0x00000007
        3395000	       338	00000000	00000013	addi	x0,x0,0	  x0:0x00000000
        3405000	       339	8000071c	00000013	addi	x0,x0,0	  x0:0x00000000
        3415000	       340	80000720	cbd60a13	addi	x20,x12,-835	 x12:0x00009fc4 x20=0x00009c81
        3425000	       341	80000724	001a8a93	addi	x21,x21,1	 x21:0x00000004 x21=0x00000005
        3435000	       342	80000728	00000013	addi	x0,x0,0	  x0:0x00000000
        3445000	       343	8000072c	41b1d893	srai	x17,x3,0x1b	  x3:0xfffffa35 x17=0xffffffff
        3455000	       344	80000730	3bf82f13	slti	x30,x16,959	 x16:0x00000000 x30=0x00000001
        3465000	       345	80000734	3aa0cb93	xori	x23,x1,938	  x1:0xfe7a0000 x23=0xfe7a03aa
        3475000	       346	80000738	fe9a94e3	bne	x21,x9,80000720	 x21:0x00000005  x9:0x00000007
        3485000	       347	00000000	00000013	addi	x0,x0,0	  x0:0x00000000
        3495000	       348	8000071c	00000013	addi	x0,x0,0	  x0:0x00000000
        3505000	       349	80000720	cbd60a13	addi	x20,x12,-835	 x12:0x00009fc4 x20=0x00009c81
        3515000	       350	80000724	001a8a93	addi	x21,x21,1	 x21:0x00000005 x21=0x00000006
        3525000	       351	80000728	00000013	addi	x0,x0,0	  x0:0x00000000
        3535000	       352	8000072c	41b1d893	srai	x17,x3,0x1b	  x3:0xfffffa35 x17=0xffffffff
        3545000	       353	80000730	3bf82f13	slti	x30,x16,959	 x16:0x00000000 x30=0x00000001
        3555000	       354	80000734	3aa0cb93	xori	x23,x1,938	  x1:0xfe7a0000 x23=0xfe7a03aa
        3565000	       355	80000738	fe9a94e3	bne	x21,x9,80000720	 x21:0x00000006  x9:0x00000007
        3575000	       356	00000000	00000013	addi	x0,x0,0	  x0:0x00000000
        3585000	       357	8000071c	00000013	addi	x0,x0,0	  x0:0x00000000
        3595000	       358	80000720	cbd60a13	addi	x20,x12,-835	 x12:0x00009fc4 x20=0x00009c81
        3605000	       359	80000724	001a8a93	addi	x21,x21,1	 x21:0x00000006 x21=0x00000007
        3615000	       360	80000728	00000013	addi	x0,x0,0	  x0:0x00000000
        3625000	       361	8000072c	41b1d893	srai	x17,x3,0x1b	  x3:0xfffffa35 x17=0xffffffff
        3635000	       362	80000730	3bf82f13	slti	x30,x16,959	 x16:0x00000000 x30=0x00000001
        3645000	       363	80000734	3aa0cb93	xori	x23,x1,938	  x1:0xfe7a0000 x23=0xfe7a03aa
        3655000	       364	80000738	fe9a94e3	bne	x21,x9,80000720	 x21:0x00000007  x9:0x00000007
        3665000	       365	8000073c	41fed833	sra	x16,x29,x31	 x29:0x00400180 x31:0xfffffffa x16=0x00000000
        3675000	       366	80000740	00800893	addi	x17,x0,8	  x0:0x00000000 x17=0x00000008
        3685000	       367	80000744	00308ab3	add	x21,x1,x3	  x1:0xfe7a0000  x3:0xfffffa35 x21=0xfe79fa35
        3695000	       368	80000748	00000013	addi	x0,x0,0	  x0:0x00000000
        3705000	       369	8000074c	00000013	addi	x0,x0,0	  x0:0x00000000
        3715000	       370	80000750	96f9ba13	sltiu	x20,x19,-1681	 x19:0x00000006 x20=0x00000001
        3725000	       371	80000754	01696633	or	x12,x18,x22	 x18:0xfffffffb x22:0x3a441baa x12=0xfffffffb
        3735000	       372	80000758	00000013	addi	x0,x0,0	  x0:0x00000000
        3745000	       373	8000075c	aa4b6a93	ori	x21,x22,-1372	 x22:0x3a441baa x21=0xfffffbae
        3755000	       374	80000760	00700213	addi	x4,x0,7	  x0:0x00000000  x4=0x00000007
        3765000	       375	80000764	00000013	addi	x0,x0,0	  x0:0x00000000
        3775000	       376	80000768	41415713	srai	x14,x2,0x14	  x2:0xfffffff4 x14=0xffffffff
        3785000	       377	8000076c	c0f98713	addi	x14,x19,-1009	 x19:0x00000006 x14=0xfffffc15
        3795000	       378	80000770	019c1c93	slli	x25,x24,0x19	 x24:0x00000010 x25=0x20000000
        3805000	       379	80000774	ffa88893	addi	x17,x17,-6	 x17:0x00000008 x17=0x00000002
        3815000	       380	80000778	40faf817	auipc	x16,0x40faf	 x16=0xc0faf774
        3825000	       381	8000077c	0672c913	xori	x18,x5,103	  x5:0x00000001 x18=0x00000066
        3835000	       382	80000780	40355913	srai	x18,x10,0x3	 x10:0x7a9f756f x18=0x0f53eead
        3845000	       383	80000784	01a78833	add	x16,x15,x26	 x15:0x00000000 x26:0x9a145000 x16=0x9a145000
        3855000	       384	80000788	003ef4b3	and	x9,x29,x3	 x29:0x00400180  x3:0xfffffa35  x9=0x00400000
        3865000	       385	8000078c	01555c93	srli	x25,x10,0x15	 x10:0x7a9f756f x25=0x000003d4
        3875000	       386	80000790	fc48dae3	bge	x17,x4,80000764	 x17:0x00000002  x4:0x00000007
        3885000	       387	80000794	01621d33	sll	x26,x4,x22	  x4:0x00000007 x22:0x3a441baa x26=0x00001c00
        3895000	       388	80000798	00800313	addi	x6,x0,8	  x0:0x00000000  x6=0x00000008
        3905000	       389	8000079c	01d0cbb3	xor	x23,x1,x29	  x1:0xfe7a0000 x29:0x00400180 x23=0xfe3a0180
        3915000	       390	800007a0	071cc713	xori	x14,x25,113	 x25:0x000003d4 x14=0x000003a5
        3925000	       391	800007a4	00500613	addi	x12,x0,5	  x0:0x00000000 x12=0x00000005
        3935000	       392	800007a8	4191d4b3	sra	x9,x3,x25	  x3:0xfffffa35 x25:0x000003d4  x9=0xffffffff
        3945000	       393	800007ac	00930b33	add	x22,x6,x9	  x6:0x00000008  x9:0xffffffff x22=0x00000007
        3955000	       394	800007b0	f21f6a93	ori	x21,x30,-223	 x30:0x00000001 x21=0xffffff21
        3965000	       395	800007b4	4045d5b3	sra	x11,x11,x4	 x11:0xffbffe7a  x4:0x00000007 x11=0xffff7ffc
        3975000	       396	800007b8	d0236d93	ori	x27,x6,-766	  x6:0x00000008 x27=0xfffffd0a
        3985000	       397	800007bc	77050097	auipc	x1,0x77050	  x1=0xf70507b8
        3995000	       398	800007c0	ba680837	lui	x16,0xba680	 x16=0xba680000
        4005000	       399	800007c4	fff30313	addi	x6,x6,-1	  x6:0x00000008  x6=0x00000007
        4015000	       400	800007c8	01a2c733	xor	x14,x5,x26	  x5:0x00000001 x26:0x00001c00 x14=0x00001c01
        4025000	       401	800007cc	148ba993	slti	x19,x23,328	 x23:0xfe3a0180 x19=0x00000001
        4035000	       402	800007d0	40f65293	srai	x5,x12,0xf	 x12:0x00000005  x5=0x00000000
        4045000	       403	800007d4	41480ab3	sub	x21,x16,x20	 x16:0xba680000 x20:0x00000001 x21=0xba67ffff
        4055000	       404	800007d8	fcc37ae3	bgeu	x6,x12,800007ac	  x6:0x00000007 x12:0x00000005
        4065000	       405	00000000	00000013	addi	x0,x0,0	  x0:0x00000000
        4075000	       406	800007a8	00000013	addi	x0,x0,0	  x0:0x00000000
        4085000	       407	800007ac	00930b33	add	x22,x6,x9	  x6:0x00000007  x9:0xffffffff x22=0x00000006
        4095000	       408	800007b0	f21f6a93	ori	x21,x30,-223	 x30:0x00000001 x21=0xffffff21
        4105000	       409	800007b4	4045d5b3	sra	x11,x11,x4	 x11:0xffff7ffc  x4:0x00000007 x11=0xfffffeff
        4115000	       410	800007b8	d0236d93	ori	x27,x6,-766	  x6:0x00000007 x27=0xfffffd07
        4125000	       411	800007bc	77050097	auipc	x1,0x77050	  x1=0xf70507b8
        4135000	       412	800007c0	ba680837	lui	x16,0xba680	 x16=0xba680000
        4145000	       413	800007c4	fff30313	addi	x6,x6,-1	  x6:0x00000007  x6=0x00000006
        4155000	       414	800007c8	01a2c733	xor	x14,x5,x26	  x5:0x00000000 x26:0x00001c00 x14=0x00001c00
        4165000	       415	800007cc	148ba993	slti	x19,x23,328	 x23:0xfe3a0180 x19=0x00000001
        4175000	       416	800007d0	40f65293	srai	x5,x12,0xf	 x12:0x00000005  x5=0x00000000
        4185000	       417	800007d4	41480ab3	sub	x21,x16,x20	 x16:0xba680000 x20:0x00000001 x21=0xba67ffff
        4195000	       418	800007d8	fcc37ae3	bgeu	x6,x12,800007ac	  x6:0x00000006 x12:0x00000005
        4205000	       419	00000000	00000013	addi	x0,x0,0	  x0:0x00000000
        4215000	       420	800007a8	00000013	addi	x0,x0,0	  x0:0x00000000
        4225000	       421	800007ac	00930b33	add	x22,x6,x9	  x6:0x00000006  x9:0xffffffff x22=0x00000005
        4235000	       422	800007b0	f21f6a93	ori	x21,x30,-223	 x30:0x00000001 x21=0xffffff21
        4245000	       423	800007b4	4045d5b3	sra	x11,x11,x4	 x11:0xfffffeff  x4:0x00000007 x11=0xfffffffd
        4255000	       424	800007b8	d0236d93	ori	x27,x6,-766	  x6:0x00000006 x27=0xfffffd06
        4265000	       425	800007bc	77050097	auipc	x1,0x77050	  x1=0xf70507b8
        4275000	       426	800007c0	ba680837	lui	x16,0xba680	 x16=0xba680000
        4285000	       427	800007c4	fff30313	addi	x6,x6,-1	  x6:0x00000006  x6=0x00000005
        4295000	       428	800007c8	01a2c733	xor	x14,x5,x26	  x5:0x00000000 x26:0x00001c00 x14=0x00001c00
        4305000	       429	800007cc	148ba993	slti	x19,x23,328	 x23:0xfe3a0180 x19=0x00000001
        4315000	       430	800007d0	40f65293	srai	x5,x12,0xf	 x12:0x00000005  x5=0x00000000
        4325000	       431	800007d4	41480ab3	sub	x21,x16,x20	 x16:0xba680000 x20:0x00000001 x21=0xba67ffff
        4335000	       432	800007d8	fcc37ae3	bgeu	x6,x12,800007ac	  x6:0x00000005 x12:0x00000005
        4345000	       433	00000000	00000013	addi	x0,x0,0	  x0:0x00000000
        4355000	       434	800007a8	00000013	addi	x0,x0,0	  x0:0x00000000
        4365000	       435	800007ac	00930b33	add	x22,x6,x9	  x6:0x00000005  x9:0xffffffff x22=0x00000004
        4375000	       436	800007b0	f21f6a93	ori	x21,x30,-223	 x30:0x00000001 x21=0xffffff21
        4385000	       437	800007b4	4045d5b3	sra	x11,x11,x4	 x11:0xfffffffd  x4:0x00000007 x11=0xffffffff
        4395000	       438	800007b8	d0236d93	ori	x27,x6,-766	  x6:0x00000005 x27=0xfffffd07
        4405000	       439	800007bc	77050097	auipc	x1,0x77050	  x1=0xf70507b8
        4415000	       440	800007c0	ba680837	lui	x16,0xba680	 x16=0xba680000
        4425000	       441	800007c4	fff30313	addi	x6,x6,-1	  x6:0x00000005  x6=0x00000004
        4435000	       442	800007c8	01a2c733	xor	x14,x5,x26	  x5:0x00000000 x26:0x00001c00 x14=0x00001c00
        4445000	       443	800007cc	148ba993	slti	x19,x23,328	 x23:0xfe3a0180 x19=0x00000001
        4455000	       444	800007d0	40f65293	srai	x5,x12,0xf	 x12:0x00000005  x5=0x00000000
        4465000	       445	800007d4	41480ab3	sub	x21,x16,x20	 x16:0xba680000 x20:0x00000001 x21=0xba67ffff
        4475000	       446	800007d8	fcc37ae3	bgeu	x6,x12,800007ac	  x6:0x00000004 x12:0x00000005
        4485000	       447	800007dc	40ec0c33	sub	x24,x24,x14	 x24:0x00000010 x14:0x00001c00 x24=0xffffe410
        4495000	       448	800007e0	ffe00b93	addi	x23,x0,-2	  x0:0x00000000 x23=0xfffffffe
        4505000	       449	800007e4	00000013	addi	x0,x0,0	  x0:0x00000000
        4515000	       450	800007e8	6ad9a793	slti	x15,x19,1709	 x19:0x00000001 x15=0x00000001
        4525000	       451	800007ec	00100d13	addi	x26,x0,1	  x0:0x00000000 x26=0x00000001
        4535000	       452	800007f0	ba0ae293	ori	x5,x21,-1120	 x21:0xba67ffff  x5=0xffffffff
        4545000	       453	800007f4	a868ea13	ori	x20,x17,-1402	 x17:0x00000002 x20=0xfffffa86
        4555000	       454	800007f8	003b8b93	addi	x23,x23,3	 x23:0xfffffffe x23=0x00000001
        4565000	       455	800007fc	01dbc833	xor	x16,x23,x29	 x23:0x00000001 x29:0x00400180 x16=0x00400181
        4575000	       456	80000800	01456b33	or	x22,x10,x20	 x10:0x7a9f756f x20:0xfffffa86 x22=0xffffffef
        4585000	       457	80000804	b5816293	ori	x5,x2,-1192	  x2:0xfffffff4  x5=0xfffffffc
        4595000	       458	80000808	ffab86e3	beq	x23,x26,800007f4	 x23:0x00000001 x26:0x00000001
        4605000	       459	00000000	00000013	addi	x0,x0,0	  x0:0x00000000
        4615000	       460	800007f0	00000013	addi	x0,x0,0	  x0:0x00000000
        4625000	       461	800007f4	a868ea13	ori	x20,x17,-1402	 x17:0x00000002 x20=0xfffffa86
        4635000	       462	800007f8	003b8b93	addi	x23,x23,3	 x23:0x00000001 x23=0x00000004
        4645000	       463	800007fc	01dbc833	xor	x16,x23,x29	 x23:0x00000004 x29:0x00400180 x16=0x00400184
        4655000	       464	80000800	01456b33	or	x22,x10,x20	 x10:0x7a9f756f x20:0xfffffa86 x22=0xffffffef
        4665000	       465	80000804	b5816293	ori	x5,x2,-1192	  x2:0xfffffff4  x5=0xfffffffc
        4675000	       466	80000808	ffab86e3	beq	x23,x26,800007f4	 x23:0x00000004 x26:0x00000001
        4685000	       467	8000080c	00c4feb3	and	x29,x9,x12	  x9:0xffffffff x12:0x00000005 x29=0x00000005
        4695000	       468	80000810	ffc00913	addi	x18,x0,-4	  x0:0x00000000 x18=0xfffffffc
        4705000	       469	80000814	016ac1b3	xor	x3,x21,x22	 x21:0xba67ffff x22:0xffffffef  x3=0x45980010
        4715000	       470	80000818	0078d713	srli	x14,x17,0x7	 x17:0x00000002 x14=0x00000000
        4725000	       471	8000081c	9cc6f013	andi	x0,x13,-1588	 x13:0x00000001
        4735000	       472	80000820	00000013	addi	x0,x0,0	  x0:0x00000000
        4745000	       473	80000824	ff300993	addi	x19,x0,-13	  x0:0x00000000 x19=0xfffffff3
        4755000	       474	80000828	016cc633	xor	x12,x25,x22	 x25:0x000003d4 x22:0xffffffef x12=0xfffffc3b
        4765000	       475	8000082c	01ad60b3	or	x1,x26,x26	 x26:0x00000001 x26:0x00000001  x1=0x00000001
        4775000	       476	80000830	01773c33	sltu	x24,x14,x23	 x14:0x00000000 x23:0x00000004 x24=0x00000001
        4785000	       477	80000834	01230cb3	add	x25,x6,x18	  x6:0x00000004 x18:0xfffffffc x25=0x00000000
        4795000	       478	80000838	013fcd33	xor	x26,x31,x19	 x31:0xfffffffa x19:0xfffffff3 x26=0x00000009
        4805000	       479	8000083c	00091613	slli	x12,x18,0x0	 x18:0xfffffffc x12=0xfffffffc
        4815000	       480	80000840	11600313	addi	x6,x0,278	  x0:0x00000000  x6=0x00000116
        4825000	       481	80000844	414e0fb3	sub	x31,x28,x20	 x28:0x80009fc4 x20:0xfffffa86 x31=0x8000a53e
        4835000	       482	80000848	7cbb1e97	auipc	x29,0x7cbb1	 x29=0xfcbb1844
        4845000	       483	8000084c	ff990913	addi	x18,x18,-7	 x18:0xfffffffc x18=0xfffffff5
        4855000	       484	80000850	01150833	add	x16,x10,x17	 x10:0x7a9f756f x17:0x00000002 x16=0x7a9f7571
        4865000	       485	80000854	154dd017	auipc	x0,0x154dd	
        4875000	       486	80000858	bc1b5bb7	lui	x23,0xbc1b5	 x23=0xbc1b5000
        4885000	       487	8000085c	c9ddcc93	xori	x25,x27,-867	 x27:0xfffffd07 x25=0x0000019a
        4895000	       488	80000860	8e1010b7	lui	x1,0x8e101	  x1=0x8e101000
        4905000	       489	80000864	00000013	addi	x0,x0,0	  x0:0x00000000
        4915000	       490	80000868	011f08b3	add	x17,x30,x17	 x30:0x00000001 x17:0x00000002 x17=0x00000003
        4925000	       491	8000086c	54b12693	slti	x13,x2,1355	  x2:0xfffffff4 x13=0x00000001
        4935000	       492	80000870	004f30b3	sltu	x1,x30,x4	 x30:0x00000001  x4:0x00000007  x1=0x00000001
        4945000	       493	80000874	fb395ce3	bge	x18,x19,8000082c	 x18:0xfffffff5 x19:0xfffffff3
        4955000	       494	00000000	00000013	addi	x0,x0,0	  x0:0x00000000
        4965000	       495	80000828	00000013	addi	x0,x0,0	  x0:0x00000000
        4975000	       496	8000082c	01ad60b3	or	x1,x26,x26	 x26:0x00000009 x26:0x00000009  x1=0x00000009
        4985000	       497	80000830	01773c33	sltu	x24,x14,x23	 x14:0x00000000 x23:0xbc1b5000 x24=0x00000001
        4995000	       498	80000834	01230cb3	add	x25,x6,x18	  x6:0x00000116 x18:0xfffffff5 x25=0x0000010b
        5005000	       499	80000838	013fcd33	xor	x26,x31,x19	 x31:0x8000a53e x19:0xfffffff3 x26=0x7fff5acd
        5015000	       500	8000083c	00091613	slli	x12,x18,0x0	 x18:0xfffffff5 x12=0xfffffff5
        5025000	       501	80000840	11600313	addi	x6,x0,278	  x0:0x00000000  x6=0x00000116
        5035000	       502	80000844	414e0fb3	sub	x31,x28,x20	 x28:0x80009fc4 x20:0xfffffa86 x31=0x8000a53e
        5045000	       503	80000848	7cbb1e97	auipc	x29,0x7cbb1	 x29=0xfcbb1844
        5055000	       504	8000084c	ff990913	addi	x18,x18,-7	 x18:0xfffffff5 x18=0xffffffee
        5065000	       505	80000850	01150833	add	x16,x10,x17	 x10:0x7a9f756f x17:0x00000003 x16=0x7a9f7572
        5075000	       506	80000854	154dd017	auipc	x0,0x154dd	
        5085000	       507	80000858	bc1b5bb7	lui	x23,0xbc1b5	 x23=0xbc1b5000
        5095000	       508	8000085c	c9ddcc93	xori	x25,x27,-867	 x27:0xfffffd07 x25=0x0000019a
        5105000	       509	80000860	8e1010b7	lui	x1,0x8e101	  x1=0x8e101000
        5115000	       510	80000864	00000013	addi	x0,x0,0	  x0:0x00000000
        5125000	       511	80000868	011f08b3	add	x17,x30,x17	 x30:0x00000001 x17:0x00000003 x17=0x00000004
        5135000	       512	8000086c	54b12693	slti	x13,x2,1355	  x2:0xfffffff4 x13=0x00000001
        5145000	       513	80000870	004f30b3	sltu	x1,x30,x4	 x30:0x00000001  x4:0x00000007  x1=0x00000001
        5155000	       514	80000874	fb395ce3	bge	x18,x19,8000082c	 x18:0xffffffee x19:0xfffffff3
        5165000	       515	80000878	00f49c93	slli	x25,x9,0xf	  x9:0xffffffff x25=0xffff8000
        5175000	       516	8000087c	00a00213	addi	x4,x0,10	  x0:0x00000000  x4=0x0000000a
        5185000	       517	80000880	ff200313	addi	x6,x0,-14	  x0:0x00000000  x6=0xfffffff2
        5195000	       518	80000884	cf230f13	addi	x30,x6,-782	  x6:0xfffffff2 x30=0xfffffce4
        5205000	       519	80000888	1dcfb093	sltiu	x1,x31,476	 x31:0x8000a53e  x1=0x00000000
        5215000	       520	8000088c	688bf013	andi	x0,x23,1672	 x23:0xbc1b5000
        5225000	       521	80000890	c44f3713	sltiu	x14,x30,-956	 x30:0xfffffce4 x14=0x00000000
        5235000	       522	80000894	ffc20213	addi	x4,x4,-4	  x4:0x0000000a  x4=0x00000006
        5245000	       523	80000898	00d428b3	slt	x17,x8,x13	  x8:0xfffffffc x13:0x00000001 x17=0x00000001
        5255000	       524	8000089c	c25efa93	andi	x21,x29,-987	 x29:0xfcbb1844 x21=0xfcbb1804
        5265000	       525	800008a0	006e9e93	slli	x29,x29,0x6	 x29:0xfcbb1844 x29=0x2ec61100
        5275000	       526	800008a4	41895913	srai	x18,x18,0x18	 x18:0xffffffee x18=0xffffffff
        5285000	       527	800008a8	fe6210e3	bne	x4,x6,80000888	  x4:0x00000006  x6:0xfffffff2
        5295000	       528	00000000	00000013	addi	x0,x0,0	  x0:0x00000000
        5305000	       529	80000884	00000013	addi	x0,x0,0	  x0:0x00000000
        5315000	       530	80000888	1dcfb093	sltiu	x1,x31,476	 x31:0x8000a53e  x1=0x00000000
        5325000	       531	8000088c	688bf013	andi	x0,x23,1672	 x23:0xbc1b5000
        5335000	       532	80000890	c44f3713	sltiu	x14,x30,-956	 x30:0xfffffce4 x14=0x00000000
        5345000	       533	80000894	ffc20213	addi	x4,x4,-4	  x4:0x00000006  x4=0x00000002
        5355000	       534	80000898	00d428b3	slt	x17,x8,x13	  x8:0xfffffffc x13:0x00000001 x17=0x00000001
        5365000	       535	8000089c	c25efa93	andi	x21,x29,-987	 x29:0x2ec61100 x21=0x2ec61000
        5375000	       536	800008a0	006e9e93	slli	x29,x29,0x6	 x29:0x2ec61100 x29=0xb1844000
        5385000	       537	800008a4	41895913	srai	x18,x18,0x18	 x18:0xffffffff x18=0xffffffff
        5395000	       538	800008a8	fe6210e3	bne	x4,x6,80000888	  x4:0x00000002  x6:0xfffffff2
        5405000	       539	00000000	00000013	addi	x0,x0,0	  x0:0x00000000
        5415000	       540	80000884	00000013	addi	x0,x0,0	  x0:0x00000000
        5425000	       541	80000888	1dcfb093	sltiu	x1,x31,476	 x31:0x8000a53e  x1=0x00000000
        5435000	       542	8000088c	688bf013	andi	x0,x23,1672	 x23:0xbc1b5000
        5445000	       543	80000890	c44f3713	sltiu	x14,x30,-956	 x30:0xfffffce4 x14=0x00000000
        5455000	       544	80000894	ffc20213	addi	x4,x4,-4	  x4:0x00000002  x4=0xfffffffe
        5465000	       545	80000898	00d428b3	slt	x17,x8,x13	  x8:0xfffffffc x13:0x00000001 x17=0x00000001
        5475000	       546	8000089c	c25efa93	andi	x21,x29,-987	 x29:0xb1844000 x21=0xb1844000
        5485000	       547	800008a0	006e9e93	slli	x29,x29,0x6	 x29:0xb1844000 x29=0x61100000
        5495000	       548	800008a4	41895913	srai	x18,x18,0x18	 x18:0xffffffff x18=0xffffffff
        5505000	       549	800008a8	fe6210e3	bne	x4,x6,80000888	  x4:0xfffffffe  x6:0xfffffff2
        5515000	       550	00000000	00000013	addi	x0,x0,0	  x0:0x00000000
        5525000	       551	80000884	00000013	addi	x0,x0,0	  x0:0x00000000
        5535000	       552	80000888	1dcfb093	sltiu	x1,x31,476	 x31:0x8000a53e  x1=0x00000000
        5545000	       553	8000088c	688bf013	andi	x0,x23,1672	 x23:0xbc1b5000
        5555000	       554	80000890	c44f3713	sltiu	x14,x30,-956	 x30:0xfffffce4 x14=0x00000000
        5565000	       555	80000894	ffc20213	addi	x4,x4,-4	  x4:0xfffffffe  x4=0xfffffffa
        5575000	       556	80000898	00d428b3	slt	x17,x8,x13	  x8:0xfffffffc x13:0x00000001 x17=0x00000001
        5585000	       557	8000089c	c25efa93	andi	x21,x29,-987	 x29:0x61100000 x21=0x61100000
        5595000	       558	800008a0	006e9e93	slli	x29,x29,0x6	 x29:0x61100000 x29=0x44000000
        5605000	       559	800008a4	41895913	srai	x18,x18,0x18	 x18:0xffffffff x18=0xffffffff
        5615000	       560	800008a8	fe6210e3	bne	x4,x6,80000888	  x4:0xfffffffa  x6:0xfffffff2
        5625000	       561	00000000	00000013	addi	x0,x0,0	  x0:0x00000000
        5635000	       562	80000884	00000013	addi	x0,x0,0	  x0:0x00000000
        5645000	       563	80000888	1dcfb093	sltiu	x1,x31,476	 x31:0x8000a53e  x1=0x00000000
        5655000	       564	8000088c	688bf013	andi	x0,x23,1672	 x23:0xbc1b5000
        5665000	       565	80000890	c44f3713	sltiu	x14,x30,-956	 x30:0xfffffce4 x14=0x00000000
        5675000	       566	80000894	ffc20213	addi	x4,x4,-4	  x4:0xfffffffa  x4=0xfffffff6
        5685000	       567	80000898	00d428b3	slt	x17,x8,x13	  x8:0xfffffffc x13:0x00000001 x17=0x00000001
        5695000	       568	8000089c	c25efa93	andi	x21,x29,-987	 x29:0x44000000 x21=0x44000000
        5705000	       569	800008a0	006e9e93	slli	x29,x29,0x6	 x29:0x44000000 x29=0x00000000
        5715000	       570	800008a4	41895913	srai	x18,x18,0x18	 x18:0xffffffff x18=0xffffffff
        5725000	       571	800008a8	fe6210e3	bne	x4,x6,80000888	  x4:0xfffffff6  x6:0xfffffff2
        5735000	       572	00000000	00000013	addi	x0,x0,0	  x0:0x00000000
        5745000	       573	80000884	00000013	addi	x0,x0,0	  x0:0x00000000
        5755000	       574	80000888	1dcfb093	sltiu	x1,x31,476	 x31:0x8000a53e  x1=0x00000000
        5765000	       575	8000088c	688bf013	andi	x0,x23,1672	 x23:0xbc1b5000
        5775000	       576	80000890	c44f3713	sltiu	x14,x30,-956	 x30:0xfffffce4 x14=0x00000000
        5785000	       577	80000894	ffc20213	addi	x4,x4,-4	  x4:0xfffffff6  x4=0xfffffff2
        5795000	       578	80000898	00d428b3	slt	x17,x8,x13	  x8:0xfffffffc x13:0x00000001 x17=0x00000001
        5805000	       579	8000089c	c25efa93	andi	x21,x29,-987	 x29:0x00000000 x21=0x00000000
        5815000	       580	800008a0	006e9e93	slli	x29,x29,0x6	 x29:0x00000000 x29=0x00000000
        5825000	       581	800008a4	41895913	srai	x18,x18,0x18	 x18:0xffffffff x18=0xffffffff
        5835000	       582	800008a8	fe6210e3	bne	x4,x6,80000888	  x4:0xfffffff2  x6:0xfffffff2
        5845000	       583	800008ac	01379733	sll	x14,x15,x19	 x15:0x00000001 x19:0xfffffff3 x14=0x00080000
        5855000	       584	800008b0	00300813	addi	x16,x0,3	  x0:0x00000000 x16=0x00000003
        5865000	       585	800008b4	40b1d133	sra	x2,x3,x11	  x3:0x45980010 x11:0xffffffff  x2=0x00000000
        5875000	       586	800008b8	d8d3c913	xori	x18,x7,-627	  x7:0x80009f70 x18=0x7fff62fd
        5885000	       587	800008bc	013c14b3	sll	x9,x24,x19	 x24:0x00000001 x19:0xfffffff3  x9=0x00080000
        5895000	       588	800008c0	d76aeb93	ori	x23,x21,-650	 x21:0x00000000 x23=0xfffffd76
        5905000	       589	800008c4	64b93d93	sltiu	x27,x18,1611	 x18:0x7fff62fd x27=0x00000000
        5915000	       590	800008c8	00a00a13	addi	x20,x0,10	  x0:0x00000000 x20=0x0000000a
        5925000	       591	800008cc	412c5733	sra	x14,x24,x18	 x24:0x00000001 x18:0x7fff62fd x14=0x00000000
        5935000	       592	800008d0	40cd5613	srai	x12,x26,0xc	 x26:0x7fff5acd x12=0x0007fff5
        5945000	       593	800008d4	0166f933	and	x18,x13,x22	 x13:0x00000001 x22:0xffffffef x18=0x00000001
        5955000	       594	800008d8	b5044893	xori	x17,x8,-1200	  x8:0xfffffffc x17=0x000004ac
        5965000	       595	800008dc	00a80813	addi	x16,x16,10	 x16:0x00000003 x16=0x0000000d
        5975000	       596	800008e0	00f386b3	add	x13,x7,x15	  x7:0x80009f70 x15:0x00000001 x13=0x80009f71
        5985000	       597	800008e4	405ed713	srai	x14,x29,0x5	 x29:0x00000000 x14=0x00000000
        5995000	       598	800008e8	000058b3	srl	x17,x0,x0	  x0:0x00000000  x0:0x00000000 x17=0x00000000
        6005000	       599	800008ec	5220ea93	ori	x21,x1,1314	  x1:0x00000000 x21=0x00000522
        6015000	       600	800008f0	ff4862e3	bltu	x16,x20,800008d4	 x16:0x0000000d x20:0x0000000a
        6025000	       601	800008f4	01c8d313	srli	x6,x17,0x1c	 x17:0x00000000  x6=0x00000000
        6035000	       602	800008f8	012389b3	add	x19,x7,x18	  x7:0x80009f70 x18:0x00000001 x19=0x80009f71
        6045000	       603	800008fc	03a56063	bltu	x10,x26,8000091c	 x10:0x7a9f756f x26:0x7fff5acd
        6055000	       604	00000000	00000013	addi	x0,x0,0	  x0:0x00000000
        6065000	       605	80000918	00000013	addi	x0,x0,0	  x0:0x00000000
        6075000	       606	8000091c	0e69b713	sltiu	x14,x19,230	 x19:0x80009f71 x14=0x00000000
        6085000	       607	80000920	f0cabfb7	lui	x31,0xf0cab	 x31=0xf0cab000
        6095000	       608	80000924	413781b3	sub	x3,x15,x19	 x15:0x00000001 x19:0x80009f71  x3=0x7fff6090
        6105000	       609	80000928	01b1e833	or	x16,x3,x27	  x3:0x7fff6090 x27:0x00000000 x16=0x7fff6090
        6115000	       610	8000092c	00600c93	addi	x25,x0,6	  x0:0x00000000 x25=0x00000006
        6125000	       611	80000930	ffd00293	addi	x5,x0,-3	  x0:0x00000000  x5=0xfffffffd
        6135000	       612	80000934	019579b3	and	x19,x10,x25	 x10:0x7a9f756f x25:0x00000006 x19=0x00000006
        6145000	       613	80000938	00ec9133	sll	x2,x25,x14	 x25:0x00000006 x14:0x00000000  x2=0x00000006
        6155000	       614	8000093c	0023efb3	or	x31,x7,x2	  x7:0x80009f70  x2:0x00000006 x31=0x80009f76
        6165000	       615	80000940	0100e333	or	x6,x1,x16	  x1:0x00000000 x16:0x7fff6090  x6=0x7fff6090
        6175000	       616	80000944	6a9eca37	lui	x20,0x6a9ec	 x20=0x6a9ec000
        6185000	       617	80000948	ff7c8c93	addi	x25,x25,-9	 x25:0x00000006 x25=0xfffffffd
        6195000	       618	8000094c	23f57c13	andi	x24,x10,575	 x10:0x7a9f756f x24=0x0000002f
        6205000	       619	80000950	1367a613	slti	x12,x15,310	 x15:0x00000001 x12=0x00000001
        6215000	       620	80000954	419d8233	sub	x4,x27,x25	 x27:0x00000000 x25:0xfffffffd  x4=0x00000003
        6225000	       621	80000958	01e29813	slli	x16,x5,0x1e	  x5:0xfffffffd x16=0x40000000
        6235000	       622	8000095c	985ea213	slti	x4,x29,-1659	 x29:0x00000000  x4=0x00000000
        6245000	       623	80000960	a5867993	andi	x19,x12,-1448	 x12:0x00000001 x19=0x00000000
        6255000	       624	80000964	17b90193	addi	x3,x18,379	 x18:0x00000001  x3=0x0000017c
        6265000	       625	80000968	01781833	sll	x16,x16,x23	 x16:0x40000000 x23:0xfffffd76 x16=0x00000000
        6275000	       626	8000096c	fc5c9ce3	bne	x25,x5,80000944	 x25:0xfffffffd  x5:0xfffffffd
        6285000	       627	80000970	00000013	addi	x0,x0,0	  x0:0x00000000
        6295000	       628	80000974	01dd5263	bge	x26,x29,80000978	 x26:0x7fff5acd x29:0x00000000
        6305000	       629	00000000	00000013	addi	x0,x0,0	  x0:0x00000000
        6315000	       630	80000974	00000013	addi	x0,x0,0	  x0:0x00000000
        6325000	       631	80000978	01587d33	and	x26,x16,x21	 x16:0x00000000 x21:0x00000522 x26=0x00000000
        6335000	       632	8000097c	416786b3	sub	x13,x15,x22	 x15:0x00000001 x22:0xffffffef x13=0x00000012
        6345000	       633	80000980	cafeac13	slti	x24,x29,-849	 x29:0x00000000 x24=0x00000000
        6355000	       634	80000984	41838db3	sub	x27,x7,x24	  x7:0x80009f70 x24:0x00000000 x27=0x80009f70
        6365000	       635	80000988	41d68ab3	sub	x21,x13,x29	 x13:0x00000012 x29:0x00000000 x21=0x00000012
        6375000	       636	8000098c	41705813	srai	x16,x0,0x17	  x0:0x00000000 x16=0x00000000
        6385000	       637	80000990	9d10c2b7	lui	x5,0x9d10c	  x5=0x9d10c000
        6395000	       638	80000994	943de837	lui	x16,0x943de	 x16=0x943de000
        6405000	       639	80000998	419088b3	sub	x17,x1,x25	  x1:0x00000000 x25:0xfffffffd x17=0x00000003
        6415000	       640	8000099c	00000013	addi	x0,x0,0	  x0:0x00000000
        6425000	       641	800009a0	f46a7193	andi	x3,x20,-186	 x20:0x6a9ec000  x3=0x6a9ec000
        6435000	       642	800009a4	c420f093	andi	x1,x1,-958	  x1:0x00000000  x1=0x00000000
        6445000	       643	800009a8	05a24063	blt	x4,x26,800009e8	  x4:0x00000000 x26:0x00000000
        6455000	       644	800009ac	0406d663	bge	x13,x0,800009f8	 x13:0x00000012  x0:0x00000000
        6465000	       645	00000000	00000013	addi	x0,x0,0	  x0:0x00000000
        6475000	       646	800009f4	00000013	addi	x0,x0,0	  x0:0x00000000
        6485000	       647	800009f8	02af6c63	bltu	x30,x10,80000a30	 x30:0xfffffce4 x10:0x7a9f756f
        6495000	       648	800009fc	00ff56b3	srl	x13,x30,x15	 x30:0xfffffce4 x15:0x00000001 x13=0x7ffffe72
        6505000	       649	80000a00	71370793	addi	x15,x14,1811	 x14:0x00000000 x15=0x00000713
        6515000	       650	80000a04	01d86333	or	x6,x16,x29	 x16:0x943de000 x29:0x00000000  x6=0x943de000
        6525000	       651	80000a08	403a5ab3	sra	x21,x20,x3	 x20:0x6a9ec000  x3:0x6a9ec000 x21=0x6a9ec000
        6535000	       652	80000a0c	04078463	beq	x15,x0,80000a54	 x15:0x00000713  x0:0x00000000
        6545000	       653	80000a10	00bb1db3	sll	x27,x22,x11	 x22:0xffffffef x11:0xffffffff x27=0x80000000
        6555000	       654	80000a14	00d29493	slli	x9,x5,0xd	  x5:0x9d10c000  x9=0x18000000
        6565000	       655	80000a18	dd9cc293	xori	x5,x25,-551	 x25:0xfffffffd  x5=0x00000224
        6575000	       656	80000a1c	ed3c3c13	sltiu	x24,x24,-301	 x24:0x00000000 x24=0x00000001
        6585000	       657	80000a20	0a207b93	andi	x23,x0,162	  x0:0x00000000 x23=0x00000000
        6595000	       658	80000a24	31b5a213	slti	x4,x11,795	 x11:0xffffffff  x4=0x00000001
        6605000	       659	80000a28	01b90e63	beq	x18,x27,80000a44	 x18:0x00000001 x27:0x80000000
        6615000	       660	80000a2c	00b8db13	srli	x22,x17,0xb	 x17:0x00000003 x22=0x00000000
        6625000	       661	80000a30	ab9d8313	addi	x6,x27,-1351	 x27:0x80000000  x6=0x7ffffab9
        6635000	       662	80000a34	01ce60b3	or	x1,x28,x28	 x28:0x80009fc4 x28:0x80009fc4  x1=0x80009fc4
        6645000	       663	80000a38	0424e663	bltu	x9,x2,80000a84	  x9:0x18000000  x2:0x00000006
        6655000	       664	80000a3c	7a0e4893	xori	x17,x28,1952	 x28:0x80009fc4 x17=0x80009864
        6665000	       665	80000a40	e979c013	xori	x0,x19,-361	 x19:0x00000000
        6675000	       666	80000a44	40da07b3	sub	x15,x20,x13	 x20:0x6a9ec000 x13:0x7ffffe72 x15=0xea9ec18e
        6685000	       667	80000a48	02aa0e63	beq	x20,x10,80000a84	 x20:0x6a9ec000 x10:0x7a9f756f
        6695000	       668	80000a4c	0165e0b3	or	x1,x11,x22	 x11:0xffffffff x22:0x00000000  x1=0xffffffff
        6705000	       669	80000a50	00ac0863	beq	x24,x10,80000a60	 x24:0x00000001 x10:0x7a9f756f
        6715000	       670	80000a54	0355e263	bltu	x11,x21,80000a78	 x11:0xffffffff x21:0x6a9ec000
        6725000	       671	80000a58	011a0a33	add	x20,x20,x17	 x20:0x6a9ec000 x17:0x80009864 x20=0xea9f5864
        6735000	       672	80000a5c	00359213	slli	x4,x11,0x3	 x11:0xffffffff  x4=0xfffffff8
        6745000	       673	80000a60	06f42613	slti	x12,x8,111	  x8:0xfffffffc x12=0x00000001
        6755000	       674	80000a64	00a36f33	or	x30,x6,x10	  x6:0x7ffffab9 x10:0x7a9f756f x30=0x7fffffff
        6765000	       675	80000a68	015f0eb3	add	x29,x30,x21	 x30:0x7fffffff x21:0x6a9ec000 x29=0xea9ebfff
        6775000	       676	80000a6c	00e5a0b3	slt	x1,x11,x14	 x11:0xffffffff x14:0x00000000  x1=0x00000001
        6785000	       677	80000a70	00921cb3	sll	x25,x4,x9	  x4:0xfffffff8  x9:0x18000000 x25=0xfffffff8
        6795000	       678	80000a74	00f82f33	slt	x30,x16,x15	 x16:0x943de000 x15:0xea9ec18e x30=0x00000001
        6805000	       679	80000a78	00c1feb3	and	x29,x3,x12	  x3:0x6a9ec000 x12:0x00000001 x29=0x00000000
        6815000	       680	80000a7c	00421a13	slli	x20,x4,0x4	  x4:0xfffffff8 x20=0xffffff80
        6825000	       681	80000a80	02ed0863	beq	x26,x14,80000ab0	 x26:0x00000000 x14:0x00000000
        6835000	       682	00000000	00000013	addi	x0,x0,0	  x0:0x00000000
        6845000	       683	80000aac	00000013	addi	x0,x0,0	  x0:0x00000000
        6855000	       684	80000ab0	41215333	sra	x6,x2,x18	  x2:0x00000006 x18:0x00000001  x6=0x00000003
        6865000	       685	80000ab4	00aeea63	bltu	x29,x10,80000ac8	 x29:0x00000000 x10:0x7a9f756f
        6875000	       686	00000000	00000013	addi	x0,x0,0	  x0:0x00000000
        6885000	       687	80000ac4	00000013	addi	x0,x0,0	  x0:0x00000000
        6895000	       688	80000ac8	00000013	addi	x0,x0,0	  x0:0x00000000
        6905000	       689	80000acc	00000013	addi	x0,x0,0	  x0:0x00000000
        6915000	       690	80000ad0	407ad333	sra	x6,x21,x7	 x21:0x6a9ec000  x7:0x80009f70  x6=0x00006a9e
        6925000	       691	80000ad4	013cdd33	srl	x26,x25,x19	 x25:0xfffffff8 x19:0x00000000 x26=0xfffffff8
        6935000	       692	80000ad8	04f9f863	bgeu	x19,x15,80000b28	 x19:0x00000000 x15:0xea9ec18e
        6945000	       693	80000adc	7d6d3593	sltiu	x11,x26,2006	 x26:0xfffffff8 x11=0x00000000
        6955000	       694	80000ae0	05dcd863	bge	x25,x29,80000b30	 x25:0xfffffff8 x29:0x00000000
        6965000	       695	80000ae4	6ce56493	ori	x9,x10,1742	 x10:0x7a9f756f  x9=0x7a9f77ef
        6975000	       696	80000ae8	00c11d13	slli	x26,x2,0xc	  x2:0x00000006 x26=0x00006000
        6985000	       697	80000aec	8254a713	slti	x14,x9,-2011	  x9:0x7a9f77ef x14=0x00000000
        6995000	       698	80000af0	007ebeb3	sltu	x29,x29,x7	 x29:0x00000000  x7:0x80009f70 x29=0x00000001
        7005000	       699	80000af4	2688a193	slti	x3,x17,616	 x17:0x80009864  x3=0x00000001
        7015000	       700	80000af8	01c18333	add	x6,x3,x28	  x3:0x00000001 x28:0x80009fc4  x6=0x80009fc5
        7025000	       701	80000afc	3ce21097	auipc	x1,0x3ce21	  x1=0xbce21af8
        7035000	       702	80000b00	02edf663	bgeu	x27,x14,80000b2c	 x27:0x80000000 x14:0x00000000
        7045000	       703	00000000	00000013	addi	x0,x0,0	  x0:0x00000000
        7055000	       704	80000b28	00000013	addi	x0,x0,0	  x0:0x00000000
        7065000	       705	80000b2c	008cc933	xor	x18,x25,x8	 x25:0xfffffff8  x8:0xfffffffc x18=0x00000004
        7075000	       706	80000b30	5aac4213	xori	x4,x24,1450	 x24:0x00000001  x4=0x000005ab
        7085000	       707	80000b34	016b0863	beq	x22,x22,80000b44	 x22:0x00000000 x22:0x00000000
        7095000	       708	00000000	00000013	addi	x0,x0,0	  x0:0x00000000
        7105000	       709	80000b40	00000013	addi	x0,x0,0	  x0:0x00000000
        7115000	       710	80000b44	0031c5b3	xor	x11,x3,x3	  x3:0x00000001  x3:0x00000001 x11=0x00000000
        7125000	       711	80000b48	012c9293	slli	x5,x25,0x12	 x25:0xfffffff8  x5=0xffe00000
        7135000	       712	80000b4c	d5d76b37	lui	x22,0xd5d76	 x22=0xd5d76000
        7145000	       713	80000b50	00209d13	slli	x26,x1,0x2	  x1:0xbce21af8 x26=0xf3886be0
        7155000	       714	80000b54	0040f663	bgeu	x1,x4,80000b60	  x1:0xbce21af8  x4:0x000005ab
        7165000	       715	00000000	00000013	addi	x0,x0,0	  x0:0x00000000
        7175000	       716	80000b5c	00000013	addi	x0,x0,0	  x0:0x00000000
        7185000	       717	80000b60	03977463	bgeu	x14,x25,80000b88	 x14:0x00000000 x25:0xfffffff8
        7195000	       718	80000b64	4c57be93	sltiu	x29,x15,1221	 x15:0xea9ec18e x29=0x00000000
        7205000	       719	80000b68	01ee5db3	srl	x27,x28,x30	 x28:0x80009fc4 x30:0x00000001 x27=0x40004fe2
        7215000	       720	80000b6c	017f6c13	ori	x24,x30,23	 x30:0x00000001 x24=0x00000017
        7225000	       721	80000b70	e32b6313	ori	x6,x22,-462	 x22:0xd5d76000  x6=0xfffffe32
        7235000	       722	80000b74	0065bd33	sltu	x26,x11,x6	 x11:0x00000000  x6:0xfffffe32 x26=0x00000001
        7245000	       723	80000b78	00000013	addi	x0,x0,0	  x0:0x00000000
        7255000	       724	80000b7c	a1f27013	andi	x0,x4,-1505	  x4:0x000005ab
        7265000	       725	80000b80	03e9cc63	blt	x19,x30,80000bb8	 x19:0x00000000 x30:0x00000001
        7275000	       726	00000000	00000013	addi	x0,x0,0	  x0:0x00000000
        7285000	       727	80000bb4	00000013	addi	x0,x0,0	  x0:0x00000000
        7295000	       728	80000bb8	1efd6013	ori	x0,x26,495	 x26:0x00000001
        7305000	       729	80000bbc	012c0133	add	x2,x24,x18	 x24:0x00000017 x18:0x00000004  x2=0x0000001b
        7315000	       730	80000bc0	014a0f33	add	x30,x20,x20	 x20:0xffffff80 x20:0xffffff80 x30=0xffffff00
        7325000	       731	80000bc4	03696a63	bltu	x18,x22,80000bf8	 x18:0x00000004 x22:0xd5d76000
        7335000	       732	00000000	00000013	addi	x0,x0,0	  x0:0x00000000
        7345000	       733	80000bf4	00000013	addi	x0,x0,0	  x0:0x00000000
        7355000	       734	80000bf8	bc186017	auipc	x0,0xbc186	
        7365000	       735	80000bfc	00000013	addi	x0,x0,0	  x0:0x00000000
        7375000	       736	80000c00	01039093	slli	x1,x7,0x10	  x7:0x80009f70  x1=0x9f700000
        7385000	       737	80000c04	84e83113	sltiu	x2,x16,-1970	 x16:0x943de000  x2=0x00000001
        7395000	       738	80000c08	013f9fb3	sll	x31,x31,x19	 x31:0x80009f76 x19:0x00000000 x31=0x80009f76
        7405000	       739	80000c0c	032d1a63	bne	x26,x18,80000c40	 x26:0x00000001 x18:0x00000004
        7415000	       740	00000000	00000013	addi	x0,x0,0	  x0:0x00000000
        7425000	       741	80000c3c	00000013	addi	x0,x0,0	  x0:0x00000000
        7435000	       742	80000c40	00899863	bne	x19,x8,80000c50	 x19:0x00000000  x8:0xfffffffc
        7445000	       743	00000000	00000013	addi	x0,x0,0	  x0:0x00000000
        7455000	       744	80000c4c	00000013	addi	x0,x0,0	  x0:0x00000000
        7465000	       745	80000c50	403a5813	srai	x16,x20,0x3	 x20:0xffffff80 x16=0xfffffff0
        7475000	       746	80000c54	10348113	addi	x2,x9,259	  x9:0x7a9f77ef  x2=0x7a9f78f2
        7485000	       747	80000c58	00000013	addi	x0,x0,0	  x0:0x00000000
        7495000	       748	80000c5c	01c9c263	blt	x19,x28,80000c60	 x19:0x00000000 x28:0x80009fc4
        7505000	       749	80000c60	6cd46293	ori	x5,x8,1741	  x8:0xfffffffc  x5=0xfffffffd
        7515000	       750	80000c64	01959413	slli	x8,x11,0x19	 x11:0x00000000  x8=0x00000000
        7525000	       751	80000c68	be134a13	xori	x20,x6,-1055	  x6:0xfffffe32 x20=0x000005d3
        7535000	       752	80000c6c	019ca0b3	slt	x1,x25,x25	 x25:0xfffffff8 x25:0xfffffff8  x1=0x00000000
        7545000	       753	80000c70	69630413	addi	x8,x6,1686	  x6:0xfffffe32  x8=0x000004c8
        7555000	       754	80000c74	01336133	or	x2,x6,x19	  x6:0xfffffe32 x19:0x00000000  x2=0xfffffe32
        7565000	       755	80000c78	017a5863	bge	x20,x23,80000c88	 x20:0x000005d3 x23:0x00000000
        7575000	       756	00000000	00000013	addi	x0,x0,0	  x0:0x00000000
        7585000	       757	80000c84	00000013	addi	x0,x0,0	  x0:0x00000000
        7595000	       758	80000c88	39020737	lui	x14,0x39020	 x14=0x39020000
        7605000	       759	80000c8c	0132db13	srli	x22,x5,0x13	  x5:0xfffffffd x22=0x00001fff
        7615000	       760	80000c90	b9e1b093	sltiu	x1,x3,-1122	  x3:0x00000001  x1=0x00000001
        7625000	       761	80000c94	034a6063	bltu	x20,x20,80000cb4	 x20:0x000005d3 x20:0x000005d3
        7635000	       762	80000c98	01f6bd33	sltu	x26,x13,x31	 x13:0x7ffffe72 x31:0x80009f76 x26=0x00000001
        7645000	       763	80000c9c	00d07ab3	and	x21,x0,x13	  x0:0x00000000 x13:0x7ffffe72 x21=0x00000000
        7655000	       764	80000ca0	01d03bb3	sltu	x23,x0,x29	  x0:0x00000000 x29:0x00000000 x23=0x00000000
        7665000	       765	80000ca4	91473b93	sltiu	x23,x14,-1772	 x14:0x39020000 x23=0x00000001
        7675000	       766	80000ca8	02d15c63	bge	x2,x13,80000ce0	  x2:0xfffffe32 x13:0x7ffffe72
        7685000	       767	80000cac	01b43333	sltu	x6,x8,x27	  x8:0x000004c8 x27:0x40004fe2  x6=0x00000001
        7695000	       768	80000cb0	0527f263	bgeu	x15,x18,80000cf4	 x15:0xea9ec18e x18:0x00000004
        7705000	       769	00000000	00000013	addi	x0,x0,0	  x0:0x00000000
        7715000	       770	80000cf0	00000013	addi	x0,x0,0	  x0:0x00000000
        7725000	       771	80000cf4	02a58463	beq	x11,x10,80000d1c	 x11:0x00000000 x10:0x7a9f756f
        7735000	       772	80000cf8	022a5e63	bge	x20,x2,80000d34	 x20:0x000005d3  x2:0xfffffe32
        7745000	       773	00000000	00000013	addi	x0,x0,0	  x0:0x00000000
        7755000	       774	80000d30	00000013	addi	x0,x0,0	  x0:0x00000000
        7765000	       775	80000d34	013e30b3	sltu	x1,x28,x19	 x28:0x80009fc4 x19:0x00000000  x1=0x00000000
        7775000	       776	80000d38	d3f5f793	andi	x15,x11,-705	 x11:0x00000000 x15=0x00000000
        7785000	       777	80000d3c	2b6f7d13	andi	x26,x30,694	 x30:0xffffff00 x26=0x00000200
        7795000	       778	80000d40	fcbbaf93	slti	x31,x23,-53	 x23:0x00000001 x31=0x00000000
        7805000	       779	80000d44	80690e93	addi	x29,x18,-2042	 x18:0x00000004 x29=0xfffff80a
        7815000	       780	80000d48	006a7263	bgeu	x20,x6,80000d4c	 x20:0x000005d3  x6:0x00000001
        7825000	       781	00000000	00000013	addi	x0,x0,0	  x0:0x00000000
        7835000	       782	80000d48	00000013	addi	x0,x0,0	  x0:0x00000000
        7845000	       783	80000d4c	40b65033	sra	x0,x12,x11	 x12:0x00000001 x11:0x00000000
        7855000	       784	80000d50	00265a93	srli	x21,x12,0x2	 x12:0x00000001 x21=0x00000000
        7865000	       785	80000d54	01b1fdb3	and	x27,x3,x27	  x3:0x00000001 x27:0x40004fe2 x27=0x00000000
        7875000	       786	80000d58	2bbb6337	lui	x6,0x2bbb6	  x6=0x2bbb6000
        7885000	       787	80000d5c	00025733	srl	x14,x4,x0	  x4:0x000005ab  x0:0x00000000 x14=0x000005ab
        7895000	       788	80000d60	3da9f113	andi	x2,x19,986	 x19:0x00000000  x2=0x00000000
        7905000	       789	80000d64	012adb33	srl	x22,x21,x18	 x21:0x00000000 x18:0x00000004 x22=0x00000000
        7915000	       790	80000d68	0024bd33	sltu	x26,x9,x2	  x9:0x7a9f77ef  x2:0x00000000 x26=0x00000000
        7925000	       791	80000d6c	d2f02d13	slti	x26,x0,-721	  x0:0x00000000 x26=0x00000000
        7935000	       792	80000d70	ec4f7d13	andi	x26,x30,-316	 x30:0xffffff00 x26=0xfffffe00
        7945000	       793	80000d74	031d6263	bltu	x26,x17,80000d98	 x26:0xfffffe00 x17:0x80009864
        7955000	       794	80000d78	011ab033	sltu	x0,x21,x17	 x21:0x00000000 x17:0x80009864
        7965000	       795	80000d7c	018adf93	srli	x31,x21,0x18	 x21:0x00000000 x31=0x00000000
        7975000	       796	80000d80	01288eb3	add	x29,x17,x18	 x17:0x80009864 x18:0x00000004 x29=0x80009868
        7985000	       797	80000d84	6a33e193	ori	x3,x7,1699	  x7:0x80009f70  x3=0x80009ff3
        7995000	       798	80000d88	dea2aa13	slti	x20,x5,-534	  x5:0xfffffffd x20=0x00000000
        8005000	       799	80000d8c	02d71063	bne	x14,x13,80000dac	 x14:0x000005ab x13:0x7ffffe72
        8015000	       800	00000000	00000013	addi	x0,x0,0	  x0:0x00000000
        8025000	       801	80000da8	00000013	addi	x0,x0,0	  x0:0x00000000
        8035000	       802	80000dac	297ca693	slti	x13,x25,663	 x25:0xfffffff8 x13=0x00000001
        8045000	       803	80000db0	0007c7b3	xor	x15,x15,x0	 x15:0x00000000  x0:0x00000000 x15=0x00000000
        8055000	       804	80000db4	014069b3	or	x19,x0,x20	  x0:0x00000000 x20:0x00000000 x19=0x00000000
        8065000	       805	80000db8	010f40b3	xor	x1,x30,x16	 x30:0xffffff00 x16:0xfffffff0  x1=0x000000f0
        8075000	       806	80000dbc	0a468d93	addi	x27,x13,164	 x13:0x00000001 x27=0x000000a5
        8085000	       807	80000dc0	05410463	beq	x2,x20,80000e08	  x2:0x00000000 x20:0x00000000
        8095000	       808	00000000	00000013	addi	x0,x0,0	  x0:0x00000000
        8105000	       809	80000e04	00000013	addi	x0,x0,0	  x0:0x00000000
        8115000	       810	80000e08	0050cfb3	xor	x31,x1,x5	  x1:0x000000f0  x5:0xfffffffd x31=0xffffff0d
        8125000	       811	80000e0c	022f6463	bltu	x30,x2,80000e34	 x30:0xffffff00  x2:0x00000000
        8135000	       812	80000e10	4150d633	sra	x12,x1,x21	  x1:0x000000f0 x21:0x00000000 x12=0x000000f0
        8145000	       813	80000e14	ca447a93	andi	x21,x8,-860	  x8:0x000004c8 x21=0x00000480
        8155000	       814	80000e18	04e10863	beq	x2,x14,80000e68	  x2:0x00000000 x14:0x000005ab
        8165000	       815	80000e1c	0040c333	xor	x6,x1,x4	  x1:0x000000f0  x4:0x000005ab  x6=0x0000055b
        8175000	       816	80000e20	014004b3	add	x9,x0,x20	  x0:0x00000000 x20:0x00000000  x9=0x00000000
        8185000	       817	80000e24	8a463213	sltiu	x4,x12,-1884	 x12:0x000000f0  x4=0x00000001
        8195000	       818	80000e28	85787193	andi	x3,x16,-1961	 x16:0xfffffff0  x3=0xfffff850
        8205000	       819	80000e2c	01725bb3	srl	x23,x4,x23	  x4:0x00000001 x23:0x00000001 x23=0x00000000
        8215000	       820	80000e30	00000013	addi	x0,x0,0	  x0:0x00000000
        8225000	       821	80000e34	0318f863	bgeu	x17,x17,80000e64	 x17:0x80009864 x17:0x80009864
        8235000	       822	00000000	00000013	addi	x0,x0,0	  x0:0x00000000
        8245000	       823	80000e60	00000013	addi	x0,x0,0	  x0:0x00000000
        8255000	       824	80000e64	022a8063	beq	x21,x2,80000e84	 x21:0x00000480  x2:0x00000000
        8265000	       825	80000e68	01045413	srli	x8,x8,0x10	  x8:0x000004c8  x8=0x00000000
        8275000	       826	80000e6c	02eae663	bltu	x21,x14,80000e98	 x21:0x00000480 x14:0x000005ab
        8285000	       827	00000000	00000013	addi	x0,x0,0	  x0:0x00000000
        8295000	       828	80000e94	00000013	addi	x0,x0,0	  x0:0x00000000
        8305000	       829	80000e98	003b4133	xor	x2,x22,x3	 x22:0x00000000  x3:0xfffff850  x2=0xfffff850
        8315000	       830	80000e9c	c368bd13	sltiu	x26,x17,-970	 x17:0x80009864 x26=0x00000001
        8325000	       831	80000ea0	00590333	add	x6,x18,x5	 x18:0x00000004  x5:0xfffffffd  x6=0x00000001
        8335000	       832	80000ea4	044f9663	bne	x31,x4,80000ef0	 x31:0xffffff0d  x4:0x00000001
        8345000	       833	00000000	00000013	addi	x0,x0,0	  x0:0x00000000
        8355000	       834	80000eec	00000013	addi	x0,x0,0	  x0:0x00000000
        8365000	       835	80000ef0	0382ec63	bltu	x5,x24,80000f28	  x5:0xfffffffd x24:0x00000017
        8375000	       836	80000ef4	01f3c833	xor	x16,x7,x31	  x7:0x80009f70 x31:0xffffff0d x16=0x7fff607d
        8385000	       837	80000ef8	008649b3	xor	x19,x12,x8	 x12:0x000000f0  x8:0x00000000 x19=0x000000f0
        8395000	       838	80000efc	04516463	bltu	x2,x5,80000f44	  x2:0xfffff850  x5:0xfffffffd
        8405000	       839	00000000	00000013	addi	x0,x0,0	  x0:0x00000000
        8415000	       840	80000f40	00000013	addi	x0,x0,0	  x0:0x00000000
        8425000	       841	80000f44	01c8d033	srl	x0,x17,x28	 x17:0x80009864 x28:0x80009fc4
        8435000	       842	80000f48	0563fc63	bgeu	x7,x22,80000fa0	  x7:0x80009f70 x22:0x00000000
        8445000	       843	00000000	00000013	addi	x0,x0,0	  x0:0x00000000
        8455000	       844	80000f9c	00000013	addi	x0,x0,0	  x0:0x00000000
        8465000	       845	80000fa0	010f46b3	xor	x13,x30,x16	 x30:0xffffff00 x16:0x7fff607d x13=0x80009f7d
        8475000	       846	80000fa4	03595263	bge	x18,x21,80000fc8	 x18:0x00000004 x21:0x00000480
        8485000	       847	80000fa8	008e8bb3	add	x23,x29,x8	 x29:0x80009868  x8:0x00000000 x23=0x80009868
        8495000	       848	80000fac	41b28093	addi	x1,x5,1051	  x5:0xfffffffd  x1=0x00000418
        8505000	       849	80000fb0	00000013	addi	x0,x0,0	  x0:0x00000000
        8515000	       850	80000fb4	01c99663	bne	x19,x28,80000fc0	 x19:0x000000f0 x28:0x80009fc4
        8525000	       851	00000000	00000013	addi	x0,x0,0	  x0:0x00000000
        8535000	       852	80000fbc	00000013	addi	x0,x0,0	  x0:0x00000000
        8545000	       853	80000fc0	02f41c63	bne	x8,x15,80000ff8	  x8:0x00000000 x15:0x00000000
        8555000	       854	80000fc4	98a98d37	lui	x26,0x98a98	 x26=0x98a98000
        8565000	       855	80000fc8	00213233	sltu	x4,x2,x2	  x2:0xfffff850  x2:0xfffff850  x4=0x00000000
        8575000	       856	80000fcc	052f0263	beq	x30,x18,80001010	 x30:0xffffff00 x18:0x00000004
        8585000	       857	80000fd0	bb3c8813	addi	x16,x25,-1101	 x25:0xfffffff8 x16=0xfffffbab
        8595000	       858	80000fd4	00000013	addi	x0,x0,0	  x0:0x00000000
        8605000	       859	80000fd8	0557e263	bltu	x15,x21,8000101c	 x15:0x00000000 x21:0x00000480
        8615000	       860	00000000	00000013	addi	x0,x0,0	  x0:0x00000000
        8625000	       861	80001018	00000013	addi	x0,x0,0	  x0:0x00000000
        8635000	       862	8000101c	f4ba0f93	addi	x31,x20,-181	 x20:0x00000000 x31=0xffffff4b
        8645000	       863	80001020	0004deb3	srl	x29,x9,x0	  x9:0x00000000  x0:0x00000000 x29=0x00000000
        8655000	       864	80001024	fd896c93	ori	x25,x18,-40	 x18:0x00000004 x25=0xffffffdc
        8665000	       865	80001028	04a26463	bltu	x4,x10,80001070	  x4:0x00000000 x10:0x7a9f756f
        8675000	       866	00000000	00000013	addi	x0,x0,0	  x0:0x00000000
        8685000	       867	8000106c	00000013	addi	x0,x0,0	  x0:0x00000000
        8695000	       868	80001070	0262e463	bltu	x5,x6,80001098	  x5:0xfffffffd  x6:0x00000001
        8705000	       869	80001074	00b02333	slt	x6,x0,x11	  x0:0x00000000 x11:0x00000000  x6=0x00000000
        8715000	       870	80001078	0084a6b3	slt	x13,x9,x8	  x9:0x00000000  x8:0x00000000 x13=0x00000000
        8725000	       871	8000107c	4177dab3	sra	x21,x15,x23	 x15:0x00000000 x23:0x80009868 x21=0x00000000
        8735000	       872	80001080	012db933	sltu	x18,x27,x18	 x27:0x000000a5 x18:0x00000004 x18=0x00000000
        8745000	       873	80001084	f1304793	xori	x15,x0,-237	  x0:0x00000000 x15=0xffffff13
        8755000	       874	80001088	8c99f613	andi	x12,x19,-1847	 x19:0x000000f0 x12=0x000000c0
        8765000	       875	8000108c	4e9aa893	slti	x17,x21,1257	 x21:0x00000000 x17=0x00000001
        8775000	       876	80001090	400aba93	sltiu	x21,x21,1024	 x21:0x00000000 x21=0x00000001
        8785000	       877	80001094	02bdec63	bltu	x27,x11,800010cc	 x27:0x000000a5 x11:0x00000000
        8795000	       878	80001098	1a15f213	andi	x4,x11,417	 x11:0x00000000  x4=0x00000000
        8805000	       879	8000109c	01001b33	sll	x22,x0,x16	  x0:0x00000000 x16:0xfffffbab x22=0x00000000
        8815000	       880	800010a0	0362de63	bge	x5,x22,800010dc	  x5:0xfffffffd x22:0x00000000
        8825000	       881	800010a4	017fe033	or	x0,x31,x23	 x31:0xffffff4b x23:0x80009868
        8835000	       882	800010a8	00322433	slt	x8,x4,x3	  x4:0x00000000  x3:0xfffff850  x8=0x00000000
        8845000	       883	800010ac	04d31263	bne	x6,x13,800010f0	  x6:0x00000000 x13:0x00000000
        8855000	       884	800010b0	00f8d193	srli	x3,x17,0xf	 x17:0x00000001  x3=0x00000000
        8865000	       885	800010b4	0030cdb3	xor	x27,x1,x3	  x1:0x00000418  x3:0x00000000 x27=0x00000418
        8875000	       886	800010b8	ef870813	addi	x16,x14,-264	 x14:0x000005ab x16=0x000004a3
        8885000	       887	800010bc	4000d793	srai	x15,x1,0x0	  x1:0x00000418 x15=0x00000418
        8895000	       888	800010c0	02e40063	beq	x8,x14,800010e0	  x8:0x00000000 x14:0x000005ab
        8905000	       889	800010c4	98baf913	andi	x18,x21,-1653	 x21:0x00000001 x18=0x00000001
        8915000	       890	800010c8	80e5ad17	auipc	x26,0x80e5a	 x26=0x00e5b0c4
        8925000	       891	800010cc	ae3f4113	xori	x2,x30,-1309	 x30:0xffffff00  x2=0x000005e3
        8935000	       892	800010d0	4035dbb3	sra	x23,x11,x3	 x11:0x00000000  x3:0x00000000 x23=0x00000000
        8945000	       893	800010d4	40ea5033	sra	x0,x20,x14	 x20:0x00000000 x14:0x000005ab
        8955000	       894	800010d8	04181863	bne	x16,x1,80001128	 x16:0x000004a3  x1:0x00000418
        8965000	       895	00000000	00000013	addi	x0,x0,0	  x0:0x00000000
        8975000	       896	80001124	00000013	addi	x0,x0,0	  x0:0x00000000
        8985000	       897	80001128	5a717b93	andi	x23,x2,1447	  x2:0x000005e3 x23=0x000005a3
        8995000	       898	8000112c	77b0a093	slti	x1,x1,1915	  x1:0x00000418  x1=0x00000001
        9005000	       899	80001130	03d46863	bltu	x8,x29,80001160	  x8:0x00000000 x29:0x00000000
        9015000	       900	80001134	e78cb593	sltiu	x11,x25,-392	 x25:0xffffffdc x11=0x00000000
        9025000	       901	80001138	40bbd293	srai	x5,x23,0xb	 x23:0x000005a3  x5=0x00000000
        9035000	       902	8000113c	00000013	addi	x0,x0,0	  x0:0x00000000
        9045000	       903	80001140	01581733	sll	x14,x16,x21	 x16:0x000004a3 x21:0x00000001 x14=0x00000946
        9055000	       904	80001144	40db8eb3	sub	x29,x23,x13	 x23:0x000005a3 x13:0x00000000 x29=0x000005a3
        9065000	       905	80001148	71e97c93	andi	x25,x18,1822	 x18:0x00000001 x25=0x00000000
        9075000	       906	8000114c	01c52d33	slt	x26,x10,x28	 x10:0x7a9f756f x28:0x80009fc4 x26=0x00000000
        9085000	       907	80001150	006b9093	slli	x1,x23,0x6	 x23:0x000005a3  x1=0x000168c0
        9095000	       908	80001154	047f1663	bne	x30,x7,800011a0	 x30:0xffffff00  x7:0x80009f70
        9105000	       909	00000000	00000013	addi	x0,x0,0	  x0:0x00000000
        9115000	       910	8000119c	00000013	addi	x0,x0,0	  x0:0x00000000
        9125000	       911	800011a0	f4c2c037	lui	x0,0xf4c2c	
        9135000	       912	800011a4	05295863	bge	x18,x18,800011f4	 x18:0x00000001 x18:0x00000001
        9145000	       913	00000000	00000013	addi	x0,x0,0	  x0:0x00000000
        9155000	       914	800011f0	00000013	addi	x0,x0,0	  x0:0x00000000
        9165000	       915	800011f4	00000013	addi	x0,x0,0	  x0:0x00000000
        9175000	       916	800011f8	016dd013	srli	x0,x27,0x16	 x27:0x00000418
        9185000	       917	800011fc	4093d6b3	sra	x13,x7,x9	  x7:0x80009f70  x9:0x00000000 x13=0x80009f70
        9195000	       918	80001200	0af18063	beq	x3,x15,800012a0	  x3:0x00000000 x15:0x00000418
        9205000	       919	80001204	0150f2b3	and	x5,x1,x21	  x1:0x000168c0 x21:0x00000001  x5=0x00000000
        9215000	       920	80001208	00900f93	addi	x31,x0,9	  x0:0x00000000 x31=0x00000009
        9225000	       921	8000120c	41028f33	sub	x30,x5,x16	  x5:0x00000000 x16:0x000004a3 x30=0xfffffb5d
        9235000	       922	80001210	00f00a93	addi	x21,x0,15	  x0:0x00000000 x21=0x0000000f
        9245000	       923	80001214	41e15293	srai	x5,x2,0x1e	  x2:0x000005e3  x5=0x00000000
        9255000	       924	80001218	0182a133	slt	x2,x5,x24	  x5:0x00000000 x24:0x00000017  x2=0x00000001
        9265000	       925	8000121c	01689613	slli	x12,x17,0x16	 x17:0x00000001 x12=0x00400000
        9275000	       926	80001220	925bef17	auipc	x30,0x925be	 x30=0x125bf21c
        9285000	       927	80001224	d1dd3c13	sltiu	x24,x26,-739	 x26:0x00000000 x24=0x00000001
        9295000	       928	80001228	ae3bc137	lui	x2,0xae3bc	  x2=0xae3bc000
        9305000	       929	8000122c	003f8f93	addi	x31,x31,3	 x31:0x00000009 x31=0x0000000c
        9315000	       930	80001230	00201d33	sll	x26,x0,x2	  x0:0x00000000  x2:0xae3bc000 x26=0x00000000
        9325000	       931	80001234	09436013	ori	x0,x6,148	  x6:0x00000000
        9335000	       932	80001238	41f7d413	srai	x8,x15,0x1f	 x15:0x00000418  x8=0x00000000
        9345000	       933	8000123c	01534cb3	xor	x25,x6,x21	  x6:0x00000000 x21:0x0000000f x25=0x0000000f
        9355000	       934	80001240	9288a913	slti	x18,x17,-1752	 x17:0x00000001 x18=0x00000000
        9365000	       935	80001244	01244a33	xor	x20,x8,x18	  x8:0x00000000 x18:0x00000000 x20=0x00000000
        9375000	       936	80001248	4b8b5637	lui	x12,0x4b8b5	 x12=0x4b8b5000
        9385000	       937	8000124c	86a83293	sltiu	x5,x16,-1942	 x16:0x000004a3  x5=0x00000001
        9395000	       938	80001250	0161ea33	or	x20,x3,x22	  x3:0x00000000 x22:0x00000000 x20=0x00000000
        9405000	       939	80001254	011bd9b3	srl	x19,x23,x17	 x23:0x000005a3 x17:0x00000001 x19=0x000002d1
        9415000	       940	80001258	762e4193	xori	x3,x28,1890	 x28:0x80009fc4  x3=0x800098a6
        9425000	       941	8000125c	fd5fe4e3	bltu	x31,x21,80001224	 x31:0x0000000c x21:0x0000000f
        9435000	       942	00000000	00000013	addi	x0,x0,0	  x0:0x00000000
        9445000	       943	80001220	00000013	addi	x0,x0,0	  x0:0x00000000
        9455000	       944	80001224	d1dd3c13	sltiu	x24,x26,-739	 x26:0x00000000 x24=0x00000001
        9465000	       945	80001228	ae3bc137	lui	x2,0xae3bc	  x2=0xae3bc000
        9475000	       946	8000122c	003f8f93	addi	x31,x31,3	 x31:0x0000000c x31=0x0000000f
        9485000	       947	80001230	00201d33	sll	x26,x0,x2	  x0:0x00000000  x2:0xae3bc000 x26=0x00000000
        9495000	       948	80001234	09436013	ori	x0,x6,148	  x6:0x00000000
        9505000	       949	80001238	41f7d413	srai	x8,x15,0x1f	 x15:0x00000418  x8=0x00000000
        9515000	       950	8000123c	01534cb3	xor	x25,x6,x21	  x6:0x00000000 x21:0x0000000f x25=0x0000000f
        9525000	       951	80001240	9288a913	slti	x18,x17,-1752	 x17:0x00000001 x18=0x00000000
        9535000	       952	80001244	01244a33	xor	x20,x8,x18	  x8:0x00000000 x18:0x00000000 x20=0x00000000
        9545000	       953	80001248	4b8b5637	lui	x12,0x4b8b5	 x12=0x4b8b5000
        9555000	       954	8000124c	86a83293	sltiu	x5,x16,-1942	 x16:0x000004a3  x5=0x00000001
        9565000	       955	80001250	0161ea33	or	x20,x3,x22	  x3:0x800098a6 x22:0x00000000 x20=0x800098a6
        9575000	       956	80001254	011bd9b3	srl	x19,x23,x17	 x23:0x000005a3 x17:0x00000001 x19=0x000002d1
        9585000	       957	80001258	762e4193	xori	x3,x28,1890	 x28:0x80009fc4  x3=0x800098a6
        9595000	       958	8000125c	fd5fe4e3	bltu	x31,x21,80001224	 x31:0x0000000f x21:0x0000000f
        9605000	       959	80001260	73c22193	slti	x3,x4,1852	  x4:0x00000000  x3=0x00000001
        9615000	       960	80001264	01f07c33	and	x24,x0,x31	  x0:0x00000000 x31:0x0000000f x24=0x00000000
        9625000	       961	80001268	da6deb13	ori	x22,x27,-602	 x27:0x00000418 x22=0xfffffdbe
        9635000	       962	8000126c	0306cc63	blt	x13,x16,800012a4	 x13:0x80009f70 x16:0x000004a3
        9645000	       963	00000000	00000013	addi	x0,x0,0	  x0:0x00000000
        9655000	       964	800012a0	00000013	addi	x0,x0,0	  x0:0x00000000
        9665000	       965	800012a4	0246d663	bge	x13,x4,800012d0	 x13:0x80009f70  x4:0x00000000
        9675000	       966	800012a8	02d5ca63	blt	x11,x13,800012dc	 x11:0x00000000 x13:0x80009f70
        9685000	       967	800012ac	41235113	srai	x2,x6,0x12	  x6:0x00000000  x2=0x00000000
        9695000	       968	800012b0	04428863	beq	x5,x4,80001300	  x5:0x00000001  x4:0x00000000
        9705000	       969	800012b4	00000013	addi	x0,x0,0	  x0:0x00000000
        9715000	       970	800012b8	00061793	slli	x15,x12,0x0	 x12:0x4b8b5000 x15=0x4b8b5000
        9725000	       971	800012bc	9d4c7193	andi	x3,x24,-1580	 x24:0x00000000  x3=0x00000000
        9735000	       972	800012c0	41a3d793	srai	x15,x7,0x1a	  x7:0x80009f70 x15=0xffffffe0
        9745000	       973	800012c4	0470d663	bge	x1,x7,80001310	  x1:0x000168c0  x7:0x80009f70
        9755000	       974	00000000	00000013	addi	x0,x0,0	  x0:0x00000000
        9765000	       975	8000130c	00000013	addi	x0,x0,0	  x0:0x00000000
        9775000	       976	80001310	0009f933	and	x18,x19,x0	 x19:0x000002d1  x0:0x00000000 x18=0x00000000
        9785000	       977	80001314	4077d633	sra	x12,x15,x7	 x15:0xffffffe0  x7:0x80009f70 x12=0xffffffff
        9795000	       978	80001318	00b8ffb3	and	x31,x17,x11	 x17:0x00000001 x11:0x00000000 x31=0x00000000
        9805000	       979	8000131c	406ed493	srai	x9,x29,0x6	 x29:0x000005a3  x9=0x00000016
        9815000	       980	80001320	41e85833	sra	x16,x16,x30	 x16:0x000004a3 x30:0x125bf21c x16=0x00000000
        9825000	       981	80001324	02088c63	beq	x17,x0,8000135c	 x17:0x00000001  x0:0x00000000
        9835000	       982	80001328	00dd1613	slli	x12,x26,0xd	 x26:0x00000000 x12=0x00000000
        9845000	       983	8000132c	a5e92ab7	lui	x21,0xa5e92	 x21=0xa5e92000
        9855000	       984	80001330	1699fb97	auipc	x23,0x1699f	 x23=0x969a032c
        9865000	       985	80001334	41998033	sub	x0,x19,x25	 x19:0x000002d1 x25:0x0000000f
        9875000	       986	80001338	412687b3	sub	x15,x13,x18	 x13:0x80009f70 x18:0x00000000 x15=0x80009f70
        9885000	       987	8000133c	04f30063	beq	x6,x15,8000137c	  x6:0x00000000 x15:0x80009f70
        9895000	       988	80001340	41225593	srai	x11,x4,0x12	  x4:0x00000000 x11=0x00000000
        9905000	       989	80001344	eb054793	xori	x15,x10,-336	 x10:0x7a9f756f x15=0x85608bdf
        9915000	       990	80001348	41b25113	srai	x2,x4,0x1b	  x4:0x00000000  x2=0x00000000
        9925000	       991	8000134c	21753993	sltiu	x19,x10,535	 x10:0x7a9f756f x19=0x00000000
        9935000	       992	80001350	41625913	srai	x18,x4,0x16	  x4:0x00000000 x18=0x00000000
        9945000	       993	80001354	05aee263	bltu	x29,x26,80001398	 x29:0x000005a3 x26:0x00000000
        9955000	       994	80001358	0d4a2897	auipc	x17,0xd4a2	 x17=0x8d4a3354
        9965000	       995	8000135c	5abe0413	addi	x8,x28,1451	 x28:0x80009fc4  x8=0x8000a56f
        9975000	       996	80001360	0291f263	bgeu	x3,x9,80001384	  x3:0x00000000  x9:0x00000016
        9985000	       997	80001364	800f64b7	lui	x9,0x800f6	  x9=0x800f6000
        9995000	       998	80001368	0986b893	sltiu	x17,x13,152	 x13:0x80009f70 x17=0x00000000
       10005000	       999	8000136c	1b6c0e93	addi	x29,x24,438	 x24:0x00000000 x29=0x000001b6
       10015000	      1000	80001370	fc0c3d13	sltiu	x26,x24,-64	 x24:0x00000000 x26=0x00000001
       10025000	      1001	80001374	01240863	beq	x8,x18,80001384	  x8:0x8000a56f x18:0x00000000
       10035000	      1002	80001378	0155bf33	sltu	x30,x11,x21	 x11:0x00000000 x21:0xa5e92000 x30=0x00000001
       10045000	      1003	8000137c	00655f93	srli	x31,x10,0x6	 x10:0x7a9f756f x31=0x01ea7dd5
       10055000	      1004	80001380	17bf8713	addi	x14,x31,379	 x31:0x01ea7dd5 x14=0x01ea7f50
       10065000	      1005	80001384	7dd06493	ori	x9,x0,2013	  x0:0x00000000  x9=0x000007dd
       10075000	      1006	80001388	b79d3f13	sltiu	x30,x26,-1159	 x26:0x00000001 x30=0x00000001
       10085000	      1007	8000138c	01ce2cb3	slt	x25,x28,x28	 x28:0x80009fc4 x28:0x80009fc4 x25=0x00000000
       10095000	      1008	80001390	f1e07117	auipc	x2,0xf1e07	  x2=0x71e0838c
       10105000	      1009	80001394	02e00063	beq	x0,x14,800013b4	  x0:0x00000000 x14:0x01ea7f50
       10115000	      1010	80001398	f6972a13	slti	x20,x14,-151	 x14:0x01ea7f50 x20=0x00000000
       10125000	      1011	8000139c	02fa8863	beq	x21,x15,800013cc	 x21:0xa5e92000 x15:0x85608bdf
       10135000	      1012	800013a0	db5bac13	slti	x24,x23,-587	 x23:0x969a032c x24=0x00000001
       10145000	      1013	800013a4	513cb813	sltiu	x16,x25,1299	 x25:0x00000000 x16=0x00000001
       10155000	      1014	800013a8	00937433	and	x8,x6,x9	  x6:0x00000000  x9:0x000007dd  x8=0x00000000
       10165000	      1015	800013ac	550b7213	andi	x4,x22,1360	 x22:0xfffffdbe  x4=0x00000510
       10175000	      1016	800013b0	04f1c063	blt	x3,x15,800013f0	  x3:0x00000000 x15:0x85608bdf
       10185000	      1017	800013b4	9e162693	slti	x13,x12,-1567	 x12:0x00000000 x13=0x00000000
       10195000	      1018	800013b8	046d5863	bge	x26,x6,80001408	 x26:0x00000001  x6:0x00000000
       10205000	      1019	00000000	00000013	addi	x0,x0,0	  x0:0x00000000
       10215000	      1020	80001404	00000013	addi	x0,x0,0	  x0:0x00000000
       10225000	      1021	80001408	01ca5233	srl	x4,x20,x28	 x20:0x00000000 x28:0x80009fc4  x4=0x00000000
       10235000	      1022	8000140c	0142dab3	srl	x21,x5,x20	  x5:0x00000001 x20:0x00000000 x21=0x00000001
       10245000	      1023	80001410	00b7ddb3	srl	x27,x15,x11	 x15:0x85608bdf x11:0x00000000 x27=0x85608bdf
       10255000	      1024	80001414	51d30a13	addi	x20,x6,1309	  x6:0x00000000 x20=0x0000051d
       10265000	      1025	80001418	8b188d13	addi	x26,x17,-1871	 x17:0x00000000 x26=0xfffff8b1
       10275000	      1026	8000141c	9723cc93	xori	x25,x7,-1678	  x7:0x80009f70 x25=0x7fff6602
       10285000	      1027	80001420	014b2b33	slt	x22,x22,x20	 x22:0xfffffdbe x20:0x0000051d x22=0x00000001
       10295000	      1028	80001424	8971e993	ori	x19,x3,-1897	  x3:0x00000000 x19=0xfffff897
       10305000	      1029	80001428	00000013	addi	x0,x0,0	  x0:0x00000000
       10315000	      1030	8000142c	030efc63	bgeu	x29,x16,80001464	 x29:0x000001b6 x16:0x00000001
       10325000	      1031	00000000	00000013	addi	x0,x0,0	  x0:0x00000000
       10335000	      1032	80001460	00000013	addi	x0,x0,0	  x0:0x00000000
       10345000	      1033	80001464	004c9f93	slli	x31,x25,0x4	 x25:0x7fff6602 x31=0xfff66020
       10355000	      1034	80001468	e6532413	slti	x8,x6,-411	  x6:0x00000000  x8=0x00000000
       10365000	      1035	8000146c	0daef413	andi	x8,x29,218	 x29:0x000001b6  x8=0x00000092
       10375000	      1036	80001470	008adc33	srl	x24,x21,x8	 x21:0x00000001  x8:0x00000092 x24=0x00000000
       10385000	      1037	80001474	20db8d13	addi	x26,x23,525	 x23:0x969a032c x26=0x969a0539
       10395000	      1038	80001478	01bfdf33	srl	x30,x31,x27	 x31:0xfff66020 x27:0x85608bdf x30=0x00000001
       10405000	      1039	8000147c	00b049b3	xor	x19,x0,x11	  x0:0x00000000 x11:0x00000000 x19=0x00000000
       10415000	      1040	80001480	01e77233	and	x4,x14,x30	 x14:0x01ea7f50 x30:0x00000001  x4=0x00000000
       10425000	      1041	80001484	01652333	slt	x6,x10,x22	 x10:0x7a9f756f x22:0x00000001  x6=0x00000000
       10435000	      1042	80001488	018f0233	add	x4,x30,x24	 x30:0x00000001 x24:0x00000000  x4=0x00000001
       10445000	      1043	8000148c	41a7d233	sra	x4,x15,x26	 x15:0x85608bdf x26:0x969a0539  x4=0xffffffc2
       10455000	      1044	80001490	020e4b97	auipc	x23,0x20e4	 x23=0x820e548c
       10465000	      1045	80001494	01ecfe63	bgeu	x25,x30,800014b0	 x25:0x7fff6602 x30:0x00000001
       10475000	      1046	00000000	00000013	addi	x0,x0,0	  x0:0x00000000
       10485000	      1047	800014ac	00000013	addi	x0,x0,0	  x0:0x00000000
       10495000	      1048	800014b0	00887cb3	and	x25,x16,x8	 x16:0x00000001  x8:0x00000092 x25=0x00000000
       10505000	      1049	800014b4	010fef33	or	x30,x31,x16	 x31:0xfff66020 x16:0x00000001 x30=0xfff66021
       10515000	      1050	800014b8	04b14663	blt	x2,x11,80001504	  x2:0x71e0838c x11:0x00000000
       10525000	      1051	800014bc	401c8133	sub	x2,x25,x1	 x25:0x00000000  x1:0x000168c0  x2=0xfffe9740
       10535000	      1052	800014c0	0417d863	bge	x15,x1,80001510	 x15:0x85608bdf  x1:0x000168c0
       10545000	      1053	800014c4	870f7997	auipc	x19,0x870f7	 x19=0x070f84c0
       10555000	      1054	800014c8	01db9263	bne	x23,x29,800014cc	 x23:0x820e548c x29:0x000001b6
       10565000	      1055	00000000	00000013	addi	x0,x0,0	  x0:0x00000000
       10575000	      1056	800014c8	00000013	addi	x0,x0,0	  x0:0x00000000
       10585000	      1057	800014cc	016a0433	add	x8,x20,x22	 x20:0x0000051d x22:0x00000001  x8=0x0000051e
       10595000	      1058	800014d0	d4c9e213	ori	x4,x19,-692	 x19:0x070f84c0  x4=0xfffffdcc
       10605000	      1059	800014d4	400ed333	sra	x6,x29,x0	 x29:0x000001b6  x0:0x00000000  x6=0x000001b6
       10615000	      1060	800014d8	d8e59997	auipc	x19,0xd8e59	 x19=0x58e5a4d4
       10625000	      1061	800014dc	0169beb3	sltu	x29,x19,x22	 x19:0x58e5a4d4 x22:0x00000001 x29=0x00000000
       10635000	      1062	800014e0	011bd233	srl	x4,x23,x17	 x23:0x820e548c x17:0x00000000  x4=0x820e548c
       10645000	      1063	800014e4	00000013	addi	x0,x0,0	  x0:0x00000000
       10655000	      1064	800014e8	04bd7263	bgeu	x26,x11,8000152c	 x26:0x969a0539 x11:0x00000000
       10665000	      1065	00000000	00000013	addi	x0,x0,0	  x0:0x00000000
       10675000	      1066	80001528	00000013	addi	x0,x0,0	  x0:0x00000000
       10685000	      1067	8000152c	4083d313	srai	x6,x7,0x8	  x7:0x80009f70  x6=0xff80009f
       10695000	      1068	80001530	45596313	ori	x6,x18,1109	 x18:0x00000000  x6=0x00000455
       10705000	      1069	80001534	00435933	srl	x18,x6,x4	  x6:0x00000455  x4:0x820e548c x18=0x00000000
       10715000	      1070	80001538	02e97c63	bgeu	x18,x14,80001570	 x18:0x00000000 x14:0x01ea7f50
       10725000	      1071	8000153c	fba0ff93	andi	x31,x1,-70	  x1:0x000168c0 x31=0x00016880
       10735000	      1072	80001540	01210233	add	x4,x2,x18	  x2:0xfffe9740 x18:0x00000000  x4=0xfffe9740
       10745000	      1073	80001544	005f3433	sltu	x8,x30,x5	 x30:0xfff66021  x5:0x00000001  x8=0x00000000
       10755000	      1074	80001548	bf835bb7	lui	x23,0xbf835	 x23=0xbf835000
       10765000	      1075	8000154c	a5e82b97	auipc	x23,0xa5e82	 x23=0x25e83548
       10775000	      1076	80001550	00505d93	srli	x27,x0,0x5	  x0:0x00000000 x27=0x00000000
       10785000	      1077	80001554	00000013	addi	x0,x0,0	  x0:0x00000000
       10795000	      1078	80001558	0347cc63	blt	x15,x20,80001590	 x15:0x85608bdf x20:0x0000051d
       10805000	      1079	00000000	00000013	addi	x0,x0,0	  x0:0x00000000
       10815000	      1080	8000158c	00000013	addi	x0,x0,0	  x0:0x00000000
       10825000	      1081	80001590	478d7413	andi	x8,x26,1144	 x26:0x969a0539  x8=0x00000438
       10835000	      1082	80001594	013f4db3	xor	x27,x30,x19	 x30:0xfff66021 x19:0x58e5a4d4 x27=0xa713c4f5
       10845000	      1083	80001598	00062c33	slt	x24,x12,x0	 x12:0x00000000  x0:0x00000000 x24=0x00000000
       10855000	      1084	8000159c	d884cf97	auipc	x31,0xd884c	 x31=0x5884d598
       10865000	      1085	800015a0	01200863	beq	x0,x18,800015b0	  x0:0x00000000 x18:0x00000000
       10875000	      1086	00000000	00000013	addi	x0,x0,0	  x0:0x00000000
       10885000	      1087	800015ac	00000013	addi	x0,x0,0	  x0:0x00000000
       10895000	      1088	800015b0	005ae133	or	x2,x21,x5	 x21:0x00000001  x5:0x00000001  x2=0x00000001
       10905000	      1089	800015b4	05fcd863	bge	x25,x31,80001604	 x25:0x00000000 x31:0x5884d598
       10915000	      1090	800015b8	00231933	sll	x18,x6,x2	  x6:0x00000455  x2:0x00000001 x18=0x000008aa
       10925000	      1091	800015bc	0cec3b13	sltiu	x22,x24,206	 x24:0x00000000 x22=0x00000001
       10935000	      1092	800015c0	002ad933	srl	x18,x21,x2	 x21:0x00000001  x2:0x00000001 x18=0x00000000
       10945000	      1093	800015c4	011b9633	sll	x12,x23,x17	 x23:0x25e83548 x17:0x00000000 x12=0x25e83548
       10955000	      1094	800015c8	00a136b3	sltu	x13,x2,x10	  x2:0x00000001 x10:0x7a9f756f x13=0x00000001
       10965000	      1095	800015cc	0138dab3	srl	x21,x17,x19	 x17:0x00000000 x19:0x58e5a4d4 x21=0x00000000
       10975000	      1096	800015d0	03045863	bge	x8,x16,80001600	  x8:0x00000438 x16:0x00000001
       10985000	      1097	00000000	00000013	addi	x0,x0,0	  x0:0x00000000
       10995000	      1098	800015fc	00000013	addi	x0,x0,0	  x0:0x00000000
       11005000	      1099	80001600	2ee32a13	slti	x20,x6,750	  x6:0x00000455 x20=0x00000000
       11015000	      1100	80001604	010082b3	add	x5,x1,x16	  x1:0x000168c0 x16:0x00000001  x5=0x000168c1
       11025000	      1101	80001608	0246b693	sltiu	x13,x13,36	 x13:0x00000001 x13=0x00000001
       11035000	      1102	8000160c	8c088a93	addi	x21,x17,-1856	 x17:0x00000000 x21=0xfffff8c0
       11045000	      1103	80001610	018c3d33	sltu	x26,x24,x24	 x24:0x00000000 x24:0x00000000 x26=0x00000000
       11055000	      1104	80001614	01995eb3	srl	x29,x18,x25	 x18:0x00000000 x25:0x00000000 x29=0x00000000
       11065000	      1105	80001618	01d63b33	sltu	x22,x12,x29	 x12:0x25e83548 x29:0x00000000 x22=0x00000000
       11075000	      1106	8000161c	027c1e63	bne	x24,x7,80001658	 x24:0x00000000  x7:0x80009f70
       11085000	      1107	00000000	00000013	addi	x0,x0,0	  x0:0x00000000
       11095000	      1108	80001654	00000013	addi	x0,x0,0	  x0:0x00000000
       11105000	      1109	80001658	d8463197	auipc	x3,0xd8463	  x3=0x58464654
       11115000	      1110	8000165c	01eb70b3	and	x1,x22,x30	 x22:0x00000000 x30:0xfff66021  x1=0x00000000
       11125000	      1111	80001660	41af5193	srai	x3,x30,0x1a	 x30:0xfff66021  x3=0xffffffff
       11135000	      1112	80001664	4052dfb3	sra	x31,x5,x5	  x5:0x000168c1  x5:0x000168c1 x31=0x0000b460
       11145000	      1113	80001668	00000013	addi	x0,x0,0	  x0:0x00000000
       11155000	      1114	8000166c	03420063	beq	x4,x20,8000168c	  x4:0xfffe9740 x20:0x00000000
       11165000	      1115	80001670	01476663	bltu	x14,x20,8000167c	 x14:0x01ea7f50 x20:0x00000000
       11175000	      1116	80001674	38537213	andi	x4,x6,901	  x6:0x00000455  x4=0x00000005
       11185000	      1117	80001678	05fb4663	blt	x22,x31,800016c4	 x22:0x00000000 x31:0x0000b460
       11195000	      1118	00000000	00000013	addi	x0,x0,0	  x0:0x00000000
       11205000	      1119	800016c0	00000013	addi	x0,x0,0	  x0:0x00000000
       11215000	      1120	800016c4	0379f263	bgeu	x19,x23,800016e8	 x19:0x58e5a4d4 x23:0x25e83548
       11225000	      1121	00000000	00000013	addi	x0,x0,0	  x0:0x00000000
       11235000	      1122	800016e4	00000013	addi	x0,x0,0	  x0:0x00000000
       11245000	      1123	800016e8	04007063	bgeu	x0,x0,80001728	  x0:0x00000000  x0:0x00000000
       11255000	      1124	00000000	00000013	addi	x0,x0,0	  x0:0x00000000
       11265000	      1125	80001724	00000013	addi	x0,x0,0	  x0:0x00000000
       11275000	      1126	80001728	2b5836b7	lui	x13,0x2b583	 x13=0x2b583000
       11285000	      1127	8000172c	99052593	slti	x11,x10,-1648	 x10:0x7a9f756f x11=0x00000000
       11295000	      1128	80001730	01b21f33	sll	x30,x4,x27	  x4:0x00000005 x27:0xa713c4f5 x30=0x00a00000
       11305000	      1129	80001734	86e5ea93	ori	x21,x11,-1938	 x11:0x00000000 x21=0xfffff86e
       11315000	      1130	80001738	01b09793	slli	x15,x1,0x1b	  x1:0x00000000 x15=0x00000000
       11325000	      1131	8000173c	419f5633	sra	x12,x30,x25	 x30:0x00a00000 x25:0x00000000 x12=0x00a00000
       11335000	      1132	80001740	01b8d093	srli	x1,x17,0x1b	 x17:0x00000000  x1=0x00000000
       11345000	      1133	80001744	0138d0b3	srl	x1,x17,x19	 x17:0x00000000 x19:0x58e5a4d4  x1=0x00000000
       11355000	      1134	80001748	030a6e63	bltu	x20,x16,80001784	 x20:0x00000000 x16:0x00000001
       11365000	      1135	00000000	00000013	addi	x0,x0,0	  x0:0x00000000
       11375000	      1136	80001780	00000013	addi	x0,x0,0	  x0:0x00000000
       11385000	      1137	80001784	01e1d633	srl	x12,x3,x30	  x3:0xffffffff x30:0x00a00000 x12=0xffffffff
       11395000	      1138	80001788	00525693	srli	x13,x4,0x5	  x4:0x00000005 x13=0x00000000
       11405000	      1139	8000178c	072e7c63	bgeu	x28,x18,80001804	 x28:0x80009fc4 x18:0x00000000
       11415000	      1140	00000000	00000013	addi	x0,x0,0	  x0:0x00000000
       11425000	      1141	80001800	00000013	addi	x0,x0,0	  x0:0x00000000
       11435000	      1142	80001804	00000013	addi	x0,x0,0	  x0:0x00000000
       11445000	      1143	80001808	9ea3a993	slti	x19,x7,-1558	  x7:0x80009f70 x19=0x00000001
       11455000	      1144	8000180c	31396a93	ori	x21,x18,787	 x18:0x00000000 x21=0x00000313
       11465000	      1145	80001810	00000013	addi	x0,x0,0	  x0:0x00000000
       11475000	      1146	80001814	5faeb413	sltiu	x8,x29,1530	 x29:0x00000000  x8=0x00000001
       11485000	      1147	80001818	001cfbb3	and	x23,x25,x1	 x25:0x00000000  x1:0x00000000 x23=0x00000000
       11495000	      1148	8000181c	058bd663	bge	x23,x24,80001868	 x23:0x00000000 x24:0x00000000
       11505000	      1149	00000000	00000013	addi	x0,x0,0	  x0:0x00000000
       11515000	      1150	80001864	00000013	addi	x0,x0,0	  x0:0x00000000
       11525000	      1151	80001868	bbf38213	addi	x4,x7,-1089	  x7:0x80009f70  x4=0x80009b2f
       11535000	      1152	8000186c	009cee63	bltu	x25,x9,80001888	 x25:0x00000000  x9:0x000007dd
       11545000	      1153	00000000	00000013	addi	x0,x0,0	  x0:0x00000000
       11555000	      1154	80001884	00000013	addi	x0,x0,0	  x0:0x00000000
       11565000	      1155	80001888	01641f13	slli	x30,x8,0x16	  x8:0x00000001 x30=0x00400000
       11575000	      1156	8000188c	f0b2ce97	auipc	x29,0xf0b2c	 x29=0x70b2d888
       11585000	      1157	80001890	afd7ba97	auipc	x21,0xafd7b	 x21=0x2fd7c88c
       11595000	      1158	80001894	02718663	beq	x3,x7,800018c0	  x3:0xffffffff  x7:0x80009f70
       11605000	      1159	80001898	01259c13	slli	x24,x11,0x12	 x11:0x00000000 x24=0x00000000
       11615000	      1160	8000189c	00e35633	srl	x12,x6,x14	  x6:0x00000455 x14:0x01ea7f50 x12=0x00000000
       11625000	      1161	800018a0	b6c15f37	lui	x30,0xb6c15	 x30=0xb6c15000
       11635000	      1162	800018a4	ed638897	auipc	x17,0xed638	 x17=0x6d6398a0
       11645000	      1163	800018a8	72953717	auipc	x14,0x72953	 x14=0xf29548a4
       11655000	      1164	800018ac	0175d713	srli	x14,x11,0x17	 x11:0x00000000 x14=0x00000000
       11665000	      1165	800018b0	00ab6933	or	x18,x22,x10	 x22:0x00000000 x10:0x7a9f756f x18=0x7a9f756f
       11675000	      1166	800018b4	015c3733	sltu	x14,x24,x21	 x24:0x00000000 x21:0x2fd7c88c x14=0x00000001
       11685000	      1167	800018b8	f1964a97	auipc	x21,0xf1964	 x21=0x719658b4
       11695000	      1168	800018bc	04cbc263	blt	x23,x12,80001900	 x23:0x00000000 x12:0x00000000
       11705000	      1169	800018c0	0062dc13	srli	x24,x5,0x6	  x5:0x000168c1 x24=0x000005a3
       11715000	      1170	800018c4	41370b33	sub	x22,x14,x19	 x14:0x00000001 x19:0x00000001 x22=0x00000000
       11725000	      1171	800018c8	00df1613	slli	x12,x30,0xd	 x30:0xb6c15000 x12=0x2a000000
       11735000	      1172	800018cc	40575c13	srai	x24,x14,0x5	 x14:0x00000001 x24=0x00000000
       11745000	      1173	800018d0	02259c63	bne	x11,x2,80001908	 x11:0x00000000  x2:0x00000001
       11755000	      1174	00000000	00000013	addi	x0,x0,0	  x0:0x00000000
       11765000	      1175	80001904	00000013	addi	x0,x0,0	  x0:0x00000000
       11775000	      1176	80001908	d9306113	ori	x2,x0,-621	  x0:0x00000000  x2=0xfffffd93
       11785000	      1177	8000190c	41658933	sub	x18,x11,x22	 x11:0x00000000 x22:0x00000000 x18=0x00000000
       11795000	      1178	80001910	695ff193	andi	x3,x31,1685	 x31:0x0000b460  x3=0x00000400
       11805000	      1179	80001914	01e0d263	bge	x1,x30,80001918	  x1:0x00000000 x30:0xb6c15000
       11815000	      1180	00000000	00000013	addi	x0,x0,0	  x0:0x00000000
       11825000	      1181	80001914	00000013	addi	x0,x0,0	  x0:0x00000000
       11835000	      1182	80001918	004271b3	and	x3,x4,x4	  x4:0x80009b2f  x4:0x80009b2f  x3=0x80009b2f
       11845000	      1183	8000191c	9ba07813	andi	x16,x0,-1606	  x0:0x00000000 x16=0x00000000
       11855000	      1184	80001920	00a5d913	srli	x18,x11,0xa	 x11:0x00000000 x18=0x00000000
       11865000	      1185	80001924	f2b84413	xori	x8,x16,-213	 x16:0x00000000  x8=0xffffff2b
       11875000	      1186	80001928	00ba9d33	sll	x26,x21,x11	 x21:0x719658b4 x11:0x00000000 x26=0x719658b4
       11885000	      1187	8000192c	01cd9a13	slli	x20,x27,0x1c	 x27:0xa713c4f5 x20=0x50000000
       11895000	      1188	80001930	1c3c8113	addi	x2,x25,451	 x25:0x00000000  x2=0x000001c3
       11905000	      1189	80001934	01f07a33	and	x20,x0,x31	  x0:0x00000000 x31:0x0000b460 x20=0x00000000
       11915000	      1190	80001938	035c4063	blt	x24,x21,80001958	 x24:0x00000000 x21:0x719658b4
       11925000	      1191	00000000	00000013	addi	x0,x0,0	  x0:0x00000000
       11935000	      1192	80001954	00000013	addi	x0,x0,0	  x0:0x00000000
       11945000	      1193	80001958	abc3c193	xori	x3,x7,-1348	  x7:0x80009f70  x3=0x7fff65cc
       11955000	      1194	8000195c	47322493	slti	x9,x4,1139	  x4:0x80009b2f  x9=0x00000001
       11965000	      1195	80001960	002a0863	beq	x20,x2,80001970	 x20:0x00000000  x2:0x000001c3
       11975000	      1196	80001964	010d0263	beq	x26,x16,80001968	 x26:0x719658b4 x16:0x00000000
       11985000	      1197	80001968	01db1833	sll	x16,x22,x29	 x22:0x00000000 x29:0x70b2d888 x16=0x00000000
       11995000	      1198	8000196c	0227dc63	bge	x15,x2,800019a4	 x15:0x00000000  x2:0x000001c3
       12005000	      1199	80001970	406e5a93	srai	x21,x28,0x6	 x28:0x80009fc4 x21=0xfe00027f
       12015000	      1200	80001974	011dc9b3	xor	x19,x27,x17	 x27:0xa713c4f5 x17:0x6d6398a0 x19=0xca705c55
       12025000	      1201	80001978	022b4663	blt	x22,x2,800019a4	 x22:0x00000000  x2:0x000001c3
       12035000	      1202	00000000	00000013	addi	x0,x0,0	  x0:0x00000000
       12045000	      1203	800019a0	00000013	addi	x0,x0,0	  x0:0x00000000
       12055000	      1204	800019a4	7b2fdab7	lui	x21,0x7b2fd	 x21=0x7b2fd000
       12065000	      1205	800019a8	017d52b3	srl	x5,x26,x23	 x26:0x719658b4 x23:0x00000000  x5=0x719658b4
       12075000	      1206	800019ac	0043a083	lw	x1,4(x7)	  x7:0x80009f70  x1=0x80000148 PA:0x80009f74
       12085000	      1207	800019b0	00244017	auipc	x0,0x244	
       12095000	      1208	800019b4	01438393	addi	x7,x7,20	  x7:0x80009f70  x7=0x80009f84
       12105000	      1209	800019b8	004e2833	slt	x16,x28,x4	 x28:0x80009fc4  x4:0x80009b2f x16=0x00000000
       12115000	      1210	800019bc	00008e93	addi	x29,x1,0	  x1:0x80000148 x29=0x80000148
       12125000	      1211	800019c0	000e8ee7	jalr	x29,x29,0	 x29:0x80000148 x29=0x800019c0
       12135000	      1212	00000000	00000013	addi	x0,x0,0	  x0:0x00000000
       12145000	      1213	80000148	00000013	addi	x0,x0,0	  x0:0x00000000
       12155000	      1214	8000014c	00003e97	auipc	x29,0x3	 x29=0x80003148
       12165000	      1215	80000150	a28e8e93	addi	x29,x29,-1496	 x29:0x80003148 x29=0x80002b70
       12175000	      1216	80000154	40bf5813	srai	x16,x30,0xb	 x30:0xb6c15000 x16=0xfff6d82a
       12185000	      1217	80000158	dfe50793	addi	x15,x10,-514	 x10:0x7a9f756f x15=0x7a9f736d
       12195000	      1218	8000015c	37073b13	sltiu	x22,x14,880	 x14:0x00000001 x22=0x00000001
       12205000	      1219	80000160	195e8e93	addi	x29,x29,405	 x29:0x80002b70 x29=0x80002d05
       12215000	      1220	80000164	a9659197	auipc	x3,0xa9659	  x3=0x29659160
       12225000	      1221	80000168	de908293	addi	x5,x1,-535	  x1:0x80000148  x5=0x7fffff31
       12235000	      1222	8000016c	0100a033	slt	x0,x1,x16	  x1:0x80000148 x16:0xfff6d82a
       12245000	      1223	80000170	01c89633	sll	x12,x17,x28	 x17:0x6d6398a0 x28:0x80009fc4 x12=0xd6398a00
       12255000	      1224	80000174	01631c13	slli	x24,x6,0x16	  x6:0x00000455 x24=0x15400000
       12265000	      1225	80000178	40ab5db3	sra	x27,x22,x10	 x22:0x00000001 x10:0x7a9f756f x27=0x00000000
       12275000	      1226	8000017c	0196d463	bge	x13,x25,80000184	 x13:0x00000000 x25:0x00000000
       12285000	      1227	00000000	00000013	addi	x0,x0,0	  x0:0x00000000
       12295000	      1228	80000180	00000013	addi	x0,x0,0	  x0:0x00000000
       12305000	      1229	80000184	e6ce80e7	jalr	x1,x29,-404	 x29:0x80002d05  x1=0x80000184
       12315000	      1230	00000000	00000013	addi	x0,x0,0	  x0:0x00000000
       12325000	      1231	80002b70	00000013	addi	x0,x0,0	  x0:0x00000000
       12335000	      1232	80002b74	159ac313	xori	x6,x21,345	 x21:0x7b2fd000  x6=0x7b2fd159
       12345000	      1233	80002b78	66acf813	andi	x16,x25,1642	 x25:0x00000000 x16=0x00000000
       12355000	      1234	80002b7c	01f29233	sll	x4,x5,x31	  x5:0x7fffff31 x31:0x0000b460  x4=0x7fffff31
       12365000	      1235	80002b80	01f10033	add	x0,x2,x31	  x2:0x000001c3 x31:0x0000b460
       12375000	      1236	80002b84	001935b3	sltu	x11,x18,x1	 x18:0x00000000  x1:0x80000184 x11=0x00000001
       12385000	      1237	80002b88	010d6233	or	x4,x26,x16	 x26:0x719658b4 x16:0x00000000  x4=0x719658b4
       12395000	      1238	80002b8c	fe038393	addi	x7,x7,-32	  x7:0x80009f84  x7=0x80009f64
       12405000	      1239	80002b90	eed67113	andi	x2,x12,-275	 x12:0xd6398a00  x2=0xd6398a00
       12415000	      1240	80002b94	0013a223	sw	x1,4(x7)	  x7:0x80009f64  x1:0x80000184 PA:0x80009f68
       12425000	      1241	80002b98	ae2df693	andi	x13,x27,-1310	 x27:0x00000000 x13=0x00000000
       12435000	      1242	80002b9c	4042d993	srai	x19,x5,0x4	  x5:0x7fffff31 x19=0x07fffff3
       12445000	      1243	80002ba0	9fd24a13	xori	x20,x4,-1539	  x4:0x719658b4 x20=0x8e69a149
       12455000	      1244	80002ba4	015782b3	add	x5,x15,x21	 x15:0x7a9f736d x21:0x7b2fd000  x5=0xf5cf436d
       12465000	      1245	80002ba8	00000a97	auipc	x21,0x0	 x21=0x80002ba4
       12475000	      1246	80002bac	f54a8a93	addi	x21,x21,-172	 x21:0x80002ba4 x21=0x80002af8
       12485000	      1247	80002bb0	0192e1b3	or	x3,x5,x25	  x5:0xf5cf436d x25:0x00000000  x3=0xf5cf436d
       12495000	      1248	80002bb4	1eea8a93	addi	x21,x21,494	 x21:0x80002af8 x21=0x80002ce6
       12505000	      1249	80002bb8	fb47a997	auipc	x19,0xfb47a	 x19=0x7b47cbb4
       12515000	      1250	80002bbc	018d00b3	add	x1,x26,x24	 x26:0x719658b4 x24:0x15400000  x1=0x86d658b4
       12525000	      1251	80002bc0	4005d8b3	sra	x17,x11,x0	 x11:0x00000001  x0:0x00000000 x17=0x00000001
       12535000	      1252	80002bc4	00000013	addi	x0,x0,0	  x0:0x00000000
       12545000	      1253	80002bc8	c44a2293	slti	x5,x20,-956	 x20:0x8e69a149  x5=0x00000001
       12555000	      1254	80002bcc	40840233	sub	x4,x8,x8	  x8:0xffffff2b  x8:0xffffff2b  x4=0x00000000
       12565000	      1255	80002bd0	018c39b3	sltu	x19,x24,x24	 x24:0x15400000 x24:0x15400000 x19=0x00000000
       12575000	      1256	80002bd4	00f75793	srli	x15,x14,0xf	 x14:0x00000001 x15=0x00000000
       12585000	      1257	80002bd8	e13a80e7	jalr	x1,x21,-493	 x21:0x80002ce6  x1=0x80002bd8
       12595000	      1258	00000000	00000013	addi	x0,x0,0	  x0:0x00000000
       12605000	      1259	80002af8	00000013	addi	x0,x0,0	  x0:0x00000000
       12615000	      1260	80002afc	fe438393	addi	x7,x7,-28	  x7:0x80009f64  x7=0x80009f48
       12625000	      1261	80002b00	011b0c33	add	x24,x22,x17	 x22:0x00000001 x17:0x00000001 x24=0x00000002
       12635000	      1262	80002b04	7741cf13	xori	x30,x3,1908	  x3:0xf5cf436d x30=0xf5cf4419
       12645000	      1263	80002b08	4357b813	sltiu	x16,x15,1077	 x15:0x00000000 x16=0x00000001
       12655000	      1264	80002b0c	de3fbb13	sltiu	x22,x31,-541	 x31:0x0000b460 x22=0x00000001
       12665000	      1265	80002b10	01a05893	srli	x17,x0,0x1a	  x0:0x00000000 x17=0x00000000
       12675000	      1266	80002b14	010ee233	or	x4,x29,x16	 x29:0x80002d05 x16:0x00000001  x4=0x80002d05
       12685000	      1267	80002b18	01c506b3	add	x13,x10,x28	 x10:0x7a9f756f x28:0x80009fc4 x13=0xfaa01533
       12695000	      1268	80002b1c	0013a223	sw	x1,4(x7)	  x7:0x80009f48  x1:0x80002bd8 PA:0x80009f4c
       12705000	      1269	80002b20	50735497	auipc	x9,0x50735	  x9=0xd0737b1c
       12715000	      1270	80002b24	01261ab3	sll	x21,x12,x18	 x12:0xd6398a00 x18:0x00000000 x21=0xd6398a00
       12725000	      1271	80002b28	49f8a913	slti	x18,x17,1183	 x17:0x00000000 x18=0x00000001
       12735000	      1272	80002b2c	01b2ad33	slt	x26,x5,x27	  x5:0x00000001 x27:0x00000000 x26=0x00000000
       12745000	      1273	80002b30	005c5c33	srl	x24,x24,x5	 x24:0x00000002  x5:0x00000001 x24=0x00000001
       12755000	      1274	80002b34	d6cb4e93	xori	x29,x22,-660	 x22:0x00000001 x29=0xfffffd6d
       12765000	      1275	80002b38	5cee4b13	xori	x22,x28,1486	 x28:0x80009fc4 x22=0x80009a0a
       12775000	      1276	80002b3c	40be8033	sub	x0,x29,x11	 x29:0xfffffd6d x11:0x00000001
       12785000	      1277	80002b40	414fdbb3	sra	x23,x31,x20	 x31:0x0000b460 x20:0x8e69a149 x23=0x0000005a
       12795000	      1278	80002b44	41af5b93	srai	x23,x30,0x1a	 x30:0xf5cf4419 x23=0xfffffffd
       12805000	      1279	80002b48	0100f933	and	x18,x1,x16	  x1:0x80002bd8 x16:0x00000001 x18=0x00000000
       12815000	      1280	80002b4c	1a90f693	andi	x13,x1,425	  x1:0x80002bd8 x13=0x00000188
       12825000	      1281	80002b50	0043a083	lw	x1,4(x7)	  x7:0x80009f48  x1=0x80002bd8 PA:0x80009f4c
       12835000	      1282	80002b54	0061ca33	xor	x20,x3,x6	  x3:0xf5cf436d  x6:0x7b2fd159 x20=0x8ee09234
       12845000	      1283	80002b58	0088c7b3	xor	x15,x17,x8	 x17:0x00000000  x8:0xffffff2b x15=0xffffff2b
       12855000	      1284	80002b5c	01c38393	addi	x7,x7,28	  x7:0x80009f48  x7=0x80009f64
       12865000	      1285	80002b60	c3172a37	lui	x20,0xc3172	 x20=0xc3172000
       12875000	      1286	80002b64	01f16f33	or	x30,x2,x31	  x2:0xd6398a00 x31:0x0000b460 x30=0xd639be60
       12885000	      1287	80002b68	416b8733	sub	x14,x23,x22	 x23:0xfffffffd x22:0x80009a0a x14=0x7fff65f3
       12895000	      1288	80002b6c	00008a13	addi	x20,x1,0	  x1:0x80002bd8 x20=0x80002bd8
       12905000	      1289	80002b70	000a0a67	jalr	x20,x20,0	 x20:0x80002bd8 x20=0x80002b70
       12915000	      1290	00000000	00000013	addi	x0,x0,0	  x0:0x00000000
       12925000	      1291	80002bd8	00000013	addi	x0,x0,0	  x0:0x00000000
       12935000	      1292	80002bdc	01f750b3	srl	x1,x14,x31	 x14:0x7fff65f3 x31:0x0000b460  x1=0x7fff65f3
       12945000	      1293	80002be0	019b6b33	or	x22,x22,x25	 x22:0x80009a0a x25:0x00000000 x22=0x80009a0a
       12955000	      1294	80002be4	00a5da63	bge	x11,x10,80002bf8	 x11:0x00000001 x10:0x7a9f756f
       12965000	      1295	80002be8	8b684113	xori	x2,x16,-1866	 x16:0x00000001  x2=0xfffff8b7
       12975000	      1296	80002bec	00c22133	slt	x2,x4,x12	  x4:0x80002d05 x12:0xd6398a00  x2=0x00000001
       12985000	      1297	80002bf0	00000013	addi	x0,x0,0	  x0:0x00000000
       12995000	      1298	80002bf4	6ff23b93	sltiu	x23,x4,1791	  x4:0x80002d05 x23=0x00000000
       13005000	      1299	80002bf8	f05ff0ef	jal	x1,80002bf8	  x1=0x80002bf8
       13015000	      1300	00000000	00000013	addi	x0,x0,0	  x0:0x00000000
       13025000	      1301	80002af8	00000013	addi	x0,x0,0	  x0:0x00000000
       13035000	      1302	80002afc	fe438393	addi	x7,x7,-28	  x7:0x80009f64  x7=0x80009f48
       13045000	      1303	80002b00	011b0c33	add	x24,x22,x17	 x22:0x80009a0a x17:0x00000000 x24=0x80009a0a
       13055000	      1304	80002b04	7741cf13	xori	x30,x3,1908	  x3:0xf5cf436d x30=0xf5cf4419
       13065000	      1305	80002b08	4357b813	sltiu	x16,x15,1077	 x15:0xffffff2b x16=0x00000000
       13075000	      1306	80002b0c	de3fbb13	sltiu	x22,x31,-541	 x31:0x0000b460 x22=0x00000001
       13085000	      1307	80002b10	01a05893	srli	x17,x0,0x1a	  x0:0x00000000 x17=0x00000000
       13095000	      1308	80002b14	010ee233	or	x4,x29,x16	 x29:0xfffffd6d x16:0x00000000  x4=0xfffffd6d
       13105000	      1309	80002b18	01c506b3	add	x13,x10,x28	 x10:0x7a9f756f x28:0x80009fc4 x13=0xfaa01533
       13115000	      1310	80002b1c	0013a223	sw	x1,4(x7)	  x7:0x80009f48  x1:0x80002bf8 PA:0x80009f4c
       13125000	      1311	80002b20	50735497	auipc	x9,0x50735	  x9=0xd0737b1c
       13135000	      1312	80002b24	01261ab3	sll	x21,x12,x18	 x12:0xd6398a00 x18:0x00000000 x21=0xd6398a00
       13145000	      1313	80002b28	49f8a913	slti	x18,x17,1183	 x17:0x00000000 x18=0x00000001
       13155000	      1314	80002b2c	01b2ad33	slt	x26,x5,x27	  x5:0x00000001 x27:0x00000000 x26=0x00000000
       13165000	      1315	80002b30	005c5c33	srl	x24,x24,x5	 x24:0x80009a0a  x5:0x00000001 x24=0x40004d05
       13175000	      1316	80002b34	d6cb4e93	xori	x29,x22,-660	 x22:0x00000001 x29=0xfffffd6d
       13185000	      1317	80002b38	5cee4b13	xori	x22,x28,1486	 x28:0x80009fc4 x22=0x80009a0a
       13195000	      1318	80002b3c	40be8033	sub	x0,x29,x11	 x29:0xfffffd6d x11:0x00000001
       13205000	      1319	80002b40	414fdbb3	sra	x23,x31,x20	 x31:0x0000b460 x20:0x80002b70 x23=0x00000000
       13215000	      1320	80002b44	41af5b93	srai	x23,x30,0x1a	 x30:0xf5cf4419 x23=0xfffffffd
       13225000	      1321	80002b48	0100f933	and	x18,x1,x16	  x1:0x80002bf8 x16:0x00000000 x18=0x00000000
       13235000	      1322	80002b4c	1a90f693	andi	x13,x1,425	  x1:0x80002bf8 x13=0x000001a8
       13245000	      1323	80002b50	0043a083	lw	x1,4(x7)	  x7:0x80009f48  x1=0x80002bf8 PA:0x80009f4c
       13255000	      1324	80002b54	0061ca33	xor	x20,x3,x6	  x3:0xf5cf436d  x6:0x7b2fd159 x20=0x8ee09234
       13265000	      1325	80002b58	0088c7b3	xor	x15,x17,x8	 x17:0x00000000  x8:0xffffff2b x15=0xffffff2b
       13275000	      1326	80002b5c	01c38393	addi	x7,x7,28	  x7:0x80009f48  x7=0x80009f64
       13285000	      1327	80002b60	c3172a37	lui	x20,0xc3172	 x20=0xc3172000
       13295000	      1328	80002b64	01f16f33	or	x30,x2,x31	  x2:0x00000001 x31:0x0000b460 x30=0x0000b461
       13305000	      1329	80002b68	416b8733	sub	x14,x23,x22	 x23:0xfffffffd x22:0x80009a0a x14=0x7fff65f3
       13315000	      1330	80002b6c	00008a13	addi	x20,x1,0	  x1:0x80002bf8 x20=0x80002bf8
       13325000	      1331	80002b70	000a0a67	jalr	x20,x20,0	 x20:0x80002bf8 x20=0x80002b70
       13335000	      1332	00000000	00000013	addi	x0,x0,0	  x0:0x00000000
       13345000	      1333	80002bf8	00000013	addi	x0,x0,0	  x0:0x00000000
       13355000	      1334	80002bfc	4265bf97	auipc	x31,0x4265b	 x31=0xc265dbf8
       13365000	      1335	80002c00	543a3193	sltiu	x3,x20,1347	 x20:0x80002b70  x3=0x00000000
       13375000	      1336	80002c04	40240ab3	sub	x21,x8,x2	  x8:0xffffff2b  x2:0x00000001 x21=0xffffff2a
       13385000	      1337	80002c08	af036493	ori	x9,x6,-1296	  x6:0x7b2fd159  x9=0xfffffbf9
       13395000	      1338	80002c0c	40d50d33	sub	x26,x10,x13	 x10:0x7a9f756f x13:0x000001a8 x26=0x7a9f73c7
       13405000	      1339	80002c10	003c5a13	srli	x20,x24,0x3	 x24:0x40004d05 x20=0x080009a0
       13415000	      1340	80002c14	00641693	slli	x13,x8,0x6	  x8:0xffffff2b x13=0xffffcac0
       13425000	      1341	80002c18	031bc063	blt	x23,x17,80002c38	 x23:0xfffffffd x17:0x00000000
       13435000	      1342	00000000	00000013	addi	x0,x0,0	  x0:0x00000000
       13445000	      1343	80002c34	00000013	addi	x0,x0,0	  x0:0x00000000
       13455000	      1344	80002c38	01ce3033	sltu	x0,x28,x28	 x28:0x80009fc4 x28:0x80009fc4
       13465000	      1345	80002c3c	0168d663	bge	x17,x22,80002c48	 x17:0x00000000 x22:0x80009a0a
       13475000	      1346	00000000	00000013	addi	x0,x0,0	  x0:0x00000000
       13485000	      1347	80002c44	00000013	addi	x0,x0,0	  x0:0x00000000
       13495000	      1348	80002c48	00d37633	and	x12,x6,x13	  x6:0x7b2fd159 x13:0xffffcac0 x12=0x7b2fc040
       13505000	      1349	80002c4c	6fc9ba13	sltiu	x20,x19,1788	 x19:0x00000000 x20=0x00000001
       13515000	      1350	80002c50	01fd8733	add	x14,x27,x31	 x27:0x00000000 x31:0xc265dbf8 x14=0xc265dbf8
       13525000	      1351	80002c54	00e35593	srli	x11,x6,0xe	  x6:0x7b2fd159 x11=0x0001ecbf
       13535000	      1352	80002c58	41375f13	srai	x30,x14,0x13	 x14:0xc265dbf8 x30=0xfffff84c
       13545000	      1353	80002c5c	00aa9e63	bne	x21,x10,80002c78	 x21:0xffffff2a x10:0x7a9f756f
       13555000	      1354	00000000	00000013	addi	x0,x0,0	  x0:0x00000000
       13565000	      1355	80002c74	00000013	addi	x0,x0,0	  x0:0x00000000
       13575000	      1356	80002c78	01757663	bgeu	x10,x23,80002c84	 x10:0x7a9f756f x23:0xfffffffd
       13585000	      1357	80002c7c	004b0033	add	x0,x22,x4	 x22:0x80009a0a  x4:0xfffffd6d
       13595000	      1358	80002c80	61107793	andi	x15,x0,1553	  x0:0x00000000 x15=0x00000000
       13605000	      1359	80002c84	00000013	addi	x0,x0,0	  x0:0x00000000
       13615000	      1360	80002c88	0043a083	lw	x1,4(x7)	  x7:0x80009f64  x1=0x80000184 PA:0x80009f68
       13625000	      1361	80002c8c	02038393	addi	x7,x7,32	  x7:0x80009f64  x7=0x80009f84
       13635000	      1362	80002c90	018212b3	sll	x5,x4,x24	  x4:0xfffffd6d x24:0x40004d05  x5=0xffffada0
       13645000	      1363	80002c94	5cd42113	slti	x2,x8,1485	  x8:0xffffff2b  x2=0x00000001
       13655000	      1364	80002c98	99767113	andi	x2,x12,-1641	 x12:0x7b2fc040  x2=0x7b2fc000
       13665000	      1365	80002c9c	40ec8db3	sub	x27,x25,x14	 x25:0x00000000 x14:0xc265dbf8 x27=0x3d9a2408
       13675000	      1366	80002ca0	18b9eb13	ori	x22,x19,395	 x19:0x00000000 x22=0x0000018b
       13685000	      1367	80002ca4	00108d93	addi	x27,x1,1	  x1:0x80000184 x27=0x80000185
       13695000	      1368	80002ca8	000d8de7	jalr	x27,x27,0	 x27:0x80000185 x27=0x80002ca8
       13705000	      1369	00000000	00000013	addi	x0,x0,0	  x0:0x00000000
       13715000	      1370	80000184	00000013	addi	x0,x0,0	  x0:0x00000000
       13725000	      1371	80000188	00003d17	auipc	x26,0x3	 x26=0x80003184
       13735000	      1372	8000018c	b24d0d13	addi	x26,x26,-1244	 x26:0x80003184 x26=0x80002ca8
       13745000	      1373	80000190	40cc8033	sub	x0,x25,x12	 x25:0x00000000 x12:0x7b2fc040
       13755000	      1374	80000194	01575ab3	srl	x21,x14,x21	 x14:0xc265dbf8 x21:0xffffff2a x21=0x00309976
       13765000	      1375	80000198	05bd0d13	addi	x26,x26,91	 x26:0x80002ca8 x26=0x80002d03
       13775000	      1376	8000019c	3f1f0b13	addi	x22,x30,1009	 x30:0xfffff84c x22=0xfffffc3d
       13785000	      1377	800001a0	016237b3	sltu	x15,x4,x22	  x4:0xfffffd6d x22:0xfffffc3d x15=0x00000000
       13795000	      1378	800001a4	41635493	srai	x9,x6,0x16	  x6:0x7b2fd159  x9=0x000001ec
       13805000	      1379	800001a8	01ba51b3	srl	x3,x20,x27	 x20:0x00000001 x27:0x80002ca8  x3=0x00000000
       13815000	      1380	800001ac	014ba7b3	slt	x15,x23,x20	 x23:0xfffffffd x20:0x00000001 x15=0x00000001
       13825000	      1381	800001b0	fa5d00e7	jalr	x1,x26,-91	 x26:0x80002d03  x1=0x800001b0
       13835000	      1382	00000000	00000013	addi	x0,x0,0	  x0:0x00000000
       13845000	      1383	80002ca8	00000013	addi	x0,x0,0	  x0:0x00000000
       13855000	      1384	80002cac	bc98ac93	slti	x25,x17,-1079	 x17:0x00000000 x25=0x00000000
       13865000	      1385	80002cb0	01695eb3	srl	x29,x18,x22	 x18:0x00000000 x22:0xfffffc3d x29=0x00000000
       13875000	      1386	80002cb4	fd038393	addi	x7,x7,-48	  x7:0x80009f84  x7=0x80009f54
       13885000	      1387	80002cb8	00000013	addi	x0,x0,0	  x0:0x00000000
       13895000	      1388	80002cbc	0013a223	sw	x1,4(x7)	  x7:0x80009f54  x1:0x800001b0 PA:0x80009f58
       13905000	      1389	80002cc0	b87c4d13	xori	x26,x24,-1145	 x24:0x40004d05 x26=0xbfffb682
       13915000	      1390	80002cc4	0101ab33	slt	x22,x3,x16	  x3:0x00000000 x16:0x00000000 x22=0x00000000
       13925000	      1391	80002cc8	53d68593	addi	x11,x13,1341	 x13:0xffffcac0 x11=0xffffcffd
       13935000	      1392	80002ccc	00031633	sll	x12,x6,x0	  x6:0x7b2fd159  x0:0x00000000 x12=0x7b2fd159
       13945000	      1393	80002cd0	400fde93	srai	x29,x31,0x0	 x31:0xc265dbf8 x29=0xc265dbf8
       13955000	      1394	80002cd4	017d9133	sll	x2,x27,x23	 x27:0x80002ca8 x23:0xfffffffd  x2=0x00000000
       13965000	      1395	80002cd8	ff600613	addi	x12,x0,-10	  x0:0x00000000 x12=0xfffffff6
       13975000	      1396	80002cdc	00f00713	addi	x14,x0,15	  x0:0x00000000 x14=0x0000000f
       13985000	      1397	80002ce0	00ce3b33	sltu	x22,x28,x12	 x28:0x80009fc4 x12:0xfffffff6 x22=0x00000001
       13995000	      1398	80002ce4	d2b00a93	addi	x21,x0,-725	  x0:0x00000000 x21=0xfffffd2b
       14005000	      1399	80002ce8	010b47b3	xor	x15,x22,x16	 x22:0x00000001 x16:0x00000000 x15=0x00000001
       14015000	      1400	80002cec	00160613	addi	x12,x12,1	 x12:0xfffffff6 x12=0xfffffff7
       14025000	      1401	80002cf0	fee64ae3	blt	x12,x14,80002ce4	 x12:0xfffffff7 x14:0x0000000f
       14035000	      1402	00000000	00000013	addi	x0,x0,0	  x0:0x00000000
       14045000	      1403	80002ce0	00000013	addi	x0,x0,0	  x0:0x00000000
       14055000	      1404	80002ce4	d2b00a93	addi	x21,x0,-725	  x0:0x00000000 x21=0xfffffd2b
       14065000	      1405	80002ce8	010b47b3	xor	x15,x22,x16	 x22:0x00000001 x16:0x00000000 x15=0x00000001
       14075000	      1406	80002cec	00160613	addi	x12,x12,1	 x12:0xfffffff7 x12=0xfffffff8
       14085000	      1407	80002cf0	fee64ae3	blt	x12,x14,80002ce4	 x12:0xfffffff8 x14:0x0000000f
       14095000	      1408	00000000	00000013	addi	x0,x0,0	  x0:0x00000000
       14105000	      1409	80002ce0	00000013	addi	x0,x0,0	  x0:0x00000000
       14115000	      1410	80002ce4	d2b00a93	addi	x21,x0,-725	  x0:0x00000000 x21=0xfffffd2b
       14125000	      1411	80002ce8	010b47b3	xor	x15,x22,x16	 x22:0x00000001 x16:0x00000000 x15=0x00000001
       14135000	      1412	80002cec	00160613	addi	x12,x12,1	 x12:0xfffffff8 x12=0xfffffff9
       14145000	      1413	80002cf0	fee64ae3	blt	x12,x14,80002ce4	 x12:0xfffffff9 x14:0x0000000f
       14155000	      1414	00000000	00000013	addi	x0,x0,0	  x0:0x00000000
       14165000	      1415	80002ce0	00000013	addi	x0,x0,0	  x0:0x00000000
       14175000	      1416	80002ce4	d2b00a93	addi	x21,x0,-725	  x0:0x00000000 x21=0xfffffd2b
       14185000	      1417	80002ce8	010b47b3	xor	x15,x22,x16	 x22:0x00000001 x16:0x00000000 x15=0x00000001
       14195000	      1418	80002cec	00160613	addi	x12,x12,1	 x12:0xfffffff9 x12=0xfffffffa
       14205000	      1419	80002cf0	fee64ae3	blt	x12,x14,80002ce4	 x12:0xfffffffa x14:0x0000000f
       14215000	      1420	00000000	00000013	addi	x0,x0,0	  x0:0x00000000
       14225000	      1421	80002ce0	00000013	addi	x0,x0,0	  x0:0x00000000
       14235000	      1422	80002ce4	d2b00a93	addi	x21,x0,-725	  x0:0x00000000 x21=0xfffffd2b
       14245000	      1423	80002ce8	010b47b3	xor	x15,x22,x16	 x22:0x00000001 x16:0x00000000 x15=0x00000001
       14255000	      1424	80002cec	00160613	addi	x12,x12,1	 x12:0xfffffffa x12=0xfffffffb
       14265000	      1425	80002cf0	fee64ae3	blt	x12,x14,80002ce4	 x12:0xfffffffb x14:0x0000000f
       14275000	      1426	00000000	00000013	addi	x0,x0,0	  x0:0x00000000
       14285000	      1427	80002ce0	00000013	addi	x0,x0,0	  x0:0x00000000
       14295000	      1428	80002ce4	d2b00a93	addi	x21,x0,-725	  x0:0x00000000 x21=0xfffffd2b
       14305000	      1429	80002ce8	010b47b3	xor	x15,x22,x16	 x22:0x00000001 x16:0x00000000 x15=0x00000001
       14315000	      1430	80002cec	00160613	addi	x12,x12,1	 x12:0xfffffffb x12=0xfffffffc
       14325000	      1431	80002cf0	fee64ae3	blt	x12,x14,80002ce4	 x12:0xfffffffc x14:0x0000000f
       14335000	      1432	00000000	00000013	addi	x0,x0,0	  x0:0x00000000
       14345000	      1433	80002ce0	00000013	addi	x0,x0,0	  x0:0x00000000
       14355000	      1434	80002ce4	d2b00a93	addi	x21,x0,-725	  x0:0x00000000 x21=0xfffffd2b
       14365000	      1435	80002ce8	010b47b3	xor	x15,x22,x16	 x22:0x00000001 x16:0x00000000 x15=0x00000001
       14375000	      1436	80002cec	00160613	addi	x12,x12,1	 x12:0xfffffffc x12=0xfffffffd
       14385000	      1437	80002cf0	fee64ae3	blt	x12,x14,80002ce4	 x12:0xfffffffd x14:0x0000000f
       14395000	      1438	00000000	00000013	addi	x0,x0,0	  x0:0x00000000
       14405000	      1439	80002ce0	00000013	addi	x0,x0,0	  x0:0x00000000
       14415000	      1440	80002ce4	d2b00a93	addi	x21,x0,-725	  x0:0x00000000 x21=0xfffffd2b
       14425000	      1441	80002ce8	010b47b3	xor	x15,x22,x16	 x22:0x00000001 x16:0x00000000 x15=0x00000001
       14435000	      1442	80002cec	00160613	addi	x12,x12,1	 x12:0xfffffffd x12=0xfffffffe
       14445000	      1443	80002cf0	fee64ae3	blt	x12,x14,80002ce4	 x12:0xfffffffe x14:0x0000000f
       14455000	      1444	00000000	00000013	addi	x0,x0,0	  x0:0x00000000
       14465000	      1445	80002ce0	00000013	addi	x0,x0,0	  x0:0x00000000
       14475000	      1446	80002ce4	d2b00a93	addi	x21,x0,-725	  x0:0x00000000 x21=0xfffffd2b
       14485000	      1447	80002ce8	010b47b3	xor	x15,x22,x16	 x22:0x00000001 x16:0x00000000 x15=0x00000001
       14495000	      1448	80002cec	00160613	addi	x12,x12,1	 x12:0xfffffffe x12=0xffffffff
       14505000	      1449	80002cf0	fee64ae3	blt	x12,x14,80002ce4	 x12:0xffffffff x14:0x0000000f
       14515000	      1450	00000000	00000013	addi	x0,x0,0	  x0:0x00000000
       14525000	      1451	80002ce0	00000013	addi	x0,x0,0	  x0:0x00000000
       14535000	      1452	80002ce4	d2b00a93	addi	x21,x0,-725	  x0:0x00000000 x21=0xfffffd2b
       14545000	      1453	80002ce8	010b47b3	xor	x15,x22,x16	 x22:0x00000001 x16:0x00000000 x15=0x00000001
       14555000	      1454	80002cec	00160613	addi	x12,x12,1	 x12:0xffffffff x12=0x00000000
       14565000	      1455	80002cf0	fee64ae3	blt	x12,x14,80002ce4	 x12:0x00000000 x14:0x0000000f
       14575000	      1456	00000000	00000013	addi	x0,x0,0	  x0:0x00000000
       14585000	      1457	80002ce0	00000013	addi	x0,x0,0	  x0:0x00000000
       14595000	      1458	80002ce4	d2b00a93	addi	x21,x0,-725	  x0:0x00000000 x21=0xfffffd2b
       14605000	      1459	80002ce8	010b47b3	xor	x15,x22,x16	 x22:0x00000001 x16:0x00000000 x15=0x00000001
       14615000	      1460	80002cec	00160613	addi	x12,x12,1	 x12:0x00000000 x12=0x00000001
       14625000	      1461	80002cf0	fee64ae3	blt	x12,x14,80002ce4	 x12:0x00000001 x14:0x0000000f
       14635000	      1462	00000000	00000013	addi	x0,x0,0	  x0:0x00000000
       14645000	      1463	80002ce0	00000013	addi	x0,x0,0	  x0:0x00000000
       14655000	      1464	80002ce4	d2b00a93	addi	x21,x0,-725	  x0:0x00000000 x21=0xfffffd2b
       14665000	      1465	80002ce8	010b47b3	xor	x15,x22,x16	 x22:0x00000001 x16:0x00000000 x15=0x00000001
       14675000	      1466	80002cec	00160613	addi	x12,x12,1	 x12:0x00000001 x12=0x00000002
       14685000	      1467	80002cf0	fee64ae3	blt	x12,x14,80002ce4	 x12:0x00000002 x14:0x0000000f
       14695000	      1468	00000000	00000013	addi	x0,x0,0	  x0:0x00000000
       14705000	      1469	80002ce0	00000013	addi	x0,x0,0	  x0:0x00000000
       14715000	      1470	80002ce4	d2b00a93	addi	x21,x0,-725	  x0:0x00000000 x21=0xfffffd2b
       14725000	      1471	80002ce8	010b47b3	xor	x15,x22,x16	 x22:0x00000001 x16:0x00000000 x15=0x00000001
       14735000	      1472	80002cec	00160613	addi	x12,x12,1	 x12:0x00000002 x12=0x00000003
       14745000	      1473	80002cf0	fee64ae3	blt	x12,x14,80002ce4	 x12:0x00000003 x14:0x0000000f
       14755000	      1474	00000000	00000013	addi	x0,x0,0	  x0:0x00000000
       14765000	      1475	80002ce0	00000013	addi	x0,x0,0	  x0:0x00000000
       14775000	      1476	80002ce4	d2b00a93	addi	x21,x0,-725	  x0:0x00000000 x21=0xfffffd2b
       14785000	      1477	80002ce8	010b47b3	xor	x15,x22,x16	 x22:0x00000001 x16:0x00000000 x15=0x00000001
       14795000	      1478	80002cec	00160613	addi	x12,x12,1	 x12:0x00000003 x12=0x00000004
       14805000	      1479	80002cf0	fee64ae3	blt	x12,x14,80002ce4	 x12:0x00000004 x14:0x0000000f
       14815000	      1480	00000000	00000013	addi	x0,x0,0	  x0:0x00000000
       14825000	      1481	80002ce0	00000013	addi	x0,x0,0	  x0:0x00000000
       14835000	      1482	80002ce4	d2b00a93	addi	x21,x0,-725	  x0:0x00000000 x21=0xfffffd2b
       14845000	      1483	80002ce8	010b47b3	xor	x15,x22,x16	 x22:0x00000001 x16:0x00000000 x15=0x00000001
       14855000	      1484	80002cec	00160613	addi	x12,x12,1	 x12:0x00000004 x12=0x00000005
       14865000	      1485	80002cf0	fee64ae3	blt	x12,x14,80002ce4	 x12:0x00000005 x14:0x0000000f
       14875000	      1486	00000000	00000013	addi	x0,x0,0	  x0:0x00000000
       14885000	      1487	80002ce0	00000013	addi	x0,x0,0	  x0:0x00000000
       14895000	      1488	80002ce4	d2b00a93	addi	x21,x0,-725	  x0:0x00000000 x21=0xfffffd2b
       14905000	      1489	80002ce8	010b47b3	xor	x15,x22,x16	 x22:0x00000001 x16:0x00000000 x15=0x00000001
       14915000	      1490	80002cec	00160613	addi	x12,x12,1	 x12:0x00000005 x12=0x00000006
       14925000	      1491	80002cf0	fee64ae3	blt	x12,x14,80002ce4	 x12:0x00000006 x14:0x0000000f
       14935000	      1492	00000000	00000013	addi	x0,x0,0	  x0:0x00000000
       14945000	      1493	80002ce0	00000013	addi	x0,x0,0	  x0:0x00000000
       14955000	      1494	80002ce4	d2b00a93	addi	x21,x0,-725	  x0:0x00000000 x21=0xfffffd2b
       14965000	      1495	80002ce8	010b47b3	xor	x15,x22,x16	 x22:0x00000001 x16:0x00000000 x15=0x00000001
       14975000	      1496	80002cec	00160613	addi	x12,x12,1	 x12:0x00000006 x12=0x00000007
       14985000	      1497	80002cf0	fee64ae3	blt	x12,x14,80002ce4	 x12:0x00000007 x14:0x0000000f
       14995000	      1498	00000000	00000013	addi	x0,x0,0	  x0:0x00000000
       15005000	      1499	80002ce0	00000013	addi	x0,x0,0	  x0:0x00000000
       15015000	      1500	80002ce4	d2b00a93	addi	x21,x0,-725	  x0:0x00000000 x21=0xfffffd2b
       15025000	      1501	80002ce8	010b47b3	xor	x15,x22,x16	 x22:0x00000001 x16:0x00000000 x15=0x00000001
       15035000	      1502	80002cec	00160613	addi	x12,x12,1	 x12:0x00000007 x12=0x00000008
       15045000	      1503	80002cf0	fee64ae3	blt	x12,x14,80002ce4	 x12:0x00000008 x14:0x0000000f
       15055000	      1504	00000000	00000013	addi	x0,x0,0	  x0:0x00000000
       15065000	      1505	80002ce0	00000013	addi	x0,x0,0	  x0:0x00000000
       15075000	      1506	80002ce4	d2b00a93	addi	x21,x0,-725	  x0:0x00000000 x21=0xfffffd2b
       15085000	      1507	80002ce8	010b47b3	xor	x15,x22,x16	 x22:0x00000001 x16:0x00000000 x15=0x00000001
       15095000	      1508	80002cec	00160613	addi	x12,x12,1	 x12:0x00000008 x12=0x00000009
       15105000	      1509	80002cf0	fee64ae3	blt	x12,x14,80002ce4	 x12:0x00000009 x14:0x0000000f
       15115000	      1510	00000000	00000013	addi	x0,x0,0	  x0:0x00000000
       15125000	      1511	80002ce0	00000013	addi	x0,x0,0	  x0:0x00000000
       15135000	      1512	80002ce4	d2b00a93	addi	x21,x0,-725	  x0:0x00000000 x21=0xfffffd2b
       15145000	      1513	80002ce8	010b47b3	xor	x15,x22,x16	 x22:0x00000001 x16:0x00000000 x15=0x00000001
       15155000	      1514	80002cec	00160613	addi	x12,x12,1	 x12:0x00000009 x12=0x0000000a
       15165000	      1515	80002cf0	fee64ae3	blt	x12,x14,80002ce4	 x12:0x0000000a x14:0x0000000f
       15175000	      1516	00000000	00000013	addi	x0,x0,0	  x0:0x00000000
       15185000	      1517	80002ce0	00000013	addi	x0,x0,0	  x0:0x00000000
       15195000	      1518	80002ce4	d2b00a93	addi	x21,x0,-725	  x0:0x00000000 x21=0xfffffd2b
       15205000	      1519	80002ce8	010b47b3	xor	x15,x22,x16	 x22:0x00000001 x16:0x00000000 x15=0x00000001
       15215000	      1520	80002cec	00160613	addi	x12,x12,1	 x12:0x0000000a x12=0x0000000b
       15225000	      1521	80002cf0	fee64ae3	blt	x12,x14,80002ce4	 x12:0x0000000b x14:0x0000000f
       15235000	      1522	00000000	00000013	addi	x0,x0,0	  x0:0x00000000
       15245000	      1523	80002ce0	00000013	addi	x0,x0,0	  x0:0x00000000
       15255000	      1524	80002ce4	d2b00a93	addi	x21,x0,-725	  x0:0x00000000 x21=0xfffffd2b
       15265000	      1525	80002ce8	010b47b3	xor	x15,x22,x16	 x22:0x00000001 x16:0x00000000 x15=0x00000001
       15275000	      1526	80002cec	00160613	addi	x12,x12,1	 x12:0x0000000b x12=0x0000000c
       15285000	      1527	80002cf0	fee64ae3	blt	x12,x14,80002ce4	 x12:0x0000000c x14:0x0000000f
       15295000	      1528	00000000	00000013	addi	x0,x0,0	  x0:0x00000000
       15305000	      1529	80002ce0	00000013	addi	x0,x0,0	  x0:0x00000000
       15315000	      1530	80002ce4	d2b00a93	addi	x21,x0,-725	  x0:0x00000000 x21=0xfffffd2b
       15325000	      1531	80002ce8	010b47b3	xor	x15,x22,x16	 x22:0x00000001 x16:0x00000000 x15=0x00000001
       15335000	      1532	80002cec	00160613	addi	x12,x12,1	 x12:0x0000000c x12=0x0000000d
       15345000	      1533	80002cf0	fee64ae3	blt	x12,x14,80002ce4	 x12:0x0000000d x14:0x0000000f
       15355000	      1534	00000000	00000013	addi	x0,x0,0	  x0:0x00000000
       15365000	      1535	80002ce0	00000013	addi	x0,x0,0	  x0:0x00000000
       15375000	      1536	80002ce4	d2b00a93	addi	x21,x0,-725	  x0:0x00000000 x21=0xfffffd2b
       15385000	      1537	80002ce8	010b47b3	xor	x15,x22,x16	 x22:0x00000001 x16:0x00000000 x15=0x00000001
       15395000	      1538	80002cec	00160613	addi	x12,x12,1	 x12:0x0000000d x12=0x0000000e
       15405000	      1539	80002cf0	fee64ae3	blt	x12,x14,80002ce4	 x12:0x0000000e x14:0x0000000f
       15415000	      1540	00000000	00000013	addi	x0,x0,0	  x0:0x00000000
       15425000	      1541	80002ce0	00000013	addi	x0,x0,0	  x0:0x00000000
       15435000	      1542	80002ce4	d2b00a93	addi	x21,x0,-725	  x0:0x00000000 x21=0xfffffd2b
       15445000	      1543	80002ce8	010b47b3	xor	x15,x22,x16	 x22:0x00000001 x16:0x00000000 x15=0x00000001
       15455000	      1544	80002cec	00160613	addi	x12,x12,1	 x12:0x0000000e x12=0x0000000f
       15465000	      1545	80002cf0	fee64ae3	blt	x12,x14,80002ce4	 x12:0x0000000f x14:0x0000000f
       15475000	      1546	80002cf4	01ff79b3	and	x19,x30,x31	 x30:0xfffff84c x31:0xc265dbf8 x19=0xc265d848
       15485000	      1547	80002cf8	0d336213	ori	x4,x6,211	  x6:0x7b2fd159  x4=0x7b2fd1db
       15495000	      1548	80002cfc	01d8e663	bltu	x17,x29,80002d08	 x17:0x00000000 x29:0xc265dbf8
       15505000	      1549	00000000	00000013	addi	x0,x0,0	  x0:0x00000000
       15515000	      1550	80002d04	00000013	addi	x0,x0,0	  x0:0x00000000
       15525000	      1551	80002d08	9c987713	andi	x14,x16,-1591	 x16:0x00000000 x14=0x00000000
       15535000	      1552	80002d0c	41835a13	srai	x20,x6,0x18	  x6:0x7b2fd159 x20=0x0000007b
       15545000	      1553	80002d10	05540663	beq	x8,x21,80002d5c	  x8:0xffffff2b x21:0xfffffd2b
       15555000	      1554	80002d14	00e57433	and	x8,x10,x14	 x10:0x7a9f756f x14:0x00000000  x8=0x00000000
       15565000	      1555	80002d18	01d46863	bltu	x8,x29,80002d28	  x8:0x00000000 x29:0xc265dbf8
       15575000	      1556	00000000	00000013	addi	x0,x0,0	  x0:0x00000000
       15585000	      1557	80002d24	00000013	addi	x0,x0,0	  x0:0x00000000
       15595000	      1558	80002d28	b24bab93	slti	x23,x23,-1244	 x23:0xfffffffd x23=0x00000000
       15605000	      1559	80002d2c	00d457b3	srl	x15,x8,x13	  x8:0x00000000 x13:0xffffcac0 x15=0x00000000
       15615000	      1560	80002d30	2473ec13	ori	x24,x7,583	  x7:0x80009f54 x24=0x80009f57
       15625000	      1561	80002d34	0240f663	bgeu	x1,x4,80002d60	  x1:0x800001b0  x4:0x7b2fd1db
       15635000	      1562	00000000	00000013	addi	x0,x0,0	  x0:0x00000000
       15645000	      1563	80002d5c	00000013	addi	x0,x0,0	  x0:0x00000000
       15655000	      1564	80002d60	0184b2b3	sltu	x5,x9,x24	  x9:0x000001ec x24:0x80009f57  x5=0x00000001
       15665000	      1565	80002d64	03488063	beq	x17,x20,80002d84	 x17:0x00000000 x20:0x0000007b
       15675000	      1566	80002d68	00cc1233	sll	x4,x24,x12	 x24:0x80009f57 x12:0x0000000f  x4=0x4fab8000
       15685000	      1567	80002d6c	0128d613	srli	x12,x17,0x12	 x17:0x00000000 x12=0x00000000
       15695000	      1568	80002d70	00cb30b3	sltu	x1,x22,x12	 x22:0x00000001 x12:0x00000000  x1=0x00000000
       15705000	      1569	80002d74	019c6ab3	or	x21,x24,x25	 x24:0x80009f57 x25:0x00000000 x21=0x80009f57
       15715000	      1570	80002d78	00309013	slli	x0,x1,0x3	  x1:0x00000000
       15725000	      1571	80002d7c	02ec1663	bne	x24,x14,80002da8	 x24:0x80009f57 x14:0x00000000
       15735000	      1572	00000000	00000013	addi	x0,x0,0	  x0:0x00000000
       15745000	      1573	80002da4	00000013	addi	x0,x0,0	  x0:0x00000000
       15755000	      1574	80002da8	030f0863	beq	x30,x16,80002dd8	 x30:0xfffff84c x16:0x00000000
       15765000	      1575	80002dac	010a8c63	beq	x21,x16,80002dc4	 x21:0x80009f57 x16:0x00000000
       15775000	      1576	80002db0	1a776917	auipc	x18,0x1a776	 x18=0x9a778dac
       15785000	      1577	80002db4	00c01d33	sll	x26,x0,x12	  x0:0x00000000 x12:0x00000000 x26=0x00000000
       15795000	      1578	80002db8	40070333	sub	x6,x14,x0	 x14:0x00000000  x0:0x00000000  x6=0x00000000
       15805000	      1579	80002dbc	1d3bad13	slti	x26,x23,467	 x23:0x00000000 x26=0x00000001
       15815000	      1580	80002dc0	7a950b17	auipc	x22,0x7a950	 x22=0xfa952dbc
       15825000	      1581	80002dc4	00a0ea63	bltu	x1,x10,80002dd8	  x1:0x00000000 x10:0x7a9f756f
       15835000	      1582	00000000	00000013	addi	x0,x0,0	  x0:0x00000000
       15845000	      1583	80002dd4	00000013	addi	x0,x0,0	  x0:0x00000000
       15855000	      1584	80002dd8	00000013	addi	x0,x0,0	  x0:0x00000000
       15865000	      1585	80002ddc	411c57b3	sra	x15,x24,x17	 x24:0x80009f57 x17:0x00000000 x15=0x80009f57
       15875000	      1586	80002de0	00000013	addi	x0,x0,0	  x0:0x00000000
       15885000	      1587	80002de4	7fb2a813	slti	x16,x5,2043	  x5:0x00000001 x16=0x00000001
       15895000	      1588	80002de8	0043a083	lw	x1,4(x7)	  x7:0x80009f54  x1=0x800001b0 PA:0x80009f58
       15905000	      1589	80002dec	004a8f33	add	x30,x21,x4	 x21:0x80009f57  x4:0x4fab8000 x30=0xcfac1f57
       15915000	      1590	80002df0	03038393	addi	x7,x7,48	  x7:0x80009f54  x7=0x80009f84
       15925000	      1591	80002df4	408a4913	xori	x18,x20,1032	 x20:0x0000007b x18=0x00000473
       15935000	      1592	80002df8	74da6a93	ori	x21,x20,1869	 x20:0x0000007b x21=0x0000077f
       15945000	      1593	80002dfc	00008b13	addi	x22,x1,0	  x1:0x800001b0 x22=0x800001b0
       15955000	      1594	80002e00	000b0b67	jalr	x22,x22,0	 x22:0x800001b0 x22=0x80002e00
       15965000	      1595	00000000	00000013	addi	x0,x0,0	  x0:0x00000000
       15975000	      1596	800001b0	00000013	addi	x0,x0,0	  x0:0x00000000
       15985000	      1597	800001b4	00900213	addi	x4,x0,9	  x0:0x00000000  x4=0x00000009
       15995000	      1598	800001b8	484db013	sltiu	x0,x27,1156	 x27:0x80002ca8
       16005000	      1599	800001bc	105c2b93	slti	x23,x24,261	 x24:0x80009f57 x23=0x00000001
       16015000	      1600	800001c0	00600a13	addi	x20,x0,6	  x0:0x00000000 x20=0x00000006
       16025000	      1601	800001c4	0037e733	or	x14,x15,x3	 x15:0x80009f57  x3:0x00000000 x14=0x80009f57
       16035000	      1602	800001c8	01488833	add	x16,x17,x20	 x17:0x00000000 x20:0x00000006 x16=0x00000006
       16045000	      1603	800001cc	001cbab3	sltu	x21,x25,x1	 x25:0x00000000  x1:0x800001b0 x21=0x00000001
       16055000	      1604	800001d0	ffb20213	addi	x4,x4,-5	  x4:0x00000009  x4=0x00000004
       16065000	      1605	800001d4	00000593	addi	x11,x0,0	  x0:0x00000000 x11=0x00000000
       16075000	      1606	800001d8	ff800c93	addi	x25,x0,-8	  x0:0x00000000 x25=0xfffffff8
       16085000	      1607	800001dc	409b0b33	sub	x22,x22,x9	 x22:0x80002e00  x9:0x000001ec x22=0x80002c14
       16095000	      1608	800001e0	0172ad33	slt	x26,x5,x23	  x5:0x00000001 x23:0x00000001 x26=0x00000000
       16105000	      1609	800001e4	ff858593	addi	x11,x11,-8	 x11:0x00000000 x11=0xfffffff8
       16115000	      1610	800001e8	00000013	addi	x0,x0,0	  x0:0x00000000
       16125000	      1611	800001ec	ff958ae3	beq	x11,x25,800001e0	 x11:0xfffffff8 x25:0xfffffff8
       16135000	      1612	00000000	00000013	addi	x0,x0,0	  x0:0x00000000
       16145000	      1613	800001dc	00000013	addi	x0,x0,0	  x0:0x00000000
       16155000	      1614	800001e0	0172ad33	slt	x26,x5,x23	  x5:0x00000001 x23:0x00000001 x26=0x00000000
       16165000	      1615	800001e4	ff858593	addi	x11,x11,-8	 x11:0xfffffff8 x11=0xfffffff0
       16175000	      1616	800001e8	00000013	addi	x0,x0,0	  x0:0x00000000
       16185000	      1617	800001ec	ff958ae3	beq	x11,x25,800001e0	 x11:0xfffffff0 x25:0xfffffff8
       16195000	      1618	800001f0	41293b93	sltiu	x23,x18,1042	 x18:0x00000473 x23=0x00000000
       16205000	      1619	800001f4	f8900897	auipc	x17,0xf8900	 x17=0x789001f0
       16215000	      1620	800001f8	fd4276e3	bgeu	x4,x20,800001c4	  x4:0x00000004 x20:0x00000006
       16225000	      1621	800001fc	400ad0b3	sra	x1,x21,x0	 x21:0x00000001  x0:0x00000000  x1=0x00000001
       16235000	      1622	80000200	00a00c13	addi	x24,x0,10	  x0:0x00000000 x24=0x0000000a
       16245000	      1623	80000204	00000013	addi	x0,x0,0	  x0:0x00000000
       16255000	      1624	80000208	01000893	addi	x17,x0,16	  x0:0x00000000 x17=0x00000010
       16265000	      1625	8000020c	ae2e1bb7	lui	x23,0xae2e1	 x23=0xae2e1000
       16275000	      1626	80000210	01f87033	and	x0,x16,x31	 x16:0x00000006 x31:0xc265dbf8
       16285000	      1627	80000214	40b451b3	sra	x3,x8,x11	  x8:0x00000000 x11:0xfffffff0  x3=0x00000000
       16295000	      1628	80000218	70bb0813	addi	x16,x22,1803	 x22:0x80002c14 x16=0x8000331f
       16305000	      1629	8000021c	b4505fb7	lui	x31,0xb4505	 x31=0xb4505000
       16315000	      1630	80000220	41248233	sub	x4,x9,x18	  x9:0x000001ec x18:0x00000473  x4=0xfffffd79
       16325000	      1631	80000224	cfd50d13	addi	x26,x10,-771	 x10:0x7a9f756f x26=0x7a9f726c
       16335000	      1632	80000228	003c0c13	addi	x24,x24,3	 x24:0x0000000a x24=0x0000000d
       16345000	      1633	8000022c	a7e6ad13	slti	x26,x13,-1410	 x13:0xffffcac0 x26=0x00000001
       16355000	      1634	80000230	0093e133	or	x2,x7,x9	  x7:0x80009f84  x9:0x000001ec  x2=0x80009fec
       16365000	      1635	80000234	00700413	addi	x8,x0,7	  x0:0x00000000  x8=0x00000007
       16375000	      1636	80000238	0082beb3	sltu	x29,x5,x8	  x5:0x00000001  x8:0x00000007 x29=0x00000001
       16385000	      1637	8000023c	ffb00293	addi	x5,x0,-5	  x0:0x00000000  x5=0xfffffffb
       16395000	      1638	80000240	4185d493	srai	x9,x11,0x18	 x11:0xfffffff0  x9=0xffffffff
       16405000	      1639	80000244	a7db8f93	addi	x31,x23,-1411	 x23:0xae2e1000 x31=0xae2e0a7d
       16415000	      1640	80000248	01381b93	slli	x23,x16,0x13	 x16:0x8000331f x23=0x98f80000
       16425000	      1641	8000024c	01b66133	or	x2,x12,x27	 x12:0x00000000 x27:0x80002ca8  x2=0x80002ca8
       16435000	      1642	80000250	9ed5b097	auipc	x1,0x9ed5b	  x1=0x1ed5b24c
       16445000	      1643	80000254	ffa40413	addi	x8,x8,-6	  x8:0x00000007  x8=0x00000001
       16455000	      1644	80000258	fe541ae3	bne	x8,x5,8000024c	  x8:0x00000001  x5:0xfffffffb
       16465000	      1645	00000000	00000013	addi	x0,x0,0	  x0:0x00000000
       16475000	      1646	80000248	00000013	addi	x0,x0,0	  x0:0x00000000
       16485000	      1647	8000024c	01b66133	or	x2,x12,x27	 x12:0x00000000 x27:0x80002ca8  x2=0x80002ca8
       16495000	      1648	80000250	9ed5b097	auipc	x1,0x9ed5b	  x1=0x1ed5b24c
       16505000	      1649	80000254	ffa40413	addi	x8,x8,-6	  x8:0x00000001  x8=0xfffffffb
       16515000	      1650	80000258	fe541ae3	bne	x8,x5,8000024c	  x8:0xfffffffb  x5:0xfffffffb
       16525000	      1651	8000025c	6bd00793	addi	x15,x0,1725	  x0:0x00000000 x15=0x000006bd
       16535000	      1652	80000260	fb1c16e3	bne	x24,x17,8000020c	 x24:0x0000000d x17:0x00000010
       16545000	      1653	00000000	00000013	addi	x0,x0,0	  x0:0x00000000
       16555000	      1654	80000208	00000013	addi	x0,x0,0	  x0:0x00000000
       16565000	      1655	8000020c	ae2e1bb7	lui	x23,0xae2e1	 x23=0xae2e1000
       16575000	      1656	80000210	01f87033	and	x0,x16,x31	 x16:0x8000331f x31:0xae2e0a7d
       16585000	      1657	80000214	40b451b3	sra	x3,x8,x11	  x8:0xfffffffb x11:0xfffffff0  x3=0xffffffff
       16595000	      1658	80000218	70bb0813	addi	x16,x22,1803	 x22:0x80002c14 x16=0x8000331f
       16605000	      1659	8000021c	b4505fb7	lui	x31,0xb4505	 x31=0xb4505000
       16615000	      1660	80000220	41248233	sub	x4,x9,x18	  x9:0xffffffff x18:0x00000473  x4=0xfffffb8c
       16625000	      1661	80000224	cfd50d13	addi	x26,x10,-771	 x10:0x7a9f756f x26=0x7a9f726c
       16635000	      1662	80000228	003c0c13	addi	x24,x24,3	 x24:0x0000000d x24=0x00000010
       16645000	      1663	8000022c	a7e6ad13	slti	x26,x13,-1410	 x13:0xffffcac0 x26=0x00000001
       16655000	      1664	80000230	0093e133	or	x2,x7,x9	  x7:0x80009f84  x9:0xffffffff  x2=0xffffffff
       16665000	      1665	80000234	00700413	addi	x8,x0,7	  x0:0x00000000  x8=0x00000007
       16675000	      1666	80000238	0082beb3	sltu	x29,x5,x8	  x5:0xfffffffb  x8:0x00000007 x29=0x00000000
       16685000	      1667	8000023c	ffb00293	addi	x5,x0,-5	  x0:0x00000000  x5=0xfffffffb
       16695000	      1668	80000240	4185d493	srai	x9,x11,0x18	 x11:0xfffffff0  x9=0xffffffff
       16705000	      1669	80000244	a7db8f93	addi	x31,x23,-1411	 x23:0xae2e1000 x31=0xae2e0a7d
       16715000	      1670	80000248	01381b93	slli	x23,x16,0x13	 x16:0x8000331f x23=0x98f80000
       16725000	      1671	8000024c	01b66133	or	x2,x12,x27	 x12:0x00000000 x27:0x80002ca8  x2=0x80002ca8
       16735000	      1672	80000250	9ed5b097	auipc	x1,0x9ed5b	  x1=0x1ed5b24c
       16745000	      1673	80000254	ffa40413	addi	x8,x8,-6	  x8:0x00000007  x8=0x00000001
       16755000	      1674	80000258	fe541ae3	bne	x8,x5,8000024c	  x8:0x00000001  x5:0xfffffffb
       16765000	      1675	00000000	00000013	addi	x0,x0,0	  x0:0x00000000
       16775000	      1676	80000248	00000013	addi	x0,x0,0	  x0:0x00000000
       16785000	      1677	8000024c	01b66133	or	x2,x12,x27	 x12:0x00000000 x27:0x80002ca8  x2=0x80002ca8
       16795000	      1678	80000250	9ed5b097	auipc	x1,0x9ed5b	  x1=0x1ed5b24c
       16805000	      1679	80000254	ffa40413	addi	x8,x8,-6	  x8:0x00000001  x8=0xfffffffb
       16815000	      1680	80000258	fe541ae3	bne	x8,x5,8000024c	  x8:0xfffffffb  x5:0xfffffffb
       16825000	      1681	8000025c	6bd00793	addi	x15,x0,1725	  x0:0x00000000 x15=0x000006bd
       16835000	      1682	80000260	fb1c16e3	bne	x24,x17,8000020c	 x24:0x00000010 x17:0x00000010
       16845000	      1683	80000264	0075db13	srli	x22,x11,0x7	 x11:0xfffffff0 x22=0x01ffffff
       16855000	      1684	80000268	40c40033	sub	x0,x8,x12	  x8:0xfffffffb x12:0x00000000
       16865000	      1685	8000026c	018b05b3	add	x11,x22,x24	 x22:0x01ffffff x24:0x00000010 x11=0x0200000f
       16875000	      1686	80000270	3c9f8313	addi	x6,x31,969	 x31:0xae2e0a7d  x6=0xae2e0e46
       16885000	      1687	80000274	16ac3813	sltiu	x16,x24,362	 x24:0x00000010 x16=0x00000001
       16895000	      1688	80000278	2a6afa13	andi	x20,x21,678	 x21:0x00000001 x20=0x00000000
       16905000	      1689	8000027c	09bcc093	xori	x1,x25,155	 x25:0xfffffff8  x1=0xffffff63
       16915000	      1690	80000280	4146dd33	sra	x26,x13,x20	 x13:0xffffcac0 x20:0x00000000 x26=0xffffcac0
       16925000	      1691	80000284	04330263	beq	x6,x3,800002c8	  x6:0xae2e0e46  x3:0xffffffff
       16935000	      1692	80000288	00878bb3	add	x23,x15,x8	 x15:0x000006bd  x8:0xfffffffb x23=0x000006b8
       16945000	      1693	8000028c	00001f17	auipc	x30,0x1	 x30=0x80001288
       16955000	      1694	80000290	738f0f13	addi	x30,x30,1848	 x30:0x80001288 x30=0x800019c0
       16965000	      1695	80000294	0189fbb3	and	x23,x19,x24	 x19:0xc265d848 x24:0x00000010 x23=0x00000000
       16975000	      1696	80000298	b65f3693	sltiu	x13,x30,-1179	 x30:0x800019c0 x13=0x00000001
       16985000	      1697	8000029c	00000013	addi	x0,x0,0	  x0:0x00000000
       16995000	      1698	800002a0	40b50433	sub	x8,x10,x11	 x10:0x7a9f756f x11:0x0200000f  x8=0x789f7560
       17005000	      1699	800002a4	252f0f13	addi	x30,x30,594	 x30:0x800019c0 x30=0x80001c12
       17015000	      1700	800002a8	00cf76b3	and	x13,x30,x12	 x30:0x80001c12 x12:0x00000000 x13=0x00000000
       17025000	      1701	800002ac	7e342a93	slti	x21,x8,2019	  x8:0x789f7560 x21=0x00000000
       17035000	      1702	800002b0	6cb842b7	lui	x5,0x6cb84	  x5=0x6cb84000
       17045000	      1703	800002b4	daef00e7	jalr	x1,x30,-594	 x30:0x80001c12  x1=0x800002b4
       17055000	      1704	00000000	00000013	addi	x0,x0,0	  x0:0x00000000
       17065000	      1705	800019c0	00000013	addi	x0,x0,0	  x0:0x00000000
       17075000	      1706	800019c4	0153d463	bge	x7,x21,800019cc	  x7:0x80009f84 x21:0x00000000
       17085000	      1707	800019c8	008cbeb3	sltu	x29,x25,x8	 x25:0xfffffff8  x8:0x789f7560 x29=0x00000000
       17095000	      1708	800019cc	fc038393	addi	x7,x7,-64	  x7:0x80009f84  x7=0x80009f44
       17105000	      1709	800019d0	01e5feb3	and	x29,x11,x30	 x11:0x0200000f x30:0x80001c12 x29=0x00000002
       17115000	      1710	800019d4	0103f033	and	x0,x7,x16	  x7:0x80009f44 x16:0x00000001
       17125000	      1711	800019d8	0013a223	sw	x1,4(x7)	  x7:0x80009f44  x1:0x800002b4 PA:0x80009f48
       17135000	      1712	800019dc	003344b3	xor	x9,x6,x3	  x6:0xae2e0e46  x3:0xffffffff  x9=0x51d1f1b9
       17145000	      1713	800019e0	37590713	addi	x14,x18,885	 x18:0x00000473 x14=0x000007e8
       17155000	      1714	800019e4	00e526b3	slt	x13,x10,x14	 x10:0x7a9f756f x14:0x000007e8 x13=0x00000000
       17165000	      1715	800019e8	013548b3	xor	x17,x10,x19	 x10:0x7a9f756f x19:0xc265d848 x17=0xb8faad27
       17175000	      1716	800019ec	2d330793	addi	x15,x6,723	  x6:0xae2e0e46 x15=0xae2e1119
       17185000	      1717	800019f0	00625793	srli	x15,x4,0x6	  x4:0xfffffb8c x15=0x03ffffee
       17195000	      1718	800019f4	69c7ec93	ori	x25,x15,1692	 x15:0x03ffffee x25=0x03fffffe
       17205000	      1719	800019f8	00500f13	addi	x30,x0,5	  x0:0x00000000 x30=0x00000005
       17215000	      1720	800019fc	01100193	addi	x3,x0,17	  x0:0x00000000  x3=0x00000011
       17225000	      1721	80001a00	01846233	or	x4,x8,x24	  x8:0x789f7560 x24:0x00000010  x4=0x789f7570
       17235000	      1722	80001a04	006f0f13	addi	x30,x30,6	 x30:0x00000005 x30=0x0000000b
       17245000	      1723	80001a08	00900613	addi	x12,x0,9	  x0:0x00000000 x12=0x00000009
       17255000	      1724	80001a0c	ff500913	addi	x18,x0,-11	  x0:0x00000000 x18=0xfffffff5
       17265000	      1725	80001a10	00000013	addi	x0,x0,0	  x0:0x00000000
       17275000	      1726	80001a14	ff660613	addi	x12,x12,-10	 x12:0x00000009 x12=0xffffffff
       17285000	      1727	80001a18	ff261ce3	bne	x12,x18,80001a10	 x12:0xffffffff x18:0xfffffff5
       17295000	      1728	00000000	00000013	addi	x0,x0,0	  x0:0x00000000
       17305000	      1729	80001a0c	00000013	addi	x0,x0,0	  x0:0x00000000
       17315000	      1730	80001a10	00000013	addi	x0,x0,0	  x0:0x00000000
       17325000	      1731	80001a14	ff660613	addi	x12,x12,-10	 x12:0xffffffff x12=0xfffffff5
       17335000	      1732	80001a18	ff261ce3	bne	x12,x18,80001a10	 x12:0xfffffff5 x18:0xfffffff5
       17345000	      1733	80001a1c	fe3f02e3	beq	x30,x3,80001a00	 x30:0x0000000b  x3:0x00000011
       17355000	      1734	80001a20	41a2dd13	srai	x26,x5,0x1a	  x5:0x6cb84000 x26=0x0000001b
       17365000	      1735	80001a24	ffd00b13	addi	x22,x0,-3	  x0:0x00000000 x22=0xfffffffd
       17375000	      1736	80001a28	00a536b3	sltu	x13,x10,x10	 x10:0x7a9f756f x10:0x7a9f756f x13=0x00000000
       17385000	      1737	80001a2c	cac5e993	ori	x19,x11,-852	 x11:0x0200000f x19=0xfffffcaf
       17395000	      1738	80001a30	00000013	addi	x0,x0,0	  x0:0x00000000
       17405000	      1739	80001a34	01bf7833	and	x16,x30,x27	 x30:0x0000000b x27:0x80002ca8 x16=0x00000008
       17415000	      1740	80001a38	6d43b793	sltiu	x15,x7,1748	  x7:0x80009f44 x15=0x00000000
       17425000	      1741	80001a3c	177f3093	sltiu	x1,x30,375	 x30:0x0000000b  x1=0x00000001
       17435000	      1742	80001a40	00c00c93	addi	x25,x0,12	  x0:0x00000000 x25=0x0000000c
       17445000	      1743	80001a44	01674c33	xor	x24,x14,x22	 x14:0x000007e8 x22:0xfffffffd x24=0xfffff815
       17455000	      1744	80001a48	01d96633	or	x12,x18,x29	 x18:0xfffffff5 x29:0x00000002 x12=0xfffffff7
       17465000	      1745	80001a4c	01151c13	slli	x24,x10,0x11	 x10:0x7a9f756f x24=0xeade0000
       17475000	      1746	80001a50	251d8313	addi	x6,x27,593	 x27:0x80002ca8  x6=0x80002ef9
       17485000	      1747	80001a54	006b0b13	addi	x22,x22,6	 x22:0xfffffffd x22=0x00000003
       17495000	      1748	80001a58	01dd45b3	xor	x11,x26,x29	 x26:0x0000001b x29:0x00000002 x11=0x00000019
       17505000	      1749	80001a5c	01455a93	srli	x21,x10,0x14	 x10:0x7a9f756f x21=0x000007a9
       17515000	      1750	80001a60	00c29a93	slli	x21,x5,0xc	  x5:0x6cb84000 x21=0x84000000
       17525000	      1751	80001a64	fff00893	addi	x17,x0,-1	  x0:0x00000000 x17=0xffffffff
       17535000	      1752	80001a68	415c8833	sub	x16,x25,x21	 x25:0x0000000c x21:0x84000000 x16=0x7c00000c
       17545000	      1753	80001a6c	00b8d013	srli	x0,x17,0xb	 x17:0xffffffff
       17555000	      1754	80001a70	ff300e93	addi	x29,x0,-13	  x0:0x00000000 x29=0xfffffff3
       17565000	      1755	80001a74	c2e8a493	slti	x9,x17,-978	 x17:0xffffffff  x9=0x00000000
       17575000	      1756	80001a78	4129df13	srai	x30,x19,0x12	 x19:0xfffffcaf x30=0xffffffff
       17585000	      1757	80001a7c	ffa88893	addi	x17,x17,-6	 x17:0xffffffff x17=0xfffffff9
       17595000	      1758	80001a80	00e53133	sltu	x2,x10,x14	 x10:0x7a9f756f x14:0x000007e8  x2=0x00000000
       17605000	      1759	80001a84	98744f93	xori	x31,x8,-1657	  x8:0x789f7560 x31=0x87608ce7
       17615000	      1760	80001a88	40678033	sub	x0,x15,x6	 x15:0x00000000  x6:0x80002ef9
       17625000	      1761	80001a8c	40f1d0b3	sra	x1,x3,x15	  x3:0x00000011 x15:0x00000000  x1=0x00000011
       17635000	      1762	80001a90	8d0abd97	auipc	x27,0x8d0ab	 x27=0x0d0aca8c
       17645000	      1763	80001a94	f90af293	andi	x5,x21,-112	 x21:0x84000000  x5=0x84000000
       17655000	      1764	80001a98	00fe5c33	srl	x24,x28,x15	 x28:0x80009fc4 x15:0x00000000 x24=0x80009fc4
       17665000	      1765	80001a9c	fdd89ce3	bne	x17,x29,80001a74	 x17:0xfffffff9 x29:0xfffffff3
       17675000	      1766	00000000	00000013	addi	x0,x0,0	  x0:0x00000000
       17685000	      1767	80001a70	00000013	addi	x0,x0,0	  x0:0x00000000
       17695000	      1768	80001a74	c2e8a493	slti	x9,x17,-978	 x17:0xfffffff9  x9=0x00000000
       17705000	      1769	80001a78	4129df13	srai	x30,x19,0x12	 x19:0xfffffcaf x30=0xffffffff
       17715000	      1770	80001a7c	ffa88893	addi	x17,x17,-6	 x17:0xfffffff9 x17=0xfffffff3
       17725000	      1771	80001a80	00e53133	sltu	x2,x10,x14	 x10:0x7a9f756f x14:0x000007e8  x2=0x00000000
       17735000	      1772	80001a84	98744f93	xori	x31,x8,-1657	  x8:0x789f7560 x31=0x87608ce7
       17745000	      1773	80001a88	40678033	sub	x0,x15,x6	 x15:0x00000000  x6:0x80002ef9
       17755000	      1774	80001a8c	40f1d0b3	sra	x1,x3,x15	  x3:0x00000011 x15:0x00000000  x1=0x00000011
       17765000	      1775	80001a90	8d0abd97	auipc	x27,0x8d0ab	 x27=0x0d0aca8c
       17775000	      1776	80001a94	f90af293	andi	x5,x21,-112	 x21:0x84000000  x5=0x84000000
       17785000	      1777	80001a98	00fe5c33	srl	x24,x28,x15	 x28:0x80009fc4 x15:0x00000000 x24=0x80009fc4
       17795000	      1778	80001a9c	fdd89ce3	bne	x17,x29,80001a74	 x17:0xfffffff3 x29:0xfffffff3
       17805000	      1779	80001aa0	01c15713	srli	x14,x2,0x1c	  x2:0x00000000 x14=0x00000000
       17815000	      1780	80001aa4	41b455b3	sra	x11,x8,x27	  x8:0x789f7560 x27:0x0d0aca8c x11=0x000789f7
       17825000	      1781	80001aa8	fb9b40e3	blt	x22,x25,80001a48	 x22:0x00000003 x25:0x0000000c
       17835000	      1782	00000000	00000013	addi	x0,x0,0	  x0:0x00000000
       17845000	      1783	80001a44	00000013	addi	x0,x0,0	  x0:0x00000000
       17855000	      1784	80001a48	01d96633	or	x12,x18,x29	 x18:0xfffffff5 x29:0xfffffff3 x12=0xfffffff7
       17865000	      1785	80001a4c	01151c13	slli	x24,x10,0x11	 x10:0x7a9f756f x24=0xeade0000
       17875000	      1786	80001a50	251d8313	addi	x6,x27,593	 x27:0x0d0aca8c  x6=0x0d0accdd
       17885000	      1787	80001a54	006b0b13	addi	x22,x22,6	 x22:0x00000003 x22=0x00000009
       17895000	      1788	80001a58	01dd45b3	xor	x11,x26,x29	 x26:0x0000001b x29:0xfffffff3 x11=0xffffffe8
       17905000	      1789	80001a5c	01455a93	srli	x21,x10,0x14	 x10:0x7a9f756f x21=0x000007a9
       17915000	      1790	80001a60	00c29a93	slli	x21,x5,0xc	  x5:0x84000000 x21=0x00000000
       17925000	      1791	80001a64	fff00893	addi	x17,x0,-1	  x0:0x00000000 x17=0xffffffff
       17935000	      1792	80001a68	415c8833	sub	x16,x25,x21	 x25:0x0000000c x21:0x00000000 x16=0x0000000c
       17945000	      1793	80001a6c	00b8d013	srli	x0,x17,0xb	 x17:0xffffffff
       17955000	      1794	80001a70	ff300e93	addi	x29,x0,-13	  x0:0x00000000 x29=0xfffffff3
       17965000	      1795	80001a74	c2e8a493	slti	x9,x17,-978	 x17:0xffffffff  x9=0x00000000
       17975000	      1796	80001a78	4129df13	srai	x30,x19,0x12	 x19:0xfffffcaf x30=0xffffffff
       17985000	      1797	80001a7c	ffa88893	addi	x17,x17,-6	 x17:0xffffffff x17=0xfffffff9
       17995000	      1798	80001a80	00e53133	sltu	x2,x10,x14	 x10:0x7a9f756f x14:0x00000000  x2=0x00000000
       18005000	      1799	80001a84	98744f93	xori	x31,x8,-1657	  x8:0x789f7560 x31=0x87608ce7
       18015000	      1800	80001a88	40678033	sub	x0,x15,x6	 x15:0x00000000  x6:0x0d0accdd
       18025000	      1801	80001a8c	40f1d0b3	sra	x1,x3,x15	  x3:0x00000011 x15:0x00000000  x1=0x00000011
       18035000	      1802	80001a90	8d0abd97	auipc	x27,0x8d0ab	 x27=0x0d0aca8c
       18045000	      1803	80001a94	f90af293	andi	x5,x21,-112	 x21:0x00000000  x5=0x00000000
       18055000	      1804	80001a98	00fe5c33	srl	x24,x28,x15	 x28:0x80009fc4 x15:0x00000000 x24=0x80009fc4
       18065000	      1805	80001a9c	fdd89ce3	bne	x17,x29,80001a74	 x17:0xfffffff9 x29:0xfffffff3
       18075000	      1806	00000000	00000013	addi	x0,x0,0	  x0:0x00000000
       18085000	      1807	80001a70	00000013	addi	x0,x0,0	  x0:0x00000000
       18095000	      1808	80001a74	c2e8a493	slti	x9,x17,-978	 x17:0xfffffff9  x9=0x00000000
       18105000	      1809	80001a78	4129df13	srai	x30,x19,0x12	 x19:0xfffffcaf x30=0xffffffff
       18115000	      1810	80001a7c	ffa88893	addi	x17,x17,-6	 x17:0xfffffff9 x17=0xfffffff3
       18125000	      1811	80001a80	00e53133	sltu	x2,x10,x14	 x10:0x7a9f756f x14:0x00000000  x2=0x00000000
       18135000	      1812	80001a84	98744f93	xori	x31,x8,-1657	  x8:0x789f7560 x31=0x87608ce7
       18145000	      1813	80001a88	40678033	sub	x0,x15,x6	 x15:0x00000000  x6:0x0d0accdd
       18155000	      1814	80001a8c	40f1d0b3	sra	x1,x3,x15	  x3:0x00000011 x15:0x00000000  x1=0x00000011
       18165000	      1815	80001a90	8d0abd97	auipc	x27,0x8d0ab	 x27=0x0d0aca8c
       18175000	      1816	80001a94	f90af293	andi	x5,x21,-112	 x21:0x00000000  x5=0x00000000
       18185000	      1817	80001a98	00fe5c33	srl	x24,x28,x15	 x28:0x80009fc4 x15:0x00000000 x24=0x80009fc4
       18195000	      1818	80001a9c	fdd89ce3	bne	x17,x29,80001a74	 x17:0xfffffff3 x29:0xfffffff3
       18205000	      1819	80001aa0	01c15713	srli	x14,x2,0x1c	  x2:0x00000000 x14=0x00000000
       18215000	      1820	80001aa4	41b455b3	sra	x11,x8,x27	  x8:0x789f7560 x27:0x0d0aca8c x11=0x000789f7
       18225000	      1821	80001aa8	fb9b40e3	blt	x22,x25,80001a48	 x22:0x00000009 x25:0x0000000c
       18235000	      1822	00000000	00000013	addi	x0,x0,0	  x0:0x00000000
       18245000	      1823	80001a44	00000013	addi	x0,x0,0	  x0:0x00000000
       18255000	      1824	80001a48	01d96633	or	x12,x18,x29	 x18:0xfffffff5 x29:0xfffffff3 x12=0xfffffff7
       18265000	      1825	80001a4c	01151c13	slli	x24,x10,0x11	 x10:0x7a9f756f x24=0xeade0000
       18275000	      1826	80001a50	251d8313	addi	x6,x27,593	 x27:0x0d0aca8c  x6=0x0d0accdd
       18285000	      1827	80001a54	006b0b13	addi	x22,x22,6	 x22:0x00000009 x22=0x0000000f
       18295000	      1828	80001a58	01dd45b3	xor	x11,x26,x29	 x26:0x0000001b x29:0xfffffff3 x11=0xffffffe8
       18305000	      1829	80001a5c	01455a93	srli	x21,x10,0x14	 x10:0x7a9f756f x21=0x000007a9
       18315000	      1830	80001a60	00c29a93	slli	x21,x5,0xc	  x5:0x00000000 x21=0x00000000
       18325000	      1831	80001a64	fff00893	addi	x17,x0,-1	  x0:0x00000000 x17=0xffffffff
       18335000	      1832	80001a68	415c8833	sub	x16,x25,x21	 x25:0x0000000c x21:0x00000000 x16=0x0000000c
       18345000	      1833	80001a6c	00b8d013	srli	x0,x17,0xb	 x17:0xffffffff
       18355000	      1834	80001a70	ff300e93	addi	x29,x0,-13	  x0:0x00000000 x29=0xfffffff3
       18365000	      1835	80001a74	c2e8a493	slti	x9,x17,-978	 x17:0xffffffff  x9=0x00000000
       18375000	      1836	80001a78	4129df13	srai	x30,x19,0x12	 x19:0xfffffcaf x30=0xffffffff
       18385000	      1837	80001a7c	ffa88893	addi	x17,x17,-6	 x17:0xffffffff x17=0xfffffff9
       18395000	      1838	80001a80	00e53133	sltu	x2,x10,x14	 x10:0x7a9f756f x14:0x00000000  x2=0x00000000
       18405000	      1839	80001a84	98744f93	xori	x31,x8,-1657	  x8:0x789f7560 x31=0x87608ce7
       18415000	      1840	80001a88	40678033	sub	x0,x15,x6	 x15:0x00000000  x6:0x0d0accdd
       18425000	      1841	80001a8c	40f1d0b3	sra	x1,x3,x15	  x3:0x00000011 x15:0x00000000  x1=0x00000011
       18435000	      1842	80001a90	8d0abd97	auipc	x27,0x8d0ab	 x27=0x0d0aca8c
       18445000	      1843	80001a94	f90af293	andi	x5,x21,-112	 x21:0x00000000  x5=0x00000000
       18455000	      1844	80001a98	00fe5c33	srl	x24,x28,x15	 x28:0x80009fc4 x15:0x00000000 x24=0x80009fc4
       18465000	      1845	80001a9c	fdd89ce3	bne	x17,x29,80001a74	 x17:0xfffffff9 x29:0xfffffff3
       18475000	      1846	00000000	00000013	addi	x0,x0,0	  x0:0x00000000
       18485000	      1847	80001a70	00000013	addi	x0,x0,0	  x0:0x00000000
       18495000	      1848	80001a74	c2e8a493	slti	x9,x17,-978	 x17:0xfffffff9  x9=0x00000000
       18505000	      1849	80001a78	4129df13	srai	x30,x19,0x12	 x19:0xfffffcaf x30=0xffffffff
       18515000	      1850	80001a7c	ffa88893	addi	x17,x17,-6	 x17:0xfffffff9 x17=0xfffffff3
       18525000	      1851	80001a80	00e53133	sltu	x2,x10,x14	 x10:0x7a9f756f x14:0x00000000  x2=0x00000000
       18535000	      1852	80001a84	98744f93	xori	x31,x8,-1657	  x8:0x789f7560 x31=0x87608ce7
       18545000	      1853	80001a88	40678033	sub	x0,x15,x6	 x15:0x00000000  x6:0x0d0accdd
       18555000	      1854	80001a8c	40f1d0b3	sra	x1,x3,x15	  x3:0x00000011 x15:0x00000000  x1=0x00000011
       18565000	      1855	80001a90	8d0abd97	auipc	x27,0x8d0ab	 x27=0x0d0aca8c
       18575000	      1856	80001a94	f90af293	andi	x5,x21,-112	 x21:0x00000000  x5=0x00000000
       18585000	      1857	80001a98	00fe5c33	srl	x24,x28,x15	 x28:0x80009fc4 x15:0x00000000 x24=0x80009fc4
       18595000	      1858	80001a9c	fdd89ce3	bne	x17,x29,80001a74	 x17:0xfffffff3 x29:0xfffffff3
       18605000	      1859	80001aa0	01c15713	srli	x14,x2,0x1c	  x2:0x00000000 x14=0x00000000
       18615000	      1860	80001aa4	41b455b3	sra	x11,x8,x27	  x8:0x789f7560 x27:0x0d0aca8c x11=0x000789f7
       18625000	      1861	80001aa8	fb9b40e3	blt	x22,x25,80001a48	 x22:0x0000000f x25:0x0000000c
       18635000	      1862	80001aac	099b4097	auipc	x1,0x99b4	  x1=0x899b5aa8
       18645000	      1863	80001ab0	00800f13	addi	x30,x0,8	  x0:0x00000000 x30=0x00000008
       18655000	      1864	80001ab4	18930793	addi	x15,x6,393	  x6:0x0d0accdd x15=0x0d0ace66
       18665000	      1865	80001ab8	00800993	addi	x19,x0,8	  x0:0x00000000 x19=0x00000008
       18675000	      1866	80001abc	004c64b3	or	x9,x24,x4	 x24:0x80009fc4  x4:0x789f7570  x9=0xf89ffff4
       18685000	      1867	80001ac0	01a064b3	or	x9,x0,x26	  x0:0x00000000 x26:0x0000001b  x9=0x0000001b
       18695000	      1868	80001ac4	bdb45897	auipc	x17,0xbdb45	 x17=0x3db46ac0
       18705000	      1869	80001ac8	ff9f0f13	addi	x30,x30,-7	 x30:0x00000008 x30=0x00000001
       18715000	      1870	80001acc	40a38d33	sub	x26,x7,x10	  x7:0x80009f44 x10:0x7a9f756f x26=0x056129d5
       18725000	      1871	80001ad0	00600313	addi	x6,x0,6	  x0:0x00000000  x6=0x00000006
       18735000	      1872	80001ad4	47a34c97	auipc	x25,0x47a34	 x25=0xc7a35ad0
       18745000	      1873	80001ad8	fe52c117	auipc	x2,0xfe52c	  x2=0x7e52dad4
       18755000	      1874	80001adc	fee00813	addi	x16,x0,-18	  x0:0x00000000 x16=0xffffffee
       18765000	      1875	80001ae0	406a8733	sub	x14,x21,x6	 x21:0x00000000  x6:0x00000006 x14=0xfffffffa
       18775000	      1876	80001ae4	96bdc013	xori	x0,x27,-1685	 x27:0x0d0aca8c
       18785000	      1877	80001ae8	41a95c93	srai	x25,x18,0x1a	 x18:0xfffffff5 x25=0xffffffff
       18795000	      1878	80001aec	ff830313	addi	x6,x6,-8	  x6:0x00000006  x6=0xfffffffe
       18805000	      1879	80001af0	004f9713	slli	x14,x31,0x4	 x31:0x87608ce7 x14=0x7608ce70
       18815000	      1880	80001af4	ff0318e3	bne	x6,x16,80001ae4	  x6:0xfffffffe x16:0xffffffee
       18825000	      1881	00000000	00000013	addi	x0,x0,0	  x0:0x00000000
       18835000	      1882	80001ae0	00000013	addi	x0,x0,0	  x0:0x00000000
       18845000	      1883	80001ae4	96bdc013	xori	x0,x27,-1685	 x27:0x0d0aca8c
       18855000	      1884	80001ae8	41a95c93	srai	x25,x18,0x1a	 x18:0xfffffff5 x25=0xffffffff
       18865000	      1885	80001aec	ff830313	addi	x6,x6,-8	  x6:0xfffffffe  x6=0xfffffff6
       18875000	      1886	80001af0	004f9713	slli	x14,x31,0x4	 x31:0x87608ce7 x14=0x7608ce70
       18885000	      1887	80001af4	ff0318e3	bne	x6,x16,80001ae4	  x6:0xfffffff6 x16:0xffffffee
       18895000	      1888	00000000	00000013	addi	x0,x0,0	  x0:0x00000000
       18905000	      1889	80001ae0	00000013	addi	x0,x0,0	  x0:0x00000000
       18915000	      1890	80001ae4	96bdc013	xori	x0,x27,-1685	 x27:0x0d0aca8c
       18925000	      1891	80001ae8	41a95c93	srai	x25,x18,0x1a	 x18:0xfffffff5 x25=0xffffffff
       18935000	      1892	80001aec	ff830313	addi	x6,x6,-8	  x6:0xfffffff6  x6=0xffffffee
       18945000	      1893	80001af0	004f9713	slli	x14,x31,0x4	 x31:0x87608ce7 x14=0x7608ce70
       18955000	      1894	80001af4	ff0318e3	bne	x6,x16,80001ae4	  x6:0xffffffee x16:0xffffffee
       18965000	      1895	80001af8	006084b3	add	x9,x1,x6	  x1:0x899b5aa8  x6:0xffffffee  x9=0x899b5a96
       18975000	      1896	80001afc	41755a33	sra	x20,x10,x23	 x10:0x7a9f756f x23:0x00000000 x20=0x7a9f756f
       18985000	      1897	80001b00	01211a33	sll	x20,x2,x18	  x2:0x7e52dad4 x18:0xfffffff5 x20=0x5a800000
       18995000	      1898	80001b04	01547233	and	x4,x8,x21	  x8:0x789f7560 x21:0x00000000  x4=0x00000000
       19005000	      1899	80001b08	0fe14017	auipc	x0,0xfe14	
       19015000	      1900	80001b0c	fb3f7ce3	bgeu	x30,x19,80001ac4	 x30:0x00000001 x19:0x00000008
       19025000	      1901	80001b10	00f44c33	xor	x24,x8,x15	  x8:0x789f7560 x15:0x0d0ace66 x24=0x7595bb06
       19035000	      1902	80001b14	00200a93	addi	x21,x0,2	  x0:0x00000000 x21=0x00000002
       19045000	      1903	80001b18	f7d14a13	xori	x20,x2,-131	  x2:0x7e52dad4 x20=0x81ad25a9
       19055000	      1904	80001b1c	01dfd8b3	srl	x17,x31,x29	 x31:0x87608ce7 x29:0xfffffff3 x17=0x000010ec
       19065000	      1905	80001b20	ff200c93	addi	x25,x0,-14	  x0:0x00000000 x25=0xfffffff2
       19075000	      1906	80001b24	40de0133	sub	x2,x28,x13	 x28:0x80009fc4 x13:0x00000000  x2=0x80009fc4
       19085000	      1907	80001b28	76c50213	addi	x4,x10,1900	 x10:0x7a9f756f  x4=0x7a9f7cdb
       19095000	      1908	80001b2c	b0408f17	auipc	x30,0xb0408	 x30=0x30409b28
       19105000	      1909	80001b30	47c23797	auipc	x15,0x47c23	 x15=0xc7c24b2c
       19115000	      1910	80001b34	9dba2413	slti	x8,x20,-1573	 x20:0x81ad25a9  x8=0x00000001
       19125000	      1911	80001b38	010847b3	xor	x15,x16,x16	 x16:0xffffffee x16:0xffffffee x15=0x00000000
       19135000	      1912	80001b3c	ff8a8a93	addi	x21,x21,-8	 x21:0x00000002 x21=0xfffffffa
       19145000	      1913	80001b40	014f54b3	srl	x9,x30,x20	 x30:0x30409b28 x20:0x81ad25a9  x9=0x0018204d
       19155000	      1914	80001b44	9490af93	slti	x31,x1,-1719	  x1:0x899b5aa8 x31=0x00000001
       19165000	      1915	80001b48	2ba83913	sltiu	x18,x16,698	 x16:0xffffffee x18=0x00000000
       19175000	      1916	80001b4c	fd9a8ee3	beq	x21,x25,80001b28	 x21:0xfffffffa x25:0xfffffff2
       19185000	      1917	80001b50	0073bfb3	sltu	x31,x7,x7	  x7:0x80009f44  x7:0x80009f44 x31=0x00000000
       19195000	      1918	80001b54	00100113	addi	x2,x0,1	  x0:0x00000000  x2=0x00000001
       19205000	      1919	80001b58	29eab093	sltiu	x1,x21,670	 x21:0xfffffffa  x1=0x00000000
       19215000	      1920	80001b5c	0031bab3	sltu	x21,x3,x3	  x3:0x00000011  x3:0x00000011 x21=0x00000000
       19225000	      1921	80001b60	01100e93	addi	x29,x0,17	  x0:0x00000000 x29=0x00000011
       19235000	      1922	80001b64	00c898b3	sll	x17,x17,x12	 x17:0x000010ec x12:0xfffffff7 x17=0x76000000
       19245000	      1923	80001b68	2156e093	ori	x1,x13,533	 x13:0x00000000  x1=0x00000215
       19255000	      1924	80001b6c	009722b3	slt	x5,x14,x9	 x14:0x7608ce70  x9:0x0018204d  x5=0x00000000
       19265000	      1925	80001b70	409acf93	xori	x31,x21,1033	 x21:0x00000000 x31=0x00000409
       19275000	      1926	80001b74	00410113	addi	x2,x2,4	  x2:0x00000001  x2=0x00000005
       19285000	      1927	80001b78	ce07a313	slti	x6,x15,-800	 x15:0x00000000  x6=0x00000000
       19295000	      1928	80001b7c	012b3c33	sltu	x24,x22,x18	 x22:0x0000000f x18:0x00000000 x24=0x00000000
       19305000	      1929	80001b80	01833833	sltu	x16,x6,x24	  x6:0x00000000 x24:0x00000000 x16=0x00000000
       19315000	      1930	80001b84	00800193	addi	x3,x0,8	  x0:0x00000000  x3=0x00000008
       19325000	      1931	80001b88	b2e21bb7	lui	x23,0xb2e21	 x23=0xb2e21000
       19335000	      1932	80001b8c	01bc5833	srl	x16,x24,x27	 x24:0x00000000 x27:0x0d0aca8c x16=0x00000000
       19345000	      1933	80001b90	953bbb13	sltiu	x22,x23,-1709	 x23:0xb2e21000 x22=0x00000001
       19355000	      1934	80001b94	00200793	addi	x15,x0,2	  x0:0x00000000 x15=0x00000002
       19365000	      1935	80001b98	9345fa93	andi	x21,x11,-1740	 x11:0x000789f7 x21=0x00078934
       19375000	      1936	80001b9c	01d47733	and	x14,x8,x29	  x8:0x00000001 x29:0x00000011 x14=0x00000001
       19385000	      1937	80001ba0	40a70033	sub	x0,x14,x10	 x14:0x00000001 x10:0x7a9f756f
       19395000	      1938	80001ba4	00000013	addi	x0,x0,0	  x0:0x00000000
       19405000	      1939	80001ba8	ff718193	addi	x3,x3,-9	  x3:0x00000008  x3=0xffffffff
       19415000	      1940	80001bac	fef1dae3	bge	x3,x15,80001ba0	  x3:0xffffffff x15:0x00000002
       19425000	      1941	80001bb0	8c117097	auipc	x1,0x8c117	  x1=0x0c118bac
       19435000	      1942	80001bb4	01b60833	add	x16,x12,x27	 x12:0xfffffff7 x27:0x0d0aca8c x16=0x0d0aca83
       19445000	      1943	80001bb8	28f06893	ori	x17,x0,655	  x0:0x00000000 x17=0x0000028f
       19455000	      1944	80001bbc	41dd09b3	sub	x19,x26,x29	 x26:0x056129d5 x29:0x00000011 x19=0x056129c4
       19465000	      1945	80001bc0	fbd104e3	beq	x2,x29,80001b68	  x2:0x00000005 x29:0x00000011
       19475000	      1946	80001bc4	00000013	addi	x0,x0,0	  x0:0x00000000
       19485000	      1947	80001bc8	00200f13	addi	x30,x0,2	  x0:0x00000000 x30=0x00000002
       19495000	      1948	80001bcc	003ad9b3	srl	x19,x21,x3	 x21:0x00078934  x3:0xffffffff x19=0x00000000
       19505000	      1949	80001bd0	00c00f93	addi	x31,x0,12	  x0:0x00000000 x31=0x0000000c
       19515000	      1950	80001bd4	00e90b33	add	x22,x18,x14	 x18:0x00000000 x14:0x00000001 x22=0x00000001
       19525000	      1951	80001bd8	001f0f13	addi	x30,x30,1	 x30:0x00000002 x30=0x00000003
       19535000	      1952	80001bdc	ffff4ce3	blt	x30,x31,80001bd4	 x30:0x00000003 x31:0x0000000c
       19545000	      1953	00000000	00000013	addi	x0,x0,0	  x0:0x00000000
       19555000	      1954	80001bd0	00000013	addi	x0,x0,0	  x0:0x00000000
       19565000	      1955	80001bd4	00e90b33	add	x22,x18,x14	 x18:0x00000000 x14:0x00000001 x22=0x00000001
       19575000	      1956	80001bd8	001f0f13	addi	x30,x30,1	 x30:0x00000003 x30=0x00000004
       19585000	      1957	80001bdc	ffff4ce3	blt	x30,x31,80001bd4	 x30:0x00000004 x31:0x0000000c
       19595000	      1958	00000000	00000013	addi	x0,x0,0	  x0:0x00000000
       19605000	      1959	80001bd0	00000013	addi	x0,x0,0	  x0:0x00000000
       19615000	      1960	80001bd4	00e90b33	add	x22,x18,x14	 x18:0x00000000 x14:0x00000001 x22=0x00000001
       19625000	      1961	80001bd8	001f0f13	addi	x30,x30,1	 x30:0x00000004 x30=0x00000005
       19635000	      1962	80001bdc	ffff4ce3	blt	x30,x31,80001bd4	 x30:0x00000005 x31:0x0000000c
       19645000	      1963	00000000	00000013	addi	x0,x0,0	  x0:0x00000000
       19655000	      1964	80001bd0	00000013	addi	x0,x0,0	  x0:0x00000000
       19665000	      1965	80001bd4	00e90b33	add	x22,x18,x14	 x18:0x00000000 x14:0x00000001 x22=0x00000001
       19675000	      1966	80001bd8	001f0f13	addi	x30,x30,1	 x30:0x00000005 x30=0x00000006
       19685000	      1967	80001bdc	ffff4ce3	blt	x30,x31,80001bd4	 x30:0x00000006 x31:0x0000000c
       19695000	      1968	00000000	00000013	addi	x0,x0,0	  x0:0x00000000
       19705000	      1969	80001bd0	00000013	addi	x0,x0,0	  x0:0x00000000
       19715000	      1970	80001bd4	00e90b33	add	x22,x18,x14	 x18:0x00000000 x14:0x00000001 x22=0x00000001
       19725000	      1971	80001bd8	001f0f13	addi	x30,x30,1	 x30:0x00000006 x30=0x00000007
       19735000	      1972	80001bdc	ffff4ce3	blt	x30,x31,80001bd4	 x30:0x00000007 x31:0x0000000c
       19745000	      1973	00000000	00000013	addi	x0,x0,0	  x0:0x00000000
       19755000	      1974	80001bd0	00000013	addi	x0,x0,0	  x0:0x00000000
       19765000	      1975	80001bd4	00e90b33	add	x22,x18,x14	 x18:0x00000000 x14:0x00000001 x22=0x00000001
       19775000	      1976	80001bd8	001f0f13	addi	x30,x30,1	 x30:0x00000007 x30=0x00000008
       19785000	      1977	80001bdc	ffff4ce3	blt	x30,x31,80001bd4	 x30:0x00000008 x31:0x0000000c
       19795000	      1978	00000000	00000013	addi	x0,x0,0	  x0:0x00000000
       19805000	      1979	80001bd0	00000013	addi	x0,x0,0	  x0:0x00000000
       19815000	      1980	80001bd4	00e90b33	add	x22,x18,x14	 x18:0x00000000 x14:0x00000001 x22=0x00000001
       19825000	      1981	80001bd8	001f0f13	addi	x30,x30,1	 x30:0x00000008 x30=0x00000009
       19835000	      1982	80001bdc	ffff4ce3	blt	x30,x31,80001bd4	 x30:0x00000009 x31:0x0000000c
       19845000	      1983	00000000	00000013	addi	x0,x0,0	  x0:0x00000000
       19855000	      1984	80001bd0	00000013	addi	x0,x0,0	  x0:0x00000000
       19865000	      1985	80001bd4	00e90b33	add	x22,x18,x14	 x18:0x00000000 x14:0x00000001 x22=0x00000001
       19875000	      1986	80001bd8	001f0f13	addi	x30,x30,1	 x30:0x00000009 x30=0x0000000a
       19885000	      1987	80001bdc	ffff4ce3	blt	x30,x31,80001bd4	 x30:0x0000000a x31:0x0000000c
       19895000	      1988	00000000	00000013	addi	x0,x0,0	  x0:0x00000000
       19905000	      1989	80001bd0	00000013	addi	x0,x0,0	  x0:0x00000000
       19915000	      1990	80001bd4	00e90b33	add	x22,x18,x14	 x18:0x00000000 x14:0x00000001 x22=0x00000001
       19925000	      1991	80001bd8	001f0f13	addi	x30,x30,1	 x30:0x0000000a x30=0x0000000b
       19935000	      1992	80001bdc	ffff4ce3	blt	x30,x31,80001bd4	 x30:0x0000000b x31:0x0000000c
       19945000	      1993	00000000	00000013	addi	x0,x0,0	  x0:0x00000000
       19955000	      1994	80001bd0	00000013	addi	x0,x0,0	  x0:0x00000000
       19965000	      1995	80001bd4	00e90b33	add	x22,x18,x14	 x18:0x00000000 x14:0x00000001 x22=0x00000001
       19975000	      1996	80001bd8	001f0f13	addi	x30,x30,1	 x30:0x0000000b x30=0x0000000c
       19985000	      1997	80001bdc	ffff4ce3	blt	x30,x31,80001bd4	 x30:0x0000000c x31:0x0000000c
       19995000	      1998	80001be0	404750b3	sra	x1,x14,x4	 x14:0x00000001  x4:0x7a9f7cdb  x1=0x00000000
       20005000	      1999	80001be4	ffb00893	addi	x17,x0,-5	  x0:0x00000000 x17=0xfffffffb
       20015000	      2000	80001be8	01200c93	addi	x25,x0,18	  x0:0x00000000 x25=0x00000012
       20025000	      2001	80001bec	00000013	addi	x0,x0,0	  x0:0x00000000
       20035000	      2002	80001bf0	0111ebb3	or	x23,x3,x17	  x3:0xffffffff x17:0xfffffffb x23=0xffffffff
       20045000	      2003	80001bf4	411c5233	sra	x4,x24,x17	 x24:0x00000000 x17:0xfffffffb  x4=0x00000000
       20055000	      2004	80001bf8	00988893	addi	x17,x17,9	 x17:0xfffffffb x17=0x00000004
       20065000	      2005	80001bfc	00100993	addi	x19,x0,1	  x0:0x00000000 x19=0x00000001
       20075000	      2006	80001c00	02712413	slti	x8,x2,39	  x2:0x00000005  x8=0x00000001
       20085000	      2007	80001c04	00f00913	addi	x18,x0,15	  x0:0x00000000 x18=0x0000000f
       20095000	      2008	80001c08	01322fb3	slt	x31,x4,x19	  x4:0x00000000 x19:0x00000001 x31=0x00000001
       20105000	      2009	80001c0c	00598993	addi	x19,x19,5	 x19:0x00000001 x19=0x00000006
       20115000	      2010	80001c10	00d0a333	slt	x6,x1,x13	  x1:0x00000000 x13:0x00000000  x6=0x00000000
       20125000	      2011	80001c14	ff29cae3	blt	x19,x18,80001c08	 x19:0x00000006 x18:0x0000000f
       20135000	      2012	00000000	00000013	addi	x0,x0,0	  x0:0x00000000
       20145000	      2013	80001c04	00000013	addi	x0,x0,0	  x0:0x00000000
       20155000	      2014	80001c08	01322fb3	slt	x31,x4,x19	  x4:0x00000000 x19:0x00000006 x31=0x00000001
       20165000	      2015	80001c0c	00598993	addi	x19,x19,5	 x19:0x00000006 x19=0x0000000b
       20175000	      2016	80001c10	00d0a333	slt	x6,x1,x13	  x1:0x00000000 x13:0x00000000  x6=0x00000000
       20185000	      2017	80001c14	ff29cae3	blt	x19,x18,80001c08	 x19:0x0000000b x18:0x0000000f
       20195000	      2018	00000000	00000013	addi	x0,x0,0	  x0:0x00000000
       20205000	      2019	80001c04	00000013	addi	x0,x0,0	  x0:0x00000000
       20215000	      2020	80001c08	01322fb3	slt	x31,x4,x19	  x4:0x00000000 x19:0x0000000b x31=0x00000001
       20225000	      2021	80001c0c	00598993	addi	x19,x19,5	 x19:0x0000000b x19=0x00000010
       20235000	      2022	80001c10	00d0a333	slt	x6,x1,x13	  x1:0x00000000 x13:0x00000000  x6=0x00000000
       20245000	      2023	80001c14	ff29cae3	blt	x19,x18,80001c08	 x19:0x00000010 x18:0x0000000f
       20255000	      2024	80001c18	fd98cce3	blt	x17,x25,80001bf0	 x17:0x00000004 x25:0x00000012
       20265000	      2025	00000000	00000013	addi	x0,x0,0	  x0:0x00000000
       20275000	      2026	80001bec	00000013	addi	x0,x0,0	  x0:0x00000000
       20285000	      2027	80001bf0	0111ebb3	or	x23,x3,x17	  x3:0xffffffff x17:0x00000004 x23=0xffffffff
       20295000	      2028	80001bf4	411c5233	sra	x4,x24,x17	 x24:0x00000000 x17:0x00000004  x4=0x00000000
       20305000	      2029	80001bf8	00988893	addi	x17,x17,9	 x17:0x00000004 x17=0x0000000d
       20315000	      2030	80001bfc	00100993	addi	x19,x0,1	  x0:0x00000000 x19=0x00000001
       20325000	      2031	80001c00	02712413	slti	x8,x2,39	  x2:0x00000005  x8=0x00000001
       20335000	      2032	80001c04	00f00913	addi	x18,x0,15	  x0:0x00000000 x18=0x0000000f
       20345000	      2033	80001c08	01322fb3	slt	x31,x4,x19	  x4:0x00000000 x19:0x00000001 x31=0x00000001
       20355000	      2034	80001c0c	00598993	addi	x19,x19,5	 x19:0x00000001 x19=0x00000006
       20365000	      2035	80001c10	00d0a333	slt	x6,x1,x13	  x1:0x00000000 x13:0x00000000  x6=0x00000000
       20375000	      2036	80001c14	ff29cae3	blt	x19,x18,80001c08	 x19:0x00000006 x18:0x0000000f
       20385000	      2037	00000000	00000013	addi	x0,x0,0	  x0:0x00000000
       20395000	      2038	80001c04	00000013	addi	x0,x0,0	  x0:0x00000000
       20405000	      2039	80001c08	01322fb3	slt	x31,x4,x19	  x4:0x00000000 x19:0x00000006 x31=0x00000001
       20415000	      2040	80001c0c	00598993	addi	x19,x19,5	 x19:0x00000006 x19=0x0000000b
       20425000	      2041	80001c10	00d0a333	slt	x6,x1,x13	  x1:0x00000000 x13:0x00000000  x6=0x00000000
       20435000	      2042	80001c14	ff29cae3	blt	x19,x18,80001c08	 x19:0x0000000b x18:0x0000000f
       20445000	      2043	00000000	00000013	addi	x0,x0,0	  x0:0x00000000
       20455000	      2044	80001c04	00000013	addi	x0,x0,0	  x0:0x00000000
       20465000	      2045	80001c08	01322fb3	slt	x31,x4,x19	  x4:0x00000000 x19:0x0000000b x31=0x00000001
       20475000	      2046	80001c0c	00598993	addi	x19,x19,5	 x19:0x0000000b x19=0x00000010
       20485000	      2047	80001c10	00d0a333	slt	x6,x1,x13	  x1:0x00000000 x13:0x00000000  x6=0x00000000
       20495000	      2048	80001c14	ff29cae3	blt	x19,x18,80001c08	 x19:0x00000010 x18:0x0000000f
       20505000	      2049	80001c18	fd98cce3	blt	x17,x25,80001bf0	 x17:0x0000000d x25:0x00000012
       20515000	      2050	00000000	00000013	addi	x0,x0,0	  x0:0x00000000
       20525000	      2051	80001bec	00000013	addi	x0,x0,0	  x0:0x00000000
       20535000	      2052	80001bf0	0111ebb3	or	x23,x3,x17	  x3:0xffffffff x17:0x0000000d x23=0xffffffff
       20545000	      2053	80001bf4	411c5233	sra	x4,x24,x17	 x24:0x00000000 x17:0x0000000d  x4=0x00000000
       20555000	      2054	80001bf8	00988893	addi	x17,x17,9	 x17:0x0000000d x17=0x00000016
       20565000	      2055	80001bfc	00100993	addi	x19,x0,1	  x0:0x00000000 x19=0x00000001
       20575000	      2056	80001c00	02712413	slti	x8,x2,39	  x2:0x00000005  x8=0x00000001
       20585000	      2057	80001c04	00f00913	addi	x18,x0,15	  x0:0x00000000 x18=0x0000000f
       20595000	      2058	80001c08	01322fb3	slt	x31,x4,x19	  x4:0x00000000 x19:0x00000001 x31=0x00000001
       20605000	      2059	80001c0c	00598993	addi	x19,x19,5	 x19:0x00000001 x19=0x00000006
       20615000	      2060	80001c10	00d0a333	slt	x6,x1,x13	  x1:0x00000000 x13:0x00000000  x6=0x00000000
       20625000	      2061	80001c14	ff29cae3	blt	x19,x18,80001c08	 x19:0x00000006 x18:0x0000000f
       20635000	      2062	00000000	00000013	addi	x0,x0,0	  x0:0x00000000
       20645000	      2063	80001c04	00000013	addi	x0,x0,0	  x0:0x00000000
       20655000	      2064	80001c08	01322fb3	slt	x31,x4,x19	  x4:0x00000000 x19:0x00000006 x31=0x00000001
       20665000	      2065	80001c0c	00598993	addi	x19,x19,5	 x19:0x00000006 x19=0x0000000b
       20675000	      2066	80001c10	00d0a333	slt	x6,x1,x13	  x1:0x00000000 x13:0x00000000  x6=0x00000000
       20685000	      2067	80001c14	ff29cae3	blt	x19,x18,80001c08	 x19:0x0000000b x18:0x0000000f
       20695000	      2068	00000000	00000013	addi	x0,x0,0	  x0:0x00000000
       20705000	      2069	80001c04	00000013	addi	x0,x0,0	  x0:0x00000000
       20715000	      2070	80001c08	01322fb3	slt	x31,x4,x19	  x4:0x00000000 x19:0x0000000b x31=0x00000001
       20725000	      2071	80001c0c	00598993	addi	x19,x19,5	 x19:0x0000000b x19=0x00000010
       20735000	      2072	80001c10	00d0a333	slt	x6,x1,x13	  x1:0x00000000 x13:0x00000000  x6=0x00000000
       20745000	      2073	80001c14	ff29cae3	blt	x19,x18,80001c08	 x19:0x00000010 x18:0x0000000f
       20755000	      2074	80001c18	fd98cce3	blt	x17,x25,80001bf0	 x17:0x00000016 x25:0x00000012
       20765000	      2075	80001c1c	009910b3	sll	x1,x18,x9	 x18:0x0000000f  x9:0x0018204d  x1=0x0001e000
       20775000	      2076	80001c20	ff800993	addi	x19,x0,-8	  x0:0x00000000 x19=0xfffffff8
       20785000	      2077	80001c24	01e1f1b3	and	x3,x3,x30	  x3:0xffffffff x30:0x0000000c  x3=0x0000000c
       20795000	      2078	80001c28	2ab17113	andi	x2,x2,683	  x2:0x00000005  x2=0x00000001
       20805000	      2079	80001c2c	04bd0913	addi	x18,x26,75	 x26:0x056129d5 x18=0x05612a20
       20815000	      2080	80001c30	013d41b3	xor	x3,x26,x19	 x26:0x056129d5 x19:0xfffffff8  x3=0xfa9ed62d
       20825000	      2081	80001c34	5ab175b7	lui	x11,0x5ab17	 x11=0x5ab17000
       20835000	      2082	80001c38	6285f113	andi	x2,x11,1576	 x11:0x5ab17000  x2=0x00000000
       20845000	      2083	80001c3c	4f3d7c37	lui	x24,0x4f3d7	 x24=0x4f3d7000
       20855000	      2084	80001c40	4aba0a93	addi	x21,x20,1195	 x20:0x81ad25a9 x21=0x81ad2a54
       20865000	      2085	80001c44	408e5113	srai	x2,x28,0x8	 x28:0x80009fc4  x2=0xff80009f
       20875000	      2086	80001c48	002610b3	sll	x1,x12,x2	 x12:0xfffffff7  x2:0xff80009f  x1=0x80000000
       20885000	      2087	80001c4c	d2abb013	sltiu	x0,x23,-726	 x23:0xffffffff
       20895000	      2088	80001c50	00300693	addi	x13,x0,3	  x0:0x00000000 x13=0x00000003
       20905000	      2089	80001c54	bbc83893	sltiu	x17,x16,-1092	 x16:0x0d0aca83 x17=0x00000001
       20915000	      2090	80001c58	0138ad33	slt	x26,x17,x19	 x17:0x00000001 x19:0xfffffff8 x26=0x00000000
       20925000	      2091	80001c5c	c85a0713	addi	x14,x20,-891	 x20:0x81ad25a9 x14=0x81ad222e
       20935000	      2092	80001c60	514c3d13	sltiu	x26,x24,1300	 x24:0x4f3d7000 x26=0x00000000
       20945000	      2093	80001c64	001b0db3	add	x27,x22,x1	 x22:0x00000001  x1:0x80000000 x27=0x80000001
       20955000	      2094	80001c68	011c8833	add	x16,x25,x17	 x25:0x00000012 x17:0x00000001 x16=0x00000013
       20965000	      2095	80001c6c	01e567b3	or	x15,x10,x30	 x10:0x7a9f756f x30:0x0000000c x15=0x7a9f756f
       20975000	      2096	80001c70	018a1ab3	sll	x21,x20,x24	 x20:0x81ad25a9 x24:0x4f3d7000 x21=0x81ad25a9
       20985000	      2097	80001c74	4c047fb7	lui	x31,0x4c047	 x31=0x4c047000
       20995000	      2098	80001c78	0099d633	srl	x12,x19,x9	 x19:0xfffffff8  x9:0x0018204d x12=0x0007ffff
       21005000	      2099	80001c7c	00898993	addi	x19,x19,8	 x19:0xfffffff8 x19=0x00000000
       21015000	      2100	80001c80	00574133	xor	x2,x14,x5	 x14:0x81ad222e  x5:0x00000000  x2=0x81ad222e
       21025000	      2101	80001c84	fcd9cae3	blt	x19,x13,80001c58	 x19:0x00000000 x13:0x00000003
       21035000	      2102	00000000	00000013	addi	x0,x0,0	  x0:0x00000000
       21045000	      2103	80001c54	00000013	addi	x0,x0,0	  x0:0x00000000
       21055000	      2104	80001c58	0138ad33	slt	x26,x17,x19	 x17:0x00000001 x19:0x00000000 x26=0x00000000
       21065000	      2105	80001c5c	c85a0713	addi	x14,x20,-891	 x20:0x81ad25a9 x14=0x81ad222e
       21075000	      2106	80001c60	514c3d13	sltiu	x26,x24,1300	 x24:0x4f3d7000 x26=0x00000000
       21085000	      2107	80001c64	001b0db3	add	x27,x22,x1	 x22:0x00000001  x1:0x80000000 x27=0x80000001
       21095000	      2108	80001c68	011c8833	add	x16,x25,x17	 x25:0x00000012 x17:0x00000001 x16=0x00000013
       21105000	      2109	80001c6c	01e567b3	or	x15,x10,x30	 x10:0x7a9f756f x30:0x0000000c x15=0x7a9f756f
       21115000	      2110	80001c70	018a1ab3	sll	x21,x20,x24	 x20:0x81ad25a9 x24:0x4f3d7000 x21=0x81ad25a9
       21125000	      2111	80001c74	4c047fb7	lui	x31,0x4c047	 x31=0x4c047000
       21135000	      2112	80001c78	0099d633	srl	x12,x19,x9	 x19:0x00000000  x9:0x0018204d x12=0x00000000
       21145000	      2113	80001c7c	00898993	addi	x19,x19,8	 x19:0x00000000 x19=0x00000008
       21155000	      2114	80001c80	00574133	xor	x2,x14,x5	 x14:0x81ad222e  x5:0x00000000  x2=0x81ad222e
       21165000	      2115	80001c84	fcd9cae3	blt	x19,x13,80001c58	 x19:0x00000008 x13:0x00000003
       21175000	      2116	80001c88	8bb50613	addi	x12,x10,-1861	 x10:0x7a9f756f x12=0x7a9f6e2a
       21185000	      2117	80001c8c	ff900893	addi	x17,x0,-7	  x0:0x00000000 x17=0xfffffff9
       21195000	      2118	80001c90	01400313	addi	x6,x0,20	  x0:0x00000000  x6=0x00000014
       21205000	      2119	80001c94	01ab7933	and	x18,x22,x26	 x22:0x00000001 x26:0x00000000 x18=0x00000000
       21215000	      2120	80001c98	41fb5eb3	sra	x29,x22,x31	 x22:0x00000001 x31:0x4c047000 x29=0x00000001
       21225000	      2121	80001c9c	00588893	addi	x17,x17,5	 x17:0xfffffff9 x17=0xfffffffe
       21235000	      2122	80001ca0	fe68cae3	blt	x17,x6,80001c94	 x17:0xfffffffe  x6:0x00000014
       21245000	      2123	00000000	00000013	addi	x0,x0,0	  x0:0x00000000
       21255000	      2124	80001c90	00000013	addi	x0,x0,0	  x0:0x00000000
       21265000	      2125	80001c94	01ab7933	and	x18,x22,x26	 x22:0x00000001 x26:0x00000000 x18=0x00000000
       21275000	      2126	80001c98	41fb5eb3	sra	x29,x22,x31	 x22:0x00000001 x31:0x4c047000 x29=0x00000001
       21285000	      2127	80001c9c	00588893	addi	x17,x17,5	 x17:0xfffffffe x17=0x00000003
       21295000	      2128	80001ca0	fe68cae3	blt	x17,x6,80001c94	 x17:0x00000003  x6:0x00000014
       21305000	      2129	00000000	00000013	addi	x0,x0,0	  x0:0x00000000
       21315000	      2130	80001c90	00000013	addi	x0,x0,0	  x0:0x00000000
       21325000	      2131	80001c94	01ab7933	and	x18,x22,x26	 x22:0x00000001 x26:0x00000000 x18=0x00000000
       21335000	      2132	80001c98	41fb5eb3	sra	x29,x22,x31	 x22:0x00000001 x31:0x4c047000 x29=0x00000001
       21345000	      2133	80001c9c	00588893	addi	x17,x17,5	 x17:0x00000003 x17=0x00000008
       21355000	      2134	80001ca0	fe68cae3	blt	x17,x6,80001c94	 x17:0x00000008  x6:0x00000014
       21365000	      2135	00000000	00000013	addi	x0,x0,0	  x0:0x00000000
       21375000	      2136	80001c90	00000013	addi	x0,x0,0	  x0:0x00000000
       21385000	      2137	80001c94	01ab7933	and	x18,x22,x26	 x22:0x00000001 x26:0x00000000 x18=0x00000000
       21395000	      2138	80001c98	41fb5eb3	sra	x29,x22,x31	 x22:0x00000001 x31:0x4c047000 x29=0x00000001
       21405000	      2139	80001c9c	00588893	addi	x17,x17,5	 x17:0x00000008 x17=0x0000000d
       21415000	      2140	80001ca0	fe68cae3	blt	x17,x6,80001c94	 x17:0x0000000d  x6:0x00000014
       21425000	      2141	00000000	00000013	addi	x0,x0,0	  x0:0x00000000
       21435000	      2142	80001c90	00000013	addi	x0,x0,0	  x0:0x00000000
       21445000	      2143	80001c94	01ab7933	and	x18,x22,x26	 x22:0x00000001 x26:0x00000000 x18=0x00000000
       21455000	      2144	80001c98	41fb5eb3	sra	x29,x22,x31	 x22:0x00000001 x31:0x4c047000 x29=0x00000001
       21465000	      2145	80001c9c	00588893	addi	x17,x17,5	 x17:0x0000000d x17=0x00000012
       21475000	      2146	80001ca0	fe68cae3	blt	x17,x6,80001c94	 x17:0x00000012  x6:0x00000014
       21485000	      2147	00000000	00000013	addi	x0,x0,0	  x0:0x00000000
       21495000	      2148	80001c90	00000013	addi	x0,x0,0	  x0:0x00000000
       21505000	      2149	80001c94	01ab7933	and	x18,x22,x26	 x22:0x00000001 x26:0x00000000 x18=0x00000000
       21515000	      2150	80001c98	41fb5eb3	sra	x29,x22,x31	 x22:0x00000001 x31:0x4c047000 x29=0x00000001
       21525000	      2151	80001c9c	00588893	addi	x17,x17,5	 x17:0x00000012 x17=0x00000017
       21535000	      2152	80001ca0	fe68cae3	blt	x17,x6,80001c94	 x17:0x00000017  x6:0x00000014
       21545000	      2153	80001ca4	41b555b3	sra	x11,x10,x27	 x10:0x7a9f756f x27:0x80000001 x11=0x3d4fbab7
       21555000	      2154	80001ca8	ffa00e93	addi	x29,x0,-6	  x0:0x00000000 x29=0xfffffffa
       21565000	      2155	80001cac	016e1693	slli	x13,x28,0x16	 x28:0x80009fc4 x13=0xf1000000
       21575000	      2156	80001cb0	00000493	addi	x9,x0,0	  x0:0x00000000  x9=0x00000000
       21585000	      2157	80001cb4	017251b3	srl	x3,x4,x23	  x4:0x00000000 x23:0xffffffff  x3=0x00000000
       21595000	      2158	80001cb8	30b3ab13	slti	x22,x7,779	  x7:0x80009f44 x22=0x00000001
       21605000	      2159	80001cbc	01c55c93	srli	x25,x10,0x1c	 x10:0x7a9f756f x25=0x00000007
       21615000	      2160	80001cc0	003e8e93	addi	x29,x29,3	 x29:0xfffffffa x29=0xfffffffd
       21625000	      2161	80001cc4	004762b3	or	x5,x14,x4	 x14:0x81ad222e  x4:0x00000000  x5=0x81ad222e
       21635000	      2162	80001cc8	01c58d33	add	x26,x11,x28	 x11:0x3d4fbab7 x28:0x80009fc4 x26=0xbd505a7b
       21645000	      2163	80001ccc	01f3e933	or	x18,x7,x31	  x7:0x80009f44 x31:0x4c047000 x18=0xcc04ff44
       21655000	      2164	80001cd0	fe9e84e3	beq	x29,x9,80001cb8	 x29:0xfffffffd  x9:0x00000000
       21665000	      2165	80001cd4	00680933	add	x18,x16,x6	 x16:0x00000013  x6:0x00000014 x18=0x00000027
       21675000	      2166	80001cd8	00200b13	addi	x22,x0,2	  x0:0x00000000 x22=0x00000002
       21685000	      2167	80001cdc	00bd2133	slt	x2,x26,x11	 x26:0xbd505a7b x11:0x3d4fbab7  x2=0x00000001
       21695000	      2168	80001ce0	00905213	srli	x4,x0,0x9	  x0:0x00000000  x4=0x00000000
       21705000	      2169	80001ce4	013fb1b3	sltu	x3,x31,x19	 x31:0x4c047000 x19:0x00000008  x3=0x00000000
       21715000	      2170	80001ce8	85074e93	xori	x29,x14,-1968	 x14:0x81ad222e x29=0x7e52da7e
       21725000	      2171	80001cec	60814fb7	lui	x31,0x60814	 x31=0x60814000
       21735000	      2172	80001cf0	bef32e93	slti	x29,x6,-1041	  x6:0x00000014 x29=0x00000000
       21745000	      2173	80001cf4	406a0cb3	sub	x25,x20,x6	 x20:0x81ad25a9  x6:0x00000014 x25=0x81ad2595
       21755000	      2174	80001cf8	00500093	addi	x1,x0,5	  x0:0x00000000  x1=0x00000005
       21765000	      2175	80001cfc	40240db3	sub	x27,x8,x2	  x8:0x00000001  x2:0x00000001 x27=0x00000000
       21775000	      2176	80001d00	e3120413	addi	x8,x4,-463	  x4:0x00000000  x8=0xfffffe31
       21785000	      2177	80001d04	3c57d317	auipc	x6,0x3c57d	  x6=0xbc57ed00
       21795000	      2178	80001d08	01006433	or	x8,x0,x16	  x0:0x00000000 x16:0x00000013  x8=0x00000013
       21805000	      2179	80001d0c	009b0b13	addi	x22,x22,9	 x22:0x00000002 x22=0x0000000b
       21815000	      2180	80001d10	40df88b3	sub	x17,x31,x13	 x31:0x60814000 x13:0xf1000000 x17=0x6f814000
       21825000	      2181	80001d14	6c09e113	ori	x2,x19,1728	 x19:0x00000008  x2=0x000006c8
       21835000	      2182	80001d18	00000013	addi	x0,x0,0	  x0:0x00000000
       21845000	      2183	80001d1c	00a5c933	xor	x18,x11,x10	 x11:0x3d4fbab7 x10:0x7a9f756f x18=0x47d0cfd8
       21855000	      2184	80001d20	00059593	slli	x11,x11,0x0	 x11:0x3d4fbab7 x11=0x3d4fbab7
       21865000	      2185	80001d24	83913997	auipc	x19,0x83913	 x19=0x03914d20
       21875000	      2186	80001d28	017bb2b3	sltu	x5,x23,x23	 x23:0xffffffff x23:0xffffffff  x5=0x00000000
       21885000	      2187	80001d2c	01175db3	srl	x27,x14,x17	 x14:0x81ad222e x17:0x6f814000 x27=0x81ad222e
       21895000	      2188	80001d30	fc1b48e3	blt	x22,x1,80001d00	 x22:0x0000000b  x1:0x00000005
       21905000	      2189	80001d34	00378bb3	add	x23,x15,x3	 x15:0x7a9f756f  x3:0x00000000 x23=0x7a9f756f
       21915000	      2190	80001d38	ff700213	addi	x4,x0,-9	  x0:0x00000000  x4=0xfffffff7
       21925000	      2191	80001d3c	01301c93	slli	x25,x0,0x13	  x0:0x00000000 x25=0x00000000
       21935000	      2192	80001d40	fed00993	addi	x19,x0,-19	  x0:0x00000000 x19=0xffffffed
       21945000	      2193	80001d44	013cfd33	and	x26,x25,x19	 x25:0x00000000 x19:0xffffffed x26=0x00000000
       21955000	      2194	80001d48	008f4eb3	xor	x29,x30,x8	 x30:0x0000000c  x8:0x00000013 x29=0x0000001f
       21965000	      2195	80001d4c	ff620213	addi	x4,x4,-10	  x4:0xfffffff7  x4=0xffffffed
       21975000	      2196	80001d50	00300113	addi	x2,x0,3	  x0:0x00000000  x2=0x00000003
       21985000	      2197	80001d54	82b82b13	slti	x22,x16,-2005	 x16:0x00000013 x22=0x00000000
       21995000	      2198	80001d58	00200313	addi	x6,x0,2	  x0:0x00000000  x6=0x00000002
       22005000	      2199	80001d5c	005382b3	add	x5,x7,x5	  x7:0x80009f44  x5:0x00000000  x5=0x80009f44
       22015000	      2200	80001d60	a0b38093	addi	x1,x7,-1525	  x7:0x80009f44  x1=0x8000994f
       22025000	      2201	80001d64	41a35013	srai	x0,x6,0x1a	  x6:0x00000002
       22035000	      2202	80001d68	fff10113	addi	x2,x2,-1	  x2:0x00000003  x2=0x00000002
       22045000	      2203	80001d6c	00337833	and	x16,x6,x3	  x6:0x00000002  x3:0x00000000 x16=0x00000000
       22055000	      2204	80001d70	fe6176e3	bgeu	x2,x6,80001d5c	  x2:0x00000002  x6:0x00000002
       22065000	      2205	00000000	00000013	addi	x0,x0,0	  x0:0x00000000
       22075000	      2206	80001d58	00000013	addi	x0,x0,0	  x0:0x00000000
       22085000	      2207	80001d5c	005382b3	add	x5,x7,x5	  x7:0x80009f44  x5:0x80009f44  x5=0x00013e88
       22095000	      2208	80001d60	a0b38093	addi	x1,x7,-1525	  x7:0x80009f44  x1=0x8000994f
       22105000	      2209	80001d64	41a35013	srai	x0,x6,0x1a	  x6:0x00000002
       22115000	      2210	80001d68	fff10113	addi	x2,x2,-1	  x2:0x00000002  x2=0x00000001
       22125000	      2211	80001d6c	00337833	and	x16,x6,x3	  x6:0x00000002  x3:0x00000000 x16=0x00000000
       22135000	      2212	80001d70	fe6176e3	bgeu	x2,x6,80001d5c	  x2:0x00000001  x6:0x00000002
       22145000	      2213	80001d74	fd320ae3	beq	x4,x19,80001d48	  x4:0xffffffed x19:0xffffffed
       22155000	      2214	00000000	00000013	addi	x0,x0,0	  x0:0x00000000
       22165000	      2215	80001d44	00000013	addi	x0,x0,0	  x0:0x00000000
       22175000	      2216	80001d48	008f4eb3	xor	x29,x30,x8	 x30:0x0000000c  x8:0x00000013 x29=0x0000001f
       22185000	      2217	80001d4c	ff620213	addi	x4,x4,-10	  x4:0xffffffed  x4=0xffffffe3
       22195000	      2218	80001d50	00300113	addi	x2,x0,3	  x0:0x00000000  x2=0x00000003
       22205000	      2219	80001d54	82b82b13	slti	x22,x16,-2005	 x16:0x00000000 x22=0x00000000
       22215000	      2220	80001d58	00200313	addi	x6,x0,2	  x0:0x00000000  x6=0x00000002
       22225000	      2221	80001d5c	005382b3	add	x5,x7,x5	  x7:0x80009f44  x5:0x00013e88  x5=0x8001ddcc
       22235000	      2222	80001d60	a0b38093	addi	x1,x7,-1525	  x7:0x80009f44  x1=0x8000994f
       22245000	      2223	80001d64	41a35013	srai	x0,x6,0x1a	  x6:0x00000002
       22255000	      2224	80001d68	fff10113	addi	x2,x2,-1	  x2:0x00000003  x2=0x00000002
       22265000	      2225	80001d6c	00337833	and	x16,x6,x3	  x6:0x00000002  x3:0x00000000 x16=0x00000000
       22275000	      2226	80001d70	fe6176e3	bgeu	x2,x6,80001d5c	  x2:0x00000002  x6:0x00000002
       22285000	      2227	00000000	00000013	addi	x0,x0,0	  x0:0x00000000
       22295000	      2228	80001d58	00000013	addi	x0,x0,0	  x0:0x00000000
       22305000	      2229	80001d5c	005382b3	add	x5,x7,x5	  x7:0x80009f44  x5:0x8001ddcc  x5=0x00027d10
       22315000	      2230	80001d60	a0b38093	addi	x1,x7,-1525	  x7:0x80009f44  x1=0x8000994f
       22325000	      2231	80001d64	41a35013	srai	x0,x6,0x1a	  x6:0x00000002
       22335000	      2232	80001d68	fff10113	addi	x2,x2,-1	  x2:0x00000002  x2=0x00000001
       22345000	      2233	80001d6c	00337833	and	x16,x6,x3	  x6:0x00000002  x3:0x00000000 x16=0x00000000
       22355000	      2234	80001d70	fe6176e3	bgeu	x2,x6,80001d5c	  x2:0x00000001  x6:0x00000002
       22365000	      2235	80001d74	fd320ae3	beq	x4,x19,80001d48	  x4:0xffffffe3 x19:0xffffffed
       22375000	      2236	80001d78	f78c0bb7	lui	x23,0xf78c0	 x23=0xf78c0000
       22385000	      2237	80001d7c	01c2d893	srli	x17,x5,0x1c	  x5:0x00027d10 x17=0x00000000
       22395000	      2238	80001d80	4ec13613	sltiu	x12,x2,1260	  x2:0x00000001 x12=0x00000001
       22405000	      2239	80001d84	40dd0fb3	sub	x31,x26,x13	 x26:0x00000000 x13:0xf1000000 x31=0x0f000000
       22415000	      2240	80001d88	02d4ca63	blt	x9,x13,80001dbc	  x9:0x00000000 x13:0xf1000000
       22425000	      2241	80001d8c	00d892b3	sll	x5,x17,x13	 x17:0x00000000 x13:0xf1000000  x5=0x00000000
       22435000	      2242	80001d90	04887463	bgeu	x16,x8,80001dd8	 x16:0x00000000  x8:0x00000013
       22445000	      2243	80001d94	b0e2d317	auipc	x6,0xb0e2d	  x6=0x30e2ed90
       22455000	      2244	80001d98	00fcd863	bge	x25,x15,80001da8	 x25:0x00000000 x15:0x7a9f756f
       22465000	      2245	80001d9c	02001c63	bne	x0,x0,80001dd4	  x0:0x00000000  x0:0x00000000
       22475000	      2246	80001da0	06d24b13	xori	x22,x4,109	  x4:0xffffffe3 x22=0xffffff8e
       22485000	      2247	80001da4	01bc1833	sll	x16,x24,x27	 x24:0x4f3d7000 x27:0x81ad222e x16=0x5c000000
       22495000	      2248	80001da8	02ffe663	bltu	x31,x15,80001dd4	 x31:0x0f000000 x15:0x7a9f756f
       22505000	      2249	00000000	00000013	addi	x0,x0,0	  x0:0x00000000
       22515000	      2250	80001dd0	00000013	addi	x0,x0,0	  x0:0x00000000
       22525000	      2251	80001dd4	0174c9b3	xor	x19,x9,x23	  x9:0x00000000 x23:0xf78c0000 x19=0xf78c0000
       22535000	      2252	80001dd8	00c1e9b3	or	x19,x3,x12	  x3:0x00000000 x12:0x00000001 x19=0x00000001
       22545000	      2253	80001ddc	0c51ec93	ori	x25,x3,197	  x3:0x00000000 x25=0x000000c5
       22555000	      2254	80001de0	009b8c63	beq	x23,x9,80001df8	 x23:0xf78c0000  x9:0x00000000
       22565000	      2255	80001de4	00000013	addi	x0,x0,0	  x0:0x00000000
       22575000	      2256	80001de8	415d8b17	auipc	x22,0x415d8	 x22=0xc15d9de4
       22585000	      2257	80001dec	0b18fc63	bgeu	x17,x17,80001ea4	 x17:0x00000000 x17:0x00000000
       22595000	      2258	00000000	00000013	addi	x0,x0,0	  x0:0x00000000
       22605000	      2259	80001ea0	00000013	addi	x0,x0,0	  x0:0x00000000
       22615000	      2260	80001ea4	01e94a33	xor	x20,x18,x30	 x18:0x47d0cfd8 x30:0x0000000c x20=0x47d0cfd4
       22625000	      2261	80001ea8	400b8733	sub	x14,x23,x0	 x23:0xf78c0000  x0:0x00000000 x14=0xf78c0000
       22635000	      2262	80001eac	61f77db7	lui	x27,0x61f77	 x27=0x61f77000
       22645000	      2263	80001eb0	00671663	bne	x14,x6,80001ebc	 x14:0xf78c0000  x6:0x30e2ed90
       22655000	      2264	00000000	00000013	addi	x0,x0,0	  x0:0x00000000
       22665000	      2265	80001eb8	00000013	addi	x0,x0,0	  x0:0x00000000
       22675000	      2266	80001ebc	3dc03b13	sltiu	x22,x0,988	  x0:0x00000000 x22=0x00000001
       22685000	      2267	80001ec0	006bc233	xor	x4,x23,x6	 x23:0xf78c0000  x6:0x30e2ed90  x4=0xc76eed90
       22695000	      2268	80001ec4	ec444693	xori	x13,x8,-316	  x8:0x00000013 x13=0xfffffed7
       22705000	      2269	80001ec8	01dc0b33	add	x22,x24,x29	 x24:0x4f3d7000 x29:0x0000001f x22=0x4f3d701f
       22715000	      2270	80001ecc	42ddcf13	xori	x30,x27,1069	 x27:0x61f77000 x30=0x61f7742d
       22725000	      2271	80001ed0	00e2f263	bgeu	x5,x14,80001ed4	  x5:0x00000000 x14:0xf78c0000
       22735000	      2272	80001ed4	0048f263	bgeu	x17,x4,80001ed8	 x17:0x00000000  x4:0xc76eed90
       22745000	      2273	80001ed8	41bf5413	srai	x8,x30,0x1b	 x30:0x61f7742d  x8=0x0000000c
       22755000	      2274	80001edc	46344193	xori	x3,x8,1123	  x8:0x0000000c  x3=0x0000046f
       22765000	      2275	80001ee0	01ee5263	bge	x28,x30,80001ee4	 x28:0x80009fc4 x30:0x61f7742d
       22775000	      2276	80001ee4	12c13693	sltiu	x13,x2,300	  x2:0x00000001 x13=0x00000001
       22785000	      2277	80001ee8	f33c2e97	auipc	x29,0xf33c2	 x29=0x733c3ee4
       22795000	      2278	80001eec	0332b897	auipc	x17,0x332b	 x17=0x8332cee8
       22805000	      2279	80001ef0	20728013	addi	x0,x5,519	  x5:0x00000000
       22815000	      2280	80001ef4	02b9c863	blt	x19,x11,80001f24	 x19:0x00000001 x11:0x3d4fbab7
       22825000	      2281	00000000	00000013	addi	x0,x0,0	  x0:0x00000000
       22835000	      2282	80001f20	00000013	addi	x0,x0,0	  x0:0x00000000
       22845000	      2283	80001f24	036b6463	bltu	x22,x22,80001f4c	 x22:0x4f3d701f x22:0x4f3d701f
       22855000	      2284	80001f28	78968413	addi	x8,x13,1929	 x13:0x00000001  x8=0x0000078a
       22865000	      2285	80001f2c	12ea4093	xori	x1,x20,302	 x20:0x47d0cfd4  x1=0x47d0cefa
       22875000	      2286	80001f30	02877063	bgeu	x14,x8,80001f50	 x14:0xf78c0000  x8:0x0000078a
       22885000	      2287	00000000	00000013	addi	x0,x0,0	  x0:0x00000000
       22895000	      2288	80001f4c	00000013	addi	x0,x0,0	  x0:0x00000000
       22905000	      2289	80001f50	01803cb3	sltu	x25,x0,x24	  x0:0x00000000 x24:0x4f3d7000 x25=0x00000001
       22915000	      2290	80001f54	00000013	addi	x0,x0,0	  x0:0x00000000
       22925000	      2291	80001f58	008cdd13	srli	x26,x25,0x8	 x25:0x00000001 x26=0x00000000
       22935000	      2292	80001f5c	008982b3	add	x5,x19,x8	 x19:0x00000001  x8:0x0000078a  x5=0x0000078b
       22945000	      2293	80001f60	004b8863	beq	x23,x4,80001f70	 x23:0xf78c0000  x4:0xc76eed90
       22955000	      2294	80001f64	40365d93	srai	x27,x12,0x3	 x12:0x00000001 x27=0x00000000
       22965000	      2295	80001f68	0058f8b3	and	x17,x17,x5	 x17:0x8332cee8  x5:0x0000078b x17=0x00000688
       22975000	      2296	80001f6c	010a7863	bgeu	x20,x16,80001f7c	 x20:0x47d0cfd4 x16:0x5c000000
       22985000	      2297	80001f70	03125a63	bge	x4,x17,80001fa4	  x4:0xc76eed90 x17:0x00000688
       22995000	      2298	80001f74	493ead93	slti	x27,x29,1171	 x29:0x733c3ee4 x27=0x00000000
       23005000	      2299	80001f78	01fedd33	srl	x26,x29,x31	 x29:0x733c3ee4 x31:0x0f000000 x26=0x733c3ee4
       23015000	      2300	80001f7c	00b55933	srl	x18,x10,x11	 x10:0x7a9f756f x11:0x3d4fbab7 x18=0x000000f5
       23025000	      2301	80001f80	01b1f463	bgeu	x3,x27,80001f88	  x3:0x0000046f x27:0x00000000
       23035000	      2302	00000000	00000013	addi	x0,x0,0	  x0:0x00000000
       23045000	      2303	80001f84	00000013	addi	x0,x0,0	  x0:0x00000000
       23055000	      2304	80001f88	00dfd233	srl	x4,x31,x13	 x31:0x0f000000 x13:0x00000001  x4=0x07800000
       23065000	      2305	80001f8c	46a87b93	andi	x23,x16,1130	 x16:0x5c000000 x23=0x00000000
       23075000	      2306	80001f90	00f60d33	add	x26,x12,x15	 x12:0x00000001 x15:0x7a9f756f x26=0x7a9f7570
       23085000	      2307	80001f94	74453b93	sltiu	x23,x10,1860	 x10:0x7a9f756f x23=0x00000000
       23095000	      2308	80001f98	4e4c3e93	sltiu	x29,x24,1252	 x24:0x4f3d7000 x29=0x00000000
       23105000	      2309	80001f9c	01223133	sltu	x2,x4,x18	  x4:0x07800000 x18:0x000000f5  x2=0x00000000
       23115000	      2310	80001fa0	0067b133	sltu	x2,x15,x6	 x15:0x7a9f756f  x6:0x30e2ed90  x2=0x00000000
       23125000	      2311	80001fa4	03e10063	beq	x2,x30,80001fc4	  x2:0x00000000 x30:0x61f7742d
       23135000	      2312	80001fa8	026be263	bltu	x23,x6,80001fcc	 x23:0x00000000  x6:0x30e2ed90
       23145000	      2313	00000000	00000013	addi	x0,x0,0	  x0:0x00000000
       23155000	      2314	80001fc8	00000013	addi	x0,x0,0	  x0:0x00000000
       23165000	      2315	80001fcc	df288913	addi	x18,x17,-526	 x17:0x00000688 x18=0x0000047a
       23175000	      2316	80001fd0	00e3cf33	xor	x30,x7,x14	  x7:0x80009f44 x14:0xf78c0000 x30=0x778c9f44
       23185000	      2317	80001fd4	0049d9b3	srl	x19,x19,x4	 x19:0x00000001  x4:0x07800000 x19=0x00000001
       23195000	      2318	80001fd8	9350aa93	slti	x21,x1,-1739	  x1:0x47d0cefa x21=0x00000000
       23205000	      2319	80001fdc	00057d33	and	x26,x10,x0	 x10:0x7a9f756f  x0:0x00000000 x26=0x00000000
       23215000	      2320	80001fe0	02b31863	bne	x6,x11,80002010	  x6:0x30e2ed90 x11:0x3d4fbab7
       23225000	      2321	00000000	00000013	addi	x0,x0,0	  x0:0x00000000
       23235000	      2322	8000200c	00000013	addi	x0,x0,0	  x0:0x00000000
       23245000	      2323	80002010	0dd11863	bne	x2,x29,800020e0	  x2:0x00000000 x29:0x00000000
       23255000	      2324	80002014	90308b93	addi	x23,x1,-1789	  x1:0x47d0cefa x23=0x47d0c7fd
       23265000	      2325	80002018	00d11a93	slli	x21,x2,0xd	  x2:0x00000000 x21=0x00000000
       23275000	      2326	8000201c	dccecf93	xori	x31,x29,-564	 x29:0x00000000 x31=0xfffffdcc
       23285000	      2327	80002020	08089a63	bne	x17,x0,800020b4	 x17:0x00000688  x0:0x00000000
       23295000	      2328	00000000	00000013	addi	x0,x0,0	  x0:0x00000000
       23305000	      2329	800020b0	00000013	addi	x0,x0,0	  x0:0x00000000
       23315000	      2330	800020b4	01291713	slli	x14,x18,0x12	 x18:0x0000047a x14=0x11e80000
       23325000	      2331	800020b8	003675b3	and	x11,x12,x3	 x12:0x00000001  x3:0x0000046f x11=0x00000001
       23335000	      2332	800020bc	57342c13	slti	x24,x8,1395	  x8:0x0000078a x24=0x00000000
       23345000	      2333	800020c0	41930933	sub	x18,x6,x25	  x6:0x30e2ed90 x25:0x00000001 x18=0x30e2ed8f
       23355000	      2334	800020c4	c0f34213	xori	x4,x6,-1009	  x6:0x30e2ed90  x4=0xcf1d119f
       23365000	      2335	800020c8	7300ed93	ori	x27,x1,1840	  x1:0x47d0cefa x27=0x47d0cffa
       23375000	      2336	800020cc	1af23b17	auipc	x22,0x1af23	 x22=0x9af250c8
       23385000	      2337	800020d0	016e5133	srl	x2,x28,x22	 x28:0x80009fc4 x22:0x9af250c8  x2=0x0080009f
       23395000	      2338	800020d4	042ae663	bltu	x21,x2,80002120	 x21:0x00000000  x2:0x0080009f
       23405000	      2339	00000000	00000013	addi	x0,x0,0	  x0:0x00000000
       23415000	      2340	8000211c	00000013	addi	x0,x0,0	  x0:0x00000000
       23425000	      2341	80002120	008bd463	bge	x23,x8,80002128	 x23:0x47d0c7fd  x8:0x0000078a
       23435000	      2342	00000000	00000013	addi	x0,x0,0	  x0:0x00000000
       23445000	      2343	80002124	00000013	addi	x0,x0,0	  x0:0x00000000
       23455000	      2344	80002128	045c4463	blt	x24,x5,80002170	 x24:0x00000000  x5:0x0000078b
       23465000	      2345	00000000	00000013	addi	x0,x0,0	  x0:0x00000000
       23475000	      2346	8000216c	00000013	addi	x0,x0,0	  x0:0x00000000
       23485000	      2347	80002170	01b39eb3	sll	x29,x7,x27	  x7:0x80009f44 x27:0x47d0cffa x29=0x10000000
       23495000	      2348	80002174	32424693	xori	x13,x4,804	  x4:0xcf1d119f x13=0xcf1d12bb
       23505000	      2349	80002178	058be063	bltu	x23,x24,800021b8	 x23:0x47d0c7fd x24:0x00000000
       23515000	      2350	8000217c	005756b3	srl	x13,x14,x5	 x14:0x11e80000  x5:0x0000078b x13=0x00023d00
       23525000	      2351	80002180	008e8db3	add	x27,x29,x8	 x29:0x10000000  x8:0x0000078a x27=0x1000078a
       23535000	      2352	80002184	0054b8b3	sltu	x17,x9,x5	  x9:0x00000000  x5:0x0000078b x17=0x00000001
       23545000	      2353	80002188	01022733	slt	x14,x4,x16	  x4:0xcf1d119f x16:0x5c000000 x14=0x00000001
       23555000	      2354	8000218c	01291833	sll	x16,x18,x18	 x18:0x30e2ed8f x18:0x30e2ed8f x16=0x76c78000
       23565000	      2355	80002190	4096d133	sra	x2,x13,x9	 x13:0x00023d00  x9:0x00000000  x2=0x00023d00
       23575000	      2356	80002194	fa592b93	slti	x23,x18,-91	 x18:0x30e2ed8f x23=0x00000000
       23585000	      2357	80002198	41c80a33	sub	x20,x16,x28	 x16:0x76c78000 x28:0x80009fc4 x20=0xf6c6e03c
       23595000	      2358	8000219c	01c402b3	add	x5,x8,x28	  x8:0x0000078a x28:0x80009fc4  x5=0x8000a74e
       23605000	      2359	800021a0	0267d463	bge	x15,x6,800021c8	 x15:0x7a9f756f  x6:0x30e2ed90
       23615000	      2360	00000000	00000013	addi	x0,x0,0	  x0:0x00000000
       23625000	      2361	800021c4	00000013	addi	x0,x0,0	  x0:0x00000000
       23635000	      2362	800021c8	01704db3	xor	x27,x0,x23	  x0:0x00000000 x23:0x00000000 x27=0x00000000
       23645000	      2363	800021cc	00405233	srl	x4,x0,x4	  x0:0x00000000  x4:0xcf1d119f  x4=0x00000000
       23655000	      2364	800021d0	00edb833	sltu	x16,x27,x14	 x27:0x00000000 x14:0x00000001 x16=0x00000001
       23665000	      2365	800021d4	f391f337	lui	x6,0xf391f	  x6=0xf391f000
       23675000	      2366	800021d8	e7c3a797	auipc	x15,0xe7c3a	 x15=0x67c3c1d4
       23685000	      2367	800021dc	40d25813	srai	x16,x4,0xd	  x4:0x00000000 x16=0x00000000
       23695000	      2368	800021e0	016d2033	slt	x0,x26,x22	 x26:0x00000000 x22:0x9af250c8
       23705000	      2369	800021e4	41a90033	sub	x0,x18,x26	 x18:0x30e2ed8f x26:0x00000000
       23715000	      2370	800021e8	67056713	ori	x14,x10,1648	 x10:0x7a9f756f x14=0x7a9f777f
       23725000	      2371	800021ec	404b5b93	srai	x23,x22,0x4	 x22:0x9af250c8 x23=0xf9af250c
       23735000	      2372	800021f0	015d1c63	bne	x26,x21,80002208	 x26:0x00000000 x21:0x00000000
       23745000	      2373	800021f4	01a0bfb3	sltu	x31,x1,x26	  x1:0x47d0cefa x26:0x00000000 x31=0x00000000
       23755000	      2374	800021f8	00ff5a13	srli	x20,x30,0xf	 x30:0x778c9f44 x20=0x0000ef19
       23765000	      2375	800021fc	0038e863	bltu	x17,x3,8000220c	 x17:0x00000001  x3:0x0000046f
       23775000	      2376	00000000	00000013	addi	x0,x0,0	  x0:0x00000000
       23785000	      2377	80002208	00000013	addi	x0,x0,0	  x0:0x00000000
       23795000	      2378	8000220c	0362ca63	blt	x5,x22,80002240	  x5:0x8000a74e x22:0x9af250c8
       23805000	      2379	00000000	00000013	addi	x0,x0,0	  x0:0x00000000
       23815000	      2380	8000223c	00000013	addi	x0,x0,0	  x0:0x00000000
       23825000	      2381	80002240	fdb0c813	xori	x16,x1,-37	  x1:0x47d0cefa x16=0xb82f3121
       23835000	      2382	80002244	f3a6e213	ori	x4,x13,-198	 x13:0x00023d00  x4=0xffffff3a
       23845000	      2383	80002248	00000013	addi	x0,x0,0	  x0:0x00000000
       23855000	      2384	8000224c	01031663	bne	x6,x16,80002258	  x6:0xf391f000 x16:0xb82f3121
       23865000	      2385	00000000	00000013	addi	x0,x0,0	  x0:0x00000000
       23875000	      2386	80002254	00000013	addi	x0,x0,0	  x0:0x00000000
       23885000	      2387	80002258	94d7f693	andi	x13,x15,-1715	 x15:0x67c3c1d4 x13=0x67c3c144
       23895000	      2388	8000225c	41168f33	sub	x30,x13,x17	 x13:0x67c3c144 x17:0x00000001 x30=0x67c3c143
       23905000	      2389	80002260	80a8c993	xori	x19,x17,-2038	 x17:0x00000001 x19=0xfffff80b
       23915000	      2390	80002264	05429463	bne	x5,x20,800022ac	  x5:0x8000a74e x20:0x0000ef19
       23925000	      2391	00000000	00000013	addi	x0,x0,0	  x0:0x00000000
       23935000	      2392	800022a8	00000013	addi	x0,x0,0	  x0:0x00000000
       23945000	      2393	800022ac	01f52433	slt	x8,x10,x31	 x10:0x7a9f756f x31:0x00000000  x8=0x00000000
       23955000	      2394	800022b0	01a479b3	and	x19,x8,x26	  x8:0x00000000 x26:0x00000000 x19=0x00000000
       23965000	      2395	800022b4	00125bb3	srl	x23,x4,x1	  x4:0xffffff3a  x1:0x47d0cefa x23=0x0000003f
       23975000	      2396	800022b8	01fdab33	slt	x22,x27,x31	 x27:0x00000000 x31:0x00000000 x22=0x00000000
       23985000	      2397	800022bc	00d06263	bltu	x0,x13,800022c0	  x0:0x00000000 x13:0x67c3c144
       23995000	      2398	00000000	00000013	addi	x0,x0,0	  x0:0x00000000
       24005000	      2399	800022bc	00000013	addi	x0,x0,0	  x0:0x00000000
       24015000	      2400	800022c0	ba150813	addi	x16,x10,-1119	 x10:0x7a9f756f x16=0x7a9f7110
       24025000	      2401	800022c4	01d58663	beq	x11,x29,800022d0	 x11:0x00000001 x29:0x10000000
       24035000	      2402	800022c8	80926093	ori	x1,x4,-2039	  x4:0xffffff3a  x1=0xffffff3b
       24045000	      2403	800022cc	00667b33	and	x22,x12,x6	 x12:0x00000001  x6:0xf391f000 x22=0x00000000
       24055000	      2404	800022d0	2693ba13	sltiu	x20,x7,617	  x7:0x80009f44 x20=0x00000000
       24065000	      2405	800022d4	01d02b33	slt	x22,x0,x29	  x0:0x00000000 x29:0x10000000 x22=0x00000001
       24075000	      2406	800022d8	01baefb3	or	x31,x21,x27	 x21:0x00000000 x27:0x00000000 x31=0x00000000
       24085000	      2407	800022dc	039f6e63	bltu	x30,x25,80002318	 x30:0x67c3c143 x25:0x00000001
       24095000	      2408	800022e0	04030063	beq	x6,x0,80002320	  x6:0xf391f000  x0:0x00000000
       24105000	      2409	800022e4	00000013	addi	x0,x0,0	  x0:0x00000000
       24115000	      2410	800022e8	b7502093	slti	x1,x0,-1163	  x0:0x00000000  x1=0x00000000
       24125000	      2411	800022ec	01a678b3	and	x17,x12,x26	 x12:0x00000001 x26:0x00000000 x17=0x00000000
       24135000	      2412	800022f0	01d698b3	sll	x17,x13,x29	 x13:0x67c3c144 x29:0x10000000 x17=0x67c3c144
       24145000	      2413	800022f4	71463c37	lui	x24,0x71463	 x24=0x71463000
       24155000	      2414	800022f8	965ab093	sltiu	x1,x21,-1691	 x21:0x00000000  x1=0x00000001
       24165000	      2415	800022fc	8c364a93	xori	x21,x12,-1853	 x12:0x00000001 x21=0xfffff8c2
       24175000	      2416	80002300	01092bb3	slt	x23,x18,x16	 x18:0x30e2ed8f x16:0x7a9f7110 x23=0x00000001
       24185000	      2417	80002304	00f27833	and	x16,x4,x15	  x4:0xffffff3a x15:0x67c3c1d4 x16=0x67c3c110
       24195000	      2418	80002308	00a54fb3	xor	x31,x10,x10	 x10:0x7a9f756f x10:0x7a9f756f x31=0x00000000
       24205000	      2419	8000230c	018e44b3	xor	x9,x28,x24	 x28:0x80009fc4 x24:0x71463000  x9=0xf146afc4
       24215000	      2420	80002310	0122e1b3	or	x3,x5,x18	  x5:0x8000a74e x18:0x30e2ed8f  x3=0xb0e2efcf
       24225000	      2421	80002314	044d1463	bne	x26,x4,8000235c	 x26:0x00000000  x4:0xffffff3a
       24235000	      2422	00000000	00000013	addi	x0,x0,0	  x0:0x00000000
       24245000	      2423	80002358	00000013	addi	x0,x0,0	  x0:0x00000000
       24255000	      2424	8000235c	40afdb93	srai	x23,x31,0xa	 x31:0x00000000 x23=0x00000000
       24265000	      2425	80002360	0922a013	slti	x0,x5,146	  x5:0x8000a74e
       24275000	      2426	80002364	057a6663	bltu	x20,x23,800023b0	 x20:0x00000000 x23:0x00000000
       24285000	      2427	80002368	c1866093	ori	x1,x12,-1000	 x12:0x00000001  x1=0xfffffc19
       24295000	      2428	8000236c	01895593	srli	x11,x18,0x18	 x18:0x30e2ed8f x11=0x00000030
       24305000	      2429	80002370	f8463913	sltiu	x18,x12,-124	 x12:0x00000001 x18=0x00000001
       24315000	      2430	80002374	019c5493	srli	x9,x24,0x19	 x24:0x71463000  x9=0x00000038
       24325000	      2431	80002378	40dd5f33	sra	x30,x26,x13	 x26:0x00000000 x13:0x67c3c144 x30=0x00000000
       24335000	      2432	8000237c	00000013	addi	x0,x0,0	  x0:0x00000000
       24345000	      2433	80002380	00213db3	sltu	x27,x2,x2	  x2:0x00023d00  x2:0x00023d00 x27=0x00000000
       24355000	      2434	80002384	7a567f17	auipc	x30,0x7a567	 x30=0xfa569380
       24365000	      2435	80002388	e060f197	auipc	x3,0xe060f	  x3=0x60611384
       24375000	      2436	8000238c	00c9d713	srli	x14,x19,0xc	 x19:0x00000000 x14=0x00000000
       24385000	      2437	80002390	05e65463	bge	x12,x30,800023d8	 x12:0x00000001 x30:0xfa569380
       24395000	      2438	00000000	00000013	addi	x0,x0,0	  x0:0x00000000
       24405000	      2439	800023d4	00000013	addi	x0,x0,0	  x0:0x00000000
       24415000	      2440	800023d8	eed96d13	ori	x26,x18,-275	 x18:0x00000001 x26=0xfffffeed
       24425000	      2441	800023dc	0290e663	bltu	x1,x9,80002408	  x1:0xfffffc19  x9:0x00000038
       24435000	      2442	800023e0	01139893	slli	x17,x7,0x11	  x7:0x80009f44 x17=0x3e880000
       24445000	      2443	800023e4	01264bb3	xor	x23,x12,x18	 x12:0x00000001 x18:0x00000001 x23=0x00000000
       24455000	      2444	800023e8	40c35593	srai	x11,x6,0xc	  x6:0xf391f000 x11=0xffff391f
       24465000	      2445	800023ec	ab20f813	andi	x16,x1,-1358	  x1:0xfffffc19 x16=0xfffff810
       24475000	      2446	800023f0	77854b93	xori	x23,x10,1912	 x10:0x7a9f756f x23=0x7a9f7217
       24485000	      2447	800023f4	01ecbbb3	sltu	x23,x25,x30	 x25:0x00000001 x30:0xfa569380 x23=0x00000001
       24495000	      2448	800023f8	b7370593	addi	x11,x14,-1165	 x14:0x00000000 x11=0xfffffb73
       24505000	      2449	800023fc	b5cccf93	xori	x31,x25,-1188	 x25:0x00000001 x31=0xfffffb5d
       24515000	      2450	80002400	b57ba013	slti	x0,x23,-1193	 x23:0x00000001
       24525000	      2451	80002404	014d87b3	add	x15,x27,x20	 x27:0x00000000 x20:0x00000000 x15=0x00000000
       24535000	      2452	80002408	03f75663	bge	x14,x31,80002434	 x14:0x00000000 x31:0xfffffb5d
       24545000	      2453	00000000	00000013	addi	x0,x0,0	  x0:0x00000000
       24555000	      2454	80002430	00000013	addi	x0,x0,0	  x0:0x00000000
       24565000	      2455	80002434	72632a97	auipc	x21,0x72632	 x21=0xf2634430
       24575000	      2456	80002438	27623237	lui	x4,0x27623	  x4=0x27623000
       24585000	      2457	8000243c	01a20663	beq	x4,x26,80002448	  x4:0x27623000 x26:0xfffffeed
       24595000	      2458	80002440	37b5db17	auipc	x22,0x37b5d	 x22=0xb7b5f43c
       24605000	      2459	80002444	01a944b3	xor	x9,x18,x26	 x18:0x00000001 x26:0xfffffeed  x9=0xfffffeec
       24615000	      2460	80002448	fffd7613	andi	x12,x26,-1	 x26:0xfffffeed x12=0xfffffeed
       24625000	      2461	8000244c	00890db3	add	x27,x18,x8	 x18:0x00000001  x8:0x00000000 x27=0x00000001
       24635000	      2462	80002450	02618c63	beq	x3,x6,80002488	  x3:0x60611384  x6:0xf391f000
       24645000	      2463	80002454	01bcc233	xor	x4,x25,x27	 x25:0x00000001 x27:0x00000001  x4=0x00000000
       24655000	      2464	80002458	bf483793	sltiu	x15,x16,-1036	 x16:0xfffff810 x15=0x00000001
       24665000	      2465	8000245c	0196c0b3	xor	x1,x13,x25	 x13:0x67c3c144 x25:0x00000001  x1=0x67c3c145
       24675000	      2466	80002460	0224ee63	bltu	x9,x2,8000249c	  x9:0xfffffeec  x2:0x00023d00
       24685000	      2467	80002464	02265663	bge	x12,x2,80002490	 x12:0xfffffeed  x2:0x00023d00
       24695000	      2468	80002468	04cd6463	bltu	x26,x12,800024b0	 x26:0xfffffeed x12:0xfffffeed
       24705000	      2469	8000246c	24162913	slti	x18,x12,577	 x12:0xfffffeed x18=0x00000001
       24715000	      2470	80002470	f93146b7	lui	x13,0xf9314	 x13=0xf9314000
       24725000	      2471	80002474	03cb8863	beq	x23,x28,800024a4	 x23:0x00000001 x28:0x80009fc4
       24735000	      2472	80002478	2cb1c593	xori	x11,x3,715	  x3:0x60611384 x11=0x6061114f
       24745000	      2473	8000247c	00af0333	add	x6,x30,x10	 x30:0xfa569380 x10:0x7a9f756f  x6=0x74f608ef
       24755000	      2474	80002480	012d4a63	blt	x26,x18,80002494	 x26:0xfffffeed x18:0x00000001
       24765000	      2475	00000000	00000013	addi	x0,x0,0	  x0:0x00000000
       24775000	      2476	80002490	00000013	addi	x0,x0,0	  x0:0x00000000
       24785000	      2477	80002494	001dba33	sltu	x20,x27,x1	 x27:0x00000001  x1:0x67c3c145 x20=0x00000001
       24795000	      2478	80002498	21b55e97	auipc	x29,0x21b55	 x29=0xa1b57494
       24805000	      2479	8000249c	70d52297	auipc	x5,0x70d52	  x5=0xf0d54498
       24815000	      2480	800024a0	013ff8b3	and	x17,x31,x19	 x31:0xfffffb5d x19:0x00000000 x17=0x00000000
       24825000	      2481	800024a4	00fbc4b3	xor	x9,x23,x15	 x23:0x00000001 x15:0x00000001  x9=0x00000000
       24835000	      2482	800024a8	00c8c933	xor	x18,x17,x12	 x17:0x00000000 x12:0xfffffeed x18=0xfffffeed
       24845000	      2483	800024ac	0124d8b3	srl	x17,x9,x18	  x9:0x00000000 x18:0xfffffeed x17=0x00000000
       24855000	      2484	800024b0	0023dbb3	srl	x23,x7,x2	  x7:0x80009f44  x2:0x00023d00 x23=0x80009f44
       24865000	      2485	800024b4	0058e863	bltu	x17,x5,800024c4	 x17:0x00000000  x5:0xf0d54498
       24875000	      2486	00000000	00000013	addi	x0,x0,0	  x0:0x00000000
       24885000	      2487	800024c0	00000013	addi	x0,x0,0	  x0:0x00000000
       24895000	      2488	800024c4	007cd663	bge	x25,x7,800024d0	 x25:0x00000001  x7:0x80009f44
       24905000	      2489	00000000	00000013	addi	x0,x0,0	  x0:0x00000000
       24915000	      2490	800024cc	00000013	addi	x0,x0,0	  x0:0x00000000
       24925000	      2491	800024d0	fa230e93	addi	x29,x6,-94	  x6:0x74f608ef x29=0x74f60891
       24935000	      2492	800024d4	40aad9b3	sra	x19,x21,x10	 x21:0xf2634430 x10:0x7a9f756f x19=0xffffe4c6
       24945000	      2493	800024d8	40f55633	sra	x12,x10,x15	 x10:0x7a9f756f x15:0x00000001 x12=0x3d4fbab7
       24955000	      2494	800024dc	0a144793	xori	x15,x8,161	  x8:0x00000000 x15=0x000000a1
       24965000	      2495	800024e0	014c9c13	slli	x24,x25,0x14	 x25:0x00000001 x24=0x00100000
       24975000	      2496	800024e4	3f284313	xori	x6,x16,1010	 x16:0xfffff810  x6=0xfffffbe2
       24985000	      2497	800024e8	9d642313	slti	x6,x8,-1578	  x8:0x00000000  x6=0x00000000
       24995000	      2498	800024ec	007436b3	sltu	x13,x8,x7	  x8:0x00000000  x7:0x80009f44 x13=0x00000001
       25005000	      2499	800024f0	0145d113	srli	x2,x11,0x14	 x11:0x6061114f  x2=0x00000606
       25015000	      2500	800024f4	03aa6463	bltu	x20,x26,8000251c	 x20:0x00000001 x26:0xfffffeed
       25025000	      2501	00000000	00000013	addi	x0,x0,0	  x0:0x00000000
       25035000	      2502	80002518	00000013	addi	x0,x0,0	  x0:0x00000000
       25045000	      2503	8000251c	0031f833	and	x16,x3,x3	  x3:0x60611384  x3:0x60611384 x16=0x60611384
       25055000	      2504	80002520	886ccb13	xori	x22,x25,-1914	 x25:0x00000001 x22=0xfffff887
       25065000	      2505	80002524	00fad8b3	srl	x17,x21,x15	 x21:0xf2634430 x15:0x000000a1 x17=0x7931a218
       25075000	      2506	80002528	0121dc33	srl	x24,x3,x18	  x3:0x60611384 x18:0xfffffeed x24=0x00030308
       25085000	      2507	8000252c	0043c263	blt	x7,x4,80002530	  x7:0x80009f44  x4:0x00000000
       25095000	      2508	00000000	00000013	addi	x0,x0,0	  x0:0x00000000
       25105000	      2509	8000252c	00000013	addi	x0,x0,0	  x0:0x00000000
       25115000	      2510	80002530	00741eb3	sll	x29,x8,x7	  x8:0x00000000  x7:0x80009f44 x29=0x00000000
       25125000	      2511	80002534	0014bb33	sltu	x22,x9,x1	  x9:0x00000000  x1:0x67c3c145 x22=0x00000001
       25135000	      2512	80002538	05df7663	bgeu	x30,x29,80002584	 x30:0xfa569380 x29:0x00000000
       25145000	      2513	00000000	00000013	addi	x0,x0,0	  x0:0x00000000
       25155000	      2514	80002580	00000013	addi	x0,x0,0	  x0:0x00000000
       25165000	      2515	80002584	05505463	bge	x0,x21,800025cc	  x0:0x00000000 x21:0xf2634430
       25175000	      2516	00000000	00000013	addi	x0,x0,0	  x0:0x00000000
       25185000	      2517	800025c8	00000013	addi	x0,x0,0	  x0:0x00000000
       25195000	      2518	800025cc	0116eeb3	or	x29,x13,x17	 x13:0x00000001 x17:0x7931a218 x29=0x7931a219
       25205000	      2519	800025d0	0057ff33	and	x30,x15,x5	 x15:0x000000a1  x5:0xf0d54498 x30=0x00000080
       25215000	      2520	800025d4	4191d5b3	sra	x11,x3,x25	  x3:0x60611384 x25:0x00000001 x11=0x303089c2
       25225000	      2521	800025d8	01bd9863	bne	x27,x27,800025e8	 x27:0x00000001 x27:0x00000001
       25235000	      2522	800025dc	fda2b613	sltiu	x12,x5,-38	  x5:0xf0d54498 x12=0x00000001
       25245000	      2523	800025e0	03c3da63	bge	x7,x28,80002614	  x7:0x80009f44 x28:0x80009fc4
       25255000	      2524	800025e4	77926a97	auipc	x21,0x77926	 x21=0xf79285e0
       25265000	      2525	800025e8	01354463	blt	x10,x19,800025f0	 x10:0x7a9f756f x19:0xffffe4c6
       25275000	      2526	800025ec	02467e63	bgeu	x12,x4,80002628	 x12:0x00000001  x4:0x00000000
       25285000	      2527	00000000	00000013	addi	x0,x0,0	  x0:0x00000000
       25295000	      2528	80002624	00000013	addi	x0,x0,0	  x0:0x00000000
       25305000	      2529	80002628	44ade313	ori	x6,x27,1098	 x27:0x00000001  x6=0x0000044b
       25315000	      2530	8000262c	00d3c233	xor	x4,x7,x13	  x7:0x80009f44 x13:0x00000001  x4=0x80009f45
       25325000	      2531	80002630	63e1e993	ori	x19,x3,1598	  x3:0x60611384 x19=0x606117be
       25335000	      2532	80002634	22c2c093	xori	x1,x5,556	  x5:0xf0d54498  x1=0xf0d546b4
       25345000	      2533	80002638	01169633	sll	x12,x13,x17	 x13:0x00000001 x17:0x7931a218 x12=0x01000000
       25355000	      2534	8000263c	01a3e9b3	or	x19,x7,x26	  x7:0x80009f44 x26:0xfffffeed x19=0xffffffed
       25365000	      2535	80002640	7c5ee113	ori	x2,x29,1989	 x29:0x7931a219  x2=0x7931a7dd
       25375000	      2536	80002644	00c6cc33	xor	x24,x13,x12	 x13:0x00000001 x12:0x01000000 x24=0x01000001
       25385000	      2537	80002648	40f7d893	srai	x17,x15,0xf	 x15:0x000000a1 x17=0x00000000
       25395000	      2538	8000264c	04abf663	bgeu	x23,x10,80002698	 x23:0x80009f44 x10:0x7a9f756f
       25405000	      2539	00000000	00000013	addi	x0,x0,0	  x0:0x00000000
       25415000	      2540	80002694	00000013	addi	x0,x0,0	  x0:0x00000000
       25425000	      2541	80002698	d1edf013	andi	x0,x27,-738	 x27:0x00000001
       25435000	      2542	8000269c	82160b93	addi	x23,x12,-2015	 x12:0x01000000 x23=0x00fff821
       25445000	      2543	800026a0	00380eb3	add	x29,x16,x3	 x16:0x60611384  x3:0x60611384 x29=0xc0c22708
       25455000	      2544	800026a4	015f6663	bltu	x30,x21,800026b0	 x30:0x00000080 x21:0xf79285e0
       25465000	      2545	00000000	00000013	addi	x0,x0,0	  x0:0x00000000
       25475000	      2546	800026ac	00000013	addi	x0,x0,0	  x0:0x00000000
       25485000	      2547	800026b0	00000013	addi	x0,x0,0	  x0:0x00000000
       25495000	      2548	800026b4	00178733	add	x14,x15,x1	 x15:0x000000a1  x1:0xf0d546b4 x14=0xf0d54755
       25505000	      2549	800026b8	03dcf263	bgeu	x25,x29,800026dc	 x25:0x00000001 x29:0xc0c22708
       25515000	      2550	800026bc	40605313	srai	x6,x0,0x6	  x0:0x00000000  x6=0x00000000
       25525000	      2551	800026c0	0161f663	bgeu	x3,x22,800026cc	  x3:0x60611384 x22:0x00000001
       25535000	      2552	00000000	00000013	addi	x0,x0,0	  x0:0x00000000
       25545000	      2553	800026c8	00000013	addi	x0,x0,0	  x0:0x00000000
       25555000	      2554	800026cc	f51f3193	sltiu	x3,x30,-175	 x30:0x00000080  x3=0x00000001
       25565000	      2555	800026d0	41330d33	sub	x26,x6,x19	  x6:0x00000000 x19:0xffffffed x26=0x00000013
       25575000	      2556	800026d4	01075db3	srl	x27,x14,x16	 x14:0xf0d54755 x16:0x60611384 x27=0x0f0d5475
       25585000	      2557	800026d8	41addfb3	sra	x31,x27,x26	 x27:0x0f0d5475 x26:0x00000013 x31=0x000001e1
       25595000	      2558	800026dc	407554b3	sra	x9,x10,x7	 x10:0x7a9f756f  x7:0x80009f44  x9=0x07a9f756
       25605000	      2559	800026e0	004f8833	add	x16,x31,x4	 x31:0x000001e1  x4:0x80009f45 x16=0x8000a126
       25615000	      2560	800026e4	61911a97	auipc	x21,0x61911	 x21=0xe19136e0
       25625000	      2561	800026e8	7279ac13	slti	x24,x19,1831	 x19:0xffffffed x24=0x00000001
       25635000	      2562	800026ec	00000013	addi	x0,x0,0	  x0:0x00000000
       25645000	      2563	800026f0	0065eeb3	or	x29,x11,x6	 x11:0x303089c2  x6:0x00000000 x29=0x303089c2
       25655000	      2564	800026f4	031f4063	blt	x30,x17,80002714	 x30:0x00000080 x17:0x00000000
       25665000	      2565	800026f8	795a4a13	xori	x20,x20,1941	 x20:0x00000001 x20=0x00000794
       25675000	      2566	800026fc	c8e28993	addi	x19,x5,-882	  x5:0xf0d54498 x19=0xf0d54126
       25685000	      2567	80002700	82c38c93	addi	x25,x7,-2004	  x7:0x80009f44 x25=0x80009770
       25695000	      2568	80002704	01740c13	addi	x24,x8,23	  x8:0x00000000 x24=0x00000017
       25705000	      2569	80002708	00a64bb3	xor	x23,x12,x10	 x12:0x01000000 x10:0x7a9f756f x23=0x7b9f756f
       25715000	      2570	8000270c	0445c863	blt	x11,x4,8000275c	 x11:0x303089c2  x4:0x80009f45
       25725000	      2571	80002710	005febb3	or	x23,x31,x5	 x31:0x000001e1  x5:0xf0d54498 x23=0xf0d545f9
       25735000	      2572	80002714	00ffd093	srli	x1,x31,0xf	 x31:0x000001e1  x1=0x00000000
       25745000	      2573	80002718	017d6263	bltu	x26,x23,8000271c	 x26:0x00000013 x23:0xf0d545f9
       25755000	      2574	00000000	00000013	addi	x0,x0,0	  x0:0x00000000
       25765000	      2575	80002718	00000013	addi	x0,x0,0	  x0:0x00000000
       25775000	      2576	8000271c	067c5063	bge	x24,x7,8000277c	 x24:0x00000017  x7:0x80009f44
       25785000	      2577	00000000	00000013	addi	x0,x0,0	  x0:0x00000000
       25795000	      2578	80002778	00000013	addi	x0,x0,0	  x0:0x00000000
       25805000	      2579	8000277c	3eca3813	sltiu	x16,x20,1004	 x20:0x00000794 x16=0x00000000
       25815000	      2580	80002780	00699e93	slli	x29,x19,0x6	 x19:0xf0d54126 x29=0x35504980
       25825000	      2581	80002784	eff33313	sltiu	x6,x6,-257	  x6:0x00000000  x6=0x00000001
       25835000	      2582	80002788	00470863	beq	x14,x4,80002798	 x14:0xf0d54755  x4:0x80009f45
       25845000	      2583	8000278c	00641813	slli	x16,x8,0x6	  x8:0x00000000 x16=0x00000000
       25855000	      2584	80002790	00650863	beq	x10,x6,800027a0	 x10:0x7a9f756f  x6:0x00000001
       25865000	      2585	80002794	41e95433	sra	x8,x18,x30	 x18:0xfffffeed x30:0x00000080  x8=0xfffffeed
       25875000	      2586	80002798	01fad013	srli	x0,x21,0x1f	 x21:0xe19136e0
       25885000	      2587	8000279c	010b5233	srl	x4,x22,x16	 x22:0x00000001 x16:0x00000000  x4=0x00000001
       25895000	      2588	800027a0	004646b3	xor	x13,x12,x4	 x12:0x01000000  x4:0x00000001 x13=0x01000001
       25905000	      2589	800027a4	0240c463	blt	x1,x4,800027cc	  x1:0x00000000  x4:0x00000001
       25915000	      2590	00000000	00000013	addi	x0,x0,0	  x0:0x00000000
       25925000	      2591	800027c8	00000013	addi	x0,x0,0	  x0:0x00000000
       25935000	      2592	800027cc	01c0d863	bge	x1,x28,800027dc	  x1:0x00000000 x28:0x80009fc4
       25945000	      2593	00000000	00000013	addi	x0,x0,0	  x0:0x00000000
       25955000	      2594	800027d8	00000013	addi	x0,x0,0	  x0:0x00000000
       25965000	      2595	800027dc	02298663	beq	x19,x2,80002808	 x19:0xf0d54126  x2:0x7931a7dd
       25975000	      2596	800027e0	01950db3	add	x27,x10,x25	 x10:0x7a9f756f x25:0x80009770 x27=0xfaa00cdf
       25985000	      2597	800027e4	8ca2ab93	slti	x23,x5,-1846	  x5:0xf0d54498 x23=0x00000001
       25995000	      2598	800027e8	41bd05b3	sub	x11,x26,x27	 x26:0x00000013 x27:0xfaa00cdf x11=0x055ff334
       26005000	      2599	800027ec	ccd7ef93	ori	x31,x15,-819	 x15:0x000000a1 x31=0xfffffced
       26015000	      2600	800027f0	039d8863	beq	x27,x25,80002820	 x27:0xfaa00cdf x25:0x80009770
       26025000	      2601	800027f4	40ef5333	sra	x6,x30,x14	 x30:0x00000080 x14:0xf0d54755  x6=0x00000000
       26035000	      2602	800027f8	41835833	sra	x16,x6,x24	  x6:0x00000000 x24:0x00000017 x16=0x00000000
       26045000	      2603	800027fc	01a795b3	sll	x11,x15,x26	 x15:0x000000a1 x26:0x00000013 x11=0x05080000
       26055000	      2604	80002800	0016d413	srli	x8,x13,0x1	 x13:0x01000001  x8=0x00800000
       26065000	      2605	80002804	40e1d733	sra	x14,x3,x14	  x3:0x00000001 x14:0xf0d54755 x14=0x00000000
       26075000	      2606	80002808	561ee013	ori	x0,x29,1377	 x29:0x35504980
       26085000	      2607	8000280c	0085db33	srl	x22,x11,x8	 x11:0x05080000  x8:0x00800000 x22=0x05080000
       26095000	      2608	80002810	00440933	add	x18,x8,x4	  x8:0x00800000  x4:0x00000001 x18=0x00800001
       26105000	      2609	80002814	0bbff913	andi	x18,x31,187	 x31:0xfffffced x18=0x000000a9
       26115000	      2610	80002818	f84ea713	slti	x14,x29,-124	 x29:0x35504980 x14=0x00000000
       26125000	      2611	8000281c	01cc68b3	or	x17,x24,x28	 x24:0x00000017 x28:0x80009fc4 x17=0x80009fd7
       26135000	      2612	80002820	d46ab313	sltiu	x6,x21,-698	 x21:0xe19136e0  x6=0x00000001
       26145000	      2613	80002824	013285b3	add	x11,x5,x19	  x5:0xf0d54498 x19:0xf0d54126 x11=0xe1aa85be
       26155000	      2614	80002828	a2cc4d13	xori	x26,x24,-1492	 x24:0x00000017 x26=0xfffffa3b
       26165000	      2615	8000282c	0138f463	bgeu	x17,x19,80002834	 x17:0x80009fd7 x19:0xf0d54126
       26175000	      2616	80002830	01c8a9b3	slt	x19,x17,x28	 x17:0x80009fd7 x28:0x80009fc4 x19=0x00000000
       26185000	      2617	80002834	002e5933	srl	x18,x28,x2	 x28:0x80009fc4  x2:0x7931a7dd x18=0x00000004
       26195000	      2618	80002838	00bf9213	slli	x4,x31,0xb	 x31:0xfffffced  x4=0xffe76800
       26205000	      2619	8000283c	00ee74b3	and	x9,x28,x14	 x28:0x80009fc4 x14:0x00000000  x9=0x00000000
       26215000	      2620	80002840	00fa6263	bltu	x20,x15,80002844	 x20:0x00000794 x15:0x000000a1
       26225000	      2621	80002844	00f4dab3	srl	x21,x9,x15	  x9:0x00000000 x15:0x000000a1 x21=0x00000000
       26235000	      2622	80002848	05314463	blt	x2,x19,80002890	  x2:0x7931a7dd x19:0x00000000
       26245000	      2623	8000284c	2f9b2a17	auipc	x20,0x2f9b2	 x20=0xaf9b4848
       26255000	      2624	80002850	61593b93	sltiu	x23,x18,1557	 x18:0x00000004 x23=0x00000001
       26265000	      2625	80002854	00309913	slli	x18,x1,0x3	  x1:0x00000000 x18=0x00000000
       26275000	      2626	80002858	01e24833	xor	x16,x4,x30	  x4:0xffe76800 x30:0x00000080 x16=0xffe76880
       26285000	      2627	8000285c	046fd663	bge	x31,x6,800028a8	 x31:0xfffffced  x6:0x00000001
       26295000	      2628	80002860	24dc6f13	ori	x30,x24,589	 x24:0x00000017 x30=0x0000025f
       26305000	      2629	80002864	016e8263	beq	x29,x22,80002868	 x29:0x35504980 x22:0x05080000
       26315000	      2630	80002868	fd714f93	xori	x31,x2,-41	  x2:0x7931a7dd x31=0x86ce580a
       26325000	      2631	8000286c	4022dc33	sra	x24,x5,x2	  x5:0xf0d54498  x2:0x7931a7dd x24=0xffffffff
       26335000	      2632	80002870	94eb7013	andi	x0,x22,-1714	 x22:0x05080000
       26345000	      2633	80002874	00591663	bne	x18,x5,80002880	 x18:0x00000000  x5:0xf0d54498
       26355000	      2634	00000000	00000013	addi	x0,x0,0	  x0:0x00000000
       26365000	      2635	8000287c	00000013	addi	x0,x0,0	  x0:0x00000000
       26375000	      2636	80002880	03a8e063	bltu	x17,x26,800028a0	 x17:0x80009fd7 x26:0xfffffa3b
       26385000	      2637	00000000	00000013	addi	x0,x0,0	  x0:0x00000000
       26395000	      2638	8000289c	00000013	addi	x0,x0,0	  x0:0x00000000
       26405000	      2639	800028a0	01dd9333	sll	x6,x27,x29	 x27:0xfaa00cdf x29:0x35504980  x6=0xfaa00cdf
       26415000	      2640	800028a4	02674e63	blt	x14,x6,800028e0	 x14:0x00000000  x6:0xfaa00cdf
       26425000	      2641	800028a8	0049d463	bge	x19,x4,800028b0	 x19:0x00000000  x4:0xffe76800
       26435000	      2642	00000000	00000013	addi	x0,x0,0	  x0:0x00000000
       26445000	      2643	800028ac	00000013	addi	x0,x0,0	  x0:0x00000000
       26455000	      2644	800028b0	002624b3	slt	x9,x12,x2	 x12:0x01000000  x2:0x7931a7dd  x9=0x00000001
       26465000	      2645	800028b4	27ef5a17	auipc	x20,0x27ef5	 x20=0xa7ef78b0
       26475000	      2646	800028b8	01e75263	bge	x14,x30,800028bc	 x14:0x00000000 x30:0x0000025f
       26485000	      2647	800028bc	00cde733	or	x14,x27,x12	 x27:0xfaa00cdf x12:0x01000000 x14=0xfba00cdf
       26495000	      2648	800028c0	84860913	addi	x18,x12,-1976	 x12:0x01000000 x18=0x00fff848
       26505000	      2649	800028c4	8e528d93	addi	x27,x5,-1819	  x5:0xf0d54498 x27=0xf0d53d7d
       26515000	      2650	800028c8	c3e86bb7	lui	x23,0xc3e86	 x23=0xc3e86000
       26525000	      2651	800028cc	41f00433	sub	x8,x0,x31	  x0:0x00000000 x31:0x86ce580a  x8=0x7931a7f6
       26535000	      2652	800028d0	01de5893	srli	x17,x28,0x1d	 x28:0x80009fc4 x17=0x00000004
       26545000	      2653	800028d4	01b5a8b3	slt	x17,x11,x27	 x11:0xe1aa85be x27:0xf0d53d7d x17=0x00000001
       26555000	      2654	800028d8	015deab3	or	x21,x27,x21	 x27:0xf0d53d7d x21:0x00000000 x21=0xf0d53d7d
       26565000	      2655	800028dc	fecb7893	andi	x17,x22,-20	 x22:0x05080000 x17=0x05080000
       26575000	      2656	800028e0	40440bb3	sub	x23,x8,x4	  x8:0x7931a7f6  x4:0xffe76800 x23=0x794a3ff6
       26585000	      2657	800028e4	22256713	ori	x14,x10,546	 x10:0x7a9f756f x14=0x7a9f776f
       26595000	      2658	800028e8	015e44b3	xor	x9,x28,x21	 x28:0x80009fc4 x21:0xf0d53d7d  x9=0x70d5a2b9
       26605000	      2659	800028ec	0343f063	bgeu	x7,x20,8000290c	  x7:0x80009f44 x20:0xa7ef78b0
       26615000	      2660	800028f0	00000013	addi	x0,x0,0	  x0:0x00000000
       26625000	      2661	800028f4	02084663	blt	x16,x0,80002920	 x16:0xffe76880  x0:0x00000000
       26635000	      2662	00000000	00000013	addi	x0,x0,0	  x0:0x00000000
       26645000	      2663	8000291c	00000013	addi	x0,x0,0	  x0:0x00000000
       26655000	      2664	80002920	1d4e2c13	slti	x24,x28,468	 x28:0x80009fc4 x24=0x00000001
       26665000	      2665	80002924	01a11a13	slli	x20,x2,0x1a	  x2:0x7931a7dd x20=0x74000000
       26675000	      2666	80002928	40ded793	srai	x15,x29,0xd	 x29:0x35504980 x15=0x0001aa82
       26685000	      2667	8000292c	f9c03993	sltiu	x19,x0,-100	  x0:0x00000000 x19=0x00000001
       26695000	      2668	80002930	ce466093	ori	x1,x12,-796	 x12:0x01000000  x1=0xfffffce4
       26705000	      2669	80002934	01e6f433	and	x8,x13,x30	 x13:0x01000001 x30:0x0000025f  x8=0x00000001
       26715000	      2670	80002938	010e9193	slli	x3,x29,0x10	 x29:0x35504980  x3=0x49800000
       26725000	      2671	8000293c	aa5c7b17	auipc	x22,0xaa5c7	 x22=0x2a5c9938
       26735000	      2672	80002940	e324bf13	sltiu	x30,x9,-462	  x9:0x70d5a2b9 x30=0x00000001
       26745000	      2673	80002944	01cb99b3	sll	x19,x23,x28	 x23:0x794a3ff6 x28:0x80009fc4 x19=0x94a3ff60
       26755000	      2674	80002948	60fda113	slti	x2,x27,1551	 x27:0xf0d53d7d  x2=0x00000001
       26765000	      2675	8000294c	0022f463	bgeu	x5,x2,80002954	  x5:0xf0d54498  x2:0x00000001
       26775000	      2676	00000000	00000013	addi	x0,x0,0	  x0:0x00000000
       26785000	      2677	80002950	00000013	addi	x0,x0,0	  x0:0x00000000
       26795000	      2678	80002954	00b57d33	and	x26,x10,x11	 x10:0x7a9f756f x11:0xe1aa85be x26=0x608a052e
       26805000	      2679	80002958	01d84663	blt	x16,x29,80002964	 x16:0xffe76880 x29:0x35504980
       26815000	      2680	00000000	00000013	addi	x0,x0,0	  x0:0x00000000
       26825000	      2681	80002960	00000013	addi	x0,x0,0	  x0:0x00000000
       26835000	      2682	80002964	00c2c1b3	xor	x3,x5,x12	  x5:0xf0d54498 x12:0x01000000  x3=0xf1d54498
       26845000	      2683	80002968	012b0863	beq	x22,x18,80002978	 x22:0x2a5c9938 x18:0x00fff848
       26855000	      2684	8000296c	027fc463	blt	x31,x7,80002994	 x31:0x86ce580a  x7:0x80009f44
       26865000	      2685	80002970	e7c27013	andi	x0,x4,-388	  x4:0xffe76800
       26875000	      2686	80002974	0109fd33	and	x26,x19,x16	 x19:0x94a3ff60 x16:0xffe76880 x26=0x94a36800
       26885000	      2687	80002978	40295813	srai	x16,x18,0x2	 x18:0x00fff848 x16=0x003ffe12
       26895000	      2688	8000297c	01f0a633	slt	x12,x1,x31	  x1:0xfffffce4 x31:0x86ce580a x12=0x00000000
       26905000	      2689	80002980	01bca333	slt	x6,x25,x27	 x25:0x80009770 x27:0xf0d53d7d  x6=0x00000001
       26915000	      2690	80002984	029b0463	beq	x22,x9,800029ac	 x22:0x2a5c9938  x9:0x70d5a2b9
       26925000	      2691	80002988	5c5c4a13	xori	x20,x24,1477	 x24:0x00000001 x20=0x000005c4
       26935000	      2692	8000298c	4000d933	sra	x18,x1,x0	  x1:0xfffffce4  x0:0x00000000 x18=0xfffffce4
       26945000	      2693	80002990	00c89f13	slli	x30,x17,0xc	 x17:0x05080000 x30=0x80000000
       26955000	      2694	80002994	00bf1d93	slli	x27,x30,0xb	 x30:0x80000000 x27=0x00000000
       26965000	      2695	80002998	47caeb93	ori	x23,x21,1148	 x21:0xf0d53d7d x23=0xf0d53d7d
       26975000	      2696	8000299c	00e15c63	bge	x2,x14,800029b4	  x2:0x00000001 x14:0x7a9f776f
       26985000	      2697	800029a0	00c352b3	srl	x5,x6,x12	  x6:0x00000001 x12:0x00000000  x5=0x00000001
       26995000	      2698	800029a4	9e8e2813	slti	x16,x28,-1560	 x28:0x80009fc4 x16=0x00000001
       27005000	      2699	800029a8	5ab6bf13	sltiu	x30,x13,1451	 x13:0x01000001 x30=0x00000000
       27015000	      2700	800029ac	815d6213	ori	x4,x26,-2027	 x26:0x94a36800  x4=0xfffff815
       27025000	      2701	800029b0	00000013	addi	x0,x0,0	  x0:0x00000000
       27035000	      2702	800029b4	86ca3293	sltiu	x5,x20,-1940	 x20:0x000005c4  x5=0x00000001
       27045000	      2703	800029b8	01bd5d93	srli	x27,x26,0x1b	 x26:0x94a36800 x27=0x00000012
       27055000	      2704	800029bc	019bbdb3	sltu	x27,x23,x25	 x23:0xf0d53d7d x25:0x80009770 x27=0x00000000
       27065000	      2705	800029c0	00009093	slli	x1,x1,0x0	  x1:0xfffffce4  x1=0xfffffce4
       27075000	      2706	800029c4	00000013	addi	x0,x0,0	  x0:0x00000000
       27085000	      2707	800029c8	737ca713	slti	x14,x25,1847	 x25:0x80009770 x14=0x00000001
       27095000	      2708	800029cc	dcbb4f93	xori	x31,x22,-565	 x22:0x2a5c9938 x31=0xd5a364f3
       27105000	      2709	800029d0	00000013	addi	x0,x0,0	  x0:0x00000000
       27115000	      2710	800029d4	0054d493	srli	x9,x9,0x5	  x9:0x70d5a2b9  x9=0x0386ad15
       27125000	      2711	800029d8	410b5f33	sra	x30,x22,x16	 x22:0x2a5c9938 x16:0x00000001 x30=0x152e4c9c
       27135000	      2712	800029dc	0145ad33	slt	x26,x11,x20	 x11:0xe1aa85be x20:0x000005c4 x26=0x00000001
       27145000	      2713	800029e0	00000013	addi	x0,x0,0	  x0:0x00000000
       27155000	      2714	800029e4	03a4ca63	blt	x9,x26,80002a18	  x9:0x0386ad15 x26:0x00000001
       27165000	      2715	800029e8	00f18663	beq	x3,x15,800029f4	  x3:0xf1d54498 x15:0x0001aa82
       27175000	      2716	800029ec	05f5d463	bge	x11,x31,80002a34	 x11:0xe1aa85be x31:0xd5a364f3
       27185000	      2717	00000000	00000013	addi	x0,x0,0	  x0:0x00000000
       27195000	      2718	80002a30	00000013	addi	x0,x0,0	  x0:0x00000000
       27205000	      2719	80002a34	4129deb3	sra	x29,x19,x18	 x19:0x94a3ff60 x18:0xfffffce4 x29=0xf94a3ff6
       27215000	      2720	80002a38	a8938c93	addi	x25,x7,-1399	  x7:0x80009f44 x25=0x800099cd
       27225000	      2721	80002a3c	18376313	ori	x6,x14,387	 x14:0x00000001  x6=0x00000183
       27235000	      2722	80002a40	d480fd13	andi	x26,x1,-696	  x1:0xfffffce4 x26=0xfffffc40
       27245000	      2723	80002a44	016240b3	xor	x1,x4,x22	  x4:0xfffff815 x22:0x2a5c9938  x1=0xd5a3612d
       27255000	      2724	80002a48	00179013	slli	x0,x15,0x1	 x15:0x0001aa82
       27265000	      2725	80002a4c	01ed9f93	slli	x31,x27,0x1e	 x27:0x00000000 x31=0x00000000
       27275000	      2726	80002a50	00476bb3	or	x23,x14,x4	 x14:0x00000001  x4:0xfffff815 x23=0xfffff815
       27285000	      2727	80002a54	0260f663	bgeu	x1,x6,80002a80	  x1:0xd5a3612d  x6:0x00000183
       27295000	      2728	00000000	00000013	addi	x0,x0,0	  x0:0x00000000
       27305000	      2729	80002a7c	00000013	addi	x0,x0,0	  x0:0x00000000
       27315000	      2730	80002a80	019e5263	bge	x28,x25,80002a84	 x28:0x80009fc4 x25:0x800099cd
       27325000	      2731	00000000	00000013	addi	x0,x0,0	  x0:0x00000000
       27335000	      2732	80002a80	00000013	addi	x0,x0,0	  x0:0x00000000
       27345000	      2733	80002a84	00000013	addi	x0,x0,0	  x0:0x00000000
       27355000	      2734	80002a88	00b57463	bgeu	x10,x11,80002a90	 x10:0x7a9f756f x11:0xe1aa85be
       27365000	      2735	80002a8c	0074d463	bge	x9,x7,80002a94	  x9:0x0386ad15  x7:0x80009f44
       27375000	      2736	00000000	00000013	addi	x0,x0,0	  x0:0x00000000
       27385000	      2737	80002a90	00000013	addi	x0,x0,0	  x0:0x00000000
       27395000	      2738	80002a94	00000013	addi	x0,x0,0	  x0:0x00000000
       27405000	      2739	80002a98	02d69e63	bne	x13,x13,80002ad4	 x13:0x01000001 x13:0x01000001
       27415000	      2740	80002a9c	41db8133	sub	x2,x23,x29	 x23:0xfffff815 x29:0xf94a3ff6  x2=0x06b5b81f
       27425000	      2741	80002aa0	40c05ab3	sra	x21,x0,x12	  x0:0x00000000 x12:0x00000000 x21=0x00000000
       27435000	      2742	80002aa4	41ee51b3	sra	x3,x28,x30	 x28:0x80009fc4 x30:0x152e4c9c  x3=0xfffffff8
       27445000	      2743	80002aa8	00028c33	add	x24,x5,x0	  x5:0x00000001  x0:0x00000000 x24=0x00000001
       27455000	      2744	80002aac	00ecc663	blt	x25,x14,80002ab8	 x25:0x800099cd x14:0x00000001
       27465000	      2745	00000000	00000013	addi	x0,x0,0	  x0:0x00000000
       27475000	      2746	80002ab4	00000013	addi	x0,x0,0	  x0:0x00000000
       27485000	      2747	80002ab8	a5e1b313	sltiu	x6,x3,-1442	  x3:0xfffffff8  x6=0x00000000
       27495000	      2748	80002abc	c109c693	xori	x13,x19,-1008	 x19:0x94a3ff60 x13=0x6b5c0370
       27505000	      2749	80002ac0	4249bf13	sltiu	x30,x19,1060	 x19:0x94a3ff60 x30=0x00000000
       27515000	      2750	80002ac4	470a24b7	lui	x9,0x470a2	  x9=0x470a2000
       27525000	      2751	80002ac8	00711d33	sll	x26,x2,x7	  x2:0x06b5b81f  x7:0x80009f44 x26=0x6b5b81f0
       27535000	      2752	80002acc	015c5b93	srli	x23,x24,0x15	 x24:0x00000001 x23=0x00000000
       27545000	      2753	80002ad0	4192d1b3	sra	x3,x5,x25	  x5:0x00000001 x25:0x800099cd  x3=0x00000000
       27555000	      2754	80002ad4	010dd433	srl	x8,x27,x16	 x27:0x00000000 x16:0x00000001  x8=0x00000000
       27565000	      2755	80002ad8	403381b3	sub	x3,x7,x3	  x7:0x80009f44  x3:0x00000000  x3=0x80009f44
       27575000	      2756	80002adc	01ea4633	xor	x12,x20,x30	 x20:0x000005c4 x30:0x00000000 x12=0x000005c4
       27585000	      2757	80002ae0	0043a083	lw	x1,4(x7)	  x7:0x80009f44  x1=0x800002b4 PA:0x80009f48
       27595000	      2758	80002ae4	eac1bab7	lui	x21,0xeac1b	 x21=0xeac1b000
       27605000	      2759	80002ae8	04038393	addi	x7,x7,64	  x7:0x80009f44  x7=0x80009f84
       27615000	      2760	80002aec	41f1d2b3	sra	x5,x3,x31	  x3:0x80009f44 x31:0x00000000  x5=0x80009f44
       27625000	      2761	80002af0	0157da33	srl	x20,x15,x21	 x15:0x0001aa82 x21:0xeac1b000 x20=0x0001aa82
       27635000	      2762	80002af4	00008893	addi	x17,x1,0	  x1:0x800002b4 x17=0x800002b4
       27645000	      2763	80002af8	000888e7	jalr	x17,x17,0	 x17:0x800002b4 x17=0x80002af8
       27655000	      2764	00000000	00000013	addi	x0,x0,0	  x0:0x00000000
       27665000	      2765	800002b4	00000013	addi	x0,x0,0	  x0:0x00000000
       27675000	      2766	800002b8	41af5413	srai	x8,x30,0x1a	 x30:0x00000000  x8=0x00000000
       27685000	      2767	800002bc	a11bbe93	sltiu	x29,x23,-1519	 x23:0x00000000 x29=0x00000001
       27695000	      2768	800002c0	00eca8b3	slt	x17,x25,x14	 x25:0x800099cd x14:0x00000001 x17=0x00000001
       27705000	      2769	800002c4	00e712b3	sll	x5,x14,x14	 x14:0x00000001 x14:0x00000001  x5=0x00000002
       27715000	      2770	800002c8	0215d863	bge	x11,x1,800002f8	 x11:0xe1aa85be  x1:0x800002b4
       27725000	      2771	00000000	00000013	addi	x0,x0,0	  x0:0x00000000
       27735000	      2772	800002f4	00000013	addi	x0,x0,0	  x0:0x00000000
       27745000	      2773	800002f8	003f38b3	sltu	x17,x30,x3	 x30:0x00000000  x3:0x80009f44 x17=0x00000001
       27755000	      2774	800002fc	00ca8d33	add	x26,x21,x12	 x21:0xeac1b000 x12:0x000005c4 x26=0xeac1b5c4
       27765000	      2775	80000300	00000013	addi	x0,x0,0	  x0:0x00000000
       27775000	      2776	80000304	00136263	bltu	x6,x1,80000308	  x6:0x00000000  x1:0x800002b4
       27785000	      2777	00000000	00000013	addi	x0,x0,0	  x0:0x00000000
       27795000	      2778	80000304	00000013	addi	x0,x0,0	  x0:0x00000000
       27805000	      2779	80000308	3db59a37	lui	x20,0x3db59	 x20=0x3db59000
       27815000	      2780	8000030c	00b1fd33	and	x26,x3,x11	  x3:0x80009f44 x11:0xe1aa85be x26=0x80008504
       27825000	      2781	80000310	018d8663	beq	x27,x24,8000031c	 x27:0x00000000 x24:0x00000001
       27835000	      2782	80000314	41270cb3	sub	x25,x14,x18	 x14:0x00000001 x18:0xfffffce4 x25=0x0000031d
       27845000	      2783	80000318	d8c5e193	ori	x3,x11,-628	 x11:0xe1aa85be  x3=0xfffffdbe
       27855000	      2784	8000031c	00bc60b3	or	x1,x24,x11	 x24:0x00000001 x11:0xe1aa85be  x1=0xe1aa85bf
       27865000	      2785	80000320	05541863	bne	x8,x21,80000370	  x8:0x00000000 x21:0xeac1b000
       27875000	      2786	00000000	00000013	addi	x0,x0,0	  x0:0x00000000
       27885000	      2787	8000036c	00000013	addi	x0,x0,0	  x0:0x00000000
       27895000	      2788	80000370	00000013	addi	x0,x0,0	  x0:0x00000000
       27905000	      2789	80000374	00f59713	slli	x14,x11,0xf	 x11:0xe1aa85be x14=0x42df0000
       27915000	      2790	80000378	01993c33	sltu	x24,x18,x25	 x18:0xfffffce4 x25:0x0000031d x24=0x00000000
       27925000	      2791	8000037c	06a5d263	bge	x11,x10,800003e0	 x11:0xe1aa85be x10:0x7a9f756f
       27935000	      2792	80000380	01815663	bge	x2,x24,8000038c	  x2:0x06b5b81f x24:0x00000000
       27945000	      2793	00000000	00000013	addi	x0,x0,0	  x0:0x00000000
       27955000	      2794	80000388	00000013	addi	x0,x0,0	  x0:0x00000000
       27965000	      2795	8000038c	0817f263	bgeu	x15,x1,80000410	 x15:0x0001aa82  x1:0xe1aa85bf
       27975000	      2796	80000390	00268733	add	x14,x13,x2	 x13:0x6b5c0370  x2:0x06b5b81f x14=0x7211bb8f
       27985000	      2797	80000394	0fca6f13	ori	x30,x20,252	 x20:0x3db59000 x30=0x3db590fc
       27995000	      2798	80000398	01560db3	add	x27,x12,x21	 x12:0x000005c4 x21:0xeac1b000 x27=0xeac1b5c4
       28005000	      2799	8000039c	d8205017	auipc	x0,0xd8205	
       28015000	      2800	800003a0	014c1d33	sll	x26,x24,x20	 x24:0x00000000 x20:0x3db59000 x26=0x00000000
       28025000	      2801	800003a4	00cb8333	add	x6,x23,x12	 x23:0x00000000 x12:0x000005c4  x6=0x000005c4
       28035000	      2802	800003a8	092c3193	sltiu	x3,x24,146	 x24:0x00000000  x3=0x00000001
       28045000	      2803	800003ac	40a6db13	srai	x22,x13,0xa	 x13:0x6b5c0370 x22=0x001ad700
       28055000	      2804	800003b0	5ef83193	sltiu	x3,x16,1519	 x16:0x00000001  x3=0x00000001
       28065000	      2805	800003b4	00000013	addi	x0,x0,0	  x0:0x00000000
       28075000	      2806	800003b8	00003e97	auipc	x29,0x3	 x29=0x800033b4
       28085000	      2807	800003bc	8f4e8e93	addi	x29,x29,-1804	 x29:0x800033b4 x29=0x80002ca8
       28095000	      2808	800003c0	430451b7	lui	x3,0x43045	  x3=0x43045000
       28105000	      2809	800003c4	01142333	slt	x6,x8,x17	  x8:0x00000000 x17:0x00000001  x6=0x00000001
       28115000	      2810	800003c8	24be8e93	addi	x29,x29,587	 x29:0x80002ca8 x29=0x80002ef3
       28125000	      2811	800003cc	00f8afb3	slt	x31,x17,x15	 x17:0x00000001 x15:0x0001aa82 x31=0x00000001
       28135000	      2812	800003d0	0088c5b3	xor	x11,x17,x8	 x17:0x00000001  x8:0x00000000 x11=0x00000001
       28145000	      2813	800003d4	0056c7b3	xor	x15,x13,x5	 x13:0x6b5c0370  x5:0x00000002 x15=0x6b5c0372
       28155000	      2814	800003d8	00f91f13	slli	x30,x18,0xf	 x18:0xfffffce4 x30=0xfe720000
       28165000	      2815	800003dc	db5e80e7	jalr	x1,x29,-587	 x29:0x80002ef3  x1=0x800003dc
       28175000	      2816	00000000	00000013	addi	x0,x0,0	  x0:0x00000000
       28185000	      2817	80002ca8	00000013	addi	x0,x0,0	  x0:0x00000000
       28195000	      2818	80002cac	bc98ac93	slti	x25,x17,-1079	 x17:0x00000001 x25=0x00000000
       28205000	      2819	80002cb0	01695eb3	srl	x29,x18,x22	 x18:0xfffffce4 x22:0x001ad700 x29=0xfffffce4
       28215000	      2820	80002cb4	fd038393	addi	x7,x7,-48	  x7:0x80009f84  x7=0x80009f54
       28225000	      2821	80002cb8	00000013	addi	x0,x0,0	  x0:0x00000000
       28235000	      2822	80002cbc	0013a223	sw	x1,4(x7)	  x7:0x80009f54  x1:0x800003dc PA:0x80009f58
       28245000	      2823	80002cc0	b87c4d13	xori	x26,x24,-1145	 x24:0x00000000 x26=0xfffffb87
       28255000	      2824	80002cc4	0101ab33	slt	x22,x3,x16	  x3:0x43045000 x16:0x00000001 x22=0x00000000
       28265000	      2825	80002cc8	53d68593	addi	x11,x13,1341	 x13:0x6b5c0370 x11=0x6b5c08ad
       28275000	      2826	80002ccc	00031633	sll	x12,x6,x0	  x6:0x00000001  x0:0x00000000 x12=0x00000001
       28285000	      2827	80002cd0	400fde93	srai	x29,x31,0x0	 x31:0x00000001 x29=0x00000001
       28295000	      2828	80002cd4	017d9133	sll	x2,x27,x23	 x27:0xeac1b5c4 x23:0x00000000  x2=0xeac1b5c4
       28305000	      2829	80002cd8	ff600613	addi	x12,x0,-10	  x0:0x00000000 x12=0xfffffff6
       28315000	      2830	80002cdc	00f00713	addi	x14,x0,15	  x0:0x00000000 x14=0x0000000f
       28325000	      2831	80002ce0	00ce3b33	sltu	x22,x28,x12	 x28:0x80009fc4 x12:0xfffffff6 x22=0x00000001
       28335000	      2832	80002ce4	d2b00a93	addi	x21,x0,-725	  x0:0x00000000 x21=0xfffffd2b
       28345000	      2833	80002ce8	010b47b3	xor	x15,x22,x16	 x22:0x00000001 x16:0x00000001 x15=0x00000000
       28355000	      2834	80002cec	00160613	addi	x12,x12,1	 x12:0xfffffff6 x12=0xfffffff7
       28365000	      2835	80002cf0	fee64ae3	blt	x12,x14,80002ce4	 x12:0xfffffff7 x14:0x0000000f
       28375000	      2836	00000000	00000013	addi	x0,x0,0	  x0:0x00000000
       28385000	      2837	80002ce0	00000013	addi	x0,x0,0	  x0:0x00000000
       28395000	      2838	80002ce4	d2b00a93	addi	x21,x0,-725	  x0:0x00000000 x21=0xfffffd2b
       28405000	      2839	80002ce8	010b47b3	xor	x15,x22,x16	 x22:0x00000001 x16:0x00000001 x15=0x00000000
       28415000	      2840	80002cec	00160613	addi	x12,x12,1	 x12:0xfffffff7 x12=0xfffffff8
       28425000	      2841	80002cf0	fee64ae3	blt	x12,x14,80002ce4	 x12:0xfffffff8 x14:0x0000000f
       28435000	      2842	00000000	00000013	addi	x0,x0,0	  x0:0x00000000
       28445000	      2843	80002ce0	00000013	addi	x0,x0,0	  x0:0x00000000
       28455000	      2844	80002ce4	d2b00a93	addi	x21,x0,-725	  x0:0x00000000 x21=0xfffffd2b
       28465000	      2845	80002ce8	010b47b3	xor	x15,x22,x16	 x22:0x00000001 x16:0x00000001 x15=0x00000000
       28475000	      2846	80002cec	00160613	addi	x12,x12,1	 x12:0xfffffff8 x12=0xfffffff9
       28485000	      2847	80002cf0	fee64ae3	blt	x12,x14,80002ce4	 x12:0xfffffff9 x14:0x0000000f
       28495000	      2848	00000000	00000013	addi	x0,x0,0	  x0:0x00000000
       28505000	      2849	80002ce0	00000013	addi	x0,x0,0	  x0:0x00000000
       28515000	      2850	80002ce4	d2b00a93	addi	x21,x0,-725	  x0:0x00000000 x21=0xfffffd2b
       28525000	      2851	80002ce8	010b47b3	xor	x15,x22,x16	 x22:0x00000001 x16:0x00000001 x15=0x00000000
       28535000	      2852	80002cec	00160613	addi	x12,x12,1	 x12:0xfffffff9 x12=0xfffffffa
       28545000	      2853	80002cf0	fee64ae3	blt	x12,x14,80002ce4	 x12:0xfffffffa x14:0x0000000f
       28555000	      2854	00000000	00000013	addi	x0,x0,0	  x0:0x00000000
       28565000	      2855	80002ce0	00000013	addi	x0,x0,0	  x0:0x00000000
       28575000	      2856	80002ce4	d2b00a93	addi	x21,x0,-725	  x0:0x00000000 x21=0xfffffd2b
       28585000	      2857	80002ce8	010b47b3	xor	x15,x22,x16	 x22:0x00000001 x16:0x00000001 x15=0x00000000
       28595000	      2858	80002cec	00160613	addi	x12,x12,1	 x12:0xfffffffa x12=0xfffffffb
       28605000	      2859	80002cf0	fee64ae3	blt	x12,x14,80002ce4	 x12:0xfffffffb x14:0x0000000f
       28615000	      2860	00000000	00000013	addi	x0,x0,0	  x0:0x00000000
       28625000	      2861	80002ce0	00000013	addi	x0,x0,0	  x0:0x00000000
       28635000	      2862	80002ce4	d2b00a93	addi	x21,x0,-725	  x0:0x00000000 x21=0xfffffd2b
       28645000	      2863	80002ce8	010b47b3	xor	x15,x22,x16	 x22:0x00000001 x16:0x00000001 x15=0x00000000
       28655000	      2864	80002cec	00160613	addi	x12,x12,1	 x12:0xfffffffb x12=0xfffffffc
       28665000	      2865	80002cf0	fee64ae3	blt	x12,x14,80002ce4	 x12:0xfffffffc x14:0x0000000f
       28675000	      2866	00000000	00000013	addi	x0,x0,0	  x0:0x00000000
       28685000	      2867	80002ce0	00000013	addi	x0,x0,0	  x0:0x00000000
       28695000	      2868	80002ce4	d2b00a93	addi	x21,x0,-725	  x0:0x00000000 x21=0xfffffd2b
       28705000	      2869	80002ce8	010b47b3	xor	x15,x22,x16	 x22:0x00000001 x16:0x00000001 x15=0x00000000
       28715000	      2870	80002cec	00160613	addi	x12,x12,1	 x12:0xfffffffc x12=0xfffffffd
       28725000	      2871	80002cf0	fee64ae3	blt	x12,x14,80002ce4	 x12:0xfffffffd x14:0x0000000f
       28735000	      2872	00000000	00000013	addi	x0,x0,0	  x0:0x00000000
       28745000	      2873	80002ce0	00000013	addi	x0,x0,0	  x0:0x00000000
       28755000	      2874	80002ce4	d2b00a93	addi	x21,x0,-725	  x0:0x00000000 x21=0xfffffd2b
       28765000	      2875	80002ce8	010b47b3	xor	x15,x22,x16	 x22:0x00000001 x16:0x00000001 x15=0x00000000
       28775000	      2876	80002cec	00160613	addi	x12,x12,1	 x12:0xfffffffd x12=0xfffffffe
       28785000	      2877	80002cf0	fee64ae3	blt	x12,x14,80002ce4	 x12:0xfffffffe x14:0x0000000f
       28795000	      2878	00000000	00000013	addi	x0,x0,0	  x0:0x00000000
       28805000	      2879	80002ce0	00000013	addi	x0,x0,0	  x0:0x00000000
       28815000	      2880	80002ce4	d2b00a93	addi	x21,x0,-725	  x0:0x00000000 x21=0xfffffd2b
       28825000	      2881	80002ce8	010b47b3	xor	x15,x22,x16	 x22:0x00000001 x16:0x00000001 x15=0x00000000
       28835000	      2882	80002cec	00160613	addi	x12,x12,1	 x12:0xfffffffe x12=0xffffffff
       28845000	      2883	80002cf0	fee64ae3	blt	x12,x14,80002ce4	 x12:0xffffffff x14:0x0000000f
       28855000	      2884	00000000	00000013	addi	x0,x0,0	  x0:0x00000000
       28865000	      2885	80002ce0	00000013	addi	x0,x0,0	  x0:0x00000000
       28875000	      2886	80002ce4	d2b00a93	addi	x21,x0,-725	  x0:0x00000000 x21=0xfffffd2b
       28885000	      2887	80002ce8	010b47b3	xor	x15,x22,x16	 x22:0x00000001 x16:0x00000001 x15=0x00000000
       28895000	      2888	80002cec	00160613	addi	x12,x12,1	 x12:0xffffffff x12=0x00000000
       28905000	      2889	80002cf0	fee64ae3	blt	x12,x14,80002ce4	 x12:0x00000000 x14:0x0000000f
       28915000	      2890	00000000	00000013	addi	x0,x0,0	  x0:0x00000000
       28925000	      2891	80002ce0	00000013	addi	x0,x0,0	  x0:0x00000000
       28935000	      2892	80002ce4	d2b00a93	addi	x21,x0,-725	  x0:0x00000000 x21=0xfffffd2b
       28945000	      2893	80002ce8	010b47b3	xor	x15,x22,x16	 x22:0x00000001 x16:0x00000001 x15=0x00000000
       28955000	      2894	80002cec	00160613	addi	x12,x12,1	 x12:0x00000000 x12=0x00000001
       28965000	      2895	80002cf0	fee64ae3	blt	x12,x14,80002ce4	 x12:0x00000001 x14:0x0000000f
       28975000	      2896	00000000	00000013	addi	x0,x0,0	  x0:0x00000000
       28985000	      2897	80002ce0	00000013	addi	x0,x0,0	  x0:0x00000000
       28995000	      2898	80002ce4	d2b00a93	addi	x21,x0,-725	  x0:0x00000000 x21=0xfffffd2b
       29005000	      2899	80002ce8	010b47b3	xor	x15,x22,x16	 x22:0x00000001 x16:0x00000001 x15=0x00000000
       29015000	      2900	80002cec	00160613	addi	x12,x12,1	 x12:0x00000001 x12=0x00000002
       29025000	      2901	80002cf0	fee64ae3	blt	x12,x14,80002ce4	 x12:0x00000002 x14:0x0000000f
       29035000	      2902	00000000	00000013	addi	x0,x0,0	  x0:0x00000000
       29045000	      2903	80002ce0	00000013	addi	x0,x0,0	  x0:0x00000000
       29055000	      2904	80002ce4	d2b00a93	addi	x21,x0,-725	  x0:0x00000000 x21=0xfffffd2b
       29065000	      2905	80002ce8	010b47b3	xor	x15,x22,x16	 x22:0x00000001 x16:0x00000001 x15=0x00000000
       29075000	      2906	80002cec	00160613	addi	x12,x12,1	 x12:0x00000002 x12=0x00000003
       29085000	      2907	80002cf0	fee64ae3	blt	x12,x14,80002ce4	 x12:0x00000003 x14:0x0000000f
       29095000	      2908	00000000	00000013	addi	x0,x0,0	  x0:0x00000000
       29105000	      2909	80002ce0	00000013	addi	x0,x0,0	  x0:0x00000000
       29115000	      2910	80002ce4	d2b00a93	addi	x21,x0,-725	  x0:0x00000000 x21=0xfffffd2b
       29125000	      2911	80002ce8	010b47b3	xor	x15,x22,x16	 x22:0x00000001 x16:0x00000001 x15=0x00000000
       29135000	      2912	80002cec	00160613	addi	x12,x12,1	 x12:0x00000003 x12=0x00000004
       29145000	      2913	80002cf0	fee64ae3	blt	x12,x14,80002ce4	 x12:0x00000004 x14:0x0000000f
       29155000	      2914	00000000	00000013	addi	x0,x0,0	  x0:0x00000000
       29165000	      2915	80002ce0	00000013	addi	x0,x0,0	  x0:0x00000000
       29175000	      2916	80002ce4	d2b00a93	addi	x21,x0,-725	  x0:0x00000000 x21=0xfffffd2b
       29185000	      2917	80002ce8	010b47b3	xor	x15,x22,x16	 x22:0x00000001 x16:0x00000001 x15=0x00000000
       29195000	      2918	80002cec	00160613	addi	x12,x12,1	 x12:0x00000004 x12=0x00000005
       29205000	      2919	80002cf0	fee64ae3	blt	x12,x14,80002ce4	 x12:0x00000005 x14:0x0000000f
       29215000	      2920	00000000	00000013	addi	x0,x0,0	  x0:0x00000000
       29225000	      2921	80002ce0	00000013	addi	x0,x0,0	  x0:0x00000000
       29235000	      2922	80002ce4	d2b00a93	addi	x21,x0,-725	  x0:0x00000000 x21=0xfffffd2b
       29245000	      2923	80002ce8	010b47b3	xor	x15,x22,x16	 x22:0x00000001 x16:0x00000001 x15=0x00000000
       29255000	      2924	80002cec	00160613	addi	x12,x12,1	 x12:0x00000005 x12=0x00000006
       29265000	      2925	80002cf0	fee64ae3	blt	x12,x14,80002ce4	 x12:0x00000006 x14:0x0000000f
       29275000	      2926	00000000	00000013	addi	x0,x0,0	  x0:0x00000000
       29285000	      2927	80002ce0	00000013	addi	x0,x0,0	  x0:0x00000000
       29295000	      2928	80002ce4	d2b00a93	addi	x21,x0,-725	  x0:0x00000000 x21=0xfffffd2b
       29305000	      2929	80002ce8	010b47b3	xor	x15,x22,x16	 x22:0x00000001 x16:0x00000001 x15=0x00000000
       29315000	      2930	80002cec	00160613	addi	x12,x12,1	 x12:0x00000006 x12=0x00000007
       29325000	      2931	80002cf0	fee64ae3	blt	x12,x14,80002ce4	 x12:0x00000007 x14:0x0000000f
       29335000	      2932	00000000	00000013	addi	x0,x0,0	  x0:0x00000000
       29345000	      2933	80002ce0	00000013	addi	x0,x0,0	  x0:0x00000000
       29355000	      2934	80002ce4	d2b00a93	addi	x21,x0,-725	  x0:0x00000000 x21=0xfffffd2b
       29365000	      2935	80002ce8	010b47b3	xor	x15,x22,x16	 x22:0x00000001 x16:0x00000001 x15=0x00000000
       29375000	      2936	80002cec	00160613	addi	x12,x12,1	 x12:0x00000007 x12=0x00000008
       29385000	      2937	80002cf0	fee64ae3	blt	x12,x14,80002ce4	 x12:0x00000008 x14:0x0000000f
       29395000	      2938	00000000	00000013	addi	x0,x0,0	  x0:0x00000000
       29405000	      2939	80002ce0	00000013	addi	x0,x0,0	  x0:0x00000000
       29415000	      2940	80002ce4	d2b00a93	addi	x21,x0,-725	  x0:0x00000000 x21=0xfffffd2b
       29425000	      2941	80002ce8	010b47b3	xor	x15,x22,x16	 x22:0x00000001 x16:0x00000001 x15=0x00000000
       29435000	      2942	80002cec	00160613	addi	x12,x12,1	 x12:0x00000008 x12=0x00000009
       29445000	      2943	80002cf0	fee64ae3	blt	x12,x14,80002ce4	 x12:0x00000009 x14:0x0000000f
       29455000	      2944	00000000	00000013	addi	x0,x0,0	  x0:0x00000000
       29465000	      2945	80002ce0	00000013	addi	x0,x0,0	  x0:0x00000000
       29475000	      2946	80002ce4	d2b00a93	addi	x21,x0,-725	  x0:0x00000000 x21=0xfffffd2b
       29485000	      2947	80002ce8	010b47b3	xor	x15,x22,x16	 x22:0x00000001 x16:0x00000001 x15=0x00000000
       29495000	      2948	80002cec	00160613	addi	x12,x12,1	 x12:0x00000009 x12=0x0000000a
       29505000	      2949	80002cf0	fee64ae3	blt	x12,x14,80002ce4	 x12:0x0000000a x14:0x0000000f
       29515000	      2950	00000000	00000013	addi	x0,x0,0	  x0:0x00000000
       29525000	      2951	80002ce0	00000013	addi	x0,x0,0	  x0:0x00000000
       29535000	      2952	80002ce4	d2b00a93	addi	x21,x0,-725	  x0:0x00000000 x21=0xfffffd2b
       29545000	      2953	80002ce8	010b47b3	xor	x15,x22,x16	 x22:0x00000001 x16:0x00000001 x15=0x00000000
       29555000	      2954	80002cec	00160613	addi	x12,x12,1	 x12:0x0000000a x12=0x0000000b
       29565000	      2955	80002cf0	fee64ae3	blt	x12,x14,80002ce4	 x12:0x0000000b x14:0x0000000f
       29575000	      2956	00000000	00000013	addi	x0,x0,0	  x0:0x00000000
       29585000	      2957	80002ce0	00000013	addi	x0,x0,0	  x0:0x00000000
       29595000	      2958	80002ce4	d2b00a93	addi	x21,x0,-725	  x0:0x00000000 x21=0xfffffd2b
       29605000	      2959	80002ce8	010b47b3	xor	x15,x22,x16	 x22:0x00000001 x16:0x00000001 x15=0x00000000
       29615000	      2960	80002cec	00160613	addi	x12,x12,1	 x12:0x0000000b x12=0x0000000c
       29625000	      2961	80002cf0	fee64ae3	blt	x12,x14,80002ce4	 x12:0x0000000c x14:0x0000000f
       29635000	      2962	00000000	00000013	addi	x0,x0,0	  x0:0x00000000
       29645000	      2963	80002ce0	00000013	addi	x0,x0,0	  x0:0x00000000
       29655000	      2964	80002ce4	d2b00a93	addi	x21,x0,-725	  x0:0x00000000 x21=0xfffffd2b
       29665000	      2965	80002ce8	010b47b3	xor	x15,x22,x16	 x22:0x00000001 x16:0x00000001 x15=0x00000000
       29675000	      2966	80002cec	00160613	addi	x12,x12,1	 x12:0x0000000c x12=0x0000000d
       29685000	      2967	80002cf0	fee64ae3	blt	x12,x14,80002ce4	 x12:0x0000000d x14:0x0000000f
       29695000	      2968	00000000	00000013	addi	x0,x0,0	  x0:0x00000000
       29705000	      2969	80002ce0	00000013	addi	x0,x0,0	  x0:0x00000000
       29715000	      2970	80002ce4	d2b00a93	addi	x21,x0,-725	  x0:0x00000000 x21=0xfffffd2b
       29725000	      2971	80002ce8	010b47b3	xor	x15,x22,x16	 x22:0x00000001 x16:0x00000001 x15=0x00000000
       29735000	      2972	80002cec	00160613	addi	x12,x12,1	 x12:0x0000000d x12=0x0000000e
       29745000	      2973	80002cf0	fee64ae3	blt	x12,x14,80002ce4	 x12:0x0000000e x14:0x0000000f
       29755000	      2974	00000000	00000013	addi	x0,x0,0	  x0:0x00000000
       29765000	      2975	80002ce0	00000013	addi	x0,x0,0	  x0:0x00000000
       29775000	      2976	80002ce4	d2b00a93	addi	x21,x0,-725	  x0:0x00000000 x21=0xfffffd2b
       29785000	      2977	80002ce8	010b47b3	xor	x15,x22,x16	 x22:0x00000001 x16:0x00000001 x15=0x00000000
       29795000	      2978	80002cec	00160613	addi	x12,x12,1	 x12:0x0000000e x12=0x0000000f
       29805000	      2979	80002cf0	fee64ae3	blt	x12,x14,80002ce4	 x12:0x0000000f x14:0x0000000f
       29815000	      2980	80002cf4	01ff79b3	and	x19,x30,x31	 x30:0xfe720000 x31:0x00000001 x19=0x00000000
       29825000	      2981	80002cf8	0d336213	ori	x4,x6,211	  x6:0x00000001  x4=0x000000d3
       29835000	      2982	80002cfc	01d8e663	bltu	x17,x29,80002d08	 x17:0x00000001 x29:0x00000001
       29845000	      2983	80002d00	00b24bb3	xor	x23,x4,x11	  x4:0x000000d3 x11:0x6b5c08ad x23=0x6b5c087e
       29855000	      2984	80002d04	41b7d893	srai	x17,x15,0x1b	 x15:0x00000000 x17=0x00000000
       29865000	      2985	80002d08	9c987713	andi	x14,x16,-1591	 x16:0x00000001 x14=0x00000001
       29875000	      2986	80002d0c	41835a13	srai	x20,x6,0x18	  x6:0x00000001 x20=0x00000000
       29885000	      2987	80002d10	05540663	beq	x8,x21,80002d5c	  x8:0x00000000 x21:0xfffffd2b
       29895000	      2988	80002d14	00e57433	and	x8,x10,x14	 x10:0x7a9f756f x14:0x00000001  x8=0x00000001
       29905000	      2989	80002d18	01d46863	bltu	x8,x29,80002d28	  x8:0x00000001 x29:0x00000001
       29915000	      2990	80002d1c	02461a63	bne	x12,x4,80002d50	 x12:0x0000000f  x4:0x000000d3
       29925000	      2991	00000000	00000013	addi	x0,x0,0	  x0:0x00000000
       29935000	      2992	80002d4c	00000013	addi	x0,x0,0	  x0:0x00000000
       29945000	      2993	80002d50	c1a1e413	ori	x8,x3,-998	  x3:0x43045000  x8=0xfffffc1a
       29955000	      2994	80002d54	03b05263	bge	x0,x27,80002d78	  x0:0x00000000 x27:0xeac1b5c4
       29965000	      2995	00000000	00000013	addi	x0,x0,0	  x0:0x00000000
       29975000	      2996	80002d74	00000013	addi	x0,x0,0	  x0:0x00000000
       29985000	      2997	80002d78	00309013	slli	x0,x1,0x3	  x1:0x800003dc
       29995000	      2998	80002d7c	02ec1663	bne	x24,x14,80002da8	 x24:0x00000000 x14:0x00000001
       30005000	      2999	00000000	00000013	addi	x0,x0,0	  x0:0x00000000
       30015000	      3000	80002da4	00000013	addi	x0,x0,0	  x0:0x00000000
       30025000	      3001	80002da8	030f0863	beq	x30,x16,80002dd8	 x30:0xfe720000 x16:0x00000001
       30035000	      3002	80002dac	010a8c63	beq	x21,x16,80002dc4	 x21:0xfffffd2b x16:0x00000001
       30045000	      3003	80002db0	1a776917	auipc	x18,0x1a776	 x18=0x9a778dac
       30055000	      3004	80002db4	00c01d33	sll	x26,x0,x12	  x0:0x00000000 x12:0x0000000f x26=0x00000000
       30065000	      3005	80002db8	40070333	sub	x6,x14,x0	 x14:0x00000001  x0:0x00000000  x6=0x00000001
       30075000	      3006	80002dbc	1d3bad13	slti	x26,x23,467	 x23:0x6b5c087e x26=0x00000000
       30085000	      3007	80002dc0	7a950b17	auipc	x22,0x7a950	 x22=0xfa952dbc
       30095000	      3008	80002dc4	00a0ea63	bltu	x1,x10,80002dd8	  x1:0x800003dc x10:0x7a9f756f
       30105000	      3009	80002dc8	00fc5863	bge	x24,x15,80002dd8	 x24:0x00000000 x15:0x00000000
       30115000	      3010	00000000	00000013	addi	x0,x0,0	  x0:0x00000000
       30125000	      3011	80002dd4	00000013	addi	x0,x0,0	  x0:0x00000000
       30135000	      3012	80002dd8	00000013	addi	x0,x0,0	  x0:0x00000000
       30145000	      3013	80002ddc	411c57b3	sra	x15,x24,x17	 x24:0x00000000 x17:0x00000000 x15=0x00000000
       30155000	      3014	80002de0	00000013	addi	x0,x0,0	  x0:0x00000000
       30165000	      3015	80002de4	7fb2a813	slti	x16,x5,2043	  x5:0x00000002 x16=0x00000001
       30175000	      3016	80002de8	0043a083	lw	x1,4(x7)	  x7:0x80009f54  x1=0x800003dc PA:0x80009f58
       30185000	      3017	80002dec	004a8f33	add	x30,x21,x4	 x21:0xfffffd2b  x4:0x000000d3 x30=0xfffffdfe
       30195000	      3018	80002df0	03038393	addi	x7,x7,48	  x7:0x80009f54  x7=0x80009f84
       30205000	      3019	80002df4	408a4913	xori	x18,x20,1032	 x20:0x00000000 x18=0x00000408
       30215000	      3020	80002df8	74da6a93	ori	x21,x20,1869	 x20:0x00000000 x21=0x0000074d
       30225000	      3021	80002dfc	00008b13	addi	x22,x1,0	  x1:0x800003dc x22=0x800003dc
       30235000	      3022	80002e00	000b0b67	jalr	x22,x22,0	 x22:0x800003dc x22=0x80002e00
       30245000	      3023	00000000	00000013	addi	x0,x0,0	  x0:0x00000000
       30255000	      3024	800003dc	00000013	addi	x0,x0,0	  x0:0x00000000
       30265000	      3025	800003e0	0198cf33	xor	x30,x17,x25	 x17:0x00000000 x25:0x00000000 x30=0x00000000
       30275000	      3026	800003e4	00acd663	bge	x25,x10,800003f0	 x25:0x00000000 x10:0x7a9f756f
       30285000	      3027	800003e8	bb3f7c93	andi	x25,x30,-1101	 x30:0x00000000 x25=0x00000000
       30295000	      3028	800003ec	02c4e263	bltu	x9,x12,80000410	  x9:0x470a2000 x12:0x0000000f
       30305000	      3029	800003f0	0128ab33	slt	x22,x17,x18	 x17:0x00000000 x18:0x00000408 x22=0x00000001
       30315000	      3030	800003f4	41bed813	srai	x16,x29,0x1b	 x29:0x00000001 x16=0x00000000
       30325000	      3031	800003f8	00d99633	sll	x12,x19,x13	 x19:0x00000000 x13:0x6b5c0370 x12=0x00000000
       30335000	      3032	800003fc	40aed4b3	sra	x9,x29,x10	 x29:0x00000001 x10:0x7a9f756f  x9=0x00000000
       30345000	      3033	80000400	2a2fef13	ori	x30,x31,674	 x31:0x00000001 x30=0x000002a3
       30355000	      3034	80000404	1b0a2593	slti	x11,x20,432	 x20:0x00000000 x11=0x00000001
       30365000	      3035	80000408	46d9c013	xori	x0,x19,1133	 x19:0x00000000
       30375000	      3036	8000040c	fdef3113	sltiu	x2,x30,-34	 x30:0x000002a3  x2=0x00000001
       30385000	      3037	80000410	724ca5b7	lui	x11,0x724ca	 x11=0x724ca000
       30395000	      3038	80000414	cac44313	xori	x6,x8,-852	  x8:0xfffffc1a  x6=0x000000b6
       30405000	      3039	80000418	01f77eb3	and	x29,x14,x31	 x14:0x00000001 x31:0x00000001 x29=0x00000001
       30415000	      3040	8000041c	40745793	srai	x15,x8,0x7	  x8:0xfffffc1a x15=0xfffffff8
       30425000	      3041	80000420	04a91063	bne	x18,x10,80000460	 x18:0x00000408 x10:0x7a9f756f
       30435000	      3042	00000000	00000013	addi	x0,x0,0	  x0:0x00000000
       30445000	      3043	8000045c	00000013	addi	x0,x0,0	  x0:0x00000000
       30455000	      3044	80000460	01db7663	bgeu	x22,x29,8000046c	 x22:0x00000001 x29:0x00000001
       30465000	      3045	00000000	00000013	addi	x0,x0,0	  x0:0x00000000
       30475000	      3046	80000468	00000013	addi	x0,x0,0	  x0:0x00000000
       30485000	      3047	8000046c	417202b3	sub	x5,x4,x23	  x4:0x000000d3 x23:0x6b5c087e  x5=0x94a3f855
       30495000	      3048	80000470	0158f233	and	x4,x17,x21	 x17:0x00000000 x21:0x0000074d  x4=0x00000000
       30505000	      3049	80000474	405e5c93	srai	x25,x28,0x5	 x28:0x80009fc4 x25=0xfc0004fe
       30515000	      3050	80000478	0023e933	or	x18,x7,x2	  x7:0x80009f84  x2:0x00000001 x18=0x80009f85
       30525000	      3051	8000047c	003ff133	and	x2,x31,x3	 x31:0x00000001  x3:0x43045000  x2=0x00000000
       30535000	      3052	80000480	40ba5213	srai	x4,x20,0xb	 x20:0x00000000  x4=0x00000000
       30545000	      3053	80000484	01285613	srli	x12,x16,0x12	 x16:0x00000000 x12=0x00000000
       30555000	      3054	80000488	009b9b33	sll	x22,x23,x9	 x23:0x6b5c087e  x9:0x00000000 x22=0x6b5c087e
       30565000	      3055	8000048c	2b57bd13	sltiu	x26,x15,693	 x15:0xfffffff8 x26=0x00000000
       30575000	      3056	80000490	00341813	slli	x16,x8,0x3	  x8:0xfffffc1a x16=0xffffe0d0
       30585000	      3057	80000494	da28b693	sltiu	x13,x17,-606	 x17:0x00000000 x13=0x00000001
       30595000	      3058	80000498	00000517	auipc	x10,0x0	 x10=0x80000494
       30605000	      3059	8000049c	00c50513	addi	x10,x10,12	 x10:0x80000494 x10=0x800004a0
       30615000	      3060	800004a0	00050067	jalr	x0,x10,0	 x10:0x800004a0
       30625000	      3061	00000000	00000013	addi	x0,x0,0	  x0:0x00000000
       30635000	      3062	800004a0	00000013	addi	x0,x0,0	  x0:0x00000000
       30645000	      3063	800004a4	00100193	addi	x3,x0,1	  x0:0x00000000  x3=0x00000001
       30655000	      3064	800004a8	00000073	ecall	
       30665000	      3065	800004ac	00046463	bltu	x8,x0,800004b4	  x8:0xfffffc1a  x0:0x00000000
