		Time			Cycle	PC		Insn	Decoded instruction	Register and memory contents
          65000	         5	80000004	00000293	addi	x5,x0,0	  x0:0x00000000  x5=0x00000000
          75000	         6	80000008	00000313	addi	x6,x0,0	  x0:0x00000000  x6=0x00000000
          85000	         7	8000000c	00628263	beq	x5,x6,80000010	  x5:0x00000000  x6:0x00000000
          95000	         8	00000000	00000013	addi	x0,x0,0	  x0:0x00000000
         105000	         9	8000000c	00000013	addi	x0,x0,0	  x0:0x00000000
         115000	        10	80000010	00000117	auipc	x2,0x0	  x2=0x8000000c
         125000	        11	80000014	00c10113	addi	x2,x2,12	  x2:0x8000000c  x2=0x80000018
         135000	        12	80000018	00010067	jalr	x0,x2,0	  x2:0x80000018
         145000	        13	00000000	00000013	addi	x0,x0,0	  x0:0x00000000
         155000	        14	80000018	00000013	addi	x0,x0,0	  x0:0x00000000
         165000	        15	8000001c	400008b7	lui	x17,0x40000	 x17=0x40000000
         175000	        16	80000020	10088893	addi	x17,x17,256	 x17:0x40000000 x17=0x40000100
         185000	        17	80000024	00000013	addi	x0,x0,0	  x0:0x00000000
         195000	        18	80000028	0000ae17	auipc	x28,0xa	 x28=0x8000a024
         205000	        19	8000002c	fa0e0e13	addi	x28,x28,-96	 x28:0x8000a024 x28=0x80009fc4
         215000	        20	80000030	00003897	auipc	x17,0x3	 x17=0x8000302c
         225000	        21	80000034	ef088893	addi	x17,x17,-272	 x17:0x8000302c x17=0x80002f1c
         235000	        22	80000038	0008e893	ori	x17,x17,0	 x17:0x80002f1c x17=0x80002f1c
         245000	        23	8000003c	00000013	addi	x0,x0,0	  x0:0x00000000
         255000	        24	80000040	00000897	auipc	x17,0x0	 x17=0x8000003c
         265000	        25	80000044	02088893	addi	x17,x17,32	 x17:0x8000003c x17=0x8000005c
         275000	        26	80000048	00000013	addi	x0,x0,0	  x0:0x00000000
         285000	        27	8000004c	00000013	addi	x0,x0,0	  x0:0x00000000
         295000	        28	80000050	000028b7	lui	x17,0x2	 x17=0x00002000
         305000	        29	80000054	80088893	addi	x17,x17,-2048	 x17:0x00002000 x17=0x00001800
         315000	        30	80000058	00000013	addi	x0,x0,0	  x0:0x00000000
         325000	        31	8000005c	00000013	addi	x0,x0,0	  x0:0x00000000
         335000	        32	80000060	80000037	lui	x0,0x80000	
         345000	        33	80000064	00000013	addi	x0,x0,0	  x0:0x00000000
         355000	        34	80000068	00000093	addi	x1,x0,0	  x0:0x00000000  x1=0x00000000
         365000	        35	8000006c	00200113	addi	x2,x0,2	  x0:0x00000000  x2=0x00000002
         375000	        36	80000070	97a0e1b7	lui	x3,0x97a0e	  x3=0x97a0e000
         385000	        37	80000074	75b18193	addi	x3,x3,1883	  x3:0x97a0e000  x3=0x97a0e75b
         395000	        38	80000078	00000213	addi	x4,x0,0	  x0:0x00000000  x4=0x00000000
         405000	        39	8000007c	00b00293	addi	x5,x0,11	  x0:0x00000000  x5=0x0000000b
         415000	        40	80000080	80000337	lui	x6,0x80000	  x6=0x80000000
         425000	        41	80000084	e050c437	lui	x8,0xe050c	  x8=0xe050c000
         435000	        42	80000088	a8640413	addi	x8,x8,-1402	  x8:0xe050c000  x8=0xe050ba86
         445000	        43	8000008c	800004b7	lui	x9,0x80000	  x9=0x80000000
         455000	        44	80000090	f7f38537	lui	x10,0xf7f38	 x10=0xf7f38000
         465000	        45	80000094	16250513	addi	x10,x10,354	 x10:0xf7f38000 x10=0xf7f38162
         475000	        46	80000098	00000593	addi	x11,x0,0	  x0:0x00000000 x11=0x00000000
         485000	        47	8000009c	00800613	addi	x12,x0,8	  x0:0x00000000 x12=0x00000008
         495000	        48	800000a0	800006b7	lui	x13,0x80000	 x13=0x80000000
         505000	        49	800000a4	80000737	lui	x14,0x80000	 x14=0x80000000
         515000	        50	800000a8	00f00793	addi	x15,x0,15	  x0:0x00000000 x15=0x0000000f
         525000	        51	800000ac	00400813	addi	x16,x0,4	  x0:0x00000000 x16=0x00000004
         535000	        52	800000b0	fb73e8b7	lui	x17,0xfb73e	 x17=0xfb73e000
         545000	        53	800000b4	ce088893	addi	x17,x17,-800	 x17:0xfb73e000 x17=0xfb73dce0
         555000	        54	800000b8	1ec09937	lui	x18,0x1ec09	 x18=0x1ec09000
         565000	        55	800000bc	40f90913	addi	x18,x18,1039	 x18:0x1ec09000 x18=0x1ec0940f
         575000	        56	800000c0	30b349b7	lui	x19,0x30b34	 x19=0x30b34000
         585000	        57	800000c4	00598993	addi	x19,x19,5	 x19:0x30b34000 x19=0x30b34005
         595000	        58	800000c8	80000a37	lui	x20,0x80000	 x20=0x80000000
         605000	        59	800000cc	63542ab7	lui	x21,0x63542	 x21=0x63542000
         615000	        60	800000d0	418a8a93	addi	x21,x21,1048	 x21:0x63542000 x21=0x63542418
         625000	        61	800000d4	f53eab37	lui	x22,0xf53ea	 x22=0xf53ea000
         635000	        62	800000d8	236b0b13	addi	x22,x22,566	 x22:0xf53ea000 x22=0xf53ea236
         645000	        63	800000dc	80000bb7	lui	x23,0x80000	 x23=0x80000000
         655000	        64	800000e0	f7f4ac37	lui	x24,0xf7f4a	 x24=0xf7f4a000
         665000	        65	800000e4	b15c0c13	addi	x24,x24,-1259	 x24:0xf7f4a000 x24=0xf7f49b15
         675000	        66	800000e8	00f00c93	addi	x25,x0,15	  x0:0x00000000 x25=0x0000000f
         685000	        67	800000ec	00800d13	addi	x26,x0,8	  x0:0x00000000 x26=0x00000008
         695000	        68	800000f0	f7057db7	lui	x27,0xf7057	 x27=0xf7057000
         705000	        69	800000f4	71dd8d93	addi	x27,x27,1821	 x27:0xf7057000 x27=0xf705771d
         715000	        70	800000f8	00000e93	addi	x29,x0,0	  x0:0x00000000 x29=0x00000000
         725000	        71	800000fc	00000f13	addi	x30,x0,0	  x0:0x00000000 x30=0x00000000
         735000	        72	80000100	00000f93	addi	x31,x0,0	  x0:0x00000000 x31=0x00000000
         745000	        73	80000104	0000a397	auipc	x7,0xa	  x7=0x8000a100
         755000	        74	80000108	e8438393	addi	x7,x7,-380	  x7:0x8000a100  x7=0x80009f84
         765000	        75	8000010c	00001797	auipc	x15,0x1	 x15=0x80001108
         775000	        76	80000110	54878793	addi	x15,x15,1352	 x15:0x80001108 x15=0x80001650
         785000	        77	80000114	002c60b3	or	x1,x24,x2	 x24:0xf7f49b15  x2:0x00000002  x1=0xf7f49b17
         795000	        78	80000118	40d68933	sub	x18,x13,x13	 x13:0x80000000 x13:0x80000000 x18=0x00000000
         805000	        79	8000011c	01700d33	add	x26,x0,x23	  x0:0x00000000 x23:0x80000000 x26=0x80000000
         815000	        80	80000120	01fae1b3	or	x3,x21,x31	 x21:0x63542418 x31:0x00000000  x3=0x63542418
         825000	        81	80000124	13878793	addi	x15,x15,312	 x15:0x80001650 x15=0x80001788
         835000	        82	80000128	40a75a33	sra	x20,x14,x10	 x14:0x80000000 x10:0xf7f38162 x20=0xe0000000
         845000	        83	8000012c	40b8d233	sra	x4,x17,x11	 x17:0xfb73dce0 x11:0x00000000  x4=0xfb73dce0
         855000	        84	80000130	ec9784e7	jalr	x9,x15,-311	 x15:0x80001788  x9=0x80000130
         865000	        85	00000000	00000013	addi	x0,x0,0	  x0:0x00000000
         875000	        86	80001650	00000013	addi	x0,x0,0	  x0:0x00000000
         885000	        87	80001654	01f97463	bgeu	x18,x31,8000165c	 x18:0x00000000 x31:0x00000000
         895000	        88	00000000	00000013	addi	x0,x0,0	  x0:0x00000000
         905000	        89	80001658	00000013	addi	x0,x0,0	  x0:0x00000000
         915000	        90	8000165c	fc838393	addi	x7,x7,-56	  x7:0x80009f84  x7=0x80009f4c
         925000	        91	80001660	a5476f13	ori	x30,x14,-1452	 x14:0x80000000 x30=0xfffffa54
         935000	        92	80001664	01c8e733	or	x14,x17,x28	 x17:0xfb73dce0 x28:0x80009fc4 x14=0xfb73dfe4
         945000	        93	80001668	016a7233	and	x4,x20,x22	 x20:0xe0000000 x22:0xf53ea236  x4=0xe0000000
         955000	        94	8000166c	0093a223	sw	x9,4(x7)	  x7:0x80009f4c  x9:0x80000130 PA:0x80009f50
         965000	        95	80001670	40d4d433	sra	x8,x9,x13	  x9:0x80000130 x13:0x80000000  x8=0x80000130
         975000	        96	80001674	00900813	addi	x16,x0,9	  x0:0x00000000 x16=0x00000009
         985000	        97	80001678	407a5a93	srai	x21,x20,0x7	 x20:0xe0000000 x21=0xffc00000
         995000	        98	8000167c	00919a33	sll	x20,x3,x9	  x3:0x63542418  x9:0x80000130 x20=0x24180000
        1005000	        99	80001680	0049c6b3	xor	x13,x19,x4	 x19:0x30b34005  x4:0xe0000000 x13=0xd0b34005
        1015000	       100	80001684	ff700c13	addi	x24,x0,-9	  x0:0x00000000 x24=0xfffffff7
        1025000	       101	80001688	7d877713	andi	x14,x14,2008	 x14:0xfb73dfe4 x14=0x000007c0
        1035000	       102	8000168c	01db1293	slli	x5,x22,0x1d	 x22:0xf53ea236  x5=0xc0000000
        1045000	       103	80001690	cc636d93	ori	x27,x6,-826	  x6:0x80000000 x27=0xfffffcc6
        1055000	       104	80001694	738b8913	addi	x18,x23,1848	 x23:0x80000000 x18=0x80000738
        1065000	       105	80001698	ffa80813	addi	x16,x16,-6	 x16:0x00000009 x16=0x00000003
        1075000	       106	8000169c	00b99693	slli	x13,x19,0xb	 x19:0x30b34005 x13=0x9a002800
        1085000	       107	800016a0	00f2d233	srl	x4,x5,x15	  x5:0xc0000000 x15:0x80001788  x4=0x00c00000
        1095000	       108	800016a4	c724a8b7	lui	x17,0xc724a	 x17=0xc724a000
        1105000	       109	800016a8	401c5033	sra	x0,x24,x1	 x24:0xfffffff7  x1:0xf7f49b17
        1115000	       110	800016ac	ffb00e93	addi	x29,x0,-5	  x0:0x00000000 x29=0xfffffffb
        1125000	       111	800016b0	00ecd033	srl	x0,x25,x14	 x25:0x0000000f x14:0x000007c0
        1135000	       112	800016b4	00d00b13	addi	x22,x0,13	  x0:0x00000000 x22=0x0000000d
        1145000	       113	800016b8	6396ab93	slti	x23,x13,1593	 x13:0x9a002800 x23=0x00000001
        1155000	       114	800016bc	60daac93	slti	x25,x21,1549	 x21:0xffc00000 x25=0x00000001
        1165000	       115	800016c0	eb6f7693	andi	x13,x30,-330	 x30:0xfffffa54 x13=0xfffffa14
        1175000	       116	800016c4	009e8e93	addi	x29,x29,9	 x29:0xfffffffb x29=0x00000004
        1185000	       117	800016c8	99cf6993	ori	x19,x30,-1636	 x30:0xfffffa54 x19=0xfffffbdc
        1195000	       118	800016cc	0132d8b3	srl	x17,x5,x19	  x5:0xc0000000 x19:0xfffffbdc x17=0x0000000c
        1205000	       119	800016d0	0050f6b3	and	x13,x1,x5	  x1:0xf7f49b17  x5:0xc0000000 x13=0xc0000000
        1215000	       120	800016d4	005ced33	or	x26,x25,x5	 x25:0x00000001  x5:0xc0000000 x26=0xc0000001
        1225000	       121	800016d8	00161293	slli	x5,x12,0x1	 x12:0x00000008  x5=0x00000010
        1235000	       122	800016dc	ff6e80e3	beq	x29,x22,800016bc	 x29:0x00000004 x22:0x0000000d
        1245000	       123	800016e0	c1906693	ori	x13,x0,-999	  x0:0x00000000 x13=0xfffffc19
        1255000	       124	800016e4	8427aa93	slti	x21,x15,-1982	 x15:0x80001788 x21=0x00000001
        1265000	       125	800016e8	01bde8b3	or	x17,x27,x27	 x27:0xfffffcc6 x27:0xfffffcc6 x17=0xfffffcc6
        1275000	       126	800016ec	f9885ee3	bge	x16,x24,80001688	 x16:0x00000003 x24:0xfffffff7
        1285000	       127	00000000	00000013	addi	x0,x0,0	  x0:0x00000000
        1295000	       128	80001684	00000013	addi	x0,x0,0	  x0:0x00000000
        1305000	       129	80001688	7d877713	andi	x14,x14,2008	 x14:0x000007c0 x14=0x000007c0
        1315000	       130	8000168c	01db1293	slli	x5,x22,0x1d	 x22:0x0000000d  x5=0xa0000000
        1325000	       131	80001690	cc636d93	ori	x27,x6,-826	  x6:0x80000000 x27=0xfffffcc6
        1335000	       132	80001694	738b8913	addi	x18,x23,1848	 x23:0x00000001 x18=0x00000739
        1345000	       133	80001698	ffa80813	addi	x16,x16,-6	 x16:0x00000003 x16=0xfffffffd
        1355000	       134	8000169c	00b99693	slli	x13,x19,0xb	 x19:0xfffffbdc x13=0xffdee000
        1365000	       135	800016a0	00f2d233	srl	x4,x5,x15	  x5:0xa0000000 x15:0x80001788  x4=0x00a00000
        1375000	       136	800016a4	c724a8b7	lui	x17,0xc724a	 x17=0xc724a000
        1385000	       137	800016a8	401c5033	sra	x0,x24,x1	 x24:0xfffffff7  x1:0xf7f49b17
        1395000	       138	800016ac	ffb00e93	addi	x29,x0,-5	  x0:0x00000000 x29=0xfffffffb
        1405000	       139	800016b0	00ecd033	srl	x0,x25,x14	 x25:0x00000001 x14:0x000007c0
        1415000	       140	800016b4	00d00b13	addi	x22,x0,13	  x0:0x00000000 x22=0x0000000d
        1425000	       141	800016b8	6396ab93	slti	x23,x13,1593	 x13:0xffdee000 x23=0x00000001
        1435000	       142	800016bc	60daac93	slti	x25,x21,1549	 x21:0x00000001 x25=0x00000001
        1445000	       143	800016c0	eb6f7693	andi	x13,x30,-330	 x30:0xfffffa54 x13=0xfffffa14
        1455000	       144	800016c4	009e8e93	addi	x29,x29,9	 x29:0xfffffffb x29=0x00000004
        1465000	       145	800016c8	99cf6993	ori	x19,x30,-1636	 x30:0xfffffa54 x19=0xfffffbdc
        1475000	       146	800016cc	0132d8b3	srl	x17,x5,x19	  x5:0xa0000000 x19:0xfffffbdc x17=0x0000000a
        1485000	       147	800016d0	0050f6b3	and	x13,x1,x5	  x1:0xf7f49b17  x5:0xa0000000 x13=0xa0000000
        1495000	       148	800016d4	005ced33	or	x26,x25,x5	 x25:0x00000001  x5:0xa0000000 x26=0xa0000001
        1505000	       149	800016d8	00161293	slli	x5,x12,0x1	 x12:0x00000008  x5=0x00000010
        1515000	       150	800016dc	ff6e80e3	beq	x29,x22,800016bc	 x29:0x00000004 x22:0x0000000d
        1525000	       151	800016e0	c1906693	ori	x13,x0,-999	  x0:0x00000000 x13=0xfffffc19
        1535000	       152	800016e4	8427aa93	slti	x21,x15,-1982	 x15:0x80001788 x21=0x00000001
        1545000	       153	800016e8	01bde8b3	or	x17,x27,x27	 x27:0xfffffcc6 x27:0xfffffcc6 x17=0xfffffcc6
        1555000	       154	800016ec	f9885ee3	bge	x16,x24,80001688	 x16:0xfffffffd x24:0xfffffff7
        1565000	       155	00000000	00000013	addi	x0,x0,0	  x0:0x00000000
        1575000	       156	80001684	00000013	addi	x0,x0,0	  x0:0x00000000
        1585000	       157	80001688	7d877713	andi	x14,x14,2008	 x14:0x000007c0 x14=0x000007c0
        1595000	       158	8000168c	01db1293	slli	x5,x22,0x1d	 x22:0x0000000d  x5=0xa0000000
        1605000	       159	80001690	cc636d93	ori	x27,x6,-826	  x6:0x80000000 x27=0xfffffcc6
        1615000	       160	80001694	738b8913	addi	x18,x23,1848	 x23:0x00000001 x18=0x00000739
        1625000	       161	80001698	ffa80813	addi	x16,x16,-6	 x16:0xfffffffd x16=0xfffffff7
        1635000	       162	8000169c	00b99693	slli	x13,x19,0xb	 x19:0xfffffbdc x13=0xffdee000
        1645000	       163	800016a0	00f2d233	srl	x4,x5,x15	  x5:0xa0000000 x15:0x80001788  x4=0x00a00000
        1655000	       164	800016a4	c724a8b7	lui	x17,0xc724a	 x17=0xc724a000
        1665000	       165	800016a8	401c5033	sra	x0,x24,x1	 x24:0xfffffff7  x1:0xf7f49b17
        1675000	       166	800016ac	ffb00e93	addi	x29,x0,-5	  x0:0x00000000 x29=0xfffffffb
        1685000	       167	800016b0	00ecd033	srl	x0,x25,x14	 x25:0x00000001 x14:0x000007c0
        1695000	       168	800016b4	00d00b13	addi	x22,x0,13	  x0:0x00000000 x22=0x0000000d
        1705000	       169	800016b8	6396ab93	slti	x23,x13,1593	 x13:0xffdee000 x23=0x00000001
        1715000	       170	800016bc	60daac93	slti	x25,x21,1549	 x21:0x00000001 x25=0x00000001
        1725000	       171	800016c0	eb6f7693	andi	x13,x30,-330	 x30:0xfffffa54 x13=0xfffffa14
        1735000	       172	800016c4	009e8e93	addi	x29,x29,9	 x29:0xfffffffb x29=0x00000004
        1745000	       173	800016c8	99cf6993	ori	x19,x30,-1636	 x30:0xfffffa54 x19=0xfffffbdc
        1755000	       174	800016cc	0132d8b3	srl	x17,x5,x19	  x5:0xa0000000 x19:0xfffffbdc x17=0x0000000a
        1765000	       175	800016d0	0050f6b3	and	x13,x1,x5	  x1:0xf7f49b17  x5:0xa0000000 x13=0xa0000000
        1775000	       176	800016d4	005ced33	or	x26,x25,x5	 x25:0x00000001  x5:0xa0000000 x26=0xa0000001
        1785000	       177	800016d8	00161293	slli	x5,x12,0x1	 x12:0x00000008  x5=0x00000010
        1795000	       178	800016dc	ff6e80e3	beq	x29,x22,800016bc	 x29:0x00000004 x22:0x0000000d
        1805000	       179	800016e0	c1906693	ori	x13,x0,-999	  x0:0x00000000 x13=0xfffffc19
        1815000	       180	800016e4	8427aa93	slti	x21,x15,-1982	 x15:0x80001788 x21=0x00000001
        1825000	       181	800016e8	01bde8b3	or	x17,x27,x27	 x27:0xfffffcc6 x27:0xfffffcc6 x17=0xfffffcc6
        1835000	       182	800016ec	f9885ee3	bge	x16,x24,80001688	 x16:0xfffffff7 x24:0xfffffff7
        1845000	       183	00000000	00000013	addi	x0,x0,0	  x0:0x00000000
        1855000	       184	80001684	00000013	addi	x0,x0,0	  x0:0x00000000
        1865000	       185	80001688	7d877713	andi	x14,x14,2008	 x14:0x000007c0 x14=0x000007c0
        1875000	       186	8000168c	01db1293	slli	x5,x22,0x1d	 x22:0x0000000d  x5=0xa0000000
        1885000	       187	80001690	cc636d93	ori	x27,x6,-826	  x6:0x80000000 x27=0xfffffcc6
        1895000	       188	80001694	738b8913	addi	x18,x23,1848	 x23:0x00000001 x18=0x00000739
        1905000	       189	80001698	ffa80813	addi	x16,x16,-6	 x16:0xfffffff7 x16=0xfffffff1
        1915000	       190	8000169c	00b99693	slli	x13,x19,0xb	 x19:0xfffffbdc x13=0xffdee000
        1925000	       191	800016a0	00f2d233	srl	x4,x5,x15	  x5:0xa0000000 x15:0x80001788  x4=0x00a00000
        1935000	       192	800016a4	c724a8b7	lui	x17,0xc724a	 x17=0xc724a000
        1945000	       193	800016a8	401c5033	sra	x0,x24,x1	 x24:0xfffffff7  x1:0xf7f49b17
        1955000	       194	800016ac	ffb00e93	addi	x29,x0,-5	  x0:0x00000000 x29=0xfffffffb
        1965000	       195	800016b0	00ecd033	srl	x0,x25,x14	 x25:0x00000001 x14:0x000007c0
        1975000	       196	800016b4	00d00b13	addi	x22,x0,13	  x0:0x00000000 x22=0x0000000d
        1985000	       197	800016b8	6396ab93	slti	x23,x13,1593	 x13:0xffdee000 x23=0x00000001
        1995000	       198	800016bc	60daac93	slti	x25,x21,1549	 x21:0x00000001 x25=0x00000001
        2005000	       199	800016c0	eb6f7693	andi	x13,x30,-330	 x30:0xfffffa54 x13=0xfffffa14
        2015000	       200	800016c4	009e8e93	addi	x29,x29,9	 x29:0xfffffffb x29=0x00000004
        2025000	       201	800016c8	99cf6993	ori	x19,x30,-1636	 x30:0xfffffa54 x19=0xfffffbdc
        2035000	       202	800016cc	0132d8b3	srl	x17,x5,x19	  x5:0xa0000000 x19:0xfffffbdc x17=0x0000000a
        2045000	       203	800016d0	0050f6b3	and	x13,x1,x5	  x1:0xf7f49b17  x5:0xa0000000 x13=0xa0000000
        2055000	       204	800016d4	005ced33	or	x26,x25,x5	 x25:0x00000001  x5:0xa0000000 x26=0xa0000001
        2065000	       205	800016d8	00161293	slli	x5,x12,0x1	 x12:0x00000008  x5=0x00000010
        2075000	       206	800016dc	ff6e80e3	beq	x29,x22,800016bc	 x29:0x00000004 x22:0x0000000d
        2085000	       207	800016e0	c1906693	ori	x13,x0,-999	  x0:0x00000000 x13=0xfffffc19
        2095000	       208	800016e4	8427aa93	slti	x21,x15,-1982	 x15:0x80001788 x21=0x00000001
        2105000	       209	800016e8	01bde8b3	or	x17,x27,x27	 x27:0xfffffcc6 x27:0xfffffcc6 x17=0xfffffcc6
        2115000	       210	800016ec	f9885ee3	bge	x16,x24,80001688	 x16:0xfffffff1 x24:0xfffffff7
        2125000	       211	800016f0	0155e1b3	or	x3,x11,x21	 x11:0x00000000 x21:0x00000001  x3=0x00000001
        2135000	       212	800016f4	00400993	addi	x19,x0,4	  x0:0x00000000 x19=0x00000004
        2145000	       213	800016f8	01000693	addi	x13,x0,16	  x0:0x00000000 x13=0x00000010
        2155000	       214	800016fc	00ad47b3	xor	x15,x26,x10	 x26:0xa0000001 x10:0xf7f38162 x15=0x57f38163
        2165000	       215	80001700	00698993	addi	x19,x19,6	 x19:0x00000004 x19=0x0000000a
        2175000	       216	80001704	fed98ce3	beq	x19,x13,800016fc	 x19:0x0000000a x13:0x00000010
        2185000	       217	80001708	016abb33	sltu	x22,x21,x22	 x21:0x00000001 x22:0x0000000d x22=0x00000001
        2195000	       218	8000170c	ffe00b93	addi	x23,x0,-2	  x0:0x00000000 x23=0xfffffffe
        2205000	       219	80001710	01400813	addi	x16,x0,20	  x0:0x00000000 x16=0x00000014
        2215000	       220	80001714	000e6ab3	or	x21,x28,x0	 x28:0x80009fc4  x0:0x00000000 x21=0x80009fc4
        2225000	       221	80001718	005b8b93	addi	x23,x23,5	 x23:0xfffffffe x23=0x00000003
        2235000	       222	8000171c	ff0bcce3	blt	x23,x16,80001714	 x23:0x00000003 x16:0x00000014
        2245000	       223	00000000	00000013	addi	x0,x0,0	  x0:0x00000000
        2255000	       224	80001710	00000013	addi	x0,x0,0	  x0:0x00000000
        2265000	       225	80001714	000e6ab3	or	x21,x28,x0	 x28:0x80009fc4  x0:0x00000000 x21=0x80009fc4
        2275000	       226	80001718	005b8b93	addi	x23,x23,5	 x23:0x00000003 x23=0x00000008
        2285000	       227	8000171c	ff0bcce3	blt	x23,x16,80001714	 x23:0x00000008 x16:0x00000014
        2295000	       228	00000000	00000013	addi	x0,x0,0	  x0:0x00000000
        2305000	       229	80001710	00000013	addi	x0,x0,0	  x0:0x00000000
        2315000	       230	80001714	000e6ab3	or	x21,x28,x0	 x28:0x80009fc4  x0:0x00000000 x21=0x80009fc4
        2325000	       231	80001718	005b8b93	addi	x23,x23,5	 x23:0x00000008 x23=0x0000000d
        2335000	       232	8000171c	ff0bcce3	blt	x23,x16,80001714	 x23:0x0000000d x16:0x00000014
        2345000	       233	00000000	00000013	addi	x0,x0,0	  x0:0x00000000
        2355000	       234	80001710	00000013	addi	x0,x0,0	  x0:0x00000000
        2365000	       235	80001714	000e6ab3	or	x21,x28,x0	 x28:0x80009fc4  x0:0x00000000 x21=0x80009fc4
        2375000	       236	80001718	005b8b93	addi	x23,x23,5	 x23:0x0000000d x23=0x00000012
        2385000	       237	8000171c	ff0bcce3	blt	x23,x16,80001714	 x23:0x00000012 x16:0x00000014
        2395000	       238	00000000	00000013	addi	x0,x0,0	  x0:0x00000000
        2405000	       239	80001710	00000013	addi	x0,x0,0	  x0:0x00000000
        2415000	       240	80001714	000e6ab3	or	x21,x28,x0	 x28:0x80009fc4  x0:0x00000000 x21=0x80009fc4
        2425000	       241	80001718	005b8b93	addi	x23,x23,5	 x23:0x00000012 x23=0x00000017
        2435000	       242	8000171c	ff0bcce3	blt	x23,x16,80001714	 x23:0x00000017 x16:0x00000014
        2445000	       243	80001720	529f4913	xori	x18,x30,1321	 x30:0xfffffa54 x18=0xffffff7d
        2455000	       244	80001724	fff00613	addi	x12,x0,-1	  x0:0x00000000 x12=0xffffffff
        2465000	       245	80001728	01202db3	slt	x27,x0,x18	  x0:0x00000000 x18:0xffffff7d x27=0x00000000
        2475000	       246	8000172c	0183e5b3	or	x11,x7,x24	  x7:0x80009f4c x24:0xfffffff7 x11=0xffffffff
        2485000	       247	80001730	e7a5ba97	auipc	x21,0xe7a5b	 x21=0x67a5c72c
        2495000	       248	80001734	64f5e193	ori	x3,x11,1615	 x11:0xffffffff  x3=0xffffffff
        2505000	       249	80001738	00000013	addi	x0,x0,0	  x0:0x00000000
        2515000	       250	8000173c	00500993	addi	x19,x0,5	  x0:0x00000000 x19=0x00000005
        2525000	       251	80001740	0043ab33	slt	x22,x7,x4	  x7:0x80009f4c  x4:0x00a00000 x22=0x00000001
        2535000	       252	80001744	00f230b3	sltu	x1,x4,x15	  x4:0x00a00000 x15:0x57f38163  x1=0x00000001
        2545000	       253	80001748	00260613	addi	x12,x12,2	 x12:0xffffffff x12=0x00000001
        2555000	       254	8000174c	ff361ae3	bne	x12,x19,80001740	 x12:0x00000001 x19:0x00000005
        2565000	       255	00000000	00000013	addi	x0,x0,0	  x0:0x00000000
        2575000	       256	8000173c	00000013	addi	x0,x0,0	  x0:0x00000000
        2585000	       257	80001740	0043ab33	slt	x22,x7,x4	  x7:0x80009f4c  x4:0x00a00000 x22=0x00000001
        2595000	       258	80001744	00f230b3	sltu	x1,x4,x15	  x4:0x00a00000 x15:0x57f38163  x1=0x00000001
        2605000	       259	80001748	00260613	addi	x12,x12,2	 x12:0x00000001 x12=0x00000003
        2615000	       260	8000174c	ff361ae3	bne	x12,x19,80001740	 x12:0x00000003 x19:0x00000005
        2625000	       261	00000000	00000013	addi	x0,x0,0	  x0:0x00000000
        2635000	       262	8000173c	00000013	addi	x0,x0,0	  x0:0x00000000
        2645000	       263	80001740	0043ab33	slt	x22,x7,x4	  x7:0x80009f4c  x4:0x00a00000 x22=0x00000001
        2655000	       264	80001744	00f230b3	sltu	x1,x4,x15	  x4:0x00a00000 x15:0x57f38163  x1=0x00000001
        2665000	       265	80001748	00260613	addi	x12,x12,2	 x12:0x00000003 x12=0x00000005
        2675000	       266	8000174c	ff361ae3	bne	x12,x19,80001740	 x12:0x00000005 x19:0x00000005
        2685000	       267	80001750	41f95a13	srai	x20,x18,0x1f	 x18:0xffffff7d x20=0xffffffff
        2695000	       268	80001754	fff00593	addi	x11,x0,-1	  x0:0x00000000 x11=0xffffffff
        2705000	       269	80001758	00000013	addi	x0,x0,0	  x0:0x00000000
        2715000	       270	8000175c	003e44b3	xor	x9,x28,x3	 x28:0x80009fc4  x3:0xffffffff  x9=0x7fff603b
        2725000	       271	80001760	408ed433	sra	x8,x29,x8	 x29:0x00000004  x8:0x80000130  x8=0x00000000
        2735000	       272	80001764	00100793	addi	x15,x0,1	  x0:0x00000000 x15=0x00000001
        2745000	       273	80001768	01984a33	xor	x20,x16,x25	 x16:0x00000014 x25:0x00000001 x20=0x00000015
        2755000	       274	8000176c	0e14b613	sltiu	x12,x9,225	  x9:0x7fff603b x12=0x00000000
        2765000	       275	80001770	00331d13	slli	x26,x6,0x3	  x6:0x80000000 x26=0x00000000
        2775000	       276	80001774	672e8993	addi	x19,x29,1650	 x29:0x00000004 x19=0x00000676
        2785000	       277	80001778	e24cb513	sltiu	x10,x25,-476	 x25:0x00000001 x10=0x00000001
        2795000	       278	8000177c	00858593	addi	x11,x11,8	 x11:0xffffffff x11=0x00000007
        2805000	       279	80001780	c5032b93	slti	x23,x6,-944	  x6:0x80000000 x23=0x00000001
        2815000	       280	80001784	417dd613	srai	x12,x27,0x17	 x27:0x00000000 x12=0x00000000
        2825000	       281	80001788	ffa00213	addi	x4,x0,-6	  x0:0x00000000  x4=0xfffffffa
        2835000	       282	8000178c	0072d333	srl	x6,x5,x7	  x5:0x00000010  x7:0x80009f4c  x6=0x00000000
        2845000	       283	80001790	00c00e93	addi	x29,x0,12	  x0:0x00000000 x29=0x0000000c
        2855000	       284	80001794	34eb2f93	slti	x31,x22,846	 x22:0x00000001 x31=0x00000001
        2865000	       285	80001798	00c99733	sll	x14,x19,x12	 x19:0x00000676 x12:0x00000000 x14=0x00000676
        2875000	       286	8000179c	007fdf93	srli	x31,x31,0x7	 x31:0x00000001 x31=0x00000000
        2885000	       287	800017a0	b3520913	addi	x18,x4,-1227	  x4:0xfffffffa x18=0xfffffb2f
        2895000	       288	800017a4	569cbf13	sltiu	x30,x25,1385	 x25:0x00000001 x30=0x00000001
        2905000	       289	800017a8	413f5f13	srai	x30,x30,0x13	 x30:0x00000001 x30=0x00000000
        2915000	       290	800017ac	01106733	or	x14,x0,x17	  x0:0x00000000 x17:0xfffffcc6 x14=0xfffffcc6
        2925000	       291	800017b0	00120213	addi	x4,x4,1	  x4:0xfffffffa  x4=0xfffffffb
        2935000	       292	800017b4	017bafb3	slt	x31,x23,x23	 x23:0x00000001 x23:0x00000001 x31=0x00000000
        2945000	       293	800017b8	ffd26ae3	bltu	x4,x29,800017ac	  x4:0xfffffffb x29:0x0000000c
        2955000	       294	800017bc	038aba93	sltiu	x21,x21,56	 x21:0x67a5c72c x21=0x00000000
        2965000	       295	800017c0	05694893	xori	x17,x18,86	 x18:0xfffffb2f x17=0xfffffb79
        2975000	       296	800017c4	33317893	andi	x17,x2,819	  x2:0x00000002 x17=0x00000002
        2985000	       297	800017c8	eccd36b7	lui	x13,0xeccd3	 x13=0xeccd3000
        2995000	       298	800017cc	f8f5eee3	bltu	x11,x15,80001768	 x11:0x00000007 x15:0x00000001
        3005000	       299	800017d0	f6f76193	ori	x3,x14,-145	 x14:0xfffffcc6  x3=0xffffffef
        3015000	       300	800017d4	fff00713	addi	x14,x0,-1	  x0:0x00000000 x14=0xffffffff
        3025000	       301	800017d8	63d4bb93	sltiu	x23,x9,1597	  x9:0x7fff603b x23=0x00000000
        3035000	       302	800017dc	00265d33	srl	x26,x12,x2	 x12:0x00000000  x2:0x00000002 x26=0x00000000
        3045000	       303	800017e0	008cd1b3	srl	x3,x25,x8	 x25:0x00000001  x8:0x00000000  x3=0x00000001
        3055000	       304	800017e4	007ad833	srl	x16,x21,x7	 x21:0x00000000  x7:0x80009f4c x16=0x00000000
        3065000	       305	800017e8	e13b6e93	ori	x29,x22,-493	 x22:0x00000001 x29=0xfffffe13
        3075000	       306	800017ec	6dc46013	ori	x0,x8,1756	  x8:0x00000000
        3085000	       307	800017f0	00bad893	srli	x17,x21,0xb	 x21:0x00000000 x17=0x00000000
        3095000	       308	800017f4	fef00b13	addi	x22,x0,-17	  x0:0x00000000 x22=0xffffffef
        3105000	       309	800017f8	004e6633	or	x12,x28,x4	 x28:0x80009fc4  x4:0xfffffffb x12=0xffffffff
        3115000	       310	800017fc	8815d337	lui	x6,0x8815d	  x6=0x8815d000
        3125000	       311	80001800	90ff0d13	addi	x26,x30,-1777	 x30:0x00000000 x26=0xfffff90f
        3135000	       312	80001804	4176fa93	andi	x21,x13,1047	 x13:0xeccd3000 x21=0x00000000
        3145000	       313	80001808	ff870713	addi	x14,x14,-8	 x14:0xffffffff x14=0xfffffff7
        3155000	       314	8000180c	4a5a4a13	xori	x20,x20,1189	 x20:0x00000015 x20=0x000004b0
        3165000	       315	80001810	d5a2f913	andi	x18,x5,-678	  x5:0x00000010 x18=0x00000010
        3175000	       316	80001814	5b6de293	ori	x5,x27,1462	 x27:0x00000000  x5=0x000005b6
        3185000	       317	80001818	41ccdf13	srai	x30,x25,0x1c	 x25:0x00000001 x30=0x00000000
        3195000	       318	8000181c	18d34993	xori	x19,x6,397	  x6:0x8815d000 x19=0x8815d18d
        3205000	       319	80001820	411ddd93	srai	x27,x27,0x11	 x27:0x00000000 x27=0x00000000
        3215000	       320	80001824	b8742313	slti	x6,x8,-1145	  x8:0x00000000  x6=0x00000000
        3225000	       321	80001828	01541c13	slli	x24,x8,0x15	  x8:0x00000000 x24=0x00000000
        3235000	       322	8000182c	00969933	sll	x18,x13,x9	 x13:0xeccd3000  x9:0x7fff603b x18=0x00000000
        3245000	       323	80001830	00af6933	or	x18,x30,x10	 x30:0x00000000 x10:0x00000001 x18=0x00000001
        3255000	       324	80001834	7d21bc93	sltiu	x25,x3,2002	  x3:0x00000001 x25=0x00000001
        3265000	       325	80001838	43d12213	slti	x4,x2,1085	  x2:0x00000002  x4=0x00000001
        3275000	       326	8000183c	fd6704e3	beq	x14,x22,80001804	 x14:0xfffffff7 x22:0xffffffef
        3285000	       327	80001840	0126a633	slt	x12,x13,x18	 x13:0xeccd3000 x18:0x00000001 x12=0x00000001
        3295000	       328	80001844	ffb00e93	addi	x29,x0,-5	  x0:0x00000000 x29=0xfffffffb
        3305000	       329	80001848	0170d6b3	srl	x13,x1,x23	  x1:0x00000001 x23:0x00000000 x13=0x00000001
        3315000	       330	8000184c	89e70d93	addi	x27,x14,-1890	 x14:0xfffffff7 x27=0xfffff895
        3325000	       331	80001850	00d00a93	addi	x21,x0,13	  x0:0x00000000 x21=0x0000000d
        3335000	       332	80001854	00cdaa33	slt	x20,x27,x12	 x27:0xfffff895 x12:0x00000001 x20=0x00000001
        3345000	       333	80001858	017ab933	sltu	x18,x21,x23	 x21:0x0000000d x23:0x00000000 x18=0x00000000
        3355000	       334	8000185c	00583333	sltu	x6,x16,x5	 x16:0x00000000  x5:0x000005b6  x6=0x00000001
        3365000	       335	80001860	009e8e93	addi	x29,x29,9	 x29:0xfffffffb x29=0x00000004
        3375000	       336	80001864	00665793	srli	x15,x12,0x6	 x12:0x00000001 x15=0x00000000
        3385000	       337	80001868	d905a013	slti	x0,x11,-624	 x11:0x00000007
        3395000	       338	8000186c	0195cfb3	xor	x31,x11,x25	 x11:0x00000007 x25:0x00000001 x31=0x00000006
        3405000	       339	80001870	41e95b13	srai	x22,x18,0x1e	 x18:0x00000000 x22=0x00000000
        3415000	       340	80001874	00a00893	addi	x17,x0,10	  x0:0x00000000 x17=0x0000000a
        3425000	       341	80001878	01a0f033	and	x0,x1,x26	  x1:0x00000001 x26:0xfffff90f
        3435000	       342	8000187c	00100f13	addi	x30,x0,1	  x0:0x00000000 x30=0x00000001
        3445000	       343	80001880	e1672813	slti	x16,x14,-490	 x14:0xfffffff7 x16=0x00000000
        3455000	       344	80001884	00d88533	add	x10,x17,x13	 x17:0x0000000a x13:0x00000001 x10=0x0000000b
        3465000	       345	80001888	ff287593	andi	x11,x16,-14	 x16:0x00000000 x11=0x00000000
        3475000	       346	8000188c	ff788893	addi	x17,x17,-9	 x17:0x0000000a x17=0x00000001
        3485000	       347	80001890	4242a993	slti	x19,x5,1060	  x5:0x000005b6 x19=0x00000000
        3495000	       348	80001894	01979193	slli	x3,x15,0x19	 x15:0x00000000  x3=0x00000000
        3505000	       349	80001898	f42fec93	ori	x25,x31,-190	 x31:0x00000006 x25=0xffffff46
        3515000	       350	8000189c	ffe886e3	beq	x17,x30,80001888	 x17:0x00000001 x30:0x00000001
        3525000	       351	00000000	00000013	addi	x0,x0,0	  x0:0x00000000
        3535000	       352	80001884	00000013	addi	x0,x0,0	  x0:0x00000000
        3545000	       353	80001888	ff287593	andi	x11,x16,-14	 x16:0x00000000 x11=0x00000000
        3555000	       354	8000188c	ff788893	addi	x17,x17,-9	 x17:0x00000001 x17=0xfffffff8
        3565000	       355	80001890	4242a993	slti	x19,x5,1060	  x5:0x000005b6 x19=0x00000000
        3575000	       356	80001894	01979193	slli	x3,x15,0x19	 x15:0x00000000  x3=0x00000000
        3585000	       357	80001898	f42fec93	ori	x25,x31,-190	 x31:0x00000006 x25=0xffffff46
        3595000	       358	8000189c	ffe886e3	beq	x17,x30,80001888	 x17:0xfffffff8 x30:0x00000001
        3605000	       359	800018a0	00e08fb3	add	x31,x1,x14	  x1:0x00000001 x14:0xfffffff7 x31=0xfffffff8
        3615000	       360	800018a4	40a10bb3	sub	x23,x2,x10	  x2:0x00000002 x10:0x0000000b x23=0xfffffff7
        3625000	       361	800018a8	bcec0617	auipc	x12,0xbcec0	 x12=0x3cec18a4
        3635000	       362	800018ac	01b35813	srli	x16,x6,0x1b	  x6:0x00000001 x16=0x00000000
        3645000	       363	800018b0	fb5e94e3	bne	x29,x21,80001858	 x29:0x00000004 x21:0x0000000d
        3655000	       364	00000000	00000013	addi	x0,x0,0	  x0:0x00000000
        3665000	       365	80001854	00000013	addi	x0,x0,0	  x0:0x00000000
        3675000	       366	80001858	017ab933	sltu	x18,x21,x23	 x21:0x0000000d x23:0xfffffff7 x18=0x00000001
        3685000	       367	8000185c	00583333	sltu	x6,x16,x5	 x16:0x00000000  x5:0x000005b6  x6=0x00000001
        3695000	       368	80001860	009e8e93	addi	x29,x29,9	 x29:0x00000004 x29=0x0000000d
        3705000	       369	80001864	00665793	srli	x15,x12,0x6	 x12:0x3cec18a4 x15=0x00f3b062
        3715000	       370	80001868	d905a013	slti	x0,x11,-624	 x11:0x00000000
        3725000	       371	8000186c	0195cfb3	xor	x31,x11,x25	 x11:0x00000000 x25:0xffffff46 x31=0xffffff46
        3735000	       372	80001870	41e95b13	srai	x22,x18,0x1e	 x18:0x00000001 x22=0x00000000
        3745000	       373	80001874	00a00893	addi	x17,x0,10	  x0:0x00000000 x17=0x0000000a
        3755000	       374	80001878	01a0f033	and	x0,x1,x26	  x1:0x00000001 x26:0xfffff90f
        3765000	       375	8000187c	00100f13	addi	x30,x0,1	  x0:0x00000000 x30=0x00000001
        3775000	       376	80001880	e1672813	slti	x16,x14,-490	 x14:0xfffffff7 x16=0x00000000
        3785000	       377	80001884	00d88533	add	x10,x17,x13	 x17:0x0000000a x13:0x00000001 x10=0x0000000b
        3795000	       378	80001888	ff287593	andi	x11,x16,-14	 x16:0x00000000 x11=0x00000000
        3805000	       379	8000188c	ff788893	addi	x17,x17,-9	 x17:0x0000000a x17=0x00000001
        3815000	       380	80001890	4242a993	slti	x19,x5,1060	  x5:0x000005b6 x19=0x00000000
        3825000	       381	80001894	01979193	slli	x3,x15,0x19	 x15:0x00f3b062  x3=0xc4000000
        3835000	       382	80001898	f42fec93	ori	x25,x31,-190	 x31:0xffffff46 x25=0xffffff46
        3845000	       383	8000189c	ffe886e3	beq	x17,x30,80001888	 x17:0x00000001 x30:0x00000001
        3855000	       384	00000000	00000013	addi	x0,x0,0	  x0:0x00000000
        3865000	       385	80001884	00000013	addi	x0,x0,0	  x0:0x00000000
        3875000	       386	80001888	ff287593	andi	x11,x16,-14	 x16:0x00000000 x11=0x00000000
        3885000	       387	8000188c	ff788893	addi	x17,x17,-9	 x17:0x00000001 x17=0xfffffff8
        3895000	       388	80001890	4242a993	slti	x19,x5,1060	  x5:0x000005b6 x19=0x00000000
        3905000	       389	80001894	01979193	slli	x3,x15,0x19	 x15:0x00f3b062  x3=0xc4000000
        3915000	       390	80001898	f42fec93	ori	x25,x31,-190	 x31:0xffffff46 x25=0xffffff46
        3925000	       391	8000189c	ffe886e3	beq	x17,x30,80001888	 x17:0xfffffff8 x30:0x00000001
        3935000	       392	800018a0	00e08fb3	add	x31,x1,x14	  x1:0x00000001 x14:0xfffffff7 x31=0xfffffff8
        3945000	       393	800018a4	40a10bb3	sub	x23,x2,x10	  x2:0x00000002 x10:0x0000000b x23=0xfffffff7
        3955000	       394	800018a8	bcec0617	auipc	x12,0xbcec0	 x12=0x3cec18a4
        3965000	       395	800018ac	01b35813	srli	x16,x6,0x1b	  x6:0x00000001 x16=0x00000000
        3975000	       396	800018b0	fb5e94e3	bne	x29,x21,80001858	 x29:0x0000000d x21:0x0000000d
        3985000	       397	800018b4	007047b3	xor	x15,x0,x7	  x0:0x00000000  x7:0x80009f4c x15=0x80009f4c
        3995000	       398	800018b8	fff00693	addi	x13,x0,-1	  x0:0x00000000 x13=0xffffffff
        4005000	       399	800018bc	e82ecc13	xori	x24,x29,-382	 x29:0x0000000d x24=0xfffffe8f
        4015000	       400	800018c0	01220d33	add	x26,x4,x18	  x4:0x00000001 x18:0x00000001 x26=0x00000002
        4025000	       401	800018c4	2db6ff13	andi	x30,x13,731	 x13:0xffffffff x30=0x000002db
        4035000	       402	800018c8	d4522037	lui	x0,0xd4522	
        4045000	       403	800018cc	614c8817	auipc	x16,0x614c8	 x16=0xe14c98c8
        4055000	       404	800018d0	41e5d7b3	sra	x15,x11,x30	 x11:0x00000000 x30:0x000002db x15=0x00000000
        4065000	       405	800018d4	ff000193	addi	x3,x0,-16	  x0:0x00000000  x3=0xfffffff0
        4075000	       406	800018d8	005db793	sltiu	x15,x27,5	 x27:0xfffff895 x15=0x00000000
        4085000	       407	800018dc	01d93cb3	sltu	x25,x18,x29	 x18:0x00000001 x29:0x0000000d x25=0x00000001
        4095000	       408	800018e0	0198edb3	or	x27,x17,x25	 x17:0xfffffff8 x25:0x00000001 x27=0xfffffff9
        4105000	       409	800018e4	00792533	slt	x10,x18,x7	 x18:0x00000001  x7:0x80009f4c x10=0x00000000
        4115000	       410	800018e8	fff68693	addi	x13,x13,-1	 x13:0xffffffff x13=0xfffffffe
        4125000	       411	800018ec	0006a4b3	slt	x9,x13,x0	 x13:0xfffffffe  x0:0x00000000  x9=0x00000001
        4135000	       412	800018f0	fb7c6893	ori	x17,x24,-73	 x24:0xfffffe8f x17=0xffffffbf
        4145000	       413	800018f4	41380333	sub	x6,x16,x19	 x16:0xe14c98c8 x19:0x00000000  x6=0xe14c98c8
        4155000	       414	800018f8	fe36d2e3	bge	x13,x3,800018dc	 x13:0xfffffffe  x3:0xfffffff0
        4165000	       415	00000000	00000013	addi	x0,x0,0	  x0:0x00000000
        4175000	       416	800018d8	00000013	addi	x0,x0,0	  x0:0x00000000
        4185000	       417	800018dc	01d93cb3	sltu	x25,x18,x29	 x18:0x00000001 x29:0x0000000d x25=0x00000001
        4195000	       418	800018e0	0198edb3	or	x27,x17,x25	 x17:0xffffffbf x25:0x00000001 x27=0xffffffbf
        4205000	       419	800018e4	00792533	slt	x10,x18,x7	 x18:0x00000001  x7:0x80009f4c x10=0x00000000
        4215000	       420	800018e8	fff68693	addi	x13,x13,-1	 x13:0xfffffffe x13=0xfffffffd
        4225000	       421	800018ec	0006a4b3	slt	x9,x13,x0	 x13:0xfffffffd  x0:0x00000000  x9=0x00000001
        4235000	       422	800018f0	fb7c6893	ori	x17,x24,-73	 x24:0xfffffe8f x17=0xffffffbf
        4245000	       423	800018f4	41380333	sub	x6,x16,x19	 x16:0xe14c98c8 x19:0x00000000  x6=0xe14c98c8
        4255000	       424	800018f8	fe36d2e3	bge	x13,x3,800018dc	 x13:0xfffffffd  x3:0xfffffff0
        4265000	       425	00000000	00000013	addi	x0,x0,0	  x0:0x00000000
        4275000	       426	800018d8	00000013	addi	x0,x0,0	  x0:0x00000000
        4285000	       427	800018dc	01d93cb3	sltu	x25,x18,x29	 x18:0x00000001 x29:0x0000000d x25=0x00000001
        4295000	       428	800018e0	0198edb3	or	x27,x17,x25	 x17:0xffffffbf x25:0x00000001 x27=0xffffffbf
        4305000	       429	800018e4	00792533	slt	x10,x18,x7	 x18:0x00000001  x7:0x80009f4c x10=0x00000000
        4315000	       430	800018e8	fff68693	addi	x13,x13,-1	 x13:0xfffffffd x13=0xfffffffc
        4325000	       431	800018ec	0006a4b3	slt	x9,x13,x0	 x13:0xfffffffc  x0:0x00000000  x9=0x00000001
        4335000	       432	800018f0	fb7c6893	ori	x17,x24,-73	 x24:0xfffffe8f x17=0xffffffbf
        4345000	       433	800018f4	41380333	sub	x6,x16,x19	 x16:0xe14c98c8 x19:0x00000000  x6=0xe14c98c8
        4355000	       434	800018f8	fe36d2e3	bge	x13,x3,800018dc	 x13:0xfffffffc  x3:0xfffffff0
        4365000	       435	00000000	00000013	addi	x0,x0,0	  x0:0x00000000
        4375000	       436	800018d8	00000013	addi	x0,x0,0	  x0:0x00000000
        4385000	       437	800018dc	01d93cb3	sltu	x25,x18,x29	 x18:0x00000001 x29:0x0000000d x25=0x00000001
        4395000	       438	800018e0	0198edb3	or	x27,x17,x25	 x17:0xffffffbf x25:0x00000001 x27=0xffffffbf
        4405000	       439	800018e4	00792533	slt	x10,x18,x7	 x18:0x00000001  x7:0x80009f4c x10=0x00000000
        4415000	       440	800018e8	fff68693	addi	x13,x13,-1	 x13:0xfffffffc x13=0xfffffffb
        4425000	       441	800018ec	0006a4b3	slt	x9,x13,x0	 x13:0xfffffffb  x0:0x00000000  x9=0x00000001
        4435000	       442	800018f0	fb7c6893	ori	x17,x24,-73	 x24:0xfffffe8f x17=0xffffffbf
        4445000	       443	800018f4	41380333	sub	x6,x16,x19	 x16:0xe14c98c8 x19:0x00000000  x6=0xe14c98c8
        4455000	       444	800018f8	fe36d2e3	bge	x13,x3,800018dc	 x13:0xfffffffb  x3:0xfffffff0
        4465000	       445	00000000	00000013	addi	x0,x0,0	  x0:0x00000000
        4475000	       446	800018d8	00000013	addi	x0,x0,0	  x0:0x00000000
        4485000	       447	800018dc	01d93cb3	sltu	x25,x18,x29	 x18:0x00000001 x29:0x0000000d x25=0x00000001
        4495000	       448	800018e0	0198edb3	or	x27,x17,x25	 x17:0xffffffbf x25:0x00000001 x27=0xffffffbf
        4505000	       449	800018e4	00792533	slt	x10,x18,x7	 x18:0x00000001  x7:0x80009f4c x10=0x00000000
        4515000	       450	800018e8	fff68693	addi	x13,x13,-1	 x13:0xfffffffb x13=0xfffffffa
        4525000	       451	800018ec	0006a4b3	slt	x9,x13,x0	 x13:0xfffffffa  x0:0x00000000  x9=0x00000001
        4535000	       452	800018f0	fb7c6893	ori	x17,x24,-73	 x24:0xfffffe8f x17=0xffffffbf
        4545000	       453	800018f4	41380333	sub	x6,x16,x19	 x16:0xe14c98c8 x19:0x00000000  x6=0xe14c98c8
        4555000	       454	800018f8	fe36d2e3	bge	x13,x3,800018dc	 x13:0xfffffffa  x3:0xfffffff0
        4565000	       455	00000000	00000013	addi	x0,x0,0	  x0:0x00000000
        4575000	       456	800018d8	00000013	addi	x0,x0,0	  x0:0x00000000
        4585000	       457	800018dc	01d93cb3	sltu	x25,x18,x29	 x18:0x00000001 x29:0x0000000d x25=0x00000001
        4595000	       458	800018e0	0198edb3	or	x27,x17,x25	 x17:0xffffffbf x25:0x00000001 x27=0xffffffbf
        4605000	       459	800018e4	00792533	slt	x10,x18,x7	 x18:0x00000001  x7:0x80009f4c x10=0x00000000
        4615000	       460	800018e8	fff68693	addi	x13,x13,-1	 x13:0xfffffffa x13=0xfffffff9
        4625000	       461	800018ec	0006a4b3	slt	x9,x13,x0	 x13:0xfffffff9  x0:0x00000000  x9=0x00000001
        4635000	       462	800018f0	fb7c6893	ori	x17,x24,-73	 x24:0xfffffe8f x17=0xffffffbf
        4645000	       463	800018f4	41380333	sub	x6,x16,x19	 x16:0xe14c98c8 x19:0x00000000  x6=0xe14c98c8
        4655000	       464	800018f8	fe36d2e3	bge	x13,x3,800018dc	 x13:0xfffffff9  x3:0xfffffff0
        4665000	       465	00000000	00000013	addi	x0,x0,0	  x0:0x00000000
        4675000	       466	800018d8	00000013	addi	x0,x0,0	  x0:0x00000000
        4685000	       467	800018dc	01d93cb3	sltu	x25,x18,x29	 x18:0x00000001 x29:0x0000000d x25=0x00000001
        4695000	       468	800018e0	0198edb3	or	x27,x17,x25	 x17:0xffffffbf x25:0x00000001 x27=0xffffffbf
        4705000	       469	800018e4	00792533	slt	x10,x18,x7	 x18:0x00000001  x7:0x80009f4c x10=0x00000000
        4715000	       470	800018e8	fff68693	addi	x13,x13,-1	 x13:0xfffffff9 x13=0xfffffff8
        4725000	       471	800018ec	0006a4b3	slt	x9,x13,x0	 x13:0xfffffff8  x0:0x00000000  x9=0x00000001
        4735000	       472	800018f0	fb7c6893	ori	x17,x24,-73	 x24:0xfffffe8f x17=0xffffffbf
        4745000	       473	800018f4	41380333	sub	x6,x16,x19	 x16:0xe14c98c8 x19:0x00000000  x6=0xe14c98c8
        4755000	       474	800018f8	fe36d2e3	bge	x13,x3,800018dc	 x13:0xfffffff8  x3:0xfffffff0
        4765000	       475	00000000	00000013	addi	x0,x0,0	  x0:0x00000000
        4775000	       476	800018d8	00000013	addi	x0,x0,0	  x0:0x00000000
        4785000	       477	800018dc	01d93cb3	sltu	x25,x18,x29	 x18:0x00000001 x29:0x0000000d x25=0x00000001
        4795000	       478	800018e0	0198edb3	or	x27,x17,x25	 x17:0xffffffbf x25:0x00000001 x27=0xffffffbf
        4805000	       479	800018e4	00792533	slt	x10,x18,x7	 x18:0x00000001  x7:0x80009f4c x10=0x00000000
        4815000	       480	800018e8	fff68693	addi	x13,x13,-1	 x13:0xfffffff8 x13=0xfffffff7
        4825000	       481	800018ec	0006a4b3	slt	x9,x13,x0	 x13:0xfffffff7  x0:0x00000000  x9=0x00000001
        4835000	       482	800018f0	fb7c6893	ori	x17,x24,-73	 x24:0xfffffe8f x17=0xffffffbf
        4845000	       483	800018f4	41380333	sub	x6,x16,x19	 x16:0xe14c98c8 x19:0x00000000  x6=0xe14c98c8
        4855000	       484	800018f8	fe36d2e3	bge	x13,x3,800018dc	 x13:0xfffffff7  x3:0xfffffff0
        4865000	       485	00000000	00000013	addi	x0,x0,0	  x0:0x00000000
        4875000	       486	800018d8	00000013	addi	x0,x0,0	  x0:0x00000000
        4885000	       487	800018dc	01d93cb3	sltu	x25,x18,x29	 x18:0x00000001 x29:0x0000000d x25=0x00000001
        4895000	       488	800018e0	0198edb3	or	x27,x17,x25	 x17:0xffffffbf x25:0x00000001 x27=0xffffffbf
        4905000	       489	800018e4	00792533	slt	x10,x18,x7	 x18:0x00000001  x7:0x80009f4c x10=0x00000000
        4915000	       490	800018e8	fff68693	addi	x13,x13,-1	 x13:0xfffffff7 x13=0xfffffff6
        4925000	       491	800018ec	0006a4b3	slt	x9,x13,x0	 x13:0xfffffff6  x0:0x00000000  x9=0x00000001
        4935000	       492	800018f0	fb7c6893	ori	x17,x24,-73	 x24:0xfffffe8f x17=0xffffffbf
        4945000	       493	800018f4	41380333	sub	x6,x16,x19	 x16:0xe14c98c8 x19:0x00000000  x6=0xe14c98c8
        4955000	       494	800018f8	fe36d2e3	bge	x13,x3,800018dc	 x13:0xfffffff6  x3:0xfffffff0
        4965000	       495	00000000	00000013	addi	x0,x0,0	  x0:0x00000000
        4975000	       496	800018d8	00000013	addi	x0,x0,0	  x0:0x00000000
        4985000	       497	800018dc	01d93cb3	sltu	x25,x18,x29	 x18:0x00000001 x29:0x0000000d x25=0x00000001
        4995000	       498	800018e0	0198edb3	or	x27,x17,x25	 x17:0xffffffbf x25:0x00000001 x27=0xffffffbf
        5005000	       499	800018e4	00792533	slt	x10,x18,x7	 x18:0x00000001  x7:0x80009f4c x10=0x00000000
        5015000	       500	800018e8	fff68693	addi	x13,x13,-1	 x13:0xfffffff6 x13=0xfffffff5
        5025000	       501	800018ec	0006a4b3	slt	x9,x13,x0	 x13:0xfffffff5  x0:0x00000000  x9=0x00000001
        5035000	       502	800018f0	fb7c6893	ori	x17,x24,-73	 x24:0xfffffe8f x17=0xffffffbf
        5045000	       503	800018f4	41380333	sub	x6,x16,x19	 x16:0xe14c98c8 x19:0x00000000  x6=0xe14c98c8
        5055000	       504	800018f8	fe36d2e3	bge	x13,x3,800018dc	 x13:0xfffffff5  x3:0xfffffff0
        5065000	       505	00000000	00000013	addi	x0,x0,0	  x0:0x00000000
        5075000	       506	800018d8	00000013	addi	x0,x0,0	  x0:0x00000000
        5085000	       507	800018dc	01d93cb3	sltu	x25,x18,x29	 x18:0x00000001 x29:0x0000000d x25=0x00000001
        5095000	       508	800018e0	0198edb3	or	x27,x17,x25	 x17:0xffffffbf x25:0x00000001 x27=0xffffffbf
        5105000	       509	800018e4	00792533	slt	x10,x18,x7	 x18:0x00000001  x7:0x80009f4c x10=0x00000000
        5115000	       510	800018e8	fff68693	addi	x13,x13,-1	 x13:0xfffffff5 x13=0xfffffff4
        5125000	       511	800018ec	0006a4b3	slt	x9,x13,x0	 x13:0xfffffff4  x0:0x00000000  x9=0x00000001
        5135000	       512	800018f0	fb7c6893	ori	x17,x24,-73	 x24:0xfffffe8f x17=0xffffffbf
        5145000	       513	800018f4	41380333	sub	x6,x16,x19	 x16:0xe14c98c8 x19:0x00000000  x6=0xe14c98c8
        5155000	       514	800018f8	fe36d2e3	bge	x13,x3,800018dc	 x13:0xfffffff4  x3:0xfffffff0
        5165000	       515	00000000	00000013	addi	x0,x0,0	  x0:0x00000000
        5175000	       516	800018d8	00000013	addi	x0,x0,0	  x0:0x00000000
        5185000	       517	800018dc	01d93cb3	sltu	x25,x18,x29	 x18:0x00000001 x29:0x0000000d x25=0x00000001
        5195000	       518	800018e0	0198edb3	or	x27,x17,x25	 x17:0xffffffbf x25:0x00000001 x27=0xffffffbf
        5205000	       519	800018e4	00792533	slt	x10,x18,x7	 x18:0x00000001  x7:0x80009f4c x10=0x00000000
        5215000	       520	800018e8	fff68693	addi	x13,x13,-1	 x13:0xfffffff4 x13=0xfffffff3
        5225000	       521	800018ec	0006a4b3	slt	x9,x13,x0	 x13:0xfffffff3  x0:0x00000000  x9=0x00000001
        5235000	       522	800018f0	fb7c6893	ori	x17,x24,-73	 x24:0xfffffe8f x17=0xffffffbf
        5245000	       523	800018f4	41380333	sub	x6,x16,x19	 x16:0xe14c98c8 x19:0x00000000  x6=0xe14c98c8
        5255000	       524	800018f8	fe36d2e3	bge	x13,x3,800018dc	 x13:0xfffffff3  x3:0xfffffff0
        5265000	       525	00000000	00000013	addi	x0,x0,0	  x0:0x00000000
        5275000	       526	800018d8	00000013	addi	x0,x0,0	  x0:0x00000000
        5285000	       527	800018dc	01d93cb3	sltu	x25,x18,x29	 x18:0x00000001 x29:0x0000000d x25=0x00000001
        5295000	       528	800018e0	0198edb3	or	x27,x17,x25	 x17:0xffffffbf x25:0x00000001 x27=0xffffffbf
        5305000	       529	800018e4	00792533	slt	x10,x18,x7	 x18:0x00000001  x7:0x80009f4c x10=0x00000000
        5315000	       530	800018e8	fff68693	addi	x13,x13,-1	 x13:0xfffffff3 x13=0xfffffff2
        5325000	       531	800018ec	0006a4b3	slt	x9,x13,x0	 x13:0xfffffff2  x0:0x00000000  x9=0x00000001
        5335000	       532	800018f0	fb7c6893	ori	x17,x24,-73	 x24:0xfffffe8f x17=0xffffffbf
        5345000	       533	800018f4	41380333	sub	x6,x16,x19	 x16:0xe14c98c8 x19:0x00000000  x6=0xe14c98c8
        5355000	       534	800018f8	fe36d2e3	bge	x13,x3,800018dc	 x13:0xfffffff2  x3:0xfffffff0
        5365000	       535	00000000	00000013	addi	x0,x0,0	  x0:0x00000000
        5375000	       536	800018d8	00000013	addi	x0,x0,0	  x0:0x00000000
        5385000	       537	800018dc	01d93cb3	sltu	x25,x18,x29	 x18:0x00000001 x29:0x0000000d x25=0x00000001
        5395000	       538	800018e0	0198edb3	or	x27,x17,x25	 x17:0xffffffbf x25:0x00000001 x27=0xffffffbf
        5405000	       539	800018e4	00792533	slt	x10,x18,x7	 x18:0x00000001  x7:0x80009f4c x10=0x00000000
        5415000	       540	800018e8	fff68693	addi	x13,x13,-1	 x13:0xfffffff2 x13=0xfffffff1
        5425000	       541	800018ec	0006a4b3	slt	x9,x13,x0	 x13:0xfffffff1  x0:0x00000000  x9=0x00000001
        5435000	       542	800018f0	fb7c6893	ori	x17,x24,-73	 x24:0xfffffe8f x17=0xffffffbf
        5445000	       543	800018f4	41380333	sub	x6,x16,x19	 x16:0xe14c98c8 x19:0x00000000  x6=0xe14c98c8
        5455000	       544	800018f8	fe36d2e3	bge	x13,x3,800018dc	 x13:0xfffffff1  x3:0xfffffff0
        5465000	       545	00000000	00000013	addi	x0,x0,0	  x0:0x00000000
        5475000	       546	800018d8	00000013	addi	x0,x0,0	  x0:0x00000000
        5485000	       547	800018dc	01d93cb3	sltu	x25,x18,x29	 x18:0x00000001 x29:0x0000000d x25=0x00000001
        5495000	       548	800018e0	0198edb3	or	x27,x17,x25	 x17:0xffffffbf x25:0x00000001 x27=0xffffffbf
        5505000	       549	800018e4	00792533	slt	x10,x18,x7	 x18:0x00000001  x7:0x80009f4c x10=0x00000000
        5515000	       550	800018e8	fff68693	addi	x13,x13,-1	 x13:0xfffffff1 x13=0xfffffff0
        5525000	       551	800018ec	0006a4b3	slt	x9,x13,x0	 x13:0xfffffff0  x0:0x00000000  x9=0x00000001
        5535000	       552	800018f0	fb7c6893	ori	x17,x24,-73	 x24:0xfffffe8f x17=0xffffffbf
        5545000	       553	800018f4	41380333	sub	x6,x16,x19	 x16:0xe14c98c8 x19:0x00000000  x6=0xe14c98c8
        5555000	       554	800018f8	fe36d2e3	bge	x13,x3,800018dc	 x13:0xfffffff0  x3:0xfffffff0
        5565000	       555	00000000	00000013	addi	x0,x0,0	  x0:0x00000000
        5575000	       556	800018d8	00000013	addi	x0,x0,0	  x0:0x00000000
        5585000	       557	800018dc	01d93cb3	sltu	x25,x18,x29	 x18:0x00000001 x29:0x0000000d x25=0x00000001
        5595000	       558	800018e0	0198edb3	or	x27,x17,x25	 x17:0xffffffbf x25:0x00000001 x27=0xffffffbf
        5605000	       559	800018e4	00792533	slt	x10,x18,x7	 x18:0x00000001  x7:0x80009f4c x10=0x00000000
        5615000	       560	800018e8	fff68693	addi	x13,x13,-1	 x13:0xfffffff0 x13=0xffffffef
        5625000	       561	800018ec	0006a4b3	slt	x9,x13,x0	 x13:0xffffffef  x0:0x00000000  x9=0x00000001
        5635000	       562	800018f0	fb7c6893	ori	x17,x24,-73	 x24:0xfffffe8f x17=0xffffffbf
        5645000	       563	800018f4	41380333	sub	x6,x16,x19	 x16:0xe14c98c8 x19:0x00000000  x6=0xe14c98c8
        5655000	       564	800018f8	fe36d2e3	bge	x13,x3,800018dc	 x13:0xffffffef  x3:0xfffffff0
        5665000	       565	800018fc	9ba5ff13	andi	x30,x11,-1606	 x11:0x00000000 x30=0x00000000
        5675000	       566	80001900	ffe00c93	addi	x25,x0,-2	  x0:0x00000000 x25=0xfffffffe
        5685000	       567	80001904	aa61a297	auipc	x5,0xaa61a	  x5=0x2a61b900
        5695000	       568	80001908	00600313	addi	x6,x0,6	  x0:0x00000000  x6=0x00000006
        5705000	       569	8000190c	01de78b3	and	x17,x28,x29	 x28:0x80009fc4 x29:0x0000000d x17=0x00000004
        5715000	       570	80001910	b3d2ff13	andi	x30,x5,-1219	  x5:0x2a61b900 x30=0x2a61b900
        5725000	       571	80001914	004c8c93	addi	x25,x25,4	 x25:0xfffffffe x25=0x00000002
        5735000	       572	80001918	4000d933	sra	x18,x1,x0	  x1:0x00000001  x0:0x00000000 x18=0x00000001
        5745000	       573	8000191c	fe6c9ae3	bne	x25,x6,80001910	 x25:0x00000002  x6:0x00000006
        5755000	       574	00000000	00000013	addi	x0,x0,0	  x0:0x00000000
        5765000	       575	8000190c	00000013	addi	x0,x0,0	  x0:0x00000000
        5775000	       576	80001910	b3d2ff13	andi	x30,x5,-1219	  x5:0x2a61b900 x30=0x2a61b900
        5785000	       577	80001914	004c8c93	addi	x25,x25,4	 x25:0x00000002 x25=0x00000006
        5795000	       578	80001918	4000d933	sra	x18,x1,x0	  x1:0x00000001  x0:0x00000000 x18=0x00000001
        5805000	       579	8000191c	fe6c9ae3	bne	x25,x6,80001910	 x25:0x00000006  x6:0x00000006
        5815000	       580	80001920	417b5b13	srai	x22,x22,0x17	 x22:0x00000000 x22=0x00000000
        5825000	       581	80001924	00000213	addi	x4,x0,0	  x0:0x00000000  x4=0x00000000
        5835000	       582	80001928	00b00d13	addi	x26,x0,11	  x0:0x00000000 x26=0x0000000b
        5845000	       583	8000192c	011eeb33	or	x22,x29,x17	 x29:0x0000000d x17:0x00000004 x22=0x0000000d
        5855000	       584	80001930	245eec93	ori	x25,x29,581	 x29:0x0000000d x25=0x0000024d
        5865000	       585	80001934	53ed6893	ori	x17,x26,1342	 x26:0x0000000b x17=0x0000053f
        5875000	       586	80001938	006ddf33	srl	x30,x27,x6	 x27:0xffffffbf  x6:0x00000006 x30=0x03fffffe
        5885000	       587	8000193c	00920213	addi	x4,x4,9	  x4:0x00000000  x4=0x00000009
        5895000	       588	80001940	00100493	addi	x9,x0,1	  x0:0x00000000  x9=0x00000001
        5905000	       589	80001944	01e89f13	slli	x30,x17,0x1e	 x17:0x0000053f x30=0xc0000000
        5915000	       590	80001948	ff200313	addi	x6,x0,-14	  x0:0x00000000  x6=0xfffffff2
        5925000	       591	8000194c	00e848b3	xor	x17,x16,x14	 x16:0xe14c98c8 x14:0xfffffff7 x17=0x1eb3673f
        5935000	       592	80001950	ffb48493	addi	x9,x9,-5	  x9:0x00000001  x9=0xfffffffc
        5945000	       593	80001954	408ddb13	srai	x22,x27,0x8	 x27:0xffffffbf x22=0xffffffff
        5955000	       594	80001958	bbcd6c93	ori	x25,x26,-1092	 x26:0x0000000b x25=0xfffffbbf
        5965000	       595	8000195c	fe6488e3	beq	x9,x6,8000194c	  x9:0xfffffffc  x6:0xfffffff2
        5975000	       596	80001960	00c05693	srli	x13,x0,0xc	  x0:0x00000000 x13=0x00000000
        5985000	       597	80001964	fda246e3	blt	x4,x26,80001930	  x4:0x00000009 x26:0x0000000b
        5995000	       598	00000000	00000013	addi	x0,x0,0	  x0:0x00000000
        6005000	       599	8000192c	00000013	addi	x0,x0,0	  x0:0x00000000
        6015000	       600	80001930	245eec93	ori	x25,x29,581	 x29:0x0000000d x25=0x0000024d
        6025000	       601	80001934	53ed6893	ori	x17,x26,1342	 x26:0x0000000b x17=0x0000053f
        6035000	       602	80001938	006ddf33	srl	x30,x27,x6	 x27:0xffffffbf  x6:0xfffffff2 x30=0x00003fff
        6045000	       603	8000193c	00920213	addi	x4,x4,9	  x4:0x00000009  x4=0x00000012
        6055000	       604	80001940	00100493	addi	x9,x0,1	  x0:0x00000000  x9=0x00000001
        6065000	       605	80001944	01e89f13	slli	x30,x17,0x1e	 x17:0x0000053f x30=0xc0000000
        6075000	       606	80001948	ff200313	addi	x6,x0,-14	  x0:0x00000000  x6=0xfffffff2
        6085000	       607	8000194c	00e848b3	xor	x17,x16,x14	 x16:0xe14c98c8 x14:0xfffffff7 x17=0x1eb3673f
        6095000	       608	80001950	ffb48493	addi	x9,x9,-5	  x9:0x00000001  x9=0xfffffffc
        6105000	       609	80001954	408ddb13	srai	x22,x27,0x8	 x27:0xffffffbf x22=0xffffffff
        6115000	       610	80001958	bbcd6c93	ori	x25,x26,-1092	 x26:0x0000000b x25=0xfffffbbf
        6125000	       611	8000195c	fe6488e3	beq	x9,x6,8000194c	  x9:0xfffffffc  x6:0xfffffff2
        6135000	       612	80001960	00c05693	srli	x13,x0,0xc	  x0:0x00000000 x13=0x00000000
        6145000	       613	80001964	fda246e3	blt	x4,x26,80001930	  x4:0x00000012 x26:0x0000000b
        6155000	       614	80001968	44ff3693	sltiu	x13,x30,1103	 x30:0xc0000000 x13=0x00000000
        6165000	       615	8000196c	00600f93	addi	x31,x0,6	  x0:0x00000000 x31=0x00000006
        6175000	       616	80001970	3afee437	lui	x8,0x3afee	  x8=0x3afee000
        6185000	       617	80001974	0133fd33	and	x26,x7,x19	  x7:0x80009f4c x19:0x00000000 x26=0x00000000
        6195000	       618	80001978	b7d06a17	auipc	x20,0xb7d06	 x20=0x37d07974
        6205000	       619	8000197c	ad157513	andi	x10,x10,-1327	 x10:0x00000000 x10=0x00000000
        6215000	       620	80001980	00b00793	addi	x15,x0,11	  x0:0x00000000 x15=0x0000000b
        6225000	       621	80001984	406154b3	sra	x9,x2,x6	  x2:0x00000002  x6:0xfffffff2  x9=0x00000000
        6235000	       622	80001988	41f98b33	sub	x22,x19,x31	 x19:0x00000000 x31:0x00000006 x22=0xfffffffa
        6245000	       623	8000198c	16b3ef13	ori	x30,x7,363	  x7:0x80009f4c x30=0x80009f6f
        6255000	       624	80001990	014e2db3	slt	x27,x28,x20	 x28:0x80009fc4 x20:0x37d07974 x27=0x00000001
        6265000	       625	80001994	00000013	addi	x0,x0,0	  x0:0x00000000
        6275000	       626	80001998	1fbc4093	xori	x1,x24,507	 x24:0xfffffe8f  x1=0xffffff74
        6285000	       627	8000199c	41628933	sub	x18,x5,x22	  x5:0x2a61b900 x22:0xfffffffa x18=0x2a61b906
        6295000	       628	800019a0	40c25c33	sra	x24,x4,x12	  x4:0x00000012 x12:0x3cec18a4 x24=0x00000001
        6305000	       629	800019a4	4ddca513	slti	x10,x25,1245	 x25:0xfffffbbf x10=0x00000001
        6315000	       630	800019a8	01583eb3	sltu	x29,x16,x21	 x16:0xe14c98c8 x21:0x0000000d x29=0x00000000
        6325000	       631	800019ac	01636233	or	x4,x6,x22	  x6:0xfffffff2 x22:0xfffffffa  x4=0xfffffffa
        6335000	       632	800019b0	009f8f93	addi	x31,x31,9	 x31:0x00000006 x31=0x0000000f
        6345000	       633	800019b4	22d620b7	lui	x1,0x22d62	  x1=0x22d62000
        6355000	       634	800019b8	00b36933	or	x18,x6,x11	  x6:0xfffffff2 x11:0x00000000 x18=0xfffffff2
        6365000	       635	800019bc	40085213	srai	x4,x16,0x0	 x16:0xe14c98c8  x4=0xe14c98c8
        6375000	       636	800019c0	00930ab3	add	x21,x6,x9	  x6:0xfffffff2  x9:0x00000000 x21=0xfffffff2
        6385000	       637	800019c4	40b4d333	sra	x6,x9,x11	  x9:0x00000000 x11:0x00000000  x6=0x00000000
        6395000	       638	800019c8	01a21913	slli	x18,x4,0x1a	  x4:0xe14c98c8 x18=0x20000000
        6405000	       639	800019cc	412c52b3	sra	x5,x24,x18	 x24:0x00000001 x18:0x20000000  x5=0x00000001
        6415000	       640	800019d0	fcffc6e3	blt	x31,x15,8000199c	 x31:0x0000000f x15:0x0000000b
        6425000	       641	800019d4	418dd9b3	sra	x19,x27,x24	 x27:0x00000001 x24:0x00000001 x19=0x00000000
        6435000	       642	800019d8	00900913	addi	x18,x0,9	  x0:0x00000000 x18=0x00000009
        6445000	       643	800019dc	ffa00f93	addi	x31,x0,-6	  x0:0x00000000 x31=0xfffffffa
        6455000	       644	800019e0	0060f0b3	and	x1,x1,x6	  x1:0x22d62000  x6:0x00000000  x1=0x00000000
        6465000	       645	800019e4	9500c893	xori	x17,x1,-1712	  x1:0x00000000 x17=0xfffff950
        6475000	       646	800019e8	ffd90913	addi	x18,x18,-3	 x18:0x00000009 x18=0x00000006
        6485000	       647	800019ec	ffb00313	addi	x6,x0,-5	  x0:0x00000000  x6=0xfffffffb
        6495000	       648	800019f0	00f00a93	addi	x21,x0,15	  x0:0x00000000 x21=0x0000000f
        6505000	       649	800019f4	01c89d33	sll	x26,x17,x28	 x17:0xfffff950 x28:0x80009fc4 x26=0xffff9500
        6515000	       650	800019f8	17667993	andi	x19,x12,374	 x12:0x3cec18a4 x19=0x00000024
        6525000	       651	800019fc	00ea2bb3	slt	x23,x20,x14	 x20:0x37d07974 x14:0xfffffff7 x23=0x00000000
        6535000	       652	80001a00	00530313	addi	x6,x6,5	  x6:0xfffffffb  x6=0x00000000
        6545000	       653	80001a04	9db52597	auipc	x11,0x9db52	 x11=0x1db53a00
        6555000	       654	80001a08	ff5318e3	bne	x6,x21,800019f8	  x6:0x00000000 x21:0x0000000f
        6565000	       655	00000000	00000013	addi	x0,x0,0	  x0:0x00000000
        6575000	       656	800019f4	00000013	addi	x0,x0,0	  x0:0x00000000
        6585000	       657	800019f8	17667993	andi	x19,x12,374	 x12:0x3cec18a4 x19=0x00000024
        6595000	       658	800019fc	00ea2bb3	slt	x23,x20,x14	 x20:0x37d07974 x14:0xfffffff7 x23=0x00000000
        6605000	       659	80001a00	00530313	addi	x6,x6,5	  x6:0x00000000  x6=0x00000005
        6615000	       660	80001a04	9db52597	auipc	x11,0x9db52	 x11=0x1db53a00
        6625000	       661	80001a08	ff5318e3	bne	x6,x21,800019f8	  x6:0x00000005 x21:0x0000000f
        6635000	       662	00000000	00000013	addi	x0,x0,0	  x0:0x00000000
        6645000	       663	800019f4	00000013	addi	x0,x0,0	  x0:0x00000000
        6655000	       664	800019f8	17667993	andi	x19,x12,374	 x12:0x3cec18a4 x19=0x00000024
        6665000	       665	800019fc	00ea2bb3	slt	x23,x20,x14	 x20:0x37d07974 x14:0xfffffff7 x23=0x00000000
        6675000	       666	80001a00	00530313	addi	x6,x6,5	  x6:0x00000005  x6=0x0000000a
        6685000	       667	80001a04	9db52597	auipc	x11,0x9db52	 x11=0x1db53a00
        6695000	       668	80001a08	ff5318e3	bne	x6,x21,800019f8	  x6:0x0000000a x21:0x0000000f
        6705000	       669	00000000	00000013	addi	x0,x0,0	  x0:0x00000000
        6715000	       670	800019f4	00000013	addi	x0,x0,0	  x0:0x00000000
        6725000	       671	800019f8	17667993	andi	x19,x12,374	 x12:0x3cec18a4 x19=0x00000024
        6735000	       672	800019fc	00ea2bb3	slt	x23,x20,x14	 x20:0x37d07974 x14:0xfffffff7 x23=0x00000000
        6745000	       673	80001a00	00530313	addi	x6,x6,5	  x6:0x0000000a  x6=0x0000000f
        6755000	       674	80001a04	9db52597	auipc	x11,0x9db52	 x11=0x1db53a00
        6765000	       675	80001a08	ff5318e3	bne	x6,x21,800019f8	  x6:0x0000000f x21:0x0000000f
        6775000	       676	80001a0c	0015d6b3	srl	x13,x11,x1	 x11:0x1db53a00  x1:0x00000000 x13=0x1db53a00
        6785000	       677	80001a10	eb67b293	sltiu	x5,x15,-330	 x15:0x0000000b  x5=0x00000001
        6795000	       678	80001a14	fdf908e3	beq	x18,x31,800019e4	 x18:0x00000006 x31:0xfffffffa
        6805000	       679	80001a18	01902033	slt	x0,x0,x25	  x0:0x00000000 x25:0xfffffbbf
        6815000	       680	80001a1c	00400a13	addi	x20,x0,4	  x0:0x00000000 x20=0x00000004
        6825000	       681	80001a20	401ed5b3	sra	x11,x29,x1	 x29:0x00000000  x1:0x00000000 x11=0x00000000
        6835000	       682	80001a24	003a7db3	and	x27,x20,x3	 x20:0x00000004  x3:0xfffffff0 x27=0x00000000
        6845000	       683	80001a28	ff500a93	addi	x21,x0,-11	  x0:0x00000000 x21=0xfffffff5
        6855000	       684	80001a2c	01c0ceb3	xor	x29,x1,x28	  x1:0x00000000 x28:0x80009fc4 x29=0x80009fc4
        6865000	       685	80001a30	2eeb8593	addi	x11,x23,750	 x23:0x00000000 x11=0x000002ee
        6875000	       686	80001a34	1964eb13	ori	x22,x9,406	  x9:0x00000000 x22=0x00000196
        6885000	       687	80001a38	84f90713	addi	x14,x18,-1969	 x18:0x00000006 x14=0xfffff855
        6895000	       688	80001a3c	ffea0a13	addi	x20,x20,-2	 x20:0x00000004 x20=0x00000002
        6905000	       689	80001a40	010da233	slt	x4,x27,x16	 x27:0x00000000 x16:0xe14c98c8  x4=0x00000000
        6915000	       690	80001a44	015f91b3	sll	x3,x31,x21	 x31:0xfffffffa x21:0xfffffff5  x3=0xff400000
        6925000	       691	80001a48	007f40b3	xor	x1,x30,x7	 x30:0x80009f6f  x7:0x80009f4c  x1=0x00000023
        6935000	       692	80001a4c	ff5a52e3	bge	x20,x21,80001a30	 x20:0x00000002 x21:0xfffffff5
        6945000	       693	00000000	00000013	addi	x0,x0,0	  x0:0x00000000
        6955000	       694	80001a2c	00000013	addi	x0,x0,0	  x0:0x00000000
        6965000	       695	80001a30	2eeb8593	addi	x11,x23,750	 x23:0x00000000 x11=0x000002ee
        6975000	       696	80001a34	1964eb13	ori	x22,x9,406	  x9:0x00000000 x22=0x00000196
        6985000	       697	80001a38	84f90713	addi	x14,x18,-1969	 x18:0x00000006 x14=0xfffff855
        6995000	       698	80001a3c	ffea0a13	addi	x20,x20,-2	 x20:0x00000002 x20=0x00000000
        7005000	       699	80001a40	010da233	slt	x4,x27,x16	 x27:0x00000000 x16:0xe14c98c8  x4=0x00000000
        7015000	       700	80001a44	015f91b3	sll	x3,x31,x21	 x31:0xfffffffa x21:0xfffffff5  x3=0xff400000
        7025000	       701	80001a48	007f40b3	xor	x1,x30,x7	 x30:0x80009f6f  x7:0x80009f4c  x1=0x00000023
        7035000	       702	80001a4c	ff5a52e3	bge	x20,x21,80001a30	 x20:0x00000000 x21:0xfffffff5
        7045000	       703	00000000	00000013	addi	x0,x0,0	  x0:0x00000000
        7055000	       704	80001a2c	00000013	addi	x0,x0,0	  x0:0x00000000
        7065000	       705	80001a30	2eeb8593	addi	x11,x23,750	 x23:0x00000000 x11=0x000002ee
        7075000	       706	80001a34	1964eb13	ori	x22,x9,406	  x9:0x00000000 x22=0x00000196
        7085000	       707	80001a38	84f90713	addi	x14,x18,-1969	 x18:0x00000006 x14=0xfffff855
        7095000	       708	80001a3c	ffea0a13	addi	x20,x20,-2	 x20:0x00000000 x20=0xfffffffe
        7105000	       709	80001a40	010da233	slt	x4,x27,x16	 x27:0x00000000 x16:0xe14c98c8  x4=0x00000000
        7115000	       710	80001a44	015f91b3	sll	x3,x31,x21	 x31:0xfffffffa x21:0xfffffff5  x3=0xff400000
        7125000	       711	80001a48	007f40b3	xor	x1,x30,x7	 x30:0x80009f6f  x7:0x80009f4c  x1=0x00000023
        7135000	       712	80001a4c	ff5a52e3	bge	x20,x21,80001a30	 x20:0xfffffffe x21:0xfffffff5
        7145000	       713	00000000	00000013	addi	x0,x0,0	  x0:0x00000000
        7155000	       714	80001a2c	00000013	addi	x0,x0,0	  x0:0x00000000
        7165000	       715	80001a30	2eeb8593	addi	x11,x23,750	 x23:0x00000000 x11=0x000002ee
        7175000	       716	80001a34	1964eb13	ori	x22,x9,406	  x9:0x00000000 x22=0x00000196
        7185000	       717	80001a38	84f90713	addi	x14,x18,-1969	 x18:0x00000006 x14=0xfffff855
        7195000	       718	80001a3c	ffea0a13	addi	x20,x20,-2	 x20:0xfffffffe x20=0xfffffffc
        7205000	       719	80001a40	010da233	slt	x4,x27,x16	 x27:0x00000000 x16:0xe14c98c8  x4=0x00000000
        7215000	       720	80001a44	015f91b3	sll	x3,x31,x21	 x31:0xfffffffa x21:0xfffffff5  x3=0xff400000
        7225000	       721	80001a48	007f40b3	xor	x1,x30,x7	 x30:0x80009f6f  x7:0x80009f4c  x1=0x00000023
        7235000	       722	80001a4c	ff5a52e3	bge	x20,x21,80001a30	 x20:0xfffffffc x21:0xfffffff5
        7245000	       723	00000000	00000013	addi	x0,x0,0	  x0:0x00000000
        7255000	       724	80001a2c	00000013	addi	x0,x0,0	  x0:0x00000000
        7265000	       725	80001a30	2eeb8593	addi	x11,x23,750	 x23:0x00000000 x11=0x000002ee
        7275000	       726	80001a34	1964eb13	ori	x22,x9,406	  x9:0x00000000 x22=0x00000196
        7285000	       727	80001a38	84f90713	addi	x14,x18,-1969	 x18:0x00000006 x14=0xfffff855
        7295000	       728	80001a3c	ffea0a13	addi	x20,x20,-2	 x20:0xfffffffc x20=0xfffffffa
        7305000	       729	80001a40	010da233	slt	x4,x27,x16	 x27:0x00000000 x16:0xe14c98c8  x4=0x00000000
        7315000	       730	80001a44	015f91b3	sll	x3,x31,x21	 x31:0xfffffffa x21:0xfffffff5  x3=0xff400000
        7325000	       731	80001a48	007f40b3	xor	x1,x30,x7	 x30:0x80009f6f  x7:0x80009f4c  x1=0x00000023
        7335000	       732	80001a4c	ff5a52e3	bge	x20,x21,80001a30	 x20:0xfffffffa x21:0xfffffff5
        7345000	       733	00000000	00000013	addi	x0,x0,0	  x0:0x00000000
        7355000	       734	80001a2c	00000013	addi	x0,x0,0	  x0:0x00000000
        7365000	       735	80001a30	2eeb8593	addi	x11,x23,750	 x23:0x00000000 x11=0x000002ee
        7375000	       736	80001a34	1964eb13	ori	x22,x9,406	  x9:0x00000000 x22=0x00000196
        7385000	       737	80001a38	84f90713	addi	x14,x18,-1969	 x18:0x00000006 x14=0xfffff855
        7395000	       738	80001a3c	ffea0a13	addi	x20,x20,-2	 x20:0xfffffffa x20=0xfffffff8
        7405000	       739	80001a40	010da233	slt	x4,x27,x16	 x27:0x00000000 x16:0xe14c98c8  x4=0x00000000
        7415000	       740	80001a44	015f91b3	sll	x3,x31,x21	 x31:0xfffffffa x21:0xfffffff5  x3=0xff400000
        7425000	       741	80001a48	007f40b3	xor	x1,x30,x7	 x30:0x80009f6f  x7:0x80009f4c  x1=0x00000023
        7435000	       742	80001a4c	ff5a52e3	bge	x20,x21,80001a30	 x20:0xfffffff8 x21:0xfffffff5
        7445000	       743	00000000	00000013	addi	x0,x0,0	  x0:0x00000000
        7455000	       744	80001a2c	00000013	addi	x0,x0,0	  x0:0x00000000
        7465000	       745	80001a30	2eeb8593	addi	x11,x23,750	 x23:0x00000000 x11=0x000002ee
        7475000	       746	80001a34	1964eb13	ori	x22,x9,406	  x9:0x00000000 x22=0x00000196
        7485000	       747	80001a38	84f90713	addi	x14,x18,-1969	 x18:0x00000006 x14=0xfffff855
        7495000	       748	80001a3c	ffea0a13	addi	x20,x20,-2	 x20:0xfffffff8 x20=0xfffffff6
        7505000	       749	80001a40	010da233	slt	x4,x27,x16	 x27:0x00000000 x16:0xe14c98c8  x4=0x00000000
        7515000	       750	80001a44	015f91b3	sll	x3,x31,x21	 x31:0xfffffffa x21:0xfffffff5  x3=0xff400000
        7525000	       751	80001a48	007f40b3	xor	x1,x30,x7	 x30:0x80009f6f  x7:0x80009f4c  x1=0x00000023
        7535000	       752	80001a4c	ff5a52e3	bge	x20,x21,80001a30	 x20:0xfffffff6 x21:0xfffffff5
        7545000	       753	00000000	00000013	addi	x0,x0,0	  x0:0x00000000
        7555000	       754	80001a2c	00000013	addi	x0,x0,0	  x0:0x00000000
        7565000	       755	80001a30	2eeb8593	addi	x11,x23,750	 x23:0x00000000 x11=0x000002ee
        7575000	       756	80001a34	1964eb13	ori	x22,x9,406	  x9:0x00000000 x22=0x00000196
        7585000	       757	80001a38	84f90713	addi	x14,x18,-1969	 x18:0x00000006 x14=0xfffff855
        7595000	       758	80001a3c	ffea0a13	addi	x20,x20,-2	 x20:0xfffffff6 x20=0xfffffff4
        7605000	       759	80001a40	010da233	slt	x4,x27,x16	 x27:0x00000000 x16:0xe14c98c8  x4=0x00000000
        7615000	       760	80001a44	015f91b3	sll	x3,x31,x21	 x31:0xfffffffa x21:0xfffffff5  x3=0xff400000
        7625000	       761	80001a48	007f40b3	xor	x1,x30,x7	 x30:0x80009f6f  x7:0x80009f4c  x1=0x00000023
        7635000	       762	80001a4c	ff5a52e3	bge	x20,x21,80001a30	 x20:0xfffffff4 x21:0xfffffff5
        7645000	       763	80001a50	e92d8417	auipc	x8,0xe92d8	  x8=0x692d9a4c
        7655000	       764	80001a54	47f4bf93	sltiu	x31,x9,1151	  x9:0x00000000 x31=0x00000001
        7665000	       765	80001a58	00596263	bltu	x18,x5,80001a5c	 x18:0x00000006  x5:0x00000001
        7675000	       766	80001a5c	02e24863	blt	x4,x14,80001a8c	  x4:0x00000000 x14:0xfffff855
        7685000	       767	80001a60	052aff13	andi	x30,x21,82	 x21:0xfffffff5 x30=0x00000050
        7695000	       768	80001a64	017c4d33	xor	x26,x24,x23	 x24:0x00000001 x23:0x00000000 x26=0x00000001
        7705000	       769	80001a68	05630463	beq	x6,x22,80001ab0	  x6:0x0000000f x22:0x00000196
        7715000	       770	80001a6c	9fd63937	lui	x18,0x9fd63	 x18=0x9fd63000
        7725000	       771	80001a70	a06ee093	ori	x1,x29,-1530	 x29:0x80009fc4  x1=0xffffffc6
        7735000	       772	80001a74	a0b98a13	addi	x20,x19,-1525	 x19:0x00000024 x20=0xfffffa2f
        7745000	       773	80001a78	360cc893	xori	x17,x25,864	 x25:0xfffffbbf x17=0xfffff8df
        7755000	       774	80001a7c	01295d13	srli	x26,x18,0x12	 x18:0x9fd63000 x26=0x000027f5
        7765000	       775	80001a80	014f76b3	and	x13,x30,x20	 x30:0x00000050 x20:0xfffffa2f x13=0x00000000
        7775000	       776	80001a84	f1e806b7	lui	x13,0xf1e80	 x13=0xf1e80000
        7785000	       777	80001a88	41e50333	sub	x6,x10,x30	 x10:0x00000001 x30:0x00000050  x6=0xffffffb1
        7795000	       778	80001a8c	0302c263	blt	x5,x16,80001ab0	  x5:0x00000001 x16:0xe14c98c8
        7805000	       779	80001a90	00cbf1b3	and	x3,x23,x12	 x23:0x00000000 x12:0x3cec18a4  x3=0x00000000
        7815000	       780	80001a94	c36e7097	auipc	x1,0xc36e7	  x1=0x436e8a90
        7825000	       781	80001a98	40010233	sub	x4,x2,x0	  x2:0x00000002  x0:0x00000000  x4=0x00000002
        7835000	       782	80001a9c	03391a63	bne	x18,x19,80001ad0	 x18:0x9fd63000 x19:0x00000024
        7845000	       783	00000000	00000013	addi	x0,x0,0	  x0:0x00000000
        7855000	       784	80001acc	00000013	addi	x0,x0,0	  x0:0x00000000
        7865000	       785	80001ad0	00af3533	sltu	x10,x30,x10	 x30:0x00000050 x10:0x00000001 x10=0x00000000
        7875000	       786	80001ad4	00173233	sltu	x4,x14,x1	 x14:0xfffff855  x1:0x436e8a90  x4=0x00000000
        7885000	       787	80001ad8	010d55b3	srl	x11,x26,x16	 x26:0x000027f5 x16:0xe14c98c8 x11=0x00000027
        7895000	       788	80001adc	0114d593	srli	x11,x9,0x11	  x9:0x00000000 x11=0x00000000
        7905000	       789	80001ae0	012d5263	bge	x26,x18,80001ae4	 x26:0x000027f5 x18:0x9fd63000
        7915000	       790	00000000	00000013	addi	x0,x0,0	  x0:0x00000000
        7925000	       791	80001ae0	00000013	addi	x0,x0,0	  x0:0x00000000
        7935000	       792	80001ae4	69a3ceb7	lui	x29,0x69a3c	 x29=0x69a3c000
        7945000	       793	80001ae8	0192d033	srl	x0,x5,x25	  x5:0x00000001 x25:0xfffffbbf
        7955000	       794	80001aec	3e1f3093	sltiu	x1,x30,993	 x30:0x00000050  x1=0x00000001
        7965000	       795	80001af0	02ceec63	bltu	x29,x12,80001b28	 x29:0x69a3c000 x12:0x3cec18a4
        7975000	       796	80001af4	13378e93	addi	x29,x15,307	 x15:0x0000000b x29=0x0000013e
        7985000	       797	80001af8	00faf533	and	x10,x21,x15	 x21:0xfffffff5 x15:0x0000000b x10=0x00000001
        7995000	       798	80001afc	41bc5093	srai	x1,x24,0x1b	 x24:0x00000001  x1=0x00000000
        8005000	       799	80001b00	017e5913	srli	x18,x28,0x17	 x28:0x80009fc4 x18=0x00000100
        8015000	       800	80001b04	01e89f33	sll	x30,x17,x30	 x17:0xfffff8df x30:0x00000050 x30=0xf8df0000
        8025000	       801	80001b08	01d519b3	sll	x19,x10,x29	 x10:0x00000001 x29:0x0000013e x19=0x40000000
        8035000	       802	80001b0c	fb0197b7	lui	x15,0xfb019	 x15=0xfb019000
        8045000	       803	80001b10	2e9a4693	xori	x13,x20,745	 x20:0xfffffa2f x13=0xfffff8c6
        8055000	       804	80001b14	018b34b3	sltu	x9,x22,x24	 x22:0x00000196 x24:0x00000001  x9=0x00000000
        8065000	       805	80001b18	55b3c213	xori	x4,x7,1371	  x7:0x80009f4c  x4=0x80009a17
        8075000	       806	80001b1c	40315913	srai	x18,x2,0x3	  x2:0x00000002 x18=0x00000000
        8085000	       807	80001b20	03e9f063	bgeu	x19,x30,80001b40	 x19:0x40000000 x30:0xf8df0000
        8095000	       808	80001b24	01929d13	slli	x26,x5,0x19	  x5:0x00000001 x26=0x02000000
        8105000	       809	80001b28	03a3c863	blt	x7,x26,80001b58	  x7:0x80009f4c x26:0x02000000
        8115000	       810	00000000	00000013	addi	x0,x0,0	  x0:0x00000000
        8125000	       811	80001b54	00000013	addi	x0,x0,0	  x0:0x00000000
        8135000	       812	80001b58	fc9a0b13	addi	x22,x20,-55	 x20:0xfffffa2f x22=0xfffff9f8
        8145000	       813	80001b5c	5f86e713	ori	x14,x13,1528	 x13:0xfffff8c6 x14=0xfffffdfe
        8155000	       814	80001b60	00505b93	srli	x23,x0,0x5	  x0:0x00000000 x23=0x00000000
        8165000	       815	80001b64	e111f193	andi	x3,x3,-495	  x3:0x00000000  x3=0x00000000
        8175000	       816	80001b68	014ec033	xor	x0,x29,x20	 x29:0x0000013e x20:0xfffffa2f
        8185000	       817	80001b6c	01d9c2b3	xor	x5,x19,x29	 x19:0x40000000 x29:0x0000013e  x5=0x4000013e
        8195000	       818	80001b70	59fe0b13	addi	x22,x28,1439	 x28:0x80009fc4 x22=0x8000a563
        8205000	       819	80001b74	014f5433	srl	x8,x30,x20	 x30:0xf8df0000 x20:0xfffffa2f  x8=0x0001f1be
        8215000	       820	80001b78	0094eab3	or	x21,x9,x9	  x9:0x00000000  x9:0x00000000 x21=0x00000000
        8225000	       821	80001b7c	bf290513	addi	x10,x18,-1038	 x18:0x00000000 x10=0xfffffbf2
        8235000	       822	80001b80	0142f4b3	and	x9,x5,x20	  x5:0x4000013e x20:0xfffffa2f  x9=0x4000002e
        8245000	       823	80001b84	039fd863	bge	x31,x25,80001bb4	 x31:0x00000001 x25:0xfffffbbf
        8255000	       824	00000000	00000013	addi	x0,x0,0	  x0:0x00000000
        8265000	       825	80001bb0	00000013	addi	x0,x0,0	  x0:0x00000000
        8275000	       826	80001bb4	02faf663	bgeu	x21,x15,80001be0	 x21:0x00000000 x15:0xfb019000
        8285000	       827	80001bb8	48eb7993	andi	x19,x22,1166	 x22:0x8000a563 x19=0x00000402
        8295000	       828	80001bbc	01ddfab3	and	x21,x27,x29	 x27:0x00000000 x29:0x0000013e x21=0x00000000
        8305000	       829	80001bc0	c56bb693	sltiu	x13,x23,-938	 x23:0x00000000 x13=0x00000001
        8315000	       830	80001bc4	9fd52637	lui	x12,0x9fd52	 x12=0x9fd52000
        8325000	       831	80001bc8	411dd433	sra	x8,x27,x17	 x27:0x00000000 x17:0xfffff8df  x8=0x00000000
        8335000	       832	80001bcc	00d239b3	sltu	x19,x4,x13	  x4:0x80009a17 x13:0x00000001 x19=0x00000000
        8345000	       833	80001bd0	56a938b7	lui	x17,0x56a93	 x17=0x56a93000
        8355000	       834	80001bd4	b36e8793	addi	x15,x29,-1226	 x29:0x0000013e x15=0xfffffc74
        8365000	       835	80001bd8	d6424993	xori	x19,x4,-668	  x4:0x80009a17 x19=0x7fff6773
        8375000	       836	80001bdc	04a48663	beq	x9,x10,80001c28	  x9:0x4000002e x10:0xfffffbf2
        8385000	       837	80001be0	018f6233	or	x4,x30,x24	 x30:0xf8df0000 x24:0x00000001  x4=0xf8df0001
        8395000	       838	80001be4	15007613	andi	x12,x0,336	  x0:0x00000000 x12=0x00000000
        8405000	       839	80001be8	b00e6a93	ori	x21,x28,-1280	 x28:0x80009fc4 x21=0xffffffc4
        8415000	       840	80001bec	011a68b3	or	x17,x20,x17	 x20:0xfffffa2f x17:0x56a93000 x17=0xfffffa2f
        8425000	       841	80001bf0	5a412b93	slti	x23,x2,1444	  x2:0x00000002 x23=0x00000001
        8435000	       842	80001bf4	94f2c193	xori	x3,x5,-1713	  x5:0x4000013e  x3=0xbffff871
        8445000	       843	80001bf8	01950fb3	add	x31,x10,x25	 x10:0xfffffbf2 x25:0xfffffbbf x31=0xfffff7b1
        8455000	       844	80001bfc	01550033	add	x0,x10,x21	 x10:0xfffffbf2 x21:0xffffffc4
        8465000	       845	80001c00	1b764793	xori	x15,x12,439	 x12:0x00000000 x15=0x000001b7
        8475000	       846	80001c04	00fa5263	bge	x20,x15,80001c08	 x20:0xfffffa2f x15:0x000001b7
        8485000	       847	80001c08	d7e89317	auipc	x6,0xd7e89	  x6=0x57e8ac04
        8495000	       848	80001c0c	010dde93	srli	x29,x27,0x10	 x27:0x00000000 x29=0x00000000
        8505000	       849	80001c10	40e2d493	srai	x9,x5,0xe	  x5:0x4000013e  x9=0x00010000
        8515000	       850	80001c14	02cb4863	blt	x22,x12,80001c44	 x22:0x8000a563 x12:0x00000000
        8525000	       851	00000000	00000013	addi	x0,x0,0	  x0:0x00000000
        8535000	       852	80001c40	00000013	addi	x0,x0,0	  x0:0x00000000
        8545000	       853	80001c44	017f5a93	srli	x21,x30,0x17	 x30:0xf8df0000 x21=0x000001f1
        8555000	       854	80001c48	52ef3197	auipc	x3,0x52ef3	  x3=0xd2ef4c44
        8565000	       855	80001c4c	4bd3b817	auipc	x16,0x4bd3b	 x16=0xcbd3cc48
        8575000	       856	80001c50	44f83913	sltiu	x18,x16,1103	 x16:0xcbd3cc48 x18=0x00000000
        8585000	       857	80001c54	14a38b93	addi	x23,x7,330	  x7:0x80009f4c x23=0x8000a096
        8595000	       858	80001c58	7264a593	slti	x11,x9,1830	  x9:0x00010000 x11=0x00000000
        8605000	       859	80001c5c	0166e2b3	or	x5,x13,x22	 x13:0x00000001 x22:0x8000a563  x5=0x8000a563
        8615000	       860	80001c60	01ed3033	sltu	x0,x26,x30	 x26:0x02000000 x30:0xf8df0000
        8625000	       861	80001c64	02755663	bge	x10,x7,80001c90	 x10:0xfffffbf2  x7:0x80009f4c
        8635000	       862	00000000	00000013	addi	x0,x0,0	  x0:0x00000000
        8645000	       863	80001c8c	00000013	addi	x0,x0,0	  x0:0x00000000
        8655000	       864	80001c90	01700c33	add	x24,x0,x23	  x0:0x00000000 x23:0x8000a096 x24=0x8000a096
        8665000	       865	80001c94	018b6a63	bltu	x22,x24,80001ca8	 x22:0x8000a563 x24:0x8000a096
        8675000	       866	80001c98	00000013	addi	x0,x0,0	  x0:0x00000000
        8685000	       867	80001c9c	f269a713	slti	x14,x19,-218	 x19:0x7fff6773 x14=0x00000000
        8695000	       868	80001ca0	4090d313	srai	x6,x1,0x9	  x1:0x00000000  x6=0x00000000
        8705000	       869	80001ca4	00a1c463	blt	x3,x10,80001cac	  x3:0xd2ef4c44 x10:0xfffffbf2
        8715000	       870	00000000	00000013	addi	x0,x0,0	  x0:0x00000000
        8725000	       871	80001ca8	00000013	addi	x0,x0,0	  x0:0x00000000
        8735000	       872	80001cac	0544d863	bge	x9,x20,80001cfc	  x9:0x00010000 x20:0xfffffa2f
        8745000	       873	00000000	00000013	addi	x0,x0,0	  x0:0x00000000
        8755000	       874	80001cf8	00000013	addi	x0,x0,0	  x0:0x00000000
        8765000	       875	80001cfc	4055d413	srai	x8,x11,0x5	 x11:0x00000000  x8=0x00000000
        8775000	       876	80001d00	41e18333	sub	x6,x3,x30	  x3:0xd2ef4c44 x30:0xf8df0000  x6=0xda104c44
        8785000	       877	80001d04	41487513	andi	x10,x16,1044	 x16:0xcbd3cc48 x10=0x00000400
        8795000	       878	80001d08	a6f05597	auipc	x11,0xa6f05	 x11=0x26f06d04
        8805000	       879	80001d0c	02950e63	beq	x10,x9,80001d48	 x10:0x00000400  x9:0x00010000
        8815000	       880	80001d10	00000013	addi	x0,x0,0	  x0:0x00000000
        8825000	       881	80001d14	0326d663	bge	x13,x18,80001d40	 x13:0x00000001 x18:0x00000000
        8835000	       882	00000000	00000013	addi	x0,x0,0	  x0:0x00000000
        8845000	       883	80001d3c	00000013	addi	x0,x0,0	  x0:0x00000000
        8855000	       884	80001d40	023ff663	bgeu	x31,x3,80001d6c	 x31:0xfffff7b1  x3:0xd2ef4c44
        8865000	       885	00000000	00000013	addi	x0,x0,0	  x0:0x00000000
        8875000	       886	80001d68	00000013	addi	x0,x0,0	  x0:0x00000000
        8885000	       887	80001d6c	00565b33	srl	x22,x12,x5	 x12:0x00000000  x5:0x8000a563 x22=0x00000000
        8895000	       888	80001d70	00000013	addi	x0,x0,0	  x0:0x00000000
        8905000	       889	80001d74	b7908213	addi	x4,x1,-1159	  x1:0x00000000  x4=0xfffffb79
        8915000	       890	80001d78	d0bc0793	addi	x15,x24,-757	 x24:0x8000a096 x15=0x80009da1
        8925000	       891	80001d7c	01d31313	slli	x6,x6,0x1d	  x6:0xda104c44  x6=0x80000000
        8935000	       892	80001d80	41085013	srai	x0,x16,0x10	 x16:0xcbd3cc48
        8945000	       893	80001d84	008ef733	and	x14,x29,x8	 x29:0x00000000  x8:0x00000000 x14=0x00000000
        8955000	       894	80001d88	1afee193	ori	x3,x29,431	 x29:0x00000000  x3=0x000001af
        8965000	       895	80001d8c	0011dc93	srli	x25,x3,0x1	  x3:0x000001af x25=0x000000d7
        8975000	       896	80001d90	002bdd93	srli	x27,x23,0x2	 x23:0x8000a096 x27=0x20002825
        8985000	       897	80001d94	040ef663	bgeu	x29,x0,80001de0	 x29:0x00000000  x0:0x00000000
        8995000	       898	00000000	00000013	addi	x0,x0,0	  x0:0x00000000
        9005000	       899	80001ddc	00000013	addi	x0,x0,0	  x0:0x00000000
        9015000	       900	80001de0	014714b3	sll	x9,x14,x20	 x14:0x00000000 x20:0xfffffa2f  x9=0x00000000
        9025000	       901	80001de4	0404f663	bgeu	x9,x0,80001e30	  x9:0x00000000  x0:0x00000000
        9035000	       902	00000000	00000013	addi	x0,x0,0	  x0:0x00000000
        9045000	       903	80001e2c	00000013	addi	x0,x0,0	  x0:0x00000000
        9055000	       904	80001e30	0097b533	sltu	x10,x15,x9	 x15:0x80009da1  x9:0x00000000 x10=0x00000000
        9065000	       905	80001e34	785bb513	sltiu	x10,x23,1925	 x23:0x8000a096 x10=0x00000000
        9075000	       906	80001e38	cbdc7013	andi	x0,x24,-835	 x24:0x8000a096
        9085000	       907	80001e3c	1407a613	slti	x12,x15,320	 x15:0x80009da1 x12=0x00000001
        9095000	       908	80001e40	02ee7863	bgeu	x28,x14,80001e70	 x28:0x80009fc4 x14:0x00000000
        9105000	       909	00000000	00000013	addi	x0,x0,0	  x0:0x00000000
        9115000	       910	80001e6c	00000013	addi	x0,x0,0	  x0:0x00000000
        9125000	       911	80001e70	051d0863	beq	x26,x17,80001ec0	 x26:0x02000000 x17:0xfffffa2f
        9135000	       912	80001e74	41c855b3	sra	x11,x16,x28	 x16:0xcbd3cc48 x28:0x80009fc4 x11=0xfcbd3cc4
        9145000	       913	80001e78	04cd1863	bne	x26,x12,80001ec8	 x26:0x02000000 x12:0x00000001
        9155000	       914	00000000	00000013	addi	x0,x0,0	  x0:0x00000000
        9165000	       915	80001ec4	00000013	addi	x0,x0,0	  x0:0x00000000
        9175000	       916	80001ec8	01f82933	slt	x18,x16,x31	 x16:0xcbd3cc48 x31:0xfffff7b1 x18=0x00000001
        9185000	       917	80001ecc	0030d4b3	srl	x9,x1,x3	  x1:0x00000000  x3:0x000001af  x9=0x00000000
        9195000	       918	80001ed0	fe76b017	auipc	x0,0xfe76b	
        9205000	       919	80001ed4	08ed1863	bne	x26,x14,80001f64	 x26:0x02000000 x14:0x00000000
        9215000	       920	00000000	00000013	addi	x0,x0,0	  x0:0x00000000
        9225000	       921	80001f60	00000013	addi	x0,x0,0	  x0:0x00000000
        9235000	       922	80001f64	03034a63	blt	x6,x16,80001f98	  x6:0x80000000 x16:0xcbd3cc48
        9245000	       923	00000000	00000013	addi	x0,x0,0	  x0:0x00000000
        9255000	       924	80001f94	00000013	addi	x0,x0,0	  x0:0x00000000
        9265000	       925	80001f98	009cc633	xor	x12,x25,x9	 x25:0x000000d7  x9:0x00000000 x12=0x000000d7
        9275000	       926	80001f9c	0547d263	bge	x15,x20,80001fe0	 x15:0x80009da1 x20:0xfffffa2f
        9285000	       927	80001fa0	46872893	slti	x17,x14,1128	 x14:0x00000000 x17=0x00000001
        9295000	       928	80001fa4	035a4863	blt	x20,x21,80001fd4	 x20:0xfffffa2f x21:0x000001f1
        9305000	       929	00000000	00000013	addi	x0,x0,0	  x0:0x00000000
        9315000	       930	80001fd0	00000013	addi	x0,x0,0	  x0:0x00000000
        9325000	       931	80001fd4	fa5ce737	lui	x14,0xfa5ce	 x14=0xfa5ce000
        9335000	       932	80001fd8	00a82db3	slt	x27,x16,x10	 x16:0xcbd3cc48 x10:0x00000000 x27=0x00000001
        9345000	       933	80001fdc	29ba8513	addi	x10,x21,667	 x21:0x000001f1 x10=0x0000048c
        9355000	       934	80001fe0	00191a63	bne	x18,x1,80001ff4	 x18:0x00000001  x1:0x00000000
        9365000	       935	00000000	00000013	addi	x0,x0,0	  x0:0x00000000
        9375000	       936	80001ff0	00000013	addi	x0,x0,0	  x0:0x00000000
        9385000	       937	80001ff4	057e8463	beq	x29,x23,8000203c	 x29:0x00000000 x23:0x8000a096
        9395000	       938	80001ff8	03c56863	bltu	x10,x28,80002028	 x10:0x0000048c x28:0x80009fc4
        9405000	       939	00000000	00000013	addi	x0,x0,0	  x0:0x00000000
        9415000	       940	80002024	00000013	addi	x0,x0,0	  x0:0x00000000
        9425000	       941	80002028	02cdd863	bge	x27,x12,80002058	 x27:0x00000001 x12:0x000000d7
        9435000	       942	8000202c	545b00b7	lui	x1,0x545b0	  x1=0x545b0000
        9445000	       943	80002030	406f5a33	sra	x20,x30,x6	 x30:0xf8df0000  x6:0x80000000 x20=0xf8df0000
        9455000	       944	80002034	4074d013	srai	x0,x9,0x7	  x9:0x00000000
        9465000	       945	80002038	010e62b3	or	x5,x28,x16	 x28:0x80009fc4 x16:0xcbd3cc48  x5=0xcbd3dfcc
        9475000	       946	8000203c	00435493	srli	x9,x6,0x4	  x6:0x80000000  x9=0x08000000
        9485000	       947	80002040	0167bc33	sltu	x24,x15,x22	 x15:0x80009da1 x22:0x00000000 x24=0x00000000
        9495000	       948	80002044	00be9f13	slli	x30,x29,0xb	 x29:0x00000000 x30=0x00000000
        9505000	       949	80002048	49cc2f93	slti	x31,x24,1180	 x24:0x00000000 x31=0x00000001
        9515000	       950	8000204c	0118d693	srli	x13,x17,0x11	 x17:0x00000001 x13=0x00000000
        9525000	       951	80002050	00b18cb3	add	x25,x3,x11	  x3:0x000001af x11:0xfcbd3cc4 x25=0xfcbd3e73
        9535000	       952	80002054	02f21663	bne	x4,x15,80002080	  x4:0xfffffb79 x15:0x80009da1
        9545000	       953	00000000	00000013	addi	x0,x0,0	  x0:0x00000000
        9555000	       954	8000207c	00000013	addi	x0,x0,0	  x0:0x00000000
        9565000	       955	80002080	41a6d4b3	sra	x9,x13,x26	 x13:0x00000000 x26:0x02000000  x9=0x00000000
        9575000	       956	80002084	035fde63	bge	x31,x21,800020c0	 x31:0x00000001 x21:0x000001f1
        9585000	       957	80002088	00195463	bge	x18,x1,80002090	 x18:0x00000001  x1:0x545b0000
        9595000	       958	8000208c	678b4993	xori	x19,x22,1656	 x22:0x00000000 x19=0x00000678
        9605000	       959	80002090	41a50633	sub	x12,x10,x26	 x10:0x0000048c x26:0x02000000 x12=0xfe00048c
        9615000	       960	80002094	0100d893	srli	x17,x1,0x10	  x1:0x545b0000 x17=0x0000545b
        9625000	       961	80002098	05a88663	beq	x17,x26,800020e4	 x17:0x0000545b x26:0x02000000
        9635000	       962	8000209c	033b4663	blt	x22,x19,800020c8	 x22:0x00000000 x19:0x00000678
        9645000	       963	00000000	00000013	addi	x0,x0,0	  x0:0x00000000
        9655000	       964	800020c4	00000013	addi	x0,x0,0	  x0:0x00000000
        9665000	       965	800020c8	01fd7263	bgeu	x26,x31,800020cc	 x26:0x02000000 x31:0x00000001
        9675000	       966	00000000	00000013	addi	x0,x0,0	  x0:0x00000000
        9685000	       967	800020c8	00000013	addi	x0,x0,0	  x0:0x00000000
        9695000	       968	800020cc	03780263	beq	x16,x23,800020f0	 x16:0xcbd3cc48 x23:0x8000a096
        9705000	       969	800020d0	e9842213	slti	x4,x8,-360	  x8:0x00000000  x4=0x00000000
        9715000	       970	800020d4	40b1d693	srai	x13,x3,0xb	  x3:0x000001af x13=0x00000000
        9725000	       971	800020d8	0002d0b3	srl	x1,x5,x0	  x5:0xcbd3dfcc  x0:0x00000000  x1=0xcbd3dfcc
        9735000	       972	800020dc	b7d8a497	auipc	x9,0xb7d8a	  x9=0x37d8c0d8
        9745000	       973	800020e0	012d9013	slli	x0,x27,0x12	 x27:0x00000001
        9755000	       974	800020e4	041a1863	bne	x20,x1,80002134	 x20:0xf8df0000  x1:0xcbd3dfcc
        9765000	       975	00000000	00000013	addi	x0,x0,0	  x0:0x00000000
        9775000	       976	80002130	00000013	addi	x0,x0,0	  x0:0x00000000
        9785000	       977	80002134	328db093	sltiu	x1,x27,808	 x27:0x00000001  x1=0x00000001
        9795000	       978	80002138	41700ab3	sub	x21,x0,x23	  x0:0x00000000 x23:0x8000a096 x21=0x7fff5f6a
        9805000	       979	8000213c	01191813	slli	x16,x18,0x11	 x18:0x00000001 x16=0x00020000
        9815000	       980	80002140	01639db3	sll	x27,x7,x22	  x7:0x80009f4c x22:0x00000000 x27=0x80009f4c
        9825000	       981	80002144	03466a63	bltu	x12,x20,80002178	 x12:0xfe00048c x20:0xf8df0000
        9835000	       982	80002148	02531663	bne	x6,x5,80002174	  x6:0x80000000  x5:0xcbd3dfcc
        9845000	       983	00000000	00000013	addi	x0,x0,0	  x0:0x00000000
        9855000	       984	80002170	00000013	addi	x0,x0,0	  x0:0x00000000
        9865000	       985	80002174	00877263	bgeu	x14,x8,80002178	 x14:0xfa5ce000  x8:0x00000000
        9875000	       986	00000000	00000013	addi	x0,x0,0	  x0:0x00000000
        9885000	       987	80002174	00000013	addi	x0,x0,0	  x0:0x00000000
        9895000	       988	80002178	00c4ff33	and	x30,x9,x12	  x9:0x37d8c0d8 x12:0xfe00048c x30=0x36000088
        9905000	       989	8000217c	59182993	slti	x19,x16,1425	 x16:0x00020000 x19=0x00000000
        9915000	       990	80002180	16742a93	slti	x21,x8,359	  x8:0x00000000 x21=0x00000001
        9925000	       991	80002184	00a00a93	addi	x21,x0,10	  x0:0x00000000 x21=0x0000000a
        9935000	       992	80002188	00000013	addi	x0,x0,0	  x0:0x00000000
        9945000	       993	8000218c	a20baf13	slti	x30,x23,-1504	 x23:0x8000a096 x30=0x00000001
        9955000	       994	80002190	00900413	addi	x8,x0,9	  x0:0x00000000  x8=0x00000009
        9965000	       995	80002194	4036d713	srai	x14,x13,0x3	 x13:0x00000000 x14=0x00000000
        9975000	       996	80002198	00f99eb3	sll	x29,x19,x15	 x19:0x00000000 x15:0x80009da1 x29=0x00000000
        9985000	       997	8000219c	d042e293	ori	x5,x5,-764	  x5:0xcbd3dfcc  x5=0xffffffcc
        9995000	       998	800021a0	4150d613	srai	x12,x1,0x15	  x1:0x00000001 x12=0x00000000
       10005000	       999	800021a4	3a5a4293	xori	x5,x20,933	 x20:0xf8df0000  x5=0xf8df03a5
       10015000	      1000	800021a8	ff8a8a93	addi	x21,x21,-8	 x21:0x0000000a x21=0x00000002
       10025000	      1001	800021ac	0107fc33	and	x24,x15,x16	 x15:0x80009da1 x16:0x00020000 x24=0x00000000
       10035000	      1002	800021b0	00900313	addi	x6,x0,9	  x0:0x00000000  x6=0x00000009
       10045000	      1003	800021b4	016fdeb3	srl	x29,x31,x22	 x31:0x00000001 x22:0x00000000 x29=0x00000001
       10055000	      1004	800021b8	00c3bdb3	sltu	x27,x7,x12	  x7:0x80009f4c x12:0x00000000 x27=0x00000000
       10065000	      1005	800021bc	00800b13	addi	x22,x0,8	  x0:0x00000000 x22=0x00000008
       10075000	      1006	800021c0	003a9e93	slli	x29,x21,0x3	 x21:0x00000002 x29=0x00000010
       10085000	      1007	800021c4	015b4eb3	xor	x29,x22,x21	 x22:0x00000008 x21:0x00000002 x29=0x0000000a
       10095000	      1008	800021c8	000ed813	srli	x16,x29,0x0	 x29:0x0000000a x16=0x0000000a
       10105000	      1009	800021cc	0084d233	srl	x4,x9,x8	  x9:0x37d8c0d8  x8:0x00000009  x4=0x001bec60
       10115000	      1010	800021d0	01d1c8b3	xor	x17,x3,x29	  x3:0x000001af x29:0x0000000a x17=0x000001a5
       10125000	      1011	800021d4	011d1cb3	sll	x25,x26,x17	 x26:0x02000000 x17:0x000001a5 x25=0x40000000
       10135000	      1012	800021d8	014404b3	add	x9,x8,x20	  x8:0x00000009 x20:0xf8df0000  x9=0xf8df0009
       10145000	      1013	800021dc	ffa30313	addi	x6,x6,-6	  x6:0x00000009  x6=0x00000003
       10155000	      1014	800021e0	4d1c0793	addi	x15,x24,1233	 x24:0x00000000 x15=0x000004d1
       10165000	      1015	800021e4	005f08b3	add	x17,x30,x5	 x30:0x00000001  x5:0xf8df03a5 x17=0xf8df03a6
       10175000	      1016	800021e8	f5f93493	sltiu	x9,x18,-161	 x18:0x00000001  x9=0x00000001
       10185000	      1017	800021ec	3ced0093	addi	x1,x26,974	 x26:0x02000000  x1=0x020003ce
       10195000	      1018	800021f0	41ed50b3	sra	x1,x26,x30	 x26:0x02000000 x30:0x00000001  x1=0x01000000
       10205000	      1019	800021f4	017c2c33	slt	x24,x24,x23	 x24:0x00000000 x23:0x8000a096 x24=0x00000000
       10215000	      1020	800021f8	fd6376e3	bgeu	x6,x22,800021c4	  x6:0x00000003 x22:0x00000008
       10225000	      1021	800021fc	01b14bb3	xor	x23,x2,x27	  x2:0x00000002 x27:0x00000000 x23=0x00000002
       10235000	      1022	80002200	7572fa13	andi	x20,x5,1879	  x5:0xf8df03a5 x20=0x00000305
       10245000	      1023	80002204	010ed713	srli	x14,x29,0x10	 x29:0x0000000a x14=0x00000000
       10255000	      1024	80002208	f88afee3	bgeu	x21,x8,800021a4	 x21:0x00000002  x8:0x00000009
       10265000	      1025	8000220c	0041ed33	or	x26,x3,x4	  x3:0x000001af  x4:0x001bec60 x26=0x001bedef
       10275000	      1026	80002210	39133b93	sltiu	x23,x6,913	  x6:0x00000003 x23=0x00000001
       10285000	      1027	80002214	01c420b3	slt	x1,x8,x28	  x8:0x00000009 x28:0x80009fc4  x1=0x00000000
       10295000	      1028	80002218	76ee2493	slti	x9,x28,1902	 x28:0x80009fc4  x9=0x00000001
       10305000	      1029	8000221c	01cb5b13	srli	x22,x22,0x1c	 x22:0x00000008 x22=0x00000000
       10315000	      1030	80002220	036c0863	beq	x24,x22,80002250	 x24:0x00000000 x22:0x00000000
       10325000	      1031	00000000	00000013	addi	x0,x0,0	  x0:0x00000000
       10335000	      1032	8000224c	00000013	addi	x0,x0,0	  x0:0x00000000
       10345000	      1033	80002250	249d2f93	slti	x31,x26,585	 x26:0x001bedef x31=0x00000000
       10355000	      1034	80002254	40a9d313	srai	x6,x19,0xa	 x19:0x00000000  x6=0x00000000
       10365000	      1035	80002258	c65ff897	auipc	x17,0xc65ff	 x17=0x46601254
       10375000	      1036	8000225c	00000013	addi	x0,x0,0	  x0:0x00000000
       10385000	      1037	80002260	0149e033	or	x0,x19,x20	 x19:0x00000000 x20:0x00000305
       10395000	      1038	80002264	002db6b3	sltu	x13,x27,x2	 x27:0x00000000  x2:0x00000002 x13=0x00000001
       10405000	      1039	80002268	6dbaef13	ori	x30,x21,1755	 x21:0x00000002 x30=0x000006db
       10415000	      1040	8000226c	01bc0b33	add	x22,x24,x27	 x24:0x00000000 x27:0x00000000 x22=0x00000000
       10425000	      1041	80002270	01f71533	sll	x10,x14,x31	 x14:0x00000000 x31:0x00000000 x10=0x00000000
       10435000	      1042	80002274	ea5ba337	lui	x6,0xea5ba	  x6=0xea5ba000
       10445000	      1043	80002278	013a6233	or	x4,x20,x19	 x20:0x00000305 x19:0x00000000  x4=0x00000305
       10455000	      1044	8000227c	07905463	bge	x0,x25,800022e4	  x0:0x00000000 x25:0x40000000
       10465000	      1045	80002280	40895f93	srai	x31,x18,0x8	 x18:0x00000001 x31=0x00000000
       10475000	      1046	80002284	061d1463	bne	x26,x1,800022ec	 x26:0x001bedef  x1:0x00000000
       10485000	      1047	00000000	00000013	addi	x0,x0,0	  x0:0x00000000
       10495000	      1048	800022e8	00000013	addi	x0,x0,0	  x0:0x00000000
       10505000	      1049	800022ec	4025d513	srai	x10,x11,0x2	 x11:0xfcbd3cc4 x10=0xff2f4f31
       10515000	      1050	800022f0	03ad3b93	sltiu	x23,x26,58	 x26:0x001bedef x23=0x00000000
       10525000	      1051	800022f4	41fa8fb3	sub	x31,x21,x31	 x21:0x00000002 x31:0x00000000 x31=0x00000002
       10535000	      1052	800022f8	7c85e417	auipc	x8,0x7c85e	  x8=0xfc8602f4
       10545000	      1053	800022fc	40ca6d13	ori	x26,x20,1036	 x20:0x00000305 x26=0x0000070d
       10555000	      1054	80002300	032d4263	blt	x26,x18,80002324	 x26:0x0000070d x18:0x00000001
       10565000	      1055	80002304	0170f263	bgeu	x1,x23,80002308	  x1:0x00000000 x23:0x00000000
       10575000	      1056	00000000	00000013	addi	x0,x0,0	  x0:0x00000000
       10585000	      1057	80002304	00000013	addi	x0,x0,0	  x0:0x00000000
       10595000	      1058	80002308	01766bb3	or	x23,x12,x23	 x12:0x00000000 x23:0x00000000 x23=0x00000000
       10605000	      1059	8000230c	0188a8b3	slt	x17,x17,x24	 x17:0x46601254 x24:0x00000000 x17=0x00000000
       10615000	      1060	80002310	0c435263	bge	x6,x4,800023d4	  x6:0xea5ba000  x4:0x00000305
       10625000	      1061	80002314	01ba1d33	sll	x26,x20,x27	 x20:0x00000305 x27:0x00000000 x26=0x00000305
       10635000	      1062	80002318	0ca66063	bltu	x12,x10,800023d8	 x12:0x00000000 x10:0xff2f4f31
       10645000	      1063	00000000	00000013	addi	x0,x0,0	  x0:0x00000000
       10655000	      1064	800023d4	00000013	addi	x0,x0,0	  x0:0x00000000
       10665000	      1065	800023d8	04d67663	bgeu	x12,x13,80002424	 x12:0x00000000 x13:0x00000001
       10675000	      1066	800023dc	006352b3	srl	x5,x6,x6	  x6:0xea5ba000  x6:0xea5ba000  x5=0xea5ba000
       10685000	      1067	800023e0	00f51033	sll	x0,x10,x15	 x10:0xff2f4f31 x15:0x000004d1
       10695000	      1068	800023e4	2c95ba93	sltiu	x21,x11,713	 x11:0xfcbd3cc4 x21=0x00000000
       10705000	      1069	800023e8	72d10813	addi	x16,x2,1837	  x2:0x00000002 x16=0x0000072f
       10715000	      1070	800023ec	00758633	add	x12,x11,x7	 x11:0xfcbd3cc4  x7:0x80009f4c x12=0x7cbddc10
       10725000	      1071	800023f0	418d5033	sra	x0,x26,x24	 x26:0x00000305 x24:0x00000000
       10735000	      1072	800023f4	006804b3	add	x9,x16,x6	 x16:0x0000072f  x6:0xea5ba000  x9=0xea5ba72f
       10745000	      1073	800023f8	5f63e413	ori	x8,x7,1526	  x7:0x80009f4c  x8=0x80009ffe
       10755000	      1074	800023fc	41e4d6b3	sra	x13,x9,x30	  x9:0xea5ba72f x30:0x000006db x13=0xfffffffd
       10765000	      1075	80002400	24a5eb13	ori	x22,x11,586	 x11:0xfcbd3cc4 x22=0xfcbd3ece
       10775000	      1076	80002404	010f0233	add	x4,x30,x16	 x30:0x000006db x16:0x0000072f  x4=0x00000e0a
       10785000	      1077	80002408	02626863	bltu	x4,x6,80002438	  x4:0x00000e0a  x6:0xea5ba000
       10795000	      1078	00000000	00000013	addi	x0,x0,0	  x0:0x00000000
       10805000	      1079	80002434	00000013	addi	x0,x0,0	  x0:0x00000000
       10815000	      1080	80002438	742c2a93	slti	x21,x24,1858	 x24:0x00000000 x21=0x00000001
       10825000	      1081	8000243c	34c6ff13	andi	x30,x13,844	 x13:0xfffffffd x30=0x0000034c
       10835000	      1082	80002440	d3d03eb7	lui	x29,0xd3d03	 x29=0xd3d03000
       10845000	      1083	80002444	01f87933	and	x18,x16,x31	 x16:0x0000072f x31:0x00000002 x18=0x00000002
       10855000	      1084	80002448	40e388b3	sub	x17,x7,x14	  x7:0x80009f4c x14:0x00000000 x17=0x80009f4c
       10865000	      1085	8000244c	030c9a63	bne	x25,x16,80002480	 x25:0x40000000 x16:0x0000072f
       10875000	      1086	00000000	00000013	addi	x0,x0,0	  x0:0x00000000
       10885000	      1087	8000247c	00000013	addi	x0,x0,0	  x0:0x00000000
       10895000	      1088	80002480	a5d46437	lui	x8,0xa5d46	  x8=0xa5d46000
       10905000	      1089	80002484	41ff5313	srai	x6,x30,0x1f	 x30:0x0000034c  x6=0x00000000
       10915000	      1090	80002488	0f6b18b7	lui	x17,0xf6b1	 x17=0x0f6b1000
       10925000	      1091	8000248c	01bc00b3	add	x1,x24,x27	 x24:0x00000000 x27:0x00000000  x1=0x00000000
       10935000	      1092	80002490	00acca33	xor	x20,x25,x10	 x25:0x40000000 x10:0xff2f4f31 x20=0xbf2f4f31
       10945000	      1093	80002494	00c78c33	add	x24,x15,x12	 x15:0x000004d1 x12:0x7cbddc10 x24=0x7cbde0e1
       10955000	      1094	80002498	debfc213	xori	x4,x31,-533	 x31:0x00000002  x4=0xfffffde9
       10965000	      1095	8000249c	c53e4f93	xori	x31,x28,-941	 x28:0x80009fc4 x31=0x7fff6397
       10975000	      1096	800024a0	00000013	addi	x0,x0,0	  x0:0x00000000
       10985000	      1097	800024a4	00291d33	sll	x26,x18,x2	 x18:0x00000002  x2:0x00000002 x26=0x00000008
       10995000	      1098	800024a8	5e519d97	auipc	x27,0x5e519	 x27=0xde51b4a4
       11005000	      1099	800024ac	b8ad4a93	xori	x21,x26,-1142	 x26:0x00000008 x21=0xfffffb82
       11015000	      1100	800024b0	01f38263	beq	x7,x31,800024b4	  x7:0x80009f4c x31:0x7fff6397
       11025000	      1101	800024b4	014f5033	srl	x0,x30,x20	 x30:0x0000034c x20:0xbf2f4f31
       11035000	      1102	800024b8	02c40663	beq	x8,x12,800024e4	  x8:0xa5d46000 x12:0x7cbddc10
       11045000	      1103	800024bc	0225c863	blt	x11,x2,800024ec	 x11:0xfcbd3cc4  x2:0x00000002
       11055000	      1104	00000000	00000013	addi	x0,x0,0	  x0:0x00000000
       11065000	      1105	800024e8	00000013	addi	x0,x0,0	  x0:0x00000000
       11075000	      1106	800024ec	81c9b997	auipc	x19,0x81c9b	 x19=0x01c9d4e8
       11085000	      1107	800024f0	65bfb013	sltiu	x0,x31,1627	 x31:0x7fff6397
       11095000	      1108	800024f4	017d8a63	beq	x27,x23,80002508	 x27:0xde51b4a4 x23:0x00000000
       11105000	      1109	800024f8	01e50d33	add	x26,x10,x30	 x10:0xff2f4f31 x30:0x0000034c x26=0xff2f527d
       11115000	      1110	800024fc	e9eadeb7	lui	x29,0xe9ead	 x29=0xe9ead000
       11125000	      1111	80002500	00279c93	slli	x25,x15,0x2	 x15:0x000004d1 x25=0x00001344
       11135000	      1112	80002504	faf01917	auipc	x18,0xfaf01	 x18=0x7af03500
       11145000	      1113	80002508	03207863	bgeu	x0,x18,80002538	  x0:0x00000000 x18:0x7af03500
       11155000	      1114	8000250c	00a74463	blt	x14,x10,80002514	 x14:0x00000000 x10:0xff2f4f31
       11165000	      1115	80002510	4141d593	srai	x11,x3,0x14	  x3:0x000001af x11=0x00000000
       11175000	      1116	80002514	409f5093	srai	x1,x30,0x9	 x30:0x0000034c  x1=0x00000001
       11185000	      1117	80002518	01dd3233	sltu	x4,x26,x29	 x26:0xff2f527d x29:0xe9ead000  x4=0x00000000
       11195000	      1118	8000251c	006737b3	sltu	x15,x14,x6	 x14:0x00000000  x6:0x00000000 x15=0x00000000
       11205000	      1119	80002520	0151f2b3	and	x5,x3,x21	  x3:0x000001af x21:0xfffffb82  x5=0x00000182
       11215000	      1120	80002524	1cb06313	ori	x6,x0,459	  x0:0x00000000  x6=0x000001cb
       11225000	      1121	80002528	04046263	bltu	x8,x0,8000256c	  x8:0xa5d46000  x0:0x00000000
       11235000	      1122	8000252c	41d854b3	sra	x9,x16,x29	 x16:0x0000072f x29:0xe9ead000  x9=0x0000072f
       11245000	      1123	80002530	41345193	srai	x3,x8,0x13	  x8:0xa5d46000  x3=0xfffff4ba
       11255000	      1124	80002534	41b50533	sub	x10,x10,x27	 x10:0xff2f4f31 x27:0xde51b4a4 x10=0x20dd9a8d
       11265000	      1125	80002538	2b4170b7	lui	x1,0x2b417	  x1=0x2b417000
       11275000	      1126	8000253c	032aa213	slti	x4,x21,50	 x21:0xfffffb82  x4=0x00000001
       11285000	      1127	80002540	e1fec193	xori	x3,x29,-481	 x29:0xe9ead000  x3=0x16152e1f
       11295000	      1128	80002544	00ae44b3	xor	x9,x28,x10	 x28:0x80009fc4 x10:0x20dd9a8d  x9=0xa0dd0549
       11305000	      1129	80002548	01166937	lui	x18,0x1166	 x18=0x01166000
       11315000	      1130	8000254c	015eb433	sltu	x8,x29,x21	 x29:0xe9ead000 x21:0xfffffb82  x8=0x00000001
       11325000	      1131	80002550	af10ab13	slti	x22,x1,-1295	  x1:0x2b417000 x22=0x00000000
       11335000	      1132	80002554	b8835837	lui	x16,0xb8835	 x16=0xb8835000
       11345000	      1133	80002558	00f57833	and	x16,x10,x15	 x10:0x20dd9a8d x15:0x00000000 x16=0x00000000
       11355000	      1134	8000255c	01566733	or	x14,x12,x21	 x12:0x7cbddc10 x21:0xfffffb82 x14=0xffffff92
       11365000	      1135	80002560	4014dc33	sra	x24,x9,x1	  x9:0xa0dd0549  x1:0x2b417000 x24=0xa0dd0549
       11375000	      1136	80002564	0520ea63	bltu	x1,x18,800025b8	  x1:0x2b417000 x18:0x01166000
       11385000	      1137	80002568	408ed8b3	sra	x17,x29,x8	 x29:0xe9ead000  x8:0x00000001 x17=0xf4f56800
       11395000	      1138	8000256c	ef764613	xori	x12,x12,-265	 x12:0x7cbddc10 x12=0x834222e7
       11405000	      1139	80002570	9ee26713	ori	x14,x4,-1554	  x4:0x00000001 x14=0xfffff9ef
       11415000	      1140	80002574	03324463	blt	x4,x19,8000259c	  x4:0x00000001 x19:0x01c9d4e8
       11425000	      1141	00000000	00000013	addi	x0,x0,0	  x0:0x00000000
       11435000	      1142	80002598	00000013	addi	x0,x0,0	  x0:0x00000000
       11445000	      1143	8000259c	41780cb3	sub	x25,x16,x23	 x16:0x00000000 x23:0x00000000 x25=0x00000000
       11455000	      1144	800025a0	8f064e93	xori	x29,x12,-1808	 x12:0x834222e7 x29=0x7cbdda17
       11465000	      1145	800025a4	07165263	bge	x12,x17,80002608	 x12:0x834222e7 x17:0xf4f56800
       11475000	      1146	800025a8	ddaff713	andi	x14,x31,-550	 x31:0x7fff6397 x14=0x7fff6192
       11485000	      1147	800025ac	44e52193	slti	x3,x10,1102	 x10:0x20dd9a8d  x3=0x00000000
       11495000	      1148	800025b0	01decc63	blt	x29,x29,800025c8	 x29:0x7cbdda17 x29:0x7cbdda17
       11505000	      1149	800025b4	3cec0693	addi	x13,x24,974	 x24:0xa0dd0549 x13=0xa0dd0917
       11515000	      1150	800025b8	003b5c63	bge	x22,x3,800025d0	 x22:0x00000000  x3:0x00000000
       11525000	      1151	00000000	00000013	addi	x0,x0,0	  x0:0x00000000
       11535000	      1152	800025cc	00000013	addi	x0,x0,0	  x0:0x00000000
       11545000	      1153	800025d0	b4c4f013	andi	x0,x9,-1204	  x9:0xa0dd0549
       11555000	      1154	800025d4	ffc00593	addi	x11,x0,-4	  x0:0x00000000 x11=0xfffffffc
       11565000	      1155	800025d8	00600c93	addi	x25,x0,6	  x0:0x00000000 x25=0x00000006
       11575000	      1156	800025dc	00b777b3	and	x15,x14,x11	 x14:0x7fff6192 x11:0xfffffffc x15=0x7fff6190
       11585000	      1157	800025e0	00a58593	addi	x11,x11,10	 x11:0xfffffffc x11=0x00000006
       11595000	      1158	800025e4	00300193	addi	x3,x0,3	  x0:0x00000000  x3=0x00000003
       11605000	      1159	800025e8	01ffd7b3	srl	x15,x31,x31	 x31:0x7fff6397 x31:0x7fff6397 x15=0x000000ff
       11615000	      1160	800025ec	fef00813	addi	x16,x0,-17	  x0:0x00000000 x16=0xffffffef
       11625000	      1161	800025f0	43048bb7	lui	x23,0x43048	 x23=0x43048000
       11635000	      1162	800025f4	ff618193	addi	x3,x3,-10	  x3:0x00000003  x3=0xfffffff9
       11645000	      1163	800025f8	ff018ce3	beq	x3,x16,800025f0	  x3:0xfffffff9 x16:0xffffffef
       11655000	      1164	800025fc	ff9580e3	beq	x11,x25,800025dc	 x11:0x00000006 x25:0x00000006
       11665000	      1165	00000000	00000013	addi	x0,x0,0	  x0:0x00000000
       11675000	      1166	800025d8	00000013	addi	x0,x0,0	  x0:0x00000000
       11685000	      1167	800025dc	00b777b3	and	x15,x14,x11	 x14:0x7fff6192 x11:0x00000006 x15=0x00000002
       11695000	      1168	800025e0	00a58593	addi	x11,x11,10	 x11:0x00000006 x11=0x00000010
       11705000	      1169	800025e4	00300193	addi	x3,x0,3	  x0:0x00000000  x3=0x00000003
       11715000	      1170	800025e8	01ffd7b3	srl	x15,x31,x31	 x31:0x7fff6397 x31:0x7fff6397 x15=0x000000ff
       11725000	      1171	800025ec	fef00813	addi	x16,x0,-17	  x0:0x00000000 x16=0xffffffef
       11735000	      1172	800025f0	43048bb7	lui	x23,0x43048	 x23=0x43048000
       11745000	      1173	800025f4	ff618193	addi	x3,x3,-10	  x3:0x00000003  x3=0xfffffff9
       11755000	      1174	800025f8	ff018ce3	beq	x3,x16,800025f0	  x3:0xfffffff9 x16:0xffffffef
       11765000	      1175	800025fc	ff9580e3	beq	x11,x25,800025dc	 x11:0x00000010 x25:0x00000006
       11775000	      1176	80002600	00000013	addi	x0,x0,0	  x0:0x00000000
       11785000	      1177	80002604	01739193	slli	x3,x7,0x17	  x7:0x80009f4c  x3=0xa6000000
       11795000	      1178	80002608	01b409b3	add	x19,x8,x27	  x8:0x00000001 x27:0xde51b4a4 x19=0xde51b4a5
       11805000	      1179	8000260c	02fd9a63	bne	x27,x15,80002640	 x27:0xde51b4a4 x15:0x000000ff
       11815000	      1180	00000000	00000013	addi	x0,x0,0	  x0:0x00000000
       11825000	      1181	8000263c	00000013	addi	x0,x0,0	  x0:0x00000000
       11835000	      1182	80002640	05ef7463	bgeu	x30,x30,80002688	 x30:0x0000034c x30:0x0000034c
       11845000	      1183	00000000	00000013	addi	x0,x0,0	  x0:0x00000000
       11855000	      1184	80002684	00000013	addi	x0,x0,0	  x0:0x00000000
       11865000	      1185	80002688	01164333	xor	x6,x12,x17	 x12:0x834222e7 x17:0xf4f56800  x6=0x77b74ae7
       11875000	      1186	8000268c	139dff93	andi	x31,x27,313	 x27:0xde51b4a4 x31=0x00000020
       11885000	      1187	80002690	005c9bb3	sll	x23,x25,x5	 x25:0x00000006  x5:0x00000182 x23=0x00000018
       11895000	      1188	80002694	01f4ee63	bltu	x9,x31,800026b0	  x9:0xa0dd0549 x31:0x00000020
       11905000	      1189	80002698	a4530013	addi	x0,x6,-1467	  x6:0x77b74ae7
       11915000	      1190	8000269c	84a3fd17	auipc	x26,0x84a3f	 x26=0x04a41698
       11925000	      1191	800026a0	01b29693	slli	x13,x5,0x1b	  x5:0x00000182 x13=0x10000000
       11935000	      1192	800026a4	01ad0833	add	x16,x26,x26	 x26:0x04a41698 x26:0x04a41698 x16=0x09482d30
       11945000	      1193	800026a8	000d54b3	srl	x9,x26,x0	 x26:0x04a41698  x0:0x00000000  x9=0x04a41698
       11955000	      1194	800026ac	01d32433	slt	x8,x6,x29	  x6:0x77b74ae7 x29:0x7cbdda17  x8=0x00000001
       11965000	      1195	800026b0	329e2a13	slti	x20,x28,809	 x28:0x80009fc4 x20=0x00000001
       11975000	      1196	800026b4	249145b7	lui	x11,0x24914	 x11=0x24914000
       11985000	      1197	800026b8	416ad333	sra	x6,x21,x22	 x21:0xfffffb82 x22:0x00000000  x6=0xfffffb82
       11995000	      1198	800026bc	583bbc37	lui	x24,0x583bb	 x24=0x583bb000
       12005000	      1199	800026c0	6d54af13	slti	x30,x9,1749	  x9:0x04a41698 x30=0x00000000
       12015000	      1200	800026c4	dabffc13	andi	x24,x31,-597	 x31:0x00000020 x24=0x00000020
       12025000	      1201	800026c8	41ce8a33	sub	x20,x29,x28	 x29:0x7cbdda17 x28:0x80009fc4 x20=0xfcbd3a53
       12035000	      1202	800026cc	40dadb93	srai	x23,x21,0xd	 x21:0xfffffb82 x23=0xffffffff
       12045000	      1203	800026d0	003e77b3	and	x15,x28,x3	 x28:0x80009fc4  x3:0xa6000000 x15=0x80000000
       12055000	      1204	800026d4	e9cc4013	xori	x0,x24,-356	 x24:0x00000020
       12065000	      1205	800026d8	01f52533	slt	x10,x10,x31	 x10:0x20dd9a8d x31:0x00000020 x10=0x00000000
       12075000	      1206	800026dc	0083b933	sltu	x18,x7,x8	  x7:0x80009f4c  x8:0x00000001 x18=0x00000000
       12085000	      1207	800026e0	00df9093	slli	x1,x31,0xd	 x31:0x00000020  x1=0x00040000
       12095000	      1208	800026e4	92671b97	auipc	x23,0x92671	 x23=0x126736e0
       12105000	      1209	800026e8	008375b3	and	x11,x6,x8	  x6:0xfffffb82  x8:0x00000001 x11=0x00000000
       12115000	      1210	800026ec	03ec0863	beq	x24,x30,8000271c	 x24:0x00000020 x30:0x00000000
       12125000	      1211	800026f0	f2b92993	slti	x19,x18,-213	 x18:0x00000000 x19=0x00000000
       12135000	      1212	800026f4	015df433	and	x8,x27,x21	 x27:0xde51b4a4 x21:0xfffffb82  x8=0xde51b080
       12145000	      1213	800026f8	0182aeb3	slt	x29,x5,x24	  x5:0x00000182 x24:0x00000020 x29=0x00000000
       12155000	      1214	800026fc	00000013	addi	x0,x0,0	  x0:0x00000000
       12165000	      1215	80002700	52bd5bb7	lui	x23,0x52bd5	 x23=0x52bd5000
       12175000	      1216	80002704	018e08b3	add	x17,x28,x24	 x28:0x80009fc4 x24:0x00000020 x17=0x80009fe4
       12185000	      1217	80002708	03b80063	beq	x16,x27,80002728	 x16:0x09482d30 x27:0xde51b4a4
       12195000	      1218	8000270c	015e70b3	and	x1,x28,x21	 x28:0x80009fc4 x21:0xfffffb82  x1=0x80009b80
       12205000	      1219	80002710	00000013	addi	x0,x0,0	  x0:0x00000000
       12215000	      1220	80002714	2e60c1b7	lui	x3,0x2e60c	  x3=0x2e60c000
       12225000	      1221	80002718	41a05813	srai	x16,x0,0x1a	  x0:0x00000000 x16=0x00000000
       12235000	      1222	8000271c	52514b13	xori	x22,x2,1317	  x2:0x00000002 x22=0x00000527
       12245000	      1223	80002720	005df933	and	x18,x27,x5	 x27:0xde51b4a4  x5:0x00000182 x18=0x00000080
       12255000	      1224	80002724	a32b4b93	xori	x23,x22,-1486	 x22:0x00000527 x23=0xffffff15
       12265000	      1225	80002728	0073aeb3	slt	x29,x7,x7	  x7:0x80009f4c  x7:0x80009f4c x29=0x00000000
       12275000	      1226	8000272c	0141b233	sltu	x4,x3,x20	  x3:0x2e60c000 x20:0xfcbd3a53  x4=0x00000001
       12285000	      1227	80002730	6cca0497	auipc	x9,0x6cca0	  x9=0xecca272c
       12295000	      1228	80002734	00000013	addi	x0,x0,0	  x0:0x00000000
       12305000	      1229	80002738	01f55a33	srl	x20,x10,x31	 x10:0x00000000 x31:0x00000020 x20=0x00000000
       12315000	      1230	8000273c	00955263	bge	x10,x9,80002740	 x10:0x00000000  x9:0xecca272c
       12325000	      1231	00000000	00000013	addi	x0,x0,0	  x0:0x00000000
       12335000	      1232	8000273c	00000013	addi	x0,x0,0	  x0:0x00000000
       12345000	      1233	80002740	00329013	slli	x0,x5,0x3	  x5:0x00000182
       12355000	      1234	80002744	006ad813	srli	x16,x21,0x6	 x21:0xfffffb82 x16=0x03ffffee
       12365000	      1235	80002748	00a5ca63	blt	x11,x10,8000275c	 x11:0x00000000 x10:0x00000000
       12375000	      1236	8000274c	41cd8c33	sub	x24,x27,x28	 x27:0xde51b4a4 x28:0x80009fc4 x24=0x5e5114e0
       12385000	      1237	80002750	7bcb8313	addi	x6,x23,1980	 x23:0xffffff15  x6=0x000006d1
       12395000	      1238	80002754	01870333	add	x6,x14,x24	 x14:0x7fff6192 x24:0x5e5114e0  x6=0xde507672
       12405000	      1239	80002758	90493313	sltiu	x6,x18,-1788	 x18:0x00000080  x6=0x00000001
       12415000	      1240	8000275c	011bd263	bge	x23,x17,80002760	 x23:0xffffff15 x17:0x80009fe4
       12425000	      1241	00000000	00000013	addi	x0,x0,0	  x0:0x00000000
       12435000	      1242	8000275c	00000013	addi	x0,x0,0	  x0:0x00000000
       12445000	      1243	80002760	03bf8663	beq	x31,x27,8000278c	 x31:0x00000020 x27:0xde51b4a4
       12455000	      1244	80002764	00e22933	slt	x18,x4,x14	  x4:0x00000001 x14:0x7fff6192 x18=0x00000001
       12465000	      1245	80002768	009a72b3	and	x5,x20,x9	 x20:0x00000000  x9:0xecca272c  x5=0x00000000
       12475000	      1246	8000276c	41275b13	srai	x22,x14,0x12	 x14:0x7fff6192 x22=0x00001fff
       12485000	      1247	80002770	01015693	srli	x13,x2,0x10	  x2:0x00000002 x13=0x00000000
       12495000	      1248	80002774	001f9fb3	sll	x31,x31,x1	 x31:0x00000020  x1:0x80009b80 x31=0x00000020
       12505000	      1249	80002778	4017df33	sra	x30,x15,x1	 x15:0x80000000  x1:0x80009b80 x30=0x80000000
       12515000	      1250	8000277c	02757663	bgeu	x10,x7,800027a8	 x10:0x00000000  x7:0x80009f4c
       12525000	      1251	80002780	9305f913	andi	x18,x11,-1744	 x11:0x00000000 x18=0x00000000
       12535000	      1252	80002784	04361663	bne	x12,x3,800027d0	 x12:0x834222e7  x3:0x2e60c000
       12545000	      1253	00000000	00000013	addi	x0,x0,0	  x0:0x00000000
       12555000	      1254	800027cc	00000013	addi	x0,x0,0	  x0:0x00000000
       12565000	      1255	800027d0	fa92f413	andi	x8,x5,-87	  x5:0x00000000  x8=0x00000000
       12575000	      1256	800027d4	015bd493	srli	x9,x23,0x15	 x23:0xffffff15  x9=0x000007ff
       12585000	      1257	800027d8	01345813	srli	x16,x8,0x13	  x8:0x00000000 x16=0x00000000
       12595000	      1258	800027dc	037b5a63	bge	x22,x23,80002810	 x22:0x00001fff x23:0xffffff15
       12605000	      1259	00000000	00000013	addi	x0,x0,0	  x0:0x00000000
       12615000	      1260	8000280c	00000013	addi	x0,x0,0	  x0:0x00000000
       12625000	      1261	80002810	0177d993	srli	x19,x15,0x17	 x15:0x80000000 x19=0x00000100
       12635000	      1262	80002814	0020d913	srli	x18,x1,0x2	  x1:0x80009b80 x18=0x200026e0
       12645000	      1263	80002818	40e90733	sub	x14,x18,x14	 x18:0x200026e0 x14:0x7fff6192 x14=0xa000c54e
       12655000	      1264	8000281c	1a002217	auipc	x4,0x1a002	  x4=0x9a004818
       12665000	      1265	80002820	02a75263	bge	x14,x10,80002844	 x14:0xa000c54e x10:0x00000000
       12675000	      1266	80002824	404c5493	srai	x9,x24,0x4	 x24:0x5e5114e0  x9=0x05e5114e
       12685000	      1267	80002828	0151b6b3	sltu	x13,x3,x21	  x3:0x2e60c000 x21:0xfffffb82 x13=0x00000001
       12695000	      1268	8000282c	407c5813	srai	x16,x24,0x7	 x24:0x5e5114e0 x16=0x00bca229
       12705000	      1269	80002830	01928033	add	x0,x5,x25	  x5:0x00000000 x25:0x00000006
       12715000	      1270	80002834	408cd713	srai	x14,x25,0x8	 x25:0x00000006 x14=0x00000000
       12725000	      1271	80002838	66e1c197	auipc	x3,0x66e1c	  x3=0xe6e1e834
       12735000	      1272	8000283c	cd6c0b13	addi	x22,x24,-810	 x24:0x5e5114e0 x22=0x5e5111b6
       12745000	      1273	80002840	d4143313	sltiu	x6,x8,-703	  x8:0x00000000  x6=0x00000001
       12755000	      1274	80002844	028f8863	beq	x31,x8,80002874	 x31:0x00000020  x8:0x00000000
       12765000	      1275	80002848	3f1a6613	ori	x12,x20,1009	 x20:0x00000000 x12=0x000003f1
       12775000	      1276	8000284c	0048cc63	blt	x17,x4,80002864	 x17:0x80009fe4  x4:0x9a004818
       12785000	      1277	00000000	00000013	addi	x0,x0,0	  x0:0x00000000
       12795000	      1278	80002860	00000013	addi	x0,x0,0	  x0:0x00000000
       12805000	      1279	80002864	c6ca81b7	lui	x3,0xc6ca8	  x3=0xc6ca8000
       12815000	      1280	80002868	41255db3	sra	x27,x10,x18	 x10:0x00000000 x18:0x200026e0 x27=0x00000000
       12825000	      1281	8000286c	40f0d713	srai	x14,x1,0xf	  x1:0x80009b80 x14=0xffff0001
       12835000	      1282	80002870	03658863	beq	x11,x22,800028a0	 x11:0x00000000 x22:0x5e5111b6
       12845000	      1283	80002874	b901bd13	sltiu	x26,x3,-1136	  x3:0xc6ca8000 x26=0x00000001
       12855000	      1284	80002878	01c2f5b3	and	x11,x5,x28	  x5:0x00000000 x28:0x80009fc4 x11=0x00000000
       12865000	      1285	8000287c	01992533	slt	x10,x18,x25	 x18:0x200026e0 x25:0x00000006 x10=0x00000000
       12875000	      1286	80002880	402385b3	sub	x11,x7,x2	  x7:0x80009f4c  x2:0x00000002 x11=0x80009f4a
       12885000	      1287	80002884	d59c7593	andi	x11,x24,-679	 x24:0x5e5114e0 x11=0x5e511440
       12895000	      1288	80002888	01adc333	xor	x6,x27,x26	 x27:0x00000000 x26:0x00000001  x6=0x00000001
       12905000	      1289	8000288c	af592c37	lui	x24,0xaf592	 x24=0xaf592000
       12915000	      1290	80002890	0123ba33	sltu	x20,x7,x18	  x7:0x80009f4c x18:0x200026e0 x20=0x00000000
       12925000	      1291	80002894	01487333	and	x6,x16,x20	 x16:0x00bca229 x20:0x00000000  x6=0x00000000
       12935000	      1292	80002898	f683e517	auipc	x10,0xf683e	 x10=0x76840894
       12945000	      1293	8000289c	00893bb3	sltu	x23,x18,x8	 x18:0x200026e0  x8:0x00000000 x23=0x00000000
       12955000	      1294	800028a0	0406e463	bltu	x13,x0,800028e8	 x13:0x00000001  x0:0x00000000
       12965000	      1295	800028a4	415a08b3	sub	x17,x20,x21	 x20:0x00000000 x21:0xfffffb82 x17=0x0000047e
       12975000	      1296	800028a8	015d5b13	srli	x22,x26,0x15	 x26:0x00000001 x22=0x00000000
       12985000	      1297	800028ac	028cf593	andi	x11,x25,40	 x25:0x00000006 x11=0x00000000
       12995000	      1298	800028b0	00e2a0b3	slt	x1,x5,x14	  x5:0x00000000 x14:0xffff0001  x1=0x00000000
       13005000	      1299	800028b4	618f2493	slti	x9,x30,1560	 x30:0x80000000  x9=0x00000001
       13015000	      1300	800028b8	ef5cc2b7	lui	x5,0xef5cc	  x5=0xef5cc000
       13025000	      1301	800028bc	01b1deb3	srl	x29,x3,x27	  x3:0xc6ca8000 x27:0x00000000 x29=0xc6ca8000
       13035000	      1302	800028c0	35072593	slti	x11,x14,848	 x14:0xffff0001 x11=0x00000001
       13045000	      1303	800028c4	0003ad33	slt	x26,x7,x0	  x7:0x80009f4c  x0:0x00000000 x26=0x00000001
       13055000	      1304	800028c8	02aaf863	bgeu	x21,x10,800028f8	 x21:0xfffffb82 x10:0x76840894
       13065000	      1305	00000000	00000013	addi	x0,x0,0	  x0:0x00000000
       13075000	      1306	800028f4	00000013	addi	x0,x0,0	  x0:0x00000000
       13085000	      1307	800028f8	4114d313	srai	x6,x9,0x11	  x9:0x00000001  x6=0x00000000
       13095000	      1308	800028fc	00e6a733	slt	x14,x13,x14	 x13:0x00000001 x14:0xffff0001 x14=0x00000000
       13105000	      1309	80002900	01109893	slli	x17,x1,0x11	  x1:0x00000000 x17=0x00000000
       13115000	      1310	80002904	9670c893	xori	x17,x1,-1689	  x1:0x00000000 x17=0xfffff967
       13125000	      1311	80002908	02761663	bne	x12,x7,80002934	 x12:0x000003f1  x7:0x80009f4c
       13135000	      1312	00000000	00000013	addi	x0,x0,0	  x0:0x00000000
       13145000	      1313	80002930	00000013	addi	x0,x0,0	  x0:0x00000000
       13155000	      1314	80002934	00000013	addi	x0,x0,0	  x0:0x00000000
       13165000	      1315	80002938	02fde863	bltu	x27,x15,80002968	 x27:0x00000000 x15:0x80000000
       13175000	      1316	00000000	00000013	addi	x0,x0,0	  x0:0x00000000
       13185000	      1317	80002964	00000013	addi	x0,x0,0	  x0:0x00000000
       13195000	      1318	80002968	404352b3	sra	x5,x6,x4	  x6:0x00000000  x4:0x9a004818  x5=0x00000000
       13205000	      1319	8000296c	042f5463	bge	x30,x2,800029b4	 x30:0x80000000  x2:0x00000002
       13215000	      1320	80002970	fdef4993	xori	x19,x30,-34	 x30:0x80000000 x19=0x7fffffde
       13225000	      1321	80002974	402e0cb3	sub	x25,x28,x2	 x28:0x80009fc4  x2:0x00000002 x25=0x80009fc2
       13235000	      1322	80002978	00b2b833	sltu	x16,x5,x11	  x5:0x00000000 x11:0x00000001 x16=0x00000001
       13245000	      1323	8000297c	03c7e663	bltu	x15,x28,800029a8	 x15:0x80000000 x28:0x80009fc4
       13255000	      1324	00000000	00000013	addi	x0,x0,0	  x0:0x00000000
       13265000	      1325	800029a4	00000013	addi	x0,x0,0	  x0:0x00000000
       13275000	      1326	800029a8	95b6e497	auipc	x9,0x95b6e	  x9=0x15b709a4
       13285000	      1327	800029ac	0084c5b3	xor	x11,x9,x8	  x9:0x15b709a4  x8:0x00000000 x11=0x15b709a4
       13295000	      1328	800029b0	018816b3	sll	x13,x16,x24	 x16:0x00000001 x24:0xaf592000 x13=0x00000001
       13305000	      1329	800029b4	000eb333	sltu	x6,x29,x0	 x29:0xc6ca8000  x0:0x00000000  x6=0x00000000
       13315000	      1330	800029b8	415e5f33	sra	x30,x28,x21	 x28:0x80009fc4 x21:0xfffffb82 x30=0xe00027f1
       13325000	      1331	800029bc	40620a33	sub	x20,x4,x6	  x4:0x9a004818  x6:0x00000000 x20=0x9a004818
       13335000	      1332	800029c0	00e90433	add	x8,x18,x14	 x18:0x200026e0 x14:0x00000000  x8=0x200026e0
       13345000	      1333	800029c4	01644533	xor	x10,x8,x22	  x8:0x200026e0 x22:0x00000000 x10=0x200026e0
       13355000	      1334	800029c8	03d09663	bne	x1,x29,800029f4	  x1:0x00000000 x29:0xc6ca8000
       13365000	      1335	00000000	00000013	addi	x0,x0,0	  x0:0x00000000
       13375000	      1336	800029f0	00000013	addi	x0,x0,0	  x0:0x00000000
       13385000	      1337	800029f4	0c152593	slti	x11,x10,193	 x10:0x200026e0 x11=0x00000000
       13395000	      1338	800029f8	7545f893	andi	x17,x11,1876	 x11:0x00000000 x17=0x00000000
       13405000	      1339	800029fc	c1853f97	auipc	x31,0xc1853	 x31=0x418559f8
       13415000	      1340	80002a00	418fd033	sra	x0,x31,x24	 x31:0x418559f8 x24:0xaf592000
       13425000	      1341	80002a04	00758ab3	add	x21,x11,x7	 x11:0x00000000  x7:0x80009f4c x21=0x80009f4c
       13435000	      1342	80002a08	4193d5b3	sra	x11,x7,x25	  x7:0x80009f4c x25:0x80009fc2 x11=0xe00027d3
       13445000	      1343	80002a0c	00eab4b3	sltu	x9,x21,x14	 x21:0x80009f4c x14:0x00000000  x9=0x00000000
       13455000	      1344	80002a10	015b4bb3	xor	x23,x22,x21	 x22:0x00000000 x21:0x80009f4c x23=0x80009f4c
       13465000	      1345	80002a14	432ecd13	xori	x26,x29,1074	 x29:0xc6ca8000 x26=0xc6ca8432
       13475000	      1346	80002a18	40028733	sub	x14,x5,x0	  x5:0x00000000  x0:0x00000000 x14=0x00000000
       13485000	      1347	80002a1c	040f7863	bgeu	x30,x0,80002a6c	 x30:0xe00027f1  x0:0x00000000
       13495000	      1348	00000000	00000013	addi	x0,x0,0	  x0:0x00000000
       13505000	      1349	80002a68	00000013	addi	x0,x0,0	  x0:0x00000000
       13515000	      1350	80002a6c	007fed33	or	x26,x31,x7	 x31:0x418559f8  x7:0x80009f4c x26=0xc185dffc
       13525000	      1351	80002a70	00ef01b3	add	x3,x30,x14	 x30:0xe00027f1 x14:0x00000000  x3=0xe00027f1
       13535000	      1352	80002a74	00000013	addi	x0,x0,0	  x0:0x00000000
       13545000	      1353	80002a78	00000013	addi	x0,x0,0	  x0:0x00000000
       13555000	      1354	80002a7c	0061e663	bltu	x3,x6,80002a88	  x3:0xe00027f1  x6:0x00000000
       13565000	      1355	80002a80	3d440313	addi	x6,x8,980	  x8:0x200026e0  x6=0x20002ab4
       13575000	      1356	80002a84	04055663	bge	x10,x0,80002ad0	 x10:0x200026e0  x0:0x00000000
       13585000	      1357	00000000	00000013	addi	x0,x0,0	  x0:0x00000000
       13595000	      1358	80002acc	00000013	addi	x0,x0,0	  x0:0x00000000
       13605000	      1359	80002ad0	6b37af13	slti	x30,x15,1715	 x15:0x80000000 x30=0x00000001
       13615000	      1360	80002ad4	0037d463	bge	x15,x3,80002adc	 x15:0x80000000  x3:0xe00027f1
       13625000	      1361	80002ad8	00000013	addi	x0,x0,0	  x0:0x00000000
       13635000	      1362	80002adc	13a76993	ori	x19,x14,314	 x14:0x00000000 x19=0x0000013a
       13645000	      1363	80002ae0	01436eb3	or	x29,x6,x20	  x6:0x20002ab4 x20:0x9a004818 x29=0xba006abc
       13655000	      1364	80002ae4	0081a733	slt	x14,x3,x8	  x3:0xe00027f1  x8:0x200026e0 x14=0x00000001
       13665000	      1365	80002ae8	01c21e63	bne	x4,x28,80002b04	  x4:0x9a004818 x28:0x80009fc4
       13675000	      1366	00000000	00000013	addi	x0,x0,0	  x0:0x00000000
       13685000	      1367	80002b00	00000013	addi	x0,x0,0	  x0:0x00000000
       13695000	      1368	80002b04	414ad093	srai	x1,x21,0x14	 x21:0x80009f4c  x1=0xfffff800
       13705000	      1369	80002b08	408bd293	srai	x5,x23,0x8	 x23:0x80009f4c  x5=0xff80009f
       13715000	      1370	80002b0c	03b28863	beq	x5,x27,80002b3c	  x5:0xff80009f x27:0x00000000
       13725000	      1371	80002b10	904c5c17	auipc	x24,0x904c5	 x24=0x104c7b0c
       13735000	      1372	80002b14	02c37a63	bgeu	x6,x12,80002b48	  x6:0x20002ab4 x12:0x000003f1
       13745000	      1373	00000000	00000013	addi	x0,x0,0	  x0:0x00000000
       13755000	      1374	80002b44	00000013	addi	x0,x0,0	  x0:0x00000000
       13765000	      1375	80002b48	05509463	bne	x1,x21,80002b90	  x1:0xfffff800 x21:0x80009f4c
       13775000	      1376	00000000	00000013	addi	x0,x0,0	  x0:0x00000000
       13785000	      1377	80002b8c	00000013	addi	x0,x0,0	  x0:0x00000000
       13795000	      1378	80002b90	035f4463	blt	x30,x21,80002bb8	 x30:0x00000001 x21:0x80009f4c
       13805000	      1379	80002b94	325d3493	sltiu	x9,x26,805	 x26:0xc185dffc  x9=0x00000000
       13815000	      1380	80002b98	02db7063	bgeu	x22,x13,80002bb8	 x22:0x00000000 x13:0x00000001
       13825000	      1381	80002b9c	1f9e68b7	lui	x17,0x1f9e6	 x17=0x1f9e6000
       13835000	      1382	80002ba0	b37aa013	slti	x0,x21,-1225	 x21:0x80009f4c
       13845000	      1383	80002ba4	01ffb8b3	sltu	x17,x31,x31	 x31:0x418559f8 x31:0x418559f8 x17=0x00000000
       13855000	      1384	80002ba8	01d436b3	sltu	x13,x8,x29	  x8:0x200026e0 x29:0xba006abc x13=0x00000001
       13865000	      1385	80002bac	017cf663	bgeu	x25,x23,80002bb8	 x25:0x80009fc2 x23:0x80009f4c
       13875000	      1386	00000000	00000013	addi	x0,x0,0	  x0:0x00000000
       13885000	      1387	80002bb4	00000013	addi	x0,x0,0	  x0:0x00000000
       13895000	      1388	80002bb8	0037df13	srli	x30,x15,0x3	 x15:0x80000000 x30=0x10000000
       13905000	      1389	80002bbc	0043a483	lw	x9,4(x7)	  x7:0x80009f4c  x9=0x80000130 PA:0x80009f50
       13915000	      1390	80002bc0	bd1b3193	sltiu	x3,x22,-1071	 x22:0x00000000  x3=0x00000001
       13925000	      1391	80002bc4	03838393	addi	x7,x7,56	  x7:0x80009f4c  x7=0x80009f84
       13935000	      1392	80002bc8	db9d8513	addi	x10,x27,-583	 x27:0x00000000 x10=0xfffffdb9
       13945000	      1393	80002bcc	4f26c537	lui	x10,0x4f26c	 x10=0x4f26c000
       13955000	      1394	80002bd0	41070c33	sub	x24,x14,x16	 x14:0x00000001 x16:0x00000001 x24=0x00000000
       13965000	      1395	80002bd4	00048c93	addi	x25,x9,0	  x9:0x80000130 x25=0x80000130
       13975000	      1396	80002bd8	000c8ce7	jalr	x25,x25,0	 x25:0x80000130 x25=0x80002bd8
       13985000	      1397	00000000	00000013	addi	x0,x0,0	  x0:0x00000000
       13995000	      1398	80000130	00000013	addi	x0,x0,0	  x0:0x00000000
       14005000	      1399	80000134	00000817	auipc	x16,0x0	 x16=0x80000130
       14015000	      1400	80000138	6f880813	addi	x16,x16,1784	 x16:0x80000130 x16=0x80000828
       14025000	      1401	8000013c	402c5c93	srai	x25,x24,0x2	 x24:0x00000000 x25=0x00000000
       14035000	      1402	80000140	2ed38613	addi	x12,x7,749	  x7:0x80009f84 x12=0x8000a271
       14045000	      1403	80000144	0112d913	srli	x18,x5,0x11	  x5:0xff80009f x18=0x00007fc0
       14055000	      1404	80000148	1a080813	addi	x16,x16,416	 x16:0x80000828 x16=0x800009c8
       14065000	      1405	8000014c	40bbd633	sra	x12,x23,x11	 x23:0x80009f4c x11:0xe00027d3 x12=0xfffff000
       14075000	      1406	80000150	00fcca63	blt	x25,x15,80000164	 x25:0x00000000 x15:0x80000000
       14085000	      1407	80000154	015b7933	and	x18,x22,x21	 x22:0x00000000 x21:0x80009f4c x18=0x00000000
       14095000	      1408	80000158	405106b3	sub	x13,x2,x5	  x2:0x00000002  x5:0xff80009f x13=0x007fff63
       14105000	      1409	8000015c	01081f93	slli	x31,x16,0x10	 x16:0x800009c8 x31=0x09c80000
       14115000	      1410	80000160	016d1333	sll	x6,x26,x22	 x26:0xc185dffc x22:0x00000000  x6=0xc185dffc
       14125000	      1411	80000164	e61804e7	jalr	x9,x16,-415	 x16:0x800009c8  x9=0x80000164
       14135000	      1412	00000000	00000013	addi	x0,x0,0	  x0:0x00000000
       14145000	      1413	80000828	00000013	addi	x0,x0,0	  x0:0x00000000
       14155000	      1414	8000082c	019d8463	beq	x27,x25,80000834	 x27:0x00000000 x25:0x00000000
       14165000	      1415	00000000	00000013	addi	x0,x0,0	  x0:0x00000000
       14175000	      1416	80000830	00000013	addi	x0,x0,0	  x0:0x00000000
       14185000	      1417	80000834	ff038393	addi	x7,x7,-16	  x7:0x80009f84  x7=0x80009f74
       14195000	      1418	80000838	587de893	ori	x17,x27,1415	 x27:0x00000000 x17=0x00000587
       14205000	      1419	8000083c	0093a223	sw	x9,4(x7)	  x7:0x80009f74  x9:0x80000164 PA:0x80009f78
       14215000	      1420	80000840	00777a33	and	x20,x14,x7	 x14:0x00000001  x7:0x80009f74 x20=0x00000000
       14225000	      1421	80000844	00200913	addi	x18,x0,2	  x0:0x00000000 x18=0x00000002
       14235000	      1422	80000848	33748013	addi	x0,x9,823	  x9:0x80000164
       14245000	      1423	8000084c	dee86497	auipc	x9,0xdee86	  x9=0x5ee86848
       14255000	      1424	80000850	008a1013	slli	x0,x20,0x8	 x20:0x00000000
       14265000	      1425	80000854	68c1bb37	lui	x22,0x68c1b	 x22=0x68c1b000
       14275000	      1426	80000858	be211997	auipc	x19,0xbe211	 x19=0x3e211854
       14285000	      1427	8000085c	fff00093	addi	x1,x0,-1	  x0:0x00000000  x1=0xffffffff
       14295000	      1428	80000860	01fbefb3	or	x31,x23,x31	 x23:0x80009f4c x31:0x09c80000 x31=0x89c89f4c
       14305000	      1429	80000864	2cfb6f97	auipc	x31,0x2cfb6	 x31=0xacfb6860
       14315000	      1430	80000868	03353513	sltiu	x10,x10,51	 x10:0x4f26c000 x10=0x00000000
       14325000	      1431	8000086c	01592233	slt	x4,x18,x21	 x18:0x00000002 x21:0x80009f4c  x4=0x00000000
       14335000	      1432	80000870	01a267b3	or	x15,x4,x26	  x4:0x00000000 x26:0xc185dffc x15=0xc185dffc
       14345000	      1433	80000874	01f61c33	sll	x24,x12,x31	 x12:0xfffff000 x31:0xacfb6860 x24=0xfffff000
       14355000	      1434	80000878	40095593	srai	x11,x18,0x0	 x18:0x00000002 x11=0x00000002
       14365000	      1435	8000087c	a273cd17	auipc	x26,0xa273c	 x26=0x2273c878
       14375000	      1436	80000880	40705cb3	sra	x25,x0,x7	  x0:0x00000000  x7:0x80009f74 x25=0x00000000
       14385000	      1437	80000884	011cd333	srl	x6,x25,x17	 x25:0x00000000 x17:0x00000587  x6=0x00000000
       14395000	      1438	80000888	0716e517	auipc	x10,0x716e	 x10=0x8716e884
       14405000	      1439	8000088c	00d211b3	sll	x3,x4,x13	  x4:0x00000000 x13:0x007fff63  x3=0x00000000
       14415000	      1440	80000890	ade5aa93	slti	x21,x11,-1314	 x11:0x00000002 x21=0x00000000
       14425000	      1441	80000894	00f1e033	or	x0,x3,x15	  x3:0x00000000 x15:0xc185dffc
       14435000	      1442	80000898	01191c93	slli	x25,x18,0x11	 x18:0x00000002 x25=0x00040000
       14445000	      1443	8000089c	01c235b3	sltu	x11,x4,x28	  x4:0x00000000 x28:0x80009fc4 x11=0x00000001
       14455000	      1444	800008a0	ff690913	addi	x18,x18,-10	 x18:0x00000002 x18=0xfffffff8
       14465000	      1445	800008a4	5018c493	xori	x9,x17,1281	 x17:0x00000587  x9=0x00000086
       14475000	      1446	800008a8	01648cb3	add	x25,x9,x22	  x9:0x00000086 x22:0x68c1b000 x25=0x68c1b086
       14485000	      1447	800008ac	00849193	slli	x3,x9,0x8	  x9:0x00000086  x3=0x00008600
       14495000	      1448	800008b0	973b7a93	andi	x21,x22,-1677	 x22:0x68c1b000 x21=0x68c1b000
       14505000	      1449	800008b4	fc195ae3	bge	x18,x1,80000888	 x18:0xfffffff8  x1:0xffffffff
       14515000	      1450	800008b8	61667d13	andi	x26,x12,1558	 x12:0xfffff000 x26=0x00000000
       14525000	      1451	800008bc	fff00d93	addi	x27,x0,-1	  x0:0x00000000 x27=0xffffffff
       14535000	      1452	800008c0	01875fb3	srl	x31,x14,x24	 x14:0x00000001 x24:0xfffff000 x31=0x00000001
       14545000	      1453	800008c4	006c1833	sll	x16,x24,x6	 x24:0xfffff000  x6:0x00000000 x16=0xfffff000
       14555000	      1454	800008c8	00090b33	add	x22,x18,x0	 x18:0xfffffff8  x0:0x00000000 x22=0xfffffff8
       14565000	      1455	800008cc	00b9a4b3	slt	x9,x19,x11	 x19:0x3e211854 x11:0x00000001  x9=0x00000000
       14575000	      1456	800008d0	0081af33	slt	x30,x3,x8	  x3:0x00008600  x8:0x200026e0 x30=0x00000001
       14585000	      1457	800008d4	00600c93	addi	x25,x0,6	  x0:0x00000000 x25=0x00000006
       14595000	      1458	800008d8	5e165897	auipc	x17,0x5e165	 x17=0xde1658d4
       14605000	      1459	800008dc	01f660b3	or	x1,x12,x31	 x12:0xfffff000 x31:0x00000001  x1=0xfffff001
       14615000	      1460	800008e0	1a394b13	xori	x22,x18,419	 x18:0xfffffff8 x22=0xfffffe5b
       14625000	      1461	800008e4	96242413	slti	x8,x8,-1694	  x8:0x200026e0  x8=0x00000000
       14635000	      1462	800008e8	12ed7213	andi	x4,x26,302	 x26:0x00000000  x4=0x00000000
       14645000	      1463	800008ec	91ba0893	addi	x17,x20,-1765	 x20:0x00000000 x17=0xfffff91b
       14655000	      1464	800008f0	41e98ab3	sub	x21,x19,x30	 x19:0x3e211854 x30:0x00000001 x21=0x3e211853
       14665000	      1465	800008f4	400c5f33	sra	x30,x24,x0	 x24:0xfffff000  x0:0x00000000 x30=0xfffff000
       14675000	      1466	800008f8	cdf72017	auipc	x0,0xcdf72	
       14685000	      1467	800008fc	40e601b3	sub	x3,x12,x14	 x12:0xfffff000 x14:0x00000001  x3=0xffffefff
       14695000	      1468	80000900	4078d533	sra	x10,x17,x7	 x17:0xfffff91b  x7:0x80009f74 x10=0xffffffff
       14705000	      1469	80000904	008d8d93	addi	x27,x27,8	 x27:0xffffffff x27=0x00000007
       14715000	      1470	80000908	01e1e8b3	or	x17,x3,x30	  x3:0xffffefff x30:0xfffff000 x17=0xffffffff
       14725000	      1471	8000090c	aa84ab13	slti	x22,x9,-1368	  x9:0x00000000 x22=0x00000000
       14735000	      1472	80000910	015f51b3	srl	x3,x30,x21	 x30:0xfffff000 x21:0x3e211853  x3=0x00001fff
       14745000	      1473	80000914	00da0ab3	add	x21,x20,x13	 x20:0x00000000 x13:0x007fff63 x21=0x007fff63
       14755000	      1474	80000918	01d966b3	or	x13,x18,x29	 x18:0xfffffff8 x29:0xba006abc x13=0xfffffffc
       14765000	      1475	8000091c	19b6b893	sltiu	x17,x13,411	 x13:0xfffffffc x17=0x00000000
       14775000	      1476	80000920	fd9dc0e3	blt	x27,x25,800008e0	 x27:0x00000007 x25:0x00000006
       14785000	      1477	80000924	00521633	sll	x12,x4,x5	  x4:0x00000000  x5:0xff80009f x12=0x00000000
       14795000	      1478	80000928	fff00d13	addi	x26,x0,-1	  x0:0x00000000 x26=0xffffffff
       14805000	      1479	8000092c	0cf0bf13	sltiu	x30,x1,207	  x1:0xfffff001 x30=0x00000000
       14815000	      1480	80000930	016acab3	xor	x21,x21,x22	 x21:0x007fff63 x22:0x00000000 x21=0x007fff63
       14825000	      1481	80000934	00b00513	addi	x10,x0,11	  x0:0x00000000 x10=0x0000000b
       14835000	      1482	80000938	00853eb3	sltu	x29,x10,x8	 x10:0x0000000b  x8:0x00000000 x29=0x00000000
       14845000	      1483	8000093c	01f38fb3	add	x31,x7,x31	  x7:0x80009f74 x31:0x00000001 x31=0x80009f75
       14855000	      1484	80000940	17f7ad93	slti	x27,x15,383	 x15:0xc185dffc x27=0x00000001
       14865000	      1485	80000944	008a0f33	add	x30,x20,x8	 x20:0x00000000  x8:0x00000000 x30=0x00000000
       14875000	      1486	80000948	004d0d13	addi	x26,x26,4	 x26:0xffffffff x26=0x00000003
       14885000	      1487	8000094c	0166aeb3	slt	x29,x13,x22	 x13:0xfffffffc x22:0x00000000 x29=0x00000001
       14895000	      1488	80000950	00f911b3	sll	x3,x18,x15	 x18:0xfffffff8 x15:0xc185dffc  x3=0x80000000
       14905000	      1489	80000954	00d9b1b3	sltu	x3,x19,x13	 x19:0x3e211854 x13:0xfffffffc  x3=0x00000001
       14915000	      1490	80000958	ffb00593	addi	x11,x0,-5	  x0:0x00000000 x11=0xfffffffb
       14925000	      1491	8000095c	41f801b3	sub	x3,x16,x31	 x16:0xfffff000 x31:0x80009f75  x3=0x7fff508b
       14935000	      1492	80000960	ff300413	addi	x8,x0,-13	  x0:0x00000000  x8=0xfffffff3
       14945000	      1493	80000964	016e2b33	slt	x22,x28,x22	 x28:0x80009fc4 x22:0x00000000 x22=0x00000001
       14955000	      1494	80000968	00cedb93	srli	x23,x29,0xc	 x29:0x00000001 x23=0x00000000
       14965000	      1495	8000096c	3f5df713	andi	x14,x27,1013	 x27:0x00000001 x14=0x00000001
       14975000	      1496	80000970	00614bb3	xor	x23,x2,x6	  x2:0x00000002  x6:0x00000000 x23=0x00000002
       14985000	      1497	80000974	0033de93	srli	x29,x7,0x3	  x7:0x80009f74 x29=0x100013ee
       14995000	      1498	80000978	00000013	addi	x0,x0,0	  x0:0x00000000
       15005000	      1499	8000097c	408a5e93	srai	x29,x20,0x8	 x20:0x00000000 x29=0x00000000
       15015000	      1500	80000980	ffe58593	addi	x11,x11,-2	 x11:0xfffffffb x11=0xfffffff9
       15025000	      1501	80000984	fe8580e3	beq	x11,x8,80000964	 x11:0xfffffff9  x8:0xfffffff3
       15035000	      1502	80000988	574e6193	ori	x3,x28,1396	 x28:0x80009fc4  x3=0x80009ff4
       15045000	      1503	8000098c	40a108b3	sub	x17,x2,x10	  x2:0x00000002 x10:0x0000000b x17=0xfffffff7
       15055000	      1504	80000990	000cfd93	andi	x27,x25,0	 x25:0x00000006 x27=0x00000000
       15065000	      1505	80000994	faad16e3	bne	x26,x10,80000940	 x26:0x00000003 x10:0x0000000b
       15075000	      1506	00000000	00000013	addi	x0,x0,0	  x0:0x00000000
       15085000	      1507	8000093c	00000013	addi	x0,x0,0	  x0:0x00000000
       15095000	      1508	80000940	17f7ad93	slti	x27,x15,383	 x15:0xc185dffc x27=0x00000001
       15105000	      1509	80000944	008a0f33	add	x30,x20,x8	 x20:0x00000000  x8:0xfffffff3 x30=0xfffffff3
       15115000	      1510	80000948	004d0d13	addi	x26,x26,4	 x26:0x00000003 x26=0x00000007
       15125000	      1511	8000094c	0166aeb3	slt	x29,x13,x22	 x13:0xfffffffc x22:0x00000001 x29=0x00000001
       15135000	      1512	80000950	00f911b3	sll	x3,x18,x15	 x18:0xfffffff8 x15:0xc185dffc  x3=0x80000000
       15145000	      1513	80000954	00d9b1b3	sltu	x3,x19,x13	 x19:0x3e211854 x13:0xfffffffc  x3=0x00000001
       15155000	      1514	80000958	ffb00593	addi	x11,x0,-5	  x0:0x00000000 x11=0xfffffffb
       15165000	      1515	8000095c	41f801b3	sub	x3,x16,x31	 x16:0xfffff000 x31:0x80009f75  x3=0x7fff508b
       15175000	      1516	80000960	ff300413	addi	x8,x0,-13	  x0:0x00000000  x8=0xfffffff3
       15185000	      1517	80000964	016e2b33	slt	x22,x28,x22	 x28:0x80009fc4 x22:0x00000001 x22=0x00000001
       15195000	      1518	80000968	00cedb93	srli	x23,x29,0xc	 x29:0x00000001 x23=0x00000000
       15205000	      1519	8000096c	3f5df713	andi	x14,x27,1013	 x27:0x00000001 x14=0x00000001
       15215000	      1520	80000970	00614bb3	xor	x23,x2,x6	  x2:0x00000002  x6:0x00000000 x23=0x00000002
       15225000	      1521	80000974	0033de93	srli	x29,x7,0x3	  x7:0x80009f74 x29=0x100013ee
       15235000	      1522	80000978	00000013	addi	x0,x0,0	  x0:0x00000000
       15245000	      1523	8000097c	408a5e93	srai	x29,x20,0x8	 x20:0x00000000 x29=0x00000000
       15255000	      1524	80000980	ffe58593	addi	x11,x11,-2	 x11:0xfffffffb x11=0xfffffff9
       15265000	      1525	80000984	fe8580e3	beq	x11,x8,80000964	 x11:0xfffffff9  x8:0xfffffff3
       15275000	      1526	80000988	574e6193	ori	x3,x28,1396	 x28:0x80009fc4  x3=0x80009ff4
       15285000	      1527	8000098c	40a108b3	sub	x17,x2,x10	  x2:0x00000002 x10:0x0000000b x17=0xfffffff7
       15295000	      1528	80000990	000cfd93	andi	x27,x25,0	 x25:0x00000006 x27=0x00000000
       15305000	      1529	80000994	faad16e3	bne	x26,x10,80000940	 x26:0x00000007 x10:0x0000000b
       15315000	      1530	00000000	00000013	addi	x0,x0,0	  x0:0x00000000
       15325000	      1531	8000093c	00000013	addi	x0,x0,0	  x0:0x00000000
       15335000	      1532	80000940	17f7ad93	slti	x27,x15,383	 x15:0xc185dffc x27=0x00000001
       15345000	      1533	80000944	008a0f33	add	x30,x20,x8	 x20:0x00000000  x8:0xfffffff3 x30=0xfffffff3
       15355000	      1534	80000948	004d0d13	addi	x26,x26,4	 x26:0x00000007 x26=0x0000000b
       15365000	      1535	8000094c	0166aeb3	slt	x29,x13,x22	 x13:0xfffffffc x22:0x00000001 x29=0x00000001
       15375000	      1536	80000950	00f911b3	sll	x3,x18,x15	 x18:0xfffffff8 x15:0xc185dffc  x3=0x80000000
       15385000	      1537	80000954	00d9b1b3	sltu	x3,x19,x13	 x19:0x3e211854 x13:0xfffffffc  x3=0x00000001
       15395000	      1538	80000958	ffb00593	addi	x11,x0,-5	  x0:0x00000000 x11=0xfffffffb
       15405000	      1539	8000095c	41f801b3	sub	x3,x16,x31	 x16:0xfffff000 x31:0x80009f75  x3=0x7fff508b
       15415000	      1540	80000960	ff300413	addi	x8,x0,-13	  x0:0x00000000  x8=0xfffffff3
       15425000	      1541	80000964	016e2b33	slt	x22,x28,x22	 x28:0x80009fc4 x22:0x00000001 x22=0x00000001
       15435000	      1542	80000968	00cedb93	srli	x23,x29,0xc	 x29:0x00000001 x23=0x00000000
       15445000	      1543	8000096c	3f5df713	andi	x14,x27,1013	 x27:0x00000001 x14=0x00000001
       15455000	      1544	80000970	00614bb3	xor	x23,x2,x6	  x2:0x00000002  x6:0x00000000 x23=0x00000002
       15465000	      1545	80000974	0033de93	srli	x29,x7,0x3	  x7:0x80009f74 x29=0x100013ee
       15475000	      1546	80000978	00000013	addi	x0,x0,0	  x0:0x00000000
       15485000	      1547	8000097c	408a5e93	srai	x29,x20,0x8	 x20:0x00000000 x29=0x00000000
       15495000	      1548	80000980	ffe58593	addi	x11,x11,-2	 x11:0xfffffffb x11=0xfffffff9
       15505000	      1549	80000984	fe8580e3	beq	x11,x8,80000964	 x11:0xfffffff9  x8:0xfffffff3
       15515000	      1550	80000988	574e6193	ori	x3,x28,1396	 x28:0x80009fc4  x3=0x80009ff4
       15525000	      1551	8000098c	40a108b3	sub	x17,x2,x10	  x2:0x00000002 x10:0x0000000b x17=0xfffffff7
       15535000	      1552	80000990	000cfd93	andi	x27,x25,0	 x25:0x00000006 x27=0x00000000
       15545000	      1553	80000994	faad16e3	bne	x26,x10,80000940	 x26:0x0000000b x10:0x0000000b
       15555000	      1554	80000998	00acd893	srli	x17,x25,0xa	 x25:0x00000006 x17=0x00000000
       15565000	      1555	8000099c	00000c13	addi	x24,x0,0	  x0:0x00000000 x24=0x00000000
       15575000	      1556	800009a0	017c8db3	add	x27,x25,x23	 x25:0x00000006 x23:0x00000002 x27=0x00000008
       15585000	      1557	800009a4	00400b13	addi	x22,x0,4	  x0:0x00000000 x22=0x00000004
       15595000	      1558	800009a8	01a7ceb3	xor	x29,x15,x26	 x15:0xc185dffc x26:0x0000000b x29=0xc185dff7
       15605000	      1559	800009ac	fe08e993	ori	x19,x17,-32	 x17:0x00000000 x19=0xffffffe0
       15615000	      1560	800009b0	01c55093	srli	x1,x10,0x1c	 x10:0x0000000b  x1=0x00000000
       15625000	      1561	800009b4	00ac0c13	addi	x24,x24,10	 x24:0x00000000 x24=0x0000000a
       15635000	      1562	800009b8	017db033	sltu	x0,x27,x23	 x27:0x00000008 x23:0x00000002
       15645000	      1563	800009bc	00ade833	or	x16,x27,x10	 x27:0x00000008 x10:0x0000000b x16=0x0000000b
       15655000	      1564	800009c0	ff900593	addi	x11,x0,-7	  x0:0x00000000 x11=0xfffffff9
       15665000	      1565	800009c4	991ac193	xori	x3,x21,-1647	 x21:0x007fff63  x3=0xff8006f2
       15675000	      1566	800009c8	01300693	addi	x13,x0,19	  x0:0x00000000 x13=0x00000013
       15685000	      1567	800009cc	808fee93	ori	x29,x31,-2040	 x31:0x80009f75 x29=0xffffff7d
       15695000	      1568	800009d0	79d5c613	xori	x12,x11,1949	 x11:0xfffffff9 x12=0xfffff864
       15705000	      1569	800009d4	e899ad93	slti	x27,x19,-375	 x19:0xffffffe0 x27=0x00000000
       15715000	      1570	800009d8	d0855837	lui	x16,0xd0855	 x16=0xd0855000
       15725000	      1571	800009dc	9ead3813	sltiu	x16,x26,-1558	 x26:0x0000000b x16=0x00000001
       15735000	      1572	800009e0	011e30b3	sltu	x1,x28,x17	 x28:0x80009fc4 x17:0x00000000  x1=0x00000000
       15745000	      1573	800009e4	01e13db3	sltu	x27,x2,x30	  x2:0x00000002 x30:0xfffffff3 x27=0x00000001
       15755000	      1574	800009e8	00858593	addi	x11,x11,8	 x11:0xfffffff9 x11=0x00000001
       15765000	      1575	800009ec	01509733	sll	x14,x1,x21	  x1:0x00000000 x21:0x007fff63 x14=0x00000000
       15775000	      1576	800009f0	fed5e6e3	bltu	x11,x13,800009dc	 x11:0x00000001 x13:0x00000013
       15785000	      1577	00000000	00000013	addi	x0,x0,0	  x0:0x00000000
       15795000	      1578	800009d8	00000013	addi	x0,x0,0	  x0:0x00000000
       15805000	      1579	800009dc	9ead3813	sltiu	x16,x26,-1558	 x26:0x0000000b x16=0x00000001
       15815000	      1580	800009e0	011e30b3	sltu	x1,x28,x17	 x28:0x80009fc4 x17:0x00000000  x1=0x00000000
       15825000	      1581	800009e4	01e13db3	sltu	x27,x2,x30	  x2:0x00000002 x30:0xfffffff3 x27=0x00000001
       15835000	      1582	800009e8	00858593	addi	x11,x11,8	 x11:0x00000001 x11=0x00000009
       15845000	      1583	800009ec	01509733	sll	x14,x1,x21	  x1:0x00000000 x21:0x007fff63 x14=0x00000000
       15855000	      1584	800009f0	fed5e6e3	bltu	x11,x13,800009dc	 x11:0x00000009 x13:0x00000013
       15865000	      1585	00000000	00000013	addi	x0,x0,0	  x0:0x00000000
       15875000	      1586	800009d8	00000013	addi	x0,x0,0	  x0:0x00000000
       15885000	      1587	800009dc	9ead3813	sltiu	x16,x26,-1558	 x26:0x0000000b x16=0x00000001
       15895000	      1588	800009e0	011e30b3	sltu	x1,x28,x17	 x28:0x80009fc4 x17:0x00000000  x1=0x00000000
       15905000	      1589	800009e4	01e13db3	sltu	x27,x2,x30	  x2:0x00000002 x30:0xfffffff3 x27=0x00000001
       15915000	      1590	800009e8	00858593	addi	x11,x11,8	 x11:0x00000009 x11=0x00000011
       15925000	      1591	800009ec	01509733	sll	x14,x1,x21	  x1:0x00000000 x21:0x007fff63 x14=0x00000000
       15935000	      1592	800009f0	fed5e6e3	bltu	x11,x13,800009dc	 x11:0x00000011 x13:0x00000013
       15945000	      1593	00000000	00000013	addi	x0,x0,0	  x0:0x00000000
       15955000	      1594	800009d8	00000013	addi	x0,x0,0	  x0:0x00000000
       15965000	      1595	800009dc	9ead3813	sltiu	x16,x26,-1558	 x26:0x0000000b x16=0x00000001
       15975000	      1596	800009e0	011e30b3	sltu	x1,x28,x17	 x28:0x80009fc4 x17:0x00000000  x1=0x00000000
       15985000	      1597	800009e4	01e13db3	sltu	x27,x2,x30	  x2:0x00000002 x30:0xfffffff3 x27=0x00000001
       15995000	      1598	800009e8	00858593	addi	x11,x11,8	 x11:0x00000011 x11=0x00000019
       16005000	      1599	800009ec	01509733	sll	x14,x1,x21	  x1:0x00000000 x21:0x007fff63 x14=0x00000000
       16015000	      1600	800009f0	fed5e6e3	bltu	x11,x13,800009dc	 x11:0x00000019 x13:0x00000013
       16025000	      1601	800009f4	41750533	sub	x10,x10,x23	 x10:0x0000000b x23:0x00000002 x10=0x00000009
       16035000	      1602	800009f8	4153dd13	srai	x26,x7,0x15	  x7:0x80009f74 x26=0xfffffc00
       16045000	      1603	800009fc	403109b3	sub	x19,x2,x3	  x2:0x00000002  x3:0xff8006f2 x19=0x007ff910
       16055000	      1604	80000a00	01c619b3	sll	x19,x12,x28	 x12:0xfffff864 x28:0x80009fc4 x19=0xffff8640
       16065000	      1605	80000a04	0e4e3a93	sltiu	x21,x28,228	 x28:0x80009fc4 x21=0x00000000
       16075000	      1606	80000a08	d946e613	ori	x12,x13,-620	 x13:0x00000013 x12=0xfffffd97
       16085000	      1607	80000a0c	019afdb3	and	x27,x21,x25	 x21:0x00000000 x25:0x00000006 x27=0x00000000
       16095000	      1608	80000a10	f96c6ee3	bltu	x24,x22,800009ac	 x24:0x0000000a x22:0x00000004
       16105000	      1609	80000a14	0178f4b3	and	x9,x17,x23	 x17:0x00000000 x23:0x00000002  x9=0x00000000
       16115000	      1610	80000a18	ff800a13	addi	x20,x0,-8	  x0:0x00000000 x20=0xfffffff8
       16125000	      1611	80000a1c	ff000793	addi	x15,x0,-16	  x0:0x00000000 x15=0xfffffff0
       16135000	      1612	80000a20	00e7d0b3	srl	x1,x15,x14	 x15:0xfffffff0 x14:0x00000000  x1=0xfffffff0
       16145000	      1613	80000a24	1cca0eb7	lui	x29,0x1cca0	 x29=0x1cca0000
       16155000	      1614	80000a28	1a4cfb93	andi	x23,x25,420	 x25:0x00000006 x23=0x00000004
       16165000	      1615	80000a2c	3e1d4413	xori	x8,x26,993	 x26:0xfffffc00  x8=0xffffffe1
       16175000	      1616	80000a30	002dfdb3	and	x27,x27,x2	 x27:0x00000000  x2:0x00000002 x27=0x00000000
       16185000	      1617	80000a34	f4dcb993	sltiu	x19,x25,-179	 x25:0x00000006 x19=0x00000001
       16195000	      1618	80000a38	ffaa0a13	addi	x20,x20,-6	 x20:0xfffffff8 x20=0xfffffff2
       16205000	      1619	80000a3c	cc866613	ori	x12,x12,-824	 x12:0xfffffd97 x12=0xfffffddf
       16215000	      1620	80000a40	a9182b93	slti	x23,x16,-1391	 x16:0x00000001 x23=0x00000000
       16225000	      1621	80000a44	fefa56e3	bge	x20,x15,80000a30	 x20:0xfffffff2 x15:0xfffffff0
       16235000	      1622	00000000	00000013	addi	x0,x0,0	  x0:0x00000000
       16245000	      1623	80000a2c	00000013	addi	x0,x0,0	  x0:0x00000000
       16255000	      1624	80000a30	002dfdb3	and	x27,x27,x2	 x27:0x00000000  x2:0x00000002 x27=0x00000000
       16265000	      1625	80000a34	f4dcb993	sltiu	x19,x25,-179	 x25:0x00000006 x19=0x00000001
       16275000	      1626	80000a38	ffaa0a13	addi	x20,x20,-6	 x20:0xfffffff2 x20=0xffffffec
       16285000	      1627	80000a3c	cc866613	ori	x12,x12,-824	 x12:0xfffffddf x12=0xfffffddf
       16295000	      1628	80000a40	a9182b93	slti	x23,x16,-1391	 x16:0x00000001 x23=0x00000000
       16305000	      1629	80000a44	fefa56e3	bge	x20,x15,80000a30	 x20:0xffffffec x15:0xfffffff0
       16315000	      1630	80000a48	419bd813	srai	x16,x23,0x19	 x23:0x00000000 x16=0x00000000
       16325000	      1631	80000a4c	ffa00793	addi	x15,x0,-6	  x0:0x00000000 x15=0xfffffffa
       16335000	      1632	80000a50	40b00233	sub	x4,x0,x11	  x0:0x00000000 x11:0x00000019  x4=0xffffffe7
       16345000	      1633	80000a54	00300693	addi	x13,x0,3	  x0:0x00000000 x13=0x00000003
       16355000	      1634	80000a58	0009c2b3	xor	x5,x19,x0	 x19:0x00000001  x0:0x00000000  x5=0x00000001
       16365000	      1635	80000a5c	4efff217	auipc	x4,0x4efff	  x4=0xcefffa58
       16375000	      1636	80000a60	57524c93	xori	x25,x4,1397	  x4:0xcefffa58 x25=0xceffff2d
       16385000	      1637	80000a64	00678793	addi	x15,x15,6	 x15:0xfffffffa x15=0x00000000
       16395000	      1638	80000a68	00000013	addi	x0,x0,0	  x0:0x00000000
       16405000	      1639	80000a6c	4192d613	srai	x12,x5,0x19	  x5:0x00000001 x12=0x00000000
       16415000	      1640	80000a70	fed7c6e3	blt	x15,x13,80000a5c	 x15:0x00000000 x13:0x00000003
       16425000	      1641	00000000	00000013	addi	x0,x0,0	  x0:0x00000000
       16435000	      1642	80000a58	00000013	addi	x0,x0,0	  x0:0x00000000
       16445000	      1643	80000a5c	4efff217	auipc	x4,0x4efff	  x4=0xcefffa58
       16455000	      1644	80000a60	57524c93	xori	x25,x4,1397	  x4:0xcefffa58 x25=0xceffff2d
       16465000	      1645	80000a64	00678793	addi	x15,x15,6	 x15:0x00000000 x15=0x00000006
       16475000	      1646	80000a68	00000013	addi	x0,x0,0	  x0:0x00000000
       16485000	      1647	80000a6c	4192d613	srai	x12,x5,0x19	  x5:0x00000001 x12=0x00000000
       16495000	      1648	80000a70	fed7c6e3	blt	x15,x13,80000a5c	 x15:0x00000006 x13:0x00000003
       16505000	      1649	80000a74	002bbcb3	sltu	x25,x23,x2	 x23:0x00000000  x2:0x00000002 x25=0x00000001
       16515000	      1650	80000a78	ffe00993	addi	x19,x0,-2	  x0:0x00000000 x19=0xfffffffe
       16525000	      1651	80000a7c	c2754c13	xori	x24,x10,-985	 x10:0x00000009 x24=0xfffffc2e
       16535000	      1652	80000a80	40b25193	srai	x3,x4,0xb	  x4:0xcefffa58  x3=0xfff9dfff
       16545000	      1653	80000a84	0187a6b3	slt	x13,x15,x24	 x15:0x00000006 x24:0xfffffc2e x13=0x00000000
       16555000	      1654	80000a88	a1c8d297	auipc	x5,0xa1c8d	  x5=0x21c8da84
       16565000	      1655	80000a8c	84a46613	ori	x12,x8,-1974	  x8:0xffffffe1 x12=0xffffffeb
       16575000	      1656	80000a90	00d00893	addi	x17,x0,13	  x0:0x00000000 x17=0x0000000d
       16585000	      1657	80000a94	081ee337	lui	x6,0x81ee	  x6=0x081ee000
       16595000	      1658	80000a98	2cac7513	andi	x10,x24,714	 x24:0xfffffc2e x10=0x0000000a
       16605000	      1659	80000a9c	01c51793	slli	x15,x10,0x1c	 x10:0x0000000a x15=0xa0000000
       16615000	      1660	80000aa0	74a3f413	andi	x8,x7,1866	  x7:0x80009f74  x8=0x00000740
       16625000	      1661	80000aa4	0138e033	or	x0,x17,x19	 x17:0x0000000d x19:0xfffffffe
       16635000	      1662	80000aa8	b3f03fb7	lui	x31,0xb3f03	 x31=0xb3f03000
       16645000	      1663	80000aac	006d80b3	add	x1,x27,x6	 x27:0x00000000  x6:0x081ee000  x1=0x081ee000
       16655000	      1664	80000ab0	41fb8633	sub	x12,x23,x31	 x23:0x00000000 x31:0xb3f03000 x12=0x4c0fd000
       16665000	      1665	80000ab4	0050dd93	srli	x27,x1,0x5	  x1:0x081ee000 x27=0x0040f700
       16675000	      1666	80000ab8	27cfe513	ori	x10,x31,636	 x31:0xb3f03000 x10=0xb3f0327c
       16685000	      1667	80000abc	00798993	addi	x19,x19,7	 x19:0xfffffffe x19=0x00000005
       16695000	      1668	80000ac0	01607bb3	and	x23,x0,x22	  x0:0x00000000 x22:0x00000004 x23=0x00000000
       16705000	      1669	80000ac4	019c7cb3	and	x25,x24,x25	 x24:0xfffffc2e x25:0x00000001 x25=0x00000000
       16715000	      1670	80000ac8	40a55b33	sra	x22,x10,x10	 x10:0xb3f0327c x10:0xb3f0327c x22=0xfffffffb
       16725000	      1671	80000acc	3f981297	auipc	x5,0x3f981	  x5=0xbf981ac8
       16735000	      1672	80000ad0	403dda13	srai	x20,x27,0x3	 x27:0x0040f700 x20=0x00081ee0
       16745000	      1673	80000ad4	fd19c8e3	blt	x19,x17,80000aa4	 x19:0x00000005 x17:0x0000000d
       16755000	      1674	00000000	00000013	addi	x0,x0,0	  x0:0x00000000
       16765000	      1675	80000aa0	00000013	addi	x0,x0,0	  x0:0x00000000
       16775000	      1676	80000aa4	0138e033	or	x0,x17,x19	 x17:0x0000000d x19:0x00000005
       16785000	      1677	80000aa8	b3f03fb7	lui	x31,0xb3f03	 x31=0xb3f03000
       16795000	      1678	80000aac	006d80b3	add	x1,x27,x6	 x27:0x0040f700  x6:0x081ee000  x1=0x085fd700
       16805000	      1679	80000ab0	41fb8633	sub	x12,x23,x31	 x23:0x00000000 x31:0xb3f03000 x12=0x4c0fd000
       16815000	      1680	80000ab4	0050dd93	srli	x27,x1,0x5	  x1:0x085fd700 x27=0x0042feb8
       16825000	      1681	80000ab8	27cfe513	ori	x10,x31,636	 x31:0xb3f03000 x10=0xb3f0327c
       16835000	      1682	80000abc	00798993	addi	x19,x19,7	 x19:0x00000005 x19=0x0000000c
       16845000	      1683	80000ac0	01607bb3	and	x23,x0,x22	  x0:0x00000000 x22:0xfffffffb x23=0x00000000
       16855000	      1684	80000ac4	019c7cb3	and	x25,x24,x25	 x24:0xfffffc2e x25:0x00000000 x25=0x00000000
       16865000	      1685	80000ac8	40a55b33	sra	x22,x10,x10	 x10:0xb3f0327c x10:0xb3f0327c x22=0xfffffffb
       16875000	      1686	80000acc	3f981297	auipc	x5,0x3f981	  x5=0xbf981ac8
       16885000	      1687	80000ad0	403dda13	srai	x20,x27,0x3	 x27:0x0042feb8 x20=0x00085fd7
       16895000	      1688	80000ad4	fd19c8e3	blt	x19,x17,80000aa4	 x19:0x0000000c x17:0x0000000d
       16905000	      1689	00000000	00000013	addi	x0,x0,0	  x0:0x00000000
       16915000	      1690	80000aa0	00000013	addi	x0,x0,0	  x0:0x00000000
       16925000	      1691	80000aa4	0138e033	or	x0,x17,x19	 x17:0x0000000d x19:0x0000000c
       16935000	      1692	80000aa8	b3f03fb7	lui	x31,0xb3f03	 x31=0xb3f03000
       16945000	      1693	80000aac	006d80b3	add	x1,x27,x6	 x27:0x0042feb8  x6:0x081ee000  x1=0x0861deb8
       16955000	      1694	80000ab0	41fb8633	sub	x12,x23,x31	 x23:0x00000000 x31:0xb3f03000 x12=0x4c0fd000
       16965000	      1695	80000ab4	0050dd93	srli	x27,x1,0x5	  x1:0x0861deb8 x27=0x00430ef5
       16975000	      1696	80000ab8	27cfe513	ori	x10,x31,636	 x31:0xb3f03000 x10=0xb3f0327c
       16985000	      1697	80000abc	00798993	addi	x19,x19,7	 x19:0x0000000c x19=0x00000013
       16995000	      1698	80000ac0	01607bb3	and	x23,x0,x22	  x0:0x00000000 x22:0xfffffffb x23=0x00000000
       17005000	      1699	80000ac4	019c7cb3	and	x25,x24,x25	 x24:0xfffffc2e x25:0x00000000 x25=0x00000000
       17015000	      1700	80000ac8	40a55b33	sra	x22,x10,x10	 x10:0xb3f0327c x10:0xb3f0327c x22=0xfffffffb
       17025000	      1701	80000acc	3f981297	auipc	x5,0x3f981	  x5=0xbf981ac8
       17035000	      1702	80000ad0	403dda13	srai	x20,x27,0x3	 x27:0x00430ef5 x20=0x000861de
       17045000	      1703	80000ad4	fd19c8e3	blt	x19,x17,80000aa4	 x19:0x00000013 x17:0x0000000d
       17055000	      1704	80000ad8	00405533	srl	x10,x0,x4	  x0:0x00000000  x4:0xcefffa58 x10=0x00000000
       17065000	      1705	80000adc	ff600b93	addi	x23,x0,-10	  x0:0x00000000 x23=0xfffffff6
       17075000	      1706	80000ae0	0144c8b3	xor	x17,x9,x20	  x9:0x00000000 x20:0x000861de x17=0x000861de
       17085000	      1707	80000ae4	4116d593	srai	x11,x13,0x11	 x13:0x00000000 x11=0x00000000
       17095000	      1708	80000ae8	85322d13	slti	x26,x4,-1965	  x4:0xcefffa58 x26=0x00000001
       17105000	      1709	80000aec	00453eb3	sltu	x29,x10,x4	 x10:0x00000000  x4:0xcefffa58 x29=0x00000001
       17115000	      1710	80000af0	01a838b3	sltu	x17,x16,x26	 x16:0x00000000 x26:0x00000001 x17=0x00000001
       17125000	      1711	80000af4	00200693	addi	x13,x0,2	  x0:0x00000000 x13=0x00000002
       17135000	      1712	80000af8	01c5d493	srli	x9,x11,0x1c	 x11:0x00000000  x9=0x00000000
       17145000	      1713	80000afc	00530b33	add	x22,x6,x5	  x6:0x081ee000  x5:0xbf981ac8 x22=0xc7b6fac8
       17155000	      1714	80000b00	01c18633	add	x12,x3,x28	  x3:0xfff9dfff x28:0x80009fc4 x12=0x7ffa7fc3
       17165000	      1715	80000b04	dd56f013	andi	x0,x13,-555	 x13:0x00000002
       17175000	      1716	80000b08	01535cb3	srl	x25,x6,x21	  x6:0x081ee000 x21:0x00000000 x25=0x081ee000
       17185000	      1717	80000b0c	00e06433	or	x8,x0,x14	  x0:0x00000000 x14:0x00000000  x8=0x00000000
       17195000	      1718	80000b10	010c1a33	sll	x20,x24,x16	 x24:0xfffffc2e x16:0x00000000 x20=0xfffffc2e
       17205000	      1719	80000b14	787ea713	slti	x14,x29,1927	 x29:0x00000001 x14=0x00000001
       17215000	      1720	80000b18	bce1f193	andi	x3,x3,-1074	  x3:0xfff9dfff  x3=0xfff9dbce
       17225000	      1721	80000b1c	40d085b3	sub	x11,x1,x13	  x1:0x0861deb8 x13:0x00000002 x11=0x0861deb6
       17235000	      1722	80000b20	013e2433	slt	x8,x28,x19	 x28:0x80009fc4 x19:0x00000013  x8=0x00000001
       17245000	      1723	80000b24	c1a77093	andi	x1,x14,-998	 x14:0x00000001  x1=0x00000000
       17255000	      1724	80000b28	006b8b93	addi	x23,x23,6	 x23:0xfffffff6 x23=0xfffffffc
       17265000	      1725	80000b2c	01543c33	sltu	x24,x8,x21	  x8:0x00000001 x21:0x00000000 x24=0x00000000
       17275000	      1726	80000b30	89e5f613	andi	x12,x11,-1890	 x11:0x0861deb6 x12=0x0861d896
       17285000	      1727	80000b34	41825533	sra	x10,x4,x24	  x4:0xcefffa58 x24:0x00000000 x10=0xcefffa58
       17295000	      1728	80000b38	87534593	xori	x11,x6,-1931	  x6:0x081ee000 x11=0xf7e11875
       17305000	      1729	80000b3c	6d79cb17	auipc	x22,0x6d79c	 x22=0xed79cb38
       17315000	      1730	80000b40	00f7f233	and	x4,x15,x15	 x15:0xa0000000 x15:0xa0000000  x4=0xa0000000
       17325000	      1731	80000b44	011f5b33	srl	x22,x30,x17	 x30:0xfffffff3 x17:0x00000001 x22=0x7ffffff9
       17335000	      1732	80000b48	fcdb92e3	bne	x23,x13,80000b0c	 x23:0xfffffffc x13:0x00000002
       17345000	      1733	00000000	00000013	addi	x0,x0,0	  x0:0x00000000
       17355000	      1734	80000b08	00000013	addi	x0,x0,0	  x0:0x00000000
       17365000	      1735	80000b0c	00e06433	or	x8,x0,x14	  x0:0x00000000 x14:0x00000001  x8=0x00000001
       17375000	      1736	80000b10	010c1a33	sll	x20,x24,x16	 x24:0x00000000 x16:0x00000000 x20=0x00000000
       17385000	      1737	80000b14	787ea713	slti	x14,x29,1927	 x29:0x00000001 x14=0x00000001
       17395000	      1738	80000b18	bce1f193	andi	x3,x3,-1074	  x3:0xfff9dbce  x3=0xfff9dbce
       17405000	      1739	80000b1c	40d085b3	sub	x11,x1,x13	  x1:0x00000000 x13:0x00000002 x11=0xfffffffe
       17415000	      1740	80000b20	013e2433	slt	x8,x28,x19	 x28:0x80009fc4 x19:0x00000013  x8=0x00000001
       17425000	      1741	80000b24	c1a77093	andi	x1,x14,-998	 x14:0x00000001  x1=0x00000000
       17435000	      1742	80000b28	006b8b93	addi	x23,x23,6	 x23:0xfffffffc x23=0x00000002
       17445000	      1743	80000b2c	01543c33	sltu	x24,x8,x21	  x8:0x00000001 x21:0x00000000 x24=0x00000000
       17455000	      1744	80000b30	89e5f613	andi	x12,x11,-1890	 x11:0xfffffffe x12=0xfffff89e
       17465000	      1745	80000b34	41825533	sra	x10,x4,x24	  x4:0xa0000000 x24:0x00000000 x10=0xa0000000
       17475000	      1746	80000b38	87534593	xori	x11,x6,-1931	  x6:0x081ee000 x11=0xf7e11875
       17485000	      1747	80000b3c	6d79cb17	auipc	x22,0x6d79c	 x22=0xed79cb38
       17495000	      1748	80000b40	00f7f233	and	x4,x15,x15	 x15:0xa0000000 x15:0xa0000000  x4=0xa0000000
       17505000	      1749	80000b44	011f5b33	srl	x22,x30,x17	 x30:0xfffffff3 x17:0x00000001 x22=0x7ffffff9
       17515000	      1750	80000b48	fcdb92e3	bne	x23,x13,80000b0c	 x23:0x00000002 x13:0x00000002
       17525000	      1751	80000b4c	0d507c17	auipc	x24,0xd507	 x24=0x8d507b48
       17535000	      1752	80000b50	ffa00193	addi	x3,x0,-6	  x0:0x00000000  x3=0xfffffffa
       17545000	      1753	80000b54	b5b62093	slti	x1,x12,-1189	 x12:0xfffff89e  x1=0x00000001
       17555000	      1754	80000b58	003a2fb3	slt	x31,x20,x3	 x20:0x00000000  x3:0xfffffffa x31=0x00000000
       17565000	      1755	80000b5c	00b16933	or	x18,x2,x11	  x2:0x00000002 x11:0xf7e11875 x18=0xf7e11877
       17575000	      1756	80000b60	00000013	addi	x0,x0,0	  x0:0x00000000
       17585000	      1757	80000b64	006cc333	xor	x6,x25,x6	 x25:0x081ee000  x6:0x081ee000  x6=0x00000000
       17595000	      1758	80000b68	37fccb93	xori	x23,x25,895	 x25:0x081ee000 x23=0x081ee37f
       17605000	      1759	80000b6c	3a4a6f97	auipc	x31,0x3a4a6	 x31=0xba4a6b68
       17615000	      1760	80000b70	00f3f433	and	x8,x7,x15	  x7:0x80009f74 x15:0xa0000000  x8=0x80000000
       17625000	      1761	80000b74	01200613	addi	x12,x0,18	  x0:0x00000000 x12=0x00000012
       17635000	      1762	80000b78	01c83ab3	sltu	x21,x16,x28	 x16:0x00000000 x28:0x80009fc4 x21=0x00000001
       17645000	      1763	80000b7c	d61dd537	lui	x10,0xd61dd	 x10=0xd61dd000
       17655000	      1764	80000b80	00512fb3	slt	x31,x2,x5	  x2:0x00000002  x5:0xbf981ac8 x31=0x00000000
       17665000	      1765	80000b84	01f01913	slli	x18,x0,0x1f	  x0:0x00000000 x18=0x00000000
       17675000	      1766	80000b88	73164e93	xori	x29,x12,1841	 x12:0x00000012 x29=0x00000723
       17685000	      1767	80000b8c	00818193	addi	x3,x3,8	  x3:0xfffffffa  x3=0x00000002
       17695000	      1768	80000b90	579be313	ori	x6,x23,1401	 x23:0x081ee37f  x6=0x081ee77f
       17705000	      1769	80000b94	52414417	auipc	x8,0x52414	  x8=0xd2414b90
       17715000	      1770	80000b98	4e42c813	xori	x16,x5,1252	  x5:0xbf981ac8 x16=0xbf981e2c
       17725000	      1771	80000b9c	5d73bd13	sltiu	x26,x7,1495	  x7:0x80009f74 x26=0x00000000
       17735000	      1772	80000ba0	d1b28817	auipc	x16,0xd1b28	 x16=0x51b28b9c
       17745000	      1773	80000ba4	01d51893	slli	x17,x10,0x1d	 x10:0xd61dd000 x17=0x00000000
       17755000	      1774	80000ba8	01e40a33	add	x20,x8,x30	  x8:0xd2414b90 x30:0xfffffff3 x20=0xd2414b83
       17765000	      1775	80000bac	00000013	addi	x0,x0,0	  x0:0x00000000
       17775000	      1776	80000bb0	40930933	sub	x18,x6,x9	  x6:0x081ee77f  x9:0x00000000 x18=0x081ee77f
       17785000	      1777	80000bb4	8aa40293	addi	x5,x8,-1878	  x8:0xd2414b90  x5=0xd241443a
       17795000	      1778	80000bb8	fcc180e3	beq	x3,x12,80000b78	  x3:0x00000002 x12:0x00000012
       17805000	      1779	80000bbc	70614513	xori	x10,x2,1798	  x2:0x00000002 x10=0x00000704
       17815000	      1780	80000bc0	00600613	addi	x12,x0,6	  x0:0x00000000 x12=0x00000006
       17825000	      1781	80000bc4	330ebe93	sltiu	x29,x29,816	 x29:0x00000723 x29=0x00000000
       17835000	      1782	80000bc8	ff600493	addi	x9,x0,-10	  x0:0x00000000  x9=0xfffffff6
       17845000	      1783	80000bcc	01984fb3	xor	x31,x16,x25	 x16:0x51b28b9c x25:0x081ee000 x31=0x59ac6b9c
       17855000	      1784	80000bd0	01cf41b3	xor	x3,x30,x28	 x30:0xfffffff3 x28:0x80009fc4  x3=0x7fff6037
       17865000	      1785	80000bd4	0128b6b3	sltu	x13,x17,x18	 x17:0x00000000 x18:0x081ee77f x13=0x00000001
       17875000	      1786	80000bd8	0021cc33	xor	x24,x3,x2	  x3:0x7fff6037  x2:0x00000002 x24=0x7fff6035
       17885000	      1787	80000bdc	ffd60613	addi	x12,x12,-3	 x12:0x00000006 x12=0x00000003
       17895000	      1788	80000be0	fe965ae3	bge	x12,x9,80000bd4	 x12:0x00000003  x9:0xfffffff6
       17905000	      1789	00000000	00000013	addi	x0,x0,0	  x0:0x00000000
       17915000	      1790	80000bd0	00000013	addi	x0,x0,0	  x0:0x00000000
       17925000	      1791	80000bd4	0128b6b3	sltu	x13,x17,x18	 x17:0x00000000 x18:0x081ee77f x13=0x00000001
       17935000	      1792	80000bd8	0021cc33	xor	x24,x3,x2	  x3:0x7fff6037  x2:0x00000002 x24=0x7fff6035
       17945000	      1793	80000bdc	ffd60613	addi	x12,x12,-3	 x12:0x00000003 x12=0x00000000
       17955000	      1794	80000be0	fe965ae3	bge	x12,x9,80000bd4	 x12:0x00000000  x9:0xfffffff6
       17965000	      1795	00000000	00000013	addi	x0,x0,0	  x0:0x00000000
       17975000	      1796	80000bd0	00000013	addi	x0,x0,0	  x0:0x00000000
       17985000	      1797	80000bd4	0128b6b3	sltu	x13,x17,x18	 x17:0x00000000 x18:0x081ee77f x13=0x00000001
       17995000	      1798	80000bd8	0021cc33	xor	x24,x3,x2	  x3:0x7fff6037  x2:0x00000002 x24=0x7fff6035
       18005000	      1799	80000bdc	ffd60613	addi	x12,x12,-3	 x12:0x00000000 x12=0xfffffffd
       18015000	      1800	80000be0	fe965ae3	bge	x12,x9,80000bd4	 x12:0xfffffffd  x9:0xfffffff6
       18025000	      1801	00000000	00000013	addi	x0,x0,0	  x0:0x00000000
       18035000	      1802	80000bd0	00000013	addi	x0,x0,0	  x0:0x00000000
       18045000	      1803	80000bd4	0128b6b3	sltu	x13,x17,x18	 x17:0x00000000 x18:0x081ee77f x13=0x00000001
       18055000	      1804	80000bd8	0021cc33	xor	x24,x3,x2	  x3:0x7fff6037  x2:0x00000002 x24=0x7fff6035
       18065000	      1805	80000bdc	ffd60613	addi	x12,x12,-3	 x12:0xfffffffd x12=0xfffffffa
       18075000	      1806	80000be0	fe965ae3	bge	x12,x9,80000bd4	 x12:0xfffffffa  x9:0xfffffff6
       18085000	      1807	00000000	00000013	addi	x0,x0,0	  x0:0x00000000
       18095000	      1808	80000bd0	00000013	addi	x0,x0,0	  x0:0x00000000
       18105000	      1809	80000bd4	0128b6b3	sltu	x13,x17,x18	 x17:0x00000000 x18:0x081ee77f x13=0x00000001
       18115000	      1810	80000bd8	0021cc33	xor	x24,x3,x2	  x3:0x7fff6037  x2:0x00000002 x24=0x7fff6035
       18125000	      1811	80000bdc	ffd60613	addi	x12,x12,-3	 x12:0xfffffffa x12=0xfffffff7
       18135000	      1812	80000be0	fe965ae3	bge	x12,x9,80000bd4	 x12:0xfffffff7  x9:0xfffffff6
       18145000	      1813	00000000	00000013	addi	x0,x0,0	  x0:0x00000000
       18155000	      1814	80000bd0	00000013	addi	x0,x0,0	  x0:0x00000000
       18165000	      1815	80000bd4	0128b6b3	sltu	x13,x17,x18	 x17:0x00000000 x18:0x081ee77f x13=0x00000001
       18175000	      1816	80000bd8	0021cc33	xor	x24,x3,x2	  x3:0x7fff6037  x2:0x00000002 x24=0x7fff6035
       18185000	      1817	80000bdc	ffd60613	addi	x12,x12,-3	 x12:0xfffffff7 x12=0xfffffff4
       18195000	      1818	80000be0	fe965ae3	bge	x12,x9,80000bd4	 x12:0xfffffff4  x9:0xfffffff6
       18205000	      1819	80000be4	014e8433	add	x8,x29,x20	 x29:0x00000000 x20:0xd2414b83  x8=0xd2414b83
       18215000	      1820	80000be8	b0e16737	lui	x14,0xb0e16	 x14=0xb0e16000
       18225000	      1821	80000bec	018bd293	srli	x5,x23,0x18	 x23:0x081ee37f  x5=0x00000008
       18235000	      1822	80000bf0	0d9221b7	lui	x3,0xd922	  x3=0x0d922000
       18245000	      1823	80000bf4	417a5eb3	sra	x29,x20,x23	 x20:0xd2414b83 x23:0x081ee37f x29=0xffffffff
       18255000	      1824	80000bf8	049b4863	blt	x22,x9,80000c48	 x22:0x7ffffff9  x9:0xfffffff6
       18265000	      1825	80000bfc	b31a4cb7	lui	x25,0xb31a4	 x25=0xb31a4000
       18275000	      1826	80000c00	00000013	addi	x0,x0,0	  x0:0x00000000
       18285000	      1827	80000c04	00aa1293	slli	x5,x20,0xa	 x20:0xd2414b83  x5=0x052e0c00
       18295000	      1828	80000c08	0126d193	srli	x3,x13,0x12	 x13:0x00000001  x3=0x00000000
       18305000	      1829	80000c0c	01539d13	slli	x26,x7,0x15	  x7:0x80009f74 x26=0xee800000
       18315000	      1830	80000c10	00f3d6b3	srl	x13,x7,x15	  x7:0x80009f74 x15:0xa0000000 x13=0x80009f74
       18325000	      1831	80000c14	de7a0593	addi	x11,x20,-537	 x20:0xd2414b83 x11=0xd241496a
       18335000	      1832	80000c18	01ed4233	xor	x4,x26,x30	 x26:0xee800000 x30:0xfffffff3  x4=0x117ffff3
       18345000	      1833	80000c1c	01d6bf33	sltu	x30,x13,x29	 x13:0x80009f74 x29:0xffffffff x30=0x00000001
       18355000	      1834	80000c20	05e20263	beq	x4,x30,80000c64	  x4:0x117ffff3 x30:0x00000001
       18365000	      1835	80000c24	00baa7b3	slt	x15,x21,x11	 x21:0x00000001 x11:0xd241496a x15=0x00000000
       18375000	      1836	80000c28	01fdcc63	blt	x27,x31,80000c40	 x27:0x00430ef5 x31:0x59ac6b9c
       18385000	      1837	00000000	00000013	addi	x0,x0,0	  x0:0x00000000
       18395000	      1838	80000c3c	00000013	addi	x0,x0,0	  x0:0x00000000
       18405000	      1839	80000c40	00d19b13	slli	x22,x3,0xd	  x3:0x00000000 x22=0x00000000
       18415000	      1840	80000c44	01c45cb3	srl	x25,x8,x28	  x8:0xd2414b83 x28:0x80009fc4 x25=0x0d2414b8
       18425000	      1841	80000c48	bfa69a37	lui	x20,0xbfa69	 x20=0xbfa69000
       18435000	      1842	80000c4c	01355d93	srli	x27,x10,0x13	 x10:0x00000704 x27=0x00000000
       18445000	      1843	80000c50	002798b3	sll	x17,x15,x2	 x15:0x00000000  x2:0x00000002 x17=0x00000000
       18455000	      1844	80000c54	01995b93	srli	x23,x18,0x19	 x18:0x081ee77f x23=0x00000004
       18465000	      1845	80000c58	00000013	addi	x0,x0,0	  x0:0x00000000
       18475000	      1846	80000c5c	01bfee63	bltu	x31,x27,80000c78	 x31:0x59ac6b9c x27:0x00000000
       18485000	      1847	80000c60	ceb4a913	slti	x18,x9,-789	  x9:0xfffffff6 x18=0x00000000
       18495000	      1848	80000c64	00290db3	add	x27,x18,x2	 x18:0x00000000  x2:0x00000002 x27=0x00000002
       18505000	      1849	80000c68	015e50b3	srl	x1,x28,x21	 x28:0x80009fc4 x21:0x00000001  x1=0x40004fe2
       18515000	      1850	80000c6c	de068693	addi	x13,x13,-544	 x13:0x80009f74 x13=0x80009d54
       18525000	      1851	80000c70	03b14a63	blt	x2,x27,80000ca4	  x2:0x00000002 x27:0x00000002
       18535000	      1852	80000c74	40de5333	sra	x6,x28,x13	 x28:0x80009fc4 x13:0x80009d54  x6=0xfffff800
       18545000	      1853	80000c78	947ca813	slti	x16,x25,-1721	 x25:0x0d2414b8 x16=0x00000000
       18555000	      1854	80000c7c	0089d263	bge	x19,x8,80000c80	 x19:0x00000013  x8:0xd2414b83
       18565000	      1855	00000000	00000013	addi	x0,x0,0	  x0:0x00000000
       18575000	      1856	80000c7c	00000013	addi	x0,x0,0	  x0:0x00000000
       18585000	      1857	80000c80	0015ee63	bltu	x11,x1,80000c9c	 x11:0xd241496a  x1:0x40004fe2
       18595000	      1858	80000c84	00255e63	bge	x10,x2,80000ca0	 x10:0x00000704  x2:0x00000002
       18605000	      1859	00000000	00000013	addi	x0,x0,0	  x0:0x00000000
       18615000	      1860	80000c9c	00000013	addi	x0,x0,0	  x0:0x00000000
       18625000	      1861	80000ca0	02129663	bne	x5,x1,80000ccc	  x5:0x052e0c00  x1:0x40004fe2
       18635000	      1862	00000000	00000013	addi	x0,x0,0	  x0:0x00000000
       18645000	      1863	80000cc8	00000013	addi	x0,x0,0	  x0:0x00000000
       18655000	      1864	80000ccc	9e110a13	addi	x20,x2,-1567	  x2:0x00000002 x20=0xfffff9e3
       18665000	      1865	80000cd0	00869333	sll	x6,x13,x8	 x13:0x80009d54  x8:0xd2414b83  x6=0x0004eaa0
       18675000	      1866	80000cd4	40c15493	srai	x9,x2,0xc	  x2:0x00000002  x9=0x00000000
       18685000	      1867	80000cd8	71aa7a97	auipc	x21,0x71aa7	 x21=0xf1aa7cd4
       18695000	      1868	80000cdc	403cd433	sra	x8,x25,x3	 x25:0x0d2414b8  x3:0x00000000  x8=0x0d2414b8
       18705000	      1869	80000ce0	c94f7a13	andi	x20,x30,-876	 x30:0x00000001 x20=0x00000000
       18715000	      1870	80000ce4	41cc8433	sub	x8,x25,x28	 x25:0x0d2414b8 x28:0x80009fc4  x8=0x8d2374f4
       18725000	      1871	80000ce8	55110693	addi	x13,x2,1361	  x2:0x00000002 x13=0x00000553
       18735000	      1872	80000cec	4122d493	srai	x9,x5,0x12	  x5:0x052e0c00  x9=0x0000014b
       18745000	      1873	80000cf0	03fc6063	bltu	x24,x31,80000d10	 x24:0x7fff6035 x31:0x59ac6b9c
       18755000	      1874	80000cf4	03cac663	blt	x21,x28,80000d20	 x21:0xf1aa7cd4 x28:0x80009fc4
       18765000	      1875	80000cf8	03f3de63	bge	x7,x31,80000d34	  x7:0x80009f74 x31:0x59ac6b9c
       18775000	      1876	80000cfc	037e6263	bltu	x28,x23,80000d20	 x28:0x80009fc4 x23:0x00000004
       18785000	      1877	80000d00	00321793	slli	x15,x4,0x3	  x4:0x117ffff3 x15=0x8bffff98
       18795000	      1878	80000d04	016a1a33	sll	x20,x20,x22	 x20:0x00000000 x22:0x00000000 x20=0x00000000
       18805000	      1879	80000d08	cde43513	sltiu	x10,x8,-802	  x8:0x8d2374f4 x10=0x00000001
       18815000	      1880	80000d0c	00db5a13	srli	x20,x22,0xd	 x22:0x00000000 x20=0x00000000
       18825000	      1881	80000d10	02701e63	bne	x0,x7,80000d4c	  x0:0x00000000  x7:0x80009f74
       18835000	      1882	00000000	00000013	addi	x0,x0,0	  x0:0x00000000
       18845000	      1883	80000d48	00000013	addi	x0,x0,0	  x0:0x00000000
       18855000	      1884	80000d4c	00ecd433	srl	x8,x25,x14	 x25:0x0d2414b8 x14:0xb0e16000  x8=0x0d2414b8
       18865000	      1885	80000d50	007ff533	and	x10,x31,x7	 x31:0x59ac6b9c  x7:0x80009f74 x10=0x00000b14
       18875000	      1886	80000d54	b4390d93	addi	x27,x18,-1213	 x18:0x00000000 x27=0xfffffb43
       18885000	      1887	80000d58	401ddbb3	sra	x23,x27,x1	 x27:0xfffffb43  x1:0x40004fe2 x23=0xfffffed0
       18895000	      1888	80000d5c	00200e63	beq	x0,x2,80000d78	  x0:0x00000000  x2:0x00000002
       18905000	      1889	80000d60	3d1efd13	andi	x26,x29,977	 x29:0xffffffff x26=0x000003d1
       18915000	      1890	80000d64	05a74663	blt	x14,x26,80000db0	 x14:0xb0e16000 x26:0x000003d1
       18925000	      1891	00000000	00000013	addi	x0,x0,0	  x0:0x00000000
       18935000	      1892	80000dac	00000013	addi	x0,x0,0	  x0:0x00000000
       18945000	      1893	80000db0	f0e33913	sltiu	x18,x6,-242	  x6:0x0004eaa0 x18=0x00000001
       18955000	      1894	80000db4	41ec84b3	sub	x9,x25,x30	 x25:0x0d2414b8 x30:0x00000001  x9=0x0d2414b7
       18965000	      1895	80000db8	013ad813	srli	x16,x21,0x13	 x21:0xf1aa7cd4 x16=0x00001e35
       18975000	      1896	80000dbc	00ceb733	sltu	x14,x29,x12	 x29:0xffffffff x12:0xfffffff4 x14=0x00000000
       18985000	      1897	80000dc0	64e0b313	sltiu	x6,x1,1614	  x1:0x40004fe2  x6=0x00000000
       18995000	      1898	80000dc4	00d4eeb3	or	x29,x9,x13	  x9:0x0d2414b7 x13:0x00000553 x29=0x0d2415f7
       19005000	      1899	80000dc8	017b6b33	or	x22,x22,x23	 x22:0x00000000 x23:0xfffffed0 x22=0xfffffed0
       19015000	      1900	80000dcc	04e34063	blt	x6,x14,80000e0c	  x6:0x00000000 x14:0x00000000
       19025000	      1901	80000dd0	000f1263	bne	x30,x0,80000dd4	 x30:0x00000001  x0:0x00000000
       19035000	      1902	00000000	00000013	addi	x0,x0,0	  x0:0x00000000
       19045000	      1903	80000dd0	00000013	addi	x0,x0,0	  x0:0x00000000
       19055000	      1904	80000dd4	009b9233	sll	x4,x23,x9	 x23:0xfffffed0  x9:0x0d2414b7  x4=0x68000000
       19065000	      1905	80000dd8	00f16d33	or	x26,x2,x15	  x2:0x00000002 x15:0x8bffff98 x26=0x8bffff9a
       19075000	      1906	80000ddc	01ba5213	srli	x4,x20,0x1b	 x20:0x00000000  x4=0x00000000
       19085000	      1907	80000de0	018b5413	srli	x8,x22,0x18	 x22:0xfffffed0  x8=0x000000ff
       19095000	      1908	80000de4	b0005d17	auipc	x26,0xb0005	 x26=0x30005de0
       19105000	      1909	80000de8	0107e833	or	x16,x15,x16	 x15:0x8bffff98 x16:0x00001e35 x16=0x8bffffbd
       19115000	      1910	80000dec	02541663	bne	x8,x5,80000e18	  x8:0x000000ff  x5:0x052e0c00
       19125000	      1911	00000000	00000013	addi	x0,x0,0	  x0:0x00000000
       19135000	      1912	80000e14	00000013	addi	x0,x0,0	  x0:0x00000000
       19145000	      1913	80000e18	01d29833	sll	x16,x5,x29	  x5:0x052e0c00 x29:0x0d2415f7 x16=0x00000000
       19155000	      1914	80000e1c	a64cee93	ori	x29,x25,-1436	 x25:0x0d2414b8 x29=0xfffffefc
       19165000	      1915	80000e20	00be5c93	srli	x25,x28,0xb	 x28:0x80009fc4 x25=0x00100013
       19175000	      1916	80000e24	00000013	addi	x0,x0,0	  x0:0x00000000
       19185000	      1917	80000e28	010ace63	blt	x21,x16,80000e44	 x21:0xf1aa7cd4 x16:0x00000000
       19195000	      1918	00000000	00000013	addi	x0,x0,0	  x0:0x00000000
       19205000	      1919	80000e40	00000013	addi	x0,x0,0	  x0:0x00000000
       19215000	      1920	80000e44	0157b2b3	sltu	x5,x15,x21	 x15:0x8bffff98 x21:0xf1aa7cd4  x5=0x00000001
       19225000	      1921	80000e48	055c4463	blt	x24,x21,80000e90	 x24:0x7fff6035 x21:0xf1aa7cd4
       19235000	      1922	80000e4c	00000013	addi	x0,x0,0	  x0:0x00000000
       19245000	      1923	80000e50	033cea63	bltu	x25,x19,80000e84	 x25:0x00100013 x19:0x00000013
       19255000	      1924	80000e54	2dfba913	slti	x18,x23,735	 x23:0xfffffed0 x18=0x00000001
       19265000	      1925	80000e58	00080eb3	add	x29,x16,x0	 x16:0x00000000  x0:0x00000000 x29=0x00000000
       19275000	      1926	80000e5c	015f5413	srli	x8,x30,0x15	 x30:0x00000001  x8=0x00000000
       19285000	      1927	80000e60	0578e863	bltu	x17,x23,80000eb0	 x17:0x00000000 x23:0xfffffed0
       19295000	      1928	00000000	00000013	addi	x0,x0,0	  x0:0x00000000
       19305000	      1929	80000eac	00000013	addi	x0,x0,0	  x0:0x00000000
       19315000	      1930	80000eb0	00b29b33	sll	x22,x5,x11	  x5:0x00000001 x11:0xd241496a x22=0x00000400
       19325000	      1931	80000eb4	01b27ab3	and	x21,x4,x27	  x4:0x00000000 x27:0xfffffb43 x21=0x00000000
       19335000	      1932	80000eb8	00da7b33	and	x22,x20,x13	 x20:0x00000000 x13:0x00000553 x22=0x00000000
       19345000	      1933	80000ebc	007efa33	and	x20,x29,x7	 x29:0x00000000  x7:0x80009f74 x20=0x00000000
       19355000	      1934	80000ec0	04318663	beq	x3,x3,80000f0c	  x3:0x00000000  x3:0x00000000
       19365000	      1935	00000000	00000013	addi	x0,x0,0	  x0:0x00000000
       19375000	      1936	80000f08	00000013	addi	x0,x0,0	  x0:0x00000000
       19385000	      1937	80000f0c	03a70663	beq	x14,x26,80000f38	 x14:0x00000000 x26:0x30005de0
       19395000	      1938	80000f10	00a6d0b3	srl	x1,x13,x10	 x13:0x00000553 x10:0x00000b14  x1=0x00000000
       19405000	      1939	80000f14	640ef317	auipc	x6,0x640ef	  x6=0xe40eff10
       19415000	      1940	80000f18	01245993	srli	x19,x8,0x12	  x8:0x00000000 x19=0x00000000
       19425000	      1941	80000f1c	e8a4c913	xori	x18,x9,-374	  x9:0x0d2414b7 x18=0xf2dbea3d
       19435000	      1942	80000f20	dc29bd93	sltiu	x27,x19,-574	 x19:0x00000000 x27=0x00000001
       19445000	      1943	80000f24	844d3d13	sltiu	x26,x26,-1980	 x26:0x30005de0 x26=0x00000001
       19455000	      1944	80000f28	00000013	addi	x0,x0,0	  x0:0x00000000
       19465000	      1945	80000f2c	004f7ab3	and	x21,x30,x4	 x30:0x00000001  x4:0x00000000 x21=0x00000000
       19475000	      1946	80000f30	023b1263	bne	x22,x3,80000f54	 x22:0x00000000  x3:0x00000000
       19485000	      1947	80000f34	001d4263	blt	x26,x1,80000f38	 x26:0x00000001  x1:0x00000000
       19495000	      1948	80000f38	769735b7	lui	x11,0x76973	 x11=0x76973000
       19505000	      1949	80000f3c	05f7d663	bge	x15,x31,80000f88	 x15:0x8bffff98 x31:0x59ac6b9c
       19515000	      1950	80000f40	1ff88b13	addi	x22,x17,511	 x17:0x00000000 x22=0x000001ff
       19525000	      1951	80000f44	f27d4493	xori	x9,x26,-217	 x26:0x00000001  x9=0xffffff26
       19535000	      1952	80000f48	a7364313	xori	x6,x12,-1421	 x12:0xfffffff4  x6=0x00000587
       19545000	      1953	80000f4c	05cfe863	bltu	x31,x28,80000f9c	 x31:0x59ac6b9c x28:0x80009fc4
       19555000	      1954	00000000	00000013	addi	x0,x0,0	  x0:0x00000000
       19565000	      1955	80000f98	00000013	addi	x0,x0,0	  x0:0x00000000
       19575000	      1956	80000f9c	40705093	srai	x1,x0,0x7	  x0:0x00000000  x1=0x00000000
       19585000	      1957	80000fa0	013c2bb3	slt	x23,x24,x19	 x24:0x7fff6035 x19:0x00000000 x23=0x00000000
       19595000	      1958	80000fa4	3aeb4013	xori	x0,x22,942	 x22:0x000001ff
       19605000	      1959	80000fa8	767e0b13	addi	x22,x28,1895	 x28:0x80009fc4 x22=0x8000a72b
       19615000	      1960	80000fac	0156dab3	srl	x21,x13,x21	 x13:0x00000553 x21:0x00000000 x21=0x00000553
       19625000	      1961	80000fb0	01d9b8b3	sltu	x17,x19,x29	 x19:0x00000000 x29:0x00000000 x17=0x00000000
       19635000	      1962	80000fb4	003c77b3	and	x15,x24,x3	 x24:0x7fff6035  x3:0x00000000 x15=0x00000000
       19645000	      1963	80000fb8	011bdf93	srli	x31,x23,0x11	 x23:0x00000000 x31=0x00000000
       19655000	      1964	80000fbc	000f9c93	slli	x25,x31,0x0	 x31:0x00000000 x25=0x00000000
       19665000	      1965	80000fc0	946c7337	lui	x6,0x946c7	  x6=0x946c7000
       19675000	      1966	80000fc4	00125c13	srli	x24,x4,0x1	  x4:0x00000000 x24=0x00000000
       19685000	      1967	80000fc8	402f5d33	sra	x26,x30,x2	 x30:0x00000001  x2:0x00000002 x26=0x00000000
       19695000	      1968	80000fcc	018a9893	slli	x17,x21,0x18	 x21:0x00000553 x17=0x53000000
       19705000	      1969	80000fd0	940a6013	ori	x0,x20,-1728	 x20:0x00000000
       19715000	      1970	80000fd4	01a755b3	srl	x11,x14,x26	 x14:0x00000000 x26:0x00000000 x11=0x00000000
       19725000	      1971	80000fd8	02c30663	beq	x6,x12,80001004	  x6:0x946c7000 x12:0xfffffff4
       19735000	      1972	80000fdc	04227663	bgeu	x4,x2,80001028	  x4:0x00000000  x2:0x00000002
       19745000	      1973	80000fe0	015a4bb3	xor	x23,x20,x21	 x20:0x00000000 x21:0x00000553 x23=0x00000553
       19755000	      1974	80000fe4	09ccb713	sltiu	x14,x25,156	 x25:0x00000000 x14=0x00000001
       19765000	      1975	80000fe8	049e8463	beq	x29,x9,80001030	 x29:0x00000000  x9:0xffffff26
       19775000	      1976	80000fec	03e51e63	bne	x10,x30,80001028	 x10:0x00000b14 x30:0x00000001
       19785000	      1977	00000000	00000013	addi	x0,x0,0	  x0:0x00000000
       19795000	      1978	80001024	00000013	addi	x0,x0,0	  x0:0x00000000
       19805000	      1979	80001028	2f6b6217	auipc	x4,0x2f6b6	  x4=0xaf6b7024
       19815000	      1980	8000102c	593d8413	addi	x8,x27,1427	 x27:0x00000001  x8=0x00000594
       19825000	      1981	80001030	00000013	addi	x0,x0,0	  x0:0x00000000
       19835000	      1982	80001034	404b8b33	sub	x22,x23,x4	 x23:0x00000553  x4:0xaf6b7024 x22=0x5094952f
       19845000	      1983	80001038	04a8de63	bge	x17,x10,80001094	 x17:0x53000000 x10:0x00000b14
       19855000	      1984	00000000	00000013	addi	x0,x0,0	  x0:0x00000000
       19865000	      1985	80001090	00000013	addi	x0,x0,0	  x0:0x00000000
       19875000	      1986	80001094	02f19e63	bne	x3,x15,800010d0	  x3:0x00000000 x15:0x00000000
       19885000	      1987	80001098	d2d60013	addi	x0,x12,-723	 x12:0xfffffff4
       19895000	      1988	8000109c	e0212313	slti	x6,x2,-510	  x2:0x00000002  x6=0x00000000
       19905000	      1989	800010a0	018dd463	bge	x27,x24,800010a8	 x27:0x00000001 x24:0x00000000
       19915000	      1990	00000000	00000013	addi	x0,x0,0	  x0:0x00000000
       19925000	      1991	800010a4	00000013	addi	x0,x0,0	  x0:0x00000000
       19935000	      1992	800010a8	f671f913	andi	x18,x3,-153	  x3:0x00000000 x18=0x00000000
       19945000	      1993	800010ac	a2724093	xori	x1,x4,-1497	  x4:0xaf6b7024  x1=0x50948a03
       19955000	      1994	800010b0	00958f33	add	x30,x11,x9	 x11:0x00000000  x9:0xffffff26 x30=0xffffff26
       19965000	      1995	800010b4	f402f193	andi	x3,x5,-192	  x5:0x00000001  x3=0x00000000
       19975000	      1996	800010b8	00ae8263	beq	x29,x10,800010bc	 x29:0x00000000 x10:0x00000b14
       19985000	      1997	800010bc	4033dd13	srai	x26,x7,0x3	  x7:0x80009f74 x26=0xf00013ee
       19995000	      1998	800010c0	05098463	beq	x19,x16,80001108	 x19:0x00000000 x16:0x00000000
       20005000	      1999	00000000	00000013	addi	x0,x0,0	  x0:0x00000000
       20015000	      2000	80001104	00000013	addi	x0,x0,0	  x0:0x00000000
       20025000	      2001	80001108	40960eb3	sub	x29,x12,x9	 x12:0xfffffff4  x9:0xffffff26 x29=0x000000ce
       20035000	      2002	8000110c	c0ae0613	addi	x12,x28,-1014	 x28:0x80009fc4 x12=0x80009bce
       20045000	      2003	80001110	01a69913	slli	x18,x13,0x1a	 x13:0x00000553 x18=0x4c000000
       20055000	      2004	80001114	05609463	bne	x1,x22,8000115c	  x1:0x50948a03 x22:0x5094952f
       20065000	      2005	00000000	00000013	addi	x0,x0,0	  x0:0x00000000
       20075000	      2006	80001158	00000013	addi	x0,x0,0	  x0:0x00000000
       20085000	      2007	8000115c	00949a93	slli	x21,x9,0x9	  x9:0xffffff26 x21=0xfffe4c00
       20095000	      2008	80001160	4e102313	slti	x6,x0,1249	  x0:0x00000000  x6=0x00000001
       20105000	      2009	80001164	018ac5b3	xor	x11,x21,x24	 x21:0xfffe4c00 x24:0x00000000 x11=0xfffe4c00
       20115000	      2010	80001168	05eec863	blt	x29,x30,800011b8	 x29:0x000000ce x30:0xffffff26
       20125000	      2011	8000116c	01651b13	slli	x22,x10,0x16	 x10:0x00000b14 x22=0xc5000000
       20135000	      2012	80001170	012bd193	srli	x3,x23,0x12	 x23:0x00000553  x3=0x00000000
       20145000	      2013	80001174	a9e12693	slti	x13,x2,-1378	  x2:0x00000002 x13=0x00000000
       20155000	      2014	80001178	046b4663	blt	x22,x6,800011c4	 x22:0xc5000000  x6:0x00000001
       20165000	      2015	00000000	00000013	addi	x0,x0,0	  x0:0x00000000
       20175000	      2016	800011c0	00000013	addi	x0,x0,0	  x0:0x00000000
       20185000	      2017	800011c4	00930db3	add	x27,x6,x9	  x6:0x00000001  x9:0xffffff26 x27=0xffffff27
       20195000	      2018	800011c8	04127663	bgeu	x4,x1,80001214	  x4:0xaf6b7024  x1:0x50948a03
       20205000	      2019	00000000	00000013	addi	x0,x0,0	  x0:0x00000000
       20215000	      2020	80001210	00000013	addi	x0,x0,0	  x0:0x00000000
       20225000	      2021	80001214	00000013	addi	x0,x0,0	  x0:0x00000000
       20235000	      2022	80001218	03ed1063	bne	x26,x30,80001238	 x26:0xf00013ee x30:0xffffff26
       20245000	      2023	00000000	00000013	addi	x0,x0,0	  x0:0x00000000
       20255000	      2024	80001234	00000013	addi	x0,x0,0	  x0:0x00000000
       20265000	      2025	80001238	4115de93	srai	x29,x11,0x11	 x11:0xfffe4c00 x29=0xffffffff
       20275000	      2026	8000123c	01c170b3	and	x1,x2,x28	  x2:0x00000002 x28:0x80009fc4  x1=0x00000000
       20285000	      2027	80001240	01d97ab3	and	x21,x18,x29	 x18:0x4c000000 x29:0xffffffff x21=0x4c000000
       20295000	      2028	80001244	6bb2c493	xori	x9,x5,1723	  x5:0x00000001  x9=0x000006ba
       20305000	      2029	80001248	00000013	addi	x0,x0,0	  x0:0x00000000
       20315000	      2030	8000124c	017db933	sltu	x18,x27,x23	 x27:0xffffff27 x23:0x00000553 x18=0x00000000
       20325000	      2031	80001250	41b8d493	srai	x9,x17,0x1b	 x17:0x53000000  x9=0x0000000a
       20335000	      2032	80001254	013f9233	sll	x4,x31,x19	 x31:0x00000000 x19:0x00000000  x4=0x00000000
       20345000	      2033	80001258	0140ef33	or	x30,x1,x20	  x1:0x00000000 x20:0x00000000 x30=0x00000000
       20355000	      2034	8000125c	02cf7063	bgeu	x30,x12,8000127c	 x30:0x00000000 x12:0x80009bce
       20365000	      2035	80001260	014cce63	blt	x25,x20,8000127c	 x25:0x00000000 x20:0x00000000
       20375000	      2036	80001264	059c1263	bne	x24,x25,800012a8	 x24:0x00000000 x25:0x00000000
       20385000	      2037	80001268	026a6b13	ori	x22,x20,38	 x20:0x00000000 x22=0x00000026
       20395000	      2038	8000126c	0168cb33	xor	x22,x17,x22	 x17:0x53000000 x22:0x00000026 x22=0x53000026
       20405000	      2039	80001270	00bdbfb3	sltu	x31,x27,x11	 x27:0xffffff27 x11:0xfffe4c00 x31=0x00000000
       20415000	      2040	80001274	13e8cb13	xori	x22,x17,318	 x17:0x53000000 x22=0x5300013e
       20425000	      2041	80001278	01573333	sltu	x6,x14,x21	 x14:0x00000001 x21:0x4c000000  x6=0x00000001
       20435000	      2042	8000127c	0059dd33	srl	x26,x19,x5	 x19:0x00000000  x5:0x00000001 x26=0x00000000
       20445000	      2043	80001280	055f9863	bne	x31,x21,800012d0	 x31:0x00000000 x21:0x4c000000
       20455000	      2044	00000000	00000013	addi	x0,x0,0	  x0:0x00000000
       20465000	      2045	800012cc	00000013	addi	x0,x0,0	  x0:0x00000000
       20475000	      2046	800012d0	415f5313	srai	x6,x30,0x15	 x30:0x00000000  x6=0x00000000
       20485000	      2047	800012d4	0181f263	bgeu	x3,x24,800012d8	  x3:0x00000000 x24:0x00000000
       20495000	      2048	00000000	00000013	addi	x0,x0,0	  x0:0x00000000
       20505000	      2049	800012d4	00000013	addi	x0,x0,0	  x0:0x00000000
       20515000	      2050	800012d8	000e6533	or	x10,x28,x0	 x28:0x80009fc4  x0:0x00000000 x10=0x80009fc4
       20525000	      2051	800012dc	1e05e793	ori	x15,x11,480	 x11:0xfffe4c00 x15=0xfffe4de0
       20535000	      2052	800012e0	00545e63	bge	x8,x5,800012fc	  x8:0x00000594  x5:0x00000001
       20545000	      2053	00000000	00000013	addi	x0,x0,0	  x0:0x00000000
       20555000	      2054	800012f8	00000013	addi	x0,x0,0	  x0:0x00000000
       20565000	      2055	800012fc	bbd59217	auipc	x4,0xbbd59	  x4=0x3bd5a2f8
       20575000	      2056	80001300	000cb533	sltu	x10,x25,x0	 x25:0x00000000  x0:0x00000000 x10=0x00000000
       20585000	      2057	80001304	01db4463	blt	x22,x29,8000130c	 x22:0x5300013e x29:0xffffffff
       20595000	      2058	80001308	036dee63	bltu	x27,x22,80001344	 x27:0xffffff27 x22:0x5300013e
       20605000	      2059	8000130c	18ef7193	andi	x3,x30,398	 x30:0x00000000  x3=0x00000000
       20615000	      2060	80001310	40845bb3	sra	x23,x8,x8	  x8:0x00000594  x8:0x00000594 x23=0x00000000
       20625000	      2061	80001314	009b17b3	sll	x15,x22,x9	 x22:0x5300013e  x9:0x0000000a x15=0x0004f800
       20635000	      2062	80001318	88a03513	sltiu	x10,x0,-1910	  x0:0x00000000 x10=0x00000001
       20645000	      2063	8000131c	0025d4b3	srl	x9,x11,x2	 x11:0xfffe4c00  x2:0x00000002  x9=0x3fff9300
       20655000	      2064	80001320	048a9063	bne	x21,x8,80001360	 x21:0x4c000000  x8:0x00000594
       20665000	      2065	00000000	00000013	addi	x0,x0,0	  x0:0x00000000
       20675000	      2066	8000135c	00000013	addi	x0,x0,0	  x0:0x00000000
       20685000	      2067	80001360	41e25893	srai	x17,x4,0x1e	  x4:0x3bd5a2f8 x17=0x00000000
       20695000	      2068	80001364	0416c663	blt	x13,x1,800013b0	 x13:0x00000000  x1:0x00000000
       20705000	      2069	80001368	00c59733	sll	x14,x11,x12	 x11:0xfffe4c00 x12:0x80009bce x14=0x93000000
       20715000	      2070	8000136c	03d76663	bltu	x14,x29,80001398	 x14:0x93000000 x29:0xffffffff
       20725000	      2071	00000000	00000013	addi	x0,x0,0	  x0:0x00000000
       20735000	      2072	80001394	00000013	addi	x0,x0,0	  x0:0x00000000
       20745000	      2073	80001398	6f066293	ori	x5,x12,1776	 x12:0x80009bce  x5=0x80009ffe
       20755000	      2074	8000139c	019dd863	bge	x27,x25,800013ac	 x27:0xffffff27 x25:0x00000000
       20765000	      2075	800013a0	005de6b3	or	x13,x27,x5	 x27:0xffffff27  x5:0x80009ffe x13=0xffffffff
       20775000	      2076	800013a4	054bf463	bgeu	x23,x20,800013ec	 x23:0x00000000 x20:0x00000000
       20785000	      2077	00000000	00000013	addi	x0,x0,0	  x0:0x00000000
       20795000	      2078	800013e8	00000013	addi	x0,x0,0	  x0:0x00000000
       20805000	      2079	800013ec	46757e93	andi	x29,x10,1127	 x10:0x00000001 x29=0x00000001
       20815000	      2080	800013f0	00721333	sll	x6,x4,x7	  x4:0x3bd5a2f8  x7:0x80009f74  x6=0x2f800000
       20825000	      2081	800013f4	0052d293	srli	x5,x5,0x5	  x5:0x80009ffe  x5=0x040004ff
       20835000	      2082	800013f8	1dffc793	xori	x15,x31,479	 x31:0x00000000 x15=0x000001df
       20845000	      2083	800013fc	00a0d8b3	srl	x17,x1,x10	  x1:0x00000000 x10:0x00000001 x17=0x00000000
       20855000	      2084	80001400	04b7e663	bltu	x15,x11,8000144c	 x15:0x000001df x11:0xfffe4c00
       20865000	      2085	00000000	00000013	addi	x0,x0,0	  x0:0x00000000
       20875000	      2086	80001448	00000013	addi	x0,x0,0	  x0:0x00000000
       20885000	      2087	8000144c	01cdb533	sltu	x10,x27,x28	 x27:0xffffff27 x28:0x80009fc4 x10=0x00000000
       20895000	      2088	80001450	000ad0b3	srl	x1,x21,x0	 x21:0x4c000000  x0:0x00000000  x1=0x4c000000
       20905000	      2089	80001454	0c8c0e63	beq	x24,x8,80001530	 x24:0x00000000  x8:0x00000594
       20915000	      2090	80001458	bcd48a93	addi	x21,x9,-1075	  x9:0x3fff9300 x21=0x3fff8ecd
       20925000	      2091	8000145c	01605193	srli	x3,x0,0x16	  x0:0x00000000  x3=0x00000000
       20935000	      2092	80001460	00000013	addi	x0,x0,0	  x0:0x00000000
       20945000	      2093	80001464	417c5313	srai	x6,x24,0x17	 x24:0x00000000  x6=0x00000000
       20955000	      2094	80001468	00d769b3	or	x19,x14,x13	 x14:0x93000000 x13:0xffffffff x19=0xffffffff
       20965000	      2095	8000146c	bed06993	ori	x19,x0,-1043	  x0:0x00000000 x19=0xfffffbed
       20975000	      2096	80001470	0a885c63	bge	x16,x8,80001528	 x16:0x00000000  x8:0x00000594
       20985000	      2097	80001474	0bc29c63	bne	x5,x28,8000152c	  x5:0x040004ff x28:0x80009fc4
       20995000	      2098	00000000	00000013	addi	x0,x0,0	  x0:0x00000000
       21005000	      2099	80001528	00000013	addi	x0,x0,0	  x0:0x00000000
       21015000	      2100	8000152c	41da5b13	srai	x22,x20,0x1d	 x20:0x00000000 x22=0x00000000
       21025000	      2101	80001530	e2bb55b7	lui	x11,0xe2bb5	 x11=0xe2bb5000
       21035000	      2102	80001534	30902017	auipc	x0,0x30902	
       21045000	      2103	80001538	028e6e63	bltu	x28,x8,80001574	 x28:0x80009fc4  x8:0x00000594
       21055000	      2104	8000153c	01574533	xor	x10,x14,x21	 x14:0x93000000 x21:0x3fff8ecd x10=0xacff8ecd
       21065000	      2105	80001540	0427d663	bge	x15,x2,8000158c	 x15:0x000001df  x2:0x00000002
       21075000	      2106	00000000	00000013	addi	x0,x0,0	  x0:0x00000000
       21085000	      2107	80001588	00000013	addi	x0,x0,0	  x0:0x00000000
       21095000	      2108	8000158c	01684e63	blt	x16,x22,800015a8	 x16:0x00000000 x22:0x00000000
       21105000	      2109	80001590	054e6863	bltu	x28,x20,800015e0	 x28:0x80009fc4 x20:0x00000000
       21115000	      2110	80001594	3dbe4893	xori	x17,x28,987	 x28:0x80009fc4 x17=0x80009c1f
       21125000	      2111	80001598	01aff8b3	and	x17,x31,x26	 x31:0x00000000 x26:0x00000000 x17=0x00000000
       21135000	      2112	8000159c	01cac863	blt	x21,x28,800015ac	 x21:0x3fff8ecd x28:0x80009fc4
       21145000	      2113	800015a0	ba6ce093	ori	x1,x25,-1114	 x25:0x00000000  x1=0xfffffba6
       21155000	      2114	800015a4	12723bb7	lui	x23,0x12723	 x23=0x12723000
       21165000	      2115	800015a8	0077da13	srli	x20,x15,0x7	 x15:0x000001df x20=0x00000003
       21175000	      2116	800015ac	bb2c4213	xori	x4,x24,-1102	 x24:0x00000000  x4=0xfffffbb2
       21185000	      2117	800015b0	d1810793	addi	x15,x2,-744	  x2:0x00000002 x15=0xfffffd1a
       21195000	      2118	800015b4	011ab2b3	sltu	x5,x21,x17	 x21:0x3fff8ecd x17:0x00000000  x5=0x00000000
       21205000	      2119	800015b8	00000013	addi	x0,x0,0	  x0:0x00000000
       21215000	      2120	800015bc	00b92933	slt	x18,x18,x11	 x18:0x00000000 x11:0xe2bb5000 x18=0x00000000
       21225000	      2121	800015c0	02ce7063	bgeu	x28,x12,800015e0	 x28:0x80009fc4 x12:0x80009bce
       21235000	      2122	00000000	00000013	addi	x0,x0,0	  x0:0x00000000
       21245000	      2123	800015dc	00000013	addi	x0,x0,0	  x0:0x00000000
       21255000	      2124	800015e0	40a65513	srai	x10,x12,0xa	 x12:0x80009bce x10=0xffe00026
       21265000	      2125	800015e4	00e9b0b3	sltu	x1,x19,x14	 x19:0xfffffbed x14:0x93000000  x1=0x00000000
       21275000	      2126	800015e8	00a9cdb3	xor	x27,x19,x10	 x19:0xfffffbed x10:0xffe00026 x27=0x001ffbcb
       21285000	      2127	800015ec	bc0d3b13	sltiu	x22,x26,-1088	 x26:0x00000000 x22=0x00000001
       21295000	      2128	800015f0	0193c733	xor	x14,x7,x25	  x7:0x80009f74 x25:0x00000000 x14=0x80009f74
       21305000	      2129	800015f4	c18bf737	lui	x14,0xc18bf	 x14=0xc18bf000
       21315000	      2130	800015f8	9d4c5417	auipc	x8,0x9d4c5	  x8=0x1d4c65f4
       21325000	      2131	800015fc	4129d933	sra	x18,x19,x18	 x19:0xfffffbed x18:0x00000000 x18=0xfffffbed
       21335000	      2132	80001600	0045bc33	sltu	x24,x11,x4	 x11:0xe2bb5000  x4:0xfffffbb2 x24=0x00000001
       21345000	      2133	80001604	001b8e63	beq	x23,x1,80001620	 x23:0x12723000  x1:0x00000000
       21355000	      2134	80001608	001c8093	addi	x1,x25,1	 x25:0x00000000  x1=0x00000001
       21365000	      2135	8000160c	01cf9713	slli	x14,x31,0x1c	 x31:0x00000000 x14=0x00000000
       21375000	      2136	80001610	40a78333	sub	x6,x15,x10	 x15:0xfffffd1a x10:0xffe00026  x6=0x001ffcf4
       21385000	      2137	80001614	017ad663	bge	x21,x23,80001620	 x21:0x3fff8ecd x23:0x12723000
       21395000	      2138	00000000	00000013	addi	x0,x0,0	  x0:0x00000000
       21405000	      2139	8000161c	00000013	addi	x0,x0,0	  x0:0x00000000
       21415000	      2140	80001620	41248b33	sub	x22,x9,x18	  x9:0x3fff9300 x18:0xfffffbed x22=0x3fff9713
       21425000	      2141	80001624	c5207613	andi	x12,x0,-942	  x0:0x00000000 x12=0x00000000
       21435000	      2142	80001628	0043a483	lw	x9,4(x7)	  x7:0x80009f74  x9=0x80000164 PA:0x80009f78
       21445000	      2143	8000162c	00f36433	or	x8,x6,x15	  x6:0x001ffcf4 x15:0xfffffd1a  x8=0xfffffdfe
       21455000	      2144	80001630	009a7f33	and	x30,x20,x9	 x20:0x00000003  x9:0x80000164 x30=0x00000000
       21465000	      2145	80001634	414b5933	sra	x18,x22,x20	 x22:0x3fff9713 x20:0x00000003 x18=0x07fff2e2
       21475000	      2146	80001638	2e71fb93	andi	x23,x3,743	  x3:0x00000000 x23=0x00000000
       21485000	      2147	8000163c	41685593	srai	x11,x16,0x16	 x16:0x00000000 x11=0x00000000
       21495000	      2148	80001640	41990033	sub	x0,x18,x25	 x18:0x07fff2e2 x25:0x00000000
       21505000	      2149	80001644	01038393	addi	x7,x7,16	  x7:0x80009f74  x7=0x80009f84
       21515000	      2150	80001648	00b79e93	slli	x29,x15,0xb	 x15:0xfffffd1a x29=0xffe8d000
       21525000	      2151	8000164c	00048c13	addi	x24,x9,0	  x9:0x80000164 x24=0x80000164
       21535000	      2152	80001650	000c0c67	jalr	x24,x24,0	 x24:0x80000164 x24=0x80001650
       21545000	      2153	00000000	00000013	addi	x0,x0,0	  x0:0x00000000
       21555000	      2154	80000164	00000013	addi	x0,x0,0	  x0:0x00000000
       21565000	      2155	80000168	41b45193	srai	x3,x8,0x1b	  x8:0xfffffdfe  x3=0xffffffff
       21575000	      2156	8000016c	006928b3	slt	x17,x18,x6	 x18:0x07fff2e2  x6:0x001ffcf4 x17=0x00000000
       21585000	      2157	80000170	ea8ece93	xori	x29,x29,-344	 x29:0xffe8d000 x29=0x00172ea8
       21595000	      2158	80000174	b8e20293	addi	x5,x4,-1138	  x4:0xfffffbb2  x5=0xfffff740
       21605000	      2159	80000178	00000697	auipc	x13,0x0	 x13=0x80000174
       21615000	      2160	8000017c	28c68693	addi	x13,x13,652	 x13:0x80000174 x13=0x80000400
       21625000	      2161	80000180	d9568693	addi	x13,x13,-619	 x13:0x80000400 x13=0x80000195
       21635000	      2162	80000184	00000013	addi	x0,x0,0	  x0:0x00000000
       21645000	      2163	80000188	00614463	blt	x2,x6,80000190	  x2:0x00000002  x6:0x001ffcf4
       21655000	      2164	00000000	00000013	addi	x0,x0,0	  x0:0x00000000
       21665000	      2165	8000018c	00000013	addi	x0,x0,0	  x0:0x00000000
       21675000	      2166	80000190	26b684e7	jalr	x9,x13,619	 x13:0x80000195  x9=0x80000190
       21685000	      2167	00000000	00000013	addi	x0,x0,0	  x0:0x00000000
       21695000	      2168	80000400	00000013	addi	x0,x0,0	  x0:0x00000000
       21705000	      2169	80000404	01ebf433	and	x8,x23,x30	 x23:0x00000000 x30:0x00000000  x8=0x00000000
       21715000	      2170	80000408	fc838393	addi	x7,x7,-56	  x7:0x80009f84  x7=0x80009f4c
       21725000	      2171	8000040c	0093a223	sw	x9,4(x7)	  x7:0x80009f4c  x9:0x80000190 PA:0x80009f50
       21735000	      2172	80000410	01c9ba33	sltu	x20,x19,x28	 x19:0xfffffbed x28:0x80009fc4 x20=0x00000000
       21745000	      2173	80000414	00739293	slli	x5,x7,0x7	  x7:0x80009f4c  x5=0x004fa600
       21755000	      2174	80000418	ff800c93	addi	x25,x0,-8	  x0:0x00000000 x25=0xfffffff8
       21765000	      2175	8000041c	00bfd7b3	srl	x15,x31,x11	 x31:0x00000000 x11:0x00000000 x15=0x00000000
       21775000	      2176	80000420	e369c313	xori	x6,x19,-458	 x19:0xfffffbed  x6=0x000005db
       21785000	      2177	80000424	00bc9633	sll	x12,x25,x11	 x25:0xfffffff8 x11:0x00000000 x12=0xfffffff8
       21795000	      2178	80000428	00000013	addi	x0,x0,0	  x0:0x00000000
       21805000	      2179	8000042c	fff00693	addi	x13,x0,-1	  x0:0x00000000 x13=0xffffffff
       21815000	      2180	80000430	00000013	addi	x0,x0,0	  x0:0x00000000
       21825000	      2181	80000434	393be593	ori	x11,x23,915	 x23:0x00000000 x11=0x00000393
       21835000	      2182	80000438	00c47bb3	and	x23,x8,x12	  x8:0x00000000 x12:0xfffffff8 x23=0x00000000
       21845000	      2183	8000043c	00000013	addi	x0,x0,0	  x0:0x00000000
       21855000	      2184	80000440	a3e62193	slti	x3,x12,-1474	 x12:0xfffffff8  x3=0x00000000
       21865000	      2185	80000444	00a12733	slt	x14,x2,x10	  x2:0x00000002 x10:0xffe00026 x14=0x00000000
       21875000	      2186	80000448	009c8c93	addi	x25,x25,9	 x25:0xfffffff8 x25=0x00000001
       21885000	      2187	8000044c	0aa9c197	auipc	x3,0xaa9c	  x3=0x8aa9c448
       21895000	      2188	80000450	fedcc2e3	blt	x25,x13,80000434	 x25:0x00000001 x13:0xffffffff
       21905000	      2189	80000454	e8e38d93	addi	x27,x7,-370	  x7:0x80009f4c x27=0x80009dda
       21915000	      2190	80000458	ff600193	addi	x3,x0,-10	  x0:0x00000000  x3=0xfffffff6
       21925000	      2191	8000045c	ff400c13	addi	x24,x0,-12	  x0:0x00000000 x24=0xfffffff4
       21935000	      2192	80000460	6e3d3b93	sltiu	x23,x26,1763	 x26:0x00000000 x23=0x00000001
       21945000	      2193	80000464	ffe18193	addi	x3,x3,-2	  x3:0xfffffff6  x3=0xfffffff4
       21955000	      2194	80000468	ff700a93	addi	x21,x0,-9	  x0:0x00000000 x21=0xfffffff7
       21965000	      2195	8000046c	01200313	addi	x6,x0,18	  x0:0x00000000  x6=0x00000012
       21975000	      2196	80000470	59cc4093	xori	x1,x24,1436	 x24:0xfffffff4  x1=0xfffffa68
       21985000	      2197	80000474	003a8a93	addi	x21,x21,3	 x21:0xfffffff7 x21=0xfffffffa
       21995000	      2198	80000478	fe6acce3	blt	x21,x6,80000470	 x21:0xfffffffa  x6:0x00000012
       22005000	      2199	00000000	00000013	addi	x0,x0,0	  x0:0x00000000
       22015000	      2200	8000046c	00000013	addi	x0,x0,0	  x0:0x00000000
       22025000	      2201	80000470	59cc4093	xori	x1,x24,1436	 x24:0xfffffff4  x1=0xfffffa68
       22035000	      2202	80000474	003a8a93	addi	x21,x21,3	 x21:0xfffffffa x21=0xfffffffd
       22045000	      2203	80000478	fe6acce3	blt	x21,x6,80000470	 x21:0xfffffffd  x6:0x00000012
       22055000	      2204	00000000	00000013	addi	x0,x0,0	  x0:0x00000000
       22065000	      2205	8000046c	00000013	addi	x0,x0,0	  x0:0x00000000
       22075000	      2206	80000470	59cc4093	xori	x1,x24,1436	 x24:0xfffffff4  x1=0xfffffa68
       22085000	      2207	80000474	003a8a93	addi	x21,x21,3	 x21:0xfffffffd x21=0x00000000
       22095000	      2208	80000478	fe6acce3	blt	x21,x6,80000470	 x21:0x00000000  x6:0x00000012
       22105000	      2209	00000000	00000013	addi	x0,x0,0	  x0:0x00000000
       22115000	      2210	8000046c	00000013	addi	x0,x0,0	  x0:0x00000000
       22125000	      2211	80000470	59cc4093	xori	x1,x24,1436	 x24:0xfffffff4  x1=0xfffffa68
       22135000	      2212	80000474	003a8a93	addi	x21,x21,3	 x21:0x00000000 x21=0x00000003
       22145000	      2213	80000478	fe6acce3	blt	x21,x6,80000470	 x21:0x00000003  x6:0x00000012
       22155000	      2214	00000000	00000013	addi	x0,x0,0	  x0:0x00000000
       22165000	      2215	8000046c	00000013	addi	x0,x0,0	  x0:0x00000000
       22175000	      2216	80000470	59cc4093	xori	x1,x24,1436	 x24:0xfffffff4  x1=0xfffffa68
       22185000	      2217	80000474	003a8a93	addi	x21,x21,3	 x21:0x00000003 x21=0x00000006
       22195000	      2218	80000478	fe6acce3	blt	x21,x6,80000470	 x21:0x00000006  x6:0x00000012
       22205000	      2219	00000000	00000013	addi	x0,x0,0	  x0:0x00000000
       22215000	      2220	8000046c	00000013	addi	x0,x0,0	  x0:0x00000000
       22225000	      2221	80000470	59cc4093	xori	x1,x24,1436	 x24:0xfffffff4  x1=0xfffffa68
       22235000	      2222	80000474	003a8a93	addi	x21,x21,3	 x21:0x00000006 x21=0x00000009
       22245000	      2223	80000478	fe6acce3	blt	x21,x6,80000470	 x21:0x00000009  x6:0x00000012
       22255000	      2224	00000000	00000013	addi	x0,x0,0	  x0:0x00000000
       22265000	      2225	8000046c	00000013	addi	x0,x0,0	  x0:0x00000000
       22275000	      2226	80000470	59cc4093	xori	x1,x24,1436	 x24:0xfffffff4  x1=0xfffffa68
       22285000	      2227	80000474	003a8a93	addi	x21,x21,3	 x21:0x00000009 x21=0x0000000c
       22295000	      2228	80000478	fe6acce3	blt	x21,x6,80000470	 x21:0x0000000c  x6:0x00000012
       22305000	      2229	00000000	00000013	addi	x0,x0,0	  x0:0x00000000
       22315000	      2230	8000046c	00000013	addi	x0,x0,0	  x0:0x00000000
       22325000	      2231	80000470	59cc4093	xori	x1,x24,1436	 x24:0xfffffff4  x1=0xfffffa68
       22335000	      2232	80000474	003a8a93	addi	x21,x21,3	 x21:0x0000000c x21=0x0000000f
       22345000	      2233	80000478	fe6acce3	blt	x21,x6,80000470	 x21:0x0000000f  x6:0x00000012
       22355000	      2234	00000000	00000013	addi	x0,x0,0	  x0:0x00000000
       22365000	      2235	8000046c	00000013	addi	x0,x0,0	  x0:0x00000000
       22375000	      2236	80000470	59cc4093	xori	x1,x24,1436	 x24:0xfffffff4  x1=0xfffffa68
       22385000	      2237	80000474	003a8a93	addi	x21,x21,3	 x21:0x0000000f x21=0x00000012
       22395000	      2238	80000478	fe6acce3	blt	x21,x6,80000470	 x21:0x00000012  x6:0x00000012
       22405000	      2239	8000047c	ff8182e3	beq	x3,x24,80000460	  x3:0xfffffff4 x24:0xfffffff4
       22415000	      2240	00000000	00000013	addi	x0,x0,0	  x0:0x00000000
       22425000	      2241	8000045c	00000013	addi	x0,x0,0	  x0:0x00000000
       22435000	      2242	80000460	6e3d3b93	sltiu	x23,x26,1763	 x26:0x00000000 x23=0x00000001
       22445000	      2243	80000464	ffe18193	addi	x3,x3,-2	  x3:0xfffffff4  x3=0xfffffff2
       22455000	      2244	80000468	ff700a93	addi	x21,x0,-9	  x0:0x00000000 x21=0xfffffff7
       22465000	      2245	8000046c	01200313	addi	x6,x0,18	  x0:0x00000000  x6=0x00000012
       22475000	      2246	80000470	59cc4093	xori	x1,x24,1436	 x24:0xfffffff4  x1=0xfffffa68
       22485000	      2247	80000474	003a8a93	addi	x21,x21,3	 x21:0xfffffff7 x21=0xfffffffa
       22495000	      2248	80000478	fe6acce3	blt	x21,x6,80000470	 x21:0xfffffffa  x6:0x00000012
       22505000	      2249	00000000	00000013	addi	x0,x0,0	  x0:0x00000000
       22515000	      2250	8000046c	00000013	addi	x0,x0,0	  x0:0x00000000
       22525000	      2251	80000470	59cc4093	xori	x1,x24,1436	 x24:0xfffffff4  x1=0xfffffa68
       22535000	      2252	80000474	003a8a93	addi	x21,x21,3	 x21:0xfffffffa x21=0xfffffffd
       22545000	      2253	80000478	fe6acce3	blt	x21,x6,80000470	 x21:0xfffffffd  x6:0x00000012
       22555000	      2254	00000000	00000013	addi	x0,x0,0	  x0:0x00000000
       22565000	      2255	8000046c	00000013	addi	x0,x0,0	  x0:0x00000000
       22575000	      2256	80000470	59cc4093	xori	x1,x24,1436	 x24:0xfffffff4  x1=0xfffffa68
       22585000	      2257	80000474	003a8a93	addi	x21,x21,3	 x21:0xfffffffd x21=0x00000000
       22595000	      2258	80000478	fe6acce3	blt	x21,x6,80000470	 x21:0x00000000  x6:0x00000012
       22605000	      2259	00000000	00000013	addi	x0,x0,0	  x0:0x00000000
       22615000	      2260	8000046c	00000013	addi	x0,x0,0	  x0:0x00000000
       22625000	      2261	80000470	59cc4093	xori	x1,x24,1436	 x24:0xfffffff4  x1=0xfffffa68
       22635000	      2262	80000474	003a8a93	addi	x21,x21,3	 x21:0x00000000 x21=0x00000003
       22645000	      2263	80000478	fe6acce3	blt	x21,x6,80000470	 x21:0x00000003  x6:0x00000012
       22655000	      2264	00000000	00000013	addi	x0,x0,0	  x0:0x00000000
       22665000	      2265	8000046c	00000013	addi	x0,x0,0	  x0:0x00000000
       22675000	      2266	80000470	59cc4093	xori	x1,x24,1436	 x24:0xfffffff4  x1=0xfffffa68
       22685000	      2267	80000474	003a8a93	addi	x21,x21,3	 x21:0x00000003 x21=0x00000006
       22695000	      2268	80000478	fe6acce3	blt	x21,x6,80000470	 x21:0x00000006  x6:0x00000012
       22705000	      2269	00000000	00000013	addi	x0,x0,0	  x0:0x00000000
       22715000	      2270	8000046c	00000013	addi	x0,x0,0	  x0:0x00000000
       22725000	      2271	80000470	59cc4093	xori	x1,x24,1436	 x24:0xfffffff4  x1=0xfffffa68
       22735000	      2272	80000474	003a8a93	addi	x21,x21,3	 x21:0x00000006 x21=0x00000009
       22745000	      2273	80000478	fe6acce3	blt	x21,x6,80000470	 x21:0x00000009  x6:0x00000012
       22755000	      2274	00000000	00000013	addi	x0,x0,0	  x0:0x00000000
       22765000	      2275	8000046c	00000013	addi	x0,x0,0	  x0:0x00000000
       22775000	      2276	80000470	59cc4093	xori	x1,x24,1436	 x24:0xfffffff4  x1=0xfffffa68
       22785000	      2277	80000474	003a8a93	addi	x21,x21,3	 x21:0x00000009 x21=0x0000000c
       22795000	      2278	80000478	fe6acce3	blt	x21,x6,80000470	 x21:0x0000000c  x6:0x00000012
       22805000	      2279	00000000	00000013	addi	x0,x0,0	  x0:0x00000000
       22815000	      2280	8000046c	00000013	addi	x0,x0,0	  x0:0x00000000
       22825000	      2281	80000470	59cc4093	xori	x1,x24,1436	 x24:0xfffffff4  x1=0xfffffa68
       22835000	      2282	80000474	003a8a93	addi	x21,x21,3	 x21:0x0000000c x21=0x0000000f
       22845000	      2283	80000478	fe6acce3	blt	x21,x6,80000470	 x21:0x0000000f  x6:0x00000012
       22855000	      2284	00000000	00000013	addi	x0,x0,0	  x0:0x00000000
       22865000	      2285	8000046c	00000013	addi	x0,x0,0	  x0:0x00000000
       22875000	      2286	80000470	59cc4093	xori	x1,x24,1436	 x24:0xfffffff4  x1=0xfffffa68
       22885000	      2287	80000474	003a8a93	addi	x21,x21,3	 x21:0x0000000f x21=0x00000012
       22895000	      2288	80000478	fe6acce3	blt	x21,x6,80000470	 x21:0x00000012  x6:0x00000012
       22905000	      2289	8000047c	ff8182e3	beq	x3,x24,80000460	  x3:0xfffffff2 x24:0xfffffff4
       22915000	      2290	80000480	01e83d33	sltu	x26,x16,x30	 x16:0x00000000 x30:0x00000000 x26=0x00000000
       22925000	      2291	80000484	00900d13	addi	x26,x0,9	  x0:0x00000000 x26=0x00000009
       22935000	      2292	80000488	01fa4b33	xor	x22,x20,x31	 x20:0x00000000 x31:0x00000000 x22=0x00000000
       22945000	      2293	8000048c	413bd293	srai	x5,x23,0x13	 x23:0x00000001  x5=0x00000000
       22955000	      2294	80000490	009b1b93	slli	x23,x22,0x9	 x22:0x00000000 x23=0x00000000
       22965000	      2295	80000494	0456e213	ori	x4,x13,69	 x13:0xffffffff  x4=0xffffffff
       22975000	      2296	80000498	40235333	sra	x6,x6,x2	  x6:0x00000012  x2:0x00000002  x6=0x00000004
       22985000	      2297	8000049c	01ef5193	srli	x3,x30,0x1e	 x30:0x00000000  x3=0x00000000
       22995000	      2298	800004a0	4c483e93	sltiu	x29,x16,1220	 x16:0x00000000 x29=0x00000001
       23005000	      2299	800004a4	e78bba13	sltiu	x20,x23,-392	 x23:0x00000000 x20=0x00000001
       23015000	      2300	800004a8	00b52333	slt	x6,x10,x11	 x10:0xffe00026 x11:0x00000393  x6=0x00000001
       23025000	      2301	800004ac	009b7db3	and	x27,x22,x9	 x22:0x00000000  x9:0x80000190 x27=0x00000000
       23035000	      2302	800004b0	f405c493	xori	x9,x11,-192	 x11:0x00000393  x9=0xfffffcd3
       23045000	      2303	800004b4	0033efb3	or	x31,x7,x3	  x7:0x80009f4c  x3:0x00000000 x31=0x80009f4c
       23055000	      2304	800004b8	2e88ecb7	lui	x25,0x2e88e	 x25=0x2e88e000
       23065000	      2305	800004bc	14e5e717	auipc	x14,0x14e5e	 x14=0x94e5e4b8
       23075000	      2306	800004c0	00e00613	addi	x12,x0,14	  x0:0x00000000 x12=0x0000000e
       23085000	      2307	800004c4	01fbcbb3	xor	x23,x23,x31	 x23:0x00000000 x31:0x80009f4c x23=0x80009f4c
       23095000	      2308	800004c8	48b6fb97	auipc	x23,0x48b6f	 x23=0xc8b6f4c4
       23105000	      2309	800004cc	01922b33	slt	x22,x4,x25	  x4:0xffffffff x25:0x2e88e000 x22=0x00000001
       23115000	      2310	800004d0	006ea533	slt	x10,x29,x6	 x29:0x00000001  x6:0x00000001 x10=0x00000000
       23125000	      2311	800004d4	00000013	addi	x0,x0,0	  x0:0x00000000
       23135000	      2312	800004d8	005d0d13	addi	x26,x26,5	 x26:0x00000009 x26=0x0000000e
       23145000	      2313	800004dc	01c55b13	srli	x22,x10,0x1c	 x10:0x00000000 x22=0x00000000
       23155000	      2314	800004e0	23d07313	andi	x6,x0,573	  x0:0x00000000  x6=0x00000000
       23165000	      2315	800004e4	00ca2433	slt	x8,x20,x12	 x20:0x00000001 x12:0x0000000e  x8=0x00000001
       23175000	      2316	800004e8	fecd00e3	beq	x26,x12,800004c8	 x26:0x0000000e x12:0x0000000e
       23185000	      2317	00000000	00000013	addi	x0,x0,0	  x0:0x00000000
       23195000	      2318	800004c4	00000013	addi	x0,x0,0	  x0:0x00000000
       23205000	      2319	800004c8	48b6fb97	auipc	x23,0x48b6f	 x23=0xc8b6f4c4
       23215000	      2320	800004cc	01922b33	slt	x22,x4,x25	  x4:0xffffffff x25:0x2e88e000 x22=0x00000001
       23225000	      2321	800004d0	006ea533	slt	x10,x29,x6	 x29:0x00000001  x6:0x00000000 x10=0x00000000
       23235000	      2322	800004d4	00000013	addi	x0,x0,0	  x0:0x00000000
       23245000	      2323	800004d8	005d0d13	addi	x26,x26,5	 x26:0x0000000e x26=0x00000013
       23255000	      2324	800004dc	01c55b13	srli	x22,x10,0x1c	 x10:0x00000000 x22=0x00000000
       23265000	      2325	800004e0	23d07313	andi	x6,x0,573	  x0:0x00000000  x6=0x00000000
       23275000	      2326	800004e4	00ca2433	slt	x8,x20,x12	 x20:0x00000001 x12:0x0000000e  x8=0x00000001
       23285000	      2327	800004e8	fecd00e3	beq	x26,x12,800004c8	 x26:0x00000013 x12:0x0000000e
       23295000	      2328	800004ec	01773033	sltu	x0,x14,x23	 x14:0x94e5e4b8 x23:0xc8b6f4c4
       23305000	      2329	800004f0	01b4bf33	sltu	x30,x9,x27	  x9:0xfffffcd3 x27:0x00000000 x30=0x00000000
       23315000	      2330	800004f4	05c04663	blt	x0,x28,80000540	  x0:0x00000000 x28:0x80009fc4
       23325000	      2331	800004f8	00cf7e63	bgeu	x30,x12,80000514	 x30:0x00000000 x12:0x0000000e
       23335000	      2332	800004fc	d020b013	sltiu	x0,x1,-766	  x1:0xfffffa68
       23345000	      2333	80000500	6f36c293	xori	x5,x13,1779	 x13:0xffffffff  x5=0xfffff90c
       23355000	      2334	80000504	05c3c663	blt	x7,x28,80000550	  x7:0x80009f4c x28:0x80009fc4
       23365000	      2335	00000000	00000013	addi	x0,x0,0	  x0:0x00000000
       23375000	      2336	8000054c	00000013	addi	x0,x0,0	  x0:0x00000000
       23385000	      2337	80000550	013a5db3	srl	x27,x20,x19	 x20:0x00000001 x19:0xfffffbed x27=0x00000000
       23395000	      2338	80000554	25ad7513	andi	x10,x26,602	 x26:0x00000013 x10=0x00000012
       23405000	      2339	80000558	014630b3	sltu	x1,x12,x20	 x12:0x0000000e x20:0x00000001  x1=0x00000000
       23415000	      2340	8000055c	0007beb3	sltu	x29,x15,x0	 x15:0x00000000  x0:0x00000000 x29=0x00000000
       23425000	      2341	80000560	41a20c33	sub	x24,x4,x26	  x4:0xffffffff x26:0x00000013 x24=0xffffffec
       23435000	      2342	80000564	01782033	slt	x0,x16,x23	 x16:0x00000000 x23:0xc8b6f4c4
       23445000	      2343	80000568	30e9a493	slti	x9,x19,782	 x19:0xfffffbed  x9=0x00000001
       23455000	      2344	8000056c	016578b3	and	x17,x10,x22	 x10:0x00000012 x22:0x00000000 x17=0x00000000
       23465000	      2345	80000570	e7f4d2b7	lui	x5,0xe7f4d	  x5=0xe7f4d000
       23475000	      2346	80000574	41545bb3	sra	x23,x8,x21	  x8:0x00000001 x21:0x00000012 x23=0x00000000
       23485000	      2347	80000578	41005813	srai	x16,x0,0x10	  x0:0x00000000 x16=0x00000000
       23495000	      2348	8000057c	00629bb3	sll	x23,x5,x6	  x5:0xe7f4d000  x6:0x00000000 x23=0xe7f4d000
       23505000	      2349	80000580	013a1493	slli	x9,x20,0x13	 x20:0x00000001  x9=0x00080000
       23515000	      2350	80000584	346a6893	ori	x17,x20,838	 x20:0x00000001 x17=0x00000347
       23525000	      2351	80000588	01379433	sll	x8,x15,x19	 x15:0x00000000 x19:0xfffffbed  x8=0x00000000
       23535000	      2352	8000058c	f0c34b13	xori	x22,x6,-244	  x6:0x00000000 x22=0xffffff0c
       23545000	      2353	80000590	7fa5b913	sltiu	x18,x11,2042	 x11:0x00000393 x18=0x00000001
       23555000	      2354	80000594	01c5cf33	xor	x30,x11,x28	 x11:0x00000393 x28:0x80009fc4 x30=0x80009c57
       23565000	      2355	80000598	7fda4793	xori	x15,x20,2045	 x20:0x00000001 x15=0x000007fc
       23575000	      2356	8000059c	405508b3	sub	x17,x10,x5	 x10:0x00000012  x5:0xe7f4d000 x17=0x180b3012
       23585000	      2357	800005a0	018461b3	or	x3,x8,x24	  x8:0x00000000 x24:0xffffffec  x3=0xffffffec
       23595000	      2358	800005a4	00dfd863	bge	x31,x13,800005b4	 x31:0x80009f4c x13:0xffffffff
       23605000	      2359	800005a8	eadccb13	xori	x22,x25,-339	 x25:0x2e88e000 x22=0xd1771ead
       23615000	      2360	800005ac	01a25813	srli	x16,x4,0x1a	  x4:0xffffffff x16=0x0000003f
       23625000	      2361	800005b0	04124463	blt	x4,x1,800005f8	  x4:0xffffffff  x1:0x00000000
       23635000	      2362	00000000	00000013	addi	x0,x0,0	  x0:0x00000000
       23645000	      2363	800005f4	00000013	addi	x0,x0,0	  x0:0x00000000
       23655000	      2364	800005f8	01577033	and	x0,x14,x21	 x14:0x94e5e4b8 x21:0x00000012
       23665000	      2365	800005fc	04d6ab97	auipc	x23,0x4d6a	 x23=0x84d6a5f8
       23675000	      2366	80000600	00c3fcb3	and	x25,x7,x12	  x7:0x80009f4c x12:0x0000000e x25=0x0000000c
       23685000	      2367	80000604	0011ca63	blt	x3,x1,80000618	  x3:0xffffffec  x1:0x00000000
       23695000	      2368	00000000	00000013	addi	x0,x0,0	  x0:0x00000000
       23705000	      2369	80000614	00000013	addi	x0,x0,0	  x0:0x00000000
       23715000	      2370	80000618	f26f2013	slti	x0,x30,-218	 x30:0x80009c57
       23725000	      2371	8000061c	40b45933	sra	x18,x8,x11	  x8:0x00000000 x11:0x00000393 x18=0x00000000
       23735000	      2372	80000620	229b7013	andi	x0,x22,553	 x22:0xd1771ead
       23745000	      2373	80000624	00c0c2b3	xor	x5,x1,x12	  x1:0x00000000 x12:0x0000000e  x5=0x0000000e
       23755000	      2374	80000628	67454813	xori	x16,x10,1652	 x10:0x00000012 x16=0x00000666
       23765000	      2375	8000062c	405e06b3	sub	x13,x28,x5	 x28:0x80009fc4  x5:0x0000000e x13=0x80009fb6
       23775000	      2376	80000630	005b9893	slli	x17,x23,0x5	 x23:0x84d6a5f8 x17=0x9ad4bf00
       23785000	      2377	80000634	04be0063	beq	x28,x11,80000674	 x28:0x80009fc4 x11:0x00000393
       23795000	      2378	80000638	01bd97b3	sll	x15,x27,x27	 x27:0x00000000 x27:0x00000000 x15=0x00000000
       23805000	      2379	8000063c	004bb833	sltu	x16,x23,x4	 x23:0x84d6a5f8  x4:0xffffffff x16=0x00000001
       23815000	      2380	80000640	01cb9a63	bne	x23,x28,80000654	 x23:0x84d6a5f8 x28:0x80009fc4
       23825000	      2381	00000000	00000013	addi	x0,x0,0	  x0:0x00000000
       23835000	      2382	80000650	00000013	addi	x0,x0,0	  x0:0x00000000
       23845000	      2383	80000654	0110a6b3	slt	x13,x1,x17	  x1:0x00000000 x17:0x9ad4bf00 x13=0x00000000
       23855000	      2384	80000658	009f5233	srl	x4,x30,x9	 x30:0x80009c57  x9:0x00080000  x4=0x80009c57
       23865000	      2385	8000065c	f88aad93	slti	x27,x21,-120	 x21:0x00000012 x27=0x00000000
       23875000	      2386	80000660	036f0863	beq	x30,x22,80000690	 x30:0x80009c57 x22:0xd1771ead
       23885000	      2387	80000664	01d7a4b3	slt	x9,x15,x29	 x15:0x00000000 x29:0x00000000  x9=0x00000000
       23895000	      2388	80000668	0b7bcd17	auipc	x26,0xb7bc	 x26=0x8b7bc664
       23905000	      2389	8000066c	002bb233	sltu	x4,x23,x2	 x23:0x84d6a5f8  x2:0x00000002  x4=0x00000000
       23915000	      2390	80000670	00000013	addi	x0,x0,0	  x0:0x00000000
       23925000	      2391	80000674	00f09e63	bne	x1,x15,80000690	  x1:0x00000000 x15:0x00000000
       23935000	      2392	80000678	409e5213	srai	x4,x28,0x9	 x28:0x80009fc4  x4=0xffc0004f
       23945000	      2393	8000067c	01acecb3	or	x25,x25,x26	 x25:0x0000000c x26:0x8b7bc664 x25=0x8b7bc66c
       23955000	      2394	80000680	017f3c33	sltu	x24,x30,x23	 x30:0x80009c57 x23:0x84d6a5f8 x24=0x00000001
       23965000	      2395	80000684	9d36ba13	sltiu	x20,x13,-1581	 x13:0x00000000 x20=0x00000001
       23975000	      2396	80000688	0282d863	bge	x5,x8,800006b8	  x5:0x0000000e  x8:0x00000000
       23985000	      2397	00000000	00000013	addi	x0,x0,0	  x0:0x00000000
       23995000	      2398	800006b4	00000013	addi	x0,x0,0	  x0:0x00000000
       24005000	      2399	800006b8	00000013	addi	x0,x0,0	  x0:0x00000000
       24015000	      2400	800006bc	0d2e6293	ori	x5,x28,210	 x28:0x80009fc4  x5=0x80009fd6
       24025000	      2401	800006c0	01ff1833	sll	x16,x30,x31	 x30:0x80009c57 x31:0x80009f4c x16=0x09c57000
       24035000	      2402	800006c4	0112d2b3	srl	x5,x5,x17	  x5:0x80009fd6 x17:0x9ad4bf00  x5=0x80009fd6
       24045000	      2403	800006c8	00ed7bb3	and	x23,x26,x14	 x26:0x8b7bc664 x14:0x94e5e4b8 x23=0x8061c420
       24055000	      2404	800006cc	351bc1b7	lui	x3,0x351bc	  x3=0x351bc000
       24065000	      2405	800006d0	04ddc463	blt	x27,x13,80000718	 x27:0x00000000 x13:0x00000000
       24075000	      2406	800006d4	0b643413	sltiu	x8,x8,182	  x8:0x00000000  x8=0x00000001
       24085000	      2407	800006d8	0073fc63	bgeu	x7,x7,800006f0	  x7:0x80009f4c  x7:0x80009f4c
       24095000	      2408	00000000	00000013	addi	x0,x0,0	  x0:0x00000000
       24105000	      2409	800006ec	00000013	addi	x0,x0,0	  x0:0x00000000
       24115000	      2410	800006f0	40a3d7b3	sra	x15,x7,x10	  x7:0x80009f4c x10:0x00000012 x15=0xffffe000
       24125000	      2411	800006f4	016a9463	bne	x21,x22,800006fc	 x21:0x00000012 x22:0xd1771ead
       24135000	      2412	00000000	00000013	addi	x0,x0,0	  x0:0x00000000
       24145000	      2413	800006f8	00000013	addi	x0,x0,0	  x0:0x00000000
       24155000	      2414	800006fc	00d870b3	and	x1,x16,x13	 x16:0x09c57000 x13:0x00000000  x1=0x00000000
       24165000	      2415	80000700	022f6663	bltu	x30,x2,8000072c	 x30:0x80009c57  x2:0x00000002
       24175000	      2416	80000704	039e1e63	bne	x28,x25,80000740	 x28:0x80009fc4 x25:0x8b7bc66c
       24185000	      2417	00000000	00000013	addi	x0,x0,0	  x0:0x00000000
       24195000	      2418	8000073c	00000013	addi	x0,x0,0	  x0:0x00000000
       24205000	      2419	80000740	40af0033	sub	x0,x30,x10	 x30:0x80009c57 x10:0x00000012
       24215000	      2420	80000744	0012ec33	or	x24,x5,x1	  x5:0x80009fd6  x1:0x00000000 x24=0x80009fd6
       24225000	      2421	80000748	05ff7863	bgeu	x30,x31,80000798	 x30:0x80009c57 x31:0x80009f4c
       24235000	      2422	8000074c	00ec0d33	add	x26,x24,x14	 x24:0x80009fd6 x14:0x94e5e4b8 x26=0x14e6848e
       24245000	      2423	80000750	03901e63	bne	x0,x25,8000078c	  x0:0x00000000 x25:0x8b7bc66c
       24255000	      2424	00000000	00000013	addi	x0,x0,0	  x0:0x00000000
       24265000	      2425	80000788	00000013	addi	x0,x0,0	  x0:0x00000000
       24275000	      2426	8000078c	6af02e93	slti	x29,x0,1711	  x0:0x00000000 x29=0x00000001
       24285000	      2427	80000790	01a80d33	add	x26,x16,x26	 x16:0x09c57000 x26:0x14e6848e x26=0x1eabf48e
       24295000	      2428	80000794	4129dd33	sra	x26,x19,x18	 x19:0xfffffbed x18:0x00000000 x26=0xfffffbed
       24305000	      2429	80000798	000b9463	bne	x23,x0,800007a0	 x23:0x8061c420  x0:0x00000000
       24315000	      2430	00000000	00000013	addi	x0,x0,0	  x0:0x00000000
       24325000	      2431	8000079c	00000013	addi	x0,x0,0	  x0:0x00000000
       24335000	      2432	800007a0	05bbd663	bge	x23,x27,800007ec	 x23:0x8061c420 x27:0x00000000
       24345000	      2433	800007a4	bc3ec193	xori	x3,x29,-1085	 x29:0x00000001  x3=0xfffffbc2
       24355000	      2434	800007a8	0da2b793	sltiu	x15,x5,218	  x5:0x80009fd6 x15=0x00000000
       24365000	      2435	800007ac	70f86237	lui	x4,0x70f86	  x4=0x70f86000
       24375000	      2436	800007b0	038b8663	beq	x23,x24,800007dc	 x23:0x8061c420 x24:0x80009fd6
       24385000	      2437	800007b4	00b82d33	slt	x26,x16,x11	 x16:0x09c57000 x11:0x00000393 x26=0x00000000
       24395000	      2438	800007b8	b17a8213	addi	x4,x21,-1257	 x21:0x00000012  x4=0xfffffb29
       24405000	      2439	800007bc	d7d2af37	lui	x30,0xd7d2a	 x30=0xd7d2a000
       24415000	      2440	800007c0	0367fa63	bgeu	x15,x22,800007f4	 x15:0x00000000 x22:0xd1771ead
       24425000	      2441	800007c4	41cc0cb3	sub	x25,x24,x28	 x24:0x80009fd6 x28:0x80009fc4 x25=0x00000012
       24435000	      2442	800007c8	00341c33	sll	x24,x8,x3	  x8:0x00000001  x3:0xfffffbc2 x24=0x00000004
       24445000	      2443	800007cc	00d26db3	or	x27,x4,x13	  x4:0xfffffb29 x13:0x00000000 x27=0xfffffb29
       24455000	      2444	800007d0	02b98263	beq	x19,x11,800007f4	 x19:0xfffffbed x11:0x00000393
       24465000	      2445	800007d4	b97fe093	ori	x1,x31,-1129	 x31:0x80009f4c  x1=0xffffffdf
       24475000	      2446	800007d8	007c5e63	bge	x24,x7,800007f4	 x24:0x00000004  x7:0x80009f4c
       24485000	      2447	00000000	00000013	addi	x0,x0,0	  x0:0x00000000
       24495000	      2448	800007f0	00000013	addi	x0,x0,0	  x0:0x00000000
       24505000	      2449	800007f4	011776b3	and	x13,x14,x17	 x14:0x94e5e4b8 x17:0x9ad4bf00 x13=0x90c4a400
       24515000	      2450	800007f8	4159dd13	srai	x26,x19,0x15	 x19:0xfffffbed x26=0xffffffff
       24525000	      2451	800007fc	0043a483	lw	x9,4(x7)	  x7:0x80009f4c  x9=0x80000190 PA:0x80009f50
       24535000	      2452	80000800	7920c813	xori	x16,x1,1938	  x1:0xffffffdf x16=0xfffff84d
       24545000	      2453	80000804	79162a93	slti	x21,x12,1937	 x12:0x0000000e x21=0x00000001
       24555000	      2454	80000808	00c47fb3	and	x31,x8,x12	  x8:0x00000001 x12:0x0000000e x31=0x00000000
       24565000	      2455	8000080c	03838393	addi	x7,x7,56	  x7:0x80009f4c  x7=0x80009f84
       24575000	      2456	80000810	3bd1cb13	xori	x22,x3,957	  x3:0xfffffbc2 x22=0xfffff87f
       24585000	      2457	80000814	00c1e233	or	x4,x3,x12	  x3:0xfffffbc2 x12:0x0000000e  x4=0xfffffbce
       24595000	      2458	80000818	01281733	sll	x14,x16,x18	 x16:0xfffff84d x18:0x00000000 x14=0xfffff84d
       24605000	      2459	8000081c	01d68bb3	add	x23,x13,x29	 x13:0x90c4a400 x29:0x00000001 x23=0x90c4a401
       24615000	      2460	80000820	6b140993	addi	x19,x8,1713	  x8:0x00000001 x19=0x000006b2
       24625000	      2461	80000824	00048413	addi	x8,x9,0	  x9:0x80000190  x8=0x80000190
       24635000	      2462	80000828	00040467	jalr	x8,x8,0	  x8:0x80000190  x8=0x80000828
       24645000	      2463	00000000	00000013	addi	x0,x0,0	  x0:0x00000000
       24655000	      2464	80000190	00000013	addi	x0,x0,0	  x0:0x00000000
       24665000	      2465	80000194	f9904013	xori	x0,x0,-103	  x0:0x00000000
       24675000	      2466	80000198	00cbf833	and	x16,x23,x12	 x23:0x90c4a401 x12:0x0000000e x16=0x00000000
       24685000	      2467	8000019c	00003b17	auipc	x22,0x3	 x22=0x80003198
       24695000	      2468	800001a0	a40b0b13	addi	x22,x22,-1472	 x22:0x80003198 x22=0x80002bd8
       24705000	      2469	800001a4	f273c717	auipc	x14,0xf273c	 x14=0x7273c1a0
       24715000	      2470	800001a8	36eb0b13	addi	x22,x22,878	 x22:0x80002bd8 x22=0x80002f46
       24725000	      2471	800001ac	fa894497	auipc	x9,0xfa894	  x9=0x7a8941a8
       24735000	      2472	800001b0	ed227813	andi	x16,x4,-302	  x4:0xfffffbce x16=0xfffffac2
       24745000	      2473	800001b4	ac9d0f13	addi	x30,x26,-1335	 x26:0xffffffff x30=0xfffffac8
       24755000	      2474	800001b8	7d08c293	xori	x5,x17,2000	 x17:0x9ad4bf00  x5=0x9ad4b8d0
       24765000	      2475	800001bc	00ad8463	beq	x27,x10,800001c4	 x27:0xfffffb29 x10:0x00000012
       24775000	      2476	800001c0	976692b7	lui	x5,0x97669	  x5=0x97669000
       24785000	      2477	800001c4	c93b04e7	jalr	x9,x22,-877	 x22:0x80002f46  x9=0x800001c4
       24795000	      2478	00000000	00000013	addi	x0,x0,0	  x0:0x00000000
       24805000	      2479	80002bd8	00000013	addi	x0,x0,0	  x0:0x00000000
       24815000	      2480	80002bdc	00255a63	bge	x10,x2,80002bf0	 x10:0x00000012  x2:0x00000002
       24825000	      2481	00000000	00000013	addi	x0,x0,0	  x0:0x00000000
       24835000	      2482	80002bec	00000013	addi	x0,x0,0	  x0:0x00000000
       24845000	      2483	80002bf0	fd838393	addi	x7,x7,-40	  x7:0x80009f84  x7=0x80009f5c
       24855000	      2484	80002bf4	0093a223	sw	x9,4(x7)	  x7:0x80009f5c  x9:0x800001c4 PA:0x80009f60
       24865000	      2485	80002bf8	dbf0f5b7	lui	x11,0xdbf0f	 x11=0xdbf0f000
       24875000	      2486	80002bfc	01e1a0b3	slt	x1,x3,x30	  x3:0xfffffbc2 x30:0xfffffac8  x1=0x00000000
       24885000	      2487	80002c00	ff800993	addi	x19,x0,-8	  x0:0x00000000 x19=0xfffffff8
       24895000	      2488	80002c04	00025533	srl	x10,x4,x0	  x4:0xfffffbce  x0:0x00000000 x10=0xfffffbce
       24905000	      2489	80002c08	ff000b13	addi	x22,x0,-16	  x0:0x00000000 x22=0xfffffff0
       24915000	      2490	80002c0c	40ffaa93	slti	x21,x31,1039	 x31:0x00000000 x21=0x00000001
       24925000	      2491	80002c10	41068033	sub	x0,x13,x16	 x13:0x90c4a400 x16:0xfffffac2
       24935000	      2492	80002c14	01380933	add	x18,x16,x19	 x16:0xfffffac2 x19:0xfffffff8 x18=0xfffffaba
       24945000	      2493	80002c18	40e9d413	srai	x8,x19,0xe	 x19:0xfffffff8  x8=0xffffffff
       24955000	      2494	80002c1c	01fff833	and	x16,x31,x31	 x31:0x00000000 x31:0x00000000 x16=0x00000000
       24965000	      2495	80002c20	fff98993	addi	x19,x19,-1	 x19:0xfffffff8 x19=0xfffffff7
       24975000	      2496	80002c24	41c806b3	sub	x13,x16,x28	 x16:0x00000000 x28:0x80009fc4 x13=0x7fff603c
       24985000	      2497	80002c28	ffe00a13	addi	x20,x0,-2	  x0:0x00000000 x20=0xfffffffe
       24995000	      2498	80002c2c	01d041b3	xor	x3,x0,x29	  x0:0x00000000 x29:0x00000001  x3=0x00000001
       25005000	      2499	80002c30	c22e7513	andi	x10,x28,-990	 x28:0x80009fc4 x10=0x80009c00
       25015000	      2500	80002c34	00000013	addi	x0,x0,0	  x0:0x00000000
       25025000	      2501	80002c38	ffa00093	addi	x1,x0,-6	  x0:0x00000000  x1=0xfffffffa
       25035000	      2502	80002c3c	c59df813	andi	x16,x27,-935	 x27:0xfffffb29 x16=0xfffff809
       25045000	      2503	80002c40	0168dbb3	srl	x23,x17,x22	 x17:0x9ad4bf00 x22:0xfffffff0 x23=0x00009ad4
       25055000	      2504	80002c44	416c5733	sra	x14,x24,x22	 x24:0x00000004 x22:0xfffffff0 x14=0x00000000
       25065000	      2505	80002c48	0177d433	srl	x8,x15,x23	 x15:0x00000000 x23:0x00009ad4  x8=0x00000000
       25075000	      2506	80002c4c	bdba8f13	addi	x30,x21,-1061	 x21:0x00000001 x30=0xfffffbdc
       25085000	      2507	80002c50	ffba0a13	addi	x20,x20,-5	 x20:0xfffffffe x20=0xfffffff9
       25095000	      2508	80002c54	01897fb3	and	x31,x18,x24	 x18:0xfffffaba x24:0x00000004 x31=0x00000000
       25105000	      2509	80002c58	00000013	addi	x0,x0,0	  x0:0x00000000
       25115000	      2510	80002c5c	fe1a50e3	bge	x20,x1,80002c3c	 x20:0xfffffff9  x1:0xfffffffa
       25125000	      2511	80002c60	01d87033	and	x0,x16,x29	 x16:0xfffff809 x29:0x00000001
       25135000	      2512	80002c64	fb6988e3	beq	x19,x22,80002c14	 x19:0xfffffff7 x22:0xfffffff0
       25145000	      2513	80002c68	40c18333	sub	x6,x3,x12	  x3:0x00000001 x12:0x0000000e  x6=0xfffffff3
       25155000	      2514	80002c6c	00900613	addi	x12,x0,9	  x0:0x00000000 x12=0x00000009
       25165000	      2515	80002c70	041c6c13	ori	x24,x24,65	 x24:0x00000004 x24=0x00000045
       25175000	      2516	80002c74	01ac05b3	add	x11,x24,x26	 x24:0x00000045 x26:0xffffffff x11=0x00000044
       25185000	      2517	80002c78	faf34413	xori	x8,x6,-81	  x6:0xfffffff3  x8=0x0000005c
       25195000	      2518	80002c7c	00c00c93	addi	x25,x0,12	  x0:0x00000000 x25=0x0000000c
       25205000	      2519	80002c80	7579d197	auipc	x3,0x7579d	  x3=0xf579fc7c
       25215000	      2520	80002c84	00db4bb3	xor	x23,x22,x13	 x22:0xfffffff0 x13:0x7fff603c x23=0x80009fcc
       25225000	      2521	80002c88	5a4ea093	slti	x1,x29,1444	 x29:0x00000001  x1=0x00000001
       25235000	      2522	80002c8c	00000013	addi	x0,x0,0	  x0:0x00000000
       25245000	      2523	80002c90	efcc6893	ori	x17,x24,-260	 x24:0x00000045 x17=0xfffffefd
       25255000	      2524	80002c94	392f59b7	lui	x19,0x392f5	 x19=0x392f5000
       25265000	      2525	80002c98	009175b3	and	x11,x2,x9	  x2:0x00000002  x9:0x800001c4 x11=0x00000000
       25275000	      2526	80002c9c	00a60613	addi	x12,x12,10	 x12:0x00000009 x12=0x00000013
       25285000	      2527	80002ca0	68fa4f13	xori	x30,x20,1679	 x20:0xfffffff9 x30=0xfffff976
       25295000	      2528	80002ca4	013df8b3	and	x17,x27,x19	 x27:0xfffffb29 x19:0x392f5000 x17=0x392f5000
       25305000	      2529	80002ca8	ffa00a13	addi	x20,x0,-6	  x0:0x00000000 x20=0xfffffffa
       25315000	      2530	80002cac	00000793	addi	x15,x0,0	  x0:0x00000000 x15=0x00000000
       25325000	      2531	80002cb0	7ae4e593	ori	x11,x9,1966	  x9:0x800001c4 x11=0x800007ee
       25335000	      2532	80002cb4	01ee5233	srl	x4,x28,x30	 x28:0x80009fc4 x30:0xfffff976  x4=0x00000200
       25345000	      2533	80002cb8	0136a993	slti	x19,x13,19	 x13:0x7fff603c x19=0x00000000
       25355000	      2534	80002cbc	008a0a13	addi	x20,x20,8	 x20:0xfffffffa x20=0x00000002
       25365000	      2535	80002cc0	340c3b93	sltiu	x23,x24,832	 x24:0x00000045 x23=0x00000001
       25375000	      2536	80002cc4	fefa46e3	blt	x20,x15,80002cb0	 x20:0x00000002 x15:0x00000000
       25385000	      2537	80002cc8	01ba3033	sltu	x0,x20,x27	 x20:0x00000002 x27:0xfffffb29
       25395000	      2538	80002ccc	001c70b3	and	x1,x24,x1	 x24:0x00000045  x1:0x00000001  x1=0x00000001
       25405000	      2539	80002cd0	0582b813	sltiu	x16,x5,88	  x5:0x97669000 x16=0x00000000
       25415000	      2540	80002cd4	016e72b3	and	x5,x28,x22	 x28:0x80009fc4 x22:0xfffffff0  x5=0x80009fc0
       25425000	      2541	80002cd8	003d7db3	and	x27,x26,x3	 x26:0xffffffff  x3:0xf579fc7c x27=0xf579fc7c
       25435000	      2542	80002cdc	001e71b3	and	x3,x28,x1	 x28:0x80009fc4  x1:0x00000001  x3=0x00000000
       25445000	      2543	80002ce0	011c6033	or	x0,x24,x17	 x24:0x00000045 x17:0x392f5000
       25455000	      2544	80002ce4	00891693	slli	x13,x18,0x8	 x18:0xfffffaba x13=0xfffaba00
       25465000	      2545	80002ce8	01a829b3	slt	x19,x16,x26	 x16:0x00000000 x26:0xffffffff x19=0x00000000
       25475000	      2546	80002cec	fb9642e3	blt	x12,x25,80002c90	 x12:0x00000013 x25:0x0000000c
       25485000	      2547	80002cf0	402bd833	sra	x16,x23,x2	 x23:0x00000001  x2:0x00000002 x16=0x00000000
       25495000	      2548	80002cf4	1e8e2213	slti	x4,x28,488	 x28:0x80009fc4  x4=0x00000001
       25505000	      2549	80002cf8	7cef2b93	slti	x23,x30,1998	 x30:0xfffff976 x23=0x00000001
       25515000	      2550	80002cfc	012a2db3	slt	x27,x20,x18	 x20:0x00000002 x18:0xfffffaba x27=0x00000000
       25525000	      2551	80002d00	415bd8b3	sra	x17,x23,x21	 x23:0x00000001 x21:0x00000001 x17=0x00000000
       25535000	      2552	80002d04	ce4ac493	xori	x9,x21,-796	 x21:0x00000001  x9=0xfffffce5
       25545000	      2553	80002d08	036f1263	bne	x30,x22,80002d2c	 x30:0xfffff976 x22:0xfffffff0
       25555000	      2554	00000000	00000013	addi	x0,x0,0	  x0:0x00000000
       25565000	      2555	80002d28	00000013	addi	x0,x0,0	  x0:0x00000000
       25575000	      2556	80002d2c	40edd433	sra	x8,x27,x14	 x27:0x00000000 x14:0x00000000  x8=0x00000000
       25585000	      2557	80002d30	a97d2a93	slti	x21,x26,-1385	 x26:0xffffffff x21=0x00000000
       25595000	      2558	80002d34	85514093	xori	x1,x2,-1963	  x2:0x00000002  x1=0xfffff857
       25605000	      2559	80002d38	01c3cc63	blt	x7,x28,80002d50	  x7:0x80009f5c x28:0x80009fc4
       25615000	      2560	00000000	00000013	addi	x0,x0,0	  x0:0x00000000
       25625000	      2561	80002d4c	00000013	addi	x0,x0,0	  x0:0x00000000
       25635000	      2562	80002d50	035e0263	beq	x28,x21,80002d74	 x28:0x80009fc4 x21:0x00000000
       25645000	      2563	80002d54	00dcaeb3	slt	x29,x25,x13	 x25:0x0000000c x13:0xfffaba00 x29=0x00000000
       25655000	      2564	80002d58	02954c63	blt	x10,x9,80002d90	 x10:0x80009c00  x9:0xfffffce5
       25665000	      2565	00000000	00000013	addi	x0,x0,0	  x0:0x00000000
       25675000	      2566	80002d8c	00000013	addi	x0,x0,0	  x0:0x00000000
       25685000	      2567	80002d90	05380863	beq	x16,x19,80002de0	 x16:0x00000000 x19:0x00000000
       25695000	      2568	00000000	00000013	addi	x0,x0,0	  x0:0x00000000
       25705000	      2569	80002ddc	00000013	addi	x0,x0,0	  x0:0x00000000
       25715000	      2570	80002de0	008136b3	sltu	x13,x2,x8	  x2:0x00000002  x8:0x00000000 x13=0x00000000
       25725000	      2571	80002de4	00000013	addi	x0,x0,0	  x0:0x00000000
       25735000	      2572	80002de8	01b180b3	add	x1,x3,x27	  x3:0x00000000 x27:0x00000000  x1=0x00000000
       25745000	      2573	80002dec	00e3bcb3	sltu	x25,x7,x14	  x7:0x80009f5c x14:0x00000000 x25=0x00000000
       25755000	      2574	80002df0	417055b3	sra	x11,x0,x23	  x0:0x00000000 x23:0x00000001 x11=0x00000000
       25765000	      2575	80002df4	02009263	bne	x1,x0,80002e18	  x1:0x00000000  x0:0x00000000
       25775000	      2576	80002df8	00000013	addi	x0,x0,0	  x0:0x00000000
       25785000	      2577	80002dfc	42ac9d17	auipc	x26,0x42ac9	 x26=0xc2acbdf8
       25795000	      2578	80002e00	0ec7e493	ori	x9,x15,236	 x15:0x00000000  x9=0x000000ec
       25805000	      2579	80002e04	412a55b3	sra	x11,x20,x18	 x20:0x00000002 x18:0xfffffaba x11=0x00000000
       25815000	      2580	80002e08	91522f93	slti	x31,x4,-1771	  x4:0x00000001 x31=0x00000000
       25825000	      2581	80002e0c	00659c63	bne	x11,x6,80002e24	 x11:0x00000000  x6:0xfffffff3
       25835000	      2582	00000000	00000013	addi	x0,x0,0	  x0:0x00000000
       25845000	      2583	80002e20	00000013	addi	x0,x0,0	  x0:0x00000000
       25855000	      2584	80002e24	1a25a693	slti	x13,x11,418	 x11:0x00000000 x13=0x00000001
       25865000	      2585	80002e28	00ef67b3	or	x15,x30,x14	 x30:0xfffff976 x14:0x00000000 x15=0xfffff976
       25875000	      2586	80002e2c	0013b033	sltu	x0,x7,x1	  x7:0x80009f5c  x1:0x00000000
       25885000	      2587	80002e30	41628ab3	sub	x21,x5,x22	  x5:0x80009fc0 x22:0xfffffff0 x21=0x80009fd0
       25895000	      2588	80002e34	01fd6c63	bltu	x26,x31,80002e4c	 x26:0xc2acbdf8 x31:0x00000000
       25905000	      2589	80002e38	02617863	bgeu	x2,x6,80002e68	  x2:0x00000002  x6:0xfffffff3
       25915000	      2590	80002e3c	01bde0b3	or	x1,x27,x27	 x27:0x00000000 x27:0x00000000  x1=0x00000000
       25925000	      2591	80002e40	000d4263	blt	x26,x0,80002e44	 x26:0xc2acbdf8  x0:0x00000000
       25935000	      2592	00000000	00000013	addi	x0,x0,0	  x0:0x00000000
       25945000	      2593	80002e40	00000013	addi	x0,x0,0	  x0:0x00000000
       25955000	      2594	80002e44	004d1e63	bne	x26,x4,80002e60	 x26:0xc2acbdf8  x4:0x00000001
       25965000	      2595	00000000	00000013	addi	x0,x0,0	  x0:0x00000000
       25975000	      2596	80002e5c	00000013	addi	x0,x0,0	  x0:0x00000000
       25985000	      2597	80002e60	4b007013	andi	x0,x0,1200	  x0:0x00000000
       25995000	      2598	80002e64	41310733	sub	x14,x2,x19	  x2:0x00000002 x19:0x00000000 x14=0x00000002
       26005000	      2599	80002e68	01e346b3	xor	x13,x6,x30	  x6:0xfffffff3 x30:0xfffff976 x13=0x00000685
       26015000	      2600	80002e6c	010ebab3	sltu	x21,x29,x16	 x29:0x00000000 x16:0x00000000 x21=0x00000000
       26025000	      2601	80002e70	3cc28217	auipc	x4,0x3cc28	  x4=0xbcc2ae6c
       26035000	      2602	80002e74	01714a63	blt	x2,x23,80002e88	  x2:0x00000002 x23:0x00000001
       26045000	      2603	80002e78	017da933	slt	x18,x27,x23	 x27:0x00000000 x23:0x00000001 x18=0x00000001
       26055000	      2604	80002e7c	46eee993	ori	x19,x29,1134	 x29:0x00000000 x19=0x0000046e
       26065000	      2605	80002e80	01ce0ab3	add	x21,x28,x28	 x28:0x80009fc4 x28:0x80009fc4 x21=0x00013f88
       26075000	      2606	80002e84	05bc6663	bltu	x24,x27,80002ed0	 x24:0x00000045 x27:0x00000000
       26085000	      2607	80002e88	0c927db7	lui	x27,0xc927	 x27=0x0c927000
       26095000	      2608	80002e8c	04e05263	bge	x0,x14,80002ed0	  x0:0x00000000 x14:0x00000002
       26105000	      2609	80002e90	01a7a7b3	slt	x15,x15,x26	 x15:0xfffff976 x26:0xc2acbdf8 x15=0x00000000
       26115000	      2610	80002e94	f8d54f93	xori	x31,x10,-115	 x10:0x80009c00 x31=0x7fff638d
       26125000	      2611	80002e98	0066e033	or	x0,x13,x6	 x13:0x00000685  x6:0xfffffff3
       26135000	      2612	80002e9c	01c13333	sltu	x6,x2,x28	  x2:0x00000002 x28:0x80009fc4  x6=0x00000001
       26145000	      2613	80002ea0	01a382b3	add	x5,x7,x26	  x7:0x80009f5c x26:0xc2acbdf8  x5=0x42ad5d54
       26155000	      2614	80002ea4	c3050793	addi	x15,x10,-976	 x10:0x80009c00 x15=0x80009830
       26165000	      2615	80002ea8	00000013	addi	x0,x0,0	  x0:0x00000000
       26175000	      2616	80002eac	30bc6b93	ori	x23,x24,779	 x24:0x00000045 x23=0x0000034f
       26185000	      2617	80002eb0	01d239b3	sltu	x19,x4,x29	  x4:0xbcc2ae6c x29:0x00000000 x19=0x00000000
       26195000	      2618	80002eb4	01069ab3	sll	x21,x13,x16	 x13:0x00000685 x16:0x00000000 x21=0x00000685
       26205000	      2619	80002eb8	bbc00693	addi	x13,x0,-1092	  x0:0x00000000 x13=0xfffffbbc
       26215000	      2620	80002ebc	01230833	add	x16,x6,x18	  x6:0x00000001 x18:0x00000001 x16=0x00000002
       26225000	      2621	80002ec0	00a09493	slli	x9,x1,0xa	  x1:0x00000000  x9=0x00000000
       26235000	      2622	80002ec4	41ee04b3	sub	x9,x28,x30	 x28:0x80009fc4 x30:0xfffff976  x9=0x8000a64e
       26245000	      2623	80002ec8	03d8e063	bltu	x17,x29,80002ee8	 x17:0x00000000 x29:0x00000000
       26255000	      2624	80002ecc	41995fb3	sra	x31,x18,x25	 x18:0x00000001 x25:0x00000000 x31=0x00000001
       26265000	      2625	80002ed0	00549c63	bne	x9,x5,80002ee8	  x9:0x8000a64e  x5:0x42ad5d54
       26275000	      2626	00000000	00000013	addi	x0,x0,0	  x0:0x00000000
       26285000	      2627	80002ee4	00000013	addi	x0,x0,0	  x0:0x00000000
       26295000	      2628	80002ee8	8bc4eb13	ori	x22,x9,-1860	  x9:0x8000a64e x22=0xfffffefe
       26305000	      2629	80002eec	01a7da93	srli	x21,x15,0x1a	 x15:0x80009830 x21=0x00000020
       26315000	      2630	80002ef0	8f8bf713	andi	x14,x23,-1800	 x23:0x0000034f x14=0x00000048
       26325000	      2631	80002ef4	0043a483	lw	x9,4(x7)	  x7:0x80009f5c  x9=0x800001c4 PA:0x80009f60
       26335000	      2632	80002ef8	0127cdb3	xor	x27,x15,x18	 x15:0x80009830 x18:0x00000001 x27=0x80009831
       26345000	      2633	80002efc	02838393	addi	x7,x7,40	  x7:0x80009f5c  x7=0x80009f84
       26355000	      2634	80002f00	401cd9b3	sra	x19,x25,x1	 x25:0x00000000  x1:0x00000000 x19=0x00000000
       26365000	      2635	80002f04	4fe44a37	lui	x20,0x4fe44	 x20=0x4fe44000
       26375000	      2636	80002f08	00048593	addi	x11,x9,0	  x9:0x800001c4 x11=0x800001c4
       26385000	      2637	80002f0c	000585e7	jalr	x11,x11,0	 x11:0x800001c4 x11=0x80002f0c
       26395000	      2638	00000000	00000013	addi	x0,x0,0	  x0:0x00000000
       26405000	      2639	800001c4	00000013	addi	x0,x0,0	  x0:0x00000000
       26415000	      2640	800001c8	00a00d93	addi	x27,x0,10	  x0:0x00000000 x27=0x0000000a
       26425000	      2641	800001cc	41fdd1b3	sra	x3,x27,x31	 x27:0x0000000a x31:0x00000001  x3=0x00000005
       26435000	      2642	800001d0	00600f13	addi	x30,x0,6	  x0:0x00000000 x30=0x00000006
       26445000	      2643	800001d4	0a67f013	andi	x0,x15,166	 x15:0x80009830
       26455000	      2644	800001d8	00b3ed33	or	x26,x7,x11	  x7:0x80009f84 x11:0x80002f0c x26=0x8000bf8c
       26465000	      2645	800001dc	00b90c93	addi	x25,x18,11	 x18:0x00000001 x25=0x0000000c
       26475000	      2646	800001e0	011d2833	slt	x16,x26,x17	 x26:0x8000bf8c x17:0x00000000 x16=0x00000001
       26485000	      2647	800001e4	4124d593	srai	x11,x9,0x12	  x9:0x800001c4 x11=0xffffe000
       26495000	      2648	800001e8	ffcd8d93	addi	x27,x27,-4	 x27:0x0000000a x27=0x00000006
       26505000	      2649	800001ec	6f86fb93	andi	x23,x13,1784	 x13:0xfffffbbc x23=0x000002b8
       26515000	      2650	800001f0	ff800793	addi	x15,x0,-8	  x0:0x00000000 x15=0xfffffff8
       26525000	      2651	800001f4	01f51533	sll	x10,x10,x31	 x10:0x80009c00 x31:0x00000001 x10=0x00013800
       26535000	      2652	800001f8	ff200a13	addi	x20,x0,-14	  x0:0x00000000 x20=0xfffffff2
       26545000	      2653	800001fc	01af7533	and	x10,x30,x26	 x30:0x00000006 x26:0x8000bf8c x10=0x00000004
       26555000	      2654	80000200	01de01b3	add	x3,x28,x29	 x28:0x80009fc4 x29:0x00000000  x3=0x80009fc4
       26565000	      2655	80000204	ff778793	addi	x15,x15,-9	 x15:0xfffffff8 x15=0xffffffef
       26575000	      2656	80000208	41fd5833	sra	x16,x26,x31	 x26:0x8000bf8c x31:0x00000001 x16=0xc0005fc6
       26585000	      2657	8000020c	402c5cb3	sra	x25,x24,x2	 x24:0x00000045  x2:0x00000002 x25=0x00000011
       26595000	      2658	80000210	417e84b3	sub	x9,x29,x23	 x29:0x00000000 x23:0x000002b8  x9=0xfffffd48
       26605000	      2659	80000214	01f486b3	add	x13,x9,x31	  x9:0xfffffd48 x31:0x00000001 x13=0xfffffd49
       26615000	      2660	80000218	ff47d2e3	bge	x15,x20,800001fc	 x15:0xffffffef x20:0xfffffff2
       26625000	      2661	8000021c	003e6233	or	x4,x28,x3	 x28:0x80009fc4  x3:0x80009fc4  x4=0x80009fc4
       26635000	      2662	80000220	baa38013	addi	x0,x7,-1110	  x7:0x80009f84
       26645000	      2663	80000224	7257c217	auipc	x4,0x7257c	  x4=0xf257c220
       26655000	      2664	80000228	00d25d33	srl	x26,x4,x13	  x4:0xf257c220 x13:0xfffffd49 x26=0x00792be1
       26665000	      2665	8000022c	40fb5c93	srai	x25,x22,0xf	 x22:0xfffffefe x25=0xffffffff
       26675000	      2666	80000230	fbedf8e3	bgeu	x27,x30,800001e0	 x27:0x00000006 x30:0x00000006
       26685000	      2667	00000000	00000013	addi	x0,x0,0	  x0:0x00000000
       26695000	      2668	800001dc	00000013	addi	x0,x0,0	  x0:0x00000000
       26705000	      2669	800001e0	011d2833	slt	x16,x26,x17	 x26:0x00792be1 x17:0x00000000 x16=0x00000000
       26715000	      2670	800001e4	4124d593	srai	x11,x9,0x12	  x9:0xfffffd48 x11=0xffffffff
       26725000	      2671	800001e8	ffcd8d93	addi	x27,x27,-4	 x27:0x00000006 x27=0x00000002
       26735000	      2672	800001ec	6f86fb93	andi	x23,x13,1784	 x13:0xfffffd49 x23=0x00000448
       26745000	      2673	800001f0	ff800793	addi	x15,x0,-8	  x0:0x00000000 x15=0xfffffff8
       26755000	      2674	800001f4	01f51533	sll	x10,x10,x31	 x10:0x00000004 x31:0x00000001 x10=0x00000008
       26765000	      2675	800001f8	ff200a13	addi	x20,x0,-14	  x0:0x00000000 x20=0xfffffff2
       26775000	      2676	800001fc	01af7533	and	x10,x30,x26	 x30:0x00000006 x26:0x00792be1 x10=0x00000000
       26785000	      2677	80000200	01de01b3	add	x3,x28,x29	 x28:0x80009fc4 x29:0x00000000  x3=0x80009fc4
       26795000	      2678	80000204	ff778793	addi	x15,x15,-9	 x15:0xfffffff8 x15=0xffffffef
       26805000	      2679	80000208	41fd5833	sra	x16,x26,x31	 x26:0x00792be1 x31:0x00000001 x16=0x003c95f0
       26815000	      2680	8000020c	402c5cb3	sra	x25,x24,x2	 x24:0x00000045  x2:0x00000002 x25=0x00000011
       26825000	      2681	80000210	417e84b3	sub	x9,x29,x23	 x29:0x00000000 x23:0x00000448  x9=0xfffffbb8
       26835000	      2682	80000214	01f486b3	add	x13,x9,x31	  x9:0xfffffbb8 x31:0x00000001 x13=0xfffffbb9
       26845000	      2683	80000218	ff47d2e3	bge	x15,x20,800001fc	 x15:0xffffffef x20:0xfffffff2
       26855000	      2684	8000021c	003e6233	or	x4,x28,x3	 x28:0x80009fc4  x3:0x80009fc4  x4=0x80009fc4
       26865000	      2685	80000220	baa38013	addi	x0,x7,-1110	  x7:0x80009f84
       26875000	      2686	80000224	7257c217	auipc	x4,0x7257c	  x4=0xf257c220
       26885000	      2687	80000228	00d25d33	srl	x26,x4,x13	  x4:0xf257c220 x13:0xfffffbb9 x26=0x00000079
       26895000	      2688	8000022c	40fb5c93	srai	x25,x22,0xf	 x22:0xfffffefe x25=0xffffffff
       26905000	      2689	80000230	fbedf8e3	bgeu	x27,x30,800001e0	 x27:0x00000002 x30:0x00000006
       26915000	      2690	80000234	c297ba93	sltiu	x21,x15,-983	 x15:0xffffffef x21=0x00000000
       26925000	      2691	80000238	86707e93	andi	x29,x0,-1945	  x0:0x00000000 x29=0x00000000
       26935000	      2692	8000023c	40e8d013	srai	x0,x17,0xe	 x17:0x00000000
       26945000	      2693	80000240	048f8463	beq	x31,x8,80000288	 x31:0x00000001  x8:0x00000000
       26955000	      2694	80000244	00616863	bltu	x2,x6,80000254	  x2:0x00000002  x6:0x00000001
       26965000	      2695	80000248	6fa04c37	lui	x24,0x6fa04	 x24=0x6fa04000
       26975000	      2696	8000024c	82ae1a17	auipc	x20,0x82ae1	 x20=0x02ae1248
       26985000	      2697	80000250	00f028b3	slt	x17,x0,x15	  x0:0x00000000 x15:0xffffffef x17=0x00000000
       26995000	      2698	80000254	0041ccb3	xor	x25,x3,x4	  x3:0x80009fc4  x4:0xf257c220 x25=0x72575de4
       27005000	      2699	80000258	00f00ab3	add	x21,x0,x15	  x0:0x00000000 x15:0xffffffef x21=0xffffffef
       27015000	      2700	8000025c	39cbd837	lui	x16,0x39cbd	 x16=0x39cbd000
       27025000	      2701	80000260	00000013	addi	x0,x0,0	  x0:0x00000000
       27035000	      2702	80000264	40b48c33	sub	x24,x9,x11	  x9:0xfffffbb8 x11:0xffffffff x24=0xfffffbb9
       27045000	      2703	80000268	03edc063	blt	x27,x30,80000288	 x27:0x00000002 x30:0x00000006
       27055000	      2704	00000000	00000013	addi	x0,x0,0	  x0:0x00000000
       27065000	      2705	80000284	00000013	addi	x0,x0,0	  x0:0x00000000
       27075000	      2706	80000288	16da8893	addi	x17,x21,365	 x21:0xffffffef x17=0x0000015c
       27085000	      2707	8000028c	9c53ea93	ori	x21,x7,-1595	  x7:0x80009f84 x21=0xffffffc5
       27095000	      2708	80000290	02229263	bne	x5,x2,800002b4	  x5:0x42ad5d54  x2:0x00000002
       27105000	      2709	00000000	00000013	addi	x0,x0,0	  x0:0x00000000
       27115000	      2710	800002b0	00000013	addi	x0,x0,0	  x0:0x00000000
       27125000	      2711	800002b4	40745993	srai	x19,x8,0x7	  x8:0x00000000 x19=0x00000000
       27135000	      2712	800002b8	c17e7713	andi	x14,x28,-1001	 x28:0x80009fc4 x14=0x80009c04
       27145000	      2713	800002bc	01bc6463	bltu	x24,x27,800002c4	 x24:0xfffffbb9 x27:0x00000002
       27155000	      2714	800002c0	07257e63	bgeu	x10,x18,8000033c	 x10:0x00000000 x18:0x00000001
       27165000	      2715	800002c4	06250663	beq	x10,x2,80000330	 x10:0x00000000  x2:0x00000002
       27175000	      2716	800002c8	01514633	xor	x12,x2,x21	  x2:0x00000002 x21:0xffffffc5 x12=0xffffffc7
       27185000	      2717	800002cc	193f0337	lui	x6,0x193f0	  x6=0x193f0000
       27195000	      2718	800002d0	01f94c63	blt	x18,x31,800002e8	 x18:0x00000001 x31:0x00000001
       27205000	      2719	800002d4	0232d663	bge	x5,x3,80000300	  x5:0x42ad5d54  x3:0x80009fc4
       27215000	      2720	00000000	00000013	addi	x0,x0,0	  x0:0x00000000
       27225000	      2721	800002fc	00000013	addi	x0,x0,0	  x0:0x00000000
       27235000	      2722	80000300	23b4ef93	ori	x31,x9,571	  x9:0xfffffbb8 x31=0xfffffbbb
       27245000	      2723	80000304	00952c33	slt	x24,x10,x9	 x10:0x00000000  x9:0xfffffbb8 x24=0x00000000
       27255000	      2724	80000308	41ae0633	sub	x12,x28,x26	 x28:0x80009fc4 x26:0x00000079 x12=0x80009f4b
       27265000	      2725	8000030c	004f2233	slt	x4,x30,x4	 x30:0x00000006  x4:0xf257c220  x4=0x00000000
       27275000	      2726	80000310	00000b97	auipc	x23,0x0	 x23=0x8000030c
       27285000	      2727	80000314	078b8b93	addi	x23,x23,120	 x23:0x8000030c x23=0x80000384
       27295000	      2728	80000318	ff7cae93	slti	x29,x25,-9	 x25:0x72575de4 x29=0x00000000
       27305000	      2729	8000031c	018b7cb3	and	x25,x22,x24	 x22:0xfffffefe x24:0x00000000 x25=0x00000000
       27315000	      2730	80000320	419650b3	sra	x1,x12,x25	 x12:0x80009f4b x25:0x00000000  x1=0x80009f4b
       27325000	      2731	80000324	374b8b93	addi	x23,x23,884	 x23:0x80000384 x23=0x800006f8
       27335000	      2732	80000328	00a8cdb3	xor	x27,x17,x10	 x17:0x0000015c x10:0x00000000 x27=0x0000015c
       27345000	      2733	8000032c	c8db84e7	jalr	x9,x23,-883	 x23:0x800006f8  x9=0x8000032c
       27355000	      2734	00000000	00000013	addi	x0,x0,0	  x0:0x00000000
       27365000	      2735	80000384	00000013	addi	x0,x0,0	  x0:0x00000000
       27375000	      2736	80000388	76d4a8b7	lui	x17,0x76d4a	 x17=0x76d4a000
       27385000	      2737	8000038c	4077da13	srai	x20,x15,0x7	 x15:0xffffffef x20=0xffffffff
       27395000	      2738	80000390	0105fdb3	and	x27,x11,x16	 x11:0xffffffff x16:0x39cbd000 x27=0x39cbd000
       27405000	      2739	80000394	000d1263	bne	x26,x0,80000398	 x26:0x00000079  x0:0x00000000
       27415000	      2740	00000000	00000013	addi	x0,x0,0	  x0:0x00000000
       27425000	      2741	80000394	00000013	addi	x0,x0,0	  x0:0x00000000
       27435000	      2742	80000398	fe838393	addi	x7,x7,-24	  x7:0x80009f84  x7=0x80009f6c
       27445000	      2743	8000039c	4f382313	slti	x6,x16,1267	 x16:0x39cbd000  x6=0x00000000
       27455000	      2744	800003a0	0093a223	sw	x9,4(x7)	  x7:0x80009f6c  x9:0x8000032c PA:0x80009f70
       27465000	      2745	800003a4	a5778d93	addi	x27,x15,-1449	 x15:0xffffffef x27=0xfffffa46
       27475000	      2746	800003a8	002e1a93	slli	x21,x28,0x2	 x28:0x80009fc4 x21=0x00027f10
       27485000	      2747	800003ac	0167aa33	slt	x20,x15,x22	 x15:0xffffffef x22:0xfffffefe x20=0x00000000
       27495000	      2748	800003b0	0033d513	srli	x10,x7,0x3	  x7:0x80009f6c x10=0x100013ed
       27505000	      2749	800003b4	01bec0b3	xor	x1,x29,x27	 x29:0x00000000 x27:0xfffffa46  x1=0xfffffa46
       27515000	      2750	800003b8	01c8c2b3	xor	x5,x17,x28	 x17:0x76d4a000 x28:0x80009fc4  x5=0xf6d43fc4
       27525000	      2751	800003bc	0122a733	slt	x14,x5,x18	  x5:0xf6d43fc4 x18:0x00000001 x14=0x00000001
       27535000	      2752	800003c0	c4243313	sltiu	x6,x8,-958	  x8:0x00000000  x6=0x00000001
       27545000	      2753	800003c4	cb192b17	auipc	x22,0xcb192	 x22=0x4b1923c0
       27555000	      2754	800003c8	0fb88193	addi	x3,x17,251	 x17:0x76d4a000  x3=0x76d4a0fb
       27565000	      2755	800003cc	0101d193	srli	x3,x3,0x10	  x3:0x76d4a0fb  x3=0x000076d4
       27575000	      2756	800003d0	00766663	bltu	x12,x7,800003dc	 x12:0x80009f4b  x7:0x80009f6c
       27585000	      2757	00000000	00000013	addi	x0,x0,0	  x0:0x00000000
       27595000	      2758	800003d8	00000013	addi	x0,x0,0	  x0:0x00000000
       27605000	      2759	800003dc	993e1737	lui	x14,0x993e1	 x14=0x993e1000
       27615000	      2760	800003e0	9f89f517	auipc	x10,0x9f89f	 x10=0x1f89f3dc
       27625000	      2761	800003e4	0043a483	lw	x9,4(x7)	  x7:0x80009f6c  x9=0x8000032c PA:0x80009f70
       27635000	      2762	800003e8	01911f13	slli	x30,x2,0x19	  x2:0x00000002 x30=0x04000000
       27645000	      2763	800003ec	01838393	addi	x7,x7,24	  x7:0x80009f6c  x7=0x80009f84
       27655000	      2764	800003f0	00b3d9b3	srl	x19,x7,x11	  x7:0x80009f84 x11:0xffffffff x19=0x00000001
       27665000	      2765	800003f4	00a77c33	and	x24,x14,x10	 x14:0x993e1000 x10:0x1f89f3dc x24=0x19081000
       27675000	      2766	800003f8	00945f13	srli	x30,x8,0x9	  x8:0x00000000 x30=0x00000000
       27685000	      2767	800003fc	00148c13	addi	x24,x9,1	  x9:0x8000032c x24=0x8000032d
       27695000	      2768	80000400	000c0c67	jalr	x24,x24,0	 x24:0x8000032d x24=0x80000400
       27705000	      2769	00000000	00000013	addi	x0,x0,0	  x0:0x00000000
       27715000	      2770	8000032c	00000013	addi	x0,x0,0	  x0:0x00000000
       27725000	      2771	80000330	018262b3	or	x5,x4,x24	  x4:0x00000000 x24:0x80000400  x5=0x80000400
       27735000	      2772	80000334	03f9e863	bltu	x19,x31,80000364	 x19:0x00000001 x31:0xfffffbbb
       27745000	      2773	00000000	00000013	addi	x0,x0,0	  x0:0x00000000
       27755000	      2774	80000360	00000013	addi	x0,x0,0	  x0:0x00000000
       27765000	      2775	80000364	400b00b3	sub	x1,x22,x0	 x22:0x4b1923c0  x0:0x00000000  x1=0x4b1923c0
       27775000	      2776	80000368	00e83ab3	sltu	x21,x16,x14	 x16:0x39cbd000 x14:0x993e1000 x21=0x00000001
       27785000	      2777	8000036c	40050433	sub	x8,x10,x0	 x10:0x1f89f3dc  x0:0x00000000  x8=0x1f89f3dc
       27795000	      2778	80000370	04120493	addi	x9,x4,65	  x4:0x00000000  x9=0x00000041
       27805000	      2779	80000374	00000117	auipc	x2,0x0	  x2=0x80000370
       27815000	      2780	80000378	00c10113	addi	x2,x2,12	  x2:0x80000370  x2=0x8000037c
       27825000	      2781	8000037c	00010067	jalr	x0,x2,0	  x2:0x8000037c
       27835000	      2782	00000000	00000013	addi	x0,x0,0	  x0:0x00000000
       27845000	      2783	8000037c	00000013	addi	x0,x0,0	  x0:0x00000000
       27855000	      2784	80000380	00100193	addi	x3,x0,1	  x0:0x00000000  x3=0x00000001
       27865000	      2785	80000384	00000073	ecall	
       27875000	      2786	80000388	76d4a8b7	lui	x17,0x76d4a	 x17=0x76d4a000
